<?xml version="1.0" encoding="UTF-8"?>
<testsuite xmlns:xsi="http://www.w3.org/2001/XMLSchema-instance" xsi:noNamespaceSchemaLocation="https://maven.apache.org/surefire/maven-surefire-plugin/xsd/surefire-test-report.xsd" name="org.apache.hadoop.ozone.client.rpc.Test2WayCommitInRatis" time="36.019" tests="1" errors="1" skipped="0" failures="0">
  <properties>
    <property name="awt.toolkit" value="sun.awt.X11.XToolkit"/>
    <property name="file.encoding.pkg" value="sun.io"/>
    <property name="java.specification.version" value="1.8"/>
    <property name="sun.cpu.isalist" value=""/>
    <property name="sun.jnu.encoding" value="UTF-8"/>
    <property name="java.class.path" value="/workdir/hadoop-ozone/integration-test/target/test-classes:/workdir/hadoop-ozone/integration-test/target/classes:/home/user/.m2/repository/org/apache/hadoop/hadoop-ozone-common/0.5.0-SNAPSHOT/hadoop-ozone-common-0.5.0-SNAPSHOT.jar:/home/user/.m2/repository/org/apache/commons/commons-compress/1.4.1/commons-compress-1.4.1.jar:/home/user/.m2/repository/org/tukaani/xz/1.0/xz-1.0.jar:/home/user/.m2/repository/org/apache/hadoop/hadoop-common/3.2.0/hadoop-common-3.2.0.jar:/home/user/.m2/repository/org/apache/hadoop/hadoop-hdfs/3.2.0/hadoop-hdfs-3.2.0.jar:/home/user/.m2/repository/org/apache/hadoop/hadoop-hdfs-client/3.2.0/hadoop-hdfs-client-3.2.0.jar:/home/user/.m2/repository/com/fasterxml/jackson/core/jackson-annotations/2.9.9/jackson-annotations-2.9.9.jar:/home/user/.m2/repository/org/apache/hadoop/hadoop-hdds-common/0.5.0-SNAPSHOT/hadoop-hdds-common-0.5.0-SNAPSHOT.jar:/home/user/.m2/repository/javax/annotation/javax.annotation-api/1.2/javax.annotation-api-1.2.jar:/home/user/.m2/repository/org/apache/ratis/ratis-server/0.4.0/ratis-server-0.4.0.jar:/home/user/.m2/repository/org/apache/ratis/ratis-thirdparty-misc/0.2.0/ratis-thirdparty-misc-0.2.0.jar:/home/user/.m2/repository/org/apache/ratis/ratis-proto/0.4.0/ratis-proto-0.4.0.jar:/home/user/.m2/repository/org/apache/ratis/ratis-common/0.4.0/ratis-common-0.4.0.jar:/home/user/.m2/repository/org/apache/ratis/ratis-client/0.4.0/ratis-client-0.4.0.jar:/home/user/.m2/repository/org/apache/ratis/ratis-metrics/0.4.0/ratis-metrics-0.4.0.jar:/home/user/.m2/repository/com/github/joshelser/dropwizard-metrics-hadoop-metrics2-reporter/0.1.2/dropwizard-metrics-hadoop-metrics2-reporter-0.1.2.jar:/home/user/.m2/repository/io/dropwizard/metrics/metrics-jvm/3.2.5/metrics-jvm-3.2.5.jar:/home/user/.m2/repository/io/dropwizard/metrics/metrics-ganglia/3.2.5/metrics-ganglia-3.2.5.jar:/home/user/.m2/repository/info/ganglia/gmetric4j/gmetric4j/1.0.7/gmetric4j-1.0.7.jar:/home/user/.m2/repository/org/apache/ratis/ratis-netty/0.4.0/ratis-netty-0.4.0.jar:/home/user/.m2/repository/org/apache/ratis/ratis-grpc/0.4.0/ratis-grpc-0.4.0.jar:/home/user/.m2/repository/org/rocksdb/rocksdbjni/6.0.1/rocksdbjni-6.0.1.jar:/home/user/.m2/repository/org/apache/logging/log4j/log4j-api/2.11.0/log4j-api-2.11.0.jar:/home/user/.m2/repository/org/apache/logging/log4j/log4j-core/2.11.0/log4j-core-2.11.0.jar:/home/user/.m2/repository/com/lmax/disruptor/3.4.2/disruptor-3.4.2.jar:/home/user/.m2/repository/org/apache/commons/commons-pool2/2.6.0/commons-pool2-2.6.0.jar:/home/user/.m2/repository/org/bouncycastle/bcpkix-jdk15on/1.60/bcpkix-jdk15on-1.60.jar:/home/user/.m2/repository/commons-validator/commons-validator/1.6/commons-validator-1.6.jar:/home/user/.m2/repository/commons-digester/commons-digester/1.8.1/commons-digester-1.8.1.jar:/home/user/.m2/repository/io/jaegertracing/jaeger-client/0.34.0/jaeger-client-0.34.0.jar:/home/user/.m2/repository/io/jaegertracing/jaeger-thrift/0.34.0/jaeger-thrift-0.34.0.jar:/home/user/.m2/repository/org/apache/thrift/libthrift/0.12.0/libthrift-0.12.0.jar:/home/user/.m2/repository/com/squareup/okhttp3/okhttp/3.9.0/okhttp-3.9.0.jar:/home/user/.m2/repository/com/squareup/okio/okio/1.13.0/okio-1.13.0.jar:/home/user/.m2/repository/io/jaegertracing/jaeger-core/0.34.0/jaeger-core-0.34.0.jar:/home/user/.m2/repository/io/jaegertracing/jaeger-tracerresolver/0.34.0/jaeger-tracerresolver-0.34.0.jar:/home/user/.m2/repository/io/opentracing/contrib/opentracing-tracerresolver/0.1.5/opentracing-tracerresolver-0.1.5.jar:/home/user/.m2/repository/io/opentracing/opentracing-util/0.31.0/opentracing-util-0.31.0.jar:/home/user/.m2/repository/io/opentracing/opentracing-api/0.31.0/opentracing-api-0.31.0.jar:/home/user/.m2/repository/io/opentracing/opentracing-noop/0.31.0/opentracing-noop-0.31.0.jar:/home/user/.m2/repository/org/apache/hadoop/hadoop-hdds-server-framework/0.5.0-SNAPSHOT/hadoop-hdds-server-framework-0.5.0-SNAPSHOT.jar:/home/user/.m2/repository/org/apache/hadoop/hadoop-hdds-container-service/0.5.0-SNAPSHOT/hadoop-hdds-container-service-0.5.0-SNAPSHOT.jar:/home/user/.m2/repository/org/apache/hadoop/hadoop-hdds-client/0.5.0-SNAPSHOT/hadoop-hdds-client-0.5.0-SNAPSHOT.jar:/home/user/.m2/repository/org/apache/hadoop/hadoop-hdds-tools/0.5.0-SNAPSHOT/hadoop-hdds-tools-0.5.0-SNAPSHOT.jar:/home/user/.m2/repository/org/apache/hadoop/hadoop-hdds-server-scm/0.5.0-SNAPSHOT/hadoop-hdds-server-scm-0.5.0-SNAPSHOT.jar:/home/user/.m2/repository/org/apache/hadoop/hadoop-hdds-docs/0.5.0-SNAPSHOT/hadoop-hdds-docs-0.5.0-SNAPSHOT.jar:/home/user/.m2/repository/io/dropwizard/metrics/metrics-core/3.2.4/metrics-core-3.2.4.jar:/home/user/.m2/repository/org/hamcrest/hamcrest-all/1.3/hamcrest-all-1.3.jar:/home/user/.m2/repository/org/bouncycastle/bcprov-jdk15on/1.60/bcprov-jdk15on-1.60.jar:/home/user/.m2/repository/info/picocli/picocli/3.9.6/picocli-3.9.6.jar:/home/user/.m2/repository/com/google/protobuf/protobuf-java/2.5.0/protobuf-java-2.5.0.jar:/home/user/.m2/repository/com/google/guava/guava/11.0.2/guava-11.0.2.jar:/home/user/.m2/repository/org/apache/hadoop/hadoop-ozone-ozone-manager/0.5.0-SNAPSHOT/hadoop-ozone-ozone-manager-0.5.0-SNAPSHOT.jar:/home/user/.m2/repository/org/apache/hadoop/hadoop-minikdc/3.2.0/hadoop-minikdc-3.2.0.jar:/home/user/.m2/repository/commons-io/commons-io/2.5/commons-io-2.5.jar:/home/user/.m2/repository/org/apache/kerby/kerb-simplekdc/1.0.1/kerb-simplekdc-1.0.1.jar:/home/user/.m2/repository/org/apache/kerby/kerb-client/1.0.1/kerb-client-1.0.1.jar:/home/user/.m2/repository/org/apache/kerby/kerby-config/1.0.1/kerby-config-1.0.1.jar:/home/user/.m2/repository/org/apache/kerby/kerb-core/1.0.1/kerb-core-1.0.1.jar:/home/user/.m2/repository/org/apache/kerby/kerby-pkix/1.0.1/kerby-pkix-1.0.1.jar:/home/user/.m2/repository/org/apache/kerby/kerby-asn1/1.0.1/kerby-asn1-1.0.1.jar:/home/user/.m2/repository/org/apache/kerby/kerby-util/1.0.1/kerby-util-1.0.1.jar:/home/user/.m2/repository/org/apache/kerby/kerb-common/1.0.1/kerb-common-1.0.1.jar:/home/user/.m2/repository/org/apache/kerby/kerb-crypto/1.0.1/kerb-crypto-1.0.1.jar:/home/user/.m2/repository/org/apache/kerby/kerb-util/1.0.1/kerb-util-1.0.1.jar:/home/user/.m2/repository/org/apache/kerby/token-provider/1.0.1/token-provider-1.0.1.jar:/home/user/.m2/repository/org/apache/kerby/kerb-admin/1.0.1/kerb-admin-1.0.1.jar:/home/user/.m2/repository/org/apache/kerby/kerb-server/1.0.1/kerb-server-1.0.1.jar:/home/user/.m2/repository/org/apache/kerby/kerb-identity/1.0.1/kerb-identity-1.0.1.jar:/home/user/.m2/repository/org/apache/kerby/kerby-xdr/1.0.1/kerby-xdr-1.0.1.jar:/home/user/.m2/repository/org/slf4j/slf4j-log4j12/1.7.25/slf4j-log4j12-1.7.25.jar:/home/user/.m2/repository/org/apache/hadoop/hadoop-ozone-s3gateway/0.5.0-SNAPSHOT/hadoop-ozone-s3gateway-0.5.0-SNAPSHOT.jar:/home/user/.m2/repository/org/jboss/weld/servlet/weld-servlet/2.4.7.Final/weld-servlet-2.4.7.Final.jar:/home/user/.m2/repository/org/glassfish/jersey/containers/jersey-container-servlet-core/2.27/jersey-container-servlet-core-2.27.jar:/home/user/.m2/repository/org/glassfish/hk2/external/javax.inject/2.5.0-b42/javax.inject-2.5.0-b42.jar:/home/user/.m2/repository/org/glassfish/jersey/core/jersey-common/2.27/jersey-common-2.27.jar:/home/user/.m2/repository/org/glassfish/hk2/osgi-resource-locator/1.0.1/osgi-resource-locator-1.0.1.jar:/home/user/.m2/repository/javax/ws/rs/javax.ws.rs-api/2.1/javax.ws.rs-api-2.1.jar:/home/user/.m2/repository/org/glassfish/jersey/ext/cdi/jersey-cdi1x/2.27/jersey-cdi1x-2.27.jar:/home/user/.m2/repository/org/glassfish/jersey/inject/jersey-hk2/2.27/jersey-hk2-2.27.jar:/home/user/.m2/repository/org/glassfish/hk2/hk2-locator/2.5.0-b42/hk2-locator-2.5.0-b42.jar:/home/user/.m2/repository/org/javassist/javassist/3.22.0-CR2/javassist-3.22.0-CR2.jar:/home/user/.m2/repository/org/glassfish/hk2/hk2-api/2.5.0/hk2-api-2.5.0.jar:/home/user/.m2/repository/org/glassfish/hk2/external/jakarta.inject/2.5.0/jakarta.inject-2.5.0.jar:/home/user/.m2/repository/org/glassfish/hk2/hk2-utils/2.5.0/hk2-utils-2.5.0.jar:/home/user/.m2/repository/jakarta/annotation/jakarta.annotation-api/1.3.4/jakarta.annotation-api-1.3.4.jar:/home/user/.m2/repository/org/glassfish/hk2/external/aopalliance-repackaged/2.5.0/aopalliance-repackaged-2.5.0.jar:/home/user/.m2/repository/com/fasterxml/jackson/dataformat/jackson-dataformat-xml/2.9.0/jackson-dataformat-xml-2.9.0.jar:/home/user/.m2/repository/com/fasterxml/jackson/core/jackson-core/2.9.9/jackson-core-2.9.9.jar:/home/user/.m2/repository/com/fasterxml/jackson/module/jackson-module-jaxb-annotations/2.9.9/jackson-module-jaxb-annotations-2.9.9.jar:/home/user/.m2/repository/javax/enterprise/cdi-api/1.2/cdi-api-1.2.jar:/home/user/.m2/repository/javax/el/javax.el-api/3.0.0/javax.el-api-3.0.0.jar:/home/user/.m2/repository/javax/interceptor/javax.interceptor-api/1.2/javax.interceptor-api-1.2.jar:/home/user/.m2/repository/javax/inject/javax.inject/1/javax.inject-1.jar:/home/user/.m2/repository/com/sun/xml/bind/jaxb-impl/2.3.0.1/jaxb-impl-2.3.0.1.jar:/home/user/.m2/repository/com/sun/xml/bind/jaxb-core/2.3.0.1/jaxb-core-2.3.0.1.jar:/home/user/.m2/repository/javax/xml/bind/jaxb-api/2.3.0/jaxb-api-2.3.0.jar:/home/user/.m2/repository/javax/activation/activation/1.1.1/activation-1.1.1.jar:/home/user/.m2/repository/org/apache/hadoop/hadoop-ozone-csi/0.5.0-SNAPSHOT/hadoop-ozone-csi-0.5.0-SNAPSHOT.jar:/home/user/.m2/repository/com/google/protobuf/protobuf-java-util/3.5.1/protobuf-java-util-3.5.1.jar:/home/user/.m2/repository/org/apache/hadoop/hadoop-hdds-config/0.5.0-SNAPSHOT/hadoop-hdds-config-0.5.0-SNAPSHOT.jar:/home/user/.m2/repository/io/grpc/grpc-netty/1.17.1/grpc-netty-1.17.1.jar:/home/user/.m2/repository/io/grpc/grpc-core/1.17.1/grpc-core-1.17.1.jar:/home/user/.m2/repository/io/grpc/grpc-context/1.17.1/grpc-context-1.17.1.jar:/home/user/.m2/repository/com/google/errorprone/error_prone_annotations/2.2.0/error_prone_annotations-2.2.0.jar:/home/user/.m2/repository/org/codehaus/mojo/animal-sniffer-annotations/1.17/animal-sniffer-annotations-1.17.jar:/home/user/.m2/repository/io/opencensus/opencensus-api/0.17.0/opencensus-api-0.17.0.jar:/home/user/.m2/repository/io/opencensus/opencensus-contrib-grpc-metrics/0.17.0/opencensus-contrib-grpc-metrics-0.17.0.jar:/home/user/.m2/repository/io/netty/netty-codec-http2/4.1.30.Final/netty-codec-http2-4.1.30.Final.jar:/home/user/.m2/repository/io/netty/netty-codec-http/4.1.30.Final/netty-codec-http-4.1.30.Final.jar:/home/user/.m2/repository/io/netty/netty-codec/4.1.30.Final/netty-codec-4.1.30.Final.jar:/home/user/.m2/repository/io/netty/netty-handler/4.1.30.Final/netty-handler-4.1.30.Final.jar:/home/user/.m2/repository/io/netty/netty-handler-proxy/4.1.30.Final/netty-handler-proxy-4.1.30.Final.jar:/home/user/.m2/repository/io/netty/netty-codec-socks/4.1.30.Final/netty-codec-socks-4.1.30.Final.jar:/home/user/.m2/repository/io/netty/netty-transport-native-epoll/4.1.30.Final/netty-transport-native-epoll-4.1.30.Final.jar:/home/user/.m2/repository/io/netty/netty-common/4.1.30.Final/netty-common-4.1.30.Final.jar:/home/user/.m2/repository/io/netty/netty-buffer/4.1.30.Final/netty-buffer-4.1.30.Final.jar:/home/user/.m2/repository/io/netty/netty-transport/4.1.30.Final/netty-transport-4.1.30.Final.jar:/home/user/.m2/repository/io/netty/netty-resolver/4.1.30.Final/netty-resolver-4.1.30.Final.jar:/home/user/.m2/repository/io/netty/netty-transport-native-unix-common/4.1.30.Final/netty-transport-native-unix-common-4.1.30.Final.jar:/home/user/.m2/repository/io/grpc/grpc-protobuf/1.17.1/grpc-protobuf-1.17.1.jar:/home/user/.m2/repository/com/google/api/grpc/proto-google-common-protos/1.0.0/proto-google-common-protos-1.0.0.jar:/home/user/.m2/repository/io/grpc/grpc-protobuf-lite/1.17.1/grpc-protobuf-lite-1.17.1.jar:/home/user/.m2/repository/io/grpc/grpc-stub/1.17.1/grpc-stub-1.17.1.jar:/home/user/.m2/repository/org/apache/hadoop/hadoop-ozone-recon/0.5.0-SNAPSHOT/hadoop-ozone-recon-0.5.0-SNAPSHOT.jar:/home/user/.m2/repository/org/apache/hadoop/hadoop-ozone-reconcodegen/0.5.0-SNAPSHOT/hadoop-ozone-reconcodegen-0.5.0-SNAPSHOT.jar:/home/user/.m2/repository/com/google/inject/extensions/guice-multibindings/4.0/guice-multibindings-4.0.jar:/home/user/.m2/repository/com/google/inject/guice/4.0/guice-4.0.jar:/home/user/.m2/repository/aopalliance/aopalliance/1.0/aopalliance-1.0.jar:/home/user/.m2/repository/com/google/inject/extensions/guice-servlet/4.0/guice-servlet-4.0.jar:/home/user/.m2/repository/org/glassfish/jersey/containers/jersey-container-servlet/2.27/jersey-container-servlet-2.27.jar:/home/user/.m2/repository/org/glassfish/hk2/guice-bridge/2.5.0/guice-bridge-2.5.0.jar:/home/user/.m2/repository/org/glassfish/jersey/core/jersey-server/2.27/jersey-server-2.27.jar:/home/user/.m2/repository/org/glassfish/jersey/core/jersey-client/2.27/jersey-client-2.27.jar:/home/user/.m2/repository/org/glassfish/jersey/media/jersey-media-jaxb/2.27/jersey-media-jaxb-2.27.jar:/home/user/.m2/repository/javax/validation/validation-api/1.1.0.Final/validation-api-1.1.0.Final.jar:/home/user/.m2/repository/org/glassfish/jersey/media/jersey-media-json-jackson/2.27/jersey-media-json-jackson-2.27.jar:/home/user/.m2/repository/org/glassfish/jersey/ext/jersey-entity-filtering/2.27/jersey-entity-filtering-2.27.jar:/home/user/.m2/repository/com/google/inject/extensions/guice-assistedinject/4.0/guice-assistedinject-4.0.jar:/home/user/.m2/repository/org/jooq/jooq/3.11.10/jooq-3.11.10.jar:/home/user/.m2/repository/org/jooq/jooq-meta/3.11.10/jooq-meta-3.11.10.jar:/home/user/.m2/repository/org/jooq/jooq-codegen/3.11.10/jooq-codegen-3.11.10.jar:/home/user/.m2/repository/com/jolbox/bonecp/0.8.0.RELEASE/bonecp-0.8.0.RELEASE.jar:/home/user/.m2/repository/org/xerial/sqlite-jdbc/3.25.2/sqlite-jdbc-3.25.2.jar:/home/user/.m2/repository/org/springframework/spring-jdbc/5.1.3.RELEASE/spring-jdbc-5.1.3.RELEASE.jar:/home/user/.m2/repository/org/springframework/spring-beans/5.1.3.RELEASE/spring-beans-5.1.3.RELEASE.jar:/home/user/.m2/repository/org/springframework/spring-core/5.1.3.RELEASE/spring-core-5.1.3.RELEASE.jar:/home/user/.m2/repository/org/springframework/spring-jcl/5.1.3.RELEASE/spring-jcl-5.1.3.RELEASE.jar:/home/user/.m2/repository/org/springframework/spring-tx/5.1.3.RELEASE/spring-tx-5.1.3.RELEASE.jar:/home/user/.m2/repository/org/apache/hadoop/hadoop-ozone-client/0.5.0-SNAPSHOT/hadoop-ozone-client-0.5.0-SNAPSHOT.jar:/home/user/.m2/repository/commons-lang/commons-lang/2.6/commons-lang-2.6.jar:/home/user/.m2/repository/org/apache/hadoop/hadoop-ozone-ozone-manager/0.5.0-SNAPSHOT/hadoop-ozone-ozone-manager-0.5.0-SNAPSHOT-tests.jar:/home/user/.m2/repository/junit/junit/4.11/junit-4.11.jar:/home/user/.m2/repository/org/hamcrest/hamcrest-core/1.3/hamcrest-core-1.3.jar:/home/user/.m2/repository/org/openjdk/jmh/jmh-core/1.19/jmh-core-1.19.jar:/home/user/.m2/repository/net/sf/jopt-simple/jopt-simple/4.6/jopt-simple-4.6.jar:/home/user/.m2/repository/org/apache/commons/commons-math3/3.1.1/commons-math3-3.1.1.jar:/home/user/.m2/repository/org/openjdk/jmh/jmh-generator-annprocess/1.19/jmh-generator-annprocess-1.19.jar:/home/user/.m2/repository/org/mockito/mockito-all/1.8.5/mockito-all-1.8.5.jar:/home/user/.m2/repository/org/apache/hadoop/hadoop-kms/3.2.0/hadoop-kms-3.2.0.jar:/home/user/.m2/repository/org/apache/hadoop/hadoop-auth/3.2.0/hadoop-auth-3.2.0.jar:/home/user/.m2/repository/com/nimbusds/nimbus-jose-jwt/4.41.1/nimbus-jose-jwt-4.41.1.jar:/home/user/.m2/repository/com/github/stephenc/jcip/jcip-annotations/1.0-1/jcip-annotations-1.0-1.jar:/home/user/.m2/repository/net/minidev/json-smart/2.3/json-smart-2.3.jar:/home/user/.m2/repository/net/minidev/accessors-smart/1.2/accessors-smart-1.2.jar:/home/user/.m2/repository/org/ow2/asm/asm/5.0.4/asm-5.0.4.jar:/home/user/.m2/repository/org/apache/curator/curator-framework/2.12.0/curator-framework-2.12.0.jar:/home/user/.m2/repository/com/sun/jersey/jersey-core/1.19/jersey-core-1.19.jar:/home/user/.m2/repository/javax/ws/rs/jsr311-api/1.1.1/jsr311-api-1.1.1.jar:/home/user/.m2/repository/com/sun/jersey/jersey-server/1.19/jersey-server-1.19.jar:/home/user/.m2/repository/javax/servlet/javax.servlet-api/3.1.0/javax.servlet-api-3.1.0.jar:/home/user/.m2/repository/org/eclipse/jetty/jetty-server/9.3.25.v20180904/jetty-server-9.3.25.v20180904.jar:/home/user/.m2/repository/org/eclipse/jetty/jetty-http/9.3.25.v20180904/jetty-http-9.3.25.v20180904.jar:/home/user/.m2/repository/org/eclipse/jetty/jetty-io/9.3.25.v20180904/jetty-io-9.3.25.v20180904.jar:/home/user/.m2/repository/org/eclipse/jetty/jetty-webapp/9.3.25.v20180904/jetty-webapp-9.3.25.v20180904.jar:/home/user/.m2/repository/org/eclipse/jetty/jetty-xml/9.3.25.v20180904/jetty-xml-9.3.25.v20180904.jar:/home/user/.m2/repository/log4j/log4j/1.2.17/log4j-1.2.17.jar:/home/user/.m2/repository/org/slf4j/slf4j-api/1.7.25/slf4j-api-1.7.25.jar:/home/user/.m2/repository/org/slf4j/jul-to-slf4j/1.7.25/jul-to-slf4j-1.7.25.jar:/home/user/.m2/repository/org/eclipse/jetty/jetty-util/9.3.25.v20180904/jetty-util-9.3.25.v20180904.jar:/home/user/.m2/repository/com/fasterxml/jackson/core/jackson-databind/2.9.9/jackson-databind-2.9.9.jar:/home/user/.m2/repository/org/apache/hadoop/hadoop-kms/3.2.0/hadoop-kms-3.2.0-tests.jar:/home/user/.m2/repository/org/apache/hadoop/hadoop-hdds-server-scm/0.5.0-SNAPSHOT/hadoop-hdds-server-scm-0.5.0-SNAPSHOT-tests.jar:/home/user/.m2/repository/org/apache/hadoop/hadoop-hdds-container-service/0.5.0-SNAPSHOT/hadoop-hdds-container-service-0.5.0-SNAPSHOT-tests.jar:/home/user/.m2/repository/org/yaml/snakeyaml/1.16/snakeyaml-1.16.jar:/home/user/.m2/repository/org/apache/hadoop/hadoop-common/3.2.0/hadoop-common-3.2.0-tests.jar:/home/user/.m2/repository/org/apache/hadoop/hadoop-annotations/3.2.0/hadoop-annotations-3.2.0.jar:/usr/lib/jvm/java-1.8-openjdk/jre/../lib/tools.jar:/home/user/.m2/repository/commons-cli/commons-cli/1.2/commons-cli-1.2.jar:/home/user/.m2/repository/org/apache/httpcomponents/httpclient/4.5.2/httpclient-4.5.2.jar:/home/user/.m2/repository/org/apache/httpcomponents/httpcore/4.4.4/httpcore-4.4.4.jar:/home/user/.m2/repository/commons-codec/commons-codec/1.11/commons-codec-1.11.jar:/home/user/.m2/repository/commons-net/commons-net/3.6/commons-net-3.6.jar:/home/user/.m2/repository/commons-collections/commons-collections/3.2.2/commons-collections-3.2.2.jar:/home/user/.m2/repository/org/eclipse/jetty/jetty-servlet/9.3.25.v20180904/jetty-servlet-9.3.25.v20180904.jar:/home/user/.m2/repository/org/eclipse/jetty/jetty-security/9.3.25.v20180904/jetty-security-9.3.25.v20180904.jar:/home/user/.m2/repository/javax/servlet/jsp/jsp-api/2.1/jsp-api-2.1.jar:/home/user/.m2/repository/com/sun/jersey/jersey-servlet/1.19/jersey-servlet-1.19.jar:/home/user/.m2/repository/com/sun/jersey/jersey-json/1.19/jersey-json-1.19.jar:/home/user/.m2/repository/org/codehaus/jettison/jettison/1.1/jettison-1.1.jar:/home/user/.m2/repository/org/codehaus/jackson/jackson-core-asl/1.9.13/jackson-core-asl-1.9.13.jar:/home/user/.m2/repository/org/codehaus/jackson/jackson-mapper-asl/1.9.13/jackson-mapper-asl-1.9.13.jar:/home/user/.m2/repository/org/codehaus/jackson/jackson-jaxrs/1.9.13/jackson-jaxrs-1.9.13.jar:/home/user/.m2/repository/org/codehaus/jackson/jackson-xc/1.9.13/jackson-xc-1.9.13.jar:/home/user/.m2/repository/commons-logging/commons-logging/1.1.3/commons-logging-1.1.3.jar:/home/user/.m2/repository/commons-beanutils/commons-beanutils/1.9.4/commons-beanutils-1.9.4.jar:/home/user/.m2/repository/org/apache/commons/commons-configuration2/2.1.1/commons-configuration2-2.1.1.jar:/home/user/.m2/repository/org/apache/commons/commons-lang3/3.7/commons-lang3-3.7.jar:/home/user/.m2/repository/org/apache/commons/commons-text/1.4/commons-text-1.4.jar:/home/user/.m2/repository/org/apache/avro/avro/1.7.7/avro-1.7.7.jar:/home/user/.m2/repository/com/thoughtworks/paranamer/paranamer/2.3/paranamer-2.3.jar:/home/user/.m2/repository/org/xerial/snappy/snappy-java/1.0.5/snappy-java-1.0.5.jar:/home/user/.m2/repository/com/google/re2j/re2j/1.1/re2j-1.1.jar:/home/user/.m2/repository/com/google/code/gson/gson/2.2.4/gson-2.2.4.jar:/home/user/.m2/repository/com/jcraft/jsch/0.1.54/jsch-0.1.54.jar:/home/user/.m2/repository/org/apache/curator/curator-client/2.12.0/curator-client-2.12.0.jar:/home/user/.m2/repository/org/apache/curator/curator-recipes/2.12.0/curator-recipes-2.12.0.jar:/home/user/.m2/repository/com/google/code/findbugs/jsr305/3.0.0/jsr305-3.0.0.jar:/home/user/.m2/repository/org/apache/htrace/htrace-core4/4.1.0-incubating/htrace-core4-4.1.0-incubating.jar:/home/user/.m2/repository/org/apache/zookeeper/zookeeper/3.4.13/zookeeper-3.4.13.jar:/home/user/.m2/repository/jline/jline/0.9.94/jline-0.9.94.jar:/home/user/.m2/repository/org/apache/yetus/audience-annotations/0.5.0/audience-annotations-0.5.0.jar:/home/user/.m2/repository/org/codehaus/woodstox/stax2-api/3.1.4/stax2-api-3.1.4.jar:/home/user/.m2/repository/com/fasterxml/woodstox/woodstox-core/5.0.3/woodstox-core-5.0.3.jar:/home/user/.m2/repository/dnsjava/dnsjava/2.1.7/dnsjava-2.1.7.jar:/home/user/.m2/repository/org/apache/hadoop/hadoop-hdfs/3.2.0/hadoop-hdfs-3.2.0-tests.jar:/home/user/.m2/repository/org/eclipse/jetty/jetty-util-ajax/9.3.25.v20180904/jetty-util-ajax-9.3.25.v20180904.jar:/home/user/.m2/repository/commons-daemon/commons-daemon/1.0.13/commons-daemon-1.0.13.jar:/home/user/.m2/repository/io/netty/netty/3.10.5.Final/netty-3.10.5.Final.jar:/home/user/.m2/repository/io/netty/netty-all/4.0.52.Final/netty-all-4.0.52.Final.jar:/home/user/.m2/repository/org/fusesource/leveldbjni/leveldbjni-all/1.8/leveldbjni-all-1.8.jar:"/>
    <property name="java.vm.vendor" value="IcedTea"/>
    <property name="sun.arch.data.model" value="64"/>
    <property name="test.build.dir" value="/workdir/hadoop-ozone/integration-test/target/test-dir"/>
    <property name="test.cache.data" value=""/>
    <property name="java.vendor.url" value="https://icedtea.classpath.org"/>
    <property name="user.timezone" value=""/>
    <property name="java.vm.specification.version" value="1.8"/>
    <property name="os.name" value="Linux"/>
    <property name="test.build.data" value="/workdir/hadoop-ozone/integration-test/target/test-dir"/>
    <property name="user.country" value="US"/>
    <property name="sun.java.launcher" value="SUN_STANDARD"/>
    <property name="sun.boot.library.path" value="/usr/lib/jvm/java-1.8-openjdk/jre/lib/amd64"/>
    <property name="sun.java.command" value="/workdir/hadoop-ozone/integration-test/target/surefire/surefirebooter1639195014493961682.jar /workdir/hadoop-ozone/integration-test/target/surefire 2019-09-25T03-16-05_214-jvmRun1 surefire7604231122643536111tmp surefire_623574444884678601423tmp"/>
    <property name="test" value="!TestMiniChaosOzoneCluster"/>
    <property name="surefire.test.class.path" value="/workdir/hadoop-ozone/integration-test/target/test-classes:/workdir/hadoop-ozone/integration-test/target/classes:/home/user/.m2/repository/org/apache/hadoop/hadoop-ozone-common/0.5.0-SNAPSHOT/hadoop-ozone-common-0.5.0-SNAPSHOT.jar:/home/user/.m2/repository/org/apache/commons/commons-compress/1.4.1/commons-compress-1.4.1.jar:/home/user/.m2/repository/org/tukaani/xz/1.0/xz-1.0.jar:/home/user/.m2/repository/org/apache/hadoop/hadoop-common/3.2.0/hadoop-common-3.2.0.jar:/home/user/.m2/repository/org/apache/hadoop/hadoop-hdfs/3.2.0/hadoop-hdfs-3.2.0.jar:/home/user/.m2/repository/org/apache/hadoop/hadoop-hdfs-client/3.2.0/hadoop-hdfs-client-3.2.0.jar:/home/user/.m2/repository/com/fasterxml/jackson/core/jackson-annotations/2.9.9/jackson-annotations-2.9.9.jar:/home/user/.m2/repository/org/apache/hadoop/hadoop-hdds-common/0.5.0-SNAPSHOT/hadoop-hdds-common-0.5.0-SNAPSHOT.jar:/home/user/.m2/repository/javax/annotation/javax.annotation-api/1.2/javax.annotation-api-1.2.jar:/home/user/.m2/repository/org/apache/ratis/ratis-server/0.4.0/ratis-server-0.4.0.jar:/home/user/.m2/repository/org/apache/ratis/ratis-thirdparty-misc/0.2.0/ratis-thirdparty-misc-0.2.0.jar:/home/user/.m2/repository/org/apache/ratis/ratis-proto/0.4.0/ratis-proto-0.4.0.jar:/home/user/.m2/repository/org/apache/ratis/ratis-common/0.4.0/ratis-common-0.4.0.jar:/home/user/.m2/repository/org/apache/ratis/ratis-client/0.4.0/ratis-client-0.4.0.jar:/home/user/.m2/repository/org/apache/ratis/ratis-metrics/0.4.0/ratis-metrics-0.4.0.jar:/home/user/.m2/repository/com/github/joshelser/dropwizard-metrics-hadoop-metrics2-reporter/0.1.2/dropwizard-metrics-hadoop-metrics2-reporter-0.1.2.jar:/home/user/.m2/repository/io/dropwizard/metrics/metrics-jvm/3.2.5/metrics-jvm-3.2.5.jar:/home/user/.m2/repository/io/dropwizard/metrics/metrics-ganglia/3.2.5/metrics-ganglia-3.2.5.jar:/home/user/.m2/repository/info/ganglia/gmetric4j/gmetric4j/1.0.7/gmetric4j-1.0.7.jar:/home/user/.m2/repository/org/apache/ratis/ratis-netty/0.4.0/ratis-netty-0.4.0.jar:/home/user/.m2/repository/org/apache/ratis/ratis-grpc/0.4.0/ratis-grpc-0.4.0.jar:/home/user/.m2/repository/org/rocksdb/rocksdbjni/6.0.1/rocksdbjni-6.0.1.jar:/home/user/.m2/repository/org/apache/logging/log4j/log4j-api/2.11.0/log4j-api-2.11.0.jar:/home/user/.m2/repository/org/apache/logging/log4j/log4j-core/2.11.0/log4j-core-2.11.0.jar:/home/user/.m2/repository/com/lmax/disruptor/3.4.2/disruptor-3.4.2.jar:/home/user/.m2/repository/org/apache/commons/commons-pool2/2.6.0/commons-pool2-2.6.0.jar:/home/user/.m2/repository/org/bouncycastle/bcpkix-jdk15on/1.60/bcpkix-jdk15on-1.60.jar:/home/user/.m2/repository/commons-validator/commons-validator/1.6/commons-validator-1.6.jar:/home/user/.m2/repository/commons-digester/commons-digester/1.8.1/commons-digester-1.8.1.jar:/home/user/.m2/repository/io/jaegertracing/jaeger-client/0.34.0/jaeger-client-0.34.0.jar:/home/user/.m2/repository/io/jaegertracing/jaeger-thrift/0.34.0/jaeger-thrift-0.34.0.jar:/home/user/.m2/repository/org/apache/thrift/libthrift/0.12.0/libthrift-0.12.0.jar:/home/user/.m2/repository/com/squareup/okhttp3/okhttp/3.9.0/okhttp-3.9.0.jar:/home/user/.m2/repository/com/squareup/okio/okio/1.13.0/okio-1.13.0.jar:/home/user/.m2/repository/io/jaegertracing/jaeger-core/0.34.0/jaeger-core-0.34.0.jar:/home/user/.m2/repository/io/jaegertracing/jaeger-tracerresolver/0.34.0/jaeger-tracerresolver-0.34.0.jar:/home/user/.m2/repository/io/opentracing/contrib/opentracing-tracerresolver/0.1.5/opentracing-tracerresolver-0.1.5.jar:/home/user/.m2/repository/io/opentracing/opentracing-util/0.31.0/opentracing-util-0.31.0.jar:/home/user/.m2/repository/io/opentracing/opentracing-api/0.31.0/opentracing-api-0.31.0.jar:/home/user/.m2/repository/io/opentracing/opentracing-noop/0.31.0/opentracing-noop-0.31.0.jar:/home/user/.m2/repository/org/apache/hadoop/hadoop-hdds-server-framework/0.5.0-SNAPSHOT/hadoop-hdds-server-framework-0.5.0-SNAPSHOT.jar:/home/user/.m2/repository/org/apache/hadoop/hadoop-hdds-container-service/0.5.0-SNAPSHOT/hadoop-hdds-container-service-0.5.0-SNAPSHOT.jar:/home/user/.m2/repository/org/apache/hadoop/hadoop-hdds-client/0.5.0-SNAPSHOT/hadoop-hdds-client-0.5.0-SNAPSHOT.jar:/home/user/.m2/repository/org/apache/hadoop/hadoop-hdds-tools/0.5.0-SNAPSHOT/hadoop-hdds-tools-0.5.0-SNAPSHOT.jar:/home/user/.m2/repository/org/apache/hadoop/hadoop-hdds-server-scm/0.5.0-SNAPSHOT/hadoop-hdds-server-scm-0.5.0-SNAPSHOT.jar:/home/user/.m2/repository/org/apache/hadoop/hadoop-hdds-docs/0.5.0-SNAPSHOT/hadoop-hdds-docs-0.5.0-SNAPSHOT.jar:/home/user/.m2/repository/io/dropwizard/metrics/metrics-core/3.2.4/metrics-core-3.2.4.jar:/home/user/.m2/repository/org/hamcrest/hamcrest-all/1.3/hamcrest-all-1.3.jar:/home/user/.m2/repository/org/bouncycastle/bcprov-jdk15on/1.60/bcprov-jdk15on-1.60.jar:/home/user/.m2/repository/info/picocli/picocli/3.9.6/picocli-3.9.6.jar:/home/user/.m2/repository/com/google/protobuf/protobuf-java/2.5.0/protobuf-java-2.5.0.jar:/home/user/.m2/repository/com/google/guava/guava/11.0.2/guava-11.0.2.jar:/home/user/.m2/repository/org/apache/hadoop/hadoop-ozone-ozone-manager/0.5.0-SNAPSHOT/hadoop-ozone-ozone-manager-0.5.0-SNAPSHOT.jar:/home/user/.m2/repository/org/apache/hadoop/hadoop-minikdc/3.2.0/hadoop-minikdc-3.2.0.jar:/home/user/.m2/repository/commons-io/commons-io/2.5/commons-io-2.5.jar:/home/user/.m2/repository/org/apache/kerby/kerb-simplekdc/1.0.1/kerb-simplekdc-1.0.1.jar:/home/user/.m2/repository/org/apache/kerby/kerb-client/1.0.1/kerb-client-1.0.1.jar:/home/user/.m2/repository/org/apache/kerby/kerby-config/1.0.1/kerby-config-1.0.1.jar:/home/user/.m2/repository/org/apache/kerby/kerb-core/1.0.1/kerb-core-1.0.1.jar:/home/user/.m2/repository/org/apache/kerby/kerby-pkix/1.0.1/kerby-pkix-1.0.1.jar:/home/user/.m2/repository/org/apache/kerby/kerby-asn1/1.0.1/kerby-asn1-1.0.1.jar:/home/user/.m2/repository/org/apache/kerby/kerby-util/1.0.1/kerby-util-1.0.1.jar:/home/user/.m2/repository/org/apache/kerby/kerb-common/1.0.1/kerb-common-1.0.1.jar:/home/user/.m2/repository/org/apache/kerby/kerb-crypto/1.0.1/kerb-crypto-1.0.1.jar:/home/user/.m2/repository/org/apache/kerby/kerb-util/1.0.1/kerb-util-1.0.1.jar:/home/user/.m2/repository/org/apache/kerby/token-provider/1.0.1/token-provider-1.0.1.jar:/home/user/.m2/repository/org/apache/kerby/kerb-admin/1.0.1/kerb-admin-1.0.1.jar:/home/user/.m2/repository/org/apache/kerby/kerb-server/1.0.1/kerb-server-1.0.1.jar:/home/user/.m2/repository/org/apache/kerby/kerb-identity/1.0.1/kerb-identity-1.0.1.jar:/home/user/.m2/repository/org/apache/kerby/kerby-xdr/1.0.1/kerby-xdr-1.0.1.jar:/home/user/.m2/repository/org/slf4j/slf4j-log4j12/1.7.25/slf4j-log4j12-1.7.25.jar:/home/user/.m2/repository/org/apache/hadoop/hadoop-ozone-s3gateway/0.5.0-SNAPSHOT/hadoop-ozone-s3gateway-0.5.0-SNAPSHOT.jar:/home/user/.m2/repository/org/jboss/weld/servlet/weld-servlet/2.4.7.Final/weld-servlet-2.4.7.Final.jar:/home/user/.m2/repository/org/glassfish/jersey/containers/jersey-container-servlet-core/2.27/jersey-container-servlet-core-2.27.jar:/home/user/.m2/repository/org/glassfish/hk2/external/javax.inject/2.5.0-b42/javax.inject-2.5.0-b42.jar:/home/user/.m2/repository/org/glassfish/jersey/core/jersey-common/2.27/jersey-common-2.27.jar:/home/user/.m2/repository/org/glassfish/hk2/osgi-resource-locator/1.0.1/osgi-resource-locator-1.0.1.jar:/home/user/.m2/repository/javax/ws/rs/javax.ws.rs-api/2.1/javax.ws.rs-api-2.1.jar:/home/user/.m2/repository/org/glassfish/jersey/ext/cdi/jersey-cdi1x/2.27/jersey-cdi1x-2.27.jar:/home/user/.m2/repository/org/glassfish/jersey/inject/jersey-hk2/2.27/jersey-hk2-2.27.jar:/home/user/.m2/repository/org/glassfish/hk2/hk2-locator/2.5.0-b42/hk2-locator-2.5.0-b42.jar:/home/user/.m2/repository/org/javassist/javassist/3.22.0-CR2/javassist-3.22.0-CR2.jar:/home/user/.m2/repository/org/glassfish/hk2/hk2-api/2.5.0/hk2-api-2.5.0.jar:/home/user/.m2/repository/org/glassfish/hk2/external/jakarta.inject/2.5.0/jakarta.inject-2.5.0.jar:/home/user/.m2/repository/org/glassfish/hk2/hk2-utils/2.5.0/hk2-utils-2.5.0.jar:/home/user/.m2/repository/jakarta/annotation/jakarta.annotation-api/1.3.4/jakarta.annotation-api-1.3.4.jar:/home/user/.m2/repository/org/glassfish/hk2/external/aopalliance-repackaged/2.5.0/aopalliance-repackaged-2.5.0.jar:/home/user/.m2/repository/com/fasterxml/jackson/dataformat/jackson-dataformat-xml/2.9.0/jackson-dataformat-xml-2.9.0.jar:/home/user/.m2/repository/com/fasterxml/jackson/core/jackson-core/2.9.9/jackson-core-2.9.9.jar:/home/user/.m2/repository/com/fasterxml/jackson/module/jackson-module-jaxb-annotations/2.9.9/jackson-module-jaxb-annotations-2.9.9.jar:/home/user/.m2/repository/javax/enterprise/cdi-api/1.2/cdi-api-1.2.jar:/home/user/.m2/repository/javax/el/javax.el-api/3.0.0/javax.el-api-3.0.0.jar:/home/user/.m2/repository/javax/interceptor/javax.interceptor-api/1.2/javax.interceptor-api-1.2.jar:/home/user/.m2/repository/javax/inject/javax.inject/1/javax.inject-1.jar:/home/user/.m2/repository/com/sun/xml/bind/jaxb-impl/2.3.0.1/jaxb-impl-2.3.0.1.jar:/home/user/.m2/repository/com/sun/xml/bind/jaxb-core/2.3.0.1/jaxb-core-2.3.0.1.jar:/home/user/.m2/repository/javax/xml/bind/jaxb-api/2.3.0/jaxb-api-2.3.0.jar:/home/user/.m2/repository/javax/activation/activation/1.1.1/activation-1.1.1.jar:/home/user/.m2/repository/org/apache/hadoop/hadoop-ozone-csi/0.5.0-SNAPSHOT/hadoop-ozone-csi-0.5.0-SNAPSHOT.jar:/home/user/.m2/repository/com/google/protobuf/protobuf-java-util/3.5.1/protobuf-java-util-3.5.1.jar:/home/user/.m2/repository/org/apache/hadoop/hadoop-hdds-config/0.5.0-SNAPSHOT/hadoop-hdds-config-0.5.0-SNAPSHOT.jar:/home/user/.m2/repository/io/grpc/grpc-netty/1.17.1/grpc-netty-1.17.1.jar:/home/user/.m2/repository/io/grpc/grpc-core/1.17.1/grpc-core-1.17.1.jar:/home/user/.m2/repository/io/grpc/grpc-context/1.17.1/grpc-context-1.17.1.jar:/home/user/.m2/repository/com/google/errorprone/error_prone_annotations/2.2.0/error_prone_annotations-2.2.0.jar:/home/user/.m2/repository/org/codehaus/mojo/animal-sniffer-annotations/1.17/animal-sniffer-annotations-1.17.jar:/home/user/.m2/repository/io/opencensus/opencensus-api/0.17.0/opencensus-api-0.17.0.jar:/home/user/.m2/repository/io/opencensus/opencensus-contrib-grpc-metrics/0.17.0/opencensus-contrib-grpc-metrics-0.17.0.jar:/home/user/.m2/repository/io/netty/netty-codec-http2/4.1.30.Final/netty-codec-http2-4.1.30.Final.jar:/home/user/.m2/repository/io/netty/netty-codec-http/4.1.30.Final/netty-codec-http-4.1.30.Final.jar:/home/user/.m2/repository/io/netty/netty-codec/4.1.30.Final/netty-codec-4.1.30.Final.jar:/home/user/.m2/repository/io/netty/netty-handler/4.1.30.Final/netty-handler-4.1.30.Final.jar:/home/user/.m2/repository/io/netty/netty-handler-proxy/4.1.30.Final/netty-handler-proxy-4.1.30.Final.jar:/home/user/.m2/repository/io/netty/netty-codec-socks/4.1.30.Final/netty-codec-socks-4.1.30.Final.jar:/home/user/.m2/repository/io/netty/netty-transport-native-epoll/4.1.30.Final/netty-transport-native-epoll-4.1.30.Final.jar:/home/user/.m2/repository/io/netty/netty-common/4.1.30.Final/netty-common-4.1.30.Final.jar:/home/user/.m2/repository/io/netty/netty-buffer/4.1.30.Final/netty-buffer-4.1.30.Final.jar:/home/user/.m2/repository/io/netty/netty-transport/4.1.30.Final/netty-transport-4.1.30.Final.jar:/home/user/.m2/repository/io/netty/netty-resolver/4.1.30.Final/netty-resolver-4.1.30.Final.jar:/home/user/.m2/repository/io/netty/netty-transport-native-unix-common/4.1.30.Final/netty-transport-native-unix-common-4.1.30.Final.jar:/home/user/.m2/repository/io/grpc/grpc-protobuf/1.17.1/grpc-protobuf-1.17.1.jar:/home/user/.m2/repository/com/google/api/grpc/proto-google-common-protos/1.0.0/proto-google-common-protos-1.0.0.jar:/home/user/.m2/repository/io/grpc/grpc-protobuf-lite/1.17.1/grpc-protobuf-lite-1.17.1.jar:/home/user/.m2/repository/io/grpc/grpc-stub/1.17.1/grpc-stub-1.17.1.jar:/home/user/.m2/repository/org/apache/hadoop/hadoop-ozone-recon/0.5.0-SNAPSHOT/hadoop-ozone-recon-0.5.0-SNAPSHOT.jar:/home/user/.m2/repository/org/apache/hadoop/hadoop-ozone-reconcodegen/0.5.0-SNAPSHOT/hadoop-ozone-reconcodegen-0.5.0-SNAPSHOT.jar:/home/user/.m2/repository/com/google/inject/extensions/guice-multibindings/4.0/guice-multibindings-4.0.jar:/home/user/.m2/repository/com/google/inject/guice/4.0/guice-4.0.jar:/home/user/.m2/repository/aopalliance/aopalliance/1.0/aopalliance-1.0.jar:/home/user/.m2/repository/com/google/inject/extensions/guice-servlet/4.0/guice-servlet-4.0.jar:/home/user/.m2/repository/org/glassfish/jersey/containers/jersey-container-servlet/2.27/jersey-container-servlet-2.27.jar:/home/user/.m2/repository/org/glassfish/hk2/guice-bridge/2.5.0/guice-bridge-2.5.0.jar:/home/user/.m2/repository/org/glassfish/jersey/core/jersey-server/2.27/jersey-server-2.27.jar:/home/user/.m2/repository/org/glassfish/jersey/core/jersey-client/2.27/jersey-client-2.27.jar:/home/user/.m2/repository/org/glassfish/jersey/media/jersey-media-jaxb/2.27/jersey-media-jaxb-2.27.jar:/home/user/.m2/repository/javax/validation/validation-api/1.1.0.Final/validation-api-1.1.0.Final.jar:/home/user/.m2/repository/org/glassfish/jersey/media/jersey-media-json-jackson/2.27/jersey-media-json-jackson-2.27.jar:/home/user/.m2/repository/org/glassfish/jersey/ext/jersey-entity-filtering/2.27/jersey-entity-filtering-2.27.jar:/home/user/.m2/repository/com/google/inject/extensions/guice-assistedinject/4.0/guice-assistedinject-4.0.jar:/home/user/.m2/repository/org/jooq/jooq/3.11.10/jooq-3.11.10.jar:/home/user/.m2/repository/org/jooq/jooq-meta/3.11.10/jooq-meta-3.11.10.jar:/home/user/.m2/repository/org/jooq/jooq-codegen/3.11.10/jooq-codegen-3.11.10.jar:/home/user/.m2/repository/com/jolbox/bonecp/0.8.0.RELEASE/bonecp-0.8.0.RELEASE.jar:/home/user/.m2/repository/org/xerial/sqlite-jdbc/3.25.2/sqlite-jdbc-3.25.2.jar:/home/user/.m2/repository/org/springframework/spring-jdbc/5.1.3.RELEASE/spring-jdbc-5.1.3.RELEASE.jar:/home/user/.m2/repository/org/springframework/spring-beans/5.1.3.RELEASE/spring-beans-5.1.3.RELEASE.jar:/home/user/.m2/repository/org/springframework/spring-core/5.1.3.RELEASE/spring-core-5.1.3.RELEASE.jar:/home/user/.m2/repository/org/springframework/spring-jcl/5.1.3.RELEASE/spring-jcl-5.1.3.RELEASE.jar:/home/user/.m2/repository/org/springframework/spring-tx/5.1.3.RELEASE/spring-tx-5.1.3.RELEASE.jar:/home/user/.m2/repository/org/apache/hadoop/hadoop-ozone-client/0.5.0-SNAPSHOT/hadoop-ozone-client-0.5.0-SNAPSHOT.jar:/home/user/.m2/repository/commons-lang/commons-lang/2.6/commons-lang-2.6.jar:/home/user/.m2/repository/org/apache/hadoop/hadoop-ozone-ozone-manager/0.5.0-SNAPSHOT/hadoop-ozone-ozone-manager-0.5.0-SNAPSHOT-tests.jar:/home/user/.m2/repository/junit/junit/4.11/junit-4.11.jar:/home/user/.m2/repository/org/hamcrest/hamcrest-core/1.3/hamcrest-core-1.3.jar:/home/user/.m2/repository/org/openjdk/jmh/jmh-core/1.19/jmh-core-1.19.jar:/home/user/.m2/repository/net/sf/jopt-simple/jopt-simple/4.6/jopt-simple-4.6.jar:/home/user/.m2/repository/org/apache/commons/commons-math3/3.1.1/commons-math3-3.1.1.jar:/home/user/.m2/repository/org/openjdk/jmh/jmh-generator-annprocess/1.19/jmh-generator-annprocess-1.19.jar:/home/user/.m2/repository/org/mockito/mockito-all/1.8.5/mockito-all-1.8.5.jar:/home/user/.m2/repository/org/apache/hadoop/hadoop-kms/3.2.0/hadoop-kms-3.2.0.jar:/home/user/.m2/repository/org/apache/hadoop/hadoop-auth/3.2.0/hadoop-auth-3.2.0.jar:/home/user/.m2/repository/com/nimbusds/nimbus-jose-jwt/4.41.1/nimbus-jose-jwt-4.41.1.jar:/home/user/.m2/repository/com/github/stephenc/jcip/jcip-annotations/1.0-1/jcip-annotations-1.0-1.jar:/home/user/.m2/repository/net/minidev/json-smart/2.3/json-smart-2.3.jar:/home/user/.m2/repository/net/minidev/accessors-smart/1.2/accessors-smart-1.2.jar:/home/user/.m2/repository/org/ow2/asm/asm/5.0.4/asm-5.0.4.jar:/home/user/.m2/repository/org/apache/curator/curator-framework/2.12.0/curator-framework-2.12.0.jar:/home/user/.m2/repository/com/sun/jersey/jersey-core/1.19/jersey-core-1.19.jar:/home/user/.m2/repository/javax/ws/rs/jsr311-api/1.1.1/jsr311-api-1.1.1.jar:/home/user/.m2/repository/com/sun/jersey/jersey-server/1.19/jersey-server-1.19.jar:/home/user/.m2/repository/javax/servlet/javax.servlet-api/3.1.0/javax.servlet-api-3.1.0.jar:/home/user/.m2/repository/org/eclipse/jetty/jetty-server/9.3.25.v20180904/jetty-server-9.3.25.v20180904.jar:/home/user/.m2/repository/org/eclipse/jetty/jetty-http/9.3.25.v20180904/jetty-http-9.3.25.v20180904.jar:/home/user/.m2/repository/org/eclipse/jetty/jetty-io/9.3.25.v20180904/jetty-io-9.3.25.v20180904.jar:/home/user/.m2/repository/org/eclipse/jetty/jetty-webapp/9.3.25.v20180904/jetty-webapp-9.3.25.v20180904.jar:/home/user/.m2/repository/org/eclipse/jetty/jetty-xml/9.3.25.v20180904/jetty-xml-9.3.25.v20180904.jar:/home/user/.m2/repository/log4j/log4j/1.2.17/log4j-1.2.17.jar:/home/user/.m2/repository/org/slf4j/slf4j-api/1.7.25/slf4j-api-1.7.25.jar:/home/user/.m2/repository/org/slf4j/jul-to-slf4j/1.7.25/jul-to-slf4j-1.7.25.jar:/home/user/.m2/repository/org/eclipse/jetty/jetty-util/9.3.25.v20180904/jetty-util-9.3.25.v20180904.jar:/home/user/.m2/repository/com/fasterxml/jackson/core/jackson-databind/2.9.9/jackson-databind-2.9.9.jar:/home/user/.m2/repository/org/apache/hadoop/hadoop-kms/3.2.0/hadoop-kms-3.2.0-tests.jar:/home/user/.m2/repository/org/apache/hadoop/hadoop-hdds-server-scm/0.5.0-SNAPSHOT/hadoop-hdds-server-scm-0.5.0-SNAPSHOT-tests.jar:/home/user/.m2/repository/org/apache/hadoop/hadoop-hdds-container-service/0.5.0-SNAPSHOT/hadoop-hdds-container-service-0.5.0-SNAPSHOT-tests.jar:/home/user/.m2/repository/org/yaml/snakeyaml/1.16/snakeyaml-1.16.jar:/home/user/.m2/repository/org/apache/hadoop/hadoop-common/3.2.0/hadoop-common-3.2.0-tests.jar:/home/user/.m2/repository/org/apache/hadoop/hadoop-annotations/3.2.0/hadoop-annotations-3.2.0.jar:/usr/lib/jvm/java-1.8-openjdk/jre/../lib/tools.jar:/home/user/.m2/repository/commons-cli/commons-cli/1.2/commons-cli-1.2.jar:/home/user/.m2/repository/org/apache/httpcomponents/httpclient/4.5.2/httpclient-4.5.2.jar:/home/user/.m2/repository/org/apache/httpcomponents/httpcore/4.4.4/httpcore-4.4.4.jar:/home/user/.m2/repository/commons-codec/commons-codec/1.11/commons-codec-1.11.jar:/home/user/.m2/repository/commons-net/commons-net/3.6/commons-net-3.6.jar:/home/user/.m2/repository/commons-collections/commons-collections/3.2.2/commons-collections-3.2.2.jar:/home/user/.m2/repository/org/eclipse/jetty/jetty-servlet/9.3.25.v20180904/jetty-servlet-9.3.25.v20180904.jar:/home/user/.m2/repository/org/eclipse/jetty/jetty-security/9.3.25.v20180904/jetty-security-9.3.25.v20180904.jar:/home/user/.m2/repository/javax/servlet/jsp/jsp-api/2.1/jsp-api-2.1.jar:/home/user/.m2/repository/com/sun/jersey/jersey-servlet/1.19/jersey-servlet-1.19.jar:/home/user/.m2/repository/com/sun/jersey/jersey-json/1.19/jersey-json-1.19.jar:/home/user/.m2/repository/org/codehaus/jettison/jettison/1.1/jettison-1.1.jar:/home/user/.m2/repository/org/codehaus/jackson/jackson-core-asl/1.9.13/jackson-core-asl-1.9.13.jar:/home/user/.m2/repository/org/codehaus/jackson/jackson-mapper-asl/1.9.13/jackson-mapper-asl-1.9.13.jar:/home/user/.m2/repository/org/codehaus/jackson/jackson-jaxrs/1.9.13/jackson-jaxrs-1.9.13.jar:/home/user/.m2/repository/org/codehaus/jackson/jackson-xc/1.9.13/jackson-xc-1.9.13.jar:/home/user/.m2/repository/commons-logging/commons-logging/1.1.3/commons-logging-1.1.3.jar:/home/user/.m2/repository/commons-beanutils/commons-beanutils/1.9.4/commons-beanutils-1.9.4.jar:/home/user/.m2/repository/org/apache/commons/commons-configuration2/2.1.1/commons-configuration2-2.1.1.jar:/home/user/.m2/repository/org/apache/commons/commons-lang3/3.7/commons-lang3-3.7.jar:/home/user/.m2/repository/org/apache/commons/commons-text/1.4/commons-text-1.4.jar:/home/user/.m2/repository/org/apache/avro/avro/1.7.7/avro-1.7.7.jar:/home/user/.m2/repository/com/thoughtworks/paranamer/paranamer/2.3/paranamer-2.3.jar:/home/user/.m2/repository/org/xerial/snappy/snappy-java/1.0.5/snappy-java-1.0.5.jar:/home/user/.m2/repository/com/google/re2j/re2j/1.1/re2j-1.1.jar:/home/user/.m2/repository/com/google/code/gson/gson/2.2.4/gson-2.2.4.jar:/home/user/.m2/repository/com/jcraft/jsch/0.1.54/jsch-0.1.54.jar:/home/user/.m2/repository/org/apache/curator/curator-client/2.12.0/curator-client-2.12.0.jar:/home/user/.m2/repository/org/apache/curator/curator-recipes/2.12.0/curator-recipes-2.12.0.jar:/home/user/.m2/repository/com/google/code/findbugs/jsr305/3.0.0/jsr305-3.0.0.jar:/home/user/.m2/repository/org/apache/htrace/htrace-core4/4.1.0-incubating/htrace-core4-4.1.0-incubating.jar:/home/user/.m2/repository/org/apache/zookeeper/zookeeper/3.4.13/zookeeper-3.4.13.jar:/home/user/.m2/repository/jline/jline/0.9.94/jline-0.9.94.jar:/home/user/.m2/repository/org/apache/yetus/audience-annotations/0.5.0/audience-annotations-0.5.0.jar:/home/user/.m2/repository/org/codehaus/woodstox/stax2-api/3.1.4/stax2-api-3.1.4.jar:/home/user/.m2/repository/com/fasterxml/woodstox/woodstox-core/5.0.3/woodstox-core-5.0.3.jar:/home/user/.m2/repository/dnsjava/dnsjava/2.1.7/dnsjava-2.1.7.jar:/home/user/.m2/repository/org/apache/hadoop/hadoop-hdfs/3.2.0/hadoop-hdfs-3.2.0-tests.jar:/home/user/.m2/repository/org/eclipse/jetty/jetty-util-ajax/9.3.25.v20180904/jetty-util-ajax-9.3.25.v20180904.jar:/home/user/.m2/repository/commons-daemon/commons-daemon/1.0.13/commons-daemon-1.0.13.jar:/home/user/.m2/repository/io/netty/netty/3.10.5.Final/netty-3.10.5.Final.jar:/home/user/.m2/repository/io/netty/netty-all/4.0.52.Final/netty-all-4.0.52.Final.jar:/home/user/.m2/repository/org/fusesource/leveldbjni/leveldbjni-all/1.8/leveldbjni-all-1.8.jar:"/>
    <property name="sun.cpu.endian" value="little"/>
    <property name="user.home" value="/home/user"/>
    <property name="user.language" value="en"/>
    <property name="java.specification.vendor" value="Oracle Corporation"/>
    <property name="java.home" value="/usr/lib/jvm/java-1.8-openjdk/jre"/>
    <property name="java.security.krb5.conf" value="/workdir/hadoop-ozone/integration-test/target/test-classes/krb5.conf"/>
    <property name="basedir" value="/workdir/hadoop-ozone/integration-test"/>
    <property name="file.separator" value="/"/>
    <property name="line.separator" value="&#10;"/>
    <property name="java.vm.specification.vendor" value="Oracle Corporation"/>
    <property name="java.specification.name" value="Java Platform API Specification"/>
    <property name="java.awt.graphicsenv" value="sun.awt.X11GraphicsEnvironment"/>
    <property name="surefire.real.class.path" value="/workdir/hadoop-ozone/integration-test/target/surefire/surefirebooter1639195014493961682.jar"/>
    <property name="hadoop.log.dir" value="/workdir/hadoop-ozone/integration-test/target/log"/>
    <property name="sun.boot.class.path" value="/usr/lib/jvm/java-1.8-openjdk/jre/lib/resources.jar:/usr/lib/jvm/java-1.8-openjdk/jre/lib/rt.jar:/usr/lib/jvm/java-1.8-openjdk/jre/lib/sunrsasign.jar:/usr/lib/jvm/java-1.8-openjdk/jre/lib/jsse.jar:/usr/lib/jvm/java-1.8-openjdk/jre/lib/jce.jar:/usr/lib/jvm/java-1.8-openjdk/jre/lib/charsets.jar:/usr/lib/jvm/java-1.8-openjdk/jre/lib/jfr.jar:/usr/lib/jvm/java-1.8-openjdk/jre/classes"/>
    <property name="sun.management.compiler" value="HotSpot 64-Bit Tiered Compilers"/>
    <property name="java.runtime.version" value="1.8.0_212-b04"/>
    <property name="java.net.preferIPv4Stack" value="true"/>
    <property name="user.name" value="jenkins1000"/>
    <property name="path.separator" value=":"/>
    <property name="java.security.egd" value="file:///dev/urandom"/>
    <property name="os.version" value="3.10.0-957.12.2.el7.x86_64"/>
    <property name="java.endorsed.dirs" value="/usr/lib/jvm/java-1.8-openjdk/jre/lib/endorsed"/>
    <property name="java.runtime.name" value="OpenJDK Runtime Environment"/>
    <property name="file.encoding" value="UTF-8"/>
    <property name="java.vm.name" value="OpenJDK 64-Bit Server VM"/>
    <property name="test.build.webapps" value=""/>
    <property name="localRepository" value="/home/user/.m2/repository"/>
    <property name="java.vendor.url.bug" value="https://icedtea.classpath.org/bugzilla"/>
    <property name="java.io.tmpdir" value="/tmp"/>
    <property name="require.test.libhadoop" value=""/>
    <property name="java.version" value="1.8.0_212"/>
    <property name="user.dir" value="/workdir/hadoop-ozone/integration-test"/>
    <property name="os.arch" value="amd64"/>
    <property name="java.vm.specification.name" value="Java Virtual Machine Specification"/>
    <property name="test.build.classes" value="/workdir/hadoop-ozone/integration-test/target/test-classes"/>
    <property name="java.awt.printerjob" value="sun.print.PSPrinterJob"/>
    <property name="sun.os.patch.level" value="unknown"/>
    <property name="hadoop.tmp.dir" value="/workdir/hadoop-ozone/integration-test/target/tmp"/>
    <property name="java.library.path" value="/usr/lib/jvm/java-1.8-openjdk/jre/lib/amd64/server:/usr/lib/jvm/java-1.8-openjdk/jre/lib/amd64:/usr/lib/jvm/java-1.8-openjdk/jre/../lib/amd64:/workdir/hadoop-ozone/integration-test/target/native/target/usr/local/lib:/workdir/hadoop-ozone/integration-test/../../hadoop-common-project/hadoop-common/target/native/target/usr/local/lib:/usr/java/packages/lib/amd64:/usr/lib64:/lib64:/lib:/usr/lib"/>
    <property name="java.vm.info" value="mixed mode"/>
    <property name="java.vendor" value="IcedTea"/>
    <property name="java.vm.version" value="25.212-b04"/>
    <property name="java.ext.dirs" value="/usr/lib/jvm/java-1.8-openjdk/jre/lib/ext:/usr/java/packages/lib/ext"/>
    <property name="sun.io.unicode.encoding" value="UnicodeLittle"/>
    <property name="java.class.version" value="52.0"/>
  </properties>
  <testcase name="test2WayCommitForRetryfailure" classname="org.apache.hadoop.ozone.client.rpc.Test2WayCommitInRatis" time="35.937">
    <error message="Could not allocate container. Cannot get any matching pipeline for Type:RATIS, Factor:THREE, State:PipelineState.OPEN&#10;	at org.apache.hadoop.hdds.scm.container.ContainerStateManager.allocateContainer(ContainerStateManager.java:260)&#10;	at org.apache.hadoop.hdds.scm.container.SCMContainerManager.allocateContainer(SCMContainerManager.java:247)&#10;	at org.apache.hadoop.hdds.scm.server.SCMClientProtocolServer.allocateContainer(SCMClientProtocolServer.java:186)&#10;	at org.apache.hadoop.ozone.protocolPB.StorageContainerLocationProtocolServerSideTranslatorPB.allocateContainer(StorageContainerLocationProtocolServerSideTranslatorPB.java:123)&#10;	at org.apache.hadoop.hdds.protocol.proto.StorageContainerLocationProtocolProtos$StorageContainerLocationProtocolService$2.callBlockingMethod(StorageContainerLocationProtocolProtos.java:21239)&#10;	at org.apache.hadoop.ipc.ProtobufRpcEngine$Server$ProtoBufRpcInvoker.call(ProtobufRpcEngine.java:524)&#10;	at org.apache.hadoop.ipc.RPC$Server.call(RPC.java:1025)&#10;	at org.apache.hadoop.ipc.Server$RpcCall.run(Server.java:876)&#10;	at org.apache.hadoop.ipc.Server$RpcCall.run(Server.java:822)&#10;	at java.security.AccessController.doPrivileged(Native Method)&#10;	at javax.security.auth.Subject.doAs(Subject.java:422)&#10;	at org.apache.hadoop.security.UserGroupInformation.doAs(UserGroupInformation.java:1730)&#10;	at org.apache.hadoop.ipc.Server$Handler.run(Server.java:2682)&#10;" type="org.apache.hadoop.ipc.RemoteException(java.io.IOException)">org.apache.hadoop.ipc.RemoteException(java.io.IOException): Could not allocate container. Cannot get any matching pipeline for Type:RATIS, Factor:THREE, State:PipelineState.OPEN
	at org.apache.hadoop.hdds.scm.container.ContainerStateManager.allocateContainer(ContainerStateManager.java:260)
	at org.apache.hadoop.hdds.scm.container.SCMContainerManager.allocateContainer(SCMContainerManager.java:247)
	at org.apache.hadoop.hdds.scm.server.SCMClientProtocolServer.allocateContainer(SCMClientProtocolServer.java:186)
	at org.apache.hadoop.ozone.protocolPB.StorageContainerLocationProtocolServerSideTranslatorPB.allocateContainer(StorageContainerLocationProtocolServerSideTranslatorPB.java:123)
	at org.apache.hadoop.hdds.protocol.proto.StorageContainerLocationProtocolProtos$StorageContainerLocationProtocolService$2.callBlockingMethod(StorageContainerLocationProtocolProtos.java:21239)
	at org.apache.hadoop.ipc.ProtobufRpcEngine$Server$ProtoBufRpcInvoker.call(ProtobufRpcEngine.java:524)
	at org.apache.hadoop.ipc.RPC$Server.call(RPC.java:1025)
	at org.apache.hadoop.ipc.Server$RpcCall.run(Server.java:876)
	at org.apache.hadoop.ipc.Server$RpcCall.run(Server.java:822)
	at java.security.AccessController.doPrivileged(Native Method)
	at javax.security.auth.Subject.doAs(Subject.java:422)
	at org.apache.hadoop.security.UserGroupInformation.doAs(UserGroupInformation.java:1730)
	at org.apache.hadoop.ipc.Server$Handler.run(Server.java:2682)

	at org.apache.hadoop.ipc.Client.getRpcResponse(Client.java:1511)
	at org.apache.hadoop.ipc.Client.call(Client.java:1457)
	at org.apache.hadoop.ipc.Client.call(Client.java:1367)
	at org.apache.hadoop.ipc.ProtobufRpcEngine$Invoker.invoke(ProtobufRpcEngine.java:228)
	at org.apache.hadoop.ipc.ProtobufRpcEngine$Invoker.invoke(ProtobufRpcEngine.java:116)
	at com.sun.proxy.$Proxy22.allocateContainer(Unknown Source)
	at org.apache.hadoop.hdds.scm.protocolPB.StorageContainerLocationProtocolClientSideTranslatorPB.allocateContainer(StorageContainerLocationProtocolClientSideTranslatorPB.java:127)
	at org.apache.hadoop.ozone.client.rpc.Test2WayCommitInRatis.test2WayCommitForRetryfailure(Test2WayCommitInRatis.java:126)
	at sun.reflect.NativeMethodAccessorImpl.invoke0(Native Method)
	at sun.reflect.NativeMethodAccessorImpl.invoke(NativeMethodAccessorImpl.java:62)
	at sun.reflect.DelegatingMethodAccessorImpl.invoke(DelegatingMethodAccessorImpl.java:43)
	at java.lang.reflect.Method.invoke(Method.java:498)
	at org.junit.runners.model.FrameworkMethod$1.runReflectiveCall(FrameworkMethod.java:47)
	at org.junit.internal.runners.model.ReflectiveCallable.run(ReflectiveCallable.java:12)
	at org.junit.runners.model.FrameworkMethod.invokeExplosively(FrameworkMethod.java:44)
	at org.junit.internal.runners.statements.InvokeMethod.evaluate(InvokeMethod.java:17)
	at org.junit.runners.ParentRunner.runLeaf(ParentRunner.java:271)
	at org.junit.runners.BlockJUnit4ClassRunner.runChild(BlockJUnit4ClassRunner.java:70)
	at org.junit.runners.BlockJUnit4ClassRunner.runChild(BlockJUnit4ClassRunner.java:50)
	at org.junit.runners.ParentRunner$3.run(ParentRunner.java:238)
	at org.junit.runners.ParentRunner$1.schedule(ParentRunner.java:63)
	at org.junit.runners.ParentRunner.runChildren(ParentRunner.java:236)
	at org.junit.runners.ParentRunner.access$000(ParentRunner.java:53)
	at org.junit.runners.ParentRunner$2.evaluate(ParentRunner.java:229)
	at org.junit.runners.ParentRunner.run(ParentRunner.java:309)
	at org.apache.maven.surefire.junit4.JUnit4Provider.execute(JUnit4Provider.java:365)
	at org.apache.maven.surefire.junit4.JUnit4Provider.executeWithRerun(JUnit4Provider.java:273)
	at org.apache.maven.surefire.junit4.JUnit4Provider.executeTestSet(JUnit4Provider.java:238)
	at org.apache.maven.surefire.junit4.JUnit4Provider.invoke(JUnit4Provider.java:159)
	at org.apache.maven.surefire.booter.ForkedBooter.invokeProviderInSameClassLoader(ForkedBooter.java:384)
	at org.apache.maven.surefire.booter.ForkedBooter.runSuitesInProcess(ForkedBooter.java:345)
	at org.apache.maven.surefire.booter.ForkedBooter.execute(ForkedBooter.java:126)
	at org.apache.maven.surefire.booter.ForkedBooter.main(ForkedBooter.java:418)
</error>
    <system-out><![CDATA[2019-09-25 04:50:14,776 [main] WARN  server.ServerUtils (ServerUtils.java:getScmDbDir(145)) - ozone.scm.db.dirs is not configured. We recommend adding this setting. Falling back to ozone.metadata.dirs instead.
2019-09-25 04:50:14,874 [main] WARN  server.ServerUtils (ServerUtils.java:getScmDbDir(145)) - ozone.scm.db.dirs is not configured. We recommend adding this setting. Falling back to ozone.metadata.dirs instead.
2019-09-25 04:50:14,877 [main] WARN  server.ServerUtils (ServerUtils.java:getScmDbDir(145)) - ozone.scm.db.dirs is not configured. We recommend adding this setting. Falling back to ozone.metadata.dirs instead.
2019-09-25 04:50:14,895 [main] INFO  util.log (Log.java:initialized(192)) - Logging initialized @863ms
2019-09-25 04:50:14,997 [main] INFO  db.DBStoreBuilder (DBStoreBuilder.java:addTable(110)) - using custom profile for table: deletedBlocks
2019-09-25 04:50:14,997 [main] INFO  db.DBStoreBuilder (DBStoreBuilder.java:processTables(161)) - Using default column profile:DBProfile.DISK for Table:deletedBlocks
2019-09-25 04:50:14,998 [main] INFO  db.DBStoreBuilder (DBStoreBuilder.java:addTable(110)) - using custom profile for table: validCerts
2019-09-25 04:50:14,998 [main] INFO  db.DBStoreBuilder (DBStoreBuilder.java:processTables(161)) - Using default column profile:DBProfile.DISK for Table:validCerts
2019-09-25 04:50:14,998 [main] INFO  db.DBStoreBuilder (DBStoreBuilder.java:addTable(110)) - using custom profile for table: revokedCerts
2019-09-25 04:50:14,999 [main] INFO  db.DBStoreBuilder (DBStoreBuilder.java:processTables(161)) - Using default column profile:DBProfile.DISK for Table:revokedCerts
2019-09-25 04:50:15,011 [main] INFO  db.DBStoreBuilder (DBStoreBuilder.java:addTable(110)) - using custom profile for table: default
2019-09-25 04:50:15,011 [main] INFO  db.DBStoreBuilder (DBStoreBuilder.java:processTables(167)) - Using default column profile:DBProfile.DISK for Table:default
2019-09-25 04:50:15,012 [main] INFO  db.DBStoreBuilder (DBStoreBuilder.java:getDbProfile(198)) - Using default options. DBProfile.DISK
2019-09-25 04:50:15,239 [main] INFO  net.NodeSchemaLoader (NodeSchemaLoader.java:loadSchemaFromFile(125)) - Loading file from sun.misc.CompoundEnumeration@77888435
2019-09-25 04:50:15,241 [main] INFO  net.NodeSchemaLoader (NodeSchemaLoader.java:loadSchema(171)) - Loading network topology layer schema file
2019-09-25 04:50:15,311 [main] WARN  server.ServerUtils (ServerUtils.java:sanitizeUserArgs(70)) - ozone.scm.stale.node.interval value = 300000 is larger than max = 100000 based on the key value of ozone.scm.heartbeat.thread.interval, reset to the max value 100000.
2019-09-25 04:50:15,313 [main] WARN  server.ServerUtils (ServerUtils.java:sanitizeUserArgs(70)) - ozone.scm.stale.node.interval value = 300000 is larger than max = 100000 based on the key value of ozone.scm.heartbeat.thread.interval, reset to the max value 100000.
2019-09-25 04:50:15,315 [main] INFO  node.SCMNodeManager (SCMNodeManager.java:<init>(114)) - Entering startup safe mode.
2019-09-25 04:50:15,387 [main] INFO  algorithms.ContainerPlacementPolicyFactory (ContainerPlacementPolicyFactory.java:getPolicy(59)) - Create container placement policy of type org.apache.hadoop.hdds.scm.container.placement.algorithms.SCMContainerPlacementRandom
2019-09-25 04:50:15,403 [main] WARN  server.ServerUtils (ServerUtils.java:getScmDbDir(145)) - ozone.scm.db.dirs is not configured. We recommend adding this setting. Falling back to ozone.metadata.dirs instead.
2019-09-25 04:50:15,478 [main] INFO  pipeline.SCMPipelineManager (SCMPipelineManager.java:initializePipelineState(132)) - No pipeline exists in current db
2019-09-25 04:50:15,482 [main] WARN  server.ServerUtils (ServerUtils.java:getScmDbDir(145)) - ozone.scm.db.dirs is not configured. We recommend adding this setting. Falling back to ozone.metadata.dirs instead.
2019-09-25 04:50:15,607 [main] WARN  events.EventQueue (EventQueue.java:fireEvent(183)) - No event handler registered for event TypedEvent{payloadType=SafeModeStatus, name='SafeModeStatus'}
2019-09-25 04:50:15,983 [main] INFO  ipc.CallQueueManager (CallQueueManager.java:<init>(84)) - Using callQueue: class java.util.concurrent.LinkedBlockingQueue, queueCapacity: 2000, scheduler: class org.apache.hadoop.ipc.DefaultRpcScheduler, ipcBackoff: false.
2019-09-25 04:50:16,011 [Socket Reader #1 for port 38556] INFO  ipc.Server (Server.java:run(1074)) - Starting Socket Reader #1 for port 38556
2019-09-25 04:50:16,143 [main] INFO  ipc.CallQueueManager (CallQueueManager.java:<init>(84)) - Using callQueue: class java.util.concurrent.LinkedBlockingQueue, queueCapacity: 2000, scheduler: class org.apache.hadoop.ipc.DefaultRpcScheduler, ipcBackoff: false.
2019-09-25 04:50:16,144 [Socket Reader #1 for port 44186] INFO  ipc.Server (Server.java:run(1074)) - Starting Socket Reader #1 for port 44186
2019-09-25 04:50:16,151 [main] INFO  ipc.CallQueueManager (CallQueueManager.java:<init>(84)) - Using callQueue: class java.util.concurrent.LinkedBlockingQueue, queueCapacity: 2000, scheduler: class org.apache.hadoop.ipc.DefaultRpcScheduler, ipcBackoff: false.
2019-09-25 04:50:16,152 [Socket Reader #1 for port 33253] INFO  ipc.Server (Server.java:run(1074)) - Starting Socket Reader #1 for port 33253
2019-09-25 04:50:16,171 [main] INFO  hdfs.DFSUtil (DFSUtil.java:httpServerTemplateForNNAndJN(1641)) - Starting Web-server for scm at: http://0.0.0.0:0
2019-09-25 04:50:16,307 [main] INFO  server.AuthenticationFilter (AuthenticationFilter.java:constructSecretProvider(240)) - Unable to initialize FileSignerSecretProvider, falling back to use random secrets.
2019-09-25 04:50:16,314 [main] WARN  http.HttpRequestLog (HttpRequestLog.java:getRequestLog(97)) - Jetty request log can only be enabled using Log4j
2019-09-25 04:50:16,322 [main] INFO  http.HttpServer2 (HttpServer2.java:addGlobalFilter(975)) - Added global filter 'safety' (class=org.apache.hadoop.http.HttpServer2$QuotingInputFilter)
2019-09-25 04:50:16,325 [main] INFO  http.HttpServer2 (HttpServer2.java:addFilter(948)) - Added filter static_user_filter (class=org.apache.hadoop.http.lib.StaticUserWebFilter$StaticUserFilter) to context scm
2019-09-25 04:50:16,325 [main] INFO  http.HttpServer2 (HttpServer2.java:addFilter(958)) - Added filter static_user_filter (class=org.apache.hadoop.http.lib.StaticUserWebFilter$StaticUserFilter) to context logs
2019-09-25 04:50:16,325 [main] INFO  http.HttpServer2 (HttpServer2.java:addFilter(958)) - Added filter static_user_filter (class=org.apache.hadoop.http.lib.StaticUserWebFilter$StaticUserFilter) to context static
2019-09-25 04:50:16,354 [main] INFO  server.StorageContainerManager (StorageContainerManager.java:start(770)) - StorageContainerLocationProtocol RPC server is listening at /0.0.0.0:33253
2019-09-25 04:50:16,421 [main] WARN  impl.MetricsConfig (MetricsConfig.java:loadFirst(134)) - Cannot locate configuration: tried hadoop-metrics2-storagecontainermanager.properties,hadoop-metrics2.properties
2019-09-25 04:50:16,433 [main] INFO  impl.MetricsSystemImpl (MetricsSystemImpl.java:startTimer(374)) - Scheduled Metric snapshot period at 10 second(s).
2019-09-25 04:50:16,433 [main] INFO  impl.MetricsSystemImpl (MetricsSystemImpl.java:start(191)) - StorageContainerManager metrics system started
2019-09-25 04:50:16,663 [main] INFO  server.SCMClientProtocolServer (SCMClientProtocolServer.java:start(151)) - RPC server for Client  is listening at /0.0.0.0:33253
2019-09-25 04:50:16,664 [IPC Server listener on 33253] INFO  ipc.Server (Server.java:run(1153)) - IPC Server listener on 33253: starting
2019-09-25 04:50:16,664 [IPC Server Responder] INFO  ipc.Server (Server.java:run(1314)) - IPC Server Responder: starting
2019-09-25 04:50:16,667 [main] INFO  server.StorageContainerManager (StorageContainerManager.java:start(780)) - ScmBlockLocationProtocol RPC server is listening at /0.0.0.0:44186
2019-09-25 04:50:16,668 [main] INFO  server.SCMBlockProtocolServer (SCMBlockProtocolServer.java:start(146)) - RPC server for Block Protocol is listening at /0.0.0.0:44186
2019-09-25 04:50:16,668 [IPC Server Responder] INFO  ipc.Server (Server.java:run(1314)) - IPC Server Responder: starting
2019-09-25 04:50:16,669 [IPC Server listener on 44186] INFO  ipc.Server (Server.java:run(1153)) - IPC Server listener on 44186: starting
2019-09-25 04:50:16,670 [main] INFO  server.StorageContainerManager (StorageContainerManager.java:start(784)) - ScmDatanodeProtocl RPC server is listening at /0.0.0.0:38556
2019-09-25 04:50:16,671 [main] INFO  server.SCMDatanodeProtocolServer (SCMDatanodeProtocolServer.java:start(191)) - RPC server for DataNodes is listening at /0.0.0.0:38556
2019-09-25 04:50:16,671 [IPC Server Responder] INFO  ipc.Server (Server.java:run(1314)) - IPC Server Responder: starting
2019-09-25 04:50:16,671 [IPC Server listener on 38556] INFO  ipc.Server (Server.java:run(1153)) - IPC Server listener on 38556: starting
2019-09-25 04:50:16,674 [main] INFO  http.HttpServer2 (HttpServer2.java:bindListener(1191)) - Jetty bound to port 35951
2019-09-25 04:50:16,676 [main] INFO  server.Server (Server.java:doStart(351)) - jetty-9.3.25.v20180904, build timestamp: 2018-09-04T21:11:46Z, git hash: 3ce520221d0240229c862b122d2b06c12a625732
2019-09-25 04:50:16,712 [main] INFO  handler.ContextHandler (ContextHandler.java:doStart(781)) - Started o.e.j.s.ServletContextHandler@3e821657{/logs,file:///workdir/hadoop-ozone/integration-test/target/log,AVAILABLE}
2019-09-25 04:50:16,713 [main] INFO  handler.ContextHandler (ContextHandler.java:doStart(781)) - Started o.e.j.s.ServletContextHandler@71cf1b07{/static,file:///workdir/hadoop-ozone/integration-test/target/test-classes/webapps/static,AVAILABLE}
2019-09-25 04:50:16,746 [main] INFO  handler.ContextHandler (ContextHandler.java:doStart(781)) - Started o.e.j.w.WebAppContext@69f63d95{/,file:///workdir/hadoop-ozone/integration-test/target/test-classes/webapps/scm/,AVAILABLE}{/scm}
2019-09-25 04:50:16,752 [main] INFO  server.AbstractConnector (AbstractConnector.java:doStart(278)) - Started ServerConnector@72c927f1{HTTP/1.1,[http/1.1]}{0.0.0.0:35951}
2019-09-25 04:50:16,752 [main] INFO  server.Server (Server.java:doStart(419)) - Started @2720ms
2019-09-25 04:50:16,754 [main] INFO  impl.MetricsSinkAdapter (MetricsSinkAdapter.java:start(204)) - Sink prometheus started
2019-09-25 04:50:16,754 [main] INFO  impl.MetricsSystemImpl (MetricsSystemImpl.java:registerSink(301)) - Registered sink prometheus
2019-09-25 04:50:16,756 [main] INFO  server.BaseHttpServer (BaseHttpServer.java:updateConnectorAddress(215)) - HTTP server of SCM is listening at http://0.0.0.0:35951
2019-09-25 04:50:16,760 [org.apache.hadoop.util.JvmPauseMonitor$Monitor@532721fd] INFO  util.JvmPauseMonitor (JvmPauseMonitor.java:run(188)) - Starting JVM pause monitor
2019-09-25 04:50:16,763 [main] WARN  server.ServerUtils (ServerUtils.java:getDBPath(222)) - ozone.om.db.dirs is not configured. We recommend adding this setting. Falling back to ozone.metadata.dirs instead.
2019-09-25 04:50:16,893 [main] WARN  server.ServerUtils (ServerUtils.java:getDBPath(222)) - ozone.om.db.dirs is not configured. We recommend adding this setting. Falling back to ozone.metadata.dirs instead.
2019-09-25 04:50:16,893 [main] WARN  server.ServerUtils (ServerUtils.java:getDBPath(222)) - ozone.om.db.dirs is not configured. We recommend adding this setting. Falling back to ozone.metadata.dirs instead.
2019-09-25 04:50:16,894 [main] INFO  om.OzoneManager (OzoneManager.java:setOMNodeDetails(652)) - OM Service ID is not set. Setting it to the default ID: omServiceIdDefault
2019-09-25 04:50:16,894 [main] INFO  om.OzoneManager (OzoneManager.java:setOMNodeDetails(658)) - OM Node ID is not set. Setting it to the OmStorage's OmID: 452109eb-08c4-46f5-ab83-1a27bd765e6e
2019-09-25 04:50:16,896 [main] INFO  om.OzoneManager (OzoneManager.java:loadOMHAConfigs(609)) - Found matching OM address with OMServiceId: null, OMNodeId: null, RPC Address: localhost:0 and Ratis port: 9872
2019-09-25 04:50:17,616 [main] WARN  server.ServerUtils (ServerUtils.java:getDBPath(222)) - ozone.om.db.dirs is not configured. We recommend adding this setting. Falling back to ozone.metadata.dirs instead.
2019-09-25 04:50:17,624 [main] INFO  db.DBStoreBuilder (DBStoreBuilder.java:addTable(110)) - using custom profile for table: userTable
2019-09-25 04:50:17,624 [main] INFO  db.DBStoreBuilder (DBStoreBuilder.java:processTables(161)) - Using default column profile:DBProfile.DISK for Table:userTable
2019-09-25 04:50:17,625 [main] INFO  db.DBStoreBuilder (DBStoreBuilder.java:addTable(110)) - using custom profile for table: volumeTable
2019-09-25 04:50:17,625 [main] INFO  db.DBStoreBuilder (DBStoreBuilder.java:processTables(161)) - Using default column profile:DBProfile.DISK for Table:volumeTable
2019-09-25 04:50:17,625 [main] INFO  db.DBStoreBuilder (DBStoreBuilder.java:addTable(110)) - using custom profile for table: bucketTable
2019-09-25 04:50:17,625 [main] INFO  db.DBStoreBuilder (DBStoreBuilder.java:processTables(161)) - Using default column profile:DBProfile.DISK for Table:bucketTable
2019-09-25 04:50:17,626 [main] INFO  db.DBStoreBuilder (DBStoreBuilder.java:addTable(110)) - using custom profile for table: keyTable
2019-09-25 04:50:17,626 [main] INFO  db.DBStoreBuilder (DBStoreBuilder.java:processTables(161)) - Using default column profile:DBProfile.DISK for Table:keyTable
2019-09-25 04:50:17,626 [main] INFO  db.DBStoreBuilder (DBStoreBuilder.java:addTable(110)) - using custom profile for table: deletedTable
2019-09-25 04:50:17,626 [main] INFO  db.DBStoreBuilder (DBStoreBuilder.java:processTables(161)) - Using default column profile:DBProfile.DISK for Table:deletedTable
2019-09-25 04:50:17,627 [main] INFO  db.DBStoreBuilder (DBStoreBuilder.java:addTable(110)) - using custom profile for table: openKeyTable
2019-09-25 04:50:17,627 [main] INFO  db.DBStoreBuilder (DBStoreBuilder.java:processTables(161)) - Using default column profile:DBProfile.DISK for Table:openKeyTable
2019-09-25 04:50:17,627 [main] INFO  db.DBStoreBuilder (DBStoreBuilder.java:addTable(110)) - using custom profile for table: s3Table
2019-09-25 04:50:17,627 [main] INFO  db.DBStoreBuilder (DBStoreBuilder.java:processTables(161)) - Using default column profile:DBProfile.DISK for Table:s3Table
2019-09-25 04:50:17,628 [main] INFO  db.DBStoreBuilder (DBStoreBuilder.java:addTable(110)) - using custom profile for table: multipartInfoTable
2019-09-25 04:50:17,628 [main] INFO  db.DBStoreBuilder (DBStoreBuilder.java:processTables(161)) - Using default column profile:DBProfile.DISK for Table:multipartInfoTable
2019-09-25 04:50:17,628 [main] INFO  db.DBStoreBuilder (DBStoreBuilder.java:addTable(110)) - using custom profile for table: dTokenTable
2019-09-25 04:50:17,628 [main] INFO  db.DBStoreBuilder (DBStoreBuilder.java:processTables(161)) - Using default column profile:DBProfile.DISK for Table:dTokenTable
2019-09-25 04:50:17,629 [main] INFO  db.DBStoreBuilder (DBStoreBuilder.java:addTable(110)) - using custom profile for table: s3SecretTable
2019-09-25 04:50:17,629 [main] INFO  db.DBStoreBuilder (DBStoreBuilder.java:processTables(161)) - Using default column profile:DBProfile.DISK for Table:s3SecretTable
2019-09-25 04:50:17,629 [main] INFO  db.DBStoreBuilder (DBStoreBuilder.java:addTable(110)) - using custom profile for table: prefixTable
2019-09-25 04:50:17,629 [main] INFO  db.DBStoreBuilder (DBStoreBuilder.java:processTables(161)) - Using default column profile:DBProfile.DISK for Table:prefixTable
2019-09-25 04:50:17,630 [main] INFO  db.DBStoreBuilder (DBStoreBuilder.java:addTable(110)) - using custom profile for table: default
2019-09-25 04:50:17,630 [main] INFO  db.DBStoreBuilder (DBStoreBuilder.java:processTables(167)) - Using default column profile:DBProfile.DISK for Table:default
2019-09-25 04:50:17,630 [main] INFO  db.DBStoreBuilder (DBStoreBuilder.java:getDbProfile(198)) - Using default options. DBProfile.DISK
2019-09-25 04:50:18,249 [main] INFO  ipc.CallQueueManager (CallQueueManager.java:<init>(84)) - Using callQueue: class java.util.concurrent.LinkedBlockingQueue, queueCapacity: 2000, scheduler: class org.apache.hadoop.ipc.DefaultRpcScheduler, ipcBackoff: false.
2019-09-25 04:50:18,250 [Socket Reader #1 for port 45839] INFO  ipc.Server (Server.java:run(1074)) - Starting Socket Reader #1 for port 45839
2019-09-25 04:50:18,272 [main] INFO  om.OzoneManager (OzoneManager.java:start(1243)) - OzoneManager RPC server is listening at localhost/127.0.0.1:45839
2019-09-25 04:50:18,272 [main] INFO  impl.MetricsSystemImpl (MetricsSystemImpl.java:init(158)) - OzoneManager metrics system started (again)
2019-09-25 04:50:18,273 [IPC Server Responder] INFO  ipc.Server (Server.java:run(1314)) - IPC Server Responder: starting
2019-09-25 04:50:18,274 [IPC Server listener on 45839] INFO  ipc.Server (Server.java:run(1153)) - IPC Server listener on 45839: starting
2019-09-25 04:50:18,278 [main] INFO  hdfs.DFSUtil (DFSUtil.java:httpServerTemplateForNNAndJN(1641)) - Starting Web-server for ozoneManager at: http://0.0.0.0:0
2019-09-25 04:50:18,280 [main] INFO  server.AuthenticationFilter (AuthenticationFilter.java:constructSecretProvider(240)) - Unable to initialize FileSignerSecretProvider, falling back to use random secrets.
2019-09-25 04:50:18,280 [main] WARN  http.HttpRequestLog (HttpRequestLog.java:getRequestLog(97)) - Jetty request log can only be enabled using Log4j
2019-09-25 04:50:18,283 [main] INFO  http.HttpServer2 (HttpServer2.java:addGlobalFilter(975)) - Added global filter 'safety' (class=org.apache.hadoop.http.HttpServer2$QuotingInputFilter)
2019-09-25 04:50:18,284 [main] INFO  http.HttpServer2 (HttpServer2.java:addFilter(948)) - Added filter static_user_filter (class=org.apache.hadoop.http.lib.StaticUserWebFilter$StaticUserFilter) to context ozoneManager
2019-09-25 04:50:18,284 [main] INFO  http.HttpServer2 (HttpServer2.java:addFilter(958)) - Added filter static_user_filter (class=org.apache.hadoop.http.lib.StaticUserWebFilter$StaticUserFilter) to context static
2019-09-25 04:50:18,284 [main] INFO  http.HttpServer2 (HttpServer2.java:addFilter(958)) - Added filter static_user_filter (class=org.apache.hadoop.http.lib.StaticUserWebFilter$StaticUserFilter) to context logs
2019-09-25 04:50:18,286 [main] INFO  http.HttpServer2 (HttpServer2.java:bindListener(1191)) - Jetty bound to port 33323
2019-09-25 04:50:18,287 [main] INFO  server.Server (Server.java:doStart(351)) - jetty-9.3.25.v20180904, build timestamp: 2018-09-04T21:11:46Z, git hash: 3ce520221d0240229c862b122d2b06c12a625732
2019-09-25 04:50:18,289 [main] INFO  handler.ContextHandler (ContextHandler.java:doStart(781)) - Started o.e.j.s.ServletContextHandler@15923407{/logs,file:///workdir/hadoop-ozone/integration-test/target/log,AVAILABLE}
2019-09-25 04:50:18,289 [main] INFO  handler.ContextHandler (ContextHandler.java:doStart(781)) - Started o.e.j.s.ServletContextHandler@57540fd0{/static,file:///workdir/hadoop-ozone/integration-test/target/test-classes/webapps/static,AVAILABLE}
2019-09-25 04:50:18,294 [main] INFO  handler.ContextHandler (ContextHandler.java:doStart(781)) - Started o.e.j.w.WebAppContext@5b22b970{/,file:///workdir/hadoop-ozone/integration-test/target/test-classes/webapps/ozoneManager/,AVAILABLE}{/ozoneManager}
2019-09-25 04:50:18,295 [main] INFO  server.AbstractConnector (AbstractConnector.java:doStart(278)) - Started ServerConnector@22d1886d{HTTP/1.1,[http/1.1]}{0.0.0.0:33323}
2019-09-25 04:50:18,296 [main] INFO  server.Server (Server.java:doStart(419)) - Started @4264ms
2019-09-25 04:50:18,296 [main] WARN  impl.MetricsSystemImpl (MetricsSystemImpl.java:register(276)) - Sink prometheus already exists!
2019-09-25 04:50:18,297 [main] INFO  server.BaseHttpServer (BaseHttpServer.java:updateConnectorAddress(215)) - HTTP server of OZONEMANAGER is listening at http://0.0.0.0:33323
2019-09-25 04:50:18,622 [main] INFO  impl.MetricsSystemImpl (MetricsSystemImpl.java:init(158)) - HddsDatanode metrics system started (again)
2019-09-25 04:50:18,696 [main] INFO  ozone.HddsDatanodeService (HddsDatanodeService.java:start(184)) - HddsDatanodeService host:pr-hdds-1569-x2sr2-3486766547 ip:192.168.151.106
2019-09-25 04:50:18,743 [main] INFO  volume.HddsVolume (HddsVolume.java:<init>(176)) - Creating Volume: /workdir/hadoop-ozone/integration-test/target/test-dir/MiniOzoneClusterImpl-72f6cbb0-c919-4300-9939-20ef1cbf0e73/datanode-0/data/containers/hdds of  storage type : DISK and capacity : 1482555576320
2019-09-25 04:50:18,745 [main] INFO  volume.VolumeSet (VolumeSet.java:initializeVolumeSet(170)) - Added Volume : /workdir/hadoop-ozone/integration-test/target/test-dir/MiniOzoneClusterImpl-72f6cbb0-c919-4300-9939-20ef1cbf0e73/datanode-0/data/containers/hdds to VolumeSet
2019-09-25 04:50:18,749 [main] INFO  volume.ThrottledAsyncChecker (ThrottledAsyncChecker.java:schedule(139)) - Scheduling a check for org.apache.hadoop.ozone.container.common.volume.HddsVolume@344426bf
2019-09-25 04:50:18,771 [main] INFO  volume.HddsVolumeChecker (HddsVolumeChecker.java:checkAllVolumes(202)) - Scheduled health check for volume org.apache.hadoop.ozone.container.common.volume.HddsVolume@344426bf
2019-09-25 04:50:18,887 [main] INFO  impl.RaftServerProxy (ConfUtils.java:logGet(43)) - raft.rpc.type = GRPC (default)
2019-09-25 04:50:18,954 [main] INFO  grpc.GrpcFactory (GrpcFactory.java:checkPooledByteBufAllocatorUseCacheForAllThreads(45)) - PERFORMANCE WARNING: useCacheForAllThreads is true that may cause Netty to create a lot garbage objects and, as a result, trigger GC.
	It is recommended to disable useCacheForAllThreads by setting -Dorg.apache.ratis.thirdparty.io.netty.allocator.useCacheForAllThreads=false in command line.
2019-09-25 04:50:18,959 [main] INFO  grpc.GrpcConfigKeys$Server (ConfUtils.java:logGet(43)) - raft.grpc.server.port = 0 (default)
2019-09-25 04:50:18,960 [main] INFO  server.GrpcService (ConfUtils.java:logGet(43)) - raft.grpc.message.size.max = 33570816 (custom)
2019-09-25 04:50:18,961 [main] INFO  server.RaftServerConfigKeys (ConfUtils.java:logGet(43)) - raft.server.log.appender.buffer.byte-limit = 33554432 (custom)
2019-09-25 04:50:18,962 [main] INFO  server.GrpcService (ConfUtils.java:logGet(43)) - raft.grpc.flow.control.window = 1MB (=1048576) (default)
2019-09-25 04:50:18,963 [main] INFO  server.RaftServerConfigKeys (ConfUtils.java:logGet(43)) - raft.server.rpc.request.timeout = 3000ms (default)
2019-09-25 04:50:19,169 [main] INFO  server.RaftServerConfigKeys (ConfUtils.java:logGet(43)) - raft.server.storage.dir = [/workdir/hadoop-ozone/integration-test/target/test-dir/MiniOzoneClusterImpl-72f6cbb0-c919-4300-9939-20ef1cbf0e73/datanode-0/data/ratis] (custom)
2019-09-25 04:50:19,233 [main] INFO  hdfs.DFSUtil (DFSUtil.java:httpServerTemplateForNNAndJN(1641)) - Starting Web-server for hddsDatanode at: http://0.0.0.0:0
2019-09-25 04:50:19,235 [main] INFO  server.AuthenticationFilter (AuthenticationFilter.java:constructSecretProvider(240)) - Unable to initialize FileSignerSecretProvider, falling back to use random secrets.
2019-09-25 04:50:19,236 [main] WARN  http.HttpRequestLog (HttpRequestLog.java:getRequestLog(97)) - Jetty request log can only be enabled using Log4j
2019-09-25 04:50:19,238 [main] INFO  http.HttpServer2 (HttpServer2.java:addGlobalFilter(975)) - Added global filter 'safety' (class=org.apache.hadoop.http.HttpServer2$QuotingInputFilter)
2019-09-25 04:50:19,239 [main] INFO  http.HttpServer2 (HttpServer2.java:addFilter(948)) - Added filter static_user_filter (class=org.apache.hadoop.http.lib.StaticUserWebFilter$StaticUserFilter) to context hddsDatanode
2019-09-25 04:50:19,239 [main] INFO  http.HttpServer2 (HttpServer2.java:addFilter(958)) - Added filter static_user_filter (class=org.apache.hadoop.http.lib.StaticUserWebFilter$StaticUserFilter) to context static
2019-09-25 04:50:19,239 [main] INFO  http.HttpServer2 (HttpServer2.java:addFilter(958)) - Added filter static_user_filter (class=org.apache.hadoop.http.lib.StaticUserWebFilter$StaticUserFilter) to context logs
2019-09-25 04:50:19,240 [main] INFO  http.HttpServer2 (HttpServer2.java:bindListener(1191)) - Jetty bound to port 46398
2019-09-25 04:50:19,241 [main] INFO  server.Server (Server.java:doStart(351)) - jetty-9.3.25.v20180904, build timestamp: 2018-09-04T21:11:46Z, git hash: 3ce520221d0240229c862b122d2b06c12a625732
2019-09-25 04:50:19,243 [main] INFO  handler.ContextHandler (ContextHandler.java:doStart(781)) - Started o.e.j.s.ServletContextHandler@102ecc22{/logs,file:///workdir/hadoop-ozone/integration-test/target/log,AVAILABLE}
2019-09-25 04:50:19,243 [main] INFO  handler.ContextHandler (ContextHandler.java:doStart(781)) - Started o.e.j.s.ServletContextHandler@26dc9bd5{/static,jar:file:/home/user/.m2/repository/org/apache/hadoop/hadoop-hdds-container-service/0.5.0-SNAPSHOT/hadoop-hdds-container-service-0.5.0-SNAPSHOT.jar!/webapps/static,AVAILABLE}
2019-09-25 04:50:19,288 [main] INFO  handler.ContextHandler (ContextHandler.java:doStart(781)) - Started o.e.j.w.WebAppContext@5b852b49{/,file:///tmp/jetty-0.0.0.0-46398-hddsDatanode-_-any-4069368874577577597.dir/webapp/,AVAILABLE}{/hddsDatanode}
2019-09-25 04:50:19,288 [main] INFO  server.AbstractConnector (AbstractConnector.java:doStart(278)) - Started ServerConnector@cdb2d95{HTTP/1.1,[http/1.1]}{0.0.0.0:46398}
2019-09-25 04:50:19,289 [main] INFO  server.Server (Server.java:doStart(419)) - Started @5257ms
2019-09-25 04:50:19,290 [main] WARN  impl.MetricsSystemImpl (MetricsSystemImpl.java:register(276)) - Sink prometheus already exists!
2019-09-25 04:50:19,291 [main] INFO  server.BaseHttpServer (BaseHttpServer.java:updateConnectorAddress(215)) - HTTP server of HDDSDATANODE is listening at http://0.0.0.0:46398
2019-09-25 04:50:19,292 [main] INFO  impl.MetricsSystemImpl (MetricsSystemImpl.java:init(158)) - HddsDatanode metrics system started (again)
2019-09-25 04:50:19,295 [main] INFO  ozone.HddsDatanodeService (HddsDatanodeService.java:start(184)) - HddsDatanodeService host:pr-hdds-1569-x2sr2-3486766547 ip:192.168.151.106
2019-09-25 04:50:19,303 [org.apache.hadoop.util.JvmPauseMonitor$Monitor@31d77687] INFO  util.JvmPauseMonitor (JvmPauseMonitor.java:run(188)) - Starting JVM pause monitor
2019-09-25 04:50:19,304 [main] INFO  volume.HddsVolume (HddsVolume.java:<init>(176)) - Creating Volume: /workdir/hadoop-ozone/integration-test/target/test-dir/MiniOzoneClusterImpl-72f6cbb0-c919-4300-9939-20ef1cbf0e73/datanode-1/data/containers/hdds of  storage type : DISK and capacity : 1482555576320
2019-09-25 04:50:19,305 [main] INFO  volume.VolumeSet (VolumeSet.java:initializeVolumeSet(170)) - Added Volume : /workdir/hadoop-ozone/integration-test/target/test-dir/MiniOzoneClusterImpl-72f6cbb0-c919-4300-9939-20ef1cbf0e73/datanode-1/data/containers/hdds to VolumeSet
2019-09-25 04:50:19,306 [main] INFO  volume.ThrottledAsyncChecker (ThrottledAsyncChecker.java:schedule(139)) - Scheduling a check for org.apache.hadoop.ozone.container.common.volume.HddsVolume@5bc28f40
2019-09-25 04:50:19,306 [main] INFO  volume.HddsVolumeChecker (HddsVolumeChecker.java:checkAllVolumes(202)) - Scheduled health check for volume org.apache.hadoop.ozone.container.common.volume.HddsVolume@5bc28f40
2019-09-25 04:50:19,323 [main] INFO  impl.RaftServerProxy (ConfUtils.java:logGet(43)) - raft.rpc.type = GRPC (default)
2019-09-25 04:50:19,323 [main] INFO  grpc.GrpcFactory (GrpcFactory.java:checkPooledByteBufAllocatorUseCacheForAllThreads(45)) - PERFORMANCE WARNING: useCacheForAllThreads is true that may cause Netty to create a lot garbage objects and, as a result, trigger GC.
	It is recommended to disable useCacheForAllThreads by setting -Dorg.apache.ratis.thirdparty.io.netty.allocator.useCacheForAllThreads=false in command line.
2019-09-25 04:50:19,324 [main] INFO  grpc.GrpcConfigKeys$Server (ConfUtils.java:logGet(43)) - raft.grpc.server.port = 0 (default)
2019-09-25 04:50:19,324 [main] INFO  server.GrpcService (ConfUtils.java:logGet(43)) - raft.grpc.message.size.max = 33570816 (custom)
2019-09-25 04:50:19,324 [main] INFO  server.RaftServerConfigKeys (ConfUtils.java:logGet(43)) - raft.server.log.appender.buffer.byte-limit = 33554432 (custom)
2019-09-25 04:50:19,324 [main] INFO  server.GrpcService (ConfUtils.java:logGet(43)) - raft.grpc.flow.control.window = 1MB (=1048576) (default)
2019-09-25 04:50:19,325 [main] INFO  server.RaftServerConfigKeys (ConfUtils.java:logGet(43)) - raft.server.rpc.request.timeout = 3000ms (default)
2019-09-25 04:50:19,325 [main] INFO  server.RaftServerConfigKeys (ConfUtils.java:logGet(43)) - raft.server.storage.dir = [/workdir/hadoop-ozone/integration-test/target/test-dir/MiniOzoneClusterImpl-72f6cbb0-c919-4300-9939-20ef1cbf0e73/datanode-1/data/ratis] (custom)
2019-09-25 04:50:19,327 [main] INFO  hdfs.DFSUtil (DFSUtil.java:httpServerTemplateForNNAndJN(1641)) - Starting Web-server for hddsDatanode at: http://0.0.0.0:0
2019-09-25 04:50:19,328 [main] INFO  server.AuthenticationFilter (AuthenticationFilter.java:constructSecretProvider(240)) - Unable to initialize FileSignerSecretProvider, falling back to use random secrets.
2019-09-25 04:50:19,329 [main] WARN  http.HttpRequestLog (HttpRequestLog.java:getRequestLog(97)) - Jetty request log can only be enabled using Log4j
2019-09-25 04:50:19,331 [main] INFO  http.HttpServer2 (HttpServer2.java:addGlobalFilter(975)) - Added global filter 'safety' (class=org.apache.hadoop.http.HttpServer2$QuotingInputFilter)
2019-09-25 04:50:19,331 [main] INFO  http.HttpServer2 (HttpServer2.java:addFilter(948)) - Added filter static_user_filter (class=org.apache.hadoop.http.lib.StaticUserWebFilter$StaticUserFilter) to context hddsDatanode
2019-09-25 04:50:19,332 [main] INFO  http.HttpServer2 (HttpServer2.java:addFilter(958)) - Added filter static_user_filter (class=org.apache.hadoop.http.lib.StaticUserWebFilter$StaticUserFilter) to context static
2019-09-25 04:50:19,332 [main] INFO  http.HttpServer2 (HttpServer2.java:addFilter(958)) - Added filter static_user_filter (class=org.apache.hadoop.http.lib.StaticUserWebFilter$StaticUserFilter) to context logs
2019-09-25 04:50:19,333 [main] INFO  http.HttpServer2 (HttpServer2.java:bindListener(1191)) - Jetty bound to port 38418
2019-09-25 04:50:19,333 [main] INFO  server.Server (Server.java:doStart(351)) - jetty-9.3.25.v20180904, build timestamp: 2018-09-04T21:11:46Z, git hash: 3ce520221d0240229c862b122d2b06c12a625732
2019-09-25 04:50:19,336 [main] INFO  handler.ContextHandler (ContextHandler.java:doStart(781)) - Started o.e.j.s.ServletContextHandler@6cd64ee8{/logs,file:///workdir/hadoop-ozone/integration-test/target/log,AVAILABLE}
2019-09-25 04:50:19,337 [main] INFO  handler.ContextHandler (ContextHandler.java:doStart(781)) - Started o.e.j.s.ServletContextHandler@2f1d0bbc{/static,jar:file:/home/user/.m2/repository/org/apache/hadoop/hadoop-hdds-container-service/0.5.0-SNAPSHOT/hadoop-hdds-container-service-0.5.0-SNAPSHOT.jar!/webapps/static,AVAILABLE}
2019-09-25 04:50:19,367 [main] INFO  handler.ContextHandler (ContextHandler.java:doStart(781)) - Started o.e.j.w.WebAppContext@59072e9d{/,file:///tmp/jetty-0.0.0.0-38418-hddsDatanode-_-any-2330618926072169238.dir/webapp/,AVAILABLE}{/hddsDatanode}
2019-09-25 04:50:19,368 [main] INFO  server.AbstractConnector (AbstractConnector.java:doStart(278)) - Started ServerConnector@58472096{HTTP/1.1,[http/1.1]}{0.0.0.0:38418}
2019-09-25 04:50:19,369 [main] INFO  server.Server (Server.java:doStart(419)) - Started @5336ms
2019-09-25 04:50:19,370 [main] WARN  impl.MetricsSystemImpl (MetricsSystemImpl.java:register(276)) - Sink prometheus already exists!
2019-09-25 04:50:19,371 [main] INFO  server.BaseHttpServer (BaseHttpServer.java:updateConnectorAddress(215)) - HTTP server of HDDSDATANODE is listening at http://0.0.0.0:38418
2019-09-25 04:50:19,371 [main] INFO  impl.MetricsSystemImpl (MetricsSystemImpl.java:init(158)) - HddsDatanode metrics system started (again)
2019-09-25 04:50:19,374 [org.apache.hadoop.util.JvmPauseMonitor$Monitor@50da3d24] INFO  util.JvmPauseMonitor (JvmPauseMonitor.java:run(188)) - Starting JVM pause monitor
2019-09-25 04:50:19,375 [main] INFO  ozone.HddsDatanodeService (HddsDatanodeService.java:start(184)) - HddsDatanodeService host:pr-hdds-1569-x2sr2-3486766547 ip:192.168.151.106
2019-09-25 04:50:19,383 [main] INFO  volume.HddsVolume (HddsVolume.java:<init>(176)) - Creating Volume: /workdir/hadoop-ozone/integration-test/target/test-dir/MiniOzoneClusterImpl-72f6cbb0-c919-4300-9939-20ef1cbf0e73/datanode-2/data/containers/hdds of  storage type : DISK and capacity : 1482555576320
2019-09-25 04:50:19,383 [main] INFO  volume.VolumeSet (VolumeSet.java:initializeVolumeSet(170)) - Added Volume : /workdir/hadoop-ozone/integration-test/target/test-dir/MiniOzoneClusterImpl-72f6cbb0-c919-4300-9939-20ef1cbf0e73/datanode-2/data/containers/hdds to VolumeSet
2019-09-25 04:50:19,384 [main] INFO  volume.ThrottledAsyncChecker (ThrottledAsyncChecker.java:schedule(139)) - Scheduling a check for org.apache.hadoop.ozone.container.common.volume.HddsVolume@611a990b
2019-09-25 04:50:19,384 [main] INFO  volume.HddsVolumeChecker (HddsVolumeChecker.java:checkAllVolumes(202)) - Scheduled health check for volume org.apache.hadoop.ozone.container.common.volume.HddsVolume@611a990b
2019-09-25 04:50:19,398 [main] INFO  impl.RaftServerProxy (ConfUtils.java:logGet(43)) - raft.rpc.type = GRPC (default)
2019-09-25 04:50:19,399 [main] INFO  grpc.GrpcFactory (GrpcFactory.java:checkPooledByteBufAllocatorUseCacheForAllThreads(45)) - PERFORMANCE WARNING: useCacheForAllThreads is true that may cause Netty to create a lot garbage objects and, as a result, trigger GC.
	It is recommended to disable useCacheForAllThreads by setting -Dorg.apache.ratis.thirdparty.io.netty.allocator.useCacheForAllThreads=false in command line.
2019-09-25 04:50:19,399 [main] INFO  grpc.GrpcConfigKeys$Server (ConfUtils.java:logGet(43)) - raft.grpc.server.port = 0 (default)
2019-09-25 04:50:19,399 [main] INFO  server.GrpcService (ConfUtils.java:logGet(43)) - raft.grpc.message.size.max = 33570816 (custom)
2019-09-25 04:50:19,399 [main] INFO  server.RaftServerConfigKeys (ConfUtils.java:logGet(43)) - raft.server.log.appender.buffer.byte-limit = 33554432 (custom)
2019-09-25 04:50:19,400 [main] INFO  server.GrpcService (ConfUtils.java:logGet(43)) - raft.grpc.flow.control.window = 1MB (=1048576) (default)
2019-09-25 04:50:19,400 [main] INFO  server.RaftServerConfigKeys (ConfUtils.java:logGet(43)) - raft.server.rpc.request.timeout = 3000ms (default)
2019-09-25 04:50:19,401 [main] INFO  server.RaftServerConfigKeys (ConfUtils.java:logGet(43)) - raft.server.storage.dir = [/workdir/hadoop-ozone/integration-test/target/test-dir/MiniOzoneClusterImpl-72f6cbb0-c919-4300-9939-20ef1cbf0e73/datanode-2/data/ratis] (custom)
2019-09-25 04:50:19,403 [main] INFO  hdfs.DFSUtil (DFSUtil.java:httpServerTemplateForNNAndJN(1641)) - Starting Web-server for hddsDatanode at: http://0.0.0.0:0
2019-09-25 04:50:19,404 [main] INFO  server.AuthenticationFilter (AuthenticationFilter.java:constructSecretProvider(240)) - Unable to initialize FileSignerSecretProvider, falling back to use random secrets.
2019-09-25 04:50:19,404 [main] WARN  http.HttpRequestLog (HttpRequestLog.java:getRequestLog(97)) - Jetty request log can only be enabled using Log4j
2019-09-25 04:50:19,406 [main] INFO  http.HttpServer2 (HttpServer2.java:addGlobalFilter(975)) - Added global filter 'safety' (class=org.apache.hadoop.http.HttpServer2$QuotingInputFilter)
2019-09-25 04:50:19,407 [main] INFO  http.HttpServer2 (HttpServer2.java:addFilter(948)) - Added filter static_user_filter (class=org.apache.hadoop.http.lib.StaticUserWebFilter$StaticUserFilter) to context hddsDatanode
2019-09-25 04:50:19,407 [main] INFO  http.HttpServer2 (HttpServer2.java:addFilter(958)) - Added filter static_user_filter (class=org.apache.hadoop.http.lib.StaticUserWebFilter$StaticUserFilter) to context logs
2019-09-25 04:50:19,407 [main] INFO  http.HttpServer2 (HttpServer2.java:addFilter(958)) - Added filter static_user_filter (class=org.apache.hadoop.http.lib.StaticUserWebFilter$StaticUserFilter) to context static
2019-09-25 04:50:19,408 [main] INFO  http.HttpServer2 (HttpServer2.java:bindListener(1191)) - Jetty bound to port 45851
2019-09-25 04:50:19,408 [main] INFO  server.Server (Server.java:doStart(351)) - jetty-9.3.25.v20180904, build timestamp: 2018-09-04T21:11:46Z, git hash: 3ce520221d0240229c862b122d2b06c12a625732
2019-09-25 04:50:19,410 [main] INFO  handler.ContextHandler (ContextHandler.java:doStart(781)) - Started o.e.j.s.ServletContextHandler@5624657a{/logs,file:///workdir/hadoop-ozone/integration-test/target/log,AVAILABLE}
2019-09-25 04:50:19,411 [main] INFO  handler.ContextHandler (ContextHandler.java:doStart(781)) - Started o.e.j.s.ServletContextHandler@4d21c56e{/static,jar:file:/home/user/.m2/repository/org/apache/hadoop/hadoop-hdds-container-service/0.5.0-SNAPSHOT/hadoop-hdds-container-service-0.5.0-SNAPSHOT.jar!/webapps/static,AVAILABLE}
2019-09-25 04:50:19,432 [Datanode State Machine Thread - 0] INFO  datanode.InitDatanodeState (InitDatanodeState.java:persistContainerDatanodeDetails(140)) - DatanodeDetails is persisted to /workdir/hadoop-ozone/integration-test/target/test-dir/MiniOzoneClusterImpl-72f6cbb0-c919-4300-9939-20ef1cbf0e73/datanode-0/meta/datanode.id
2019-09-25 04:50:19,437 [Datanode State Machine Thread - 0] INFO  datanode.InitDatanodeState (InitDatanodeState.java:persistContainerDatanodeDetails(140)) - DatanodeDetails is persisted to /workdir/hadoop-ozone/integration-test/target/test-dir/MiniOzoneClusterImpl-72f6cbb0-c919-4300-9939-20ef1cbf0e73/datanode-1/meta/datanode.id
2019-09-25 04:50:19,444 [main] INFO  handler.ContextHandler (ContextHandler.java:doStart(781)) - Started o.e.j.w.WebAppContext@4a163575{/,file:///tmp/jetty-0.0.0.0-45851-hddsDatanode-_-any-9211234072950767858.dir/webapp/,AVAILABLE}{/hddsDatanode}
2019-09-25 04:50:19,445 [main] INFO  server.AbstractConnector (AbstractConnector.java:doStart(278)) - Started ServerConnector@7e642b88{HTTP/1.1,[http/1.1]}{0.0.0.0:45851}
2019-09-25 04:50:19,446 [main] INFO  server.Server (Server.java:doStart(419)) - Started @5414ms
2019-09-25 04:50:19,446 [main] WARN  impl.MetricsSystemImpl (MetricsSystemImpl.java:register(276)) - Sink prometheus already exists!
2019-09-25 04:50:19,447 [main] INFO  server.BaseHttpServer (BaseHttpServer.java:updateConnectorAddress(215)) - HTTP server of HDDSDATANODE is listening at http://0.0.0.0:45851
2019-09-25 04:50:19,448 [main] INFO  impl.MetricsSystemImpl (MetricsSystemImpl.java:init(158)) - HddsDatanode metrics system started (again)
2019-09-25 04:50:19,451 [org.apache.hadoop.util.JvmPauseMonitor$Monitor@6ce2876] INFO  util.JvmPauseMonitor (JvmPauseMonitor.java:run(188)) - Starting JVM pause monitor
2019-09-25 04:50:19,451 [main] INFO  ozone.HddsDatanodeService (HddsDatanodeService.java:start(184)) - HddsDatanodeService host:pr-hdds-1569-x2sr2-3486766547 ip:192.168.151.106
2019-09-25 04:50:19,453 [Datanode State Machine Thread - 0] INFO  datanode.InitDatanodeState (InitDatanodeState.java:persistContainerDatanodeDetails(140)) - DatanodeDetails is persisted to /workdir/hadoop-ozone/integration-test/target/test-dir/MiniOzoneClusterImpl-72f6cbb0-c919-4300-9939-20ef1cbf0e73/datanode-2/meta/datanode.id
2019-09-25 04:50:19,458 [main] INFO  volume.HddsVolume (HddsVolume.java:<init>(176)) - Creating Volume: /workdir/hadoop-ozone/integration-test/target/test-dir/MiniOzoneClusterImpl-72f6cbb0-c919-4300-9939-20ef1cbf0e73/datanode-3/data/containers/hdds of  storage type : DISK and capacity : 1482555576320
2019-09-25 04:50:19,458 [main] INFO  volume.VolumeSet (VolumeSet.java:initializeVolumeSet(170)) - Added Volume : /workdir/hadoop-ozone/integration-test/target/test-dir/MiniOzoneClusterImpl-72f6cbb0-c919-4300-9939-20ef1cbf0e73/datanode-3/data/containers/hdds to VolumeSet
2019-09-25 04:50:19,459 [main] INFO  volume.ThrottledAsyncChecker (ThrottledAsyncChecker.java:schedule(139)) - Scheduling a check for org.apache.hadoop.ozone.container.common.volume.HddsVolume@ec8f4b9
2019-09-25 04:50:19,459 [main] INFO  volume.HddsVolumeChecker (HddsVolumeChecker.java:checkAllVolumes(202)) - Scheduled health check for volume org.apache.hadoop.ozone.container.common.volume.HddsVolume@ec8f4b9
2019-09-25 04:50:19,473 [main] INFO  impl.RaftServerProxy (ConfUtils.java:logGet(43)) - raft.rpc.type = GRPC (default)
2019-09-25 04:50:19,473 [main] INFO  grpc.GrpcFactory (GrpcFactory.java:checkPooledByteBufAllocatorUseCacheForAllThreads(45)) - PERFORMANCE WARNING: useCacheForAllThreads is true that may cause Netty to create a lot garbage objects and, as a result, trigger GC.
	It is recommended to disable useCacheForAllThreads by setting -Dorg.apache.ratis.thirdparty.io.netty.allocator.useCacheForAllThreads=false in command line.
2019-09-25 04:50:19,473 [main] INFO  grpc.GrpcConfigKeys$Server (ConfUtils.java:logGet(43)) - raft.grpc.server.port = 0 (default)
2019-09-25 04:50:19,473 [main] INFO  server.GrpcService (ConfUtils.java:logGet(43)) - raft.grpc.message.size.max = 33570816 (custom)
2019-09-25 04:50:19,474 [main] INFO  server.RaftServerConfigKeys (ConfUtils.java:logGet(43)) - raft.server.log.appender.buffer.byte-limit = 33554432 (custom)
2019-09-25 04:50:19,474 [main] INFO  server.GrpcService (ConfUtils.java:logGet(43)) - raft.grpc.flow.control.window = 1MB (=1048576) (default)
2019-09-25 04:50:19,474 [main] INFO  server.RaftServerConfigKeys (ConfUtils.java:logGet(43)) - raft.server.rpc.request.timeout = 3000ms (default)
2019-09-25 04:50:19,475 [main] INFO  server.RaftServerConfigKeys (ConfUtils.java:logGet(43)) - raft.server.storage.dir = [/workdir/hadoop-ozone/integration-test/target/test-dir/MiniOzoneClusterImpl-72f6cbb0-c919-4300-9939-20ef1cbf0e73/datanode-3/data/ratis] (custom)
2019-09-25 04:50:19,476 [main] INFO  hdfs.DFSUtil (DFSUtil.java:httpServerTemplateForNNAndJN(1641)) - Starting Web-server for hddsDatanode at: http://0.0.0.0:0
2019-09-25 04:50:19,477 [main] INFO  server.AuthenticationFilter (AuthenticationFilter.java:constructSecretProvider(240)) - Unable to initialize FileSignerSecretProvider, falling back to use random secrets.
2019-09-25 04:50:19,478 [main] WARN  http.HttpRequestLog (HttpRequestLog.java:getRequestLog(97)) - Jetty request log can only be enabled using Log4j
2019-09-25 04:50:19,480 [main] INFO  http.HttpServer2 (HttpServer2.java:addGlobalFilter(975)) - Added global filter 'safety' (class=org.apache.hadoop.http.HttpServer2$QuotingInputFilter)
2019-09-25 04:50:19,480 [main] INFO  http.HttpServer2 (HttpServer2.java:addFilter(948)) - Added filter static_user_filter (class=org.apache.hadoop.http.lib.StaticUserWebFilter$StaticUserFilter) to context hddsDatanode
2019-09-25 04:50:19,480 [main] INFO  http.HttpServer2 (HttpServer2.java:addFilter(958)) - Added filter static_user_filter (class=org.apache.hadoop.http.lib.StaticUserWebFilter$StaticUserFilter) to context static
2019-09-25 04:50:19,480 [main] INFO  http.HttpServer2 (HttpServer2.java:addFilter(958)) - Added filter static_user_filter (class=org.apache.hadoop.http.lib.StaticUserWebFilter$StaticUserFilter) to context logs
2019-09-25 04:50:19,481 [main] INFO  http.HttpServer2 (HttpServer2.java:bindListener(1191)) - Jetty bound to port 46711
2019-09-25 04:50:19,481 [main] INFO  server.Server (Server.java:doStart(351)) - jetty-9.3.25.v20180904, build timestamp: 2018-09-04T21:11:46Z, git hash: 3ce520221d0240229c862b122d2b06c12a625732
2019-09-25 04:50:19,490 [main] INFO  handler.ContextHandler (ContextHandler.java:doStart(781)) - Started o.e.j.s.ServletContextHandler@97d0c06{/logs,file:///workdir/hadoop-ozone/integration-test/target/log,AVAILABLE}
2019-09-25 04:50:19,491 [main] INFO  handler.ContextHandler (ContextHandler.java:doStart(781)) - Started o.e.j.s.ServletContextHandler@43af351a{/static,jar:file:/home/user/.m2/repository/org/apache/hadoop/hadoop-hdds-container-service/0.5.0-SNAPSHOT/hadoop-hdds-container-service-0.5.0-SNAPSHOT.jar!/webapps/static,AVAILABLE}
2019-09-25 04:50:19,520 [main] INFO  handler.ContextHandler (ContextHandler.java:doStart(781)) - Started o.e.j.w.WebAppContext@15b642b9{/,file:///tmp/jetty-0.0.0.0-46711-hddsDatanode-_-any-5184229056292497847.dir/webapp/,AVAILABLE}{/hddsDatanode}
2019-09-25 04:50:19,520 [main] INFO  server.AbstractConnector (AbstractConnector.java:doStart(278)) - Started ServerConnector@518bfd90{HTTP/1.1,[http/1.1]}{0.0.0.0:46711}
2019-09-25 04:50:19,521 [main] INFO  server.Server (Server.java:doStart(419)) - Started @5489ms
2019-09-25 04:50:19,523 [main] WARN  impl.MetricsSystemImpl (MetricsSystemImpl.java:register(276)) - Sink prometheus already exists!
2019-09-25 04:50:19,524 [main] INFO  server.BaseHttpServer (BaseHttpServer.java:updateConnectorAddress(215)) - HTTP server of HDDSDATANODE is listening at http://0.0.0.0:46711
2019-09-25 04:50:19,524 [main] INFO  impl.MetricsSystemImpl (MetricsSystemImpl.java:init(158)) - HddsDatanode metrics system started (again)
2019-09-25 04:50:19,527 [main] INFO  ozone.HddsDatanodeService (HddsDatanodeService.java:start(184)) - HddsDatanodeService host:pr-hdds-1569-x2sr2-3486766547 ip:192.168.151.106
2019-09-25 04:50:19,528 [org.apache.hadoop.util.JvmPauseMonitor$Monitor@2301de66] INFO  util.JvmPauseMonitor (JvmPauseMonitor.java:run(188)) - Starting JVM pause monitor
2019-09-25 04:50:19,531 [Datanode State Machine Thread - 0] INFO  datanode.InitDatanodeState (InitDatanodeState.java:persistContainerDatanodeDetails(140)) - DatanodeDetails is persisted to /workdir/hadoop-ozone/integration-test/target/test-dir/MiniOzoneClusterImpl-72f6cbb0-c919-4300-9939-20ef1cbf0e73/datanode-3/meta/datanode.id
2019-09-25 04:50:19,537 [main] INFO  volume.HddsVolume (HddsVolume.java:<init>(176)) - Creating Volume: /workdir/hadoop-ozone/integration-test/target/test-dir/MiniOzoneClusterImpl-72f6cbb0-c919-4300-9939-20ef1cbf0e73/datanode-4/data/containers/hdds of  storage type : DISK and capacity : 1482555576320
2019-09-25 04:50:19,537 [main] INFO  volume.VolumeSet (VolumeSet.java:initializeVolumeSet(170)) - Added Volume : /workdir/hadoop-ozone/integration-test/target/test-dir/MiniOzoneClusterImpl-72f6cbb0-c919-4300-9939-20ef1cbf0e73/datanode-4/data/containers/hdds to VolumeSet
2019-09-25 04:50:19,538 [main] INFO  volume.ThrottledAsyncChecker (ThrottledAsyncChecker.java:schedule(139)) - Scheduling a check for org.apache.hadoop.ozone.container.common.volume.HddsVolume@2f897dab
2019-09-25 04:50:19,538 [main] INFO  volume.HddsVolumeChecker (HddsVolumeChecker.java:checkAllVolumes(202)) - Scheduled health check for volume org.apache.hadoop.ozone.container.common.volume.HddsVolume@2f897dab
2019-09-25 04:50:19,553 [main] INFO  impl.RaftServerProxy (ConfUtils.java:logGet(43)) - raft.rpc.type = GRPC (default)
2019-09-25 04:50:19,553 [main] INFO  grpc.GrpcFactory (GrpcFactory.java:checkPooledByteBufAllocatorUseCacheForAllThreads(45)) - PERFORMANCE WARNING: useCacheForAllThreads is true that may cause Netty to create a lot garbage objects and, as a result, trigger GC.
	It is recommended to disable useCacheForAllThreads by setting -Dorg.apache.ratis.thirdparty.io.netty.allocator.useCacheForAllThreads=false in command line.
2019-09-25 04:50:19,554 [main] INFO  grpc.GrpcConfigKeys$Server (ConfUtils.java:logGet(43)) - raft.grpc.server.port = 0 (default)
2019-09-25 04:50:19,554 [main] INFO  server.GrpcService (ConfUtils.java:logGet(43)) - raft.grpc.message.size.max = 33570816 (custom)
2019-09-25 04:50:19,554 [main] INFO  server.RaftServerConfigKeys (ConfUtils.java:logGet(43)) - raft.server.log.appender.buffer.byte-limit = 33554432 (custom)
2019-09-25 04:50:19,554 [main] INFO  server.GrpcService (ConfUtils.java:logGet(43)) - raft.grpc.flow.control.window = 1MB (=1048576) (default)
2019-09-25 04:50:19,555 [main] INFO  server.RaftServerConfigKeys (ConfUtils.java:logGet(43)) - raft.server.rpc.request.timeout = 3000ms (default)
2019-09-25 04:50:19,555 [main] INFO  server.RaftServerConfigKeys (ConfUtils.java:logGet(43)) - raft.server.storage.dir = [/workdir/hadoop-ozone/integration-test/target/test-dir/MiniOzoneClusterImpl-72f6cbb0-c919-4300-9939-20ef1cbf0e73/datanode-4/data/ratis] (custom)
2019-09-25 04:50:19,557 [main] INFO  hdfs.DFSUtil (DFSUtil.java:httpServerTemplateForNNAndJN(1641)) - Starting Web-server for hddsDatanode at: http://0.0.0.0:0
2019-09-25 04:50:19,558 [main] INFO  server.AuthenticationFilter (AuthenticationFilter.java:constructSecretProvider(240)) - Unable to initialize FileSignerSecretProvider, falling back to use random secrets.
2019-09-25 04:50:19,558 [main] WARN  http.HttpRequestLog (HttpRequestLog.java:getRequestLog(97)) - Jetty request log can only be enabled using Log4j
2019-09-25 04:50:19,560 [main] INFO  http.HttpServer2 (HttpServer2.java:addGlobalFilter(975)) - Added global filter 'safety' (class=org.apache.hadoop.http.HttpServer2$QuotingInputFilter)
2019-09-25 04:50:19,561 [main] INFO  http.HttpServer2 (HttpServer2.java:addFilter(948)) - Added filter static_user_filter (class=org.apache.hadoop.http.lib.StaticUserWebFilter$StaticUserFilter) to context hddsDatanode
2019-09-25 04:50:19,561 [main] INFO  http.HttpServer2 (HttpServer2.java:addFilter(958)) - Added filter static_user_filter (class=org.apache.hadoop.http.lib.StaticUserWebFilter$StaticUserFilter) to context logs
2019-09-25 04:50:19,561 [main] INFO  http.HttpServer2 (HttpServer2.java:addFilter(958)) - Added filter static_user_filter (class=org.apache.hadoop.http.lib.StaticUserWebFilter$StaticUserFilter) to context static
2019-09-25 04:50:19,562 [main] INFO  http.HttpServer2 (HttpServer2.java:bindListener(1191)) - Jetty bound to port 39230
2019-09-25 04:50:19,562 [main] INFO  server.Server (Server.java:doStart(351)) - jetty-9.3.25.v20180904, build timestamp: 2018-09-04T21:11:46Z, git hash: 3ce520221d0240229c862b122d2b06c12a625732
2019-09-25 04:50:19,564 [main] INFO  handler.ContextHandler (ContextHandler.java:doStart(781)) - Started o.e.j.s.ServletContextHandler@67e13bd0{/logs,file:///workdir/hadoop-ozone/integration-test/target/log,AVAILABLE}
2019-09-25 04:50:19,565 [main] INFO  handler.ContextHandler (ContextHandler.java:doStart(781)) - Started o.e.j.s.ServletContextHandler@2cae9b8{/static,jar:file:/home/user/.m2/repository/org/apache/hadoop/hadoop-hdds-container-service/0.5.0-SNAPSHOT/hadoop-hdds-container-service-0.5.0-SNAPSHOT.jar!/webapps/static,AVAILABLE}
2019-09-25 04:50:19,594 [main] INFO  handler.ContextHandler (ContextHandler.java:doStart(781)) - Started o.e.j.w.WebAppContext@53cf9c99{/,file:///tmp/jetty-0.0.0.0-39230-hddsDatanode-_-any-5467711685130636947.dir/webapp/,AVAILABLE}{/hddsDatanode}
2019-09-25 04:50:19,594 [main] INFO  server.AbstractConnector (AbstractConnector.java:doStart(278)) - Started ServerConnector@7b306b9f{HTTP/1.1,[http/1.1]}{0.0.0.0:39230}
2019-09-25 04:50:19,596 [main] INFO  server.Server (Server.java:doStart(419)) - Started @5563ms
2019-09-25 04:50:19,596 [main] WARN  impl.MetricsSystemImpl (MetricsSystemImpl.java:register(276)) - Sink prometheus already exists!
2019-09-25 04:50:19,600 [main] INFO  server.BaseHttpServer (BaseHttpServer.java:updateConnectorAddress(215)) - HTTP server of HDDSDATANODE is listening at http://0.0.0.0:39230
2019-09-25 04:50:19,601 [main] INFO  impl.MetricsSystemImpl (MetricsSystemImpl.java:init(158)) - HddsDatanode metrics system started (again)
2019-09-25 04:50:19,604 [main] INFO  ozone.HddsDatanodeService (HddsDatanodeService.java:start(184)) - HddsDatanodeService host:pr-hdds-1569-x2sr2-3486766547 ip:192.168.151.106
2019-09-25 04:50:19,604 [org.apache.hadoop.util.JvmPauseMonitor$Monitor@2f983af5] INFO  util.JvmPauseMonitor (JvmPauseMonitor.java:run(188)) - Starting JVM pause monitor
2019-09-25 04:50:19,607 [Datanode State Machine Thread - 0] INFO  datanode.InitDatanodeState (InitDatanodeState.java:persistContainerDatanodeDetails(140)) - DatanodeDetails is persisted to /workdir/hadoop-ozone/integration-test/target/test-dir/MiniOzoneClusterImpl-72f6cbb0-c919-4300-9939-20ef1cbf0e73/datanode-4/meta/datanode.id
2019-09-25 04:50:19,610 [main] INFO  volume.HddsVolume (HddsVolume.java:<init>(176)) - Creating Volume: /workdir/hadoop-ozone/integration-test/target/test-dir/MiniOzoneClusterImpl-72f6cbb0-c919-4300-9939-20ef1cbf0e73/datanode-5/data/containers/hdds of  storage type : DISK and capacity : 1482555576320
2019-09-25 04:50:19,610 [main] INFO  volume.VolumeSet (VolumeSet.java:initializeVolumeSet(170)) - Added Volume : /workdir/hadoop-ozone/integration-test/target/test-dir/MiniOzoneClusterImpl-72f6cbb0-c919-4300-9939-20ef1cbf0e73/datanode-5/data/containers/hdds to VolumeSet
2019-09-25 04:50:19,610 [main] INFO  volume.ThrottledAsyncChecker (ThrottledAsyncChecker.java:schedule(139)) - Scheduling a check for org.apache.hadoop.ozone.container.common.volume.HddsVolume@f1d0004
2019-09-25 04:50:19,611 [main] INFO  volume.HddsVolumeChecker (HddsVolumeChecker.java:checkAllVolumes(202)) - Scheduled health check for volume org.apache.hadoop.ozone.container.common.volume.HddsVolume@f1d0004
2019-09-25 04:50:19,625 [main] INFO  impl.RaftServerProxy (ConfUtils.java:logGet(43)) - raft.rpc.type = GRPC (default)
2019-09-25 04:50:19,625 [main] INFO  grpc.GrpcFactory (GrpcFactory.java:checkPooledByteBufAllocatorUseCacheForAllThreads(45)) - PERFORMANCE WARNING: useCacheForAllThreads is true that may cause Netty to create a lot garbage objects and, as a result, trigger GC.
	It is recommended to disable useCacheForAllThreads by setting -Dorg.apache.ratis.thirdparty.io.netty.allocator.useCacheForAllThreads=false in command line.
2019-09-25 04:50:19,625 [main] INFO  grpc.GrpcConfigKeys$Server (ConfUtils.java:logGet(43)) - raft.grpc.server.port = 0 (default)
2019-09-25 04:50:19,626 [main] INFO  server.GrpcService (ConfUtils.java:logGet(43)) - raft.grpc.message.size.max = 33570816 (custom)
2019-09-25 04:50:19,626 [main] INFO  server.RaftServerConfigKeys (ConfUtils.java:logGet(43)) - raft.server.log.appender.buffer.byte-limit = 33554432 (custom)
2019-09-25 04:50:19,626 [main] INFO  server.GrpcService (ConfUtils.java:logGet(43)) - raft.grpc.flow.control.window = 1MB (=1048576) (default)
2019-09-25 04:50:19,626 [main] INFO  server.RaftServerConfigKeys (ConfUtils.java:logGet(43)) - raft.server.rpc.request.timeout = 3000ms (default)
2019-09-25 04:50:19,627 [main] INFO  server.RaftServerConfigKeys (ConfUtils.java:logGet(43)) - raft.server.storage.dir = [/workdir/hadoop-ozone/integration-test/target/test-dir/MiniOzoneClusterImpl-72f6cbb0-c919-4300-9939-20ef1cbf0e73/datanode-5/data/ratis] (custom)
2019-09-25 04:50:19,628 [main] INFO  hdfs.DFSUtil (DFSUtil.java:httpServerTemplateForNNAndJN(1641)) - Starting Web-server for hddsDatanode at: http://0.0.0.0:0
2019-09-25 04:50:19,630 [main] INFO  server.AuthenticationFilter (AuthenticationFilter.java:constructSecretProvider(240)) - Unable to initialize FileSignerSecretProvider, falling back to use random secrets.
2019-09-25 04:50:19,630 [main] WARN  http.HttpRequestLog (HttpRequestLog.java:getRequestLog(97)) - Jetty request log can only be enabled using Log4j
2019-09-25 04:50:19,632 [main] INFO  http.HttpServer2 (HttpServer2.java:addGlobalFilter(975)) - Added global filter 'safety' (class=org.apache.hadoop.http.HttpServer2$QuotingInputFilter)
2019-09-25 04:50:19,632 [main] INFO  http.HttpServer2 (HttpServer2.java:addFilter(948)) - Added filter static_user_filter (class=org.apache.hadoop.http.lib.StaticUserWebFilter$StaticUserFilter) to context hddsDatanode
2019-09-25 04:50:19,633 [main] INFO  http.HttpServer2 (HttpServer2.java:addFilter(958)) - Added filter static_user_filter (class=org.apache.hadoop.http.lib.StaticUserWebFilter$StaticUserFilter) to context logs
2019-09-25 04:50:19,633 [main] INFO  http.HttpServer2 (HttpServer2.java:addFilter(958)) - Added filter static_user_filter (class=org.apache.hadoop.http.lib.StaticUserWebFilter$StaticUserFilter) to context static
2019-09-25 04:50:19,633 [main] INFO  http.HttpServer2 (HttpServer2.java:bindListener(1191)) - Jetty bound to port 36984
2019-09-25 04:50:19,634 [main] INFO  server.Server (Server.java:doStart(351)) - jetty-9.3.25.v20180904, build timestamp: 2018-09-04T21:11:46Z, git hash: 3ce520221d0240229c862b122d2b06c12a625732
2019-09-25 04:50:19,635 [main] INFO  handler.ContextHandler (ContextHandler.java:doStart(781)) - Started o.e.j.s.ServletContextHandler@21505815{/logs,file:///workdir/hadoop-ozone/integration-test/target/log,AVAILABLE}
2019-09-25 04:50:19,636 [main] INFO  handler.ContextHandler (ContextHandler.java:doStart(781)) - Started o.e.j.s.ServletContextHandler@58fef7f7{/static,jar:file:/home/user/.m2/repository/org/apache/hadoop/hadoop-hdds-container-service/0.5.0-SNAPSHOT/hadoop-hdds-container-service-0.5.0-SNAPSHOT.jar!/webapps/static,AVAILABLE}
2019-09-25 04:50:19,665 [main] INFO  handler.ContextHandler (ContextHandler.java:doStart(781)) - Started o.e.j.w.WebAppContext@100c8b75{/,file:///tmp/jetty-0.0.0.0-36984-hddsDatanode-_-any-1016606365293089531.dir/webapp/,AVAILABLE}{/hddsDatanode}
2019-09-25 04:50:19,666 [main] INFO  server.AbstractConnector (AbstractConnector.java:doStart(278)) - Started ServerConnector@2bc378f7{HTTP/1.1,[http/1.1]}{0.0.0.0:36984}
2019-09-25 04:50:19,667 [main] INFO  server.Server (Server.java:doStart(419)) - Started @5635ms
2019-09-25 04:50:19,667 [main] WARN  impl.MetricsSystemImpl (MetricsSystemImpl.java:register(276)) - Sink prometheus already exists!
2019-09-25 04:50:19,668 [main] INFO  server.BaseHttpServer (BaseHttpServer.java:updateConnectorAddress(215)) - HTTP server of HDDSDATANODE is listening at http://0.0.0.0:36984
2019-09-25 04:50:19,669 [main] INFO  impl.MetricsSystemImpl (MetricsSystemImpl.java:init(158)) - HddsDatanode metrics system started (again)
2019-09-25 04:50:19,673 [main] INFO  ozone.HddsDatanodeService (HddsDatanodeService.java:start(184)) - HddsDatanodeService host:pr-hdds-1569-x2sr2-3486766547 ip:192.168.151.106
2019-09-25 04:50:19,673 [org.apache.hadoop.util.JvmPauseMonitor$Monitor@4e2151] INFO  util.JvmPauseMonitor (JvmPauseMonitor.java:run(188)) - Starting JVM pause monitor
2019-09-25 04:50:19,677 [Datanode State Machine Thread - 0] INFO  datanode.InitDatanodeState (InitDatanodeState.java:persistContainerDatanodeDetails(140)) - DatanodeDetails is persisted to /workdir/hadoop-ozone/integration-test/target/test-dir/MiniOzoneClusterImpl-72f6cbb0-c919-4300-9939-20ef1cbf0e73/datanode-5/meta/datanode.id
2019-09-25 04:50:19,680 [main] INFO  volume.HddsVolume (HddsVolume.java:<init>(176)) - Creating Volume: /workdir/hadoop-ozone/integration-test/target/test-dir/MiniOzoneClusterImpl-72f6cbb0-c919-4300-9939-20ef1cbf0e73/datanode-6/data/containers/hdds of  storage type : DISK and capacity : 1482555576320
2019-09-25 04:50:19,681 [main] INFO  volume.VolumeSet (VolumeSet.java:initializeVolumeSet(170)) - Added Volume : /workdir/hadoop-ozone/integration-test/target/test-dir/MiniOzoneClusterImpl-72f6cbb0-c919-4300-9939-20ef1cbf0e73/datanode-6/data/containers/hdds to VolumeSet
2019-09-25 04:50:19,681 [main] INFO  volume.ThrottledAsyncChecker (ThrottledAsyncChecker.java:schedule(139)) - Scheduling a check for org.apache.hadoop.ozone.container.common.volume.HddsVolume@7afc4db9
2019-09-25 04:50:19,681 [main] INFO  volume.HddsVolumeChecker (HddsVolumeChecker.java:checkAllVolumes(202)) - Scheduled health check for volume org.apache.hadoop.ozone.container.common.volume.HddsVolume@7afc4db9
2019-09-25 04:50:19,695 [main] INFO  impl.RaftServerProxy (ConfUtils.java:logGet(43)) - raft.rpc.type = GRPC (default)
2019-09-25 04:50:19,695 [main] INFO  grpc.GrpcFactory (GrpcFactory.java:checkPooledByteBufAllocatorUseCacheForAllThreads(45)) - PERFORMANCE WARNING: useCacheForAllThreads is true that may cause Netty to create a lot garbage objects and, as a result, trigger GC.
	It is recommended to disable useCacheForAllThreads by setting -Dorg.apache.ratis.thirdparty.io.netty.allocator.useCacheForAllThreads=false in command line.
2019-09-25 04:50:19,695 [main] INFO  grpc.GrpcConfigKeys$Server (ConfUtils.java:logGet(43)) - raft.grpc.server.port = 0 (default)
2019-09-25 04:50:19,695 [main] INFO  server.GrpcService (ConfUtils.java:logGet(43)) - raft.grpc.message.size.max = 33570816 (custom)
2019-09-25 04:50:19,696 [main] INFO  server.RaftServerConfigKeys (ConfUtils.java:logGet(43)) - raft.server.log.appender.buffer.byte-limit = 33554432 (custom)
2019-09-25 04:50:19,696 [main] INFO  server.GrpcService (ConfUtils.java:logGet(43)) - raft.grpc.flow.control.window = 1MB (=1048576) (default)
2019-09-25 04:50:19,696 [main] INFO  server.RaftServerConfigKeys (ConfUtils.java:logGet(43)) - raft.server.rpc.request.timeout = 3000ms (default)
2019-09-25 04:50:19,697 [main] INFO  server.RaftServerConfigKeys (ConfUtils.java:logGet(43)) - raft.server.storage.dir = [/workdir/hadoop-ozone/integration-test/target/test-dir/MiniOzoneClusterImpl-72f6cbb0-c919-4300-9939-20ef1cbf0e73/datanode-6/data/ratis] (custom)
2019-09-25 04:50:19,698 [main] INFO  hdfs.DFSUtil (DFSUtil.java:httpServerTemplateForNNAndJN(1641)) - Starting Web-server for hddsDatanode at: http://0.0.0.0:0
2019-09-25 04:50:19,700 [main] INFO  server.AuthenticationFilter (AuthenticationFilter.java:constructSecretProvider(240)) - Unable to initialize FileSignerSecretProvider, falling back to use random secrets.
2019-09-25 04:50:19,700 [main] WARN  http.HttpRequestLog (HttpRequestLog.java:getRequestLog(97)) - Jetty request log can only be enabled using Log4j
2019-09-25 04:50:19,702 [main] INFO  http.HttpServer2 (HttpServer2.java:addGlobalFilter(975)) - Added global filter 'safety' (class=org.apache.hadoop.http.HttpServer2$QuotingInputFilter)
2019-09-25 04:50:19,702 [main] INFO  http.HttpServer2 (HttpServer2.java:addFilter(948)) - Added filter static_user_filter (class=org.apache.hadoop.http.lib.StaticUserWebFilter$StaticUserFilter) to context hddsDatanode
2019-09-25 04:50:19,702 [main] INFO  http.HttpServer2 (HttpServer2.java:addFilter(958)) - Added filter static_user_filter (class=org.apache.hadoop.http.lib.StaticUserWebFilter$StaticUserFilter) to context logs
2019-09-25 04:50:19,702 [main] INFO  http.HttpServer2 (HttpServer2.java:addFilter(958)) - Added filter static_user_filter (class=org.apache.hadoop.http.lib.StaticUserWebFilter$StaticUserFilter) to context static
2019-09-25 04:50:19,703 [main] INFO  http.HttpServer2 (HttpServer2.java:bindListener(1191)) - Jetty bound to port 42304
2019-09-25 04:50:19,703 [main] INFO  server.Server (Server.java:doStart(351)) - jetty-9.3.25.v20180904, build timestamp: 2018-09-04T21:11:46Z, git hash: 3ce520221d0240229c862b122d2b06c12a625732
2019-09-25 04:50:19,705 [main] INFO  handler.ContextHandler (ContextHandler.java:doStart(781)) - Started o.e.j.s.ServletContextHandler@1ab5f08a{/logs,file:///workdir/hadoop-ozone/integration-test/target/log,AVAILABLE}
2019-09-25 04:50:19,706 [main] INFO  handler.ContextHandler (ContextHandler.java:doStart(781)) - Started o.e.j.s.ServletContextHandler@79a04e5f{/static,jar:file:/home/user/.m2/repository/org/apache/hadoop/hadoop-hdds-container-service/0.5.0-SNAPSHOT/hadoop-hdds-container-service-0.5.0-SNAPSHOT.jar!/webapps/static,AVAILABLE}
2019-09-25 04:50:19,734 [main] INFO  handler.ContextHandler (ContextHandler.java:doStart(781)) - Started o.e.j.w.WebAppContext@5a08efdc{/,file:///tmp/jetty-0.0.0.0-42304-hddsDatanode-_-any-6184360251842046116.dir/webapp/,AVAILABLE}{/hddsDatanode}
2019-09-25 04:50:19,734 [main] INFO  server.AbstractConnector (AbstractConnector.java:doStart(278)) - Started ServerConnector@57272109{HTTP/1.1,[http/1.1]}{0.0.0.0:42304}
2019-09-25 04:50:19,736 [main] INFO  server.Server (Server.java:doStart(419)) - Started @5704ms
2019-09-25 04:50:19,736 [main] WARN  impl.MetricsSystemImpl (MetricsSystemImpl.java:register(276)) - Sink prometheus already exists!
2019-09-25 04:50:19,737 [main] INFO  server.BaseHttpServer (BaseHttpServer.java:updateConnectorAddress(215)) - HTTP server of HDDSDATANODE is listening at http://0.0.0.0:42304
2019-09-25 04:50:19,739 [main] INFO  ozone.MiniOzoneClusterImpl (MiniOzoneClusterImpl.java:lambda$waitForClusterToBeReady$0(147)) - Waiting for cluster to be ready. Got 0 of 7 DN Heartbeats.
2019-09-25 04:50:19,740 [org.apache.hadoop.util.JvmPauseMonitor$Monitor@3144cf9] INFO  util.JvmPauseMonitor (JvmPauseMonitor.java:run(188)) - Starting JVM pause monitor
2019-09-25 04:50:19,744 [Datanode State Machine Thread - 0] INFO  datanode.InitDatanodeState (InitDatanodeState.java:persistContainerDatanodeDetails(140)) - DatanodeDetails is persisted to /workdir/hadoop-ozone/integration-test/target/test-dir/MiniOzoneClusterImpl-72f6cbb0-c919-4300-9939-20ef1cbf0e73/datanode-6/meta/datanode.id
2019-09-25 04:50:20,739 [main] INFO  ozone.MiniOzoneClusterImpl (MiniOzoneClusterImpl.java:lambda$waitForClusterToBeReady$0(147)) - Waiting for cluster to be ready. Got 0 of 7 DN Heartbeats.
2019-09-25 04:50:21,377 [Datanode State Machine Thread - 0] INFO  ozoneimpl.OzoneContainer (OzoneContainer.java:start(217)) - Attempting to start container services.
2019-09-25 04:50:21,383 [Datanode State Machine Thread - 0] INFO  ozoneimpl.OzoneContainer (OzoneContainer.java:startContainerScrub(179)) - Background container scanner has been disabled.
2019-09-25 04:50:21,383 [Datanode State Machine Thread - 0] INFO  ratis.XceiverServerRatis (XceiverServerRatis.java:start(411)) - Starting XceiverServerRatis c35819d4-86f4-4223-a458-676070fe0cbb at port 0
2019-09-25 04:50:21,395 [Datanode State Machine Thread - 0] INFO  ozoneimpl.OzoneContainer (OzoneContainer.java:start(217)) - Attempting to start container services.
2019-09-25 04:50:21,407 [Datanode State Machine Thread - 0] INFO  ozoneimpl.OzoneContainer (OzoneContainer.java:startContainerScrub(179)) - Background container scanner has been disabled.
2019-09-25 04:50:21,407 [Datanode State Machine Thread - 0] INFO  ratis.XceiverServerRatis (XceiverServerRatis.java:start(411)) - Starting XceiverServerRatis b40ef231-6505-402b-ae57-fc0dc67cbbe8 at port 0
2019-09-25 04:50:21,424 [Datanode State Machine Thread - 0] INFO  impl.RaftServerProxy (RaftServerProxy.java:lambda$start$3(299)) - c35819d4-86f4-4223-a458-676070fe0cbb: start RPC server
2019-09-25 04:50:21,425 [Datanode State Machine Thread - 0] INFO  impl.RaftServerProxy (RaftServerProxy.java:lambda$start$3(299)) - b40ef231-6505-402b-ae57-fc0dc67cbbe8: start RPC server
2019-09-25 04:50:21,470 [Datanode State Machine Thread - 0] INFO  ozoneimpl.OzoneContainer (OzoneContainer.java:start(217)) - Attempting to start container services.
2019-09-25 04:50:21,475 [Datanode State Machine Thread - 0] INFO  ozoneimpl.OzoneContainer (OzoneContainer.java:startContainerScrub(179)) - Background container scanner has been disabled.
2019-09-25 04:50:21,475 [Datanode State Machine Thread - 0] INFO  ratis.XceiverServerRatis (XceiverServerRatis.java:start(411)) - Starting XceiverServerRatis a167ab1f-c96d-409e-bb26-ea230783d833 at port 0
2019-09-25 04:50:21,485 [Datanode State Machine Thread - 0] INFO  impl.RaftServerProxy (RaftServerProxy.java:lambda$start$3(299)) - a167ab1f-c96d-409e-bb26-ea230783d833: start RPC server
2019-09-25 04:50:21,548 [Datanode State Machine Thread - 0] INFO  ozoneimpl.OzoneContainer (OzoneContainer.java:start(217)) - Attempting to start container services.
2019-09-25 04:50:21,548 [Datanode State Machine Thread - 0] INFO  ozoneimpl.OzoneContainer (OzoneContainer.java:startContainerScrub(179)) - Background container scanner has been disabled.
2019-09-25 04:50:21,548 [Datanode State Machine Thread - 0] INFO  ratis.XceiverServerRatis (XceiverServerRatis.java:start(411)) - Starting XceiverServerRatis 4f7802c6-3418-4fbd-b0c6-a8e36fcecb0a at port 0
2019-09-25 04:50:21,561 [Datanode State Machine Thread - 0] INFO  impl.RaftServerProxy (RaftServerProxy.java:lambda$start$3(299)) - 4f7802c6-3418-4fbd-b0c6-a8e36fcecb0a: start RPC server
2019-09-25 04:50:21,622 [Datanode State Machine Thread - 0] INFO  ozoneimpl.OzoneContainer (OzoneContainer.java:start(217)) - Attempting to start container services.
2019-09-25 04:50:21,623 [Datanode State Machine Thread - 0] INFO  ozoneimpl.OzoneContainer (OzoneContainer.java:startContainerScrub(179)) - Background container scanner has been disabled.
2019-09-25 04:50:21,624 [Datanode State Machine Thread - 0] INFO  ratis.XceiverServerRatis (XceiverServerRatis.java:start(411)) - Starting XceiverServerRatis aabdae46-dcfa-45e6-b665-2c47bb305ebb at port 0
2019-09-25 04:50:21,626 [Datanode State Machine Thread - 0] INFO  server.GrpcService (GrpcService.java:startImpl(158)) - a167ab1f-c96d-409e-bb26-ea230783d833: GrpcService started, listening on 0.0.0.0/0.0.0.0:33404
2019-09-25 04:50:21,626 [Datanode State Machine Thread - 0] INFO  server.GrpcService (GrpcService.java:startImpl(158)) - c35819d4-86f4-4223-a458-676070fe0cbb: GrpcService started, listening on 0.0.0.0/0.0.0.0:44434
2019-09-25 04:50:21,626 [Datanode State Machine Thread - 0] INFO  server.GrpcService (GrpcService.java:startImpl(158)) - b40ef231-6505-402b-ae57-fc0dc67cbbe8: GrpcService started, listening on 0.0.0.0/0.0.0.0:41861
2019-09-25 04:50:21,626 [Datanode State Machine Thread - 0] INFO  server.GrpcService (GrpcService.java:startImpl(158)) - 4f7802c6-3418-4fbd-b0c6-a8e36fcecb0a: GrpcService started, listening on 0.0.0.0/0.0.0.0:42026
2019-09-25 04:50:21,628 [Datanode State Machine Thread - 0] INFO  ratis.XceiverServerRatis (XceiverServerRatis.java:start(421)) - XceiverServerRatis b40ef231-6505-402b-ae57-fc0dc67cbbe8 is started using port 41861
2019-09-25 04:50:21,628 [Datanode State Machine Thread - 0] INFO  ratis.XceiverServerRatis (XceiverServerRatis.java:start(421)) - XceiverServerRatis c35819d4-86f4-4223-a458-676070fe0cbb is started using port 44434
2019-09-25 04:50:21,628 [Datanode State Machine Thread - 0] INFO  ratis.XceiverServerRatis (XceiverServerRatis.java:start(421)) - XceiverServerRatis a167ab1f-c96d-409e-bb26-ea230783d833 is started using port 33404
2019-09-25 04:50:21,628 [Datanode State Machine Thread - 0] INFO  ratis.XceiverServerRatis (XceiverServerRatis.java:start(421)) - XceiverServerRatis 4f7802c6-3418-4fbd-b0c6-a8e36fcecb0a is started using port 42026
2019-09-25 04:50:21,639 [Datanode State Machine Thread - 0] INFO  server.XceiverServerGrpc (XceiverServerGrpc.java:start(149)) - XceiverServerGrpc 4f7802c6-3418-4fbd-b0c6-a8e36fcecb0a is started using port 38462
2019-09-25 04:50:21,639 [Datanode State Machine Thread - 0] INFO  server.XceiverServerGrpc (XceiverServerGrpc.java:start(149)) - XceiverServerGrpc a167ab1f-c96d-409e-bb26-ea230783d833 is started using port 35622
2019-09-25 04:50:21,641 [Datanode State Machine Thread - 0] INFO  server.XceiverServerGrpc (XceiverServerGrpc.java:start(149)) - XceiverServerGrpc c35819d4-86f4-4223-a458-676070fe0cbb is started using port 39369
2019-09-25 04:50:21,642 [Datanode State Machine Thread - 0] INFO  server.XceiverServerGrpc (XceiverServerGrpc.java:start(149)) - XceiverServerGrpc b40ef231-6505-402b-ae57-fc0dc67cbbe8 is started using port 39719
2019-09-25 04:50:21,642 [Datanode State Machine Thread - 0] INFO  impl.RaftServerProxy (RaftServerProxy.java:lambda$start$3(299)) - aabdae46-dcfa-45e6-b665-2c47bb305ebb: start RPC server
2019-09-25 04:50:21,647 [Datanode State Machine Thread - 0] INFO  server.GrpcService (GrpcService.java:startImpl(158)) - aabdae46-dcfa-45e6-b665-2c47bb305ebb: GrpcService started, listening on 0.0.0.0/0.0.0.0:41436
2019-09-25 04:50:21,647 [Datanode State Machine Thread - 0] INFO  ratis.XceiverServerRatis (XceiverServerRatis.java:start(421)) - XceiverServerRatis aabdae46-dcfa-45e6-b665-2c47bb305ebb is started using port 41436
2019-09-25 04:50:21,651 [Datanode State Machine Thread - 0] INFO  server.XceiverServerGrpc (XceiverServerGrpc.java:start(149)) - XceiverServerGrpc aabdae46-dcfa-45e6-b665-2c47bb305ebb is started using port 43741
2019-09-25 04:50:21,688 [Datanode State Machine Thread - 0] INFO  ozoneimpl.OzoneContainer (OzoneContainer.java:start(217)) - Attempting to start container services.
2019-09-25 04:50:21,689 [Datanode State Machine Thread - 0] INFO  ozoneimpl.OzoneContainer (OzoneContainer.java:startContainerScrub(179)) - Background container scanner has been disabled.
2019-09-25 04:50:21,689 [Datanode State Machine Thread - 0] INFO  ratis.XceiverServerRatis (XceiverServerRatis.java:start(411)) - Starting XceiverServerRatis 9216b865-ce6b-4fb7-bc99-65479a86b6eb at port 0
2019-09-25 04:50:21,697 [Datanode State Machine Thread - 0] INFO  impl.RaftServerProxy (RaftServerProxy.java:lambda$start$3(299)) - 9216b865-ce6b-4fb7-bc99-65479a86b6eb: start RPC server
2019-09-25 04:50:21,701 [Datanode State Machine Thread - 0] INFO  server.GrpcService (GrpcService.java:startImpl(158)) - 9216b865-ce6b-4fb7-bc99-65479a86b6eb: GrpcService started, listening on 0.0.0.0/0.0.0.0:43252
2019-09-25 04:50:21,701 [Datanode State Machine Thread - 0] INFO  ratis.XceiverServerRatis (XceiverServerRatis.java:start(421)) - XceiverServerRatis 9216b865-ce6b-4fb7-bc99-65479a86b6eb is started using port 43252
2019-09-25 04:50:21,705 [Datanode State Machine Thread - 0] INFO  server.XceiverServerGrpc (XceiverServerGrpc.java:start(149)) - XceiverServerGrpc 9216b865-ce6b-4fb7-bc99-65479a86b6eb is started using port 33649
2019-09-25 04:50:21,740 [main] INFO  ozone.MiniOzoneClusterImpl (MiniOzoneClusterImpl.java:lambda$waitForClusterToBeReady$0(147)) - Waiting for cluster to be ready. Got 0 of 7 DN Heartbeats.
2019-09-25 04:50:21,758 [Datanode State Machine Thread - 0] INFO  ozoneimpl.OzoneContainer (OzoneContainer.java:start(217)) - Attempting to start container services.
2019-09-25 04:50:21,759 [Datanode State Machine Thread - 0] INFO  ozoneimpl.OzoneContainer (OzoneContainer.java:startContainerScrub(179)) - Background container scanner has been disabled.
2019-09-25 04:50:21,759 [Datanode State Machine Thread - 0] INFO  ratis.XceiverServerRatis (XceiverServerRatis.java:start(411)) - Starting XceiverServerRatis 45f1801e-7cfd-420a-bb39-98f19dcc81c3 at port 0
2019-09-25 04:50:21,767 [Datanode State Machine Thread - 0] INFO  impl.RaftServerProxy (RaftServerProxy.java:lambda$start$3(299)) - 45f1801e-7cfd-420a-bb39-98f19dcc81c3: start RPC server
2019-09-25 04:50:21,771 [Datanode State Machine Thread - 0] INFO  server.GrpcService (GrpcService.java:startImpl(158)) - 45f1801e-7cfd-420a-bb39-98f19dcc81c3: GrpcService started, listening on 0.0.0.0/0.0.0.0:38437
2019-09-25 04:50:21,771 [Datanode State Machine Thread - 0] INFO  ratis.XceiverServerRatis (XceiverServerRatis.java:start(421)) - XceiverServerRatis 45f1801e-7cfd-420a-bb39-98f19dcc81c3 is started using port 38437
2019-09-25 04:50:21,775 [Datanode State Machine Thread - 0] INFO  server.XceiverServerGrpc (XceiverServerGrpc.java:start(149)) - XceiverServerGrpc 45f1801e-7cfd-420a-bb39-98f19dcc81c3 is started using port 44038
2019-09-25 04:50:22,741 [main] INFO  ozone.MiniOzoneClusterImpl (MiniOzoneClusterImpl.java:lambda$waitForClusterToBeReady$0(147)) - Waiting for cluster to be ready. Got 0 of 7 DN Heartbeats.
2019-09-25 04:50:23,354 [IPC Server handler 1 on 38556] INFO  net.NetworkTopology (NetworkTopologyImpl.java:add(111)) - Added a new node: /default-rack/c35819d4-86f4-4223-a458-676070fe0cbb
2019-09-25 04:50:23,355 [IPC Server handler 1 on 38556] INFO  node.SCMNodeManager (SCMNodeManager.java:register(266)) - Registered Data node : c35819d4-86f4-4223-a458-676070fe0cbb{ip: 192.168.151.106, host: pr-hdds-1569-x2sr2-3486766547, networkLocation: /default-rack, certSerialId: null}
2019-09-25 04:50:23,361 [EventQueue-NodeRegistrationContainerReportForDataNodeSafeModeRule] INFO  safemode.SCMSafeModeManager (DataNodeSafeModeRule.java:process(71)) - SCM in safe mode. 1 DataNodes registered, 1 required.
2019-09-25 04:50:23,362 [EventQueue-NodeRegistrationContainerReportForDataNodeSafeModeRule] INFO  safemode.SCMSafeModeManager (SCMSafeModeManager.java:validateSafeModeExitRules(177)) - ScmSafeModeManager, all rules are successfully validated
2019-09-25 04:50:23,362 [EventQueue-NodeRegistrationContainerReportForDataNodeSafeModeRule] INFO  safemode.SCMSafeModeManager (SCMSafeModeManager.java:exitSafeMode(193)) - SCM exiting safe mode.
2019-09-25 04:50:23,379 [IPC Server handler 2 on 38556] INFO  net.NetworkTopology (NetworkTopologyImpl.java:add(111)) - Added a new node: /default-rack/b40ef231-6505-402b-ae57-fc0dc67cbbe8
2019-09-25 04:50:23,380 [IPC Server handler 2 on 38556] INFO  node.SCMNodeManager (SCMNodeManager.java:register(266)) - Registered Data node : b40ef231-6505-402b-ae57-fc0dc67cbbe8{ip: 192.168.151.106, host: pr-hdds-1569-x2sr2-3486766547, networkLocation: /default-rack, certSerialId: null}
2019-09-25 04:50:23,453 [IPC Server handler 4 on 38556] INFO  net.NetworkTopology (NetworkTopologyImpl.java:add(111)) - Added a new node: /default-rack/a167ab1f-c96d-409e-bb26-ea230783d833
2019-09-25 04:50:23,454 [IPC Server handler 4 on 38556] INFO  node.SCMNodeManager (SCMNodeManager.java:register(266)) - Registered Data node : a167ab1f-c96d-409e-bb26-ea230783d833{ip: 192.168.151.106, host: pr-hdds-1569-x2sr2-3486766547, networkLocation: /default-rack, certSerialId: null}
2019-09-25 04:50:23,545 [IPC Server handler 3 on 38556] INFO  net.NetworkTopology (NetworkTopologyImpl.java:add(111)) - Added a new node: /default-rack/4f7802c6-3418-4fbd-b0c6-a8e36fcecb0a
2019-09-25 04:50:23,545 [IPC Server handler 3 on 38556] INFO  node.SCMNodeManager (SCMNodeManager.java:register(266)) - Registered Data node : 4f7802c6-3418-4fbd-b0c6-a8e36fcecb0a{ip: 192.168.151.106, host: pr-hdds-1569-x2sr2-3486766547, networkLocation: /default-rack, certSerialId: null}
2019-09-25 04:50:23,607 [IPC Server handler 5 on 38556] INFO  net.NetworkTopology (NetworkTopologyImpl.java:add(111)) - Added a new node: /default-rack/aabdae46-dcfa-45e6-b665-2c47bb305ebb
2019-09-25 04:50:23,608 [IPC Server handler 5 on 38556] INFO  node.SCMNodeManager (SCMNodeManager.java:register(266)) - Registered Data node : aabdae46-dcfa-45e6-b665-2c47bb305ebb{ip: 192.168.151.106, host: pr-hdds-1569-x2sr2-3486766547, networkLocation: /default-rack, certSerialId: null}
2019-09-25 04:50:23,676 [IPC Server handler 14 on 38556] INFO  net.NetworkTopology (NetworkTopologyImpl.java:add(111)) - Added a new node: /default-rack/9216b865-ce6b-4fb7-bc99-65479a86b6eb
2019-09-25 04:50:23,677 [IPC Server handler 14 on 38556] INFO  node.SCMNodeManager (SCMNodeManager.java:register(266)) - Registered Data node : 9216b865-ce6b-4fb7-bc99-65479a86b6eb{ip: 192.168.151.106, host: pr-hdds-1569-x2sr2-3486766547, networkLocation: /default-rack, certSerialId: null}
2019-09-25 04:50:23,742 [main] INFO  ozone.MiniOzoneClusterImpl (MiniOzoneClusterImpl.java:lambda$waitForClusterToBeReady$0(147)) - Waiting for cluster to be ready. Got 6 of 7 DN Heartbeats.
2019-09-25 04:50:23,745 [IPC Server handler 1 on 38556] INFO  net.NetworkTopology (NetworkTopologyImpl.java:add(111)) - Added a new node: /default-rack/45f1801e-7cfd-420a-bb39-98f19dcc81c3
2019-09-25 04:50:23,745 [IPC Server handler 1 on 38556] INFO  node.SCMNodeManager (SCMNodeManager.java:register(266)) - Registered Data node : 45f1801e-7cfd-420a-bb39-98f19dcc81c3{ip: 192.168.151.106, host: pr-hdds-1569-x2sr2-3486766547, networkLocation: /default-rack, certSerialId: null}
2019-09-25 04:50:24,007 [grpc-default-executor-0] INFO  impl.RaftServerProxy (RaftServerProxy.java:addNew(89)) - c35819d4-86f4-4223-a458-676070fe0cbb: addNew group-F52563E5CB75:[c35819d4-86f4-4223-a458-676070fe0cbb:192.168.151.106:44434] returns group-F52563E5CB75:java.util.concurrent.CompletableFuture@742aab92[Not completed]
2019-09-25 04:50:24,023 [pool-27-thread-1] INFO  impl.RaftServerImpl (RaftServerImpl.java:<init>(95)) - c35819d4-86f4-4223-a458-676070fe0cbb: new RaftServerImpl for group-F52563E5CB75:[c35819d4-86f4-4223-a458-676070fe0cbb:192.168.151.106:44434] with ContainerStateMachine:uninitialized
2019-09-25 04:50:24,025 [pool-27-thread-1] INFO  server.RaftServerConfigKeys (ConfUtils.java:logGet(43)) - raft.server.rpc.timeout.min = 5s (custom)
2019-09-25 04:50:24,027 [pool-27-thread-1] INFO  server.RaftServerConfigKeys (ConfUtils.java:logGet(43)) - raft.server.rpc.timeout.max = 5200ms (custom)
2019-09-25 04:50:24,027 [pool-27-thread-1] INFO  server.RaftServerConfigKeys (ConfUtils.java:logGet(43)) - raft.server.rpcslowness.timeout = 120s (custom)
2019-09-25 04:50:24,028 [pool-27-thread-1] INFO  server.RaftServerConfigKeys (ConfUtils.java:logGet(43)) - raft.server.sleep.deviation.threshold = 300 (default)
2019-09-25 04:50:24,029 [pool-27-thread-1] INFO  server.RaftServerConfigKeys (ConfUtils.java:logGet(43)) - raft.server.log.appender.install.snapshot.enabled = false (custom)
2019-09-25 04:50:24,038 [pool-27-thread-1] INFO  impl.RaftServerImpl (ServerState.java:<init>(103)) - c35819d4-86f4-4223-a458-676070fe0cbb@group-F52563E5CB75: ConfigurationManager, init=-1: [c35819d4-86f4-4223-a458-676070fe0cbb:192.168.151.106:44434], old=null, confs=<EMPTY_MAP>
2019-09-25 04:50:24,039 [pool-27-thread-1] INFO  server.RaftServerConfigKeys (ConfUtils.java:logGet(43)) - raft.server.storage.dir = [/workdir/hadoop-ozone/integration-test/target/test-dir/MiniOzoneClusterImpl-72f6cbb0-c919-4300-9939-20ef1cbf0e73/datanode-0/data/ratis] (custom)
2019-09-25 04:50:24,047 [pool-27-thread-1] INFO  storage.RaftStorageDirectory (RaftStorageDirectory.java:analyzeStorage(246)) - The storage directory /workdir/hadoop-ozone/integration-test/target/test-dir/MiniOzoneClusterImpl-72f6cbb0-c919-4300-9939-20ef1cbf0e73/datanode-0/data/ratis/df3d79bd-3e4d-4b6b-a35e-f52563e5cb75 does not exist. Creating ...
2019-09-25 04:50:24,065 [pool-27-thread-1] INFO  storage.RaftStorageDirectory (RaftStorageDirectory.java:tryLock(328)) - Lock on /workdir/hadoop-ozone/integration-test/target/test-dir/MiniOzoneClusterImpl-72f6cbb0-c919-4300-9939-20ef1cbf0e73/datanode-0/data/ratis/df3d79bd-3e4d-4b6b-a35e-f52563e5cb75/in_use.lock acquired by nodename 13648@pr-hdds-1569-x2sr2-3486766547
2019-09-25 04:50:24,078 [pool-27-thread-1] INFO  storage.RaftStorage (RaftStorage.java:format(72)) - Storage directory /workdir/hadoop-ozone/integration-test/target/test-dir/MiniOzoneClusterImpl-72f6cbb0-c919-4300-9939-20ef1cbf0e73/datanode-0/data/ratis/df3d79bd-3e4d-4b6b-a35e-f52563e5cb75 has been successfully formatted.
2019-09-25 04:50:24,081 [pool-27-thread-1] INFO  ratis.ContainerStateMachine (ContainerStateMachine.java:loadSnapshot(230)) - group-F52563E5CB75: The snapshot info is null. Setting the last applied indexto:(t:0, i:~)
2019-09-25 04:50:24,081 [pool-27-thread-1] INFO  server.RaftServerConfigKeys (ConfUtils.java:logGet(43)) - raft.server.notification.no-leader.timeout = 120s (custom)
2019-09-25 04:50:24,083 [pool-27-thread-1] INFO  server.RaftServerConfigKeys (ConfUtils.java:logGet(43)) - raft.server.log.use.memory = false (default)
2019-09-25 04:50:24,089 [pool-27-thread-1] INFO  server.RaftServerConfigKeys (ConfUtils.java:logGet(43)) - raft.server.log.purge.gap = 1000000 (custom)
2019-09-25 04:50:24,089 [pool-27-thread-1] INFO  server.RaftServerConfigKeys (ConfUtils.java:logGet(43)) - raft.server.log.appender.buffer.byte-limit = 33554432 (custom)
2019-09-25 04:50:24,092 [pool-27-thread-1] INFO  server.RaftServerConfigKeys (ConfUtils.java:logGet(43)) - raft.server.log.segment.size.max = 1048576 (custom)
2019-09-25 04:50:24,096 [pool-27-thread-1] INFO  server.RaftServerConfigKeys (ConfUtils.java:logGet(43)) - raft.server.log.segment.cache.num.max = 2 (custom)
2019-09-25 04:50:24,102 [pool-27-thread-1] INFO  segmented.SegmentedRaftLogWorker (SegmentedRaftLogWorker.java:<init>(172)) - new c35819d4-86f4-4223-a458-676070fe0cbb@group-F52563E5CB75-SegmentedRaftLogWorker for RaftStorage:Storage Directory /workdir/hadoop-ozone/integration-test/target/test-dir/MiniOzoneClusterImpl-72f6cbb0-c919-4300-9939-20ef1cbf0e73/datanode-0/data/ratis/df3d79bd-3e4d-4b6b-a35e-f52563e5cb75
2019-09-25 04:50:24,104 [pool-27-thread-1] INFO  impl.MetricsSystemImpl (MetricsSystemImpl.java:init(158)) - ratis metrics system started (again)
2019-09-25 04:50:24,110 [pool-27-thread-1] INFO  metrics.MetricRegistries (MetricRegistriesLoader.java:load(64)) - Loaded MetricRegistries class org.apache.ratis.metrics.impl.MetricRegistriesImpl
2019-09-25 04:50:24,139 [pool-27-thread-1] INFO  server.RaftServerConfigKeys (ConfUtils.java:logGet(43)) - raft.server.log.queue.byte-limit = 2147483647 (custom)
2019-09-25 04:50:24,139 [pool-27-thread-1] INFO  server.RaftServerConfigKeys (ConfUtils.java:logGet(43)) - raft.server.log.queue.element-limit = 1024 (custom)
2019-09-25 04:50:24,142 [pool-27-thread-1] INFO  server.RaftServerConfigKeys (ConfUtils.java:logGet(43)) - raft.server.log.segment.size.max = 1048576 (custom)
2019-09-25 04:50:24,143 [pool-27-thread-1] INFO  server.RaftServerConfigKeys (ConfUtils.java:logGet(43)) - raft.server.log.preallocated.size = 16384 (custom)
2019-09-25 04:50:24,143 [pool-27-thread-1] INFO  server.RaftServerConfigKeys (ConfUtils.java:logGet(43)) - raft.server.log.write.buffer.size = 33554432 (custom)
2019-09-25 04:50:24,143 [pool-27-thread-1] INFO  server.RaftServerConfigKeys (ConfUtils.java:logGet(43)) - raft.server.log.force.sync.num = 128 (default)
2019-09-25 04:50:24,144 [pool-27-thread-1] INFO  server.RaftServerConfigKeys (ConfUtils.java:logGet(43)) - raft.server.log.statemachine.data.sync = true (default)
2019-09-25 04:50:24,145 [pool-27-thread-1] INFO  server.RaftServerConfigKeys (ConfUtils.java:logGet(43)) - raft.server.log.statemachine.data.sync.timeout = 10s (default)
2019-09-25 04:50:24,145 [pool-27-thread-1] INFO  server.RaftServerConfigKeys (ConfUtils.java:logGet(43)) - raft.server.log.statemachine.data.sync.timeout.retry = -1 (default)
2019-09-25 04:50:24,153 [pool-27-thread-1] INFO  server.RaftServerConfigKeys (ConfUtils.java:logGet(43)) - raft.server.log.statemachine.data.caching.enabled = true (custom)
2019-09-25 04:50:24,157 [pool-27-thread-1] INFO  segmented.SegmentedRaftLogWorker (SegmentedRaftLogWorker.java:lambda$new$0(132)) - c35819d4-86f4-4223-a458-676070fe0cbb@group-F52563E5CB75-SegmentedRaftLogWorker: flushIndex: setUnconditionally 0 -> -1
2019-09-25 04:50:24,161 [pool-27-thread-1] INFO  server.RaftServerConfigKeys (ConfUtils.java:logGet(43)) - raft.server.snapshot.auto.trigger.enabled = true (custom)
2019-09-25 04:50:24,162 [pool-27-thread-1] INFO  server.RaftServerConfigKeys (ConfUtils.java:logGet(43)) - raft.server.snapshot.auto.trigger.threshold = 10000 (custom)
2019-09-25 04:50:24,163 [pool-27-thread-1] INFO  server.RaftServerConfigKeys (ConfUtils.java:logGet(43)) - raft.server.snapshot.retention.num.files = 5 (custom)
2019-09-25 04:50:24,163 [pool-27-thread-1] INFO  server.RaftServerConfigKeys (ConfUtils.java:logGet(43)) - raft.server.retrycache.expirytime = 600000ms (custom)
2019-09-25 04:50:24,190 [pool-27-thread-1] INFO  impl.RaftServerImpl (RaftServerImpl.java:start(185)) - c35819d4-86f4-4223-a458-676070fe0cbb@group-F52563E5CB75: start as a follower, conf=-1: [c35819d4-86f4-4223-a458-676070fe0cbb:192.168.151.106:44434], old=null
2019-09-25 04:50:24,190 [pool-27-thread-1] INFO  impl.RaftServerImpl (RaftServerImpl.java:setRole(174)) - c35819d4-86f4-4223-a458-676070fe0cbb@group-F52563E5CB75: changes role from      null to FOLLOWER at term 0 for startAsFollower
2019-09-25 04:50:24,192 [pool-27-thread-1] INFO  impl.RoleInfo (RoleInfo.java:updateAndGet(143)) - c35819d4-86f4-4223-a458-676070fe0cbb: start FollowerState
2019-09-25 04:50:24,193 [pool-27-thread-1] INFO  util.JmxRegister (JmxRegister.java:tryRegister(44)) - Successfully registered JMX Bean with object name Ratis:service=RaftServer,group=group-F52563E5CB75,id=c35819d4-86f4-4223-a458-676070fe0cbb
2019-09-25 04:50:24,265 [RatisPipelineUtilsThread] INFO  pipeline.PipelineStateManager (PipelineStateManager.java:addPipeline(56)) - Created pipeline Pipeline[ Id: df3d79bd-3e4d-4b6b-a35e-f52563e5cb75, Nodes: c35819d4-86f4-4223-a458-676070fe0cbb{ip: 192.168.151.106, host: pr-hdds-1569-x2sr2-3486766547, networkLocation: /default-rack, certSerialId: null}, Type:RATIS, Factor:ONE, State:OPEN]
2019-09-25 04:50:24,300 [grpc-default-executor-0] INFO  impl.RaftServerProxy (RaftServerProxy.java:addNew(89)) - 9216b865-ce6b-4fb7-bc99-65479a86b6eb: addNew group-765B63C924A8:[9216b865-ce6b-4fb7-bc99-65479a86b6eb:192.168.151.106:43252] returns group-765B63C924A8:java.util.concurrent.CompletableFuture@1ea0f8aa[Not completed]
2019-09-25 04:50:24,356 [pool-77-thread-1] INFO  impl.RaftServerImpl (RaftServerImpl.java:<init>(95)) - 9216b865-ce6b-4fb7-bc99-65479a86b6eb: new RaftServerImpl for group-765B63C924A8:[9216b865-ce6b-4fb7-bc99-65479a86b6eb:192.168.151.106:43252] with ContainerStateMachine:uninitialized
2019-09-25 04:50:24,358 [pool-77-thread-1] INFO  server.RaftServerConfigKeys (ConfUtils.java:logGet(43)) - raft.server.rpc.timeout.min = 5s (custom)
2019-09-25 04:50:24,358 [pool-77-thread-1] INFO  server.RaftServerConfigKeys (ConfUtils.java:logGet(43)) - raft.server.rpc.timeout.max = 5200ms (custom)
2019-09-25 04:50:24,358 [pool-77-thread-1] INFO  server.RaftServerConfigKeys (ConfUtils.java:logGet(43)) - raft.server.rpcslowness.timeout = 120s (custom)
2019-09-25 04:50:24,358 [pool-77-thread-1] INFO  server.RaftServerConfigKeys (ConfUtils.java:logGet(43)) - raft.server.sleep.deviation.threshold = 300 (default)
2019-09-25 04:50:24,359 [pool-77-thread-1] INFO  server.RaftServerConfigKeys (ConfUtils.java:logGet(43)) - raft.server.log.appender.install.snapshot.enabled = false (custom)
2019-09-25 04:50:24,359 [pool-77-thread-1] INFO  impl.RaftServerImpl (ServerState.java:<init>(103)) - 9216b865-ce6b-4fb7-bc99-65479a86b6eb@group-765B63C924A8: ConfigurationManager, init=-1: [9216b865-ce6b-4fb7-bc99-65479a86b6eb:192.168.151.106:43252], old=null, confs=<EMPTY_MAP>
2019-09-25 04:50:24,359 [pool-77-thread-1] INFO  server.RaftServerConfigKeys (ConfUtils.java:logGet(43)) - raft.server.storage.dir = [/workdir/hadoop-ozone/integration-test/target/test-dir/MiniOzoneClusterImpl-72f6cbb0-c919-4300-9939-20ef1cbf0e73/datanode-5/data/ratis] (custom)
2019-09-25 04:50:24,360 [pool-77-thread-1] INFO  storage.RaftStorageDirectory (RaftStorageDirectory.java:analyzeStorage(246)) - The storage directory /workdir/hadoop-ozone/integration-test/target/test-dir/MiniOzoneClusterImpl-72f6cbb0-c919-4300-9939-20ef1cbf0e73/datanode-5/data/ratis/faee7898-f7b6-40e3-9265-765b63c924a8 does not exist. Creating ...
2019-09-25 04:50:24,377 [pool-77-thread-1] INFO  storage.RaftStorageDirectory (RaftStorageDirectory.java:tryLock(328)) - Lock on /workdir/hadoop-ozone/integration-test/target/test-dir/MiniOzoneClusterImpl-72f6cbb0-c919-4300-9939-20ef1cbf0e73/datanode-5/data/ratis/faee7898-f7b6-40e3-9265-765b63c924a8/in_use.lock acquired by nodename 13648@pr-hdds-1569-x2sr2-3486766547
2019-09-25 04:50:24,390 [pool-77-thread-1] INFO  storage.RaftStorage (RaftStorage.java:format(72)) - Storage directory /workdir/hadoop-ozone/integration-test/target/test-dir/MiniOzoneClusterImpl-72f6cbb0-c919-4300-9939-20ef1cbf0e73/datanode-5/data/ratis/faee7898-f7b6-40e3-9265-765b63c924a8 has been successfully formatted.
2019-09-25 04:50:24,392 [pool-77-thread-1] INFO  ratis.ContainerStateMachine (ContainerStateMachine.java:loadSnapshot(230)) - group-765B63C924A8: The snapshot info is null. Setting the last applied indexto:(t:0, i:~)
2019-09-25 04:50:24,393 [pool-77-thread-1] INFO  server.RaftServerConfigKeys (ConfUtils.java:logGet(43)) - raft.server.notification.no-leader.timeout = 120s (custom)
2019-09-25 04:50:24,393 [pool-77-thread-1] INFO  server.RaftServerConfigKeys (ConfUtils.java:logGet(43)) - raft.server.log.use.memory = false (default)
2019-09-25 04:50:24,394 [pool-77-thread-1] INFO  server.RaftServerConfigKeys (ConfUtils.java:logGet(43)) - raft.server.log.purge.gap = 1000000 (custom)
2019-09-25 04:50:24,394 [pool-77-thread-1] INFO  server.RaftServerConfigKeys (ConfUtils.java:logGet(43)) - raft.server.log.appender.buffer.byte-limit = 33554432 (custom)
2019-09-25 04:50:24,394 [pool-77-thread-1] INFO  server.RaftServerConfigKeys (ConfUtils.java:logGet(43)) - raft.server.log.segment.size.max = 1048576 (custom)
2019-09-25 04:50:24,394 [pool-77-thread-1] INFO  server.RaftServerConfigKeys (ConfUtils.java:logGet(43)) - raft.server.log.segment.cache.num.max = 2 (custom)
2019-09-25 04:50:24,395 [pool-77-thread-1] INFO  segmented.SegmentedRaftLogWorker (SegmentedRaftLogWorker.java:<init>(172)) - new 9216b865-ce6b-4fb7-bc99-65479a86b6eb@group-765B63C924A8-SegmentedRaftLogWorker for RaftStorage:Storage Directory /workdir/hadoop-ozone/integration-test/target/test-dir/MiniOzoneClusterImpl-72f6cbb0-c919-4300-9939-20ef1cbf0e73/datanode-5/data/ratis/faee7898-f7b6-40e3-9265-765b63c924a8
2019-09-25 04:50:24,403 [pool-77-thread-1] INFO  server.RaftServerConfigKeys (ConfUtils.java:logGet(43)) - raft.server.log.queue.byte-limit = 2147483647 (custom)
2019-09-25 04:50:24,403 [pool-77-thread-1] INFO  server.RaftServerConfigKeys (ConfUtils.java:logGet(43)) - raft.server.log.queue.element-limit = 1024 (custom)
2019-09-25 04:50:24,403 [pool-77-thread-1] INFO  server.RaftServerConfigKeys (ConfUtils.java:logGet(43)) - raft.server.log.segment.size.max = 1048576 (custom)
2019-09-25 04:50:24,404 [pool-77-thread-1] INFO  server.RaftServerConfigKeys (ConfUtils.java:logGet(43)) - raft.server.log.preallocated.size = 16384 (custom)
2019-09-25 04:50:24,404 [pool-77-thread-1] INFO  server.RaftServerConfigKeys (ConfUtils.java:logGet(43)) - raft.server.log.write.buffer.size = 33554432 (custom)
2019-09-25 04:50:24,404 [pool-77-thread-1] INFO  server.RaftServerConfigKeys (ConfUtils.java:logGet(43)) - raft.server.log.force.sync.num = 128 (default)
2019-09-25 04:50:24,404 [pool-77-thread-1] INFO  server.RaftServerConfigKeys (ConfUtils.java:logGet(43)) - raft.server.log.statemachine.data.sync = true (default)
2019-09-25 04:50:24,405 [pool-77-thread-1] INFO  server.RaftServerConfigKeys (ConfUtils.java:logGet(43)) - raft.server.log.statemachine.data.sync.timeout = 10s (default)
2019-09-25 04:50:24,405 [pool-77-thread-1] INFO  server.RaftServerConfigKeys (ConfUtils.java:logGet(43)) - raft.server.log.statemachine.data.sync.timeout.retry = -1 (default)
2019-09-25 04:50:24,405 [pool-77-thread-1] INFO  server.RaftServerConfigKeys (ConfUtils.java:logGet(43)) - raft.server.log.statemachine.data.caching.enabled = true (custom)
2019-09-25 04:50:24,406 [pool-77-thread-1] INFO  segmented.SegmentedRaftLogWorker (SegmentedRaftLogWorker.java:lambda$new$0(132)) - 9216b865-ce6b-4fb7-bc99-65479a86b6eb@group-765B63C924A8-SegmentedRaftLogWorker: flushIndex: setUnconditionally 0 -> -1
2019-09-25 04:50:24,406 [pool-77-thread-1] INFO  server.RaftServerConfigKeys (ConfUtils.java:logGet(43)) - raft.server.snapshot.auto.trigger.enabled = true (custom)
2019-09-25 04:50:24,406 [pool-77-thread-1] INFO  server.RaftServerConfigKeys (ConfUtils.java:logGet(43)) - raft.server.snapshot.auto.trigger.threshold = 10000 (custom)
2019-09-25 04:50:24,407 [pool-77-thread-1] INFO  server.RaftServerConfigKeys (ConfUtils.java:logGet(43)) - raft.server.snapshot.retention.num.files = 5 (custom)
2019-09-25 04:50:24,407 [pool-77-thread-1] INFO  server.RaftServerConfigKeys (ConfUtils.java:logGet(43)) - raft.server.retrycache.expirytime = 600000ms (custom)
2019-09-25 04:50:24,413 [pool-77-thread-1] INFO  impl.RaftServerImpl (RaftServerImpl.java:start(185)) - 9216b865-ce6b-4fb7-bc99-65479a86b6eb@group-765B63C924A8: start as a follower, conf=-1: [9216b865-ce6b-4fb7-bc99-65479a86b6eb:192.168.151.106:43252], old=null
2019-09-25 04:50:24,414 [pool-77-thread-1] INFO  impl.RaftServerImpl (RaftServerImpl.java:setRole(174)) - 9216b865-ce6b-4fb7-bc99-65479a86b6eb@group-765B63C924A8: changes role from      null to FOLLOWER at term 0 for startAsFollower
2019-09-25 04:50:24,414 [pool-77-thread-1] INFO  impl.RoleInfo (RoleInfo.java:updateAndGet(143)) - 9216b865-ce6b-4fb7-bc99-65479a86b6eb: start FollowerState
2019-09-25 04:50:24,416 [pool-77-thread-1] INFO  util.JmxRegister (JmxRegister.java:tryRegister(44)) - Successfully registered JMX Bean with object name Ratis:service=RaftServer,group=group-765B63C924A8,id=9216b865-ce6b-4fb7-bc99-65479a86b6eb
2019-09-25 04:50:24,431 [RatisPipelineUtilsThread] INFO  pipeline.PipelineStateManager (PipelineStateManager.java:addPipeline(56)) - Created pipeline Pipeline[ Id: faee7898-f7b6-40e3-9265-765b63c924a8, Nodes: 9216b865-ce6b-4fb7-bc99-65479a86b6eb{ip: 192.168.151.106, host: pr-hdds-1569-x2sr2-3486766547, networkLocation: /default-rack, certSerialId: null}, Type:RATIS, Factor:ONE, State:OPEN]
2019-09-25 04:50:24,457 [grpc-default-executor-0] INFO  impl.RaftServerProxy (RaftServerProxy.java:addNew(89)) - 45f1801e-7cfd-420a-bb39-98f19dcc81c3: addNew group-7715DB851B41:[45f1801e-7cfd-420a-bb39-98f19dcc81c3:192.168.151.106:38437] returns group-7715DB851B41:java.util.concurrent.CompletableFuture@5589b2a2[Not completed]
2019-09-25 04:50:24,481 [pool-87-thread-1] INFO  impl.RaftServerImpl (RaftServerImpl.java:<init>(95)) - 45f1801e-7cfd-420a-bb39-98f19dcc81c3: new RaftServerImpl for group-7715DB851B41:[45f1801e-7cfd-420a-bb39-98f19dcc81c3:192.168.151.106:38437] with ContainerStateMachine:uninitialized
2019-09-25 04:50:24,482 [pool-87-thread-1] INFO  server.RaftServerConfigKeys (ConfUtils.java:logGet(43)) - raft.server.rpc.timeout.min = 5s (custom)
2019-09-25 04:50:24,482 [pool-87-thread-1] INFO  server.RaftServerConfigKeys (ConfUtils.java:logGet(43)) - raft.server.rpc.timeout.max = 5200ms (custom)
2019-09-25 04:50:24,482 [pool-87-thread-1] INFO  server.RaftServerConfigKeys (ConfUtils.java:logGet(43)) - raft.server.rpcslowness.timeout = 120s (custom)
2019-09-25 04:50:24,482 [pool-87-thread-1] INFO  server.RaftServerConfigKeys (ConfUtils.java:logGet(43)) - raft.server.sleep.deviation.threshold = 300 (default)
2019-09-25 04:50:24,482 [pool-87-thread-1] INFO  server.RaftServerConfigKeys (ConfUtils.java:logGet(43)) - raft.server.log.appender.install.snapshot.enabled = false (custom)
2019-09-25 04:50:24,483 [pool-87-thread-1] INFO  impl.RaftServerImpl (ServerState.java:<init>(103)) - 45f1801e-7cfd-420a-bb39-98f19dcc81c3@group-7715DB851B41: ConfigurationManager, init=-1: [45f1801e-7cfd-420a-bb39-98f19dcc81c3:192.168.151.106:38437], old=null, confs=<EMPTY_MAP>
2019-09-25 04:50:24,483 [pool-87-thread-1] INFO  server.RaftServerConfigKeys (ConfUtils.java:logGet(43)) - raft.server.storage.dir = [/workdir/hadoop-ozone/integration-test/target/test-dir/MiniOzoneClusterImpl-72f6cbb0-c919-4300-9939-20ef1cbf0e73/datanode-6/data/ratis] (custom)
2019-09-25 04:50:24,484 [pool-87-thread-1] INFO  storage.RaftStorageDirectory (RaftStorageDirectory.java:analyzeStorage(246)) - The storage directory /workdir/hadoop-ozone/integration-test/target/test-dir/MiniOzoneClusterImpl-72f6cbb0-c919-4300-9939-20ef1cbf0e73/datanode-6/data/ratis/5c125e37-f628-4715-9eab-7715db851b41 does not exist. Creating ...
2019-09-25 04:50:24,497 [pool-87-thread-1] INFO  storage.RaftStorageDirectory (RaftStorageDirectory.java:tryLock(328)) - Lock on /workdir/hadoop-ozone/integration-test/target/test-dir/MiniOzoneClusterImpl-72f6cbb0-c919-4300-9939-20ef1cbf0e73/datanode-6/data/ratis/5c125e37-f628-4715-9eab-7715db851b41/in_use.lock acquired by nodename 13648@pr-hdds-1569-x2sr2-3486766547
2019-09-25 04:50:24,510 [pool-87-thread-1] INFO  storage.RaftStorage (RaftStorage.java:format(72)) - Storage directory /workdir/hadoop-ozone/integration-test/target/test-dir/MiniOzoneClusterImpl-72f6cbb0-c919-4300-9939-20ef1cbf0e73/datanode-6/data/ratis/5c125e37-f628-4715-9eab-7715db851b41 has been successfully formatted.
2019-09-25 04:50:24,511 [pool-87-thread-1] INFO  ratis.ContainerStateMachine (ContainerStateMachine.java:loadSnapshot(230)) - group-7715DB851B41: The snapshot info is null. Setting the last applied indexto:(t:0, i:~)
2019-09-25 04:50:24,511 [pool-87-thread-1] INFO  server.RaftServerConfigKeys (ConfUtils.java:logGet(43)) - raft.server.notification.no-leader.timeout = 120s (custom)
2019-09-25 04:50:24,511 [pool-87-thread-1] INFO  server.RaftServerConfigKeys (ConfUtils.java:logGet(43)) - raft.server.log.use.memory = false (default)
2019-09-25 04:50:24,512 [pool-87-thread-1] INFO  server.RaftServerConfigKeys (ConfUtils.java:logGet(43)) - raft.server.log.purge.gap = 1000000 (custom)
2019-09-25 04:50:24,512 [pool-87-thread-1] INFO  server.RaftServerConfigKeys (ConfUtils.java:logGet(43)) - raft.server.log.appender.buffer.byte-limit = 33554432 (custom)
2019-09-25 04:50:24,512 [pool-87-thread-1] INFO  server.RaftServerConfigKeys (ConfUtils.java:logGet(43)) - raft.server.log.segment.size.max = 1048576 (custom)
2019-09-25 04:50:24,512 [pool-87-thread-1] INFO  server.RaftServerConfigKeys (ConfUtils.java:logGet(43)) - raft.server.log.segment.cache.num.max = 2 (custom)
2019-09-25 04:50:24,513 [pool-87-thread-1] INFO  segmented.SegmentedRaftLogWorker (SegmentedRaftLogWorker.java:<init>(172)) - new 45f1801e-7cfd-420a-bb39-98f19dcc81c3@group-7715DB851B41-SegmentedRaftLogWorker for RaftStorage:Storage Directory /workdir/hadoop-ozone/integration-test/target/test-dir/MiniOzoneClusterImpl-72f6cbb0-c919-4300-9939-20ef1cbf0e73/datanode-6/data/ratis/5c125e37-f628-4715-9eab-7715db851b41
2019-09-25 04:50:24,561 [pool-87-thread-1] INFO  server.RaftServerConfigKeys (ConfUtils.java:logGet(43)) - raft.server.log.queue.byte-limit = 2147483647 (custom)
2019-09-25 04:50:24,561 [pool-87-thread-1] INFO  server.RaftServerConfigKeys (ConfUtils.java:logGet(43)) - raft.server.log.queue.element-limit = 1024 (custom)
2019-09-25 04:50:24,562 [pool-87-thread-1] INFO  server.RaftServerConfigKeys (ConfUtils.java:logGet(43)) - raft.server.log.segment.size.max = 1048576 (custom)
2019-09-25 04:50:24,562 [pool-87-thread-1] INFO  server.RaftServerConfigKeys (ConfUtils.java:logGet(43)) - raft.server.log.preallocated.size = 16384 (custom)
2019-09-25 04:50:24,562 [pool-87-thread-1] INFO  server.RaftServerConfigKeys (ConfUtils.java:logGet(43)) - raft.server.log.write.buffer.size = 33554432 (custom)
2019-09-25 04:50:24,562 [pool-87-thread-1] INFO  server.RaftServerConfigKeys (ConfUtils.java:logGet(43)) - raft.server.log.force.sync.num = 128 (default)
2019-09-25 04:50:24,563 [pool-87-thread-1] INFO  server.RaftServerConfigKeys (ConfUtils.java:logGet(43)) - raft.server.log.statemachine.data.sync = true (default)
2019-09-25 04:50:24,563 [pool-87-thread-1] INFO  server.RaftServerConfigKeys (ConfUtils.java:logGet(43)) - raft.server.log.statemachine.data.sync.timeout = 10s (default)
2019-09-25 04:50:24,563 [pool-87-thread-1] INFO  server.RaftServerConfigKeys (ConfUtils.java:logGet(43)) - raft.server.log.statemachine.data.sync.timeout.retry = -1 (default)
2019-09-25 04:50:24,563 [pool-87-thread-1] INFO  server.RaftServerConfigKeys (ConfUtils.java:logGet(43)) - raft.server.log.statemachine.data.caching.enabled = true (custom)
2019-09-25 04:50:24,564 [pool-87-thread-1] INFO  segmented.SegmentedRaftLogWorker (SegmentedRaftLogWorker.java:lambda$new$0(132)) - 45f1801e-7cfd-420a-bb39-98f19dcc81c3@group-7715DB851B41-SegmentedRaftLogWorker: flushIndex: setUnconditionally 0 -> -1
2019-09-25 04:50:24,564 [pool-87-thread-1] INFO  server.RaftServerConfigKeys (ConfUtils.java:logGet(43)) - raft.server.snapshot.auto.trigger.enabled = true (custom)
2019-09-25 04:50:24,565 [pool-87-thread-1] INFO  server.RaftServerConfigKeys (ConfUtils.java:logGet(43)) - raft.server.snapshot.auto.trigger.threshold = 10000 (custom)
2019-09-25 04:50:24,565 [pool-87-thread-1] INFO  server.RaftServerConfigKeys (ConfUtils.java:logGet(43)) - raft.server.snapshot.retention.num.files = 5 (custom)
2019-09-25 04:50:24,565 [pool-87-thread-1] INFO  server.RaftServerConfigKeys (ConfUtils.java:logGet(43)) - raft.server.retrycache.expirytime = 600000ms (custom)
2019-09-25 04:50:24,572 [pool-87-thread-1] INFO  impl.RaftServerImpl (RaftServerImpl.java:start(185)) - 45f1801e-7cfd-420a-bb39-98f19dcc81c3@group-7715DB851B41: start as a follower, conf=-1: [45f1801e-7cfd-420a-bb39-98f19dcc81c3:192.168.151.106:38437], old=null
2019-09-25 04:50:24,572 [pool-87-thread-1] INFO  impl.RaftServerImpl (RaftServerImpl.java:setRole(174)) - 45f1801e-7cfd-420a-bb39-98f19dcc81c3@group-7715DB851B41: changes role from      null to FOLLOWER at term 0 for startAsFollower
2019-09-25 04:50:24,572 [pool-87-thread-1] INFO  impl.RoleInfo (RoleInfo.java:updateAndGet(143)) - 45f1801e-7cfd-420a-bb39-98f19dcc81c3: start FollowerState
2019-09-25 04:50:24,573 [pool-87-thread-1] INFO  util.JmxRegister (JmxRegister.java:tryRegister(44)) - Successfully registered JMX Bean with object name Ratis:service=RaftServer,group=group-7715DB851B41,id=45f1801e-7cfd-420a-bb39-98f19dcc81c3
2019-09-25 04:50:24,584 [RatisPipelineUtilsThread] INFO  pipeline.PipelineStateManager (PipelineStateManager.java:addPipeline(56)) - Created pipeline Pipeline[ Id: 5c125e37-f628-4715-9eab-7715db851b41, Nodes: 45f1801e-7cfd-420a-bb39-98f19dcc81c3{ip: 192.168.151.106, host: pr-hdds-1569-x2sr2-3486766547, networkLocation: /default-rack, certSerialId: null}, Type:RATIS, Factor:ONE, State:OPEN]
2019-09-25 04:50:24,602 [grpc-default-executor-0] INFO  impl.RaftServerProxy (RaftServerProxy.java:addNew(89)) - a167ab1f-c96d-409e-bb26-ea230783d833: addNew group-6729FCE98BC2:[a167ab1f-c96d-409e-bb26-ea230783d833:192.168.151.106:33404] returns group-6729FCE98BC2:java.util.concurrent.CompletableFuture@4012ec6b[Not completed]
2019-09-25 04:50:24,606 [pool-47-thread-1] INFO  impl.RaftServerImpl (RaftServerImpl.java:<init>(95)) - a167ab1f-c96d-409e-bb26-ea230783d833: new RaftServerImpl for group-6729FCE98BC2:[a167ab1f-c96d-409e-bb26-ea230783d833:192.168.151.106:33404] with ContainerStateMachine:uninitialized
2019-09-25 04:50:24,607 [pool-47-thread-1] INFO  server.RaftServerConfigKeys (ConfUtils.java:logGet(43)) - raft.server.rpc.timeout.min = 5s (custom)
2019-09-25 04:50:24,607 [pool-47-thread-1] INFO  server.RaftServerConfigKeys (ConfUtils.java:logGet(43)) - raft.server.rpc.timeout.max = 5200ms (custom)
2019-09-25 04:50:24,607 [pool-47-thread-1] INFO  server.RaftServerConfigKeys (ConfUtils.java:logGet(43)) - raft.server.rpcslowness.timeout = 120s (custom)
2019-09-25 04:50:24,607 [pool-47-thread-1] INFO  server.RaftServerConfigKeys (ConfUtils.java:logGet(43)) - raft.server.sleep.deviation.threshold = 300 (default)
2019-09-25 04:50:24,607 [pool-47-thread-1] INFO  server.RaftServerConfigKeys (ConfUtils.java:logGet(43)) - raft.server.log.appender.install.snapshot.enabled = false (custom)
2019-09-25 04:50:24,608 [pool-47-thread-1] INFO  impl.RaftServerImpl (ServerState.java:<init>(103)) - a167ab1f-c96d-409e-bb26-ea230783d833@group-6729FCE98BC2: ConfigurationManager, init=-1: [a167ab1f-c96d-409e-bb26-ea230783d833:192.168.151.106:33404], old=null, confs=<EMPTY_MAP>
2019-09-25 04:50:24,608 [pool-47-thread-1] INFO  server.RaftServerConfigKeys (ConfUtils.java:logGet(43)) - raft.server.storage.dir = [/workdir/hadoop-ozone/integration-test/target/test-dir/MiniOzoneClusterImpl-72f6cbb0-c919-4300-9939-20ef1cbf0e73/datanode-2/data/ratis] (custom)
2019-09-25 04:50:24,608 [pool-47-thread-1] INFO  storage.RaftStorageDirectory (RaftStorageDirectory.java:analyzeStorage(246)) - The storage directory /workdir/hadoop-ozone/integration-test/target/test-dir/MiniOzoneClusterImpl-72f6cbb0-c919-4300-9939-20ef1cbf0e73/datanode-2/data/ratis/b97d999c-b7a5-48ef-a2bd-6729fce98bc2 does not exist. Creating ...
2019-09-25 04:50:24,621 [pool-47-thread-1] INFO  storage.RaftStorageDirectory (RaftStorageDirectory.java:tryLock(328)) - Lock on /workdir/hadoop-ozone/integration-test/target/test-dir/MiniOzoneClusterImpl-72f6cbb0-c919-4300-9939-20ef1cbf0e73/datanode-2/data/ratis/b97d999c-b7a5-48ef-a2bd-6729fce98bc2/in_use.lock acquired by nodename 13648@pr-hdds-1569-x2sr2-3486766547
2019-09-25 04:50:24,634 [pool-47-thread-1] INFO  storage.RaftStorage (RaftStorage.java:format(72)) - Storage directory /workdir/hadoop-ozone/integration-test/target/test-dir/MiniOzoneClusterImpl-72f6cbb0-c919-4300-9939-20ef1cbf0e73/datanode-2/data/ratis/b97d999c-b7a5-48ef-a2bd-6729fce98bc2 has been successfully formatted.
2019-09-25 04:50:24,635 [pool-47-thread-1] INFO  ratis.ContainerStateMachine (ContainerStateMachine.java:loadSnapshot(230)) - group-6729FCE98BC2: The snapshot info is null. Setting the last applied indexto:(t:0, i:~)
2019-09-25 04:50:24,635 [pool-47-thread-1] INFO  server.RaftServerConfigKeys (ConfUtils.java:logGet(43)) - raft.server.notification.no-leader.timeout = 120s (custom)
2019-09-25 04:50:24,635 [pool-47-thread-1] INFO  server.RaftServerConfigKeys (ConfUtils.java:logGet(43)) - raft.server.log.use.memory = false (default)
2019-09-25 04:50:24,636 [pool-47-thread-1] INFO  server.RaftServerConfigKeys (ConfUtils.java:logGet(43)) - raft.server.log.purge.gap = 1000000 (custom)
2019-09-25 04:50:24,636 [pool-47-thread-1] INFO  server.RaftServerConfigKeys (ConfUtils.java:logGet(43)) - raft.server.log.appender.buffer.byte-limit = 33554432 (custom)
2019-09-25 04:50:24,636 [pool-47-thread-1] INFO  server.RaftServerConfigKeys (ConfUtils.java:logGet(43)) - raft.server.log.segment.size.max = 1048576 (custom)
2019-09-25 04:50:24,636 [pool-47-thread-1] INFO  server.RaftServerConfigKeys (ConfUtils.java:logGet(43)) - raft.server.log.segment.cache.num.max = 2 (custom)
2019-09-25 04:50:24,636 [pool-47-thread-1] INFO  segmented.SegmentedRaftLogWorker (SegmentedRaftLogWorker.java:<init>(172)) - new a167ab1f-c96d-409e-bb26-ea230783d833@group-6729FCE98BC2-SegmentedRaftLogWorker for RaftStorage:Storage Directory /workdir/hadoop-ozone/integration-test/target/test-dir/MiniOzoneClusterImpl-72f6cbb0-c919-4300-9939-20ef1cbf0e73/datanode-2/data/ratis/b97d999c-b7a5-48ef-a2bd-6729fce98bc2
2019-09-25 04:50:24,643 [pool-47-thread-1] INFO  server.RaftServerConfigKeys (ConfUtils.java:logGet(43)) - raft.server.log.queue.byte-limit = 2147483647 (custom)
2019-09-25 04:50:24,643 [pool-47-thread-1] INFO  server.RaftServerConfigKeys (ConfUtils.java:logGet(43)) - raft.server.log.queue.element-limit = 1024 (custom)
2019-09-25 04:50:24,644 [pool-47-thread-1] INFO  server.RaftServerConfigKeys (ConfUtils.java:logGet(43)) - raft.server.log.segment.size.max = 1048576 (custom)
2019-09-25 04:50:24,644 [pool-47-thread-1] INFO  server.RaftServerConfigKeys (ConfUtils.java:logGet(43)) - raft.server.log.preallocated.size = 16384 (custom)
2019-09-25 04:50:24,645 [pool-47-thread-1] INFO  server.RaftServerConfigKeys (ConfUtils.java:logGet(43)) - raft.server.log.write.buffer.size = 33554432 (custom)
2019-09-25 04:50:24,645 [pool-47-thread-1] INFO  server.RaftServerConfigKeys (ConfUtils.java:logGet(43)) - raft.server.log.force.sync.num = 128 (default)
2019-09-25 04:50:24,645 [pool-47-thread-1] INFO  server.RaftServerConfigKeys (ConfUtils.java:logGet(43)) - raft.server.log.statemachine.data.sync = true (default)
2019-09-25 04:50:24,645 [pool-47-thread-1] INFO  server.RaftServerConfigKeys (ConfUtils.java:logGet(43)) - raft.server.log.statemachine.data.sync.timeout = 10s (default)
2019-09-25 04:50:24,646 [pool-47-thread-1] INFO  server.RaftServerConfigKeys (ConfUtils.java:logGet(43)) - raft.server.log.statemachine.data.sync.timeout.retry = -1 (default)
2019-09-25 04:50:24,646 [pool-47-thread-1] INFO  server.RaftServerConfigKeys (ConfUtils.java:logGet(43)) - raft.server.log.statemachine.data.caching.enabled = true (custom)
2019-09-25 04:50:24,647 [pool-47-thread-1] INFO  segmented.SegmentedRaftLogWorker (SegmentedRaftLogWorker.java:lambda$new$0(132)) - a167ab1f-c96d-409e-bb26-ea230783d833@group-6729FCE98BC2-SegmentedRaftLogWorker: flushIndex: setUnconditionally 0 -> -1
2019-09-25 04:50:24,647 [pool-47-thread-1] INFO  server.RaftServerConfigKeys (ConfUtils.java:logGet(43)) - raft.server.snapshot.auto.trigger.enabled = true (custom)
2019-09-25 04:50:24,648 [pool-47-thread-1] INFO  server.RaftServerConfigKeys (ConfUtils.java:logGet(43)) - raft.server.snapshot.auto.trigger.threshold = 10000 (custom)
2019-09-25 04:50:24,648 [pool-47-thread-1] INFO  server.RaftServerConfigKeys (ConfUtils.java:logGet(43)) - raft.server.snapshot.retention.num.files = 5 (custom)
2019-09-25 04:50:24,648 [pool-47-thread-1] INFO  server.RaftServerConfigKeys (ConfUtils.java:logGet(43)) - raft.server.retrycache.expirytime = 600000ms (custom)
2019-09-25 04:50:24,654 [pool-47-thread-1] INFO  impl.RaftServerImpl (RaftServerImpl.java:start(185)) - a167ab1f-c96d-409e-bb26-ea230783d833@group-6729FCE98BC2: start as a follower, conf=-1: [a167ab1f-c96d-409e-bb26-ea230783d833:192.168.151.106:33404], old=null
2019-09-25 04:50:24,655 [pool-47-thread-1] INFO  impl.RaftServerImpl (RaftServerImpl.java:setRole(174)) - a167ab1f-c96d-409e-bb26-ea230783d833@group-6729FCE98BC2: changes role from      null to FOLLOWER at term 0 for startAsFollower
2019-09-25 04:50:24,655 [pool-47-thread-1] INFO  impl.RoleInfo (RoleInfo.java:updateAndGet(143)) - a167ab1f-c96d-409e-bb26-ea230783d833: start FollowerState
2019-09-25 04:50:24,655 [pool-47-thread-1] INFO  util.JmxRegister (JmxRegister.java:tryRegister(44)) - Successfully registered JMX Bean with object name Ratis:service=RaftServer,group=group-6729FCE98BC2,id=a167ab1f-c96d-409e-bb26-ea230783d833
2019-09-25 04:50:24,666 [RatisPipelineUtilsThread] INFO  pipeline.PipelineStateManager (PipelineStateManager.java:addPipeline(56)) - Created pipeline Pipeline[ Id: b97d999c-b7a5-48ef-a2bd-6729fce98bc2, Nodes: a167ab1f-c96d-409e-bb26-ea230783d833{ip: 192.168.151.106, host: pr-hdds-1569-x2sr2-3486766547, networkLocation: /default-rack, certSerialId: null}, Type:RATIS, Factor:ONE, State:OPEN]
2019-09-25 04:50:24,686 [grpc-default-executor-0] INFO  impl.RaftServerProxy (RaftServerProxy.java:addNew(89)) - 4f7802c6-3418-4fbd-b0c6-a8e36fcecb0a: addNew group-F41B3B604C35:[4f7802c6-3418-4fbd-b0c6-a8e36fcecb0a:192.168.151.106:42026] returns group-F41B3B604C35:java.util.concurrent.CompletableFuture@2de4c0a8[Not completed]
2019-09-25 04:50:24,691 [pool-57-thread-1] INFO  impl.RaftServerImpl (RaftServerImpl.java:<init>(95)) - 4f7802c6-3418-4fbd-b0c6-a8e36fcecb0a: new RaftServerImpl for group-F41B3B604C35:[4f7802c6-3418-4fbd-b0c6-a8e36fcecb0a:192.168.151.106:42026] with ContainerStateMachine:uninitialized
2019-09-25 04:50:24,691 [pool-57-thread-1] INFO  server.RaftServerConfigKeys (ConfUtils.java:logGet(43)) - raft.server.rpc.timeout.min = 5s (custom)
2019-09-25 04:50:24,691 [pool-57-thread-1] INFO  server.RaftServerConfigKeys (ConfUtils.java:logGet(43)) - raft.server.rpc.timeout.max = 5200ms (custom)
2019-09-25 04:50:24,691 [pool-57-thread-1] INFO  server.RaftServerConfigKeys (ConfUtils.java:logGet(43)) - raft.server.rpcslowness.timeout = 120s (custom)
2019-09-25 04:50:24,691 [pool-57-thread-1] INFO  server.RaftServerConfigKeys (ConfUtils.java:logGet(43)) - raft.server.sleep.deviation.threshold = 300 (default)
2019-09-25 04:50:24,692 [pool-57-thread-1] INFO  server.RaftServerConfigKeys (ConfUtils.java:logGet(43)) - raft.server.log.appender.install.snapshot.enabled = false (custom)
2019-09-25 04:50:24,692 [pool-57-thread-1] INFO  impl.RaftServerImpl (ServerState.java:<init>(103)) - 4f7802c6-3418-4fbd-b0c6-a8e36fcecb0a@group-F41B3B604C35: ConfigurationManager, init=-1: [4f7802c6-3418-4fbd-b0c6-a8e36fcecb0a:192.168.151.106:42026], old=null, confs=<EMPTY_MAP>
2019-09-25 04:50:24,692 [pool-57-thread-1] INFO  server.RaftServerConfigKeys (ConfUtils.java:logGet(43)) - raft.server.storage.dir = [/workdir/hadoop-ozone/integration-test/target/test-dir/MiniOzoneClusterImpl-72f6cbb0-c919-4300-9939-20ef1cbf0e73/datanode-3/data/ratis] (custom)
2019-09-25 04:50:24,693 [pool-57-thread-1] INFO  storage.RaftStorageDirectory (RaftStorageDirectory.java:analyzeStorage(246)) - The storage directory /workdir/hadoop-ozone/integration-test/target/test-dir/MiniOzoneClusterImpl-72f6cbb0-c919-4300-9939-20ef1cbf0e73/datanode-3/data/ratis/fdc5bd2e-9135-44c1-8a61-f41b3b604c35 does not exist. Creating ...
2019-09-25 04:50:24,706 [pool-57-thread-1] INFO  storage.RaftStorageDirectory (RaftStorageDirectory.java:tryLock(328)) - Lock on /workdir/hadoop-ozone/integration-test/target/test-dir/MiniOzoneClusterImpl-72f6cbb0-c919-4300-9939-20ef1cbf0e73/datanode-3/data/ratis/fdc5bd2e-9135-44c1-8a61-f41b3b604c35/in_use.lock acquired by nodename 13648@pr-hdds-1569-x2sr2-3486766547
2019-09-25 04:50:24,720 [pool-57-thread-1] INFO  storage.RaftStorage (RaftStorage.java:format(72)) - Storage directory /workdir/hadoop-ozone/integration-test/target/test-dir/MiniOzoneClusterImpl-72f6cbb0-c919-4300-9939-20ef1cbf0e73/datanode-3/data/ratis/fdc5bd2e-9135-44c1-8a61-f41b3b604c35 has been successfully formatted.
2019-09-25 04:50:24,720 [pool-57-thread-1] INFO  ratis.ContainerStateMachine (ContainerStateMachine.java:loadSnapshot(230)) - group-F41B3B604C35: The snapshot info is null. Setting the last applied indexto:(t:0, i:~)
2019-09-25 04:50:24,720 [pool-57-thread-1] INFO  server.RaftServerConfigKeys (ConfUtils.java:logGet(43)) - raft.server.notification.no-leader.timeout = 120s (custom)
2019-09-25 04:50:24,721 [pool-57-thread-1] INFO  server.RaftServerConfigKeys (ConfUtils.java:logGet(43)) - raft.server.log.use.memory = false (default)
2019-09-25 04:50:24,721 [pool-57-thread-1] INFO  server.RaftServerConfigKeys (ConfUtils.java:logGet(43)) - raft.server.log.purge.gap = 1000000 (custom)
2019-09-25 04:50:24,721 [pool-57-thread-1] INFO  server.RaftServerConfigKeys (ConfUtils.java:logGet(43)) - raft.server.log.appender.buffer.byte-limit = 33554432 (custom)
2019-09-25 04:50:24,721 [pool-57-thread-1] INFO  server.RaftServerConfigKeys (ConfUtils.java:logGet(43)) - raft.server.log.segment.size.max = 1048576 (custom)
2019-09-25 04:50:24,721 [pool-57-thread-1] INFO  server.RaftServerConfigKeys (ConfUtils.java:logGet(43)) - raft.server.log.segment.cache.num.max = 2 (custom)
2019-09-25 04:50:24,722 [pool-57-thread-1] INFO  segmented.SegmentedRaftLogWorker (SegmentedRaftLogWorker.java:<init>(172)) - new 4f7802c6-3418-4fbd-b0c6-a8e36fcecb0a@group-F41B3B604C35-SegmentedRaftLogWorker for RaftStorage:Storage Directory /workdir/hadoop-ozone/integration-test/target/test-dir/MiniOzoneClusterImpl-72f6cbb0-c919-4300-9939-20ef1cbf0e73/datanode-3/data/ratis/fdc5bd2e-9135-44c1-8a61-f41b3b604c35
2019-09-25 04:50:24,727 [pool-57-thread-1] INFO  server.RaftServerConfigKeys (ConfUtils.java:logGet(43)) - raft.server.log.queue.byte-limit = 2147483647 (custom)
2019-09-25 04:50:24,727 [pool-57-thread-1] INFO  server.RaftServerConfigKeys (ConfUtils.java:logGet(43)) - raft.server.log.queue.element-limit = 1024 (custom)
2019-09-25 04:50:24,727 [pool-57-thread-1] INFO  server.RaftServerConfigKeys (ConfUtils.java:logGet(43)) - raft.server.log.segment.size.max = 1048576 (custom)
2019-09-25 04:50:24,727 [pool-57-thread-1] INFO  server.RaftServerConfigKeys (ConfUtils.java:logGet(43)) - raft.server.log.preallocated.size = 16384 (custom)
2019-09-25 04:50:24,728 [pool-57-thread-1] INFO  server.RaftServerConfigKeys (ConfUtils.java:logGet(43)) - raft.server.log.write.buffer.size = 33554432 (custom)
2019-09-25 04:50:24,728 [pool-57-thread-1] INFO  server.RaftServerConfigKeys (ConfUtils.java:logGet(43)) - raft.server.log.force.sync.num = 128 (default)
2019-09-25 04:50:24,728 [pool-57-thread-1] INFO  server.RaftServerConfigKeys (ConfUtils.java:logGet(43)) - raft.server.log.statemachine.data.sync = true (default)
2019-09-25 04:50:24,728 [pool-57-thread-1] INFO  server.RaftServerConfigKeys (ConfUtils.java:logGet(43)) - raft.server.log.statemachine.data.sync.timeout = 10s (default)
2019-09-25 04:50:24,728 [pool-57-thread-1] INFO  server.RaftServerConfigKeys (ConfUtils.java:logGet(43)) - raft.server.log.statemachine.data.sync.timeout.retry = -1 (default)
2019-09-25 04:50:24,729 [pool-57-thread-1] INFO  server.RaftServerConfigKeys (ConfUtils.java:logGet(43)) - raft.server.log.statemachine.data.caching.enabled = true (custom)
2019-09-25 04:50:24,729 [pool-57-thread-1] INFO  segmented.SegmentedRaftLogWorker (SegmentedRaftLogWorker.java:lambda$new$0(132)) - 4f7802c6-3418-4fbd-b0c6-a8e36fcecb0a@group-F41B3B604C35-SegmentedRaftLogWorker: flushIndex: setUnconditionally 0 -> -1
2019-09-25 04:50:24,729 [pool-57-thread-1] INFO  server.RaftServerConfigKeys (ConfUtils.java:logGet(43)) - raft.server.snapshot.auto.trigger.enabled = true (custom)
2019-09-25 04:50:24,729 [pool-57-thread-1] INFO  server.RaftServerConfigKeys (ConfUtils.java:logGet(43)) - raft.server.snapshot.auto.trigger.threshold = 10000 (custom)
2019-09-25 04:50:24,730 [pool-57-thread-1] INFO  server.RaftServerConfigKeys (ConfUtils.java:logGet(43)) - raft.server.snapshot.retention.num.files = 5 (custom)
2019-09-25 04:50:24,730 [pool-57-thread-1] INFO  server.RaftServerConfigKeys (ConfUtils.java:logGet(43)) - raft.server.retrycache.expirytime = 600000ms (custom)
2019-09-25 04:50:24,734 [pool-57-thread-1] INFO  impl.RaftServerImpl (RaftServerImpl.java:start(185)) - 4f7802c6-3418-4fbd-b0c6-a8e36fcecb0a@group-F41B3B604C35: start as a follower, conf=-1: [4f7802c6-3418-4fbd-b0c6-a8e36fcecb0a:192.168.151.106:42026], old=null
2019-09-25 04:50:24,734 [pool-57-thread-1] INFO  impl.RaftServerImpl (RaftServerImpl.java:setRole(174)) - 4f7802c6-3418-4fbd-b0c6-a8e36fcecb0a@group-F41B3B604C35: changes role from      null to FOLLOWER at term 0 for startAsFollower
2019-09-25 04:50:24,735 [pool-57-thread-1] INFO  impl.RoleInfo (RoleInfo.java:updateAndGet(143)) - 4f7802c6-3418-4fbd-b0c6-a8e36fcecb0a: start FollowerState
2019-09-25 04:50:24,735 [pool-57-thread-1] INFO  util.JmxRegister (JmxRegister.java:tryRegister(44)) - Successfully registered JMX Bean with object name Ratis:service=RaftServer,group=group-F41B3B604C35,id=4f7802c6-3418-4fbd-b0c6-a8e36fcecb0a
2019-09-25 04:50:24,746 [main] INFO  ozone.MiniOzoneClusterImpl (MiniOzoneClusterImpl.java:lambda$waitForClusterToBeReady$0(147)) - Cluster is ready. Got 7 of 7 DN Heartbeats.
2019-09-25 04:50:24,746 [RatisPipelineUtilsThread] INFO  pipeline.PipelineStateManager (PipelineStateManager.java:addPipeline(56)) - Created pipeline Pipeline[ Id: fdc5bd2e-9135-44c1-8a61-f41b3b604c35, Nodes: 4f7802c6-3418-4fbd-b0c6-a8e36fcecb0a{ip: 192.168.151.106, host: pr-hdds-1569-x2sr2-3486766547, networkLocation: /default-rack, certSerialId: null}, Type:RATIS, Factor:ONE, State:OPEN]
2019-09-25 04:50:24,768 [grpc-default-executor-0] INFO  impl.RaftServerProxy (RaftServerProxy.java:addNew(89)) - b40ef231-6505-402b-ae57-fc0dc67cbbe8: addNew group-355BD8AD3117:[b40ef231-6505-402b-ae57-fc0dc67cbbe8:192.168.151.106:41861] returns group-355BD8AD3117:java.util.concurrent.CompletableFuture@4895b3ab[Not completed]
2019-09-25 04:50:24,771 [pool-37-thread-1] INFO  impl.RaftServerImpl (RaftServerImpl.java:<init>(95)) - b40ef231-6505-402b-ae57-fc0dc67cbbe8: new RaftServerImpl for group-355BD8AD3117:[b40ef231-6505-402b-ae57-fc0dc67cbbe8:192.168.151.106:41861] with ContainerStateMachine:uninitialized
2019-09-25 04:50:24,772 [pool-37-thread-1] INFO  server.RaftServerConfigKeys (ConfUtils.java:logGet(43)) - raft.server.rpc.timeout.min = 5s (custom)
2019-09-25 04:50:24,772 [pool-37-thread-1] INFO  server.RaftServerConfigKeys (ConfUtils.java:logGet(43)) - raft.server.rpc.timeout.max = 5200ms (custom)
2019-09-25 04:50:24,772 [pool-37-thread-1] INFO  server.RaftServerConfigKeys (ConfUtils.java:logGet(43)) - raft.server.rpcslowness.timeout = 120s (custom)
2019-09-25 04:50:24,772 [pool-37-thread-1] INFO  server.RaftServerConfigKeys (ConfUtils.java:logGet(43)) - raft.server.sleep.deviation.threshold = 300 (default)
2019-09-25 04:50:24,772 [pool-37-thread-1] INFO  server.RaftServerConfigKeys (ConfUtils.java:logGet(43)) - raft.server.log.appender.install.snapshot.enabled = false (custom)
2019-09-25 04:50:24,773 [pool-37-thread-1] INFO  impl.RaftServerImpl (ServerState.java:<init>(103)) - b40ef231-6505-402b-ae57-fc0dc67cbbe8@group-355BD8AD3117: ConfigurationManager, init=-1: [b40ef231-6505-402b-ae57-fc0dc67cbbe8:192.168.151.106:41861], old=null, confs=<EMPTY_MAP>
2019-09-25 04:50:24,773 [pool-37-thread-1] INFO  server.RaftServerConfigKeys (ConfUtils.java:logGet(43)) - raft.server.storage.dir = [/workdir/hadoop-ozone/integration-test/target/test-dir/MiniOzoneClusterImpl-72f6cbb0-c919-4300-9939-20ef1cbf0e73/datanode-1/data/ratis] (custom)
2019-09-25 04:50:24,773 [pool-37-thread-1] INFO  storage.RaftStorageDirectory (RaftStorageDirectory.java:analyzeStorage(246)) - The storage directory /workdir/hadoop-ozone/integration-test/target/test-dir/MiniOzoneClusterImpl-72f6cbb0-c919-4300-9939-20ef1cbf0e73/datanode-1/data/ratis/9fbfeb1e-2a21-4cff-9e64-355bd8ad3117 does not exist. Creating ...
2019-09-25 04:50:24,787 [pool-37-thread-1] INFO  storage.RaftStorageDirectory (RaftStorageDirectory.java:tryLock(328)) - Lock on /workdir/hadoop-ozone/integration-test/target/test-dir/MiniOzoneClusterImpl-72f6cbb0-c919-4300-9939-20ef1cbf0e73/datanode-1/data/ratis/9fbfeb1e-2a21-4cff-9e64-355bd8ad3117/in_use.lock acquired by nodename 13648@pr-hdds-1569-x2sr2-3486766547
2019-09-25 04:50:24,800 [pool-37-thread-1] INFO  storage.RaftStorage (RaftStorage.java:format(72)) - Storage directory /workdir/hadoop-ozone/integration-test/target/test-dir/MiniOzoneClusterImpl-72f6cbb0-c919-4300-9939-20ef1cbf0e73/datanode-1/data/ratis/9fbfeb1e-2a21-4cff-9e64-355bd8ad3117 has been successfully formatted.
2019-09-25 04:50:24,800 [pool-37-thread-1] INFO  ratis.ContainerStateMachine (ContainerStateMachine.java:loadSnapshot(230)) - group-355BD8AD3117: The snapshot info is null. Setting the last applied indexto:(t:0, i:~)
2019-09-25 04:50:24,801 [pool-37-thread-1] INFO  server.RaftServerConfigKeys (ConfUtils.java:logGet(43)) - raft.server.notification.no-leader.timeout = 120s (custom)
2019-09-25 04:50:24,801 [pool-37-thread-1] INFO  server.RaftServerConfigKeys (ConfUtils.java:logGet(43)) - raft.server.log.use.memory = false (default)
2019-09-25 04:50:24,801 [pool-37-thread-1] INFO  server.RaftServerConfigKeys (ConfUtils.java:logGet(43)) - raft.server.log.purge.gap = 1000000 (custom)
2019-09-25 04:50:24,801 [pool-37-thread-1] INFO  server.RaftServerConfigKeys (ConfUtils.java:logGet(43)) - raft.server.log.appender.buffer.byte-limit = 33554432 (custom)
2019-09-25 04:50:24,801 [pool-37-thread-1] INFO  server.RaftServerConfigKeys (ConfUtils.java:logGet(43)) - raft.server.log.segment.size.max = 1048576 (custom)
2019-09-25 04:50:24,802 [pool-37-thread-1] INFO  server.RaftServerConfigKeys (ConfUtils.java:logGet(43)) - raft.server.log.segment.cache.num.max = 2 (custom)
2019-09-25 04:50:24,802 [pool-37-thread-1] INFO  segmented.SegmentedRaftLogWorker (SegmentedRaftLogWorker.java:<init>(172)) - new b40ef231-6505-402b-ae57-fc0dc67cbbe8@group-355BD8AD3117-SegmentedRaftLogWorker for RaftStorage:Storage Directory /workdir/hadoop-ozone/integration-test/target/test-dir/MiniOzoneClusterImpl-72f6cbb0-c919-4300-9939-20ef1cbf0e73/datanode-1/data/ratis/9fbfeb1e-2a21-4cff-9e64-355bd8ad3117
2019-09-25 04:50:24,806 [pool-37-thread-1] INFO  server.RaftServerConfigKeys (ConfUtils.java:logGet(43)) - raft.server.log.queue.byte-limit = 2147483647 (custom)
2019-09-25 04:50:24,806 [pool-37-thread-1] INFO  server.RaftServerConfigKeys (ConfUtils.java:logGet(43)) - raft.server.log.queue.element-limit = 1024 (custom)
2019-09-25 04:50:24,807 [pool-37-thread-1] INFO  server.RaftServerConfigKeys (ConfUtils.java:logGet(43)) - raft.server.log.segment.size.max = 1048576 (custom)
2019-09-25 04:50:24,807 [pool-37-thread-1] INFO  server.RaftServerConfigKeys (ConfUtils.java:logGet(43)) - raft.server.log.preallocated.size = 16384 (custom)
2019-09-25 04:50:24,807 [pool-37-thread-1] INFO  server.RaftServerConfigKeys (ConfUtils.java:logGet(43)) - raft.server.log.write.buffer.size = 33554432 (custom)
2019-09-25 04:50:24,807 [pool-37-thread-1] INFO  server.RaftServerConfigKeys (ConfUtils.java:logGet(43)) - raft.server.log.force.sync.num = 128 (default)
2019-09-25 04:50:24,807 [pool-37-thread-1] INFO  server.RaftServerConfigKeys (ConfUtils.java:logGet(43)) - raft.server.log.statemachine.data.sync = true (default)
2019-09-25 04:50:24,808 [pool-37-thread-1] INFO  server.RaftServerConfigKeys (ConfUtils.java:logGet(43)) - raft.server.log.statemachine.data.sync.timeout = 10s (default)
2019-09-25 04:50:24,808 [pool-37-thread-1] INFO  server.RaftServerConfigKeys (ConfUtils.java:logGet(43)) - raft.server.log.statemachine.data.sync.timeout.retry = -1 (default)
2019-09-25 04:50:24,808 [pool-37-thread-1] INFO  server.RaftServerConfigKeys (ConfUtils.java:logGet(43)) - raft.server.log.statemachine.data.caching.enabled = true (custom)
2019-09-25 04:50:24,809 [pool-37-thread-1] INFO  segmented.SegmentedRaftLogWorker (SegmentedRaftLogWorker.java:lambda$new$0(132)) - b40ef231-6505-402b-ae57-fc0dc67cbbe8@group-355BD8AD3117-SegmentedRaftLogWorker: flushIndex: setUnconditionally 0 -> -1
2019-09-25 04:50:24,809 [pool-37-thread-1] INFO  server.RaftServerConfigKeys (ConfUtils.java:logGet(43)) - raft.server.snapshot.auto.trigger.enabled = true (custom)
2019-09-25 04:50:24,809 [pool-37-thread-1] INFO  server.RaftServerConfigKeys (ConfUtils.java:logGet(43)) - raft.server.snapshot.auto.trigger.threshold = 10000 (custom)
2019-09-25 04:50:24,809 [pool-37-thread-1] INFO  server.RaftServerConfigKeys (ConfUtils.java:logGet(43)) - raft.server.snapshot.retention.num.files = 5 (custom)
2019-09-25 04:50:24,810 [pool-37-thread-1] INFO  server.RaftServerConfigKeys (ConfUtils.java:logGet(43)) - raft.server.retrycache.expirytime = 600000ms (custom)
2019-09-25 04:50:24,814 [pool-37-thread-1] INFO  impl.RaftServerImpl (RaftServerImpl.java:start(185)) - b40ef231-6505-402b-ae57-fc0dc67cbbe8@group-355BD8AD3117: start as a follower, conf=-1: [b40ef231-6505-402b-ae57-fc0dc67cbbe8:192.168.151.106:41861], old=null
2019-09-25 04:50:24,814 [pool-37-thread-1] INFO  impl.RaftServerImpl (RaftServerImpl.java:setRole(174)) - b40ef231-6505-402b-ae57-fc0dc67cbbe8@group-355BD8AD3117: changes role from      null to FOLLOWER at term 0 for startAsFollower
2019-09-25 04:50:24,814 [pool-37-thread-1] INFO  impl.RoleInfo (RoleInfo.java:updateAndGet(143)) - b40ef231-6505-402b-ae57-fc0dc67cbbe8: start FollowerState
2019-09-25 04:50:24,815 [pool-37-thread-1] INFO  util.JmxRegister (JmxRegister.java:tryRegister(44)) - Successfully registered JMX Bean with object name Ratis:service=RaftServer,group=group-355BD8AD3117,id=b40ef231-6505-402b-ae57-fc0dc67cbbe8
2019-09-25 04:50:24,828 [RatisPipelineUtilsThread] INFO  pipeline.PipelineStateManager (PipelineStateManager.java:addPipeline(56)) - Created pipeline Pipeline[ Id: 9fbfeb1e-2a21-4cff-9e64-355bd8ad3117, Nodes: b40ef231-6505-402b-ae57-fc0dc67cbbe8{ip: 192.168.151.106, host: pr-hdds-1569-x2sr2-3486766547, networkLocation: /default-rack, certSerialId: null}, Type:RATIS, Factor:ONE, State:OPEN]
2019-09-25 04:50:24,846 [grpc-default-executor-0] INFO  impl.RaftServerProxy (RaftServerProxy.java:addNew(89)) - c35819d4-86f4-4223-a458-676070fe0cbb: addNew group-A74AFF3C4529:[c35819d4-86f4-4223-a458-676070fe0cbb:192.168.151.106:44434] returns group-A74AFF3C4529:java.util.concurrent.CompletableFuture@29d14f6d[Not completed]
2019-09-25 04:50:24,851 [pool-27-thread-1] INFO  impl.RaftServerImpl (RaftServerImpl.java:<init>(95)) - c35819d4-86f4-4223-a458-676070fe0cbb: new RaftServerImpl for group-A74AFF3C4529:[c35819d4-86f4-4223-a458-676070fe0cbb:192.168.151.106:44434] with ContainerStateMachine:uninitialized
2019-09-25 04:50:24,851 [pool-27-thread-1] INFO  server.RaftServerConfigKeys (ConfUtils.java:logGet(43)) - raft.server.rpc.timeout.min = 5s (custom)
2019-09-25 04:50:24,851 [pool-27-thread-1] INFO  server.RaftServerConfigKeys (ConfUtils.java:logGet(43)) - raft.server.rpc.timeout.max = 5200ms (custom)
2019-09-25 04:50:24,852 [pool-27-thread-1] INFO  server.RaftServerConfigKeys (ConfUtils.java:logGet(43)) - raft.server.rpcslowness.timeout = 120s (custom)
2019-09-25 04:50:24,852 [pool-27-thread-1] INFO  server.RaftServerConfigKeys (ConfUtils.java:logGet(43)) - raft.server.sleep.deviation.threshold = 300 (default)
2019-09-25 04:50:24,852 [pool-27-thread-1] INFO  server.RaftServerConfigKeys (ConfUtils.java:logGet(43)) - raft.server.log.appender.install.snapshot.enabled = false (custom)
2019-09-25 04:50:24,852 [pool-27-thread-1] INFO  impl.RaftServerImpl (ServerState.java:<init>(103)) - c35819d4-86f4-4223-a458-676070fe0cbb@group-A74AFF3C4529: ConfigurationManager, init=-1: [c35819d4-86f4-4223-a458-676070fe0cbb:192.168.151.106:44434], old=null, confs=<EMPTY_MAP>
2019-09-25 04:50:24,853 [pool-27-thread-1] INFO  server.RaftServerConfigKeys (ConfUtils.java:logGet(43)) - raft.server.storage.dir = [/workdir/hadoop-ozone/integration-test/target/test-dir/MiniOzoneClusterImpl-72f6cbb0-c919-4300-9939-20ef1cbf0e73/datanode-0/data/ratis] (custom)
2019-09-25 04:50:24,853 [pool-27-thread-1] INFO  storage.RaftStorageDirectory (RaftStorageDirectory.java:analyzeStorage(246)) - The storage directory /workdir/hadoop-ozone/integration-test/target/test-dir/MiniOzoneClusterImpl-72f6cbb0-c919-4300-9939-20ef1cbf0e73/datanode-0/data/ratis/298b33d9-35b6-4fd9-aecf-a74aff3c4529 does not exist. Creating ...
2019-09-25 04:50:24,866 [pool-27-thread-1] INFO  storage.RaftStorageDirectory (RaftStorageDirectory.java:tryLock(328)) - Lock on /workdir/hadoop-ozone/integration-test/target/test-dir/MiniOzoneClusterImpl-72f6cbb0-c919-4300-9939-20ef1cbf0e73/datanode-0/data/ratis/298b33d9-35b6-4fd9-aecf-a74aff3c4529/in_use.lock acquired by nodename 13648@pr-hdds-1569-x2sr2-3486766547
2019-09-25 04:50:24,879 [pool-27-thread-1] INFO  storage.RaftStorage (RaftStorage.java:format(72)) - Storage directory /workdir/hadoop-ozone/integration-test/target/test-dir/MiniOzoneClusterImpl-72f6cbb0-c919-4300-9939-20ef1cbf0e73/datanode-0/data/ratis/298b33d9-35b6-4fd9-aecf-a74aff3c4529 has been successfully formatted.
2019-09-25 04:50:24,879 [pool-27-thread-1] INFO  ratis.ContainerStateMachine (ContainerStateMachine.java:loadSnapshot(230)) - group-A74AFF3C4529: The snapshot info is null. Setting the last applied indexto:(t:0, i:~)
2019-09-25 04:50:24,880 [pool-27-thread-1] INFO  server.RaftServerConfigKeys (ConfUtils.java:logGet(43)) - raft.server.notification.no-leader.timeout = 120s (custom)
2019-09-25 04:50:24,880 [pool-27-thread-1] INFO  server.RaftServerConfigKeys (ConfUtils.java:logGet(43)) - raft.server.log.use.memory = false (default)
2019-09-25 04:50:24,880 [pool-27-thread-1] INFO  server.RaftServerConfigKeys (ConfUtils.java:logGet(43)) - raft.server.log.purge.gap = 1000000 (custom)
2019-09-25 04:50:24,880 [pool-27-thread-1] INFO  server.RaftServerConfigKeys (ConfUtils.java:logGet(43)) - raft.server.log.appender.buffer.byte-limit = 33554432 (custom)
2019-09-25 04:50:24,880 [pool-27-thread-1] INFO  server.RaftServerConfigKeys (ConfUtils.java:logGet(43)) - raft.server.log.segment.size.max = 1048576 (custom)
2019-09-25 04:50:24,881 [pool-27-thread-1] INFO  server.RaftServerConfigKeys (ConfUtils.java:logGet(43)) - raft.server.log.segment.cache.num.max = 2 (custom)
2019-09-25 04:50:24,881 [pool-27-thread-1] INFO  segmented.SegmentedRaftLogWorker (SegmentedRaftLogWorker.java:<init>(172)) - new c35819d4-86f4-4223-a458-676070fe0cbb@group-A74AFF3C4529-SegmentedRaftLogWorker for RaftStorage:Storage Directory /workdir/hadoop-ozone/integration-test/target/test-dir/MiniOzoneClusterImpl-72f6cbb0-c919-4300-9939-20ef1cbf0e73/datanode-0/data/ratis/298b33d9-35b6-4fd9-aecf-a74aff3c4529
2019-09-25 04:50:24,881 [pool-27-thread-1] INFO  server.RaftServerConfigKeys (ConfUtils.java:logGet(43)) - raft.server.log.queue.byte-limit = 2147483647 (custom)
2019-09-25 04:50:24,881 [pool-27-thread-1] INFO  server.RaftServerConfigKeys (ConfUtils.java:logGet(43)) - raft.server.log.queue.element-limit = 1024 (custom)
2019-09-25 04:50:24,882 [pool-27-thread-1] INFO  server.RaftServerConfigKeys (ConfUtils.java:logGet(43)) - raft.server.log.segment.size.max = 1048576 (custom)
2019-09-25 04:50:24,882 [pool-27-thread-1] INFO  server.RaftServerConfigKeys (ConfUtils.java:logGet(43)) - raft.server.log.preallocated.size = 16384 (custom)
2019-09-25 04:50:24,882 [pool-27-thread-1] INFO  server.RaftServerConfigKeys (ConfUtils.java:logGet(43)) - raft.server.log.write.buffer.size = 33554432 (custom)
2019-09-25 04:50:24,882 [pool-27-thread-1] INFO  server.RaftServerConfigKeys (ConfUtils.java:logGet(43)) - raft.server.log.force.sync.num = 128 (default)
2019-09-25 04:50:24,882 [pool-27-thread-1] INFO  server.RaftServerConfigKeys (ConfUtils.java:logGet(43)) - raft.server.log.statemachine.data.sync = true (default)
2019-09-25 04:50:24,883 [pool-27-thread-1] INFO  server.RaftServerConfigKeys (ConfUtils.java:logGet(43)) - raft.server.log.statemachine.data.sync.timeout = 10s (default)
2019-09-25 04:50:24,883 [pool-27-thread-1] INFO  server.RaftServerConfigKeys (ConfUtils.java:logGet(43)) - raft.server.log.statemachine.data.sync.timeout.retry = -1 (default)
2019-09-25 04:50:24,883 [pool-27-thread-1] INFO  server.RaftServerConfigKeys (ConfUtils.java:logGet(43)) - raft.server.log.statemachine.data.caching.enabled = true (custom)
2019-09-25 04:50:24,883 [pool-27-thread-1] INFO  segmented.SegmentedRaftLogWorker (SegmentedRaftLogWorker.java:lambda$new$0(132)) - c35819d4-86f4-4223-a458-676070fe0cbb@group-A74AFF3C4529-SegmentedRaftLogWorker: flushIndex: setUnconditionally 0 -> -1
2019-09-25 04:50:24,884 [pool-27-thread-1] INFO  server.RaftServerConfigKeys (ConfUtils.java:logGet(43)) - raft.server.snapshot.auto.trigger.enabled = true (custom)
2019-09-25 04:50:24,884 [pool-27-thread-1] INFO  server.RaftServerConfigKeys (ConfUtils.java:logGet(43)) - raft.server.snapshot.auto.trigger.threshold = 10000 (custom)
2019-09-25 04:50:24,884 [pool-27-thread-1] INFO  server.RaftServerConfigKeys (ConfUtils.java:logGet(43)) - raft.server.snapshot.retention.num.files = 5 (custom)
2019-09-25 04:50:24,885 [pool-27-thread-1] INFO  server.RaftServerConfigKeys (ConfUtils.java:logGet(43)) - raft.server.retrycache.expirytime = 600000ms (custom)
2019-09-25 04:50:24,889 [pool-27-thread-1] INFO  impl.RaftServerImpl (RaftServerImpl.java:start(185)) - c35819d4-86f4-4223-a458-676070fe0cbb@group-A74AFF3C4529: start as a follower, conf=-1: [c35819d4-86f4-4223-a458-676070fe0cbb:192.168.151.106:44434], old=null
2019-09-25 04:50:24,889 [pool-27-thread-1] INFO  impl.RaftServerImpl (RaftServerImpl.java:setRole(174)) - c35819d4-86f4-4223-a458-676070fe0cbb@group-A74AFF3C4529: changes role from      null to FOLLOWER at term 0 for startAsFollower
2019-09-25 04:50:24,890 [pool-27-thread-1] INFO  impl.RoleInfo (RoleInfo.java:updateAndGet(143)) - c35819d4-86f4-4223-a458-676070fe0cbb: start FollowerState
2019-09-25 04:50:24,890 [pool-27-thread-1] INFO  util.JmxRegister (JmxRegister.java:tryRegister(44)) - Successfully registered JMX Bean with object name Ratis:service=RaftServer,group=group-A74AFF3C4529,id=c35819d4-86f4-4223-a458-676070fe0cbb
2019-09-25 04:50:24,913 [RatisPipelineUtilsThread] INFO  pipeline.PipelineStateManager (PipelineStateManager.java:addPipeline(56)) - Created pipeline Pipeline[ Id: 298b33d9-35b6-4fd9-aecf-a74aff3c4529, Nodes: c35819d4-86f4-4223-a458-676070fe0cbb{ip: 192.168.151.106, host: pr-hdds-1569-x2sr2-3486766547, networkLocation: /default-rack, certSerialId: null}, Type:RATIS, Factor:ONE, State:OPEN]
2019-09-25 04:50:24,930 [grpc-default-executor-0] INFO  impl.RaftServerProxy (RaftServerProxy.java:addNew(89)) - aabdae46-dcfa-45e6-b665-2c47bb305ebb: addNew group-445600BED9A3:[aabdae46-dcfa-45e6-b665-2c47bb305ebb:192.168.151.106:41436] returns group-445600BED9A3:java.util.concurrent.CompletableFuture@f76e798[Not completed]
2019-09-25 04:50:24,935 [pool-67-thread-1] INFO  impl.RaftServerImpl (RaftServerImpl.java:<init>(95)) - aabdae46-dcfa-45e6-b665-2c47bb305ebb: new RaftServerImpl for group-445600BED9A3:[aabdae46-dcfa-45e6-b665-2c47bb305ebb:192.168.151.106:41436] with ContainerStateMachine:uninitialized
2019-09-25 04:50:24,935 [pool-67-thread-1] INFO  server.RaftServerConfigKeys (ConfUtils.java:logGet(43)) - raft.server.rpc.timeout.min = 5s (custom)
2019-09-25 04:50:24,936 [pool-67-thread-1] INFO  server.RaftServerConfigKeys (ConfUtils.java:logGet(43)) - raft.server.rpc.timeout.max = 5200ms (custom)
2019-09-25 04:50:24,936 [pool-67-thread-1] INFO  server.RaftServerConfigKeys (ConfUtils.java:logGet(43)) - raft.server.rpcslowness.timeout = 120s (custom)
2019-09-25 04:50:24,936 [pool-67-thread-1] INFO  server.RaftServerConfigKeys (ConfUtils.java:logGet(43)) - raft.server.sleep.deviation.threshold = 300 (default)
2019-09-25 04:50:24,936 [pool-67-thread-1] INFO  server.RaftServerConfigKeys (ConfUtils.java:logGet(43)) - raft.server.log.appender.install.snapshot.enabled = false (custom)
2019-09-25 04:50:24,936 [pool-67-thread-1] INFO  impl.RaftServerImpl (ServerState.java:<init>(103)) - aabdae46-dcfa-45e6-b665-2c47bb305ebb@group-445600BED9A3: ConfigurationManager, init=-1: [aabdae46-dcfa-45e6-b665-2c47bb305ebb:192.168.151.106:41436], old=null, confs=<EMPTY_MAP>
2019-09-25 04:50:24,937 [pool-67-thread-1] INFO  server.RaftServerConfigKeys (ConfUtils.java:logGet(43)) - raft.server.storage.dir = [/workdir/hadoop-ozone/integration-test/target/test-dir/MiniOzoneClusterImpl-72f6cbb0-c919-4300-9939-20ef1cbf0e73/datanode-4/data/ratis] (custom)
2019-09-25 04:50:24,937 [pool-67-thread-1] INFO  storage.RaftStorageDirectory (RaftStorageDirectory.java:analyzeStorage(246)) - The storage directory /workdir/hadoop-ozone/integration-test/target/test-dir/MiniOzoneClusterImpl-72f6cbb0-c919-4300-9939-20ef1cbf0e73/datanode-4/data/ratis/44bb5de6-0d9c-4518-a1d5-445600bed9a3 does not exist. Creating ...
2019-09-25 04:50:24,966 [pool-67-thread-1] INFO  storage.RaftStorageDirectory (RaftStorageDirectory.java:tryLock(328)) - Lock on /workdir/hadoop-ozone/integration-test/target/test-dir/MiniOzoneClusterImpl-72f6cbb0-c919-4300-9939-20ef1cbf0e73/datanode-4/data/ratis/44bb5de6-0d9c-4518-a1d5-445600bed9a3/in_use.lock acquired by nodename 13648@pr-hdds-1569-x2sr2-3486766547
2019-09-25 04:50:24,988 [pool-67-thread-1] INFO  storage.RaftStorage (RaftStorage.java:format(72)) - Storage directory /workdir/hadoop-ozone/integration-test/target/test-dir/MiniOzoneClusterImpl-72f6cbb0-c919-4300-9939-20ef1cbf0e73/datanode-4/data/ratis/44bb5de6-0d9c-4518-a1d5-445600bed9a3 has been successfully formatted.
2019-09-25 04:50:24,988 [pool-67-thread-1] INFO  ratis.ContainerStateMachine (ContainerStateMachine.java:loadSnapshot(230)) - group-445600BED9A3: The snapshot info is null. Setting the last applied indexto:(t:0, i:~)
2019-09-25 04:50:24,989 [pool-67-thread-1] INFO  server.RaftServerConfigKeys (ConfUtils.java:logGet(43)) - raft.server.notification.no-leader.timeout = 120s (custom)
2019-09-25 04:50:24,989 [pool-67-thread-1] INFO  server.RaftServerConfigKeys (ConfUtils.java:logGet(43)) - raft.server.log.use.memory = false (default)
2019-09-25 04:50:24,989 [pool-67-thread-1] INFO  server.RaftServerConfigKeys (ConfUtils.java:logGet(43)) - raft.server.log.purge.gap = 1000000 (custom)
2019-09-25 04:50:24,989 [pool-67-thread-1] INFO  server.RaftServerConfigKeys (ConfUtils.java:logGet(43)) - raft.server.log.appender.buffer.byte-limit = 33554432 (custom)
2019-09-25 04:50:24,989 [pool-67-thread-1] INFO  server.RaftServerConfigKeys (ConfUtils.java:logGet(43)) - raft.server.log.segment.size.max = 1048576 (custom)
2019-09-25 04:50:24,989 [pool-67-thread-1] INFO  server.RaftServerConfigKeys (ConfUtils.java:logGet(43)) - raft.server.log.segment.cache.num.max = 2 (custom)
2019-09-25 04:50:24,990 [pool-67-thread-1] INFO  segmented.SegmentedRaftLogWorker (SegmentedRaftLogWorker.java:<init>(172)) - new aabdae46-dcfa-45e6-b665-2c47bb305ebb@group-445600BED9A3-SegmentedRaftLogWorker for RaftStorage:Storage Directory /workdir/hadoop-ozone/integration-test/target/test-dir/MiniOzoneClusterImpl-72f6cbb0-c919-4300-9939-20ef1cbf0e73/datanode-4/data/ratis/44bb5de6-0d9c-4518-a1d5-445600bed9a3
2019-09-25 04:50:24,993 [pool-67-thread-1] INFO  server.RaftServerConfigKeys (ConfUtils.java:logGet(43)) - raft.server.log.queue.byte-limit = 2147483647 (custom)
2019-09-25 04:50:24,993 [pool-67-thread-1] INFO  server.RaftServerConfigKeys (ConfUtils.java:logGet(43)) - raft.server.log.queue.element-limit = 1024 (custom)
2019-09-25 04:50:24,993 [pool-67-thread-1] INFO  server.RaftServerConfigKeys (ConfUtils.java:logGet(43)) - raft.server.log.segment.size.max = 1048576 (custom)
2019-09-25 04:50:24,994 [pool-67-thread-1] INFO  server.RaftServerConfigKeys (ConfUtils.java:logGet(43)) - raft.server.log.preallocated.size = 16384 (custom)
2019-09-25 04:50:24,994 [pool-67-thread-1] INFO  server.RaftServerConfigKeys (ConfUtils.java:logGet(43)) - raft.server.log.write.buffer.size = 33554432 (custom)
2019-09-25 04:50:24,994 [pool-67-thread-1] INFO  server.RaftServerConfigKeys (ConfUtils.java:logGet(43)) - raft.server.log.force.sync.num = 128 (default)
2019-09-25 04:50:24,994 [pool-67-thread-1] INFO  server.RaftServerConfigKeys (ConfUtils.java:logGet(43)) - raft.server.log.statemachine.data.sync = true (default)
2019-09-25 04:50:24,994 [pool-67-thread-1] INFO  server.RaftServerConfigKeys (ConfUtils.java:logGet(43)) - raft.server.log.statemachine.data.sync.timeout = 10s (default)
2019-09-25 04:50:24,994 [pool-67-thread-1] INFO  server.RaftServerConfigKeys (ConfUtils.java:logGet(43)) - raft.server.log.statemachine.data.sync.timeout.retry = -1 (default)
2019-09-25 04:50:24,995 [pool-67-thread-1] INFO  server.RaftServerConfigKeys (ConfUtils.java:logGet(43)) - raft.server.log.statemachine.data.caching.enabled = true (custom)
2019-09-25 04:50:24,995 [pool-67-thread-1] INFO  segmented.SegmentedRaftLogWorker (SegmentedRaftLogWorker.java:lambda$new$0(132)) - aabdae46-dcfa-45e6-b665-2c47bb305ebb@group-445600BED9A3-SegmentedRaftLogWorker: flushIndex: setUnconditionally 0 -> -1
2019-09-25 04:50:24,996 [pool-67-thread-1] INFO  server.RaftServerConfigKeys (ConfUtils.java:logGet(43)) - raft.server.snapshot.auto.trigger.enabled = true (custom)
2019-09-25 04:50:24,996 [pool-67-thread-1] INFO  server.RaftServerConfigKeys (ConfUtils.java:logGet(43)) - raft.server.snapshot.auto.trigger.threshold = 10000 (custom)
2019-09-25 04:50:24,996 [pool-67-thread-1] INFO  server.RaftServerConfigKeys (ConfUtils.java:logGet(43)) - raft.server.snapshot.retention.num.files = 5 (custom)
2019-09-25 04:50:24,996 [pool-67-thread-1] INFO  server.RaftServerConfigKeys (ConfUtils.java:logGet(43)) - raft.server.retrycache.expirytime = 600000ms (custom)
2019-09-25 04:50:24,999 [pool-67-thread-1] INFO  impl.RaftServerImpl (RaftServerImpl.java:start(185)) - aabdae46-dcfa-45e6-b665-2c47bb305ebb@group-445600BED9A3: start as a follower, conf=-1: [aabdae46-dcfa-45e6-b665-2c47bb305ebb:192.168.151.106:41436], old=null
2019-09-25 04:50:24,999 [pool-67-thread-1] INFO  impl.RaftServerImpl (RaftServerImpl.java:setRole(174)) - aabdae46-dcfa-45e6-b665-2c47bb305ebb@group-445600BED9A3: changes role from      null to FOLLOWER at term 0 for startAsFollower
2019-09-25 04:50:25,000 [pool-67-thread-1] INFO  impl.RoleInfo (RoleInfo.java:updateAndGet(143)) - aabdae46-dcfa-45e6-b665-2c47bb305ebb: start FollowerState
2019-09-25 04:50:25,000 [pool-67-thread-1] INFO  util.JmxRegister (JmxRegister.java:tryRegister(44)) - Successfully registered JMX Bean with object name Ratis:service=RaftServer,group=group-445600BED9A3,id=aabdae46-dcfa-45e6-b665-2c47bb305ebb
2019-09-25 04:50:25,027 [RatisPipelineUtilsThread] INFO  pipeline.PipelineStateManager (PipelineStateManager.java:addPipeline(56)) - Created pipeline Pipeline[ Id: 44bb5de6-0d9c-4518-a1d5-445600bed9a3, Nodes: aabdae46-dcfa-45e6-b665-2c47bb305ebb{ip: 192.168.151.106, host: pr-hdds-1569-x2sr2-3486766547, networkLocation: /default-rack, certSerialId: null}, Type:RATIS, Factor:ONE, State:OPEN]
2019-09-25 04:50:25,045 [grpc-default-executor-0] INFO  impl.RaftServerProxy (RaftServerProxy.java:addNew(89)) - 45f1801e-7cfd-420a-bb39-98f19dcc81c3: addNew group-F5F7EECA864D:[45f1801e-7cfd-420a-bb39-98f19dcc81c3:192.168.151.106:38437] returns group-F5F7EECA864D:java.util.concurrent.CompletableFuture@54476ec4[Not completed]
2019-09-25 04:50:25,047 [pool-87-thread-1] INFO  impl.RaftServerImpl (RaftServerImpl.java:<init>(95)) - 45f1801e-7cfd-420a-bb39-98f19dcc81c3: new RaftServerImpl for group-F5F7EECA864D:[45f1801e-7cfd-420a-bb39-98f19dcc81c3:192.168.151.106:38437] with ContainerStateMachine:uninitialized
2019-09-25 04:50:25,048 [pool-87-thread-1] INFO  server.RaftServerConfigKeys (ConfUtils.java:logGet(43)) - raft.server.rpc.timeout.min = 5s (custom)
2019-09-25 04:50:25,048 [pool-87-thread-1] INFO  server.RaftServerConfigKeys (ConfUtils.java:logGet(43)) - raft.server.rpc.timeout.max = 5200ms (custom)
2019-09-25 04:50:25,048 [pool-87-thread-1] INFO  server.RaftServerConfigKeys (ConfUtils.java:logGet(43)) - raft.server.rpcslowness.timeout = 120s (custom)
2019-09-25 04:50:25,048 [pool-87-thread-1] INFO  server.RaftServerConfigKeys (ConfUtils.java:logGet(43)) - raft.server.sleep.deviation.threshold = 300 (default)
2019-09-25 04:50:25,048 [pool-87-thread-1] INFO  server.RaftServerConfigKeys (ConfUtils.java:logGet(43)) - raft.server.log.appender.install.snapshot.enabled = false (custom)
2019-09-25 04:50:25,048 [pool-87-thread-1] INFO  impl.RaftServerImpl (ServerState.java:<init>(103)) - 45f1801e-7cfd-420a-bb39-98f19dcc81c3@group-F5F7EECA864D: ConfigurationManager, init=-1: [45f1801e-7cfd-420a-bb39-98f19dcc81c3:192.168.151.106:38437], old=null, confs=<EMPTY_MAP>
2019-09-25 04:50:25,049 [pool-87-thread-1] INFO  server.RaftServerConfigKeys (ConfUtils.java:logGet(43)) - raft.server.storage.dir = [/workdir/hadoop-ozone/integration-test/target/test-dir/MiniOzoneClusterImpl-72f6cbb0-c919-4300-9939-20ef1cbf0e73/datanode-6/data/ratis] (custom)
2019-09-25 04:50:25,049 [pool-87-thread-1] INFO  storage.RaftStorageDirectory (RaftStorageDirectory.java:analyzeStorage(246)) - The storage directory /workdir/hadoop-ozone/integration-test/target/test-dir/MiniOzoneClusterImpl-72f6cbb0-c919-4300-9939-20ef1cbf0e73/datanode-6/data/ratis/648c7e4b-9641-48ce-8847-f5f7eeca864d does not exist. Creating ...
2019-09-25 04:50:25,072 [pool-87-thread-1] INFO  storage.RaftStorageDirectory (RaftStorageDirectory.java:tryLock(328)) - Lock on /workdir/hadoop-ozone/integration-test/target/test-dir/MiniOzoneClusterImpl-72f6cbb0-c919-4300-9939-20ef1cbf0e73/datanode-6/data/ratis/648c7e4b-9641-48ce-8847-f5f7eeca864d/in_use.lock acquired by nodename 13648@pr-hdds-1569-x2sr2-3486766547
2019-09-25 04:50:25,096 [pool-87-thread-1] INFO  storage.RaftStorage (RaftStorage.java:format(72)) - Storage directory /workdir/hadoop-ozone/integration-test/target/test-dir/MiniOzoneClusterImpl-72f6cbb0-c919-4300-9939-20ef1cbf0e73/datanode-6/data/ratis/648c7e4b-9641-48ce-8847-f5f7eeca864d has been successfully formatted.
2019-09-25 04:50:25,096 [pool-87-thread-1] INFO  ratis.ContainerStateMachine (ContainerStateMachine.java:loadSnapshot(230)) - group-F5F7EECA864D: The snapshot info is null. Setting the last applied indexto:(t:0, i:~)
2019-09-25 04:50:25,096 [pool-87-thread-1] INFO  server.RaftServerConfigKeys (ConfUtils.java:logGet(43)) - raft.server.notification.no-leader.timeout = 120s (custom)
2019-09-25 04:50:25,096 [pool-87-thread-1] INFO  server.RaftServerConfigKeys (ConfUtils.java:logGet(43)) - raft.server.log.use.memory = false (default)
2019-09-25 04:50:25,097 [pool-87-thread-1] INFO  server.RaftServerConfigKeys (ConfUtils.java:logGet(43)) - raft.server.log.purge.gap = 1000000 (custom)
2019-09-25 04:50:25,097 [pool-87-thread-1] INFO  server.RaftServerConfigKeys (ConfUtils.java:logGet(43)) - raft.server.log.appender.buffer.byte-limit = 33554432 (custom)
2019-09-25 04:50:25,097 [pool-87-thread-1] INFO  server.RaftServerConfigKeys (ConfUtils.java:logGet(43)) - raft.server.log.segment.size.max = 1048576 (custom)
2019-09-25 04:50:25,097 [pool-87-thread-1] INFO  server.RaftServerConfigKeys (ConfUtils.java:logGet(43)) - raft.server.log.segment.cache.num.max = 2 (custom)
2019-09-25 04:50:25,097 [pool-87-thread-1] INFO  segmented.SegmentedRaftLogWorker (SegmentedRaftLogWorker.java:<init>(172)) - new 45f1801e-7cfd-420a-bb39-98f19dcc81c3@group-F5F7EECA864D-SegmentedRaftLogWorker for RaftStorage:Storage Directory /workdir/hadoop-ozone/integration-test/target/test-dir/MiniOzoneClusterImpl-72f6cbb0-c919-4300-9939-20ef1cbf0e73/datanode-6/data/ratis/648c7e4b-9641-48ce-8847-f5f7eeca864d
2019-09-25 04:50:25,098 [pool-87-thread-1] INFO  server.RaftServerConfigKeys (ConfUtils.java:logGet(43)) - raft.server.log.queue.byte-limit = 2147483647 (custom)
2019-09-25 04:50:25,098 [pool-87-thread-1] INFO  server.RaftServerConfigKeys (ConfUtils.java:logGet(43)) - raft.server.log.queue.element-limit = 1024 (custom)
2019-09-25 04:50:25,098 [pool-87-thread-1] INFO  server.RaftServerConfigKeys (ConfUtils.java:logGet(43)) - raft.server.log.segment.size.max = 1048576 (custom)
2019-09-25 04:50:25,098 [pool-87-thread-1] INFO  server.RaftServerConfigKeys (ConfUtils.java:logGet(43)) - raft.server.log.preallocated.size = 16384 (custom)
2019-09-25 04:50:25,098 [pool-87-thread-1] INFO  server.RaftServerConfigKeys (ConfUtils.java:logGet(43)) - raft.server.log.write.buffer.size = 33554432 (custom)
2019-09-25 04:50:25,098 [pool-87-thread-1] INFO  server.RaftServerConfigKeys (ConfUtils.java:logGet(43)) - raft.server.log.force.sync.num = 128 (default)
2019-09-25 04:50:25,099 [pool-87-thread-1] INFO  server.RaftServerConfigKeys (ConfUtils.java:logGet(43)) - raft.server.log.statemachine.data.sync = true (default)
2019-09-25 04:50:25,099 [pool-87-thread-1] INFO  server.RaftServerConfigKeys (ConfUtils.java:logGet(43)) - raft.server.log.statemachine.data.sync.timeout = 10s (default)
2019-09-25 04:50:25,099 [pool-87-thread-1] INFO  server.RaftServerConfigKeys (ConfUtils.java:logGet(43)) - raft.server.log.statemachine.data.sync.timeout.retry = -1 (default)
2019-09-25 04:50:25,099 [pool-87-thread-1] INFO  server.RaftServerConfigKeys (ConfUtils.java:logGet(43)) - raft.server.log.statemachine.data.caching.enabled = true (custom)
2019-09-25 04:50:25,100 [pool-87-thread-1] INFO  segmented.SegmentedRaftLogWorker (SegmentedRaftLogWorker.java:lambda$new$0(132)) - 45f1801e-7cfd-420a-bb39-98f19dcc81c3@group-F5F7EECA864D-SegmentedRaftLogWorker: flushIndex: setUnconditionally 0 -> -1
2019-09-25 04:50:25,100 [pool-87-thread-1] INFO  server.RaftServerConfigKeys (ConfUtils.java:logGet(43)) - raft.server.snapshot.auto.trigger.enabled = true (custom)
2019-09-25 04:50:25,100 [pool-87-thread-1] INFO  server.RaftServerConfigKeys (ConfUtils.java:logGet(43)) - raft.server.snapshot.auto.trigger.threshold = 10000 (custom)
2019-09-25 04:50:25,100 [pool-87-thread-1] INFO  server.RaftServerConfigKeys (ConfUtils.java:logGet(43)) - raft.server.snapshot.retention.num.files = 5 (custom)
2019-09-25 04:50:25,101 [pool-87-thread-1] INFO  server.RaftServerConfigKeys (ConfUtils.java:logGet(43)) - raft.server.retrycache.expirytime = 600000ms (custom)
2019-09-25 04:50:25,104 [pool-87-thread-1] INFO  impl.RaftServerImpl (RaftServerImpl.java:start(185)) - 45f1801e-7cfd-420a-bb39-98f19dcc81c3@group-F5F7EECA864D: start as a follower, conf=-1: [45f1801e-7cfd-420a-bb39-98f19dcc81c3:192.168.151.106:38437], old=null
2019-09-25 04:50:25,104 [pool-87-thread-1] INFO  impl.RaftServerImpl (RaftServerImpl.java:setRole(174)) - 45f1801e-7cfd-420a-bb39-98f19dcc81c3@group-F5F7EECA864D: changes role from      null to FOLLOWER at term 0 for startAsFollower
2019-09-25 04:50:25,105 [pool-87-thread-1] INFO  impl.RoleInfo (RoleInfo.java:updateAndGet(143)) - 45f1801e-7cfd-420a-bb39-98f19dcc81c3: start FollowerState
2019-09-25 04:50:25,105 [pool-87-thread-1] INFO  util.JmxRegister (JmxRegister.java:tryRegister(44)) - Successfully registered JMX Bean with object name Ratis:service=RaftServer,group=group-F5F7EECA864D,id=45f1801e-7cfd-420a-bb39-98f19dcc81c3
2019-09-25 04:50:25,119 [RatisPipelineUtilsThread] INFO  pipeline.PipelineStateManager (PipelineStateManager.java:addPipeline(56)) - Created pipeline Pipeline[ Id: 648c7e4b-9641-48ce-8847-f5f7eeca864d, Nodes: 45f1801e-7cfd-420a-bb39-98f19dcc81c3{ip: 192.168.151.106, host: pr-hdds-1569-x2sr2-3486766547, networkLocation: /default-rack, certSerialId: null}, Type:RATIS, Factor:ONE, State:OPEN]
2019-09-25 04:50:25,135 [grpc-default-executor-0] INFO  impl.RaftServerProxy (RaftServerProxy.java:addNew(89)) - 45f1801e-7cfd-420a-bb39-98f19dcc81c3: addNew group-F75FD092172B:[45f1801e-7cfd-420a-bb39-98f19dcc81c3:192.168.151.106:38437] returns group-F75FD092172B:java.util.concurrent.CompletableFuture@1ea74497[Not completed]
2019-09-25 04:50:25,137 [pool-87-thread-1] INFO  impl.RaftServerImpl (RaftServerImpl.java:<init>(95)) - 45f1801e-7cfd-420a-bb39-98f19dcc81c3: new RaftServerImpl for group-F75FD092172B:[45f1801e-7cfd-420a-bb39-98f19dcc81c3:192.168.151.106:38437] with ContainerStateMachine:uninitialized
2019-09-25 04:50:25,137 [pool-87-thread-1] INFO  server.RaftServerConfigKeys (ConfUtils.java:logGet(43)) - raft.server.rpc.timeout.min = 5s (custom)
2019-09-25 04:50:25,139 [pool-87-thread-1] INFO  server.RaftServerConfigKeys (ConfUtils.java:logGet(43)) - raft.server.rpc.timeout.max = 5200ms (custom)
2019-09-25 04:50:25,140 [pool-87-thread-1] INFO  server.RaftServerConfigKeys (ConfUtils.java:logGet(43)) - raft.server.rpcslowness.timeout = 120s (custom)
2019-09-25 04:50:25,140 [pool-87-thread-1] INFO  server.RaftServerConfigKeys (ConfUtils.java:logGet(43)) - raft.server.sleep.deviation.threshold = 300 (default)
2019-09-25 04:50:25,140 [pool-87-thread-1] INFO  server.RaftServerConfigKeys (ConfUtils.java:logGet(43)) - raft.server.log.appender.install.snapshot.enabled = false (custom)
2019-09-25 04:50:25,140 [pool-87-thread-1] INFO  impl.RaftServerImpl (ServerState.java:<init>(103)) - 45f1801e-7cfd-420a-bb39-98f19dcc81c3@group-F75FD092172B: ConfigurationManager, init=-1: [45f1801e-7cfd-420a-bb39-98f19dcc81c3:192.168.151.106:38437], old=null, confs=<EMPTY_MAP>
2019-09-25 04:50:25,140 [pool-87-thread-1] INFO  server.RaftServerConfigKeys (ConfUtils.java:logGet(43)) - raft.server.storage.dir = [/workdir/hadoop-ozone/integration-test/target/test-dir/MiniOzoneClusterImpl-72f6cbb0-c919-4300-9939-20ef1cbf0e73/datanode-6/data/ratis] (custom)
2019-09-25 04:50:25,141 [pool-87-thread-1] INFO  storage.RaftStorageDirectory (RaftStorageDirectory.java:analyzeStorage(246)) - The storage directory /workdir/hadoop-ozone/integration-test/target/test-dir/MiniOzoneClusterImpl-72f6cbb0-c919-4300-9939-20ef1cbf0e73/datanode-6/data/ratis/4c740668-aada-4e14-a5a9-f75fd092172b does not exist. Creating ...
2019-09-25 04:50:25,164 [pool-87-thread-1] INFO  storage.RaftStorageDirectory (RaftStorageDirectory.java:tryLock(328)) - Lock on /workdir/hadoop-ozone/integration-test/target/test-dir/MiniOzoneClusterImpl-72f6cbb0-c919-4300-9939-20ef1cbf0e73/datanode-6/data/ratis/4c740668-aada-4e14-a5a9-f75fd092172b/in_use.lock acquired by nodename 13648@pr-hdds-1569-x2sr2-3486766547
2019-09-25 04:50:25,189 [pool-87-thread-1] INFO  storage.RaftStorage (RaftStorage.java:format(72)) - Storage directory /workdir/hadoop-ozone/integration-test/target/test-dir/MiniOzoneClusterImpl-72f6cbb0-c919-4300-9939-20ef1cbf0e73/datanode-6/data/ratis/4c740668-aada-4e14-a5a9-f75fd092172b has been successfully formatted.
2019-09-25 04:50:25,190 [pool-87-thread-1] INFO  ratis.ContainerStateMachine (ContainerStateMachine.java:loadSnapshot(230)) - group-F75FD092172B: The snapshot info is null. Setting the last applied indexto:(t:0, i:~)
2019-09-25 04:50:25,190 [pool-87-thread-1] INFO  server.RaftServerConfigKeys (ConfUtils.java:logGet(43)) - raft.server.notification.no-leader.timeout = 120s (custom)
2019-09-25 04:50:25,190 [pool-87-thread-1] INFO  server.RaftServerConfigKeys (ConfUtils.java:logGet(43)) - raft.server.log.use.memory = false (default)
2019-09-25 04:50:25,190 [pool-87-thread-1] INFO  server.RaftServerConfigKeys (ConfUtils.java:logGet(43)) - raft.server.log.purge.gap = 1000000 (custom)
2019-09-25 04:50:25,190 [pool-87-thread-1] INFO  server.RaftServerConfigKeys (ConfUtils.java:logGet(43)) - raft.server.log.appender.buffer.byte-limit = 33554432 (custom)
2019-09-25 04:50:25,191 [pool-87-thread-1] INFO  server.RaftServerConfigKeys (ConfUtils.java:logGet(43)) - raft.server.log.segment.size.max = 1048576 (custom)
2019-09-25 04:50:25,191 [pool-87-thread-1] INFO  server.RaftServerConfigKeys (ConfUtils.java:logGet(43)) - raft.server.log.segment.cache.num.max = 2 (custom)
2019-09-25 04:50:25,191 [pool-87-thread-1] INFO  segmented.SegmentedRaftLogWorker (SegmentedRaftLogWorker.java:<init>(172)) - new 45f1801e-7cfd-420a-bb39-98f19dcc81c3@group-F75FD092172B-SegmentedRaftLogWorker for RaftStorage:Storage Directory /workdir/hadoop-ozone/integration-test/target/test-dir/MiniOzoneClusterImpl-72f6cbb0-c919-4300-9939-20ef1cbf0e73/datanode-6/data/ratis/4c740668-aada-4e14-a5a9-f75fd092172b
2019-09-25 04:50:25,191 [pool-87-thread-1] INFO  server.RaftServerConfigKeys (ConfUtils.java:logGet(43)) - raft.server.log.queue.byte-limit = 2147483647 (custom)
2019-09-25 04:50:25,191 [pool-87-thread-1] INFO  server.RaftServerConfigKeys (ConfUtils.java:logGet(43)) - raft.server.log.queue.element-limit = 1024 (custom)
2019-09-25 04:50:25,191 [pool-87-thread-1] INFO  server.RaftServerConfigKeys (ConfUtils.java:logGet(43)) - raft.server.log.segment.size.max = 1048576 (custom)
2019-09-25 04:50:25,192 [pool-87-thread-1] INFO  server.RaftServerConfigKeys (ConfUtils.java:logGet(43)) - raft.server.log.preallocated.size = 16384 (custom)
2019-09-25 04:50:25,192 [pool-87-thread-1] INFO  server.RaftServerConfigKeys (ConfUtils.java:logGet(43)) - raft.server.log.write.buffer.size = 33554432 (custom)
2019-09-25 04:50:25,192 [pool-87-thread-1] INFO  server.RaftServerConfigKeys (ConfUtils.java:logGet(43)) - raft.server.log.force.sync.num = 128 (default)
2019-09-25 04:50:25,192 [pool-87-thread-1] INFO  server.RaftServerConfigKeys (ConfUtils.java:logGet(43)) - raft.server.log.statemachine.data.sync = true (default)
2019-09-25 04:50:25,192 [pool-87-thread-1] INFO  server.RaftServerConfigKeys (ConfUtils.java:logGet(43)) - raft.server.log.statemachine.data.sync.timeout = 10s (default)
2019-09-25 04:50:25,192 [pool-87-thread-1] INFO  server.RaftServerConfigKeys (ConfUtils.java:logGet(43)) - raft.server.log.statemachine.data.sync.timeout.retry = -1 (default)
2019-09-25 04:50:25,193 [pool-87-thread-1] INFO  server.RaftServerConfigKeys (ConfUtils.java:logGet(43)) - raft.server.log.statemachine.data.caching.enabled = true (custom)
2019-09-25 04:50:25,193 [pool-87-thread-1] INFO  segmented.SegmentedRaftLogWorker (SegmentedRaftLogWorker.java:lambda$new$0(132)) - 45f1801e-7cfd-420a-bb39-98f19dcc81c3@group-F75FD092172B-SegmentedRaftLogWorker: flushIndex: setUnconditionally 0 -> -1
2019-09-25 04:50:25,193 [pool-87-thread-1] INFO  server.RaftServerConfigKeys (ConfUtils.java:logGet(43)) - raft.server.snapshot.auto.trigger.enabled = true (custom)
2019-09-25 04:50:25,194 [pool-87-thread-1] INFO  server.RaftServerConfigKeys (ConfUtils.java:logGet(43)) - raft.server.snapshot.auto.trigger.threshold = 10000 (custom)
2019-09-25 04:50:25,194 [pool-87-thread-1] INFO  server.RaftServerConfigKeys (ConfUtils.java:logGet(43)) - raft.server.snapshot.retention.num.files = 5 (custom)
2019-09-25 04:50:25,194 [pool-87-thread-1] INFO  server.RaftServerConfigKeys (ConfUtils.java:logGet(43)) - raft.server.retrycache.expirytime = 600000ms (custom)
2019-09-25 04:50:25,197 [pool-87-thread-1] INFO  impl.RaftServerImpl (RaftServerImpl.java:start(185)) - 45f1801e-7cfd-420a-bb39-98f19dcc81c3@group-F75FD092172B: start as a follower, conf=-1: [45f1801e-7cfd-420a-bb39-98f19dcc81c3:192.168.151.106:38437], old=null
2019-09-25 04:50:25,197 [pool-87-thread-1] INFO  impl.RaftServerImpl (RaftServerImpl.java:setRole(174)) - 45f1801e-7cfd-420a-bb39-98f19dcc81c3@group-F75FD092172B: changes role from      null to FOLLOWER at term 0 for startAsFollower
2019-09-25 04:50:25,198 [pool-87-thread-1] INFO  impl.RoleInfo (RoleInfo.java:updateAndGet(143)) - 45f1801e-7cfd-420a-bb39-98f19dcc81c3: start FollowerState
2019-09-25 04:50:25,198 [pool-87-thread-1] INFO  util.JmxRegister (JmxRegister.java:tryRegister(44)) - Successfully registered JMX Bean with object name Ratis:service=RaftServer,group=group-F75FD092172B,id=45f1801e-7cfd-420a-bb39-98f19dcc81c3
2019-09-25 04:50:25,210 [RatisPipelineUtilsThread] INFO  pipeline.PipelineStateManager (PipelineStateManager.java:addPipeline(56)) - Created pipeline Pipeline[ Id: 4c740668-aada-4e14-a5a9-f75fd092172b, Nodes: 45f1801e-7cfd-420a-bb39-98f19dcc81c3{ip: 192.168.151.106, host: pr-hdds-1569-x2sr2-3486766547, networkLocation: /default-rack, certSerialId: null}, Type:RATIS, Factor:ONE, State:OPEN]
2019-09-25 04:50:25,228 [grpc-default-executor-0] INFO  impl.RaftServerProxy (RaftServerProxy.java:addNew(89)) - aabdae46-dcfa-45e6-b665-2c47bb305ebb: addNew group-93A8D747D500:[aabdae46-dcfa-45e6-b665-2c47bb305ebb:192.168.151.106:41436] returns group-93A8D747D500:java.util.concurrent.CompletableFuture@26081c54[Not completed]
2019-09-25 04:50:25,233 [pool-67-thread-1] INFO  impl.RaftServerImpl (RaftServerImpl.java:<init>(95)) - aabdae46-dcfa-45e6-b665-2c47bb305ebb: new RaftServerImpl for group-93A8D747D500:[aabdae46-dcfa-45e6-b665-2c47bb305ebb:192.168.151.106:41436] with ContainerStateMachine:uninitialized
2019-09-25 04:50:25,233 [pool-67-thread-1] INFO  server.RaftServerConfigKeys (ConfUtils.java:logGet(43)) - raft.server.rpc.timeout.min = 5s (custom)
2019-09-25 04:50:25,234 [pool-67-thread-1] INFO  server.RaftServerConfigKeys (ConfUtils.java:logGet(43)) - raft.server.rpc.timeout.max = 5200ms (custom)
2019-09-25 04:50:25,234 [pool-67-thread-1] INFO  server.RaftServerConfigKeys (ConfUtils.java:logGet(43)) - raft.server.rpcslowness.timeout = 120s (custom)
2019-09-25 04:50:25,234 [pool-67-thread-1] INFO  server.RaftServerConfigKeys (ConfUtils.java:logGet(43)) - raft.server.sleep.deviation.threshold = 300 (default)
2019-09-25 04:50:25,234 [pool-67-thread-1] INFO  server.RaftServerConfigKeys (ConfUtils.java:logGet(43)) - raft.server.log.appender.install.snapshot.enabled = false (custom)
2019-09-25 04:50:25,234 [pool-67-thread-1] INFO  impl.RaftServerImpl (ServerState.java:<init>(103)) - aabdae46-dcfa-45e6-b665-2c47bb305ebb@group-93A8D747D500: ConfigurationManager, init=-1: [aabdae46-dcfa-45e6-b665-2c47bb305ebb:192.168.151.106:41436], old=null, confs=<EMPTY_MAP>
2019-09-25 04:50:25,235 [pool-67-thread-1] INFO  server.RaftServerConfigKeys (ConfUtils.java:logGet(43)) - raft.server.storage.dir = [/workdir/hadoop-ozone/integration-test/target/test-dir/MiniOzoneClusterImpl-72f6cbb0-c919-4300-9939-20ef1cbf0e73/datanode-4/data/ratis] (custom)
2019-09-25 04:50:25,235 [pool-67-thread-1] INFO  storage.RaftStorageDirectory (RaftStorageDirectory.java:analyzeStorage(246)) - The storage directory /workdir/hadoop-ozone/integration-test/target/test-dir/MiniOzoneClusterImpl-72f6cbb0-c919-4300-9939-20ef1cbf0e73/datanode-4/data/ratis/add1e5a8-4ad9-4332-a029-93a8d747d500 does not exist. Creating ...
2019-09-25 04:50:25,248 [pool-67-thread-1] INFO  storage.RaftStorageDirectory (RaftStorageDirectory.java:tryLock(328)) - Lock on /workdir/hadoop-ozone/integration-test/target/test-dir/MiniOzoneClusterImpl-72f6cbb0-c919-4300-9939-20ef1cbf0e73/datanode-4/data/ratis/add1e5a8-4ad9-4332-a029-93a8d747d500/in_use.lock acquired by nodename 13648@pr-hdds-1569-x2sr2-3486766547
2019-09-25 04:50:25,266 [pool-67-thread-1] INFO  storage.RaftStorage (RaftStorage.java:format(72)) - Storage directory /workdir/hadoop-ozone/integration-test/target/test-dir/MiniOzoneClusterImpl-72f6cbb0-c919-4300-9939-20ef1cbf0e73/datanode-4/data/ratis/add1e5a8-4ad9-4332-a029-93a8d747d500 has been successfully formatted.
2019-09-25 04:50:25,271 [pool-67-thread-1] INFO  ratis.ContainerStateMachine (ContainerStateMachine.java:loadSnapshot(230)) - group-93A8D747D500: The snapshot info is null. Setting the last applied indexto:(t:0, i:~)
2019-09-25 04:50:25,272 [pool-67-thread-1] INFO  server.RaftServerConfigKeys (ConfUtils.java:logGet(43)) - raft.server.notification.no-leader.timeout = 120s (custom)
2019-09-25 04:50:25,272 [pool-67-thread-1] INFO  server.RaftServerConfigKeys (ConfUtils.java:logGet(43)) - raft.server.log.use.memory = false (default)
2019-09-25 04:50:25,272 [pool-67-thread-1] INFO  server.RaftServerConfigKeys (ConfUtils.java:logGet(43)) - raft.server.log.purge.gap = 1000000 (custom)
2019-09-25 04:50:25,272 [pool-67-thread-1] INFO  server.RaftServerConfigKeys (ConfUtils.java:logGet(43)) - raft.server.log.appender.buffer.byte-limit = 33554432 (custom)
2019-09-25 04:50:25,272 [pool-67-thread-1] INFO  server.RaftServerConfigKeys (ConfUtils.java:logGet(43)) - raft.server.log.segment.size.max = 1048576 (custom)
2019-09-25 04:50:25,273 [pool-67-thread-1] INFO  server.RaftServerConfigKeys (ConfUtils.java:logGet(43)) - raft.server.log.segment.cache.num.max = 2 (custom)
2019-09-25 04:50:25,273 [pool-67-thread-1] INFO  segmented.SegmentedRaftLogWorker (SegmentedRaftLogWorker.java:<init>(172)) - new aabdae46-dcfa-45e6-b665-2c47bb305ebb@group-93A8D747D500-SegmentedRaftLogWorker for RaftStorage:Storage Directory /workdir/hadoop-ozone/integration-test/target/test-dir/MiniOzoneClusterImpl-72f6cbb0-c919-4300-9939-20ef1cbf0e73/datanode-4/data/ratis/add1e5a8-4ad9-4332-a029-93a8d747d500
2019-09-25 04:50:25,273 [pool-67-thread-1] INFO  server.RaftServerConfigKeys (ConfUtils.java:logGet(43)) - raft.server.log.queue.byte-limit = 2147483647 (custom)
2019-09-25 04:50:25,273 [pool-67-thread-1] INFO  server.RaftServerConfigKeys (ConfUtils.java:logGet(43)) - raft.server.log.queue.element-limit = 1024 (custom)
2019-09-25 04:50:25,273 [pool-67-thread-1] INFO  server.RaftServerConfigKeys (ConfUtils.java:logGet(43)) - raft.server.log.segment.size.max = 1048576 (custom)
2019-09-25 04:50:25,274 [pool-67-thread-1] INFO  server.RaftServerConfigKeys (ConfUtils.java:logGet(43)) - raft.server.log.preallocated.size = 16384 (custom)
2019-09-25 04:50:25,274 [pool-67-thread-1] INFO  server.RaftServerConfigKeys (ConfUtils.java:logGet(43)) - raft.server.log.write.buffer.size = 33554432 (custom)
2019-09-25 04:50:25,274 [pool-67-thread-1] INFO  server.RaftServerConfigKeys (ConfUtils.java:logGet(43)) - raft.server.log.force.sync.num = 128 (default)
2019-09-25 04:50:25,274 [pool-67-thread-1] INFO  server.RaftServerConfigKeys (ConfUtils.java:logGet(43)) - raft.server.log.statemachine.data.sync = true (default)
2019-09-25 04:50:25,274 [pool-67-thread-1] INFO  server.RaftServerConfigKeys (ConfUtils.java:logGet(43)) - raft.server.log.statemachine.data.sync.timeout = 10s (default)
2019-09-25 04:50:25,275 [pool-67-thread-1] INFO  server.RaftServerConfigKeys (ConfUtils.java:logGet(43)) - raft.server.log.statemachine.data.sync.timeout.retry = -1 (default)
2019-09-25 04:50:25,275 [pool-67-thread-1] INFO  server.RaftServerConfigKeys (ConfUtils.java:logGet(43)) - raft.server.log.statemachine.data.caching.enabled = true (custom)
2019-09-25 04:50:25,275 [pool-67-thread-1] INFO  segmented.SegmentedRaftLogWorker (SegmentedRaftLogWorker.java:lambda$new$0(132)) - aabdae46-dcfa-45e6-b665-2c47bb305ebb@group-93A8D747D500-SegmentedRaftLogWorker: flushIndex: setUnconditionally 0 -> -1
2019-09-25 04:50:25,276 [pool-67-thread-1] INFO  server.RaftServerConfigKeys (ConfUtils.java:logGet(43)) - raft.server.snapshot.auto.trigger.enabled = true (custom)
2019-09-25 04:50:25,276 [pool-67-thread-1] INFO  server.RaftServerConfigKeys (ConfUtils.java:logGet(43)) - raft.server.snapshot.auto.trigger.threshold = 10000 (custom)
2019-09-25 04:50:25,276 [pool-67-thread-1] INFO  server.RaftServerConfigKeys (ConfUtils.java:logGet(43)) - raft.server.snapshot.retention.num.files = 5 (custom)
2019-09-25 04:50:25,276 [pool-67-thread-1] INFO  server.RaftServerConfigKeys (ConfUtils.java:logGet(43)) - raft.server.retrycache.expirytime = 600000ms (custom)
2019-09-25 04:50:25,280 [pool-67-thread-1] INFO  impl.RaftServerImpl (RaftServerImpl.java:start(185)) - aabdae46-dcfa-45e6-b665-2c47bb305ebb@group-93A8D747D500: start as a follower, conf=-1: [aabdae46-dcfa-45e6-b665-2c47bb305ebb:192.168.151.106:41436], old=null
2019-09-25 04:50:25,280 [pool-67-thread-1] INFO  impl.RaftServerImpl (RaftServerImpl.java:setRole(174)) - aabdae46-dcfa-45e6-b665-2c47bb305ebb@group-93A8D747D500: changes role from      null to FOLLOWER at term 0 for startAsFollower
2019-09-25 04:50:25,280 [pool-67-thread-1] INFO  impl.RoleInfo (RoleInfo.java:updateAndGet(143)) - aabdae46-dcfa-45e6-b665-2c47bb305ebb: start FollowerState
2019-09-25 04:50:25,280 [pool-67-thread-1] INFO  util.JmxRegister (JmxRegister.java:tryRegister(44)) - Successfully registered JMX Bean with object name Ratis:service=RaftServer,group=group-93A8D747D500,id=aabdae46-dcfa-45e6-b665-2c47bb305ebb
2019-09-25 04:50:25,293 [RatisPipelineUtilsThread] INFO  pipeline.PipelineStateManager (PipelineStateManager.java:addPipeline(56)) - Created pipeline Pipeline[ Id: add1e5a8-4ad9-4332-a029-93a8d747d500, Nodes: aabdae46-dcfa-45e6-b665-2c47bb305ebb{ip: 192.168.151.106, host: pr-hdds-1569-x2sr2-3486766547, networkLocation: /default-rack, certSerialId: null}, Type:RATIS, Factor:ONE, State:OPEN]
2019-09-25 04:50:25,310 [grpc-default-executor-0] INFO  impl.RaftServerProxy (RaftServerProxy.java:addNew(89)) - aabdae46-dcfa-45e6-b665-2c47bb305ebb: addNew group-1A9CE574797A:[aabdae46-dcfa-45e6-b665-2c47bb305ebb:192.168.151.106:41436] returns group-1A9CE574797A:java.util.concurrent.CompletableFuture@d1af586[Not completed]
2019-09-25 04:50:25,314 [pool-67-thread-1] INFO  impl.RaftServerImpl (RaftServerImpl.java:<init>(95)) - aabdae46-dcfa-45e6-b665-2c47bb305ebb: new RaftServerImpl for group-1A9CE574797A:[aabdae46-dcfa-45e6-b665-2c47bb305ebb:192.168.151.106:41436] with ContainerStateMachine:uninitialized
2019-09-25 04:50:25,314 [pool-67-thread-1] INFO  server.RaftServerConfigKeys (ConfUtils.java:logGet(43)) - raft.server.rpc.timeout.min = 5s (custom)
2019-09-25 04:50:25,315 [pool-67-thread-1] INFO  server.RaftServerConfigKeys (ConfUtils.java:logGet(43)) - raft.server.rpc.timeout.max = 5200ms (custom)
2019-09-25 04:50:25,315 [pool-67-thread-1] INFO  server.RaftServerConfigKeys (ConfUtils.java:logGet(43)) - raft.server.rpcslowness.timeout = 120s (custom)
2019-09-25 04:50:25,315 [pool-67-thread-1] INFO  server.RaftServerConfigKeys (ConfUtils.java:logGet(43)) - raft.server.sleep.deviation.threshold = 300 (default)
2019-09-25 04:50:25,315 [pool-67-thread-1] INFO  server.RaftServerConfigKeys (ConfUtils.java:logGet(43)) - raft.server.log.appender.install.snapshot.enabled = false (custom)
2019-09-25 04:50:25,315 [pool-67-thread-1] INFO  impl.RaftServerImpl (ServerState.java:<init>(103)) - aabdae46-dcfa-45e6-b665-2c47bb305ebb@group-1A9CE574797A: ConfigurationManager, init=-1: [aabdae46-dcfa-45e6-b665-2c47bb305ebb:192.168.151.106:41436], old=null, confs=<EMPTY_MAP>
2019-09-25 04:50:25,315 [pool-67-thread-1] INFO  server.RaftServerConfigKeys (ConfUtils.java:logGet(43)) - raft.server.storage.dir = [/workdir/hadoop-ozone/integration-test/target/test-dir/MiniOzoneClusterImpl-72f6cbb0-c919-4300-9939-20ef1cbf0e73/datanode-4/data/ratis] (custom)
2019-09-25 04:50:25,316 [pool-67-thread-1] INFO  storage.RaftStorageDirectory (RaftStorageDirectory.java:analyzeStorage(246)) - The storage directory /workdir/hadoop-ozone/integration-test/target/test-dir/MiniOzoneClusterImpl-72f6cbb0-c919-4300-9939-20ef1cbf0e73/datanode-4/data/ratis/a95d2e9c-6e1a-4862-82ff-1a9ce574797a does not exist. Creating ...
2019-09-25 04:50:25,329 [pool-67-thread-1] INFO  storage.RaftStorageDirectory (RaftStorageDirectory.java:tryLock(328)) - Lock on /workdir/hadoop-ozone/integration-test/target/test-dir/MiniOzoneClusterImpl-72f6cbb0-c919-4300-9939-20ef1cbf0e73/datanode-4/data/ratis/a95d2e9c-6e1a-4862-82ff-1a9ce574797a/in_use.lock acquired by nodename 13648@pr-hdds-1569-x2sr2-3486766547
2019-09-25 04:50:25,342 [pool-67-thread-1] INFO  storage.RaftStorage (RaftStorage.java:format(72)) - Storage directory /workdir/hadoop-ozone/integration-test/target/test-dir/MiniOzoneClusterImpl-72f6cbb0-c919-4300-9939-20ef1cbf0e73/datanode-4/data/ratis/a95d2e9c-6e1a-4862-82ff-1a9ce574797a has been successfully formatted.
2019-09-25 04:50:25,342 [pool-67-thread-1] INFO  ratis.ContainerStateMachine (ContainerStateMachine.java:loadSnapshot(230)) - group-1A9CE574797A: The snapshot info is null. Setting the last applied indexto:(t:0, i:~)
2019-09-25 04:50:25,342 [pool-67-thread-1] INFO  server.RaftServerConfigKeys (ConfUtils.java:logGet(43)) - raft.server.notification.no-leader.timeout = 120s (custom)
2019-09-25 04:50:25,343 [pool-67-thread-1] INFO  server.RaftServerConfigKeys (ConfUtils.java:logGet(43)) - raft.server.log.use.memory = false (default)
2019-09-25 04:50:25,343 [pool-67-thread-1] INFO  server.RaftServerConfigKeys (ConfUtils.java:logGet(43)) - raft.server.log.purge.gap = 1000000 (custom)
2019-09-25 04:50:25,343 [pool-67-thread-1] INFO  server.RaftServerConfigKeys (ConfUtils.java:logGet(43)) - raft.server.log.appender.buffer.byte-limit = 33554432 (custom)
2019-09-25 04:50:25,343 [pool-67-thread-1] INFO  server.RaftServerConfigKeys (ConfUtils.java:logGet(43)) - raft.server.log.segment.size.max = 1048576 (custom)
2019-09-25 04:50:25,344 [pool-67-thread-1] INFO  server.RaftServerConfigKeys (ConfUtils.java:logGet(43)) - raft.server.log.segment.cache.num.max = 2 (custom)
2019-09-25 04:50:25,344 [pool-67-thread-1] INFO  segmented.SegmentedRaftLogWorker (SegmentedRaftLogWorker.java:<init>(172)) - new aabdae46-dcfa-45e6-b665-2c47bb305ebb@group-1A9CE574797A-SegmentedRaftLogWorker for RaftStorage:Storage Directory /workdir/hadoop-ozone/integration-test/target/test-dir/MiniOzoneClusterImpl-72f6cbb0-c919-4300-9939-20ef1cbf0e73/datanode-4/data/ratis/a95d2e9c-6e1a-4862-82ff-1a9ce574797a
2019-09-25 04:50:25,344 [pool-67-thread-1] INFO  server.RaftServerConfigKeys (ConfUtils.java:logGet(43)) - raft.server.log.queue.byte-limit = 2147483647 (custom)
2019-09-25 04:50:25,344 [pool-67-thread-1] INFO  server.RaftServerConfigKeys (ConfUtils.java:logGet(43)) - raft.server.log.queue.element-limit = 1024 (custom)
2019-09-25 04:50:25,344 [pool-67-thread-1] INFO  server.RaftServerConfigKeys (ConfUtils.java:logGet(43)) - raft.server.log.segment.size.max = 1048576 (custom)
2019-09-25 04:50:25,345 [pool-67-thread-1] INFO  server.RaftServerConfigKeys (ConfUtils.java:logGet(43)) - raft.server.log.preallocated.size = 16384 (custom)
2019-09-25 04:50:25,345 [pool-67-thread-1] INFO  server.RaftServerConfigKeys (ConfUtils.java:logGet(43)) - raft.server.log.write.buffer.size = 33554432 (custom)
2019-09-25 04:50:25,345 [pool-67-thread-1] INFO  server.RaftServerConfigKeys (ConfUtils.java:logGet(43)) - raft.server.log.force.sync.num = 128 (default)
2019-09-25 04:50:25,345 [pool-67-thread-1] INFO  server.RaftServerConfigKeys (ConfUtils.java:logGet(43)) - raft.server.log.statemachine.data.sync = true (default)
2019-09-25 04:50:25,345 [pool-67-thread-1] INFO  server.RaftServerConfigKeys (ConfUtils.java:logGet(43)) - raft.server.log.statemachine.data.sync.timeout = 10s (default)
2019-09-25 04:50:25,345 [pool-67-thread-1] INFO  server.RaftServerConfigKeys (ConfUtils.java:logGet(43)) - raft.server.log.statemachine.data.sync.timeout.retry = -1 (default)
2019-09-25 04:50:25,346 [pool-67-thread-1] INFO  server.RaftServerConfigKeys (ConfUtils.java:logGet(43)) - raft.server.log.statemachine.data.caching.enabled = true (custom)
2019-09-25 04:50:25,346 [pool-67-thread-1] INFO  segmented.SegmentedRaftLogWorker (SegmentedRaftLogWorker.java:lambda$new$0(132)) - aabdae46-dcfa-45e6-b665-2c47bb305ebb@group-1A9CE574797A-SegmentedRaftLogWorker: flushIndex: setUnconditionally 0 -> -1
2019-09-25 04:50:25,346 [pool-67-thread-1] INFO  server.RaftServerConfigKeys (ConfUtils.java:logGet(43)) - raft.server.snapshot.auto.trigger.enabled = true (custom)
2019-09-25 04:50:25,347 [pool-67-thread-1] INFO  server.RaftServerConfigKeys (ConfUtils.java:logGet(43)) - raft.server.snapshot.auto.trigger.threshold = 10000 (custom)
2019-09-25 04:50:25,347 [pool-67-thread-1] INFO  server.RaftServerConfigKeys (ConfUtils.java:logGet(43)) - raft.server.snapshot.retention.num.files = 5 (custom)
2019-09-25 04:50:25,347 [pool-67-thread-1] INFO  server.RaftServerConfigKeys (ConfUtils.java:logGet(43)) - raft.server.retrycache.expirytime = 600000ms (custom)
2019-09-25 04:50:25,350 [pool-67-thread-1] INFO  impl.RaftServerImpl (RaftServerImpl.java:start(185)) - aabdae46-dcfa-45e6-b665-2c47bb305ebb@group-1A9CE574797A: start as a follower, conf=-1: [aabdae46-dcfa-45e6-b665-2c47bb305ebb:192.168.151.106:41436], old=null
2019-09-25 04:50:25,351 [pool-67-thread-1] INFO  impl.RaftServerImpl (RaftServerImpl.java:setRole(174)) - aabdae46-dcfa-45e6-b665-2c47bb305ebb@group-1A9CE574797A: changes role from      null to FOLLOWER at term 0 for startAsFollower
2019-09-25 04:50:25,351 [pool-67-thread-1] INFO  impl.RoleInfo (RoleInfo.java:updateAndGet(143)) - aabdae46-dcfa-45e6-b665-2c47bb305ebb: start FollowerState
2019-09-25 04:50:25,351 [pool-67-thread-1] INFO  util.JmxRegister (JmxRegister.java:tryRegister(44)) - Successfully registered JMX Bean with object name Ratis:service=RaftServer,group=group-1A9CE574797A,id=aabdae46-dcfa-45e6-b665-2c47bb305ebb
2019-09-25 04:50:25,362 [RatisPipelineUtilsThread] INFO  pipeline.PipelineStateManager (PipelineStateManager.java:addPipeline(56)) - Created pipeline Pipeline[ Id: a95d2e9c-6e1a-4862-82ff-1a9ce574797a, Nodes: aabdae46-dcfa-45e6-b665-2c47bb305ebb{ip: 192.168.151.106, host: pr-hdds-1569-x2sr2-3486766547, networkLocation: /default-rack, certSerialId: null}, Type:RATIS, Factor:ONE, State:OPEN]
2019-09-25 04:50:25,385 [grpc-default-executor-0] INFO  impl.RaftServerProxy (RaftServerProxy.java:addNew(89)) - c35819d4-86f4-4223-a458-676070fe0cbb: addNew group-805426A820F5:[c35819d4-86f4-4223-a458-676070fe0cbb:192.168.151.106:44434] returns group-805426A820F5:java.util.concurrent.CompletableFuture@116d778f[Not completed]
2019-09-25 04:50:25,390 [pool-27-thread-1] INFO  impl.RaftServerImpl (RaftServerImpl.java:<init>(95)) - c35819d4-86f4-4223-a458-676070fe0cbb: new RaftServerImpl for group-805426A820F5:[c35819d4-86f4-4223-a458-676070fe0cbb:192.168.151.106:44434] with ContainerStateMachine:uninitialized
2019-09-25 04:50:25,390 [pool-27-thread-1] INFO  server.RaftServerConfigKeys (ConfUtils.java:logGet(43)) - raft.server.rpc.timeout.min = 5s (custom)
2019-09-25 04:50:25,390 [pool-27-thread-1] INFO  server.RaftServerConfigKeys (ConfUtils.java:logGet(43)) - raft.server.rpc.timeout.max = 5200ms (custom)
2019-09-25 04:50:25,391 [pool-27-thread-1] INFO  server.RaftServerConfigKeys (ConfUtils.java:logGet(43)) - raft.server.rpcslowness.timeout = 120s (custom)
2019-09-25 04:50:25,391 [pool-27-thread-1] INFO  server.RaftServerConfigKeys (ConfUtils.java:logGet(43)) - raft.server.sleep.deviation.threshold = 300 (default)
2019-09-25 04:50:25,391 [pool-27-thread-1] INFO  server.RaftServerConfigKeys (ConfUtils.java:logGet(43)) - raft.server.log.appender.install.snapshot.enabled = false (custom)
2019-09-25 04:50:25,391 [pool-27-thread-1] INFO  impl.RaftServerImpl (ServerState.java:<init>(103)) - c35819d4-86f4-4223-a458-676070fe0cbb@group-805426A820F5: ConfigurationManager, init=-1: [c35819d4-86f4-4223-a458-676070fe0cbb:192.168.151.106:44434], old=null, confs=<EMPTY_MAP>
2019-09-25 04:50:25,391 [pool-27-thread-1] INFO  server.RaftServerConfigKeys (ConfUtils.java:logGet(43)) - raft.server.storage.dir = [/workdir/hadoop-ozone/integration-test/target/test-dir/MiniOzoneClusterImpl-72f6cbb0-c919-4300-9939-20ef1cbf0e73/datanode-0/data/ratis] (custom)
2019-09-25 04:50:25,392 [pool-27-thread-1] INFO  storage.RaftStorageDirectory (RaftStorageDirectory.java:analyzeStorage(246)) - The storage directory /workdir/hadoop-ozone/integration-test/target/test-dir/MiniOzoneClusterImpl-72f6cbb0-c919-4300-9939-20ef1cbf0e73/datanode-0/data/ratis/dd56aa4f-b00f-43d8-a01c-805426a820f5 does not exist. Creating ...
2019-09-25 04:50:25,406 [pool-27-thread-1] INFO  storage.RaftStorageDirectory (RaftStorageDirectory.java:tryLock(328)) - Lock on /workdir/hadoop-ozone/integration-test/target/test-dir/MiniOzoneClusterImpl-72f6cbb0-c919-4300-9939-20ef1cbf0e73/datanode-0/data/ratis/dd56aa4f-b00f-43d8-a01c-805426a820f5/in_use.lock acquired by nodename 13648@pr-hdds-1569-x2sr2-3486766547
2019-09-25 04:50:25,427 [main] INFO  rpc.RpcClient (RpcClient.java:createVolume(276)) - Creating Volume: watchforcommithandlingtest, with jenkins1000 as owner.
2019-09-25 04:50:25,431 [pool-27-thread-1] INFO  storage.RaftStorage (RaftStorage.java:format(72)) - Storage directory /workdir/hadoop-ozone/integration-test/target/test-dir/MiniOzoneClusterImpl-72f6cbb0-c919-4300-9939-20ef1cbf0e73/datanode-0/data/ratis/dd56aa4f-b00f-43d8-a01c-805426a820f5 has been successfully formatted.
2019-09-25 04:50:25,431 [pool-27-thread-1] INFO  ratis.ContainerStateMachine (ContainerStateMachine.java:loadSnapshot(230)) - group-805426A820F5: The snapshot info is null. Setting the last applied indexto:(t:0, i:~)
2019-09-25 04:50:25,431 [pool-27-thread-1] INFO  server.RaftServerConfigKeys (ConfUtils.java:logGet(43)) - raft.server.notification.no-leader.timeout = 120s (custom)
2019-09-25 04:50:25,431 [pool-27-thread-1] INFO  server.RaftServerConfigKeys (ConfUtils.java:logGet(43)) - raft.server.log.use.memory = false (default)
2019-09-25 04:50:25,432 [pool-27-thread-1] INFO  server.RaftServerConfigKeys (ConfUtils.java:logGet(43)) - raft.server.log.purge.gap = 1000000 (custom)
2019-09-25 04:50:25,432 [pool-27-thread-1] INFO  server.RaftServerConfigKeys (ConfUtils.java:logGet(43)) - raft.server.log.appender.buffer.byte-limit = 33554432 (custom)
2019-09-25 04:50:25,432 [pool-27-thread-1] INFO  server.RaftServerConfigKeys (ConfUtils.java:logGet(43)) - raft.server.log.segment.size.max = 1048576 (custom)
2019-09-25 04:50:25,432 [pool-27-thread-1] INFO  server.RaftServerConfigKeys (ConfUtils.java:logGet(43)) - raft.server.log.segment.cache.num.max = 2 (custom)
2019-09-25 04:50:25,432 [pool-27-thread-1] INFO  segmented.SegmentedRaftLogWorker (SegmentedRaftLogWorker.java:<init>(172)) - new c35819d4-86f4-4223-a458-676070fe0cbb@group-805426A820F5-SegmentedRaftLogWorker for RaftStorage:Storage Directory /workdir/hadoop-ozone/integration-test/target/test-dir/MiniOzoneClusterImpl-72f6cbb0-c919-4300-9939-20ef1cbf0e73/datanode-0/data/ratis/dd56aa4f-b00f-43d8-a01c-805426a820f5
2019-09-25 04:50:25,432 [pool-27-thread-1] INFO  server.RaftServerConfigKeys (ConfUtils.java:logGet(43)) - raft.server.log.queue.byte-limit = 2147483647 (custom)
2019-09-25 04:50:25,433 [pool-27-thread-1] INFO  server.RaftServerConfigKeys (ConfUtils.java:logGet(43)) - raft.server.log.queue.element-limit = 1024 (custom)
2019-09-25 04:50:25,433 [pool-27-thread-1] INFO  server.RaftServerConfigKeys (ConfUtils.java:logGet(43)) - raft.server.log.segment.size.max = 1048576 (custom)
2019-09-25 04:50:25,433 [pool-27-thread-1] INFO  server.RaftServerConfigKeys (ConfUtils.java:logGet(43)) - raft.server.log.preallocated.size = 16384 (custom)
2019-09-25 04:50:25,433 [pool-27-thread-1] INFO  server.RaftServerConfigKeys (ConfUtils.java:logGet(43)) - raft.server.log.write.buffer.size = 33554432 (custom)
2019-09-25 04:50:25,433 [pool-27-thread-1] INFO  server.RaftServerConfigKeys (ConfUtils.java:logGet(43)) - raft.server.log.force.sync.num = 128 (default)
2019-09-25 04:50:25,433 [pool-27-thread-1] INFO  server.RaftServerConfigKeys (ConfUtils.java:logGet(43)) - raft.server.log.statemachine.data.sync = true (default)
2019-09-25 04:50:25,433 [pool-27-thread-1] INFO  server.RaftServerConfigKeys (ConfUtils.java:logGet(43)) - raft.server.log.statemachine.data.sync.timeout = 10s (default)
2019-09-25 04:50:25,434 [pool-27-thread-1] INFO  server.RaftServerConfigKeys (ConfUtils.java:logGet(43)) - raft.server.log.statemachine.data.sync.timeout.retry = -1 (default)
2019-09-25 04:50:25,434 [pool-27-thread-1] INFO  server.RaftServerConfigKeys (ConfUtils.java:logGet(43)) - raft.server.log.statemachine.data.caching.enabled = true (custom)
2019-09-25 04:50:25,434 [pool-27-thread-1] INFO  segmented.SegmentedRaftLogWorker (SegmentedRaftLogWorker.java:lambda$new$0(132)) - c35819d4-86f4-4223-a458-676070fe0cbb@group-805426A820F5-SegmentedRaftLogWorker: flushIndex: setUnconditionally 0 -> -1
2019-09-25 04:50:25,435 [pool-27-thread-1] INFO  server.RaftServerConfigKeys (ConfUtils.java:logGet(43)) - raft.server.snapshot.auto.trigger.enabled = true (custom)
2019-09-25 04:50:25,435 [pool-27-thread-1] INFO  server.RaftServerConfigKeys (ConfUtils.java:logGet(43)) - raft.server.snapshot.auto.trigger.threshold = 10000 (custom)
2019-09-25 04:50:25,435 [pool-27-thread-1] INFO  server.RaftServerConfigKeys (ConfUtils.java:logGet(43)) - raft.server.snapshot.retention.num.files = 5 (custom)
2019-09-25 04:50:25,442 [pool-27-thread-1] INFO  server.RaftServerConfigKeys (ConfUtils.java:logGet(43)) - raft.server.retrycache.expirytime = 600000ms (custom)
2019-09-25 04:50:25,450 [pool-27-thread-1] INFO  impl.RaftServerImpl (RaftServerImpl.java:start(185)) - c35819d4-86f4-4223-a458-676070fe0cbb@group-805426A820F5: start as a follower, conf=-1: [c35819d4-86f4-4223-a458-676070fe0cbb:192.168.151.106:44434], old=null
2019-09-25 04:50:25,450 [pool-27-thread-1] INFO  impl.RaftServerImpl (RaftServerImpl.java:setRole(174)) - c35819d4-86f4-4223-a458-676070fe0cbb@group-805426A820F5: changes role from      null to FOLLOWER at term 0 for startAsFollower
2019-09-25 04:50:25,451 [pool-27-thread-1] INFO  impl.RoleInfo (RoleInfo.java:updateAndGet(143)) - c35819d4-86f4-4223-a458-676070fe0cbb: start FollowerState
2019-09-25 04:50:25,453 [pool-27-thread-1] INFO  util.JmxRegister (JmxRegister.java:tryRegister(44)) - Successfully registered JMX Bean with object name Ratis:service=RaftServer,group=group-805426A820F5,id=c35819d4-86f4-4223-a458-676070fe0cbb
2019-09-25 04:50:25,464 [RatisPipelineUtilsThread] INFO  pipeline.PipelineStateManager (PipelineStateManager.java:addPipeline(56)) - Created pipeline Pipeline[ Id: dd56aa4f-b00f-43d8-a01c-805426a820f5, Nodes: c35819d4-86f4-4223-a458-676070fe0cbb{ip: 192.168.151.106, host: pr-hdds-1569-x2sr2-3486766547, networkLocation: /default-rack, certSerialId: null}, Type:RATIS, Factor:ONE, State:OPEN]
2019-09-25 04:50:25,476 [grpc-default-executor-0] INFO  impl.RaftServerProxy (RaftServerProxy.java:addNew(89)) - c35819d4-86f4-4223-a458-676070fe0cbb: addNew group-B9314C7ED787:[c35819d4-86f4-4223-a458-676070fe0cbb:192.168.151.106:44434] returns group-B9314C7ED787:java.util.concurrent.CompletableFuture@e870079[Not completed]
2019-09-25 04:50:25,478 [pool-27-thread-1] INFO  impl.RaftServerImpl (RaftServerImpl.java:<init>(95)) - c35819d4-86f4-4223-a458-676070fe0cbb: new RaftServerImpl for group-B9314C7ED787:[c35819d4-86f4-4223-a458-676070fe0cbb:192.168.151.106:44434] with ContainerStateMachine:uninitialized
2019-09-25 04:50:25,478 [pool-27-thread-1] INFO  server.RaftServerConfigKeys (ConfUtils.java:logGet(43)) - raft.server.rpc.timeout.min = 5s (custom)
2019-09-25 04:50:25,479 [pool-27-thread-1] INFO  server.RaftServerConfigKeys (ConfUtils.java:logGet(43)) - raft.server.rpc.timeout.max = 5200ms (custom)
2019-09-25 04:50:25,479 [pool-27-thread-1] INFO  server.RaftServerConfigKeys (ConfUtils.java:logGet(43)) - raft.server.rpcslowness.timeout = 120s (custom)
2019-09-25 04:50:25,479 [pool-27-thread-1] INFO  server.RaftServerConfigKeys (ConfUtils.java:logGet(43)) - raft.server.sleep.deviation.threshold = 300 (default)
2019-09-25 04:50:25,479 [pool-27-thread-1] INFO  server.RaftServerConfigKeys (ConfUtils.java:logGet(43)) - raft.server.log.appender.install.snapshot.enabled = false (custom)
2019-09-25 04:50:25,479 [pool-27-thread-1] INFO  impl.RaftServerImpl (ServerState.java:<init>(103)) - c35819d4-86f4-4223-a458-676070fe0cbb@group-B9314C7ED787: ConfigurationManager, init=-1: [c35819d4-86f4-4223-a458-676070fe0cbb:192.168.151.106:44434], old=null, confs=<EMPTY_MAP>
2019-09-25 04:50:25,479 [pool-27-thread-1] INFO  server.RaftServerConfigKeys (ConfUtils.java:logGet(43)) - raft.server.storage.dir = [/workdir/hadoop-ozone/integration-test/target/test-dir/MiniOzoneClusterImpl-72f6cbb0-c919-4300-9939-20ef1cbf0e73/datanode-0/data/ratis] (custom)
2019-09-25 04:50:25,480 [pool-27-thread-1] INFO  storage.RaftStorageDirectory (RaftStorageDirectory.java:analyzeStorage(246)) - The storage directory /workdir/hadoop-ozone/integration-test/target/test-dir/MiniOzoneClusterImpl-72f6cbb0-c919-4300-9939-20ef1cbf0e73/datanode-0/data/ratis/4ff52e68-47a2-456a-896e-b9314c7ed787 does not exist. Creating ...
2019-09-25 04:50:25,493 [pool-27-thread-1] INFO  storage.RaftStorageDirectory (RaftStorageDirectory.java:tryLock(328)) - Lock on /workdir/hadoop-ozone/integration-test/target/test-dir/MiniOzoneClusterImpl-72f6cbb0-c919-4300-9939-20ef1cbf0e73/datanode-0/data/ratis/4ff52e68-47a2-456a-896e-b9314c7ed787/in_use.lock acquired by nodename 13648@pr-hdds-1569-x2sr2-3486766547
2019-09-25 04:50:25,510 [pool-27-thread-1] INFO  storage.RaftStorage (RaftStorage.java:format(72)) - Storage directory /workdir/hadoop-ozone/integration-test/target/test-dir/MiniOzoneClusterImpl-72f6cbb0-c919-4300-9939-20ef1cbf0e73/datanode-0/data/ratis/4ff52e68-47a2-456a-896e-b9314c7ed787 has been successfully formatted.
2019-09-25 04:50:25,511 [pool-27-thread-1] INFO  ratis.ContainerStateMachine (ContainerStateMachine.java:loadSnapshot(230)) - group-B9314C7ED787: The snapshot info is null. Setting the last applied indexto:(t:0, i:~)
2019-09-25 04:50:25,511 [pool-27-thread-1] INFO  server.RaftServerConfigKeys (ConfUtils.java:logGet(43)) - raft.server.notification.no-leader.timeout = 120s (custom)
2019-09-25 04:50:25,511 [pool-27-thread-1] INFO  server.RaftServerConfigKeys (ConfUtils.java:logGet(43)) - raft.server.log.use.memory = false (default)
2019-09-25 04:50:25,511 [pool-27-thread-1] INFO  server.RaftServerConfigKeys (ConfUtils.java:logGet(43)) - raft.server.log.purge.gap = 1000000 (custom)
2019-09-25 04:50:25,511 [pool-27-thread-1] INFO  server.RaftServerConfigKeys (ConfUtils.java:logGet(43)) - raft.server.log.appender.buffer.byte-limit = 33554432 (custom)
2019-09-25 04:50:25,511 [pool-27-thread-1] INFO  server.RaftServerConfigKeys (ConfUtils.java:logGet(43)) - raft.server.log.segment.size.max = 1048576 (custom)
2019-09-25 04:50:25,512 [pool-27-thread-1] INFO  server.RaftServerConfigKeys (ConfUtils.java:logGet(43)) - raft.server.log.segment.cache.num.max = 2 (custom)
2019-09-25 04:50:25,512 [pool-27-thread-1] INFO  segmented.SegmentedRaftLogWorker (SegmentedRaftLogWorker.java:<init>(172)) - new c35819d4-86f4-4223-a458-676070fe0cbb@group-B9314C7ED787-SegmentedRaftLogWorker for RaftStorage:Storage Directory /workdir/hadoop-ozone/integration-test/target/test-dir/MiniOzoneClusterImpl-72f6cbb0-c919-4300-9939-20ef1cbf0e73/datanode-0/data/ratis/4ff52e68-47a2-456a-896e-b9314c7ed787
2019-09-25 04:50:25,512 [pool-27-thread-1] INFO  server.RaftServerConfigKeys (ConfUtils.java:logGet(43)) - raft.server.log.queue.byte-limit = 2147483647 (custom)
2019-09-25 04:50:25,512 [pool-27-thread-1] INFO  server.RaftServerConfigKeys (ConfUtils.java:logGet(43)) - raft.server.log.queue.element-limit = 1024 (custom)
2019-09-25 04:50:25,512 [pool-27-thread-1] INFO  server.RaftServerConfigKeys (ConfUtils.java:logGet(43)) - raft.server.log.segment.size.max = 1048576 (custom)
2019-09-25 04:50:25,512 [pool-27-thread-1] INFO  server.RaftServerConfigKeys (ConfUtils.java:logGet(43)) - raft.server.log.preallocated.size = 16384 (custom)
2019-09-25 04:50:25,512 [pool-27-thread-1] INFO  server.RaftServerConfigKeys (ConfUtils.java:logGet(43)) - raft.server.log.write.buffer.size = 33554432 (custom)
2019-09-25 04:50:25,512 [pool-27-thread-1] INFO  server.RaftServerConfigKeys (ConfUtils.java:logGet(43)) - raft.server.log.force.sync.num = 128 (default)
2019-09-25 04:50:25,513 [pool-27-thread-1] INFO  server.RaftServerConfigKeys (ConfUtils.java:logGet(43)) - raft.server.log.statemachine.data.sync = true (default)
2019-09-25 04:50:25,513 [pool-27-thread-1] INFO  server.RaftServerConfigKeys (ConfUtils.java:logGet(43)) - raft.server.log.statemachine.data.sync.timeout = 10s (default)
2019-09-25 04:50:25,513 [pool-27-thread-1] INFO  server.RaftServerConfigKeys (ConfUtils.java:logGet(43)) - raft.server.log.statemachine.data.sync.timeout.retry = -1 (default)
2019-09-25 04:50:25,513 [pool-27-thread-1] INFO  server.RaftServerConfigKeys (ConfUtils.java:logGet(43)) - raft.server.log.statemachine.data.caching.enabled = true (custom)
2019-09-25 04:50:25,513 [pool-27-thread-1] INFO  segmented.SegmentedRaftLogWorker (SegmentedRaftLogWorker.java:lambda$new$0(132)) - c35819d4-86f4-4223-a458-676070fe0cbb@group-B9314C7ED787-SegmentedRaftLogWorker: flushIndex: setUnconditionally 0 -> -1
2019-09-25 04:50:25,514 [pool-27-thread-1] INFO  server.RaftServerConfigKeys (ConfUtils.java:logGet(43)) - raft.server.snapshot.auto.trigger.enabled = true (custom)
2019-09-25 04:50:25,514 [pool-27-thread-1] INFO  server.RaftServerConfigKeys (ConfUtils.java:logGet(43)) - raft.server.snapshot.auto.trigger.threshold = 10000 (custom)
2019-09-25 04:50:25,514 [pool-27-thread-1] INFO  server.RaftServerConfigKeys (ConfUtils.java:logGet(43)) - raft.server.snapshot.retention.num.files = 5 (custom)
2019-09-25 04:50:25,514 [pool-27-thread-1] INFO  server.RaftServerConfigKeys (ConfUtils.java:logGet(43)) - raft.server.retrycache.expirytime = 600000ms (custom)
2019-09-25 04:50:25,517 [pool-27-thread-1] INFO  impl.RaftServerImpl (RaftServerImpl.java:start(185)) - c35819d4-86f4-4223-a458-676070fe0cbb@group-B9314C7ED787: start as a follower, conf=-1: [c35819d4-86f4-4223-a458-676070fe0cbb:192.168.151.106:44434], old=null
2019-09-25 04:50:25,517 [pool-27-thread-1] INFO  impl.RaftServerImpl (RaftServerImpl.java:setRole(174)) - c35819d4-86f4-4223-a458-676070fe0cbb@group-B9314C7ED787: changes role from      null to FOLLOWER at term 0 for startAsFollower
2019-09-25 04:50:25,517 [pool-27-thread-1] INFO  impl.RoleInfo (RoleInfo.java:updateAndGet(143)) - c35819d4-86f4-4223-a458-676070fe0cbb: start FollowerState
2019-09-25 04:50:25,517 [pool-27-thread-1] INFO  util.JmxRegister (JmxRegister.java:tryRegister(44)) - Successfully registered JMX Bean with object name Ratis:service=RaftServer,group=group-B9314C7ED787,id=c35819d4-86f4-4223-a458-676070fe0cbb
2019-09-25 04:50:25,534 [RatisPipelineUtilsThread] INFO  pipeline.PipelineStateManager (PipelineStateManager.java:addPipeline(56)) - Created pipeline Pipeline[ Id: 4ff52e68-47a2-456a-896e-b9314c7ed787, Nodes: c35819d4-86f4-4223-a458-676070fe0cbb{ip: 192.168.151.106, host: pr-hdds-1569-x2sr2-3486766547, networkLocation: /default-rack, certSerialId: null}, Type:RATIS, Factor:ONE, State:OPEN]
2019-09-25 04:50:25,548 [grpc-default-executor-0] INFO  impl.RaftServerProxy (RaftServerProxy.java:addNew(89)) - 9216b865-ce6b-4fb7-bc99-65479a86b6eb: addNew group-B8EC4339904A:[9216b865-ce6b-4fb7-bc99-65479a86b6eb:192.168.151.106:43252] returns group-B8EC4339904A:java.util.concurrent.CompletableFuture@a4f3bd9[Not completed]
2019-09-25 04:50:25,550 [pool-77-thread-1] INFO  impl.RaftServerImpl (RaftServerImpl.java:<init>(95)) - 9216b865-ce6b-4fb7-bc99-65479a86b6eb: new RaftServerImpl for group-B8EC4339904A:[9216b865-ce6b-4fb7-bc99-65479a86b6eb:192.168.151.106:43252] with ContainerStateMachine:uninitialized
2019-09-25 04:50:25,551 [pool-77-thread-1] INFO  server.RaftServerConfigKeys (ConfUtils.java:logGet(43)) - raft.server.rpc.timeout.min = 5s (custom)
2019-09-25 04:50:25,551 [pool-77-thread-1] INFO  server.RaftServerConfigKeys (ConfUtils.java:logGet(43)) - raft.server.rpc.timeout.max = 5200ms (custom)
2019-09-25 04:50:25,551 [pool-77-thread-1] INFO  server.RaftServerConfigKeys (ConfUtils.java:logGet(43)) - raft.server.rpcslowness.timeout = 120s (custom)
2019-09-25 04:50:25,551 [pool-77-thread-1] INFO  server.RaftServerConfigKeys (ConfUtils.java:logGet(43)) - raft.server.sleep.deviation.threshold = 300 (default)
2019-09-25 04:50:25,551 [pool-77-thread-1] INFO  server.RaftServerConfigKeys (ConfUtils.java:logGet(43)) - raft.server.log.appender.install.snapshot.enabled = false (custom)
2019-09-25 04:50:25,552 [pool-77-thread-1] INFO  impl.RaftServerImpl (ServerState.java:<init>(103)) - 9216b865-ce6b-4fb7-bc99-65479a86b6eb@group-B8EC4339904A: ConfigurationManager, init=-1: [9216b865-ce6b-4fb7-bc99-65479a86b6eb:192.168.151.106:43252], old=null, confs=<EMPTY_MAP>
2019-09-25 04:50:25,552 [pool-77-thread-1] INFO  server.RaftServerConfigKeys (ConfUtils.java:logGet(43)) - raft.server.storage.dir = [/workdir/hadoop-ozone/integration-test/target/test-dir/MiniOzoneClusterImpl-72f6cbb0-c919-4300-9939-20ef1cbf0e73/datanode-5/data/ratis] (custom)
2019-09-25 04:50:25,552 [pool-77-thread-1] INFO  storage.RaftStorageDirectory (RaftStorageDirectory.java:analyzeStorage(246)) - The storage directory /workdir/hadoop-ozone/integration-test/target/test-dir/MiniOzoneClusterImpl-72f6cbb0-c919-4300-9939-20ef1cbf0e73/datanode-5/data/ratis/18f376bf-951b-4635-ab89-b8ec4339904a does not exist. Creating ...
2019-09-25 04:50:25,565 [pool-77-thread-1] INFO  storage.RaftStorageDirectory (RaftStorageDirectory.java:tryLock(328)) - Lock on /workdir/hadoop-ozone/integration-test/target/test-dir/MiniOzoneClusterImpl-72f6cbb0-c919-4300-9939-20ef1cbf0e73/datanode-5/data/ratis/18f376bf-951b-4635-ab89-b8ec4339904a/in_use.lock acquired by nodename 13648@pr-hdds-1569-x2sr2-3486766547
2019-09-25 04:50:25,584 [pool-77-thread-1] INFO  storage.RaftStorage (RaftStorage.java:format(72)) - Storage directory /workdir/hadoop-ozone/integration-test/target/test-dir/MiniOzoneClusterImpl-72f6cbb0-c919-4300-9939-20ef1cbf0e73/datanode-5/data/ratis/18f376bf-951b-4635-ab89-b8ec4339904a has been successfully formatted.
2019-09-25 04:50:25,584 [pool-77-thread-1] INFO  ratis.ContainerStateMachine (ContainerStateMachine.java:loadSnapshot(230)) - group-B8EC4339904A: The snapshot info is null. Setting the last applied indexto:(t:0, i:~)
2019-09-25 04:50:25,585 [pool-77-thread-1] INFO  server.RaftServerConfigKeys (ConfUtils.java:logGet(43)) - raft.server.notification.no-leader.timeout = 120s (custom)
2019-09-25 04:50:25,585 [pool-77-thread-1] INFO  server.RaftServerConfigKeys (ConfUtils.java:logGet(43)) - raft.server.log.use.memory = false (default)
2019-09-25 04:50:25,585 [pool-77-thread-1] INFO  server.RaftServerConfigKeys (ConfUtils.java:logGet(43)) - raft.server.log.purge.gap = 1000000 (custom)
2019-09-25 04:50:25,585 [pool-77-thread-1] INFO  server.RaftServerConfigKeys (ConfUtils.java:logGet(43)) - raft.server.log.appender.buffer.byte-limit = 33554432 (custom)
2019-09-25 04:50:25,585 [pool-77-thread-1] INFO  server.RaftServerConfigKeys (ConfUtils.java:logGet(43)) - raft.server.log.segment.size.max = 1048576 (custom)
2019-09-25 04:50:25,585 [pool-77-thread-1] INFO  server.RaftServerConfigKeys (ConfUtils.java:logGet(43)) - raft.server.log.segment.cache.num.max = 2 (custom)
2019-09-25 04:50:25,586 [pool-77-thread-1] INFO  segmented.SegmentedRaftLogWorker (SegmentedRaftLogWorker.java:<init>(172)) - new 9216b865-ce6b-4fb7-bc99-65479a86b6eb@group-B8EC4339904A-SegmentedRaftLogWorker for RaftStorage:Storage Directory /workdir/hadoop-ozone/integration-test/target/test-dir/MiniOzoneClusterImpl-72f6cbb0-c919-4300-9939-20ef1cbf0e73/datanode-5/data/ratis/18f376bf-951b-4635-ab89-b8ec4339904a
2019-09-25 04:50:25,586 [pool-77-thread-1] INFO  server.RaftServerConfigKeys (ConfUtils.java:logGet(43)) - raft.server.log.queue.byte-limit = 2147483647 (custom)
2019-09-25 04:50:25,586 [pool-77-thread-1] INFO  server.RaftServerConfigKeys (ConfUtils.java:logGet(43)) - raft.server.log.queue.element-limit = 1024 (custom)
2019-09-25 04:50:25,586 [pool-77-thread-1] INFO  server.RaftServerConfigKeys (ConfUtils.java:logGet(43)) - raft.server.log.segment.size.max = 1048576 (custom)
2019-09-25 04:50:25,586 [pool-77-thread-1] INFO  server.RaftServerConfigKeys (ConfUtils.java:logGet(43)) - raft.server.log.preallocated.size = 16384 (custom)
2019-09-25 04:50:25,586 [pool-77-thread-1] INFO  server.RaftServerConfigKeys (ConfUtils.java:logGet(43)) - raft.server.log.write.buffer.size = 33554432 (custom)
2019-09-25 04:50:25,586 [pool-77-thread-1] INFO  server.RaftServerConfigKeys (ConfUtils.java:logGet(43)) - raft.server.log.force.sync.num = 128 (default)
2019-09-25 04:50:25,587 [pool-77-thread-1] INFO  server.RaftServerConfigKeys (ConfUtils.java:logGet(43)) - raft.server.log.statemachine.data.sync = true (default)
2019-09-25 04:50:25,587 [pool-77-thread-1] INFO  server.RaftServerConfigKeys (ConfUtils.java:logGet(43)) - raft.server.log.statemachine.data.sync.timeout = 10s (default)
2019-09-25 04:50:25,587 [pool-77-thread-1] INFO  server.RaftServerConfigKeys (ConfUtils.java:logGet(43)) - raft.server.log.statemachine.data.sync.timeout.retry = -1 (default)
2019-09-25 04:50:25,587 [pool-77-thread-1] INFO  server.RaftServerConfigKeys (ConfUtils.java:logGet(43)) - raft.server.log.statemachine.data.caching.enabled = true (custom)
2019-09-25 04:50:25,587 [pool-77-thread-1] INFO  segmented.SegmentedRaftLogWorker (SegmentedRaftLogWorker.java:lambda$new$0(132)) - 9216b865-ce6b-4fb7-bc99-65479a86b6eb@group-B8EC4339904A-SegmentedRaftLogWorker: flushIndex: setUnconditionally 0 -> -1
2019-09-25 04:50:25,588 [pool-77-thread-1] INFO  server.RaftServerConfigKeys (ConfUtils.java:logGet(43)) - raft.server.snapshot.auto.trigger.enabled = true (custom)
2019-09-25 04:50:25,588 [pool-77-thread-1] INFO  server.RaftServerConfigKeys (ConfUtils.java:logGet(43)) - raft.server.snapshot.auto.trigger.threshold = 10000 (custom)
2019-09-25 04:50:25,588 [pool-77-thread-1] INFO  server.RaftServerConfigKeys (ConfUtils.java:logGet(43)) - raft.server.snapshot.retention.num.files = 5 (custom)
2019-09-25 04:50:25,588 [pool-77-thread-1] INFO  server.RaftServerConfigKeys (ConfUtils.java:logGet(43)) - raft.server.retrycache.expirytime = 600000ms (custom)
2019-09-25 04:50:25,591 [pool-77-thread-1] INFO  impl.RaftServerImpl (RaftServerImpl.java:start(185)) - 9216b865-ce6b-4fb7-bc99-65479a86b6eb@group-B8EC4339904A: start as a follower, conf=-1: [9216b865-ce6b-4fb7-bc99-65479a86b6eb:192.168.151.106:43252], old=null
2019-09-25 04:50:25,591 [pool-77-thread-1] INFO  impl.RaftServerImpl (RaftServerImpl.java:setRole(174)) - 9216b865-ce6b-4fb7-bc99-65479a86b6eb@group-B8EC4339904A: changes role from      null to FOLLOWER at term 0 for startAsFollower
2019-09-25 04:50:25,591 [pool-77-thread-1] INFO  impl.RoleInfo (RoleInfo.java:updateAndGet(143)) - 9216b865-ce6b-4fb7-bc99-65479a86b6eb: start FollowerState
2019-09-25 04:50:25,592 [pool-77-thread-1] INFO  util.JmxRegister (JmxRegister.java:tryRegister(44)) - Successfully registered JMX Bean with object name Ratis:service=RaftServer,group=group-B8EC4339904A,id=9216b865-ce6b-4fb7-bc99-65479a86b6eb
2019-09-25 04:50:25,597 [RatisPipelineUtilsThread] INFO  pipeline.PipelineStateManager (PipelineStateManager.java:addPipeline(56)) - Created pipeline Pipeline[ Id: 18f376bf-951b-4635-ab89-b8ec4339904a, Nodes: 9216b865-ce6b-4fb7-bc99-65479a86b6eb{ip: 192.168.151.106, host: pr-hdds-1569-x2sr2-3486766547, networkLocation: /default-rack, certSerialId: null}, Type:RATIS, Factor:ONE, State:OPEN]
2019-09-25 04:50:25,613 [grpc-default-executor-0] INFO  impl.RaftServerProxy (RaftServerProxy.java:addNew(89)) - 9216b865-ce6b-4fb7-bc99-65479a86b6eb: addNew group-A2024C43CBFF:[9216b865-ce6b-4fb7-bc99-65479a86b6eb:192.168.151.106:43252] returns group-A2024C43CBFF:java.util.concurrent.CompletableFuture@175f043a[Not completed]
2019-09-25 04:50:25,615 [IPC Server handler 1 on 45839] INFO  volume.OMVolumeCreateRequest (OMVolumeCreateRequest.java:validateAndUpdateCache(189)) - created volume:watchforcommithandlingtest for user:jenkins1000
2019-09-25 04:50:25,615 [pool-77-thread-1] INFO  impl.RaftServerImpl (RaftServerImpl.java:<init>(95)) - 9216b865-ce6b-4fb7-bc99-65479a86b6eb: new RaftServerImpl for group-A2024C43CBFF:[9216b865-ce6b-4fb7-bc99-65479a86b6eb:192.168.151.106:43252] with ContainerStateMachine:uninitialized
2019-09-25 04:50:25,615 [pool-77-thread-1] INFO  server.RaftServerConfigKeys (ConfUtils.java:logGet(43)) - raft.server.rpc.timeout.min = 5s (custom)
2019-09-25 04:50:25,616 [pool-77-thread-1] INFO  server.RaftServerConfigKeys (ConfUtils.java:logGet(43)) - raft.server.rpc.timeout.max = 5200ms (custom)
2019-09-25 04:50:25,616 [pool-77-thread-1] INFO  server.RaftServerConfigKeys (ConfUtils.java:logGet(43)) - raft.server.rpcslowness.timeout = 120s (custom)
2019-09-25 04:50:25,616 [pool-77-thread-1] INFO  server.RaftServerConfigKeys (ConfUtils.java:logGet(43)) - raft.server.sleep.deviation.threshold = 300 (default)
2019-09-25 04:50:25,616 [pool-77-thread-1] INFO  server.RaftServerConfigKeys (ConfUtils.java:logGet(43)) - raft.server.log.appender.install.snapshot.enabled = false (custom)
2019-09-25 04:50:25,616 [pool-77-thread-1] INFO  impl.RaftServerImpl (ServerState.java:<init>(103)) - 9216b865-ce6b-4fb7-bc99-65479a86b6eb@group-A2024C43CBFF: ConfigurationManager, init=-1: [9216b865-ce6b-4fb7-bc99-65479a86b6eb:192.168.151.106:43252], old=null, confs=<EMPTY_MAP>
2019-09-25 04:50:25,616 [pool-77-thread-1] INFO  server.RaftServerConfigKeys (ConfUtils.java:logGet(43)) - raft.server.storage.dir = [/workdir/hadoop-ozone/integration-test/target/test-dir/MiniOzoneClusterImpl-72f6cbb0-c919-4300-9939-20ef1cbf0e73/datanode-5/data/ratis] (custom)
2019-09-25 04:50:25,617 [pool-77-thread-1] INFO  storage.RaftStorageDirectory (RaftStorageDirectory.java:analyzeStorage(246)) - The storage directory /workdir/hadoop-ozone/integration-test/target/test-dir/MiniOzoneClusterImpl-72f6cbb0-c919-4300-9939-20ef1cbf0e73/datanode-5/data/ratis/0fc93e93-a8e4-4b45-9096-a2024c43cbff does not exist. Creating ...
2019-09-25 04:50:25,631 [pool-77-thread-1] INFO  storage.RaftStorageDirectory (RaftStorageDirectory.java:tryLock(328)) - Lock on /workdir/hadoop-ozone/integration-test/target/test-dir/MiniOzoneClusterImpl-72f6cbb0-c919-4300-9939-20ef1cbf0e73/datanode-5/data/ratis/0fc93e93-a8e4-4b45-9096-a2024c43cbff/in_use.lock acquired by nodename 13648@pr-hdds-1569-x2sr2-3486766547
2019-09-25 04:50:25,646 [pool-77-thread-1] INFO  storage.RaftStorage (RaftStorage.java:format(72)) - Storage directory /workdir/hadoop-ozone/integration-test/target/test-dir/MiniOzoneClusterImpl-72f6cbb0-c919-4300-9939-20ef1cbf0e73/datanode-5/data/ratis/0fc93e93-a8e4-4b45-9096-a2024c43cbff has been successfully formatted.
2019-09-25 04:50:25,646 [pool-77-thread-1] INFO  ratis.ContainerStateMachine (ContainerStateMachine.java:loadSnapshot(230)) - group-A2024C43CBFF: The snapshot info is null. Setting the last applied indexto:(t:0, i:~)
2019-09-25 04:50:25,646 [pool-77-thread-1] INFO  server.RaftServerConfigKeys (ConfUtils.java:logGet(43)) - raft.server.notification.no-leader.timeout = 120s (custom)
2019-09-25 04:50:25,646 [pool-77-thread-1] INFO  server.RaftServerConfigKeys (ConfUtils.java:logGet(43)) - raft.server.log.use.memory = false (default)
2019-09-25 04:50:25,646 [pool-77-thread-1] INFO  server.RaftServerConfigKeys (ConfUtils.java:logGet(43)) - raft.server.log.purge.gap = 1000000 (custom)
2019-09-25 04:50:25,647 [pool-77-thread-1] INFO  server.RaftServerConfigKeys (ConfUtils.java:logGet(43)) - raft.server.log.appender.buffer.byte-limit = 33554432 (custom)
2019-09-25 04:50:25,647 [pool-77-thread-1] INFO  server.RaftServerConfigKeys (ConfUtils.java:logGet(43)) - raft.server.log.segment.size.max = 1048576 (custom)
2019-09-25 04:50:25,647 [pool-77-thread-1] INFO  server.RaftServerConfigKeys (ConfUtils.java:logGet(43)) - raft.server.log.segment.cache.num.max = 2 (custom)
2019-09-25 04:50:25,647 [main] INFO  rpc.RpcClient (RpcClient.java:createBucket(415)) - Creating Bucket: watchforcommithandlingtest/watchforcommithandlingtest, with Versioning false and Storage Type set to DISK and Encryption set to false 
2019-09-25 04:50:25,647 [pool-77-thread-1] INFO  segmented.SegmentedRaftLogWorker (SegmentedRaftLogWorker.java:<init>(172)) - new 9216b865-ce6b-4fb7-bc99-65479a86b6eb@group-A2024C43CBFF-SegmentedRaftLogWorker for RaftStorage:Storage Directory /workdir/hadoop-ozone/integration-test/target/test-dir/MiniOzoneClusterImpl-72f6cbb0-c919-4300-9939-20ef1cbf0e73/datanode-5/data/ratis/0fc93e93-a8e4-4b45-9096-a2024c43cbff
2019-09-25 04:50:25,647 [pool-77-thread-1] INFO  server.RaftServerConfigKeys (ConfUtils.java:logGet(43)) - raft.server.log.queue.byte-limit = 2147483647 (custom)
2019-09-25 04:50:25,648 [pool-77-thread-1] INFO  server.RaftServerConfigKeys (ConfUtils.java:logGet(43)) - raft.server.log.queue.element-limit = 1024 (custom)
2019-09-25 04:50:25,648 [pool-77-thread-1] INFO  server.RaftServerConfigKeys (ConfUtils.java:logGet(43)) - raft.server.log.segment.size.max = 1048576 (custom)
2019-09-25 04:50:25,648 [pool-77-thread-1] INFO  server.RaftServerConfigKeys (ConfUtils.java:logGet(43)) - raft.server.log.preallocated.size = 16384 (custom)
2019-09-25 04:50:25,648 [pool-77-thread-1] INFO  server.RaftServerConfigKeys (ConfUtils.java:logGet(43)) - raft.server.log.write.buffer.size = 33554432 (custom)
2019-09-25 04:50:25,648 [pool-77-thread-1] INFO  server.RaftServerConfigKeys (ConfUtils.java:logGet(43)) - raft.server.log.force.sync.num = 128 (default)
2019-09-25 04:50:25,648 [pool-77-thread-1] INFO  server.RaftServerConfigKeys (ConfUtils.java:logGet(43)) - raft.server.log.statemachine.data.sync = true (default)
2019-09-25 04:50:25,649 [pool-77-thread-1] INFO  server.RaftServerConfigKeys (ConfUtils.java:logGet(43)) - raft.server.log.statemachine.data.sync.timeout = 10s (default)
2019-09-25 04:50:25,649 [pool-77-thread-1] INFO  server.RaftServerConfigKeys (ConfUtils.java:logGet(43)) - raft.server.log.statemachine.data.sync.timeout.retry = -1 (default)
2019-09-25 04:50:25,649 [pool-77-thread-1] INFO  server.RaftServerConfigKeys (ConfUtils.java:logGet(43)) - raft.server.log.statemachine.data.caching.enabled = true (custom)
2019-09-25 04:50:25,649 [pool-77-thread-1] INFO  segmented.SegmentedRaftLogWorker (SegmentedRaftLogWorker.java:lambda$new$0(132)) - 9216b865-ce6b-4fb7-bc99-65479a86b6eb@group-A2024C43CBFF-SegmentedRaftLogWorker: flushIndex: setUnconditionally 0 -> -1
2019-09-25 04:50:25,650 [pool-77-thread-1] INFO  server.RaftServerConfigKeys (ConfUtils.java:logGet(43)) - raft.server.snapshot.auto.trigger.enabled = true (custom)
2019-09-25 04:50:25,650 [pool-77-thread-1] INFO  server.RaftServerConfigKeys (ConfUtils.java:logGet(43)) - raft.server.snapshot.auto.trigger.threshold = 10000 (custom)
2019-09-25 04:50:25,650 [pool-77-thread-1] INFO  server.RaftServerConfigKeys (ConfUtils.java:logGet(43)) - raft.server.snapshot.retention.num.files = 5 (custom)
2019-09-25 04:50:25,650 [pool-77-thread-1] INFO  server.RaftServerConfigKeys (ConfUtils.java:logGet(43)) - raft.server.retrycache.expirytime = 600000ms (custom)
2019-09-25 04:50:25,655 [pool-77-thread-1] INFO  impl.RaftServerImpl (RaftServerImpl.java:start(185)) - 9216b865-ce6b-4fb7-bc99-65479a86b6eb@group-A2024C43CBFF: start as a follower, conf=-1: [9216b865-ce6b-4fb7-bc99-65479a86b6eb:192.168.151.106:43252], old=null
2019-09-25 04:50:25,655 [pool-77-thread-1] INFO  impl.RaftServerImpl (RaftServerImpl.java:setRole(174)) - 9216b865-ce6b-4fb7-bc99-65479a86b6eb@group-A2024C43CBFF: changes role from      null to FOLLOWER at term 0 for startAsFollower
2019-09-25 04:50:25,656 [pool-77-thread-1] INFO  impl.RoleInfo (RoleInfo.java:updateAndGet(143)) - 9216b865-ce6b-4fb7-bc99-65479a86b6eb: start FollowerState
2019-09-25 04:50:25,656 [pool-77-thread-1] INFO  util.JmxRegister (JmxRegister.java:tryRegister(44)) - Successfully registered JMX Bean with object name Ratis:service=RaftServer,group=group-A2024C43CBFF,id=9216b865-ce6b-4fb7-bc99-65479a86b6eb
2019-09-25 04:50:25,664 [RatisPipelineUtilsThread] INFO  pipeline.PipelineStateManager (PipelineStateManager.java:addPipeline(56)) - Created pipeline Pipeline[ Id: 0fc93e93-a8e4-4b45-9096-a2024c43cbff, Nodes: 9216b865-ce6b-4fb7-bc99-65479a86b6eb{ip: 192.168.151.106, host: pr-hdds-1569-x2sr2-3486766547, networkLocation: /default-rack, certSerialId: null}, Type:RATIS, Factor:ONE, State:OPEN]
2019-09-25 04:50:25,680 [grpc-default-executor-0] INFO  impl.RaftServerProxy (RaftServerProxy.java:addNew(89)) - aabdae46-dcfa-45e6-b665-2c47bb305ebb: addNew group-8B55A2F87624:[aabdae46-dcfa-45e6-b665-2c47bb305ebb:192.168.151.106:41436] returns group-8B55A2F87624:java.util.concurrent.CompletableFuture@3329f474[Not completed]
2019-09-25 04:50:25,681 [main] INFO  ozone.MiniOzoneClusterImpl (MiniOzoneClusterImpl.java:getStorageContainerLocationClient(234)) - Creating StorageContainerLocationProtocol RPC client with address /0.0.0.0:33253
2019-09-25 04:50:25,682 [pool-67-thread-1] INFO  impl.RaftServerImpl (RaftServerImpl.java:<init>(95)) - aabdae46-dcfa-45e6-b665-2c47bb305ebb: new RaftServerImpl for group-8B55A2F87624:[aabdae46-dcfa-45e6-b665-2c47bb305ebb:192.168.151.106:41436] with ContainerStateMachine:uninitialized
2019-09-25 04:50:25,682 [pool-67-thread-1] INFO  server.RaftServerConfigKeys (ConfUtils.java:logGet(43)) - raft.server.rpc.timeout.min = 5s (custom)
2019-09-25 04:50:25,682 [pool-67-thread-1] INFO  server.RaftServerConfigKeys (ConfUtils.java:logGet(43)) - raft.server.rpc.timeout.max = 5200ms (custom)
2019-09-25 04:50:25,683 [pool-67-thread-1] INFO  server.RaftServerConfigKeys (ConfUtils.java:logGet(43)) - raft.server.rpcslowness.timeout = 120s (custom)
2019-09-25 04:50:25,683 [pool-67-thread-1] INFO  server.RaftServerConfigKeys (ConfUtils.java:logGet(43)) - raft.server.sleep.deviation.threshold = 300 (default)
2019-09-25 04:50:25,683 [pool-67-thread-1] INFO  server.RaftServerConfigKeys (ConfUtils.java:logGet(43)) - raft.server.log.appender.install.snapshot.enabled = false (custom)
2019-09-25 04:50:25,683 [pool-67-thread-1] INFO  impl.RaftServerImpl (ServerState.java:<init>(103)) - aabdae46-dcfa-45e6-b665-2c47bb305ebb@group-8B55A2F87624: ConfigurationManager, init=-1: [aabdae46-dcfa-45e6-b665-2c47bb305ebb:192.168.151.106:41436], old=null, confs=<EMPTY_MAP>
2019-09-25 04:50:25,683 [pool-67-thread-1] INFO  server.RaftServerConfigKeys (ConfUtils.java:logGet(43)) - raft.server.storage.dir = [/workdir/hadoop-ozone/integration-test/target/test-dir/MiniOzoneClusterImpl-72f6cbb0-c919-4300-9939-20ef1cbf0e73/datanode-4/data/ratis] (custom)
2019-09-25 04:50:25,683 [pool-67-thread-1] INFO  storage.RaftStorageDirectory (RaftStorageDirectory.java:analyzeStorage(246)) - The storage directory /workdir/hadoop-ozone/integration-test/target/test-dir/MiniOzoneClusterImpl-72f6cbb0-c919-4300-9939-20ef1cbf0e73/datanode-4/data/ratis/fb17de87-8adc-4a22-bfa2-8b55a2f87624 does not exist. Creating ...
2019-09-25 04:50:25,697 [pool-67-thread-1] INFO  storage.RaftStorageDirectory (RaftStorageDirectory.java:tryLock(328)) - Lock on /workdir/hadoop-ozone/integration-test/target/test-dir/MiniOzoneClusterImpl-72f6cbb0-c919-4300-9939-20ef1cbf0e73/datanode-4/data/ratis/fb17de87-8adc-4a22-bfa2-8b55a2f87624/in_use.lock acquired by nodename 13648@pr-hdds-1569-x2sr2-3486766547
2019-09-25 04:50:25,709 [pool-67-thread-1] INFO  storage.RaftStorage (RaftStorage.java:format(72)) - Storage directory /workdir/hadoop-ozone/integration-test/target/test-dir/MiniOzoneClusterImpl-72f6cbb0-c919-4300-9939-20ef1cbf0e73/datanode-4/data/ratis/fb17de87-8adc-4a22-bfa2-8b55a2f87624 has been successfully formatted.
2019-09-25 04:50:25,709 [pool-67-thread-1] INFO  ratis.ContainerStateMachine (ContainerStateMachine.java:loadSnapshot(230)) - group-8B55A2F87624: The snapshot info is null. Setting the last applied indexto:(t:0, i:~)
2019-09-25 04:50:25,709 [pool-67-thread-1] INFO  server.RaftServerConfigKeys (ConfUtils.java:logGet(43)) - raft.server.notification.no-leader.timeout = 120s (custom)
2019-09-25 04:50:25,709 [pool-67-thread-1] INFO  server.RaftServerConfigKeys (ConfUtils.java:logGet(43)) - raft.server.log.use.memory = false (default)
2019-09-25 04:50:25,710 [pool-67-thread-1] INFO  server.RaftServerConfigKeys (ConfUtils.java:logGet(43)) - raft.server.log.purge.gap = 1000000 (custom)
2019-09-25 04:50:25,710 [pool-67-thread-1] INFO  server.RaftServerConfigKeys (ConfUtils.java:logGet(43)) - raft.server.log.appender.buffer.byte-limit = 33554432 (custom)
2019-09-25 04:50:25,710 [pool-67-thread-1] INFO  server.RaftServerConfigKeys (ConfUtils.java:logGet(43)) - raft.server.log.segment.size.max = 1048576 (custom)
2019-09-25 04:50:25,710 [pool-67-thread-1] INFO  server.RaftServerConfigKeys (ConfUtils.java:logGet(43)) - raft.server.log.segment.cache.num.max = 2 (custom)
2019-09-25 04:50:25,710 [pool-67-thread-1] INFO  segmented.SegmentedRaftLogWorker (SegmentedRaftLogWorker.java:<init>(172)) - new aabdae46-dcfa-45e6-b665-2c47bb305ebb@group-8B55A2F87624-SegmentedRaftLogWorker for RaftStorage:Storage Directory /workdir/hadoop-ozone/integration-test/target/test-dir/MiniOzoneClusterImpl-72f6cbb0-c919-4300-9939-20ef1cbf0e73/datanode-4/data/ratis/fb17de87-8adc-4a22-bfa2-8b55a2f87624
2019-09-25 04:50:25,710 [pool-67-thread-1] INFO  server.RaftServerConfigKeys (ConfUtils.java:logGet(43)) - raft.server.log.queue.byte-limit = 2147483647 (custom)
2019-09-25 04:50:25,710 [pool-67-thread-1] INFO  server.RaftServerConfigKeys (ConfUtils.java:logGet(43)) - raft.server.log.queue.element-limit = 1024 (custom)
2019-09-25 04:50:25,711 [pool-67-thread-1] INFO  server.RaftServerConfigKeys (ConfUtils.java:logGet(43)) - raft.server.log.segment.size.max = 1048576 (custom)
2019-09-25 04:50:25,711 [pool-67-thread-1] INFO  server.RaftServerConfigKeys (ConfUtils.java:logGet(43)) - raft.server.log.preallocated.size = 16384 (custom)
2019-09-25 04:50:25,711 [pool-67-thread-1] INFO  server.RaftServerConfigKeys (ConfUtils.java:logGet(43)) - raft.server.log.write.buffer.size = 33554432 (custom)
2019-09-25 04:50:25,711 [pool-67-thread-1] INFO  server.RaftServerConfigKeys (ConfUtils.java:logGet(43)) - raft.server.log.force.sync.num = 128 (default)
2019-09-25 04:50:25,711 [pool-67-thread-1] INFO  server.RaftServerConfigKeys (ConfUtils.java:logGet(43)) - raft.server.log.statemachine.data.sync = true (default)
2019-09-25 04:50:25,711 [pool-67-thread-1] INFO  server.RaftServerConfigKeys (ConfUtils.java:logGet(43)) - raft.server.log.statemachine.data.sync.timeout = 10s (default)
2019-09-25 04:50:25,711 [pool-67-thread-1] INFO  server.RaftServerConfigKeys (ConfUtils.java:logGet(43)) - raft.server.log.statemachine.data.sync.timeout.retry = -1 (default)
2019-09-25 04:50:25,711 [pool-67-thread-1] INFO  server.RaftServerConfigKeys (ConfUtils.java:logGet(43)) - raft.server.log.statemachine.data.caching.enabled = true (custom)
2019-09-25 04:50:25,712 [pool-67-thread-1] INFO  segmented.SegmentedRaftLogWorker (SegmentedRaftLogWorker.java:lambda$new$0(132)) - aabdae46-dcfa-45e6-b665-2c47bb305ebb@group-8B55A2F87624-SegmentedRaftLogWorker: flushIndex: setUnconditionally 0 -> -1
2019-09-25 04:50:25,712 [pool-67-thread-1] INFO  server.RaftServerConfigKeys (ConfUtils.java:logGet(43)) - raft.server.snapshot.auto.trigger.enabled = true (custom)
2019-09-25 04:50:25,712 [pool-67-thread-1] INFO  server.RaftServerConfigKeys (ConfUtils.java:logGet(43)) - raft.server.snapshot.auto.trigger.threshold = 10000 (custom)
2019-09-25 04:50:25,712 [pool-67-thread-1] INFO  server.RaftServerConfigKeys (ConfUtils.java:logGet(43)) - raft.server.snapshot.retention.num.files = 5 (custom)
2019-09-25 04:50:25,713 [pool-67-thread-1] INFO  server.RaftServerConfigKeys (ConfUtils.java:logGet(43)) - raft.server.retrycache.expirytime = 600000ms (custom)
2019-09-25 04:50:25,716 [pool-67-thread-1] INFO  impl.RaftServerImpl (RaftServerImpl.java:start(185)) - aabdae46-dcfa-45e6-b665-2c47bb305ebb@group-8B55A2F87624: start as a follower, conf=-1: [aabdae46-dcfa-45e6-b665-2c47bb305ebb:192.168.151.106:41436], old=null
2019-09-25 04:50:25,716 [pool-67-thread-1] INFO  impl.RaftServerImpl (RaftServerImpl.java:setRole(174)) - aabdae46-dcfa-45e6-b665-2c47bb305ebb@group-8B55A2F87624: changes role from      null to FOLLOWER at term 0 for startAsFollower
2019-09-25 04:50:25,716 [pool-67-thread-1] INFO  impl.RoleInfo (RoleInfo.java:updateAndGet(143)) - aabdae46-dcfa-45e6-b665-2c47bb305ebb: start FollowerState
2019-09-25 04:50:25,717 [pool-67-thread-1] INFO  util.JmxRegister (JmxRegister.java:tryRegister(44)) - Successfully registered JMX Bean with object name Ratis:service=RaftServer,group=group-8B55A2F87624,id=aabdae46-dcfa-45e6-b665-2c47bb305ebb
2019-09-25 04:50:25,722 [RatisPipelineUtilsThread] INFO  pipeline.PipelineStateManager (PipelineStateManager.java:addPipeline(56)) - Created pipeline Pipeline[ Id: fb17de87-8adc-4a22-bfa2-8b55a2f87624, Nodes: aabdae46-dcfa-45e6-b665-2c47bb305ebb{ip: 192.168.151.106, host: pr-hdds-1569-x2sr2-3486766547, networkLocation: /default-rack, certSerialId: null}, Type:RATIS, Factor:ONE, State:OPEN]
2019-09-25 04:50:25,734 [grpc-default-executor-0] INFO  impl.RaftServerProxy (RaftServerProxy.java:addNew(89)) - 45f1801e-7cfd-420a-bb39-98f19dcc81c3: addNew group-062A65847C8B:[45f1801e-7cfd-420a-bb39-98f19dcc81c3:192.168.151.106:38437] returns group-062A65847C8B:java.util.concurrent.CompletableFuture@535e74b3[Not completed]
2019-09-25 04:50:25,736 [pool-87-thread-1] INFO  impl.RaftServerImpl (RaftServerImpl.java:<init>(95)) - 45f1801e-7cfd-420a-bb39-98f19dcc81c3: new RaftServerImpl for group-062A65847C8B:[45f1801e-7cfd-420a-bb39-98f19dcc81c3:192.168.151.106:38437] with ContainerStateMachine:uninitialized
2019-09-25 04:50:25,736 [pool-87-thread-1] INFO  server.RaftServerConfigKeys (ConfUtils.java:logGet(43)) - raft.server.rpc.timeout.min = 5s (custom)
2019-09-25 04:50:25,736 [pool-87-thread-1] INFO  server.RaftServerConfigKeys (ConfUtils.java:logGet(43)) - raft.server.rpc.timeout.max = 5200ms (custom)
2019-09-25 04:50:25,736 [pool-87-thread-1] INFO  server.RaftServerConfigKeys (ConfUtils.java:logGet(43)) - raft.server.rpcslowness.timeout = 120s (custom)
2019-09-25 04:50:25,737 [pool-87-thread-1] INFO  server.RaftServerConfigKeys (ConfUtils.java:logGet(43)) - raft.server.sleep.deviation.threshold = 300 (default)
2019-09-25 04:50:25,737 [pool-87-thread-1] INFO  server.RaftServerConfigKeys (ConfUtils.java:logGet(43)) - raft.server.log.appender.install.snapshot.enabled = false (custom)
2019-09-25 04:50:25,737 [pool-87-thread-1] INFO  impl.RaftServerImpl (ServerState.java:<init>(103)) - 45f1801e-7cfd-420a-bb39-98f19dcc81c3@group-062A65847C8B: ConfigurationManager, init=-1: [45f1801e-7cfd-420a-bb39-98f19dcc81c3:192.168.151.106:38437], old=null, confs=<EMPTY_MAP>
2019-09-25 04:50:25,737 [pool-87-thread-1] INFO  server.RaftServerConfigKeys (ConfUtils.java:logGet(43)) - raft.server.storage.dir = [/workdir/hadoop-ozone/integration-test/target/test-dir/MiniOzoneClusterImpl-72f6cbb0-c919-4300-9939-20ef1cbf0e73/datanode-6/data/ratis] (custom)
2019-09-25 04:50:25,738 [pool-87-thread-1] INFO  storage.RaftStorageDirectory (RaftStorageDirectory.java:analyzeStorage(246)) - The storage directory /workdir/hadoop-ozone/integration-test/target/test-dir/MiniOzoneClusterImpl-72f6cbb0-c919-4300-9939-20ef1cbf0e73/datanode-6/data/ratis/f9aae61a-4ac5-41e9-99cb-062a65847c8b does not exist. Creating ...
2019-09-25 04:50:25,773 [pool-87-thread-1] INFO  storage.RaftStorageDirectory (RaftStorageDirectory.java:tryLock(328)) - Lock on /workdir/hadoop-ozone/integration-test/target/test-dir/MiniOzoneClusterImpl-72f6cbb0-c919-4300-9939-20ef1cbf0e73/datanode-6/data/ratis/f9aae61a-4ac5-41e9-99cb-062a65847c8b/in_use.lock acquired by nodename 13648@pr-hdds-1569-x2sr2-3486766547
2019-09-25 04:50:25,797 [pool-87-thread-1] INFO  storage.RaftStorage (RaftStorage.java:format(72)) - Storage directory /workdir/hadoop-ozone/integration-test/target/test-dir/MiniOzoneClusterImpl-72f6cbb0-c919-4300-9939-20ef1cbf0e73/datanode-6/data/ratis/f9aae61a-4ac5-41e9-99cb-062a65847c8b has been successfully formatted.
2019-09-25 04:50:25,797 [pool-87-thread-1] INFO  ratis.ContainerStateMachine (ContainerStateMachine.java:loadSnapshot(230)) - group-062A65847C8B: The snapshot info is null. Setting the last applied indexto:(t:0, i:~)
2019-09-25 04:50:25,797 [pool-87-thread-1] INFO  server.RaftServerConfigKeys (ConfUtils.java:logGet(43)) - raft.server.notification.no-leader.timeout = 120s (custom)
2019-09-25 04:50:25,797 [pool-87-thread-1] INFO  server.RaftServerConfigKeys (ConfUtils.java:logGet(43)) - raft.server.log.use.memory = false (default)
2019-09-25 04:50:25,798 [pool-87-thread-1] INFO  server.RaftServerConfigKeys (ConfUtils.java:logGet(43)) - raft.server.log.purge.gap = 1000000 (custom)
2019-09-25 04:50:25,798 [pool-87-thread-1] INFO  server.RaftServerConfigKeys (ConfUtils.java:logGet(43)) - raft.server.log.appender.buffer.byte-limit = 33554432 (custom)
2019-09-25 04:50:25,798 [pool-87-thread-1] INFO  server.RaftServerConfigKeys (ConfUtils.java:logGet(43)) - raft.server.log.segment.size.max = 1048576 (custom)
2019-09-25 04:50:25,798 [pool-87-thread-1] INFO  server.RaftServerConfigKeys (ConfUtils.java:logGet(43)) - raft.server.log.segment.cache.num.max = 2 (custom)
2019-09-25 04:50:25,798 [pool-87-thread-1] INFO  segmented.SegmentedRaftLogWorker (SegmentedRaftLogWorker.java:<init>(172)) - new 45f1801e-7cfd-420a-bb39-98f19dcc81c3@group-062A65847C8B-SegmentedRaftLogWorker for RaftStorage:Storage Directory /workdir/hadoop-ozone/integration-test/target/test-dir/MiniOzoneClusterImpl-72f6cbb0-c919-4300-9939-20ef1cbf0e73/datanode-6/data/ratis/f9aae61a-4ac5-41e9-99cb-062a65847c8b
2019-09-25 04:50:25,799 [pool-87-thread-1] INFO  server.RaftServerConfigKeys (ConfUtils.java:logGet(43)) - raft.server.log.queue.byte-limit = 2147483647 (custom)
2019-09-25 04:50:25,799 [pool-87-thread-1] INFO  server.RaftServerConfigKeys (ConfUtils.java:logGet(43)) - raft.server.log.queue.element-limit = 1024 (custom)
2019-09-25 04:50:25,799 [pool-87-thread-1] INFO  server.RaftServerConfigKeys (ConfUtils.java:logGet(43)) - raft.server.log.segment.size.max = 1048576 (custom)
2019-09-25 04:50:25,799 [pool-87-thread-1] INFO  server.RaftServerConfigKeys (ConfUtils.java:logGet(43)) - raft.server.log.preallocated.size = 16384 (custom)
2019-09-25 04:50:25,799 [pool-87-thread-1] INFO  server.RaftServerConfigKeys (ConfUtils.java:logGet(43)) - raft.server.log.write.buffer.size = 33554432 (custom)
2019-09-25 04:50:25,800 [pool-87-thread-1] INFO  server.RaftServerConfigKeys (ConfUtils.java:logGet(43)) - raft.server.log.force.sync.num = 128 (default)
2019-09-25 04:50:25,800 [pool-87-thread-1] INFO  server.RaftServerConfigKeys (ConfUtils.java:logGet(43)) - raft.server.log.statemachine.data.sync = true (default)
2019-09-25 04:50:25,800 [pool-87-thread-1] INFO  server.RaftServerConfigKeys (ConfUtils.java:logGet(43)) - raft.server.log.statemachine.data.sync.timeout = 10s (default)
2019-09-25 04:50:25,800 [pool-87-thread-1] INFO  server.RaftServerConfigKeys (ConfUtils.java:logGet(43)) - raft.server.log.statemachine.data.sync.timeout.retry = -1 (default)
2019-09-25 04:50:25,800 [pool-87-thread-1] INFO  server.RaftServerConfigKeys (ConfUtils.java:logGet(43)) - raft.server.log.statemachine.data.caching.enabled = true (custom)
2019-09-25 04:50:25,801 [pool-87-thread-1] INFO  segmented.SegmentedRaftLogWorker (SegmentedRaftLogWorker.java:lambda$new$0(132)) - 45f1801e-7cfd-420a-bb39-98f19dcc81c3@group-062A65847C8B-SegmentedRaftLogWorker: flushIndex: setUnconditionally 0 -> -1
2019-09-25 04:50:25,801 [pool-87-thread-1] INFO  server.RaftServerConfigKeys (ConfUtils.java:logGet(43)) - raft.server.snapshot.auto.trigger.enabled = true (custom)
2019-09-25 04:50:25,801 [pool-87-thread-1] INFO  server.RaftServerConfigKeys (ConfUtils.java:logGet(43)) - raft.server.snapshot.auto.trigger.threshold = 10000 (custom)
2019-09-25 04:50:25,802 [pool-87-thread-1] INFO  server.RaftServerConfigKeys (ConfUtils.java:logGet(43)) - raft.server.snapshot.retention.num.files = 5 (custom)
2019-09-25 04:50:25,802 [pool-87-thread-1] INFO  server.RaftServerConfigKeys (ConfUtils.java:logGet(43)) - raft.server.retrycache.expirytime = 600000ms (custom)
2019-09-25 04:50:25,806 [pool-87-thread-1] INFO  impl.RaftServerImpl (RaftServerImpl.java:start(185)) - 45f1801e-7cfd-420a-bb39-98f19dcc81c3@group-062A65847C8B: start as a follower, conf=-1: [45f1801e-7cfd-420a-bb39-98f19dcc81c3:192.168.151.106:38437], old=null
2019-09-25 04:50:25,806 [pool-87-thread-1] INFO  impl.RaftServerImpl (RaftServerImpl.java:setRole(174)) - 45f1801e-7cfd-420a-bb39-98f19dcc81c3@group-062A65847C8B: changes role from      null to FOLLOWER at term 0 for startAsFollower
2019-09-25 04:50:25,806 [pool-87-thread-1] INFO  impl.RoleInfo (RoleInfo.java:updateAndGet(143)) - 45f1801e-7cfd-420a-bb39-98f19dcc81c3: start FollowerState
2019-09-25 04:50:25,807 [pool-87-thread-1] INFO  util.JmxRegister (JmxRegister.java:tryRegister(44)) - Successfully registered JMX Bean with object name Ratis:service=RaftServer,group=group-062A65847C8B,id=45f1801e-7cfd-420a-bb39-98f19dcc81c3
2019-09-25 04:50:25,813 [RatisPipelineUtilsThread] INFO  pipeline.PipelineStateManager (PipelineStateManager.java:addPipeline(56)) - Created pipeline Pipeline[ Id: f9aae61a-4ac5-41e9-99cb-062a65847c8b, Nodes: 45f1801e-7cfd-420a-bb39-98f19dcc81c3{ip: 192.168.151.106, host: pr-hdds-1569-x2sr2-3486766547, networkLocation: /default-rack, certSerialId: null}, Type:RATIS, Factor:ONE, State:OPEN]
2019-09-25 04:50:25,826 [grpc-default-executor-0] INFO  impl.RaftServerProxy (RaftServerProxy.java:addNew(89)) - aabdae46-dcfa-45e6-b665-2c47bb305ebb: addNew group-13C6845242B0:[aabdae46-dcfa-45e6-b665-2c47bb305ebb:192.168.151.106:41436] returns group-13C6845242B0:java.util.concurrent.CompletableFuture@24f4ca84[Not completed]
2019-09-25 04:50:25,828 [pool-67-thread-1] INFO  impl.RaftServerImpl (RaftServerImpl.java:<init>(95)) - aabdae46-dcfa-45e6-b665-2c47bb305ebb: new RaftServerImpl for group-13C6845242B0:[aabdae46-dcfa-45e6-b665-2c47bb305ebb:192.168.151.106:41436] with ContainerStateMachine:uninitialized
2019-09-25 04:50:25,828 [pool-67-thread-1] INFO  server.RaftServerConfigKeys (ConfUtils.java:logGet(43)) - raft.server.rpc.timeout.min = 5s (custom)
2019-09-25 04:50:25,829 [pool-67-thread-1] INFO  server.RaftServerConfigKeys (ConfUtils.java:logGet(43)) - raft.server.rpc.timeout.max = 5200ms (custom)
2019-09-25 04:50:25,829 [pool-67-thread-1] INFO  server.RaftServerConfigKeys (ConfUtils.java:logGet(43)) - raft.server.rpcslowness.timeout = 120s (custom)
2019-09-25 04:50:25,829 [pool-67-thread-1] INFO  server.RaftServerConfigKeys (ConfUtils.java:logGet(43)) - raft.server.sleep.deviation.threshold = 300 (default)
2019-09-25 04:50:25,829 [pool-67-thread-1] INFO  server.RaftServerConfigKeys (ConfUtils.java:logGet(43)) - raft.server.log.appender.install.snapshot.enabled = false (custom)
2019-09-25 04:50:25,830 [pool-67-thread-1] INFO  impl.RaftServerImpl (ServerState.java:<init>(103)) - aabdae46-dcfa-45e6-b665-2c47bb305ebb@group-13C6845242B0: ConfigurationManager, init=-1: [aabdae46-dcfa-45e6-b665-2c47bb305ebb:192.168.151.106:41436], old=null, confs=<EMPTY_MAP>
2019-09-25 04:50:25,830 [pool-67-thread-1] INFO  server.RaftServerConfigKeys (ConfUtils.java:logGet(43)) - raft.server.storage.dir = [/workdir/hadoop-ozone/integration-test/target/test-dir/MiniOzoneClusterImpl-72f6cbb0-c919-4300-9939-20ef1cbf0e73/datanode-4/data/ratis] (custom)
2019-09-25 04:50:25,830 [pool-67-thread-1] INFO  storage.RaftStorageDirectory (RaftStorageDirectory.java:analyzeStorage(246)) - The storage directory /workdir/hadoop-ozone/integration-test/target/test-dir/MiniOzoneClusterImpl-72f6cbb0-c919-4300-9939-20ef1cbf0e73/datanode-4/data/ratis/cec6a837-b25d-4f1d-b0ef-13c6845242b0 does not exist. Creating ...
2019-09-25 04:50:25,843 [pool-67-thread-1] INFO  storage.RaftStorageDirectory (RaftStorageDirectory.java:tryLock(328)) - Lock on /workdir/hadoop-ozone/integration-test/target/test-dir/MiniOzoneClusterImpl-72f6cbb0-c919-4300-9939-20ef1cbf0e73/datanode-4/data/ratis/cec6a837-b25d-4f1d-b0ef-13c6845242b0/in_use.lock acquired by nodename 13648@pr-hdds-1569-x2sr2-3486766547
2019-09-25 04:50:25,856 [pool-67-thread-1] INFO  storage.RaftStorage (RaftStorage.java:format(72)) - Storage directory /workdir/hadoop-ozone/integration-test/target/test-dir/MiniOzoneClusterImpl-72f6cbb0-c919-4300-9939-20ef1cbf0e73/datanode-4/data/ratis/cec6a837-b25d-4f1d-b0ef-13c6845242b0 has been successfully formatted.
2019-09-25 04:50:25,856 [pool-67-thread-1] INFO  ratis.ContainerStateMachine (ContainerStateMachine.java:loadSnapshot(230)) - group-13C6845242B0: The snapshot info is null. Setting the last applied indexto:(t:0, i:~)
2019-09-25 04:50:25,856 [pool-67-thread-1] INFO  server.RaftServerConfigKeys (ConfUtils.java:logGet(43)) - raft.server.notification.no-leader.timeout = 120s (custom)
2019-09-25 04:50:25,856 [pool-67-thread-1] INFO  server.RaftServerConfigKeys (ConfUtils.java:logGet(43)) - raft.server.log.use.memory = false (default)
2019-09-25 04:50:25,857 [pool-67-thread-1] INFO  server.RaftServerConfigKeys (ConfUtils.java:logGet(43)) - raft.server.log.purge.gap = 1000000 (custom)
2019-09-25 04:50:25,857 [pool-67-thread-1] INFO  server.RaftServerConfigKeys (ConfUtils.java:logGet(43)) - raft.server.log.appender.buffer.byte-limit = 33554432 (custom)
2019-09-25 04:50:25,857 [pool-67-thread-1] INFO  server.RaftServerConfigKeys (ConfUtils.java:logGet(43)) - raft.server.log.segment.size.max = 1048576 (custom)
2019-09-25 04:50:25,857 [pool-67-thread-1] INFO  server.RaftServerConfigKeys (ConfUtils.java:logGet(43)) - raft.server.log.segment.cache.num.max = 2 (custom)
2019-09-25 04:50:25,857 [pool-67-thread-1] INFO  segmented.SegmentedRaftLogWorker (SegmentedRaftLogWorker.java:<init>(172)) - new aabdae46-dcfa-45e6-b665-2c47bb305ebb@group-13C6845242B0-SegmentedRaftLogWorker for RaftStorage:Storage Directory /workdir/hadoop-ozone/integration-test/target/test-dir/MiniOzoneClusterImpl-72f6cbb0-c919-4300-9939-20ef1cbf0e73/datanode-4/data/ratis/cec6a837-b25d-4f1d-b0ef-13c6845242b0
2019-09-25 04:50:25,857 [pool-67-thread-1] INFO  server.RaftServerConfigKeys (ConfUtils.java:logGet(43)) - raft.server.log.queue.byte-limit = 2147483647 (custom)
2019-09-25 04:50:25,857 [pool-67-thread-1] INFO  server.RaftServerConfigKeys (ConfUtils.java:logGet(43)) - raft.server.log.queue.element-limit = 1024 (custom)
2019-09-25 04:50:25,858 [pool-67-thread-1] INFO  server.RaftServerConfigKeys (ConfUtils.java:logGet(43)) - raft.server.log.segment.size.max = 1048576 (custom)
2019-09-25 04:50:25,858 [pool-67-thread-1] INFO  server.RaftServerConfigKeys (ConfUtils.java:logGet(43)) - raft.server.log.preallocated.size = 16384 (custom)
2019-09-25 04:50:25,858 [pool-67-thread-1] INFO  server.RaftServerConfigKeys (ConfUtils.java:logGet(43)) - raft.server.log.write.buffer.size = 33554432 (custom)
2019-09-25 04:50:25,858 [pool-67-thread-1] INFO  server.RaftServerConfigKeys (ConfUtils.java:logGet(43)) - raft.server.log.force.sync.num = 128 (default)
2019-09-25 04:50:25,858 [pool-67-thread-1] INFO  server.RaftServerConfigKeys (ConfUtils.java:logGet(43)) - raft.server.log.statemachine.data.sync = true (default)
2019-09-25 04:50:25,858 [pool-67-thread-1] INFO  server.RaftServerConfigKeys (ConfUtils.java:logGet(43)) - raft.server.log.statemachine.data.sync.timeout = 10s (default)
2019-09-25 04:50:25,858 [pool-67-thread-1] INFO  server.RaftServerConfigKeys (ConfUtils.java:logGet(43)) - raft.server.log.statemachine.data.sync.timeout.retry = -1 (default)
2019-09-25 04:50:25,858 [pool-67-thread-1] INFO  server.RaftServerConfigKeys (ConfUtils.java:logGet(43)) - raft.server.log.statemachine.data.caching.enabled = true (custom)
2019-09-25 04:50:25,859 [pool-67-thread-1] INFO  segmented.SegmentedRaftLogWorker (SegmentedRaftLogWorker.java:lambda$new$0(132)) - aabdae46-dcfa-45e6-b665-2c47bb305ebb@group-13C6845242B0-SegmentedRaftLogWorker: flushIndex: setUnconditionally 0 -> -1
2019-09-25 04:50:25,859 [pool-67-thread-1] INFO  server.RaftServerConfigKeys (ConfUtils.java:logGet(43)) - raft.server.snapshot.auto.trigger.enabled = true (custom)
2019-09-25 04:50:25,859 [pool-67-thread-1] INFO  server.RaftServerConfigKeys (ConfUtils.java:logGet(43)) - raft.server.snapshot.auto.trigger.threshold = 10000 (custom)
2019-09-25 04:50:25,859 [pool-67-thread-1] INFO  server.RaftServerConfigKeys (ConfUtils.java:logGet(43)) - raft.server.snapshot.retention.num.files = 5 (custom)
2019-09-25 04:50:25,860 [pool-67-thread-1] INFO  server.RaftServerConfigKeys (ConfUtils.java:logGet(43)) - raft.server.retrycache.expirytime = 600000ms (custom)
2019-09-25 04:50:25,862 [pool-67-thread-1] INFO  impl.RaftServerImpl (RaftServerImpl.java:start(185)) - aabdae46-dcfa-45e6-b665-2c47bb305ebb@group-13C6845242B0: start as a follower, conf=-1: [aabdae46-dcfa-45e6-b665-2c47bb305ebb:192.168.151.106:41436], old=null
2019-09-25 04:50:25,862 [pool-67-thread-1] INFO  impl.RaftServerImpl (RaftServerImpl.java:setRole(174)) - aabdae46-dcfa-45e6-b665-2c47bb305ebb@group-13C6845242B0: changes role from      null to FOLLOWER at term 0 for startAsFollower
2019-09-25 04:50:25,862 [pool-67-thread-1] INFO  impl.RoleInfo (RoleInfo.java:updateAndGet(143)) - aabdae46-dcfa-45e6-b665-2c47bb305ebb: start FollowerState
2019-09-25 04:50:25,862 [pool-67-thread-1] INFO  util.JmxRegister (JmxRegister.java:tryRegister(44)) - Successfully registered JMX Bean with object name Ratis:service=RaftServer,group=group-13C6845242B0,id=aabdae46-dcfa-45e6-b665-2c47bb305ebb
2019-09-25 04:50:25,868 [RatisPipelineUtilsThread] INFO  pipeline.PipelineStateManager (PipelineStateManager.java:addPipeline(56)) - Created pipeline Pipeline[ Id: cec6a837-b25d-4f1d-b0ef-13c6845242b0, Nodes: aabdae46-dcfa-45e6-b665-2c47bb305ebb{ip: 192.168.151.106, host: pr-hdds-1569-x2sr2-3486766547, networkLocation: /default-rack, certSerialId: null}, Type:RATIS, Factor:ONE, State:OPEN]
2019-09-25 04:50:25,895 [grpc-default-executor-0] INFO  impl.RaftServerProxy (RaftServerProxy.java:addNew(89)) - b40ef231-6505-402b-ae57-fc0dc67cbbe8: addNew group-D983D7FE8BDB:[b40ef231-6505-402b-ae57-fc0dc67cbbe8:192.168.151.106:41861] returns group-D983D7FE8BDB:java.util.concurrent.CompletableFuture@46ecad3e[Not completed]
2019-09-25 04:50:25,897 [pool-37-thread-1] INFO  impl.RaftServerImpl (RaftServerImpl.java:<init>(95)) - b40ef231-6505-402b-ae57-fc0dc67cbbe8: new RaftServerImpl for group-D983D7FE8BDB:[b40ef231-6505-402b-ae57-fc0dc67cbbe8:192.168.151.106:41861] with ContainerStateMachine:uninitialized
2019-09-25 04:50:25,897 [pool-37-thread-1] INFO  server.RaftServerConfigKeys (ConfUtils.java:logGet(43)) - raft.server.rpc.timeout.min = 5s (custom)
2019-09-25 04:50:25,898 [pool-37-thread-1] INFO  server.RaftServerConfigKeys (ConfUtils.java:logGet(43)) - raft.server.rpc.timeout.max = 5200ms (custom)
2019-09-25 04:50:25,898 [pool-37-thread-1] INFO  server.RaftServerConfigKeys (ConfUtils.java:logGet(43)) - raft.server.rpcslowness.timeout = 120s (custom)
2019-09-25 04:50:25,898 [pool-37-thread-1] INFO  server.RaftServerConfigKeys (ConfUtils.java:logGet(43)) - raft.server.sleep.deviation.threshold = 300 (default)
2019-09-25 04:50:25,898 [pool-37-thread-1] INFO  server.RaftServerConfigKeys (ConfUtils.java:logGet(43)) - raft.server.log.appender.install.snapshot.enabled = false (custom)
2019-09-25 04:50:25,898 [pool-37-thread-1] INFO  impl.RaftServerImpl (ServerState.java:<init>(103)) - b40ef231-6505-402b-ae57-fc0dc67cbbe8@group-D983D7FE8BDB: ConfigurationManager, init=-1: [b40ef231-6505-402b-ae57-fc0dc67cbbe8:192.168.151.106:41861], old=null, confs=<EMPTY_MAP>
2019-09-25 04:50:25,898 [pool-37-thread-1] INFO  server.RaftServerConfigKeys (ConfUtils.java:logGet(43)) - raft.server.storage.dir = [/workdir/hadoop-ozone/integration-test/target/test-dir/MiniOzoneClusterImpl-72f6cbb0-c919-4300-9939-20ef1cbf0e73/datanode-1/data/ratis] (custom)
2019-09-25 04:50:25,899 [pool-37-thread-1] INFO  storage.RaftStorageDirectory (RaftStorageDirectory.java:analyzeStorage(246)) - The storage directory /workdir/hadoop-ozone/integration-test/target/test-dir/MiniOzoneClusterImpl-72f6cbb0-c919-4300-9939-20ef1cbf0e73/datanode-1/data/ratis/4d191ce3-2f7b-4851-a772-d983d7fe8bdb does not exist. Creating ...
2019-09-25 04:50:25,912 [pool-37-thread-1] INFO  storage.RaftStorageDirectory (RaftStorageDirectory.java:tryLock(328)) - Lock on /workdir/hadoop-ozone/integration-test/target/test-dir/MiniOzoneClusterImpl-72f6cbb0-c919-4300-9939-20ef1cbf0e73/datanode-1/data/ratis/4d191ce3-2f7b-4851-a772-d983d7fe8bdb/in_use.lock acquired by nodename 13648@pr-hdds-1569-x2sr2-3486766547
2019-09-25 04:50:25,924 [pool-37-thread-1] INFO  storage.RaftStorage (RaftStorage.java:format(72)) - Storage directory /workdir/hadoop-ozone/integration-test/target/test-dir/MiniOzoneClusterImpl-72f6cbb0-c919-4300-9939-20ef1cbf0e73/datanode-1/data/ratis/4d191ce3-2f7b-4851-a772-d983d7fe8bdb has been successfully formatted.
2019-09-25 04:50:25,925 [pool-37-thread-1] INFO  ratis.ContainerStateMachine (ContainerStateMachine.java:loadSnapshot(230)) - group-D983D7FE8BDB: The snapshot info is null. Setting the last applied indexto:(t:0, i:~)
2019-09-25 04:50:25,925 [pool-37-thread-1] INFO  server.RaftServerConfigKeys (ConfUtils.java:logGet(43)) - raft.server.notification.no-leader.timeout = 120s (custom)
2019-09-25 04:50:25,925 [pool-37-thread-1] INFO  server.RaftServerConfigKeys (ConfUtils.java:logGet(43)) - raft.server.log.use.memory = false (default)
2019-09-25 04:50:25,925 [pool-37-thread-1] INFO  server.RaftServerConfigKeys (ConfUtils.java:logGet(43)) - raft.server.log.purge.gap = 1000000 (custom)
2019-09-25 04:50:25,925 [pool-37-thread-1] INFO  server.RaftServerConfigKeys (ConfUtils.java:logGet(43)) - raft.server.log.appender.buffer.byte-limit = 33554432 (custom)
2019-09-25 04:50:25,926 [pool-37-thread-1] INFO  server.RaftServerConfigKeys (ConfUtils.java:logGet(43)) - raft.server.log.segment.size.max = 1048576 (custom)
2019-09-25 04:50:25,926 [pool-37-thread-1] INFO  server.RaftServerConfigKeys (ConfUtils.java:logGet(43)) - raft.server.log.segment.cache.num.max = 2 (custom)
2019-09-25 04:50:25,926 [pool-37-thread-1] INFO  segmented.SegmentedRaftLogWorker (SegmentedRaftLogWorker.java:<init>(172)) - new b40ef231-6505-402b-ae57-fc0dc67cbbe8@group-D983D7FE8BDB-SegmentedRaftLogWorker for RaftStorage:Storage Directory /workdir/hadoop-ozone/integration-test/target/test-dir/MiniOzoneClusterImpl-72f6cbb0-c919-4300-9939-20ef1cbf0e73/datanode-1/data/ratis/4d191ce3-2f7b-4851-a772-d983d7fe8bdb
2019-09-25 04:50:25,926 [pool-37-thread-1] INFO  server.RaftServerConfigKeys (ConfUtils.java:logGet(43)) - raft.server.log.queue.byte-limit = 2147483647 (custom)
2019-09-25 04:50:25,926 [pool-37-thread-1] INFO  server.RaftServerConfigKeys (ConfUtils.java:logGet(43)) - raft.server.log.queue.element-limit = 1024 (custom)
2019-09-25 04:50:25,926 [pool-37-thread-1] INFO  server.RaftServerConfigKeys (ConfUtils.java:logGet(43)) - raft.server.log.segment.size.max = 1048576 (custom)
2019-09-25 04:50:25,926 [pool-37-thread-1] INFO  server.RaftServerConfigKeys (ConfUtils.java:logGet(43)) - raft.server.log.preallocated.size = 16384 (custom)
2019-09-25 04:50:25,926 [pool-37-thread-1] INFO  server.RaftServerConfigKeys (ConfUtils.java:logGet(43)) - raft.server.log.write.buffer.size = 33554432 (custom)
2019-09-25 04:50:25,927 [pool-37-thread-1] INFO  server.RaftServerConfigKeys (ConfUtils.java:logGet(43)) - raft.server.log.force.sync.num = 128 (default)
2019-09-25 04:50:25,927 [pool-37-thread-1] INFO  server.RaftServerConfigKeys (ConfUtils.java:logGet(43)) - raft.server.log.statemachine.data.sync = true (default)
2019-09-25 04:50:25,927 [pool-37-thread-1] INFO  server.RaftServerConfigKeys (ConfUtils.java:logGet(43)) - raft.server.log.statemachine.data.sync.timeout = 10s (default)
2019-09-25 04:50:25,927 [pool-37-thread-1] INFO  server.RaftServerConfigKeys (ConfUtils.java:logGet(43)) - raft.server.log.statemachine.data.sync.timeout.retry = -1 (default)
2019-09-25 04:50:25,927 [pool-37-thread-1] INFO  server.RaftServerConfigKeys (ConfUtils.java:logGet(43)) - raft.server.log.statemachine.data.caching.enabled = true (custom)
2019-09-25 04:50:25,927 [pool-37-thread-1] INFO  segmented.SegmentedRaftLogWorker (SegmentedRaftLogWorker.java:lambda$new$0(132)) - b40ef231-6505-402b-ae57-fc0dc67cbbe8@group-D983D7FE8BDB-SegmentedRaftLogWorker: flushIndex: setUnconditionally 0 -> -1
2019-09-25 04:50:25,928 [pool-37-thread-1] INFO  server.RaftServerConfigKeys (ConfUtils.java:logGet(43)) - raft.server.snapshot.auto.trigger.enabled = true (custom)
2019-09-25 04:50:25,928 [pool-37-thread-1] INFO  server.RaftServerConfigKeys (ConfUtils.java:logGet(43)) - raft.server.snapshot.auto.trigger.threshold = 10000 (custom)
2019-09-25 04:50:25,928 [pool-37-thread-1] INFO  server.RaftServerConfigKeys (ConfUtils.java:logGet(43)) - raft.server.snapshot.retention.num.files = 5 (custom)
2019-09-25 04:50:25,928 [pool-37-thread-1] INFO  server.RaftServerConfigKeys (ConfUtils.java:logGet(43)) - raft.server.retrycache.expirytime = 600000ms (custom)
2019-09-25 04:50:25,931 [pool-37-thread-1] INFO  impl.RaftServerImpl (RaftServerImpl.java:start(185)) - b40ef231-6505-402b-ae57-fc0dc67cbbe8@group-D983D7FE8BDB: start as a follower, conf=-1: [b40ef231-6505-402b-ae57-fc0dc67cbbe8:192.168.151.106:41861], old=null
2019-09-25 04:50:25,931 [pool-37-thread-1] INFO  impl.RaftServerImpl (RaftServerImpl.java:setRole(174)) - b40ef231-6505-402b-ae57-fc0dc67cbbe8@group-D983D7FE8BDB: changes role from      null to FOLLOWER at term 0 for startAsFollower
2019-09-25 04:50:25,931 [pool-37-thread-1] INFO  impl.RoleInfo (RoleInfo.java:updateAndGet(143)) - b40ef231-6505-402b-ae57-fc0dc67cbbe8: start FollowerState
2019-09-25 04:50:25,940 [pool-37-thread-1] INFO  util.JmxRegister (JmxRegister.java:tryRegister(44)) - Successfully registered JMX Bean with object name Ratis:service=RaftServer,group=group-D983D7FE8BDB,id=b40ef231-6505-402b-ae57-fc0dc67cbbe8
2019-09-25 04:50:25,965 [RatisPipelineUtilsThread] INFO  pipeline.PipelineStateManager (PipelineStateManager.java:addPipeline(56)) - Created pipeline Pipeline[ Id: 4d191ce3-2f7b-4851-a772-d983d7fe8bdb, Nodes: b40ef231-6505-402b-ae57-fc0dc67cbbe8{ip: 192.168.151.106, host: pr-hdds-1569-x2sr2-3486766547, networkLocation: /default-rack, certSerialId: null}, Type:RATIS, Factor:ONE, State:OPEN]
2019-09-25 04:50:25,977 [grpc-default-executor-0] INFO  impl.RaftServerProxy (RaftServerProxy.java:addNew(89)) - b40ef231-6505-402b-ae57-fc0dc67cbbe8: addNew group-FBD7B064AE7B:[b40ef231-6505-402b-ae57-fc0dc67cbbe8:192.168.151.106:41861] returns group-FBD7B064AE7B:java.util.concurrent.CompletableFuture@c792e5d[Not completed]
2019-09-25 04:50:25,978 [pool-37-thread-1] INFO  impl.RaftServerImpl (RaftServerImpl.java:<init>(95)) - b40ef231-6505-402b-ae57-fc0dc67cbbe8: new RaftServerImpl for group-FBD7B064AE7B:[b40ef231-6505-402b-ae57-fc0dc67cbbe8:192.168.151.106:41861] with ContainerStateMachine:uninitialized
2019-09-25 04:50:25,979 [pool-37-thread-1] INFO  server.RaftServerConfigKeys (ConfUtils.java:logGet(43)) - raft.server.rpc.timeout.min = 5s (custom)
2019-09-25 04:50:25,979 [pool-37-thread-1] INFO  server.RaftServerConfigKeys (ConfUtils.java:logGet(43)) - raft.server.rpc.timeout.max = 5200ms (custom)
2019-09-25 04:50:25,979 [pool-37-thread-1] INFO  server.RaftServerConfigKeys (ConfUtils.java:logGet(43)) - raft.server.rpcslowness.timeout = 120s (custom)
2019-09-25 04:50:25,979 [pool-37-thread-1] INFO  server.RaftServerConfigKeys (ConfUtils.java:logGet(43)) - raft.server.sleep.deviation.threshold = 300 (default)
2019-09-25 04:50:25,979 [pool-37-thread-1] INFO  server.RaftServerConfigKeys (ConfUtils.java:logGet(43)) - raft.server.log.appender.install.snapshot.enabled = false (custom)
2019-09-25 04:50:25,979 [pool-37-thread-1] INFO  impl.RaftServerImpl (ServerState.java:<init>(103)) - b40ef231-6505-402b-ae57-fc0dc67cbbe8@group-FBD7B064AE7B: ConfigurationManager, init=-1: [b40ef231-6505-402b-ae57-fc0dc67cbbe8:192.168.151.106:41861], old=null, confs=<EMPTY_MAP>
2019-09-25 04:50:25,979 [pool-37-thread-1] INFO  server.RaftServerConfigKeys (ConfUtils.java:logGet(43)) - raft.server.storage.dir = [/workdir/hadoop-ozone/integration-test/target/test-dir/MiniOzoneClusterImpl-72f6cbb0-c919-4300-9939-20ef1cbf0e73/datanode-1/data/ratis] (custom)
2019-09-25 04:50:25,980 [pool-37-thread-1] INFO  storage.RaftStorageDirectory (RaftStorageDirectory.java:analyzeStorage(246)) - The storage directory /workdir/hadoop-ozone/integration-test/target/test-dir/MiniOzoneClusterImpl-72f6cbb0-c919-4300-9939-20ef1cbf0e73/datanode-1/data/ratis/c9033707-f260-4089-b6cd-fbd7b064ae7b does not exist. Creating ...
2019-09-25 04:50:25,992 [pool-37-thread-1] INFO  storage.RaftStorageDirectory (RaftStorageDirectory.java:tryLock(328)) - Lock on /workdir/hadoop-ozone/integration-test/target/test-dir/MiniOzoneClusterImpl-72f6cbb0-c919-4300-9939-20ef1cbf0e73/datanode-1/data/ratis/c9033707-f260-4089-b6cd-fbd7b064ae7b/in_use.lock acquired by nodename 13648@pr-hdds-1569-x2sr2-3486766547
2019-09-25 04:50:26,011 [pool-37-thread-1] INFO  storage.RaftStorage (RaftStorage.java:format(72)) - Storage directory /workdir/hadoop-ozone/integration-test/target/test-dir/MiniOzoneClusterImpl-72f6cbb0-c919-4300-9939-20ef1cbf0e73/datanode-1/data/ratis/c9033707-f260-4089-b6cd-fbd7b064ae7b has been successfully formatted.
2019-09-25 04:50:26,011 [pool-37-thread-1] INFO  ratis.ContainerStateMachine (ContainerStateMachine.java:loadSnapshot(230)) - group-FBD7B064AE7B: The snapshot info is null. Setting the last applied indexto:(t:0, i:~)
2019-09-25 04:50:26,011 [pool-37-thread-1] INFO  server.RaftServerConfigKeys (ConfUtils.java:logGet(43)) - raft.server.notification.no-leader.timeout = 120s (custom)
2019-09-25 04:50:26,012 [pool-37-thread-1] INFO  server.RaftServerConfigKeys (ConfUtils.java:logGet(43)) - raft.server.log.use.memory = false (default)
2019-09-25 04:50:26,012 [pool-37-thread-1] INFO  server.RaftServerConfigKeys (ConfUtils.java:logGet(43)) - raft.server.log.purge.gap = 1000000 (custom)
2019-09-25 04:50:26,012 [pool-37-thread-1] INFO  server.RaftServerConfigKeys (ConfUtils.java:logGet(43)) - raft.server.log.appender.buffer.byte-limit = 33554432 (custom)
2019-09-25 04:50:26,012 [pool-37-thread-1] INFO  server.RaftServerConfigKeys (ConfUtils.java:logGet(43)) - raft.server.log.segment.size.max = 1048576 (custom)
2019-09-25 04:50:26,012 [pool-37-thread-1] INFO  server.RaftServerConfigKeys (ConfUtils.java:logGet(43)) - raft.server.log.segment.cache.num.max = 2 (custom)
2019-09-25 04:50:26,012 [pool-37-thread-1] INFO  segmented.SegmentedRaftLogWorker (SegmentedRaftLogWorker.java:<init>(172)) - new b40ef231-6505-402b-ae57-fc0dc67cbbe8@group-FBD7B064AE7B-SegmentedRaftLogWorker for RaftStorage:Storage Directory /workdir/hadoop-ozone/integration-test/target/test-dir/MiniOzoneClusterImpl-72f6cbb0-c919-4300-9939-20ef1cbf0e73/datanode-1/data/ratis/c9033707-f260-4089-b6cd-fbd7b064ae7b
2019-09-25 04:50:26,012 [pool-37-thread-1] INFO  server.RaftServerConfigKeys (ConfUtils.java:logGet(43)) - raft.server.log.queue.byte-limit = 2147483647 (custom)
2019-09-25 04:50:26,013 [pool-37-thread-1] INFO  server.RaftServerConfigKeys (ConfUtils.java:logGet(43)) - raft.server.log.queue.element-limit = 1024 (custom)
2019-09-25 04:50:26,013 [pool-37-thread-1] INFO  server.RaftServerConfigKeys (ConfUtils.java:logGet(43)) - raft.server.log.segment.size.max = 1048576 (custom)
2019-09-25 04:50:26,013 [pool-37-thread-1] INFO  server.RaftServerConfigKeys (ConfUtils.java:logGet(43)) - raft.server.log.preallocated.size = 16384 (custom)
2019-09-25 04:50:26,013 [pool-37-thread-1] INFO  server.RaftServerConfigKeys (ConfUtils.java:logGet(43)) - raft.server.log.write.buffer.size = 33554432 (custom)
2019-09-25 04:50:26,013 [pool-37-thread-1] INFO  server.RaftServerConfigKeys (ConfUtils.java:logGet(43)) - raft.server.log.force.sync.num = 128 (default)
2019-09-25 04:50:26,013 [pool-37-thread-1] INFO  server.RaftServerConfigKeys (ConfUtils.java:logGet(43)) - raft.server.log.statemachine.data.sync = true (default)
2019-09-25 04:50:26,013 [pool-37-thread-1] INFO  server.RaftServerConfigKeys (ConfUtils.java:logGet(43)) - raft.server.log.statemachine.data.sync.timeout = 10s (default)
2019-09-25 04:50:26,013 [pool-37-thread-1] INFO  server.RaftServerConfigKeys (ConfUtils.java:logGet(43)) - raft.server.log.statemachine.data.sync.timeout.retry = -1 (default)
2019-09-25 04:50:26,014 [pool-37-thread-1] INFO  server.RaftServerConfigKeys (ConfUtils.java:logGet(43)) - raft.server.log.statemachine.data.caching.enabled = true (custom)
2019-09-25 04:50:26,014 [pool-37-thread-1] INFO  segmented.SegmentedRaftLogWorker (SegmentedRaftLogWorker.java:lambda$new$0(132)) - b40ef231-6505-402b-ae57-fc0dc67cbbe8@group-FBD7B064AE7B-SegmentedRaftLogWorker: flushIndex: setUnconditionally 0 -> -1
2019-09-25 04:50:26,014 [pool-37-thread-1] INFO  server.RaftServerConfigKeys (ConfUtils.java:logGet(43)) - raft.server.snapshot.auto.trigger.enabled = true (custom)
2019-09-25 04:50:26,015 [pool-37-thread-1] INFO  server.RaftServerConfigKeys (ConfUtils.java:logGet(43)) - raft.server.snapshot.auto.trigger.threshold = 10000 (custom)
2019-09-25 04:50:26,015 [pool-37-thread-1] INFO  server.RaftServerConfigKeys (ConfUtils.java:logGet(43)) - raft.server.snapshot.retention.num.files = 5 (custom)
2019-09-25 04:50:26,015 [pool-37-thread-1] INFO  server.RaftServerConfigKeys (ConfUtils.java:logGet(43)) - raft.server.retrycache.expirytime = 600000ms (custom)
2019-09-25 04:50:26,018 [pool-37-thread-1] INFO  impl.RaftServerImpl (RaftServerImpl.java:start(185)) - b40ef231-6505-402b-ae57-fc0dc67cbbe8@group-FBD7B064AE7B: start as a follower, conf=-1: [b40ef231-6505-402b-ae57-fc0dc67cbbe8:192.168.151.106:41861], old=null
2019-09-25 04:50:26,018 [pool-37-thread-1] INFO  impl.RaftServerImpl (RaftServerImpl.java:setRole(174)) - b40ef231-6505-402b-ae57-fc0dc67cbbe8@group-FBD7B064AE7B: changes role from      null to FOLLOWER at term 0 for startAsFollower
2019-09-25 04:50:26,018 [pool-37-thread-1] INFO  impl.RoleInfo (RoleInfo.java:updateAndGet(143)) - b40ef231-6505-402b-ae57-fc0dc67cbbe8: start FollowerState
2019-09-25 04:50:26,018 [pool-37-thread-1] INFO  util.JmxRegister (JmxRegister.java:tryRegister(44)) - Successfully registered JMX Bean with object name Ratis:service=RaftServer,group=group-FBD7B064AE7B,id=b40ef231-6505-402b-ae57-fc0dc67cbbe8
2019-09-25 04:50:26,024 [RatisPipelineUtilsThread] INFO  pipeline.PipelineStateManager (PipelineStateManager.java:addPipeline(56)) - Created pipeline Pipeline[ Id: c9033707-f260-4089-b6cd-fbd7b064ae7b, Nodes: b40ef231-6505-402b-ae57-fc0dc67cbbe8{ip: 192.168.151.106, host: pr-hdds-1569-x2sr2-3486766547, networkLocation: /default-rack, certSerialId: null}, Type:RATIS, Factor:ONE, State:OPEN]
2019-09-25 04:50:26,480 [grpc-default-executor-0] INFO  impl.RaftServerProxy (RaftServerProxy.java:addNew(89)) - 4f7802c6-3418-4fbd-b0c6-a8e36fcecb0a: addNew group-6FA31BFFAA0B:[4f7802c6-3418-4fbd-b0c6-a8e36fcecb0a:192.168.151.106:42026] returns group-6FA31BFFAA0B:java.util.concurrent.CompletableFuture@7486e17c[Not completed]
2019-09-25 04:50:26,806 [pool-57-thread-1] INFO  impl.RaftServerImpl (RaftServerImpl.java:<init>(95)) - 4f7802c6-3418-4fbd-b0c6-a8e36fcecb0a: new RaftServerImpl for group-6FA31BFFAA0B:[4f7802c6-3418-4fbd-b0c6-a8e36fcecb0a:192.168.151.106:42026] with ContainerStateMachine:uninitialized
2019-09-25 04:50:26,806 [pool-57-thread-1] INFO  server.RaftServerConfigKeys (ConfUtils.java:logGet(43)) - raft.server.rpc.timeout.min = 5s (custom)
2019-09-25 04:50:26,806 [pool-57-thread-1] INFO  server.RaftServerConfigKeys (ConfUtils.java:logGet(43)) - raft.server.rpc.timeout.max = 5200ms (custom)
2019-09-25 04:50:26,807 [pool-57-thread-1] INFO  server.RaftServerConfigKeys (ConfUtils.java:logGet(43)) - raft.server.rpcslowness.timeout = 120s (custom)
2019-09-25 04:50:26,807 [pool-57-thread-1] INFO  server.RaftServerConfigKeys (ConfUtils.java:logGet(43)) - raft.server.sleep.deviation.threshold = 300 (default)
2019-09-25 04:50:26,807 [pool-57-thread-1] INFO  server.RaftServerConfigKeys (ConfUtils.java:logGet(43)) - raft.server.log.appender.install.snapshot.enabled = false (custom)
2019-09-25 04:50:26,807 [pool-57-thread-1] INFO  impl.RaftServerImpl (ServerState.java:<init>(103)) - 4f7802c6-3418-4fbd-b0c6-a8e36fcecb0a@group-6FA31BFFAA0B: ConfigurationManager, init=-1: [4f7802c6-3418-4fbd-b0c6-a8e36fcecb0a:192.168.151.106:42026], old=null, confs=<EMPTY_MAP>
2019-09-25 04:50:26,807 [pool-57-thread-1] INFO  server.RaftServerConfigKeys (ConfUtils.java:logGet(43)) - raft.server.storage.dir = [/workdir/hadoop-ozone/integration-test/target/test-dir/MiniOzoneClusterImpl-72f6cbb0-c919-4300-9939-20ef1cbf0e73/datanode-3/data/ratis] (custom)
2019-09-25 04:50:26,808 [pool-57-thread-1] INFO  storage.RaftStorageDirectory (RaftStorageDirectory.java:analyzeStorage(246)) - The storage directory /workdir/hadoop-ozone/integration-test/target/test-dir/MiniOzoneClusterImpl-72f6cbb0-c919-4300-9939-20ef1cbf0e73/datanode-3/data/ratis/bf88508a-7095-41d7-8e46-6fa31bffaa0b does not exist. Creating ...
2019-09-25 04:50:26,809 [Thread-238] INFO  container.ReplicationManager (ReplicationManager.java:start(163)) - Starting Replication Monitor Thread.
2019-09-25 04:50:26,822 [pool-57-thread-1] INFO  storage.RaftStorageDirectory (RaftStorageDirectory.java:tryLock(328)) - Lock on /workdir/hadoop-ozone/integration-test/target/test-dir/MiniOzoneClusterImpl-72f6cbb0-c919-4300-9939-20ef1cbf0e73/datanode-3/data/ratis/bf88508a-7095-41d7-8e46-6fa31bffaa0b/in_use.lock acquired by nodename 13648@pr-hdds-1569-x2sr2-3486766547
2019-09-25 04:50:26,835 [pool-57-thread-1] INFO  storage.RaftStorage (RaftStorage.java:format(72)) - Storage directory /workdir/hadoop-ozone/integration-test/target/test-dir/MiniOzoneClusterImpl-72f6cbb0-c919-4300-9939-20ef1cbf0e73/datanode-3/data/ratis/bf88508a-7095-41d7-8e46-6fa31bffaa0b has been successfully formatted.
2019-09-25 04:50:26,835 [pool-57-thread-1] INFO  ratis.ContainerStateMachine (ContainerStateMachine.java:loadSnapshot(230)) - group-6FA31BFFAA0B: The snapshot info is null. Setting the last applied indexto:(t:0, i:~)
2019-09-25 04:50:26,836 [pool-57-thread-1] INFO  server.RaftServerConfigKeys (ConfUtils.java:logGet(43)) - raft.server.notification.no-leader.timeout = 120s (custom)
2019-09-25 04:50:26,836 [pool-57-thread-1] INFO  server.RaftServerConfigKeys (ConfUtils.java:logGet(43)) - raft.server.log.use.memory = false (default)
2019-09-25 04:50:26,836 [pool-57-thread-1] INFO  server.RaftServerConfigKeys (ConfUtils.java:logGet(43)) - raft.server.log.purge.gap = 1000000 (custom)
2019-09-25 04:50:26,836 [pool-57-thread-1] INFO  server.RaftServerConfigKeys (ConfUtils.java:logGet(43)) - raft.server.log.appender.buffer.byte-limit = 33554432 (custom)
2019-09-25 04:50:26,837 [pool-57-thread-1] INFO  server.RaftServerConfigKeys (ConfUtils.java:logGet(43)) - raft.server.log.segment.size.max = 1048576 (custom)
2019-09-25 04:50:26,837 [pool-57-thread-1] INFO  server.RaftServerConfigKeys (ConfUtils.java:logGet(43)) - raft.server.log.segment.cache.num.max = 2 (custom)
2019-09-25 04:50:26,837 [pool-57-thread-1] INFO  segmented.SegmentedRaftLogWorker (SegmentedRaftLogWorker.java:<init>(172)) - new 4f7802c6-3418-4fbd-b0c6-a8e36fcecb0a@group-6FA31BFFAA0B-SegmentedRaftLogWorker for RaftStorage:Storage Directory /workdir/hadoop-ozone/integration-test/target/test-dir/MiniOzoneClusterImpl-72f6cbb0-c919-4300-9939-20ef1cbf0e73/datanode-3/data/ratis/bf88508a-7095-41d7-8e46-6fa31bffaa0b
2019-09-25 04:50:26,837 [pool-57-thread-1] INFO  server.RaftServerConfigKeys (ConfUtils.java:logGet(43)) - raft.server.log.queue.byte-limit = 2147483647 (custom)
2019-09-25 04:50:26,837 [pool-57-thread-1] INFO  server.RaftServerConfigKeys (ConfUtils.java:logGet(43)) - raft.server.log.queue.element-limit = 1024 (custom)
2019-09-25 04:50:26,838 [pool-57-thread-1] INFO  server.RaftServerConfigKeys (ConfUtils.java:logGet(43)) - raft.server.log.segment.size.max = 1048576 (custom)
2019-09-25 04:50:26,838 [pool-57-thread-1] INFO  server.RaftServerConfigKeys (ConfUtils.java:logGet(43)) - raft.server.log.preallocated.size = 16384 (custom)
2019-09-25 04:50:26,838 [pool-57-thread-1] INFO  server.RaftServerConfigKeys (ConfUtils.java:logGet(43)) - raft.server.log.write.buffer.size = 33554432 (custom)
2019-09-25 04:50:26,838 [pool-57-thread-1] INFO  server.RaftServerConfigKeys (ConfUtils.java:logGet(43)) - raft.server.log.force.sync.num = 128 (default)
2019-09-25 04:50:26,838 [pool-57-thread-1] INFO  server.RaftServerConfigKeys (ConfUtils.java:logGet(43)) - raft.server.log.statemachine.data.sync = true (default)
2019-09-25 04:50:26,838 [pool-57-thread-1] INFO  server.RaftServerConfigKeys (ConfUtils.java:logGet(43)) - raft.server.log.statemachine.data.sync.timeout = 10s (default)
2019-09-25 04:50:26,839 [pool-57-thread-1] INFO  server.RaftServerConfigKeys (ConfUtils.java:logGet(43)) - raft.server.log.statemachine.data.sync.timeout.retry = -1 (default)
2019-09-25 04:50:26,839 [pool-57-thread-1] INFO  server.RaftServerConfigKeys (ConfUtils.java:logGet(43)) - raft.server.log.statemachine.data.caching.enabled = true (custom)
2019-09-25 04:50:26,839 [pool-57-thread-1] INFO  segmented.SegmentedRaftLogWorker (SegmentedRaftLogWorker.java:lambda$new$0(132)) - 4f7802c6-3418-4fbd-b0c6-a8e36fcecb0a@group-6FA31BFFAA0B-SegmentedRaftLogWorker: flushIndex: setUnconditionally 0 -> -1
2019-09-25 04:50:26,840 [pool-57-thread-1] INFO  server.RaftServerConfigKeys (ConfUtils.java:logGet(43)) - raft.server.snapshot.auto.trigger.enabled = true (custom)
2019-09-25 04:50:26,840 [pool-57-thread-1] INFO  server.RaftServerConfigKeys (ConfUtils.java:logGet(43)) - raft.server.snapshot.auto.trigger.threshold = 10000 (custom)
2019-09-25 04:50:26,840 [pool-57-thread-1] INFO  server.RaftServerConfigKeys (ConfUtils.java:logGet(43)) - raft.server.snapshot.retention.num.files = 5 (custom)
2019-09-25 04:50:26,840 [pool-57-thread-1] INFO  server.RaftServerConfigKeys (ConfUtils.java:logGet(43)) - raft.server.retrycache.expirytime = 600000ms (custom)
2019-09-25 04:50:26,844 [pool-57-thread-1] INFO  impl.RaftServerImpl (RaftServerImpl.java:start(185)) - 4f7802c6-3418-4fbd-b0c6-a8e36fcecb0a@group-6FA31BFFAA0B: start as a follower, conf=-1: [4f7802c6-3418-4fbd-b0c6-a8e36fcecb0a:192.168.151.106:42026], old=null
2019-09-25 04:50:26,844 [pool-57-thread-1] INFO  impl.RaftServerImpl (RaftServerImpl.java:setRole(174)) - 4f7802c6-3418-4fbd-b0c6-a8e36fcecb0a@group-6FA31BFFAA0B: changes role from      null to FOLLOWER at term 0 for startAsFollower
2019-09-25 04:50:26,845 [pool-57-thread-1] INFO  impl.RoleInfo (RoleInfo.java:updateAndGet(143)) - 4f7802c6-3418-4fbd-b0c6-a8e36fcecb0a: start FollowerState
2019-09-25 04:50:26,845 [pool-57-thread-1] INFO  util.JmxRegister (JmxRegister.java:tryRegister(44)) - Successfully registered JMX Bean with object name Ratis:service=RaftServer,group=group-6FA31BFFAA0B,id=4f7802c6-3418-4fbd-b0c6-a8e36fcecb0a
2019-09-25 04:50:26,852 [RatisPipelineUtilsThread] INFO  pipeline.PipelineStateManager (PipelineStateManager.java:addPipeline(56)) - Created pipeline Pipeline[ Id: bf88508a-7095-41d7-8e46-6fa31bffaa0b, Nodes: 4f7802c6-3418-4fbd-b0c6-a8e36fcecb0a{ip: 192.168.151.106, host: pr-hdds-1569-x2sr2-3486766547, networkLocation: /default-rack, certSerialId: null}, Type:RATIS, Factor:ONE, State:OPEN]
2019-09-25 04:50:26,863 [grpc-default-executor-0] INFO  impl.RaftServerProxy (RaftServerProxy.java:addNew(89)) - 9216b865-ce6b-4fb7-bc99-65479a86b6eb: addNew group-200A6D279917:[9216b865-ce6b-4fb7-bc99-65479a86b6eb:192.168.151.106:43252] returns group-200A6D279917:java.util.concurrent.CompletableFuture@6469e78e[Not completed]
2019-09-25 04:50:26,866 [pool-77-thread-1] INFO  impl.RaftServerImpl (RaftServerImpl.java:<init>(95)) - 9216b865-ce6b-4fb7-bc99-65479a86b6eb: new RaftServerImpl for group-200A6D279917:[9216b865-ce6b-4fb7-bc99-65479a86b6eb:192.168.151.106:43252] with ContainerStateMachine:uninitialized
2019-09-25 04:50:26,866 [pool-77-thread-1] INFO  server.RaftServerConfigKeys (ConfUtils.java:logGet(43)) - raft.server.rpc.timeout.min = 5s (custom)
2019-09-25 04:50:26,867 [pool-77-thread-1] INFO  server.RaftServerConfigKeys (ConfUtils.java:logGet(43)) - raft.server.rpc.timeout.max = 5200ms (custom)
2019-09-25 04:50:26,867 [pool-77-thread-1] INFO  server.RaftServerConfigKeys (ConfUtils.java:logGet(43)) - raft.server.rpcslowness.timeout = 120s (custom)
2019-09-25 04:50:26,867 [pool-77-thread-1] INFO  server.RaftServerConfigKeys (ConfUtils.java:logGet(43)) - raft.server.sleep.deviation.threshold = 300 (default)
2019-09-25 04:50:26,867 [pool-77-thread-1] INFO  server.RaftServerConfigKeys (ConfUtils.java:logGet(43)) - raft.server.log.appender.install.snapshot.enabled = false (custom)
2019-09-25 04:50:26,867 [pool-77-thread-1] INFO  impl.RaftServerImpl (ServerState.java:<init>(103)) - 9216b865-ce6b-4fb7-bc99-65479a86b6eb@group-200A6D279917: ConfigurationManager, init=-1: [9216b865-ce6b-4fb7-bc99-65479a86b6eb:192.168.151.106:43252], old=null, confs=<EMPTY_MAP>
2019-09-25 04:50:26,868 [pool-77-thread-1] INFO  server.RaftServerConfigKeys (ConfUtils.java:logGet(43)) - raft.server.storage.dir = [/workdir/hadoop-ozone/integration-test/target/test-dir/MiniOzoneClusterImpl-72f6cbb0-c919-4300-9939-20ef1cbf0e73/datanode-5/data/ratis] (custom)
2019-09-25 04:50:26,868 [pool-77-thread-1] INFO  storage.RaftStorageDirectory (RaftStorageDirectory.java:analyzeStorage(246)) - The storage directory /workdir/hadoop-ozone/integration-test/target/test-dir/MiniOzoneClusterImpl-72f6cbb0-c919-4300-9939-20ef1cbf0e73/datanode-5/data/ratis/66ff5676-6743-43ab-8888-200a6d279917 does not exist. Creating ...
2019-09-25 04:50:26,881 [pool-77-thread-1] INFO  storage.RaftStorageDirectory (RaftStorageDirectory.java:tryLock(328)) - Lock on /workdir/hadoop-ozone/integration-test/target/test-dir/MiniOzoneClusterImpl-72f6cbb0-c919-4300-9939-20ef1cbf0e73/datanode-5/data/ratis/66ff5676-6743-43ab-8888-200a6d279917/in_use.lock acquired by nodename 13648@pr-hdds-1569-x2sr2-3486766547
2019-09-25 04:50:26,894 [pool-77-thread-1] INFO  storage.RaftStorage (RaftStorage.java:format(72)) - Storage directory /workdir/hadoop-ozone/integration-test/target/test-dir/MiniOzoneClusterImpl-72f6cbb0-c919-4300-9939-20ef1cbf0e73/datanode-5/data/ratis/66ff5676-6743-43ab-8888-200a6d279917 has been successfully formatted.
2019-09-25 04:50:26,895 [pool-77-thread-1] INFO  ratis.ContainerStateMachine (ContainerStateMachine.java:loadSnapshot(230)) - group-200A6D279917: The snapshot info is null. Setting the last applied indexto:(t:0, i:~)
2019-09-25 04:50:26,895 [pool-77-thread-1] INFO  server.RaftServerConfigKeys (ConfUtils.java:logGet(43)) - raft.server.notification.no-leader.timeout = 120s (custom)
2019-09-25 04:50:26,895 [pool-77-thread-1] INFO  server.RaftServerConfigKeys (ConfUtils.java:logGet(43)) - raft.server.log.use.memory = false (default)
2019-09-25 04:50:26,895 [pool-77-thread-1] INFO  server.RaftServerConfigKeys (ConfUtils.java:logGet(43)) - raft.server.log.purge.gap = 1000000 (custom)
2019-09-25 04:50:26,895 [pool-77-thread-1] INFO  server.RaftServerConfigKeys (ConfUtils.java:logGet(43)) - raft.server.log.appender.buffer.byte-limit = 33554432 (custom)
2019-09-25 04:50:26,895 [pool-77-thread-1] INFO  server.RaftServerConfigKeys (ConfUtils.java:logGet(43)) - raft.server.log.segment.size.max = 1048576 (custom)
2019-09-25 04:50:26,896 [pool-77-thread-1] INFO  server.RaftServerConfigKeys (ConfUtils.java:logGet(43)) - raft.server.log.segment.cache.num.max = 2 (custom)
2019-09-25 04:50:26,896 [pool-77-thread-1] INFO  segmented.SegmentedRaftLogWorker (SegmentedRaftLogWorker.java:<init>(172)) - new 9216b865-ce6b-4fb7-bc99-65479a86b6eb@group-200A6D279917-SegmentedRaftLogWorker for RaftStorage:Storage Directory /workdir/hadoop-ozone/integration-test/target/test-dir/MiniOzoneClusterImpl-72f6cbb0-c919-4300-9939-20ef1cbf0e73/datanode-5/data/ratis/66ff5676-6743-43ab-8888-200a6d279917
2019-09-25 04:50:26,896 [pool-77-thread-1] INFO  server.RaftServerConfigKeys (ConfUtils.java:logGet(43)) - raft.server.log.queue.byte-limit = 2147483647 (custom)
2019-09-25 04:50:26,896 [pool-77-thread-1] INFO  server.RaftServerConfigKeys (ConfUtils.java:logGet(43)) - raft.server.log.queue.element-limit = 1024 (custom)
2019-09-25 04:50:26,896 [pool-77-thread-1] INFO  server.RaftServerConfigKeys (ConfUtils.java:logGet(43)) - raft.server.log.segment.size.max = 1048576 (custom)
2019-09-25 04:50:26,897 [pool-77-thread-1] INFO  server.RaftServerConfigKeys (ConfUtils.java:logGet(43)) - raft.server.log.preallocated.size = 16384 (custom)
2019-09-25 04:50:26,897 [pool-77-thread-1] INFO  server.RaftServerConfigKeys (ConfUtils.java:logGet(43)) - raft.server.log.write.buffer.size = 33554432 (custom)
2019-09-25 04:50:26,897 [pool-77-thread-1] INFO  server.RaftServerConfigKeys (ConfUtils.java:logGet(43)) - raft.server.log.force.sync.num = 128 (default)
2019-09-25 04:50:26,897 [pool-77-thread-1] INFO  server.RaftServerConfigKeys (ConfUtils.java:logGet(43)) - raft.server.log.statemachine.data.sync = true (default)
2019-09-25 04:50:26,897 [pool-77-thread-1] INFO  server.RaftServerConfigKeys (ConfUtils.java:logGet(43)) - raft.server.log.statemachine.data.sync.timeout = 10s (default)
2019-09-25 04:50:26,897 [pool-77-thread-1] INFO  server.RaftServerConfigKeys (ConfUtils.java:logGet(43)) - raft.server.log.statemachine.data.sync.timeout.retry = -1 (default)
2019-09-25 04:50:26,898 [pool-77-thread-1] INFO  server.RaftServerConfigKeys (ConfUtils.java:logGet(43)) - raft.server.log.statemachine.data.caching.enabled = true (custom)
2019-09-25 04:50:26,898 [pool-77-thread-1] INFO  segmented.SegmentedRaftLogWorker (SegmentedRaftLogWorker.java:lambda$new$0(132)) - 9216b865-ce6b-4fb7-bc99-65479a86b6eb@group-200A6D279917-SegmentedRaftLogWorker: flushIndex: setUnconditionally 0 -> -1
2019-09-25 04:50:26,898 [pool-77-thread-1] INFO  server.RaftServerConfigKeys (ConfUtils.java:logGet(43)) - raft.server.snapshot.auto.trigger.enabled = true (custom)
2019-09-25 04:50:26,898 [pool-77-thread-1] INFO  server.RaftServerConfigKeys (ConfUtils.java:logGet(43)) - raft.server.snapshot.auto.trigger.threshold = 10000 (custom)
2019-09-25 04:50:26,899 [pool-77-thread-1] INFO  server.RaftServerConfigKeys (ConfUtils.java:logGet(43)) - raft.server.snapshot.retention.num.files = 5 (custom)
2019-09-25 04:50:26,899 [pool-77-thread-1] INFO  server.RaftServerConfigKeys (ConfUtils.java:logGet(43)) - raft.server.retrycache.expirytime = 600000ms (custom)
2019-09-25 04:50:26,902 [pool-77-thread-1] INFO  impl.RaftServerImpl (RaftServerImpl.java:start(185)) - 9216b865-ce6b-4fb7-bc99-65479a86b6eb@group-200A6D279917: start as a follower, conf=-1: [9216b865-ce6b-4fb7-bc99-65479a86b6eb:192.168.151.106:43252], old=null
2019-09-25 04:50:26,902 [pool-77-thread-1] INFO  impl.RaftServerImpl (RaftServerImpl.java:setRole(174)) - 9216b865-ce6b-4fb7-bc99-65479a86b6eb@group-200A6D279917: changes role from      null to FOLLOWER at term 0 for startAsFollower
2019-09-25 04:50:26,903 [pool-77-thread-1] INFO  impl.RoleInfo (RoleInfo.java:updateAndGet(143)) - 9216b865-ce6b-4fb7-bc99-65479a86b6eb: start FollowerState
2019-09-25 04:50:26,903 [pool-77-thread-1] INFO  util.JmxRegister (JmxRegister.java:tryRegister(44)) - Successfully registered JMX Bean with object name Ratis:service=RaftServer,group=group-200A6D279917,id=9216b865-ce6b-4fb7-bc99-65479a86b6eb
2019-09-25 04:50:26,909 [RatisPipelineUtilsThread] INFO  pipeline.PipelineStateManager (PipelineStateManager.java:addPipeline(56)) - Created pipeline Pipeline[ Id: 66ff5676-6743-43ab-8888-200a6d279917, Nodes: 9216b865-ce6b-4fb7-bc99-65479a86b6eb{ip: 192.168.151.106, host: pr-hdds-1569-x2sr2-3486766547, networkLocation: /default-rack, certSerialId: null}, Type:RATIS, Factor:ONE, State:OPEN]
2019-09-25 04:50:26,920 [grpc-default-executor-0] INFO  impl.RaftServerProxy (RaftServerProxy.java:addNew(89)) - 45f1801e-7cfd-420a-bb39-98f19dcc81c3: addNew group-F1485DBA88AA:[45f1801e-7cfd-420a-bb39-98f19dcc81c3:192.168.151.106:38437] returns group-F1485DBA88AA:java.util.concurrent.CompletableFuture@71ceb52e[Not completed]
2019-09-25 04:50:26,922 [pool-87-thread-1] INFO  impl.RaftServerImpl (RaftServerImpl.java:<init>(95)) - 45f1801e-7cfd-420a-bb39-98f19dcc81c3: new RaftServerImpl for group-F1485DBA88AA:[45f1801e-7cfd-420a-bb39-98f19dcc81c3:192.168.151.106:38437] with ContainerStateMachine:uninitialized
2019-09-25 04:50:26,922 [pool-87-thread-1] INFO  server.RaftServerConfigKeys (ConfUtils.java:logGet(43)) - raft.server.rpc.timeout.min = 5s (custom)
2019-09-25 04:50:26,922 [pool-87-thread-1] INFO  server.RaftServerConfigKeys (ConfUtils.java:logGet(43)) - raft.server.rpc.timeout.max = 5200ms (custom)
2019-09-25 04:50:26,922 [pool-87-thread-1] INFO  server.RaftServerConfigKeys (ConfUtils.java:logGet(43)) - raft.server.rpcslowness.timeout = 120s (custom)
2019-09-25 04:50:26,923 [pool-87-thread-1] INFO  server.RaftServerConfigKeys (ConfUtils.java:logGet(43)) - raft.server.sleep.deviation.threshold = 300 (default)
2019-09-25 04:50:26,923 [pool-87-thread-1] INFO  server.RaftServerConfigKeys (ConfUtils.java:logGet(43)) - raft.server.log.appender.install.snapshot.enabled = false (custom)
2019-09-25 04:50:26,923 [pool-87-thread-1] INFO  impl.RaftServerImpl (ServerState.java:<init>(103)) - 45f1801e-7cfd-420a-bb39-98f19dcc81c3@group-F1485DBA88AA: ConfigurationManager, init=-1: [45f1801e-7cfd-420a-bb39-98f19dcc81c3:192.168.151.106:38437], old=null, confs=<EMPTY_MAP>
2019-09-25 04:50:26,923 [pool-87-thread-1] INFO  server.RaftServerConfigKeys (ConfUtils.java:logGet(43)) - raft.server.storage.dir = [/workdir/hadoop-ozone/integration-test/target/test-dir/MiniOzoneClusterImpl-72f6cbb0-c919-4300-9939-20ef1cbf0e73/datanode-6/data/ratis] (custom)
2019-09-25 04:50:26,924 [pool-87-thread-1] INFO  storage.RaftStorageDirectory (RaftStorageDirectory.java:analyzeStorage(246)) - The storage directory /workdir/hadoop-ozone/integration-test/target/test-dir/MiniOzoneClusterImpl-72f6cbb0-c919-4300-9939-20ef1cbf0e73/datanode-6/data/ratis/15685ce3-b6a6-41f7-b6b6-f1485dba88aa does not exist. Creating ...
2019-09-25 04:50:26,938 [pool-87-thread-1] INFO  storage.RaftStorageDirectory (RaftStorageDirectory.java:tryLock(328)) - Lock on /workdir/hadoop-ozone/integration-test/target/test-dir/MiniOzoneClusterImpl-72f6cbb0-c919-4300-9939-20ef1cbf0e73/datanode-6/data/ratis/15685ce3-b6a6-41f7-b6b6-f1485dba88aa/in_use.lock acquired by nodename 13648@pr-hdds-1569-x2sr2-3486766547
2019-09-25 04:50:26,951 [pool-87-thread-1] INFO  storage.RaftStorage (RaftStorage.java:format(72)) - Storage directory /workdir/hadoop-ozone/integration-test/target/test-dir/MiniOzoneClusterImpl-72f6cbb0-c919-4300-9939-20ef1cbf0e73/datanode-6/data/ratis/15685ce3-b6a6-41f7-b6b6-f1485dba88aa has been successfully formatted.
2019-09-25 04:50:26,952 [pool-87-thread-1] INFO  ratis.ContainerStateMachine (ContainerStateMachine.java:loadSnapshot(230)) - group-F1485DBA88AA: The snapshot info is null. Setting the last applied indexto:(t:0, i:~)
2019-09-25 04:50:26,952 [pool-87-thread-1] INFO  server.RaftServerConfigKeys (ConfUtils.java:logGet(43)) - raft.server.notification.no-leader.timeout = 120s (custom)
2019-09-25 04:50:26,952 [pool-87-thread-1] INFO  server.RaftServerConfigKeys (ConfUtils.java:logGet(43)) - raft.server.log.use.memory = false (default)
2019-09-25 04:50:26,952 [pool-87-thread-1] INFO  server.RaftServerConfigKeys (ConfUtils.java:logGet(43)) - raft.server.log.purge.gap = 1000000 (custom)
2019-09-25 04:50:26,952 [pool-87-thread-1] INFO  server.RaftServerConfigKeys (ConfUtils.java:logGet(43)) - raft.server.log.appender.buffer.byte-limit = 33554432 (custom)
2019-09-25 04:50:26,952 [pool-87-thread-1] INFO  server.RaftServerConfigKeys (ConfUtils.java:logGet(43)) - raft.server.log.segment.size.max = 1048576 (custom)
2019-09-25 04:50:26,953 [pool-87-thread-1] INFO  server.RaftServerConfigKeys (ConfUtils.java:logGet(43)) - raft.server.log.segment.cache.num.max = 2 (custom)
2019-09-25 04:50:26,953 [pool-87-thread-1] INFO  segmented.SegmentedRaftLogWorker (SegmentedRaftLogWorker.java:<init>(172)) - new 45f1801e-7cfd-420a-bb39-98f19dcc81c3@group-F1485DBA88AA-SegmentedRaftLogWorker for RaftStorage:Storage Directory /workdir/hadoop-ozone/integration-test/target/test-dir/MiniOzoneClusterImpl-72f6cbb0-c919-4300-9939-20ef1cbf0e73/datanode-6/data/ratis/15685ce3-b6a6-41f7-b6b6-f1485dba88aa
2019-09-25 04:50:26,953 [pool-87-thread-1] INFO  server.RaftServerConfigKeys (ConfUtils.java:logGet(43)) - raft.server.log.queue.byte-limit = 2147483647 (custom)
2019-09-25 04:50:26,953 [pool-87-thread-1] INFO  server.RaftServerConfigKeys (ConfUtils.java:logGet(43)) - raft.server.log.queue.element-limit = 1024 (custom)
2019-09-25 04:50:26,953 [pool-87-thread-1] INFO  server.RaftServerConfigKeys (ConfUtils.java:logGet(43)) - raft.server.log.segment.size.max = 1048576 (custom)
2019-09-25 04:50:26,953 [pool-87-thread-1] INFO  server.RaftServerConfigKeys (ConfUtils.java:logGet(43)) - raft.server.log.preallocated.size = 16384 (custom)
2019-09-25 04:50:26,954 [pool-87-thread-1] INFO  server.RaftServerConfigKeys (ConfUtils.java:logGet(43)) - raft.server.log.write.buffer.size = 33554432 (custom)
2019-09-25 04:50:26,954 [pool-87-thread-1] INFO  server.RaftServerConfigKeys (ConfUtils.java:logGet(43)) - raft.server.log.force.sync.num = 128 (default)
2019-09-25 04:50:26,954 [pool-87-thread-1] INFO  server.RaftServerConfigKeys (ConfUtils.java:logGet(43)) - raft.server.log.statemachine.data.sync = true (default)
2019-09-25 04:50:26,954 [pool-87-thread-1] INFO  server.RaftServerConfigKeys (ConfUtils.java:logGet(43)) - raft.server.log.statemachine.data.sync.timeout = 10s (default)
2019-09-25 04:50:26,954 [pool-87-thread-1] INFO  server.RaftServerConfigKeys (ConfUtils.java:logGet(43)) - raft.server.log.statemachine.data.sync.timeout.retry = -1 (default)
2019-09-25 04:50:26,954 [pool-87-thread-1] INFO  server.RaftServerConfigKeys (ConfUtils.java:logGet(43)) - raft.server.log.statemachine.data.caching.enabled = true (custom)
2019-09-25 04:50:26,955 [pool-87-thread-1] INFO  segmented.SegmentedRaftLogWorker (SegmentedRaftLogWorker.java:lambda$new$0(132)) - 45f1801e-7cfd-420a-bb39-98f19dcc81c3@group-F1485DBA88AA-SegmentedRaftLogWorker: flushIndex: setUnconditionally 0 -> -1
2019-09-25 04:50:26,955 [pool-87-thread-1] INFO  server.RaftServerConfigKeys (ConfUtils.java:logGet(43)) - raft.server.snapshot.auto.trigger.enabled = true (custom)
2019-09-25 04:50:26,955 [pool-87-thread-1] INFO  server.RaftServerConfigKeys (ConfUtils.java:logGet(43)) - raft.server.snapshot.auto.trigger.threshold = 10000 (custom)
2019-09-25 04:50:26,956 [pool-87-thread-1] INFO  server.RaftServerConfigKeys (ConfUtils.java:logGet(43)) - raft.server.snapshot.retention.num.files = 5 (custom)
2019-09-25 04:50:26,956 [pool-87-thread-1] INFO  server.RaftServerConfigKeys (ConfUtils.java:logGet(43)) - raft.server.retrycache.expirytime = 600000ms (custom)
2019-09-25 04:50:26,959 [pool-87-thread-1] INFO  impl.RaftServerImpl (RaftServerImpl.java:start(185)) - 45f1801e-7cfd-420a-bb39-98f19dcc81c3@group-F1485DBA88AA: start as a follower, conf=-1: [45f1801e-7cfd-420a-bb39-98f19dcc81c3:192.168.151.106:38437], old=null
2019-09-25 04:50:26,959 [pool-87-thread-1] INFO  impl.RaftServerImpl (RaftServerImpl.java:setRole(174)) - 45f1801e-7cfd-420a-bb39-98f19dcc81c3@group-F1485DBA88AA: changes role from      null to FOLLOWER at term 0 for startAsFollower
2019-09-25 04:50:26,959 [pool-87-thread-1] INFO  impl.RoleInfo (RoleInfo.java:updateAndGet(143)) - 45f1801e-7cfd-420a-bb39-98f19dcc81c3: start FollowerState
2019-09-25 04:50:26,960 [pool-87-thread-1] INFO  util.JmxRegister (JmxRegister.java:tryRegister(44)) - Successfully registered JMX Bean with object name Ratis:service=RaftServer,group=group-F1485DBA88AA,id=45f1801e-7cfd-420a-bb39-98f19dcc81c3
2019-09-25 04:50:26,965 [RatisPipelineUtilsThread] INFO  pipeline.PipelineStateManager (PipelineStateManager.java:addPipeline(56)) - Created pipeline Pipeline[ Id: 15685ce3-b6a6-41f7-b6b6-f1485dba88aa, Nodes: 45f1801e-7cfd-420a-bb39-98f19dcc81c3{ip: 192.168.151.106, host: pr-hdds-1569-x2sr2-3486766547, networkLocation: /default-rack, certSerialId: null}, Type:RATIS, Factor:ONE, State:OPEN]
2019-09-25 04:50:26,974 [grpc-default-executor-0] INFO  impl.RaftServerProxy (RaftServerProxy.java:addNew(89)) - 9216b865-ce6b-4fb7-bc99-65479a86b6eb: addNew group-AF3CD6006084:[9216b865-ce6b-4fb7-bc99-65479a86b6eb:192.168.151.106:43252] returns group-AF3CD6006084:java.util.concurrent.CompletableFuture@42fe8429[Not completed]
2019-09-25 04:50:26,977 [pool-77-thread-1] INFO  impl.RaftServerImpl (RaftServerImpl.java:<init>(95)) - 9216b865-ce6b-4fb7-bc99-65479a86b6eb: new RaftServerImpl for group-AF3CD6006084:[9216b865-ce6b-4fb7-bc99-65479a86b6eb:192.168.151.106:43252] with ContainerStateMachine:uninitialized
2019-09-25 04:50:26,978 [pool-77-thread-1] INFO  server.RaftServerConfigKeys (ConfUtils.java:logGet(43)) - raft.server.rpc.timeout.min = 5s (custom)
2019-09-25 04:50:26,978 [pool-77-thread-1] INFO  server.RaftServerConfigKeys (ConfUtils.java:logGet(43)) - raft.server.rpc.timeout.max = 5200ms (custom)
2019-09-25 04:50:26,978 [pool-77-thread-1] INFO  server.RaftServerConfigKeys (ConfUtils.java:logGet(43)) - raft.server.rpcslowness.timeout = 120s (custom)
2019-09-25 04:50:26,978 [pool-77-thread-1] INFO  server.RaftServerConfigKeys (ConfUtils.java:logGet(43)) - raft.server.sleep.deviation.threshold = 300 (default)
2019-09-25 04:50:26,978 [pool-77-thread-1] INFO  server.RaftServerConfigKeys (ConfUtils.java:logGet(43)) - raft.server.log.appender.install.snapshot.enabled = false (custom)
2019-09-25 04:50:26,978 [pool-77-thread-1] INFO  impl.RaftServerImpl (ServerState.java:<init>(103)) - 9216b865-ce6b-4fb7-bc99-65479a86b6eb@group-AF3CD6006084: ConfigurationManager, init=-1: [9216b865-ce6b-4fb7-bc99-65479a86b6eb:192.168.151.106:43252], old=null, confs=<EMPTY_MAP>
2019-09-25 04:50:26,979 [pool-77-thread-1] INFO  server.RaftServerConfigKeys (ConfUtils.java:logGet(43)) - raft.server.storage.dir = [/workdir/hadoop-ozone/integration-test/target/test-dir/MiniOzoneClusterImpl-72f6cbb0-c919-4300-9939-20ef1cbf0e73/datanode-5/data/ratis] (custom)
2019-09-25 04:50:26,979 [pool-77-thread-1] INFO  storage.RaftStorageDirectory (RaftStorageDirectory.java:analyzeStorage(246)) - The storage directory /workdir/hadoop-ozone/integration-test/target/test-dir/MiniOzoneClusterImpl-72f6cbb0-c919-4300-9939-20ef1cbf0e73/datanode-5/data/ratis/9384a675-9bd3-4db2-9840-af3cd6006084 does not exist. Creating ...
2019-09-25 04:50:26,992 [pool-77-thread-1] INFO  storage.RaftStorageDirectory (RaftStorageDirectory.java:tryLock(328)) - Lock on /workdir/hadoop-ozone/integration-test/target/test-dir/MiniOzoneClusterImpl-72f6cbb0-c919-4300-9939-20ef1cbf0e73/datanode-5/data/ratis/9384a675-9bd3-4db2-9840-af3cd6006084/in_use.lock acquired by nodename 13648@pr-hdds-1569-x2sr2-3486766547
2019-09-25 04:50:27,005 [pool-77-thread-1] INFO  storage.RaftStorage (RaftStorage.java:format(72)) - Storage directory /workdir/hadoop-ozone/integration-test/target/test-dir/MiniOzoneClusterImpl-72f6cbb0-c919-4300-9939-20ef1cbf0e73/datanode-5/data/ratis/9384a675-9bd3-4db2-9840-af3cd6006084 has been successfully formatted.
2019-09-25 04:50:27,005 [pool-77-thread-1] INFO  ratis.ContainerStateMachine (ContainerStateMachine.java:loadSnapshot(230)) - group-AF3CD6006084: The snapshot info is null. Setting the last applied indexto:(t:0, i:~)
2019-09-25 04:50:27,006 [pool-77-thread-1] INFO  server.RaftServerConfigKeys (ConfUtils.java:logGet(43)) - raft.server.notification.no-leader.timeout = 120s (custom)
2019-09-25 04:50:27,006 [pool-77-thread-1] INFO  server.RaftServerConfigKeys (ConfUtils.java:logGet(43)) - raft.server.log.use.memory = false (default)
2019-09-25 04:50:27,006 [pool-77-thread-1] INFO  server.RaftServerConfigKeys (ConfUtils.java:logGet(43)) - raft.server.log.purge.gap = 1000000 (custom)
2019-09-25 04:50:27,006 [pool-77-thread-1] INFO  server.RaftServerConfigKeys (ConfUtils.java:logGet(43)) - raft.server.log.appender.buffer.byte-limit = 33554432 (custom)
2019-09-25 04:50:27,006 [pool-77-thread-1] INFO  server.RaftServerConfigKeys (ConfUtils.java:logGet(43)) - raft.server.log.segment.size.max = 1048576 (custom)
2019-09-25 04:50:27,007 [pool-77-thread-1] INFO  server.RaftServerConfigKeys (ConfUtils.java:logGet(43)) - raft.server.log.segment.cache.num.max = 2 (custom)
2019-09-25 04:50:27,007 [pool-77-thread-1] INFO  segmented.SegmentedRaftLogWorker (SegmentedRaftLogWorker.java:<init>(172)) - new 9216b865-ce6b-4fb7-bc99-65479a86b6eb@group-AF3CD6006084-SegmentedRaftLogWorker for RaftStorage:Storage Directory /workdir/hadoop-ozone/integration-test/target/test-dir/MiniOzoneClusterImpl-72f6cbb0-c919-4300-9939-20ef1cbf0e73/datanode-5/data/ratis/9384a675-9bd3-4db2-9840-af3cd6006084
2019-09-25 04:50:27,007 [pool-77-thread-1] INFO  server.RaftServerConfigKeys (ConfUtils.java:logGet(43)) - raft.server.log.queue.byte-limit = 2147483647 (custom)
2019-09-25 04:50:27,007 [pool-77-thread-1] INFO  server.RaftServerConfigKeys (ConfUtils.java:logGet(43)) - raft.server.log.queue.element-limit = 1024 (custom)
2019-09-25 04:50:27,007 [pool-77-thread-1] INFO  server.RaftServerConfigKeys (ConfUtils.java:logGet(43)) - raft.server.log.segment.size.max = 1048576 (custom)
2019-09-25 04:50:27,008 [pool-77-thread-1] INFO  server.RaftServerConfigKeys (ConfUtils.java:logGet(43)) - raft.server.log.preallocated.size = 16384 (custom)
2019-09-25 04:50:27,008 [pool-77-thread-1] INFO  server.RaftServerConfigKeys (ConfUtils.java:logGet(43)) - raft.server.log.write.buffer.size = 33554432 (custom)
2019-09-25 04:50:27,008 [pool-77-thread-1] INFO  server.RaftServerConfigKeys (ConfUtils.java:logGet(43)) - raft.server.log.force.sync.num = 128 (default)
2019-09-25 04:50:27,008 [pool-77-thread-1] INFO  server.RaftServerConfigKeys (ConfUtils.java:logGet(43)) - raft.server.log.statemachine.data.sync = true (default)
2019-09-25 04:50:27,008 [pool-77-thread-1] INFO  server.RaftServerConfigKeys (ConfUtils.java:logGet(43)) - raft.server.log.statemachine.data.sync.timeout = 10s (default)
2019-09-25 04:50:27,009 [pool-77-thread-1] INFO  server.RaftServerConfigKeys (ConfUtils.java:logGet(43)) - raft.server.log.statemachine.data.sync.timeout.retry = -1 (default)
2019-09-25 04:50:27,009 [pool-77-thread-1] INFO  server.RaftServerConfigKeys (ConfUtils.java:logGet(43)) - raft.server.log.statemachine.data.caching.enabled = true (custom)
2019-09-25 04:50:27,009 [pool-77-thread-1] INFO  segmented.SegmentedRaftLogWorker (SegmentedRaftLogWorker.java:lambda$new$0(132)) - 9216b865-ce6b-4fb7-bc99-65479a86b6eb@group-AF3CD6006084-SegmentedRaftLogWorker: flushIndex: setUnconditionally 0 -> -1
2019-09-25 04:50:27,010 [pool-77-thread-1] INFO  server.RaftServerConfigKeys (ConfUtils.java:logGet(43)) - raft.server.snapshot.auto.trigger.enabled = true (custom)
2019-09-25 04:50:27,010 [pool-77-thread-1] INFO  server.RaftServerConfigKeys (ConfUtils.java:logGet(43)) - raft.server.snapshot.auto.trigger.threshold = 10000 (custom)
2019-09-25 04:50:27,010 [pool-77-thread-1] INFO  server.RaftServerConfigKeys (ConfUtils.java:logGet(43)) - raft.server.snapshot.retention.num.files = 5 (custom)
2019-09-25 04:50:27,010 [pool-77-thread-1] INFO  server.RaftServerConfigKeys (ConfUtils.java:logGet(43)) - raft.server.retrycache.expirytime = 600000ms (custom)
2019-09-25 04:50:27,014 [pool-77-thread-1] INFO  impl.RaftServerImpl (RaftServerImpl.java:start(185)) - 9216b865-ce6b-4fb7-bc99-65479a86b6eb@group-AF3CD6006084: start as a follower, conf=-1: [9216b865-ce6b-4fb7-bc99-65479a86b6eb:192.168.151.106:43252], old=null
2019-09-25 04:50:27,014 [pool-77-thread-1] INFO  impl.RaftServerImpl (RaftServerImpl.java:setRole(174)) - 9216b865-ce6b-4fb7-bc99-65479a86b6eb@group-AF3CD6006084: changes role from      null to FOLLOWER at term 0 for startAsFollower
2019-09-25 04:50:27,014 [pool-77-thread-1] INFO  impl.RoleInfo (RoleInfo.java:updateAndGet(143)) - 9216b865-ce6b-4fb7-bc99-65479a86b6eb: start FollowerState
2019-09-25 04:50:27,015 [pool-77-thread-1] INFO  util.JmxRegister (JmxRegister.java:tryRegister(44)) - Successfully registered JMX Bean with object name Ratis:service=RaftServer,group=group-AF3CD6006084,id=9216b865-ce6b-4fb7-bc99-65479a86b6eb
2019-09-25 04:50:27,020 [RatisPipelineUtilsThread] INFO  pipeline.PipelineStateManager (PipelineStateManager.java:addPipeline(56)) - Created pipeline Pipeline[ Id: 9384a675-9bd3-4db2-9840-af3cd6006084, Nodes: 9216b865-ce6b-4fb7-bc99-65479a86b6eb{ip: 192.168.151.106, host: pr-hdds-1569-x2sr2-3486766547, networkLocation: /default-rack, certSerialId: null}, Type:RATIS, Factor:ONE, State:OPEN]
2019-09-25 04:50:27,031 [grpc-default-executor-0] INFO  impl.RaftServerProxy (RaftServerProxy.java:addNew(89)) - b40ef231-6505-402b-ae57-fc0dc67cbbe8: addNew group-F0B403DD6F76:[b40ef231-6505-402b-ae57-fc0dc67cbbe8:192.168.151.106:41861] returns group-F0B403DD6F76:java.util.concurrent.CompletableFuture@75567f8f[Not completed]
2019-09-25 04:50:27,033 [pool-37-thread-1] INFO  impl.RaftServerImpl (RaftServerImpl.java:<init>(95)) - b40ef231-6505-402b-ae57-fc0dc67cbbe8: new RaftServerImpl for group-F0B403DD6F76:[b40ef231-6505-402b-ae57-fc0dc67cbbe8:192.168.151.106:41861] with ContainerStateMachine:uninitialized
2019-09-25 04:50:27,033 [pool-37-thread-1] INFO  server.RaftServerConfigKeys (ConfUtils.java:logGet(43)) - raft.server.rpc.timeout.min = 5s (custom)
2019-09-25 04:50:27,033 [pool-37-thread-1] INFO  server.RaftServerConfigKeys (ConfUtils.java:logGet(43)) - raft.server.rpc.timeout.max = 5200ms (custom)
2019-09-25 04:50:27,034 [pool-37-thread-1] INFO  server.RaftServerConfigKeys (ConfUtils.java:logGet(43)) - raft.server.rpcslowness.timeout = 120s (custom)
2019-09-25 04:50:27,034 [pool-37-thread-1] INFO  server.RaftServerConfigKeys (ConfUtils.java:logGet(43)) - raft.server.sleep.deviation.threshold = 300 (default)
2019-09-25 04:50:27,034 [pool-37-thread-1] INFO  server.RaftServerConfigKeys (ConfUtils.java:logGet(43)) - raft.server.log.appender.install.snapshot.enabled = false (custom)
2019-09-25 04:50:27,034 [pool-37-thread-1] INFO  impl.RaftServerImpl (ServerState.java:<init>(103)) - b40ef231-6505-402b-ae57-fc0dc67cbbe8@group-F0B403DD6F76: ConfigurationManager, init=-1: [b40ef231-6505-402b-ae57-fc0dc67cbbe8:192.168.151.106:41861], old=null, confs=<EMPTY_MAP>
2019-09-25 04:50:27,034 [pool-37-thread-1] INFO  server.RaftServerConfigKeys (ConfUtils.java:logGet(43)) - raft.server.storage.dir = [/workdir/hadoop-ozone/integration-test/target/test-dir/MiniOzoneClusterImpl-72f6cbb0-c919-4300-9939-20ef1cbf0e73/datanode-1/data/ratis] (custom)
2019-09-25 04:50:27,035 [pool-37-thread-1] INFO  storage.RaftStorageDirectory (RaftStorageDirectory.java:analyzeStorage(246)) - The storage directory /workdir/hadoop-ozone/integration-test/target/test-dir/MiniOzoneClusterImpl-72f6cbb0-c919-4300-9939-20ef1cbf0e73/datanode-1/data/ratis/83627f56-e710-4c4a-bb1c-f0b403dd6f76 does not exist. Creating ...
2019-09-25 04:50:27,047 [pool-37-thread-1] INFO  storage.RaftStorageDirectory (RaftStorageDirectory.java:tryLock(328)) - Lock on /workdir/hadoop-ozone/integration-test/target/test-dir/MiniOzoneClusterImpl-72f6cbb0-c919-4300-9939-20ef1cbf0e73/datanode-1/data/ratis/83627f56-e710-4c4a-bb1c-f0b403dd6f76/in_use.lock acquired by nodename 13648@pr-hdds-1569-x2sr2-3486766547
2019-09-25 04:50:27,060 [pool-37-thread-1] INFO  storage.RaftStorage (RaftStorage.java:format(72)) - Storage directory /workdir/hadoop-ozone/integration-test/target/test-dir/MiniOzoneClusterImpl-72f6cbb0-c919-4300-9939-20ef1cbf0e73/datanode-1/data/ratis/83627f56-e710-4c4a-bb1c-f0b403dd6f76 has been successfully formatted.
2019-09-25 04:50:27,061 [pool-37-thread-1] INFO  ratis.ContainerStateMachine (ContainerStateMachine.java:loadSnapshot(230)) - group-F0B403DD6F76: The snapshot info is null. Setting the last applied indexto:(t:0, i:~)
2019-09-25 04:50:27,061 [pool-37-thread-1] INFO  server.RaftServerConfigKeys (ConfUtils.java:logGet(43)) - raft.server.notification.no-leader.timeout = 120s (custom)
2019-09-25 04:50:27,061 [pool-37-thread-1] INFO  server.RaftServerConfigKeys (ConfUtils.java:logGet(43)) - raft.server.log.use.memory = false (default)
2019-09-25 04:50:27,061 [pool-37-thread-1] INFO  server.RaftServerConfigKeys (ConfUtils.java:logGet(43)) - raft.server.log.purge.gap = 1000000 (custom)
2019-09-25 04:50:27,061 [pool-37-thread-1] INFO  server.RaftServerConfigKeys (ConfUtils.java:logGet(43)) - raft.server.log.appender.buffer.byte-limit = 33554432 (custom)
2019-09-25 04:50:27,061 [pool-37-thread-1] INFO  server.RaftServerConfigKeys (ConfUtils.java:logGet(43)) - raft.server.log.segment.size.max = 1048576 (custom)
2019-09-25 04:50:27,062 [pool-37-thread-1] INFO  server.RaftServerConfigKeys (ConfUtils.java:logGet(43)) - raft.server.log.segment.cache.num.max = 2 (custom)
2019-09-25 04:50:27,062 [pool-37-thread-1] INFO  segmented.SegmentedRaftLogWorker (SegmentedRaftLogWorker.java:<init>(172)) - new b40ef231-6505-402b-ae57-fc0dc67cbbe8@group-F0B403DD6F76-SegmentedRaftLogWorker for RaftStorage:Storage Directory /workdir/hadoop-ozone/integration-test/target/test-dir/MiniOzoneClusterImpl-72f6cbb0-c919-4300-9939-20ef1cbf0e73/datanode-1/data/ratis/83627f56-e710-4c4a-bb1c-f0b403dd6f76
2019-09-25 04:50:27,062 [pool-37-thread-1] INFO  server.RaftServerConfigKeys (ConfUtils.java:logGet(43)) - raft.server.log.queue.byte-limit = 2147483647 (custom)
2019-09-25 04:50:27,062 [pool-37-thread-1] INFO  server.RaftServerConfigKeys (ConfUtils.java:logGet(43)) - raft.server.log.queue.element-limit = 1024 (custom)
2019-09-25 04:50:27,062 [pool-37-thread-1] INFO  server.RaftServerConfigKeys (ConfUtils.java:logGet(43)) - raft.server.log.segment.size.max = 1048576 (custom)
2019-09-25 04:50:27,063 [pool-37-thread-1] INFO  server.RaftServerConfigKeys (ConfUtils.java:logGet(43)) - raft.server.log.preallocated.size = 16384 (custom)
2019-09-25 04:50:27,063 [pool-37-thread-1] INFO  server.RaftServerConfigKeys (ConfUtils.java:logGet(43)) - raft.server.log.write.buffer.size = 33554432 (custom)
2019-09-25 04:50:27,063 [pool-37-thread-1] INFO  server.RaftServerConfigKeys (ConfUtils.java:logGet(43)) - raft.server.log.force.sync.num = 128 (default)
2019-09-25 04:50:27,063 [pool-37-thread-1] INFO  server.RaftServerConfigKeys (ConfUtils.java:logGet(43)) - raft.server.log.statemachine.data.sync = true (default)
2019-09-25 04:50:27,063 [pool-37-thread-1] INFO  server.RaftServerConfigKeys (ConfUtils.java:logGet(43)) - raft.server.log.statemachine.data.sync.timeout = 10s (default)
2019-09-25 04:50:27,063 [pool-37-thread-1] INFO  server.RaftServerConfigKeys (ConfUtils.java:logGet(43)) - raft.server.log.statemachine.data.sync.timeout.retry = -1 (default)
2019-09-25 04:50:27,064 [pool-37-thread-1] INFO  server.RaftServerConfigKeys (ConfUtils.java:logGet(43)) - raft.server.log.statemachine.data.caching.enabled = true (custom)
2019-09-25 04:50:27,064 [pool-37-thread-1] INFO  segmented.SegmentedRaftLogWorker (SegmentedRaftLogWorker.java:lambda$new$0(132)) - b40ef231-6505-402b-ae57-fc0dc67cbbe8@group-F0B403DD6F76-SegmentedRaftLogWorker: flushIndex: setUnconditionally 0 -> -1
2019-09-25 04:50:27,064 [pool-37-thread-1] INFO  server.RaftServerConfigKeys (ConfUtils.java:logGet(43)) - raft.server.snapshot.auto.trigger.enabled = true (custom)
2019-09-25 04:50:27,065 [pool-37-thread-1] INFO  server.RaftServerConfigKeys (ConfUtils.java:logGet(43)) - raft.server.snapshot.auto.trigger.threshold = 10000 (custom)
2019-09-25 04:50:27,065 [pool-37-thread-1] INFO  server.RaftServerConfigKeys (ConfUtils.java:logGet(43)) - raft.server.snapshot.retention.num.files = 5 (custom)
2019-09-25 04:50:27,065 [pool-37-thread-1] INFO  server.RaftServerConfigKeys (ConfUtils.java:logGet(43)) - raft.server.retrycache.expirytime = 600000ms (custom)
2019-09-25 04:50:27,068 [pool-37-thread-1] INFO  impl.RaftServerImpl (RaftServerImpl.java:start(185)) - b40ef231-6505-402b-ae57-fc0dc67cbbe8@group-F0B403DD6F76: start as a follower, conf=-1: [b40ef231-6505-402b-ae57-fc0dc67cbbe8:192.168.151.106:41861], old=null
2019-09-25 04:50:27,068 [pool-37-thread-1] INFO  impl.RaftServerImpl (RaftServerImpl.java:setRole(174)) - b40ef231-6505-402b-ae57-fc0dc67cbbe8@group-F0B403DD6F76: changes role from      null to FOLLOWER at term 0 for startAsFollower
2019-09-25 04:50:27,068 [pool-37-thread-1] INFO  impl.RoleInfo (RoleInfo.java:updateAndGet(143)) - b40ef231-6505-402b-ae57-fc0dc67cbbe8: start FollowerState
2019-09-25 04:50:27,069 [pool-37-thread-1] INFO  util.JmxRegister (JmxRegister.java:tryRegister(44)) - Successfully registered JMX Bean with object name Ratis:service=RaftServer,group=group-F0B403DD6F76,id=b40ef231-6505-402b-ae57-fc0dc67cbbe8
2019-09-25 04:50:27,075 [RatisPipelineUtilsThread] INFO  pipeline.PipelineStateManager (PipelineStateManager.java:addPipeline(56)) - Created pipeline Pipeline[ Id: 83627f56-e710-4c4a-bb1c-f0b403dd6f76, Nodes: b40ef231-6505-402b-ae57-fc0dc67cbbe8{ip: 192.168.151.106, host: pr-hdds-1569-x2sr2-3486766547, networkLocation: /default-rack, certSerialId: null}, Type:RATIS, Factor:ONE, State:OPEN]
2019-09-25 04:50:27,087 [grpc-default-executor-0] INFO  impl.RaftServerProxy (RaftServerProxy.java:addNew(89)) - b40ef231-6505-402b-ae57-fc0dc67cbbe8: addNew group-106F36CD1671:[b40ef231-6505-402b-ae57-fc0dc67cbbe8:192.168.151.106:41861] returns group-106F36CD1671:java.util.concurrent.CompletableFuture@280c72c7[Not completed]
2019-09-25 04:50:27,088 [pool-37-thread-1] INFO  impl.RaftServerImpl (RaftServerImpl.java:<init>(95)) - b40ef231-6505-402b-ae57-fc0dc67cbbe8: new RaftServerImpl for group-106F36CD1671:[b40ef231-6505-402b-ae57-fc0dc67cbbe8:192.168.151.106:41861] with ContainerStateMachine:uninitialized
2019-09-25 04:50:27,088 [pool-37-thread-1] INFO  server.RaftServerConfigKeys (ConfUtils.java:logGet(43)) - raft.server.rpc.timeout.min = 5s (custom)
2019-09-25 04:50:27,089 [pool-37-thread-1] INFO  server.RaftServerConfigKeys (ConfUtils.java:logGet(43)) - raft.server.rpc.timeout.max = 5200ms (custom)
2019-09-25 04:50:27,089 [pool-37-thread-1] INFO  server.RaftServerConfigKeys (ConfUtils.java:logGet(43)) - raft.server.rpcslowness.timeout = 120s (custom)
2019-09-25 04:50:27,089 [pool-37-thread-1] INFO  server.RaftServerConfigKeys (ConfUtils.java:logGet(43)) - raft.server.sleep.deviation.threshold = 300 (default)
2019-09-25 04:50:27,089 [pool-37-thread-1] INFO  server.RaftServerConfigKeys (ConfUtils.java:logGet(43)) - raft.server.log.appender.install.snapshot.enabled = false (custom)
2019-09-25 04:50:27,089 [pool-37-thread-1] INFO  impl.RaftServerImpl (ServerState.java:<init>(103)) - b40ef231-6505-402b-ae57-fc0dc67cbbe8@group-106F36CD1671: ConfigurationManager, init=-1: [b40ef231-6505-402b-ae57-fc0dc67cbbe8:192.168.151.106:41861], old=null, confs=<EMPTY_MAP>
2019-09-25 04:50:27,089 [pool-37-thread-1] INFO  server.RaftServerConfigKeys (ConfUtils.java:logGet(43)) - raft.server.storage.dir = [/workdir/hadoop-ozone/integration-test/target/test-dir/MiniOzoneClusterImpl-72f6cbb0-c919-4300-9939-20ef1cbf0e73/datanode-1/data/ratis] (custom)
2019-09-25 04:50:27,090 [pool-37-thread-1] INFO  storage.RaftStorageDirectory (RaftStorageDirectory.java:analyzeStorage(246)) - The storage directory /workdir/hadoop-ozone/integration-test/target/test-dir/MiniOzoneClusterImpl-72f6cbb0-c919-4300-9939-20ef1cbf0e73/datanode-1/data/ratis/3753a45c-9d91-446b-9c3e-106f36cd1671 does not exist. Creating ...
2019-09-25 04:50:27,122 [pool-37-thread-1] INFO  storage.RaftStorageDirectory (RaftStorageDirectory.java:tryLock(328)) - Lock on /workdir/hadoop-ozone/integration-test/target/test-dir/MiniOzoneClusterImpl-72f6cbb0-c919-4300-9939-20ef1cbf0e73/datanode-1/data/ratis/3753a45c-9d91-446b-9c3e-106f36cd1671/in_use.lock acquired by nodename 13648@pr-hdds-1569-x2sr2-3486766547
2019-09-25 04:50:27,135 [pool-37-thread-1] INFO  storage.RaftStorage (RaftStorage.java:format(72)) - Storage directory /workdir/hadoop-ozone/integration-test/target/test-dir/MiniOzoneClusterImpl-72f6cbb0-c919-4300-9939-20ef1cbf0e73/datanode-1/data/ratis/3753a45c-9d91-446b-9c3e-106f36cd1671 has been successfully formatted.
2019-09-25 04:50:27,136 [pool-37-thread-1] INFO  ratis.ContainerStateMachine (ContainerStateMachine.java:loadSnapshot(230)) - group-106F36CD1671: The snapshot info is null. Setting the last applied indexto:(t:0, i:~)
2019-09-25 04:50:27,136 [pool-37-thread-1] INFO  server.RaftServerConfigKeys (ConfUtils.java:logGet(43)) - raft.server.notification.no-leader.timeout = 120s (custom)
2019-09-25 04:50:27,136 [pool-37-thread-1] INFO  server.RaftServerConfigKeys (ConfUtils.java:logGet(43)) - raft.server.log.use.memory = false (default)
2019-09-25 04:50:27,136 [pool-37-thread-1] INFO  server.RaftServerConfigKeys (ConfUtils.java:logGet(43)) - raft.server.log.purge.gap = 1000000 (custom)
2019-09-25 04:50:27,136 [pool-37-thread-1] INFO  server.RaftServerConfigKeys (ConfUtils.java:logGet(43)) - raft.server.log.appender.buffer.byte-limit = 33554432 (custom)
2019-09-25 04:50:27,137 [pool-37-thread-1] INFO  server.RaftServerConfigKeys (ConfUtils.java:logGet(43)) - raft.server.log.segment.size.max = 1048576 (custom)
2019-09-25 04:50:27,137 [pool-37-thread-1] INFO  server.RaftServerConfigKeys (ConfUtils.java:logGet(43)) - raft.server.log.segment.cache.num.max = 2 (custom)
2019-09-25 04:50:27,137 [pool-37-thread-1] INFO  segmented.SegmentedRaftLogWorker (SegmentedRaftLogWorker.java:<init>(172)) - new b40ef231-6505-402b-ae57-fc0dc67cbbe8@group-106F36CD1671-SegmentedRaftLogWorker for RaftStorage:Storage Directory /workdir/hadoop-ozone/integration-test/target/test-dir/MiniOzoneClusterImpl-72f6cbb0-c919-4300-9939-20ef1cbf0e73/datanode-1/data/ratis/3753a45c-9d91-446b-9c3e-106f36cd1671
2019-09-25 04:50:27,137 [pool-37-thread-1] INFO  server.RaftServerConfigKeys (ConfUtils.java:logGet(43)) - raft.server.log.queue.byte-limit = 2147483647 (custom)
2019-09-25 04:50:27,137 [pool-37-thread-1] INFO  server.RaftServerConfigKeys (ConfUtils.java:logGet(43)) - raft.server.log.queue.element-limit = 1024 (custom)
2019-09-25 04:50:27,137 [pool-37-thread-1] INFO  server.RaftServerConfigKeys (ConfUtils.java:logGet(43)) - raft.server.log.segment.size.max = 1048576 (custom)
2019-09-25 04:50:27,138 [pool-37-thread-1] INFO  server.RaftServerConfigKeys (ConfUtils.java:logGet(43)) - raft.server.log.preallocated.size = 16384 (custom)
2019-09-25 04:50:27,138 [pool-37-thread-1] INFO  server.RaftServerConfigKeys (ConfUtils.java:logGet(43)) - raft.server.log.write.buffer.size = 33554432 (custom)
2019-09-25 04:50:27,138 [pool-37-thread-1] INFO  server.RaftServerConfigKeys (ConfUtils.java:logGet(43)) - raft.server.log.force.sync.num = 128 (default)
2019-09-25 04:50:27,138 [pool-37-thread-1] INFO  server.RaftServerConfigKeys (ConfUtils.java:logGet(43)) - raft.server.log.statemachine.data.sync = true (default)
2019-09-25 04:50:27,138 [pool-37-thread-1] INFO  server.RaftServerConfigKeys (ConfUtils.java:logGet(43)) - raft.server.log.statemachine.data.sync.timeout = 10s (default)
2019-09-25 04:50:27,138 [pool-37-thread-1] INFO  server.RaftServerConfigKeys (ConfUtils.java:logGet(43)) - raft.server.log.statemachine.data.sync.timeout.retry = -1 (default)
2019-09-25 04:50:27,139 [pool-37-thread-1] INFO  server.RaftServerConfigKeys (ConfUtils.java:logGet(43)) - raft.server.log.statemachine.data.caching.enabled = true (custom)
2019-09-25 04:50:27,139 [pool-37-thread-1] INFO  segmented.SegmentedRaftLogWorker (SegmentedRaftLogWorker.java:lambda$new$0(132)) - b40ef231-6505-402b-ae57-fc0dc67cbbe8@group-106F36CD1671-SegmentedRaftLogWorker: flushIndex: setUnconditionally 0 -> -1
2019-09-25 04:50:27,139 [pool-37-thread-1] INFO  server.RaftServerConfigKeys (ConfUtils.java:logGet(43)) - raft.server.snapshot.auto.trigger.enabled = true (custom)
2019-09-25 04:50:27,139 [pool-37-thread-1] INFO  server.RaftServerConfigKeys (ConfUtils.java:logGet(43)) - raft.server.snapshot.auto.trigger.threshold = 10000 (custom)
2019-09-25 04:50:27,140 [pool-37-thread-1] INFO  server.RaftServerConfigKeys (ConfUtils.java:logGet(43)) - raft.server.snapshot.retention.num.files = 5 (custom)
2019-09-25 04:50:27,140 [pool-37-thread-1] INFO  server.RaftServerConfigKeys (ConfUtils.java:logGet(43)) - raft.server.retrycache.expirytime = 600000ms (custom)
2019-09-25 04:50:27,143 [pool-37-thread-1] INFO  impl.RaftServerImpl (RaftServerImpl.java:start(185)) - b40ef231-6505-402b-ae57-fc0dc67cbbe8@group-106F36CD1671: start as a follower, conf=-1: [b40ef231-6505-402b-ae57-fc0dc67cbbe8:192.168.151.106:41861], old=null
2019-09-25 04:50:27,143 [pool-37-thread-1] INFO  impl.RaftServerImpl (RaftServerImpl.java:setRole(174)) - b40ef231-6505-402b-ae57-fc0dc67cbbe8@group-106F36CD1671: changes role from      null to FOLLOWER at term 0 for startAsFollower
2019-09-25 04:50:27,143 [pool-37-thread-1] INFO  impl.RoleInfo (RoleInfo.java:updateAndGet(143)) - b40ef231-6505-402b-ae57-fc0dc67cbbe8: start FollowerState
2019-09-25 04:50:27,143 [pool-37-thread-1] INFO  util.JmxRegister (JmxRegister.java:tryRegister(44)) - Successfully registered JMX Bean with object name Ratis:service=RaftServer,group=group-106F36CD1671,id=b40ef231-6505-402b-ae57-fc0dc67cbbe8
2019-09-25 04:50:27,151 [RatisPipelineUtilsThread] INFO  pipeline.PipelineStateManager (PipelineStateManager.java:addPipeline(56)) - Created pipeline Pipeline[ Id: 3753a45c-9d91-446b-9c3e-106f36cd1671, Nodes: b40ef231-6505-402b-ae57-fc0dc67cbbe8{ip: 192.168.151.106, host: pr-hdds-1569-x2sr2-3486766547, networkLocation: /default-rack, certSerialId: null}, Type:RATIS, Factor:ONE, State:OPEN]
2019-09-25 04:50:27,163 [grpc-default-executor-0] INFO  impl.RaftServerProxy (RaftServerProxy.java:addNew(89)) - aabdae46-dcfa-45e6-b665-2c47bb305ebb: addNew group-E8790FEF521B:[aabdae46-dcfa-45e6-b665-2c47bb305ebb:192.168.151.106:41436] returns group-E8790FEF521B:java.util.concurrent.CompletableFuture@3110a8a0[Not completed]
2019-09-25 04:50:27,164 [pool-67-thread-1] INFO  impl.RaftServerImpl (RaftServerImpl.java:<init>(95)) - aabdae46-dcfa-45e6-b665-2c47bb305ebb: new RaftServerImpl for group-E8790FEF521B:[aabdae46-dcfa-45e6-b665-2c47bb305ebb:192.168.151.106:41436] with ContainerStateMachine:uninitialized
2019-09-25 04:50:27,164 [pool-67-thread-1] INFO  server.RaftServerConfigKeys (ConfUtils.java:logGet(43)) - raft.server.rpc.timeout.min = 5s (custom)
2019-09-25 04:50:27,164 [pool-67-thread-1] INFO  server.RaftServerConfigKeys (ConfUtils.java:logGet(43)) - raft.server.rpc.timeout.max = 5200ms (custom)
2019-09-25 04:50:27,165 [pool-67-thread-1] INFO  server.RaftServerConfigKeys (ConfUtils.java:logGet(43)) - raft.server.rpcslowness.timeout = 120s (custom)
2019-09-25 04:50:27,165 [pool-67-thread-1] INFO  server.RaftServerConfigKeys (ConfUtils.java:logGet(43)) - raft.server.sleep.deviation.threshold = 300 (default)
2019-09-25 04:50:27,165 [pool-67-thread-1] INFO  server.RaftServerConfigKeys (ConfUtils.java:logGet(43)) - raft.server.log.appender.install.snapshot.enabled = false (custom)
2019-09-25 04:50:27,165 [pool-67-thread-1] INFO  impl.RaftServerImpl (ServerState.java:<init>(103)) - aabdae46-dcfa-45e6-b665-2c47bb305ebb@group-E8790FEF521B: ConfigurationManager, init=-1: [aabdae46-dcfa-45e6-b665-2c47bb305ebb:192.168.151.106:41436], old=null, confs=<EMPTY_MAP>
2019-09-25 04:50:27,165 [pool-67-thread-1] INFO  server.RaftServerConfigKeys (ConfUtils.java:logGet(43)) - raft.server.storage.dir = [/workdir/hadoop-ozone/integration-test/target/test-dir/MiniOzoneClusterImpl-72f6cbb0-c919-4300-9939-20ef1cbf0e73/datanode-4/data/ratis] (custom)
2019-09-25 04:50:27,166 [pool-67-thread-1] INFO  storage.RaftStorageDirectory (RaftStorageDirectory.java:analyzeStorage(246)) - The storage directory /workdir/hadoop-ozone/integration-test/target/test-dir/MiniOzoneClusterImpl-72f6cbb0-c919-4300-9939-20ef1cbf0e73/datanode-4/data/ratis/897abb03-955c-4ce4-8315-e8790fef521b does not exist. Creating ...
2019-09-25 04:50:27,179 [pool-67-thread-1] INFO  storage.RaftStorageDirectory (RaftStorageDirectory.java:tryLock(328)) - Lock on /workdir/hadoop-ozone/integration-test/target/test-dir/MiniOzoneClusterImpl-72f6cbb0-c919-4300-9939-20ef1cbf0e73/datanode-4/data/ratis/897abb03-955c-4ce4-8315-e8790fef521b/in_use.lock acquired by nodename 13648@pr-hdds-1569-x2sr2-3486766547
2019-09-25 04:50:27,192 [pool-67-thread-1] INFO  storage.RaftStorage (RaftStorage.java:format(72)) - Storage directory /workdir/hadoop-ozone/integration-test/target/test-dir/MiniOzoneClusterImpl-72f6cbb0-c919-4300-9939-20ef1cbf0e73/datanode-4/data/ratis/897abb03-955c-4ce4-8315-e8790fef521b has been successfully formatted.
2019-09-25 04:50:27,192 [pool-67-thread-1] INFO  ratis.ContainerStateMachine (ContainerStateMachine.java:loadSnapshot(230)) - group-E8790FEF521B: The snapshot info is null. Setting the last applied indexto:(t:0, i:~)
2019-09-25 04:50:27,192 [pool-67-thread-1] INFO  server.RaftServerConfigKeys (ConfUtils.java:logGet(43)) - raft.server.notification.no-leader.timeout = 120s (custom)
2019-09-25 04:50:27,192 [pool-67-thread-1] INFO  server.RaftServerConfigKeys (ConfUtils.java:logGet(43)) - raft.server.log.use.memory = false (default)
2019-09-25 04:50:27,192 [pool-67-thread-1] INFO  server.RaftServerConfigKeys (ConfUtils.java:logGet(43)) - raft.server.log.purge.gap = 1000000 (custom)
2019-09-25 04:50:27,193 [pool-67-thread-1] INFO  server.RaftServerConfigKeys (ConfUtils.java:logGet(43)) - raft.server.log.appender.buffer.byte-limit = 33554432 (custom)
2019-09-25 04:50:27,193 [pool-67-thread-1] INFO  server.RaftServerConfigKeys (ConfUtils.java:logGet(43)) - raft.server.log.segment.size.max = 1048576 (custom)
2019-09-25 04:50:27,193 [pool-67-thread-1] INFO  server.RaftServerConfigKeys (ConfUtils.java:logGet(43)) - raft.server.log.segment.cache.num.max = 2 (custom)
2019-09-25 04:50:27,193 [pool-67-thread-1] INFO  segmented.SegmentedRaftLogWorker (SegmentedRaftLogWorker.java:<init>(172)) - new aabdae46-dcfa-45e6-b665-2c47bb305ebb@group-E8790FEF521B-SegmentedRaftLogWorker for RaftStorage:Storage Directory /workdir/hadoop-ozone/integration-test/target/test-dir/MiniOzoneClusterImpl-72f6cbb0-c919-4300-9939-20ef1cbf0e73/datanode-4/data/ratis/897abb03-955c-4ce4-8315-e8790fef521b
2019-09-25 04:50:27,193 [pool-67-thread-1] INFO  server.RaftServerConfigKeys (ConfUtils.java:logGet(43)) - raft.server.log.queue.byte-limit = 2147483647 (custom)
2019-09-25 04:50:27,193 [pool-67-thread-1] INFO  server.RaftServerConfigKeys (ConfUtils.java:logGet(43)) - raft.server.log.queue.element-limit = 1024 (custom)
2019-09-25 04:50:27,193 [pool-67-thread-1] INFO  server.RaftServerConfigKeys (ConfUtils.java:logGet(43)) - raft.server.log.segment.size.max = 1048576 (custom)
2019-09-25 04:50:27,194 [pool-67-thread-1] INFO  server.RaftServerConfigKeys (ConfUtils.java:logGet(43)) - raft.server.log.preallocated.size = 16384 (custom)
2019-09-25 04:50:27,194 [pool-67-thread-1] INFO  server.RaftServerConfigKeys (ConfUtils.java:logGet(43)) - raft.server.log.write.buffer.size = 33554432 (custom)
2019-09-25 04:50:27,194 [pool-67-thread-1] INFO  server.RaftServerConfigKeys (ConfUtils.java:logGet(43)) - raft.server.log.force.sync.num = 128 (default)
2019-09-25 04:50:27,194 [pool-67-thread-1] INFO  server.RaftServerConfigKeys (ConfUtils.java:logGet(43)) - raft.server.log.statemachine.data.sync = true (default)
2019-09-25 04:50:27,194 [pool-67-thread-1] INFO  server.RaftServerConfigKeys (ConfUtils.java:logGet(43)) - raft.server.log.statemachine.data.sync.timeout = 10s (default)
2019-09-25 04:50:27,194 [pool-67-thread-1] INFO  server.RaftServerConfigKeys (ConfUtils.java:logGet(43)) - raft.server.log.statemachine.data.sync.timeout.retry = -1 (default)
2019-09-25 04:50:27,194 [pool-67-thread-1] INFO  server.RaftServerConfigKeys (ConfUtils.java:logGet(43)) - raft.server.log.statemachine.data.caching.enabled = true (custom)
2019-09-25 04:50:27,195 [pool-67-thread-1] INFO  segmented.SegmentedRaftLogWorker (SegmentedRaftLogWorker.java:lambda$new$0(132)) - aabdae46-dcfa-45e6-b665-2c47bb305ebb@group-E8790FEF521B-SegmentedRaftLogWorker: flushIndex: setUnconditionally 0 -> -1
2019-09-25 04:50:27,195 [pool-67-thread-1] INFO  server.RaftServerConfigKeys (ConfUtils.java:logGet(43)) - raft.server.snapshot.auto.trigger.enabled = true (custom)
2019-09-25 04:50:27,195 [pool-67-thread-1] INFO  server.RaftServerConfigKeys (ConfUtils.java:logGet(43)) - raft.server.snapshot.auto.trigger.threshold = 10000 (custom)
2019-09-25 04:50:27,195 [pool-67-thread-1] INFO  server.RaftServerConfigKeys (ConfUtils.java:logGet(43)) - raft.server.snapshot.retention.num.files = 5 (custom)
2019-09-25 04:50:27,196 [pool-67-thread-1] INFO  server.RaftServerConfigKeys (ConfUtils.java:logGet(43)) - raft.server.retrycache.expirytime = 600000ms (custom)
2019-09-25 04:50:27,198 [pool-67-thread-1] INFO  impl.RaftServerImpl (RaftServerImpl.java:start(185)) - aabdae46-dcfa-45e6-b665-2c47bb305ebb@group-E8790FEF521B: start as a follower, conf=-1: [aabdae46-dcfa-45e6-b665-2c47bb305ebb:192.168.151.106:41436], old=null
2019-09-25 04:50:27,199 [pool-67-thread-1] INFO  impl.RaftServerImpl (RaftServerImpl.java:setRole(174)) - aabdae46-dcfa-45e6-b665-2c47bb305ebb@group-E8790FEF521B: changes role from      null to FOLLOWER at term 0 for startAsFollower
2019-09-25 04:50:27,199 [pool-67-thread-1] INFO  impl.RoleInfo (RoleInfo.java:updateAndGet(143)) - aabdae46-dcfa-45e6-b665-2c47bb305ebb: start FollowerState
2019-09-25 04:50:27,199 [pool-67-thread-1] INFO  util.JmxRegister (JmxRegister.java:tryRegister(44)) - Successfully registered JMX Bean with object name Ratis:service=RaftServer,group=group-E8790FEF521B,id=aabdae46-dcfa-45e6-b665-2c47bb305ebb
2019-09-25 04:50:27,206 [RatisPipelineUtilsThread] INFO  pipeline.PipelineStateManager (PipelineStateManager.java:addPipeline(56)) - Created pipeline Pipeline[ Id: 897abb03-955c-4ce4-8315-e8790fef521b, Nodes: aabdae46-dcfa-45e6-b665-2c47bb305ebb{ip: 192.168.151.106, host: pr-hdds-1569-x2sr2-3486766547, networkLocation: /default-rack, certSerialId: null}, Type:RATIS, Factor:ONE, State:OPEN]
2019-09-25 04:50:27,217 [grpc-default-executor-0] INFO  impl.RaftServerProxy (RaftServerProxy.java:addNew(89)) - 9216b865-ce6b-4fb7-bc99-65479a86b6eb: addNew group-F498F12BD410:[9216b865-ce6b-4fb7-bc99-65479a86b6eb:192.168.151.106:43252] returns group-F498F12BD410:java.util.concurrent.CompletableFuture@4f061e79[Not completed]
2019-09-25 04:50:27,219 [pool-77-thread-1] INFO  impl.RaftServerImpl (RaftServerImpl.java:<init>(95)) - 9216b865-ce6b-4fb7-bc99-65479a86b6eb: new RaftServerImpl for group-F498F12BD410:[9216b865-ce6b-4fb7-bc99-65479a86b6eb:192.168.151.106:43252] with ContainerStateMachine:uninitialized
2019-09-25 04:50:27,219 [pool-77-thread-1] INFO  server.RaftServerConfigKeys (ConfUtils.java:logGet(43)) - raft.server.rpc.timeout.min = 5s (custom)
2019-09-25 04:50:27,219 [pool-77-thread-1] INFO  server.RaftServerConfigKeys (ConfUtils.java:logGet(43)) - raft.server.rpc.timeout.max = 5200ms (custom)
2019-09-25 04:50:27,219 [pool-77-thread-1] INFO  server.RaftServerConfigKeys (ConfUtils.java:logGet(43)) - raft.server.rpcslowness.timeout = 120s (custom)
2019-09-25 04:50:27,219 [pool-77-thread-1] INFO  server.RaftServerConfigKeys (ConfUtils.java:logGet(43)) - raft.server.sleep.deviation.threshold = 300 (default)
2019-09-25 04:50:27,220 [pool-77-thread-1] INFO  server.RaftServerConfigKeys (ConfUtils.java:logGet(43)) - raft.server.log.appender.install.snapshot.enabled = false (custom)
2019-09-25 04:50:27,220 [pool-77-thread-1] INFO  impl.RaftServerImpl (ServerState.java:<init>(103)) - 9216b865-ce6b-4fb7-bc99-65479a86b6eb@group-F498F12BD410: ConfigurationManager, init=-1: [9216b865-ce6b-4fb7-bc99-65479a86b6eb:192.168.151.106:43252], old=null, confs=<EMPTY_MAP>
2019-09-25 04:50:27,220 [pool-77-thread-1] INFO  server.RaftServerConfigKeys (ConfUtils.java:logGet(43)) - raft.server.storage.dir = [/workdir/hadoop-ozone/integration-test/target/test-dir/MiniOzoneClusterImpl-72f6cbb0-c919-4300-9939-20ef1cbf0e73/datanode-5/data/ratis] (custom)
2019-09-25 04:50:27,221 [pool-77-thread-1] INFO  storage.RaftStorageDirectory (RaftStorageDirectory.java:analyzeStorage(246)) - The storage directory /workdir/hadoop-ozone/integration-test/target/test-dir/MiniOzoneClusterImpl-72f6cbb0-c919-4300-9939-20ef1cbf0e73/datanode-5/data/ratis/38ad42e3-0c59-467c-ba21-f498f12bd410 does not exist. Creating ...
2019-09-25 04:50:27,233 [pool-77-thread-1] INFO  storage.RaftStorageDirectory (RaftStorageDirectory.java:tryLock(328)) - Lock on /workdir/hadoop-ozone/integration-test/target/test-dir/MiniOzoneClusterImpl-72f6cbb0-c919-4300-9939-20ef1cbf0e73/datanode-5/data/ratis/38ad42e3-0c59-467c-ba21-f498f12bd410/in_use.lock acquired by nodename 13648@pr-hdds-1569-x2sr2-3486766547
2019-09-25 04:50:27,247 [pool-77-thread-1] INFO  storage.RaftStorage (RaftStorage.java:format(72)) - Storage directory /workdir/hadoop-ozone/integration-test/target/test-dir/MiniOzoneClusterImpl-72f6cbb0-c919-4300-9939-20ef1cbf0e73/datanode-5/data/ratis/38ad42e3-0c59-467c-ba21-f498f12bd410 has been successfully formatted.
2019-09-25 04:50:27,247 [pool-77-thread-1] INFO  ratis.ContainerStateMachine (ContainerStateMachine.java:loadSnapshot(230)) - group-F498F12BD410: The snapshot info is null. Setting the last applied indexto:(t:0, i:~)
2019-09-25 04:50:27,248 [pool-77-thread-1] INFO  server.RaftServerConfigKeys (ConfUtils.java:logGet(43)) - raft.server.notification.no-leader.timeout = 120s (custom)
2019-09-25 04:50:27,248 [pool-77-thread-1] INFO  server.RaftServerConfigKeys (ConfUtils.java:logGet(43)) - raft.server.log.use.memory = false (default)
2019-09-25 04:50:27,248 [pool-77-thread-1] INFO  server.RaftServerConfigKeys (ConfUtils.java:logGet(43)) - raft.server.log.purge.gap = 1000000 (custom)
2019-09-25 04:50:27,248 [pool-77-thread-1] INFO  server.RaftServerConfigKeys (ConfUtils.java:logGet(43)) - raft.server.log.appender.buffer.byte-limit = 33554432 (custom)
2019-09-25 04:50:27,248 [pool-77-thread-1] INFO  server.RaftServerConfigKeys (ConfUtils.java:logGet(43)) - raft.server.log.segment.size.max = 1048576 (custom)
2019-09-25 04:50:27,249 [pool-77-thread-1] INFO  server.RaftServerConfigKeys (ConfUtils.java:logGet(43)) - raft.server.log.segment.cache.num.max = 2 (custom)
2019-09-25 04:50:27,249 [pool-77-thread-1] INFO  segmented.SegmentedRaftLogWorker (SegmentedRaftLogWorker.java:<init>(172)) - new 9216b865-ce6b-4fb7-bc99-65479a86b6eb@group-F498F12BD410-SegmentedRaftLogWorker for RaftStorage:Storage Directory /workdir/hadoop-ozone/integration-test/target/test-dir/MiniOzoneClusterImpl-72f6cbb0-c919-4300-9939-20ef1cbf0e73/datanode-5/data/ratis/38ad42e3-0c59-467c-ba21-f498f12bd410
2019-09-25 04:50:27,249 [pool-77-thread-1] INFO  server.RaftServerConfigKeys (ConfUtils.java:logGet(43)) - raft.server.log.queue.byte-limit = 2147483647 (custom)
2019-09-25 04:50:27,249 [pool-77-thread-1] INFO  server.RaftServerConfigKeys (ConfUtils.java:logGet(43)) - raft.server.log.queue.element-limit = 1024 (custom)
2019-09-25 04:50:27,249 [pool-77-thread-1] INFO  server.RaftServerConfigKeys (ConfUtils.java:logGet(43)) - raft.server.log.segment.size.max = 1048576 (custom)
2019-09-25 04:50:27,250 [pool-77-thread-1] INFO  server.RaftServerConfigKeys (ConfUtils.java:logGet(43)) - raft.server.log.preallocated.size = 16384 (custom)
2019-09-25 04:50:27,250 [pool-77-thread-1] INFO  server.RaftServerConfigKeys (ConfUtils.java:logGet(43)) - raft.server.log.write.buffer.size = 33554432 (custom)
2019-09-25 04:50:27,250 [pool-77-thread-1] INFO  server.RaftServerConfigKeys (ConfUtils.java:logGet(43)) - raft.server.log.force.sync.num = 128 (default)
2019-09-25 04:50:27,250 [pool-77-thread-1] INFO  server.RaftServerConfigKeys (ConfUtils.java:logGet(43)) - raft.server.log.statemachine.data.sync = true (default)
2019-09-25 04:50:27,250 [pool-77-thread-1] INFO  server.RaftServerConfigKeys (ConfUtils.java:logGet(43)) - raft.server.log.statemachine.data.sync.timeout = 10s (default)
2019-09-25 04:50:27,250 [pool-77-thread-1] INFO  server.RaftServerConfigKeys (ConfUtils.java:logGet(43)) - raft.server.log.statemachine.data.sync.timeout.retry = -1 (default)
2019-09-25 04:50:27,251 [pool-77-thread-1] INFO  server.RaftServerConfigKeys (ConfUtils.java:logGet(43)) - raft.server.log.statemachine.data.caching.enabled = true (custom)
2019-09-25 04:50:27,251 [pool-77-thread-1] INFO  segmented.SegmentedRaftLogWorker (SegmentedRaftLogWorker.java:lambda$new$0(132)) - 9216b865-ce6b-4fb7-bc99-65479a86b6eb@group-F498F12BD410-SegmentedRaftLogWorker: flushIndex: setUnconditionally 0 -> -1
2019-09-25 04:50:27,251 [pool-77-thread-1] INFO  server.RaftServerConfigKeys (ConfUtils.java:logGet(43)) - raft.server.snapshot.auto.trigger.enabled = true (custom)
2019-09-25 04:50:27,252 [pool-77-thread-1] INFO  server.RaftServerConfigKeys (ConfUtils.java:logGet(43)) - raft.server.snapshot.auto.trigger.threshold = 10000 (custom)
2019-09-25 04:50:27,252 [pool-77-thread-1] INFO  server.RaftServerConfigKeys (ConfUtils.java:logGet(43)) - raft.server.snapshot.retention.num.files = 5 (custom)
2019-09-25 04:50:27,252 [pool-77-thread-1] INFO  server.RaftServerConfigKeys (ConfUtils.java:logGet(43)) - raft.server.retrycache.expirytime = 600000ms (custom)
2019-09-25 04:50:27,255 [pool-77-thread-1] INFO  impl.RaftServerImpl (RaftServerImpl.java:start(185)) - 9216b865-ce6b-4fb7-bc99-65479a86b6eb@group-F498F12BD410: start as a follower, conf=-1: [9216b865-ce6b-4fb7-bc99-65479a86b6eb:192.168.151.106:43252], old=null
2019-09-25 04:50:27,255 [pool-77-thread-1] INFO  impl.RaftServerImpl (RaftServerImpl.java:setRole(174)) - 9216b865-ce6b-4fb7-bc99-65479a86b6eb@group-F498F12BD410: changes role from      null to FOLLOWER at term 0 for startAsFollower
2019-09-25 04:50:27,256 [pool-77-thread-1] INFO  impl.RoleInfo (RoleInfo.java:updateAndGet(143)) - 9216b865-ce6b-4fb7-bc99-65479a86b6eb: start FollowerState
2019-09-25 04:50:27,256 [pool-77-thread-1] INFO  util.JmxRegister (JmxRegister.java:tryRegister(44)) - Successfully registered JMX Bean with object name Ratis:service=RaftServer,group=group-F498F12BD410,id=9216b865-ce6b-4fb7-bc99-65479a86b6eb
2019-09-25 04:50:27,262 [RatisPipelineUtilsThread] INFO  pipeline.PipelineStateManager (PipelineStateManager.java:addPipeline(56)) - Created pipeline Pipeline[ Id: 38ad42e3-0c59-467c-ba21-f498f12bd410, Nodes: 9216b865-ce6b-4fb7-bc99-65479a86b6eb{ip: 192.168.151.106, host: pr-hdds-1569-x2sr2-3486766547, networkLocation: /default-rack, certSerialId: null}, Type:RATIS, Factor:ONE, State:OPEN]
2019-09-25 04:50:27,274 [grpc-default-executor-0] INFO  impl.RaftServerProxy (RaftServerProxy.java:addNew(89)) - a167ab1f-c96d-409e-bb26-ea230783d833: addNew group-D0326A89BD59:[a167ab1f-c96d-409e-bb26-ea230783d833:192.168.151.106:33404] returns group-D0326A89BD59:java.util.concurrent.CompletableFuture@6cd2e0f3[Not completed]
2019-09-25 04:50:27,275 [pool-47-thread-1] INFO  impl.RaftServerImpl (RaftServerImpl.java:<init>(95)) - a167ab1f-c96d-409e-bb26-ea230783d833: new RaftServerImpl for group-D0326A89BD59:[a167ab1f-c96d-409e-bb26-ea230783d833:192.168.151.106:33404] with ContainerStateMachine:uninitialized
2019-09-25 04:50:27,276 [pool-47-thread-1] INFO  server.RaftServerConfigKeys (ConfUtils.java:logGet(43)) - raft.server.rpc.timeout.min = 5s (custom)
2019-09-25 04:50:27,276 [pool-47-thread-1] INFO  server.RaftServerConfigKeys (ConfUtils.java:logGet(43)) - raft.server.rpc.timeout.max = 5200ms (custom)
2019-09-25 04:50:27,276 [pool-47-thread-1] INFO  server.RaftServerConfigKeys (ConfUtils.java:logGet(43)) - raft.server.rpcslowness.timeout = 120s (custom)
2019-09-25 04:50:27,276 [pool-47-thread-1] INFO  server.RaftServerConfigKeys (ConfUtils.java:logGet(43)) - raft.server.sleep.deviation.threshold = 300 (default)
2019-09-25 04:50:27,276 [pool-47-thread-1] INFO  server.RaftServerConfigKeys (ConfUtils.java:logGet(43)) - raft.server.log.appender.install.snapshot.enabled = false (custom)
2019-09-25 04:50:27,276 [pool-47-thread-1] INFO  impl.RaftServerImpl (ServerState.java:<init>(103)) - a167ab1f-c96d-409e-bb26-ea230783d833@group-D0326A89BD59: ConfigurationManager, init=-1: [a167ab1f-c96d-409e-bb26-ea230783d833:192.168.151.106:33404], old=null, confs=<EMPTY_MAP>
2019-09-25 04:50:27,277 [pool-47-thread-1] INFO  server.RaftServerConfigKeys (ConfUtils.java:logGet(43)) - raft.server.storage.dir = [/workdir/hadoop-ozone/integration-test/target/test-dir/MiniOzoneClusterImpl-72f6cbb0-c919-4300-9939-20ef1cbf0e73/datanode-2/data/ratis] (custom)
2019-09-25 04:50:27,277 [pool-47-thread-1] INFO  storage.RaftStorageDirectory (RaftStorageDirectory.java:analyzeStorage(246)) - The storage directory /workdir/hadoop-ozone/integration-test/target/test-dir/MiniOzoneClusterImpl-72f6cbb0-c919-4300-9939-20ef1cbf0e73/datanode-2/data/ratis/c2d26f9f-3867-4bb3-a3ed-d0326a89bd59 does not exist. Creating ...
2019-09-25 04:50:27,300 [pool-47-thread-1] INFO  storage.RaftStorageDirectory (RaftStorageDirectory.java:tryLock(328)) - Lock on /workdir/hadoop-ozone/integration-test/target/test-dir/MiniOzoneClusterImpl-72f6cbb0-c919-4300-9939-20ef1cbf0e73/datanode-2/data/ratis/c2d26f9f-3867-4bb3-a3ed-d0326a89bd59/in_use.lock acquired by nodename 13648@pr-hdds-1569-x2sr2-3486766547
2019-09-25 04:50:27,324 [pool-47-thread-1] INFO  storage.RaftStorage (RaftStorage.java:format(72)) - Storage directory /workdir/hadoop-ozone/integration-test/target/test-dir/MiniOzoneClusterImpl-72f6cbb0-c919-4300-9939-20ef1cbf0e73/datanode-2/data/ratis/c2d26f9f-3867-4bb3-a3ed-d0326a89bd59 has been successfully formatted.
2019-09-25 04:50:27,324 [pool-47-thread-1] INFO  ratis.ContainerStateMachine (ContainerStateMachine.java:loadSnapshot(230)) - group-D0326A89BD59: The snapshot info is null. Setting the last applied indexto:(t:0, i:~)
2019-09-25 04:50:27,325 [pool-47-thread-1] INFO  server.RaftServerConfigKeys (ConfUtils.java:logGet(43)) - raft.server.notification.no-leader.timeout = 120s (custom)
2019-09-25 04:50:27,325 [pool-47-thread-1] INFO  server.RaftServerConfigKeys (ConfUtils.java:logGet(43)) - raft.server.log.use.memory = false (default)
2019-09-25 04:50:27,325 [pool-47-thread-1] INFO  server.RaftServerConfigKeys (ConfUtils.java:logGet(43)) - raft.server.log.purge.gap = 1000000 (custom)
2019-09-25 04:50:27,325 [pool-47-thread-1] INFO  server.RaftServerConfigKeys (ConfUtils.java:logGet(43)) - raft.server.log.appender.buffer.byte-limit = 33554432 (custom)
2019-09-25 04:50:27,325 [pool-47-thread-1] INFO  server.RaftServerConfigKeys (ConfUtils.java:logGet(43)) - raft.server.log.segment.size.max = 1048576 (custom)
2019-09-25 04:50:27,325 [pool-47-thread-1] INFO  server.RaftServerConfigKeys (ConfUtils.java:logGet(43)) - raft.server.log.segment.cache.num.max = 2 (custom)
2019-09-25 04:50:27,326 [pool-47-thread-1] INFO  segmented.SegmentedRaftLogWorker (SegmentedRaftLogWorker.java:<init>(172)) - new a167ab1f-c96d-409e-bb26-ea230783d833@group-D0326A89BD59-SegmentedRaftLogWorker for RaftStorage:Storage Directory /workdir/hadoop-ozone/integration-test/target/test-dir/MiniOzoneClusterImpl-72f6cbb0-c919-4300-9939-20ef1cbf0e73/datanode-2/data/ratis/c2d26f9f-3867-4bb3-a3ed-d0326a89bd59
2019-09-25 04:50:27,326 [pool-47-thread-1] INFO  server.RaftServerConfigKeys (ConfUtils.java:logGet(43)) - raft.server.log.queue.byte-limit = 2147483647 (custom)
2019-09-25 04:50:27,326 [pool-47-thread-1] INFO  server.RaftServerConfigKeys (ConfUtils.java:logGet(43)) - raft.server.log.queue.element-limit = 1024 (custom)
2019-09-25 04:50:27,326 [pool-47-thread-1] INFO  server.RaftServerConfigKeys (ConfUtils.java:logGet(43)) - raft.server.log.segment.size.max = 1048576 (custom)
2019-09-25 04:50:27,326 [pool-47-thread-1] INFO  server.RaftServerConfigKeys (ConfUtils.java:logGet(43)) - raft.server.log.preallocated.size = 16384 (custom)
2019-09-25 04:50:27,326 [pool-47-thread-1] INFO  server.RaftServerConfigKeys (ConfUtils.java:logGet(43)) - raft.server.log.write.buffer.size = 33554432 (custom)
2019-09-25 04:50:27,327 [pool-47-thread-1] INFO  server.RaftServerConfigKeys (ConfUtils.java:logGet(43)) - raft.server.log.force.sync.num = 128 (default)
2019-09-25 04:50:27,327 [pool-47-thread-1] INFO  server.RaftServerConfigKeys (ConfUtils.java:logGet(43)) - raft.server.log.statemachine.data.sync = true (default)
2019-09-25 04:50:27,327 [pool-47-thread-1] INFO  server.RaftServerConfigKeys (ConfUtils.java:logGet(43)) - raft.server.log.statemachine.data.sync.timeout = 10s (default)
2019-09-25 04:50:27,327 [pool-47-thread-1] INFO  server.RaftServerConfigKeys (ConfUtils.java:logGet(43)) - raft.server.log.statemachine.data.sync.timeout.retry = -1 (default)
2019-09-25 04:50:27,327 [pool-47-thread-1] INFO  server.RaftServerConfigKeys (ConfUtils.java:logGet(43)) - raft.server.log.statemachine.data.caching.enabled = true (custom)
2019-09-25 04:50:27,328 [pool-47-thread-1] INFO  segmented.SegmentedRaftLogWorker (SegmentedRaftLogWorker.java:lambda$new$0(132)) - a167ab1f-c96d-409e-bb26-ea230783d833@group-D0326A89BD59-SegmentedRaftLogWorker: flushIndex: setUnconditionally 0 -> -1
2019-09-25 04:50:27,328 [pool-47-thread-1] INFO  server.RaftServerConfigKeys (ConfUtils.java:logGet(43)) - raft.server.snapshot.auto.trigger.enabled = true (custom)
2019-09-25 04:50:27,328 [pool-47-thread-1] INFO  server.RaftServerConfigKeys (ConfUtils.java:logGet(43)) - raft.server.snapshot.auto.trigger.threshold = 10000 (custom)
2019-09-25 04:50:27,329 [pool-47-thread-1] INFO  server.RaftServerConfigKeys (ConfUtils.java:logGet(43)) - raft.server.snapshot.retention.num.files = 5 (custom)
2019-09-25 04:50:27,329 [pool-47-thread-1] INFO  server.RaftServerConfigKeys (ConfUtils.java:logGet(43)) - raft.server.retrycache.expirytime = 600000ms (custom)
2019-09-25 04:50:27,332 [pool-47-thread-1] INFO  impl.RaftServerImpl (RaftServerImpl.java:start(185)) - a167ab1f-c96d-409e-bb26-ea230783d833@group-D0326A89BD59: start as a follower, conf=-1: [a167ab1f-c96d-409e-bb26-ea230783d833:192.168.151.106:33404], old=null
2019-09-25 04:50:27,332 [pool-47-thread-1] INFO  impl.RaftServerImpl (RaftServerImpl.java:setRole(174)) - a167ab1f-c96d-409e-bb26-ea230783d833@group-D0326A89BD59: changes role from      null to FOLLOWER at term 0 for startAsFollower
2019-09-25 04:50:27,332 [pool-47-thread-1] INFO  impl.RoleInfo (RoleInfo.java:updateAndGet(143)) - a167ab1f-c96d-409e-bb26-ea230783d833: start FollowerState
2019-09-25 04:50:27,333 [pool-47-thread-1] INFO  util.JmxRegister (JmxRegister.java:tryRegister(44)) - Successfully registered JMX Bean with object name Ratis:service=RaftServer,group=group-D0326A89BD59,id=a167ab1f-c96d-409e-bb26-ea230783d833
2019-09-25 04:50:27,340 [RatisPipelineUtilsThread] INFO  pipeline.PipelineStateManager (PipelineStateManager.java:addPipeline(56)) - Created pipeline Pipeline[ Id: c2d26f9f-3867-4bb3-a3ed-d0326a89bd59, Nodes: a167ab1f-c96d-409e-bb26-ea230783d833{ip: 192.168.151.106, host: pr-hdds-1569-x2sr2-3486766547, networkLocation: /default-rack, certSerialId: null}, Type:RATIS, Factor:ONE, State:OPEN]
2019-09-25 04:50:27,354 [grpc-default-executor-0] INFO  impl.RaftServerProxy (RaftServerProxy.java:addNew(89)) - aabdae46-dcfa-45e6-b665-2c47bb305ebb: addNew group-1368F4605777:[aabdae46-dcfa-45e6-b665-2c47bb305ebb:192.168.151.106:41436] returns group-1368F4605777:java.util.concurrent.CompletableFuture@2946ce4f[Not completed]
2019-09-25 04:50:27,356 [pool-67-thread-1] INFO  impl.RaftServerImpl (RaftServerImpl.java:<init>(95)) - aabdae46-dcfa-45e6-b665-2c47bb305ebb: new RaftServerImpl for group-1368F4605777:[aabdae46-dcfa-45e6-b665-2c47bb305ebb:192.168.151.106:41436] with ContainerStateMachine:uninitialized
2019-09-25 04:50:27,357 [pool-67-thread-1] INFO  server.RaftServerConfigKeys (ConfUtils.java:logGet(43)) - raft.server.rpc.timeout.min = 5s (custom)
2019-09-25 04:50:27,357 [pool-67-thread-1] INFO  server.RaftServerConfigKeys (ConfUtils.java:logGet(43)) - raft.server.rpc.timeout.max = 5200ms (custom)
2019-09-25 04:50:27,357 [pool-67-thread-1] INFO  server.RaftServerConfigKeys (ConfUtils.java:logGet(43)) - raft.server.rpcslowness.timeout = 120s (custom)
2019-09-25 04:50:27,357 [pool-67-thread-1] INFO  server.RaftServerConfigKeys (ConfUtils.java:logGet(43)) - raft.server.sleep.deviation.threshold = 300 (default)
2019-09-25 04:50:27,357 [pool-67-thread-1] INFO  server.RaftServerConfigKeys (ConfUtils.java:logGet(43)) - raft.server.log.appender.install.snapshot.enabled = false (custom)
2019-09-25 04:50:27,357 [pool-67-thread-1] INFO  impl.RaftServerImpl (ServerState.java:<init>(103)) - aabdae46-dcfa-45e6-b665-2c47bb305ebb@group-1368F4605777: ConfigurationManager, init=-1: [aabdae46-dcfa-45e6-b665-2c47bb305ebb:192.168.151.106:41436], old=null, confs=<EMPTY_MAP>
2019-09-25 04:50:27,358 [pool-67-thread-1] INFO  server.RaftServerConfigKeys (ConfUtils.java:logGet(43)) - raft.server.storage.dir = [/workdir/hadoop-ozone/integration-test/target/test-dir/MiniOzoneClusterImpl-72f6cbb0-c919-4300-9939-20ef1cbf0e73/datanode-4/data/ratis] (custom)
2019-09-25 04:50:27,358 [pool-67-thread-1] INFO  storage.RaftStorageDirectory (RaftStorageDirectory.java:analyzeStorage(246)) - The storage directory /workdir/hadoop-ozone/integration-test/target/test-dir/MiniOzoneClusterImpl-72f6cbb0-c919-4300-9939-20ef1cbf0e73/datanode-4/data/ratis/5a2f2c3f-10ae-4db9-8fde-1368f4605777 does not exist. Creating ...
2019-09-25 04:50:27,384 [pool-67-thread-1] INFO  storage.RaftStorageDirectory (RaftStorageDirectory.java:tryLock(328)) - Lock on /workdir/hadoop-ozone/integration-test/target/test-dir/MiniOzoneClusterImpl-72f6cbb0-c919-4300-9939-20ef1cbf0e73/datanode-4/data/ratis/5a2f2c3f-10ae-4db9-8fde-1368f4605777/in_use.lock acquired by nodename 13648@pr-hdds-1569-x2sr2-3486766547
2019-09-25 04:50:27,414 [pool-67-thread-1] INFO  storage.RaftStorage (RaftStorage.java:format(72)) - Storage directory /workdir/hadoop-ozone/integration-test/target/test-dir/MiniOzoneClusterImpl-72f6cbb0-c919-4300-9939-20ef1cbf0e73/datanode-4/data/ratis/5a2f2c3f-10ae-4db9-8fde-1368f4605777 has been successfully formatted.
2019-09-25 04:50:27,415 [pool-67-thread-1] INFO  ratis.ContainerStateMachine (ContainerStateMachine.java:loadSnapshot(230)) - group-1368F4605777: The snapshot info is null. Setting the last applied indexto:(t:0, i:~)
2019-09-25 04:50:27,415 [pool-67-thread-1] INFO  server.RaftServerConfigKeys (ConfUtils.java:logGet(43)) - raft.server.notification.no-leader.timeout = 120s (custom)
2019-09-25 04:50:27,415 [pool-67-thread-1] INFO  server.RaftServerConfigKeys (ConfUtils.java:logGet(43)) - raft.server.log.use.memory = false (default)
2019-09-25 04:50:27,415 [pool-67-thread-1] INFO  server.RaftServerConfigKeys (ConfUtils.java:logGet(43)) - raft.server.log.purge.gap = 1000000 (custom)
2019-09-25 04:50:27,416 [pool-67-thread-1] INFO  server.RaftServerConfigKeys (ConfUtils.java:logGet(43)) - raft.server.log.appender.buffer.byte-limit = 33554432 (custom)
2019-09-25 04:50:27,416 [pool-67-thread-1] INFO  server.RaftServerConfigKeys (ConfUtils.java:logGet(43)) - raft.server.log.segment.size.max = 1048576 (custom)
2019-09-25 04:50:27,416 [pool-67-thread-1] INFO  server.RaftServerConfigKeys (ConfUtils.java:logGet(43)) - raft.server.log.segment.cache.num.max = 2 (custom)
2019-09-25 04:50:27,416 [pool-67-thread-1] INFO  segmented.SegmentedRaftLogWorker (SegmentedRaftLogWorker.java:<init>(172)) - new aabdae46-dcfa-45e6-b665-2c47bb305ebb@group-1368F4605777-SegmentedRaftLogWorker for RaftStorage:Storage Directory /workdir/hadoop-ozone/integration-test/target/test-dir/MiniOzoneClusterImpl-72f6cbb0-c919-4300-9939-20ef1cbf0e73/datanode-4/data/ratis/5a2f2c3f-10ae-4db9-8fde-1368f4605777
2019-09-25 04:50:27,416 [pool-67-thread-1] INFO  server.RaftServerConfigKeys (ConfUtils.java:logGet(43)) - raft.server.log.queue.byte-limit = 2147483647 (custom)
2019-09-25 04:50:27,416 [pool-67-thread-1] INFO  server.RaftServerConfigKeys (ConfUtils.java:logGet(43)) - raft.server.log.queue.element-limit = 1024 (custom)
2019-09-25 04:50:27,417 [pool-67-thread-1] INFO  server.RaftServerConfigKeys (ConfUtils.java:logGet(43)) - raft.server.log.segment.size.max = 1048576 (custom)
2019-09-25 04:50:27,417 [pool-67-thread-1] INFO  server.RaftServerConfigKeys (ConfUtils.java:logGet(43)) - raft.server.log.preallocated.size = 16384 (custom)
2019-09-25 04:50:27,417 [pool-67-thread-1] INFO  server.RaftServerConfigKeys (ConfUtils.java:logGet(43)) - raft.server.log.write.buffer.size = 33554432 (custom)
2019-09-25 04:50:27,417 [pool-67-thread-1] INFO  server.RaftServerConfigKeys (ConfUtils.java:logGet(43)) - raft.server.log.force.sync.num = 128 (default)
2019-09-25 04:50:27,417 [pool-67-thread-1] INFO  server.RaftServerConfigKeys (ConfUtils.java:logGet(43)) - raft.server.log.statemachine.data.sync = true (default)
2019-09-25 04:50:27,417 [pool-67-thread-1] INFO  server.RaftServerConfigKeys (ConfUtils.java:logGet(43)) - raft.server.log.statemachine.data.sync.timeout = 10s (default)
2019-09-25 04:50:27,418 [pool-67-thread-1] INFO  server.RaftServerConfigKeys (ConfUtils.java:logGet(43)) - raft.server.log.statemachine.data.sync.timeout.retry = -1 (default)
2019-09-25 04:50:27,418 [pool-67-thread-1] INFO  server.RaftServerConfigKeys (ConfUtils.java:logGet(43)) - raft.server.log.statemachine.data.caching.enabled = true (custom)
2019-09-25 04:50:27,418 [pool-67-thread-1] INFO  segmented.SegmentedRaftLogWorker (SegmentedRaftLogWorker.java:lambda$new$0(132)) - aabdae46-dcfa-45e6-b665-2c47bb305ebb@group-1368F4605777-SegmentedRaftLogWorker: flushIndex: setUnconditionally 0 -> -1
2019-09-25 04:50:27,419 [pool-67-thread-1] INFO  server.RaftServerConfigKeys (ConfUtils.java:logGet(43)) - raft.server.snapshot.auto.trigger.enabled = true (custom)
2019-09-25 04:50:27,419 [pool-67-thread-1] INFO  server.RaftServerConfigKeys (ConfUtils.java:logGet(43)) - raft.server.snapshot.auto.trigger.threshold = 10000 (custom)
2019-09-25 04:50:27,419 [pool-67-thread-1] INFO  server.RaftServerConfigKeys (ConfUtils.java:logGet(43)) - raft.server.snapshot.retention.num.files = 5 (custom)
2019-09-25 04:50:27,419 [pool-67-thread-1] INFO  server.RaftServerConfigKeys (ConfUtils.java:logGet(43)) - raft.server.retrycache.expirytime = 600000ms (custom)
2019-09-25 04:50:27,422 [pool-67-thread-1] INFO  impl.RaftServerImpl (RaftServerImpl.java:start(185)) - aabdae46-dcfa-45e6-b665-2c47bb305ebb@group-1368F4605777: start as a follower, conf=-1: [aabdae46-dcfa-45e6-b665-2c47bb305ebb:192.168.151.106:41436], old=null
2019-09-25 04:50:27,423 [pool-67-thread-1] INFO  impl.RaftServerImpl (RaftServerImpl.java:setRole(174)) - aabdae46-dcfa-45e6-b665-2c47bb305ebb@group-1368F4605777: changes role from      null to FOLLOWER at term 0 for startAsFollower
2019-09-25 04:50:27,423 [pool-67-thread-1] INFO  impl.RoleInfo (RoleInfo.java:updateAndGet(143)) - aabdae46-dcfa-45e6-b665-2c47bb305ebb: start FollowerState
2019-09-25 04:50:27,423 [pool-67-thread-1] INFO  util.JmxRegister (JmxRegister.java:tryRegister(44)) - Successfully registered JMX Bean with object name Ratis:service=RaftServer,group=group-1368F4605777,id=aabdae46-dcfa-45e6-b665-2c47bb305ebb
2019-09-25 04:50:27,429 [RatisPipelineUtilsThread] INFO  pipeline.PipelineStateManager (PipelineStateManager.java:addPipeline(56)) - Created pipeline Pipeline[ Id: 5a2f2c3f-10ae-4db9-8fde-1368f4605777, Nodes: aabdae46-dcfa-45e6-b665-2c47bb305ebb{ip: 192.168.151.106, host: pr-hdds-1569-x2sr2-3486766547, networkLocation: /default-rack, certSerialId: null}, Type:RATIS, Factor:ONE, State:OPEN]
2019-09-25 04:50:27,441 [grpc-default-executor-0] INFO  impl.RaftServerProxy (RaftServerProxy.java:addNew(89)) - b40ef231-6505-402b-ae57-fc0dc67cbbe8: addNew group-9EC69698E69E:[b40ef231-6505-402b-ae57-fc0dc67cbbe8:192.168.151.106:41861] returns group-9EC69698E69E:java.util.concurrent.CompletableFuture@12ac01cf[Not completed]
2019-09-25 04:50:27,442 [pool-37-thread-1] INFO  impl.RaftServerImpl (RaftServerImpl.java:<init>(95)) - b40ef231-6505-402b-ae57-fc0dc67cbbe8: new RaftServerImpl for group-9EC69698E69E:[b40ef231-6505-402b-ae57-fc0dc67cbbe8:192.168.151.106:41861] with ContainerStateMachine:uninitialized
2019-09-25 04:50:27,443 [pool-37-thread-1] INFO  server.RaftServerConfigKeys (ConfUtils.java:logGet(43)) - raft.server.rpc.timeout.min = 5s (custom)
2019-09-25 04:50:27,443 [pool-37-thread-1] INFO  server.RaftServerConfigKeys (ConfUtils.java:logGet(43)) - raft.server.rpc.timeout.max = 5200ms (custom)
2019-09-25 04:50:27,443 [pool-37-thread-1] INFO  server.RaftServerConfigKeys (ConfUtils.java:logGet(43)) - raft.server.rpcslowness.timeout = 120s (custom)
2019-09-25 04:50:27,443 [pool-37-thread-1] INFO  server.RaftServerConfigKeys (ConfUtils.java:logGet(43)) - raft.server.sleep.deviation.threshold = 300 (default)
2019-09-25 04:50:27,443 [pool-37-thread-1] INFO  server.RaftServerConfigKeys (ConfUtils.java:logGet(43)) - raft.server.log.appender.install.snapshot.enabled = false (custom)
2019-09-25 04:50:27,443 [pool-37-thread-1] INFO  impl.RaftServerImpl (ServerState.java:<init>(103)) - b40ef231-6505-402b-ae57-fc0dc67cbbe8@group-9EC69698E69E: ConfigurationManager, init=-1: [b40ef231-6505-402b-ae57-fc0dc67cbbe8:192.168.151.106:41861], old=null, confs=<EMPTY_MAP>
2019-09-25 04:50:27,444 [pool-37-thread-1] INFO  server.RaftServerConfigKeys (ConfUtils.java:logGet(43)) - raft.server.storage.dir = [/workdir/hadoop-ozone/integration-test/target/test-dir/MiniOzoneClusterImpl-72f6cbb0-c919-4300-9939-20ef1cbf0e73/datanode-1/data/ratis] (custom)
2019-09-25 04:50:27,444 [pool-37-thread-1] INFO  storage.RaftStorageDirectory (RaftStorageDirectory.java:analyzeStorage(246)) - The storage directory /workdir/hadoop-ozone/integration-test/target/test-dir/MiniOzoneClusterImpl-72f6cbb0-c919-4300-9939-20ef1cbf0e73/datanode-1/data/ratis/70bebea5-3214-4aeb-9edc-9ec69698e69e does not exist. Creating ...
2019-09-25 04:50:27,459 [pool-37-thread-1] INFO  storage.RaftStorageDirectory (RaftStorageDirectory.java:tryLock(328)) - Lock on /workdir/hadoop-ozone/integration-test/target/test-dir/MiniOzoneClusterImpl-72f6cbb0-c919-4300-9939-20ef1cbf0e73/datanode-1/data/ratis/70bebea5-3214-4aeb-9edc-9ec69698e69e/in_use.lock acquired by nodename 13648@pr-hdds-1569-x2sr2-3486766547
2019-09-25 04:50:27,463 [pool-37-thread-1] INFO  storage.RaftStorage (RaftStorage.java:format(72)) - Storage directory /workdir/hadoop-ozone/integration-test/target/test-dir/MiniOzoneClusterImpl-72f6cbb0-c919-4300-9939-20ef1cbf0e73/datanode-1/data/ratis/70bebea5-3214-4aeb-9edc-9ec69698e69e has been successfully formatted.
2019-09-25 04:50:27,463 [pool-37-thread-1] INFO  ratis.ContainerStateMachine (ContainerStateMachine.java:loadSnapshot(230)) - group-9EC69698E69E: The snapshot info is null. Setting the last applied indexto:(t:0, i:~)
2019-09-25 04:50:27,464 [pool-37-thread-1] INFO  server.RaftServerConfigKeys (ConfUtils.java:logGet(43)) - raft.server.notification.no-leader.timeout = 120s (custom)
2019-09-25 04:50:27,464 [pool-37-thread-1] INFO  server.RaftServerConfigKeys (ConfUtils.java:logGet(43)) - raft.server.log.use.memory = false (default)
2019-09-25 04:50:27,464 [pool-37-thread-1] INFO  server.RaftServerConfigKeys (ConfUtils.java:logGet(43)) - raft.server.log.purge.gap = 1000000 (custom)
2019-09-25 04:50:27,464 [pool-37-thread-1] INFO  server.RaftServerConfigKeys (ConfUtils.java:logGet(43)) - raft.server.log.appender.buffer.byte-limit = 33554432 (custom)
2019-09-25 04:50:27,464 [pool-37-thread-1] INFO  server.RaftServerConfigKeys (ConfUtils.java:logGet(43)) - raft.server.log.segment.size.max = 1048576 (custom)
2019-09-25 04:50:27,464 [pool-37-thread-1] INFO  server.RaftServerConfigKeys (ConfUtils.java:logGet(43)) - raft.server.log.segment.cache.num.max = 2 (custom)
2019-09-25 04:50:27,465 [pool-37-thread-1] INFO  segmented.SegmentedRaftLogWorker (SegmentedRaftLogWorker.java:<init>(172)) - new b40ef231-6505-402b-ae57-fc0dc67cbbe8@group-9EC69698E69E-SegmentedRaftLogWorker for RaftStorage:Storage Directory /workdir/hadoop-ozone/integration-test/target/test-dir/MiniOzoneClusterImpl-72f6cbb0-c919-4300-9939-20ef1cbf0e73/datanode-1/data/ratis/70bebea5-3214-4aeb-9edc-9ec69698e69e
2019-09-25 04:50:27,465 [pool-37-thread-1] INFO  server.RaftServerConfigKeys (ConfUtils.java:logGet(43)) - raft.server.log.queue.byte-limit = 2147483647 (custom)
2019-09-25 04:50:27,465 [pool-37-thread-1] INFO  server.RaftServerConfigKeys (ConfUtils.java:logGet(43)) - raft.server.log.queue.element-limit = 1024 (custom)
2019-09-25 04:50:27,465 [pool-37-thread-1] INFO  server.RaftServerConfigKeys (ConfUtils.java:logGet(43)) - raft.server.log.segment.size.max = 1048576 (custom)
2019-09-25 04:50:27,465 [pool-37-thread-1] INFO  server.RaftServerConfigKeys (ConfUtils.java:logGet(43)) - raft.server.log.preallocated.size = 16384 (custom)
2019-09-25 04:50:27,465 [pool-37-thread-1] INFO  server.RaftServerConfigKeys (ConfUtils.java:logGet(43)) - raft.server.log.write.buffer.size = 33554432 (custom)
2019-09-25 04:50:27,466 [pool-37-thread-1] INFO  server.RaftServerConfigKeys (ConfUtils.java:logGet(43)) - raft.server.log.force.sync.num = 128 (default)
2019-09-25 04:50:27,466 [pool-37-thread-1] INFO  server.RaftServerConfigKeys (ConfUtils.java:logGet(43)) - raft.server.log.statemachine.data.sync = true (default)
2019-09-25 04:50:27,466 [pool-37-thread-1] INFO  server.RaftServerConfigKeys (ConfUtils.java:logGet(43)) - raft.server.log.statemachine.data.sync.timeout = 10s (default)
2019-09-25 04:50:27,469 [pool-37-thread-1] INFO  server.RaftServerConfigKeys (ConfUtils.java:logGet(43)) - raft.server.log.statemachine.data.sync.timeout.retry = -1 (default)
2019-09-25 04:50:27,470 [pool-37-thread-1] INFO  server.RaftServerConfigKeys (ConfUtils.java:logGet(43)) - raft.server.log.statemachine.data.caching.enabled = true (custom)
2019-09-25 04:50:27,474 [pool-37-thread-1] INFO  segmented.SegmentedRaftLogWorker (SegmentedRaftLogWorker.java:lambda$new$0(132)) - b40ef231-6505-402b-ae57-fc0dc67cbbe8@group-9EC69698E69E-SegmentedRaftLogWorker: flushIndex: setUnconditionally 0 -> -1
2019-09-25 04:50:27,475 [pool-37-thread-1] INFO  server.RaftServerConfigKeys (ConfUtils.java:logGet(43)) - raft.server.snapshot.auto.trigger.enabled = true (custom)
2019-09-25 04:50:27,475 [pool-37-thread-1] INFO  server.RaftServerConfigKeys (ConfUtils.java:logGet(43)) - raft.server.snapshot.auto.trigger.threshold = 10000 (custom)
2019-09-25 04:50:27,475 [pool-37-thread-1] INFO  server.RaftServerConfigKeys (ConfUtils.java:logGet(43)) - raft.server.snapshot.retention.num.files = 5 (custom)
2019-09-25 04:50:27,475 [pool-37-thread-1] INFO  server.RaftServerConfigKeys (ConfUtils.java:logGet(43)) - raft.server.retrycache.expirytime = 600000ms (custom)
2019-09-25 04:50:27,478 [pool-37-thread-1] INFO  impl.RaftServerImpl (RaftServerImpl.java:start(185)) - b40ef231-6505-402b-ae57-fc0dc67cbbe8@group-9EC69698E69E: start as a follower, conf=-1: [b40ef231-6505-402b-ae57-fc0dc67cbbe8:192.168.151.106:41861], old=null
2019-09-25 04:50:27,478 [pool-37-thread-1] INFO  impl.RaftServerImpl (RaftServerImpl.java:setRole(174)) - b40ef231-6505-402b-ae57-fc0dc67cbbe8@group-9EC69698E69E: changes role from      null to FOLLOWER at term 0 for startAsFollower
2019-09-25 04:50:27,478 [pool-37-thread-1] INFO  impl.RoleInfo (RoleInfo.java:updateAndGet(143)) - b40ef231-6505-402b-ae57-fc0dc67cbbe8: start FollowerState
2019-09-25 04:50:27,478 [pool-37-thread-1] INFO  util.JmxRegister (JmxRegister.java:tryRegister(44)) - Successfully registered JMX Bean with object name Ratis:service=RaftServer,group=group-9EC69698E69E,id=b40ef231-6505-402b-ae57-fc0dc67cbbe8
2019-09-25 04:50:27,484 [RatisPipelineUtilsThread] INFO  pipeline.PipelineStateManager (PipelineStateManager.java:addPipeline(56)) - Created pipeline Pipeline[ Id: 70bebea5-3214-4aeb-9edc-9ec69698e69e, Nodes: b40ef231-6505-402b-ae57-fc0dc67cbbe8{ip: 192.168.151.106, host: pr-hdds-1569-x2sr2-3486766547, networkLocation: /default-rack, certSerialId: null}, Type:RATIS, Factor:ONE, State:OPEN]
2019-09-25 04:50:27,495 [grpc-default-executor-0] INFO  impl.RaftServerProxy (RaftServerProxy.java:addNew(89)) - b40ef231-6505-402b-ae57-fc0dc67cbbe8: addNew group-29764987E979:[b40ef231-6505-402b-ae57-fc0dc67cbbe8:192.168.151.106:41861] returns group-29764987E979:java.util.concurrent.CompletableFuture@3c435f98[Not completed]
2019-09-25 04:50:27,496 [pool-37-thread-1] INFO  impl.RaftServerImpl (RaftServerImpl.java:<init>(95)) - b40ef231-6505-402b-ae57-fc0dc67cbbe8: new RaftServerImpl for group-29764987E979:[b40ef231-6505-402b-ae57-fc0dc67cbbe8:192.168.151.106:41861] with ContainerStateMachine:uninitialized
2019-09-25 04:50:27,496 [pool-37-thread-1] INFO  server.RaftServerConfigKeys (ConfUtils.java:logGet(43)) - raft.server.rpc.timeout.min = 5s (custom)
2019-09-25 04:50:27,497 [pool-37-thread-1] INFO  server.RaftServerConfigKeys (ConfUtils.java:logGet(43)) - raft.server.rpc.timeout.max = 5200ms (custom)
2019-09-25 04:50:27,497 [pool-37-thread-1] INFO  server.RaftServerConfigKeys (ConfUtils.java:logGet(43)) - raft.server.rpcslowness.timeout = 120s (custom)
2019-09-25 04:50:27,497 [pool-37-thread-1] INFO  server.RaftServerConfigKeys (ConfUtils.java:logGet(43)) - raft.server.sleep.deviation.threshold = 300 (default)
2019-09-25 04:50:27,497 [pool-37-thread-1] INFO  server.RaftServerConfigKeys (ConfUtils.java:logGet(43)) - raft.server.log.appender.install.snapshot.enabled = false (custom)
2019-09-25 04:50:27,497 [pool-37-thread-1] INFO  impl.RaftServerImpl (ServerState.java:<init>(103)) - b40ef231-6505-402b-ae57-fc0dc67cbbe8@group-29764987E979: ConfigurationManager, init=-1: [b40ef231-6505-402b-ae57-fc0dc67cbbe8:192.168.151.106:41861], old=null, confs=<EMPTY_MAP>
2019-09-25 04:50:27,497 [pool-37-thread-1] INFO  server.RaftServerConfigKeys (ConfUtils.java:logGet(43)) - raft.server.storage.dir = [/workdir/hadoop-ozone/integration-test/target/test-dir/MiniOzoneClusterImpl-72f6cbb0-c919-4300-9939-20ef1cbf0e73/datanode-1/data/ratis] (custom)
2019-09-25 04:50:27,498 [pool-37-thread-1] INFO  storage.RaftStorageDirectory (RaftStorageDirectory.java:analyzeStorage(246)) - The storage directory /workdir/hadoop-ozone/integration-test/target/test-dir/MiniOzoneClusterImpl-72f6cbb0-c919-4300-9939-20ef1cbf0e73/datanode-1/data/ratis/784806af-df82-45f5-b06f-29764987e979 does not exist. Creating ...
2019-09-25 04:50:27,506 [pool-37-thread-1] INFO  storage.RaftStorageDirectory (RaftStorageDirectory.java:tryLock(328)) - Lock on /workdir/hadoop-ozone/integration-test/target/test-dir/MiniOzoneClusterImpl-72f6cbb0-c919-4300-9939-20ef1cbf0e73/datanode-1/data/ratis/784806af-df82-45f5-b06f-29764987e979/in_use.lock acquired by nodename 13648@pr-hdds-1569-x2sr2-3486766547
2019-09-25 04:50:27,520 [pool-37-thread-1] INFO  storage.RaftStorage (RaftStorage.java:format(72)) - Storage directory /workdir/hadoop-ozone/integration-test/target/test-dir/MiniOzoneClusterImpl-72f6cbb0-c919-4300-9939-20ef1cbf0e73/datanode-1/data/ratis/784806af-df82-45f5-b06f-29764987e979 has been successfully formatted.
2019-09-25 04:50:27,521 [pool-37-thread-1] INFO  ratis.ContainerStateMachine (ContainerStateMachine.java:loadSnapshot(230)) - group-29764987E979: The snapshot info is null. Setting the last applied indexto:(t:0, i:~)
2019-09-25 04:50:27,521 [pool-37-thread-1] INFO  server.RaftServerConfigKeys (ConfUtils.java:logGet(43)) - raft.server.notification.no-leader.timeout = 120s (custom)
2019-09-25 04:50:27,521 [pool-37-thread-1] INFO  server.RaftServerConfigKeys (ConfUtils.java:logGet(43)) - raft.server.log.use.memory = false (default)
2019-09-25 04:50:27,521 [pool-37-thread-1] INFO  server.RaftServerConfigKeys (ConfUtils.java:logGet(43)) - raft.server.log.purge.gap = 1000000 (custom)
2019-09-25 04:50:27,521 [pool-37-thread-1] INFO  server.RaftServerConfigKeys (ConfUtils.java:logGet(43)) - raft.server.log.appender.buffer.byte-limit = 33554432 (custom)
2019-09-25 04:50:27,521 [pool-37-thread-1] INFO  server.RaftServerConfigKeys (ConfUtils.java:logGet(43)) - raft.server.log.segment.size.max = 1048576 (custom)
2019-09-25 04:50:27,522 [pool-37-thread-1] INFO  server.RaftServerConfigKeys (ConfUtils.java:logGet(43)) - raft.server.log.segment.cache.num.max = 2 (custom)
2019-09-25 04:50:27,522 [pool-37-thread-1] INFO  segmented.SegmentedRaftLogWorker (SegmentedRaftLogWorker.java:<init>(172)) - new b40ef231-6505-402b-ae57-fc0dc67cbbe8@group-29764987E979-SegmentedRaftLogWorker for RaftStorage:Storage Directory /workdir/hadoop-ozone/integration-test/target/test-dir/MiniOzoneClusterImpl-72f6cbb0-c919-4300-9939-20ef1cbf0e73/datanode-1/data/ratis/784806af-df82-45f5-b06f-29764987e979
2019-09-25 04:50:27,522 [pool-37-thread-1] INFO  server.RaftServerConfigKeys (ConfUtils.java:logGet(43)) - raft.server.log.queue.byte-limit = 2147483647 (custom)
2019-09-25 04:50:27,522 [pool-37-thread-1] INFO  server.RaftServerConfigKeys (ConfUtils.java:logGet(43)) - raft.server.log.queue.element-limit = 1024 (custom)
2019-09-25 04:50:27,522 [pool-37-thread-1] INFO  server.RaftServerConfigKeys (ConfUtils.java:logGet(43)) - raft.server.log.segment.size.max = 1048576 (custom)
2019-09-25 04:50:27,522 [pool-37-thread-1] INFO  server.RaftServerConfigKeys (ConfUtils.java:logGet(43)) - raft.server.log.preallocated.size = 16384 (custom)
2019-09-25 04:50:27,522 [pool-37-thread-1] INFO  server.RaftServerConfigKeys (ConfUtils.java:logGet(43)) - raft.server.log.write.buffer.size = 33554432 (custom)
2019-09-25 04:50:27,523 [pool-37-thread-1] INFO  server.RaftServerConfigKeys (ConfUtils.java:logGet(43)) - raft.server.log.force.sync.num = 128 (default)
2019-09-25 04:50:27,523 [pool-37-thread-1] INFO  server.RaftServerConfigKeys (ConfUtils.java:logGet(43)) - raft.server.log.statemachine.data.sync = true (default)
2019-09-25 04:50:27,523 [pool-37-thread-1] INFO  server.RaftServerConfigKeys (ConfUtils.java:logGet(43)) - raft.server.log.statemachine.data.sync.timeout = 10s (default)
2019-09-25 04:50:27,523 [pool-37-thread-1] INFO  server.RaftServerConfigKeys (ConfUtils.java:logGet(43)) - raft.server.log.statemachine.data.sync.timeout.retry = -1 (default)
2019-09-25 04:50:27,523 [pool-37-thread-1] INFO  server.RaftServerConfigKeys (ConfUtils.java:logGet(43)) - raft.server.log.statemachine.data.caching.enabled = true (custom)
2019-09-25 04:50:27,524 [pool-37-thread-1] INFO  segmented.SegmentedRaftLogWorker (SegmentedRaftLogWorker.java:lambda$new$0(132)) - b40ef231-6505-402b-ae57-fc0dc67cbbe8@group-29764987E979-SegmentedRaftLogWorker: flushIndex: setUnconditionally 0 -> -1
2019-09-25 04:50:27,524 [pool-37-thread-1] INFO  server.RaftServerConfigKeys (ConfUtils.java:logGet(43)) - raft.server.snapshot.auto.trigger.enabled = true (custom)
2019-09-25 04:50:27,524 [pool-37-thread-1] INFO  server.RaftServerConfigKeys (ConfUtils.java:logGet(43)) - raft.server.snapshot.auto.trigger.threshold = 10000 (custom)
2019-09-25 04:50:27,524 [pool-37-thread-1] INFO  server.RaftServerConfigKeys (ConfUtils.java:logGet(43)) - raft.server.snapshot.retention.num.files = 5 (custom)
2019-09-25 04:50:27,524 [pool-37-thread-1] INFO  server.RaftServerConfigKeys (ConfUtils.java:logGet(43)) - raft.server.retrycache.expirytime = 600000ms (custom)
2019-09-25 04:50:27,527 [pool-37-thread-1] INFO  impl.RaftServerImpl (RaftServerImpl.java:start(185)) - b40ef231-6505-402b-ae57-fc0dc67cbbe8@group-29764987E979: start as a follower, conf=-1: [b40ef231-6505-402b-ae57-fc0dc67cbbe8:192.168.151.106:41861], old=null
2019-09-25 04:50:27,527 [pool-37-thread-1] INFO  impl.RaftServerImpl (RaftServerImpl.java:setRole(174)) - b40ef231-6505-402b-ae57-fc0dc67cbbe8@group-29764987E979: changes role from      null to FOLLOWER at term 0 for startAsFollower
2019-09-25 04:50:27,527 [pool-37-thread-1] INFO  impl.RoleInfo (RoleInfo.java:updateAndGet(143)) - b40ef231-6505-402b-ae57-fc0dc67cbbe8: start FollowerState
2019-09-25 04:50:27,528 [pool-37-thread-1] INFO  util.JmxRegister (JmxRegister.java:tryRegister(44)) - Successfully registered JMX Bean with object name Ratis:service=RaftServer,group=group-29764987E979,id=b40ef231-6505-402b-ae57-fc0dc67cbbe8
2019-09-25 04:50:27,535 [RatisPipelineUtilsThread] INFO  pipeline.PipelineStateManager (PipelineStateManager.java:addPipeline(56)) - Created pipeline Pipeline[ Id: 784806af-df82-45f5-b06f-29764987e979, Nodes: b40ef231-6505-402b-ae57-fc0dc67cbbe8{ip: 192.168.151.106, host: pr-hdds-1569-x2sr2-3486766547, networkLocation: /default-rack, certSerialId: null}, Type:RATIS, Factor:ONE, State:OPEN]
2019-09-25 04:50:27,546 [grpc-default-executor-0] INFO  impl.RaftServerProxy (RaftServerProxy.java:addNew(89)) - b40ef231-6505-402b-ae57-fc0dc67cbbe8: addNew group-ED6871C5ABBC:[b40ef231-6505-402b-ae57-fc0dc67cbbe8:192.168.151.106:41861] returns group-ED6871C5ABBC:java.util.concurrent.CompletableFuture@32e60345[Not completed]
2019-09-25 04:50:27,548 [pool-37-thread-1] INFO  impl.RaftServerImpl (RaftServerImpl.java:<init>(95)) - b40ef231-6505-402b-ae57-fc0dc67cbbe8: new RaftServerImpl for group-ED6871C5ABBC:[b40ef231-6505-402b-ae57-fc0dc67cbbe8:192.168.151.106:41861] with ContainerStateMachine:uninitialized
2019-09-25 04:50:27,548 [pool-37-thread-1] INFO  server.RaftServerConfigKeys (ConfUtils.java:logGet(43)) - raft.server.rpc.timeout.min = 5s (custom)
2019-09-25 04:50:27,548 [pool-37-thread-1] INFO  server.RaftServerConfigKeys (ConfUtils.java:logGet(43)) - raft.server.rpc.timeout.max = 5200ms (custom)
2019-09-25 04:50:27,548 [pool-37-thread-1] INFO  server.RaftServerConfigKeys (ConfUtils.java:logGet(43)) - raft.server.rpcslowness.timeout = 120s (custom)
2019-09-25 04:50:27,548 [pool-37-thread-1] INFO  server.RaftServerConfigKeys (ConfUtils.java:logGet(43)) - raft.server.sleep.deviation.threshold = 300 (default)
2019-09-25 04:50:27,548 [pool-37-thread-1] INFO  server.RaftServerConfigKeys (ConfUtils.java:logGet(43)) - raft.server.log.appender.install.snapshot.enabled = false (custom)
2019-09-25 04:50:27,549 [pool-37-thread-1] INFO  impl.RaftServerImpl (ServerState.java:<init>(103)) - b40ef231-6505-402b-ae57-fc0dc67cbbe8@group-ED6871C5ABBC: ConfigurationManager, init=-1: [b40ef231-6505-402b-ae57-fc0dc67cbbe8:192.168.151.106:41861], old=null, confs=<EMPTY_MAP>
2019-09-25 04:50:27,549 [pool-37-thread-1] INFO  server.RaftServerConfigKeys (ConfUtils.java:logGet(43)) - raft.server.storage.dir = [/workdir/hadoop-ozone/integration-test/target/test-dir/MiniOzoneClusterImpl-72f6cbb0-c919-4300-9939-20ef1cbf0e73/datanode-1/data/ratis] (custom)
2019-09-25 04:50:27,549 [pool-37-thread-1] INFO  storage.RaftStorageDirectory (RaftStorageDirectory.java:analyzeStorage(246)) - The storage directory /workdir/hadoop-ozone/integration-test/target/test-dir/MiniOzoneClusterImpl-72f6cbb0-c919-4300-9939-20ef1cbf0e73/datanode-1/data/ratis/1057e957-f764-4385-8cf4-ed6871c5abbc does not exist. Creating ...
2019-09-25 04:50:27,555 [pool-37-thread-1] INFO  storage.RaftStorageDirectory (RaftStorageDirectory.java:tryLock(328)) - Lock on /workdir/hadoop-ozone/integration-test/target/test-dir/MiniOzoneClusterImpl-72f6cbb0-c919-4300-9939-20ef1cbf0e73/datanode-1/data/ratis/1057e957-f764-4385-8cf4-ed6871c5abbc/in_use.lock acquired by nodename 13648@pr-hdds-1569-x2sr2-3486766547
2019-09-25 04:50:27,569 [pool-37-thread-1] INFO  storage.RaftStorage (RaftStorage.java:format(72)) - Storage directory /workdir/hadoop-ozone/integration-test/target/test-dir/MiniOzoneClusterImpl-72f6cbb0-c919-4300-9939-20ef1cbf0e73/datanode-1/data/ratis/1057e957-f764-4385-8cf4-ed6871c5abbc has been successfully formatted.
2019-09-25 04:50:27,569 [pool-37-thread-1] INFO  ratis.ContainerStateMachine (ContainerStateMachine.java:loadSnapshot(230)) - group-ED6871C5ABBC: The snapshot info is null. Setting the last applied indexto:(t:0, i:~)
2019-09-25 04:50:27,569 [pool-37-thread-1] INFO  server.RaftServerConfigKeys (ConfUtils.java:logGet(43)) - raft.server.notification.no-leader.timeout = 120s (custom)
2019-09-25 04:50:27,569 [pool-37-thread-1] INFO  server.RaftServerConfigKeys (ConfUtils.java:logGet(43)) - raft.server.log.use.memory = false (default)
2019-09-25 04:50:27,569 [pool-37-thread-1] INFO  server.RaftServerConfigKeys (ConfUtils.java:logGet(43)) - raft.server.log.purge.gap = 1000000 (custom)
2019-09-25 04:50:27,570 [pool-37-thread-1] INFO  server.RaftServerConfigKeys (ConfUtils.java:logGet(43)) - raft.server.log.appender.buffer.byte-limit = 33554432 (custom)
2019-09-25 04:50:27,570 [pool-37-thread-1] INFO  server.RaftServerConfigKeys (ConfUtils.java:logGet(43)) - raft.server.log.segment.size.max = 1048576 (custom)
2019-09-25 04:50:27,570 [pool-37-thread-1] INFO  server.RaftServerConfigKeys (ConfUtils.java:logGet(43)) - raft.server.log.segment.cache.num.max = 2 (custom)
2019-09-25 04:50:27,570 [pool-37-thread-1] INFO  segmented.SegmentedRaftLogWorker (SegmentedRaftLogWorker.java:<init>(172)) - new b40ef231-6505-402b-ae57-fc0dc67cbbe8@group-ED6871C5ABBC-SegmentedRaftLogWorker for RaftStorage:Storage Directory /workdir/hadoop-ozone/integration-test/target/test-dir/MiniOzoneClusterImpl-72f6cbb0-c919-4300-9939-20ef1cbf0e73/datanode-1/data/ratis/1057e957-f764-4385-8cf4-ed6871c5abbc
2019-09-25 04:50:27,570 [pool-37-thread-1] INFO  server.RaftServerConfigKeys (ConfUtils.java:logGet(43)) - raft.server.log.queue.byte-limit = 2147483647 (custom)
2019-09-25 04:50:27,570 [pool-37-thread-1] INFO  server.RaftServerConfigKeys (ConfUtils.java:logGet(43)) - raft.server.log.queue.element-limit = 1024 (custom)
2019-09-25 04:50:27,571 [pool-37-thread-1] INFO  server.RaftServerConfigKeys (ConfUtils.java:logGet(43)) - raft.server.log.segment.size.max = 1048576 (custom)
2019-09-25 04:50:27,571 [pool-37-thread-1] INFO  server.RaftServerConfigKeys (ConfUtils.java:logGet(43)) - raft.server.log.preallocated.size = 16384 (custom)
2019-09-25 04:50:27,571 [pool-37-thread-1] INFO  server.RaftServerConfigKeys (ConfUtils.java:logGet(43)) - raft.server.log.write.buffer.size = 33554432 (custom)
2019-09-25 04:50:27,571 [pool-37-thread-1] INFO  server.RaftServerConfigKeys (ConfUtils.java:logGet(43)) - raft.server.log.force.sync.num = 128 (default)
2019-09-25 04:50:27,571 [pool-37-thread-1] INFO  server.RaftServerConfigKeys (ConfUtils.java:logGet(43)) - raft.server.log.statemachine.data.sync = true (default)
2019-09-25 04:50:27,571 [pool-37-thread-1] INFO  server.RaftServerConfigKeys (ConfUtils.java:logGet(43)) - raft.server.log.statemachine.data.sync.timeout = 10s (default)
2019-09-25 04:50:27,571 [pool-37-thread-1] INFO  server.RaftServerConfigKeys (ConfUtils.java:logGet(43)) - raft.server.log.statemachine.data.sync.timeout.retry = -1 (default)
2019-09-25 04:50:27,572 [pool-37-thread-1] INFO  server.RaftServerConfigKeys (ConfUtils.java:logGet(43)) - raft.server.log.statemachine.data.caching.enabled = true (custom)
2019-09-25 04:50:27,572 [pool-37-thread-1] INFO  segmented.SegmentedRaftLogWorker (SegmentedRaftLogWorker.java:lambda$new$0(132)) - b40ef231-6505-402b-ae57-fc0dc67cbbe8@group-ED6871C5ABBC-SegmentedRaftLogWorker: flushIndex: setUnconditionally 0 -> -1
2019-09-25 04:50:27,572 [pool-37-thread-1] INFO  server.RaftServerConfigKeys (ConfUtils.java:logGet(43)) - raft.server.snapshot.auto.trigger.enabled = true (custom)
2019-09-25 04:50:27,572 [pool-37-thread-1] INFO  server.RaftServerConfigKeys (ConfUtils.java:logGet(43)) - raft.server.snapshot.auto.trigger.threshold = 10000 (custom)
2019-09-25 04:50:27,572 [pool-37-thread-1] INFO  server.RaftServerConfigKeys (ConfUtils.java:logGet(43)) - raft.server.snapshot.retention.num.files = 5 (custom)
2019-09-25 04:50:27,573 [pool-37-thread-1] INFO  server.RaftServerConfigKeys (ConfUtils.java:logGet(43)) - raft.server.retrycache.expirytime = 600000ms (custom)
2019-09-25 04:50:27,575 [pool-37-thread-1] INFO  impl.RaftServerImpl (RaftServerImpl.java:start(185)) - b40ef231-6505-402b-ae57-fc0dc67cbbe8@group-ED6871C5ABBC: start as a follower, conf=-1: [b40ef231-6505-402b-ae57-fc0dc67cbbe8:192.168.151.106:41861], old=null
2019-09-25 04:50:27,575 [pool-37-thread-1] INFO  impl.RaftServerImpl (RaftServerImpl.java:setRole(174)) - b40ef231-6505-402b-ae57-fc0dc67cbbe8@group-ED6871C5ABBC: changes role from      null to FOLLOWER at term 0 for startAsFollower
2019-09-25 04:50:27,575 [pool-37-thread-1] INFO  impl.RoleInfo (RoleInfo.java:updateAndGet(143)) - b40ef231-6505-402b-ae57-fc0dc67cbbe8: start FollowerState
2019-09-25 04:50:27,576 [pool-37-thread-1] INFO  util.JmxRegister (JmxRegister.java:tryRegister(44)) - Successfully registered JMX Bean with object name Ratis:service=RaftServer,group=group-ED6871C5ABBC,id=b40ef231-6505-402b-ae57-fc0dc67cbbe8
2019-09-25 04:50:27,581 [RatisPipelineUtilsThread] INFO  pipeline.PipelineStateManager (PipelineStateManager.java:addPipeline(56)) - Created pipeline Pipeline[ Id: 1057e957-f764-4385-8cf4-ed6871c5abbc, Nodes: b40ef231-6505-402b-ae57-fc0dc67cbbe8{ip: 192.168.151.106, host: pr-hdds-1569-x2sr2-3486766547, networkLocation: /default-rack, certSerialId: null}, Type:RATIS, Factor:ONE, State:OPEN]
2019-09-25 04:50:27,600 [grpc-default-executor-0] INFO  impl.RaftServerProxy (RaftServerProxy.java:addNew(89)) - 45f1801e-7cfd-420a-bb39-98f19dcc81c3: addNew group-AB0D03A5A231:[45f1801e-7cfd-420a-bb39-98f19dcc81c3:192.168.151.106:38437] returns group-AB0D03A5A231:java.util.concurrent.CompletableFuture@71ba36cf[Not completed]
2019-09-25 04:50:27,603 [pool-87-thread-1] INFO  impl.RaftServerImpl (RaftServerImpl.java:<init>(95)) - 45f1801e-7cfd-420a-bb39-98f19dcc81c3: new RaftServerImpl for group-AB0D03A5A231:[45f1801e-7cfd-420a-bb39-98f19dcc81c3:192.168.151.106:38437] with ContainerStateMachine:uninitialized
2019-09-25 04:50:27,603 [pool-87-thread-1] INFO  server.RaftServerConfigKeys (ConfUtils.java:logGet(43)) - raft.server.rpc.timeout.min = 5s (custom)
2019-09-25 04:50:27,603 [pool-87-thread-1] INFO  server.RaftServerConfigKeys (ConfUtils.java:logGet(43)) - raft.server.rpc.timeout.max = 5200ms (custom)
2019-09-25 04:50:27,603 [pool-87-thread-1] INFO  server.RaftServerConfigKeys (ConfUtils.java:logGet(43)) - raft.server.rpcslowness.timeout = 120s (custom)
2019-09-25 04:50:27,603 [pool-87-thread-1] INFO  server.RaftServerConfigKeys (ConfUtils.java:logGet(43)) - raft.server.sleep.deviation.threshold = 300 (default)
2019-09-25 04:50:27,604 [pool-87-thread-1] INFO  server.RaftServerConfigKeys (ConfUtils.java:logGet(43)) - raft.server.log.appender.install.snapshot.enabled = false (custom)
2019-09-25 04:50:27,604 [pool-87-thread-1] INFO  impl.RaftServerImpl (ServerState.java:<init>(103)) - 45f1801e-7cfd-420a-bb39-98f19dcc81c3@group-AB0D03A5A231: ConfigurationManager, init=-1: [45f1801e-7cfd-420a-bb39-98f19dcc81c3:192.168.151.106:38437], old=null, confs=<EMPTY_MAP>
2019-09-25 04:50:27,604 [pool-87-thread-1] INFO  server.RaftServerConfigKeys (ConfUtils.java:logGet(43)) - raft.server.storage.dir = [/workdir/hadoop-ozone/integration-test/target/test-dir/MiniOzoneClusterImpl-72f6cbb0-c919-4300-9939-20ef1cbf0e73/datanode-6/data/ratis] (custom)
2019-09-25 04:50:27,605 [pool-87-thread-1] INFO  storage.RaftStorageDirectory (RaftStorageDirectory.java:analyzeStorage(246)) - The storage directory /workdir/hadoop-ozone/integration-test/target/test-dir/MiniOzoneClusterImpl-72f6cbb0-c919-4300-9939-20ef1cbf0e73/datanode-6/data/ratis/f2742d4d-3b26-4425-b941-ab0d03a5a231 does not exist. Creating ...
2019-09-25 04:50:27,614 [pool-87-thread-1] INFO  storage.RaftStorageDirectory (RaftStorageDirectory.java:tryLock(328)) - Lock on /workdir/hadoop-ozone/integration-test/target/test-dir/MiniOzoneClusterImpl-72f6cbb0-c919-4300-9939-20ef1cbf0e73/datanode-6/data/ratis/f2742d4d-3b26-4425-b941-ab0d03a5a231/in_use.lock acquired by nodename 13648@pr-hdds-1569-x2sr2-3486766547
2019-09-25 04:50:27,639 [pool-87-thread-1] INFO  storage.RaftStorage (RaftStorage.java:format(72)) - Storage directory /workdir/hadoop-ozone/integration-test/target/test-dir/MiniOzoneClusterImpl-72f6cbb0-c919-4300-9939-20ef1cbf0e73/datanode-6/data/ratis/f2742d4d-3b26-4425-b941-ab0d03a5a231 has been successfully formatted.
2019-09-25 04:50:27,640 [pool-87-thread-1] INFO  ratis.ContainerStateMachine (ContainerStateMachine.java:loadSnapshot(230)) - group-AB0D03A5A231: The snapshot info is null. Setting the last applied indexto:(t:0, i:~)
2019-09-25 04:50:27,640 [pool-87-thread-1] INFO  server.RaftServerConfigKeys (ConfUtils.java:logGet(43)) - raft.server.notification.no-leader.timeout = 120s (custom)
2019-09-25 04:50:27,640 [pool-87-thread-1] INFO  server.RaftServerConfigKeys (ConfUtils.java:logGet(43)) - raft.server.log.use.memory = false (default)
2019-09-25 04:50:27,641 [pool-87-thread-1] INFO  server.RaftServerConfigKeys (ConfUtils.java:logGet(43)) - raft.server.log.purge.gap = 1000000 (custom)
2019-09-25 04:50:27,641 [pool-87-thread-1] INFO  server.RaftServerConfigKeys (ConfUtils.java:logGet(43)) - raft.server.log.appender.buffer.byte-limit = 33554432 (custom)
2019-09-25 04:50:27,643 [pool-87-thread-1] INFO  server.RaftServerConfigKeys (ConfUtils.java:logGet(43)) - raft.server.log.segment.size.max = 1048576 (custom)
2019-09-25 04:50:27,643 [pool-87-thread-1] INFO  server.RaftServerConfigKeys (ConfUtils.java:logGet(43)) - raft.server.log.segment.cache.num.max = 2 (custom)
2019-09-25 04:50:27,643 [pool-87-thread-1] INFO  segmented.SegmentedRaftLogWorker (SegmentedRaftLogWorker.java:<init>(172)) - new 45f1801e-7cfd-420a-bb39-98f19dcc81c3@group-AB0D03A5A231-SegmentedRaftLogWorker for RaftStorage:Storage Directory /workdir/hadoop-ozone/integration-test/target/test-dir/MiniOzoneClusterImpl-72f6cbb0-c919-4300-9939-20ef1cbf0e73/datanode-6/data/ratis/f2742d4d-3b26-4425-b941-ab0d03a5a231
2019-09-25 04:50:27,644 [pool-87-thread-1] INFO  server.RaftServerConfigKeys (ConfUtils.java:logGet(43)) - raft.server.log.queue.byte-limit = 2147483647 (custom)
2019-09-25 04:50:27,644 [pool-87-thread-1] INFO  server.RaftServerConfigKeys (ConfUtils.java:logGet(43)) - raft.server.log.queue.element-limit = 1024 (custom)
2019-09-25 04:50:27,644 [pool-87-thread-1] INFO  server.RaftServerConfigKeys (ConfUtils.java:logGet(43)) - raft.server.log.segment.size.max = 1048576 (custom)
2019-09-25 04:50:27,644 [pool-87-thread-1] INFO  server.RaftServerConfigKeys (ConfUtils.java:logGet(43)) - raft.server.log.preallocated.size = 16384 (custom)
2019-09-25 04:50:27,644 [pool-87-thread-1] INFO  server.RaftServerConfigKeys (ConfUtils.java:logGet(43)) - raft.server.log.write.buffer.size = 33554432 (custom)
2019-09-25 04:50:27,644 [pool-87-thread-1] INFO  server.RaftServerConfigKeys (ConfUtils.java:logGet(43)) - raft.server.log.force.sync.num = 128 (default)
2019-09-25 04:50:27,645 [pool-87-thread-1] INFO  server.RaftServerConfigKeys (ConfUtils.java:logGet(43)) - raft.server.log.statemachine.data.sync = true (default)
2019-09-25 04:50:27,645 [pool-87-thread-1] INFO  server.RaftServerConfigKeys (ConfUtils.java:logGet(43)) - raft.server.log.statemachine.data.sync.timeout = 10s (default)
2019-09-25 04:50:27,645 [pool-87-thread-1] INFO  server.RaftServerConfigKeys (ConfUtils.java:logGet(43)) - raft.server.log.statemachine.data.sync.timeout.retry = -1 (default)
2019-09-25 04:50:27,645 [pool-87-thread-1] INFO  server.RaftServerConfigKeys (ConfUtils.java:logGet(43)) - raft.server.log.statemachine.data.caching.enabled = true (custom)
2019-09-25 04:50:27,646 [pool-87-thread-1] INFO  segmented.SegmentedRaftLogWorker (SegmentedRaftLogWorker.java:lambda$new$0(132)) - 45f1801e-7cfd-420a-bb39-98f19dcc81c3@group-AB0D03A5A231-SegmentedRaftLogWorker: flushIndex: setUnconditionally 0 -> -1
2019-09-25 04:50:27,646 [pool-87-thread-1] INFO  server.RaftServerConfigKeys (ConfUtils.java:logGet(43)) - raft.server.snapshot.auto.trigger.enabled = true (custom)
2019-09-25 04:50:27,646 [pool-87-thread-1] INFO  server.RaftServerConfigKeys (ConfUtils.java:logGet(43)) - raft.server.snapshot.auto.trigger.threshold = 10000 (custom)
2019-09-25 04:50:27,646 [pool-87-thread-1] INFO  server.RaftServerConfigKeys (ConfUtils.java:logGet(43)) - raft.server.snapshot.retention.num.files = 5 (custom)
2019-09-25 04:50:27,647 [pool-87-thread-1] INFO  server.RaftServerConfigKeys (ConfUtils.java:logGet(43)) - raft.server.retrycache.expirytime = 600000ms (custom)
2019-09-25 04:50:27,650 [pool-87-thread-1] INFO  impl.RaftServerImpl (RaftServerImpl.java:start(185)) - 45f1801e-7cfd-420a-bb39-98f19dcc81c3@group-AB0D03A5A231: start as a follower, conf=-1: [45f1801e-7cfd-420a-bb39-98f19dcc81c3:192.168.151.106:38437], old=null
2019-09-25 04:50:27,650 [pool-87-thread-1] INFO  impl.RaftServerImpl (RaftServerImpl.java:setRole(174)) - 45f1801e-7cfd-420a-bb39-98f19dcc81c3@group-AB0D03A5A231: changes role from      null to FOLLOWER at term 0 for startAsFollower
2019-09-25 04:50:27,650 [pool-87-thread-1] INFO  impl.RoleInfo (RoleInfo.java:updateAndGet(143)) - 45f1801e-7cfd-420a-bb39-98f19dcc81c3: start FollowerState
2019-09-25 04:50:27,651 [pool-87-thread-1] INFO  util.JmxRegister (JmxRegister.java:tryRegister(44)) - Successfully registered JMX Bean with object name Ratis:service=RaftServer,group=group-AB0D03A5A231,id=45f1801e-7cfd-420a-bb39-98f19dcc81c3
2019-09-25 04:50:27,657 [RatisPipelineUtilsThread] INFO  pipeline.PipelineStateManager (PipelineStateManager.java:addPipeline(56)) - Created pipeline Pipeline[ Id: f2742d4d-3b26-4425-b941-ab0d03a5a231, Nodes: 45f1801e-7cfd-420a-bb39-98f19dcc81c3{ip: 192.168.151.106, host: pr-hdds-1569-x2sr2-3486766547, networkLocation: /default-rack, certSerialId: null}, Type:RATIS, Factor:ONE, State:OPEN]
2019-09-25 04:50:27,667 [grpc-default-executor-0] INFO  impl.RaftServerProxy (RaftServerProxy.java:addNew(89)) - a167ab1f-c96d-409e-bb26-ea230783d833: addNew group-F70EE98DBC91:[a167ab1f-c96d-409e-bb26-ea230783d833:192.168.151.106:33404] returns group-F70EE98DBC91:java.util.concurrent.CompletableFuture@583b6f4[Not completed]
2019-09-25 04:50:27,669 [pool-47-thread-1] INFO  impl.RaftServerImpl (RaftServerImpl.java:<init>(95)) - a167ab1f-c96d-409e-bb26-ea230783d833: new RaftServerImpl for group-F70EE98DBC91:[a167ab1f-c96d-409e-bb26-ea230783d833:192.168.151.106:33404] with ContainerStateMachine:uninitialized
2019-09-25 04:50:27,669 [pool-47-thread-1] INFO  server.RaftServerConfigKeys (ConfUtils.java:logGet(43)) - raft.server.rpc.timeout.min = 5s (custom)
2019-09-25 04:50:27,670 [pool-47-thread-1] INFO  server.RaftServerConfigKeys (ConfUtils.java:logGet(43)) - raft.server.rpc.timeout.max = 5200ms (custom)
2019-09-25 04:50:27,670 [pool-47-thread-1] INFO  server.RaftServerConfigKeys (ConfUtils.java:logGet(43)) - raft.server.rpcslowness.timeout = 120s (custom)
2019-09-25 04:50:27,670 [pool-47-thread-1] INFO  server.RaftServerConfigKeys (ConfUtils.java:logGet(43)) - raft.server.sleep.deviation.threshold = 300 (default)
2019-09-25 04:50:27,670 [pool-47-thread-1] INFO  server.RaftServerConfigKeys (ConfUtils.java:logGet(43)) - raft.server.log.appender.install.snapshot.enabled = false (custom)
2019-09-25 04:50:27,670 [pool-47-thread-1] INFO  impl.RaftServerImpl (ServerState.java:<init>(103)) - a167ab1f-c96d-409e-bb26-ea230783d833@group-F70EE98DBC91: ConfigurationManager, init=-1: [a167ab1f-c96d-409e-bb26-ea230783d833:192.168.151.106:33404], old=null, confs=<EMPTY_MAP>
2019-09-25 04:50:27,671 [pool-47-thread-1] INFO  server.RaftServerConfigKeys (ConfUtils.java:logGet(43)) - raft.server.storage.dir = [/workdir/hadoop-ozone/integration-test/target/test-dir/MiniOzoneClusterImpl-72f6cbb0-c919-4300-9939-20ef1cbf0e73/datanode-2/data/ratis] (custom)
2019-09-25 04:50:27,671 [pool-47-thread-1] INFO  storage.RaftStorageDirectory (RaftStorageDirectory.java:analyzeStorage(246)) - The storage directory /workdir/hadoop-ozone/integration-test/target/test-dir/MiniOzoneClusterImpl-72f6cbb0-c919-4300-9939-20ef1cbf0e73/datanode-2/data/ratis/e2781180-c805-4b98-b193-f70ee98dbc91 does not exist. Creating ...
2019-09-25 04:50:27,675 [pool-47-thread-1] INFO  storage.RaftStorageDirectory (RaftStorageDirectory.java:tryLock(328)) - Lock on /workdir/hadoop-ozone/integration-test/target/test-dir/MiniOzoneClusterImpl-72f6cbb0-c919-4300-9939-20ef1cbf0e73/datanode-2/data/ratis/e2781180-c805-4b98-b193-f70ee98dbc91/in_use.lock acquired by nodename 13648@pr-hdds-1569-x2sr2-3486766547
2019-09-25 04:50:27,681 [pool-47-thread-1] INFO  storage.RaftStorage (RaftStorage.java:format(72)) - Storage directory /workdir/hadoop-ozone/integration-test/target/test-dir/MiniOzoneClusterImpl-72f6cbb0-c919-4300-9939-20ef1cbf0e73/datanode-2/data/ratis/e2781180-c805-4b98-b193-f70ee98dbc91 has been successfully formatted.
2019-09-25 04:50:27,682 [pool-47-thread-1] INFO  ratis.ContainerStateMachine (ContainerStateMachine.java:loadSnapshot(230)) - group-F70EE98DBC91: The snapshot info is null. Setting the last applied indexto:(t:0, i:~)
2019-09-25 04:50:27,682 [pool-47-thread-1] INFO  server.RaftServerConfigKeys (ConfUtils.java:logGet(43)) - raft.server.notification.no-leader.timeout = 120s (custom)
2019-09-25 04:50:27,682 [pool-47-thread-1] INFO  server.RaftServerConfigKeys (ConfUtils.java:logGet(43)) - raft.server.log.use.memory = false (default)
2019-09-25 04:50:27,682 [pool-47-thread-1] INFO  server.RaftServerConfigKeys (ConfUtils.java:logGet(43)) - raft.server.log.purge.gap = 1000000 (custom)
2019-09-25 04:50:27,682 [pool-47-thread-1] INFO  server.RaftServerConfigKeys (ConfUtils.java:logGet(43)) - raft.server.log.appender.buffer.byte-limit = 33554432 (custom)
2019-09-25 04:50:27,683 [pool-47-thread-1] INFO  server.RaftServerConfigKeys (ConfUtils.java:logGet(43)) - raft.server.log.segment.size.max = 1048576 (custom)
2019-09-25 04:50:27,683 [pool-47-thread-1] INFO  server.RaftServerConfigKeys (ConfUtils.java:logGet(43)) - raft.server.log.segment.cache.num.max = 2 (custom)
2019-09-25 04:50:27,683 [pool-47-thread-1] INFO  segmented.SegmentedRaftLogWorker (SegmentedRaftLogWorker.java:<init>(172)) - new a167ab1f-c96d-409e-bb26-ea230783d833@group-F70EE98DBC91-SegmentedRaftLogWorker for RaftStorage:Storage Directory /workdir/hadoop-ozone/integration-test/target/test-dir/MiniOzoneClusterImpl-72f6cbb0-c919-4300-9939-20ef1cbf0e73/datanode-2/data/ratis/e2781180-c805-4b98-b193-f70ee98dbc91
2019-09-25 04:50:27,683 [pool-47-thread-1] INFO  server.RaftServerConfigKeys (ConfUtils.java:logGet(43)) - raft.server.log.queue.byte-limit = 2147483647 (custom)
2019-09-25 04:50:27,683 [pool-47-thread-1] INFO  server.RaftServerConfigKeys (ConfUtils.java:logGet(43)) - raft.server.log.queue.element-limit = 1024 (custom)
2019-09-25 04:50:27,684 [pool-47-thread-1] INFO  server.RaftServerConfigKeys (ConfUtils.java:logGet(43)) - raft.server.log.segment.size.max = 1048576 (custom)
2019-09-25 04:50:27,684 [pool-47-thread-1] INFO  server.RaftServerConfigKeys (ConfUtils.java:logGet(43)) - raft.server.log.preallocated.size = 16384 (custom)
2019-09-25 04:50:27,684 [pool-47-thread-1] INFO  server.RaftServerConfigKeys (ConfUtils.java:logGet(43)) - raft.server.log.write.buffer.size = 33554432 (custom)
2019-09-25 04:50:27,684 [pool-47-thread-1] INFO  server.RaftServerConfigKeys (ConfUtils.java:logGet(43)) - raft.server.log.force.sync.num = 128 (default)
2019-09-25 04:50:27,684 [pool-47-thread-1] INFO  server.RaftServerConfigKeys (ConfUtils.java:logGet(43)) - raft.server.log.statemachine.data.sync = true (default)
2019-09-25 04:50:27,684 [pool-47-thread-1] INFO  server.RaftServerConfigKeys (ConfUtils.java:logGet(43)) - raft.server.log.statemachine.data.sync.timeout = 10s (default)
2019-09-25 04:50:27,685 [pool-47-thread-1] INFO  server.RaftServerConfigKeys (ConfUtils.java:logGet(43)) - raft.server.log.statemachine.data.sync.timeout.retry = -1 (default)
2019-09-25 04:50:27,685 [pool-47-thread-1] INFO  server.RaftServerConfigKeys (ConfUtils.java:logGet(43)) - raft.server.log.statemachine.data.caching.enabled = true (custom)
2019-09-25 04:50:27,685 [pool-47-thread-1] INFO  segmented.SegmentedRaftLogWorker (SegmentedRaftLogWorker.java:lambda$new$0(132)) - a167ab1f-c96d-409e-bb26-ea230783d833@group-F70EE98DBC91-SegmentedRaftLogWorker: flushIndex: setUnconditionally 0 -> -1
2019-09-25 04:50:27,685 [pool-47-thread-1] INFO  server.RaftServerConfigKeys (ConfUtils.java:logGet(43)) - raft.server.snapshot.auto.trigger.enabled = true (custom)
2019-09-25 04:50:27,686 [pool-47-thread-1] INFO  server.RaftServerConfigKeys (ConfUtils.java:logGet(43)) - raft.server.snapshot.auto.trigger.threshold = 10000 (custom)
2019-09-25 04:50:27,686 [pool-47-thread-1] INFO  server.RaftServerConfigKeys (ConfUtils.java:logGet(43)) - raft.server.snapshot.retention.num.files = 5 (custom)
2019-09-25 04:50:27,686 [pool-47-thread-1] INFO  server.RaftServerConfigKeys (ConfUtils.java:logGet(43)) - raft.server.retrycache.expirytime = 600000ms (custom)
2019-09-25 04:50:27,689 [pool-47-thread-1] INFO  impl.RaftServerImpl (RaftServerImpl.java:start(185)) - a167ab1f-c96d-409e-bb26-ea230783d833@group-F70EE98DBC91: start as a follower, conf=-1: [a167ab1f-c96d-409e-bb26-ea230783d833:192.168.151.106:33404], old=null
2019-09-25 04:50:27,689 [pool-47-thread-1] INFO  impl.RaftServerImpl (RaftServerImpl.java:setRole(174)) - a167ab1f-c96d-409e-bb26-ea230783d833@group-F70EE98DBC91: changes role from      null to FOLLOWER at term 0 for startAsFollower
2019-09-25 04:50:27,689 [pool-47-thread-1] INFO  impl.RoleInfo (RoleInfo.java:updateAndGet(143)) - a167ab1f-c96d-409e-bb26-ea230783d833: start FollowerState
2019-09-25 04:50:27,690 [pool-47-thread-1] INFO  util.JmxRegister (JmxRegister.java:tryRegister(44)) - Successfully registered JMX Bean with object name Ratis:service=RaftServer,group=group-F70EE98DBC91,id=a167ab1f-c96d-409e-bb26-ea230783d833
2019-09-25 04:50:27,695 [RatisPipelineUtilsThread] INFO  pipeline.PipelineStateManager (PipelineStateManager.java:addPipeline(56)) - Created pipeline Pipeline[ Id: e2781180-c805-4b98-b193-f70ee98dbc91, Nodes: a167ab1f-c96d-409e-bb26-ea230783d833{ip: 192.168.151.106, host: pr-hdds-1569-x2sr2-3486766547, networkLocation: /default-rack, certSerialId: null}, Type:RATIS, Factor:ONE, State:OPEN]
2019-09-25 04:50:27,707 [grpc-default-executor-0] INFO  impl.RaftServerProxy (RaftServerProxy.java:addNew(89)) - 4f7802c6-3418-4fbd-b0c6-a8e36fcecb0a: addNew group-F6CFB8599EAE:[4f7802c6-3418-4fbd-b0c6-a8e36fcecb0a:192.168.151.106:42026] returns group-F6CFB8599EAE:java.util.concurrent.CompletableFuture@6a22c344[Not completed]
2019-09-25 04:50:27,708 [pool-57-thread-1] INFO  impl.RaftServerImpl (RaftServerImpl.java:<init>(95)) - 4f7802c6-3418-4fbd-b0c6-a8e36fcecb0a: new RaftServerImpl for group-F6CFB8599EAE:[4f7802c6-3418-4fbd-b0c6-a8e36fcecb0a:192.168.151.106:42026] with ContainerStateMachine:uninitialized
2019-09-25 04:50:27,708 [pool-57-thread-1] INFO  server.RaftServerConfigKeys (ConfUtils.java:logGet(43)) - raft.server.rpc.timeout.min = 5s (custom)
2019-09-25 04:50:27,708 [pool-57-thread-1] INFO  server.RaftServerConfigKeys (ConfUtils.java:logGet(43)) - raft.server.rpc.timeout.max = 5200ms (custom)
2019-09-25 04:50:27,709 [pool-57-thread-1] INFO  server.RaftServerConfigKeys (ConfUtils.java:logGet(43)) - raft.server.rpcslowness.timeout = 120s (custom)
2019-09-25 04:50:27,709 [pool-57-thread-1] INFO  server.RaftServerConfigKeys (ConfUtils.java:logGet(43)) - raft.server.sleep.deviation.threshold = 300 (default)
2019-09-25 04:50:27,709 [pool-57-thread-1] INFO  server.RaftServerConfigKeys (ConfUtils.java:logGet(43)) - raft.server.log.appender.install.snapshot.enabled = false (custom)
2019-09-25 04:50:27,709 [pool-57-thread-1] INFO  impl.RaftServerImpl (ServerState.java:<init>(103)) - 4f7802c6-3418-4fbd-b0c6-a8e36fcecb0a@group-F6CFB8599EAE: ConfigurationManager, init=-1: [4f7802c6-3418-4fbd-b0c6-a8e36fcecb0a:192.168.151.106:42026], old=null, confs=<EMPTY_MAP>
2019-09-25 04:50:27,709 [pool-57-thread-1] INFO  server.RaftServerConfigKeys (ConfUtils.java:logGet(43)) - raft.server.storage.dir = [/workdir/hadoop-ozone/integration-test/target/test-dir/MiniOzoneClusterImpl-72f6cbb0-c919-4300-9939-20ef1cbf0e73/datanode-3/data/ratis] (custom)
2019-09-25 04:50:27,710 [pool-57-thread-1] INFO  storage.RaftStorageDirectory (RaftStorageDirectory.java:analyzeStorage(246)) - The storage directory /workdir/hadoop-ozone/integration-test/target/test-dir/MiniOzoneClusterImpl-72f6cbb0-c919-4300-9939-20ef1cbf0e73/datanode-3/data/ratis/1a179465-c904-427f-bb71-f6cfb8599eae does not exist. Creating ...
2019-09-25 04:50:27,722 [pool-57-thread-1] INFO  storage.RaftStorageDirectory (RaftStorageDirectory.java:tryLock(328)) - Lock on /workdir/hadoop-ozone/integration-test/target/test-dir/MiniOzoneClusterImpl-72f6cbb0-c919-4300-9939-20ef1cbf0e73/datanode-3/data/ratis/1a179465-c904-427f-bb71-f6cfb8599eae/in_use.lock acquired by nodename 13648@pr-hdds-1569-x2sr2-3486766547
2019-09-25 04:50:27,735 [pool-57-thread-1] INFO  storage.RaftStorage (RaftStorage.java:format(72)) - Storage directory /workdir/hadoop-ozone/integration-test/target/test-dir/MiniOzoneClusterImpl-72f6cbb0-c919-4300-9939-20ef1cbf0e73/datanode-3/data/ratis/1a179465-c904-427f-bb71-f6cfb8599eae has been successfully formatted.
2019-09-25 04:50:27,736 [pool-57-thread-1] INFO  ratis.ContainerStateMachine (ContainerStateMachine.java:loadSnapshot(230)) - group-F6CFB8599EAE: The snapshot info is null. Setting the last applied indexto:(t:0, i:~)
2019-09-25 04:50:27,736 [pool-57-thread-1] INFO  server.RaftServerConfigKeys (ConfUtils.java:logGet(43)) - raft.server.notification.no-leader.timeout = 120s (custom)
2019-09-25 04:50:27,736 [pool-57-thread-1] INFO  server.RaftServerConfigKeys (ConfUtils.java:logGet(43)) - raft.server.log.use.memory = false (default)
2019-09-25 04:50:27,736 [pool-57-thread-1] INFO  server.RaftServerConfigKeys (ConfUtils.java:logGet(43)) - raft.server.log.purge.gap = 1000000 (custom)
2019-09-25 04:50:27,736 [pool-57-thread-1] INFO  server.RaftServerConfigKeys (ConfUtils.java:logGet(43)) - raft.server.log.appender.buffer.byte-limit = 33554432 (custom)
2019-09-25 04:50:27,737 [pool-57-thread-1] INFO  server.RaftServerConfigKeys (ConfUtils.java:logGet(43)) - raft.server.log.segment.size.max = 1048576 (custom)
2019-09-25 04:50:27,737 [pool-57-thread-1] INFO  server.RaftServerConfigKeys (ConfUtils.java:logGet(43)) - raft.server.log.segment.cache.num.max = 2 (custom)
2019-09-25 04:50:27,737 [pool-57-thread-1] INFO  segmented.SegmentedRaftLogWorker (SegmentedRaftLogWorker.java:<init>(172)) - new 4f7802c6-3418-4fbd-b0c6-a8e36fcecb0a@group-F6CFB8599EAE-SegmentedRaftLogWorker for RaftStorage:Storage Directory /workdir/hadoop-ozone/integration-test/target/test-dir/MiniOzoneClusterImpl-72f6cbb0-c919-4300-9939-20ef1cbf0e73/datanode-3/data/ratis/1a179465-c904-427f-bb71-f6cfb8599eae
2019-09-25 04:50:27,737 [pool-57-thread-1] INFO  server.RaftServerConfigKeys (ConfUtils.java:logGet(43)) - raft.server.log.queue.byte-limit = 2147483647 (custom)
2019-09-25 04:50:27,737 [pool-57-thread-1] INFO  server.RaftServerConfigKeys (ConfUtils.java:logGet(43)) - raft.server.log.queue.element-limit = 1024 (custom)
2019-09-25 04:50:27,737 [pool-57-thread-1] INFO  server.RaftServerConfigKeys (ConfUtils.java:logGet(43)) - raft.server.log.segment.size.max = 1048576 (custom)
2019-09-25 04:50:27,738 [pool-57-thread-1] INFO  server.RaftServerConfigKeys (ConfUtils.java:logGet(43)) - raft.server.log.preallocated.size = 16384 (custom)
2019-09-25 04:50:27,738 [pool-57-thread-1] INFO  server.RaftServerConfigKeys (ConfUtils.java:logGet(43)) - raft.server.log.write.buffer.size = 33554432 (custom)
2019-09-25 04:50:27,738 [pool-57-thread-1] INFO  server.RaftServerConfigKeys (ConfUtils.java:logGet(43)) - raft.server.log.force.sync.num = 128 (default)
2019-09-25 04:50:27,738 [pool-57-thread-1] INFO  server.RaftServerConfigKeys (ConfUtils.java:logGet(43)) - raft.server.log.statemachine.data.sync = true (default)
2019-09-25 04:50:27,738 [pool-57-thread-1] INFO  server.RaftServerConfigKeys (ConfUtils.java:logGet(43)) - raft.server.log.statemachine.data.sync.timeout = 10s (default)
2019-09-25 04:50:27,738 [pool-57-thread-1] INFO  server.RaftServerConfigKeys (ConfUtils.java:logGet(43)) - raft.server.log.statemachine.data.sync.timeout.retry = -1 (default)
2019-09-25 04:50:27,739 [pool-57-thread-1] INFO  server.RaftServerConfigKeys (ConfUtils.java:logGet(43)) - raft.server.log.statemachine.data.caching.enabled = true (custom)
2019-09-25 04:50:27,739 [pool-57-thread-1] INFO  segmented.SegmentedRaftLogWorker (SegmentedRaftLogWorker.java:lambda$new$0(132)) - 4f7802c6-3418-4fbd-b0c6-a8e36fcecb0a@group-F6CFB8599EAE-SegmentedRaftLogWorker: flushIndex: setUnconditionally 0 -> -1
2019-09-25 04:50:27,739 [pool-57-thread-1] INFO  server.RaftServerConfigKeys (ConfUtils.java:logGet(43)) - raft.server.snapshot.auto.trigger.enabled = true (custom)
2019-09-25 04:50:27,739 [pool-57-thread-1] INFO  server.RaftServerConfigKeys (ConfUtils.java:logGet(43)) - raft.server.snapshot.auto.trigger.threshold = 10000 (custom)
2019-09-25 04:50:27,740 [pool-57-thread-1] INFO  server.RaftServerConfigKeys (ConfUtils.java:logGet(43)) - raft.server.snapshot.retention.num.files = 5 (custom)
2019-09-25 04:50:27,740 [pool-57-thread-1] INFO  server.RaftServerConfigKeys (ConfUtils.java:logGet(43)) - raft.server.retrycache.expirytime = 600000ms (custom)
2019-09-25 04:50:27,742 [pool-57-thread-1] INFO  impl.RaftServerImpl (RaftServerImpl.java:start(185)) - 4f7802c6-3418-4fbd-b0c6-a8e36fcecb0a@group-F6CFB8599EAE: start as a follower, conf=-1: [4f7802c6-3418-4fbd-b0c6-a8e36fcecb0a:192.168.151.106:42026], old=null
2019-09-25 04:50:27,742 [pool-57-thread-1] INFO  impl.RaftServerImpl (RaftServerImpl.java:setRole(174)) - 4f7802c6-3418-4fbd-b0c6-a8e36fcecb0a@group-F6CFB8599EAE: changes role from      null to FOLLOWER at term 0 for startAsFollower
2019-09-25 04:50:27,743 [pool-57-thread-1] INFO  impl.RoleInfo (RoleInfo.java:updateAndGet(143)) - 4f7802c6-3418-4fbd-b0c6-a8e36fcecb0a: start FollowerState
2019-09-25 04:50:27,743 [pool-57-thread-1] INFO  util.JmxRegister (JmxRegister.java:tryRegister(44)) - Successfully registered JMX Bean with object name Ratis:service=RaftServer,group=group-F6CFB8599EAE,id=4f7802c6-3418-4fbd-b0c6-a8e36fcecb0a
2019-09-25 04:50:27,750 [RatisPipelineUtilsThread] INFO  pipeline.PipelineStateManager (PipelineStateManager.java:addPipeline(56)) - Created pipeline Pipeline[ Id: 1a179465-c904-427f-bb71-f6cfb8599eae, Nodes: 4f7802c6-3418-4fbd-b0c6-a8e36fcecb0a{ip: 192.168.151.106, host: pr-hdds-1569-x2sr2-3486766547, networkLocation: /default-rack, certSerialId: null}, Type:RATIS, Factor:ONE, State:OPEN]
2019-09-25 04:50:27,764 [grpc-default-executor-0] INFO  impl.RaftServerProxy (RaftServerProxy.java:addNew(89)) - c35819d4-86f4-4223-a458-676070fe0cbb: addNew group-431FB16BB722:[c35819d4-86f4-4223-a458-676070fe0cbb:192.168.151.106:44434] returns group-431FB16BB722:java.util.concurrent.CompletableFuture@1e944309[Not completed]
2019-09-25 04:50:27,766 [pool-27-thread-1] INFO  impl.RaftServerImpl (RaftServerImpl.java:<init>(95)) - c35819d4-86f4-4223-a458-676070fe0cbb: new RaftServerImpl for group-431FB16BB722:[c35819d4-86f4-4223-a458-676070fe0cbb:192.168.151.106:44434] with ContainerStateMachine:uninitialized
2019-09-25 04:50:27,766 [pool-27-thread-1] INFO  server.RaftServerConfigKeys (ConfUtils.java:logGet(43)) - raft.server.rpc.timeout.min = 5s (custom)
2019-09-25 04:50:27,766 [pool-27-thread-1] INFO  server.RaftServerConfigKeys (ConfUtils.java:logGet(43)) - raft.server.rpc.timeout.max = 5200ms (custom)
2019-09-25 04:50:27,766 [pool-27-thread-1] INFO  server.RaftServerConfigKeys (ConfUtils.java:logGet(43)) - raft.server.rpcslowness.timeout = 120s (custom)
2019-09-25 04:50:27,766 [pool-27-thread-1] INFO  server.RaftServerConfigKeys (ConfUtils.java:logGet(43)) - raft.server.sleep.deviation.threshold = 300 (default)
2019-09-25 04:50:27,767 [pool-27-thread-1] INFO  server.RaftServerConfigKeys (ConfUtils.java:logGet(43)) - raft.server.log.appender.install.snapshot.enabled = false (custom)
2019-09-25 04:50:27,767 [pool-27-thread-1] INFO  impl.RaftServerImpl (ServerState.java:<init>(103)) - c35819d4-86f4-4223-a458-676070fe0cbb@group-431FB16BB722: ConfigurationManager, init=-1: [c35819d4-86f4-4223-a458-676070fe0cbb:192.168.151.106:44434], old=null, confs=<EMPTY_MAP>
2019-09-25 04:50:27,767 [pool-27-thread-1] INFO  server.RaftServerConfigKeys (ConfUtils.java:logGet(43)) - raft.server.storage.dir = [/workdir/hadoop-ozone/integration-test/target/test-dir/MiniOzoneClusterImpl-72f6cbb0-c919-4300-9939-20ef1cbf0e73/datanode-0/data/ratis] (custom)
2019-09-25 04:50:27,767 [pool-27-thread-1] INFO  storage.RaftStorageDirectory (RaftStorageDirectory.java:analyzeStorage(246)) - The storage directory /workdir/hadoop-ozone/integration-test/target/test-dir/MiniOzoneClusterImpl-72f6cbb0-c919-4300-9939-20ef1cbf0e73/datanode-0/data/ratis/49162b8f-f575-46f8-af2b-431fb16bb722 does not exist. Creating ...
2019-09-25 04:50:27,782 [pool-27-thread-1] INFO  storage.RaftStorageDirectory (RaftStorageDirectory.java:tryLock(328)) - Lock on /workdir/hadoop-ozone/integration-test/target/test-dir/MiniOzoneClusterImpl-72f6cbb0-c919-4300-9939-20ef1cbf0e73/datanode-0/data/ratis/49162b8f-f575-46f8-af2b-431fb16bb722/in_use.lock acquired by nodename 13648@pr-hdds-1569-x2sr2-3486766547
2019-09-25 04:50:27,795 [pool-27-thread-1] INFO  storage.RaftStorage (RaftStorage.java:format(72)) - Storage directory /workdir/hadoop-ozone/integration-test/target/test-dir/MiniOzoneClusterImpl-72f6cbb0-c919-4300-9939-20ef1cbf0e73/datanode-0/data/ratis/49162b8f-f575-46f8-af2b-431fb16bb722 has been successfully formatted.
2019-09-25 04:50:27,795 [pool-27-thread-1] INFO  ratis.ContainerStateMachine (ContainerStateMachine.java:loadSnapshot(230)) - group-431FB16BB722: The snapshot info is null. Setting the last applied indexto:(t:0, i:~)
2019-09-25 04:50:27,795 [pool-27-thread-1] INFO  server.RaftServerConfigKeys (ConfUtils.java:logGet(43)) - raft.server.notification.no-leader.timeout = 120s (custom)
2019-09-25 04:50:27,795 [pool-27-thread-1] INFO  server.RaftServerConfigKeys (ConfUtils.java:logGet(43)) - raft.server.log.use.memory = false (default)
2019-09-25 04:50:27,795 [pool-27-thread-1] INFO  server.RaftServerConfigKeys (ConfUtils.java:logGet(43)) - raft.server.log.purge.gap = 1000000 (custom)
2019-09-25 04:50:27,796 [pool-27-thread-1] INFO  server.RaftServerConfigKeys (ConfUtils.java:logGet(43)) - raft.server.log.appender.buffer.byte-limit = 33554432 (custom)
2019-09-25 04:50:27,796 [pool-27-thread-1] INFO  server.RaftServerConfigKeys (ConfUtils.java:logGet(43)) - raft.server.log.segment.size.max = 1048576 (custom)
2019-09-25 04:50:27,796 [pool-27-thread-1] INFO  server.RaftServerConfigKeys (ConfUtils.java:logGet(43)) - raft.server.log.segment.cache.num.max = 2 (custom)
2019-09-25 04:50:27,796 [pool-27-thread-1] INFO  segmented.SegmentedRaftLogWorker (SegmentedRaftLogWorker.java:<init>(172)) - new c35819d4-86f4-4223-a458-676070fe0cbb@group-431FB16BB722-SegmentedRaftLogWorker for RaftStorage:Storage Directory /workdir/hadoop-ozone/integration-test/target/test-dir/MiniOzoneClusterImpl-72f6cbb0-c919-4300-9939-20ef1cbf0e73/datanode-0/data/ratis/49162b8f-f575-46f8-af2b-431fb16bb722
2019-09-25 04:50:27,796 [pool-27-thread-1] INFO  server.RaftServerConfigKeys (ConfUtils.java:logGet(43)) - raft.server.log.queue.byte-limit = 2147483647 (custom)
2019-09-25 04:50:27,796 [pool-27-thread-1] INFO  server.RaftServerConfigKeys (ConfUtils.java:logGet(43)) - raft.server.log.queue.element-limit = 1024 (custom)
2019-09-25 04:50:27,796 [pool-27-thread-1] INFO  server.RaftServerConfigKeys (ConfUtils.java:logGet(43)) - raft.server.log.segment.size.max = 1048576 (custom)
2019-09-25 04:50:27,797 [pool-27-thread-1] INFO  server.RaftServerConfigKeys (ConfUtils.java:logGet(43)) - raft.server.log.preallocated.size = 16384 (custom)
2019-09-25 04:50:27,797 [pool-27-thread-1] INFO  server.RaftServerConfigKeys (ConfUtils.java:logGet(43)) - raft.server.log.write.buffer.size = 33554432 (custom)
2019-09-25 04:50:27,797 [pool-27-thread-1] INFO  server.RaftServerConfigKeys (ConfUtils.java:logGet(43)) - raft.server.log.force.sync.num = 128 (default)
2019-09-25 04:50:27,797 [pool-27-thread-1] INFO  server.RaftServerConfigKeys (ConfUtils.java:logGet(43)) - raft.server.log.statemachine.data.sync = true (default)
2019-09-25 04:50:27,797 [pool-27-thread-1] INFO  server.RaftServerConfigKeys (ConfUtils.java:logGet(43)) - raft.server.log.statemachine.data.sync.timeout = 10s (default)
2019-09-25 04:50:27,797 [pool-27-thread-1] INFO  server.RaftServerConfigKeys (ConfUtils.java:logGet(43)) - raft.server.log.statemachine.data.sync.timeout.retry = -1 (default)
2019-09-25 04:50:27,798 [pool-27-thread-1] INFO  server.RaftServerConfigKeys (ConfUtils.java:logGet(43)) - raft.server.log.statemachine.data.caching.enabled = true (custom)
2019-09-25 04:50:27,798 [pool-27-thread-1] INFO  segmented.SegmentedRaftLogWorker (SegmentedRaftLogWorker.java:lambda$new$0(132)) - c35819d4-86f4-4223-a458-676070fe0cbb@group-431FB16BB722-SegmentedRaftLogWorker: flushIndex: setUnconditionally 0 -> -1
2019-09-25 04:50:27,798 [pool-27-thread-1] INFO  server.RaftServerConfigKeys (ConfUtils.java:logGet(43)) - raft.server.snapshot.auto.trigger.enabled = true (custom)
2019-09-25 04:50:27,798 [pool-27-thread-1] INFO  server.RaftServerConfigKeys (ConfUtils.java:logGet(43)) - raft.server.snapshot.auto.trigger.threshold = 10000 (custom)
2019-09-25 04:50:27,798 [pool-27-thread-1] INFO  server.RaftServerConfigKeys (ConfUtils.java:logGet(43)) - raft.server.snapshot.retention.num.files = 5 (custom)
2019-09-25 04:50:27,799 [pool-27-thread-1] INFO  server.RaftServerConfigKeys (ConfUtils.java:logGet(43)) - raft.server.retrycache.expirytime = 600000ms (custom)
2019-09-25 04:50:27,801 [pool-27-thread-1] INFO  impl.RaftServerImpl (RaftServerImpl.java:start(185)) - c35819d4-86f4-4223-a458-676070fe0cbb@group-431FB16BB722: start as a follower, conf=-1: [c35819d4-86f4-4223-a458-676070fe0cbb:192.168.151.106:44434], old=null
2019-09-25 04:50:27,801 [pool-27-thread-1] INFO  impl.RaftServerImpl (RaftServerImpl.java:setRole(174)) - c35819d4-86f4-4223-a458-676070fe0cbb@group-431FB16BB722: changes role from      null to FOLLOWER at term 0 for startAsFollower
2019-09-25 04:50:27,801 [pool-27-thread-1] INFO  impl.RoleInfo (RoleInfo.java:updateAndGet(143)) - c35819d4-86f4-4223-a458-676070fe0cbb: start FollowerState
2019-09-25 04:50:27,802 [pool-27-thread-1] INFO  util.JmxRegister (JmxRegister.java:tryRegister(44)) - Successfully registered JMX Bean with object name Ratis:service=RaftServer,group=group-431FB16BB722,id=c35819d4-86f4-4223-a458-676070fe0cbb
2019-09-25 04:50:27,809 [RatisPipelineUtilsThread] INFO  pipeline.PipelineStateManager (PipelineStateManager.java:addPipeline(56)) - Created pipeline Pipeline[ Id: 49162b8f-f575-46f8-af2b-431fb16bb722, Nodes: c35819d4-86f4-4223-a458-676070fe0cbb{ip: 192.168.151.106, host: pr-hdds-1569-x2sr2-3486766547, networkLocation: /default-rack, certSerialId: null}, Type:RATIS, Factor:ONE, State:OPEN]
2019-09-25 04:50:27,828 [grpc-default-executor-0] INFO  impl.RaftServerProxy (RaftServerProxy.java:addNew(89)) - 9216b865-ce6b-4fb7-bc99-65479a86b6eb: addNew group-64CAAF27CC2A:[9216b865-ce6b-4fb7-bc99-65479a86b6eb:192.168.151.106:43252] returns group-64CAAF27CC2A:java.util.concurrent.CompletableFuture@5ca47dcc[Not completed]
2019-09-25 04:50:27,829 [pool-77-thread-1] INFO  impl.RaftServerImpl (RaftServerImpl.java:<init>(95)) - 9216b865-ce6b-4fb7-bc99-65479a86b6eb: new RaftServerImpl for group-64CAAF27CC2A:[9216b865-ce6b-4fb7-bc99-65479a86b6eb:192.168.151.106:43252] with ContainerStateMachine:uninitialized
2019-09-25 04:50:27,830 [pool-77-thread-1] INFO  server.RaftServerConfigKeys (ConfUtils.java:logGet(43)) - raft.server.rpc.timeout.min = 5s (custom)
2019-09-25 04:50:27,830 [pool-77-thread-1] INFO  server.RaftServerConfigKeys (ConfUtils.java:logGet(43)) - raft.server.rpc.timeout.max = 5200ms (custom)
2019-09-25 04:50:27,830 [pool-77-thread-1] INFO  server.RaftServerConfigKeys (ConfUtils.java:logGet(43)) - raft.server.rpcslowness.timeout = 120s (custom)
2019-09-25 04:50:27,830 [pool-77-thread-1] INFO  server.RaftServerConfigKeys (ConfUtils.java:logGet(43)) - raft.server.sleep.deviation.threshold = 300 (default)
2019-09-25 04:50:27,832 [pool-77-thread-1] INFO  server.RaftServerConfigKeys (ConfUtils.java:logGet(43)) - raft.server.log.appender.install.snapshot.enabled = false (custom)
2019-09-25 04:50:27,832 [pool-77-thread-1] INFO  impl.RaftServerImpl (ServerState.java:<init>(103)) - 9216b865-ce6b-4fb7-bc99-65479a86b6eb@group-64CAAF27CC2A: ConfigurationManager, init=-1: [9216b865-ce6b-4fb7-bc99-65479a86b6eb:192.168.151.106:43252], old=null, confs=<EMPTY_MAP>
2019-09-25 04:50:27,832 [pool-77-thread-1] INFO  server.RaftServerConfigKeys (ConfUtils.java:logGet(43)) - raft.server.storage.dir = [/workdir/hadoop-ozone/integration-test/target/test-dir/MiniOzoneClusterImpl-72f6cbb0-c919-4300-9939-20ef1cbf0e73/datanode-5/data/ratis] (custom)
2019-09-25 04:50:27,833 [pool-77-thread-1] INFO  storage.RaftStorageDirectory (RaftStorageDirectory.java:analyzeStorage(246)) - The storage directory /workdir/hadoop-ozone/integration-test/target/test-dir/MiniOzoneClusterImpl-72f6cbb0-c919-4300-9939-20ef1cbf0e73/datanode-5/data/ratis/fc762ce7-5096-4736-98ee-64caaf27cc2a does not exist. Creating ...
2019-09-25 04:50:27,836 [pool-77-thread-1] INFO  storage.RaftStorageDirectory (RaftStorageDirectory.java:tryLock(328)) - Lock on /workdir/hadoop-ozone/integration-test/target/test-dir/MiniOzoneClusterImpl-72f6cbb0-c919-4300-9939-20ef1cbf0e73/datanode-5/data/ratis/fc762ce7-5096-4736-98ee-64caaf27cc2a/in_use.lock acquired by nodename 13648@pr-hdds-1569-x2sr2-3486766547
2019-09-25 04:50:27,849 [pool-77-thread-1] INFO  storage.RaftStorage (RaftStorage.java:format(72)) - Storage directory /workdir/hadoop-ozone/integration-test/target/test-dir/MiniOzoneClusterImpl-72f6cbb0-c919-4300-9939-20ef1cbf0e73/datanode-5/data/ratis/fc762ce7-5096-4736-98ee-64caaf27cc2a has been successfully formatted.
2019-09-25 04:50:27,849 [pool-77-thread-1] INFO  ratis.ContainerStateMachine (ContainerStateMachine.java:loadSnapshot(230)) - group-64CAAF27CC2A: The snapshot info is null. Setting the last applied indexto:(t:0, i:~)
2019-09-25 04:50:27,849 [pool-77-thread-1] INFO  server.RaftServerConfigKeys (ConfUtils.java:logGet(43)) - raft.server.notification.no-leader.timeout = 120s (custom)
2019-09-25 04:50:27,849 [pool-77-thread-1] INFO  server.RaftServerConfigKeys (ConfUtils.java:logGet(43)) - raft.server.log.use.memory = false (default)
2019-09-25 04:50:27,849 [pool-77-thread-1] INFO  server.RaftServerConfigKeys (ConfUtils.java:logGet(43)) - raft.server.log.purge.gap = 1000000 (custom)
2019-09-25 04:50:27,850 [pool-77-thread-1] INFO  server.RaftServerConfigKeys (ConfUtils.java:logGet(43)) - raft.server.log.appender.buffer.byte-limit = 33554432 (custom)
2019-09-25 04:50:27,850 [pool-77-thread-1] INFO  server.RaftServerConfigKeys (ConfUtils.java:logGet(43)) - raft.server.log.segment.size.max = 1048576 (custom)
2019-09-25 04:50:27,850 [pool-77-thread-1] INFO  server.RaftServerConfigKeys (ConfUtils.java:logGet(43)) - raft.server.log.segment.cache.num.max = 2 (custom)
2019-09-25 04:50:27,850 [pool-77-thread-1] INFO  segmented.SegmentedRaftLogWorker (SegmentedRaftLogWorker.java:<init>(172)) - new 9216b865-ce6b-4fb7-bc99-65479a86b6eb@group-64CAAF27CC2A-SegmentedRaftLogWorker for RaftStorage:Storage Directory /workdir/hadoop-ozone/integration-test/target/test-dir/MiniOzoneClusterImpl-72f6cbb0-c919-4300-9939-20ef1cbf0e73/datanode-5/data/ratis/fc762ce7-5096-4736-98ee-64caaf27cc2a
2019-09-25 04:50:27,850 [pool-77-thread-1] INFO  server.RaftServerConfigKeys (ConfUtils.java:logGet(43)) - raft.server.log.queue.byte-limit = 2147483647 (custom)
2019-09-25 04:50:27,850 [pool-77-thread-1] INFO  server.RaftServerConfigKeys (ConfUtils.java:logGet(43)) - raft.server.log.queue.element-limit = 1024 (custom)
2019-09-25 04:50:27,851 [pool-77-thread-1] INFO  server.RaftServerConfigKeys (ConfUtils.java:logGet(43)) - raft.server.log.segment.size.max = 1048576 (custom)
2019-09-25 04:50:27,851 [pool-77-thread-1] INFO  server.RaftServerConfigKeys (ConfUtils.java:logGet(43)) - raft.server.log.preallocated.size = 16384 (custom)
2019-09-25 04:50:27,851 [pool-77-thread-1] INFO  server.RaftServerConfigKeys (ConfUtils.java:logGet(43)) - raft.server.log.write.buffer.size = 33554432 (custom)
2019-09-25 04:50:27,851 [pool-77-thread-1] INFO  server.RaftServerConfigKeys (ConfUtils.java:logGet(43)) - raft.server.log.force.sync.num = 128 (default)
2019-09-25 04:50:27,851 [pool-77-thread-1] INFO  server.RaftServerConfigKeys (ConfUtils.java:logGet(43)) - raft.server.log.statemachine.data.sync = true (default)
2019-09-25 04:50:27,851 [pool-77-thread-1] INFO  server.RaftServerConfigKeys (ConfUtils.java:logGet(43)) - raft.server.log.statemachine.data.sync.timeout = 10s (default)
2019-09-25 04:50:27,851 [pool-77-thread-1] INFO  server.RaftServerConfigKeys (ConfUtils.java:logGet(43)) - raft.server.log.statemachine.data.sync.timeout.retry = -1 (default)
2019-09-25 04:50:27,852 [pool-77-thread-1] INFO  server.RaftServerConfigKeys (ConfUtils.java:logGet(43)) - raft.server.log.statemachine.data.caching.enabled = true (custom)
2019-09-25 04:50:27,852 [pool-77-thread-1] INFO  segmented.SegmentedRaftLogWorker (SegmentedRaftLogWorker.java:lambda$new$0(132)) - 9216b865-ce6b-4fb7-bc99-65479a86b6eb@group-64CAAF27CC2A-SegmentedRaftLogWorker: flushIndex: setUnconditionally 0 -> -1
2019-09-25 04:50:27,852 [pool-77-thread-1] INFO  server.RaftServerConfigKeys (ConfUtils.java:logGet(43)) - raft.server.snapshot.auto.trigger.enabled = true (custom)
2019-09-25 04:50:27,852 [pool-77-thread-1] INFO  server.RaftServerConfigKeys (ConfUtils.java:logGet(43)) - raft.server.snapshot.auto.trigger.threshold = 10000 (custom)
2019-09-25 04:50:27,853 [pool-77-thread-1] INFO  server.RaftServerConfigKeys (ConfUtils.java:logGet(43)) - raft.server.snapshot.retention.num.files = 5 (custom)
2019-09-25 04:50:27,853 [pool-77-thread-1] INFO  server.RaftServerConfigKeys (ConfUtils.java:logGet(43)) - raft.server.retrycache.expirytime = 600000ms (custom)
2019-09-25 04:50:27,855 [pool-77-thread-1] INFO  impl.RaftServerImpl (RaftServerImpl.java:start(185)) - 9216b865-ce6b-4fb7-bc99-65479a86b6eb@group-64CAAF27CC2A: start as a follower, conf=-1: [9216b865-ce6b-4fb7-bc99-65479a86b6eb:192.168.151.106:43252], old=null
2019-09-25 04:50:27,855 [pool-77-thread-1] INFO  impl.RaftServerImpl (RaftServerImpl.java:setRole(174)) - 9216b865-ce6b-4fb7-bc99-65479a86b6eb@group-64CAAF27CC2A: changes role from      null to FOLLOWER at term 0 for startAsFollower
2019-09-25 04:50:27,855 [pool-77-thread-1] INFO  impl.RoleInfo (RoleInfo.java:updateAndGet(143)) - 9216b865-ce6b-4fb7-bc99-65479a86b6eb: start FollowerState
2019-09-25 04:50:27,856 [pool-77-thread-1] INFO  util.JmxRegister (JmxRegister.java:tryRegister(44)) - Successfully registered JMX Bean with object name Ratis:service=RaftServer,group=group-64CAAF27CC2A,id=9216b865-ce6b-4fb7-bc99-65479a86b6eb
2019-09-25 04:50:27,861 [RatisPipelineUtilsThread] INFO  pipeline.PipelineStateManager (PipelineStateManager.java:addPipeline(56)) - Created pipeline Pipeline[ Id: fc762ce7-5096-4736-98ee-64caaf27cc2a, Nodes: 9216b865-ce6b-4fb7-bc99-65479a86b6eb{ip: 192.168.151.106, host: pr-hdds-1569-x2sr2-3486766547, networkLocation: /default-rack, certSerialId: null}, Type:RATIS, Factor:ONE, State:OPEN]
2019-09-25 04:50:27,883 [grpc-default-executor-0] INFO  impl.RaftServerProxy (RaftServerProxy.java:addNew(89)) - 9216b865-ce6b-4fb7-bc99-65479a86b6eb: addNew group-B1D8F1DDFC6B:[9216b865-ce6b-4fb7-bc99-65479a86b6eb:192.168.151.106:43252] returns group-B1D8F1DDFC6B:java.util.concurrent.CompletableFuture@25e0d25d[Not completed]
2019-09-25 04:50:27,884 [pool-77-thread-1] INFO  impl.RaftServerImpl (RaftServerImpl.java:<init>(95)) - 9216b865-ce6b-4fb7-bc99-65479a86b6eb: new RaftServerImpl for group-B1D8F1DDFC6B:[9216b865-ce6b-4fb7-bc99-65479a86b6eb:192.168.151.106:43252] with ContainerStateMachine:uninitialized
2019-09-25 04:50:27,884 [pool-77-thread-1] INFO  server.RaftServerConfigKeys (ConfUtils.java:logGet(43)) - raft.server.rpc.timeout.min = 5s (custom)
2019-09-25 04:50:27,885 [pool-77-thread-1] INFO  server.RaftServerConfigKeys (ConfUtils.java:logGet(43)) - raft.server.rpc.timeout.max = 5200ms (custom)
2019-09-25 04:50:27,885 [pool-77-thread-1] INFO  server.RaftServerConfigKeys (ConfUtils.java:logGet(43)) - raft.server.rpcslowness.timeout = 120s (custom)
2019-09-25 04:50:27,885 [pool-77-thread-1] INFO  server.RaftServerConfigKeys (ConfUtils.java:logGet(43)) - raft.server.sleep.deviation.threshold = 300 (default)
2019-09-25 04:50:27,885 [pool-77-thread-1] INFO  server.RaftServerConfigKeys (ConfUtils.java:logGet(43)) - raft.server.log.appender.install.snapshot.enabled = false (custom)
2019-09-25 04:50:27,885 [pool-77-thread-1] INFO  impl.RaftServerImpl (ServerState.java:<init>(103)) - 9216b865-ce6b-4fb7-bc99-65479a86b6eb@group-B1D8F1DDFC6B: ConfigurationManager, init=-1: [9216b865-ce6b-4fb7-bc99-65479a86b6eb:192.168.151.106:43252], old=null, confs=<EMPTY_MAP>
2019-09-25 04:50:27,885 [pool-77-thread-1] INFO  server.RaftServerConfigKeys (ConfUtils.java:logGet(43)) - raft.server.storage.dir = [/workdir/hadoop-ozone/integration-test/target/test-dir/MiniOzoneClusterImpl-72f6cbb0-c919-4300-9939-20ef1cbf0e73/datanode-5/data/ratis] (custom)
2019-09-25 04:50:27,886 [pool-77-thread-1] INFO  storage.RaftStorageDirectory (RaftStorageDirectory.java:analyzeStorage(246)) - The storage directory /workdir/hadoop-ozone/integration-test/target/test-dir/MiniOzoneClusterImpl-72f6cbb0-c919-4300-9939-20ef1cbf0e73/datanode-5/data/ratis/7f7ee8bd-9432-413a-9c80-b1d8f1ddfc6b does not exist. Creating ...
2019-09-25 04:50:27,903 [pool-77-thread-1] INFO  storage.RaftStorageDirectory (RaftStorageDirectory.java:tryLock(328)) - Lock on /workdir/hadoop-ozone/integration-test/target/test-dir/MiniOzoneClusterImpl-72f6cbb0-c919-4300-9939-20ef1cbf0e73/datanode-5/data/ratis/7f7ee8bd-9432-413a-9c80-b1d8f1ddfc6b/in_use.lock acquired by nodename 13648@pr-hdds-1569-x2sr2-3486766547
2019-09-25 04:50:27,908 [pool-77-thread-1] INFO  storage.RaftStorage (RaftStorage.java:format(72)) - Storage directory /workdir/hadoop-ozone/integration-test/target/test-dir/MiniOzoneClusterImpl-72f6cbb0-c919-4300-9939-20ef1cbf0e73/datanode-5/data/ratis/7f7ee8bd-9432-413a-9c80-b1d8f1ddfc6b has been successfully formatted.
2019-09-25 04:50:27,908 [pool-77-thread-1] INFO  ratis.ContainerStateMachine (ContainerStateMachine.java:loadSnapshot(230)) - group-B1D8F1DDFC6B: The snapshot info is null. Setting the last applied indexto:(t:0, i:~)
2019-09-25 04:50:27,908 [pool-77-thread-1] INFO  server.RaftServerConfigKeys (ConfUtils.java:logGet(43)) - raft.server.notification.no-leader.timeout = 120s (custom)
2019-09-25 04:50:27,908 [pool-77-thread-1] INFO  server.RaftServerConfigKeys (ConfUtils.java:logGet(43)) - raft.server.log.use.memory = false (default)
2019-09-25 04:50:27,909 [pool-77-thread-1] INFO  server.RaftServerConfigKeys (ConfUtils.java:logGet(43)) - raft.server.log.purge.gap = 1000000 (custom)
2019-09-25 04:50:27,909 [pool-77-thread-1] INFO  server.RaftServerConfigKeys (ConfUtils.java:logGet(43)) - raft.server.log.appender.buffer.byte-limit = 33554432 (custom)
2019-09-25 04:50:27,909 [pool-77-thread-1] INFO  server.RaftServerConfigKeys (ConfUtils.java:logGet(43)) - raft.server.log.segment.size.max = 1048576 (custom)
2019-09-25 04:50:27,909 [pool-77-thread-1] INFO  server.RaftServerConfigKeys (ConfUtils.java:logGet(43)) - raft.server.log.segment.cache.num.max = 2 (custom)
2019-09-25 04:50:27,909 [pool-77-thread-1] INFO  segmented.SegmentedRaftLogWorker (SegmentedRaftLogWorker.java:<init>(172)) - new 9216b865-ce6b-4fb7-bc99-65479a86b6eb@group-B1D8F1DDFC6B-SegmentedRaftLogWorker for RaftStorage:Storage Directory /workdir/hadoop-ozone/integration-test/target/test-dir/MiniOzoneClusterImpl-72f6cbb0-c919-4300-9939-20ef1cbf0e73/datanode-5/data/ratis/7f7ee8bd-9432-413a-9c80-b1d8f1ddfc6b
2019-09-25 04:50:27,909 [pool-77-thread-1] INFO  server.RaftServerConfigKeys (ConfUtils.java:logGet(43)) - raft.server.log.queue.byte-limit = 2147483647 (custom)
2019-09-25 04:50:27,909 [pool-77-thread-1] INFO  server.RaftServerConfigKeys (ConfUtils.java:logGet(43)) - raft.server.log.queue.element-limit = 1024 (custom)
2019-09-25 04:50:27,910 [pool-77-thread-1] INFO  server.RaftServerConfigKeys (ConfUtils.java:logGet(43)) - raft.server.log.segment.size.max = 1048576 (custom)
2019-09-25 04:50:27,910 [pool-77-thread-1] INFO  server.RaftServerConfigKeys (ConfUtils.java:logGet(43)) - raft.server.log.preallocated.size = 16384 (custom)
2019-09-25 04:50:27,910 [pool-77-thread-1] INFO  server.RaftServerConfigKeys (ConfUtils.java:logGet(43)) - raft.server.log.write.buffer.size = 33554432 (custom)
2019-09-25 04:50:27,910 [pool-77-thread-1] INFO  server.RaftServerConfigKeys (ConfUtils.java:logGet(43)) - raft.server.log.force.sync.num = 128 (default)
2019-09-25 04:50:27,910 [pool-77-thread-1] INFO  server.RaftServerConfigKeys (ConfUtils.java:logGet(43)) - raft.server.log.statemachine.data.sync = true (default)
2019-09-25 04:50:27,910 [pool-77-thread-1] INFO  server.RaftServerConfigKeys (ConfUtils.java:logGet(43)) - raft.server.log.statemachine.data.sync.timeout = 10s (default)
2019-09-25 04:50:27,910 [pool-77-thread-1] INFO  server.RaftServerConfigKeys (ConfUtils.java:logGet(43)) - raft.server.log.statemachine.data.sync.timeout.retry = -1 (default)
2019-09-25 04:50:27,911 [pool-77-thread-1] INFO  server.RaftServerConfigKeys (ConfUtils.java:logGet(43)) - raft.server.log.statemachine.data.caching.enabled = true (custom)
2019-09-25 04:50:27,911 [pool-77-thread-1] INFO  segmented.SegmentedRaftLogWorker (SegmentedRaftLogWorker.java:lambda$new$0(132)) - 9216b865-ce6b-4fb7-bc99-65479a86b6eb@group-B1D8F1DDFC6B-SegmentedRaftLogWorker: flushIndex: setUnconditionally 0 -> -1
2019-09-25 04:50:27,911 [pool-77-thread-1] INFO  server.RaftServerConfigKeys (ConfUtils.java:logGet(43)) - raft.server.snapshot.auto.trigger.enabled = true (custom)
2019-09-25 04:50:27,912 [pool-77-thread-1] INFO  server.RaftServerConfigKeys (ConfUtils.java:logGet(43)) - raft.server.snapshot.auto.trigger.threshold = 10000 (custom)
2019-09-25 04:50:27,912 [pool-77-thread-1] INFO  server.RaftServerConfigKeys (ConfUtils.java:logGet(43)) - raft.server.snapshot.retention.num.files = 5 (custom)
2019-09-25 04:50:27,912 [pool-77-thread-1] INFO  server.RaftServerConfigKeys (ConfUtils.java:logGet(43)) - raft.server.retrycache.expirytime = 600000ms (custom)
2019-09-25 04:50:27,914 [pool-77-thread-1] INFO  impl.RaftServerImpl (RaftServerImpl.java:start(185)) - 9216b865-ce6b-4fb7-bc99-65479a86b6eb@group-B1D8F1DDFC6B: start as a follower, conf=-1: [9216b865-ce6b-4fb7-bc99-65479a86b6eb:192.168.151.106:43252], old=null
2019-09-25 04:50:27,914 [pool-77-thread-1] INFO  impl.RaftServerImpl (RaftServerImpl.java:setRole(174)) - 9216b865-ce6b-4fb7-bc99-65479a86b6eb@group-B1D8F1DDFC6B: changes role from      null to FOLLOWER at term 0 for startAsFollower
2019-09-25 04:50:27,915 [pool-77-thread-1] INFO  impl.RoleInfo (RoleInfo.java:updateAndGet(143)) - 9216b865-ce6b-4fb7-bc99-65479a86b6eb: start FollowerState
2019-09-25 04:50:27,924 [pool-77-thread-1] INFO  util.JmxRegister (JmxRegister.java:tryRegister(44)) - Successfully registered JMX Bean with object name Ratis:service=RaftServer,group=group-B1D8F1DDFC6B,id=9216b865-ce6b-4fb7-bc99-65479a86b6eb
2019-09-25 04:50:27,948 [RatisPipelineUtilsThread] INFO  pipeline.PipelineStateManager (PipelineStateManager.java:addPipeline(56)) - Created pipeline Pipeline[ Id: 7f7ee8bd-9432-413a-9c80-b1d8f1ddfc6b, Nodes: 9216b865-ce6b-4fb7-bc99-65479a86b6eb{ip: 192.168.151.106, host: pr-hdds-1569-x2sr2-3486766547, networkLocation: /default-rack, certSerialId: null}, Type:RATIS, Factor:ONE, State:OPEN]
2019-09-25 04:50:27,956 [grpc-default-executor-0] INFO  impl.RaftServerProxy (RaftServerProxy.java:addNew(89)) - 45f1801e-7cfd-420a-bb39-98f19dcc81c3: addNew group-1F5C9E670775:[45f1801e-7cfd-420a-bb39-98f19dcc81c3:192.168.151.106:38437] returns group-1F5C9E670775:java.util.concurrent.CompletableFuture@7f83e8cb[Not completed]
2019-09-25 04:50:27,957 [pool-87-thread-1] INFO  impl.RaftServerImpl (RaftServerImpl.java:<init>(95)) - 45f1801e-7cfd-420a-bb39-98f19dcc81c3: new RaftServerImpl for group-1F5C9E670775:[45f1801e-7cfd-420a-bb39-98f19dcc81c3:192.168.151.106:38437] with ContainerStateMachine:uninitialized
2019-09-25 04:50:27,958 [pool-87-thread-1] INFO  server.RaftServerConfigKeys (ConfUtils.java:logGet(43)) - raft.server.rpc.timeout.min = 5s (custom)
2019-09-25 04:50:27,958 [pool-87-thread-1] INFO  server.RaftServerConfigKeys (ConfUtils.java:logGet(43)) - raft.server.rpc.timeout.max = 5200ms (custom)
2019-09-25 04:50:27,958 [pool-87-thread-1] INFO  server.RaftServerConfigKeys (ConfUtils.java:logGet(43)) - raft.server.rpcslowness.timeout = 120s (custom)
2019-09-25 04:50:27,958 [pool-87-thread-1] INFO  server.RaftServerConfigKeys (ConfUtils.java:logGet(43)) - raft.server.sleep.deviation.threshold = 300 (default)
2019-09-25 04:50:27,958 [pool-87-thread-1] INFO  server.RaftServerConfigKeys (ConfUtils.java:logGet(43)) - raft.server.log.appender.install.snapshot.enabled = false (custom)
2019-09-25 04:50:27,958 [pool-87-thread-1] INFO  impl.RaftServerImpl (ServerState.java:<init>(103)) - 45f1801e-7cfd-420a-bb39-98f19dcc81c3@group-1F5C9E670775: ConfigurationManager, init=-1: [45f1801e-7cfd-420a-bb39-98f19dcc81c3:192.168.151.106:38437], old=null, confs=<EMPTY_MAP>
2019-09-25 04:50:27,959 [pool-87-thread-1] INFO  server.RaftServerConfigKeys (ConfUtils.java:logGet(43)) - raft.server.storage.dir = [/workdir/hadoop-ozone/integration-test/target/test-dir/MiniOzoneClusterImpl-72f6cbb0-c919-4300-9939-20ef1cbf0e73/datanode-6/data/ratis] (custom)
2019-09-25 04:50:27,959 [pool-87-thread-1] INFO  storage.RaftStorageDirectory (RaftStorageDirectory.java:analyzeStorage(246)) - The storage directory /workdir/hadoop-ozone/integration-test/target/test-dir/MiniOzoneClusterImpl-72f6cbb0-c919-4300-9939-20ef1cbf0e73/datanode-6/data/ratis/97514874-b446-4b51-ad9a-1f5c9e670775 does not exist. Creating ...
2019-09-25 04:50:27,965 [pool-87-thread-1] INFO  storage.RaftStorageDirectory (RaftStorageDirectory.java:tryLock(328)) - Lock on /workdir/hadoop-ozone/integration-test/target/test-dir/MiniOzoneClusterImpl-72f6cbb0-c919-4300-9939-20ef1cbf0e73/datanode-6/data/ratis/97514874-b446-4b51-ad9a-1f5c9e670775/in_use.lock acquired by nodename 13648@pr-hdds-1569-x2sr2-3486766547
2019-09-25 04:50:27,984 [pool-87-thread-1] INFO  storage.RaftStorage (RaftStorage.java:format(72)) - Storage directory /workdir/hadoop-ozone/integration-test/target/test-dir/MiniOzoneClusterImpl-72f6cbb0-c919-4300-9939-20ef1cbf0e73/datanode-6/data/ratis/97514874-b446-4b51-ad9a-1f5c9e670775 has been successfully formatted.
2019-09-25 04:50:27,984 [pool-87-thread-1] INFO  ratis.ContainerStateMachine (ContainerStateMachine.java:loadSnapshot(230)) - group-1F5C9E670775: The snapshot info is null. Setting the last applied indexto:(t:0, i:~)
2019-09-25 04:50:27,985 [pool-87-thread-1] INFO  server.RaftServerConfigKeys (ConfUtils.java:logGet(43)) - raft.server.notification.no-leader.timeout = 120s (custom)
2019-09-25 04:50:27,985 [pool-87-thread-1] INFO  server.RaftServerConfigKeys (ConfUtils.java:logGet(43)) - raft.server.log.use.memory = false (default)
2019-09-25 04:50:27,985 [pool-87-thread-1] INFO  server.RaftServerConfigKeys (ConfUtils.java:logGet(43)) - raft.server.log.purge.gap = 1000000 (custom)
2019-09-25 04:50:27,985 [pool-87-thread-1] INFO  server.RaftServerConfigKeys (ConfUtils.java:logGet(43)) - raft.server.log.appender.buffer.byte-limit = 33554432 (custom)
2019-09-25 04:50:27,985 [pool-87-thread-1] INFO  server.RaftServerConfigKeys (ConfUtils.java:logGet(43)) - raft.server.log.segment.size.max = 1048576 (custom)
2019-09-25 04:50:27,985 [pool-87-thread-1] INFO  server.RaftServerConfigKeys (ConfUtils.java:logGet(43)) - raft.server.log.segment.cache.num.max = 2 (custom)
2019-09-25 04:50:27,986 [pool-87-thread-1] INFO  segmented.SegmentedRaftLogWorker (SegmentedRaftLogWorker.java:<init>(172)) - new 45f1801e-7cfd-420a-bb39-98f19dcc81c3@group-1F5C9E670775-SegmentedRaftLogWorker for RaftStorage:Storage Directory /workdir/hadoop-ozone/integration-test/target/test-dir/MiniOzoneClusterImpl-72f6cbb0-c919-4300-9939-20ef1cbf0e73/datanode-6/data/ratis/97514874-b446-4b51-ad9a-1f5c9e670775
2019-09-25 04:50:27,986 [pool-87-thread-1] INFO  server.RaftServerConfigKeys (ConfUtils.java:logGet(43)) - raft.server.log.queue.byte-limit = 2147483647 (custom)
2019-09-25 04:50:27,986 [pool-87-thread-1] INFO  server.RaftServerConfigKeys (ConfUtils.java:logGet(43)) - raft.server.log.queue.element-limit = 1024 (custom)
2019-09-25 04:50:27,986 [pool-87-thread-1] INFO  server.RaftServerConfigKeys (ConfUtils.java:logGet(43)) - raft.server.log.segment.size.max = 1048576 (custom)
2019-09-25 04:50:27,986 [pool-87-thread-1] INFO  server.RaftServerConfigKeys (ConfUtils.java:logGet(43)) - raft.server.log.preallocated.size = 16384 (custom)
2019-09-25 04:50:27,986 [pool-87-thread-1] INFO  server.RaftServerConfigKeys (ConfUtils.java:logGet(43)) - raft.server.log.write.buffer.size = 33554432 (custom)
2019-09-25 04:50:27,986 [pool-87-thread-1] INFO  server.RaftServerConfigKeys (ConfUtils.java:logGet(43)) - raft.server.log.force.sync.num = 128 (default)
2019-09-25 04:50:27,987 [pool-87-thread-1] INFO  server.RaftServerConfigKeys (ConfUtils.java:logGet(43)) - raft.server.log.statemachine.data.sync = true (default)
2019-09-25 04:50:27,987 [pool-87-thread-1] INFO  server.RaftServerConfigKeys (ConfUtils.java:logGet(43)) - raft.server.log.statemachine.data.sync.timeout = 10s (default)
2019-09-25 04:50:27,987 [pool-87-thread-1] INFO  server.RaftServerConfigKeys (ConfUtils.java:logGet(43)) - raft.server.log.statemachine.data.sync.timeout.retry = -1 (default)
2019-09-25 04:50:27,987 [pool-87-thread-1] INFO  server.RaftServerConfigKeys (ConfUtils.java:logGet(43)) - raft.server.log.statemachine.data.caching.enabled = true (custom)
2019-09-25 04:50:27,987 [pool-87-thread-1] INFO  segmented.SegmentedRaftLogWorker (SegmentedRaftLogWorker.java:lambda$new$0(132)) - 45f1801e-7cfd-420a-bb39-98f19dcc81c3@group-1F5C9E670775-SegmentedRaftLogWorker: flushIndex: setUnconditionally 0 -> -1
2019-09-25 04:50:27,988 [pool-87-thread-1] INFO  server.RaftServerConfigKeys (ConfUtils.java:logGet(43)) - raft.server.snapshot.auto.trigger.enabled = true (custom)
2019-09-25 04:50:27,988 [pool-87-thread-1] INFO  server.RaftServerConfigKeys (ConfUtils.java:logGet(43)) - raft.server.snapshot.auto.trigger.threshold = 10000 (custom)
2019-09-25 04:50:27,988 [pool-87-thread-1] INFO  server.RaftServerConfigKeys (ConfUtils.java:logGet(43)) - raft.server.snapshot.retention.num.files = 5 (custom)
2019-09-25 04:50:27,988 [pool-87-thread-1] INFO  server.RaftServerConfigKeys (ConfUtils.java:logGet(43)) - raft.server.retrycache.expirytime = 600000ms (custom)
2019-09-25 04:50:27,990 [pool-87-thread-1] INFO  impl.RaftServerImpl (RaftServerImpl.java:start(185)) - 45f1801e-7cfd-420a-bb39-98f19dcc81c3@group-1F5C9E670775: start as a follower, conf=-1: [45f1801e-7cfd-420a-bb39-98f19dcc81c3:192.168.151.106:38437], old=null
2019-09-25 04:50:27,990 [pool-87-thread-1] INFO  impl.RaftServerImpl (RaftServerImpl.java:setRole(174)) - 45f1801e-7cfd-420a-bb39-98f19dcc81c3@group-1F5C9E670775: changes role from      null to FOLLOWER at term 0 for startAsFollower
2019-09-25 04:50:27,991 [pool-87-thread-1] INFO  impl.RoleInfo (RoleInfo.java:updateAndGet(143)) - 45f1801e-7cfd-420a-bb39-98f19dcc81c3: start FollowerState
2019-09-25 04:50:27,991 [pool-87-thread-1] INFO  util.JmxRegister (JmxRegister.java:tryRegister(44)) - Successfully registered JMX Bean with object name Ratis:service=RaftServer,group=group-1F5C9E670775,id=45f1801e-7cfd-420a-bb39-98f19dcc81c3
2019-09-25 04:50:27,994 [RatisPipelineUtilsThread] INFO  pipeline.PipelineStateManager (PipelineStateManager.java:addPipeline(56)) - Created pipeline Pipeline[ Id: 97514874-b446-4b51-ad9a-1f5c9e670775, Nodes: 45f1801e-7cfd-420a-bb39-98f19dcc81c3{ip: 192.168.151.106, host: pr-hdds-1569-x2sr2-3486766547, networkLocation: /default-rack, certSerialId: null}, Type:RATIS, Factor:ONE, State:OPEN]
2019-09-25 04:50:28,001 [grpc-default-executor-0] INFO  impl.RaftServerProxy (RaftServerProxy.java:addNew(89)) - b40ef231-6505-402b-ae57-fc0dc67cbbe8: addNew group-63AF62B31D6F:[b40ef231-6505-402b-ae57-fc0dc67cbbe8:192.168.151.106:41861] returns group-63AF62B31D6F:java.util.concurrent.CompletableFuture@472a2e58[Not completed]
2019-09-25 04:50:28,002 [pool-37-thread-1] INFO  impl.RaftServerImpl (RaftServerImpl.java:<init>(95)) - b40ef231-6505-402b-ae57-fc0dc67cbbe8: new RaftServerImpl for group-63AF62B31D6F:[b40ef231-6505-402b-ae57-fc0dc67cbbe8:192.168.151.106:41861] with ContainerStateMachine:uninitialized
2019-09-25 04:50:28,002 [pool-37-thread-1] INFO  server.RaftServerConfigKeys (ConfUtils.java:logGet(43)) - raft.server.rpc.timeout.min = 5s (custom)
2019-09-25 04:50:28,002 [pool-37-thread-1] INFO  server.RaftServerConfigKeys (ConfUtils.java:logGet(43)) - raft.server.rpc.timeout.max = 5200ms (custom)
2019-09-25 04:50:28,002 [pool-37-thread-1] INFO  server.RaftServerConfigKeys (ConfUtils.java:logGet(43)) - raft.server.rpcslowness.timeout = 120s (custom)
2019-09-25 04:50:28,002 [pool-37-thread-1] INFO  server.RaftServerConfigKeys (ConfUtils.java:logGet(43)) - raft.server.sleep.deviation.threshold = 300 (default)
2019-09-25 04:50:28,003 [pool-37-thread-1] INFO  server.RaftServerConfigKeys (ConfUtils.java:logGet(43)) - raft.server.log.appender.install.snapshot.enabled = false (custom)
2019-09-25 04:50:28,003 [pool-37-thread-1] INFO  impl.RaftServerImpl (ServerState.java:<init>(103)) - b40ef231-6505-402b-ae57-fc0dc67cbbe8@group-63AF62B31D6F: ConfigurationManager, init=-1: [b40ef231-6505-402b-ae57-fc0dc67cbbe8:192.168.151.106:41861], old=null, confs=<EMPTY_MAP>
2019-09-25 04:50:28,003 [pool-37-thread-1] INFO  server.RaftServerConfigKeys (ConfUtils.java:logGet(43)) - raft.server.storage.dir = [/workdir/hadoop-ozone/integration-test/target/test-dir/MiniOzoneClusterImpl-72f6cbb0-c919-4300-9939-20ef1cbf0e73/datanode-1/data/ratis] (custom)
2019-09-25 04:50:28,003 [pool-37-thread-1] INFO  storage.RaftStorageDirectory (RaftStorageDirectory.java:analyzeStorage(246)) - The storage directory /workdir/hadoop-ozone/integration-test/target/test-dir/MiniOzoneClusterImpl-72f6cbb0-c919-4300-9939-20ef1cbf0e73/datanode-1/data/ratis/8e7e1bcc-cb2f-4594-9028-63af62b31d6f does not exist. Creating ...
2019-09-25 04:50:28,014 [pool-37-thread-1] INFO  storage.RaftStorageDirectory (RaftStorageDirectory.java:tryLock(328)) - Lock on /workdir/hadoop-ozone/integration-test/target/test-dir/MiniOzoneClusterImpl-72f6cbb0-c919-4300-9939-20ef1cbf0e73/datanode-1/data/ratis/8e7e1bcc-cb2f-4594-9028-63af62b31d6f/in_use.lock acquired by nodename 13648@pr-hdds-1569-x2sr2-3486766547
2019-09-25 04:50:28,030 [pool-37-thread-1] INFO  storage.RaftStorage (RaftStorage.java:format(72)) - Storage directory /workdir/hadoop-ozone/integration-test/target/test-dir/MiniOzoneClusterImpl-72f6cbb0-c919-4300-9939-20ef1cbf0e73/datanode-1/data/ratis/8e7e1bcc-cb2f-4594-9028-63af62b31d6f has been successfully formatted.
2019-09-25 04:50:28,030 [pool-37-thread-1] INFO  ratis.ContainerStateMachine (ContainerStateMachine.java:loadSnapshot(230)) - group-63AF62B31D6F: The snapshot info is null. Setting the last applied indexto:(t:0, i:~)
2019-09-25 04:50:28,030 [pool-37-thread-1] INFO  server.RaftServerConfigKeys (ConfUtils.java:logGet(43)) - raft.server.notification.no-leader.timeout = 120s (custom)
2019-09-25 04:50:28,031 [pool-37-thread-1] INFO  server.RaftServerConfigKeys (ConfUtils.java:logGet(43)) - raft.server.log.use.memory = false (default)
2019-09-25 04:50:28,031 [pool-37-thread-1] INFO  server.RaftServerConfigKeys (ConfUtils.java:logGet(43)) - raft.server.log.purge.gap = 1000000 (custom)
2019-09-25 04:50:28,031 [pool-37-thread-1] INFO  server.RaftServerConfigKeys (ConfUtils.java:logGet(43)) - raft.server.log.appender.buffer.byte-limit = 33554432 (custom)
2019-09-25 04:50:28,031 [pool-37-thread-1] INFO  server.RaftServerConfigKeys (ConfUtils.java:logGet(43)) - raft.server.log.segment.size.max = 1048576 (custom)
2019-09-25 04:50:28,031 [pool-37-thread-1] INFO  server.RaftServerConfigKeys (ConfUtils.java:logGet(43)) - raft.server.log.segment.cache.num.max = 2 (custom)
2019-09-25 04:50:28,031 [pool-37-thread-1] INFO  segmented.SegmentedRaftLogWorker (SegmentedRaftLogWorker.java:<init>(172)) - new b40ef231-6505-402b-ae57-fc0dc67cbbe8@group-63AF62B31D6F-SegmentedRaftLogWorker for RaftStorage:Storage Directory /workdir/hadoop-ozone/integration-test/target/test-dir/MiniOzoneClusterImpl-72f6cbb0-c919-4300-9939-20ef1cbf0e73/datanode-1/data/ratis/8e7e1bcc-cb2f-4594-9028-63af62b31d6f
2019-09-25 04:50:28,032 [pool-37-thread-1] INFO  server.RaftServerConfigKeys (ConfUtils.java:logGet(43)) - raft.server.log.queue.byte-limit = 2147483647 (custom)
2019-09-25 04:50:28,032 [pool-37-thread-1] INFO  server.RaftServerConfigKeys (ConfUtils.java:logGet(43)) - raft.server.log.queue.element-limit = 1024 (custom)
2019-09-25 04:50:28,032 [pool-37-thread-1] INFO  server.RaftServerConfigKeys (ConfUtils.java:logGet(43)) - raft.server.log.segment.size.max = 1048576 (custom)
2019-09-25 04:50:28,032 [pool-37-thread-1] INFO  server.RaftServerConfigKeys (ConfUtils.java:logGet(43)) - raft.server.log.preallocated.size = 16384 (custom)
2019-09-25 04:50:28,032 [pool-37-thread-1] INFO  server.RaftServerConfigKeys (ConfUtils.java:logGet(43)) - raft.server.log.write.buffer.size = 33554432 (custom)
2019-09-25 04:50:28,032 [pool-37-thread-1] INFO  server.RaftServerConfigKeys (ConfUtils.java:logGet(43)) - raft.server.log.force.sync.num = 128 (default)
2019-09-25 04:50:28,033 [pool-37-thread-1] INFO  server.RaftServerConfigKeys (ConfUtils.java:logGet(43)) - raft.server.log.statemachine.data.sync = true (default)
2019-09-25 04:50:28,033 [pool-37-thread-1] INFO  server.RaftServerConfigKeys (ConfUtils.java:logGet(43)) - raft.server.log.statemachine.data.sync.timeout = 10s (default)
2019-09-25 04:50:28,033 [pool-37-thread-1] INFO  server.RaftServerConfigKeys (ConfUtils.java:logGet(43)) - raft.server.log.statemachine.data.sync.timeout.retry = -1 (default)
2019-09-25 04:50:28,033 [pool-37-thread-1] INFO  server.RaftServerConfigKeys (ConfUtils.java:logGet(43)) - raft.server.log.statemachine.data.caching.enabled = true (custom)
2019-09-25 04:50:28,034 [pool-37-thread-1] INFO  segmented.SegmentedRaftLogWorker (SegmentedRaftLogWorker.java:lambda$new$0(132)) - b40ef231-6505-402b-ae57-fc0dc67cbbe8@group-63AF62B31D6F-SegmentedRaftLogWorker: flushIndex: setUnconditionally 0 -> -1
2019-09-25 04:50:28,034 [pool-37-thread-1] INFO  server.RaftServerConfigKeys (ConfUtils.java:logGet(43)) - raft.server.snapshot.auto.trigger.enabled = true (custom)
2019-09-25 04:50:28,034 [pool-37-thread-1] INFO  server.RaftServerConfigKeys (ConfUtils.java:logGet(43)) - raft.server.snapshot.auto.trigger.threshold = 10000 (custom)
2019-09-25 04:50:28,034 [pool-37-thread-1] INFO  server.RaftServerConfigKeys (ConfUtils.java:logGet(43)) - raft.server.snapshot.retention.num.files = 5 (custom)
2019-09-25 04:50:28,034 [pool-37-thread-1] INFO  server.RaftServerConfigKeys (ConfUtils.java:logGet(43)) - raft.server.retrycache.expirytime = 600000ms (custom)
2019-09-25 04:50:28,037 [pool-37-thread-1] INFO  impl.RaftServerImpl (RaftServerImpl.java:start(185)) - b40ef231-6505-402b-ae57-fc0dc67cbbe8@group-63AF62B31D6F: start as a follower, conf=-1: [b40ef231-6505-402b-ae57-fc0dc67cbbe8:192.168.151.106:41861], old=null
2019-09-25 04:50:28,037 [pool-37-thread-1] INFO  impl.RaftServerImpl (RaftServerImpl.java:setRole(174)) - b40ef231-6505-402b-ae57-fc0dc67cbbe8@group-63AF62B31D6F: changes role from      null to FOLLOWER at term 0 for startAsFollower
2019-09-25 04:50:28,037 [pool-37-thread-1] INFO  impl.RoleInfo (RoleInfo.java:updateAndGet(143)) - b40ef231-6505-402b-ae57-fc0dc67cbbe8: start FollowerState
2019-09-25 04:50:28,038 [pool-37-thread-1] INFO  util.JmxRegister (JmxRegister.java:tryRegister(44)) - Successfully registered JMX Bean with object name Ratis:service=RaftServer,group=group-63AF62B31D6F,id=b40ef231-6505-402b-ae57-fc0dc67cbbe8
2019-09-25 04:50:28,041 [RatisPipelineUtilsThread] INFO  pipeline.PipelineStateManager (PipelineStateManager.java:addPipeline(56)) - Created pipeline Pipeline[ Id: 8e7e1bcc-cb2f-4594-9028-63af62b31d6f, Nodes: b40ef231-6505-402b-ae57-fc0dc67cbbe8{ip: 192.168.151.106, host: pr-hdds-1569-x2sr2-3486766547, networkLocation: /default-rack, certSerialId: null}, Type:RATIS, Factor:ONE, State:OPEN]
2019-09-25 04:50:28,048 [grpc-default-executor-0] INFO  impl.RaftServerProxy (RaftServerProxy.java:addNew(89)) - c35819d4-86f4-4223-a458-676070fe0cbb: addNew group-7FB6C9EFFD89:[c35819d4-86f4-4223-a458-676070fe0cbb:192.168.151.106:44434] returns group-7FB6C9EFFD89:java.util.concurrent.CompletableFuture@1274dc4f[Not completed]
2019-09-25 04:50:28,050 [pool-27-thread-1] INFO  impl.RaftServerImpl (RaftServerImpl.java:<init>(95)) - c35819d4-86f4-4223-a458-676070fe0cbb: new RaftServerImpl for group-7FB6C9EFFD89:[c35819d4-86f4-4223-a458-676070fe0cbb:192.168.151.106:44434] with ContainerStateMachine:uninitialized
2019-09-25 04:50:28,050 [pool-27-thread-1] INFO  server.RaftServerConfigKeys (ConfUtils.java:logGet(43)) - raft.server.rpc.timeout.min = 5s (custom)
2019-09-25 04:50:28,050 [pool-27-thread-1] INFO  server.RaftServerConfigKeys (ConfUtils.java:logGet(43)) - raft.server.rpc.timeout.max = 5200ms (custom)
2019-09-25 04:50:28,051 [pool-27-thread-1] INFO  server.RaftServerConfigKeys (ConfUtils.java:logGet(43)) - raft.server.rpcslowness.timeout = 120s (custom)
2019-09-25 04:50:28,051 [pool-27-thread-1] INFO  server.RaftServerConfigKeys (ConfUtils.java:logGet(43)) - raft.server.sleep.deviation.threshold = 300 (default)
2019-09-25 04:50:28,051 [pool-27-thread-1] INFO  server.RaftServerConfigKeys (ConfUtils.java:logGet(43)) - raft.server.log.appender.install.snapshot.enabled = false (custom)
2019-09-25 04:50:28,051 [pool-27-thread-1] INFO  impl.RaftServerImpl (ServerState.java:<init>(103)) - c35819d4-86f4-4223-a458-676070fe0cbb@group-7FB6C9EFFD89: ConfigurationManager, init=-1: [c35819d4-86f4-4223-a458-676070fe0cbb:192.168.151.106:44434], old=null, confs=<EMPTY_MAP>
2019-09-25 04:50:28,052 [pool-27-thread-1] INFO  server.RaftServerConfigKeys (ConfUtils.java:logGet(43)) - raft.server.storage.dir = [/workdir/hadoop-ozone/integration-test/target/test-dir/MiniOzoneClusterImpl-72f6cbb0-c919-4300-9939-20ef1cbf0e73/datanode-0/data/ratis] (custom)
2019-09-25 04:50:28,053 [pool-27-thread-1] INFO  storage.RaftStorageDirectory (RaftStorageDirectory.java:analyzeStorage(246)) - The storage directory /workdir/hadoop-ozone/integration-test/target/test-dir/MiniOzoneClusterImpl-72f6cbb0-c919-4300-9939-20ef1cbf0e73/datanode-0/data/ratis/fa0810db-79c7-46fd-a572-7fb6c9effd89 does not exist. Creating ...
2019-09-25 04:50:28,066 [pool-27-thread-1] INFO  storage.RaftStorageDirectory (RaftStorageDirectory.java:tryLock(328)) - Lock on /workdir/hadoop-ozone/integration-test/target/test-dir/MiniOzoneClusterImpl-72f6cbb0-c919-4300-9939-20ef1cbf0e73/datanode-0/data/ratis/fa0810db-79c7-46fd-a572-7fb6c9effd89/in_use.lock acquired by nodename 13648@pr-hdds-1569-x2sr2-3486766547
2019-09-25 04:50:28,080 [pool-27-thread-1] INFO  storage.RaftStorage (RaftStorage.java:format(72)) - Storage directory /workdir/hadoop-ozone/integration-test/target/test-dir/MiniOzoneClusterImpl-72f6cbb0-c919-4300-9939-20ef1cbf0e73/datanode-0/data/ratis/fa0810db-79c7-46fd-a572-7fb6c9effd89 has been successfully formatted.
2019-09-25 04:50:28,080 [pool-27-thread-1] INFO  ratis.ContainerStateMachine (ContainerStateMachine.java:loadSnapshot(230)) - group-7FB6C9EFFD89: The snapshot info is null. Setting the last applied indexto:(t:0, i:~)
2019-09-25 04:50:28,080 [pool-27-thread-1] INFO  server.RaftServerConfigKeys (ConfUtils.java:logGet(43)) - raft.server.notification.no-leader.timeout = 120s (custom)
2019-09-25 04:50:28,081 [pool-27-thread-1] INFO  server.RaftServerConfigKeys (ConfUtils.java:logGet(43)) - raft.server.log.use.memory = false (default)
2019-09-25 04:50:28,081 [pool-27-thread-1] INFO  server.RaftServerConfigKeys (ConfUtils.java:logGet(43)) - raft.server.log.purge.gap = 1000000 (custom)
2019-09-25 04:50:28,081 [pool-27-thread-1] INFO  server.RaftServerConfigKeys (ConfUtils.java:logGet(43)) - raft.server.log.appender.buffer.byte-limit = 33554432 (custom)
2019-09-25 04:50:28,081 [pool-27-thread-1] INFO  server.RaftServerConfigKeys (ConfUtils.java:logGet(43)) - raft.server.log.segment.size.max = 1048576 (custom)
2019-09-25 04:50:28,081 [pool-27-thread-1] INFO  server.RaftServerConfigKeys (ConfUtils.java:logGet(43)) - raft.server.log.segment.cache.num.max = 2 (custom)
2019-09-25 04:50:28,081 [pool-27-thread-1] INFO  segmented.SegmentedRaftLogWorker (SegmentedRaftLogWorker.java:<init>(172)) - new c35819d4-86f4-4223-a458-676070fe0cbb@group-7FB6C9EFFD89-SegmentedRaftLogWorker for RaftStorage:Storage Directory /workdir/hadoop-ozone/integration-test/target/test-dir/MiniOzoneClusterImpl-72f6cbb0-c919-4300-9939-20ef1cbf0e73/datanode-0/data/ratis/fa0810db-79c7-46fd-a572-7fb6c9effd89
2019-09-25 04:50:28,082 [pool-27-thread-1] INFO  server.RaftServerConfigKeys (ConfUtils.java:logGet(43)) - raft.server.log.queue.byte-limit = 2147483647 (custom)
2019-09-25 04:50:28,082 [pool-27-thread-1] INFO  server.RaftServerConfigKeys (ConfUtils.java:logGet(43)) - raft.server.log.queue.element-limit = 1024 (custom)
2019-09-25 04:50:28,082 [pool-27-thread-1] INFO  server.RaftServerConfigKeys (ConfUtils.java:logGet(43)) - raft.server.log.segment.size.max = 1048576 (custom)
2019-09-25 04:50:28,082 [pool-27-thread-1] INFO  server.RaftServerConfigKeys (ConfUtils.java:logGet(43)) - raft.server.log.preallocated.size = 16384 (custom)
2019-09-25 04:50:28,082 [pool-27-thread-1] INFO  server.RaftServerConfigKeys (ConfUtils.java:logGet(43)) - raft.server.log.write.buffer.size = 33554432 (custom)
2019-09-25 04:50:28,082 [pool-27-thread-1] INFO  server.RaftServerConfigKeys (ConfUtils.java:logGet(43)) - raft.server.log.force.sync.num = 128 (default)
2019-09-25 04:50:28,082 [pool-27-thread-1] INFO  server.RaftServerConfigKeys (ConfUtils.java:logGet(43)) - raft.server.log.statemachine.data.sync = true (default)
2019-09-25 04:50:28,083 [pool-27-thread-1] INFO  server.RaftServerConfigKeys (ConfUtils.java:logGet(43)) - raft.server.log.statemachine.data.sync.timeout = 10s (default)
2019-09-25 04:50:28,083 [pool-27-thread-1] INFO  server.RaftServerConfigKeys (ConfUtils.java:logGet(43)) - raft.server.log.statemachine.data.sync.timeout.retry = -1 (default)
2019-09-25 04:50:28,083 [pool-27-thread-1] INFO  server.RaftServerConfigKeys (ConfUtils.java:logGet(43)) - raft.server.log.statemachine.data.caching.enabled = true (custom)
2019-09-25 04:50:28,083 [pool-27-thread-1] INFO  segmented.SegmentedRaftLogWorker (SegmentedRaftLogWorker.java:lambda$new$0(132)) - c35819d4-86f4-4223-a458-676070fe0cbb@group-7FB6C9EFFD89-SegmentedRaftLogWorker: flushIndex: setUnconditionally 0 -> -1
2019-09-25 04:50:28,084 [pool-27-thread-1] INFO  server.RaftServerConfigKeys (ConfUtils.java:logGet(43)) - raft.server.snapshot.auto.trigger.enabled = true (custom)
2019-09-25 04:50:28,084 [pool-27-thread-1] INFO  server.RaftServerConfigKeys (ConfUtils.java:logGet(43)) - raft.server.snapshot.auto.trigger.threshold = 10000 (custom)
2019-09-25 04:50:28,084 [pool-27-thread-1] INFO  server.RaftServerConfigKeys (ConfUtils.java:logGet(43)) - raft.server.snapshot.retention.num.files = 5 (custom)
2019-09-25 04:50:28,084 [pool-27-thread-1] INFO  server.RaftServerConfigKeys (ConfUtils.java:logGet(43)) - raft.server.retrycache.expirytime = 600000ms (custom)
2019-09-25 04:50:28,087 [pool-27-thread-1] INFO  impl.RaftServerImpl (RaftServerImpl.java:start(185)) - c35819d4-86f4-4223-a458-676070fe0cbb@group-7FB6C9EFFD89: start as a follower, conf=-1: [c35819d4-86f4-4223-a458-676070fe0cbb:192.168.151.106:44434], old=null
2019-09-25 04:50:28,088 [pool-27-thread-1] INFO  impl.RaftServerImpl (RaftServerImpl.java:setRole(174)) - c35819d4-86f4-4223-a458-676070fe0cbb@group-7FB6C9EFFD89: changes role from      null to FOLLOWER at term 0 for startAsFollower
2019-09-25 04:50:28,088 [pool-27-thread-1] INFO  impl.RoleInfo (RoleInfo.java:updateAndGet(143)) - c35819d4-86f4-4223-a458-676070fe0cbb: start FollowerState
2019-09-25 04:50:28,088 [pool-27-thread-1] INFO  util.JmxRegister (JmxRegister.java:tryRegister(44)) - Successfully registered JMX Bean with object name Ratis:service=RaftServer,group=group-7FB6C9EFFD89,id=c35819d4-86f4-4223-a458-676070fe0cbb
2019-09-25 04:50:28,092 [RatisPipelineUtilsThread] INFO  pipeline.PipelineStateManager (PipelineStateManager.java:addPipeline(56)) - Created pipeline Pipeline[ Id: fa0810db-79c7-46fd-a572-7fb6c9effd89, Nodes: c35819d4-86f4-4223-a458-676070fe0cbb{ip: 192.168.151.106, host: pr-hdds-1569-x2sr2-3486766547, networkLocation: /default-rack, certSerialId: null}, Type:RATIS, Factor:ONE, State:OPEN]
2019-09-25 04:50:28,098 [grpc-default-executor-0] INFO  impl.RaftServerProxy (RaftServerProxy.java:addNew(89)) - a167ab1f-c96d-409e-bb26-ea230783d833: addNew group-73F678C78334:[a167ab1f-c96d-409e-bb26-ea230783d833:192.168.151.106:33404] returns group-73F678C78334:java.util.concurrent.CompletableFuture@3babb9d1[Not completed]
2019-09-25 04:50:28,100 [pool-47-thread-1] INFO  impl.RaftServerImpl (RaftServerImpl.java:<init>(95)) - a167ab1f-c96d-409e-bb26-ea230783d833: new RaftServerImpl for group-73F678C78334:[a167ab1f-c96d-409e-bb26-ea230783d833:192.168.151.106:33404] with ContainerStateMachine:uninitialized
2019-09-25 04:50:28,100 [pool-47-thread-1] INFO  server.RaftServerConfigKeys (ConfUtils.java:logGet(43)) - raft.server.rpc.timeout.min = 5s (custom)
2019-09-25 04:50:28,100 [pool-47-thread-1] INFO  server.RaftServerConfigKeys (ConfUtils.java:logGet(43)) - raft.server.rpc.timeout.max = 5200ms (custom)
2019-09-25 04:50:28,100 [pool-47-thread-1] INFO  server.RaftServerConfigKeys (ConfUtils.java:logGet(43)) - raft.server.rpcslowness.timeout = 120s (custom)
2019-09-25 04:50:28,100 [pool-47-thread-1] INFO  server.RaftServerConfigKeys (ConfUtils.java:logGet(43)) - raft.server.sleep.deviation.threshold = 300 (default)
2019-09-25 04:50:28,101 [pool-47-thread-1] INFO  server.RaftServerConfigKeys (ConfUtils.java:logGet(43)) - raft.server.log.appender.install.snapshot.enabled = false (custom)
2019-09-25 04:50:28,101 [pool-47-thread-1] INFO  impl.RaftServerImpl (ServerState.java:<init>(103)) - a167ab1f-c96d-409e-bb26-ea230783d833@group-73F678C78334: ConfigurationManager, init=-1: [a167ab1f-c96d-409e-bb26-ea230783d833:192.168.151.106:33404], old=null, confs=<EMPTY_MAP>
2019-09-25 04:50:28,101 [pool-47-thread-1] INFO  server.RaftServerConfigKeys (ConfUtils.java:logGet(43)) - raft.server.storage.dir = [/workdir/hadoop-ozone/integration-test/target/test-dir/MiniOzoneClusterImpl-72f6cbb0-c919-4300-9939-20ef1cbf0e73/datanode-2/data/ratis] (custom)
2019-09-25 04:50:28,101 [pool-47-thread-1] INFO  storage.RaftStorageDirectory (RaftStorageDirectory.java:analyzeStorage(246)) - The storage directory /workdir/hadoop-ozone/integration-test/target/test-dir/MiniOzoneClusterImpl-72f6cbb0-c919-4300-9939-20ef1cbf0e73/datanode-2/data/ratis/a1c1b742-dc9e-4b3f-9e82-73f678c78334 does not exist. Creating ...
2019-09-25 04:50:28,105 [pool-47-thread-1] INFO  storage.RaftStorageDirectory (RaftStorageDirectory.java:tryLock(328)) - Lock on /workdir/hadoop-ozone/integration-test/target/test-dir/MiniOzoneClusterImpl-72f6cbb0-c919-4300-9939-20ef1cbf0e73/datanode-2/data/ratis/a1c1b742-dc9e-4b3f-9e82-73f678c78334/in_use.lock acquired by nodename 13648@pr-hdds-1569-x2sr2-3486766547
2019-09-25 04:50:28,118 [pool-47-thread-1] INFO  storage.RaftStorage (RaftStorage.java:format(72)) - Storage directory /workdir/hadoop-ozone/integration-test/target/test-dir/MiniOzoneClusterImpl-72f6cbb0-c919-4300-9939-20ef1cbf0e73/datanode-2/data/ratis/a1c1b742-dc9e-4b3f-9e82-73f678c78334 has been successfully formatted.
2019-09-25 04:50:28,118 [pool-47-thread-1] INFO  ratis.ContainerStateMachine (ContainerStateMachine.java:loadSnapshot(230)) - group-73F678C78334: The snapshot info is null. Setting the last applied indexto:(t:0, i:~)
2019-09-25 04:50:28,118 [pool-47-thread-1] INFO  server.RaftServerConfigKeys (ConfUtils.java:logGet(43)) - raft.server.notification.no-leader.timeout = 120s (custom)
2019-09-25 04:50:28,118 [pool-47-thread-1] INFO  server.RaftServerConfigKeys (ConfUtils.java:logGet(43)) - raft.server.log.use.memory = false (default)
2019-09-25 04:50:28,118 [pool-47-thread-1] INFO  server.RaftServerConfigKeys (ConfUtils.java:logGet(43)) - raft.server.log.purge.gap = 1000000 (custom)
2019-09-25 04:50:28,119 [pool-47-thread-1] INFO  server.RaftServerConfigKeys (ConfUtils.java:logGet(43)) - raft.server.log.appender.buffer.byte-limit = 33554432 (custom)
2019-09-25 04:50:28,119 [pool-47-thread-1] INFO  server.RaftServerConfigKeys (ConfUtils.java:logGet(43)) - raft.server.log.segment.size.max = 1048576 (custom)
2019-09-25 04:50:28,119 [pool-47-thread-1] INFO  server.RaftServerConfigKeys (ConfUtils.java:logGet(43)) - raft.server.log.segment.cache.num.max = 2 (custom)
2019-09-25 04:50:28,119 [pool-47-thread-1] INFO  segmented.SegmentedRaftLogWorker (SegmentedRaftLogWorker.java:<init>(172)) - new a167ab1f-c96d-409e-bb26-ea230783d833@group-73F678C78334-SegmentedRaftLogWorker for RaftStorage:Storage Directory /workdir/hadoop-ozone/integration-test/target/test-dir/MiniOzoneClusterImpl-72f6cbb0-c919-4300-9939-20ef1cbf0e73/datanode-2/data/ratis/a1c1b742-dc9e-4b3f-9e82-73f678c78334
2019-09-25 04:50:28,119 [pool-47-thread-1] INFO  server.RaftServerConfigKeys (ConfUtils.java:logGet(43)) - raft.server.log.queue.byte-limit = 2147483647 (custom)
2019-09-25 04:50:28,119 [pool-47-thread-1] INFO  server.RaftServerConfigKeys (ConfUtils.java:logGet(43)) - raft.server.log.queue.element-limit = 1024 (custom)
2019-09-25 04:50:28,120 [pool-47-thread-1] INFO  server.RaftServerConfigKeys (ConfUtils.java:logGet(43)) - raft.server.log.segment.size.max = 1048576 (custom)
2019-09-25 04:50:28,120 [pool-47-thread-1] INFO  server.RaftServerConfigKeys (ConfUtils.java:logGet(43)) - raft.server.log.preallocated.size = 16384 (custom)
2019-09-25 04:50:28,120 [pool-47-thread-1] INFO  server.RaftServerConfigKeys (ConfUtils.java:logGet(43)) - raft.server.log.write.buffer.size = 33554432 (custom)
2019-09-25 04:50:28,120 [pool-47-thread-1] INFO  server.RaftServerConfigKeys (ConfUtils.java:logGet(43)) - raft.server.log.force.sync.num = 128 (default)
2019-09-25 04:50:28,120 [pool-47-thread-1] INFO  server.RaftServerConfigKeys (ConfUtils.java:logGet(43)) - raft.server.log.statemachine.data.sync = true (default)
2019-09-25 04:50:28,120 [pool-47-thread-1] INFO  server.RaftServerConfigKeys (ConfUtils.java:logGet(43)) - raft.server.log.statemachine.data.sync.timeout = 10s (default)
2019-09-25 04:50:28,121 [pool-47-thread-1] INFO  server.RaftServerConfigKeys (ConfUtils.java:logGet(43)) - raft.server.log.statemachine.data.sync.timeout.retry = -1 (default)
2019-09-25 04:50:28,121 [pool-47-thread-1] INFO  server.RaftServerConfigKeys (ConfUtils.java:logGet(43)) - raft.server.log.statemachine.data.caching.enabled = true (custom)
2019-09-25 04:50:28,121 [pool-47-thread-1] INFO  segmented.SegmentedRaftLogWorker (SegmentedRaftLogWorker.java:lambda$new$0(132)) - a167ab1f-c96d-409e-bb26-ea230783d833@group-73F678C78334-SegmentedRaftLogWorker: flushIndex: setUnconditionally 0 -> -1
2019-09-25 04:50:28,122 [pool-47-thread-1] INFO  server.RaftServerConfigKeys (ConfUtils.java:logGet(43)) - raft.server.snapshot.auto.trigger.enabled = true (custom)
2019-09-25 04:50:28,122 [pool-47-thread-1] INFO  server.RaftServerConfigKeys (ConfUtils.java:logGet(43)) - raft.server.snapshot.auto.trigger.threshold = 10000 (custom)
2019-09-25 04:50:28,122 [pool-47-thread-1] INFO  server.RaftServerConfigKeys (ConfUtils.java:logGet(43)) - raft.server.snapshot.retention.num.files = 5 (custom)
2019-09-25 04:50:28,122 [pool-47-thread-1] INFO  server.RaftServerConfigKeys (ConfUtils.java:logGet(43)) - raft.server.retrycache.expirytime = 600000ms (custom)
2019-09-25 04:50:28,124 [pool-47-thread-1] INFO  impl.RaftServerImpl (RaftServerImpl.java:start(185)) - a167ab1f-c96d-409e-bb26-ea230783d833@group-73F678C78334: start as a follower, conf=-1: [a167ab1f-c96d-409e-bb26-ea230783d833:192.168.151.106:33404], old=null
2019-09-25 04:50:28,125 [pool-47-thread-1] INFO  impl.RaftServerImpl (RaftServerImpl.java:setRole(174)) - a167ab1f-c96d-409e-bb26-ea230783d833@group-73F678C78334: changes role from      null to FOLLOWER at term 0 for startAsFollower
2019-09-25 04:50:28,125 [pool-47-thread-1] INFO  impl.RoleInfo (RoleInfo.java:updateAndGet(143)) - a167ab1f-c96d-409e-bb26-ea230783d833: start FollowerState
2019-09-25 04:50:28,125 [pool-47-thread-1] INFO  util.JmxRegister (JmxRegister.java:tryRegister(44)) - Successfully registered JMX Bean with object name Ratis:service=RaftServer,group=group-73F678C78334,id=a167ab1f-c96d-409e-bb26-ea230783d833
2019-09-25 04:50:28,128 [RatisPipelineUtilsThread] INFO  pipeline.PipelineStateManager (PipelineStateManager.java:addPipeline(56)) - Created pipeline Pipeline[ Id: a1c1b742-dc9e-4b3f-9e82-73f678c78334, Nodes: a167ab1f-c96d-409e-bb26-ea230783d833{ip: 192.168.151.106, host: pr-hdds-1569-x2sr2-3486766547, networkLocation: /default-rack, certSerialId: null}, Type:RATIS, Factor:ONE, State:OPEN]
2019-09-25 04:50:28,134 [grpc-default-executor-0] INFO  impl.RaftServerProxy (RaftServerProxy.java:addNew(89)) - b40ef231-6505-402b-ae57-fc0dc67cbbe8: addNew group-D0D94D80CF3E:[b40ef231-6505-402b-ae57-fc0dc67cbbe8:192.168.151.106:41861] returns group-D0D94D80CF3E:java.util.concurrent.CompletableFuture@709ca961[Not completed]
2019-09-25 04:50:28,135 [pool-37-thread-1] INFO  impl.RaftServerImpl (RaftServerImpl.java:<init>(95)) - b40ef231-6505-402b-ae57-fc0dc67cbbe8: new RaftServerImpl for group-D0D94D80CF3E:[b40ef231-6505-402b-ae57-fc0dc67cbbe8:192.168.151.106:41861] with ContainerStateMachine:uninitialized
2019-09-25 04:50:28,135 [pool-37-thread-1] INFO  server.RaftServerConfigKeys (ConfUtils.java:logGet(43)) - raft.server.rpc.timeout.min = 5s (custom)
2019-09-25 04:50:28,136 [pool-37-thread-1] INFO  server.RaftServerConfigKeys (ConfUtils.java:logGet(43)) - raft.server.rpc.timeout.max = 5200ms (custom)
2019-09-25 04:50:28,136 [pool-37-thread-1] INFO  server.RaftServerConfigKeys (ConfUtils.java:logGet(43)) - raft.server.rpcslowness.timeout = 120s (custom)
2019-09-25 04:50:28,136 [pool-37-thread-1] INFO  server.RaftServerConfigKeys (ConfUtils.java:logGet(43)) - raft.server.sleep.deviation.threshold = 300 (default)
2019-09-25 04:50:28,136 [pool-37-thread-1] INFO  server.RaftServerConfigKeys (ConfUtils.java:logGet(43)) - raft.server.log.appender.install.snapshot.enabled = false (custom)
2019-09-25 04:50:28,136 [pool-37-thread-1] INFO  impl.RaftServerImpl (ServerState.java:<init>(103)) - b40ef231-6505-402b-ae57-fc0dc67cbbe8@group-D0D94D80CF3E: ConfigurationManager, init=-1: [b40ef231-6505-402b-ae57-fc0dc67cbbe8:192.168.151.106:41861], old=null, confs=<EMPTY_MAP>
2019-09-25 04:50:28,136 [pool-37-thread-1] INFO  server.RaftServerConfigKeys (ConfUtils.java:logGet(43)) - raft.server.storage.dir = [/workdir/hadoop-ozone/integration-test/target/test-dir/MiniOzoneClusterImpl-72f6cbb0-c919-4300-9939-20ef1cbf0e73/datanode-1/data/ratis] (custom)
2019-09-25 04:50:28,137 [pool-37-thread-1] INFO  storage.RaftStorageDirectory (RaftStorageDirectory.java:analyzeStorage(246)) - The storage directory /workdir/hadoop-ozone/integration-test/target/test-dir/MiniOzoneClusterImpl-72f6cbb0-c919-4300-9939-20ef1cbf0e73/datanode-1/data/ratis/2299775e-5bfc-45aa-9930-d0d94d80cf3e does not exist. Creating ...
2019-09-25 04:50:28,144 [pool-37-thread-1] INFO  storage.RaftStorageDirectory (RaftStorageDirectory.java:tryLock(328)) - Lock on /workdir/hadoop-ozone/integration-test/target/test-dir/MiniOzoneClusterImpl-72f6cbb0-c919-4300-9939-20ef1cbf0e73/datanode-1/data/ratis/2299775e-5bfc-45aa-9930-d0d94d80cf3e/in_use.lock acquired by nodename 13648@pr-hdds-1569-x2sr2-3486766547
2019-09-25 04:50:28,197 [pool-37-thread-1] INFO  storage.RaftStorage (RaftStorage.java:format(72)) - Storage directory /workdir/hadoop-ozone/integration-test/target/test-dir/MiniOzoneClusterImpl-72f6cbb0-c919-4300-9939-20ef1cbf0e73/datanode-1/data/ratis/2299775e-5bfc-45aa-9930-d0d94d80cf3e has been successfully formatted.
2019-09-25 04:50:28,197 [pool-37-thread-1] INFO  ratis.ContainerStateMachine (ContainerStateMachine.java:loadSnapshot(230)) - group-D0D94D80CF3E: The snapshot info is null. Setting the last applied indexto:(t:0, i:~)
2019-09-25 04:50:28,198 [pool-37-thread-1] INFO  server.RaftServerConfigKeys (ConfUtils.java:logGet(43)) - raft.server.notification.no-leader.timeout = 120s (custom)
2019-09-25 04:50:28,198 [pool-37-thread-1] INFO  server.RaftServerConfigKeys (ConfUtils.java:logGet(43)) - raft.server.log.use.memory = false (default)
2019-09-25 04:50:28,198 [pool-37-thread-1] INFO  server.RaftServerConfigKeys (ConfUtils.java:logGet(43)) - raft.server.log.purge.gap = 1000000 (custom)
2019-09-25 04:50:28,198 [pool-37-thread-1] INFO  server.RaftServerConfigKeys (ConfUtils.java:logGet(43)) - raft.server.log.appender.buffer.byte-limit = 33554432 (custom)
2019-09-25 04:50:28,199 [pool-37-thread-1] INFO  server.RaftServerConfigKeys (ConfUtils.java:logGet(43)) - raft.server.log.segment.size.max = 1048576 (custom)
2019-09-25 04:50:28,199 [pool-37-thread-1] INFO  server.RaftServerConfigKeys (ConfUtils.java:logGet(43)) - raft.server.log.segment.cache.num.max = 2 (custom)
2019-09-25 04:50:28,199 [pool-37-thread-1] INFO  segmented.SegmentedRaftLogWorker (SegmentedRaftLogWorker.java:<init>(172)) - new b40ef231-6505-402b-ae57-fc0dc67cbbe8@group-D0D94D80CF3E-SegmentedRaftLogWorker for RaftStorage:Storage Directory /workdir/hadoop-ozone/integration-test/target/test-dir/MiniOzoneClusterImpl-72f6cbb0-c919-4300-9939-20ef1cbf0e73/datanode-1/data/ratis/2299775e-5bfc-45aa-9930-d0d94d80cf3e
2019-09-25 04:50:28,199 [pool-37-thread-1] INFO  server.RaftServerConfigKeys (ConfUtils.java:logGet(43)) - raft.server.log.queue.byte-limit = 2147483647 (custom)
2019-09-25 04:50:28,199 [pool-37-thread-1] INFO  server.RaftServerConfigKeys (ConfUtils.java:logGet(43)) - raft.server.log.queue.element-limit = 1024 (custom)
2019-09-25 04:50:28,199 [pool-37-thread-1] INFO  server.RaftServerConfigKeys (ConfUtils.java:logGet(43)) - raft.server.log.segment.size.max = 1048576 (custom)
2019-09-25 04:50:28,200 [pool-37-thread-1] INFO  server.RaftServerConfigKeys (ConfUtils.java:logGet(43)) - raft.server.log.preallocated.size = 16384 (custom)
2019-09-25 04:50:28,200 [pool-37-thread-1] INFO  server.RaftServerConfigKeys (ConfUtils.java:logGet(43)) - raft.server.log.write.buffer.size = 33554432 (custom)
2019-09-25 04:50:28,200 [pool-37-thread-1] INFO  server.RaftServerConfigKeys (ConfUtils.java:logGet(43)) - raft.server.log.force.sync.num = 128 (default)
2019-09-25 04:50:28,200 [pool-37-thread-1] INFO  server.RaftServerConfigKeys (ConfUtils.java:logGet(43)) - raft.server.log.statemachine.data.sync = true (default)
2019-09-25 04:50:28,200 [pool-37-thread-1] INFO  server.RaftServerConfigKeys (ConfUtils.java:logGet(43)) - raft.server.log.statemachine.data.sync.timeout = 10s (default)
2019-09-25 04:50:28,200 [pool-37-thread-1] INFO  server.RaftServerConfigKeys (ConfUtils.java:logGet(43)) - raft.server.log.statemachine.data.sync.timeout.retry = -1 (default)
2019-09-25 04:50:28,201 [pool-37-thread-1] INFO  server.RaftServerConfigKeys (ConfUtils.java:logGet(43)) - raft.server.log.statemachine.data.caching.enabled = true (custom)
2019-09-25 04:50:28,201 [pool-37-thread-1] INFO  segmented.SegmentedRaftLogWorker (SegmentedRaftLogWorker.java:lambda$new$0(132)) - b40ef231-6505-402b-ae57-fc0dc67cbbe8@group-D0D94D80CF3E-SegmentedRaftLogWorker: flushIndex: setUnconditionally 0 -> -1
2019-09-25 04:50:28,202 [pool-37-thread-1] INFO  server.RaftServerConfigKeys (ConfUtils.java:logGet(43)) - raft.server.snapshot.auto.trigger.enabled = true (custom)
2019-09-25 04:50:28,202 [pool-37-thread-1] INFO  server.RaftServerConfigKeys (ConfUtils.java:logGet(43)) - raft.server.snapshot.auto.trigger.threshold = 10000 (custom)
2019-09-25 04:50:28,202 [pool-37-thread-1] INFO  server.RaftServerConfigKeys (ConfUtils.java:logGet(43)) - raft.server.snapshot.retention.num.files = 5 (custom)
2019-09-25 04:50:28,202 [pool-37-thread-1] INFO  server.RaftServerConfigKeys (ConfUtils.java:logGet(43)) - raft.server.retrycache.expirytime = 600000ms (custom)
2019-09-25 04:50:28,205 [pool-37-thread-1] INFO  impl.RaftServerImpl (RaftServerImpl.java:start(185)) - b40ef231-6505-402b-ae57-fc0dc67cbbe8@group-D0D94D80CF3E: start as a follower, conf=-1: [b40ef231-6505-402b-ae57-fc0dc67cbbe8:192.168.151.106:41861], old=null
2019-09-25 04:50:28,205 [pool-37-thread-1] INFO  impl.RaftServerImpl (RaftServerImpl.java:setRole(174)) - b40ef231-6505-402b-ae57-fc0dc67cbbe8@group-D0D94D80CF3E: changes role from      null to FOLLOWER at term 0 for startAsFollower
2019-09-25 04:50:28,205 [pool-37-thread-1] INFO  impl.RoleInfo (RoleInfo.java:updateAndGet(143)) - b40ef231-6505-402b-ae57-fc0dc67cbbe8: start FollowerState
2019-09-25 04:50:28,206 [pool-37-thread-1] INFO  util.JmxRegister (JmxRegister.java:tryRegister(44)) - Successfully registered JMX Bean with object name Ratis:service=RaftServer,group=group-D0D94D80CF3E,id=b40ef231-6505-402b-ae57-fc0dc67cbbe8
2019-09-25 04:50:28,219 [RatisPipelineUtilsThread] INFO  pipeline.PipelineStateManager (PipelineStateManager.java:addPipeline(56)) - Created pipeline Pipeline[ Id: 2299775e-5bfc-45aa-9930-d0d94d80cf3e, Nodes: b40ef231-6505-402b-ae57-fc0dc67cbbe8{ip: 192.168.151.106, host: pr-hdds-1569-x2sr2-3486766547, networkLocation: /default-rack, certSerialId: null}, Type:RATIS, Factor:ONE, State:OPEN]
2019-09-25 04:50:28,225 [grpc-default-executor-0] INFO  impl.RaftServerProxy (RaftServerProxy.java:addNew(89)) - a167ab1f-c96d-409e-bb26-ea230783d833: addNew group-5A258D17D1B9:[a167ab1f-c96d-409e-bb26-ea230783d833:192.168.151.106:33404] returns group-5A258D17D1B9:java.util.concurrent.CompletableFuture@13a91cae[Not completed]
2019-09-25 04:50:28,227 [pool-47-thread-1] INFO  impl.RaftServerImpl (RaftServerImpl.java:<init>(95)) - a167ab1f-c96d-409e-bb26-ea230783d833: new RaftServerImpl for group-5A258D17D1B9:[a167ab1f-c96d-409e-bb26-ea230783d833:192.168.151.106:33404] with ContainerStateMachine:uninitialized
2019-09-25 04:50:28,227 [pool-47-thread-1] INFO  server.RaftServerConfigKeys (ConfUtils.java:logGet(43)) - raft.server.rpc.timeout.min = 5s (custom)
2019-09-25 04:50:28,227 [pool-47-thread-1] INFO  server.RaftServerConfigKeys (ConfUtils.java:logGet(43)) - raft.server.rpc.timeout.max = 5200ms (custom)
2019-09-25 04:50:28,227 [pool-47-thread-1] INFO  server.RaftServerConfigKeys (ConfUtils.java:logGet(43)) - raft.server.rpcslowness.timeout = 120s (custom)
2019-09-25 04:50:28,228 [pool-47-thread-1] INFO  server.RaftServerConfigKeys (ConfUtils.java:logGet(43)) - raft.server.sleep.deviation.threshold = 300 (default)
2019-09-25 04:50:28,228 [pool-47-thread-1] INFO  server.RaftServerConfigKeys (ConfUtils.java:logGet(43)) - raft.server.log.appender.install.snapshot.enabled = false (custom)
2019-09-25 04:50:28,228 [pool-47-thread-1] INFO  impl.RaftServerImpl (ServerState.java:<init>(103)) - a167ab1f-c96d-409e-bb26-ea230783d833@group-5A258D17D1B9: ConfigurationManager, init=-1: [a167ab1f-c96d-409e-bb26-ea230783d833:192.168.151.106:33404], old=null, confs=<EMPTY_MAP>
2019-09-25 04:50:28,228 [pool-47-thread-1] INFO  server.RaftServerConfigKeys (ConfUtils.java:logGet(43)) - raft.server.storage.dir = [/workdir/hadoop-ozone/integration-test/target/test-dir/MiniOzoneClusterImpl-72f6cbb0-c919-4300-9939-20ef1cbf0e73/datanode-2/data/ratis] (custom)
2019-09-25 04:50:28,239 [pool-47-thread-1] INFO  storage.RaftStorageDirectory (RaftStorageDirectory.java:analyzeStorage(246)) - The storage directory /workdir/hadoop-ozone/integration-test/target/test-dir/MiniOzoneClusterImpl-72f6cbb0-c919-4300-9939-20ef1cbf0e73/datanode-2/data/ratis/2f0e8646-8651-4bc7-adef-5a258d17d1b9 does not exist. Creating ...
2019-09-25 04:50:28,384 [pool-47-thread-1] INFO  storage.RaftStorageDirectory (RaftStorageDirectory.java:tryLock(328)) - Lock on /workdir/hadoop-ozone/integration-test/target/test-dir/MiniOzoneClusterImpl-72f6cbb0-c919-4300-9939-20ef1cbf0e73/datanode-2/data/ratis/2f0e8646-8651-4bc7-adef-5a258d17d1b9/in_use.lock acquired by nodename 13648@pr-hdds-1569-x2sr2-3486766547
2019-09-25 04:50:28,402 [pool-47-thread-1] INFO  storage.RaftStorage (RaftStorage.java:format(72)) - Storage directory /workdir/hadoop-ozone/integration-test/target/test-dir/MiniOzoneClusterImpl-72f6cbb0-c919-4300-9939-20ef1cbf0e73/datanode-2/data/ratis/2f0e8646-8651-4bc7-adef-5a258d17d1b9 has been successfully formatted.
2019-09-25 04:50:28,403 [pool-47-thread-1] INFO  ratis.ContainerStateMachine (ContainerStateMachine.java:loadSnapshot(230)) - group-5A258D17D1B9: The snapshot info is null. Setting the last applied indexto:(t:0, i:~)
2019-09-25 04:50:28,403 [pool-47-thread-1] INFO  server.RaftServerConfigKeys (ConfUtils.java:logGet(43)) - raft.server.notification.no-leader.timeout = 120s (custom)
2019-09-25 04:50:28,403 [pool-47-thread-1] INFO  server.RaftServerConfigKeys (ConfUtils.java:logGet(43)) - raft.server.log.use.memory = false (default)
2019-09-25 04:50:28,403 [pool-47-thread-1] INFO  server.RaftServerConfigKeys (ConfUtils.java:logGet(43)) - raft.server.log.purge.gap = 1000000 (custom)
2019-09-25 04:50:28,403 [pool-47-thread-1] INFO  server.RaftServerConfigKeys (ConfUtils.java:logGet(43)) - raft.server.log.appender.buffer.byte-limit = 33554432 (custom)
2019-09-25 04:50:28,404 [pool-47-thread-1] INFO  server.RaftServerConfigKeys (ConfUtils.java:logGet(43)) - raft.server.log.segment.size.max = 1048576 (custom)
2019-09-25 04:50:28,404 [pool-47-thread-1] INFO  server.RaftServerConfigKeys (ConfUtils.java:logGet(43)) - raft.server.log.segment.cache.num.max = 2 (custom)
2019-09-25 04:50:28,404 [pool-47-thread-1] INFO  segmented.SegmentedRaftLogWorker (SegmentedRaftLogWorker.java:<init>(172)) - new a167ab1f-c96d-409e-bb26-ea230783d833@group-5A258D17D1B9-SegmentedRaftLogWorker for RaftStorage:Storage Directory /workdir/hadoop-ozone/integration-test/target/test-dir/MiniOzoneClusterImpl-72f6cbb0-c919-4300-9939-20ef1cbf0e73/datanode-2/data/ratis/2f0e8646-8651-4bc7-adef-5a258d17d1b9
2019-09-25 04:50:28,404 [pool-47-thread-1] INFO  server.RaftServerConfigKeys (ConfUtils.java:logGet(43)) - raft.server.log.queue.byte-limit = 2147483647 (custom)
2019-09-25 04:50:28,404 [pool-47-thread-1] INFO  server.RaftServerConfigKeys (ConfUtils.java:logGet(43)) - raft.server.log.queue.element-limit = 1024 (custom)
2019-09-25 04:50:28,405 [pool-47-thread-1] INFO  server.RaftServerConfigKeys (ConfUtils.java:logGet(43)) - raft.server.log.segment.size.max = 1048576 (custom)
2019-09-25 04:50:28,405 [pool-47-thread-1] INFO  server.RaftServerConfigKeys (ConfUtils.java:logGet(43)) - raft.server.log.preallocated.size = 16384 (custom)
2019-09-25 04:50:28,405 [pool-47-thread-1] INFO  server.RaftServerConfigKeys (ConfUtils.java:logGet(43)) - raft.server.log.write.buffer.size = 33554432 (custom)
2019-09-25 04:50:28,405 [pool-47-thread-1] INFO  server.RaftServerConfigKeys (ConfUtils.java:logGet(43)) - raft.server.log.force.sync.num = 128 (default)
2019-09-25 04:50:28,405 [pool-47-thread-1] INFO  server.RaftServerConfigKeys (ConfUtils.java:logGet(43)) - raft.server.log.statemachine.data.sync = true (default)
2019-09-25 04:50:28,405 [pool-47-thread-1] INFO  server.RaftServerConfigKeys (ConfUtils.java:logGet(43)) - raft.server.log.statemachine.data.sync.timeout = 10s (default)
2019-09-25 04:50:28,406 [pool-47-thread-1] INFO  server.RaftServerConfigKeys (ConfUtils.java:logGet(43)) - raft.server.log.statemachine.data.sync.timeout.retry = -1 (default)
2019-09-25 04:50:28,406 [pool-47-thread-1] INFO  server.RaftServerConfigKeys (ConfUtils.java:logGet(43)) - raft.server.log.statemachine.data.caching.enabled = true (custom)
2019-09-25 04:50:28,406 [pool-47-thread-1] INFO  segmented.SegmentedRaftLogWorker (SegmentedRaftLogWorker.java:lambda$new$0(132)) - a167ab1f-c96d-409e-bb26-ea230783d833@group-5A258D17D1B9-SegmentedRaftLogWorker: flushIndex: setUnconditionally 0 -> -1
2019-09-25 04:50:28,407 [pool-47-thread-1] INFO  server.RaftServerConfigKeys (ConfUtils.java:logGet(43)) - raft.server.snapshot.auto.trigger.enabled = true (custom)
2019-09-25 04:50:28,407 [pool-47-thread-1] INFO  server.RaftServerConfigKeys (ConfUtils.java:logGet(43)) - raft.server.snapshot.auto.trigger.threshold = 10000 (custom)
2019-09-25 04:50:28,407 [pool-47-thread-1] INFO  server.RaftServerConfigKeys (ConfUtils.java:logGet(43)) - raft.server.snapshot.retention.num.files = 5 (custom)
2019-09-25 04:50:28,407 [pool-47-thread-1] INFO  server.RaftServerConfigKeys (ConfUtils.java:logGet(43)) - raft.server.retrycache.expirytime = 600000ms (custom)
2019-09-25 04:50:28,411 [pool-47-thread-1] INFO  impl.RaftServerImpl (RaftServerImpl.java:start(185)) - a167ab1f-c96d-409e-bb26-ea230783d833@group-5A258D17D1B9: start as a follower, conf=-1: [a167ab1f-c96d-409e-bb26-ea230783d833:192.168.151.106:33404], old=null
2019-09-25 04:50:28,411 [pool-47-thread-1] INFO  impl.RaftServerImpl (RaftServerImpl.java:setRole(174)) - a167ab1f-c96d-409e-bb26-ea230783d833@group-5A258D17D1B9: changes role from      null to FOLLOWER at term 0 for startAsFollower
2019-09-25 04:50:28,411 [pool-47-thread-1] INFO  impl.RoleInfo (RoleInfo.java:updateAndGet(143)) - a167ab1f-c96d-409e-bb26-ea230783d833: start FollowerState
2019-09-25 04:50:28,412 [pool-47-thread-1] INFO  util.JmxRegister (JmxRegister.java:tryRegister(44)) - Successfully registered JMX Bean with object name Ratis:service=RaftServer,group=group-5A258D17D1B9,id=a167ab1f-c96d-409e-bb26-ea230783d833
2019-09-25 04:50:28,415 [RatisPipelineUtilsThread] INFO  pipeline.PipelineStateManager (PipelineStateManager.java:addPipeline(56)) - Created pipeline Pipeline[ Id: 2f0e8646-8651-4bc7-adef-5a258d17d1b9, Nodes: a167ab1f-c96d-409e-bb26-ea230783d833{ip: 192.168.151.106, host: pr-hdds-1569-x2sr2-3486766547, networkLocation: /default-rack, certSerialId: null}, Type:RATIS, Factor:ONE, State:OPEN]
2019-09-25 04:50:28,422 [grpc-default-executor-0] INFO  impl.RaftServerProxy (RaftServerProxy.java:addNew(89)) - 9216b865-ce6b-4fb7-bc99-65479a86b6eb: addNew group-627BA79D4D93:[9216b865-ce6b-4fb7-bc99-65479a86b6eb:192.168.151.106:43252] returns group-627BA79D4D93:java.util.concurrent.CompletableFuture@367da10a[Not completed]
2019-09-25 04:50:28,423 [pool-77-thread-1] INFO  impl.RaftServerImpl (RaftServerImpl.java:<init>(95)) - 9216b865-ce6b-4fb7-bc99-65479a86b6eb: new RaftServerImpl for group-627BA79D4D93:[9216b865-ce6b-4fb7-bc99-65479a86b6eb:192.168.151.106:43252] with ContainerStateMachine:uninitialized
2019-09-25 04:50:28,423 [pool-77-thread-1] INFO  server.RaftServerConfigKeys (ConfUtils.java:logGet(43)) - raft.server.rpc.timeout.min = 5s (custom)
2019-09-25 04:50:28,423 [pool-77-thread-1] INFO  server.RaftServerConfigKeys (ConfUtils.java:logGet(43)) - raft.server.rpc.timeout.max = 5200ms (custom)
2019-09-25 04:50:28,424 [pool-77-thread-1] INFO  server.RaftServerConfigKeys (ConfUtils.java:logGet(43)) - raft.server.rpcslowness.timeout = 120s (custom)
2019-09-25 04:50:28,424 [pool-77-thread-1] INFO  server.RaftServerConfigKeys (ConfUtils.java:logGet(43)) - raft.server.sleep.deviation.threshold = 300 (default)
2019-09-25 04:50:28,424 [pool-77-thread-1] INFO  server.RaftServerConfigKeys (ConfUtils.java:logGet(43)) - raft.server.log.appender.install.snapshot.enabled = false (custom)
2019-09-25 04:50:28,424 [pool-77-thread-1] INFO  impl.RaftServerImpl (ServerState.java:<init>(103)) - 9216b865-ce6b-4fb7-bc99-65479a86b6eb@group-627BA79D4D93: ConfigurationManager, init=-1: [9216b865-ce6b-4fb7-bc99-65479a86b6eb:192.168.151.106:43252], old=null, confs=<EMPTY_MAP>
2019-09-25 04:50:28,424 [pool-77-thread-1] INFO  server.RaftServerConfigKeys (ConfUtils.java:logGet(43)) - raft.server.storage.dir = [/workdir/hadoop-ozone/integration-test/target/test-dir/MiniOzoneClusterImpl-72f6cbb0-c919-4300-9939-20ef1cbf0e73/datanode-5/data/ratis] (custom)
2019-09-25 04:50:28,425 [pool-77-thread-1] INFO  storage.RaftStorageDirectory (RaftStorageDirectory.java:analyzeStorage(246)) - The storage directory /workdir/hadoop-ozone/integration-test/target/test-dir/MiniOzoneClusterImpl-72f6cbb0-c919-4300-9939-20ef1cbf0e73/datanode-5/data/ratis/06dcdedf-cfff-420b-bc14-627ba79d4d93 does not exist. Creating ...
2019-09-25 04:50:28,439 [pool-77-thread-1] INFO  storage.RaftStorageDirectory (RaftStorageDirectory.java:tryLock(328)) - Lock on /workdir/hadoop-ozone/integration-test/target/test-dir/MiniOzoneClusterImpl-72f6cbb0-c919-4300-9939-20ef1cbf0e73/datanode-5/data/ratis/06dcdedf-cfff-420b-bc14-627ba79d4d93/in_use.lock acquired by nodename 13648@pr-hdds-1569-x2sr2-3486766547
2019-09-25 04:50:28,473 [pool-77-thread-1] INFO  storage.RaftStorage (RaftStorage.java:format(72)) - Storage directory /workdir/hadoop-ozone/integration-test/target/test-dir/MiniOzoneClusterImpl-72f6cbb0-c919-4300-9939-20ef1cbf0e73/datanode-5/data/ratis/06dcdedf-cfff-420b-bc14-627ba79d4d93 has been successfully formatted.
2019-09-25 04:50:28,473 [pool-77-thread-1] INFO  ratis.ContainerStateMachine (ContainerStateMachine.java:loadSnapshot(230)) - group-627BA79D4D93: The snapshot info is null. Setting the last applied indexto:(t:0, i:~)
2019-09-25 04:50:28,474 [pool-77-thread-1] INFO  server.RaftServerConfigKeys (ConfUtils.java:logGet(43)) - raft.server.notification.no-leader.timeout = 120s (custom)
2019-09-25 04:50:28,474 [pool-77-thread-1] INFO  server.RaftServerConfigKeys (ConfUtils.java:logGet(43)) - raft.server.log.use.memory = false (default)
2019-09-25 04:50:28,474 [pool-77-thread-1] INFO  server.RaftServerConfigKeys (ConfUtils.java:logGet(43)) - raft.server.log.purge.gap = 1000000 (custom)
2019-09-25 04:50:28,474 [pool-77-thread-1] INFO  server.RaftServerConfigKeys (ConfUtils.java:logGet(43)) - raft.server.log.appender.buffer.byte-limit = 33554432 (custom)
2019-09-25 04:50:28,474 [pool-77-thread-1] INFO  server.RaftServerConfigKeys (ConfUtils.java:logGet(43)) - raft.server.log.segment.size.max = 1048576 (custom)
2019-09-25 04:50:28,475 [pool-77-thread-1] INFO  server.RaftServerConfigKeys (ConfUtils.java:logGet(43)) - raft.server.log.segment.cache.num.max = 2 (custom)
2019-09-25 04:50:28,475 [pool-77-thread-1] INFO  segmented.SegmentedRaftLogWorker (SegmentedRaftLogWorker.java:<init>(172)) - new 9216b865-ce6b-4fb7-bc99-65479a86b6eb@group-627BA79D4D93-SegmentedRaftLogWorker for RaftStorage:Storage Directory /workdir/hadoop-ozone/integration-test/target/test-dir/MiniOzoneClusterImpl-72f6cbb0-c919-4300-9939-20ef1cbf0e73/datanode-5/data/ratis/06dcdedf-cfff-420b-bc14-627ba79d4d93
2019-09-25 04:50:28,475 [pool-77-thread-1] INFO  server.RaftServerConfigKeys (ConfUtils.java:logGet(43)) - raft.server.log.queue.byte-limit = 2147483647 (custom)
2019-09-25 04:50:28,475 [pool-77-thread-1] INFO  server.RaftServerConfigKeys (ConfUtils.java:logGet(43)) - raft.server.log.queue.element-limit = 1024 (custom)
2019-09-25 04:50:28,475 [pool-77-thread-1] INFO  server.RaftServerConfigKeys (ConfUtils.java:logGet(43)) - raft.server.log.segment.size.max = 1048576 (custom)
2019-09-25 04:50:28,475 [pool-77-thread-1] INFO  server.RaftServerConfigKeys (ConfUtils.java:logGet(43)) - raft.server.log.preallocated.size = 16384 (custom)
2019-09-25 04:50:28,476 [pool-77-thread-1] INFO  server.RaftServerConfigKeys (ConfUtils.java:logGet(43)) - raft.server.log.write.buffer.size = 33554432 (custom)
2019-09-25 04:50:28,476 [pool-77-thread-1] INFO  server.RaftServerConfigKeys (ConfUtils.java:logGet(43)) - raft.server.log.force.sync.num = 128 (default)
2019-09-25 04:50:28,476 [pool-77-thread-1] INFO  server.RaftServerConfigKeys (ConfUtils.java:logGet(43)) - raft.server.log.statemachine.data.sync = true (default)
2019-09-25 04:50:28,476 [pool-77-thread-1] INFO  server.RaftServerConfigKeys (ConfUtils.java:logGet(43)) - raft.server.log.statemachine.data.sync.timeout = 10s (default)
2019-09-25 04:50:28,476 [pool-77-thread-1] INFO  server.RaftServerConfigKeys (ConfUtils.java:logGet(43)) - raft.server.log.statemachine.data.sync.timeout.retry = -1 (default)
2019-09-25 04:50:28,477 [pool-77-thread-1] INFO  server.RaftServerConfigKeys (ConfUtils.java:logGet(43)) - raft.server.log.statemachine.data.caching.enabled = true (custom)
2019-09-25 04:50:28,477 [pool-77-thread-1] INFO  segmented.SegmentedRaftLogWorker (SegmentedRaftLogWorker.java:lambda$new$0(132)) - 9216b865-ce6b-4fb7-bc99-65479a86b6eb@group-627BA79D4D93-SegmentedRaftLogWorker: flushIndex: setUnconditionally 0 -> -1
2019-09-25 04:50:28,478 [pool-77-thread-1] INFO  server.RaftServerConfigKeys (ConfUtils.java:logGet(43)) - raft.server.snapshot.auto.trigger.enabled = true (custom)
2019-09-25 04:50:28,478 [pool-77-thread-1] INFO  server.RaftServerConfigKeys (ConfUtils.java:logGet(43)) - raft.server.snapshot.auto.trigger.threshold = 10000 (custom)
2019-09-25 04:50:28,478 [pool-77-thread-1] INFO  server.RaftServerConfigKeys (ConfUtils.java:logGet(43)) - raft.server.snapshot.retention.num.files = 5 (custom)
2019-09-25 04:50:28,478 [pool-77-thread-1] INFO  server.RaftServerConfigKeys (ConfUtils.java:logGet(43)) - raft.server.retrycache.expirytime = 600000ms (custom)
2019-09-25 04:50:28,481 [pool-77-thread-1] INFO  impl.RaftServerImpl (RaftServerImpl.java:start(185)) - 9216b865-ce6b-4fb7-bc99-65479a86b6eb@group-627BA79D4D93: start as a follower, conf=-1: [9216b865-ce6b-4fb7-bc99-65479a86b6eb:192.168.151.106:43252], old=null
2019-09-25 04:50:28,481 [pool-77-thread-1] INFO  impl.RaftServerImpl (RaftServerImpl.java:setRole(174)) - 9216b865-ce6b-4fb7-bc99-65479a86b6eb@group-627BA79D4D93: changes role from      null to FOLLOWER at term 0 for startAsFollower
2019-09-25 04:50:28,481 [pool-77-thread-1] INFO  impl.RoleInfo (RoleInfo.java:updateAndGet(143)) - 9216b865-ce6b-4fb7-bc99-65479a86b6eb: start FollowerState
2019-09-25 04:50:28,482 [pool-77-thread-1] INFO  util.JmxRegister (JmxRegister.java:tryRegister(44)) - Successfully registered JMX Bean with object name Ratis:service=RaftServer,group=group-627BA79D4D93,id=9216b865-ce6b-4fb7-bc99-65479a86b6eb
2019-09-25 04:50:28,485 [RatisPipelineUtilsThread] INFO  pipeline.PipelineStateManager (PipelineStateManager.java:addPipeline(56)) - Created pipeline Pipeline[ Id: 06dcdedf-cfff-420b-bc14-627ba79d4d93, Nodes: 9216b865-ce6b-4fb7-bc99-65479a86b6eb{ip: 192.168.151.106, host: pr-hdds-1569-x2sr2-3486766547, networkLocation: /default-rack, certSerialId: null}, Type:RATIS, Factor:ONE, State:OPEN]
2019-09-25 04:50:28,491 [grpc-default-executor-0] INFO  impl.RaftServerProxy (RaftServerProxy.java:addNew(89)) - a167ab1f-c96d-409e-bb26-ea230783d833: addNew group-AF2E94BFA1A8:[a167ab1f-c96d-409e-bb26-ea230783d833:192.168.151.106:33404] returns group-AF2E94BFA1A8:java.util.concurrent.CompletableFuture@4a50064a[Not completed]
2019-09-25 04:50:28,493 [pool-47-thread-1] INFO  impl.RaftServerImpl (RaftServerImpl.java:<init>(95)) - a167ab1f-c96d-409e-bb26-ea230783d833: new RaftServerImpl for group-AF2E94BFA1A8:[a167ab1f-c96d-409e-bb26-ea230783d833:192.168.151.106:33404] with ContainerStateMachine:uninitialized
2019-09-25 04:50:28,493 [pool-47-thread-1] INFO  server.RaftServerConfigKeys (ConfUtils.java:logGet(43)) - raft.server.rpc.timeout.min = 5s (custom)
2019-09-25 04:50:28,493 [pool-47-thread-1] INFO  server.RaftServerConfigKeys (ConfUtils.java:logGet(43)) - raft.server.rpc.timeout.max = 5200ms (custom)
2019-09-25 04:50:28,493 [pool-47-thread-1] INFO  server.RaftServerConfigKeys (ConfUtils.java:logGet(43)) - raft.server.rpcslowness.timeout = 120s (custom)
2019-09-25 04:50:28,493 [pool-47-thread-1] INFO  server.RaftServerConfigKeys (ConfUtils.java:logGet(43)) - raft.server.sleep.deviation.threshold = 300 (default)
2019-09-25 04:50:28,493 [pool-47-thread-1] INFO  server.RaftServerConfigKeys (ConfUtils.java:logGet(43)) - raft.server.log.appender.install.snapshot.enabled = false (custom)
2019-09-25 04:50:28,493 [pool-47-thread-1] INFO  impl.RaftServerImpl (ServerState.java:<init>(103)) - a167ab1f-c96d-409e-bb26-ea230783d833@group-AF2E94BFA1A8: ConfigurationManager, init=-1: [a167ab1f-c96d-409e-bb26-ea230783d833:192.168.151.106:33404], old=null, confs=<EMPTY_MAP>
2019-09-25 04:50:28,494 [pool-47-thread-1] INFO  server.RaftServerConfigKeys (ConfUtils.java:logGet(43)) - raft.server.storage.dir = [/workdir/hadoop-ozone/integration-test/target/test-dir/MiniOzoneClusterImpl-72f6cbb0-c919-4300-9939-20ef1cbf0e73/datanode-2/data/ratis] (custom)
2019-09-25 04:50:28,494 [pool-47-thread-1] INFO  storage.RaftStorageDirectory (RaftStorageDirectory.java:analyzeStorage(246)) - The storage directory /workdir/hadoop-ozone/integration-test/target/test-dir/MiniOzoneClusterImpl-72f6cbb0-c919-4300-9939-20ef1cbf0e73/datanode-2/data/ratis/5a7d4ac0-1695-4198-a2c0-af2e94bfa1a8 does not exist. Creating ...
2019-09-25 04:50:28,510 [pool-47-thread-1] INFO  storage.RaftStorageDirectory (RaftStorageDirectory.java:tryLock(328)) - Lock on /workdir/hadoop-ozone/integration-test/target/test-dir/MiniOzoneClusterImpl-72f6cbb0-c919-4300-9939-20ef1cbf0e73/datanode-2/data/ratis/5a7d4ac0-1695-4198-a2c0-af2e94bfa1a8/in_use.lock acquired by nodename 13648@pr-hdds-1569-x2sr2-3486766547
2019-09-25 04:50:28,530 [pool-47-thread-1] INFO  storage.RaftStorage (RaftStorage.java:format(72)) - Storage directory /workdir/hadoop-ozone/integration-test/target/test-dir/MiniOzoneClusterImpl-72f6cbb0-c919-4300-9939-20ef1cbf0e73/datanode-2/data/ratis/5a7d4ac0-1695-4198-a2c0-af2e94bfa1a8 has been successfully formatted.
2019-09-25 04:50:28,530 [pool-47-thread-1] INFO  ratis.ContainerStateMachine (ContainerStateMachine.java:loadSnapshot(230)) - group-AF2E94BFA1A8: The snapshot info is null. Setting the last applied indexto:(t:0, i:~)
2019-09-25 04:50:28,531 [pool-47-thread-1] INFO  server.RaftServerConfigKeys (ConfUtils.java:logGet(43)) - raft.server.notification.no-leader.timeout = 120s (custom)
2019-09-25 04:50:28,531 [pool-47-thread-1] INFO  server.RaftServerConfigKeys (ConfUtils.java:logGet(43)) - raft.server.log.use.memory = false (default)
2019-09-25 04:50:28,531 [pool-47-thread-1] INFO  server.RaftServerConfigKeys (ConfUtils.java:logGet(43)) - raft.server.log.purge.gap = 1000000 (custom)
2019-09-25 04:50:28,531 [pool-47-thread-1] INFO  server.RaftServerConfigKeys (ConfUtils.java:logGet(43)) - raft.server.log.appender.buffer.byte-limit = 33554432 (custom)
2019-09-25 04:50:28,531 [pool-47-thread-1] INFO  server.RaftServerConfigKeys (ConfUtils.java:logGet(43)) - raft.server.log.segment.size.max = 1048576 (custom)
2019-09-25 04:50:28,531 [pool-47-thread-1] INFO  server.RaftServerConfigKeys (ConfUtils.java:logGet(43)) - raft.server.log.segment.cache.num.max = 2 (custom)
2019-09-25 04:50:28,532 [pool-47-thread-1] INFO  segmented.SegmentedRaftLogWorker (SegmentedRaftLogWorker.java:<init>(172)) - new a167ab1f-c96d-409e-bb26-ea230783d833@group-AF2E94BFA1A8-SegmentedRaftLogWorker for RaftStorage:Storage Directory /workdir/hadoop-ozone/integration-test/target/test-dir/MiniOzoneClusterImpl-72f6cbb0-c919-4300-9939-20ef1cbf0e73/datanode-2/data/ratis/5a7d4ac0-1695-4198-a2c0-af2e94bfa1a8
2019-09-25 04:50:28,532 [pool-47-thread-1] INFO  server.RaftServerConfigKeys (ConfUtils.java:logGet(43)) - raft.server.log.queue.byte-limit = 2147483647 (custom)
2019-09-25 04:50:28,532 [pool-47-thread-1] INFO  server.RaftServerConfigKeys (ConfUtils.java:logGet(43)) - raft.server.log.queue.element-limit = 1024 (custom)
2019-09-25 04:50:28,532 [pool-47-thread-1] INFO  server.RaftServerConfigKeys (ConfUtils.java:logGet(43)) - raft.server.log.segment.size.max = 1048576 (custom)
2019-09-25 04:50:28,532 [pool-47-thread-1] INFO  server.RaftServerConfigKeys (ConfUtils.java:logGet(43)) - raft.server.log.preallocated.size = 16384 (custom)
2019-09-25 04:50:28,532 [pool-47-thread-1] INFO  server.RaftServerConfigKeys (ConfUtils.java:logGet(43)) - raft.server.log.write.buffer.size = 33554432 (custom)
2019-09-25 04:50:28,532 [pool-47-thread-1] INFO  server.RaftServerConfigKeys (ConfUtils.java:logGet(43)) - raft.server.log.force.sync.num = 128 (default)
2019-09-25 04:50:28,533 [pool-47-thread-1] INFO  server.RaftServerConfigKeys (ConfUtils.java:logGet(43)) - raft.server.log.statemachine.data.sync = true (default)
2019-09-25 04:50:28,533 [pool-47-thread-1] INFO  server.RaftServerConfigKeys (ConfUtils.java:logGet(43)) - raft.server.log.statemachine.data.sync.timeout = 10s (default)
2019-09-25 04:50:28,533 [pool-47-thread-1] INFO  server.RaftServerConfigKeys (ConfUtils.java:logGet(43)) - raft.server.log.statemachine.data.sync.timeout.retry = -1 (default)
2019-09-25 04:50:28,533 [pool-47-thread-1] INFO  server.RaftServerConfigKeys (ConfUtils.java:logGet(43)) - raft.server.log.statemachine.data.caching.enabled = true (custom)
2019-09-25 04:50:28,533 [pool-47-thread-1] INFO  segmented.SegmentedRaftLogWorker (SegmentedRaftLogWorker.java:lambda$new$0(132)) - a167ab1f-c96d-409e-bb26-ea230783d833@group-AF2E94BFA1A8-SegmentedRaftLogWorker: flushIndex: setUnconditionally 0 -> -1
2019-09-25 04:50:28,534 [pool-47-thread-1] INFO  server.RaftServerConfigKeys (ConfUtils.java:logGet(43)) - raft.server.snapshot.auto.trigger.enabled = true (custom)
2019-09-25 04:50:28,534 [pool-47-thread-1] INFO  server.RaftServerConfigKeys (ConfUtils.java:logGet(43)) - raft.server.snapshot.auto.trigger.threshold = 10000 (custom)
2019-09-25 04:50:28,534 [pool-47-thread-1] INFO  server.RaftServerConfigKeys (ConfUtils.java:logGet(43)) - raft.server.snapshot.retention.num.files = 5 (custom)
2019-09-25 04:50:28,534 [pool-47-thread-1] INFO  server.RaftServerConfigKeys (ConfUtils.java:logGet(43)) - raft.server.retrycache.expirytime = 600000ms (custom)
2019-09-25 04:50:28,537 [pool-47-thread-1] INFO  impl.RaftServerImpl (RaftServerImpl.java:start(185)) - a167ab1f-c96d-409e-bb26-ea230783d833@group-AF2E94BFA1A8: start as a follower, conf=-1: [a167ab1f-c96d-409e-bb26-ea230783d833:192.168.151.106:33404], old=null
2019-09-25 04:50:28,537 [pool-47-thread-1] INFO  impl.RaftServerImpl (RaftServerImpl.java:setRole(174)) - a167ab1f-c96d-409e-bb26-ea230783d833@group-AF2E94BFA1A8: changes role from      null to FOLLOWER at term 0 for startAsFollower
2019-09-25 04:50:28,537 [pool-47-thread-1] INFO  impl.RoleInfo (RoleInfo.java:updateAndGet(143)) - a167ab1f-c96d-409e-bb26-ea230783d833: start FollowerState
2019-09-25 04:50:28,537 [pool-47-thread-1] INFO  util.JmxRegister (JmxRegister.java:tryRegister(44)) - Successfully registered JMX Bean with object name Ratis:service=RaftServer,group=group-AF2E94BFA1A8,id=a167ab1f-c96d-409e-bb26-ea230783d833
2019-09-25 04:50:28,540 [RatisPipelineUtilsThread] INFO  pipeline.PipelineStateManager (PipelineStateManager.java:addPipeline(56)) - Created pipeline Pipeline[ Id: 5a7d4ac0-1695-4198-a2c0-af2e94bfa1a8, Nodes: a167ab1f-c96d-409e-bb26-ea230783d833{ip: 192.168.151.106, host: pr-hdds-1569-x2sr2-3486766547, networkLocation: /default-rack, certSerialId: null}, Type:RATIS, Factor:ONE, State:OPEN]
2019-09-25 04:50:28,547 [grpc-default-executor-0] INFO  impl.RaftServerProxy (RaftServerProxy.java:addNew(89)) - c35819d4-86f4-4223-a458-676070fe0cbb: addNew group-A57AB2DB280B:[c35819d4-86f4-4223-a458-676070fe0cbb:192.168.151.106:44434] returns group-A57AB2DB280B:java.util.concurrent.CompletableFuture@4c810018[Not completed]
2019-09-25 04:50:28,548 [pool-27-thread-1] INFO  impl.RaftServerImpl (RaftServerImpl.java:<init>(95)) - c35819d4-86f4-4223-a458-676070fe0cbb: new RaftServerImpl for group-A57AB2DB280B:[c35819d4-86f4-4223-a458-676070fe0cbb:192.168.151.106:44434] with ContainerStateMachine:uninitialized
2019-09-25 04:50:28,548 [pool-27-thread-1] INFO  server.RaftServerConfigKeys (ConfUtils.java:logGet(43)) - raft.server.rpc.timeout.min = 5s (custom)
2019-09-25 04:50:28,548 [pool-27-thread-1] INFO  server.RaftServerConfigKeys (ConfUtils.java:logGet(43)) - raft.server.rpc.timeout.max = 5200ms (custom)
2019-09-25 04:50:28,548 [pool-27-thread-1] INFO  server.RaftServerConfigKeys (ConfUtils.java:logGet(43)) - raft.server.rpcslowness.timeout = 120s (custom)
2019-09-25 04:50:28,548 [pool-27-thread-1] INFO  server.RaftServerConfigKeys (ConfUtils.java:logGet(43)) - raft.server.sleep.deviation.threshold = 300 (default)
2019-09-25 04:50:28,548 [pool-27-thread-1] INFO  server.RaftServerConfigKeys (ConfUtils.java:logGet(43)) - raft.server.log.appender.install.snapshot.enabled = false (custom)
2019-09-25 04:50:28,549 [pool-27-thread-1] INFO  impl.RaftServerImpl (ServerState.java:<init>(103)) - c35819d4-86f4-4223-a458-676070fe0cbb@group-A57AB2DB280B: ConfigurationManager, init=-1: [c35819d4-86f4-4223-a458-676070fe0cbb:192.168.151.106:44434], old=null, confs=<EMPTY_MAP>
2019-09-25 04:50:28,549 [pool-27-thread-1] INFO  server.RaftServerConfigKeys (ConfUtils.java:logGet(43)) - raft.server.storage.dir = [/workdir/hadoop-ozone/integration-test/target/test-dir/MiniOzoneClusterImpl-72f6cbb0-c919-4300-9939-20ef1cbf0e73/datanode-0/data/ratis] (custom)
2019-09-25 04:50:28,549 [pool-27-thread-1] INFO  storage.RaftStorageDirectory (RaftStorageDirectory.java:analyzeStorage(246)) - The storage directory /workdir/hadoop-ozone/integration-test/target/test-dir/MiniOzoneClusterImpl-72f6cbb0-c919-4300-9939-20ef1cbf0e73/datanode-0/data/ratis/56abc1b8-07f3-40bc-bf31-a57ab2db280b does not exist. Creating ...
2019-09-25 04:50:28,555 [pool-27-thread-1] INFO  storage.RaftStorageDirectory (RaftStorageDirectory.java:tryLock(328)) - Lock on /workdir/hadoop-ozone/integration-test/target/test-dir/MiniOzoneClusterImpl-72f6cbb0-c919-4300-9939-20ef1cbf0e73/datanode-0/data/ratis/56abc1b8-07f3-40bc-bf31-a57ab2db280b/in_use.lock acquired by nodename 13648@pr-hdds-1569-x2sr2-3486766547
2019-09-25 04:50:28,569 [pool-27-thread-1] INFO  storage.RaftStorage (RaftStorage.java:format(72)) - Storage directory /workdir/hadoop-ozone/integration-test/target/test-dir/MiniOzoneClusterImpl-72f6cbb0-c919-4300-9939-20ef1cbf0e73/datanode-0/data/ratis/56abc1b8-07f3-40bc-bf31-a57ab2db280b has been successfully formatted.
2019-09-25 04:50:28,569 [pool-27-thread-1] INFO  ratis.ContainerStateMachine (ContainerStateMachine.java:loadSnapshot(230)) - group-A57AB2DB280B: The snapshot info is null. Setting the last applied indexto:(t:0, i:~)
2019-09-25 04:50:28,570 [pool-27-thread-1] INFO  server.RaftServerConfigKeys (ConfUtils.java:logGet(43)) - raft.server.notification.no-leader.timeout = 120s (custom)
2019-09-25 04:50:28,570 [pool-27-thread-1] INFO  server.RaftServerConfigKeys (ConfUtils.java:logGet(43)) - raft.server.log.use.memory = false (default)
2019-09-25 04:50:28,570 [pool-27-thread-1] INFO  server.RaftServerConfigKeys (ConfUtils.java:logGet(43)) - raft.server.log.purge.gap = 1000000 (custom)
2019-09-25 04:50:28,570 [pool-27-thread-1] INFO  server.RaftServerConfigKeys (ConfUtils.java:logGet(43)) - raft.server.log.appender.buffer.byte-limit = 33554432 (custom)
2019-09-25 04:50:28,570 [pool-27-thread-1] INFO  server.RaftServerConfigKeys (ConfUtils.java:logGet(43)) - raft.server.log.segment.size.max = 1048576 (custom)
2019-09-25 04:50:28,570 [pool-27-thread-1] INFO  server.RaftServerConfigKeys (ConfUtils.java:logGet(43)) - raft.server.log.segment.cache.num.max = 2 (custom)
2019-09-25 04:50:28,571 [pool-27-thread-1] INFO  segmented.SegmentedRaftLogWorker (SegmentedRaftLogWorker.java:<init>(172)) - new c35819d4-86f4-4223-a458-676070fe0cbb@group-A57AB2DB280B-SegmentedRaftLogWorker for RaftStorage:Storage Directory /workdir/hadoop-ozone/integration-test/target/test-dir/MiniOzoneClusterImpl-72f6cbb0-c919-4300-9939-20ef1cbf0e73/datanode-0/data/ratis/56abc1b8-07f3-40bc-bf31-a57ab2db280b
2019-09-25 04:50:28,571 [pool-27-thread-1] INFO  server.RaftServerConfigKeys (ConfUtils.java:logGet(43)) - raft.server.log.queue.byte-limit = 2147483647 (custom)
2019-09-25 04:50:28,571 [pool-27-thread-1] INFO  server.RaftServerConfigKeys (ConfUtils.java:logGet(43)) - raft.server.log.queue.element-limit = 1024 (custom)
2019-09-25 04:50:28,571 [pool-27-thread-1] INFO  server.RaftServerConfigKeys (ConfUtils.java:logGet(43)) - raft.server.log.segment.size.max = 1048576 (custom)
2019-09-25 04:50:28,571 [pool-27-thread-1] INFO  server.RaftServerConfigKeys (ConfUtils.java:logGet(43)) - raft.server.log.preallocated.size = 16384 (custom)
2019-09-25 04:50:28,572 [pool-27-thread-1] INFO  server.RaftServerConfigKeys (ConfUtils.java:logGet(43)) - raft.server.log.write.buffer.size = 33554432 (custom)
2019-09-25 04:50:28,572 [pool-27-thread-1] INFO  server.RaftServerConfigKeys (ConfUtils.java:logGet(43)) - raft.server.log.force.sync.num = 128 (default)
2019-09-25 04:50:28,572 [pool-27-thread-1] INFO  server.RaftServerConfigKeys (ConfUtils.java:logGet(43)) - raft.server.log.statemachine.data.sync = true (default)
2019-09-25 04:50:28,572 [pool-27-thread-1] INFO  server.RaftServerConfigKeys (ConfUtils.java:logGet(43)) - raft.server.log.statemachine.data.sync.timeout = 10s (default)
2019-09-25 04:50:28,572 [pool-27-thread-1] INFO  server.RaftServerConfigKeys (ConfUtils.java:logGet(43)) - raft.server.log.statemachine.data.sync.timeout.retry = -1 (default)
2019-09-25 04:50:28,572 [pool-27-thread-1] INFO  server.RaftServerConfigKeys (ConfUtils.java:logGet(43)) - raft.server.log.statemachine.data.caching.enabled = true (custom)
2019-09-25 04:50:28,573 [pool-27-thread-1] INFO  segmented.SegmentedRaftLogWorker (SegmentedRaftLogWorker.java:lambda$new$0(132)) - c35819d4-86f4-4223-a458-676070fe0cbb@group-A57AB2DB280B-SegmentedRaftLogWorker: flushIndex: setUnconditionally 0 -> -1
2019-09-25 04:50:28,573 [pool-27-thread-1] INFO  server.RaftServerConfigKeys (ConfUtils.java:logGet(43)) - raft.server.snapshot.auto.trigger.enabled = true (custom)
2019-09-25 04:50:28,573 [pool-27-thread-1] INFO  server.RaftServerConfigKeys (ConfUtils.java:logGet(43)) - raft.server.snapshot.auto.trigger.threshold = 10000 (custom)
2019-09-25 04:50:28,574 [pool-27-thread-1] INFO  server.RaftServerConfigKeys (ConfUtils.java:logGet(43)) - raft.server.snapshot.retention.num.files = 5 (custom)
2019-09-25 04:50:28,574 [pool-27-thread-1] INFO  server.RaftServerConfigKeys (ConfUtils.java:logGet(43)) - raft.server.retrycache.expirytime = 600000ms (custom)
2019-09-25 04:50:28,576 [pool-27-thread-1] INFO  impl.RaftServerImpl (RaftServerImpl.java:start(185)) - c35819d4-86f4-4223-a458-676070fe0cbb@group-A57AB2DB280B: start as a follower, conf=-1: [c35819d4-86f4-4223-a458-676070fe0cbb:192.168.151.106:44434], old=null
2019-09-25 04:50:28,577 [pool-27-thread-1] INFO  impl.RaftServerImpl (RaftServerImpl.java:setRole(174)) - c35819d4-86f4-4223-a458-676070fe0cbb@group-A57AB2DB280B: changes role from      null to FOLLOWER at term 0 for startAsFollower
2019-09-25 04:50:28,577 [pool-27-thread-1] INFO  impl.RoleInfo (RoleInfo.java:updateAndGet(143)) - c35819d4-86f4-4223-a458-676070fe0cbb: start FollowerState
2019-09-25 04:50:28,577 [pool-27-thread-1] INFO  util.JmxRegister (JmxRegister.java:tryRegister(44)) - Successfully registered JMX Bean with object name Ratis:service=RaftServer,group=group-A57AB2DB280B,id=c35819d4-86f4-4223-a458-676070fe0cbb
2019-09-25 04:50:28,580 [RatisPipelineUtilsThread] INFO  pipeline.PipelineStateManager (PipelineStateManager.java:addPipeline(56)) - Created pipeline Pipeline[ Id: 56abc1b8-07f3-40bc-bf31-a57ab2db280b, Nodes: c35819d4-86f4-4223-a458-676070fe0cbb{ip: 192.168.151.106, host: pr-hdds-1569-x2sr2-3486766547, networkLocation: /default-rack, certSerialId: null}, Type:RATIS, Factor:ONE, State:OPEN]
2019-09-25 04:50:28,587 [grpc-default-executor-0] INFO  impl.RaftServerProxy (RaftServerProxy.java:addNew(89)) - 4f7802c6-3418-4fbd-b0c6-a8e36fcecb0a: addNew group-134A519B952E:[4f7802c6-3418-4fbd-b0c6-a8e36fcecb0a:192.168.151.106:42026] returns group-134A519B952E:java.util.concurrent.CompletableFuture@2ee3f719[Not completed]
2019-09-25 04:50:28,588 [pool-57-thread-1] INFO  impl.RaftServerImpl (RaftServerImpl.java:<init>(95)) - 4f7802c6-3418-4fbd-b0c6-a8e36fcecb0a: new RaftServerImpl for group-134A519B952E:[4f7802c6-3418-4fbd-b0c6-a8e36fcecb0a:192.168.151.106:42026] with ContainerStateMachine:uninitialized
2019-09-25 04:50:28,588 [pool-57-thread-1] INFO  server.RaftServerConfigKeys (ConfUtils.java:logGet(43)) - raft.server.rpc.timeout.min = 5s (custom)
2019-09-25 04:50:28,588 [pool-57-thread-1] INFO  server.RaftServerConfigKeys (ConfUtils.java:logGet(43)) - raft.server.rpc.timeout.max = 5200ms (custom)
2019-09-25 04:50:28,588 [pool-57-thread-1] INFO  server.RaftServerConfigKeys (ConfUtils.java:logGet(43)) - raft.server.rpcslowness.timeout = 120s (custom)
2019-09-25 04:50:28,588 [pool-57-thread-1] INFO  server.RaftServerConfigKeys (ConfUtils.java:logGet(43)) - raft.server.sleep.deviation.threshold = 300 (default)
2019-09-25 04:50:28,589 [pool-57-thread-1] INFO  server.RaftServerConfigKeys (ConfUtils.java:logGet(43)) - raft.server.log.appender.install.snapshot.enabled = false (custom)
2019-09-25 04:50:28,589 [pool-57-thread-1] INFO  impl.RaftServerImpl (ServerState.java:<init>(103)) - 4f7802c6-3418-4fbd-b0c6-a8e36fcecb0a@group-134A519B952E: ConfigurationManager, init=-1: [4f7802c6-3418-4fbd-b0c6-a8e36fcecb0a:192.168.151.106:42026], old=null, confs=<EMPTY_MAP>
2019-09-25 04:50:28,589 [pool-57-thread-1] INFO  server.RaftServerConfigKeys (ConfUtils.java:logGet(43)) - raft.server.storage.dir = [/workdir/hadoop-ozone/integration-test/target/test-dir/MiniOzoneClusterImpl-72f6cbb0-c919-4300-9939-20ef1cbf0e73/datanode-3/data/ratis] (custom)
2019-09-25 04:50:28,589 [pool-57-thread-1] INFO  storage.RaftStorageDirectory (RaftStorageDirectory.java:analyzeStorage(246)) - The storage directory /workdir/hadoop-ozone/integration-test/target/test-dir/MiniOzoneClusterImpl-72f6cbb0-c919-4300-9939-20ef1cbf0e73/datanode-3/data/ratis/ca678399-7ad5-4833-82cc-134a519b952e does not exist. Creating ...
2019-09-25 04:50:28,604 [pool-57-thread-1] INFO  storage.RaftStorageDirectory (RaftStorageDirectory.java:tryLock(328)) - Lock on /workdir/hadoop-ozone/integration-test/target/test-dir/MiniOzoneClusterImpl-72f6cbb0-c919-4300-9939-20ef1cbf0e73/datanode-3/data/ratis/ca678399-7ad5-4833-82cc-134a519b952e/in_use.lock acquired by nodename 13648@pr-hdds-1569-x2sr2-3486766547
2019-09-25 04:50:28,622 [pool-57-thread-1] INFO  storage.RaftStorage (RaftStorage.java:format(72)) - Storage directory /workdir/hadoop-ozone/integration-test/target/test-dir/MiniOzoneClusterImpl-72f6cbb0-c919-4300-9939-20ef1cbf0e73/datanode-3/data/ratis/ca678399-7ad5-4833-82cc-134a519b952e has been successfully formatted.
2019-09-25 04:50:28,622 [pool-57-thread-1] INFO  ratis.ContainerStateMachine (ContainerStateMachine.java:loadSnapshot(230)) - group-134A519B952E: The snapshot info is null. Setting the last applied indexto:(t:0, i:~)
2019-09-25 04:50:28,622 [pool-57-thread-1] INFO  server.RaftServerConfigKeys (ConfUtils.java:logGet(43)) - raft.server.notification.no-leader.timeout = 120s (custom)
2019-09-25 04:50:28,623 [pool-57-thread-1] INFO  server.RaftServerConfigKeys (ConfUtils.java:logGet(43)) - raft.server.log.use.memory = false (default)
2019-09-25 04:50:28,623 [pool-57-thread-1] INFO  server.RaftServerConfigKeys (ConfUtils.java:logGet(43)) - raft.server.log.purge.gap = 1000000 (custom)
2019-09-25 04:50:28,623 [pool-57-thread-1] INFO  server.RaftServerConfigKeys (ConfUtils.java:logGet(43)) - raft.server.log.appender.buffer.byte-limit = 33554432 (custom)
2019-09-25 04:50:28,623 [pool-57-thread-1] INFO  server.RaftServerConfigKeys (ConfUtils.java:logGet(43)) - raft.server.log.segment.size.max = 1048576 (custom)
2019-09-25 04:50:28,624 [pool-57-thread-1] INFO  server.RaftServerConfigKeys (ConfUtils.java:logGet(43)) - raft.server.log.segment.cache.num.max = 2 (custom)
2019-09-25 04:50:28,624 [pool-57-thread-1] INFO  segmented.SegmentedRaftLogWorker (SegmentedRaftLogWorker.java:<init>(172)) - new 4f7802c6-3418-4fbd-b0c6-a8e36fcecb0a@group-134A519B952E-SegmentedRaftLogWorker for RaftStorage:Storage Directory /workdir/hadoop-ozone/integration-test/target/test-dir/MiniOzoneClusterImpl-72f6cbb0-c919-4300-9939-20ef1cbf0e73/datanode-3/data/ratis/ca678399-7ad5-4833-82cc-134a519b952e
2019-09-25 04:50:28,624 [pool-57-thread-1] INFO  server.RaftServerConfigKeys (ConfUtils.java:logGet(43)) - raft.server.log.queue.byte-limit = 2147483647 (custom)
2019-09-25 04:50:28,624 [pool-57-thread-1] INFO  server.RaftServerConfigKeys (ConfUtils.java:logGet(43)) - raft.server.log.queue.element-limit = 1024 (custom)
2019-09-25 04:50:28,624 [pool-57-thread-1] INFO  server.RaftServerConfigKeys (ConfUtils.java:logGet(43)) - raft.server.log.segment.size.max = 1048576 (custom)
2019-09-25 04:50:28,624 [pool-57-thread-1] INFO  server.RaftServerConfigKeys (ConfUtils.java:logGet(43)) - raft.server.log.preallocated.size = 16384 (custom)
2019-09-25 04:50:28,625 [pool-57-thread-1] INFO  server.RaftServerConfigKeys (ConfUtils.java:logGet(43)) - raft.server.log.write.buffer.size = 33554432 (custom)
2019-09-25 04:50:28,625 [pool-57-thread-1] INFO  server.RaftServerConfigKeys (ConfUtils.java:logGet(43)) - raft.server.log.force.sync.num = 128 (default)
2019-09-25 04:50:28,625 [pool-57-thread-1] INFO  server.RaftServerConfigKeys (ConfUtils.java:logGet(43)) - raft.server.log.statemachine.data.sync = true (default)
2019-09-25 04:50:28,625 [pool-57-thread-1] INFO  server.RaftServerConfigKeys (ConfUtils.java:logGet(43)) - raft.server.log.statemachine.data.sync.timeout = 10s (default)
2019-09-25 04:50:28,625 [pool-57-thread-1] INFO  server.RaftServerConfigKeys (ConfUtils.java:logGet(43)) - raft.server.log.statemachine.data.sync.timeout.retry = -1 (default)
2019-09-25 04:50:28,626 [pool-57-thread-1] INFO  server.RaftServerConfigKeys (ConfUtils.java:logGet(43)) - raft.server.log.statemachine.data.caching.enabled = true (custom)
2019-09-25 04:50:28,626 [pool-57-thread-1] INFO  segmented.SegmentedRaftLogWorker (SegmentedRaftLogWorker.java:lambda$new$0(132)) - 4f7802c6-3418-4fbd-b0c6-a8e36fcecb0a@group-134A519B952E-SegmentedRaftLogWorker: flushIndex: setUnconditionally 0 -> -1
2019-09-25 04:50:28,626 [pool-57-thread-1] INFO  server.RaftServerConfigKeys (ConfUtils.java:logGet(43)) - raft.server.snapshot.auto.trigger.enabled = true (custom)
2019-09-25 04:50:28,627 [pool-57-thread-1] INFO  server.RaftServerConfigKeys (ConfUtils.java:logGet(43)) - raft.server.snapshot.auto.trigger.threshold = 10000 (custom)
2019-09-25 04:50:28,627 [pool-57-thread-1] INFO  server.RaftServerConfigKeys (ConfUtils.java:logGet(43)) - raft.server.snapshot.retention.num.files = 5 (custom)
2019-09-25 04:50:28,627 [pool-57-thread-1] INFO  server.RaftServerConfigKeys (ConfUtils.java:logGet(43)) - raft.server.retrycache.expirytime = 600000ms (custom)
2019-09-25 04:50:28,630 [pool-57-thread-1] INFO  impl.RaftServerImpl (RaftServerImpl.java:start(185)) - 4f7802c6-3418-4fbd-b0c6-a8e36fcecb0a@group-134A519B952E: start as a follower, conf=-1: [4f7802c6-3418-4fbd-b0c6-a8e36fcecb0a:192.168.151.106:42026], old=null
2019-09-25 04:50:28,630 [pool-57-thread-1] INFO  impl.RaftServerImpl (RaftServerImpl.java:setRole(174)) - 4f7802c6-3418-4fbd-b0c6-a8e36fcecb0a@group-134A519B952E: changes role from      null to FOLLOWER at term 0 for startAsFollower
2019-09-25 04:50:28,630 [pool-57-thread-1] INFO  impl.RoleInfo (RoleInfo.java:updateAndGet(143)) - 4f7802c6-3418-4fbd-b0c6-a8e36fcecb0a: start FollowerState
2019-09-25 04:50:28,631 [pool-57-thread-1] INFO  util.JmxRegister (JmxRegister.java:tryRegister(44)) - Successfully registered JMX Bean with object name Ratis:service=RaftServer,group=group-134A519B952E,id=4f7802c6-3418-4fbd-b0c6-a8e36fcecb0a
2019-09-25 04:50:28,634 [RatisPipelineUtilsThread] INFO  pipeline.PipelineStateManager (PipelineStateManager.java:addPipeline(56)) - Created pipeline Pipeline[ Id: ca678399-7ad5-4833-82cc-134a519b952e, Nodes: 4f7802c6-3418-4fbd-b0c6-a8e36fcecb0a{ip: 192.168.151.106, host: pr-hdds-1569-x2sr2-3486766547, networkLocation: /default-rack, certSerialId: null}, Type:RATIS, Factor:ONE, State:OPEN]
2019-09-25 04:50:28,641 [grpc-default-executor-0] INFO  impl.RaftServerProxy (RaftServerProxy.java:addNew(89)) - c35819d4-86f4-4223-a458-676070fe0cbb: addNew group-D51B88E27553:[c35819d4-86f4-4223-a458-676070fe0cbb:192.168.151.106:44434] returns group-D51B88E27553:java.util.concurrent.CompletableFuture@1d2121f[Not completed]
2019-09-25 04:50:28,642 [pool-27-thread-1] INFO  impl.RaftServerImpl (RaftServerImpl.java:<init>(95)) - c35819d4-86f4-4223-a458-676070fe0cbb: new RaftServerImpl for group-D51B88E27553:[c35819d4-86f4-4223-a458-676070fe0cbb:192.168.151.106:44434] with ContainerStateMachine:uninitialized
2019-09-25 04:50:28,642 [pool-27-thread-1] INFO  server.RaftServerConfigKeys (ConfUtils.java:logGet(43)) - raft.server.rpc.timeout.min = 5s (custom)
2019-09-25 04:50:28,642 [pool-27-thread-1] INFO  server.RaftServerConfigKeys (ConfUtils.java:logGet(43)) - raft.server.rpc.timeout.max = 5200ms (custom)
2019-09-25 04:50:28,643 [pool-27-thread-1] INFO  server.RaftServerConfigKeys (ConfUtils.java:logGet(43)) - raft.server.rpcslowness.timeout = 120s (custom)
2019-09-25 04:50:28,643 [pool-27-thread-1] INFO  server.RaftServerConfigKeys (ConfUtils.java:logGet(43)) - raft.server.sleep.deviation.threshold = 300 (default)
2019-09-25 04:50:28,643 [pool-27-thread-1] INFO  server.RaftServerConfigKeys (ConfUtils.java:logGet(43)) - raft.server.log.appender.install.snapshot.enabled = false (custom)
2019-09-25 04:50:28,643 [pool-27-thread-1] INFO  impl.RaftServerImpl (ServerState.java:<init>(103)) - c35819d4-86f4-4223-a458-676070fe0cbb@group-D51B88E27553: ConfigurationManager, init=-1: [c35819d4-86f4-4223-a458-676070fe0cbb:192.168.151.106:44434], old=null, confs=<EMPTY_MAP>
2019-09-25 04:50:28,643 [pool-27-thread-1] INFO  server.RaftServerConfigKeys (ConfUtils.java:logGet(43)) - raft.server.storage.dir = [/workdir/hadoop-ozone/integration-test/target/test-dir/MiniOzoneClusterImpl-72f6cbb0-c919-4300-9939-20ef1cbf0e73/datanode-0/data/ratis] (custom)
2019-09-25 04:50:28,644 [pool-27-thread-1] INFO  storage.RaftStorageDirectory (RaftStorageDirectory.java:analyzeStorage(246)) - The storage directory /workdir/hadoop-ozone/integration-test/target/test-dir/MiniOzoneClusterImpl-72f6cbb0-c919-4300-9939-20ef1cbf0e73/datanode-0/data/ratis/c053c554-6c5a-477f-9e6e-d51b88e27553 does not exist. Creating ...
2019-09-25 04:50:28,651 [pool-27-thread-1] INFO  storage.RaftStorageDirectory (RaftStorageDirectory.java:tryLock(328)) - Lock on /workdir/hadoop-ozone/integration-test/target/test-dir/MiniOzoneClusterImpl-72f6cbb0-c919-4300-9939-20ef1cbf0e73/datanode-0/data/ratis/c053c554-6c5a-477f-9e6e-d51b88e27553/in_use.lock acquired by nodename 13648@pr-hdds-1569-x2sr2-3486766547
2019-09-25 04:50:28,660 [pool-27-thread-1] INFO  storage.RaftStorage (RaftStorage.java:format(72)) - Storage directory /workdir/hadoop-ozone/integration-test/target/test-dir/MiniOzoneClusterImpl-72f6cbb0-c919-4300-9939-20ef1cbf0e73/datanode-0/data/ratis/c053c554-6c5a-477f-9e6e-d51b88e27553 has been successfully formatted.
2019-09-25 04:50:28,660 [pool-27-thread-1] INFO  ratis.ContainerStateMachine (ContainerStateMachine.java:loadSnapshot(230)) - group-D51B88E27553: The snapshot info is null. Setting the last applied indexto:(t:0, i:~)
2019-09-25 04:50:28,661 [pool-27-thread-1] INFO  server.RaftServerConfigKeys (ConfUtils.java:logGet(43)) - raft.server.notification.no-leader.timeout = 120s (custom)
2019-09-25 04:50:28,661 [pool-27-thread-1] INFO  server.RaftServerConfigKeys (ConfUtils.java:logGet(43)) - raft.server.log.use.memory = false (default)
2019-09-25 04:50:28,661 [pool-27-thread-1] INFO  server.RaftServerConfigKeys (ConfUtils.java:logGet(43)) - raft.server.log.purge.gap = 1000000 (custom)
2019-09-25 04:50:28,661 [pool-27-thread-1] INFO  server.RaftServerConfigKeys (ConfUtils.java:logGet(43)) - raft.server.log.appender.buffer.byte-limit = 33554432 (custom)
2019-09-25 04:50:28,661 [pool-27-thread-1] INFO  server.RaftServerConfigKeys (ConfUtils.java:logGet(43)) - raft.server.log.segment.size.max = 1048576 (custom)
2019-09-25 04:50:28,661 [pool-27-thread-1] INFO  server.RaftServerConfigKeys (ConfUtils.java:logGet(43)) - raft.server.log.segment.cache.num.max = 2 (custom)
2019-09-25 04:50:28,662 [pool-27-thread-1] INFO  segmented.SegmentedRaftLogWorker (SegmentedRaftLogWorker.java:<init>(172)) - new c35819d4-86f4-4223-a458-676070fe0cbb@group-D51B88E27553-SegmentedRaftLogWorker for RaftStorage:Storage Directory /workdir/hadoop-ozone/integration-test/target/test-dir/MiniOzoneClusterImpl-72f6cbb0-c919-4300-9939-20ef1cbf0e73/datanode-0/data/ratis/c053c554-6c5a-477f-9e6e-d51b88e27553
2019-09-25 04:50:28,662 [pool-27-thread-1] INFO  server.RaftServerConfigKeys (ConfUtils.java:logGet(43)) - raft.server.log.queue.byte-limit = 2147483647 (custom)
2019-09-25 04:50:28,662 [pool-27-thread-1] INFO  server.RaftServerConfigKeys (ConfUtils.java:logGet(43)) - raft.server.log.queue.element-limit = 1024 (custom)
2019-09-25 04:50:28,662 [pool-27-thread-1] INFO  server.RaftServerConfigKeys (ConfUtils.java:logGet(43)) - raft.server.log.segment.size.max = 1048576 (custom)
2019-09-25 04:50:28,662 [pool-27-thread-1] INFO  server.RaftServerConfigKeys (ConfUtils.java:logGet(43)) - raft.server.log.preallocated.size = 16384 (custom)
2019-09-25 04:50:28,662 [pool-27-thread-1] INFO  server.RaftServerConfigKeys (ConfUtils.java:logGet(43)) - raft.server.log.write.buffer.size = 33554432 (custom)
2019-09-25 04:50:28,662 [pool-27-thread-1] INFO  server.RaftServerConfigKeys (ConfUtils.java:logGet(43)) - raft.server.log.force.sync.num = 128 (default)
2019-09-25 04:50:28,663 [pool-27-thread-1] INFO  server.RaftServerConfigKeys (ConfUtils.java:logGet(43)) - raft.server.log.statemachine.data.sync = true (default)
2019-09-25 04:50:28,663 [pool-27-thread-1] INFO  server.RaftServerConfigKeys (ConfUtils.java:logGet(43)) - raft.server.log.statemachine.data.sync.timeout = 10s (default)
2019-09-25 04:50:28,663 [pool-27-thread-1] INFO  server.RaftServerConfigKeys (ConfUtils.java:logGet(43)) - raft.server.log.statemachine.data.sync.timeout.retry = -1 (default)
2019-09-25 04:50:28,663 [pool-27-thread-1] INFO  server.RaftServerConfigKeys (ConfUtils.java:logGet(43)) - raft.server.log.statemachine.data.caching.enabled = true (custom)
2019-09-25 04:50:28,664 [pool-27-thread-1] INFO  segmented.SegmentedRaftLogWorker (SegmentedRaftLogWorker.java:lambda$new$0(132)) - c35819d4-86f4-4223-a458-676070fe0cbb@group-D51B88E27553-SegmentedRaftLogWorker: flushIndex: setUnconditionally 0 -> -1
2019-09-25 04:50:28,664 [pool-27-thread-1] INFO  server.RaftServerConfigKeys (ConfUtils.java:logGet(43)) - raft.server.snapshot.auto.trigger.enabled = true (custom)
2019-09-25 04:50:28,664 [pool-27-thread-1] INFO  server.RaftServerConfigKeys (ConfUtils.java:logGet(43)) - raft.server.snapshot.auto.trigger.threshold = 10000 (custom)
2019-09-25 04:50:28,664 [pool-27-thread-1] INFO  server.RaftServerConfigKeys (ConfUtils.java:logGet(43)) - raft.server.snapshot.retention.num.files = 5 (custom)
2019-09-25 04:50:28,665 [pool-27-thread-1] INFO  server.RaftServerConfigKeys (ConfUtils.java:logGet(43)) - raft.server.retrycache.expirytime = 600000ms (custom)
2019-09-25 04:50:28,668 [pool-27-thread-1] INFO  impl.RaftServerImpl (RaftServerImpl.java:start(185)) - c35819d4-86f4-4223-a458-676070fe0cbb@group-D51B88E27553: start as a follower, conf=-1: [c35819d4-86f4-4223-a458-676070fe0cbb:192.168.151.106:44434], old=null
2019-09-25 04:50:28,668 [pool-27-thread-1] INFO  impl.RaftServerImpl (RaftServerImpl.java:setRole(174)) - c35819d4-86f4-4223-a458-676070fe0cbb@group-D51B88E27553: changes role from      null to FOLLOWER at term 0 for startAsFollower
2019-09-25 04:50:28,668 [pool-27-thread-1] INFO  impl.RoleInfo (RoleInfo.java:updateAndGet(143)) - c35819d4-86f4-4223-a458-676070fe0cbb: start FollowerState
2019-09-25 04:50:28,668 [pool-27-thread-1] INFO  util.JmxRegister (JmxRegister.java:tryRegister(44)) - Successfully registered JMX Bean with object name Ratis:service=RaftServer,group=group-D51B88E27553,id=c35819d4-86f4-4223-a458-676070fe0cbb
2019-09-25 04:50:28,671 [RatisPipelineUtilsThread] INFO  pipeline.PipelineStateManager (PipelineStateManager.java:addPipeline(56)) - Created pipeline Pipeline[ Id: c053c554-6c5a-477f-9e6e-d51b88e27553, Nodes: c35819d4-86f4-4223-a458-676070fe0cbb{ip: 192.168.151.106, host: pr-hdds-1569-x2sr2-3486766547, networkLocation: /default-rack, certSerialId: null}, Type:RATIS, Factor:ONE, State:OPEN]
2019-09-25 04:50:28,679 [grpc-default-executor-0] INFO  impl.RaftServerProxy (RaftServerProxy.java:addNew(89)) - a167ab1f-c96d-409e-bb26-ea230783d833: addNew group-5DB8FE806A7E:[a167ab1f-c96d-409e-bb26-ea230783d833:192.168.151.106:33404] returns group-5DB8FE806A7E:java.util.concurrent.CompletableFuture@a35e95b[Not completed]
2019-09-25 04:50:28,680 [pool-47-thread-1] INFO  impl.RaftServerImpl (RaftServerImpl.java:<init>(95)) - a167ab1f-c96d-409e-bb26-ea230783d833: new RaftServerImpl for group-5DB8FE806A7E:[a167ab1f-c96d-409e-bb26-ea230783d833:192.168.151.106:33404] with ContainerStateMachine:uninitialized
2019-09-25 04:50:28,680 [pool-47-thread-1] INFO  server.RaftServerConfigKeys (ConfUtils.java:logGet(43)) - raft.server.rpc.timeout.min = 5s (custom)
2019-09-25 04:50:28,680 [pool-47-thread-1] INFO  server.RaftServerConfigKeys (ConfUtils.java:logGet(43)) - raft.server.rpc.timeout.max = 5200ms (custom)
2019-09-25 04:50:28,680 [pool-47-thread-1] INFO  server.RaftServerConfigKeys (ConfUtils.java:logGet(43)) - raft.server.rpcslowness.timeout = 120s (custom)
2019-09-25 04:50:28,681 [pool-47-thread-1] INFO  server.RaftServerConfigKeys (ConfUtils.java:logGet(43)) - raft.server.sleep.deviation.threshold = 300 (default)
2019-09-25 04:50:28,681 [pool-47-thread-1] INFO  server.RaftServerConfigKeys (ConfUtils.java:logGet(43)) - raft.server.log.appender.install.snapshot.enabled = false (custom)
2019-09-25 04:50:28,681 [pool-47-thread-1] INFO  impl.RaftServerImpl (ServerState.java:<init>(103)) - a167ab1f-c96d-409e-bb26-ea230783d833@group-5DB8FE806A7E: ConfigurationManager, init=-1: [a167ab1f-c96d-409e-bb26-ea230783d833:192.168.151.106:33404], old=null, confs=<EMPTY_MAP>
2019-09-25 04:50:28,681 [pool-47-thread-1] INFO  server.RaftServerConfigKeys (ConfUtils.java:logGet(43)) - raft.server.storage.dir = [/workdir/hadoop-ozone/integration-test/target/test-dir/MiniOzoneClusterImpl-72f6cbb0-c919-4300-9939-20ef1cbf0e73/datanode-2/data/ratis] (custom)
2019-09-25 04:50:28,681 [pool-47-thread-1] INFO  storage.RaftStorageDirectory (RaftStorageDirectory.java:analyzeStorage(246)) - The storage directory /workdir/hadoop-ozone/integration-test/target/test-dir/MiniOzoneClusterImpl-72f6cbb0-c919-4300-9939-20ef1cbf0e73/datanode-2/data/ratis/9b13a552-dbd2-407c-9d40-5db8fe806a7e does not exist. Creating ...
2019-09-25 04:50:28,697 [pool-47-thread-1] INFO  storage.RaftStorageDirectory (RaftStorageDirectory.java:tryLock(328)) - Lock on /workdir/hadoop-ozone/integration-test/target/test-dir/MiniOzoneClusterImpl-72f6cbb0-c919-4300-9939-20ef1cbf0e73/datanode-2/data/ratis/9b13a552-dbd2-407c-9d40-5db8fe806a7e/in_use.lock acquired by nodename 13648@pr-hdds-1569-x2sr2-3486766547
2019-09-25 04:50:28,704 [pool-47-thread-1] INFO  storage.RaftStorage (RaftStorage.java:format(72)) - Storage directory /workdir/hadoop-ozone/integration-test/target/test-dir/MiniOzoneClusterImpl-72f6cbb0-c919-4300-9939-20ef1cbf0e73/datanode-2/data/ratis/9b13a552-dbd2-407c-9d40-5db8fe806a7e has been successfully formatted.
2019-09-25 04:50:28,704 [pool-47-thread-1] INFO  ratis.ContainerStateMachine (ContainerStateMachine.java:loadSnapshot(230)) - group-5DB8FE806A7E: The snapshot info is null. Setting the last applied indexto:(t:0, i:~)
2019-09-25 04:50:28,704 [pool-47-thread-1] INFO  server.RaftServerConfigKeys (ConfUtils.java:logGet(43)) - raft.server.notification.no-leader.timeout = 120s (custom)
2019-09-25 04:50:28,705 [pool-47-thread-1] INFO  server.RaftServerConfigKeys (ConfUtils.java:logGet(43)) - raft.server.log.use.memory = false (default)
2019-09-25 04:50:28,705 [pool-47-thread-1] INFO  server.RaftServerConfigKeys (ConfUtils.java:logGet(43)) - raft.server.log.purge.gap = 1000000 (custom)
2019-09-25 04:50:28,705 [pool-47-thread-1] INFO  server.RaftServerConfigKeys (ConfUtils.java:logGet(43)) - raft.server.log.appender.buffer.byte-limit = 33554432 (custom)
2019-09-25 04:50:28,705 [pool-47-thread-1] INFO  server.RaftServerConfigKeys (ConfUtils.java:logGet(43)) - raft.server.log.segment.size.max = 1048576 (custom)
2019-09-25 04:50:28,705 [pool-47-thread-1] INFO  server.RaftServerConfigKeys (ConfUtils.java:logGet(43)) - raft.server.log.segment.cache.num.max = 2 (custom)
2019-09-25 04:50:28,705 [pool-47-thread-1] INFO  segmented.SegmentedRaftLogWorker (SegmentedRaftLogWorker.java:<init>(172)) - new a167ab1f-c96d-409e-bb26-ea230783d833@group-5DB8FE806A7E-SegmentedRaftLogWorker for RaftStorage:Storage Directory /workdir/hadoop-ozone/integration-test/target/test-dir/MiniOzoneClusterImpl-72f6cbb0-c919-4300-9939-20ef1cbf0e73/datanode-2/data/ratis/9b13a552-dbd2-407c-9d40-5db8fe806a7e
2019-09-25 04:50:28,706 [pool-47-thread-1] INFO  server.RaftServerConfigKeys (ConfUtils.java:logGet(43)) - raft.server.log.queue.byte-limit = 2147483647 (custom)
2019-09-25 04:50:28,706 [pool-47-thread-1] INFO  server.RaftServerConfigKeys (ConfUtils.java:logGet(43)) - raft.server.log.queue.element-limit = 1024 (custom)
2019-09-25 04:50:28,706 [pool-47-thread-1] INFO  server.RaftServerConfigKeys (ConfUtils.java:logGet(43)) - raft.server.log.segment.size.max = 1048576 (custom)
2019-09-25 04:50:28,706 [pool-47-thread-1] INFO  server.RaftServerConfigKeys (ConfUtils.java:logGet(43)) - raft.server.log.preallocated.size = 16384 (custom)
2019-09-25 04:50:28,706 [pool-47-thread-1] INFO  server.RaftServerConfigKeys (ConfUtils.java:logGet(43)) - raft.server.log.write.buffer.size = 33554432 (custom)
2019-09-25 04:50:28,706 [pool-47-thread-1] INFO  server.RaftServerConfigKeys (ConfUtils.java:logGet(43)) - raft.server.log.force.sync.num = 128 (default)
2019-09-25 04:50:28,706 [pool-47-thread-1] INFO  server.RaftServerConfigKeys (ConfUtils.java:logGet(43)) - raft.server.log.statemachine.data.sync = true (default)
2019-09-25 04:50:28,707 [pool-47-thread-1] INFO  server.RaftServerConfigKeys (ConfUtils.java:logGet(43)) - raft.server.log.statemachine.data.sync.timeout = 10s (default)
2019-09-25 04:50:28,707 [pool-47-thread-1] INFO  server.RaftServerConfigKeys (ConfUtils.java:logGet(43)) - raft.server.log.statemachine.data.sync.timeout.retry = -1 (default)
2019-09-25 04:50:28,707 [pool-47-thread-1] INFO  server.RaftServerConfigKeys (ConfUtils.java:logGet(43)) - raft.server.log.statemachine.data.caching.enabled = true (custom)
2019-09-25 04:50:28,707 [pool-47-thread-1] INFO  segmented.SegmentedRaftLogWorker (SegmentedRaftLogWorker.java:lambda$new$0(132)) - a167ab1f-c96d-409e-bb26-ea230783d833@group-5DB8FE806A7E-SegmentedRaftLogWorker: flushIndex: setUnconditionally 0 -> -1
2019-09-25 04:50:28,708 [pool-47-thread-1] INFO  server.RaftServerConfigKeys (ConfUtils.java:logGet(43)) - raft.server.snapshot.auto.trigger.enabled = true (custom)
2019-09-25 04:50:28,708 [pool-47-thread-1] INFO  server.RaftServerConfigKeys (ConfUtils.java:logGet(43)) - raft.server.snapshot.auto.trigger.threshold = 10000 (custom)
2019-09-25 04:50:28,708 [pool-47-thread-1] INFO  server.RaftServerConfigKeys (ConfUtils.java:logGet(43)) - raft.server.snapshot.retention.num.files = 5 (custom)
2019-09-25 04:50:28,708 [pool-47-thread-1] INFO  server.RaftServerConfigKeys (ConfUtils.java:logGet(43)) - raft.server.retrycache.expirytime = 600000ms (custom)
2019-09-25 04:50:28,711 [pool-47-thread-1] INFO  impl.RaftServerImpl (RaftServerImpl.java:start(185)) - a167ab1f-c96d-409e-bb26-ea230783d833@group-5DB8FE806A7E: start as a follower, conf=-1: [a167ab1f-c96d-409e-bb26-ea230783d833:192.168.151.106:33404], old=null
2019-09-25 04:50:28,711 [pool-47-thread-1] INFO  impl.RaftServerImpl (RaftServerImpl.java:setRole(174)) - a167ab1f-c96d-409e-bb26-ea230783d833@group-5DB8FE806A7E: changes role from      null to FOLLOWER at term 0 for startAsFollower
2019-09-25 04:50:28,711 [pool-47-thread-1] INFO  impl.RoleInfo (RoleInfo.java:updateAndGet(143)) - a167ab1f-c96d-409e-bb26-ea230783d833: start FollowerState
2019-09-25 04:50:28,712 [pool-47-thread-1] INFO  util.JmxRegister (JmxRegister.java:tryRegister(44)) - Successfully registered JMX Bean with object name Ratis:service=RaftServer,group=group-5DB8FE806A7E,id=a167ab1f-c96d-409e-bb26-ea230783d833
2019-09-25 04:50:28,715 [RatisPipelineUtilsThread] INFO  pipeline.PipelineStateManager (PipelineStateManager.java:addPipeline(56)) - Created pipeline Pipeline[ Id: 9b13a552-dbd2-407c-9d40-5db8fe806a7e, Nodes: a167ab1f-c96d-409e-bb26-ea230783d833{ip: 192.168.151.106, host: pr-hdds-1569-x2sr2-3486766547, networkLocation: /default-rack, certSerialId: null}, Type:RATIS, Factor:ONE, State:OPEN]
2019-09-25 04:50:28,721 [grpc-default-executor-0] INFO  impl.RaftServerProxy (RaftServerProxy.java:addNew(89)) - c35819d4-86f4-4223-a458-676070fe0cbb: addNew group-9C2D2C86016B:[c35819d4-86f4-4223-a458-676070fe0cbb:192.168.151.106:44434] returns group-9C2D2C86016B:java.util.concurrent.CompletableFuture@645561ce[Not completed]
2019-09-25 04:50:28,723 [pool-27-thread-1] INFO  impl.RaftServerImpl (RaftServerImpl.java:<init>(95)) - c35819d4-86f4-4223-a458-676070fe0cbb: new RaftServerImpl for group-9C2D2C86016B:[c35819d4-86f4-4223-a458-676070fe0cbb:192.168.151.106:44434] with ContainerStateMachine:uninitialized
2019-09-25 04:50:28,723 [pool-27-thread-1] INFO  server.RaftServerConfigKeys (ConfUtils.java:logGet(43)) - raft.server.rpc.timeout.min = 5s (custom)
2019-09-25 04:50:28,723 [pool-27-thread-1] INFO  server.RaftServerConfigKeys (ConfUtils.java:logGet(43)) - raft.server.rpc.timeout.max = 5200ms (custom)
2019-09-25 04:50:28,723 [pool-27-thread-1] INFO  server.RaftServerConfigKeys (ConfUtils.java:logGet(43)) - raft.server.rpcslowness.timeout = 120s (custom)
2019-09-25 04:50:28,723 [pool-27-thread-1] INFO  server.RaftServerConfigKeys (ConfUtils.java:logGet(43)) - raft.server.sleep.deviation.threshold = 300 (default)
2019-09-25 04:50:28,723 [pool-27-thread-1] INFO  server.RaftServerConfigKeys (ConfUtils.java:logGet(43)) - raft.server.log.appender.install.snapshot.enabled = false (custom)
2019-09-25 04:50:28,723 [pool-27-thread-1] INFO  impl.RaftServerImpl (ServerState.java:<init>(103)) - c35819d4-86f4-4223-a458-676070fe0cbb@group-9C2D2C86016B: ConfigurationManager, init=-1: [c35819d4-86f4-4223-a458-676070fe0cbb:192.168.151.106:44434], old=null, confs=<EMPTY_MAP>
2019-09-25 04:50:28,724 [pool-27-thread-1] INFO  server.RaftServerConfigKeys (ConfUtils.java:logGet(43)) - raft.server.storage.dir = [/workdir/hadoop-ozone/integration-test/target/test-dir/MiniOzoneClusterImpl-72f6cbb0-c919-4300-9939-20ef1cbf0e73/datanode-0/data/ratis] (custom)
2019-09-25 04:50:28,724 [pool-27-thread-1] INFO  storage.RaftStorageDirectory (RaftStorageDirectory.java:analyzeStorage(246)) - The storage directory /workdir/hadoop-ozone/integration-test/target/test-dir/MiniOzoneClusterImpl-72f6cbb0-c919-4300-9939-20ef1cbf0e73/datanode-0/data/ratis/070aa899-f9cb-4161-b5b3-9c2d2c86016b does not exist. Creating ...
2019-09-25 04:50:28,732 [pool-27-thread-1] INFO  storage.RaftStorageDirectory (RaftStorageDirectory.java:tryLock(328)) - Lock on /workdir/hadoop-ozone/integration-test/target/test-dir/MiniOzoneClusterImpl-72f6cbb0-c919-4300-9939-20ef1cbf0e73/datanode-0/data/ratis/070aa899-f9cb-4161-b5b3-9c2d2c86016b/in_use.lock acquired by nodename 13648@pr-hdds-1569-x2sr2-3486766547
2019-09-25 04:50:28,761 [pool-27-thread-1] INFO  storage.RaftStorage (RaftStorage.java:format(72)) - Storage directory /workdir/hadoop-ozone/integration-test/target/test-dir/MiniOzoneClusterImpl-72f6cbb0-c919-4300-9939-20ef1cbf0e73/datanode-0/data/ratis/070aa899-f9cb-4161-b5b3-9c2d2c86016b has been successfully formatted.
2019-09-25 04:50:28,761 [pool-27-thread-1] INFO  ratis.ContainerStateMachine (ContainerStateMachine.java:loadSnapshot(230)) - group-9C2D2C86016B: The snapshot info is null. Setting the last applied indexto:(t:0, i:~)
2019-09-25 04:50:28,761 [pool-27-thread-1] INFO  server.RaftServerConfigKeys (ConfUtils.java:logGet(43)) - raft.server.notification.no-leader.timeout = 120s (custom)
2019-09-25 04:50:28,762 [pool-27-thread-1] INFO  server.RaftServerConfigKeys (ConfUtils.java:logGet(43)) - raft.server.log.use.memory = false (default)
2019-09-25 04:50:28,762 [pool-27-thread-1] INFO  server.RaftServerConfigKeys (ConfUtils.java:logGet(43)) - raft.server.log.purge.gap = 1000000 (custom)
2019-09-25 04:50:28,762 [pool-27-thread-1] INFO  server.RaftServerConfigKeys (ConfUtils.java:logGet(43)) - raft.server.log.appender.buffer.byte-limit = 33554432 (custom)
2019-09-25 04:50:28,762 [pool-27-thread-1] INFO  server.RaftServerConfigKeys (ConfUtils.java:logGet(43)) - raft.server.log.segment.size.max = 1048576 (custom)
2019-09-25 04:50:28,762 [pool-27-thread-1] INFO  server.RaftServerConfigKeys (ConfUtils.java:logGet(43)) - raft.server.log.segment.cache.num.max = 2 (custom)
2019-09-25 04:50:28,762 [pool-27-thread-1] INFO  segmented.SegmentedRaftLogWorker (SegmentedRaftLogWorker.java:<init>(172)) - new c35819d4-86f4-4223-a458-676070fe0cbb@group-9C2D2C86016B-SegmentedRaftLogWorker for RaftStorage:Storage Directory /workdir/hadoop-ozone/integration-test/target/test-dir/MiniOzoneClusterImpl-72f6cbb0-c919-4300-9939-20ef1cbf0e73/datanode-0/data/ratis/070aa899-f9cb-4161-b5b3-9c2d2c86016b
2019-09-25 04:50:28,763 [pool-27-thread-1] INFO  server.RaftServerConfigKeys (ConfUtils.java:logGet(43)) - raft.server.log.queue.byte-limit = 2147483647 (custom)
2019-09-25 04:50:28,763 [pool-27-thread-1] INFO  server.RaftServerConfigKeys (ConfUtils.java:logGet(43)) - raft.server.log.queue.element-limit = 1024 (custom)
2019-09-25 04:50:28,763 [pool-27-thread-1] INFO  server.RaftServerConfigKeys (ConfUtils.java:logGet(43)) - raft.server.log.segment.size.max = 1048576 (custom)
2019-09-25 04:50:28,763 [pool-27-thread-1] INFO  server.RaftServerConfigKeys (ConfUtils.java:logGet(43)) - raft.server.log.preallocated.size = 16384 (custom)
2019-09-25 04:50:28,763 [pool-27-thread-1] INFO  server.RaftServerConfigKeys (ConfUtils.java:logGet(43)) - raft.server.log.write.buffer.size = 33554432 (custom)
2019-09-25 04:50:28,763 [pool-27-thread-1] INFO  server.RaftServerConfigKeys (ConfUtils.java:logGet(43)) - raft.server.log.force.sync.num = 128 (default)
2019-09-25 04:50:28,764 [pool-27-thread-1] INFO  server.RaftServerConfigKeys (ConfUtils.java:logGet(43)) - raft.server.log.statemachine.data.sync = true (default)
2019-09-25 04:50:28,764 [pool-27-thread-1] INFO  server.RaftServerConfigKeys (ConfUtils.java:logGet(43)) - raft.server.log.statemachine.data.sync.timeout = 10s (default)
2019-09-25 04:50:28,764 [pool-27-thread-1] INFO  server.RaftServerConfigKeys (ConfUtils.java:logGet(43)) - raft.server.log.statemachine.data.sync.timeout.retry = -1 (default)
2019-09-25 04:50:28,764 [pool-27-thread-1] INFO  server.RaftServerConfigKeys (ConfUtils.java:logGet(43)) - raft.server.log.statemachine.data.caching.enabled = true (custom)
2019-09-25 04:50:28,765 [pool-27-thread-1] INFO  segmented.SegmentedRaftLogWorker (SegmentedRaftLogWorker.java:lambda$new$0(132)) - c35819d4-86f4-4223-a458-676070fe0cbb@group-9C2D2C86016B-SegmentedRaftLogWorker: flushIndex: setUnconditionally 0 -> -1
2019-09-25 04:50:28,765 [pool-27-thread-1] INFO  server.RaftServerConfigKeys (ConfUtils.java:logGet(43)) - raft.server.snapshot.auto.trigger.enabled = true (custom)
2019-09-25 04:50:28,765 [pool-27-thread-1] INFO  server.RaftServerConfigKeys (ConfUtils.java:logGet(43)) - raft.server.snapshot.auto.trigger.threshold = 10000 (custom)
2019-09-25 04:50:28,765 [pool-27-thread-1] INFO  server.RaftServerConfigKeys (ConfUtils.java:logGet(43)) - raft.server.snapshot.retention.num.files = 5 (custom)
2019-09-25 04:50:28,765 [pool-27-thread-1] INFO  server.RaftServerConfigKeys (ConfUtils.java:logGet(43)) - raft.server.retrycache.expirytime = 600000ms (custom)
2019-09-25 04:50:28,768 [pool-27-thread-1] INFO  impl.RaftServerImpl (RaftServerImpl.java:start(185)) - c35819d4-86f4-4223-a458-676070fe0cbb@group-9C2D2C86016B: start as a follower, conf=-1: [c35819d4-86f4-4223-a458-676070fe0cbb:192.168.151.106:44434], old=null
2019-09-25 04:50:28,769 [pool-27-thread-1] INFO  impl.RaftServerImpl (RaftServerImpl.java:setRole(174)) - c35819d4-86f4-4223-a458-676070fe0cbb@group-9C2D2C86016B: changes role from      null to FOLLOWER at term 0 for startAsFollower
2019-09-25 04:50:28,769 [pool-27-thread-1] INFO  impl.RoleInfo (RoleInfo.java:updateAndGet(143)) - c35819d4-86f4-4223-a458-676070fe0cbb: start FollowerState
2019-09-25 04:50:28,769 [pool-27-thread-1] INFO  util.JmxRegister (JmxRegister.java:tryRegister(44)) - Successfully registered JMX Bean with object name Ratis:service=RaftServer,group=group-9C2D2C86016B,id=c35819d4-86f4-4223-a458-676070fe0cbb
2019-09-25 04:50:28,772 [RatisPipelineUtilsThread] INFO  pipeline.PipelineStateManager (PipelineStateManager.java:addPipeline(56)) - Created pipeline Pipeline[ Id: 070aa899-f9cb-4161-b5b3-9c2d2c86016b, Nodes: c35819d4-86f4-4223-a458-676070fe0cbb{ip: 192.168.151.106, host: pr-hdds-1569-x2sr2-3486766547, networkLocation: /default-rack, certSerialId: null}, Type:RATIS, Factor:ONE, State:OPEN]
2019-09-25 04:50:28,779 [grpc-default-executor-0] INFO  impl.RaftServerProxy (RaftServerProxy.java:addNew(89)) - c35819d4-86f4-4223-a458-676070fe0cbb: addNew group-F1E1BB9007F6:[c35819d4-86f4-4223-a458-676070fe0cbb:192.168.151.106:44434] returns group-F1E1BB9007F6:java.util.concurrent.CompletableFuture@64702f1[Not completed]
2019-09-25 04:50:28,780 [pool-27-thread-1] INFO  impl.RaftServerImpl (RaftServerImpl.java:<init>(95)) - c35819d4-86f4-4223-a458-676070fe0cbb: new RaftServerImpl for group-F1E1BB9007F6:[c35819d4-86f4-4223-a458-676070fe0cbb:192.168.151.106:44434] with ContainerStateMachine:uninitialized
2019-09-25 04:50:28,780 [pool-27-thread-1] INFO  server.RaftServerConfigKeys (ConfUtils.java:logGet(43)) - raft.server.rpc.timeout.min = 5s (custom)
2019-09-25 04:50:28,780 [pool-27-thread-1] INFO  server.RaftServerConfigKeys (ConfUtils.java:logGet(43)) - raft.server.rpc.timeout.max = 5200ms (custom)
2019-09-25 04:50:28,780 [pool-27-thread-1] INFO  server.RaftServerConfigKeys (ConfUtils.java:logGet(43)) - raft.server.rpcslowness.timeout = 120s (custom)
2019-09-25 04:50:28,781 [pool-27-thread-1] INFO  server.RaftServerConfigKeys (ConfUtils.java:logGet(43)) - raft.server.sleep.deviation.threshold = 300 (default)
2019-09-25 04:50:28,781 [pool-27-thread-1] INFO  server.RaftServerConfigKeys (ConfUtils.java:logGet(43)) - raft.server.log.appender.install.snapshot.enabled = false (custom)
2019-09-25 04:50:28,781 [pool-27-thread-1] INFO  impl.RaftServerImpl (ServerState.java:<init>(103)) - c35819d4-86f4-4223-a458-676070fe0cbb@group-F1E1BB9007F6: ConfigurationManager, init=-1: [c35819d4-86f4-4223-a458-676070fe0cbb:192.168.151.106:44434], old=null, confs=<EMPTY_MAP>
2019-09-25 04:50:28,781 [pool-27-thread-1] INFO  server.RaftServerConfigKeys (ConfUtils.java:logGet(43)) - raft.server.storage.dir = [/workdir/hadoop-ozone/integration-test/target/test-dir/MiniOzoneClusterImpl-72f6cbb0-c919-4300-9939-20ef1cbf0e73/datanode-0/data/ratis] (custom)
2019-09-25 04:50:28,782 [pool-27-thread-1] INFO  storage.RaftStorageDirectory (RaftStorageDirectory.java:analyzeStorage(246)) - The storage directory /workdir/hadoop-ozone/integration-test/target/test-dir/MiniOzoneClusterImpl-72f6cbb0-c919-4300-9939-20ef1cbf0e73/datanode-0/data/ratis/707d1ccc-b4b0-4e3c-b6a0-f1e1bb9007f6 does not exist. Creating ...
2019-09-25 04:50:28,800 [pool-27-thread-1] INFO  storage.RaftStorageDirectory (RaftStorageDirectory.java:tryLock(328)) - Lock on /workdir/hadoop-ozone/integration-test/target/test-dir/MiniOzoneClusterImpl-72f6cbb0-c919-4300-9939-20ef1cbf0e73/datanode-0/data/ratis/707d1ccc-b4b0-4e3c-b6a0-f1e1bb9007f6/in_use.lock acquired by nodename 13648@pr-hdds-1569-x2sr2-3486766547
2019-09-25 04:50:28,823 [pool-27-thread-1] INFO  storage.RaftStorage (RaftStorage.java:format(72)) - Storage directory /workdir/hadoop-ozone/integration-test/target/test-dir/MiniOzoneClusterImpl-72f6cbb0-c919-4300-9939-20ef1cbf0e73/datanode-0/data/ratis/707d1ccc-b4b0-4e3c-b6a0-f1e1bb9007f6 has been successfully formatted.
2019-09-25 04:50:28,824 [pool-27-thread-1] INFO  ratis.ContainerStateMachine (ContainerStateMachine.java:loadSnapshot(230)) - group-F1E1BB9007F6: The snapshot info is null. Setting the last applied indexto:(t:0, i:~)
2019-09-25 04:50:28,824 [pool-27-thread-1] INFO  server.RaftServerConfigKeys (ConfUtils.java:logGet(43)) - raft.server.notification.no-leader.timeout = 120s (custom)
2019-09-25 04:50:28,824 [pool-27-thread-1] INFO  server.RaftServerConfigKeys (ConfUtils.java:logGet(43)) - raft.server.log.use.memory = false (default)
2019-09-25 04:50:28,824 [pool-27-thread-1] INFO  server.RaftServerConfigKeys (ConfUtils.java:logGet(43)) - raft.server.log.purge.gap = 1000000 (custom)
2019-09-25 04:50:28,824 [pool-27-thread-1] INFO  server.RaftServerConfigKeys (ConfUtils.java:logGet(43)) - raft.server.log.appender.buffer.byte-limit = 33554432 (custom)
2019-09-25 04:50:28,824 [pool-27-thread-1] INFO  server.RaftServerConfigKeys (ConfUtils.java:logGet(43)) - raft.server.log.segment.size.max = 1048576 (custom)
2019-09-25 04:50:28,825 [pool-27-thread-1] INFO  server.RaftServerConfigKeys (ConfUtils.java:logGet(43)) - raft.server.log.segment.cache.num.max = 2 (custom)
2019-09-25 04:50:28,825 [pool-27-thread-1] INFO  segmented.SegmentedRaftLogWorker (SegmentedRaftLogWorker.java:<init>(172)) - new c35819d4-86f4-4223-a458-676070fe0cbb@group-F1E1BB9007F6-SegmentedRaftLogWorker for RaftStorage:Storage Directory /workdir/hadoop-ozone/integration-test/target/test-dir/MiniOzoneClusterImpl-72f6cbb0-c919-4300-9939-20ef1cbf0e73/datanode-0/data/ratis/707d1ccc-b4b0-4e3c-b6a0-f1e1bb9007f6
2019-09-25 04:50:28,825 [pool-27-thread-1] INFO  server.RaftServerConfigKeys (ConfUtils.java:logGet(43)) - raft.server.log.queue.byte-limit = 2147483647 (custom)
2019-09-25 04:50:28,825 [pool-27-thread-1] INFO  server.RaftServerConfigKeys (ConfUtils.java:logGet(43)) - raft.server.log.queue.element-limit = 1024 (custom)
2019-09-25 04:50:28,825 [pool-27-thread-1] INFO  server.RaftServerConfigKeys (ConfUtils.java:logGet(43)) - raft.server.log.segment.size.max = 1048576 (custom)
2019-09-25 04:50:28,825 [pool-27-thread-1] INFO  server.RaftServerConfigKeys (ConfUtils.java:logGet(43)) - raft.server.log.preallocated.size = 16384 (custom)
2019-09-25 04:50:28,826 [pool-27-thread-1] INFO  server.RaftServerConfigKeys (ConfUtils.java:logGet(43)) - raft.server.log.write.buffer.size = 33554432 (custom)
2019-09-25 04:50:28,826 [pool-27-thread-1] INFO  server.RaftServerConfigKeys (ConfUtils.java:logGet(43)) - raft.server.log.force.sync.num = 128 (default)
2019-09-25 04:50:28,826 [pool-27-thread-1] INFO  server.RaftServerConfigKeys (ConfUtils.java:logGet(43)) - raft.server.log.statemachine.data.sync = true (default)
2019-09-25 04:50:28,826 [pool-27-thread-1] INFO  server.RaftServerConfigKeys (ConfUtils.java:logGet(43)) - raft.server.log.statemachine.data.sync.timeout = 10s (default)
2019-09-25 04:50:28,826 [pool-27-thread-1] INFO  server.RaftServerConfigKeys (ConfUtils.java:logGet(43)) - raft.server.log.statemachine.data.sync.timeout.retry = -1 (default)
2019-09-25 04:50:28,826 [pool-27-thread-1] INFO  server.RaftServerConfigKeys (ConfUtils.java:logGet(43)) - raft.server.log.statemachine.data.caching.enabled = true (custom)
2019-09-25 04:50:28,827 [pool-27-thread-1] INFO  segmented.SegmentedRaftLogWorker (SegmentedRaftLogWorker.java:lambda$new$0(132)) - c35819d4-86f4-4223-a458-676070fe0cbb@group-F1E1BB9007F6-SegmentedRaftLogWorker: flushIndex: setUnconditionally 0 -> -1
2019-09-25 04:50:28,827 [pool-27-thread-1] INFO  server.RaftServerConfigKeys (ConfUtils.java:logGet(43)) - raft.server.snapshot.auto.trigger.enabled = true (custom)
2019-09-25 04:50:28,827 [pool-27-thread-1] INFO  server.RaftServerConfigKeys (ConfUtils.java:logGet(43)) - raft.server.snapshot.auto.trigger.threshold = 10000 (custom)
2019-09-25 04:50:28,828 [pool-27-thread-1] INFO  server.RaftServerConfigKeys (ConfUtils.java:logGet(43)) - raft.server.snapshot.retention.num.files = 5 (custom)
2019-09-25 04:50:28,828 [pool-27-thread-1] INFO  server.RaftServerConfigKeys (ConfUtils.java:logGet(43)) - raft.server.retrycache.expirytime = 600000ms (custom)
2019-09-25 04:50:28,830 [pool-27-thread-1] INFO  impl.RaftServerImpl (RaftServerImpl.java:start(185)) - c35819d4-86f4-4223-a458-676070fe0cbb@group-F1E1BB9007F6: start as a follower, conf=-1: [c35819d4-86f4-4223-a458-676070fe0cbb:192.168.151.106:44434], old=null
2019-09-25 04:50:28,831 [pool-27-thread-1] INFO  impl.RaftServerImpl (RaftServerImpl.java:setRole(174)) - c35819d4-86f4-4223-a458-676070fe0cbb@group-F1E1BB9007F6: changes role from      null to FOLLOWER at term 0 for startAsFollower
2019-09-25 04:50:28,831 [pool-27-thread-1] INFO  impl.RoleInfo (RoleInfo.java:updateAndGet(143)) - c35819d4-86f4-4223-a458-676070fe0cbb: start FollowerState
2019-09-25 04:50:28,831 [pool-27-thread-1] INFO  util.JmxRegister (JmxRegister.java:tryRegister(44)) - Successfully registered JMX Bean with object name Ratis:service=RaftServer,group=group-F1E1BB9007F6,id=c35819d4-86f4-4223-a458-676070fe0cbb
2019-09-25 04:50:28,834 [RatisPipelineUtilsThread] INFO  pipeline.PipelineStateManager (PipelineStateManager.java:addPipeline(56)) - Created pipeline Pipeline[ Id: 707d1ccc-b4b0-4e3c-b6a0-f1e1bb9007f6, Nodes: c35819d4-86f4-4223-a458-676070fe0cbb{ip: 192.168.151.106, host: pr-hdds-1569-x2sr2-3486766547, networkLocation: /default-rack, certSerialId: null}, Type:RATIS, Factor:ONE, State:OPEN]
2019-09-25 04:50:28,841 [grpc-default-executor-0] INFO  impl.RaftServerProxy (RaftServerProxy.java:addNew(89)) - 4f7802c6-3418-4fbd-b0c6-a8e36fcecb0a: addNew group-7E920AED6F10:[4f7802c6-3418-4fbd-b0c6-a8e36fcecb0a:192.168.151.106:42026] returns group-7E920AED6F10:java.util.concurrent.CompletableFuture@a2ae555[Not completed]
2019-09-25 04:50:28,842 [pool-57-thread-1] INFO  impl.RaftServerImpl (RaftServerImpl.java:<init>(95)) - 4f7802c6-3418-4fbd-b0c6-a8e36fcecb0a: new RaftServerImpl for group-7E920AED6F10:[4f7802c6-3418-4fbd-b0c6-a8e36fcecb0a:192.168.151.106:42026] with ContainerStateMachine:uninitialized
2019-09-25 04:50:28,842 [pool-57-thread-1] INFO  server.RaftServerConfigKeys (ConfUtils.java:logGet(43)) - raft.server.rpc.timeout.min = 5s (custom)
2019-09-25 04:50:28,843 [pool-57-thread-1] INFO  server.RaftServerConfigKeys (ConfUtils.java:logGet(43)) - raft.server.rpc.timeout.max = 5200ms (custom)
2019-09-25 04:50:28,843 [pool-57-thread-1] INFO  server.RaftServerConfigKeys (ConfUtils.java:logGet(43)) - raft.server.rpcslowness.timeout = 120s (custom)
2019-09-25 04:50:28,843 [pool-57-thread-1] INFO  server.RaftServerConfigKeys (ConfUtils.java:logGet(43)) - raft.server.sleep.deviation.threshold = 300 (default)
2019-09-25 04:50:28,843 [pool-57-thread-1] INFO  server.RaftServerConfigKeys (ConfUtils.java:logGet(43)) - raft.server.log.appender.install.snapshot.enabled = false (custom)
2019-09-25 04:50:28,843 [pool-57-thread-1] INFO  impl.RaftServerImpl (ServerState.java:<init>(103)) - 4f7802c6-3418-4fbd-b0c6-a8e36fcecb0a@group-7E920AED6F10: ConfigurationManager, init=-1: [4f7802c6-3418-4fbd-b0c6-a8e36fcecb0a:192.168.151.106:42026], old=null, confs=<EMPTY_MAP>
2019-09-25 04:50:28,843 [pool-57-thread-1] INFO  server.RaftServerConfigKeys (ConfUtils.java:logGet(43)) - raft.server.storage.dir = [/workdir/hadoop-ozone/integration-test/target/test-dir/MiniOzoneClusterImpl-72f6cbb0-c919-4300-9939-20ef1cbf0e73/datanode-3/data/ratis] (custom)
2019-09-25 04:50:28,844 [pool-57-thread-1] INFO  storage.RaftStorageDirectory (RaftStorageDirectory.java:analyzeStorage(246)) - The storage directory /workdir/hadoop-ozone/integration-test/target/test-dir/MiniOzoneClusterImpl-72f6cbb0-c919-4300-9939-20ef1cbf0e73/datanode-3/data/ratis/1a55050c-9c2c-40ea-937d-7e920aed6f10 does not exist. Creating ...
2019-09-25 04:50:28,861 [pool-57-thread-1] INFO  storage.RaftStorageDirectory (RaftStorageDirectory.java:tryLock(328)) - Lock on /workdir/hadoop-ozone/integration-test/target/test-dir/MiniOzoneClusterImpl-72f6cbb0-c919-4300-9939-20ef1cbf0e73/datanode-3/data/ratis/1a55050c-9c2c-40ea-937d-7e920aed6f10/in_use.lock acquired by nodename 13648@pr-hdds-1569-x2sr2-3486766547
2019-09-25 04:50:28,872 [pool-57-thread-1] INFO  storage.RaftStorage (RaftStorage.java:format(72)) - Storage directory /workdir/hadoop-ozone/integration-test/target/test-dir/MiniOzoneClusterImpl-72f6cbb0-c919-4300-9939-20ef1cbf0e73/datanode-3/data/ratis/1a55050c-9c2c-40ea-937d-7e920aed6f10 has been successfully formatted.
2019-09-25 04:50:28,872 [pool-57-thread-1] INFO  ratis.ContainerStateMachine (ContainerStateMachine.java:loadSnapshot(230)) - group-7E920AED6F10: The snapshot info is null. Setting the last applied indexto:(t:0, i:~)
2019-09-25 04:50:28,873 [pool-57-thread-1] INFO  server.RaftServerConfigKeys (ConfUtils.java:logGet(43)) - raft.server.notification.no-leader.timeout = 120s (custom)
2019-09-25 04:50:28,873 [pool-57-thread-1] INFO  server.RaftServerConfigKeys (ConfUtils.java:logGet(43)) - raft.server.log.use.memory = false (default)
2019-09-25 04:50:28,873 [pool-57-thread-1] INFO  server.RaftServerConfigKeys (ConfUtils.java:logGet(43)) - raft.server.log.purge.gap = 1000000 (custom)
2019-09-25 04:50:28,873 [pool-57-thread-1] INFO  server.RaftServerConfigKeys (ConfUtils.java:logGet(43)) - raft.server.log.appender.buffer.byte-limit = 33554432 (custom)
2019-09-25 04:50:28,873 [pool-57-thread-1] INFO  server.RaftServerConfigKeys (ConfUtils.java:logGet(43)) - raft.server.log.segment.size.max = 1048576 (custom)
2019-09-25 04:50:28,873 [pool-57-thread-1] INFO  server.RaftServerConfigKeys (ConfUtils.java:logGet(43)) - raft.server.log.segment.cache.num.max = 2 (custom)
2019-09-25 04:50:28,874 [pool-57-thread-1] INFO  segmented.SegmentedRaftLogWorker (SegmentedRaftLogWorker.java:<init>(172)) - new 4f7802c6-3418-4fbd-b0c6-a8e36fcecb0a@group-7E920AED6F10-SegmentedRaftLogWorker for RaftStorage:Storage Directory /workdir/hadoop-ozone/integration-test/target/test-dir/MiniOzoneClusterImpl-72f6cbb0-c919-4300-9939-20ef1cbf0e73/datanode-3/data/ratis/1a55050c-9c2c-40ea-937d-7e920aed6f10
2019-09-25 04:50:28,874 [pool-57-thread-1] INFO  server.RaftServerConfigKeys (ConfUtils.java:logGet(43)) - raft.server.log.queue.byte-limit = 2147483647 (custom)
2019-09-25 04:50:28,874 [pool-57-thread-1] INFO  server.RaftServerConfigKeys (ConfUtils.java:logGet(43)) - raft.server.log.queue.element-limit = 1024 (custom)
2019-09-25 04:50:28,874 [pool-57-thread-1] INFO  server.RaftServerConfigKeys (ConfUtils.java:logGet(43)) - raft.server.log.segment.size.max = 1048576 (custom)
2019-09-25 04:50:28,874 [pool-57-thread-1] INFO  server.RaftServerConfigKeys (ConfUtils.java:logGet(43)) - raft.server.log.preallocated.size = 16384 (custom)
2019-09-25 04:50:28,874 [pool-57-thread-1] INFO  server.RaftServerConfigKeys (ConfUtils.java:logGet(43)) - raft.server.log.write.buffer.size = 33554432 (custom)
2019-09-25 04:50:28,874 [pool-57-thread-1] INFO  server.RaftServerConfigKeys (ConfUtils.java:logGet(43)) - raft.server.log.force.sync.num = 128 (default)
2019-09-25 04:50:28,875 [pool-57-thread-1] INFO  server.RaftServerConfigKeys (ConfUtils.java:logGet(43)) - raft.server.log.statemachine.data.sync = true (default)
2019-09-25 04:50:28,875 [pool-57-thread-1] INFO  server.RaftServerConfigKeys (ConfUtils.java:logGet(43)) - raft.server.log.statemachine.data.sync.timeout = 10s (default)
2019-09-25 04:50:28,875 [pool-57-thread-1] INFO  server.RaftServerConfigKeys (ConfUtils.java:logGet(43)) - raft.server.log.statemachine.data.sync.timeout.retry = -1 (default)
2019-09-25 04:50:28,875 [pool-57-thread-1] INFO  server.RaftServerConfigKeys (ConfUtils.java:logGet(43)) - raft.server.log.statemachine.data.caching.enabled = true (custom)
2019-09-25 04:50:28,875 [pool-57-thread-1] INFO  segmented.SegmentedRaftLogWorker (SegmentedRaftLogWorker.java:lambda$new$0(132)) - 4f7802c6-3418-4fbd-b0c6-a8e36fcecb0a@group-7E920AED6F10-SegmentedRaftLogWorker: flushIndex: setUnconditionally 0 -> -1
2019-09-25 04:50:28,876 [pool-57-thread-1] INFO  server.RaftServerConfigKeys (ConfUtils.java:logGet(43)) - raft.server.snapshot.auto.trigger.enabled = true (custom)
2019-09-25 04:50:28,876 [pool-57-thread-1] INFO  server.RaftServerConfigKeys (ConfUtils.java:logGet(43)) - raft.server.snapshot.auto.trigger.threshold = 10000 (custom)
2019-09-25 04:50:28,876 [pool-57-thread-1] INFO  server.RaftServerConfigKeys (ConfUtils.java:logGet(43)) - raft.server.snapshot.retention.num.files = 5 (custom)
2019-09-25 04:50:28,876 [pool-57-thread-1] INFO  server.RaftServerConfigKeys (ConfUtils.java:logGet(43)) - raft.server.retrycache.expirytime = 600000ms (custom)
2019-09-25 04:50:28,879 [pool-57-thread-1] INFO  impl.RaftServerImpl (RaftServerImpl.java:start(185)) - 4f7802c6-3418-4fbd-b0c6-a8e36fcecb0a@group-7E920AED6F10: start as a follower, conf=-1: [4f7802c6-3418-4fbd-b0c6-a8e36fcecb0a:192.168.151.106:42026], old=null
2019-09-25 04:50:28,879 [pool-57-thread-1] INFO  impl.RaftServerImpl (RaftServerImpl.java:setRole(174)) - 4f7802c6-3418-4fbd-b0c6-a8e36fcecb0a@group-7E920AED6F10: changes role from      null to FOLLOWER at term 0 for startAsFollower
2019-09-25 04:50:28,879 [pool-57-thread-1] INFO  impl.RoleInfo (RoleInfo.java:updateAndGet(143)) - 4f7802c6-3418-4fbd-b0c6-a8e36fcecb0a: start FollowerState
2019-09-25 04:50:28,880 [pool-57-thread-1] INFO  util.JmxRegister (JmxRegister.java:tryRegister(44)) - Successfully registered JMX Bean with object name Ratis:service=RaftServer,group=group-7E920AED6F10,id=4f7802c6-3418-4fbd-b0c6-a8e36fcecb0a
2019-09-25 04:50:28,883 [RatisPipelineUtilsThread] INFO  pipeline.PipelineStateManager (PipelineStateManager.java:addPipeline(56)) - Created pipeline Pipeline[ Id: 1a55050c-9c2c-40ea-937d-7e920aed6f10, Nodes: 4f7802c6-3418-4fbd-b0c6-a8e36fcecb0a{ip: 192.168.151.106, host: pr-hdds-1569-x2sr2-3486766547, networkLocation: /default-rack, certSerialId: null}, Type:RATIS, Factor:ONE, State:OPEN]
2019-09-25 04:50:28,889 [grpc-default-executor-0] INFO  impl.RaftServerProxy (RaftServerProxy.java:addNew(89)) - 45f1801e-7cfd-420a-bb39-98f19dcc81c3: addNew group-0B8AC0E1F20E:[45f1801e-7cfd-420a-bb39-98f19dcc81c3:192.168.151.106:38437] returns group-0B8AC0E1F20E:java.util.concurrent.CompletableFuture@7d57747c[Not completed]
2019-09-25 04:50:28,890 [pool-87-thread-1] INFO  impl.RaftServerImpl (RaftServerImpl.java:<init>(95)) - 45f1801e-7cfd-420a-bb39-98f19dcc81c3: new RaftServerImpl for group-0B8AC0E1F20E:[45f1801e-7cfd-420a-bb39-98f19dcc81c3:192.168.151.106:38437] with ContainerStateMachine:uninitialized
2019-09-25 04:50:28,891 [pool-87-thread-1] INFO  server.RaftServerConfigKeys (ConfUtils.java:logGet(43)) - raft.server.rpc.timeout.min = 5s (custom)
2019-09-25 04:50:28,891 [pool-87-thread-1] INFO  server.RaftServerConfigKeys (ConfUtils.java:logGet(43)) - raft.server.rpc.timeout.max = 5200ms (custom)
2019-09-25 04:50:28,891 [pool-87-thread-1] INFO  server.RaftServerConfigKeys (ConfUtils.java:logGet(43)) - raft.server.rpcslowness.timeout = 120s (custom)
2019-09-25 04:50:28,891 [pool-87-thread-1] INFO  server.RaftServerConfigKeys (ConfUtils.java:logGet(43)) - raft.server.sleep.deviation.threshold = 300 (default)
2019-09-25 04:50:28,891 [pool-87-thread-1] INFO  server.RaftServerConfigKeys (ConfUtils.java:logGet(43)) - raft.server.log.appender.install.snapshot.enabled = false (custom)
2019-09-25 04:50:28,891 [pool-87-thread-1] INFO  impl.RaftServerImpl (ServerState.java:<init>(103)) - 45f1801e-7cfd-420a-bb39-98f19dcc81c3@group-0B8AC0E1F20E: ConfigurationManager, init=-1: [45f1801e-7cfd-420a-bb39-98f19dcc81c3:192.168.151.106:38437], old=null, confs=<EMPTY_MAP>
2019-09-25 04:50:28,891 [pool-87-thread-1] INFO  server.RaftServerConfigKeys (ConfUtils.java:logGet(43)) - raft.server.storage.dir = [/workdir/hadoop-ozone/integration-test/target/test-dir/MiniOzoneClusterImpl-72f6cbb0-c919-4300-9939-20ef1cbf0e73/datanode-6/data/ratis] (custom)
2019-09-25 04:50:28,892 [pool-87-thread-1] INFO  storage.RaftStorageDirectory (RaftStorageDirectory.java:analyzeStorage(246)) - The storage directory /workdir/hadoop-ozone/integration-test/target/test-dir/MiniOzoneClusterImpl-72f6cbb0-c919-4300-9939-20ef1cbf0e73/datanode-6/data/ratis/c749c3e6-64f8-4183-ab1b-0b8ac0e1f20e does not exist. Creating ...
2019-09-25 04:50:28,918 [pool-87-thread-1] INFO  storage.RaftStorageDirectory (RaftStorageDirectory.java:tryLock(328)) - Lock on /workdir/hadoop-ozone/integration-test/target/test-dir/MiniOzoneClusterImpl-72f6cbb0-c919-4300-9939-20ef1cbf0e73/datanode-6/data/ratis/c749c3e6-64f8-4183-ab1b-0b8ac0e1f20e/in_use.lock acquired by nodename 13648@pr-hdds-1569-x2sr2-3486766547
2019-09-25 04:50:28,939 [pool-87-thread-1] INFO  storage.RaftStorage (RaftStorage.java:format(72)) - Storage directory /workdir/hadoop-ozone/integration-test/target/test-dir/MiniOzoneClusterImpl-72f6cbb0-c919-4300-9939-20ef1cbf0e73/datanode-6/data/ratis/c749c3e6-64f8-4183-ab1b-0b8ac0e1f20e has been successfully formatted.
2019-09-25 04:50:28,939 [pool-87-thread-1] INFO  ratis.ContainerStateMachine (ContainerStateMachine.java:loadSnapshot(230)) - group-0B8AC0E1F20E: The snapshot info is null. Setting the last applied indexto:(t:0, i:~)
2019-09-25 04:50:28,939 [pool-87-thread-1] INFO  server.RaftServerConfigKeys (ConfUtils.java:logGet(43)) - raft.server.notification.no-leader.timeout = 120s (custom)
2019-09-25 04:50:28,939 [pool-87-thread-1] INFO  server.RaftServerConfigKeys (ConfUtils.java:logGet(43)) - raft.server.log.use.memory = false (default)
2019-09-25 04:50:28,939 [pool-87-thread-1] INFO  server.RaftServerConfigKeys (ConfUtils.java:logGet(43)) - raft.server.log.purge.gap = 1000000 (custom)
2019-09-25 04:50:28,939 [pool-87-thread-1] INFO  server.RaftServerConfigKeys (ConfUtils.java:logGet(43)) - raft.server.log.appender.buffer.byte-limit = 33554432 (custom)
2019-09-25 04:50:28,940 [pool-87-thread-1] INFO  server.RaftServerConfigKeys (ConfUtils.java:logGet(43)) - raft.server.log.segment.size.max = 1048576 (custom)
2019-09-25 04:50:28,940 [pool-87-thread-1] INFO  server.RaftServerConfigKeys (ConfUtils.java:logGet(43)) - raft.server.log.segment.cache.num.max = 2 (custom)
2019-09-25 04:50:28,940 [pool-87-thread-1] INFO  segmented.SegmentedRaftLogWorker (SegmentedRaftLogWorker.java:<init>(172)) - new 45f1801e-7cfd-420a-bb39-98f19dcc81c3@group-0B8AC0E1F20E-SegmentedRaftLogWorker for RaftStorage:Storage Directory /workdir/hadoop-ozone/integration-test/target/test-dir/MiniOzoneClusterImpl-72f6cbb0-c919-4300-9939-20ef1cbf0e73/datanode-6/data/ratis/c749c3e6-64f8-4183-ab1b-0b8ac0e1f20e
2019-09-25 04:50:28,940 [pool-87-thread-1] INFO  server.RaftServerConfigKeys (ConfUtils.java:logGet(43)) - raft.server.log.queue.byte-limit = 2147483647 (custom)
2019-09-25 04:50:28,940 [pool-87-thread-1] INFO  server.RaftServerConfigKeys (ConfUtils.java:logGet(43)) - raft.server.log.queue.element-limit = 1024 (custom)
2019-09-25 04:50:28,940 [pool-87-thread-1] INFO  server.RaftServerConfigKeys (ConfUtils.java:logGet(43)) - raft.server.log.segment.size.max = 1048576 (custom)
2019-09-25 04:50:28,941 [pool-87-thread-1] INFO  server.RaftServerConfigKeys (ConfUtils.java:logGet(43)) - raft.server.log.preallocated.size = 16384 (custom)
2019-09-25 04:50:28,941 [pool-87-thread-1] INFO  server.RaftServerConfigKeys (ConfUtils.java:logGet(43)) - raft.server.log.write.buffer.size = 33554432 (custom)
2019-09-25 04:50:28,941 [pool-87-thread-1] INFO  server.RaftServerConfigKeys (ConfUtils.java:logGet(43)) - raft.server.log.force.sync.num = 128 (default)
2019-09-25 04:50:28,941 [pool-87-thread-1] INFO  server.RaftServerConfigKeys (ConfUtils.java:logGet(43)) - raft.server.log.statemachine.data.sync = true (default)
2019-09-25 04:50:28,941 [pool-87-thread-1] INFO  server.RaftServerConfigKeys (ConfUtils.java:logGet(43)) - raft.server.log.statemachine.data.sync.timeout = 10s (default)
2019-09-25 04:50:28,941 [pool-87-thread-1] INFO  server.RaftServerConfigKeys (ConfUtils.java:logGet(43)) - raft.server.log.statemachine.data.sync.timeout.retry = -1 (default)
2019-09-25 04:50:28,941 [pool-87-thread-1] INFO  server.RaftServerConfigKeys (ConfUtils.java:logGet(43)) - raft.server.log.statemachine.data.caching.enabled = true (custom)
2019-09-25 04:50:28,942 [pool-87-thread-1] INFO  segmented.SegmentedRaftLogWorker (SegmentedRaftLogWorker.java:lambda$new$0(132)) - 45f1801e-7cfd-420a-bb39-98f19dcc81c3@group-0B8AC0E1F20E-SegmentedRaftLogWorker: flushIndex: setUnconditionally 0 -> -1
2019-09-25 04:50:28,942 [pool-87-thread-1] INFO  server.RaftServerConfigKeys (ConfUtils.java:logGet(43)) - raft.server.snapshot.auto.trigger.enabled = true (custom)
2019-09-25 04:50:28,942 [pool-87-thread-1] INFO  server.RaftServerConfigKeys (ConfUtils.java:logGet(43)) - raft.server.snapshot.auto.trigger.threshold = 10000 (custom)
2019-09-25 04:50:28,942 [pool-87-thread-1] INFO  server.RaftServerConfigKeys (ConfUtils.java:logGet(43)) - raft.server.snapshot.retention.num.files = 5 (custom)
2019-09-25 04:50:28,943 [pool-87-thread-1] INFO  server.RaftServerConfigKeys (ConfUtils.java:logGet(43)) - raft.server.retrycache.expirytime = 600000ms (custom)
2019-09-25 04:50:28,945 [pool-87-thread-1] INFO  impl.RaftServerImpl (RaftServerImpl.java:start(185)) - 45f1801e-7cfd-420a-bb39-98f19dcc81c3@group-0B8AC0E1F20E: start as a follower, conf=-1: [45f1801e-7cfd-420a-bb39-98f19dcc81c3:192.168.151.106:38437], old=null
2019-09-25 04:50:28,945 [pool-87-thread-1] INFO  impl.RaftServerImpl (RaftServerImpl.java:setRole(174)) - 45f1801e-7cfd-420a-bb39-98f19dcc81c3@group-0B8AC0E1F20E: changes role from      null to FOLLOWER at term 0 for startAsFollower
2019-09-25 04:50:28,945 [pool-87-thread-1] INFO  impl.RoleInfo (RoleInfo.java:updateAndGet(143)) - 45f1801e-7cfd-420a-bb39-98f19dcc81c3: start FollowerState
2019-09-25 04:50:28,946 [pool-87-thread-1] INFO  util.JmxRegister (JmxRegister.java:tryRegister(44)) - Successfully registered JMX Bean with object name Ratis:service=RaftServer,group=group-0B8AC0E1F20E,id=45f1801e-7cfd-420a-bb39-98f19dcc81c3
2019-09-25 04:50:28,949 [RatisPipelineUtilsThread] INFO  pipeline.PipelineStateManager (PipelineStateManager.java:addPipeline(56)) - Created pipeline Pipeline[ Id: c749c3e6-64f8-4183-ab1b-0b8ac0e1f20e, Nodes: 45f1801e-7cfd-420a-bb39-98f19dcc81c3{ip: 192.168.151.106, host: pr-hdds-1569-x2sr2-3486766547, networkLocation: /default-rack, certSerialId: null}, Type:RATIS, Factor:ONE, State:OPEN]
2019-09-25 04:50:28,956 [grpc-default-executor-0] INFO  impl.RaftServerProxy (RaftServerProxy.java:addNew(89)) - 9216b865-ce6b-4fb7-bc99-65479a86b6eb: addNew group-B0B63E1DF489:[9216b865-ce6b-4fb7-bc99-65479a86b6eb:192.168.151.106:43252] returns group-B0B63E1DF489:java.util.concurrent.CompletableFuture@10bde710[Not completed]
2019-09-25 04:50:28,958 [pool-77-thread-1] INFO  impl.RaftServerImpl (RaftServerImpl.java:<init>(95)) - 9216b865-ce6b-4fb7-bc99-65479a86b6eb: new RaftServerImpl for group-B0B63E1DF489:[9216b865-ce6b-4fb7-bc99-65479a86b6eb:192.168.151.106:43252] with ContainerStateMachine:uninitialized
2019-09-25 04:50:28,958 [pool-77-thread-1] INFO  server.RaftServerConfigKeys (ConfUtils.java:logGet(43)) - raft.server.rpc.timeout.min = 5s (custom)
2019-09-25 04:50:28,958 [pool-77-thread-1] INFO  server.RaftServerConfigKeys (ConfUtils.java:logGet(43)) - raft.server.rpc.timeout.max = 5200ms (custom)
2019-09-25 04:50:28,958 [pool-77-thread-1] INFO  server.RaftServerConfigKeys (ConfUtils.java:logGet(43)) - raft.server.rpcslowness.timeout = 120s (custom)
2019-09-25 04:50:28,958 [pool-77-thread-1] INFO  server.RaftServerConfigKeys (ConfUtils.java:logGet(43)) - raft.server.sleep.deviation.threshold = 300 (default)
2019-09-25 04:50:28,958 [pool-77-thread-1] INFO  server.RaftServerConfigKeys (ConfUtils.java:logGet(43)) - raft.server.log.appender.install.snapshot.enabled = false (custom)
2019-09-25 04:50:28,959 [pool-77-thread-1] INFO  impl.RaftServerImpl (ServerState.java:<init>(103)) - 9216b865-ce6b-4fb7-bc99-65479a86b6eb@group-B0B63E1DF489: ConfigurationManager, init=-1: [9216b865-ce6b-4fb7-bc99-65479a86b6eb:192.168.151.106:43252], old=null, confs=<EMPTY_MAP>
2019-09-25 04:50:28,959 [pool-77-thread-1] INFO  server.RaftServerConfigKeys (ConfUtils.java:logGet(43)) - raft.server.storage.dir = [/workdir/hadoop-ozone/integration-test/target/test-dir/MiniOzoneClusterImpl-72f6cbb0-c919-4300-9939-20ef1cbf0e73/datanode-5/data/ratis] (custom)
2019-09-25 04:50:28,959 [pool-77-thread-1] INFO  storage.RaftStorageDirectory (RaftStorageDirectory.java:analyzeStorage(246)) - The storage directory /workdir/hadoop-ozone/integration-test/target/test-dir/MiniOzoneClusterImpl-72f6cbb0-c919-4300-9939-20ef1cbf0e73/datanode-5/data/ratis/a900676e-52cb-4268-9a0b-b0b63e1df489 does not exist. Creating ...
2019-09-25 04:50:28,984 [pool-77-thread-1] INFO  storage.RaftStorageDirectory (RaftStorageDirectory.java:tryLock(328)) - Lock on /workdir/hadoop-ozone/integration-test/target/test-dir/MiniOzoneClusterImpl-72f6cbb0-c919-4300-9939-20ef1cbf0e73/datanode-5/data/ratis/a900676e-52cb-4268-9a0b-b0b63e1df489/in_use.lock acquired by nodename 13648@pr-hdds-1569-x2sr2-3486766547
2019-09-25 04:50:28,997 [pool-77-thread-1] INFO  storage.RaftStorage (RaftStorage.java:format(72)) - Storage directory /workdir/hadoop-ozone/integration-test/target/test-dir/MiniOzoneClusterImpl-72f6cbb0-c919-4300-9939-20ef1cbf0e73/datanode-5/data/ratis/a900676e-52cb-4268-9a0b-b0b63e1df489 has been successfully formatted.
2019-09-25 04:50:28,998 [pool-77-thread-1] INFO  ratis.ContainerStateMachine (ContainerStateMachine.java:loadSnapshot(230)) - group-B0B63E1DF489: The snapshot info is null. Setting the last applied indexto:(t:0, i:~)
2019-09-25 04:50:28,998 [pool-77-thread-1] INFO  server.RaftServerConfigKeys (ConfUtils.java:logGet(43)) - raft.server.notification.no-leader.timeout = 120s (custom)
2019-09-25 04:50:28,998 [pool-77-thread-1] INFO  server.RaftServerConfigKeys (ConfUtils.java:logGet(43)) - raft.server.log.use.memory = false (default)
2019-09-25 04:50:28,998 [pool-77-thread-1] INFO  server.RaftServerConfigKeys (ConfUtils.java:logGet(43)) - raft.server.log.purge.gap = 1000000 (custom)
2019-09-25 04:50:28,998 [pool-77-thread-1] INFO  server.RaftServerConfigKeys (ConfUtils.java:logGet(43)) - raft.server.log.appender.buffer.byte-limit = 33554432 (custom)
2019-09-25 04:50:28,999 [pool-77-thread-1] INFO  server.RaftServerConfigKeys (ConfUtils.java:logGet(43)) - raft.server.log.segment.size.max = 1048576 (custom)
2019-09-25 04:50:28,999 [pool-77-thread-1] INFO  server.RaftServerConfigKeys (ConfUtils.java:logGet(43)) - raft.server.log.segment.cache.num.max = 2 (custom)
2019-09-25 04:50:28,999 [pool-77-thread-1] INFO  segmented.SegmentedRaftLogWorker (SegmentedRaftLogWorker.java:<init>(172)) - new 9216b865-ce6b-4fb7-bc99-65479a86b6eb@group-B0B63E1DF489-SegmentedRaftLogWorker for RaftStorage:Storage Directory /workdir/hadoop-ozone/integration-test/target/test-dir/MiniOzoneClusterImpl-72f6cbb0-c919-4300-9939-20ef1cbf0e73/datanode-5/data/ratis/a900676e-52cb-4268-9a0b-b0b63e1df489
2019-09-25 04:50:28,999 [pool-77-thread-1] INFO  server.RaftServerConfigKeys (ConfUtils.java:logGet(43)) - raft.server.log.queue.byte-limit = 2147483647 (custom)
2019-09-25 04:50:28,999 [pool-77-thread-1] INFO  server.RaftServerConfigKeys (ConfUtils.java:logGet(43)) - raft.server.log.queue.element-limit = 1024 (custom)
2019-09-25 04:50:28,999 [pool-77-thread-1] INFO  server.RaftServerConfigKeys (ConfUtils.java:logGet(43)) - raft.server.log.segment.size.max = 1048576 (custom)
2019-09-25 04:50:28,999 [pool-77-thread-1] INFO  server.RaftServerConfigKeys (ConfUtils.java:logGet(43)) - raft.server.log.preallocated.size = 16384 (custom)
2019-09-25 04:50:29,000 [pool-77-thread-1] INFO  server.RaftServerConfigKeys (ConfUtils.java:logGet(43)) - raft.server.log.write.buffer.size = 33554432 (custom)
2019-09-25 04:50:29,000 [pool-77-thread-1] INFO  server.RaftServerConfigKeys (ConfUtils.java:logGet(43)) - raft.server.log.force.sync.num = 128 (default)
2019-09-25 04:50:29,000 [pool-77-thread-1] INFO  server.RaftServerConfigKeys (ConfUtils.java:logGet(43)) - raft.server.log.statemachine.data.sync = true (default)
2019-09-25 04:50:29,000 [pool-77-thread-1] INFO  server.RaftServerConfigKeys (ConfUtils.java:logGet(43)) - raft.server.log.statemachine.data.sync.timeout = 10s (default)
2019-09-25 04:50:29,000 [pool-77-thread-1] INFO  server.RaftServerConfigKeys (ConfUtils.java:logGet(43)) - raft.server.log.statemachine.data.sync.timeout.retry = -1 (default)
2019-09-25 04:50:29,000 [pool-77-thread-1] INFO  server.RaftServerConfigKeys (ConfUtils.java:logGet(43)) - raft.server.log.statemachine.data.caching.enabled = true (custom)
2019-09-25 04:50:29,001 [pool-77-thread-1] INFO  segmented.SegmentedRaftLogWorker (SegmentedRaftLogWorker.java:lambda$new$0(132)) - 9216b865-ce6b-4fb7-bc99-65479a86b6eb@group-B0B63E1DF489-SegmentedRaftLogWorker: flushIndex: setUnconditionally 0 -> -1
2019-09-25 04:50:29,001 [pool-77-thread-1] INFO  server.RaftServerConfigKeys (ConfUtils.java:logGet(43)) - raft.server.snapshot.auto.trigger.enabled = true (custom)
2019-09-25 04:50:29,001 [pool-77-thread-1] INFO  server.RaftServerConfigKeys (ConfUtils.java:logGet(43)) - raft.server.snapshot.auto.trigger.threshold = 10000 (custom)
2019-09-25 04:50:29,001 [pool-77-thread-1] INFO  server.RaftServerConfigKeys (ConfUtils.java:logGet(43)) - raft.server.snapshot.retention.num.files = 5 (custom)
2019-09-25 04:50:29,002 [pool-77-thread-1] INFO  server.RaftServerConfigKeys (ConfUtils.java:logGet(43)) - raft.server.retrycache.expirytime = 600000ms (custom)
2019-09-25 04:50:29,005 [pool-77-thread-1] INFO  impl.RaftServerImpl (RaftServerImpl.java:start(185)) - 9216b865-ce6b-4fb7-bc99-65479a86b6eb@group-B0B63E1DF489: start as a follower, conf=-1: [9216b865-ce6b-4fb7-bc99-65479a86b6eb:192.168.151.106:43252], old=null
2019-09-25 04:50:29,005 [pool-77-thread-1] INFO  impl.RaftServerImpl (RaftServerImpl.java:setRole(174)) - 9216b865-ce6b-4fb7-bc99-65479a86b6eb@group-B0B63E1DF489: changes role from      null to FOLLOWER at term 0 for startAsFollower
2019-09-25 04:50:29,005 [pool-77-thread-1] INFO  impl.RoleInfo (RoleInfo.java:updateAndGet(143)) - 9216b865-ce6b-4fb7-bc99-65479a86b6eb: start FollowerState
2019-09-25 04:50:29,005 [pool-77-thread-1] INFO  util.JmxRegister (JmxRegister.java:tryRegister(44)) - Successfully registered JMX Bean with object name Ratis:service=RaftServer,group=group-B0B63E1DF489,id=9216b865-ce6b-4fb7-bc99-65479a86b6eb
2019-09-25 04:50:29,008 [RatisPipelineUtilsThread] INFO  pipeline.PipelineStateManager (PipelineStateManager.java:addPipeline(56)) - Created pipeline Pipeline[ Id: a900676e-52cb-4268-9a0b-b0b63e1df489, Nodes: 9216b865-ce6b-4fb7-bc99-65479a86b6eb{ip: 192.168.151.106, host: pr-hdds-1569-x2sr2-3486766547, networkLocation: /default-rack, certSerialId: null}, Type:RATIS, Factor:ONE, State:OPEN]
2019-09-25 04:50:29,015 [grpc-default-executor-0] INFO  impl.RaftServerProxy (RaftServerProxy.java:addNew(89)) - 4f7802c6-3418-4fbd-b0c6-a8e36fcecb0a: addNew group-6F5C2E17C3B8:[4f7802c6-3418-4fbd-b0c6-a8e36fcecb0a:192.168.151.106:42026] returns group-6F5C2E17C3B8:java.util.concurrent.CompletableFuture@588bba7e[Not completed]
2019-09-25 04:50:29,017 [pool-57-thread-1] INFO  impl.RaftServerImpl (RaftServerImpl.java:<init>(95)) - 4f7802c6-3418-4fbd-b0c6-a8e36fcecb0a: new RaftServerImpl for group-6F5C2E17C3B8:[4f7802c6-3418-4fbd-b0c6-a8e36fcecb0a:192.168.151.106:42026] with ContainerStateMachine:uninitialized
2019-09-25 04:50:29,017 [pool-57-thread-1] INFO  server.RaftServerConfigKeys (ConfUtils.java:logGet(43)) - raft.server.rpc.timeout.min = 5s (custom)
2019-09-25 04:50:29,017 [pool-57-thread-1] INFO  server.RaftServerConfigKeys (ConfUtils.java:logGet(43)) - raft.server.rpc.timeout.max = 5200ms (custom)
2019-09-25 04:50:29,017 [pool-57-thread-1] INFO  server.RaftServerConfigKeys (ConfUtils.java:logGet(43)) - raft.server.rpcslowness.timeout = 120s (custom)
2019-09-25 04:50:29,017 [pool-57-thread-1] INFO  server.RaftServerConfigKeys (ConfUtils.java:logGet(43)) - raft.server.sleep.deviation.threshold = 300 (default)
2019-09-25 04:50:29,018 [pool-57-thread-1] INFO  server.RaftServerConfigKeys (ConfUtils.java:logGet(43)) - raft.server.log.appender.install.snapshot.enabled = false (custom)
2019-09-25 04:50:29,018 [pool-57-thread-1] INFO  impl.RaftServerImpl (ServerState.java:<init>(103)) - 4f7802c6-3418-4fbd-b0c6-a8e36fcecb0a@group-6F5C2E17C3B8: ConfigurationManager, init=-1: [4f7802c6-3418-4fbd-b0c6-a8e36fcecb0a:192.168.151.106:42026], old=null, confs=<EMPTY_MAP>
2019-09-25 04:50:29,018 [pool-57-thread-1] INFO  server.RaftServerConfigKeys (ConfUtils.java:logGet(43)) - raft.server.storage.dir = [/workdir/hadoop-ozone/integration-test/target/test-dir/MiniOzoneClusterImpl-72f6cbb0-c919-4300-9939-20ef1cbf0e73/datanode-3/data/ratis] (custom)
2019-09-25 04:50:29,018 [pool-57-thread-1] INFO  storage.RaftStorageDirectory (RaftStorageDirectory.java:analyzeStorage(246)) - The storage directory /workdir/hadoop-ozone/integration-test/target/test-dir/MiniOzoneClusterImpl-72f6cbb0-c919-4300-9939-20ef1cbf0e73/datanode-3/data/ratis/98e0ff9a-1e1a-4684-a31e-6f5c2e17c3b8 does not exist. Creating ...
2019-09-25 04:50:29,045 [pool-57-thread-1] INFO  storage.RaftStorageDirectory (RaftStorageDirectory.java:tryLock(328)) - Lock on /workdir/hadoop-ozone/integration-test/target/test-dir/MiniOzoneClusterImpl-72f6cbb0-c919-4300-9939-20ef1cbf0e73/datanode-3/data/ratis/98e0ff9a-1e1a-4684-a31e-6f5c2e17c3b8/in_use.lock acquired by nodename 13648@pr-hdds-1569-x2sr2-3486766547
2019-09-25 04:50:29,067 [pool-57-thread-1] INFO  storage.RaftStorage (RaftStorage.java:format(72)) - Storage directory /workdir/hadoop-ozone/integration-test/target/test-dir/MiniOzoneClusterImpl-72f6cbb0-c919-4300-9939-20ef1cbf0e73/datanode-3/data/ratis/98e0ff9a-1e1a-4684-a31e-6f5c2e17c3b8 has been successfully formatted.
2019-09-25 04:50:29,067 [pool-57-thread-1] INFO  ratis.ContainerStateMachine (ContainerStateMachine.java:loadSnapshot(230)) - group-6F5C2E17C3B8: The snapshot info is null. Setting the last applied indexto:(t:0, i:~)
2019-09-25 04:50:29,067 [pool-57-thread-1] INFO  server.RaftServerConfigKeys (ConfUtils.java:logGet(43)) - raft.server.notification.no-leader.timeout = 120s (custom)
2019-09-25 04:50:29,067 [pool-57-thread-1] INFO  server.RaftServerConfigKeys (ConfUtils.java:logGet(43)) - raft.server.log.use.memory = false (default)
2019-09-25 04:50:29,068 [pool-57-thread-1] INFO  server.RaftServerConfigKeys (ConfUtils.java:logGet(43)) - raft.server.log.purge.gap = 1000000 (custom)
2019-09-25 04:50:29,068 [pool-57-thread-1] INFO  server.RaftServerConfigKeys (ConfUtils.java:logGet(43)) - raft.server.log.appender.buffer.byte-limit = 33554432 (custom)
2019-09-25 04:50:29,068 [pool-57-thread-1] INFO  server.RaftServerConfigKeys (ConfUtils.java:logGet(43)) - raft.server.log.segment.size.max = 1048576 (custom)
2019-09-25 04:50:29,068 [pool-57-thread-1] INFO  server.RaftServerConfigKeys (ConfUtils.java:logGet(43)) - raft.server.log.segment.cache.num.max = 2 (custom)
2019-09-25 04:50:29,068 [pool-57-thread-1] INFO  segmented.SegmentedRaftLogWorker (SegmentedRaftLogWorker.java:<init>(172)) - new 4f7802c6-3418-4fbd-b0c6-a8e36fcecb0a@group-6F5C2E17C3B8-SegmentedRaftLogWorker for RaftStorage:Storage Directory /workdir/hadoop-ozone/integration-test/target/test-dir/MiniOzoneClusterImpl-72f6cbb0-c919-4300-9939-20ef1cbf0e73/datanode-3/data/ratis/98e0ff9a-1e1a-4684-a31e-6f5c2e17c3b8
2019-09-25 04:50:29,068 [pool-57-thread-1] INFO  server.RaftServerConfigKeys (ConfUtils.java:logGet(43)) - raft.server.log.queue.byte-limit = 2147483647 (custom)
2019-09-25 04:50:29,068 [pool-57-thread-1] INFO  server.RaftServerConfigKeys (ConfUtils.java:logGet(43)) - raft.server.log.queue.element-limit = 1024 (custom)
2019-09-25 04:50:29,069 [pool-57-thread-1] INFO  server.RaftServerConfigKeys (ConfUtils.java:logGet(43)) - raft.server.log.segment.size.max = 1048576 (custom)
2019-09-25 04:50:29,069 [pool-57-thread-1] INFO  server.RaftServerConfigKeys (ConfUtils.java:logGet(43)) - raft.server.log.preallocated.size = 16384 (custom)
2019-09-25 04:50:29,069 [pool-57-thread-1] INFO  server.RaftServerConfigKeys (ConfUtils.java:logGet(43)) - raft.server.log.write.buffer.size = 33554432 (custom)
2019-09-25 04:50:29,069 [pool-57-thread-1] INFO  server.RaftServerConfigKeys (ConfUtils.java:logGet(43)) - raft.server.log.force.sync.num = 128 (default)
2019-09-25 04:50:29,069 [pool-57-thread-1] INFO  server.RaftServerConfigKeys (ConfUtils.java:logGet(43)) - raft.server.log.statemachine.data.sync = true (default)
2019-09-25 04:50:29,069 [pool-57-thread-1] INFO  server.RaftServerConfigKeys (ConfUtils.java:logGet(43)) - raft.server.log.statemachine.data.sync.timeout = 10s (default)
2019-09-25 04:50:29,070 [pool-57-thread-1] INFO  server.RaftServerConfigKeys (ConfUtils.java:logGet(43)) - raft.server.log.statemachine.data.sync.timeout.retry = -1 (default)
2019-09-25 04:50:29,070 [pool-57-thread-1] INFO  server.RaftServerConfigKeys (ConfUtils.java:logGet(43)) - raft.server.log.statemachine.data.caching.enabled = true (custom)
2019-09-25 04:50:29,070 [pool-57-thread-1] INFO  segmented.SegmentedRaftLogWorker (SegmentedRaftLogWorker.java:lambda$new$0(132)) - 4f7802c6-3418-4fbd-b0c6-a8e36fcecb0a@group-6F5C2E17C3B8-SegmentedRaftLogWorker: flushIndex: setUnconditionally 0 -> -1
2019-09-25 04:50:29,070 [pool-57-thread-1] INFO  server.RaftServerConfigKeys (ConfUtils.java:logGet(43)) - raft.server.snapshot.auto.trigger.enabled = true (custom)
2019-09-25 04:50:29,071 [pool-57-thread-1] INFO  server.RaftServerConfigKeys (ConfUtils.java:logGet(43)) - raft.server.snapshot.auto.trigger.threshold = 10000 (custom)
2019-09-25 04:50:29,071 [pool-57-thread-1] INFO  server.RaftServerConfigKeys (ConfUtils.java:logGet(43)) - raft.server.snapshot.retention.num.files = 5 (custom)
2019-09-25 04:50:29,071 [pool-57-thread-1] INFO  server.RaftServerConfigKeys (ConfUtils.java:logGet(43)) - raft.server.retrycache.expirytime = 600000ms (custom)
2019-09-25 04:50:29,074 [pool-57-thread-1] INFO  impl.RaftServerImpl (RaftServerImpl.java:start(185)) - 4f7802c6-3418-4fbd-b0c6-a8e36fcecb0a@group-6F5C2E17C3B8: start as a follower, conf=-1: [4f7802c6-3418-4fbd-b0c6-a8e36fcecb0a:192.168.151.106:42026], old=null
2019-09-25 04:50:29,074 [pool-57-thread-1] INFO  impl.RaftServerImpl (RaftServerImpl.java:setRole(174)) - 4f7802c6-3418-4fbd-b0c6-a8e36fcecb0a@group-6F5C2E17C3B8: changes role from      null to FOLLOWER at term 0 for startAsFollower
2019-09-25 04:50:29,074 [pool-57-thread-1] INFO  impl.RoleInfo (RoleInfo.java:updateAndGet(143)) - 4f7802c6-3418-4fbd-b0c6-a8e36fcecb0a: start FollowerState
2019-09-25 04:50:29,075 [pool-57-thread-1] INFO  util.JmxRegister (JmxRegister.java:tryRegister(44)) - Successfully registered JMX Bean with object name Ratis:service=RaftServer,group=group-6F5C2E17C3B8,id=4f7802c6-3418-4fbd-b0c6-a8e36fcecb0a
2019-09-25 04:50:29,078 [RatisPipelineUtilsThread] INFO  pipeline.PipelineStateManager (PipelineStateManager.java:addPipeline(56)) - Created pipeline Pipeline[ Id: 98e0ff9a-1e1a-4684-a31e-6f5c2e17c3b8, Nodes: 4f7802c6-3418-4fbd-b0c6-a8e36fcecb0a{ip: 192.168.151.106, host: pr-hdds-1569-x2sr2-3486766547, networkLocation: /default-rack, certSerialId: null}, Type:RATIS, Factor:ONE, State:OPEN]
2019-09-25 04:50:29,085 [grpc-default-executor-0] INFO  impl.RaftServerProxy (RaftServerProxy.java:addNew(89)) - 45f1801e-7cfd-420a-bb39-98f19dcc81c3: addNew group-7A79FEA4A84C:[45f1801e-7cfd-420a-bb39-98f19dcc81c3:192.168.151.106:38437] returns group-7A79FEA4A84C:java.util.concurrent.CompletableFuture@6fc42f38[Not completed]
2019-09-25 04:50:29,087 [pool-87-thread-1] INFO  impl.RaftServerImpl (RaftServerImpl.java:<init>(95)) - 45f1801e-7cfd-420a-bb39-98f19dcc81c3: new RaftServerImpl for group-7A79FEA4A84C:[45f1801e-7cfd-420a-bb39-98f19dcc81c3:192.168.151.106:38437] with ContainerStateMachine:uninitialized
2019-09-25 04:50:29,088 [pool-87-thread-1] INFO  server.RaftServerConfigKeys (ConfUtils.java:logGet(43)) - raft.server.rpc.timeout.min = 5s (custom)
2019-09-25 04:50:29,088 [pool-87-thread-1] INFO  server.RaftServerConfigKeys (ConfUtils.java:logGet(43)) - raft.server.rpc.timeout.max = 5200ms (custom)
2019-09-25 04:50:29,088 [pool-87-thread-1] INFO  server.RaftServerConfigKeys (ConfUtils.java:logGet(43)) - raft.server.rpcslowness.timeout = 120s (custom)
2019-09-25 04:50:29,088 [pool-87-thread-1] INFO  server.RaftServerConfigKeys (ConfUtils.java:logGet(43)) - raft.server.sleep.deviation.threshold = 300 (default)
2019-09-25 04:50:29,088 [pool-87-thread-1] INFO  server.RaftServerConfigKeys (ConfUtils.java:logGet(43)) - raft.server.log.appender.install.snapshot.enabled = false (custom)
2019-09-25 04:50:29,088 [pool-87-thread-1] INFO  impl.RaftServerImpl (ServerState.java:<init>(103)) - 45f1801e-7cfd-420a-bb39-98f19dcc81c3@group-7A79FEA4A84C: ConfigurationManager, init=-1: [45f1801e-7cfd-420a-bb39-98f19dcc81c3:192.168.151.106:38437], old=null, confs=<EMPTY_MAP>
2019-09-25 04:50:29,089 [pool-87-thread-1] INFO  server.RaftServerConfigKeys (ConfUtils.java:logGet(43)) - raft.server.storage.dir = [/workdir/hadoop-ozone/integration-test/target/test-dir/MiniOzoneClusterImpl-72f6cbb0-c919-4300-9939-20ef1cbf0e73/datanode-6/data/ratis] (custom)
2019-09-25 04:50:29,089 [pool-87-thread-1] INFO  storage.RaftStorageDirectory (RaftStorageDirectory.java:analyzeStorage(246)) - The storage directory /workdir/hadoop-ozone/integration-test/target/test-dir/MiniOzoneClusterImpl-72f6cbb0-c919-4300-9939-20ef1cbf0e73/datanode-6/data/ratis/552be94d-c3c3-4dc7-9bf7-7a79fea4a84c does not exist. Creating ...
2019-09-25 04:50:29,104 [pool-87-thread-1] INFO  storage.RaftStorageDirectory (RaftStorageDirectory.java:tryLock(328)) - Lock on /workdir/hadoop-ozone/integration-test/target/test-dir/MiniOzoneClusterImpl-72f6cbb0-c919-4300-9939-20ef1cbf0e73/datanode-6/data/ratis/552be94d-c3c3-4dc7-9bf7-7a79fea4a84c/in_use.lock acquired by nodename 13648@pr-hdds-1569-x2sr2-3486766547
2019-09-25 04:50:29,114 [pool-87-thread-1] INFO  storage.RaftStorage (RaftStorage.java:format(72)) - Storage directory /workdir/hadoop-ozone/integration-test/target/test-dir/MiniOzoneClusterImpl-72f6cbb0-c919-4300-9939-20ef1cbf0e73/datanode-6/data/ratis/552be94d-c3c3-4dc7-9bf7-7a79fea4a84c has been successfully formatted.
2019-09-25 04:50:29,115 [pool-87-thread-1] INFO  ratis.ContainerStateMachine (ContainerStateMachine.java:loadSnapshot(230)) - group-7A79FEA4A84C: The snapshot info is null. Setting the last applied indexto:(t:0, i:~)
2019-09-25 04:50:29,115 [pool-87-thread-1] INFO  server.RaftServerConfigKeys (ConfUtils.java:logGet(43)) - raft.server.notification.no-leader.timeout = 120s (custom)
2019-09-25 04:50:29,115 [pool-87-thread-1] INFO  server.RaftServerConfigKeys (ConfUtils.java:logGet(43)) - raft.server.log.use.memory = false (default)
2019-09-25 04:50:29,115 [pool-87-thread-1] INFO  server.RaftServerConfigKeys (ConfUtils.java:logGet(43)) - raft.server.log.purge.gap = 1000000 (custom)
2019-09-25 04:50:29,115 [pool-87-thread-1] INFO  server.RaftServerConfigKeys (ConfUtils.java:logGet(43)) - raft.server.log.appender.buffer.byte-limit = 33554432 (custom)
2019-09-25 04:50:29,115 [pool-87-thread-1] INFO  server.RaftServerConfigKeys (ConfUtils.java:logGet(43)) - raft.server.log.segment.size.max = 1048576 (custom)
2019-09-25 04:50:29,116 [pool-87-thread-1] INFO  server.RaftServerConfigKeys (ConfUtils.java:logGet(43)) - raft.server.log.segment.cache.num.max = 2 (custom)
2019-09-25 04:50:29,116 [pool-87-thread-1] INFO  segmented.SegmentedRaftLogWorker (SegmentedRaftLogWorker.java:<init>(172)) - new 45f1801e-7cfd-420a-bb39-98f19dcc81c3@group-7A79FEA4A84C-SegmentedRaftLogWorker for RaftStorage:Storage Directory /workdir/hadoop-ozone/integration-test/target/test-dir/MiniOzoneClusterImpl-72f6cbb0-c919-4300-9939-20ef1cbf0e73/datanode-6/data/ratis/552be94d-c3c3-4dc7-9bf7-7a79fea4a84c
2019-09-25 04:50:29,116 [pool-87-thread-1] INFO  server.RaftServerConfigKeys (ConfUtils.java:logGet(43)) - raft.server.log.queue.byte-limit = 2147483647 (custom)
2019-09-25 04:50:29,116 [pool-87-thread-1] INFO  server.RaftServerConfigKeys (ConfUtils.java:logGet(43)) - raft.server.log.queue.element-limit = 1024 (custom)
2019-09-25 04:50:29,116 [pool-87-thread-1] INFO  server.RaftServerConfigKeys (ConfUtils.java:logGet(43)) - raft.server.log.segment.size.max = 1048576 (custom)
2019-09-25 04:50:29,116 [pool-87-thread-1] INFO  server.RaftServerConfigKeys (ConfUtils.java:logGet(43)) - raft.server.log.preallocated.size = 16384 (custom)
2019-09-25 04:50:29,117 [pool-87-thread-1] INFO  server.RaftServerConfigKeys (ConfUtils.java:logGet(43)) - raft.server.log.write.buffer.size = 33554432 (custom)
2019-09-25 04:50:29,117 [pool-87-thread-1] INFO  server.RaftServerConfigKeys (ConfUtils.java:logGet(43)) - raft.server.log.force.sync.num = 128 (default)
2019-09-25 04:50:29,117 [pool-87-thread-1] INFO  server.RaftServerConfigKeys (ConfUtils.java:logGet(43)) - raft.server.log.statemachine.data.sync = true (default)
2019-09-25 04:50:29,117 [pool-87-thread-1] INFO  server.RaftServerConfigKeys (ConfUtils.java:logGet(43)) - raft.server.log.statemachine.data.sync.timeout = 10s (default)
2019-09-25 04:50:29,117 [pool-87-thread-1] INFO  server.RaftServerConfigKeys (ConfUtils.java:logGet(43)) - raft.server.log.statemachine.data.sync.timeout.retry = -1 (default)
2019-09-25 04:50:29,118 [pool-87-thread-1] INFO  server.RaftServerConfigKeys (ConfUtils.java:logGet(43)) - raft.server.log.statemachine.data.caching.enabled = true (custom)
2019-09-25 04:50:29,118 [pool-87-thread-1] INFO  segmented.SegmentedRaftLogWorker (SegmentedRaftLogWorker.java:lambda$new$0(132)) - 45f1801e-7cfd-420a-bb39-98f19dcc81c3@group-7A79FEA4A84C-SegmentedRaftLogWorker: flushIndex: setUnconditionally 0 -> -1
2019-09-25 04:50:29,118 [pool-87-thread-1] INFO  server.RaftServerConfigKeys (ConfUtils.java:logGet(43)) - raft.server.snapshot.auto.trigger.enabled = true (custom)
2019-09-25 04:50:29,118 [pool-87-thread-1] INFO  server.RaftServerConfigKeys (ConfUtils.java:logGet(43)) - raft.server.snapshot.auto.trigger.threshold = 10000 (custom)
2019-09-25 04:50:29,119 [pool-87-thread-1] INFO  server.RaftServerConfigKeys (ConfUtils.java:logGet(43)) - raft.server.snapshot.retention.num.files = 5 (custom)
2019-09-25 04:50:29,119 [pool-87-thread-1] INFO  server.RaftServerConfigKeys (ConfUtils.java:logGet(43)) - raft.server.retrycache.expirytime = 600000ms (custom)
2019-09-25 04:50:29,122 [pool-87-thread-1] INFO  impl.RaftServerImpl (RaftServerImpl.java:start(185)) - 45f1801e-7cfd-420a-bb39-98f19dcc81c3@group-7A79FEA4A84C: start as a follower, conf=-1: [45f1801e-7cfd-420a-bb39-98f19dcc81c3:192.168.151.106:38437], old=null
2019-09-25 04:50:29,122 [pool-87-thread-1] INFO  impl.RaftServerImpl (RaftServerImpl.java:setRole(174)) - 45f1801e-7cfd-420a-bb39-98f19dcc81c3@group-7A79FEA4A84C: changes role from      null to FOLLOWER at term 0 for startAsFollower
2019-09-25 04:50:29,122 [pool-87-thread-1] INFO  impl.RoleInfo (RoleInfo.java:updateAndGet(143)) - 45f1801e-7cfd-420a-bb39-98f19dcc81c3: start FollowerState
2019-09-25 04:50:29,123 [pool-87-thread-1] INFO  util.JmxRegister (JmxRegister.java:tryRegister(44)) - Successfully registered JMX Bean with object name Ratis:service=RaftServer,group=group-7A79FEA4A84C,id=45f1801e-7cfd-420a-bb39-98f19dcc81c3
2019-09-25 04:50:29,126 [RatisPipelineUtilsThread] INFO  pipeline.PipelineStateManager (PipelineStateManager.java:addPipeline(56)) - Created pipeline Pipeline[ Id: 552be94d-c3c3-4dc7-9bf7-7a79fea4a84c, Nodes: 45f1801e-7cfd-420a-bb39-98f19dcc81c3{ip: 192.168.151.106, host: pr-hdds-1569-x2sr2-3486766547, networkLocation: /default-rack, certSerialId: null}, Type:RATIS, Factor:ONE, State:OPEN]
2019-09-25 04:50:29,133 [grpc-default-executor-0] INFO  impl.RaftServerProxy (RaftServerProxy.java:addNew(89)) - c35819d4-86f4-4223-a458-676070fe0cbb: addNew group-9DD2B72C9379:[c35819d4-86f4-4223-a458-676070fe0cbb:192.168.151.106:44434] returns group-9DD2B72C9379:java.util.concurrent.CompletableFuture@3aba8588[Not completed]
2019-09-25 04:50:29,135 [pool-27-thread-1] INFO  impl.RaftServerImpl (RaftServerImpl.java:<init>(95)) - c35819d4-86f4-4223-a458-676070fe0cbb: new RaftServerImpl for group-9DD2B72C9379:[c35819d4-86f4-4223-a458-676070fe0cbb:192.168.151.106:44434] with ContainerStateMachine:uninitialized
2019-09-25 04:50:29,135 [pool-27-thread-1] INFO  server.RaftServerConfigKeys (ConfUtils.java:logGet(43)) - raft.server.rpc.timeout.min = 5s (custom)
2019-09-25 04:50:29,135 [pool-27-thread-1] INFO  server.RaftServerConfigKeys (ConfUtils.java:logGet(43)) - raft.server.rpc.timeout.max = 5200ms (custom)
2019-09-25 04:50:29,135 [pool-27-thread-1] INFO  server.RaftServerConfigKeys (ConfUtils.java:logGet(43)) - raft.server.rpcslowness.timeout = 120s (custom)
2019-09-25 04:50:29,135 [pool-27-thread-1] INFO  server.RaftServerConfigKeys (ConfUtils.java:logGet(43)) - raft.server.sleep.deviation.threshold = 300 (default)
2019-09-25 04:50:29,136 [pool-27-thread-1] INFO  server.RaftServerConfigKeys (ConfUtils.java:logGet(43)) - raft.server.log.appender.install.snapshot.enabled = false (custom)
2019-09-25 04:50:29,136 [pool-27-thread-1] INFO  impl.RaftServerImpl (ServerState.java:<init>(103)) - c35819d4-86f4-4223-a458-676070fe0cbb@group-9DD2B72C9379: ConfigurationManager, init=-1: [c35819d4-86f4-4223-a458-676070fe0cbb:192.168.151.106:44434], old=null, confs=<EMPTY_MAP>
2019-09-25 04:50:29,136 [pool-27-thread-1] INFO  server.RaftServerConfigKeys (ConfUtils.java:logGet(43)) - raft.server.storage.dir = [/workdir/hadoop-ozone/integration-test/target/test-dir/MiniOzoneClusterImpl-72f6cbb0-c919-4300-9939-20ef1cbf0e73/datanode-0/data/ratis] (custom)
2019-09-25 04:50:29,137 [pool-27-thread-1] INFO  storage.RaftStorageDirectory (RaftStorageDirectory.java:analyzeStorage(246)) - The storage directory /workdir/hadoop-ozone/integration-test/target/test-dir/MiniOzoneClusterImpl-72f6cbb0-c919-4300-9939-20ef1cbf0e73/datanode-0/data/ratis/b1accc25-e411-4f32-aa36-9dd2b72c9379 does not exist. Creating ...
2019-09-25 04:50:29,159 [pool-27-thread-1] INFO  storage.RaftStorageDirectory (RaftStorageDirectory.java:tryLock(328)) - Lock on /workdir/hadoop-ozone/integration-test/target/test-dir/MiniOzoneClusterImpl-72f6cbb0-c919-4300-9939-20ef1cbf0e73/datanode-0/data/ratis/b1accc25-e411-4f32-aa36-9dd2b72c9379/in_use.lock acquired by nodename 13648@pr-hdds-1569-x2sr2-3486766547
2019-09-25 04:50:29,173 [pool-27-thread-1] INFO  storage.RaftStorage (RaftStorage.java:format(72)) - Storage directory /workdir/hadoop-ozone/integration-test/target/test-dir/MiniOzoneClusterImpl-72f6cbb0-c919-4300-9939-20ef1cbf0e73/datanode-0/data/ratis/b1accc25-e411-4f32-aa36-9dd2b72c9379 has been successfully formatted.
2019-09-25 04:50:29,173 [pool-27-thread-1] INFO  ratis.ContainerStateMachine (ContainerStateMachine.java:loadSnapshot(230)) - group-9DD2B72C9379: The snapshot info is null. Setting the last applied indexto:(t:0, i:~)
2019-09-25 04:50:29,173 [pool-27-thread-1] INFO  server.RaftServerConfigKeys (ConfUtils.java:logGet(43)) - raft.server.notification.no-leader.timeout = 120s (custom)
2019-09-25 04:50:29,173 [pool-27-thread-1] INFO  server.RaftServerConfigKeys (ConfUtils.java:logGet(43)) - raft.server.log.use.memory = false (default)
2019-09-25 04:50:29,173 [pool-27-thread-1] INFO  server.RaftServerConfigKeys (ConfUtils.java:logGet(43)) - raft.server.log.purge.gap = 1000000 (custom)
2019-09-25 04:50:29,174 [pool-27-thread-1] INFO  server.RaftServerConfigKeys (ConfUtils.java:logGet(43)) - raft.server.log.appender.buffer.byte-limit = 33554432 (custom)
2019-09-25 04:50:29,174 [pool-27-thread-1] INFO  server.RaftServerConfigKeys (ConfUtils.java:logGet(43)) - raft.server.log.segment.size.max = 1048576 (custom)
2019-09-25 04:50:29,174 [pool-27-thread-1] INFO  server.RaftServerConfigKeys (ConfUtils.java:logGet(43)) - raft.server.log.segment.cache.num.max = 2 (custom)
2019-09-25 04:50:29,174 [pool-27-thread-1] INFO  segmented.SegmentedRaftLogWorker (SegmentedRaftLogWorker.java:<init>(172)) - new c35819d4-86f4-4223-a458-676070fe0cbb@group-9DD2B72C9379-SegmentedRaftLogWorker for RaftStorage:Storage Directory /workdir/hadoop-ozone/integration-test/target/test-dir/MiniOzoneClusterImpl-72f6cbb0-c919-4300-9939-20ef1cbf0e73/datanode-0/data/ratis/b1accc25-e411-4f32-aa36-9dd2b72c9379
2019-09-25 04:50:29,174 [pool-27-thread-1] INFO  server.RaftServerConfigKeys (ConfUtils.java:logGet(43)) - raft.server.log.queue.byte-limit = 2147483647 (custom)
2019-09-25 04:50:29,174 [pool-27-thread-1] INFO  server.RaftServerConfigKeys (ConfUtils.java:logGet(43)) - raft.server.log.queue.element-limit = 1024 (custom)
2019-09-25 04:50:29,175 [pool-27-thread-1] INFO  server.RaftServerConfigKeys (ConfUtils.java:logGet(43)) - raft.server.log.segment.size.max = 1048576 (custom)
2019-09-25 04:50:29,175 [pool-27-thread-1] INFO  server.RaftServerConfigKeys (ConfUtils.java:logGet(43)) - raft.server.log.preallocated.size = 16384 (custom)
2019-09-25 04:50:29,175 [pool-27-thread-1] INFO  server.RaftServerConfigKeys (ConfUtils.java:logGet(43)) - raft.server.log.write.buffer.size = 33554432 (custom)
2019-09-25 04:50:29,175 [pool-27-thread-1] INFO  server.RaftServerConfigKeys (ConfUtils.java:logGet(43)) - raft.server.log.force.sync.num = 128 (default)
2019-09-25 04:50:29,175 [pool-27-thread-1] INFO  server.RaftServerConfigKeys (ConfUtils.java:logGet(43)) - raft.server.log.statemachine.data.sync = true (default)
2019-09-25 04:50:29,175 [pool-27-thread-1] INFO  server.RaftServerConfigKeys (ConfUtils.java:logGet(43)) - raft.server.log.statemachine.data.sync.timeout = 10s (default)
2019-09-25 04:50:29,176 [pool-27-thread-1] INFO  server.RaftServerConfigKeys (ConfUtils.java:logGet(43)) - raft.server.log.statemachine.data.sync.timeout.retry = -1 (default)
2019-09-25 04:50:29,176 [pool-27-thread-1] INFO  server.RaftServerConfigKeys (ConfUtils.java:logGet(43)) - raft.server.log.statemachine.data.caching.enabled = true (custom)
2019-09-25 04:50:29,176 [pool-27-thread-1] INFO  segmented.SegmentedRaftLogWorker (SegmentedRaftLogWorker.java:lambda$new$0(132)) - c35819d4-86f4-4223-a458-676070fe0cbb@group-9DD2B72C9379-SegmentedRaftLogWorker: flushIndex: setUnconditionally 0 -> -1
2019-09-25 04:50:29,176 [pool-27-thread-1] INFO  server.RaftServerConfigKeys (ConfUtils.java:logGet(43)) - raft.server.snapshot.auto.trigger.enabled = true (custom)
2019-09-25 04:50:29,177 [pool-27-thread-1] INFO  server.RaftServerConfigKeys (ConfUtils.java:logGet(43)) - raft.server.snapshot.auto.trigger.threshold = 10000 (custom)
2019-09-25 04:50:29,177 [pool-27-thread-1] INFO  server.RaftServerConfigKeys (ConfUtils.java:logGet(43)) - raft.server.snapshot.retention.num.files = 5 (custom)
2019-09-25 04:50:29,177 [pool-27-thread-1] INFO  server.RaftServerConfigKeys (ConfUtils.java:logGet(43)) - raft.server.retrycache.expirytime = 600000ms (custom)
2019-09-25 04:50:29,180 [pool-27-thread-1] INFO  impl.RaftServerImpl (RaftServerImpl.java:start(185)) - c35819d4-86f4-4223-a458-676070fe0cbb@group-9DD2B72C9379: start as a follower, conf=-1: [c35819d4-86f4-4223-a458-676070fe0cbb:192.168.151.106:44434], old=null
2019-09-25 04:50:29,181 [pool-27-thread-1] INFO  impl.RaftServerImpl (RaftServerImpl.java:setRole(174)) - c35819d4-86f4-4223-a458-676070fe0cbb@group-9DD2B72C9379: changes role from      null to FOLLOWER at term 0 for startAsFollower
2019-09-25 04:50:29,181 [pool-27-thread-1] INFO  impl.RoleInfo (RoleInfo.java:updateAndGet(143)) - c35819d4-86f4-4223-a458-676070fe0cbb: start FollowerState
2019-09-25 04:50:29,182 [pool-27-thread-1] INFO  util.JmxRegister (JmxRegister.java:tryRegister(44)) - Successfully registered JMX Bean with object name Ratis:service=RaftServer,group=group-9DD2B72C9379,id=c35819d4-86f4-4223-a458-676070fe0cbb
2019-09-25 04:50:29,185 [RatisPipelineUtilsThread] INFO  pipeline.PipelineStateManager (PipelineStateManager.java:addPipeline(56)) - Created pipeline Pipeline[ Id: b1accc25-e411-4f32-aa36-9dd2b72c9379, Nodes: c35819d4-86f4-4223-a458-676070fe0cbb{ip: 192.168.151.106, host: pr-hdds-1569-x2sr2-3486766547, networkLocation: /default-rack, certSerialId: null}, Type:RATIS, Factor:ONE, State:OPEN]
2019-09-25 04:50:29,191 [grpc-default-executor-0] INFO  impl.RaftServerProxy (RaftServerProxy.java:addNew(89)) - b40ef231-6505-402b-ae57-fc0dc67cbbe8: addNew group-B212424CA7CF:[b40ef231-6505-402b-ae57-fc0dc67cbbe8:192.168.151.106:41861] returns group-B212424CA7CF:java.util.concurrent.CompletableFuture@12eb00cc[Not completed]
2019-09-25 04:50:29,192 [pool-37-thread-1] INFO  impl.RaftServerImpl (RaftServerImpl.java:<init>(95)) - b40ef231-6505-402b-ae57-fc0dc67cbbe8: new RaftServerImpl for group-B212424CA7CF:[b40ef231-6505-402b-ae57-fc0dc67cbbe8:192.168.151.106:41861] with ContainerStateMachine:uninitialized
2019-09-25 04:50:29,192 [pool-37-thread-1] INFO  server.RaftServerConfigKeys (ConfUtils.java:logGet(43)) - raft.server.rpc.timeout.min = 5s (custom)
2019-09-25 04:50:29,192 [pool-37-thread-1] INFO  server.RaftServerConfigKeys (ConfUtils.java:logGet(43)) - raft.server.rpc.timeout.max = 5200ms (custom)
2019-09-25 04:50:29,192 [pool-37-thread-1] INFO  server.RaftServerConfigKeys (ConfUtils.java:logGet(43)) - raft.server.rpcslowness.timeout = 120s (custom)
2019-09-25 04:50:29,193 [pool-37-thread-1] INFO  server.RaftServerConfigKeys (ConfUtils.java:logGet(43)) - raft.server.sleep.deviation.threshold = 300 (default)
2019-09-25 04:50:29,193 [pool-37-thread-1] INFO  server.RaftServerConfigKeys (ConfUtils.java:logGet(43)) - raft.server.log.appender.install.snapshot.enabled = false (custom)
2019-09-25 04:50:29,193 [pool-37-thread-1] INFO  impl.RaftServerImpl (ServerState.java:<init>(103)) - b40ef231-6505-402b-ae57-fc0dc67cbbe8@group-B212424CA7CF: ConfigurationManager, init=-1: [b40ef231-6505-402b-ae57-fc0dc67cbbe8:192.168.151.106:41861], old=null, confs=<EMPTY_MAP>
2019-09-25 04:50:29,193 [pool-37-thread-1] INFO  server.RaftServerConfigKeys (ConfUtils.java:logGet(43)) - raft.server.storage.dir = [/workdir/hadoop-ozone/integration-test/target/test-dir/MiniOzoneClusterImpl-72f6cbb0-c919-4300-9939-20ef1cbf0e73/datanode-1/data/ratis] (custom)
2019-09-25 04:50:29,193 [pool-37-thread-1] INFO  storage.RaftStorageDirectory (RaftStorageDirectory.java:analyzeStorage(246)) - The storage directory /workdir/hadoop-ozone/integration-test/target/test-dir/MiniOzoneClusterImpl-72f6cbb0-c919-4300-9939-20ef1cbf0e73/datanode-1/data/ratis/e9028f7c-9479-415d-aa9d-b212424ca7cf does not exist. Creating ...
2019-09-25 04:50:29,211 [pool-37-thread-1] INFO  storage.RaftStorageDirectory (RaftStorageDirectory.java:tryLock(328)) - Lock on /workdir/hadoop-ozone/integration-test/target/test-dir/MiniOzoneClusterImpl-72f6cbb0-c919-4300-9939-20ef1cbf0e73/datanode-1/data/ratis/e9028f7c-9479-415d-aa9d-b212424ca7cf/in_use.lock acquired by nodename 13648@pr-hdds-1569-x2sr2-3486766547
2019-09-25 04:50:29,218 [Thread-240] INFO  impl.FollowerState (FollowerState.java:run(106)) - c35819d4-86f4-4223-a458-676070fe0cbb:group-F52563E5CB75 changes to CANDIDATE, lastRpcTime:5026, electionTimeout:5026ms
2019-09-25 04:50:29,223 [Thread-240] INFO  impl.RoleInfo (RoleInfo.java:shutdownFollowerState(121)) - c35819d4-86f4-4223-a458-676070fe0cbb: shutdown FollowerState
2019-09-25 04:50:29,224 [Thread-240] INFO  impl.RaftServerImpl (RaftServerImpl.java:setRole(174)) - c35819d4-86f4-4223-a458-676070fe0cbb@group-F52563E5CB75: changes role from  FOLLOWER to CANDIDATE at term 0 for changeToCandidate
2019-09-25 04:50:29,224 [pool-37-thread-1] INFO  storage.RaftStorage (RaftStorage.java:format(72)) - Storage directory /workdir/hadoop-ozone/integration-test/target/test-dir/MiniOzoneClusterImpl-72f6cbb0-c919-4300-9939-20ef1cbf0e73/datanode-1/data/ratis/e9028f7c-9479-415d-aa9d-b212424ca7cf has been successfully formatted.
2019-09-25 04:50:29,224 [pool-37-thread-1] INFO  ratis.ContainerStateMachine (ContainerStateMachine.java:loadSnapshot(230)) - group-B212424CA7CF: The snapshot info is null. Setting the last applied indexto:(t:0, i:~)
2019-09-25 04:50:29,224 [pool-37-thread-1] INFO  server.RaftServerConfigKeys (ConfUtils.java:logGet(43)) - raft.server.notification.no-leader.timeout = 120s (custom)
2019-09-25 04:50:29,224 [pool-37-thread-1] INFO  server.RaftServerConfigKeys (ConfUtils.java:logGet(43)) - raft.server.log.use.memory = false (default)
2019-09-25 04:50:29,225 [pool-37-thread-1] INFO  server.RaftServerConfigKeys (ConfUtils.java:logGet(43)) - raft.server.log.purge.gap = 1000000 (custom)
2019-09-25 04:50:29,225 [pool-37-thread-1] INFO  server.RaftServerConfigKeys (ConfUtils.java:logGet(43)) - raft.server.log.appender.buffer.byte-limit = 33554432 (custom)
2019-09-25 04:50:29,225 [pool-37-thread-1] INFO  server.RaftServerConfigKeys (ConfUtils.java:logGet(43)) - raft.server.log.segment.size.max = 1048576 (custom)
2019-09-25 04:50:29,225 [pool-37-thread-1] INFO  server.RaftServerConfigKeys (ConfUtils.java:logGet(43)) - raft.server.log.segment.cache.num.max = 2 (custom)
2019-09-25 04:50:29,225 [pool-37-thread-1] INFO  segmented.SegmentedRaftLogWorker (SegmentedRaftLogWorker.java:<init>(172)) - new b40ef231-6505-402b-ae57-fc0dc67cbbe8@group-B212424CA7CF-SegmentedRaftLogWorker for RaftStorage:Storage Directory /workdir/hadoop-ozone/integration-test/target/test-dir/MiniOzoneClusterImpl-72f6cbb0-c919-4300-9939-20ef1cbf0e73/datanode-1/data/ratis/e9028f7c-9479-415d-aa9d-b212424ca7cf
2019-09-25 04:50:29,225 [pool-37-thread-1] INFO  server.RaftServerConfigKeys (ConfUtils.java:logGet(43)) - raft.server.log.queue.byte-limit = 2147483647 (custom)
2019-09-25 04:50:29,225 [pool-37-thread-1] INFO  server.RaftServerConfigKeys (ConfUtils.java:logGet(43)) - raft.server.log.queue.element-limit = 1024 (custom)
2019-09-25 04:50:29,225 [pool-37-thread-1] INFO  server.RaftServerConfigKeys (ConfUtils.java:logGet(43)) - raft.server.log.segment.size.max = 1048576 (custom)
2019-09-25 04:50:29,226 [pool-37-thread-1] INFO  server.RaftServerConfigKeys (ConfUtils.java:logGet(43)) - raft.server.log.preallocated.size = 16384 (custom)
2019-09-25 04:50:29,226 [pool-37-thread-1] INFO  server.RaftServerConfigKeys (ConfUtils.java:logGet(43)) - raft.server.log.write.buffer.size = 33554432 (custom)
2019-09-25 04:50:29,226 [pool-37-thread-1] INFO  server.RaftServerConfigKeys (ConfUtils.java:logGet(43)) - raft.server.log.force.sync.num = 128 (default)
2019-09-25 04:50:29,226 [pool-37-thread-1] INFO  server.RaftServerConfigKeys (ConfUtils.java:logGet(43)) - raft.server.log.statemachine.data.sync = true (default)
2019-09-25 04:50:29,226 [pool-37-thread-1] INFO  server.RaftServerConfigKeys (ConfUtils.java:logGet(43)) - raft.server.log.statemachine.data.sync.timeout = 10s (default)
2019-09-25 04:50:29,226 [pool-37-thread-1] INFO  server.RaftServerConfigKeys (ConfUtils.java:logGet(43)) - raft.server.log.statemachine.data.sync.timeout.retry = -1 (default)
2019-09-25 04:50:29,226 [pool-37-thread-1] INFO  server.RaftServerConfigKeys (ConfUtils.java:logGet(43)) - raft.server.log.statemachine.data.caching.enabled = true (custom)
2019-09-25 04:50:29,227 [pool-37-thread-1] INFO  segmented.SegmentedRaftLogWorker (SegmentedRaftLogWorker.java:lambda$new$0(132)) - b40ef231-6505-402b-ae57-fc0dc67cbbe8@group-B212424CA7CF-SegmentedRaftLogWorker: flushIndex: setUnconditionally 0 -> -1
2019-09-25 04:50:29,227 [pool-37-thread-1] INFO  server.RaftServerConfigKeys (ConfUtils.java:logGet(43)) - raft.server.snapshot.auto.trigger.enabled = true (custom)
2019-09-25 04:50:29,227 [pool-37-thread-1] INFO  server.RaftServerConfigKeys (ConfUtils.java:logGet(43)) - raft.server.snapshot.auto.trigger.threshold = 10000 (custom)
2019-09-25 04:50:29,227 [pool-37-thread-1] INFO  server.RaftServerConfigKeys (ConfUtils.java:logGet(43)) - raft.server.snapshot.retention.num.files = 5 (custom)
2019-09-25 04:50:29,227 [pool-37-thread-1] INFO  server.RaftServerConfigKeys (ConfUtils.java:logGet(43)) - raft.server.retrycache.expirytime = 600000ms (custom)
2019-09-25 04:50:29,231 [Thread-240] INFO  impl.RoleInfo (RoleInfo.java:updateAndGet(143)) - c35819d4-86f4-4223-a458-676070fe0cbb: start LeaderElection
2019-09-25 04:50:29,240 [pool-37-thread-1] INFO  impl.RaftServerImpl (RaftServerImpl.java:start(185)) - b40ef231-6505-402b-ae57-fc0dc67cbbe8@group-B212424CA7CF: start as a follower, conf=-1: [b40ef231-6505-402b-ae57-fc0dc67cbbe8:192.168.151.106:41861], old=null
2019-09-25 04:50:29,240 [pool-37-thread-1] INFO  impl.RaftServerImpl (RaftServerImpl.java:setRole(174)) - b40ef231-6505-402b-ae57-fc0dc67cbbe8@group-B212424CA7CF: changes role from      null to FOLLOWER at term 0 for startAsFollower
2019-09-25 04:50:29,241 [pool-37-thread-1] INFO  impl.RoleInfo (RoleInfo.java:updateAndGet(143)) - b40ef231-6505-402b-ae57-fc0dc67cbbe8: start FollowerState
2019-09-25 04:50:29,241 [pool-37-thread-1] INFO  util.JmxRegister (JmxRegister.java:tryRegister(44)) - Successfully registered JMX Bean with object name Ratis:service=RaftServer,group=group-B212424CA7CF,id=b40ef231-6505-402b-ae57-fc0dc67cbbe8
2019-09-25 04:50:29,244 [RatisPipelineUtilsThread] INFO  pipeline.PipelineStateManager (PipelineStateManager.java:addPipeline(56)) - Created pipeline Pipeline[ Id: e9028f7c-9479-415d-aa9d-b212424ca7cf, Nodes: b40ef231-6505-402b-ae57-fc0dc67cbbe8{ip: 192.168.151.106, host: pr-hdds-1569-x2sr2-3486766547, networkLocation: /default-rack, certSerialId: null}, Type:RATIS, Factor:ONE, State:OPEN]
2019-09-25 04:50:29,250 [grpc-default-executor-0] INFO  impl.RaftServerProxy (RaftServerProxy.java:addNew(89)) - 45f1801e-7cfd-420a-bb39-98f19dcc81c3: addNew group-AC5507C018A8:[45f1801e-7cfd-420a-bb39-98f19dcc81c3:192.168.151.106:38437] returns group-AC5507C018A8:java.util.concurrent.CompletableFuture@7ff5a6bd[Not completed]
2019-09-25 04:50:29,252 [pool-87-thread-1] INFO  impl.RaftServerImpl (RaftServerImpl.java:<init>(95)) - 45f1801e-7cfd-420a-bb39-98f19dcc81c3: new RaftServerImpl for group-AC5507C018A8:[45f1801e-7cfd-420a-bb39-98f19dcc81c3:192.168.151.106:38437] with ContainerStateMachine:uninitialized
2019-09-25 04:50:29,253 [pool-87-thread-1] INFO  server.RaftServerConfigKeys (ConfUtils.java:logGet(43)) - raft.server.rpc.timeout.min = 5s (custom)
2019-09-25 04:50:29,253 [pool-87-thread-1] INFO  server.RaftServerConfigKeys (ConfUtils.java:logGet(43)) - raft.server.rpc.timeout.max = 5200ms (custom)
2019-09-25 04:50:29,253 [pool-87-thread-1] INFO  server.RaftServerConfigKeys (ConfUtils.java:logGet(43)) - raft.server.rpcslowness.timeout = 120s (custom)
2019-09-25 04:50:29,253 [pool-87-thread-1] INFO  server.RaftServerConfigKeys (ConfUtils.java:logGet(43)) - raft.server.sleep.deviation.threshold = 300 (default)
2019-09-25 04:50:29,253 [pool-87-thread-1] INFO  server.RaftServerConfigKeys (ConfUtils.java:logGet(43)) - raft.server.log.appender.install.snapshot.enabled = false (custom)
2019-09-25 04:50:29,253 [pool-87-thread-1] INFO  impl.RaftServerImpl (ServerState.java:<init>(103)) - 45f1801e-7cfd-420a-bb39-98f19dcc81c3@group-AC5507C018A8: ConfigurationManager, init=-1: [45f1801e-7cfd-420a-bb39-98f19dcc81c3:192.168.151.106:38437], old=null, confs=<EMPTY_MAP>
2019-09-25 04:50:29,253 [pool-87-thread-1] INFO  server.RaftServerConfigKeys (ConfUtils.java:logGet(43)) - raft.server.storage.dir = [/workdir/hadoop-ozone/integration-test/target/test-dir/MiniOzoneClusterImpl-72f6cbb0-c919-4300-9939-20ef1cbf0e73/datanode-6/data/ratis] (custom)
2019-09-25 04:50:29,254 [pool-87-thread-1] INFO  storage.RaftStorageDirectory (RaftStorageDirectory.java:analyzeStorage(246)) - The storage directory /workdir/hadoop-ozone/integration-test/target/test-dir/MiniOzoneClusterImpl-72f6cbb0-c919-4300-9939-20ef1cbf0e73/datanode-6/data/ratis/188f2f73-4381-4be7-8771-ac5507c018a8 does not exist. Creating ...
2019-09-25 04:50:29,259 [c35819d4-86f4-4223-a458-676070fe0cbb@group-F52563E5CB75:LeaderElection1] INFO  impl.LeaderElection (LeaderElection.java:askForVotes(182)) - c35819d4-86f4-4223-a458-676070fe0cbb@group-F52563E5CB75:LeaderElection1: begin an election at term 1 for -1: [c35819d4-86f4-4223-a458-676070fe0cbb:192.168.151.106:44434], old=null
2019-09-25 04:50:29,261 [c35819d4-86f4-4223-a458-676070fe0cbb@group-F52563E5CB75:LeaderElection1] INFO  impl.RoleInfo (RoleInfo.java:shutdownLeaderElection(134)) - c35819d4-86f4-4223-a458-676070fe0cbb: shutdown LeaderElection
2019-09-25 04:50:29,261 [pool-87-thread-1] INFO  storage.RaftStorageDirectory (RaftStorageDirectory.java:tryLock(328)) - Lock on /workdir/hadoop-ozone/integration-test/target/test-dir/MiniOzoneClusterImpl-72f6cbb0-c919-4300-9939-20ef1cbf0e73/datanode-6/data/ratis/188f2f73-4381-4be7-8771-ac5507c018a8/in_use.lock acquired by nodename 13648@pr-hdds-1569-x2sr2-3486766547
2019-09-25 04:50:29,262 [c35819d4-86f4-4223-a458-676070fe0cbb@group-F52563E5CB75:LeaderElection1] INFO  impl.RaftServerImpl (RaftServerImpl.java:setRole(174)) - c35819d4-86f4-4223-a458-676070fe0cbb@group-F52563E5CB75: changes role from CANDIDATE to LEADER at term 1 for changeToLeader
2019-09-25 04:50:29,262 [c35819d4-86f4-4223-a458-676070fe0cbb@group-F52563E5CB75:LeaderElection1] INFO  impl.RaftServerImpl (ServerState.java:setLeader(253)) - c35819d4-86f4-4223-a458-676070fe0cbb@group-F52563E5CB75: change Leader from null to c35819d4-86f4-4223-a458-676070fe0cbb at term 1 for becomeLeader, leader elected after 5181ms
2019-09-25 04:50:29,273 [c35819d4-86f4-4223-a458-676070fe0cbb@group-F52563E5CB75:LeaderElection1] INFO  server.RaftServerConfigKeys (ConfUtils.java:logGet(43)) - raft.server.staging.catchup.gap = 1000 (default)
2019-09-25 04:50:29,274 [c35819d4-86f4-4223-a458-676070fe0cbb@group-F52563E5CB75:LeaderElection1] INFO  server.RaftServerConfigKeys (ConfUtils.java:logGet(43)) - raft.server.rpc.sleep.time = 25ms (default)
2019-09-25 04:50:29,276 [pool-87-thread-1] INFO  storage.RaftStorage (RaftStorage.java:format(72)) - Storage directory /workdir/hadoop-ozone/integration-test/target/test-dir/MiniOzoneClusterImpl-72f6cbb0-c919-4300-9939-20ef1cbf0e73/datanode-6/data/ratis/188f2f73-4381-4be7-8771-ac5507c018a8 has been successfully formatted.
2019-09-25 04:50:29,276 [pool-87-thread-1] INFO  ratis.ContainerStateMachine (ContainerStateMachine.java:loadSnapshot(230)) - group-AC5507C018A8: The snapshot info is null. Setting the last applied indexto:(t:0, i:~)
2019-09-25 04:50:29,276 [pool-87-thread-1] INFO  server.RaftServerConfigKeys (ConfUtils.java:logGet(43)) - raft.server.notification.no-leader.timeout = 120s (custom)
2019-09-25 04:50:29,277 [pool-87-thread-1] INFO  server.RaftServerConfigKeys (ConfUtils.java:logGet(43)) - raft.server.log.use.memory = false (default)
2019-09-25 04:50:29,277 [pool-87-thread-1] INFO  server.RaftServerConfigKeys (ConfUtils.java:logGet(43)) - raft.server.log.purge.gap = 1000000 (custom)
2019-09-25 04:50:29,277 [pool-87-thread-1] INFO  server.RaftServerConfigKeys (ConfUtils.java:logGet(43)) - raft.server.log.appender.buffer.byte-limit = 33554432 (custom)
2019-09-25 04:50:29,277 [pool-87-thread-1] INFO  server.RaftServerConfigKeys (ConfUtils.java:logGet(43)) - raft.server.log.segment.size.max = 1048576 (custom)
2019-09-25 04:50:29,277 [c35819d4-86f4-4223-a458-676070fe0cbb@group-F52563E5CB75:LeaderElection1] INFO  server.RaftServerConfigKeys (ConfUtils.java:logGet(43)) - raft.server.write.element-limit = 4096 (default)
2019-09-25 04:50:29,277 [pool-87-thread-1] INFO  server.RaftServerConfigKeys (ConfUtils.java:logGet(43)) - raft.server.log.segment.cache.num.max = 2 (custom)
2019-09-25 04:50:29,278 [pool-87-thread-1] INFO  segmented.SegmentedRaftLogWorker (SegmentedRaftLogWorker.java:<init>(172)) - new 45f1801e-7cfd-420a-bb39-98f19dcc81c3@group-AC5507C018A8-SegmentedRaftLogWorker for RaftStorage:Storage Directory /workdir/hadoop-ozone/integration-test/target/test-dir/MiniOzoneClusterImpl-72f6cbb0-c919-4300-9939-20ef1cbf0e73/datanode-6/data/ratis/188f2f73-4381-4be7-8771-ac5507c018a8
2019-09-25 04:50:29,278 [pool-87-thread-1] INFO  server.RaftServerConfigKeys (ConfUtils.java:logGet(43)) - raft.server.log.queue.byte-limit = 2147483647 (custom)
2019-09-25 04:50:29,278 [pool-87-thread-1] INFO  server.RaftServerConfigKeys (ConfUtils.java:logGet(43)) - raft.server.log.queue.element-limit = 1024 (custom)
2019-09-25 04:50:29,278 [pool-87-thread-1] INFO  server.RaftServerConfigKeys (ConfUtils.java:logGet(43)) - raft.server.log.segment.size.max = 1048576 (custom)
2019-09-25 04:50:29,278 [pool-87-thread-1] INFO  server.RaftServerConfigKeys (ConfUtils.java:logGet(43)) - raft.server.log.preallocated.size = 16384 (custom)
2019-09-25 04:50:29,278 [pool-87-thread-1] INFO  server.RaftServerConfigKeys (ConfUtils.java:logGet(43)) - raft.server.log.write.buffer.size = 33554432 (custom)
2019-09-25 04:50:29,279 [pool-87-thread-1] INFO  server.RaftServerConfigKeys (ConfUtils.java:logGet(43)) - raft.server.log.force.sync.num = 128 (default)
2019-09-25 04:50:29,279 [pool-87-thread-1] INFO  server.RaftServerConfigKeys (ConfUtils.java:logGet(43)) - raft.server.log.statemachine.data.sync = true (default)
2019-09-25 04:50:29,279 [pool-87-thread-1] INFO  server.RaftServerConfigKeys (ConfUtils.java:logGet(43)) - raft.server.log.statemachine.data.sync.timeout = 10s (default)
2019-09-25 04:50:29,279 [pool-87-thread-1] INFO  server.RaftServerConfigKeys (ConfUtils.java:logGet(43)) - raft.server.log.statemachine.data.sync.timeout.retry = -1 (default)
2019-09-25 04:50:29,279 [pool-87-thread-1] INFO  server.RaftServerConfigKeys (ConfUtils.java:logGet(43)) - raft.server.log.statemachine.data.caching.enabled = true (custom)
2019-09-25 04:50:29,280 [pool-87-thread-1] INFO  segmented.SegmentedRaftLogWorker (SegmentedRaftLogWorker.java:lambda$new$0(132)) - 45f1801e-7cfd-420a-bb39-98f19dcc81c3@group-AC5507C018A8-SegmentedRaftLogWorker: flushIndex: setUnconditionally 0 -> -1
2019-09-25 04:50:29,280 [pool-87-thread-1] INFO  server.RaftServerConfigKeys (ConfUtils.java:logGet(43)) - raft.server.snapshot.auto.trigger.enabled = true (custom)
2019-09-25 04:50:29,280 [pool-87-thread-1] INFO  server.RaftServerConfigKeys (ConfUtils.java:logGet(43)) - raft.server.snapshot.auto.trigger.threshold = 10000 (custom)
2019-09-25 04:50:29,280 [pool-87-thread-1] INFO  server.RaftServerConfigKeys (ConfUtils.java:logGet(43)) - raft.server.snapshot.retention.num.files = 5 (custom)
2019-09-25 04:50:29,280 [pool-87-thread-1] INFO  server.RaftServerConfigKeys (ConfUtils.java:logGet(43)) - raft.server.retrycache.expirytime = 600000ms (custom)
2019-09-25 04:50:29,281 [c35819d4-86f4-4223-a458-676070fe0cbb@group-F52563E5CB75:LeaderElection1] INFO  server.RaftServerConfigKeys (ConfUtils.java:logGet(43)) - raft.server.watch.timeout = 10s (default)
2019-09-25 04:50:29,281 [c35819d4-86f4-4223-a458-676070fe0cbb@group-F52563E5CB75:LeaderElection1] INFO  server.RaftServerConfigKeys (ConfUtils.java:logGet(43)) - raft.server.watch.timeout.denomination = 1s (default)
2019-09-25 04:50:29,282 [c35819d4-86f4-4223-a458-676070fe0cbb@group-F52563E5CB75:LeaderElection1] INFO  server.RaftServerConfigKeys (ConfUtils.java:logGet(43)) - raft.server.watch.element-limit = 65536 (default)
2019-09-25 04:50:29,284 [pool-87-thread-1] INFO  impl.RaftServerImpl (RaftServerImpl.java:start(185)) - 45f1801e-7cfd-420a-bb39-98f19dcc81c3@group-AC5507C018A8: start as a follower, conf=-1: [45f1801e-7cfd-420a-bb39-98f19dcc81c3:192.168.151.106:38437], old=null
2019-09-25 04:50:29,284 [pool-87-thread-1] INFO  impl.RaftServerImpl (RaftServerImpl.java:setRole(174)) - 45f1801e-7cfd-420a-bb39-98f19dcc81c3@group-AC5507C018A8: changes role from      null to FOLLOWER at term 0 for startAsFollower
2019-09-25 04:50:29,284 [pool-87-thread-1] INFO  impl.RoleInfo (RoleInfo.java:updateAndGet(143)) - 45f1801e-7cfd-420a-bb39-98f19dcc81c3: start FollowerState
2019-09-25 04:50:29,285 [pool-87-thread-1] INFO  util.JmxRegister (JmxRegister.java:tryRegister(44)) - Successfully registered JMX Bean with object name Ratis:service=RaftServer,group=group-AC5507C018A8,id=45f1801e-7cfd-420a-bb39-98f19dcc81c3
2019-09-25 04:50:29,288 [RatisPipelineUtilsThread] INFO  pipeline.PipelineStateManager (PipelineStateManager.java:addPipeline(56)) - Created pipeline Pipeline[ Id: 188f2f73-4381-4be7-8771-ac5507c018a8, Nodes: 45f1801e-7cfd-420a-bb39-98f19dcc81c3{ip: 192.168.151.106, host: pr-hdds-1569-x2sr2-3486766547, networkLocation: /default-rack, certSerialId: null}, Type:RATIS, Factor:ONE, State:OPEN]
2019-09-25 04:50:29,295 [grpc-default-executor-0] INFO  impl.RaftServerProxy (RaftServerProxy.java:addNew(89)) - a167ab1f-c96d-409e-bb26-ea230783d833: addNew group-9295726EF944:[a167ab1f-c96d-409e-bb26-ea230783d833:192.168.151.106:33404] returns group-9295726EF944:java.util.concurrent.CompletableFuture@2b187559[Not completed]
2019-09-25 04:50:29,297 [c35819d4-86f4-4223-a458-676070fe0cbb@group-F52563E5CB75:LeaderElection1] INFO  impl.RoleInfo (RoleInfo.java:updateAndGet(143)) - c35819d4-86f4-4223-a458-676070fe0cbb: start LeaderState
2019-09-25 04:50:29,297 [pool-47-thread-1] INFO  impl.RaftServerImpl (RaftServerImpl.java:<init>(95)) - a167ab1f-c96d-409e-bb26-ea230783d833: new RaftServerImpl for group-9295726EF944:[a167ab1f-c96d-409e-bb26-ea230783d833:192.168.151.106:33404] with ContainerStateMachine:uninitialized
2019-09-25 04:50:29,297 [pool-47-thread-1] INFO  server.RaftServerConfigKeys (ConfUtils.java:logGet(43)) - raft.server.rpc.timeout.min = 5s (custom)
2019-09-25 04:50:29,298 [pool-47-thread-1] INFO  server.RaftServerConfigKeys (ConfUtils.java:logGet(43)) - raft.server.rpc.timeout.max = 5200ms (custom)
2019-09-25 04:50:29,298 [pool-47-thread-1] INFO  server.RaftServerConfigKeys (ConfUtils.java:logGet(43)) - raft.server.rpcslowness.timeout = 120s (custom)
2019-09-25 04:50:29,298 [pool-47-thread-1] INFO  server.RaftServerConfigKeys (ConfUtils.java:logGet(43)) - raft.server.sleep.deviation.threshold = 300 (default)
2019-09-25 04:50:29,298 [pool-47-thread-1] INFO  server.RaftServerConfigKeys (ConfUtils.java:logGet(43)) - raft.server.log.appender.install.snapshot.enabled = false (custom)
2019-09-25 04:50:29,298 [pool-47-thread-1] INFO  impl.RaftServerImpl (ServerState.java:<init>(103)) - a167ab1f-c96d-409e-bb26-ea230783d833@group-9295726EF944: ConfigurationManager, init=-1: [a167ab1f-c96d-409e-bb26-ea230783d833:192.168.151.106:33404], old=null, confs=<EMPTY_MAP>
2019-09-25 04:50:29,298 [pool-47-thread-1] INFO  server.RaftServerConfigKeys (ConfUtils.java:logGet(43)) - raft.server.storage.dir = [/workdir/hadoop-ozone/integration-test/target/test-dir/MiniOzoneClusterImpl-72f6cbb0-c919-4300-9939-20ef1cbf0e73/datanode-2/data/ratis] (custom)
2019-09-25 04:50:29,299 [pool-47-thread-1] INFO  storage.RaftStorageDirectory (RaftStorageDirectory.java:analyzeStorage(246)) - The storage directory /workdir/hadoop-ozone/integration-test/target/test-dir/MiniOzoneClusterImpl-72f6cbb0-c919-4300-9939-20ef1cbf0e73/datanode-2/data/ratis/91d25190-1794-49ca-9d34-9295726ef944 does not exist. Creating ...
2019-09-25 04:50:29,311 [pool-47-thread-1] INFO  storage.RaftStorageDirectory (RaftStorageDirectory.java:tryLock(328)) - Lock on /workdir/hadoop-ozone/integration-test/target/test-dir/MiniOzoneClusterImpl-72f6cbb0-c919-4300-9939-20ef1cbf0e73/datanode-2/data/ratis/91d25190-1794-49ca-9d34-9295726ef944/in_use.lock acquired by nodename 13648@pr-hdds-1569-x2sr2-3486766547
2019-09-25 04:50:29,326 [c35819d4-86f4-4223-a458-676070fe0cbb@group-F52563E5CB75:LeaderElection1] INFO  segmented.SegmentedRaftLogWorker (SegmentedRaftLogWorker.java:startLogSegment(380)) - c35819d4-86f4-4223-a458-676070fe0cbb@group-F52563E5CB75-SegmentedRaftLogWorker: Starting segment from index:0
2019-09-25 04:50:29,326 [pool-47-thread-1] INFO  storage.RaftStorage (RaftStorage.java:format(72)) - Storage directory /workdir/hadoop-ozone/integration-test/target/test-dir/MiniOzoneClusterImpl-72f6cbb0-c919-4300-9939-20ef1cbf0e73/datanode-2/data/ratis/91d25190-1794-49ca-9d34-9295726ef944 has been successfully formatted.
2019-09-25 04:50:29,326 [pool-47-thread-1] INFO  ratis.ContainerStateMachine (ContainerStateMachine.java:loadSnapshot(230)) - group-9295726EF944: The snapshot info is null. Setting the last applied indexto:(t:0, i:~)
2019-09-25 04:50:29,327 [pool-47-thread-1] INFO  server.RaftServerConfigKeys (ConfUtils.java:logGet(43)) - raft.server.notification.no-leader.timeout = 120s (custom)
2019-09-25 04:50:29,327 [pool-47-thread-1] INFO  server.RaftServerConfigKeys (ConfUtils.java:logGet(43)) - raft.server.log.use.memory = false (default)
2019-09-25 04:50:29,327 [pool-47-thread-1] INFO  server.RaftServerConfigKeys (ConfUtils.java:logGet(43)) - raft.server.log.purge.gap = 1000000 (custom)
2019-09-25 04:50:29,327 [pool-47-thread-1] INFO  server.RaftServerConfigKeys (ConfUtils.java:logGet(43)) - raft.server.log.appender.buffer.byte-limit = 33554432 (custom)
2019-09-25 04:50:29,327 [pool-47-thread-1] INFO  server.RaftServerConfigKeys (ConfUtils.java:logGet(43)) - raft.server.log.segment.size.max = 1048576 (custom)
2019-09-25 04:50:29,328 [pool-47-thread-1] INFO  server.RaftServerConfigKeys (ConfUtils.java:logGet(43)) - raft.server.log.segment.cache.num.max = 2 (custom)
2019-09-25 04:50:29,328 [pool-47-thread-1] INFO  segmented.SegmentedRaftLogWorker (SegmentedRaftLogWorker.java:<init>(172)) - new a167ab1f-c96d-409e-bb26-ea230783d833@group-9295726EF944-SegmentedRaftLogWorker for RaftStorage:Storage Directory /workdir/hadoop-ozone/integration-test/target/test-dir/MiniOzoneClusterImpl-72f6cbb0-c919-4300-9939-20ef1cbf0e73/datanode-2/data/ratis/91d25190-1794-49ca-9d34-9295726ef944
2019-09-25 04:50:29,328 [pool-47-thread-1] INFO  server.RaftServerConfigKeys (ConfUtils.java:logGet(43)) - raft.server.log.queue.byte-limit = 2147483647 (custom)
2019-09-25 04:50:29,328 [pool-47-thread-1] INFO  server.RaftServerConfigKeys (ConfUtils.java:logGet(43)) - raft.server.log.queue.element-limit = 1024 (custom)
2019-09-25 04:50:29,328 [pool-47-thread-1] INFO  server.RaftServerConfigKeys (ConfUtils.java:logGet(43)) - raft.server.log.segment.size.max = 1048576 (custom)
2019-09-25 04:50:29,328 [pool-47-thread-1] INFO  server.RaftServerConfigKeys (ConfUtils.java:logGet(43)) - raft.server.log.preallocated.size = 16384 (custom)
2019-09-25 04:50:29,328 [pool-47-thread-1] INFO  server.RaftServerConfigKeys (ConfUtils.java:logGet(43)) - raft.server.log.write.buffer.size = 33554432 (custom)
2019-09-25 04:50:29,329 [pool-47-thread-1] INFO  server.RaftServerConfigKeys (ConfUtils.java:logGet(43)) - raft.server.log.force.sync.num = 128 (default)
2019-09-25 04:50:29,329 [pool-47-thread-1] INFO  server.RaftServerConfigKeys (ConfUtils.java:logGet(43)) - raft.server.log.statemachine.data.sync = true (default)
2019-09-25 04:50:29,329 [pool-47-thread-1] INFO  server.RaftServerConfigKeys (ConfUtils.java:logGet(43)) - raft.server.log.statemachine.data.sync.timeout = 10s (default)
2019-09-25 04:50:29,329 [pool-47-thread-1] INFO  server.RaftServerConfigKeys (ConfUtils.java:logGet(43)) - raft.server.log.statemachine.data.sync.timeout.retry = -1 (default)
2019-09-25 04:50:29,329 [pool-47-thread-1] INFO  server.RaftServerConfigKeys (ConfUtils.java:logGet(43)) - raft.server.log.statemachine.data.caching.enabled = true (custom)
2019-09-25 04:50:29,330 [pool-47-thread-1] INFO  segmented.SegmentedRaftLogWorker (SegmentedRaftLogWorker.java:lambda$new$0(132)) - a167ab1f-c96d-409e-bb26-ea230783d833@group-9295726EF944-SegmentedRaftLogWorker: flushIndex: setUnconditionally 0 -> -1
2019-09-25 04:50:29,330 [pool-47-thread-1] INFO  server.RaftServerConfigKeys (ConfUtils.java:logGet(43)) - raft.server.snapshot.auto.trigger.enabled = true (custom)
2019-09-25 04:50:29,330 [pool-47-thread-1] INFO  server.RaftServerConfigKeys (ConfUtils.java:logGet(43)) - raft.server.snapshot.auto.trigger.threshold = 10000 (custom)
2019-09-25 04:50:29,330 [pool-47-thread-1] INFO  server.RaftServerConfigKeys (ConfUtils.java:logGet(43)) - raft.server.snapshot.retention.num.files = 5 (custom)
2019-09-25 04:50:29,330 [pool-47-thread-1] INFO  server.RaftServerConfigKeys (ConfUtils.java:logGet(43)) - raft.server.retrycache.expirytime = 600000ms (custom)
2019-09-25 04:50:29,334 [pool-47-thread-1] INFO  impl.RaftServerImpl (RaftServerImpl.java:start(185)) - a167ab1f-c96d-409e-bb26-ea230783d833@group-9295726EF944: start as a follower, conf=-1: [a167ab1f-c96d-409e-bb26-ea230783d833:192.168.151.106:33404], old=null
2019-09-25 04:50:29,334 [pool-47-thread-1] INFO  impl.RaftServerImpl (RaftServerImpl.java:setRole(174)) - a167ab1f-c96d-409e-bb26-ea230783d833@group-9295726EF944: changes role from      null to FOLLOWER at term 0 for startAsFollower
2019-09-25 04:50:29,334 [pool-47-thread-1] INFO  impl.RoleInfo (RoleInfo.java:updateAndGet(143)) - a167ab1f-c96d-409e-bb26-ea230783d833: start FollowerState
2019-09-25 04:50:29,334 [pool-47-thread-1] INFO  util.JmxRegister (JmxRegister.java:tryRegister(44)) - Successfully registered JMX Bean with object name Ratis:service=RaftServer,group=group-9295726EF944,id=a167ab1f-c96d-409e-bb26-ea230783d833
2019-09-25 04:50:29,337 [c35819d4-86f4-4223-a458-676070fe0cbb@group-F52563E5CB75:LeaderElection1] INFO  impl.RaftServerImpl (ServerState.java:setRaftConf(354)) - c35819d4-86f4-4223-a458-676070fe0cbb@group-F52563E5CB75: set configuration 0: [c35819d4-86f4-4223-a458-676070fe0cbb:192.168.151.106:44434], old=null at 0
2019-09-25 04:50:29,341 [RatisPipelineUtilsThread] INFO  pipeline.PipelineStateManager (PipelineStateManager.java:addPipeline(56)) - Created pipeline Pipeline[ Id: 91d25190-1794-49ca-9d34-9295726ef944, Nodes: a167ab1f-c96d-409e-bb26-ea230783d833{ip: 192.168.151.106, host: pr-hdds-1569-x2sr2-3486766547, networkLocation: /default-rack, certSerialId: null}, Type:RATIS, Factor:ONE, State:OPEN]
2019-09-25 04:50:29,348 [grpc-default-executor-0] INFO  impl.RaftServerProxy (RaftServerProxy.java:addNew(89)) - c35819d4-86f4-4223-a458-676070fe0cbb: addNew group-5A281C16F5FF:[c35819d4-86f4-4223-a458-676070fe0cbb:192.168.151.106:44434] returns group-5A281C16F5FF:java.util.concurrent.CompletableFuture@747b8cd[Not completed]
2019-09-25 04:50:29,350 [pool-27-thread-1] INFO  impl.RaftServerImpl (RaftServerImpl.java:<init>(95)) - c35819d4-86f4-4223-a458-676070fe0cbb: new RaftServerImpl for group-5A281C16F5FF:[c35819d4-86f4-4223-a458-676070fe0cbb:192.168.151.106:44434] with ContainerStateMachine:uninitialized
2019-09-25 04:50:29,350 [pool-27-thread-1] INFO  server.RaftServerConfigKeys (ConfUtils.java:logGet(43)) - raft.server.rpc.timeout.min = 5s (custom)
2019-09-25 04:50:29,350 [pool-27-thread-1] INFO  server.RaftServerConfigKeys (ConfUtils.java:logGet(43)) - raft.server.rpc.timeout.max = 5200ms (custom)
2019-09-25 04:50:29,350 [pool-27-thread-1] INFO  server.RaftServerConfigKeys (ConfUtils.java:logGet(43)) - raft.server.rpcslowness.timeout = 120s (custom)
2019-09-25 04:50:29,350 [pool-27-thread-1] INFO  server.RaftServerConfigKeys (ConfUtils.java:logGet(43)) - raft.server.sleep.deviation.threshold = 300 (default)
2019-09-25 04:50:29,350 [pool-27-thread-1] INFO  server.RaftServerConfigKeys (ConfUtils.java:logGet(43)) - raft.server.log.appender.install.snapshot.enabled = false (custom)
2019-09-25 04:50:29,351 [pool-27-thread-1] INFO  impl.RaftServerImpl (ServerState.java:<init>(103)) - c35819d4-86f4-4223-a458-676070fe0cbb@group-5A281C16F5FF: ConfigurationManager, init=-1: [c35819d4-86f4-4223-a458-676070fe0cbb:192.168.151.106:44434], old=null, confs=<EMPTY_MAP>
2019-09-25 04:50:29,351 [pool-27-thread-1] INFO  server.RaftServerConfigKeys (ConfUtils.java:logGet(43)) - raft.server.storage.dir = [/workdir/hadoop-ozone/integration-test/target/test-dir/MiniOzoneClusterImpl-72f6cbb0-c919-4300-9939-20ef1cbf0e73/datanode-0/data/ratis] (custom)
2019-09-25 04:50:29,351 [pool-27-thread-1] INFO  storage.RaftStorageDirectory (RaftStorageDirectory.java:analyzeStorage(246)) - The storage directory /workdir/hadoop-ozone/integration-test/target/test-dir/MiniOzoneClusterImpl-72f6cbb0-c919-4300-9939-20ef1cbf0e73/datanode-0/data/ratis/f38911fb-c7d4-422d-95c0-5a281c16f5ff does not exist. Creating ...
2019-09-25 04:50:29,373 [pool-27-thread-1] INFO  storage.RaftStorageDirectory (RaftStorageDirectory.java:tryLock(328)) - Lock on /workdir/hadoop-ozone/integration-test/target/test-dir/MiniOzoneClusterImpl-72f6cbb0-c919-4300-9939-20ef1cbf0e73/datanode-0/data/ratis/f38911fb-c7d4-422d-95c0-5a281c16f5ff/in_use.lock acquired by nodename 13648@pr-hdds-1569-x2sr2-3486766547
2019-09-25 04:50:29,387 [pool-27-thread-1] INFO  storage.RaftStorage (RaftStorage.java:format(72)) - Storage directory /workdir/hadoop-ozone/integration-test/target/test-dir/MiniOzoneClusterImpl-72f6cbb0-c919-4300-9939-20ef1cbf0e73/datanode-0/data/ratis/f38911fb-c7d4-422d-95c0-5a281c16f5ff has been successfully formatted.
2019-09-25 04:50:29,387 [pool-27-thread-1] INFO  ratis.ContainerStateMachine (ContainerStateMachine.java:loadSnapshot(230)) - group-5A281C16F5FF: The snapshot info is null. Setting the last applied indexto:(t:0, i:~)
2019-09-25 04:50:29,387 [pool-27-thread-1] INFO  server.RaftServerConfigKeys (ConfUtils.java:logGet(43)) - raft.server.notification.no-leader.timeout = 120s (custom)
2019-09-25 04:50:29,387 [pool-27-thread-1] INFO  server.RaftServerConfigKeys (ConfUtils.java:logGet(43)) - raft.server.log.use.memory = false (default)
2019-09-25 04:50:29,388 [pool-27-thread-1] INFO  server.RaftServerConfigKeys (ConfUtils.java:logGet(43)) - raft.server.log.purge.gap = 1000000 (custom)
2019-09-25 04:50:29,388 [pool-27-thread-1] INFO  server.RaftServerConfigKeys (ConfUtils.java:logGet(43)) - raft.server.log.appender.buffer.byte-limit = 33554432 (custom)
2019-09-25 04:50:29,388 [pool-27-thread-1] INFO  server.RaftServerConfigKeys (ConfUtils.java:logGet(43)) - raft.server.log.segment.size.max = 1048576 (custom)
2019-09-25 04:50:29,388 [pool-27-thread-1] INFO  server.RaftServerConfigKeys (ConfUtils.java:logGet(43)) - raft.server.log.segment.cache.num.max = 2 (custom)
2019-09-25 04:50:29,388 [pool-27-thread-1] INFO  segmented.SegmentedRaftLogWorker (SegmentedRaftLogWorker.java:<init>(172)) - new c35819d4-86f4-4223-a458-676070fe0cbb@group-5A281C16F5FF-SegmentedRaftLogWorker for RaftStorage:Storage Directory /workdir/hadoop-ozone/integration-test/target/test-dir/MiniOzoneClusterImpl-72f6cbb0-c919-4300-9939-20ef1cbf0e73/datanode-0/data/ratis/f38911fb-c7d4-422d-95c0-5a281c16f5ff
2019-09-25 04:50:29,388 [pool-27-thread-1] INFO  server.RaftServerConfigKeys (ConfUtils.java:logGet(43)) - raft.server.log.queue.byte-limit = 2147483647 (custom)
2019-09-25 04:50:29,388 [pool-27-thread-1] INFO  server.RaftServerConfigKeys (ConfUtils.java:logGet(43)) - raft.server.log.queue.element-limit = 1024 (custom)
2019-09-25 04:50:29,389 [pool-27-thread-1] INFO  server.RaftServerConfigKeys (ConfUtils.java:logGet(43)) - raft.server.log.segment.size.max = 1048576 (custom)
2019-09-25 04:50:29,389 [pool-27-thread-1] INFO  server.RaftServerConfigKeys (ConfUtils.java:logGet(43)) - raft.server.log.preallocated.size = 16384 (custom)
2019-09-25 04:50:29,389 [pool-27-thread-1] INFO  server.RaftServerConfigKeys (ConfUtils.java:logGet(43)) - raft.server.log.write.buffer.size = 33554432 (custom)
2019-09-25 04:50:29,389 [pool-27-thread-1] INFO  server.RaftServerConfigKeys (ConfUtils.java:logGet(43)) - raft.server.log.force.sync.num = 128 (default)
2019-09-25 04:50:29,389 [pool-27-thread-1] INFO  server.RaftServerConfigKeys (ConfUtils.java:logGet(43)) - raft.server.log.statemachine.data.sync = true (default)
2019-09-25 04:50:29,389 [pool-27-thread-1] INFO  server.RaftServerConfigKeys (ConfUtils.java:logGet(43)) - raft.server.log.statemachine.data.sync.timeout = 10s (default)
2019-09-25 04:50:29,389 [pool-27-thread-1] INFO  server.RaftServerConfigKeys (ConfUtils.java:logGet(43)) - raft.server.log.statemachine.data.sync.timeout.retry = -1 (default)
2019-09-25 04:50:29,389 [pool-27-thread-1] INFO  server.RaftServerConfigKeys (ConfUtils.java:logGet(43)) - raft.server.log.statemachine.data.caching.enabled = true (custom)
2019-09-25 04:50:29,390 [pool-27-thread-1] INFO  segmented.SegmentedRaftLogWorker (SegmentedRaftLogWorker.java:lambda$new$0(132)) - c35819d4-86f4-4223-a458-676070fe0cbb@group-5A281C16F5FF-SegmentedRaftLogWorker: flushIndex: setUnconditionally 0 -> -1
2019-09-25 04:50:29,390 [pool-27-thread-1] INFO  server.RaftServerConfigKeys (ConfUtils.java:logGet(43)) - raft.server.snapshot.auto.trigger.enabled = true (custom)
2019-09-25 04:50:29,390 [pool-27-thread-1] INFO  server.RaftServerConfigKeys (ConfUtils.java:logGet(43)) - raft.server.snapshot.auto.trigger.threshold = 10000 (custom)
2019-09-25 04:50:29,390 [pool-27-thread-1] INFO  server.RaftServerConfigKeys (ConfUtils.java:logGet(43)) - raft.server.snapshot.retention.num.files = 5 (custom)
2019-09-25 04:50:29,391 [pool-27-thread-1] INFO  server.RaftServerConfigKeys (ConfUtils.java:logGet(43)) - raft.server.retrycache.expirytime = 600000ms (custom)
2019-09-25 04:50:29,394 [pool-27-thread-1] INFO  impl.RaftServerImpl (RaftServerImpl.java:start(185)) - c35819d4-86f4-4223-a458-676070fe0cbb@group-5A281C16F5FF: start as a follower, conf=-1: [c35819d4-86f4-4223-a458-676070fe0cbb:192.168.151.106:44434], old=null
2019-09-25 04:50:29,394 [pool-27-thread-1] INFO  impl.RaftServerImpl (RaftServerImpl.java:setRole(174)) - c35819d4-86f4-4223-a458-676070fe0cbb@group-5A281C16F5FF: changes role from      null to FOLLOWER at term 0 for startAsFollower
2019-09-25 04:50:29,394 [pool-27-thread-1] INFO  impl.RoleInfo (RoleInfo.java:updateAndGet(143)) - c35819d4-86f4-4223-a458-676070fe0cbb: start FollowerState
2019-09-25 04:50:29,394 [pool-27-thread-1] INFO  util.JmxRegister (JmxRegister.java:tryRegister(44)) - Successfully registered JMX Bean with object name Ratis:service=RaftServer,group=group-5A281C16F5FF,id=c35819d4-86f4-4223-a458-676070fe0cbb
2019-09-25 04:50:29,398 [RatisPipelineUtilsThread] INFO  pipeline.PipelineStateManager (PipelineStateManager.java:addPipeline(56)) - Created pipeline Pipeline[ Id: f38911fb-c7d4-422d-95c0-5a281c16f5ff, Nodes: c35819d4-86f4-4223-a458-676070fe0cbb{ip: 192.168.151.106, host: pr-hdds-1569-x2sr2-3486766547, networkLocation: /default-rack, certSerialId: null}, Type:RATIS, Factor:ONE, State:OPEN]
2019-09-25 04:50:29,404 [grpc-default-executor-0] INFO  impl.RaftServerProxy (RaftServerProxy.java:addNew(89)) - aabdae46-dcfa-45e6-b665-2c47bb305ebb: addNew group-96726BA217A5:[aabdae46-dcfa-45e6-b665-2c47bb305ebb:192.168.151.106:41436] returns group-96726BA217A5:java.util.concurrent.CompletableFuture@719a595f[Not completed]
2019-09-25 04:50:29,405 [pool-67-thread-1] INFO  impl.RaftServerImpl (RaftServerImpl.java:<init>(95)) - aabdae46-dcfa-45e6-b665-2c47bb305ebb: new RaftServerImpl for group-96726BA217A5:[aabdae46-dcfa-45e6-b665-2c47bb305ebb:192.168.151.106:41436] with ContainerStateMachine:uninitialized
2019-09-25 04:50:29,405 [pool-67-thread-1] INFO  server.RaftServerConfigKeys (ConfUtils.java:logGet(43)) - raft.server.rpc.timeout.min = 5s (custom)
2019-09-25 04:50:29,405 [pool-67-thread-1] INFO  server.RaftServerConfigKeys (ConfUtils.java:logGet(43)) - raft.server.rpc.timeout.max = 5200ms (custom)
2019-09-25 04:50:29,406 [pool-67-thread-1] INFO  server.RaftServerConfigKeys (ConfUtils.java:logGet(43)) - raft.server.rpcslowness.timeout = 120s (custom)
2019-09-25 04:50:29,406 [pool-67-thread-1] INFO  server.RaftServerConfigKeys (ConfUtils.java:logGet(43)) - raft.server.sleep.deviation.threshold = 300 (default)
2019-09-25 04:50:29,406 [pool-67-thread-1] INFO  server.RaftServerConfigKeys (ConfUtils.java:logGet(43)) - raft.server.log.appender.install.snapshot.enabled = false (custom)
2019-09-25 04:50:29,406 [pool-67-thread-1] INFO  impl.RaftServerImpl (ServerState.java:<init>(103)) - aabdae46-dcfa-45e6-b665-2c47bb305ebb@group-96726BA217A5: ConfigurationManager, init=-1: [aabdae46-dcfa-45e6-b665-2c47bb305ebb:192.168.151.106:41436], old=null, confs=<EMPTY_MAP>
2019-09-25 04:50:29,406 [pool-67-thread-1] INFO  server.RaftServerConfigKeys (ConfUtils.java:logGet(43)) - raft.server.storage.dir = [/workdir/hadoop-ozone/integration-test/target/test-dir/MiniOzoneClusterImpl-72f6cbb0-c919-4300-9939-20ef1cbf0e73/datanode-4/data/ratis] (custom)
2019-09-25 04:50:29,406 [pool-67-thread-1] INFO  storage.RaftStorageDirectory (RaftStorageDirectory.java:analyzeStorage(246)) - The storage directory /workdir/hadoop-ozone/integration-test/target/test-dir/MiniOzoneClusterImpl-72f6cbb0-c919-4300-9939-20ef1cbf0e73/datanode-4/data/ratis/92161796-ba7a-42d4-95e6-96726ba217a5 does not exist. Creating ...
2019-09-25 04:50:29,419 [pool-67-thread-1] INFO  storage.RaftStorageDirectory (RaftStorageDirectory.java:tryLock(328)) - Lock on /workdir/hadoop-ozone/integration-test/target/test-dir/MiniOzoneClusterImpl-72f6cbb0-c919-4300-9939-20ef1cbf0e73/datanode-4/data/ratis/92161796-ba7a-42d4-95e6-96726ba217a5/in_use.lock acquired by nodename 13648@pr-hdds-1569-x2sr2-3486766547
2019-09-25 04:50:29,432 [pool-67-thread-1] INFO  storage.RaftStorage (RaftStorage.java:format(72)) - Storage directory /workdir/hadoop-ozone/integration-test/target/test-dir/MiniOzoneClusterImpl-72f6cbb0-c919-4300-9939-20ef1cbf0e73/datanode-4/data/ratis/92161796-ba7a-42d4-95e6-96726ba217a5 has been successfully formatted.
2019-09-25 04:50:29,432 [pool-67-thread-1] INFO  ratis.ContainerStateMachine (ContainerStateMachine.java:loadSnapshot(230)) - group-96726BA217A5: The snapshot info is null. Setting the last applied indexto:(t:0, i:~)
2019-09-25 04:50:29,432 [pool-67-thread-1] INFO  server.RaftServerConfigKeys (ConfUtils.java:logGet(43)) - raft.server.notification.no-leader.timeout = 120s (custom)
2019-09-25 04:50:29,432 [pool-67-thread-1] INFO  server.RaftServerConfigKeys (ConfUtils.java:logGet(43)) - raft.server.log.use.memory = false (default)
2019-09-25 04:50:29,432 [pool-67-thread-1] INFO  server.RaftServerConfigKeys (ConfUtils.java:logGet(43)) - raft.server.log.purge.gap = 1000000 (custom)
2019-09-25 04:50:29,432 [pool-67-thread-1] INFO  server.RaftServerConfigKeys (ConfUtils.java:logGet(43)) - raft.server.log.appender.buffer.byte-limit = 33554432 (custom)
2019-09-25 04:50:29,433 [pool-67-thread-1] INFO  server.RaftServerConfigKeys (ConfUtils.java:logGet(43)) - raft.server.log.segment.size.max = 1048576 (custom)
2019-09-25 04:50:29,433 [pool-67-thread-1] INFO  server.RaftServerConfigKeys (ConfUtils.java:logGet(43)) - raft.server.log.segment.cache.num.max = 2 (custom)
2019-09-25 04:50:29,433 [pool-67-thread-1] INFO  segmented.SegmentedRaftLogWorker (SegmentedRaftLogWorker.java:<init>(172)) - new aabdae46-dcfa-45e6-b665-2c47bb305ebb@group-96726BA217A5-SegmentedRaftLogWorker for RaftStorage:Storage Directory /workdir/hadoop-ozone/integration-test/target/test-dir/MiniOzoneClusterImpl-72f6cbb0-c919-4300-9939-20ef1cbf0e73/datanode-4/data/ratis/92161796-ba7a-42d4-95e6-96726ba217a5
2019-09-25 04:50:29,433 [pool-67-thread-1] INFO  server.RaftServerConfigKeys (ConfUtils.java:logGet(43)) - raft.server.log.queue.byte-limit = 2147483647 (custom)
2019-09-25 04:50:29,433 [pool-67-thread-1] INFO  server.RaftServerConfigKeys (ConfUtils.java:logGet(43)) - raft.server.log.queue.element-limit = 1024 (custom)
2019-09-25 04:50:29,433 [pool-67-thread-1] INFO  server.RaftServerConfigKeys (ConfUtils.java:logGet(43)) - raft.server.log.segment.size.max = 1048576 (custom)
2019-09-25 04:50:29,433 [pool-67-thread-1] INFO  server.RaftServerConfigKeys (ConfUtils.java:logGet(43)) - raft.server.log.preallocated.size = 16384 (custom)
2019-09-25 04:50:29,433 [pool-67-thread-1] INFO  server.RaftServerConfigKeys (ConfUtils.java:logGet(43)) - raft.server.log.write.buffer.size = 33554432 (custom)
2019-09-25 04:50:29,433 [pool-67-thread-1] INFO  server.RaftServerConfigKeys (ConfUtils.java:logGet(43)) - raft.server.log.force.sync.num = 128 (default)
2019-09-25 04:50:29,434 [pool-67-thread-1] INFO  server.RaftServerConfigKeys (ConfUtils.java:logGet(43)) - raft.server.log.statemachine.data.sync = true (default)
2019-09-25 04:50:29,434 [pool-67-thread-1] INFO  server.RaftServerConfigKeys (ConfUtils.java:logGet(43)) - raft.server.log.statemachine.data.sync.timeout = 10s (default)
2019-09-25 04:50:29,434 [pool-67-thread-1] INFO  server.RaftServerConfigKeys (ConfUtils.java:logGet(43)) - raft.server.log.statemachine.data.sync.timeout.retry = -1 (default)
2019-09-25 04:50:29,434 [pool-67-thread-1] INFO  server.RaftServerConfigKeys (ConfUtils.java:logGet(43)) - raft.server.log.statemachine.data.caching.enabled = true (custom)
2019-09-25 04:50:29,434 [pool-67-thread-1] INFO  segmented.SegmentedRaftLogWorker (SegmentedRaftLogWorker.java:lambda$new$0(132)) - aabdae46-dcfa-45e6-b665-2c47bb305ebb@group-96726BA217A5-SegmentedRaftLogWorker: flushIndex: setUnconditionally 0 -> -1
2019-09-25 04:50:29,434 [pool-67-thread-1] INFO  server.RaftServerConfigKeys (ConfUtils.java:logGet(43)) - raft.server.snapshot.auto.trigger.enabled = true (custom)
2019-09-25 04:50:29,435 [pool-67-thread-1] INFO  server.RaftServerConfigKeys (ConfUtils.java:logGet(43)) - raft.server.snapshot.auto.trigger.threshold = 10000 (custom)
2019-09-25 04:50:29,435 [pool-67-thread-1] INFO  server.RaftServerConfigKeys (ConfUtils.java:logGet(43)) - raft.server.snapshot.retention.num.files = 5 (custom)
2019-09-25 04:50:29,435 [pool-67-thread-1] INFO  server.RaftServerConfigKeys (ConfUtils.java:logGet(43)) - raft.server.retrycache.expirytime = 600000ms (custom)
2019-09-25 04:50:29,437 [pool-67-thread-1] INFO  impl.RaftServerImpl (RaftServerImpl.java:start(185)) - aabdae46-dcfa-45e6-b665-2c47bb305ebb@group-96726BA217A5: start as a follower, conf=-1: [aabdae46-dcfa-45e6-b665-2c47bb305ebb:192.168.151.106:41436], old=null
2019-09-25 04:50:29,437 [pool-67-thread-1] INFO  impl.RaftServerImpl (RaftServerImpl.java:setRole(174)) - aabdae46-dcfa-45e6-b665-2c47bb305ebb@group-96726BA217A5: changes role from      null to FOLLOWER at term 0 for startAsFollower
2019-09-25 04:50:29,437 [pool-67-thread-1] INFO  impl.RoleInfo (RoleInfo.java:updateAndGet(143)) - aabdae46-dcfa-45e6-b665-2c47bb305ebb: start FollowerState
2019-09-25 04:50:29,437 [pool-67-thread-1] INFO  util.JmxRegister (JmxRegister.java:tryRegister(44)) - Successfully registered JMX Bean with object name Ratis:service=RaftServer,group=group-96726BA217A5,id=aabdae46-dcfa-45e6-b665-2c47bb305ebb
2019-09-25 04:50:29,440 [RatisPipelineUtilsThread] INFO  pipeline.PipelineStateManager (PipelineStateManager.java:addPipeline(56)) - Created pipeline Pipeline[ Id: 92161796-ba7a-42d4-95e6-96726ba217a5, Nodes: aabdae46-dcfa-45e6-b665-2c47bb305ebb{ip: 192.168.151.106, host: pr-hdds-1569-x2sr2-3486766547, networkLocation: /default-rack, certSerialId: null}, Type:RATIS, Factor:ONE, State:OPEN]
2019-09-25 04:50:29,446 [grpc-default-executor-0] INFO  impl.RaftServerProxy (RaftServerProxy.java:addNew(89)) - aabdae46-dcfa-45e6-b665-2c47bb305ebb: addNew group-A1290D0B8E67:[aabdae46-dcfa-45e6-b665-2c47bb305ebb:192.168.151.106:41436] returns group-A1290D0B8E67:java.util.concurrent.CompletableFuture@37ec3a43[Not completed]
2019-09-25 04:50:29,447 [pool-67-thread-1] INFO  impl.RaftServerImpl (RaftServerImpl.java:<init>(95)) - aabdae46-dcfa-45e6-b665-2c47bb305ebb: new RaftServerImpl for group-A1290D0B8E67:[aabdae46-dcfa-45e6-b665-2c47bb305ebb:192.168.151.106:41436] with ContainerStateMachine:uninitialized
2019-09-25 04:50:29,448 [pool-67-thread-1] INFO  server.RaftServerConfigKeys (ConfUtils.java:logGet(43)) - raft.server.rpc.timeout.min = 5s (custom)
2019-09-25 04:50:29,448 [pool-67-thread-1] INFO  server.RaftServerConfigKeys (ConfUtils.java:logGet(43)) - raft.server.rpc.timeout.max = 5200ms (custom)
2019-09-25 04:50:29,448 [pool-67-thread-1] INFO  server.RaftServerConfigKeys (ConfUtils.java:logGet(43)) - raft.server.rpcslowness.timeout = 120s (custom)
2019-09-25 04:50:29,448 [pool-67-thread-1] INFO  server.RaftServerConfigKeys (ConfUtils.java:logGet(43)) - raft.server.sleep.deviation.threshold = 300 (default)
2019-09-25 04:50:29,448 [pool-67-thread-1] INFO  server.RaftServerConfigKeys (ConfUtils.java:logGet(43)) - raft.server.log.appender.install.snapshot.enabled = false (custom)
2019-09-25 04:50:29,448 [pool-67-thread-1] INFO  impl.RaftServerImpl (ServerState.java:<init>(103)) - aabdae46-dcfa-45e6-b665-2c47bb305ebb@group-A1290D0B8E67: ConfigurationManager, init=-1: [aabdae46-dcfa-45e6-b665-2c47bb305ebb:192.168.151.106:41436], old=null, confs=<EMPTY_MAP>
2019-09-25 04:50:29,448 [pool-67-thread-1] INFO  server.RaftServerConfigKeys (ConfUtils.java:logGet(43)) - raft.server.storage.dir = [/workdir/hadoop-ozone/integration-test/target/test-dir/MiniOzoneClusterImpl-72f6cbb0-c919-4300-9939-20ef1cbf0e73/datanode-4/data/ratis] (custom)
2019-09-25 04:50:29,449 [pool-67-thread-1] INFO  storage.RaftStorageDirectory (RaftStorageDirectory.java:analyzeStorage(246)) - The storage directory /workdir/hadoop-ozone/integration-test/target/test-dir/MiniOzoneClusterImpl-72f6cbb0-c919-4300-9939-20ef1cbf0e73/datanode-4/data/ratis/f4ffb1ec-d8c3-485c-9460-a1290d0b8e67 does not exist. Creating ...
2019-09-25 04:50:29,461 [pool-67-thread-1] INFO  storage.RaftStorageDirectory (RaftStorageDirectory.java:tryLock(328)) - Lock on /workdir/hadoop-ozone/integration-test/target/test-dir/MiniOzoneClusterImpl-72f6cbb0-c919-4300-9939-20ef1cbf0e73/datanode-4/data/ratis/f4ffb1ec-d8c3-485c-9460-a1290d0b8e67/in_use.lock acquired by nodename 13648@pr-hdds-1569-x2sr2-3486766547
2019-09-25 04:50:29,484 [pool-67-thread-1] INFO  storage.RaftStorage (RaftStorage.java:format(72)) - Storage directory /workdir/hadoop-ozone/integration-test/target/test-dir/MiniOzoneClusterImpl-72f6cbb0-c919-4300-9939-20ef1cbf0e73/datanode-4/data/ratis/f4ffb1ec-d8c3-485c-9460-a1290d0b8e67 has been successfully formatted.
2019-09-25 04:50:29,484 [pool-67-thread-1] INFO  ratis.ContainerStateMachine (ContainerStateMachine.java:loadSnapshot(230)) - group-A1290D0B8E67: The snapshot info is null. Setting the last applied indexto:(t:0, i:~)
2019-09-25 04:50:29,484 [pool-67-thread-1] INFO  server.RaftServerConfigKeys (ConfUtils.java:logGet(43)) - raft.server.notification.no-leader.timeout = 120s (custom)
2019-09-25 04:50:29,485 [pool-67-thread-1] INFO  server.RaftServerConfigKeys (ConfUtils.java:logGet(43)) - raft.server.log.use.memory = false (default)
2019-09-25 04:50:29,485 [pool-67-thread-1] INFO  server.RaftServerConfigKeys (ConfUtils.java:logGet(43)) - raft.server.log.purge.gap = 1000000 (custom)
2019-09-25 04:50:29,485 [pool-67-thread-1] INFO  server.RaftServerConfigKeys (ConfUtils.java:logGet(43)) - raft.server.log.appender.buffer.byte-limit = 33554432 (custom)
2019-09-25 04:50:29,485 [pool-67-thread-1] INFO  server.RaftServerConfigKeys (ConfUtils.java:logGet(43)) - raft.server.log.segment.size.max = 1048576 (custom)
2019-09-25 04:50:29,485 [pool-67-thread-1] INFO  server.RaftServerConfigKeys (ConfUtils.java:logGet(43)) - raft.server.log.segment.cache.num.max = 2 (custom)
2019-09-25 04:50:29,485 [pool-67-thread-1] INFO  segmented.SegmentedRaftLogWorker (SegmentedRaftLogWorker.java:<init>(172)) - new aabdae46-dcfa-45e6-b665-2c47bb305ebb@group-A1290D0B8E67-SegmentedRaftLogWorker for RaftStorage:Storage Directory /workdir/hadoop-ozone/integration-test/target/test-dir/MiniOzoneClusterImpl-72f6cbb0-c919-4300-9939-20ef1cbf0e73/datanode-4/data/ratis/f4ffb1ec-d8c3-485c-9460-a1290d0b8e67
2019-09-25 04:50:29,485 [pool-67-thread-1] INFO  server.RaftServerConfigKeys (ConfUtils.java:logGet(43)) - raft.server.log.queue.byte-limit = 2147483647 (custom)
2019-09-25 04:50:29,485 [pool-67-thread-1] INFO  server.RaftServerConfigKeys (ConfUtils.java:logGet(43)) - raft.server.log.queue.element-limit = 1024 (custom)
2019-09-25 04:50:29,485 [pool-67-thread-1] INFO  server.RaftServerConfigKeys (ConfUtils.java:logGet(43)) - raft.server.log.segment.size.max = 1048576 (custom)
2019-09-25 04:50:29,486 [pool-67-thread-1] INFO  server.RaftServerConfigKeys (ConfUtils.java:logGet(43)) - raft.server.log.preallocated.size = 16384 (custom)
2019-09-25 04:50:29,486 [pool-67-thread-1] INFO  server.RaftServerConfigKeys (ConfUtils.java:logGet(43)) - raft.server.log.write.buffer.size = 33554432 (custom)
2019-09-25 04:50:29,486 [pool-67-thread-1] INFO  server.RaftServerConfigKeys (ConfUtils.java:logGet(43)) - raft.server.log.force.sync.num = 128 (default)
2019-09-25 04:50:29,486 [pool-67-thread-1] INFO  server.RaftServerConfigKeys (ConfUtils.java:logGet(43)) - raft.server.log.statemachine.data.sync = true (default)
2019-09-25 04:50:29,486 [pool-67-thread-1] INFO  server.RaftServerConfigKeys (ConfUtils.java:logGet(43)) - raft.server.log.statemachine.data.sync.timeout = 10s (default)
2019-09-25 04:50:29,486 [pool-67-thread-1] INFO  server.RaftServerConfigKeys (ConfUtils.java:logGet(43)) - raft.server.log.statemachine.data.sync.timeout.retry = -1 (default)
2019-09-25 04:50:29,486 [pool-67-thread-1] INFO  server.RaftServerConfigKeys (ConfUtils.java:logGet(43)) - raft.server.log.statemachine.data.caching.enabled = true (custom)
2019-09-25 04:50:29,486 [pool-67-thread-1] INFO  segmented.SegmentedRaftLogWorker (SegmentedRaftLogWorker.java:lambda$new$0(132)) - aabdae46-dcfa-45e6-b665-2c47bb305ebb@group-A1290D0B8E67-SegmentedRaftLogWorker: flushIndex: setUnconditionally 0 -> -1
2019-09-25 04:50:29,487 [pool-67-thread-1] INFO  server.RaftServerConfigKeys (ConfUtils.java:logGet(43)) - raft.server.snapshot.auto.trigger.enabled = true (custom)
2019-09-25 04:50:29,487 [pool-67-thread-1] INFO  server.RaftServerConfigKeys (ConfUtils.java:logGet(43)) - raft.server.snapshot.auto.trigger.threshold = 10000 (custom)
2019-09-25 04:50:29,487 [pool-67-thread-1] INFO  server.RaftServerConfigKeys (ConfUtils.java:logGet(43)) - raft.server.snapshot.retention.num.files = 5 (custom)
2019-09-25 04:50:29,487 [pool-67-thread-1] INFO  server.RaftServerConfigKeys (ConfUtils.java:logGet(43)) - raft.server.retrycache.expirytime = 600000ms (custom)
2019-09-25 04:50:29,489 [pool-67-thread-1] INFO  impl.RaftServerImpl (RaftServerImpl.java:start(185)) - aabdae46-dcfa-45e6-b665-2c47bb305ebb@group-A1290D0B8E67: start as a follower, conf=-1: [aabdae46-dcfa-45e6-b665-2c47bb305ebb:192.168.151.106:41436], old=null
2019-09-25 04:50:29,489 [pool-67-thread-1] INFO  impl.RaftServerImpl (RaftServerImpl.java:setRole(174)) - aabdae46-dcfa-45e6-b665-2c47bb305ebb@group-A1290D0B8E67: changes role from      null to FOLLOWER at term 0 for startAsFollower
2019-09-25 04:50:29,489 [pool-67-thread-1] INFO  impl.RoleInfo (RoleInfo.java:updateAndGet(143)) - aabdae46-dcfa-45e6-b665-2c47bb305ebb: start FollowerState
2019-09-25 04:50:29,490 [pool-67-thread-1] INFO  util.JmxRegister (JmxRegister.java:tryRegister(44)) - Successfully registered JMX Bean with object name Ratis:service=RaftServer,group=group-A1290D0B8E67,id=aabdae46-dcfa-45e6-b665-2c47bb305ebb
2019-09-25 04:50:29,492 [RatisPipelineUtilsThread] INFO  pipeline.PipelineStateManager (PipelineStateManager.java:addPipeline(56)) - Created pipeline Pipeline[ Id: f4ffb1ec-d8c3-485c-9460-a1290d0b8e67, Nodes: aabdae46-dcfa-45e6-b665-2c47bb305ebb{ip: 192.168.151.106, host: pr-hdds-1569-x2sr2-3486766547, networkLocation: /default-rack, certSerialId: null}, Type:RATIS, Factor:ONE, State:OPEN]
2019-09-25 04:50:29,497 [grpc-default-executor-0] INFO  impl.RaftServerProxy (RaftServerProxy.java:addNew(89)) - c35819d4-86f4-4223-a458-676070fe0cbb: addNew group-5B036C1CFED7:[c35819d4-86f4-4223-a458-676070fe0cbb:192.168.151.106:44434] returns group-5B036C1CFED7:java.util.concurrent.CompletableFuture@f68698d[Not completed]
2019-09-25 04:50:29,498 [pool-27-thread-1] INFO  impl.RaftServerImpl (RaftServerImpl.java:<init>(95)) - c35819d4-86f4-4223-a458-676070fe0cbb: new RaftServerImpl for group-5B036C1CFED7:[c35819d4-86f4-4223-a458-676070fe0cbb:192.168.151.106:44434] with ContainerStateMachine:uninitialized
2019-09-25 04:50:29,499 [pool-27-thread-1] INFO  server.RaftServerConfigKeys (ConfUtils.java:logGet(43)) - raft.server.rpc.timeout.min = 5s (custom)
2019-09-25 04:50:29,499 [pool-27-thread-1] INFO  server.RaftServerConfigKeys (ConfUtils.java:logGet(43)) - raft.server.rpc.timeout.max = 5200ms (custom)
2019-09-25 04:50:29,499 [pool-27-thread-1] INFO  server.RaftServerConfigKeys (ConfUtils.java:logGet(43)) - raft.server.rpcslowness.timeout = 120s (custom)
2019-09-25 04:50:29,499 [pool-27-thread-1] INFO  server.RaftServerConfigKeys (ConfUtils.java:logGet(43)) - raft.server.sleep.deviation.threshold = 300 (default)
2019-09-25 04:50:29,499 [pool-27-thread-1] INFO  server.RaftServerConfigKeys (ConfUtils.java:logGet(43)) - raft.server.log.appender.install.snapshot.enabled = false (custom)
2019-09-25 04:50:29,499 [pool-27-thread-1] INFO  impl.RaftServerImpl (ServerState.java:<init>(103)) - c35819d4-86f4-4223-a458-676070fe0cbb@group-5B036C1CFED7: ConfigurationManager, init=-1: [c35819d4-86f4-4223-a458-676070fe0cbb:192.168.151.106:44434], old=null, confs=<EMPTY_MAP>
2019-09-25 04:50:29,499 [pool-27-thread-1] INFO  server.RaftServerConfigKeys (ConfUtils.java:logGet(43)) - raft.server.storage.dir = [/workdir/hadoop-ozone/integration-test/target/test-dir/MiniOzoneClusterImpl-72f6cbb0-c919-4300-9939-20ef1cbf0e73/datanode-0/data/ratis] (custom)
2019-09-25 04:50:29,500 [pool-27-thread-1] INFO  storage.RaftStorageDirectory (RaftStorageDirectory.java:analyzeStorage(246)) - The storage directory /workdir/hadoop-ozone/integration-test/target/test-dir/MiniOzoneClusterImpl-72f6cbb0-c919-4300-9939-20ef1cbf0e73/datanode-0/data/ratis/66c1badd-9f00-4f2f-bcba-5b036c1cfed7 does not exist. Creating ...
2019-09-25 04:50:29,508 [c35819d4-86f4-4223-a458-676070fe0cbb@group-F52563E5CB75-SegmentedRaftLogWorker] INFO  segmented.SegmentedRaftLogWorker (SegmentedRaftLogWorker.java:execute(569)) - c35819d4-86f4-4223-a458-676070fe0cbb@group-F52563E5CB75-SegmentedRaftLogWorker: created new log segment /workdir/hadoop-ozone/integration-test/target/test-dir/MiniOzoneClusterImpl-72f6cbb0-c919-4300-9939-20ef1cbf0e73/datanode-0/data/ratis/df3d79bd-3e4d-4b6b-a35e-f52563e5cb75/current/log_inprogress_0
2019-09-25 04:50:29,512 [pool-27-thread-1] INFO  storage.RaftStorageDirectory (RaftStorageDirectory.java:tryLock(328)) - Lock on /workdir/hadoop-ozone/integration-test/target/test-dir/MiniOzoneClusterImpl-72f6cbb0-c919-4300-9939-20ef1cbf0e73/datanode-0/data/ratis/66c1badd-9f00-4f2f-bcba-5b036c1cfed7/in_use.lock acquired by nodename 13648@pr-hdds-1569-x2sr2-3486766547
2019-09-25 04:50:29,524 [pool-27-thread-1] INFO  storage.RaftStorage (RaftStorage.java:format(72)) - Storage directory /workdir/hadoop-ozone/integration-test/target/test-dir/MiniOzoneClusterImpl-72f6cbb0-c919-4300-9939-20ef1cbf0e73/datanode-0/data/ratis/66c1badd-9f00-4f2f-bcba-5b036c1cfed7 has been successfully formatted.
2019-09-25 04:50:29,524 [pool-27-thread-1] INFO  ratis.ContainerStateMachine (ContainerStateMachine.java:loadSnapshot(230)) - group-5B036C1CFED7: The snapshot info is null. Setting the last applied indexto:(t:0, i:~)
2019-09-25 04:50:29,524 [pool-27-thread-1] INFO  server.RaftServerConfigKeys (ConfUtils.java:logGet(43)) - raft.server.notification.no-leader.timeout = 120s (custom)
2019-09-25 04:50:29,524 [pool-27-thread-1] INFO  server.RaftServerConfigKeys (ConfUtils.java:logGet(43)) - raft.server.log.use.memory = false (default)
2019-09-25 04:50:29,524 [pool-27-thread-1] INFO  server.RaftServerConfigKeys (ConfUtils.java:logGet(43)) - raft.server.log.purge.gap = 1000000 (custom)
2019-09-25 04:50:29,525 [pool-27-thread-1] INFO  server.RaftServerConfigKeys (ConfUtils.java:logGet(43)) - raft.server.log.appender.buffer.byte-limit = 33554432 (custom)
2019-09-25 04:50:29,525 [pool-27-thread-1] INFO  server.RaftServerConfigKeys (ConfUtils.java:logGet(43)) - raft.server.log.segment.size.max = 1048576 (custom)
2019-09-25 04:50:29,525 [pool-27-thread-1] INFO  server.RaftServerConfigKeys (ConfUtils.java:logGet(43)) - raft.server.log.segment.cache.num.max = 2 (custom)
2019-09-25 04:50:29,525 [pool-27-thread-1] INFO  segmented.SegmentedRaftLogWorker (SegmentedRaftLogWorker.java:<init>(172)) - new c35819d4-86f4-4223-a458-676070fe0cbb@group-5B036C1CFED7-SegmentedRaftLogWorker for RaftStorage:Storage Directory /workdir/hadoop-ozone/integration-test/target/test-dir/MiniOzoneClusterImpl-72f6cbb0-c919-4300-9939-20ef1cbf0e73/datanode-0/data/ratis/66c1badd-9f00-4f2f-bcba-5b036c1cfed7
2019-09-25 04:50:29,525 [pool-27-thread-1] INFO  server.RaftServerConfigKeys (ConfUtils.java:logGet(43)) - raft.server.log.queue.byte-limit = 2147483647 (custom)
2019-09-25 04:50:29,525 [pool-27-thread-1] INFO  server.RaftServerConfigKeys (ConfUtils.java:logGet(43)) - raft.server.log.queue.element-limit = 1024 (custom)
2019-09-25 04:50:29,525 [pool-27-thread-1] INFO  server.RaftServerConfigKeys (ConfUtils.java:logGet(43)) - raft.server.log.segment.size.max = 1048576 (custom)
2019-09-25 04:50:29,525 [pool-27-thread-1] INFO  server.RaftServerConfigKeys (ConfUtils.java:logGet(43)) - raft.server.log.preallocated.size = 16384 (custom)
2019-09-25 04:50:29,526 [pool-27-thread-1] INFO  server.RaftServerConfigKeys (ConfUtils.java:logGet(43)) - raft.server.log.write.buffer.size = 33554432 (custom)
2019-09-25 04:50:29,526 [pool-27-thread-1] INFO  server.RaftServerConfigKeys (ConfUtils.java:logGet(43)) - raft.server.log.force.sync.num = 128 (default)
2019-09-25 04:50:29,526 [pool-27-thread-1] INFO  server.RaftServerConfigKeys (ConfUtils.java:logGet(43)) - raft.server.log.statemachine.data.sync = true (default)
2019-09-25 04:50:29,526 [pool-27-thread-1] INFO  server.RaftServerConfigKeys (ConfUtils.java:logGet(43)) - raft.server.log.statemachine.data.sync.timeout = 10s (default)
2019-09-25 04:50:29,526 [pool-27-thread-1] INFO  server.RaftServerConfigKeys (ConfUtils.java:logGet(43)) - raft.server.log.statemachine.data.sync.timeout.retry = -1 (default)
2019-09-25 04:50:29,526 [pool-27-thread-1] INFO  server.RaftServerConfigKeys (ConfUtils.java:logGet(43)) - raft.server.log.statemachine.data.caching.enabled = true (custom)
2019-09-25 04:50:29,526 [pool-27-thread-1] INFO  segmented.SegmentedRaftLogWorker (SegmentedRaftLogWorker.java:lambda$new$0(132)) - c35819d4-86f4-4223-a458-676070fe0cbb@group-5B036C1CFED7-SegmentedRaftLogWorker: flushIndex: setUnconditionally 0 -> -1
2019-09-25 04:50:29,527 [pool-27-thread-1] INFO  server.RaftServerConfigKeys (ConfUtils.java:logGet(43)) - raft.server.snapshot.auto.trigger.enabled = true (custom)
2019-09-25 04:50:29,527 [pool-27-thread-1] INFO  server.RaftServerConfigKeys (ConfUtils.java:logGet(43)) - raft.server.snapshot.auto.trigger.threshold = 10000 (custom)
2019-09-25 04:50:29,527 [pool-27-thread-1] INFO  server.RaftServerConfigKeys (ConfUtils.java:logGet(43)) - raft.server.snapshot.retention.num.files = 5 (custom)
2019-09-25 04:50:29,527 [pool-27-thread-1] INFO  server.RaftServerConfigKeys (ConfUtils.java:logGet(43)) - raft.server.retrycache.expirytime = 600000ms (custom)
2019-09-25 04:50:29,529 [pool-27-thread-1] INFO  impl.RaftServerImpl (RaftServerImpl.java:start(185)) - c35819d4-86f4-4223-a458-676070fe0cbb@group-5B036C1CFED7: start as a follower, conf=-1: [c35819d4-86f4-4223-a458-676070fe0cbb:192.168.151.106:44434], old=null
2019-09-25 04:50:29,529 [pool-27-thread-1] INFO  impl.RaftServerImpl (RaftServerImpl.java:setRole(174)) - c35819d4-86f4-4223-a458-676070fe0cbb@group-5B036C1CFED7: changes role from      null to FOLLOWER at term 0 for startAsFollower
2019-09-25 04:50:29,529 [pool-27-thread-1] INFO  impl.RoleInfo (RoleInfo.java:updateAndGet(143)) - c35819d4-86f4-4223-a458-676070fe0cbb: start FollowerState
2019-09-25 04:50:29,530 [pool-27-thread-1] INFO  util.JmxRegister (JmxRegister.java:tryRegister(44)) - Successfully registered JMX Bean with object name Ratis:service=RaftServer,group=group-5B036C1CFED7,id=c35819d4-86f4-4223-a458-676070fe0cbb
2019-09-25 04:50:29,532 [RatisPipelineUtilsThread] INFO  pipeline.PipelineStateManager (PipelineStateManager.java:addPipeline(56)) - Created pipeline Pipeline[ Id: 66c1badd-9f00-4f2f-bcba-5b036c1cfed7, Nodes: c35819d4-86f4-4223-a458-676070fe0cbb{ip: 192.168.151.106, host: pr-hdds-1569-x2sr2-3486766547, networkLocation: /default-rack, certSerialId: null}, Type:RATIS, Factor:ONE, State:OPEN]
2019-09-25 04:50:29,537 [grpc-default-executor-0] INFO  impl.RaftServerProxy (RaftServerProxy.java:addNew(89)) - 9216b865-ce6b-4fb7-bc99-65479a86b6eb: addNew group-D9FC74FABA2F:[9216b865-ce6b-4fb7-bc99-65479a86b6eb:192.168.151.106:43252] returns group-D9FC74FABA2F:java.util.concurrent.CompletableFuture@6fb6a904[Not completed]
2019-09-25 04:50:29,538 [pool-77-thread-1] INFO  impl.RaftServerImpl (RaftServerImpl.java:<init>(95)) - 9216b865-ce6b-4fb7-bc99-65479a86b6eb: new RaftServerImpl for group-D9FC74FABA2F:[9216b865-ce6b-4fb7-bc99-65479a86b6eb:192.168.151.106:43252] with ContainerStateMachine:uninitialized
2019-09-25 04:50:29,538 [pool-77-thread-1] INFO  server.RaftServerConfigKeys (ConfUtils.java:logGet(43)) - raft.server.rpc.timeout.min = 5s (custom)
2019-09-25 04:50:29,538 [pool-77-thread-1] INFO  server.RaftServerConfigKeys (ConfUtils.java:logGet(43)) - raft.server.rpc.timeout.max = 5200ms (custom)
2019-09-25 04:50:29,538 [pool-77-thread-1] INFO  server.RaftServerConfigKeys (ConfUtils.java:logGet(43)) - raft.server.rpcslowness.timeout = 120s (custom)
2019-09-25 04:50:29,539 [pool-77-thread-1] INFO  server.RaftServerConfigKeys (ConfUtils.java:logGet(43)) - raft.server.sleep.deviation.threshold = 300 (default)
2019-09-25 04:50:29,539 [pool-77-thread-1] INFO  server.RaftServerConfigKeys (ConfUtils.java:logGet(43)) - raft.server.log.appender.install.snapshot.enabled = false (custom)
2019-09-25 04:50:29,539 [pool-77-thread-1] INFO  impl.RaftServerImpl (ServerState.java:<init>(103)) - 9216b865-ce6b-4fb7-bc99-65479a86b6eb@group-D9FC74FABA2F: ConfigurationManager, init=-1: [9216b865-ce6b-4fb7-bc99-65479a86b6eb:192.168.151.106:43252], old=null, confs=<EMPTY_MAP>
2019-09-25 04:50:29,539 [pool-77-thread-1] INFO  server.RaftServerConfigKeys (ConfUtils.java:logGet(43)) - raft.server.storage.dir = [/workdir/hadoop-ozone/integration-test/target/test-dir/MiniOzoneClusterImpl-72f6cbb0-c919-4300-9939-20ef1cbf0e73/datanode-5/data/ratis] (custom)
2019-09-25 04:50:29,539 [pool-77-thread-1] INFO  storage.RaftStorageDirectory (RaftStorageDirectory.java:analyzeStorage(246)) - The storage directory /workdir/hadoop-ozone/integration-test/target/test-dir/MiniOzoneClusterImpl-72f6cbb0-c919-4300-9939-20ef1cbf0e73/datanode-5/data/ratis/2a494d46-22b6-454d-a06a-d9fc74faba2f does not exist. Creating ...
2019-09-25 04:50:29,552 [pool-77-thread-1] INFO  storage.RaftStorageDirectory (RaftStorageDirectory.java:tryLock(328)) - Lock on /workdir/hadoop-ozone/integration-test/target/test-dir/MiniOzoneClusterImpl-72f6cbb0-c919-4300-9939-20ef1cbf0e73/datanode-5/data/ratis/2a494d46-22b6-454d-a06a-d9fc74faba2f/in_use.lock acquired by nodename 13648@pr-hdds-1569-x2sr2-3486766547
2019-09-25 04:50:29,565 [pool-77-thread-1] INFO  storage.RaftStorage (RaftStorage.java:format(72)) - Storage directory /workdir/hadoop-ozone/integration-test/target/test-dir/MiniOzoneClusterImpl-72f6cbb0-c919-4300-9939-20ef1cbf0e73/datanode-5/data/ratis/2a494d46-22b6-454d-a06a-d9fc74faba2f has been successfully formatted.
2019-09-25 04:50:29,565 [pool-77-thread-1] INFO  ratis.ContainerStateMachine (ContainerStateMachine.java:loadSnapshot(230)) - group-D9FC74FABA2F: The snapshot info is null. Setting the last applied indexto:(t:0, i:~)
2019-09-25 04:50:29,565 [pool-77-thread-1] INFO  server.RaftServerConfigKeys (ConfUtils.java:logGet(43)) - raft.server.notification.no-leader.timeout = 120s (custom)
2019-09-25 04:50:29,565 [pool-77-thread-1] INFO  server.RaftServerConfigKeys (ConfUtils.java:logGet(43)) - raft.server.log.use.memory = false (default)
2019-09-25 04:50:29,565 [pool-77-thread-1] INFO  server.RaftServerConfigKeys (ConfUtils.java:logGet(43)) - raft.server.log.purge.gap = 1000000 (custom)
2019-09-25 04:50:29,565 [pool-77-thread-1] INFO  server.RaftServerConfigKeys (ConfUtils.java:logGet(43)) - raft.server.log.appender.buffer.byte-limit = 33554432 (custom)
2019-09-25 04:50:29,565 [pool-77-thread-1] INFO  server.RaftServerConfigKeys (ConfUtils.java:logGet(43)) - raft.server.log.segment.size.max = 1048576 (custom)
2019-09-25 04:50:29,565 [pool-77-thread-1] INFO  server.RaftServerConfigKeys (ConfUtils.java:logGet(43)) - raft.server.log.segment.cache.num.max = 2 (custom)
2019-09-25 04:50:29,566 [pool-77-thread-1] INFO  segmented.SegmentedRaftLogWorker (SegmentedRaftLogWorker.java:<init>(172)) - new 9216b865-ce6b-4fb7-bc99-65479a86b6eb@group-D9FC74FABA2F-SegmentedRaftLogWorker for RaftStorage:Storage Directory /workdir/hadoop-ozone/integration-test/target/test-dir/MiniOzoneClusterImpl-72f6cbb0-c919-4300-9939-20ef1cbf0e73/datanode-5/data/ratis/2a494d46-22b6-454d-a06a-d9fc74faba2f
2019-09-25 04:50:29,566 [pool-77-thread-1] INFO  server.RaftServerConfigKeys (ConfUtils.java:logGet(43)) - raft.server.log.queue.byte-limit = 2147483647 (custom)
2019-09-25 04:50:29,566 [pool-77-thread-1] INFO  server.RaftServerConfigKeys (ConfUtils.java:logGet(43)) - raft.server.log.queue.element-limit = 1024 (custom)
2019-09-25 04:50:29,566 [pool-77-thread-1] INFO  server.RaftServerConfigKeys (ConfUtils.java:logGet(43)) - raft.server.log.segment.size.max = 1048576 (custom)
2019-09-25 04:50:29,566 [pool-77-thread-1] INFO  server.RaftServerConfigKeys (ConfUtils.java:logGet(43)) - raft.server.log.preallocated.size = 16384 (custom)
2019-09-25 04:50:29,566 [pool-77-thread-1] INFO  server.RaftServerConfigKeys (ConfUtils.java:logGet(43)) - raft.server.log.write.buffer.size = 33554432 (custom)
2019-09-25 04:50:29,566 [pool-77-thread-1] INFO  server.RaftServerConfigKeys (ConfUtils.java:logGet(43)) - raft.server.log.force.sync.num = 128 (default)
2019-09-25 04:50:29,566 [pool-77-thread-1] INFO  server.RaftServerConfigKeys (ConfUtils.java:logGet(43)) - raft.server.log.statemachine.data.sync = true (default)
2019-09-25 04:50:29,566 [pool-77-thread-1] INFO  server.RaftServerConfigKeys (ConfUtils.java:logGet(43)) - raft.server.log.statemachine.data.sync.timeout = 10s (default)
2019-09-25 04:50:29,567 [pool-77-thread-1] INFO  server.RaftServerConfigKeys (ConfUtils.java:logGet(43)) - raft.server.log.statemachine.data.sync.timeout.retry = -1 (default)
2019-09-25 04:50:29,567 [pool-77-thread-1] INFO  server.RaftServerConfigKeys (ConfUtils.java:logGet(43)) - raft.server.log.statemachine.data.caching.enabled = true (custom)
2019-09-25 04:50:29,567 [pool-77-thread-1] INFO  segmented.SegmentedRaftLogWorker (SegmentedRaftLogWorker.java:lambda$new$0(132)) - 9216b865-ce6b-4fb7-bc99-65479a86b6eb@group-D9FC74FABA2F-SegmentedRaftLogWorker: flushIndex: setUnconditionally 0 -> -1
2019-09-25 04:50:29,567 [pool-77-thread-1] INFO  server.RaftServerConfigKeys (ConfUtils.java:logGet(43)) - raft.server.snapshot.auto.trigger.enabled = true (custom)
2019-09-25 04:50:29,567 [pool-77-thread-1] INFO  server.RaftServerConfigKeys (ConfUtils.java:logGet(43)) - raft.server.snapshot.auto.trigger.threshold = 10000 (custom)
2019-09-25 04:50:29,567 [pool-77-thread-1] INFO  server.RaftServerConfigKeys (ConfUtils.java:logGet(43)) - raft.server.snapshot.retention.num.files = 5 (custom)
2019-09-25 04:50:29,568 [pool-77-thread-1] INFO  server.RaftServerConfigKeys (ConfUtils.java:logGet(43)) - raft.server.retrycache.expirytime = 600000ms (custom)
2019-09-25 04:50:29,570 [pool-77-thread-1] INFO  impl.RaftServerImpl (RaftServerImpl.java:start(185)) - 9216b865-ce6b-4fb7-bc99-65479a86b6eb@group-D9FC74FABA2F: start as a follower, conf=-1: [9216b865-ce6b-4fb7-bc99-65479a86b6eb:192.168.151.106:43252], old=null
2019-09-25 04:50:29,570 [pool-77-thread-1] INFO  impl.RaftServerImpl (RaftServerImpl.java:setRole(174)) - 9216b865-ce6b-4fb7-bc99-65479a86b6eb@group-D9FC74FABA2F: changes role from      null to FOLLOWER at term 0 for startAsFollower
2019-09-25 04:50:29,570 [pool-77-thread-1] INFO  impl.RoleInfo (RoleInfo.java:updateAndGet(143)) - 9216b865-ce6b-4fb7-bc99-65479a86b6eb: start FollowerState
2019-09-25 04:50:29,570 [pool-77-thread-1] INFO  util.JmxRegister (JmxRegister.java:tryRegister(44)) - Successfully registered JMX Bean with object name Ratis:service=RaftServer,group=group-D9FC74FABA2F,id=9216b865-ce6b-4fb7-bc99-65479a86b6eb
2019-09-25 04:50:29,573 [RatisPipelineUtilsThread] INFO  pipeline.PipelineStateManager (PipelineStateManager.java:addPipeline(56)) - Created pipeline Pipeline[ Id: 2a494d46-22b6-454d-a06a-d9fc74faba2f, Nodes: 9216b865-ce6b-4fb7-bc99-65479a86b6eb{ip: 192.168.151.106, host: pr-hdds-1569-x2sr2-3486766547, networkLocation: /default-rack, certSerialId: null}, Type:RATIS, Factor:ONE, State:OPEN]
2019-09-25 04:50:29,578 [grpc-default-executor-0] INFO  impl.RaftServerProxy (RaftServerProxy.java:addNew(89)) - 45f1801e-7cfd-420a-bb39-98f19dcc81c3: addNew group-F1A1A1A81453:[45f1801e-7cfd-420a-bb39-98f19dcc81c3:192.168.151.106:38437] returns group-F1A1A1A81453:java.util.concurrent.CompletableFuture@535afb75[Not completed]
2019-09-25 04:50:29,579 [pool-87-thread-1] INFO  impl.RaftServerImpl (RaftServerImpl.java:<init>(95)) - 45f1801e-7cfd-420a-bb39-98f19dcc81c3: new RaftServerImpl for group-F1A1A1A81453:[45f1801e-7cfd-420a-bb39-98f19dcc81c3:192.168.151.106:38437] with ContainerStateMachine:uninitialized
2019-09-25 04:50:29,579 [pool-87-thread-1] INFO  server.RaftServerConfigKeys (ConfUtils.java:logGet(43)) - raft.server.rpc.timeout.min = 5s (custom)
2019-09-25 04:50:29,580 [pool-87-thread-1] INFO  server.RaftServerConfigKeys (ConfUtils.java:logGet(43)) - raft.server.rpc.timeout.max = 5200ms (custom)
2019-09-25 04:50:29,580 [pool-87-thread-1] INFO  server.RaftServerConfigKeys (ConfUtils.java:logGet(43)) - raft.server.rpcslowness.timeout = 120s (custom)
2019-09-25 04:50:29,580 [pool-87-thread-1] INFO  server.RaftServerConfigKeys (ConfUtils.java:logGet(43)) - raft.server.sleep.deviation.threshold = 300 (default)
2019-09-25 04:50:29,580 [pool-87-thread-1] INFO  server.RaftServerConfigKeys (ConfUtils.java:logGet(43)) - raft.server.log.appender.install.snapshot.enabled = false (custom)
2019-09-25 04:50:29,580 [pool-87-thread-1] INFO  impl.RaftServerImpl (ServerState.java:<init>(103)) - 45f1801e-7cfd-420a-bb39-98f19dcc81c3@group-F1A1A1A81453: ConfigurationManager, init=-1: [45f1801e-7cfd-420a-bb39-98f19dcc81c3:192.168.151.106:38437], old=null, confs=<EMPTY_MAP>
2019-09-25 04:50:29,580 [pool-87-thread-1] INFO  server.RaftServerConfigKeys (ConfUtils.java:logGet(43)) - raft.server.storage.dir = [/workdir/hadoop-ozone/integration-test/target/test-dir/MiniOzoneClusterImpl-72f6cbb0-c919-4300-9939-20ef1cbf0e73/datanode-6/data/ratis] (custom)
2019-09-25 04:50:29,581 [pool-87-thread-1] INFO  storage.RaftStorageDirectory (RaftStorageDirectory.java:analyzeStorage(246)) - The storage directory /workdir/hadoop-ozone/integration-test/target/test-dir/MiniOzoneClusterImpl-72f6cbb0-c919-4300-9939-20ef1cbf0e73/datanode-6/data/ratis/e995faf9-612a-4d36-bd69-f1a1a1a81453 does not exist. Creating ...
2019-09-25 04:50:29,594 [pool-87-thread-1] INFO  storage.RaftStorageDirectory (RaftStorageDirectory.java:tryLock(328)) - Lock on /workdir/hadoop-ozone/integration-test/target/test-dir/MiniOzoneClusterImpl-72f6cbb0-c919-4300-9939-20ef1cbf0e73/datanode-6/data/ratis/e995faf9-612a-4d36-bd69-f1a1a1a81453/in_use.lock acquired by nodename 13648@pr-hdds-1569-x2sr2-3486766547
2019-09-25 04:50:29,605 [Thread-243] INFO  impl.FollowerState (FollowerState.java:run(106)) - 9216b865-ce6b-4fb7-bc99-65479a86b6eb:group-765B63C924A8 changes to CANDIDATE, lastRpcTime:5190, electionTimeout:5189ms
2019-09-25 04:50:29,609 [pool-87-thread-1] INFO  storage.RaftStorage (RaftStorage.java:format(72)) - Storage directory /workdir/hadoop-ozone/integration-test/target/test-dir/MiniOzoneClusterImpl-72f6cbb0-c919-4300-9939-20ef1cbf0e73/datanode-6/data/ratis/e995faf9-612a-4d36-bd69-f1a1a1a81453 has been successfully formatted.
2019-09-25 04:50:29,609 [Thread-243] INFO  impl.RoleInfo (RoleInfo.java:shutdownFollowerState(121)) - 9216b865-ce6b-4fb7-bc99-65479a86b6eb: shutdown FollowerState
2019-09-25 04:50:29,609 [Thread-243] INFO  impl.RaftServerImpl (RaftServerImpl.java:setRole(174)) - 9216b865-ce6b-4fb7-bc99-65479a86b6eb@group-765B63C924A8: changes role from  FOLLOWER to CANDIDATE at term 0 for changeToCandidate
2019-09-25 04:50:29,609 [pool-87-thread-1] INFO  ratis.ContainerStateMachine (ContainerStateMachine.java:loadSnapshot(230)) - group-F1A1A1A81453: The snapshot info is null. Setting the last applied indexto:(t:0, i:~)
2019-09-25 04:50:29,609 [Thread-243] INFO  impl.RoleInfo (RoleInfo.java:updateAndGet(143)) - 9216b865-ce6b-4fb7-bc99-65479a86b6eb: start LeaderElection
2019-09-25 04:50:29,609 [pool-87-thread-1] INFO  server.RaftServerConfigKeys (ConfUtils.java:logGet(43)) - raft.server.notification.no-leader.timeout = 120s (custom)
2019-09-25 04:50:29,610 [pool-87-thread-1] INFO  server.RaftServerConfigKeys (ConfUtils.java:logGet(43)) - raft.server.log.use.memory = false (default)
2019-09-25 04:50:29,617 [pool-87-thread-1] INFO  server.RaftServerConfigKeys (ConfUtils.java:logGet(43)) - raft.server.log.purge.gap = 1000000 (custom)
2019-09-25 04:50:29,639 [pool-87-thread-1] INFO  server.RaftServerConfigKeys (ConfUtils.java:logGet(43)) - raft.server.log.appender.buffer.byte-limit = 33554432 (custom)
2019-09-25 04:50:29,641 [pool-87-thread-1] INFO  server.RaftServerConfigKeys (ConfUtils.java:logGet(43)) - raft.server.log.segment.size.max = 1048576 (custom)
2019-09-25 04:50:29,648 [pool-87-thread-1] INFO  server.RaftServerConfigKeys (ConfUtils.java:logGet(43)) - raft.server.log.segment.cache.num.max = 2 (custom)
2019-09-25 04:50:29,648 [pool-87-thread-1] INFO  segmented.SegmentedRaftLogWorker (SegmentedRaftLogWorker.java:<init>(172)) - new 45f1801e-7cfd-420a-bb39-98f19dcc81c3@group-F1A1A1A81453-SegmentedRaftLogWorker for RaftStorage:Storage Directory /workdir/hadoop-ozone/integration-test/target/test-dir/MiniOzoneClusterImpl-72f6cbb0-c919-4300-9939-20ef1cbf0e73/datanode-6/data/ratis/e995faf9-612a-4d36-bd69-f1a1a1a81453
2019-09-25 04:50:29,648 [pool-87-thread-1] INFO  server.RaftServerConfigKeys (ConfUtils.java:logGet(43)) - raft.server.log.queue.byte-limit = 2147483647 (custom)
2019-09-25 04:50:29,648 [pool-87-thread-1] INFO  server.RaftServerConfigKeys (ConfUtils.java:logGet(43)) - raft.server.log.queue.element-limit = 1024 (custom)
2019-09-25 04:50:29,648 [pool-87-thread-1] INFO  server.RaftServerConfigKeys (ConfUtils.java:logGet(43)) - raft.server.log.segment.size.max = 1048576 (custom)
2019-09-25 04:50:29,649 [pool-87-thread-1] INFO  server.RaftServerConfigKeys (ConfUtils.java:logGet(43)) - raft.server.log.preallocated.size = 16384 (custom)
2019-09-25 04:50:29,649 [pool-87-thread-1] INFO  server.RaftServerConfigKeys (ConfUtils.java:logGet(43)) - raft.server.log.write.buffer.size = 33554432 (custom)
2019-09-25 04:50:29,649 [pool-87-thread-1] INFO  server.RaftServerConfigKeys (ConfUtils.java:logGet(43)) - raft.server.log.force.sync.num = 128 (default)
2019-09-25 04:50:29,649 [pool-87-thread-1] INFO  server.RaftServerConfigKeys (ConfUtils.java:logGet(43)) - raft.server.log.statemachine.data.sync = true (default)
2019-09-25 04:50:29,649 [pool-87-thread-1] INFO  server.RaftServerConfigKeys (ConfUtils.java:logGet(43)) - raft.server.log.statemachine.data.sync.timeout = 10s (default)
2019-09-25 04:50:29,649 [pool-87-thread-1] INFO  server.RaftServerConfigKeys (ConfUtils.java:logGet(43)) - raft.server.log.statemachine.data.sync.timeout.retry = -1 (default)
2019-09-25 04:50:29,650 [pool-87-thread-1] INFO  server.RaftServerConfigKeys (ConfUtils.java:logGet(43)) - raft.server.log.statemachine.data.caching.enabled = true (custom)
2019-09-25 04:50:29,650 [pool-87-thread-1] INFO  segmented.SegmentedRaftLogWorker (SegmentedRaftLogWorker.java:lambda$new$0(132)) - 45f1801e-7cfd-420a-bb39-98f19dcc81c3@group-F1A1A1A81453-SegmentedRaftLogWorker: flushIndex: setUnconditionally 0 -> -1
2019-09-25 04:50:29,650 [pool-87-thread-1] INFO  server.RaftServerConfigKeys (ConfUtils.java:logGet(43)) - raft.server.snapshot.auto.trigger.enabled = true (custom)
2019-09-25 04:50:29,650 [pool-87-thread-1] INFO  server.RaftServerConfigKeys (ConfUtils.java:logGet(43)) - raft.server.snapshot.auto.trigger.threshold = 10000 (custom)
2019-09-25 04:50:29,650 [pool-87-thread-1] INFO  server.RaftServerConfigKeys (ConfUtils.java:logGet(43)) - raft.server.snapshot.retention.num.files = 5 (custom)
2019-09-25 04:50:29,651 [pool-87-thread-1] INFO  server.RaftServerConfigKeys (ConfUtils.java:logGet(43)) - raft.server.retrycache.expirytime = 600000ms (custom)
2019-09-25 04:50:29,653 [pool-87-thread-1] INFO  impl.RaftServerImpl (RaftServerImpl.java:start(185)) - 45f1801e-7cfd-420a-bb39-98f19dcc81c3@group-F1A1A1A81453: start as a follower, conf=-1: [45f1801e-7cfd-420a-bb39-98f19dcc81c3:192.168.151.106:38437], old=null
2019-09-25 04:50:29,653 [pool-87-thread-1] INFO  impl.RaftServerImpl (RaftServerImpl.java:setRole(174)) - 45f1801e-7cfd-420a-bb39-98f19dcc81c3@group-F1A1A1A81453: changes role from      null to FOLLOWER at term 0 for startAsFollower
2019-09-25 04:50:29,653 [pool-87-thread-1] INFO  impl.RoleInfo (RoleInfo.java:updateAndGet(143)) - 45f1801e-7cfd-420a-bb39-98f19dcc81c3: start FollowerState
2019-09-25 04:50:29,654 [pool-87-thread-1] INFO  util.JmxRegister (JmxRegister.java:tryRegister(44)) - Successfully registered JMX Bean with object name Ratis:service=RaftServer,group=group-F1A1A1A81453,id=45f1801e-7cfd-420a-bb39-98f19dcc81c3
2019-09-25 04:50:29,656 [RatisPipelineUtilsThread] INFO  pipeline.PipelineStateManager (PipelineStateManager.java:addPipeline(56)) - Created pipeline Pipeline[ Id: e995faf9-612a-4d36-bd69-f1a1a1a81453, Nodes: 45f1801e-7cfd-420a-bb39-98f19dcc81c3{ip: 192.168.151.106, host: pr-hdds-1569-x2sr2-3486766547, networkLocation: /default-rack, certSerialId: null}, Type:RATIS, Factor:ONE, State:OPEN]
2019-09-25 04:50:29,660 [9216b865-ce6b-4fb7-bc99-65479a86b6eb@group-765B63C924A8:LeaderElection2] INFO  impl.LeaderElection (LeaderElection.java:askForVotes(182)) - 9216b865-ce6b-4fb7-bc99-65479a86b6eb@group-765B63C924A8:LeaderElection2: begin an election at term 1 for -1: [9216b865-ce6b-4fb7-bc99-65479a86b6eb:192.168.151.106:43252], old=null
2019-09-25 04:50:29,662 [9216b865-ce6b-4fb7-bc99-65479a86b6eb@group-765B63C924A8:LeaderElection2] INFO  impl.RoleInfo (RoleInfo.java:shutdownLeaderElection(134)) - 9216b865-ce6b-4fb7-bc99-65479a86b6eb: shutdown LeaderElection
2019-09-25 04:50:29,662 [9216b865-ce6b-4fb7-bc99-65479a86b6eb@group-765B63C924A8:LeaderElection2] INFO  impl.RaftServerImpl (RaftServerImpl.java:setRole(174)) - 9216b865-ce6b-4fb7-bc99-65479a86b6eb@group-765B63C924A8: changes role from CANDIDATE to LEADER at term 1 for changeToLeader
2019-09-25 04:50:29,662 [9216b865-ce6b-4fb7-bc99-65479a86b6eb@group-765B63C924A8:LeaderElection2] INFO  impl.RaftServerImpl (ServerState.java:setLeader(253)) - 9216b865-ce6b-4fb7-bc99-65479a86b6eb@group-765B63C924A8: change Leader from null to 9216b865-ce6b-4fb7-bc99-65479a86b6eb at term 1 for becomeLeader, leader elected after 5269ms
2019-09-25 04:50:29,664 [9216b865-ce6b-4fb7-bc99-65479a86b6eb@group-765B63C924A8:LeaderElection2] INFO  server.RaftServerConfigKeys (ConfUtils.java:logGet(43)) - raft.server.staging.catchup.gap = 1000 (default)
2019-09-25 04:50:29,664 [9216b865-ce6b-4fb7-bc99-65479a86b6eb@group-765B63C924A8:LeaderElection2] INFO  server.RaftServerConfigKeys (ConfUtils.java:logGet(43)) - raft.server.rpc.sleep.time = 25ms (default)
2019-09-25 04:50:29,665 [9216b865-ce6b-4fb7-bc99-65479a86b6eb@group-765B63C924A8:LeaderElection2] INFO  server.RaftServerConfigKeys (ConfUtils.java:logGet(43)) - raft.server.write.element-limit = 4096 (default)
2019-09-25 04:50:29,665 [9216b865-ce6b-4fb7-bc99-65479a86b6eb@group-765B63C924A8:LeaderElection2] INFO  server.RaftServerConfigKeys (ConfUtils.java:logGet(43)) - raft.server.watch.timeout = 10s (default)
2019-09-25 04:50:29,665 [9216b865-ce6b-4fb7-bc99-65479a86b6eb@group-765B63C924A8:LeaderElection2] INFO  server.RaftServerConfigKeys (ConfUtils.java:logGet(43)) - raft.server.watch.timeout.denomination = 1s (default)
2019-09-25 04:50:29,665 [9216b865-ce6b-4fb7-bc99-65479a86b6eb@group-765B63C924A8:LeaderElection2] INFO  server.RaftServerConfigKeys (ConfUtils.java:logGet(43)) - raft.server.watch.element-limit = 65536 (default)
2019-09-25 04:50:29,666 [grpc-default-executor-0] INFO  impl.RaftServerProxy (RaftServerProxy.java:addNew(89)) - aabdae46-dcfa-45e6-b665-2c47bb305ebb: addNew group-A731EA8FB807:[aabdae46-dcfa-45e6-b665-2c47bb305ebb:192.168.151.106:41436] returns group-A731EA8FB807:java.util.concurrent.CompletableFuture@45fe9b74[Not completed]
2019-09-25 04:50:29,668 [pool-67-thread-1] INFO  impl.RaftServerImpl (RaftServerImpl.java:<init>(95)) - aabdae46-dcfa-45e6-b665-2c47bb305ebb: new RaftServerImpl for group-A731EA8FB807:[aabdae46-dcfa-45e6-b665-2c47bb305ebb:192.168.151.106:41436] with ContainerStateMachine:uninitialized
2019-09-25 04:50:29,668 [pool-67-thread-1] INFO  server.RaftServerConfigKeys (ConfUtils.java:logGet(43)) - raft.server.rpc.timeout.min = 5s (custom)
2019-09-25 04:50:29,668 [pool-67-thread-1] INFO  server.RaftServerConfigKeys (ConfUtils.java:logGet(43)) - raft.server.rpc.timeout.max = 5200ms (custom)
2019-09-25 04:50:29,668 [pool-67-thread-1] INFO  server.RaftServerConfigKeys (ConfUtils.java:logGet(43)) - raft.server.rpcslowness.timeout = 120s (custom)
2019-09-25 04:50:29,668 [pool-67-thread-1] INFO  server.RaftServerConfigKeys (ConfUtils.java:logGet(43)) - raft.server.sleep.deviation.threshold = 300 (default)
2019-09-25 04:50:29,668 [pool-67-thread-1] INFO  server.RaftServerConfigKeys (ConfUtils.java:logGet(43)) - raft.server.log.appender.install.snapshot.enabled = false (custom)
2019-09-25 04:50:29,668 [9216b865-ce6b-4fb7-bc99-65479a86b6eb@group-765B63C924A8:LeaderElection2] INFO  impl.RoleInfo (RoleInfo.java:updateAndGet(143)) - 9216b865-ce6b-4fb7-bc99-65479a86b6eb: start LeaderState
2019-09-25 04:50:29,668 [pool-67-thread-1] INFO  impl.RaftServerImpl (ServerState.java:<init>(103)) - aabdae46-dcfa-45e6-b665-2c47bb305ebb@group-A731EA8FB807: ConfigurationManager, init=-1: [aabdae46-dcfa-45e6-b665-2c47bb305ebb:192.168.151.106:41436], old=null, confs=<EMPTY_MAP>
2019-09-25 04:50:29,668 [9216b865-ce6b-4fb7-bc99-65479a86b6eb@group-765B63C924A8:LeaderElection2] INFO  segmented.SegmentedRaftLogWorker (SegmentedRaftLogWorker.java:startLogSegment(380)) - 9216b865-ce6b-4fb7-bc99-65479a86b6eb@group-765B63C924A8-SegmentedRaftLogWorker: Starting segment from index:0
2019-09-25 04:50:29,669 [pool-67-thread-1] INFO  server.RaftServerConfigKeys (ConfUtils.java:logGet(43)) - raft.server.storage.dir = [/workdir/hadoop-ozone/integration-test/target/test-dir/MiniOzoneClusterImpl-72f6cbb0-c919-4300-9939-20ef1cbf0e73/datanode-4/data/ratis] (custom)
2019-09-25 04:50:29,669 [9216b865-ce6b-4fb7-bc99-65479a86b6eb@group-765B63C924A8:LeaderElection2] INFO  impl.RaftServerImpl (ServerState.java:setRaftConf(354)) - 9216b865-ce6b-4fb7-bc99-65479a86b6eb@group-765B63C924A8: set configuration 0: [9216b865-ce6b-4fb7-bc99-65479a86b6eb:192.168.151.106:43252], old=null at 0
2019-09-25 04:50:29,669 [pool-67-thread-1] INFO  storage.RaftStorageDirectory (RaftStorageDirectory.java:analyzeStorage(246)) - The storage directory /workdir/hadoop-ozone/integration-test/target/test-dir/MiniOzoneClusterImpl-72f6cbb0-c919-4300-9939-20ef1cbf0e73/datanode-4/data/ratis/9b3b6956-0e00-4b09-9c64-a731ea8fb807 does not exist. Creating ...
2019-09-25 04:50:29,703 [Thread-249] INFO  impl.FollowerState (FollowerState.java:run(106)) - a167ab1f-c96d-409e-bb26-ea230783d833:group-6729FCE98BC2 changes to CANDIDATE, lastRpcTime:5047, electionTimeout:5046ms
2019-09-25 04:50:29,704 [Thread-249] INFO  impl.RoleInfo (RoleInfo.java:shutdownFollowerState(121)) - a167ab1f-c96d-409e-bb26-ea230783d833: shutdown FollowerState
2019-09-25 04:50:29,705 [Thread-249] INFO  impl.RaftServerImpl (RaftServerImpl.java:setRole(174)) - a167ab1f-c96d-409e-bb26-ea230783d833@group-6729FCE98BC2: changes role from  FOLLOWER to CANDIDATE at term 0 for changeToCandidate
2019-09-25 04:50:29,705 [Thread-249] INFO  impl.RoleInfo (RoleInfo.java:updateAndGet(143)) - a167ab1f-c96d-409e-bb26-ea230783d833: start LeaderElection
2019-09-25 04:50:29,727 [pool-67-thread-1] INFO  storage.RaftStorageDirectory (RaftStorageDirectory.java:tryLock(328)) - Lock on /workdir/hadoop-ozone/integration-test/target/test-dir/MiniOzoneClusterImpl-72f6cbb0-c919-4300-9939-20ef1cbf0e73/datanode-4/data/ratis/9b3b6956-0e00-4b09-9c64-a731ea8fb807/in_use.lock acquired by nodename 13648@pr-hdds-1569-x2sr2-3486766547
2019-09-25 04:50:29,727 [9216b865-ce6b-4fb7-bc99-65479a86b6eb@group-765B63C924A8-SegmentedRaftLogWorker] INFO  segmented.SegmentedRaftLogWorker (SegmentedRaftLogWorker.java:execute(569)) - 9216b865-ce6b-4fb7-bc99-65479a86b6eb@group-765B63C924A8-SegmentedRaftLogWorker: created new log segment /workdir/hadoop-ozone/integration-test/target/test-dir/MiniOzoneClusterImpl-72f6cbb0-c919-4300-9939-20ef1cbf0e73/datanode-5/data/ratis/faee7898-f7b6-40e3-9265-765b63c924a8/current/log_inprogress_0
2019-09-25 04:50:29,732 [a167ab1f-c96d-409e-bb26-ea230783d833@group-6729FCE98BC2:LeaderElection3] INFO  impl.LeaderElection (LeaderElection.java:askForVotes(182)) - a167ab1f-c96d-409e-bb26-ea230783d833@group-6729FCE98BC2:LeaderElection3: begin an election at term 1 for -1: [a167ab1f-c96d-409e-bb26-ea230783d833:192.168.151.106:33404], old=null
2019-09-25 04:50:29,733 [a167ab1f-c96d-409e-bb26-ea230783d833@group-6729FCE98BC2:LeaderElection3] INFO  impl.RoleInfo (RoleInfo.java:shutdownLeaderElection(134)) - a167ab1f-c96d-409e-bb26-ea230783d833: shutdown LeaderElection
2019-09-25 04:50:29,733 [a167ab1f-c96d-409e-bb26-ea230783d833@group-6729FCE98BC2:LeaderElection3] INFO  impl.RaftServerImpl (RaftServerImpl.java:setRole(174)) - a167ab1f-c96d-409e-bb26-ea230783d833@group-6729FCE98BC2: changes role from CANDIDATE to LEADER at term 1 for changeToLeader
2019-09-25 04:50:29,733 [pool-67-thread-1] INFO  storage.RaftStorage (RaftStorage.java:format(72)) - Storage directory /workdir/hadoop-ozone/integration-test/target/test-dir/MiniOzoneClusterImpl-72f6cbb0-c919-4300-9939-20ef1cbf0e73/datanode-4/data/ratis/9b3b6956-0e00-4b09-9c64-a731ea8fb807 has been successfully formatted.
2019-09-25 04:50:29,733 [a167ab1f-c96d-409e-bb26-ea230783d833@group-6729FCE98BC2:LeaderElection3] INFO  impl.RaftServerImpl (ServerState.java:setLeader(253)) - a167ab1f-c96d-409e-bb26-ea230783d833@group-6729FCE98BC2: change Leader from null to a167ab1f-c96d-409e-bb26-ea230783d833 at term 1 for becomeLeader, leader elected after 5097ms
2019-09-25 04:50:29,733 [pool-67-thread-1] INFO  ratis.ContainerStateMachine (ContainerStateMachine.java:loadSnapshot(230)) - group-A731EA8FB807: The snapshot info is null. Setting the last applied indexto:(t:0, i:~)
2019-09-25 04:50:29,736 [a167ab1f-c96d-409e-bb26-ea230783d833@group-6729FCE98BC2:LeaderElection3] INFO  server.RaftServerConfigKeys (ConfUtils.java:logGet(43)) - raft.server.staging.catchup.gap = 1000 (default)
2019-09-25 04:50:29,736 [pool-67-thread-1] INFO  server.RaftServerConfigKeys (ConfUtils.java:logGet(43)) - raft.server.notification.no-leader.timeout = 120s (custom)
2019-09-25 04:50:29,736 [a167ab1f-c96d-409e-bb26-ea230783d833@group-6729FCE98BC2:LeaderElection3] INFO  server.RaftServerConfigKeys (ConfUtils.java:logGet(43)) - raft.server.rpc.sleep.time = 25ms (default)
2019-09-25 04:50:29,736 [pool-67-thread-1] INFO  server.RaftServerConfigKeys (ConfUtils.java:logGet(43)) - raft.server.log.use.memory = false (default)
2019-09-25 04:50:29,736 [a167ab1f-c96d-409e-bb26-ea230783d833@group-6729FCE98BC2:LeaderElection3] INFO  server.RaftServerConfigKeys (ConfUtils.java:logGet(43)) - raft.server.write.element-limit = 4096 (default)
2019-09-25 04:50:29,736 [pool-67-thread-1] INFO  server.RaftServerConfigKeys (ConfUtils.java:logGet(43)) - raft.server.log.purge.gap = 1000000 (custom)
2019-09-25 04:50:29,737 [a167ab1f-c96d-409e-bb26-ea230783d833@group-6729FCE98BC2:LeaderElection3] INFO  server.RaftServerConfigKeys (ConfUtils.java:logGet(43)) - raft.server.watch.timeout = 10s (default)
2019-09-25 04:50:29,737 [pool-67-thread-1] INFO  server.RaftServerConfigKeys (ConfUtils.java:logGet(43)) - raft.server.log.appender.buffer.byte-limit = 33554432 (custom)
2019-09-25 04:50:29,737 [a167ab1f-c96d-409e-bb26-ea230783d833@group-6729FCE98BC2:LeaderElection3] INFO  server.RaftServerConfigKeys (ConfUtils.java:logGet(43)) - raft.server.watch.timeout.denomination = 1s (default)
2019-09-25 04:50:29,737 [pool-67-thread-1] INFO  server.RaftServerConfigKeys (ConfUtils.java:logGet(43)) - raft.server.log.segment.size.max = 1048576 (custom)
2019-09-25 04:50:29,737 [a167ab1f-c96d-409e-bb26-ea230783d833@group-6729FCE98BC2:LeaderElection3] INFO  server.RaftServerConfigKeys (ConfUtils.java:logGet(43)) - raft.server.watch.element-limit = 65536 (default)
2019-09-25 04:50:29,737 [pool-67-thread-1] INFO  server.RaftServerConfigKeys (ConfUtils.java:logGet(43)) - raft.server.log.segment.cache.num.max = 2 (custom)
2019-09-25 04:50:29,738 [pool-67-thread-1] INFO  segmented.SegmentedRaftLogWorker (SegmentedRaftLogWorker.java:<init>(172)) - new aabdae46-dcfa-45e6-b665-2c47bb305ebb@group-A731EA8FB807-SegmentedRaftLogWorker for RaftStorage:Storage Directory /workdir/hadoop-ozone/integration-test/target/test-dir/MiniOzoneClusterImpl-72f6cbb0-c919-4300-9939-20ef1cbf0e73/datanode-4/data/ratis/9b3b6956-0e00-4b09-9c64-a731ea8fb807
2019-09-25 04:50:29,738 [pool-67-thread-1] INFO  server.RaftServerConfigKeys (ConfUtils.java:logGet(43)) - raft.server.log.queue.byte-limit = 2147483647 (custom)
2019-09-25 04:50:29,738 [pool-67-thread-1] INFO  server.RaftServerConfigKeys (ConfUtils.java:logGet(43)) - raft.server.log.queue.element-limit = 1024 (custom)
2019-09-25 04:50:29,738 [pool-67-thread-1] INFO  server.RaftServerConfigKeys (ConfUtils.java:logGet(43)) - raft.server.log.segment.size.max = 1048576 (custom)
2019-09-25 04:50:29,738 [pool-67-thread-1] INFO  server.RaftServerConfigKeys (ConfUtils.java:logGet(43)) - raft.server.log.preallocated.size = 16384 (custom)
2019-09-25 04:50:29,738 [pool-67-thread-1] INFO  server.RaftServerConfigKeys (ConfUtils.java:logGet(43)) - raft.server.log.write.buffer.size = 33554432 (custom)
2019-09-25 04:50:29,738 [pool-67-thread-1] INFO  server.RaftServerConfigKeys (ConfUtils.java:logGet(43)) - raft.server.log.force.sync.num = 128 (default)
2019-09-25 04:50:29,738 [pool-67-thread-1] INFO  server.RaftServerConfigKeys (ConfUtils.java:logGet(43)) - raft.server.log.statemachine.data.sync = true (default)
2019-09-25 04:50:29,739 [pool-67-thread-1] INFO  server.RaftServerConfigKeys (ConfUtils.java:logGet(43)) - raft.server.log.statemachine.data.sync.timeout = 10s (default)
2019-09-25 04:50:29,739 [pool-67-thread-1] INFO  server.RaftServerConfigKeys (ConfUtils.java:logGet(43)) - raft.server.log.statemachine.data.sync.timeout.retry = -1 (default)
2019-09-25 04:50:29,739 [pool-67-thread-1] INFO  server.RaftServerConfigKeys (ConfUtils.java:logGet(43)) - raft.server.log.statemachine.data.caching.enabled = true (custom)
2019-09-25 04:50:29,739 [pool-67-thread-1] INFO  segmented.SegmentedRaftLogWorker (SegmentedRaftLogWorker.java:lambda$new$0(132)) - aabdae46-dcfa-45e6-b665-2c47bb305ebb@group-A731EA8FB807-SegmentedRaftLogWorker: flushIndex: setUnconditionally 0 -> -1
2019-09-25 04:50:29,740 [pool-67-thread-1] INFO  server.RaftServerConfigKeys (ConfUtils.java:logGet(43)) - raft.server.snapshot.auto.trigger.enabled = true (custom)
2019-09-25 04:50:29,740 [pool-67-thread-1] INFO  server.RaftServerConfigKeys (ConfUtils.java:logGet(43)) - raft.server.snapshot.auto.trigger.threshold = 10000 (custom)
2019-09-25 04:50:29,740 [pool-67-thread-1] INFO  server.RaftServerConfigKeys (ConfUtils.java:logGet(43)) - raft.server.snapshot.retention.num.files = 5 (custom)
2019-09-25 04:50:29,740 [pool-67-thread-1] INFO  server.RaftServerConfigKeys (ConfUtils.java:logGet(43)) - raft.server.retrycache.expirytime = 600000ms (custom)
2019-09-25 04:50:29,740 [a167ab1f-c96d-409e-bb26-ea230783d833@group-6729FCE98BC2:LeaderElection3] INFO  impl.RoleInfo (RoleInfo.java:updateAndGet(143)) - a167ab1f-c96d-409e-bb26-ea230783d833: start LeaderState
2019-09-25 04:50:29,740 [a167ab1f-c96d-409e-bb26-ea230783d833@group-6729FCE98BC2:LeaderElection3] INFO  segmented.SegmentedRaftLogWorker (SegmentedRaftLogWorker.java:startLogSegment(380)) - a167ab1f-c96d-409e-bb26-ea230783d833@group-6729FCE98BC2-SegmentedRaftLogWorker: Starting segment from index:0
2019-09-25 04:50:29,741 [a167ab1f-c96d-409e-bb26-ea230783d833@group-6729FCE98BC2:LeaderElection3] INFO  impl.RaftServerImpl (ServerState.java:setRaftConf(354)) - a167ab1f-c96d-409e-bb26-ea230783d833@group-6729FCE98BC2: set configuration 0: [a167ab1f-c96d-409e-bb26-ea230783d833:192.168.151.106:33404], old=null at 0
2019-09-25 04:50:29,774 [Thread-246] INFO  impl.FollowerState (FollowerState.java:run(106)) - 45f1801e-7cfd-420a-bb39-98f19dcc81c3:group-7715DB851B41 changes to CANDIDATE, lastRpcTime:5201, electionTimeout:5198ms
2019-09-25 04:50:29,774 [Thread-246] INFO  impl.RoleInfo (RoleInfo.java:shutdownFollowerState(121)) - 45f1801e-7cfd-420a-bb39-98f19dcc81c3: shutdown FollowerState
2019-09-25 04:50:29,774 [Thread-246] INFO  impl.RaftServerImpl (RaftServerImpl.java:setRole(174)) - 45f1801e-7cfd-420a-bb39-98f19dcc81c3@group-7715DB851B41: changes role from  FOLLOWER to CANDIDATE at term 0 for changeToCandidate
2019-09-25 04:50:29,775 [Thread-246] INFO  impl.RoleInfo (RoleInfo.java:updateAndGet(143)) - 45f1801e-7cfd-420a-bb39-98f19dcc81c3: start LeaderElection
2019-09-25 04:50:29,783 [pool-67-thread-1] INFO  impl.RaftServerImpl (RaftServerImpl.java:start(185)) - aabdae46-dcfa-45e6-b665-2c47bb305ebb@group-A731EA8FB807: start as a follower, conf=-1: [aabdae46-dcfa-45e6-b665-2c47bb305ebb:192.168.151.106:41436], old=null
2019-09-25 04:50:29,783 [pool-67-thread-1] INFO  impl.RaftServerImpl (RaftServerImpl.java:setRole(174)) - aabdae46-dcfa-45e6-b665-2c47bb305ebb@group-A731EA8FB807: changes role from      null to FOLLOWER at term 0 for startAsFollower
2019-09-25 04:50:29,783 [pool-67-thread-1] INFO  impl.RoleInfo (RoleInfo.java:updateAndGet(143)) - aabdae46-dcfa-45e6-b665-2c47bb305ebb: start FollowerState
2019-09-25 04:50:29,784 [pool-67-thread-1] INFO  util.JmxRegister (JmxRegister.java:tryRegister(44)) - Successfully registered JMX Bean with object name Ratis:service=RaftServer,group=group-A731EA8FB807,id=aabdae46-dcfa-45e6-b665-2c47bb305ebb
2019-09-25 04:50:29,786 [a167ab1f-c96d-409e-bb26-ea230783d833@group-6729FCE98BC2-SegmentedRaftLogWorker] INFO  segmented.SegmentedRaftLogWorker (SegmentedRaftLogWorker.java:execute(569)) - a167ab1f-c96d-409e-bb26-ea230783d833@group-6729FCE98BC2-SegmentedRaftLogWorker: created new log segment /workdir/hadoop-ozone/integration-test/target/test-dir/MiniOzoneClusterImpl-72f6cbb0-c919-4300-9939-20ef1cbf0e73/datanode-2/data/ratis/b97d999c-b7a5-48ef-a2bd-6729fce98bc2/current/log_inprogress_0
2019-09-25 04:50:29,786 [45f1801e-7cfd-420a-bb39-98f19dcc81c3@group-7715DB851B41:LeaderElection4] INFO  impl.LeaderElection (LeaderElection.java:askForVotes(182)) - 45f1801e-7cfd-420a-bb39-98f19dcc81c3@group-7715DB851B41:LeaderElection4: begin an election at term 1 for -1: [45f1801e-7cfd-420a-bb39-98f19dcc81c3:192.168.151.106:38437], old=null
2019-09-25 04:50:29,786 [RatisPipelineUtilsThread] INFO  pipeline.PipelineStateManager (PipelineStateManager.java:addPipeline(56)) - Created pipeline Pipeline[ Id: 9b3b6956-0e00-4b09-9c64-a731ea8fb807, Nodes: aabdae46-dcfa-45e6-b665-2c47bb305ebb{ip: 192.168.151.106, host: pr-hdds-1569-x2sr2-3486766547, networkLocation: /default-rack, certSerialId: null}, Type:RATIS, Factor:ONE, State:OPEN]
2019-09-25 04:50:29,787 [45f1801e-7cfd-420a-bb39-98f19dcc81c3@group-7715DB851B41:LeaderElection4] INFO  impl.RoleInfo (RoleInfo.java:shutdownLeaderElection(134)) - 45f1801e-7cfd-420a-bb39-98f19dcc81c3: shutdown LeaderElection
2019-09-25 04:50:29,787 [45f1801e-7cfd-420a-bb39-98f19dcc81c3@group-7715DB851B41:LeaderElection4] INFO  impl.RaftServerImpl (RaftServerImpl.java:setRole(174)) - 45f1801e-7cfd-420a-bb39-98f19dcc81c3@group-7715DB851B41: changes role from CANDIDATE to LEADER at term 1 for changeToLeader
2019-09-25 04:50:29,787 [45f1801e-7cfd-420a-bb39-98f19dcc81c3@group-7715DB851B41:LeaderElection4] INFO  impl.RaftServerImpl (ServerState.java:setLeader(253)) - 45f1801e-7cfd-420a-bb39-98f19dcc81c3@group-7715DB851B41: change Leader from null to 45f1801e-7cfd-420a-bb39-98f19dcc81c3 at term 1 for becomeLeader, leader elected after 5275ms
2019-09-25 04:50:29,790 [45f1801e-7cfd-420a-bb39-98f19dcc81c3@group-7715DB851B41:LeaderElection4] INFO  server.RaftServerConfigKeys (ConfUtils.java:logGet(43)) - raft.server.staging.catchup.gap = 1000 (default)
2019-09-25 04:50:29,790 [45f1801e-7cfd-420a-bb39-98f19dcc81c3@group-7715DB851B41:LeaderElection4] INFO  server.RaftServerConfigKeys (ConfUtils.java:logGet(43)) - raft.server.rpc.sleep.time = 25ms (default)
2019-09-25 04:50:29,790 [45f1801e-7cfd-420a-bb39-98f19dcc81c3@group-7715DB851B41:LeaderElection4] INFO  server.RaftServerConfigKeys (ConfUtils.java:logGet(43)) - raft.server.write.element-limit = 4096 (default)
2019-09-25 04:50:29,790 [45f1801e-7cfd-420a-bb39-98f19dcc81c3@group-7715DB851B41:LeaderElection4] INFO  server.RaftServerConfigKeys (ConfUtils.java:logGet(43)) - raft.server.watch.timeout = 10s (default)
2019-09-25 04:50:29,791 [45f1801e-7cfd-420a-bb39-98f19dcc81c3@group-7715DB851B41:LeaderElection4] INFO  server.RaftServerConfigKeys (ConfUtils.java:logGet(43)) - raft.server.watch.timeout.denomination = 1s (default)
2019-09-25 04:50:29,791 [45f1801e-7cfd-420a-bb39-98f19dcc81c3@group-7715DB851B41:LeaderElection4] INFO  server.RaftServerConfigKeys (ConfUtils.java:logGet(43)) - raft.server.watch.element-limit = 65536 (default)
2019-09-25 04:50:29,794 [45f1801e-7cfd-420a-bb39-98f19dcc81c3@group-7715DB851B41:LeaderElection4] INFO  impl.RoleInfo (RoleInfo.java:updateAndGet(143)) - 45f1801e-7cfd-420a-bb39-98f19dcc81c3: start LeaderState
2019-09-25 04:50:29,794 [45f1801e-7cfd-420a-bb39-98f19dcc81c3@group-7715DB851B41:LeaderElection4] INFO  segmented.SegmentedRaftLogWorker (SegmentedRaftLogWorker.java:startLogSegment(380)) - 45f1801e-7cfd-420a-bb39-98f19dcc81c3@group-7715DB851B41-SegmentedRaftLogWorker: Starting segment from index:0
2019-09-25 04:50:29,795 [45f1801e-7cfd-420a-bb39-98f19dcc81c3@group-7715DB851B41:LeaderElection4] INFO  impl.RaftServerImpl (ServerState.java:setRaftConf(354)) - 45f1801e-7cfd-420a-bb39-98f19dcc81c3@group-7715DB851B41: set configuration 0: [45f1801e-7cfd-420a-bb39-98f19dcc81c3:192.168.151.106:38437], old=null at 0
2019-09-25 04:50:29,825 [grpc-default-executor-0] INFO  impl.RaftServerProxy (RaftServerProxy.java:addNew(89)) - 4f7802c6-3418-4fbd-b0c6-a8e36fcecb0a: addNew group-24B127BB6DA0:[4f7802c6-3418-4fbd-b0c6-a8e36fcecb0a:192.168.151.106:42026] returns group-24B127BB6DA0:java.util.concurrent.CompletableFuture@48a8a7c2[Not completed]
2019-09-25 04:50:29,827 [pool-57-thread-1] INFO  impl.RaftServerImpl (RaftServerImpl.java:<init>(95)) - 4f7802c6-3418-4fbd-b0c6-a8e36fcecb0a: new RaftServerImpl for group-24B127BB6DA0:[4f7802c6-3418-4fbd-b0c6-a8e36fcecb0a:192.168.151.106:42026] with ContainerStateMachine:uninitialized
2019-09-25 04:50:29,827 [pool-57-thread-1] INFO  server.RaftServerConfigKeys (ConfUtils.java:logGet(43)) - raft.server.rpc.timeout.min = 5s (custom)
2019-09-25 04:50:29,827 [pool-57-thread-1] INFO  server.RaftServerConfigKeys (ConfUtils.java:logGet(43)) - raft.server.rpc.timeout.max = 5200ms (custom)
2019-09-25 04:50:29,828 [pool-57-thread-1] INFO  server.RaftServerConfigKeys (ConfUtils.java:logGet(43)) - raft.server.rpcslowness.timeout = 120s (custom)
2019-09-25 04:50:29,828 [pool-57-thread-1] INFO  server.RaftServerConfigKeys (ConfUtils.java:logGet(43)) - raft.server.sleep.deviation.threshold = 300 (default)
2019-09-25 04:50:29,828 [pool-57-thread-1] INFO  server.RaftServerConfigKeys (ConfUtils.java:logGet(43)) - raft.server.log.appender.install.snapshot.enabled = false (custom)
2019-09-25 04:50:29,828 [pool-57-thread-1] INFO  impl.RaftServerImpl (ServerState.java:<init>(103)) - 4f7802c6-3418-4fbd-b0c6-a8e36fcecb0a@group-24B127BB6DA0: ConfigurationManager, init=-1: [4f7802c6-3418-4fbd-b0c6-a8e36fcecb0a:192.168.151.106:42026], old=null, confs=<EMPTY_MAP>
2019-09-25 04:50:29,828 [pool-57-thread-1] INFO  server.RaftServerConfigKeys (ConfUtils.java:logGet(43)) - raft.server.storage.dir = [/workdir/hadoop-ozone/integration-test/target/test-dir/MiniOzoneClusterImpl-72f6cbb0-c919-4300-9939-20ef1cbf0e73/datanode-3/data/ratis] (custom)
2019-09-25 04:50:29,829 [pool-57-thread-1] INFO  storage.RaftStorageDirectory (RaftStorageDirectory.java:analyzeStorage(246)) - The storage directory /workdir/hadoop-ozone/integration-test/target/test-dir/MiniOzoneClusterImpl-72f6cbb0-c919-4300-9939-20ef1cbf0e73/datanode-3/data/ratis/4b814f47-594d-460b-9773-24b127bb6da0 does not exist. Creating ...
2019-09-25 04:50:29,837 [pool-57-thread-1] INFO  storage.RaftStorageDirectory (RaftStorageDirectory.java:tryLock(328)) - Lock on /workdir/hadoop-ozone/integration-test/target/test-dir/MiniOzoneClusterImpl-72f6cbb0-c919-4300-9939-20ef1cbf0e73/datanode-3/data/ratis/4b814f47-594d-460b-9773-24b127bb6da0/in_use.lock acquired by nodename 13648@pr-hdds-1569-x2sr2-3486766547
2019-09-25 04:50:29,837 [45f1801e-7cfd-420a-bb39-98f19dcc81c3@group-7715DB851B41-SegmentedRaftLogWorker] INFO  segmented.SegmentedRaftLogWorker (SegmentedRaftLogWorker.java:execute(569)) - 45f1801e-7cfd-420a-bb39-98f19dcc81c3@group-7715DB851B41-SegmentedRaftLogWorker: created new log segment /workdir/hadoop-ozone/integration-test/target/test-dir/MiniOzoneClusterImpl-72f6cbb0-c919-4300-9939-20ef1cbf0e73/datanode-6/data/ratis/5c125e37-f628-4715-9eab-7715db851b41/current/log_inprogress_0
2019-09-25 04:50:29,851 [pool-57-thread-1] INFO  storage.RaftStorage (RaftStorage.java:format(72)) - Storage directory /workdir/hadoop-ozone/integration-test/target/test-dir/MiniOzoneClusterImpl-72f6cbb0-c919-4300-9939-20ef1cbf0e73/datanode-3/data/ratis/4b814f47-594d-460b-9773-24b127bb6da0 has been successfully formatted.
2019-09-25 04:50:29,851 [pool-57-thread-1] INFO  ratis.ContainerStateMachine (ContainerStateMachine.java:loadSnapshot(230)) - group-24B127BB6DA0: The snapshot info is null. Setting the last applied indexto:(t:0, i:~)
2019-09-25 04:50:29,851 [pool-57-thread-1] INFO  server.RaftServerConfigKeys (ConfUtils.java:logGet(43)) - raft.server.notification.no-leader.timeout = 120s (custom)
2019-09-25 04:50:29,851 [pool-57-thread-1] INFO  server.RaftServerConfigKeys (ConfUtils.java:logGet(43)) - raft.server.log.use.memory = false (default)
2019-09-25 04:50:29,852 [pool-57-thread-1] INFO  server.RaftServerConfigKeys (ConfUtils.java:logGet(43)) - raft.server.log.purge.gap = 1000000 (custom)
2019-09-25 04:50:29,852 [pool-57-thread-1] INFO  server.RaftServerConfigKeys (ConfUtils.java:logGet(43)) - raft.server.log.appender.buffer.byte-limit = 33554432 (custom)
2019-09-25 04:50:29,852 [pool-57-thread-1] INFO  server.RaftServerConfigKeys (ConfUtils.java:logGet(43)) - raft.server.log.segment.size.max = 1048576 (custom)
2019-09-25 04:50:29,852 [pool-57-thread-1] INFO  server.RaftServerConfigKeys (ConfUtils.java:logGet(43)) - raft.server.log.segment.cache.num.max = 2 (custom)
2019-09-25 04:50:29,852 [pool-57-thread-1] INFO  segmented.SegmentedRaftLogWorker (SegmentedRaftLogWorker.java:<init>(172)) - new 4f7802c6-3418-4fbd-b0c6-a8e36fcecb0a@group-24B127BB6DA0-SegmentedRaftLogWorker for RaftStorage:Storage Directory /workdir/hadoop-ozone/integration-test/target/test-dir/MiniOzoneClusterImpl-72f6cbb0-c919-4300-9939-20ef1cbf0e73/datanode-3/data/ratis/4b814f47-594d-460b-9773-24b127bb6da0
2019-09-25 04:50:29,852 [pool-57-thread-1] INFO  server.RaftServerConfigKeys (ConfUtils.java:logGet(43)) - raft.server.log.queue.byte-limit = 2147483647 (custom)
2019-09-25 04:50:29,852 [pool-57-thread-1] INFO  server.RaftServerConfigKeys (ConfUtils.java:logGet(43)) - raft.server.log.queue.element-limit = 1024 (custom)
2019-09-25 04:50:29,853 [pool-57-thread-1] INFO  server.RaftServerConfigKeys (ConfUtils.java:logGet(43)) - raft.server.log.segment.size.max = 1048576 (custom)
2019-09-25 04:50:29,853 [pool-57-thread-1] INFO  server.RaftServerConfigKeys (ConfUtils.java:logGet(43)) - raft.server.log.preallocated.size = 16384 (custom)
2019-09-25 04:50:29,853 [pool-57-thread-1] INFO  server.RaftServerConfigKeys (ConfUtils.java:logGet(43)) - raft.server.log.write.buffer.size = 33554432 (custom)
2019-09-25 04:50:29,853 [pool-57-thread-1] INFO  server.RaftServerConfigKeys (ConfUtils.java:logGet(43)) - raft.server.log.force.sync.num = 128 (default)
2019-09-25 04:50:29,853 [pool-57-thread-1] INFO  server.RaftServerConfigKeys (ConfUtils.java:logGet(43)) - raft.server.log.statemachine.data.sync = true (default)
2019-09-25 04:50:29,853 [pool-57-thread-1] INFO  server.RaftServerConfigKeys (ConfUtils.java:logGet(43)) - raft.server.log.statemachine.data.sync.timeout = 10s (default)
2019-09-25 04:50:29,853 [pool-57-thread-1] INFO  server.RaftServerConfigKeys (ConfUtils.java:logGet(43)) - raft.server.log.statemachine.data.sync.timeout.retry = -1 (default)
2019-09-25 04:50:29,854 [pool-57-thread-1] INFO  server.RaftServerConfigKeys (ConfUtils.java:logGet(43)) - raft.server.log.statemachine.data.caching.enabled = true (custom)
2019-09-25 04:50:29,854 [pool-57-thread-1] INFO  segmented.SegmentedRaftLogWorker (SegmentedRaftLogWorker.java:lambda$new$0(132)) - 4f7802c6-3418-4fbd-b0c6-a8e36fcecb0a@group-24B127BB6DA0-SegmentedRaftLogWorker: flushIndex: setUnconditionally 0 -> -1
2019-09-25 04:50:29,854 [pool-57-thread-1] INFO  server.RaftServerConfigKeys (ConfUtils.java:logGet(43)) - raft.server.snapshot.auto.trigger.enabled = true (custom)
2019-09-25 04:50:29,855 [pool-57-thread-1] INFO  server.RaftServerConfigKeys (ConfUtils.java:logGet(43)) - raft.server.snapshot.auto.trigger.threshold = 10000 (custom)
2019-09-25 04:50:29,855 [pool-57-thread-1] INFO  server.RaftServerConfigKeys (ConfUtils.java:logGet(43)) - raft.server.snapshot.retention.num.files = 5 (custom)
2019-09-25 04:50:29,855 [pool-57-thread-1] INFO  server.RaftServerConfigKeys (ConfUtils.java:logGet(43)) - raft.server.retrycache.expirytime = 600000ms (custom)
2019-09-25 04:50:29,858 [pool-57-thread-1] INFO  impl.RaftServerImpl (RaftServerImpl.java:start(185)) - 4f7802c6-3418-4fbd-b0c6-a8e36fcecb0a@group-24B127BB6DA0: start as a follower, conf=-1: [4f7802c6-3418-4fbd-b0c6-a8e36fcecb0a:192.168.151.106:42026], old=null
2019-09-25 04:50:29,858 [pool-57-thread-1] INFO  impl.RaftServerImpl (RaftServerImpl.java:setRole(174)) - 4f7802c6-3418-4fbd-b0c6-a8e36fcecb0a@group-24B127BB6DA0: changes role from      null to FOLLOWER at term 0 for startAsFollower
2019-09-25 04:50:29,858 [pool-57-thread-1] INFO  impl.RoleInfo (RoleInfo.java:updateAndGet(143)) - 4f7802c6-3418-4fbd-b0c6-a8e36fcecb0a: start FollowerState
2019-09-25 04:50:29,859 [pool-57-thread-1] INFO  util.JmxRegister (JmxRegister.java:tryRegister(44)) - Successfully registered JMX Bean with object name Ratis:service=RaftServer,group=group-24B127BB6DA0,id=4f7802c6-3418-4fbd-b0c6-a8e36fcecb0a
2019-09-25 04:50:29,862 [RatisPipelineUtilsThread] INFO  pipeline.PipelineStateManager (PipelineStateManager.java:addPipeline(56)) - Created pipeline Pipeline[ Id: 4b814f47-594d-460b-9773-24b127bb6da0, Nodes: 4f7802c6-3418-4fbd-b0c6-a8e36fcecb0a{ip: 192.168.151.106, host: pr-hdds-1569-x2sr2-3486766547, networkLocation: /default-rack, certSerialId: null}, Type:RATIS, Factor:ONE, State:OPEN]
2019-09-25 04:50:29,868 [grpc-default-executor-0] INFO  impl.RaftServerProxy (RaftServerProxy.java:addNew(89)) - 9216b865-ce6b-4fb7-bc99-65479a86b6eb: addNew group-32910316964B:[9216b865-ce6b-4fb7-bc99-65479a86b6eb:192.168.151.106:43252] returns group-32910316964B:java.util.concurrent.CompletableFuture@31d6fd7d[Not completed]
2019-09-25 04:50:29,870 [pool-77-thread-1] INFO  impl.RaftServerImpl (RaftServerImpl.java:<init>(95)) - 9216b865-ce6b-4fb7-bc99-65479a86b6eb: new RaftServerImpl for group-32910316964B:[9216b865-ce6b-4fb7-bc99-65479a86b6eb:192.168.151.106:43252] with ContainerStateMachine:uninitialized
2019-09-25 04:50:29,870 [pool-77-thread-1] INFO  server.RaftServerConfigKeys (ConfUtils.java:logGet(43)) - raft.server.rpc.timeout.min = 5s (custom)
2019-09-25 04:50:29,870 [pool-77-thread-1] INFO  server.RaftServerConfigKeys (ConfUtils.java:logGet(43)) - raft.server.rpc.timeout.max = 5200ms (custom)
2019-09-25 04:50:29,870 [pool-77-thread-1] INFO  server.RaftServerConfigKeys (ConfUtils.java:logGet(43)) - raft.server.rpcslowness.timeout = 120s (custom)
2019-09-25 04:50:29,871 [pool-77-thread-1] INFO  server.RaftServerConfigKeys (ConfUtils.java:logGet(43)) - raft.server.sleep.deviation.threshold = 300 (default)
2019-09-25 04:50:29,871 [pool-77-thread-1] INFO  server.RaftServerConfigKeys (ConfUtils.java:logGet(43)) - raft.server.log.appender.install.snapshot.enabled = false (custom)
2019-09-25 04:50:29,871 [pool-77-thread-1] INFO  impl.RaftServerImpl (ServerState.java:<init>(103)) - 9216b865-ce6b-4fb7-bc99-65479a86b6eb@group-32910316964B: ConfigurationManager, init=-1: [9216b865-ce6b-4fb7-bc99-65479a86b6eb:192.168.151.106:43252], old=null, confs=<EMPTY_MAP>
2019-09-25 04:50:29,871 [pool-77-thread-1] INFO  server.RaftServerConfigKeys (ConfUtils.java:logGet(43)) - raft.server.storage.dir = [/workdir/hadoop-ozone/integration-test/target/test-dir/MiniOzoneClusterImpl-72f6cbb0-c919-4300-9939-20ef1cbf0e73/datanode-5/data/ratis] (custom)
2019-09-25 04:50:29,872 [pool-77-thread-1] INFO  storage.RaftStorageDirectory (RaftStorageDirectory.java:analyzeStorage(246)) - The storage directory /workdir/hadoop-ozone/integration-test/target/test-dir/MiniOzoneClusterImpl-72f6cbb0-c919-4300-9939-20ef1cbf0e73/datanode-5/data/ratis/fa1b06fe-f128-43d7-af86-32910316964b does not exist. Creating ...
2019-09-25 04:50:29,880 [Thread-255] INFO  impl.FollowerState (FollowerState.java:run(106)) - b40ef231-6505-402b-ae57-fc0dc67cbbe8:group-355BD8AD3117 changes to CANDIDATE, lastRpcTime:5065, electionTimeout:5065ms
2019-09-25 04:50:29,880 [Thread-255] INFO  impl.RoleInfo (RoleInfo.java:shutdownFollowerState(121)) - b40ef231-6505-402b-ae57-fc0dc67cbbe8: shutdown FollowerState
2019-09-25 04:50:29,880 [Thread-255] INFO  impl.RaftServerImpl (RaftServerImpl.java:setRole(174)) - b40ef231-6505-402b-ae57-fc0dc67cbbe8@group-355BD8AD3117: changes role from  FOLLOWER to CANDIDATE at term 0 for changeToCandidate
2019-09-25 04:50:29,880 [Thread-255] INFO  impl.RoleInfo (RoleInfo.java:updateAndGet(143)) - b40ef231-6505-402b-ae57-fc0dc67cbbe8: start LeaderElection
2019-09-25 04:50:29,887 [Thread-252] INFO  impl.FollowerState (FollowerState.java:run(106)) - 4f7802c6-3418-4fbd-b0c6-a8e36fcecb0a:group-F41B3B604C35 changes to CANDIDATE, lastRpcTime:5151, electionTimeout:5149ms
2019-09-25 04:50:29,887 [Thread-252] INFO  impl.RoleInfo (RoleInfo.java:shutdownFollowerState(121)) - 4f7802c6-3418-4fbd-b0c6-a8e36fcecb0a: shutdown FollowerState
2019-09-25 04:50:29,887 [Thread-252] INFO  impl.RaftServerImpl (RaftServerImpl.java:setRole(174)) - 4f7802c6-3418-4fbd-b0c6-a8e36fcecb0a@group-F41B3B604C35: changes role from  FOLLOWER to CANDIDATE at term 0 for changeToCandidate
2019-09-25 04:50:29,887 [Thread-252] INFO  impl.RoleInfo (RoleInfo.java:updateAndGet(143)) - 4f7802c6-3418-4fbd-b0c6-a8e36fcecb0a: start LeaderElection
2019-09-25 04:50:29,896 [pool-77-thread-1] INFO  storage.RaftStorageDirectory (RaftStorageDirectory.java:tryLock(328)) - Lock on /workdir/hadoop-ozone/integration-test/target/test-dir/MiniOzoneClusterImpl-72f6cbb0-c919-4300-9939-20ef1cbf0e73/datanode-5/data/ratis/fa1b06fe-f128-43d7-af86-32910316964b/in_use.lock acquired by nodename 13648@pr-hdds-1569-x2sr2-3486766547
2019-09-25 04:50:29,898 [b40ef231-6505-402b-ae57-fc0dc67cbbe8@group-355BD8AD3117:LeaderElection5] INFO  impl.LeaderElection (LeaderElection.java:askForVotes(182)) - b40ef231-6505-402b-ae57-fc0dc67cbbe8@group-355BD8AD3117:LeaderElection5: begin an election at term 1 for -1: [b40ef231-6505-402b-ae57-fc0dc67cbbe8:192.168.151.106:41861], old=null
2019-09-25 04:50:29,898 [4f7802c6-3418-4fbd-b0c6-a8e36fcecb0a@group-F41B3B604C35:LeaderElection6] INFO  impl.LeaderElection (LeaderElection.java:askForVotes(182)) - 4f7802c6-3418-4fbd-b0c6-a8e36fcecb0a@group-F41B3B604C35:LeaderElection6: begin an election at term 1 for -1: [4f7802c6-3418-4fbd-b0c6-a8e36fcecb0a:192.168.151.106:42026], old=null
2019-09-25 04:50:29,899 [b40ef231-6505-402b-ae57-fc0dc67cbbe8@group-355BD8AD3117:LeaderElection5] INFO  impl.RoleInfo (RoleInfo.java:shutdownLeaderElection(134)) - b40ef231-6505-402b-ae57-fc0dc67cbbe8: shutdown LeaderElection
2019-09-25 04:50:29,899 [4f7802c6-3418-4fbd-b0c6-a8e36fcecb0a@group-F41B3B604C35:LeaderElection6] INFO  impl.RoleInfo (RoleInfo.java:shutdownLeaderElection(134)) - 4f7802c6-3418-4fbd-b0c6-a8e36fcecb0a: shutdown LeaderElection
2019-09-25 04:50:29,899 [b40ef231-6505-402b-ae57-fc0dc67cbbe8@group-355BD8AD3117:LeaderElection5] INFO  impl.RaftServerImpl (RaftServerImpl.java:setRole(174)) - b40ef231-6505-402b-ae57-fc0dc67cbbe8@group-355BD8AD3117: changes role from CANDIDATE to LEADER at term 1 for changeToLeader
2019-09-25 04:50:29,899 [4f7802c6-3418-4fbd-b0c6-a8e36fcecb0a@group-F41B3B604C35:LeaderElection6] INFO  impl.RaftServerImpl (RaftServerImpl.java:setRole(174)) - 4f7802c6-3418-4fbd-b0c6-a8e36fcecb0a@group-F41B3B604C35: changes role from CANDIDATE to LEADER at term 1 for changeToLeader
2019-09-25 04:50:29,899 [b40ef231-6505-402b-ae57-fc0dc67cbbe8@group-355BD8AD3117:LeaderElection5] INFO  impl.RaftServerImpl (ServerState.java:setLeader(253)) - b40ef231-6505-402b-ae57-fc0dc67cbbe8@group-355BD8AD3117: change Leader from null to b40ef231-6505-402b-ae57-fc0dc67cbbe8 at term 1 for becomeLeader, leader elected after 5098ms
2019-09-25 04:50:29,899 [4f7802c6-3418-4fbd-b0c6-a8e36fcecb0a@group-F41B3B604C35:LeaderElection6] INFO  impl.RaftServerImpl (ServerState.java:setLeader(253)) - 4f7802c6-3418-4fbd-b0c6-a8e36fcecb0a@group-F41B3B604C35: change Leader from null to 4f7802c6-3418-4fbd-b0c6-a8e36fcecb0a at term 1 for becomeLeader, leader elected after 5179ms
2019-09-25 04:50:29,902 [pool-77-thread-1] INFO  storage.RaftStorage (RaftStorage.java:format(72)) - Storage directory /workdir/hadoop-ozone/integration-test/target/test-dir/MiniOzoneClusterImpl-72f6cbb0-c919-4300-9939-20ef1cbf0e73/datanode-5/data/ratis/fa1b06fe-f128-43d7-af86-32910316964b has been successfully formatted.
2019-09-25 04:50:29,902 [b40ef231-6505-402b-ae57-fc0dc67cbbe8@group-355BD8AD3117:LeaderElection5] INFO  server.RaftServerConfigKeys (ConfUtils.java:logGet(43)) - raft.server.staging.catchup.gap = 1000 (default)
2019-09-25 04:50:29,905 [pool-77-thread-1] INFO  ratis.ContainerStateMachine (ContainerStateMachine.java:loadSnapshot(230)) - group-32910316964B: The snapshot info is null. Setting the last applied indexto:(t:0, i:~)
2019-09-25 04:50:29,904 [4f7802c6-3418-4fbd-b0c6-a8e36fcecb0a@group-F41B3B604C35:LeaderElection6] INFO  server.RaftServerConfigKeys (ConfUtils.java:logGet(43)) - raft.server.staging.catchup.gap = 1000 (default)
2019-09-25 04:50:29,905 [pool-77-thread-1] INFO  server.RaftServerConfigKeys (ConfUtils.java:logGet(43)) - raft.server.notification.no-leader.timeout = 120s (custom)
2019-09-25 04:50:29,905 [pool-77-thread-1] INFO  server.RaftServerConfigKeys (ConfUtils.java:logGet(43)) - raft.server.log.use.memory = false (default)
2019-09-25 04:50:29,905 [b40ef231-6505-402b-ae57-fc0dc67cbbe8@group-355BD8AD3117:LeaderElection5] INFO  server.RaftServerConfigKeys (ConfUtils.java:logGet(43)) - raft.server.rpc.sleep.time = 25ms (default)
2019-09-25 04:50:29,905 [pool-77-thread-1] INFO  server.RaftServerConfigKeys (ConfUtils.java:logGet(43)) - raft.server.log.purge.gap = 1000000 (custom)
2019-09-25 04:50:29,906 [pool-77-thread-1] INFO  server.RaftServerConfigKeys (ConfUtils.java:logGet(43)) - raft.server.log.appender.buffer.byte-limit = 33554432 (custom)
2019-09-25 04:50:29,905 [4f7802c6-3418-4fbd-b0c6-a8e36fcecb0a@group-F41B3B604C35:LeaderElection6] INFO  server.RaftServerConfigKeys (ConfUtils.java:logGet(43)) - raft.server.rpc.sleep.time = 25ms (default)
2019-09-25 04:50:29,906 [pool-77-thread-1] INFO  server.RaftServerConfigKeys (ConfUtils.java:logGet(43)) - raft.server.log.segment.size.max = 1048576 (custom)
2019-09-25 04:50:29,905 [b40ef231-6505-402b-ae57-fc0dc67cbbe8@group-355BD8AD3117:LeaderElection5] INFO  server.RaftServerConfigKeys (ConfUtils.java:logGet(43)) - raft.server.write.element-limit = 4096 (default)
2019-09-25 04:50:29,906 [pool-77-thread-1] INFO  server.RaftServerConfigKeys (ConfUtils.java:logGet(43)) - raft.server.log.segment.cache.num.max = 2 (custom)
2019-09-25 04:50:29,906 [4f7802c6-3418-4fbd-b0c6-a8e36fcecb0a@group-F41B3B604C35:LeaderElection6] INFO  server.RaftServerConfigKeys (ConfUtils.java:logGet(43)) - raft.server.write.element-limit = 4096 (default)
2019-09-25 04:50:29,907 [pool-77-thread-1] INFO  segmented.SegmentedRaftLogWorker (SegmentedRaftLogWorker.java:<init>(172)) - new 9216b865-ce6b-4fb7-bc99-65479a86b6eb@group-32910316964B-SegmentedRaftLogWorker for RaftStorage:Storage Directory /workdir/hadoop-ozone/integration-test/target/test-dir/MiniOzoneClusterImpl-72f6cbb0-c919-4300-9939-20ef1cbf0e73/datanode-5/data/ratis/fa1b06fe-f128-43d7-af86-32910316964b
2019-09-25 04:50:29,906 [b40ef231-6505-402b-ae57-fc0dc67cbbe8@group-355BD8AD3117:LeaderElection5] INFO  server.RaftServerConfigKeys (ConfUtils.java:logGet(43)) - raft.server.watch.timeout = 10s (default)
2019-09-25 04:50:29,907 [pool-77-thread-1] INFO  server.RaftServerConfigKeys (ConfUtils.java:logGet(43)) - raft.server.log.queue.byte-limit = 2147483647 (custom)
2019-09-25 04:50:29,907 [pool-77-thread-1] INFO  server.RaftServerConfigKeys (ConfUtils.java:logGet(43)) - raft.server.log.queue.element-limit = 1024 (custom)
2019-09-25 04:50:29,907 [4f7802c6-3418-4fbd-b0c6-a8e36fcecb0a@group-F41B3B604C35:LeaderElection6] INFO  server.RaftServerConfigKeys (ConfUtils.java:logGet(43)) - raft.server.watch.timeout = 10s (default)
2019-09-25 04:50:29,907 [pool-77-thread-1] INFO  server.RaftServerConfigKeys (ConfUtils.java:logGet(43)) - raft.server.log.segment.size.max = 1048576 (custom)
2019-09-25 04:50:29,908 [pool-77-thread-1] INFO  server.RaftServerConfigKeys (ConfUtils.java:logGet(43)) - raft.server.log.preallocated.size = 16384 (custom)
2019-09-25 04:50:29,907 [b40ef231-6505-402b-ae57-fc0dc67cbbe8@group-355BD8AD3117:LeaderElection5] INFO  server.RaftServerConfigKeys (ConfUtils.java:logGet(43)) - raft.server.watch.timeout.denomination = 1s (default)
2019-09-25 04:50:29,908 [pool-77-thread-1] INFO  server.RaftServerConfigKeys (ConfUtils.java:logGet(43)) - raft.server.log.write.buffer.size = 33554432 (custom)
2019-09-25 04:50:29,908 [pool-77-thread-1] INFO  server.RaftServerConfigKeys (ConfUtils.java:logGet(43)) - raft.server.log.force.sync.num = 128 (default)
2019-09-25 04:50:29,908 [4f7802c6-3418-4fbd-b0c6-a8e36fcecb0a@group-F41B3B604C35:LeaderElection6] INFO  server.RaftServerConfigKeys (ConfUtils.java:logGet(43)) - raft.server.watch.timeout.denomination = 1s (default)
2019-09-25 04:50:29,908 [pool-77-thread-1] INFO  server.RaftServerConfigKeys (ConfUtils.java:logGet(43)) - raft.server.log.statemachine.data.sync = true (default)
2019-09-25 04:50:29,909 [pool-77-thread-1] INFO  server.RaftServerConfigKeys (ConfUtils.java:logGet(43)) - raft.server.log.statemachine.data.sync.timeout = 10s (default)
2019-09-25 04:50:29,908 [b40ef231-6505-402b-ae57-fc0dc67cbbe8@group-355BD8AD3117:LeaderElection5] INFO  server.RaftServerConfigKeys (ConfUtils.java:logGet(43)) - raft.server.watch.element-limit = 65536 (default)
2019-09-25 04:50:29,909 [pool-77-thread-1] INFO  server.RaftServerConfigKeys (ConfUtils.java:logGet(43)) - raft.server.log.statemachine.data.sync.timeout.retry = -1 (default)
2019-09-25 04:50:29,909 [4f7802c6-3418-4fbd-b0c6-a8e36fcecb0a@group-F41B3B604C35:LeaderElection6] INFO  server.RaftServerConfigKeys (ConfUtils.java:logGet(43)) - raft.server.watch.element-limit = 65536 (default)
2019-09-25 04:50:29,909 [pool-77-thread-1] INFO  server.RaftServerConfigKeys (ConfUtils.java:logGet(43)) - raft.server.log.statemachine.data.caching.enabled = true (custom)
2019-09-25 04:50:29,910 [pool-77-thread-1] INFO  segmented.SegmentedRaftLogWorker (SegmentedRaftLogWorker.java:lambda$new$0(132)) - 9216b865-ce6b-4fb7-bc99-65479a86b6eb@group-32910316964B-SegmentedRaftLogWorker: flushIndex: setUnconditionally 0 -> -1
2019-09-25 04:50:29,910 [pool-77-thread-1] INFO  server.RaftServerConfigKeys (ConfUtils.java:logGet(43)) - raft.server.snapshot.auto.trigger.enabled = true (custom)
2019-09-25 04:50:29,910 [pool-77-thread-1] INFO  server.RaftServerConfigKeys (ConfUtils.java:logGet(43)) - raft.server.snapshot.auto.trigger.threshold = 10000 (custom)
2019-09-25 04:50:29,911 [pool-77-thread-1] INFO  server.RaftServerConfigKeys (ConfUtils.java:logGet(43)) - raft.server.snapshot.retention.num.files = 5 (custom)
2019-09-25 04:50:29,911 [pool-77-thread-1] INFO  server.RaftServerConfigKeys (ConfUtils.java:logGet(43)) - raft.server.retrycache.expirytime = 600000ms (custom)
2019-09-25 04:50:29,915 [b40ef231-6505-402b-ae57-fc0dc67cbbe8@group-355BD8AD3117:LeaderElection5] INFO  impl.RoleInfo (RoleInfo.java:updateAndGet(143)) - b40ef231-6505-402b-ae57-fc0dc67cbbe8: start LeaderState
2019-09-25 04:50:29,916 [b40ef231-6505-402b-ae57-fc0dc67cbbe8@group-355BD8AD3117:LeaderElection5] INFO  segmented.SegmentedRaftLogWorker (SegmentedRaftLogWorker.java:startLogSegment(380)) - b40ef231-6505-402b-ae57-fc0dc67cbbe8@group-355BD8AD3117-SegmentedRaftLogWorker: Starting segment from index:0
2019-09-25 04:50:29,916 [4f7802c6-3418-4fbd-b0c6-a8e36fcecb0a@group-F41B3B604C35:LeaderElection6] INFO  impl.RoleInfo (RoleInfo.java:updateAndGet(143)) - 4f7802c6-3418-4fbd-b0c6-a8e36fcecb0a: start LeaderState
2019-09-25 04:50:29,916 [4f7802c6-3418-4fbd-b0c6-a8e36fcecb0a@group-F41B3B604C35:LeaderElection6] INFO  segmented.SegmentedRaftLogWorker (SegmentedRaftLogWorker.java:startLogSegment(380)) - 4f7802c6-3418-4fbd-b0c6-a8e36fcecb0a@group-F41B3B604C35-SegmentedRaftLogWorker: Starting segment from index:0
2019-09-25 04:50:29,916 [pool-77-thread-1] INFO  impl.RaftServerImpl (RaftServerImpl.java:start(185)) - 9216b865-ce6b-4fb7-bc99-65479a86b6eb@group-32910316964B: start as a follower, conf=-1: [9216b865-ce6b-4fb7-bc99-65479a86b6eb:192.168.151.106:43252], old=null
2019-09-25 04:50:29,916 [b40ef231-6505-402b-ae57-fc0dc67cbbe8@group-355BD8AD3117:LeaderElection5] INFO  impl.RaftServerImpl (ServerState.java:setRaftConf(354)) - b40ef231-6505-402b-ae57-fc0dc67cbbe8@group-355BD8AD3117: set configuration 0: [b40ef231-6505-402b-ae57-fc0dc67cbbe8:192.168.151.106:41861], old=null at 0
2019-09-25 04:50:29,917 [pool-77-thread-1] INFO  impl.RaftServerImpl (RaftServerImpl.java:setRole(174)) - 9216b865-ce6b-4fb7-bc99-65479a86b6eb@group-32910316964B: changes role from      null to FOLLOWER at term 0 for startAsFollower
2019-09-25 04:50:29,954 [4f7802c6-3418-4fbd-b0c6-a8e36fcecb0a@group-F41B3B604C35:LeaderElection6] INFO  impl.RaftServerImpl (ServerState.java:setRaftConf(354)) - 4f7802c6-3418-4fbd-b0c6-a8e36fcecb0a@group-F41B3B604C35: set configuration 0: [4f7802c6-3418-4fbd-b0c6-a8e36fcecb0a:192.168.151.106:42026], old=null at 0
2019-09-25 04:50:29,954 [pool-77-thread-1] INFO  impl.RoleInfo (RoleInfo.java:updateAndGet(143)) - 9216b865-ce6b-4fb7-bc99-65479a86b6eb: start FollowerState
2019-09-25 04:50:29,996 [b40ef231-6505-402b-ae57-fc0dc67cbbe8@group-355BD8AD3117-SegmentedRaftLogWorker] INFO  segmented.SegmentedRaftLogWorker (SegmentedRaftLogWorker.java:execute(569)) - b40ef231-6505-402b-ae57-fc0dc67cbbe8@group-355BD8AD3117-SegmentedRaftLogWorker: created new log segment /workdir/hadoop-ozone/integration-test/target/test-dir/MiniOzoneClusterImpl-72f6cbb0-c919-4300-9939-20ef1cbf0e73/datanode-1/data/ratis/9fbfeb1e-2a21-4cff-9e64-355bd8ad3117/current/log_inprogress_0
2019-09-25 04:50:29,997 [pool-77-thread-1] INFO  util.JmxRegister (JmxRegister.java:tryRegister(44)) - Successfully registered JMX Bean with object name Ratis:service=RaftServer,group=group-32910316964B,id=9216b865-ce6b-4fb7-bc99-65479a86b6eb
2019-09-25 04:50:30,001 [RatisPipelineUtilsThread] INFO  pipeline.PipelineStateManager (PipelineStateManager.java:addPipeline(56)) - Created pipeline Pipeline[ Id: fa1b06fe-f128-43d7-af86-32910316964b, Nodes: 9216b865-ce6b-4fb7-bc99-65479a86b6eb{ip: 192.168.151.106, host: pr-hdds-1569-x2sr2-3486766547, networkLocation: /default-rack, certSerialId: null}, Type:RATIS, Factor:ONE, State:OPEN]
2019-09-25 04:50:30,002 [4f7802c6-3418-4fbd-b0c6-a8e36fcecb0a@group-F41B3B604C35-SegmentedRaftLogWorker] INFO  segmented.SegmentedRaftLogWorker (SegmentedRaftLogWorker.java:execute(569)) - 4f7802c6-3418-4fbd-b0c6-a8e36fcecb0a@group-F41B3B604C35-SegmentedRaftLogWorker: created new log segment /workdir/hadoop-ozone/integration-test/target/test-dir/MiniOzoneClusterImpl-72f6cbb0-c919-4300-9939-20ef1cbf0e73/datanode-3/data/ratis/fdc5bd2e-9135-44c1-8a61-f41b3b604c35/current/log_inprogress_0
2019-09-25 04:50:30,006 [Thread-258] INFO  impl.FollowerState (FollowerState.java:run(106)) - c35819d4-86f4-4223-a458-676070fe0cbb:group-A74AFF3C4529 changes to CANDIDATE, lastRpcTime:5116, electionTimeout:5116ms
2019-09-25 04:50:30,007 [Thread-258] INFO  impl.RoleInfo (RoleInfo.java:shutdownFollowerState(121)) - c35819d4-86f4-4223-a458-676070fe0cbb: shutdown FollowerState
2019-09-25 04:50:30,007 [Thread-258] INFO  impl.RaftServerImpl (RaftServerImpl.java:setRole(174)) - c35819d4-86f4-4223-a458-676070fe0cbb@group-A74AFF3C4529: changes role from  FOLLOWER to CANDIDATE at term 0 for changeToCandidate
2019-09-25 04:50:30,007 [Thread-258] INFO  impl.RoleInfo (RoleInfo.java:updateAndGet(143)) - c35819d4-86f4-4223-a458-676070fe0cbb: start LeaderElection
2019-09-25 04:50:30,014 [grpc-default-executor-0] INFO  impl.RaftServerProxy (RaftServerProxy.java:addNew(89)) - a167ab1f-c96d-409e-bb26-ea230783d833: addNew group-7F580B529A80:[a167ab1f-c96d-409e-bb26-ea230783d833:192.168.151.106:33404] returns group-7F580B529A80:java.util.concurrent.CompletableFuture@1ba462e0[Not completed]
2019-09-25 04:50:30,016 [pool-47-thread-1] INFO  impl.RaftServerImpl (RaftServerImpl.java:<init>(95)) - a167ab1f-c96d-409e-bb26-ea230783d833: new RaftServerImpl for group-7F580B529A80:[a167ab1f-c96d-409e-bb26-ea230783d833:192.168.151.106:33404] with ContainerStateMachine:uninitialized
2019-09-25 04:50:30,016 [pool-47-thread-1] INFO  server.RaftServerConfigKeys (ConfUtils.java:logGet(43)) - raft.server.rpc.timeout.min = 5s (custom)
2019-09-25 04:50:30,016 [pool-47-thread-1] INFO  server.RaftServerConfigKeys (ConfUtils.java:logGet(43)) - raft.server.rpc.timeout.max = 5200ms (custom)
2019-09-25 04:50:30,016 [pool-47-thread-1] INFO  server.RaftServerConfigKeys (ConfUtils.java:logGet(43)) - raft.server.rpcslowness.timeout = 120s (custom)
2019-09-25 04:50:30,016 [pool-47-thread-1] INFO  server.RaftServerConfigKeys (ConfUtils.java:logGet(43)) - raft.server.sleep.deviation.threshold = 300 (default)
2019-09-25 04:50:30,016 [pool-47-thread-1] INFO  server.RaftServerConfigKeys (ConfUtils.java:logGet(43)) - raft.server.log.appender.install.snapshot.enabled = false (custom)
2019-09-25 04:50:30,017 [pool-47-thread-1] INFO  impl.RaftServerImpl (ServerState.java:<init>(103)) - a167ab1f-c96d-409e-bb26-ea230783d833@group-7F580B529A80: ConfigurationManager, init=-1: [a167ab1f-c96d-409e-bb26-ea230783d833:192.168.151.106:33404], old=null, confs=<EMPTY_MAP>
2019-09-25 04:50:30,017 [pool-47-thread-1] INFO  server.RaftServerConfigKeys (ConfUtils.java:logGet(43)) - raft.server.storage.dir = [/workdir/hadoop-ozone/integration-test/target/test-dir/MiniOzoneClusterImpl-72f6cbb0-c919-4300-9939-20ef1cbf0e73/datanode-2/data/ratis] (custom)
2019-09-25 04:50:30,017 [pool-47-thread-1] INFO  storage.RaftStorageDirectory (RaftStorageDirectory.java:analyzeStorage(246)) - The storage directory /workdir/hadoop-ozone/integration-test/target/test-dir/MiniOzoneClusterImpl-72f6cbb0-c919-4300-9939-20ef1cbf0e73/datanode-2/data/ratis/f6bb7f9b-5997-47a1-91ce-7f580b529a80 does not exist. Creating ...
2019-09-25 04:50:30,027 [pool-47-thread-1] INFO  storage.RaftStorageDirectory (RaftStorageDirectory.java:tryLock(328)) - Lock on /workdir/hadoop-ozone/integration-test/target/test-dir/MiniOzoneClusterImpl-72f6cbb0-c919-4300-9939-20ef1cbf0e73/datanode-2/data/ratis/f6bb7f9b-5997-47a1-91ce-7f580b529a80/in_use.lock acquired by nodename 13648@pr-hdds-1569-x2sr2-3486766547
2019-09-25 04:50:30,027 [c35819d4-86f4-4223-a458-676070fe0cbb@group-A74AFF3C4529:LeaderElection7] INFO  impl.LeaderElection (LeaderElection.java:askForVotes(182)) - c35819d4-86f4-4223-a458-676070fe0cbb@group-A74AFF3C4529:LeaderElection7: begin an election at term 1 for -1: [c35819d4-86f4-4223-a458-676070fe0cbb:192.168.151.106:44434], old=null
2019-09-25 04:50:30,027 [c35819d4-86f4-4223-a458-676070fe0cbb@group-A74AFF3C4529:LeaderElection7] INFO  impl.RoleInfo (RoleInfo.java:shutdownLeaderElection(134)) - c35819d4-86f4-4223-a458-676070fe0cbb: shutdown LeaderElection
2019-09-25 04:50:30,028 [c35819d4-86f4-4223-a458-676070fe0cbb@group-A74AFF3C4529:LeaderElection7] INFO  impl.RaftServerImpl (RaftServerImpl.java:setRole(174)) - c35819d4-86f4-4223-a458-676070fe0cbb@group-A74AFF3C4529: changes role from CANDIDATE to LEADER at term 1 for changeToLeader
2019-09-25 04:50:30,028 [c35819d4-86f4-4223-a458-676070fe0cbb@group-A74AFF3C4529:LeaderElection7] INFO  impl.RaftServerImpl (ServerState.java:setLeader(253)) - c35819d4-86f4-4223-a458-676070fe0cbb@group-A74AFF3C4529: change Leader from null to c35819d4-86f4-4223-a458-676070fe0cbb at term 1 for becomeLeader, leader elected after 5148ms
2019-09-25 04:50:30,028 [c35819d4-86f4-4223-a458-676070fe0cbb@group-A74AFF3C4529:LeaderElection7] INFO  server.RaftServerConfigKeys (ConfUtils.java:logGet(43)) - raft.server.staging.catchup.gap = 1000 (default)
2019-09-25 04:50:30,028 [c35819d4-86f4-4223-a458-676070fe0cbb@group-A74AFF3C4529:LeaderElection7] INFO  server.RaftServerConfigKeys (ConfUtils.java:logGet(43)) - raft.server.rpc.sleep.time = 25ms (default)
2019-09-25 04:50:30,028 [c35819d4-86f4-4223-a458-676070fe0cbb@group-A74AFF3C4529:LeaderElection7] INFO  server.RaftServerConfigKeys (ConfUtils.java:logGet(43)) - raft.server.write.element-limit = 4096 (default)
2019-09-25 04:50:30,028 [c35819d4-86f4-4223-a458-676070fe0cbb@group-A74AFF3C4529:LeaderElection7] INFO  server.RaftServerConfigKeys (ConfUtils.java:logGet(43)) - raft.server.watch.timeout = 10s (default)
2019-09-25 04:50:30,028 [c35819d4-86f4-4223-a458-676070fe0cbb@group-A74AFF3C4529:LeaderElection7] INFO  server.RaftServerConfigKeys (ConfUtils.java:logGet(43)) - raft.server.watch.timeout.denomination = 1s (default)
2019-09-25 04:50:30,028 [c35819d4-86f4-4223-a458-676070fe0cbb@group-A74AFF3C4529:LeaderElection7] INFO  server.RaftServerConfigKeys (ConfUtils.java:logGet(43)) - raft.server.watch.element-limit = 65536 (default)
2019-09-25 04:50:30,031 [c35819d4-86f4-4223-a458-676070fe0cbb@group-A74AFF3C4529:LeaderElection7] INFO  impl.RoleInfo (RoleInfo.java:updateAndGet(143)) - c35819d4-86f4-4223-a458-676070fe0cbb: start LeaderState
2019-09-25 04:50:30,031 [c35819d4-86f4-4223-a458-676070fe0cbb@group-A74AFF3C4529:LeaderElection7] INFO  segmented.SegmentedRaftLogWorker (SegmentedRaftLogWorker.java:startLogSegment(380)) - c35819d4-86f4-4223-a458-676070fe0cbb@group-A74AFF3C4529-SegmentedRaftLogWorker: Starting segment from index:0
2019-09-25 04:50:30,032 [c35819d4-86f4-4223-a458-676070fe0cbb@group-A74AFF3C4529:LeaderElection7] INFO  impl.RaftServerImpl (ServerState.java:setRaftConf(354)) - c35819d4-86f4-4223-a458-676070fe0cbb@group-A74AFF3C4529: set configuration 0: [c35819d4-86f4-4223-a458-676070fe0cbb:192.168.151.106:44434], old=null at 0
2019-09-25 04:50:30,072 [Thread-261] INFO  impl.FollowerState (FollowerState.java:run(106)) - aabdae46-dcfa-45e6-b665-2c47bb305ebb:group-445600BED9A3 changes to CANDIDATE, lastRpcTime:5072, electionTimeout:5071ms
2019-09-25 04:50:30,072 [pool-47-thread-1] INFO  storage.RaftStorage (RaftStorage.java:format(72)) - Storage directory /workdir/hadoop-ozone/integration-test/target/test-dir/MiniOzoneClusterImpl-72f6cbb0-c919-4300-9939-20ef1cbf0e73/datanode-2/data/ratis/f6bb7f9b-5997-47a1-91ce-7f580b529a80 has been successfully formatted.
2019-09-25 04:50:30,072 [Thread-261] INFO  impl.RoleInfo (RoleInfo.java:shutdownFollowerState(121)) - aabdae46-dcfa-45e6-b665-2c47bb305ebb: shutdown FollowerState
2019-09-25 04:50:30,072 [Thread-261] INFO  impl.RaftServerImpl (RaftServerImpl.java:setRole(174)) - aabdae46-dcfa-45e6-b665-2c47bb305ebb@group-445600BED9A3: changes role from  FOLLOWER to CANDIDATE at term 0 for changeToCandidate
2019-09-25 04:50:30,072 [pool-47-thread-1] INFO  ratis.ContainerStateMachine (ContainerStateMachine.java:loadSnapshot(230)) - group-7F580B529A80: The snapshot info is null. Setting the last applied indexto:(t:0, i:~)
2019-09-25 04:50:30,072 [Thread-261] INFO  impl.RoleInfo (RoleInfo.java:updateAndGet(143)) - aabdae46-dcfa-45e6-b665-2c47bb305ebb: start LeaderElection
2019-09-25 04:50:30,073 [pool-47-thread-1] INFO  server.RaftServerConfigKeys (ConfUtils.java:logGet(43)) - raft.server.notification.no-leader.timeout = 120s (custom)
2019-09-25 04:50:30,073 [pool-47-thread-1] INFO  server.RaftServerConfigKeys (ConfUtils.java:logGet(43)) - raft.server.log.use.memory = false (default)
2019-09-25 04:50:30,081 [pool-47-thread-1] INFO  server.RaftServerConfigKeys (ConfUtils.java:logGet(43)) - raft.server.log.purge.gap = 1000000 (custom)
2019-09-25 04:50:30,081 [pool-47-thread-1] INFO  server.RaftServerConfigKeys (ConfUtils.java:logGet(43)) - raft.server.log.appender.buffer.byte-limit = 33554432 (custom)
2019-09-25 04:50:30,081 [pool-47-thread-1] INFO  server.RaftServerConfigKeys (ConfUtils.java:logGet(43)) - raft.server.log.segment.size.max = 1048576 (custom)
2019-09-25 04:50:30,081 [pool-47-thread-1] INFO  server.RaftServerConfigKeys (ConfUtils.java:logGet(43)) - raft.server.log.segment.cache.num.max = 2 (custom)
2019-09-25 04:50:30,082 [pool-47-thread-1] INFO  segmented.SegmentedRaftLogWorker (SegmentedRaftLogWorker.java:<init>(172)) - new a167ab1f-c96d-409e-bb26-ea230783d833@group-7F580B529A80-SegmentedRaftLogWorker for RaftStorage:Storage Directory /workdir/hadoop-ozone/integration-test/target/test-dir/MiniOzoneClusterImpl-72f6cbb0-c919-4300-9939-20ef1cbf0e73/datanode-2/data/ratis/f6bb7f9b-5997-47a1-91ce-7f580b529a80
2019-09-25 04:50:30,082 [pool-47-thread-1] INFO  server.RaftServerConfigKeys (ConfUtils.java:logGet(43)) - raft.server.log.queue.byte-limit = 2147483647 (custom)
2019-09-25 04:50:30,082 [pool-47-thread-1] INFO  server.RaftServerConfigKeys (ConfUtils.java:logGet(43)) - raft.server.log.queue.element-limit = 1024 (custom)
2019-09-25 04:50:30,082 [pool-47-thread-1] INFO  server.RaftServerConfigKeys (ConfUtils.java:logGet(43)) - raft.server.log.segment.size.max = 1048576 (custom)
2019-09-25 04:50:30,082 [pool-47-thread-1] INFO  server.RaftServerConfigKeys (ConfUtils.java:logGet(43)) - raft.server.log.preallocated.size = 16384 (custom)
2019-09-25 04:50:30,082 [pool-47-thread-1] INFO  server.RaftServerConfigKeys (ConfUtils.java:logGet(43)) - raft.server.log.write.buffer.size = 33554432 (custom)
2019-09-25 04:50:30,083 [pool-47-thread-1] INFO  server.RaftServerConfigKeys (ConfUtils.java:logGet(43)) - raft.server.log.force.sync.num = 128 (default)
2019-09-25 04:50:30,083 [pool-47-thread-1] INFO  server.RaftServerConfigKeys (ConfUtils.java:logGet(43)) - raft.server.log.statemachine.data.sync = true (default)
2019-09-25 04:50:30,083 [pool-47-thread-1] INFO  server.RaftServerConfigKeys (ConfUtils.java:logGet(43)) - raft.server.log.statemachine.data.sync.timeout = 10s (default)
2019-09-25 04:50:30,083 [pool-47-thread-1] INFO  server.RaftServerConfigKeys (ConfUtils.java:logGet(43)) - raft.server.log.statemachine.data.sync.timeout.retry = -1 (default)
2019-09-25 04:50:30,083 [pool-47-thread-1] INFO  server.RaftServerConfigKeys (ConfUtils.java:logGet(43)) - raft.server.log.statemachine.data.caching.enabled = true (custom)
2019-09-25 04:50:30,084 [pool-47-thread-1] INFO  segmented.SegmentedRaftLogWorker (SegmentedRaftLogWorker.java:lambda$new$0(132)) - a167ab1f-c96d-409e-bb26-ea230783d833@group-7F580B529A80-SegmentedRaftLogWorker: flushIndex: setUnconditionally 0 -> -1
2019-09-25 04:50:30,084 [c35819d4-86f4-4223-a458-676070fe0cbb@group-A74AFF3C4529-SegmentedRaftLogWorker] INFO  segmented.SegmentedRaftLogWorker (SegmentedRaftLogWorker.java:execute(569)) - c35819d4-86f4-4223-a458-676070fe0cbb@group-A74AFF3C4529-SegmentedRaftLogWorker: created new log segment /workdir/hadoop-ozone/integration-test/target/test-dir/MiniOzoneClusterImpl-72f6cbb0-c919-4300-9939-20ef1cbf0e73/datanode-0/data/ratis/298b33d9-35b6-4fd9-aecf-a74aff3c4529/current/log_inprogress_0
2019-09-25 04:50:30,084 [aabdae46-dcfa-45e6-b665-2c47bb305ebb@group-445600BED9A3:LeaderElection8] INFO  impl.LeaderElection (LeaderElection.java:askForVotes(182)) - aabdae46-dcfa-45e6-b665-2c47bb305ebb@group-445600BED9A3:LeaderElection8: begin an election at term 1 for -1: [aabdae46-dcfa-45e6-b665-2c47bb305ebb:192.168.151.106:41436], old=null
2019-09-25 04:50:30,084 [pool-47-thread-1] INFO  server.RaftServerConfigKeys (ConfUtils.java:logGet(43)) - raft.server.snapshot.auto.trigger.enabled = true (custom)
2019-09-25 04:50:30,085 [aabdae46-dcfa-45e6-b665-2c47bb305ebb@group-445600BED9A3:LeaderElection8] INFO  impl.RoleInfo (RoleInfo.java:shutdownLeaderElection(134)) - aabdae46-dcfa-45e6-b665-2c47bb305ebb: shutdown LeaderElection
2019-09-25 04:50:30,085 [pool-47-thread-1] INFO  server.RaftServerConfigKeys (ConfUtils.java:logGet(43)) - raft.server.snapshot.auto.trigger.threshold = 10000 (custom)
2019-09-25 04:50:30,085 [aabdae46-dcfa-45e6-b665-2c47bb305ebb@group-445600BED9A3:LeaderElection8] INFO  impl.RaftServerImpl (RaftServerImpl.java:setRole(174)) - aabdae46-dcfa-45e6-b665-2c47bb305ebb@group-445600BED9A3: changes role from CANDIDATE to LEADER at term 1 for changeToLeader
2019-09-25 04:50:30,085 [pool-47-thread-1] INFO  server.RaftServerConfigKeys (ConfUtils.java:logGet(43)) - raft.server.snapshot.retention.num.files = 5 (custom)
2019-09-25 04:50:30,085 [aabdae46-dcfa-45e6-b665-2c47bb305ebb@group-445600BED9A3:LeaderElection8] INFO  impl.RaftServerImpl (ServerState.java:setLeader(253)) - aabdae46-dcfa-45e6-b665-2c47bb305ebb@group-445600BED9A3: change Leader from null to aabdae46-dcfa-45e6-b665-2c47bb305ebb at term 1 for becomeLeader, leader elected after 5096ms
2019-09-25 04:50:30,086 [pool-47-thread-1] INFO  server.RaftServerConfigKeys (ConfUtils.java:logGet(43)) - raft.server.retrycache.expirytime = 600000ms (custom)
2019-09-25 04:50:30,088 [aabdae46-dcfa-45e6-b665-2c47bb305ebb@group-445600BED9A3:LeaderElection8] INFO  server.RaftServerConfigKeys (ConfUtils.java:logGet(43)) - raft.server.staging.catchup.gap = 1000 (default)
2019-09-25 04:50:30,088 [aabdae46-dcfa-45e6-b665-2c47bb305ebb@group-445600BED9A3:LeaderElection8] INFO  server.RaftServerConfigKeys (ConfUtils.java:logGet(43)) - raft.server.rpc.sleep.time = 25ms (default)
2019-09-25 04:50:30,089 [aabdae46-dcfa-45e6-b665-2c47bb305ebb@group-445600BED9A3:LeaderElection8] INFO  server.RaftServerConfigKeys (ConfUtils.java:logGet(43)) - raft.server.write.element-limit = 4096 (default)
2019-09-25 04:50:30,089 [aabdae46-dcfa-45e6-b665-2c47bb305ebb@group-445600BED9A3:LeaderElection8] INFO  server.RaftServerConfigKeys (ConfUtils.java:logGet(43)) - raft.server.watch.timeout = 10s (default)
2019-09-25 04:50:30,089 [aabdae46-dcfa-45e6-b665-2c47bb305ebb@group-445600BED9A3:LeaderElection8] INFO  server.RaftServerConfigKeys (ConfUtils.java:logGet(43)) - raft.server.watch.timeout.denomination = 1s (default)
2019-09-25 04:50:30,089 [aabdae46-dcfa-45e6-b665-2c47bb305ebb@group-445600BED9A3:LeaderElection8] INFO  server.RaftServerConfigKeys (ConfUtils.java:logGet(43)) - raft.server.watch.element-limit = 65536 (default)
2019-09-25 04:50:30,092 [pool-47-thread-1] INFO  impl.RaftServerImpl (RaftServerImpl.java:start(185)) - a167ab1f-c96d-409e-bb26-ea230783d833@group-7F580B529A80: start as a follower, conf=-1: [a167ab1f-c96d-409e-bb26-ea230783d833:192.168.151.106:33404], old=null
2019-09-25 04:50:30,092 [pool-47-thread-1] INFO  impl.RaftServerImpl (RaftServerImpl.java:setRole(174)) - a167ab1f-c96d-409e-bb26-ea230783d833@group-7F580B529A80: changes role from      null to FOLLOWER at term 0 for startAsFollower
2019-09-25 04:50:30,092 [pool-47-thread-1] INFO  impl.RoleInfo (RoleInfo.java:updateAndGet(143)) - a167ab1f-c96d-409e-bb26-ea230783d833: start FollowerState
2019-09-25 04:50:30,092 [aabdae46-dcfa-45e6-b665-2c47bb305ebb@group-445600BED9A3:LeaderElection8] INFO  impl.RoleInfo (RoleInfo.java:updateAndGet(143)) - aabdae46-dcfa-45e6-b665-2c47bb305ebb: start LeaderState
2019-09-25 04:50:30,093 [pool-47-thread-1] INFO  util.JmxRegister (JmxRegister.java:tryRegister(44)) - Successfully registered JMX Bean with object name Ratis:service=RaftServer,group=group-7F580B529A80,id=a167ab1f-c96d-409e-bb26-ea230783d833
2019-09-25 04:50:30,093 [aabdae46-dcfa-45e6-b665-2c47bb305ebb@group-445600BED9A3:LeaderElection8] INFO  segmented.SegmentedRaftLogWorker (SegmentedRaftLogWorker.java:startLogSegment(380)) - aabdae46-dcfa-45e6-b665-2c47bb305ebb@group-445600BED9A3-SegmentedRaftLogWorker: Starting segment from index:0
2019-09-25 04:50:30,093 [aabdae46-dcfa-45e6-b665-2c47bb305ebb@group-445600BED9A3:LeaderElection8] INFO  impl.RaftServerImpl (ServerState.java:setRaftConf(354)) - aabdae46-dcfa-45e6-b665-2c47bb305ebb@group-445600BED9A3: set configuration 0: [aabdae46-dcfa-45e6-b665-2c47bb305ebb:192.168.151.106:41436], old=null at 0
2019-09-25 04:50:30,139 [RatisPipelineUtilsThread] INFO  pipeline.PipelineStateManager (PipelineStateManager.java:addPipeline(56)) - Created pipeline Pipeline[ Id: f6bb7f9b-5997-47a1-91ce-7f580b529a80, Nodes: a167ab1f-c96d-409e-bb26-ea230783d833{ip: 192.168.151.106, host: pr-hdds-1569-x2sr2-3486766547, networkLocation: /default-rack, certSerialId: null}, Type:RATIS, Factor:ONE, State:OPEN]
2019-09-25 04:50:30,146 [grpc-default-executor-0] INFO  impl.RaftServerProxy (RaftServerProxy.java:addNew(89)) - a167ab1f-c96d-409e-bb26-ea230783d833: addNew group-5CCC66FDB320:[a167ab1f-c96d-409e-bb26-ea230783d833:192.168.151.106:33404] returns group-5CCC66FDB320:java.util.concurrent.CompletableFuture@a53a0f8[Not completed]
2019-09-25 04:50:30,147 [pool-47-thread-1] INFO  impl.RaftServerImpl (RaftServerImpl.java:<init>(95)) - a167ab1f-c96d-409e-bb26-ea230783d833: new RaftServerImpl for group-5CCC66FDB320:[a167ab1f-c96d-409e-bb26-ea230783d833:192.168.151.106:33404] with ContainerStateMachine:uninitialized
2019-09-25 04:50:30,147 [pool-47-thread-1] INFO  server.RaftServerConfigKeys (ConfUtils.java:logGet(43)) - raft.server.rpc.timeout.min = 5s (custom)
2019-09-25 04:50:30,147 [pool-47-thread-1] INFO  server.RaftServerConfigKeys (ConfUtils.java:logGet(43)) - raft.server.rpc.timeout.max = 5200ms (custom)
2019-09-25 04:50:30,148 [pool-47-thread-1] INFO  server.RaftServerConfigKeys (ConfUtils.java:logGet(43)) - raft.server.rpcslowness.timeout = 120s (custom)
2019-09-25 04:50:30,148 [pool-47-thread-1] INFO  server.RaftServerConfigKeys (ConfUtils.java:logGet(43)) - raft.server.sleep.deviation.threshold = 300 (default)
2019-09-25 04:50:30,148 [pool-47-thread-1] INFO  server.RaftServerConfigKeys (ConfUtils.java:logGet(43)) - raft.server.log.appender.install.snapshot.enabled = false (custom)
2019-09-25 04:50:30,148 [pool-47-thread-1] INFO  impl.RaftServerImpl (ServerState.java:<init>(103)) - a167ab1f-c96d-409e-bb26-ea230783d833@group-5CCC66FDB320: ConfigurationManager, init=-1: [a167ab1f-c96d-409e-bb26-ea230783d833:192.168.151.106:33404], old=null, confs=<EMPTY_MAP>
2019-09-25 04:50:30,148 [pool-47-thread-1] INFO  server.RaftServerConfigKeys (ConfUtils.java:logGet(43)) - raft.server.storage.dir = [/workdir/hadoop-ozone/integration-test/target/test-dir/MiniOzoneClusterImpl-72f6cbb0-c919-4300-9939-20ef1cbf0e73/datanode-2/data/ratis] (custom)
2019-09-25 04:50:30,149 [pool-47-thread-1] INFO  storage.RaftStorageDirectory (RaftStorageDirectory.java:analyzeStorage(246)) - The storage directory /workdir/hadoop-ozone/integration-test/target/test-dir/MiniOzoneClusterImpl-72f6cbb0-c919-4300-9939-20ef1cbf0e73/datanode-2/data/ratis/6051c58e-a33f-4d52-83a4-5ccc66fdb320 does not exist. Creating ...
2019-09-25 04:50:30,158 [aabdae46-dcfa-45e6-b665-2c47bb305ebb@group-445600BED9A3-SegmentedRaftLogWorker] INFO  segmented.SegmentedRaftLogWorker (SegmentedRaftLogWorker.java:execute(569)) - aabdae46-dcfa-45e6-b665-2c47bb305ebb@group-445600BED9A3-SegmentedRaftLogWorker: created new log segment /workdir/hadoop-ozone/integration-test/target/test-dir/MiniOzoneClusterImpl-72f6cbb0-c919-4300-9939-20ef1cbf0e73/datanode-4/data/ratis/44bb5de6-0d9c-4518-a1d5-445600bed9a3/current/log_inprogress_0
2019-09-25 04:50:30,160 [pool-47-thread-1] INFO  storage.RaftStorageDirectory (RaftStorageDirectory.java:tryLock(328)) - Lock on /workdir/hadoop-ozone/integration-test/target/test-dir/MiniOzoneClusterImpl-72f6cbb0-c919-4300-9939-20ef1cbf0e73/datanode-2/data/ratis/6051c58e-a33f-4d52-83a4-5ccc66fdb320/in_use.lock acquired by nodename 13648@pr-hdds-1569-x2sr2-3486766547
2019-09-25 04:50:30,173 [pool-47-thread-1] INFO  storage.RaftStorage (RaftStorage.java:format(72)) - Storage directory /workdir/hadoop-ozone/integration-test/target/test-dir/MiniOzoneClusterImpl-72f6cbb0-c919-4300-9939-20ef1cbf0e73/datanode-2/data/ratis/6051c58e-a33f-4d52-83a4-5ccc66fdb320 has been successfully formatted.
2019-09-25 04:50:30,174 [pool-47-thread-1] INFO  ratis.ContainerStateMachine (ContainerStateMachine.java:loadSnapshot(230)) - group-5CCC66FDB320: The snapshot info is null. Setting the last applied indexto:(t:0, i:~)
2019-09-25 04:50:30,174 [pool-47-thread-1] INFO  server.RaftServerConfigKeys (ConfUtils.java:logGet(43)) - raft.server.notification.no-leader.timeout = 120s (custom)
2019-09-25 04:50:30,174 [pool-47-thread-1] INFO  server.RaftServerConfigKeys (ConfUtils.java:logGet(43)) - raft.server.log.use.memory = false (default)
2019-09-25 04:50:30,174 [pool-47-thread-1] INFO  server.RaftServerConfigKeys (ConfUtils.java:logGet(43)) - raft.server.log.purge.gap = 1000000 (custom)
2019-09-25 04:50:30,175 [pool-47-thread-1] INFO  server.RaftServerConfigKeys (ConfUtils.java:logGet(43)) - raft.server.log.appender.buffer.byte-limit = 33554432 (custom)
2019-09-25 04:50:30,175 [pool-47-thread-1] INFO  server.RaftServerConfigKeys (ConfUtils.java:logGet(43)) - raft.server.log.segment.size.max = 1048576 (custom)
2019-09-25 04:50:30,175 [pool-47-thread-1] INFO  server.RaftServerConfigKeys (ConfUtils.java:logGet(43)) - raft.server.log.segment.cache.num.max = 2 (custom)
2019-09-25 04:50:30,175 [pool-47-thread-1] INFO  segmented.SegmentedRaftLogWorker (SegmentedRaftLogWorker.java:<init>(172)) - new a167ab1f-c96d-409e-bb26-ea230783d833@group-5CCC66FDB320-SegmentedRaftLogWorker for RaftStorage:Storage Directory /workdir/hadoop-ozone/integration-test/target/test-dir/MiniOzoneClusterImpl-72f6cbb0-c919-4300-9939-20ef1cbf0e73/datanode-2/data/ratis/6051c58e-a33f-4d52-83a4-5ccc66fdb320
2019-09-25 04:50:30,175 [pool-47-thread-1] INFO  server.RaftServerConfigKeys (ConfUtils.java:logGet(43)) - raft.server.log.queue.byte-limit = 2147483647 (custom)
2019-09-25 04:50:30,176 [pool-47-thread-1] INFO  server.RaftServerConfigKeys (ConfUtils.java:logGet(43)) - raft.server.log.queue.element-limit = 1024 (custom)
2019-09-25 04:50:30,176 [pool-47-thread-1] INFO  server.RaftServerConfigKeys (ConfUtils.java:logGet(43)) - raft.server.log.segment.size.max = 1048576 (custom)
2019-09-25 04:50:30,176 [pool-47-thread-1] INFO  server.RaftServerConfigKeys (ConfUtils.java:logGet(43)) - raft.server.log.preallocated.size = 16384 (custom)
2019-09-25 04:50:30,176 [pool-47-thread-1] INFO  server.RaftServerConfigKeys (ConfUtils.java:logGet(43)) - raft.server.log.write.buffer.size = 33554432 (custom)
2019-09-25 04:50:30,176 [pool-47-thread-1] INFO  server.RaftServerConfigKeys (ConfUtils.java:logGet(43)) - raft.server.log.force.sync.num = 128 (default)
2019-09-25 04:50:30,176 [pool-47-thread-1] INFO  server.RaftServerConfigKeys (ConfUtils.java:logGet(43)) - raft.server.log.statemachine.data.sync = true (default)
2019-09-25 04:50:30,177 [pool-47-thread-1] INFO  server.RaftServerConfigKeys (ConfUtils.java:logGet(43)) - raft.server.log.statemachine.data.sync.timeout = 10s (default)
2019-09-25 04:50:30,177 [pool-47-thread-1] INFO  server.RaftServerConfigKeys (ConfUtils.java:logGet(43)) - raft.server.log.statemachine.data.sync.timeout.retry = -1 (default)
2019-09-25 04:50:30,177 [pool-47-thread-1] INFO  server.RaftServerConfigKeys (ConfUtils.java:logGet(43)) - raft.server.log.statemachine.data.caching.enabled = true (custom)
2019-09-25 04:50:30,177 [pool-47-thread-1] INFO  segmented.SegmentedRaftLogWorker (SegmentedRaftLogWorker.java:lambda$new$0(132)) - a167ab1f-c96d-409e-bb26-ea230783d833@group-5CCC66FDB320-SegmentedRaftLogWorker: flushIndex: setUnconditionally 0 -> -1
2019-09-25 04:50:30,178 [pool-47-thread-1] INFO  server.RaftServerConfigKeys (ConfUtils.java:logGet(43)) - raft.server.snapshot.auto.trigger.enabled = true (custom)
2019-09-25 04:50:30,178 [pool-47-thread-1] INFO  server.RaftServerConfigKeys (ConfUtils.java:logGet(43)) - raft.server.snapshot.auto.trigger.threshold = 10000 (custom)
2019-09-25 04:50:30,178 [pool-47-thread-1] INFO  server.RaftServerConfigKeys (ConfUtils.java:logGet(43)) - raft.server.snapshot.retention.num.files = 5 (custom)
2019-09-25 04:50:30,178 [pool-47-thread-1] INFO  server.RaftServerConfigKeys (ConfUtils.java:logGet(43)) - raft.server.retrycache.expirytime = 600000ms (custom)
2019-09-25 04:50:30,181 [pool-47-thread-1] INFO  impl.RaftServerImpl (RaftServerImpl.java:start(185)) - a167ab1f-c96d-409e-bb26-ea230783d833@group-5CCC66FDB320: start as a follower, conf=-1: [a167ab1f-c96d-409e-bb26-ea230783d833:192.168.151.106:33404], old=null
2019-09-25 04:50:30,181 [pool-47-thread-1] INFO  impl.RaftServerImpl (RaftServerImpl.java:setRole(174)) - a167ab1f-c96d-409e-bb26-ea230783d833@group-5CCC66FDB320: changes role from      null to FOLLOWER at term 0 for startAsFollower
2019-09-25 04:50:30,181 [pool-47-thread-1] INFO  impl.RoleInfo (RoleInfo.java:updateAndGet(143)) - a167ab1f-c96d-409e-bb26-ea230783d833: start FollowerState
2019-09-25 04:50:30,182 [pool-47-thread-1] INFO  util.JmxRegister (JmxRegister.java:tryRegister(44)) - Successfully registered JMX Bean with object name Ratis:service=RaftServer,group=group-5CCC66FDB320,id=a167ab1f-c96d-409e-bb26-ea230783d833
2019-09-25 04:50:30,184 [RatisPipelineUtilsThread] INFO  pipeline.PipelineStateManager (PipelineStateManager.java:addPipeline(56)) - Created pipeline Pipeline[ Id: 6051c58e-a33f-4d52-83a4-5ccc66fdb320, Nodes: a167ab1f-c96d-409e-bb26-ea230783d833{ip: 192.168.151.106, host: pr-hdds-1569-x2sr2-3486766547, networkLocation: /default-rack, certSerialId: null}, Type:RATIS, Factor:ONE, State:OPEN]
2019-09-25 04:50:30,190 [grpc-default-executor-0] INFO  impl.RaftServerProxy (RaftServerProxy.java:addNew(89)) - 9216b865-ce6b-4fb7-bc99-65479a86b6eb: addNew group-025EC75F677D:[9216b865-ce6b-4fb7-bc99-65479a86b6eb:192.168.151.106:43252] returns group-025EC75F677D:java.util.concurrent.CompletableFuture@5e810872[Not completed]
2019-09-25 04:50:30,191 [pool-77-thread-1] INFO  impl.RaftServerImpl (RaftServerImpl.java:<init>(95)) - 9216b865-ce6b-4fb7-bc99-65479a86b6eb: new RaftServerImpl for group-025EC75F677D:[9216b865-ce6b-4fb7-bc99-65479a86b6eb:192.168.151.106:43252] with ContainerStateMachine:uninitialized
2019-09-25 04:50:30,192 [pool-77-thread-1] INFO  server.RaftServerConfigKeys (ConfUtils.java:logGet(43)) - raft.server.rpc.timeout.min = 5s (custom)
2019-09-25 04:50:30,192 [pool-77-thread-1] INFO  server.RaftServerConfigKeys (ConfUtils.java:logGet(43)) - raft.server.rpc.timeout.max = 5200ms (custom)
2019-09-25 04:50:30,192 [pool-77-thread-1] INFO  server.RaftServerConfigKeys (ConfUtils.java:logGet(43)) - raft.server.rpcslowness.timeout = 120s (custom)
2019-09-25 04:50:30,192 [pool-77-thread-1] INFO  server.RaftServerConfigKeys (ConfUtils.java:logGet(43)) - raft.server.sleep.deviation.threshold = 300 (default)
2019-09-25 04:50:30,192 [pool-77-thread-1] INFO  server.RaftServerConfigKeys (ConfUtils.java:logGet(43)) - raft.server.log.appender.install.snapshot.enabled = false (custom)
2019-09-25 04:50:30,192 [pool-77-thread-1] INFO  impl.RaftServerImpl (ServerState.java:<init>(103)) - 9216b865-ce6b-4fb7-bc99-65479a86b6eb@group-025EC75F677D: ConfigurationManager, init=-1: [9216b865-ce6b-4fb7-bc99-65479a86b6eb:192.168.151.106:43252], old=null, confs=<EMPTY_MAP>
2019-09-25 04:50:30,193 [pool-77-thread-1] INFO  server.RaftServerConfigKeys (ConfUtils.java:logGet(43)) - raft.server.storage.dir = [/workdir/hadoop-ozone/integration-test/target/test-dir/MiniOzoneClusterImpl-72f6cbb0-c919-4300-9939-20ef1cbf0e73/datanode-5/data/ratis] (custom)
2019-09-25 04:50:30,193 [pool-77-thread-1] INFO  storage.RaftStorageDirectory (RaftStorageDirectory.java:analyzeStorage(246)) - The storage directory /workdir/hadoop-ozone/integration-test/target/test-dir/MiniOzoneClusterImpl-72f6cbb0-c919-4300-9939-20ef1cbf0e73/datanode-5/data/ratis/4a7244fb-913d-4aee-b642-025ec75f677d does not exist. Creating ...
2019-09-25 04:50:30,207 [pool-77-thread-1] INFO  storage.RaftStorageDirectory (RaftStorageDirectory.java:tryLock(328)) - Lock on /workdir/hadoop-ozone/integration-test/target/test-dir/MiniOzoneClusterImpl-72f6cbb0-c919-4300-9939-20ef1cbf0e73/datanode-5/data/ratis/4a7244fb-913d-4aee-b642-025ec75f677d/in_use.lock acquired by nodename 13648@pr-hdds-1569-x2sr2-3486766547
2019-09-25 04:50:30,216 [Thread-265] INFO  impl.FollowerState (FollowerState.java:run(106)) - 45f1801e-7cfd-420a-bb39-98f19dcc81c3:group-F5F7EECA864D changes to CANDIDATE, lastRpcTime:5111, electionTimeout:5111ms
2019-09-25 04:50:30,217 [Thread-265] INFO  impl.RoleInfo (RoleInfo.java:shutdownFollowerState(121)) - 45f1801e-7cfd-420a-bb39-98f19dcc81c3: shutdown FollowerState
2019-09-25 04:50:30,217 [Thread-265] INFO  impl.RaftServerImpl (RaftServerImpl.java:setRole(174)) - 45f1801e-7cfd-420a-bb39-98f19dcc81c3@group-F5F7EECA864D: changes role from  FOLLOWER to CANDIDATE at term 0 for changeToCandidate
2019-09-25 04:50:30,217 [Thread-265] INFO  impl.RoleInfo (RoleInfo.java:updateAndGet(143)) - 45f1801e-7cfd-420a-bb39-98f19dcc81c3: start LeaderElection
2019-09-25 04:50:30,221 [pool-77-thread-1] INFO  storage.RaftStorage (RaftStorage.java:format(72)) - Storage directory /workdir/hadoop-ozone/integration-test/target/test-dir/MiniOzoneClusterImpl-72f6cbb0-c919-4300-9939-20ef1cbf0e73/datanode-5/data/ratis/4a7244fb-913d-4aee-b642-025ec75f677d has been successfully formatted.
2019-09-25 04:50:30,224 [pool-77-thread-1] INFO  ratis.ContainerStateMachine (ContainerStateMachine.java:loadSnapshot(230)) - group-025EC75F677D: The snapshot info is null. Setting the last applied indexto:(t:0, i:~)
2019-09-25 04:50:30,224 [pool-77-thread-1] INFO  server.RaftServerConfigKeys (ConfUtils.java:logGet(43)) - raft.server.notification.no-leader.timeout = 120s (custom)
2019-09-25 04:50:30,224 [pool-77-thread-1] INFO  server.RaftServerConfigKeys (ConfUtils.java:logGet(43)) - raft.server.log.use.memory = false (default)
2019-09-25 04:50:30,225 [pool-77-thread-1] INFO  server.RaftServerConfigKeys (ConfUtils.java:logGet(43)) - raft.server.log.purge.gap = 1000000 (custom)
2019-09-25 04:50:30,225 [pool-77-thread-1] INFO  server.RaftServerConfigKeys (ConfUtils.java:logGet(43)) - raft.server.log.appender.buffer.byte-limit = 33554432 (custom)
2019-09-25 04:50:30,225 [pool-77-thread-1] INFO  server.RaftServerConfigKeys (ConfUtils.java:logGet(43)) - raft.server.log.segment.size.max = 1048576 (custom)
2019-09-25 04:50:30,225 [pool-77-thread-1] INFO  server.RaftServerConfigKeys (ConfUtils.java:logGet(43)) - raft.server.log.segment.cache.num.max = 2 (custom)
2019-09-25 04:50:30,225 [pool-77-thread-1] INFO  segmented.SegmentedRaftLogWorker (SegmentedRaftLogWorker.java:<init>(172)) - new 9216b865-ce6b-4fb7-bc99-65479a86b6eb@group-025EC75F677D-SegmentedRaftLogWorker for RaftStorage:Storage Directory /workdir/hadoop-ozone/integration-test/target/test-dir/MiniOzoneClusterImpl-72f6cbb0-c919-4300-9939-20ef1cbf0e73/datanode-5/data/ratis/4a7244fb-913d-4aee-b642-025ec75f677d
2019-09-25 04:50:30,225 [pool-77-thread-1] INFO  server.RaftServerConfigKeys (ConfUtils.java:logGet(43)) - raft.server.log.queue.byte-limit = 2147483647 (custom)
2019-09-25 04:50:30,226 [pool-77-thread-1] INFO  server.RaftServerConfigKeys (ConfUtils.java:logGet(43)) - raft.server.log.queue.element-limit = 1024 (custom)
2019-09-25 04:50:30,226 [pool-77-thread-1] INFO  server.RaftServerConfigKeys (ConfUtils.java:logGet(43)) - raft.server.log.segment.size.max = 1048576 (custom)
2019-09-25 04:50:30,226 [pool-77-thread-1] INFO  server.RaftServerConfigKeys (ConfUtils.java:logGet(43)) - raft.server.log.preallocated.size = 16384 (custom)
2019-09-25 04:50:30,226 [pool-77-thread-1] INFO  server.RaftServerConfigKeys (ConfUtils.java:logGet(43)) - raft.server.log.write.buffer.size = 33554432 (custom)
2019-09-25 04:50:30,226 [pool-77-thread-1] INFO  server.RaftServerConfigKeys (ConfUtils.java:logGet(43)) - raft.server.log.force.sync.num = 128 (default)
2019-09-25 04:50:30,226 [pool-77-thread-1] INFO  server.RaftServerConfigKeys (ConfUtils.java:logGet(43)) - raft.server.log.statemachine.data.sync = true (default)
2019-09-25 04:50:30,226 [pool-77-thread-1] INFO  server.RaftServerConfigKeys (ConfUtils.java:logGet(43)) - raft.server.log.statemachine.data.sync.timeout = 10s (default)
2019-09-25 04:50:30,227 [pool-77-thread-1] INFO  server.RaftServerConfigKeys (ConfUtils.java:logGet(43)) - raft.server.log.statemachine.data.sync.timeout.retry = -1 (default)
2019-09-25 04:50:30,227 [pool-77-thread-1] INFO  server.RaftServerConfigKeys (ConfUtils.java:logGet(43)) - raft.server.log.statemachine.data.caching.enabled = true (custom)
2019-09-25 04:50:30,227 [pool-77-thread-1] INFO  segmented.SegmentedRaftLogWorker (SegmentedRaftLogWorker.java:lambda$new$0(132)) - 9216b865-ce6b-4fb7-bc99-65479a86b6eb@group-025EC75F677D-SegmentedRaftLogWorker: flushIndex: setUnconditionally 0 -> -1
2019-09-25 04:50:30,227 [pool-77-thread-1] INFO  server.RaftServerConfigKeys (ConfUtils.java:logGet(43)) - raft.server.snapshot.auto.trigger.enabled = true (custom)
2019-09-25 04:50:30,228 [pool-77-thread-1] INFO  server.RaftServerConfigKeys (ConfUtils.java:logGet(43)) - raft.server.snapshot.auto.trigger.threshold = 10000 (custom)
2019-09-25 04:50:30,228 [pool-77-thread-1] INFO  server.RaftServerConfigKeys (ConfUtils.java:logGet(43)) - raft.server.snapshot.retention.num.files = 5 (custom)
2019-09-25 04:50:30,228 [pool-77-thread-1] INFO  server.RaftServerConfigKeys (ConfUtils.java:logGet(43)) - raft.server.retrycache.expirytime = 600000ms (custom)
2019-09-25 04:50:30,230 [pool-77-thread-1] INFO  impl.RaftServerImpl (RaftServerImpl.java:start(185)) - 9216b865-ce6b-4fb7-bc99-65479a86b6eb@group-025EC75F677D: start as a follower, conf=-1: [9216b865-ce6b-4fb7-bc99-65479a86b6eb:192.168.151.106:43252], old=null
2019-09-25 04:50:30,230 [pool-77-thread-1] INFO  impl.RaftServerImpl (RaftServerImpl.java:setRole(174)) - 9216b865-ce6b-4fb7-bc99-65479a86b6eb@group-025EC75F677D: changes role from      null to FOLLOWER at term 0 for startAsFollower
2019-09-25 04:50:30,231 [pool-77-thread-1] INFO  impl.RoleInfo (RoleInfo.java:updateAndGet(143)) - 9216b865-ce6b-4fb7-bc99-65479a86b6eb: start FollowerState
2019-09-25 04:50:30,231 [pool-77-thread-1] INFO  util.JmxRegister (JmxRegister.java:tryRegister(44)) - Successfully registered JMX Bean with object name Ratis:service=RaftServer,group=group-025EC75F677D,id=9216b865-ce6b-4fb7-bc99-65479a86b6eb
2019-09-25 04:50:30,234 [RatisPipelineUtilsThread] INFO  pipeline.PipelineStateManager (PipelineStateManager.java:addPipeline(56)) - Created pipeline Pipeline[ Id: 4a7244fb-913d-4aee-b642-025ec75f677d, Nodes: 9216b865-ce6b-4fb7-bc99-65479a86b6eb{ip: 192.168.151.106, host: pr-hdds-1569-x2sr2-3486766547, networkLocation: /default-rack, certSerialId: null}, Type:RATIS, Factor:ONE, State:OPEN]
2019-09-25 04:50:30,240 [grpc-default-executor-0] INFO  impl.RaftServerProxy (RaftServerProxy.java:addNew(89)) - aabdae46-dcfa-45e6-b665-2c47bb305ebb: addNew group-550BD6E4FBD0:[aabdae46-dcfa-45e6-b665-2c47bb305ebb:192.168.151.106:41436] returns group-550BD6E4FBD0:java.util.concurrent.CompletableFuture@12a749b[Not completed]
2019-09-25 04:50:30,242 [pool-67-thread-1] INFO  impl.RaftServerImpl (RaftServerImpl.java:<init>(95)) - aabdae46-dcfa-45e6-b665-2c47bb305ebb: new RaftServerImpl for group-550BD6E4FBD0:[aabdae46-dcfa-45e6-b665-2c47bb305ebb:192.168.151.106:41436] with ContainerStateMachine:uninitialized
2019-09-25 04:50:30,242 [pool-67-thread-1] INFO  server.RaftServerConfigKeys (ConfUtils.java:logGet(43)) - raft.server.rpc.timeout.min = 5s (custom)
2019-09-25 04:50:30,242 [pool-67-thread-1] INFO  server.RaftServerConfigKeys (ConfUtils.java:logGet(43)) - raft.server.rpc.timeout.max = 5200ms (custom)
2019-09-25 04:50:30,242 [pool-67-thread-1] INFO  server.RaftServerConfigKeys (ConfUtils.java:logGet(43)) - raft.server.rpcslowness.timeout = 120s (custom)
2019-09-25 04:50:30,242 [pool-67-thread-1] INFO  server.RaftServerConfigKeys (ConfUtils.java:logGet(43)) - raft.server.sleep.deviation.threshold = 300 (default)
2019-09-25 04:50:30,242 [pool-67-thread-1] INFO  server.RaftServerConfigKeys (ConfUtils.java:logGet(43)) - raft.server.log.appender.install.snapshot.enabled = false (custom)
2019-09-25 04:50:30,243 [pool-67-thread-1] INFO  impl.RaftServerImpl (ServerState.java:<init>(103)) - aabdae46-dcfa-45e6-b665-2c47bb305ebb@group-550BD6E4FBD0: ConfigurationManager, init=-1: [aabdae46-dcfa-45e6-b665-2c47bb305ebb:192.168.151.106:41436], old=null, confs=<EMPTY_MAP>
2019-09-25 04:50:30,243 [pool-67-thread-1] INFO  server.RaftServerConfigKeys (ConfUtils.java:logGet(43)) - raft.server.storage.dir = [/workdir/hadoop-ozone/integration-test/target/test-dir/MiniOzoneClusterImpl-72f6cbb0-c919-4300-9939-20ef1cbf0e73/datanode-4/data/ratis] (custom)
2019-09-25 04:50:30,243 [pool-67-thread-1] INFO  storage.RaftStorageDirectory (RaftStorageDirectory.java:analyzeStorage(246)) - The storage directory /workdir/hadoop-ozone/integration-test/target/test-dir/MiniOzoneClusterImpl-72f6cbb0-c919-4300-9939-20ef1cbf0e73/datanode-4/data/ratis/1c365a89-13ff-4949-9750-550bd6e4fbd0 does not exist. Creating ...
2019-09-25 04:50:30,255 [45f1801e-7cfd-420a-bb39-98f19dcc81c3@group-F5F7EECA864D:LeaderElection9] INFO  impl.LeaderElection (LeaderElection.java:askForVotes(182)) - 45f1801e-7cfd-420a-bb39-98f19dcc81c3@group-F5F7EECA864D:LeaderElection9: begin an election at term 1 for -1: [45f1801e-7cfd-420a-bb39-98f19dcc81c3:192.168.151.106:38437], old=null
2019-09-25 04:50:30,255 [45f1801e-7cfd-420a-bb39-98f19dcc81c3@group-F5F7EECA864D:LeaderElection9] INFO  impl.RoleInfo (RoleInfo.java:shutdownLeaderElection(134)) - 45f1801e-7cfd-420a-bb39-98f19dcc81c3: shutdown LeaderElection
2019-09-25 04:50:30,256 [45f1801e-7cfd-420a-bb39-98f19dcc81c3@group-F5F7EECA864D:LeaderElection9] INFO  impl.RaftServerImpl (RaftServerImpl.java:setRole(174)) - 45f1801e-7cfd-420a-bb39-98f19dcc81c3@group-F5F7EECA864D: changes role from CANDIDATE to LEADER at term 1 for changeToLeader
2019-09-25 04:50:30,256 [45f1801e-7cfd-420a-bb39-98f19dcc81c3@group-F5F7EECA864D:LeaderElection9] INFO  impl.RaftServerImpl (ServerState.java:setLeader(253)) - 45f1801e-7cfd-420a-bb39-98f19dcc81c3@group-F5F7EECA864D: change Leader from null to 45f1801e-7cfd-420a-bb39-98f19dcc81c3 at term 1 for becomeLeader, leader elected after 5159ms
2019-09-25 04:50:30,256 [45f1801e-7cfd-420a-bb39-98f19dcc81c3@group-F5F7EECA864D:LeaderElection9] INFO  server.RaftServerConfigKeys (ConfUtils.java:logGet(43)) - raft.server.staging.catchup.gap = 1000 (default)
2019-09-25 04:50:30,256 [45f1801e-7cfd-420a-bb39-98f19dcc81c3@group-F5F7EECA864D:LeaderElection9] INFO  server.RaftServerConfigKeys (ConfUtils.java:logGet(43)) - raft.server.rpc.sleep.time = 25ms (default)
2019-09-25 04:50:30,256 [45f1801e-7cfd-420a-bb39-98f19dcc81c3@group-F5F7EECA864D:LeaderElection9] INFO  server.RaftServerConfigKeys (ConfUtils.java:logGet(43)) - raft.server.write.element-limit = 4096 (default)
2019-09-25 04:50:30,256 [45f1801e-7cfd-420a-bb39-98f19dcc81c3@group-F5F7EECA864D:LeaderElection9] INFO  server.RaftServerConfigKeys (ConfUtils.java:logGet(43)) - raft.server.watch.timeout = 10s (default)
2019-09-25 04:50:30,257 [45f1801e-7cfd-420a-bb39-98f19dcc81c3@group-F5F7EECA864D:LeaderElection9] INFO  server.RaftServerConfigKeys (ConfUtils.java:logGet(43)) - raft.server.watch.timeout.denomination = 1s (default)
2019-09-25 04:50:30,257 [45f1801e-7cfd-420a-bb39-98f19dcc81c3@group-F5F7EECA864D:LeaderElection9] INFO  server.RaftServerConfigKeys (ConfUtils.java:logGet(43)) - raft.server.watch.element-limit = 65536 (default)
2019-09-25 04:50:30,257 [pool-67-thread-1] INFO  storage.RaftStorageDirectory (RaftStorageDirectory.java:tryLock(328)) - Lock on /workdir/hadoop-ozone/integration-test/target/test-dir/MiniOzoneClusterImpl-72f6cbb0-c919-4300-9939-20ef1cbf0e73/datanode-4/data/ratis/1c365a89-13ff-4949-9750-550bd6e4fbd0/in_use.lock acquired by nodename 13648@pr-hdds-1569-x2sr2-3486766547
2019-09-25 04:50:30,259 [45f1801e-7cfd-420a-bb39-98f19dcc81c3@group-F5F7EECA864D:LeaderElection9] INFO  impl.RoleInfo (RoleInfo.java:updateAndGet(143)) - 45f1801e-7cfd-420a-bb39-98f19dcc81c3: start LeaderState
2019-09-25 04:50:30,260 [45f1801e-7cfd-420a-bb39-98f19dcc81c3@group-F5F7EECA864D:LeaderElection9] INFO  segmented.SegmentedRaftLogWorker (SegmentedRaftLogWorker.java:startLogSegment(380)) - 45f1801e-7cfd-420a-bb39-98f19dcc81c3@group-F5F7EECA864D-SegmentedRaftLogWorker: Starting segment from index:0
2019-09-25 04:50:30,260 [45f1801e-7cfd-420a-bb39-98f19dcc81c3@group-F5F7EECA864D:LeaderElection9] INFO  impl.RaftServerImpl (ServerState.java:setRaftConf(354)) - 45f1801e-7cfd-420a-bb39-98f19dcc81c3@group-F5F7EECA864D: set configuration 0: [45f1801e-7cfd-420a-bb39-98f19dcc81c3:192.168.151.106:38437], old=null at 0
2019-09-25 04:50:30,303 [pool-67-thread-1] INFO  storage.RaftStorage (RaftStorage.java:format(72)) - Storage directory /workdir/hadoop-ozone/integration-test/target/test-dir/MiniOzoneClusterImpl-72f6cbb0-c919-4300-9939-20ef1cbf0e73/datanode-4/data/ratis/1c365a89-13ff-4949-9750-550bd6e4fbd0 has been successfully formatted.
2019-09-25 04:50:30,303 [pool-67-thread-1] INFO  ratis.ContainerStateMachine (ContainerStateMachine.java:loadSnapshot(230)) - group-550BD6E4FBD0: The snapshot info is null. Setting the last applied indexto:(t:0, i:~)
2019-09-25 04:50:30,303 [pool-67-thread-1] INFO  server.RaftServerConfigKeys (ConfUtils.java:logGet(43)) - raft.server.notification.no-leader.timeout = 120s (custom)
2019-09-25 04:50:30,303 [pool-67-thread-1] INFO  server.RaftServerConfigKeys (ConfUtils.java:logGet(43)) - raft.server.log.use.memory = false (default)
2019-09-25 04:50:30,304 [pool-67-thread-1] INFO  server.RaftServerConfigKeys (ConfUtils.java:logGet(43)) - raft.server.log.purge.gap = 1000000 (custom)
2019-09-25 04:50:30,304 [pool-67-thread-1] INFO  server.RaftServerConfigKeys (ConfUtils.java:logGet(43)) - raft.server.log.appender.buffer.byte-limit = 33554432 (custom)
2019-09-25 04:50:30,304 [pool-67-thread-1] INFO  server.RaftServerConfigKeys (ConfUtils.java:logGet(43)) - raft.server.log.segment.size.max = 1048576 (custom)
2019-09-25 04:50:30,304 [pool-67-thread-1] INFO  server.RaftServerConfigKeys (ConfUtils.java:logGet(43)) - raft.server.log.segment.cache.num.max = 2 (custom)
2019-09-25 04:50:30,304 [pool-67-thread-1] INFO  segmented.SegmentedRaftLogWorker (SegmentedRaftLogWorker.java:<init>(172)) - new aabdae46-dcfa-45e6-b665-2c47bb305ebb@group-550BD6E4FBD0-SegmentedRaftLogWorker for RaftStorage:Storage Directory /workdir/hadoop-ozone/integration-test/target/test-dir/MiniOzoneClusterImpl-72f6cbb0-c919-4300-9939-20ef1cbf0e73/datanode-4/data/ratis/1c365a89-13ff-4949-9750-550bd6e4fbd0
2019-09-25 04:50:30,304 [pool-67-thread-1] INFO  server.RaftServerConfigKeys (ConfUtils.java:logGet(43)) - raft.server.log.queue.byte-limit = 2147483647 (custom)
2019-09-25 04:50:30,304 [pool-67-thread-1] INFO  server.RaftServerConfigKeys (ConfUtils.java:logGet(43)) - raft.server.log.queue.element-limit = 1024 (custom)
2019-09-25 04:50:30,304 [pool-67-thread-1] INFO  server.RaftServerConfigKeys (ConfUtils.java:logGet(43)) - raft.server.log.segment.size.max = 1048576 (custom)
2019-09-25 04:50:30,305 [pool-67-thread-1] INFO  server.RaftServerConfigKeys (ConfUtils.java:logGet(43)) - raft.server.log.preallocated.size = 16384 (custom)
2019-09-25 04:50:30,305 [pool-67-thread-1] INFO  server.RaftServerConfigKeys (ConfUtils.java:logGet(43)) - raft.server.log.write.buffer.size = 33554432 (custom)
2019-09-25 04:50:30,305 [pool-67-thread-1] INFO  server.RaftServerConfigKeys (ConfUtils.java:logGet(43)) - raft.server.log.force.sync.num = 128 (default)
2019-09-25 04:50:30,305 [pool-67-thread-1] INFO  server.RaftServerConfigKeys (ConfUtils.java:logGet(43)) - raft.server.log.statemachine.data.sync = true (default)
2019-09-25 04:50:30,305 [pool-67-thread-1] INFO  server.RaftServerConfigKeys (ConfUtils.java:logGet(43)) - raft.server.log.statemachine.data.sync.timeout = 10s (default)
2019-09-25 04:50:30,305 [pool-67-thread-1] INFO  server.RaftServerConfigKeys (ConfUtils.java:logGet(43)) - raft.server.log.statemachine.data.sync.timeout.retry = -1 (default)
2019-09-25 04:50:30,305 [pool-67-thread-1] INFO  server.RaftServerConfigKeys (ConfUtils.java:logGet(43)) - raft.server.log.statemachine.data.caching.enabled = true (custom)
2019-09-25 04:50:30,306 [pool-67-thread-1] INFO  segmented.SegmentedRaftLogWorker (SegmentedRaftLogWorker.java:lambda$new$0(132)) - aabdae46-dcfa-45e6-b665-2c47bb305ebb@group-550BD6E4FBD0-SegmentedRaftLogWorker: flushIndex: setUnconditionally 0 -> -1
2019-09-25 04:50:30,306 [pool-67-thread-1] INFO  server.RaftServerConfigKeys (ConfUtils.java:logGet(43)) - raft.server.snapshot.auto.trigger.enabled = true (custom)
2019-09-25 04:50:30,306 [pool-67-thread-1] INFO  server.RaftServerConfigKeys (ConfUtils.java:logGet(43)) - raft.server.snapshot.auto.trigger.threshold = 10000 (custom)
2019-09-25 04:50:30,306 [pool-67-thread-1] INFO  server.RaftServerConfigKeys (ConfUtils.java:logGet(43)) - raft.server.snapshot.retention.num.files = 5 (custom)
2019-09-25 04:50:30,306 [pool-67-thread-1] INFO  server.RaftServerConfigKeys (ConfUtils.java:logGet(43)) - raft.server.retrycache.expirytime = 600000ms (custom)
2019-09-25 04:50:30,309 [pool-67-thread-1] INFO  impl.RaftServerImpl (RaftServerImpl.java:start(185)) - aabdae46-dcfa-45e6-b665-2c47bb305ebb@group-550BD6E4FBD0: start as a follower, conf=-1: [aabdae46-dcfa-45e6-b665-2c47bb305ebb:192.168.151.106:41436], old=null
2019-09-25 04:50:30,309 [pool-67-thread-1] INFO  impl.RaftServerImpl (RaftServerImpl.java:setRole(174)) - aabdae46-dcfa-45e6-b665-2c47bb305ebb@group-550BD6E4FBD0: changes role from      null to FOLLOWER at term 0 for startAsFollower
2019-09-25 04:50:30,309 [pool-67-thread-1] INFO  impl.RoleInfo (RoleInfo.java:updateAndGet(143)) - aabdae46-dcfa-45e6-b665-2c47bb305ebb: start FollowerState
2019-09-25 04:50:30,310 [pool-67-thread-1] INFO  util.JmxRegister (JmxRegister.java:tryRegister(44)) - Successfully registered JMX Bean with object name Ratis:service=RaftServer,group=group-550BD6E4FBD0,id=aabdae46-dcfa-45e6-b665-2c47bb305ebb
2019-09-25 04:50:30,313 [RatisPipelineUtilsThread] INFO  pipeline.PipelineStateManager (PipelineStateManager.java:addPipeline(56)) - Created pipeline Pipeline[ Id: 1c365a89-13ff-4949-9750-550bd6e4fbd0, Nodes: aabdae46-dcfa-45e6-b665-2c47bb305ebb{ip: 192.168.151.106, host: pr-hdds-1569-x2sr2-3486766547, networkLocation: /default-rack, certSerialId: null}, Type:RATIS, Factor:ONE, State:OPEN]
2019-09-25 04:50:30,315 [45f1801e-7cfd-420a-bb39-98f19dcc81c3@group-F5F7EECA864D-SegmentedRaftLogWorker] INFO  segmented.SegmentedRaftLogWorker (SegmentedRaftLogWorker.java:execute(569)) - 45f1801e-7cfd-420a-bb39-98f19dcc81c3@group-F5F7EECA864D-SegmentedRaftLogWorker: created new log segment /workdir/hadoop-ozone/integration-test/target/test-dir/MiniOzoneClusterImpl-72f6cbb0-c919-4300-9939-20ef1cbf0e73/datanode-6/data/ratis/648c7e4b-9641-48ce-8847-f5f7eeca864d/current/log_inprogress_0
2019-09-25 04:50:30,319 [grpc-default-executor-0] INFO  impl.RaftServerProxy (RaftServerProxy.java:addNew(89)) - c35819d4-86f4-4223-a458-676070fe0cbb: addNew group-10F783B4E55F:[c35819d4-86f4-4223-a458-676070fe0cbb:192.168.151.106:44434] returns group-10F783B4E55F:java.util.concurrent.CompletableFuture@672dd68f[Not completed]
2019-09-25 04:50:30,320 [pool-27-thread-1] INFO  impl.RaftServerImpl (RaftServerImpl.java:<init>(95)) - c35819d4-86f4-4223-a458-676070fe0cbb: new RaftServerImpl for group-10F783B4E55F:[c35819d4-86f4-4223-a458-676070fe0cbb:192.168.151.106:44434] with ContainerStateMachine:uninitialized
2019-09-25 04:50:30,321 [pool-27-thread-1] INFO  server.RaftServerConfigKeys (ConfUtils.java:logGet(43)) - raft.server.rpc.timeout.min = 5s (custom)
2019-09-25 04:50:30,321 [pool-27-thread-1] INFO  server.RaftServerConfigKeys (ConfUtils.java:logGet(43)) - raft.server.rpc.timeout.max = 5200ms (custom)
2019-09-25 04:50:30,321 [pool-27-thread-1] INFO  server.RaftServerConfigKeys (ConfUtils.java:logGet(43)) - raft.server.rpcslowness.timeout = 120s (custom)
2019-09-25 04:50:30,321 [pool-27-thread-1] INFO  server.RaftServerConfigKeys (ConfUtils.java:logGet(43)) - raft.server.sleep.deviation.threshold = 300 (default)
2019-09-25 04:50:30,321 [pool-27-thread-1] INFO  server.RaftServerConfigKeys (ConfUtils.java:logGet(43)) - raft.server.log.appender.install.snapshot.enabled = false (custom)
2019-09-25 04:50:30,321 [pool-27-thread-1] INFO  impl.RaftServerImpl (ServerState.java:<init>(103)) - c35819d4-86f4-4223-a458-676070fe0cbb@group-10F783B4E55F: ConfigurationManager, init=-1: [c35819d4-86f4-4223-a458-676070fe0cbb:192.168.151.106:44434], old=null, confs=<EMPTY_MAP>
2019-09-25 04:50:30,322 [pool-27-thread-1] INFO  server.RaftServerConfigKeys (ConfUtils.java:logGet(43)) - raft.server.storage.dir = [/workdir/hadoop-ozone/integration-test/target/test-dir/MiniOzoneClusterImpl-72f6cbb0-c919-4300-9939-20ef1cbf0e73/datanode-0/data/ratis] (custom)
2019-09-25 04:50:30,322 [pool-27-thread-1] INFO  storage.RaftStorageDirectory (RaftStorageDirectory.java:analyzeStorage(246)) - The storage directory /workdir/hadoop-ozone/integration-test/target/test-dir/MiniOzoneClusterImpl-72f6cbb0-c919-4300-9939-20ef1cbf0e73/datanode-0/data/ratis/0a041e15-da9e-4a10-8388-10f783b4e55f does not exist. Creating ...
2019-09-25 04:50:30,328 [pool-27-thread-1] INFO  storage.RaftStorageDirectory (RaftStorageDirectory.java:tryLock(328)) - Lock on /workdir/hadoop-ozone/integration-test/target/test-dir/MiniOzoneClusterImpl-72f6cbb0-c919-4300-9939-20ef1cbf0e73/datanode-0/data/ratis/0a041e15-da9e-4a10-8388-10f783b4e55f/in_use.lock acquired by nodename 13648@pr-hdds-1569-x2sr2-3486766547
2019-09-25 04:50:30,342 [pool-27-thread-1] INFO  storage.RaftStorage (RaftStorage.java:format(72)) - Storage directory /workdir/hadoop-ozone/integration-test/target/test-dir/MiniOzoneClusterImpl-72f6cbb0-c919-4300-9939-20ef1cbf0e73/datanode-0/data/ratis/0a041e15-da9e-4a10-8388-10f783b4e55f has been successfully formatted.
2019-09-25 04:50:30,342 [pool-27-thread-1] INFO  ratis.ContainerStateMachine (ContainerStateMachine.java:loadSnapshot(230)) - group-10F783B4E55F: The snapshot info is null. Setting the last applied indexto:(t:0, i:~)
2019-09-25 04:50:30,342 [pool-27-thread-1] INFO  server.RaftServerConfigKeys (ConfUtils.java:logGet(43)) - raft.server.notification.no-leader.timeout = 120s (custom)
2019-09-25 04:50:30,343 [pool-27-thread-1] INFO  server.RaftServerConfigKeys (ConfUtils.java:logGet(43)) - raft.server.log.use.memory = false (default)
2019-09-25 04:50:30,343 [pool-27-thread-1] INFO  server.RaftServerConfigKeys (ConfUtils.java:logGet(43)) - raft.server.log.purge.gap = 1000000 (custom)
2019-09-25 04:50:30,343 [pool-27-thread-1] INFO  server.RaftServerConfigKeys (ConfUtils.java:logGet(43)) - raft.server.log.appender.buffer.byte-limit = 33554432 (custom)
2019-09-25 04:50:30,343 [pool-27-thread-1] INFO  server.RaftServerConfigKeys (ConfUtils.java:logGet(43)) - raft.server.log.segment.size.max = 1048576 (custom)
2019-09-25 04:50:30,343 [pool-27-thread-1] INFO  server.RaftServerConfigKeys (ConfUtils.java:logGet(43)) - raft.server.log.segment.cache.num.max = 2 (custom)
2019-09-25 04:50:30,343 [pool-27-thread-1] INFO  segmented.SegmentedRaftLogWorker (SegmentedRaftLogWorker.java:<init>(172)) - new c35819d4-86f4-4223-a458-676070fe0cbb@group-10F783B4E55F-SegmentedRaftLogWorker for RaftStorage:Storage Directory /workdir/hadoop-ozone/integration-test/target/test-dir/MiniOzoneClusterImpl-72f6cbb0-c919-4300-9939-20ef1cbf0e73/datanode-0/data/ratis/0a041e15-da9e-4a10-8388-10f783b4e55f
2019-09-25 04:50:30,344 [pool-27-thread-1] INFO  server.RaftServerConfigKeys (ConfUtils.java:logGet(43)) - raft.server.log.queue.byte-limit = 2147483647 (custom)
2019-09-25 04:50:30,344 [pool-27-thread-1] INFO  server.RaftServerConfigKeys (ConfUtils.java:logGet(43)) - raft.server.log.queue.element-limit = 1024 (custom)
2019-09-25 04:50:30,344 [pool-27-thread-1] INFO  server.RaftServerConfigKeys (ConfUtils.java:logGet(43)) - raft.server.log.segment.size.max = 1048576 (custom)
2019-09-25 04:50:30,344 [pool-27-thread-1] INFO  server.RaftServerConfigKeys (ConfUtils.java:logGet(43)) - raft.server.log.preallocated.size = 16384 (custom)
2019-09-25 04:50:30,344 [pool-27-thread-1] INFO  server.RaftServerConfigKeys (ConfUtils.java:logGet(43)) - raft.server.log.write.buffer.size = 33554432 (custom)
2019-09-25 04:50:30,344 [pool-27-thread-1] INFO  server.RaftServerConfigKeys (ConfUtils.java:logGet(43)) - raft.server.log.force.sync.num = 128 (default)
2019-09-25 04:50:30,344 [pool-27-thread-1] INFO  server.RaftServerConfigKeys (ConfUtils.java:logGet(43)) - raft.server.log.statemachine.data.sync = true (default)
2019-09-25 04:50:30,345 [pool-27-thread-1] INFO  server.RaftServerConfigKeys (ConfUtils.java:logGet(43)) - raft.server.log.statemachine.data.sync.timeout = 10s (default)
2019-09-25 04:50:30,345 [pool-27-thread-1] INFO  server.RaftServerConfigKeys (ConfUtils.java:logGet(43)) - raft.server.log.statemachine.data.sync.timeout.retry = -1 (default)
2019-09-25 04:50:30,345 [pool-27-thread-1] INFO  server.RaftServerConfigKeys (ConfUtils.java:logGet(43)) - raft.server.log.statemachine.data.caching.enabled = true (custom)
2019-09-25 04:50:30,345 [pool-27-thread-1] INFO  segmented.SegmentedRaftLogWorker (SegmentedRaftLogWorker.java:lambda$new$0(132)) - c35819d4-86f4-4223-a458-676070fe0cbb@group-10F783B4E55F-SegmentedRaftLogWorker: flushIndex: setUnconditionally 0 -> -1
2019-09-25 04:50:30,346 [pool-27-thread-1] INFO  server.RaftServerConfigKeys (ConfUtils.java:logGet(43)) - raft.server.snapshot.auto.trigger.enabled = true (custom)
2019-09-25 04:50:30,346 [pool-27-thread-1] INFO  server.RaftServerConfigKeys (ConfUtils.java:logGet(43)) - raft.server.snapshot.auto.trigger.threshold = 10000 (custom)
2019-09-25 04:50:30,346 [pool-27-thread-1] INFO  server.RaftServerConfigKeys (ConfUtils.java:logGet(43)) - raft.server.snapshot.retention.num.files = 5 (custom)
2019-09-25 04:50:30,346 [pool-27-thread-1] INFO  server.RaftServerConfigKeys (ConfUtils.java:logGet(43)) - raft.server.retrycache.expirytime = 600000ms (custom)
2019-09-25 04:50:30,349 [pool-27-thread-1] INFO  impl.RaftServerImpl (RaftServerImpl.java:start(185)) - c35819d4-86f4-4223-a458-676070fe0cbb@group-10F783B4E55F: start as a follower, conf=-1: [c35819d4-86f4-4223-a458-676070fe0cbb:192.168.151.106:44434], old=null
2019-09-25 04:50:30,349 [pool-27-thread-1] INFO  impl.RaftServerImpl (RaftServerImpl.java:setRole(174)) - c35819d4-86f4-4223-a458-676070fe0cbb@group-10F783B4E55F: changes role from      null to FOLLOWER at term 0 for startAsFollower
2019-09-25 04:50:30,349 [pool-27-thread-1] INFO  impl.RoleInfo (RoleInfo.java:updateAndGet(143)) - c35819d4-86f4-4223-a458-676070fe0cbb: start FollowerState
2019-09-25 04:50:30,350 [pool-27-thread-1] INFO  util.JmxRegister (JmxRegister.java:tryRegister(44)) - Successfully registered JMX Bean with object name Ratis:service=RaftServer,group=group-10F783B4E55F,id=c35819d4-86f4-4223-a458-676070fe0cbb
2019-09-25 04:50:30,353 [RatisPipelineUtilsThread] INFO  pipeline.PipelineStateManager (PipelineStateManager.java:addPipeline(56)) - Created pipeline Pipeline[ Id: 0a041e15-da9e-4a10-8388-10f783b4e55f, Nodes: c35819d4-86f4-4223-a458-676070fe0cbb{ip: 192.168.151.106, host: pr-hdds-1569-x2sr2-3486766547, networkLocation: /default-rack, certSerialId: null}, Type:RATIS, Factor:ONE, State:OPEN]
2019-09-25 04:50:30,359 [grpc-default-executor-0] INFO  impl.RaftServerProxy (RaftServerProxy.java:addNew(89)) - 9216b865-ce6b-4fb7-bc99-65479a86b6eb: addNew group-E0556B42A7D3:[9216b865-ce6b-4fb7-bc99-65479a86b6eb:192.168.151.106:43252] returns group-E0556B42A7D3:java.util.concurrent.CompletableFuture@69523250[Not completed]
2019-09-25 04:50:30,360 [pool-77-thread-1] INFO  impl.RaftServerImpl (RaftServerImpl.java:<init>(95)) - 9216b865-ce6b-4fb7-bc99-65479a86b6eb: new RaftServerImpl for group-E0556B42A7D3:[9216b865-ce6b-4fb7-bc99-65479a86b6eb:192.168.151.106:43252] with ContainerStateMachine:uninitialized
2019-09-25 04:50:30,360 [pool-77-thread-1] INFO  server.RaftServerConfigKeys (ConfUtils.java:logGet(43)) - raft.server.rpc.timeout.min = 5s (custom)
2019-09-25 04:50:30,360 [pool-77-thread-1] INFO  server.RaftServerConfigKeys (ConfUtils.java:logGet(43)) - raft.server.rpc.timeout.max = 5200ms (custom)
2019-09-25 04:50:30,361 [pool-77-thread-1] INFO  server.RaftServerConfigKeys (ConfUtils.java:logGet(43)) - raft.server.rpcslowness.timeout = 120s (custom)
2019-09-25 04:50:30,361 [pool-77-thread-1] INFO  server.RaftServerConfigKeys (ConfUtils.java:logGet(43)) - raft.server.sleep.deviation.threshold = 300 (default)
2019-09-25 04:50:30,361 [pool-77-thread-1] INFO  server.RaftServerConfigKeys (ConfUtils.java:logGet(43)) - raft.server.log.appender.install.snapshot.enabled = false (custom)
2019-09-25 04:50:30,361 [pool-77-thread-1] INFO  impl.RaftServerImpl (ServerState.java:<init>(103)) - 9216b865-ce6b-4fb7-bc99-65479a86b6eb@group-E0556B42A7D3: ConfigurationManager, init=-1: [9216b865-ce6b-4fb7-bc99-65479a86b6eb:192.168.151.106:43252], old=null, confs=<EMPTY_MAP>
2019-09-25 04:50:30,361 [pool-77-thread-1] INFO  server.RaftServerConfigKeys (ConfUtils.java:logGet(43)) - raft.server.storage.dir = [/workdir/hadoop-ozone/integration-test/target/test-dir/MiniOzoneClusterImpl-72f6cbb0-c919-4300-9939-20ef1cbf0e73/datanode-5/data/ratis] (custom)
2019-09-25 04:50:30,362 [pool-77-thread-1] INFO  storage.RaftStorageDirectory (RaftStorageDirectory.java:analyzeStorage(246)) - The storage directory /workdir/hadoop-ozone/integration-test/target/test-dir/MiniOzoneClusterImpl-72f6cbb0-c919-4300-9939-20ef1cbf0e73/datanode-5/data/ratis/159d1721-cc89-497e-98cc-e0556b42a7d3 does not exist. Creating ...
2019-09-25 04:50:30,374 [pool-77-thread-1] INFO  storage.RaftStorageDirectory (RaftStorageDirectory.java:tryLock(328)) - Lock on /workdir/hadoop-ozone/integration-test/target/test-dir/MiniOzoneClusterImpl-72f6cbb0-c919-4300-9939-20ef1cbf0e73/datanode-5/data/ratis/159d1721-cc89-497e-98cc-e0556b42a7d3/in_use.lock acquired by nodename 13648@pr-hdds-1569-x2sr2-3486766547
2019-09-25 04:50:30,381 [Thread-268] INFO  impl.FollowerState (FollowerState.java:run(106)) - 45f1801e-7cfd-420a-bb39-98f19dcc81c3:group-F75FD092172B changes to CANDIDATE, lastRpcTime:5183, electionTimeout:5183ms
2019-09-25 04:50:30,381 [Thread-268] INFO  impl.RoleInfo (RoleInfo.java:shutdownFollowerState(121)) - 45f1801e-7cfd-420a-bb39-98f19dcc81c3: shutdown FollowerState
2019-09-25 04:50:30,382 [Thread-268] INFO  impl.RaftServerImpl (RaftServerImpl.java:setRole(174)) - 45f1801e-7cfd-420a-bb39-98f19dcc81c3@group-F75FD092172B: changes role from  FOLLOWER to CANDIDATE at term 0 for changeToCandidate
2019-09-25 04:50:30,382 [Thread-268] INFO  impl.RoleInfo (RoleInfo.java:updateAndGet(143)) - 45f1801e-7cfd-420a-bb39-98f19dcc81c3: start LeaderElection
2019-09-25 04:50:30,391 [pool-77-thread-1] INFO  storage.RaftStorage (RaftStorage.java:format(72)) - Storage directory /workdir/hadoop-ozone/integration-test/target/test-dir/MiniOzoneClusterImpl-72f6cbb0-c919-4300-9939-20ef1cbf0e73/datanode-5/data/ratis/159d1721-cc89-497e-98cc-e0556b42a7d3 has been successfully formatted.
2019-09-25 04:50:30,392 [pool-77-thread-1] INFO  ratis.ContainerStateMachine (ContainerStateMachine.java:loadSnapshot(230)) - group-E0556B42A7D3: The snapshot info is null. Setting the last applied indexto:(t:0, i:~)
2019-09-25 04:50:30,392 [pool-77-thread-1] INFO  server.RaftServerConfigKeys (ConfUtils.java:logGet(43)) - raft.server.notification.no-leader.timeout = 120s (custom)
2019-09-25 04:50:30,392 [pool-77-thread-1] INFO  server.RaftServerConfigKeys (ConfUtils.java:logGet(43)) - raft.server.log.use.memory = false (default)
2019-09-25 04:50:30,392 [pool-77-thread-1] INFO  server.RaftServerConfigKeys (ConfUtils.java:logGet(43)) - raft.server.log.purge.gap = 1000000 (custom)
2019-09-25 04:50:30,392 [pool-77-thread-1] INFO  server.RaftServerConfigKeys (ConfUtils.java:logGet(43)) - raft.server.log.appender.buffer.byte-limit = 33554432 (custom)
2019-09-25 04:50:30,393 [pool-77-thread-1] INFO  server.RaftServerConfigKeys (ConfUtils.java:logGet(43)) - raft.server.log.segment.size.max = 1048576 (custom)
2019-09-25 04:50:30,393 [pool-77-thread-1] INFO  server.RaftServerConfigKeys (ConfUtils.java:logGet(43)) - raft.server.log.segment.cache.num.max = 2 (custom)
2019-09-25 04:50:30,393 [pool-77-thread-1] INFO  segmented.SegmentedRaftLogWorker (SegmentedRaftLogWorker.java:<init>(172)) - new 9216b865-ce6b-4fb7-bc99-65479a86b6eb@group-E0556B42A7D3-SegmentedRaftLogWorker for RaftStorage:Storage Directory /workdir/hadoop-ozone/integration-test/target/test-dir/MiniOzoneClusterImpl-72f6cbb0-c919-4300-9939-20ef1cbf0e73/datanode-5/data/ratis/159d1721-cc89-497e-98cc-e0556b42a7d3
2019-09-25 04:50:30,393 [pool-77-thread-1] INFO  server.RaftServerConfigKeys (ConfUtils.java:logGet(43)) - raft.server.log.queue.byte-limit = 2147483647 (custom)
2019-09-25 04:50:30,393 [pool-77-thread-1] INFO  server.RaftServerConfigKeys (ConfUtils.java:logGet(43)) - raft.server.log.queue.element-limit = 1024 (custom)
2019-09-25 04:50:30,393 [pool-77-thread-1] INFO  server.RaftServerConfigKeys (ConfUtils.java:logGet(43)) - raft.server.log.segment.size.max = 1048576 (custom)
2019-09-25 04:50:30,394 [pool-77-thread-1] INFO  server.RaftServerConfigKeys (ConfUtils.java:logGet(43)) - raft.server.log.preallocated.size = 16384 (custom)
2019-09-25 04:50:30,394 [pool-77-thread-1] INFO  server.RaftServerConfigKeys (ConfUtils.java:logGet(43)) - raft.server.log.write.buffer.size = 33554432 (custom)
2019-09-25 04:50:30,394 [pool-77-thread-1] INFO  server.RaftServerConfigKeys (ConfUtils.java:logGet(43)) - raft.server.log.force.sync.num = 128 (default)
2019-09-25 04:50:30,394 [pool-77-thread-1] INFO  server.RaftServerConfigKeys (ConfUtils.java:logGet(43)) - raft.server.log.statemachine.data.sync = true (default)
2019-09-25 04:50:30,394 [pool-77-thread-1] INFO  server.RaftServerConfigKeys (ConfUtils.java:logGet(43)) - raft.server.log.statemachine.data.sync.timeout = 10s (default)
2019-09-25 04:50:30,394 [pool-77-thread-1] INFO  server.RaftServerConfigKeys (ConfUtils.java:logGet(43)) - raft.server.log.statemachine.data.sync.timeout.retry = -1 (default)
2019-09-25 04:50:30,395 [pool-77-thread-1] INFO  server.RaftServerConfigKeys (ConfUtils.java:logGet(43)) - raft.server.log.statemachine.data.caching.enabled = true (custom)
2019-09-25 04:50:30,395 [pool-77-thread-1] INFO  segmented.SegmentedRaftLogWorker (SegmentedRaftLogWorker.java:lambda$new$0(132)) - 9216b865-ce6b-4fb7-bc99-65479a86b6eb@group-E0556B42A7D3-SegmentedRaftLogWorker: flushIndex: setUnconditionally 0 -> -1
2019-09-25 04:50:30,395 [pool-77-thread-1] INFO  server.RaftServerConfigKeys (ConfUtils.java:logGet(43)) - raft.server.snapshot.auto.trigger.enabled = true (custom)
2019-09-25 04:50:30,396 [pool-77-thread-1] INFO  server.RaftServerConfigKeys (ConfUtils.java:logGet(43)) - raft.server.snapshot.auto.trigger.threshold = 10000 (custom)
2019-09-25 04:50:30,396 [pool-77-thread-1] INFO  server.RaftServerConfigKeys (ConfUtils.java:logGet(43)) - raft.server.snapshot.retention.num.files = 5 (custom)
2019-09-25 04:50:30,396 [pool-77-thread-1] INFO  server.RaftServerConfigKeys (ConfUtils.java:logGet(43)) - raft.server.retrycache.expirytime = 600000ms (custom)
2019-09-25 04:50:30,398 [pool-77-thread-1] INFO  impl.RaftServerImpl (RaftServerImpl.java:start(185)) - 9216b865-ce6b-4fb7-bc99-65479a86b6eb@group-E0556B42A7D3: start as a follower, conf=-1: [9216b865-ce6b-4fb7-bc99-65479a86b6eb:192.168.151.106:43252], old=null
2019-09-25 04:50:30,399 [pool-77-thread-1] INFO  impl.RaftServerImpl (RaftServerImpl.java:setRole(174)) - 9216b865-ce6b-4fb7-bc99-65479a86b6eb@group-E0556B42A7D3: changes role from      null to FOLLOWER at term 0 for startAsFollower
2019-09-25 04:50:30,399 [pool-77-thread-1] INFO  impl.RoleInfo (RoleInfo.java:updateAndGet(143)) - 9216b865-ce6b-4fb7-bc99-65479a86b6eb: start FollowerState
2019-09-25 04:50:30,399 [pool-77-thread-1] INFO  util.JmxRegister (JmxRegister.java:tryRegister(44)) - Successfully registered JMX Bean with object name Ratis:service=RaftServer,group=group-E0556B42A7D3,id=9216b865-ce6b-4fb7-bc99-65479a86b6eb
2019-09-25 04:50:30,402 [RatisPipelineUtilsThread] INFO  pipeline.PipelineStateManager (PipelineStateManager.java:addPipeline(56)) - Created pipeline Pipeline[ Id: 159d1721-cc89-497e-98cc-e0556b42a7d3, Nodes: 9216b865-ce6b-4fb7-bc99-65479a86b6eb{ip: 192.168.151.106, host: pr-hdds-1569-x2sr2-3486766547, networkLocation: /default-rack, certSerialId: null}, Type:RATIS, Factor:ONE, State:OPEN]
2019-09-25 04:50:30,405 [45f1801e-7cfd-420a-bb39-98f19dcc81c3@group-F75FD092172B:LeaderElection10] INFO  impl.LeaderElection (LeaderElection.java:askForVotes(182)) - 45f1801e-7cfd-420a-bb39-98f19dcc81c3@group-F75FD092172B:LeaderElection10: begin an election at term 1 for -1: [45f1801e-7cfd-420a-bb39-98f19dcc81c3:192.168.151.106:38437], old=null
2019-09-25 04:50:30,405 [45f1801e-7cfd-420a-bb39-98f19dcc81c3@group-F75FD092172B:LeaderElection10] INFO  impl.RoleInfo (RoleInfo.java:shutdownLeaderElection(134)) - 45f1801e-7cfd-420a-bb39-98f19dcc81c3: shutdown LeaderElection
2019-09-25 04:50:30,405 [45f1801e-7cfd-420a-bb39-98f19dcc81c3@group-F75FD092172B:LeaderElection10] INFO  impl.RaftServerImpl (RaftServerImpl.java:setRole(174)) - 45f1801e-7cfd-420a-bb39-98f19dcc81c3@group-F75FD092172B: changes role from CANDIDATE to LEADER at term 1 for changeToLeader
2019-09-25 04:50:30,405 [45f1801e-7cfd-420a-bb39-98f19dcc81c3@group-F75FD092172B:LeaderElection10] INFO  impl.RaftServerImpl (ServerState.java:setLeader(253)) - 45f1801e-7cfd-420a-bb39-98f19dcc81c3@group-F75FD092172B: change Leader from null to 45f1801e-7cfd-420a-bb39-98f19dcc81c3 at term 1 for becomeLeader, leader elected after 5215ms
2019-09-25 04:50:30,405 [45f1801e-7cfd-420a-bb39-98f19dcc81c3@group-F75FD092172B:LeaderElection10] INFO  server.RaftServerConfigKeys (ConfUtils.java:logGet(43)) - raft.server.staging.catchup.gap = 1000 (default)
2019-09-25 04:50:30,406 [45f1801e-7cfd-420a-bb39-98f19dcc81c3@group-F75FD092172B:LeaderElection10] INFO  server.RaftServerConfigKeys (ConfUtils.java:logGet(43)) - raft.server.rpc.sleep.time = 25ms (default)
2019-09-25 04:50:30,406 [45f1801e-7cfd-420a-bb39-98f19dcc81c3@group-F75FD092172B:LeaderElection10] INFO  server.RaftServerConfigKeys (ConfUtils.java:logGet(43)) - raft.server.write.element-limit = 4096 (default)
2019-09-25 04:50:30,406 [45f1801e-7cfd-420a-bb39-98f19dcc81c3@group-F75FD092172B:LeaderElection10] INFO  server.RaftServerConfigKeys (ConfUtils.java:logGet(43)) - raft.server.watch.timeout = 10s (default)
2019-09-25 04:50:30,406 [45f1801e-7cfd-420a-bb39-98f19dcc81c3@group-F75FD092172B:LeaderElection10] INFO  server.RaftServerConfigKeys (ConfUtils.java:logGet(43)) - raft.server.watch.timeout.denomination = 1s (default)
2019-09-25 04:50:30,406 [45f1801e-7cfd-420a-bb39-98f19dcc81c3@group-F75FD092172B:LeaderElection10] INFO  server.RaftServerConfigKeys (ConfUtils.java:logGet(43)) - raft.server.watch.element-limit = 65536 (default)
2019-09-25 04:50:30,407 [grpc-default-executor-0] INFO  impl.RaftServerProxy (RaftServerProxy.java:addNew(89)) - 45f1801e-7cfd-420a-bb39-98f19dcc81c3: addNew group-E8AEB34FB33B:[45f1801e-7cfd-420a-bb39-98f19dcc81c3:192.168.151.106:38437] returns group-E8AEB34FB33B:java.util.concurrent.CompletableFuture@1dd4eb1b[Not completed]
2019-09-25 04:50:30,409 [pool-87-thread-1] INFO  impl.RaftServerImpl (RaftServerImpl.java:<init>(95)) - 45f1801e-7cfd-420a-bb39-98f19dcc81c3: new RaftServerImpl for group-E8AEB34FB33B:[45f1801e-7cfd-420a-bb39-98f19dcc81c3:192.168.151.106:38437] with ContainerStateMachine:uninitialized
2019-09-25 04:50:30,409 [pool-87-thread-1] INFO  server.RaftServerConfigKeys (ConfUtils.java:logGet(43)) - raft.server.rpc.timeout.min = 5s (custom)
2019-09-25 04:50:30,409 [45f1801e-7cfd-420a-bb39-98f19dcc81c3@group-F75FD092172B:LeaderElection10] INFO  impl.RoleInfo (RoleInfo.java:updateAndGet(143)) - 45f1801e-7cfd-420a-bb39-98f19dcc81c3: start LeaderState
2019-09-25 04:50:30,409 [pool-87-thread-1] INFO  server.RaftServerConfigKeys (ConfUtils.java:logGet(43)) - raft.server.rpc.timeout.max = 5200ms (custom)
2019-09-25 04:50:30,410 [pool-87-thread-1] INFO  server.RaftServerConfigKeys (ConfUtils.java:logGet(43)) - raft.server.rpcslowness.timeout = 120s (custom)
2019-09-25 04:50:30,410 [45f1801e-7cfd-420a-bb39-98f19dcc81c3@group-F75FD092172B:LeaderElection10] INFO  segmented.SegmentedRaftLogWorker (SegmentedRaftLogWorker.java:startLogSegment(380)) - 45f1801e-7cfd-420a-bb39-98f19dcc81c3@group-F75FD092172B-SegmentedRaftLogWorker: Starting segment from index:0
2019-09-25 04:50:30,410 [pool-87-thread-1] INFO  server.RaftServerConfigKeys (ConfUtils.java:logGet(43)) - raft.server.sleep.deviation.threshold = 300 (default)
2019-09-25 04:50:30,410 [pool-87-thread-1] INFO  server.RaftServerConfigKeys (ConfUtils.java:logGet(43)) - raft.server.log.appender.install.snapshot.enabled = false (custom)
2019-09-25 04:50:30,410 [pool-87-thread-1] INFO  impl.RaftServerImpl (ServerState.java:<init>(103)) - 45f1801e-7cfd-420a-bb39-98f19dcc81c3@group-E8AEB34FB33B: ConfigurationManager, init=-1: [45f1801e-7cfd-420a-bb39-98f19dcc81c3:192.168.151.106:38437], old=null, confs=<EMPTY_MAP>
2019-09-25 04:50:30,410 [45f1801e-7cfd-420a-bb39-98f19dcc81c3@group-F75FD092172B:LeaderElection10] INFO  impl.RaftServerImpl (ServerState.java:setRaftConf(354)) - 45f1801e-7cfd-420a-bb39-98f19dcc81c3@group-F75FD092172B: set configuration 0: [45f1801e-7cfd-420a-bb39-98f19dcc81c3:192.168.151.106:38437], old=null at 0
2019-09-25 04:50:30,411 [pool-87-thread-1] INFO  server.RaftServerConfigKeys (ConfUtils.java:logGet(43)) - raft.server.storage.dir = [/workdir/hadoop-ozone/integration-test/target/test-dir/MiniOzoneClusterImpl-72f6cbb0-c919-4300-9939-20ef1cbf0e73/datanode-6/data/ratis] (custom)
2019-09-25 04:50:30,452 [pool-87-thread-1] INFO  storage.RaftStorageDirectory (RaftStorageDirectory.java:analyzeStorage(246)) - The storage directory /workdir/hadoop-ozone/integration-test/target/test-dir/MiniOzoneClusterImpl-72f6cbb0-c919-4300-9939-20ef1cbf0e73/datanode-6/data/ratis/cb33bc19-9cc3-42c1-b9f9-e8aeb34fb33b does not exist. Creating ...
2019-09-25 04:50:30,460 [Thread-272] INFO  impl.FollowerState (FollowerState.java:run(106)) - aabdae46-dcfa-45e6-b665-2c47bb305ebb:group-93A8D747D500 changes to CANDIDATE, lastRpcTime:5179, electionTimeout:5179ms
2019-09-25 04:50:30,460 [Thread-272] INFO  impl.RoleInfo (RoleInfo.java:shutdownFollowerState(121)) - aabdae46-dcfa-45e6-b665-2c47bb305ebb: shutdown FollowerState
2019-09-25 04:50:30,460 [Thread-272] INFO  impl.RaftServerImpl (RaftServerImpl.java:setRole(174)) - aabdae46-dcfa-45e6-b665-2c47bb305ebb@group-93A8D747D500: changes role from  FOLLOWER to CANDIDATE at term 0 for changeToCandidate
2019-09-25 04:50:30,460 [Thread-272] INFO  impl.RoleInfo (RoleInfo.java:updateAndGet(143)) - aabdae46-dcfa-45e6-b665-2c47bb305ebb: start LeaderElection
2019-09-25 04:50:30,468 [pool-87-thread-1] INFO  storage.RaftStorageDirectory (RaftStorageDirectory.java:tryLock(328)) - Lock on /workdir/hadoop-ozone/integration-test/target/test-dir/MiniOzoneClusterImpl-72f6cbb0-c919-4300-9939-20ef1cbf0e73/datanode-6/data/ratis/cb33bc19-9cc3-42c1-b9f9-e8aeb34fb33b/in_use.lock acquired by nodename 13648@pr-hdds-1569-x2sr2-3486766547
2019-09-25 04:50:30,468 [45f1801e-7cfd-420a-bb39-98f19dcc81c3@group-F75FD092172B-SegmentedRaftLogWorker] INFO  segmented.SegmentedRaftLogWorker (SegmentedRaftLogWorker.java:execute(569)) - 45f1801e-7cfd-420a-bb39-98f19dcc81c3@group-F75FD092172B-SegmentedRaftLogWorker: created new log segment /workdir/hadoop-ozone/integration-test/target/test-dir/MiniOzoneClusterImpl-72f6cbb0-c919-4300-9939-20ef1cbf0e73/datanode-6/data/ratis/4c740668-aada-4e14-a5a9-f75fd092172b/current/log_inprogress_0
2019-09-25 04:50:30,482 [pool-87-thread-1] INFO  storage.RaftStorage (RaftStorage.java:format(72)) - Storage directory /workdir/hadoop-ozone/integration-test/target/test-dir/MiniOzoneClusterImpl-72f6cbb0-c919-4300-9939-20ef1cbf0e73/datanode-6/data/ratis/cb33bc19-9cc3-42c1-b9f9-e8aeb34fb33b has been successfully formatted.
2019-09-25 04:50:30,482 [aabdae46-dcfa-45e6-b665-2c47bb305ebb@group-93A8D747D500:LeaderElection11] INFO  impl.LeaderElection (LeaderElection.java:askForVotes(182)) - aabdae46-dcfa-45e6-b665-2c47bb305ebb@group-93A8D747D500:LeaderElection11: begin an election at term 1 for -1: [aabdae46-dcfa-45e6-b665-2c47bb305ebb:192.168.151.106:41436], old=null
2019-09-25 04:50:30,482 [pool-87-thread-1] INFO  ratis.ContainerStateMachine (ContainerStateMachine.java:loadSnapshot(230)) - group-E8AEB34FB33B: The snapshot info is null. Setting the last applied indexto:(t:0, i:~)
2019-09-25 04:50:30,482 [aabdae46-dcfa-45e6-b665-2c47bb305ebb@group-93A8D747D500:LeaderElection11] INFO  impl.RoleInfo (RoleInfo.java:shutdownLeaderElection(134)) - aabdae46-dcfa-45e6-b665-2c47bb305ebb: shutdown LeaderElection
2019-09-25 04:50:30,483 [pool-87-thread-1] INFO  server.RaftServerConfigKeys (ConfUtils.java:logGet(43)) - raft.server.notification.no-leader.timeout = 120s (custom)
2019-09-25 04:50:30,483 [aabdae46-dcfa-45e6-b665-2c47bb305ebb@group-93A8D747D500:LeaderElection11] INFO  impl.RaftServerImpl (RaftServerImpl.java:setRole(174)) - aabdae46-dcfa-45e6-b665-2c47bb305ebb@group-93A8D747D500: changes role from CANDIDATE to LEADER at term 1 for changeToLeader
2019-09-25 04:50:30,483 [pool-87-thread-1] INFO  server.RaftServerConfigKeys (ConfUtils.java:logGet(43)) - raft.server.log.use.memory = false (default)
2019-09-25 04:50:30,483 [aabdae46-dcfa-45e6-b665-2c47bb305ebb@group-93A8D747D500:LeaderElection11] INFO  impl.RaftServerImpl (ServerState.java:setLeader(253)) - aabdae46-dcfa-45e6-b665-2c47bb305ebb@group-93A8D747D500: change Leader from null to aabdae46-dcfa-45e6-b665-2c47bb305ebb at term 1 for becomeLeader, leader elected after 5211ms
2019-09-25 04:50:30,483 [pool-87-thread-1] INFO  server.RaftServerConfigKeys (ConfUtils.java:logGet(43)) - raft.server.log.purge.gap = 1000000 (custom)
2019-09-25 04:50:30,483 [aabdae46-dcfa-45e6-b665-2c47bb305ebb@group-93A8D747D500:LeaderElection11] INFO  server.RaftServerConfigKeys (ConfUtils.java:logGet(43)) - raft.server.staging.catchup.gap = 1000 (default)
2019-09-25 04:50:30,484 [pool-87-thread-1] INFO  server.RaftServerConfigKeys (ConfUtils.java:logGet(43)) - raft.server.log.appender.buffer.byte-limit = 33554432 (custom)
2019-09-25 04:50:30,484 [aabdae46-dcfa-45e6-b665-2c47bb305ebb@group-93A8D747D500:LeaderElection11] INFO  server.RaftServerConfigKeys (ConfUtils.java:logGet(43)) - raft.server.rpc.sleep.time = 25ms (default)
2019-09-25 04:50:30,484 [pool-87-thread-1] INFO  server.RaftServerConfigKeys (ConfUtils.java:logGet(43)) - raft.server.log.segment.size.max = 1048576 (custom)
2019-09-25 04:50:30,484 [aabdae46-dcfa-45e6-b665-2c47bb305ebb@group-93A8D747D500:LeaderElection11] INFO  server.RaftServerConfigKeys (ConfUtils.java:logGet(43)) - raft.server.write.element-limit = 4096 (default)
2019-09-25 04:50:30,484 [pool-87-thread-1] INFO  server.RaftServerConfigKeys (ConfUtils.java:logGet(43)) - raft.server.log.segment.cache.num.max = 2 (custom)
2019-09-25 04:50:30,484 [aabdae46-dcfa-45e6-b665-2c47bb305ebb@group-93A8D747D500:LeaderElection11] INFO  server.RaftServerConfigKeys (ConfUtils.java:logGet(43)) - raft.server.watch.timeout = 10s (default)
2019-09-25 04:50:30,484 [pool-87-thread-1] INFO  segmented.SegmentedRaftLogWorker (SegmentedRaftLogWorker.java:<init>(172)) - new 45f1801e-7cfd-420a-bb39-98f19dcc81c3@group-E8AEB34FB33B-SegmentedRaftLogWorker for RaftStorage:Storage Directory /workdir/hadoop-ozone/integration-test/target/test-dir/MiniOzoneClusterImpl-72f6cbb0-c919-4300-9939-20ef1cbf0e73/datanode-6/data/ratis/cb33bc19-9cc3-42c1-b9f9-e8aeb34fb33b
2019-09-25 04:50:30,485 [aabdae46-dcfa-45e6-b665-2c47bb305ebb@group-93A8D747D500:LeaderElection11] INFO  server.RaftServerConfigKeys (ConfUtils.java:logGet(43)) - raft.server.watch.timeout.denomination = 1s (default)
2019-09-25 04:50:30,485 [pool-87-thread-1] INFO  server.RaftServerConfigKeys (ConfUtils.java:logGet(43)) - raft.server.log.queue.byte-limit = 2147483647 (custom)
2019-09-25 04:50:30,485 [aabdae46-dcfa-45e6-b665-2c47bb305ebb@group-93A8D747D500:LeaderElection11] INFO  server.RaftServerConfigKeys (ConfUtils.java:logGet(43)) - raft.server.watch.element-limit = 65536 (default)
2019-09-25 04:50:30,485 [pool-87-thread-1] INFO  server.RaftServerConfigKeys (ConfUtils.java:logGet(43)) - raft.server.log.queue.element-limit = 1024 (custom)
2019-09-25 04:50:30,485 [pool-87-thread-1] INFO  server.RaftServerConfigKeys (ConfUtils.java:logGet(43)) - raft.server.log.segment.size.max = 1048576 (custom)
2019-09-25 04:50:30,486 [pool-87-thread-1] INFO  server.RaftServerConfigKeys (ConfUtils.java:logGet(43)) - raft.server.log.preallocated.size = 16384 (custom)
2019-09-25 04:50:30,486 [pool-87-thread-1] INFO  server.RaftServerConfigKeys (ConfUtils.java:logGet(43)) - raft.server.log.write.buffer.size = 33554432 (custom)
2019-09-25 04:50:30,486 [pool-87-thread-1] INFO  server.RaftServerConfigKeys (ConfUtils.java:logGet(43)) - raft.server.log.force.sync.num = 128 (default)
2019-09-25 04:50:30,486 [pool-87-thread-1] INFO  server.RaftServerConfigKeys (ConfUtils.java:logGet(43)) - raft.server.log.statemachine.data.sync = true (default)
2019-09-25 04:50:30,486 [pool-87-thread-1] INFO  server.RaftServerConfigKeys (ConfUtils.java:logGet(43)) - raft.server.log.statemachine.data.sync.timeout = 10s (default)
2019-09-25 04:50:30,486 [pool-87-thread-1] INFO  server.RaftServerConfigKeys (ConfUtils.java:logGet(43)) - raft.server.log.statemachine.data.sync.timeout.retry = -1 (default)
2019-09-25 04:50:30,487 [pool-87-thread-1] INFO  server.RaftServerConfigKeys (ConfUtils.java:logGet(43)) - raft.server.log.statemachine.data.caching.enabled = true (custom)
2019-09-25 04:50:30,487 [pool-87-thread-1] INFO  segmented.SegmentedRaftLogWorker (SegmentedRaftLogWorker.java:lambda$new$0(132)) - 45f1801e-7cfd-420a-bb39-98f19dcc81c3@group-E8AEB34FB33B-SegmentedRaftLogWorker: flushIndex: setUnconditionally 0 -> -1
2019-09-25 04:50:30,487 [pool-87-thread-1] INFO  server.RaftServerConfigKeys (ConfUtils.java:logGet(43)) - raft.server.snapshot.auto.trigger.enabled = true (custom)
2019-09-25 04:50:30,488 [pool-87-thread-1] INFO  server.RaftServerConfigKeys (ConfUtils.java:logGet(43)) - raft.server.snapshot.auto.trigger.threshold = 10000 (custom)
2019-09-25 04:50:30,488 [pool-87-thread-1] INFO  server.RaftServerConfigKeys (ConfUtils.java:logGet(43)) - raft.server.snapshot.retention.num.files = 5 (custom)
2019-09-25 04:50:30,488 [aabdae46-dcfa-45e6-b665-2c47bb305ebb@group-93A8D747D500:LeaderElection11] INFO  impl.RoleInfo (RoleInfo.java:updateAndGet(143)) - aabdae46-dcfa-45e6-b665-2c47bb305ebb: start LeaderState
2019-09-25 04:50:30,488 [pool-87-thread-1] INFO  server.RaftServerConfigKeys (ConfUtils.java:logGet(43)) - raft.server.retrycache.expirytime = 600000ms (custom)
2019-09-25 04:50:30,488 [aabdae46-dcfa-45e6-b665-2c47bb305ebb@group-93A8D747D500:LeaderElection11] INFO  segmented.SegmentedRaftLogWorker (SegmentedRaftLogWorker.java:startLogSegment(380)) - aabdae46-dcfa-45e6-b665-2c47bb305ebb@group-93A8D747D500-SegmentedRaftLogWorker: Starting segment from index:0
2019-09-25 04:50:30,489 [aabdae46-dcfa-45e6-b665-2c47bb305ebb@group-93A8D747D500:LeaderElection11] INFO  impl.RaftServerImpl (ServerState.java:setRaftConf(354)) - aabdae46-dcfa-45e6-b665-2c47bb305ebb@group-93A8D747D500: set configuration 0: [aabdae46-dcfa-45e6-b665-2c47bb305ebb:192.168.151.106:41436], old=null at 0
2019-09-25 04:50:30,530 [Thread-275] INFO  impl.FollowerState (FollowerState.java:run(106)) - aabdae46-dcfa-45e6-b665-2c47bb305ebb:group-1A9CE574797A changes to CANDIDATE, lastRpcTime:5179, electionTimeout:5142ms
2019-09-25 04:50:30,531 [Thread-275] INFO  impl.RoleInfo (RoleInfo.java:shutdownFollowerState(121)) - aabdae46-dcfa-45e6-b665-2c47bb305ebb: shutdown FollowerState
2019-09-25 04:50:30,531 [Thread-275] INFO  impl.RaftServerImpl (RaftServerImpl.java:setRole(174)) - aabdae46-dcfa-45e6-b665-2c47bb305ebb@group-1A9CE574797A: changes role from  FOLLOWER to CANDIDATE at term 0 for changeToCandidate
2019-09-25 04:50:30,531 [Thread-275] INFO  impl.RoleInfo (RoleInfo.java:updateAndGet(143)) - aabdae46-dcfa-45e6-b665-2c47bb305ebb: start LeaderElection
2019-09-25 04:50:30,538 [pool-87-thread-1] INFO  impl.RaftServerImpl (RaftServerImpl.java:start(185)) - 45f1801e-7cfd-420a-bb39-98f19dcc81c3@group-E8AEB34FB33B: start as a follower, conf=-1: [45f1801e-7cfd-420a-bb39-98f19dcc81c3:192.168.151.106:38437], old=null
2019-09-25 04:50:30,539 [pool-87-thread-1] INFO  impl.RaftServerImpl (RaftServerImpl.java:setRole(174)) - 45f1801e-7cfd-420a-bb39-98f19dcc81c3@group-E8AEB34FB33B: changes role from      null to FOLLOWER at term 0 for startAsFollower
2019-09-25 04:50:30,539 [pool-87-thread-1] INFO  impl.RoleInfo (RoleInfo.java:updateAndGet(143)) - 45f1801e-7cfd-420a-bb39-98f19dcc81c3: start FollowerState
2019-09-25 04:50:30,539 [pool-87-thread-1] INFO  util.JmxRegister (JmxRegister.java:tryRegister(44)) - Successfully registered JMX Bean with object name Ratis:service=RaftServer,group=group-E8AEB34FB33B,id=45f1801e-7cfd-420a-bb39-98f19dcc81c3
2019-09-25 04:50:30,543 [aabdae46-dcfa-45e6-b665-2c47bb305ebb@group-93A8D747D500-SegmentedRaftLogWorker] INFO  segmented.SegmentedRaftLogWorker (SegmentedRaftLogWorker.java:execute(569)) - aabdae46-dcfa-45e6-b665-2c47bb305ebb@group-93A8D747D500-SegmentedRaftLogWorker: created new log segment /workdir/hadoop-ozone/integration-test/target/test-dir/MiniOzoneClusterImpl-72f6cbb0-c919-4300-9939-20ef1cbf0e73/datanode-4/data/ratis/add1e5a8-4ad9-4332-a029-93a8d747d500/current/log_inprogress_0
2019-09-25 04:50:30,543 [aabdae46-dcfa-45e6-b665-2c47bb305ebb@group-1A9CE574797A:LeaderElection12] INFO  impl.LeaderElection (LeaderElection.java:askForVotes(182)) - aabdae46-dcfa-45e6-b665-2c47bb305ebb@group-1A9CE574797A:LeaderElection12: begin an election at term 1 for -1: [aabdae46-dcfa-45e6-b665-2c47bb305ebb:192.168.151.106:41436], old=null
2019-09-25 04:50:30,543 [RatisPipelineUtilsThread] INFO  pipeline.PipelineStateManager (PipelineStateManager.java:addPipeline(56)) - Created pipeline Pipeline[ Id: cb33bc19-9cc3-42c1-b9f9-e8aeb34fb33b, Nodes: 45f1801e-7cfd-420a-bb39-98f19dcc81c3{ip: 192.168.151.106, host: pr-hdds-1569-x2sr2-3486766547, networkLocation: /default-rack, certSerialId: null}, Type:RATIS, Factor:ONE, State:OPEN]
2019-09-25 04:50:30,543 [aabdae46-dcfa-45e6-b665-2c47bb305ebb@group-1A9CE574797A:LeaderElection12] INFO  impl.RoleInfo (RoleInfo.java:shutdownLeaderElection(134)) - aabdae46-dcfa-45e6-b665-2c47bb305ebb: shutdown LeaderElection
2019-09-25 04:50:30,543 [aabdae46-dcfa-45e6-b665-2c47bb305ebb@group-1A9CE574797A:LeaderElection12] INFO  impl.RaftServerImpl (RaftServerImpl.java:setRole(174)) - aabdae46-dcfa-45e6-b665-2c47bb305ebb@group-1A9CE574797A: changes role from CANDIDATE to LEADER at term 1 for changeToLeader
2019-09-25 04:50:30,544 [aabdae46-dcfa-45e6-b665-2c47bb305ebb@group-1A9CE574797A:LeaderElection12] INFO  impl.RaftServerImpl (ServerState.java:setLeader(253)) - aabdae46-dcfa-45e6-b665-2c47bb305ebb@group-1A9CE574797A: change Leader from null to aabdae46-dcfa-45e6-b665-2c47bb305ebb at term 1 for becomeLeader, leader elected after 5201ms
2019-09-25 04:50:30,544 [aabdae46-dcfa-45e6-b665-2c47bb305ebb@group-1A9CE574797A:LeaderElection12] INFO  server.RaftServerConfigKeys (ConfUtils.java:logGet(43)) - raft.server.staging.catchup.gap = 1000 (default)
2019-09-25 04:50:30,544 [aabdae46-dcfa-45e6-b665-2c47bb305ebb@group-1A9CE574797A:LeaderElection12] INFO  server.RaftServerConfigKeys (ConfUtils.java:logGet(43)) - raft.server.rpc.sleep.time = 25ms (default)
2019-09-25 04:50:30,544 [aabdae46-dcfa-45e6-b665-2c47bb305ebb@group-1A9CE574797A:LeaderElection12] INFO  server.RaftServerConfigKeys (ConfUtils.java:logGet(43)) - raft.server.write.element-limit = 4096 (default)
2019-09-25 04:50:30,544 [aabdae46-dcfa-45e6-b665-2c47bb305ebb@group-1A9CE574797A:LeaderElection12] INFO  server.RaftServerConfigKeys (ConfUtils.java:logGet(43)) - raft.server.watch.timeout = 10s (default)
2019-09-25 04:50:30,545 [aabdae46-dcfa-45e6-b665-2c47bb305ebb@group-1A9CE574797A:LeaderElection12] INFO  server.RaftServerConfigKeys (ConfUtils.java:logGet(43)) - raft.server.watch.timeout.denomination = 1s (default)
2019-09-25 04:50:30,545 [aabdae46-dcfa-45e6-b665-2c47bb305ebb@group-1A9CE574797A:LeaderElection12] INFO  server.RaftServerConfigKeys (ConfUtils.java:logGet(43)) - raft.server.watch.element-limit = 65536 (default)
2019-09-25 04:50:30,548 [aabdae46-dcfa-45e6-b665-2c47bb305ebb@group-1A9CE574797A:LeaderElection12] INFO  impl.RoleInfo (RoleInfo.java:updateAndGet(143)) - aabdae46-dcfa-45e6-b665-2c47bb305ebb: start LeaderState
2019-09-25 04:50:30,548 [aabdae46-dcfa-45e6-b665-2c47bb305ebb@group-1A9CE574797A:LeaderElection12] INFO  segmented.SegmentedRaftLogWorker (SegmentedRaftLogWorker.java:startLogSegment(380)) - aabdae46-dcfa-45e6-b665-2c47bb305ebb@group-1A9CE574797A-SegmentedRaftLogWorker: Starting segment from index:0
2019-09-25 04:50:30,548 [aabdae46-dcfa-45e6-b665-2c47bb305ebb@group-1A9CE574797A:LeaderElection12] INFO  impl.RaftServerImpl (ServerState.java:setRaftConf(354)) - aabdae46-dcfa-45e6-b665-2c47bb305ebb@group-1A9CE574797A: set configuration 0: [aabdae46-dcfa-45e6-b665-2c47bb305ebb:192.168.151.106:41436], old=null at 0
2019-09-25 04:50:30,589 [grpc-default-executor-0] INFO  impl.RaftServerProxy (RaftServerProxy.java:addNew(89)) - b40ef231-6505-402b-ae57-fc0dc67cbbe8: addNew group-9FCF459108F2:[b40ef231-6505-402b-ae57-fc0dc67cbbe8:192.168.151.106:41861] returns group-9FCF459108F2:java.util.concurrent.CompletableFuture@2e910127[Not completed]
2019-09-25 04:50:30,591 [pool-37-thread-1] INFO  impl.RaftServerImpl (RaftServerImpl.java:<init>(95)) - b40ef231-6505-402b-ae57-fc0dc67cbbe8: new RaftServerImpl for group-9FCF459108F2:[b40ef231-6505-402b-ae57-fc0dc67cbbe8:192.168.151.106:41861] with ContainerStateMachine:uninitialized
2019-09-25 04:50:30,591 [pool-37-thread-1] INFO  server.RaftServerConfigKeys (ConfUtils.java:logGet(43)) - raft.server.rpc.timeout.min = 5s (custom)
2019-09-25 04:50:30,591 [pool-37-thread-1] INFO  server.RaftServerConfigKeys (ConfUtils.java:logGet(43)) - raft.server.rpc.timeout.max = 5200ms (custom)
2019-09-25 04:50:30,591 [pool-37-thread-1] INFO  server.RaftServerConfigKeys (ConfUtils.java:logGet(43)) - raft.server.rpcslowness.timeout = 120s (custom)
2019-09-25 04:50:30,591 [pool-37-thread-1] INFO  server.RaftServerConfigKeys (ConfUtils.java:logGet(43)) - raft.server.sleep.deviation.threshold = 300 (default)
2019-09-25 04:50:30,592 [pool-37-thread-1] INFO  server.RaftServerConfigKeys (ConfUtils.java:logGet(43)) - raft.server.log.appender.install.snapshot.enabled = false (custom)
2019-09-25 04:50:30,592 [pool-37-thread-1] INFO  impl.RaftServerImpl (ServerState.java:<init>(103)) - b40ef231-6505-402b-ae57-fc0dc67cbbe8@group-9FCF459108F2: ConfigurationManager, init=-1: [b40ef231-6505-402b-ae57-fc0dc67cbbe8:192.168.151.106:41861], old=null, confs=<EMPTY_MAP>
2019-09-25 04:50:30,592 [pool-37-thread-1] INFO  server.RaftServerConfigKeys (ConfUtils.java:logGet(43)) - raft.server.storage.dir = [/workdir/hadoop-ozone/integration-test/target/test-dir/MiniOzoneClusterImpl-72f6cbb0-c919-4300-9939-20ef1cbf0e73/datanode-1/data/ratis] (custom)
2019-09-25 04:50:30,593 [pool-37-thread-1] INFO  storage.RaftStorageDirectory (RaftStorageDirectory.java:analyzeStorage(246)) - The storage directory /workdir/hadoop-ozone/integration-test/target/test-dir/MiniOzoneClusterImpl-72f6cbb0-c919-4300-9939-20ef1cbf0e73/datanode-1/data/ratis/a9553abc-097d-48ec-bc85-9fcf459108f2 does not exist. Creating ...
2019-09-25 04:50:30,600 [pool-37-thread-1] INFO  storage.RaftStorageDirectory (RaftStorageDirectory.java:tryLock(328)) - Lock on /workdir/hadoop-ozone/integration-test/target/test-dir/MiniOzoneClusterImpl-72f6cbb0-c919-4300-9939-20ef1cbf0e73/datanode-1/data/ratis/a9553abc-097d-48ec-bc85-9fcf459108f2/in_use.lock acquired by nodename 13648@pr-hdds-1569-x2sr2-3486766547
2019-09-25 04:50:30,600 [aabdae46-dcfa-45e6-b665-2c47bb305ebb@group-1A9CE574797A-SegmentedRaftLogWorker] INFO  segmented.SegmentedRaftLogWorker (SegmentedRaftLogWorker.java:execute(569)) - aabdae46-dcfa-45e6-b665-2c47bb305ebb@group-1A9CE574797A-SegmentedRaftLogWorker: created new log segment /workdir/hadoop-ozone/integration-test/target/test-dir/MiniOzoneClusterImpl-72f6cbb0-c919-4300-9939-20ef1cbf0e73/datanode-4/data/ratis/a95d2e9c-6e1a-4862-82ff-1a9ce574797a/current/log_inprogress_0
2019-09-25 04:50:30,602 [Thread-279] INFO  impl.FollowerState (FollowerState.java:run(106)) - c35819d4-86f4-4223-a458-676070fe0cbb:group-805426A820F5 changes to CANDIDATE, lastRpcTime:5151, electionTimeout:5149ms
2019-09-25 04:50:30,602 [Thread-279] INFO  impl.RoleInfo (RoleInfo.java:shutdownFollowerState(121)) - c35819d4-86f4-4223-a458-676070fe0cbb: shutdown FollowerState
2019-09-25 04:50:30,602 [Thread-279] INFO  impl.RaftServerImpl (RaftServerImpl.java:setRole(174)) - c35819d4-86f4-4223-a458-676070fe0cbb@group-805426A820F5: changes role from  FOLLOWER to CANDIDATE at term 0 for changeToCandidate
2019-09-25 04:50:30,602 [Thread-279] INFO  impl.RoleInfo (RoleInfo.java:updateAndGet(143)) - c35819d4-86f4-4223-a458-676070fe0cbb: start LeaderElection
2019-09-25 04:50:30,626 [pool-37-thread-1] INFO  storage.RaftStorage (RaftStorage.java:format(72)) - Storage directory /workdir/hadoop-ozone/integration-test/target/test-dir/MiniOzoneClusterImpl-72f6cbb0-c919-4300-9939-20ef1cbf0e73/datanode-1/data/ratis/a9553abc-097d-48ec-bc85-9fcf459108f2 has been successfully formatted.
2019-09-25 04:50:30,626 [c35819d4-86f4-4223-a458-676070fe0cbb@group-805426A820F5:LeaderElection13] INFO  impl.LeaderElection (LeaderElection.java:askForVotes(182)) - c35819d4-86f4-4223-a458-676070fe0cbb@group-805426A820F5:LeaderElection13: begin an election at term 1 for -1: [c35819d4-86f4-4223-a458-676070fe0cbb:192.168.151.106:44434], old=null
2019-09-25 04:50:30,626 [c35819d4-86f4-4223-a458-676070fe0cbb@group-805426A820F5:LeaderElection13] INFO  impl.RoleInfo (RoleInfo.java:shutdownLeaderElection(134)) - c35819d4-86f4-4223-a458-676070fe0cbb: shutdown LeaderElection
2019-09-25 04:50:30,626 [pool-37-thread-1] INFO  ratis.ContainerStateMachine (ContainerStateMachine.java:loadSnapshot(230)) - group-9FCF459108F2: The snapshot info is null. Setting the last applied indexto:(t:0, i:~)
2019-09-25 04:50:30,627 [c35819d4-86f4-4223-a458-676070fe0cbb@group-805426A820F5:LeaderElection13] INFO  impl.RaftServerImpl (RaftServerImpl.java:setRole(174)) - c35819d4-86f4-4223-a458-676070fe0cbb@group-805426A820F5: changes role from CANDIDATE to LEADER at term 1 for changeToLeader
2019-09-25 04:50:30,627 [pool-37-thread-1] INFO  server.RaftServerConfigKeys (ConfUtils.java:logGet(43)) - raft.server.notification.no-leader.timeout = 120s (custom)
2019-09-25 04:50:30,627 [c35819d4-86f4-4223-a458-676070fe0cbb@group-805426A820F5:LeaderElection13] INFO  impl.RaftServerImpl (ServerState.java:setLeader(253)) - c35819d4-86f4-4223-a458-676070fe0cbb@group-805426A820F5: change Leader from null to c35819d4-86f4-4223-a458-676070fe0cbb at term 1 for becomeLeader, leader elected after 5195ms
2019-09-25 04:50:30,627 [pool-37-thread-1] INFO  server.RaftServerConfigKeys (ConfUtils.java:logGet(43)) - raft.server.log.use.memory = false (default)
2019-09-25 04:50:30,627 [c35819d4-86f4-4223-a458-676070fe0cbb@group-805426A820F5:LeaderElection13] INFO  server.RaftServerConfigKeys (ConfUtils.java:logGet(43)) - raft.server.staging.catchup.gap = 1000 (default)
2019-09-25 04:50:30,627 [pool-37-thread-1] INFO  server.RaftServerConfigKeys (ConfUtils.java:logGet(43)) - raft.server.log.purge.gap = 1000000 (custom)
2019-09-25 04:50:30,628 [c35819d4-86f4-4223-a458-676070fe0cbb@group-805426A820F5:LeaderElection13] INFO  server.RaftServerConfigKeys (ConfUtils.java:logGet(43)) - raft.server.rpc.sleep.time = 25ms (default)
2019-09-25 04:50:30,628 [pool-37-thread-1] INFO  server.RaftServerConfigKeys (ConfUtils.java:logGet(43)) - raft.server.log.appender.buffer.byte-limit = 33554432 (custom)
2019-09-25 04:50:30,628 [c35819d4-86f4-4223-a458-676070fe0cbb@group-805426A820F5:LeaderElection13] INFO  server.RaftServerConfigKeys (ConfUtils.java:logGet(43)) - raft.server.write.element-limit = 4096 (default)
2019-09-25 04:50:30,628 [pool-37-thread-1] INFO  server.RaftServerConfigKeys (ConfUtils.java:logGet(43)) - raft.server.log.segment.size.max = 1048576 (custom)
2019-09-25 04:50:30,628 [c35819d4-86f4-4223-a458-676070fe0cbb@group-805426A820F5:LeaderElection13] INFO  server.RaftServerConfigKeys (ConfUtils.java:logGet(43)) - raft.server.watch.timeout = 10s (default)
2019-09-25 04:50:30,628 [pool-37-thread-1] INFO  server.RaftServerConfigKeys (ConfUtils.java:logGet(43)) - raft.server.log.segment.cache.num.max = 2 (custom)
2019-09-25 04:50:30,629 [c35819d4-86f4-4223-a458-676070fe0cbb@group-805426A820F5:LeaderElection13] INFO  server.RaftServerConfigKeys (ConfUtils.java:logGet(43)) - raft.server.watch.timeout.denomination = 1s (default)
2019-09-25 04:50:30,629 [pool-37-thread-1] INFO  segmented.SegmentedRaftLogWorker (SegmentedRaftLogWorker.java:<init>(172)) - new b40ef231-6505-402b-ae57-fc0dc67cbbe8@group-9FCF459108F2-SegmentedRaftLogWorker for RaftStorage:Storage Directory /workdir/hadoop-ozone/integration-test/target/test-dir/MiniOzoneClusterImpl-72f6cbb0-c919-4300-9939-20ef1cbf0e73/datanode-1/data/ratis/a9553abc-097d-48ec-bc85-9fcf459108f2
2019-09-25 04:50:30,629 [c35819d4-86f4-4223-a458-676070fe0cbb@group-805426A820F5:LeaderElection13] INFO  server.RaftServerConfigKeys (ConfUtils.java:logGet(43)) - raft.server.watch.element-limit = 65536 (default)
2019-09-25 04:50:30,629 [pool-37-thread-1] INFO  server.RaftServerConfigKeys (ConfUtils.java:logGet(43)) - raft.server.log.queue.byte-limit = 2147483647 (custom)
2019-09-25 04:50:30,629 [pool-37-thread-1] INFO  server.RaftServerConfigKeys (ConfUtils.java:logGet(43)) - raft.server.log.queue.element-limit = 1024 (custom)
2019-09-25 04:50:30,630 [pool-37-thread-1] INFO  server.RaftServerConfigKeys (ConfUtils.java:logGet(43)) - raft.server.log.segment.size.max = 1048576 (custom)
2019-09-25 04:50:30,630 [pool-37-thread-1] INFO  server.RaftServerConfigKeys (ConfUtils.java:logGet(43)) - raft.server.log.preallocated.size = 16384 (custom)
2019-09-25 04:50:30,630 [pool-37-thread-1] INFO  server.RaftServerConfigKeys (ConfUtils.java:logGet(43)) - raft.server.log.write.buffer.size = 33554432 (custom)
2019-09-25 04:50:30,630 [pool-37-thread-1] INFO  server.RaftServerConfigKeys (ConfUtils.java:logGet(43)) - raft.server.log.force.sync.num = 128 (default)
2019-09-25 04:50:30,630 [pool-37-thread-1] INFO  server.RaftServerConfigKeys (ConfUtils.java:logGet(43)) - raft.server.log.statemachine.data.sync = true (default)
2019-09-25 04:50:30,630 [pool-37-thread-1] INFO  server.RaftServerConfigKeys (ConfUtils.java:logGet(43)) - raft.server.log.statemachine.data.sync.timeout = 10s (default)
2019-09-25 04:50:30,631 [pool-37-thread-1] INFO  server.RaftServerConfigKeys (ConfUtils.java:logGet(43)) - raft.server.log.statemachine.data.sync.timeout.retry = -1 (default)
2019-09-25 04:50:30,631 [pool-37-thread-1] INFO  server.RaftServerConfigKeys (ConfUtils.java:logGet(43)) - raft.server.log.statemachine.data.caching.enabled = true (custom)
2019-09-25 04:50:30,631 [pool-37-thread-1] INFO  segmented.SegmentedRaftLogWorker (SegmentedRaftLogWorker.java:lambda$new$0(132)) - b40ef231-6505-402b-ae57-fc0dc67cbbe8@group-9FCF459108F2-SegmentedRaftLogWorker: flushIndex: setUnconditionally 0 -> -1
2019-09-25 04:50:30,632 [c35819d4-86f4-4223-a458-676070fe0cbb@group-805426A820F5:LeaderElection13] INFO  impl.RoleInfo (RoleInfo.java:updateAndGet(143)) - c35819d4-86f4-4223-a458-676070fe0cbb: start LeaderState
2019-09-25 04:50:30,632 [pool-37-thread-1] INFO  server.RaftServerConfigKeys (ConfUtils.java:logGet(43)) - raft.server.snapshot.auto.trigger.enabled = true (custom)
2019-09-25 04:50:30,632 [c35819d4-86f4-4223-a458-676070fe0cbb@group-805426A820F5:LeaderElection13] INFO  segmented.SegmentedRaftLogWorker (SegmentedRaftLogWorker.java:startLogSegment(380)) - c35819d4-86f4-4223-a458-676070fe0cbb@group-805426A820F5-SegmentedRaftLogWorker: Starting segment from index:0
2019-09-25 04:50:30,632 [pool-37-thread-1] INFO  server.RaftServerConfigKeys (ConfUtils.java:logGet(43)) - raft.server.snapshot.auto.trigger.threshold = 10000 (custom)
2019-09-25 04:50:30,633 [pool-37-thread-1] INFO  server.RaftServerConfigKeys (ConfUtils.java:logGet(43)) - raft.server.snapshot.retention.num.files = 5 (custom)
2019-09-25 04:50:30,633 [c35819d4-86f4-4223-a458-676070fe0cbb@group-805426A820F5:LeaderElection13] INFO  impl.RaftServerImpl (ServerState.java:setRaftConf(354)) - c35819d4-86f4-4223-a458-676070fe0cbb@group-805426A820F5: set configuration 0: [c35819d4-86f4-4223-a458-676070fe0cbb:192.168.151.106:44434], old=null at 0
2019-09-25 04:50:30,633 [pool-37-thread-1] INFO  server.RaftServerConfigKeys (ConfUtils.java:logGet(43)) - raft.server.retrycache.expirytime = 600000ms (custom)
2019-09-25 04:50:30,676 [Thread-285] INFO  impl.FollowerState (FollowerState.java:run(106)) - 9216b865-ce6b-4fb7-bc99-65479a86b6eb:group-B8EC4339904A changes to CANDIDATE, lastRpcTime:5084, electionTimeout:5066ms
2019-09-25 04:50:30,677 [Thread-285] INFO  impl.RoleInfo (RoleInfo.java:shutdownFollowerState(121)) - 9216b865-ce6b-4fb7-bc99-65479a86b6eb: shutdown FollowerState
2019-09-25 04:50:30,677 [Thread-285] INFO  impl.RaftServerImpl (RaftServerImpl.java:setRole(174)) - 9216b865-ce6b-4fb7-bc99-65479a86b6eb@group-B8EC4339904A: changes role from  FOLLOWER to CANDIDATE at term 0 for changeToCandidate
2019-09-25 04:50:30,677 [Thread-285] INFO  impl.RoleInfo (RoleInfo.java:updateAndGet(143)) - 9216b865-ce6b-4fb7-bc99-65479a86b6eb: start LeaderElection
2019-09-25 04:50:30,694 [c35819d4-86f4-4223-a458-676070fe0cbb@group-805426A820F5-SegmentedRaftLogWorker] INFO  segmented.SegmentedRaftLogWorker (SegmentedRaftLogWorker.java:execute(569)) - c35819d4-86f4-4223-a458-676070fe0cbb@group-805426A820F5-SegmentedRaftLogWorker: created new log segment /workdir/hadoop-ozone/integration-test/target/test-dir/MiniOzoneClusterImpl-72f6cbb0-c919-4300-9939-20ef1cbf0e73/datanode-0/data/ratis/dd56aa4f-b00f-43d8-a01c-805426a820f5/current/log_inprogress_0
2019-09-25 04:50:30,694 [9216b865-ce6b-4fb7-bc99-65479a86b6eb@group-B8EC4339904A:LeaderElection14] INFO  impl.LeaderElection (LeaderElection.java:askForVotes(182)) - 9216b865-ce6b-4fb7-bc99-65479a86b6eb@group-B8EC4339904A:LeaderElection14: begin an election at term 1 for -1: [9216b865-ce6b-4fb7-bc99-65479a86b6eb:192.168.151.106:43252], old=null
2019-09-25 04:50:30,694 [pool-37-thread-1] INFO  impl.RaftServerImpl (RaftServerImpl.java:start(185)) - b40ef231-6505-402b-ae57-fc0dc67cbbe8@group-9FCF459108F2: start as a follower, conf=-1: [b40ef231-6505-402b-ae57-fc0dc67cbbe8:192.168.151.106:41861], old=null
2019-09-25 04:50:30,694 [9216b865-ce6b-4fb7-bc99-65479a86b6eb@group-B8EC4339904A:LeaderElection14] INFO  impl.RoleInfo (RoleInfo.java:shutdownLeaderElection(134)) - 9216b865-ce6b-4fb7-bc99-65479a86b6eb: shutdown LeaderElection
2019-09-25 04:50:30,694 [pool-37-thread-1] INFO  impl.RaftServerImpl (RaftServerImpl.java:setRole(174)) - b40ef231-6505-402b-ae57-fc0dc67cbbe8@group-9FCF459108F2: changes role from      null to FOLLOWER at term 0 for startAsFollower
2019-09-25 04:50:30,694 [9216b865-ce6b-4fb7-bc99-65479a86b6eb@group-B8EC4339904A:LeaderElection14] INFO  impl.RaftServerImpl (RaftServerImpl.java:setRole(174)) - 9216b865-ce6b-4fb7-bc99-65479a86b6eb@group-B8EC4339904A: changes role from CANDIDATE to LEADER at term 1 for changeToLeader
2019-09-25 04:50:30,695 [pool-37-thread-1] INFO  impl.RoleInfo (RoleInfo.java:updateAndGet(143)) - b40ef231-6505-402b-ae57-fc0dc67cbbe8: start FollowerState
2019-09-25 04:50:30,695 [9216b865-ce6b-4fb7-bc99-65479a86b6eb@group-B8EC4339904A:LeaderElection14] INFO  impl.RaftServerImpl (ServerState.java:setLeader(253)) - 9216b865-ce6b-4fb7-bc99-65479a86b6eb@group-B8EC4339904A: change Leader from null to 9216b865-ce6b-4fb7-bc99-65479a86b6eb at term 1 for becomeLeader, leader elected after 5109ms
2019-09-25 04:50:30,695 [9216b865-ce6b-4fb7-bc99-65479a86b6eb@group-B8EC4339904A:LeaderElection14] INFO  server.RaftServerConfigKeys (ConfUtils.java:logGet(43)) - raft.server.staging.catchup.gap = 1000 (default)
2019-09-25 04:50:30,695 [pool-37-thread-1] INFO  util.JmxRegister (JmxRegister.java:tryRegister(44)) - Successfully registered JMX Bean with object name Ratis:service=RaftServer,group=group-9FCF459108F2,id=b40ef231-6505-402b-ae57-fc0dc67cbbe8
2019-09-25 04:50:30,695 [9216b865-ce6b-4fb7-bc99-65479a86b6eb@group-B8EC4339904A:LeaderElection14] INFO  server.RaftServerConfigKeys (ConfUtils.java:logGet(43)) - raft.server.rpc.sleep.time = 25ms (default)
2019-09-25 04:50:30,696 [9216b865-ce6b-4fb7-bc99-65479a86b6eb@group-B8EC4339904A:LeaderElection14] INFO  server.RaftServerConfigKeys (ConfUtils.java:logGet(43)) - raft.server.write.element-limit = 4096 (default)
2019-09-25 04:50:30,696 [9216b865-ce6b-4fb7-bc99-65479a86b6eb@group-B8EC4339904A:LeaderElection14] INFO  server.RaftServerConfigKeys (ConfUtils.java:logGet(43)) - raft.server.watch.timeout = 10s (default)
2019-09-25 04:50:30,696 [9216b865-ce6b-4fb7-bc99-65479a86b6eb@group-B8EC4339904A:LeaderElection14] INFO  server.RaftServerConfigKeys (ConfUtils.java:logGet(43)) - raft.server.watch.timeout.denomination = 1s (default)
2019-09-25 04:50:30,696 [9216b865-ce6b-4fb7-bc99-65479a86b6eb@group-B8EC4339904A:LeaderElection14] INFO  server.RaftServerConfigKeys (ConfUtils.java:logGet(43)) - raft.server.watch.element-limit = 65536 (default)
2019-09-25 04:50:30,698 [RatisPipelineUtilsThread] INFO  pipeline.PipelineStateManager (PipelineStateManager.java:addPipeline(56)) - Created pipeline Pipeline[ Id: a9553abc-097d-48ec-bc85-9fcf459108f2, Nodes: b40ef231-6505-402b-ae57-fc0dc67cbbe8{ip: 192.168.151.106, host: pr-hdds-1569-x2sr2-3486766547, networkLocation: /default-rack, certSerialId: null}, Type:RATIS, Factor:ONE, State:OPEN]
2019-09-25 04:50:30,699 [9216b865-ce6b-4fb7-bc99-65479a86b6eb@group-B8EC4339904A:LeaderElection14] INFO  impl.RoleInfo (RoleInfo.java:updateAndGet(143)) - 9216b865-ce6b-4fb7-bc99-65479a86b6eb: start LeaderState
2019-09-25 04:50:30,700 [9216b865-ce6b-4fb7-bc99-65479a86b6eb@group-B8EC4339904A:LeaderElection14] INFO  segmented.SegmentedRaftLogWorker (SegmentedRaftLogWorker.java:startLogSegment(380)) - 9216b865-ce6b-4fb7-bc99-65479a86b6eb@group-B8EC4339904A-SegmentedRaftLogWorker: Starting segment from index:0
2019-09-25 04:50:30,700 [9216b865-ce6b-4fb7-bc99-65479a86b6eb@group-B8EC4339904A:LeaderElection14] INFO  impl.RaftServerImpl (ServerState.java:setRaftConf(354)) - 9216b865-ce6b-4fb7-bc99-65479a86b6eb@group-B8EC4339904A: set configuration 0: [9216b865-ce6b-4fb7-bc99-65479a86b6eb:192.168.151.106:43252], old=null at 0
2019-09-25 04:50:30,740 [Thread-282] INFO  impl.FollowerState (FollowerState.java:run(106)) - c35819d4-86f4-4223-a458-676070fe0cbb:group-B9314C7ED787 changes to CANDIDATE, lastRpcTime:5222, electionTimeout:5189ms
2019-09-25 04:50:30,740 [Thread-288] INFO  impl.FollowerState (FollowerState.java:run(106)) - 9216b865-ce6b-4fb7-bc99-65479a86b6eb:group-A2024C43CBFF changes to CANDIDATE, lastRpcTime:5084, electionTimeout:5049ms
2019-09-25 04:50:30,740 [Thread-282] INFO  impl.RoleInfo (RoleInfo.java:shutdownFollowerState(121)) - c35819d4-86f4-4223-a458-676070fe0cbb: shutdown FollowerState
2019-09-25 04:50:30,740 [Thread-288] INFO  impl.RoleInfo (RoleInfo.java:shutdownFollowerState(121)) - 9216b865-ce6b-4fb7-bc99-65479a86b6eb: shutdown FollowerState
2019-09-25 04:50:30,740 [Thread-282] INFO  impl.RaftServerImpl (RaftServerImpl.java:setRole(174)) - c35819d4-86f4-4223-a458-676070fe0cbb@group-B9314C7ED787: changes role from  FOLLOWER to CANDIDATE at term 0 for changeToCandidate
2019-09-25 04:50:30,740 [Thread-288] INFO  impl.RaftServerImpl (RaftServerImpl.java:setRole(174)) - 9216b865-ce6b-4fb7-bc99-65479a86b6eb@group-A2024C43CBFF: changes role from  FOLLOWER to CANDIDATE at term 0 for changeToCandidate
2019-09-25 04:50:30,741 [Thread-282] INFO  impl.RoleInfo (RoleInfo.java:updateAndGet(143)) - c35819d4-86f4-4223-a458-676070fe0cbb: start LeaderElection
2019-09-25 04:50:30,741 [Thread-288] INFO  impl.RoleInfo (RoleInfo.java:updateAndGet(143)) - 9216b865-ce6b-4fb7-bc99-65479a86b6eb: start LeaderElection
2019-09-25 04:50:30,755 [grpc-default-executor-0] INFO  impl.RaftServerProxy (RaftServerProxy.java:addNew(89)) - c35819d4-86f4-4223-a458-676070fe0cbb: addNew group-3AB11E98D61C:[c35819d4-86f4-4223-a458-676070fe0cbb:192.168.151.106:44434] returns group-3AB11E98D61C:java.util.concurrent.CompletableFuture@26a4c733[Not completed]
2019-09-25 04:50:30,756 [pool-27-thread-1] INFO  impl.RaftServerImpl (RaftServerImpl.java:<init>(95)) - c35819d4-86f4-4223-a458-676070fe0cbb: new RaftServerImpl for group-3AB11E98D61C:[c35819d4-86f4-4223-a458-676070fe0cbb:192.168.151.106:44434] with ContainerStateMachine:uninitialized
2019-09-25 04:50:30,756 [pool-27-thread-1] INFO  server.RaftServerConfigKeys (ConfUtils.java:logGet(43)) - raft.server.rpc.timeout.min = 5s (custom)
2019-09-25 04:50:30,757 [pool-27-thread-1] INFO  server.RaftServerConfigKeys (ConfUtils.java:logGet(43)) - raft.server.rpc.timeout.max = 5200ms (custom)
2019-09-25 04:50:30,757 [pool-27-thread-1] INFO  server.RaftServerConfigKeys (ConfUtils.java:logGet(43)) - raft.server.rpcslowness.timeout = 120s (custom)
2019-09-25 04:50:30,757 [pool-27-thread-1] INFO  server.RaftServerConfigKeys (ConfUtils.java:logGet(43)) - raft.server.sleep.deviation.threshold = 300 (default)
2019-09-25 04:50:30,757 [pool-27-thread-1] INFO  server.RaftServerConfigKeys (ConfUtils.java:logGet(43)) - raft.server.log.appender.install.snapshot.enabled = false (custom)
2019-09-25 04:50:30,757 [pool-27-thread-1] INFO  impl.RaftServerImpl (ServerState.java:<init>(103)) - c35819d4-86f4-4223-a458-676070fe0cbb@group-3AB11E98D61C: ConfigurationManager, init=-1: [c35819d4-86f4-4223-a458-676070fe0cbb:192.168.151.106:44434], old=null, confs=<EMPTY_MAP>
2019-09-25 04:50:30,757 [pool-27-thread-1] INFO  server.RaftServerConfigKeys (ConfUtils.java:logGet(43)) - raft.server.storage.dir = [/workdir/hadoop-ozone/integration-test/target/test-dir/MiniOzoneClusterImpl-72f6cbb0-c919-4300-9939-20ef1cbf0e73/datanode-0/data/ratis] (custom)
2019-09-25 04:50:30,758 [pool-27-thread-1] INFO  storage.RaftStorageDirectory (RaftStorageDirectory.java:analyzeStorage(246)) - The storage directory /workdir/hadoop-ozone/integration-test/target/test-dir/MiniOzoneClusterImpl-72f6cbb0-c919-4300-9939-20ef1cbf0e73/datanode-0/data/ratis/b17998a9-7559-4201-a505-3ab11e98d61c does not exist. Creating ...
2019-09-25 04:50:30,762 [pool-27-thread-1] INFO  storage.RaftStorageDirectory (RaftStorageDirectory.java:tryLock(328)) - Lock on /workdir/hadoop-ozone/integration-test/target/test-dir/MiniOzoneClusterImpl-72f6cbb0-c919-4300-9939-20ef1cbf0e73/datanode-0/data/ratis/b17998a9-7559-4201-a505-3ab11e98d61c/in_use.lock acquired by nodename 13648@pr-hdds-1569-x2sr2-3486766547
2019-09-25 04:50:30,762 [c35819d4-86f4-4223-a458-676070fe0cbb@group-B9314C7ED787:LeaderElection15] INFO  impl.LeaderElection (LeaderElection.java:askForVotes(182)) - c35819d4-86f4-4223-a458-676070fe0cbb@group-B9314C7ED787:LeaderElection15: begin an election at term 1 for -1: [c35819d4-86f4-4223-a458-676070fe0cbb:192.168.151.106:44434], old=null
2019-09-25 04:50:30,762 [9216b865-ce6b-4fb7-bc99-65479a86b6eb@group-A2024C43CBFF:LeaderElection16] INFO  impl.LeaderElection (LeaderElection.java:askForVotes(182)) - 9216b865-ce6b-4fb7-bc99-65479a86b6eb@group-A2024C43CBFF:LeaderElection16: begin an election at term 1 for -1: [9216b865-ce6b-4fb7-bc99-65479a86b6eb:192.168.151.106:43252], old=null
2019-09-25 04:50:30,762 [9216b865-ce6b-4fb7-bc99-65479a86b6eb@group-B8EC4339904A-SegmentedRaftLogWorker] INFO  segmented.SegmentedRaftLogWorker (SegmentedRaftLogWorker.java:execute(569)) - 9216b865-ce6b-4fb7-bc99-65479a86b6eb@group-B8EC4339904A-SegmentedRaftLogWorker: created new log segment /workdir/hadoop-ozone/integration-test/target/test-dir/MiniOzoneClusterImpl-72f6cbb0-c919-4300-9939-20ef1cbf0e73/datanode-5/data/ratis/18f376bf-951b-4635-ab89-b8ec4339904a/current/log_inprogress_0
2019-09-25 04:50:30,762 [9216b865-ce6b-4fb7-bc99-65479a86b6eb@group-A2024C43CBFF:LeaderElection16] INFO  impl.RoleInfo (RoleInfo.java:shutdownLeaderElection(134)) - 9216b865-ce6b-4fb7-bc99-65479a86b6eb: shutdown LeaderElection
2019-09-25 04:50:30,762 [c35819d4-86f4-4223-a458-676070fe0cbb@group-B9314C7ED787:LeaderElection15] INFO  impl.RoleInfo (RoleInfo.java:shutdownLeaderElection(134)) - c35819d4-86f4-4223-a458-676070fe0cbb: shutdown LeaderElection
2019-09-25 04:50:30,762 [9216b865-ce6b-4fb7-bc99-65479a86b6eb@group-A2024C43CBFF:LeaderElection16] INFO  impl.RaftServerImpl (RaftServerImpl.java:setRole(174)) - 9216b865-ce6b-4fb7-bc99-65479a86b6eb@group-A2024C43CBFF: changes role from CANDIDATE to LEADER at term 1 for changeToLeader
2019-09-25 04:50:30,763 [c35819d4-86f4-4223-a458-676070fe0cbb@group-B9314C7ED787:LeaderElection15] INFO  impl.RaftServerImpl (RaftServerImpl.java:setRole(174)) - c35819d4-86f4-4223-a458-676070fe0cbb@group-B9314C7ED787: changes role from CANDIDATE to LEADER at term 1 for changeToLeader
2019-09-25 04:50:30,763 [9216b865-ce6b-4fb7-bc99-65479a86b6eb@group-A2024C43CBFF:LeaderElection16] INFO  impl.RaftServerImpl (ServerState.java:setLeader(253)) - 9216b865-ce6b-4fb7-bc99-65479a86b6eb@group-A2024C43CBFF: change Leader from null to 9216b865-ce6b-4fb7-bc99-65479a86b6eb at term 1 for becomeLeader, leader elected after 5116ms
2019-09-25 04:50:30,763 [c35819d4-86f4-4223-a458-676070fe0cbb@group-B9314C7ED787:LeaderElection15] INFO  impl.RaftServerImpl (ServerState.java:setLeader(253)) - c35819d4-86f4-4223-a458-676070fe0cbb@group-B9314C7ED787: change Leader from null to c35819d4-86f4-4223-a458-676070fe0cbb at term 1 for becomeLeader, leader elected after 5252ms
2019-09-25 04:50:30,763 [9216b865-ce6b-4fb7-bc99-65479a86b6eb@group-A2024C43CBFF:LeaderElection16] INFO  server.RaftServerConfigKeys (ConfUtils.java:logGet(43)) - raft.server.staging.catchup.gap = 1000 (default)
2019-09-25 04:50:30,763 [c35819d4-86f4-4223-a458-676070fe0cbb@group-B9314C7ED787:LeaderElection15] INFO  server.RaftServerConfigKeys (ConfUtils.java:logGet(43)) - raft.server.staging.catchup.gap = 1000 (default)
2019-09-25 04:50:30,763 [9216b865-ce6b-4fb7-bc99-65479a86b6eb@group-A2024C43CBFF:LeaderElection16] INFO  server.RaftServerConfigKeys (ConfUtils.java:logGet(43)) - raft.server.rpc.sleep.time = 25ms (default)
2019-09-25 04:50:30,763 [c35819d4-86f4-4223-a458-676070fe0cbb@group-B9314C7ED787:LeaderElection15] INFO  server.RaftServerConfigKeys (ConfUtils.java:logGet(43)) - raft.server.rpc.sleep.time = 25ms (default)
2019-09-25 04:50:30,764 [9216b865-ce6b-4fb7-bc99-65479a86b6eb@group-A2024C43CBFF:LeaderElection16] INFO  server.RaftServerConfigKeys (ConfUtils.java:logGet(43)) - raft.server.write.element-limit = 4096 (default)
2019-09-25 04:50:30,764 [c35819d4-86f4-4223-a458-676070fe0cbb@group-B9314C7ED787:LeaderElection15] INFO  server.RaftServerConfigKeys (ConfUtils.java:logGet(43)) - raft.server.write.element-limit = 4096 (default)
2019-09-25 04:50:30,764 [9216b865-ce6b-4fb7-bc99-65479a86b6eb@group-A2024C43CBFF:LeaderElection16] INFO  server.RaftServerConfigKeys (ConfUtils.java:logGet(43)) - raft.server.watch.timeout = 10s (default)
2019-09-25 04:50:30,764 [c35819d4-86f4-4223-a458-676070fe0cbb@group-B9314C7ED787:LeaderElection15] INFO  server.RaftServerConfigKeys (ConfUtils.java:logGet(43)) - raft.server.watch.timeout = 10s (default)
2019-09-25 04:50:30,764 [9216b865-ce6b-4fb7-bc99-65479a86b6eb@group-A2024C43CBFF:LeaderElection16] INFO  server.RaftServerConfigKeys (ConfUtils.java:logGet(43)) - raft.server.watch.timeout.denomination = 1s (default)
2019-09-25 04:50:30,764 [c35819d4-86f4-4223-a458-676070fe0cbb@group-B9314C7ED787:LeaderElection15] INFO  server.RaftServerConfigKeys (ConfUtils.java:logGet(43)) - raft.server.watch.timeout.denomination = 1s (default)
2019-09-25 04:50:30,765 [9216b865-ce6b-4fb7-bc99-65479a86b6eb@group-A2024C43CBFF:LeaderElection16] INFO  server.RaftServerConfigKeys (ConfUtils.java:logGet(43)) - raft.server.watch.element-limit = 65536 (default)
2019-09-25 04:50:30,765 [c35819d4-86f4-4223-a458-676070fe0cbb@group-B9314C7ED787:LeaderElection15] INFO  server.RaftServerConfigKeys (ConfUtils.java:logGet(43)) - raft.server.watch.element-limit = 65536 (default)
2019-09-25 04:50:30,769 [9216b865-ce6b-4fb7-bc99-65479a86b6eb@group-A2024C43CBFF:LeaderElection16] INFO  impl.RoleInfo (RoleInfo.java:updateAndGet(143)) - 9216b865-ce6b-4fb7-bc99-65479a86b6eb: start LeaderState
2019-09-25 04:50:30,769 [9216b865-ce6b-4fb7-bc99-65479a86b6eb@group-A2024C43CBFF:LeaderElection16] INFO  segmented.SegmentedRaftLogWorker (SegmentedRaftLogWorker.java:startLogSegment(380)) - 9216b865-ce6b-4fb7-bc99-65479a86b6eb@group-A2024C43CBFF-SegmentedRaftLogWorker: Starting segment from index:0
2019-09-25 04:50:30,769 [c35819d4-86f4-4223-a458-676070fe0cbb@group-B9314C7ED787:LeaderElection15] INFO  impl.RoleInfo (RoleInfo.java:updateAndGet(143)) - c35819d4-86f4-4223-a458-676070fe0cbb: start LeaderState
2019-09-25 04:50:30,769 [c35819d4-86f4-4223-a458-676070fe0cbb@group-B9314C7ED787:LeaderElection15] INFO  segmented.SegmentedRaftLogWorker (SegmentedRaftLogWorker.java:startLogSegment(380)) - c35819d4-86f4-4223-a458-676070fe0cbb@group-B9314C7ED787-SegmentedRaftLogWorker: Starting segment from index:0
2019-09-25 04:50:30,770 [9216b865-ce6b-4fb7-bc99-65479a86b6eb@group-A2024C43CBFF:LeaderElection16] INFO  impl.RaftServerImpl (ServerState.java:setRaftConf(354)) - 9216b865-ce6b-4fb7-bc99-65479a86b6eb@group-A2024C43CBFF: set configuration 0: [9216b865-ce6b-4fb7-bc99-65479a86b6eb:192.168.151.106:43252], old=null at 0
2019-09-25 04:50:30,810 [pool-27-thread-1] INFO  storage.RaftStorage (RaftStorage.java:format(72)) - Storage directory /workdir/hadoop-ozone/integration-test/target/test-dir/MiniOzoneClusterImpl-72f6cbb0-c919-4300-9939-20ef1cbf0e73/datanode-0/data/ratis/b17998a9-7559-4201-a505-3ab11e98d61c has been successfully formatted.
2019-09-25 04:50:30,811 [c35819d4-86f4-4223-a458-676070fe0cbb@group-B9314C7ED787:LeaderElection15] INFO  impl.RaftServerImpl (ServerState.java:setRaftConf(354)) - c35819d4-86f4-4223-a458-676070fe0cbb@group-B9314C7ED787: set configuration 0: [c35819d4-86f4-4223-a458-676070fe0cbb:192.168.151.106:44434], old=null at 0
2019-09-25 04:50:30,811 [pool-27-thread-1] INFO  ratis.ContainerStateMachine (ContainerStateMachine.java:loadSnapshot(230)) - group-3AB11E98D61C: The snapshot info is null. Setting the last applied indexto:(t:0, i:~)
2019-09-25 04:50:30,852 [Thread-294] INFO  impl.FollowerState (FollowerState.java:run(106)) - 45f1801e-7cfd-420a-bb39-98f19dcc81c3:group-062A65847C8B changes to CANDIDATE, lastRpcTime:5046, electionTimeout:5008ms
2019-09-25 04:50:30,852 [9216b865-ce6b-4fb7-bc99-65479a86b6eb@group-A2024C43CBFF-SegmentedRaftLogWorker] INFO  segmented.SegmentedRaftLogWorker (SegmentedRaftLogWorker.java:execute(569)) - 9216b865-ce6b-4fb7-bc99-65479a86b6eb@group-A2024C43CBFF-SegmentedRaftLogWorker: created new log segment /workdir/hadoop-ozone/integration-test/target/test-dir/MiniOzoneClusterImpl-72f6cbb0-c919-4300-9939-20ef1cbf0e73/datanode-5/data/ratis/0fc93e93-a8e4-4b45-9096-a2024c43cbff/current/log_inprogress_0
2019-09-25 04:50:30,853 [Thread-294] INFO  impl.RoleInfo (RoleInfo.java:shutdownFollowerState(121)) - 45f1801e-7cfd-420a-bb39-98f19dcc81c3: shutdown FollowerState
2019-09-25 04:50:30,853 [pool-27-thread-1] INFO  server.RaftServerConfigKeys (ConfUtils.java:logGet(43)) - raft.server.notification.no-leader.timeout = 120s (custom)
2019-09-25 04:50:30,853 [Thread-294] INFO  impl.RaftServerImpl (RaftServerImpl.java:setRole(174)) - 45f1801e-7cfd-420a-bb39-98f19dcc81c3@group-062A65847C8B: changes role from  FOLLOWER to CANDIDATE at term 0 for changeToCandidate
2019-09-25 04:50:30,853 [pool-27-thread-1] INFO  server.RaftServerConfigKeys (ConfUtils.java:logGet(43)) - raft.server.log.use.memory = false (default)
2019-09-25 04:50:30,854 [Thread-294] INFO  impl.RoleInfo (RoleInfo.java:updateAndGet(143)) - 45f1801e-7cfd-420a-bb39-98f19dcc81c3: start LeaderElection
2019-09-25 04:50:30,854 [pool-27-thread-1] INFO  server.RaftServerConfigKeys (ConfUtils.java:logGet(43)) - raft.server.log.purge.gap = 1000000 (custom)
2019-09-25 04:50:30,854 [pool-27-thread-1] INFO  server.RaftServerConfigKeys (ConfUtils.java:logGet(43)) - raft.server.log.appender.buffer.byte-limit = 33554432 (custom)
2019-09-25 04:50:30,856 [Thread-291] INFO  impl.FollowerState (FollowerState.java:run(106)) - aabdae46-dcfa-45e6-b665-2c47bb305ebb:group-8B55A2F87624 changes to CANDIDATE, lastRpcTime:5140, electionTimeout:5139ms
2019-09-25 04:50:30,857 [pool-27-thread-1] INFO  server.RaftServerConfigKeys (ConfUtils.java:logGet(43)) - raft.server.log.segment.size.max = 1048576 (custom)
2019-09-25 04:50:30,859 [Thread-291] INFO  impl.RoleInfo (RoleInfo.java:shutdownFollowerState(121)) - aabdae46-dcfa-45e6-b665-2c47bb305ebb: shutdown FollowerState
2019-09-25 04:50:30,859 [pool-27-thread-1] INFO  server.RaftServerConfigKeys (ConfUtils.java:logGet(43)) - raft.server.log.segment.cache.num.max = 2 (custom)
2019-09-25 04:50:30,859 [Thread-291] INFO  impl.RaftServerImpl (RaftServerImpl.java:setRole(174)) - aabdae46-dcfa-45e6-b665-2c47bb305ebb@group-8B55A2F87624: changes role from  FOLLOWER to CANDIDATE at term 0 for changeToCandidate
2019-09-25 04:50:30,859 [pool-27-thread-1] INFO  segmented.SegmentedRaftLogWorker (SegmentedRaftLogWorker.java:<init>(172)) - new c35819d4-86f4-4223-a458-676070fe0cbb@group-3AB11E98D61C-SegmentedRaftLogWorker for RaftStorage:Storage Directory /workdir/hadoop-ozone/integration-test/target/test-dir/MiniOzoneClusterImpl-72f6cbb0-c919-4300-9939-20ef1cbf0e73/datanode-0/data/ratis/b17998a9-7559-4201-a505-3ab11e98d61c
2019-09-25 04:50:30,860 [Thread-291] INFO  impl.RoleInfo (RoleInfo.java:updateAndGet(143)) - aabdae46-dcfa-45e6-b665-2c47bb305ebb: start LeaderElection
2019-09-25 04:50:30,860 [pool-27-thread-1] INFO  server.RaftServerConfigKeys (ConfUtils.java:logGet(43)) - raft.server.log.queue.byte-limit = 2147483647 (custom)
2019-09-25 04:50:30,860 [pool-27-thread-1] INFO  server.RaftServerConfigKeys (ConfUtils.java:logGet(43)) - raft.server.log.queue.element-limit = 1024 (custom)
2019-09-25 04:50:30,865 [pool-27-thread-1] INFO  server.RaftServerConfigKeys (ConfUtils.java:logGet(43)) - raft.server.log.segment.size.max = 1048576 (custom)
2019-09-25 04:50:30,865 [pool-27-thread-1] INFO  server.RaftServerConfigKeys (ConfUtils.java:logGet(43)) - raft.server.log.preallocated.size = 16384 (custom)
2019-09-25 04:50:30,865 [pool-27-thread-1] INFO  server.RaftServerConfigKeys (ConfUtils.java:logGet(43)) - raft.server.log.write.buffer.size = 33554432 (custom)
2019-09-25 04:50:30,865 [pool-27-thread-1] INFO  server.RaftServerConfigKeys (ConfUtils.java:logGet(43)) - raft.server.log.force.sync.num = 128 (default)
2019-09-25 04:50:30,866 [45f1801e-7cfd-420a-bb39-98f19dcc81c3@group-062A65847C8B:LeaderElection17] INFO  impl.LeaderElection (LeaderElection.java:askForVotes(182)) - 45f1801e-7cfd-420a-bb39-98f19dcc81c3@group-062A65847C8B:LeaderElection17: begin an election at term 1 for -1: [45f1801e-7cfd-420a-bb39-98f19dcc81c3:192.168.151.106:38437], old=null
2019-09-25 04:50:30,865 [c35819d4-86f4-4223-a458-676070fe0cbb@group-B9314C7ED787-SegmentedRaftLogWorker] INFO  segmented.SegmentedRaftLogWorker (SegmentedRaftLogWorker.java:execute(569)) - c35819d4-86f4-4223-a458-676070fe0cbb@group-B9314C7ED787-SegmentedRaftLogWorker: created new log segment /workdir/hadoop-ozone/integration-test/target/test-dir/MiniOzoneClusterImpl-72f6cbb0-c919-4300-9939-20ef1cbf0e73/datanode-0/data/ratis/4ff52e68-47a2-456a-896e-b9314c7ed787/current/log_inprogress_0
2019-09-25 04:50:30,866 [45f1801e-7cfd-420a-bb39-98f19dcc81c3@group-062A65847C8B:LeaderElection17] INFO  impl.RoleInfo (RoleInfo.java:shutdownLeaderElection(134)) - 45f1801e-7cfd-420a-bb39-98f19dcc81c3: shutdown LeaderElection
2019-09-25 04:50:30,866 [pool-27-thread-1] INFO  server.RaftServerConfigKeys (ConfUtils.java:logGet(43)) - raft.server.log.statemachine.data.sync = true (default)
2019-09-25 04:50:30,866 [45f1801e-7cfd-420a-bb39-98f19dcc81c3@group-062A65847C8B:LeaderElection17] INFO  impl.RaftServerImpl (RaftServerImpl.java:setRole(174)) - 45f1801e-7cfd-420a-bb39-98f19dcc81c3@group-062A65847C8B: changes role from CANDIDATE to LEADER at term 1 for changeToLeader
2019-09-25 04:50:30,866 [pool-27-thread-1] INFO  server.RaftServerConfigKeys (ConfUtils.java:logGet(43)) - raft.server.log.statemachine.data.sync.timeout = 10s (default)
2019-09-25 04:50:30,867 [45f1801e-7cfd-420a-bb39-98f19dcc81c3@group-062A65847C8B:LeaderElection17] INFO  impl.RaftServerImpl (ServerState.java:setLeader(253)) - 45f1801e-7cfd-420a-bb39-98f19dcc81c3@group-062A65847C8B: change Leader from null to 45f1801e-7cfd-420a-bb39-98f19dcc81c3 at term 1 for becomeLeader, leader elected after 5069ms
2019-09-25 04:50:30,867 [pool-27-thread-1] INFO  server.RaftServerConfigKeys (ConfUtils.java:logGet(43)) - raft.server.log.statemachine.data.sync.timeout.retry = -1 (default)
2019-09-25 04:50:30,867 [45f1801e-7cfd-420a-bb39-98f19dcc81c3@group-062A65847C8B:LeaderElection17] INFO  server.RaftServerConfigKeys (ConfUtils.java:logGet(43)) - raft.server.staging.catchup.gap = 1000 (default)
2019-09-25 04:50:30,867 [pool-27-thread-1] INFO  server.RaftServerConfigKeys (ConfUtils.java:logGet(43)) - raft.server.log.statemachine.data.caching.enabled = true (custom)
2019-09-25 04:50:30,867 [45f1801e-7cfd-420a-bb39-98f19dcc81c3@group-062A65847C8B:LeaderElection17] INFO  server.RaftServerConfigKeys (ConfUtils.java:logGet(43)) - raft.server.rpc.sleep.time = 25ms (default)
2019-09-25 04:50:30,868 [45f1801e-7cfd-420a-bb39-98f19dcc81c3@group-062A65847C8B:LeaderElection17] INFO  server.RaftServerConfigKeys (ConfUtils.java:logGet(43)) - raft.server.write.element-limit = 4096 (default)
2019-09-25 04:50:30,868 [pool-27-thread-1] INFO  segmented.SegmentedRaftLogWorker (SegmentedRaftLogWorker.java:lambda$new$0(132)) - c35819d4-86f4-4223-a458-676070fe0cbb@group-3AB11E98D61C-SegmentedRaftLogWorker: flushIndex: setUnconditionally 0 -> -1
2019-09-25 04:50:30,868 [45f1801e-7cfd-420a-bb39-98f19dcc81c3@group-062A65847C8B:LeaderElection17] INFO  server.RaftServerConfigKeys (ConfUtils.java:logGet(43)) - raft.server.watch.timeout = 10s (default)
2019-09-25 04:50:30,868 [45f1801e-7cfd-420a-bb39-98f19dcc81c3@group-062A65847C8B:LeaderElection17] INFO  server.RaftServerConfigKeys (ConfUtils.java:logGet(43)) - raft.server.watch.timeout.denomination = 1s (default)
2019-09-25 04:50:30,868 [pool-27-thread-1] INFO  server.RaftServerConfigKeys (ConfUtils.java:logGet(43)) - raft.server.snapshot.auto.trigger.enabled = true (custom)
2019-09-25 04:50:30,868 [aabdae46-dcfa-45e6-b665-2c47bb305ebb@group-8B55A2F87624:LeaderElection18] INFO  impl.LeaderElection (LeaderElection.java:askForVotes(182)) - aabdae46-dcfa-45e6-b665-2c47bb305ebb@group-8B55A2F87624:LeaderElection18: begin an election at term 1 for -1: [aabdae46-dcfa-45e6-b665-2c47bb305ebb:192.168.151.106:41436], old=null
2019-09-25 04:50:30,869 [pool-27-thread-1] INFO  server.RaftServerConfigKeys (ConfUtils.java:logGet(43)) - raft.server.snapshot.auto.trigger.threshold = 10000 (custom)
2019-09-25 04:50:30,868 [45f1801e-7cfd-420a-bb39-98f19dcc81c3@group-062A65847C8B:LeaderElection17] INFO  server.RaftServerConfigKeys (ConfUtils.java:logGet(43)) - raft.server.watch.element-limit = 65536 (default)
2019-09-25 04:50:30,869 [pool-27-thread-1] INFO  server.RaftServerConfigKeys (ConfUtils.java:logGet(43)) - raft.server.snapshot.retention.num.files = 5 (custom)
2019-09-25 04:50:30,869 [aabdae46-dcfa-45e6-b665-2c47bb305ebb@group-8B55A2F87624:LeaderElection18] INFO  impl.RoleInfo (RoleInfo.java:shutdownLeaderElection(134)) - aabdae46-dcfa-45e6-b665-2c47bb305ebb: shutdown LeaderElection
2019-09-25 04:50:30,869 [pool-27-thread-1] INFO  server.RaftServerConfigKeys (ConfUtils.java:logGet(43)) - raft.server.retrycache.expirytime = 600000ms (custom)
2019-09-25 04:50:30,869 [aabdae46-dcfa-45e6-b665-2c47bb305ebb@group-8B55A2F87624:LeaderElection18] INFO  impl.RaftServerImpl (RaftServerImpl.java:setRole(174)) - aabdae46-dcfa-45e6-b665-2c47bb305ebb@group-8B55A2F87624: changes role from CANDIDATE to LEADER at term 1 for changeToLeader
2019-09-25 04:50:30,870 [aabdae46-dcfa-45e6-b665-2c47bb305ebb@group-8B55A2F87624:LeaderElection18] INFO  impl.RaftServerImpl (ServerState.java:setLeader(253)) - aabdae46-dcfa-45e6-b665-2c47bb305ebb@group-8B55A2F87624: change Leader from null to aabdae46-dcfa-45e6-b665-2c47bb305ebb at term 1 for becomeLeader, leader elected after 5160ms
2019-09-25 04:50:30,870 [aabdae46-dcfa-45e6-b665-2c47bb305ebb@group-8B55A2F87624:LeaderElection18] INFO  server.RaftServerConfigKeys (ConfUtils.java:logGet(43)) - raft.server.staging.catchup.gap = 1000 (default)
2019-09-25 04:50:30,870 [aabdae46-dcfa-45e6-b665-2c47bb305ebb@group-8B55A2F87624:LeaderElection18] INFO  server.RaftServerConfigKeys (ConfUtils.java:logGet(43)) - raft.server.rpc.sleep.time = 25ms (default)
2019-09-25 04:50:30,870 [aabdae46-dcfa-45e6-b665-2c47bb305ebb@group-8B55A2F87624:LeaderElection18] INFO  server.RaftServerConfigKeys (ConfUtils.java:logGet(43)) - raft.server.write.element-limit = 4096 (default)
2019-09-25 04:50:30,871 [aabdae46-dcfa-45e6-b665-2c47bb305ebb@group-8B55A2F87624:LeaderElection18] INFO  server.RaftServerConfigKeys (ConfUtils.java:logGet(43)) - raft.server.watch.timeout = 10s (default)
2019-09-25 04:50:30,871 [aabdae46-dcfa-45e6-b665-2c47bb305ebb@group-8B55A2F87624:LeaderElection18] INFO  server.RaftServerConfigKeys (ConfUtils.java:logGet(43)) - raft.server.watch.timeout.denomination = 1s (default)
2019-09-25 04:50:30,871 [aabdae46-dcfa-45e6-b665-2c47bb305ebb@group-8B55A2F87624:LeaderElection18] INFO  server.RaftServerConfigKeys (ConfUtils.java:logGet(43)) - raft.server.watch.element-limit = 65536 (default)
2019-09-25 04:50:30,874 [45f1801e-7cfd-420a-bb39-98f19dcc81c3@group-062A65847C8B:LeaderElection17] INFO  impl.RoleInfo (RoleInfo.java:updateAndGet(143)) - 45f1801e-7cfd-420a-bb39-98f19dcc81c3: start LeaderState
2019-09-25 04:50:30,874 [45f1801e-7cfd-420a-bb39-98f19dcc81c3@group-062A65847C8B:LeaderElection17] INFO  segmented.SegmentedRaftLogWorker (SegmentedRaftLogWorker.java:startLogSegment(380)) - 45f1801e-7cfd-420a-bb39-98f19dcc81c3@group-062A65847C8B-SegmentedRaftLogWorker: Starting segment from index:0
2019-09-25 04:50:30,875 [pool-27-thread-1] INFO  impl.RaftServerImpl (RaftServerImpl.java:start(185)) - c35819d4-86f4-4223-a458-676070fe0cbb@group-3AB11E98D61C: start as a follower, conf=-1: [c35819d4-86f4-4223-a458-676070fe0cbb:192.168.151.106:44434], old=null
2019-09-25 04:50:30,875 [45f1801e-7cfd-420a-bb39-98f19dcc81c3@group-062A65847C8B:LeaderElection17] INFO  impl.RaftServerImpl (ServerState.java:setRaftConf(354)) - 45f1801e-7cfd-420a-bb39-98f19dcc81c3@group-062A65847C8B: set configuration 0: [45f1801e-7cfd-420a-bb39-98f19dcc81c3:192.168.151.106:38437], old=null at 0
2019-09-25 04:50:30,875 [pool-27-thread-1] INFO  impl.RaftServerImpl (RaftServerImpl.java:setRole(174)) - c35819d4-86f4-4223-a458-676070fe0cbb@group-3AB11E98D61C: changes role from      null to FOLLOWER at term 0 for startAsFollower
2019-09-25 04:50:30,875 [aabdae46-dcfa-45e6-b665-2c47bb305ebb@group-8B55A2F87624:LeaderElection18] INFO  impl.RoleInfo (RoleInfo.java:updateAndGet(143)) - aabdae46-dcfa-45e6-b665-2c47bb305ebb: start LeaderState
2019-09-25 04:50:30,917 [pool-27-thread-1] INFO  impl.RoleInfo (RoleInfo.java:updateAndGet(143)) - c35819d4-86f4-4223-a458-676070fe0cbb: start FollowerState
2019-09-25 04:50:30,917 [aabdae46-dcfa-45e6-b665-2c47bb305ebb@group-8B55A2F87624:LeaderElection18] INFO  segmented.SegmentedRaftLogWorker (SegmentedRaftLogWorker.java:startLogSegment(380)) - aabdae46-dcfa-45e6-b665-2c47bb305ebb@group-8B55A2F87624-SegmentedRaftLogWorker: Starting segment from index:0
2019-09-25 04:50:30,918 [pool-27-thread-1] INFO  util.JmxRegister (JmxRegister.java:tryRegister(44)) - Successfully registered JMX Bean with object name Ratis:service=RaftServer,group=group-3AB11E98D61C,id=c35819d4-86f4-4223-a458-676070fe0cbb
2019-09-25 04:50:30,918 [aabdae46-dcfa-45e6-b665-2c47bb305ebb@group-8B55A2F87624:LeaderElection18] INFO  impl.RaftServerImpl (ServerState.java:setRaftConf(354)) - aabdae46-dcfa-45e6-b665-2c47bb305ebb@group-8B55A2F87624: set configuration 0: [aabdae46-dcfa-45e6-b665-2c47bb305ebb:192.168.151.106:41436], old=null at 0
2019-09-25 04:50:30,961 [45f1801e-7cfd-420a-bb39-98f19dcc81c3@group-062A65847C8B-SegmentedRaftLogWorker] INFO  segmented.SegmentedRaftLogWorker (SegmentedRaftLogWorker.java:execute(569)) - 45f1801e-7cfd-420a-bb39-98f19dcc81c3@group-062A65847C8B-SegmentedRaftLogWorker: created new log segment /workdir/hadoop-ozone/integration-test/target/test-dir/MiniOzoneClusterImpl-72f6cbb0-c919-4300-9939-20ef1cbf0e73/datanode-6/data/ratis/f9aae61a-4ac5-41e9-99cb-062a65847c8b/current/log_inprogress_0
2019-09-25 04:50:30,964 [RatisPipelineUtilsThread] INFO  pipeline.PipelineStateManager (PipelineStateManager.java:addPipeline(56)) - Created pipeline Pipeline[ Id: b17998a9-7559-4201-a505-3ab11e98d61c, Nodes: c35819d4-86f4-4223-a458-676070fe0cbb{ip: 192.168.151.106, host: pr-hdds-1569-x2sr2-3486766547, networkLocation: /default-rack, certSerialId: null}, Type:RATIS, Factor:ONE, State:OPEN]
2019-09-25 04:50:30,971 [grpc-default-executor-0] INFO  impl.RaftServerProxy (RaftServerProxy.java:addNew(89)) - 45f1801e-7cfd-420a-bb39-98f19dcc81c3: addNew group-8B7976911715:[45f1801e-7cfd-420a-bb39-98f19dcc81c3:192.168.151.106:38437] returns group-8B7976911715:java.util.concurrent.CompletableFuture@1d66fd6b[Not completed]
2019-09-25 04:50:30,973 [pool-87-thread-1] INFO  impl.RaftServerImpl (RaftServerImpl.java:<init>(95)) - 45f1801e-7cfd-420a-bb39-98f19dcc81c3: new RaftServerImpl for group-8B7976911715:[45f1801e-7cfd-420a-bb39-98f19dcc81c3:192.168.151.106:38437] with ContainerStateMachine:uninitialized
2019-09-25 04:50:30,974 [pool-87-thread-1] INFO  server.RaftServerConfigKeys (ConfUtils.java:logGet(43)) - raft.server.rpc.timeout.min = 5s (custom)
2019-09-25 04:50:30,974 [aabdae46-dcfa-45e6-b665-2c47bb305ebb@group-8B55A2F87624-SegmentedRaftLogWorker] INFO  segmented.SegmentedRaftLogWorker (SegmentedRaftLogWorker.java:execute(569)) - aabdae46-dcfa-45e6-b665-2c47bb305ebb@group-8B55A2F87624-SegmentedRaftLogWorker: created new log segment /workdir/hadoop-ozone/integration-test/target/test-dir/MiniOzoneClusterImpl-72f6cbb0-c919-4300-9939-20ef1cbf0e73/datanode-4/data/ratis/fb17de87-8adc-4a22-bfa2-8b55a2f87624/current/log_inprogress_0
2019-09-25 04:50:30,974 [pool-87-thread-1] INFO  server.RaftServerConfigKeys (ConfUtils.java:logGet(43)) - raft.server.rpc.timeout.max = 5200ms (custom)
2019-09-25 04:50:30,974 [pool-87-thread-1] INFO  server.RaftServerConfigKeys (ConfUtils.java:logGet(43)) - raft.server.rpcslowness.timeout = 120s (custom)
2019-09-25 04:50:30,974 [pool-87-thread-1] INFO  server.RaftServerConfigKeys (ConfUtils.java:logGet(43)) - raft.server.sleep.deviation.threshold = 300 (default)
2019-09-25 04:50:30,975 [pool-87-thread-1] INFO  server.RaftServerConfigKeys (ConfUtils.java:logGet(43)) - raft.server.log.appender.install.snapshot.enabled = false (custom)
2019-09-25 04:50:30,975 [pool-87-thread-1] INFO  impl.RaftServerImpl (ServerState.java:<init>(103)) - 45f1801e-7cfd-420a-bb39-98f19dcc81c3@group-8B7976911715: ConfigurationManager, init=-1: [45f1801e-7cfd-420a-bb39-98f19dcc81c3:192.168.151.106:38437], old=null, confs=<EMPTY_MAP>
2019-09-25 04:50:30,975 [pool-87-thread-1] INFO  server.RaftServerConfigKeys (ConfUtils.java:logGet(43)) - raft.server.storage.dir = [/workdir/hadoop-ozone/integration-test/target/test-dir/MiniOzoneClusterImpl-72f6cbb0-c919-4300-9939-20ef1cbf0e73/datanode-6/data/ratis] (custom)
2019-09-25 04:50:30,976 [pool-87-thread-1] INFO  storage.RaftStorageDirectory (RaftStorageDirectory.java:analyzeStorage(246)) - The storage directory /workdir/hadoop-ozone/integration-test/target/test-dir/MiniOzoneClusterImpl-72f6cbb0-c919-4300-9939-20ef1cbf0e73/datanode-6/data/ratis/023e4413-4c3e-4fb0-83c6-8b7976911715 does not exist. Creating ...
2019-09-25 04:50:30,987 [pool-87-thread-1] INFO  storage.RaftStorageDirectory (RaftStorageDirectory.java:tryLock(328)) - Lock on /workdir/hadoop-ozone/integration-test/target/test-dir/MiniOzoneClusterImpl-72f6cbb0-c919-4300-9939-20ef1cbf0e73/datanode-6/data/ratis/023e4413-4c3e-4fb0-83c6-8b7976911715/in_use.lock acquired by nodename 13648@pr-hdds-1569-x2sr2-3486766547
2019-09-25 04:50:31,025 [pool-87-thread-1] INFO  storage.RaftStorage (RaftStorage.java:format(72)) - Storage directory /workdir/hadoop-ozone/integration-test/target/test-dir/MiniOzoneClusterImpl-72f6cbb0-c919-4300-9939-20ef1cbf0e73/datanode-6/data/ratis/023e4413-4c3e-4fb0-83c6-8b7976911715 has been successfully formatted.
2019-09-25 04:50:31,025 [pool-87-thread-1] INFO  ratis.ContainerStateMachine (ContainerStateMachine.java:loadSnapshot(230)) - group-8B7976911715: The snapshot info is null. Setting the last applied indexto:(t:0, i:~)
2019-09-25 04:50:31,026 [pool-87-thread-1] INFO  server.RaftServerConfigKeys (ConfUtils.java:logGet(43)) - raft.server.notification.no-leader.timeout = 120s (custom)
2019-09-25 04:50:31,026 [pool-87-thread-1] INFO  server.RaftServerConfigKeys (ConfUtils.java:logGet(43)) - raft.server.log.use.memory = false (default)
2019-09-25 04:50:31,026 [pool-87-thread-1] INFO  server.RaftServerConfigKeys (ConfUtils.java:logGet(43)) - raft.server.log.purge.gap = 1000000 (custom)
2019-09-25 04:50:31,026 [pool-87-thread-1] INFO  server.RaftServerConfigKeys (ConfUtils.java:logGet(43)) - raft.server.log.appender.buffer.byte-limit = 33554432 (custom)
2019-09-25 04:50:31,026 [pool-87-thread-1] INFO  server.RaftServerConfigKeys (ConfUtils.java:logGet(43)) - raft.server.log.segment.size.max = 1048576 (custom)
2019-09-25 04:50:31,027 [pool-87-thread-1] INFO  server.RaftServerConfigKeys (ConfUtils.java:logGet(43)) - raft.server.log.segment.cache.num.max = 2 (custom)
2019-09-25 04:50:31,027 [pool-87-thread-1] INFO  segmented.SegmentedRaftLogWorker (SegmentedRaftLogWorker.java:<init>(172)) - new 45f1801e-7cfd-420a-bb39-98f19dcc81c3@group-8B7976911715-SegmentedRaftLogWorker for RaftStorage:Storage Directory /workdir/hadoop-ozone/integration-test/target/test-dir/MiniOzoneClusterImpl-72f6cbb0-c919-4300-9939-20ef1cbf0e73/datanode-6/data/ratis/023e4413-4c3e-4fb0-83c6-8b7976911715
2019-09-25 04:50:31,027 [pool-87-thread-1] INFO  server.RaftServerConfigKeys (ConfUtils.java:logGet(43)) - raft.server.log.queue.byte-limit = 2147483647 (custom)
2019-09-25 04:50:31,027 [pool-87-thread-1] INFO  server.RaftServerConfigKeys (ConfUtils.java:logGet(43)) - raft.server.log.queue.element-limit = 1024 (custom)
2019-09-25 04:50:31,027 [pool-87-thread-1] INFO  server.RaftServerConfigKeys (ConfUtils.java:logGet(43)) - raft.server.log.segment.size.max = 1048576 (custom)
2019-09-25 04:50:31,028 [pool-87-thread-1] INFO  server.RaftServerConfigKeys (ConfUtils.java:logGet(43)) - raft.server.log.preallocated.size = 16384 (custom)
2019-09-25 04:50:31,028 [pool-87-thread-1] INFO  server.RaftServerConfigKeys (ConfUtils.java:logGet(43)) - raft.server.log.write.buffer.size = 33554432 (custom)
2019-09-25 04:50:31,028 [pool-87-thread-1] INFO  server.RaftServerConfigKeys (ConfUtils.java:logGet(43)) - raft.server.log.force.sync.num = 128 (default)
2019-09-25 04:50:31,028 [pool-87-thread-1] INFO  server.RaftServerConfigKeys (ConfUtils.java:logGet(43)) - raft.server.log.statemachine.data.sync = true (default)
2019-09-25 04:50:31,028 [pool-87-thread-1] INFO  server.RaftServerConfigKeys (ConfUtils.java:logGet(43)) - raft.server.log.statemachine.data.sync.timeout = 10s (default)
2019-09-25 04:50:31,029 [pool-87-thread-1] INFO  server.RaftServerConfigKeys (ConfUtils.java:logGet(43)) - raft.server.log.statemachine.data.sync.timeout.retry = -1 (default)
2019-09-25 04:50:31,029 [pool-87-thread-1] INFO  server.RaftServerConfigKeys (ConfUtils.java:logGet(43)) - raft.server.log.statemachine.data.caching.enabled = true (custom)
2019-09-25 04:50:31,029 [pool-87-thread-1] INFO  segmented.SegmentedRaftLogWorker (SegmentedRaftLogWorker.java:lambda$new$0(132)) - 45f1801e-7cfd-420a-bb39-98f19dcc81c3@group-8B7976911715-SegmentedRaftLogWorker: flushIndex: setUnconditionally 0 -> -1
2019-09-25 04:50:31,030 [pool-87-thread-1] INFO  server.RaftServerConfigKeys (ConfUtils.java:logGet(43)) - raft.server.snapshot.auto.trigger.enabled = true (custom)
2019-09-25 04:50:31,030 [pool-87-thread-1] INFO  server.RaftServerConfigKeys (ConfUtils.java:logGet(43)) - raft.server.snapshot.auto.trigger.threshold = 10000 (custom)
2019-09-25 04:50:31,030 [pool-87-thread-1] INFO  server.RaftServerConfigKeys (ConfUtils.java:logGet(43)) - raft.server.snapshot.retention.num.files = 5 (custom)
2019-09-25 04:50:31,030 [pool-87-thread-1] INFO  server.RaftServerConfigKeys (ConfUtils.java:logGet(43)) - raft.server.retrycache.expirytime = 600000ms (custom)
2019-09-25 04:50:31,033 [pool-87-thread-1] INFO  impl.RaftServerImpl (RaftServerImpl.java:start(185)) - 45f1801e-7cfd-420a-bb39-98f19dcc81c3@group-8B7976911715: start as a follower, conf=-1: [45f1801e-7cfd-420a-bb39-98f19dcc81c3:192.168.151.106:38437], old=null
2019-09-25 04:50:31,033 [pool-87-thread-1] INFO  impl.RaftServerImpl (RaftServerImpl.java:setRole(174)) - 45f1801e-7cfd-420a-bb39-98f19dcc81c3@group-8B7976911715: changes role from      null to FOLLOWER at term 0 for startAsFollower
2019-09-25 04:50:31,033 [pool-87-thread-1] INFO  impl.RoleInfo (RoleInfo.java:updateAndGet(143)) - 45f1801e-7cfd-420a-bb39-98f19dcc81c3: start FollowerState
2019-09-25 04:50:31,034 [pool-87-thread-1] INFO  util.JmxRegister (JmxRegister.java:tryRegister(44)) - Successfully registered JMX Bean with object name Ratis:service=RaftServer,group=group-8B7976911715,id=45f1801e-7cfd-420a-bb39-98f19dcc81c3
2019-09-25 04:50:31,037 [RatisPipelineUtilsThread] INFO  pipeline.PipelineStateManager (PipelineStateManager.java:addPipeline(56)) - Created pipeline Pipeline[ Id: 023e4413-4c3e-4fb0-83c6-8b7976911715, Nodes: 45f1801e-7cfd-420a-bb39-98f19dcc81c3{ip: 192.168.151.106, host: pr-hdds-1569-x2sr2-3486766547, networkLocation: /default-rack, certSerialId: null}, Type:RATIS, Factor:ONE, State:OPEN]
2019-09-25 04:50:31,043 [grpc-default-executor-0] INFO  impl.RaftServerProxy (RaftServerProxy.java:addNew(89)) - c35819d4-86f4-4223-a458-676070fe0cbb: addNew group-20315066096E:[c35819d4-86f4-4223-a458-676070fe0cbb:192.168.151.106:44434] returns group-20315066096E:java.util.concurrent.CompletableFuture@12ba5345[Not completed]
2019-09-25 04:50:31,045 [Thread-297] INFO  impl.FollowerState (FollowerState.java:run(106)) - aabdae46-dcfa-45e6-b665-2c47bb305ebb:group-13C6845242B0 changes to CANDIDATE, lastRpcTime:5182, electionTimeout:5182ms
2019-09-25 04:50:31,045 [pool-27-thread-1] INFO  impl.RaftServerImpl (RaftServerImpl.java:<init>(95)) - c35819d4-86f4-4223-a458-676070fe0cbb: new RaftServerImpl for group-20315066096E:[c35819d4-86f4-4223-a458-676070fe0cbb:192.168.151.106:44434] with ContainerStateMachine:uninitialized
2019-09-25 04:50:31,045 [Thread-297] INFO  impl.RoleInfo (RoleInfo.java:shutdownFollowerState(121)) - aabdae46-dcfa-45e6-b665-2c47bb305ebb: shutdown FollowerState
2019-09-25 04:50:31,045 [pool-27-thread-1] INFO  server.RaftServerConfigKeys (ConfUtils.java:logGet(43)) - raft.server.rpc.timeout.min = 5s (custom)
2019-09-25 04:50:31,045 [Thread-297] INFO  impl.RaftServerImpl (RaftServerImpl.java:setRole(174)) - aabdae46-dcfa-45e6-b665-2c47bb305ebb@group-13C6845242B0: changes role from  FOLLOWER to CANDIDATE at term 0 for changeToCandidate
2019-09-25 04:50:31,045 [pool-27-thread-1] INFO  server.RaftServerConfigKeys (ConfUtils.java:logGet(43)) - raft.server.rpc.timeout.max = 5200ms (custom)
2019-09-25 04:50:31,046 [Thread-297] INFO  impl.RoleInfo (RoleInfo.java:updateAndGet(143)) - aabdae46-dcfa-45e6-b665-2c47bb305ebb: start LeaderElection
2019-09-25 04:50:31,046 [pool-27-thread-1] INFO  server.RaftServerConfigKeys (ConfUtils.java:logGet(43)) - raft.server.rpcslowness.timeout = 120s (custom)
2019-09-25 04:50:31,046 [pool-27-thread-1] INFO  server.RaftServerConfigKeys (ConfUtils.java:logGet(43)) - raft.server.sleep.deviation.threshold = 300 (default)
2019-09-25 04:50:31,046 [pool-27-thread-1] INFO  server.RaftServerConfigKeys (ConfUtils.java:logGet(43)) - raft.server.log.appender.install.snapshot.enabled = false (custom)
2019-09-25 04:50:31,056 [pool-27-thread-1] INFO  impl.RaftServerImpl (ServerState.java:<init>(103)) - c35819d4-86f4-4223-a458-676070fe0cbb@group-20315066096E: ConfigurationManager, init=-1: [c35819d4-86f4-4223-a458-676070fe0cbb:192.168.151.106:44434], old=null, confs=<EMPTY_MAP>
2019-09-25 04:50:31,056 [pool-27-thread-1] INFO  server.RaftServerConfigKeys (ConfUtils.java:logGet(43)) - raft.server.storage.dir = [/workdir/hadoop-ozone/integration-test/target/test-dir/MiniOzoneClusterImpl-72f6cbb0-c919-4300-9939-20ef1cbf0e73/datanode-0/data/ratis] (custom)
2019-09-25 04:50:31,057 [pool-27-thread-1] INFO  storage.RaftStorageDirectory (RaftStorageDirectory.java:analyzeStorage(246)) - The storage directory /workdir/hadoop-ozone/integration-test/target/test-dir/MiniOzoneClusterImpl-72f6cbb0-c919-4300-9939-20ef1cbf0e73/datanode-0/data/ratis/38617350-23c2-45bd-ac60-20315066096e does not exist. Creating ...
2019-09-25 04:50:31,069 [pool-27-thread-1] INFO  storage.RaftStorageDirectory (RaftStorageDirectory.java:tryLock(328)) - Lock on /workdir/hadoop-ozone/integration-test/target/test-dir/MiniOzoneClusterImpl-72f6cbb0-c919-4300-9939-20ef1cbf0e73/datanode-0/data/ratis/38617350-23c2-45bd-ac60-20315066096e/in_use.lock acquired by nodename 13648@pr-hdds-1569-x2sr2-3486766547
2019-09-25 04:50:31,070 [aabdae46-dcfa-45e6-b665-2c47bb305ebb@group-13C6845242B0:LeaderElection19] INFO  impl.LeaderElection (LeaderElection.java:askForVotes(182)) - aabdae46-dcfa-45e6-b665-2c47bb305ebb@group-13C6845242B0:LeaderElection19: begin an election at term 1 for -1: [aabdae46-dcfa-45e6-b665-2c47bb305ebb:192.168.151.106:41436], old=null
2019-09-25 04:50:31,070 [aabdae46-dcfa-45e6-b665-2c47bb305ebb@group-13C6845242B0:LeaderElection19] INFO  impl.RoleInfo (RoleInfo.java:shutdownLeaderElection(134)) - aabdae46-dcfa-45e6-b665-2c47bb305ebb: shutdown LeaderElection
2019-09-25 04:50:31,070 [aabdae46-dcfa-45e6-b665-2c47bb305ebb@group-13C6845242B0:LeaderElection19] INFO  impl.RaftServerImpl (RaftServerImpl.java:setRole(174)) - aabdae46-dcfa-45e6-b665-2c47bb305ebb@group-13C6845242B0: changes role from CANDIDATE to LEADER at term 1 for changeToLeader
2019-09-25 04:50:31,070 [aabdae46-dcfa-45e6-b665-2c47bb305ebb@group-13C6845242B0:LeaderElection19] INFO  impl.RaftServerImpl (ServerState.java:setLeader(253)) - aabdae46-dcfa-45e6-b665-2c47bb305ebb@group-13C6845242B0: change Leader from null to aabdae46-dcfa-45e6-b665-2c47bb305ebb at term 1 for becomeLeader, leader elected after 5213ms
2019-09-25 04:50:31,070 [aabdae46-dcfa-45e6-b665-2c47bb305ebb@group-13C6845242B0:LeaderElection19] INFO  server.RaftServerConfigKeys (ConfUtils.java:logGet(43)) - raft.server.staging.catchup.gap = 1000 (default)
2019-09-25 04:50:31,071 [aabdae46-dcfa-45e6-b665-2c47bb305ebb@group-13C6845242B0:LeaderElection19] INFO  server.RaftServerConfigKeys (ConfUtils.java:logGet(43)) - raft.server.rpc.sleep.time = 25ms (default)
2019-09-25 04:50:31,071 [aabdae46-dcfa-45e6-b665-2c47bb305ebb@group-13C6845242B0:LeaderElection19] INFO  server.RaftServerConfigKeys (ConfUtils.java:logGet(43)) - raft.server.write.element-limit = 4096 (default)
2019-09-25 04:50:31,071 [aabdae46-dcfa-45e6-b665-2c47bb305ebb@group-13C6845242B0:LeaderElection19] INFO  server.RaftServerConfigKeys (ConfUtils.java:logGet(43)) - raft.server.watch.timeout = 10s (default)
2019-09-25 04:50:31,071 [aabdae46-dcfa-45e6-b665-2c47bb305ebb@group-13C6845242B0:LeaderElection19] INFO  server.RaftServerConfigKeys (ConfUtils.java:logGet(43)) - raft.server.watch.timeout.denomination = 1s (default)
2019-09-25 04:50:31,071 [aabdae46-dcfa-45e6-b665-2c47bb305ebb@group-13C6845242B0:LeaderElection19] INFO  server.RaftServerConfigKeys (ConfUtils.java:logGet(43)) - raft.server.watch.element-limit = 65536 (default)
2019-09-25 04:50:31,074 [aabdae46-dcfa-45e6-b665-2c47bb305ebb@group-13C6845242B0:LeaderElection19] INFO  impl.RoleInfo (RoleInfo.java:updateAndGet(143)) - aabdae46-dcfa-45e6-b665-2c47bb305ebb: start LeaderState
2019-09-25 04:50:31,074 [aabdae46-dcfa-45e6-b665-2c47bb305ebb@group-13C6845242B0:LeaderElection19] INFO  segmented.SegmentedRaftLogWorker (SegmentedRaftLogWorker.java:startLogSegment(380)) - aabdae46-dcfa-45e6-b665-2c47bb305ebb@group-13C6845242B0-SegmentedRaftLogWorker: Starting segment from index:0
2019-09-25 04:50:31,075 [aabdae46-dcfa-45e6-b665-2c47bb305ebb@group-13C6845242B0:LeaderElection19] INFO  impl.RaftServerImpl (ServerState.java:setRaftConf(354)) - aabdae46-dcfa-45e6-b665-2c47bb305ebb@group-13C6845242B0: set configuration 0: [aabdae46-dcfa-45e6-b665-2c47bb305ebb:192.168.151.106:41436], old=null at 0
2019-09-25 04:50:31,111 [Thread-300] INFO  impl.FollowerState (FollowerState.java:run(106)) - b40ef231-6505-402b-ae57-fc0dc67cbbe8:group-D983D7FE8BDB changes to CANDIDATE, lastRpcTime:5179, electionTimeout:5165ms
2019-09-25 04:50:31,111 [pool-27-thread-1] INFO  storage.RaftStorage (RaftStorage.java:format(72)) - Storage directory /workdir/hadoop-ozone/integration-test/target/test-dir/MiniOzoneClusterImpl-72f6cbb0-c919-4300-9939-20ef1cbf0e73/datanode-0/data/ratis/38617350-23c2-45bd-ac60-20315066096e has been successfully formatted.
2019-09-25 04:50:31,111 [Thread-300] INFO  impl.RoleInfo (RoleInfo.java:shutdownFollowerState(121)) - b40ef231-6505-402b-ae57-fc0dc67cbbe8: shutdown FollowerState
2019-09-25 04:50:31,111 [Thread-303] INFO  impl.FollowerState (FollowerState.java:run(106)) - b40ef231-6505-402b-ae57-fc0dc67cbbe8:group-FBD7B064AE7B changes to CANDIDATE, lastRpcTime:5093, electionTimeout:5088ms
2019-09-25 04:50:31,112 [pool-27-thread-1] INFO  ratis.ContainerStateMachine (ContainerStateMachine.java:loadSnapshot(230)) - group-20315066096E: The snapshot info is null. Setting the last applied indexto:(t:0, i:~)
2019-09-25 04:50:31,112 [Thread-300] INFO  impl.RaftServerImpl (RaftServerImpl.java:setRole(174)) - b40ef231-6505-402b-ae57-fc0dc67cbbe8@group-D983D7FE8BDB: changes role from  FOLLOWER to CANDIDATE at term 0 for changeToCandidate
2019-09-25 04:50:31,112 [pool-27-thread-1] INFO  server.RaftServerConfigKeys (ConfUtils.java:logGet(43)) - raft.server.notification.no-leader.timeout = 120s (custom)
2019-09-25 04:50:31,112 [Thread-303] INFO  impl.RoleInfo (RoleInfo.java:shutdownFollowerState(121)) - b40ef231-6505-402b-ae57-fc0dc67cbbe8: shutdown FollowerState
2019-09-25 04:50:31,112 [pool-27-thread-1] INFO  server.RaftServerConfigKeys (ConfUtils.java:logGet(43)) - raft.server.log.use.memory = false (default)
2019-09-25 04:50:31,112 [Thread-300] INFO  impl.RoleInfo (RoleInfo.java:updateAndGet(143)) - b40ef231-6505-402b-ae57-fc0dc67cbbe8: start LeaderElection
2019-09-25 04:50:31,113 [pool-27-thread-1] INFO  server.RaftServerConfigKeys (ConfUtils.java:logGet(43)) - raft.server.log.purge.gap = 1000000 (custom)
2019-09-25 04:50:31,113 [Thread-303] INFO  impl.RaftServerImpl (RaftServerImpl.java:setRole(174)) - b40ef231-6505-402b-ae57-fc0dc67cbbe8@group-FBD7B064AE7B: changes role from  FOLLOWER to CANDIDATE at term 0 for changeToCandidate
2019-09-25 04:50:31,113 [pool-27-thread-1] INFO  server.RaftServerConfigKeys (ConfUtils.java:logGet(43)) - raft.server.log.appender.buffer.byte-limit = 33554432 (custom)
2019-09-25 04:50:31,146 [Thread-303] INFO  impl.RoleInfo (RoleInfo.java:updateAndGet(143)) - b40ef231-6505-402b-ae57-fc0dc67cbbe8: start LeaderElection
2019-09-25 04:50:31,125 [aabdae46-dcfa-45e6-b665-2c47bb305ebb@group-13C6845242B0-SegmentedRaftLogWorker] INFO  segmented.SegmentedRaftLogWorker (SegmentedRaftLogWorker.java:execute(569)) - aabdae46-dcfa-45e6-b665-2c47bb305ebb@group-13C6845242B0-SegmentedRaftLogWorker: created new log segment /workdir/hadoop-ozone/integration-test/target/test-dir/MiniOzoneClusterImpl-72f6cbb0-c919-4300-9939-20ef1cbf0e73/datanode-4/data/ratis/cec6a837-b25d-4f1d-b0ef-13c6845242b0/current/log_inprogress_0
2019-09-25 04:50:31,146 [pool-27-thread-1] INFO  server.RaftServerConfigKeys (ConfUtils.java:logGet(43)) - raft.server.log.segment.size.max = 1048576 (custom)
2019-09-25 04:50:31,147 [pool-27-thread-1] INFO  server.RaftServerConfigKeys (ConfUtils.java:logGet(43)) - raft.server.log.segment.cache.num.max = 2 (custom)
2019-09-25 04:50:31,150 [pool-27-thread-1] INFO  segmented.SegmentedRaftLogWorker (SegmentedRaftLogWorker.java:<init>(172)) - new c35819d4-86f4-4223-a458-676070fe0cbb@group-20315066096E-SegmentedRaftLogWorker for RaftStorage:Storage Directory /workdir/hadoop-ozone/integration-test/target/test-dir/MiniOzoneClusterImpl-72f6cbb0-c919-4300-9939-20ef1cbf0e73/datanode-0/data/ratis/38617350-23c2-45bd-ac60-20315066096e
2019-09-25 04:50:31,150 [pool-27-thread-1] INFO  server.RaftServerConfigKeys (ConfUtils.java:logGet(43)) - raft.server.log.queue.byte-limit = 2147483647 (custom)
2019-09-25 04:50:31,150 [pool-27-thread-1] INFO  server.RaftServerConfigKeys (ConfUtils.java:logGet(43)) - raft.server.log.queue.element-limit = 1024 (custom)
2019-09-25 04:50:31,150 [pool-27-thread-1] INFO  server.RaftServerConfigKeys (ConfUtils.java:logGet(43)) - raft.server.log.segment.size.max = 1048576 (custom)
2019-09-25 04:50:31,150 [pool-27-thread-1] INFO  server.RaftServerConfigKeys (ConfUtils.java:logGet(43)) - raft.server.log.preallocated.size = 16384 (custom)
2019-09-25 04:50:31,151 [pool-27-thread-1] INFO  server.RaftServerConfigKeys (ConfUtils.java:logGet(43)) - raft.server.log.write.buffer.size = 33554432 (custom)
2019-09-25 04:50:31,151 [pool-27-thread-1] INFO  server.RaftServerConfigKeys (ConfUtils.java:logGet(43)) - raft.server.log.force.sync.num = 128 (default)
2019-09-25 04:50:31,151 [pool-27-thread-1] INFO  server.RaftServerConfigKeys (ConfUtils.java:logGet(43)) - raft.server.log.statemachine.data.sync = true (default)
2019-09-25 04:50:31,151 [pool-27-thread-1] INFO  server.RaftServerConfigKeys (ConfUtils.java:logGet(43)) - raft.server.log.statemachine.data.sync.timeout = 10s (default)
2019-09-25 04:50:31,151 [pool-27-thread-1] INFO  server.RaftServerConfigKeys (ConfUtils.java:logGet(43)) - raft.server.log.statemachine.data.sync.timeout.retry = -1 (default)
2019-09-25 04:50:31,152 [pool-27-thread-1] INFO  server.RaftServerConfigKeys (ConfUtils.java:logGet(43)) - raft.server.log.statemachine.data.caching.enabled = true (custom)
2019-09-25 04:50:31,152 [pool-27-thread-1] INFO  segmented.SegmentedRaftLogWorker (SegmentedRaftLogWorker.java:lambda$new$0(132)) - c35819d4-86f4-4223-a458-676070fe0cbb@group-20315066096E-SegmentedRaftLogWorker: flushIndex: setUnconditionally 0 -> -1
2019-09-25 04:50:31,153 [pool-27-thread-1] INFO  server.RaftServerConfigKeys (ConfUtils.java:logGet(43)) - raft.server.snapshot.auto.trigger.enabled = true (custom)
2019-09-25 04:50:31,153 [pool-27-thread-1] INFO  server.RaftServerConfigKeys (ConfUtils.java:logGet(43)) - raft.server.snapshot.auto.trigger.threshold = 10000 (custom)
2019-09-25 04:50:31,153 [pool-27-thread-1] INFO  server.RaftServerConfigKeys (ConfUtils.java:logGet(43)) - raft.server.snapshot.retention.num.files = 5 (custom)
2019-09-25 04:50:31,153 [pool-27-thread-1] INFO  server.RaftServerConfigKeys (ConfUtils.java:logGet(43)) - raft.server.retrycache.expirytime = 600000ms (custom)
2019-09-25 04:50:31,156 [pool-27-thread-1] INFO  impl.RaftServerImpl (RaftServerImpl.java:start(185)) - c35819d4-86f4-4223-a458-676070fe0cbb@group-20315066096E: start as a follower, conf=-1: [c35819d4-86f4-4223-a458-676070fe0cbb:192.168.151.106:44434], old=null
2019-09-25 04:50:31,156 [pool-27-thread-1] INFO  impl.RaftServerImpl (RaftServerImpl.java:setRole(174)) - c35819d4-86f4-4223-a458-676070fe0cbb@group-20315066096E: changes role from      null to FOLLOWER at term 0 for startAsFollower
2019-09-25 04:50:31,156 [pool-27-thread-1] INFO  impl.RoleInfo (RoleInfo.java:updateAndGet(143)) - c35819d4-86f4-4223-a458-676070fe0cbb: start FollowerState
2019-09-25 04:50:31,157 [pool-27-thread-1] INFO  util.JmxRegister (JmxRegister.java:tryRegister(44)) - Successfully registered JMX Bean with object name Ratis:service=RaftServer,group=group-20315066096E,id=c35819d4-86f4-4223-a458-676070fe0cbb
2019-09-25 04:50:31,161 [RatisPipelineUtilsThread] INFO  pipeline.PipelineStateManager (PipelineStateManager.java:addPipeline(56)) - Created pipeline Pipeline[ Id: 38617350-23c2-45bd-ac60-20315066096e, Nodes: c35819d4-86f4-4223-a458-676070fe0cbb{ip: 192.168.151.106, host: pr-hdds-1569-x2sr2-3486766547, networkLocation: /default-rack, certSerialId: null}, Type:RATIS, Factor:ONE, State:OPEN]
2019-09-25 04:50:31,168 [grpc-default-executor-0] INFO  impl.RaftServerProxy (RaftServerProxy.java:addNew(89)) - b40ef231-6505-402b-ae57-fc0dc67cbbe8: addNew group-D6CE7AA0887B:[b40ef231-6505-402b-ae57-fc0dc67cbbe8:192.168.151.106:41861] returns group-D6CE7AA0887B:java.util.concurrent.CompletableFuture@4164cf81[Not completed]
2019-09-25 04:50:31,169 [pool-37-thread-1] INFO  impl.RaftServerImpl (RaftServerImpl.java:<init>(95)) - b40ef231-6505-402b-ae57-fc0dc67cbbe8: new RaftServerImpl for group-D6CE7AA0887B:[b40ef231-6505-402b-ae57-fc0dc67cbbe8:192.168.151.106:41861] with ContainerStateMachine:uninitialized
2019-09-25 04:50:31,170 [pool-37-thread-1] INFO  server.RaftServerConfigKeys (ConfUtils.java:logGet(43)) - raft.server.rpc.timeout.min = 5s (custom)
2019-09-25 04:50:31,170 [pool-37-thread-1] INFO  server.RaftServerConfigKeys (ConfUtils.java:logGet(43)) - raft.server.rpc.timeout.max = 5200ms (custom)
2019-09-25 04:50:31,170 [pool-37-thread-1] INFO  server.RaftServerConfigKeys (ConfUtils.java:logGet(43)) - raft.server.rpcslowness.timeout = 120s (custom)
2019-09-25 04:50:31,170 [b40ef231-6505-402b-ae57-fc0dc67cbbe8@group-FBD7B064AE7B:LeaderElection21] INFO  impl.LeaderElection (LeaderElection.java:askForVotes(182)) - b40ef231-6505-402b-ae57-fc0dc67cbbe8@group-FBD7B064AE7B:LeaderElection21: begin an election at term 1 for -1: [b40ef231-6505-402b-ae57-fc0dc67cbbe8:192.168.151.106:41861], old=null
2019-09-25 04:50:31,170 [b40ef231-6505-402b-ae57-fc0dc67cbbe8@group-D983D7FE8BDB:LeaderElection20] INFO  impl.LeaderElection (LeaderElection.java:askForVotes(182)) - b40ef231-6505-402b-ae57-fc0dc67cbbe8@group-D983D7FE8BDB:LeaderElection20: begin an election at term 1 for -1: [b40ef231-6505-402b-ae57-fc0dc67cbbe8:192.168.151.106:41861], old=null
2019-09-25 04:50:31,170 [b40ef231-6505-402b-ae57-fc0dc67cbbe8@group-FBD7B064AE7B:LeaderElection21] INFO  impl.RoleInfo (RoleInfo.java:shutdownLeaderElection(134)) - b40ef231-6505-402b-ae57-fc0dc67cbbe8: shutdown LeaderElection
2019-09-25 04:50:31,170 [pool-37-thread-1] INFO  server.RaftServerConfigKeys (ConfUtils.java:logGet(43)) - raft.server.sleep.deviation.threshold = 300 (default)
2019-09-25 04:50:31,171 [b40ef231-6505-402b-ae57-fc0dc67cbbe8@group-FBD7B064AE7B:LeaderElection21] INFO  impl.RaftServerImpl (RaftServerImpl.java:setRole(174)) - b40ef231-6505-402b-ae57-fc0dc67cbbe8@group-FBD7B064AE7B: changes role from CANDIDATE to LEADER at term 1 for changeToLeader
2019-09-25 04:50:31,171 [b40ef231-6505-402b-ae57-fc0dc67cbbe8@group-D983D7FE8BDB:LeaderElection20] INFO  impl.RoleInfo (RoleInfo.java:shutdownLeaderElection(134)) - b40ef231-6505-402b-ae57-fc0dc67cbbe8: shutdown LeaderElection
2019-09-25 04:50:31,171 [b40ef231-6505-402b-ae57-fc0dc67cbbe8@group-FBD7B064AE7B:LeaderElection21] INFO  impl.RaftServerImpl (ServerState.java:setLeader(253)) - b40ef231-6505-402b-ae57-fc0dc67cbbe8@group-FBD7B064AE7B: change Leader from null to b40ef231-6505-402b-ae57-fc0dc67cbbe8 at term 1 for becomeLeader, leader elected after 5159ms
2019-09-25 04:50:31,171 [pool-37-thread-1] INFO  server.RaftServerConfigKeys (ConfUtils.java:logGet(43)) - raft.server.log.appender.install.snapshot.enabled = false (custom)
2019-09-25 04:50:31,171 [b40ef231-6505-402b-ae57-fc0dc67cbbe8@group-FBD7B064AE7B:LeaderElection21] INFO  server.RaftServerConfigKeys (ConfUtils.java:logGet(43)) - raft.server.staging.catchup.gap = 1000 (default)
2019-09-25 04:50:31,171 [b40ef231-6505-402b-ae57-fc0dc67cbbe8@group-D983D7FE8BDB:LeaderElection20] INFO  impl.RaftServerImpl (RaftServerImpl.java:setRole(174)) - b40ef231-6505-402b-ae57-fc0dc67cbbe8@group-D983D7FE8BDB: changes role from CANDIDATE to LEADER at term 1 for changeToLeader
2019-09-25 04:50:31,171 [b40ef231-6505-402b-ae57-fc0dc67cbbe8@group-FBD7B064AE7B:LeaderElection21] INFO  server.RaftServerConfigKeys (ConfUtils.java:logGet(43)) - raft.server.rpc.sleep.time = 25ms (default)
2019-09-25 04:50:31,171 [pool-37-thread-1] INFO  impl.RaftServerImpl (ServerState.java:<init>(103)) - b40ef231-6505-402b-ae57-fc0dc67cbbe8@group-D6CE7AA0887B: ConfigurationManager, init=-1: [b40ef231-6505-402b-ae57-fc0dc67cbbe8:192.168.151.106:41861], old=null, confs=<EMPTY_MAP>
2019-09-25 04:50:31,172 [b40ef231-6505-402b-ae57-fc0dc67cbbe8@group-FBD7B064AE7B:LeaderElection21] INFO  server.RaftServerConfigKeys (ConfUtils.java:logGet(43)) - raft.server.write.element-limit = 4096 (default)
2019-09-25 04:50:31,172 [b40ef231-6505-402b-ae57-fc0dc67cbbe8@group-D983D7FE8BDB:LeaderElection20] INFO  impl.RaftServerImpl (ServerState.java:setLeader(253)) - b40ef231-6505-402b-ae57-fc0dc67cbbe8@group-D983D7FE8BDB: change Leader from null to b40ef231-6505-402b-ae57-fc0dc67cbbe8 at term 1 for becomeLeader, leader elected after 5246ms
2019-09-25 04:50:31,172 [b40ef231-6505-402b-ae57-fc0dc67cbbe8@group-FBD7B064AE7B:LeaderElection21] INFO  server.RaftServerConfigKeys (ConfUtils.java:logGet(43)) - raft.server.watch.timeout = 10s (default)
2019-09-25 04:50:31,173 [b40ef231-6505-402b-ae57-fc0dc67cbbe8@group-FBD7B064AE7B:LeaderElection21] INFO  server.RaftServerConfigKeys (ConfUtils.java:logGet(43)) - raft.server.watch.timeout.denomination = 1s (default)
2019-09-25 04:50:31,172 [pool-37-thread-1] INFO  server.RaftServerConfigKeys (ConfUtils.java:logGet(43)) - raft.server.storage.dir = [/workdir/hadoop-ozone/integration-test/target/test-dir/MiniOzoneClusterImpl-72f6cbb0-c919-4300-9939-20ef1cbf0e73/datanode-1/data/ratis] (custom)
2019-09-25 04:50:31,173 [b40ef231-6505-402b-ae57-fc0dc67cbbe8@group-FBD7B064AE7B:LeaderElection21] INFO  server.RaftServerConfigKeys (ConfUtils.java:logGet(43)) - raft.server.watch.element-limit = 65536 (default)
2019-09-25 04:50:31,172 [b40ef231-6505-402b-ae57-fc0dc67cbbe8@group-D983D7FE8BDB:LeaderElection20] INFO  server.RaftServerConfigKeys (ConfUtils.java:logGet(43)) - raft.server.staging.catchup.gap = 1000 (default)
2019-09-25 04:50:31,173 [b40ef231-6505-402b-ae57-fc0dc67cbbe8@group-D983D7FE8BDB:LeaderElection20] INFO  server.RaftServerConfigKeys (ConfUtils.java:logGet(43)) - raft.server.rpc.sleep.time = 25ms (default)
2019-09-25 04:50:31,173 [pool-37-thread-1] INFO  storage.RaftStorageDirectory (RaftStorageDirectory.java:analyzeStorage(246)) - The storage directory /workdir/hadoop-ozone/integration-test/target/test-dir/MiniOzoneClusterImpl-72f6cbb0-c919-4300-9939-20ef1cbf0e73/datanode-1/data/ratis/36f9cd4c-0b0a-48b3-9eec-d6ce7aa0887b does not exist. Creating ...
2019-09-25 04:50:31,173 [b40ef231-6505-402b-ae57-fc0dc67cbbe8@group-D983D7FE8BDB:LeaderElection20] INFO  server.RaftServerConfigKeys (ConfUtils.java:logGet(43)) - raft.server.write.element-limit = 4096 (default)
2019-09-25 04:50:31,174 [b40ef231-6505-402b-ae57-fc0dc67cbbe8@group-D983D7FE8BDB:LeaderElection20] INFO  server.RaftServerConfigKeys (ConfUtils.java:logGet(43)) - raft.server.watch.timeout = 10s (default)
2019-09-25 04:50:31,174 [b40ef231-6505-402b-ae57-fc0dc67cbbe8@group-D983D7FE8BDB:LeaderElection20] INFO  server.RaftServerConfigKeys (ConfUtils.java:logGet(43)) - raft.server.watch.timeout.denomination = 1s (default)
2019-09-25 04:50:31,174 [b40ef231-6505-402b-ae57-fc0dc67cbbe8@group-D983D7FE8BDB:LeaderElection20] INFO  server.RaftServerConfigKeys (ConfUtils.java:logGet(43)) - raft.server.watch.element-limit = 65536 (default)
2019-09-25 04:50:31,176 [b40ef231-6505-402b-ae57-fc0dc67cbbe8@group-FBD7B064AE7B:LeaderElection21] INFO  impl.RoleInfo (RoleInfo.java:updateAndGet(143)) - b40ef231-6505-402b-ae57-fc0dc67cbbe8: start LeaderState
2019-09-25 04:50:31,176 [b40ef231-6505-402b-ae57-fc0dc67cbbe8@group-FBD7B064AE7B:LeaderElection21] INFO  segmented.SegmentedRaftLogWorker (SegmentedRaftLogWorker.java:startLogSegment(380)) - b40ef231-6505-402b-ae57-fc0dc67cbbe8@group-FBD7B064AE7B-SegmentedRaftLogWorker: Starting segment from index:0
2019-09-25 04:50:31,177 [b40ef231-6505-402b-ae57-fc0dc67cbbe8@group-FBD7B064AE7B:LeaderElection21] INFO  impl.RaftServerImpl (ServerState.java:setRaftConf(354)) - b40ef231-6505-402b-ae57-fc0dc67cbbe8@group-FBD7B064AE7B: set configuration 0: [b40ef231-6505-402b-ae57-fc0dc67cbbe8:192.168.151.106:41861], old=null at 0
2019-09-25 04:50:31,177 [b40ef231-6505-402b-ae57-fc0dc67cbbe8@group-D983D7FE8BDB:LeaderElection20] INFO  impl.RoleInfo (RoleInfo.java:updateAndGet(143)) - b40ef231-6505-402b-ae57-fc0dc67cbbe8: start LeaderState
2019-09-25 04:50:31,221 [pool-37-thread-1] INFO  storage.RaftStorageDirectory (RaftStorageDirectory.java:tryLock(328)) - Lock on /workdir/hadoop-ozone/integration-test/target/test-dir/MiniOzoneClusterImpl-72f6cbb0-c919-4300-9939-20ef1cbf0e73/datanode-1/data/ratis/36f9cd4c-0b0a-48b3-9eec-d6ce7aa0887b/in_use.lock acquired by nodename 13648@pr-hdds-1569-x2sr2-3486766547
2019-09-25 04:50:31,222 [b40ef231-6505-402b-ae57-fc0dc67cbbe8@group-D983D7FE8BDB:LeaderElection20] INFO  segmented.SegmentedRaftLogWorker (SegmentedRaftLogWorker.java:startLogSegment(380)) - b40ef231-6505-402b-ae57-fc0dc67cbbe8@group-D983D7FE8BDB-SegmentedRaftLogWorker: Starting segment from index:0
2019-09-25 04:50:31,223 [b40ef231-6505-402b-ae57-fc0dc67cbbe8@group-D983D7FE8BDB:LeaderElection20] INFO  impl.RaftServerImpl (ServerState.java:setRaftConf(354)) - b40ef231-6505-402b-ae57-fc0dc67cbbe8@group-D983D7FE8BDB: set configuration 0: [b40ef231-6505-402b-ae57-fc0dc67cbbe8:192.168.151.106:41861], old=null at 0
2019-09-25 04:50:31,259 [b40ef231-6505-402b-ae57-fc0dc67cbbe8@group-FBD7B064AE7B-SegmentedRaftLogWorker] INFO  segmented.SegmentedRaftLogWorker (SegmentedRaftLogWorker.java:execute(569)) - b40ef231-6505-402b-ae57-fc0dc67cbbe8@group-FBD7B064AE7B-SegmentedRaftLogWorker: created new log segment /workdir/hadoop-ozone/integration-test/target/test-dir/MiniOzoneClusterImpl-72f6cbb0-c919-4300-9939-20ef1cbf0e73/datanode-1/data/ratis/c9033707-f260-4089-b6cd-fbd7b064ae7b/current/log_inprogress_0
2019-09-25 04:50:31,271 [b40ef231-6505-402b-ae57-fc0dc67cbbe8@group-D983D7FE8BDB-SegmentedRaftLogWorker] INFO  segmented.SegmentedRaftLogWorker (SegmentedRaftLogWorker.java:execute(569)) - b40ef231-6505-402b-ae57-fc0dc67cbbe8@group-D983D7FE8BDB-SegmentedRaftLogWorker: created new log segment /workdir/hadoop-ozone/integration-test/target/test-dir/MiniOzoneClusterImpl-72f6cbb0-c919-4300-9939-20ef1cbf0e73/datanode-1/data/ratis/4d191ce3-2f7b-4851-a772-d983d7fe8bdb/current/log_inprogress_0
2019-09-25 04:50:31,271 [pool-37-thread-1] INFO  storage.RaftStorage (RaftStorage.java:format(72)) - Storage directory /workdir/hadoop-ozone/integration-test/target/test-dir/MiniOzoneClusterImpl-72f6cbb0-c919-4300-9939-20ef1cbf0e73/datanode-1/data/ratis/36f9cd4c-0b0a-48b3-9eec-d6ce7aa0887b has been successfully formatted.
2019-09-25 04:50:31,272 [pool-37-thread-1] INFO  ratis.ContainerStateMachine (ContainerStateMachine.java:loadSnapshot(230)) - group-D6CE7AA0887B: The snapshot info is null. Setting the last applied indexto:(t:0, i:~)
2019-09-25 04:50:31,272 [pool-37-thread-1] INFO  server.RaftServerConfigKeys (ConfUtils.java:logGet(43)) - raft.server.notification.no-leader.timeout = 120s (custom)
2019-09-25 04:50:31,272 [pool-37-thread-1] INFO  server.RaftServerConfigKeys (ConfUtils.java:logGet(43)) - raft.server.log.use.memory = false (default)
2019-09-25 04:50:31,272 [pool-37-thread-1] INFO  server.RaftServerConfigKeys (ConfUtils.java:logGet(43)) - raft.server.log.purge.gap = 1000000 (custom)
2019-09-25 04:50:31,273 [pool-37-thread-1] INFO  server.RaftServerConfigKeys (ConfUtils.java:logGet(43)) - raft.server.log.appender.buffer.byte-limit = 33554432 (custom)
2019-09-25 04:50:31,273 [pool-37-thread-1] INFO  server.RaftServerConfigKeys (ConfUtils.java:logGet(43)) - raft.server.log.segment.size.max = 1048576 (custom)
2019-09-25 04:50:31,273 [pool-37-thread-1] INFO  server.RaftServerConfigKeys (ConfUtils.java:logGet(43)) - raft.server.log.segment.cache.num.max = 2 (custom)
2019-09-25 04:50:31,273 [pool-37-thread-1] INFO  segmented.SegmentedRaftLogWorker (SegmentedRaftLogWorker.java:<init>(172)) - new b40ef231-6505-402b-ae57-fc0dc67cbbe8@group-D6CE7AA0887B-SegmentedRaftLogWorker for RaftStorage:Storage Directory /workdir/hadoop-ozone/integration-test/target/test-dir/MiniOzoneClusterImpl-72f6cbb0-c919-4300-9939-20ef1cbf0e73/datanode-1/data/ratis/36f9cd4c-0b0a-48b3-9eec-d6ce7aa0887b
2019-09-25 04:50:31,273 [pool-37-thread-1] INFO  server.RaftServerConfigKeys (ConfUtils.java:logGet(43)) - raft.server.log.queue.byte-limit = 2147483647 (custom)
2019-09-25 04:50:31,273 [pool-37-thread-1] INFO  server.RaftServerConfigKeys (ConfUtils.java:logGet(43)) - raft.server.log.queue.element-limit = 1024 (custom)
2019-09-25 04:50:31,274 [pool-37-thread-1] INFO  server.RaftServerConfigKeys (ConfUtils.java:logGet(43)) - raft.server.log.segment.size.max = 1048576 (custom)
2019-09-25 04:50:31,274 [pool-37-thread-1] INFO  server.RaftServerConfigKeys (ConfUtils.java:logGet(43)) - raft.server.log.preallocated.size = 16384 (custom)
2019-09-25 04:50:31,274 [pool-37-thread-1] INFO  server.RaftServerConfigKeys (ConfUtils.java:logGet(43)) - raft.server.log.write.buffer.size = 33554432 (custom)
2019-09-25 04:50:31,274 [pool-37-thread-1] INFO  server.RaftServerConfigKeys (ConfUtils.java:logGet(43)) - raft.server.log.force.sync.num = 128 (default)
2019-09-25 04:50:31,274 [pool-37-thread-1] INFO  server.RaftServerConfigKeys (ConfUtils.java:logGet(43)) - raft.server.log.statemachine.data.sync = true (default)
2019-09-25 04:50:31,274 [pool-37-thread-1] INFO  server.RaftServerConfigKeys (ConfUtils.java:logGet(43)) - raft.server.log.statemachine.data.sync.timeout = 10s (default)
2019-09-25 04:50:31,274 [pool-37-thread-1] INFO  server.RaftServerConfigKeys (ConfUtils.java:logGet(43)) - raft.server.log.statemachine.data.sync.timeout.retry = -1 (default)
2019-09-25 04:50:31,275 [pool-37-thread-1] INFO  server.RaftServerConfigKeys (ConfUtils.java:logGet(43)) - raft.server.log.statemachine.data.caching.enabled = true (custom)
2019-09-25 04:50:31,275 [pool-37-thread-1] INFO  segmented.SegmentedRaftLogWorker (SegmentedRaftLogWorker.java:lambda$new$0(132)) - b40ef231-6505-402b-ae57-fc0dc67cbbe8@group-D6CE7AA0887B-SegmentedRaftLogWorker: flushIndex: setUnconditionally 0 -> -1
2019-09-25 04:50:31,275 [pool-37-thread-1] INFO  server.RaftServerConfigKeys (ConfUtils.java:logGet(43)) - raft.server.snapshot.auto.trigger.enabled = true (custom)
2019-09-25 04:50:31,275 [pool-37-thread-1] INFO  server.RaftServerConfigKeys (ConfUtils.java:logGet(43)) - raft.server.snapshot.auto.trigger.threshold = 10000 (custom)
2019-09-25 04:50:31,276 [pool-37-thread-1] INFO  server.RaftServerConfigKeys (ConfUtils.java:logGet(43)) - raft.server.snapshot.retention.num.files = 5 (custom)
2019-09-25 04:50:31,276 [pool-37-thread-1] INFO  server.RaftServerConfigKeys (ConfUtils.java:logGet(43)) - raft.server.retrycache.expirytime = 600000ms (custom)
2019-09-25 04:50:31,278 [pool-37-thread-1] INFO  impl.RaftServerImpl (RaftServerImpl.java:start(185)) - b40ef231-6505-402b-ae57-fc0dc67cbbe8@group-D6CE7AA0887B: start as a follower, conf=-1: [b40ef231-6505-402b-ae57-fc0dc67cbbe8:192.168.151.106:41861], old=null
2019-09-25 04:50:31,278 [pool-37-thread-1] INFO  impl.RaftServerImpl (RaftServerImpl.java:setRole(174)) - b40ef231-6505-402b-ae57-fc0dc67cbbe8@group-D6CE7AA0887B: changes role from      null to FOLLOWER at term 0 for startAsFollower
2019-09-25 04:50:31,279 [pool-37-thread-1] INFO  impl.RoleInfo (RoleInfo.java:updateAndGet(143)) - b40ef231-6505-402b-ae57-fc0dc67cbbe8: start FollowerState
2019-09-25 04:50:31,279 [pool-37-thread-1] INFO  util.JmxRegister (JmxRegister.java:tryRegister(44)) - Successfully registered JMX Bean with object name Ratis:service=RaftServer,group=group-D6CE7AA0887B,id=b40ef231-6505-402b-ae57-fc0dc67cbbe8
2019-09-25 04:50:31,282 [RatisPipelineUtilsThread] INFO  pipeline.PipelineStateManager (PipelineStateManager.java:addPipeline(56)) - Created pipeline Pipeline[ Id: 36f9cd4c-0b0a-48b3-9eec-d6ce7aa0887b, Nodes: b40ef231-6505-402b-ae57-fc0dc67cbbe8{ip: 192.168.151.106, host: pr-hdds-1569-x2sr2-3486766547, networkLocation: /default-rack, certSerialId: null}, Type:RATIS, Factor:ONE, State:OPEN]
2019-09-25 04:50:31,289 [grpc-default-executor-0] INFO  impl.RaftServerProxy (RaftServerProxy.java:addNew(89)) - 4f7802c6-3418-4fbd-b0c6-a8e36fcecb0a: addNew group-AC4628CB5F93:[4f7802c6-3418-4fbd-b0c6-a8e36fcecb0a:192.168.151.106:42026] returns group-AC4628CB5F93:java.util.concurrent.CompletableFuture@2f16d67b[Not completed]
2019-09-25 04:50:31,290 [pool-57-thread-1] INFO  impl.RaftServerImpl (RaftServerImpl.java:<init>(95)) - 4f7802c6-3418-4fbd-b0c6-a8e36fcecb0a: new RaftServerImpl for group-AC4628CB5F93:[4f7802c6-3418-4fbd-b0c6-a8e36fcecb0a:192.168.151.106:42026] with ContainerStateMachine:uninitialized
2019-09-25 04:50:31,290 [pool-57-thread-1] INFO  server.RaftServerConfigKeys (ConfUtils.java:logGet(43)) - raft.server.rpc.timeout.min = 5s (custom)
2019-09-25 04:50:31,290 [pool-57-thread-1] INFO  server.RaftServerConfigKeys (ConfUtils.java:logGet(43)) - raft.server.rpc.timeout.max = 5200ms (custom)
2019-09-25 04:50:31,291 [pool-57-thread-1] INFO  server.RaftServerConfigKeys (ConfUtils.java:logGet(43)) - raft.server.rpcslowness.timeout = 120s (custom)
2019-09-25 04:50:31,291 [pool-57-thread-1] INFO  server.RaftServerConfigKeys (ConfUtils.java:logGet(43)) - raft.server.sleep.deviation.threshold = 300 (default)
2019-09-25 04:50:31,291 [pool-57-thread-1] INFO  server.RaftServerConfigKeys (ConfUtils.java:logGet(43)) - raft.server.log.appender.install.snapshot.enabled = false (custom)
2019-09-25 04:50:31,291 [pool-57-thread-1] INFO  impl.RaftServerImpl (ServerState.java:<init>(103)) - 4f7802c6-3418-4fbd-b0c6-a8e36fcecb0a@group-AC4628CB5F93: ConfigurationManager, init=-1: [4f7802c6-3418-4fbd-b0c6-a8e36fcecb0a:192.168.151.106:42026], old=null, confs=<EMPTY_MAP>
2019-09-25 04:50:31,291 [pool-57-thread-1] INFO  server.RaftServerConfigKeys (ConfUtils.java:logGet(43)) - raft.server.storage.dir = [/workdir/hadoop-ozone/integration-test/target/test-dir/MiniOzoneClusterImpl-72f6cbb0-c919-4300-9939-20ef1cbf0e73/datanode-3/data/ratis] (custom)
2019-09-25 04:50:31,292 [pool-57-thread-1] INFO  storage.RaftStorageDirectory (RaftStorageDirectory.java:analyzeStorage(246)) - The storage directory /workdir/hadoop-ozone/integration-test/target/test-dir/MiniOzoneClusterImpl-72f6cbb0-c919-4300-9939-20ef1cbf0e73/datanode-3/data/ratis/f9585376-12aa-4b27-9a83-ac4628cb5f93 does not exist. Creating ...
2019-09-25 04:50:31,326 [pool-57-thread-1] INFO  storage.RaftStorageDirectory (RaftStorageDirectory.java:tryLock(328)) - Lock on /workdir/hadoop-ozone/integration-test/target/test-dir/MiniOzoneClusterImpl-72f6cbb0-c919-4300-9939-20ef1cbf0e73/datanode-3/data/ratis/f9585376-12aa-4b27-9a83-ac4628cb5f93/in_use.lock acquired by nodename 13648@pr-hdds-1569-x2sr2-3486766547
2019-09-25 04:50:31,375 [pool-57-thread-1] INFO  storage.RaftStorage (RaftStorage.java:format(72)) - Storage directory /workdir/hadoop-ozone/integration-test/target/test-dir/MiniOzoneClusterImpl-72f6cbb0-c919-4300-9939-20ef1cbf0e73/datanode-3/data/ratis/f9585376-12aa-4b27-9a83-ac4628cb5f93 has been successfully formatted.
2019-09-25 04:50:31,376 [pool-57-thread-1] INFO  ratis.ContainerStateMachine (ContainerStateMachine.java:loadSnapshot(230)) - group-AC4628CB5F93: The snapshot info is null. Setting the last applied indexto:(t:0, i:~)
2019-09-25 04:50:31,376 [pool-57-thread-1] INFO  server.RaftServerConfigKeys (ConfUtils.java:logGet(43)) - raft.server.notification.no-leader.timeout = 120s (custom)
2019-09-25 04:50:31,376 [pool-57-thread-1] INFO  server.RaftServerConfigKeys (ConfUtils.java:logGet(43)) - raft.server.log.use.memory = false (default)
2019-09-25 04:50:31,376 [pool-57-thread-1] INFO  server.RaftServerConfigKeys (ConfUtils.java:logGet(43)) - raft.server.log.purge.gap = 1000000 (custom)
2019-09-25 04:50:31,376 [pool-57-thread-1] INFO  server.RaftServerConfigKeys (ConfUtils.java:logGet(43)) - raft.server.log.appender.buffer.byte-limit = 33554432 (custom)
2019-09-25 04:50:31,377 [pool-57-thread-1] INFO  server.RaftServerConfigKeys (ConfUtils.java:logGet(43)) - raft.server.log.segment.size.max = 1048576 (custom)
2019-09-25 04:50:31,377 [pool-57-thread-1] INFO  server.RaftServerConfigKeys (ConfUtils.java:logGet(43)) - raft.server.log.segment.cache.num.max = 2 (custom)
2019-09-25 04:50:31,377 [pool-57-thread-1] INFO  segmented.SegmentedRaftLogWorker (SegmentedRaftLogWorker.java:<init>(172)) - new 4f7802c6-3418-4fbd-b0c6-a8e36fcecb0a@group-AC4628CB5F93-SegmentedRaftLogWorker for RaftStorage:Storage Directory /workdir/hadoop-ozone/integration-test/target/test-dir/MiniOzoneClusterImpl-72f6cbb0-c919-4300-9939-20ef1cbf0e73/datanode-3/data/ratis/f9585376-12aa-4b27-9a83-ac4628cb5f93
2019-09-25 04:50:31,377 [pool-57-thread-1] INFO  server.RaftServerConfigKeys (ConfUtils.java:logGet(43)) - raft.server.log.queue.byte-limit = 2147483647 (custom)
2019-09-25 04:50:31,377 [pool-57-thread-1] INFO  server.RaftServerConfigKeys (ConfUtils.java:logGet(43)) - raft.server.log.queue.element-limit = 1024 (custom)
2019-09-25 04:50:31,377 [pool-57-thread-1] INFO  server.RaftServerConfigKeys (ConfUtils.java:logGet(43)) - raft.server.log.segment.size.max = 1048576 (custom)
2019-09-25 04:50:31,378 [pool-57-thread-1] INFO  server.RaftServerConfigKeys (ConfUtils.java:logGet(43)) - raft.server.log.preallocated.size = 16384 (custom)
2019-09-25 04:50:31,378 [pool-57-thread-1] INFO  server.RaftServerConfigKeys (ConfUtils.java:logGet(43)) - raft.server.log.write.buffer.size = 33554432 (custom)
2019-09-25 04:50:31,378 [pool-57-thread-1] INFO  server.RaftServerConfigKeys (ConfUtils.java:logGet(43)) - raft.server.log.force.sync.num = 128 (default)
2019-09-25 04:50:31,378 [pool-57-thread-1] INFO  server.RaftServerConfigKeys (ConfUtils.java:logGet(43)) - raft.server.log.statemachine.data.sync = true (default)
2019-09-25 04:50:31,378 [pool-57-thread-1] INFO  server.RaftServerConfigKeys (ConfUtils.java:logGet(43)) - raft.server.log.statemachine.data.sync.timeout = 10s (default)
2019-09-25 04:50:31,378 [pool-57-thread-1] INFO  server.RaftServerConfigKeys (ConfUtils.java:logGet(43)) - raft.server.log.statemachine.data.sync.timeout.retry = -1 (default)
2019-09-25 04:50:31,379 [pool-57-thread-1] INFO  server.RaftServerConfigKeys (ConfUtils.java:logGet(43)) - raft.server.log.statemachine.data.caching.enabled = true (custom)
2019-09-25 04:50:31,379 [pool-57-thread-1] INFO  segmented.SegmentedRaftLogWorker (SegmentedRaftLogWorker.java:lambda$new$0(132)) - 4f7802c6-3418-4fbd-b0c6-a8e36fcecb0a@group-AC4628CB5F93-SegmentedRaftLogWorker: flushIndex: setUnconditionally 0 -> -1
2019-09-25 04:50:31,379 [pool-57-thread-1] INFO  server.RaftServerConfigKeys (ConfUtils.java:logGet(43)) - raft.server.snapshot.auto.trigger.enabled = true (custom)
2019-09-25 04:50:31,379 [pool-57-thread-1] INFO  server.RaftServerConfigKeys (ConfUtils.java:logGet(43)) - raft.server.snapshot.auto.trigger.threshold = 10000 (custom)
2019-09-25 04:50:31,379 [pool-57-thread-1] INFO  server.RaftServerConfigKeys (ConfUtils.java:logGet(43)) - raft.server.snapshot.retention.num.files = 5 (custom)
2019-09-25 04:50:31,380 [pool-57-thread-1] INFO  server.RaftServerConfigKeys (ConfUtils.java:logGet(43)) - raft.server.retrycache.expirytime = 600000ms (custom)
2019-09-25 04:50:31,382 [pool-57-thread-1] INFO  impl.RaftServerImpl (RaftServerImpl.java:start(185)) - 4f7802c6-3418-4fbd-b0c6-a8e36fcecb0a@group-AC4628CB5F93: start as a follower, conf=-1: [4f7802c6-3418-4fbd-b0c6-a8e36fcecb0a:192.168.151.106:42026], old=null
2019-09-25 04:50:31,382 [pool-57-thread-1] INFO  impl.RaftServerImpl (RaftServerImpl.java:setRole(174)) - 4f7802c6-3418-4fbd-b0c6-a8e36fcecb0a@group-AC4628CB5F93: changes role from      null to FOLLOWER at term 0 for startAsFollower
2019-09-25 04:50:31,383 [pool-57-thread-1] INFO  impl.RoleInfo (RoleInfo.java:updateAndGet(143)) - 4f7802c6-3418-4fbd-b0c6-a8e36fcecb0a: start FollowerState
2019-09-25 04:50:31,383 [pool-57-thread-1] INFO  util.JmxRegister (JmxRegister.java:tryRegister(44)) - Successfully registered JMX Bean with object name Ratis:service=RaftServer,group=group-AC4628CB5F93,id=4f7802c6-3418-4fbd-b0c6-a8e36fcecb0a
2019-09-25 04:50:31,386 [RatisPipelineUtilsThread] INFO  pipeline.PipelineStateManager (PipelineStateManager.java:addPipeline(56)) - Created pipeline Pipeline[ Id: f9585376-12aa-4b27-9a83-ac4628cb5f93, Nodes: 4f7802c6-3418-4fbd-b0c6-a8e36fcecb0a{ip: 192.168.151.106, host: pr-hdds-1569-x2sr2-3486766547, networkLocation: /default-rack, certSerialId: null}, Type:RATIS, Factor:ONE, State:OPEN]
2019-09-25 04:50:31,393 [grpc-default-executor-0] INFO  impl.RaftServerProxy (RaftServerProxy.java:addNew(89)) - 45f1801e-7cfd-420a-bb39-98f19dcc81c3: addNew group-5350E354539A:[45f1801e-7cfd-420a-bb39-98f19dcc81c3:192.168.151.106:38437] returns group-5350E354539A:java.util.concurrent.CompletableFuture@3c0f4754[Not completed]
2019-09-25 04:50:31,394 [pool-87-thread-1] INFO  impl.RaftServerImpl (RaftServerImpl.java:<init>(95)) - 45f1801e-7cfd-420a-bb39-98f19dcc81c3: new RaftServerImpl for group-5350E354539A:[45f1801e-7cfd-420a-bb39-98f19dcc81c3:192.168.151.106:38437] with ContainerStateMachine:uninitialized
2019-09-25 04:50:31,395 [pool-87-thread-1] INFO  server.RaftServerConfigKeys (ConfUtils.java:logGet(43)) - raft.server.rpc.timeout.min = 5s (custom)
2019-09-25 04:50:31,395 [pool-87-thread-1] INFO  server.RaftServerConfigKeys (ConfUtils.java:logGet(43)) - raft.server.rpc.timeout.max = 5200ms (custom)
2019-09-25 04:50:31,395 [pool-87-thread-1] INFO  server.RaftServerConfigKeys (ConfUtils.java:logGet(43)) - raft.server.rpcslowness.timeout = 120s (custom)
2019-09-25 04:50:31,395 [pool-87-thread-1] INFO  server.RaftServerConfigKeys (ConfUtils.java:logGet(43)) - raft.server.sleep.deviation.threshold = 300 (default)
2019-09-25 04:50:31,395 [pool-87-thread-1] INFO  server.RaftServerConfigKeys (ConfUtils.java:logGet(43)) - raft.server.log.appender.install.snapshot.enabled = false (custom)
2019-09-25 04:50:31,395 [pool-87-thread-1] INFO  impl.RaftServerImpl (ServerState.java:<init>(103)) - 45f1801e-7cfd-420a-bb39-98f19dcc81c3@group-5350E354539A: ConfigurationManager, init=-1: [45f1801e-7cfd-420a-bb39-98f19dcc81c3:192.168.151.106:38437], old=null, confs=<EMPTY_MAP>
2019-09-25 04:50:31,396 [pool-87-thread-1] INFO  server.RaftServerConfigKeys (ConfUtils.java:logGet(43)) - raft.server.storage.dir = [/workdir/hadoop-ozone/integration-test/target/test-dir/MiniOzoneClusterImpl-72f6cbb0-c919-4300-9939-20ef1cbf0e73/datanode-6/data/ratis] (custom)
2019-09-25 04:50:31,396 [pool-87-thread-1] INFO  storage.RaftStorageDirectory (RaftStorageDirectory.java:analyzeStorage(246)) - The storage directory /workdir/hadoop-ozone/integration-test/target/test-dir/MiniOzoneClusterImpl-72f6cbb0-c919-4300-9939-20ef1cbf0e73/datanode-6/data/ratis/78193b05-7909-4164-a7cb-5350e354539a does not exist. Creating ...
2019-09-25 04:50:31,409 [pool-87-thread-1] INFO  storage.RaftStorageDirectory (RaftStorageDirectory.java:tryLock(328)) - Lock on /workdir/hadoop-ozone/integration-test/target/test-dir/MiniOzoneClusterImpl-72f6cbb0-c919-4300-9939-20ef1cbf0e73/datanode-6/data/ratis/78193b05-7909-4164-a7cb-5350e354539a/in_use.lock acquired by nodename 13648@pr-hdds-1569-x2sr2-3486766547
2019-09-25 04:50:31,423 [pool-87-thread-1] INFO  storage.RaftStorage (RaftStorage.java:format(72)) - Storage directory /workdir/hadoop-ozone/integration-test/target/test-dir/MiniOzoneClusterImpl-72f6cbb0-c919-4300-9939-20ef1cbf0e73/datanode-6/data/ratis/78193b05-7909-4164-a7cb-5350e354539a has been successfully formatted.
2019-09-25 04:50:31,423 [pool-87-thread-1] INFO  ratis.ContainerStateMachine (ContainerStateMachine.java:loadSnapshot(230)) - group-5350E354539A: The snapshot info is null. Setting the last applied indexto:(t:0, i:~)
2019-09-25 04:50:31,423 [pool-87-thread-1] INFO  server.RaftServerConfigKeys (ConfUtils.java:logGet(43)) - raft.server.notification.no-leader.timeout = 120s (custom)
2019-09-25 04:50:31,423 [pool-87-thread-1] INFO  server.RaftServerConfigKeys (ConfUtils.java:logGet(43)) - raft.server.log.use.memory = false (default)
2019-09-25 04:50:31,423 [pool-87-thread-1] INFO  server.RaftServerConfigKeys (ConfUtils.java:logGet(43)) - raft.server.log.purge.gap = 1000000 (custom)
2019-09-25 04:50:31,424 [pool-87-thread-1] INFO  server.RaftServerConfigKeys (ConfUtils.java:logGet(43)) - raft.server.log.appender.buffer.byte-limit = 33554432 (custom)
2019-09-25 04:50:31,424 [pool-87-thread-1] INFO  server.RaftServerConfigKeys (ConfUtils.java:logGet(43)) - raft.server.log.segment.size.max = 1048576 (custom)
2019-09-25 04:50:31,424 [pool-87-thread-1] INFO  server.RaftServerConfigKeys (ConfUtils.java:logGet(43)) - raft.server.log.segment.cache.num.max = 2 (custom)
2019-09-25 04:50:31,424 [pool-87-thread-1] INFO  segmented.SegmentedRaftLogWorker (SegmentedRaftLogWorker.java:<init>(172)) - new 45f1801e-7cfd-420a-bb39-98f19dcc81c3@group-5350E354539A-SegmentedRaftLogWorker for RaftStorage:Storage Directory /workdir/hadoop-ozone/integration-test/target/test-dir/MiniOzoneClusterImpl-72f6cbb0-c919-4300-9939-20ef1cbf0e73/datanode-6/data/ratis/78193b05-7909-4164-a7cb-5350e354539a
2019-09-25 04:50:31,424 [pool-87-thread-1] INFO  server.RaftServerConfigKeys (ConfUtils.java:logGet(43)) - raft.server.log.queue.byte-limit = 2147483647 (custom)
2019-09-25 04:50:31,424 [pool-87-thread-1] INFO  server.RaftServerConfigKeys (ConfUtils.java:logGet(43)) - raft.server.log.queue.element-limit = 1024 (custom)
2019-09-25 04:50:31,424 [pool-87-thread-1] INFO  server.RaftServerConfigKeys (ConfUtils.java:logGet(43)) - raft.server.log.segment.size.max = 1048576 (custom)
2019-09-25 04:50:31,425 [pool-87-thread-1] INFO  server.RaftServerConfigKeys (ConfUtils.java:logGet(43)) - raft.server.log.preallocated.size = 16384 (custom)
2019-09-25 04:50:31,425 [pool-87-thread-1] INFO  server.RaftServerConfigKeys (ConfUtils.java:logGet(43)) - raft.server.log.write.buffer.size = 33554432 (custom)
2019-09-25 04:50:31,425 [pool-87-thread-1] INFO  server.RaftServerConfigKeys (ConfUtils.java:logGet(43)) - raft.server.log.force.sync.num = 128 (default)
2019-09-25 04:50:31,425 [pool-87-thread-1] INFO  server.RaftServerConfigKeys (ConfUtils.java:logGet(43)) - raft.server.log.statemachine.data.sync = true (default)
2019-09-25 04:50:31,425 [pool-87-thread-1] INFO  server.RaftServerConfigKeys (ConfUtils.java:logGet(43)) - raft.server.log.statemachine.data.sync.timeout = 10s (default)
2019-09-25 04:50:31,425 [pool-87-thread-1] INFO  server.RaftServerConfigKeys (ConfUtils.java:logGet(43)) - raft.server.log.statemachine.data.sync.timeout.retry = -1 (default)
2019-09-25 04:50:31,425 [pool-87-thread-1] INFO  server.RaftServerConfigKeys (ConfUtils.java:logGet(43)) - raft.server.log.statemachine.data.caching.enabled = true (custom)
2019-09-25 04:50:31,426 [pool-87-thread-1] INFO  segmented.SegmentedRaftLogWorker (SegmentedRaftLogWorker.java:lambda$new$0(132)) - 45f1801e-7cfd-420a-bb39-98f19dcc81c3@group-5350E354539A-SegmentedRaftLogWorker: flushIndex: setUnconditionally 0 -> -1
2019-09-25 04:50:31,426 [pool-87-thread-1] INFO  server.RaftServerConfigKeys (ConfUtils.java:logGet(43)) - raft.server.snapshot.auto.trigger.enabled = true (custom)
2019-09-25 04:50:31,426 [pool-87-thread-1] INFO  server.RaftServerConfigKeys (ConfUtils.java:logGet(43)) - raft.server.snapshot.auto.trigger.threshold = 10000 (custom)
2019-09-25 04:50:31,426 [pool-87-thread-1] INFO  server.RaftServerConfigKeys (ConfUtils.java:logGet(43)) - raft.server.snapshot.retention.num.files = 5 (custom)
2019-09-25 04:50:31,427 [pool-87-thread-1] INFO  server.RaftServerConfigKeys (ConfUtils.java:logGet(43)) - raft.server.retrycache.expirytime = 600000ms (custom)
2019-09-25 04:50:31,429 [pool-87-thread-1] INFO  impl.RaftServerImpl (RaftServerImpl.java:start(185)) - 45f1801e-7cfd-420a-bb39-98f19dcc81c3@group-5350E354539A: start as a follower, conf=-1: [45f1801e-7cfd-420a-bb39-98f19dcc81c3:192.168.151.106:38437], old=null
2019-09-25 04:50:31,429 [pool-87-thread-1] INFO  impl.RaftServerImpl (RaftServerImpl.java:setRole(174)) - 45f1801e-7cfd-420a-bb39-98f19dcc81c3@group-5350E354539A: changes role from      null to FOLLOWER at term 0 for startAsFollower
2019-09-25 04:50:31,429 [pool-87-thread-1] INFO  impl.RoleInfo (RoleInfo.java:updateAndGet(143)) - 45f1801e-7cfd-420a-bb39-98f19dcc81c3: start FollowerState
2019-09-25 04:50:31,429 [pool-87-thread-1] INFO  util.JmxRegister (JmxRegister.java:tryRegister(44)) - Successfully registered JMX Bean with object name Ratis:service=RaftServer,group=group-5350E354539A,id=45f1801e-7cfd-420a-bb39-98f19dcc81c3
2019-09-25 04:50:31,432 [RatisPipelineUtilsThread] INFO  pipeline.PipelineStateManager (PipelineStateManager.java:addPipeline(56)) - Created pipeline Pipeline[ Id: 78193b05-7909-4164-a7cb-5350e354539a, Nodes: 45f1801e-7cfd-420a-bb39-98f19dcc81c3{ip: 192.168.151.106, host: pr-hdds-1569-x2sr2-3486766547, networkLocation: /default-rack, certSerialId: null}, Type:RATIS, Factor:ONE, State:OPEN]
2019-09-25 04:50:31,437 [grpc-default-executor-0] INFO  impl.RaftServerProxy (RaftServerProxy.java:addNew(89)) - 4f7802c6-3418-4fbd-b0c6-a8e36fcecb0a: addNew group-BCA7C703316B:[4f7802c6-3418-4fbd-b0c6-a8e36fcecb0a:192.168.151.106:42026] returns group-BCA7C703316B:java.util.concurrent.CompletableFuture@7e9b5c27[Not completed]
2019-09-25 04:50:31,439 [pool-57-thread-1] INFO  impl.RaftServerImpl (RaftServerImpl.java:<init>(95)) - 4f7802c6-3418-4fbd-b0c6-a8e36fcecb0a: new RaftServerImpl for group-BCA7C703316B:[4f7802c6-3418-4fbd-b0c6-a8e36fcecb0a:192.168.151.106:42026] with ContainerStateMachine:uninitialized
2019-09-25 04:50:31,439 [pool-57-thread-1] INFO  server.RaftServerConfigKeys (ConfUtils.java:logGet(43)) - raft.server.rpc.timeout.min = 5s (custom)
2019-09-25 04:50:31,439 [pool-57-thread-1] INFO  server.RaftServerConfigKeys (ConfUtils.java:logGet(43)) - raft.server.rpc.timeout.max = 5200ms (custom)
2019-09-25 04:50:31,439 [pool-57-thread-1] INFO  server.RaftServerConfigKeys (ConfUtils.java:logGet(43)) - raft.server.rpcslowness.timeout = 120s (custom)
2019-09-25 04:50:31,439 [pool-57-thread-1] INFO  server.RaftServerConfigKeys (ConfUtils.java:logGet(43)) - raft.server.sleep.deviation.threshold = 300 (default)
2019-09-25 04:50:31,439 [pool-57-thread-1] INFO  server.RaftServerConfigKeys (ConfUtils.java:logGet(43)) - raft.server.log.appender.install.snapshot.enabled = false (custom)
2019-09-25 04:50:31,439 [pool-57-thread-1] INFO  impl.RaftServerImpl (ServerState.java:<init>(103)) - 4f7802c6-3418-4fbd-b0c6-a8e36fcecb0a@group-BCA7C703316B: ConfigurationManager, init=-1: [4f7802c6-3418-4fbd-b0c6-a8e36fcecb0a:192.168.151.106:42026], old=null, confs=<EMPTY_MAP>
2019-09-25 04:50:31,440 [pool-57-thread-1] INFO  server.RaftServerConfigKeys (ConfUtils.java:logGet(43)) - raft.server.storage.dir = [/workdir/hadoop-ozone/integration-test/target/test-dir/MiniOzoneClusterImpl-72f6cbb0-c919-4300-9939-20ef1cbf0e73/datanode-3/data/ratis] (custom)
2019-09-25 04:50:31,440 [pool-57-thread-1] INFO  storage.RaftStorageDirectory (RaftStorageDirectory.java:analyzeStorage(246)) - The storage directory /workdir/hadoop-ozone/integration-test/target/test-dir/MiniOzoneClusterImpl-72f6cbb0-c919-4300-9939-20ef1cbf0e73/datanode-3/data/ratis/5b1e79bf-d1d2-4a7a-be87-bca7c703316b does not exist. Creating ...
2019-09-25 04:50:31,454 [pool-57-thread-1] INFO  storage.RaftStorageDirectory (RaftStorageDirectory.java:tryLock(328)) - Lock on /workdir/hadoop-ozone/integration-test/target/test-dir/MiniOzoneClusterImpl-72f6cbb0-c919-4300-9939-20ef1cbf0e73/datanode-3/data/ratis/5b1e79bf-d1d2-4a7a-be87-bca7c703316b/in_use.lock acquired by nodename 13648@pr-hdds-1569-x2sr2-3486766547
2019-09-25 04:50:31,467 [pool-57-thread-1] INFO  storage.RaftStorage (RaftStorage.java:format(72)) - Storage directory /workdir/hadoop-ozone/integration-test/target/test-dir/MiniOzoneClusterImpl-72f6cbb0-c919-4300-9939-20ef1cbf0e73/datanode-3/data/ratis/5b1e79bf-d1d2-4a7a-be87-bca7c703316b has been successfully formatted.
2019-09-25 04:50:31,468 [pool-57-thread-1] INFO  ratis.ContainerStateMachine (ContainerStateMachine.java:loadSnapshot(230)) - group-BCA7C703316B: The snapshot info is null. Setting the last applied indexto:(t:0, i:~)
2019-09-25 04:50:31,468 [pool-57-thread-1] INFO  server.RaftServerConfigKeys (ConfUtils.java:logGet(43)) - raft.server.notification.no-leader.timeout = 120s (custom)
2019-09-25 04:50:31,468 [pool-57-thread-1] INFO  server.RaftServerConfigKeys (ConfUtils.java:logGet(43)) - raft.server.log.use.memory = false (default)
2019-09-25 04:50:31,468 [pool-57-thread-1] INFO  server.RaftServerConfigKeys (ConfUtils.java:logGet(43)) - raft.server.log.purge.gap = 1000000 (custom)
2019-09-25 04:50:31,468 [pool-57-thread-1] INFO  server.RaftServerConfigKeys (ConfUtils.java:logGet(43)) - raft.server.log.appender.buffer.byte-limit = 33554432 (custom)
2019-09-25 04:50:31,469 [pool-57-thread-1] INFO  server.RaftServerConfigKeys (ConfUtils.java:logGet(43)) - raft.server.log.segment.size.max = 1048576 (custom)
2019-09-25 04:50:31,469 [pool-57-thread-1] INFO  server.RaftServerConfigKeys (ConfUtils.java:logGet(43)) - raft.server.log.segment.cache.num.max = 2 (custom)
2019-09-25 04:50:31,469 [pool-57-thread-1] INFO  segmented.SegmentedRaftLogWorker (SegmentedRaftLogWorker.java:<init>(172)) - new 4f7802c6-3418-4fbd-b0c6-a8e36fcecb0a@group-BCA7C703316B-SegmentedRaftLogWorker for RaftStorage:Storage Directory /workdir/hadoop-ozone/integration-test/target/test-dir/MiniOzoneClusterImpl-72f6cbb0-c919-4300-9939-20ef1cbf0e73/datanode-3/data/ratis/5b1e79bf-d1d2-4a7a-be87-bca7c703316b
2019-09-25 04:50:31,469 [pool-57-thread-1] INFO  server.RaftServerConfigKeys (ConfUtils.java:logGet(43)) - raft.server.log.queue.byte-limit = 2147483647 (custom)
2019-09-25 04:50:31,469 [pool-57-thread-1] INFO  server.RaftServerConfigKeys (ConfUtils.java:logGet(43)) - raft.server.log.queue.element-limit = 1024 (custom)
2019-09-25 04:50:31,469 [pool-57-thread-1] INFO  server.RaftServerConfigKeys (ConfUtils.java:logGet(43)) - raft.server.log.segment.size.max = 1048576 (custom)
2019-09-25 04:50:31,470 [pool-57-thread-1] INFO  server.RaftServerConfigKeys (ConfUtils.java:logGet(43)) - raft.server.log.preallocated.size = 16384 (custom)
2019-09-25 04:50:31,470 [pool-57-thread-1] INFO  server.RaftServerConfigKeys (ConfUtils.java:logGet(43)) - raft.server.log.write.buffer.size = 33554432 (custom)
2019-09-25 04:50:31,470 [pool-57-thread-1] INFO  server.RaftServerConfigKeys (ConfUtils.java:logGet(43)) - raft.server.log.force.sync.num = 128 (default)
2019-09-25 04:50:31,470 [pool-57-thread-1] INFO  server.RaftServerConfigKeys (ConfUtils.java:logGet(43)) - raft.server.log.statemachine.data.sync = true (default)
2019-09-25 04:50:31,470 [pool-57-thread-1] INFO  server.RaftServerConfigKeys (ConfUtils.java:logGet(43)) - raft.server.log.statemachine.data.sync.timeout = 10s (default)
2019-09-25 04:50:31,470 [pool-57-thread-1] INFO  server.RaftServerConfigKeys (ConfUtils.java:logGet(43)) - raft.server.log.statemachine.data.sync.timeout.retry = -1 (default)
2019-09-25 04:50:31,470 [pool-57-thread-1] INFO  server.RaftServerConfigKeys (ConfUtils.java:logGet(43)) - raft.server.log.statemachine.data.caching.enabled = true (custom)
2019-09-25 04:50:31,471 [pool-57-thread-1] INFO  segmented.SegmentedRaftLogWorker (SegmentedRaftLogWorker.java:lambda$new$0(132)) - 4f7802c6-3418-4fbd-b0c6-a8e36fcecb0a@group-BCA7C703316B-SegmentedRaftLogWorker: flushIndex: setUnconditionally 0 -> -1
2019-09-25 04:50:31,471 [pool-57-thread-1] INFO  server.RaftServerConfigKeys (ConfUtils.java:logGet(43)) - raft.server.snapshot.auto.trigger.enabled = true (custom)
2019-09-25 04:50:31,471 [pool-57-thread-1] INFO  server.RaftServerConfigKeys (ConfUtils.java:logGet(43)) - raft.server.snapshot.auto.trigger.threshold = 10000 (custom)
2019-09-25 04:50:31,471 [pool-57-thread-1] INFO  server.RaftServerConfigKeys (ConfUtils.java:logGet(43)) - raft.server.snapshot.retention.num.files = 5 (custom)
2019-09-25 04:50:31,472 [pool-57-thread-1] INFO  server.RaftServerConfigKeys (ConfUtils.java:logGet(43)) - raft.server.retrycache.expirytime = 600000ms (custom)
2019-09-25 04:50:31,474 [pool-57-thread-1] INFO  impl.RaftServerImpl (RaftServerImpl.java:start(185)) - 4f7802c6-3418-4fbd-b0c6-a8e36fcecb0a@group-BCA7C703316B: start as a follower, conf=-1: [4f7802c6-3418-4fbd-b0c6-a8e36fcecb0a:192.168.151.106:42026], old=null
2019-09-25 04:50:31,474 [pool-57-thread-1] INFO  impl.RaftServerImpl (RaftServerImpl.java:setRole(174)) - 4f7802c6-3418-4fbd-b0c6-a8e36fcecb0a@group-BCA7C703316B: changes role from      null to FOLLOWER at term 0 for startAsFollower
2019-09-25 04:50:31,474 [pool-57-thread-1] INFO  impl.RoleInfo (RoleInfo.java:updateAndGet(143)) - 4f7802c6-3418-4fbd-b0c6-a8e36fcecb0a: start FollowerState
2019-09-25 04:50:31,474 [pool-57-thread-1] INFO  util.JmxRegister (JmxRegister.java:tryRegister(44)) - Successfully registered JMX Bean with object name Ratis:service=RaftServer,group=group-BCA7C703316B,id=4f7802c6-3418-4fbd-b0c6-a8e36fcecb0a
2019-09-25 04:50:31,477 [RatisPipelineUtilsThread] INFO  pipeline.PipelineStateManager (PipelineStateManager.java:addPipeline(56)) - Created pipeline Pipeline[ Id: 5b1e79bf-d1d2-4a7a-be87-bca7c703316b, Nodes: 4f7802c6-3418-4fbd-b0c6-a8e36fcecb0a{ip: 192.168.151.106, host: pr-hdds-1569-x2sr2-3486766547, networkLocation: /default-rack, certSerialId: null}, Type:RATIS, Factor:ONE, State:OPEN]
2019-09-25 04:50:31,483 [grpc-default-executor-0] INFO  impl.RaftServerProxy (RaftServerProxy.java:addNew(89)) - aabdae46-dcfa-45e6-b665-2c47bb305ebb: addNew group-8AED9ABD7316:[aabdae46-dcfa-45e6-b665-2c47bb305ebb:192.168.151.106:41436] returns group-8AED9ABD7316:java.util.concurrent.CompletableFuture@675c8d6d[Not completed]
2019-09-25 04:50:31,484 [pool-67-thread-1] INFO  impl.RaftServerImpl (RaftServerImpl.java:<init>(95)) - aabdae46-dcfa-45e6-b665-2c47bb305ebb: new RaftServerImpl for group-8AED9ABD7316:[aabdae46-dcfa-45e6-b665-2c47bb305ebb:192.168.151.106:41436] with ContainerStateMachine:uninitialized
2019-09-25 04:50:31,484 [pool-67-thread-1] INFO  server.RaftServerConfigKeys (ConfUtils.java:logGet(43)) - raft.server.rpc.timeout.min = 5s (custom)
2019-09-25 04:50:31,484 [pool-67-thread-1] INFO  server.RaftServerConfigKeys (ConfUtils.java:logGet(43)) - raft.server.rpc.timeout.max = 5200ms (custom)
2019-09-25 04:50:31,485 [pool-67-thread-1] INFO  server.RaftServerConfigKeys (ConfUtils.java:logGet(43)) - raft.server.rpcslowness.timeout = 120s (custom)
2019-09-25 04:50:31,485 [pool-67-thread-1] INFO  server.RaftServerConfigKeys (ConfUtils.java:logGet(43)) - raft.server.sleep.deviation.threshold = 300 (default)
2019-09-25 04:50:31,485 [pool-67-thread-1] INFO  server.RaftServerConfigKeys (ConfUtils.java:logGet(43)) - raft.server.log.appender.install.snapshot.enabled = false (custom)
2019-09-25 04:50:31,485 [pool-67-thread-1] INFO  impl.RaftServerImpl (ServerState.java:<init>(103)) - aabdae46-dcfa-45e6-b665-2c47bb305ebb@group-8AED9ABD7316: ConfigurationManager, init=-1: [aabdae46-dcfa-45e6-b665-2c47bb305ebb:192.168.151.106:41436], old=null, confs=<EMPTY_MAP>
2019-09-25 04:50:31,485 [pool-67-thread-1] INFO  server.RaftServerConfigKeys (ConfUtils.java:logGet(43)) - raft.server.storage.dir = [/workdir/hadoop-ozone/integration-test/target/test-dir/MiniOzoneClusterImpl-72f6cbb0-c919-4300-9939-20ef1cbf0e73/datanode-4/data/ratis] (custom)
2019-09-25 04:50:31,486 [pool-67-thread-1] INFO  storage.RaftStorageDirectory (RaftStorageDirectory.java:analyzeStorage(246)) - The storage directory /workdir/hadoop-ozone/integration-test/target/test-dir/MiniOzoneClusterImpl-72f6cbb0-c919-4300-9939-20ef1cbf0e73/datanode-4/data/ratis/3eba80a1-ef8e-44a7-b285-8aed9abd7316 does not exist. Creating ...
2019-09-25 04:50:31,498 [pool-67-thread-1] INFO  storage.RaftStorageDirectory (RaftStorageDirectory.java:tryLock(328)) - Lock on /workdir/hadoop-ozone/integration-test/target/test-dir/MiniOzoneClusterImpl-72f6cbb0-c919-4300-9939-20ef1cbf0e73/datanode-4/data/ratis/3eba80a1-ef8e-44a7-b285-8aed9abd7316/in_use.lock acquired by nodename 13648@pr-hdds-1569-x2sr2-3486766547
2019-09-25 04:50:31,511 [pool-67-thread-1] INFO  storage.RaftStorage (RaftStorage.java:format(72)) - Storage directory /workdir/hadoop-ozone/integration-test/target/test-dir/MiniOzoneClusterImpl-72f6cbb0-c919-4300-9939-20ef1cbf0e73/datanode-4/data/ratis/3eba80a1-ef8e-44a7-b285-8aed9abd7316 has been successfully formatted.
2019-09-25 04:50:31,511 [pool-67-thread-1] INFO  ratis.ContainerStateMachine (ContainerStateMachine.java:loadSnapshot(230)) - group-8AED9ABD7316: The snapshot info is null. Setting the last applied indexto:(t:0, i:~)
2019-09-25 04:50:31,511 [pool-67-thread-1] INFO  server.RaftServerConfigKeys (ConfUtils.java:logGet(43)) - raft.server.notification.no-leader.timeout = 120s (custom)
2019-09-25 04:50:31,511 [pool-67-thread-1] INFO  server.RaftServerConfigKeys (ConfUtils.java:logGet(43)) - raft.server.log.use.memory = false (default)
2019-09-25 04:50:31,511 [pool-67-thread-1] INFO  server.RaftServerConfigKeys (ConfUtils.java:logGet(43)) - raft.server.log.purge.gap = 1000000 (custom)
2019-09-25 04:50:31,512 [pool-67-thread-1] INFO  server.RaftServerConfigKeys (ConfUtils.java:logGet(43)) - raft.server.log.appender.buffer.byte-limit = 33554432 (custom)
2019-09-25 04:50:31,512 [pool-67-thread-1] INFO  server.RaftServerConfigKeys (ConfUtils.java:logGet(43)) - raft.server.log.segment.size.max = 1048576 (custom)
2019-09-25 04:50:31,512 [pool-67-thread-1] INFO  server.RaftServerConfigKeys (ConfUtils.java:logGet(43)) - raft.server.log.segment.cache.num.max = 2 (custom)
2019-09-25 04:50:31,512 [pool-67-thread-1] INFO  segmented.SegmentedRaftLogWorker (SegmentedRaftLogWorker.java:<init>(172)) - new aabdae46-dcfa-45e6-b665-2c47bb305ebb@group-8AED9ABD7316-SegmentedRaftLogWorker for RaftStorage:Storage Directory /workdir/hadoop-ozone/integration-test/target/test-dir/MiniOzoneClusterImpl-72f6cbb0-c919-4300-9939-20ef1cbf0e73/datanode-4/data/ratis/3eba80a1-ef8e-44a7-b285-8aed9abd7316
2019-09-25 04:50:31,512 [pool-67-thread-1] INFO  server.RaftServerConfigKeys (ConfUtils.java:logGet(43)) - raft.server.log.queue.byte-limit = 2147483647 (custom)
2019-09-25 04:50:31,512 [pool-67-thread-1] INFO  server.RaftServerConfigKeys (ConfUtils.java:logGet(43)) - raft.server.log.queue.element-limit = 1024 (custom)
2019-09-25 04:50:31,513 [pool-67-thread-1] INFO  server.RaftServerConfigKeys (ConfUtils.java:logGet(43)) - raft.server.log.segment.size.max = 1048576 (custom)
2019-09-25 04:50:31,513 [pool-67-thread-1] INFO  server.RaftServerConfigKeys (ConfUtils.java:logGet(43)) - raft.server.log.preallocated.size = 16384 (custom)
2019-09-25 04:50:31,513 [pool-67-thread-1] INFO  server.RaftServerConfigKeys (ConfUtils.java:logGet(43)) - raft.server.log.write.buffer.size = 33554432 (custom)
2019-09-25 04:50:31,513 [pool-67-thread-1] INFO  server.RaftServerConfigKeys (ConfUtils.java:logGet(43)) - raft.server.log.force.sync.num = 128 (default)
2019-09-25 04:50:31,513 [pool-67-thread-1] INFO  server.RaftServerConfigKeys (ConfUtils.java:logGet(43)) - raft.server.log.statemachine.data.sync = true (default)
2019-09-25 04:50:31,513 [pool-67-thread-1] INFO  server.RaftServerConfigKeys (ConfUtils.java:logGet(43)) - raft.server.log.statemachine.data.sync.timeout = 10s (default)
2019-09-25 04:50:31,513 [pool-67-thread-1] INFO  server.RaftServerConfigKeys (ConfUtils.java:logGet(43)) - raft.server.log.statemachine.data.sync.timeout.retry = -1 (default)
2019-09-25 04:50:31,514 [pool-67-thread-1] INFO  server.RaftServerConfigKeys (ConfUtils.java:logGet(43)) - raft.server.log.statemachine.data.caching.enabled = true (custom)
2019-09-25 04:50:31,514 [pool-67-thread-1] INFO  segmented.SegmentedRaftLogWorker (SegmentedRaftLogWorker.java:lambda$new$0(132)) - aabdae46-dcfa-45e6-b665-2c47bb305ebb@group-8AED9ABD7316-SegmentedRaftLogWorker: flushIndex: setUnconditionally 0 -> -1
2019-09-25 04:50:31,514 [pool-67-thread-1] INFO  server.RaftServerConfigKeys (ConfUtils.java:logGet(43)) - raft.server.snapshot.auto.trigger.enabled = true (custom)
2019-09-25 04:50:31,514 [pool-67-thread-1] INFO  server.RaftServerConfigKeys (ConfUtils.java:logGet(43)) - raft.server.snapshot.auto.trigger.threshold = 10000 (custom)
2019-09-25 04:50:31,515 [pool-67-thread-1] INFO  server.RaftServerConfigKeys (ConfUtils.java:logGet(43)) - raft.server.snapshot.retention.num.files = 5 (custom)
2019-09-25 04:50:31,515 [pool-67-thread-1] INFO  server.RaftServerConfigKeys (ConfUtils.java:logGet(43)) - raft.server.retrycache.expirytime = 600000ms (custom)
2019-09-25 04:50:31,517 [pool-67-thread-1] INFO  impl.RaftServerImpl (RaftServerImpl.java:start(185)) - aabdae46-dcfa-45e6-b665-2c47bb305ebb@group-8AED9ABD7316: start as a follower, conf=-1: [aabdae46-dcfa-45e6-b665-2c47bb305ebb:192.168.151.106:41436], old=null
2019-09-25 04:50:31,517 [pool-67-thread-1] INFO  impl.RaftServerImpl (RaftServerImpl.java:setRole(174)) - aabdae46-dcfa-45e6-b665-2c47bb305ebb@group-8AED9ABD7316: changes role from      null to FOLLOWER at term 0 for startAsFollower
2019-09-25 04:50:31,517 [pool-67-thread-1] INFO  impl.RoleInfo (RoleInfo.java:updateAndGet(143)) - aabdae46-dcfa-45e6-b665-2c47bb305ebb: start FollowerState
2019-09-25 04:50:31,518 [pool-67-thread-1] INFO  util.JmxRegister (JmxRegister.java:tryRegister(44)) - Successfully registered JMX Bean with object name Ratis:service=RaftServer,group=group-8AED9ABD7316,id=aabdae46-dcfa-45e6-b665-2c47bb305ebb
2019-09-25 04:50:31,521 [RatisPipelineUtilsThread] INFO  pipeline.PipelineStateManager (PipelineStateManager.java:addPipeline(56)) - Created pipeline Pipeline[ Id: 3eba80a1-ef8e-44a7-b285-8aed9abd7316, Nodes: aabdae46-dcfa-45e6-b665-2c47bb305ebb{ip: 192.168.151.106, host: pr-hdds-1569-x2sr2-3486766547, networkLocation: /default-rack, certSerialId: null}, Type:RATIS, Factor:ONE, State:OPEN]
2019-09-25 04:50:31,526 [grpc-default-executor-0] INFO  impl.RaftServerProxy (RaftServerProxy.java:addNew(89)) - 4f7802c6-3418-4fbd-b0c6-a8e36fcecb0a: addNew group-98D2158B16EC:[4f7802c6-3418-4fbd-b0c6-a8e36fcecb0a:192.168.151.106:42026] returns group-98D2158B16EC:java.util.concurrent.CompletableFuture@1b202947[Not completed]
2019-09-25 04:50:31,527 [pool-57-thread-1] INFO  impl.RaftServerImpl (RaftServerImpl.java:<init>(95)) - 4f7802c6-3418-4fbd-b0c6-a8e36fcecb0a: new RaftServerImpl for group-98D2158B16EC:[4f7802c6-3418-4fbd-b0c6-a8e36fcecb0a:192.168.151.106:42026] with ContainerStateMachine:uninitialized
2019-09-25 04:50:31,528 [pool-57-thread-1] INFO  server.RaftServerConfigKeys (ConfUtils.java:logGet(43)) - raft.server.rpc.timeout.min = 5s (custom)
2019-09-25 04:50:31,528 [pool-57-thread-1] INFO  server.RaftServerConfigKeys (ConfUtils.java:logGet(43)) - raft.server.rpc.timeout.max = 5200ms (custom)
2019-09-25 04:50:31,528 [pool-57-thread-1] INFO  server.RaftServerConfigKeys (ConfUtils.java:logGet(43)) - raft.server.rpcslowness.timeout = 120s (custom)
2019-09-25 04:50:31,528 [pool-57-thread-1] INFO  server.RaftServerConfigKeys (ConfUtils.java:logGet(43)) - raft.server.sleep.deviation.threshold = 300 (default)
2019-09-25 04:50:31,528 [pool-57-thread-1] INFO  server.RaftServerConfigKeys (ConfUtils.java:logGet(43)) - raft.server.log.appender.install.snapshot.enabled = false (custom)
2019-09-25 04:50:31,528 [pool-57-thread-1] INFO  impl.RaftServerImpl (ServerState.java:<init>(103)) - 4f7802c6-3418-4fbd-b0c6-a8e36fcecb0a@group-98D2158B16EC: ConfigurationManager, init=-1: [4f7802c6-3418-4fbd-b0c6-a8e36fcecb0a:192.168.151.106:42026], old=null, confs=<EMPTY_MAP>
2019-09-25 04:50:31,529 [pool-57-thread-1] INFO  server.RaftServerConfigKeys (ConfUtils.java:logGet(43)) - raft.server.storage.dir = [/workdir/hadoop-ozone/integration-test/target/test-dir/MiniOzoneClusterImpl-72f6cbb0-c919-4300-9939-20ef1cbf0e73/datanode-3/data/ratis] (custom)
2019-09-25 04:50:31,529 [pool-57-thread-1] INFO  storage.RaftStorageDirectory (RaftStorageDirectory.java:analyzeStorage(246)) - The storage directory /workdir/hadoop-ozone/integration-test/target/test-dir/MiniOzoneClusterImpl-72f6cbb0-c919-4300-9939-20ef1cbf0e73/datanode-3/data/ratis/b44abdfc-e76a-4152-93db-98d2158b16ec does not exist. Creating ...
2019-09-25 04:50:31,539 [pool-57-thread-1] INFO  storage.RaftStorageDirectory (RaftStorageDirectory.java:tryLock(328)) - Lock on /workdir/hadoop-ozone/integration-test/target/test-dir/MiniOzoneClusterImpl-72f6cbb0-c919-4300-9939-20ef1cbf0e73/datanode-3/data/ratis/b44abdfc-e76a-4152-93db-98d2158b16ec/in_use.lock acquired by nodename 13648@pr-hdds-1569-x2sr2-3486766547
2019-09-25 04:50:31,554 [pool-57-thread-1] INFO  storage.RaftStorage (RaftStorage.java:format(72)) - Storage directory /workdir/hadoop-ozone/integration-test/target/test-dir/MiniOzoneClusterImpl-72f6cbb0-c919-4300-9939-20ef1cbf0e73/datanode-3/data/ratis/b44abdfc-e76a-4152-93db-98d2158b16ec has been successfully formatted.
2019-09-25 04:50:31,554 [pool-57-thread-1] INFO  ratis.ContainerStateMachine (ContainerStateMachine.java:loadSnapshot(230)) - group-98D2158B16EC: The snapshot info is null. Setting the last applied indexto:(t:0, i:~)
2019-09-25 04:50:31,554 [pool-57-thread-1] INFO  server.RaftServerConfigKeys (ConfUtils.java:logGet(43)) - raft.server.notification.no-leader.timeout = 120s (custom)
2019-09-25 04:50:31,555 [pool-57-thread-1] INFO  server.RaftServerConfigKeys (ConfUtils.java:logGet(43)) - raft.server.log.use.memory = false (default)
2019-09-25 04:50:31,555 [pool-57-thread-1] INFO  server.RaftServerConfigKeys (ConfUtils.java:logGet(43)) - raft.server.log.purge.gap = 1000000 (custom)
2019-09-25 04:50:31,555 [pool-57-thread-1] INFO  server.RaftServerConfigKeys (ConfUtils.java:logGet(43)) - raft.server.log.appender.buffer.byte-limit = 33554432 (custom)
2019-09-25 04:50:31,555 [pool-57-thread-1] INFO  server.RaftServerConfigKeys (ConfUtils.java:logGet(43)) - raft.server.log.segment.size.max = 1048576 (custom)
2019-09-25 04:50:31,555 [pool-57-thread-1] INFO  server.RaftServerConfigKeys (ConfUtils.java:logGet(43)) - raft.server.log.segment.cache.num.max = 2 (custom)
2019-09-25 04:50:31,555 [pool-57-thread-1] INFO  segmented.SegmentedRaftLogWorker (SegmentedRaftLogWorker.java:<init>(172)) - new 4f7802c6-3418-4fbd-b0c6-a8e36fcecb0a@group-98D2158B16EC-SegmentedRaftLogWorker for RaftStorage:Storage Directory /workdir/hadoop-ozone/integration-test/target/test-dir/MiniOzoneClusterImpl-72f6cbb0-c919-4300-9939-20ef1cbf0e73/datanode-3/data/ratis/b44abdfc-e76a-4152-93db-98d2158b16ec
2019-09-25 04:50:31,556 [pool-57-thread-1] INFO  server.RaftServerConfigKeys (ConfUtils.java:logGet(43)) - raft.server.log.queue.byte-limit = 2147483647 (custom)
2019-09-25 04:50:31,556 [pool-57-thread-1] INFO  server.RaftServerConfigKeys (ConfUtils.java:logGet(43)) - raft.server.log.queue.element-limit = 1024 (custom)
2019-09-25 04:50:31,556 [pool-57-thread-1] INFO  server.RaftServerConfigKeys (ConfUtils.java:logGet(43)) - raft.server.log.segment.size.max = 1048576 (custom)
2019-09-25 04:50:31,556 [pool-57-thread-1] INFO  server.RaftServerConfigKeys (ConfUtils.java:logGet(43)) - raft.server.log.preallocated.size = 16384 (custom)
2019-09-25 04:50:31,556 [pool-57-thread-1] INFO  server.RaftServerConfigKeys (ConfUtils.java:logGet(43)) - raft.server.log.write.buffer.size = 33554432 (custom)
2019-09-25 04:50:31,556 [pool-57-thread-1] INFO  server.RaftServerConfigKeys (ConfUtils.java:logGet(43)) - raft.server.log.force.sync.num = 128 (default)
2019-09-25 04:50:31,557 [pool-57-thread-1] INFO  server.RaftServerConfigKeys (ConfUtils.java:logGet(43)) - raft.server.log.statemachine.data.sync = true (default)
2019-09-25 04:50:31,557 [pool-57-thread-1] INFO  server.RaftServerConfigKeys (ConfUtils.java:logGet(43)) - raft.server.log.statemachine.data.sync.timeout = 10s (default)
2019-09-25 04:50:31,557 [pool-57-thread-1] INFO  server.RaftServerConfigKeys (ConfUtils.java:logGet(43)) - raft.server.log.statemachine.data.sync.timeout.retry = -1 (default)
2019-09-25 04:50:31,557 [pool-57-thread-1] INFO  server.RaftServerConfigKeys (ConfUtils.java:logGet(43)) - raft.server.log.statemachine.data.caching.enabled = true (custom)
2019-09-25 04:50:31,557 [pool-57-thread-1] INFO  segmented.SegmentedRaftLogWorker (SegmentedRaftLogWorker.java:lambda$new$0(132)) - 4f7802c6-3418-4fbd-b0c6-a8e36fcecb0a@group-98D2158B16EC-SegmentedRaftLogWorker: flushIndex: setUnconditionally 0 -> -1
2019-09-25 04:50:31,558 [pool-57-thread-1] INFO  server.RaftServerConfigKeys (ConfUtils.java:logGet(43)) - raft.server.snapshot.auto.trigger.enabled = true (custom)
2019-09-25 04:50:31,558 [pool-57-thread-1] INFO  server.RaftServerConfigKeys (ConfUtils.java:logGet(43)) - raft.server.snapshot.auto.trigger.threshold = 10000 (custom)
2019-09-25 04:50:31,558 [pool-57-thread-1] INFO  server.RaftServerConfigKeys (ConfUtils.java:logGet(43)) - raft.server.snapshot.retention.num.files = 5 (custom)
2019-09-25 04:50:31,558 [pool-57-thread-1] INFO  server.RaftServerConfigKeys (ConfUtils.java:logGet(43)) - raft.server.retrycache.expirytime = 600000ms (custom)
2019-09-25 04:50:31,561 [pool-57-thread-1] INFO  impl.RaftServerImpl (RaftServerImpl.java:start(185)) - 4f7802c6-3418-4fbd-b0c6-a8e36fcecb0a@group-98D2158B16EC: start as a follower, conf=-1: [4f7802c6-3418-4fbd-b0c6-a8e36fcecb0a:192.168.151.106:42026], old=null
2019-09-25 04:50:31,561 [pool-57-thread-1] INFO  impl.RaftServerImpl (RaftServerImpl.java:setRole(174)) - 4f7802c6-3418-4fbd-b0c6-a8e36fcecb0a@group-98D2158B16EC: changes role from      null to FOLLOWER at term 0 for startAsFollower
2019-09-25 04:50:31,561 [pool-57-thread-1] INFO  impl.RoleInfo (RoleInfo.java:updateAndGet(143)) - 4f7802c6-3418-4fbd-b0c6-a8e36fcecb0a: start FollowerState
2019-09-25 04:50:31,562 [pool-57-thread-1] INFO  util.JmxRegister (JmxRegister.java:tryRegister(44)) - Successfully registered JMX Bean with object name Ratis:service=RaftServer,group=group-98D2158B16EC,id=4f7802c6-3418-4fbd-b0c6-a8e36fcecb0a
2019-09-25 04:50:31,564 [RatisPipelineUtilsThread] INFO  pipeline.PipelineStateManager (PipelineStateManager.java:addPipeline(56)) - Created pipeline Pipeline[ Id: b44abdfc-e76a-4152-93db-98d2158b16ec, Nodes: 4f7802c6-3418-4fbd-b0c6-a8e36fcecb0a{ip: 192.168.151.106, host: pr-hdds-1569-x2sr2-3486766547, networkLocation: /default-rack, certSerialId: null}, Type:RATIS, Factor:ONE, State:OPEN]
2019-09-25 04:50:31,570 [grpc-default-executor-0] INFO  impl.RaftServerProxy (RaftServerProxy.java:addNew(89)) - 9216b865-ce6b-4fb7-bc99-65479a86b6eb: addNew group-F7043FA7C853:[9216b865-ce6b-4fb7-bc99-65479a86b6eb:192.168.151.106:43252] returns group-F7043FA7C853:java.util.concurrent.CompletableFuture@43bf0352[Not completed]
2019-09-25 04:50:31,572 [pool-77-thread-1] INFO  impl.RaftServerImpl (RaftServerImpl.java:<init>(95)) - 9216b865-ce6b-4fb7-bc99-65479a86b6eb: new RaftServerImpl for group-F7043FA7C853:[9216b865-ce6b-4fb7-bc99-65479a86b6eb:192.168.151.106:43252] with ContainerStateMachine:uninitialized
2019-09-25 04:50:31,572 [pool-77-thread-1] INFO  server.RaftServerConfigKeys (ConfUtils.java:logGet(43)) - raft.server.rpc.timeout.min = 5s (custom)
2019-09-25 04:50:31,572 [pool-77-thread-1] INFO  server.RaftServerConfigKeys (ConfUtils.java:logGet(43)) - raft.server.rpc.timeout.max = 5200ms (custom)
2019-09-25 04:50:31,572 [pool-77-thread-1] INFO  server.RaftServerConfigKeys (ConfUtils.java:logGet(43)) - raft.server.rpcslowness.timeout = 120s (custom)
2019-09-25 04:50:31,572 [pool-77-thread-1] INFO  server.RaftServerConfigKeys (ConfUtils.java:logGet(43)) - raft.server.sleep.deviation.threshold = 300 (default)
2019-09-25 04:50:31,573 [pool-77-thread-1] INFO  server.RaftServerConfigKeys (ConfUtils.java:logGet(43)) - raft.server.log.appender.install.snapshot.enabled = false (custom)
2019-09-25 04:50:31,573 [pool-77-thread-1] INFO  impl.RaftServerImpl (ServerState.java:<init>(103)) - 9216b865-ce6b-4fb7-bc99-65479a86b6eb@group-F7043FA7C853: ConfigurationManager, init=-1: [9216b865-ce6b-4fb7-bc99-65479a86b6eb:192.168.151.106:43252], old=null, confs=<EMPTY_MAP>
2019-09-25 04:50:31,573 [pool-77-thread-1] INFO  server.RaftServerConfigKeys (ConfUtils.java:logGet(43)) - raft.server.storage.dir = [/workdir/hadoop-ozone/integration-test/target/test-dir/MiniOzoneClusterImpl-72f6cbb0-c919-4300-9939-20ef1cbf0e73/datanode-5/data/ratis] (custom)
2019-09-25 04:50:31,573 [pool-77-thread-1] INFO  storage.RaftStorageDirectory (RaftStorageDirectory.java:analyzeStorage(246)) - The storage directory /workdir/hadoop-ozone/integration-test/target/test-dir/MiniOzoneClusterImpl-72f6cbb0-c919-4300-9939-20ef1cbf0e73/datanode-5/data/ratis/86d42b28-1158-4506-8c48-f7043fa7c853 does not exist. Creating ...
2019-09-25 04:50:31,586 [pool-77-thread-1] INFO  storage.RaftStorageDirectory (RaftStorageDirectory.java:tryLock(328)) - Lock on /workdir/hadoop-ozone/integration-test/target/test-dir/MiniOzoneClusterImpl-72f6cbb0-c919-4300-9939-20ef1cbf0e73/datanode-5/data/ratis/86d42b28-1158-4506-8c48-f7043fa7c853/in_use.lock acquired by nodename 13648@pr-hdds-1569-x2sr2-3486766547
2019-09-25 04:50:31,599 [pool-77-thread-1] INFO  storage.RaftStorage (RaftStorage.java:format(72)) - Storage directory /workdir/hadoop-ozone/integration-test/target/test-dir/MiniOzoneClusterImpl-72f6cbb0-c919-4300-9939-20ef1cbf0e73/datanode-5/data/ratis/86d42b28-1158-4506-8c48-f7043fa7c853 has been successfully formatted.
2019-09-25 04:50:31,600 [pool-77-thread-1] INFO  ratis.ContainerStateMachine (ContainerStateMachine.java:loadSnapshot(230)) - group-F7043FA7C853: The snapshot info is null. Setting the last applied indexto:(t:0, i:~)
2019-09-25 04:50:31,600 [pool-77-thread-1] INFO  server.RaftServerConfigKeys (ConfUtils.java:logGet(43)) - raft.server.notification.no-leader.timeout = 120s (custom)
2019-09-25 04:50:31,600 [pool-77-thread-1] INFO  server.RaftServerConfigKeys (ConfUtils.java:logGet(43)) - raft.server.log.use.memory = false (default)
2019-09-25 04:50:31,600 [pool-77-thread-1] INFO  server.RaftServerConfigKeys (ConfUtils.java:logGet(43)) - raft.server.log.purge.gap = 1000000 (custom)
2019-09-25 04:50:31,600 [pool-77-thread-1] INFO  server.RaftServerConfigKeys (ConfUtils.java:logGet(43)) - raft.server.log.appender.buffer.byte-limit = 33554432 (custom)
2019-09-25 04:50:31,601 [pool-77-thread-1] INFO  server.RaftServerConfigKeys (ConfUtils.java:logGet(43)) - raft.server.log.segment.size.max = 1048576 (custom)
2019-09-25 04:50:31,601 [pool-77-thread-1] INFO  server.RaftServerConfigKeys (ConfUtils.java:logGet(43)) - raft.server.log.segment.cache.num.max = 2 (custom)
2019-09-25 04:50:31,601 [pool-77-thread-1] INFO  segmented.SegmentedRaftLogWorker (SegmentedRaftLogWorker.java:<init>(172)) - new 9216b865-ce6b-4fb7-bc99-65479a86b6eb@group-F7043FA7C853-SegmentedRaftLogWorker for RaftStorage:Storage Directory /workdir/hadoop-ozone/integration-test/target/test-dir/MiniOzoneClusterImpl-72f6cbb0-c919-4300-9939-20ef1cbf0e73/datanode-5/data/ratis/86d42b28-1158-4506-8c48-f7043fa7c853
2019-09-25 04:50:31,601 [pool-77-thread-1] INFO  server.RaftServerConfigKeys (ConfUtils.java:logGet(43)) - raft.server.log.queue.byte-limit = 2147483647 (custom)
2019-09-25 04:50:31,601 [pool-77-thread-1] INFO  server.RaftServerConfigKeys (ConfUtils.java:logGet(43)) - raft.server.log.queue.element-limit = 1024 (custom)
2019-09-25 04:50:31,601 [pool-77-thread-1] INFO  server.RaftServerConfigKeys (ConfUtils.java:logGet(43)) - raft.server.log.segment.size.max = 1048576 (custom)
2019-09-25 04:50:31,602 [pool-77-thread-1] INFO  server.RaftServerConfigKeys (ConfUtils.java:logGet(43)) - raft.server.log.preallocated.size = 16384 (custom)
2019-09-25 04:50:31,602 [pool-77-thread-1] INFO  server.RaftServerConfigKeys (ConfUtils.java:logGet(43)) - raft.server.log.write.buffer.size = 33554432 (custom)
2019-09-25 04:50:31,602 [pool-77-thread-1] INFO  server.RaftServerConfigKeys (ConfUtils.java:logGet(43)) - raft.server.log.force.sync.num = 128 (default)
2019-09-25 04:50:31,602 [pool-77-thread-1] INFO  server.RaftServerConfigKeys (ConfUtils.java:logGet(43)) - raft.server.log.statemachine.data.sync = true (default)
2019-09-25 04:50:31,602 [pool-77-thread-1] INFO  server.RaftServerConfigKeys (ConfUtils.java:logGet(43)) - raft.server.log.statemachine.data.sync.timeout = 10s (default)
2019-09-25 04:50:31,602 [pool-77-thread-1] INFO  server.RaftServerConfigKeys (ConfUtils.java:logGet(43)) - raft.server.log.statemachine.data.sync.timeout.retry = -1 (default)
2019-09-25 04:50:31,603 [pool-77-thread-1] INFO  server.RaftServerConfigKeys (ConfUtils.java:logGet(43)) - raft.server.log.statemachine.data.caching.enabled = true (custom)
2019-09-25 04:50:31,603 [pool-77-thread-1] INFO  segmented.SegmentedRaftLogWorker (SegmentedRaftLogWorker.java:lambda$new$0(132)) - 9216b865-ce6b-4fb7-bc99-65479a86b6eb@group-F7043FA7C853-SegmentedRaftLogWorker: flushIndex: setUnconditionally 0 -> -1
2019-09-25 04:50:31,603 [pool-77-thread-1] INFO  server.RaftServerConfigKeys (ConfUtils.java:logGet(43)) - raft.server.snapshot.auto.trigger.enabled = true (custom)
2019-09-25 04:50:31,603 [pool-77-thread-1] INFO  server.RaftServerConfigKeys (ConfUtils.java:logGet(43)) - raft.server.snapshot.auto.trigger.threshold = 10000 (custom)
2019-09-25 04:50:31,603 [pool-77-thread-1] INFO  server.RaftServerConfigKeys (ConfUtils.java:logGet(43)) - raft.server.snapshot.retention.num.files = 5 (custom)
2019-09-25 04:50:31,604 [pool-77-thread-1] INFO  server.RaftServerConfigKeys (ConfUtils.java:logGet(43)) - raft.server.retrycache.expirytime = 600000ms (custom)
2019-09-25 04:50:31,606 [pool-77-thread-1] INFO  impl.RaftServerImpl (RaftServerImpl.java:start(185)) - 9216b865-ce6b-4fb7-bc99-65479a86b6eb@group-F7043FA7C853: start as a follower, conf=-1: [9216b865-ce6b-4fb7-bc99-65479a86b6eb:192.168.151.106:43252], old=null
2019-09-25 04:50:31,606 [pool-77-thread-1] INFO  impl.RaftServerImpl (RaftServerImpl.java:setRole(174)) - 9216b865-ce6b-4fb7-bc99-65479a86b6eb@group-F7043FA7C853: changes role from      null to FOLLOWER at term 0 for startAsFollower
2019-09-25 04:50:31,606 [pool-77-thread-1] INFO  impl.RoleInfo (RoleInfo.java:updateAndGet(143)) - 9216b865-ce6b-4fb7-bc99-65479a86b6eb: start FollowerState
2019-09-25 04:50:31,607 [pool-77-thread-1] INFO  util.JmxRegister (JmxRegister.java:tryRegister(44)) - Successfully registered JMX Bean with object name Ratis:service=RaftServer,group=group-F7043FA7C853,id=9216b865-ce6b-4fb7-bc99-65479a86b6eb
2019-09-25 04:50:31,609 [RatisPipelineUtilsThread] INFO  pipeline.PipelineStateManager (PipelineStateManager.java:addPipeline(56)) - Created pipeline Pipeline[ Id: 86d42b28-1158-4506-8c48-f7043fa7c853, Nodes: 9216b865-ce6b-4fb7-bc99-65479a86b6eb{ip: 192.168.151.106, host: pr-hdds-1569-x2sr2-3486766547, networkLocation: /default-rack, certSerialId: null}, Type:RATIS, Factor:ONE, State:OPEN]
2019-09-25 04:50:31,615 [grpc-default-executor-0] INFO  impl.RaftServerProxy (RaftServerProxy.java:addNew(89)) - 45f1801e-7cfd-420a-bb39-98f19dcc81c3: addNew group-BEE59315A377:[45f1801e-7cfd-420a-bb39-98f19dcc81c3:192.168.151.106:38437] returns group-BEE59315A377:java.util.concurrent.CompletableFuture@17f8f041[Not completed]
2019-09-25 04:50:31,616 [pool-87-thread-1] INFO  impl.RaftServerImpl (RaftServerImpl.java:<init>(95)) - 45f1801e-7cfd-420a-bb39-98f19dcc81c3: new RaftServerImpl for group-BEE59315A377:[45f1801e-7cfd-420a-bb39-98f19dcc81c3:192.168.151.106:38437] with ContainerStateMachine:uninitialized
2019-09-25 04:50:31,616 [pool-87-thread-1] INFO  server.RaftServerConfigKeys (ConfUtils.java:logGet(43)) - raft.server.rpc.timeout.min = 5s (custom)
2019-09-25 04:50:31,616 [pool-87-thread-1] INFO  server.RaftServerConfigKeys (ConfUtils.java:logGet(43)) - raft.server.rpc.timeout.max = 5200ms (custom)
2019-09-25 04:50:31,616 [pool-87-thread-1] INFO  server.RaftServerConfigKeys (ConfUtils.java:logGet(43)) - raft.server.rpcslowness.timeout = 120s (custom)
2019-09-25 04:50:31,617 [pool-87-thread-1] INFO  server.RaftServerConfigKeys (ConfUtils.java:logGet(43)) - raft.server.sleep.deviation.threshold = 300 (default)
2019-09-25 04:50:31,617 [pool-87-thread-1] INFO  server.RaftServerConfigKeys (ConfUtils.java:logGet(43)) - raft.server.log.appender.install.snapshot.enabled = false (custom)
2019-09-25 04:50:31,617 [pool-87-thread-1] INFO  impl.RaftServerImpl (ServerState.java:<init>(103)) - 45f1801e-7cfd-420a-bb39-98f19dcc81c3@group-BEE59315A377: ConfigurationManager, init=-1: [45f1801e-7cfd-420a-bb39-98f19dcc81c3:192.168.151.106:38437], old=null, confs=<EMPTY_MAP>
2019-09-25 04:50:31,617 [pool-87-thread-1] INFO  server.RaftServerConfigKeys (ConfUtils.java:logGet(43)) - raft.server.storage.dir = [/workdir/hadoop-ozone/integration-test/target/test-dir/MiniOzoneClusterImpl-72f6cbb0-c919-4300-9939-20ef1cbf0e73/datanode-6/data/ratis] (custom)
2019-09-25 04:50:31,618 [pool-87-thread-1] INFO  storage.RaftStorageDirectory (RaftStorageDirectory.java:analyzeStorage(246)) - The storage directory /workdir/hadoop-ozone/integration-test/target/test-dir/MiniOzoneClusterImpl-72f6cbb0-c919-4300-9939-20ef1cbf0e73/datanode-6/data/ratis/b1ba8a5f-d0bd-4c52-8bf3-bee59315a377 does not exist. Creating ...
2019-09-25 04:50:31,632 [pool-87-thread-1] INFO  storage.RaftStorageDirectory (RaftStorageDirectory.java:tryLock(328)) - Lock on /workdir/hadoop-ozone/integration-test/target/test-dir/MiniOzoneClusterImpl-72f6cbb0-c919-4300-9939-20ef1cbf0e73/datanode-6/data/ratis/b1ba8a5f-d0bd-4c52-8bf3-bee59315a377/in_use.lock acquired by nodename 13648@pr-hdds-1569-x2sr2-3486766547
2019-09-25 04:50:31,645 [pool-87-thread-1] INFO  storage.RaftStorage (RaftStorage.java:format(72)) - Storage directory /workdir/hadoop-ozone/integration-test/target/test-dir/MiniOzoneClusterImpl-72f6cbb0-c919-4300-9939-20ef1cbf0e73/datanode-6/data/ratis/b1ba8a5f-d0bd-4c52-8bf3-bee59315a377 has been successfully formatted.
2019-09-25 04:50:31,646 [pool-87-thread-1] INFO  ratis.ContainerStateMachine (ContainerStateMachine.java:loadSnapshot(230)) - group-BEE59315A377: The snapshot info is null. Setting the last applied indexto:(t:0, i:~)
2019-09-25 04:50:31,646 [pool-87-thread-1] INFO  server.RaftServerConfigKeys (ConfUtils.java:logGet(43)) - raft.server.notification.no-leader.timeout = 120s (custom)
2019-09-25 04:50:31,646 [pool-87-thread-1] INFO  server.RaftServerConfigKeys (ConfUtils.java:logGet(43)) - raft.server.log.use.memory = false (default)
2019-09-25 04:50:31,646 [pool-87-thread-1] INFO  server.RaftServerConfigKeys (ConfUtils.java:logGet(43)) - raft.server.log.purge.gap = 1000000 (custom)
2019-09-25 04:50:31,646 [pool-87-thread-1] INFO  server.RaftServerConfigKeys (ConfUtils.java:logGet(43)) - raft.server.log.appender.buffer.byte-limit = 33554432 (custom)
2019-09-25 04:50:31,646 [pool-87-thread-1] INFO  server.RaftServerConfigKeys (ConfUtils.java:logGet(43)) - raft.server.log.segment.size.max = 1048576 (custom)
2019-09-25 04:50:31,647 [pool-87-thread-1] INFO  server.RaftServerConfigKeys (ConfUtils.java:logGet(43)) - raft.server.log.segment.cache.num.max = 2 (custom)
2019-09-25 04:50:31,647 [pool-87-thread-1] INFO  segmented.SegmentedRaftLogWorker (SegmentedRaftLogWorker.java:<init>(172)) - new 45f1801e-7cfd-420a-bb39-98f19dcc81c3@group-BEE59315A377-SegmentedRaftLogWorker for RaftStorage:Storage Directory /workdir/hadoop-ozone/integration-test/target/test-dir/MiniOzoneClusterImpl-72f6cbb0-c919-4300-9939-20ef1cbf0e73/datanode-6/data/ratis/b1ba8a5f-d0bd-4c52-8bf3-bee59315a377
2019-09-25 04:50:31,647 [pool-87-thread-1] INFO  server.RaftServerConfigKeys (ConfUtils.java:logGet(43)) - raft.server.log.queue.byte-limit = 2147483647 (custom)
2019-09-25 04:50:31,647 [pool-87-thread-1] INFO  server.RaftServerConfigKeys (ConfUtils.java:logGet(43)) - raft.server.log.queue.element-limit = 1024 (custom)
2019-09-25 04:50:31,647 [pool-87-thread-1] INFO  server.RaftServerConfigKeys (ConfUtils.java:logGet(43)) - raft.server.log.segment.size.max = 1048576 (custom)
2019-09-25 04:50:31,647 [pool-87-thread-1] INFO  server.RaftServerConfigKeys (ConfUtils.java:logGet(43)) - raft.server.log.preallocated.size = 16384 (custom)
2019-09-25 04:50:31,648 [pool-87-thread-1] INFO  server.RaftServerConfigKeys (ConfUtils.java:logGet(43)) - raft.server.log.write.buffer.size = 33554432 (custom)
2019-09-25 04:50:31,648 [pool-87-thread-1] INFO  server.RaftServerConfigKeys (ConfUtils.java:logGet(43)) - raft.server.log.force.sync.num = 128 (default)
2019-09-25 04:50:31,648 [pool-87-thread-1] INFO  server.RaftServerConfigKeys (ConfUtils.java:logGet(43)) - raft.server.log.statemachine.data.sync = true (default)
2019-09-25 04:50:31,648 [pool-87-thread-1] INFO  server.RaftServerConfigKeys (ConfUtils.java:logGet(43)) - raft.server.log.statemachine.data.sync.timeout = 10s (default)
2019-09-25 04:50:31,648 [pool-87-thread-1] INFO  server.RaftServerConfigKeys (ConfUtils.java:logGet(43)) - raft.server.log.statemachine.data.sync.timeout.retry = -1 (default)
2019-09-25 04:50:31,648 [pool-87-thread-1] INFO  server.RaftServerConfigKeys (ConfUtils.java:logGet(43)) - raft.server.log.statemachine.data.caching.enabled = true (custom)
2019-09-25 04:50:31,649 [pool-87-thread-1] INFO  segmented.SegmentedRaftLogWorker (SegmentedRaftLogWorker.java:lambda$new$0(132)) - 45f1801e-7cfd-420a-bb39-98f19dcc81c3@group-BEE59315A377-SegmentedRaftLogWorker: flushIndex: setUnconditionally 0 -> -1
2019-09-25 04:50:31,649 [pool-87-thread-1] INFO  server.RaftServerConfigKeys (ConfUtils.java:logGet(43)) - raft.server.snapshot.auto.trigger.enabled = true (custom)
2019-09-25 04:50:31,649 [pool-87-thread-1] INFO  server.RaftServerConfigKeys (ConfUtils.java:logGet(43)) - raft.server.snapshot.auto.trigger.threshold = 10000 (custom)
2019-09-25 04:50:31,649 [pool-87-thread-1] INFO  server.RaftServerConfigKeys (ConfUtils.java:logGet(43)) - raft.server.snapshot.retention.num.files = 5 (custom)
2019-09-25 04:50:31,650 [pool-87-thread-1] INFO  server.RaftServerConfigKeys (ConfUtils.java:logGet(43)) - raft.server.retrycache.expirytime = 600000ms (custom)
2019-09-25 04:50:31,652 [pool-87-thread-1] INFO  impl.RaftServerImpl (RaftServerImpl.java:start(185)) - 45f1801e-7cfd-420a-bb39-98f19dcc81c3@group-BEE59315A377: start as a follower, conf=-1: [45f1801e-7cfd-420a-bb39-98f19dcc81c3:192.168.151.106:38437], old=null
2019-09-25 04:50:31,652 [pool-87-thread-1] INFO  impl.RaftServerImpl (RaftServerImpl.java:setRole(174)) - 45f1801e-7cfd-420a-bb39-98f19dcc81c3@group-BEE59315A377: changes role from      null to FOLLOWER at term 0 for startAsFollower
2019-09-25 04:50:31,652 [pool-87-thread-1] INFO  impl.RoleInfo (RoleInfo.java:updateAndGet(143)) - 45f1801e-7cfd-420a-bb39-98f19dcc81c3: start FollowerState
2019-09-25 04:50:31,653 [pool-87-thread-1] INFO  util.JmxRegister (JmxRegister.java:tryRegister(44)) - Successfully registered JMX Bean with object name Ratis:service=RaftServer,group=group-BEE59315A377,id=45f1801e-7cfd-420a-bb39-98f19dcc81c3
2019-09-25 04:50:31,655 [RatisPipelineUtilsThread] INFO  pipeline.PipelineStateManager (PipelineStateManager.java:addPipeline(56)) - Created pipeline Pipeline[ Id: b1ba8a5f-d0bd-4c52-8bf3-bee59315a377, Nodes: 45f1801e-7cfd-420a-bb39-98f19dcc81c3{ip: 192.168.151.106, host: pr-hdds-1569-x2sr2-3486766547, networkLocation: /default-rack, certSerialId: null}, Type:RATIS, Factor:ONE, State:OPEN]
2019-09-25 04:50:31,660 [grpc-default-executor-0] INFO  impl.RaftServerProxy (RaftServerProxy.java:addNew(89)) - a167ab1f-c96d-409e-bb26-ea230783d833: addNew group-5A2D35AE9F94:[a167ab1f-c96d-409e-bb26-ea230783d833:192.168.151.106:33404] returns group-5A2D35AE9F94:java.util.concurrent.CompletableFuture@323d8191[Not completed]
2019-09-25 04:50:31,662 [pool-47-thread-1] INFO  impl.RaftServerImpl (RaftServerImpl.java:<init>(95)) - a167ab1f-c96d-409e-bb26-ea230783d833: new RaftServerImpl for group-5A2D35AE9F94:[a167ab1f-c96d-409e-bb26-ea230783d833:192.168.151.106:33404] with ContainerStateMachine:uninitialized
2019-09-25 04:50:31,662 [pool-47-thread-1] INFO  server.RaftServerConfigKeys (ConfUtils.java:logGet(43)) - raft.server.rpc.timeout.min = 5s (custom)
2019-09-25 04:50:31,662 [pool-47-thread-1] INFO  server.RaftServerConfigKeys (ConfUtils.java:logGet(43)) - raft.server.rpc.timeout.max = 5200ms (custom)
2019-09-25 04:50:31,663 [pool-47-thread-1] INFO  server.RaftServerConfigKeys (ConfUtils.java:logGet(43)) - raft.server.rpcslowness.timeout = 120s (custom)
2019-09-25 04:50:31,663 [pool-47-thread-1] INFO  server.RaftServerConfigKeys (ConfUtils.java:logGet(43)) - raft.server.sleep.deviation.threshold = 300 (default)
2019-09-25 04:50:31,663 [pool-47-thread-1] INFO  server.RaftServerConfigKeys (ConfUtils.java:logGet(43)) - raft.server.log.appender.install.snapshot.enabled = false (custom)
2019-09-25 04:50:31,663 [pool-47-thread-1] INFO  impl.RaftServerImpl (ServerState.java:<init>(103)) - a167ab1f-c96d-409e-bb26-ea230783d833@group-5A2D35AE9F94: ConfigurationManager, init=-1: [a167ab1f-c96d-409e-bb26-ea230783d833:192.168.151.106:33404], old=null, confs=<EMPTY_MAP>
2019-09-25 04:50:31,663 [pool-47-thread-1] INFO  server.RaftServerConfigKeys (ConfUtils.java:logGet(43)) - raft.server.storage.dir = [/workdir/hadoop-ozone/integration-test/target/test-dir/MiniOzoneClusterImpl-72f6cbb0-c919-4300-9939-20ef1cbf0e73/datanode-2/data/ratis] (custom)
2019-09-25 04:50:31,664 [pool-47-thread-1] INFO  storage.RaftStorageDirectory (RaftStorageDirectory.java:analyzeStorage(246)) - The storage directory /workdir/hadoop-ozone/integration-test/target/test-dir/MiniOzoneClusterImpl-72f6cbb0-c919-4300-9939-20ef1cbf0e73/datanode-2/data/ratis/d56202da-6dba-4d7a-b53e-5a2d35ae9f94 does not exist. Creating ...
2019-09-25 04:50:31,676 [pool-47-thread-1] INFO  storage.RaftStorageDirectory (RaftStorageDirectory.java:tryLock(328)) - Lock on /workdir/hadoop-ozone/integration-test/target/test-dir/MiniOzoneClusterImpl-72f6cbb0-c919-4300-9939-20ef1cbf0e73/datanode-2/data/ratis/d56202da-6dba-4d7a-b53e-5a2d35ae9f94/in_use.lock acquired by nodename 13648@pr-hdds-1569-x2sr2-3486766547
2019-09-25 04:50:31,689 [pool-47-thread-1] INFO  storage.RaftStorage (RaftStorage.java:format(72)) - Storage directory /workdir/hadoop-ozone/integration-test/target/test-dir/MiniOzoneClusterImpl-72f6cbb0-c919-4300-9939-20ef1cbf0e73/datanode-2/data/ratis/d56202da-6dba-4d7a-b53e-5a2d35ae9f94 has been successfully formatted.
2019-09-25 04:50:31,689 [pool-47-thread-1] INFO  ratis.ContainerStateMachine (ContainerStateMachine.java:loadSnapshot(230)) - group-5A2D35AE9F94: The snapshot info is null. Setting the last applied indexto:(t:0, i:~)
2019-09-25 04:50:31,690 [pool-47-thread-1] INFO  server.RaftServerConfigKeys (ConfUtils.java:logGet(43)) - raft.server.notification.no-leader.timeout = 120s (custom)
2019-09-25 04:50:31,690 [pool-47-thread-1] INFO  server.RaftServerConfigKeys (ConfUtils.java:logGet(43)) - raft.server.log.use.memory = false (default)
2019-09-25 04:50:31,690 [pool-47-thread-1] INFO  server.RaftServerConfigKeys (ConfUtils.java:logGet(43)) - raft.server.log.purge.gap = 1000000 (custom)
2019-09-25 04:50:31,690 [pool-47-thread-1] INFO  server.RaftServerConfigKeys (ConfUtils.java:logGet(43)) - raft.server.log.appender.buffer.byte-limit = 33554432 (custom)
2019-09-25 04:50:31,690 [pool-47-thread-1] INFO  server.RaftServerConfigKeys (ConfUtils.java:logGet(43)) - raft.server.log.segment.size.max = 1048576 (custom)
2019-09-25 04:50:31,690 [pool-47-thread-1] INFO  server.RaftServerConfigKeys (ConfUtils.java:logGet(43)) - raft.server.log.segment.cache.num.max = 2 (custom)
2019-09-25 04:50:31,691 [pool-47-thread-1] INFO  segmented.SegmentedRaftLogWorker (SegmentedRaftLogWorker.java:<init>(172)) - new a167ab1f-c96d-409e-bb26-ea230783d833@group-5A2D35AE9F94-SegmentedRaftLogWorker for RaftStorage:Storage Directory /workdir/hadoop-ozone/integration-test/target/test-dir/MiniOzoneClusterImpl-72f6cbb0-c919-4300-9939-20ef1cbf0e73/datanode-2/data/ratis/d56202da-6dba-4d7a-b53e-5a2d35ae9f94
2019-09-25 04:50:31,691 [pool-47-thread-1] INFO  server.RaftServerConfigKeys (ConfUtils.java:logGet(43)) - raft.server.log.queue.byte-limit = 2147483647 (custom)
2019-09-25 04:50:31,691 [pool-47-thread-1] INFO  server.RaftServerConfigKeys (ConfUtils.java:logGet(43)) - raft.server.log.queue.element-limit = 1024 (custom)
2019-09-25 04:50:31,691 [pool-47-thread-1] INFO  server.RaftServerConfigKeys (ConfUtils.java:logGet(43)) - raft.server.log.segment.size.max = 1048576 (custom)
2019-09-25 04:50:31,691 [pool-47-thread-1] INFO  server.RaftServerConfigKeys (ConfUtils.java:logGet(43)) - raft.server.log.preallocated.size = 16384 (custom)
2019-09-25 04:50:31,691 [pool-47-thread-1] INFO  server.RaftServerConfigKeys (ConfUtils.java:logGet(43)) - raft.server.log.write.buffer.size = 33554432 (custom)
2019-09-25 04:50:31,691 [pool-47-thread-1] INFO  server.RaftServerConfigKeys (ConfUtils.java:logGet(43)) - raft.server.log.force.sync.num = 128 (default)
2019-09-25 04:50:31,692 [pool-47-thread-1] INFO  server.RaftServerConfigKeys (ConfUtils.java:logGet(43)) - raft.server.log.statemachine.data.sync = true (default)
2019-09-25 04:50:31,692 [pool-47-thread-1] INFO  server.RaftServerConfigKeys (ConfUtils.java:logGet(43)) - raft.server.log.statemachine.data.sync.timeout = 10s (default)
2019-09-25 04:50:31,692 [pool-47-thread-1] INFO  server.RaftServerConfigKeys (ConfUtils.java:logGet(43)) - raft.server.log.statemachine.data.sync.timeout.retry = -1 (default)
2019-09-25 04:50:31,692 [pool-47-thread-1] INFO  server.RaftServerConfigKeys (ConfUtils.java:logGet(43)) - raft.server.log.statemachine.data.caching.enabled = true (custom)
2019-09-25 04:50:31,692 [pool-47-thread-1] INFO  segmented.SegmentedRaftLogWorker (SegmentedRaftLogWorker.java:lambda$new$0(132)) - a167ab1f-c96d-409e-bb26-ea230783d833@group-5A2D35AE9F94-SegmentedRaftLogWorker: flushIndex: setUnconditionally 0 -> -1
2019-09-25 04:50:31,693 [pool-47-thread-1] INFO  server.RaftServerConfigKeys (ConfUtils.java:logGet(43)) - raft.server.snapshot.auto.trigger.enabled = true (custom)
2019-09-25 04:50:31,693 [pool-47-thread-1] INFO  server.RaftServerConfigKeys (ConfUtils.java:logGet(43)) - raft.server.snapshot.auto.trigger.threshold = 10000 (custom)
2019-09-25 04:50:31,693 [pool-47-thread-1] INFO  server.RaftServerConfigKeys (ConfUtils.java:logGet(43)) - raft.server.snapshot.retention.num.files = 5 (custom)
2019-09-25 04:50:31,693 [pool-47-thread-1] INFO  server.RaftServerConfigKeys (ConfUtils.java:logGet(43)) - raft.server.retrycache.expirytime = 600000ms (custom)
2019-09-25 04:50:31,698 [pool-47-thread-1] INFO  impl.RaftServerImpl (RaftServerImpl.java:start(185)) - a167ab1f-c96d-409e-bb26-ea230783d833@group-5A2D35AE9F94: start as a follower, conf=-1: [a167ab1f-c96d-409e-bb26-ea230783d833:192.168.151.106:33404], old=null
2019-09-25 04:50:31,698 [pool-47-thread-1] INFO  impl.RaftServerImpl (RaftServerImpl.java:setRole(174)) - a167ab1f-c96d-409e-bb26-ea230783d833@group-5A2D35AE9F94: changes role from      null to FOLLOWER at term 0 for startAsFollower
2019-09-25 04:50:31,698 [pool-47-thread-1] INFO  impl.RoleInfo (RoleInfo.java:updateAndGet(143)) - a167ab1f-c96d-409e-bb26-ea230783d833: start FollowerState
2019-09-25 04:50:31,699 [pool-47-thread-1] INFO  util.JmxRegister (JmxRegister.java:tryRegister(44)) - Successfully registered JMX Bean with object name Ratis:service=RaftServer,group=group-5A2D35AE9F94,id=a167ab1f-c96d-409e-bb26-ea230783d833
2019-09-25 04:50:31,702 [RatisPipelineUtilsThread] INFO  pipeline.PipelineStateManager (PipelineStateManager.java:addPipeline(56)) - Created pipeline Pipeline[ Id: d56202da-6dba-4d7a-b53e-5a2d35ae9f94, Nodes: a167ab1f-c96d-409e-bb26-ea230783d833{ip: 192.168.151.106, host: pr-hdds-1569-x2sr2-3486766547, networkLocation: /default-rack, certSerialId: null}, Type:RATIS, Factor:ONE, State:OPEN]
2019-09-25 04:50:31,719 [grpc-default-executor-0] INFO  impl.RaftServerProxy (RaftServerProxy.java:addNew(89)) - aabdae46-dcfa-45e6-b665-2c47bb305ebb: addNew group-ED110974D17F:[aabdae46-dcfa-45e6-b665-2c47bb305ebb:192.168.151.106:41436] returns group-ED110974D17F:java.util.concurrent.CompletableFuture@2b83ed16[Not completed]
2019-09-25 04:50:31,721 [pool-67-thread-1] INFO  impl.RaftServerImpl (RaftServerImpl.java:<init>(95)) - aabdae46-dcfa-45e6-b665-2c47bb305ebb: new RaftServerImpl for group-ED110974D17F:[aabdae46-dcfa-45e6-b665-2c47bb305ebb:192.168.151.106:41436] with ContainerStateMachine:uninitialized
2019-09-25 04:50:31,721 [pool-67-thread-1] INFO  server.RaftServerConfigKeys (ConfUtils.java:logGet(43)) - raft.server.rpc.timeout.min = 5s (custom)
2019-09-25 04:50:31,722 [pool-67-thread-1] INFO  server.RaftServerConfigKeys (ConfUtils.java:logGet(43)) - raft.server.rpc.timeout.max = 5200ms (custom)
2019-09-25 04:50:31,722 [pool-67-thread-1] INFO  server.RaftServerConfigKeys (ConfUtils.java:logGet(43)) - raft.server.rpcslowness.timeout = 120s (custom)
2019-09-25 04:50:31,722 [pool-67-thread-1] INFO  server.RaftServerConfigKeys (ConfUtils.java:logGet(43)) - raft.server.sleep.deviation.threshold = 300 (default)
2019-09-25 04:50:31,722 [pool-67-thread-1] INFO  server.RaftServerConfigKeys (ConfUtils.java:logGet(43)) - raft.server.log.appender.install.snapshot.enabled = false (custom)
2019-09-25 04:50:31,723 [pool-67-thread-1] INFO  impl.RaftServerImpl (ServerState.java:<init>(103)) - aabdae46-dcfa-45e6-b665-2c47bb305ebb@group-ED110974D17F: ConfigurationManager, init=-1: [aabdae46-dcfa-45e6-b665-2c47bb305ebb:192.168.151.106:41436], old=null, confs=<EMPTY_MAP>
2019-09-25 04:50:31,723 [pool-67-thread-1] INFO  server.RaftServerConfigKeys (ConfUtils.java:logGet(43)) - raft.server.storage.dir = [/workdir/hadoop-ozone/integration-test/target/test-dir/MiniOzoneClusterImpl-72f6cbb0-c919-4300-9939-20ef1cbf0e73/datanode-4/data/ratis] (custom)
2019-09-25 04:50:31,723 [pool-67-thread-1] INFO  storage.RaftStorageDirectory (RaftStorageDirectory.java:analyzeStorage(246)) - The storage directory /workdir/hadoop-ozone/integration-test/target/test-dir/MiniOzoneClusterImpl-72f6cbb0-c919-4300-9939-20ef1cbf0e73/datanode-4/data/ratis/0ea99f89-9a09-4e86-9bae-ed110974d17f does not exist. Creating ...
2019-09-25 04:50:31,738 [pool-67-thread-1] INFO  storage.RaftStorageDirectory (RaftStorageDirectory.java:tryLock(328)) - Lock on /workdir/hadoop-ozone/integration-test/target/test-dir/MiniOzoneClusterImpl-72f6cbb0-c919-4300-9939-20ef1cbf0e73/datanode-4/data/ratis/0ea99f89-9a09-4e86-9bae-ed110974d17f/in_use.lock acquired by nodename 13648@pr-hdds-1569-x2sr2-3486766547
2019-09-25 04:50:31,751 [pool-67-thread-1] INFO  storage.RaftStorage (RaftStorage.java:format(72)) - Storage directory /workdir/hadoop-ozone/integration-test/target/test-dir/MiniOzoneClusterImpl-72f6cbb0-c919-4300-9939-20ef1cbf0e73/datanode-4/data/ratis/0ea99f89-9a09-4e86-9bae-ed110974d17f has been successfully formatted.
2019-09-25 04:50:31,751 [pool-67-thread-1] INFO  ratis.ContainerStateMachine (ContainerStateMachine.java:loadSnapshot(230)) - group-ED110974D17F: The snapshot info is null. Setting the last applied indexto:(t:0, i:~)
2019-09-25 04:50:31,752 [pool-67-thread-1] INFO  server.RaftServerConfigKeys (ConfUtils.java:logGet(43)) - raft.server.notification.no-leader.timeout = 120s (custom)
2019-09-25 04:50:31,752 [pool-67-thread-1] INFO  server.RaftServerConfigKeys (ConfUtils.java:logGet(43)) - raft.server.log.use.memory = false (default)
2019-09-25 04:50:31,752 [pool-67-thread-1] INFO  server.RaftServerConfigKeys (ConfUtils.java:logGet(43)) - raft.server.log.purge.gap = 1000000 (custom)
2019-09-25 04:50:31,752 [pool-67-thread-1] INFO  server.RaftServerConfigKeys (ConfUtils.java:logGet(43)) - raft.server.log.appender.buffer.byte-limit = 33554432 (custom)
2019-09-25 04:50:31,752 [pool-67-thread-1] INFO  server.RaftServerConfigKeys (ConfUtils.java:logGet(43)) - raft.server.log.segment.size.max = 1048576 (custom)
2019-09-25 04:50:31,752 [pool-67-thread-1] INFO  server.RaftServerConfigKeys (ConfUtils.java:logGet(43)) - raft.server.log.segment.cache.num.max = 2 (custom)
2019-09-25 04:50:31,752 [pool-67-thread-1] INFO  segmented.SegmentedRaftLogWorker (SegmentedRaftLogWorker.java:<init>(172)) - new aabdae46-dcfa-45e6-b665-2c47bb305ebb@group-ED110974D17F-SegmentedRaftLogWorker for RaftStorage:Storage Directory /workdir/hadoop-ozone/integration-test/target/test-dir/MiniOzoneClusterImpl-72f6cbb0-c919-4300-9939-20ef1cbf0e73/datanode-4/data/ratis/0ea99f89-9a09-4e86-9bae-ed110974d17f
2019-09-25 04:50:31,753 [pool-67-thread-1] INFO  server.RaftServerConfigKeys (ConfUtils.java:logGet(43)) - raft.server.log.queue.byte-limit = 2147483647 (custom)
2019-09-25 04:50:31,753 [pool-67-thread-1] INFO  server.RaftServerConfigKeys (ConfUtils.java:logGet(43)) - raft.server.log.queue.element-limit = 1024 (custom)
2019-09-25 04:50:31,753 [pool-67-thread-1] INFO  server.RaftServerConfigKeys (ConfUtils.java:logGet(43)) - raft.server.log.segment.size.max = 1048576 (custom)
2019-09-25 04:50:31,753 [pool-67-thread-1] INFO  server.RaftServerConfigKeys (ConfUtils.java:logGet(43)) - raft.server.log.preallocated.size = 16384 (custom)
2019-09-25 04:50:31,753 [pool-67-thread-1] INFO  server.RaftServerConfigKeys (ConfUtils.java:logGet(43)) - raft.server.log.write.buffer.size = 33554432 (custom)
2019-09-25 04:50:31,753 [pool-67-thread-1] INFO  server.RaftServerConfigKeys (ConfUtils.java:logGet(43)) - raft.server.log.force.sync.num = 128 (default)
2019-09-25 04:50:31,753 [pool-67-thread-1] INFO  server.RaftServerConfigKeys (ConfUtils.java:logGet(43)) - raft.server.log.statemachine.data.sync = true (default)
2019-09-25 04:50:31,754 [pool-67-thread-1] INFO  server.RaftServerConfigKeys (ConfUtils.java:logGet(43)) - raft.server.log.statemachine.data.sync.timeout = 10s (default)
2019-09-25 04:50:31,754 [pool-67-thread-1] INFO  server.RaftServerConfigKeys (ConfUtils.java:logGet(43)) - raft.server.log.statemachine.data.sync.timeout.retry = -1 (default)
2019-09-25 04:50:31,754 [pool-67-thread-1] INFO  server.RaftServerConfigKeys (ConfUtils.java:logGet(43)) - raft.server.log.statemachine.data.caching.enabled = true (custom)
2019-09-25 04:50:31,754 [pool-67-thread-1] INFO  segmented.SegmentedRaftLogWorker (SegmentedRaftLogWorker.java:lambda$new$0(132)) - aabdae46-dcfa-45e6-b665-2c47bb305ebb@group-ED110974D17F-SegmentedRaftLogWorker: flushIndex: setUnconditionally 0 -> -1
2019-09-25 04:50:31,754 [pool-67-thread-1] INFO  server.RaftServerConfigKeys (ConfUtils.java:logGet(43)) - raft.server.snapshot.auto.trigger.enabled = true (custom)
2019-09-25 04:50:31,755 [pool-67-thread-1] INFO  server.RaftServerConfigKeys (ConfUtils.java:logGet(43)) - raft.server.snapshot.auto.trigger.threshold = 10000 (custom)
2019-09-25 04:50:31,755 [pool-67-thread-1] INFO  server.RaftServerConfigKeys (ConfUtils.java:logGet(43)) - raft.server.snapshot.retention.num.files = 5 (custom)
2019-09-25 04:50:31,755 [pool-67-thread-1] INFO  server.RaftServerConfigKeys (ConfUtils.java:logGet(43)) - raft.server.retrycache.expirytime = 600000ms (custom)
2019-09-25 04:50:31,757 [pool-67-thread-1] INFO  impl.RaftServerImpl (RaftServerImpl.java:start(185)) - aabdae46-dcfa-45e6-b665-2c47bb305ebb@group-ED110974D17F: start as a follower, conf=-1: [aabdae46-dcfa-45e6-b665-2c47bb305ebb:192.168.151.106:41436], old=null
2019-09-25 04:50:31,757 [pool-67-thread-1] INFO  impl.RaftServerImpl (RaftServerImpl.java:setRole(174)) - aabdae46-dcfa-45e6-b665-2c47bb305ebb@group-ED110974D17F: changes role from      null to FOLLOWER at term 0 for startAsFollower
2019-09-25 04:50:31,757 [pool-67-thread-1] INFO  impl.RoleInfo (RoleInfo.java:updateAndGet(143)) - aabdae46-dcfa-45e6-b665-2c47bb305ebb: start FollowerState
2019-09-25 04:50:31,758 [pool-67-thread-1] INFO  util.JmxRegister (JmxRegister.java:tryRegister(44)) - Successfully registered JMX Bean with object name Ratis:service=RaftServer,group=group-ED110974D17F,id=aabdae46-dcfa-45e6-b665-2c47bb305ebb
2019-09-25 04:50:31,761 [RatisPipelineUtilsThread] INFO  pipeline.PipelineStateManager (PipelineStateManager.java:addPipeline(56)) - Created pipeline Pipeline[ Id: 0ea99f89-9a09-4e86-9bae-ed110974d17f, Nodes: aabdae46-dcfa-45e6-b665-2c47bb305ebb{ip: 192.168.151.106, host: pr-hdds-1569-x2sr2-3486766547, networkLocation: /default-rack, certSerialId: null}, Type:RATIS, Factor:ONE, State:OPEN]
2019-09-25 04:50:31,766 [grpc-default-executor-0] INFO  impl.RaftServerProxy (RaftServerProxy.java:addNew(89)) - 45f1801e-7cfd-420a-bb39-98f19dcc81c3: addNew group-FB03761141D6:[45f1801e-7cfd-420a-bb39-98f19dcc81c3:192.168.151.106:38437] returns group-FB03761141D6:java.util.concurrent.CompletableFuture@6168517c[Not completed]
2019-09-25 04:50:31,767 [pool-87-thread-1] INFO  impl.RaftServerImpl (RaftServerImpl.java:<init>(95)) - 45f1801e-7cfd-420a-bb39-98f19dcc81c3: new RaftServerImpl for group-FB03761141D6:[45f1801e-7cfd-420a-bb39-98f19dcc81c3:192.168.151.106:38437] with ContainerStateMachine:uninitialized
2019-09-25 04:50:31,768 [pool-87-thread-1] INFO  server.RaftServerConfigKeys (ConfUtils.java:logGet(43)) - raft.server.rpc.timeout.min = 5s (custom)
2019-09-25 04:50:31,768 [pool-87-thread-1] INFO  server.RaftServerConfigKeys (ConfUtils.java:logGet(43)) - raft.server.rpc.timeout.max = 5200ms (custom)
2019-09-25 04:50:31,768 [pool-87-thread-1] INFO  server.RaftServerConfigKeys (ConfUtils.java:logGet(43)) - raft.server.rpcslowness.timeout = 120s (custom)
2019-09-25 04:50:31,768 [pool-87-thread-1] INFO  server.RaftServerConfigKeys (ConfUtils.java:logGet(43)) - raft.server.sleep.deviation.threshold = 300 (default)
2019-09-25 04:50:31,768 [pool-87-thread-1] INFO  server.RaftServerConfigKeys (ConfUtils.java:logGet(43)) - raft.server.log.appender.install.snapshot.enabled = false (custom)
2019-09-25 04:50:31,769 [pool-87-thread-1] INFO  impl.RaftServerImpl (ServerState.java:<init>(103)) - 45f1801e-7cfd-420a-bb39-98f19dcc81c3@group-FB03761141D6: ConfigurationManager, init=-1: [45f1801e-7cfd-420a-bb39-98f19dcc81c3:192.168.151.106:38437], old=null, confs=<EMPTY_MAP>
2019-09-25 04:50:31,769 [pool-87-thread-1] INFO  server.RaftServerConfigKeys (ConfUtils.java:logGet(43)) - raft.server.storage.dir = [/workdir/hadoop-ozone/integration-test/target/test-dir/MiniOzoneClusterImpl-72f6cbb0-c919-4300-9939-20ef1cbf0e73/datanode-6/data/ratis] (custom)
2019-09-25 04:50:31,769 [pool-87-thread-1] INFO  storage.RaftStorageDirectory (RaftStorageDirectory.java:analyzeStorage(246)) - The storage directory /workdir/hadoop-ozone/integration-test/target/test-dir/MiniOzoneClusterImpl-72f6cbb0-c919-4300-9939-20ef1cbf0e73/datanode-6/data/ratis/0c3e028c-8012-48c2-924e-fb03761141d6 does not exist. Creating ...
2019-09-25 04:50:31,780 [pool-87-thread-1] INFO  storage.RaftStorageDirectory (RaftStorageDirectory.java:tryLock(328)) - Lock on /workdir/hadoop-ozone/integration-test/target/test-dir/MiniOzoneClusterImpl-72f6cbb0-c919-4300-9939-20ef1cbf0e73/datanode-6/data/ratis/0c3e028c-8012-48c2-924e-fb03761141d6/in_use.lock acquired by nodename 13648@pr-hdds-1569-x2sr2-3486766547
2019-09-25 04:50:31,814 [pool-87-thread-1] INFO  storage.RaftStorage (RaftStorage.java:format(72)) - Storage directory /workdir/hadoop-ozone/integration-test/target/test-dir/MiniOzoneClusterImpl-72f6cbb0-c919-4300-9939-20ef1cbf0e73/datanode-6/data/ratis/0c3e028c-8012-48c2-924e-fb03761141d6 has been successfully formatted.
2019-09-25 04:50:31,814 [pool-87-thread-1] INFO  ratis.ContainerStateMachine (ContainerStateMachine.java:loadSnapshot(230)) - group-FB03761141D6: The snapshot info is null. Setting the last applied indexto:(t:0, i:~)
2019-09-25 04:50:31,814 [pool-87-thread-1] INFO  server.RaftServerConfigKeys (ConfUtils.java:logGet(43)) - raft.server.notification.no-leader.timeout = 120s (custom)
2019-09-25 04:50:31,815 [pool-87-thread-1] INFO  server.RaftServerConfigKeys (ConfUtils.java:logGet(43)) - raft.server.log.use.memory = false (default)
2019-09-25 04:50:31,815 [pool-87-thread-1] INFO  server.RaftServerConfigKeys (ConfUtils.java:logGet(43)) - raft.server.log.purge.gap = 1000000 (custom)
2019-09-25 04:50:31,815 [pool-87-thread-1] INFO  server.RaftServerConfigKeys (ConfUtils.java:logGet(43)) - raft.server.log.appender.buffer.byte-limit = 33554432 (custom)
2019-09-25 04:50:31,815 [pool-87-thread-1] INFO  server.RaftServerConfigKeys (ConfUtils.java:logGet(43)) - raft.server.log.segment.size.max = 1048576 (custom)
2019-09-25 04:50:31,816 [pool-87-thread-1] INFO  server.RaftServerConfigKeys (ConfUtils.java:logGet(43)) - raft.server.log.segment.cache.num.max = 2 (custom)
2019-09-25 04:50:31,816 [pool-87-thread-1] INFO  segmented.SegmentedRaftLogWorker (SegmentedRaftLogWorker.java:<init>(172)) - new 45f1801e-7cfd-420a-bb39-98f19dcc81c3@group-FB03761141D6-SegmentedRaftLogWorker for RaftStorage:Storage Directory /workdir/hadoop-ozone/integration-test/target/test-dir/MiniOzoneClusterImpl-72f6cbb0-c919-4300-9939-20ef1cbf0e73/datanode-6/data/ratis/0c3e028c-8012-48c2-924e-fb03761141d6
2019-09-25 04:50:31,816 [pool-87-thread-1] INFO  server.RaftServerConfigKeys (ConfUtils.java:logGet(43)) - raft.server.log.queue.byte-limit = 2147483647 (custom)
2019-09-25 04:50:31,816 [pool-87-thread-1] INFO  server.RaftServerConfigKeys (ConfUtils.java:logGet(43)) - raft.server.log.queue.element-limit = 1024 (custom)
2019-09-25 04:50:31,816 [pool-87-thread-1] INFO  server.RaftServerConfigKeys (ConfUtils.java:logGet(43)) - raft.server.log.segment.size.max = 1048576 (custom)
2019-09-25 04:50:31,816 [pool-87-thread-1] INFO  server.RaftServerConfigKeys (ConfUtils.java:logGet(43)) - raft.server.log.preallocated.size = 16384 (custom)
2019-09-25 04:50:31,817 [pool-87-thread-1] INFO  server.RaftServerConfigKeys (ConfUtils.java:logGet(43)) - raft.server.log.write.buffer.size = 33554432 (custom)
2019-09-25 04:50:31,817 [pool-87-thread-1] INFO  server.RaftServerConfigKeys (ConfUtils.java:logGet(43)) - raft.server.log.force.sync.num = 128 (default)
2019-09-25 04:50:31,817 [pool-87-thread-1] INFO  server.RaftServerConfigKeys (ConfUtils.java:logGet(43)) - raft.server.log.statemachine.data.sync = true (default)
2019-09-25 04:50:31,817 [pool-87-thread-1] INFO  server.RaftServerConfigKeys (ConfUtils.java:logGet(43)) - raft.server.log.statemachine.data.sync.timeout = 10s (default)
2019-09-25 04:50:31,817 [pool-87-thread-1] INFO  server.RaftServerConfigKeys (ConfUtils.java:logGet(43)) - raft.server.log.statemachine.data.sync.timeout.retry = -1 (default)
2019-09-25 04:50:31,818 [pool-87-thread-1] INFO  server.RaftServerConfigKeys (ConfUtils.java:logGet(43)) - raft.server.log.statemachine.data.caching.enabled = true (custom)
2019-09-25 04:50:31,818 [pool-87-thread-1] INFO  segmented.SegmentedRaftLogWorker (SegmentedRaftLogWorker.java:lambda$new$0(132)) - 45f1801e-7cfd-420a-bb39-98f19dcc81c3@group-FB03761141D6-SegmentedRaftLogWorker: flushIndex: setUnconditionally 0 -> -1
2019-09-25 04:50:31,818 [pool-87-thread-1] INFO  server.RaftServerConfigKeys (ConfUtils.java:logGet(43)) - raft.server.snapshot.auto.trigger.enabled = true (custom)
2019-09-25 04:50:31,819 [pool-87-thread-1] INFO  server.RaftServerConfigKeys (ConfUtils.java:logGet(43)) - raft.server.snapshot.auto.trigger.threshold = 10000 (custom)
2019-09-25 04:50:31,819 [pool-87-thread-1] INFO  server.RaftServerConfigKeys (ConfUtils.java:logGet(43)) - raft.server.snapshot.retention.num.files = 5 (custom)
2019-09-25 04:50:31,819 [pool-87-thread-1] INFO  server.RaftServerConfigKeys (ConfUtils.java:logGet(43)) - raft.server.retrycache.expirytime = 600000ms (custom)
2019-09-25 04:50:31,822 [pool-87-thread-1] INFO  impl.RaftServerImpl (RaftServerImpl.java:start(185)) - 45f1801e-7cfd-420a-bb39-98f19dcc81c3@group-FB03761141D6: start as a follower, conf=-1: [45f1801e-7cfd-420a-bb39-98f19dcc81c3:192.168.151.106:38437], old=null
2019-09-25 04:50:31,822 [pool-87-thread-1] INFO  impl.RaftServerImpl (RaftServerImpl.java:setRole(174)) - 45f1801e-7cfd-420a-bb39-98f19dcc81c3@group-FB03761141D6: changes role from      null to FOLLOWER at term 0 for startAsFollower
2019-09-25 04:50:31,822 [pool-87-thread-1] INFO  impl.RoleInfo (RoleInfo.java:updateAndGet(143)) - 45f1801e-7cfd-420a-bb39-98f19dcc81c3: start FollowerState
2019-09-25 04:50:31,823 [pool-87-thread-1] INFO  util.JmxRegister (JmxRegister.java:tryRegister(44)) - Successfully registered JMX Bean with object name Ratis:service=RaftServer,group=group-FB03761141D6,id=45f1801e-7cfd-420a-bb39-98f19dcc81c3
2019-09-25 04:50:31,826 [RatisPipelineUtilsThread] INFO  pipeline.PipelineStateManager (PipelineStateManager.java:addPipeline(56)) - Created pipeline Pipeline[ Id: 0c3e028c-8012-48c2-924e-fb03761141d6, Nodes: 45f1801e-7cfd-420a-bb39-98f19dcc81c3{ip: 192.168.151.106, host: pr-hdds-1569-x2sr2-3486766547, networkLocation: /default-rack, certSerialId: null}, Type:RATIS, Factor:ONE, State:OPEN]
2019-09-25 04:50:31,832 [grpc-default-executor-0] INFO  impl.RaftServerProxy (RaftServerProxy.java:addNew(89)) - aabdae46-dcfa-45e6-b665-2c47bb305ebb: addNew group-92A9DF878687:[aabdae46-dcfa-45e6-b665-2c47bb305ebb:192.168.151.106:41436] returns group-92A9DF878687:java.util.concurrent.CompletableFuture@6528fe4e[Not completed]
2019-09-25 04:50:31,833 [pool-67-thread-1] INFO  impl.RaftServerImpl (RaftServerImpl.java:<init>(95)) - aabdae46-dcfa-45e6-b665-2c47bb305ebb: new RaftServerImpl for group-92A9DF878687:[aabdae46-dcfa-45e6-b665-2c47bb305ebb:192.168.151.106:41436] with ContainerStateMachine:uninitialized
2019-09-25 04:50:31,834 [pool-67-thread-1] INFO  server.RaftServerConfigKeys (ConfUtils.java:logGet(43)) - raft.server.rpc.timeout.min = 5s (custom)
2019-09-25 04:50:31,834 [pool-67-thread-1] INFO  server.RaftServerConfigKeys (ConfUtils.java:logGet(43)) - raft.server.rpc.timeout.max = 5200ms (custom)
2019-09-25 04:50:31,834 [pool-67-thread-1] INFO  server.RaftServerConfigKeys (ConfUtils.java:logGet(43)) - raft.server.rpcslowness.timeout = 120s (custom)
2019-09-25 04:50:31,834 [pool-67-thread-1] INFO  server.RaftServerConfigKeys (ConfUtils.java:logGet(43)) - raft.server.sleep.deviation.threshold = 300 (default)
2019-09-25 04:50:31,834 [pool-67-thread-1] INFO  server.RaftServerConfigKeys (ConfUtils.java:logGet(43)) - raft.server.log.appender.install.snapshot.enabled = false (custom)
2019-09-25 04:50:31,835 [pool-67-thread-1] INFO  impl.RaftServerImpl (ServerState.java:<init>(103)) - aabdae46-dcfa-45e6-b665-2c47bb305ebb@group-92A9DF878687: ConfigurationManager, init=-1: [aabdae46-dcfa-45e6-b665-2c47bb305ebb:192.168.151.106:41436], old=null, confs=<EMPTY_MAP>
2019-09-25 04:50:31,835 [pool-67-thread-1] INFO  server.RaftServerConfigKeys (ConfUtils.java:logGet(43)) - raft.server.storage.dir = [/workdir/hadoop-ozone/integration-test/target/test-dir/MiniOzoneClusterImpl-72f6cbb0-c919-4300-9939-20ef1cbf0e73/datanode-4/data/ratis] (custom)
2019-09-25 04:50:31,835 [pool-67-thread-1] INFO  storage.RaftStorageDirectory (RaftStorageDirectory.java:analyzeStorage(246)) - The storage directory /workdir/hadoop-ozone/integration-test/target/test-dir/MiniOzoneClusterImpl-72f6cbb0-c919-4300-9939-20ef1cbf0e73/datanode-4/data/ratis/968f2a59-29e0-412e-b05c-92a9df878687 does not exist. Creating ...
2019-09-25 04:50:31,860 [pool-67-thread-1] INFO  storage.RaftStorageDirectory (RaftStorageDirectory.java:tryLock(328)) - Lock on /workdir/hadoop-ozone/integration-test/target/test-dir/MiniOzoneClusterImpl-72f6cbb0-c919-4300-9939-20ef1cbf0e73/datanode-4/data/ratis/968f2a59-29e0-412e-b05c-92a9df878687/in_use.lock acquired by nodename 13648@pr-hdds-1569-x2sr2-3486766547
2019-09-25 04:50:31,873 [pool-67-thread-1] INFO  storage.RaftStorage (RaftStorage.java:format(72)) - Storage directory /workdir/hadoop-ozone/integration-test/target/test-dir/MiniOzoneClusterImpl-72f6cbb0-c919-4300-9939-20ef1cbf0e73/datanode-4/data/ratis/968f2a59-29e0-412e-b05c-92a9df878687 has been successfully formatted.
2019-09-25 04:50:31,874 [pool-67-thread-1] INFO  ratis.ContainerStateMachine (ContainerStateMachine.java:loadSnapshot(230)) - group-92A9DF878687: The snapshot info is null. Setting the last applied indexto:(t:0, i:~)
2019-09-25 04:50:31,874 [pool-67-thread-1] INFO  server.RaftServerConfigKeys (ConfUtils.java:logGet(43)) - raft.server.notification.no-leader.timeout = 120s (custom)
2019-09-25 04:50:31,874 [pool-67-thread-1] INFO  server.RaftServerConfigKeys (ConfUtils.java:logGet(43)) - raft.server.log.use.memory = false (default)
2019-09-25 04:50:31,874 [pool-67-thread-1] INFO  server.RaftServerConfigKeys (ConfUtils.java:logGet(43)) - raft.server.log.purge.gap = 1000000 (custom)
2019-09-25 04:50:31,874 [pool-67-thread-1] INFO  server.RaftServerConfigKeys (ConfUtils.java:logGet(43)) - raft.server.log.appender.buffer.byte-limit = 33554432 (custom)
2019-09-25 04:50:31,875 [pool-67-thread-1] INFO  server.RaftServerConfigKeys (ConfUtils.java:logGet(43)) - raft.server.log.segment.size.max = 1048576 (custom)
2019-09-25 04:50:31,875 [pool-67-thread-1] INFO  server.RaftServerConfigKeys (ConfUtils.java:logGet(43)) - raft.server.log.segment.cache.num.max = 2 (custom)
2019-09-25 04:50:31,875 [pool-67-thread-1] INFO  segmented.SegmentedRaftLogWorker (SegmentedRaftLogWorker.java:<init>(172)) - new aabdae46-dcfa-45e6-b665-2c47bb305ebb@group-92A9DF878687-SegmentedRaftLogWorker for RaftStorage:Storage Directory /workdir/hadoop-ozone/integration-test/target/test-dir/MiniOzoneClusterImpl-72f6cbb0-c919-4300-9939-20ef1cbf0e73/datanode-4/data/ratis/968f2a59-29e0-412e-b05c-92a9df878687
2019-09-25 04:50:31,875 [pool-67-thread-1] INFO  server.RaftServerConfigKeys (ConfUtils.java:logGet(43)) - raft.server.log.queue.byte-limit = 2147483647 (custom)
2019-09-25 04:50:31,875 [pool-67-thread-1] INFO  server.RaftServerConfigKeys (ConfUtils.java:logGet(43)) - raft.server.log.queue.element-limit = 1024 (custom)
2019-09-25 04:50:31,876 [pool-67-thread-1] INFO  server.RaftServerConfigKeys (ConfUtils.java:logGet(43)) - raft.server.log.segment.size.max = 1048576 (custom)
2019-09-25 04:50:31,876 [pool-67-thread-1] INFO  server.RaftServerConfigKeys (ConfUtils.java:logGet(43)) - raft.server.log.preallocated.size = 16384 (custom)
2019-09-25 04:50:31,876 [pool-67-thread-1] INFO  server.RaftServerConfigKeys (ConfUtils.java:logGet(43)) - raft.server.log.write.buffer.size = 33554432 (custom)
2019-09-25 04:50:31,876 [pool-67-thread-1] INFO  server.RaftServerConfigKeys (ConfUtils.java:logGet(43)) - raft.server.log.force.sync.num = 128 (default)
2019-09-25 04:50:31,876 [pool-67-thread-1] INFO  server.RaftServerConfigKeys (ConfUtils.java:logGet(43)) - raft.server.log.statemachine.data.sync = true (default)
2019-09-25 04:50:31,876 [pool-67-thread-1] INFO  server.RaftServerConfigKeys (ConfUtils.java:logGet(43)) - raft.server.log.statemachine.data.sync.timeout = 10s (default)
2019-09-25 04:50:31,877 [pool-67-thread-1] INFO  server.RaftServerConfigKeys (ConfUtils.java:logGet(43)) - raft.server.log.statemachine.data.sync.timeout.retry = -1 (default)
2019-09-25 04:50:31,877 [pool-67-thread-1] INFO  server.RaftServerConfigKeys (ConfUtils.java:logGet(43)) - raft.server.log.statemachine.data.caching.enabled = true (custom)
2019-09-25 04:50:31,877 [pool-67-thread-1] INFO  segmented.SegmentedRaftLogWorker (SegmentedRaftLogWorker.java:lambda$new$0(132)) - aabdae46-dcfa-45e6-b665-2c47bb305ebb@group-92A9DF878687-SegmentedRaftLogWorker: flushIndex: setUnconditionally 0 -> -1
2019-09-25 04:50:31,878 [pool-67-thread-1] INFO  server.RaftServerConfigKeys (ConfUtils.java:logGet(43)) - raft.server.snapshot.auto.trigger.enabled = true (custom)
2019-09-25 04:50:31,878 [pool-67-thread-1] INFO  server.RaftServerConfigKeys (ConfUtils.java:logGet(43)) - raft.server.snapshot.auto.trigger.threshold = 10000 (custom)
2019-09-25 04:50:31,878 [pool-67-thread-1] INFO  server.RaftServerConfigKeys (ConfUtils.java:logGet(43)) - raft.server.snapshot.retention.num.files = 5 (custom)
2019-09-25 04:50:31,878 [pool-67-thread-1] INFO  server.RaftServerConfigKeys (ConfUtils.java:logGet(43)) - raft.server.retrycache.expirytime = 600000ms (custom)
2019-09-25 04:50:31,881 [pool-67-thread-1] INFO  impl.RaftServerImpl (RaftServerImpl.java:start(185)) - aabdae46-dcfa-45e6-b665-2c47bb305ebb@group-92A9DF878687: start as a follower, conf=-1: [aabdae46-dcfa-45e6-b665-2c47bb305ebb:192.168.151.106:41436], old=null
2019-09-25 04:50:31,881 [pool-67-thread-1] INFO  impl.RaftServerImpl (RaftServerImpl.java:setRole(174)) - aabdae46-dcfa-45e6-b665-2c47bb305ebb@group-92A9DF878687: changes role from      null to FOLLOWER at term 0 for startAsFollower
2019-09-25 04:50:31,881 [pool-67-thread-1] INFO  impl.RoleInfo (RoleInfo.java:updateAndGet(143)) - aabdae46-dcfa-45e6-b665-2c47bb305ebb: start FollowerState
2019-09-25 04:50:31,882 [pool-67-thread-1] INFO  util.JmxRegister (JmxRegister.java:tryRegister(44)) - Successfully registered JMX Bean with object name Ratis:service=RaftServer,group=group-92A9DF878687,id=aabdae46-dcfa-45e6-b665-2c47bb305ebb
2019-09-25 04:50:31,885 [RatisPipelineUtilsThread] INFO  pipeline.PipelineStateManager (PipelineStateManager.java:addPipeline(56)) - Created pipeline Pipeline[ Id: 968f2a59-29e0-412e-b05c-92a9df878687, Nodes: aabdae46-dcfa-45e6-b665-2c47bb305ebb{ip: 192.168.151.106, host: pr-hdds-1569-x2sr2-3486766547, networkLocation: /default-rack, certSerialId: null}, Type:RATIS, Factor:ONE, State:OPEN]
2019-09-25 04:50:31,891 [grpc-default-executor-0] INFO  impl.RaftServerProxy (RaftServerProxy.java:addNew(89)) - aabdae46-dcfa-45e6-b665-2c47bb305ebb: addNew group-52955382E6A9:[aabdae46-dcfa-45e6-b665-2c47bb305ebb:192.168.151.106:41436] returns group-52955382E6A9:java.util.concurrent.CompletableFuture@429b9547[Not completed]
2019-09-25 04:50:31,893 [pool-67-thread-1] INFO  impl.RaftServerImpl (RaftServerImpl.java:<init>(95)) - aabdae46-dcfa-45e6-b665-2c47bb305ebb: new RaftServerImpl for group-52955382E6A9:[aabdae46-dcfa-45e6-b665-2c47bb305ebb:192.168.151.106:41436] with ContainerStateMachine:uninitialized
2019-09-25 04:50:31,893 [pool-67-thread-1] INFO  server.RaftServerConfigKeys (ConfUtils.java:logGet(43)) - raft.server.rpc.timeout.min = 5s (custom)
2019-09-25 04:50:31,893 [pool-67-thread-1] INFO  server.RaftServerConfigKeys (ConfUtils.java:logGet(43)) - raft.server.rpc.timeout.max = 5200ms (custom)
2019-09-25 04:50:31,893 [pool-67-thread-1] INFO  server.RaftServerConfigKeys (ConfUtils.java:logGet(43)) - raft.server.rpcslowness.timeout = 120s (custom)
2019-09-25 04:50:31,893 [pool-67-thread-1] INFO  server.RaftServerConfigKeys (ConfUtils.java:logGet(43)) - raft.server.sleep.deviation.threshold = 300 (default)
2019-09-25 04:50:31,894 [pool-67-thread-1] INFO  server.RaftServerConfigKeys (ConfUtils.java:logGet(43)) - raft.server.log.appender.install.snapshot.enabled = false (custom)
2019-09-25 04:50:31,894 [pool-67-thread-1] INFO  impl.RaftServerImpl (ServerState.java:<init>(103)) - aabdae46-dcfa-45e6-b665-2c47bb305ebb@group-52955382E6A9: ConfigurationManager, init=-1: [aabdae46-dcfa-45e6-b665-2c47bb305ebb:192.168.151.106:41436], old=null, confs=<EMPTY_MAP>
2019-09-25 04:50:31,894 [pool-67-thread-1] INFO  server.RaftServerConfigKeys (ConfUtils.java:logGet(43)) - raft.server.storage.dir = [/workdir/hadoop-ozone/integration-test/target/test-dir/MiniOzoneClusterImpl-72f6cbb0-c919-4300-9939-20ef1cbf0e73/datanode-4/data/ratis] (custom)
2019-09-25 04:50:31,894 [pool-67-thread-1] INFO  storage.RaftStorageDirectory (RaftStorageDirectory.java:analyzeStorage(246)) - The storage directory /workdir/hadoop-ozone/integration-test/target/test-dir/MiniOzoneClusterImpl-72f6cbb0-c919-4300-9939-20ef1cbf0e73/datanode-4/data/ratis/051f3182-3ee9-4ca6-b9e6-52955382e6a9 does not exist. Creating ...
2019-09-25 04:50:31,909 [pool-67-thread-1] INFO  storage.RaftStorageDirectory (RaftStorageDirectory.java:tryLock(328)) - Lock on /workdir/hadoop-ozone/integration-test/target/test-dir/MiniOzoneClusterImpl-72f6cbb0-c919-4300-9939-20ef1cbf0e73/datanode-4/data/ratis/051f3182-3ee9-4ca6-b9e6-52955382e6a9/in_use.lock acquired by nodename 13648@pr-hdds-1569-x2sr2-3486766547
2019-09-25 04:50:31,922 [pool-67-thread-1] INFO  storage.RaftStorage (RaftStorage.java:format(72)) - Storage directory /workdir/hadoop-ozone/integration-test/target/test-dir/MiniOzoneClusterImpl-72f6cbb0-c919-4300-9939-20ef1cbf0e73/datanode-4/data/ratis/051f3182-3ee9-4ca6-b9e6-52955382e6a9 has been successfully formatted.
2019-09-25 04:50:31,922 [pool-67-thread-1] INFO  ratis.ContainerStateMachine (ContainerStateMachine.java:loadSnapshot(230)) - group-52955382E6A9: The snapshot info is null. Setting the last applied indexto:(t:0, i:~)
2019-09-25 04:50:31,923 [pool-67-thread-1] INFO  server.RaftServerConfigKeys (ConfUtils.java:logGet(43)) - raft.server.notification.no-leader.timeout = 120s (custom)
2019-09-25 04:50:31,923 [pool-67-thread-1] INFO  server.RaftServerConfigKeys (ConfUtils.java:logGet(43)) - raft.server.log.use.memory = false (default)
2019-09-25 04:50:31,923 [pool-67-thread-1] INFO  server.RaftServerConfigKeys (ConfUtils.java:logGet(43)) - raft.server.log.purge.gap = 1000000 (custom)
2019-09-25 04:50:31,923 [pool-67-thread-1] INFO  server.RaftServerConfigKeys (ConfUtils.java:logGet(43)) - raft.server.log.appender.buffer.byte-limit = 33554432 (custom)
2019-09-25 04:50:31,923 [pool-67-thread-1] INFO  server.RaftServerConfigKeys (ConfUtils.java:logGet(43)) - raft.server.log.segment.size.max = 1048576 (custom)
2019-09-25 04:50:31,923 [pool-67-thread-1] INFO  server.RaftServerConfigKeys (ConfUtils.java:logGet(43)) - raft.server.log.segment.cache.num.max = 2 (custom)
2019-09-25 04:50:31,924 [pool-67-thread-1] INFO  segmented.SegmentedRaftLogWorker (SegmentedRaftLogWorker.java:<init>(172)) - new aabdae46-dcfa-45e6-b665-2c47bb305ebb@group-52955382E6A9-SegmentedRaftLogWorker for RaftStorage:Storage Directory /workdir/hadoop-ozone/integration-test/target/test-dir/MiniOzoneClusterImpl-72f6cbb0-c919-4300-9939-20ef1cbf0e73/datanode-4/data/ratis/051f3182-3ee9-4ca6-b9e6-52955382e6a9
2019-09-25 04:50:31,924 [pool-67-thread-1] INFO  server.RaftServerConfigKeys (ConfUtils.java:logGet(43)) - raft.server.log.queue.byte-limit = 2147483647 (custom)
2019-09-25 04:50:31,924 [pool-67-thread-1] INFO  server.RaftServerConfigKeys (ConfUtils.java:logGet(43)) - raft.server.log.queue.element-limit = 1024 (custom)
2019-09-25 04:50:31,924 [pool-67-thread-1] INFO  server.RaftServerConfigKeys (ConfUtils.java:logGet(43)) - raft.server.log.segment.size.max = 1048576 (custom)
2019-09-25 04:50:31,924 [pool-67-thread-1] INFO  server.RaftServerConfigKeys (ConfUtils.java:logGet(43)) - raft.server.log.preallocated.size = 16384 (custom)
2019-09-25 04:50:31,924 [pool-67-thread-1] INFO  server.RaftServerConfigKeys (ConfUtils.java:logGet(43)) - raft.server.log.write.buffer.size = 33554432 (custom)
2019-09-25 04:50:31,924 [pool-67-thread-1] INFO  server.RaftServerConfigKeys (ConfUtils.java:logGet(43)) - raft.server.log.force.sync.num = 128 (default)
2019-09-25 04:50:31,925 [pool-67-thread-1] INFO  server.RaftServerConfigKeys (ConfUtils.java:logGet(43)) - raft.server.log.statemachine.data.sync = true (default)
2019-09-25 04:50:31,925 [pool-67-thread-1] INFO  server.RaftServerConfigKeys (ConfUtils.java:logGet(43)) - raft.server.log.statemachine.data.sync.timeout = 10s (default)
2019-09-25 04:50:31,925 [pool-67-thread-1] INFO  server.RaftServerConfigKeys (ConfUtils.java:logGet(43)) - raft.server.log.statemachine.data.sync.timeout.retry = -1 (default)
2019-09-25 04:50:31,925 [pool-67-thread-1] INFO  server.RaftServerConfigKeys (ConfUtils.java:logGet(43)) - raft.server.log.statemachine.data.caching.enabled = true (custom)
2019-09-25 04:50:31,925 [Thread-307] INFO  impl.FollowerState (FollowerState.java:run(106)) - 4f7802c6-3418-4fbd-b0c6-a8e36fcecb0a:group-6FA31BFFAA0B changes to CANDIDATE, lastRpcTime:5080, electionTimeout:5080ms
2019-09-25 04:50:31,925 [pool-67-thread-1] INFO  segmented.SegmentedRaftLogWorker (SegmentedRaftLogWorker.java:lambda$new$0(132)) - aabdae46-dcfa-45e6-b665-2c47bb305ebb@group-52955382E6A9-SegmentedRaftLogWorker: flushIndex: setUnconditionally 0 -> -1
2019-09-25 04:50:31,926 [Thread-307] INFO  impl.RoleInfo (RoleInfo.java:shutdownFollowerState(121)) - 4f7802c6-3418-4fbd-b0c6-a8e36fcecb0a: shutdown FollowerState
2019-09-25 04:50:31,926 [Thread-307] INFO  impl.RaftServerImpl (RaftServerImpl.java:setRole(174)) - 4f7802c6-3418-4fbd-b0c6-a8e36fcecb0a@group-6FA31BFFAA0B: changes role from  FOLLOWER to CANDIDATE at term 0 for changeToCandidate
2019-09-25 04:50:31,926 [pool-67-thread-1] INFO  server.RaftServerConfigKeys (ConfUtils.java:logGet(43)) - raft.server.snapshot.auto.trigger.enabled = true (custom)
2019-09-25 04:50:31,926 [Thread-307] INFO  impl.RoleInfo (RoleInfo.java:updateAndGet(143)) - 4f7802c6-3418-4fbd-b0c6-a8e36fcecb0a: start LeaderElection
2019-09-25 04:50:31,926 [pool-67-thread-1] INFO  server.RaftServerConfigKeys (ConfUtils.java:logGet(43)) - raft.server.snapshot.auto.trigger.threshold = 10000 (custom)
2019-09-25 04:50:31,926 [pool-67-thread-1] INFO  server.RaftServerConfigKeys (ConfUtils.java:logGet(43)) - raft.server.snapshot.retention.num.files = 5 (custom)
2019-09-25 04:50:31,927 [pool-67-thread-1] INFO  server.RaftServerConfigKeys (ConfUtils.java:logGet(43)) - raft.server.retrycache.expirytime = 600000ms (custom)
2019-09-25 04:50:31,934 [pool-67-thread-1] INFO  impl.RaftServerImpl (RaftServerImpl.java:start(185)) - aabdae46-dcfa-45e6-b665-2c47bb305ebb@group-52955382E6A9: start as a follower, conf=-1: [aabdae46-dcfa-45e6-b665-2c47bb305ebb:192.168.151.106:41436], old=null
2019-09-25 04:50:31,934 [pool-67-thread-1] INFO  impl.RaftServerImpl (RaftServerImpl.java:setRole(174)) - aabdae46-dcfa-45e6-b665-2c47bb305ebb@group-52955382E6A9: changes role from      null to FOLLOWER at term 0 for startAsFollower
2019-09-25 04:50:31,934 [pool-67-thread-1] INFO  impl.RoleInfo (RoleInfo.java:updateAndGet(143)) - aabdae46-dcfa-45e6-b665-2c47bb305ebb: start FollowerState
2019-09-25 04:50:31,935 [pool-67-thread-1] INFO  util.JmxRegister (JmxRegister.java:tryRegister(44)) - Successfully registered JMX Bean with object name Ratis:service=RaftServer,group=group-52955382E6A9,id=aabdae46-dcfa-45e6-b665-2c47bb305ebb
2019-09-25 04:50:31,938 [RatisPipelineUtilsThread] INFO  pipeline.PipelineStateManager (PipelineStateManager.java:addPipeline(56)) - Created pipeline Pipeline[ Id: 051f3182-3ee9-4ca6-b9e6-52955382e6a9, Nodes: aabdae46-dcfa-45e6-b665-2c47bb305ebb{ip: 192.168.151.106, host: pr-hdds-1569-x2sr2-3486766547, networkLocation: /default-rack, certSerialId: null}, Type:RATIS, Factor:ONE, State:OPEN]
2019-09-25 04:50:31,943 [grpc-default-executor-0] INFO  impl.RaftServerProxy (RaftServerProxy.java:addNew(89)) - 45f1801e-7cfd-420a-bb39-98f19dcc81c3: addNew group-4F88288FBE08:[45f1801e-7cfd-420a-bb39-98f19dcc81c3:192.168.151.106:38437] returns group-4F88288FBE08:java.util.concurrent.CompletableFuture@b6ea047[Not completed]
2019-09-25 04:50:31,945 [4f7802c6-3418-4fbd-b0c6-a8e36fcecb0a@group-6FA31BFFAA0B:LeaderElection22] INFO  impl.LeaderElection (LeaderElection.java:askForVotes(182)) - 4f7802c6-3418-4fbd-b0c6-a8e36fcecb0a@group-6FA31BFFAA0B:LeaderElection22: begin an election at term 1 for -1: [4f7802c6-3418-4fbd-b0c6-a8e36fcecb0a:192.168.151.106:42026], old=null
2019-09-25 04:50:31,945 [4f7802c6-3418-4fbd-b0c6-a8e36fcecb0a@group-6FA31BFFAA0B:LeaderElection22] INFO  impl.RoleInfo (RoleInfo.java:shutdownLeaderElection(134)) - 4f7802c6-3418-4fbd-b0c6-a8e36fcecb0a: shutdown LeaderElection
2019-09-25 04:50:31,945 [4f7802c6-3418-4fbd-b0c6-a8e36fcecb0a@group-6FA31BFFAA0B:LeaderElection22] INFO  impl.RaftServerImpl (RaftServerImpl.java:setRole(174)) - 4f7802c6-3418-4fbd-b0c6-a8e36fcecb0a@group-6FA31BFFAA0B: changes role from CANDIDATE to LEADER at term 1 for changeToLeader
2019-09-25 04:50:31,945 [pool-87-thread-1] INFO  impl.RaftServerImpl (RaftServerImpl.java:<init>(95)) - 45f1801e-7cfd-420a-bb39-98f19dcc81c3: new RaftServerImpl for group-4F88288FBE08:[45f1801e-7cfd-420a-bb39-98f19dcc81c3:192.168.151.106:38437] with ContainerStateMachine:uninitialized
2019-09-25 04:50:31,945 [4f7802c6-3418-4fbd-b0c6-a8e36fcecb0a@group-6FA31BFFAA0B:LeaderElection22] INFO  impl.RaftServerImpl (ServerState.java:setLeader(253)) - 4f7802c6-3418-4fbd-b0c6-a8e36fcecb0a@group-6FA31BFFAA0B: change Leader from null to 4f7802c6-3418-4fbd-b0c6-a8e36fcecb0a at term 1 for becomeLeader, leader elected after 5109ms
2019-09-25 04:50:31,945 [pool-87-thread-1] INFO  server.RaftServerConfigKeys (ConfUtils.java:logGet(43)) - raft.server.rpc.timeout.min = 5s (custom)
2019-09-25 04:50:31,946 [4f7802c6-3418-4fbd-b0c6-a8e36fcecb0a@group-6FA31BFFAA0B:LeaderElection22] INFO  server.RaftServerConfigKeys (ConfUtils.java:logGet(43)) - raft.server.staging.catchup.gap = 1000 (default)
2019-09-25 04:50:31,946 [pool-87-thread-1] INFO  server.RaftServerConfigKeys (ConfUtils.java:logGet(43)) - raft.server.rpc.timeout.max = 5200ms (custom)
2019-09-25 04:50:31,946 [4f7802c6-3418-4fbd-b0c6-a8e36fcecb0a@group-6FA31BFFAA0B:LeaderElection22] INFO  server.RaftServerConfigKeys (ConfUtils.java:logGet(43)) - raft.server.rpc.sleep.time = 25ms (default)
2019-09-25 04:50:31,946 [pool-87-thread-1] INFO  server.RaftServerConfigKeys (ConfUtils.java:logGet(43)) - raft.server.rpcslowness.timeout = 120s (custom)
2019-09-25 04:50:31,946 [4f7802c6-3418-4fbd-b0c6-a8e36fcecb0a@group-6FA31BFFAA0B:LeaderElection22] INFO  server.RaftServerConfigKeys (ConfUtils.java:logGet(43)) - raft.server.write.element-limit = 4096 (default)
2019-09-25 04:50:31,946 [pool-87-thread-1] INFO  server.RaftServerConfigKeys (ConfUtils.java:logGet(43)) - raft.server.sleep.deviation.threshold = 300 (default)
2019-09-25 04:50:31,946 [4f7802c6-3418-4fbd-b0c6-a8e36fcecb0a@group-6FA31BFFAA0B:LeaderElection22] INFO  server.RaftServerConfigKeys (ConfUtils.java:logGet(43)) - raft.server.watch.timeout = 10s (default)
2019-09-25 04:50:31,947 [pool-87-thread-1] INFO  server.RaftServerConfigKeys (ConfUtils.java:logGet(43)) - raft.server.log.appender.install.snapshot.enabled = false (custom)
2019-09-25 04:50:31,947 [4f7802c6-3418-4fbd-b0c6-a8e36fcecb0a@group-6FA31BFFAA0B:LeaderElection22] INFO  server.RaftServerConfigKeys (ConfUtils.java:logGet(43)) - raft.server.watch.timeout.denomination = 1s (default)
2019-09-25 04:50:31,947 [pool-87-thread-1] INFO  impl.RaftServerImpl (ServerState.java:<init>(103)) - 45f1801e-7cfd-420a-bb39-98f19dcc81c3@group-4F88288FBE08: ConfigurationManager, init=-1: [45f1801e-7cfd-420a-bb39-98f19dcc81c3:192.168.151.106:38437], old=null, confs=<EMPTY_MAP>
2019-09-25 04:50:31,947 [4f7802c6-3418-4fbd-b0c6-a8e36fcecb0a@group-6FA31BFFAA0B:LeaderElection22] INFO  server.RaftServerConfigKeys (ConfUtils.java:logGet(43)) - raft.server.watch.element-limit = 65536 (default)
2019-09-25 04:50:31,947 [pool-87-thread-1] INFO  server.RaftServerConfigKeys (ConfUtils.java:logGet(43)) - raft.server.storage.dir = [/workdir/hadoop-ozone/integration-test/target/test-dir/MiniOzoneClusterImpl-72f6cbb0-c919-4300-9939-20ef1cbf0e73/datanode-6/data/ratis] (custom)
2019-09-25 04:50:31,948 [pool-87-thread-1] INFO  storage.RaftStorageDirectory (RaftStorageDirectory.java:analyzeStorage(246)) - The storage directory /workdir/hadoop-ozone/integration-test/target/test-dir/MiniOzoneClusterImpl-72f6cbb0-c919-4300-9939-20ef1cbf0e73/datanode-6/data/ratis/f817c26d-a47b-4391-9d9b-4f88288fbe08 does not exist. Creating ...
2019-09-25 04:50:31,950 [4f7802c6-3418-4fbd-b0c6-a8e36fcecb0a@group-6FA31BFFAA0B:LeaderElection22] INFO  impl.RoleInfo (RoleInfo.java:updateAndGet(143)) - 4f7802c6-3418-4fbd-b0c6-a8e36fcecb0a: start LeaderState
2019-09-25 04:50:31,950 [4f7802c6-3418-4fbd-b0c6-a8e36fcecb0a@group-6FA31BFFAA0B:LeaderElection22] INFO  segmented.SegmentedRaftLogWorker (SegmentedRaftLogWorker.java:startLogSegment(380)) - 4f7802c6-3418-4fbd-b0c6-a8e36fcecb0a@group-6FA31BFFAA0B-SegmentedRaftLogWorker: Starting segment from index:0
2019-09-25 04:50:31,951 [4f7802c6-3418-4fbd-b0c6-a8e36fcecb0a@group-6FA31BFFAA0B:LeaderElection22] INFO  impl.RaftServerImpl (ServerState.java:setRaftConf(354)) - 4f7802c6-3418-4fbd-b0c6-a8e36fcecb0a@group-6FA31BFFAA0B: set configuration 0: [4f7802c6-3418-4fbd-b0c6-a8e36fcecb0a:192.168.151.106:42026], old=null at 0
2019-09-25 04:50:31,991 [pool-87-thread-1] INFO  storage.RaftStorageDirectory (RaftStorageDirectory.java:tryLock(328)) - Lock on /workdir/hadoop-ozone/integration-test/target/test-dir/MiniOzoneClusterImpl-72f6cbb0-c919-4300-9939-20ef1cbf0e73/datanode-6/data/ratis/f817c26d-a47b-4391-9d9b-4f88288fbe08/in_use.lock acquired by nodename 13648@pr-hdds-1569-x2sr2-3486766547
2019-09-25 04:50:31,991 [Thread-310] INFO  impl.FollowerState (FollowerState.java:run(106)) - 9216b865-ce6b-4fb7-bc99-65479a86b6eb:group-200A6D279917 changes to CANDIDATE, lastRpcTime:5088, electionTimeout:5056ms
2019-09-25 04:50:31,991 [Thread-310] INFO  impl.RoleInfo (RoleInfo.java:shutdownFollowerState(121)) - 9216b865-ce6b-4fb7-bc99-65479a86b6eb: shutdown FollowerState
2019-09-25 04:50:31,991 [Thread-310] INFO  impl.RaftServerImpl (RaftServerImpl.java:setRole(174)) - 9216b865-ce6b-4fb7-bc99-65479a86b6eb@group-200A6D279917: changes role from  FOLLOWER to CANDIDATE at term 0 for changeToCandidate
2019-09-25 04:50:31,991 [Thread-310] INFO  impl.RoleInfo (RoleInfo.java:updateAndGet(143)) - 9216b865-ce6b-4fb7-bc99-65479a86b6eb: start LeaderElection
2019-09-25 04:50:32,005 [4f7802c6-3418-4fbd-b0c6-a8e36fcecb0a@group-6FA31BFFAA0B-SegmentedRaftLogWorker] INFO  segmented.SegmentedRaftLogWorker (SegmentedRaftLogWorker.java:execute(569)) - 4f7802c6-3418-4fbd-b0c6-a8e36fcecb0a@group-6FA31BFFAA0B-SegmentedRaftLogWorker: created new log segment /workdir/hadoop-ozone/integration-test/target/test-dir/MiniOzoneClusterImpl-72f6cbb0-c919-4300-9939-20ef1cbf0e73/datanode-3/data/ratis/bf88508a-7095-41d7-8e46-6fa31bffaa0b/current/log_inprogress_0
2019-09-25 04:50:32,005 [9216b865-ce6b-4fb7-bc99-65479a86b6eb@group-200A6D279917:LeaderElection23] INFO  impl.LeaderElection (LeaderElection.java:askForVotes(182)) - 9216b865-ce6b-4fb7-bc99-65479a86b6eb@group-200A6D279917:LeaderElection23: begin an election at term 1 for -1: [9216b865-ce6b-4fb7-bc99-65479a86b6eb:192.168.151.106:43252], old=null
2019-09-25 04:50:32,005 [pool-87-thread-1] INFO  storage.RaftStorage (RaftStorage.java:format(72)) - Storage directory /workdir/hadoop-ozone/integration-test/target/test-dir/MiniOzoneClusterImpl-72f6cbb0-c919-4300-9939-20ef1cbf0e73/datanode-6/data/ratis/f817c26d-a47b-4391-9d9b-4f88288fbe08 has been successfully formatted.
2019-09-25 04:50:32,005 [9216b865-ce6b-4fb7-bc99-65479a86b6eb@group-200A6D279917:LeaderElection23] INFO  impl.RoleInfo (RoleInfo.java:shutdownLeaderElection(134)) - 9216b865-ce6b-4fb7-bc99-65479a86b6eb: shutdown LeaderElection
2019-09-25 04:50:32,006 [pool-87-thread-1] INFO  ratis.ContainerStateMachine (ContainerStateMachine.java:loadSnapshot(230)) - group-4F88288FBE08: The snapshot info is null. Setting the last applied indexto:(t:0, i:~)
2019-09-25 04:50:32,006 [9216b865-ce6b-4fb7-bc99-65479a86b6eb@group-200A6D279917:LeaderElection23] INFO  impl.RaftServerImpl (RaftServerImpl.java:setRole(174)) - 9216b865-ce6b-4fb7-bc99-65479a86b6eb@group-200A6D279917: changes role from CANDIDATE to LEADER at term 1 for changeToLeader
2019-09-25 04:50:32,006 [pool-87-thread-1] INFO  server.RaftServerConfigKeys (ConfUtils.java:logGet(43)) - raft.server.notification.no-leader.timeout = 120s (custom)
2019-09-25 04:50:32,006 [9216b865-ce6b-4fb7-bc99-65479a86b6eb@group-200A6D279917:LeaderElection23] INFO  impl.RaftServerImpl (ServerState.java:setLeader(253)) - 9216b865-ce6b-4fb7-bc99-65479a86b6eb@group-200A6D279917: change Leader from null to 9216b865-ce6b-4fb7-bc99-65479a86b6eb at term 1 for becomeLeader, leader elected after 5111ms
2019-09-25 04:50:32,006 [pool-87-thread-1] INFO  server.RaftServerConfigKeys (ConfUtils.java:logGet(43)) - raft.server.log.use.memory = false (default)
2019-09-25 04:50:32,006 [9216b865-ce6b-4fb7-bc99-65479a86b6eb@group-200A6D279917:LeaderElection23] INFO  server.RaftServerConfigKeys (ConfUtils.java:logGet(43)) - raft.server.staging.catchup.gap = 1000 (default)
2019-09-25 04:50:32,007 [pool-87-thread-1] INFO  server.RaftServerConfigKeys (ConfUtils.java:logGet(43)) - raft.server.log.purge.gap = 1000000 (custom)
2019-09-25 04:50:32,007 [9216b865-ce6b-4fb7-bc99-65479a86b6eb@group-200A6D279917:LeaderElection23] INFO  server.RaftServerConfigKeys (ConfUtils.java:logGet(43)) - raft.server.rpc.sleep.time = 25ms (default)
2019-09-25 04:50:32,007 [pool-87-thread-1] INFO  server.RaftServerConfigKeys (ConfUtils.java:logGet(43)) - raft.server.log.appender.buffer.byte-limit = 33554432 (custom)
2019-09-25 04:50:32,007 [9216b865-ce6b-4fb7-bc99-65479a86b6eb@group-200A6D279917:LeaderElection23] INFO  server.RaftServerConfigKeys (ConfUtils.java:logGet(43)) - raft.server.write.element-limit = 4096 (default)
2019-09-25 04:50:32,007 [pool-87-thread-1] INFO  server.RaftServerConfigKeys (ConfUtils.java:logGet(43)) - raft.server.log.segment.size.max = 1048576 (custom)
2019-09-25 04:50:32,007 [9216b865-ce6b-4fb7-bc99-65479a86b6eb@group-200A6D279917:LeaderElection23] INFO  server.RaftServerConfigKeys (ConfUtils.java:logGet(43)) - raft.server.watch.timeout = 10s (default)
2019-09-25 04:50:32,008 [pool-87-thread-1] INFO  server.RaftServerConfigKeys (ConfUtils.java:logGet(43)) - raft.server.log.segment.cache.num.max = 2 (custom)
2019-09-25 04:50:32,008 [9216b865-ce6b-4fb7-bc99-65479a86b6eb@group-200A6D279917:LeaderElection23] INFO  server.RaftServerConfigKeys (ConfUtils.java:logGet(43)) - raft.server.watch.timeout.denomination = 1s (default)
2019-09-25 04:50:32,008 [pool-87-thread-1] INFO  segmented.SegmentedRaftLogWorker (SegmentedRaftLogWorker.java:<init>(172)) - new 45f1801e-7cfd-420a-bb39-98f19dcc81c3@group-4F88288FBE08-SegmentedRaftLogWorker for RaftStorage:Storage Directory /workdir/hadoop-ozone/integration-test/target/test-dir/MiniOzoneClusterImpl-72f6cbb0-c919-4300-9939-20ef1cbf0e73/datanode-6/data/ratis/f817c26d-a47b-4391-9d9b-4f88288fbe08
2019-09-25 04:50:32,008 [9216b865-ce6b-4fb7-bc99-65479a86b6eb@group-200A6D279917:LeaderElection23] INFO  server.RaftServerConfigKeys (ConfUtils.java:logGet(43)) - raft.server.watch.element-limit = 65536 (default)
2019-09-25 04:50:32,008 [pool-87-thread-1] INFO  server.RaftServerConfigKeys (ConfUtils.java:logGet(43)) - raft.server.log.queue.byte-limit = 2147483647 (custom)
2019-09-25 04:50:32,008 [pool-87-thread-1] INFO  server.RaftServerConfigKeys (ConfUtils.java:logGet(43)) - raft.server.log.queue.element-limit = 1024 (custom)
2019-09-25 04:50:32,009 [pool-87-thread-1] INFO  server.RaftServerConfigKeys (ConfUtils.java:logGet(43)) - raft.server.log.segment.size.max = 1048576 (custom)
2019-09-25 04:50:32,009 [pool-87-thread-1] INFO  server.RaftServerConfigKeys (ConfUtils.java:logGet(43)) - raft.server.log.preallocated.size = 16384 (custom)
2019-09-25 04:50:32,009 [pool-87-thread-1] INFO  server.RaftServerConfigKeys (ConfUtils.java:logGet(43)) - raft.server.log.write.buffer.size = 33554432 (custom)
2019-09-25 04:50:32,009 [pool-87-thread-1] INFO  server.RaftServerConfigKeys (ConfUtils.java:logGet(43)) - raft.server.log.force.sync.num = 128 (default)
2019-09-25 04:50:32,009 [pool-87-thread-1] INFO  server.RaftServerConfigKeys (ConfUtils.java:logGet(43)) - raft.server.log.statemachine.data.sync = true (default)
2019-09-25 04:50:32,009 [pool-87-thread-1] INFO  server.RaftServerConfigKeys (ConfUtils.java:logGet(43)) - raft.server.log.statemachine.data.sync.timeout = 10s (default)
2019-09-25 04:50:32,010 [pool-87-thread-1] INFO  server.RaftServerConfigKeys (ConfUtils.java:logGet(43)) - raft.server.log.statemachine.data.sync.timeout.retry = -1 (default)
2019-09-25 04:50:32,010 [pool-87-thread-1] INFO  server.RaftServerConfigKeys (ConfUtils.java:logGet(43)) - raft.server.log.statemachine.data.caching.enabled = true (custom)
2019-09-25 04:50:32,010 [pool-87-thread-1] INFO  segmented.SegmentedRaftLogWorker (SegmentedRaftLogWorker.java:lambda$new$0(132)) - 45f1801e-7cfd-420a-bb39-98f19dcc81c3@group-4F88288FBE08-SegmentedRaftLogWorker: flushIndex: setUnconditionally 0 -> -1
2019-09-25 04:50:32,011 [pool-87-thread-1] INFO  server.RaftServerConfigKeys (ConfUtils.java:logGet(43)) - raft.server.snapshot.auto.trigger.enabled = true (custom)
2019-09-25 04:50:32,011 [9216b865-ce6b-4fb7-bc99-65479a86b6eb@group-200A6D279917:LeaderElection23] INFO  impl.RoleInfo (RoleInfo.java:updateAndGet(143)) - 9216b865-ce6b-4fb7-bc99-65479a86b6eb: start LeaderState
2019-09-25 04:50:32,011 [pool-87-thread-1] INFO  server.RaftServerConfigKeys (ConfUtils.java:logGet(43)) - raft.server.snapshot.auto.trigger.threshold = 10000 (custom)
2019-09-25 04:50:32,011 [9216b865-ce6b-4fb7-bc99-65479a86b6eb@group-200A6D279917:LeaderElection23] INFO  segmented.SegmentedRaftLogWorker (SegmentedRaftLogWorker.java:startLogSegment(380)) - 9216b865-ce6b-4fb7-bc99-65479a86b6eb@group-200A6D279917-SegmentedRaftLogWorker: Starting segment from index:0
2019-09-25 04:50:32,011 [pool-87-thread-1] INFO  server.RaftServerConfigKeys (ConfUtils.java:logGet(43)) - raft.server.snapshot.retention.num.files = 5 (custom)
2019-09-25 04:50:32,012 [pool-87-thread-1] INFO  server.RaftServerConfigKeys (ConfUtils.java:logGet(43)) - raft.server.retrycache.expirytime = 600000ms (custom)
2019-09-25 04:50:32,012 [9216b865-ce6b-4fb7-bc99-65479a86b6eb@group-200A6D279917:LeaderElection23] INFO  impl.RaftServerImpl (ServerState.java:setRaftConf(354)) - 9216b865-ce6b-4fb7-bc99-65479a86b6eb@group-200A6D279917: set configuration 0: [9216b865-ce6b-4fb7-bc99-65479a86b6eb:192.168.151.106:43252], old=null at 0
2019-09-25 04:50:32,059 [pool-87-thread-1] INFO  impl.RaftServerImpl (RaftServerImpl.java:start(185)) - 45f1801e-7cfd-420a-bb39-98f19dcc81c3@group-4F88288FBE08: start as a follower, conf=-1: [45f1801e-7cfd-420a-bb39-98f19dcc81c3:192.168.151.106:38437], old=null
2019-09-25 04:50:32,060 [pool-87-thread-1] INFO  impl.RaftServerImpl (RaftServerImpl.java:setRole(174)) - 45f1801e-7cfd-420a-bb39-98f19dcc81c3@group-4F88288FBE08: changes role from      null to FOLLOWER at term 0 for startAsFollower
2019-09-25 04:50:32,060 [pool-87-thread-1] INFO  impl.RoleInfo (RoleInfo.java:updateAndGet(143)) - 45f1801e-7cfd-420a-bb39-98f19dcc81c3: start FollowerState
2019-09-25 04:50:32,061 [pool-87-thread-1] INFO  util.JmxRegister (JmxRegister.java:tryRegister(44)) - Successfully registered JMX Bean with object name Ratis:service=RaftServer,group=group-4F88288FBE08,id=45f1801e-7cfd-420a-bb39-98f19dcc81c3
2019-09-25 04:50:32,064 [RatisPipelineUtilsThread] INFO  pipeline.PipelineStateManager (PipelineStateManager.java:addPipeline(56)) - Created pipeline Pipeline[ Id: f817c26d-a47b-4391-9d9b-4f88288fbe08, Nodes: 45f1801e-7cfd-420a-bb39-98f19dcc81c3{ip: 192.168.151.106, host: pr-hdds-1569-x2sr2-3486766547, networkLocation: /default-rack, certSerialId: null}, Type:RATIS, Factor:ONE, State:OPEN]
2019-09-25 04:50:32,076 [9216b865-ce6b-4fb7-bc99-65479a86b6eb@group-200A6D279917-SegmentedRaftLogWorker] INFO  segmented.SegmentedRaftLogWorker (SegmentedRaftLogWorker.java:execute(569)) - 9216b865-ce6b-4fb7-bc99-65479a86b6eb@group-200A6D279917-SegmentedRaftLogWorker: created new log segment /workdir/hadoop-ozone/integration-test/target/test-dir/MiniOzoneClusterImpl-72f6cbb0-c919-4300-9939-20ef1cbf0e73/datanode-5/data/ratis/66ff5676-6743-43ab-8888-200a6d279917/current/log_inprogress_0
2019-09-25 04:50:32,078 [grpc-default-executor-0] INFO  impl.RaftServerProxy (RaftServerProxy.java:addNew(89)) - 9216b865-ce6b-4fb7-bc99-65479a86b6eb: addNew group-8A882E087A7F:[9216b865-ce6b-4fb7-bc99-65479a86b6eb:192.168.151.106:43252] returns group-8A882E087A7F:java.util.concurrent.CompletableFuture@2a78ee38[Not completed]
2019-09-25 04:50:32,080 [pool-77-thread-1] INFO  impl.RaftServerImpl (RaftServerImpl.java:<init>(95)) - 9216b865-ce6b-4fb7-bc99-65479a86b6eb: new RaftServerImpl for group-8A882E087A7F:[9216b865-ce6b-4fb7-bc99-65479a86b6eb:192.168.151.106:43252] with ContainerStateMachine:uninitialized
2019-09-25 04:50:32,080 [pool-77-thread-1] INFO  server.RaftServerConfigKeys (ConfUtils.java:logGet(43)) - raft.server.rpc.timeout.min = 5s (custom)
2019-09-25 04:50:32,080 [pool-77-thread-1] INFO  server.RaftServerConfigKeys (ConfUtils.java:logGet(43)) - raft.server.rpc.timeout.max = 5200ms (custom)
2019-09-25 04:50:32,080 [pool-77-thread-1] INFO  server.RaftServerConfigKeys (ConfUtils.java:logGet(43)) - raft.server.rpcslowness.timeout = 120s (custom)
2019-09-25 04:50:32,080 [pool-77-thread-1] INFO  server.RaftServerConfigKeys (ConfUtils.java:logGet(43)) - raft.server.sleep.deviation.threshold = 300 (default)
2019-09-25 04:50:32,081 [pool-77-thread-1] INFO  server.RaftServerConfigKeys (ConfUtils.java:logGet(43)) - raft.server.log.appender.install.snapshot.enabled = false (custom)
2019-09-25 04:50:32,081 [pool-77-thread-1] INFO  impl.RaftServerImpl (ServerState.java:<init>(103)) - 9216b865-ce6b-4fb7-bc99-65479a86b6eb@group-8A882E087A7F: ConfigurationManager, init=-1: [9216b865-ce6b-4fb7-bc99-65479a86b6eb:192.168.151.106:43252], old=null, confs=<EMPTY_MAP>
2019-09-25 04:50:32,081 [pool-77-thread-1] INFO  server.RaftServerConfigKeys (ConfUtils.java:logGet(43)) - raft.server.storage.dir = [/workdir/hadoop-ozone/integration-test/target/test-dir/MiniOzoneClusterImpl-72f6cbb0-c919-4300-9939-20ef1cbf0e73/datanode-5/data/ratis] (custom)
2019-09-25 04:50:32,081 [pool-77-thread-1] INFO  storage.RaftStorageDirectory (RaftStorageDirectory.java:analyzeStorage(246)) - The storage directory /workdir/hadoop-ozone/integration-test/target/test-dir/MiniOzoneClusterImpl-72f6cbb0-c919-4300-9939-20ef1cbf0e73/datanode-5/data/ratis/ffa5b3d8-ea58-4c02-a518-8a882e087a7f does not exist. Creating ...
2019-09-25 04:50:32,083 [Thread-316] INFO  impl.FollowerState (FollowerState.java:run(106)) - 9216b865-ce6b-4fb7-bc99-65479a86b6eb:group-AF3CD6006084 changes to CANDIDATE, lastRpcTime:5068, electionTimeout:5068ms
2019-09-25 04:50:32,083 [Thread-316] INFO  impl.RoleInfo (RoleInfo.java:shutdownFollowerState(121)) - 9216b865-ce6b-4fb7-bc99-65479a86b6eb: shutdown FollowerState
2019-09-25 04:50:32,084 [Thread-316] INFO  impl.RaftServerImpl (RaftServerImpl.java:setRole(174)) - 9216b865-ce6b-4fb7-bc99-65479a86b6eb@group-AF3CD6006084: changes role from  FOLLOWER to CANDIDATE at term 0 for changeToCandidate
2019-09-25 04:50:32,084 [Thread-316] INFO  impl.RoleInfo (RoleInfo.java:updateAndGet(143)) - 9216b865-ce6b-4fb7-bc99-65479a86b6eb: start LeaderElection
2019-09-25 04:50:32,098 [pool-77-thread-1] INFO  storage.RaftStorageDirectory (RaftStorageDirectory.java:tryLock(328)) - Lock on /workdir/hadoop-ozone/integration-test/target/test-dir/MiniOzoneClusterImpl-72f6cbb0-c919-4300-9939-20ef1cbf0e73/datanode-5/data/ratis/ffa5b3d8-ea58-4c02-a518-8a882e087a7f/in_use.lock acquired by nodename 13648@pr-hdds-1569-x2sr2-3486766547
2019-09-25 04:50:32,098 [Thread-313] INFO  impl.FollowerState (FollowerState.java:run(106)) - 45f1801e-7cfd-420a-bb39-98f19dcc81c3:group-F1485DBA88AA changes to CANDIDATE, lastRpcTime:5139, electionTimeout:5131ms
2019-09-25 04:50:32,099 [Thread-313] INFO  impl.RoleInfo (RoleInfo.java:shutdownFollowerState(121)) - 45f1801e-7cfd-420a-bb39-98f19dcc81c3: shutdown FollowerState
2019-09-25 04:50:32,099 [Thread-313] INFO  impl.RaftServerImpl (RaftServerImpl.java:setRole(174)) - 45f1801e-7cfd-420a-bb39-98f19dcc81c3@group-F1485DBA88AA: changes role from  FOLLOWER to CANDIDATE at term 0 for changeToCandidate
2019-09-25 04:50:32,099 [Thread-313] INFO  impl.RoleInfo (RoleInfo.java:updateAndGet(143)) - 45f1801e-7cfd-420a-bb39-98f19dcc81c3: start LeaderElection
2019-09-25 04:50:32,124 [pool-77-thread-1] INFO  storage.RaftStorage (RaftStorage.java:format(72)) - Storage directory /workdir/hadoop-ozone/integration-test/target/test-dir/MiniOzoneClusterImpl-72f6cbb0-c919-4300-9939-20ef1cbf0e73/datanode-5/data/ratis/ffa5b3d8-ea58-4c02-a518-8a882e087a7f has been successfully formatted.
2019-09-25 04:50:32,125 [45f1801e-7cfd-420a-bb39-98f19dcc81c3@group-F1485DBA88AA:LeaderElection25] INFO  impl.LeaderElection (LeaderElection.java:askForVotes(182)) - 45f1801e-7cfd-420a-bb39-98f19dcc81c3@group-F1485DBA88AA:LeaderElection25: begin an election at term 1 for -1: [45f1801e-7cfd-420a-bb39-98f19dcc81c3:192.168.151.106:38437], old=null
2019-09-25 04:50:32,125 [pool-77-thread-1] INFO  ratis.ContainerStateMachine (ContainerStateMachine.java:loadSnapshot(230)) - group-8A882E087A7F: The snapshot info is null. Setting the last applied indexto:(t:0, i:~)
2019-09-25 04:50:32,125 [9216b865-ce6b-4fb7-bc99-65479a86b6eb@group-AF3CD6006084:LeaderElection24] INFO  impl.LeaderElection (LeaderElection.java:askForVotes(182)) - 9216b865-ce6b-4fb7-bc99-65479a86b6eb@group-AF3CD6006084:LeaderElection24: begin an election at term 1 for -1: [9216b865-ce6b-4fb7-bc99-65479a86b6eb:192.168.151.106:43252], old=null
2019-09-25 04:50:32,125 [pool-77-thread-1] INFO  server.RaftServerConfigKeys (ConfUtils.java:logGet(43)) - raft.server.notification.no-leader.timeout = 120s (custom)
2019-09-25 04:50:32,125 [45f1801e-7cfd-420a-bb39-98f19dcc81c3@group-F1485DBA88AA:LeaderElection25] INFO  impl.RoleInfo (RoleInfo.java:shutdownLeaderElection(134)) - 45f1801e-7cfd-420a-bb39-98f19dcc81c3: shutdown LeaderElection
2019-09-25 04:50:32,126 [pool-77-thread-1] INFO  server.RaftServerConfigKeys (ConfUtils.java:logGet(43)) - raft.server.log.use.memory = false (default)
2019-09-25 04:50:32,125 [9216b865-ce6b-4fb7-bc99-65479a86b6eb@group-AF3CD6006084:LeaderElection24] INFO  impl.RoleInfo (RoleInfo.java:shutdownLeaderElection(134)) - 9216b865-ce6b-4fb7-bc99-65479a86b6eb: shutdown LeaderElection
2019-09-25 04:50:32,126 [pool-77-thread-1] INFO  server.RaftServerConfigKeys (ConfUtils.java:logGet(43)) - raft.server.log.purge.gap = 1000000 (custom)
2019-09-25 04:50:32,126 [45f1801e-7cfd-420a-bb39-98f19dcc81c3@group-F1485DBA88AA:LeaderElection25] INFO  impl.RaftServerImpl (RaftServerImpl.java:setRole(174)) - 45f1801e-7cfd-420a-bb39-98f19dcc81c3@group-F1485DBA88AA: changes role from CANDIDATE to LEADER at term 1 for changeToLeader
2019-09-25 04:50:32,126 [pool-77-thread-1] INFO  server.RaftServerConfigKeys (ConfUtils.java:logGet(43)) - raft.server.log.appender.buffer.byte-limit = 33554432 (custom)
2019-09-25 04:50:32,126 [9216b865-ce6b-4fb7-bc99-65479a86b6eb@group-AF3CD6006084:LeaderElection24] INFO  impl.RaftServerImpl (RaftServerImpl.java:setRole(174)) - 9216b865-ce6b-4fb7-bc99-65479a86b6eb@group-AF3CD6006084: changes role from CANDIDATE to LEADER at term 1 for changeToLeader
2019-09-25 04:50:32,127 [pool-77-thread-1] INFO  server.RaftServerConfigKeys (ConfUtils.java:logGet(43)) - raft.server.log.segment.size.max = 1048576 (custom)
2019-09-25 04:50:32,126 [45f1801e-7cfd-420a-bb39-98f19dcc81c3@group-F1485DBA88AA:LeaderElection25] INFO  impl.RaftServerImpl (ServerState.java:setLeader(253)) - 45f1801e-7cfd-420a-bb39-98f19dcc81c3@group-F1485DBA88AA: change Leader from null to 45f1801e-7cfd-420a-bb39-98f19dcc81c3 at term 1 for becomeLeader, leader elected after 5174ms
2019-09-25 04:50:32,127 [pool-77-thread-1] INFO  server.RaftServerConfigKeys (ConfUtils.java:logGet(43)) - raft.server.log.segment.cache.num.max = 2 (custom)
2019-09-25 04:50:32,127 [9216b865-ce6b-4fb7-bc99-65479a86b6eb@group-AF3CD6006084:LeaderElection24] INFO  impl.RaftServerImpl (ServerState.java:setLeader(253)) - 9216b865-ce6b-4fb7-bc99-65479a86b6eb@group-AF3CD6006084: change Leader from null to 9216b865-ce6b-4fb7-bc99-65479a86b6eb at term 1 for becomeLeader, leader elected after 5121ms
2019-09-25 04:50:32,127 [pool-77-thread-1] INFO  segmented.SegmentedRaftLogWorker (SegmentedRaftLogWorker.java:<init>(172)) - new 9216b865-ce6b-4fb7-bc99-65479a86b6eb@group-8A882E087A7F-SegmentedRaftLogWorker for RaftStorage:Storage Directory /workdir/hadoop-ozone/integration-test/target/test-dir/MiniOzoneClusterImpl-72f6cbb0-c919-4300-9939-20ef1cbf0e73/datanode-5/data/ratis/ffa5b3d8-ea58-4c02-a518-8a882e087a7f
2019-09-25 04:50:32,127 [45f1801e-7cfd-420a-bb39-98f19dcc81c3@group-F1485DBA88AA:LeaderElection25] INFO  server.RaftServerConfigKeys (ConfUtils.java:logGet(43)) - raft.server.staging.catchup.gap = 1000 (default)
2019-09-25 04:50:32,128 [pool-77-thread-1] INFO  server.RaftServerConfigKeys (ConfUtils.java:logGet(43)) - raft.server.log.queue.byte-limit = 2147483647 (custom)
2019-09-25 04:50:32,128 [pool-77-thread-1] INFO  server.RaftServerConfigKeys (ConfUtils.java:logGet(43)) - raft.server.log.queue.element-limit = 1024 (custom)
2019-09-25 04:50:32,128 [9216b865-ce6b-4fb7-bc99-65479a86b6eb@group-AF3CD6006084:LeaderElection24] INFO  server.RaftServerConfigKeys (ConfUtils.java:logGet(43)) - raft.server.staging.catchup.gap = 1000 (default)
2019-09-25 04:50:32,128 [pool-77-thread-1] INFO  server.RaftServerConfigKeys (ConfUtils.java:logGet(43)) - raft.server.log.segment.size.max = 1048576 (custom)
2019-09-25 04:50:32,128 [45f1801e-7cfd-420a-bb39-98f19dcc81c3@group-F1485DBA88AA:LeaderElection25] INFO  server.RaftServerConfigKeys (ConfUtils.java:logGet(43)) - raft.server.rpc.sleep.time = 25ms (default)
2019-09-25 04:50:32,129 [pool-77-thread-1] INFO  server.RaftServerConfigKeys (ConfUtils.java:logGet(43)) - raft.server.log.preallocated.size = 16384 (custom)
2019-09-25 04:50:32,128 [9216b865-ce6b-4fb7-bc99-65479a86b6eb@group-AF3CD6006084:LeaderElection24] INFO  server.RaftServerConfigKeys (ConfUtils.java:logGet(43)) - raft.server.rpc.sleep.time = 25ms (default)
2019-09-25 04:50:32,129 [pool-77-thread-1] INFO  server.RaftServerConfigKeys (ConfUtils.java:logGet(43)) - raft.server.log.write.buffer.size = 33554432 (custom)
2019-09-25 04:50:32,129 [45f1801e-7cfd-420a-bb39-98f19dcc81c3@group-F1485DBA88AA:LeaderElection25] INFO  server.RaftServerConfigKeys (ConfUtils.java:logGet(43)) - raft.server.write.element-limit = 4096 (default)
2019-09-25 04:50:32,129 [pool-77-thread-1] INFO  server.RaftServerConfigKeys (ConfUtils.java:logGet(43)) - raft.server.log.force.sync.num = 128 (default)
2019-09-25 04:50:32,130 [pool-77-thread-1] INFO  server.RaftServerConfigKeys (ConfUtils.java:logGet(43)) - raft.server.log.statemachine.data.sync = true (default)
2019-09-25 04:50:32,129 [9216b865-ce6b-4fb7-bc99-65479a86b6eb@group-AF3CD6006084:LeaderElection24] INFO  server.RaftServerConfigKeys (ConfUtils.java:logGet(43)) - raft.server.write.element-limit = 4096 (default)
2019-09-25 04:50:32,130 [pool-77-thread-1] INFO  server.RaftServerConfigKeys (ConfUtils.java:logGet(43)) - raft.server.log.statemachine.data.sync.timeout = 10s (default)
2019-09-25 04:50:32,129 [45f1801e-7cfd-420a-bb39-98f19dcc81c3@group-F1485DBA88AA:LeaderElection25] INFO  server.RaftServerConfigKeys (ConfUtils.java:logGet(43)) - raft.server.watch.timeout = 10s (default)
2019-09-25 04:50:32,130 [pool-77-thread-1] INFO  server.RaftServerConfigKeys (ConfUtils.java:logGet(43)) - raft.server.log.statemachine.data.sync.timeout.retry = -1 (default)
2019-09-25 04:50:32,130 [9216b865-ce6b-4fb7-bc99-65479a86b6eb@group-AF3CD6006084:LeaderElection24] INFO  server.RaftServerConfigKeys (ConfUtils.java:logGet(43)) - raft.server.watch.timeout = 10s (default)
2019-09-25 04:50:32,131 [pool-77-thread-1] INFO  server.RaftServerConfigKeys (ConfUtils.java:logGet(43)) - raft.server.log.statemachine.data.caching.enabled = true (custom)
2019-09-25 04:50:32,130 [45f1801e-7cfd-420a-bb39-98f19dcc81c3@group-F1485DBA88AA:LeaderElection25] INFO  server.RaftServerConfigKeys (ConfUtils.java:logGet(43)) - raft.server.watch.timeout.denomination = 1s (default)
2019-09-25 04:50:32,131 [9216b865-ce6b-4fb7-bc99-65479a86b6eb@group-AF3CD6006084:LeaderElection24] INFO  server.RaftServerConfigKeys (ConfUtils.java:logGet(43)) - raft.server.watch.timeout.denomination = 1s (default)
2019-09-25 04:50:32,131 [45f1801e-7cfd-420a-bb39-98f19dcc81c3@group-F1485DBA88AA:LeaderElection25] INFO  server.RaftServerConfigKeys (ConfUtils.java:logGet(43)) - raft.server.watch.element-limit = 65536 (default)
2019-09-25 04:50:32,131 [pool-77-thread-1] INFO  segmented.SegmentedRaftLogWorker (SegmentedRaftLogWorker.java:lambda$new$0(132)) - 9216b865-ce6b-4fb7-bc99-65479a86b6eb@group-8A882E087A7F-SegmentedRaftLogWorker: flushIndex: setUnconditionally 0 -> -1
2019-09-25 04:50:32,131 [9216b865-ce6b-4fb7-bc99-65479a86b6eb@group-AF3CD6006084:LeaderElection24] INFO  server.RaftServerConfigKeys (ConfUtils.java:logGet(43)) - raft.server.watch.element-limit = 65536 (default)
2019-09-25 04:50:32,132 [pool-77-thread-1] INFO  server.RaftServerConfigKeys (ConfUtils.java:logGet(43)) - raft.server.snapshot.auto.trigger.enabled = true (custom)
2019-09-25 04:50:32,132 [pool-77-thread-1] INFO  server.RaftServerConfigKeys (ConfUtils.java:logGet(43)) - raft.server.snapshot.auto.trigger.threshold = 10000 (custom)
2019-09-25 04:50:32,133 [pool-77-thread-1] INFO  server.RaftServerConfigKeys (ConfUtils.java:logGet(43)) - raft.server.snapshot.retention.num.files = 5 (custom)
2019-09-25 04:50:32,133 [pool-77-thread-1] INFO  server.RaftServerConfigKeys (ConfUtils.java:logGet(43)) - raft.server.retrycache.expirytime = 600000ms (custom)
2019-09-25 04:50:32,139 [45f1801e-7cfd-420a-bb39-98f19dcc81c3@group-F1485DBA88AA:LeaderElection25] INFO  impl.RoleInfo (RoleInfo.java:updateAndGet(143)) - 45f1801e-7cfd-420a-bb39-98f19dcc81c3: start LeaderState
2019-09-25 04:50:32,139 [9216b865-ce6b-4fb7-bc99-65479a86b6eb@group-AF3CD6006084:LeaderElection24] INFO  impl.RoleInfo (RoleInfo.java:updateAndGet(143)) - 9216b865-ce6b-4fb7-bc99-65479a86b6eb: start LeaderState
2019-09-25 04:50:32,139 [9216b865-ce6b-4fb7-bc99-65479a86b6eb@group-AF3CD6006084:LeaderElection24] INFO  segmented.SegmentedRaftLogWorker (SegmentedRaftLogWorker.java:startLogSegment(380)) - 9216b865-ce6b-4fb7-bc99-65479a86b6eb@group-AF3CD6006084-SegmentedRaftLogWorker: Starting segment from index:0
2019-09-25 04:50:32,139 [45f1801e-7cfd-420a-bb39-98f19dcc81c3@group-F1485DBA88AA:LeaderElection25] INFO  segmented.SegmentedRaftLogWorker (SegmentedRaftLogWorker.java:startLogSegment(380)) - 45f1801e-7cfd-420a-bb39-98f19dcc81c3@group-F1485DBA88AA-SegmentedRaftLogWorker: Starting segment from index:0
2019-09-25 04:50:32,140 [pool-77-thread-1] INFO  impl.RaftServerImpl (RaftServerImpl.java:start(185)) - 9216b865-ce6b-4fb7-bc99-65479a86b6eb@group-8A882E087A7F: start as a follower, conf=-1: [9216b865-ce6b-4fb7-bc99-65479a86b6eb:192.168.151.106:43252], old=null
2019-09-25 04:50:32,140 [9216b865-ce6b-4fb7-bc99-65479a86b6eb@group-AF3CD6006084:LeaderElection24] INFO  impl.RaftServerImpl (ServerState.java:setRaftConf(354)) - 9216b865-ce6b-4fb7-bc99-65479a86b6eb@group-AF3CD6006084: set configuration 0: [9216b865-ce6b-4fb7-bc99-65479a86b6eb:192.168.151.106:43252], old=null at 0
2019-09-25 04:50:32,140 [pool-77-thread-1] INFO  impl.RaftServerImpl (RaftServerImpl.java:setRole(174)) - 9216b865-ce6b-4fb7-bc99-65479a86b6eb@group-8A882E087A7F: changes role from      null to FOLLOWER at term 0 for startAsFollower
2019-09-25 04:50:32,178 [45f1801e-7cfd-420a-bb39-98f19dcc81c3@group-F1485DBA88AA:LeaderElection25] INFO  impl.RaftServerImpl (ServerState.java:setRaftConf(354)) - 45f1801e-7cfd-420a-bb39-98f19dcc81c3@group-F1485DBA88AA: set configuration 0: [45f1801e-7cfd-420a-bb39-98f19dcc81c3:192.168.151.106:38437], old=null at 0
2019-09-25 04:50:32,178 [pool-77-thread-1] INFO  impl.RoleInfo (RoleInfo.java:updateAndGet(143)) - 9216b865-ce6b-4fb7-bc99-65479a86b6eb: start FollowerState
2019-09-25 04:50:32,222 [9216b865-ce6b-4fb7-bc99-65479a86b6eb@group-AF3CD6006084-SegmentedRaftLogWorker] INFO  segmented.SegmentedRaftLogWorker (SegmentedRaftLogWorker.java:execute(569)) - 9216b865-ce6b-4fb7-bc99-65479a86b6eb@group-AF3CD6006084-SegmentedRaftLogWorker: created new log segment /workdir/hadoop-ozone/integration-test/target/test-dir/MiniOzoneClusterImpl-72f6cbb0-c919-4300-9939-20ef1cbf0e73/datanode-5/data/ratis/9384a675-9bd3-4db2-9840-af3cd6006084/current/log_inprogress_0
2019-09-25 04:50:32,222 [Thread-319] INFO  impl.FollowerState (FollowerState.java:run(106)) - b40ef231-6505-402b-ae57-fc0dc67cbbe8:group-F0B403DD6F76 changes to CANDIDATE, lastRpcTime:5153, electionTimeout:5137ms
2019-09-25 04:50:32,223 [Thread-319] INFO  impl.RoleInfo (RoleInfo.java:shutdownFollowerState(121)) - b40ef231-6505-402b-ae57-fc0dc67cbbe8: shutdown FollowerState
2019-09-25 04:50:32,223 [pool-77-thread-1] INFO  util.JmxRegister (JmxRegister.java:tryRegister(44)) - Successfully registered JMX Bean with object name Ratis:service=RaftServer,group=group-8A882E087A7F,id=9216b865-ce6b-4fb7-bc99-65479a86b6eb
2019-09-25 04:50:32,223 [Thread-319] INFO  impl.RaftServerImpl (RaftServerImpl.java:setRole(174)) - b40ef231-6505-402b-ae57-fc0dc67cbbe8@group-F0B403DD6F76: changes role from  FOLLOWER to CANDIDATE at term 0 for changeToCandidate
2019-09-25 04:50:32,223 [Thread-319] INFO  impl.RoleInfo (RoleInfo.java:updateAndGet(143)) - b40ef231-6505-402b-ae57-fc0dc67cbbe8: start LeaderElection
2019-09-25 04:50:32,231 [RatisPipelineUtilsThread] INFO  pipeline.PipelineStateManager (PipelineStateManager.java:addPipeline(56)) - Created pipeline Pipeline[ Id: ffa5b3d8-ea58-4c02-a518-8a882e087a7f, Nodes: 9216b865-ce6b-4fb7-bc99-65479a86b6eb{ip: 192.168.151.106, host: pr-hdds-1569-x2sr2-3486766547, networkLocation: /default-rack, certSerialId: null}, Type:RATIS, Factor:ONE, State:OPEN]
2019-09-25 04:50:32,234 [45f1801e-7cfd-420a-bb39-98f19dcc81c3@group-F1485DBA88AA-SegmentedRaftLogWorker] INFO  segmented.SegmentedRaftLogWorker (SegmentedRaftLogWorker.java:execute(569)) - 45f1801e-7cfd-420a-bb39-98f19dcc81c3@group-F1485DBA88AA-SegmentedRaftLogWorker: created new log segment /workdir/hadoop-ozone/integration-test/target/test-dir/MiniOzoneClusterImpl-72f6cbb0-c919-4300-9939-20ef1cbf0e73/datanode-6/data/ratis/15685ce3-b6a6-41f7-b6b6-f1485dba88aa/current/log_inprogress_0
2019-09-25 04:50:32,234 [b40ef231-6505-402b-ae57-fc0dc67cbbe8@group-F0B403DD6F76:LeaderElection26] INFO  impl.LeaderElection (LeaderElection.java:askForVotes(182)) - b40ef231-6505-402b-ae57-fc0dc67cbbe8@group-F0B403DD6F76:LeaderElection26: begin an election at term 1 for -1: [b40ef231-6505-402b-ae57-fc0dc67cbbe8:192.168.151.106:41861], old=null
2019-09-25 04:50:32,235 [b40ef231-6505-402b-ae57-fc0dc67cbbe8@group-F0B403DD6F76:LeaderElection26] INFO  impl.RoleInfo (RoleInfo.java:shutdownLeaderElection(134)) - b40ef231-6505-402b-ae57-fc0dc67cbbe8: shutdown LeaderElection
2019-09-25 04:50:32,235 [b40ef231-6505-402b-ae57-fc0dc67cbbe8@group-F0B403DD6F76:LeaderElection26] INFO  impl.RaftServerImpl (RaftServerImpl.java:setRole(174)) - b40ef231-6505-402b-ae57-fc0dc67cbbe8@group-F0B403DD6F76: changes role from CANDIDATE to LEADER at term 1 for changeToLeader
2019-09-25 04:50:32,235 [b40ef231-6505-402b-ae57-fc0dc67cbbe8@group-F0B403DD6F76:LeaderElection26] INFO  impl.RaftServerImpl (ServerState.java:setLeader(253)) - b40ef231-6505-402b-ae57-fc0dc67cbbe8@group-F0B403DD6F76: change Leader from null to b40ef231-6505-402b-ae57-fc0dc67cbbe8 at term 1 for becomeLeader, leader elected after 5174ms
2019-09-25 04:50:32,235 [b40ef231-6505-402b-ae57-fc0dc67cbbe8@group-F0B403DD6F76:LeaderElection26] INFO  server.RaftServerConfigKeys (ConfUtils.java:logGet(43)) - raft.server.staging.catchup.gap = 1000 (default)
2019-09-25 04:50:32,235 [b40ef231-6505-402b-ae57-fc0dc67cbbe8@group-F0B403DD6F76:LeaderElection26] INFO  server.RaftServerConfigKeys (ConfUtils.java:logGet(43)) - raft.server.rpc.sleep.time = 25ms (default)
2019-09-25 04:50:32,236 [b40ef231-6505-402b-ae57-fc0dc67cbbe8@group-F0B403DD6F76:LeaderElection26] INFO  server.RaftServerConfigKeys (ConfUtils.java:logGet(43)) - raft.server.write.element-limit = 4096 (default)
2019-09-25 04:50:32,236 [b40ef231-6505-402b-ae57-fc0dc67cbbe8@group-F0B403DD6F76:LeaderElection26] INFO  server.RaftServerConfigKeys (ConfUtils.java:logGet(43)) - raft.server.watch.timeout = 10s (default)
2019-09-25 04:50:32,236 [b40ef231-6505-402b-ae57-fc0dc67cbbe8@group-F0B403DD6F76:LeaderElection26] INFO  server.RaftServerConfigKeys (ConfUtils.java:logGet(43)) - raft.server.watch.timeout.denomination = 1s (default)
2019-09-25 04:50:32,236 [b40ef231-6505-402b-ae57-fc0dc67cbbe8@group-F0B403DD6F76:LeaderElection26] INFO  server.RaftServerConfigKeys (ConfUtils.java:logGet(43)) - raft.server.watch.element-limit = 65536 (default)
2019-09-25 04:50:32,238 [grpc-default-executor-0] INFO  impl.RaftServerProxy (RaftServerProxy.java:addNew(89)) - a167ab1f-c96d-409e-bb26-ea230783d833: addNew group-B0F24ADB821C:[a167ab1f-c96d-409e-bb26-ea230783d833:192.168.151.106:33404] returns group-B0F24ADB821C:java.util.concurrent.CompletableFuture@4a6fcbcb[Not completed]
2019-09-25 04:50:32,239 [b40ef231-6505-402b-ae57-fc0dc67cbbe8@group-F0B403DD6F76:LeaderElection26] INFO  impl.RoleInfo (RoleInfo.java:updateAndGet(143)) - b40ef231-6505-402b-ae57-fc0dc67cbbe8: start LeaderState
2019-09-25 04:50:32,239 [b40ef231-6505-402b-ae57-fc0dc67cbbe8@group-F0B403DD6F76:LeaderElection26] INFO  segmented.SegmentedRaftLogWorker (SegmentedRaftLogWorker.java:startLogSegment(380)) - b40ef231-6505-402b-ae57-fc0dc67cbbe8@group-F0B403DD6F76-SegmentedRaftLogWorker: Starting segment from index:0
2019-09-25 04:50:32,240 [b40ef231-6505-402b-ae57-fc0dc67cbbe8@group-F0B403DD6F76:LeaderElection26] INFO  impl.RaftServerImpl (ServerState.java:setRaftConf(354)) - b40ef231-6505-402b-ae57-fc0dc67cbbe8@group-F0B403DD6F76: set configuration 0: [b40ef231-6505-402b-ae57-fc0dc67cbbe8:192.168.151.106:41861], old=null at 0
2019-09-25 04:50:32,284 [Thread-322] INFO  impl.FollowerState (FollowerState.java:run(106)) - b40ef231-6505-402b-ae57-fc0dc67cbbe8:group-106F36CD1671 changes to CANDIDATE, lastRpcTime:5140, electionTimeout:5129ms
2019-09-25 04:50:32,284 [Thread-322] INFO  impl.RoleInfo (RoleInfo.java:shutdownFollowerState(121)) - b40ef231-6505-402b-ae57-fc0dc67cbbe8: shutdown FollowerState
2019-09-25 04:50:32,284 [Thread-322] INFO  impl.RaftServerImpl (RaftServerImpl.java:setRole(174)) - b40ef231-6505-402b-ae57-fc0dc67cbbe8@group-106F36CD1671: changes role from  FOLLOWER to CANDIDATE at term 0 for changeToCandidate
2019-09-25 04:50:32,284 [Thread-322] INFO  impl.RoleInfo (RoleInfo.java:updateAndGet(143)) - b40ef231-6505-402b-ae57-fc0dc67cbbe8: start LeaderElection
2019-09-25 04:50:32,284 [pool-47-thread-1] INFO  impl.RaftServerImpl (RaftServerImpl.java:<init>(95)) - a167ab1f-c96d-409e-bb26-ea230783d833: new RaftServerImpl for group-B0F24ADB821C:[a167ab1f-c96d-409e-bb26-ea230783d833:192.168.151.106:33404] with ContainerStateMachine:uninitialized
2019-09-25 04:50:32,285 [pool-47-thread-1] INFO  server.RaftServerConfigKeys (ConfUtils.java:logGet(43)) - raft.server.rpc.timeout.min = 5s (custom)
2019-09-25 04:50:32,285 [pool-47-thread-1] INFO  server.RaftServerConfigKeys (ConfUtils.java:logGet(43)) - raft.server.rpc.timeout.max = 5200ms (custom)
2019-09-25 04:50:32,288 [pool-47-thread-1] INFO  server.RaftServerConfigKeys (ConfUtils.java:logGet(43)) - raft.server.rpcslowness.timeout = 120s (custom)
2019-09-25 04:50:32,288 [pool-47-thread-1] INFO  server.RaftServerConfigKeys (ConfUtils.java:logGet(43)) - raft.server.sleep.deviation.threshold = 300 (default)
2019-09-25 04:50:32,288 [pool-47-thread-1] INFO  server.RaftServerConfigKeys (ConfUtils.java:logGet(43)) - raft.server.log.appender.install.snapshot.enabled = false (custom)
2019-09-25 04:50:32,289 [pool-47-thread-1] INFO  impl.RaftServerImpl (ServerState.java:<init>(103)) - a167ab1f-c96d-409e-bb26-ea230783d833@group-B0F24ADB821C: ConfigurationManager, init=-1: [a167ab1f-c96d-409e-bb26-ea230783d833:192.168.151.106:33404], old=null, confs=<EMPTY_MAP>
2019-09-25 04:50:32,289 [pool-47-thread-1] INFO  server.RaftServerConfigKeys (ConfUtils.java:logGet(43)) - raft.server.storage.dir = [/workdir/hadoop-ozone/integration-test/target/test-dir/MiniOzoneClusterImpl-72f6cbb0-c919-4300-9939-20ef1cbf0e73/datanode-2/data/ratis] (custom)
2019-09-25 04:50:32,289 [pool-47-thread-1] INFO  storage.RaftStorageDirectory (RaftStorageDirectory.java:analyzeStorage(246)) - The storage directory /workdir/hadoop-ozone/integration-test/target/test-dir/MiniOzoneClusterImpl-72f6cbb0-c919-4300-9939-20ef1cbf0e73/datanode-2/data/ratis/da360e21-2fd8-434b-a7de-b0f24adb821c does not exist. Creating ...
2019-09-25 04:50:32,297 [pool-47-thread-1] INFO  storage.RaftStorageDirectory (RaftStorageDirectory.java:tryLock(328)) - Lock on /workdir/hadoop-ozone/integration-test/target/test-dir/MiniOzoneClusterImpl-72f6cbb0-c919-4300-9939-20ef1cbf0e73/datanode-2/data/ratis/da360e21-2fd8-434b-a7de-b0f24adb821c/in_use.lock acquired by nodename 13648@pr-hdds-1569-x2sr2-3486766547
2019-09-25 04:50:32,297 [b40ef231-6505-402b-ae57-fc0dc67cbbe8@group-106F36CD1671:LeaderElection27] INFO  impl.LeaderElection (LeaderElection.java:askForVotes(182)) - b40ef231-6505-402b-ae57-fc0dc67cbbe8@group-106F36CD1671:LeaderElection27: begin an election at term 1 for -1: [b40ef231-6505-402b-ae57-fc0dc67cbbe8:192.168.151.106:41861], old=null
2019-09-25 04:50:32,297 [b40ef231-6505-402b-ae57-fc0dc67cbbe8@group-F0B403DD6F76-SegmentedRaftLogWorker] INFO  segmented.SegmentedRaftLogWorker (SegmentedRaftLogWorker.java:execute(569)) - b40ef231-6505-402b-ae57-fc0dc67cbbe8@group-F0B403DD6F76-SegmentedRaftLogWorker: created new log segment /workdir/hadoop-ozone/integration-test/target/test-dir/MiniOzoneClusterImpl-72f6cbb0-c919-4300-9939-20ef1cbf0e73/datanode-1/data/ratis/83627f56-e710-4c4a-bb1c-f0b403dd6f76/current/log_inprogress_0
2019-09-25 04:50:32,298 [b40ef231-6505-402b-ae57-fc0dc67cbbe8@group-106F36CD1671:LeaderElection27] INFO  impl.RoleInfo (RoleInfo.java:shutdownLeaderElection(134)) - b40ef231-6505-402b-ae57-fc0dc67cbbe8: shutdown LeaderElection
2019-09-25 04:50:32,298 [b40ef231-6505-402b-ae57-fc0dc67cbbe8@group-106F36CD1671:LeaderElection27] INFO  impl.RaftServerImpl (RaftServerImpl.java:setRole(174)) - b40ef231-6505-402b-ae57-fc0dc67cbbe8@group-106F36CD1671: changes role from CANDIDATE to LEADER at term 1 for changeToLeader
2019-09-25 04:50:32,298 [b40ef231-6505-402b-ae57-fc0dc67cbbe8@group-106F36CD1671:LeaderElection27] INFO  impl.RaftServerImpl (ServerState.java:setLeader(253)) - b40ef231-6505-402b-ae57-fc0dc67cbbe8@group-106F36CD1671: change Leader from null to b40ef231-6505-402b-ae57-fc0dc67cbbe8 at term 1 for becomeLeader, leader elected after 5162ms
2019-09-25 04:50:32,298 [b40ef231-6505-402b-ae57-fc0dc67cbbe8@group-106F36CD1671:LeaderElection27] INFO  server.RaftServerConfigKeys (ConfUtils.java:logGet(43)) - raft.server.staging.catchup.gap = 1000 (default)
2019-09-25 04:50:32,298 [b40ef231-6505-402b-ae57-fc0dc67cbbe8@group-106F36CD1671:LeaderElection27] INFO  server.RaftServerConfigKeys (ConfUtils.java:logGet(43)) - raft.server.rpc.sleep.time = 25ms (default)
2019-09-25 04:50:32,299 [b40ef231-6505-402b-ae57-fc0dc67cbbe8@group-106F36CD1671:LeaderElection27] INFO  server.RaftServerConfigKeys (ConfUtils.java:logGet(43)) - raft.server.write.element-limit = 4096 (default)
2019-09-25 04:50:32,299 [b40ef231-6505-402b-ae57-fc0dc67cbbe8@group-106F36CD1671:LeaderElection27] INFO  server.RaftServerConfigKeys (ConfUtils.java:logGet(43)) - raft.server.watch.timeout = 10s (default)
2019-09-25 04:50:32,299 [b40ef231-6505-402b-ae57-fc0dc67cbbe8@group-106F36CD1671:LeaderElection27] INFO  server.RaftServerConfigKeys (ConfUtils.java:logGet(43)) - raft.server.watch.timeout.denomination = 1s (default)
2019-09-25 04:50:32,299 [b40ef231-6505-402b-ae57-fc0dc67cbbe8@group-106F36CD1671:LeaderElection27] INFO  server.RaftServerConfigKeys (ConfUtils.java:logGet(43)) - raft.server.watch.element-limit = 65536 (default)
2019-09-25 04:50:32,302 [b40ef231-6505-402b-ae57-fc0dc67cbbe8@group-106F36CD1671:LeaderElection27] INFO  impl.RoleInfo (RoleInfo.java:updateAndGet(143)) - b40ef231-6505-402b-ae57-fc0dc67cbbe8: start LeaderState
2019-09-25 04:50:32,302 [b40ef231-6505-402b-ae57-fc0dc67cbbe8@group-106F36CD1671:LeaderElection27] INFO  segmented.SegmentedRaftLogWorker (SegmentedRaftLogWorker.java:startLogSegment(380)) - b40ef231-6505-402b-ae57-fc0dc67cbbe8@group-106F36CD1671-SegmentedRaftLogWorker: Starting segment from index:0
2019-09-25 04:50:32,303 [b40ef231-6505-402b-ae57-fc0dc67cbbe8@group-106F36CD1671:LeaderElection27] INFO  impl.RaftServerImpl (ServerState.java:setRaftConf(354)) - b40ef231-6505-402b-ae57-fc0dc67cbbe8@group-106F36CD1671: set configuration 0: [b40ef231-6505-402b-ae57-fc0dc67cbbe8:192.168.151.106:41861], old=null at 0
2019-09-25 04:50:32,344 [pool-47-thread-1] INFO  storage.RaftStorage (RaftStorage.java:format(72)) - Storage directory /workdir/hadoop-ozone/integration-test/target/test-dir/MiniOzoneClusterImpl-72f6cbb0-c919-4300-9939-20ef1cbf0e73/datanode-2/data/ratis/da360e21-2fd8-434b-a7de-b0f24adb821c has been successfully formatted.
2019-09-25 04:50:32,345 [pool-47-thread-1] INFO  ratis.ContainerStateMachine (ContainerStateMachine.java:loadSnapshot(230)) - group-B0F24ADB821C: The snapshot info is null. Setting the last applied indexto:(t:0, i:~)
2019-09-25 04:50:32,345 [pool-47-thread-1] INFO  server.RaftServerConfigKeys (ConfUtils.java:logGet(43)) - raft.server.notification.no-leader.timeout = 120s (custom)
2019-09-25 04:50:32,345 [pool-47-thread-1] INFO  server.RaftServerConfigKeys (ConfUtils.java:logGet(43)) - raft.server.log.use.memory = false (default)
2019-09-25 04:50:32,346 [pool-47-thread-1] INFO  server.RaftServerConfigKeys (ConfUtils.java:logGet(43)) - raft.server.log.purge.gap = 1000000 (custom)
2019-09-25 04:50:32,346 [pool-47-thread-1] INFO  server.RaftServerConfigKeys (ConfUtils.java:logGet(43)) - raft.server.log.appender.buffer.byte-limit = 33554432 (custom)
2019-09-25 04:50:32,346 [pool-47-thread-1] INFO  server.RaftServerConfigKeys (ConfUtils.java:logGet(43)) - raft.server.log.segment.size.max = 1048576 (custom)
2019-09-25 04:50:32,346 [pool-47-thread-1] INFO  server.RaftServerConfigKeys (ConfUtils.java:logGet(43)) - raft.server.log.segment.cache.num.max = 2 (custom)
2019-09-25 04:50:32,346 [pool-47-thread-1] INFO  segmented.SegmentedRaftLogWorker (SegmentedRaftLogWorker.java:<init>(172)) - new a167ab1f-c96d-409e-bb26-ea230783d833@group-B0F24ADB821C-SegmentedRaftLogWorker for RaftStorage:Storage Directory /workdir/hadoop-ozone/integration-test/target/test-dir/MiniOzoneClusterImpl-72f6cbb0-c919-4300-9939-20ef1cbf0e73/datanode-2/data/ratis/da360e21-2fd8-434b-a7de-b0f24adb821c
2019-09-25 04:50:32,347 [pool-47-thread-1] INFO  server.RaftServerConfigKeys (ConfUtils.java:logGet(43)) - raft.server.log.queue.byte-limit = 2147483647 (custom)
2019-09-25 04:50:32,347 [pool-47-thread-1] INFO  server.RaftServerConfigKeys (ConfUtils.java:logGet(43)) - raft.server.log.queue.element-limit = 1024 (custom)
2019-09-25 04:50:32,347 [pool-47-thread-1] INFO  server.RaftServerConfigKeys (ConfUtils.java:logGet(43)) - raft.server.log.segment.size.max = 1048576 (custom)
2019-09-25 04:50:32,347 [pool-47-thread-1] INFO  server.RaftServerConfigKeys (ConfUtils.java:logGet(43)) - raft.server.log.preallocated.size = 16384 (custom)
2019-09-25 04:50:32,347 [pool-47-thread-1] INFO  server.RaftServerConfigKeys (ConfUtils.java:logGet(43)) - raft.server.log.write.buffer.size = 33554432 (custom)
2019-09-25 04:50:32,348 [pool-47-thread-1] INFO  server.RaftServerConfigKeys (ConfUtils.java:logGet(43)) - raft.server.log.force.sync.num = 128 (default)
2019-09-25 04:50:32,348 [pool-47-thread-1] INFO  server.RaftServerConfigKeys (ConfUtils.java:logGet(43)) - raft.server.log.statemachine.data.sync = true (default)
2019-09-25 04:50:32,348 [pool-47-thread-1] INFO  server.RaftServerConfigKeys (ConfUtils.java:logGet(43)) - raft.server.log.statemachine.data.sync.timeout = 10s (default)
2019-09-25 04:50:32,348 [pool-47-thread-1] INFO  server.RaftServerConfigKeys (ConfUtils.java:logGet(43)) - raft.server.log.statemachine.data.sync.timeout.retry = -1 (default)
2019-09-25 04:50:32,348 [pool-47-thread-1] INFO  server.RaftServerConfigKeys (ConfUtils.java:logGet(43)) - raft.server.log.statemachine.data.caching.enabled = true (custom)
2019-09-25 04:50:32,349 [pool-47-thread-1] INFO  segmented.SegmentedRaftLogWorker (SegmentedRaftLogWorker.java:lambda$new$0(132)) - a167ab1f-c96d-409e-bb26-ea230783d833@group-B0F24ADB821C-SegmentedRaftLogWorker: flushIndex: setUnconditionally 0 -> -1
2019-09-25 04:50:32,349 [pool-47-thread-1] INFO  server.RaftServerConfigKeys (ConfUtils.java:logGet(43)) - raft.server.snapshot.auto.trigger.enabled = true (custom)
2019-09-25 04:50:32,349 [pool-47-thread-1] INFO  server.RaftServerConfigKeys (ConfUtils.java:logGet(43)) - raft.server.snapshot.auto.trigger.threshold = 10000 (custom)
2019-09-25 04:50:32,350 [pool-47-thread-1] INFO  server.RaftServerConfigKeys (ConfUtils.java:logGet(43)) - raft.server.snapshot.retention.num.files = 5 (custom)
2019-09-25 04:50:32,350 [pool-47-thread-1] INFO  server.RaftServerConfigKeys (ConfUtils.java:logGet(43)) - raft.server.retrycache.expirytime = 600000ms (custom)
2019-09-25 04:50:32,353 [pool-47-thread-1] INFO  impl.RaftServerImpl (RaftServerImpl.java:start(185)) - a167ab1f-c96d-409e-bb26-ea230783d833@group-B0F24ADB821C: start as a follower, conf=-1: [a167ab1f-c96d-409e-bb26-ea230783d833:192.168.151.106:33404], old=null
2019-09-25 04:50:32,353 [pool-47-thread-1] INFO  impl.RaftServerImpl (RaftServerImpl.java:setRole(174)) - a167ab1f-c96d-409e-bb26-ea230783d833@group-B0F24ADB821C: changes role from      null to FOLLOWER at term 0 for startAsFollower
2019-09-25 04:50:32,353 [pool-47-thread-1] INFO  impl.RoleInfo (RoleInfo.java:updateAndGet(143)) - a167ab1f-c96d-409e-bb26-ea230783d833: start FollowerState
2019-09-25 04:50:32,354 [pool-47-thread-1] INFO  util.JmxRegister (JmxRegister.java:tryRegister(44)) - Successfully registered JMX Bean with object name Ratis:service=RaftServer,group=group-B0F24ADB821C,id=a167ab1f-c96d-409e-bb26-ea230783d833
2019-09-25 04:50:32,357 [b40ef231-6505-402b-ae57-fc0dc67cbbe8@group-106F36CD1671-SegmentedRaftLogWorker] INFO  segmented.SegmentedRaftLogWorker (SegmentedRaftLogWorker.java:execute(569)) - b40ef231-6505-402b-ae57-fc0dc67cbbe8@group-106F36CD1671-SegmentedRaftLogWorker: created new log segment /workdir/hadoop-ozone/integration-test/target/test-dir/MiniOzoneClusterImpl-72f6cbb0-c919-4300-9939-20ef1cbf0e73/datanode-1/data/ratis/3753a45c-9d91-446b-9c3e-106f36cd1671/current/log_inprogress_0
2019-09-25 04:50:32,358 [RatisPipelineUtilsThread] INFO  pipeline.PipelineStateManager (PipelineStateManager.java:addPipeline(56)) - Created pipeline Pipeline[ Id: da360e21-2fd8-434b-a7de-b0f24adb821c, Nodes: a167ab1f-c96d-409e-bb26-ea230783d833{ip: 192.168.151.106, host: pr-hdds-1569-x2sr2-3486766547, networkLocation: /default-rack, certSerialId: null}, Type:RATIS, Factor:ONE, State:OPEN]
2019-09-25 04:50:32,366 [grpc-default-executor-0] INFO  impl.RaftServerProxy (RaftServerProxy.java:addNew(89)) - a167ab1f-c96d-409e-bb26-ea230783d833: addNew group-285A6C6583B2:[a167ab1f-c96d-409e-bb26-ea230783d833:192.168.151.106:33404] returns group-285A6C6583B2:java.util.concurrent.CompletableFuture@28f1bc5e[Not completed]
2019-09-25 04:50:32,367 [pool-47-thread-1] INFO  impl.RaftServerImpl (RaftServerImpl.java:<init>(95)) - a167ab1f-c96d-409e-bb26-ea230783d833: new RaftServerImpl for group-285A6C6583B2:[a167ab1f-c96d-409e-bb26-ea230783d833:192.168.151.106:33404] with ContainerStateMachine:uninitialized
2019-09-25 04:50:32,368 [pool-47-thread-1] INFO  server.RaftServerConfigKeys (ConfUtils.java:logGet(43)) - raft.server.rpc.timeout.min = 5s (custom)
2019-09-25 04:50:32,368 [pool-47-thread-1] INFO  server.RaftServerConfigKeys (ConfUtils.java:logGet(43)) - raft.server.rpc.timeout.max = 5200ms (custom)
2019-09-25 04:50:32,368 [pool-47-thread-1] INFO  server.RaftServerConfigKeys (ConfUtils.java:logGet(43)) - raft.server.rpcslowness.timeout = 120s (custom)
2019-09-25 04:50:32,368 [pool-47-thread-1] INFO  server.RaftServerConfigKeys (ConfUtils.java:logGet(43)) - raft.server.sleep.deviation.threshold = 300 (default)
2019-09-25 04:50:32,368 [pool-47-thread-1] INFO  server.RaftServerConfigKeys (ConfUtils.java:logGet(43)) - raft.server.log.appender.install.snapshot.enabled = false (custom)
2019-09-25 04:50:32,368 [pool-47-thread-1] INFO  impl.RaftServerImpl (ServerState.java:<init>(103)) - a167ab1f-c96d-409e-bb26-ea230783d833@group-285A6C6583B2: ConfigurationManager, init=-1: [a167ab1f-c96d-409e-bb26-ea230783d833:192.168.151.106:33404], old=null, confs=<EMPTY_MAP>
2019-09-25 04:50:32,369 [pool-47-thread-1] INFO  server.RaftServerConfigKeys (ConfUtils.java:logGet(43)) - raft.server.storage.dir = [/workdir/hadoop-ozone/integration-test/target/test-dir/MiniOzoneClusterImpl-72f6cbb0-c919-4300-9939-20ef1cbf0e73/datanode-2/data/ratis] (custom)
2019-09-25 04:50:32,369 [pool-47-thread-1] INFO  storage.RaftStorageDirectory (RaftStorageDirectory.java:analyzeStorage(246)) - The storage directory /workdir/hadoop-ozone/integration-test/target/test-dir/MiniOzoneClusterImpl-72f6cbb0-c919-4300-9939-20ef1cbf0e73/datanode-2/data/ratis/6daed1aa-220b-46de-a9ae-285a6c6583b2 does not exist. Creating ...
2019-09-25 04:50:32,370 [Thread-328] INFO  impl.FollowerState (FollowerState.java:run(106)) - 9216b865-ce6b-4fb7-bc99-65479a86b6eb:group-F498F12BD410 changes to CANDIDATE, lastRpcTime:5114, electionTimeout:5114ms
2019-09-25 04:50:32,371 [Thread-328] INFO  impl.RoleInfo (RoleInfo.java:shutdownFollowerState(121)) - 9216b865-ce6b-4fb7-bc99-65479a86b6eb: shutdown FollowerState
2019-09-25 04:50:32,371 [Thread-328] INFO  impl.RaftServerImpl (RaftServerImpl.java:setRole(174)) - 9216b865-ce6b-4fb7-bc99-65479a86b6eb@group-F498F12BD410: changes role from  FOLLOWER to CANDIDATE at term 0 for changeToCandidate
2019-09-25 04:50:32,371 [Thread-328] INFO  impl.RoleInfo (RoleInfo.java:updateAndGet(143)) - 9216b865-ce6b-4fb7-bc99-65479a86b6eb: start LeaderElection
2019-09-25 04:50:32,395 [pool-47-thread-1] INFO  storage.RaftStorageDirectory (RaftStorageDirectory.java:tryLock(328)) - Lock on /workdir/hadoop-ozone/integration-test/target/test-dir/MiniOzoneClusterImpl-72f6cbb0-c919-4300-9939-20ef1cbf0e73/datanode-2/data/ratis/6daed1aa-220b-46de-a9ae-285a6c6583b2/in_use.lock acquired by nodename 13648@pr-hdds-1569-x2sr2-3486766547
2019-09-25 04:50:32,396 [9216b865-ce6b-4fb7-bc99-65479a86b6eb@group-F498F12BD410:LeaderElection28] INFO  impl.LeaderElection (LeaderElection.java:askForVotes(182)) - 9216b865-ce6b-4fb7-bc99-65479a86b6eb@group-F498F12BD410:LeaderElection28: begin an election at term 1 for -1: [9216b865-ce6b-4fb7-bc99-65479a86b6eb:192.168.151.106:43252], old=null
2019-09-25 04:50:32,396 [9216b865-ce6b-4fb7-bc99-65479a86b6eb@group-F498F12BD410:LeaderElection28] INFO  impl.RoleInfo (RoleInfo.java:shutdownLeaderElection(134)) - 9216b865-ce6b-4fb7-bc99-65479a86b6eb: shutdown LeaderElection
2019-09-25 04:50:32,396 [9216b865-ce6b-4fb7-bc99-65479a86b6eb@group-F498F12BD410:LeaderElection28] INFO  impl.RaftServerImpl (RaftServerImpl.java:setRole(174)) - 9216b865-ce6b-4fb7-bc99-65479a86b6eb@group-F498F12BD410: changes role from CANDIDATE to LEADER at term 1 for changeToLeader
2019-09-25 04:50:32,396 [9216b865-ce6b-4fb7-bc99-65479a86b6eb@group-F498F12BD410:LeaderElection28] INFO  impl.RaftServerImpl (ServerState.java:setLeader(253)) - 9216b865-ce6b-4fb7-bc99-65479a86b6eb@group-F498F12BD410: change Leader from null to 9216b865-ce6b-4fb7-bc99-65479a86b6eb at term 1 for becomeLeader, leader elected after 5148ms
2019-09-25 04:50:32,396 [9216b865-ce6b-4fb7-bc99-65479a86b6eb@group-F498F12BD410:LeaderElection28] INFO  server.RaftServerConfigKeys (ConfUtils.java:logGet(43)) - raft.server.staging.catchup.gap = 1000 (default)
2019-09-25 04:50:32,397 [9216b865-ce6b-4fb7-bc99-65479a86b6eb@group-F498F12BD410:LeaderElection28] INFO  server.RaftServerConfigKeys (ConfUtils.java:logGet(43)) - raft.server.rpc.sleep.time = 25ms (default)
2019-09-25 04:50:32,397 [9216b865-ce6b-4fb7-bc99-65479a86b6eb@group-F498F12BD410:LeaderElection28] INFO  server.RaftServerConfigKeys (ConfUtils.java:logGet(43)) - raft.server.write.element-limit = 4096 (default)
2019-09-25 04:50:32,397 [9216b865-ce6b-4fb7-bc99-65479a86b6eb@group-F498F12BD410:LeaderElection28] INFO  server.RaftServerConfigKeys (ConfUtils.java:logGet(43)) - raft.server.watch.timeout = 10s (default)
2019-09-25 04:50:32,397 [9216b865-ce6b-4fb7-bc99-65479a86b6eb@group-F498F12BD410:LeaderElection28] INFO  server.RaftServerConfigKeys (ConfUtils.java:logGet(43)) - raft.server.watch.timeout.denomination = 1s (default)
2019-09-25 04:50:32,397 [9216b865-ce6b-4fb7-bc99-65479a86b6eb@group-F498F12BD410:LeaderElection28] INFO  server.RaftServerConfigKeys (ConfUtils.java:logGet(43)) - raft.server.watch.element-limit = 65536 (default)
2019-09-25 04:50:32,398 [Thread-325] INFO  impl.FollowerState (FollowerState.java:run(106)) - aabdae46-dcfa-45e6-b665-2c47bb305ebb:group-E8790FEF521B changes to CANDIDATE, lastRpcTime:5199, electionTimeout:5199ms
2019-09-25 04:50:32,399 [Thread-325] INFO  impl.RoleInfo (RoleInfo.java:shutdownFollowerState(121)) - aabdae46-dcfa-45e6-b665-2c47bb305ebb: shutdown FollowerState
2019-09-25 04:50:32,399 [Thread-325] INFO  impl.RaftServerImpl (RaftServerImpl.java:setRole(174)) - aabdae46-dcfa-45e6-b665-2c47bb305ebb@group-E8790FEF521B: changes role from  FOLLOWER to CANDIDATE at term 0 for changeToCandidate
2019-09-25 04:50:32,399 [Thread-325] INFO  impl.RoleInfo (RoleInfo.java:updateAndGet(143)) - aabdae46-dcfa-45e6-b665-2c47bb305ebb: start LeaderElection
2019-09-25 04:50:32,403 [9216b865-ce6b-4fb7-bc99-65479a86b6eb@group-F498F12BD410:LeaderElection28] INFO  impl.RoleInfo (RoleInfo.java:updateAndGet(143)) - 9216b865-ce6b-4fb7-bc99-65479a86b6eb: start LeaderState
2019-09-25 04:50:32,403 [9216b865-ce6b-4fb7-bc99-65479a86b6eb@group-F498F12BD410:LeaderElection28] INFO  segmented.SegmentedRaftLogWorker (SegmentedRaftLogWorker.java:startLogSegment(380)) - 9216b865-ce6b-4fb7-bc99-65479a86b6eb@group-F498F12BD410-SegmentedRaftLogWorker: Starting segment from index:0
2019-09-25 04:50:32,404 [9216b865-ce6b-4fb7-bc99-65479a86b6eb@group-F498F12BD410:LeaderElection28] INFO  impl.RaftServerImpl (ServerState.java:setRaftConf(354)) - 9216b865-ce6b-4fb7-bc99-65479a86b6eb@group-F498F12BD410: set configuration 0: [9216b865-ce6b-4fb7-bc99-65479a86b6eb:192.168.151.106:43252], old=null at 0
2019-09-25 04:50:32,442 [Thread-334] INFO  impl.FollowerState (FollowerState.java:run(106)) - aabdae46-dcfa-45e6-b665-2c47bb305ebb:group-1368F4605777 changes to CANDIDATE, lastRpcTime:5019, electionTimeout:5008ms
2019-09-25 04:50:32,443 [Thread-334] INFO  impl.RoleInfo (RoleInfo.java:shutdownFollowerState(121)) - aabdae46-dcfa-45e6-b665-2c47bb305ebb: shutdown FollowerState
2019-09-25 04:50:32,443 [pool-47-thread-1] INFO  storage.RaftStorage (RaftStorage.java:format(72)) - Storage directory /workdir/hadoop-ozone/integration-test/target/test-dir/MiniOzoneClusterImpl-72f6cbb0-c919-4300-9939-20ef1cbf0e73/datanode-2/data/ratis/6daed1aa-220b-46de-a9ae-285a6c6583b2 has been successfully formatted.
2019-09-25 04:50:32,443 [Thread-334] INFO  impl.RaftServerImpl (RaftServerImpl.java:setRole(174)) - aabdae46-dcfa-45e6-b665-2c47bb305ebb@group-1368F4605777: changes role from  FOLLOWER to CANDIDATE at term 0 for changeToCandidate
2019-09-25 04:50:32,443 [aabdae46-dcfa-45e6-b665-2c47bb305ebb@group-E8790FEF521B:LeaderElection29] INFO  impl.LeaderElection (LeaderElection.java:askForVotes(182)) - aabdae46-dcfa-45e6-b665-2c47bb305ebb@group-E8790FEF521B:LeaderElection29: begin an election at term 1 for -1: [aabdae46-dcfa-45e6-b665-2c47bb305ebb:192.168.151.106:41436], old=null
2019-09-25 04:50:32,443 [Thread-334] INFO  impl.RoleInfo (RoleInfo.java:updateAndGet(143)) - aabdae46-dcfa-45e6-b665-2c47bb305ebb: start LeaderElection
2019-09-25 04:50:32,443 [pool-47-thread-1] INFO  ratis.ContainerStateMachine (ContainerStateMachine.java:loadSnapshot(230)) - group-285A6C6583B2: The snapshot info is null. Setting the last applied indexto:(t:0, i:~)
2019-09-25 04:50:32,443 [aabdae46-dcfa-45e6-b665-2c47bb305ebb@group-E8790FEF521B:LeaderElection29] INFO  impl.RoleInfo (RoleInfo.java:shutdownLeaderElection(134)) - aabdae46-dcfa-45e6-b665-2c47bb305ebb: shutdown LeaderElection
2019-09-25 04:50:32,444 [pool-47-thread-1] INFO  server.RaftServerConfigKeys (ConfUtils.java:logGet(43)) - raft.server.notification.no-leader.timeout = 120s (custom)
2019-09-25 04:50:32,444 [aabdae46-dcfa-45e6-b665-2c47bb305ebb@group-E8790FEF521B:LeaderElection29] INFO  impl.RaftServerImpl (RaftServerImpl.java:setRole(174)) - aabdae46-dcfa-45e6-b665-2c47bb305ebb@group-E8790FEF521B: changes role from CANDIDATE to LEADER at term 1 for changeToLeader
2019-09-25 04:50:32,447 [pool-47-thread-1] INFO  server.RaftServerConfigKeys (ConfUtils.java:logGet(43)) - raft.server.log.use.memory = false (default)
2019-09-25 04:50:32,447 [aabdae46-dcfa-45e6-b665-2c47bb305ebb@group-E8790FEF521B:LeaderElection29] INFO  impl.RaftServerImpl (ServerState.java:setLeader(253)) - aabdae46-dcfa-45e6-b665-2c47bb305ebb@group-E8790FEF521B: change Leader from null to aabdae46-dcfa-45e6-b665-2c47bb305ebb at term 1 for becomeLeader, leader elected after 5254ms
2019-09-25 04:50:32,447 [pool-47-thread-1] INFO  server.RaftServerConfigKeys (ConfUtils.java:logGet(43)) - raft.server.log.purge.gap = 1000000 (custom)
2019-09-25 04:50:32,447 [aabdae46-dcfa-45e6-b665-2c47bb305ebb@group-E8790FEF521B:LeaderElection29] INFO  server.RaftServerConfigKeys (ConfUtils.java:logGet(43)) - raft.server.staging.catchup.gap = 1000 (default)
2019-09-25 04:50:32,447 [pool-47-thread-1] INFO  server.RaftServerConfigKeys (ConfUtils.java:logGet(43)) - raft.server.log.appender.buffer.byte-limit = 33554432 (custom)
2019-09-25 04:50:32,447 [aabdae46-dcfa-45e6-b665-2c47bb305ebb@group-E8790FEF521B:LeaderElection29] INFO  server.RaftServerConfigKeys (ConfUtils.java:logGet(43)) - raft.server.rpc.sleep.time = 25ms (default)
2019-09-25 04:50:32,448 [pool-47-thread-1] INFO  server.RaftServerConfigKeys (ConfUtils.java:logGet(43)) - raft.server.log.segment.size.max = 1048576 (custom)
2019-09-25 04:50:32,448 [aabdae46-dcfa-45e6-b665-2c47bb305ebb@group-E8790FEF521B:LeaderElection29] INFO  server.RaftServerConfigKeys (ConfUtils.java:logGet(43)) - raft.server.write.element-limit = 4096 (default)
2019-09-25 04:50:32,448 [pool-47-thread-1] INFO  server.RaftServerConfigKeys (ConfUtils.java:logGet(43)) - raft.server.log.segment.cache.num.max = 2 (custom)
2019-09-25 04:50:32,448 [aabdae46-dcfa-45e6-b665-2c47bb305ebb@group-E8790FEF521B:LeaderElection29] INFO  server.RaftServerConfigKeys (ConfUtils.java:logGet(43)) - raft.server.watch.timeout = 10s (default)
2019-09-25 04:50:32,448 [pool-47-thread-1] INFO  segmented.SegmentedRaftLogWorker (SegmentedRaftLogWorker.java:<init>(172)) - new a167ab1f-c96d-409e-bb26-ea230783d833@group-285A6C6583B2-SegmentedRaftLogWorker for RaftStorage:Storage Directory /workdir/hadoop-ozone/integration-test/target/test-dir/MiniOzoneClusterImpl-72f6cbb0-c919-4300-9939-20ef1cbf0e73/datanode-2/data/ratis/6daed1aa-220b-46de-a9ae-285a6c6583b2
2019-09-25 04:50:32,448 [aabdae46-dcfa-45e6-b665-2c47bb305ebb@group-E8790FEF521B:LeaderElection29] INFO  server.RaftServerConfigKeys (ConfUtils.java:logGet(43)) - raft.server.watch.timeout.denomination = 1s (default)
2019-09-25 04:50:32,449 [pool-47-thread-1] INFO  server.RaftServerConfigKeys (ConfUtils.java:logGet(43)) - raft.server.log.queue.byte-limit = 2147483647 (custom)
2019-09-25 04:50:32,449 [aabdae46-dcfa-45e6-b665-2c47bb305ebb@group-E8790FEF521B:LeaderElection29] INFO  server.RaftServerConfigKeys (ConfUtils.java:logGet(43)) - raft.server.watch.element-limit = 65536 (default)
2019-09-25 04:50:32,449 [pool-47-thread-1] INFO  server.RaftServerConfigKeys (ConfUtils.java:logGet(43)) - raft.server.log.queue.element-limit = 1024 (custom)
2019-09-25 04:50:32,449 [pool-47-thread-1] INFO  server.RaftServerConfigKeys (ConfUtils.java:logGet(43)) - raft.server.log.segment.size.max = 1048576 (custom)
2019-09-25 04:50:32,449 [pool-47-thread-1] INFO  server.RaftServerConfigKeys (ConfUtils.java:logGet(43)) - raft.server.log.preallocated.size = 16384 (custom)
2019-09-25 04:50:32,450 [pool-47-thread-1] INFO  server.RaftServerConfigKeys (ConfUtils.java:logGet(43)) - raft.server.log.write.buffer.size = 33554432 (custom)
2019-09-25 04:50:32,450 [pool-47-thread-1] INFO  server.RaftServerConfigKeys (ConfUtils.java:logGet(43)) - raft.server.log.force.sync.num = 128 (default)
2019-09-25 04:50:32,450 [pool-47-thread-1] INFO  server.RaftServerConfigKeys (ConfUtils.java:logGet(43)) - raft.server.log.statemachine.data.sync = true (default)
2019-09-25 04:50:32,450 [pool-47-thread-1] INFO  server.RaftServerConfigKeys (ConfUtils.java:logGet(43)) - raft.server.log.statemachine.data.sync.timeout = 10s (default)
2019-09-25 04:50:32,450 [pool-47-thread-1] INFO  server.RaftServerConfigKeys (ConfUtils.java:logGet(43)) - raft.server.log.statemachine.data.sync.timeout.retry = -1 (default)
2019-09-25 04:50:32,450 [pool-47-thread-1] INFO  server.RaftServerConfigKeys (ConfUtils.java:logGet(43)) - raft.server.log.statemachine.data.caching.enabled = true (custom)
2019-09-25 04:50:32,451 [pool-47-thread-1] INFO  segmented.SegmentedRaftLogWorker (SegmentedRaftLogWorker.java:lambda$new$0(132)) - a167ab1f-c96d-409e-bb26-ea230783d833@group-285A6C6583B2-SegmentedRaftLogWorker: flushIndex: setUnconditionally 0 -> -1
2019-09-25 04:50:32,451 [pool-47-thread-1] INFO  server.RaftServerConfigKeys (ConfUtils.java:logGet(43)) - raft.server.snapshot.auto.trigger.enabled = true (custom)
2019-09-25 04:50:32,451 [pool-47-thread-1] INFO  server.RaftServerConfigKeys (ConfUtils.java:logGet(43)) - raft.server.snapshot.auto.trigger.threshold = 10000 (custom)
2019-09-25 04:50:32,452 [pool-47-thread-1] INFO  server.RaftServerConfigKeys (ConfUtils.java:logGet(43)) - raft.server.snapshot.retention.num.files = 5 (custom)
2019-09-25 04:50:32,452 [aabdae46-dcfa-45e6-b665-2c47bb305ebb@group-E8790FEF521B:LeaderElection29] INFO  impl.RoleInfo (RoleInfo.java:updateAndGet(143)) - aabdae46-dcfa-45e6-b665-2c47bb305ebb: start LeaderState
2019-09-25 04:50:32,452 [pool-47-thread-1] INFO  server.RaftServerConfigKeys (ConfUtils.java:logGet(43)) - raft.server.retrycache.expirytime = 600000ms (custom)
2019-09-25 04:50:32,452 [aabdae46-dcfa-45e6-b665-2c47bb305ebb@group-E8790FEF521B:LeaderElection29] INFO  segmented.SegmentedRaftLogWorker (SegmentedRaftLogWorker.java:startLogSegment(380)) - aabdae46-dcfa-45e6-b665-2c47bb305ebb@group-E8790FEF521B-SegmentedRaftLogWorker: Starting segment from index:0
2019-09-25 04:50:32,453 [aabdae46-dcfa-45e6-b665-2c47bb305ebb@group-E8790FEF521B:LeaderElection29] INFO  impl.RaftServerImpl (ServerState.java:setRaftConf(354)) - aabdae46-dcfa-45e6-b665-2c47bb305ebb@group-E8790FEF521B: set configuration 0: [aabdae46-dcfa-45e6-b665-2c47bb305ebb:192.168.151.106:41436], old=null at 0
2019-09-25 04:50:32,493 [Thread-337] INFO  impl.FollowerState (FollowerState.java:run(106)) - b40ef231-6505-402b-ae57-fc0dc67cbbe8:group-9EC69698E69E changes to CANDIDATE, lastRpcTime:5014, electionTimeout:5014ms
2019-09-25 04:50:32,493 [Thread-337] INFO  impl.RoleInfo (RoleInfo.java:shutdownFollowerState(121)) - b40ef231-6505-402b-ae57-fc0dc67cbbe8: shutdown FollowerState
2019-09-25 04:50:32,493 [Thread-337] INFO  impl.RaftServerImpl (RaftServerImpl.java:setRole(174)) - b40ef231-6505-402b-ae57-fc0dc67cbbe8@group-9EC69698E69E: changes role from  FOLLOWER to CANDIDATE at term 0 for changeToCandidate
2019-09-25 04:50:32,493 [Thread-337] INFO  impl.RoleInfo (RoleInfo.java:updateAndGet(143)) - b40ef231-6505-402b-ae57-fc0dc67cbbe8: start LeaderElection
2019-09-25 04:50:32,497 [9216b865-ce6b-4fb7-bc99-65479a86b6eb@group-F498F12BD410-SegmentedRaftLogWorker] INFO  segmented.SegmentedRaftLogWorker (SegmentedRaftLogWorker.java:execute(569)) - 9216b865-ce6b-4fb7-bc99-65479a86b6eb@group-F498F12BD410-SegmentedRaftLogWorker: created new log segment /workdir/hadoop-ozone/integration-test/target/test-dir/MiniOzoneClusterImpl-72f6cbb0-c919-4300-9939-20ef1cbf0e73/datanode-5/data/ratis/38ad42e3-0c59-467c-ba21-f498f12bd410/current/log_inprogress_0
2019-09-25 04:50:32,497 [aabdae46-dcfa-45e6-b665-2c47bb305ebb@group-1368F4605777:LeaderElection30] INFO  impl.LeaderElection (LeaderElection.java:askForVotes(182)) - aabdae46-dcfa-45e6-b665-2c47bb305ebb@group-1368F4605777:LeaderElection30: begin an election at term 1 for -1: [aabdae46-dcfa-45e6-b665-2c47bb305ebb:192.168.151.106:41436], old=null
2019-09-25 04:50:32,498 [aabdae46-dcfa-45e6-b665-2c47bb305ebb@group-1368F4605777:LeaderElection30] INFO  impl.RoleInfo (RoleInfo.java:shutdownLeaderElection(134)) - aabdae46-dcfa-45e6-b665-2c47bb305ebb: shutdown LeaderElection
2019-09-25 04:50:32,498 [aabdae46-dcfa-45e6-b665-2c47bb305ebb@group-1368F4605777:LeaderElection30] INFO  impl.RaftServerImpl (RaftServerImpl.java:setRole(174)) - aabdae46-dcfa-45e6-b665-2c47bb305ebb@group-1368F4605777: changes role from CANDIDATE to LEADER at term 1 for changeToLeader
2019-09-25 04:50:32,498 [aabdae46-dcfa-45e6-b665-2c47bb305ebb@group-1368F4605777:LeaderElection30] INFO  impl.RaftServerImpl (ServerState.java:setLeader(253)) - aabdae46-dcfa-45e6-b665-2c47bb305ebb@group-1368F4605777: change Leader from null to aabdae46-dcfa-45e6-b665-2c47bb305ebb at term 1 for becomeLeader, leader elected after 5082ms
2019-09-25 04:50:32,498 [aabdae46-dcfa-45e6-b665-2c47bb305ebb@group-1368F4605777:LeaderElection30] INFO  server.RaftServerConfigKeys (ConfUtils.java:logGet(43)) - raft.server.staging.catchup.gap = 1000 (default)
2019-09-25 04:50:32,498 [aabdae46-dcfa-45e6-b665-2c47bb305ebb@group-1368F4605777:LeaderElection30] INFO  server.RaftServerConfigKeys (ConfUtils.java:logGet(43)) - raft.server.rpc.sleep.time = 25ms (default)
2019-09-25 04:50:32,498 [aabdae46-dcfa-45e6-b665-2c47bb305ebb@group-1368F4605777:LeaderElection30] INFO  server.RaftServerConfigKeys (ConfUtils.java:logGet(43)) - raft.server.write.element-limit = 4096 (default)
2019-09-25 04:50:32,499 [aabdae46-dcfa-45e6-b665-2c47bb305ebb@group-1368F4605777:LeaderElection30] INFO  server.RaftServerConfigKeys (ConfUtils.java:logGet(43)) - raft.server.watch.timeout = 10s (default)
2019-09-25 04:50:32,499 [aabdae46-dcfa-45e6-b665-2c47bb305ebb@group-1368F4605777:LeaderElection30] INFO  server.RaftServerConfigKeys (ConfUtils.java:logGet(43)) - raft.server.watch.timeout.denomination = 1s (default)
2019-09-25 04:50:32,499 [aabdae46-dcfa-45e6-b665-2c47bb305ebb@group-1368F4605777:LeaderElection30] INFO  server.RaftServerConfigKeys (ConfUtils.java:logGet(43)) - raft.server.watch.element-limit = 65536 (default)
2019-09-25 04:50:32,499 [pool-47-thread-1] INFO  impl.RaftServerImpl (RaftServerImpl.java:start(185)) - a167ab1f-c96d-409e-bb26-ea230783d833@group-285A6C6583B2: start as a follower, conf=-1: [a167ab1f-c96d-409e-bb26-ea230783d833:192.168.151.106:33404], old=null
2019-09-25 04:50:32,499 [pool-47-thread-1] INFO  impl.RaftServerImpl (RaftServerImpl.java:setRole(174)) - a167ab1f-c96d-409e-bb26-ea230783d833@group-285A6C6583B2: changes role from      null to FOLLOWER at term 0 for startAsFollower
2019-09-25 04:50:32,499 [pool-47-thread-1] INFO  impl.RoleInfo (RoleInfo.java:updateAndGet(143)) - a167ab1f-c96d-409e-bb26-ea230783d833: start FollowerState
2019-09-25 04:50:32,500 [pool-47-thread-1] INFO  util.JmxRegister (JmxRegister.java:tryRegister(44)) - Successfully registered JMX Bean with object name Ratis:service=RaftServer,group=group-285A6C6583B2,id=a167ab1f-c96d-409e-bb26-ea230783d833
2019-09-25 04:50:32,502 [aabdae46-dcfa-45e6-b665-2c47bb305ebb@group-1368F4605777:LeaderElection30] INFO  impl.RoleInfo (RoleInfo.java:updateAndGet(143)) - aabdae46-dcfa-45e6-b665-2c47bb305ebb: start LeaderState
2019-09-25 04:50:32,502 [aabdae46-dcfa-45e6-b665-2c47bb305ebb@group-1368F4605777:LeaderElection30] INFO  segmented.SegmentedRaftLogWorker (SegmentedRaftLogWorker.java:startLogSegment(380)) - aabdae46-dcfa-45e6-b665-2c47bb305ebb@group-1368F4605777-SegmentedRaftLogWorker: Starting segment from index:0
2019-09-25 04:50:32,502 [aabdae46-dcfa-45e6-b665-2c47bb305ebb@group-1368F4605777:LeaderElection30] INFO  impl.RaftServerImpl (ServerState.java:setRaftConf(354)) - aabdae46-dcfa-45e6-b665-2c47bb305ebb@group-1368F4605777: set configuration 0: [aabdae46-dcfa-45e6-b665-2c47bb305ebb:192.168.151.106:41436], old=null at 0
2019-09-25 04:50:32,544 [Thread-331] INFO  impl.FollowerState (FollowerState.java:run(106)) - a167ab1f-c96d-409e-bb26-ea230783d833:group-D0326A89BD59 changes to CANDIDATE, lastRpcTime:5211, electionTimeout:5177ms
2019-09-25 04:50:32,544 [b40ef231-6505-402b-ae57-fc0dc67cbbe8@group-9EC69698E69E:LeaderElection31] INFO  impl.LeaderElection (LeaderElection.java:askForVotes(182)) - b40ef231-6505-402b-ae57-fc0dc67cbbe8@group-9EC69698E69E:LeaderElection31: begin an election at term 1 for -1: [b40ef231-6505-402b-ae57-fc0dc67cbbe8:192.168.151.106:41861], old=null
2019-09-25 04:50:32,544 [aabdae46-dcfa-45e6-b665-2c47bb305ebb@group-E8790FEF521B-SegmentedRaftLogWorker] INFO  segmented.SegmentedRaftLogWorker (SegmentedRaftLogWorker.java:execute(569)) - aabdae46-dcfa-45e6-b665-2c47bb305ebb@group-E8790FEF521B-SegmentedRaftLogWorker: created new log segment /workdir/hadoop-ozone/integration-test/target/test-dir/MiniOzoneClusterImpl-72f6cbb0-c919-4300-9939-20ef1cbf0e73/datanode-4/data/ratis/897abb03-955c-4ce4-8315-e8790fef521b/current/log_inprogress_0
2019-09-25 04:50:32,544 [b40ef231-6505-402b-ae57-fc0dc67cbbe8@group-9EC69698E69E:LeaderElection31] INFO  impl.RoleInfo (RoleInfo.java:shutdownLeaderElection(134)) - b40ef231-6505-402b-ae57-fc0dc67cbbe8: shutdown LeaderElection
2019-09-25 04:50:32,544 [Thread-331] INFO  impl.RoleInfo (RoleInfo.java:shutdownFollowerState(121)) - a167ab1f-c96d-409e-bb26-ea230783d833: shutdown FollowerState
2019-09-25 04:50:32,544 [b40ef231-6505-402b-ae57-fc0dc67cbbe8@group-9EC69698E69E:LeaderElection31] INFO  impl.RaftServerImpl (RaftServerImpl.java:setRole(174)) - b40ef231-6505-402b-ae57-fc0dc67cbbe8@group-9EC69698E69E: changes role from CANDIDATE to LEADER at term 1 for changeToLeader
2019-09-25 04:50:32,544 [RatisPipelineUtilsThread] INFO  pipeline.PipelineStateManager (PipelineStateManager.java:addPipeline(56)) - Created pipeline Pipeline[ Id: 6daed1aa-220b-46de-a9ae-285a6c6583b2, Nodes: a167ab1f-c96d-409e-bb26-ea230783d833{ip: 192.168.151.106, host: pr-hdds-1569-x2sr2-3486766547, networkLocation: /default-rack, certSerialId: null}, Type:RATIS, Factor:ONE, State:OPEN]
2019-09-25 04:50:32,544 [Thread-331] INFO  impl.RaftServerImpl (RaftServerImpl.java:setRole(174)) - a167ab1f-c96d-409e-bb26-ea230783d833@group-D0326A89BD59: changes role from  FOLLOWER to CANDIDATE at term 0 for changeToCandidate
2019-09-25 04:50:32,544 [b40ef231-6505-402b-ae57-fc0dc67cbbe8@group-9EC69698E69E:LeaderElection31] INFO  impl.RaftServerImpl (ServerState.java:setLeader(253)) - b40ef231-6505-402b-ae57-fc0dc67cbbe8@group-9EC69698E69E: change Leader from null to b40ef231-6505-402b-ae57-fc0dc67cbbe8 at term 1 for becomeLeader, leader elected after 5081ms
2019-09-25 04:50:32,545 [Thread-331] INFO  impl.RoleInfo (RoleInfo.java:updateAndGet(143)) - a167ab1f-c96d-409e-bb26-ea230783d833: start LeaderElection
2019-09-25 04:50:32,545 [b40ef231-6505-402b-ae57-fc0dc67cbbe8@group-9EC69698E69E:LeaderElection31] INFO  server.RaftServerConfigKeys (ConfUtils.java:logGet(43)) - raft.server.staging.catchup.gap = 1000 (default)
2019-09-25 04:50:32,545 [b40ef231-6505-402b-ae57-fc0dc67cbbe8@group-9EC69698E69E:LeaderElection31] INFO  server.RaftServerConfigKeys (ConfUtils.java:logGet(43)) - raft.server.rpc.sleep.time = 25ms (default)
2019-09-25 04:50:32,545 [b40ef231-6505-402b-ae57-fc0dc67cbbe8@group-9EC69698E69E:LeaderElection31] INFO  server.RaftServerConfigKeys (ConfUtils.java:logGet(43)) - raft.server.write.element-limit = 4096 (default)
2019-09-25 04:50:32,549 [b40ef231-6505-402b-ae57-fc0dc67cbbe8@group-9EC69698E69E:LeaderElection31] INFO  server.RaftServerConfigKeys (ConfUtils.java:logGet(43)) - raft.server.watch.timeout = 10s (default)
2019-09-25 04:50:32,549 [b40ef231-6505-402b-ae57-fc0dc67cbbe8@group-9EC69698E69E:LeaderElection31] INFO  server.RaftServerConfigKeys (ConfUtils.java:logGet(43)) - raft.server.watch.timeout.denomination = 1s (default)
2019-09-25 04:50:32,549 [b40ef231-6505-402b-ae57-fc0dc67cbbe8@group-9EC69698E69E:LeaderElection31] INFO  server.RaftServerConfigKeys (ConfUtils.java:logGet(43)) - raft.server.watch.element-limit = 65536 (default)
2019-09-25 04:50:32,552 [b40ef231-6505-402b-ae57-fc0dc67cbbe8@group-9EC69698E69E:LeaderElection31] INFO  impl.RoleInfo (RoleInfo.java:updateAndGet(143)) - b40ef231-6505-402b-ae57-fc0dc67cbbe8: start LeaderState
2019-09-25 04:50:32,552 [b40ef231-6505-402b-ae57-fc0dc67cbbe8@group-9EC69698E69E:LeaderElection31] INFO  segmented.SegmentedRaftLogWorker (SegmentedRaftLogWorker.java:startLogSegment(380)) - b40ef231-6505-402b-ae57-fc0dc67cbbe8@group-9EC69698E69E-SegmentedRaftLogWorker: Starting segment from index:0
2019-09-25 04:50:32,552 [b40ef231-6505-402b-ae57-fc0dc67cbbe8@group-9EC69698E69E:LeaderElection31] INFO  impl.RaftServerImpl (ServerState.java:setRaftConf(354)) - b40ef231-6505-402b-ae57-fc0dc67cbbe8@group-9EC69698E69E: set configuration 0: [b40ef231-6505-402b-ae57-fc0dc67cbbe8:192.168.151.106:41861], old=null at 0
2019-09-25 04:50:32,594 [aabdae46-dcfa-45e6-b665-2c47bb305ebb@group-1368F4605777-SegmentedRaftLogWorker] INFO  segmented.SegmentedRaftLogWorker (SegmentedRaftLogWorker.java:execute(569)) - aabdae46-dcfa-45e6-b665-2c47bb305ebb@group-1368F4605777-SegmentedRaftLogWorker: created new log segment /workdir/hadoop-ozone/integration-test/target/test-dir/MiniOzoneClusterImpl-72f6cbb0-c919-4300-9939-20ef1cbf0e73/datanode-4/data/ratis/5a2f2c3f-10ae-4db9-8fde-1368f4605777/current/log_inprogress_0
2019-09-25 04:50:32,595 [a167ab1f-c96d-409e-bb26-ea230783d833@group-D0326A89BD59:LeaderElection32] INFO  impl.LeaderElection (LeaderElection.java:askForVotes(182)) - a167ab1f-c96d-409e-bb26-ea230783d833@group-D0326A89BD59:LeaderElection32: begin an election at term 1 for -1: [a167ab1f-c96d-409e-bb26-ea230783d833:192.168.151.106:33404], old=null
2019-09-25 04:50:32,595 [a167ab1f-c96d-409e-bb26-ea230783d833@group-D0326A89BD59:LeaderElection32] INFO  impl.RoleInfo (RoleInfo.java:shutdownLeaderElection(134)) - a167ab1f-c96d-409e-bb26-ea230783d833: shutdown LeaderElection
2019-09-25 04:50:32,595 [a167ab1f-c96d-409e-bb26-ea230783d833@group-D0326A89BD59:LeaderElection32] INFO  impl.RaftServerImpl (RaftServerImpl.java:setRole(174)) - a167ab1f-c96d-409e-bb26-ea230783d833@group-D0326A89BD59: changes role from CANDIDATE to LEADER at term 1 for changeToLeader
2019-09-25 04:50:32,595 [a167ab1f-c96d-409e-bb26-ea230783d833@group-D0326A89BD59:LeaderElection32] INFO  impl.RaftServerImpl (ServerState.java:setLeader(253)) - a167ab1f-c96d-409e-bb26-ea230783d833@group-D0326A89BD59: change Leader from null to a167ab1f-c96d-409e-bb26-ea230783d833 at term 1 for becomeLeader, leader elected after 5270ms
2019-09-25 04:50:32,595 [a167ab1f-c96d-409e-bb26-ea230783d833@group-D0326A89BD59:LeaderElection32] INFO  server.RaftServerConfigKeys (ConfUtils.java:logGet(43)) - raft.server.staging.catchup.gap = 1000 (default)
2019-09-25 04:50:32,596 [a167ab1f-c96d-409e-bb26-ea230783d833@group-D0326A89BD59:LeaderElection32] INFO  server.RaftServerConfigKeys (ConfUtils.java:logGet(43)) - raft.server.rpc.sleep.time = 25ms (default)
2019-09-25 04:50:32,596 [a167ab1f-c96d-409e-bb26-ea230783d833@group-D0326A89BD59:LeaderElection32] INFO  server.RaftServerConfigKeys (ConfUtils.java:logGet(43)) - raft.server.write.element-limit = 4096 (default)
2019-09-25 04:50:32,596 [a167ab1f-c96d-409e-bb26-ea230783d833@group-D0326A89BD59:LeaderElection32] INFO  server.RaftServerConfigKeys (ConfUtils.java:logGet(43)) - raft.server.watch.timeout = 10s (default)
2019-09-25 04:50:32,596 [a167ab1f-c96d-409e-bb26-ea230783d833@group-D0326A89BD59:LeaderElection32] INFO  server.RaftServerConfigKeys (ConfUtils.java:logGet(43)) - raft.server.watch.timeout.denomination = 1s (default)
2019-09-25 04:50:32,596 [a167ab1f-c96d-409e-bb26-ea230783d833@group-D0326A89BD59:LeaderElection32] INFO  server.RaftServerConfigKeys (ConfUtils.java:logGet(43)) - raft.server.watch.element-limit = 65536 (default)
2019-09-25 04:50:32,602 [a167ab1f-c96d-409e-bb26-ea230783d833@group-D0326A89BD59:LeaderElection32] INFO  impl.RoleInfo (RoleInfo.java:updateAndGet(143)) - a167ab1f-c96d-409e-bb26-ea230783d833: start LeaderState
2019-09-25 04:50:32,602 [grpc-default-executor-0] INFO  impl.RaftServerProxy (RaftServerProxy.java:addNew(89)) - aabdae46-dcfa-45e6-b665-2c47bb305ebb: addNew group-AC95CF6AEBCA:[aabdae46-dcfa-45e6-b665-2c47bb305ebb:192.168.151.106:41436] returns group-AC95CF6AEBCA:java.util.concurrent.CompletableFuture@4118d541[Not completed]
2019-09-25 04:50:32,603 [a167ab1f-c96d-409e-bb26-ea230783d833@group-D0326A89BD59:LeaderElection32] INFO  segmented.SegmentedRaftLogWorker (SegmentedRaftLogWorker.java:startLogSegment(380)) - a167ab1f-c96d-409e-bb26-ea230783d833@group-D0326A89BD59-SegmentedRaftLogWorker: Starting segment from index:0
2019-09-25 04:50:32,603 [a167ab1f-c96d-409e-bb26-ea230783d833@group-D0326A89BD59:LeaderElection32] INFO  impl.RaftServerImpl (ServerState.java:setRaftConf(354)) - a167ab1f-c96d-409e-bb26-ea230783d833@group-D0326A89BD59: set configuration 0: [a167ab1f-c96d-409e-bb26-ea230783d833:192.168.151.106:33404], old=null at 0
2019-09-25 04:50:32,646 [Thread-343] INFO  impl.FollowerState (FollowerState.java:run(106)) - b40ef231-6505-402b-ae57-fc0dc67cbbe8:group-ED6871C5ABBC changes to CANDIDATE, lastRpcTime:5071, electionTimeout:5056ms
2019-09-25 04:50:32,646 [Thread-340] INFO  impl.FollowerState (FollowerState.java:run(106)) - b40ef231-6505-402b-ae57-fc0dc67cbbe8:group-29764987E979 changes to CANDIDATE, lastRpcTime:5119, electionTimeout:5083ms
2019-09-25 04:50:32,647 [Thread-343] INFO  impl.RoleInfo (RoleInfo.java:shutdownFollowerState(121)) - b40ef231-6505-402b-ae57-fc0dc67cbbe8: shutdown FollowerState
2019-09-25 04:50:32,647 [Thread-340] INFO  impl.RoleInfo (RoleInfo.java:shutdownFollowerState(121)) - b40ef231-6505-402b-ae57-fc0dc67cbbe8: shutdown FollowerState
2019-09-25 04:50:32,647 [b40ef231-6505-402b-ae57-fc0dc67cbbe8@group-9EC69698E69E-SegmentedRaftLogWorker] INFO  segmented.SegmentedRaftLogWorker (SegmentedRaftLogWorker.java:execute(569)) - b40ef231-6505-402b-ae57-fc0dc67cbbe8@group-9EC69698E69E-SegmentedRaftLogWorker: created new log segment /workdir/hadoop-ozone/integration-test/target/test-dir/MiniOzoneClusterImpl-72f6cbb0-c919-4300-9939-20ef1cbf0e73/datanode-1/data/ratis/70bebea5-3214-4aeb-9edc-9ec69698e69e/current/log_inprogress_0
2019-09-25 04:50:32,647 [Thread-340] INFO  impl.RaftServerImpl (RaftServerImpl.java:setRole(174)) - b40ef231-6505-402b-ae57-fc0dc67cbbe8@group-29764987E979: changes role from  FOLLOWER to CANDIDATE at term 0 for changeToCandidate
2019-09-25 04:50:32,647 [pool-67-thread-1] INFO  impl.RaftServerImpl (RaftServerImpl.java:<init>(95)) - aabdae46-dcfa-45e6-b665-2c47bb305ebb: new RaftServerImpl for group-AC95CF6AEBCA:[aabdae46-dcfa-45e6-b665-2c47bb305ebb:192.168.151.106:41436] with ContainerStateMachine:uninitialized
2019-09-25 04:50:32,647 [Thread-343] INFO  impl.RaftServerImpl (RaftServerImpl.java:setRole(174)) - b40ef231-6505-402b-ae57-fc0dc67cbbe8@group-ED6871C5ABBC: changes role from  FOLLOWER to CANDIDATE at term 0 for changeToCandidate
2019-09-25 04:50:32,648 [pool-67-thread-1] INFO  server.RaftServerConfigKeys (ConfUtils.java:logGet(43)) - raft.server.rpc.timeout.min = 5s (custom)
2019-09-25 04:50:32,647 [Thread-340] INFO  impl.RoleInfo (RoleInfo.java:updateAndGet(143)) - b40ef231-6505-402b-ae57-fc0dc67cbbe8: start LeaderElection
2019-09-25 04:50:32,648 [pool-67-thread-1] INFO  server.RaftServerConfigKeys (ConfUtils.java:logGet(43)) - raft.server.rpc.timeout.max = 5200ms (custom)
2019-09-25 04:50:32,648 [pool-67-thread-1] INFO  server.RaftServerConfigKeys (ConfUtils.java:logGet(43)) - raft.server.rpcslowness.timeout = 120s (custom)
2019-09-25 04:50:32,648 [Thread-343] INFO  impl.RoleInfo (RoleInfo.java:updateAndGet(143)) - b40ef231-6505-402b-ae57-fc0dc67cbbe8: start LeaderElection
2019-09-25 04:50:32,648 [pool-67-thread-1] INFO  server.RaftServerConfigKeys (ConfUtils.java:logGet(43)) - raft.server.sleep.deviation.threshold = 300 (default)
2019-09-25 04:50:32,653 [pool-67-thread-1] INFO  server.RaftServerConfigKeys (ConfUtils.java:logGet(43)) - raft.server.log.appender.install.snapshot.enabled = false (custom)
2019-09-25 04:50:32,656 [pool-67-thread-1] INFO  impl.RaftServerImpl (ServerState.java:<init>(103)) - aabdae46-dcfa-45e6-b665-2c47bb305ebb@group-AC95CF6AEBCA: ConfigurationManager, init=-1: [aabdae46-dcfa-45e6-b665-2c47bb305ebb:192.168.151.106:41436], old=null, confs=<EMPTY_MAP>
2019-09-25 04:50:32,656 [pool-67-thread-1] INFO  server.RaftServerConfigKeys (ConfUtils.java:logGet(43)) - raft.server.storage.dir = [/workdir/hadoop-ozone/integration-test/target/test-dir/MiniOzoneClusterImpl-72f6cbb0-c919-4300-9939-20ef1cbf0e73/datanode-4/data/ratis] (custom)
2019-09-25 04:50:32,657 [pool-67-thread-1] INFO  storage.RaftStorageDirectory (RaftStorageDirectory.java:analyzeStorage(246)) - The storage directory /workdir/hadoop-ozone/integration-test/target/test-dir/MiniOzoneClusterImpl-72f6cbb0-c919-4300-9939-20ef1cbf0e73/datanode-4/data/ratis/84f7d27c-22d8-429f-a9bd-ac95cf6aebca does not exist. Creating ...
2019-09-25 04:50:32,659 [a167ab1f-c96d-409e-bb26-ea230783d833@group-D0326A89BD59-SegmentedRaftLogWorker] INFO  segmented.SegmentedRaftLogWorker (SegmentedRaftLogWorker.java:execute(569)) - a167ab1f-c96d-409e-bb26-ea230783d833@group-D0326A89BD59-SegmentedRaftLogWorker: created new log segment /workdir/hadoop-ozone/integration-test/target/test-dir/MiniOzoneClusterImpl-72f6cbb0-c919-4300-9939-20ef1cbf0e73/datanode-2/data/ratis/c2d26f9f-3867-4bb3-a3ed-d0326a89bd59/current/log_inprogress_0
2019-09-25 04:50:32,660 [b40ef231-6505-402b-ae57-fc0dc67cbbe8@group-ED6871C5ABBC:LeaderElection34] INFO  impl.LeaderElection (LeaderElection.java:askForVotes(182)) - b40ef231-6505-402b-ae57-fc0dc67cbbe8@group-ED6871C5ABBC:LeaderElection34: begin an election at term 1 for -1: [b40ef231-6505-402b-ae57-fc0dc67cbbe8:192.168.151.106:41861], old=null
2019-09-25 04:50:32,660 [b40ef231-6505-402b-ae57-fc0dc67cbbe8@group-29764987E979:LeaderElection33] INFO  impl.LeaderElection (LeaderElection.java:askForVotes(182)) - b40ef231-6505-402b-ae57-fc0dc67cbbe8@group-29764987E979:LeaderElection33: begin an election at term 1 for -1: [b40ef231-6505-402b-ae57-fc0dc67cbbe8:192.168.151.106:41861], old=null
2019-09-25 04:50:32,660 [b40ef231-6505-402b-ae57-fc0dc67cbbe8@group-ED6871C5ABBC:LeaderElection34] INFO  impl.RoleInfo (RoleInfo.java:shutdownLeaderElection(134)) - b40ef231-6505-402b-ae57-fc0dc67cbbe8: shutdown LeaderElection
2019-09-25 04:50:32,660 [b40ef231-6505-402b-ae57-fc0dc67cbbe8@group-29764987E979:LeaderElection33] INFO  impl.RoleInfo (RoleInfo.java:shutdownLeaderElection(134)) - b40ef231-6505-402b-ae57-fc0dc67cbbe8: shutdown LeaderElection
2019-09-25 04:50:32,660 [b40ef231-6505-402b-ae57-fc0dc67cbbe8@group-ED6871C5ABBC:LeaderElection34] INFO  impl.RaftServerImpl (RaftServerImpl.java:setRole(174)) - b40ef231-6505-402b-ae57-fc0dc67cbbe8@group-ED6871C5ABBC: changes role from CANDIDATE to LEADER at term 1 for changeToLeader
2019-09-25 04:50:32,660 [b40ef231-6505-402b-ae57-fc0dc67cbbe8@group-29764987E979:LeaderElection33] INFO  impl.RaftServerImpl (RaftServerImpl.java:setRole(174)) - b40ef231-6505-402b-ae57-fc0dc67cbbe8@group-29764987E979: changes role from CANDIDATE to LEADER at term 1 for changeToLeader
2019-09-25 04:50:32,660 [b40ef231-6505-402b-ae57-fc0dc67cbbe8@group-ED6871C5ABBC:LeaderElection34] INFO  impl.RaftServerImpl (ServerState.java:setLeader(253)) - b40ef231-6505-402b-ae57-fc0dc67cbbe8@group-ED6871C5ABBC: change Leader from null to b40ef231-6505-402b-ae57-fc0dc67cbbe8 at term 1 for becomeLeader, leader elected after 5091ms
2019-09-25 04:50:32,660 [b40ef231-6505-402b-ae57-fc0dc67cbbe8@group-29764987E979:LeaderElection33] INFO  impl.RaftServerImpl (ServerState.java:setLeader(253)) - b40ef231-6505-402b-ae57-fc0dc67cbbe8@group-29764987E979: change Leader from null to b40ef231-6505-402b-ae57-fc0dc67cbbe8 at term 1 for becomeLeader, leader elected after 5139ms
2019-09-25 04:50:32,661 [b40ef231-6505-402b-ae57-fc0dc67cbbe8@group-ED6871C5ABBC:LeaderElection34] INFO  server.RaftServerConfigKeys (ConfUtils.java:logGet(43)) - raft.server.staging.catchup.gap = 1000 (default)
2019-09-25 04:50:32,661 [b40ef231-6505-402b-ae57-fc0dc67cbbe8@group-29764987E979:LeaderElection33] INFO  server.RaftServerConfigKeys (ConfUtils.java:logGet(43)) - raft.server.staging.catchup.gap = 1000 (default)
2019-09-25 04:50:32,661 [b40ef231-6505-402b-ae57-fc0dc67cbbe8@group-ED6871C5ABBC:LeaderElection34] INFO  server.RaftServerConfigKeys (ConfUtils.java:logGet(43)) - raft.server.rpc.sleep.time = 25ms (default)
2019-09-25 04:50:32,661 [b40ef231-6505-402b-ae57-fc0dc67cbbe8@group-29764987E979:LeaderElection33] INFO  server.RaftServerConfigKeys (ConfUtils.java:logGet(43)) - raft.server.rpc.sleep.time = 25ms (default)
2019-09-25 04:50:32,661 [b40ef231-6505-402b-ae57-fc0dc67cbbe8@group-ED6871C5ABBC:LeaderElection34] INFO  server.RaftServerConfigKeys (ConfUtils.java:logGet(43)) - raft.server.write.element-limit = 4096 (default)
2019-09-25 04:50:32,661 [b40ef231-6505-402b-ae57-fc0dc67cbbe8@group-29764987E979:LeaderElection33] INFO  server.RaftServerConfigKeys (ConfUtils.java:logGet(43)) - raft.server.write.element-limit = 4096 (default)
2019-09-25 04:50:32,661 [b40ef231-6505-402b-ae57-fc0dc67cbbe8@group-ED6871C5ABBC:LeaderElection34] INFO  server.RaftServerConfigKeys (ConfUtils.java:logGet(43)) - raft.server.watch.timeout = 10s (default)
2019-09-25 04:50:32,662 [b40ef231-6505-402b-ae57-fc0dc67cbbe8@group-29764987E979:LeaderElection33] INFO  server.RaftServerConfigKeys (ConfUtils.java:logGet(43)) - raft.server.watch.timeout = 10s (default)
2019-09-25 04:50:32,662 [b40ef231-6505-402b-ae57-fc0dc67cbbe8@group-ED6871C5ABBC:LeaderElection34] INFO  server.RaftServerConfigKeys (ConfUtils.java:logGet(43)) - raft.server.watch.timeout.denomination = 1s (default)
2019-09-25 04:50:32,662 [b40ef231-6505-402b-ae57-fc0dc67cbbe8@group-29764987E979:LeaderElection33] INFO  server.RaftServerConfigKeys (ConfUtils.java:logGet(43)) - raft.server.watch.timeout.denomination = 1s (default)
2019-09-25 04:50:32,662 [b40ef231-6505-402b-ae57-fc0dc67cbbe8@group-ED6871C5ABBC:LeaderElection34] INFO  server.RaftServerConfigKeys (ConfUtils.java:logGet(43)) - raft.server.watch.element-limit = 65536 (default)
2019-09-25 04:50:32,662 [b40ef231-6505-402b-ae57-fc0dc67cbbe8@group-29764987E979:LeaderElection33] INFO  server.RaftServerConfigKeys (ConfUtils.java:logGet(43)) - raft.server.watch.element-limit = 65536 (default)
2019-09-25 04:50:32,664 [pool-67-thread-1] INFO  storage.RaftStorageDirectory (RaftStorageDirectory.java:tryLock(328)) - Lock on /workdir/hadoop-ozone/integration-test/target/test-dir/MiniOzoneClusterImpl-72f6cbb0-c919-4300-9939-20ef1cbf0e73/datanode-4/data/ratis/84f7d27c-22d8-429f-a9bd-ac95cf6aebca/in_use.lock acquired by nodename 13648@pr-hdds-1569-x2sr2-3486766547
2019-09-25 04:50:32,665 [b40ef231-6505-402b-ae57-fc0dc67cbbe8@group-ED6871C5ABBC:LeaderElection34] INFO  impl.RoleInfo (RoleInfo.java:updateAndGet(143)) - b40ef231-6505-402b-ae57-fc0dc67cbbe8: start LeaderState
2019-09-25 04:50:32,666 [b40ef231-6505-402b-ae57-fc0dc67cbbe8@group-29764987E979:LeaderElection33] INFO  impl.RoleInfo (RoleInfo.java:updateAndGet(143)) - b40ef231-6505-402b-ae57-fc0dc67cbbe8: start LeaderState
2019-09-25 04:50:32,666 [b40ef231-6505-402b-ae57-fc0dc67cbbe8@group-ED6871C5ABBC:LeaderElection34] INFO  segmented.SegmentedRaftLogWorker (SegmentedRaftLogWorker.java:startLogSegment(380)) - b40ef231-6505-402b-ae57-fc0dc67cbbe8@group-ED6871C5ABBC-SegmentedRaftLogWorker: Starting segment from index:0
2019-09-25 04:50:32,666 [b40ef231-6505-402b-ae57-fc0dc67cbbe8@group-29764987E979:LeaderElection33] INFO  segmented.SegmentedRaftLogWorker (SegmentedRaftLogWorker.java:startLogSegment(380)) - b40ef231-6505-402b-ae57-fc0dc67cbbe8@group-29764987E979-SegmentedRaftLogWorker: Starting segment from index:0
2019-09-25 04:50:32,666 [b40ef231-6505-402b-ae57-fc0dc67cbbe8@group-ED6871C5ABBC:LeaderElection34] INFO  impl.RaftServerImpl (ServerState.java:setRaftConf(354)) - b40ef231-6505-402b-ae57-fc0dc67cbbe8@group-ED6871C5ABBC: set configuration 0: [b40ef231-6505-402b-ae57-fc0dc67cbbe8:192.168.151.106:41861], old=null at 0
2019-09-25 04:50:32,710 [Thread-346] INFO  impl.FollowerState (FollowerState.java:run(106)) - 45f1801e-7cfd-420a-bb39-98f19dcc81c3:group-AB0D03A5A231 changes to CANDIDATE, lastRpcTime:5060, electionTimeout:5040ms
2019-09-25 04:50:32,710 [pool-67-thread-1] INFO  storage.RaftStorage (RaftStorage.java:format(72)) - Storage directory /workdir/hadoop-ozone/integration-test/target/test-dir/MiniOzoneClusterImpl-72f6cbb0-c919-4300-9939-20ef1cbf0e73/datanode-4/data/ratis/84f7d27c-22d8-429f-a9bd-ac95cf6aebca has been successfully formatted.
2019-09-25 04:50:32,710 [Thread-346] INFO  impl.RoleInfo (RoleInfo.java:shutdownFollowerState(121)) - 45f1801e-7cfd-420a-bb39-98f19dcc81c3: shutdown FollowerState
2019-09-25 04:50:32,711 [Thread-346] INFO  impl.RaftServerImpl (RaftServerImpl.java:setRole(174)) - 45f1801e-7cfd-420a-bb39-98f19dcc81c3@group-AB0D03A5A231: changes role from  FOLLOWER to CANDIDATE at term 0 for changeToCandidate
2019-09-25 04:50:32,711 [pool-67-thread-1] INFO  ratis.ContainerStateMachine (ContainerStateMachine.java:loadSnapshot(230)) - group-AC95CF6AEBCA: The snapshot info is null. Setting the last applied indexto:(t:0, i:~)
2019-09-25 04:50:32,711 [Thread-346] INFO  impl.RoleInfo (RoleInfo.java:updateAndGet(143)) - 45f1801e-7cfd-420a-bb39-98f19dcc81c3: start LeaderElection
2019-09-25 04:50:32,711 [b40ef231-6505-402b-ae57-fc0dc67cbbe8@group-29764987E979:LeaderElection33] INFO  impl.RaftServerImpl (ServerState.java:setRaftConf(354)) - b40ef231-6505-402b-ae57-fc0dc67cbbe8@group-29764987E979: set configuration 0: [b40ef231-6505-402b-ae57-fc0dc67cbbe8:192.168.151.106:41861], old=null at 0
2019-09-25 04:50:32,711 [pool-67-thread-1] INFO  server.RaftServerConfigKeys (ConfUtils.java:logGet(43)) - raft.server.notification.no-leader.timeout = 120s (custom)
2019-09-25 04:50:32,715 [pool-67-thread-1] INFO  server.RaftServerConfigKeys (ConfUtils.java:logGet(43)) - raft.server.log.use.memory = false (default)
2019-09-25 04:50:32,719 [pool-67-thread-1] INFO  server.RaftServerConfigKeys (ConfUtils.java:logGet(43)) - raft.server.log.purge.gap = 1000000 (custom)
2019-09-25 04:50:32,719 [pool-67-thread-1] INFO  server.RaftServerConfigKeys (ConfUtils.java:logGet(43)) - raft.server.log.appender.buffer.byte-limit = 33554432 (custom)
2019-09-25 04:50:32,719 [pool-67-thread-1] INFO  server.RaftServerConfigKeys (ConfUtils.java:logGet(43)) - raft.server.log.segment.size.max = 1048576 (custom)
2019-09-25 04:50:32,719 [pool-67-thread-1] INFO  server.RaftServerConfigKeys (ConfUtils.java:logGet(43)) - raft.server.log.segment.cache.num.max = 2 (custom)
2019-09-25 04:50:32,720 [pool-67-thread-1] INFO  segmented.SegmentedRaftLogWorker (SegmentedRaftLogWorker.java:<init>(172)) - new aabdae46-dcfa-45e6-b665-2c47bb305ebb@group-AC95CF6AEBCA-SegmentedRaftLogWorker for RaftStorage:Storage Directory /workdir/hadoop-ozone/integration-test/target/test-dir/MiniOzoneClusterImpl-72f6cbb0-c919-4300-9939-20ef1cbf0e73/datanode-4/data/ratis/84f7d27c-22d8-429f-a9bd-ac95cf6aebca
2019-09-25 04:50:32,720 [pool-67-thread-1] INFO  server.RaftServerConfigKeys (ConfUtils.java:logGet(43)) - raft.server.log.queue.byte-limit = 2147483647 (custom)
2019-09-25 04:50:32,720 [pool-67-thread-1] INFO  server.RaftServerConfigKeys (ConfUtils.java:logGet(43)) - raft.server.log.queue.element-limit = 1024 (custom)
2019-09-25 04:50:32,720 [pool-67-thread-1] INFO  server.RaftServerConfigKeys (ConfUtils.java:logGet(43)) - raft.server.log.segment.size.max = 1048576 (custom)
2019-09-25 04:50:32,720 [pool-67-thread-1] INFO  server.RaftServerConfigKeys (ConfUtils.java:logGet(43)) - raft.server.log.preallocated.size = 16384 (custom)
2019-09-25 04:50:32,720 [pool-67-thread-1] INFO  server.RaftServerConfigKeys (ConfUtils.java:logGet(43)) - raft.server.log.write.buffer.size = 33554432 (custom)
2019-09-25 04:50:32,720 [pool-67-thread-1] INFO  server.RaftServerConfigKeys (ConfUtils.java:logGet(43)) - raft.server.log.force.sync.num = 128 (default)
2019-09-25 04:50:32,721 [pool-67-thread-1] INFO  server.RaftServerConfigKeys (ConfUtils.java:logGet(43)) - raft.server.log.statemachine.data.sync = true (default)
2019-09-25 04:50:32,721 [pool-67-thread-1] INFO  server.RaftServerConfigKeys (ConfUtils.java:logGet(43)) - raft.server.log.statemachine.data.sync.timeout = 10s (default)
2019-09-25 04:50:32,721 [pool-67-thread-1] INFO  server.RaftServerConfigKeys (ConfUtils.java:logGet(43)) - raft.server.log.statemachine.data.sync.timeout.retry = -1 (default)
2019-09-25 04:50:32,721 [pool-67-thread-1] INFO  server.RaftServerConfigKeys (ConfUtils.java:logGet(43)) - raft.server.log.statemachine.data.caching.enabled = true (custom)
2019-09-25 04:50:32,735 [pool-67-thread-1] INFO  segmented.SegmentedRaftLogWorker (SegmentedRaftLogWorker.java:lambda$new$0(132)) - aabdae46-dcfa-45e6-b665-2c47bb305ebb@group-AC95CF6AEBCA-SegmentedRaftLogWorker: flushIndex: setUnconditionally 0 -> -1
2019-09-25 04:50:32,735 [pool-67-thread-1] INFO  server.RaftServerConfigKeys (ConfUtils.java:logGet(43)) - raft.server.snapshot.auto.trigger.enabled = true (custom)
2019-09-25 04:50:32,735 [pool-67-thread-1] INFO  server.RaftServerConfigKeys (ConfUtils.java:logGet(43)) - raft.server.snapshot.auto.trigger.threshold = 10000 (custom)
2019-09-25 04:50:32,736 [b40ef231-6505-402b-ae57-fc0dc67cbbe8@group-29764987E979-SegmentedRaftLogWorker] INFO  segmented.SegmentedRaftLogWorker (SegmentedRaftLogWorker.java:execute(569)) - b40ef231-6505-402b-ae57-fc0dc67cbbe8@group-29764987E979-SegmentedRaftLogWorker: created new log segment /workdir/hadoop-ozone/integration-test/target/test-dir/MiniOzoneClusterImpl-72f6cbb0-c919-4300-9939-20ef1cbf0e73/datanode-1/data/ratis/784806af-df82-45f5-b06f-29764987e979/current/log_inprogress_0
2019-09-25 04:50:32,736 [pool-67-thread-1] INFO  server.RaftServerConfigKeys (ConfUtils.java:logGet(43)) - raft.server.snapshot.retention.num.files = 5 (custom)
2019-09-25 04:50:32,736 [45f1801e-7cfd-420a-bb39-98f19dcc81c3@group-AB0D03A5A231:LeaderElection35] INFO  impl.LeaderElection (LeaderElection.java:askForVotes(182)) - 45f1801e-7cfd-420a-bb39-98f19dcc81c3@group-AB0D03A5A231:LeaderElection35: begin an election at term 1 for -1: [45f1801e-7cfd-420a-bb39-98f19dcc81c3:192.168.151.106:38437], old=null
2019-09-25 04:50:32,736 [b40ef231-6505-402b-ae57-fc0dc67cbbe8@group-ED6871C5ABBC-SegmentedRaftLogWorker] INFO  segmented.SegmentedRaftLogWorker (SegmentedRaftLogWorker.java:execute(569)) - b40ef231-6505-402b-ae57-fc0dc67cbbe8@group-ED6871C5ABBC-SegmentedRaftLogWorker: created new log segment /workdir/hadoop-ozone/integration-test/target/test-dir/MiniOzoneClusterImpl-72f6cbb0-c919-4300-9939-20ef1cbf0e73/datanode-1/data/ratis/1057e957-f764-4385-8cf4-ed6871c5abbc/current/log_inprogress_0
2019-09-25 04:50:32,736 [45f1801e-7cfd-420a-bb39-98f19dcc81c3@group-AB0D03A5A231:LeaderElection35] INFO  impl.RoleInfo (RoleInfo.java:shutdownLeaderElection(134)) - 45f1801e-7cfd-420a-bb39-98f19dcc81c3: shutdown LeaderElection
2019-09-25 04:50:32,736 [pool-67-thread-1] INFO  server.RaftServerConfigKeys (ConfUtils.java:logGet(43)) - raft.server.retrycache.expirytime = 600000ms (custom)
2019-09-25 04:50:32,736 [45f1801e-7cfd-420a-bb39-98f19dcc81c3@group-AB0D03A5A231:LeaderElection35] INFO  impl.RaftServerImpl (RaftServerImpl.java:setRole(174)) - 45f1801e-7cfd-420a-bb39-98f19dcc81c3@group-AB0D03A5A231: changes role from CANDIDATE to LEADER at term 1 for changeToLeader
2019-09-25 04:50:32,737 [45f1801e-7cfd-420a-bb39-98f19dcc81c3@group-AB0D03A5A231:LeaderElection35] INFO  impl.RaftServerImpl (ServerState.java:setLeader(253)) - 45f1801e-7cfd-420a-bb39-98f19dcc81c3@group-AB0D03A5A231: change Leader from null to 45f1801e-7cfd-420a-bb39-98f19dcc81c3 at term 1 for becomeLeader, leader elected after 5096ms
2019-09-25 04:50:32,737 [45f1801e-7cfd-420a-bb39-98f19dcc81c3@group-AB0D03A5A231:LeaderElection35] INFO  server.RaftServerConfigKeys (ConfUtils.java:logGet(43)) - raft.server.staging.catchup.gap = 1000 (default)
2019-09-25 04:50:32,737 [45f1801e-7cfd-420a-bb39-98f19dcc81c3@group-AB0D03A5A231:LeaderElection35] INFO  server.RaftServerConfigKeys (ConfUtils.java:logGet(43)) - raft.server.rpc.sleep.time = 25ms (default)
2019-09-25 04:50:32,737 [45f1801e-7cfd-420a-bb39-98f19dcc81c3@group-AB0D03A5A231:LeaderElection35] INFO  server.RaftServerConfigKeys (ConfUtils.java:logGet(43)) - raft.server.write.element-limit = 4096 (default)
2019-09-25 04:50:32,737 [45f1801e-7cfd-420a-bb39-98f19dcc81c3@group-AB0D03A5A231:LeaderElection35] INFO  server.RaftServerConfigKeys (ConfUtils.java:logGet(43)) - raft.server.watch.timeout = 10s (default)
2019-09-25 04:50:32,738 [45f1801e-7cfd-420a-bb39-98f19dcc81c3@group-AB0D03A5A231:LeaderElection35] INFO  server.RaftServerConfigKeys (ConfUtils.java:logGet(43)) - raft.server.watch.timeout.denomination = 1s (default)
2019-09-25 04:50:32,738 [45f1801e-7cfd-420a-bb39-98f19dcc81c3@group-AB0D03A5A231:LeaderElection35] INFO  server.RaftServerConfigKeys (ConfUtils.java:logGet(43)) - raft.server.watch.element-limit = 65536 (default)
2019-09-25 04:50:32,739 [pool-67-thread-1] INFO  impl.RaftServerImpl (RaftServerImpl.java:start(185)) - aabdae46-dcfa-45e6-b665-2c47bb305ebb@group-AC95CF6AEBCA: start as a follower, conf=-1: [aabdae46-dcfa-45e6-b665-2c47bb305ebb:192.168.151.106:41436], old=null
2019-09-25 04:50:32,740 [pool-67-thread-1] INFO  impl.RaftServerImpl (RaftServerImpl.java:setRole(174)) - aabdae46-dcfa-45e6-b665-2c47bb305ebb@group-AC95CF6AEBCA: changes role from      null to FOLLOWER at term 0 for startAsFollower
2019-09-25 04:50:32,740 [pool-67-thread-1] INFO  impl.RoleInfo (RoleInfo.java:updateAndGet(143)) - aabdae46-dcfa-45e6-b665-2c47bb305ebb: start FollowerState
2019-09-25 04:50:32,740 [pool-67-thread-1] INFO  util.JmxRegister (JmxRegister.java:tryRegister(44)) - Successfully registered JMX Bean with object name Ratis:service=RaftServer,group=group-AC95CF6AEBCA,id=aabdae46-dcfa-45e6-b665-2c47bb305ebb
2019-09-25 04:50:32,741 [45f1801e-7cfd-420a-bb39-98f19dcc81c3@group-AB0D03A5A231:LeaderElection35] INFO  impl.RoleInfo (RoleInfo.java:updateAndGet(143)) - 45f1801e-7cfd-420a-bb39-98f19dcc81c3: start LeaderState
2019-09-25 04:50:32,741 [45f1801e-7cfd-420a-bb39-98f19dcc81c3@group-AB0D03A5A231:LeaderElection35] INFO  segmented.SegmentedRaftLogWorker (SegmentedRaftLogWorker.java:startLogSegment(380)) - 45f1801e-7cfd-420a-bb39-98f19dcc81c3@group-AB0D03A5A231-SegmentedRaftLogWorker: Starting segment from index:0
2019-09-25 04:50:32,742 [45f1801e-7cfd-420a-bb39-98f19dcc81c3@group-AB0D03A5A231:LeaderElection35] INFO  impl.RaftServerImpl (ServerState.java:setRaftConf(354)) - 45f1801e-7cfd-420a-bb39-98f19dcc81c3@group-AB0D03A5A231: set configuration 0: [45f1801e-7cfd-420a-bb39-98f19dcc81c3:192.168.151.106:38437], old=null at 0
2019-09-25 04:50:32,784 [RatisPipelineUtilsThread] INFO  pipeline.PipelineStateManager (PipelineStateManager.java:addPipeline(56)) - Created pipeline Pipeline[ Id: 84f7d27c-22d8-429f-a9bd-ac95cf6aebca, Nodes: aabdae46-dcfa-45e6-b665-2c47bb305ebb{ip: 192.168.151.106, host: pr-hdds-1569-x2sr2-3486766547, networkLocation: /default-rack, certSerialId: null}, Type:RATIS, Factor:ONE, State:OPEN]
2019-09-25 04:50:32,790 [grpc-default-executor-0] INFO  impl.RaftServerProxy (RaftServerProxy.java:addNew(89)) - 9216b865-ce6b-4fb7-bc99-65479a86b6eb: addNew group-D6395173AEA9:[9216b865-ce6b-4fb7-bc99-65479a86b6eb:192.168.151.106:43252] returns group-D6395173AEA9:java.util.concurrent.CompletableFuture@dcd5ec6[Not completed]
2019-09-25 04:50:32,792 [pool-77-thread-1] INFO  impl.RaftServerImpl (RaftServerImpl.java:<init>(95)) - 9216b865-ce6b-4fb7-bc99-65479a86b6eb: new RaftServerImpl for group-D6395173AEA9:[9216b865-ce6b-4fb7-bc99-65479a86b6eb:192.168.151.106:43252] with ContainerStateMachine:uninitialized
2019-09-25 04:50:32,792 [pool-77-thread-1] INFO  server.RaftServerConfigKeys (ConfUtils.java:logGet(43)) - raft.server.rpc.timeout.min = 5s (custom)
2019-09-25 04:50:32,793 [pool-77-thread-1] INFO  server.RaftServerConfigKeys (ConfUtils.java:logGet(43)) - raft.server.rpc.timeout.max = 5200ms (custom)
2019-09-25 04:50:32,793 [pool-77-thread-1] INFO  server.RaftServerConfigKeys (ConfUtils.java:logGet(43)) - raft.server.rpcslowness.timeout = 120s (custom)
2019-09-25 04:50:32,793 [pool-77-thread-1] INFO  server.RaftServerConfigKeys (ConfUtils.java:logGet(43)) - raft.server.sleep.deviation.threshold = 300 (default)
2019-09-25 04:50:32,793 [pool-77-thread-1] INFO  server.RaftServerConfigKeys (ConfUtils.java:logGet(43)) - raft.server.log.appender.install.snapshot.enabled = false (custom)
2019-09-25 04:50:32,793 [pool-77-thread-1] INFO  impl.RaftServerImpl (ServerState.java:<init>(103)) - 9216b865-ce6b-4fb7-bc99-65479a86b6eb@group-D6395173AEA9: ConfigurationManager, init=-1: [9216b865-ce6b-4fb7-bc99-65479a86b6eb:192.168.151.106:43252], old=null, confs=<EMPTY_MAP>
2019-09-25 04:50:32,793 [pool-77-thread-1] INFO  server.RaftServerConfigKeys (ConfUtils.java:logGet(43)) - raft.server.storage.dir = [/workdir/hadoop-ozone/integration-test/target/test-dir/MiniOzoneClusterImpl-72f6cbb0-c919-4300-9939-20ef1cbf0e73/datanode-5/data/ratis] (custom)
2019-09-25 04:50:32,794 [pool-77-thread-1] INFO  storage.RaftStorageDirectory (RaftStorageDirectory.java:analyzeStorage(246)) - The storage directory /workdir/hadoop-ozone/integration-test/target/test-dir/MiniOzoneClusterImpl-72f6cbb0-c919-4300-9939-20ef1cbf0e73/datanode-5/data/ratis/0ca69a9b-1cf0-4ebd-b74b-d6395173aea9 does not exist. Creating ...
2019-09-25 04:50:32,804 [45f1801e-7cfd-420a-bb39-98f19dcc81c3@group-AB0D03A5A231-SegmentedRaftLogWorker] INFO  segmented.SegmentedRaftLogWorker (SegmentedRaftLogWorker.java:execute(569)) - 45f1801e-7cfd-420a-bb39-98f19dcc81c3@group-AB0D03A5A231-SegmentedRaftLogWorker: created new log segment /workdir/hadoop-ozone/integration-test/target/test-dir/MiniOzoneClusterImpl-72f6cbb0-c919-4300-9939-20ef1cbf0e73/datanode-6/data/ratis/f2742d4d-3b26-4425-b941-ab0d03a5a231/current/log_inprogress_0
2019-09-25 04:50:32,806 [pool-77-thread-1] INFO  storage.RaftStorageDirectory (RaftStorageDirectory.java:tryLock(328)) - Lock on /workdir/hadoop-ozone/integration-test/target/test-dir/MiniOzoneClusterImpl-72f6cbb0-c919-4300-9939-20ef1cbf0e73/datanode-5/data/ratis/0ca69a9b-1cf0-4ebd-b74b-d6395173aea9/in_use.lock acquired by nodename 13648@pr-hdds-1569-x2sr2-3486766547
2019-09-25 04:50:32,848 [pool-77-thread-1] INFO  storage.RaftStorage (RaftStorage.java:format(72)) - Storage directory /workdir/hadoop-ozone/integration-test/target/test-dir/MiniOzoneClusterImpl-72f6cbb0-c919-4300-9939-20ef1cbf0e73/datanode-5/data/ratis/0ca69a9b-1cf0-4ebd-b74b-d6395173aea9 has been successfully formatted.
2019-09-25 04:50:32,848 [pool-77-thread-1] INFO  ratis.ContainerStateMachine (ContainerStateMachine.java:loadSnapshot(230)) - group-D6395173AEA9: The snapshot info is null. Setting the last applied indexto:(t:0, i:~)
2019-09-25 04:50:32,848 [pool-77-thread-1] INFO  server.RaftServerConfigKeys (ConfUtils.java:logGet(43)) - raft.server.notification.no-leader.timeout = 120s (custom)
2019-09-25 04:50:32,849 [pool-77-thread-1] INFO  server.RaftServerConfigKeys (ConfUtils.java:logGet(43)) - raft.server.log.use.memory = false (default)
2019-09-25 04:50:32,849 [pool-77-thread-1] INFO  server.RaftServerConfigKeys (ConfUtils.java:logGet(43)) - raft.server.log.purge.gap = 1000000 (custom)
2019-09-25 04:50:32,849 [pool-77-thread-1] INFO  server.RaftServerConfigKeys (ConfUtils.java:logGet(43)) - raft.server.log.appender.buffer.byte-limit = 33554432 (custom)
2019-09-25 04:50:32,849 [pool-77-thread-1] INFO  server.RaftServerConfigKeys (ConfUtils.java:logGet(43)) - raft.server.log.segment.size.max = 1048576 (custom)
2019-09-25 04:50:32,849 [pool-77-thread-1] INFO  server.RaftServerConfigKeys (ConfUtils.java:logGet(43)) - raft.server.log.segment.cache.num.max = 2 (custom)
2019-09-25 04:50:32,849 [pool-77-thread-1] INFO  segmented.SegmentedRaftLogWorker (SegmentedRaftLogWorker.java:<init>(172)) - new 9216b865-ce6b-4fb7-bc99-65479a86b6eb@group-D6395173AEA9-SegmentedRaftLogWorker for RaftStorage:Storage Directory /workdir/hadoop-ozone/integration-test/target/test-dir/MiniOzoneClusterImpl-72f6cbb0-c919-4300-9939-20ef1cbf0e73/datanode-5/data/ratis/0ca69a9b-1cf0-4ebd-b74b-d6395173aea9
2019-09-25 04:50:32,850 [pool-77-thread-1] INFO  server.RaftServerConfigKeys (ConfUtils.java:logGet(43)) - raft.server.log.queue.byte-limit = 2147483647 (custom)
2019-09-25 04:50:32,850 [pool-77-thread-1] INFO  server.RaftServerConfigKeys (ConfUtils.java:logGet(43)) - raft.server.log.queue.element-limit = 1024 (custom)
2019-09-25 04:50:32,850 [pool-77-thread-1] INFO  server.RaftServerConfigKeys (ConfUtils.java:logGet(43)) - raft.server.log.segment.size.max = 1048576 (custom)
2019-09-25 04:50:32,850 [pool-77-thread-1] INFO  server.RaftServerConfigKeys (ConfUtils.java:logGet(43)) - raft.server.log.preallocated.size = 16384 (custom)
2019-09-25 04:50:32,850 [pool-77-thread-1] INFO  server.RaftServerConfigKeys (ConfUtils.java:logGet(43)) - raft.server.log.write.buffer.size = 33554432 (custom)
2019-09-25 04:50:32,850 [pool-77-thread-1] INFO  server.RaftServerConfigKeys (ConfUtils.java:logGet(43)) - raft.server.log.force.sync.num = 128 (default)
2019-09-25 04:50:32,851 [pool-77-thread-1] INFO  server.RaftServerConfigKeys (ConfUtils.java:logGet(43)) - raft.server.log.statemachine.data.sync = true (default)
2019-09-25 04:50:32,851 [pool-77-thread-1] INFO  server.RaftServerConfigKeys (ConfUtils.java:logGet(43)) - raft.server.log.statemachine.data.sync.timeout = 10s (default)
2019-09-25 04:50:32,851 [pool-77-thread-1] INFO  server.RaftServerConfigKeys (ConfUtils.java:logGet(43)) - raft.server.log.statemachine.data.sync.timeout.retry = -1 (default)
2019-09-25 04:50:32,851 [Thread-349] INFO  impl.FollowerState (FollowerState.java:run(106)) - a167ab1f-c96d-409e-bb26-ea230783d833:group-F70EE98DBC91 changes to CANDIDATE, lastRpcTime:5161, electionTimeout:5161ms
2019-09-25 04:50:32,851 [pool-77-thread-1] INFO  server.RaftServerConfigKeys (ConfUtils.java:logGet(43)) - raft.server.log.statemachine.data.caching.enabled = true (custom)
2019-09-25 04:50:32,851 [Thread-349] INFO  impl.RoleInfo (RoleInfo.java:shutdownFollowerState(121)) - a167ab1f-c96d-409e-bb26-ea230783d833: shutdown FollowerState
2019-09-25 04:50:32,852 [Thread-349] INFO  impl.RaftServerImpl (RaftServerImpl.java:setRole(174)) - a167ab1f-c96d-409e-bb26-ea230783d833@group-F70EE98DBC91: changes role from  FOLLOWER to CANDIDATE at term 0 for changeToCandidate
2019-09-25 04:50:32,852 [pool-77-thread-1] INFO  segmented.SegmentedRaftLogWorker (SegmentedRaftLogWorker.java:lambda$new$0(132)) - 9216b865-ce6b-4fb7-bc99-65479a86b6eb@group-D6395173AEA9-SegmentedRaftLogWorker: flushIndex: setUnconditionally 0 -> -1
2019-09-25 04:50:32,852 [Thread-349] INFO  impl.RoleInfo (RoleInfo.java:updateAndGet(143)) - a167ab1f-c96d-409e-bb26-ea230783d833: start LeaderElection
2019-09-25 04:50:32,852 [pool-77-thread-1] INFO  server.RaftServerConfigKeys (ConfUtils.java:logGet(43)) - raft.server.snapshot.auto.trigger.enabled = true (custom)
2019-09-25 04:50:32,853 [pool-77-thread-1] INFO  server.RaftServerConfigKeys (ConfUtils.java:logGet(43)) - raft.server.snapshot.auto.trigger.threshold = 10000 (custom)
2019-09-25 04:50:32,858 [pool-77-thread-1] INFO  server.RaftServerConfigKeys (ConfUtils.java:logGet(43)) - raft.server.snapshot.retention.num.files = 5 (custom)
2019-09-25 04:50:32,858 [pool-77-thread-1] INFO  server.RaftServerConfigKeys (ConfUtils.java:logGet(43)) - raft.server.retrycache.expirytime = 600000ms (custom)
2019-09-25 04:50:32,861 [pool-77-thread-1] INFO  impl.RaftServerImpl (RaftServerImpl.java:start(185)) - 9216b865-ce6b-4fb7-bc99-65479a86b6eb@group-D6395173AEA9: start as a follower, conf=-1: [9216b865-ce6b-4fb7-bc99-65479a86b6eb:192.168.151.106:43252], old=null
2019-09-25 04:50:32,861 [pool-77-thread-1] INFO  impl.RaftServerImpl (RaftServerImpl.java:setRole(174)) - 9216b865-ce6b-4fb7-bc99-65479a86b6eb@group-D6395173AEA9: changes role from      null to FOLLOWER at term 0 for startAsFollower
2019-09-25 04:50:32,861 [pool-77-thread-1] INFO  impl.RoleInfo (RoleInfo.java:updateAndGet(143)) - 9216b865-ce6b-4fb7-bc99-65479a86b6eb: start FollowerState
2019-09-25 04:50:32,862 [pool-77-thread-1] INFO  util.JmxRegister (JmxRegister.java:tryRegister(44)) - Successfully registered JMX Bean with object name Ratis:service=RaftServer,group=group-D6395173AEA9,id=9216b865-ce6b-4fb7-bc99-65479a86b6eb
2019-09-25 04:50:32,865 [RatisPipelineUtilsThread] INFO  pipeline.PipelineStateManager (PipelineStateManager.java:addPipeline(56)) - Created pipeline Pipeline[ Id: 0ca69a9b-1cf0-4ebd-b74b-d6395173aea9, Nodes: 9216b865-ce6b-4fb7-bc99-65479a86b6eb{ip: 192.168.151.106, host: pr-hdds-1569-x2sr2-3486766547, networkLocation: /default-rack, certSerialId: null}, Type:RATIS, Factor:ONE, State:OPEN]
2019-09-25 04:50:32,871 [grpc-default-executor-0] INFO  impl.RaftServerProxy (RaftServerProxy.java:addNew(89)) - b40ef231-6505-402b-ae57-fc0dc67cbbe8: addNew group-FFC5865DEC55:[b40ef231-6505-402b-ae57-fc0dc67cbbe8:192.168.151.106:41861] returns group-FFC5865DEC55:java.util.concurrent.CompletableFuture@1436db90[Not completed]
2019-09-25 04:50:32,872 [Thread-352] INFO  impl.FollowerState (FollowerState.java:run(106)) - 4f7802c6-3418-4fbd-b0c6-a8e36fcecb0a:group-F6CFB8599EAE changes to CANDIDATE, lastRpcTime:5128, electionTimeout:5128ms
2019-09-25 04:50:32,872 [Thread-352] INFO  impl.RoleInfo (RoleInfo.java:shutdownFollowerState(121)) - 4f7802c6-3418-4fbd-b0c6-a8e36fcecb0a: shutdown FollowerState
2019-09-25 04:50:32,872 [Thread-352] INFO  impl.RaftServerImpl (RaftServerImpl.java:setRole(174)) - 4f7802c6-3418-4fbd-b0c6-a8e36fcecb0a@group-F6CFB8599EAE: changes role from  FOLLOWER to CANDIDATE at term 0 for changeToCandidate
2019-09-25 04:50:32,872 [Thread-352] INFO  impl.RoleInfo (RoleInfo.java:updateAndGet(143)) - 4f7802c6-3418-4fbd-b0c6-a8e36fcecb0a: start LeaderElection
2019-09-25 04:50:32,882 [pool-37-thread-1] INFO  impl.RaftServerImpl (RaftServerImpl.java:<init>(95)) - b40ef231-6505-402b-ae57-fc0dc67cbbe8: new RaftServerImpl for group-FFC5865DEC55:[b40ef231-6505-402b-ae57-fc0dc67cbbe8:192.168.151.106:41861] with ContainerStateMachine:uninitialized
2019-09-25 04:50:32,882 [pool-37-thread-1] INFO  server.RaftServerConfigKeys (ConfUtils.java:logGet(43)) - raft.server.rpc.timeout.min = 5s (custom)
2019-09-25 04:50:32,883 [pool-37-thread-1] INFO  server.RaftServerConfigKeys (ConfUtils.java:logGet(43)) - raft.server.rpc.timeout.max = 5200ms (custom)
2019-09-25 04:50:32,883 [pool-37-thread-1] INFO  server.RaftServerConfigKeys (ConfUtils.java:logGet(43)) - raft.server.rpcslowness.timeout = 120s (custom)
2019-09-25 04:50:32,883 [a167ab1f-c96d-409e-bb26-ea230783d833@group-F70EE98DBC91:LeaderElection36] INFO  impl.LeaderElection (LeaderElection.java:askForVotes(182)) - a167ab1f-c96d-409e-bb26-ea230783d833@group-F70EE98DBC91:LeaderElection36: begin an election at term 1 for -1: [a167ab1f-c96d-409e-bb26-ea230783d833:192.168.151.106:33404], old=null
2019-09-25 04:50:32,883 [pool-37-thread-1] INFO  server.RaftServerConfigKeys (ConfUtils.java:logGet(43)) - raft.server.sleep.deviation.threshold = 300 (default)
2019-09-25 04:50:32,883 [a167ab1f-c96d-409e-bb26-ea230783d833@group-F70EE98DBC91:LeaderElection36] INFO  impl.RoleInfo (RoleInfo.java:shutdownLeaderElection(134)) - a167ab1f-c96d-409e-bb26-ea230783d833: shutdown LeaderElection
2019-09-25 04:50:32,883 [pool-37-thread-1] INFO  server.RaftServerConfigKeys (ConfUtils.java:logGet(43)) - raft.server.log.appender.install.snapshot.enabled = false (custom)
2019-09-25 04:50:32,883 [a167ab1f-c96d-409e-bb26-ea230783d833@group-F70EE98DBC91:LeaderElection36] INFO  impl.RaftServerImpl (RaftServerImpl.java:setRole(174)) - a167ab1f-c96d-409e-bb26-ea230783d833@group-F70EE98DBC91: changes role from CANDIDATE to LEADER at term 1 for changeToLeader
2019-09-25 04:50:32,884 [pool-37-thread-1] INFO  impl.RaftServerImpl (ServerState.java:<init>(103)) - b40ef231-6505-402b-ae57-fc0dc67cbbe8@group-FFC5865DEC55: ConfigurationManager, init=-1: [b40ef231-6505-402b-ae57-fc0dc67cbbe8:192.168.151.106:41861], old=null, confs=<EMPTY_MAP>
2019-09-25 04:50:32,884 [a167ab1f-c96d-409e-bb26-ea230783d833@group-F70EE98DBC91:LeaderElection36] INFO  impl.RaftServerImpl (ServerState.java:setLeader(253)) - a167ab1f-c96d-409e-bb26-ea230783d833@group-F70EE98DBC91: change Leader from null to a167ab1f-c96d-409e-bb26-ea230783d833 at term 1 for becomeLeader, leader elected after 5201ms
2019-09-25 04:50:32,884 [pool-37-thread-1] INFO  server.RaftServerConfigKeys (ConfUtils.java:logGet(43)) - raft.server.storage.dir = [/workdir/hadoop-ozone/integration-test/target/test-dir/MiniOzoneClusterImpl-72f6cbb0-c919-4300-9939-20ef1cbf0e73/datanode-1/data/ratis] (custom)
2019-09-25 04:50:32,884 [a167ab1f-c96d-409e-bb26-ea230783d833@group-F70EE98DBC91:LeaderElection36] INFO  server.RaftServerConfigKeys (ConfUtils.java:logGet(43)) - raft.server.staging.catchup.gap = 1000 (default)
2019-09-25 04:50:32,884 [a167ab1f-c96d-409e-bb26-ea230783d833@group-F70EE98DBC91:LeaderElection36] INFO  server.RaftServerConfigKeys (ConfUtils.java:logGet(43)) - raft.server.rpc.sleep.time = 25ms (default)
2019-09-25 04:50:32,884 [4f7802c6-3418-4fbd-b0c6-a8e36fcecb0a@group-F6CFB8599EAE:LeaderElection37] INFO  impl.LeaderElection (LeaderElection.java:askForVotes(182)) - 4f7802c6-3418-4fbd-b0c6-a8e36fcecb0a@group-F6CFB8599EAE:LeaderElection37: begin an election at term 1 for -1: [4f7802c6-3418-4fbd-b0c6-a8e36fcecb0a:192.168.151.106:42026], old=null
2019-09-25 04:50:32,885 [a167ab1f-c96d-409e-bb26-ea230783d833@group-F70EE98DBC91:LeaderElection36] INFO  server.RaftServerConfigKeys (ConfUtils.java:logGet(43)) - raft.server.write.element-limit = 4096 (default)
2019-09-25 04:50:32,885 [pool-37-thread-1] INFO  storage.RaftStorageDirectory (RaftStorageDirectory.java:analyzeStorage(246)) - The storage directory /workdir/hadoop-ozone/integration-test/target/test-dir/MiniOzoneClusterImpl-72f6cbb0-c919-4300-9939-20ef1cbf0e73/datanode-1/data/ratis/2b389859-3781-4be1-8f01-ffc5865dec55 does not exist. Creating ...
2019-09-25 04:50:32,885 [a167ab1f-c96d-409e-bb26-ea230783d833@group-F70EE98DBC91:LeaderElection36] INFO  server.RaftServerConfigKeys (ConfUtils.java:logGet(43)) - raft.server.watch.timeout = 10s (default)
2019-09-25 04:50:32,885 [4f7802c6-3418-4fbd-b0c6-a8e36fcecb0a@group-F6CFB8599EAE:LeaderElection37] INFO  impl.RoleInfo (RoleInfo.java:shutdownLeaderElection(134)) - 4f7802c6-3418-4fbd-b0c6-a8e36fcecb0a: shutdown LeaderElection
2019-09-25 04:50:32,885 [a167ab1f-c96d-409e-bb26-ea230783d833@group-F70EE98DBC91:LeaderElection36] INFO  server.RaftServerConfigKeys (ConfUtils.java:logGet(43)) - raft.server.watch.timeout.denomination = 1s (default)
2019-09-25 04:50:32,885 [4f7802c6-3418-4fbd-b0c6-a8e36fcecb0a@group-F6CFB8599EAE:LeaderElection37] INFO  impl.RaftServerImpl (RaftServerImpl.java:setRole(174)) - 4f7802c6-3418-4fbd-b0c6-a8e36fcecb0a@group-F6CFB8599EAE: changes role from CANDIDATE to LEADER at term 1 for changeToLeader
2019-09-25 04:50:32,885 [a167ab1f-c96d-409e-bb26-ea230783d833@group-F70EE98DBC91:LeaderElection36] INFO  server.RaftServerConfigKeys (ConfUtils.java:logGet(43)) - raft.server.watch.element-limit = 65536 (default)
2019-09-25 04:50:32,886 [4f7802c6-3418-4fbd-b0c6-a8e36fcecb0a@group-F6CFB8599EAE:LeaderElection37] INFO  impl.RaftServerImpl (ServerState.java:setLeader(253)) - 4f7802c6-3418-4fbd-b0c6-a8e36fcecb0a@group-F6CFB8599EAE: change Leader from null to 4f7802c6-3418-4fbd-b0c6-a8e36fcecb0a at term 1 for becomeLeader, leader elected after 5149ms
2019-09-25 04:50:32,886 [4f7802c6-3418-4fbd-b0c6-a8e36fcecb0a@group-F6CFB8599EAE:LeaderElection37] INFO  server.RaftServerConfigKeys (ConfUtils.java:logGet(43)) - raft.server.staging.catchup.gap = 1000 (default)
2019-09-25 04:50:32,886 [4f7802c6-3418-4fbd-b0c6-a8e36fcecb0a@group-F6CFB8599EAE:LeaderElection37] INFO  server.RaftServerConfigKeys (ConfUtils.java:logGet(43)) - raft.server.rpc.sleep.time = 25ms (default)
2019-09-25 04:50:32,886 [4f7802c6-3418-4fbd-b0c6-a8e36fcecb0a@group-F6CFB8599EAE:LeaderElection37] INFO  server.RaftServerConfigKeys (ConfUtils.java:logGet(43)) - raft.server.write.element-limit = 4096 (default)
2019-09-25 04:50:32,887 [4f7802c6-3418-4fbd-b0c6-a8e36fcecb0a@group-F6CFB8599EAE:LeaderElection37] INFO  server.RaftServerConfigKeys (ConfUtils.java:logGet(43)) - raft.server.watch.timeout = 10s (default)
2019-09-25 04:50:32,887 [4f7802c6-3418-4fbd-b0c6-a8e36fcecb0a@group-F6CFB8599EAE:LeaderElection37] INFO  server.RaftServerConfigKeys (ConfUtils.java:logGet(43)) - raft.server.watch.timeout.denomination = 1s (default)
2019-09-25 04:50:32,887 [4f7802c6-3418-4fbd-b0c6-a8e36fcecb0a@group-F6CFB8599EAE:LeaderElection37] INFO  server.RaftServerConfigKeys (ConfUtils.java:logGet(43)) - raft.server.watch.element-limit = 65536 (default)
2019-09-25 04:50:32,889 [a167ab1f-c96d-409e-bb26-ea230783d833@group-F70EE98DBC91:LeaderElection36] INFO  impl.RoleInfo (RoleInfo.java:updateAndGet(143)) - a167ab1f-c96d-409e-bb26-ea230783d833: start LeaderState
2019-09-25 04:50:32,889 [a167ab1f-c96d-409e-bb26-ea230783d833@group-F70EE98DBC91:LeaderElection36] INFO  segmented.SegmentedRaftLogWorker (SegmentedRaftLogWorker.java:startLogSegment(380)) - a167ab1f-c96d-409e-bb26-ea230783d833@group-F70EE98DBC91-SegmentedRaftLogWorker: Starting segment from index:0
2019-09-25 04:50:32,889 [4f7802c6-3418-4fbd-b0c6-a8e36fcecb0a@group-F6CFB8599EAE:LeaderElection37] INFO  impl.RoleInfo (RoleInfo.java:updateAndGet(143)) - 4f7802c6-3418-4fbd-b0c6-a8e36fcecb0a: start LeaderState
2019-09-25 04:50:32,890 [a167ab1f-c96d-409e-bb26-ea230783d833@group-F70EE98DBC91:LeaderElection36] INFO  impl.RaftServerImpl (ServerState.java:setRaftConf(354)) - a167ab1f-c96d-409e-bb26-ea230783d833@group-F70EE98DBC91: set configuration 0: [a167ab1f-c96d-409e-bb26-ea230783d833:192.168.151.106:33404], old=null at 0
2019-09-25 04:50:32,890 [4f7802c6-3418-4fbd-b0c6-a8e36fcecb0a@group-F6CFB8599EAE:LeaderElection37] INFO  segmented.SegmentedRaftLogWorker (SegmentedRaftLogWorker.java:startLogSegment(380)) - 4f7802c6-3418-4fbd-b0c6-a8e36fcecb0a@group-F6CFB8599EAE-SegmentedRaftLogWorker: Starting segment from index:0
2019-09-25 04:50:32,930 [pool-37-thread-1] INFO  storage.RaftStorageDirectory (RaftStorageDirectory.java:tryLock(328)) - Lock on /workdir/hadoop-ozone/integration-test/target/test-dir/MiniOzoneClusterImpl-72f6cbb0-c919-4300-9939-20ef1cbf0e73/datanode-1/data/ratis/2b389859-3781-4be1-8f01-ffc5865dec55/in_use.lock acquired by nodename 13648@pr-hdds-1569-x2sr2-3486766547
2019-09-25 04:50:32,930 [Thread-358] INFO  impl.FollowerState (FollowerState.java:run(106)) - 9216b865-ce6b-4fb7-bc99-65479a86b6eb:group-64CAAF27CC2A changes to CANDIDATE, lastRpcTime:5074, electionTimeout:5056ms
2019-09-25 04:50:32,931 [Thread-358] INFO  impl.RoleInfo (RoleInfo.java:shutdownFollowerState(121)) - 9216b865-ce6b-4fb7-bc99-65479a86b6eb: shutdown FollowerState
2019-09-25 04:50:32,931 [4f7802c6-3418-4fbd-b0c6-a8e36fcecb0a@group-F6CFB8599EAE:LeaderElection37] INFO  impl.RaftServerImpl (ServerState.java:setRaftConf(354)) - 4f7802c6-3418-4fbd-b0c6-a8e36fcecb0a@group-F6CFB8599EAE: set configuration 0: [4f7802c6-3418-4fbd-b0c6-a8e36fcecb0a:192.168.151.106:42026], old=null at 0
2019-09-25 04:50:32,931 [Thread-358] INFO  impl.RaftServerImpl (RaftServerImpl.java:setRole(174)) - 9216b865-ce6b-4fb7-bc99-65479a86b6eb@group-64CAAF27CC2A: changes role from  FOLLOWER to CANDIDATE at term 0 for changeToCandidate
2019-09-25 04:50:32,973 [a167ab1f-c96d-409e-bb26-ea230783d833@group-F70EE98DBC91-SegmentedRaftLogWorker] INFO  segmented.SegmentedRaftLogWorker (SegmentedRaftLogWorker.java:execute(569)) - a167ab1f-c96d-409e-bb26-ea230783d833@group-F70EE98DBC91-SegmentedRaftLogWorker: created new log segment /workdir/hadoop-ozone/integration-test/target/test-dir/MiniOzoneClusterImpl-72f6cbb0-c919-4300-9939-20ef1cbf0e73/datanode-2/data/ratis/e2781180-c805-4b98-b193-f70ee98dbc91/current/log_inprogress_0
2019-09-25 04:50:32,973 [Thread-355] INFO  impl.FollowerState (FollowerState.java:run(106)) - c35819d4-86f4-4223-a458-676070fe0cbb:group-431FB16BB722 changes to CANDIDATE, lastRpcTime:5171, electionTimeout:5158ms
2019-09-25 04:50:32,974 [Thread-358] INFO  impl.RoleInfo (RoleInfo.java:updateAndGet(143)) - 9216b865-ce6b-4fb7-bc99-65479a86b6eb: start LeaderElection
2019-09-25 04:50:32,974 [Thread-355] INFO  impl.RoleInfo (RoleInfo.java:shutdownFollowerState(121)) - c35819d4-86f4-4223-a458-676070fe0cbb: shutdown FollowerState
2019-09-25 04:50:32,974 [Thread-355] INFO  impl.RaftServerImpl (RaftServerImpl.java:setRole(174)) - c35819d4-86f4-4223-a458-676070fe0cbb@group-431FB16BB722: changes role from  FOLLOWER to CANDIDATE at term 0 for changeToCandidate
2019-09-25 04:50:32,978 [Thread-361] INFO  impl.FollowerState (FollowerState.java:run(106)) - 9216b865-ce6b-4fb7-bc99-65479a86b6eb:group-B1D8F1DDFC6B changes to CANDIDATE, lastRpcTime:5063, electionTimeout:5061ms
2019-09-25 04:50:32,978 [Thread-355] INFO  impl.RoleInfo (RoleInfo.java:updateAndGet(143)) - c35819d4-86f4-4223-a458-676070fe0cbb: start LeaderElection
2019-09-25 04:50:32,978 [Thread-361] INFO  impl.RoleInfo (RoleInfo.java:shutdownFollowerState(121)) - 9216b865-ce6b-4fb7-bc99-65479a86b6eb: shutdown FollowerState
2019-09-25 04:50:32,978 [Thread-361] INFO  impl.RaftServerImpl (RaftServerImpl.java:setRole(174)) - 9216b865-ce6b-4fb7-bc99-65479a86b6eb@group-B1D8F1DDFC6B: changes role from  FOLLOWER to CANDIDATE at term 0 for changeToCandidate
2019-09-25 04:50:32,978 [Thread-361] INFO  impl.RoleInfo (RoleInfo.java:updateAndGet(143)) - 9216b865-ce6b-4fb7-bc99-65479a86b6eb: start LeaderElection
2019-09-25 04:50:33,009 [9216b865-ce6b-4fb7-bc99-65479a86b6eb@group-64CAAF27CC2A:LeaderElection38] INFO  impl.LeaderElection (LeaderElection.java:askForVotes(182)) - 9216b865-ce6b-4fb7-bc99-65479a86b6eb@group-64CAAF27CC2A:LeaderElection38: begin an election at term 1 for -1: [9216b865-ce6b-4fb7-bc99-65479a86b6eb:192.168.151.106:43252], old=null
2019-09-25 04:50:33,009 [pool-37-thread-1] INFO  storage.RaftStorage (RaftStorage.java:format(72)) - Storage directory /workdir/hadoop-ozone/integration-test/target/test-dir/MiniOzoneClusterImpl-72f6cbb0-c919-4300-9939-20ef1cbf0e73/datanode-1/data/ratis/2b389859-3781-4be1-8f01-ffc5865dec55 has been successfully formatted.
2019-09-25 04:50:33,009 [4f7802c6-3418-4fbd-b0c6-a8e36fcecb0a@group-F6CFB8599EAE-SegmentedRaftLogWorker] INFO  segmented.SegmentedRaftLogWorker (SegmentedRaftLogWorker.java:execute(569)) - 4f7802c6-3418-4fbd-b0c6-a8e36fcecb0a@group-F6CFB8599EAE-SegmentedRaftLogWorker: created new log segment /workdir/hadoop-ozone/integration-test/target/test-dir/MiniOzoneClusterImpl-72f6cbb0-c919-4300-9939-20ef1cbf0e73/datanode-3/data/ratis/1a179465-c904-427f-bb71-f6cfb8599eae/current/log_inprogress_0
2019-09-25 04:50:33,009 [9216b865-ce6b-4fb7-bc99-65479a86b6eb@group-64CAAF27CC2A:LeaderElection38] INFO  impl.RoleInfo (RoleInfo.java:shutdownLeaderElection(134)) - 9216b865-ce6b-4fb7-bc99-65479a86b6eb: shutdown LeaderElection
2019-09-25 04:50:33,009 [pool-37-thread-1] INFO  ratis.ContainerStateMachine (ContainerStateMachine.java:loadSnapshot(230)) - group-FFC5865DEC55: The snapshot info is null. Setting the last applied indexto:(t:0, i:~)
2019-09-25 04:50:33,010 [9216b865-ce6b-4fb7-bc99-65479a86b6eb@group-64CAAF27CC2A:LeaderElection38] INFO  impl.RaftServerImpl (RaftServerImpl.java:setRole(174)) - 9216b865-ce6b-4fb7-bc99-65479a86b6eb@group-64CAAF27CC2A: changes role from CANDIDATE to LEADER at term 1 for changeToLeader
2019-09-25 04:50:33,010 [pool-37-thread-1] INFO  server.RaftServerConfigKeys (ConfUtils.java:logGet(43)) - raft.server.notification.no-leader.timeout = 120s (custom)
2019-09-25 04:50:33,010 [9216b865-ce6b-4fb7-bc99-65479a86b6eb@group-64CAAF27CC2A:LeaderElection38] INFO  impl.RaftServerImpl (ServerState.java:setLeader(253)) - 9216b865-ce6b-4fb7-bc99-65479a86b6eb@group-64CAAF27CC2A: change Leader from null to 9216b865-ce6b-4fb7-bc99-65479a86b6eb at term 1 for becomeLeader, leader elected after 5160ms
2019-09-25 04:50:33,010 [pool-37-thread-1] INFO  server.RaftServerConfigKeys (ConfUtils.java:logGet(43)) - raft.server.log.use.memory = false (default)
2019-09-25 04:50:33,010 [9216b865-ce6b-4fb7-bc99-65479a86b6eb@group-64CAAF27CC2A:LeaderElection38] INFO  server.RaftServerConfigKeys (ConfUtils.java:logGet(43)) - raft.server.staging.catchup.gap = 1000 (default)
2019-09-25 04:50:33,010 [pool-37-thread-1] INFO  server.RaftServerConfigKeys (ConfUtils.java:logGet(43)) - raft.server.log.purge.gap = 1000000 (custom)
2019-09-25 04:50:33,010 [9216b865-ce6b-4fb7-bc99-65479a86b6eb@group-64CAAF27CC2A:LeaderElection38] INFO  server.RaftServerConfigKeys (ConfUtils.java:logGet(43)) - raft.server.rpc.sleep.time = 25ms (default)
2019-09-25 04:50:33,011 [pool-37-thread-1] INFO  server.RaftServerConfigKeys (ConfUtils.java:logGet(43)) - raft.server.log.appender.buffer.byte-limit = 33554432 (custom)
2019-09-25 04:50:33,011 [9216b865-ce6b-4fb7-bc99-65479a86b6eb@group-64CAAF27CC2A:LeaderElection38] INFO  server.RaftServerConfigKeys (ConfUtils.java:logGet(43)) - raft.server.write.element-limit = 4096 (default)
2019-09-25 04:50:33,011 [pool-37-thread-1] INFO  server.RaftServerConfigKeys (ConfUtils.java:logGet(43)) - raft.server.log.segment.size.max = 1048576 (custom)
2019-09-25 04:50:33,011 [9216b865-ce6b-4fb7-bc99-65479a86b6eb@group-64CAAF27CC2A:LeaderElection38] INFO  server.RaftServerConfigKeys (ConfUtils.java:logGet(43)) - raft.server.watch.timeout = 10s (default)
2019-09-25 04:50:33,011 [pool-37-thread-1] INFO  server.RaftServerConfigKeys (ConfUtils.java:logGet(43)) - raft.server.log.segment.cache.num.max = 2 (custom)
2019-09-25 04:50:33,012 [9216b865-ce6b-4fb7-bc99-65479a86b6eb@group-64CAAF27CC2A:LeaderElection38] INFO  server.RaftServerConfigKeys (ConfUtils.java:logGet(43)) - raft.server.watch.timeout.denomination = 1s (default)
2019-09-25 04:50:33,012 [pool-37-thread-1] INFO  segmented.SegmentedRaftLogWorker (SegmentedRaftLogWorker.java:<init>(172)) - new b40ef231-6505-402b-ae57-fc0dc67cbbe8@group-FFC5865DEC55-SegmentedRaftLogWorker for RaftStorage:Storage Directory /workdir/hadoop-ozone/integration-test/target/test-dir/MiniOzoneClusterImpl-72f6cbb0-c919-4300-9939-20ef1cbf0e73/datanode-1/data/ratis/2b389859-3781-4be1-8f01-ffc5865dec55
2019-09-25 04:50:33,012 [9216b865-ce6b-4fb7-bc99-65479a86b6eb@group-64CAAF27CC2A:LeaderElection38] INFO  server.RaftServerConfigKeys (ConfUtils.java:logGet(43)) - raft.server.watch.element-limit = 65536 (default)
2019-09-25 04:50:33,012 [pool-37-thread-1] INFO  server.RaftServerConfigKeys (ConfUtils.java:logGet(43)) - raft.server.log.queue.byte-limit = 2147483647 (custom)
2019-09-25 04:50:33,012 [pool-37-thread-1] INFO  server.RaftServerConfigKeys (ConfUtils.java:logGet(43)) - raft.server.log.queue.element-limit = 1024 (custom)
2019-09-25 04:50:33,013 [pool-37-thread-1] INFO  server.RaftServerConfigKeys (ConfUtils.java:logGet(43)) - raft.server.log.segment.size.max = 1048576 (custom)
2019-09-25 04:50:33,013 [pool-37-thread-1] INFO  server.RaftServerConfigKeys (ConfUtils.java:logGet(43)) - raft.server.log.preallocated.size = 16384 (custom)
2019-09-25 04:50:33,013 [pool-37-thread-1] INFO  server.RaftServerConfigKeys (ConfUtils.java:logGet(43)) - raft.server.log.write.buffer.size = 33554432 (custom)
2019-09-25 04:50:33,013 [pool-37-thread-1] INFO  server.RaftServerConfigKeys (ConfUtils.java:logGet(43)) - raft.server.log.force.sync.num = 128 (default)
2019-09-25 04:50:33,013 [pool-37-thread-1] INFO  server.RaftServerConfigKeys (ConfUtils.java:logGet(43)) - raft.server.log.statemachine.data.sync = true (default)
2019-09-25 04:50:33,014 [pool-37-thread-1] INFO  server.RaftServerConfigKeys (ConfUtils.java:logGet(43)) - raft.server.log.statemachine.data.sync.timeout = 10s (default)
2019-09-25 04:50:33,014 [pool-37-thread-1] INFO  server.RaftServerConfigKeys (ConfUtils.java:logGet(43)) - raft.server.log.statemachine.data.sync.timeout.retry = -1 (default)
2019-09-25 04:50:33,014 [pool-37-thread-1] INFO  server.RaftServerConfigKeys (ConfUtils.java:logGet(43)) - raft.server.log.statemachine.data.caching.enabled = true (custom)
2019-09-25 04:50:33,015 [pool-37-thread-1] INFO  segmented.SegmentedRaftLogWorker (SegmentedRaftLogWorker.java:lambda$new$0(132)) - b40ef231-6505-402b-ae57-fc0dc67cbbe8@group-FFC5865DEC55-SegmentedRaftLogWorker: flushIndex: setUnconditionally 0 -> -1
2019-09-25 04:50:33,015 [9216b865-ce6b-4fb7-bc99-65479a86b6eb@group-64CAAF27CC2A:LeaderElection38] INFO  impl.RoleInfo (RoleInfo.java:updateAndGet(143)) - 9216b865-ce6b-4fb7-bc99-65479a86b6eb: start LeaderState
2019-09-25 04:50:33,015 [pool-37-thread-1] INFO  server.RaftServerConfigKeys (ConfUtils.java:logGet(43)) - raft.server.snapshot.auto.trigger.enabled = true (custom)
2019-09-25 04:50:33,015 [9216b865-ce6b-4fb7-bc99-65479a86b6eb@group-64CAAF27CC2A:LeaderElection38] INFO  segmented.SegmentedRaftLogWorker (SegmentedRaftLogWorker.java:startLogSegment(380)) - 9216b865-ce6b-4fb7-bc99-65479a86b6eb@group-64CAAF27CC2A-SegmentedRaftLogWorker: Starting segment from index:0
2019-09-25 04:50:33,015 [pool-37-thread-1] INFO  server.RaftServerConfigKeys (ConfUtils.java:logGet(43)) - raft.server.snapshot.auto.trigger.threshold = 10000 (custom)
2019-09-25 04:50:33,016 [pool-37-thread-1] INFO  server.RaftServerConfigKeys (ConfUtils.java:logGet(43)) - raft.server.snapshot.retention.num.files = 5 (custom)
2019-09-25 04:50:33,016 [pool-37-thread-1] INFO  server.RaftServerConfigKeys (ConfUtils.java:logGet(43)) - raft.server.retrycache.expirytime = 600000ms (custom)
2019-09-25 04:50:33,016 [9216b865-ce6b-4fb7-bc99-65479a86b6eb@group-64CAAF27CC2A:LeaderElection38] INFO  impl.RaftServerImpl (ServerState.java:setRaftConf(354)) - 9216b865-ce6b-4fb7-bc99-65479a86b6eb@group-64CAAF27CC2A: set configuration 0: [9216b865-ce6b-4fb7-bc99-65479a86b6eb:192.168.151.106:43252], old=null at 0
2019-09-25 04:50:33,057 [9216b865-ce6b-4fb7-bc99-65479a86b6eb@group-B1D8F1DDFC6B:LeaderElection40] INFO  impl.LeaderElection (LeaderElection.java:askForVotes(182)) - 9216b865-ce6b-4fb7-bc99-65479a86b6eb@group-B1D8F1DDFC6B:LeaderElection40: begin an election at term 1 for -1: [9216b865-ce6b-4fb7-bc99-65479a86b6eb:192.168.151.106:43252], old=null
2019-09-25 04:50:33,057 [c35819d4-86f4-4223-a458-676070fe0cbb@group-431FB16BB722:LeaderElection39] INFO  impl.LeaderElection (LeaderElection.java:askForVotes(182)) - c35819d4-86f4-4223-a458-676070fe0cbb@group-431FB16BB722:LeaderElection39: begin an election at term 1 for -1: [c35819d4-86f4-4223-a458-676070fe0cbb:192.168.151.106:44434], old=null
2019-09-25 04:50:33,058 [9216b865-ce6b-4fb7-bc99-65479a86b6eb@group-B1D8F1DDFC6B:LeaderElection40] INFO  impl.RoleInfo (RoleInfo.java:shutdownLeaderElection(134)) - 9216b865-ce6b-4fb7-bc99-65479a86b6eb: shutdown LeaderElection
2019-09-25 04:50:33,058 [c35819d4-86f4-4223-a458-676070fe0cbb@group-431FB16BB722:LeaderElection39] INFO  impl.RoleInfo (RoleInfo.java:shutdownLeaderElection(134)) - c35819d4-86f4-4223-a458-676070fe0cbb: shutdown LeaderElection
2019-09-25 04:50:33,058 [9216b865-ce6b-4fb7-bc99-65479a86b6eb@group-B1D8F1DDFC6B:LeaderElection40] INFO  impl.RaftServerImpl (RaftServerImpl.java:setRole(174)) - 9216b865-ce6b-4fb7-bc99-65479a86b6eb@group-B1D8F1DDFC6B: changes role from CANDIDATE to LEADER at term 1 for changeToLeader
2019-09-25 04:50:33,058 [c35819d4-86f4-4223-a458-676070fe0cbb@group-431FB16BB722:LeaderElection39] INFO  impl.RaftServerImpl (RaftServerImpl.java:setRole(174)) - c35819d4-86f4-4223-a458-676070fe0cbb@group-431FB16BB722: changes role from CANDIDATE to LEADER at term 1 for changeToLeader
2019-09-25 04:50:33,058 [9216b865-ce6b-4fb7-bc99-65479a86b6eb@group-B1D8F1DDFC6B:LeaderElection40] INFO  impl.RaftServerImpl (ServerState.java:setLeader(253)) - 9216b865-ce6b-4fb7-bc99-65479a86b6eb@group-B1D8F1DDFC6B: change Leader from null to 9216b865-ce6b-4fb7-bc99-65479a86b6eb at term 1 for becomeLeader, leader elected after 5150ms
2019-09-25 04:50:33,058 [c35819d4-86f4-4223-a458-676070fe0cbb@group-431FB16BB722:LeaderElection39] INFO  impl.RaftServerImpl (ServerState.java:setLeader(253)) - c35819d4-86f4-4223-a458-676070fe0cbb@group-431FB16BB722: change Leader from null to c35819d4-86f4-4223-a458-676070fe0cbb at term 1 for becomeLeader, leader elected after 5263ms
2019-09-25 04:50:33,059 [9216b865-ce6b-4fb7-bc99-65479a86b6eb@group-B1D8F1DDFC6B:LeaderElection40] INFO  server.RaftServerConfigKeys (ConfUtils.java:logGet(43)) - raft.server.staging.catchup.gap = 1000 (default)
2019-09-25 04:50:33,059 [c35819d4-86f4-4223-a458-676070fe0cbb@group-431FB16BB722:LeaderElection39] INFO  server.RaftServerConfigKeys (ConfUtils.java:logGet(43)) - raft.server.staging.catchup.gap = 1000 (default)
2019-09-25 04:50:33,059 [9216b865-ce6b-4fb7-bc99-65479a86b6eb@group-B1D8F1DDFC6B:LeaderElection40] INFO  server.RaftServerConfigKeys (ConfUtils.java:logGet(43)) - raft.server.rpc.sleep.time = 25ms (default)
2019-09-25 04:50:33,059 [c35819d4-86f4-4223-a458-676070fe0cbb@group-431FB16BB722:LeaderElection39] INFO  server.RaftServerConfigKeys (ConfUtils.java:logGet(43)) - raft.server.rpc.sleep.time = 25ms (default)
2019-09-25 04:50:33,059 [9216b865-ce6b-4fb7-bc99-65479a86b6eb@group-B1D8F1DDFC6B:LeaderElection40] INFO  server.RaftServerConfigKeys (ConfUtils.java:logGet(43)) - raft.server.write.element-limit = 4096 (default)
2019-09-25 04:50:33,059 [c35819d4-86f4-4223-a458-676070fe0cbb@group-431FB16BB722:LeaderElection39] INFO  server.RaftServerConfigKeys (ConfUtils.java:logGet(43)) - raft.server.write.element-limit = 4096 (default)
2019-09-25 04:50:33,060 [9216b865-ce6b-4fb7-bc99-65479a86b6eb@group-B1D8F1DDFC6B:LeaderElection40] INFO  server.RaftServerConfigKeys (ConfUtils.java:logGet(43)) - raft.server.watch.timeout = 10s (default)
2019-09-25 04:50:33,060 [c35819d4-86f4-4223-a458-676070fe0cbb@group-431FB16BB722:LeaderElection39] INFO  server.RaftServerConfigKeys (ConfUtils.java:logGet(43)) - raft.server.watch.timeout = 10s (default)
2019-09-25 04:50:33,060 [9216b865-ce6b-4fb7-bc99-65479a86b6eb@group-B1D8F1DDFC6B:LeaderElection40] INFO  server.RaftServerConfigKeys (ConfUtils.java:logGet(43)) - raft.server.watch.timeout.denomination = 1s (default)
2019-09-25 04:50:33,060 [c35819d4-86f4-4223-a458-676070fe0cbb@group-431FB16BB722:LeaderElection39] INFO  server.RaftServerConfigKeys (ConfUtils.java:logGet(43)) - raft.server.watch.timeout.denomination = 1s (default)
2019-09-25 04:50:33,060 [9216b865-ce6b-4fb7-bc99-65479a86b6eb@group-B1D8F1DDFC6B:LeaderElection40] INFO  server.RaftServerConfigKeys (ConfUtils.java:logGet(43)) - raft.server.watch.element-limit = 65536 (default)
2019-09-25 04:50:33,060 [c35819d4-86f4-4223-a458-676070fe0cbb@group-431FB16BB722:LeaderElection39] INFO  server.RaftServerConfigKeys (ConfUtils.java:logGet(43)) - raft.server.watch.element-limit = 65536 (default)
2019-09-25 04:50:33,060 [pool-37-thread-1] INFO  impl.RaftServerImpl (RaftServerImpl.java:start(185)) - b40ef231-6505-402b-ae57-fc0dc67cbbe8@group-FFC5865DEC55: start as a follower, conf=-1: [b40ef231-6505-402b-ae57-fc0dc67cbbe8:192.168.151.106:41861], old=null
2019-09-25 04:50:33,061 [pool-37-thread-1] INFO  impl.RaftServerImpl (RaftServerImpl.java:setRole(174)) - b40ef231-6505-402b-ae57-fc0dc67cbbe8@group-FFC5865DEC55: changes role from      null to FOLLOWER at term 0 for startAsFollower
2019-09-25 04:50:33,061 [pool-37-thread-1] INFO  impl.RoleInfo (RoleInfo.java:updateAndGet(143)) - b40ef231-6505-402b-ae57-fc0dc67cbbe8: start FollowerState
2019-09-25 04:50:33,062 [pool-37-thread-1] INFO  util.JmxRegister (JmxRegister.java:tryRegister(44)) - Successfully registered JMX Bean with object name Ratis:service=RaftServer,group=group-FFC5865DEC55,id=b40ef231-6505-402b-ae57-fc0dc67cbbe8
2019-09-25 04:50:33,064 [9216b865-ce6b-4fb7-bc99-65479a86b6eb@group-B1D8F1DDFC6B:LeaderElection40] INFO  impl.RoleInfo (RoleInfo.java:updateAndGet(143)) - 9216b865-ce6b-4fb7-bc99-65479a86b6eb: start LeaderState
2019-09-25 04:50:33,065 [9216b865-ce6b-4fb7-bc99-65479a86b6eb@group-B1D8F1DDFC6B:LeaderElection40] INFO  segmented.SegmentedRaftLogWorker (SegmentedRaftLogWorker.java:startLogSegment(380)) - 9216b865-ce6b-4fb7-bc99-65479a86b6eb@group-B1D8F1DDFC6B-SegmentedRaftLogWorker: Starting segment from index:0
2019-09-25 04:50:33,065 [c35819d4-86f4-4223-a458-676070fe0cbb@group-431FB16BB722:LeaderElection39] INFO  impl.RoleInfo (RoleInfo.java:updateAndGet(143)) - c35819d4-86f4-4223-a458-676070fe0cbb: start LeaderState
2019-09-25 04:50:33,065 [c35819d4-86f4-4223-a458-676070fe0cbb@group-431FB16BB722:LeaderElection39] INFO  segmented.SegmentedRaftLogWorker (SegmentedRaftLogWorker.java:startLogSegment(380)) - c35819d4-86f4-4223-a458-676070fe0cbb@group-431FB16BB722-SegmentedRaftLogWorker: Starting segment from index:0
2019-09-25 04:50:33,065 [9216b865-ce6b-4fb7-bc99-65479a86b6eb@group-B1D8F1DDFC6B:LeaderElection40] INFO  impl.RaftServerImpl (ServerState.java:setRaftConf(354)) - 9216b865-ce6b-4fb7-bc99-65479a86b6eb@group-B1D8F1DDFC6B: set configuration 0: [9216b865-ce6b-4fb7-bc99-65479a86b6eb:192.168.151.106:43252], old=null at 0
2019-09-25 04:50:33,112 [9216b865-ce6b-4fb7-bc99-65479a86b6eb@group-64CAAF27CC2A-SegmentedRaftLogWorker] INFO  segmented.SegmentedRaftLogWorker (SegmentedRaftLogWorker.java:execute(569)) - 9216b865-ce6b-4fb7-bc99-65479a86b6eb@group-64CAAF27CC2A-SegmentedRaftLogWorker: created new log segment /workdir/hadoop-ozone/integration-test/target/test-dir/MiniOzoneClusterImpl-72f6cbb0-c919-4300-9939-20ef1cbf0e73/datanode-5/data/ratis/fc762ce7-5096-4736-98ee-64caaf27cc2a/current/log_inprogress_0
2019-09-25 04:50:33,112 [c35819d4-86f4-4223-a458-676070fe0cbb@group-431FB16BB722:LeaderElection39] INFO  impl.RaftServerImpl (ServerState.java:setRaftConf(354)) - c35819d4-86f4-4223-a458-676070fe0cbb@group-431FB16BB722: set configuration 0: [c35819d4-86f4-4223-a458-676070fe0cbb:192.168.151.106:44434], old=null at 0
2019-09-25 04:50:33,141 [9216b865-ce6b-4fb7-bc99-65479a86b6eb@group-B1D8F1DDFC6B-SegmentedRaftLogWorker] INFO  segmented.SegmentedRaftLogWorker (SegmentedRaftLogWorker.java:execute(569)) - 9216b865-ce6b-4fb7-bc99-65479a86b6eb@group-B1D8F1DDFC6B-SegmentedRaftLogWorker: created new log segment /workdir/hadoop-ozone/integration-test/target/test-dir/MiniOzoneClusterImpl-72f6cbb0-c919-4300-9939-20ef1cbf0e73/datanode-5/data/ratis/7f7ee8bd-9432-413a-9c80-b1d8f1ddfc6b/current/log_inprogress_0
2019-09-25 04:50:33,141 [Thread-367] INFO  impl.FollowerState (FollowerState.java:run(106)) - b40ef231-6505-402b-ae57-fc0dc67cbbe8:group-63AF62B31D6F changes to CANDIDATE, lastRpcTime:5103, electionTimeout:5075ms
2019-09-25 04:50:33,142 [Thread-367] INFO  impl.RoleInfo (RoleInfo.java:shutdownFollowerState(121)) - b40ef231-6505-402b-ae57-fc0dc67cbbe8: shutdown FollowerState
2019-09-25 04:50:33,142 [Thread-367] INFO  impl.RaftServerImpl (RaftServerImpl.java:setRole(174)) - b40ef231-6505-402b-ae57-fc0dc67cbbe8@group-63AF62B31D6F: changes role from  FOLLOWER to CANDIDATE at term 0 for changeToCandidate
2019-09-25 04:50:33,142 [Thread-367] INFO  impl.RoleInfo (RoleInfo.java:updateAndGet(143)) - b40ef231-6505-402b-ae57-fc0dc67cbbe8: start LeaderElection
2019-09-25 04:50:33,142 [RatisPipelineUtilsThread] INFO  pipeline.PipelineStateManager (PipelineStateManager.java:addPipeline(56)) - Created pipeline Pipeline[ Id: 2b389859-3781-4be1-8f01-ffc5865dec55, Nodes: b40ef231-6505-402b-ae57-fc0dc67cbbe8{ip: 192.168.151.106, host: pr-hdds-1569-x2sr2-3486766547, networkLocation: /default-rack, certSerialId: null}, Type:RATIS, Factor:ONE, State:OPEN]
2019-09-25 04:50:33,143 [Thread-364] INFO  impl.FollowerState (FollowerState.java:run(106)) - 45f1801e-7cfd-420a-bb39-98f19dcc81c3:group-1F5C9E670775 changes to CANDIDATE, lastRpcTime:5152, electionTimeout:5152ms
2019-09-25 04:50:33,143 [Thread-364] INFO  impl.RoleInfo (RoleInfo.java:shutdownFollowerState(121)) - 45f1801e-7cfd-420a-bb39-98f19dcc81c3: shutdown FollowerState
2019-09-25 04:50:33,144 [Thread-364] INFO  impl.RaftServerImpl (RaftServerImpl.java:setRole(174)) - 45f1801e-7cfd-420a-bb39-98f19dcc81c3@group-1F5C9E670775: changes role from  FOLLOWER to CANDIDATE at term 0 for changeToCandidate
2019-09-25 04:50:33,144 [Thread-364] INFO  impl.RoleInfo (RoleInfo.java:updateAndGet(143)) - 45f1801e-7cfd-420a-bb39-98f19dcc81c3: start LeaderElection
2019-09-25 04:50:33,149 [grpc-default-executor-0] INFO  impl.RaftServerProxy (RaftServerProxy.java:addNew(89)) - 45f1801e-7cfd-420a-bb39-98f19dcc81c3: addNew group-21891154694B:[45f1801e-7cfd-420a-bb39-98f19dcc81c3:192.168.151.106:38437] returns group-21891154694B:java.util.concurrent.CompletableFuture@3c791ba[Not completed]
2019-09-25 04:50:33,154 [c35819d4-86f4-4223-a458-676070fe0cbb@group-431FB16BB722-SegmentedRaftLogWorker] INFO  segmented.SegmentedRaftLogWorker (SegmentedRaftLogWorker.java:execute(569)) - c35819d4-86f4-4223-a458-676070fe0cbb@group-431FB16BB722-SegmentedRaftLogWorker: created new log segment /workdir/hadoop-ozone/integration-test/target/test-dir/MiniOzoneClusterImpl-72f6cbb0-c919-4300-9939-20ef1cbf0e73/datanode-0/data/ratis/49162b8f-f575-46f8-af2b-431fb16bb722/current/log_inprogress_0
2019-09-25 04:50:33,154 [b40ef231-6505-402b-ae57-fc0dc67cbbe8@group-63AF62B31D6F:LeaderElection41] INFO  impl.LeaderElection (LeaderElection.java:askForVotes(182)) - b40ef231-6505-402b-ae57-fc0dc67cbbe8@group-63AF62B31D6F:LeaderElection41: begin an election at term 1 for -1: [b40ef231-6505-402b-ae57-fc0dc67cbbe8:192.168.151.106:41861], old=null
2019-09-25 04:50:33,154 [45f1801e-7cfd-420a-bb39-98f19dcc81c3@group-1F5C9E670775:LeaderElection42] INFO  impl.LeaderElection (LeaderElection.java:askForVotes(182)) - 45f1801e-7cfd-420a-bb39-98f19dcc81c3@group-1F5C9E670775:LeaderElection42: begin an election at term 1 for -1: [45f1801e-7cfd-420a-bb39-98f19dcc81c3:192.168.151.106:38437], old=null
2019-09-25 04:50:33,154 [b40ef231-6505-402b-ae57-fc0dc67cbbe8@group-63AF62B31D6F:LeaderElection41] INFO  impl.RoleInfo (RoleInfo.java:shutdownLeaderElection(134)) - b40ef231-6505-402b-ae57-fc0dc67cbbe8: shutdown LeaderElection
2019-09-25 04:50:33,155 [45f1801e-7cfd-420a-bb39-98f19dcc81c3@group-1F5C9E670775:LeaderElection42] INFO  impl.RoleInfo (RoleInfo.java:shutdownLeaderElection(134)) - 45f1801e-7cfd-420a-bb39-98f19dcc81c3: shutdown LeaderElection
2019-09-25 04:50:33,155 [pool-87-thread-1] INFO  impl.RaftServerImpl (RaftServerImpl.java:<init>(95)) - 45f1801e-7cfd-420a-bb39-98f19dcc81c3: new RaftServerImpl for group-21891154694B:[45f1801e-7cfd-420a-bb39-98f19dcc81c3:192.168.151.106:38437] with ContainerStateMachine:uninitialized
2019-09-25 04:50:33,155 [b40ef231-6505-402b-ae57-fc0dc67cbbe8@group-63AF62B31D6F:LeaderElection41] INFO  impl.RaftServerImpl (RaftServerImpl.java:setRole(174)) - b40ef231-6505-402b-ae57-fc0dc67cbbe8@group-63AF62B31D6F: changes role from CANDIDATE to LEADER at term 1 for changeToLeader
2019-09-25 04:50:33,155 [pool-87-thread-1] INFO  server.RaftServerConfigKeys (ConfUtils.java:logGet(43)) - raft.server.rpc.timeout.min = 5s (custom)
2019-09-25 04:50:33,155 [45f1801e-7cfd-420a-bb39-98f19dcc81c3@group-1F5C9E670775:LeaderElection42] INFO  impl.RaftServerImpl (RaftServerImpl.java:setRole(174)) - 45f1801e-7cfd-420a-bb39-98f19dcc81c3@group-1F5C9E670775: changes role from CANDIDATE to LEADER at term 1 for changeToLeader
2019-09-25 04:50:33,155 [pool-87-thread-1] INFO  server.RaftServerConfigKeys (ConfUtils.java:logGet(43)) - raft.server.rpc.timeout.max = 5200ms (custom)
2019-09-25 04:50:33,155 [b40ef231-6505-402b-ae57-fc0dc67cbbe8@group-63AF62B31D6F:LeaderElection41] INFO  impl.RaftServerImpl (ServerState.java:setLeader(253)) - b40ef231-6505-402b-ae57-fc0dc67cbbe8@group-63AF62B31D6F: change Leader from null to b40ef231-6505-402b-ae57-fc0dc67cbbe8 at term 1 for becomeLeader, leader elected after 5124ms
2019-09-25 04:50:33,156 [pool-87-thread-1] INFO  server.RaftServerConfigKeys (ConfUtils.java:logGet(43)) - raft.server.rpcslowness.timeout = 120s (custom)
2019-09-25 04:50:33,156 [45f1801e-7cfd-420a-bb39-98f19dcc81c3@group-1F5C9E670775:LeaderElection42] INFO  impl.RaftServerImpl (ServerState.java:setLeader(253)) - 45f1801e-7cfd-420a-bb39-98f19dcc81c3@group-1F5C9E670775: change Leader from null to 45f1801e-7cfd-420a-bb39-98f19dcc81c3 at term 1 for becomeLeader, leader elected after 5171ms
2019-09-25 04:50:33,156 [pool-87-thread-1] INFO  server.RaftServerConfigKeys (ConfUtils.java:logGet(43)) - raft.server.sleep.deviation.threshold = 300 (default)
2019-09-25 04:50:33,156 [b40ef231-6505-402b-ae57-fc0dc67cbbe8@group-63AF62B31D6F:LeaderElection41] INFO  server.RaftServerConfigKeys (ConfUtils.java:logGet(43)) - raft.server.staging.catchup.gap = 1000 (default)
2019-09-25 04:50:33,156 [pool-87-thread-1] INFO  server.RaftServerConfigKeys (ConfUtils.java:logGet(43)) - raft.server.log.appender.install.snapshot.enabled = false (custom)
2019-09-25 04:50:33,156 [45f1801e-7cfd-420a-bb39-98f19dcc81c3@group-1F5C9E670775:LeaderElection42] INFO  server.RaftServerConfigKeys (ConfUtils.java:logGet(43)) - raft.server.staging.catchup.gap = 1000 (default)
2019-09-25 04:50:33,156 [pool-87-thread-1] INFO  impl.RaftServerImpl (ServerState.java:<init>(103)) - 45f1801e-7cfd-420a-bb39-98f19dcc81c3@group-21891154694B: ConfigurationManager, init=-1: [45f1801e-7cfd-420a-bb39-98f19dcc81c3:192.168.151.106:38437], old=null, confs=<EMPTY_MAP>
2019-09-25 04:50:33,156 [b40ef231-6505-402b-ae57-fc0dc67cbbe8@group-63AF62B31D6F:LeaderElection41] INFO  server.RaftServerConfigKeys (ConfUtils.java:logGet(43)) - raft.server.rpc.sleep.time = 25ms (default)
2019-09-25 04:50:33,157 [pool-87-thread-1] INFO  server.RaftServerConfigKeys (ConfUtils.java:logGet(43)) - raft.server.storage.dir = [/workdir/hadoop-ozone/integration-test/target/test-dir/MiniOzoneClusterImpl-72f6cbb0-c919-4300-9939-20ef1cbf0e73/datanode-6/data/ratis] (custom)
2019-09-25 04:50:33,157 [b40ef231-6505-402b-ae57-fc0dc67cbbe8@group-63AF62B31D6F:LeaderElection41] INFO  server.RaftServerConfigKeys (ConfUtils.java:logGet(43)) - raft.server.write.element-limit = 4096 (default)
2019-09-25 04:50:33,157 [45f1801e-7cfd-420a-bb39-98f19dcc81c3@group-1F5C9E670775:LeaderElection42] INFO  server.RaftServerConfigKeys (ConfUtils.java:logGet(43)) - raft.server.rpc.sleep.time = 25ms (default)
2019-09-25 04:50:33,157 [b40ef231-6505-402b-ae57-fc0dc67cbbe8@group-63AF62B31D6F:LeaderElection41] INFO  server.RaftServerConfigKeys (ConfUtils.java:logGet(43)) - raft.server.watch.timeout = 10s (default)
2019-09-25 04:50:33,157 [pool-87-thread-1] INFO  storage.RaftStorageDirectory (RaftStorageDirectory.java:analyzeStorage(246)) - The storage directory /workdir/hadoop-ozone/integration-test/target/test-dir/MiniOzoneClusterImpl-72f6cbb0-c919-4300-9939-20ef1cbf0e73/datanode-6/data/ratis/62ca22ae-cd90-4bee-8ec0-21891154694b does not exist. Creating ...
2019-09-25 04:50:33,157 [45f1801e-7cfd-420a-bb39-98f19dcc81c3@group-1F5C9E670775:LeaderElection42] INFO  server.RaftServerConfigKeys (ConfUtils.java:logGet(43)) - raft.server.write.element-limit = 4096 (default)
2019-09-25 04:50:33,157 [b40ef231-6505-402b-ae57-fc0dc67cbbe8@group-63AF62B31D6F:LeaderElection41] INFO  server.RaftServerConfigKeys (ConfUtils.java:logGet(43)) - raft.server.watch.timeout.denomination = 1s (default)
2019-09-25 04:50:33,158 [45f1801e-7cfd-420a-bb39-98f19dcc81c3@group-1F5C9E670775:LeaderElection42] INFO  server.RaftServerConfigKeys (ConfUtils.java:logGet(43)) - raft.server.watch.timeout = 10s (default)
2019-09-25 04:50:33,158 [b40ef231-6505-402b-ae57-fc0dc67cbbe8@group-63AF62B31D6F:LeaderElection41] INFO  server.RaftServerConfigKeys (ConfUtils.java:logGet(43)) - raft.server.watch.element-limit = 65536 (default)
2019-09-25 04:50:33,158 [45f1801e-7cfd-420a-bb39-98f19dcc81c3@group-1F5C9E670775:LeaderElection42] INFO  server.RaftServerConfigKeys (ConfUtils.java:logGet(43)) - raft.server.watch.timeout.denomination = 1s (default)
2019-09-25 04:50:33,158 [45f1801e-7cfd-420a-bb39-98f19dcc81c3@group-1F5C9E670775:LeaderElection42] INFO  server.RaftServerConfigKeys (ConfUtils.java:logGet(43)) - raft.server.watch.element-limit = 65536 (default)
2019-09-25 04:50:33,161 [b40ef231-6505-402b-ae57-fc0dc67cbbe8@group-63AF62B31D6F:LeaderElection41] INFO  impl.RoleInfo (RoleInfo.java:updateAndGet(143)) - b40ef231-6505-402b-ae57-fc0dc67cbbe8: start LeaderState
2019-09-25 04:50:33,162 [b40ef231-6505-402b-ae57-fc0dc67cbbe8@group-63AF62B31D6F:LeaderElection41] INFO  segmented.SegmentedRaftLogWorker (SegmentedRaftLogWorker.java:startLogSegment(380)) - b40ef231-6505-402b-ae57-fc0dc67cbbe8@group-63AF62B31D6F-SegmentedRaftLogWorker: Starting segment from index:0
2019-09-25 04:50:33,162 [45f1801e-7cfd-420a-bb39-98f19dcc81c3@group-1F5C9E670775:LeaderElection42] INFO  impl.RoleInfo (RoleInfo.java:updateAndGet(143)) - 45f1801e-7cfd-420a-bb39-98f19dcc81c3: start LeaderState
2019-09-25 04:50:33,162 [45f1801e-7cfd-420a-bb39-98f19dcc81c3@group-1F5C9E670775:LeaderElection42] INFO  segmented.SegmentedRaftLogWorker (SegmentedRaftLogWorker.java:startLogSegment(380)) - 45f1801e-7cfd-420a-bb39-98f19dcc81c3@group-1F5C9E670775-SegmentedRaftLogWorker: Starting segment from index:0
2019-09-25 04:50:33,162 [b40ef231-6505-402b-ae57-fc0dc67cbbe8@group-63AF62B31D6F:LeaderElection41] INFO  impl.RaftServerImpl (ServerState.java:setRaftConf(354)) - b40ef231-6505-402b-ae57-fc0dc67cbbe8@group-63AF62B31D6F: set configuration 0: [b40ef231-6505-402b-ae57-fc0dc67cbbe8:192.168.151.106:41861], old=null at 0
2019-09-25 04:50:33,217 [pool-87-thread-1] INFO  storage.RaftStorageDirectory (RaftStorageDirectory.java:tryLock(328)) - Lock on /workdir/hadoop-ozone/integration-test/target/test-dir/MiniOzoneClusterImpl-72f6cbb0-c919-4300-9939-20ef1cbf0e73/datanode-6/data/ratis/62ca22ae-cd90-4bee-8ec0-21891154694b/in_use.lock acquired by nodename 13648@pr-hdds-1569-x2sr2-3486766547
2019-09-25 04:50:33,218 [45f1801e-7cfd-420a-bb39-98f19dcc81c3@group-1F5C9E670775:LeaderElection42] INFO  impl.RaftServerImpl (ServerState.java:setRaftConf(354)) - 45f1801e-7cfd-420a-bb39-98f19dcc81c3@group-1F5C9E670775: set configuration 0: [45f1801e-7cfd-420a-bb39-98f19dcc81c3:192.168.151.106:38437], old=null at 0
2019-09-25 04:50:33,241 [b40ef231-6505-402b-ae57-fc0dc67cbbe8@group-63AF62B31D6F-SegmentedRaftLogWorker] INFO  segmented.SegmentedRaftLogWorker (SegmentedRaftLogWorker.java:execute(569)) - b40ef231-6505-402b-ae57-fc0dc67cbbe8@group-63AF62B31D6F-SegmentedRaftLogWorker: created new log segment /workdir/hadoop-ozone/integration-test/target/test-dir/MiniOzoneClusterImpl-72f6cbb0-c919-4300-9939-20ef1cbf0e73/datanode-1/data/ratis/8e7e1bcc-cb2f-4594-9028-63af62b31d6f/current/log_inprogress_0
2019-09-25 04:50:33,241 [pool-87-thread-1] INFO  storage.RaftStorage (RaftStorage.java:format(72)) - Storage directory /workdir/hadoop-ozone/integration-test/target/test-dir/MiniOzoneClusterImpl-72f6cbb0-c919-4300-9939-20ef1cbf0e73/datanode-6/data/ratis/62ca22ae-cd90-4bee-8ec0-21891154694b has been successfully formatted.
2019-09-25 04:50:33,242 [pool-87-thread-1] INFO  ratis.ContainerStateMachine (ContainerStateMachine.java:loadSnapshot(230)) - group-21891154694B: The snapshot info is null. Setting the last applied indexto:(t:0, i:~)
2019-09-25 04:50:33,242 [pool-87-thread-1] INFO  server.RaftServerConfigKeys (ConfUtils.java:logGet(43)) - raft.server.notification.no-leader.timeout = 120s (custom)
2019-09-25 04:50:33,242 [pool-87-thread-1] INFO  server.RaftServerConfigKeys (ConfUtils.java:logGet(43)) - raft.server.log.use.memory = false (default)
2019-09-25 04:50:33,243 [pool-87-thread-1] INFO  server.RaftServerConfigKeys (ConfUtils.java:logGet(43)) - raft.server.log.purge.gap = 1000000 (custom)
2019-09-25 04:50:33,243 [pool-87-thread-1] INFO  server.RaftServerConfigKeys (ConfUtils.java:logGet(43)) - raft.server.log.appender.buffer.byte-limit = 33554432 (custom)
2019-09-25 04:50:33,243 [pool-87-thread-1] INFO  server.RaftServerConfigKeys (ConfUtils.java:logGet(43)) - raft.server.log.segment.size.max = 1048576 (custom)
2019-09-25 04:50:33,243 [pool-87-thread-1] INFO  server.RaftServerConfigKeys (ConfUtils.java:logGet(43)) - raft.server.log.segment.cache.num.max = 2 (custom)
2019-09-25 04:50:33,243 [pool-87-thread-1] INFO  segmented.SegmentedRaftLogWorker (SegmentedRaftLogWorker.java:<init>(172)) - new 45f1801e-7cfd-420a-bb39-98f19dcc81c3@group-21891154694B-SegmentedRaftLogWorker for RaftStorage:Storage Directory /workdir/hadoop-ozone/integration-test/target/test-dir/MiniOzoneClusterImpl-72f6cbb0-c919-4300-9939-20ef1cbf0e73/datanode-6/data/ratis/62ca22ae-cd90-4bee-8ec0-21891154694b
2019-09-25 04:50:33,243 [pool-87-thread-1] INFO  server.RaftServerConfigKeys (ConfUtils.java:logGet(43)) - raft.server.log.queue.byte-limit = 2147483647 (custom)
2019-09-25 04:50:33,244 [pool-87-thread-1] INFO  server.RaftServerConfigKeys (ConfUtils.java:logGet(43)) - raft.server.log.queue.element-limit = 1024 (custom)
2019-09-25 04:50:33,244 [pool-87-thread-1] INFO  server.RaftServerConfigKeys (ConfUtils.java:logGet(43)) - raft.server.log.segment.size.max = 1048576 (custom)
2019-09-25 04:50:33,244 [pool-87-thread-1] INFO  server.RaftServerConfigKeys (ConfUtils.java:logGet(43)) - raft.server.log.preallocated.size = 16384 (custom)
2019-09-25 04:50:33,244 [pool-87-thread-1] INFO  server.RaftServerConfigKeys (ConfUtils.java:logGet(43)) - raft.server.log.write.buffer.size = 33554432 (custom)
2019-09-25 04:50:33,244 [pool-87-thread-1] INFO  server.RaftServerConfigKeys (ConfUtils.java:logGet(43)) - raft.server.log.force.sync.num = 128 (default)
2019-09-25 04:50:33,244 [pool-87-thread-1] INFO  server.RaftServerConfigKeys (ConfUtils.java:logGet(43)) - raft.server.log.statemachine.data.sync = true (default)
2019-09-25 04:50:33,245 [pool-87-thread-1] INFO  server.RaftServerConfigKeys (ConfUtils.java:logGet(43)) - raft.server.log.statemachine.data.sync.timeout = 10s (default)
2019-09-25 04:50:33,245 [pool-87-thread-1] INFO  server.RaftServerConfigKeys (ConfUtils.java:logGet(43)) - raft.server.log.statemachine.data.sync.timeout.retry = -1 (default)
2019-09-25 04:50:33,245 [pool-87-thread-1] INFO  server.RaftServerConfigKeys (ConfUtils.java:logGet(43)) - raft.server.log.statemachine.data.caching.enabled = true (custom)
2019-09-25 04:50:33,245 [pool-87-thread-1] INFO  segmented.SegmentedRaftLogWorker (SegmentedRaftLogWorker.java:lambda$new$0(132)) - 45f1801e-7cfd-420a-bb39-98f19dcc81c3@group-21891154694B-SegmentedRaftLogWorker: flushIndex: setUnconditionally 0 -> -1
2019-09-25 04:50:33,246 [pool-87-thread-1] INFO  server.RaftServerConfigKeys (ConfUtils.java:logGet(43)) - raft.server.snapshot.auto.trigger.enabled = true (custom)
2019-09-25 04:50:33,246 [pool-87-thread-1] INFO  server.RaftServerConfigKeys (ConfUtils.java:logGet(43)) - raft.server.snapshot.auto.trigger.threshold = 10000 (custom)
2019-09-25 04:50:33,246 [pool-87-thread-1] INFO  server.RaftServerConfigKeys (ConfUtils.java:logGet(43)) - raft.server.snapshot.retention.num.files = 5 (custom)
2019-09-25 04:50:33,246 [pool-87-thread-1] INFO  server.RaftServerConfigKeys (ConfUtils.java:logGet(43)) - raft.server.retrycache.expirytime = 600000ms (custom)
2019-09-25 04:50:33,249 [pool-87-thread-1] INFO  impl.RaftServerImpl (RaftServerImpl.java:start(185)) - 45f1801e-7cfd-420a-bb39-98f19dcc81c3@group-21891154694B: start as a follower, conf=-1: [45f1801e-7cfd-420a-bb39-98f19dcc81c3:192.168.151.106:38437], old=null
2019-09-25 04:50:33,249 [pool-87-thread-1] INFO  impl.RaftServerImpl (RaftServerImpl.java:setRole(174)) - 45f1801e-7cfd-420a-bb39-98f19dcc81c3@group-21891154694B: changes role from      null to FOLLOWER at term 0 for startAsFollower
2019-09-25 04:50:33,249 [pool-87-thread-1] INFO  impl.RoleInfo (RoleInfo.java:updateAndGet(143)) - 45f1801e-7cfd-420a-bb39-98f19dcc81c3: start FollowerState
2019-09-25 04:50:33,250 [pool-87-thread-1] INFO  util.JmxRegister (JmxRegister.java:tryRegister(44)) - Successfully registered JMX Bean with object name Ratis:service=RaftServer,group=group-21891154694B,id=45f1801e-7cfd-420a-bb39-98f19dcc81c3
2019-09-25 04:50:33,254 [RatisPipelineUtilsThread] INFO  pipeline.PipelineStateManager (PipelineStateManager.java:addPipeline(56)) - Created pipeline Pipeline[ Id: 62ca22ae-cd90-4bee-8ec0-21891154694b, Nodes: 45f1801e-7cfd-420a-bb39-98f19dcc81c3{ip: 192.168.151.106, host: pr-hdds-1569-x2sr2-3486766547, networkLocation: /default-rack, certSerialId: null}, Type:RATIS, Factor:ONE, State:OPEN]
2019-09-25 04:50:33,255 [45f1801e-7cfd-420a-bb39-98f19dcc81c3@group-1F5C9E670775-SegmentedRaftLogWorker] INFO  segmented.SegmentedRaftLogWorker (SegmentedRaftLogWorker.java:execute(569)) - 45f1801e-7cfd-420a-bb39-98f19dcc81c3@group-1F5C9E670775-SegmentedRaftLogWorker: created new log segment /workdir/hadoop-ozone/integration-test/target/test-dir/MiniOzoneClusterImpl-72f6cbb0-c919-4300-9939-20ef1cbf0e73/datanode-6/data/ratis/97514874-b446-4b51-ad9a-1f5c9e670775/current/log_inprogress_0
2019-09-25 04:50:33,260 [grpc-default-executor-0] INFO  impl.RaftServerProxy (RaftServerProxy.java:addNew(89)) - c35819d4-86f4-4223-a458-676070fe0cbb: addNew group-4BB83B81EC9E:[c35819d4-86f4-4223-a458-676070fe0cbb:192.168.151.106:44434] returns group-4BB83B81EC9E:java.util.concurrent.CompletableFuture@2f31c78c[Not completed]
2019-09-25 04:50:33,262 [pool-27-thread-1] INFO  impl.RaftServerImpl (RaftServerImpl.java:<init>(95)) - c35819d4-86f4-4223-a458-676070fe0cbb: new RaftServerImpl for group-4BB83B81EC9E:[c35819d4-86f4-4223-a458-676070fe0cbb:192.168.151.106:44434] with ContainerStateMachine:uninitialized
2019-09-25 04:50:33,262 [pool-27-thread-1] INFO  server.RaftServerConfigKeys (ConfUtils.java:logGet(43)) - raft.server.rpc.timeout.min = 5s (custom)
2019-09-25 04:50:33,262 [pool-27-thread-1] INFO  server.RaftServerConfigKeys (ConfUtils.java:logGet(43)) - raft.server.rpc.timeout.max = 5200ms (custom)
2019-09-25 04:50:33,262 [pool-27-thread-1] INFO  server.RaftServerConfigKeys (ConfUtils.java:logGet(43)) - raft.server.rpcslowness.timeout = 120s (custom)
2019-09-25 04:50:33,262 [pool-27-thread-1] INFO  server.RaftServerConfigKeys (ConfUtils.java:logGet(43)) - raft.server.sleep.deviation.threshold = 300 (default)
2019-09-25 04:50:33,262 [pool-27-thread-1] INFO  server.RaftServerConfigKeys (ConfUtils.java:logGet(43)) - raft.server.log.appender.install.snapshot.enabled = false (custom)
2019-09-25 04:50:33,263 [pool-27-thread-1] INFO  impl.RaftServerImpl (ServerState.java:<init>(103)) - c35819d4-86f4-4223-a458-676070fe0cbb@group-4BB83B81EC9E: ConfigurationManager, init=-1: [c35819d4-86f4-4223-a458-676070fe0cbb:192.168.151.106:44434], old=null, confs=<EMPTY_MAP>
2019-09-25 04:50:33,263 [pool-27-thread-1] INFO  server.RaftServerConfigKeys (ConfUtils.java:logGet(43)) - raft.server.storage.dir = [/workdir/hadoop-ozone/integration-test/target/test-dir/MiniOzoneClusterImpl-72f6cbb0-c919-4300-9939-20ef1cbf0e73/datanode-0/data/ratis] (custom)
2019-09-25 04:50:33,263 [pool-27-thread-1] INFO  storage.RaftStorageDirectory (RaftStorageDirectory.java:analyzeStorage(246)) - The storage directory /workdir/hadoop-ozone/integration-test/target/test-dir/MiniOzoneClusterImpl-72f6cbb0-c919-4300-9939-20ef1cbf0e73/datanode-0/data/ratis/7c9cb23e-40d9-48f5-8218-4bb83b81ec9e does not exist. Creating ...
2019-09-25 04:50:33,278 [pool-27-thread-1] INFO  storage.RaftStorageDirectory (RaftStorageDirectory.java:tryLock(328)) - Lock on /workdir/hadoop-ozone/integration-test/target/test-dir/MiniOzoneClusterImpl-72f6cbb0-c919-4300-9939-20ef1cbf0e73/datanode-0/data/ratis/7c9cb23e-40d9-48f5-8218-4bb83b81ec9e/in_use.lock acquired by nodename 13648@pr-hdds-1569-x2sr2-3486766547
2019-09-25 04:50:33,280 [Thread-370] INFO  impl.FollowerState (FollowerState.java:run(106)) - c35819d4-86f4-4223-a458-676070fe0cbb:group-7FB6C9EFFD89 changes to CANDIDATE, lastRpcTime:5191, electionTimeout:5191ms
2019-09-25 04:50:33,280 [Thread-370] INFO  impl.RoleInfo (RoleInfo.java:shutdownFollowerState(121)) - c35819d4-86f4-4223-a458-676070fe0cbb: shutdown FollowerState
2019-09-25 04:50:33,280 [Thread-370] INFO  impl.RaftServerImpl (RaftServerImpl.java:setRole(174)) - c35819d4-86f4-4223-a458-676070fe0cbb@group-7FB6C9EFFD89: changes role from  FOLLOWER to CANDIDATE at term 0 for changeToCandidate
2019-09-25 04:50:33,280 [Thread-370] INFO  impl.RoleInfo (RoleInfo.java:updateAndGet(143)) - c35819d4-86f4-4223-a458-676070fe0cbb: start LeaderElection
2019-09-25 04:50:33,286 [Thread-373] INFO  impl.FollowerState (FollowerState.java:run(106)) - a167ab1f-c96d-409e-bb26-ea230783d833:group-73F678C78334 changes to CANDIDATE, lastRpcTime:5161, electionTimeout:5161ms
2019-09-25 04:50:33,287 [Thread-373] INFO  impl.RoleInfo (RoleInfo.java:shutdownFollowerState(121)) - a167ab1f-c96d-409e-bb26-ea230783d833: shutdown FollowerState
2019-09-25 04:50:33,287 [Thread-373] INFO  impl.RaftServerImpl (RaftServerImpl.java:setRole(174)) - a167ab1f-c96d-409e-bb26-ea230783d833@group-73F678C78334: changes role from  FOLLOWER to CANDIDATE at term 0 for changeToCandidate
2019-09-25 04:50:33,287 [Thread-373] INFO  impl.RoleInfo (RoleInfo.java:updateAndGet(143)) - a167ab1f-c96d-409e-bb26-ea230783d833: start LeaderElection
2019-09-25 04:50:33,303 [pool-27-thread-1] INFO  storage.RaftStorage (RaftStorage.java:format(72)) - Storage directory /workdir/hadoop-ozone/integration-test/target/test-dir/MiniOzoneClusterImpl-72f6cbb0-c919-4300-9939-20ef1cbf0e73/datanode-0/data/ratis/7c9cb23e-40d9-48f5-8218-4bb83b81ec9e has been successfully formatted.
2019-09-25 04:50:33,303 [c35819d4-86f4-4223-a458-676070fe0cbb@group-7FB6C9EFFD89:LeaderElection43] INFO  impl.LeaderElection (LeaderElection.java:askForVotes(182)) - c35819d4-86f4-4223-a458-676070fe0cbb@group-7FB6C9EFFD89:LeaderElection43: begin an election at term 1 for -1: [c35819d4-86f4-4223-a458-676070fe0cbb:192.168.151.106:44434], old=null
2019-09-25 04:50:33,303 [a167ab1f-c96d-409e-bb26-ea230783d833@group-73F678C78334:LeaderElection44] INFO  impl.LeaderElection (LeaderElection.java:askForVotes(182)) - a167ab1f-c96d-409e-bb26-ea230783d833@group-73F678C78334:LeaderElection44: begin an election at term 1 for -1: [a167ab1f-c96d-409e-bb26-ea230783d833:192.168.151.106:33404], old=null
2019-09-25 04:50:33,303 [c35819d4-86f4-4223-a458-676070fe0cbb@group-7FB6C9EFFD89:LeaderElection43] INFO  impl.RoleInfo (RoleInfo.java:shutdownLeaderElection(134)) - c35819d4-86f4-4223-a458-676070fe0cbb: shutdown LeaderElection
2019-09-25 04:50:33,303 [pool-27-thread-1] INFO  ratis.ContainerStateMachine (ContainerStateMachine.java:loadSnapshot(230)) - group-4BB83B81EC9E: The snapshot info is null. Setting the last applied indexto:(t:0, i:~)
2019-09-25 04:50:33,303 [c35819d4-86f4-4223-a458-676070fe0cbb@group-7FB6C9EFFD89:LeaderElection43] INFO  impl.RaftServerImpl (RaftServerImpl.java:setRole(174)) - c35819d4-86f4-4223-a458-676070fe0cbb@group-7FB6C9EFFD89: changes role from CANDIDATE to LEADER at term 1 for changeToLeader
2019-09-25 04:50:33,303 [a167ab1f-c96d-409e-bb26-ea230783d833@group-73F678C78334:LeaderElection44] INFO  impl.RoleInfo (RoleInfo.java:shutdownLeaderElection(134)) - a167ab1f-c96d-409e-bb26-ea230783d833: shutdown LeaderElection
2019-09-25 04:50:33,304 [c35819d4-86f4-4223-a458-676070fe0cbb@group-7FB6C9EFFD89:LeaderElection43] INFO  impl.RaftServerImpl (ServerState.java:setLeader(253)) - c35819d4-86f4-4223-a458-676070fe0cbb@group-7FB6C9EFFD89: change Leader from null to c35819d4-86f4-4223-a458-676070fe0cbb at term 1 for becomeLeader, leader elected after 5223ms
2019-09-25 04:50:33,303 [pool-27-thread-1] INFO  server.RaftServerConfigKeys (ConfUtils.java:logGet(43)) - raft.server.notification.no-leader.timeout = 120s (custom)
2019-09-25 04:50:33,304 [c35819d4-86f4-4223-a458-676070fe0cbb@group-7FB6C9EFFD89:LeaderElection43] INFO  server.RaftServerConfigKeys (ConfUtils.java:logGet(43)) - raft.server.staging.catchup.gap = 1000 (default)
2019-09-25 04:50:33,304 [a167ab1f-c96d-409e-bb26-ea230783d833@group-73F678C78334:LeaderElection44] INFO  impl.RaftServerImpl (RaftServerImpl.java:setRole(174)) - a167ab1f-c96d-409e-bb26-ea230783d833@group-73F678C78334: changes role from CANDIDATE to LEADER at term 1 for changeToLeader
2019-09-25 04:50:33,304 [c35819d4-86f4-4223-a458-676070fe0cbb@group-7FB6C9EFFD89:LeaderElection43] INFO  server.RaftServerConfigKeys (ConfUtils.java:logGet(43)) - raft.server.rpc.sleep.time = 25ms (default)
2019-09-25 04:50:33,304 [pool-27-thread-1] INFO  server.RaftServerConfigKeys (ConfUtils.java:logGet(43)) - raft.server.log.use.memory = false (default)
2019-09-25 04:50:33,304 [c35819d4-86f4-4223-a458-676070fe0cbb@group-7FB6C9EFFD89:LeaderElection43] INFO  server.RaftServerConfigKeys (ConfUtils.java:logGet(43)) - raft.server.write.element-limit = 4096 (default)
2019-09-25 04:50:33,304 [a167ab1f-c96d-409e-bb26-ea230783d833@group-73F678C78334:LeaderElection44] INFO  impl.RaftServerImpl (ServerState.java:setLeader(253)) - a167ab1f-c96d-409e-bb26-ea230783d833@group-73F678C78334: change Leader from null to a167ab1f-c96d-409e-bb26-ea230783d833 at term 1 for becomeLeader, leader elected after 5186ms
2019-09-25 04:50:33,305 [c35819d4-86f4-4223-a458-676070fe0cbb@group-7FB6C9EFFD89:LeaderElection43] INFO  server.RaftServerConfigKeys (ConfUtils.java:logGet(43)) - raft.server.watch.timeout = 10s (default)
2019-09-25 04:50:33,305 [c35819d4-86f4-4223-a458-676070fe0cbb@group-7FB6C9EFFD89:LeaderElection43] INFO  server.RaftServerConfigKeys (ConfUtils.java:logGet(43)) - raft.server.watch.timeout.denomination = 1s (default)
2019-09-25 04:50:33,305 [pool-27-thread-1] INFO  server.RaftServerConfigKeys (ConfUtils.java:logGet(43)) - raft.server.log.purge.gap = 1000000 (custom)
2019-09-25 04:50:33,305 [c35819d4-86f4-4223-a458-676070fe0cbb@group-7FB6C9EFFD89:LeaderElection43] INFO  server.RaftServerConfigKeys (ConfUtils.java:logGet(43)) - raft.server.watch.element-limit = 65536 (default)
2019-09-25 04:50:33,305 [a167ab1f-c96d-409e-bb26-ea230783d833@group-73F678C78334:LeaderElection44] INFO  server.RaftServerConfigKeys (ConfUtils.java:logGet(43)) - raft.server.staging.catchup.gap = 1000 (default)
2019-09-25 04:50:33,305 [pool-27-thread-1] INFO  server.RaftServerConfigKeys (ConfUtils.java:logGet(43)) - raft.server.log.appender.buffer.byte-limit = 33554432 (custom)
2019-09-25 04:50:33,306 [a167ab1f-c96d-409e-bb26-ea230783d833@group-73F678C78334:LeaderElection44] INFO  server.RaftServerConfigKeys (ConfUtils.java:logGet(43)) - raft.server.rpc.sleep.time = 25ms (default)
2019-09-25 04:50:33,306 [pool-27-thread-1] INFO  server.RaftServerConfigKeys (ConfUtils.java:logGet(43)) - raft.server.log.segment.size.max = 1048576 (custom)
2019-09-25 04:50:33,306 [a167ab1f-c96d-409e-bb26-ea230783d833@group-73F678C78334:LeaderElection44] INFO  server.RaftServerConfigKeys (ConfUtils.java:logGet(43)) - raft.server.write.element-limit = 4096 (default)
2019-09-25 04:50:33,306 [pool-27-thread-1] INFO  server.RaftServerConfigKeys (ConfUtils.java:logGet(43)) - raft.server.log.segment.cache.num.max = 2 (custom)
2019-09-25 04:50:33,306 [a167ab1f-c96d-409e-bb26-ea230783d833@group-73F678C78334:LeaderElection44] INFO  server.RaftServerConfigKeys (ConfUtils.java:logGet(43)) - raft.server.watch.timeout = 10s (default)
2019-09-25 04:50:33,307 [pool-27-thread-1] INFO  segmented.SegmentedRaftLogWorker (SegmentedRaftLogWorker.java:<init>(172)) - new c35819d4-86f4-4223-a458-676070fe0cbb@group-4BB83B81EC9E-SegmentedRaftLogWorker for RaftStorage:Storage Directory /workdir/hadoop-ozone/integration-test/target/test-dir/MiniOzoneClusterImpl-72f6cbb0-c919-4300-9939-20ef1cbf0e73/datanode-0/data/ratis/7c9cb23e-40d9-48f5-8218-4bb83b81ec9e
2019-09-25 04:50:33,307 [a167ab1f-c96d-409e-bb26-ea230783d833@group-73F678C78334:LeaderElection44] INFO  server.RaftServerConfigKeys (ConfUtils.java:logGet(43)) - raft.server.watch.timeout.denomination = 1s (default)
2019-09-25 04:50:33,307 [pool-27-thread-1] INFO  server.RaftServerConfigKeys (ConfUtils.java:logGet(43)) - raft.server.log.queue.byte-limit = 2147483647 (custom)
2019-09-25 04:50:33,307 [a167ab1f-c96d-409e-bb26-ea230783d833@group-73F678C78334:LeaderElection44] INFO  server.RaftServerConfigKeys (ConfUtils.java:logGet(43)) - raft.server.watch.element-limit = 65536 (default)
2019-09-25 04:50:33,307 [pool-27-thread-1] INFO  server.RaftServerConfigKeys (ConfUtils.java:logGet(43)) - raft.server.log.queue.element-limit = 1024 (custom)
2019-09-25 04:50:33,307 [pool-27-thread-1] INFO  server.RaftServerConfigKeys (ConfUtils.java:logGet(43)) - raft.server.log.segment.size.max = 1048576 (custom)
2019-09-25 04:50:33,308 [pool-27-thread-1] INFO  server.RaftServerConfigKeys (ConfUtils.java:logGet(43)) - raft.server.log.preallocated.size = 16384 (custom)
2019-09-25 04:50:33,308 [pool-27-thread-1] INFO  server.RaftServerConfigKeys (ConfUtils.java:logGet(43)) - raft.server.log.write.buffer.size = 33554432 (custom)
2019-09-25 04:50:33,308 [pool-27-thread-1] INFO  server.RaftServerConfigKeys (ConfUtils.java:logGet(43)) - raft.server.log.force.sync.num = 128 (default)
2019-09-25 04:50:33,308 [pool-27-thread-1] INFO  server.RaftServerConfigKeys (ConfUtils.java:logGet(43)) - raft.server.log.statemachine.data.sync = true (default)
2019-09-25 04:50:33,308 [pool-27-thread-1] INFO  server.RaftServerConfigKeys (ConfUtils.java:logGet(43)) - raft.server.log.statemachine.data.sync.timeout = 10s (default)
2019-09-25 04:50:33,309 [pool-27-thread-1] INFO  server.RaftServerConfigKeys (ConfUtils.java:logGet(43)) - raft.server.log.statemachine.data.sync.timeout.retry = -1 (default)
2019-09-25 04:50:33,309 [pool-27-thread-1] INFO  server.RaftServerConfigKeys (ConfUtils.java:logGet(43)) - raft.server.log.statemachine.data.caching.enabled = true (custom)
2019-09-25 04:50:33,309 [pool-27-thread-1] INFO  segmented.SegmentedRaftLogWorker (SegmentedRaftLogWorker.java:lambda$new$0(132)) - c35819d4-86f4-4223-a458-676070fe0cbb@group-4BB83B81EC9E-SegmentedRaftLogWorker: flushIndex: setUnconditionally 0 -> -1
2019-09-25 04:50:33,310 [pool-27-thread-1] INFO  server.RaftServerConfigKeys (ConfUtils.java:logGet(43)) - raft.server.snapshot.auto.trigger.enabled = true (custom)
2019-09-25 04:50:33,310 [c35819d4-86f4-4223-a458-676070fe0cbb@group-7FB6C9EFFD89:LeaderElection43] INFO  impl.RoleInfo (RoleInfo.java:updateAndGet(143)) - c35819d4-86f4-4223-a458-676070fe0cbb: start LeaderState
2019-09-25 04:50:33,310 [pool-27-thread-1] INFO  server.RaftServerConfigKeys (ConfUtils.java:logGet(43)) - raft.server.snapshot.auto.trigger.threshold = 10000 (custom)
2019-09-25 04:50:33,310 [a167ab1f-c96d-409e-bb26-ea230783d833@group-73F678C78334:LeaderElection44] INFO  impl.RoleInfo (RoleInfo.java:updateAndGet(143)) - a167ab1f-c96d-409e-bb26-ea230783d833: start LeaderState
2019-09-25 04:50:33,310 [pool-27-thread-1] INFO  server.RaftServerConfigKeys (ConfUtils.java:logGet(43)) - raft.server.snapshot.retention.num.files = 5 (custom)
2019-09-25 04:50:33,310 [c35819d4-86f4-4223-a458-676070fe0cbb@group-7FB6C9EFFD89:LeaderElection43] INFO  segmented.SegmentedRaftLogWorker (SegmentedRaftLogWorker.java:startLogSegment(380)) - c35819d4-86f4-4223-a458-676070fe0cbb@group-7FB6C9EFFD89-SegmentedRaftLogWorker: Starting segment from index:0
2019-09-25 04:50:33,310 [pool-27-thread-1] INFO  server.RaftServerConfigKeys (ConfUtils.java:logGet(43)) - raft.server.retrycache.expirytime = 600000ms (custom)
2019-09-25 04:50:33,310 [a167ab1f-c96d-409e-bb26-ea230783d833@group-73F678C78334:LeaderElection44] INFO  segmented.SegmentedRaftLogWorker (SegmentedRaftLogWorker.java:startLogSegment(380)) - a167ab1f-c96d-409e-bb26-ea230783d833@group-73F678C78334-SegmentedRaftLogWorker: Starting segment from index:0
2019-09-25 04:50:33,311 [c35819d4-86f4-4223-a458-676070fe0cbb@group-7FB6C9EFFD89:LeaderElection43] INFO  impl.RaftServerImpl (ServerState.java:setRaftConf(354)) - c35819d4-86f4-4223-a458-676070fe0cbb@group-7FB6C9EFFD89: set configuration 0: [c35819d4-86f4-4223-a458-676070fe0cbb:192.168.151.106:44434], old=null at 0
2019-09-25 04:50:33,311 [a167ab1f-c96d-409e-bb26-ea230783d833@group-73F678C78334:LeaderElection44] INFO  impl.RaftServerImpl (ServerState.java:setRaftConf(354)) - a167ab1f-c96d-409e-bb26-ea230783d833@group-73F678C78334: set configuration 0: [a167ab1f-c96d-409e-bb26-ea230783d833:192.168.151.106:33404], old=null at 0
2019-09-25 04:50:33,313 [pool-27-thread-1] INFO  impl.RaftServerImpl (RaftServerImpl.java:start(185)) - c35819d4-86f4-4223-a458-676070fe0cbb@group-4BB83B81EC9E: start as a follower, conf=-1: [c35819d4-86f4-4223-a458-676070fe0cbb:192.168.151.106:44434], old=null
2019-09-25 04:50:33,313 [pool-27-thread-1] INFO  impl.RaftServerImpl (RaftServerImpl.java:setRole(174)) - c35819d4-86f4-4223-a458-676070fe0cbb@group-4BB83B81EC9E: changes role from      null to FOLLOWER at term 0 for startAsFollower
2019-09-25 04:50:33,313 [pool-27-thread-1] INFO  impl.RoleInfo (RoleInfo.java:updateAndGet(143)) - c35819d4-86f4-4223-a458-676070fe0cbb: start FollowerState
2019-09-25 04:50:33,314 [pool-27-thread-1] INFO  util.JmxRegister (JmxRegister.java:tryRegister(44)) - Successfully registered JMX Bean with object name Ratis:service=RaftServer,group=group-4BB83B81EC9E,id=c35819d4-86f4-4223-a458-676070fe0cbb
2019-09-25 04:50:33,317 [RatisPipelineUtilsThread] INFO  pipeline.PipelineStateManager (PipelineStateManager.java:addPipeline(56)) - Created pipeline Pipeline[ Id: 7c9cb23e-40d9-48f5-8218-4bb83b81ec9e, Nodes: c35819d4-86f4-4223-a458-676070fe0cbb{ip: 192.168.151.106, host: pr-hdds-1569-x2sr2-3486766547, networkLocation: /default-rack, certSerialId: null}, Type:RATIS, Factor:ONE, State:OPEN]
2019-09-25 04:50:33,322 [grpc-default-executor-0] INFO  impl.RaftServerProxy (RaftServerProxy.java:addNew(89)) - aabdae46-dcfa-45e6-b665-2c47bb305ebb: addNew group-7079C96F35A2:[aabdae46-dcfa-45e6-b665-2c47bb305ebb:192.168.151.106:41436] returns group-7079C96F35A2:java.util.concurrent.CompletableFuture@2aa144ea[Not completed]
2019-09-25 04:50:33,324 [pool-67-thread-1] INFO  impl.RaftServerImpl (RaftServerImpl.java:<init>(95)) - aabdae46-dcfa-45e6-b665-2c47bb305ebb: new RaftServerImpl for group-7079C96F35A2:[aabdae46-dcfa-45e6-b665-2c47bb305ebb:192.168.151.106:41436] with ContainerStateMachine:uninitialized
2019-09-25 04:50:33,324 [pool-67-thread-1] INFO  server.RaftServerConfigKeys (ConfUtils.java:logGet(43)) - raft.server.rpc.timeout.min = 5s (custom)
2019-09-25 04:50:33,324 [pool-67-thread-1] INFO  server.RaftServerConfigKeys (ConfUtils.java:logGet(43)) - raft.server.rpc.timeout.max = 5200ms (custom)
2019-09-25 04:50:33,324 [pool-67-thread-1] INFO  server.RaftServerConfigKeys (ConfUtils.java:logGet(43)) - raft.server.rpcslowness.timeout = 120s (custom)
2019-09-25 04:50:33,324 [pool-67-thread-1] INFO  server.RaftServerConfigKeys (ConfUtils.java:logGet(43)) - raft.server.sleep.deviation.threshold = 300 (default)
2019-09-25 04:50:33,324 [pool-67-thread-1] INFO  server.RaftServerConfigKeys (ConfUtils.java:logGet(43)) - raft.server.log.appender.install.snapshot.enabled = false (custom)
2019-09-25 04:50:33,325 [pool-67-thread-1] INFO  impl.RaftServerImpl (ServerState.java:<init>(103)) - aabdae46-dcfa-45e6-b665-2c47bb305ebb@group-7079C96F35A2: ConfigurationManager, init=-1: [aabdae46-dcfa-45e6-b665-2c47bb305ebb:192.168.151.106:41436], old=null, confs=<EMPTY_MAP>
2019-09-25 04:50:33,325 [pool-67-thread-1] INFO  server.RaftServerConfigKeys (ConfUtils.java:logGet(43)) - raft.server.storage.dir = [/workdir/hadoop-ozone/integration-test/target/test-dir/MiniOzoneClusterImpl-72f6cbb0-c919-4300-9939-20ef1cbf0e73/datanode-4/data/ratis] (custom)
2019-09-25 04:50:33,325 [pool-67-thread-1] INFO  storage.RaftStorageDirectory (RaftStorageDirectory.java:analyzeStorage(246)) - The storage directory /workdir/hadoop-ozone/integration-test/target/test-dir/MiniOzoneClusterImpl-72f6cbb0-c919-4300-9939-20ef1cbf0e73/datanode-4/data/ratis/fe93d3da-9978-4f95-b13f-7079c96f35a2 does not exist. Creating ...
2019-09-25 04:50:33,329 [pool-67-thread-1] INFO  storage.RaftStorageDirectory (RaftStorageDirectory.java:tryLock(328)) - Lock on /workdir/hadoop-ozone/integration-test/target/test-dir/MiniOzoneClusterImpl-72f6cbb0-c919-4300-9939-20ef1cbf0e73/datanode-4/data/ratis/fe93d3da-9978-4f95-b13f-7079c96f35a2/in_use.lock acquired by nodename 13648@pr-hdds-1569-x2sr2-3486766547
2019-09-25 04:50:33,364 [c35819d4-86f4-4223-a458-676070fe0cbb@group-7FB6C9EFFD89-SegmentedRaftLogWorker] INFO  segmented.SegmentedRaftLogWorker (SegmentedRaftLogWorker.java:execute(569)) - c35819d4-86f4-4223-a458-676070fe0cbb@group-7FB6C9EFFD89-SegmentedRaftLogWorker: created new log segment /workdir/hadoop-ozone/integration-test/target/test-dir/MiniOzoneClusterImpl-72f6cbb0-c919-4300-9939-20ef1cbf0e73/datanode-0/data/ratis/fa0810db-79c7-46fd-a572-7fb6c9effd89/current/log_inprogress_0
2019-09-25 04:50:33,365 [pool-67-thread-1] INFO  storage.RaftStorage (RaftStorage.java:format(72)) - Storage directory /workdir/hadoop-ozone/integration-test/target/test-dir/MiniOzoneClusterImpl-72f6cbb0-c919-4300-9939-20ef1cbf0e73/datanode-4/data/ratis/fe93d3da-9978-4f95-b13f-7079c96f35a2 has been successfully formatted.
2019-09-25 04:50:33,364 [a167ab1f-c96d-409e-bb26-ea230783d833@group-73F678C78334-SegmentedRaftLogWorker] INFO  segmented.SegmentedRaftLogWorker (SegmentedRaftLogWorker.java:execute(569)) - a167ab1f-c96d-409e-bb26-ea230783d833@group-73F678C78334-SegmentedRaftLogWorker: created new log segment /workdir/hadoop-ozone/integration-test/target/test-dir/MiniOzoneClusterImpl-72f6cbb0-c919-4300-9939-20ef1cbf0e73/datanode-2/data/ratis/a1c1b742-dc9e-4b3f-9e82-73f678c78334/current/log_inprogress_0
2019-09-25 04:50:33,365 [pool-67-thread-1] INFO  ratis.ContainerStateMachine (ContainerStateMachine.java:loadSnapshot(230)) - group-7079C96F35A2: The snapshot info is null. Setting the last applied indexto:(t:0, i:~)
2019-09-25 04:50:33,365 [pool-67-thread-1] INFO  server.RaftServerConfigKeys (ConfUtils.java:logGet(43)) - raft.server.notification.no-leader.timeout = 120s (custom)
2019-09-25 04:50:33,365 [pool-67-thread-1] INFO  server.RaftServerConfigKeys (ConfUtils.java:logGet(43)) - raft.server.log.use.memory = false (default)
2019-09-25 04:50:33,366 [pool-67-thread-1] INFO  server.RaftServerConfigKeys (ConfUtils.java:logGet(43)) - raft.server.log.purge.gap = 1000000 (custom)
2019-09-25 04:50:33,366 [pool-67-thread-1] INFO  server.RaftServerConfigKeys (ConfUtils.java:logGet(43)) - raft.server.log.appender.buffer.byte-limit = 33554432 (custom)
2019-09-25 04:50:33,366 [pool-67-thread-1] INFO  server.RaftServerConfigKeys (ConfUtils.java:logGet(43)) - raft.server.log.segment.size.max = 1048576 (custom)
2019-09-25 04:50:33,366 [pool-67-thread-1] INFO  server.RaftServerConfigKeys (ConfUtils.java:logGet(43)) - raft.server.log.segment.cache.num.max = 2 (custom)
2019-09-25 04:50:33,366 [pool-67-thread-1] INFO  segmented.SegmentedRaftLogWorker (SegmentedRaftLogWorker.java:<init>(172)) - new aabdae46-dcfa-45e6-b665-2c47bb305ebb@group-7079C96F35A2-SegmentedRaftLogWorker for RaftStorage:Storage Directory /workdir/hadoop-ozone/integration-test/target/test-dir/MiniOzoneClusterImpl-72f6cbb0-c919-4300-9939-20ef1cbf0e73/datanode-4/data/ratis/fe93d3da-9978-4f95-b13f-7079c96f35a2
2019-09-25 04:50:33,366 [pool-67-thread-1] INFO  server.RaftServerConfigKeys (ConfUtils.java:logGet(43)) - raft.server.log.queue.byte-limit = 2147483647 (custom)
2019-09-25 04:50:33,367 [pool-67-thread-1] INFO  server.RaftServerConfigKeys (ConfUtils.java:logGet(43)) - raft.server.log.queue.element-limit = 1024 (custom)
2019-09-25 04:50:33,367 [pool-67-thread-1] INFO  server.RaftServerConfigKeys (ConfUtils.java:logGet(43)) - raft.server.log.segment.size.max = 1048576 (custom)
2019-09-25 04:50:33,367 [pool-67-thread-1] INFO  server.RaftServerConfigKeys (ConfUtils.java:logGet(43)) - raft.server.log.preallocated.size = 16384 (custom)
2019-09-25 04:50:33,367 [pool-67-thread-1] INFO  server.RaftServerConfigKeys (ConfUtils.java:logGet(43)) - raft.server.log.write.buffer.size = 33554432 (custom)
2019-09-25 04:50:33,367 [pool-67-thread-1] INFO  server.RaftServerConfigKeys (ConfUtils.java:logGet(43)) - raft.server.log.force.sync.num = 128 (default)
2019-09-25 04:50:33,367 [pool-67-thread-1] INFO  server.RaftServerConfigKeys (ConfUtils.java:logGet(43)) - raft.server.log.statemachine.data.sync = true (default)
2019-09-25 04:50:33,368 [pool-67-thread-1] INFO  server.RaftServerConfigKeys (ConfUtils.java:logGet(43)) - raft.server.log.statemachine.data.sync.timeout = 10s (default)
2019-09-25 04:50:33,368 [pool-67-thread-1] INFO  server.RaftServerConfigKeys (ConfUtils.java:logGet(43)) - raft.server.log.statemachine.data.sync.timeout.retry = -1 (default)
2019-09-25 04:50:33,368 [pool-67-thread-1] INFO  server.RaftServerConfigKeys (ConfUtils.java:logGet(43)) - raft.server.log.statemachine.data.caching.enabled = true (custom)
2019-09-25 04:50:33,368 [pool-67-thread-1] INFO  segmented.SegmentedRaftLogWorker (SegmentedRaftLogWorker.java:lambda$new$0(132)) - aabdae46-dcfa-45e6-b665-2c47bb305ebb@group-7079C96F35A2-SegmentedRaftLogWorker: flushIndex: setUnconditionally 0 -> -1
2019-09-25 04:50:33,369 [pool-67-thread-1] INFO  server.RaftServerConfigKeys (ConfUtils.java:logGet(43)) - raft.server.snapshot.auto.trigger.enabled = true (custom)
2019-09-25 04:50:33,369 [pool-67-thread-1] INFO  server.RaftServerConfigKeys (ConfUtils.java:logGet(43)) - raft.server.snapshot.auto.trigger.threshold = 10000 (custom)
2019-09-25 04:50:33,369 [pool-67-thread-1] INFO  server.RaftServerConfigKeys (ConfUtils.java:logGet(43)) - raft.server.snapshot.retention.num.files = 5 (custom)
2019-09-25 04:50:33,369 [pool-67-thread-1] INFO  server.RaftServerConfigKeys (ConfUtils.java:logGet(43)) - raft.server.retrycache.expirytime = 600000ms (custom)
2019-09-25 04:50:33,372 [pool-67-thread-1] INFO  impl.RaftServerImpl (RaftServerImpl.java:start(185)) - aabdae46-dcfa-45e6-b665-2c47bb305ebb@group-7079C96F35A2: start as a follower, conf=-1: [aabdae46-dcfa-45e6-b665-2c47bb305ebb:192.168.151.106:41436], old=null
2019-09-25 04:50:33,372 [pool-67-thread-1] INFO  impl.RaftServerImpl (RaftServerImpl.java:setRole(174)) - aabdae46-dcfa-45e6-b665-2c47bb305ebb@group-7079C96F35A2: changes role from      null to FOLLOWER at term 0 for startAsFollower
2019-09-25 04:50:33,372 [pool-67-thread-1] INFO  impl.RoleInfo (RoleInfo.java:updateAndGet(143)) - aabdae46-dcfa-45e6-b665-2c47bb305ebb: start FollowerState
2019-09-25 04:50:33,372 [pool-67-thread-1] INFO  util.JmxRegister (JmxRegister.java:tryRegister(44)) - Successfully registered JMX Bean with object name Ratis:service=RaftServer,group=group-7079C96F35A2,id=aabdae46-dcfa-45e6-b665-2c47bb305ebb
2019-09-25 04:50:33,376 [RatisPipelineUtilsThread] INFO  pipeline.PipelineStateManager (PipelineStateManager.java:addPipeline(56)) - Created pipeline Pipeline[ Id: fe93d3da-9978-4f95-b13f-7079c96f35a2, Nodes: aabdae46-dcfa-45e6-b665-2c47bb305ebb{ip: 192.168.151.106, host: pr-hdds-1569-x2sr2-3486766547, networkLocation: /default-rack, certSerialId: null}, Type:RATIS, Factor:ONE, State:OPEN]
2019-09-25 04:50:33,383 [grpc-default-executor-0] INFO  impl.RaftServerProxy (RaftServerProxy.java:addNew(89)) - 45f1801e-7cfd-420a-bb39-98f19dcc81c3: addNew group-3D3220A443A3:[45f1801e-7cfd-420a-bb39-98f19dcc81c3:192.168.151.106:38437] returns group-3D3220A443A3:java.util.concurrent.CompletableFuture@4d0d874e[Not completed]
2019-09-25 04:50:33,384 [pool-87-thread-1] INFO  impl.RaftServerImpl (RaftServerImpl.java:<init>(95)) - 45f1801e-7cfd-420a-bb39-98f19dcc81c3: new RaftServerImpl for group-3D3220A443A3:[45f1801e-7cfd-420a-bb39-98f19dcc81c3:192.168.151.106:38437] with ContainerStateMachine:uninitialized
2019-09-25 04:50:33,384 [pool-87-thread-1] INFO  server.RaftServerConfigKeys (ConfUtils.java:logGet(43)) - raft.server.rpc.timeout.min = 5s (custom)
2019-09-25 04:50:33,384 [pool-87-thread-1] INFO  server.RaftServerConfigKeys (ConfUtils.java:logGet(43)) - raft.server.rpc.timeout.max = 5200ms (custom)
2019-09-25 04:50:33,385 [pool-87-thread-1] INFO  server.RaftServerConfigKeys (ConfUtils.java:logGet(43)) - raft.server.rpcslowness.timeout = 120s (custom)
2019-09-25 04:50:33,385 [pool-87-thread-1] INFO  server.RaftServerConfigKeys (ConfUtils.java:logGet(43)) - raft.server.sleep.deviation.threshold = 300 (default)
2019-09-25 04:50:33,385 [pool-87-thread-1] INFO  server.RaftServerConfigKeys (ConfUtils.java:logGet(43)) - raft.server.log.appender.install.snapshot.enabled = false (custom)
2019-09-25 04:50:33,385 [pool-87-thread-1] INFO  impl.RaftServerImpl (ServerState.java:<init>(103)) - 45f1801e-7cfd-420a-bb39-98f19dcc81c3@group-3D3220A443A3: ConfigurationManager, init=-1: [45f1801e-7cfd-420a-bb39-98f19dcc81c3:192.168.151.106:38437], old=null, confs=<EMPTY_MAP>
2019-09-25 04:50:33,385 [pool-87-thread-1] INFO  server.RaftServerConfigKeys (ConfUtils.java:logGet(43)) - raft.server.storage.dir = [/workdir/hadoop-ozone/integration-test/target/test-dir/MiniOzoneClusterImpl-72f6cbb0-c919-4300-9939-20ef1cbf0e73/datanode-6/data/ratis] (custom)
2019-09-25 04:50:33,386 [pool-87-thread-1] INFO  storage.RaftStorageDirectory (RaftStorageDirectory.java:analyzeStorage(246)) - The storage directory /workdir/hadoop-ozone/integration-test/target/test-dir/MiniOzoneClusterImpl-72f6cbb0-c919-4300-9939-20ef1cbf0e73/datanode-6/data/ratis/f23f57ab-c5c3-4033-bee2-3d3220a443a3 does not exist. Creating ...
2019-09-25 04:50:33,386 [Thread-376] INFO  impl.FollowerState (FollowerState.java:run(106)) - b40ef231-6505-402b-ae57-fc0dc67cbbe8:group-D0D94D80CF3E changes to CANDIDATE, lastRpcTime:5180, electionTimeout:5180ms
2019-09-25 04:50:33,386 [Thread-376] INFO  impl.RoleInfo (RoleInfo.java:shutdownFollowerState(121)) - b40ef231-6505-402b-ae57-fc0dc67cbbe8: shutdown FollowerState
2019-09-25 04:50:33,386 [Thread-376] INFO  impl.RaftServerImpl (RaftServerImpl.java:setRole(174)) - b40ef231-6505-402b-ae57-fc0dc67cbbe8@group-D0D94D80CF3E: changes role from  FOLLOWER to CANDIDATE at term 0 for changeToCandidate
2019-09-25 04:50:33,386 [Thread-376] INFO  impl.RoleInfo (RoleInfo.java:updateAndGet(143)) - b40ef231-6505-402b-ae57-fc0dc67cbbe8: start LeaderElection
2019-09-25 04:50:33,413 [pool-87-thread-1] INFO  storage.RaftStorageDirectory (RaftStorageDirectory.java:tryLock(328)) - Lock on /workdir/hadoop-ozone/integration-test/target/test-dir/MiniOzoneClusterImpl-72f6cbb0-c919-4300-9939-20ef1cbf0e73/datanode-6/data/ratis/f23f57ab-c5c3-4033-bee2-3d3220a443a3/in_use.lock acquired by nodename 13648@pr-hdds-1569-x2sr2-3486766547
2019-09-25 04:50:33,413 [b40ef231-6505-402b-ae57-fc0dc67cbbe8@group-D0D94D80CF3E:LeaderElection45] INFO  impl.LeaderElection (LeaderElection.java:askForVotes(182)) - b40ef231-6505-402b-ae57-fc0dc67cbbe8@group-D0D94D80CF3E:LeaderElection45: begin an election at term 1 for -1: [b40ef231-6505-402b-ae57-fc0dc67cbbe8:192.168.151.106:41861], old=null
2019-09-25 04:50:33,414 [b40ef231-6505-402b-ae57-fc0dc67cbbe8@group-D0D94D80CF3E:LeaderElection45] INFO  impl.RoleInfo (RoleInfo.java:shutdownLeaderElection(134)) - b40ef231-6505-402b-ae57-fc0dc67cbbe8: shutdown LeaderElection
2019-09-25 04:50:33,414 [b40ef231-6505-402b-ae57-fc0dc67cbbe8@group-D0D94D80CF3E:LeaderElection45] INFO  impl.RaftServerImpl (RaftServerImpl.java:setRole(174)) - b40ef231-6505-402b-ae57-fc0dc67cbbe8@group-D0D94D80CF3E: changes role from CANDIDATE to LEADER at term 1 for changeToLeader
2019-09-25 04:50:33,414 [b40ef231-6505-402b-ae57-fc0dc67cbbe8@group-D0D94D80CF3E:LeaderElection45] INFO  impl.RaftServerImpl (ServerState.java:setLeader(253)) - b40ef231-6505-402b-ae57-fc0dc67cbbe8@group-D0D94D80CF3E: change Leader from null to b40ef231-6505-402b-ae57-fc0dc67cbbe8 at term 1 for becomeLeader, leader elected after 5216ms
2019-09-25 04:50:33,414 [b40ef231-6505-402b-ae57-fc0dc67cbbe8@group-D0D94D80CF3E:LeaderElection45] INFO  server.RaftServerConfigKeys (ConfUtils.java:logGet(43)) - raft.server.staging.catchup.gap = 1000 (default)
2019-09-25 04:50:33,414 [b40ef231-6505-402b-ae57-fc0dc67cbbe8@group-D0D94D80CF3E:LeaderElection45] INFO  server.RaftServerConfigKeys (ConfUtils.java:logGet(43)) - raft.server.rpc.sleep.time = 25ms (default)
2019-09-25 04:50:33,415 [b40ef231-6505-402b-ae57-fc0dc67cbbe8@group-D0D94D80CF3E:LeaderElection45] INFO  server.RaftServerConfigKeys (ConfUtils.java:logGet(43)) - raft.server.write.element-limit = 4096 (default)
2019-09-25 04:50:33,415 [b40ef231-6505-402b-ae57-fc0dc67cbbe8@group-D0D94D80CF3E:LeaderElection45] INFO  server.RaftServerConfigKeys (ConfUtils.java:logGet(43)) - raft.server.watch.timeout = 10s (default)
2019-09-25 04:50:33,415 [b40ef231-6505-402b-ae57-fc0dc67cbbe8@group-D0D94D80CF3E:LeaderElection45] INFO  server.RaftServerConfigKeys (ConfUtils.java:logGet(43)) - raft.server.watch.timeout.denomination = 1s (default)
2019-09-25 04:50:33,415 [b40ef231-6505-402b-ae57-fc0dc67cbbe8@group-D0D94D80CF3E:LeaderElection45] INFO  server.RaftServerConfigKeys (ConfUtils.java:logGet(43)) - raft.server.watch.element-limit = 65536 (default)
2019-09-25 04:50:33,417 [b40ef231-6505-402b-ae57-fc0dc67cbbe8@group-D0D94D80CF3E:LeaderElection45] INFO  impl.RoleInfo (RoleInfo.java:updateAndGet(143)) - b40ef231-6505-402b-ae57-fc0dc67cbbe8: start LeaderState
2019-09-25 04:50:33,417 [b40ef231-6505-402b-ae57-fc0dc67cbbe8@group-D0D94D80CF3E:LeaderElection45] INFO  segmented.SegmentedRaftLogWorker (SegmentedRaftLogWorker.java:startLogSegment(380)) - b40ef231-6505-402b-ae57-fc0dc67cbbe8@group-D0D94D80CF3E-SegmentedRaftLogWorker: Starting segment from index:0
2019-09-25 04:50:33,418 [b40ef231-6505-402b-ae57-fc0dc67cbbe8@group-D0D94D80CF3E:LeaderElection45] INFO  impl.RaftServerImpl (ServerState.java:setRaftConf(354)) - b40ef231-6505-402b-ae57-fc0dc67cbbe8@group-D0D94D80CF3E: set configuration 0: [b40ef231-6505-402b-ae57-fc0dc67cbbe8:192.168.151.106:41861], old=null at 0
2019-09-25 04:50:33,439 [pool-87-thread-1] INFO  storage.RaftStorage (RaftStorage.java:format(72)) - Storage directory /workdir/hadoop-ozone/integration-test/target/test-dir/MiniOzoneClusterImpl-72f6cbb0-c919-4300-9939-20ef1cbf0e73/datanode-6/data/ratis/f23f57ab-c5c3-4033-bee2-3d3220a443a3 has been successfully formatted.
2019-09-25 04:50:33,440 [pool-87-thread-1] INFO  ratis.ContainerStateMachine (ContainerStateMachine.java:loadSnapshot(230)) - group-3D3220A443A3: The snapshot info is null. Setting the last applied indexto:(t:0, i:~)
2019-09-25 04:50:33,440 [pool-87-thread-1] INFO  server.RaftServerConfigKeys (ConfUtils.java:logGet(43)) - raft.server.notification.no-leader.timeout = 120s (custom)
2019-09-25 04:50:33,440 [pool-87-thread-1] INFO  server.RaftServerConfigKeys (ConfUtils.java:logGet(43)) - raft.server.log.use.memory = false (default)
2019-09-25 04:50:33,440 [pool-87-thread-1] INFO  server.RaftServerConfigKeys (ConfUtils.java:logGet(43)) - raft.server.log.purge.gap = 1000000 (custom)
2019-09-25 04:50:33,440 [pool-87-thread-1] INFO  server.RaftServerConfigKeys (ConfUtils.java:logGet(43)) - raft.server.log.appender.buffer.byte-limit = 33554432 (custom)
2019-09-25 04:50:33,441 [pool-87-thread-1] INFO  server.RaftServerConfigKeys (ConfUtils.java:logGet(43)) - raft.server.log.segment.size.max = 1048576 (custom)
2019-09-25 04:50:33,441 [pool-87-thread-1] INFO  server.RaftServerConfigKeys (ConfUtils.java:logGet(43)) - raft.server.log.segment.cache.num.max = 2 (custom)
2019-09-25 04:50:33,441 [pool-87-thread-1] INFO  segmented.SegmentedRaftLogWorker (SegmentedRaftLogWorker.java:<init>(172)) - new 45f1801e-7cfd-420a-bb39-98f19dcc81c3@group-3D3220A443A3-SegmentedRaftLogWorker for RaftStorage:Storage Directory /workdir/hadoop-ozone/integration-test/target/test-dir/MiniOzoneClusterImpl-72f6cbb0-c919-4300-9939-20ef1cbf0e73/datanode-6/data/ratis/f23f57ab-c5c3-4033-bee2-3d3220a443a3
2019-09-25 04:50:33,441 [pool-87-thread-1] INFO  server.RaftServerConfigKeys (ConfUtils.java:logGet(43)) - raft.server.log.queue.byte-limit = 2147483647 (custom)
2019-09-25 04:50:33,441 [pool-87-thread-1] INFO  server.RaftServerConfigKeys (ConfUtils.java:logGet(43)) - raft.server.log.queue.element-limit = 1024 (custom)
2019-09-25 04:50:33,441 [pool-87-thread-1] INFO  server.RaftServerConfigKeys (ConfUtils.java:logGet(43)) - raft.server.log.segment.size.max = 1048576 (custom)
2019-09-25 04:50:33,442 [pool-87-thread-1] INFO  server.RaftServerConfigKeys (ConfUtils.java:logGet(43)) - raft.server.log.preallocated.size = 16384 (custom)
2019-09-25 04:50:33,442 [pool-87-thread-1] INFO  server.RaftServerConfigKeys (ConfUtils.java:logGet(43)) - raft.server.log.write.buffer.size = 33554432 (custom)
2019-09-25 04:50:33,442 [pool-87-thread-1] INFO  server.RaftServerConfigKeys (ConfUtils.java:logGet(43)) - raft.server.log.force.sync.num = 128 (default)
2019-09-25 04:50:33,442 [pool-87-thread-1] INFO  server.RaftServerConfigKeys (ConfUtils.java:logGet(43)) - raft.server.log.statemachine.data.sync = true (default)
2019-09-25 04:50:33,442 [pool-87-thread-1] INFO  server.RaftServerConfigKeys (ConfUtils.java:logGet(43)) - raft.server.log.statemachine.data.sync.timeout = 10s (default)
2019-09-25 04:50:33,442 [pool-87-thread-1] INFO  server.RaftServerConfigKeys (ConfUtils.java:logGet(43)) - raft.server.log.statemachine.data.sync.timeout.retry = -1 (default)
2019-09-25 04:50:33,443 [pool-87-thread-1] INFO  server.RaftServerConfigKeys (ConfUtils.java:logGet(43)) - raft.server.log.statemachine.data.caching.enabled = true (custom)
2019-09-25 04:50:33,443 [pool-87-thread-1] INFO  segmented.SegmentedRaftLogWorker (SegmentedRaftLogWorker.java:lambda$new$0(132)) - 45f1801e-7cfd-420a-bb39-98f19dcc81c3@group-3D3220A443A3-SegmentedRaftLogWorker: flushIndex: setUnconditionally 0 -> -1
2019-09-25 04:50:33,443 [pool-87-thread-1] INFO  server.RaftServerConfigKeys (ConfUtils.java:logGet(43)) - raft.server.snapshot.auto.trigger.enabled = true (custom)
2019-09-25 04:50:33,444 [pool-87-thread-1] INFO  server.RaftServerConfigKeys (ConfUtils.java:logGet(43)) - raft.server.snapshot.auto.trigger.threshold = 10000 (custom)
2019-09-25 04:50:33,444 [pool-87-thread-1] INFO  server.RaftServerConfigKeys (ConfUtils.java:logGet(43)) - raft.server.snapshot.retention.num.files = 5 (custom)
2019-09-25 04:50:33,444 [pool-87-thread-1] INFO  server.RaftServerConfigKeys (ConfUtils.java:logGet(43)) - raft.server.retrycache.expirytime = 600000ms (custom)
2019-09-25 04:50:33,446 [pool-87-thread-1] INFO  impl.RaftServerImpl (RaftServerImpl.java:start(185)) - 45f1801e-7cfd-420a-bb39-98f19dcc81c3@group-3D3220A443A3: start as a follower, conf=-1: [45f1801e-7cfd-420a-bb39-98f19dcc81c3:192.168.151.106:38437], old=null
2019-09-25 04:50:33,446 [pool-87-thread-1] INFO  impl.RaftServerImpl (RaftServerImpl.java:setRole(174)) - 45f1801e-7cfd-420a-bb39-98f19dcc81c3@group-3D3220A443A3: changes role from      null to FOLLOWER at term 0 for startAsFollower
2019-09-25 04:50:33,447 [pool-87-thread-1] INFO  impl.RoleInfo (RoleInfo.java:updateAndGet(143)) - 45f1801e-7cfd-420a-bb39-98f19dcc81c3: start FollowerState
2019-09-25 04:50:33,447 [pool-87-thread-1] INFO  util.JmxRegister (JmxRegister.java:tryRegister(44)) - Successfully registered JMX Bean with object name Ratis:service=RaftServer,group=group-3D3220A443A3,id=45f1801e-7cfd-420a-bb39-98f19dcc81c3
2019-09-25 04:50:33,451 [RatisPipelineUtilsThread] INFO  pipeline.PipelineStateManager (PipelineStateManager.java:addPipeline(56)) - Created pipeline Pipeline[ Id: f23f57ab-c5c3-4033-bee2-3d3220a443a3, Nodes: 45f1801e-7cfd-420a-bb39-98f19dcc81c3{ip: 192.168.151.106, host: pr-hdds-1569-x2sr2-3486766547, networkLocation: /default-rack, certSerialId: null}, Type:RATIS, Factor:ONE, State:OPEN]
2019-09-25 04:50:33,458 [grpc-default-executor-0] INFO  impl.RaftServerProxy (RaftServerProxy.java:addNew(89)) - 9216b865-ce6b-4fb7-bc99-65479a86b6eb: addNew group-5F165A531ED8:[9216b865-ce6b-4fb7-bc99-65479a86b6eb:192.168.151.106:43252] returns group-5F165A531ED8:java.util.concurrent.CompletableFuture@5a252fff[Not completed]
2019-09-25 04:50:33,459 [pool-77-thread-1] INFO  impl.RaftServerImpl (RaftServerImpl.java:<init>(95)) - 9216b865-ce6b-4fb7-bc99-65479a86b6eb: new RaftServerImpl for group-5F165A531ED8:[9216b865-ce6b-4fb7-bc99-65479a86b6eb:192.168.151.106:43252] with ContainerStateMachine:uninitialized
2019-09-25 04:50:33,459 [pool-77-thread-1] INFO  server.RaftServerConfigKeys (ConfUtils.java:logGet(43)) - raft.server.rpc.timeout.min = 5s (custom)
2019-09-25 04:50:33,460 [pool-77-thread-1] INFO  server.RaftServerConfigKeys (ConfUtils.java:logGet(43)) - raft.server.rpc.timeout.max = 5200ms (custom)
2019-09-25 04:50:33,460 [pool-77-thread-1] INFO  server.RaftServerConfigKeys (ConfUtils.java:logGet(43)) - raft.server.rpcslowness.timeout = 120s (custom)
2019-09-25 04:50:33,460 [pool-77-thread-1] INFO  server.RaftServerConfigKeys (ConfUtils.java:logGet(43)) - raft.server.sleep.deviation.threshold = 300 (default)
2019-09-25 04:50:33,460 [pool-77-thread-1] INFO  server.RaftServerConfigKeys (ConfUtils.java:logGet(43)) - raft.server.log.appender.install.snapshot.enabled = false (custom)
2019-09-25 04:50:33,460 [pool-77-thread-1] INFO  impl.RaftServerImpl (ServerState.java:<init>(103)) - 9216b865-ce6b-4fb7-bc99-65479a86b6eb@group-5F165A531ED8: ConfigurationManager, init=-1: [9216b865-ce6b-4fb7-bc99-65479a86b6eb:192.168.151.106:43252], old=null, confs=<EMPTY_MAP>
2019-09-25 04:50:33,460 [pool-77-thread-1] INFO  server.RaftServerConfigKeys (ConfUtils.java:logGet(43)) - raft.server.storage.dir = [/workdir/hadoop-ozone/integration-test/target/test-dir/MiniOzoneClusterImpl-72f6cbb0-c919-4300-9939-20ef1cbf0e73/datanode-5/data/ratis] (custom)
2019-09-25 04:50:33,461 [pool-77-thread-1] INFO  storage.RaftStorageDirectory (RaftStorageDirectory.java:analyzeStorage(246)) - The storage directory /workdir/hadoop-ozone/integration-test/target/test-dir/MiniOzoneClusterImpl-72f6cbb0-c919-4300-9939-20ef1cbf0e73/datanode-5/data/ratis/7e72955a-90c9-4f4f-a538-5f165a531ed8 does not exist. Creating ...
2019-09-25 04:50:33,482 [pool-77-thread-1] INFO  storage.RaftStorageDirectory (RaftStorageDirectory.java:tryLock(328)) - Lock on /workdir/hadoop-ozone/integration-test/target/test-dir/MiniOzoneClusterImpl-72f6cbb0-c919-4300-9939-20ef1cbf0e73/datanode-5/data/ratis/7e72955a-90c9-4f4f-a538-5f165a531ed8/in_use.lock acquired by nodename 13648@pr-hdds-1569-x2sr2-3486766547
2019-09-25 04:50:33,482 [b40ef231-6505-402b-ae57-fc0dc67cbbe8@group-D0D94D80CF3E-SegmentedRaftLogWorker] INFO  segmented.SegmentedRaftLogWorker (SegmentedRaftLogWorker.java:execute(569)) - b40ef231-6505-402b-ae57-fc0dc67cbbe8@group-D0D94D80CF3E-SegmentedRaftLogWorker: created new log segment /workdir/hadoop-ozone/integration-test/target/test-dir/MiniOzoneClusterImpl-72f6cbb0-c919-4300-9939-20ef1cbf0e73/datanode-1/data/ratis/2299775e-5bfc-45aa-9930-d0d94d80cf3e/current/log_inprogress_0
2019-09-25 04:50:33,495 [pool-77-thread-1] INFO  storage.RaftStorage (RaftStorage.java:format(72)) - Storage directory /workdir/hadoop-ozone/integration-test/target/test-dir/MiniOzoneClusterImpl-72f6cbb0-c919-4300-9939-20ef1cbf0e73/datanode-5/data/ratis/7e72955a-90c9-4f4f-a538-5f165a531ed8 has been successfully formatted.
2019-09-25 04:50:33,496 [pool-77-thread-1] INFO  ratis.ContainerStateMachine (ContainerStateMachine.java:loadSnapshot(230)) - group-5F165A531ED8: The snapshot info is null. Setting the last applied indexto:(t:0, i:~)
2019-09-25 04:50:33,496 [pool-77-thread-1] INFO  server.RaftServerConfigKeys (ConfUtils.java:logGet(43)) - raft.server.notification.no-leader.timeout = 120s (custom)
2019-09-25 04:50:33,496 [pool-77-thread-1] INFO  server.RaftServerConfigKeys (ConfUtils.java:logGet(43)) - raft.server.log.use.memory = false (default)
2019-09-25 04:50:33,496 [pool-77-thread-1] INFO  server.RaftServerConfigKeys (ConfUtils.java:logGet(43)) - raft.server.log.purge.gap = 1000000 (custom)
2019-09-25 04:50:33,496 [pool-77-thread-1] INFO  server.RaftServerConfigKeys (ConfUtils.java:logGet(43)) - raft.server.log.appender.buffer.byte-limit = 33554432 (custom)
2019-09-25 04:50:33,496 [pool-77-thread-1] INFO  server.RaftServerConfigKeys (ConfUtils.java:logGet(43)) - raft.server.log.segment.size.max = 1048576 (custom)
2019-09-25 04:50:33,497 [pool-77-thread-1] INFO  server.RaftServerConfigKeys (ConfUtils.java:logGet(43)) - raft.server.log.segment.cache.num.max = 2 (custom)
2019-09-25 04:50:33,497 [pool-77-thread-1] INFO  segmented.SegmentedRaftLogWorker (SegmentedRaftLogWorker.java:<init>(172)) - new 9216b865-ce6b-4fb7-bc99-65479a86b6eb@group-5F165A531ED8-SegmentedRaftLogWorker for RaftStorage:Storage Directory /workdir/hadoop-ozone/integration-test/target/test-dir/MiniOzoneClusterImpl-72f6cbb0-c919-4300-9939-20ef1cbf0e73/datanode-5/data/ratis/7e72955a-90c9-4f4f-a538-5f165a531ed8
2019-09-25 04:50:33,497 [pool-77-thread-1] INFO  server.RaftServerConfigKeys (ConfUtils.java:logGet(43)) - raft.server.log.queue.byte-limit = 2147483647 (custom)
2019-09-25 04:50:33,497 [pool-77-thread-1] INFO  server.RaftServerConfigKeys (ConfUtils.java:logGet(43)) - raft.server.log.queue.element-limit = 1024 (custom)
2019-09-25 04:50:33,497 [pool-77-thread-1] INFO  server.RaftServerConfigKeys (ConfUtils.java:logGet(43)) - raft.server.log.segment.size.max = 1048576 (custom)
2019-09-25 04:50:33,497 [pool-77-thread-1] INFO  server.RaftServerConfigKeys (ConfUtils.java:logGet(43)) - raft.server.log.preallocated.size = 16384 (custom)
2019-09-25 04:50:33,497 [pool-77-thread-1] INFO  server.RaftServerConfigKeys (ConfUtils.java:logGet(43)) - raft.server.log.write.buffer.size = 33554432 (custom)
2019-09-25 04:50:33,497 [pool-77-thread-1] INFO  server.RaftServerConfigKeys (ConfUtils.java:logGet(43)) - raft.server.log.force.sync.num = 128 (default)
2019-09-25 04:50:33,498 [pool-77-thread-1] INFO  server.RaftServerConfigKeys (ConfUtils.java:logGet(43)) - raft.server.log.statemachine.data.sync = true (default)
2019-09-25 04:50:33,498 [pool-77-thread-1] INFO  server.RaftServerConfigKeys (ConfUtils.java:logGet(43)) - raft.server.log.statemachine.data.sync.timeout = 10s (default)
2019-09-25 04:50:33,498 [pool-77-thread-1] INFO  server.RaftServerConfigKeys (ConfUtils.java:logGet(43)) - raft.server.log.statemachine.data.sync.timeout.retry = -1 (default)
2019-09-25 04:50:33,498 [pool-77-thread-1] INFO  server.RaftServerConfigKeys (ConfUtils.java:logGet(43)) - raft.server.log.statemachine.data.caching.enabled = true (custom)
2019-09-25 04:50:33,498 [pool-77-thread-1] INFO  segmented.SegmentedRaftLogWorker (SegmentedRaftLogWorker.java:lambda$new$0(132)) - 9216b865-ce6b-4fb7-bc99-65479a86b6eb@group-5F165A531ED8-SegmentedRaftLogWorker: flushIndex: setUnconditionally 0 -> -1
2019-09-25 04:50:33,499 [pool-77-thread-1] INFO  server.RaftServerConfigKeys (ConfUtils.java:logGet(43)) - raft.server.snapshot.auto.trigger.enabled = true (custom)
2019-09-25 04:50:33,499 [pool-77-thread-1] INFO  server.RaftServerConfigKeys (ConfUtils.java:logGet(43)) - raft.server.snapshot.auto.trigger.threshold = 10000 (custom)
2019-09-25 04:50:33,499 [pool-77-thread-1] INFO  server.RaftServerConfigKeys (ConfUtils.java:logGet(43)) - raft.server.snapshot.retention.num.files = 5 (custom)
2019-09-25 04:50:33,499 [pool-77-thread-1] INFO  server.RaftServerConfigKeys (ConfUtils.java:logGet(43)) - raft.server.retrycache.expirytime = 600000ms (custom)
2019-09-25 04:50:33,501 [pool-77-thread-1] INFO  impl.RaftServerImpl (RaftServerImpl.java:start(185)) - 9216b865-ce6b-4fb7-bc99-65479a86b6eb@group-5F165A531ED8: start as a follower, conf=-1: [9216b865-ce6b-4fb7-bc99-65479a86b6eb:192.168.151.106:43252], old=null
2019-09-25 04:50:33,501 [pool-77-thread-1] INFO  impl.RaftServerImpl (RaftServerImpl.java:setRole(174)) - 9216b865-ce6b-4fb7-bc99-65479a86b6eb@group-5F165A531ED8: changes role from      null to FOLLOWER at term 0 for startAsFollower
2019-09-25 04:50:33,502 [pool-77-thread-1] INFO  impl.RoleInfo (RoleInfo.java:updateAndGet(143)) - 9216b865-ce6b-4fb7-bc99-65479a86b6eb: start FollowerState
2019-09-25 04:50:33,502 [pool-77-thread-1] INFO  util.JmxRegister (JmxRegister.java:tryRegister(44)) - Successfully registered JMX Bean with object name Ratis:service=RaftServer,group=group-5F165A531ED8,id=9216b865-ce6b-4fb7-bc99-65479a86b6eb
2019-09-25 04:50:33,506 [RatisPipelineUtilsThread] INFO  pipeline.PipelineStateManager (PipelineStateManager.java:addPipeline(56)) - Created pipeline Pipeline[ Id: 7e72955a-90c9-4f4f-a538-5f165a531ed8, Nodes: 9216b865-ce6b-4fb7-bc99-65479a86b6eb{ip: 192.168.151.106, host: pr-hdds-1569-x2sr2-3486766547, networkLocation: /default-rack, certSerialId: null}, Type:RATIS, Factor:ONE, State:OPEN]
2019-09-25 04:50:33,512 [grpc-default-executor-0] INFO  impl.RaftServerProxy (RaftServerProxy.java:addNew(89)) - b40ef231-6505-402b-ae57-fc0dc67cbbe8: addNew group-83FDB22A65E4:[b40ef231-6505-402b-ae57-fc0dc67cbbe8:192.168.151.106:41861] returns group-83FDB22A65E4:java.util.concurrent.CompletableFuture@1ef06d37[Not completed]
2019-09-25 04:50:33,514 [pool-37-thread-1] INFO  impl.RaftServerImpl (RaftServerImpl.java:<init>(95)) - b40ef231-6505-402b-ae57-fc0dc67cbbe8: new RaftServerImpl for group-83FDB22A65E4:[b40ef231-6505-402b-ae57-fc0dc67cbbe8:192.168.151.106:41861] with ContainerStateMachine:uninitialized
2019-09-25 04:50:33,515 [pool-37-thread-1] INFO  server.RaftServerConfigKeys (ConfUtils.java:logGet(43)) - raft.server.rpc.timeout.min = 5s (custom)
2019-09-25 04:50:33,515 [pool-37-thread-1] INFO  server.RaftServerConfigKeys (ConfUtils.java:logGet(43)) - raft.server.rpc.timeout.max = 5200ms (custom)
2019-09-25 04:50:33,515 [pool-37-thread-1] INFO  server.RaftServerConfigKeys (ConfUtils.java:logGet(43)) - raft.server.rpcslowness.timeout = 120s (custom)
2019-09-25 04:50:33,515 [pool-37-thread-1] INFO  server.RaftServerConfigKeys (ConfUtils.java:logGet(43)) - raft.server.sleep.deviation.threshold = 300 (default)
2019-09-25 04:50:33,515 [pool-37-thread-1] INFO  server.RaftServerConfigKeys (ConfUtils.java:logGet(43)) - raft.server.log.appender.install.snapshot.enabled = false (custom)
2019-09-25 04:50:33,515 [pool-37-thread-1] INFO  impl.RaftServerImpl (ServerState.java:<init>(103)) - b40ef231-6505-402b-ae57-fc0dc67cbbe8@group-83FDB22A65E4: ConfigurationManager, init=-1: [b40ef231-6505-402b-ae57-fc0dc67cbbe8:192.168.151.106:41861], old=null, confs=<EMPTY_MAP>
2019-09-25 04:50:33,516 [pool-37-thread-1] INFO  server.RaftServerConfigKeys (ConfUtils.java:logGet(43)) - raft.server.storage.dir = [/workdir/hadoop-ozone/integration-test/target/test-dir/MiniOzoneClusterImpl-72f6cbb0-c919-4300-9939-20ef1cbf0e73/datanode-1/data/ratis] (custom)
2019-09-25 04:50:33,516 [pool-37-thread-1] INFO  storage.RaftStorageDirectory (RaftStorageDirectory.java:analyzeStorage(246)) - The storage directory /workdir/hadoop-ozone/integration-test/target/test-dir/MiniOzoneClusterImpl-72f6cbb0-c919-4300-9939-20ef1cbf0e73/datanode-1/data/ratis/bf3eeda4-afa0-4c80-95fe-83fdb22a65e4 does not exist. Creating ...
2019-09-25 04:50:33,525 [pool-37-thread-1] INFO  storage.RaftStorageDirectory (RaftStorageDirectory.java:tryLock(328)) - Lock on /workdir/hadoop-ozone/integration-test/target/test-dir/MiniOzoneClusterImpl-72f6cbb0-c919-4300-9939-20ef1cbf0e73/datanode-1/data/ratis/bf3eeda4-afa0-4c80-95fe-83fdb22a65e4/in_use.lock acquired by nodename 13648@pr-hdds-1569-x2sr2-3486766547
2019-09-25 04:50:33,538 [pool-37-thread-1] INFO  storage.RaftStorage (RaftStorage.java:format(72)) - Storage directory /workdir/hadoop-ozone/integration-test/target/test-dir/MiniOzoneClusterImpl-72f6cbb0-c919-4300-9939-20ef1cbf0e73/datanode-1/data/ratis/bf3eeda4-afa0-4c80-95fe-83fdb22a65e4 has been successfully formatted.
2019-09-25 04:50:33,538 [pool-37-thread-1] INFO  ratis.ContainerStateMachine (ContainerStateMachine.java:loadSnapshot(230)) - group-83FDB22A65E4: The snapshot info is null. Setting the last applied indexto:(t:0, i:~)
2019-09-25 04:50:33,538 [pool-37-thread-1] INFO  server.RaftServerConfigKeys (ConfUtils.java:logGet(43)) - raft.server.notification.no-leader.timeout = 120s (custom)
2019-09-25 04:50:33,538 [pool-37-thread-1] INFO  server.RaftServerConfigKeys (ConfUtils.java:logGet(43)) - raft.server.log.use.memory = false (default)
2019-09-25 04:50:33,538 [pool-37-thread-1] INFO  server.RaftServerConfigKeys (ConfUtils.java:logGet(43)) - raft.server.log.purge.gap = 1000000 (custom)
2019-09-25 04:50:33,539 [pool-37-thread-1] INFO  server.RaftServerConfigKeys (ConfUtils.java:logGet(43)) - raft.server.log.appender.buffer.byte-limit = 33554432 (custom)
2019-09-25 04:50:33,539 [pool-37-thread-1] INFO  server.RaftServerConfigKeys (ConfUtils.java:logGet(43)) - raft.server.log.segment.size.max = 1048576 (custom)
2019-09-25 04:50:33,539 [pool-37-thread-1] INFO  server.RaftServerConfigKeys (ConfUtils.java:logGet(43)) - raft.server.log.segment.cache.num.max = 2 (custom)
2019-09-25 04:50:33,539 [pool-37-thread-1] INFO  segmented.SegmentedRaftLogWorker (SegmentedRaftLogWorker.java:<init>(172)) - new b40ef231-6505-402b-ae57-fc0dc67cbbe8@group-83FDB22A65E4-SegmentedRaftLogWorker for RaftStorage:Storage Directory /workdir/hadoop-ozone/integration-test/target/test-dir/MiniOzoneClusterImpl-72f6cbb0-c919-4300-9939-20ef1cbf0e73/datanode-1/data/ratis/bf3eeda4-afa0-4c80-95fe-83fdb22a65e4
2019-09-25 04:50:33,539 [pool-37-thread-1] INFO  server.RaftServerConfigKeys (ConfUtils.java:logGet(43)) - raft.server.log.queue.byte-limit = 2147483647 (custom)
2019-09-25 04:50:33,539 [pool-37-thread-1] INFO  server.RaftServerConfigKeys (ConfUtils.java:logGet(43)) - raft.server.log.queue.element-limit = 1024 (custom)
2019-09-25 04:50:33,540 [pool-37-thread-1] INFO  server.RaftServerConfigKeys (ConfUtils.java:logGet(43)) - raft.server.log.segment.size.max = 1048576 (custom)
2019-09-25 04:50:33,540 [pool-37-thread-1] INFO  server.RaftServerConfigKeys (ConfUtils.java:logGet(43)) - raft.server.log.preallocated.size = 16384 (custom)
2019-09-25 04:50:33,540 [pool-37-thread-1] INFO  server.RaftServerConfigKeys (ConfUtils.java:logGet(43)) - raft.server.log.write.buffer.size = 33554432 (custom)
2019-09-25 04:50:33,540 [pool-37-thread-1] INFO  server.RaftServerConfigKeys (ConfUtils.java:logGet(43)) - raft.server.log.force.sync.num = 128 (default)
2019-09-25 04:50:33,540 [pool-37-thread-1] INFO  server.RaftServerConfigKeys (ConfUtils.java:logGet(43)) - raft.server.log.statemachine.data.sync = true (default)
2019-09-25 04:50:33,540 [pool-37-thread-1] INFO  server.RaftServerConfigKeys (ConfUtils.java:logGet(43)) - raft.server.log.statemachine.data.sync.timeout = 10s (default)
2019-09-25 04:50:33,540 [pool-37-thread-1] INFO  server.RaftServerConfigKeys (ConfUtils.java:logGet(43)) - raft.server.log.statemachine.data.sync.timeout.retry = -1 (default)
2019-09-25 04:50:33,540 [pool-37-thread-1] INFO  server.RaftServerConfigKeys (ConfUtils.java:logGet(43)) - raft.server.log.statemachine.data.caching.enabled = true (custom)
2019-09-25 04:50:33,541 [pool-37-thread-1] INFO  segmented.SegmentedRaftLogWorker (SegmentedRaftLogWorker.java:lambda$new$0(132)) - b40ef231-6505-402b-ae57-fc0dc67cbbe8@group-83FDB22A65E4-SegmentedRaftLogWorker: flushIndex: setUnconditionally 0 -> -1
2019-09-25 04:50:33,541 [pool-37-thread-1] INFO  server.RaftServerConfigKeys (ConfUtils.java:logGet(43)) - raft.server.snapshot.auto.trigger.enabled = true (custom)
2019-09-25 04:50:33,541 [pool-37-thread-1] INFO  server.RaftServerConfigKeys (ConfUtils.java:logGet(43)) - raft.server.snapshot.auto.trigger.threshold = 10000 (custom)
2019-09-25 04:50:33,541 [pool-37-thread-1] INFO  server.RaftServerConfigKeys (ConfUtils.java:logGet(43)) - raft.server.snapshot.retention.num.files = 5 (custom)
2019-09-25 04:50:33,542 [pool-37-thread-1] INFO  server.RaftServerConfigKeys (ConfUtils.java:logGet(43)) - raft.server.retrycache.expirytime = 600000ms (custom)
2019-09-25 04:50:33,544 [pool-37-thread-1] INFO  impl.RaftServerImpl (RaftServerImpl.java:start(185)) - b40ef231-6505-402b-ae57-fc0dc67cbbe8@group-83FDB22A65E4: start as a follower, conf=-1: [b40ef231-6505-402b-ae57-fc0dc67cbbe8:192.168.151.106:41861], old=null
2019-09-25 04:50:33,544 [pool-37-thread-1] INFO  impl.RaftServerImpl (RaftServerImpl.java:setRole(174)) - b40ef231-6505-402b-ae57-fc0dc67cbbe8@group-83FDB22A65E4: changes role from      null to FOLLOWER at term 0 for startAsFollower
2019-09-25 04:50:33,544 [pool-37-thread-1] INFO  impl.RoleInfo (RoleInfo.java:updateAndGet(143)) - b40ef231-6505-402b-ae57-fc0dc67cbbe8: start FollowerState
2019-09-25 04:50:33,545 [pool-37-thread-1] INFO  util.JmxRegister (JmxRegister.java:tryRegister(44)) - Successfully registered JMX Bean with object name Ratis:service=RaftServer,group=group-83FDB22A65E4,id=b40ef231-6505-402b-ae57-fc0dc67cbbe8
2019-09-25 04:50:33,547 [RatisPipelineUtilsThread] INFO  pipeline.PipelineStateManager (PipelineStateManager.java:addPipeline(56)) - Created pipeline Pipeline[ Id: bf3eeda4-afa0-4c80-95fe-83fdb22a65e4, Nodes: b40ef231-6505-402b-ae57-fc0dc67cbbe8{ip: 192.168.151.106, host: pr-hdds-1569-x2sr2-3486766547, networkLocation: /default-rack, certSerialId: null}, Type:RATIS, Factor:ONE, State:OPEN]
2019-09-25 04:50:33,553 [grpc-default-executor-0] INFO  impl.RaftServerProxy (RaftServerProxy.java:addNew(89)) - a167ab1f-c96d-409e-bb26-ea230783d833: addNew group-8777D69019BB:[a167ab1f-c96d-409e-bb26-ea230783d833:192.168.151.106:33404] returns group-8777D69019BB:java.util.concurrent.CompletableFuture@a2f470a[Not completed]
2019-09-25 04:50:33,554 [pool-47-thread-1] INFO  impl.RaftServerImpl (RaftServerImpl.java:<init>(95)) - a167ab1f-c96d-409e-bb26-ea230783d833: new RaftServerImpl for group-8777D69019BB:[a167ab1f-c96d-409e-bb26-ea230783d833:192.168.151.106:33404] with ContainerStateMachine:uninitialized
2019-09-25 04:50:33,555 [pool-47-thread-1] INFO  server.RaftServerConfigKeys (ConfUtils.java:logGet(43)) - raft.server.rpc.timeout.min = 5s (custom)
2019-09-25 04:50:33,555 [pool-47-thread-1] INFO  server.RaftServerConfigKeys (ConfUtils.java:logGet(43)) - raft.server.rpc.timeout.max = 5200ms (custom)
2019-09-25 04:50:33,555 [pool-47-thread-1] INFO  server.RaftServerConfigKeys (ConfUtils.java:logGet(43)) - raft.server.rpcslowness.timeout = 120s (custom)
2019-09-25 04:50:33,555 [pool-47-thread-1] INFO  server.RaftServerConfigKeys (ConfUtils.java:logGet(43)) - raft.server.sleep.deviation.threshold = 300 (default)
2019-09-25 04:50:33,555 [pool-47-thread-1] INFO  server.RaftServerConfigKeys (ConfUtils.java:logGet(43)) - raft.server.log.appender.install.snapshot.enabled = false (custom)
2019-09-25 04:50:33,555 [pool-47-thread-1] INFO  impl.RaftServerImpl (ServerState.java:<init>(103)) - a167ab1f-c96d-409e-bb26-ea230783d833@group-8777D69019BB: ConfigurationManager, init=-1: [a167ab1f-c96d-409e-bb26-ea230783d833:192.168.151.106:33404], old=null, confs=<EMPTY_MAP>
2019-09-25 04:50:33,555 [pool-47-thread-1] INFO  server.RaftServerConfigKeys (ConfUtils.java:logGet(43)) - raft.server.storage.dir = [/workdir/hadoop-ozone/integration-test/target/test-dir/MiniOzoneClusterImpl-72f6cbb0-c919-4300-9939-20ef1cbf0e73/datanode-2/data/ratis] (custom)
2019-09-25 04:50:33,556 [pool-47-thread-1] INFO  storage.RaftStorageDirectory (RaftStorageDirectory.java:analyzeStorage(246)) - The storage directory /workdir/hadoop-ozone/integration-test/target/test-dir/MiniOzoneClusterImpl-72f6cbb0-c919-4300-9939-20ef1cbf0e73/datanode-2/data/ratis/cf9bc1d2-bead-47c6-b8b7-8777d69019bb does not exist. Creating ...
2019-09-25 04:50:33,577 [pool-47-thread-1] INFO  storage.RaftStorageDirectory (RaftStorageDirectory.java:tryLock(328)) - Lock on /workdir/hadoop-ozone/integration-test/target/test-dir/MiniOzoneClusterImpl-72f6cbb0-c919-4300-9939-20ef1cbf0e73/datanode-2/data/ratis/cf9bc1d2-bead-47c6-b8b7-8777d69019bb/in_use.lock acquired by nodename 13648@pr-hdds-1569-x2sr2-3486766547
2019-09-25 04:50:33,610 [Thread-379] INFO  impl.FollowerState (FollowerState.java:run(106)) - a167ab1f-c96d-409e-bb26-ea230783d833:group-5A258D17D1B9 changes to CANDIDATE, lastRpcTime:5198, electionTimeout:5198ms
2019-09-25 04:50:33,610 [Thread-379] INFO  impl.RoleInfo (RoleInfo.java:shutdownFollowerState(121)) - a167ab1f-c96d-409e-bb26-ea230783d833: shutdown FollowerState
2019-09-25 04:50:33,610 [Thread-379] INFO  impl.RaftServerImpl (RaftServerImpl.java:setRole(174)) - a167ab1f-c96d-409e-bb26-ea230783d833@group-5A258D17D1B9: changes role from  FOLLOWER to CANDIDATE at term 0 for changeToCandidate
2019-09-25 04:50:33,611 [Thread-379] INFO  impl.RoleInfo (RoleInfo.java:updateAndGet(143)) - a167ab1f-c96d-409e-bb26-ea230783d833: start LeaderElection
2019-09-25 04:50:33,633 [pool-47-thread-1] INFO  storage.RaftStorage (RaftStorage.java:format(72)) - Storage directory /workdir/hadoop-ozone/integration-test/target/test-dir/MiniOzoneClusterImpl-72f6cbb0-c919-4300-9939-20ef1cbf0e73/datanode-2/data/ratis/cf9bc1d2-bead-47c6-b8b7-8777d69019bb has been successfully formatted.
2019-09-25 04:50:33,633 [a167ab1f-c96d-409e-bb26-ea230783d833@group-5A258D17D1B9:LeaderElection46] INFO  impl.LeaderElection (LeaderElection.java:askForVotes(182)) - a167ab1f-c96d-409e-bb26-ea230783d833@group-5A258D17D1B9:LeaderElection46: begin an election at term 1 for -1: [a167ab1f-c96d-409e-bb26-ea230783d833:192.168.151.106:33404], old=null
2019-09-25 04:50:33,633 [pool-47-thread-1] INFO  ratis.ContainerStateMachine (ContainerStateMachine.java:loadSnapshot(230)) - group-8777D69019BB: The snapshot info is null. Setting the last applied indexto:(t:0, i:~)
2019-09-25 04:50:33,633 [a167ab1f-c96d-409e-bb26-ea230783d833@group-5A258D17D1B9:LeaderElection46] INFO  impl.RoleInfo (RoleInfo.java:shutdownLeaderElection(134)) - a167ab1f-c96d-409e-bb26-ea230783d833: shutdown LeaderElection
2019-09-25 04:50:33,633 [pool-47-thread-1] INFO  server.RaftServerConfigKeys (ConfUtils.java:logGet(43)) - raft.server.notification.no-leader.timeout = 120s (custom)
2019-09-25 04:50:33,633 [a167ab1f-c96d-409e-bb26-ea230783d833@group-5A258D17D1B9:LeaderElection46] INFO  impl.RaftServerImpl (RaftServerImpl.java:setRole(174)) - a167ab1f-c96d-409e-bb26-ea230783d833@group-5A258D17D1B9: changes role from CANDIDATE to LEADER at term 1 for changeToLeader
2019-09-25 04:50:33,633 [pool-47-thread-1] INFO  server.RaftServerConfigKeys (ConfUtils.java:logGet(43)) - raft.server.log.use.memory = false (default)
2019-09-25 04:50:33,634 [a167ab1f-c96d-409e-bb26-ea230783d833@group-5A258D17D1B9:LeaderElection46] INFO  impl.RaftServerImpl (ServerState.java:setLeader(253)) - a167ab1f-c96d-409e-bb26-ea230783d833@group-5A258D17D1B9: change Leader from null to a167ab1f-c96d-409e-bb26-ea230783d833 at term 1 for becomeLeader, leader elected after 5230ms
2019-09-25 04:50:33,634 [pool-47-thread-1] INFO  server.RaftServerConfigKeys (ConfUtils.java:logGet(43)) - raft.server.log.purge.gap = 1000000 (custom)
2019-09-25 04:50:33,634 [a167ab1f-c96d-409e-bb26-ea230783d833@group-5A258D17D1B9:LeaderElection46] INFO  server.RaftServerConfigKeys (ConfUtils.java:logGet(43)) - raft.server.staging.catchup.gap = 1000 (default)
2019-09-25 04:50:33,634 [pool-47-thread-1] INFO  server.RaftServerConfigKeys (ConfUtils.java:logGet(43)) - raft.server.log.appender.buffer.byte-limit = 33554432 (custom)
2019-09-25 04:50:33,634 [a167ab1f-c96d-409e-bb26-ea230783d833@group-5A258D17D1B9:LeaderElection46] INFO  server.RaftServerConfigKeys (ConfUtils.java:logGet(43)) - raft.server.rpc.sleep.time = 25ms (default)
2019-09-25 04:50:33,634 [pool-47-thread-1] INFO  server.RaftServerConfigKeys (ConfUtils.java:logGet(43)) - raft.server.log.segment.size.max = 1048576 (custom)
2019-09-25 04:50:33,635 [a167ab1f-c96d-409e-bb26-ea230783d833@group-5A258D17D1B9:LeaderElection46] INFO  server.RaftServerConfigKeys (ConfUtils.java:logGet(43)) - raft.server.write.element-limit = 4096 (default)
2019-09-25 04:50:33,635 [pool-47-thread-1] INFO  server.RaftServerConfigKeys (ConfUtils.java:logGet(43)) - raft.server.log.segment.cache.num.max = 2 (custom)
2019-09-25 04:50:33,635 [a167ab1f-c96d-409e-bb26-ea230783d833@group-5A258D17D1B9:LeaderElection46] INFO  server.RaftServerConfigKeys (ConfUtils.java:logGet(43)) - raft.server.watch.timeout = 10s (default)
2019-09-25 04:50:33,635 [pool-47-thread-1] INFO  segmented.SegmentedRaftLogWorker (SegmentedRaftLogWorker.java:<init>(172)) - new a167ab1f-c96d-409e-bb26-ea230783d833@group-8777D69019BB-SegmentedRaftLogWorker for RaftStorage:Storage Directory /workdir/hadoop-ozone/integration-test/target/test-dir/MiniOzoneClusterImpl-72f6cbb0-c919-4300-9939-20ef1cbf0e73/datanode-2/data/ratis/cf9bc1d2-bead-47c6-b8b7-8777d69019bb
2019-09-25 04:50:33,635 [a167ab1f-c96d-409e-bb26-ea230783d833@group-5A258D17D1B9:LeaderElection46] INFO  server.RaftServerConfigKeys (ConfUtils.java:logGet(43)) - raft.server.watch.timeout.denomination = 1s (default)
2019-09-25 04:50:33,635 [pool-47-thread-1] INFO  server.RaftServerConfigKeys (ConfUtils.java:logGet(43)) - raft.server.log.queue.byte-limit = 2147483647 (custom)
2019-09-25 04:50:33,636 [a167ab1f-c96d-409e-bb26-ea230783d833@group-5A258D17D1B9:LeaderElection46] INFO  server.RaftServerConfigKeys (ConfUtils.java:logGet(43)) - raft.server.watch.element-limit = 65536 (default)
2019-09-25 04:50:33,636 [pool-47-thread-1] INFO  server.RaftServerConfigKeys (ConfUtils.java:logGet(43)) - raft.server.log.queue.element-limit = 1024 (custom)
2019-09-25 04:50:33,636 [pool-47-thread-1] INFO  server.RaftServerConfigKeys (ConfUtils.java:logGet(43)) - raft.server.log.segment.size.max = 1048576 (custom)
2019-09-25 04:50:33,636 [pool-47-thread-1] INFO  server.RaftServerConfigKeys (ConfUtils.java:logGet(43)) - raft.server.log.preallocated.size = 16384 (custom)
2019-09-25 04:50:33,636 [pool-47-thread-1] INFO  server.RaftServerConfigKeys (ConfUtils.java:logGet(43)) - raft.server.log.write.buffer.size = 33554432 (custom)
2019-09-25 04:50:33,637 [pool-47-thread-1] INFO  server.RaftServerConfigKeys (ConfUtils.java:logGet(43)) - raft.server.log.force.sync.num = 128 (default)
2019-09-25 04:50:33,637 [pool-47-thread-1] INFO  server.RaftServerConfigKeys (ConfUtils.java:logGet(43)) - raft.server.log.statemachine.data.sync = true (default)
2019-09-25 04:50:33,637 [pool-47-thread-1] INFO  server.RaftServerConfigKeys (ConfUtils.java:logGet(43)) - raft.server.log.statemachine.data.sync.timeout = 10s (default)
2019-09-25 04:50:33,637 [pool-47-thread-1] INFO  server.RaftServerConfigKeys (ConfUtils.java:logGet(43)) - raft.server.log.statemachine.data.sync.timeout.retry = -1 (default)
2019-09-25 04:50:33,637 [pool-47-thread-1] INFO  server.RaftServerConfigKeys (ConfUtils.java:logGet(43)) - raft.server.log.statemachine.data.caching.enabled = true (custom)
2019-09-25 04:50:33,638 [pool-47-thread-1] INFO  segmented.SegmentedRaftLogWorker (SegmentedRaftLogWorker.java:lambda$new$0(132)) - a167ab1f-c96d-409e-bb26-ea230783d833@group-8777D69019BB-SegmentedRaftLogWorker: flushIndex: setUnconditionally 0 -> -1
2019-09-25 04:50:33,638 [pool-47-thread-1] INFO  server.RaftServerConfigKeys (ConfUtils.java:logGet(43)) - raft.server.snapshot.auto.trigger.enabled = true (custom)
2019-09-25 04:50:33,638 [pool-47-thread-1] INFO  server.RaftServerConfigKeys (ConfUtils.java:logGet(43)) - raft.server.snapshot.auto.trigger.threshold = 10000 (custom)
2019-09-25 04:50:33,638 [Thread-388] INFO  impl.FollowerState (FollowerState.java:run(106)) - c35819d4-86f4-4223-a458-676070fe0cbb:group-A57AB2DB280B changes to CANDIDATE, lastRpcTime:5061, electionTimeout:5061ms
2019-09-25 04:50:33,639 [pool-47-thread-1] INFO  server.RaftServerConfigKeys (ConfUtils.java:logGet(43)) - raft.server.snapshot.retention.num.files = 5 (custom)
2019-09-25 04:50:33,639 [Thread-388] INFO  impl.RoleInfo (RoleInfo.java:shutdownFollowerState(121)) - c35819d4-86f4-4223-a458-676070fe0cbb: shutdown FollowerState
2019-09-25 04:50:33,639 [a167ab1f-c96d-409e-bb26-ea230783d833@group-5A258D17D1B9:LeaderElection46] INFO  impl.RoleInfo (RoleInfo.java:updateAndGet(143)) - a167ab1f-c96d-409e-bb26-ea230783d833: start LeaderState
2019-09-25 04:50:33,639 [Thread-388] INFO  impl.RaftServerImpl (RaftServerImpl.java:setRole(174)) - c35819d4-86f4-4223-a458-676070fe0cbb@group-A57AB2DB280B: changes role from  FOLLOWER to CANDIDATE at term 0 for changeToCandidate
2019-09-25 04:50:33,639 [pool-47-thread-1] INFO  server.RaftServerConfigKeys (ConfUtils.java:logGet(43)) - raft.server.retrycache.expirytime = 600000ms (custom)
2019-09-25 04:50:33,639 [a167ab1f-c96d-409e-bb26-ea230783d833@group-5A258D17D1B9:LeaderElection46] INFO  segmented.SegmentedRaftLogWorker (SegmentedRaftLogWorker.java:startLogSegment(380)) - a167ab1f-c96d-409e-bb26-ea230783d833@group-5A258D17D1B9-SegmentedRaftLogWorker: Starting segment from index:0
2019-09-25 04:50:33,639 [Thread-388] INFO  impl.RoleInfo (RoleInfo.java:updateAndGet(143)) - c35819d4-86f4-4223-a458-676070fe0cbb: start LeaderElection
2019-09-25 04:50:33,641 [a167ab1f-c96d-409e-bb26-ea230783d833@group-5A258D17D1B9:LeaderElection46] INFO  impl.RaftServerImpl (ServerState.java:setRaftConf(354)) - a167ab1f-c96d-409e-bb26-ea230783d833@group-5A258D17D1B9: set configuration 0: [a167ab1f-c96d-409e-bb26-ea230783d833:192.168.151.106:33404], old=null at 0
2019-09-25 04:50:33,642 [pool-47-thread-1] INFO  impl.RaftServerImpl (RaftServerImpl.java:start(185)) - a167ab1f-c96d-409e-bb26-ea230783d833@group-8777D69019BB: start as a follower, conf=-1: [a167ab1f-c96d-409e-bb26-ea230783d833:192.168.151.106:33404], old=null
2019-09-25 04:50:33,642 [pool-47-thread-1] INFO  impl.RaftServerImpl (RaftServerImpl.java:setRole(174)) - a167ab1f-c96d-409e-bb26-ea230783d833@group-8777D69019BB: changes role from      null to FOLLOWER at term 0 for startAsFollower
2019-09-25 04:50:33,642 [pool-47-thread-1] INFO  impl.RoleInfo (RoleInfo.java:updateAndGet(143)) - a167ab1f-c96d-409e-bb26-ea230783d833: start FollowerState
2019-09-25 04:50:33,643 [pool-47-thread-1] INFO  util.JmxRegister (JmxRegister.java:tryRegister(44)) - Successfully registered JMX Bean with object name Ratis:service=RaftServer,group=group-8777D69019BB,id=a167ab1f-c96d-409e-bb26-ea230783d833
2019-09-25 04:50:33,646 [RatisPipelineUtilsThread] INFO  pipeline.PipelineStateManager (PipelineStateManager.java:addPipeline(56)) - Created pipeline Pipeline[ Id: cf9bc1d2-bead-47c6-b8b7-8777d69019bb, Nodes: a167ab1f-c96d-409e-bb26-ea230783d833{ip: 192.168.151.106, host: pr-hdds-1569-x2sr2-3486766547, networkLocation: /default-rack, certSerialId: null}, Type:RATIS, Factor:ONE, State:OPEN]
2019-09-25 04:50:33,648 [Thread-382] INFO  impl.FollowerState (FollowerState.java:run(106)) - 9216b865-ce6b-4fb7-bc99-65479a86b6eb:group-627BA79D4D93 changes to CANDIDATE, lastRpcTime:5166, electionTimeout:5166ms
2019-09-25 04:50:33,648 [Thread-382] INFO  impl.RoleInfo (RoleInfo.java:shutdownFollowerState(121)) - 9216b865-ce6b-4fb7-bc99-65479a86b6eb: shutdown FollowerState
2019-09-25 04:50:33,648 [Thread-382] INFO  impl.RaftServerImpl (RaftServerImpl.java:setRole(174)) - 9216b865-ce6b-4fb7-bc99-65479a86b6eb@group-627BA79D4D93: changes role from  FOLLOWER to CANDIDATE at term 0 for changeToCandidate
2019-09-25 04:50:33,649 [Thread-382] INFO  impl.RoleInfo (RoleInfo.java:updateAndGet(143)) - 9216b865-ce6b-4fb7-bc99-65479a86b6eb: start LeaderElection
2019-09-25 04:50:33,652 [grpc-default-executor-0] INFO  impl.RaftServerProxy (RaftServerProxy.java:addNew(89)) - 9216b865-ce6b-4fb7-bc99-65479a86b6eb: addNew group-4CF16EF24DD7:[9216b865-ce6b-4fb7-bc99-65479a86b6eb:192.168.151.106:43252] returns group-4CF16EF24DD7:java.util.concurrent.CompletableFuture@1d140567[Not completed]
2019-09-25 04:50:33,654 [pool-77-thread-1] INFO  impl.RaftServerImpl (RaftServerImpl.java:<init>(95)) - 9216b865-ce6b-4fb7-bc99-65479a86b6eb: new RaftServerImpl for group-4CF16EF24DD7:[9216b865-ce6b-4fb7-bc99-65479a86b6eb:192.168.151.106:43252] with ContainerStateMachine:uninitialized
2019-09-25 04:50:33,654 [pool-77-thread-1] INFO  server.RaftServerConfigKeys (ConfUtils.java:logGet(43)) - raft.server.rpc.timeout.min = 5s (custom)
2019-09-25 04:50:33,654 [pool-77-thread-1] INFO  server.RaftServerConfigKeys (ConfUtils.java:logGet(43)) - raft.server.rpc.timeout.max = 5200ms (custom)
2019-09-25 04:50:33,654 [pool-77-thread-1] INFO  server.RaftServerConfigKeys (ConfUtils.java:logGet(43)) - raft.server.rpcslowness.timeout = 120s (custom)
2019-09-25 04:50:33,654 [pool-77-thread-1] INFO  server.RaftServerConfigKeys (ConfUtils.java:logGet(43)) - raft.server.sleep.deviation.threshold = 300 (default)
2019-09-25 04:50:33,654 [pool-77-thread-1] INFO  server.RaftServerConfigKeys (ConfUtils.java:logGet(43)) - raft.server.log.appender.install.snapshot.enabled = false (custom)
2019-09-25 04:50:33,655 [pool-77-thread-1] INFO  impl.RaftServerImpl (ServerState.java:<init>(103)) - 9216b865-ce6b-4fb7-bc99-65479a86b6eb@group-4CF16EF24DD7: ConfigurationManager, init=-1: [9216b865-ce6b-4fb7-bc99-65479a86b6eb:192.168.151.106:43252], old=null, confs=<EMPTY_MAP>
2019-09-25 04:50:33,655 [pool-77-thread-1] INFO  server.RaftServerConfigKeys (ConfUtils.java:logGet(43)) - raft.server.storage.dir = [/workdir/hadoop-ozone/integration-test/target/test-dir/MiniOzoneClusterImpl-72f6cbb0-c919-4300-9939-20ef1cbf0e73/datanode-5/data/ratis] (custom)
2019-09-25 04:50:33,655 [pool-77-thread-1] INFO  storage.RaftStorageDirectory (RaftStorageDirectory.java:analyzeStorage(246)) - The storage directory /workdir/hadoop-ozone/integration-test/target/test-dir/MiniOzoneClusterImpl-72f6cbb0-c919-4300-9939-20ef1cbf0e73/datanode-5/data/ratis/64ab2910-a2ca-4051-971e-4cf16ef24dd7 does not exist. Creating ...
2019-09-25 04:50:33,667 [c35819d4-86f4-4223-a458-676070fe0cbb@group-A57AB2DB280B:LeaderElection47] INFO  impl.LeaderElection (LeaderElection.java:askForVotes(182)) - c35819d4-86f4-4223-a458-676070fe0cbb@group-A57AB2DB280B:LeaderElection47: begin an election at term 1 for -1: [c35819d4-86f4-4223-a458-676070fe0cbb:192.168.151.106:44434], old=null
2019-09-25 04:50:33,667 [9216b865-ce6b-4fb7-bc99-65479a86b6eb@group-627BA79D4D93:LeaderElection48] INFO  impl.LeaderElection (LeaderElection.java:askForVotes(182)) - 9216b865-ce6b-4fb7-bc99-65479a86b6eb@group-627BA79D4D93:LeaderElection48: begin an election at term 1 for -1: [9216b865-ce6b-4fb7-bc99-65479a86b6eb:192.168.151.106:43252], old=null
2019-09-25 04:50:33,667 [c35819d4-86f4-4223-a458-676070fe0cbb@group-A57AB2DB280B:LeaderElection47] INFO  impl.RoleInfo (RoleInfo.java:shutdownLeaderElection(134)) - c35819d4-86f4-4223-a458-676070fe0cbb: shutdown LeaderElection
2019-09-25 04:50:33,667 [9216b865-ce6b-4fb7-bc99-65479a86b6eb@group-627BA79D4D93:LeaderElection48] INFO  impl.RoleInfo (RoleInfo.java:shutdownLeaderElection(134)) - 9216b865-ce6b-4fb7-bc99-65479a86b6eb: shutdown LeaderElection
2019-09-25 04:50:33,667 [c35819d4-86f4-4223-a458-676070fe0cbb@group-A57AB2DB280B:LeaderElection47] INFO  impl.RaftServerImpl (RaftServerImpl.java:setRole(174)) - c35819d4-86f4-4223-a458-676070fe0cbb@group-A57AB2DB280B: changes role from CANDIDATE to LEADER at term 1 for changeToLeader
2019-09-25 04:50:33,667 [9216b865-ce6b-4fb7-bc99-65479a86b6eb@group-627BA79D4D93:LeaderElection48] INFO  impl.RaftServerImpl (RaftServerImpl.java:setRole(174)) - 9216b865-ce6b-4fb7-bc99-65479a86b6eb@group-627BA79D4D93: changes role from CANDIDATE to LEADER at term 1 for changeToLeader
2019-09-25 04:50:33,668 [c35819d4-86f4-4223-a458-676070fe0cbb@group-A57AB2DB280B:LeaderElection47] INFO  impl.RaftServerImpl (ServerState.java:setLeader(253)) - c35819d4-86f4-4223-a458-676070fe0cbb@group-A57AB2DB280B: change Leader from null to c35819d4-86f4-4223-a458-676070fe0cbb at term 1 for becomeLeader, leader elected after 5097ms
2019-09-25 04:50:33,668 [pool-77-thread-1] INFO  storage.RaftStorageDirectory (RaftStorageDirectory.java:tryLock(328)) - Lock on /workdir/hadoop-ozone/integration-test/target/test-dir/MiniOzoneClusterImpl-72f6cbb0-c919-4300-9939-20ef1cbf0e73/datanode-5/data/ratis/64ab2910-a2ca-4051-971e-4cf16ef24dd7/in_use.lock acquired by nodename 13648@pr-hdds-1569-x2sr2-3486766547
2019-09-25 04:50:33,668 [9216b865-ce6b-4fb7-bc99-65479a86b6eb@group-627BA79D4D93:LeaderElection48] INFO  impl.RaftServerImpl (ServerState.java:setLeader(253)) - 9216b865-ce6b-4fb7-bc99-65479a86b6eb@group-627BA79D4D93: change Leader from null to 9216b865-ce6b-4fb7-bc99-65479a86b6eb at term 1 for becomeLeader, leader elected after 5194ms
2019-09-25 04:50:33,668 [c35819d4-86f4-4223-a458-676070fe0cbb@group-A57AB2DB280B:LeaderElection47] INFO  server.RaftServerConfigKeys (ConfUtils.java:logGet(43)) - raft.server.staging.catchup.gap = 1000 (default)
2019-09-25 04:50:33,668 [9216b865-ce6b-4fb7-bc99-65479a86b6eb@group-627BA79D4D93:LeaderElection48] INFO  server.RaftServerConfigKeys (ConfUtils.java:logGet(43)) - raft.server.staging.catchup.gap = 1000 (default)
2019-09-25 04:50:33,668 [c35819d4-86f4-4223-a458-676070fe0cbb@group-A57AB2DB280B:LeaderElection47] INFO  server.RaftServerConfigKeys (ConfUtils.java:logGet(43)) - raft.server.rpc.sleep.time = 25ms (default)
2019-09-25 04:50:33,668 [9216b865-ce6b-4fb7-bc99-65479a86b6eb@group-627BA79D4D93:LeaderElection48] INFO  server.RaftServerConfigKeys (ConfUtils.java:logGet(43)) - raft.server.rpc.sleep.time = 25ms (default)
2019-09-25 04:50:33,669 [c35819d4-86f4-4223-a458-676070fe0cbb@group-A57AB2DB280B:LeaderElection47] INFO  server.RaftServerConfigKeys (ConfUtils.java:logGet(43)) - raft.server.write.element-limit = 4096 (default)
2019-09-25 04:50:33,669 [9216b865-ce6b-4fb7-bc99-65479a86b6eb@group-627BA79D4D93:LeaderElection48] INFO  server.RaftServerConfigKeys (ConfUtils.java:logGet(43)) - raft.server.write.element-limit = 4096 (default)
2019-09-25 04:50:33,669 [c35819d4-86f4-4223-a458-676070fe0cbb@group-A57AB2DB280B:LeaderElection47] INFO  server.RaftServerConfigKeys (ConfUtils.java:logGet(43)) - raft.server.watch.timeout = 10s (default)
2019-09-25 04:50:33,669 [9216b865-ce6b-4fb7-bc99-65479a86b6eb@group-627BA79D4D93:LeaderElection48] INFO  server.RaftServerConfigKeys (ConfUtils.java:logGet(43)) - raft.server.watch.timeout = 10s (default)
2019-09-25 04:50:33,669 [c35819d4-86f4-4223-a458-676070fe0cbb@group-A57AB2DB280B:LeaderElection47] INFO  server.RaftServerConfigKeys (ConfUtils.java:logGet(43)) - raft.server.watch.timeout.denomination = 1s (default)
2019-09-25 04:50:33,669 [9216b865-ce6b-4fb7-bc99-65479a86b6eb@group-627BA79D4D93:LeaderElection48] INFO  server.RaftServerConfigKeys (ConfUtils.java:logGet(43)) - raft.server.watch.timeout.denomination = 1s (default)
2019-09-25 04:50:33,669 [c35819d4-86f4-4223-a458-676070fe0cbb@group-A57AB2DB280B:LeaderElection47] INFO  server.RaftServerConfigKeys (ConfUtils.java:logGet(43)) - raft.server.watch.element-limit = 65536 (default)
2019-09-25 04:50:33,669 [9216b865-ce6b-4fb7-bc99-65479a86b6eb@group-627BA79D4D93:LeaderElection48] INFO  server.RaftServerConfigKeys (ConfUtils.java:logGet(43)) - raft.server.watch.element-limit = 65536 (default)
2019-09-25 04:50:33,673 [c35819d4-86f4-4223-a458-676070fe0cbb@group-A57AB2DB280B:LeaderElection47] INFO  impl.RoleInfo (RoleInfo.java:updateAndGet(143)) - c35819d4-86f4-4223-a458-676070fe0cbb: start LeaderState
2019-09-25 04:50:33,673 [9216b865-ce6b-4fb7-bc99-65479a86b6eb@group-627BA79D4D93:LeaderElection48] INFO  impl.RoleInfo (RoleInfo.java:updateAndGet(143)) - 9216b865-ce6b-4fb7-bc99-65479a86b6eb: start LeaderState
2019-09-25 04:50:33,674 [c35819d4-86f4-4223-a458-676070fe0cbb@group-A57AB2DB280B:LeaderElection47] INFO  segmented.SegmentedRaftLogWorker (SegmentedRaftLogWorker.java:startLogSegment(380)) - c35819d4-86f4-4223-a458-676070fe0cbb@group-A57AB2DB280B-SegmentedRaftLogWorker: Starting segment from index:0
2019-09-25 04:50:33,674 [9216b865-ce6b-4fb7-bc99-65479a86b6eb@group-627BA79D4D93:LeaderElection48] INFO  segmented.SegmentedRaftLogWorker (SegmentedRaftLogWorker.java:startLogSegment(380)) - 9216b865-ce6b-4fb7-bc99-65479a86b6eb@group-627BA79D4D93-SegmentedRaftLogWorker: Starting segment from index:0
2019-09-25 04:50:33,674 [c35819d4-86f4-4223-a458-676070fe0cbb@group-A57AB2DB280B:LeaderElection47] INFO  impl.RaftServerImpl (ServerState.java:setRaftConf(354)) - c35819d4-86f4-4223-a458-676070fe0cbb@group-A57AB2DB280B: set configuration 0: [c35819d4-86f4-4223-a458-676070fe0cbb:192.168.151.106:44434], old=null at 0
2019-09-25 04:50:33,675 [9216b865-ce6b-4fb7-bc99-65479a86b6eb@group-627BA79D4D93:LeaderElection48] INFO  impl.RaftServerImpl (ServerState.java:setRaftConf(354)) - 9216b865-ce6b-4fb7-bc99-65479a86b6eb@group-627BA79D4D93: set configuration 0: [9216b865-ce6b-4fb7-bc99-65479a86b6eb:192.168.151.106:43252], old=null at 0
2019-09-25 04:50:33,680 [Thread-385] INFO  impl.FollowerState (FollowerState.java:run(106)) - a167ab1f-c96d-409e-bb26-ea230783d833:group-AF2E94BFA1A8 changes to CANDIDATE, lastRpcTime:5142, electionTimeout:5142ms
2019-09-25 04:50:33,680 [Thread-385] INFO  impl.RoleInfo (RoleInfo.java:shutdownFollowerState(121)) - a167ab1f-c96d-409e-bb26-ea230783d833: shutdown FollowerState
2019-09-25 04:50:33,680 [Thread-385] INFO  impl.RaftServerImpl (RaftServerImpl.java:setRole(174)) - a167ab1f-c96d-409e-bb26-ea230783d833@group-AF2E94BFA1A8: changes role from  FOLLOWER to CANDIDATE at term 0 for changeToCandidate
2019-09-25 04:50:33,680 [Thread-385] INFO  impl.RoleInfo (RoleInfo.java:updateAndGet(143)) - a167ab1f-c96d-409e-bb26-ea230783d833: start LeaderElection
2019-09-25 04:50:33,692 [pool-77-thread-1] INFO  storage.RaftStorage (RaftStorage.java:format(72)) - Storage directory /workdir/hadoop-ozone/integration-test/target/test-dir/MiniOzoneClusterImpl-72f6cbb0-c919-4300-9939-20ef1cbf0e73/datanode-5/data/ratis/64ab2910-a2ca-4051-971e-4cf16ef24dd7 has been successfully formatted.
2019-09-25 04:50:33,692 [pool-77-thread-1] INFO  ratis.ContainerStateMachine (ContainerStateMachine.java:loadSnapshot(230)) - group-4CF16EF24DD7: The snapshot info is null. Setting the last applied indexto:(t:0, i:~)
2019-09-25 04:50:33,693 [pool-77-thread-1] INFO  server.RaftServerConfigKeys (ConfUtils.java:logGet(43)) - raft.server.notification.no-leader.timeout = 120s (custom)
2019-09-25 04:50:33,693 [pool-77-thread-1] INFO  server.RaftServerConfigKeys (ConfUtils.java:logGet(43)) - raft.server.log.use.memory = false (default)
2019-09-25 04:50:33,693 [pool-77-thread-1] INFO  server.RaftServerConfigKeys (ConfUtils.java:logGet(43)) - raft.server.log.purge.gap = 1000000 (custom)
2019-09-25 04:50:33,693 [pool-77-thread-1] INFO  server.RaftServerConfigKeys (ConfUtils.java:logGet(43)) - raft.server.log.appender.buffer.byte-limit = 33554432 (custom)
2019-09-25 04:50:33,693 [pool-77-thread-1] INFO  server.RaftServerConfigKeys (ConfUtils.java:logGet(43)) - raft.server.log.segment.size.max = 1048576 (custom)
2019-09-25 04:50:33,693 [pool-77-thread-1] INFO  server.RaftServerConfigKeys (ConfUtils.java:logGet(43)) - raft.server.log.segment.cache.num.max = 2 (custom)
2019-09-25 04:50:33,694 [pool-77-thread-1] INFO  segmented.SegmentedRaftLogWorker (SegmentedRaftLogWorker.java:<init>(172)) - new 9216b865-ce6b-4fb7-bc99-65479a86b6eb@group-4CF16EF24DD7-SegmentedRaftLogWorker for RaftStorage:Storage Directory /workdir/hadoop-ozone/integration-test/target/test-dir/MiniOzoneClusterImpl-72f6cbb0-c919-4300-9939-20ef1cbf0e73/datanode-5/data/ratis/64ab2910-a2ca-4051-971e-4cf16ef24dd7
2019-09-25 04:50:33,694 [pool-77-thread-1] INFO  server.RaftServerConfigKeys (ConfUtils.java:logGet(43)) - raft.server.log.queue.byte-limit = 2147483647 (custom)
2019-09-25 04:50:33,694 [pool-77-thread-1] INFO  server.RaftServerConfigKeys (ConfUtils.java:logGet(43)) - raft.server.log.queue.element-limit = 1024 (custom)
2019-09-25 04:50:33,694 [pool-77-thread-1] INFO  server.RaftServerConfigKeys (ConfUtils.java:logGet(43)) - raft.server.log.segment.size.max = 1048576 (custom)
2019-09-25 04:50:33,694 [pool-77-thread-1] INFO  server.RaftServerConfigKeys (ConfUtils.java:logGet(43)) - raft.server.log.preallocated.size = 16384 (custom)
2019-09-25 04:50:33,694 [pool-77-thread-1] INFO  server.RaftServerConfigKeys (ConfUtils.java:logGet(43)) - raft.server.log.write.buffer.size = 33554432 (custom)
2019-09-25 04:50:33,694 [pool-77-thread-1] INFO  server.RaftServerConfigKeys (ConfUtils.java:logGet(43)) - raft.server.log.force.sync.num = 128 (default)
2019-09-25 04:50:33,695 [pool-77-thread-1] INFO  server.RaftServerConfigKeys (ConfUtils.java:logGet(43)) - raft.server.log.statemachine.data.sync = true (default)
2019-09-25 04:50:33,695 [pool-77-thread-1] INFO  server.RaftServerConfigKeys (ConfUtils.java:logGet(43)) - raft.server.log.statemachine.data.sync.timeout = 10s (default)
2019-09-25 04:50:33,695 [pool-77-thread-1] INFO  server.RaftServerConfigKeys (ConfUtils.java:logGet(43)) - raft.server.log.statemachine.data.sync.timeout.retry = -1 (default)
2019-09-25 04:50:33,695 [pool-77-thread-1] INFO  server.RaftServerConfigKeys (ConfUtils.java:logGet(43)) - raft.server.log.statemachine.data.caching.enabled = true (custom)
2019-09-25 04:50:33,695 [pool-77-thread-1] INFO  segmented.SegmentedRaftLogWorker (SegmentedRaftLogWorker.java:lambda$new$0(132)) - 9216b865-ce6b-4fb7-bc99-65479a86b6eb@group-4CF16EF24DD7-SegmentedRaftLogWorker: flushIndex: setUnconditionally 0 -> -1
2019-09-25 04:50:33,696 [pool-77-thread-1] INFO  server.RaftServerConfigKeys (ConfUtils.java:logGet(43)) - raft.server.snapshot.auto.trigger.enabled = true (custom)
2019-09-25 04:50:33,696 [pool-77-thread-1] INFO  server.RaftServerConfigKeys (ConfUtils.java:logGet(43)) - raft.server.snapshot.auto.trigger.threshold = 10000 (custom)
2019-09-25 04:50:33,696 [pool-77-thread-1] INFO  server.RaftServerConfigKeys (ConfUtils.java:logGet(43)) - raft.server.snapshot.retention.num.files = 5 (custom)
2019-09-25 04:50:33,696 [pool-77-thread-1] INFO  server.RaftServerConfigKeys (ConfUtils.java:logGet(43)) - raft.server.retrycache.expirytime = 600000ms (custom)
2019-09-25 04:50:33,698 [pool-77-thread-1] INFO  impl.RaftServerImpl (RaftServerImpl.java:start(185)) - 9216b865-ce6b-4fb7-bc99-65479a86b6eb@group-4CF16EF24DD7: start as a follower, conf=-1: [9216b865-ce6b-4fb7-bc99-65479a86b6eb:192.168.151.106:43252], old=null
2019-09-25 04:50:33,699 [pool-77-thread-1] INFO  impl.RaftServerImpl (RaftServerImpl.java:setRole(174)) - 9216b865-ce6b-4fb7-bc99-65479a86b6eb@group-4CF16EF24DD7: changes role from      null to FOLLOWER at term 0 for startAsFollower
2019-09-25 04:50:33,699 [pool-77-thread-1] INFO  impl.RoleInfo (RoleInfo.java:updateAndGet(143)) - 9216b865-ce6b-4fb7-bc99-65479a86b6eb: start FollowerState
2019-09-25 04:50:33,699 [pool-77-thread-1] INFO  util.JmxRegister (JmxRegister.java:tryRegister(44)) - Successfully registered JMX Bean with object name Ratis:service=RaftServer,group=group-4CF16EF24DD7,id=9216b865-ce6b-4fb7-bc99-65479a86b6eb
2019-09-25 04:50:33,703 [RatisPipelineUtilsThread] INFO  pipeline.PipelineStateManager (PipelineStateManager.java:addPipeline(56)) - Created pipeline Pipeline[ Id: 64ab2910-a2ca-4051-971e-4cf16ef24dd7, Nodes: 9216b865-ce6b-4fb7-bc99-65479a86b6eb{ip: 192.168.151.106, host: pr-hdds-1569-x2sr2-3486766547, networkLocation: /default-rack, certSerialId: null}, Type:RATIS, Factor:ONE, State:OPEN]
2019-09-25 04:50:33,705 [a167ab1f-c96d-409e-bb26-ea230783d833@group-5A258D17D1B9-SegmentedRaftLogWorker] INFO  segmented.SegmentedRaftLogWorker (SegmentedRaftLogWorker.java:execute(569)) - a167ab1f-c96d-409e-bb26-ea230783d833@group-5A258D17D1B9-SegmentedRaftLogWorker: created new log segment /workdir/hadoop-ozone/integration-test/target/test-dir/MiniOzoneClusterImpl-72f6cbb0-c919-4300-9939-20ef1cbf0e73/datanode-2/data/ratis/2f0e8646-8651-4bc7-adef-5a258d17d1b9/current/log_inprogress_0
2019-09-25 04:50:33,705 [a167ab1f-c96d-409e-bb26-ea230783d833@group-AF2E94BFA1A8:LeaderElection49] INFO  impl.LeaderElection (LeaderElection.java:askForVotes(182)) - a167ab1f-c96d-409e-bb26-ea230783d833@group-AF2E94BFA1A8:LeaderElection49: begin an election at term 1 for -1: [a167ab1f-c96d-409e-bb26-ea230783d833:192.168.151.106:33404], old=null
2019-09-25 04:50:33,705 [a167ab1f-c96d-409e-bb26-ea230783d833@group-AF2E94BFA1A8:LeaderElection49] INFO  impl.RoleInfo (RoleInfo.java:shutdownLeaderElection(134)) - a167ab1f-c96d-409e-bb26-ea230783d833: shutdown LeaderElection
2019-09-25 04:50:33,705 [a167ab1f-c96d-409e-bb26-ea230783d833@group-AF2E94BFA1A8:LeaderElection49] INFO  impl.RaftServerImpl (RaftServerImpl.java:setRole(174)) - a167ab1f-c96d-409e-bb26-ea230783d833@group-AF2E94BFA1A8: changes role from CANDIDATE to LEADER at term 1 for changeToLeader
2019-09-25 04:50:33,705 [a167ab1f-c96d-409e-bb26-ea230783d833@group-AF2E94BFA1A8:LeaderElection49] INFO  impl.RaftServerImpl (ServerState.java:setLeader(253)) - a167ab1f-c96d-409e-bb26-ea230783d833@group-AF2E94BFA1A8: change Leader from null to a167ab1f-c96d-409e-bb26-ea230783d833 at term 1 for becomeLeader, leader elected after 5174ms
2019-09-25 04:50:33,706 [a167ab1f-c96d-409e-bb26-ea230783d833@group-AF2E94BFA1A8:LeaderElection49] INFO  server.RaftServerConfigKeys (ConfUtils.java:logGet(43)) - raft.server.staging.catchup.gap = 1000 (default)
2019-09-25 04:50:33,706 [a167ab1f-c96d-409e-bb26-ea230783d833@group-AF2E94BFA1A8:LeaderElection49] INFO  server.RaftServerConfigKeys (ConfUtils.java:logGet(43)) - raft.server.rpc.sleep.time = 25ms (default)
2019-09-25 04:50:33,706 [a167ab1f-c96d-409e-bb26-ea230783d833@group-AF2E94BFA1A8:LeaderElection49] INFO  server.RaftServerConfigKeys (ConfUtils.java:logGet(43)) - raft.server.write.element-limit = 4096 (default)
2019-09-25 04:50:33,706 [a167ab1f-c96d-409e-bb26-ea230783d833@group-AF2E94BFA1A8:LeaderElection49] INFO  server.RaftServerConfigKeys (ConfUtils.java:logGet(43)) - raft.server.watch.timeout = 10s (default)
2019-09-25 04:50:33,706 [a167ab1f-c96d-409e-bb26-ea230783d833@group-AF2E94BFA1A8:LeaderElection49] INFO  server.RaftServerConfigKeys (ConfUtils.java:logGet(43)) - raft.server.watch.timeout.denomination = 1s (default)
2019-09-25 04:50:33,707 [a167ab1f-c96d-409e-bb26-ea230783d833@group-AF2E94BFA1A8:LeaderElection49] INFO  server.RaftServerConfigKeys (ConfUtils.java:logGet(43)) - raft.server.watch.element-limit = 65536 (default)
2019-09-25 04:50:33,709 [a167ab1f-c96d-409e-bb26-ea230783d833@group-AF2E94BFA1A8:LeaderElection49] INFO  impl.RoleInfo (RoleInfo.java:updateAndGet(143)) - a167ab1f-c96d-409e-bb26-ea230783d833: start LeaderState
2019-09-25 04:50:33,709 [grpc-default-executor-0] INFO  impl.RaftServerProxy (RaftServerProxy.java:addNew(89)) - b40ef231-6505-402b-ae57-fc0dc67cbbe8: addNew group-85E054ECDDC5:[b40ef231-6505-402b-ae57-fc0dc67cbbe8:192.168.151.106:41861] returns group-85E054ECDDC5:java.util.concurrent.CompletableFuture@22927751[Not completed]
2019-09-25 04:50:33,709 [a167ab1f-c96d-409e-bb26-ea230783d833@group-AF2E94BFA1A8:LeaderElection49] INFO  segmented.SegmentedRaftLogWorker (SegmentedRaftLogWorker.java:startLogSegment(380)) - a167ab1f-c96d-409e-bb26-ea230783d833@group-AF2E94BFA1A8-SegmentedRaftLogWorker: Starting segment from index:0
2019-09-25 04:50:33,710 [a167ab1f-c96d-409e-bb26-ea230783d833@group-AF2E94BFA1A8:LeaderElection49] INFO  impl.RaftServerImpl (ServerState.java:setRaftConf(354)) - a167ab1f-c96d-409e-bb26-ea230783d833@group-AF2E94BFA1A8: set configuration 0: [a167ab1f-c96d-409e-bb26-ea230783d833:192.168.151.106:33404], old=null at 0
2019-09-25 04:50:33,712 [pool-37-thread-1] INFO  impl.RaftServerImpl (RaftServerImpl.java:<init>(95)) - b40ef231-6505-402b-ae57-fc0dc67cbbe8: new RaftServerImpl for group-85E054ECDDC5:[b40ef231-6505-402b-ae57-fc0dc67cbbe8:192.168.151.106:41861] with ContainerStateMachine:uninitialized
2019-09-25 04:50:33,712 [pool-37-thread-1] INFO  server.RaftServerConfigKeys (ConfUtils.java:logGet(43)) - raft.server.rpc.timeout.min = 5s (custom)
2019-09-25 04:50:33,712 [pool-37-thread-1] INFO  server.RaftServerConfigKeys (ConfUtils.java:logGet(43)) - raft.server.rpc.timeout.max = 5200ms (custom)
2019-09-25 04:50:33,712 [pool-37-thread-1] INFO  server.RaftServerConfigKeys (ConfUtils.java:logGet(43)) - raft.server.rpcslowness.timeout = 120s (custom)
2019-09-25 04:50:33,712 [pool-37-thread-1] INFO  server.RaftServerConfigKeys (ConfUtils.java:logGet(43)) - raft.server.sleep.deviation.threshold = 300 (default)
2019-09-25 04:50:33,712 [pool-37-thread-1] INFO  server.RaftServerConfigKeys (ConfUtils.java:logGet(43)) - raft.server.log.appender.install.snapshot.enabled = false (custom)
2019-09-25 04:50:33,713 [pool-37-thread-1] INFO  impl.RaftServerImpl (ServerState.java:<init>(103)) - b40ef231-6505-402b-ae57-fc0dc67cbbe8@group-85E054ECDDC5: ConfigurationManager, init=-1: [b40ef231-6505-402b-ae57-fc0dc67cbbe8:192.168.151.106:41861], old=null, confs=<EMPTY_MAP>
2019-09-25 04:50:33,713 [pool-37-thread-1] INFO  server.RaftServerConfigKeys (ConfUtils.java:logGet(43)) - raft.server.storage.dir = [/workdir/hadoop-ozone/integration-test/target/test-dir/MiniOzoneClusterImpl-72f6cbb0-c919-4300-9939-20ef1cbf0e73/datanode-1/data/ratis] (custom)
2019-09-25 04:50:33,713 [pool-37-thread-1] INFO  storage.RaftStorageDirectory (RaftStorageDirectory.java:analyzeStorage(246)) - The storage directory /workdir/hadoop-ozone/integration-test/target/test-dir/MiniOzoneClusterImpl-72f6cbb0-c919-4300-9939-20ef1cbf0e73/datanode-1/data/ratis/0c557a19-edb2-404b-890d-85e054ecddc5 does not exist. Creating ...
2019-09-25 04:50:33,719 [Thread-397] INFO  impl.FollowerState (FollowerState.java:run(106)) - a167ab1f-c96d-409e-bb26-ea230783d833:group-5DB8FE806A7E changes to CANDIDATE, lastRpcTime:5007, electionTimeout:5007ms
2019-09-25 04:50:33,719 [Thread-397] INFO  impl.RoleInfo (RoleInfo.java:shutdownFollowerState(121)) - a167ab1f-c96d-409e-bb26-ea230783d833: shutdown FollowerState
2019-09-25 04:50:33,719 [Thread-397] INFO  impl.RaftServerImpl (RaftServerImpl.java:setRole(174)) - a167ab1f-c96d-409e-bb26-ea230783d833@group-5DB8FE806A7E: changes role from  FOLLOWER to CANDIDATE at term 0 for changeToCandidate
2019-09-25 04:50:33,719 [Thread-397] INFO  impl.RoleInfo (RoleInfo.java:updateAndGet(143)) - a167ab1f-c96d-409e-bb26-ea230783d833: start LeaderElection
2019-09-25 04:50:33,730 [pool-37-thread-1] INFO  storage.RaftStorageDirectory (RaftStorageDirectory.java:tryLock(328)) - Lock on /workdir/hadoop-ozone/integration-test/target/test-dir/MiniOzoneClusterImpl-72f6cbb0-c919-4300-9939-20ef1cbf0e73/datanode-1/data/ratis/0c557a19-edb2-404b-890d-85e054ecddc5/in_use.lock acquired by nodename 13648@pr-hdds-1569-x2sr2-3486766547
2019-09-25 04:50:33,730 [c35819d4-86f4-4223-a458-676070fe0cbb@group-A57AB2DB280B-SegmentedRaftLogWorker] INFO  segmented.SegmentedRaftLogWorker (SegmentedRaftLogWorker.java:execute(569)) - c35819d4-86f4-4223-a458-676070fe0cbb@group-A57AB2DB280B-SegmentedRaftLogWorker: created new log segment /workdir/hadoop-ozone/integration-test/target/test-dir/MiniOzoneClusterImpl-72f6cbb0-c919-4300-9939-20ef1cbf0e73/datanode-0/data/ratis/56abc1b8-07f3-40bc-bf31-a57ab2db280b/current/log_inprogress_0
2019-09-25 04:50:33,748 [9216b865-ce6b-4fb7-bc99-65479a86b6eb@group-627BA79D4D93-SegmentedRaftLogWorker] INFO  segmented.SegmentedRaftLogWorker (SegmentedRaftLogWorker.java:execute(569)) - 9216b865-ce6b-4fb7-bc99-65479a86b6eb@group-627BA79D4D93-SegmentedRaftLogWorker: created new log segment /workdir/hadoop-ozone/integration-test/target/test-dir/MiniOzoneClusterImpl-72f6cbb0-c919-4300-9939-20ef1cbf0e73/datanode-5/data/ratis/06dcdedf-cfff-420b-bc14-627ba79d4d93/current/log_inprogress_0
2019-09-25 04:50:33,756 [a167ab1f-c96d-409e-bb26-ea230783d833@group-5DB8FE806A7E:LeaderElection50] INFO  impl.LeaderElection (LeaderElection.java:askForVotes(182)) - a167ab1f-c96d-409e-bb26-ea230783d833@group-5DB8FE806A7E:LeaderElection50: begin an election at term 1 for -1: [a167ab1f-c96d-409e-bb26-ea230783d833:192.168.151.106:33404], old=null
2019-09-25 04:50:33,756 [a167ab1f-c96d-409e-bb26-ea230783d833@group-5DB8FE806A7E:LeaderElection50] INFO  impl.RoleInfo (RoleInfo.java:shutdownLeaderElection(134)) - a167ab1f-c96d-409e-bb26-ea230783d833: shutdown LeaderElection
2019-09-25 04:50:33,757 [a167ab1f-c96d-409e-bb26-ea230783d833@group-5DB8FE806A7E:LeaderElection50] INFO  impl.RaftServerImpl (RaftServerImpl.java:setRole(174)) - a167ab1f-c96d-409e-bb26-ea230783d833@group-5DB8FE806A7E: changes role from CANDIDATE to LEADER at term 1 for changeToLeader
2019-09-25 04:50:33,757 [a167ab1f-c96d-409e-bb26-ea230783d833@group-5DB8FE806A7E:LeaderElection50] INFO  impl.RaftServerImpl (ServerState.java:setLeader(253)) - a167ab1f-c96d-409e-bb26-ea230783d833@group-5DB8FE806A7E: change Leader from null to a167ab1f-c96d-409e-bb26-ea230783d833 at term 1 for becomeLeader, leader elected after 5052ms
2019-09-25 04:50:33,757 [Thread-391] INFO  impl.FollowerState (FollowerState.java:run(106)) - 4f7802c6-3418-4fbd-b0c6-a8e36fcecb0a:group-134A519B952E changes to CANDIDATE, lastRpcTime:5126, electionTimeout:5126ms
2019-09-25 04:50:33,757 [a167ab1f-c96d-409e-bb26-ea230783d833@group-5DB8FE806A7E:LeaderElection50] INFO  server.RaftServerConfigKeys (ConfUtils.java:logGet(43)) - raft.server.staging.catchup.gap = 1000 (default)
2019-09-25 04:50:33,757 [Thread-391] INFO  impl.RoleInfo (RoleInfo.java:shutdownFollowerState(121)) - 4f7802c6-3418-4fbd-b0c6-a8e36fcecb0a: shutdown FollowerState
2019-09-25 04:50:33,757 [a167ab1f-c96d-409e-bb26-ea230783d833@group-5DB8FE806A7E:LeaderElection50] INFO  server.RaftServerConfigKeys (ConfUtils.java:logGet(43)) - raft.server.rpc.sleep.time = 25ms (default)
2019-09-25 04:50:33,757 [Thread-391] INFO  impl.RaftServerImpl (RaftServerImpl.java:setRole(174)) - 4f7802c6-3418-4fbd-b0c6-a8e36fcecb0a@group-134A519B952E: changes role from  FOLLOWER to CANDIDATE at term 0 for changeToCandidate
2019-09-25 04:50:33,757 [a167ab1f-c96d-409e-bb26-ea230783d833@group-5DB8FE806A7E:LeaderElection50] INFO  server.RaftServerConfigKeys (ConfUtils.java:logGet(43)) - raft.server.write.element-limit = 4096 (default)
2019-09-25 04:50:33,758 [Thread-391] INFO  impl.RoleInfo (RoleInfo.java:updateAndGet(143)) - 4f7802c6-3418-4fbd-b0c6-a8e36fcecb0a: start LeaderElection
2019-09-25 04:50:33,758 [a167ab1f-c96d-409e-bb26-ea230783d833@group-5DB8FE806A7E:LeaderElection50] INFO  server.RaftServerConfigKeys (ConfUtils.java:logGet(43)) - raft.server.watch.timeout = 10s (default)
2019-09-25 04:50:33,758 [a167ab1f-c96d-409e-bb26-ea230783d833@group-5DB8FE806A7E:LeaderElection50] INFO  server.RaftServerConfigKeys (ConfUtils.java:logGet(43)) - raft.server.watch.timeout.denomination = 1s (default)
2019-09-25 04:50:33,758 [a167ab1f-c96d-409e-bb26-ea230783d833@group-5DB8FE806A7E:LeaderElection50] INFO  server.RaftServerConfigKeys (ConfUtils.java:logGet(43)) - raft.server.watch.element-limit = 65536 (default)
2019-09-25 04:50:33,759 [pool-37-thread-1] INFO  storage.RaftStorage (RaftStorage.java:format(72)) - Storage directory /workdir/hadoop-ozone/integration-test/target/test-dir/MiniOzoneClusterImpl-72f6cbb0-c919-4300-9939-20ef1cbf0e73/datanode-1/data/ratis/0c557a19-edb2-404b-890d-85e054ecddc5 has been successfully formatted.
2019-09-25 04:50:33,759 [pool-37-thread-1] INFO  ratis.ContainerStateMachine (ContainerStateMachine.java:loadSnapshot(230)) - group-85E054ECDDC5: The snapshot info is null. Setting the last applied indexto:(t:0, i:~)
2019-09-25 04:50:33,760 [a167ab1f-c96d-409e-bb26-ea230783d833@group-5DB8FE806A7E:LeaderElection50] INFO  impl.RoleInfo (RoleInfo.java:updateAndGet(143)) - a167ab1f-c96d-409e-bb26-ea230783d833: start LeaderState
2019-09-25 04:50:33,760 [pool-37-thread-1] INFO  server.RaftServerConfigKeys (ConfUtils.java:logGet(43)) - raft.server.notification.no-leader.timeout = 120s (custom)
2019-09-25 04:50:33,760 [a167ab1f-c96d-409e-bb26-ea230783d833@group-5DB8FE806A7E:LeaderElection50] INFO  segmented.SegmentedRaftLogWorker (SegmentedRaftLogWorker.java:startLogSegment(380)) - a167ab1f-c96d-409e-bb26-ea230783d833@group-5DB8FE806A7E-SegmentedRaftLogWorker: Starting segment from index:0
2019-09-25 04:50:33,760 [pool-37-thread-1] INFO  server.RaftServerConfigKeys (ConfUtils.java:logGet(43)) - raft.server.log.use.memory = false (default)
2019-09-25 04:50:33,760 [pool-37-thread-1] INFO  server.RaftServerConfigKeys (ConfUtils.java:logGet(43)) - raft.server.log.purge.gap = 1000000 (custom)
2019-09-25 04:50:33,760 [a167ab1f-c96d-409e-bb26-ea230783d833@group-5DB8FE806A7E:LeaderElection50] INFO  impl.RaftServerImpl (ServerState.java:setRaftConf(354)) - a167ab1f-c96d-409e-bb26-ea230783d833@group-5DB8FE806A7E: set configuration 0: [a167ab1f-c96d-409e-bb26-ea230783d833:192.168.151.106:33404], old=null at 0
2019-09-25 04:50:33,760 [pool-37-thread-1] INFO  server.RaftServerConfigKeys (ConfUtils.java:logGet(43)) - raft.server.log.appender.buffer.byte-limit = 33554432 (custom)
2019-09-25 04:50:33,761 [pool-37-thread-1] INFO  server.RaftServerConfigKeys (ConfUtils.java:logGet(43)) - raft.server.log.segment.size.max = 1048576 (custom)
2019-09-25 04:50:33,761 [pool-37-thread-1] INFO  server.RaftServerConfigKeys (ConfUtils.java:logGet(43)) - raft.server.log.segment.cache.num.max = 2 (custom)
2019-09-25 04:50:33,761 [pool-37-thread-1] INFO  segmented.SegmentedRaftLogWorker (SegmentedRaftLogWorker.java:<init>(172)) - new b40ef231-6505-402b-ae57-fc0dc67cbbe8@group-85E054ECDDC5-SegmentedRaftLogWorker for RaftStorage:Storage Directory /workdir/hadoop-ozone/integration-test/target/test-dir/MiniOzoneClusterImpl-72f6cbb0-c919-4300-9939-20ef1cbf0e73/datanode-1/data/ratis/0c557a19-edb2-404b-890d-85e054ecddc5
2019-09-25 04:50:33,761 [pool-37-thread-1] INFO  server.RaftServerConfigKeys (ConfUtils.java:logGet(43)) - raft.server.log.queue.byte-limit = 2147483647 (custom)
2019-09-25 04:50:33,761 [pool-37-thread-1] INFO  server.RaftServerConfigKeys (ConfUtils.java:logGet(43)) - raft.server.log.queue.element-limit = 1024 (custom)
2019-09-25 04:50:33,761 [pool-37-thread-1] INFO  server.RaftServerConfigKeys (ConfUtils.java:logGet(43)) - raft.server.log.segment.size.max = 1048576 (custom)
2019-09-25 04:50:33,762 [pool-37-thread-1] INFO  server.RaftServerConfigKeys (ConfUtils.java:logGet(43)) - raft.server.log.preallocated.size = 16384 (custom)
2019-09-25 04:50:33,762 [pool-37-thread-1] INFO  server.RaftServerConfigKeys (ConfUtils.java:logGet(43)) - raft.server.log.write.buffer.size = 33554432 (custom)
2019-09-25 04:50:33,762 [pool-37-thread-1] INFO  server.RaftServerConfigKeys (ConfUtils.java:logGet(43)) - raft.server.log.force.sync.num = 128 (default)
2019-09-25 04:50:33,762 [pool-37-thread-1] INFO  server.RaftServerConfigKeys (ConfUtils.java:logGet(43)) - raft.server.log.statemachine.data.sync = true (default)
2019-09-25 04:50:33,762 [pool-37-thread-1] INFO  server.RaftServerConfigKeys (ConfUtils.java:logGet(43)) - raft.server.log.statemachine.data.sync.timeout = 10s (default)
2019-09-25 04:50:33,762 [pool-37-thread-1] INFO  server.RaftServerConfigKeys (ConfUtils.java:logGet(43)) - raft.server.log.statemachine.data.sync.timeout.retry = -1 (default)
2019-09-25 04:50:33,763 [pool-37-thread-1] INFO  server.RaftServerConfigKeys (ConfUtils.java:logGet(43)) - raft.server.log.statemachine.data.caching.enabled = true (custom)
2019-09-25 04:50:33,763 [pool-37-thread-1] INFO  segmented.SegmentedRaftLogWorker (SegmentedRaftLogWorker.java:lambda$new$0(132)) - b40ef231-6505-402b-ae57-fc0dc67cbbe8@group-85E054ECDDC5-SegmentedRaftLogWorker: flushIndex: setUnconditionally 0 -> -1
2019-09-25 04:50:33,763 [pool-37-thread-1] INFO  server.RaftServerConfigKeys (ConfUtils.java:logGet(43)) - raft.server.snapshot.auto.trigger.enabled = true (custom)
2019-09-25 04:50:33,763 [pool-37-thread-1] INFO  server.RaftServerConfigKeys (ConfUtils.java:logGet(43)) - raft.server.snapshot.auto.trigger.threshold = 10000 (custom)
2019-09-25 04:50:33,763 [pool-37-thread-1] INFO  server.RaftServerConfigKeys (ConfUtils.java:logGet(43)) - raft.server.snapshot.retention.num.files = 5 (custom)
2019-09-25 04:50:33,764 [pool-37-thread-1] INFO  server.RaftServerConfigKeys (ConfUtils.java:logGet(43)) - raft.server.retrycache.expirytime = 600000ms (custom)
2019-09-25 04:50:33,766 [pool-37-thread-1] INFO  impl.RaftServerImpl (RaftServerImpl.java:start(185)) - b40ef231-6505-402b-ae57-fc0dc67cbbe8@group-85E054ECDDC5: start as a follower, conf=-1: [b40ef231-6505-402b-ae57-fc0dc67cbbe8:192.168.151.106:41861], old=null
2019-09-25 04:50:33,766 [pool-37-thread-1] INFO  impl.RaftServerImpl (RaftServerImpl.java:setRole(174)) - b40ef231-6505-402b-ae57-fc0dc67cbbe8@group-85E054ECDDC5: changes role from      null to FOLLOWER at term 0 for startAsFollower
2019-09-25 04:50:33,767 [pool-37-thread-1] INFO  impl.RoleInfo (RoleInfo.java:updateAndGet(143)) - b40ef231-6505-402b-ae57-fc0dc67cbbe8: start FollowerState
2019-09-25 04:50:33,767 [pool-37-thread-1] INFO  util.JmxRegister (JmxRegister.java:tryRegister(44)) - Successfully registered JMX Bean with object name Ratis:service=RaftServer,group=group-85E054ECDDC5,id=b40ef231-6505-402b-ae57-fc0dc67cbbe8
2019-09-25 04:50:33,770 [RatisPipelineUtilsThread] INFO  pipeline.PipelineStateManager (PipelineStateManager.java:addPipeline(56)) - Created pipeline Pipeline[ Id: 0c557a19-edb2-404b-890d-85e054ecddc5, Nodes: b40ef231-6505-402b-ae57-fc0dc67cbbe8{ip: 192.168.151.106, host: pr-hdds-1569-x2sr2-3486766547, networkLocation: /default-rack, certSerialId: null}, Type:RATIS, Factor:ONE, State:OPEN]
2019-09-25 04:50:33,771 [a167ab1f-c96d-409e-bb26-ea230783d833@group-AF2E94BFA1A8-SegmentedRaftLogWorker] INFO  segmented.SegmentedRaftLogWorker (SegmentedRaftLogWorker.java:execute(569)) - a167ab1f-c96d-409e-bb26-ea230783d833@group-AF2E94BFA1A8-SegmentedRaftLogWorker: created new log segment /workdir/hadoop-ozone/integration-test/target/test-dir/MiniOzoneClusterImpl-72f6cbb0-c919-4300-9939-20ef1cbf0e73/datanode-2/data/ratis/5a7d4ac0-1695-4198-a2c0-af2e94bfa1a8/current/log_inprogress_0
2019-09-25 04:50:33,771 [4f7802c6-3418-4fbd-b0c6-a8e36fcecb0a@group-134A519B952E:LeaderElection51] INFO  impl.LeaderElection (LeaderElection.java:askForVotes(182)) - 4f7802c6-3418-4fbd-b0c6-a8e36fcecb0a@group-134A519B952E:LeaderElection51: begin an election at term 1 for -1: [4f7802c6-3418-4fbd-b0c6-a8e36fcecb0a:192.168.151.106:42026], old=null
2019-09-25 04:50:33,771 [4f7802c6-3418-4fbd-b0c6-a8e36fcecb0a@group-134A519B952E:LeaderElection51] INFO  impl.RoleInfo (RoleInfo.java:shutdownLeaderElection(134)) - 4f7802c6-3418-4fbd-b0c6-a8e36fcecb0a: shutdown LeaderElection
2019-09-25 04:50:33,771 [4f7802c6-3418-4fbd-b0c6-a8e36fcecb0a@group-134A519B952E:LeaderElection51] INFO  impl.RaftServerImpl (RaftServerImpl.java:setRole(174)) - 4f7802c6-3418-4fbd-b0c6-a8e36fcecb0a@group-134A519B952E: changes role from CANDIDATE to LEADER at term 1 for changeToLeader
2019-09-25 04:50:33,771 [4f7802c6-3418-4fbd-b0c6-a8e36fcecb0a@group-134A519B952E:LeaderElection51] INFO  impl.RaftServerImpl (ServerState.java:setLeader(253)) - 4f7802c6-3418-4fbd-b0c6-a8e36fcecb0a@group-134A519B952E: change Leader from null to 4f7802c6-3418-4fbd-b0c6-a8e36fcecb0a at term 1 for becomeLeader, leader elected after 5148ms
2019-09-25 04:50:33,771 [4f7802c6-3418-4fbd-b0c6-a8e36fcecb0a@group-134A519B952E:LeaderElection51] INFO  server.RaftServerConfigKeys (ConfUtils.java:logGet(43)) - raft.server.staging.catchup.gap = 1000 (default)
2019-09-25 04:50:33,771 [4f7802c6-3418-4fbd-b0c6-a8e36fcecb0a@group-134A519B952E:LeaderElection51] INFO  server.RaftServerConfigKeys (ConfUtils.java:logGet(43)) - raft.server.rpc.sleep.time = 25ms (default)
2019-09-25 04:50:33,772 [4f7802c6-3418-4fbd-b0c6-a8e36fcecb0a@group-134A519B952E:LeaderElection51] INFO  server.RaftServerConfigKeys (ConfUtils.java:logGet(43)) - raft.server.write.element-limit = 4096 (default)
2019-09-25 04:50:33,772 [4f7802c6-3418-4fbd-b0c6-a8e36fcecb0a@group-134A519B952E:LeaderElection51] INFO  server.RaftServerConfigKeys (ConfUtils.java:logGet(43)) - raft.server.watch.timeout = 10s (default)
2019-09-25 04:50:33,772 [4f7802c6-3418-4fbd-b0c6-a8e36fcecb0a@group-134A519B952E:LeaderElection51] INFO  server.RaftServerConfigKeys (ConfUtils.java:logGet(43)) - raft.server.watch.timeout.denomination = 1s (default)
2019-09-25 04:50:33,772 [4f7802c6-3418-4fbd-b0c6-a8e36fcecb0a@group-134A519B952E:LeaderElection51] INFO  server.RaftServerConfigKeys (ConfUtils.java:logGet(43)) - raft.server.watch.element-limit = 65536 (default)
2019-09-25 04:50:33,774 [4f7802c6-3418-4fbd-b0c6-a8e36fcecb0a@group-134A519B952E:LeaderElection51] INFO  impl.RoleInfo (RoleInfo.java:updateAndGet(143)) - 4f7802c6-3418-4fbd-b0c6-a8e36fcecb0a: start LeaderState
2019-09-25 04:50:33,775 [4f7802c6-3418-4fbd-b0c6-a8e36fcecb0a@group-134A519B952E:LeaderElection51] INFO  segmented.SegmentedRaftLogWorker (SegmentedRaftLogWorker.java:startLogSegment(380)) - 4f7802c6-3418-4fbd-b0c6-a8e36fcecb0a@group-134A519B952E-SegmentedRaftLogWorker: Starting segment from index:0
2019-09-25 04:50:33,775 [4f7802c6-3418-4fbd-b0c6-a8e36fcecb0a@group-134A519B952E:LeaderElection51] INFO  impl.RaftServerImpl (ServerState.java:setRaftConf(354)) - 4f7802c6-3418-4fbd-b0c6-a8e36fcecb0a@group-134A519B952E: set configuration 0: [4f7802c6-3418-4fbd-b0c6-a8e36fcecb0a:192.168.151.106:42026], old=null at 0
2019-09-25 04:50:33,775 [grpc-default-executor-0] INFO  impl.RaftServerProxy (RaftServerProxy.java:addNew(89)) - a167ab1f-c96d-409e-bb26-ea230783d833: addNew group-B5C234A72D45:[a167ab1f-c96d-409e-bb26-ea230783d833:192.168.151.106:33404] returns group-B5C234A72D45:java.util.concurrent.CompletableFuture@1d4e48a6[Not completed]
2019-09-25 04:50:33,776 [pool-47-thread-1] INFO  impl.RaftServerImpl (RaftServerImpl.java:<init>(95)) - a167ab1f-c96d-409e-bb26-ea230783d833: new RaftServerImpl for group-B5C234A72D45:[a167ab1f-c96d-409e-bb26-ea230783d833:192.168.151.106:33404] with ContainerStateMachine:uninitialized
2019-09-25 04:50:33,776 [pool-47-thread-1] INFO  server.RaftServerConfigKeys (ConfUtils.java:logGet(43)) - raft.server.rpc.timeout.min = 5s (custom)
2019-09-25 04:50:33,777 [pool-47-thread-1] INFO  server.RaftServerConfigKeys (ConfUtils.java:logGet(43)) - raft.server.rpc.timeout.max = 5200ms (custom)
2019-09-25 04:50:33,777 [pool-47-thread-1] INFO  server.RaftServerConfigKeys (ConfUtils.java:logGet(43)) - raft.server.rpcslowness.timeout = 120s (custom)
2019-09-25 04:50:33,777 [pool-47-thread-1] INFO  server.RaftServerConfigKeys (ConfUtils.java:logGet(43)) - raft.server.sleep.deviation.threshold = 300 (default)
2019-09-25 04:50:33,777 [pool-47-thread-1] INFO  server.RaftServerConfigKeys (ConfUtils.java:logGet(43)) - raft.server.log.appender.install.snapshot.enabled = false (custom)
2019-09-25 04:50:33,777 [pool-47-thread-1] INFO  impl.RaftServerImpl (ServerState.java:<init>(103)) - a167ab1f-c96d-409e-bb26-ea230783d833@group-B5C234A72D45: ConfigurationManager, init=-1: [a167ab1f-c96d-409e-bb26-ea230783d833:192.168.151.106:33404], old=null, confs=<EMPTY_MAP>
2019-09-25 04:50:33,777 [pool-47-thread-1] INFO  server.RaftServerConfigKeys (ConfUtils.java:logGet(43)) - raft.server.storage.dir = [/workdir/hadoop-ozone/integration-test/target/test-dir/MiniOzoneClusterImpl-72f6cbb0-c919-4300-9939-20ef1cbf0e73/datanode-2/data/ratis] (custom)
2019-09-25 04:50:33,778 [pool-47-thread-1] INFO  storage.RaftStorageDirectory (RaftStorageDirectory.java:analyzeStorage(246)) - The storage directory /workdir/hadoop-ozone/integration-test/target/test-dir/MiniOzoneClusterImpl-72f6cbb0-c919-4300-9939-20ef1cbf0e73/datanode-2/data/ratis/62672d3f-5733-4c42-961c-b5c234a72d45 does not exist. Creating ...
2019-09-25 04:50:33,784 [pool-47-thread-1] INFO  storage.RaftStorageDirectory (RaftStorageDirectory.java:tryLock(328)) - Lock on /workdir/hadoop-ozone/integration-test/target/test-dir/MiniOzoneClusterImpl-72f6cbb0-c919-4300-9939-20ef1cbf0e73/datanode-2/data/ratis/62672d3f-5733-4c42-961c-b5c234a72d45/in_use.lock acquired by nodename 13648@pr-hdds-1569-x2sr2-3486766547
2019-09-25 04:50:33,797 [pool-47-thread-1] INFO  storage.RaftStorage (RaftStorage.java:format(72)) - Storage directory /workdir/hadoop-ozone/integration-test/target/test-dir/MiniOzoneClusterImpl-72f6cbb0-c919-4300-9939-20ef1cbf0e73/datanode-2/data/ratis/62672d3f-5733-4c42-961c-b5c234a72d45 has been successfully formatted.
2019-09-25 04:50:33,797 [pool-47-thread-1] INFO  ratis.ContainerStateMachine (ContainerStateMachine.java:loadSnapshot(230)) - group-B5C234A72D45: The snapshot info is null. Setting the last applied indexto:(t:0, i:~)
2019-09-25 04:50:33,797 [pool-47-thread-1] INFO  server.RaftServerConfigKeys (ConfUtils.java:logGet(43)) - raft.server.notification.no-leader.timeout = 120s (custom)
2019-09-25 04:50:33,797 [pool-47-thread-1] INFO  server.RaftServerConfigKeys (ConfUtils.java:logGet(43)) - raft.server.log.use.memory = false (default)
2019-09-25 04:50:33,797 [pool-47-thread-1] INFO  server.RaftServerConfigKeys (ConfUtils.java:logGet(43)) - raft.server.log.purge.gap = 1000000 (custom)
2019-09-25 04:50:33,798 [pool-47-thread-1] INFO  server.RaftServerConfigKeys (ConfUtils.java:logGet(43)) - raft.server.log.appender.buffer.byte-limit = 33554432 (custom)
2019-09-25 04:50:33,798 [pool-47-thread-1] INFO  server.RaftServerConfigKeys (ConfUtils.java:logGet(43)) - raft.server.log.segment.size.max = 1048576 (custom)
2019-09-25 04:50:33,798 [pool-47-thread-1] INFO  server.RaftServerConfigKeys (ConfUtils.java:logGet(43)) - raft.server.log.segment.cache.num.max = 2 (custom)
2019-09-25 04:50:33,798 [pool-47-thread-1] INFO  segmented.SegmentedRaftLogWorker (SegmentedRaftLogWorker.java:<init>(172)) - new a167ab1f-c96d-409e-bb26-ea230783d833@group-B5C234A72D45-SegmentedRaftLogWorker for RaftStorage:Storage Directory /workdir/hadoop-ozone/integration-test/target/test-dir/MiniOzoneClusterImpl-72f6cbb0-c919-4300-9939-20ef1cbf0e73/datanode-2/data/ratis/62672d3f-5733-4c42-961c-b5c234a72d45
2019-09-25 04:50:33,798 [pool-47-thread-1] INFO  server.RaftServerConfigKeys (ConfUtils.java:logGet(43)) - raft.server.log.queue.byte-limit = 2147483647 (custom)
2019-09-25 04:50:33,798 [pool-47-thread-1] INFO  server.RaftServerConfigKeys (ConfUtils.java:logGet(43)) - raft.server.log.queue.element-limit = 1024 (custom)
2019-09-25 04:50:33,799 [pool-47-thread-1] INFO  server.RaftServerConfigKeys (ConfUtils.java:logGet(43)) - raft.server.log.segment.size.max = 1048576 (custom)
2019-09-25 04:50:33,799 [pool-47-thread-1] INFO  server.RaftServerConfigKeys (ConfUtils.java:logGet(43)) - raft.server.log.preallocated.size = 16384 (custom)
2019-09-25 04:50:33,799 [pool-47-thread-1] INFO  server.RaftServerConfigKeys (ConfUtils.java:logGet(43)) - raft.server.log.write.buffer.size = 33554432 (custom)
2019-09-25 04:50:33,799 [pool-47-thread-1] INFO  server.RaftServerConfigKeys (ConfUtils.java:logGet(43)) - raft.server.log.force.sync.num = 128 (default)
2019-09-25 04:50:33,799 [pool-47-thread-1] INFO  server.RaftServerConfigKeys (ConfUtils.java:logGet(43)) - raft.server.log.statemachine.data.sync = true (default)
2019-09-25 04:50:33,799 [pool-47-thread-1] INFO  server.RaftServerConfigKeys (ConfUtils.java:logGet(43)) - raft.server.log.statemachine.data.sync.timeout = 10s (default)
2019-09-25 04:50:33,800 [pool-47-thread-1] INFO  server.RaftServerConfigKeys (ConfUtils.java:logGet(43)) - raft.server.log.statemachine.data.sync.timeout.retry = -1 (default)
2019-09-25 04:50:33,800 [pool-47-thread-1] INFO  server.RaftServerConfigKeys (ConfUtils.java:logGet(43)) - raft.server.log.statemachine.data.caching.enabled = true (custom)
2019-09-25 04:50:33,800 [pool-47-thread-1] INFO  segmented.SegmentedRaftLogWorker (SegmentedRaftLogWorker.java:lambda$new$0(132)) - a167ab1f-c96d-409e-bb26-ea230783d833@group-B5C234A72D45-SegmentedRaftLogWorker: flushIndex: setUnconditionally 0 -> -1
2019-09-25 04:50:33,801 [pool-47-thread-1] INFO  server.RaftServerConfigKeys (ConfUtils.java:logGet(43)) - raft.server.snapshot.auto.trigger.enabled = true (custom)
2019-09-25 04:50:33,801 [pool-47-thread-1] INFO  server.RaftServerConfigKeys (ConfUtils.java:logGet(43)) - raft.server.snapshot.auto.trigger.threshold = 10000 (custom)
2019-09-25 04:50:33,801 [pool-47-thread-1] INFO  server.RaftServerConfigKeys (ConfUtils.java:logGet(43)) - raft.server.snapshot.retention.num.files = 5 (custom)
2019-09-25 04:50:33,801 [pool-47-thread-1] INFO  server.RaftServerConfigKeys (ConfUtils.java:logGet(43)) - raft.server.retrycache.expirytime = 600000ms (custom)
2019-09-25 04:50:33,804 [pool-47-thread-1] INFO  impl.RaftServerImpl (RaftServerImpl.java:start(185)) - a167ab1f-c96d-409e-bb26-ea230783d833@group-B5C234A72D45: start as a follower, conf=-1: [a167ab1f-c96d-409e-bb26-ea230783d833:192.168.151.106:33404], old=null
2019-09-25 04:50:33,804 [pool-47-thread-1] INFO  impl.RaftServerImpl (RaftServerImpl.java:setRole(174)) - a167ab1f-c96d-409e-bb26-ea230783d833@group-B5C234A72D45: changes role from      null to FOLLOWER at term 0 for startAsFollower
2019-09-25 04:50:33,804 [pool-47-thread-1] INFO  impl.RoleInfo (RoleInfo.java:updateAndGet(143)) - a167ab1f-c96d-409e-bb26-ea230783d833: start FollowerState
2019-09-25 04:50:33,805 [pool-47-thread-1] INFO  util.JmxRegister (JmxRegister.java:tryRegister(44)) - Successfully registered JMX Bean with object name Ratis:service=RaftServer,group=group-B5C234A72D45,id=a167ab1f-c96d-409e-bb26-ea230783d833
2019-09-25 04:50:33,809 [RatisPipelineUtilsThread] INFO  pipeline.PipelineStateManager (PipelineStateManager.java:addPipeline(56)) - Created pipeline Pipeline[ Id: 62672d3f-5733-4c42-961c-b5c234a72d45, Nodes: a167ab1f-c96d-409e-bb26-ea230783d833{ip: 192.168.151.106, host: pr-hdds-1569-x2sr2-3486766547, networkLocation: /default-rack, certSerialId: null}, Type:RATIS, Factor:ONE, State:OPEN]
2019-09-25 04:50:33,814 [grpc-default-executor-0] INFO  impl.RaftServerProxy (RaftServerProxy.java:addNew(89)) - a167ab1f-c96d-409e-bb26-ea230783d833: addNew group-B4FD14FF07AB:[a167ab1f-c96d-409e-bb26-ea230783d833:192.168.151.106:33404] returns group-B4FD14FF07AB:java.util.concurrent.CompletableFuture@5533704b[Not completed]
2019-09-25 04:50:33,815 [pool-47-thread-1] INFO  impl.RaftServerImpl (RaftServerImpl.java:<init>(95)) - a167ab1f-c96d-409e-bb26-ea230783d833: new RaftServerImpl for group-B4FD14FF07AB:[a167ab1f-c96d-409e-bb26-ea230783d833:192.168.151.106:33404] with ContainerStateMachine:uninitialized
2019-09-25 04:50:33,816 [pool-47-thread-1] INFO  server.RaftServerConfigKeys (ConfUtils.java:logGet(43)) - raft.server.rpc.timeout.min = 5s (custom)
2019-09-25 04:50:33,816 [pool-47-thread-1] INFO  server.RaftServerConfigKeys (ConfUtils.java:logGet(43)) - raft.server.rpc.timeout.max = 5200ms (custom)
2019-09-25 04:50:33,816 [pool-47-thread-1] INFO  server.RaftServerConfigKeys (ConfUtils.java:logGet(43)) - raft.server.rpcslowness.timeout = 120s (custom)
2019-09-25 04:50:33,816 [pool-47-thread-1] INFO  server.RaftServerConfigKeys (ConfUtils.java:logGet(43)) - raft.server.sleep.deviation.threshold = 300 (default)
2019-09-25 04:50:33,816 [pool-47-thread-1] INFO  server.RaftServerConfigKeys (ConfUtils.java:logGet(43)) - raft.server.log.appender.install.snapshot.enabled = false (custom)
2019-09-25 04:50:33,816 [pool-47-thread-1] INFO  impl.RaftServerImpl (ServerState.java:<init>(103)) - a167ab1f-c96d-409e-bb26-ea230783d833@group-B4FD14FF07AB: ConfigurationManager, init=-1: [a167ab1f-c96d-409e-bb26-ea230783d833:192.168.151.106:33404], old=null, confs=<EMPTY_MAP>
2019-09-25 04:50:33,816 [pool-47-thread-1] INFO  server.RaftServerConfigKeys (ConfUtils.java:logGet(43)) - raft.server.storage.dir = [/workdir/hadoop-ozone/integration-test/target/test-dir/MiniOzoneClusterImpl-72f6cbb0-c919-4300-9939-20ef1cbf0e73/datanode-2/data/ratis] (custom)
2019-09-25 04:50:33,817 [pool-47-thread-1] INFO  storage.RaftStorageDirectory (RaftStorageDirectory.java:analyzeStorage(246)) - The storage directory /workdir/hadoop-ozone/integration-test/target/test-dir/MiniOzoneClusterImpl-72f6cbb0-c919-4300-9939-20ef1cbf0e73/datanode-2/data/ratis/74f8569b-66f0-4da6-8da2-b4fd14ff07ab does not exist. Creating ...
2019-09-25 04:50:33,824 [pool-47-thread-1] INFO  storage.RaftStorageDirectory (RaftStorageDirectory.java:tryLock(328)) - Lock on /workdir/hadoop-ozone/integration-test/target/test-dir/MiniOzoneClusterImpl-72f6cbb0-c919-4300-9939-20ef1cbf0e73/datanode-2/data/ratis/74f8569b-66f0-4da6-8da2-b4fd14ff07ab/in_use.lock acquired by nodename 13648@pr-hdds-1569-x2sr2-3486766547
2019-09-25 04:50:33,824 [4f7802c6-3418-4fbd-b0c6-a8e36fcecb0a@group-134A519B952E-SegmentedRaftLogWorker] INFO  segmented.SegmentedRaftLogWorker (SegmentedRaftLogWorker.java:execute(569)) - 4f7802c6-3418-4fbd-b0c6-a8e36fcecb0a@group-134A519B952E-SegmentedRaftLogWorker: created new log segment /workdir/hadoop-ozone/integration-test/target/test-dir/MiniOzoneClusterImpl-72f6cbb0-c919-4300-9939-20ef1cbf0e73/datanode-3/data/ratis/ca678399-7ad5-4833-82cc-134a519b952e/current/log_inprogress_0
2019-09-25 04:50:33,824 [a167ab1f-c96d-409e-bb26-ea230783d833@group-5DB8FE806A7E-SegmentedRaftLogWorker] INFO  segmented.SegmentedRaftLogWorker (SegmentedRaftLogWorker.java:execute(569)) - a167ab1f-c96d-409e-bb26-ea230783d833@group-5DB8FE806A7E-SegmentedRaftLogWorker: created new log segment /workdir/hadoop-ozone/integration-test/target/test-dir/MiniOzoneClusterImpl-72f6cbb0-c919-4300-9939-20ef1cbf0e73/datanode-2/data/ratis/9b13a552-dbd2-407c-9d40-5db8fe806a7e/current/log_inprogress_0
2019-09-25 04:50:33,835 [Thread-394] INFO  impl.FollowerState (FollowerState.java:run(106)) - c35819d4-86f4-4223-a458-676070fe0cbb:group-D51B88E27553 changes to CANDIDATE, lastRpcTime:5166, electionTimeout:5166ms
2019-09-25 04:50:33,835 [Thread-394] INFO  impl.RoleInfo (RoleInfo.java:shutdownFollowerState(121)) - c35819d4-86f4-4223-a458-676070fe0cbb: shutdown FollowerState
2019-09-25 04:50:33,835 [Thread-394] INFO  impl.RaftServerImpl (RaftServerImpl.java:setRole(174)) - c35819d4-86f4-4223-a458-676070fe0cbb@group-D51B88E27553: changes role from  FOLLOWER to CANDIDATE at term 0 for changeToCandidate
2019-09-25 04:50:33,835 [Thread-394] INFO  impl.RoleInfo (RoleInfo.java:updateAndGet(143)) - c35819d4-86f4-4223-a458-676070fe0cbb: start LeaderElection
2019-09-25 04:50:33,839 [Thread-400] INFO  impl.FollowerState (FollowerState.java:run(106)) - c35819d4-86f4-4223-a458-676070fe0cbb:group-9C2D2C86016B changes to CANDIDATE, lastRpcTime:5070, electionTimeout:5070ms
2019-09-25 04:50:33,840 [c35819d4-86f4-4223-a458-676070fe0cbb@group-D51B88E27553:LeaderElection52] INFO  impl.LeaderElection (LeaderElection.java:askForVotes(182)) - c35819d4-86f4-4223-a458-676070fe0cbb@group-D51B88E27553:LeaderElection52: begin an election at term 1 for -1: [c35819d4-86f4-4223-a458-676070fe0cbb:192.168.151.106:44434], old=null
2019-09-25 04:50:33,840 [pool-47-thread-1] INFO  storage.RaftStorage (RaftStorage.java:format(72)) - Storage directory /workdir/hadoop-ozone/integration-test/target/test-dir/MiniOzoneClusterImpl-72f6cbb0-c919-4300-9939-20ef1cbf0e73/datanode-2/data/ratis/74f8569b-66f0-4da6-8da2-b4fd14ff07ab has been successfully formatted.
2019-09-25 04:50:33,840 [c35819d4-86f4-4223-a458-676070fe0cbb@group-D51B88E27553:LeaderElection52] INFO  impl.RoleInfo (RoleInfo.java:shutdownLeaderElection(134)) - c35819d4-86f4-4223-a458-676070fe0cbb: shutdown LeaderElection
2019-09-25 04:50:33,840 [Thread-400] INFO  impl.RoleInfo (RoleInfo.java:shutdownFollowerState(121)) - c35819d4-86f4-4223-a458-676070fe0cbb: shutdown FollowerState
2019-09-25 04:50:33,840 [c35819d4-86f4-4223-a458-676070fe0cbb@group-D51B88E27553:LeaderElection52] INFO  impl.RaftServerImpl (RaftServerImpl.java:setRole(174)) - c35819d4-86f4-4223-a458-676070fe0cbb@group-D51B88E27553: changes role from CANDIDATE to LEADER at term 1 for changeToLeader
2019-09-25 04:50:33,840 [pool-47-thread-1] INFO  ratis.ContainerStateMachine (ContainerStateMachine.java:loadSnapshot(230)) - group-B4FD14FF07AB: The snapshot info is null. Setting the last applied indexto:(t:0, i:~)
2019-09-25 04:50:33,840 [c35819d4-86f4-4223-a458-676070fe0cbb@group-D51B88E27553:LeaderElection52] INFO  impl.RaftServerImpl (ServerState.java:setLeader(253)) - c35819d4-86f4-4223-a458-676070fe0cbb@group-D51B88E27553: change Leader from null to c35819d4-86f4-4223-a458-676070fe0cbb at term 1 for becomeLeader, leader elected after 5179ms
2019-09-25 04:50:33,840 [Thread-400] INFO  impl.RaftServerImpl (RaftServerImpl.java:setRole(174)) - c35819d4-86f4-4223-a458-676070fe0cbb@group-9C2D2C86016B: changes role from  FOLLOWER to CANDIDATE at term 0 for changeToCandidate
2019-09-25 04:50:33,840 [c35819d4-86f4-4223-a458-676070fe0cbb@group-D51B88E27553:LeaderElection52] INFO  server.RaftServerConfigKeys (ConfUtils.java:logGet(43)) - raft.server.staging.catchup.gap = 1000 (default)
2019-09-25 04:50:33,840 [pool-47-thread-1] INFO  server.RaftServerConfigKeys (ConfUtils.java:logGet(43)) - raft.server.notification.no-leader.timeout = 120s (custom)
2019-09-25 04:50:33,841 [c35819d4-86f4-4223-a458-676070fe0cbb@group-D51B88E27553:LeaderElection52] INFO  server.RaftServerConfigKeys (ConfUtils.java:logGet(43)) - raft.server.rpc.sleep.time = 25ms (default)
2019-09-25 04:50:33,841 [Thread-400] INFO  impl.RoleInfo (RoleInfo.java:updateAndGet(143)) - c35819d4-86f4-4223-a458-676070fe0cbb: start LeaderElection
2019-09-25 04:50:33,841 [c35819d4-86f4-4223-a458-676070fe0cbb@group-D51B88E27553:LeaderElection52] INFO  server.RaftServerConfigKeys (ConfUtils.java:logGet(43)) - raft.server.write.element-limit = 4096 (default)
2019-09-25 04:50:33,841 [pool-47-thread-1] INFO  server.RaftServerConfigKeys (ConfUtils.java:logGet(43)) - raft.server.log.use.memory = false (default)
2019-09-25 04:50:33,841 [c35819d4-86f4-4223-a458-676070fe0cbb@group-D51B88E27553:LeaderElection52] INFO  server.RaftServerConfigKeys (ConfUtils.java:logGet(43)) - raft.server.watch.timeout = 10s (default)
2019-09-25 04:50:33,841 [pool-47-thread-1] INFO  server.RaftServerConfigKeys (ConfUtils.java:logGet(43)) - raft.server.log.purge.gap = 1000000 (custom)
2019-09-25 04:50:33,841 [c35819d4-86f4-4223-a458-676070fe0cbb@group-D51B88E27553:LeaderElection52] INFO  server.RaftServerConfigKeys (ConfUtils.java:logGet(43)) - raft.server.watch.timeout.denomination = 1s (default)
2019-09-25 04:50:33,842 [pool-47-thread-1] INFO  server.RaftServerConfigKeys (ConfUtils.java:logGet(43)) - raft.server.log.appender.buffer.byte-limit = 33554432 (custom)
2019-09-25 04:50:33,842 [c35819d4-86f4-4223-a458-676070fe0cbb@group-D51B88E27553:LeaderElection52] INFO  server.RaftServerConfigKeys (ConfUtils.java:logGet(43)) - raft.server.watch.element-limit = 65536 (default)
2019-09-25 04:50:33,842 [pool-47-thread-1] INFO  server.RaftServerConfigKeys (ConfUtils.java:logGet(43)) - raft.server.log.segment.size.max = 1048576 (custom)
2019-09-25 04:50:33,842 [pool-47-thread-1] INFO  server.RaftServerConfigKeys (ConfUtils.java:logGet(43)) - raft.server.log.segment.cache.num.max = 2 (custom)
2019-09-25 04:50:33,842 [pool-47-thread-1] INFO  segmented.SegmentedRaftLogWorker (SegmentedRaftLogWorker.java:<init>(172)) - new a167ab1f-c96d-409e-bb26-ea230783d833@group-B4FD14FF07AB-SegmentedRaftLogWorker for RaftStorage:Storage Directory /workdir/hadoop-ozone/integration-test/target/test-dir/MiniOzoneClusterImpl-72f6cbb0-c919-4300-9939-20ef1cbf0e73/datanode-2/data/ratis/74f8569b-66f0-4da6-8da2-b4fd14ff07ab
2019-09-25 04:50:33,842 [pool-47-thread-1] INFO  server.RaftServerConfigKeys (ConfUtils.java:logGet(43)) - raft.server.log.queue.byte-limit = 2147483647 (custom)
2019-09-25 04:50:33,843 [pool-47-thread-1] INFO  server.RaftServerConfigKeys (ConfUtils.java:logGet(43)) - raft.server.log.queue.element-limit = 1024 (custom)
2019-09-25 04:50:33,843 [pool-47-thread-1] INFO  server.RaftServerConfigKeys (ConfUtils.java:logGet(43)) - raft.server.log.segment.size.max = 1048576 (custom)
2019-09-25 04:50:33,843 [pool-47-thread-1] INFO  server.RaftServerConfigKeys (ConfUtils.java:logGet(43)) - raft.server.log.preallocated.size = 16384 (custom)
2019-09-25 04:50:33,843 [pool-47-thread-1] INFO  server.RaftServerConfigKeys (ConfUtils.java:logGet(43)) - raft.server.log.write.buffer.size = 33554432 (custom)
2019-09-25 04:50:33,843 [pool-47-thread-1] INFO  server.RaftServerConfigKeys (ConfUtils.java:logGet(43)) - raft.server.log.force.sync.num = 128 (default)
2019-09-25 04:50:33,843 [pool-47-thread-1] INFO  server.RaftServerConfigKeys (ConfUtils.java:logGet(43)) - raft.server.log.statemachine.data.sync = true (default)
2019-09-25 04:50:33,843 [pool-47-thread-1] INFO  server.RaftServerConfigKeys (ConfUtils.java:logGet(43)) - raft.server.log.statemachine.data.sync.timeout = 10s (default)
2019-09-25 04:50:33,844 [pool-47-thread-1] INFO  server.RaftServerConfigKeys (ConfUtils.java:logGet(43)) - raft.server.log.statemachine.data.sync.timeout.retry = -1 (default)
2019-09-25 04:50:33,844 [pool-47-thread-1] INFO  server.RaftServerConfigKeys (ConfUtils.java:logGet(43)) - raft.server.log.statemachine.data.caching.enabled = true (custom)
2019-09-25 04:50:33,844 [c35819d4-86f4-4223-a458-676070fe0cbb@group-D51B88E27553:LeaderElection52] INFO  impl.RoleInfo (RoleInfo.java:updateAndGet(143)) - c35819d4-86f4-4223-a458-676070fe0cbb: start LeaderState
2019-09-25 04:50:33,844 [pool-47-thread-1] INFO  segmented.SegmentedRaftLogWorker (SegmentedRaftLogWorker.java:lambda$new$0(132)) - a167ab1f-c96d-409e-bb26-ea230783d833@group-B4FD14FF07AB-SegmentedRaftLogWorker: flushIndex: setUnconditionally 0 -> -1
2019-09-25 04:50:33,844 [c35819d4-86f4-4223-a458-676070fe0cbb@group-D51B88E27553:LeaderElection52] INFO  segmented.SegmentedRaftLogWorker (SegmentedRaftLogWorker.java:startLogSegment(380)) - c35819d4-86f4-4223-a458-676070fe0cbb@group-D51B88E27553-SegmentedRaftLogWorker: Starting segment from index:0
2019-09-25 04:50:33,844 [pool-47-thread-1] INFO  server.RaftServerConfigKeys (ConfUtils.java:logGet(43)) - raft.server.snapshot.auto.trigger.enabled = true (custom)
2019-09-25 04:50:33,844 [pool-47-thread-1] INFO  server.RaftServerConfigKeys (ConfUtils.java:logGet(43)) - raft.server.snapshot.auto.trigger.threshold = 10000 (custom)
2019-09-25 04:50:33,845 [pool-47-thread-1] INFO  server.RaftServerConfigKeys (ConfUtils.java:logGet(43)) - raft.server.snapshot.retention.num.files = 5 (custom)
2019-09-25 04:50:33,845 [c35819d4-86f4-4223-a458-676070fe0cbb@group-D51B88E27553:LeaderElection52] INFO  impl.RaftServerImpl (ServerState.java:setRaftConf(354)) - c35819d4-86f4-4223-a458-676070fe0cbb@group-D51B88E27553: set configuration 0: [c35819d4-86f4-4223-a458-676070fe0cbb:192.168.151.106:44434], old=null at 0
2019-09-25 04:50:33,845 [pool-47-thread-1] INFO  server.RaftServerConfigKeys (ConfUtils.java:logGet(43)) - raft.server.retrycache.expirytime = 600000ms (custom)
2019-09-25 04:50:33,847 [pool-47-thread-1] INFO  impl.RaftServerImpl (RaftServerImpl.java:start(185)) - a167ab1f-c96d-409e-bb26-ea230783d833@group-B4FD14FF07AB: start as a follower, conf=-1: [a167ab1f-c96d-409e-bb26-ea230783d833:192.168.151.106:33404], old=null
2019-09-25 04:50:33,847 [pool-47-thread-1] INFO  impl.RaftServerImpl (RaftServerImpl.java:setRole(174)) - a167ab1f-c96d-409e-bb26-ea230783d833@group-B4FD14FF07AB: changes role from      null to FOLLOWER at term 0 for startAsFollower
2019-09-25 04:50:33,847 [pool-47-thread-1] INFO  impl.RoleInfo (RoleInfo.java:updateAndGet(143)) - a167ab1f-c96d-409e-bb26-ea230783d833: start FollowerState
2019-09-25 04:50:33,847 [pool-47-thread-1] INFO  util.JmxRegister (JmxRegister.java:tryRegister(44)) - Successfully registered JMX Bean with object name Ratis:service=RaftServer,group=group-B4FD14FF07AB,id=a167ab1f-c96d-409e-bb26-ea230783d833
2019-09-25 04:50:33,850 [RatisPipelineUtilsThread] INFO  pipeline.PipelineStateManager (PipelineStateManager.java:addPipeline(56)) - Created pipeline Pipeline[ Id: 74f8569b-66f0-4da6-8da2-b4fd14ff07ab, Nodes: a167ab1f-c96d-409e-bb26-ea230783d833{ip: 192.168.151.106, host: pr-hdds-1569-x2sr2-3486766547, networkLocation: /default-rack, certSerialId: null}, Type:RATIS, Factor:ONE, State:OPEN]
2019-09-25 04:50:33,856 [grpc-default-executor-0] INFO  impl.RaftServerProxy (RaftServerProxy.java:addNew(89)) - 4f7802c6-3418-4fbd-b0c6-a8e36fcecb0a: addNew group-C31AE2B01B96:[4f7802c6-3418-4fbd-b0c6-a8e36fcecb0a:192.168.151.106:42026] returns group-C31AE2B01B96:java.util.concurrent.CompletableFuture@782ed6c9[Not completed]
2019-09-25 04:50:33,857 [pool-57-thread-1] INFO  impl.RaftServerImpl (RaftServerImpl.java:<init>(95)) - 4f7802c6-3418-4fbd-b0c6-a8e36fcecb0a: new RaftServerImpl for group-C31AE2B01B96:[4f7802c6-3418-4fbd-b0c6-a8e36fcecb0a:192.168.151.106:42026] with ContainerStateMachine:uninitialized
2019-09-25 04:50:33,858 [pool-57-thread-1] INFO  server.RaftServerConfigKeys (ConfUtils.java:logGet(43)) - raft.server.rpc.timeout.min = 5s (custom)
2019-09-25 04:50:33,858 [pool-57-thread-1] INFO  server.RaftServerConfigKeys (ConfUtils.java:logGet(43)) - raft.server.rpc.timeout.max = 5200ms (custom)
2019-09-25 04:50:33,858 [pool-57-thread-1] INFO  server.RaftServerConfigKeys (ConfUtils.java:logGet(43)) - raft.server.rpcslowness.timeout = 120s (custom)
2019-09-25 04:50:33,858 [pool-57-thread-1] INFO  server.RaftServerConfigKeys (ConfUtils.java:logGet(43)) - raft.server.sleep.deviation.threshold = 300 (default)
2019-09-25 04:50:33,858 [pool-57-thread-1] INFO  server.RaftServerConfigKeys (ConfUtils.java:logGet(43)) - raft.server.log.appender.install.snapshot.enabled = false (custom)
2019-09-25 04:50:33,858 [pool-57-thread-1] INFO  impl.RaftServerImpl (ServerState.java:<init>(103)) - 4f7802c6-3418-4fbd-b0c6-a8e36fcecb0a@group-C31AE2B01B96: ConfigurationManager, init=-1: [4f7802c6-3418-4fbd-b0c6-a8e36fcecb0a:192.168.151.106:42026], old=null, confs=<EMPTY_MAP>
2019-09-25 04:50:33,858 [pool-57-thread-1] INFO  server.RaftServerConfigKeys (ConfUtils.java:logGet(43)) - raft.server.storage.dir = [/workdir/hadoop-ozone/integration-test/target/test-dir/MiniOzoneClusterImpl-72f6cbb0-c919-4300-9939-20ef1cbf0e73/datanode-3/data/ratis] (custom)
2019-09-25 04:50:33,859 [pool-57-thread-1] INFO  storage.RaftStorageDirectory (RaftStorageDirectory.java:analyzeStorage(246)) - The storage directory /workdir/hadoop-ozone/integration-test/target/test-dir/MiniOzoneClusterImpl-72f6cbb0-c919-4300-9939-20ef1cbf0e73/datanode-3/data/ratis/03de8056-cacc-4f3f-9f42-c31ae2b01b96 does not exist. Creating ...
2019-09-25 04:50:33,864 [pool-57-thread-1] INFO  storage.RaftStorageDirectory (RaftStorageDirectory.java:tryLock(328)) - Lock on /workdir/hadoop-ozone/integration-test/target/test-dir/MiniOzoneClusterImpl-72f6cbb0-c919-4300-9939-20ef1cbf0e73/datanode-3/data/ratis/03de8056-cacc-4f3f-9f42-c31ae2b01b96/in_use.lock acquired by nodename 13648@pr-hdds-1569-x2sr2-3486766547
2019-09-25 04:50:33,864 [c35819d4-86f4-4223-a458-676070fe0cbb@group-9C2D2C86016B:LeaderElection53] INFO  impl.LeaderElection (LeaderElection.java:askForVotes(182)) - c35819d4-86f4-4223-a458-676070fe0cbb@group-9C2D2C86016B:LeaderElection53: begin an election at term 1 for -1: [c35819d4-86f4-4223-a458-676070fe0cbb:192.168.151.106:44434], old=null
2019-09-25 04:50:33,864 [c35819d4-86f4-4223-a458-676070fe0cbb@group-9C2D2C86016B:LeaderElection53] INFO  impl.RoleInfo (RoleInfo.java:shutdownLeaderElection(134)) - c35819d4-86f4-4223-a458-676070fe0cbb: shutdown LeaderElection
2019-09-25 04:50:33,864 [c35819d4-86f4-4223-a458-676070fe0cbb@group-9C2D2C86016B:LeaderElection53] INFO  impl.RaftServerImpl (RaftServerImpl.java:setRole(174)) - c35819d4-86f4-4223-a458-676070fe0cbb@group-9C2D2C86016B: changes role from CANDIDATE to LEADER at term 1 for changeToLeader
2019-09-25 04:50:33,864 [c35819d4-86f4-4223-a458-676070fe0cbb@group-9C2D2C86016B:LeaderElection53] INFO  impl.RaftServerImpl (ServerState.java:setLeader(253)) - c35819d4-86f4-4223-a458-676070fe0cbb@group-9C2D2C86016B: change Leader from null to c35819d4-86f4-4223-a458-676070fe0cbb at term 1 for becomeLeader, leader elected after 5102ms
2019-09-25 04:50:33,864 [c35819d4-86f4-4223-a458-676070fe0cbb@group-9C2D2C86016B:LeaderElection53] INFO  server.RaftServerConfigKeys (ConfUtils.java:logGet(43)) - raft.server.staging.catchup.gap = 1000 (default)
2019-09-25 04:50:33,864 [c35819d4-86f4-4223-a458-676070fe0cbb@group-9C2D2C86016B:LeaderElection53] INFO  server.RaftServerConfigKeys (ConfUtils.java:logGet(43)) - raft.server.rpc.sleep.time = 25ms (default)
2019-09-25 04:50:33,865 [c35819d4-86f4-4223-a458-676070fe0cbb@group-9C2D2C86016B:LeaderElection53] INFO  server.RaftServerConfigKeys (ConfUtils.java:logGet(43)) - raft.server.write.element-limit = 4096 (default)
2019-09-25 04:50:33,865 [c35819d4-86f4-4223-a458-676070fe0cbb@group-9C2D2C86016B:LeaderElection53] INFO  server.RaftServerConfigKeys (ConfUtils.java:logGet(43)) - raft.server.watch.timeout = 10s (default)
2019-09-25 04:50:33,865 [c35819d4-86f4-4223-a458-676070fe0cbb@group-9C2D2C86016B:LeaderElection53] INFO  server.RaftServerConfigKeys (ConfUtils.java:logGet(43)) - raft.server.watch.timeout.denomination = 1s (default)
2019-09-25 04:50:33,865 [c35819d4-86f4-4223-a458-676070fe0cbb@group-9C2D2C86016B:LeaderElection53] INFO  server.RaftServerConfigKeys (ConfUtils.java:logGet(43)) - raft.server.watch.element-limit = 65536 (default)
2019-09-25 04:50:33,866 [c35819d4-86f4-4223-a458-676070fe0cbb@group-9C2D2C86016B:LeaderElection53] INFO  impl.RoleInfo (RoleInfo.java:updateAndGet(143)) - c35819d4-86f4-4223-a458-676070fe0cbb: start LeaderState
2019-09-25 04:50:33,867 [c35819d4-86f4-4223-a458-676070fe0cbb@group-9C2D2C86016B:LeaderElection53] INFO  segmented.SegmentedRaftLogWorker (SegmentedRaftLogWorker.java:startLogSegment(380)) - c35819d4-86f4-4223-a458-676070fe0cbb@group-9C2D2C86016B-SegmentedRaftLogWorker: Starting segment from index:0
2019-09-25 04:50:33,867 [c35819d4-86f4-4223-a458-676070fe0cbb@group-9C2D2C86016B:LeaderElection53] INFO  impl.RaftServerImpl (ServerState.java:setRaftConf(354)) - c35819d4-86f4-4223-a458-676070fe0cbb@group-9C2D2C86016B: set configuration 0: [c35819d4-86f4-4223-a458-676070fe0cbb:192.168.151.106:44434], old=null at 0
2019-09-25 04:50:33,882 [pool-57-thread-1] INFO  storage.RaftStorage (RaftStorage.java:format(72)) - Storage directory /workdir/hadoop-ozone/integration-test/target/test-dir/MiniOzoneClusterImpl-72f6cbb0-c919-4300-9939-20ef1cbf0e73/datanode-3/data/ratis/03de8056-cacc-4f3f-9f42-c31ae2b01b96 has been successfully formatted.
2019-09-25 04:50:33,882 [pool-57-thread-1] INFO  ratis.ContainerStateMachine (ContainerStateMachine.java:loadSnapshot(230)) - group-C31AE2B01B96: The snapshot info is null. Setting the last applied indexto:(t:0, i:~)
2019-09-25 04:50:33,883 [pool-57-thread-1] INFO  server.RaftServerConfigKeys (ConfUtils.java:logGet(43)) - raft.server.notification.no-leader.timeout = 120s (custom)
2019-09-25 04:50:33,883 [pool-57-thread-1] INFO  server.RaftServerConfigKeys (ConfUtils.java:logGet(43)) - raft.server.log.use.memory = false (default)
2019-09-25 04:50:33,883 [pool-57-thread-1] INFO  server.RaftServerConfigKeys (ConfUtils.java:logGet(43)) - raft.server.log.purge.gap = 1000000 (custom)
2019-09-25 04:50:33,883 [pool-57-thread-1] INFO  server.RaftServerConfigKeys (ConfUtils.java:logGet(43)) - raft.server.log.appender.buffer.byte-limit = 33554432 (custom)
2019-09-25 04:50:33,883 [pool-57-thread-1] INFO  server.RaftServerConfigKeys (ConfUtils.java:logGet(43)) - raft.server.log.segment.size.max = 1048576 (custom)
2019-09-25 04:50:33,883 [pool-57-thread-1] INFO  server.RaftServerConfigKeys (ConfUtils.java:logGet(43)) - raft.server.log.segment.cache.num.max = 2 (custom)
2019-09-25 04:50:33,883 [pool-57-thread-1] INFO  segmented.SegmentedRaftLogWorker (SegmentedRaftLogWorker.java:<init>(172)) - new 4f7802c6-3418-4fbd-b0c6-a8e36fcecb0a@group-C31AE2B01B96-SegmentedRaftLogWorker for RaftStorage:Storage Directory /workdir/hadoop-ozone/integration-test/target/test-dir/MiniOzoneClusterImpl-72f6cbb0-c919-4300-9939-20ef1cbf0e73/datanode-3/data/ratis/03de8056-cacc-4f3f-9f42-c31ae2b01b96
2019-09-25 04:50:33,884 [pool-57-thread-1] INFO  server.RaftServerConfigKeys (ConfUtils.java:logGet(43)) - raft.server.log.queue.byte-limit = 2147483647 (custom)
2019-09-25 04:50:33,884 [pool-57-thread-1] INFO  server.RaftServerConfigKeys (ConfUtils.java:logGet(43)) - raft.server.log.queue.element-limit = 1024 (custom)
2019-09-25 04:50:33,884 [pool-57-thread-1] INFO  server.RaftServerConfigKeys (ConfUtils.java:logGet(43)) - raft.server.log.segment.size.max = 1048576 (custom)
2019-09-25 04:50:33,884 [pool-57-thread-1] INFO  server.RaftServerConfigKeys (ConfUtils.java:logGet(43)) - raft.server.log.preallocated.size = 16384 (custom)
2019-09-25 04:50:33,884 [pool-57-thread-1] INFO  server.RaftServerConfigKeys (ConfUtils.java:logGet(43)) - raft.server.log.write.buffer.size = 33554432 (custom)
2019-09-25 04:50:33,884 [pool-57-thread-1] INFO  server.RaftServerConfigKeys (ConfUtils.java:logGet(43)) - raft.server.log.force.sync.num = 128 (default)
2019-09-25 04:50:33,884 [pool-57-thread-1] INFO  server.RaftServerConfigKeys (ConfUtils.java:logGet(43)) - raft.server.log.statemachine.data.sync = true (default)
2019-09-25 04:50:33,885 [pool-57-thread-1] INFO  server.RaftServerConfigKeys (ConfUtils.java:logGet(43)) - raft.server.log.statemachine.data.sync.timeout = 10s (default)
2019-09-25 04:50:33,885 [pool-57-thread-1] INFO  server.RaftServerConfigKeys (ConfUtils.java:logGet(43)) - raft.server.log.statemachine.data.sync.timeout.retry = -1 (default)
2019-09-25 04:50:33,885 [pool-57-thread-1] INFO  server.RaftServerConfigKeys (ConfUtils.java:logGet(43)) - raft.server.log.statemachine.data.caching.enabled = true (custom)
2019-09-25 04:50:33,885 [pool-57-thread-1] INFO  segmented.SegmentedRaftLogWorker (SegmentedRaftLogWorker.java:lambda$new$0(132)) - 4f7802c6-3418-4fbd-b0c6-a8e36fcecb0a@group-C31AE2B01B96-SegmentedRaftLogWorker: flushIndex: setUnconditionally 0 -> -1
2019-09-25 04:50:33,886 [pool-57-thread-1] INFO  server.RaftServerConfigKeys (ConfUtils.java:logGet(43)) - raft.server.snapshot.auto.trigger.enabled = true (custom)
2019-09-25 04:50:33,886 [pool-57-thread-1] INFO  server.RaftServerConfigKeys (ConfUtils.java:logGet(43)) - raft.server.snapshot.auto.trigger.threshold = 10000 (custom)
2019-09-25 04:50:33,886 [pool-57-thread-1] INFO  server.RaftServerConfigKeys (ConfUtils.java:logGet(43)) - raft.server.snapshot.retention.num.files = 5 (custom)
2019-09-25 04:50:33,886 [pool-57-thread-1] INFO  server.RaftServerConfigKeys (ConfUtils.java:logGet(43)) - raft.server.retrycache.expirytime = 600000ms (custom)
2019-09-25 04:50:33,888 [pool-57-thread-1] INFO  impl.RaftServerImpl (RaftServerImpl.java:start(185)) - 4f7802c6-3418-4fbd-b0c6-a8e36fcecb0a@group-C31AE2B01B96: start as a follower, conf=-1: [4f7802c6-3418-4fbd-b0c6-a8e36fcecb0a:192.168.151.106:42026], old=null
2019-09-25 04:50:33,888 [pool-57-thread-1] INFO  impl.RaftServerImpl (RaftServerImpl.java:setRole(174)) - 4f7802c6-3418-4fbd-b0c6-a8e36fcecb0a@group-C31AE2B01B96: changes role from      null to FOLLOWER at term 0 for startAsFollower
2019-09-25 04:50:33,889 [pool-57-thread-1] INFO  impl.RoleInfo (RoleInfo.java:updateAndGet(143)) - 4f7802c6-3418-4fbd-b0c6-a8e36fcecb0a: start FollowerState
2019-09-25 04:50:33,889 [pool-57-thread-1] INFO  util.JmxRegister (JmxRegister.java:tryRegister(44)) - Successfully registered JMX Bean with object name Ratis:service=RaftServer,group=group-C31AE2B01B96,id=4f7802c6-3418-4fbd-b0c6-a8e36fcecb0a
2019-09-25 04:50:33,892 [RatisPipelineUtilsThread] INFO  pipeline.PipelineStateManager (PipelineStateManager.java:addPipeline(56)) - Created pipeline Pipeline[ Id: 03de8056-cacc-4f3f-9f42-c31ae2b01b96, Nodes: 4f7802c6-3418-4fbd-b0c6-a8e36fcecb0a{ip: 192.168.151.106, host: pr-hdds-1569-x2sr2-3486766547, networkLocation: /default-rack, certSerialId: null}, Type:RATIS, Factor:ONE, State:OPEN]
2019-09-25 04:50:33,894 [c35819d4-86f4-4223-a458-676070fe0cbb@group-D51B88E27553-SegmentedRaftLogWorker] INFO  segmented.SegmentedRaftLogWorker (SegmentedRaftLogWorker.java:execute(569)) - c35819d4-86f4-4223-a458-676070fe0cbb@group-D51B88E27553-SegmentedRaftLogWorker: created new log segment /workdir/hadoop-ozone/integration-test/target/test-dir/MiniOzoneClusterImpl-72f6cbb0-c919-4300-9939-20ef1cbf0e73/datanode-0/data/ratis/c053c554-6c5a-477f-9e6e-d51b88e27553/current/log_inprogress_0
2019-09-25 04:50:33,899 [grpc-default-executor-0] INFO  impl.RaftServerProxy (RaftServerProxy.java:addNew(89)) - 4f7802c6-3418-4fbd-b0c6-a8e36fcecb0a: addNew group-5FE33B0916CC:[4f7802c6-3418-4fbd-b0c6-a8e36fcecb0a:192.168.151.106:42026] returns group-5FE33B0916CC:java.util.concurrent.CompletableFuture@7911359[Not completed]
2019-09-25 04:50:33,900 [pool-57-thread-1] INFO  impl.RaftServerImpl (RaftServerImpl.java:<init>(95)) - 4f7802c6-3418-4fbd-b0c6-a8e36fcecb0a: new RaftServerImpl for group-5FE33B0916CC:[4f7802c6-3418-4fbd-b0c6-a8e36fcecb0a:192.168.151.106:42026] with ContainerStateMachine:uninitialized
2019-09-25 04:50:33,900 [pool-57-thread-1] INFO  server.RaftServerConfigKeys (ConfUtils.java:logGet(43)) - raft.server.rpc.timeout.min = 5s (custom)
2019-09-25 04:50:33,900 [pool-57-thread-1] INFO  server.RaftServerConfigKeys (ConfUtils.java:logGet(43)) - raft.server.rpc.timeout.max = 5200ms (custom)
2019-09-25 04:50:33,900 [pool-57-thread-1] INFO  server.RaftServerConfigKeys (ConfUtils.java:logGet(43)) - raft.server.rpcslowness.timeout = 120s (custom)
2019-09-25 04:50:33,901 [pool-57-thread-1] INFO  server.RaftServerConfigKeys (ConfUtils.java:logGet(43)) - raft.server.sleep.deviation.threshold = 300 (default)
2019-09-25 04:50:33,901 [pool-57-thread-1] INFO  server.RaftServerConfigKeys (ConfUtils.java:logGet(43)) - raft.server.log.appender.install.snapshot.enabled = false (custom)
2019-09-25 04:50:33,901 [pool-57-thread-1] INFO  impl.RaftServerImpl (ServerState.java:<init>(103)) - 4f7802c6-3418-4fbd-b0c6-a8e36fcecb0a@group-5FE33B0916CC: ConfigurationManager, init=-1: [4f7802c6-3418-4fbd-b0c6-a8e36fcecb0a:192.168.151.106:42026], old=null, confs=<EMPTY_MAP>
2019-09-25 04:50:33,901 [pool-57-thread-1] INFO  server.RaftServerConfigKeys (ConfUtils.java:logGet(43)) - raft.server.storage.dir = [/workdir/hadoop-ozone/integration-test/target/test-dir/MiniOzoneClusterImpl-72f6cbb0-c919-4300-9939-20ef1cbf0e73/datanode-3/data/ratis] (custom)
2019-09-25 04:50:33,902 [pool-57-thread-1] INFO  storage.RaftStorageDirectory (RaftStorageDirectory.java:analyzeStorage(246)) - The storage directory /workdir/hadoop-ozone/integration-test/target/test-dir/MiniOzoneClusterImpl-72f6cbb0-c919-4300-9939-20ef1cbf0e73/datanode-3/data/ratis/e084bb59-f683-44df-969f-5fe33b0916cc does not exist. Creating ...
2019-09-25 04:50:33,908 [pool-57-thread-1] INFO  storage.RaftStorageDirectory (RaftStorageDirectory.java:tryLock(328)) - Lock on /workdir/hadoop-ozone/integration-test/target/test-dir/MiniOzoneClusterImpl-72f6cbb0-c919-4300-9939-20ef1cbf0e73/datanode-3/data/ratis/e084bb59-f683-44df-969f-5fe33b0916cc/in_use.lock acquired by nodename 13648@pr-hdds-1569-x2sr2-3486766547
2019-09-25 04:50:33,908 [c35819d4-86f4-4223-a458-676070fe0cbb@group-9C2D2C86016B-SegmentedRaftLogWorker] INFO  segmented.SegmentedRaftLogWorker (SegmentedRaftLogWorker.java:execute(569)) - c35819d4-86f4-4223-a458-676070fe0cbb@group-9C2D2C86016B-SegmentedRaftLogWorker: created new log segment /workdir/hadoop-ozone/integration-test/target/test-dir/MiniOzoneClusterImpl-72f6cbb0-c919-4300-9939-20ef1cbf0e73/datanode-0/data/ratis/070aa899-f9cb-4161-b5b3-9c2d2c86016b/current/log_inprogress_0
2019-09-25 04:50:33,921 [pool-57-thread-1] INFO  storage.RaftStorage (RaftStorage.java:format(72)) - Storage directory /workdir/hadoop-ozone/integration-test/target/test-dir/MiniOzoneClusterImpl-72f6cbb0-c919-4300-9939-20ef1cbf0e73/datanode-3/data/ratis/e084bb59-f683-44df-969f-5fe33b0916cc has been successfully formatted.
2019-09-25 04:50:33,922 [pool-57-thread-1] INFO  ratis.ContainerStateMachine (ContainerStateMachine.java:loadSnapshot(230)) - group-5FE33B0916CC: The snapshot info is null. Setting the last applied indexto:(t:0, i:~)
2019-09-25 04:50:33,922 [pool-57-thread-1] INFO  server.RaftServerConfigKeys (ConfUtils.java:logGet(43)) - raft.server.notification.no-leader.timeout = 120s (custom)
2019-09-25 04:50:33,922 [pool-57-thread-1] INFO  server.RaftServerConfigKeys (ConfUtils.java:logGet(43)) - raft.server.log.use.memory = false (default)
2019-09-25 04:50:33,922 [pool-57-thread-1] INFO  server.RaftServerConfigKeys (ConfUtils.java:logGet(43)) - raft.server.log.purge.gap = 1000000 (custom)
2019-09-25 04:50:33,922 [pool-57-thread-1] INFO  server.RaftServerConfigKeys (ConfUtils.java:logGet(43)) - raft.server.log.appender.buffer.byte-limit = 33554432 (custom)
2019-09-25 04:50:33,923 [pool-57-thread-1] INFO  server.RaftServerConfigKeys (ConfUtils.java:logGet(43)) - raft.server.log.segment.size.max = 1048576 (custom)
2019-09-25 04:50:33,923 [pool-57-thread-1] INFO  server.RaftServerConfigKeys (ConfUtils.java:logGet(43)) - raft.server.log.segment.cache.num.max = 2 (custom)
2019-09-25 04:50:33,923 [pool-57-thread-1] INFO  segmented.SegmentedRaftLogWorker (SegmentedRaftLogWorker.java:<init>(172)) - new 4f7802c6-3418-4fbd-b0c6-a8e36fcecb0a@group-5FE33B0916CC-SegmentedRaftLogWorker for RaftStorage:Storage Directory /workdir/hadoop-ozone/integration-test/target/test-dir/MiniOzoneClusterImpl-72f6cbb0-c919-4300-9939-20ef1cbf0e73/datanode-3/data/ratis/e084bb59-f683-44df-969f-5fe33b0916cc
2019-09-25 04:50:33,923 [pool-57-thread-1] INFO  server.RaftServerConfigKeys (ConfUtils.java:logGet(43)) - raft.server.log.queue.byte-limit = 2147483647 (custom)
2019-09-25 04:50:33,923 [pool-57-thread-1] INFO  server.RaftServerConfigKeys (ConfUtils.java:logGet(43)) - raft.server.log.queue.element-limit = 1024 (custom)
2019-09-25 04:50:33,923 [pool-57-thread-1] INFO  server.RaftServerConfigKeys (ConfUtils.java:logGet(43)) - raft.server.log.segment.size.max = 1048576 (custom)
2019-09-25 04:50:33,924 [pool-57-thread-1] INFO  server.RaftServerConfigKeys (ConfUtils.java:logGet(43)) - raft.server.log.preallocated.size = 16384 (custom)
2019-09-25 04:50:33,924 [pool-57-thread-1] INFO  server.RaftServerConfigKeys (ConfUtils.java:logGet(43)) - raft.server.log.write.buffer.size = 33554432 (custom)
2019-09-25 04:50:33,924 [pool-57-thread-1] INFO  server.RaftServerConfigKeys (ConfUtils.java:logGet(43)) - raft.server.log.force.sync.num = 128 (default)
2019-09-25 04:50:33,924 [pool-57-thread-1] INFO  server.RaftServerConfigKeys (ConfUtils.java:logGet(43)) - raft.server.log.statemachine.data.sync = true (default)
2019-09-25 04:50:33,924 [pool-57-thread-1] INFO  server.RaftServerConfigKeys (ConfUtils.java:logGet(43)) - raft.server.log.statemachine.data.sync.timeout = 10s (default)
2019-09-25 04:50:33,924 [pool-57-thread-1] INFO  server.RaftServerConfigKeys (ConfUtils.java:logGet(43)) - raft.server.log.statemachine.data.sync.timeout.retry = -1 (default)
2019-09-25 04:50:33,925 [pool-57-thread-1] INFO  server.RaftServerConfigKeys (ConfUtils.java:logGet(43)) - raft.server.log.statemachine.data.caching.enabled = true (custom)
2019-09-25 04:50:33,925 [pool-57-thread-1] INFO  segmented.SegmentedRaftLogWorker (SegmentedRaftLogWorker.java:lambda$new$0(132)) - 4f7802c6-3418-4fbd-b0c6-a8e36fcecb0a@group-5FE33B0916CC-SegmentedRaftLogWorker: flushIndex: setUnconditionally 0 -> -1
2019-09-25 04:50:33,925 [pool-57-thread-1] INFO  server.RaftServerConfigKeys (ConfUtils.java:logGet(43)) - raft.server.snapshot.auto.trigger.enabled = true (custom)
2019-09-25 04:50:33,926 [pool-57-thread-1] INFO  server.RaftServerConfigKeys (ConfUtils.java:logGet(43)) - raft.server.snapshot.auto.trigger.threshold = 10000 (custom)
2019-09-25 04:50:33,926 [pool-57-thread-1] INFO  server.RaftServerConfigKeys (ConfUtils.java:logGet(43)) - raft.server.snapshot.retention.num.files = 5 (custom)
2019-09-25 04:50:33,926 [pool-57-thread-1] INFO  server.RaftServerConfigKeys (ConfUtils.java:logGet(43)) - raft.server.retrycache.expirytime = 600000ms (custom)
2019-09-25 04:50:33,928 [pool-57-thread-1] INFO  impl.RaftServerImpl (RaftServerImpl.java:start(185)) - 4f7802c6-3418-4fbd-b0c6-a8e36fcecb0a@group-5FE33B0916CC: start as a follower, conf=-1: [4f7802c6-3418-4fbd-b0c6-a8e36fcecb0a:192.168.151.106:42026], old=null
2019-09-25 04:50:33,928 [pool-57-thread-1] INFO  impl.RaftServerImpl (RaftServerImpl.java:setRole(174)) - 4f7802c6-3418-4fbd-b0c6-a8e36fcecb0a@group-5FE33B0916CC: changes role from      null to FOLLOWER at term 0 for startAsFollower
2019-09-25 04:50:33,929 [pool-57-thread-1] INFO  impl.RoleInfo (RoleInfo.java:updateAndGet(143)) - 4f7802c6-3418-4fbd-b0c6-a8e36fcecb0a: start FollowerState
2019-09-25 04:50:33,929 [pool-57-thread-1] INFO  util.JmxRegister (JmxRegister.java:tryRegister(44)) - Successfully registered JMX Bean with object name Ratis:service=RaftServer,group=group-5FE33B0916CC,id=4f7802c6-3418-4fbd-b0c6-a8e36fcecb0a
2019-09-25 04:50:33,932 [RatisPipelineUtilsThread] INFO  pipeline.PipelineStateManager (PipelineStateManager.java:addPipeline(56)) - Created pipeline Pipeline[ Id: e084bb59-f683-44df-969f-5fe33b0916cc, Nodes: 4f7802c6-3418-4fbd-b0c6-a8e36fcecb0a{ip: 192.168.151.106, host: pr-hdds-1569-x2sr2-3486766547, networkLocation: /default-rack, certSerialId: null}, Type:RATIS, Factor:ONE, State:OPEN]
2019-09-25 04:50:33,938 [grpc-default-executor-0] INFO  impl.RaftServerProxy (RaftServerProxy.java:addNew(89)) - aabdae46-dcfa-45e6-b665-2c47bb305ebb: addNew group-97D52EA2DC36:[aabdae46-dcfa-45e6-b665-2c47bb305ebb:192.168.151.106:41436] returns group-97D52EA2DC36:java.util.concurrent.CompletableFuture@4bb0bff1[Not completed]
2019-09-25 04:50:33,940 [pool-67-thread-1] INFO  impl.RaftServerImpl (RaftServerImpl.java:<init>(95)) - aabdae46-dcfa-45e6-b665-2c47bb305ebb: new RaftServerImpl for group-97D52EA2DC36:[aabdae46-dcfa-45e6-b665-2c47bb305ebb:192.168.151.106:41436] with ContainerStateMachine:uninitialized
2019-09-25 04:50:33,940 [pool-67-thread-1] INFO  server.RaftServerConfigKeys (ConfUtils.java:logGet(43)) - raft.server.rpc.timeout.min = 5s (custom)
2019-09-25 04:50:33,940 [pool-67-thread-1] INFO  server.RaftServerConfigKeys (ConfUtils.java:logGet(43)) - raft.server.rpc.timeout.max = 5200ms (custom)
2019-09-25 04:50:33,940 [pool-67-thread-1] INFO  server.RaftServerConfigKeys (ConfUtils.java:logGet(43)) - raft.server.rpcslowness.timeout = 120s (custom)
2019-09-25 04:50:33,940 [pool-67-thread-1] INFO  server.RaftServerConfigKeys (ConfUtils.java:logGet(43)) - raft.server.sleep.deviation.threshold = 300 (default)
2019-09-25 04:50:33,941 [pool-67-thread-1] INFO  server.RaftServerConfigKeys (ConfUtils.java:logGet(43)) - raft.server.log.appender.install.snapshot.enabled = false (custom)
2019-09-25 04:50:33,941 [pool-67-thread-1] INFO  impl.RaftServerImpl (ServerState.java:<init>(103)) - aabdae46-dcfa-45e6-b665-2c47bb305ebb@group-97D52EA2DC36: ConfigurationManager, init=-1: [aabdae46-dcfa-45e6-b665-2c47bb305ebb:192.168.151.106:41436], old=null, confs=<EMPTY_MAP>
2019-09-25 04:50:33,941 [pool-67-thread-1] INFO  server.RaftServerConfigKeys (ConfUtils.java:logGet(43)) - raft.server.storage.dir = [/workdir/hadoop-ozone/integration-test/target/test-dir/MiniOzoneClusterImpl-72f6cbb0-c919-4300-9939-20ef1cbf0e73/datanode-4/data/ratis] (custom)
2019-09-25 04:50:33,941 [pool-67-thread-1] INFO  storage.RaftStorageDirectory (RaftStorageDirectory.java:analyzeStorage(246)) - The storage directory /workdir/hadoop-ozone/integration-test/target/test-dir/MiniOzoneClusterImpl-72f6cbb0-c919-4300-9939-20ef1cbf0e73/datanode-4/data/ratis/846106a1-dcb6-475f-9edc-97d52ea2dc36 does not exist. Creating ...
2019-09-25 04:50:33,943 [Thread-406] INFO  impl.FollowerState (FollowerState.java:run(106)) - 4f7802c6-3418-4fbd-b0c6-a8e36fcecb0a:group-7E920AED6F10 changes to CANDIDATE, lastRpcTime:5063, electionTimeout:5063ms
2019-09-25 04:50:33,943 [Thread-406] INFO  impl.RoleInfo (RoleInfo.java:shutdownFollowerState(121)) - 4f7802c6-3418-4fbd-b0c6-a8e36fcecb0a: shutdown FollowerState
2019-09-25 04:50:33,943 [Thread-406] INFO  impl.RaftServerImpl (RaftServerImpl.java:setRole(174)) - 4f7802c6-3418-4fbd-b0c6-a8e36fcecb0a@group-7E920AED6F10: changes role from  FOLLOWER to CANDIDATE at term 0 for changeToCandidate
2019-09-25 04:50:33,943 [Thread-406] INFO  impl.RoleInfo (RoleInfo.java:updateAndGet(143)) - 4f7802c6-3418-4fbd-b0c6-a8e36fcecb0a: start LeaderElection
2019-09-25 04:50:33,956 [pool-67-thread-1] INFO  storage.RaftStorageDirectory (RaftStorageDirectory.java:tryLock(328)) - Lock on /workdir/hadoop-ozone/integration-test/target/test-dir/MiniOzoneClusterImpl-72f6cbb0-c919-4300-9939-20ef1cbf0e73/datanode-4/data/ratis/846106a1-dcb6-475f-9edc-97d52ea2dc36/in_use.lock acquired by nodename 13648@pr-hdds-1569-x2sr2-3486766547
2019-09-25 04:50:33,956 [4f7802c6-3418-4fbd-b0c6-a8e36fcecb0a@group-7E920AED6F10:LeaderElection54] INFO  impl.LeaderElection (LeaderElection.java:askForVotes(182)) - 4f7802c6-3418-4fbd-b0c6-a8e36fcecb0a@group-7E920AED6F10:LeaderElection54: begin an election at term 1 for -1: [4f7802c6-3418-4fbd-b0c6-a8e36fcecb0a:192.168.151.106:42026], old=null
2019-09-25 04:50:33,957 [4f7802c6-3418-4fbd-b0c6-a8e36fcecb0a@group-7E920AED6F10:LeaderElection54] INFO  impl.RoleInfo (RoleInfo.java:shutdownLeaderElection(134)) - 4f7802c6-3418-4fbd-b0c6-a8e36fcecb0a: shutdown LeaderElection
2019-09-25 04:50:33,957 [4f7802c6-3418-4fbd-b0c6-a8e36fcecb0a@group-7E920AED6F10:LeaderElection54] INFO  impl.RaftServerImpl (RaftServerImpl.java:setRole(174)) - 4f7802c6-3418-4fbd-b0c6-a8e36fcecb0a@group-7E920AED6F10: changes role from CANDIDATE to LEADER at term 1 for changeToLeader
2019-09-25 04:50:33,957 [4f7802c6-3418-4fbd-b0c6-a8e36fcecb0a@group-7E920AED6F10:LeaderElection54] INFO  impl.RaftServerImpl (ServerState.java:setLeader(253)) - 4f7802c6-3418-4fbd-b0c6-a8e36fcecb0a@group-7E920AED6F10: change Leader from null to 4f7802c6-3418-4fbd-b0c6-a8e36fcecb0a at term 1 for becomeLeader, leader elected after 5084ms
2019-09-25 04:50:33,957 [4f7802c6-3418-4fbd-b0c6-a8e36fcecb0a@group-7E920AED6F10:LeaderElection54] INFO  server.RaftServerConfigKeys (ConfUtils.java:logGet(43)) - raft.server.staging.catchup.gap = 1000 (default)
2019-09-25 04:50:33,957 [4f7802c6-3418-4fbd-b0c6-a8e36fcecb0a@group-7E920AED6F10:LeaderElection54] INFO  server.RaftServerConfigKeys (ConfUtils.java:logGet(43)) - raft.server.rpc.sleep.time = 25ms (default)
2019-09-25 04:50:33,957 [4f7802c6-3418-4fbd-b0c6-a8e36fcecb0a@group-7E920AED6F10:LeaderElection54] INFO  server.RaftServerConfigKeys (ConfUtils.java:logGet(43)) - raft.server.write.element-limit = 4096 (default)
2019-09-25 04:50:33,958 [4f7802c6-3418-4fbd-b0c6-a8e36fcecb0a@group-7E920AED6F10:LeaderElection54] INFO  server.RaftServerConfigKeys (ConfUtils.java:logGet(43)) - raft.server.watch.timeout = 10s (default)
2019-09-25 04:50:33,958 [4f7802c6-3418-4fbd-b0c6-a8e36fcecb0a@group-7E920AED6F10:LeaderElection54] INFO  server.RaftServerConfigKeys (ConfUtils.java:logGet(43)) - raft.server.watch.timeout.denomination = 1s (default)
2019-09-25 04:50:33,958 [4f7802c6-3418-4fbd-b0c6-a8e36fcecb0a@group-7E920AED6F10:LeaderElection54] INFO  server.RaftServerConfigKeys (ConfUtils.java:logGet(43)) - raft.server.watch.element-limit = 65536 (default)
2019-09-25 04:50:33,960 [4f7802c6-3418-4fbd-b0c6-a8e36fcecb0a@group-7E920AED6F10:LeaderElection54] INFO  impl.RoleInfo (RoleInfo.java:updateAndGet(143)) - 4f7802c6-3418-4fbd-b0c6-a8e36fcecb0a: start LeaderState
2019-09-25 04:50:33,960 [4f7802c6-3418-4fbd-b0c6-a8e36fcecb0a@group-7E920AED6F10:LeaderElection54] INFO  segmented.SegmentedRaftLogWorker (SegmentedRaftLogWorker.java:startLogSegment(380)) - 4f7802c6-3418-4fbd-b0c6-a8e36fcecb0a@group-7E920AED6F10-SegmentedRaftLogWorker: Starting segment from index:0
2019-09-25 04:50:33,961 [4f7802c6-3418-4fbd-b0c6-a8e36fcecb0a@group-7E920AED6F10:LeaderElection54] INFO  impl.RaftServerImpl (ServerState.java:setRaftConf(354)) - 4f7802c6-3418-4fbd-b0c6-a8e36fcecb0a@group-7E920AED6F10: set configuration 0: [4f7802c6-3418-4fbd-b0c6-a8e36fcecb0a:192.168.151.106:42026], old=null at 0
2019-09-25 04:50:33,970 [pool-67-thread-1] INFO  storage.RaftStorage (RaftStorage.java:format(72)) - Storage directory /workdir/hadoop-ozone/integration-test/target/test-dir/MiniOzoneClusterImpl-72f6cbb0-c919-4300-9939-20ef1cbf0e73/datanode-4/data/ratis/846106a1-dcb6-475f-9edc-97d52ea2dc36 has been successfully formatted.
2019-09-25 04:50:33,971 [pool-67-thread-1] INFO  ratis.ContainerStateMachine (ContainerStateMachine.java:loadSnapshot(230)) - group-97D52EA2DC36: The snapshot info is null. Setting the last applied indexto:(t:0, i:~)
2019-09-25 04:50:33,971 [pool-67-thread-1] INFO  server.RaftServerConfigKeys (ConfUtils.java:logGet(43)) - raft.server.notification.no-leader.timeout = 120s (custom)
2019-09-25 04:50:33,971 [pool-67-thread-1] INFO  server.RaftServerConfigKeys (ConfUtils.java:logGet(43)) - raft.server.log.use.memory = false (default)
2019-09-25 04:50:33,971 [pool-67-thread-1] INFO  server.RaftServerConfigKeys (ConfUtils.java:logGet(43)) - raft.server.log.purge.gap = 1000000 (custom)
2019-09-25 04:50:33,971 [pool-67-thread-1] INFO  server.RaftServerConfigKeys (ConfUtils.java:logGet(43)) - raft.server.log.appender.buffer.byte-limit = 33554432 (custom)
2019-09-25 04:50:33,972 [pool-67-thread-1] INFO  server.RaftServerConfigKeys (ConfUtils.java:logGet(43)) - raft.server.log.segment.size.max = 1048576 (custom)
2019-09-25 04:50:33,972 [pool-67-thread-1] INFO  server.RaftServerConfigKeys (ConfUtils.java:logGet(43)) - raft.server.log.segment.cache.num.max = 2 (custom)
2019-09-25 04:50:33,972 [pool-67-thread-1] INFO  segmented.SegmentedRaftLogWorker (SegmentedRaftLogWorker.java:<init>(172)) - new aabdae46-dcfa-45e6-b665-2c47bb305ebb@group-97D52EA2DC36-SegmentedRaftLogWorker for RaftStorage:Storage Directory /workdir/hadoop-ozone/integration-test/target/test-dir/MiniOzoneClusterImpl-72f6cbb0-c919-4300-9939-20ef1cbf0e73/datanode-4/data/ratis/846106a1-dcb6-475f-9edc-97d52ea2dc36
2019-09-25 04:50:33,972 [pool-67-thread-1] INFO  server.RaftServerConfigKeys (ConfUtils.java:logGet(43)) - raft.server.log.queue.byte-limit = 2147483647 (custom)
2019-09-25 04:50:33,972 [pool-67-thread-1] INFO  server.RaftServerConfigKeys (ConfUtils.java:logGet(43)) - raft.server.log.queue.element-limit = 1024 (custom)
2019-09-25 04:50:33,972 [pool-67-thread-1] INFO  server.RaftServerConfigKeys (ConfUtils.java:logGet(43)) - raft.server.log.segment.size.max = 1048576 (custom)
2019-09-25 04:50:33,973 [pool-67-thread-1] INFO  server.RaftServerConfigKeys (ConfUtils.java:logGet(43)) - raft.server.log.preallocated.size = 16384 (custom)
2019-09-25 04:50:33,973 [pool-67-thread-1] INFO  server.RaftServerConfigKeys (ConfUtils.java:logGet(43)) - raft.server.log.write.buffer.size = 33554432 (custom)
2019-09-25 04:50:33,973 [pool-67-thread-1] INFO  server.RaftServerConfigKeys (ConfUtils.java:logGet(43)) - raft.server.log.force.sync.num = 128 (default)
2019-09-25 04:50:33,973 [pool-67-thread-1] INFO  server.RaftServerConfigKeys (ConfUtils.java:logGet(43)) - raft.server.log.statemachine.data.sync = true (default)
2019-09-25 04:50:33,973 [pool-67-thread-1] INFO  server.RaftServerConfigKeys (ConfUtils.java:logGet(43)) - raft.server.log.statemachine.data.sync.timeout = 10s (default)
2019-09-25 04:50:33,973 [pool-67-thread-1] INFO  server.RaftServerConfigKeys (ConfUtils.java:logGet(43)) - raft.server.log.statemachine.data.sync.timeout.retry = -1 (default)
2019-09-25 04:50:33,974 [pool-67-thread-1] INFO  server.RaftServerConfigKeys (ConfUtils.java:logGet(43)) - raft.server.log.statemachine.data.caching.enabled = true (custom)
2019-09-25 04:50:33,974 [pool-67-thread-1] INFO  segmented.SegmentedRaftLogWorker (SegmentedRaftLogWorker.java:lambda$new$0(132)) - aabdae46-dcfa-45e6-b665-2c47bb305ebb@group-97D52EA2DC36-SegmentedRaftLogWorker: flushIndex: setUnconditionally 0 -> -1
2019-09-25 04:50:33,974 [pool-67-thread-1] INFO  server.RaftServerConfigKeys (ConfUtils.java:logGet(43)) - raft.server.snapshot.auto.trigger.enabled = true (custom)
2019-09-25 04:50:33,974 [pool-67-thread-1] INFO  server.RaftServerConfigKeys (ConfUtils.java:logGet(43)) - raft.server.snapshot.auto.trigger.threshold = 10000 (custom)
2019-09-25 04:50:33,975 [pool-67-thread-1] INFO  server.RaftServerConfigKeys (ConfUtils.java:logGet(43)) - raft.server.snapshot.retention.num.files = 5 (custom)
2019-09-25 04:50:33,975 [pool-67-thread-1] INFO  server.RaftServerConfigKeys (ConfUtils.java:logGet(43)) - raft.server.retrycache.expirytime = 600000ms (custom)
2019-09-25 04:50:33,977 [pool-67-thread-1] INFO  impl.RaftServerImpl (RaftServerImpl.java:start(185)) - aabdae46-dcfa-45e6-b665-2c47bb305ebb@group-97D52EA2DC36: start as a follower, conf=-1: [aabdae46-dcfa-45e6-b665-2c47bb305ebb:192.168.151.106:41436], old=null
2019-09-25 04:50:33,977 [pool-67-thread-1] INFO  impl.RaftServerImpl (RaftServerImpl.java:setRole(174)) - aabdae46-dcfa-45e6-b665-2c47bb305ebb@group-97D52EA2DC36: changes role from      null to FOLLOWER at term 0 for startAsFollower
2019-09-25 04:50:33,977 [pool-67-thread-1] INFO  impl.RoleInfo (RoleInfo.java:updateAndGet(143)) - aabdae46-dcfa-45e6-b665-2c47bb305ebb: start FollowerState
2019-09-25 04:50:33,977 [pool-67-thread-1] INFO  util.JmxRegister (JmxRegister.java:tryRegister(44)) - Successfully registered JMX Bean with object name Ratis:service=RaftServer,group=group-97D52EA2DC36,id=aabdae46-dcfa-45e6-b665-2c47bb305ebb
2019-09-25 04:50:33,982 [RatisPipelineUtilsThread] INFO  pipeline.PipelineStateManager (PipelineStateManager.java:addPipeline(56)) - Created pipeline Pipeline[ Id: 846106a1-dcb6-475f-9edc-97d52ea2dc36, Nodes: aabdae46-dcfa-45e6-b665-2c47bb305ebb{ip: 192.168.151.106, host: pr-hdds-1569-x2sr2-3486766547, networkLocation: /default-rack, certSerialId: null}, Type:RATIS, Factor:ONE, State:OPEN]
2019-09-25 04:50:33,990 [grpc-default-executor-0] INFO  impl.RaftServerProxy (RaftServerProxy.java:addNew(89)) - b40ef231-6505-402b-ae57-fc0dc67cbbe8: addNew group-ED8CE7F11753:[b40ef231-6505-402b-ae57-fc0dc67cbbe8:192.168.151.106:41861] returns group-ED8CE7F11753:java.util.concurrent.CompletableFuture@797f25f6[Not completed]
2019-09-25 04:50:33,992 [pool-37-thread-1] INFO  impl.RaftServerImpl (RaftServerImpl.java:<init>(95)) - b40ef231-6505-402b-ae57-fc0dc67cbbe8: new RaftServerImpl for group-ED8CE7F11753:[b40ef231-6505-402b-ae57-fc0dc67cbbe8:192.168.151.106:41861] with ContainerStateMachine:uninitialized
2019-09-25 04:50:33,993 [pool-37-thread-1] INFO  server.RaftServerConfigKeys (ConfUtils.java:logGet(43)) - raft.server.rpc.timeout.min = 5s (custom)
2019-09-25 04:50:33,993 [pool-37-thread-1] INFO  server.RaftServerConfigKeys (ConfUtils.java:logGet(43)) - raft.server.rpc.timeout.max = 5200ms (custom)
2019-09-25 04:50:33,993 [pool-37-thread-1] INFO  server.RaftServerConfigKeys (ConfUtils.java:logGet(43)) - raft.server.rpcslowness.timeout = 120s (custom)
2019-09-25 04:50:33,993 [pool-37-thread-1] INFO  server.RaftServerConfigKeys (ConfUtils.java:logGet(43)) - raft.server.sleep.deviation.threshold = 300 (default)
2019-09-25 04:50:33,993 [pool-37-thread-1] INFO  server.RaftServerConfigKeys (ConfUtils.java:logGet(43)) - raft.server.log.appender.install.snapshot.enabled = false (custom)
2019-09-25 04:50:33,993 [pool-37-thread-1] INFO  impl.RaftServerImpl (ServerState.java:<init>(103)) - b40ef231-6505-402b-ae57-fc0dc67cbbe8@group-ED8CE7F11753: ConfigurationManager, init=-1: [b40ef231-6505-402b-ae57-fc0dc67cbbe8:192.168.151.106:41861], old=null, confs=<EMPTY_MAP>
2019-09-25 04:50:33,994 [pool-37-thread-1] INFO  server.RaftServerConfigKeys (ConfUtils.java:logGet(43)) - raft.server.storage.dir = [/workdir/hadoop-ozone/integration-test/target/test-dir/MiniOzoneClusterImpl-72f6cbb0-c919-4300-9939-20ef1cbf0e73/datanode-1/data/ratis] (custom)
2019-09-25 04:50:33,994 [pool-37-thread-1] INFO  storage.RaftStorageDirectory (RaftStorageDirectory.java:analyzeStorage(246)) - The storage directory /workdir/hadoop-ozone/integration-test/target/test-dir/MiniOzoneClusterImpl-72f6cbb0-c919-4300-9939-20ef1cbf0e73/datanode-1/data/ratis/65794fa9-92aa-458c-b02f-ed8ce7f11753 does not exist. Creating ...
2019-09-25 04:50:34,012 [pool-37-thread-1] INFO  storage.RaftStorageDirectory (RaftStorageDirectory.java:tryLock(328)) - Lock on /workdir/hadoop-ozone/integration-test/target/test-dir/MiniOzoneClusterImpl-72f6cbb0-c919-4300-9939-20ef1cbf0e73/datanode-1/data/ratis/65794fa9-92aa-458c-b02f-ed8ce7f11753/in_use.lock acquired by nodename 13648@pr-hdds-1569-x2sr2-3486766547
2019-09-25 04:50:34,012 [4f7802c6-3418-4fbd-b0c6-a8e36fcecb0a@group-7E920AED6F10-SegmentedRaftLogWorker] INFO  segmented.SegmentedRaftLogWorker (SegmentedRaftLogWorker.java:execute(569)) - 4f7802c6-3418-4fbd-b0c6-a8e36fcecb0a@group-7E920AED6F10-SegmentedRaftLogWorker: created new log segment /workdir/hadoop-ozone/integration-test/target/test-dir/MiniOzoneClusterImpl-72f6cbb0-c919-4300-9939-20ef1cbf0e73/datanode-3/data/ratis/1a55050c-9c2c-40ea-937d-7e920aed6f10/current/log_inprogress_0
2019-09-25 04:50:34,016 [Thread-409] INFO  impl.FollowerState (FollowerState.java:run(106)) - 45f1801e-7cfd-420a-bb39-98f19dcc81c3:group-0B8AC0E1F20E changes to CANDIDATE, lastRpcTime:5070, electionTimeout:5070ms
2019-09-25 04:50:34,016 [Thread-409] INFO  impl.RoleInfo (RoleInfo.java:shutdownFollowerState(121)) - 45f1801e-7cfd-420a-bb39-98f19dcc81c3: shutdown FollowerState
2019-09-25 04:50:34,017 [Thread-409] INFO  impl.RaftServerImpl (RaftServerImpl.java:setRole(174)) - 45f1801e-7cfd-420a-bb39-98f19dcc81c3@group-0B8AC0E1F20E: changes role from  FOLLOWER to CANDIDATE at term 0 for changeToCandidate
2019-09-25 04:50:34,017 [Thread-409] INFO  impl.RoleInfo (RoleInfo.java:updateAndGet(143)) - 45f1801e-7cfd-420a-bb39-98f19dcc81c3: start LeaderElection
2019-09-25 04:50:34,026 [pool-37-thread-1] INFO  storage.RaftStorage (RaftStorage.java:format(72)) - Storage directory /workdir/hadoop-ozone/integration-test/target/test-dir/MiniOzoneClusterImpl-72f6cbb0-c919-4300-9939-20ef1cbf0e73/datanode-1/data/ratis/65794fa9-92aa-458c-b02f-ed8ce7f11753 has been successfully formatted.
2019-09-25 04:50:34,027 [45f1801e-7cfd-420a-bb39-98f19dcc81c3@group-0B8AC0E1F20E:LeaderElection55] INFO  impl.LeaderElection (LeaderElection.java:askForVotes(182)) - 45f1801e-7cfd-420a-bb39-98f19dcc81c3@group-0B8AC0E1F20E:LeaderElection55: begin an election at term 1 for -1: [45f1801e-7cfd-420a-bb39-98f19dcc81c3:192.168.151.106:38437], old=null
2019-09-25 04:50:34,027 [pool-37-thread-1] INFO  ratis.ContainerStateMachine (ContainerStateMachine.java:loadSnapshot(230)) - group-ED8CE7F11753: The snapshot info is null. Setting the last applied indexto:(t:0, i:~)
2019-09-25 04:50:34,027 [45f1801e-7cfd-420a-bb39-98f19dcc81c3@group-0B8AC0E1F20E:LeaderElection55] INFO  impl.RoleInfo (RoleInfo.java:shutdownLeaderElection(134)) - 45f1801e-7cfd-420a-bb39-98f19dcc81c3: shutdown LeaderElection
2019-09-25 04:50:34,027 [pool-37-thread-1] INFO  server.RaftServerConfigKeys (ConfUtils.java:logGet(43)) - raft.server.notification.no-leader.timeout = 120s (custom)
2019-09-25 04:50:34,027 [45f1801e-7cfd-420a-bb39-98f19dcc81c3@group-0B8AC0E1F20E:LeaderElection55] INFO  impl.RaftServerImpl (RaftServerImpl.java:setRole(174)) - 45f1801e-7cfd-420a-bb39-98f19dcc81c3@group-0B8AC0E1F20E: changes role from CANDIDATE to LEADER at term 1 for changeToLeader
2019-09-25 04:50:34,027 [pool-37-thread-1] INFO  server.RaftServerConfigKeys (ConfUtils.java:logGet(43)) - raft.server.log.use.memory = false (default)
2019-09-25 04:50:34,028 [Thread-403] INFO  impl.FollowerState (FollowerState.java:run(106)) - c35819d4-86f4-4223-a458-676070fe0cbb:group-F1E1BB9007F6 changes to CANDIDATE, lastRpcTime:5196, electionTimeout:5196ms
2019-09-25 04:50:34,028 [45f1801e-7cfd-420a-bb39-98f19dcc81c3@group-0B8AC0E1F20E:LeaderElection55] INFO  impl.RaftServerImpl (ServerState.java:setLeader(253)) - 45f1801e-7cfd-420a-bb39-98f19dcc81c3@group-0B8AC0E1F20E: change Leader from null to 45f1801e-7cfd-420a-bb39-98f19dcc81c3 at term 1 for becomeLeader, leader elected after 5088ms
2019-09-25 04:50:34,028 [Thread-403] INFO  impl.RoleInfo (RoleInfo.java:shutdownFollowerState(121)) - c35819d4-86f4-4223-a458-676070fe0cbb: shutdown FollowerState
2019-09-25 04:50:34,028 [pool-37-thread-1] INFO  server.RaftServerConfigKeys (ConfUtils.java:logGet(43)) - raft.server.log.purge.gap = 1000000 (custom)
2019-09-25 04:50:34,028 [Thread-403] INFO  impl.RaftServerImpl (RaftServerImpl.java:setRole(174)) - c35819d4-86f4-4223-a458-676070fe0cbb@group-F1E1BB9007F6: changes role from  FOLLOWER to CANDIDATE at term 0 for changeToCandidate
2019-09-25 04:50:34,028 [45f1801e-7cfd-420a-bb39-98f19dcc81c3@group-0B8AC0E1F20E:LeaderElection55] INFO  server.RaftServerConfigKeys (ConfUtils.java:logGet(43)) - raft.server.staging.catchup.gap = 1000 (default)
2019-09-25 04:50:34,029 [Thread-403] INFO  impl.RoleInfo (RoleInfo.java:updateAndGet(143)) - c35819d4-86f4-4223-a458-676070fe0cbb: start LeaderElection
2019-09-25 04:50:34,028 [pool-37-thread-1] INFO  server.RaftServerConfigKeys (ConfUtils.java:logGet(43)) - raft.server.log.appender.buffer.byte-limit = 33554432 (custom)
2019-09-25 04:50:34,029 [45f1801e-7cfd-420a-bb39-98f19dcc81c3@group-0B8AC0E1F20E:LeaderElection55] INFO  server.RaftServerConfigKeys (ConfUtils.java:logGet(43)) - raft.server.rpc.sleep.time = 25ms (default)
2019-09-25 04:50:34,029 [pool-37-thread-1] INFO  server.RaftServerConfigKeys (ConfUtils.java:logGet(43)) - raft.server.log.segment.size.max = 1048576 (custom)
2019-09-25 04:50:34,029 [pool-37-thread-1] INFO  server.RaftServerConfigKeys (ConfUtils.java:logGet(43)) - raft.server.log.segment.cache.num.max = 2 (custom)
2019-09-25 04:50:34,029 [45f1801e-7cfd-420a-bb39-98f19dcc81c3@group-0B8AC0E1F20E:LeaderElection55] INFO  server.RaftServerConfigKeys (ConfUtils.java:logGet(43)) - raft.server.write.element-limit = 4096 (default)
2019-09-25 04:50:34,030 [pool-37-thread-1] INFO  segmented.SegmentedRaftLogWorker (SegmentedRaftLogWorker.java:<init>(172)) - new b40ef231-6505-402b-ae57-fc0dc67cbbe8@group-ED8CE7F11753-SegmentedRaftLogWorker for RaftStorage:Storage Directory /workdir/hadoop-ozone/integration-test/target/test-dir/MiniOzoneClusterImpl-72f6cbb0-c919-4300-9939-20ef1cbf0e73/datanode-1/data/ratis/65794fa9-92aa-458c-b02f-ed8ce7f11753
2019-09-25 04:50:34,030 [45f1801e-7cfd-420a-bb39-98f19dcc81c3@group-0B8AC0E1F20E:LeaderElection55] INFO  server.RaftServerConfigKeys (ConfUtils.java:logGet(43)) - raft.server.watch.timeout = 10s (default)
2019-09-25 04:50:34,030 [pool-37-thread-1] INFO  server.RaftServerConfigKeys (ConfUtils.java:logGet(43)) - raft.server.log.queue.byte-limit = 2147483647 (custom)
2019-09-25 04:50:34,030 [45f1801e-7cfd-420a-bb39-98f19dcc81c3@group-0B8AC0E1F20E:LeaderElection55] INFO  server.RaftServerConfigKeys (ConfUtils.java:logGet(43)) - raft.server.watch.timeout.denomination = 1s (default)
2019-09-25 04:50:34,030 [pool-37-thread-1] INFO  server.RaftServerConfigKeys (ConfUtils.java:logGet(43)) - raft.server.log.queue.element-limit = 1024 (custom)
2019-09-25 04:50:34,030 [45f1801e-7cfd-420a-bb39-98f19dcc81c3@group-0B8AC0E1F20E:LeaderElection55] INFO  server.RaftServerConfigKeys (ConfUtils.java:logGet(43)) - raft.server.watch.element-limit = 65536 (default)
2019-09-25 04:50:34,030 [pool-37-thread-1] INFO  server.RaftServerConfigKeys (ConfUtils.java:logGet(43)) - raft.server.log.segment.size.max = 1048576 (custom)
2019-09-25 04:50:34,031 [pool-37-thread-1] INFO  server.RaftServerConfigKeys (ConfUtils.java:logGet(43)) - raft.server.log.preallocated.size = 16384 (custom)
2019-09-25 04:50:34,031 [pool-37-thread-1] INFO  server.RaftServerConfigKeys (ConfUtils.java:logGet(43)) - raft.server.log.write.buffer.size = 33554432 (custom)
2019-09-25 04:50:34,031 [pool-37-thread-1] INFO  server.RaftServerConfigKeys (ConfUtils.java:logGet(43)) - raft.server.log.force.sync.num = 128 (default)
2019-09-25 04:50:34,031 [pool-37-thread-1] INFO  server.RaftServerConfigKeys (ConfUtils.java:logGet(43)) - raft.server.log.statemachine.data.sync = true (default)
2019-09-25 04:50:34,031 [pool-37-thread-1] INFO  server.RaftServerConfigKeys (ConfUtils.java:logGet(43)) - raft.server.log.statemachine.data.sync.timeout = 10s (default)
2019-09-25 04:50:34,031 [pool-37-thread-1] INFO  server.RaftServerConfigKeys (ConfUtils.java:logGet(43)) - raft.server.log.statemachine.data.sync.timeout.retry = -1 (default)
2019-09-25 04:50:34,032 [pool-37-thread-1] INFO  server.RaftServerConfigKeys (ConfUtils.java:logGet(43)) - raft.server.log.statemachine.data.caching.enabled = true (custom)
2019-09-25 04:50:34,032 [pool-37-thread-1] INFO  segmented.SegmentedRaftLogWorker (SegmentedRaftLogWorker.java:lambda$new$0(132)) - b40ef231-6505-402b-ae57-fc0dc67cbbe8@group-ED8CE7F11753-SegmentedRaftLogWorker: flushIndex: setUnconditionally 0 -> -1
2019-09-25 04:50:34,032 [pool-37-thread-1] INFO  server.RaftServerConfigKeys (ConfUtils.java:logGet(43)) - raft.server.snapshot.auto.trigger.enabled = true (custom)
2019-09-25 04:50:34,033 [45f1801e-7cfd-420a-bb39-98f19dcc81c3@group-0B8AC0E1F20E:LeaderElection55] INFO  impl.RoleInfo (RoleInfo.java:updateAndGet(143)) - 45f1801e-7cfd-420a-bb39-98f19dcc81c3: start LeaderState
2019-09-25 04:50:34,033 [pool-37-thread-1] INFO  server.RaftServerConfigKeys (ConfUtils.java:logGet(43)) - raft.server.snapshot.auto.trigger.threshold = 10000 (custom)
2019-09-25 04:50:34,033 [pool-37-thread-1] INFO  server.RaftServerConfigKeys (ConfUtils.java:logGet(43)) - raft.server.snapshot.retention.num.files = 5 (custom)
2019-09-25 04:50:34,033 [pool-37-thread-1] INFO  server.RaftServerConfigKeys (ConfUtils.java:logGet(43)) - raft.server.retrycache.expirytime = 600000ms (custom)
2019-09-25 04:50:34,033 [45f1801e-7cfd-420a-bb39-98f19dcc81c3@group-0B8AC0E1F20E:LeaderElection55] INFO  segmented.SegmentedRaftLogWorker (SegmentedRaftLogWorker.java:startLogSegment(380)) - 45f1801e-7cfd-420a-bb39-98f19dcc81c3@group-0B8AC0E1F20E-SegmentedRaftLogWorker: Starting segment from index:0
2019-09-25 04:50:34,034 [45f1801e-7cfd-420a-bb39-98f19dcc81c3@group-0B8AC0E1F20E:LeaderElection55] INFO  impl.RaftServerImpl (ServerState.java:setRaftConf(354)) - 45f1801e-7cfd-420a-bb39-98f19dcc81c3@group-0B8AC0E1F20E: set configuration 0: [45f1801e-7cfd-420a-bb39-98f19dcc81c3:192.168.151.106:38437], old=null at 0
2019-09-25 04:50:34,035 [pool-37-thread-1] INFO  impl.RaftServerImpl (RaftServerImpl.java:start(185)) - b40ef231-6505-402b-ae57-fc0dc67cbbe8@group-ED8CE7F11753: start as a follower, conf=-1: [b40ef231-6505-402b-ae57-fc0dc67cbbe8:192.168.151.106:41861], old=null
2019-09-25 04:50:34,036 [pool-37-thread-1] INFO  impl.RaftServerImpl (RaftServerImpl.java:setRole(174)) - b40ef231-6505-402b-ae57-fc0dc67cbbe8@group-ED8CE7F11753: changes role from      null to FOLLOWER at term 0 for startAsFollower
2019-09-25 04:50:34,036 [pool-37-thread-1] INFO  impl.RoleInfo (RoleInfo.java:updateAndGet(143)) - b40ef231-6505-402b-ae57-fc0dc67cbbe8: start FollowerState
2019-09-25 04:50:34,036 [pool-37-thread-1] INFO  util.JmxRegister (JmxRegister.java:tryRegister(44)) - Successfully registered JMX Bean with object name Ratis:service=RaftServer,group=group-ED8CE7F11753,id=b40ef231-6505-402b-ae57-fc0dc67cbbe8
2019-09-25 04:50:34,041 [RatisPipelineUtilsThread] INFO  pipeline.PipelineStateManager (PipelineStateManager.java:addPipeline(56)) - Created pipeline Pipeline[ Id: 65794fa9-92aa-458c-b02f-ed8ce7f11753, Nodes: b40ef231-6505-402b-ae57-fc0dc67cbbe8{ip: 192.168.151.106, host: pr-hdds-1569-x2sr2-3486766547, networkLocation: /default-rack, certSerialId: null}, Type:RATIS, Factor:ONE, State:OPEN]
2019-09-25 04:50:34,043 [c35819d4-86f4-4223-a458-676070fe0cbb@group-F1E1BB9007F6:LeaderElection56] INFO  impl.LeaderElection (LeaderElection.java:askForVotes(182)) - c35819d4-86f4-4223-a458-676070fe0cbb@group-F1E1BB9007F6:LeaderElection56: begin an election at term 1 for -1: [c35819d4-86f4-4223-a458-676070fe0cbb:192.168.151.106:44434], old=null
2019-09-25 04:50:34,043 [c35819d4-86f4-4223-a458-676070fe0cbb@group-F1E1BB9007F6:LeaderElection56] INFO  impl.RoleInfo (RoleInfo.java:shutdownLeaderElection(134)) - c35819d4-86f4-4223-a458-676070fe0cbb: shutdown LeaderElection
2019-09-25 04:50:34,043 [c35819d4-86f4-4223-a458-676070fe0cbb@group-F1E1BB9007F6:LeaderElection56] INFO  impl.RaftServerImpl (RaftServerImpl.java:setRole(174)) - c35819d4-86f4-4223-a458-676070fe0cbb@group-F1E1BB9007F6: changes role from CANDIDATE to LEADER at term 1 for changeToLeader
2019-09-25 04:50:34,043 [c35819d4-86f4-4223-a458-676070fe0cbb@group-F1E1BB9007F6:LeaderElection56] INFO  impl.RaftServerImpl (ServerState.java:setLeader(253)) - c35819d4-86f4-4223-a458-676070fe0cbb@group-F1E1BB9007F6: change Leader from null to c35819d4-86f4-4223-a458-676070fe0cbb at term 1 for becomeLeader, leader elected after 5219ms
2019-09-25 04:50:34,044 [c35819d4-86f4-4223-a458-676070fe0cbb@group-F1E1BB9007F6:LeaderElection56] INFO  server.RaftServerConfigKeys (ConfUtils.java:logGet(43)) - raft.server.staging.catchup.gap = 1000 (default)
2019-09-25 04:50:34,044 [c35819d4-86f4-4223-a458-676070fe0cbb@group-F1E1BB9007F6:LeaderElection56] INFO  server.RaftServerConfigKeys (ConfUtils.java:logGet(43)) - raft.server.rpc.sleep.time = 25ms (default)
2019-09-25 04:50:34,044 [c35819d4-86f4-4223-a458-676070fe0cbb@group-F1E1BB9007F6:LeaderElection56] INFO  server.RaftServerConfigKeys (ConfUtils.java:logGet(43)) - raft.server.write.element-limit = 4096 (default)
2019-09-25 04:50:34,044 [c35819d4-86f4-4223-a458-676070fe0cbb@group-F1E1BB9007F6:LeaderElection56] INFO  server.RaftServerConfigKeys (ConfUtils.java:logGet(43)) - raft.server.watch.timeout = 10s (default)
2019-09-25 04:50:34,045 [c35819d4-86f4-4223-a458-676070fe0cbb@group-F1E1BB9007F6:LeaderElection56] INFO  server.RaftServerConfigKeys (ConfUtils.java:logGet(43)) - raft.server.watch.timeout.denomination = 1s (default)
2019-09-25 04:50:34,045 [c35819d4-86f4-4223-a458-676070fe0cbb@group-F1E1BB9007F6:LeaderElection56] INFO  server.RaftServerConfigKeys (ConfUtils.java:logGet(43)) - raft.server.watch.element-limit = 65536 (default)
2019-09-25 04:50:34,047 [grpc-default-executor-0] INFO  impl.RaftServerProxy (RaftServerProxy.java:addNew(89)) - 9216b865-ce6b-4fb7-bc99-65479a86b6eb: addNew group-D51CC7C69CA8:[9216b865-ce6b-4fb7-bc99-65479a86b6eb:192.168.151.106:43252] returns group-D51CC7C69CA8:java.util.concurrent.CompletableFuture@47a0dc18[Not completed]
2019-09-25 04:50:34,048 [c35819d4-86f4-4223-a458-676070fe0cbb@group-F1E1BB9007F6:LeaderElection56] INFO  impl.RoleInfo (RoleInfo.java:updateAndGet(143)) - c35819d4-86f4-4223-a458-676070fe0cbb: start LeaderState
2019-09-25 04:50:34,048 [c35819d4-86f4-4223-a458-676070fe0cbb@group-F1E1BB9007F6:LeaderElection56] INFO  segmented.SegmentedRaftLogWorker (SegmentedRaftLogWorker.java:startLogSegment(380)) - c35819d4-86f4-4223-a458-676070fe0cbb@group-F1E1BB9007F6-SegmentedRaftLogWorker: Starting segment from index:0
2019-09-25 04:50:34,049 [c35819d4-86f4-4223-a458-676070fe0cbb@group-F1E1BB9007F6:LeaderElection56] INFO  impl.RaftServerImpl (ServerState.java:setRaftConf(354)) - c35819d4-86f4-4223-a458-676070fe0cbb@group-F1E1BB9007F6: set configuration 0: [c35819d4-86f4-4223-a458-676070fe0cbb:192.168.151.106:44434], old=null at 0
2019-09-25 04:50:34,050 [pool-77-thread-1] INFO  impl.RaftServerImpl (RaftServerImpl.java:<init>(95)) - 9216b865-ce6b-4fb7-bc99-65479a86b6eb: new RaftServerImpl for group-D51CC7C69CA8:[9216b865-ce6b-4fb7-bc99-65479a86b6eb:192.168.151.106:43252] with ContainerStateMachine:uninitialized
2019-09-25 04:50:34,050 [pool-77-thread-1] INFO  server.RaftServerConfigKeys (ConfUtils.java:logGet(43)) - raft.server.rpc.timeout.min = 5s (custom)
2019-09-25 04:50:34,050 [pool-77-thread-1] INFO  server.RaftServerConfigKeys (ConfUtils.java:logGet(43)) - raft.server.rpc.timeout.max = 5200ms (custom)
2019-09-25 04:50:34,051 [pool-77-thread-1] INFO  server.RaftServerConfigKeys (ConfUtils.java:logGet(43)) - raft.server.rpcslowness.timeout = 120s (custom)
2019-09-25 04:50:34,051 [pool-77-thread-1] INFO  server.RaftServerConfigKeys (ConfUtils.java:logGet(43)) - raft.server.sleep.deviation.threshold = 300 (default)
2019-09-25 04:50:34,051 [pool-77-thread-1] INFO  server.RaftServerConfigKeys (ConfUtils.java:logGet(43)) - raft.server.log.appender.install.snapshot.enabled = false (custom)
2019-09-25 04:50:34,051 [pool-77-thread-1] INFO  impl.RaftServerImpl (ServerState.java:<init>(103)) - 9216b865-ce6b-4fb7-bc99-65479a86b6eb@group-D51CC7C69CA8: ConfigurationManager, init=-1: [9216b865-ce6b-4fb7-bc99-65479a86b6eb:192.168.151.106:43252], old=null, confs=<EMPTY_MAP>
2019-09-25 04:50:34,052 [pool-77-thread-1] INFO  server.RaftServerConfigKeys (ConfUtils.java:logGet(43)) - raft.server.storage.dir = [/workdir/hadoop-ozone/integration-test/target/test-dir/MiniOzoneClusterImpl-72f6cbb0-c919-4300-9939-20ef1cbf0e73/datanode-5/data/ratis] (custom)
2019-09-25 04:50:34,052 [pool-77-thread-1] INFO  storage.RaftStorageDirectory (RaftStorageDirectory.java:analyzeStorage(246)) - The storage directory /workdir/hadoop-ozone/integration-test/target/test-dir/MiniOzoneClusterImpl-72f6cbb0-c919-4300-9939-20ef1cbf0e73/datanode-5/data/ratis/032838ce-e817-4a0e-bb55-d51cc7c69ca8 does not exist. Creating ...
2019-09-25 04:50:34,066 [pool-77-thread-1] INFO  storage.RaftStorageDirectory (RaftStorageDirectory.java:tryLock(328)) - Lock on /workdir/hadoop-ozone/integration-test/target/test-dir/MiniOzoneClusterImpl-72f6cbb0-c919-4300-9939-20ef1cbf0e73/datanode-5/data/ratis/032838ce-e817-4a0e-bb55-d51cc7c69ca8/in_use.lock acquired by nodename 13648@pr-hdds-1569-x2sr2-3486766547
2019-09-25 04:50:34,078 [pool-77-thread-1] INFO  storage.RaftStorage (RaftStorage.java:format(72)) - Storage directory /workdir/hadoop-ozone/integration-test/target/test-dir/MiniOzoneClusterImpl-72f6cbb0-c919-4300-9939-20ef1cbf0e73/datanode-5/data/ratis/032838ce-e817-4a0e-bb55-d51cc7c69ca8 has been successfully formatted.
2019-09-25 04:50:34,079 [pool-77-thread-1] INFO  ratis.ContainerStateMachine (ContainerStateMachine.java:loadSnapshot(230)) - group-D51CC7C69CA8: The snapshot info is null. Setting the last applied indexto:(t:0, i:~)
2019-09-25 04:50:34,079 [pool-77-thread-1] INFO  server.RaftServerConfigKeys (ConfUtils.java:logGet(43)) - raft.server.notification.no-leader.timeout = 120s (custom)
2019-09-25 04:50:34,079 [pool-77-thread-1] INFO  server.RaftServerConfigKeys (ConfUtils.java:logGet(43)) - raft.server.log.use.memory = false (default)
2019-09-25 04:50:34,079 [pool-77-thread-1] INFO  server.RaftServerConfigKeys (ConfUtils.java:logGet(43)) - raft.server.log.purge.gap = 1000000 (custom)
2019-09-25 04:50:34,079 [pool-77-thread-1] INFO  server.RaftServerConfigKeys (ConfUtils.java:logGet(43)) - raft.server.log.appender.buffer.byte-limit = 33554432 (custom)
2019-09-25 04:50:34,080 [pool-77-thread-1] INFO  server.RaftServerConfigKeys (ConfUtils.java:logGet(43)) - raft.server.log.segment.size.max = 1048576 (custom)
2019-09-25 04:50:34,080 [pool-77-thread-1] INFO  server.RaftServerConfigKeys (ConfUtils.java:logGet(43)) - raft.server.log.segment.cache.num.max = 2 (custom)
2019-09-25 04:50:34,080 [pool-77-thread-1] INFO  segmented.SegmentedRaftLogWorker (SegmentedRaftLogWorker.java:<init>(172)) - new 9216b865-ce6b-4fb7-bc99-65479a86b6eb@group-D51CC7C69CA8-SegmentedRaftLogWorker for RaftStorage:Storage Directory /workdir/hadoop-ozone/integration-test/target/test-dir/MiniOzoneClusterImpl-72f6cbb0-c919-4300-9939-20ef1cbf0e73/datanode-5/data/ratis/032838ce-e817-4a0e-bb55-d51cc7c69ca8
2019-09-25 04:50:34,080 [pool-77-thread-1] INFO  server.RaftServerConfigKeys (ConfUtils.java:logGet(43)) - raft.server.log.queue.byte-limit = 2147483647 (custom)
2019-09-25 04:50:34,080 [pool-77-thread-1] INFO  server.RaftServerConfigKeys (ConfUtils.java:logGet(43)) - raft.server.log.queue.element-limit = 1024 (custom)
2019-09-25 04:50:34,080 [pool-77-thread-1] INFO  server.RaftServerConfigKeys (ConfUtils.java:logGet(43)) - raft.server.log.segment.size.max = 1048576 (custom)
2019-09-25 04:50:34,081 [pool-77-thread-1] INFO  server.RaftServerConfigKeys (ConfUtils.java:logGet(43)) - raft.server.log.preallocated.size = 16384 (custom)
2019-09-25 04:50:34,081 [pool-77-thread-1] INFO  server.RaftServerConfigKeys (ConfUtils.java:logGet(43)) - raft.server.log.write.buffer.size = 33554432 (custom)
2019-09-25 04:50:34,081 [pool-77-thread-1] INFO  server.RaftServerConfigKeys (ConfUtils.java:logGet(43)) - raft.server.log.force.sync.num = 128 (default)
2019-09-25 04:50:34,081 [pool-77-thread-1] INFO  server.RaftServerConfigKeys (ConfUtils.java:logGet(43)) - raft.server.log.statemachine.data.sync = true (default)
2019-09-25 04:50:34,082 [pool-77-thread-1] INFO  server.RaftServerConfigKeys (ConfUtils.java:logGet(43)) - raft.server.log.statemachine.data.sync.timeout = 10s (default)
2019-09-25 04:50:34,082 [pool-77-thread-1] INFO  server.RaftServerConfigKeys (ConfUtils.java:logGet(43)) - raft.server.log.statemachine.data.sync.timeout.retry = -1 (default)
2019-09-25 04:50:34,082 [pool-77-thread-1] INFO  server.RaftServerConfigKeys (ConfUtils.java:logGet(43)) - raft.server.log.statemachine.data.caching.enabled = true (custom)
2019-09-25 04:50:34,083 [pool-77-thread-1] INFO  segmented.SegmentedRaftLogWorker (SegmentedRaftLogWorker.java:lambda$new$0(132)) - 9216b865-ce6b-4fb7-bc99-65479a86b6eb@group-D51CC7C69CA8-SegmentedRaftLogWorker: flushIndex: setUnconditionally 0 -> -1
2019-09-25 04:50:34,083 [pool-77-thread-1] INFO  server.RaftServerConfigKeys (ConfUtils.java:logGet(43)) - raft.server.snapshot.auto.trigger.enabled = true (custom)
2019-09-25 04:50:34,083 [pool-77-thread-1] INFO  server.RaftServerConfigKeys (ConfUtils.java:logGet(43)) - raft.server.snapshot.auto.trigger.threshold = 10000 (custom)
2019-09-25 04:50:34,083 [pool-77-thread-1] INFO  server.RaftServerConfigKeys (ConfUtils.java:logGet(43)) - raft.server.snapshot.retention.num.files = 5 (custom)
2019-09-25 04:50:34,084 [pool-77-thread-1] INFO  server.RaftServerConfigKeys (ConfUtils.java:logGet(43)) - raft.server.retrycache.expirytime = 600000ms (custom)
2019-09-25 04:50:34,086 [pool-77-thread-1] INFO  impl.RaftServerImpl (RaftServerImpl.java:start(185)) - 9216b865-ce6b-4fb7-bc99-65479a86b6eb@group-D51CC7C69CA8: start as a follower, conf=-1: [9216b865-ce6b-4fb7-bc99-65479a86b6eb:192.168.151.106:43252], old=null
2019-09-25 04:50:34,086 [pool-77-thread-1] INFO  impl.RaftServerImpl (RaftServerImpl.java:setRole(174)) - 9216b865-ce6b-4fb7-bc99-65479a86b6eb@group-D51CC7C69CA8: changes role from      null to FOLLOWER at term 0 for startAsFollower
2019-09-25 04:50:34,086 [pool-77-thread-1] INFO  impl.RoleInfo (RoleInfo.java:updateAndGet(143)) - 9216b865-ce6b-4fb7-bc99-65479a86b6eb: start FollowerState
2019-09-25 04:50:34,087 [pool-77-thread-1] INFO  util.JmxRegister (JmxRegister.java:tryRegister(44)) - Successfully registered JMX Bean with object name Ratis:service=RaftServer,group=group-D51CC7C69CA8,id=9216b865-ce6b-4fb7-bc99-65479a86b6eb
2019-09-25 04:50:34,090 [RatisPipelineUtilsThread] INFO  pipeline.PipelineStateManager (PipelineStateManager.java:addPipeline(56)) - Created pipeline Pipeline[ Id: 032838ce-e817-4a0e-bb55-d51cc7c69ca8, Nodes: 9216b865-ce6b-4fb7-bc99-65479a86b6eb{ip: 192.168.151.106, host: pr-hdds-1569-x2sr2-3486766547, networkLocation: /default-rack, certSerialId: null}, Type:RATIS, Factor:ONE, State:OPEN]
2019-09-25 04:50:34,097 [grpc-default-executor-0] INFO  impl.RaftServerProxy (RaftServerProxy.java:addNew(89)) - 45f1801e-7cfd-420a-bb39-98f19dcc81c3: addNew group-E913C43F8E9C:[45f1801e-7cfd-420a-bb39-98f19dcc81c3:192.168.151.106:38437] returns group-E913C43F8E9C:java.util.concurrent.CompletableFuture@6e7f8942[Not completed]
2019-09-25 04:50:34,099 [45f1801e-7cfd-420a-bb39-98f19dcc81c3@group-0B8AC0E1F20E-SegmentedRaftLogWorker] INFO  segmented.SegmentedRaftLogWorker (SegmentedRaftLogWorker.java:execute(569)) - 45f1801e-7cfd-420a-bb39-98f19dcc81c3@group-0B8AC0E1F20E-SegmentedRaftLogWorker: created new log segment /workdir/hadoop-ozone/integration-test/target/test-dir/MiniOzoneClusterImpl-72f6cbb0-c919-4300-9939-20ef1cbf0e73/datanode-6/data/ratis/c749c3e6-64f8-4183-ab1b-0b8ac0e1f20e/current/log_inprogress_0
2019-09-25 04:50:34,099 [pool-87-thread-1] INFO  impl.RaftServerImpl (RaftServerImpl.java:<init>(95)) - 45f1801e-7cfd-420a-bb39-98f19dcc81c3: new RaftServerImpl for group-E913C43F8E9C:[45f1801e-7cfd-420a-bb39-98f19dcc81c3:192.168.151.106:38437] with ContainerStateMachine:uninitialized
2019-09-25 04:50:34,099 [pool-87-thread-1] INFO  server.RaftServerConfigKeys (ConfUtils.java:logGet(43)) - raft.server.rpc.timeout.min = 5s (custom)
2019-09-25 04:50:34,099 [pool-87-thread-1] INFO  server.RaftServerConfigKeys (ConfUtils.java:logGet(43)) - raft.server.rpc.timeout.max = 5200ms (custom)
2019-09-25 04:50:34,100 [pool-87-thread-1] INFO  server.RaftServerConfigKeys (ConfUtils.java:logGet(43)) - raft.server.rpcslowness.timeout = 120s (custom)
2019-09-25 04:50:34,100 [pool-87-thread-1] INFO  server.RaftServerConfigKeys (ConfUtils.java:logGet(43)) - raft.server.sleep.deviation.threshold = 300 (default)
2019-09-25 04:50:34,100 [c35819d4-86f4-4223-a458-676070fe0cbb@group-F1E1BB9007F6-SegmentedRaftLogWorker] INFO  segmented.SegmentedRaftLogWorker (SegmentedRaftLogWorker.java:execute(569)) - c35819d4-86f4-4223-a458-676070fe0cbb@group-F1E1BB9007F6-SegmentedRaftLogWorker: created new log segment /workdir/hadoop-ozone/integration-test/target/test-dir/MiniOzoneClusterImpl-72f6cbb0-c919-4300-9939-20ef1cbf0e73/datanode-0/data/ratis/707d1ccc-b4b0-4e3c-b6a0-f1e1bb9007f6/current/log_inprogress_0
2019-09-25 04:50:34,100 [pool-87-thread-1] INFO  server.RaftServerConfigKeys (ConfUtils.java:logGet(43)) - raft.server.log.appender.install.snapshot.enabled = false (custom)
2019-09-25 04:50:34,100 [pool-87-thread-1] INFO  impl.RaftServerImpl (ServerState.java:<init>(103)) - 45f1801e-7cfd-420a-bb39-98f19dcc81c3@group-E913C43F8E9C: ConfigurationManager, init=-1: [45f1801e-7cfd-420a-bb39-98f19dcc81c3:192.168.151.106:38437], old=null, confs=<EMPTY_MAP>
2019-09-25 04:50:34,100 [pool-87-thread-1] INFO  server.RaftServerConfigKeys (ConfUtils.java:logGet(43)) - raft.server.storage.dir = [/workdir/hadoop-ozone/integration-test/target/test-dir/MiniOzoneClusterImpl-72f6cbb0-c919-4300-9939-20ef1cbf0e73/datanode-6/data/ratis] (custom)
2019-09-25 04:50:34,101 [pool-87-thread-1] INFO  storage.RaftStorageDirectory (RaftStorageDirectory.java:analyzeStorage(246)) - The storage directory /workdir/hadoop-ozone/integration-test/target/test-dir/MiniOzoneClusterImpl-72f6cbb0-c919-4300-9939-20ef1cbf0e73/datanode-6/data/ratis/cfeea593-7e14-4a8c-8be0-e913c43f8e9c does not exist. Creating ...
2019-09-25 04:50:34,127 [pool-87-thread-1] INFO  storage.RaftStorageDirectory (RaftStorageDirectory.java:tryLock(328)) - Lock on /workdir/hadoop-ozone/integration-test/target/test-dir/MiniOzoneClusterImpl-72f6cbb0-c919-4300-9939-20ef1cbf0e73/datanode-6/data/ratis/cfeea593-7e14-4a8c-8be0-e913c43f8e9c/in_use.lock acquired by nodename 13648@pr-hdds-1569-x2sr2-3486766547
2019-09-25 04:50:34,161 [pool-87-thread-1] INFO  storage.RaftStorage (RaftStorage.java:format(72)) - Storage directory /workdir/hadoop-ozone/integration-test/target/test-dir/MiniOzoneClusterImpl-72f6cbb0-c919-4300-9939-20ef1cbf0e73/datanode-6/data/ratis/cfeea593-7e14-4a8c-8be0-e913c43f8e9c has been successfully formatted.
2019-09-25 04:50:34,161 [pool-87-thread-1] INFO  ratis.ContainerStateMachine (ContainerStateMachine.java:loadSnapshot(230)) - group-E913C43F8E9C: The snapshot info is null. Setting the last applied indexto:(t:0, i:~)
2019-09-25 04:50:34,161 [pool-87-thread-1] INFO  server.RaftServerConfigKeys (ConfUtils.java:logGet(43)) - raft.server.notification.no-leader.timeout = 120s (custom)
2019-09-25 04:50:34,161 [pool-87-thread-1] INFO  server.RaftServerConfigKeys (ConfUtils.java:logGet(43)) - raft.server.log.use.memory = false (default)
2019-09-25 04:50:34,162 [pool-87-thread-1] INFO  server.RaftServerConfigKeys (ConfUtils.java:logGet(43)) - raft.server.log.purge.gap = 1000000 (custom)
2019-09-25 04:50:34,162 [pool-87-thread-1] INFO  server.RaftServerConfigKeys (ConfUtils.java:logGet(43)) - raft.server.log.appender.buffer.byte-limit = 33554432 (custom)
2019-09-25 04:50:34,162 [pool-87-thread-1] INFO  server.RaftServerConfigKeys (ConfUtils.java:logGet(43)) - raft.server.log.segment.size.max = 1048576 (custom)
2019-09-25 04:50:34,162 [pool-87-thread-1] INFO  server.RaftServerConfigKeys (ConfUtils.java:logGet(43)) - raft.server.log.segment.cache.num.max = 2 (custom)
2019-09-25 04:50:34,162 [pool-87-thread-1] INFO  segmented.SegmentedRaftLogWorker (SegmentedRaftLogWorker.java:<init>(172)) - new 45f1801e-7cfd-420a-bb39-98f19dcc81c3@group-E913C43F8E9C-SegmentedRaftLogWorker for RaftStorage:Storage Directory /workdir/hadoop-ozone/integration-test/target/test-dir/MiniOzoneClusterImpl-72f6cbb0-c919-4300-9939-20ef1cbf0e73/datanode-6/data/ratis/cfeea593-7e14-4a8c-8be0-e913c43f8e9c
2019-09-25 04:50:34,163 [pool-87-thread-1] INFO  server.RaftServerConfigKeys (ConfUtils.java:logGet(43)) - raft.server.log.queue.byte-limit = 2147483647 (custom)
2019-09-25 04:50:34,163 [pool-87-thread-1] INFO  server.RaftServerConfigKeys (ConfUtils.java:logGet(43)) - raft.server.log.queue.element-limit = 1024 (custom)
2019-09-25 04:50:34,163 [pool-87-thread-1] INFO  server.RaftServerConfigKeys (ConfUtils.java:logGet(43)) - raft.server.log.segment.size.max = 1048576 (custom)
2019-09-25 04:50:34,163 [pool-87-thread-1] INFO  server.RaftServerConfigKeys (ConfUtils.java:logGet(43)) - raft.server.log.preallocated.size = 16384 (custom)
2019-09-25 04:50:34,163 [pool-87-thread-1] INFO  server.RaftServerConfigKeys (ConfUtils.java:logGet(43)) - raft.server.log.write.buffer.size = 33554432 (custom)
2019-09-25 04:50:34,164 [pool-87-thread-1] INFO  server.RaftServerConfigKeys (ConfUtils.java:logGet(43)) - raft.server.log.force.sync.num = 128 (default)
2019-09-25 04:50:34,164 [pool-87-thread-1] INFO  server.RaftServerConfigKeys (ConfUtils.java:logGet(43)) - raft.server.log.statemachine.data.sync = true (default)
2019-09-25 04:50:34,164 [pool-87-thread-1] INFO  server.RaftServerConfigKeys (ConfUtils.java:logGet(43)) - raft.server.log.statemachine.data.sync.timeout = 10s (default)
2019-09-25 04:50:34,164 [pool-87-thread-1] INFO  server.RaftServerConfigKeys (ConfUtils.java:logGet(43)) - raft.server.log.statemachine.data.sync.timeout.retry = -1 (default)
2019-09-25 04:50:34,164 [pool-87-thread-1] INFO  server.RaftServerConfigKeys (ConfUtils.java:logGet(43)) - raft.server.log.statemachine.data.caching.enabled = true (custom)
2019-09-25 04:50:34,165 [pool-87-thread-1] INFO  segmented.SegmentedRaftLogWorker (SegmentedRaftLogWorker.java:lambda$new$0(132)) - 45f1801e-7cfd-420a-bb39-98f19dcc81c3@group-E913C43F8E9C-SegmentedRaftLogWorker: flushIndex: setUnconditionally 0 -> -1
2019-09-25 04:50:34,165 [pool-87-thread-1] INFO  server.RaftServerConfigKeys (ConfUtils.java:logGet(43)) - raft.server.snapshot.auto.trigger.enabled = true (custom)
2019-09-25 04:50:34,165 [pool-87-thread-1] INFO  server.RaftServerConfigKeys (ConfUtils.java:logGet(43)) - raft.server.snapshot.auto.trigger.threshold = 10000 (custom)
2019-09-25 04:50:34,166 [pool-87-thread-1] INFO  server.RaftServerConfigKeys (ConfUtils.java:logGet(43)) - raft.server.snapshot.retention.num.files = 5 (custom)
2019-09-25 04:50:34,166 [pool-87-thread-1] INFO  server.RaftServerConfigKeys (ConfUtils.java:logGet(43)) - raft.server.retrycache.expirytime = 600000ms (custom)
2019-09-25 04:50:34,168 [pool-87-thread-1] INFO  impl.RaftServerImpl (RaftServerImpl.java:start(185)) - 45f1801e-7cfd-420a-bb39-98f19dcc81c3@group-E913C43F8E9C: start as a follower, conf=-1: [45f1801e-7cfd-420a-bb39-98f19dcc81c3:192.168.151.106:38437], old=null
2019-09-25 04:50:34,169 [pool-87-thread-1] INFO  impl.RaftServerImpl (RaftServerImpl.java:setRole(174)) - 45f1801e-7cfd-420a-bb39-98f19dcc81c3@group-E913C43F8E9C: changes role from      null to FOLLOWER at term 0 for startAsFollower
2019-09-25 04:50:34,169 [pool-87-thread-1] INFO  impl.RoleInfo (RoleInfo.java:updateAndGet(143)) - 45f1801e-7cfd-420a-bb39-98f19dcc81c3: start FollowerState
2019-09-25 04:50:34,169 [pool-87-thread-1] INFO  util.JmxRegister (JmxRegister.java:tryRegister(44)) - Successfully registered JMX Bean with object name Ratis:service=RaftServer,group=group-E913C43F8E9C,id=45f1801e-7cfd-420a-bb39-98f19dcc81c3
2019-09-25 04:50:34,172 [RatisPipelineUtilsThread] INFO  pipeline.PipelineStateManager (PipelineStateManager.java:addPipeline(56)) - Created pipeline Pipeline[ Id: cfeea593-7e14-4a8c-8be0-e913c43f8e9c, Nodes: 45f1801e-7cfd-420a-bb39-98f19dcc81c3{ip: 192.168.151.106, host: pr-hdds-1569-x2sr2-3486766547, networkLocation: /default-rack, certSerialId: null}, Type:RATIS, Factor:ONE, State:OPEN]
2019-09-25 04:50:34,174 [Thread-412] INFO  impl.FollowerState (FollowerState.java:run(106)) - 9216b865-ce6b-4fb7-bc99-65479a86b6eb:group-B0B63E1DF489 changes to CANDIDATE, lastRpcTime:5168, electionTimeout:5168ms
2019-09-25 04:50:34,174 [Thread-412] INFO  impl.RoleInfo (RoleInfo.java:shutdownFollowerState(121)) - 9216b865-ce6b-4fb7-bc99-65479a86b6eb: shutdown FollowerState
2019-09-25 04:50:34,174 [Thread-412] INFO  impl.RaftServerImpl (RaftServerImpl.java:setRole(174)) - 9216b865-ce6b-4fb7-bc99-65479a86b6eb@group-B0B63E1DF489: changes role from  FOLLOWER to CANDIDATE at term 0 for changeToCandidate
2019-09-25 04:50:34,174 [Thread-412] INFO  impl.RoleInfo (RoleInfo.java:updateAndGet(143)) - 9216b865-ce6b-4fb7-bc99-65479a86b6eb: start LeaderElection
2019-09-25 04:50:34,178 [grpc-default-executor-0] INFO  impl.RaftServerProxy (RaftServerProxy.java:addNew(89)) - b40ef231-6505-402b-ae57-fc0dc67cbbe8: addNew group-49F0F168AD2D:[b40ef231-6505-402b-ae57-fc0dc67cbbe8:192.168.151.106:41861] returns group-49F0F168AD2D:java.util.concurrent.CompletableFuture@2bf4ae48[Not completed]
2019-09-25 04:50:34,180 [pool-37-thread-1] INFO  impl.RaftServerImpl (RaftServerImpl.java:<init>(95)) - b40ef231-6505-402b-ae57-fc0dc67cbbe8: new RaftServerImpl for group-49F0F168AD2D:[b40ef231-6505-402b-ae57-fc0dc67cbbe8:192.168.151.106:41861] with ContainerStateMachine:uninitialized
2019-09-25 04:50:34,180 [pool-37-thread-1] INFO  server.RaftServerConfigKeys (ConfUtils.java:logGet(43)) - raft.server.rpc.timeout.min = 5s (custom)
2019-09-25 04:50:34,180 [pool-37-thread-1] INFO  server.RaftServerConfigKeys (ConfUtils.java:logGet(43)) - raft.server.rpc.timeout.max = 5200ms (custom)
2019-09-25 04:50:34,181 [pool-37-thread-1] INFO  server.RaftServerConfigKeys (ConfUtils.java:logGet(43)) - raft.server.rpcslowness.timeout = 120s (custom)
2019-09-25 04:50:34,181 [pool-37-thread-1] INFO  server.RaftServerConfigKeys (ConfUtils.java:logGet(43)) - raft.server.sleep.deviation.threshold = 300 (default)
2019-09-25 04:50:34,181 [pool-37-thread-1] INFO  server.RaftServerConfigKeys (ConfUtils.java:logGet(43)) - raft.server.log.appender.install.snapshot.enabled = false (custom)
2019-09-25 04:50:34,181 [pool-37-thread-1] INFO  impl.RaftServerImpl (ServerState.java:<init>(103)) - b40ef231-6505-402b-ae57-fc0dc67cbbe8@group-49F0F168AD2D: ConfigurationManager, init=-1: [b40ef231-6505-402b-ae57-fc0dc67cbbe8:192.168.151.106:41861], old=null, confs=<EMPTY_MAP>
2019-09-25 04:50:34,181 [pool-37-thread-1] INFO  server.RaftServerConfigKeys (ConfUtils.java:logGet(43)) - raft.server.storage.dir = [/workdir/hadoop-ozone/integration-test/target/test-dir/MiniOzoneClusterImpl-72f6cbb0-c919-4300-9939-20ef1cbf0e73/datanode-1/data/ratis] (custom)
2019-09-25 04:50:34,182 [pool-37-thread-1] INFO  storage.RaftStorageDirectory (RaftStorageDirectory.java:analyzeStorage(246)) - The storage directory /workdir/hadoop-ozone/integration-test/target/test-dir/MiniOzoneClusterImpl-72f6cbb0-c919-4300-9939-20ef1cbf0e73/datanode-1/data/ratis/1519ed42-f2b0-4c8b-8e57-49f0f168ad2d does not exist. Creating ...
2019-09-25 04:50:34,189 [pool-37-thread-1] INFO  storage.RaftStorageDirectory (RaftStorageDirectory.java:tryLock(328)) - Lock on /workdir/hadoop-ozone/integration-test/target/test-dir/MiniOzoneClusterImpl-72f6cbb0-c919-4300-9939-20ef1cbf0e73/datanode-1/data/ratis/1519ed42-f2b0-4c8b-8e57-49f0f168ad2d/in_use.lock acquired by nodename 13648@pr-hdds-1569-x2sr2-3486766547
2019-09-25 04:50:34,189 [9216b865-ce6b-4fb7-bc99-65479a86b6eb@group-B0B63E1DF489:LeaderElection57] INFO  impl.LeaderElection (LeaderElection.java:askForVotes(182)) - 9216b865-ce6b-4fb7-bc99-65479a86b6eb@group-B0B63E1DF489:LeaderElection57: begin an election at term 1 for -1: [9216b865-ce6b-4fb7-bc99-65479a86b6eb:192.168.151.106:43252], old=null
2019-09-25 04:50:34,189 [9216b865-ce6b-4fb7-bc99-65479a86b6eb@group-B0B63E1DF489:LeaderElection57] INFO  impl.RoleInfo (RoleInfo.java:shutdownLeaderElection(134)) - 9216b865-ce6b-4fb7-bc99-65479a86b6eb: shutdown LeaderElection
2019-09-25 04:50:34,190 [9216b865-ce6b-4fb7-bc99-65479a86b6eb@group-B0B63E1DF489:LeaderElection57] INFO  impl.RaftServerImpl (RaftServerImpl.java:setRole(174)) - 9216b865-ce6b-4fb7-bc99-65479a86b6eb@group-B0B63E1DF489: changes role from CANDIDATE to LEADER at term 1 for changeToLeader
2019-09-25 04:50:34,190 [9216b865-ce6b-4fb7-bc99-65479a86b6eb@group-B0B63E1DF489:LeaderElection57] INFO  impl.RaftServerImpl (ServerState.java:setLeader(253)) - 9216b865-ce6b-4fb7-bc99-65479a86b6eb@group-B0B63E1DF489: change Leader from null to 9216b865-ce6b-4fb7-bc99-65479a86b6eb at term 1 for becomeLeader, leader elected after 5191ms
2019-09-25 04:50:34,190 [9216b865-ce6b-4fb7-bc99-65479a86b6eb@group-B0B63E1DF489:LeaderElection57] INFO  server.RaftServerConfigKeys (ConfUtils.java:logGet(43)) - raft.server.staging.catchup.gap = 1000 (default)
2019-09-25 04:50:34,190 [9216b865-ce6b-4fb7-bc99-65479a86b6eb@group-B0B63E1DF489:LeaderElection57] INFO  server.RaftServerConfigKeys (ConfUtils.java:logGet(43)) - raft.server.rpc.sleep.time = 25ms (default)
2019-09-25 04:50:34,190 [9216b865-ce6b-4fb7-bc99-65479a86b6eb@group-B0B63E1DF489:LeaderElection57] INFO  server.RaftServerConfigKeys (ConfUtils.java:logGet(43)) - raft.server.write.element-limit = 4096 (default)
2019-09-25 04:50:34,190 [9216b865-ce6b-4fb7-bc99-65479a86b6eb@group-B0B63E1DF489:LeaderElection57] INFO  server.RaftServerConfigKeys (ConfUtils.java:logGet(43)) - raft.server.watch.timeout = 10s (default)
2019-09-25 04:50:34,191 [9216b865-ce6b-4fb7-bc99-65479a86b6eb@group-B0B63E1DF489:LeaderElection57] INFO  server.RaftServerConfigKeys (ConfUtils.java:logGet(43)) - raft.server.watch.timeout.denomination = 1s (default)
2019-09-25 04:50:34,191 [9216b865-ce6b-4fb7-bc99-65479a86b6eb@group-B0B63E1DF489:LeaderElection57] INFO  server.RaftServerConfigKeys (ConfUtils.java:logGet(43)) - raft.server.watch.element-limit = 65536 (default)
2019-09-25 04:50:34,193 [9216b865-ce6b-4fb7-bc99-65479a86b6eb@group-B0B63E1DF489:LeaderElection57] INFO  impl.RoleInfo (RoleInfo.java:updateAndGet(143)) - 9216b865-ce6b-4fb7-bc99-65479a86b6eb: start LeaderState
2019-09-25 04:50:34,193 [9216b865-ce6b-4fb7-bc99-65479a86b6eb@group-B0B63E1DF489:LeaderElection57] INFO  segmented.SegmentedRaftLogWorker (SegmentedRaftLogWorker.java:startLogSegment(380)) - 9216b865-ce6b-4fb7-bc99-65479a86b6eb@group-B0B63E1DF489-SegmentedRaftLogWorker: Starting segment from index:0
2019-09-25 04:50:34,194 [9216b865-ce6b-4fb7-bc99-65479a86b6eb@group-B0B63E1DF489:LeaderElection57] INFO  impl.RaftServerImpl (ServerState.java:setRaftConf(354)) - 9216b865-ce6b-4fb7-bc99-65479a86b6eb@group-B0B63E1DF489: set configuration 0: [9216b865-ce6b-4fb7-bc99-65479a86b6eb:192.168.151.106:43252], old=null at 0
2019-09-25 04:50:34,203 [pool-37-thread-1] INFO  storage.RaftStorage (RaftStorage.java:format(72)) - Storage directory /workdir/hadoop-ozone/integration-test/target/test-dir/MiniOzoneClusterImpl-72f6cbb0-c919-4300-9939-20ef1cbf0e73/datanode-1/data/ratis/1519ed42-f2b0-4c8b-8e57-49f0f168ad2d has been successfully formatted.
2019-09-25 04:50:34,204 [pool-37-thread-1] INFO  ratis.ContainerStateMachine (ContainerStateMachine.java:loadSnapshot(230)) - group-49F0F168AD2D: The snapshot info is null. Setting the last applied indexto:(t:0, i:~)
2019-09-25 04:50:34,204 [pool-37-thread-1] INFO  server.RaftServerConfigKeys (ConfUtils.java:logGet(43)) - raft.server.notification.no-leader.timeout = 120s (custom)
2019-09-25 04:50:34,205 [pool-37-thread-1] INFO  server.RaftServerConfigKeys (ConfUtils.java:logGet(43)) - raft.server.log.use.memory = false (default)
2019-09-25 04:50:34,205 [pool-37-thread-1] INFO  server.RaftServerConfigKeys (ConfUtils.java:logGet(43)) - raft.server.log.purge.gap = 1000000 (custom)
2019-09-25 04:50:34,205 [pool-37-thread-1] INFO  server.RaftServerConfigKeys (ConfUtils.java:logGet(43)) - raft.server.log.appender.buffer.byte-limit = 33554432 (custom)
2019-09-25 04:50:34,205 [pool-37-thread-1] INFO  server.RaftServerConfigKeys (ConfUtils.java:logGet(43)) - raft.server.log.segment.size.max = 1048576 (custom)
2019-09-25 04:50:34,205 [pool-37-thread-1] INFO  server.RaftServerConfigKeys (ConfUtils.java:logGet(43)) - raft.server.log.segment.cache.num.max = 2 (custom)
2019-09-25 04:50:34,206 [pool-37-thread-1] INFO  segmented.SegmentedRaftLogWorker (SegmentedRaftLogWorker.java:<init>(172)) - new b40ef231-6505-402b-ae57-fc0dc67cbbe8@group-49F0F168AD2D-SegmentedRaftLogWorker for RaftStorage:Storage Directory /workdir/hadoop-ozone/integration-test/target/test-dir/MiniOzoneClusterImpl-72f6cbb0-c919-4300-9939-20ef1cbf0e73/datanode-1/data/ratis/1519ed42-f2b0-4c8b-8e57-49f0f168ad2d
2019-09-25 04:50:34,206 [pool-37-thread-1] INFO  server.RaftServerConfigKeys (ConfUtils.java:logGet(43)) - raft.server.log.queue.byte-limit = 2147483647 (custom)
2019-09-25 04:50:34,206 [pool-37-thread-1] INFO  server.RaftServerConfigKeys (ConfUtils.java:logGet(43)) - raft.server.log.queue.element-limit = 1024 (custom)
2019-09-25 04:50:34,206 [pool-37-thread-1] INFO  server.RaftServerConfigKeys (ConfUtils.java:logGet(43)) - raft.server.log.segment.size.max = 1048576 (custom)
2019-09-25 04:50:34,206 [pool-37-thread-1] INFO  server.RaftServerConfigKeys (ConfUtils.java:logGet(43)) - raft.server.log.preallocated.size = 16384 (custom)
2019-09-25 04:50:34,206 [pool-37-thread-1] INFO  server.RaftServerConfigKeys (ConfUtils.java:logGet(43)) - raft.server.log.write.buffer.size = 33554432 (custom)
2019-09-25 04:50:34,207 [pool-37-thread-1] INFO  server.RaftServerConfigKeys (ConfUtils.java:logGet(43)) - raft.server.log.force.sync.num = 128 (default)
2019-09-25 04:50:34,207 [pool-37-thread-1] INFO  server.RaftServerConfigKeys (ConfUtils.java:logGet(43)) - raft.server.log.statemachine.data.sync = true (default)
2019-09-25 04:50:34,207 [pool-37-thread-1] INFO  server.RaftServerConfigKeys (ConfUtils.java:logGet(43)) - raft.server.log.statemachine.data.sync.timeout = 10s (default)
2019-09-25 04:50:34,207 [pool-37-thread-1] INFO  server.RaftServerConfigKeys (ConfUtils.java:logGet(43)) - raft.server.log.statemachine.data.sync.timeout.retry = -1 (default)
2019-09-25 04:50:34,207 [pool-37-thread-1] INFO  server.RaftServerConfigKeys (ConfUtils.java:logGet(43)) - raft.server.log.statemachine.data.caching.enabled = true (custom)
2019-09-25 04:50:34,208 [pool-37-thread-1] INFO  segmented.SegmentedRaftLogWorker (SegmentedRaftLogWorker.java:lambda$new$0(132)) - b40ef231-6505-402b-ae57-fc0dc67cbbe8@group-49F0F168AD2D-SegmentedRaftLogWorker: flushIndex: setUnconditionally 0 -> -1
2019-09-25 04:50:34,208 [pool-37-thread-1] INFO  server.RaftServerConfigKeys (ConfUtils.java:logGet(43)) - raft.server.snapshot.auto.trigger.enabled = true (custom)
2019-09-25 04:50:34,208 [pool-37-thread-1] INFO  server.RaftServerConfigKeys (ConfUtils.java:logGet(43)) - raft.server.snapshot.auto.trigger.threshold = 10000 (custom)
2019-09-25 04:50:34,209 [pool-37-thread-1] INFO  server.RaftServerConfigKeys (ConfUtils.java:logGet(43)) - raft.server.snapshot.retention.num.files = 5 (custom)
2019-09-25 04:50:34,209 [pool-37-thread-1] INFO  server.RaftServerConfigKeys (ConfUtils.java:logGet(43)) - raft.server.retrycache.expirytime = 600000ms (custom)
2019-09-25 04:50:34,212 [pool-37-thread-1] INFO  impl.RaftServerImpl (RaftServerImpl.java:start(185)) - b40ef231-6505-402b-ae57-fc0dc67cbbe8@group-49F0F168AD2D: start as a follower, conf=-1: [b40ef231-6505-402b-ae57-fc0dc67cbbe8:192.168.151.106:41861], old=null
2019-09-25 04:50:34,212 [pool-37-thread-1] INFO  impl.RaftServerImpl (RaftServerImpl.java:setRole(174)) - b40ef231-6505-402b-ae57-fc0dc67cbbe8@group-49F0F168AD2D: changes role from      null to FOLLOWER at term 0 for startAsFollower
2019-09-25 04:50:34,212 [pool-37-thread-1] INFO  impl.RoleInfo (RoleInfo.java:updateAndGet(143)) - b40ef231-6505-402b-ae57-fc0dc67cbbe8: start FollowerState
2019-09-25 04:50:34,213 [pool-37-thread-1] INFO  util.JmxRegister (JmxRegister.java:tryRegister(44)) - Successfully registered JMX Bean with object name Ratis:service=RaftServer,group=group-49F0F168AD2D,id=b40ef231-6505-402b-ae57-fc0dc67cbbe8
2019-09-25 04:50:34,217 [RatisPipelineUtilsThread] INFO  pipeline.PipelineStateManager (PipelineStateManager.java:addPipeline(56)) - Created pipeline Pipeline[ Id: 1519ed42-f2b0-4c8b-8e57-49f0f168ad2d, Nodes: b40ef231-6505-402b-ae57-fc0dc67cbbe8{ip: 192.168.151.106, host: pr-hdds-1569-x2sr2-3486766547, networkLocation: /default-rack, certSerialId: null}, Type:RATIS, Factor:ONE, State:OPEN]
2019-09-25 04:50:34,223 [grpc-default-executor-0] INFO  impl.RaftServerProxy (RaftServerProxy.java:addNew(89)) - 45f1801e-7cfd-420a-bb39-98f19dcc81c3: addNew group-D9916A13DB6B:[45f1801e-7cfd-420a-bb39-98f19dcc81c3:192.168.151.106:38437] returns group-D9916A13DB6B:java.util.concurrent.CompletableFuture@2d674190[Not completed]
2019-09-25 04:50:34,226 [pool-87-thread-1] INFO  impl.RaftServerImpl (RaftServerImpl.java:<init>(95)) - 45f1801e-7cfd-420a-bb39-98f19dcc81c3: new RaftServerImpl for group-D9916A13DB6B:[45f1801e-7cfd-420a-bb39-98f19dcc81c3:192.168.151.106:38437] with ContainerStateMachine:uninitialized
2019-09-25 04:50:34,226 [pool-87-thread-1] INFO  server.RaftServerConfigKeys (ConfUtils.java:logGet(43)) - raft.server.rpc.timeout.min = 5s (custom)
2019-09-25 04:50:34,226 [pool-87-thread-1] INFO  server.RaftServerConfigKeys (ConfUtils.java:logGet(43)) - raft.server.rpc.timeout.max = 5200ms (custom)
2019-09-25 04:50:34,227 [pool-87-thread-1] INFO  server.RaftServerConfigKeys (ConfUtils.java:logGet(43)) - raft.server.rpcslowness.timeout = 120s (custom)
2019-09-25 04:50:34,227 [pool-87-thread-1] INFO  server.RaftServerConfigKeys (ConfUtils.java:logGet(43)) - raft.server.sleep.deviation.threshold = 300 (default)
2019-09-25 04:50:34,227 [Thread-421] INFO  impl.FollowerState (FollowerState.java:run(106)) - c35819d4-86f4-4223-a458-676070fe0cbb:group-9DD2B72C9379 changes to CANDIDATE, lastRpcTime:5046, electionTimeout:5045ms
2019-09-25 04:50:34,227 [pool-87-thread-1] INFO  server.RaftServerConfigKeys (ConfUtils.java:logGet(43)) - raft.server.log.appender.install.snapshot.enabled = false (custom)
2019-09-25 04:50:34,227 [Thread-421] INFO  impl.RoleInfo (RoleInfo.java:shutdownFollowerState(121)) - c35819d4-86f4-4223-a458-676070fe0cbb: shutdown FollowerState
2019-09-25 04:50:34,227 [pool-87-thread-1] INFO  impl.RaftServerImpl (ServerState.java:<init>(103)) - 45f1801e-7cfd-420a-bb39-98f19dcc81c3@group-D9916A13DB6B: ConfigurationManager, init=-1: [45f1801e-7cfd-420a-bb39-98f19dcc81c3:192.168.151.106:38437], old=null, confs=<EMPTY_MAP>
2019-09-25 04:50:34,227 [Thread-421] INFO  impl.RaftServerImpl (RaftServerImpl.java:setRole(174)) - c35819d4-86f4-4223-a458-676070fe0cbb@group-9DD2B72C9379: changes role from  FOLLOWER to CANDIDATE at term 0 for changeToCandidate
2019-09-25 04:50:34,228 [pool-87-thread-1] INFO  server.RaftServerConfigKeys (ConfUtils.java:logGet(43)) - raft.server.storage.dir = [/workdir/hadoop-ozone/integration-test/target/test-dir/MiniOzoneClusterImpl-72f6cbb0-c919-4300-9939-20ef1cbf0e73/datanode-6/data/ratis] (custom)
2019-09-25 04:50:34,228 [Thread-421] INFO  impl.RoleInfo (RoleInfo.java:updateAndGet(143)) - c35819d4-86f4-4223-a458-676070fe0cbb: start LeaderElection
2019-09-25 04:50:34,229 [pool-87-thread-1] INFO  storage.RaftStorageDirectory (RaftStorageDirectory.java:analyzeStorage(246)) - The storage directory /workdir/hadoop-ozone/integration-test/target/test-dir/MiniOzoneClusterImpl-72f6cbb0-c919-4300-9939-20ef1cbf0e73/datanode-6/data/ratis/eb5be7d0-600e-482b-b820-d9916a13db6b does not exist. Creating ...
2019-09-25 04:50:34,237 [Thread-415] INFO  impl.FollowerState (FollowerState.java:run(106)) - 4f7802c6-3418-4fbd-b0c6-a8e36fcecb0a:group-6F5C2E17C3B8 changes to CANDIDATE, lastRpcTime:5162, electionTimeout:5162ms
2019-09-25 04:50:34,237 [Thread-415] INFO  impl.RoleInfo (RoleInfo.java:shutdownFollowerState(121)) - 4f7802c6-3418-4fbd-b0c6-a8e36fcecb0a: shutdown FollowerState
2019-09-25 04:50:34,237 [Thread-415] INFO  impl.RaftServerImpl (RaftServerImpl.java:setRole(174)) - 4f7802c6-3418-4fbd-b0c6-a8e36fcecb0a@group-6F5C2E17C3B8: changes role from  FOLLOWER to CANDIDATE at term 0 for changeToCandidate
2019-09-25 04:50:34,237 [Thread-415] INFO  impl.RoleInfo (RoleInfo.java:updateAndGet(143)) - 4f7802c6-3418-4fbd-b0c6-a8e36fcecb0a: start LeaderElection
2019-09-25 04:50:34,243 [pool-87-thread-1] INFO  storage.RaftStorageDirectory (RaftStorageDirectory.java:tryLock(328)) - Lock on /workdir/hadoop-ozone/integration-test/target/test-dir/MiniOzoneClusterImpl-72f6cbb0-c919-4300-9939-20ef1cbf0e73/datanode-6/data/ratis/eb5be7d0-600e-482b-b820-d9916a13db6b/in_use.lock acquired by nodename 13648@pr-hdds-1569-x2sr2-3486766547
2019-09-25 04:50:34,243 [4f7802c6-3418-4fbd-b0c6-a8e36fcecb0a@group-6F5C2E17C3B8:LeaderElection59] INFO  impl.LeaderElection (LeaderElection.java:askForVotes(182)) - 4f7802c6-3418-4fbd-b0c6-a8e36fcecb0a@group-6F5C2E17C3B8:LeaderElection59: begin an election at term 1 for -1: [4f7802c6-3418-4fbd-b0c6-a8e36fcecb0a:192.168.151.106:42026], old=null
2019-09-25 04:50:34,243 [c35819d4-86f4-4223-a458-676070fe0cbb@group-9DD2B72C9379:LeaderElection58] INFO  impl.LeaderElection (LeaderElection.java:askForVotes(182)) - c35819d4-86f4-4223-a458-676070fe0cbb@group-9DD2B72C9379:LeaderElection58: begin an election at term 1 for -1: [c35819d4-86f4-4223-a458-676070fe0cbb:192.168.151.106:44434], old=null
2019-09-25 04:50:34,243 [9216b865-ce6b-4fb7-bc99-65479a86b6eb@group-B0B63E1DF489-SegmentedRaftLogWorker] INFO  segmented.SegmentedRaftLogWorker (SegmentedRaftLogWorker.java:execute(569)) - 9216b865-ce6b-4fb7-bc99-65479a86b6eb@group-B0B63E1DF489-SegmentedRaftLogWorker: created new log segment /workdir/hadoop-ozone/integration-test/target/test-dir/MiniOzoneClusterImpl-72f6cbb0-c919-4300-9939-20ef1cbf0e73/datanode-5/data/ratis/a900676e-52cb-4268-9a0b-b0b63e1df489/current/log_inprogress_0
2019-09-25 04:50:34,243 [c35819d4-86f4-4223-a458-676070fe0cbb@group-9DD2B72C9379:LeaderElection58] INFO  impl.RoleInfo (RoleInfo.java:shutdownLeaderElection(134)) - c35819d4-86f4-4223-a458-676070fe0cbb: shutdown LeaderElection
2019-09-25 04:50:34,243 [4f7802c6-3418-4fbd-b0c6-a8e36fcecb0a@group-6F5C2E17C3B8:LeaderElection59] INFO  impl.RoleInfo (RoleInfo.java:shutdownLeaderElection(134)) - 4f7802c6-3418-4fbd-b0c6-a8e36fcecb0a: shutdown LeaderElection
2019-09-25 04:50:34,244 [c35819d4-86f4-4223-a458-676070fe0cbb@group-9DD2B72C9379:LeaderElection58] INFO  impl.RaftServerImpl (RaftServerImpl.java:setRole(174)) - c35819d4-86f4-4223-a458-676070fe0cbb@group-9DD2B72C9379: changes role from CANDIDATE to LEADER at term 1 for changeToLeader
2019-09-25 04:50:34,244 [4f7802c6-3418-4fbd-b0c6-a8e36fcecb0a@group-6F5C2E17C3B8:LeaderElection59] INFO  impl.RaftServerImpl (RaftServerImpl.java:setRole(174)) - 4f7802c6-3418-4fbd-b0c6-a8e36fcecb0a@group-6F5C2E17C3B8: changes role from CANDIDATE to LEADER at term 1 for changeToLeader
2019-09-25 04:50:34,244 [c35819d4-86f4-4223-a458-676070fe0cbb@group-9DD2B72C9379:LeaderElection58] INFO  impl.RaftServerImpl (ServerState.java:setLeader(253)) - c35819d4-86f4-4223-a458-676070fe0cbb@group-9DD2B72C9379: change Leader from null to c35819d4-86f4-4223-a458-676070fe0cbb at term 1 for becomeLeader, leader elected after 5070ms
2019-09-25 04:50:34,244 [4f7802c6-3418-4fbd-b0c6-a8e36fcecb0a@group-6F5C2E17C3B8:LeaderElection59] INFO  impl.RaftServerImpl (ServerState.java:setLeader(253)) - 4f7802c6-3418-4fbd-b0c6-a8e36fcecb0a@group-6F5C2E17C3B8: change Leader from null to 4f7802c6-3418-4fbd-b0c6-a8e36fcecb0a at term 1 for becomeLeader, leader elected after 5176ms
2019-09-25 04:50:34,244 [c35819d4-86f4-4223-a458-676070fe0cbb@group-9DD2B72C9379:LeaderElection58] INFO  server.RaftServerConfigKeys (ConfUtils.java:logGet(43)) - raft.server.staging.catchup.gap = 1000 (default)
2019-09-25 04:50:34,244 [4f7802c6-3418-4fbd-b0c6-a8e36fcecb0a@group-6F5C2E17C3B8:LeaderElection59] INFO  server.RaftServerConfigKeys (ConfUtils.java:logGet(43)) - raft.server.staging.catchup.gap = 1000 (default)
2019-09-25 04:50:34,244 [c35819d4-86f4-4223-a458-676070fe0cbb@group-9DD2B72C9379:LeaderElection58] INFO  server.RaftServerConfigKeys (ConfUtils.java:logGet(43)) - raft.server.rpc.sleep.time = 25ms (default)
2019-09-25 04:50:34,244 [4f7802c6-3418-4fbd-b0c6-a8e36fcecb0a@group-6F5C2E17C3B8:LeaderElection59] INFO  server.RaftServerConfigKeys (ConfUtils.java:logGet(43)) - raft.server.rpc.sleep.time = 25ms (default)
2019-09-25 04:50:34,244 [c35819d4-86f4-4223-a458-676070fe0cbb@group-9DD2B72C9379:LeaderElection58] INFO  server.RaftServerConfigKeys (ConfUtils.java:logGet(43)) - raft.server.write.element-limit = 4096 (default)
2019-09-25 04:50:34,245 [4f7802c6-3418-4fbd-b0c6-a8e36fcecb0a@group-6F5C2E17C3B8:LeaderElection59] INFO  server.RaftServerConfigKeys (ConfUtils.java:logGet(43)) - raft.server.write.element-limit = 4096 (default)
2019-09-25 04:50:34,245 [c35819d4-86f4-4223-a458-676070fe0cbb@group-9DD2B72C9379:LeaderElection58] INFO  server.RaftServerConfigKeys (ConfUtils.java:logGet(43)) - raft.server.watch.timeout = 10s (default)
2019-09-25 04:50:34,245 [4f7802c6-3418-4fbd-b0c6-a8e36fcecb0a@group-6F5C2E17C3B8:LeaderElection59] INFO  server.RaftServerConfigKeys (ConfUtils.java:logGet(43)) - raft.server.watch.timeout = 10s (default)
2019-09-25 04:50:34,245 [c35819d4-86f4-4223-a458-676070fe0cbb@group-9DD2B72C9379:LeaderElection58] INFO  server.RaftServerConfigKeys (ConfUtils.java:logGet(43)) - raft.server.watch.timeout.denomination = 1s (default)
2019-09-25 04:50:34,245 [4f7802c6-3418-4fbd-b0c6-a8e36fcecb0a@group-6F5C2E17C3B8:LeaderElection59] INFO  server.RaftServerConfigKeys (ConfUtils.java:logGet(43)) - raft.server.watch.timeout.denomination = 1s (default)
2019-09-25 04:50:34,245 [c35819d4-86f4-4223-a458-676070fe0cbb@group-9DD2B72C9379:LeaderElection58] INFO  server.RaftServerConfigKeys (ConfUtils.java:logGet(43)) - raft.server.watch.element-limit = 65536 (default)
2019-09-25 04:50:34,245 [4f7802c6-3418-4fbd-b0c6-a8e36fcecb0a@group-6F5C2E17C3B8:LeaderElection59] INFO  server.RaftServerConfigKeys (ConfUtils.java:logGet(43)) - raft.server.watch.element-limit = 65536 (default)
2019-09-25 04:50:34,246 [Thread-418] INFO  impl.FollowerState (FollowerState.java:run(106)) - 45f1801e-7cfd-420a-bb39-98f19dcc81c3:group-7A79FEA4A84C changes to CANDIDATE, lastRpcTime:5123, electionTimeout:5123ms
2019-09-25 04:50:34,246 [Thread-418] INFO  impl.RoleInfo (RoleInfo.java:shutdownFollowerState(121)) - 45f1801e-7cfd-420a-bb39-98f19dcc81c3: shutdown FollowerState
2019-09-25 04:50:34,246 [Thread-418] INFO  impl.RaftServerImpl (RaftServerImpl.java:setRole(174)) - 45f1801e-7cfd-420a-bb39-98f19dcc81c3@group-7A79FEA4A84C: changes role from  FOLLOWER to CANDIDATE at term 0 for changeToCandidate
2019-09-25 04:50:34,246 [Thread-418] INFO  impl.RoleInfo (RoleInfo.java:updateAndGet(143)) - 45f1801e-7cfd-420a-bb39-98f19dcc81c3: start LeaderElection
2019-09-25 04:50:34,249 [c35819d4-86f4-4223-a458-676070fe0cbb@group-9DD2B72C9379:LeaderElection58] INFO  impl.RoleInfo (RoleInfo.java:updateAndGet(143)) - c35819d4-86f4-4223-a458-676070fe0cbb: start LeaderState
2019-09-25 04:50:34,249 [4f7802c6-3418-4fbd-b0c6-a8e36fcecb0a@group-6F5C2E17C3B8:LeaderElection59] INFO  impl.RoleInfo (RoleInfo.java:updateAndGet(143)) - 4f7802c6-3418-4fbd-b0c6-a8e36fcecb0a: start LeaderState
2019-09-25 04:50:34,249 [c35819d4-86f4-4223-a458-676070fe0cbb@group-9DD2B72C9379:LeaderElection58] INFO  segmented.SegmentedRaftLogWorker (SegmentedRaftLogWorker.java:startLogSegment(380)) - c35819d4-86f4-4223-a458-676070fe0cbb@group-9DD2B72C9379-SegmentedRaftLogWorker: Starting segment from index:0
2019-09-25 04:50:34,249 [4f7802c6-3418-4fbd-b0c6-a8e36fcecb0a@group-6F5C2E17C3B8:LeaderElection59] INFO  segmented.SegmentedRaftLogWorker (SegmentedRaftLogWorker.java:startLogSegment(380)) - 4f7802c6-3418-4fbd-b0c6-a8e36fcecb0a@group-6F5C2E17C3B8-SegmentedRaftLogWorker: Starting segment from index:0
2019-09-25 04:50:34,250 [c35819d4-86f4-4223-a458-676070fe0cbb@group-9DD2B72C9379:LeaderElection58] INFO  impl.RaftServerImpl (ServerState.java:setRaftConf(354)) - c35819d4-86f4-4223-a458-676070fe0cbb@group-9DD2B72C9379: set configuration 0: [c35819d4-86f4-4223-a458-676070fe0cbb:192.168.151.106:44434], old=null at 0
2019-09-25 04:50:34,250 [4f7802c6-3418-4fbd-b0c6-a8e36fcecb0a@group-6F5C2E17C3B8:LeaderElection59] INFO  impl.RaftServerImpl (ServerState.java:setRaftConf(354)) - 4f7802c6-3418-4fbd-b0c6-a8e36fcecb0a@group-6F5C2E17C3B8: set configuration 0: [4f7802c6-3418-4fbd-b0c6-a8e36fcecb0a:192.168.151.106:42026], old=null at 0
2019-09-25 04:50:34,256 [pool-87-thread-1] INFO  storage.RaftStorage (RaftStorage.java:format(72)) - Storage directory /workdir/hadoop-ozone/integration-test/target/test-dir/MiniOzoneClusterImpl-72f6cbb0-c919-4300-9939-20ef1cbf0e73/datanode-6/data/ratis/eb5be7d0-600e-482b-b820-d9916a13db6b has been successfully formatted.
2019-09-25 04:50:34,257 [45f1801e-7cfd-420a-bb39-98f19dcc81c3@group-7A79FEA4A84C:LeaderElection60] INFO  impl.LeaderElection (LeaderElection.java:askForVotes(182)) - 45f1801e-7cfd-420a-bb39-98f19dcc81c3@group-7A79FEA4A84C:LeaderElection60: begin an election at term 1 for -1: [45f1801e-7cfd-420a-bb39-98f19dcc81c3:192.168.151.106:38437], old=null
2019-09-25 04:50:34,257 [pool-87-thread-1] INFO  ratis.ContainerStateMachine (ContainerStateMachine.java:loadSnapshot(230)) - group-D9916A13DB6B: The snapshot info is null. Setting the last applied indexto:(t:0, i:~)
2019-09-25 04:50:34,257 [45f1801e-7cfd-420a-bb39-98f19dcc81c3@group-7A79FEA4A84C:LeaderElection60] INFO  impl.RoleInfo (RoleInfo.java:shutdownLeaderElection(134)) - 45f1801e-7cfd-420a-bb39-98f19dcc81c3: shutdown LeaderElection
2019-09-25 04:50:34,257 [pool-87-thread-1] INFO  server.RaftServerConfigKeys (ConfUtils.java:logGet(43)) - raft.server.notification.no-leader.timeout = 120s (custom)
2019-09-25 04:50:34,258 [45f1801e-7cfd-420a-bb39-98f19dcc81c3@group-7A79FEA4A84C:LeaderElection60] INFO  impl.RaftServerImpl (RaftServerImpl.java:setRole(174)) - 45f1801e-7cfd-420a-bb39-98f19dcc81c3@group-7A79FEA4A84C: changes role from CANDIDATE to LEADER at term 1 for changeToLeader
2019-09-25 04:50:34,258 [pool-87-thread-1] INFO  server.RaftServerConfigKeys (ConfUtils.java:logGet(43)) - raft.server.log.use.memory = false (default)
2019-09-25 04:50:34,258 [45f1801e-7cfd-420a-bb39-98f19dcc81c3@group-7A79FEA4A84C:LeaderElection60] INFO  impl.RaftServerImpl (ServerState.java:setLeader(253)) - 45f1801e-7cfd-420a-bb39-98f19dcc81c3@group-7A79FEA4A84C: change Leader from null to 45f1801e-7cfd-420a-bb39-98f19dcc81c3 at term 1 for becomeLeader, leader elected after 5143ms
2019-09-25 04:50:34,258 [pool-87-thread-1] INFO  server.RaftServerConfigKeys (ConfUtils.java:logGet(43)) - raft.server.log.purge.gap = 1000000 (custom)
2019-09-25 04:50:34,258 [45f1801e-7cfd-420a-bb39-98f19dcc81c3@group-7A79FEA4A84C:LeaderElection60] INFO  server.RaftServerConfigKeys (ConfUtils.java:logGet(43)) - raft.server.staging.catchup.gap = 1000 (default)
2019-09-25 04:50:34,258 [pool-87-thread-1] INFO  server.RaftServerConfigKeys (ConfUtils.java:logGet(43)) - raft.server.log.appender.buffer.byte-limit = 33554432 (custom)
2019-09-25 04:50:34,259 [45f1801e-7cfd-420a-bb39-98f19dcc81c3@group-7A79FEA4A84C:LeaderElection60] INFO  server.RaftServerConfigKeys (ConfUtils.java:logGet(43)) - raft.server.rpc.sleep.time = 25ms (default)
2019-09-25 04:50:34,259 [pool-87-thread-1] INFO  server.RaftServerConfigKeys (ConfUtils.java:logGet(43)) - raft.server.log.segment.size.max = 1048576 (custom)
2019-09-25 04:50:34,259 [45f1801e-7cfd-420a-bb39-98f19dcc81c3@group-7A79FEA4A84C:LeaderElection60] INFO  server.RaftServerConfigKeys (ConfUtils.java:logGet(43)) - raft.server.write.element-limit = 4096 (default)
2019-09-25 04:50:34,259 [pool-87-thread-1] INFO  server.RaftServerConfigKeys (ConfUtils.java:logGet(43)) - raft.server.log.segment.cache.num.max = 2 (custom)
2019-09-25 04:50:34,259 [45f1801e-7cfd-420a-bb39-98f19dcc81c3@group-7A79FEA4A84C:LeaderElection60] INFO  server.RaftServerConfigKeys (ConfUtils.java:logGet(43)) - raft.server.watch.timeout = 10s (default)
2019-09-25 04:50:34,260 [pool-87-thread-1] INFO  segmented.SegmentedRaftLogWorker (SegmentedRaftLogWorker.java:<init>(172)) - new 45f1801e-7cfd-420a-bb39-98f19dcc81c3@group-D9916A13DB6B-SegmentedRaftLogWorker for RaftStorage:Storage Directory /workdir/hadoop-ozone/integration-test/target/test-dir/MiniOzoneClusterImpl-72f6cbb0-c919-4300-9939-20ef1cbf0e73/datanode-6/data/ratis/eb5be7d0-600e-482b-b820-d9916a13db6b
2019-09-25 04:50:34,260 [45f1801e-7cfd-420a-bb39-98f19dcc81c3@group-7A79FEA4A84C:LeaderElection60] INFO  server.RaftServerConfigKeys (ConfUtils.java:logGet(43)) - raft.server.watch.timeout.denomination = 1s (default)
2019-09-25 04:50:34,260 [pool-87-thread-1] INFO  server.RaftServerConfigKeys (ConfUtils.java:logGet(43)) - raft.server.log.queue.byte-limit = 2147483647 (custom)
2019-09-25 04:50:34,260 [45f1801e-7cfd-420a-bb39-98f19dcc81c3@group-7A79FEA4A84C:LeaderElection60] INFO  server.RaftServerConfigKeys (ConfUtils.java:logGet(43)) - raft.server.watch.element-limit = 65536 (default)
2019-09-25 04:50:34,260 [pool-87-thread-1] INFO  server.RaftServerConfigKeys (ConfUtils.java:logGet(43)) - raft.server.log.queue.element-limit = 1024 (custom)
2019-09-25 04:50:34,261 [pool-87-thread-1] INFO  server.RaftServerConfigKeys (ConfUtils.java:logGet(43)) - raft.server.log.segment.size.max = 1048576 (custom)
2019-09-25 04:50:34,261 [pool-87-thread-1] INFO  server.RaftServerConfigKeys (ConfUtils.java:logGet(43)) - raft.server.log.preallocated.size = 16384 (custom)
2019-09-25 04:50:34,261 [pool-87-thread-1] INFO  server.RaftServerConfigKeys (ConfUtils.java:logGet(43)) - raft.server.log.write.buffer.size = 33554432 (custom)
2019-09-25 04:50:34,261 [pool-87-thread-1] INFO  server.RaftServerConfigKeys (ConfUtils.java:logGet(43)) - raft.server.log.force.sync.num = 128 (default)
2019-09-25 04:50:34,262 [pool-87-thread-1] INFO  server.RaftServerConfigKeys (ConfUtils.java:logGet(43)) - raft.server.log.statemachine.data.sync = true (default)
2019-09-25 04:50:34,262 [pool-87-thread-1] INFO  server.RaftServerConfigKeys (ConfUtils.java:logGet(43)) - raft.server.log.statemachine.data.sync.timeout = 10s (default)
2019-09-25 04:50:34,262 [pool-87-thread-1] INFO  server.RaftServerConfigKeys (ConfUtils.java:logGet(43)) - raft.server.log.statemachine.data.sync.timeout.retry = -1 (default)
2019-09-25 04:50:34,262 [pool-87-thread-1] INFO  server.RaftServerConfigKeys (ConfUtils.java:logGet(43)) - raft.server.log.statemachine.data.caching.enabled = true (custom)
2019-09-25 04:50:34,263 [pool-87-thread-1] INFO  segmented.SegmentedRaftLogWorker (SegmentedRaftLogWorker.java:lambda$new$0(132)) - 45f1801e-7cfd-420a-bb39-98f19dcc81c3@group-D9916A13DB6B-SegmentedRaftLogWorker: flushIndex: setUnconditionally 0 -> -1
2019-09-25 04:50:34,263 [pool-87-thread-1] INFO  server.RaftServerConfigKeys (ConfUtils.java:logGet(43)) - raft.server.snapshot.auto.trigger.enabled = true (custom)
2019-09-25 04:50:34,263 [pool-87-thread-1] INFO  server.RaftServerConfigKeys (ConfUtils.java:logGet(43)) - raft.server.snapshot.auto.trigger.threshold = 10000 (custom)
2019-09-25 04:50:34,263 [pool-87-thread-1] INFO  server.RaftServerConfigKeys (ConfUtils.java:logGet(43)) - raft.server.snapshot.retention.num.files = 5 (custom)
2019-09-25 04:50:34,264 [pool-87-thread-1] INFO  server.RaftServerConfigKeys (ConfUtils.java:logGet(43)) - raft.server.retrycache.expirytime = 600000ms (custom)
2019-09-25 04:50:34,266 [45f1801e-7cfd-420a-bb39-98f19dcc81c3@group-7A79FEA4A84C:LeaderElection60] INFO  impl.RoleInfo (RoleInfo.java:updateAndGet(143)) - 45f1801e-7cfd-420a-bb39-98f19dcc81c3: start LeaderState
2019-09-25 04:50:34,267 [45f1801e-7cfd-420a-bb39-98f19dcc81c3@group-7A79FEA4A84C:LeaderElection60] INFO  segmented.SegmentedRaftLogWorker (SegmentedRaftLogWorker.java:startLogSegment(380)) - 45f1801e-7cfd-420a-bb39-98f19dcc81c3@group-7A79FEA4A84C-SegmentedRaftLogWorker: Starting segment from index:0
2019-09-25 04:50:34,267 [pool-87-thread-1] INFO  impl.RaftServerImpl (RaftServerImpl.java:start(185)) - 45f1801e-7cfd-420a-bb39-98f19dcc81c3@group-D9916A13DB6B: start as a follower, conf=-1: [45f1801e-7cfd-420a-bb39-98f19dcc81c3:192.168.151.106:38437], old=null
2019-09-25 04:50:34,268 [45f1801e-7cfd-420a-bb39-98f19dcc81c3@group-7A79FEA4A84C:LeaderElection60] INFO  impl.RaftServerImpl (ServerState.java:setRaftConf(354)) - 45f1801e-7cfd-420a-bb39-98f19dcc81c3@group-7A79FEA4A84C: set configuration 0: [45f1801e-7cfd-420a-bb39-98f19dcc81c3:192.168.151.106:38437], old=null at 0
2019-09-25 04:50:34,268 [pool-87-thread-1] INFO  impl.RaftServerImpl (RaftServerImpl.java:setRole(174)) - 45f1801e-7cfd-420a-bb39-98f19dcc81c3@group-D9916A13DB6B: changes role from      null to FOLLOWER at term 0 for startAsFollower
2019-09-25 04:50:34,268 [pool-87-thread-1] INFO  impl.RoleInfo (RoleInfo.java:updateAndGet(143)) - 45f1801e-7cfd-420a-bb39-98f19dcc81c3: start FollowerState
2019-09-25 04:50:34,269 [pool-87-thread-1] INFO  util.JmxRegister (JmxRegister.java:tryRegister(44)) - Successfully registered JMX Bean with object name Ratis:service=RaftServer,group=group-D9916A13DB6B,id=45f1801e-7cfd-420a-bb39-98f19dcc81c3
2019-09-25 04:50:34,272 [RatisPipelineUtilsThread] INFO  pipeline.PipelineStateManager (PipelineStateManager.java:addPipeline(56)) - Created pipeline Pipeline[ Id: eb5be7d0-600e-482b-b820-d9916a13db6b, Nodes: 45f1801e-7cfd-420a-bb39-98f19dcc81c3{ip: 192.168.151.106, host: pr-hdds-1569-x2sr2-3486766547, networkLocation: /default-rack, certSerialId: null}, Type:RATIS, Factor:ONE, State:OPEN]
2019-09-25 04:50:34,280 [grpc-default-executor-0] INFO  impl.RaftServerProxy (RaftServerProxy.java:addNew(89)) - 45f1801e-7cfd-420a-bb39-98f19dcc81c3: addNew group-09867BC18A06:[45f1801e-7cfd-420a-bb39-98f19dcc81c3:192.168.151.106:38437] returns group-09867BC18A06:java.util.concurrent.CompletableFuture@66a75372[Not completed]
2019-09-25 04:50:34,282 [pool-87-thread-1] INFO  impl.RaftServerImpl (RaftServerImpl.java:<init>(95)) - 45f1801e-7cfd-420a-bb39-98f19dcc81c3: new RaftServerImpl for group-09867BC18A06:[45f1801e-7cfd-420a-bb39-98f19dcc81c3:192.168.151.106:38437] with ContainerStateMachine:uninitialized
2019-09-25 04:50:34,282 [pool-87-thread-1] INFO  server.RaftServerConfigKeys (ConfUtils.java:logGet(43)) - raft.server.rpc.timeout.min = 5s (custom)
2019-09-25 04:50:34,283 [pool-87-thread-1] INFO  server.RaftServerConfigKeys (ConfUtils.java:logGet(43)) - raft.server.rpc.timeout.max = 5200ms (custom)
2019-09-25 04:50:34,283 [pool-87-thread-1] INFO  server.RaftServerConfigKeys (ConfUtils.java:logGet(43)) - raft.server.rpcslowness.timeout = 120s (custom)
2019-09-25 04:50:34,283 [pool-87-thread-1] INFO  server.RaftServerConfigKeys (ConfUtils.java:logGet(43)) - raft.server.sleep.deviation.threshold = 300 (default)
2019-09-25 04:50:34,283 [pool-87-thread-1] INFO  server.RaftServerConfigKeys (ConfUtils.java:logGet(43)) - raft.server.log.appender.install.snapshot.enabled = false (custom)
2019-09-25 04:50:34,283 [pool-87-thread-1] INFO  impl.RaftServerImpl (ServerState.java:<init>(103)) - 45f1801e-7cfd-420a-bb39-98f19dcc81c3@group-09867BC18A06: ConfigurationManager, init=-1: [45f1801e-7cfd-420a-bb39-98f19dcc81c3:192.168.151.106:38437], old=null, confs=<EMPTY_MAP>
2019-09-25 04:50:34,284 [pool-87-thread-1] INFO  server.RaftServerConfigKeys (ConfUtils.java:logGet(43)) - raft.server.storage.dir = [/workdir/hadoop-ozone/integration-test/target/test-dir/MiniOzoneClusterImpl-72f6cbb0-c919-4300-9939-20ef1cbf0e73/datanode-6/data/ratis] (custom)
2019-09-25 04:50:34,284 [pool-87-thread-1] INFO  storage.RaftStorageDirectory (RaftStorageDirectory.java:analyzeStorage(246)) - The storage directory /workdir/hadoop-ozone/integration-test/target/test-dir/MiniOzoneClusterImpl-72f6cbb0-c919-4300-9939-20ef1cbf0e73/datanode-6/data/ratis/0bd86e7f-a800-402a-af47-09867bc18a06 does not exist. Creating ...
2019-09-25 04:50:34,294 [Thread-425] INFO  impl.FollowerState (FollowerState.java:run(106)) - b40ef231-6505-402b-ae57-fc0dc67cbbe8:group-B212424CA7CF changes to CANDIDATE, lastRpcTime:5053, electionTimeout:5053ms
2019-09-25 04:50:34,294 [Thread-425] INFO  impl.RoleInfo (RoleInfo.java:shutdownFollowerState(121)) - b40ef231-6505-402b-ae57-fc0dc67cbbe8: shutdown FollowerState
2019-09-25 04:50:34,294 [Thread-425] INFO  impl.RaftServerImpl (RaftServerImpl.java:setRole(174)) - b40ef231-6505-402b-ae57-fc0dc67cbbe8@group-B212424CA7CF: changes role from  FOLLOWER to CANDIDATE at term 0 for changeToCandidate
2019-09-25 04:50:34,295 [Thread-425] INFO  impl.RoleInfo (RoleInfo.java:updateAndGet(143)) - b40ef231-6505-402b-ae57-fc0dc67cbbe8: start LeaderElection
2019-09-25 04:50:34,308 [4f7802c6-3418-4fbd-b0c6-a8e36fcecb0a@group-6F5C2E17C3B8-SegmentedRaftLogWorker] INFO  segmented.SegmentedRaftLogWorker (SegmentedRaftLogWorker.java:execute(569)) - 4f7802c6-3418-4fbd-b0c6-a8e36fcecb0a@group-6F5C2E17C3B8-SegmentedRaftLogWorker: created new log segment /workdir/hadoop-ozone/integration-test/target/test-dir/MiniOzoneClusterImpl-72f6cbb0-c919-4300-9939-20ef1cbf0e73/datanode-3/data/ratis/98e0ff9a-1e1a-4684-a31e-6f5c2e17c3b8/current/log_inprogress_0
2019-09-25 04:50:34,308 [pool-87-thread-1] INFO  storage.RaftStorageDirectory (RaftStorageDirectory.java:tryLock(328)) - Lock on /workdir/hadoop-ozone/integration-test/target/test-dir/MiniOzoneClusterImpl-72f6cbb0-c919-4300-9939-20ef1cbf0e73/datanode-6/data/ratis/0bd86e7f-a800-402a-af47-09867bc18a06/in_use.lock acquired by nodename 13648@pr-hdds-1569-x2sr2-3486766547
2019-09-25 04:50:34,308 [c35819d4-86f4-4223-a458-676070fe0cbb@group-9DD2B72C9379-SegmentedRaftLogWorker] INFO  segmented.SegmentedRaftLogWorker (SegmentedRaftLogWorker.java:execute(569)) - c35819d4-86f4-4223-a458-676070fe0cbb@group-9DD2B72C9379-SegmentedRaftLogWorker: created new log segment /workdir/hadoop-ozone/integration-test/target/test-dir/MiniOzoneClusterImpl-72f6cbb0-c919-4300-9939-20ef1cbf0e73/datanode-0/data/ratis/b1accc25-e411-4f32-aa36-9dd2b72c9379/current/log_inprogress_0
2019-09-25 04:50:34,332 [45f1801e-7cfd-420a-bb39-98f19dcc81c3@group-7A79FEA4A84C-SegmentedRaftLogWorker] INFO  segmented.SegmentedRaftLogWorker (SegmentedRaftLogWorker.java:execute(569)) - 45f1801e-7cfd-420a-bb39-98f19dcc81c3@group-7A79FEA4A84C-SegmentedRaftLogWorker: created new log segment /workdir/hadoop-ozone/integration-test/target/test-dir/MiniOzoneClusterImpl-72f6cbb0-c919-4300-9939-20ef1cbf0e73/datanode-6/data/ratis/552be94d-c3c3-4dc7-9bf7-7a79fea4a84c/current/log_inprogress_0
2019-09-25 04:50:34,334 [b40ef231-6505-402b-ae57-fc0dc67cbbe8@group-B212424CA7CF:LeaderElection61] INFO  impl.LeaderElection (LeaderElection.java:askForVotes(182)) - b40ef231-6505-402b-ae57-fc0dc67cbbe8@group-B212424CA7CF:LeaderElection61: begin an election at term 1 for -1: [b40ef231-6505-402b-ae57-fc0dc67cbbe8:192.168.151.106:41861], old=null
2019-09-25 04:50:34,334 [b40ef231-6505-402b-ae57-fc0dc67cbbe8@group-B212424CA7CF:LeaderElection61] INFO  impl.RoleInfo (RoleInfo.java:shutdownLeaderElection(134)) - b40ef231-6505-402b-ae57-fc0dc67cbbe8: shutdown LeaderElection
2019-09-25 04:50:34,334 [b40ef231-6505-402b-ae57-fc0dc67cbbe8@group-B212424CA7CF:LeaderElection61] INFO  impl.RaftServerImpl (RaftServerImpl.java:setRole(174)) - b40ef231-6505-402b-ae57-fc0dc67cbbe8@group-B212424CA7CF: changes role from CANDIDATE to LEADER at term 1 for changeToLeader
2019-09-25 04:50:34,335 [b40ef231-6505-402b-ae57-fc0dc67cbbe8@group-B212424CA7CF:LeaderElection61] INFO  impl.RaftServerImpl (ServerState.java:setLeader(253)) - b40ef231-6505-402b-ae57-fc0dc67cbbe8@group-B212424CA7CF: change Leader from null to b40ef231-6505-402b-ae57-fc0dc67cbbe8 at term 1 for becomeLeader, leader elected after 5110ms
2019-09-25 04:50:34,335 [pool-87-thread-1] INFO  storage.RaftStorage (RaftStorage.java:format(72)) - Storage directory /workdir/hadoop-ozone/integration-test/target/test-dir/MiniOzoneClusterImpl-72f6cbb0-c919-4300-9939-20ef1cbf0e73/datanode-6/data/ratis/0bd86e7f-a800-402a-af47-09867bc18a06 has been successfully formatted.
2019-09-25 04:50:34,335 [b40ef231-6505-402b-ae57-fc0dc67cbbe8@group-B212424CA7CF:LeaderElection61] INFO  server.RaftServerConfigKeys (ConfUtils.java:logGet(43)) - raft.server.staging.catchup.gap = 1000 (default)
2019-09-25 04:50:34,335 [pool-87-thread-1] INFO  ratis.ContainerStateMachine (ContainerStateMachine.java:loadSnapshot(230)) - group-09867BC18A06: The snapshot info is null. Setting the last applied indexto:(t:0, i:~)
2019-09-25 04:50:34,335 [b40ef231-6505-402b-ae57-fc0dc67cbbe8@group-B212424CA7CF:LeaderElection61] INFO  server.RaftServerConfigKeys (ConfUtils.java:logGet(43)) - raft.server.rpc.sleep.time = 25ms (default)
2019-09-25 04:50:34,336 [pool-87-thread-1] INFO  server.RaftServerConfigKeys (ConfUtils.java:logGet(43)) - raft.server.notification.no-leader.timeout = 120s (custom)
2019-09-25 04:50:34,336 [b40ef231-6505-402b-ae57-fc0dc67cbbe8@group-B212424CA7CF:LeaderElection61] INFO  server.RaftServerConfigKeys (ConfUtils.java:logGet(43)) - raft.server.write.element-limit = 4096 (default)
2019-09-25 04:50:34,336 [pool-87-thread-1] INFO  server.RaftServerConfigKeys (ConfUtils.java:logGet(43)) - raft.server.log.use.memory = false (default)
2019-09-25 04:50:34,336 [b40ef231-6505-402b-ae57-fc0dc67cbbe8@group-B212424CA7CF:LeaderElection61] INFO  server.RaftServerConfigKeys (ConfUtils.java:logGet(43)) - raft.server.watch.timeout = 10s (default)
2019-09-25 04:50:34,336 [pool-87-thread-1] INFO  server.RaftServerConfigKeys (ConfUtils.java:logGet(43)) - raft.server.log.purge.gap = 1000000 (custom)
2019-09-25 04:50:34,336 [b40ef231-6505-402b-ae57-fc0dc67cbbe8@group-B212424CA7CF:LeaderElection61] INFO  server.RaftServerConfigKeys (ConfUtils.java:logGet(43)) - raft.server.watch.timeout.denomination = 1s (default)
2019-09-25 04:50:34,337 [pool-87-thread-1] INFO  server.RaftServerConfigKeys (ConfUtils.java:logGet(43)) - raft.server.log.appender.buffer.byte-limit = 33554432 (custom)
2019-09-25 04:50:34,337 [b40ef231-6505-402b-ae57-fc0dc67cbbe8@group-B212424CA7CF:LeaderElection61] INFO  server.RaftServerConfigKeys (ConfUtils.java:logGet(43)) - raft.server.watch.element-limit = 65536 (default)
2019-09-25 04:50:34,337 [pool-87-thread-1] INFO  server.RaftServerConfigKeys (ConfUtils.java:logGet(43)) - raft.server.log.segment.size.max = 1048576 (custom)
2019-09-25 04:50:34,337 [pool-87-thread-1] INFO  server.RaftServerConfigKeys (ConfUtils.java:logGet(43)) - raft.server.log.segment.cache.num.max = 2 (custom)
2019-09-25 04:50:34,338 [pool-87-thread-1] INFO  segmented.SegmentedRaftLogWorker (SegmentedRaftLogWorker.java:<init>(172)) - new 45f1801e-7cfd-420a-bb39-98f19dcc81c3@group-09867BC18A06-SegmentedRaftLogWorker for RaftStorage:Storage Directory /workdir/hadoop-ozone/integration-test/target/test-dir/MiniOzoneClusterImpl-72f6cbb0-c919-4300-9939-20ef1cbf0e73/datanode-6/data/ratis/0bd86e7f-a800-402a-af47-09867bc18a06
2019-09-25 04:50:34,338 [pool-87-thread-1] INFO  server.RaftServerConfigKeys (ConfUtils.java:logGet(43)) - raft.server.log.queue.byte-limit = 2147483647 (custom)
2019-09-25 04:50:34,338 [pool-87-thread-1] INFO  server.RaftServerConfigKeys (ConfUtils.java:logGet(43)) - raft.server.log.queue.element-limit = 1024 (custom)
2019-09-25 04:50:34,338 [pool-87-thread-1] INFO  server.RaftServerConfigKeys (ConfUtils.java:logGet(43)) - raft.server.log.segment.size.max = 1048576 (custom)
2019-09-25 04:50:34,339 [pool-87-thread-1] INFO  server.RaftServerConfigKeys (ConfUtils.java:logGet(43)) - raft.server.log.preallocated.size = 16384 (custom)
2019-09-25 04:50:34,339 [pool-87-thread-1] INFO  server.RaftServerConfigKeys (ConfUtils.java:logGet(43)) - raft.server.log.write.buffer.size = 33554432 (custom)
2019-09-25 04:50:34,339 [pool-87-thread-1] INFO  server.RaftServerConfigKeys (ConfUtils.java:logGet(43)) - raft.server.log.force.sync.num = 128 (default)
2019-09-25 04:50:34,339 [pool-87-thread-1] INFO  server.RaftServerConfigKeys (ConfUtils.java:logGet(43)) - raft.server.log.statemachine.data.sync = true (default)
2019-09-25 04:50:34,339 [pool-87-thread-1] INFO  server.RaftServerConfigKeys (ConfUtils.java:logGet(43)) - raft.server.log.statemachine.data.sync.timeout = 10s (default)
2019-09-25 04:50:34,340 [pool-87-thread-1] INFO  server.RaftServerConfigKeys (ConfUtils.java:logGet(43)) - raft.server.log.statemachine.data.sync.timeout.retry = -1 (default)
2019-09-25 04:50:34,340 [pool-87-thread-1] INFO  server.RaftServerConfigKeys (ConfUtils.java:logGet(43)) - raft.server.log.statemachine.data.caching.enabled = true (custom)
2019-09-25 04:50:34,340 [pool-87-thread-1] INFO  segmented.SegmentedRaftLogWorker (SegmentedRaftLogWorker.java:lambda$new$0(132)) - 45f1801e-7cfd-420a-bb39-98f19dcc81c3@group-09867BC18A06-SegmentedRaftLogWorker: flushIndex: setUnconditionally 0 -> -1
2019-09-25 04:50:34,341 [b40ef231-6505-402b-ae57-fc0dc67cbbe8@group-B212424CA7CF:LeaderElection61] INFO  impl.RoleInfo (RoleInfo.java:updateAndGet(143)) - b40ef231-6505-402b-ae57-fc0dc67cbbe8: start LeaderState
2019-09-25 04:50:34,341 [pool-87-thread-1] INFO  server.RaftServerConfigKeys (ConfUtils.java:logGet(43)) - raft.server.snapshot.auto.trigger.enabled = true (custom)
2019-09-25 04:50:34,341 [b40ef231-6505-402b-ae57-fc0dc67cbbe8@group-B212424CA7CF:LeaderElection61] INFO  segmented.SegmentedRaftLogWorker (SegmentedRaftLogWorker.java:startLogSegment(380)) - b40ef231-6505-402b-ae57-fc0dc67cbbe8@group-B212424CA7CF-SegmentedRaftLogWorker: Starting segment from index:0
2019-09-25 04:50:34,341 [pool-87-thread-1] INFO  server.RaftServerConfigKeys (ConfUtils.java:logGet(43)) - raft.server.snapshot.auto.trigger.threshold = 10000 (custom)
2019-09-25 04:50:34,342 [pool-87-thread-1] INFO  server.RaftServerConfigKeys (ConfUtils.java:logGet(43)) - raft.server.snapshot.retention.num.files = 5 (custom)
2019-09-25 04:50:34,342 [pool-87-thread-1] INFO  server.RaftServerConfigKeys (ConfUtils.java:logGet(43)) - raft.server.retrycache.expirytime = 600000ms (custom)
2019-09-25 04:50:34,342 [b40ef231-6505-402b-ae57-fc0dc67cbbe8@group-B212424CA7CF:LeaderElection61] INFO  impl.RaftServerImpl (ServerState.java:setRaftConf(354)) - b40ef231-6505-402b-ae57-fc0dc67cbbe8@group-B212424CA7CF: set configuration 0: [b40ef231-6505-402b-ae57-fc0dc67cbbe8:192.168.151.106:41861], old=null at 0
2019-09-25 04:50:34,347 [pool-87-thread-1] INFO  impl.RaftServerImpl (RaftServerImpl.java:start(185)) - 45f1801e-7cfd-420a-bb39-98f19dcc81c3@group-09867BC18A06: start as a follower, conf=-1: [45f1801e-7cfd-420a-bb39-98f19dcc81c3:192.168.151.106:38437], old=null
2019-09-25 04:50:34,347 [pool-87-thread-1] INFO  impl.RaftServerImpl (RaftServerImpl.java:setRole(174)) - 45f1801e-7cfd-420a-bb39-98f19dcc81c3@group-09867BC18A06: changes role from      null to FOLLOWER at term 0 for startAsFollower
2019-09-25 04:50:34,347 [pool-87-thread-1] INFO  impl.RoleInfo (RoleInfo.java:updateAndGet(143)) - 45f1801e-7cfd-420a-bb39-98f19dcc81c3: start FollowerState
2019-09-25 04:50:34,347 [pool-87-thread-1] INFO  util.JmxRegister (JmxRegister.java:tryRegister(44)) - Successfully registered JMX Bean with object name Ratis:service=RaftServer,group=group-09867BC18A06,id=45f1801e-7cfd-420a-bb39-98f19dcc81c3
2019-09-25 04:50:34,351 [RatisPipelineUtilsThread] INFO  pipeline.PipelineStateManager (PipelineStateManager.java:addPipeline(56)) - Created pipeline Pipeline[ Id: 0bd86e7f-a800-402a-af47-09867bc18a06, Nodes: 45f1801e-7cfd-420a-bb39-98f19dcc81c3{ip: 192.168.151.106, host: pr-hdds-1569-x2sr2-3486766547, networkLocation: /default-rack, certSerialId: null}, Type:RATIS, Factor:ONE, State:OPEN]
2019-09-25 04:50:34,358 [grpc-default-executor-0] INFO  impl.RaftServerProxy (RaftServerProxy.java:addNew(89)) - aabdae46-dcfa-45e6-b665-2c47bb305ebb: addNew group-1B4FC63C22D2:[aabdae46-dcfa-45e6-b665-2c47bb305ebb:192.168.151.106:41436] returns group-1B4FC63C22D2:java.util.concurrent.CompletableFuture@497699e7[Not completed]
2019-09-25 04:50:34,360 [pool-67-thread-1] INFO  impl.RaftServerImpl (RaftServerImpl.java:<init>(95)) - aabdae46-dcfa-45e6-b665-2c47bb305ebb: new RaftServerImpl for group-1B4FC63C22D2:[aabdae46-dcfa-45e6-b665-2c47bb305ebb:192.168.151.106:41436] with ContainerStateMachine:uninitialized
2019-09-25 04:50:34,360 [pool-67-thread-1] INFO  server.RaftServerConfigKeys (ConfUtils.java:logGet(43)) - raft.server.rpc.timeout.min = 5s (custom)
2019-09-25 04:50:34,360 [pool-67-thread-1] INFO  server.RaftServerConfigKeys (ConfUtils.java:logGet(43)) - raft.server.rpc.timeout.max = 5200ms (custom)
2019-09-25 04:50:34,361 [pool-67-thread-1] INFO  server.RaftServerConfigKeys (ConfUtils.java:logGet(43)) - raft.server.rpcslowness.timeout = 120s (custom)
2019-09-25 04:50:34,361 [pool-67-thread-1] INFO  server.RaftServerConfigKeys (ConfUtils.java:logGet(43)) - raft.server.sleep.deviation.threshold = 300 (default)
2019-09-25 04:50:34,361 [pool-67-thread-1] INFO  server.RaftServerConfigKeys (ConfUtils.java:logGet(43)) - raft.server.log.appender.install.snapshot.enabled = false (custom)
2019-09-25 04:50:34,361 [pool-67-thread-1] INFO  impl.RaftServerImpl (ServerState.java:<init>(103)) - aabdae46-dcfa-45e6-b665-2c47bb305ebb@group-1B4FC63C22D2: ConfigurationManager, init=-1: [aabdae46-dcfa-45e6-b665-2c47bb305ebb:192.168.151.106:41436], old=null, confs=<EMPTY_MAP>
2019-09-25 04:50:34,361 [pool-67-thread-1] INFO  server.RaftServerConfigKeys (ConfUtils.java:logGet(43)) - raft.server.storage.dir = [/workdir/hadoop-ozone/integration-test/target/test-dir/MiniOzoneClusterImpl-72f6cbb0-c919-4300-9939-20ef1cbf0e73/datanode-4/data/ratis] (custom)
2019-09-25 04:50:34,362 [pool-67-thread-1] INFO  storage.RaftStorageDirectory (RaftStorageDirectory.java:analyzeStorage(246)) - The storage directory /workdir/hadoop-ozone/integration-test/target/test-dir/MiniOzoneClusterImpl-72f6cbb0-c919-4300-9939-20ef1cbf0e73/datanode-4/data/ratis/e7f56741-7bf5-4d18-858d-1b4fc63c22d2 does not exist. Creating ...
2019-09-25 04:50:34,388 [pool-67-thread-1] INFO  storage.RaftStorageDirectory (RaftStorageDirectory.java:tryLock(328)) - Lock on /workdir/hadoop-ozone/integration-test/target/test-dir/MiniOzoneClusterImpl-72f6cbb0-c919-4300-9939-20ef1cbf0e73/datanode-4/data/ratis/e7f56741-7bf5-4d18-858d-1b4fc63c22d2/in_use.lock acquired by nodename 13648@pr-hdds-1569-x2sr2-3486766547
2019-09-25 04:50:34,398 [b40ef231-6505-402b-ae57-fc0dc67cbbe8@group-B212424CA7CF-SegmentedRaftLogWorker] INFO  segmented.SegmentedRaftLogWorker (SegmentedRaftLogWorker.java:execute(569)) - b40ef231-6505-402b-ae57-fc0dc67cbbe8@group-B212424CA7CF-SegmentedRaftLogWorker: created new log segment /workdir/hadoop-ozone/integration-test/target/test-dir/MiniOzoneClusterImpl-72f6cbb0-c919-4300-9939-20ef1cbf0e73/datanode-1/data/ratis/e9028f7c-9479-415d-aa9d-b212424ca7cf/current/log_inprogress_0
2019-09-25 04:50:34,413 [pool-67-thread-1] INFO  storage.RaftStorage (RaftStorage.java:format(72)) - Storage directory /workdir/hadoop-ozone/integration-test/target/test-dir/MiniOzoneClusterImpl-72f6cbb0-c919-4300-9939-20ef1cbf0e73/datanode-4/data/ratis/e7f56741-7bf5-4d18-858d-1b4fc63c22d2 has been successfully formatted.
2019-09-25 04:50:34,414 [pool-67-thread-1] INFO  ratis.ContainerStateMachine (ContainerStateMachine.java:loadSnapshot(230)) - group-1B4FC63C22D2: The snapshot info is null. Setting the last applied indexto:(t:0, i:~)
2019-09-25 04:50:34,414 [pool-67-thread-1] INFO  server.RaftServerConfigKeys (ConfUtils.java:logGet(43)) - raft.server.notification.no-leader.timeout = 120s (custom)
2019-09-25 04:50:34,414 [pool-67-thread-1] INFO  server.RaftServerConfigKeys (ConfUtils.java:logGet(43)) - raft.server.log.use.memory = false (default)
2019-09-25 04:50:34,414 [pool-67-thread-1] INFO  server.RaftServerConfigKeys (ConfUtils.java:logGet(43)) - raft.server.log.purge.gap = 1000000 (custom)
2019-09-25 04:50:34,415 [pool-67-thread-1] INFO  server.RaftServerConfigKeys (ConfUtils.java:logGet(43)) - raft.server.log.appender.buffer.byte-limit = 33554432 (custom)
2019-09-25 04:50:34,415 [pool-67-thread-1] INFO  server.RaftServerConfigKeys (ConfUtils.java:logGet(43)) - raft.server.log.segment.size.max = 1048576 (custom)
2019-09-25 04:50:34,415 [pool-67-thread-1] INFO  server.RaftServerConfigKeys (ConfUtils.java:logGet(43)) - raft.server.log.segment.cache.num.max = 2 (custom)
2019-09-25 04:50:34,415 [pool-67-thread-1] INFO  segmented.SegmentedRaftLogWorker (SegmentedRaftLogWorker.java:<init>(172)) - new aabdae46-dcfa-45e6-b665-2c47bb305ebb@group-1B4FC63C22D2-SegmentedRaftLogWorker for RaftStorage:Storage Directory /workdir/hadoop-ozone/integration-test/target/test-dir/MiniOzoneClusterImpl-72f6cbb0-c919-4300-9939-20ef1cbf0e73/datanode-4/data/ratis/e7f56741-7bf5-4d18-858d-1b4fc63c22d2
2019-09-25 04:50:34,415 [pool-67-thread-1] INFO  server.RaftServerConfigKeys (ConfUtils.java:logGet(43)) - raft.server.log.queue.byte-limit = 2147483647 (custom)
2019-09-25 04:50:34,416 [pool-67-thread-1] INFO  server.RaftServerConfigKeys (ConfUtils.java:logGet(43)) - raft.server.log.queue.element-limit = 1024 (custom)
2019-09-25 04:50:34,416 [pool-67-thread-1] INFO  server.RaftServerConfigKeys (ConfUtils.java:logGet(43)) - raft.server.log.segment.size.max = 1048576 (custom)
2019-09-25 04:50:34,416 [pool-67-thread-1] INFO  server.RaftServerConfigKeys (ConfUtils.java:logGet(43)) - raft.server.log.preallocated.size = 16384 (custom)
2019-09-25 04:50:34,416 [pool-67-thread-1] INFO  server.RaftServerConfigKeys (ConfUtils.java:logGet(43)) - raft.server.log.write.buffer.size = 33554432 (custom)
2019-09-25 04:50:34,416 [pool-67-thread-1] INFO  server.RaftServerConfigKeys (ConfUtils.java:logGet(43)) - raft.server.log.force.sync.num = 128 (default)
2019-09-25 04:50:34,417 [pool-67-thread-1] INFO  server.RaftServerConfigKeys (ConfUtils.java:logGet(43)) - raft.server.log.statemachine.data.sync = true (default)
2019-09-25 04:50:34,417 [pool-67-thread-1] INFO  server.RaftServerConfigKeys (ConfUtils.java:logGet(43)) - raft.server.log.statemachine.data.sync.timeout = 10s (default)
2019-09-25 04:50:34,417 [pool-67-thread-1] INFO  server.RaftServerConfigKeys (ConfUtils.java:logGet(43)) - raft.server.log.statemachine.data.sync.timeout.retry = -1 (default)
2019-09-25 04:50:34,417 [pool-67-thread-1] INFO  server.RaftServerConfigKeys (ConfUtils.java:logGet(43)) - raft.server.log.statemachine.data.caching.enabled = true (custom)
2019-09-25 04:50:34,418 [pool-67-thread-1] INFO  segmented.SegmentedRaftLogWorker (SegmentedRaftLogWorker.java:lambda$new$0(132)) - aabdae46-dcfa-45e6-b665-2c47bb305ebb@group-1B4FC63C22D2-SegmentedRaftLogWorker: flushIndex: setUnconditionally 0 -> -1
2019-09-25 04:50:34,418 [pool-67-thread-1] INFO  server.RaftServerConfigKeys (ConfUtils.java:logGet(43)) - raft.server.snapshot.auto.trigger.enabled = true (custom)
2019-09-25 04:50:34,418 [pool-67-thread-1] INFO  server.RaftServerConfigKeys (ConfUtils.java:logGet(43)) - raft.server.snapshot.auto.trigger.threshold = 10000 (custom)
2019-09-25 04:50:34,418 [pool-67-thread-1] INFO  server.RaftServerConfigKeys (ConfUtils.java:logGet(43)) - raft.server.snapshot.retention.num.files = 5 (custom)
2019-09-25 04:50:34,419 [pool-67-thread-1] INFO  server.RaftServerConfigKeys (ConfUtils.java:logGet(43)) - raft.server.retrycache.expirytime = 600000ms (custom)
2019-09-25 04:50:34,422 [pool-67-thread-1] INFO  impl.RaftServerImpl (RaftServerImpl.java:start(185)) - aabdae46-dcfa-45e6-b665-2c47bb305ebb@group-1B4FC63C22D2: start as a follower, conf=-1: [aabdae46-dcfa-45e6-b665-2c47bb305ebb:192.168.151.106:41436], old=null
2019-09-25 04:50:34,422 [pool-67-thread-1] INFO  impl.RaftServerImpl (RaftServerImpl.java:setRole(174)) - aabdae46-dcfa-45e6-b665-2c47bb305ebb@group-1B4FC63C22D2: changes role from      null to FOLLOWER at term 0 for startAsFollower
2019-09-25 04:50:34,422 [pool-67-thread-1] INFO  impl.RoleInfo (RoleInfo.java:updateAndGet(143)) - aabdae46-dcfa-45e6-b665-2c47bb305ebb: start FollowerState
2019-09-25 04:50:34,423 [pool-67-thread-1] INFO  util.JmxRegister (JmxRegister.java:tryRegister(44)) - Successfully registered JMX Bean with object name Ratis:service=RaftServer,group=group-1B4FC63C22D2,id=aabdae46-dcfa-45e6-b665-2c47bb305ebb
2019-09-25 04:50:34,426 [RatisPipelineUtilsThread] INFO  pipeline.PipelineStateManager (PipelineStateManager.java:addPipeline(56)) - Created pipeline Pipeline[ Id: e7f56741-7bf5-4d18-858d-1b4fc63c22d2, Nodes: aabdae46-dcfa-45e6-b665-2c47bb305ebb{ip: 192.168.151.106, host: pr-hdds-1569-x2sr2-3486766547, networkLocation: /default-rack, certSerialId: null}, Type:RATIS, Factor:ONE, State:OPEN]
2019-09-25 04:50:34,433 [grpc-default-executor-0] INFO  impl.RaftServerProxy (RaftServerProxy.java:addNew(89)) - a167ab1f-c96d-409e-bb26-ea230783d833: addNew group-0DBE9B28DA20:[a167ab1f-c96d-409e-bb26-ea230783d833:192.168.151.106:33404] returns group-0DBE9B28DA20:java.util.concurrent.CompletableFuture@41ec318[Not completed]
2019-09-25 04:50:34,434 [pool-47-thread-1] INFO  impl.RaftServerImpl (RaftServerImpl.java:<init>(95)) - a167ab1f-c96d-409e-bb26-ea230783d833: new RaftServerImpl for group-0DBE9B28DA20:[a167ab1f-c96d-409e-bb26-ea230783d833:192.168.151.106:33404] with ContainerStateMachine:uninitialized
2019-09-25 04:50:34,434 [pool-47-thread-1] INFO  server.RaftServerConfigKeys (ConfUtils.java:logGet(43)) - raft.server.rpc.timeout.min = 5s (custom)
2019-09-25 04:50:34,435 [pool-47-thread-1] INFO  server.RaftServerConfigKeys (ConfUtils.java:logGet(43)) - raft.server.rpc.timeout.max = 5200ms (custom)
2019-09-25 04:50:34,435 [pool-47-thread-1] INFO  server.RaftServerConfigKeys (ConfUtils.java:logGet(43)) - raft.server.rpcslowness.timeout = 120s (custom)
2019-09-25 04:50:34,435 [pool-47-thread-1] INFO  server.RaftServerConfigKeys (ConfUtils.java:logGet(43)) - raft.server.sleep.deviation.threshold = 300 (default)
2019-09-25 04:50:34,435 [pool-47-thread-1] INFO  server.RaftServerConfigKeys (ConfUtils.java:logGet(43)) - raft.server.log.appender.install.snapshot.enabled = false (custom)
2019-09-25 04:50:34,435 [pool-47-thread-1] INFO  impl.RaftServerImpl (ServerState.java:<init>(103)) - a167ab1f-c96d-409e-bb26-ea230783d833@group-0DBE9B28DA20: ConfigurationManager, init=-1: [a167ab1f-c96d-409e-bb26-ea230783d833:192.168.151.106:33404], old=null, confs=<EMPTY_MAP>
2019-09-25 04:50:34,435 [pool-47-thread-1] INFO  server.RaftServerConfigKeys (ConfUtils.java:logGet(43)) - raft.server.storage.dir = [/workdir/hadoop-ozone/integration-test/target/test-dir/MiniOzoneClusterImpl-72f6cbb0-c919-4300-9939-20ef1cbf0e73/datanode-2/data/ratis] (custom)
2019-09-25 04:50:34,436 [pool-47-thread-1] INFO  storage.RaftStorageDirectory (RaftStorageDirectory.java:analyzeStorage(246)) - The storage directory /workdir/hadoop-ozone/integration-test/target/test-dir/MiniOzoneClusterImpl-72f6cbb0-c919-4300-9939-20ef1cbf0e73/datanode-2/data/ratis/f4ff7a3a-f356-4d08-8cf6-0dbe9b28da20 does not exist. Creating ...
2019-09-25 04:50:34,442 [Thread-429] INFO  impl.FollowerState (FollowerState.java:run(106)) - 45f1801e-7cfd-420a-bb39-98f19dcc81c3:group-AC5507C018A8 changes to CANDIDATE, lastRpcTime:5157, electionTimeout:5157ms
2019-09-25 04:50:34,442 [Thread-429] INFO  impl.RoleInfo (RoleInfo.java:shutdownFollowerState(121)) - 45f1801e-7cfd-420a-bb39-98f19dcc81c3: shutdown FollowerState
2019-09-25 04:50:34,442 [Thread-429] INFO  impl.RaftServerImpl (RaftServerImpl.java:setRole(174)) - 45f1801e-7cfd-420a-bb39-98f19dcc81c3@group-AC5507C018A8: changes role from  FOLLOWER to CANDIDATE at term 0 for changeToCandidate
2019-09-25 04:50:34,443 [Thread-429] INFO  impl.RoleInfo (RoleInfo.java:updateAndGet(143)) - 45f1801e-7cfd-420a-bb39-98f19dcc81c3: start LeaderElection
2019-09-25 04:50:34,453 [Thread-432] INFO  impl.FollowerState (FollowerState.java:run(106)) - a167ab1f-c96d-409e-bb26-ea230783d833:group-9295726EF944 changes to CANDIDATE, lastRpcTime:5118, electionTimeout:5118ms
2019-09-25 04:50:34,453 [Thread-432] INFO  impl.RoleInfo (RoleInfo.java:shutdownFollowerState(121)) - a167ab1f-c96d-409e-bb26-ea230783d833: shutdown FollowerState
2019-09-25 04:50:34,453 [Thread-432] INFO  impl.RaftServerImpl (RaftServerImpl.java:setRole(174)) - a167ab1f-c96d-409e-bb26-ea230783d833@group-9295726EF944: changes role from  FOLLOWER to CANDIDATE at term 0 for changeToCandidate
2019-09-25 04:50:34,453 [Thread-432] INFO  impl.RoleInfo (RoleInfo.java:updateAndGet(143)) - a167ab1f-c96d-409e-bb26-ea230783d833: start LeaderElection
2019-09-25 04:50:34,458 [pool-47-thread-1] INFO  storage.RaftStorageDirectory (RaftStorageDirectory.java:tryLock(328)) - Lock on /workdir/hadoop-ozone/integration-test/target/test-dir/MiniOzoneClusterImpl-72f6cbb0-c919-4300-9939-20ef1cbf0e73/datanode-2/data/ratis/f4ff7a3a-f356-4d08-8cf6-0dbe9b28da20/in_use.lock acquired by nodename 13648@pr-hdds-1569-x2sr2-3486766547
2019-09-25 04:50:34,458 [45f1801e-7cfd-420a-bb39-98f19dcc81c3@group-AC5507C018A8:LeaderElection62] INFO  impl.LeaderElection (LeaderElection.java:askForVotes(182)) - 45f1801e-7cfd-420a-bb39-98f19dcc81c3@group-AC5507C018A8:LeaderElection62: begin an election at term 1 for -1: [45f1801e-7cfd-420a-bb39-98f19dcc81c3:192.168.151.106:38437], old=null
2019-09-25 04:50:34,459 [45f1801e-7cfd-420a-bb39-98f19dcc81c3@group-AC5507C018A8:LeaderElection62] INFO  impl.RoleInfo (RoleInfo.java:shutdownLeaderElection(134)) - 45f1801e-7cfd-420a-bb39-98f19dcc81c3: shutdown LeaderElection
2019-09-25 04:50:34,459 [45f1801e-7cfd-420a-bb39-98f19dcc81c3@group-AC5507C018A8:LeaderElection62] INFO  impl.RaftServerImpl (RaftServerImpl.java:setRole(174)) - 45f1801e-7cfd-420a-bb39-98f19dcc81c3@group-AC5507C018A8: changes role from CANDIDATE to LEADER at term 1 for changeToLeader
2019-09-25 04:50:34,459 [45f1801e-7cfd-420a-bb39-98f19dcc81c3@group-AC5507C018A8:LeaderElection62] INFO  impl.RaftServerImpl (ServerState.java:setLeader(253)) - 45f1801e-7cfd-420a-bb39-98f19dcc81c3@group-AC5507C018A8: change Leader from null to 45f1801e-7cfd-420a-bb39-98f19dcc81c3 at term 1 for becomeLeader, leader elected after 5182ms
2019-09-25 04:50:34,459 [45f1801e-7cfd-420a-bb39-98f19dcc81c3@group-AC5507C018A8:LeaderElection62] INFO  server.RaftServerConfigKeys (ConfUtils.java:logGet(43)) - raft.server.staging.catchup.gap = 1000 (default)
2019-09-25 04:50:34,459 [45f1801e-7cfd-420a-bb39-98f19dcc81c3@group-AC5507C018A8:LeaderElection62] INFO  server.RaftServerConfigKeys (ConfUtils.java:logGet(43)) - raft.server.rpc.sleep.time = 25ms (default)
2019-09-25 04:50:34,459 [45f1801e-7cfd-420a-bb39-98f19dcc81c3@group-AC5507C018A8:LeaderElection62] INFO  server.RaftServerConfigKeys (ConfUtils.java:logGet(43)) - raft.server.write.element-limit = 4096 (default)
2019-09-25 04:50:34,460 [45f1801e-7cfd-420a-bb39-98f19dcc81c3@group-AC5507C018A8:LeaderElection62] INFO  server.RaftServerConfigKeys (ConfUtils.java:logGet(43)) - raft.server.watch.timeout = 10s (default)
2019-09-25 04:50:34,460 [45f1801e-7cfd-420a-bb39-98f19dcc81c3@group-AC5507C018A8:LeaderElection62] INFO  server.RaftServerConfigKeys (ConfUtils.java:logGet(43)) - raft.server.watch.timeout.denomination = 1s (default)
2019-09-25 04:50:34,460 [45f1801e-7cfd-420a-bb39-98f19dcc81c3@group-AC5507C018A8:LeaderElection62] INFO  server.RaftServerConfigKeys (ConfUtils.java:logGet(43)) - raft.server.watch.element-limit = 65536 (default)
2019-09-25 04:50:34,462 [45f1801e-7cfd-420a-bb39-98f19dcc81c3@group-AC5507C018A8:LeaderElection62] INFO  impl.RoleInfo (RoleInfo.java:updateAndGet(143)) - 45f1801e-7cfd-420a-bb39-98f19dcc81c3: start LeaderState
2019-09-25 04:50:34,462 [45f1801e-7cfd-420a-bb39-98f19dcc81c3@group-AC5507C018A8:LeaderElection62] INFO  segmented.SegmentedRaftLogWorker (SegmentedRaftLogWorker.java:startLogSegment(380)) - 45f1801e-7cfd-420a-bb39-98f19dcc81c3@group-AC5507C018A8-SegmentedRaftLogWorker: Starting segment from index:0
2019-09-25 04:50:34,463 [45f1801e-7cfd-420a-bb39-98f19dcc81c3@group-AC5507C018A8:LeaderElection62] INFO  impl.RaftServerImpl (ServerState.java:setRaftConf(354)) - 45f1801e-7cfd-420a-bb39-98f19dcc81c3@group-AC5507C018A8: set configuration 0: [45f1801e-7cfd-420a-bb39-98f19dcc81c3:192.168.151.106:38437], old=null at 0
2019-09-25 04:50:34,954 [pool-47-thread-1] INFO  storage.RaftStorage (RaftStorage.java:format(72)) - Storage directory /workdir/hadoop-ozone/integration-test/target/test-dir/MiniOzoneClusterImpl-72f6cbb0-c919-4300-9939-20ef1cbf0e73/datanode-2/data/ratis/f4ff7a3a-f356-4d08-8cf6-0dbe9b28da20 has been successfully formatted.
2019-09-25 04:50:34,931 [Thread-438] WARN  util.JavaUtils (JavaUtils.java:sleep(250)) - Unexpected long sleep: sleep(5079ms) actually took 5493ms which is over the threshold 300ms
2019-09-25 04:50:34,973 [pool-47-thread-1] INFO  ratis.ContainerStateMachine (ContainerStateMachine.java:loadSnapshot(230)) - group-0DBE9B28DA20: The snapshot info is null. Setting the last applied indexto:(t:0, i:~)
2019-09-25 04:50:34,931 [Thread-435] WARN  util.JavaUtils (JavaUtils.java:sleep(250)) - Unexpected long sleep: sleep(5147ms) actually took 5536ms which is over the threshold 300ms
2019-09-25 04:50:34,928 [Thread-441] INFO  impl.FollowerState (FollowerState.java:run(106)) - aabdae46-dcfa-45e6-b665-2c47bb305ebb:group-A1290D0B8E67 changes to CANDIDATE, lastRpcTime:5438, electionTimeout:5177ms
2019-09-25 04:50:34,928 [Thread-451] INFO  impl.FollowerState (FollowerState.java:run(106)) - 45f1801e-7cfd-420a-bb39-98f19dcc81c3:group-F1A1A1A81453 changes to CANDIDATE, lastRpcTime:5274, electionTimeout:5018ms
2019-09-25 04:50:34,927 [Thread-444] INFO  impl.FollowerState (FollowerState.java:run(106)) - c35819d4-86f4-4223-a458-676070fe0cbb:group-5B036C1CFED7 changes to CANDIDATE, lastRpcTime:5398, electionTimeout:5182ms
2019-09-25 04:50:34,926 [Thread-447] INFO  impl.FollowerState (FollowerState.java:run(106)) - 9216b865-ce6b-4fb7-bc99-65479a86b6eb:group-D9FC74FABA2F changes to CANDIDATE, lastRpcTime:5355, electionTimeout:5186ms
2019-09-25 04:50:34,924 [Thread-458] INFO  impl.FollowerState (FollowerState.java:run(106)) - aabdae46-dcfa-45e6-b665-2c47bb305ebb:group-A731EA8FB807 changes to CANDIDATE, lastRpcTime:5140, electionTimeout:5084ms
2019-09-25 04:50:34,974 [Thread-447] INFO  impl.RoleInfo (RoleInfo.java:shutdownFollowerState(121)) - 9216b865-ce6b-4fb7-bc99-65479a86b6eb: shutdown FollowerState
2019-09-25 04:50:34,974 [Thread-444] INFO  impl.RoleInfo (RoleInfo.java:shutdownFollowerState(121)) - c35819d4-86f4-4223-a458-676070fe0cbb: shutdown FollowerState
2019-09-25 04:50:34,973 [Thread-451] INFO  impl.RoleInfo (RoleInfo.java:shutdownFollowerState(121)) - 45f1801e-7cfd-420a-bb39-98f19dcc81c3: shutdown FollowerState
2019-09-25 04:50:34,973 [Thread-441] INFO  impl.RoleInfo (RoleInfo.java:shutdownFollowerState(121)) - aabdae46-dcfa-45e6-b665-2c47bb305ebb: shutdown FollowerState
2019-09-25 04:50:34,974 [Thread-441] INFO  impl.RaftServerImpl (RaftServerImpl.java:setRole(174)) - aabdae46-dcfa-45e6-b665-2c47bb305ebb@group-A1290D0B8E67: changes role from  FOLLOWER to CANDIDATE at term 0 for changeToCandidate
2019-09-25 04:50:34,973 [pool-47-thread-1] INFO  server.RaftServerConfigKeys (ConfUtils.java:logGet(43)) - raft.server.notification.no-leader.timeout = 120s (custom)
2019-09-25 04:50:34,955 [Thread-462] INFO  impl.FollowerState (FollowerState.java:run(106)) - 4f7802c6-3418-4fbd-b0c6-a8e36fcecb0a:group-24B127BB6DA0 changes to CANDIDATE, lastRpcTime:5096, electionTimeout:5083ms
2019-09-25 04:50:34,955 [a167ab1f-c96d-409e-bb26-ea230783d833@group-9295726EF944:LeaderElection63] INFO  impl.LeaderElection (LeaderElection.java:askForVotes(182)) - a167ab1f-c96d-409e-bb26-ea230783d833@group-9295726EF944:LeaderElection63: begin an election at term 1 for -1: [a167ab1f-c96d-409e-bb26-ea230783d833:192.168.151.106:33404], old=null
2019-09-25 04:50:34,975 [Thread-462] INFO  impl.RoleInfo (RoleInfo.java:shutdownFollowerState(121)) - 4f7802c6-3418-4fbd-b0c6-a8e36fcecb0a: shutdown FollowerState
2019-09-25 04:50:34,975 [Thread-462] INFO  impl.RaftServerImpl (RaftServerImpl.java:setRole(174)) - 4f7802c6-3418-4fbd-b0c6-a8e36fcecb0a@group-24B127BB6DA0: changes role from  FOLLOWER to CANDIDATE at term 0 for changeToCandidate
2019-09-25 04:50:34,975 [pool-47-thread-1] INFO  server.RaftServerConfigKeys (ConfUtils.java:logGet(43)) - raft.server.log.use.memory = false (default)
2019-09-25 04:50:34,975 [Thread-441] INFO  impl.RoleInfo (RoleInfo.java:updateAndGet(143)) - aabdae46-dcfa-45e6-b665-2c47bb305ebb: start LeaderElection
2019-09-25 04:50:34,974 [Thread-451] INFO  impl.RaftServerImpl (RaftServerImpl.java:setRole(174)) - 45f1801e-7cfd-420a-bb39-98f19dcc81c3@group-F1A1A1A81453: changes role from  FOLLOWER to CANDIDATE at term 0 for changeToCandidate
2019-09-25 04:50:34,974 [Thread-444] INFO  impl.RaftServerImpl (RaftServerImpl.java:setRole(174)) - c35819d4-86f4-4223-a458-676070fe0cbb@group-5B036C1CFED7: changes role from  FOLLOWER to CANDIDATE at term 0 for changeToCandidate
2019-09-25 04:50:34,974 [Thread-447] INFO  impl.RaftServerImpl (RaftServerImpl.java:setRole(174)) - 9216b865-ce6b-4fb7-bc99-65479a86b6eb@group-D9FC74FABA2F: changes role from  FOLLOWER to CANDIDATE at term 0 for changeToCandidate
2019-09-25 04:50:34,974 [Thread-458] INFO  impl.RoleInfo (RoleInfo.java:shutdownFollowerState(121)) - aabdae46-dcfa-45e6-b665-2c47bb305ebb: shutdown FollowerState
2019-09-25 04:50:34,976 [Thread-447] INFO  impl.RoleInfo (RoleInfo.java:updateAndGet(143)) - 9216b865-ce6b-4fb7-bc99-65479a86b6eb: start LeaderElection
2019-09-25 04:50:34,976 [Thread-444] INFO  impl.RoleInfo (RoleInfo.java:updateAndGet(143)) - c35819d4-86f4-4223-a458-676070fe0cbb: start LeaderElection
2019-09-25 04:50:34,976 [Thread-451] INFO  impl.RoleInfo (RoleInfo.java:updateAndGet(143)) - 45f1801e-7cfd-420a-bb39-98f19dcc81c3: start LeaderElection
2019-09-25 04:50:34,975 [pool-47-thread-1] INFO  server.RaftServerConfigKeys (ConfUtils.java:logGet(43)) - raft.server.log.purge.gap = 1000000 (custom)
2019-09-25 04:50:34,975 [Thread-462] INFO  impl.RoleInfo (RoleInfo.java:updateAndGet(143)) - 4f7802c6-3418-4fbd-b0c6-a8e36fcecb0a: start LeaderElection
2019-09-25 04:50:34,975 [a167ab1f-c96d-409e-bb26-ea230783d833@group-9295726EF944:LeaderElection63] INFO  impl.RoleInfo (RoleInfo.java:shutdownLeaderElection(134)) - a167ab1f-c96d-409e-bb26-ea230783d833: shutdown LeaderElection
2019-09-25 04:50:34,977 [pool-47-thread-1] INFO  server.RaftServerConfigKeys (ConfUtils.java:logGet(43)) - raft.server.log.appender.buffer.byte-limit = 33554432 (custom)
2019-09-25 04:50:34,976 [Thread-458] INFO  impl.RaftServerImpl (RaftServerImpl.java:setRole(174)) - aabdae46-dcfa-45e6-b665-2c47bb305ebb@group-A731EA8FB807: changes role from  FOLLOWER to CANDIDATE at term 0 for changeToCandidate
2019-09-25 04:50:34,978 [pool-47-thread-1] INFO  server.RaftServerConfigKeys (ConfUtils.java:logGet(43)) - raft.server.log.segment.size.max = 1048576 (custom)
2019-09-25 04:50:34,977 [a167ab1f-c96d-409e-bb26-ea230783d833@group-9295726EF944:LeaderElection63] INFO  impl.RaftServerImpl (RaftServerImpl.java:setRole(174)) - a167ab1f-c96d-409e-bb26-ea230783d833@group-9295726EF944: changes role from CANDIDATE to LEADER at term 1 for changeToLeader
2019-09-25 04:50:34,978 [pool-47-thread-1] INFO  server.RaftServerConfigKeys (ConfUtils.java:logGet(43)) - raft.server.log.segment.cache.num.max = 2 (custom)
2019-09-25 04:50:34,978 [Thread-458] INFO  impl.RoleInfo (RoleInfo.java:updateAndGet(143)) - aabdae46-dcfa-45e6-b665-2c47bb305ebb: start LeaderElection
2019-09-25 04:50:34,978 [pool-47-thread-1] INFO  segmented.SegmentedRaftLogWorker (SegmentedRaftLogWorker.java:<init>(172)) - new a167ab1f-c96d-409e-bb26-ea230783d833@group-0DBE9B28DA20-SegmentedRaftLogWorker for RaftStorage:Storage Directory /workdir/hadoop-ozone/integration-test/target/test-dir/MiniOzoneClusterImpl-72f6cbb0-c919-4300-9939-20ef1cbf0e73/datanode-2/data/ratis/f4ff7a3a-f356-4d08-8cf6-0dbe9b28da20
2019-09-25 04:50:34,978 [pool-47-thread-1] INFO  server.RaftServerConfigKeys (ConfUtils.java:logGet(43)) - raft.server.log.queue.byte-limit = 2147483647 (custom)
2019-09-25 04:50:34,978 [a167ab1f-c96d-409e-bb26-ea230783d833@group-9295726EF944:LeaderElection63] INFO  impl.RaftServerImpl (ServerState.java:setLeader(253)) - a167ab1f-c96d-409e-bb26-ea230783d833@group-9295726EF944: change Leader from null to a167ab1f-c96d-409e-bb26-ea230783d833 at term 1 for becomeLeader, leader elected after 5651ms
2019-09-25 04:50:34,979 [pool-47-thread-1] INFO  server.RaftServerConfigKeys (ConfUtils.java:logGet(43)) - raft.server.log.queue.element-limit = 1024 (custom)
2019-09-25 04:50:34,979 [a167ab1f-c96d-409e-bb26-ea230783d833@group-9295726EF944:LeaderElection63] INFO  server.RaftServerConfigKeys (ConfUtils.java:logGet(43)) - raft.server.staging.catchup.gap = 1000 (default)
2019-09-25 04:50:34,979 [pool-47-thread-1] INFO  server.RaftServerConfigKeys (ConfUtils.java:logGet(43)) - raft.server.log.segment.size.max = 1048576 (custom)
2019-09-25 04:50:34,979 [a167ab1f-c96d-409e-bb26-ea230783d833@group-9295726EF944:LeaderElection63] INFO  server.RaftServerConfigKeys (ConfUtils.java:logGet(43)) - raft.server.rpc.sleep.time = 25ms (default)
2019-09-25 04:50:34,979 [pool-47-thread-1] INFO  server.RaftServerConfigKeys (ConfUtils.java:logGet(43)) - raft.server.log.preallocated.size = 16384 (custom)
2019-09-25 04:50:34,979 [a167ab1f-c96d-409e-bb26-ea230783d833@group-9295726EF944:LeaderElection63] INFO  server.RaftServerConfigKeys (ConfUtils.java:logGet(43)) - raft.server.write.element-limit = 4096 (default)
2019-09-25 04:50:34,979 [pool-47-thread-1] INFO  server.RaftServerConfigKeys (ConfUtils.java:logGet(43)) - raft.server.log.write.buffer.size = 33554432 (custom)
2019-09-25 04:50:34,980 [a167ab1f-c96d-409e-bb26-ea230783d833@group-9295726EF944:LeaderElection63] INFO  server.RaftServerConfigKeys (ConfUtils.java:logGet(43)) - raft.server.watch.timeout = 10s (default)
2019-09-25 04:50:34,980 [pool-47-thread-1] INFO  server.RaftServerConfigKeys (ConfUtils.java:logGet(43)) - raft.server.log.force.sync.num = 128 (default)
2019-09-25 04:50:34,980 [a167ab1f-c96d-409e-bb26-ea230783d833@group-9295726EF944:LeaderElection63] INFO  server.RaftServerConfigKeys (ConfUtils.java:logGet(43)) - raft.server.watch.timeout.denomination = 1s (default)
2019-09-25 04:50:34,980 [pool-47-thread-1] INFO  server.RaftServerConfigKeys (ConfUtils.java:logGet(43)) - raft.server.log.statemachine.data.sync = true (default)
2019-09-25 04:50:34,980 [a167ab1f-c96d-409e-bb26-ea230783d833@group-9295726EF944:LeaderElection63] INFO  server.RaftServerConfigKeys (ConfUtils.java:logGet(43)) - raft.server.watch.element-limit = 65536 (default)
2019-09-25 04:50:34,980 [pool-47-thread-1] INFO  server.RaftServerConfigKeys (ConfUtils.java:logGet(43)) - raft.server.log.statemachine.data.sync.timeout = 10s (default)
2019-09-25 04:50:34,981 [pool-47-thread-1] INFO  server.RaftServerConfigKeys (ConfUtils.java:logGet(43)) - raft.server.log.statemachine.data.sync.timeout.retry = -1 (default)
2019-09-25 04:50:34,981 [pool-47-thread-1] INFO  server.RaftServerConfigKeys (ConfUtils.java:logGet(43)) - raft.server.log.statemachine.data.caching.enabled = true (custom)
2019-09-25 04:50:34,981 [pool-47-thread-1] INFO  segmented.SegmentedRaftLogWorker (SegmentedRaftLogWorker.java:lambda$new$0(132)) - a167ab1f-c96d-409e-bb26-ea230783d833@group-0DBE9B28DA20-SegmentedRaftLogWorker: flushIndex: setUnconditionally 0 -> -1
2019-09-25 04:50:34,981 [pool-47-thread-1] INFO  server.RaftServerConfigKeys (ConfUtils.java:logGet(43)) - raft.server.snapshot.auto.trigger.enabled = true (custom)
2019-09-25 04:50:34,982 [pool-47-thread-1] INFO  server.RaftServerConfigKeys (ConfUtils.java:logGet(43)) - raft.server.snapshot.auto.trigger.threshold = 10000 (custom)
2019-09-25 04:50:34,982 [pool-47-thread-1] INFO  server.RaftServerConfigKeys (ConfUtils.java:logGet(43)) - raft.server.snapshot.retention.num.files = 5 (custom)
2019-09-25 04:50:34,982 [pool-47-thread-1] INFO  server.RaftServerConfigKeys (ConfUtils.java:logGet(43)) - raft.server.retrycache.expirytime = 600000ms (custom)
2019-09-25 04:50:34,982 [a167ab1f-c96d-409e-bb26-ea230783d833@group-9295726EF944:LeaderElection63] INFO  impl.RoleInfo (RoleInfo.java:updateAndGet(143)) - a167ab1f-c96d-409e-bb26-ea230783d833: start LeaderState
2019-09-25 04:50:34,983 [a167ab1f-c96d-409e-bb26-ea230783d833@group-9295726EF944:LeaderElection63] INFO  segmented.SegmentedRaftLogWorker (SegmentedRaftLogWorker.java:startLogSegment(380)) - a167ab1f-c96d-409e-bb26-ea230783d833@group-9295726EF944-SegmentedRaftLogWorker: Starting segment from index:0
2019-09-25 04:50:34,983 [a167ab1f-c96d-409e-bb26-ea230783d833@group-9295726EF944:LeaderElection63] INFO  impl.RaftServerImpl (ServerState.java:setRaftConf(354)) - a167ab1f-c96d-409e-bb26-ea230783d833@group-9295726EF944: set configuration 0: [a167ab1f-c96d-409e-bb26-ea230783d833:192.168.151.106:33404], old=null at 0
2019-09-25 04:50:35,278 [45f1801e-7cfd-420a-bb39-98f19dcc81c3@group-F1A1A1A81453:LeaderElection66] INFO  impl.LeaderElection (LeaderElection.java:askForVotes(182)) - 45f1801e-7cfd-420a-bb39-98f19dcc81c3@group-F1A1A1A81453:LeaderElection66: begin an election at term 1 for -1: [45f1801e-7cfd-420a-bb39-98f19dcc81c3:192.168.151.106:38437], old=null
2019-09-25 04:50:35,278 [c35819d4-86f4-4223-a458-676070fe0cbb@group-5B036C1CFED7:LeaderElection67] INFO  impl.LeaderElection (LeaderElection.java:askForVotes(182)) - c35819d4-86f4-4223-a458-676070fe0cbb@group-5B036C1CFED7:LeaderElection67: begin an election at term 1 for -1: [c35819d4-86f4-4223-a458-676070fe0cbb:192.168.151.106:44434], old=null
2019-09-25 04:50:35,278 [9216b865-ce6b-4fb7-bc99-65479a86b6eb@group-D9FC74FABA2F:LeaderElection68] INFO  impl.LeaderElection (LeaderElection.java:askForVotes(182)) - 9216b865-ce6b-4fb7-bc99-65479a86b6eb@group-D9FC74FABA2F:LeaderElection68: begin an election at term 1 for -1: [9216b865-ce6b-4fb7-bc99-65479a86b6eb:192.168.151.106:43252], old=null
2019-09-25 04:50:35,278 [aabdae46-dcfa-45e6-b665-2c47bb305ebb@group-A1290D0B8E67:LeaderElection64] INFO  impl.LeaderElection (LeaderElection.java:askForVotes(182)) - aabdae46-dcfa-45e6-b665-2c47bb305ebb@group-A1290D0B8E67:LeaderElection64: begin an election at term 1 for -1: [aabdae46-dcfa-45e6-b665-2c47bb305ebb:192.168.151.106:41436], old=null
2019-09-25 04:50:35,278 [aabdae46-dcfa-45e6-b665-2c47bb305ebb@group-A731EA8FB807:LeaderElection69] INFO  impl.LeaderElection (LeaderElection.java:askForVotes(182)) - aabdae46-dcfa-45e6-b665-2c47bb305ebb@group-A731EA8FB807:LeaderElection69: begin an election at term 1 for -1: [aabdae46-dcfa-45e6-b665-2c47bb305ebb:192.168.151.106:41436], old=null
2019-09-25 04:50:35,279 [aabdae46-dcfa-45e6-b665-2c47bb305ebb@group-A731EA8FB807:LeaderElection69] INFO  impl.RoleInfo (RoleInfo.java:shutdownLeaderElection(134)) - aabdae46-dcfa-45e6-b665-2c47bb305ebb: shutdown LeaderElection
2019-09-25 04:50:35,278 [4f7802c6-3418-4fbd-b0c6-a8e36fcecb0a@group-24B127BB6DA0:LeaderElection65] INFO  impl.LeaderElection (LeaderElection.java:askForVotes(182)) - 4f7802c6-3418-4fbd-b0c6-a8e36fcecb0a@group-24B127BB6DA0:LeaderElection65: begin an election at term 1 for -1: [4f7802c6-3418-4fbd-b0c6-a8e36fcecb0a:192.168.151.106:42026], old=null
2019-09-25 04:50:35,276 [Thread-469] INFO  impl.FollowerState (FollowerState.java:run(106)) - 9216b865-ce6b-4fb7-bc99-65479a86b6eb:group-32910316964B changes to CANDIDATE, lastRpcTime:5321, electionTimeout:5080ms
2019-09-25 04:50:35,275 [Thread-476] INFO  impl.FollowerState (FollowerState.java:run(106)) - a167ab1f-c96d-409e-bb26-ea230783d833:group-7F580B529A80 changes to CANDIDATE, lastRpcTime:5182, electionTimeout:5064ms
2019-09-25 04:50:35,279 [4f7802c6-3418-4fbd-b0c6-a8e36fcecb0a@group-24B127BB6DA0:LeaderElection65] INFO  impl.RoleInfo (RoleInfo.java:shutdownLeaderElection(134)) - 4f7802c6-3418-4fbd-b0c6-a8e36fcecb0a: shutdown LeaderElection
2019-09-25 04:50:35,279 [aabdae46-dcfa-45e6-b665-2c47bb305ebb@group-A731EA8FB807:LeaderElection69] INFO  impl.RaftServerImpl (RaftServerImpl.java:setRole(174)) - aabdae46-dcfa-45e6-b665-2c47bb305ebb@group-A731EA8FB807: changes role from CANDIDATE to LEADER at term 1 for changeToLeader
2019-09-25 04:50:35,279 [aabdae46-dcfa-45e6-b665-2c47bb305ebb@group-A1290D0B8E67:LeaderElection64] INFO  impl.RoleInfo (RoleInfo.java:shutdownLeaderElection(134)) - aabdae46-dcfa-45e6-b665-2c47bb305ebb: shutdown LeaderElection
2019-09-25 04:50:35,279 [9216b865-ce6b-4fb7-bc99-65479a86b6eb@group-D9FC74FABA2F:LeaderElection68] INFO  impl.RoleInfo (RoleInfo.java:shutdownLeaderElection(134)) - 9216b865-ce6b-4fb7-bc99-65479a86b6eb: shutdown LeaderElection
2019-09-25 04:50:35,279 [c35819d4-86f4-4223-a458-676070fe0cbb@group-5B036C1CFED7:LeaderElection67] INFO  impl.RoleInfo (RoleInfo.java:shutdownLeaderElection(134)) - c35819d4-86f4-4223-a458-676070fe0cbb: shutdown LeaderElection
2019-09-25 04:50:35,279 [45f1801e-7cfd-420a-bb39-98f19dcc81c3@group-F1A1A1A81453:LeaderElection66] INFO  impl.RoleInfo (RoleInfo.java:shutdownLeaderElection(134)) - 45f1801e-7cfd-420a-bb39-98f19dcc81c3: shutdown LeaderElection
2019-09-25 04:50:35,280 [45f1801e-7cfd-420a-bb39-98f19dcc81c3@group-F1A1A1A81453:LeaderElection66] INFO  impl.RaftServerImpl (RaftServerImpl.java:setRole(174)) - 45f1801e-7cfd-420a-bb39-98f19dcc81c3@group-F1A1A1A81453: changes role from CANDIDATE to LEADER at term 1 for changeToLeader
2019-09-25 04:50:35,279 [pool-47-thread-1] INFO  impl.RaftServerImpl (RaftServerImpl.java:start(185)) - a167ab1f-c96d-409e-bb26-ea230783d833@group-0DBE9B28DA20: start as a follower, conf=-1: [a167ab1f-c96d-409e-bb26-ea230783d833:192.168.151.106:33404], old=null
2019-09-25 04:50:35,281 [45f1801e-7cfd-420a-bb39-98f19dcc81c3@group-F1A1A1A81453:LeaderElection66] INFO  impl.RaftServerImpl (ServerState.java:setLeader(253)) - 45f1801e-7cfd-420a-bb39-98f19dcc81c3@group-F1A1A1A81453: change Leader from null to 45f1801e-7cfd-420a-bb39-98f19dcc81c3 at term 1 for becomeLeader, leader elected after 5671ms
2019-09-25 04:50:35,280 [c35819d4-86f4-4223-a458-676070fe0cbb@group-5B036C1CFED7:LeaderElection67] INFO  impl.RaftServerImpl (RaftServerImpl.java:setRole(174)) - c35819d4-86f4-4223-a458-676070fe0cbb@group-5B036C1CFED7: changes role from CANDIDATE to LEADER at term 1 for changeToLeader
2019-09-25 04:50:35,281 [Thread-479] INFO  impl.FollowerState (FollowerState.java:run(106)) - a167ab1f-c96d-409e-bb26-ea230783d833:group-5CCC66FDB320 changes to CANDIDATE, lastRpcTime:5099, electionTimeout:5099ms
2019-09-25 04:50:35,280 [9216b865-ce6b-4fb7-bc99-65479a86b6eb@group-D9FC74FABA2F:LeaderElection68] INFO  impl.RaftServerImpl (RaftServerImpl.java:setRole(174)) - 9216b865-ce6b-4fb7-bc99-65479a86b6eb@group-D9FC74FABA2F: changes role from CANDIDATE to LEADER at term 1 for changeToLeader
2019-09-25 04:50:35,281 [9216b865-ce6b-4fb7-bc99-65479a86b6eb@group-D9FC74FABA2F:LeaderElection68] INFO  impl.RaftServerImpl (ServerState.java:setLeader(253)) - 9216b865-ce6b-4fb7-bc99-65479a86b6eb@group-D9FC74FABA2F: change Leader from null to 9216b865-ce6b-4fb7-bc99-65479a86b6eb at term 1 for becomeLeader, leader elected after 5716ms
2019-09-25 04:50:35,280 [aabdae46-dcfa-45e6-b665-2c47bb305ebb@group-A1290D0B8E67:LeaderElection64] INFO  impl.RaftServerImpl (RaftServerImpl.java:setRole(174)) - aabdae46-dcfa-45e6-b665-2c47bb305ebb@group-A1290D0B8E67: changes role from CANDIDATE to LEADER at term 1 for changeToLeader
2019-09-25 04:50:35,280 [aabdae46-dcfa-45e6-b665-2c47bb305ebb@group-A731EA8FB807:LeaderElection69] INFO  impl.RaftServerImpl (ServerState.java:setLeader(253)) - aabdae46-dcfa-45e6-b665-2c47bb305ebb@group-A731EA8FB807: change Leader from null to aabdae46-dcfa-45e6-b665-2c47bb305ebb at term 1 for becomeLeader, leader elected after 5544ms
2019-09-25 04:50:35,280 [4f7802c6-3418-4fbd-b0c6-a8e36fcecb0a@group-24B127BB6DA0:LeaderElection65] INFO  impl.RaftServerImpl (RaftServerImpl.java:setRole(174)) - 4f7802c6-3418-4fbd-b0c6-a8e36fcecb0a@group-24B127BB6DA0: changes role from CANDIDATE to LEADER at term 1 for changeToLeader
2019-09-25 04:50:35,280 [Thread-476] INFO  impl.RoleInfo (RoleInfo.java:shutdownFollowerState(121)) - a167ab1f-c96d-409e-bb26-ea230783d833: shutdown FollowerState
2019-09-25 04:50:35,282 [Thread-476] INFO  impl.RaftServerImpl (RaftServerImpl.java:setRole(174)) - a167ab1f-c96d-409e-bb26-ea230783d833@group-7F580B529A80: changes role from  FOLLOWER to CANDIDATE at term 0 for changeToCandidate
2019-09-25 04:50:35,280 [Thread-469] INFO  impl.RoleInfo (RoleInfo.java:shutdownFollowerState(121)) - 9216b865-ce6b-4fb7-bc99-65479a86b6eb: shutdown FollowerState
2019-09-25 04:50:35,282 [4f7802c6-3418-4fbd-b0c6-a8e36fcecb0a@group-24B127BB6DA0:LeaderElection65] INFO  impl.RaftServerImpl (ServerState.java:setLeader(253)) - 4f7802c6-3418-4fbd-b0c6-a8e36fcecb0a@group-24B127BB6DA0: change Leader from null to 4f7802c6-3418-4fbd-b0c6-a8e36fcecb0a at term 1 for becomeLeader, leader elected after 5430ms
2019-09-25 04:50:35,282 [aabdae46-dcfa-45e6-b665-2c47bb305ebb@group-A731EA8FB807:LeaderElection69] INFO  server.RaftServerConfigKeys (ConfUtils.java:logGet(43)) - raft.server.staging.catchup.gap = 1000 (default)
2019-09-25 04:50:35,283 [aabdae46-dcfa-45e6-b665-2c47bb305ebb@group-A731EA8FB807:LeaderElection69] INFO  server.RaftServerConfigKeys (ConfUtils.java:logGet(43)) - raft.server.rpc.sleep.time = 25ms (default)
2019-09-25 04:50:35,282 [aabdae46-dcfa-45e6-b665-2c47bb305ebb@group-A1290D0B8E67:LeaderElection64] INFO  impl.RaftServerImpl (ServerState.java:setLeader(253)) - aabdae46-dcfa-45e6-b665-2c47bb305ebb@group-A1290D0B8E67: change Leader from null to aabdae46-dcfa-45e6-b665-2c47bb305ebb at term 1 for becomeLeader, leader elected after 5797ms
2019-09-25 04:50:35,281 [9216b865-ce6b-4fb7-bc99-65479a86b6eb@group-D9FC74FABA2F:LeaderElection68] INFO  server.RaftServerConfigKeys (ConfUtils.java:logGet(43)) - raft.server.staging.catchup.gap = 1000 (default)
2019-09-25 04:50:35,283 [9216b865-ce6b-4fb7-bc99-65479a86b6eb@group-D9FC74FABA2F:LeaderElection68] INFO  server.RaftServerConfigKeys (ConfUtils.java:logGet(43)) - raft.server.rpc.sleep.time = 25ms (default)
2019-09-25 04:50:35,281 [Thread-479] INFO  impl.RoleInfo (RoleInfo.java:shutdownFollowerState(121)) - a167ab1f-c96d-409e-bb26-ea230783d833: shutdown FollowerState
2019-09-25 04:50:35,281 [c35819d4-86f4-4223-a458-676070fe0cbb@group-5B036C1CFED7:LeaderElection67] INFO  impl.RaftServerImpl (ServerState.java:setLeader(253)) - c35819d4-86f4-4223-a458-676070fe0cbb@group-5B036C1CFED7: change Leader from null to c35819d4-86f4-4223-a458-676070fe0cbb at term 1 for becomeLeader, leader elected after 5756ms
2019-09-25 04:50:35,281 [45f1801e-7cfd-420a-bb39-98f19dcc81c3@group-F1A1A1A81453:LeaderElection66] INFO  server.RaftServerConfigKeys (ConfUtils.java:logGet(43)) - raft.server.staging.catchup.gap = 1000 (default)
2019-09-25 04:50:35,281 [pool-47-thread-1] INFO  impl.RaftServerImpl (RaftServerImpl.java:setRole(174)) - a167ab1f-c96d-409e-bb26-ea230783d833@group-0DBE9B28DA20: changes role from      null to FOLLOWER at term 0 for startAsFollower
2019-09-25 04:50:35,284 [45f1801e-7cfd-420a-bb39-98f19dcc81c3@group-F1A1A1A81453:LeaderElection66] INFO  server.RaftServerConfigKeys (ConfUtils.java:logGet(43)) - raft.server.rpc.sleep.time = 25ms (default)
2019-09-25 04:50:35,284 [c35819d4-86f4-4223-a458-676070fe0cbb@group-5B036C1CFED7:LeaderElection67] INFO  server.RaftServerConfigKeys (ConfUtils.java:logGet(43)) - raft.server.staging.catchup.gap = 1000 (default)
2019-09-25 04:50:35,284 [c35819d4-86f4-4223-a458-676070fe0cbb@group-5B036C1CFED7:LeaderElection67] INFO  server.RaftServerConfigKeys (ConfUtils.java:logGet(43)) - raft.server.rpc.sleep.time = 25ms (default)
2019-09-25 04:50:35,283 [Thread-479] INFO  impl.RaftServerImpl (RaftServerImpl.java:setRole(174)) - a167ab1f-c96d-409e-bb26-ea230783d833@group-5CCC66FDB320: changes role from  FOLLOWER to CANDIDATE at term 0 for changeToCandidate
2019-09-25 04:50:35,283 [9216b865-ce6b-4fb7-bc99-65479a86b6eb@group-D9FC74FABA2F:LeaderElection68] INFO  server.RaftServerConfigKeys (ConfUtils.java:logGet(43)) - raft.server.write.element-limit = 4096 (default)
2019-09-25 04:50:35,283 [aabdae46-dcfa-45e6-b665-2c47bb305ebb@group-A1290D0B8E67:LeaderElection64] INFO  server.RaftServerConfigKeys (ConfUtils.java:logGet(43)) - raft.server.staging.catchup.gap = 1000 (default)
2019-09-25 04:50:35,283 [aabdae46-dcfa-45e6-b665-2c47bb305ebb@group-A731EA8FB807:LeaderElection69] INFO  server.RaftServerConfigKeys (ConfUtils.java:logGet(43)) - raft.server.write.element-limit = 4096 (default)
2019-09-25 04:50:35,282 [4f7802c6-3418-4fbd-b0c6-a8e36fcecb0a@group-24B127BB6DA0:LeaderElection65] INFO  server.RaftServerConfigKeys (ConfUtils.java:logGet(43)) - raft.server.staging.catchup.gap = 1000 (default)
2019-09-25 04:50:35,282 [Thread-476] INFO  impl.RoleInfo (RoleInfo.java:updateAndGet(143)) - a167ab1f-c96d-409e-bb26-ea230783d833: start LeaderElection
2019-09-25 04:50:35,282 [Thread-469] INFO  impl.RaftServerImpl (RaftServerImpl.java:setRole(174)) - 9216b865-ce6b-4fb7-bc99-65479a86b6eb@group-32910316964B: changes role from  FOLLOWER to CANDIDATE at term 0 for changeToCandidate
2019-09-25 04:50:35,285 [4f7802c6-3418-4fbd-b0c6-a8e36fcecb0a@group-24B127BB6DA0:LeaderElection65] INFO  server.RaftServerConfigKeys (ConfUtils.java:logGet(43)) - raft.server.rpc.sleep.time = 25ms (default)
2019-09-25 04:50:35,285 [aabdae46-dcfa-45e6-b665-2c47bb305ebb@group-A731EA8FB807:LeaderElection69] INFO  server.RaftServerConfigKeys (ConfUtils.java:logGet(43)) - raft.server.watch.timeout = 10s (default)
2019-09-25 04:50:35,285 [aabdae46-dcfa-45e6-b665-2c47bb305ebb@group-A1290D0B8E67:LeaderElection64] INFO  server.RaftServerConfigKeys (ConfUtils.java:logGet(43)) - raft.server.rpc.sleep.time = 25ms (default)
2019-09-25 04:50:35,285 [9216b865-ce6b-4fb7-bc99-65479a86b6eb@group-D9FC74FABA2F:LeaderElection68] INFO  server.RaftServerConfigKeys (ConfUtils.java:logGet(43)) - raft.server.watch.timeout = 10s (default)
2019-09-25 04:50:35,286 [9216b865-ce6b-4fb7-bc99-65479a86b6eb@group-D9FC74FABA2F:LeaderElection68] INFO  server.RaftServerConfigKeys (ConfUtils.java:logGet(43)) - raft.server.watch.timeout.denomination = 1s (default)
2019-09-25 04:50:35,285 [Thread-479] INFO  impl.RoleInfo (RoleInfo.java:updateAndGet(143)) - a167ab1f-c96d-409e-bb26-ea230783d833: start LeaderElection
2019-09-25 04:50:35,284 [c35819d4-86f4-4223-a458-676070fe0cbb@group-5B036C1CFED7:LeaderElection67] INFO  server.RaftServerConfigKeys (ConfUtils.java:logGet(43)) - raft.server.write.element-limit = 4096 (default)
2019-09-25 04:50:35,284 [45f1801e-7cfd-420a-bb39-98f19dcc81c3@group-F1A1A1A81453:LeaderElection66] INFO  server.RaftServerConfigKeys (ConfUtils.java:logGet(43)) - raft.server.write.element-limit = 4096 (default)
2019-09-25 04:50:35,284 [pool-47-thread-1] INFO  impl.RoleInfo (RoleInfo.java:updateAndGet(143)) - a167ab1f-c96d-409e-bb26-ea230783d833: start FollowerState
2019-09-25 04:50:35,287 [45f1801e-7cfd-420a-bb39-98f19dcc81c3@group-F1A1A1A81453:LeaderElection66] INFO  server.RaftServerConfigKeys (ConfUtils.java:logGet(43)) - raft.server.watch.timeout = 10s (default)
2019-09-25 04:50:35,287 [c35819d4-86f4-4223-a458-676070fe0cbb@group-5B036C1CFED7:LeaderElection67] INFO  server.RaftServerConfigKeys (ConfUtils.java:logGet(43)) - raft.server.watch.timeout = 10s (default)
2019-09-25 04:50:35,286 [9216b865-ce6b-4fb7-bc99-65479a86b6eb@group-D9FC74FABA2F:LeaderElection68] INFO  server.RaftServerConfigKeys (ConfUtils.java:logGet(43)) - raft.server.watch.element-limit = 65536 (default)
2019-09-25 04:50:35,286 [aabdae46-dcfa-45e6-b665-2c47bb305ebb@group-A1290D0B8E67:LeaderElection64] INFO  server.RaftServerConfigKeys (ConfUtils.java:logGet(43)) - raft.server.write.element-limit = 4096 (default)
2019-09-25 04:50:35,286 [aabdae46-dcfa-45e6-b665-2c47bb305ebb@group-A731EA8FB807:LeaderElection69] INFO  server.RaftServerConfigKeys (ConfUtils.java:logGet(43)) - raft.server.watch.timeout.denomination = 1s (default)
2019-09-25 04:50:35,286 [4f7802c6-3418-4fbd-b0c6-a8e36fcecb0a@group-24B127BB6DA0:LeaderElection65] INFO  server.RaftServerConfigKeys (ConfUtils.java:logGet(43)) - raft.server.write.element-limit = 4096 (default)
2019-09-25 04:50:35,286 [Thread-469] INFO  impl.RoleInfo (RoleInfo.java:updateAndGet(143)) - 9216b865-ce6b-4fb7-bc99-65479a86b6eb: start LeaderElection
2019-09-25 04:50:35,288 [4f7802c6-3418-4fbd-b0c6-a8e36fcecb0a@group-24B127BB6DA0:LeaderElection65] INFO  server.RaftServerConfigKeys (ConfUtils.java:logGet(43)) - raft.server.watch.timeout = 10s (default)
2019-09-25 04:50:35,288 [4f7802c6-3418-4fbd-b0c6-a8e36fcecb0a@group-24B127BB6DA0:LeaderElection65] INFO  server.RaftServerConfigKeys (ConfUtils.java:logGet(43)) - raft.server.watch.timeout.denomination = 1s (default)
2019-09-25 04:50:35,288 [4f7802c6-3418-4fbd-b0c6-a8e36fcecb0a@group-24B127BB6DA0:LeaderElection65] INFO  server.RaftServerConfigKeys (ConfUtils.java:logGet(43)) - raft.server.watch.element-limit = 65536 (default)
2019-09-25 04:50:35,288 [aabdae46-dcfa-45e6-b665-2c47bb305ebb@group-A731EA8FB807:LeaderElection69] INFO  server.RaftServerConfigKeys (ConfUtils.java:logGet(43)) - raft.server.watch.element-limit = 65536 (default)
2019-09-25 04:50:35,288 [aabdae46-dcfa-45e6-b665-2c47bb305ebb@group-A1290D0B8E67:LeaderElection64] INFO  server.RaftServerConfigKeys (ConfUtils.java:logGet(43)) - raft.server.watch.timeout = 10s (default)
2019-09-25 04:50:35,287 [c35819d4-86f4-4223-a458-676070fe0cbb@group-5B036C1CFED7:LeaderElection67] INFO  server.RaftServerConfigKeys (ConfUtils.java:logGet(43)) - raft.server.watch.timeout.denomination = 1s (default)
2019-09-25 04:50:35,287 [pool-47-thread-1] INFO  util.JmxRegister (JmxRegister.java:tryRegister(44)) - Successfully registered JMX Bean with object name Ratis:service=RaftServer,group=group-0DBE9B28DA20,id=a167ab1f-c96d-409e-bb26-ea230783d833
2019-09-25 04:50:35,287 [45f1801e-7cfd-420a-bb39-98f19dcc81c3@group-F1A1A1A81453:LeaderElection66] INFO  server.RaftServerConfigKeys (ConfUtils.java:logGet(43)) - raft.server.watch.timeout.denomination = 1s (default)
2019-09-25 04:50:35,289 [c35819d4-86f4-4223-a458-676070fe0cbb@group-5B036C1CFED7:LeaderElection67] INFO  server.RaftServerConfigKeys (ConfUtils.java:logGet(43)) - raft.server.watch.element-limit = 65536 (default)
2019-09-25 04:50:35,289 [aabdae46-dcfa-45e6-b665-2c47bb305ebb@group-A1290D0B8E67:LeaderElection64] INFO  server.RaftServerConfigKeys (ConfUtils.java:logGet(43)) - raft.server.watch.timeout.denomination = 1s (default)
2019-09-25 04:50:35,289 [45f1801e-7cfd-420a-bb39-98f19dcc81c3@group-F1A1A1A81453:LeaderElection66] INFO  server.RaftServerConfigKeys (ConfUtils.java:logGet(43)) - raft.server.watch.element-limit = 65536 (default)
2019-09-25 04:50:35,290 [aabdae46-dcfa-45e6-b665-2c47bb305ebb@group-A1290D0B8E67:LeaderElection64] INFO  server.RaftServerConfigKeys (ConfUtils.java:logGet(43)) - raft.server.watch.element-limit = 65536 (default)
2019-09-25 04:50:35,291 [9216b865-ce6b-4fb7-bc99-65479a86b6eb@group-D9FC74FABA2F:LeaderElection68] INFO  impl.RoleInfo (RoleInfo.java:updateAndGet(143)) - 9216b865-ce6b-4fb7-bc99-65479a86b6eb: start LeaderState
2019-09-25 04:50:35,292 [9216b865-ce6b-4fb7-bc99-65479a86b6eb@group-D9FC74FABA2F:LeaderElection68] INFO  segmented.SegmentedRaftLogWorker (SegmentedRaftLogWorker.java:startLogSegment(380)) - 9216b865-ce6b-4fb7-bc99-65479a86b6eb@group-D9FC74FABA2F-SegmentedRaftLogWorker: Starting segment from index:0
2019-09-25 04:50:35,565 [Thread-487] INFO  impl.FollowerState (FollowerState.java:run(106)) - aabdae46-dcfa-45e6-b665-2c47bb305ebb:group-550BD6E4FBD0 changes to CANDIDATE, lastRpcTime:5255, electionTimeout:5079ms
2019-09-25 04:50:35,565 [Thread-490] INFO  impl.FollowerState (FollowerState.java:run(106)) - c35819d4-86f4-4223-a458-676070fe0cbb:group-10F783B4E55F changes to CANDIDATE, lastRpcTime:5215, electionTimeout:5033ms
2019-09-25 04:50:35,565 [Thread-483] INFO  impl.FollowerState (FollowerState.java:run(106)) - 9216b865-ce6b-4fb7-bc99-65479a86b6eb:group-025EC75F677D changes to CANDIDATE, lastRpcTime:5334, electionTimeout:5124ms
2019-09-25 04:50:35,566 [a167ab1f-c96d-409e-bb26-ea230783d833@group-7F580B529A80:LeaderElection70] INFO  impl.LeaderElection (LeaderElection.java:askForVotes(182)) - a167ab1f-c96d-409e-bb26-ea230783d833@group-7F580B529A80:LeaderElection70: begin an election at term 1 for -1: [a167ab1f-c96d-409e-bb26-ea230783d833:192.168.151.106:33404], old=null
2019-09-25 04:50:35,567 [a167ab1f-c96d-409e-bb26-ea230783d833@group-5CCC66FDB320:LeaderElection71] INFO  impl.LeaderElection (LeaderElection.java:askForVotes(182)) - a167ab1f-c96d-409e-bb26-ea230783d833@group-5CCC66FDB320:LeaderElection71: begin an election at term 1 for -1: [a167ab1f-c96d-409e-bb26-ea230783d833:192.168.151.106:33404], old=null
2019-09-25 04:50:35,566 [9216b865-ce6b-4fb7-bc99-65479a86b6eb@group-32910316964B:LeaderElection72] INFO  impl.LeaderElection (LeaderElection.java:askForVotes(182)) - 9216b865-ce6b-4fb7-bc99-65479a86b6eb@group-32910316964B:LeaderElection72: begin an election at term 1 for -1: [9216b865-ce6b-4fb7-bc99-65479a86b6eb:192.168.151.106:43252], old=null
2019-09-25 04:50:35,567 [a167ab1f-c96d-409e-bb26-ea230783d833@group-5CCC66FDB320:LeaderElection71] INFO  impl.RoleInfo (RoleInfo.java:shutdownLeaderElection(134)) - a167ab1f-c96d-409e-bb26-ea230783d833: shutdown LeaderElection
2019-09-25 04:50:35,567 [Thread-483] INFO  impl.RoleInfo (RoleInfo.java:shutdownFollowerState(121)) - 9216b865-ce6b-4fb7-bc99-65479a86b6eb: shutdown FollowerState
2019-09-25 04:50:35,567 [9216b865-ce6b-4fb7-bc99-65479a86b6eb@group-D9FC74FABA2F:LeaderElection68] INFO  impl.RaftServerImpl (ServerState.java:setRaftConf(354)) - 9216b865-ce6b-4fb7-bc99-65479a86b6eb@group-D9FC74FABA2F: set configuration 0: [9216b865-ce6b-4fb7-bc99-65479a86b6eb:192.168.151.106:43252], old=null at 0
2019-09-25 04:50:35,567 [a167ab1f-c96d-409e-bb26-ea230783d833@group-7F580B529A80:LeaderElection70] INFO  impl.RoleInfo (RoleInfo.java:shutdownLeaderElection(134)) - a167ab1f-c96d-409e-bb26-ea230783d833: shutdown LeaderElection
2019-09-25 04:50:35,567 [Thread-483] INFO  impl.RaftServerImpl (RaftServerImpl.java:setRole(174)) - 9216b865-ce6b-4fb7-bc99-65479a86b6eb@group-025EC75F677D: changes role from  FOLLOWER to CANDIDATE at term 0 for changeToCandidate
2019-09-25 04:50:35,567 [a167ab1f-c96d-409e-bb26-ea230783d833@group-5CCC66FDB320:LeaderElection71] INFO  impl.RaftServerImpl (RaftServerImpl.java:setRole(174)) - a167ab1f-c96d-409e-bb26-ea230783d833@group-5CCC66FDB320: changes role from CANDIDATE to LEADER at term 1 for changeToLeader
2019-09-25 04:50:35,567 [Thread-487] INFO  impl.RoleInfo (RoleInfo.java:shutdownFollowerState(121)) - aabdae46-dcfa-45e6-b665-2c47bb305ebb: shutdown FollowerState
2019-09-25 04:50:35,567 [Thread-490] INFO  impl.RoleInfo (RoleInfo.java:shutdownFollowerState(121)) - c35819d4-86f4-4223-a458-676070fe0cbb: shutdown FollowerState
2019-09-25 04:50:35,567 [9216b865-ce6b-4fb7-bc99-65479a86b6eb@group-32910316964B:LeaderElection72] INFO  impl.RoleInfo (RoleInfo.java:shutdownLeaderElection(134)) - 9216b865-ce6b-4fb7-bc99-65479a86b6eb: shutdown LeaderElection
2019-09-25 04:50:35,568 [Thread-490] INFO  impl.RaftServerImpl (RaftServerImpl.java:setRole(174)) - c35819d4-86f4-4223-a458-676070fe0cbb@group-10F783B4E55F: changes role from  FOLLOWER to CANDIDATE at term 0 for changeToCandidate
2019-09-25 04:50:35,568 [Thread-487] INFO  impl.RaftServerImpl (RaftServerImpl.java:setRole(174)) - aabdae46-dcfa-45e6-b665-2c47bb305ebb@group-550BD6E4FBD0: changes role from  FOLLOWER to CANDIDATE at term 0 for changeToCandidate
2019-09-25 04:50:35,568 [a167ab1f-c96d-409e-bb26-ea230783d833@group-5CCC66FDB320:LeaderElection71] INFO  impl.RaftServerImpl (ServerState.java:setLeader(253)) - a167ab1f-c96d-409e-bb26-ea230783d833@group-5CCC66FDB320: change Leader from null to a167ab1f-c96d-409e-bb26-ea230783d833 at term 1 for becomeLeader, leader elected after 5393ms
2019-09-25 04:50:35,568 [Thread-483] INFO  impl.RoleInfo (RoleInfo.java:updateAndGet(143)) - 9216b865-ce6b-4fb7-bc99-65479a86b6eb: start LeaderElection
2019-09-25 04:50:35,568 [a167ab1f-c96d-409e-bb26-ea230783d833@group-7F580B529A80:LeaderElection70] INFO  impl.RaftServerImpl (RaftServerImpl.java:setRole(174)) - a167ab1f-c96d-409e-bb26-ea230783d833@group-7F580B529A80: changes role from CANDIDATE to LEADER at term 1 for changeToLeader
2019-09-25 04:50:35,569 [a167ab1f-c96d-409e-bb26-ea230783d833@group-5CCC66FDB320:LeaderElection71] INFO  server.RaftServerConfigKeys (ConfUtils.java:logGet(43)) - raft.server.staging.catchup.gap = 1000 (default)
2019-09-25 04:50:35,569 [Thread-487] INFO  impl.RoleInfo (RoleInfo.java:updateAndGet(143)) - aabdae46-dcfa-45e6-b665-2c47bb305ebb: start LeaderElection
2019-09-25 04:50:35,569 [Thread-490] INFO  impl.RoleInfo (RoleInfo.java:updateAndGet(143)) - c35819d4-86f4-4223-a458-676070fe0cbb: start LeaderElection
2019-09-25 04:50:35,569 [9216b865-ce6b-4fb7-bc99-65479a86b6eb@group-32910316964B:LeaderElection72] INFO  impl.RaftServerImpl (RaftServerImpl.java:setRole(174)) - 9216b865-ce6b-4fb7-bc99-65479a86b6eb@group-32910316964B: changes role from CANDIDATE to LEADER at term 1 for changeToLeader
2019-09-25 04:50:35,572 [9216b865-ce6b-4fb7-bc99-65479a86b6eb@group-32910316964B:LeaderElection72] INFO  impl.RaftServerImpl (ServerState.java:setLeader(253)) - 9216b865-ce6b-4fb7-bc99-65479a86b6eb@group-32910316964B: change Leader from null to 9216b865-ce6b-4fb7-bc99-65479a86b6eb at term 1 for becomeLeader, leader elected after 5666ms
2019-09-25 04:50:35,571 [a167ab1f-c96d-409e-bb26-ea230783d833@group-5CCC66FDB320:LeaderElection71] INFO  server.RaftServerConfigKeys (ConfUtils.java:logGet(43)) - raft.server.rpc.sleep.time = 25ms (default)
2019-09-25 04:50:35,569 [a167ab1f-c96d-409e-bb26-ea230783d833@group-7F580B529A80:LeaderElection70] INFO  impl.RaftServerImpl (ServerState.java:setLeader(253)) - a167ab1f-c96d-409e-bb26-ea230783d833@group-7F580B529A80: change Leader from null to a167ab1f-c96d-409e-bb26-ea230783d833 at term 1 for becomeLeader, leader elected after 5496ms
2019-09-25 04:50:35,572 [9216b865-ce6b-4fb7-bc99-65479a86b6eb@group-32910316964B:LeaderElection72] INFO  server.RaftServerConfigKeys (ConfUtils.java:logGet(43)) - raft.server.staging.catchup.gap = 1000 (default)
2019-09-25 04:50:35,572 [a167ab1f-c96d-409e-bb26-ea230783d833@group-7F580B529A80:LeaderElection70] INFO  server.RaftServerConfigKeys (ConfUtils.java:logGet(43)) - raft.server.staging.catchup.gap = 1000 (default)
2019-09-25 04:50:35,572 [a167ab1f-c96d-409e-bb26-ea230783d833@group-5CCC66FDB320:LeaderElection71] INFO  server.RaftServerConfigKeys (ConfUtils.java:logGet(43)) - raft.server.write.element-limit = 4096 (default)
2019-09-25 04:50:35,572 [4f7802c6-3418-4fbd-b0c6-a8e36fcecb0a@group-24B127BB6DA0:LeaderElection65] INFO  impl.RoleInfo (RoleInfo.java:updateAndGet(143)) - 4f7802c6-3418-4fbd-b0c6-a8e36fcecb0a: start LeaderState
2019-09-25 04:50:35,573 [a167ab1f-c96d-409e-bb26-ea230783d833@group-5CCC66FDB320:LeaderElection71] INFO  server.RaftServerConfigKeys (ConfUtils.java:logGet(43)) - raft.server.watch.timeout = 10s (default)
2019-09-25 04:50:35,573 [a167ab1f-c96d-409e-bb26-ea230783d833@group-7F580B529A80:LeaderElection70] INFO  server.RaftServerConfigKeys (ConfUtils.java:logGet(43)) - raft.server.rpc.sleep.time = 25ms (default)
2019-09-25 04:50:35,573 [9216b865-ce6b-4fb7-bc99-65479a86b6eb@group-32910316964B:LeaderElection72] INFO  server.RaftServerConfigKeys (ConfUtils.java:logGet(43)) - raft.server.rpc.sleep.time = 25ms (default)
2019-09-25 04:50:35,573 [a167ab1f-c96d-409e-bb26-ea230783d833@group-7F580B529A80:LeaderElection70] INFO  server.RaftServerConfigKeys (ConfUtils.java:logGet(43)) - raft.server.write.element-limit = 4096 (default)
2019-09-25 04:50:35,573 [4f7802c6-3418-4fbd-b0c6-a8e36fcecb0a@group-24B127BB6DA0:LeaderElection65] INFO  segmented.SegmentedRaftLogWorker (SegmentedRaftLogWorker.java:startLogSegment(380)) - 4f7802c6-3418-4fbd-b0c6-a8e36fcecb0a@group-24B127BB6DA0-SegmentedRaftLogWorker: Starting segment from index:0
2019-09-25 04:50:35,573 [aabdae46-dcfa-45e6-b665-2c47bb305ebb@group-A731EA8FB807:LeaderElection69] INFO  impl.RoleInfo (RoleInfo.java:updateAndGet(143)) - aabdae46-dcfa-45e6-b665-2c47bb305ebb: start LeaderState
2019-09-25 04:50:35,573 [a167ab1f-c96d-409e-bb26-ea230783d833@group-5CCC66FDB320:LeaderElection71] INFO  server.RaftServerConfigKeys (ConfUtils.java:logGet(43)) - raft.server.watch.timeout.denomination = 1s (default)
2019-09-25 04:50:35,574 [aabdae46-dcfa-45e6-b665-2c47bb305ebb@group-A731EA8FB807:LeaderElection69] INFO  segmented.SegmentedRaftLogWorker (SegmentedRaftLogWorker.java:startLogSegment(380)) - aabdae46-dcfa-45e6-b665-2c47bb305ebb@group-A731EA8FB807-SegmentedRaftLogWorker: Starting segment from index:0
2019-09-25 04:50:35,841 [a167ab1f-c96d-409e-bb26-ea230783d833@group-5CCC66FDB320:LeaderElection71] INFO  server.RaftServerConfigKeys (ConfUtils.java:logGet(43)) - raft.server.watch.element-limit = 65536 (default)
2019-09-25 04:50:35,574 [aabdae46-dcfa-45e6-b665-2c47bb305ebb@group-A1290D0B8E67:LeaderElection64] INFO  impl.RoleInfo (RoleInfo.java:updateAndGet(143)) - aabdae46-dcfa-45e6-b665-2c47bb305ebb: start LeaderState
2019-09-25 04:50:35,574 [45f1801e-7cfd-420a-bb39-98f19dcc81c3@group-F1A1A1A81453:LeaderElection66] INFO  impl.RoleInfo (RoleInfo.java:updateAndGet(143)) - 45f1801e-7cfd-420a-bb39-98f19dcc81c3: start LeaderState
2019-09-25 04:50:35,574 [c35819d4-86f4-4223-a458-676070fe0cbb@group-5B036C1CFED7:LeaderElection67] INFO  impl.RoleInfo (RoleInfo.java:updateAndGet(143)) - c35819d4-86f4-4223-a458-676070fe0cbb: start LeaderState
2019-09-25 04:50:35,574 [RatisPipelineUtilsThread] INFO  pipeline.PipelineStateManager (PipelineStateManager.java:addPipeline(56)) - Created pipeline Pipeline[ Id: f4ff7a3a-f356-4d08-8cf6-0dbe9b28da20, Nodes: a167ab1f-c96d-409e-bb26-ea230783d833{ip: 192.168.151.106, host: pr-hdds-1569-x2sr2-3486766547, networkLocation: /default-rack, certSerialId: null}, Type:RATIS, Factor:ONE, State:OPEN]
2019-09-25 04:50:36,111 [aabdae46-dcfa-45e6-b665-2c47bb305ebb@group-A1290D0B8E67:LeaderElection64] INFO  segmented.SegmentedRaftLogWorker (SegmentedRaftLogWorker.java:startLogSegment(380)) - aabdae46-dcfa-45e6-b665-2c47bb305ebb@group-A1290D0B8E67-SegmentedRaftLogWorker: Starting segment from index:0
2019-09-25 04:50:35,574 [a167ab1f-c96d-409e-bb26-ea230783d833@group-7F580B529A80:LeaderElection70] INFO  server.RaftServerConfigKeys (ConfUtils.java:logGet(43)) - raft.server.watch.timeout = 10s (default)
2019-09-25 04:50:35,574 [9216b865-ce6b-4fb7-bc99-65479a86b6eb@group-32910316964B:LeaderElection72] INFO  server.RaftServerConfigKeys (ConfUtils.java:logGet(43)) - raft.server.write.element-limit = 4096 (default)
2019-09-25 04:50:36,430 [Thread-538] INFO  impl.FollowerState (FollowerState.java:run(106)) - 4f7802c6-3418-4fbd-b0c6-a8e36fcecb0a:group-AC4628CB5F93 changes to CANDIDATE, lastRpcTime:5047, electionTimeout:5031ms
2019-09-25 04:50:36,430 [Thread-535] INFO  impl.FollowerState (FollowerState.java:run(106)) - b40ef231-6505-402b-ae57-fc0dc67cbbe8:group-D6CE7AA0887B changes to CANDIDATE, lastRpcTime:5151, electionTimeout:5144ms
2019-09-25 04:50:36,430 [a167ab1f-c96d-409e-bb26-ea230783d833@group-7F580B529A80:LeaderElection70] INFO  server.RaftServerConfigKeys (ConfUtils.java:logGet(43)) - raft.server.watch.timeout.denomination = 1s (default)
2019-09-25 04:50:36,405 [aabdae46-dcfa-45e6-b665-2c47bb305ebb@group-A1290D0B8E67:LeaderElection64] INFO  impl.RaftServerImpl (ServerState.java:setRaftConf(354)) - aabdae46-dcfa-45e6-b665-2c47bb305ebb@group-A1290D0B8E67: set configuration 0: [aabdae46-dcfa-45e6-b665-2c47bb305ebb:192.168.151.106:41436], old=null at 0
2019-09-25 04:50:36,405 [Thread-523] INFO  impl.FollowerState (FollowerState.java:run(106)) - 45f1801e-7cfd-420a-bb39-98f19dcc81c3:group-8B7976911715 changes to CANDIDATE, lastRpcTime:5371, electionTimeout:5105ms
2019-09-25 04:50:36,401 [Thread-530] INFO  impl.FollowerState (FollowerState.java:run(106)) - c35819d4-86f4-4223-a458-676070fe0cbb:group-20315066096E changes to CANDIDATE, lastRpcTime:5244, electionTimeout:5149ms
2019-09-25 04:50:36,111 [c35819d4-86f4-4223-a458-676070fe0cbb@group-5B036C1CFED7:LeaderElection67] INFO  segmented.SegmentedRaftLogWorker (SegmentedRaftLogWorker.java:startLogSegment(380)) - c35819d4-86f4-4223-a458-676070fe0cbb@group-5B036C1CFED7-SegmentedRaftLogWorker: Starting segment from index:0
2019-09-25 04:50:35,843 [45f1801e-7cfd-420a-bb39-98f19dcc81c3@group-F1A1A1A81453:LeaderElection66] INFO  segmented.SegmentedRaftLogWorker (SegmentedRaftLogWorker.java:startLogSegment(380)) - 45f1801e-7cfd-420a-bb39-98f19dcc81c3@group-F1A1A1A81453-SegmentedRaftLogWorker: Starting segment from index:0
2019-09-25 04:50:36,097 [45f1801e-7cfd-420a-bb39-98f19dcc81c3@group-AC5507C018A8-SegmentedRaftLogWorker] ERROR segmented.SegmentedRaftLogWorker (SegmentedRaftLogWorker.java:run(323)) - 45f1801e-7cfd-420a-bb39-98f19dcc81c3@group-AC5507C018A8-SegmentedRaftLogWorker hit exception
java.lang.OutOfMemoryError: Direct buffer memory
	at java.nio.Bits.reserveMemory(Bits.java:666)
	at java.nio.DirectByteBuffer.<init>(DirectByteBuffer.java:123)
	at java.nio.ByteBuffer.allocateDirect(ByteBuffer.java:311)
	at org.apache.ratis.server.raftlog.segmented.BufferedWriteChannel.<init>(BufferedWriteChannel.java:41)
	at org.apache.ratis.server.raftlog.segmented.SegmentedRaftLogOutputStream.<init>(SegmentedRaftLogOutputStream.java:72)
	at org.apache.ratis.server.raftlog.segmented.SegmentedRaftLogWorker$StartLogSegment.execute(SegmentedRaftLogWorker.java:566)
	at org.apache.ratis.server.raftlog.segmented.SegmentedRaftLogWorker.run(SegmentedRaftLogWorker.java:289)
	at java.lang.Thread.run(Thread.java:748)
2019-09-25 04:50:36,095 [Thread-520] INFO  impl.FollowerState (FollowerState.java:run(106)) - c35819d4-86f4-4223-a458-676070fe0cbb:group-3AB11E98D61C changes to CANDIDATE, lastRpcTime:5178, electionTimeout:5111ms
2019-09-25 04:50:35,842 [aabdae46-dcfa-45e6-b665-2c47bb305ebb@group-A731EA8FB807:LeaderElection69] INFO  impl.RaftServerImpl (ServerState.java:setRaftConf(354)) - aabdae46-dcfa-45e6-b665-2c47bb305ebb@group-A731EA8FB807: set configuration 0: [aabdae46-dcfa-45e6-b665-2c47bb305ebb:192.168.151.106:41436], old=null at 0
2019-09-25 04:50:35,842 [4f7802c6-3418-4fbd-b0c6-a8e36fcecb0a@group-24B127BB6DA0:LeaderElection65] INFO  impl.RaftServerImpl (ServerState.java:setRaftConf(354)) - 4f7802c6-3418-4fbd-b0c6-a8e36fcecb0a@group-24B127BB6DA0: set configuration 0: [4f7802c6-3418-4fbd-b0c6-a8e36fcecb0a:192.168.151.106:42026], old=null at 0
2019-09-25 04:50:35,840 [c35819d4-86f4-4223-a458-676070fe0cbb@group-10F783B4E55F:LeaderElection74] INFO  impl.LeaderElection (LeaderElection.java:askForVotes(182)) - c35819d4-86f4-4223-a458-676070fe0cbb@group-10F783B4E55F:LeaderElection74: begin an election at term 1 for -1: [c35819d4-86f4-4223-a458-676070fe0cbb:192.168.151.106:44434], old=null
2019-09-25 04:50:35,840 [aabdae46-dcfa-45e6-b665-2c47bb305ebb@group-550BD6E4FBD0:LeaderElection75] INFO  impl.LeaderElection (LeaderElection.java:askForVotes(182)) - aabdae46-dcfa-45e6-b665-2c47bb305ebb@group-550BD6E4FBD0:LeaderElection75: begin an election at term 1 for -1: [aabdae46-dcfa-45e6-b665-2c47bb305ebb:192.168.151.106:41436], old=null
2019-09-25 04:50:35,840 [9216b865-ce6b-4fb7-bc99-65479a86b6eb@group-025EC75F677D:LeaderElection73] INFO  impl.LeaderElection (LeaderElection.java:askForVotes(182)) - 9216b865-ce6b-4fb7-bc99-65479a86b6eb@group-025EC75F677D:LeaderElection73: begin an election at term 1 for -1: [9216b865-ce6b-4fb7-bc99-65479a86b6eb:192.168.151.106:43252], old=null
2019-09-25 04:50:35,840 [Thread-494] INFO  impl.FollowerState (FollowerState.java:run(106)) - 9216b865-ce6b-4fb7-bc99-65479a86b6eb:group-E0556B42A7D3 changes to CANDIDATE, lastRpcTime:5441, electionTimeout:5193ms
2019-09-25 04:50:35,840 [Thread-501] INFO  impl.FollowerState (FollowerState.java:run(106)) - 45f1801e-7cfd-420a-bb39-98f19dcc81c3:group-E8AEB34FB33B changes to CANDIDATE, lastRpcTime:5300, electionTimeout:5084ms
2019-09-25 04:50:35,837 [Thread-508] INFO  impl.FollowerState (FollowerState.java:run(106)) - b40ef231-6505-402b-ae57-fc0dc67cbbe8:group-9FCF459108F2 changes to CANDIDATE, lastRpcTime:5142, electionTimeout:5106ms
2019-09-25 04:50:36,922 [45f1801e-7cfd-420a-bb39-98f19dcc81c3@group-AC5507C018A8-SegmentedRaftLogWorker] INFO  impl.RaftServerImpl (RaftServerImpl.java:lambda$shutdown$3(251)) - 45f1801e-7cfd-420a-bb39-98f19dcc81c3@group-AC5507C018A8: shutdown
2019-09-25 04:50:36,922 [Thread-501] INFO  impl.RoleInfo (RoleInfo.java:shutdownFollowerState(121)) - 45f1801e-7cfd-420a-bb39-98f19dcc81c3: shutdown FollowerState
2019-09-25 04:50:36,922 [Thread-494] INFO  impl.RoleInfo (RoleInfo.java:shutdownFollowerState(121)) - 9216b865-ce6b-4fb7-bc99-65479a86b6eb: shutdown FollowerState
2019-09-25 04:50:36,923 [Thread-494] INFO  impl.RaftServerImpl (RaftServerImpl.java:setRole(174)) - 9216b865-ce6b-4fb7-bc99-65479a86b6eb@group-E0556B42A7D3: changes role from  FOLLOWER to CANDIDATE at term 0 for changeToCandidate
2019-09-25 04:50:36,922 [9216b865-ce6b-4fb7-bc99-65479a86b6eb@group-025EC75F677D:LeaderElection73] INFO  impl.RoleInfo (RoleInfo.java:shutdownLeaderElection(134)) - 9216b865-ce6b-4fb7-bc99-65479a86b6eb: shutdown LeaderElection
2019-09-25 04:50:36,890 [aabdae46-dcfa-45e6-b665-2c47bb305ebb@group-550BD6E4FBD0:LeaderElection75] INFO  impl.RoleInfo (RoleInfo.java:shutdownLeaderElection(134)) - aabdae46-dcfa-45e6-b665-2c47bb305ebb: shutdown LeaderElection
2019-09-25 04:50:36,923 [aabdae46-dcfa-45e6-b665-2c47bb305ebb@group-550BD6E4FBD0:LeaderElection75] INFO  impl.RaftServerImpl (RaftServerImpl.java:setRole(174)) - aabdae46-dcfa-45e6-b665-2c47bb305ebb@group-550BD6E4FBD0: changes role from CANDIDATE to LEADER at term 1 for changeToLeader
2019-09-25 04:50:36,890 [c35819d4-86f4-4223-a458-676070fe0cbb@group-10F783B4E55F:LeaderElection74] INFO  impl.RoleInfo (RoleInfo.java:shutdownLeaderElection(134)) - c35819d4-86f4-4223-a458-676070fe0cbb: shutdown LeaderElection
2019-09-25 04:50:36,890 [Thread-520] INFO  impl.RoleInfo (RoleInfo.java:shutdownFollowerState(121)) - c35819d4-86f4-4223-a458-676070fe0cbb: shutdown FollowerState
2019-09-25 04:50:36,887 [Thread-553] INFO  impl.FollowerState (FollowerState.java:run(106)) - 9216b865-ce6b-4fb7-bc99-65479a86b6eb:group-F7043FA7C853 changes to CANDIDATE, lastRpcTime:5280, electionTimeout:5077ms
2019-09-25 04:50:36,886 [Thread-556] INFO  impl.FollowerState (FollowerState.java:run(106)) - 45f1801e-7cfd-420a-bb39-98f19dcc81c3:group-BEE59315A377 changes to CANDIDATE, lastRpcTime:5234, electionTimeout:5073ms
2019-09-25 04:50:36,886 [Thread-559] INFO  impl.FollowerState (FollowerState.java:run(106)) - a167ab1f-c96d-409e-bb26-ea230783d833:group-5A2D35AE9F94 changes to CANDIDATE, lastRpcTime:5187, electionTimeout:5075ms
2019-09-25 04:50:36,885 [Thread-562] INFO  impl.FollowerState (FollowerState.java:run(106)) - aabdae46-dcfa-45e6-b665-2c47bb305ebb:group-ED110974D17F changes to CANDIDATE, lastRpcTime:5127, electionTimeout:5044ms
2019-09-25 04:50:36,677 [a167ab1f-c96d-409e-bb26-ea230783d833@group-9295726EF944-SegmentedRaftLogWorker] ERROR segmented.SegmentedRaftLogWorker (SegmentedRaftLogWorker.java:run(323)) - a167ab1f-c96d-409e-bb26-ea230783d833@group-9295726EF944-SegmentedRaftLogWorker hit exception
java.lang.OutOfMemoryError: Direct buffer memory
	at java.nio.Bits.reserveMemory(Bits.java:666)
	at java.nio.DirectByteBuffer.<init>(DirectByteBuffer.java:123)
	at java.nio.ByteBuffer.allocateDirect(ByteBuffer.java:311)
	at org.apache.ratis.server.raftlog.segmented.BufferedWriteChannel.<init>(BufferedWriteChannel.java:41)
	at org.apache.ratis.server.raftlog.segmented.SegmentedRaftLogOutputStream.<init>(SegmentedRaftLogOutputStream.java:72)
	at org.apache.ratis.server.raftlog.segmented.SegmentedRaftLogWorker$StartLogSegment.execute(SegmentedRaftLogWorker.java:566)
	at org.apache.ratis.server.raftlog.segmented.SegmentedRaftLogWorker.run(SegmentedRaftLogWorker.java:289)
	at java.lang.Thread.run(Thread.java:748)
2019-09-25 04:50:36,925 [a167ab1f-c96d-409e-bb26-ea230783d833@group-9295726EF944-SegmentedRaftLogWorker] INFO  impl.RaftServerImpl (RaftServerImpl.java:lambda$shutdown$3(251)) - a167ab1f-c96d-409e-bb26-ea230783d833@group-9295726EF944: shutdown
2019-09-25 04:50:36,677 [a167ab1f-c96d-409e-bb26-ea230783d833@group-5CCC66FDB320:LeaderElection71] INFO  impl.RoleInfo (RoleInfo.java:updateAndGet(143)) - a167ab1f-c96d-409e-bb26-ea230783d833: start LeaderState
2019-09-25 04:50:36,677 [45f1801e-7cfd-420a-bb39-98f19dcc81c3@group-F1A1A1A81453:LeaderElection66] INFO  impl.RaftServerImpl (ServerState.java:setRaftConf(354)) - 45f1801e-7cfd-420a-bb39-98f19dcc81c3@group-F1A1A1A81453: set configuration 0: [45f1801e-7cfd-420a-bb39-98f19dcc81c3:192.168.151.106:38437], old=null at 0
2019-09-25 04:50:36,676 [Thread-541] INFO  impl.FollowerState (FollowerState.java:run(106)) - 45f1801e-7cfd-420a-bb39-98f19dcc81c3:group-5350E354539A changes to CANDIDATE, lastRpcTime:5246, electionTimeout:5017ms
2019-09-25 04:50:36,673 [Thread-550] INFO  impl.FollowerState (FollowerState.java:run(106)) - 4f7802c6-3418-4fbd-b0c6-a8e36fcecb0a:group-98D2158B16EC changes to CANDIDATE, lastRpcTime:5111, electionTimeout:5016ms
2019-09-25 04:50:36,672 [Thread-547] INFO  impl.FollowerState (FollowerState.java:run(106)) - aabdae46-dcfa-45e6-b665-2c47bb305ebb:group-8AED9ABD7316 changes to CANDIDATE, lastRpcTime:5155, electionTimeout:5098ms
2019-09-25 04:50:36,672 [Thread-544] INFO  impl.FollowerState (FollowerState.java:run(106)) - 4f7802c6-3418-4fbd-b0c6-a8e36fcecb0a:group-BCA7C703316B changes to CANDIDATE, lastRpcTime:5197, electionTimeout:5181ms
2019-09-25 04:50:36,432 [c35819d4-86f4-4223-a458-676070fe0cbb@group-5B036C1CFED7:LeaderElection67] INFO  impl.RaftServerImpl (ServerState.java:setRaftConf(354)) - c35819d4-86f4-4223-a458-676070fe0cbb@group-5B036C1CFED7: set configuration 0: [c35819d4-86f4-4223-a458-676070fe0cbb:192.168.151.106:44434], old=null at 0
2019-09-25 04:50:36,431 [Thread-530] INFO  impl.RoleInfo (RoleInfo.java:shutdownFollowerState(121)) - c35819d4-86f4-4223-a458-676070fe0cbb: shutdown FollowerState
2019-09-25 04:50:36,926 [Thread-530] INFO  impl.RaftServerImpl (RaftServerImpl.java:setRole(174)) - c35819d4-86f4-4223-a458-676070fe0cbb@group-20315066096E: changes role from  FOLLOWER to CANDIDATE at term 0 for changeToCandidate
2019-09-25 04:50:36,431 [Thread-523] INFO  impl.RoleInfo (RoleInfo.java:shutdownFollowerState(121)) - 45f1801e-7cfd-420a-bb39-98f19dcc81c3: shutdown FollowerState
2019-09-25 04:50:36,431 [a167ab1f-c96d-409e-bb26-ea230783d833@group-7F580B529A80:LeaderElection70] INFO  server.RaftServerConfigKeys (ConfUtils.java:logGet(43)) - raft.server.watch.element-limit = 65536 (default)
2019-09-25 04:50:36,431 [Thread-535] INFO  impl.RoleInfo (RoleInfo.java:shutdownFollowerState(121)) - b40ef231-6505-402b-ae57-fc0dc67cbbe8: shutdown FollowerState
2019-09-25 04:50:36,431 [Thread-538] INFO  impl.RoleInfo (RoleInfo.java:shutdownFollowerState(121)) - 4f7802c6-3418-4fbd-b0c6-a8e36fcecb0a: shutdown FollowerState
2019-09-25 04:50:36,927 [Thread-538] INFO  impl.RaftServerImpl (RaftServerImpl.java:setRole(174)) - 4f7802c6-3418-4fbd-b0c6-a8e36fcecb0a@group-AC4628CB5F93: changes role from  FOLLOWER to CANDIDATE at term 0 for changeToCandidate
2019-09-25 04:50:36,430 [9216b865-ce6b-4fb7-bc99-65479a86b6eb@group-32910316964B:LeaderElection72] INFO  server.RaftServerConfigKeys (ConfUtils.java:logGet(43)) - raft.server.watch.timeout = 10s (default)
2019-09-25 04:50:36,927 [9216b865-ce6b-4fb7-bc99-65479a86b6eb@group-32910316964B:LeaderElection72] INFO  server.RaftServerConfigKeys (ConfUtils.java:logGet(43)) - raft.server.watch.timeout.denomination = 1s (default)
2019-09-25 04:50:36,927 [Thread-535] INFO  impl.RaftServerImpl (RaftServerImpl.java:setRole(174)) - b40ef231-6505-402b-ae57-fc0dc67cbbe8@group-D6CE7AA0887B: changes role from  FOLLOWER to CANDIDATE at term 0 for changeToCandidate
2019-09-25 04:50:36,926 [Thread-523] INFO  impl.RaftServerImpl (RaftServerImpl.java:setRole(174)) - 45f1801e-7cfd-420a-bb39-98f19dcc81c3@group-8B7976911715: changes role from  FOLLOWER to CANDIDATE at term 0 for changeToCandidate
2019-09-25 04:50:36,926 [Thread-544] INFO  impl.RoleInfo (RoleInfo.java:shutdownFollowerState(121)) - 4f7802c6-3418-4fbd-b0c6-a8e36fcecb0a: shutdown FollowerState
2019-09-25 04:50:36,926 [Thread-547] INFO  impl.RoleInfo (RoleInfo.java:shutdownFollowerState(121)) - aabdae46-dcfa-45e6-b665-2c47bb305ebb: shutdown FollowerState
2019-09-25 04:50:36,925 [Thread-550] INFO  impl.RoleInfo (RoleInfo.java:shutdownFollowerState(121)) - 4f7802c6-3418-4fbd-b0c6-a8e36fcecb0a: shutdown FollowerState
2019-09-25 04:50:36,925 [Thread-541] INFO  impl.RoleInfo (RoleInfo.java:shutdownFollowerState(121)) - 45f1801e-7cfd-420a-bb39-98f19dcc81c3: shutdown FollowerState
2019-09-25 04:50:36,928 [Thread-541] INFO  impl.RaftServerImpl (RaftServerImpl.java:setRole(174)) - 45f1801e-7cfd-420a-bb39-98f19dcc81c3@group-5350E354539A: changes role from  FOLLOWER to CANDIDATE at term 0 for changeToCandidate
2019-09-25 04:50:36,925 [a167ab1f-c96d-409e-bb26-ea230783d833@group-5CCC66FDB320:LeaderElection71] INFO  segmented.SegmentedRaftLogWorker (SegmentedRaftLogWorker.java:startLogSegment(380)) - a167ab1f-c96d-409e-bb26-ea230783d833@group-5CCC66FDB320-SegmentedRaftLogWorker: Starting segment from index:0
2019-09-25 04:50:36,925 [a167ab1f-c96d-409e-bb26-ea230783d833@group-9295726EF944-SegmentedRaftLogWorker] INFO  util.JmxRegister (JmxRegister.java:unregister(73)) - Successfully un-registered JMX Bean with object name Ratis:service=RaftServer,group=group-9295726EF944,id=a167ab1f-c96d-409e-bb26-ea230783d833
2019-09-25 04:50:36,924 [Thread-562] INFO  impl.RoleInfo (RoleInfo.java:shutdownFollowerState(121)) - aabdae46-dcfa-45e6-b665-2c47bb305ebb: shutdown FollowerState
2019-09-25 04:50:36,924 [Thread-559] INFO  impl.RoleInfo (RoleInfo.java:shutdownFollowerState(121)) - a167ab1f-c96d-409e-bb26-ea230783d833: shutdown FollowerState
2019-09-25 04:50:36,924 [Thread-556] INFO  impl.RoleInfo (RoleInfo.java:shutdownFollowerState(121)) - 45f1801e-7cfd-420a-bb39-98f19dcc81c3: shutdown FollowerState
2019-09-25 04:50:36,924 [Thread-553] INFO  impl.RoleInfo (RoleInfo.java:shutdownFollowerState(121)) - 9216b865-ce6b-4fb7-bc99-65479a86b6eb: shutdown FollowerState
2019-09-25 04:50:36,929 [Thread-553] INFO  impl.RaftServerImpl (RaftServerImpl.java:setRole(174)) - 9216b865-ce6b-4fb7-bc99-65479a86b6eb@group-F7043FA7C853: changes role from  FOLLOWER to CANDIDATE at term 0 for changeToCandidate
2019-09-25 04:50:36,924 [Thread-520] INFO  impl.RaftServerImpl (RaftServerImpl.java:setRole(174)) - c35819d4-86f4-4223-a458-676070fe0cbb@group-3AB11E98D61C: changes role from  FOLLOWER to CANDIDATE at term 0 for changeToCandidate
2019-09-25 04:50:36,923 [c35819d4-86f4-4223-a458-676070fe0cbb@group-10F783B4E55F:LeaderElection74] INFO  impl.RaftServerImpl (RaftServerImpl.java:setRole(174)) - c35819d4-86f4-4223-a458-676070fe0cbb@group-10F783B4E55F: changes role from CANDIDATE to LEADER at term 1 for changeToLeader
2019-09-25 04:50:36,923 [aabdae46-dcfa-45e6-b665-2c47bb305ebb@group-550BD6E4FBD0:LeaderElection75] INFO  impl.RaftServerImpl (ServerState.java:setLeader(253)) - aabdae46-dcfa-45e6-b665-2c47bb305ebb@group-550BD6E4FBD0: change Leader from null to aabdae46-dcfa-45e6-b665-2c47bb305ebb at term 1 for becomeLeader, leader elected after 6620ms
2019-09-25 04:50:36,923 [9216b865-ce6b-4fb7-bc99-65479a86b6eb@group-025EC75F677D:LeaderElection73] INFO  impl.RaftServerImpl (RaftServerImpl.java:setRole(174)) - 9216b865-ce6b-4fb7-bc99-65479a86b6eb@group-025EC75F677D: changes role from CANDIDATE to LEADER at term 1 for changeToLeader
2019-09-25 04:50:36,923 [Thread-494] INFO  impl.RoleInfo (RoleInfo.java:updateAndGet(143)) - 9216b865-ce6b-4fb7-bc99-65479a86b6eb: start LeaderElection
2019-09-25 04:50:36,923 [Thread-501] INFO  impl.RaftServerImpl (RaftServerImpl.java:setRole(174)) - 45f1801e-7cfd-420a-bb39-98f19dcc81c3@group-E8AEB34FB33B: changes role from  FOLLOWER to CANDIDATE at term 0 for changeToCandidate
2019-09-25 04:50:36,923 [45f1801e-7cfd-420a-bb39-98f19dcc81c3@group-AC5507C018A8-SegmentedRaftLogWorker] INFO  util.JmxRegister (JmxRegister.java:unregister(73)) - Successfully un-registered JMX Bean with object name Ratis:service=RaftServer,group=group-AC5507C018A8,id=45f1801e-7cfd-420a-bb39-98f19dcc81c3
2019-09-25 04:50:36,930 [45f1801e-7cfd-420a-bb39-98f19dcc81c3@group-AC5507C018A8-SegmentedRaftLogWorker] INFO  impl.RoleInfo (RoleInfo.java:shutdownLeaderState(104)) - 45f1801e-7cfd-420a-bb39-98f19dcc81c3: shutdown LeaderState
2019-09-25 04:50:36,922 [grpc-default-executor-0] INFO  impl.RaftServerProxy (RaftServerProxy.java:addNew(89)) - b40ef231-6505-402b-ae57-fc0dc67cbbe8: addNew group-0029AD3A6AE4:[b40ef231-6505-402b-ae57-fc0dc67cbbe8:192.168.151.106:41861] returns group-0029AD3A6AE4:java.util.concurrent.CompletableFuture@769c9351[Not completed]
2019-09-25 04:50:36,922 [Thread-508] INFO  impl.RoleInfo (RoleInfo.java:shutdownFollowerState(121)) - b40ef231-6505-402b-ae57-fc0dc67cbbe8: shutdown FollowerState
2019-09-25 04:50:36,931 [Thread-508] INFO  impl.RaftServerImpl (RaftServerImpl.java:setRole(174)) - b40ef231-6505-402b-ae57-fc0dc67cbbe8@group-9FCF459108F2: changes role from  FOLLOWER to CANDIDATE at term 0 for changeToCandidate
2019-09-25 04:50:36,930 [9216b865-ce6b-4fb7-bc99-65479a86b6eb@group-025EC75F677D:LeaderElection73] INFO  impl.RaftServerImpl (ServerState.java:setLeader(253)) - 9216b865-ce6b-4fb7-bc99-65479a86b6eb@group-025EC75F677D: change Leader from null to 9216b865-ce6b-4fb7-bc99-65479a86b6eb at term 1 for becomeLeader, leader elected after 6705ms
2019-09-25 04:50:36,930 [aabdae46-dcfa-45e6-b665-2c47bb305ebb@group-550BD6E4FBD0:LeaderElection75] INFO  server.RaftServerConfigKeys (ConfUtils.java:logGet(43)) - raft.server.staging.catchup.gap = 1000 (default)
2019-09-25 04:50:36,930 [c35819d4-86f4-4223-a458-676070fe0cbb@group-10F783B4E55F:LeaderElection74] INFO  impl.RaftServerImpl (ServerState.java:setLeader(253)) - c35819d4-86f4-4223-a458-676070fe0cbb@group-10F783B4E55F: change Leader from null to c35819d4-86f4-4223-a458-676070fe0cbb at term 1 for becomeLeader, leader elected after 6587ms
2019-09-25 04:50:36,929 [Thread-556] INFO  impl.RaftServerImpl (RaftServerImpl.java:setRole(174)) - 45f1801e-7cfd-420a-bb39-98f19dcc81c3@group-BEE59315A377: changes role from  FOLLOWER to CANDIDATE at term 0 for changeToCandidate
2019-09-25 04:50:36,929 [Thread-559] INFO  impl.RaftServerImpl (RaftServerImpl.java:setRole(174)) - a167ab1f-c96d-409e-bb26-ea230783d833@group-5A2D35AE9F94: changes role from  FOLLOWER to CANDIDATE at term 0 for changeToCandidate
2019-09-25 04:50:36,929 [Thread-562] INFO  impl.RaftServerImpl (RaftServerImpl.java:setRole(174)) - aabdae46-dcfa-45e6-b665-2c47bb305ebb@group-ED110974D17F: changes role from  FOLLOWER to CANDIDATE at term 0 for changeToCandidate
2019-09-25 04:50:36,929 [a167ab1f-c96d-409e-bb26-ea230783d833@group-9295726EF944-SegmentedRaftLogWorker] INFO  impl.RoleInfo (RoleInfo.java:shutdownLeaderState(104)) - a167ab1f-c96d-409e-bb26-ea230783d833: shutdown LeaderState
2019-09-25 04:50:36,928 [Thread-550] INFO  impl.RaftServerImpl (RaftServerImpl.java:setRole(174)) - 4f7802c6-3418-4fbd-b0c6-a8e36fcecb0a@group-98D2158B16EC: changes role from  FOLLOWER to CANDIDATE at term 0 for changeToCandidate
2019-09-25 04:50:36,928 [Thread-547] INFO  impl.RaftServerImpl (RaftServerImpl.java:setRole(174)) - aabdae46-dcfa-45e6-b665-2c47bb305ebb@group-8AED9ABD7316: changes role from  FOLLOWER to CANDIDATE at term 0 for changeToCandidate
2019-09-25 04:50:36,928 [Thread-544] INFO  impl.RaftServerImpl (RaftServerImpl.java:setRole(174)) - 4f7802c6-3418-4fbd-b0c6-a8e36fcecb0a@group-BCA7C703316B: changes role from  FOLLOWER to CANDIDATE at term 0 for changeToCandidate
2019-09-25 04:50:36,927 [9216b865-ce6b-4fb7-bc99-65479a86b6eb@group-32910316964B:LeaderElection72] INFO  server.RaftServerConfigKeys (ConfUtils.java:logGet(43)) - raft.server.watch.element-limit = 65536 (default)
2019-09-25 04:50:36,932 [45f1801e-7cfd-420a-bb39-98f19dcc81c3@group-AC5507C018A8-SegmentedRaftLogWorker] INFO  impl.PendingRequests (PendingRequests.java:sendNotLeaderResponses(202)) - 45f1801e-7cfd-420a-bb39-98f19dcc81c3-PendingRequests: sendNotLeaderResponses
2019-09-25 04:50:36,932 [c35819d4-86f4-4223-a458-676070fe0cbb@group-10F783B4E55F:LeaderElection74] INFO  server.RaftServerConfigKeys (ConfUtils.java:logGet(43)) - raft.server.staging.catchup.gap = 1000 (default)
2019-09-25 04:50:36,933 [c35819d4-86f4-4223-a458-676070fe0cbb@group-10F783B4E55F:LeaderElection74] INFO  server.RaftServerConfigKeys (ConfUtils.java:logGet(43)) - raft.server.rpc.sleep.time = 25ms (default)
2019-09-25 04:50:36,931 [aabdae46-dcfa-45e6-b665-2c47bb305ebb@group-550BD6E4FBD0:LeaderElection75] INFO  server.RaftServerConfigKeys (ConfUtils.java:logGet(43)) - raft.server.rpc.sleep.time = 25ms (default)
2019-09-25 04:50:36,931 [9216b865-ce6b-4fb7-bc99-65479a86b6eb@group-025EC75F677D:LeaderElection73] INFO  server.RaftServerConfigKeys (ConfUtils.java:logGet(43)) - raft.server.staging.catchup.gap = 1000 (default)
2019-09-25 04:50:36,934 [9216b865-ce6b-4fb7-bc99-65479a86b6eb@group-025EC75F677D:LeaderElection73] INFO  server.RaftServerConfigKeys (ConfUtils.java:logGet(43)) - raft.server.rpc.sleep.time = 25ms (default)
2019-09-25 04:50:36,935 [45f1801e-7cfd-420a-bb39-98f19dcc81c3@group-AC5507C018A8-SegmentedRaftLogWorker] INFO  impl.StateMachineUpdater (StateMachineUpdater.java:stopAndJoin(125)) - 45f1801e-7cfd-420a-bb39-98f19dcc81c3@group-AC5507C018A8-StateMachineUpdater: set stopIndex = -1
2019-09-25 04:50:36,936 [45f1801e-7cfd-420a-bb39-98f19dcc81c3@group-AC5507C018A8-SegmentedRaftLogWorker] INFO  impl.RaftServerImpl (ServerState.java:close(385)) - 45f1801e-7cfd-420a-bb39-98f19dcc81c3@group-AC5507C018A8: closes. applyIndex: -1
2019-09-25 04:50:36,938 [45f1801e-7cfd-420a-bb39-98f19dcc81c3@group-AC5507C018A8-SegmentedRaftLogWorker] INFO  segmented.SegmentedRaftLogWorker (SegmentedRaftLogWorker.java:close(228)) - 45f1801e-7cfd-420a-bb39-98f19dcc81c3@group-AC5507C018A8-SegmentedRaftLogWorker close()
2019-09-25 04:50:36,960 [Thread-565] INFO  impl.FollowerState (FollowerState.java:run(106)) - 45f1801e-7cfd-420a-bb39-98f19dcc81c3:group-FB03761141D6 changes to CANDIDATE, lastRpcTime:5137, electionTimeout:5137ms
2019-09-25 04:50:36,960 [Thread-565] INFO  impl.RoleInfo (RoleInfo.java:shutdownFollowerState(121)) - 45f1801e-7cfd-420a-bb39-98f19dcc81c3: shutdown FollowerState
2019-09-25 04:50:36,960 [Thread-565] INFO  impl.RaftServerImpl (RaftServerImpl.java:setRole(174)) - 45f1801e-7cfd-420a-bb39-98f19dcc81c3@group-FB03761141D6: changes role from  FOLLOWER to CANDIDATE at term 0 for changeToCandidate
2019-09-25 04:50:36,977 [Thread-565] INFO  impl.RoleInfo (RoleInfo.java:updateAndGet(143)) - 45f1801e-7cfd-420a-bb39-98f19dcc81c3: start LeaderElection
2019-09-25 04:50:36,978 [9216b865-ce6b-4fb7-bc99-65479a86b6eb@group-025EC75F677D:LeaderElection73] INFO  server.RaftServerConfigKeys (ConfUtils.java:logGet(43)) - raft.server.write.element-limit = 4096 (default)
2019-09-25 04:50:36,978 [aabdae46-dcfa-45e6-b665-2c47bb305ebb@group-550BD6E4FBD0:LeaderElection75] INFO  server.RaftServerConfigKeys (ConfUtils.java:logGet(43)) - raft.server.write.element-limit = 4096 (default)
2019-09-25 04:50:36,978 [Thread-550] INFO  impl.RoleInfo (RoleInfo.java:updateAndGet(143)) - 4f7802c6-3418-4fbd-b0c6-a8e36fcecb0a: start LeaderElection
2019-09-25 04:50:36,983 [a167ab1f-c96d-409e-bb26-ea230783d833@group-5CCC66FDB320:LeaderElection71] INFO  impl.RaftServerImpl (ServerState.java:setRaftConf(354)) - a167ab1f-c96d-409e-bb26-ea230783d833@group-5CCC66FDB320: set configuration 0: [a167ab1f-c96d-409e-bb26-ea230783d833:192.168.151.106:33404], old=null at 0
2019-09-25 04:50:36,983 [Thread-530] INFO  impl.RoleInfo (RoleInfo.java:updateAndGet(143)) - c35819d4-86f4-4223-a458-676070fe0cbb: start LeaderElection
2019-09-25 04:50:36,982 [Thread-535] INFO  impl.RoleInfo (RoleInfo.java:updateAndGet(143)) - b40ef231-6505-402b-ae57-fc0dc67cbbe8: start LeaderElection
2019-09-25 04:50:36,982 [Thread-538] INFO  impl.RoleInfo (RoleInfo.java:updateAndGet(143)) - 4f7802c6-3418-4fbd-b0c6-a8e36fcecb0a: start LeaderElection
2019-09-25 04:50:36,982 [Thread-523] INFO  impl.RoleInfo (RoleInfo.java:updateAndGet(143)) - 45f1801e-7cfd-420a-bb39-98f19dcc81c3: start LeaderElection
2019-09-25 04:50:36,982 [Thread-541] INFO  impl.RoleInfo (RoleInfo.java:updateAndGet(143)) - 45f1801e-7cfd-420a-bb39-98f19dcc81c3: start LeaderElection
2019-09-25 04:50:36,982 [Thread-553] INFO  impl.RoleInfo (RoleInfo.java:updateAndGet(143)) - 9216b865-ce6b-4fb7-bc99-65479a86b6eb: start LeaderElection
2019-09-25 04:50:36,982 [Thread-520] INFO  impl.RoleInfo (RoleInfo.java:updateAndGet(143)) - c35819d4-86f4-4223-a458-676070fe0cbb: start LeaderElection
2019-09-25 04:50:36,982 [Thread-501] INFO  impl.RoleInfo (RoleInfo.java:updateAndGet(143)) - 45f1801e-7cfd-420a-bb39-98f19dcc81c3: start LeaderElection
2019-09-25 04:50:36,982 [Thread-508] INFO  impl.RoleInfo (RoleInfo.java:updateAndGet(143)) - b40ef231-6505-402b-ae57-fc0dc67cbbe8: start LeaderElection
2019-09-25 04:50:36,982 [Thread-556] INFO  impl.RoleInfo (RoleInfo.java:updateAndGet(143)) - 45f1801e-7cfd-420a-bb39-98f19dcc81c3: start LeaderElection
2019-09-25 04:50:36,982 [Thread-559] INFO  impl.RoleInfo (RoleInfo.java:updateAndGet(143)) - a167ab1f-c96d-409e-bb26-ea230783d833: start LeaderElection
2019-09-25 04:50:36,982 [Thread-562] INFO  impl.RoleInfo (RoleInfo.java:updateAndGet(143)) - aabdae46-dcfa-45e6-b665-2c47bb305ebb: start LeaderElection
2019-09-25 04:50:36,932 [a167ab1f-c96d-409e-bb26-ea230783d833@group-9295726EF944-SegmentedRaftLogWorker] INFO  impl.PendingRequests (PendingRequests.java:sendNotLeaderResponses(202)) - a167ab1f-c96d-409e-bb26-ea230783d833-PendingRequests: sendNotLeaderResponses
2019-09-25 04:50:36,978 [Thread-547] INFO  impl.RoleInfo (RoleInfo.java:updateAndGet(143)) - aabdae46-dcfa-45e6-b665-2c47bb305ebb: start LeaderElection
2019-09-25 04:50:36,978 [Thread-544] INFO  impl.RoleInfo (RoleInfo.java:updateAndGet(143)) - 4f7802c6-3418-4fbd-b0c6-a8e36fcecb0a: start LeaderElection
2019-09-25 04:50:36,978 [c35819d4-86f4-4223-a458-676070fe0cbb@group-10F783B4E55F:LeaderElection74] INFO  server.RaftServerConfigKeys (ConfUtils.java:logGet(43)) - raft.server.write.element-limit = 4096 (default)
2019-09-25 04:50:36,978 [9216b865-ce6b-4fb7-bc99-65479a86b6eb@group-025EC75F677D:LeaderElection73] INFO  server.RaftServerConfigKeys (ConfUtils.java:logGet(43)) - raft.server.watch.timeout = 10s (default)
2019-09-25 04:50:37,296 [c35819d4-86f4-4223-a458-676070fe0cbb@group-10F783B4E55F:LeaderElection74] INFO  server.RaftServerConfigKeys (ConfUtils.java:logGet(43)) - raft.server.watch.timeout = 10s (default)
2019-09-25 04:50:37,293 [b40ef231-6505-402b-ae57-fc0dc67cbbe8@group-D6CE7AA0887B:LeaderElection79] INFO  impl.LeaderElection (LeaderElection.java:askForVotes(182)) - b40ef231-6505-402b-ae57-fc0dc67cbbe8@group-D6CE7AA0887B:LeaderElection79: begin an election at term 1 for -1: [b40ef231-6505-402b-ae57-fc0dc67cbbe8:192.168.151.106:41861], old=null
2019-09-25 04:50:37,289 [a167ab1f-c96d-409e-bb26-ea230783d833@group-9295726EF944-SegmentedRaftLogWorker] INFO  impl.StateMachineUpdater (StateMachineUpdater.java:stopAndJoin(125)) - a167ab1f-c96d-409e-bb26-ea230783d833@group-9295726EF944-StateMachineUpdater: set stopIndex = -1
2019-09-25 04:50:37,284 [c35819d4-86f4-4223-a458-676070fe0cbb@group-20315066096E:LeaderElection77] INFO  impl.LeaderElection (LeaderElection.java:askForVotes(182)) - c35819d4-86f4-4223-a458-676070fe0cbb@group-20315066096E:LeaderElection77: begin an election at term 1 for -1: [c35819d4-86f4-4223-a458-676070fe0cbb:192.168.151.106:44434], old=null
2019-09-25 04:50:37,300 [c35819d4-86f4-4223-a458-676070fe0cbb@group-20315066096E:LeaderElection77] INFO  impl.RoleInfo (RoleInfo.java:shutdownLeaderElection(134)) - c35819d4-86f4-4223-a458-676070fe0cbb: shutdown LeaderElection
2019-09-25 04:50:37,284 [4f7802c6-3418-4fbd-b0c6-a8e36fcecb0a@group-98D2158B16EC:LeaderElection89] INFO  impl.LeaderElection (LeaderElection.java:askForVotes(182)) - 4f7802c6-3418-4fbd-b0c6-a8e36fcecb0a@group-98D2158B16EC:LeaderElection89: begin an election at term 1 for -1: [4f7802c6-3418-4fbd-b0c6-a8e36fcecb0a:192.168.151.106:42026], old=null
2019-09-25 04:50:37,284 [45f1801e-7cfd-420a-bb39-98f19dcc81c3@group-FB03761141D6:LeaderElection92] INFO  impl.LeaderElection (LeaderElection.java:askForVotes(182)) - 45f1801e-7cfd-420a-bb39-98f19dcc81c3@group-FB03761141D6:LeaderElection92: begin an election at term 1 for -1: [45f1801e-7cfd-420a-bb39-98f19dcc81c3:192.168.151.106:38437], old=null
2019-09-25 04:50:37,284 [9216b865-ce6b-4fb7-bc99-65479a86b6eb@group-E0556B42A7D3:LeaderElection76] INFO  impl.LeaderElection (LeaderElection.java:askForVotes(182)) - 9216b865-ce6b-4fb7-bc99-65479a86b6eb@group-E0556B42A7D3:LeaderElection76: begin an election at term 1 for -1: [9216b865-ce6b-4fb7-bc99-65479a86b6eb:192.168.151.106:43252], old=null
2019-09-25 04:50:37,263 [Thread-572] INFO  impl.FollowerState (FollowerState.java:run(106)) - aabdae46-dcfa-45e6-b665-2c47bb305ebb:group-52955382E6A9 changes to CANDIDATE, lastRpcTime:5328, electionTimeout:5140ms
2019-09-25 04:50:37,263 [Thread-568] INFO  impl.FollowerState (FollowerState.java:run(106)) - aabdae46-dcfa-45e6-b665-2c47bb305ebb:group-92A9DF878687 changes to CANDIDATE, lastRpcTime:5381, electionTimeout:5200ms
2019-09-25 04:50:37,259 [Thread-578] INFO  impl.FollowerState (FollowerState.java:run(106)) - 45f1801e-7cfd-420a-bb39-98f19dcc81c3:group-4F88288FBE08 changes to CANDIDATE, lastRpcTime:5198, electionTimeout:5080ms
2019-09-25 04:50:37,257 [Thread-585] INFO  impl.FollowerState (FollowerState.java:run(106)) - 9216b865-ce6b-4fb7-bc99-65479a86b6eb:group-8A882E087A7F changes to CANDIDATE, lastRpcTime:5079, electionTimeout:5005ms
2019-09-25 04:50:36,987 [aabdae46-dcfa-45e6-b665-2c47bb305ebb@group-550BD6E4FBD0:LeaderElection75] INFO  server.RaftServerConfigKeys (ConfUtils.java:logGet(43)) - raft.server.watch.timeout = 10s (default)
2019-09-25 04:50:37,301 [Thread-585] INFO  impl.RoleInfo (RoleInfo.java:shutdownFollowerState(121)) - 9216b865-ce6b-4fb7-bc99-65479a86b6eb: shutdown FollowerState
2019-09-25 04:50:37,302 [Thread-585] INFO  impl.RaftServerImpl (RaftServerImpl.java:setRole(174)) - 9216b865-ce6b-4fb7-bc99-65479a86b6eb@group-8A882E087A7F: changes role from  FOLLOWER to CANDIDATE at term 0 for changeToCandidate
2019-09-25 04:50:37,301 [Thread-578] INFO  impl.RoleInfo (RoleInfo.java:shutdownFollowerState(121)) - 45f1801e-7cfd-420a-bb39-98f19dcc81c3: shutdown FollowerState
2019-09-25 04:50:37,301 [Thread-568] INFO  impl.RoleInfo (RoleInfo.java:shutdownFollowerState(121)) - aabdae46-dcfa-45e6-b665-2c47bb305ebb: shutdown FollowerState
2019-09-25 04:50:37,301 [Thread-572] INFO  impl.RoleInfo (RoleInfo.java:shutdownFollowerState(121)) - aabdae46-dcfa-45e6-b665-2c47bb305ebb: shutdown FollowerState
2019-09-25 04:50:37,301 [9216b865-ce6b-4fb7-bc99-65479a86b6eb@group-E0556B42A7D3:LeaderElection76] INFO  impl.RoleInfo (RoleInfo.java:shutdownLeaderElection(134)) - 9216b865-ce6b-4fb7-bc99-65479a86b6eb: shutdown LeaderElection
2019-09-25 04:50:37,300 [45f1801e-7cfd-420a-bb39-98f19dcc81c3@group-FB03761141D6:LeaderElection92] INFO  impl.RoleInfo (RoleInfo.java:shutdownLeaderElection(134)) - 45f1801e-7cfd-420a-bb39-98f19dcc81c3: shutdown LeaderElection
2019-09-25 04:50:37,303 [45f1801e-7cfd-420a-bb39-98f19dcc81c3@group-FB03761141D6:LeaderElection92] INFO  impl.RaftServerImpl (RaftServerImpl.java:setRole(174)) - 45f1801e-7cfd-420a-bb39-98f19dcc81c3@group-FB03761141D6: changes role from CANDIDATE to LEADER at term 1 for changeToLeader
2019-09-25 04:50:37,303 [45f1801e-7cfd-420a-bb39-98f19dcc81c3@group-FB03761141D6:LeaderElection92] INFO  impl.RaftServerImpl (ServerState.java:setLeader(253)) - 45f1801e-7cfd-420a-bb39-98f19dcc81c3@group-FB03761141D6: change Leader from null to 45f1801e-7cfd-420a-bb39-98f19dcc81c3 at term 1 for becomeLeader, leader elected after 5488ms
2019-09-25 04:50:37,300 [4f7802c6-3418-4fbd-b0c6-a8e36fcecb0a@group-98D2158B16EC:LeaderElection89] INFO  impl.RoleInfo (RoleInfo.java:shutdownLeaderElection(134)) - 4f7802c6-3418-4fbd-b0c6-a8e36fcecb0a: shutdown LeaderElection
2019-09-25 04:50:37,300 [c35819d4-86f4-4223-a458-676070fe0cbb@group-20315066096E:LeaderElection77] INFO  impl.RaftServerImpl (RaftServerImpl.java:setRole(174)) - c35819d4-86f4-4223-a458-676070fe0cbb@group-20315066096E: changes role from CANDIDATE to LEADER at term 1 for changeToLeader
2019-09-25 04:50:37,303 [c35819d4-86f4-4223-a458-676070fe0cbb@group-20315066096E:LeaderElection77] INFO  impl.RaftServerImpl (ServerState.java:setLeader(253)) - c35819d4-86f4-4223-a458-676070fe0cbb@group-20315066096E: change Leader from null to c35819d4-86f4-4223-a458-676070fe0cbb at term 1 for becomeLeader, leader elected after 6190ms
2019-09-25 04:50:37,300 [a167ab1f-c96d-409e-bb26-ea230783d833@group-9295726EF944-SegmentedRaftLogWorker] INFO  impl.RaftServerImpl (ServerState.java:close(385)) - a167ab1f-c96d-409e-bb26-ea230783d833@group-9295726EF944: closes. applyIndex: -1
2019-09-25 04:50:37,300 [b40ef231-6505-402b-ae57-fc0dc67cbbe8@group-D6CE7AA0887B:LeaderElection79] INFO  impl.RoleInfo (RoleInfo.java:shutdownLeaderElection(134)) - b40ef231-6505-402b-ae57-fc0dc67cbbe8: shutdown LeaderElection
2019-09-25 04:50:37,303 [a167ab1f-c96d-409e-bb26-ea230783d833@group-9295726EF944-SegmentedRaftLogWorker] INFO  segmented.SegmentedRaftLogWorker (SegmentedRaftLogWorker.java:close(228)) - a167ab1f-c96d-409e-bb26-ea230783d833@group-9295726EF944-SegmentedRaftLogWorker close()
2019-09-25 04:50:37,299 [c35819d4-86f4-4223-a458-676070fe0cbb@group-10F783B4E55F:LeaderElection74] INFO  server.RaftServerConfigKeys (ConfUtils.java:logGet(43)) - raft.server.watch.timeout.denomination = 1s (default)
2019-09-25 04:50:37,299 [9216b865-ce6b-4fb7-bc99-65479a86b6eb@group-025EC75F677D:LeaderElection73] INFO  server.RaftServerConfigKeys (ConfUtils.java:logGet(43)) - raft.server.watch.timeout.denomination = 1s (default)
2019-09-25 04:50:37,304 [c35819d4-86f4-4223-a458-676070fe0cbb@group-10F783B4E55F:LeaderElection74] INFO  server.RaftServerConfigKeys (ConfUtils.java:logGet(43)) - raft.server.watch.element-limit = 65536 (default)
2019-09-25 04:50:37,303 [b40ef231-6505-402b-ae57-fc0dc67cbbe8@group-D6CE7AA0887B:LeaderElection79] INFO  impl.RaftServerImpl (RaftServerImpl.java:setRole(174)) - b40ef231-6505-402b-ae57-fc0dc67cbbe8@group-D6CE7AA0887B: changes role from CANDIDATE to LEADER at term 1 for changeToLeader
2019-09-25 04:50:37,304 [b40ef231-6505-402b-ae57-fc0dc67cbbe8@group-D6CE7AA0887B:LeaderElection79] INFO  impl.RaftServerImpl (ServerState.java:setLeader(253)) - b40ef231-6505-402b-ae57-fc0dc67cbbe8@group-D6CE7AA0887B: change Leader from null to b40ef231-6505-402b-ae57-fc0dc67cbbe8 at term 1 for becomeLeader, leader elected after 6032ms
2019-09-25 04:50:37,303 [c35819d4-86f4-4223-a458-676070fe0cbb@group-20315066096E:LeaderElection77] INFO  server.RaftServerConfigKeys (ConfUtils.java:logGet(43)) - raft.server.staging.catchup.gap = 1000 (default)
2019-09-25 04:50:37,304 [c35819d4-86f4-4223-a458-676070fe0cbb@group-20315066096E:LeaderElection77] INFO  server.RaftServerConfigKeys (ConfUtils.java:logGet(43)) - raft.server.rpc.sleep.time = 25ms (default)
2019-09-25 04:50:37,303 [4f7802c6-3418-4fbd-b0c6-a8e36fcecb0a@group-98D2158B16EC:LeaderElection89] INFO  impl.RaftServerImpl (RaftServerImpl.java:setRole(174)) - 4f7802c6-3418-4fbd-b0c6-a8e36fcecb0a@group-98D2158B16EC: changes role from CANDIDATE to LEADER at term 1 for changeToLeader
2019-09-25 04:50:37,305 [4f7802c6-3418-4fbd-b0c6-a8e36fcecb0a@group-98D2158B16EC:LeaderElection89] INFO  impl.RaftServerImpl (ServerState.java:setLeader(253)) - 4f7802c6-3418-4fbd-b0c6-a8e36fcecb0a@group-98D2158B16EC: change Leader from null to 4f7802c6-3418-4fbd-b0c6-a8e36fcecb0a at term 1 for becomeLeader, leader elected after 5750ms
2019-09-25 04:50:37,303 [45f1801e-7cfd-420a-bb39-98f19dcc81c3@group-FB03761141D6:LeaderElection92] INFO  server.RaftServerConfigKeys (ConfUtils.java:logGet(43)) - raft.server.staging.catchup.gap = 1000 (default)
2019-09-25 04:50:37,305 [45f1801e-7cfd-420a-bb39-98f19dcc81c3@group-FB03761141D6:LeaderElection92] INFO  server.RaftServerConfigKeys (ConfUtils.java:logGet(43)) - raft.server.rpc.sleep.time = 25ms (default)
2019-09-25 04:50:37,302 [9216b865-ce6b-4fb7-bc99-65479a86b6eb@group-E0556B42A7D3:LeaderElection76] INFO  impl.RaftServerImpl (RaftServerImpl.java:setRole(174)) - 9216b865-ce6b-4fb7-bc99-65479a86b6eb@group-E0556B42A7D3: changes role from CANDIDATE to LEADER at term 1 for changeToLeader
2019-09-25 04:50:37,305 [9216b865-ce6b-4fb7-bc99-65479a86b6eb@group-E0556B42A7D3:LeaderElection76] INFO  impl.RaftServerImpl (ServerState.java:setLeader(253)) - 9216b865-ce6b-4fb7-bc99-65479a86b6eb@group-E0556B42A7D3: change Leader from null to 9216b865-ce6b-4fb7-bc99-65479a86b6eb at term 1 for becomeLeader, leader elected after 6913ms
2019-09-25 04:50:37,302 [Thread-572] INFO  impl.RaftServerImpl (RaftServerImpl.java:setRole(174)) - aabdae46-dcfa-45e6-b665-2c47bb305ebb@group-52955382E6A9: changes role from  FOLLOWER to CANDIDATE at term 0 for changeToCandidate
2019-09-25 04:50:37,302 [Thread-568] INFO  impl.RaftServerImpl (RaftServerImpl.java:setRole(174)) - aabdae46-dcfa-45e6-b665-2c47bb305ebb@group-92A9DF878687: changes role from  FOLLOWER to CANDIDATE at term 0 for changeToCandidate
2019-09-25 04:50:37,302 [Thread-578] INFO  impl.RaftServerImpl (RaftServerImpl.java:setRole(174)) - 45f1801e-7cfd-420a-bb39-98f19dcc81c3@group-4F88288FBE08: changes role from  FOLLOWER to CANDIDATE at term 0 for changeToCandidate
2019-09-25 04:50:37,302 [Thread-585] INFO  impl.RoleInfo (RoleInfo.java:updateAndGet(143)) - 9216b865-ce6b-4fb7-bc99-65479a86b6eb: start LeaderElection
2019-09-25 04:50:37,302 [aabdae46-dcfa-45e6-b665-2c47bb305ebb@group-550BD6E4FBD0:LeaderElection75] INFO  server.RaftServerConfigKeys (ConfUtils.java:logGet(43)) - raft.server.watch.timeout.denomination = 1s (default)
2019-09-25 04:50:37,305 [9216b865-ce6b-4fb7-bc99-65479a86b6eb@group-E0556B42A7D3:LeaderElection76] INFO  server.RaftServerConfigKeys (ConfUtils.java:logGet(43)) - raft.server.staging.catchup.gap = 1000 (default)
2019-09-25 04:50:37,305 [4f7802c6-3418-4fbd-b0c6-a8e36fcecb0a@group-98D2158B16EC:LeaderElection89] INFO  server.RaftServerConfigKeys (ConfUtils.java:logGet(43)) - raft.server.staging.catchup.gap = 1000 (default)
2019-09-25 04:50:37,306 [4f7802c6-3418-4fbd-b0c6-a8e36fcecb0a@group-98D2158B16EC:LeaderElection89] INFO  server.RaftServerConfigKeys (ConfUtils.java:logGet(43)) - raft.server.rpc.sleep.time = 25ms (default)
2019-09-25 04:50:37,304 [b40ef231-6505-402b-ae57-fc0dc67cbbe8@group-D6CE7AA0887B:LeaderElection79] INFO  server.RaftServerConfigKeys (ConfUtils.java:logGet(43)) - raft.server.staging.catchup.gap = 1000 (default)
2019-09-25 04:50:37,304 [9216b865-ce6b-4fb7-bc99-65479a86b6eb@group-025EC75F677D:LeaderElection73] INFO  server.RaftServerConfigKeys (ConfUtils.java:logGet(43)) - raft.server.watch.element-limit = 65536 (default)
2019-09-25 04:50:37,307 [b40ef231-6505-402b-ae57-fc0dc67cbbe8@group-D6CE7AA0887B:LeaderElection79] INFO  server.RaftServerConfigKeys (ConfUtils.java:logGet(43)) - raft.server.rpc.sleep.time = 25ms (default)
2019-09-25 04:50:37,306 [9216b865-ce6b-4fb7-bc99-65479a86b6eb@group-E0556B42A7D3:LeaderElection76] INFO  server.RaftServerConfigKeys (ConfUtils.java:logGet(43)) - raft.server.rpc.sleep.time = 25ms (default)
2019-09-25 04:50:37,306 [aabdae46-dcfa-45e6-b665-2c47bb305ebb@group-550BD6E4FBD0:LeaderElection75] INFO  server.RaftServerConfigKeys (ConfUtils.java:logGet(43)) - raft.server.watch.element-limit = 65536 (default)
2019-09-25 04:50:37,320 [4f7802c6-3418-4fbd-b0c6-a8e36fcecb0a@group-BCA7C703316B:LeaderElection91] INFO  impl.LeaderElection (LeaderElection.java:askForVotes(182)) - 4f7802c6-3418-4fbd-b0c6-a8e36fcecb0a@group-BCA7C703316B:LeaderElection91: begin an election at term 1 for -1: [4f7802c6-3418-4fbd-b0c6-a8e36fcecb0a:192.168.151.106:42026], old=null
2019-09-25 04:50:37,320 [a167ab1f-c96d-409e-bb26-ea230783d833@group-5A2D35AE9F94:LeaderElection87] INFO  impl.LeaderElection (LeaderElection.java:askForVotes(182)) - a167ab1f-c96d-409e-bb26-ea230783d833@group-5A2D35AE9F94:LeaderElection87: begin an election at term 1 for -1: [a167ab1f-c96d-409e-bb26-ea230783d833:192.168.151.106:33404], old=null
2019-09-25 04:50:37,320 [c35819d4-86f4-4223-a458-676070fe0cbb@group-3AB11E98D61C:LeaderElection83] INFO  impl.LeaderElection (LeaderElection.java:askForVotes(182)) - c35819d4-86f4-4223-a458-676070fe0cbb@group-3AB11E98D61C:LeaderElection83: begin an election at term 1 for -1: [c35819d4-86f4-4223-a458-676070fe0cbb:192.168.151.106:44434], old=null
2019-09-25 04:50:37,320 [45f1801e-7cfd-420a-bb39-98f19dcc81c3@group-5350E354539A:LeaderElection81] INFO  impl.LeaderElection (LeaderElection.java:askForVotes(182)) - 45f1801e-7cfd-420a-bb39-98f19dcc81c3@group-5350E354539A:LeaderElection81: begin an election at term 1 for -1: [45f1801e-7cfd-420a-bb39-98f19dcc81c3:192.168.151.106:38437], old=null
2019-09-25 04:50:37,320 [aabdae46-dcfa-45e6-b665-2c47bb305ebb@group-ED110974D17F:LeaderElection88] INFO  impl.LeaderElection (LeaderElection.java:askForVotes(182)) - aabdae46-dcfa-45e6-b665-2c47bb305ebb@group-ED110974D17F:LeaderElection88: begin an election at term 1 for -1: [aabdae46-dcfa-45e6-b665-2c47bb305ebb:192.168.151.106:41436], old=null
2019-09-25 04:50:37,320 [45f1801e-7cfd-420a-bb39-98f19dcc81c3@group-BEE59315A377:LeaderElection86] INFO  impl.LeaderElection (LeaderElection.java:askForVotes(182)) - 45f1801e-7cfd-420a-bb39-98f19dcc81c3@group-BEE59315A377:LeaderElection86: begin an election at term 1 for -1: [45f1801e-7cfd-420a-bb39-98f19dcc81c3:192.168.151.106:38437], old=null
2019-09-25 04:50:37,320 [b40ef231-6505-402b-ae57-fc0dc67cbbe8@group-9FCF459108F2:LeaderElection85] INFO  impl.LeaderElection (LeaderElection.java:askForVotes(182)) - b40ef231-6505-402b-ae57-fc0dc67cbbe8@group-9FCF459108F2:LeaderElection85: begin an election at term 1 for -1: [b40ef231-6505-402b-ae57-fc0dc67cbbe8:192.168.151.106:41861], old=null
2019-09-25 04:50:37,321 [b40ef231-6505-402b-ae57-fc0dc67cbbe8@group-9FCF459108F2:LeaderElection85] INFO  impl.RoleInfo (RoleInfo.java:shutdownLeaderElection(134)) - b40ef231-6505-402b-ae57-fc0dc67cbbe8: shutdown LeaderElection
2019-09-25 04:50:37,320 [4f7802c6-3418-4fbd-b0c6-a8e36fcecb0a@group-AC4628CB5F93:LeaderElection78] INFO  impl.LeaderElection (LeaderElection.java:askForVotes(182)) - 4f7802c6-3418-4fbd-b0c6-a8e36fcecb0a@group-AC4628CB5F93:LeaderElection78: begin an election at term 1 for -1: [4f7802c6-3418-4fbd-b0c6-a8e36fcecb0a:192.168.151.106:42026], old=null
2019-09-25 04:50:37,320 [45f1801e-7cfd-420a-bb39-98f19dcc81c3@group-8B7976911715:LeaderElection80] INFO  impl.LeaderElection (LeaderElection.java:askForVotes(182)) - 45f1801e-7cfd-420a-bb39-98f19dcc81c3@group-8B7976911715:LeaderElection80: begin an election at term 1 for -1: [45f1801e-7cfd-420a-bb39-98f19dcc81c3:192.168.151.106:38437], old=null
2019-09-25 04:50:37,320 [aabdae46-dcfa-45e6-b665-2c47bb305ebb@group-8AED9ABD7316:LeaderElection90] INFO  impl.LeaderElection (LeaderElection.java:askForVotes(182)) - aabdae46-dcfa-45e6-b665-2c47bb305ebb@group-8AED9ABD7316:LeaderElection90: begin an election at term 1 for -1: [aabdae46-dcfa-45e6-b665-2c47bb305ebb:192.168.151.106:41436], old=null
2019-09-25 04:50:37,321 [45f1801e-7cfd-420a-bb39-98f19dcc81c3@group-8B7976911715:LeaderElection80] INFO  impl.RoleInfo (RoleInfo.java:shutdownLeaderElection(134)) - 45f1801e-7cfd-420a-bb39-98f19dcc81c3: shutdown LeaderElection
2019-09-25 04:50:37,321 [4f7802c6-3418-4fbd-b0c6-a8e36fcecb0a@group-AC4628CB5F93:LeaderElection78] INFO  impl.RoleInfo (RoleInfo.java:shutdownLeaderElection(134)) - 4f7802c6-3418-4fbd-b0c6-a8e36fcecb0a: shutdown LeaderElection
2019-09-25 04:50:37,321 [b40ef231-6505-402b-ae57-fc0dc67cbbe8@group-9FCF459108F2:LeaderElection85] INFO  impl.RaftServerImpl (RaftServerImpl.java:setRole(174)) - b40ef231-6505-402b-ae57-fc0dc67cbbe8@group-9FCF459108F2: changes role from CANDIDATE to LEADER at term 1 for changeToLeader
2019-09-25 04:50:37,320 [45f1801e-7cfd-420a-bb39-98f19dcc81c3@group-BEE59315A377:LeaderElection86] INFO  impl.RoleInfo (RoleInfo.java:shutdownLeaderElection(134)) - 45f1801e-7cfd-420a-bb39-98f19dcc81c3: shutdown LeaderElection
2019-09-25 04:50:37,320 [aabdae46-dcfa-45e6-b665-2c47bb305ebb@group-ED110974D17F:LeaderElection88] INFO  impl.RoleInfo (RoleInfo.java:shutdownLeaderElection(134)) - aabdae46-dcfa-45e6-b665-2c47bb305ebb: shutdown LeaderElection
2019-09-25 04:50:37,322 [aabdae46-dcfa-45e6-b665-2c47bb305ebb@group-ED110974D17F:LeaderElection88] INFO  impl.RaftServerImpl (RaftServerImpl.java:setRole(174)) - aabdae46-dcfa-45e6-b665-2c47bb305ebb@group-ED110974D17F: changes role from CANDIDATE to LEADER at term 1 for changeToLeader
2019-09-25 04:50:37,320 [45f1801e-7cfd-420a-bb39-98f19dcc81c3@group-5350E354539A:LeaderElection81] INFO  impl.RoleInfo (RoleInfo.java:shutdownLeaderElection(134)) - 45f1801e-7cfd-420a-bb39-98f19dcc81c3: shutdown LeaderElection
2019-09-25 04:50:37,320 [c35819d4-86f4-4223-a458-676070fe0cbb@group-3AB11E98D61C:LeaderElection83] INFO  impl.RoleInfo (RoleInfo.java:shutdownLeaderElection(134)) - c35819d4-86f4-4223-a458-676070fe0cbb: shutdown LeaderElection
2019-09-25 04:50:37,320 [a167ab1f-c96d-409e-bb26-ea230783d833@group-5A2D35AE9F94:LeaderElection87] INFO  impl.RoleInfo (RoleInfo.java:shutdownLeaderElection(134)) - a167ab1f-c96d-409e-bb26-ea230783d833: shutdown LeaderElection
2019-09-25 04:50:37,320 [4f7802c6-3418-4fbd-b0c6-a8e36fcecb0a@group-BCA7C703316B:LeaderElection91] INFO  impl.RoleInfo (RoleInfo.java:shutdownLeaderElection(134)) - 4f7802c6-3418-4fbd-b0c6-a8e36fcecb0a: shutdown LeaderElection
2019-09-25 04:50:37,322 [4f7802c6-3418-4fbd-b0c6-a8e36fcecb0a@group-BCA7C703316B:LeaderElection91] INFO  impl.RaftServerImpl (RaftServerImpl.java:setRole(174)) - 4f7802c6-3418-4fbd-b0c6-a8e36fcecb0a@group-BCA7C703316B: changes role from CANDIDATE to LEADER at term 1 for changeToLeader
2019-09-25 04:50:37,320 [9216b865-ce6b-4fb7-bc99-65479a86b6eb@group-F7043FA7C853:LeaderElection82] INFO  impl.LeaderElection (LeaderElection.java:askForVotes(182)) - 9216b865-ce6b-4fb7-bc99-65479a86b6eb@group-F7043FA7C853:LeaderElection82: begin an election at term 1 for -1: [9216b865-ce6b-4fb7-bc99-65479a86b6eb:192.168.151.106:43252], old=null
2019-09-25 04:50:37,320 [45f1801e-7cfd-420a-bb39-98f19dcc81c3@group-E8AEB34FB33B:LeaderElection84] INFO  impl.LeaderElection (LeaderElection.java:askForVotes(182)) - 45f1801e-7cfd-420a-bb39-98f19dcc81c3@group-E8AEB34FB33B:LeaderElection84: begin an election at term 1 for -1: [45f1801e-7cfd-420a-bb39-98f19dcc81c3:192.168.151.106:38437], old=null
2019-09-25 04:50:37,323 [9216b865-ce6b-4fb7-bc99-65479a86b6eb@group-F7043FA7C853:LeaderElection82] INFO  impl.RoleInfo (RoleInfo.java:shutdownLeaderElection(134)) - 9216b865-ce6b-4fb7-bc99-65479a86b6eb: shutdown LeaderElection
2019-09-25 04:50:37,322 [4f7802c6-3418-4fbd-b0c6-a8e36fcecb0a@group-BCA7C703316B:LeaderElection91] INFO  impl.RaftServerImpl (ServerState.java:setLeader(253)) - 4f7802c6-3418-4fbd-b0c6-a8e36fcecb0a@group-BCA7C703316B: change Leader from null to 4f7802c6-3418-4fbd-b0c6-a8e36fcecb0a at term 1 for becomeLeader, leader elected after 5854ms
2019-09-25 04:50:37,322 [a167ab1f-c96d-409e-bb26-ea230783d833@group-5A2D35AE9F94:LeaderElection87] INFO  impl.RaftServerImpl (RaftServerImpl.java:setRole(174)) - a167ab1f-c96d-409e-bb26-ea230783d833@group-5A2D35AE9F94: changes role from CANDIDATE to LEADER at term 1 for changeToLeader
2019-09-25 04:50:37,322 [c35819d4-86f4-4223-a458-676070fe0cbb@group-3AB11E98D61C:LeaderElection83] INFO  impl.RaftServerImpl (RaftServerImpl.java:setRole(174)) - c35819d4-86f4-4223-a458-676070fe0cbb@group-3AB11E98D61C: changes role from CANDIDATE to LEADER at term 1 for changeToLeader
2019-09-25 04:50:37,322 [45f1801e-7cfd-420a-bb39-98f19dcc81c3@group-5350E354539A:LeaderElection81] INFO  impl.RaftServerImpl (RaftServerImpl.java:setRole(174)) - 45f1801e-7cfd-420a-bb39-98f19dcc81c3@group-5350E354539A: changes role from CANDIDATE to LEADER at term 1 for changeToLeader
2019-09-25 04:50:37,322 [aabdae46-dcfa-45e6-b665-2c47bb305ebb@group-ED110974D17F:LeaderElection88] INFO  impl.RaftServerImpl (ServerState.java:setLeader(253)) - aabdae46-dcfa-45e6-b665-2c47bb305ebb@group-ED110974D17F: change Leader from null to aabdae46-dcfa-45e6-b665-2c47bb305ebb at term 1 for becomeLeader, leader elected after 5570ms
2019-09-25 04:50:37,322 [45f1801e-7cfd-420a-bb39-98f19dcc81c3@group-BEE59315A377:LeaderElection86] INFO  impl.RaftServerImpl (RaftServerImpl.java:setRole(174)) - 45f1801e-7cfd-420a-bb39-98f19dcc81c3@group-BEE59315A377: changes role from CANDIDATE to LEADER at term 1 for changeToLeader
2019-09-25 04:50:37,321 [b40ef231-6505-402b-ae57-fc0dc67cbbe8@group-9FCF459108F2:LeaderElection85] INFO  impl.RaftServerImpl (ServerState.java:setLeader(253)) - b40ef231-6505-402b-ae57-fc0dc67cbbe8@group-9FCF459108F2: change Leader from null to b40ef231-6505-402b-ae57-fc0dc67cbbe8 at term 1 for becomeLeader, leader elected after 6694ms
2019-09-25 04:50:37,324 [b40ef231-6505-402b-ae57-fc0dc67cbbe8@group-9FCF459108F2:LeaderElection85] INFO  server.RaftServerConfigKeys (ConfUtils.java:logGet(43)) - raft.server.staging.catchup.gap = 1000 (default)
2019-09-25 04:50:37,321 [4f7802c6-3418-4fbd-b0c6-a8e36fcecb0a@group-AC4628CB5F93:LeaderElection78] INFO  impl.RaftServerImpl (RaftServerImpl.java:setRole(174)) - 4f7802c6-3418-4fbd-b0c6-a8e36fcecb0a@group-AC4628CB5F93: changes role from CANDIDATE to LEADER at term 1 for changeToLeader
2019-09-25 04:50:37,321 [45f1801e-7cfd-420a-bb39-98f19dcc81c3@group-8B7976911715:LeaderElection80] INFO  impl.RaftServerImpl (RaftServerImpl.java:setRole(174)) - 45f1801e-7cfd-420a-bb39-98f19dcc81c3@group-8B7976911715: changes role from CANDIDATE to LEADER at term 1 for changeToLeader
2019-09-25 04:50:37,324 [45f1801e-7cfd-420a-bb39-98f19dcc81c3@group-8B7976911715:LeaderElection80] INFO  impl.RaftServerImpl (ServerState.java:setLeader(253)) - 45f1801e-7cfd-420a-bb39-98f19dcc81c3@group-8B7976911715: change Leader from null to 45f1801e-7cfd-420a-bb39-98f19dcc81c3 at term 1 for becomeLeader, leader elected after 6298ms
2019-09-25 04:50:37,321 [aabdae46-dcfa-45e6-b665-2c47bb305ebb@group-8AED9ABD7316:LeaderElection90] INFO  impl.RoleInfo (RoleInfo.java:shutdownLeaderElection(134)) - aabdae46-dcfa-45e6-b665-2c47bb305ebb: shutdown LeaderElection
2019-09-25 04:50:37,324 [45f1801e-7cfd-420a-bb39-98f19dcc81c3@group-8B7976911715:LeaderElection80] INFO  server.RaftServerConfigKeys (ConfUtils.java:logGet(43)) - raft.server.staging.catchup.gap = 1000 (default)
2019-09-25 04:50:37,324 [45f1801e-7cfd-420a-bb39-98f19dcc81c3@group-8B7976911715:LeaderElection80] INFO  server.RaftServerConfigKeys (ConfUtils.java:logGet(43)) - raft.server.rpc.sleep.time = 25ms (default)
2019-09-25 04:50:37,324 [4f7802c6-3418-4fbd-b0c6-a8e36fcecb0a@group-AC4628CB5F93:LeaderElection78] INFO  impl.RaftServerImpl (ServerState.java:setLeader(253)) - 4f7802c6-3418-4fbd-b0c6-a8e36fcecb0a@group-AC4628CB5F93: change Leader from null to 4f7802c6-3418-4fbd-b0c6-a8e36fcecb0a at term 1 for becomeLeader, leader elected after 5948ms
2019-09-25 04:50:37,324 [b40ef231-6505-402b-ae57-fc0dc67cbbe8@group-9FCF459108F2:LeaderElection85] INFO  server.RaftServerConfigKeys (ConfUtils.java:logGet(43)) - raft.server.rpc.sleep.time = 25ms (default)
2019-09-25 04:50:37,324 [45f1801e-7cfd-420a-bb39-98f19dcc81c3@group-BEE59315A377:LeaderElection86] INFO  impl.RaftServerImpl (ServerState.java:setLeader(253)) - 45f1801e-7cfd-420a-bb39-98f19dcc81c3@group-BEE59315A377: change Leader from null to 45f1801e-7cfd-420a-bb39-98f19dcc81c3 at term 1 for becomeLeader, leader elected after 5677ms
2019-09-25 04:50:37,323 [aabdae46-dcfa-45e6-b665-2c47bb305ebb@group-ED110974D17F:LeaderElection88] INFO  server.RaftServerConfigKeys (ConfUtils.java:logGet(43)) - raft.server.staging.catchup.gap = 1000 (default)
2019-09-25 04:50:37,325 [aabdae46-dcfa-45e6-b665-2c47bb305ebb@group-ED110974D17F:LeaderElection88] INFO  server.RaftServerConfigKeys (ConfUtils.java:logGet(43)) - raft.server.rpc.sleep.time = 25ms (default)
2019-09-25 04:50:37,323 [45f1801e-7cfd-420a-bb39-98f19dcc81c3@group-5350E354539A:LeaderElection81] INFO  impl.RaftServerImpl (ServerState.java:setLeader(253)) - 45f1801e-7cfd-420a-bb39-98f19dcc81c3@group-5350E354539A: change Leader from null to 45f1801e-7cfd-420a-bb39-98f19dcc81c3 at term 1 for becomeLeader, leader elected after 5900ms
2019-09-25 04:50:37,323 [c35819d4-86f4-4223-a458-676070fe0cbb@group-3AB11E98D61C:LeaderElection83] INFO  impl.RaftServerImpl (ServerState.java:setLeader(253)) - c35819d4-86f4-4223-a458-676070fe0cbb@group-3AB11E98D61C: change Leader from null to c35819d4-86f4-4223-a458-676070fe0cbb at term 1 for becomeLeader, leader elected after 6470ms
2019-09-25 04:50:37,323 [a167ab1f-c96d-409e-bb26-ea230783d833@group-5A2D35AE9F94:LeaderElection87] INFO  impl.RaftServerImpl (ServerState.java:setLeader(253)) - a167ab1f-c96d-409e-bb26-ea230783d833@group-5A2D35AE9F94: change Leader from null to a167ab1f-c96d-409e-bb26-ea230783d833 at term 1 for becomeLeader, leader elected after 5633ms
2019-09-25 04:50:37,323 [4f7802c6-3418-4fbd-b0c6-a8e36fcecb0a@group-BCA7C703316B:LeaderElection91] INFO  server.RaftServerConfigKeys (ConfUtils.java:logGet(43)) - raft.server.staging.catchup.gap = 1000 (default)
2019-09-25 04:50:37,326 [4f7802c6-3418-4fbd-b0c6-a8e36fcecb0a@group-BCA7C703316B:LeaderElection91] INFO  server.RaftServerConfigKeys (ConfUtils.java:logGet(43)) - raft.server.rpc.sleep.time = 25ms (default)
2019-09-25 04:50:37,323 [9216b865-ce6b-4fb7-bc99-65479a86b6eb@group-F7043FA7C853:LeaderElection82] INFO  impl.RaftServerImpl (RaftServerImpl.java:setRole(174)) - 9216b865-ce6b-4fb7-bc99-65479a86b6eb@group-F7043FA7C853: changes role from CANDIDATE to LEADER at term 1 for changeToLeader
2019-09-25 04:50:37,323 [45f1801e-7cfd-420a-bb39-98f19dcc81c3@group-E8AEB34FB33B:LeaderElection84] INFO  impl.RoleInfo (RoleInfo.java:shutdownLeaderElection(134)) - 45f1801e-7cfd-420a-bb39-98f19dcc81c3: shutdown LeaderElection
2019-09-25 04:50:37,326 [9216b865-ce6b-4fb7-bc99-65479a86b6eb@group-F7043FA7C853:LeaderElection82] INFO  impl.RaftServerImpl (ServerState.java:setLeader(253)) - 9216b865-ce6b-4fb7-bc99-65479a86b6eb@group-F7043FA7C853: change Leader from null to 9216b865-ce6b-4fb7-bc99-65479a86b6eb at term 1 for becomeLeader, leader elected after 5726ms
2019-09-25 04:50:37,326 [a167ab1f-c96d-409e-bb26-ea230783d833@group-5A2D35AE9F94:LeaderElection87] INFO  server.RaftServerConfigKeys (ConfUtils.java:logGet(43)) - raft.server.staging.catchup.gap = 1000 (default)
2019-09-25 04:50:37,326 [a167ab1f-c96d-409e-bb26-ea230783d833@group-5A2D35AE9F94:LeaderElection87] INFO  server.RaftServerConfigKeys (ConfUtils.java:logGet(43)) - raft.server.rpc.sleep.time = 25ms (default)
2019-09-25 04:50:37,325 [c35819d4-86f4-4223-a458-676070fe0cbb@group-3AB11E98D61C:LeaderElection83] INFO  server.RaftServerConfigKeys (ConfUtils.java:logGet(43)) - raft.server.staging.catchup.gap = 1000 (default)
2019-09-25 04:50:37,325 [45f1801e-7cfd-420a-bb39-98f19dcc81c3@group-5350E354539A:LeaderElection81] INFO  server.RaftServerConfigKeys (ConfUtils.java:logGet(43)) - raft.server.staging.catchup.gap = 1000 (default)
2019-09-25 04:50:37,325 [45f1801e-7cfd-420a-bb39-98f19dcc81c3@group-BEE59315A377:LeaderElection86] INFO  server.RaftServerConfigKeys (ConfUtils.java:logGet(43)) - raft.server.staging.catchup.gap = 1000 (default)
2019-09-25 04:50:37,325 [4f7802c6-3418-4fbd-b0c6-a8e36fcecb0a@group-AC4628CB5F93:LeaderElection78] INFO  server.RaftServerConfigKeys (ConfUtils.java:logGet(43)) - raft.server.staging.catchup.gap = 1000 (default)
2019-09-25 04:50:37,324 [aabdae46-dcfa-45e6-b665-2c47bb305ebb@group-8AED9ABD7316:LeaderElection90] INFO  impl.RaftServerImpl (RaftServerImpl.java:setRole(174)) - aabdae46-dcfa-45e6-b665-2c47bb305ebb@group-8AED9ABD7316: changes role from CANDIDATE to LEADER at term 1 for changeToLeader
2019-09-25 04:50:37,327 [4f7802c6-3418-4fbd-b0c6-a8e36fcecb0a@group-AC4628CB5F93:LeaderElection78] INFO  server.RaftServerConfigKeys (ConfUtils.java:logGet(43)) - raft.server.rpc.sleep.time = 25ms (default)
2019-09-25 04:50:37,327 [45f1801e-7cfd-420a-bb39-98f19dcc81c3@group-BEE59315A377:LeaderElection86] INFO  server.RaftServerConfigKeys (ConfUtils.java:logGet(43)) - raft.server.rpc.sleep.time = 25ms (default)
2019-09-25 04:50:37,327 [45f1801e-7cfd-420a-bb39-98f19dcc81c3@group-5350E354539A:LeaderElection81] INFO  server.RaftServerConfigKeys (ConfUtils.java:logGet(43)) - raft.server.rpc.sleep.time = 25ms (default)
2019-09-25 04:50:37,327 [c35819d4-86f4-4223-a458-676070fe0cbb@group-3AB11E98D61C:LeaderElection83] INFO  server.RaftServerConfigKeys (ConfUtils.java:logGet(43)) - raft.server.rpc.sleep.time = 25ms (default)
2019-09-25 04:50:37,326 [9216b865-ce6b-4fb7-bc99-65479a86b6eb@group-F7043FA7C853:LeaderElection82] INFO  server.RaftServerConfigKeys (ConfUtils.java:logGet(43)) - raft.server.staging.catchup.gap = 1000 (default)
2019-09-25 04:50:37,326 [45f1801e-7cfd-420a-bb39-98f19dcc81c3@group-E8AEB34FB33B:LeaderElection84] INFO  impl.RaftServerImpl (RaftServerImpl.java:setRole(174)) - 45f1801e-7cfd-420a-bb39-98f19dcc81c3@group-E8AEB34FB33B: changes role from CANDIDATE to LEADER at term 1 for changeToLeader
2019-09-25 04:50:37,328 [9216b865-ce6b-4fb7-bc99-65479a86b6eb@group-F7043FA7C853:LeaderElection82] INFO  server.RaftServerConfigKeys (ConfUtils.java:logGet(43)) - raft.server.rpc.sleep.time = 25ms (default)
2019-09-25 04:50:37,327 [aabdae46-dcfa-45e6-b665-2c47bb305ebb@group-8AED9ABD7316:LeaderElection90] INFO  impl.RaftServerImpl (ServerState.java:setLeader(253)) - aabdae46-dcfa-45e6-b665-2c47bb305ebb@group-8AED9ABD7316: change Leader from null to aabdae46-dcfa-45e6-b665-2c47bb305ebb at term 1 for becomeLeader, leader elected after 5816ms
2019-09-25 04:50:37,329 [aabdae46-dcfa-45e6-b665-2c47bb305ebb@group-8AED9ABD7316:LeaderElection90] INFO  server.RaftServerConfigKeys (ConfUtils.java:logGet(43)) - raft.server.staging.catchup.gap = 1000 (default)
2019-09-25 04:50:37,329 [aabdae46-dcfa-45e6-b665-2c47bb305ebb@group-8AED9ABD7316:LeaderElection90] INFO  server.RaftServerConfigKeys (ConfUtils.java:logGet(43)) - raft.server.rpc.sleep.time = 25ms (default)
2019-09-25 04:50:37,328 [45f1801e-7cfd-420a-bb39-98f19dcc81c3@group-E8AEB34FB33B:LeaderElection84] INFO  impl.RaftServerImpl (ServerState.java:setLeader(253)) - 45f1801e-7cfd-420a-bb39-98f19dcc81c3@group-E8AEB34FB33B: change Leader from null to 45f1801e-7cfd-420a-bb39-98f19dcc81c3 at term 1 for becomeLeader, leader elected after 6845ms
2019-09-25 04:50:37,329 [45f1801e-7cfd-420a-bb39-98f19dcc81c3@group-E8AEB34FB33B:LeaderElection84] INFO  server.RaftServerConfigKeys (ConfUtils.java:logGet(43)) - raft.server.staging.catchup.gap = 1000 (default)
2019-09-25 04:50:37,329 [45f1801e-7cfd-420a-bb39-98f19dcc81c3@group-E8AEB34FB33B:LeaderElection84] INFO  server.RaftServerConfigKeys (ConfUtils.java:logGet(43)) - raft.server.rpc.sleep.time = 25ms (default)
2019-09-25 04:50:37,352 [45f1801e-7cfd-420a-bb39-98f19dcc81c3@group-E8AEB34FB33B:LeaderElection84] INFO  server.RaftServerConfigKeys (ConfUtils.java:logGet(43)) - raft.server.write.element-limit = 4096 (default)
2019-09-25 04:50:37,352 [9216b865-ce6b-4fb7-bc99-65479a86b6eb@group-F7043FA7C853:LeaderElection82] INFO  server.RaftServerConfigKeys (ConfUtils.java:logGet(43)) - raft.server.write.element-limit = 4096 (default)
2019-09-25 04:50:37,352 [aabdae46-dcfa-45e6-b665-2c47bb305ebb@group-ED110974D17F:LeaderElection88] INFO  server.RaftServerConfigKeys (ConfUtils.java:logGet(43)) - raft.server.write.element-limit = 4096 (default)
2019-09-25 04:50:37,352 [aabdae46-dcfa-45e6-b665-2c47bb305ebb@group-8AED9ABD7316:LeaderElection90] INFO  server.RaftServerConfigKeys (ConfUtils.java:logGet(43)) - raft.server.write.element-limit = 4096 (default)
2019-09-25 04:50:37,352 [4f7802c6-3418-4fbd-b0c6-a8e36fcecb0a@group-98D2158B16EC:LeaderElection89] INFO  server.RaftServerConfigKeys (ConfUtils.java:logGet(43)) - raft.server.write.element-limit = 4096 (default)
2019-09-25 04:50:37,352 [aabdae46-dcfa-45e6-b665-2c47bb305ebb@group-ED110974D17F:LeaderElection88] INFO  server.RaftServerConfigKeys (ConfUtils.java:logGet(43)) - raft.server.watch.timeout = 10s (default)
2019-09-25 04:50:37,352 [9216b865-ce6b-4fb7-bc99-65479a86b6eb@group-E0556B42A7D3:LeaderElection76] INFO  server.RaftServerConfigKeys (ConfUtils.java:logGet(43)) - raft.server.write.element-limit = 4096 (default)
2019-09-25 04:50:37,352 [b40ef231-6505-402b-ae57-fc0dc67cbbe8@group-D6CE7AA0887B:LeaderElection79] INFO  server.RaftServerConfigKeys (ConfUtils.java:logGet(43)) - raft.server.write.element-limit = 4096 (default)
2019-09-25 04:50:37,352 [9216b865-ce6b-4fb7-bc99-65479a86b6eb@group-F7043FA7C853:LeaderElection82] INFO  server.RaftServerConfigKeys (ConfUtils.java:logGet(43)) - raft.server.watch.timeout = 10s (default)
2019-09-25 04:50:37,360 [9216b865-ce6b-4fb7-bc99-65479a86b6eb@group-F7043FA7C853:LeaderElection82] INFO  server.RaftServerConfigKeys (ConfUtils.java:logGet(43)) - raft.server.watch.timeout.denomination = 1s (default)
2019-09-25 04:50:37,352 [45f1801e-7cfd-420a-bb39-98f19dcc81c3@group-8B7976911715:LeaderElection80] INFO  server.RaftServerConfigKeys (ConfUtils.java:logGet(43)) - raft.server.write.element-limit = 4096 (default)
2019-09-25 04:50:37,352 [b40ef231-6505-402b-ae57-fc0dc67cbbe8@group-9FCF459108F2:LeaderElection85] INFO  server.RaftServerConfigKeys (ConfUtils.java:logGet(43)) - raft.server.write.element-limit = 4096 (default)
2019-09-25 04:50:37,352 [a167ab1f-c96d-409e-bb26-ea230783d833@group-5A2D35AE9F94:LeaderElection87] INFO  server.RaftServerConfigKeys (ConfUtils.java:logGet(43)) - raft.server.write.element-limit = 4096 (default)
2019-09-25 04:50:37,352 [4f7802c6-3418-4fbd-b0c6-a8e36fcecb0a@group-BCA7C703316B:LeaderElection91] INFO  server.RaftServerConfigKeys (ConfUtils.java:logGet(43)) - raft.server.write.element-limit = 4096 (default)
2019-09-25 04:50:37,361 [4f7802c6-3418-4fbd-b0c6-a8e36fcecb0a@group-BCA7C703316B:LeaderElection91] INFO  server.RaftServerConfigKeys (ConfUtils.java:logGet(43)) - raft.server.watch.timeout = 10s (default)
2019-09-25 04:50:37,352 [4f7802c6-3418-4fbd-b0c6-a8e36fcecb0a@group-AC4628CB5F93:LeaderElection78] INFO  server.RaftServerConfigKeys (ConfUtils.java:logGet(43)) - raft.server.write.element-limit = 4096 (default)
2019-09-25 04:50:37,352 [45f1801e-7cfd-420a-bb39-98f19dcc81c3@group-BEE59315A377:LeaderElection86] INFO  server.RaftServerConfigKeys (ConfUtils.java:logGet(43)) - raft.server.write.element-limit = 4096 (default)
2019-09-25 04:50:37,352 [45f1801e-7cfd-420a-bb39-98f19dcc81c3@group-5350E354539A:LeaderElection81] INFO  server.RaftServerConfigKeys (ConfUtils.java:logGet(43)) - raft.server.write.element-limit = 4096 (default)
2019-09-25 04:50:37,352 [c35819d4-86f4-4223-a458-676070fe0cbb@group-3AB11E98D61C:LeaderElection83] INFO  server.RaftServerConfigKeys (ConfUtils.java:logGet(43)) - raft.server.write.element-limit = 4096 (default)
2019-09-25 04:50:37,352 [45f1801e-7cfd-420a-bb39-98f19dcc81c3@group-E8AEB34FB33B:LeaderElection84] INFO  server.RaftServerConfigKeys (ConfUtils.java:logGet(43)) - raft.server.watch.timeout = 10s (default)
2019-09-25 04:50:37,362 [c35819d4-86f4-4223-a458-676070fe0cbb@group-3AB11E98D61C:LeaderElection83] INFO  server.RaftServerConfigKeys (ConfUtils.java:logGet(43)) - raft.server.watch.timeout = 10s (default)
2019-09-25 04:50:37,361 [45f1801e-7cfd-420a-bb39-98f19dcc81c3@group-5350E354539A:LeaderElection81] INFO  server.RaftServerConfigKeys (ConfUtils.java:logGet(43)) - raft.server.watch.timeout = 10s (default)
2019-09-25 04:50:37,362 [45f1801e-7cfd-420a-bb39-98f19dcc81c3@group-5350E354539A:LeaderElection81] INFO  server.RaftServerConfigKeys (ConfUtils.java:logGet(43)) - raft.server.watch.timeout.denomination = 1s (default)
2019-09-25 04:50:37,361 [45f1801e-7cfd-420a-bb39-98f19dcc81c3@group-BEE59315A377:LeaderElection86] INFO  server.RaftServerConfigKeys (ConfUtils.java:logGet(43)) - raft.server.watch.timeout = 10s (default)
2019-09-25 04:50:37,362 [45f1801e-7cfd-420a-bb39-98f19dcc81c3@group-BEE59315A377:LeaderElection86] INFO  server.RaftServerConfigKeys (ConfUtils.java:logGet(43)) - raft.server.watch.timeout.denomination = 1s (default)
2019-09-25 04:50:37,361 [4f7802c6-3418-4fbd-b0c6-a8e36fcecb0a@group-AC4628CB5F93:LeaderElection78] INFO  server.RaftServerConfigKeys (ConfUtils.java:logGet(43)) - raft.server.watch.timeout = 10s (default)
2019-09-25 04:50:37,361 [4f7802c6-3418-4fbd-b0c6-a8e36fcecb0a@group-BCA7C703316B:LeaderElection91] INFO  server.RaftServerConfigKeys (ConfUtils.java:logGet(43)) - raft.server.watch.timeout.denomination = 1s (default)
2019-09-25 04:50:37,363 [4f7802c6-3418-4fbd-b0c6-a8e36fcecb0a@group-BCA7C703316B:LeaderElection91] INFO  server.RaftServerConfigKeys (ConfUtils.java:logGet(43)) - raft.server.watch.element-limit = 65536 (default)
2019-09-25 04:50:37,361 [a167ab1f-c96d-409e-bb26-ea230783d833@group-5A2D35AE9F94:LeaderElection87] INFO  server.RaftServerConfigKeys (ConfUtils.java:logGet(43)) - raft.server.watch.timeout = 10s (default)
2019-09-25 04:50:37,360 [b40ef231-6505-402b-ae57-fc0dc67cbbe8@group-9FCF459108F2:LeaderElection85] INFO  server.RaftServerConfigKeys (ConfUtils.java:logGet(43)) - raft.server.watch.timeout = 10s (default)
2019-09-25 04:50:37,360 [45f1801e-7cfd-420a-bb39-98f19dcc81c3@group-8B7976911715:LeaderElection80] INFO  server.RaftServerConfigKeys (ConfUtils.java:logGet(43)) - raft.server.watch.timeout = 10s (default)
2019-09-25 04:50:37,363 [45f1801e-7cfd-420a-bb39-98f19dcc81c3@group-8B7976911715:LeaderElection80] INFO  server.RaftServerConfigKeys (ConfUtils.java:logGet(43)) - raft.server.watch.timeout.denomination = 1s (default)
2019-09-25 04:50:37,360 [9216b865-ce6b-4fb7-bc99-65479a86b6eb@group-F7043FA7C853:LeaderElection82] INFO  server.RaftServerConfigKeys (ConfUtils.java:logGet(43)) - raft.server.watch.element-limit = 65536 (default)
2019-09-25 04:50:37,360 [b40ef231-6505-402b-ae57-fc0dc67cbbe8@group-D6CE7AA0887B:LeaderElection79] INFO  server.RaftServerConfigKeys (ConfUtils.java:logGet(43)) - raft.server.watch.timeout = 10s (default)
2019-09-25 04:50:37,360 [9216b865-ce6b-4fb7-bc99-65479a86b6eb@group-E0556B42A7D3:LeaderElection76] INFO  server.RaftServerConfigKeys (ConfUtils.java:logGet(43)) - raft.server.watch.timeout = 10s (default)
2019-09-25 04:50:37,359 [aabdae46-dcfa-45e6-b665-2c47bb305ebb@group-ED110974D17F:LeaderElection88] INFO  server.RaftServerConfigKeys (ConfUtils.java:logGet(43)) - raft.server.watch.timeout.denomination = 1s (default)
2019-09-25 04:50:37,364 [aabdae46-dcfa-45e6-b665-2c47bb305ebb@group-ED110974D17F:LeaderElection88] INFO  server.RaftServerConfigKeys (ConfUtils.java:logGet(43)) - raft.server.watch.element-limit = 65536 (default)
2019-09-25 04:50:37,359 [4f7802c6-3418-4fbd-b0c6-a8e36fcecb0a@group-98D2158B16EC:LeaderElection89] INFO  server.RaftServerConfigKeys (ConfUtils.java:logGet(43)) - raft.server.watch.timeout = 10s (default)
2019-09-25 04:50:37,352 [45f1801e-7cfd-420a-bb39-98f19dcc81c3@group-FB03761141D6:LeaderElection92] INFO  server.RaftServerConfigKeys (ConfUtils.java:logGet(43)) - raft.server.write.element-limit = 4096 (default)
2019-09-25 04:50:37,352 [c35819d4-86f4-4223-a458-676070fe0cbb@group-20315066096E:LeaderElection77] INFO  server.RaftServerConfigKeys (ConfUtils.java:logGet(43)) - raft.server.write.element-limit = 4096 (default)
2019-09-25 04:50:37,365 [c35819d4-86f4-4223-a458-676070fe0cbb@group-20315066096E:LeaderElection77] INFO  server.RaftServerConfigKeys (ConfUtils.java:logGet(43)) - raft.server.watch.timeout = 10s (default)
2019-09-25 04:50:37,352 [Thread-572] INFO  impl.RoleInfo (RoleInfo.java:updateAndGet(143)) - aabdae46-dcfa-45e6-b665-2c47bb305ebb: start LeaderElection
2019-09-25 04:50:37,352 [Thread-568] INFO  impl.RoleInfo (RoleInfo.java:updateAndGet(143)) - aabdae46-dcfa-45e6-b665-2c47bb305ebb: start LeaderElection
2019-09-25 04:50:37,352 [Thread-578] INFO  impl.RoleInfo (RoleInfo.java:updateAndGet(143)) - 45f1801e-7cfd-420a-bb39-98f19dcc81c3: start LeaderElection
2019-09-25 04:50:37,352 [aabdae46-dcfa-45e6-b665-2c47bb305ebb@group-8AED9ABD7316:LeaderElection90] INFO  server.RaftServerConfigKeys (ConfUtils.java:logGet(43)) - raft.server.watch.timeout = 10s (default)
2019-09-25 04:50:37,365 [aabdae46-dcfa-45e6-b665-2c47bb305ebb@group-8AED9ABD7316:LeaderElection90] INFO  server.RaftServerConfigKeys (ConfUtils.java:logGet(43)) - raft.server.watch.timeout.denomination = 1s (default)
2019-09-25 04:50:37,365 [c35819d4-86f4-4223-a458-676070fe0cbb@group-20315066096E:LeaderElection77] INFO  server.RaftServerConfigKeys (ConfUtils.java:logGet(43)) - raft.server.watch.timeout.denomination = 1s (default)
2019-09-25 04:50:37,365 [45f1801e-7cfd-420a-bb39-98f19dcc81c3@group-FB03761141D6:LeaderElection92] INFO  server.RaftServerConfigKeys (ConfUtils.java:logGet(43)) - raft.server.watch.timeout = 10s (default)
2019-09-25 04:50:37,366 [45f1801e-7cfd-420a-bb39-98f19dcc81c3@group-FB03761141D6:LeaderElection92] INFO  server.RaftServerConfigKeys (ConfUtils.java:logGet(43)) - raft.server.watch.timeout.denomination = 1s (default)
2019-09-25 04:50:37,364 [4f7802c6-3418-4fbd-b0c6-a8e36fcecb0a@group-98D2158B16EC:LeaderElection89] INFO  server.RaftServerConfigKeys (ConfUtils.java:logGet(43)) - raft.server.watch.timeout.denomination = 1s (default)
2019-09-25 04:50:37,364 [9216b865-ce6b-4fb7-bc99-65479a86b6eb@group-E0556B42A7D3:LeaderElection76] INFO  server.RaftServerConfigKeys (ConfUtils.java:logGet(43)) - raft.server.watch.timeout.denomination = 1s (default)
2019-09-25 04:50:37,364 [b40ef231-6505-402b-ae57-fc0dc67cbbe8@group-D6CE7AA0887B:LeaderElection79] INFO  server.RaftServerConfigKeys (ConfUtils.java:logGet(43)) - raft.server.watch.timeout.denomination = 1s (default)
2019-09-25 04:50:37,363 [45f1801e-7cfd-420a-bb39-98f19dcc81c3@group-8B7976911715:LeaderElection80] INFO  server.RaftServerConfigKeys (ConfUtils.java:logGet(43)) - raft.server.watch.element-limit = 65536 (default)
2019-09-25 04:50:37,363 [b40ef231-6505-402b-ae57-fc0dc67cbbe8@group-9FCF459108F2:LeaderElection85] INFO  server.RaftServerConfigKeys (ConfUtils.java:logGet(43)) - raft.server.watch.timeout.denomination = 1s (default)
2019-09-25 04:50:37,367 [b40ef231-6505-402b-ae57-fc0dc67cbbe8@group-9FCF459108F2:LeaderElection85] INFO  server.RaftServerConfigKeys (ConfUtils.java:logGet(43)) - raft.server.watch.element-limit = 65536 (default)
2019-09-25 04:50:37,363 [a167ab1f-c96d-409e-bb26-ea230783d833@group-5A2D35AE9F94:LeaderElection87] INFO  server.RaftServerConfigKeys (ConfUtils.java:logGet(43)) - raft.server.watch.timeout.denomination = 1s (default)
2019-09-25 04:50:37,362 [4f7802c6-3418-4fbd-b0c6-a8e36fcecb0a@group-AC4628CB5F93:LeaderElection78] INFO  server.RaftServerConfigKeys (ConfUtils.java:logGet(43)) - raft.server.watch.timeout.denomination = 1s (default)
2019-09-25 04:50:37,367 [4f7802c6-3418-4fbd-b0c6-a8e36fcecb0a@group-AC4628CB5F93:LeaderElection78] INFO  server.RaftServerConfigKeys (ConfUtils.java:logGet(43)) - raft.server.watch.element-limit = 65536 (default)
2019-09-25 04:50:37,362 [45f1801e-7cfd-420a-bb39-98f19dcc81c3@group-BEE59315A377:LeaderElection86] INFO  server.RaftServerConfigKeys (ConfUtils.java:logGet(43)) - raft.server.watch.element-limit = 65536 (default)
2019-09-25 04:50:37,362 [45f1801e-7cfd-420a-bb39-98f19dcc81c3@group-5350E354539A:LeaderElection81] INFO  server.RaftServerConfigKeys (ConfUtils.java:logGet(43)) - raft.server.watch.element-limit = 65536 (default)
2019-09-25 04:50:37,362 [c35819d4-86f4-4223-a458-676070fe0cbb@group-3AB11E98D61C:LeaderElection83] INFO  server.RaftServerConfigKeys (ConfUtils.java:logGet(43)) - raft.server.watch.timeout.denomination = 1s (default)
2019-09-25 04:50:37,362 [45f1801e-7cfd-420a-bb39-98f19dcc81c3@group-E8AEB34FB33B:LeaderElection84] INFO  server.RaftServerConfigKeys (ConfUtils.java:logGet(43)) - raft.server.watch.timeout.denomination = 1s (default)
2019-09-25 04:50:37,368 [c35819d4-86f4-4223-a458-676070fe0cbb@group-3AB11E98D61C:LeaderElection83] INFO  server.RaftServerConfigKeys (ConfUtils.java:logGet(43)) - raft.server.watch.element-limit = 65536 (default)
2019-09-25 04:50:37,367 [a167ab1f-c96d-409e-bb26-ea230783d833@group-5A2D35AE9F94:LeaderElection87] INFO  server.RaftServerConfigKeys (ConfUtils.java:logGet(43)) - raft.server.watch.element-limit = 65536 (default)
2019-09-25 04:50:37,366 [b40ef231-6505-402b-ae57-fc0dc67cbbe8@group-D6CE7AA0887B:LeaderElection79] INFO  server.RaftServerConfigKeys (ConfUtils.java:logGet(43)) - raft.server.watch.element-limit = 65536 (default)
2019-09-25 04:50:37,366 [9216b865-ce6b-4fb7-bc99-65479a86b6eb@group-E0556B42A7D3:LeaderElection76] INFO  server.RaftServerConfigKeys (ConfUtils.java:logGet(43)) - raft.server.watch.element-limit = 65536 (default)
2019-09-25 04:50:37,366 [4f7802c6-3418-4fbd-b0c6-a8e36fcecb0a@group-98D2158B16EC:LeaderElection89] INFO  server.RaftServerConfigKeys (ConfUtils.java:logGet(43)) - raft.server.watch.element-limit = 65536 (default)
2019-09-25 04:50:37,366 [45f1801e-7cfd-420a-bb39-98f19dcc81c3@group-FB03761141D6:LeaderElection92] INFO  server.RaftServerConfigKeys (ConfUtils.java:logGet(43)) - raft.server.watch.element-limit = 65536 (default)
2019-09-25 04:50:37,365 [c35819d4-86f4-4223-a458-676070fe0cbb@group-20315066096E:LeaderElection77] INFO  server.RaftServerConfigKeys (ConfUtils.java:logGet(43)) - raft.server.watch.element-limit = 65536 (default)
2019-09-25 04:50:37,365 [aabdae46-dcfa-45e6-b665-2c47bb305ebb@group-8AED9ABD7316:LeaderElection90] INFO  server.RaftServerConfigKeys (ConfUtils.java:logGet(43)) - raft.server.watch.element-limit = 65536 (default)
2019-09-25 04:50:37,368 [45f1801e-7cfd-420a-bb39-98f19dcc81c3@group-E8AEB34FB33B:LeaderElection84] INFO  server.RaftServerConfigKeys (ConfUtils.java:logGet(43)) - raft.server.watch.element-limit = 65536 (default)
2019-09-25 04:50:37,373 [9216b865-ce6b-4fb7-bc99-65479a86b6eb@group-8A882E087A7F:LeaderElection93] INFO  impl.LeaderElection (LeaderElection.java:askForVotes(182)) - 9216b865-ce6b-4fb7-bc99-65479a86b6eb@group-8A882E087A7F:LeaderElection93: begin an election at term 1 for -1: [9216b865-ce6b-4fb7-bc99-65479a86b6eb:192.168.151.106:43252], old=null
2019-09-25 04:50:37,374 [9216b865-ce6b-4fb7-bc99-65479a86b6eb@group-8A882E087A7F:LeaderElection93] INFO  impl.RoleInfo (RoleInfo.java:shutdownLeaderElection(134)) - 9216b865-ce6b-4fb7-bc99-65479a86b6eb: shutdown LeaderElection
2019-09-25 04:50:37,374 [9216b865-ce6b-4fb7-bc99-65479a86b6eb@group-8A882E087A7F:LeaderElection93] INFO  impl.RaftServerImpl (RaftServerImpl.java:setRole(174)) - 9216b865-ce6b-4fb7-bc99-65479a86b6eb@group-8A882E087A7F: changes role from CANDIDATE to LEADER at term 1 for changeToLeader
2019-09-25 04:50:37,374 [9216b865-ce6b-4fb7-bc99-65479a86b6eb@group-8A882E087A7F:LeaderElection93] INFO  impl.RaftServerImpl (ServerState.java:setLeader(253)) - 9216b865-ce6b-4fb7-bc99-65479a86b6eb@group-8A882E087A7F: change Leader from null to 9216b865-ce6b-4fb7-bc99-65479a86b6eb at term 1 for becomeLeader, leader elected after 5248ms
2019-09-25 04:50:37,374 [9216b865-ce6b-4fb7-bc99-65479a86b6eb@group-8A882E087A7F:LeaderElection93] INFO  server.RaftServerConfigKeys (ConfUtils.java:logGet(43)) - raft.server.staging.catchup.gap = 1000 (default)
2019-09-25 04:50:37,374 [9216b865-ce6b-4fb7-bc99-65479a86b6eb@group-8A882E087A7F:LeaderElection93] INFO  server.RaftServerConfigKeys (ConfUtils.java:logGet(43)) - raft.server.rpc.sleep.time = 25ms (default)
2019-09-25 04:50:37,403 [9216b865-ce6b-4fb7-bc99-65479a86b6eb@group-8A882E087A7F:LeaderElection93] INFO  server.RaftServerConfigKeys (ConfUtils.java:logGet(43)) - raft.server.write.element-limit = 4096 (default)
2019-09-25 04:50:37,403 [9216b865-ce6b-4fb7-bc99-65479a86b6eb@group-8A882E087A7F:LeaderElection93] INFO  server.RaftServerConfigKeys (ConfUtils.java:logGet(43)) - raft.server.watch.timeout = 10s (default)
2019-09-25 04:50:37,403 [9216b865-ce6b-4fb7-bc99-65479a86b6eb@group-8A882E087A7F:LeaderElection93] INFO  server.RaftServerConfigKeys (ConfUtils.java:logGet(43)) - raft.server.watch.timeout.denomination = 1s (default)
2019-09-25 04:50:37,403 [9216b865-ce6b-4fb7-bc99-65479a86b6eb@group-8A882E087A7F:LeaderElection93] INFO  server.RaftServerConfigKeys (ConfUtils.java:logGet(43)) - raft.server.watch.element-limit = 65536 (default)
2019-09-25 04:50:37,424 [45f1801e-7cfd-420a-bb39-98f19dcc81c3@group-4F88288FBE08:LeaderElection96] INFO  impl.LeaderElection (LeaderElection.java:askForVotes(182)) - 45f1801e-7cfd-420a-bb39-98f19dcc81c3@group-4F88288FBE08:LeaderElection96: begin an election at term 1 for -1: [45f1801e-7cfd-420a-bb39-98f19dcc81c3:192.168.151.106:38437], old=null
2019-09-25 04:50:37,424 [aabdae46-dcfa-45e6-b665-2c47bb305ebb@group-52955382E6A9:LeaderElection94] INFO  impl.LeaderElection (LeaderElection.java:askForVotes(182)) - aabdae46-dcfa-45e6-b665-2c47bb305ebb@group-52955382E6A9:LeaderElection94: begin an election at term 1 for -1: [aabdae46-dcfa-45e6-b665-2c47bb305ebb:192.168.151.106:41436], old=null
2019-09-25 04:50:37,424 [aabdae46-dcfa-45e6-b665-2c47bb305ebb@group-92A9DF878687:LeaderElection95] INFO  impl.LeaderElection (LeaderElection.java:askForVotes(182)) - aabdae46-dcfa-45e6-b665-2c47bb305ebb@group-92A9DF878687:LeaderElection95: begin an election at term 1 for -1: [aabdae46-dcfa-45e6-b665-2c47bb305ebb:192.168.151.106:41436], old=null
2019-09-25 04:50:37,424 [aabdae46-dcfa-45e6-b665-2c47bb305ebb@group-52955382E6A9:LeaderElection94] INFO  impl.RoleInfo (RoleInfo.java:shutdownLeaderElection(134)) - aabdae46-dcfa-45e6-b665-2c47bb305ebb: shutdown LeaderElection
2019-09-25 04:50:37,424 [45f1801e-7cfd-420a-bb39-98f19dcc81c3@group-4F88288FBE08:LeaderElection96] INFO  impl.RoleInfo (RoleInfo.java:shutdownLeaderElection(134)) - 45f1801e-7cfd-420a-bb39-98f19dcc81c3: shutdown LeaderElection
2019-09-25 04:50:37,424 [aabdae46-dcfa-45e6-b665-2c47bb305ebb@group-52955382E6A9:LeaderElection94] INFO  impl.RaftServerImpl (RaftServerImpl.java:setRole(174)) - aabdae46-dcfa-45e6-b665-2c47bb305ebb@group-52955382E6A9: changes role from CANDIDATE to LEADER at term 1 for changeToLeader
2019-09-25 04:50:37,424 [aabdae46-dcfa-45e6-b665-2c47bb305ebb@group-92A9DF878687:LeaderElection95] INFO  impl.RoleInfo (RoleInfo.java:shutdownLeaderElection(134)) - aabdae46-dcfa-45e6-b665-2c47bb305ebb: shutdown LeaderElection
2019-09-25 04:50:37,425 [aabdae46-dcfa-45e6-b665-2c47bb305ebb@group-52955382E6A9:LeaderElection94] INFO  impl.RaftServerImpl (ServerState.java:setLeader(253)) - aabdae46-dcfa-45e6-b665-2c47bb305ebb@group-52955382E6A9: change Leader from null to aabdae46-dcfa-45e6-b665-2c47bb305ebb at term 1 for becomeLeader, leader elected after 5502ms
2019-09-25 04:50:37,425 [45f1801e-7cfd-420a-bb39-98f19dcc81c3@group-4F88288FBE08:LeaderElection96] INFO  impl.RaftServerImpl (RaftServerImpl.java:setRole(174)) - 45f1801e-7cfd-420a-bb39-98f19dcc81c3@group-4F88288FBE08: changes role from CANDIDATE to LEADER at term 1 for changeToLeader
2019-09-25 04:50:37,425 [aabdae46-dcfa-45e6-b665-2c47bb305ebb@group-52955382E6A9:LeaderElection94] INFO  server.RaftServerConfigKeys (ConfUtils.java:logGet(43)) - raft.server.staging.catchup.gap = 1000 (default)
2019-09-25 04:50:37,425 [aabdae46-dcfa-45e6-b665-2c47bb305ebb@group-92A9DF878687:LeaderElection95] INFO  impl.RaftServerImpl (RaftServerImpl.java:setRole(174)) - aabdae46-dcfa-45e6-b665-2c47bb305ebb@group-92A9DF878687: changes role from CANDIDATE to LEADER at term 1 for changeToLeader
2019-09-25 04:50:37,425 [aabdae46-dcfa-45e6-b665-2c47bb305ebb@group-52955382E6A9:LeaderElection94] INFO  server.RaftServerConfigKeys (ConfUtils.java:logGet(43)) - raft.server.rpc.sleep.time = 25ms (default)
2019-09-25 04:50:37,425 [45f1801e-7cfd-420a-bb39-98f19dcc81c3@group-4F88288FBE08:LeaderElection96] INFO  impl.RaftServerImpl (ServerState.java:setLeader(253)) - 45f1801e-7cfd-420a-bb39-98f19dcc81c3@group-4F88288FBE08: change Leader from null to 45f1801e-7cfd-420a-bb39-98f19dcc81c3 at term 1 for becomeLeader, leader elected after 5419ms
2019-09-25 04:50:37,425 [aabdae46-dcfa-45e6-b665-2c47bb305ebb@group-92A9DF878687:LeaderElection95] INFO  impl.RaftServerImpl (ServerState.java:setLeader(253)) - aabdae46-dcfa-45e6-b665-2c47bb305ebb@group-92A9DF878687: change Leader from null to aabdae46-dcfa-45e6-b665-2c47bb305ebb at term 1 for becomeLeader, leader elected after 5551ms
2019-09-25 04:50:37,426 [45f1801e-7cfd-420a-bb39-98f19dcc81c3@group-4F88288FBE08:LeaderElection96] INFO  server.RaftServerConfigKeys (ConfUtils.java:logGet(43)) - raft.server.staging.catchup.gap = 1000 (default)
2019-09-25 04:50:37,426 [aabdae46-dcfa-45e6-b665-2c47bb305ebb@group-92A9DF878687:LeaderElection95] INFO  server.RaftServerConfigKeys (ConfUtils.java:logGet(43)) - raft.server.staging.catchup.gap = 1000 (default)
2019-09-25 04:50:37,426 [45f1801e-7cfd-420a-bb39-98f19dcc81c3@group-4F88288FBE08:LeaderElection96] INFO  server.RaftServerConfigKeys (ConfUtils.java:logGet(43)) - raft.server.rpc.sleep.time = 25ms (default)
2019-09-25 04:50:37,426 [aabdae46-dcfa-45e6-b665-2c47bb305ebb@group-92A9DF878687:LeaderElection95] INFO  server.RaftServerConfigKeys (ConfUtils.java:logGet(43)) - raft.server.rpc.sleep.time = 25ms (default)
2019-09-25 04:50:37,439 [Thread-592] INFO  impl.FollowerState (FollowerState.java:run(106)) - a167ab1f-c96d-409e-bb26-ea230783d833:group-B0F24ADB821C changes to CANDIDATE, lastRpcTime:5085, electionTimeout:5085ms
2019-09-25 04:50:37,439 [Thread-592] INFO  impl.RoleInfo (RoleInfo.java:shutdownFollowerState(121)) - a167ab1f-c96d-409e-bb26-ea230783d833: shutdown FollowerState
2019-09-25 04:50:37,439 [Thread-592] INFO  impl.RaftServerImpl (RaftServerImpl.java:setRole(174)) - a167ab1f-c96d-409e-bb26-ea230783d833@group-B0F24ADB821C: changes role from  FOLLOWER to CANDIDATE at term 0 for changeToCandidate
2019-09-25 04:50:37,459 [Thread-592] INFO  impl.RoleInfo (RoleInfo.java:updateAndGet(143)) - a167ab1f-c96d-409e-bb26-ea230783d833: start LeaderElection
2019-09-25 04:50:37,465 [45f1801e-7cfd-420a-bb39-98f19dcc81c3@group-4F88288FBE08:LeaderElection96] INFO  server.RaftServerConfigKeys (ConfUtils.java:logGet(43)) - raft.server.write.element-limit = 4096 (default)
2019-09-25 04:50:37,465 [aabdae46-dcfa-45e6-b665-2c47bb305ebb@group-52955382E6A9:LeaderElection94] INFO  server.RaftServerConfigKeys (ConfUtils.java:logGet(43)) - raft.server.write.element-limit = 4096 (default)
2019-09-25 04:50:37,462 [aabdae46-dcfa-45e6-b665-2c47bb305ebb@group-92A9DF878687:LeaderElection95] INFO  server.RaftServerConfigKeys (ConfUtils.java:logGet(43)) - raft.server.write.element-limit = 4096 (default)
2019-09-25 04:50:37,469 [aabdae46-dcfa-45e6-b665-2c47bb305ebb@group-52955382E6A9:LeaderElection94] INFO  server.RaftServerConfigKeys (ConfUtils.java:logGet(43)) - raft.server.watch.timeout = 10s (default)
2019-09-25 04:50:37,466 [45f1801e-7cfd-420a-bb39-98f19dcc81c3@group-4F88288FBE08:LeaderElection96] INFO  server.RaftServerConfigKeys (ConfUtils.java:logGet(43)) - raft.server.watch.timeout = 10s (default)
2019-09-25 04:50:37,470 [aabdae46-dcfa-45e6-b665-2c47bb305ebb@group-52955382E6A9:LeaderElection94] INFO  server.RaftServerConfigKeys (ConfUtils.java:logGet(43)) - raft.server.watch.timeout.denomination = 1s (default)
2019-09-25 04:50:37,470 [aabdae46-dcfa-45e6-b665-2c47bb305ebb@group-92A9DF878687:LeaderElection95] INFO  server.RaftServerConfigKeys (ConfUtils.java:logGet(43)) - raft.server.watch.timeout = 10s (default)
2019-09-25 04:50:37,470 [aabdae46-dcfa-45e6-b665-2c47bb305ebb@group-52955382E6A9:LeaderElection94] INFO  server.RaftServerConfigKeys (ConfUtils.java:logGet(43)) - raft.server.watch.element-limit = 65536 (default)
2019-09-25 04:50:37,470 [45f1801e-7cfd-420a-bb39-98f19dcc81c3@group-4F88288FBE08:LeaderElection96] INFO  server.RaftServerConfigKeys (ConfUtils.java:logGet(43)) - raft.server.watch.timeout.denomination = 1s (default)
2019-09-25 04:50:37,470 [aabdae46-dcfa-45e6-b665-2c47bb305ebb@group-92A9DF878687:LeaderElection95] INFO  server.RaftServerConfigKeys (ConfUtils.java:logGet(43)) - raft.server.watch.timeout.denomination = 1s (default)
2019-09-25 04:50:37,471 [45f1801e-7cfd-420a-bb39-98f19dcc81c3@group-4F88288FBE08:LeaderElection96] INFO  server.RaftServerConfigKeys (ConfUtils.java:logGet(43)) - raft.server.watch.element-limit = 65536 (default)
2019-09-25 04:50:37,471 [aabdae46-dcfa-45e6-b665-2c47bb305ebb@group-92A9DF878687:LeaderElection95] INFO  server.RaftServerConfigKeys (ConfUtils.java:logGet(43)) - raft.server.watch.element-limit = 65536 (default)
2019-09-25 04:50:37,483 [a167ab1f-c96d-409e-bb26-ea230783d833@group-B0F24ADB821C:LeaderElection97] INFO  impl.LeaderElection (LeaderElection.java:askForVotes(182)) - a167ab1f-c96d-409e-bb26-ea230783d833@group-B0F24ADB821C:LeaderElection97: begin an election at term 1 for -1: [a167ab1f-c96d-409e-bb26-ea230783d833:192.168.151.106:33404], old=null
2019-09-25 04:50:37,483 [a167ab1f-c96d-409e-bb26-ea230783d833@group-B0F24ADB821C:LeaderElection97] INFO  impl.RoleInfo (RoleInfo.java:shutdownLeaderElection(134)) - a167ab1f-c96d-409e-bb26-ea230783d833: shutdown LeaderElection
2019-09-25 04:50:37,483 [a167ab1f-c96d-409e-bb26-ea230783d833@group-B0F24ADB821C:LeaderElection97] INFO  impl.RaftServerImpl (RaftServerImpl.java:setRole(174)) - a167ab1f-c96d-409e-bb26-ea230783d833@group-B0F24ADB821C: changes role from CANDIDATE to LEADER at term 1 for changeToLeader
2019-09-25 04:50:37,483 [a167ab1f-c96d-409e-bb26-ea230783d833@group-B0F24ADB821C:LeaderElection97] INFO  impl.RaftServerImpl (ServerState.java:setLeader(253)) - a167ab1f-c96d-409e-bb26-ea230783d833@group-B0F24ADB821C: change Leader from null to a167ab1f-c96d-409e-bb26-ea230783d833 at term 1 for becomeLeader, leader elected after 5138ms
2019-09-25 04:50:37,483 [a167ab1f-c96d-409e-bb26-ea230783d833@group-B0F24ADB821C:LeaderElection97] INFO  server.RaftServerConfigKeys (ConfUtils.java:logGet(43)) - raft.server.staging.catchup.gap = 1000 (default)
2019-09-25 04:50:37,484 [a167ab1f-c96d-409e-bb26-ea230783d833@group-B0F24ADB821C:LeaderElection97] INFO  server.RaftServerConfigKeys (ConfUtils.java:logGet(43)) - raft.server.rpc.sleep.time = 25ms (default)
2019-09-25 04:50:37,512 [a167ab1f-c96d-409e-bb26-ea230783d833@group-B0F24ADB821C:LeaderElection97] INFO  server.RaftServerConfigKeys (ConfUtils.java:logGet(43)) - raft.server.write.element-limit = 4096 (default)
2019-09-25 04:50:37,512 [a167ab1f-c96d-409e-bb26-ea230783d833@group-B0F24ADB821C:LeaderElection97] INFO  server.RaftServerConfigKeys (ConfUtils.java:logGet(43)) - raft.server.watch.timeout = 10s (default)
2019-09-25 04:50:37,512 [a167ab1f-c96d-409e-bb26-ea230783d833@group-B0F24ADB821C:LeaderElection97] INFO  server.RaftServerConfigKeys (ConfUtils.java:logGet(43)) - raft.server.watch.timeout.denomination = 1s (default)
2019-09-25 04:50:37,512 [a167ab1f-c96d-409e-bb26-ea230783d833@group-B0F24ADB821C:LeaderElection97] INFO  server.RaftServerConfigKeys (ConfUtils.java:logGet(43)) - raft.server.watch.element-limit = 65536 (default)
2019-09-25 04:50:37,519 [aabdae46-dcfa-45e6-b665-2c47bb305ebb@group-A731EA8FB807-SegmentedRaftLogWorker] ERROR segmented.SegmentedRaftLogWorker (SegmentedRaftLogWorker.java:run(323)) - aabdae46-dcfa-45e6-b665-2c47bb305ebb@group-A731EA8FB807-SegmentedRaftLogWorker hit exception
java.lang.OutOfMemoryError: Direct buffer memory
	at java.nio.Bits.reserveMemory(Bits.java:666)
	at java.nio.DirectByteBuffer.<init>(DirectByteBuffer.java:123)
	at java.nio.ByteBuffer.allocateDirect(ByteBuffer.java:311)
	at org.apache.ratis.server.raftlog.segmented.BufferedWriteChannel.<init>(BufferedWriteChannel.java:41)
	at org.apache.ratis.server.raftlog.segmented.SegmentedRaftLogOutputStream.<init>(SegmentedRaftLogOutputStream.java:72)
	at org.apache.ratis.server.raftlog.segmented.SegmentedRaftLogWorker$StartLogSegment.execute(SegmentedRaftLogWorker.java:566)
	at org.apache.ratis.server.raftlog.segmented.SegmentedRaftLogWorker.run(SegmentedRaftLogWorker.java:289)
	at java.lang.Thread.run(Thread.java:748)
2019-09-25 04:50:37,520 [aabdae46-dcfa-45e6-b665-2c47bb305ebb@group-A731EA8FB807-SegmentedRaftLogWorker] INFO  impl.RaftServerImpl (RaftServerImpl.java:lambda$shutdown$3(251)) - aabdae46-dcfa-45e6-b665-2c47bb305ebb@group-A731EA8FB807: shutdown
2019-09-25 04:50:37,520 [aabdae46-dcfa-45e6-b665-2c47bb305ebb@group-A731EA8FB807-SegmentedRaftLogWorker] INFO  util.JmxRegister (JmxRegister.java:unregister(73)) - Successfully un-registered JMX Bean with object name Ratis:service=RaftServer,group=group-A731EA8FB807,id=aabdae46-dcfa-45e6-b665-2c47bb305ebb
2019-09-25 04:50:37,520 [aabdae46-dcfa-45e6-b665-2c47bb305ebb@group-A731EA8FB807-SegmentedRaftLogWorker] INFO  impl.RoleInfo (RoleInfo.java:shutdownLeaderState(104)) - aabdae46-dcfa-45e6-b665-2c47bb305ebb: shutdown LeaderState
2019-09-25 04:50:37,520 [9216b865-ce6b-4fb7-bc99-65479a86b6eb@group-D9FC74FABA2F-SegmentedRaftLogWorker] ERROR segmented.SegmentedRaftLogWorker (SegmentedRaftLogWorker.java:run(323)) - 9216b865-ce6b-4fb7-bc99-65479a86b6eb@group-D9FC74FABA2F-SegmentedRaftLogWorker hit exception
java.lang.OutOfMemoryError: Direct buffer memory
	at java.nio.Bits.reserveMemory(Bits.java:666)
	at java.nio.DirectByteBuffer.<init>(DirectByteBuffer.java:123)
	at java.nio.ByteBuffer.allocateDirect(ByteBuffer.java:311)
	at org.apache.ratis.server.raftlog.segmented.BufferedWriteChannel.<init>(BufferedWriteChannel.java:41)
	at org.apache.ratis.server.raftlog.segmented.SegmentedRaftLogOutputStream.<init>(SegmentedRaftLogOutputStream.java:72)
	at org.apache.ratis.server.raftlog.segmented.SegmentedRaftLogWorker$StartLogSegment.execute(SegmentedRaftLogWorker.java:566)
	at org.apache.ratis.server.raftlog.segmented.SegmentedRaftLogWorker.run(SegmentedRaftLogWorker.java:289)
	at java.lang.Thread.run(Thread.java:748)
2019-09-25 04:50:37,520 [aabdae46-dcfa-45e6-b665-2c47bb305ebb@group-A731EA8FB807-SegmentedRaftLogWorker] INFO  impl.PendingRequests (PendingRequests.java:sendNotLeaderResponses(202)) - aabdae46-dcfa-45e6-b665-2c47bb305ebb-PendingRequests: sendNotLeaderResponses
2019-09-25 04:50:37,520 [4f7802c6-3418-4fbd-b0c6-a8e36fcecb0a@group-24B127BB6DA0-SegmentedRaftLogWorker] ERROR segmented.SegmentedRaftLogWorker (SegmentedRaftLogWorker.java:run(323)) - 4f7802c6-3418-4fbd-b0c6-a8e36fcecb0a@group-24B127BB6DA0-SegmentedRaftLogWorker hit exception
java.lang.OutOfMemoryError: Direct buffer memory
	at java.nio.Bits.reserveMemory(Bits.java:666)
	at java.nio.DirectByteBuffer.<init>(DirectByteBuffer.java:123)
	at java.nio.ByteBuffer.allocateDirect(ByteBuffer.java:311)
	at org.apache.ratis.server.raftlog.segmented.BufferedWriteChannel.<init>(BufferedWriteChannel.java:41)
	at org.apache.ratis.server.raftlog.segmented.SegmentedRaftLogOutputStream.<init>(SegmentedRaftLogOutputStream.java:72)
	at org.apache.ratis.server.raftlog.segmented.SegmentedRaftLogWorker$StartLogSegment.execute(SegmentedRaftLogWorker.java:566)
	at org.apache.ratis.server.raftlog.segmented.SegmentedRaftLogWorker.run(SegmentedRaftLogWorker.java:289)
	at java.lang.Thread.run(Thread.java:748)
2019-09-25 04:50:37,521 [aabdae46-dcfa-45e6-b665-2c47bb305ebb@group-A731EA8FB807-SegmentedRaftLogWorker] INFO  impl.StateMachineUpdater (StateMachineUpdater.java:stopAndJoin(125)) - aabdae46-dcfa-45e6-b665-2c47bb305ebb@group-A731EA8FB807-StateMachineUpdater: set stopIndex = -1
2019-09-25 04:50:37,521 [aabdae46-dcfa-45e6-b665-2c47bb305ebb@group-A731EA8FB807-SegmentedRaftLogWorker] INFO  impl.RaftServerImpl (ServerState.java:close(385)) - aabdae46-dcfa-45e6-b665-2c47bb305ebb@group-A731EA8FB807: closes. applyIndex: -1
2019-09-25 04:50:37,520 [9216b865-ce6b-4fb7-bc99-65479a86b6eb@group-D9FC74FABA2F-SegmentedRaftLogWorker] INFO  impl.RaftServerImpl (RaftServerImpl.java:lambda$shutdown$3(251)) - 9216b865-ce6b-4fb7-bc99-65479a86b6eb@group-D9FC74FABA2F: shutdown
2019-09-25 04:50:37,522 [aabdae46-dcfa-45e6-b665-2c47bb305ebb@group-A731EA8FB807-SegmentedRaftLogWorker] INFO  segmented.SegmentedRaftLogWorker (SegmentedRaftLogWorker.java:close(228)) - aabdae46-dcfa-45e6-b665-2c47bb305ebb@group-A731EA8FB807-SegmentedRaftLogWorker close()
2019-09-25 04:50:37,521 [4f7802c6-3418-4fbd-b0c6-a8e36fcecb0a@group-24B127BB6DA0-SegmentedRaftLogWorker] INFO  impl.RaftServerImpl (RaftServerImpl.java:lambda$shutdown$3(251)) - 4f7802c6-3418-4fbd-b0c6-a8e36fcecb0a@group-24B127BB6DA0: shutdown
2019-09-25 04:50:37,522 [9216b865-ce6b-4fb7-bc99-65479a86b6eb@group-D9FC74FABA2F-SegmentedRaftLogWorker] INFO  util.JmxRegister (JmxRegister.java:unregister(73)) - Successfully un-registered JMX Bean with object name Ratis:service=RaftServer,group=group-D9FC74FABA2F,id=9216b865-ce6b-4fb7-bc99-65479a86b6eb
2019-09-25 04:50:37,522 [4f7802c6-3418-4fbd-b0c6-a8e36fcecb0a@group-24B127BB6DA0-SegmentedRaftLogWorker] INFO  util.JmxRegister (JmxRegister.java:unregister(73)) - Successfully un-registered JMX Bean with object name Ratis:service=RaftServer,group=group-24B127BB6DA0,id=4f7802c6-3418-4fbd-b0c6-a8e36fcecb0a
2019-09-25 04:50:37,522 [9216b865-ce6b-4fb7-bc99-65479a86b6eb@group-D9FC74FABA2F-SegmentedRaftLogWorker] INFO  impl.RoleInfo (RoleInfo.java:shutdownLeaderState(104)) - 9216b865-ce6b-4fb7-bc99-65479a86b6eb: shutdown LeaderState
2019-09-25 04:50:37,522 [4f7802c6-3418-4fbd-b0c6-a8e36fcecb0a@group-24B127BB6DA0-SegmentedRaftLogWorker] INFO  impl.RoleInfo (RoleInfo.java:shutdownLeaderState(104)) - 4f7802c6-3418-4fbd-b0c6-a8e36fcecb0a: shutdown LeaderState
2019-09-25 04:50:37,522 [9216b865-ce6b-4fb7-bc99-65479a86b6eb@group-D9FC74FABA2F-SegmentedRaftLogWorker] INFO  impl.PendingRequests (PendingRequests.java:sendNotLeaderResponses(202)) - 9216b865-ce6b-4fb7-bc99-65479a86b6eb-PendingRequests: sendNotLeaderResponses
2019-09-25 04:50:37,523 [4f7802c6-3418-4fbd-b0c6-a8e36fcecb0a@group-24B127BB6DA0-SegmentedRaftLogWorker] INFO  impl.PendingRequests (PendingRequests.java:sendNotLeaderResponses(202)) - 4f7802c6-3418-4fbd-b0c6-a8e36fcecb0a-PendingRequests: sendNotLeaderResponses
2019-09-25 04:50:37,523 [9216b865-ce6b-4fb7-bc99-65479a86b6eb@group-D9FC74FABA2F-SegmentedRaftLogWorker] INFO  impl.StateMachineUpdater (StateMachineUpdater.java:stopAndJoin(125)) - 9216b865-ce6b-4fb7-bc99-65479a86b6eb@group-D9FC74FABA2F-StateMachineUpdater: set stopIndex = -1
2019-09-25 04:50:37,523 [4f7802c6-3418-4fbd-b0c6-a8e36fcecb0a@group-24B127BB6DA0-SegmentedRaftLogWorker] INFO  impl.StateMachineUpdater (StateMachineUpdater.java:stopAndJoin(125)) - 4f7802c6-3418-4fbd-b0c6-a8e36fcecb0a@group-24B127BB6DA0-StateMachineUpdater: set stopIndex = -1
2019-09-25 04:50:37,523 [9216b865-ce6b-4fb7-bc99-65479a86b6eb@group-D9FC74FABA2F-SegmentedRaftLogWorker] INFO  impl.RaftServerImpl (ServerState.java:close(385)) - 9216b865-ce6b-4fb7-bc99-65479a86b6eb@group-D9FC74FABA2F: closes. applyIndex: -1
2019-09-25 04:50:37,523 [9216b865-ce6b-4fb7-bc99-65479a86b6eb@group-D9FC74FABA2F-SegmentedRaftLogWorker] INFO  segmented.SegmentedRaftLogWorker (SegmentedRaftLogWorker.java:close(228)) - 9216b865-ce6b-4fb7-bc99-65479a86b6eb@group-D9FC74FABA2F-SegmentedRaftLogWorker close()
2019-09-25 04:50:37,523 [4f7802c6-3418-4fbd-b0c6-a8e36fcecb0a@group-24B127BB6DA0-SegmentedRaftLogWorker] INFO  impl.RaftServerImpl (ServerState.java:close(385)) - 4f7802c6-3418-4fbd-b0c6-a8e36fcecb0a@group-24B127BB6DA0: closes. applyIndex: -1
2019-09-25 04:50:37,524 [4f7802c6-3418-4fbd-b0c6-a8e36fcecb0a@group-24B127BB6DA0-SegmentedRaftLogWorker] INFO  segmented.SegmentedRaftLogWorker (SegmentedRaftLogWorker.java:close(228)) - 4f7802c6-3418-4fbd-b0c6-a8e36fcecb0a@group-24B127BB6DA0-SegmentedRaftLogWorker close()
2019-09-25 04:50:37,593 [Thread-602] INFO  impl.FollowerState (FollowerState.java:run(106)) - a167ab1f-c96d-409e-bb26-ea230783d833:group-285A6C6583B2 changes to CANDIDATE, lastRpcTime:5093, electionTimeout:5093ms
2019-09-25 04:50:37,593 [Thread-602] INFO  impl.RoleInfo (RoleInfo.java:shutdownFollowerState(121)) - a167ab1f-c96d-409e-bb26-ea230783d833: shutdown FollowerState
2019-09-25 04:50:37,593 [Thread-602] INFO  impl.RaftServerImpl (RaftServerImpl.java:setRole(174)) - a167ab1f-c96d-409e-bb26-ea230783d833@group-285A6C6583B2: changes role from  FOLLOWER to CANDIDATE at term 0 for changeToCandidate
2019-09-25 04:50:37,613 [Thread-602] INFO  impl.RoleInfo (RoleInfo.java:updateAndGet(143)) - a167ab1f-c96d-409e-bb26-ea230783d833: start LeaderElection
2019-09-25 04:50:37,627 [a167ab1f-c96d-409e-bb26-ea230783d833@group-285A6C6583B2:LeaderElection98] INFO  impl.LeaderElection (LeaderElection.java:askForVotes(182)) - a167ab1f-c96d-409e-bb26-ea230783d833@group-285A6C6583B2:LeaderElection98: begin an election at term 1 for -1: [a167ab1f-c96d-409e-bb26-ea230783d833:192.168.151.106:33404], old=null
2019-09-25 04:50:37,628 [a167ab1f-c96d-409e-bb26-ea230783d833@group-285A6C6583B2:LeaderElection98] INFO  impl.RoleInfo (RoleInfo.java:shutdownLeaderElection(134)) - a167ab1f-c96d-409e-bb26-ea230783d833: shutdown LeaderElection
2019-09-25 04:50:37,628 [a167ab1f-c96d-409e-bb26-ea230783d833@group-285A6C6583B2:LeaderElection98] INFO  impl.RaftServerImpl (RaftServerImpl.java:setRole(174)) - a167ab1f-c96d-409e-bb26-ea230783d833@group-285A6C6583B2: changes role from CANDIDATE to LEADER at term 1 for changeToLeader
2019-09-25 04:50:37,628 [a167ab1f-c96d-409e-bb26-ea230783d833@group-285A6C6583B2:LeaderElection98] INFO  impl.RaftServerImpl (ServerState.java:setLeader(253)) - a167ab1f-c96d-409e-bb26-ea230783d833@group-285A6C6583B2: change Leader from null to a167ab1f-c96d-409e-bb26-ea230783d833 at term 1 for becomeLeader, leader elected after 5184ms
2019-09-25 04:50:37,628 [a167ab1f-c96d-409e-bb26-ea230783d833@group-285A6C6583B2:LeaderElection98] INFO  server.RaftServerConfigKeys (ConfUtils.java:logGet(43)) - raft.server.staging.catchup.gap = 1000 (default)
2019-09-25 04:50:37,628 [a167ab1f-c96d-409e-bb26-ea230783d833@group-285A6C6583B2:LeaderElection98] INFO  server.RaftServerConfigKeys (ConfUtils.java:logGet(43)) - raft.server.rpc.sleep.time = 25ms (default)
2019-09-25 04:50:37,648 [aabdae46-dcfa-45e6-b665-2c47bb305ebb@group-A1290D0B8E67-SegmentedRaftLogWorker] ERROR segmented.SegmentedRaftLogWorker (SegmentedRaftLogWorker.java:run(323)) - aabdae46-dcfa-45e6-b665-2c47bb305ebb@group-A1290D0B8E67-SegmentedRaftLogWorker hit exception
java.lang.OutOfMemoryError: Direct buffer memory
	at java.nio.Bits.reserveMemory(Bits.java:666)
	at java.nio.DirectByteBuffer.<init>(DirectByteBuffer.java:123)
	at java.nio.ByteBuffer.allocateDirect(ByteBuffer.java:311)
	at org.apache.ratis.server.raftlog.segmented.BufferedWriteChannel.<init>(BufferedWriteChannel.java:41)
	at org.apache.ratis.server.raftlog.segmented.SegmentedRaftLogOutputStream.<init>(SegmentedRaftLogOutputStream.java:72)
	at org.apache.ratis.server.raftlog.segmented.SegmentedRaftLogWorker$StartLogSegment.execute(SegmentedRaftLogWorker.java:566)
	at org.apache.ratis.server.raftlog.segmented.SegmentedRaftLogWorker.run(SegmentedRaftLogWorker.java:289)
	at java.lang.Thread.run(Thread.java:748)
2019-09-25 04:50:37,648 [45f1801e-7cfd-420a-bb39-98f19dcc81c3@group-F1A1A1A81453-SegmentedRaftLogWorker] ERROR segmented.SegmentedRaftLogWorker (SegmentedRaftLogWorker.java:run(323)) - 45f1801e-7cfd-420a-bb39-98f19dcc81c3@group-F1A1A1A81453-SegmentedRaftLogWorker hit exception
java.lang.OutOfMemoryError: Direct buffer memory
	at java.nio.Bits.reserveMemory(Bits.java:666)
	at java.nio.DirectByteBuffer.<init>(DirectByteBuffer.java:123)
	at java.nio.ByteBuffer.allocateDirect(ByteBuffer.java:311)
	at org.apache.ratis.server.raftlog.segmented.BufferedWriteChannel.<init>(BufferedWriteChannel.java:41)
	at org.apache.ratis.server.raftlog.segmented.SegmentedRaftLogOutputStream.<init>(SegmentedRaftLogOutputStream.java:72)
	at org.apache.ratis.server.raftlog.segmented.SegmentedRaftLogWorker$StartLogSegment.execute(SegmentedRaftLogWorker.java:566)
	at org.apache.ratis.server.raftlog.segmented.SegmentedRaftLogWorker.run(SegmentedRaftLogWorker.java:289)
	at java.lang.Thread.run(Thread.java:748)
2019-09-25 04:50:37,649 [45f1801e-7cfd-420a-bb39-98f19dcc81c3@group-F1A1A1A81453-SegmentedRaftLogWorker] INFO  impl.RaftServerImpl (RaftServerImpl.java:lambda$shutdown$3(251)) - 45f1801e-7cfd-420a-bb39-98f19dcc81c3@group-F1A1A1A81453: shutdown
2019-09-25 04:50:37,648 [c35819d4-86f4-4223-a458-676070fe0cbb@group-5B036C1CFED7-SegmentedRaftLogWorker] ERROR segmented.SegmentedRaftLogWorker (SegmentedRaftLogWorker.java:run(323)) - c35819d4-86f4-4223-a458-676070fe0cbb@group-5B036C1CFED7-SegmentedRaftLogWorker hit exception
java.lang.OutOfMemoryError: Direct buffer memory
	at java.nio.Bits.reserveMemory(Bits.java:666)
	at java.nio.DirectByteBuffer.<init>(DirectByteBuffer.java:123)
	at java.nio.ByteBuffer.allocateDirect(ByteBuffer.java:311)
	at org.apache.ratis.server.raftlog.segmented.BufferedWriteChannel.<init>(BufferedWriteChannel.java:41)
	at org.apache.ratis.server.raftlog.segmented.SegmentedRaftLogOutputStream.<init>(SegmentedRaftLogOutputStream.java:72)
	at org.apache.ratis.server.raftlog.segmented.SegmentedRaftLogWorker$StartLogSegment.execute(SegmentedRaftLogWorker.java:566)
	at org.apache.ratis.server.raftlog.segmented.SegmentedRaftLogWorker.run(SegmentedRaftLogWorker.java:289)
	at java.lang.Thread.run(Thread.java:748)
2019-09-25 04:50:37,649 [c35819d4-86f4-4223-a458-676070fe0cbb@group-5B036C1CFED7-SegmentedRaftLogWorker] INFO  impl.RaftServerImpl (RaftServerImpl.java:lambda$shutdown$3(251)) - c35819d4-86f4-4223-a458-676070fe0cbb@group-5B036C1CFED7: shutdown
2019-09-25 04:50:37,649 [45f1801e-7cfd-420a-bb39-98f19dcc81c3@group-F1A1A1A81453-SegmentedRaftLogWorker] INFO  util.JmxRegister (JmxRegister.java:unregister(73)) - Successfully un-registered JMX Bean with object name Ratis:service=RaftServer,group=group-F1A1A1A81453,id=45f1801e-7cfd-420a-bb39-98f19dcc81c3
2019-09-25 04:50:37,648 [aabdae46-dcfa-45e6-b665-2c47bb305ebb@group-A1290D0B8E67-SegmentedRaftLogWorker] INFO  impl.RaftServerImpl (RaftServerImpl.java:lambda$shutdown$3(251)) - aabdae46-dcfa-45e6-b665-2c47bb305ebb@group-A1290D0B8E67: shutdown
2019-09-25 04:50:37,650 [45f1801e-7cfd-420a-bb39-98f19dcc81c3@group-F1A1A1A81453-SegmentedRaftLogWorker] INFO  impl.RoleInfo (RoleInfo.java:shutdownLeaderState(104)) - 45f1801e-7cfd-420a-bb39-98f19dcc81c3: shutdown LeaderState
2019-09-25 04:50:37,649 [c35819d4-86f4-4223-a458-676070fe0cbb@group-5B036C1CFED7-SegmentedRaftLogWorker] INFO  util.JmxRegister (JmxRegister.java:unregister(73)) - Successfully un-registered JMX Bean with object name Ratis:service=RaftServer,group=group-5B036C1CFED7,id=c35819d4-86f4-4223-a458-676070fe0cbb
2019-09-25 04:50:37,650 [45f1801e-7cfd-420a-bb39-98f19dcc81c3@group-F1A1A1A81453-SegmentedRaftLogWorker] INFO  impl.PendingRequests (PendingRequests.java:sendNotLeaderResponses(202)) - 45f1801e-7cfd-420a-bb39-98f19dcc81c3-PendingRequests: sendNotLeaderResponses
2019-09-25 04:50:37,650 [aabdae46-dcfa-45e6-b665-2c47bb305ebb@group-A1290D0B8E67-SegmentedRaftLogWorker] INFO  util.JmxRegister (JmxRegister.java:unregister(73)) - Successfully un-registered JMX Bean with object name Ratis:service=RaftServer,group=group-A1290D0B8E67,id=aabdae46-dcfa-45e6-b665-2c47bb305ebb
2019-09-25 04:50:37,650 [45f1801e-7cfd-420a-bb39-98f19dcc81c3@group-F1A1A1A81453-SegmentedRaftLogWorker] INFO  impl.StateMachineUpdater (StateMachineUpdater.java:stopAndJoin(125)) - 45f1801e-7cfd-420a-bb39-98f19dcc81c3@group-F1A1A1A81453-StateMachineUpdater: set stopIndex = -1
2019-09-25 04:50:37,650 [c35819d4-86f4-4223-a458-676070fe0cbb@group-5B036C1CFED7-SegmentedRaftLogWorker] INFO  impl.RoleInfo (RoleInfo.java:shutdownLeaderState(104)) - c35819d4-86f4-4223-a458-676070fe0cbb: shutdown LeaderState
2019-09-25 04:50:37,650 [aabdae46-dcfa-45e6-b665-2c47bb305ebb@group-A1290D0B8E67-SegmentedRaftLogWorker] INFO  impl.RoleInfo (RoleInfo.java:shutdownLeaderState(104)) - aabdae46-dcfa-45e6-b665-2c47bb305ebb: shutdown LeaderState
2019-09-25 04:50:37,651 [45f1801e-7cfd-420a-bb39-98f19dcc81c3@group-F1A1A1A81453-SegmentedRaftLogWorker] INFO  impl.RaftServerImpl (ServerState.java:close(385)) - 45f1801e-7cfd-420a-bb39-98f19dcc81c3@group-F1A1A1A81453: closes. applyIndex: -1
2019-09-25 04:50:37,651 [c35819d4-86f4-4223-a458-676070fe0cbb@group-5B036C1CFED7-SegmentedRaftLogWorker] INFO  impl.PendingRequests (PendingRequests.java:sendNotLeaderResponses(202)) - c35819d4-86f4-4223-a458-676070fe0cbb-PendingRequests: sendNotLeaderResponses
2019-09-25 04:50:37,651 [45f1801e-7cfd-420a-bb39-98f19dcc81c3@group-F1A1A1A81453-SegmentedRaftLogWorker] INFO  segmented.SegmentedRaftLogWorker (SegmentedRaftLogWorker.java:close(228)) - 45f1801e-7cfd-420a-bb39-98f19dcc81c3@group-F1A1A1A81453-SegmentedRaftLogWorker close()
2019-09-25 04:50:37,651 [c35819d4-86f4-4223-a458-676070fe0cbb@group-5B036C1CFED7-SegmentedRaftLogWorker] INFO  impl.StateMachineUpdater (StateMachineUpdater.java:stopAndJoin(125)) - c35819d4-86f4-4223-a458-676070fe0cbb@group-5B036C1CFED7-StateMachineUpdater: set stopIndex = -1
2019-09-25 04:50:37,651 [aabdae46-dcfa-45e6-b665-2c47bb305ebb@group-A1290D0B8E67-SegmentedRaftLogWorker] INFO  impl.PendingRequests (PendingRequests.java:sendNotLeaderResponses(202)) - aabdae46-dcfa-45e6-b665-2c47bb305ebb-PendingRequests: sendNotLeaderResponses
2019-09-25 04:50:37,652 [c35819d4-86f4-4223-a458-676070fe0cbb@group-5B036C1CFED7-SegmentedRaftLogWorker] INFO  impl.RaftServerImpl (ServerState.java:close(385)) - c35819d4-86f4-4223-a458-676070fe0cbb@group-5B036C1CFED7: closes. applyIndex: -1
2019-09-25 04:50:37,652 [aabdae46-dcfa-45e6-b665-2c47bb305ebb@group-A1290D0B8E67-SegmentedRaftLogWorker] INFO  impl.StateMachineUpdater (StateMachineUpdater.java:stopAndJoin(125)) - aabdae46-dcfa-45e6-b665-2c47bb305ebb@group-A1290D0B8E67-StateMachineUpdater: set stopIndex = -1
2019-09-25 04:50:37,652 [c35819d4-86f4-4223-a458-676070fe0cbb@group-5B036C1CFED7-SegmentedRaftLogWorker] INFO  segmented.SegmentedRaftLogWorker (SegmentedRaftLogWorker.java:close(228)) - c35819d4-86f4-4223-a458-676070fe0cbb@group-5B036C1CFED7-SegmentedRaftLogWorker close()
2019-09-25 04:50:37,652 [aabdae46-dcfa-45e6-b665-2c47bb305ebb@group-A1290D0B8E67-SegmentedRaftLogWorker] INFO  impl.RaftServerImpl (ServerState.java:close(385)) - aabdae46-dcfa-45e6-b665-2c47bb305ebb@group-A1290D0B8E67: closes. applyIndex: -1
2019-09-25 04:50:37,652 [aabdae46-dcfa-45e6-b665-2c47bb305ebb@group-A1290D0B8E67-SegmentedRaftLogWorker] INFO  segmented.SegmentedRaftLogWorker (SegmentedRaftLogWorker.java:close(228)) - aabdae46-dcfa-45e6-b665-2c47bb305ebb@group-A1290D0B8E67-SegmentedRaftLogWorker close()
2019-09-25 04:50:37,669 [a167ab1f-c96d-409e-bb26-ea230783d833@group-285A6C6583B2:LeaderElection98] INFO  server.RaftServerConfigKeys (ConfUtils.java:logGet(43)) - raft.server.write.element-limit = 4096 (default)
2019-09-25 04:50:37,669 [a167ab1f-c96d-409e-bb26-ea230783d833@group-285A6C6583B2:LeaderElection98] INFO  server.RaftServerConfigKeys (ConfUtils.java:logGet(43)) - raft.server.watch.timeout = 10s (default)
2019-09-25 04:50:37,673 [a167ab1f-c96d-409e-bb26-ea230783d833@group-285A6C6583B2:LeaderElection98] INFO  server.RaftServerConfigKeys (ConfUtils.java:logGet(43)) - raft.server.watch.timeout.denomination = 1s (default)
2019-09-25 04:50:37,673 [a167ab1f-c96d-409e-bb26-ea230783d833@group-285A6C6583B2:LeaderElection98] INFO  server.RaftServerConfigKeys (ConfUtils.java:logGet(43)) - raft.server.watch.element-limit = 65536 (default)
2019-09-25 04:50:37,777 [a167ab1f-c96d-409e-bb26-ea230783d833@group-5CCC66FDB320-SegmentedRaftLogWorker] ERROR segmented.SegmentedRaftLogWorker (SegmentedRaftLogWorker.java:run(323)) - a167ab1f-c96d-409e-bb26-ea230783d833@group-5CCC66FDB320-SegmentedRaftLogWorker hit exception
java.lang.OutOfMemoryError: Direct buffer memory
	at java.nio.Bits.reserveMemory(Bits.java:666)
	at java.nio.DirectByteBuffer.<init>(DirectByteBuffer.java:123)
	at java.nio.ByteBuffer.allocateDirect(ByteBuffer.java:311)
	at org.apache.ratis.server.raftlog.segmented.BufferedWriteChannel.<init>(BufferedWriteChannel.java:41)
	at org.apache.ratis.server.raftlog.segmented.SegmentedRaftLogOutputStream.<init>(SegmentedRaftLogOutputStream.java:72)
	at org.apache.ratis.server.raftlog.segmented.SegmentedRaftLogWorker$StartLogSegment.execute(SegmentedRaftLogWorker.java:566)
	at org.apache.ratis.server.raftlog.segmented.SegmentedRaftLogWorker.run(SegmentedRaftLogWorker.java:289)
	at java.lang.Thread.run(Thread.java:748)
2019-09-25 04:50:37,785 [a167ab1f-c96d-409e-bb26-ea230783d833@group-5CCC66FDB320-SegmentedRaftLogWorker] INFO  impl.RaftServerImpl (RaftServerImpl.java:lambda$shutdown$3(251)) - a167ab1f-c96d-409e-bb26-ea230783d833@group-5CCC66FDB320: shutdown
2019-09-25 04:50:37,785 [a167ab1f-c96d-409e-bb26-ea230783d833@group-5CCC66FDB320-SegmentedRaftLogWorker] INFO  util.JmxRegister (JmxRegister.java:unregister(73)) - Successfully un-registered JMX Bean with object name Ratis:service=RaftServer,group=group-5CCC66FDB320,id=a167ab1f-c96d-409e-bb26-ea230783d833
2019-09-25 04:50:37,785 [a167ab1f-c96d-409e-bb26-ea230783d833@group-5CCC66FDB320-SegmentedRaftLogWorker] INFO  impl.RoleInfo (RoleInfo.java:shutdownLeaderState(104)) - a167ab1f-c96d-409e-bb26-ea230783d833: shutdown LeaderState
2019-09-25 04:50:37,785 [a167ab1f-c96d-409e-bb26-ea230783d833@group-5CCC66FDB320-SegmentedRaftLogWorker] INFO  impl.PendingRequests (PendingRequests.java:sendNotLeaderResponses(202)) - a167ab1f-c96d-409e-bb26-ea230783d833-PendingRequests: sendNotLeaderResponses
2019-09-25 04:50:37,786 [a167ab1f-c96d-409e-bb26-ea230783d833@group-5CCC66FDB320-SegmentedRaftLogWorker] INFO  impl.StateMachineUpdater (StateMachineUpdater.java:stopAndJoin(125)) - a167ab1f-c96d-409e-bb26-ea230783d833@group-5CCC66FDB320-StateMachineUpdater: set stopIndex = -1
2019-09-25 04:50:37,786 [a167ab1f-c96d-409e-bb26-ea230783d833@group-5CCC66FDB320-SegmentedRaftLogWorker] INFO  impl.RaftServerImpl (ServerState.java:close(385)) - a167ab1f-c96d-409e-bb26-ea230783d833@group-5CCC66FDB320: closes. applyIndex: -1
2019-09-25 04:50:37,786 [a167ab1f-c96d-409e-bb26-ea230783d833@group-5CCC66FDB320-SegmentedRaftLogWorker] INFO  segmented.SegmentedRaftLogWorker (SegmentedRaftLogWorker.java:close(228)) - a167ab1f-c96d-409e-bb26-ea230783d833@group-5CCC66FDB320-SegmentedRaftLogWorker close()
2019-09-25 04:50:37,809 [a167ab1f-c96d-409e-bb26-ea230783d833@group-285A6C6583B2:LeaderElection98] INFO  impl.RoleInfo (RoleInfo.java:updateAndGet(143)) - a167ab1f-c96d-409e-bb26-ea230783d833: start LeaderState
2019-09-25 04:50:37,810 [a167ab1f-c96d-409e-bb26-ea230783d833@group-285A6C6583B2:LeaderElection98] INFO  segmented.SegmentedRaftLogWorker (SegmentedRaftLogWorker.java:startLogSegment(380)) - a167ab1f-c96d-409e-bb26-ea230783d833@group-285A6C6583B2-SegmentedRaftLogWorker: Starting segment from index:0
2019-09-25 04:50:38,051 [Thread-618] INFO  impl.FollowerState (FollowerState.java:run(106)) - 9216b865-ce6b-4fb7-bc99-65479a86b6eb:group-D6395173AEA9 changes to CANDIDATE, lastRpcTime:5190, electionTimeout:5142ms
2019-09-25 04:50:38,053 [Thread-614] INFO  impl.FollowerState (FollowerState.java:run(106)) - aabdae46-dcfa-45e6-b665-2c47bb305ebb:group-AC95CF6AEBCA changes to CANDIDATE, lastRpcTime:5313, electionTimeout:5131ms
2019-09-25 04:50:38,054 [a167ab1f-c96d-409e-bb26-ea230783d833@group-285A6C6583B2:LeaderElection98] INFO  impl.RaftServerImpl (ServerState.java:setRaftConf(354)) - a167ab1f-c96d-409e-bb26-ea230783d833@group-285A6C6583B2: set configuration 0: [a167ab1f-c96d-409e-bb26-ea230783d833:192.168.151.106:33404], old=null at 0
2019-09-25 04:50:38,056 [Thread-618] INFO  impl.RoleInfo (RoleInfo.java:shutdownFollowerState(121)) - 9216b865-ce6b-4fb7-bc99-65479a86b6eb: shutdown FollowerState
2019-09-25 04:50:38,056 [Thread-614] INFO  impl.RoleInfo (RoleInfo.java:shutdownFollowerState(121)) - aabdae46-dcfa-45e6-b665-2c47bb305ebb: shutdown FollowerState
2019-09-25 04:50:38,056 [Thread-618] INFO  impl.RaftServerImpl (RaftServerImpl.java:setRole(174)) - 9216b865-ce6b-4fb7-bc99-65479a86b6eb@group-D6395173AEA9: changes role from  FOLLOWER to CANDIDATE at term 0 for changeToCandidate
2019-09-25 04:50:38,056 [Thread-614] INFO  impl.RaftServerImpl (RaftServerImpl.java:setRole(174)) - aabdae46-dcfa-45e6-b665-2c47bb305ebb@group-AC95CF6AEBCA: changes role from  FOLLOWER to CANDIDATE at term 0 for changeToCandidate
2019-09-25 04:50:38,056 [Thread-618] INFO  impl.RoleInfo (RoleInfo.java:updateAndGet(143)) - 9216b865-ce6b-4fb7-bc99-65479a86b6eb: start LeaderElection
2019-09-25 04:50:38,057 [Thread-614] INFO  impl.RoleInfo (RoleInfo.java:updateAndGet(143)) - aabdae46-dcfa-45e6-b665-2c47bb305ebb: start LeaderElection
2019-09-25 04:50:38,083 [9216b865-ce6b-4fb7-bc99-65479a86b6eb@group-D6395173AEA9:LeaderElection99] INFO  impl.LeaderElection (LeaderElection.java:askForVotes(182)) - 9216b865-ce6b-4fb7-bc99-65479a86b6eb@group-D6395173AEA9:LeaderElection99: begin an election at term 1 for -1: [9216b865-ce6b-4fb7-bc99-65479a86b6eb:192.168.151.106:43252], old=null
2019-09-25 04:50:38,083 [aabdae46-dcfa-45e6-b665-2c47bb305ebb@group-AC95CF6AEBCA:LeaderElection100] INFO  impl.LeaderElection (LeaderElection.java:askForVotes(182)) - aabdae46-dcfa-45e6-b665-2c47bb305ebb@group-AC95CF6AEBCA:LeaderElection100: begin an election at term 1 for -1: [aabdae46-dcfa-45e6-b665-2c47bb305ebb:192.168.151.106:41436], old=null
2019-09-25 04:50:38,083 [9216b865-ce6b-4fb7-bc99-65479a86b6eb@group-D6395173AEA9:LeaderElection99] INFO  impl.RoleInfo (RoleInfo.java:shutdownLeaderElection(134)) - 9216b865-ce6b-4fb7-bc99-65479a86b6eb: shutdown LeaderElection
2019-09-25 04:50:38,083 [aabdae46-dcfa-45e6-b665-2c47bb305ebb@group-AC95CF6AEBCA:LeaderElection100] INFO  impl.RoleInfo (RoleInfo.java:shutdownLeaderElection(134)) - aabdae46-dcfa-45e6-b665-2c47bb305ebb: shutdown LeaderElection
2019-09-25 04:50:38,083 [9216b865-ce6b-4fb7-bc99-65479a86b6eb@group-D6395173AEA9:LeaderElection99] INFO  impl.RaftServerImpl (RaftServerImpl.java:setRole(174)) - 9216b865-ce6b-4fb7-bc99-65479a86b6eb@group-D6395173AEA9: changes role from CANDIDATE to LEADER at term 1 for changeToLeader
2019-09-25 04:50:38,083 [aabdae46-dcfa-45e6-b665-2c47bb305ebb@group-AC95CF6AEBCA:LeaderElection100] INFO  impl.RaftServerImpl (RaftServerImpl.java:setRole(174)) - aabdae46-dcfa-45e6-b665-2c47bb305ebb@group-AC95CF6AEBCA: changes role from CANDIDATE to LEADER at term 1 for changeToLeader
2019-09-25 04:50:38,083 [9216b865-ce6b-4fb7-bc99-65479a86b6eb@group-D6395173AEA9:LeaderElection99] INFO  impl.RaftServerImpl (ServerState.java:setLeader(253)) - 9216b865-ce6b-4fb7-bc99-65479a86b6eb@group-D6395173AEA9: change Leader from null to 9216b865-ce6b-4fb7-bc99-65479a86b6eb at term 1 for becomeLeader, leader elected after 5235ms
2019-09-25 04:50:38,084 [aabdae46-dcfa-45e6-b665-2c47bb305ebb@group-AC95CF6AEBCA:LeaderElection100] INFO  impl.RaftServerImpl (ServerState.java:setLeader(253)) - aabdae46-dcfa-45e6-b665-2c47bb305ebb@group-AC95CF6AEBCA: change Leader from null to aabdae46-dcfa-45e6-b665-2c47bb305ebb at term 1 for becomeLeader, leader elected after 5372ms
2019-09-25 04:50:38,084 [9216b865-ce6b-4fb7-bc99-65479a86b6eb@group-D6395173AEA9:LeaderElection99] INFO  server.RaftServerConfigKeys (ConfUtils.java:logGet(43)) - raft.server.staging.catchup.gap = 1000 (default)
2019-09-25 04:50:38,084 [aabdae46-dcfa-45e6-b665-2c47bb305ebb@group-AC95CF6AEBCA:LeaderElection100] INFO  server.RaftServerConfigKeys (ConfUtils.java:logGet(43)) - raft.server.staging.catchup.gap = 1000 (default)
2019-09-25 04:50:38,084 [9216b865-ce6b-4fb7-bc99-65479a86b6eb@group-D6395173AEA9:LeaderElection99] INFO  server.RaftServerConfigKeys (ConfUtils.java:logGet(43)) - raft.server.rpc.sleep.time = 25ms (default)
2019-09-25 04:50:38,084 [aabdae46-dcfa-45e6-b665-2c47bb305ebb@group-AC95CF6AEBCA:LeaderElection100] INFO  server.RaftServerConfigKeys (ConfUtils.java:logGet(43)) - raft.server.rpc.sleep.time = 25ms (default)
2019-09-25 04:50:38,084 [9216b865-ce6b-4fb7-bc99-65479a86b6eb@group-D6395173AEA9:LeaderElection99] INFO  server.RaftServerConfigKeys (ConfUtils.java:logGet(43)) - raft.server.write.element-limit = 4096 (default)
2019-09-25 04:50:38,084 [aabdae46-dcfa-45e6-b665-2c47bb305ebb@group-AC95CF6AEBCA:LeaderElection100] INFO  server.RaftServerConfigKeys (ConfUtils.java:logGet(43)) - raft.server.write.element-limit = 4096 (default)
2019-09-25 04:50:38,084 [9216b865-ce6b-4fb7-bc99-65479a86b6eb@group-D6395173AEA9:LeaderElection99] INFO  server.RaftServerConfigKeys (ConfUtils.java:logGet(43)) - raft.server.watch.timeout = 10s (default)
2019-09-25 04:50:38,085 [aabdae46-dcfa-45e6-b665-2c47bb305ebb@group-AC95CF6AEBCA:LeaderElection100] INFO  server.RaftServerConfigKeys (ConfUtils.java:logGet(43)) - raft.server.watch.timeout = 10s (default)
2019-09-25 04:50:38,085 [9216b865-ce6b-4fb7-bc99-65479a86b6eb@group-D6395173AEA9:LeaderElection99] INFO  server.RaftServerConfigKeys (ConfUtils.java:logGet(43)) - raft.server.watch.timeout.denomination = 1s (default)
2019-09-25 04:50:38,085 [aabdae46-dcfa-45e6-b665-2c47bb305ebb@group-AC95CF6AEBCA:LeaderElection100] INFO  server.RaftServerConfigKeys (ConfUtils.java:logGet(43)) - raft.server.watch.timeout.denomination = 1s (default)
2019-09-25 04:50:38,085 [9216b865-ce6b-4fb7-bc99-65479a86b6eb@group-D6395173AEA9:LeaderElection99] INFO  server.RaftServerConfigKeys (ConfUtils.java:logGet(43)) - raft.server.watch.element-limit = 65536 (default)
2019-09-25 04:50:38,085 [aabdae46-dcfa-45e6-b665-2c47bb305ebb@group-AC95CF6AEBCA:LeaderElection100] INFO  server.RaftServerConfigKeys (ConfUtils.java:logGet(43)) - raft.server.watch.element-limit = 65536 (default)
2019-09-25 04:50:38,087 [pool-37-thread-1] INFO  impl.RaftServerImpl (RaftServerImpl.java:<init>(95)) - b40ef231-6505-402b-ae57-fc0dc67cbbe8: new RaftServerImpl for group-0029AD3A6AE4:[b40ef231-6505-402b-ae57-fc0dc67cbbe8:192.168.151.106:41861] with ContainerStateMachine:uninitialized
2019-09-25 04:50:38,087 [pool-37-thread-1] INFO  server.RaftServerConfigKeys (ConfUtils.java:logGet(43)) - raft.server.rpc.timeout.min = 5s (custom)
2019-09-25 04:50:38,087 [pool-37-thread-1] INFO  server.RaftServerConfigKeys (ConfUtils.java:logGet(43)) - raft.server.rpc.timeout.max = 5200ms (custom)
2019-09-25 04:50:38,087 [pool-37-thread-1] INFO  server.RaftServerConfigKeys (ConfUtils.java:logGet(43)) - raft.server.rpcslowness.timeout = 120s (custom)
2019-09-25 04:50:38,088 [pool-37-thread-1] INFO  server.RaftServerConfigKeys (ConfUtils.java:logGet(43)) - raft.server.sleep.deviation.threshold = 300 (default)
2019-09-25 04:50:38,088 [pool-37-thread-1] INFO  server.RaftServerConfigKeys (ConfUtils.java:logGet(43)) - raft.server.log.appender.install.snapshot.enabled = false (custom)
2019-09-25 04:50:38,088 [pool-37-thread-1] INFO  impl.RaftServerImpl (ServerState.java:<init>(103)) - b40ef231-6505-402b-ae57-fc0dc67cbbe8@group-0029AD3A6AE4: ConfigurationManager, init=-1: [b40ef231-6505-402b-ae57-fc0dc67cbbe8:192.168.151.106:41861], old=null, confs=<EMPTY_MAP>
2019-09-25 04:50:38,088 [pool-37-thread-1] INFO  server.RaftServerConfigKeys (ConfUtils.java:logGet(43)) - raft.server.storage.dir = [/workdir/hadoop-ozone/integration-test/target/test-dir/MiniOzoneClusterImpl-72f6cbb0-c919-4300-9939-20ef1cbf0e73/datanode-1/data/ratis] (custom)
2019-09-25 04:50:38,089 [pool-37-thread-1] INFO  storage.RaftStorageDirectory (RaftStorageDirectory.java:analyzeStorage(246)) - The storage directory /workdir/hadoop-ozone/integration-test/target/test-dir/MiniOzoneClusterImpl-72f6cbb0-c919-4300-9939-20ef1cbf0e73/datanode-1/data/ratis/8e650452-bfa1-476a-bdb2-0029ad3a6ae4 does not exist. Creating ...
2019-09-25 04:50:38,098 [a167ab1f-c96d-409e-bb26-ea230783d833@group-B0F24ADB821C:LeaderElection97] INFO  impl.RoleInfo (RoleInfo.java:updateAndGet(143)) - a167ab1f-c96d-409e-bb26-ea230783d833: start LeaderState
2019-09-25 04:50:38,099 [a167ab1f-c96d-409e-bb26-ea230783d833@group-B0F24ADB821C:LeaderElection97] INFO  segmented.SegmentedRaftLogWorker (SegmentedRaftLogWorker.java:startLogSegment(380)) - a167ab1f-c96d-409e-bb26-ea230783d833@group-B0F24ADB821C-SegmentedRaftLogWorker: Starting segment from index:0
2019-09-25 04:50:38,330 [Thread-630] INFO  impl.FollowerState (FollowerState.java:run(106)) - b40ef231-6505-402b-ae57-fc0dc67cbbe8:group-FFC5865DEC55 changes to CANDIDATE, lastRpcTime:5268, electionTimeout:5101ms
2019-09-25 04:50:38,331 [pool-37-thread-1] INFO  storage.RaftStorageDirectory (RaftStorageDirectory.java:tryLock(328)) - Lock on /workdir/hadoop-ozone/integration-test/target/test-dir/MiniOzoneClusterImpl-72f6cbb0-c919-4300-9939-20ef1cbf0e73/datanode-1/data/ratis/8e650452-bfa1-476a-bdb2-0029ad3a6ae4/in_use.lock acquired by nodename 13648@pr-hdds-1569-x2sr2-3486766547
2019-09-25 04:50:38,331 [a167ab1f-c96d-409e-bb26-ea230783d833@group-B0F24ADB821C:LeaderElection97] INFO  impl.RaftServerImpl (ServerState.java:setRaftConf(354)) - a167ab1f-c96d-409e-bb26-ea230783d833@group-B0F24ADB821C: set configuration 0: [a167ab1f-c96d-409e-bb26-ea230783d833:192.168.151.106:33404], old=null at 0
2019-09-25 04:50:38,333 [Thread-630] INFO  impl.RoleInfo (RoleInfo.java:shutdownFollowerState(121)) - b40ef231-6505-402b-ae57-fc0dc67cbbe8: shutdown FollowerState
2019-09-25 04:50:38,334 [Thread-630] INFO  impl.RaftServerImpl (RaftServerImpl.java:setRole(174)) - b40ef231-6505-402b-ae57-fc0dc67cbbe8@group-FFC5865DEC55: changes role from  FOLLOWER to CANDIDATE at term 0 for changeToCandidate
2019-09-25 04:50:38,334 [Thread-630] INFO  impl.RoleInfo (RoleInfo.java:updateAndGet(143)) - b40ef231-6505-402b-ae57-fc0dc67cbbe8: start LeaderElection
2019-09-25 04:50:38,347 [aabdae46-dcfa-45e6-b665-2c47bb305ebb@group-92A9DF878687:LeaderElection95] INFO  impl.RoleInfo (RoleInfo.java:updateAndGet(143)) - aabdae46-dcfa-45e6-b665-2c47bb305ebb: start LeaderState
2019-09-25 04:50:38,348 [aabdae46-dcfa-45e6-b665-2c47bb305ebb@group-92A9DF878687:LeaderElection95] INFO  segmented.SegmentedRaftLogWorker (SegmentedRaftLogWorker.java:startLogSegment(380)) - aabdae46-dcfa-45e6-b665-2c47bb305ebb@group-92A9DF878687-SegmentedRaftLogWorker: Starting segment from index:0
2019-09-25 04:50:38,348 [aabdae46-dcfa-45e6-b665-2c47bb305ebb@group-92A9DF878687:LeaderElection95] INFO  impl.RaftServerImpl (ServerState.java:setRaftConf(354)) - aabdae46-dcfa-45e6-b665-2c47bb305ebb@group-92A9DF878687: set configuration 0: [aabdae46-dcfa-45e6-b665-2c47bb305ebb:192.168.151.106:41436], old=null at 0
2019-09-25 04:50:38,578 [Thread-644] INFO  impl.FollowerState (FollowerState.java:run(106)) - c35819d4-86f4-4223-a458-676070fe0cbb:group-4BB83B81EC9E changes to CANDIDATE, lastRpcTime:5264, electionTimeout:5114ms
2019-09-25 04:50:38,577 [Thread-637] INFO  impl.FollowerState (FollowerState.java:run(106)) - 45f1801e-7cfd-420a-bb39-98f19dcc81c3:group-21891154694B changes to CANDIDATE, lastRpcTime:5328, electionTimeout:5186ms
2019-09-25 04:50:38,577 [b40ef231-6505-402b-ae57-fc0dc67cbbe8@group-FFC5865DEC55:LeaderElection101] INFO  impl.LeaderElection (LeaderElection.java:askForVotes(182)) - b40ef231-6505-402b-ae57-fc0dc67cbbe8@group-FFC5865DEC55:LeaderElection101: begin an election at term 1 for -1: [b40ef231-6505-402b-ae57-fc0dc67cbbe8:192.168.151.106:41861], old=null
2019-09-25 04:50:38,577 [pool-37-thread-1] INFO  storage.RaftStorage (RaftStorage.java:format(72)) - Storage directory /workdir/hadoop-ozone/integration-test/target/test-dir/MiniOzoneClusterImpl-72f6cbb0-c919-4300-9939-20ef1cbf0e73/datanode-1/data/ratis/8e650452-bfa1-476a-bdb2-0029ad3a6ae4 has been successfully formatted.
2019-09-25 04:50:38,577 [Thread-652] INFO  impl.FollowerState (FollowerState.java:run(106)) - 45f1801e-7cfd-420a-bb39-98f19dcc81c3:group-3D3220A443A3 changes to CANDIDATE, lastRpcTime:5130, electionTimeout:5056ms
2019-09-25 04:50:38,576 [Thread-647] INFO  impl.FollowerState (FollowerState.java:run(106)) - aabdae46-dcfa-45e6-b665-2c47bb305ebb:group-7079C96F35A2 changes to CANDIDATE, lastRpcTime:5204, electionTimeout:5157ms
2019-09-25 04:50:38,576 [Thread-655] INFO  impl.FollowerState (FollowerState.java:run(106)) - 9216b865-ce6b-4fb7-bc99-65479a86b6eb:group-5F165A531ED8 changes to CANDIDATE, lastRpcTime:5074, electionTimeout:5067ms
2019-09-25 04:50:38,581 [pool-37-thread-1] INFO  ratis.ContainerStateMachine (ContainerStateMachine.java:loadSnapshot(230)) - group-0029AD3A6AE4: The snapshot info is null. Setting the last applied indexto:(t:0, i:~)
2019-09-25 04:50:38,581 [b40ef231-6505-402b-ae57-fc0dc67cbbe8@group-FFC5865DEC55:LeaderElection101] INFO  impl.RoleInfo (RoleInfo.java:shutdownLeaderElection(134)) - b40ef231-6505-402b-ae57-fc0dc67cbbe8: shutdown LeaderElection
2019-09-25 04:50:38,582 [pool-37-thread-1] INFO  server.RaftServerConfigKeys (ConfUtils.java:logGet(43)) - raft.server.notification.no-leader.timeout = 120s (custom)
2019-09-25 04:50:38,582 [b40ef231-6505-402b-ae57-fc0dc67cbbe8@group-FFC5865DEC55:LeaderElection101] INFO  impl.RaftServerImpl (RaftServerImpl.java:setRole(174)) - b40ef231-6505-402b-ae57-fc0dc67cbbe8@group-FFC5865DEC55: changes role from CANDIDATE to LEADER at term 1 for changeToLeader
2019-09-25 04:50:38,582 [pool-37-thread-1] INFO  server.RaftServerConfigKeys (ConfUtils.java:logGet(43)) - raft.server.log.use.memory = false (default)
2019-09-25 04:50:38,582 [b40ef231-6505-402b-ae57-fc0dc67cbbe8@group-FFC5865DEC55:LeaderElection101] INFO  impl.RaftServerImpl (ServerState.java:setLeader(253)) - b40ef231-6505-402b-ae57-fc0dc67cbbe8@group-FFC5865DEC55: change Leader from null to b40ef231-6505-402b-ae57-fc0dc67cbbe8 at term 1 for becomeLeader, leader elected after 5572ms
2019-09-25 04:50:38,582 [Thread-644] INFO  impl.RoleInfo (RoleInfo.java:shutdownFollowerState(121)) - c35819d4-86f4-4223-a458-676070fe0cbb: shutdown FollowerState
2019-09-25 04:50:38,582 [pool-37-thread-1] INFO  server.RaftServerConfigKeys (ConfUtils.java:logGet(43)) - raft.server.log.purge.gap = 1000000 (custom)
2019-09-25 04:50:38,582 [Thread-644] INFO  impl.RaftServerImpl (RaftServerImpl.java:setRole(174)) - c35819d4-86f4-4223-a458-676070fe0cbb@group-4BB83B81EC9E: changes role from  FOLLOWER to CANDIDATE at term 0 for changeToCandidate
2019-09-25 04:50:38,582 [b40ef231-6505-402b-ae57-fc0dc67cbbe8@group-FFC5865DEC55:LeaderElection101] INFO  server.RaftServerConfigKeys (ConfUtils.java:logGet(43)) - raft.server.staging.catchup.gap = 1000 (default)
2019-09-25 04:50:38,583 [Thread-655] INFO  impl.RoleInfo (RoleInfo.java:shutdownFollowerState(121)) - 9216b865-ce6b-4fb7-bc99-65479a86b6eb: shutdown FollowerState
2019-09-25 04:50:38,582 [Thread-637] INFO  impl.RoleInfo (RoleInfo.java:shutdownFollowerState(121)) - 45f1801e-7cfd-420a-bb39-98f19dcc81c3: shutdown FollowerState
2019-09-25 04:50:38,583 [Thread-655] INFO  impl.RaftServerImpl (RaftServerImpl.java:setRole(174)) - 9216b865-ce6b-4fb7-bc99-65479a86b6eb@group-5F165A531ED8: changes role from  FOLLOWER to CANDIDATE at term 0 for changeToCandidate
2019-09-25 04:50:38,583 [b40ef231-6505-402b-ae57-fc0dc67cbbe8@group-FFC5865DEC55:LeaderElection101] INFO  server.RaftServerConfigKeys (ConfUtils.java:logGet(43)) - raft.server.rpc.sleep.time = 25ms (default)
2019-09-25 04:50:38,583 [Thread-644] INFO  impl.RoleInfo (RoleInfo.java:updateAndGet(143)) - c35819d4-86f4-4223-a458-676070fe0cbb: start LeaderElection
2019-09-25 04:50:38,583 [Thread-647] INFO  impl.RoleInfo (RoleInfo.java:shutdownFollowerState(121)) - aabdae46-dcfa-45e6-b665-2c47bb305ebb: shutdown FollowerState
2019-09-25 04:50:38,583 [Thread-652] INFO  impl.RoleInfo (RoleInfo.java:shutdownFollowerState(121)) - 45f1801e-7cfd-420a-bb39-98f19dcc81c3: shutdown FollowerState
2019-09-25 04:50:38,583 [pool-37-thread-1] INFO  server.RaftServerConfigKeys (ConfUtils.java:logGet(43)) - raft.server.log.appender.buffer.byte-limit = 33554432 (custom)
2019-09-25 04:50:38,584 [Thread-652] INFO  impl.RaftServerImpl (RaftServerImpl.java:setRole(174)) - 45f1801e-7cfd-420a-bb39-98f19dcc81c3@group-3D3220A443A3: changes role from  FOLLOWER to CANDIDATE at term 0 for changeToCandidate
2019-09-25 04:50:38,584 [Thread-647] INFO  impl.RaftServerImpl (RaftServerImpl.java:setRole(174)) - aabdae46-dcfa-45e6-b665-2c47bb305ebb@group-7079C96F35A2: changes role from  FOLLOWER to CANDIDATE at term 0 for changeToCandidate
2019-09-25 04:50:38,583 [b40ef231-6505-402b-ae57-fc0dc67cbbe8@group-FFC5865DEC55:LeaderElection101] INFO  server.RaftServerConfigKeys (ConfUtils.java:logGet(43)) - raft.server.write.element-limit = 4096 (default)
2019-09-25 04:50:38,583 [Thread-655] INFO  impl.RoleInfo (RoleInfo.java:updateAndGet(143)) - 9216b865-ce6b-4fb7-bc99-65479a86b6eb: start LeaderElection
2019-09-25 04:50:38,583 [Thread-637] INFO  impl.RaftServerImpl (RaftServerImpl.java:setRole(174)) - 45f1801e-7cfd-420a-bb39-98f19dcc81c3@group-21891154694B: changes role from  FOLLOWER to CANDIDATE at term 0 for changeToCandidate
2019-09-25 04:50:38,584 [b40ef231-6505-402b-ae57-fc0dc67cbbe8@group-FFC5865DEC55:LeaderElection101] INFO  server.RaftServerConfigKeys (ConfUtils.java:logGet(43)) - raft.server.watch.timeout = 10s (default)
2019-09-25 04:50:38,585 [Thread-637] INFO  impl.RoleInfo (RoleInfo.java:updateAndGet(143)) - 45f1801e-7cfd-420a-bb39-98f19dcc81c3: start LeaderElection
2019-09-25 04:50:38,584 [Thread-647] INFO  impl.RoleInfo (RoleInfo.java:updateAndGet(143)) - aabdae46-dcfa-45e6-b665-2c47bb305ebb: start LeaderElection
2019-09-25 04:50:38,584 [Thread-652] INFO  impl.RoleInfo (RoleInfo.java:updateAndGet(143)) - 45f1801e-7cfd-420a-bb39-98f19dcc81c3: start LeaderElection
2019-09-25 04:50:38,584 [pool-37-thread-1] INFO  server.RaftServerConfigKeys (ConfUtils.java:logGet(43)) - raft.server.log.segment.size.max = 1048576 (custom)
2019-09-25 04:50:38,585 [Thread-658] INFO  impl.FollowerState (FollowerState.java:run(106)) - b40ef231-6505-402b-ae57-fc0dc67cbbe8:group-83FDB22A65E4 changes to CANDIDATE, lastRpcTime:5040, electionTimeout:5040ms
2019-09-25 04:50:38,585 [b40ef231-6505-402b-ae57-fc0dc67cbbe8@group-FFC5865DEC55:LeaderElection101] INFO  server.RaftServerConfigKeys (ConfUtils.java:logGet(43)) - raft.server.watch.timeout.denomination = 1s (default)
2019-09-25 04:50:38,585 [pool-37-thread-1] INFO  server.RaftServerConfigKeys (ConfUtils.java:logGet(43)) - raft.server.log.segment.cache.num.max = 2 (custom)
2019-09-25 04:50:38,586 [b40ef231-6505-402b-ae57-fc0dc67cbbe8@group-FFC5865DEC55:LeaderElection101] INFO  server.RaftServerConfigKeys (ConfUtils.java:logGet(43)) - raft.server.watch.element-limit = 65536 (default)
2019-09-25 04:50:38,586 [pool-37-thread-1] INFO  segmented.SegmentedRaftLogWorker (SegmentedRaftLogWorker.java:<init>(172)) - new b40ef231-6505-402b-ae57-fc0dc67cbbe8@group-0029AD3A6AE4-SegmentedRaftLogWorker for RaftStorage:Storage Directory /workdir/hadoop-ozone/integration-test/target/test-dir/MiniOzoneClusterImpl-72f6cbb0-c919-4300-9939-20ef1cbf0e73/datanode-1/data/ratis/8e650452-bfa1-476a-bdb2-0029ad3a6ae4
2019-09-25 04:50:38,593 [pool-37-thread-1] INFO  server.RaftServerConfigKeys (ConfUtils.java:logGet(43)) - raft.server.log.queue.byte-limit = 2147483647 (custom)
2019-09-25 04:50:38,594 [pool-37-thread-1] INFO  server.RaftServerConfigKeys (ConfUtils.java:logGet(43)) - raft.server.log.queue.element-limit = 1024 (custom)
2019-09-25 04:50:38,594 [pool-37-thread-1] INFO  server.RaftServerConfigKeys (ConfUtils.java:logGet(43)) - raft.server.log.segment.size.max = 1048576 (custom)
2019-09-25 04:50:38,594 [pool-37-thread-1] INFO  server.RaftServerConfigKeys (ConfUtils.java:logGet(43)) - raft.server.log.preallocated.size = 16384 (custom)
2019-09-25 04:50:38,594 [pool-37-thread-1] INFO  server.RaftServerConfigKeys (ConfUtils.java:logGet(43)) - raft.server.log.write.buffer.size = 33554432 (custom)
2019-09-25 04:50:38,594 [Thread-658] INFO  impl.RoleInfo (RoleInfo.java:shutdownFollowerState(121)) - b40ef231-6505-402b-ae57-fc0dc67cbbe8: shutdown FollowerState
2019-09-25 04:50:38,594 [pool-37-thread-1] INFO  server.RaftServerConfigKeys (ConfUtils.java:logGet(43)) - raft.server.log.force.sync.num = 128 (default)
2019-09-25 04:50:38,594 [Thread-658] INFO  impl.RaftServerImpl (RaftServerImpl.java:setRole(174)) - b40ef231-6505-402b-ae57-fc0dc67cbbe8@group-83FDB22A65E4: changes role from  FOLLOWER to CANDIDATE at term 0 for changeToCandidate
2019-09-25 04:50:38,594 [pool-37-thread-1] INFO  server.RaftServerConfigKeys (ConfUtils.java:logGet(43)) - raft.server.log.statemachine.data.sync = true (default)
2019-09-25 04:50:38,595 [Thread-658] INFO  impl.RoleInfo (RoleInfo.java:updateAndGet(143)) - b40ef231-6505-402b-ae57-fc0dc67cbbe8: start LeaderElection
2019-09-25 04:50:38,595 [45f1801e-7cfd-420a-bb39-98f19dcc81c3@group-4F88288FBE08:LeaderElection96] INFO  impl.RoleInfo (RoleInfo.java:updateAndGet(143)) - 45f1801e-7cfd-420a-bb39-98f19dcc81c3: start LeaderState
2019-09-25 04:50:38,595 [pool-37-thread-1] INFO  server.RaftServerConfigKeys (ConfUtils.java:logGet(43)) - raft.server.log.statemachine.data.sync.timeout = 10s (default)
2019-09-25 04:50:38,595 [45f1801e-7cfd-420a-bb39-98f19dcc81c3@group-4F88288FBE08:LeaderElection96] INFO  segmented.SegmentedRaftLogWorker (SegmentedRaftLogWorker.java:startLogSegment(380)) - 45f1801e-7cfd-420a-bb39-98f19dcc81c3@group-4F88288FBE08-SegmentedRaftLogWorker: Starting segment from index:0
2019-09-25 04:50:38,595 [pool-37-thread-1] INFO  server.RaftServerConfigKeys (ConfUtils.java:logGet(43)) - raft.server.log.statemachine.data.sync.timeout.retry = -1 (default)
2019-09-25 04:50:38,596 [pool-37-thread-1] INFO  server.RaftServerConfigKeys (ConfUtils.java:logGet(43)) - raft.server.log.statemachine.data.caching.enabled = true (custom)
2019-09-25 04:50:38,596 [45f1801e-7cfd-420a-bb39-98f19dcc81c3@group-4F88288FBE08:LeaderElection96] INFO  impl.RaftServerImpl (ServerState.java:setRaftConf(354)) - 45f1801e-7cfd-420a-bb39-98f19dcc81c3@group-4F88288FBE08: set configuration 0: [45f1801e-7cfd-420a-bb39-98f19dcc81c3:192.168.151.106:38437], old=null at 0
2019-09-25 04:50:38,596 [pool-37-thread-1] INFO  segmented.SegmentedRaftLogWorker (SegmentedRaftLogWorker.java:lambda$new$0(132)) - b40ef231-6505-402b-ae57-fc0dc67cbbe8@group-0029AD3A6AE4-SegmentedRaftLogWorker: flushIndex: setUnconditionally 0 -> -1
2019-09-25 04:50:38,805 [9216b865-ce6b-4fb7-bc99-65479a86b6eb@group-5F165A531ED8:LeaderElection103] INFO  impl.LeaderElection (LeaderElection.java:askForVotes(182)) - 9216b865-ce6b-4fb7-bc99-65479a86b6eb@group-5F165A531ED8:LeaderElection103: begin an election at term 1 for -1: [9216b865-ce6b-4fb7-bc99-65479a86b6eb:192.168.151.106:43252], old=null
2019-09-25 04:50:38,805 [45f1801e-7cfd-420a-bb39-98f19dcc81c3@group-3D3220A443A3:LeaderElection104] INFO  impl.LeaderElection (LeaderElection.java:askForVotes(182)) - 45f1801e-7cfd-420a-bb39-98f19dcc81c3@group-3D3220A443A3:LeaderElection104: begin an election at term 1 for -1: [45f1801e-7cfd-420a-bb39-98f19dcc81c3:192.168.151.106:38437], old=null
2019-09-25 04:50:38,805 [45f1801e-7cfd-420a-bb39-98f19dcc81c3@group-21891154694B:LeaderElection106] INFO  impl.LeaderElection (LeaderElection.java:askForVotes(182)) - 45f1801e-7cfd-420a-bb39-98f19dcc81c3@group-21891154694B:LeaderElection106: begin an election at term 1 for -1: [45f1801e-7cfd-420a-bb39-98f19dcc81c3:192.168.151.106:38437], old=null
2019-09-25 04:50:38,805 [aabdae46-dcfa-45e6-b665-2c47bb305ebb@group-7079C96F35A2:LeaderElection105] INFO  impl.LeaderElection (LeaderElection.java:askForVotes(182)) - aabdae46-dcfa-45e6-b665-2c47bb305ebb@group-7079C96F35A2:LeaderElection105: begin an election at term 1 for -1: [aabdae46-dcfa-45e6-b665-2c47bb305ebb:192.168.151.106:41436], old=null
2019-09-25 04:50:38,805 [c35819d4-86f4-4223-a458-676070fe0cbb@group-4BB83B81EC9E:LeaderElection102] INFO  impl.LeaderElection (LeaderElection.java:askForVotes(182)) - c35819d4-86f4-4223-a458-676070fe0cbb@group-4BB83B81EC9E:LeaderElection102: begin an election at term 1 for -1: [c35819d4-86f4-4223-a458-676070fe0cbb:192.168.151.106:44434], old=null
2019-09-25 04:50:38,802 [Thread-664] INFO  impl.FollowerState (FollowerState.java:run(106)) - a167ab1f-c96d-409e-bb26-ea230783d833:group-8777D69019BB changes to CANDIDATE, lastRpcTime:5159, electionTimeout:5090ms
2019-09-25 04:50:38,806 [c35819d4-86f4-4223-a458-676070fe0cbb@group-4BB83B81EC9E:LeaderElection102] INFO  impl.RoleInfo (RoleInfo.java:shutdownLeaderElection(134)) - c35819d4-86f4-4223-a458-676070fe0cbb: shutdown LeaderElection
2019-09-25 04:50:38,806 [aabdae46-dcfa-45e6-b665-2c47bb305ebb@group-7079C96F35A2:LeaderElection105] INFO  impl.RoleInfo (RoleInfo.java:shutdownLeaderElection(134)) - aabdae46-dcfa-45e6-b665-2c47bb305ebb: shutdown LeaderElection
2019-09-25 04:50:38,806 [45f1801e-7cfd-420a-bb39-98f19dcc81c3@group-21891154694B:LeaderElection106] INFO  impl.RoleInfo (RoleInfo.java:shutdownLeaderElection(134)) - 45f1801e-7cfd-420a-bb39-98f19dcc81c3: shutdown LeaderElection
2019-09-25 04:50:38,806 [45f1801e-7cfd-420a-bb39-98f19dcc81c3@group-3D3220A443A3:LeaderElection104] INFO  impl.RoleInfo (RoleInfo.java:shutdownLeaderElection(134)) - 45f1801e-7cfd-420a-bb39-98f19dcc81c3: shutdown LeaderElection
2019-09-25 04:50:38,806 [9216b865-ce6b-4fb7-bc99-65479a86b6eb@group-5F165A531ED8:LeaderElection103] INFO  impl.RoleInfo (RoleInfo.java:shutdownLeaderElection(134)) - 9216b865-ce6b-4fb7-bc99-65479a86b6eb: shutdown LeaderElection
2019-09-25 04:50:38,806 [pool-37-thread-1] INFO  server.RaftServerConfigKeys (ConfUtils.java:logGet(43)) - raft.server.snapshot.auto.trigger.enabled = true (custom)
2019-09-25 04:50:38,807 [9216b865-ce6b-4fb7-bc99-65479a86b6eb@group-5F165A531ED8:LeaderElection103] INFO  impl.RaftServerImpl (RaftServerImpl.java:setRole(174)) - 9216b865-ce6b-4fb7-bc99-65479a86b6eb@group-5F165A531ED8: changes role from CANDIDATE to LEADER at term 1 for changeToLeader
2019-09-25 04:50:38,808 [9216b865-ce6b-4fb7-bc99-65479a86b6eb@group-5F165A531ED8:LeaderElection103] INFO  impl.RaftServerImpl (ServerState.java:setLeader(253)) - 9216b865-ce6b-4fb7-bc99-65479a86b6eb@group-5F165A531ED8: change Leader from null to 9216b865-ce6b-4fb7-bc99-65479a86b6eb at term 1 for becomeLeader, leader elected after 5311ms
2019-09-25 04:50:38,807 [45f1801e-7cfd-420a-bb39-98f19dcc81c3@group-3D3220A443A3:LeaderElection104] INFO  impl.RaftServerImpl (RaftServerImpl.java:setRole(174)) - 45f1801e-7cfd-420a-bb39-98f19dcc81c3@group-3D3220A443A3: changes role from CANDIDATE to LEADER at term 1 for changeToLeader
2019-09-25 04:50:38,807 [45f1801e-7cfd-420a-bb39-98f19dcc81c3@group-21891154694B:LeaderElection106] INFO  impl.RaftServerImpl (RaftServerImpl.java:setRole(174)) - 45f1801e-7cfd-420a-bb39-98f19dcc81c3@group-21891154694B: changes role from CANDIDATE to LEADER at term 1 for changeToLeader
2019-09-25 04:50:38,807 [aabdae46-dcfa-45e6-b665-2c47bb305ebb@group-7079C96F35A2:LeaderElection105] INFO  impl.RaftServerImpl (RaftServerImpl.java:setRole(174)) - aabdae46-dcfa-45e6-b665-2c47bb305ebb@group-7079C96F35A2: changes role from CANDIDATE to LEADER at term 1 for changeToLeader
2019-09-25 04:50:38,807 [c35819d4-86f4-4223-a458-676070fe0cbb@group-4BB83B81EC9E:LeaderElection102] INFO  impl.RaftServerImpl (RaftServerImpl.java:setRole(174)) - c35819d4-86f4-4223-a458-676070fe0cbb@group-4BB83B81EC9E: changes role from CANDIDATE to LEADER at term 1 for changeToLeader
2019-09-25 04:50:38,808 [aabdae46-dcfa-45e6-b665-2c47bb305ebb@group-7079C96F35A2:LeaderElection105] INFO  impl.RaftServerImpl (ServerState.java:setLeader(253)) - aabdae46-dcfa-45e6-b665-2c47bb305ebb@group-7079C96F35A2: change Leader from null to aabdae46-dcfa-45e6-b665-2c47bb305ebb at term 1 for becomeLeader, leader elected after 5442ms
2019-09-25 04:50:38,808 [45f1801e-7cfd-420a-bb39-98f19dcc81c3@group-21891154694B:LeaderElection106] INFO  impl.RaftServerImpl (ServerState.java:setLeader(253)) - 45f1801e-7cfd-420a-bb39-98f19dcc81c3@group-21891154694B: change Leader from null to 45f1801e-7cfd-420a-bb39-98f19dcc81c3 at term 1 for becomeLeader, leader elected after 5565ms
2019-09-25 04:50:38,808 [45f1801e-7cfd-420a-bb39-98f19dcc81c3@group-3D3220A443A3:LeaderElection104] INFO  impl.RaftServerImpl (ServerState.java:setLeader(253)) - 45f1801e-7cfd-420a-bb39-98f19dcc81c3@group-3D3220A443A3: change Leader from null to 45f1801e-7cfd-420a-bb39-98f19dcc81c3 at term 1 for becomeLeader, leader elected after 5367ms
2019-09-25 04:50:38,808 [Thread-664] INFO  impl.RoleInfo (RoleInfo.java:shutdownFollowerState(121)) - a167ab1f-c96d-409e-bb26-ea230783d833: shutdown FollowerState
2019-09-25 04:50:38,808 [9216b865-ce6b-4fb7-bc99-65479a86b6eb@group-5F165A531ED8:LeaderElection103] INFO  server.RaftServerConfigKeys (ConfUtils.java:logGet(43)) - raft.server.staging.catchup.gap = 1000 (default)
2019-09-25 04:50:38,809 [9216b865-ce6b-4fb7-bc99-65479a86b6eb@group-5F165A531ED8:LeaderElection103] INFO  server.RaftServerConfigKeys (ConfUtils.java:logGet(43)) - raft.server.rpc.sleep.time = 25ms (default)
2019-09-25 04:50:38,808 [pool-37-thread-1] INFO  server.RaftServerConfigKeys (ConfUtils.java:logGet(43)) - raft.server.snapshot.auto.trigger.threshold = 10000 (custom)
2019-09-25 04:50:38,809 [9216b865-ce6b-4fb7-bc99-65479a86b6eb@group-5F165A531ED8:LeaderElection103] INFO  server.RaftServerConfigKeys (ConfUtils.java:logGet(43)) - raft.server.write.element-limit = 4096 (default)
2019-09-25 04:50:38,809 [Thread-664] INFO  impl.RaftServerImpl (RaftServerImpl.java:setRole(174)) - a167ab1f-c96d-409e-bb26-ea230783d833@group-8777D69019BB: changes role from  FOLLOWER to CANDIDATE at term 0 for changeToCandidate
2019-09-25 04:50:38,809 [45f1801e-7cfd-420a-bb39-98f19dcc81c3@group-3D3220A443A3:LeaderElection104] INFO  server.RaftServerConfigKeys (ConfUtils.java:logGet(43)) - raft.server.staging.catchup.gap = 1000 (default)
2019-09-25 04:50:38,809 [45f1801e-7cfd-420a-bb39-98f19dcc81c3@group-21891154694B:LeaderElection106] INFO  server.RaftServerConfigKeys (ConfUtils.java:logGet(43)) - raft.server.staging.catchup.gap = 1000 (default)
2019-09-25 04:50:38,809 [aabdae46-dcfa-45e6-b665-2c47bb305ebb@group-52955382E6A9:LeaderElection94] INFO  impl.RoleInfo (RoleInfo.java:updateAndGet(143)) - aabdae46-dcfa-45e6-b665-2c47bb305ebb: start LeaderState
2019-09-25 04:50:38,809 [aabdae46-dcfa-45e6-b665-2c47bb305ebb@group-7079C96F35A2:LeaderElection105] INFO  server.RaftServerConfigKeys (ConfUtils.java:logGet(43)) - raft.server.staging.catchup.gap = 1000 (default)
2019-09-25 04:50:38,808 [c35819d4-86f4-4223-a458-676070fe0cbb@group-4BB83B81EC9E:LeaderElection102] INFO  impl.RaftServerImpl (ServerState.java:setLeader(253)) - c35819d4-86f4-4223-a458-676070fe0cbb@group-4BB83B81EC9E: change Leader from null to c35819d4-86f4-4223-a458-676070fe0cbb at term 1 for becomeLeader, leader elected after 5504ms
2019-09-25 04:50:38,810 [aabdae46-dcfa-45e6-b665-2c47bb305ebb@group-7079C96F35A2:LeaderElection105] INFO  server.RaftServerConfigKeys (ConfUtils.java:logGet(43)) - raft.server.rpc.sleep.time = 25ms (default)
2019-09-25 04:50:38,810 [aabdae46-dcfa-45e6-b665-2c47bb305ebb@group-52955382E6A9:LeaderElection94] INFO  segmented.SegmentedRaftLogWorker (SegmentedRaftLogWorker.java:startLogSegment(380)) - aabdae46-dcfa-45e6-b665-2c47bb305ebb@group-52955382E6A9-SegmentedRaftLogWorker: Starting segment from index:0
2019-09-25 04:50:38,810 [45f1801e-7cfd-420a-bb39-98f19dcc81c3@group-21891154694B:LeaderElection106] INFO  server.RaftServerConfigKeys (ConfUtils.java:logGet(43)) - raft.server.rpc.sleep.time = 25ms (default)
2019-09-25 04:50:38,810 [9216b865-ce6b-4fb7-bc99-65479a86b6eb@group-8A882E087A7F:LeaderElection93] INFO  impl.RoleInfo (RoleInfo.java:updateAndGet(143)) - 9216b865-ce6b-4fb7-bc99-65479a86b6eb: start LeaderState
2019-09-25 04:50:38,810 [45f1801e-7cfd-420a-bb39-98f19dcc81c3@group-3D3220A443A3:LeaderElection104] INFO  server.RaftServerConfigKeys (ConfUtils.java:logGet(43)) - raft.server.rpc.sleep.time = 25ms (default)
2019-09-25 04:50:39,043 [b40ef231-6505-402b-ae57-fc0dc67cbbe8@group-83FDB22A65E4:LeaderElection107] INFO  impl.LeaderElection (LeaderElection.java:askForVotes(182)) - b40ef231-6505-402b-ae57-fc0dc67cbbe8@group-83FDB22A65E4:LeaderElection107: begin an election at term 1 for -1: [b40ef231-6505-402b-ae57-fc0dc67cbbe8:192.168.151.106:41861], old=null
2019-09-25 04:50:38,810 [Thread-664] INFO  impl.RoleInfo (RoleInfo.java:updateAndGet(143)) - a167ab1f-c96d-409e-bb26-ea230783d833: start LeaderElection
2019-09-25 04:50:38,810 [9216b865-ce6b-4fb7-bc99-65479a86b6eb@group-5F165A531ED8:LeaderElection103] INFO  server.RaftServerConfigKeys (ConfUtils.java:logGet(43)) - raft.server.watch.timeout = 10s (default)
2019-09-25 04:50:38,809 [pool-37-thread-1] INFO  server.RaftServerConfigKeys (ConfUtils.java:logGet(43)) - raft.server.snapshot.retention.num.files = 5 (custom)
2019-09-25 04:50:39,043 [9216b865-ce6b-4fb7-bc99-65479a86b6eb@group-5F165A531ED8:LeaderElection103] INFO  server.RaftServerConfigKeys (ConfUtils.java:logGet(43)) - raft.server.watch.timeout.denomination = 1s (default)
2019-09-25 04:50:39,043 [b40ef231-6505-402b-ae57-fc0dc67cbbe8@group-83FDB22A65E4:LeaderElection107] INFO  impl.RoleInfo (RoleInfo.java:shutdownLeaderElection(134)) - b40ef231-6505-402b-ae57-fc0dc67cbbe8: shutdown LeaderElection
2019-09-25 04:50:39,044 [b40ef231-6505-402b-ae57-fc0dc67cbbe8@group-83FDB22A65E4:LeaderElection107] INFO  impl.RaftServerImpl (RaftServerImpl.java:setRole(174)) - b40ef231-6505-402b-ae57-fc0dc67cbbe8@group-83FDB22A65E4: changes role from CANDIDATE to LEADER at term 1 for changeToLeader
2019-09-25 04:50:39,043 [45f1801e-7cfd-420a-bb39-98f19dcc81c3@group-3D3220A443A3:LeaderElection104] INFO  server.RaftServerConfigKeys (ConfUtils.java:logGet(43)) - raft.server.write.element-limit = 4096 (default)
2019-09-25 04:50:38,811 [aabdae46-dcfa-45e6-b665-2c47bb305ebb@group-52955382E6A9:LeaderElection94] INFO  impl.RaftServerImpl (ServerState.java:setRaftConf(354)) - aabdae46-dcfa-45e6-b665-2c47bb305ebb@group-52955382E6A9: set configuration 0: [aabdae46-dcfa-45e6-b665-2c47bb305ebb:192.168.151.106:41436], old=null at 0
2019-09-25 04:50:39,042 [Thread-671] INFO  impl.FollowerState (FollowerState.java:run(106)) - 9216b865-ce6b-4fb7-bc99-65479a86b6eb:group-4CF16EF24DD7 changes to CANDIDATE, lastRpcTime:5343, electionTimeout:5117ms
2019-09-25 04:50:39,041 [Thread-682] INFO  impl.FollowerState (FollowerState.java:run(106)) - a167ab1f-c96d-409e-bb26-ea230783d833:group-B5C234A72D45 changes to CANDIDATE, lastRpcTime:5236, electionTimeout:5051ms
2019-09-25 04:50:39,040 [Thread-678] INFO  impl.FollowerState (FollowerState.java:run(106)) - b40ef231-6505-402b-ae57-fc0dc67cbbe8:group-85E054ECDDC5 changes to CANDIDATE, lastRpcTime:5273, electionTimeout:5149ms
2019-09-25 04:50:39,040 [Thread-692] INFO  impl.FollowerState (FollowerState.java:run(106)) - 4f7802c6-3418-4fbd-b0c6-a8e36fcecb0a:group-C31AE2B01B96 changes to CANDIDATE, lastRpcTime:5150, electionTimeout:5054ms
2019-09-25 04:50:39,038 [Thread-688] INFO  impl.FollowerState (FollowerState.java:run(106)) - a167ab1f-c96d-409e-bb26-ea230783d833:group-B4FD14FF07AB changes to CANDIDATE, lastRpcTime:5191, electionTimeout:5149ms
2019-09-25 04:50:38,811 [9216b865-ce6b-4fb7-bc99-65479a86b6eb@group-8A882E087A7F:LeaderElection93] INFO  segmented.SegmentedRaftLogWorker (SegmentedRaftLogWorker.java:startLogSegment(380)) - 9216b865-ce6b-4fb7-bc99-65479a86b6eb@group-8A882E087A7F-SegmentedRaftLogWorker: Starting segment from index:0
2019-09-25 04:50:38,811 [45f1801e-7cfd-420a-bb39-98f19dcc81c3@group-21891154694B:LeaderElection106] INFO  server.RaftServerConfigKeys (ConfUtils.java:logGet(43)) - raft.server.write.element-limit = 4096 (default)
2019-09-25 04:50:38,811 [aabdae46-dcfa-45e6-b665-2c47bb305ebb@group-7079C96F35A2:LeaderElection105] INFO  server.RaftServerConfigKeys (ConfUtils.java:logGet(43)) - raft.server.write.element-limit = 4096 (default)
2019-09-25 04:50:38,811 [c35819d4-86f4-4223-a458-676070fe0cbb@group-4BB83B81EC9E:LeaderElection102] INFO  server.RaftServerConfigKeys (ConfUtils.java:logGet(43)) - raft.server.staging.catchup.gap = 1000 (default)
2019-09-25 04:50:39,046 [aabdae46-dcfa-45e6-b665-2c47bb305ebb@group-7079C96F35A2:LeaderElection105] INFO  server.RaftServerConfigKeys (ConfUtils.java:logGet(43)) - raft.server.watch.timeout = 10s (default)
2019-09-25 04:50:39,274 [Thread-695] INFO  impl.FollowerState (FollowerState.java:run(106)) - 4f7802c6-3418-4fbd-b0c6-a8e36fcecb0a:group-5FE33B0916CC changes to CANDIDATE, lastRpcTime:5345, electionTimeout:5125ms
2019-09-25 04:50:39,274 [Thread-727] INFO  impl.FollowerState (FollowerState.java:run(106)) - 45f1801e-7cfd-420a-bb39-98f19dcc81c3:group-D9916A13DB6B changes to CANDIDATE, lastRpcTime:5005, electionTimeout:5005ms
2019-09-25 04:50:39,274 [a167ab1f-c96d-409e-bb26-ea230783d833@group-8777D69019BB:LeaderElection108] INFO  impl.LeaderElection (LeaderElection.java:askForVotes(182)) - a167ab1f-c96d-409e-bb26-ea230783d833@group-8777D69019BB:LeaderElection108: begin an election at term 1 for -1: [a167ab1f-c96d-409e-bb26-ea230783d833:192.168.151.106:33404], old=null
2019-09-25 04:50:39,275 [aabdae46-dcfa-45e6-b665-2c47bb305ebb@group-8AED9ABD7316:LeaderElection90] INFO  impl.RoleInfo (RoleInfo.java:updateAndGet(143)) - aabdae46-dcfa-45e6-b665-2c47bb305ebb: start LeaderState
2019-09-25 04:50:39,274 [a167ab1f-c96d-409e-bb26-ea230783d833@group-285A6C6583B2-SegmentedRaftLogWorker] ERROR segmented.SegmentedRaftLogWorker (SegmentedRaftLogWorker.java:run(323)) - a167ab1f-c96d-409e-bb26-ea230783d833@group-285A6C6583B2-SegmentedRaftLogWorker hit exception
java.lang.OutOfMemoryError: Direct buffer memory
	at java.nio.Bits.reserveMemory(Bits.java:666)
	at java.nio.DirectByteBuffer.<init>(DirectByteBuffer.java:123)
	at java.nio.ByteBuffer.allocateDirect(ByteBuffer.java:311)
	at org.apache.ratis.server.raftlog.segmented.BufferedWriteChannel.<init>(BufferedWriteChannel.java:41)
	at org.apache.ratis.server.raftlog.segmented.SegmentedRaftLogOutputStream.<init>(SegmentedRaftLogOutputStream.java:72)
	at org.apache.ratis.server.raftlog.segmented.SegmentedRaftLogWorker$StartLogSegment.execute(SegmentedRaftLogWorker.java:566)
	at org.apache.ratis.server.raftlog.segmented.SegmentedRaftLogWorker.run(SegmentedRaftLogWorker.java:289)
	at java.lang.Thread.run(Thread.java:748)
2019-09-25 04:50:39,273 [Thread-700] INFO  impl.FollowerState (FollowerState.java:run(106)) - aabdae46-dcfa-45e6-b665-2c47bb305ebb:group-97D52EA2DC36 changes to CANDIDATE, lastRpcTime:5295, electionTimeout:5131ms
2019-09-25 04:50:39,272 [Thread-706] INFO  impl.FollowerState (FollowerState.java:run(106)) - b40ef231-6505-402b-ae57-fc0dc67cbbe8:group-ED8CE7F11753 changes to CANDIDATE, lastRpcTime:5236, electionTimeout:5102ms
2019-09-25 04:50:39,271 [Thread-710] INFO  impl.FollowerState (FollowerState.java:run(106)) - 9216b865-ce6b-4fb7-bc99-65479a86b6eb:group-D51CC7C69CA8 changes to CANDIDATE, lastRpcTime:5184, electionTimeout:5170ms
2019-09-25 04:50:39,270 [Thread-713] INFO  impl.FollowerState (FollowerState.java:run(106)) - 45f1801e-7cfd-420a-bb39-98f19dcc81c3:group-E913C43F8E9C changes to CANDIDATE, lastRpcTime:5101, electionTimeout:5094ms
2019-09-25 04:50:39,046 [9216b865-ce6b-4fb7-bc99-65479a86b6eb@group-8A882E087A7F:LeaderElection93] INFO  impl.RaftServerImpl (ServerState.java:setRaftConf(354)) - 9216b865-ce6b-4fb7-bc99-65479a86b6eb@group-8A882E087A7F: set configuration 0: [9216b865-ce6b-4fb7-bc99-65479a86b6eb:192.168.151.106:43252], old=null at 0
2019-09-25 04:50:39,046 [45f1801e-7cfd-420a-bb39-98f19dcc81c3@group-21891154694B:LeaderElection106] INFO  server.RaftServerConfigKeys (ConfUtils.java:logGet(43)) - raft.server.watch.timeout = 10s (default)
2019-09-25 04:50:39,276 [45f1801e-7cfd-420a-bb39-98f19dcc81c3@group-21891154694B:LeaderElection106] INFO  server.RaftServerConfigKeys (ConfUtils.java:logGet(43)) - raft.server.watch.timeout.denomination = 1s (default)
2019-09-25 04:50:39,044 [45f1801e-7cfd-420a-bb39-98f19dcc81c3@group-3D3220A443A3:LeaderElection104] INFO  server.RaftServerConfigKeys (ConfUtils.java:logGet(43)) - raft.server.watch.timeout = 10s (default)
2019-09-25 04:50:39,044 [45f1801e-7cfd-420a-bb39-98f19dcc81c3@group-E8AEB34FB33B:LeaderElection84] INFO  impl.RoleInfo (RoleInfo.java:updateAndGet(143)) - 45f1801e-7cfd-420a-bb39-98f19dcc81c3: start LeaderState
2019-09-25 04:50:39,044 [b40ef231-6505-402b-ae57-fc0dc67cbbe8@group-83FDB22A65E4:LeaderElection107] INFO  impl.RaftServerImpl (ServerState.java:setLeader(253)) - b40ef231-6505-402b-ae57-fc0dc67cbbe8@group-83FDB22A65E4: change Leader from null to b40ef231-6505-402b-ae57-fc0dc67cbbe8 at term 1 for becomeLeader, leader elected after 5505ms
2019-09-25 04:50:39,044 [9216b865-ce6b-4fb7-bc99-65479a86b6eb@group-5F165A531ED8:LeaderElection103] INFO  server.RaftServerConfigKeys (ConfUtils.java:logGet(43)) - raft.server.watch.element-limit = 65536 (default)
2019-09-25 04:50:39,044 [pool-37-thread-1] INFO  server.RaftServerConfigKeys (ConfUtils.java:logGet(43)) - raft.server.retrycache.expirytime = 600000ms (custom)
2019-09-25 04:50:39,277 [Thread-713] INFO  impl.RoleInfo (RoleInfo.java:shutdownFollowerState(121)) - 45f1801e-7cfd-420a-bb39-98f19dcc81c3: shutdown FollowerState
2019-09-25 04:50:39,277 [b40ef231-6505-402b-ae57-fc0dc67cbbe8@group-83FDB22A65E4:LeaderElection107] INFO  server.RaftServerConfigKeys (ConfUtils.java:logGet(43)) - raft.server.staging.catchup.gap = 1000 (default)
2019-09-25 04:50:39,278 [c35819d4-86f4-4223-a458-676070fe0cbb@group-20315066096E:LeaderElection77] INFO  impl.RoleInfo (RoleInfo.java:updateAndGet(143)) - c35819d4-86f4-4223-a458-676070fe0cbb: start LeaderState
2019-09-25 04:50:39,277 [Thread-710] INFO  impl.RoleInfo (RoleInfo.java:shutdownFollowerState(121)) - 9216b865-ce6b-4fb7-bc99-65479a86b6eb: shutdown FollowerState
2019-09-25 04:50:39,277 [45f1801e-7cfd-420a-bb39-98f19dcc81c3@group-E8AEB34FB33B:LeaderElection84] INFO  segmented.SegmentedRaftLogWorker (SegmentedRaftLogWorker.java:startLogSegment(380)) - 45f1801e-7cfd-420a-bb39-98f19dcc81c3@group-E8AEB34FB33B-SegmentedRaftLogWorker: Starting segment from index:0
2019-09-25 04:50:39,277 [Thread-706] INFO  impl.RoleInfo (RoleInfo.java:shutdownFollowerState(121)) - b40ef231-6505-402b-ae57-fc0dc67cbbe8: shutdown FollowerState
2019-09-25 04:50:39,277 [Thread-700] INFO  impl.RoleInfo (RoleInfo.java:shutdownFollowerState(121)) - aabdae46-dcfa-45e6-b665-2c47bb305ebb: shutdown FollowerState
2019-09-25 04:50:39,277 [45f1801e-7cfd-420a-bb39-98f19dcc81c3@group-3D3220A443A3:LeaderElection104] INFO  server.RaftServerConfigKeys (ConfUtils.java:logGet(43)) - raft.server.watch.timeout.denomination = 1s (default)
2019-09-25 04:50:39,277 [45f1801e-7cfd-420a-bb39-98f19dcc81c3@group-21891154694B:LeaderElection106] INFO  server.RaftServerConfigKeys (ConfUtils.java:logGet(43)) - raft.server.watch.element-limit = 65536 (default)
2019-09-25 04:50:39,276 [Thread-727] INFO  impl.RoleInfo (RoleInfo.java:shutdownFollowerState(121)) - 45f1801e-7cfd-420a-bb39-98f19dcc81c3: shutdown FollowerState
2019-09-25 04:50:39,276 [Thread-695] INFO  impl.RoleInfo (RoleInfo.java:shutdownFollowerState(121)) - 4f7802c6-3418-4fbd-b0c6-a8e36fcecb0a: shutdown FollowerState
2019-09-25 04:50:39,276 [a167ab1f-c96d-409e-bb26-ea230783d833@group-285A6C6583B2-SegmentedRaftLogWorker] INFO  impl.RaftServerImpl (RaftServerImpl.java:lambda$shutdown$3(251)) - a167ab1f-c96d-409e-bb26-ea230783d833@group-285A6C6583B2: shutdown
2019-09-25 04:50:39,276 [aabdae46-dcfa-45e6-b665-2c47bb305ebb@group-8AED9ABD7316:LeaderElection90] INFO  segmented.SegmentedRaftLogWorker (SegmentedRaftLogWorker.java:startLogSegment(380)) - aabdae46-dcfa-45e6-b665-2c47bb305ebb@group-8AED9ABD7316-SegmentedRaftLogWorker: Starting segment from index:0
2019-09-25 04:50:39,275 [a167ab1f-c96d-409e-bb26-ea230783d833@group-8777D69019BB:LeaderElection108] INFO  impl.RoleInfo (RoleInfo.java:shutdownLeaderElection(134)) - a167ab1f-c96d-409e-bb26-ea230783d833: shutdown LeaderElection
2019-09-25 04:50:39,275 [Thread-688] INFO  impl.RoleInfo (RoleInfo.java:shutdownFollowerState(121)) - a167ab1f-c96d-409e-bb26-ea230783d833: shutdown FollowerState
2019-09-25 04:50:39,275 [Thread-692] INFO  impl.RoleInfo (RoleInfo.java:shutdownFollowerState(121)) - 4f7802c6-3418-4fbd-b0c6-a8e36fcecb0a: shutdown FollowerState
2019-09-25 04:50:39,275 [Thread-678] INFO  impl.RoleInfo (RoleInfo.java:shutdownFollowerState(121)) - b40ef231-6505-402b-ae57-fc0dc67cbbe8: shutdown FollowerState
2019-09-25 04:50:39,275 [aabdae46-dcfa-45e6-b665-2c47bb305ebb@group-7079C96F35A2:LeaderElection105] INFO  server.RaftServerConfigKeys (ConfUtils.java:logGet(43)) - raft.server.watch.timeout.denomination = 1s (default)
2019-09-25 04:50:39,275 [Thread-682] INFO  impl.RoleInfo (RoleInfo.java:shutdownFollowerState(121)) - a167ab1f-c96d-409e-bb26-ea230783d833: shutdown FollowerState
2019-09-25 04:50:39,275 [Thread-671] INFO  impl.RoleInfo (RoleInfo.java:shutdownFollowerState(121)) - 9216b865-ce6b-4fb7-bc99-65479a86b6eb: shutdown FollowerState
2019-09-25 04:50:39,275 [c35819d4-86f4-4223-a458-676070fe0cbb@group-4BB83B81EC9E:LeaderElection102] INFO  server.RaftServerConfigKeys (ConfUtils.java:logGet(43)) - raft.server.rpc.sleep.time = 25ms (default)
2019-09-25 04:50:39,705 [Thread-671] INFO  impl.RaftServerImpl (RaftServerImpl.java:setRole(174)) - 9216b865-ce6b-4fb7-bc99-65479a86b6eb@group-4CF16EF24DD7: changes role from  FOLLOWER to CANDIDATE at term 0 for changeToCandidate
2019-09-25 04:50:39,705 [Thread-682] INFO  impl.RaftServerImpl (RaftServerImpl.java:setRole(174)) - a167ab1f-c96d-409e-bb26-ea230783d833@group-B5C234A72D45: changes role from  FOLLOWER to CANDIDATE at term 0 for changeToCandidate
2019-09-25 04:50:39,705 [aabdae46-dcfa-45e6-b665-2c47bb305ebb@group-7079C96F35A2:LeaderElection105] INFO  server.RaftServerConfigKeys (ConfUtils.java:logGet(43)) - raft.server.watch.element-limit = 65536 (default)
2019-09-25 04:50:39,705 [4f7802c6-3418-4fbd-b0c6-a8e36fcecb0a@group-98D2158B16EC:LeaderElection89] INFO  impl.RoleInfo (RoleInfo.java:updateAndGet(143)) - 4f7802c6-3418-4fbd-b0c6-a8e36fcecb0a: start LeaderState
2019-09-25 04:50:39,705 [Thread-678] INFO  impl.RaftServerImpl (RaftServerImpl.java:setRole(174)) - b40ef231-6505-402b-ae57-fc0dc67cbbe8@group-85E054ECDDC5: changes role from  FOLLOWER to CANDIDATE at term 0 for changeToCandidate
2019-09-25 04:50:39,705 [Thread-692] INFO  impl.RaftServerImpl (RaftServerImpl.java:setRole(174)) - 4f7802c6-3418-4fbd-b0c6-a8e36fcecb0a@group-C31AE2B01B96: changes role from  FOLLOWER to CANDIDATE at term 0 for changeToCandidate
2019-09-25 04:50:39,485 [aabdae46-dcfa-45e6-b665-2c47bb305ebb@group-8AED9ABD7316:LeaderElection90] INFO  impl.RaftServerImpl (ServerState.java:setRaftConf(354)) - aabdae46-dcfa-45e6-b665-2c47bb305ebb@group-8AED9ABD7316: set configuration 0: [aabdae46-dcfa-45e6-b665-2c47bb305ebb:192.168.151.106:41436], old=null at 0
2019-09-25 04:50:39,704 [a167ab1f-c96d-409e-bb26-ea230783d833@group-B0F24ADB821C-SegmentedRaftLogWorker] ERROR segmented.SegmentedRaftLogWorker (SegmentedRaftLogWorker.java:run(323)) - a167ab1f-c96d-409e-bb26-ea230783d833@group-B0F24ADB821C-SegmentedRaftLogWorker hit exception
java.lang.OutOfMemoryError: Direct buffer memory
	at java.nio.Bits.reserveMemory(Bits.java:666)
	at java.nio.DirectByteBuffer.<init>(DirectByteBuffer.java:123)
	at java.nio.ByteBuffer.allocateDirect(ByteBuffer.java:311)
	at org.apache.ratis.server.raftlog.segmented.BufferedWriteChannel.<init>(BufferedWriteChannel.java:41)
	at org.apache.ratis.server.raftlog.segmented.SegmentedRaftLogOutputStream.<init>(SegmentedRaftLogOutputStream.java:72)
	at org.apache.ratis.server.raftlog.segmented.SegmentedRaftLogWorker$StartLogSegment.execute(SegmentedRaftLogWorker.java:566)
	at org.apache.ratis.server.raftlog.segmented.SegmentedRaftLogWorker.run(SegmentedRaftLogWorker.java:289)
	at java.lang.Thread.run(Thread.java:748)
2019-09-25 04:50:39,707 [a167ab1f-c96d-409e-bb26-ea230783d833@group-B0F24ADB821C-SegmentedRaftLogWorker] INFO  impl.RaftServerImpl (RaftServerImpl.java:lambda$shutdown$3(251)) - a167ab1f-c96d-409e-bb26-ea230783d833@group-B0F24ADB821C: shutdown
2019-09-25 04:50:39,485 [Thread-688] INFO  impl.RaftServerImpl (RaftServerImpl.java:setRole(174)) - a167ab1f-c96d-409e-bb26-ea230783d833@group-B4FD14FF07AB: changes role from  FOLLOWER to CANDIDATE at term 0 for changeToCandidate
2019-09-25 04:50:39,707 [9216b865-ce6b-4fb7-bc99-65479a86b6eb@group-E0556B42A7D3:LeaderElection76] INFO  impl.RoleInfo (RoleInfo.java:updateAndGet(143)) - 9216b865-ce6b-4fb7-bc99-65479a86b6eb: start LeaderState
2019-09-25 04:50:39,485 [a167ab1f-c96d-409e-bb26-ea230783d833@group-8777D69019BB:LeaderElection108] INFO  impl.RaftServerImpl (RaftServerImpl.java:setRole(174)) - a167ab1f-c96d-409e-bb26-ea230783d833@group-8777D69019BB: changes role from CANDIDATE to LEADER at term 1 for changeToLeader
2019-09-25 04:50:39,484 [45f1801e-7cfd-420a-bb39-98f19dcc81c3@group-FB03761141D6:LeaderElection92] INFO  impl.RoleInfo (RoleInfo.java:updateAndGet(143)) - 45f1801e-7cfd-420a-bb39-98f19dcc81c3: start LeaderState
2019-09-25 04:50:39,279 [Thread-695] INFO  impl.RaftServerImpl (RaftServerImpl.java:setRole(174)) - 4f7802c6-3418-4fbd-b0c6-a8e36fcecb0a@group-5FE33B0916CC: changes role from  FOLLOWER to CANDIDATE at term 0 for changeToCandidate
2019-09-25 04:50:39,708 [45f1801e-7cfd-420a-bb39-98f19dcc81c3@group-FB03761141D6:LeaderElection92] INFO  segmented.SegmentedRaftLogWorker (SegmentedRaftLogWorker.java:startLogSegment(380)) - 45f1801e-7cfd-420a-bb39-98f19dcc81c3@group-FB03761141D6-SegmentedRaftLogWorker: Starting segment from index:0
2019-09-25 04:50:39,480 [Thread-718] INFO  impl.FollowerState (FollowerState.java:run(106)) - b40ef231-6505-402b-ae57-fc0dc67cbbe8:group-49F0F168AD2D changes to CANDIDATE, lastRpcTime:5267, electionTimeout:5159ms
2019-09-25 04:50:39,479 [Thread-735] INFO  impl.FollowerState (FollowerState.java:run(106)) - aabdae46-dcfa-45e6-b665-2c47bb305ebb:group-1B4FC63C22D2 changes to CANDIDATE, lastRpcTime:5056, electionTimeout:5020ms
2019-09-25 04:50:39,478 [Thread-732] INFO  impl.FollowerState (FollowerState.java:run(106)) - 45f1801e-7cfd-420a-bb39-98f19dcc81c3:group-09867BC18A06 changes to CANDIDATE, lastRpcTime:5131, electionTimeout:5113ms
2019-09-25 04:50:39,279 [Thread-727] INFO  impl.RaftServerImpl (RaftServerImpl.java:setRole(174)) - 45f1801e-7cfd-420a-bb39-98f19dcc81c3@group-D9916A13DB6B: changes role from  FOLLOWER to CANDIDATE at term 0 for changeToCandidate
2019-09-25 04:50:39,279 [45f1801e-7cfd-420a-bb39-98f19dcc81c3@group-3D3220A443A3:LeaderElection104] INFO  server.RaftServerConfigKeys (ConfUtils.java:logGet(43)) - raft.server.watch.element-limit = 65536 (default)
2019-09-25 04:50:39,279 [45f1801e-7cfd-420a-bb39-98f19dcc81c3@group-E8AEB34FB33B:LeaderElection84] INFO  impl.RaftServerImpl (ServerState.java:setRaftConf(354)) - 45f1801e-7cfd-420a-bb39-98f19dcc81c3@group-E8AEB34FB33B: set configuration 0: [45f1801e-7cfd-420a-bb39-98f19dcc81c3:192.168.151.106:38437], old=null at 0
2019-09-25 04:50:39,278 [Thread-700] INFO  impl.RaftServerImpl (RaftServerImpl.java:setRole(174)) - aabdae46-dcfa-45e6-b665-2c47bb305ebb@group-97D52EA2DC36: changes role from  FOLLOWER to CANDIDATE at term 0 for changeToCandidate
2019-09-25 04:50:39,278 [Thread-706] INFO  impl.RaftServerImpl (RaftServerImpl.java:setRole(174)) - b40ef231-6505-402b-ae57-fc0dc67cbbe8@group-ED8CE7F11753: changes role from  FOLLOWER to CANDIDATE at term 0 for changeToCandidate
2019-09-25 04:50:39,278 [c35819d4-86f4-4223-a458-676070fe0cbb@group-20315066096E:LeaderElection77] INFO  segmented.SegmentedRaftLogWorker (SegmentedRaftLogWorker.java:startLogSegment(380)) - c35819d4-86f4-4223-a458-676070fe0cbb@group-20315066096E-SegmentedRaftLogWorker: Starting segment from index:0
2019-09-25 04:50:39,278 [Thread-710] INFO  impl.RaftServerImpl (RaftServerImpl.java:setRole(174)) - 9216b865-ce6b-4fb7-bc99-65479a86b6eb@group-D51CC7C69CA8: changes role from  FOLLOWER to CANDIDATE at term 0 for changeToCandidate
2019-09-25 04:50:39,278 [b40ef231-6505-402b-ae57-fc0dc67cbbe8@group-83FDB22A65E4:LeaderElection107] INFO  server.RaftServerConfigKeys (ConfUtils.java:logGet(43)) - raft.server.rpc.sleep.time = 25ms (default)
2019-09-25 04:50:39,278 [Thread-713] INFO  impl.RaftServerImpl (RaftServerImpl.java:setRole(174)) - 45f1801e-7cfd-420a-bb39-98f19dcc81c3@group-E913C43F8E9C: changes role from  FOLLOWER to CANDIDATE at term 0 for changeToCandidate
2019-09-25 04:50:39,911 [Thread-732] INFO  impl.RoleInfo (RoleInfo.java:shutdownFollowerState(121)) - 45f1801e-7cfd-420a-bb39-98f19dcc81c3: shutdown FollowerState
2019-09-25 04:50:40,138 [Thread-713] INFO  impl.RoleInfo (RoleInfo.java:updateAndGet(143)) - 45f1801e-7cfd-420a-bb39-98f19dcc81c3: start LeaderElection
2019-09-25 04:50:40,138 [Thread-732] INFO  impl.RaftServerImpl (RaftServerImpl.java:setRole(174)) - 45f1801e-7cfd-420a-bb39-98f19dcc81c3@group-09867BC18A06: changes role from  FOLLOWER to CANDIDATE at term 0 for changeToCandidate
2019-09-25 04:50:40,136 [Thread-438] INFO  impl.FollowerState (FollowerState.java:run(106)) - aabdae46-dcfa-45e6-b665-2c47bb305ebb:group-96726BA217A5 changes to CANDIDATE, lastRpcTime:10699, electionTimeout:5015ms
2019-09-25 04:50:39,911 [c35819d4-86f4-4223-a458-676070fe0cbb@group-20315066096E:LeaderElection77] INFO  impl.RaftServerImpl (ServerState.java:setRaftConf(354)) - c35819d4-86f4-4223-a458-676070fe0cbb@group-20315066096E: set configuration 0: [c35819d4-86f4-4223-a458-676070fe0cbb:192.168.151.106:44434], old=null at 0
2019-09-25 04:50:39,911 [Thread-735] INFO  impl.RoleInfo (RoleInfo.java:shutdownFollowerState(121)) - aabdae46-dcfa-45e6-b665-2c47bb305ebb: shutdown FollowerState
2019-09-25 04:50:39,911 [b40ef231-6505-402b-ae57-fc0dc67cbbe8@group-83FDB22A65E4:LeaderElection107] INFO  server.RaftServerConfigKeys (ConfUtils.java:logGet(43)) - raft.server.write.element-limit = 4096 (default)
2019-09-25 04:50:39,911 [Thread-710] INFO  impl.RoleInfo (RoleInfo.java:updateAndGet(143)) - 9216b865-ce6b-4fb7-bc99-65479a86b6eb: start LeaderElection
2019-09-25 04:50:39,910 [Thread-718] INFO  impl.RoleInfo (RoleInfo.java:shutdownFollowerState(121)) - b40ef231-6505-402b-ae57-fc0dc67cbbe8: shutdown FollowerState
2019-09-25 04:50:39,910 [a167ab1f-c96d-409e-bb26-ea230783d833@group-B0F24ADB821C-SegmentedRaftLogWorker] INFO  util.JmxRegister (JmxRegister.java:unregister(73)) - Successfully un-registered JMX Bean with object name Ratis:service=RaftServer,group=group-B0F24ADB821C,id=a167ab1f-c96d-409e-bb26-ea230783d833
2019-09-25 04:50:39,910 [Thread-706] INFO  impl.RoleInfo (RoleInfo.java:updateAndGet(143)) - b40ef231-6505-402b-ae57-fc0dc67cbbe8: start LeaderElection
2019-09-25 04:50:39,910 [Thread-700] INFO  impl.RoleInfo (RoleInfo.java:updateAndGet(143)) - aabdae46-dcfa-45e6-b665-2c47bb305ebb: start LeaderElection
2019-09-25 04:50:39,910 [b40ef231-6505-402b-ae57-fc0dc67cbbe8@group-D6CE7AA0887B:LeaderElection79] INFO  impl.RoleInfo (RoleInfo.java:updateAndGet(143)) - b40ef231-6505-402b-ae57-fc0dc67cbbe8: start LeaderState
2019-09-25 04:50:39,909 [Thread-727] INFO  impl.RoleInfo (RoleInfo.java:updateAndGet(143)) - 45f1801e-7cfd-420a-bb39-98f19dcc81c3: start LeaderElection
2019-09-25 04:50:39,909 [aabdae46-dcfa-45e6-b665-2c47bb305ebb@group-92A9DF878687-SegmentedRaftLogWorker] ERROR segmented.SegmentedRaftLogWorker (SegmentedRaftLogWorker.java:run(323)) - aabdae46-dcfa-45e6-b665-2c47bb305ebb@group-92A9DF878687-SegmentedRaftLogWorker hit exception
java.lang.OutOfMemoryError: Direct buffer memory
	at java.nio.Bits.reserveMemory(Bits.java:666)
	at java.nio.DirectByteBuffer.<init>(DirectByteBuffer.java:123)
	at java.nio.ByteBuffer.allocateDirect(ByteBuffer.java:311)
	at org.apache.ratis.server.raftlog.segmented.BufferedWriteChannel.<init>(BufferedWriteChannel.java:41)
	at org.apache.ratis.server.raftlog.segmented.SegmentedRaftLogOutputStream.<init>(SegmentedRaftLogOutputStream.java:72)
	at org.apache.ratis.server.raftlog.segmented.SegmentedRaftLogWorker$StartLogSegment.execute(SegmentedRaftLogWorker.java:566)
	at org.apache.ratis.server.raftlog.segmented.SegmentedRaftLogWorker.run(SegmentedRaftLogWorker.java:289)
	at java.lang.Thread.run(Thread.java:748)
2019-09-25 04:50:39,712 [45f1801e-7cfd-420a-bb39-98f19dcc81c3@group-FB03761141D6:LeaderElection92] INFO  impl.RaftServerImpl (ServerState.java:setRaftConf(354)) - 45f1801e-7cfd-420a-bb39-98f19dcc81c3@group-FB03761141D6: set configuration 0: [45f1801e-7cfd-420a-bb39-98f19dcc81c3:192.168.151.106:38437], old=null at 0
2019-09-25 04:50:39,708 [RATISCREATEPIPELINE1] ERROR pipeline.RatisPipelineProvider (RatisPipelineProvider.java:lambda$null$2(181)) - Failed invoke Ratis rpc org.apache.hadoop.hdds.scm.pipeline.RatisPipelineProvider$$Lambda$187/2050509904@736fea6 for b40ef231-6505-402b-ae57-fc0dc67cbbe8
org.apache.ratis.protocol.TimeoutIOException: deadline exceeded after 2999729972ns
	at org.apache.ratis.grpc.GrpcUtil.tryUnwrapException(GrpcUtil.java:82)
	at org.apache.ratis.grpc.GrpcUtil.unwrapException(GrpcUtil.java:75)
	at org.apache.ratis.grpc.client.GrpcClientProtocolClient.blockingCall(GrpcClientProtocolClient.java:178)
	at org.apache.ratis.grpc.client.GrpcClientProtocolClient.groupAdd(GrpcClientProtocolClient.java:147)
	at org.apache.ratis.grpc.client.GrpcClientRpc.sendRequest(GrpcClientRpc.java:94)
	at org.apache.ratis.client.impl.RaftClientImpl.sendRequest(RaftClientImpl.java:278)
	at org.apache.ratis.client.impl.RaftClientImpl.groupAdd(RaftClientImpl.java:205)
	at org.apache.hadoop.hdds.scm.pipeline.RatisPipelineProvider.lambda$initializePipeline$1(RatisPipelineProvider.java:142)
	at org.apache.hadoop.hdds.scm.pipeline.RatisPipelineProvider.lambda$null$2(RatisPipelineProvider.java:177)
	at java.util.stream.ForEachOps$ForEachOp$OfRef.accept(ForEachOps.java:184)
	at java.util.ArrayList$ArrayListSpliterator.forEachRemaining(ArrayList.java:1382)
	at java.util.stream.AbstractPipeline.copyInto(AbstractPipeline.java:482)
	at java.util.stream.ForEachOps$ForEachTask.compute(ForEachOps.java:291)
	at java.util.concurrent.CountedCompleter.exec(CountedCompleter.java:731)
	at java.util.concurrent.ForkJoinTask.doExec(ForkJoinTask.java:289)
	at java.util.concurrent.ForkJoinTask.doInvoke(ForkJoinTask.java:401)
	at java.util.concurrent.ForkJoinTask.invoke(ForkJoinTask.java:734)
	at java.util.stream.ForEachOps$ForEachOp.evaluateParallel(ForEachOps.java:160)
	at java.util.stream.ForEachOps$ForEachOp$OfRef.evaluateParallel(ForEachOps.java:174)
	at java.util.stream.AbstractPipeline.evaluate(AbstractPipeline.java:233)
	at java.util.stream.ReferencePipeline.forEach(ReferencePipeline.java:418)
	at java.util.stream.ReferencePipeline$Head.forEach(ReferencePipeline.java:583)
	at org.apache.hadoop.hdds.scm.pipeline.RatisPipelineProvider.lambda$callRatisRpc$3(RatisPipelineProvider.java:171)
	at java.util.concurrent.ForkJoinTask$AdaptedRunnableAction.exec(ForkJoinTask.java:1386)
	at java.util.concurrent.ForkJoinTask.doExec(ForkJoinTask.java:289)
	at java.util.concurrent.ForkJoinPool$WorkQueue.runTask(ForkJoinPool.java:1056)
	at java.util.concurrent.ForkJoinPool.runWorker(ForkJoinPool.java:1692)
	at java.util.concurrent.ForkJoinWorkerThread.run(ForkJoinWorkerThread.java:157)
Caused by: org.apache.ratis.thirdparty.io.grpc.StatusRuntimeException: DEADLINE_EXCEEDED: deadline exceeded after 2999729972ns
	at org.apache.ratis.thirdparty.io.grpc.stub.ClientCalls.toStatusRuntimeException(ClientCalls.java:233)
	at org.apache.ratis.thirdparty.io.grpc.stub.ClientCalls.getUnchecked(ClientCalls.java:214)
	at org.apache.ratis.thirdparty.io.grpc.stub.ClientCalls.blockingUnaryCall(ClientCalls.java:139)
	at org.apache.ratis.proto.grpc.AdminProtocolServiceGrpc$AdminProtocolServiceBlockingStub.groupManagement(AdminProtocolServiceGrpc.java:274)
	at org.apache.ratis.grpc.client.GrpcClientProtocolClient.lambda$groupAdd$3(GrpcClientProtocolClient.java:149)
	at org.apache.ratis.grpc.client.GrpcClientProtocolClient.blockingCall(GrpcClientProtocolClient.java:176)
	... 25 more
2019-09-25 04:50:39,708 [Thread-695] INFO  impl.RoleInfo (RoleInfo.java:updateAndGet(143)) - 4f7802c6-3418-4fbd-b0c6-a8e36fcecb0a: start LeaderElection
2019-09-25 04:50:40,142 [Thread-435] INFO  impl.FollowerState (FollowerState.java:run(106)) - c35819d4-86f4-4223-a458-676070fe0cbb:group-5A281C16F5FF changes to CANDIDATE, lastRpcTime:10748, electionTimeout:5169ms
2019-09-25 04:50:39,707 [9216b865-ce6b-4fb7-bc99-65479a86b6eb@group-E0556B42A7D3:LeaderElection76] INFO  segmented.SegmentedRaftLogWorker (SegmentedRaftLogWorker.java:startLogSegment(380)) - 9216b865-ce6b-4fb7-bc99-65479a86b6eb@group-E0556B42A7D3-SegmentedRaftLogWorker: Starting segment from index:0
2019-09-25 04:50:39,707 [a167ab1f-c96d-409e-bb26-ea230783d833@group-8777D69019BB:LeaderElection108] INFO  impl.RaftServerImpl (ServerState.java:setLeader(253)) - a167ab1f-c96d-409e-bb26-ea230783d833@group-8777D69019BB: change Leader from null to a167ab1f-c96d-409e-bb26-ea230783d833 at term 1 for becomeLeader, leader elected after 6074ms
2019-09-25 04:50:39,707 [Thread-688] INFO  impl.RoleInfo (RoleInfo.java:updateAndGet(143)) - a167ab1f-c96d-409e-bb26-ea230783d833: start LeaderElection
2019-09-25 04:50:39,706 [Thread-692] INFO  impl.RoleInfo (RoleInfo.java:updateAndGet(143)) - 4f7802c6-3418-4fbd-b0c6-a8e36fcecb0a: start LeaderElection
2019-09-25 04:50:39,706 [4f7802c6-3418-4fbd-b0c6-a8e36fcecb0a@group-98D2158B16EC:LeaderElection89] INFO  segmented.SegmentedRaftLogWorker (SegmentedRaftLogWorker.java:startLogSegment(380)) - 4f7802c6-3418-4fbd-b0c6-a8e36fcecb0a@group-98D2158B16EC-SegmentedRaftLogWorker: Starting segment from index:0
2019-09-25 04:50:39,706 [Thread-678] INFO  impl.RoleInfo (RoleInfo.java:updateAndGet(143)) - b40ef231-6505-402b-ae57-fc0dc67cbbe8: start LeaderElection
2019-09-25 04:50:39,706 [a167ab1f-c96d-409e-bb26-ea230783d833@group-285A6C6583B2-SegmentedRaftLogWorker] INFO  util.JmxRegister (JmxRegister.java:unregister(73)) - Successfully un-registered JMX Bean with object name Ratis:service=RaftServer,group=group-285A6C6583B2,id=a167ab1f-c96d-409e-bb26-ea230783d833
2019-09-25 04:50:40,371 [a167ab1f-c96d-409e-bb26-ea230783d833@group-285A6C6583B2-SegmentedRaftLogWorker] INFO  impl.RoleInfo (RoleInfo.java:shutdownLeaderState(104)) - a167ab1f-c96d-409e-bb26-ea230783d833: shutdown LeaderState
2019-09-25 04:50:39,706 [Thread-682] INFO  impl.RoleInfo (RoleInfo.java:updateAndGet(143)) - a167ab1f-c96d-409e-bb26-ea230783d833: start LeaderElection
2019-09-25 04:50:39,706 [c35819d4-86f4-4223-a458-676070fe0cbb@group-4BB83B81EC9E:LeaderElection102] INFO  server.RaftServerConfigKeys (ConfUtils.java:logGet(43)) - raft.server.write.element-limit = 4096 (default)
2019-09-25 04:50:39,706 [Thread-671] INFO  impl.RoleInfo (RoleInfo.java:updateAndGet(143)) - 9216b865-ce6b-4fb7-bc99-65479a86b6eb: start LeaderElection
2019-09-25 04:50:40,582 [c35819d4-86f4-4223-a458-676070fe0cbb@group-4BB83B81EC9E:LeaderElection102] INFO  server.RaftServerConfigKeys (ConfUtils.java:logGet(43)) - raft.server.watch.timeout = 10s (default)
2019-09-25 04:50:40,581 [a167ab1f-c96d-409e-bb26-ea230783d833@group-285A6C6583B2-SegmentedRaftLogWorker] INFO  impl.PendingRequests (PendingRequests.java:sendNotLeaderResponses(202)) - a167ab1f-c96d-409e-bb26-ea230783d833-PendingRequests: sendNotLeaderResponses
2019-09-25 04:50:40,371 [4f7802c6-3418-4fbd-b0c6-a8e36fcecb0a@group-98D2158B16EC:LeaderElection89] INFO  impl.RaftServerImpl (ServerState.java:setRaftConf(354)) - 4f7802c6-3418-4fbd-b0c6-a8e36fcecb0a@group-98D2158B16EC: set configuration 0: [4f7802c6-3418-4fbd-b0c6-a8e36fcecb0a:192.168.151.106:42026], old=null at 0
2019-09-25 04:50:40,580 [aabdae46-dcfa-45e6-b665-2c47bb305ebb@group-52955382E6A9-SegmentedRaftLogWorker] ERROR segmented.SegmentedRaftLogWorker (SegmentedRaftLogWorker.java:run(323)) - aabdae46-dcfa-45e6-b665-2c47bb305ebb@group-52955382E6A9-SegmentedRaftLogWorker hit exception
java.lang.OutOfMemoryError: Direct buffer memory
	at java.nio.Bits.reserveMemory(Bits.java:666)
	at java.nio.DirectByteBuffer.<init>(DirectByteBuffer.java:123)
	at java.nio.ByteBuffer.allocateDirect(ByteBuffer.java:311)
	at org.apache.ratis.server.raftlog.segmented.BufferedWriteChannel.<init>(BufferedWriteChannel.java:41)
	at org.apache.ratis.server.raftlog.segmented.SegmentedRaftLogOutputStream.<init>(SegmentedRaftLogOutputStream.java:72)
	at org.apache.ratis.server.raftlog.segmented.SegmentedRaftLogWorker$StartLogSegment.execute(SegmentedRaftLogWorker.java:566)
	at org.apache.ratis.server.raftlog.segmented.SegmentedRaftLogWorker.run(SegmentedRaftLogWorker.java:289)
	at java.lang.Thread.run(Thread.java:748)
2019-09-25 04:50:40,579 [Thread-751] INFO  impl.FollowerState (FollowerState.java:run(106)) - a167ab1f-c96d-409e-bb26-ea230783d833:group-0DBE9B28DA20 changes to CANDIDATE, lastRpcTime:5295, electionTimeout:5174ms
2019-09-25 04:50:40,370 [Thread-435] INFO  impl.RoleInfo (RoleInfo.java:shutdownFollowerState(121)) - c35819d4-86f4-4223-a458-676070fe0cbb: shutdown FollowerState
2019-09-25 04:50:40,584 [b40ef231-6505-402b-ae57-fc0dc67cbbe8@group-9FCF459108F2:LeaderElection85] INFO  impl.RoleInfo (RoleInfo.java:updateAndGet(143)) - b40ef231-6505-402b-ae57-fc0dc67cbbe8: start LeaderState
2019-09-25 04:50:40,365 [aabdae46-dcfa-45e6-b665-2c47bb305ebb@group-97D52EA2DC36:LeaderElection116] INFO  impl.LeaderElection (LeaderElection.java:askForVotes(182)) - aabdae46-dcfa-45e6-b665-2c47bb305ebb@group-97D52EA2DC36:LeaderElection116: begin an election at term 1 for -1: [aabdae46-dcfa-45e6-b665-2c47bb305ebb:192.168.151.106:41436], old=null
2019-09-25 04:50:40,365 [45f1801e-7cfd-420a-bb39-98f19dcc81c3@group-E913C43F8E9C:LeaderElection119] INFO  impl.LeaderElection (LeaderElection.java:askForVotes(182)) - 45f1801e-7cfd-420a-bb39-98f19dcc81c3@group-E913C43F8E9C:LeaderElection119: begin an election at term 1 for -1: [45f1801e-7cfd-420a-bb39-98f19dcc81c3:192.168.151.106:38437], old=null
2019-09-25 04:50:40,365 [45f1801e-7cfd-420a-bb39-98f19dcc81c3@group-D9916A13DB6B:LeaderElection115] INFO  impl.LeaderElection (LeaderElection.java:askForVotes(182)) - 45f1801e-7cfd-420a-bb39-98f19dcc81c3@group-D9916A13DB6B:LeaderElection115: begin an election at term 1 for -1: [45f1801e-7cfd-420a-bb39-98f19dcc81c3:192.168.151.106:38437], old=null
2019-09-25 04:50:40,365 [45f1801e-7cfd-420a-bb39-98f19dcc81c3@group-4F88288FBE08-SegmentedRaftLogWorker] ERROR segmented.SegmentedRaftLogWorker (SegmentedRaftLogWorker.java:run(323)) - 45f1801e-7cfd-420a-bb39-98f19dcc81c3@group-4F88288FBE08-SegmentedRaftLogWorker hit exception
java.lang.OutOfMemoryError: Direct buffer memory
	at java.nio.Bits.reserveMemory(Bits.java:666)
	at java.nio.DirectByteBuffer.<init>(DirectByteBuffer.java:123)
	at java.nio.ByteBuffer.allocateDirect(ByteBuffer.java:311)
	at org.apache.ratis.server.raftlog.segmented.BufferedWriteChannel.<init>(BufferedWriteChannel.java:41)
	at org.apache.ratis.server.raftlog.segmented.SegmentedRaftLogOutputStream.<init>(SegmentedRaftLogOutputStream.java:72)
	at org.apache.ratis.server.raftlog.segmented.SegmentedRaftLogWorker$StartLogSegment.execute(SegmentedRaftLogWorker.java:566)
	at org.apache.ratis.server.raftlog.segmented.SegmentedRaftLogWorker.run(SegmentedRaftLogWorker.java:289)
	at java.lang.Thread.run(Thread.java:748)
2019-09-25 04:50:40,585 [45f1801e-7cfd-420a-bb39-98f19dcc81c3@group-4F88288FBE08-SegmentedRaftLogWorker] INFO  impl.RaftServerImpl (RaftServerImpl.java:lambda$shutdown$3(251)) - 45f1801e-7cfd-420a-bb39-98f19dcc81c3@group-4F88288FBE08: shutdown
2019-09-25 04:50:40,365 [b40ef231-6505-402b-ae57-fc0dc67cbbe8@group-ED8CE7F11753:LeaderElection117] INFO  impl.LeaderElection (LeaderElection.java:askForVotes(182)) - b40ef231-6505-402b-ae57-fc0dc67cbbe8@group-ED8CE7F11753:LeaderElection117: begin an election at term 1 for -1: [b40ef231-6505-402b-ae57-fc0dc67cbbe8:192.168.151.106:41861], old=null
2019-09-25 04:50:40,365 [9216b865-ce6b-4fb7-bc99-65479a86b6eb@group-D51CC7C69CA8:LeaderElection118] INFO  impl.LeaderElection (LeaderElection.java:askForVotes(182)) - 9216b865-ce6b-4fb7-bc99-65479a86b6eb@group-D51CC7C69CA8:LeaderElection118: begin an election at term 1 for -1: [9216b865-ce6b-4fb7-bc99-65479a86b6eb:192.168.151.106:43252], old=null
2019-09-25 04:50:40,148 [45f1801e-7cfd-420a-bb39-98f19dcc81c3@group-BEE59315A377:LeaderElection86] INFO  impl.RoleInfo (RoleInfo.java:updateAndGet(143)) - 45f1801e-7cfd-420a-bb39-98f19dcc81c3: start LeaderState
2019-09-25 04:50:40,148 [RatisPipelineUtilsThread] ERROR pipeline.SCMPipelineManager (SCMPipelineManager.java:createPipeline(167)) - Pipeline creation failed.
java.io.IOException: Failed invoke Ratis rpc org.apache.hadoop.hdds.scm.pipeline.RatisPipelineProvider$$Lambda$187/2050509904@736fea6 for b40ef231-6505-402b-ae57-fc0dc67cbbe8
	at org.apache.hadoop.hdds.scm.pipeline.RatisPipelineProvider.lambda$null$2(RatisPipelineProvider.java:182)
	at java.util.stream.ForEachOps$ForEachOp$OfRef.accept(ForEachOps.java:184)
	at java.util.ArrayList$ArrayListSpliterator.forEachRemaining(ArrayList.java:1382)
	at java.util.stream.AbstractPipeline.copyInto(AbstractPipeline.java:482)
	at java.util.stream.ForEachOps$ForEachTask.compute(ForEachOps.java:291)
	at java.util.concurrent.CountedCompleter.exec(CountedCompleter.java:731)
	at java.util.concurrent.ForkJoinTask.doExec(ForkJoinTask.java:289)
	at java.util.concurrent.ForkJoinTask.doInvoke(ForkJoinTask.java:401)
	at java.util.concurrent.ForkJoinTask.invoke(ForkJoinTask.java:734)
	at java.util.stream.ForEachOps$ForEachOp.evaluateParallel(ForEachOps.java:160)
	at java.util.stream.ForEachOps$ForEachOp$OfRef.evaluateParallel(ForEachOps.java:174)
	at java.util.stream.AbstractPipeline.evaluate(AbstractPipeline.java:233)
	at java.util.stream.ReferencePipeline.forEach(ReferencePipeline.java:418)
	at java.util.stream.ReferencePipeline$Head.forEach(ReferencePipeline.java:583)
	at org.apache.hadoop.hdds.scm.pipeline.RatisPipelineProvider.lambda$callRatisRpc$3(RatisPipelineProvider.java:171)
	at java.util.concurrent.ForkJoinTask$AdaptedRunnableAction.exec(ForkJoinTask.java:1386)
	at java.util.concurrent.ForkJoinTask.doExec(ForkJoinTask.java:289)
	at java.util.concurrent.ForkJoinPool$WorkQueue.runTask(ForkJoinPool.java:1056)
	at java.util.concurrent.ForkJoinPool.runWorker(ForkJoinPool.java:1692)
	at java.util.concurrent.ForkJoinWorkerThread.run(ForkJoinWorkerThread.java:157)
Caused by: org.apache.ratis.protocol.TimeoutIOException: deadline exceeded after 2999729972ns
	at org.apache.ratis.grpc.GrpcUtil.tryUnwrapException(GrpcUtil.java:82)
	at org.apache.ratis.grpc.GrpcUtil.unwrapException(GrpcUtil.java:75)
	at org.apache.ratis.grpc.client.GrpcClientProtocolClient.blockingCall(GrpcClientProtocolClient.java:178)
	at org.apache.ratis.grpc.client.GrpcClientProtocolClient.groupAdd(GrpcClientProtocolClient.java:147)
	at org.apache.ratis.grpc.client.GrpcClientRpc.sendRequest(GrpcClientRpc.java:94)
	at org.apache.ratis.client.impl.RaftClientImpl.sendRequest(RaftClientImpl.java:278)
	at org.apache.ratis.client.impl.RaftClientImpl.groupAdd(RaftClientImpl.java:205)
	at org.apache.hadoop.hdds.scm.pipeline.RatisPipelineProvider.lambda$initializePipeline$1(RatisPipelineProvider.java:142)
	at org.apache.hadoop.hdds.scm.pipeline.RatisPipelineProvider.lambda$null$2(RatisPipelineProvider.java:177)
	... 19 more
Caused by: org.apache.ratis.thirdparty.io.grpc.StatusRuntimeException: DEADLINE_EXCEEDED: deadline exceeded after 2999729972ns
	at org.apache.ratis.thirdparty.io.grpc.stub.ClientCalls.toStatusRuntimeException(ClientCalls.java:233)
	at org.apache.ratis.thirdparty.io.grpc.stub.ClientCalls.getUnchecked(ClientCalls.java:214)
	at org.apache.ratis.thirdparty.io.grpc.stub.ClientCalls.blockingUnaryCall(ClientCalls.java:139)
	at org.apache.ratis.proto.grpc.AdminProtocolServiceGrpc$AdminProtocolServiceBlockingStub.groupManagement(AdminProtocolServiceGrpc.java:274)
	at org.apache.ratis.grpc.client.GrpcClientProtocolClient.lambda$groupAdd$3(GrpcClientProtocolClient.java:149)
	at org.apache.ratis.grpc.client.GrpcClientProtocolClient.blockingCall(GrpcClientProtocolClient.java:176)
	... 25 more
2019-09-25 04:50:40,148 [9216b865-ce6b-4fb7-bc99-65479a86b6eb@group-E0556B42A7D3:LeaderElection76] INFO  impl.RaftServerImpl (ServerState.java:setRaftConf(354)) - 9216b865-ce6b-4fb7-bc99-65479a86b6eb@group-E0556B42A7D3: set configuration 0: [9216b865-ce6b-4fb7-bc99-65479a86b6eb:192.168.151.106:43252], old=null at 0
2019-09-25 04:50:40,148 [a167ab1f-c96d-409e-bb26-ea230783d833@group-8777D69019BB:LeaderElection108] INFO  server.RaftServerConfigKeys (ConfUtils.java:logGet(43)) - raft.server.staging.catchup.gap = 1000 (default)
2019-09-25 04:50:40,142 [45f1801e-7cfd-420a-bb39-98f19dcc81c3@group-5350E354539A:LeaderElection81] INFO  impl.RoleInfo (RoleInfo.java:updateAndGet(143)) - 45f1801e-7cfd-420a-bb39-98f19dcc81c3: start LeaderState
2019-09-25 04:50:40,141 [aabdae46-dcfa-45e6-b665-2c47bb305ebb@group-92A9DF878687-SegmentedRaftLogWorker] INFO  impl.RaftServerImpl (RaftServerImpl.java:lambda$shutdown$3(251)) - aabdae46-dcfa-45e6-b665-2c47bb305ebb@group-92A9DF878687: shutdown
2019-09-25 04:50:40,591 [45f1801e-7cfd-420a-bb39-98f19dcc81c3@group-4F88288FBE08-SegmentedRaftLogWorker] INFO  util.JmxRegister (JmxRegister.java:unregister(73)) - Successfully un-registered JMX Bean with object name Ratis:service=RaftServer,group=group-4F88288FBE08,id=45f1801e-7cfd-420a-bb39-98f19dcc81c3
2019-09-25 04:50:40,140 [c35819d4-86f4-4223-a458-676070fe0cbb@group-3AB11E98D61C:LeaderElection83] INFO  impl.RoleInfo (RoleInfo.java:updateAndGet(143)) - c35819d4-86f4-4223-a458-676070fe0cbb: start LeaderState
2019-09-25 04:50:40,140 [b40ef231-6505-402b-ae57-fc0dc67cbbe8@group-D6CE7AA0887B:LeaderElection79] INFO  segmented.SegmentedRaftLogWorker (SegmentedRaftLogWorker.java:startLogSegment(380)) - b40ef231-6505-402b-ae57-fc0dc67cbbe8@group-D6CE7AA0887B-SegmentedRaftLogWorker: Starting segment from index:0
2019-09-25 04:50:40,140 [Thread-438] INFO  impl.RoleInfo (RoleInfo.java:shutdownFollowerState(121)) - aabdae46-dcfa-45e6-b665-2c47bb305ebb: shutdown FollowerState
2019-09-25 04:50:40,140 [a167ab1f-c96d-409e-bb26-ea230783d833@group-B0F24ADB821C-SegmentedRaftLogWorker] INFO  impl.RoleInfo (RoleInfo.java:shutdownLeaderState(104)) - a167ab1f-c96d-409e-bb26-ea230783d833: shutdown LeaderState
2019-09-25 04:50:40,139 [Thread-718] INFO  impl.RaftServerImpl (RaftServerImpl.java:setRole(174)) - b40ef231-6505-402b-ae57-fc0dc67cbbe8@group-49F0F168AD2D: changes role from  FOLLOWER to CANDIDATE at term 0 for changeToCandidate
2019-09-25 04:50:40,139 [b40ef231-6505-402b-ae57-fc0dc67cbbe8@group-83FDB22A65E4:LeaderElection107] INFO  server.RaftServerConfigKeys (ConfUtils.java:logGet(43)) - raft.server.watch.timeout = 10s (default)
2019-09-25 04:50:40,139 [Thread-735] INFO  impl.RaftServerImpl (RaftServerImpl.java:setRole(174)) - aabdae46-dcfa-45e6-b665-2c47bb305ebb@group-1B4FC63C22D2: changes role from  FOLLOWER to CANDIDATE at term 0 for changeToCandidate
2019-09-25 04:50:40,139 [a167ab1f-c96d-409e-bb26-ea230783d833@group-5A2D35AE9F94:LeaderElection87] INFO  impl.RoleInfo (RoleInfo.java:updateAndGet(143)) - a167ab1f-c96d-409e-bb26-ea230783d833: start LeaderState
2019-09-25 04:50:40,138 [Thread-732] INFO  impl.RoleInfo (RoleInfo.java:updateAndGet(143)) - 45f1801e-7cfd-420a-bb39-98f19dcc81c3: start LeaderElection
2019-09-25 04:50:40,816 [a167ab1f-c96d-409e-bb26-ea230783d833@group-5A2D35AE9F94:LeaderElection87] INFO  segmented.SegmentedRaftLogWorker (SegmentedRaftLogWorker.java:startLogSegment(380)) - a167ab1f-c96d-409e-bb26-ea230783d833@group-5A2D35AE9F94-SegmentedRaftLogWorker: Starting segment from index:0
2019-09-25 04:50:40,816 [aabdae46-dcfa-45e6-b665-2c47bb305ebb@group-550BD6E4FBD0:LeaderElection75] INFO  impl.RoleInfo (RoleInfo.java:updateAndGet(143)) - aabdae46-dcfa-45e6-b665-2c47bb305ebb: start LeaderState
2019-09-25 04:50:40,816 [Thread-735] INFO  impl.RoleInfo (RoleInfo.java:updateAndGet(143)) - aabdae46-dcfa-45e6-b665-2c47bb305ebb: start LeaderElection
2019-09-25 04:50:40,821 [a167ab1f-c96d-409e-bb26-ea230783d833@group-5A2D35AE9F94:LeaderElection87] INFO  impl.RaftServerImpl (ServerState.java:setRaftConf(354)) - a167ab1f-c96d-409e-bb26-ea230783d833@group-5A2D35AE9F94: set configuration 0: [a167ab1f-c96d-409e-bb26-ea230783d833:192.168.151.106:33404], old=null at 0
2019-09-25 04:50:40,816 [a167ab1f-c96d-409e-bb26-ea230783d833@group-B4FD14FF07AB:LeaderElection113] INFO  impl.LeaderElection (LeaderElection.java:askForVotes(182)) - a167ab1f-c96d-409e-bb26-ea230783d833@group-B4FD14FF07AB:LeaderElection113: begin an election at term 1 for -1: [a167ab1f-c96d-409e-bb26-ea230783d833:192.168.151.106:33404], old=null
2019-09-25 04:50:40,816 [9216b865-ce6b-4fb7-bc99-65479a86b6eb@group-4CF16EF24DD7:LeaderElection109] INFO  impl.LeaderElection (LeaderElection.java:askForVotes(182)) - 9216b865-ce6b-4fb7-bc99-65479a86b6eb@group-4CF16EF24DD7:LeaderElection109: begin an election at term 1 for -1: [9216b865-ce6b-4fb7-bc99-65479a86b6eb:192.168.151.106:43252], old=null
2019-09-25 04:50:40,816 [b40ef231-6505-402b-ae57-fc0dc67cbbe8@group-85E054ECDDC5:LeaderElection111] INFO  impl.LeaderElection (LeaderElection.java:askForVotes(182)) - b40ef231-6505-402b-ae57-fc0dc67cbbe8@group-85E054ECDDC5:LeaderElection111: begin an election at term 1 for -1: [b40ef231-6505-402b-ae57-fc0dc67cbbe8:192.168.151.106:41861], old=null
2019-09-25 04:50:41,026 [9216b865-ce6b-4fb7-bc99-65479a86b6eb@group-025EC75F677D:LeaderElection73] INFO  impl.RoleInfo (RoleInfo.java:updateAndGet(143)) - 9216b865-ce6b-4fb7-bc99-65479a86b6eb: start LeaderState
2019-09-25 04:50:40,816 [4f7802c6-3418-4fbd-b0c6-a8e36fcecb0a@group-C31AE2B01B96:LeaderElection112] INFO  impl.LeaderElection (LeaderElection.java:askForVotes(182)) - 4f7802c6-3418-4fbd-b0c6-a8e36fcecb0a@group-C31AE2B01B96:LeaderElection112: begin an election at term 1 for -1: [4f7802c6-3418-4fbd-b0c6-a8e36fcecb0a:192.168.151.106:42026], old=null
2019-09-25 04:50:40,816 [4f7802c6-3418-4fbd-b0c6-a8e36fcecb0a@group-5FE33B0916CC:LeaderElection114] INFO  impl.LeaderElection (LeaderElection.java:askForVotes(182)) - 4f7802c6-3418-4fbd-b0c6-a8e36fcecb0a@group-5FE33B0916CC:LeaderElection114: begin an election at term 1 for -1: [4f7802c6-3418-4fbd-b0c6-a8e36fcecb0a:192.168.151.106:42026], old=null
2019-09-25 04:50:40,816 [a167ab1f-c96d-409e-bb26-ea230783d833@group-B5C234A72D45:LeaderElection110] INFO  impl.LeaderElection (LeaderElection.java:askForVotes(182)) - a167ab1f-c96d-409e-bb26-ea230783d833@group-B5C234A72D45:LeaderElection110: begin an election at term 1 for -1: [a167ab1f-c96d-409e-bb26-ea230783d833:192.168.151.106:33404], old=null
2019-09-25 04:50:40,815 [9216b865-ce6b-4fb7-bc99-65479a86b6eb@group-8A882E087A7F-SegmentedRaftLogWorker] ERROR segmented.SegmentedRaftLogWorker (SegmentedRaftLogWorker.java:run(323)) - 9216b865-ce6b-4fb7-bc99-65479a86b6eb@group-8A882E087A7F-SegmentedRaftLogWorker hit exception
java.lang.OutOfMemoryError: Direct buffer memory
	at java.nio.Bits.reserveMemory(Bits.java:666)
	at java.nio.DirectByteBuffer.<init>(DirectByteBuffer.java:123)
	at java.nio.ByteBuffer.allocateDirect(ByteBuffer.java:311)
	at org.apache.ratis.server.raftlog.segmented.BufferedWriteChannel.<init>(BufferedWriteChannel.java:41)
	at org.apache.ratis.server.raftlog.segmented.SegmentedRaftLogOutputStream.<init>(SegmentedRaftLogOutputStream.java:72)
	at org.apache.ratis.server.raftlog.segmented.SegmentedRaftLogWorker$StartLogSegment.execute(SegmentedRaftLogWorker.java:566)
	at org.apache.ratis.server.raftlog.segmented.SegmentedRaftLogWorker.run(SegmentedRaftLogWorker.java:289)
	at java.lang.Thread.run(Thread.java:748)
2019-09-25 04:50:40,592 [b40ef231-6505-402b-ae57-fc0dc67cbbe8@group-83FDB22A65E4:LeaderElection107] INFO  server.RaftServerConfigKeys (ConfUtils.java:logGet(43)) - raft.server.watch.timeout.denomination = 1s (default)
2019-09-25 04:50:40,592 [aabdae46-dcfa-45e6-b665-2c47bb305ebb@group-92A9DF878687-SegmentedRaftLogWorker] INFO  util.JmxRegister (JmxRegister.java:unregister(73)) - Successfully un-registered JMX Bean with object name Ratis:service=RaftServer,group=group-92A9DF878687,id=aabdae46-dcfa-45e6-b665-2c47bb305ebb
2019-09-25 04:50:41,033 [9216b865-ce6b-4fb7-bc99-65479a86b6eb@group-32910316964B:LeaderElection72] INFO  impl.RoleInfo (RoleInfo.java:updateAndGet(143)) - 9216b865-ce6b-4fb7-bc99-65479a86b6eb: start LeaderState
2019-09-25 04:50:40,592 [Thread-718] INFO  impl.RoleInfo (RoleInfo.java:updateAndGet(143)) - b40ef231-6505-402b-ae57-fc0dc67cbbe8: start LeaderElection
2019-09-25 04:50:40,592 [a167ab1f-c96d-409e-bb26-ea230783d833@group-B0F24ADB821C-SegmentedRaftLogWorker] INFO  impl.PendingRequests (PendingRequests.java:sendNotLeaderResponses(202)) - a167ab1f-c96d-409e-bb26-ea230783d833-PendingRequests: sendNotLeaderResponses
2019-09-25 04:50:40,592 [b40ef231-6505-402b-ae57-fc0dc67cbbe8@group-D6CE7AA0887B:LeaderElection79] INFO  impl.RaftServerImpl (ServerState.java:setRaftConf(354)) - b40ef231-6505-402b-ae57-fc0dc67cbbe8@group-D6CE7AA0887B: set configuration 0: [b40ef231-6505-402b-ae57-fc0dc67cbbe8:192.168.151.106:41861], old=null at 0
2019-09-25 04:50:40,592 [Thread-438] INFO  impl.RaftServerImpl (RaftServerImpl.java:setRole(174)) - aabdae46-dcfa-45e6-b665-2c47bb305ebb@group-96726BA217A5: changes role from  FOLLOWER to CANDIDATE at term 0 for changeToCandidate
2019-09-25 04:50:40,592 [4f7802c6-3418-4fbd-b0c6-a8e36fcecb0a@group-BCA7C703316B:LeaderElection91] INFO  impl.RoleInfo (RoleInfo.java:updateAndGet(143)) - 4f7802c6-3418-4fbd-b0c6-a8e36fcecb0a: start LeaderState
2019-09-25 04:50:40,591 [c35819d4-86f4-4223-a458-676070fe0cbb@group-3AB11E98D61C:LeaderElection83] INFO  segmented.SegmentedRaftLogWorker (SegmentedRaftLogWorker.java:startLogSegment(380)) - c35819d4-86f4-4223-a458-676070fe0cbb@group-3AB11E98D61C-SegmentedRaftLogWorker: Starting segment from index:0
2019-09-25 04:50:40,591 [45f1801e-7cfd-420a-bb39-98f19dcc81c3@group-4F88288FBE08-SegmentedRaftLogWorker] INFO  impl.RoleInfo (RoleInfo.java:shutdownLeaderState(104)) - 45f1801e-7cfd-420a-bb39-98f19dcc81c3: shutdown LeaderState
2019-09-25 04:50:40,591 [45f1801e-7cfd-420a-bb39-98f19dcc81c3@group-5350E354539A:LeaderElection81] INFO  segmented.SegmentedRaftLogWorker (SegmentedRaftLogWorker.java:startLogSegment(380)) - 45f1801e-7cfd-420a-bb39-98f19dcc81c3@group-5350E354539A-SegmentedRaftLogWorker: Starting segment from index:0
2019-09-25 04:50:40,591 [9216b865-ce6b-4fb7-bc99-65479a86b6eb@group-F7043FA7C853:LeaderElection82] INFO  impl.RoleInfo (RoleInfo.java:updateAndGet(143)) - 9216b865-ce6b-4fb7-bc99-65479a86b6eb: start LeaderState
2019-09-25 04:50:40,590 [a167ab1f-c96d-409e-bb26-ea230783d833@group-8777D69019BB:LeaderElection108] INFO  server.RaftServerConfigKeys (ConfUtils.java:logGet(43)) - raft.server.rpc.sleep.time = 25ms (default)
2019-09-25 04:50:41,288 [9216b865-ce6b-4fb7-bc99-65479a86b6eb@group-F7043FA7C853:LeaderElection82] INFO  segmented.SegmentedRaftLogWorker (SegmentedRaftLogWorker.java:startLogSegment(380)) - 9216b865-ce6b-4fb7-bc99-65479a86b6eb@group-F7043FA7C853-SegmentedRaftLogWorker: Starting segment from index:0
2019-09-25 04:50:41,288 [45f1801e-7cfd-420a-bb39-98f19dcc81c3@group-5350E354539A:LeaderElection81] INFO  impl.RaftServerImpl (ServerState.java:setRaftConf(354)) - 45f1801e-7cfd-420a-bb39-98f19dcc81c3@group-5350E354539A: set configuration 0: [45f1801e-7cfd-420a-bb39-98f19dcc81c3:192.168.151.106:38437], old=null at 0
2019-09-25 04:50:40,586 [45f1801e-7cfd-420a-bb39-98f19dcc81c3@group-BEE59315A377:LeaderElection86] INFO  segmented.SegmentedRaftLogWorker (SegmentedRaftLogWorker.java:startLogSegment(380)) - 45f1801e-7cfd-420a-bb39-98f19dcc81c3@group-BEE59315A377-SegmentedRaftLogWorker: Starting segment from index:0
2019-09-25 04:50:40,585 [aabdae46-dcfa-45e6-b665-2c47bb305ebb@group-ED110974D17F:LeaderElection88] INFO  impl.RoleInfo (RoleInfo.java:updateAndGet(143)) - aabdae46-dcfa-45e6-b665-2c47bb305ebb: start LeaderState
2019-09-25 04:50:40,585 [9216b865-ce6b-4fb7-bc99-65479a86b6eb@group-D51CC7C69CA8:LeaderElection118] INFO  impl.RoleInfo (RoleInfo.java:shutdownLeaderElection(134)) - 9216b865-ce6b-4fb7-bc99-65479a86b6eb: shutdown LeaderElection
2019-09-25 04:50:40,585 [b40ef231-6505-402b-ae57-fc0dc67cbbe8@group-ED8CE7F11753:LeaderElection117] INFO  impl.RoleInfo (RoleInfo.java:shutdownLeaderElection(134)) - b40ef231-6505-402b-ae57-fc0dc67cbbe8: shutdown LeaderElection
2019-09-25 04:50:41,469 [45f1801e-7cfd-420a-bb39-98f19dcc81c3@group-BEE59315A377:LeaderElection86] INFO  impl.RaftServerImpl (ServerState.java:setRaftConf(354)) - 45f1801e-7cfd-420a-bb39-98f19dcc81c3@group-BEE59315A377: set configuration 0: [45f1801e-7cfd-420a-bb39-98f19dcc81c3:192.168.151.106:38437], old=null at 0
2019-09-25 04:50:40,585 [45f1801e-7cfd-420a-bb39-98f19dcc81c3@group-D9916A13DB6B:LeaderElection115] INFO  impl.RoleInfo (RoleInfo.java:shutdownLeaderElection(134)) - 45f1801e-7cfd-420a-bb39-98f19dcc81c3: shutdown LeaderElection
2019-09-25 04:50:40,585 [45f1801e-7cfd-420a-bb39-98f19dcc81c3@group-8B7976911715:LeaderElection80] INFO  impl.RoleInfo (RoleInfo.java:updateAndGet(143)) - 45f1801e-7cfd-420a-bb39-98f19dcc81c3: start LeaderState
2019-09-25 04:50:40,584 [Thread-751] INFO  impl.RoleInfo (RoleInfo.java:shutdownFollowerState(121)) - a167ab1f-c96d-409e-bb26-ea230783d833: shutdown FollowerState
2019-09-25 04:50:41,869 [45f1801e-7cfd-420a-bb39-98f19dcc81c3@group-8B7976911715:LeaderElection80] INFO  segmented.SegmentedRaftLogWorker (SegmentedRaftLogWorker.java:startLogSegment(380)) - 45f1801e-7cfd-420a-bb39-98f19dcc81c3@group-8B7976911715-SegmentedRaftLogWorker: Starting segment from index:0
2019-09-25 04:50:40,584 [45f1801e-7cfd-420a-bb39-98f19dcc81c3@group-E913C43F8E9C:LeaderElection119] INFO  impl.RoleInfo (RoleInfo.java:shutdownLeaderElection(134)) - 45f1801e-7cfd-420a-bb39-98f19dcc81c3: shutdown LeaderElection
2019-09-25 04:50:40,584 [aabdae46-dcfa-45e6-b665-2c47bb305ebb@group-97D52EA2DC36:LeaderElection116] INFO  impl.RoleInfo (RoleInfo.java:shutdownLeaderElection(134)) - aabdae46-dcfa-45e6-b665-2c47bb305ebb: shutdown LeaderElection
2019-09-25 04:50:40,584 [b40ef231-6505-402b-ae57-fc0dc67cbbe8@group-9FCF459108F2:LeaderElection85] INFO  segmented.SegmentedRaftLogWorker (SegmentedRaftLogWorker.java:startLogSegment(380)) - b40ef231-6505-402b-ae57-fc0dc67cbbe8@group-9FCF459108F2-SegmentedRaftLogWorker: Starting segment from index:0
2019-09-25 04:50:40,584 [Thread-435] INFO  impl.RaftServerImpl (RaftServerImpl.java:setRole(174)) - c35819d4-86f4-4223-a458-676070fe0cbb@group-5A281C16F5FF: changes role from  FOLLOWER to CANDIDATE at term 0 for changeToCandidate
2019-09-25 04:50:40,584 [aabdae46-dcfa-45e6-b665-2c47bb305ebb@group-52955382E6A9-SegmentedRaftLogWorker] INFO  impl.RaftServerImpl (RaftServerImpl.java:lambda$shutdown$3(251)) - aabdae46-dcfa-45e6-b665-2c47bb305ebb@group-52955382E6A9: shutdown
2019-09-25 04:50:40,583 [a167ab1f-c96d-409e-bb26-ea230783d833@group-285A6C6583B2-SegmentedRaftLogWorker] INFO  impl.StateMachineUpdater (StateMachineUpdater.java:stopAndJoin(125)) - a167ab1f-c96d-409e-bb26-ea230783d833@group-285A6C6583B2-StateMachineUpdater: set stopIndex = -1
2019-09-25 04:50:42,239 [a167ab1f-c96d-409e-bb26-ea230783d833@group-285A6C6583B2-SegmentedRaftLogWorker] INFO  impl.RaftServerImpl (ServerState.java:close(385)) - a167ab1f-c96d-409e-bb26-ea230783d833@group-285A6C6583B2: closes. applyIndex: -1
2019-09-25 04:50:40,583 [c35819d4-86f4-4223-a458-676070fe0cbb@group-4BB83B81EC9E:LeaderElection102] INFO  server.RaftServerConfigKeys (ConfUtils.java:logGet(43)) - raft.server.watch.timeout.denomination = 1s (default)
2019-09-25 04:50:40,583 [4f7802c6-3418-4fbd-b0c6-a8e36fcecb0a@group-AC4628CB5F93:LeaderElection78] INFO  impl.RoleInfo (RoleInfo.java:updateAndGet(143)) - 4f7802c6-3418-4fbd-b0c6-a8e36fcecb0a: start LeaderState
2019-09-25 04:50:42,240 [c35819d4-86f4-4223-a458-676070fe0cbb@group-4BB83B81EC9E:LeaderElection102] INFO  server.RaftServerConfigKeys (ConfUtils.java:logGet(43)) - raft.server.watch.element-limit = 65536 (default)
2019-09-25 04:50:42,240 [4f7802c6-3418-4fbd-b0c6-a8e36fcecb0a@group-AC4628CB5F93:LeaderElection78] INFO  segmented.SegmentedRaftLogWorker (SegmentedRaftLogWorker.java:startLogSegment(380)) - 4f7802c6-3418-4fbd-b0c6-a8e36fcecb0a@group-AC4628CB5F93-SegmentedRaftLogWorker: Starting segment from index:0
2019-09-25 04:50:42,240 [a167ab1f-c96d-409e-bb26-ea230783d833@group-285A6C6583B2-SegmentedRaftLogWorker] INFO  segmented.SegmentedRaftLogWorker (SegmentedRaftLogWorker.java:close(228)) - a167ab1f-c96d-409e-bb26-ea230783d833@group-285A6C6583B2-SegmentedRaftLogWorker close()
2019-09-25 04:50:42,237 [aabdae46-dcfa-45e6-b665-2c47bb305ebb@group-52955382E6A9-SegmentedRaftLogWorker] INFO  util.JmxRegister (JmxRegister.java:unregister(73)) - Successfully un-registered JMX Bean with object name Ratis:service=RaftServer,group=group-52955382E6A9,id=aabdae46-dcfa-45e6-b665-2c47bb305ebb
2019-09-25 04:50:42,233 [b40ef231-6505-402b-ae57-fc0dc67cbbe8@group-D6CE7AA0887B-SegmentedRaftLogWorker] ERROR segmented.SegmentedRaftLogWorker (SegmentedRaftLogWorker.java:run(323)) - b40ef231-6505-402b-ae57-fc0dc67cbbe8@group-D6CE7AA0887B-SegmentedRaftLogWorker hit exception
java.lang.OutOfMemoryError: Direct buffer memory
	at java.nio.Bits.reserveMemory(Bits.java:666)
	at java.nio.DirectByteBuffer.<init>(DirectByteBuffer.java:123)
	at java.nio.ByteBuffer.allocateDirect(ByteBuffer.java:311)
	at org.apache.ratis.server.raftlog.segmented.BufferedWriteChannel.<init>(BufferedWriteChannel.java:41)
	at org.apache.ratis.server.raftlog.segmented.SegmentedRaftLogOutputStream.<init>(SegmentedRaftLogOutputStream.java:72)
	at org.apache.ratis.server.raftlog.segmented.SegmentedRaftLogWorker$StartLogSegment.execute(SegmentedRaftLogWorker.java:566)
	at org.apache.ratis.server.raftlog.segmented.SegmentedRaftLogWorker.run(SegmentedRaftLogWorker.java:289)
	at java.lang.Thread.run(Thread.java:748)
2019-09-25 04:50:42,040 [pool-47-thread-1] INFO  impl.RaftServerImpl (RaftServerImpl.java:<init>(95)) - a167ab1f-c96d-409e-bb26-ea230783d833: new RaftServerImpl for group-3FD18C2280E4:[a167ab1f-c96d-409e-bb26-ea230783d833:192.168.151.106:33404, aabdae46-dcfa-45e6-b665-2c47bb305ebb:192.168.151.106:41436, b40ef231-6505-402b-ae57-fc0dc67cbbe8:192.168.151.106:41861] with ContainerStateMachine:uninitialized
2019-09-25 04:50:42,040 [grpc-default-executor-1] INFO  impl.RaftServerProxy (RaftServerProxy.java:addNew(89)) - aabdae46-dcfa-45e6-b665-2c47bb305ebb: addNew group-3FD18C2280E4:[a167ab1f-c96d-409e-bb26-ea230783d833:192.168.151.106:33404, aabdae46-dcfa-45e6-b665-2c47bb305ebb:192.168.151.106:41436, b40ef231-6505-402b-ae57-fc0dc67cbbe8:192.168.151.106:41861] returns group-3FD18C2280E4:java.util.concurrent.CompletableFuture@48fc0414[Not completed]
2019-09-25 04:50:42,040 [grpc-default-executor-2] INFO  impl.RaftServerProxy (RaftServerProxy.java:addNew(89)) - b40ef231-6505-402b-ae57-fc0dc67cbbe8: addNew group-3FD18C2280E4:[a167ab1f-c96d-409e-bb26-ea230783d833:192.168.151.106:33404, aabdae46-dcfa-45e6-b665-2c47bb305ebb:192.168.151.106:41436, b40ef231-6505-402b-ae57-fc0dc67cbbe8:192.168.151.106:41861] returns group-3FD18C2280E4:java.util.concurrent.CompletableFuture@391ec097[Not completed]
2019-09-25 04:50:42,040 [b40ef231-6505-402b-ae57-fc0dc67cbbe8@group-9FCF459108F2:LeaderElection85] INFO  impl.RaftServerImpl (ServerState.java:setRaftConf(354)) - b40ef231-6505-402b-ae57-fc0dc67cbbe8@group-9FCF459108F2: set configuration 0: [b40ef231-6505-402b-ae57-fc0dc67cbbe8:192.168.151.106:41861], old=null at 0
2019-09-25 04:50:42,458 [c35819d4-86f4-4223-a458-676070fe0cbb@group-4BB83B81EC9E:LeaderElection102] INFO  impl.RoleInfo (RoleInfo.java:updateAndGet(143)) - c35819d4-86f4-4223-a458-676070fe0cbb: start LeaderState
2019-09-25 04:50:42,040 [Thread-435] INFO  impl.RoleInfo (RoleInfo.java:updateAndGet(143)) - c35819d4-86f4-4223-a458-676070fe0cbb: start LeaderElection
2019-09-25 04:50:42,458 [c35819d4-86f4-4223-a458-676070fe0cbb@group-4BB83B81EC9E:LeaderElection102] INFO  segmented.SegmentedRaftLogWorker (SegmentedRaftLogWorker.java:startLogSegment(380)) - c35819d4-86f4-4223-a458-676070fe0cbb@group-4BB83B81EC9E-SegmentedRaftLogWorker: Starting segment from index:0
2019-09-25 04:50:42,039 [4f7802c6-3418-4fbd-b0c6-a8e36fcecb0a@group-98D2158B16EC-SegmentedRaftLogWorker] ERROR segmented.SegmentedRaftLogWorker (SegmentedRaftLogWorker.java:run(323)) - 4f7802c6-3418-4fbd-b0c6-a8e36fcecb0a@group-98D2158B16EC-SegmentedRaftLogWorker hit exception
java.lang.OutOfMemoryError: Direct buffer memory
	at java.nio.Bits.reserveMemory(Bits.java:666)
	at java.nio.DirectByteBuffer.<init>(DirectByteBuffer.java:123)
	at java.nio.ByteBuffer.allocateDirect(ByteBuffer.java:311)
	at org.apache.ratis.server.raftlog.segmented.BufferedWriteChannel.<init>(BufferedWriteChannel.java:41)
	at org.apache.ratis.server.raftlog.segmented.SegmentedRaftLogOutputStream.<init>(SegmentedRaftLogOutputStream.java:72)
	at org.apache.ratis.server.raftlog.segmented.SegmentedRaftLogWorker$StartLogSegment.execute(SegmentedRaftLogWorker.java:566)
	at org.apache.ratis.server.raftlog.segmented.SegmentedRaftLogWorker.run(SegmentedRaftLogWorker.java:289)
	at java.lang.Thread.run(Thread.java:748)
2019-09-25 04:50:42,459 [4f7802c6-3418-4fbd-b0c6-a8e36fcecb0a@group-98D2158B16EC-SegmentedRaftLogWorker] INFO  impl.RaftServerImpl (RaftServerImpl.java:lambda$shutdown$3(251)) - 4f7802c6-3418-4fbd-b0c6-a8e36fcecb0a@group-98D2158B16EC: shutdown
2019-09-25 04:50:42,039 [9216b865-ce6b-4fb7-bc99-65479a86b6eb@group-E0556B42A7D3-SegmentedRaftLogWorker] ERROR segmented.SegmentedRaftLogWorker (SegmentedRaftLogWorker.java:run(323)) - 9216b865-ce6b-4fb7-bc99-65479a86b6eb@group-E0556B42A7D3-SegmentedRaftLogWorker hit exception
java.lang.OutOfMemoryError: Direct buffer memory
	at java.nio.Bits.reserveMemory(Bits.java:666)
	at java.nio.DirectByteBuffer.<init>(DirectByteBuffer.java:123)
	at java.nio.ByteBuffer.allocateDirect(ByteBuffer.java:311)
	at org.apache.ratis.server.raftlog.segmented.BufferedWriteChannel.<init>(BufferedWriteChannel.java:41)
	at org.apache.ratis.server.raftlog.segmented.SegmentedRaftLogOutputStream.<init>(SegmentedRaftLogOutputStream.java:72)
	at org.apache.ratis.server.raftlog.segmented.SegmentedRaftLogWorker$StartLogSegment.execute(SegmentedRaftLogWorker.java:566)
	at org.apache.ratis.server.raftlog.segmented.SegmentedRaftLogWorker.run(SegmentedRaftLogWorker.java:289)
	at java.lang.Thread.run(Thread.java:748)
2019-09-25 04:50:41,870 [aabdae46-dcfa-45e6-b665-2c47bb305ebb@group-97D52EA2DC36:LeaderElection116] INFO  impl.RaftServerImpl (RaftServerImpl.java:setRole(174)) - aabdae46-dcfa-45e6-b665-2c47bb305ebb@group-97D52EA2DC36: changes role from CANDIDATE to LEADER at term 1 for changeToLeader
2019-09-25 04:50:42,684 [aabdae46-dcfa-45e6-b665-2c47bb305ebb@group-97D52EA2DC36:LeaderElection116] INFO  impl.RaftServerImpl (ServerState.java:setLeader(253)) - aabdae46-dcfa-45e6-b665-2c47bb305ebb@group-97D52EA2DC36: change Leader from null to aabdae46-dcfa-45e6-b665-2c47bb305ebb at term 1 for becomeLeader, leader elected after 8712ms
2019-09-25 04:50:41,870 [45f1801e-7cfd-420a-bb39-98f19dcc81c3@group-8B7976911715:LeaderElection80] INFO  impl.RaftServerImpl (ServerState.java:setRaftConf(354)) - 45f1801e-7cfd-420a-bb39-98f19dcc81c3@group-8B7976911715: set configuration 0: [45f1801e-7cfd-420a-bb39-98f19dcc81c3:192.168.151.106:38437], old=null at 0
2019-09-25 04:50:41,870 [45f1801e-7cfd-420a-bb39-98f19dcc81c3@group-E913C43F8E9C:LeaderElection119] INFO  impl.RaftServerImpl (RaftServerImpl.java:setRole(174)) - 45f1801e-7cfd-420a-bb39-98f19dcc81c3@group-E913C43F8E9C: changes role from CANDIDATE to LEADER at term 1 for changeToLeader
2019-09-25 04:50:42,684 [45f1801e-7cfd-420a-bb39-98f19dcc81c3@group-E913C43F8E9C:LeaderElection119] INFO  impl.RaftServerImpl (ServerState.java:setLeader(253)) - 45f1801e-7cfd-420a-bb39-98f19dcc81c3@group-E913C43F8E9C: change Leader from null to 45f1801e-7cfd-420a-bb39-98f19dcc81c3 at term 1 for becomeLeader, leader elected after 8523ms
2019-09-25 04:50:41,869 [Thread-751] INFO  impl.RaftServerImpl (RaftServerImpl.java:setRole(174)) - a167ab1f-c96d-409e-bb26-ea230783d833@group-0DBE9B28DA20: changes role from  FOLLOWER to CANDIDATE at term 0 for changeToCandidate
2019-09-25 04:50:41,869 [grpc-default-executor-0] INFO  impl.RaftServerProxy (RaftServerProxy.java:addNew(89)) - a167ab1f-c96d-409e-bb26-ea230783d833: addNew group-3FD18C2280E4:[a167ab1f-c96d-409e-bb26-ea230783d833:192.168.151.106:33404, aabdae46-dcfa-45e6-b665-2c47bb305ebb:192.168.151.106:41436, b40ef231-6505-402b-ae57-fc0dc67cbbe8:192.168.151.106:41861] returns group-3FD18C2280E4:java.util.concurrent.CompletableFuture@62c6a360[Not completed]
2019-09-25 04:50:41,869 [45f1801e-7cfd-420a-bb39-98f19dcc81c3@group-D9916A13DB6B:LeaderElection115] INFO  impl.RaftServerImpl (RaftServerImpl.java:setRole(174)) - 45f1801e-7cfd-420a-bb39-98f19dcc81c3@group-D9916A13DB6B: changes role from CANDIDATE to LEADER at term 1 for changeToLeader
2019-09-25 04:50:42,685 [45f1801e-7cfd-420a-bb39-98f19dcc81c3@group-D9916A13DB6B:LeaderElection115] INFO  impl.RaftServerImpl (ServerState.java:setLeader(253)) - 45f1801e-7cfd-420a-bb39-98f19dcc81c3@group-D9916A13DB6B: change Leader from null to 45f1801e-7cfd-420a-bb39-98f19dcc81c3 at term 1 for becomeLeader, leader elected after 8428ms
2019-09-25 04:50:41,868 [pool-37-thread-1] INFO  impl.RaftServerImpl (RaftServerImpl.java:start(185)) - b40ef231-6505-402b-ae57-fc0dc67cbbe8@group-0029AD3A6AE4: start as a follower, conf=-1: [b40ef231-6505-402b-ae57-fc0dc67cbbe8:192.168.151.106:41861], old=null
2019-09-25 04:50:41,868 [45f1801e-7cfd-420a-bb39-98f19dcc81c3@group-3D3220A443A3:LeaderElection104] INFO  impl.RoleInfo (RoleInfo.java:updateAndGet(143)) - 45f1801e-7cfd-420a-bb39-98f19dcc81c3: start LeaderState
2019-09-25 04:50:41,868 [45f1801e-7cfd-420a-bb39-98f19dcc81c3@group-FB03761141D6-SegmentedRaftLogWorker] ERROR segmented.SegmentedRaftLogWorker (SegmentedRaftLogWorker.java:run(323)) - 45f1801e-7cfd-420a-bb39-98f19dcc81c3@group-FB03761141D6-SegmentedRaftLogWorker hit exception
java.lang.OutOfMemoryError: Direct buffer memory
	at java.nio.Bits.reserveMemory(Bits.java:666)
	at java.nio.DirectByteBuffer.<init>(DirectByteBuffer.java:123)
	at java.nio.ByteBuffer.allocateDirect(ByteBuffer.java:311)
	at org.apache.ratis.server.raftlog.segmented.BufferedWriteChannel.<init>(BufferedWriteChannel.java:41)
	at org.apache.ratis.server.raftlog.segmented.SegmentedRaftLogOutputStream.<init>(SegmentedRaftLogOutputStream.java:72)
	at org.apache.ratis.server.raftlog.segmented.SegmentedRaftLogWorker$StartLogSegment.execute(SegmentedRaftLogWorker.java:566)
	at org.apache.ratis.server.raftlog.segmented.SegmentedRaftLogWorker.run(SegmentedRaftLogWorker.java:289)
	at java.lang.Thread.run(Thread.java:748)
2019-09-25 04:50:42,686 [45f1801e-7cfd-420a-bb39-98f19dcc81c3@group-FB03761141D6-SegmentedRaftLogWorker] INFO  impl.RaftServerImpl (RaftServerImpl.java:lambda$shutdown$3(251)) - 45f1801e-7cfd-420a-bb39-98f19dcc81c3@group-FB03761141D6: shutdown
2019-09-25 04:50:41,868 [c35819d4-86f4-4223-a458-676070fe0cbb@group-20315066096E-SegmentedRaftLogWorker] ERROR segmented.SegmentedRaftLogWorker (SegmentedRaftLogWorker.java:run(323)) - c35819d4-86f4-4223-a458-676070fe0cbb@group-20315066096E-SegmentedRaftLogWorker hit exception
java.lang.OutOfMemoryError: Direct buffer memory
	at java.nio.Bits.reserveMemory(Bits.java:666)
	at java.nio.DirectByteBuffer.<init>(DirectByteBuffer.java:123)
	at java.nio.ByteBuffer.allocateDirect(ByteBuffer.java:311)
	at org.apache.ratis.server.raftlog.segmented.BufferedWriteChannel.<init>(BufferedWriteChannel.java:41)
	at org.apache.ratis.server.raftlog.segmented.SegmentedRaftLogOutputStream.<init>(SegmentedRaftLogOutputStream.java:72)
	at org.apache.ratis.server.raftlog.segmented.SegmentedRaftLogWorker$StartLogSegment.execute(SegmentedRaftLogWorker.java:566)
	at org.apache.ratis.server.raftlog.segmented.SegmentedRaftLogWorker.run(SegmentedRaftLogWorker.java:289)
	at java.lang.Thread.run(Thread.java:748)
2019-09-25 04:50:41,868 [aabdae46-dcfa-45e6-b665-2c47bb305ebb@group-7079C96F35A2:LeaderElection105] INFO  impl.RoleInfo (RoleInfo.java:updateAndGet(143)) - aabdae46-dcfa-45e6-b665-2c47bb305ebb: start LeaderState
2019-09-25 04:50:41,868 [45f1801e-7cfd-420a-bb39-98f19dcc81c3@group-21891154694B:LeaderElection106] INFO  impl.RoleInfo (RoleInfo.java:updateAndGet(143)) - 45f1801e-7cfd-420a-bb39-98f19dcc81c3: start LeaderState
2019-09-25 04:50:41,868 [9216b865-ce6b-4fb7-bc99-65479a86b6eb@group-5F165A531ED8:LeaderElection103] INFO  impl.RoleInfo (RoleInfo.java:updateAndGet(143)) - 9216b865-ce6b-4fb7-bc99-65479a86b6eb: start LeaderState
2019-09-25 04:50:41,866 [b40ef231-6505-402b-ae57-fc0dc67cbbe8@group-FFC5865DEC55:LeaderElection101] INFO  impl.RoleInfo (RoleInfo.java:updateAndGet(143)) - b40ef231-6505-402b-ae57-fc0dc67cbbe8: start LeaderState
2019-09-25 04:50:41,654 [b40ef231-6505-402b-ae57-fc0dc67cbbe8@group-49F0F168AD2D:LeaderElection121] INFO  impl.LeaderElection (LeaderElection.java:askForVotes(182)) - b40ef231-6505-402b-ae57-fc0dc67cbbe8@group-49F0F168AD2D:LeaderElection121: begin an election at term 1 for -1: [b40ef231-6505-402b-ae57-fc0dc67cbbe8:192.168.151.106:41861], old=null
2019-09-25 04:50:42,703 [b40ef231-6505-402b-ae57-fc0dc67cbbe8@group-FFC5865DEC55:LeaderElection101] INFO  segmented.SegmentedRaftLogWorker (SegmentedRaftLogWorker.java:startLogSegment(380)) - b40ef231-6505-402b-ae57-fc0dc67cbbe8@group-FFC5865DEC55-SegmentedRaftLogWorker: Starting segment from index:0
2019-09-25 04:50:41,469 [b40ef231-6505-402b-ae57-fc0dc67cbbe8@group-ED8CE7F11753:LeaderElection117] INFO  impl.RaftServerImpl (RaftServerImpl.java:setRole(174)) - b40ef231-6505-402b-ae57-fc0dc67cbbe8@group-ED8CE7F11753: changes role from CANDIDATE to LEADER at term 1 for changeToLeader
2019-09-25 04:50:41,464 [9216b865-ce6b-4fb7-bc99-65479a86b6eb@group-D51CC7C69CA8:LeaderElection118] INFO  impl.RaftServerImpl (RaftServerImpl.java:setRole(174)) - 9216b865-ce6b-4fb7-bc99-65479a86b6eb@group-D51CC7C69CA8: changes role from CANDIDATE to LEADER at term 1 for changeToLeader
2019-09-25 04:50:42,703 [9216b865-ce6b-4fb7-bc99-65479a86b6eb@group-D51CC7C69CA8:LeaderElection118] INFO  impl.RaftServerImpl (ServerState.java:setLeader(253)) - 9216b865-ce6b-4fb7-bc99-65479a86b6eb@group-D51CC7C69CA8: change Leader from null to 9216b865-ce6b-4fb7-bc99-65479a86b6eb at term 1 for becomeLeader, leader elected after 8624ms
2019-09-25 04:50:41,469 [aabdae46-dcfa-45e6-b665-2c47bb305ebb@group-ED110974D17F:LeaderElection88] INFO  segmented.SegmentedRaftLogWorker (SegmentedRaftLogWorker.java:startLogSegment(380)) - aabdae46-dcfa-45e6-b665-2c47bb305ebb@group-ED110974D17F-SegmentedRaftLogWorker: Starting segment from index:0
2019-09-25 04:50:41,464 [9216b865-ce6b-4fb7-bc99-65479a86b6eb@group-F7043FA7C853:LeaderElection82] INFO  impl.RaftServerImpl (ServerState.java:setRaftConf(354)) - 9216b865-ce6b-4fb7-bc99-65479a86b6eb@group-F7043FA7C853: set configuration 0: [9216b865-ce6b-4fb7-bc99-65479a86b6eb:192.168.151.106:43252], old=null at 0
2019-09-25 04:50:41,463 [a167ab1f-c96d-409e-bb26-ea230783d833@group-8777D69019BB:LeaderElection108] INFO  server.RaftServerConfigKeys (ConfUtils.java:logGet(43)) - raft.server.write.element-limit = 4096 (default)
2019-09-25 04:50:41,461 [9216b865-ce6b-4fb7-bc99-65479a86b6eb@group-D6395173AEA9:LeaderElection99] INFO  impl.RoleInfo (RoleInfo.java:updateAndGet(143)) - 9216b865-ce6b-4fb7-bc99-65479a86b6eb: start LeaderState
2019-09-25 04:50:41,461 [aabdae46-dcfa-45e6-b665-2c47bb305ebb@group-AC95CF6AEBCA:LeaderElection100] INFO  impl.RoleInfo (RoleInfo.java:updateAndGet(143)) - aabdae46-dcfa-45e6-b665-2c47bb305ebb: start LeaderState
2019-09-25 04:50:41,053 [c35819d4-86f4-4223-a458-676070fe0cbb@group-3AB11E98D61C:LeaderElection83] INFO  impl.RaftServerImpl (ServerState.java:setRaftConf(354)) - c35819d4-86f4-4223-a458-676070fe0cbb@group-3AB11E98D61C: set configuration 0: [c35819d4-86f4-4223-a458-676070fe0cbb:192.168.151.106:44434], old=null at 0
2019-09-25 04:50:41,460 [aabdae46-dcfa-45e6-b665-2c47bb305ebb@group-8AED9ABD7316-SegmentedRaftLogWorker] ERROR segmented.SegmentedRaftLogWorker (SegmentedRaftLogWorker.java:run(323)) - aabdae46-dcfa-45e6-b665-2c47bb305ebb@group-8AED9ABD7316-SegmentedRaftLogWorker hit exception
java.lang.OutOfMemoryError: Direct buffer memory
	at java.nio.Bits.reserveMemory(Bits.java:666)
	at java.nio.DirectByteBuffer.<init>(DirectByteBuffer.java:123)
	at java.nio.ByteBuffer.allocateDirect(ByteBuffer.java:311)
	at org.apache.ratis.server.raftlog.segmented.BufferedWriteChannel.<init>(BufferedWriteChannel.java:41)
	at org.apache.ratis.server.raftlog.segmented.SegmentedRaftLogOutputStream.<init>(SegmentedRaftLogOutputStream.java:72)
	at org.apache.ratis.server.raftlog.segmented.SegmentedRaftLogWorker$StartLogSegment.execute(SegmentedRaftLogWorker.java:566)
	at org.apache.ratis.server.raftlog.segmented.SegmentedRaftLogWorker.run(SegmentedRaftLogWorker.java:289)
	at java.lang.Thread.run(Thread.java:748)
2019-09-25 04:50:43,109 [aabdae46-dcfa-45e6-b665-2c47bb305ebb@group-8AED9ABD7316-SegmentedRaftLogWorker] INFO  impl.RaftServerImpl (RaftServerImpl.java:lambda$shutdown$3(251)) - aabdae46-dcfa-45e6-b665-2c47bb305ebb@group-8AED9ABD7316: shutdown
2019-09-25 04:50:41,460 [45f1801e-7cfd-420a-bb39-98f19dcc81c3@group-E8AEB34FB33B-SegmentedRaftLogWorker] ERROR segmented.SegmentedRaftLogWorker (SegmentedRaftLogWorker.java:run(323)) - 45f1801e-7cfd-420a-bb39-98f19dcc81c3@group-E8AEB34FB33B-SegmentedRaftLogWorker hit exception
java.lang.OutOfMemoryError: Direct buffer memory
	at java.nio.Bits.reserveMemory(Bits.java:666)
	at java.nio.DirectByteBuffer.<init>(DirectByteBuffer.java:123)
	at java.nio.ByteBuffer.allocateDirect(ByteBuffer.java:311)
	at org.apache.ratis.server.raftlog.segmented.BufferedWriteChannel.<init>(BufferedWriteChannel.java:41)
	at org.apache.ratis.server.raftlog.segmented.SegmentedRaftLogOutputStream.<init>(SegmentedRaftLogOutputStream.java:72)
	at org.apache.ratis.server.raftlog.segmented.SegmentedRaftLogWorker$StartLogSegment.execute(SegmentedRaftLogWorker.java:566)
	at org.apache.ratis.server.raftlog.segmented.SegmentedRaftLogWorker.run(SegmentedRaftLogWorker.java:289)
	at java.lang.Thread.run(Thread.java:748)
2019-09-25 04:50:41,050 [45f1801e-7cfd-420a-bb39-98f19dcc81c3@group-4F88288FBE08-SegmentedRaftLogWorker] INFO  impl.PendingRequests (PendingRequests.java:sendNotLeaderResponses(202)) - 45f1801e-7cfd-420a-bb39-98f19dcc81c3-PendingRequests: sendNotLeaderResponses
2019-09-25 04:50:41,047 [4f7802c6-3418-4fbd-b0c6-a8e36fcecb0a@group-BCA7C703316B:LeaderElection91] INFO  segmented.SegmentedRaftLogWorker (SegmentedRaftLogWorker.java:startLogSegment(380)) - 4f7802c6-3418-4fbd-b0c6-a8e36fcecb0a@group-BCA7C703316B-SegmentedRaftLogWorker: Starting segment from index:0
2019-09-25 04:50:41,046 [aabdae46-dcfa-45e6-b665-2c47bb305ebb@group-1B4FC63C22D2:LeaderElection122] INFO  impl.LeaderElection (LeaderElection.java:askForVotes(182)) - aabdae46-dcfa-45e6-b665-2c47bb305ebb@group-1B4FC63C22D2:LeaderElection122: begin an election at term 1 for -1: [aabdae46-dcfa-45e6-b665-2c47bb305ebb:192.168.151.106:41436], old=null
2019-09-25 04:50:41,046 [45f1801e-7cfd-420a-bb39-98f19dcc81c3@group-09867BC18A06:LeaderElection120] INFO  impl.LeaderElection (LeaderElection.java:askForVotes(182)) - 45f1801e-7cfd-420a-bb39-98f19dcc81c3@group-09867BC18A06:LeaderElection120: begin an election at term 1 for -1: [45f1801e-7cfd-420a-bb39-98f19dcc81c3:192.168.151.106:38437], old=null
2019-09-25 04:50:41,043 [Thread-438] INFO  impl.RoleInfo (RoleInfo.java:updateAndGet(143)) - aabdae46-dcfa-45e6-b665-2c47bb305ebb: start LeaderElection
2019-09-25 04:50:41,040 [a167ab1f-c96d-409e-bb26-ea230783d833@group-B0F24ADB821C-SegmentedRaftLogWorker] INFO  impl.StateMachineUpdater (StateMachineUpdater.java:stopAndJoin(125)) - a167ab1f-c96d-409e-bb26-ea230783d833@group-B0F24ADB821C-StateMachineUpdater: set stopIndex = -1
2019-09-25 04:50:43,287 [a167ab1f-c96d-409e-bb26-ea230783d833@group-B0F24ADB821C-SegmentedRaftLogWorker] INFO  impl.RaftServerImpl (ServerState.java:close(385)) - a167ab1f-c96d-409e-bb26-ea230783d833@group-B0F24ADB821C: closes. applyIndex: -1
2019-09-25 04:50:41,033 [a167ab1f-c96d-409e-bb26-ea230783d833@group-7F580B529A80:LeaderElection70] INFO  impl.RoleInfo (RoleInfo.java:updateAndGet(143)) - a167ab1f-c96d-409e-bb26-ea230783d833: start LeaderState
2019-09-25 04:50:43,288 [a167ab1f-c96d-409e-bb26-ea230783d833@group-B0F24ADB821C-SegmentedRaftLogWorker] INFO  segmented.SegmentedRaftLogWorker (SegmentedRaftLogWorker.java:close(228)) - a167ab1f-c96d-409e-bb26-ea230783d833@group-B0F24ADB821C-SegmentedRaftLogWorker close()
2019-09-25 04:50:41,033 [9216b865-ce6b-4fb7-bc99-65479a86b6eb@group-32910316964B:LeaderElection72] INFO  segmented.SegmentedRaftLogWorker (SegmentedRaftLogWorker.java:startLogSegment(380)) - 9216b865-ce6b-4fb7-bc99-65479a86b6eb@group-32910316964B-SegmentedRaftLogWorker: Starting segment from index:0
2019-09-25 04:50:41,033 [aabdae46-dcfa-45e6-b665-2c47bb305ebb@group-92A9DF878687-SegmentedRaftLogWorker] INFO  impl.RoleInfo (RoleInfo.java:shutdownLeaderState(104)) - aabdae46-dcfa-45e6-b665-2c47bb305ebb: shutdown LeaderState
2019-09-25 04:50:41,033 [b40ef231-6505-402b-ae57-fc0dc67cbbe8@group-83FDB22A65E4:LeaderElection107] INFO  server.RaftServerConfigKeys (ConfUtils.java:logGet(43)) - raft.server.watch.element-limit = 65536 (default)
2019-09-25 04:50:41,032 [9216b865-ce6b-4fb7-bc99-65479a86b6eb@group-8A882E087A7F-SegmentedRaftLogWorker] INFO  impl.RaftServerImpl (RaftServerImpl.java:lambda$shutdown$3(251)) - 9216b865-ce6b-4fb7-bc99-65479a86b6eb@group-8A882E087A7F: shutdown
2019-09-25 04:50:41,032 [c35819d4-86f4-4223-a458-676070fe0cbb@group-10F783B4E55F:LeaderElection74] INFO  impl.RoleInfo (RoleInfo.java:updateAndGet(143)) - c35819d4-86f4-4223-a458-676070fe0cbb: start LeaderState
2019-09-25 04:50:41,027 [a167ab1f-c96d-409e-bb26-ea230783d833@group-B5C234A72D45:LeaderElection110] INFO  impl.RoleInfo (RoleInfo.java:shutdownLeaderElection(134)) - a167ab1f-c96d-409e-bb26-ea230783d833: shutdown LeaderElection
2019-09-25 04:50:43,515 [c35819d4-86f4-4223-a458-676070fe0cbb@group-10F783B4E55F:LeaderElection74] INFO  segmented.SegmentedRaftLogWorker (SegmentedRaftLogWorker.java:startLogSegment(380)) - c35819d4-86f4-4223-a458-676070fe0cbb@group-10F783B4E55F-SegmentedRaftLogWorker: Starting segment from index:0
2019-09-25 04:50:41,027 [4f7802c6-3418-4fbd-b0c6-a8e36fcecb0a@group-5FE33B0916CC:LeaderElection114] INFO  impl.RoleInfo (RoleInfo.java:shutdownLeaderElection(134)) - 4f7802c6-3418-4fbd-b0c6-a8e36fcecb0a: shutdown LeaderElection
2019-09-25 04:50:41,027 [4f7802c6-3418-4fbd-b0c6-a8e36fcecb0a@group-C31AE2B01B96:LeaderElection112] INFO  impl.RoleInfo (RoleInfo.java:shutdownLeaderElection(134)) - 4f7802c6-3418-4fbd-b0c6-a8e36fcecb0a: shutdown LeaderElection
2019-09-25 04:50:43,516 [c35819d4-86f4-4223-a458-676070fe0cbb@group-10F783B4E55F:LeaderElection74] INFO  impl.RaftServerImpl (ServerState.java:setRaftConf(354)) - c35819d4-86f4-4223-a458-676070fe0cbb@group-10F783B4E55F: set configuration 0: [c35819d4-86f4-4223-a458-676070fe0cbb:192.168.151.106:44434], old=null at 0
2019-09-25 04:50:41,027 [9216b865-ce6b-4fb7-bc99-65479a86b6eb@group-025EC75F677D:LeaderElection73] INFO  segmented.SegmentedRaftLogWorker (SegmentedRaftLogWorker.java:startLogSegment(380)) - 9216b865-ce6b-4fb7-bc99-65479a86b6eb@group-025EC75F677D-SegmentedRaftLogWorker: Starting segment from index:0
2019-09-25 04:50:41,026 [b40ef231-6505-402b-ae57-fc0dc67cbbe8@group-85E054ECDDC5:LeaderElection111] INFO  impl.RoleInfo (RoleInfo.java:shutdownLeaderElection(134)) - b40ef231-6505-402b-ae57-fc0dc67cbbe8: shutdown LeaderElection
2019-09-25 04:50:41,026 [9216b865-ce6b-4fb7-bc99-65479a86b6eb@group-4CF16EF24DD7:LeaderElection109] INFO  impl.RoleInfo (RoleInfo.java:shutdownLeaderElection(134)) - 9216b865-ce6b-4fb7-bc99-65479a86b6eb: shutdown LeaderElection
2019-09-25 04:50:43,727 [9216b865-ce6b-4fb7-bc99-65479a86b6eb@group-4CF16EF24DD7:LeaderElection109] INFO  impl.RaftServerImpl (RaftServerImpl.java:setRole(174)) - 9216b865-ce6b-4fb7-bc99-65479a86b6eb@group-4CF16EF24DD7: changes role from CANDIDATE to LEADER at term 1 for changeToLeader
2019-09-25 04:50:41,026 [a167ab1f-c96d-409e-bb26-ea230783d833@group-B4FD14FF07AB:LeaderElection113] INFO  impl.RoleInfo (RoleInfo.java:shutdownLeaderElection(134)) - a167ab1f-c96d-409e-bb26-ea230783d833: shutdown LeaderElection
2019-09-25 04:50:40,821 [aabdae46-dcfa-45e6-b665-2c47bb305ebb@group-550BD6E4FBD0:LeaderElection75] INFO  segmented.SegmentedRaftLogWorker (SegmentedRaftLogWorker.java:startLogSegment(380)) - aabdae46-dcfa-45e6-b665-2c47bb305ebb@group-550BD6E4FBD0-SegmentedRaftLogWorker: Starting segment from index:0
2019-09-25 04:50:43,993 [a167ab1f-c96d-409e-bb26-ea230783d833@group-B4FD14FF07AB:LeaderElection113] INFO  impl.RaftServerImpl (RaftServerImpl.java:setRole(174)) - a167ab1f-c96d-409e-bb26-ea230783d833@group-B4FD14FF07AB: changes role from CANDIDATE to LEADER at term 1 for changeToLeader
2019-09-25 04:50:43,992 [9216b865-ce6b-4fb7-bc99-65479a86b6eb@group-4CF16EF24DD7:LeaderElection109] INFO  impl.RaftServerImpl (ServerState.java:setLeader(253)) - 9216b865-ce6b-4fb7-bc99-65479a86b6eb@group-4CF16EF24DD7: change Leader from null to 9216b865-ce6b-4fb7-bc99-65479a86b6eb at term 1 for becomeLeader, leader elected after 10299ms
2019-09-25 04:50:43,727 [9216b865-ce6b-4fb7-bc99-65479a86b6eb@group-025EC75F677D:LeaderElection73] INFO  impl.RaftServerImpl (ServerState.java:setRaftConf(354)) - 9216b865-ce6b-4fb7-bc99-65479a86b6eb@group-025EC75F677D: set configuration 0: [9216b865-ce6b-4fb7-bc99-65479a86b6eb:192.168.151.106:43252], old=null at 0
2019-09-25 04:50:43,991 [c35819d4-86f4-4223-a458-676070fe0cbb@group-4BB83B81EC9E-SegmentedRaftLogWorker] ERROR segmented.SegmentedRaftLogWorker (SegmentedRaftLogWorker.java:run(323)) - c35819d4-86f4-4223-a458-676070fe0cbb@group-4BB83B81EC9E-SegmentedRaftLogWorker hit exception
java.lang.OutOfMemoryError: Direct buffer memory
	at java.nio.Bits.reserveMemory(Bits.java:666)
	at java.nio.DirectByteBuffer.<init>(DirectByteBuffer.java:123)
	at java.nio.ByteBuffer.allocateDirect(ByteBuffer.java:311)
	at org.apache.ratis.server.raftlog.segmented.BufferedWriteChannel.<init>(BufferedWriteChannel.java:41)
	at org.apache.ratis.server.raftlog.segmented.SegmentedRaftLogOutputStream.<init>(SegmentedRaftLogOutputStream.java:72)
	at org.apache.ratis.server.raftlog.segmented.SegmentedRaftLogWorker$StartLogSegment.execute(SegmentedRaftLogWorker.java:566)
	at org.apache.ratis.server.raftlog.segmented.SegmentedRaftLogWorker.run(SegmentedRaftLogWorker.java:289)
	at java.lang.Thread.run(Thread.java:748)
2019-09-25 04:50:43,983 [RATISCREATEPIPELINE1] ERROR pipeline.RatisPipelineProvider (RatisPipelineProvider.java:lambda$null$2(181)) - Failed invoke Ratis rpc org.apache.hadoop.hdds.scm.pipeline.RatisPipelineProvider$$Lambda$187/2050509904@84ca781 for a167ab1f-c96d-409e-bb26-ea230783d833
org.apache.ratis.protocol.TimeoutIOException: deadline exceeded after 2999670734ns
	at org.apache.ratis.grpc.GrpcUtil.tryUnwrapException(GrpcUtil.java:82)
	at org.apache.ratis.grpc.GrpcUtil.unwrapException(GrpcUtil.java:75)
	at org.apache.ratis.grpc.client.GrpcClientProtocolClient.blockingCall(GrpcClientProtocolClient.java:178)
	at org.apache.ratis.grpc.client.GrpcClientProtocolClient.groupAdd(GrpcClientProtocolClient.java:147)
	at org.apache.ratis.grpc.client.GrpcClientRpc.sendRequest(GrpcClientRpc.java:94)
	at org.apache.ratis.client.impl.RaftClientImpl.sendRequest(RaftClientImpl.java:278)
	at org.apache.ratis.client.impl.RaftClientImpl.groupAdd(RaftClientImpl.java:205)
	at org.apache.hadoop.hdds.scm.pipeline.RatisPipelineProvider.lambda$initializePipeline$1(RatisPipelineProvider.java:142)
	at org.apache.hadoop.hdds.scm.pipeline.RatisPipelineProvider.lambda$null$2(RatisPipelineProvider.java:177)
	at java.util.stream.ForEachOps$ForEachOp$OfRef.accept(ForEachOps.java:184)
	at java.util.ArrayList$ArrayListSpliterator.forEachRemaining(ArrayList.java:1382)
	at java.util.stream.AbstractPipeline.copyInto(AbstractPipeline.java:482)
	at java.util.stream.ForEachOps$ForEachTask.compute(ForEachOps.java:291)
	at java.util.concurrent.CountedCompleter.exec(CountedCompleter.java:731)
	at java.util.concurrent.ForkJoinTask.doExec(ForkJoinTask.java:289)
	at java.util.concurrent.ForkJoinTask.doInvoke(ForkJoinTask.java:401)
	at java.util.concurrent.ForkJoinTask.invoke(ForkJoinTask.java:734)
	at java.util.stream.ForEachOps$ForEachOp.evaluateParallel(ForEachOps.java:160)
	at java.util.stream.ForEachOps$ForEachOp$OfRef.evaluateParallel(ForEachOps.java:174)
	at java.util.stream.AbstractPipeline.evaluate(AbstractPipeline.java:233)
	at java.util.stream.ReferencePipeline.forEach(ReferencePipeline.java:418)
	at java.util.stream.ReferencePipeline$Head.forEach(ReferencePipeline.java:583)
	at org.apache.hadoop.hdds.scm.pipeline.RatisPipelineProvider.lambda$callRatisRpc$3(RatisPipelineProvider.java:171)
	at java.util.concurrent.ForkJoinTask$AdaptedRunnableAction.exec(ForkJoinTask.java:1386)
	at java.util.concurrent.ForkJoinTask.doExec(ForkJoinTask.java:289)
	at java.util.concurrent.ForkJoinPool$WorkQueue.runTask(ForkJoinPool.java:1056)
	at java.util.concurrent.ForkJoinPool.runWorker(ForkJoinPool.java:1692)
	at java.util.concurrent.ForkJoinWorkerThread.run(ForkJoinWorkerThread.java:157)
Caused by: org.apache.ratis.thirdparty.io.grpc.StatusRuntimeException: DEADLINE_EXCEEDED: deadline exceeded after 2999670734ns
	at org.apache.ratis.thirdparty.io.grpc.stub.ClientCalls.toStatusRuntimeException(ClientCalls.java:233)
	at org.apache.ratis.thirdparty.io.grpc.stub.ClientCalls.getUnchecked(ClientCalls.java:214)
	at org.apache.ratis.thirdparty.io.grpc.stub.ClientCalls.blockingUnaryCall(ClientCalls.java:139)
	at org.apache.ratis.proto.grpc.AdminProtocolServiceGrpc$AdminProtocolServiceBlockingStub.groupManagement(AdminProtocolServiceGrpc.java:274)
	at org.apache.ratis.grpc.client.GrpcClientProtocolClient.lambda$groupAdd$3(GrpcClientProtocolClient.java:149)
	at org.apache.ratis.grpc.client.GrpcClientProtocolClient.blockingCall(GrpcClientProtocolClient.java:176)
	... 25 more
2019-09-25 04:50:43,727 [b40ef231-6505-402b-ae57-fc0dc67cbbe8@group-85E054ECDDC5:LeaderElection111] INFO  impl.RaftServerImpl (RaftServerImpl.java:setRole(174)) - b40ef231-6505-402b-ae57-fc0dc67cbbe8@group-85E054ECDDC5: changes role from CANDIDATE to LEADER at term 1 for changeToLeader
2019-09-25 04:50:43,727 [b40ef231-6505-402b-ae57-fc0dc67cbbe8@group-83FDB22A65E4:LeaderElection107] INFO  impl.RoleInfo (RoleInfo.java:updateAndGet(143)) - b40ef231-6505-402b-ae57-fc0dc67cbbe8: start LeaderState
2019-09-25 04:50:43,703 [45f1801e-7cfd-420a-bb39-98f19dcc81c3@group-8B7976911715-SegmentedRaftLogWorker] ERROR segmented.SegmentedRaftLogWorker (SegmentedRaftLogWorker.java:run(323)) - 45f1801e-7cfd-420a-bb39-98f19dcc81c3@group-8B7976911715-SegmentedRaftLogWorker hit exception
java.lang.OutOfMemoryError: Direct buffer memory
	at java.nio.Bits.reserveMemory(Bits.java:666)
	at java.nio.DirectByteBuffer.<init>(DirectByteBuffer.java:123)
	at java.nio.ByteBuffer.allocateDirect(ByteBuffer.java:311)
	at org.apache.ratis.server.raftlog.segmented.BufferedWriteChannel.<init>(BufferedWriteChannel.java:41)
	at org.apache.ratis.server.raftlog.segmented.SegmentedRaftLogOutputStream.<init>(SegmentedRaftLogOutputStream.java:72)
	at org.apache.ratis.server.raftlog.segmented.SegmentedRaftLogWorker$StartLogSegment.execute(SegmentedRaftLogWorker.java:566)
	at org.apache.ratis.server.raftlog.segmented.SegmentedRaftLogWorker.run(SegmentedRaftLogWorker.java:289)
	at java.lang.Thread.run(Thread.java:748)
2019-09-25 04:50:43,703 [4f7802c6-3418-4fbd-b0c6-a8e36fcecb0a@group-AC4628CB5F93-SegmentedRaftLogWorker] ERROR segmented.SegmentedRaftLogWorker (SegmentedRaftLogWorker.java:run(323)) - 4f7802c6-3418-4fbd-b0c6-a8e36fcecb0a@group-AC4628CB5F93-SegmentedRaftLogWorker hit exception
java.lang.OutOfMemoryError: Direct buffer memory
	at java.nio.Bits.reserveMemory(Bits.java:666)
	at java.nio.DirectByteBuffer.<init>(DirectByteBuffer.java:123)
	at java.nio.ByteBuffer.allocateDirect(ByteBuffer.java:311)
	at org.apache.ratis.server.raftlog.segmented.BufferedWriteChannel.<init>(BufferedWriteChannel.java:41)
	at org.apache.ratis.server.raftlog.segmented.SegmentedRaftLogOutputStream.<init>(SegmentedRaftLogOutputStream.java:72)
	at org.apache.ratis.server.raftlog.segmented.SegmentedRaftLogWorker$StartLogSegment.execute(SegmentedRaftLogWorker.java:566)
	at org.apache.ratis.server.raftlog.segmented.SegmentedRaftLogWorker.run(SegmentedRaftLogWorker.java:289)
	at java.lang.Thread.run(Thread.java:748)
2019-09-25 04:50:43,703 [b40ef231-6505-402b-ae57-fc0dc67cbbe8@group-9FCF459108F2-SegmentedRaftLogWorker] ERROR segmented.SegmentedRaftLogWorker (SegmentedRaftLogWorker.java:run(323)) - b40ef231-6505-402b-ae57-fc0dc67cbbe8@group-9FCF459108F2-SegmentedRaftLogWorker hit exception
java.lang.OutOfMemoryError: Direct buffer memory
	at java.nio.Bits.reserveMemory(Bits.java:666)
	at java.nio.DirectByteBuffer.<init>(DirectByteBuffer.java:123)
	at java.nio.ByteBuffer.allocateDirect(ByteBuffer.java:311)
	at org.apache.ratis.server.raftlog.segmented.BufferedWriteChannel.<init>(BufferedWriteChannel.java:41)
	at org.apache.ratis.server.raftlog.segmented.SegmentedRaftLogOutputStream.<init>(SegmentedRaftLogOutputStream.java:72)
	at org.apache.ratis.server.raftlog.segmented.SegmentedRaftLogWorker$StartLogSegment.execute(SegmentedRaftLogWorker.java:566)
	at org.apache.ratis.server.raftlog.segmented.SegmentedRaftLogWorker.run(SegmentedRaftLogWorker.java:289)
	at java.lang.Thread.run(Thread.java:748)
2019-09-25 04:50:44,229 [b40ef231-6505-402b-ae57-fc0dc67cbbe8@group-9FCF459108F2-SegmentedRaftLogWorker] INFO  impl.RaftServerImpl (RaftServerImpl.java:lambda$shutdown$3(251)) - b40ef231-6505-402b-ae57-fc0dc67cbbe8@group-9FCF459108F2: shutdown
2019-09-25 04:50:43,516 [4f7802c6-3418-4fbd-b0c6-a8e36fcecb0a@group-C31AE2B01B96:LeaderElection112] INFO  impl.RaftServerImpl (RaftServerImpl.java:setRole(174)) - 4f7802c6-3418-4fbd-b0c6-a8e36fcecb0a@group-C31AE2B01B96: changes role from CANDIDATE to LEADER at term 1 for changeToLeader
2019-09-25 04:50:43,515 [4f7802c6-3418-4fbd-b0c6-a8e36fcecb0a@group-5FE33B0916CC:LeaderElection114] INFO  impl.RaftServerImpl (RaftServerImpl.java:setRole(174)) - 4f7802c6-3418-4fbd-b0c6-a8e36fcecb0a@group-5FE33B0916CC: changes role from CANDIDATE to LEADER at term 1 for changeToLeader
2019-09-25 04:50:43,515 [a167ab1f-c96d-409e-bb26-ea230783d833@group-B5C234A72D45:LeaderElection110] INFO  impl.RaftServerImpl (RaftServerImpl.java:setRole(174)) - a167ab1f-c96d-409e-bb26-ea230783d833@group-B5C234A72D45: changes role from CANDIDATE to LEADER at term 1 for changeToLeader
2019-09-25 04:50:44,229 [a167ab1f-c96d-409e-bb26-ea230783d833@group-B5C234A72D45:LeaderElection110] INFO  impl.RaftServerImpl (ServerState.java:setLeader(253)) - a167ab1f-c96d-409e-bb26-ea230783d833@group-B5C234A72D45: change Leader from null to a167ab1f-c96d-409e-bb26-ea230783d833 at term 1 for becomeLeader, leader elected after 10432ms
2019-09-25 04:50:43,515 [9216b865-ce6b-4fb7-bc99-65479a86b6eb@group-8A882E087A7F-SegmentedRaftLogWorker] INFO  util.JmxRegister (JmxRegister.java:unregister(73)) - Successfully un-registered JMX Bean with object name Ratis:service=RaftServer,group=group-8A882E087A7F,id=9216b865-ce6b-4fb7-bc99-65479a86b6eb
2019-09-25 04:50:43,514 [aabdae46-dcfa-45e6-b665-2c47bb305ebb@group-96726BA217A5:LeaderElection123] INFO  impl.LeaderElection (LeaderElection.java:askForVotes(182)) - aabdae46-dcfa-45e6-b665-2c47bb305ebb@group-96726BA217A5:LeaderElection123: begin an election at term 1 for -1: [aabdae46-dcfa-45e6-b665-2c47bb305ebb:192.168.151.106:41436], old=null
2019-09-25 04:50:43,513 [9216b865-ce6b-4fb7-bc99-65479a86b6eb@group-F7043FA7C853-SegmentedRaftLogWorker] ERROR segmented.SegmentedRaftLogWorker (SegmentedRaftLogWorker.java:run(323)) - 9216b865-ce6b-4fb7-bc99-65479a86b6eb@group-F7043FA7C853-SegmentedRaftLogWorker hit exception
java.lang.OutOfMemoryError: Direct buffer memory
	at java.nio.Bits.reserveMemory(Bits.java:666)
	at java.nio.DirectByteBuffer.<init>(DirectByteBuffer.java:123)
	at java.nio.ByteBuffer.allocateDirect(ByteBuffer.java:311)
	at org.apache.ratis.server.raftlog.segmented.BufferedWriteChannel.<init>(BufferedWriteChannel.java:41)
	at org.apache.ratis.server.raftlog.segmented.SegmentedRaftLogOutputStream.<init>(SegmentedRaftLogOutputStream.java:72)
	at org.apache.ratis.server.raftlog.segmented.SegmentedRaftLogWorker$StartLogSegment.execute(SegmentedRaftLogWorker.java:566)
	at org.apache.ratis.server.raftlog.segmented.SegmentedRaftLogWorker.run(SegmentedRaftLogWorker.java:289)
	at java.lang.Thread.run(Thread.java:748)
2019-09-25 04:50:43,513 [45f1801e-7cfd-420a-bb39-98f19dcc81c3@group-BEE59315A377-SegmentedRaftLogWorker] ERROR segmented.SegmentedRaftLogWorker (SegmentedRaftLogWorker.java:run(323)) - 45f1801e-7cfd-420a-bb39-98f19dcc81c3@group-BEE59315A377-SegmentedRaftLogWorker hit exception
java.lang.OutOfMemoryError: Direct buffer memory
	at java.nio.Bits.reserveMemory(Bits.java:666)
	at java.nio.DirectByteBuffer.<init>(DirectByteBuffer.java:123)
	at java.nio.ByteBuffer.allocateDirect(ByteBuffer.java:311)
	at org.apache.ratis.server.raftlog.segmented.BufferedWriteChannel.<init>(BufferedWriteChannel.java:41)
	at org.apache.ratis.server.raftlog.segmented.SegmentedRaftLogOutputStream.<init>(SegmentedRaftLogOutputStream.java:72)
	at org.apache.ratis.server.raftlog.segmented.SegmentedRaftLogWorker$StartLogSegment.execute(SegmentedRaftLogWorker.java:566)
	at org.apache.ratis.server.raftlog.segmented.SegmentedRaftLogWorker.run(SegmentedRaftLogWorker.java:289)
	at java.lang.Thread.run(Thread.java:748)
2019-09-25 04:50:44,231 [45f1801e-7cfd-420a-bb39-98f19dcc81c3@group-BEE59315A377-SegmentedRaftLogWorker] INFO  impl.RaftServerImpl (RaftServerImpl.java:lambda$shutdown$3(251)) - 45f1801e-7cfd-420a-bb39-98f19dcc81c3@group-BEE59315A377: shutdown
2019-09-25 04:50:43,295 [9216b865-ce6b-4fb7-bc99-65479a86b6eb@group-32910316964B:LeaderElection72] INFO  impl.RaftServerImpl (ServerState.java:setRaftConf(354)) - 9216b865-ce6b-4fb7-bc99-65479a86b6eb@group-32910316964B: set configuration 0: [9216b865-ce6b-4fb7-bc99-65479a86b6eb:192.168.151.106:43252], old=null at 0
2019-09-25 04:50:43,295 [aabdae46-dcfa-45e6-b665-2c47bb305ebb@group-92A9DF878687-SegmentedRaftLogWorker] INFO  impl.PendingRequests (PendingRequests.java:sendNotLeaderResponses(202)) - aabdae46-dcfa-45e6-b665-2c47bb305ebb-PendingRequests: sendNotLeaderResponses
2019-09-25 04:50:43,288 [a167ab1f-c96d-409e-bb26-ea230783d833@group-7F580B529A80:LeaderElection70] INFO  segmented.SegmentedRaftLogWorker (SegmentedRaftLogWorker.java:startLogSegment(380)) - a167ab1f-c96d-409e-bb26-ea230783d833@group-7F580B529A80-SegmentedRaftLogWorker: Starting segment from index:0
2019-09-25 04:50:43,111 [4f7802c6-3418-4fbd-b0c6-a8e36fcecb0a@group-BCA7C703316B:LeaderElection91] INFO  impl.RaftServerImpl (ServerState.java:setRaftConf(354)) - 4f7802c6-3418-4fbd-b0c6-a8e36fcecb0a@group-BCA7C703316B: set configuration 0: [4f7802c6-3418-4fbd-b0c6-a8e36fcecb0a:192.168.151.106:42026], old=null at 0
2019-09-25 04:50:43,111 [45f1801e-7cfd-420a-bb39-98f19dcc81c3@group-09867BC18A06:LeaderElection120] INFO  impl.RoleInfo (RoleInfo.java:shutdownLeaderElection(134)) - 45f1801e-7cfd-420a-bb39-98f19dcc81c3: shutdown LeaderElection
2019-09-25 04:50:43,111 [aabdae46-dcfa-45e6-b665-2c47bb305ebb@group-1B4FC63C22D2:LeaderElection122] INFO  impl.RoleInfo (RoleInfo.java:shutdownLeaderElection(134)) - aabdae46-dcfa-45e6-b665-2c47bb305ebb: shutdown LeaderElection
2019-09-25 04:50:43,110 [45f1801e-7cfd-420a-bb39-98f19dcc81c3@group-4F88288FBE08-SegmentedRaftLogWorker] INFO  impl.StateMachineUpdater (StateMachineUpdater.java:stopAndJoin(125)) - 45f1801e-7cfd-420a-bb39-98f19dcc81c3@group-4F88288FBE08-StateMachineUpdater: set stopIndex = -1
2019-09-25 04:50:44,232 [45f1801e-7cfd-420a-bb39-98f19dcc81c3@group-4F88288FBE08-SegmentedRaftLogWorker] INFO  impl.RaftServerImpl (ServerState.java:close(385)) - 45f1801e-7cfd-420a-bb39-98f19dcc81c3@group-4F88288FBE08: closes. applyIndex: -1
2019-09-25 04:50:43,110 [45f1801e-7cfd-420a-bb39-98f19dcc81c3@group-E8AEB34FB33B-SegmentedRaftLogWorker] INFO  impl.RaftServerImpl (RaftServerImpl.java:lambda$shutdown$3(251)) - 45f1801e-7cfd-420a-bb39-98f19dcc81c3@group-E8AEB34FB33B: shutdown
2019-09-25 04:50:43,110 [aabdae46-dcfa-45e6-b665-2c47bb305ebb@group-8AED9ABD7316-SegmentedRaftLogWorker] INFO  util.JmxRegister (JmxRegister.java:unregister(73)) - Successfully un-registered JMX Bean with object name Ratis:service=RaftServer,group=group-8AED9ABD7316,id=aabdae46-dcfa-45e6-b665-2c47bb305ebb
2019-09-25 04:50:43,109 [aabdae46-dcfa-45e6-b665-2c47bb305ebb@group-AC95CF6AEBCA:LeaderElection100] INFO  segmented.SegmentedRaftLogWorker (SegmentedRaftLogWorker.java:startLogSegment(380)) - aabdae46-dcfa-45e6-b665-2c47bb305ebb@group-AC95CF6AEBCA-SegmentedRaftLogWorker: Starting segment from index:0
2019-09-25 04:50:43,109 [9216b865-ce6b-4fb7-bc99-65479a86b6eb@group-D6395173AEA9:LeaderElection99] INFO  segmented.SegmentedRaftLogWorker (SegmentedRaftLogWorker.java:startLogSegment(380)) - 9216b865-ce6b-4fb7-bc99-65479a86b6eb@group-D6395173AEA9-SegmentedRaftLogWorker: Starting segment from index:0
2019-09-25 04:50:43,108 [c35819d4-86f4-4223-a458-676070fe0cbb@group-3AB11E98D61C-SegmentedRaftLogWorker] ERROR segmented.SegmentedRaftLogWorker (SegmentedRaftLogWorker.java:run(323)) - c35819d4-86f4-4223-a458-676070fe0cbb@group-3AB11E98D61C-SegmentedRaftLogWorker hit exception
java.lang.OutOfMemoryError: Direct buffer memory
	at java.nio.Bits.reserveMemory(Bits.java:666)
	at java.nio.DirectByteBuffer.<init>(DirectByteBuffer.java:123)
	at java.nio.ByteBuffer.allocateDirect(ByteBuffer.java:311)
	at org.apache.ratis.server.raftlog.segmented.BufferedWriteChannel.<init>(BufferedWriteChannel.java:41)
	at org.apache.ratis.server.raftlog.segmented.SegmentedRaftLogOutputStream.<init>(SegmentedRaftLogOutputStream.java:72)
	at org.apache.ratis.server.raftlog.segmented.SegmentedRaftLogWorker$StartLogSegment.execute(SegmentedRaftLogWorker.java:566)
	at org.apache.ratis.server.raftlog.segmented.SegmentedRaftLogWorker.run(SegmentedRaftLogWorker.java:289)
	at java.lang.Thread.run(Thread.java:748)
2019-09-25 04:50:44,680 [9216b865-ce6b-4fb7-bc99-65479a86b6eb@group-D6395173AEA9:LeaderElection99] INFO  impl.RaftServerImpl (ServerState.java:setRaftConf(354)) - 9216b865-ce6b-4fb7-bc99-65479a86b6eb@group-D6395173AEA9: set configuration 0: [9216b865-ce6b-4fb7-bc99-65479a86b6eb:192.168.151.106:43252], old=null at 0
2019-09-25 04:50:42,900 [a167ab1f-c96d-409e-bb26-ea230783d833@group-8777D69019BB:LeaderElection108] INFO  server.RaftServerConfigKeys (ConfUtils.java:logGet(43)) - raft.server.watch.timeout = 10s (default)
2019-09-25 04:50:42,900 [aabdae46-dcfa-45e6-b665-2c47bb305ebb@group-ED110974D17F:LeaderElection88] INFO  impl.RaftServerImpl (ServerState.java:setRaftConf(354)) - aabdae46-dcfa-45e6-b665-2c47bb305ebb@group-ED110974D17F: set configuration 0: [aabdae46-dcfa-45e6-b665-2c47bb305ebb:192.168.151.106:41436], old=null at 0
2019-09-25 04:50:42,899 [9216b865-ce6b-4fb7-bc99-65479a86b6eb@group-D51CC7C69CA8:LeaderElection118] INFO  server.RaftServerConfigKeys (ConfUtils.java:logGet(43)) - raft.server.staging.catchup.gap = 1000 (default)
2019-09-25 04:50:42,899 [45f1801e-7cfd-420a-bb39-98f19dcc81c3@group-5350E354539A-SegmentedRaftLogWorker] ERROR segmented.SegmentedRaftLogWorker (SegmentedRaftLogWorker.java:run(323)) - 45f1801e-7cfd-420a-bb39-98f19dcc81c3@group-5350E354539A-SegmentedRaftLogWorker hit exception
java.lang.OutOfMemoryError: Direct buffer memory
	at java.nio.Bits.reserveMemory(Bits.java:666)
	at java.nio.DirectByteBuffer.<init>(DirectByteBuffer.java:123)
	at java.nio.ByteBuffer.allocateDirect(ByteBuffer.java:311)
	at org.apache.ratis.server.raftlog.segmented.BufferedWriteChannel.<init>(BufferedWriteChannel.java:41)
	at org.apache.ratis.server.raftlog.segmented.SegmentedRaftLogOutputStream.<init>(SegmentedRaftLogOutputStream.java:72)
	at org.apache.ratis.server.raftlog.segmented.SegmentedRaftLogWorker$StartLogSegment.execute(SegmentedRaftLogWorker.java:566)
	at org.apache.ratis.server.raftlog.segmented.SegmentedRaftLogWorker.run(SegmentedRaftLogWorker.java:289)
	at java.lang.Thread.run(Thread.java:748)
2019-09-25 04:50:42,703 [b40ef231-6505-402b-ae57-fc0dc67cbbe8@group-FFC5865DEC55:LeaderElection101] INFO  impl.RaftServerImpl (ServerState.java:setRaftConf(354)) - b40ef231-6505-402b-ae57-fc0dc67cbbe8@group-FFC5865DEC55: set configuration 0: [b40ef231-6505-402b-ae57-fc0dc67cbbe8:192.168.151.106:41861], old=null at 0
2019-09-25 04:50:42,703 [b40ef231-6505-402b-ae57-fc0dc67cbbe8@group-ED8CE7F11753:LeaderElection117] INFO  impl.RaftServerImpl (ServerState.java:setLeader(253)) - b40ef231-6505-402b-ae57-fc0dc67cbbe8@group-ED8CE7F11753: change Leader from null to b40ef231-6505-402b-ae57-fc0dc67cbbe8 at term 1 for becomeLeader, leader elected after 8675ms
2019-09-25 04:50:42,703 [b40ef231-6505-402b-ae57-fc0dc67cbbe8@group-49F0F168AD2D:LeaderElection121] INFO  impl.RoleInfo (RoleInfo.java:shutdownLeaderElection(134)) - b40ef231-6505-402b-ae57-fc0dc67cbbe8: shutdown LeaderElection
2019-09-25 04:50:42,702 [9216b865-ce6b-4fb7-bc99-65479a86b6eb@group-5F165A531ED8:LeaderElection103] INFO  segmented.SegmentedRaftLogWorker (SegmentedRaftLogWorker.java:startLogSegment(380)) - 9216b865-ce6b-4fb7-bc99-65479a86b6eb@group-5F165A531ED8-SegmentedRaftLogWorker: Starting segment from index:0
2019-09-25 04:50:42,702 [aabdae46-dcfa-45e6-b665-2c47bb305ebb@group-7079C96F35A2:LeaderElection105] INFO  segmented.SegmentedRaftLogWorker (SegmentedRaftLogWorker.java:startLogSegment(380)) - aabdae46-dcfa-45e6-b665-2c47bb305ebb@group-7079C96F35A2-SegmentedRaftLogWorker: Starting segment from index:0
2019-09-25 04:50:42,702 [45f1801e-7cfd-420a-bb39-98f19dcc81c3@group-21891154694B:LeaderElection106] INFO  segmented.SegmentedRaftLogWorker (SegmentedRaftLogWorker.java:startLogSegment(380)) - 45f1801e-7cfd-420a-bb39-98f19dcc81c3@group-21891154694B-SegmentedRaftLogWorker: Starting segment from index:0
2019-09-25 04:50:42,702 [c35819d4-86f4-4223-a458-676070fe0cbb@group-5A281C16F5FF:LeaderElection124] INFO  impl.LeaderElection (LeaderElection.java:askForVotes(182)) - c35819d4-86f4-4223-a458-676070fe0cbb@group-5A281C16F5FF:LeaderElection124: begin an election at term 1 for -1: [c35819d4-86f4-4223-a458-676070fe0cbb:192.168.151.106:44434], old=null
2019-09-25 04:50:42,702 [c35819d4-86f4-4223-a458-676070fe0cbb@group-20315066096E-SegmentedRaftLogWorker] INFO  impl.RaftServerImpl (RaftServerImpl.java:lambda$shutdown$3(251)) - c35819d4-86f4-4223-a458-676070fe0cbb@group-20315066096E: shutdown
2019-09-25 04:50:42,686 [45f1801e-7cfd-420a-bb39-98f19dcc81c3@group-FB03761141D6-SegmentedRaftLogWorker] INFO  util.JmxRegister (JmxRegister.java:unregister(73)) - Successfully un-registered JMX Bean with object name Ratis:service=RaftServer,group=group-FB03761141D6,id=45f1801e-7cfd-420a-bb39-98f19dcc81c3
2019-09-25 04:50:42,686 [45f1801e-7cfd-420a-bb39-98f19dcc81c3@group-3D3220A443A3:LeaderElection104] INFO  segmented.SegmentedRaftLogWorker (SegmentedRaftLogWorker.java:startLogSegment(380)) - 45f1801e-7cfd-420a-bb39-98f19dcc81c3@group-3D3220A443A3-SegmentedRaftLogWorker: Starting segment from index:0
2019-09-25 04:50:42,686 [pool-37-thread-1] INFO  impl.RaftServerImpl (RaftServerImpl.java:setRole(174)) - b40ef231-6505-402b-ae57-fc0dc67cbbe8@group-0029AD3A6AE4: changes role from      null to FOLLOWER at term 0 for startAsFollower
2019-09-25 04:50:42,685 [45f1801e-7cfd-420a-bb39-98f19dcc81c3@group-D9916A13DB6B:LeaderElection115] INFO  server.RaftServerConfigKeys (ConfUtils.java:logGet(43)) - raft.server.staging.catchup.gap = 1000 (default)
2019-09-25 04:50:45,446 [45f1801e-7cfd-420a-bb39-98f19dcc81c3@group-3D3220A443A3:LeaderElection104] INFO  impl.RaftServerImpl (ServerState.java:setRaftConf(354)) - 45f1801e-7cfd-420a-bb39-98f19dcc81c3@group-3D3220A443A3: set configuration 0: [45f1801e-7cfd-420a-bb39-98f19dcc81c3:192.168.151.106:38437], old=null at 0
2019-09-25 04:50:42,685 [Thread-751] INFO  impl.RoleInfo (RoleInfo.java:updateAndGet(143)) - a167ab1f-c96d-409e-bb26-ea230783d833: start LeaderElection
2019-09-25 04:50:42,684 [45f1801e-7cfd-420a-bb39-98f19dcc81c3@group-E913C43F8E9C:LeaderElection119] INFO  server.RaftServerConfigKeys (ConfUtils.java:logGet(43)) - raft.server.staging.catchup.gap = 1000 (default)
2019-09-25 04:50:42,684 [aabdae46-dcfa-45e6-b665-2c47bb305ebb@group-97D52EA2DC36:LeaderElection116] INFO  server.RaftServerConfigKeys (ConfUtils.java:logGet(43)) - raft.server.staging.catchup.gap = 1000 (default)
2019-09-25 04:50:42,683 [9216b865-ce6b-4fb7-bc99-65479a86b6eb@group-E0556B42A7D3-SegmentedRaftLogWorker] INFO  impl.RaftServerImpl (RaftServerImpl.java:lambda$shutdown$3(251)) - 9216b865-ce6b-4fb7-bc99-65479a86b6eb@group-E0556B42A7D3: shutdown
2019-09-25 04:50:42,683 [4f7802c6-3418-4fbd-b0c6-a8e36fcecb0a@group-98D2158B16EC-SegmentedRaftLogWorker] INFO  util.JmxRegister (JmxRegister.java:unregister(73)) - Successfully un-registered JMX Bean with object name Ratis:service=RaftServer,group=group-98D2158B16EC,id=4f7802c6-3418-4fbd-b0c6-a8e36fcecb0a
2019-09-25 04:50:42,459 [c35819d4-86f4-4223-a458-676070fe0cbb@group-4BB83B81EC9E:LeaderElection102] INFO  impl.RaftServerImpl (ServerState.java:setRaftConf(354)) - c35819d4-86f4-4223-a458-676070fe0cbb@group-4BB83B81EC9E: set configuration 0: [c35819d4-86f4-4223-a458-676070fe0cbb:192.168.151.106:44434], old=null at 0
2019-09-25 04:50:42,455 [pool-47-thread-1] INFO  server.RaftServerConfigKeys (ConfUtils.java:logGet(43)) - raft.server.rpc.timeout.min = 5s (custom)
2019-09-25 04:50:42,455 [b40ef231-6505-402b-ae57-fc0dc67cbbe8@group-D6CE7AA0887B-SegmentedRaftLogWorker] INFO  impl.RaftServerImpl (RaftServerImpl.java:lambda$shutdown$3(251)) - b40ef231-6505-402b-ae57-fc0dc67cbbe8@group-D6CE7AA0887B: shutdown
2019-09-25 04:50:45,616 [b40ef231-6505-402b-ae57-fc0dc67cbbe8@group-D6CE7AA0887B-SegmentedRaftLogWorker] INFO  util.JmxRegister (JmxRegister.java:unregister(73)) - Successfully un-registered JMX Bean with object name Ratis:service=RaftServer,group=group-D6CE7AA0887B,id=b40ef231-6505-402b-ae57-fc0dc67cbbe8
2019-09-25 04:50:42,450 [a167ab1f-c96d-409e-bb26-ea230783d833@group-5A2D35AE9F94-SegmentedRaftLogWorker] ERROR segmented.SegmentedRaftLogWorker (SegmentedRaftLogWorker.java:run(323)) - a167ab1f-c96d-409e-bb26-ea230783d833@group-5A2D35AE9F94-SegmentedRaftLogWorker hit exception
java.lang.OutOfMemoryError: Direct buffer memory
	at java.nio.Bits.reserveMemory(Bits.java:666)
	at java.nio.DirectByteBuffer.<init>(DirectByteBuffer.java:123)
	at java.nio.ByteBuffer.allocateDirect(ByteBuffer.java:311)
	at org.apache.ratis.server.raftlog.segmented.BufferedWriteChannel.<init>(BufferedWriteChannel.java:41)
	at org.apache.ratis.server.raftlog.segmented.SegmentedRaftLogOutputStream.<init>(SegmentedRaftLogOutputStream.java:72)
	at org.apache.ratis.server.raftlog.segmented.SegmentedRaftLogWorker$StartLogSegment.execute(SegmentedRaftLogWorker.java:566)
	at org.apache.ratis.server.raftlog.segmented.SegmentedRaftLogWorker.run(SegmentedRaftLogWorker.java:289)
	at java.lang.Thread.run(Thread.java:748)
2019-09-25 04:50:42,243 [4f7802c6-3418-4fbd-b0c6-a8e36fcecb0a@group-AC4628CB5F93:LeaderElection78] INFO  impl.RaftServerImpl (ServerState.java:setRaftConf(354)) - 4f7802c6-3418-4fbd-b0c6-a8e36fcecb0a@group-AC4628CB5F93: set configuration 0: [4f7802c6-3418-4fbd-b0c6-a8e36fcecb0a:192.168.151.106:42026], old=null at 0
2019-09-25 04:50:42,243 [aabdae46-dcfa-45e6-b665-2c47bb305ebb@group-52955382E6A9-SegmentedRaftLogWorker] INFO  impl.RoleInfo (RoleInfo.java:shutdownLeaderState(104)) - aabdae46-dcfa-45e6-b665-2c47bb305ebb: shutdown LeaderState
2019-09-25 04:50:42,240 [pool-67-thread-1] INFO  impl.RaftServerImpl (RaftServerImpl.java:<init>(95)) - aabdae46-dcfa-45e6-b665-2c47bb305ebb: new RaftServerImpl for group-3FD18C2280E4:[a167ab1f-c96d-409e-bb26-ea230783d833:192.168.151.106:33404, aabdae46-dcfa-45e6-b665-2c47bb305ebb:192.168.151.106:41436, b40ef231-6505-402b-ae57-fc0dc67cbbe8:192.168.151.106:41861] with ContainerStateMachine:uninitialized
2019-09-25 04:50:45,617 [aabdae46-dcfa-45e6-b665-2c47bb305ebb@group-52955382E6A9-SegmentedRaftLogWorker] INFO  impl.PendingRequests (PendingRequests.java:sendNotLeaderResponses(202)) - aabdae46-dcfa-45e6-b665-2c47bb305ebb-PendingRequests: sendNotLeaderResponses
2019-09-25 04:50:45,616 [a167ab1f-c96d-409e-bb26-ea230783d833@group-5A2D35AE9F94-SegmentedRaftLogWorker] INFO  impl.RaftServerImpl (RaftServerImpl.java:lambda$shutdown$3(251)) - a167ab1f-c96d-409e-bb26-ea230783d833@group-5A2D35AE9F94: shutdown
2019-09-25 04:50:45,617 [aabdae46-dcfa-45e6-b665-2c47bb305ebb@group-52955382E6A9-SegmentedRaftLogWorker] INFO  impl.StateMachineUpdater (StateMachineUpdater.java:stopAndJoin(125)) - aabdae46-dcfa-45e6-b665-2c47bb305ebb@group-52955382E6A9-StateMachineUpdater: set stopIndex = -1
2019-09-25 04:50:45,616 [b40ef231-6505-402b-ae57-fc0dc67cbbe8@group-D6CE7AA0887B-SegmentedRaftLogWorker] INFO  impl.RoleInfo (RoleInfo.java:shutdownLeaderState(104)) - b40ef231-6505-402b-ae57-fc0dc67cbbe8: shutdown LeaderState
2019-09-25 04:50:45,615 [pool-47-thread-1] INFO  server.RaftServerConfigKeys (ConfUtils.java:logGet(43)) - raft.server.rpc.timeout.max = 5200ms (custom)
2019-09-25 04:50:45,615 [4f7802c6-3418-4fbd-b0c6-a8e36fcecb0a@group-98D2158B16EC-SegmentedRaftLogWorker] INFO  impl.RoleInfo (RoleInfo.java:shutdownLeaderState(104)) - 4f7802c6-3418-4fbd-b0c6-a8e36fcecb0a: shutdown LeaderState
2019-09-25 04:50:45,615 [9216b865-ce6b-4fb7-bc99-65479a86b6eb@group-E0556B42A7D3-SegmentedRaftLogWorker] INFO  util.JmxRegister (JmxRegister.java:unregister(73)) - Successfully un-registered JMX Bean with object name Ratis:service=RaftServer,group=group-E0556B42A7D3,id=9216b865-ce6b-4fb7-bc99-65479a86b6eb
2019-09-25 04:50:45,615 [aabdae46-dcfa-45e6-b665-2c47bb305ebb@group-97D52EA2DC36:LeaderElection116] INFO  server.RaftServerConfigKeys (ConfUtils.java:logGet(43)) - raft.server.rpc.sleep.time = 25ms (default)
2019-09-25 04:50:45,615 [45f1801e-7cfd-420a-bb39-98f19dcc81c3@group-E913C43F8E9C:LeaderElection119] INFO  server.RaftServerConfigKeys (ConfUtils.java:logGet(43)) - raft.server.rpc.sleep.time = 25ms (default)
2019-09-25 04:50:45,613 [aabdae46-dcfa-45e6-b665-2c47bb305ebb@group-550BD6E4FBD0-SegmentedRaftLogWorker] ERROR segmented.SegmentedRaftLogWorker (SegmentedRaftLogWorker.java:run(323)) - aabdae46-dcfa-45e6-b665-2c47bb305ebb@group-550BD6E4FBD0-SegmentedRaftLogWorker hit exception
java.lang.OutOfMemoryError: Direct buffer memory
	at java.nio.Bits.reserveMemory(Bits.java:666)
	at java.nio.DirectByteBuffer.<init>(DirectByteBuffer.java:123)
	at java.nio.ByteBuffer.allocateDirect(ByteBuffer.java:311)
	at org.apache.ratis.server.raftlog.segmented.BufferedWriteChannel.<init>(BufferedWriteChannel.java:41)
	at org.apache.ratis.server.raftlog.segmented.SegmentedRaftLogOutputStream.<init>(SegmentedRaftLogOutputStream.java:72)
	at org.apache.ratis.server.raftlog.segmented.SegmentedRaftLogWorker$StartLogSegment.execute(SegmentedRaftLogWorker.java:566)
	at org.apache.ratis.server.raftlog.segmented.SegmentedRaftLogWorker.run(SegmentedRaftLogWorker.java:289)
	at java.lang.Thread.run(Thread.java:748)
2019-09-25 04:50:45,446 [45f1801e-7cfd-420a-bb39-98f19dcc81c3@group-D9916A13DB6B:LeaderElection115] INFO  server.RaftServerConfigKeys (ConfUtils.java:logGet(43)) - raft.server.rpc.sleep.time = 25ms (default)
2019-09-25 04:50:45,446 [pool-37-thread-1] INFO  impl.RoleInfo (RoleInfo.java:updateAndGet(143)) - b40ef231-6505-402b-ae57-fc0dc67cbbe8: start FollowerState
2019-09-25 04:50:45,443 [9216b865-ce6b-4fb7-bc99-65479a86b6eb@group-025EC75F677D-SegmentedRaftLogWorker] ERROR segmented.SegmentedRaftLogWorker (SegmentedRaftLogWorker.java:run(323)) - 9216b865-ce6b-4fb7-bc99-65479a86b6eb@group-025EC75F677D-SegmentedRaftLogWorker hit exception
java.lang.OutOfMemoryError: Direct buffer memory
	at java.nio.Bits.reserveMemory(Bits.java:666)
	at java.nio.DirectByteBuffer.<init>(DirectByteBuffer.java:123)
	at java.nio.ByteBuffer.allocateDirect(ByteBuffer.java:311)
	at org.apache.ratis.server.raftlog.segmented.BufferedWriteChannel.<init>(BufferedWriteChannel.java:41)
	at org.apache.ratis.server.raftlog.segmented.SegmentedRaftLogOutputStream.<init>(SegmentedRaftLogOutputStream.java:72)
	at org.apache.ratis.server.raftlog.segmented.SegmentedRaftLogWorker$StartLogSegment.execute(SegmentedRaftLogWorker.java:566)
	at org.apache.ratis.server.raftlog.segmented.SegmentedRaftLogWorker.run(SegmentedRaftLogWorker.java:289)
	at java.lang.Thread.run(Thread.java:748)
2019-09-25 04:50:45,619 [9216b865-ce6b-4fb7-bc99-65479a86b6eb@group-025EC75F677D-SegmentedRaftLogWorker] INFO  impl.RaftServerImpl (RaftServerImpl.java:lambda$shutdown$3(251)) - 9216b865-ce6b-4fb7-bc99-65479a86b6eb@group-025EC75F677D: shutdown
2019-09-25 04:50:45,289 [45f1801e-7cfd-420a-bb39-98f19dcc81c3@group-FB03761141D6-SegmentedRaftLogWorker] INFO  impl.RoleInfo (RoleInfo.java:shutdownLeaderState(104)) - 45f1801e-7cfd-420a-bb39-98f19dcc81c3: shutdown LeaderState
2019-09-25 04:50:45,289 [c35819d4-86f4-4223-a458-676070fe0cbb@group-10F783B4E55F-SegmentedRaftLogWorker] ERROR segmented.SegmentedRaftLogWorker (SegmentedRaftLogWorker.java:run(323)) - c35819d4-86f4-4223-a458-676070fe0cbb@group-10F783B4E55F-SegmentedRaftLogWorker hit exception
java.lang.OutOfMemoryError: Direct buffer memory
	at java.nio.Bits.reserveMemory(Bits.java:666)
	at java.nio.DirectByteBuffer.<init>(DirectByteBuffer.java:123)
	at java.nio.ByteBuffer.allocateDirect(ByteBuffer.java:311)
	at org.apache.ratis.server.raftlog.segmented.BufferedWriteChannel.<init>(BufferedWriteChannel.java:41)
	at org.apache.ratis.server.raftlog.segmented.SegmentedRaftLogOutputStream.<init>(SegmentedRaftLogOutputStream.java:72)
	at org.apache.ratis.server.raftlog.segmented.SegmentedRaftLogWorker$StartLogSegment.execute(SegmentedRaftLogWorker.java:566)
	at org.apache.ratis.server.raftlog.segmented.SegmentedRaftLogWorker.run(SegmentedRaftLogWorker.java:289)
	at java.lang.Thread.run(Thread.java:748)
2019-09-25 04:50:45,289 [9216b865-ce6b-4fb7-bc99-65479a86b6eb@group-32910316964B-SegmentedRaftLogWorker] ERROR segmented.SegmentedRaftLogWorker (SegmentedRaftLogWorker.java:run(323)) - 9216b865-ce6b-4fb7-bc99-65479a86b6eb@group-32910316964B-SegmentedRaftLogWorker hit exception
java.lang.OutOfMemoryError: Direct buffer memory
	at java.nio.Bits.reserveMemory(Bits.java:666)
	at java.nio.DirectByteBuffer.<init>(DirectByteBuffer.java:123)
	at java.nio.ByteBuffer.allocateDirect(ByteBuffer.java:311)
	at org.apache.ratis.server.raftlog.segmented.BufferedWriteChannel.<init>(BufferedWriteChannel.java:41)
	at org.apache.ratis.server.raftlog.segmented.SegmentedRaftLogOutputStream.<init>(SegmentedRaftLogOutputStream.java:72)
	at org.apache.ratis.server.raftlog.segmented.SegmentedRaftLogWorker$StartLogSegment.execute(SegmentedRaftLogWorker.java:566)
	at org.apache.ratis.server.raftlog.segmented.SegmentedRaftLogWorker.run(SegmentedRaftLogWorker.java:289)
	at java.lang.Thread.run(Thread.java:748)
2019-09-25 04:50:45,620 [9216b865-ce6b-4fb7-bc99-65479a86b6eb@group-32910316964B-SegmentedRaftLogWorker] INFO  impl.RaftServerImpl (RaftServerImpl.java:lambda$shutdown$3(251)) - 9216b865-ce6b-4fb7-bc99-65479a86b6eb@group-32910316964B: shutdown
2019-09-25 04:50:45,117 [c35819d4-86f4-4223-a458-676070fe0cbb@group-20315066096E-SegmentedRaftLogWorker] INFO  util.JmxRegister (JmxRegister.java:unregister(73)) - Successfully un-registered JMX Bean with object name Ratis:service=RaftServer,group=group-20315066096E,id=c35819d4-86f4-4223-a458-676070fe0cbb
2019-09-25 04:50:45,117 [45f1801e-7cfd-420a-bb39-98f19dcc81c3@group-21891154694B:LeaderElection106] INFO  impl.RaftServerImpl (ServerState.java:setRaftConf(354)) - 45f1801e-7cfd-420a-bb39-98f19dcc81c3@group-21891154694B: set configuration 0: [45f1801e-7cfd-420a-bb39-98f19dcc81c3:192.168.151.106:38437], old=null at 0
2019-09-25 04:50:45,117 [c35819d4-86f4-4223-a458-676070fe0cbb@group-5A281C16F5FF:LeaderElection124] INFO  impl.RoleInfo (RoleInfo.java:shutdownLeaderElection(134)) - c35819d4-86f4-4223-a458-676070fe0cbb: shutdown LeaderElection
2019-09-25 04:50:45,117 [aabdae46-dcfa-45e6-b665-2c47bb305ebb@group-7079C96F35A2:LeaderElection105] INFO  impl.RaftServerImpl (ServerState.java:setRaftConf(354)) - aabdae46-dcfa-45e6-b665-2c47bb305ebb@group-7079C96F35A2: set configuration 0: [aabdae46-dcfa-45e6-b665-2c47bb305ebb:192.168.151.106:41436], old=null at 0
2019-09-25 04:50:45,112 [9216b865-ce6b-4fb7-bc99-65479a86b6eb@group-5F165A531ED8:LeaderElection103] INFO  impl.RaftServerImpl (ServerState.java:setRaftConf(354)) - 9216b865-ce6b-4fb7-bc99-65479a86b6eb@group-5F165A531ED8: set configuration 0: [9216b865-ce6b-4fb7-bc99-65479a86b6eb:192.168.151.106:43252], old=null at 0
2019-09-25 04:50:44,883 [b40ef231-6505-402b-ae57-fc0dc67cbbe8@group-49F0F168AD2D:LeaderElection121] INFO  impl.RaftServerImpl (RaftServerImpl.java:setRole(174)) - b40ef231-6505-402b-ae57-fc0dc67cbbe8@group-49F0F168AD2D: changes role from CANDIDATE to LEADER at term 1 for changeToLeader
2019-09-25 04:50:45,621 [b40ef231-6505-402b-ae57-fc0dc67cbbe8@group-49F0F168AD2D:LeaderElection121] INFO  impl.RaftServerImpl (ServerState.java:setLeader(253)) - b40ef231-6505-402b-ae57-fc0dc67cbbe8@group-49F0F168AD2D: change Leader from null to b40ef231-6505-402b-ae57-fc0dc67cbbe8 at term 1 for becomeLeader, leader elected after 11416ms
2019-09-25 04:50:44,883 [b40ef231-6505-402b-ae57-fc0dc67cbbe8@group-ED8CE7F11753:LeaderElection117] INFO  server.RaftServerConfigKeys (ConfUtils.java:logGet(43)) - raft.server.staging.catchup.gap = 1000 (default)
2019-09-25 04:50:44,882 [45f1801e-7cfd-420a-bb39-98f19dcc81c3@group-5350E354539A-SegmentedRaftLogWorker] INFO  impl.RaftServerImpl (RaftServerImpl.java:lambda$shutdown$3(251)) - 45f1801e-7cfd-420a-bb39-98f19dcc81c3@group-5350E354539A: shutdown
2019-09-25 04:50:44,882 [9216b865-ce6b-4fb7-bc99-65479a86b6eb@group-D51CC7C69CA8:LeaderElection118] INFO  server.RaftServerConfigKeys (ConfUtils.java:logGet(43)) - raft.server.rpc.sleep.time = 25ms (default)
2019-09-25 04:50:44,881 [a167ab1f-c96d-409e-bb26-ea230783d833@group-8777D69019BB:LeaderElection108] INFO  server.RaftServerConfigKeys (ConfUtils.java:logGet(43)) - raft.server.watch.timeout.denomination = 1s (default)
2019-09-25 04:50:45,622 [a167ab1f-c96d-409e-bb26-ea230783d833@group-8777D69019BB:LeaderElection108] INFO  server.RaftServerConfigKeys (ConfUtils.java:logGet(43)) - raft.server.watch.element-limit = 65536 (default)
2019-09-25 04:50:44,877 [4f7802c6-3418-4fbd-b0c6-a8e36fcecb0a@group-BCA7C703316B-SegmentedRaftLogWorker] ERROR segmented.SegmentedRaftLogWorker (SegmentedRaftLogWorker.java:run(323)) - 4f7802c6-3418-4fbd-b0c6-a8e36fcecb0a@group-BCA7C703316B-SegmentedRaftLogWorker hit exception
java.lang.OutOfMemoryError: Direct buffer memory
	at java.nio.Bits.reserveMemory(Bits.java:666)
	at java.nio.DirectByteBuffer.<init>(DirectByteBuffer.java:123)
	at java.nio.ByteBuffer.allocateDirect(ByteBuffer.java:311)
	at org.apache.ratis.server.raftlog.segmented.BufferedWriteChannel.<init>(BufferedWriteChannel.java:41)
	at org.apache.ratis.server.raftlog.segmented.SegmentedRaftLogOutputStream.<init>(SegmentedRaftLogOutputStream.java:72)
	at org.apache.ratis.server.raftlog.segmented.SegmentedRaftLogWorker$StartLogSegment.execute(SegmentedRaftLogWorker.java:566)
	at org.apache.ratis.server.raftlog.segmented.SegmentedRaftLogWorker.run(SegmentedRaftLogWorker.java:289)
	at java.lang.Thread.run(Thread.java:748)
2019-09-25 04:50:44,680 [c35819d4-86f4-4223-a458-676070fe0cbb@group-3AB11E98D61C-SegmentedRaftLogWorker] INFO  impl.RaftServerImpl (RaftServerImpl.java:lambda$shutdown$3(251)) - c35819d4-86f4-4223-a458-676070fe0cbb@group-3AB11E98D61C: shutdown
2019-09-25 04:50:44,680 [b40ef231-6505-402b-ae57-fc0dc67cbbe8@group-FFC5865DEC55-SegmentedRaftLogWorker] ERROR segmented.SegmentedRaftLogWorker (SegmentedRaftLogWorker.java:run(323)) - b40ef231-6505-402b-ae57-fc0dc67cbbe8@group-FFC5865DEC55-SegmentedRaftLogWorker hit exception
java.lang.OutOfMemoryError: Direct buffer memory
	at java.nio.Bits.reserveMemory(Bits.java:666)
	at java.nio.DirectByteBuffer.<init>(DirectByteBuffer.java:123)
	at java.nio.ByteBuffer.allocateDirect(ByteBuffer.java:311)
	at org.apache.ratis.server.raftlog.segmented.BufferedWriteChannel.<init>(BufferedWriteChannel.java:41)
	at org.apache.ratis.server.raftlog.segmented.SegmentedRaftLogOutputStream.<init>(SegmentedRaftLogOutputStream.java:72)
	at org.apache.ratis.server.raftlog.segmented.SegmentedRaftLogWorker$StartLogSegment.execute(SegmentedRaftLogWorker.java:566)
	at org.apache.ratis.server.raftlog.segmented.SegmentedRaftLogWorker.run(SegmentedRaftLogWorker.java:289)
	at java.lang.Thread.run(Thread.java:748)
2019-09-25 04:50:45,623 [b40ef231-6505-402b-ae57-fc0dc67cbbe8@group-FFC5865DEC55-SegmentedRaftLogWorker] INFO  impl.RaftServerImpl (RaftServerImpl.java:lambda$shutdown$3(251)) - b40ef231-6505-402b-ae57-fc0dc67cbbe8@group-FFC5865DEC55: shutdown
2019-09-25 04:50:44,680 [aabdae46-dcfa-45e6-b665-2c47bb305ebb@group-ED110974D17F-SegmentedRaftLogWorker] ERROR segmented.SegmentedRaftLogWorker (SegmentedRaftLogWorker.java:run(323)) - aabdae46-dcfa-45e6-b665-2c47bb305ebb@group-ED110974D17F-SegmentedRaftLogWorker hit exception
java.lang.OutOfMemoryError: Direct buffer memory
	at java.nio.Bits.reserveMemory(Bits.java:666)
	at java.nio.DirectByteBuffer.<init>(DirectByteBuffer.java:123)
	at java.nio.ByteBuffer.allocateDirect(ByteBuffer.java:311)
	at org.apache.ratis.server.raftlog.segmented.BufferedWriteChannel.<init>(BufferedWriteChannel.java:41)
	at org.apache.ratis.server.raftlog.segmented.SegmentedRaftLogOutputStream.<init>(SegmentedRaftLogOutputStream.java:72)
	at org.apache.ratis.server.raftlog.segmented.SegmentedRaftLogWorker$StartLogSegment.execute(SegmentedRaftLogWorker.java:566)
	at org.apache.ratis.server.raftlog.segmented.SegmentedRaftLogWorker.run(SegmentedRaftLogWorker.java:289)
	at java.lang.Thread.run(Thread.java:748)
2019-09-25 04:50:45,624 [aabdae46-dcfa-45e6-b665-2c47bb305ebb@group-ED110974D17F-SegmentedRaftLogWorker] INFO  impl.RaftServerImpl (RaftServerImpl.java:lambda$shutdown$3(251)) - aabdae46-dcfa-45e6-b665-2c47bb305ebb@group-ED110974D17F: shutdown
2019-09-25 04:50:44,460 [aabdae46-dcfa-45e6-b665-2c47bb305ebb@group-AC95CF6AEBCA:LeaderElection100] INFO  impl.RaftServerImpl (ServerState.java:setRaftConf(354)) - aabdae46-dcfa-45e6-b665-2c47bb305ebb@group-AC95CF6AEBCA: set configuration 0: [aabdae46-dcfa-45e6-b665-2c47bb305ebb:192.168.151.106:41436], old=null at 0
2019-09-25 04:50:44,459 [aabdae46-dcfa-45e6-b665-2c47bb305ebb@group-8AED9ABD7316-SegmentedRaftLogWorker] INFO  impl.RoleInfo (RoleInfo.java:shutdownLeaderState(104)) - aabdae46-dcfa-45e6-b665-2c47bb305ebb: shutdown LeaderState
2019-09-25 04:50:44,459 [45f1801e-7cfd-420a-bb39-98f19dcc81c3@group-E8AEB34FB33B-SegmentedRaftLogWorker] INFO  util.JmxRegister (JmxRegister.java:unregister(73)) - Successfully un-registered JMX Bean with object name Ratis:service=RaftServer,group=group-E8AEB34FB33B,id=45f1801e-7cfd-420a-bb39-98f19dcc81c3
2019-09-25 04:50:45,625 [45f1801e-7cfd-420a-bb39-98f19dcc81c3@group-E8AEB34FB33B-SegmentedRaftLogWorker] INFO  impl.RoleInfo (RoleInfo.java:shutdownLeaderState(104)) - 45f1801e-7cfd-420a-bb39-98f19dcc81c3: shutdown LeaderState
2019-09-25 04:50:44,459 [45f1801e-7cfd-420a-bb39-98f19dcc81c3@group-4F88288FBE08-SegmentedRaftLogWorker] INFO  segmented.SegmentedRaftLogWorker (SegmentedRaftLogWorker.java:close(228)) - 45f1801e-7cfd-420a-bb39-98f19dcc81c3@group-4F88288FBE08-SegmentedRaftLogWorker close()
2019-09-25 04:50:44,232 [aabdae46-dcfa-45e6-b665-2c47bb305ebb@group-1B4FC63C22D2:LeaderElection122] INFO  impl.RaftServerImpl (RaftServerImpl.java:setRole(174)) - aabdae46-dcfa-45e6-b665-2c47bb305ebb@group-1B4FC63C22D2: changes role from CANDIDATE to LEADER at term 1 for changeToLeader
2019-09-25 04:50:45,637 [aabdae46-dcfa-45e6-b665-2c47bb305ebb@group-1B4FC63C22D2:LeaderElection122] INFO  impl.RaftServerImpl (ServerState.java:setLeader(253)) - aabdae46-dcfa-45e6-b665-2c47bb305ebb@group-1B4FC63C22D2: change Leader from null to aabdae46-dcfa-45e6-b665-2c47bb305ebb at term 1 for becomeLeader, leader elected after 11222ms
2019-09-25 04:50:44,232 [a167ab1f-c96d-409e-bb26-ea230783d833@group-7F580B529A80:LeaderElection70] INFO  impl.RaftServerImpl (ServerState.java:setRaftConf(354)) - a167ab1f-c96d-409e-bb26-ea230783d833@group-7F580B529A80: set configuration 0: [a167ab1f-c96d-409e-bb26-ea230783d833:192.168.151.106:33404], old=null at 0
2019-09-25 04:50:44,232 [45f1801e-7cfd-420a-bb39-98f19dcc81c3@group-09867BC18A06:LeaderElection120] INFO  impl.RaftServerImpl (RaftServerImpl.java:setRole(174)) - 45f1801e-7cfd-420a-bb39-98f19dcc81c3@group-09867BC18A06: changes role from CANDIDATE to LEADER at term 1 for changeToLeader
2019-09-25 04:50:44,231 [aabdae46-dcfa-45e6-b665-2c47bb305ebb@group-92A9DF878687-SegmentedRaftLogWorker] INFO  impl.StateMachineUpdater (StateMachineUpdater.java:stopAndJoin(125)) - aabdae46-dcfa-45e6-b665-2c47bb305ebb@group-92A9DF878687-StateMachineUpdater: set stopIndex = -1
2019-09-25 04:50:44,231 [45f1801e-7cfd-420a-bb39-98f19dcc81c3@group-BEE59315A377-SegmentedRaftLogWorker] INFO  util.JmxRegister (JmxRegister.java:unregister(73)) - Successfully un-registered JMX Bean with object name Ratis:service=RaftServer,group=group-BEE59315A377,id=45f1801e-7cfd-420a-bb39-98f19dcc81c3
2019-09-25 04:50:44,230 [9216b865-ce6b-4fb7-bc99-65479a86b6eb@group-F7043FA7C853-SegmentedRaftLogWorker] INFO  impl.RaftServerImpl (RaftServerImpl.java:lambda$shutdown$3(251)) - 9216b865-ce6b-4fb7-bc99-65479a86b6eb@group-F7043FA7C853: shutdown
2019-09-25 04:50:44,230 [aabdae46-dcfa-45e6-b665-2c47bb305ebb@group-96726BA217A5:LeaderElection123] INFO  impl.RoleInfo (RoleInfo.java:shutdownLeaderElection(134)) - aabdae46-dcfa-45e6-b665-2c47bb305ebb: shutdown LeaderElection
2019-09-25 04:50:44,230 [9216b865-ce6b-4fb7-bc99-65479a86b6eb@group-8A882E087A7F-SegmentedRaftLogWorker] INFO  impl.RoleInfo (RoleInfo.java:shutdownLeaderState(104)) - 9216b865-ce6b-4fb7-bc99-65479a86b6eb: shutdown LeaderState
2019-09-25 04:50:44,230 [a167ab1f-c96d-409e-bb26-ea230783d833@group-B5C234A72D45:LeaderElection110] INFO  server.RaftServerConfigKeys (ConfUtils.java:logGet(43)) - raft.server.staging.catchup.gap = 1000 (default)
2019-09-25 04:50:44,229 [4f7802c6-3418-4fbd-b0c6-a8e36fcecb0a@group-5FE33B0916CC:LeaderElection114] INFO  impl.RaftServerImpl (ServerState.java:setLeader(253)) - 4f7802c6-3418-4fbd-b0c6-a8e36fcecb0a@group-5FE33B0916CC: change Leader from null to 4f7802c6-3418-4fbd-b0c6-a8e36fcecb0a at term 1 for becomeLeader, leader elected after 10307ms
2019-09-25 04:50:44,229 [4f7802c6-3418-4fbd-b0c6-a8e36fcecb0a@group-C31AE2B01B96:LeaderElection112] INFO  impl.RaftServerImpl (ServerState.java:setLeader(253)) - 4f7802c6-3418-4fbd-b0c6-a8e36fcecb0a@group-C31AE2B01B96: change Leader from null to 4f7802c6-3418-4fbd-b0c6-a8e36fcecb0a at term 1 for becomeLeader, leader elected after 10346ms
2019-09-25 04:50:44,229 [b40ef231-6505-402b-ae57-fc0dc67cbbe8@group-9FCF459108F2-SegmentedRaftLogWorker] INFO  util.JmxRegister (JmxRegister.java:unregister(73)) - Successfully un-registered JMX Bean with object name Ratis:service=RaftServer,group=group-9FCF459108F2,id=b40ef231-6505-402b-ae57-fc0dc67cbbe8
2019-09-25 04:50:44,228 [4f7802c6-3418-4fbd-b0c6-a8e36fcecb0a@group-AC4628CB5F93-SegmentedRaftLogWorker] INFO  impl.RaftServerImpl (RaftServerImpl.java:lambda$shutdown$3(251)) - 4f7802c6-3418-4fbd-b0c6-a8e36fcecb0a@group-AC4628CB5F93: shutdown
2019-09-25 04:50:44,228 [45f1801e-7cfd-420a-bb39-98f19dcc81c3@group-8B7976911715-SegmentedRaftLogWorker] INFO  impl.RaftServerImpl (RaftServerImpl.java:lambda$shutdown$3(251)) - 45f1801e-7cfd-420a-bb39-98f19dcc81c3@group-8B7976911715: shutdown
2019-09-25 04:50:44,228 [b40ef231-6505-402b-ae57-fc0dc67cbbe8@group-83FDB22A65E4:LeaderElection107] INFO  segmented.SegmentedRaftLogWorker (SegmentedRaftLogWorker.java:startLogSegment(380)) - b40ef231-6505-402b-ae57-fc0dc67cbbe8@group-83FDB22A65E4-SegmentedRaftLogWorker: Starting segment from index:0
2019-09-25 04:50:44,227 [b40ef231-6505-402b-ae57-fc0dc67cbbe8@group-85E054ECDDC5:LeaderElection111] INFO  impl.RaftServerImpl (ServerState.java:setLeader(253)) - b40ef231-6505-402b-ae57-fc0dc67cbbe8@group-85E054ECDDC5: change Leader from null to b40ef231-6505-402b-ae57-fc0dc67cbbe8 at term 1 for becomeLeader, leader elected after 10467ms
2019-09-25 04:50:44,226 [c35819d4-86f4-4223-a458-676070fe0cbb@group-4BB83B81EC9E-SegmentedRaftLogWorker] INFO  impl.RaftServerImpl (RaftServerImpl.java:lambda$shutdown$3(251)) - c35819d4-86f4-4223-a458-676070fe0cbb@group-4BB83B81EC9E: shutdown
2019-09-25 04:50:44,221 [RATISCREATEPIPELINE2] ERROR pipeline.RatisPipelineProvider (RatisPipelineProvider.java:lambda$null$2(181)) - Failed invoke Ratis rpc org.apache.hadoop.hdds.scm.pipeline.RatisPipelineProvider$$Lambda$187/2050509904@84ca781 for aabdae46-dcfa-45e6-b665-2c47bb305ebb
org.apache.ratis.protocol.TimeoutIOException: deadline exceeded after 2999305923ns
	at org.apache.ratis.grpc.GrpcUtil.tryUnwrapException(GrpcUtil.java:82)
	at org.apache.ratis.grpc.GrpcUtil.unwrapException(GrpcUtil.java:75)
	at org.apache.ratis.grpc.client.GrpcClientProtocolClient.blockingCall(GrpcClientProtocolClient.java:178)
	at org.apache.ratis.grpc.client.GrpcClientProtocolClient.groupAdd(GrpcClientProtocolClient.java:147)
	at org.apache.ratis.grpc.client.GrpcClientRpc.sendRequest(GrpcClientRpc.java:94)
	at org.apache.ratis.client.impl.RaftClientImpl.sendRequest(RaftClientImpl.java:278)
	at org.apache.ratis.client.impl.RaftClientImpl.groupAdd(RaftClientImpl.java:205)
	at org.apache.hadoop.hdds.scm.pipeline.RatisPipelineProvider.lambda$initializePipeline$1(RatisPipelineProvider.java:142)
	at org.apache.hadoop.hdds.scm.pipeline.RatisPipelineProvider.lambda$null$2(RatisPipelineProvider.java:177)
	at java.util.stream.ForEachOps$ForEachOp$OfRef.accept(ForEachOps.java:184)
	at java.util.ArrayList$ArrayListSpliterator.forEachRemaining(ArrayList.java:1382)
	at java.util.stream.AbstractPipeline.copyInto(AbstractPipeline.java:482)
	at java.util.stream.ForEachOps$ForEachTask.compute(ForEachOps.java:291)
	at java.util.concurrent.CountedCompleter.exec(CountedCompleter.java:731)
	at java.util.concurrent.ForkJoinTask.doExec(ForkJoinTask.java:289)
	at java.util.concurrent.ForkJoinPool$WorkQueue.runTask(ForkJoinPool.java:1056)
	at java.util.concurrent.ForkJoinPool.runWorker(ForkJoinPool.java:1692)
	at java.util.concurrent.ForkJoinWorkerThread.run(ForkJoinWorkerThread.java:157)
Caused by: org.apache.ratis.thirdparty.io.grpc.StatusRuntimeException: DEADLINE_EXCEEDED: deadline exceeded after 2999305923ns
	at org.apache.ratis.thirdparty.io.grpc.stub.ClientCalls.toStatusRuntimeException(ClientCalls.java:233)
	at org.apache.ratis.thirdparty.io.grpc.stub.ClientCalls.getUnchecked(ClientCalls.java:214)
	at org.apache.ratis.thirdparty.io.grpc.stub.ClientCalls.blockingUnaryCall(ClientCalls.java:139)
	at org.apache.ratis.proto.grpc.AdminProtocolServiceGrpc$AdminProtocolServiceBlockingStub.groupManagement(AdminProtocolServiceGrpc.java:274)
	at org.apache.ratis.grpc.client.GrpcClientProtocolClient.lambda$groupAdd$3(GrpcClientProtocolClient.java:149)
	at org.apache.ratis.grpc.client.GrpcClientProtocolClient.blockingCall(GrpcClientProtocolClient.java:176)
	... 15 more
2019-09-25 04:50:44,221 [RATISCREATEPIPELINE3] ERROR pipeline.RatisPipelineProvider (RatisPipelineProvider.java:lambda$null$2(181)) - Failed invoke Ratis rpc org.apache.hadoop.hdds.scm.pipeline.RatisPipelineProvider$$Lambda$187/2050509904@84ca781 for b40ef231-6505-402b-ae57-fc0dc67cbbe8
org.apache.ratis.protocol.TimeoutIOException: deadline exceeded after 2999353687ns
	at org.apache.ratis.grpc.GrpcUtil.tryUnwrapException(GrpcUtil.java:82)
	at org.apache.ratis.grpc.GrpcUtil.unwrapException(GrpcUtil.java:75)
	at org.apache.ratis.grpc.client.GrpcClientProtocolClient.blockingCall(GrpcClientProtocolClient.java:178)
	at org.apache.ratis.grpc.client.GrpcClientProtocolClient.groupAdd(GrpcClientProtocolClient.java:147)
	at org.apache.ratis.grpc.client.GrpcClientRpc.sendRequest(GrpcClientRpc.java:94)
	at org.apache.ratis.client.impl.RaftClientImpl.sendRequest(RaftClientImpl.java:278)
	at org.apache.ratis.client.impl.RaftClientImpl.groupAdd(RaftClientImpl.java:205)
	at org.apache.hadoop.hdds.scm.pipeline.RatisPipelineProvider.lambda$initializePipeline$1(RatisPipelineProvider.java:142)
	at org.apache.hadoop.hdds.scm.pipeline.RatisPipelineProvider.lambda$null$2(RatisPipelineProvider.java:177)
	at java.util.stream.ForEachOps$ForEachOp$OfRef.accept(ForEachOps.java:184)
	at java.util.ArrayList$ArrayListSpliterator.forEachRemaining(ArrayList.java:1382)
	at java.util.stream.AbstractPipeline.copyInto(AbstractPipeline.java:482)
	at java.util.stream.ForEachOps$ForEachTask.compute(ForEachOps.java:291)
	at java.util.concurrent.CountedCompleter.exec(CountedCompleter.java:731)
	at java.util.concurrent.ForkJoinTask.doExec(ForkJoinTask.java:289)
	at java.util.concurrent.ForkJoinPool$WorkQueue.runTask(ForkJoinPool.java:1056)
	at java.util.concurrent.ForkJoinPool.runWorker(ForkJoinPool.java:1692)
	at java.util.concurrent.ForkJoinWorkerThread.run(ForkJoinWorkerThread.java:157)
Caused by: org.apache.ratis.thirdparty.io.grpc.StatusRuntimeException: DEADLINE_EXCEEDED: deadline exceeded after 2999353687ns
	at org.apache.ratis.thirdparty.io.grpc.stub.ClientCalls.toStatusRuntimeException(ClientCalls.java:233)
	at org.apache.ratis.thirdparty.io.grpc.stub.ClientCalls.getUnchecked(ClientCalls.java:214)
	at org.apache.ratis.thirdparty.io.grpc.stub.ClientCalls.blockingUnaryCall(ClientCalls.java:139)
	at org.apache.ratis.proto.grpc.AdminProtocolServiceGrpc$AdminProtocolServiceBlockingStub.groupManagement(AdminProtocolServiceGrpc.java:274)
	at org.apache.ratis.grpc.client.GrpcClientProtocolClient.lambda$groupAdd$3(GrpcClientProtocolClient.java:149)
	at org.apache.ratis.grpc.client.GrpcClientProtocolClient.blockingCall(GrpcClientProtocolClient.java:176)
	... 15 more
2019-09-25 04:50:43,994 [aabdae46-dcfa-45e6-b665-2c47bb305ebb@group-550BD6E4FBD0:LeaderElection75] INFO  impl.RaftServerImpl (ServerState.java:setRaftConf(354)) - aabdae46-dcfa-45e6-b665-2c47bb305ebb@group-550BD6E4FBD0: set configuration 0: [aabdae46-dcfa-45e6-b665-2c47bb305ebb:192.168.151.106:41436], old=null at 0
2019-09-25 04:50:43,993 [9216b865-ce6b-4fb7-bc99-65479a86b6eb@group-4CF16EF24DD7:LeaderElection109] INFO  server.RaftServerConfigKeys (ConfUtils.java:logGet(43)) - raft.server.staging.catchup.gap = 1000 (default)
2019-09-25 04:50:45,880 [9216b865-ce6b-4fb7-bc99-65479a86b6eb@group-4CF16EF24DD7:LeaderElection109] INFO  server.RaftServerConfigKeys (ConfUtils.java:logGet(43)) - raft.server.rpc.sleep.time = 25ms (default)
2019-09-25 04:50:43,993 [a167ab1f-c96d-409e-bb26-ea230783d833@group-B4FD14FF07AB:LeaderElection113] INFO  impl.RaftServerImpl (ServerState.java:setLeader(253)) - a167ab1f-c96d-409e-bb26-ea230783d833@group-B4FD14FF07AB: change Leader from null to a167ab1f-c96d-409e-bb26-ea230783d833 at term 1 for becomeLeader, leader elected after 10152ms
2019-09-25 04:50:45,880 [9216b865-ce6b-4fb7-bc99-65479a86b6eb@group-4CF16EF24DD7:LeaderElection109] INFO  server.RaftServerConfigKeys (ConfUtils.java:logGet(43)) - raft.server.write.element-limit = 4096 (default)
2019-09-25 04:50:45,880 [IPC Server handler 0 on 33253] ERROR pipeline.SCMPipelineManager (SCMPipelineManager.java:createPipeline(167)) - Pipeline creation failed.
org.apache.hadoop.io.MultipleIOException: 3 exceptions [java.io.IOException: Failed invoke Ratis rpc org.apache.hadoop.hdds.scm.pipeline.RatisPipelineProvider$$Lambda$187/2050509904@84ca781 for a167ab1f-c96d-409e-bb26-ea230783d833, java.io.IOException: Failed invoke Ratis rpc org.apache.hadoop.hdds.scm.pipeline.RatisPipelineProvider$$Lambda$187/2050509904@84ca781 for aabdae46-dcfa-45e6-b665-2c47bb305ebb, java.io.IOException: Failed invoke Ratis rpc org.apache.hadoop.hdds.scm.pipeline.RatisPipelineProvider$$Lambda$187/2050509904@84ca781 for b40ef231-6505-402b-ae57-fc0dc67cbbe8]
	at org.apache.hadoop.io.MultipleIOException.createIOException(MultipleIOException.java:53)
	at org.apache.hadoop.hdds.scm.pipeline.RatisPipelineProvider.callRatisRpc(RatisPipelineProvider.java:197)
	at org.apache.hadoop.hdds.scm.pipeline.RatisPipelineProvider.initializePipeline(RatisPipelineProvider.java:140)
	at org.apache.hadoop.hdds.scm.pipeline.RatisPipelineProvider.create(RatisPipelineProvider.java:109)
	at org.apache.hadoop.hdds.scm.pipeline.PipelineFactory.create(PipelineFactory.java:58)
	at org.apache.hadoop.hdds.scm.pipeline.SCMPipelineManager.createPipeline(SCMPipelineManager.java:155)
	at org.apache.hadoop.hdds.scm.container.ContainerStateManager.allocateContainer(ContainerStateManager.java:255)
	at org.apache.hadoop.hdds.scm.container.SCMContainerManager.allocateContainer(SCMContainerManager.java:247)
	at org.apache.hadoop.hdds.scm.server.SCMClientProtocolServer.allocateContainer(SCMClientProtocolServer.java:186)
	at org.apache.hadoop.ozone.protocolPB.StorageContainerLocationProtocolServerSideTranslatorPB.allocateContainer(StorageContainerLocationProtocolServerSideTranslatorPB.java:123)
	at org.apache.hadoop.hdds.protocol.proto.StorageContainerLocationProtocolProtos$StorageContainerLocationProtocolService$2.callBlockingMethod(StorageContainerLocationProtocolProtos.java:21239)
	at org.apache.hadoop.ipc.ProtobufRpcEngine$Server$ProtoBufRpcInvoker.call(ProtobufRpcEngine.java:524)
	at org.apache.hadoop.ipc.RPC$Server.call(RPC.java:1025)
	at org.apache.hadoop.ipc.Server$RpcCall.run(Server.java:876)
	at org.apache.hadoop.ipc.Server$RpcCall.run(Server.java:822)
	at java.security.AccessController.doPrivileged(Native Method)
	at javax.security.auth.Subject.doAs(Subject.java:422)
	at org.apache.hadoop.security.UserGroupInformation.doAs(UserGroupInformation.java:1730)
	at org.apache.hadoop.ipc.Server$Handler.run(Server.java:2682)
2019-09-25 04:50:45,875 [a167ab1f-c96d-409e-bb26-ea230783d833@group-0DBE9B28DA20:LeaderElection125] INFO  impl.LeaderElection (LeaderElection.java:askForVotes(182)) - a167ab1f-c96d-409e-bb26-ea230783d833@group-0DBE9B28DA20:LeaderElection125: begin an election at term 1 for -1: [a167ab1f-c96d-409e-bb26-ea230783d833:192.168.151.106:33404], old=null
2019-09-25 04:50:45,868 [a167ab1f-c96d-409e-bb26-ea230783d833@group-7F580B529A80-SegmentedRaftLogWorker] ERROR segmented.SegmentedRaftLogWorker (SegmentedRaftLogWorker.java:run(323)) - a167ab1f-c96d-409e-bb26-ea230783d833@group-7F580B529A80-SegmentedRaftLogWorker hit exception
java.lang.OutOfMemoryError: Direct buffer memory
	at java.nio.Bits.reserveMemory(Bits.java:666)
	at java.nio.DirectByteBuffer.<init>(DirectByteBuffer.java:123)
	at java.nio.ByteBuffer.allocateDirect(ByteBuffer.java:311)
	at org.apache.ratis.server.raftlog.segmented.BufferedWriteChannel.<init>(BufferedWriteChannel.java:41)
	at org.apache.ratis.server.raftlog.segmented.SegmentedRaftLogOutputStream.<init>(SegmentedRaftLogOutputStream.java:72)
	at org.apache.ratis.server.raftlog.segmented.SegmentedRaftLogWorker$StartLogSegment.execute(SegmentedRaftLogWorker.java:566)
	at org.apache.ratis.server.raftlog.segmented.SegmentedRaftLogWorker.run(SegmentedRaftLogWorker.java:289)
	at java.lang.Thread.run(Thread.java:748)
2019-09-25 04:50:45,640 [c35819d4-86f4-4223-a458-676070fe0cbb@group-4BB83B81EC9E-SegmentedRaftLogWorker] INFO  util.JmxRegister (JmxRegister.java:unregister(73)) - Successfully un-registered JMX Bean with object name Ratis:service=RaftServer,group=group-4BB83B81EC9E,id=c35819d4-86f4-4223-a458-676070fe0cbb
2019-09-25 04:50:45,882 [c35819d4-86f4-4223-a458-676070fe0cbb@group-4BB83B81EC9E-SegmentedRaftLogWorker] INFO  impl.RoleInfo (RoleInfo.java:shutdownLeaderState(104)) - c35819d4-86f4-4223-a458-676070fe0cbb: shutdown LeaderState
2019-09-25 04:50:45,640 [b40ef231-6505-402b-ae57-fc0dc67cbbe8@group-83FDB22A65E4:LeaderElection107] INFO  impl.RaftServerImpl (ServerState.java:setRaftConf(354)) - b40ef231-6505-402b-ae57-fc0dc67cbbe8@group-83FDB22A65E4: set configuration 0: [b40ef231-6505-402b-ae57-fc0dc67cbbe8:192.168.151.106:41861], old=null at 0
2019-09-25 04:50:45,640 [b40ef231-6505-402b-ae57-fc0dc67cbbe8@group-85E054ECDDC5:LeaderElection111] INFO  server.RaftServerConfigKeys (ConfUtils.java:logGet(43)) - raft.server.staging.catchup.gap = 1000 (default)
2019-09-25 04:50:45,639 [45f1801e-7cfd-420a-bb39-98f19dcc81c3@group-8B7976911715-SegmentedRaftLogWorker] INFO  util.JmxRegister (JmxRegister.java:unregister(73)) - Successfully un-registered JMX Bean with object name Ratis:service=RaftServer,group=group-8B7976911715,id=45f1801e-7cfd-420a-bb39-98f19dcc81c3
2019-09-25 04:50:45,882 [45f1801e-7cfd-420a-bb39-98f19dcc81c3@group-8B7976911715-SegmentedRaftLogWorker] INFO  impl.RoleInfo (RoleInfo.java:shutdownLeaderState(104)) - 45f1801e-7cfd-420a-bb39-98f19dcc81c3: shutdown LeaderState
2019-09-25 04:50:45,639 [4f7802c6-3418-4fbd-b0c6-a8e36fcecb0a@group-AC4628CB5F93-SegmentedRaftLogWorker] INFO  util.JmxRegister (JmxRegister.java:unregister(73)) - Successfully un-registered JMX Bean with object name Ratis:service=RaftServer,group=group-AC4628CB5F93,id=4f7802c6-3418-4fbd-b0c6-a8e36fcecb0a
2019-09-25 04:50:45,883 [4f7802c6-3418-4fbd-b0c6-a8e36fcecb0a@group-AC4628CB5F93-SegmentedRaftLogWorker] INFO  impl.RoleInfo (RoleInfo.java:shutdownLeaderState(104)) - 4f7802c6-3418-4fbd-b0c6-a8e36fcecb0a: shutdown LeaderState
2019-09-25 04:50:45,639 [b40ef231-6505-402b-ae57-fc0dc67cbbe8@group-9FCF459108F2-SegmentedRaftLogWorker] INFO  impl.RoleInfo (RoleInfo.java:shutdownLeaderState(104)) - b40ef231-6505-402b-ae57-fc0dc67cbbe8: shutdown LeaderState
2019-09-25 04:50:45,639 [4f7802c6-3418-4fbd-b0c6-a8e36fcecb0a@group-C31AE2B01B96:LeaderElection112] INFO  server.RaftServerConfigKeys (ConfUtils.java:logGet(43)) - raft.server.staging.catchup.gap = 1000 (default)
2019-09-25 04:50:45,639 [4f7802c6-3418-4fbd-b0c6-a8e36fcecb0a@group-5FE33B0916CC:LeaderElection114] INFO  server.RaftServerConfigKeys (ConfUtils.java:logGet(43)) - raft.server.staging.catchup.gap = 1000 (default)
2019-09-25 04:50:45,638 [a167ab1f-c96d-409e-bb26-ea230783d833@group-B5C234A72D45:LeaderElection110] INFO  server.RaftServerConfigKeys (ConfUtils.java:logGet(43)) - raft.server.rpc.sleep.time = 25ms (default)
2019-09-25 04:50:45,638 [9216b865-ce6b-4fb7-bc99-65479a86b6eb@group-8A882E087A7F-SegmentedRaftLogWorker] INFO  impl.PendingRequests (PendingRequests.java:sendNotLeaderResponses(202)) - 9216b865-ce6b-4fb7-bc99-65479a86b6eb-PendingRequests: sendNotLeaderResponses
2019-09-25 04:50:45,638 [aabdae46-dcfa-45e6-b665-2c47bb305ebb@group-96726BA217A5:LeaderElection123] INFO  impl.RaftServerImpl (RaftServerImpl.java:setRole(174)) - aabdae46-dcfa-45e6-b665-2c47bb305ebb@group-96726BA217A5: changes role from CANDIDATE to LEADER at term 1 for changeToLeader
2019-09-25 04:50:45,638 [9216b865-ce6b-4fb7-bc99-65479a86b6eb@group-F7043FA7C853-SegmentedRaftLogWorker] INFO  util.JmxRegister (JmxRegister.java:unregister(73)) - Successfully un-registered JMX Bean with object name Ratis:service=RaftServer,group=group-F7043FA7C853,id=9216b865-ce6b-4fb7-bc99-65479a86b6eb
2019-09-25 04:50:45,638 [45f1801e-7cfd-420a-bb39-98f19dcc81c3@group-BEE59315A377-SegmentedRaftLogWorker] INFO  impl.RoleInfo (RoleInfo.java:shutdownLeaderState(104)) - 45f1801e-7cfd-420a-bb39-98f19dcc81c3: shutdown LeaderState
2019-09-25 04:50:45,638 [aabdae46-dcfa-45e6-b665-2c47bb305ebb@group-92A9DF878687-SegmentedRaftLogWorker] INFO  impl.RaftServerImpl (ServerState.java:close(385)) - aabdae46-dcfa-45e6-b665-2c47bb305ebb@group-92A9DF878687: closes. applyIndex: -1
2019-09-25 04:50:45,637 [45f1801e-7cfd-420a-bb39-98f19dcc81c3@group-09867BC18A06:LeaderElection120] INFO  impl.RaftServerImpl (ServerState.java:setLeader(253)) - 45f1801e-7cfd-420a-bb39-98f19dcc81c3@group-09867BC18A06: change Leader from null to 45f1801e-7cfd-420a-bb39-98f19dcc81c3 at term 1 for becomeLeader, leader elected after 11301ms
2019-09-25 04:50:45,637 [aabdae46-dcfa-45e6-b665-2c47bb305ebb@group-1B4FC63C22D2:LeaderElection122] INFO  server.RaftServerConfigKeys (ConfUtils.java:logGet(43)) - raft.server.staging.catchup.gap = 1000 (default)
2019-09-25 04:50:45,625 [45f1801e-7cfd-420a-bb39-98f19dcc81c3@group-E8AEB34FB33B-SegmentedRaftLogWorker] INFO  impl.PendingRequests (PendingRequests.java:sendNotLeaderResponses(202)) - 45f1801e-7cfd-420a-bb39-98f19dcc81c3-PendingRequests: sendNotLeaderResponses
2019-09-25 04:50:45,625 [a167ab1f-c96d-409e-bb26-ea230783d833@group-8777D69019BB:LeaderElection108] INFO  impl.RoleInfo (RoleInfo.java:updateAndGet(143)) - a167ab1f-c96d-409e-bb26-ea230783d833: start LeaderState
2019-09-25 04:50:45,904 [45f1801e-7cfd-420a-bb39-98f19dcc81c3@group-E8AEB34FB33B-SegmentedRaftLogWorker] INFO  impl.StateMachineUpdater (StateMachineUpdater.java:stopAndJoin(125)) - 45f1801e-7cfd-420a-bb39-98f19dcc81c3@group-E8AEB34FB33B-StateMachineUpdater: set stopIndex = -1
2019-09-25 04:50:45,625 [aabdae46-dcfa-45e6-b665-2c47bb305ebb@group-8AED9ABD7316-SegmentedRaftLogWorker] INFO  impl.PendingRequests (PendingRequests.java:sendNotLeaderResponses(202)) - aabdae46-dcfa-45e6-b665-2c47bb305ebb-PendingRequests: sendNotLeaderResponses
2019-09-25 04:50:45,624 [aabdae46-dcfa-45e6-b665-2c47bb305ebb@group-ED110974D17F-SegmentedRaftLogWorker] INFO  util.JmxRegister (JmxRegister.java:unregister(73)) - Successfully un-registered JMX Bean with object name Ratis:service=RaftServer,group=group-ED110974D17F,id=aabdae46-dcfa-45e6-b665-2c47bb305ebb
2019-09-25 04:50:45,624 [b40ef231-6505-402b-ae57-fc0dc67cbbe8@group-FFC5865DEC55-SegmentedRaftLogWorker] INFO  util.JmxRegister (JmxRegister.java:unregister(73)) - Successfully un-registered JMX Bean with object name Ratis:service=RaftServer,group=group-FFC5865DEC55,id=b40ef231-6505-402b-ae57-fc0dc67cbbe8
2019-09-25 04:50:45,905 [b40ef231-6505-402b-ae57-fc0dc67cbbe8@group-FFC5865DEC55-SegmentedRaftLogWorker] INFO  impl.RoleInfo (RoleInfo.java:shutdownLeaderState(104)) - b40ef231-6505-402b-ae57-fc0dc67cbbe8: shutdown LeaderState
2019-09-25 04:50:45,623 [c35819d4-86f4-4223-a458-676070fe0cbb@group-3AB11E98D61C-SegmentedRaftLogWorker] INFO  util.JmxRegister (JmxRegister.java:unregister(73)) - Successfully un-registered JMX Bean with object name Ratis:service=RaftServer,group=group-3AB11E98D61C,id=c35819d4-86f4-4223-a458-676070fe0cbb
2019-09-25 04:50:45,623 [4f7802c6-3418-4fbd-b0c6-a8e36fcecb0a@group-BCA7C703316B-SegmentedRaftLogWorker] INFO  impl.RaftServerImpl (RaftServerImpl.java:lambda$shutdown$3(251)) - 4f7802c6-3418-4fbd-b0c6-a8e36fcecb0a@group-BCA7C703316B: shutdown
2019-09-25 04:50:45,622 [9216b865-ce6b-4fb7-bc99-65479a86b6eb@group-D51CC7C69CA8:LeaderElection118] INFO  server.RaftServerConfigKeys (ConfUtils.java:logGet(43)) - raft.server.write.element-limit = 4096 (default)
2019-09-25 04:50:45,622 [45f1801e-7cfd-420a-bb39-98f19dcc81c3@group-5350E354539A-SegmentedRaftLogWorker] INFO  util.JmxRegister (JmxRegister.java:unregister(73)) - Successfully un-registered JMX Bean with object name Ratis:service=RaftServer,group=group-5350E354539A,id=45f1801e-7cfd-420a-bb39-98f19dcc81c3
2019-09-25 04:50:45,622 [b40ef231-6505-402b-ae57-fc0dc67cbbe8@group-ED8CE7F11753:LeaderElection117] INFO  server.RaftServerConfigKeys (ConfUtils.java:logGet(43)) - raft.server.rpc.sleep.time = 25ms (default)
2019-09-25 04:50:45,909 [b40ef231-6505-402b-ae57-fc0dc67cbbe8@group-ED8CE7F11753:LeaderElection117] INFO  server.RaftServerConfigKeys (ConfUtils.java:logGet(43)) - raft.server.write.element-limit = 4096 (default)
2019-09-25 04:50:45,621 [b40ef231-6505-402b-ae57-fc0dc67cbbe8@group-49F0F168AD2D:LeaderElection121] INFO  server.RaftServerConfigKeys (ConfUtils.java:logGet(43)) - raft.server.staging.catchup.gap = 1000 (default)
2019-09-25 04:50:45,621 [c35819d4-86f4-4223-a458-676070fe0cbb@group-5A281C16F5FF:LeaderElection124] INFO  impl.RaftServerImpl (RaftServerImpl.java:setRole(174)) - c35819d4-86f4-4223-a458-676070fe0cbb@group-5A281C16F5FF: changes role from CANDIDATE to LEADER at term 1 for changeToLeader
2019-09-25 04:50:45,909 [grpc-default-executor-2] INFO  impl.RaftServerProxy (RaftServerProxy.java:addNew(89)) - aabdae46-dcfa-45e6-b665-2c47bb305ebb: addNew group-240D96E10ED7:[c35819d4-86f4-4223-a458-676070fe0cbb:192.168.151.106:44434, aabdae46-dcfa-45e6-b665-2c47bb305ebb:192.168.151.106:41436, b40ef231-6505-402b-ae57-fc0dc67cbbe8:192.168.151.106:41861] returns group-240D96E10ED7:java.util.concurrent.CompletableFuture@6c4146c[Not completed]
2019-09-25 04:50:45,620 [c35819d4-86f4-4223-a458-676070fe0cbb@group-20315066096E-SegmentedRaftLogWorker] INFO  impl.RoleInfo (RoleInfo.java:shutdownLeaderState(104)) - c35819d4-86f4-4223-a458-676070fe0cbb: shutdown LeaderState
2019-09-25 04:50:45,620 [9216b865-ce6b-4fb7-bc99-65479a86b6eb@group-32910316964B-SegmentedRaftLogWorker] INFO  util.JmxRegister (JmxRegister.java:unregister(73)) - Successfully un-registered JMX Bean with object name Ratis:service=RaftServer,group=group-32910316964B,id=9216b865-ce6b-4fb7-bc99-65479a86b6eb
2019-09-25 04:50:45,909 [9216b865-ce6b-4fb7-bc99-65479a86b6eb@group-32910316964B-SegmentedRaftLogWorker] INFO  impl.RoleInfo (RoleInfo.java:shutdownLeaderState(104)) - 9216b865-ce6b-4fb7-bc99-65479a86b6eb: shutdown LeaderState
2019-09-25 04:50:45,620 [c35819d4-86f4-4223-a458-676070fe0cbb@group-10F783B4E55F-SegmentedRaftLogWorker] INFO  impl.RaftServerImpl (RaftServerImpl.java:lambda$shutdown$3(251)) - c35819d4-86f4-4223-a458-676070fe0cbb@group-10F783B4E55F: shutdown
2019-09-25 04:50:45,620 [45f1801e-7cfd-420a-bb39-98f19dcc81c3@group-FB03761141D6-SegmentedRaftLogWorker] INFO  impl.PendingRequests (PendingRequests.java:sendNotLeaderResponses(202)) - 45f1801e-7cfd-420a-bb39-98f19dcc81c3-PendingRequests: sendNotLeaderResponses
2019-09-25 04:50:45,619 [9216b865-ce6b-4fb7-bc99-65479a86b6eb@group-025EC75F677D-SegmentedRaftLogWorker] INFO  util.JmxRegister (JmxRegister.java:unregister(73)) - Successfully un-registered JMX Bean with object name Ratis:service=RaftServer,group=group-025EC75F677D,id=9216b865-ce6b-4fb7-bc99-65479a86b6eb
2019-09-25 04:50:45,619 [pool-37-thread-1] INFO  util.JmxRegister (JmxRegister.java:tryRegister(44)) - Successfully registered JMX Bean with object name Ratis:service=RaftServer,group=group-0029AD3A6AE4,id=b40ef231-6505-402b-ae57-fc0dc67cbbe8
2019-09-25 04:50:45,910 [pool-27-thread-1] INFO  impl.RaftServerImpl (RaftServerImpl.java:<init>(95)) - c35819d4-86f4-4223-a458-676070fe0cbb: new RaftServerImpl for group-240D96E10ED7:[c35819d4-86f4-4223-a458-676070fe0cbb:192.168.151.106:44434, aabdae46-dcfa-45e6-b665-2c47bb305ebb:192.168.151.106:41436, b40ef231-6505-402b-ae57-fc0dc67cbbe8:192.168.151.106:41861] with ContainerStateMachine:uninitialized
2019-09-25 04:50:45,619 [45f1801e-7cfd-420a-bb39-98f19dcc81c3@group-D9916A13DB6B:LeaderElection115] INFO  server.RaftServerConfigKeys (ConfUtils.java:logGet(43)) - raft.server.write.element-limit = 4096 (default)
2019-09-25 04:50:45,619 [aabdae46-dcfa-45e6-b665-2c47bb305ebb@group-550BD6E4FBD0-SegmentedRaftLogWorker] INFO  impl.RaftServerImpl (RaftServerImpl.java:lambda$shutdown$3(251)) - aabdae46-dcfa-45e6-b665-2c47bb305ebb@group-550BD6E4FBD0: shutdown
2019-09-25 04:50:45,618 [45f1801e-7cfd-420a-bb39-98f19dcc81c3@group-E913C43F8E9C:LeaderElection119] INFO  server.RaftServerConfigKeys (ConfUtils.java:logGet(43)) - raft.server.write.element-limit = 4096 (default)
2019-09-25 04:50:45,618 [aabdae46-dcfa-45e6-b665-2c47bb305ebb@group-97D52EA2DC36:LeaderElection116] INFO  server.RaftServerConfigKeys (ConfUtils.java:logGet(43)) - raft.server.write.element-limit = 4096 (default)
2019-09-25 04:50:45,618 [9216b865-ce6b-4fb7-bc99-65479a86b6eb@group-E0556B42A7D3-SegmentedRaftLogWorker] INFO  impl.RoleInfo (RoleInfo.java:shutdownLeaderState(104)) - 9216b865-ce6b-4fb7-bc99-65479a86b6eb: shutdown LeaderState
2019-09-25 04:50:45,618 [4f7802c6-3418-4fbd-b0c6-a8e36fcecb0a@group-98D2158B16EC-SegmentedRaftLogWorker] INFO  impl.PendingRequests (PendingRequests.java:sendNotLeaderResponses(202)) - 4f7802c6-3418-4fbd-b0c6-a8e36fcecb0a-PendingRequests: sendNotLeaderResponses
2019-09-25 04:50:45,618 [pool-47-thread-1] INFO  server.RaftServerConfigKeys (ConfUtils.java:logGet(43)) - raft.server.rpcslowness.timeout = 120s (custom)
2019-09-25 04:50:45,617 [b40ef231-6505-402b-ae57-fc0dc67cbbe8@group-D6CE7AA0887B-SegmentedRaftLogWorker] INFO  impl.PendingRequests (PendingRequests.java:sendNotLeaderResponses(202)) - b40ef231-6505-402b-ae57-fc0dc67cbbe8-PendingRequests: sendNotLeaderResponses
2019-09-25 04:50:45,617 [aabdae46-dcfa-45e6-b665-2c47bb305ebb@group-52955382E6A9-SegmentedRaftLogWorker] INFO  impl.RaftServerImpl (ServerState.java:close(385)) - aabdae46-dcfa-45e6-b665-2c47bb305ebb@group-52955382E6A9: closes. applyIndex: -1
2019-09-25 04:50:45,912 [pool-37-thread-1] INFO  impl.RaftServerImpl (RaftServerImpl.java:<init>(95)) - b40ef231-6505-402b-ae57-fc0dc67cbbe8: new RaftServerImpl for group-3FD18C2280E4:[a167ab1f-c96d-409e-bb26-ea230783d833:192.168.151.106:33404, aabdae46-dcfa-45e6-b665-2c47bb305ebb:192.168.151.106:41436, b40ef231-6505-402b-ae57-fc0dc67cbbe8:192.168.151.106:41861] with ContainerStateMachine:uninitialized
2019-09-25 04:50:45,617 [a167ab1f-c96d-409e-bb26-ea230783d833@group-5A2D35AE9F94-SegmentedRaftLogWorker] INFO  util.JmxRegister (JmxRegister.java:unregister(73)) - Successfully un-registered JMX Bean with object name Ratis:service=RaftServer,group=group-5A2D35AE9F94,id=a167ab1f-c96d-409e-bb26-ea230783d833
2019-09-25 04:50:45,912 [a167ab1f-c96d-409e-bb26-ea230783d833@group-5A2D35AE9F94-SegmentedRaftLogWorker] INFO  impl.RoleInfo (RoleInfo.java:shutdownLeaderState(104)) - a167ab1f-c96d-409e-bb26-ea230783d833: shutdown LeaderState
2019-09-25 04:50:45,617 [pool-67-thread-1] INFO  server.RaftServerConfigKeys (ConfUtils.java:logGet(43)) - raft.server.rpc.timeout.min = 5s (custom)
2019-09-25 04:50:45,912 [a167ab1f-c96d-409e-bb26-ea230783d833@group-5A2D35AE9F94-SegmentedRaftLogWorker] INFO  impl.PendingRequests (PendingRequests.java:sendNotLeaderResponses(202)) - a167ab1f-c96d-409e-bb26-ea230783d833-PendingRequests: sendNotLeaderResponses
2019-09-25 04:50:45,912 [pool-37-thread-1] INFO  server.RaftServerConfigKeys (ConfUtils.java:logGet(43)) - raft.server.rpc.timeout.min = 5s (custom)
2019-09-25 04:50:45,912 [aabdae46-dcfa-45e6-b665-2c47bb305ebb@group-52955382E6A9-SegmentedRaftLogWorker] INFO  segmented.SegmentedRaftLogWorker (SegmentedRaftLogWorker.java:close(228)) - aabdae46-dcfa-45e6-b665-2c47bb305ebb@group-52955382E6A9-SegmentedRaftLogWorker close()
2019-09-25 04:50:45,912 [b40ef231-6505-402b-ae57-fc0dc67cbbe8@group-D6CE7AA0887B-SegmentedRaftLogWorker] INFO  impl.StateMachineUpdater (StateMachineUpdater.java:stopAndJoin(125)) - b40ef231-6505-402b-ae57-fc0dc67cbbe8@group-D6CE7AA0887B-StateMachineUpdater: set stopIndex = -1
2019-09-25 04:50:45,912 [pool-47-thread-1] INFO  server.RaftServerConfigKeys (ConfUtils.java:logGet(43)) - raft.server.sleep.deviation.threshold = 300 (default)
2019-09-25 04:50:45,918 [pool-47-thread-1] INFO  server.RaftServerConfigKeys (ConfUtils.java:logGet(43)) - raft.server.log.appender.install.snapshot.enabled = false (custom)
2019-09-25 04:50:45,911 [4f7802c6-3418-4fbd-b0c6-a8e36fcecb0a@group-98D2158B16EC-SegmentedRaftLogWorker] INFO  impl.StateMachineUpdater (StateMachineUpdater.java:stopAndJoin(125)) - 4f7802c6-3418-4fbd-b0c6-a8e36fcecb0a@group-98D2158B16EC-StateMachineUpdater: set stopIndex = -1
2019-09-25 04:50:45,919 [4f7802c6-3418-4fbd-b0c6-a8e36fcecb0a@group-98D2158B16EC-SegmentedRaftLogWorker] INFO  impl.RaftServerImpl (ServerState.java:close(385)) - 4f7802c6-3418-4fbd-b0c6-a8e36fcecb0a@group-98D2158B16EC: closes. applyIndex: -1
2019-09-25 04:50:45,911 [9216b865-ce6b-4fb7-bc99-65479a86b6eb@group-E0556B42A7D3-SegmentedRaftLogWorker] INFO  impl.PendingRequests (PendingRequests.java:sendNotLeaderResponses(202)) - 9216b865-ce6b-4fb7-bc99-65479a86b6eb-PendingRequests: sendNotLeaderResponses
2019-09-25 04:50:45,911 [aabdae46-dcfa-45e6-b665-2c47bb305ebb@group-97D52EA2DC36:LeaderElection116] INFO  server.RaftServerConfigKeys (ConfUtils.java:logGet(43)) - raft.server.watch.timeout = 10s (default)
2019-09-25 04:50:45,911 [45f1801e-7cfd-420a-bb39-98f19dcc81c3@group-E913C43F8E9C:LeaderElection119] INFO  server.RaftServerConfigKeys (ConfUtils.java:logGet(43)) - raft.server.watch.timeout = 10s (default)
2019-09-25 04:50:45,919 [45f1801e-7cfd-420a-bb39-98f19dcc81c3@group-E913C43F8E9C:LeaderElection119] INFO  server.RaftServerConfigKeys (ConfUtils.java:logGet(43)) - raft.server.watch.timeout.denomination = 1s (default)
2019-09-25 04:50:45,911 [aabdae46-dcfa-45e6-b665-2c47bb305ebb@group-550BD6E4FBD0-SegmentedRaftLogWorker] INFO  util.JmxRegister (JmxRegister.java:unregister(73)) - Successfully un-registered JMX Bean with object name Ratis:service=RaftServer,group=group-550BD6E4FBD0,id=aabdae46-dcfa-45e6-b665-2c47bb305ebb
2019-09-25 04:50:45,920 [aabdae46-dcfa-45e6-b665-2c47bb305ebb@group-550BD6E4FBD0-SegmentedRaftLogWorker] INFO  impl.RoleInfo (RoleInfo.java:shutdownLeaderState(104)) - aabdae46-dcfa-45e6-b665-2c47bb305ebb: shutdown LeaderState
2019-09-25 04:50:45,911 [45f1801e-7cfd-420a-bb39-98f19dcc81c3@group-D9916A13DB6B:LeaderElection115] INFO  server.RaftServerConfigKeys (ConfUtils.java:logGet(43)) - raft.server.watch.timeout = 10s (default)
2019-09-25 04:50:45,910 [pool-27-thread-1] INFO  server.RaftServerConfigKeys (ConfUtils.java:logGet(43)) - raft.server.rpc.timeout.min = 5s (custom)
2019-09-25 04:50:45,920 [pool-27-thread-1] INFO  server.RaftServerConfigKeys (ConfUtils.java:logGet(43)) - raft.server.rpc.timeout.max = 5200ms (custom)
2019-09-25 04:50:45,910 [9216b865-ce6b-4fb7-bc99-65479a86b6eb@group-025EC75F677D-SegmentedRaftLogWorker] INFO  impl.RoleInfo (RoleInfo.java:shutdownLeaderState(104)) - 9216b865-ce6b-4fb7-bc99-65479a86b6eb: shutdown LeaderState
2019-09-25 04:50:45,910 [45f1801e-7cfd-420a-bb39-98f19dcc81c3@group-FB03761141D6-SegmentedRaftLogWorker] INFO  impl.StateMachineUpdater (StateMachineUpdater.java:stopAndJoin(125)) - 45f1801e-7cfd-420a-bb39-98f19dcc81c3@group-FB03761141D6-StateMachineUpdater: set stopIndex = -1
2019-09-25 04:50:45,910 [c35819d4-86f4-4223-a458-676070fe0cbb@group-10F783B4E55F-SegmentedRaftLogWorker] INFO  util.JmxRegister (JmxRegister.java:unregister(73)) - Successfully un-registered JMX Bean with object name Ratis:service=RaftServer,group=group-10F783B4E55F,id=c35819d4-86f4-4223-a458-676070fe0cbb
2019-09-25 04:50:45,910 [9216b865-ce6b-4fb7-bc99-65479a86b6eb@group-32910316964B-SegmentedRaftLogWorker] INFO  impl.PendingRequests (PendingRequests.java:sendNotLeaderResponses(202)) - 9216b865-ce6b-4fb7-bc99-65479a86b6eb-PendingRequests: sendNotLeaderResponses
2019-09-25 04:50:45,909 [c35819d4-86f4-4223-a458-676070fe0cbb@group-20315066096E-SegmentedRaftLogWorker] INFO  impl.PendingRequests (PendingRequests.java:sendNotLeaderResponses(202)) - c35819d4-86f4-4223-a458-676070fe0cbb-PendingRequests: sendNotLeaderResponses
2019-09-25 04:50:45,909 [grpc-default-executor-3] INFO  impl.RaftServerProxy (RaftServerProxy.java:addNew(89)) - c35819d4-86f4-4223-a458-676070fe0cbb: addNew group-240D96E10ED7:[c35819d4-86f4-4223-a458-676070fe0cbb:192.168.151.106:44434, aabdae46-dcfa-45e6-b665-2c47bb305ebb:192.168.151.106:41436, b40ef231-6505-402b-ae57-fc0dc67cbbe8:192.168.151.106:41861] returns group-240D96E10ED7:java.util.concurrent.CompletableFuture@765915f3[Not completed]
2019-09-25 04:50:45,909 [grpc-default-executor-0] INFO  impl.RaftServerProxy (RaftServerProxy.java:addNew(89)) - b40ef231-6505-402b-ae57-fc0dc67cbbe8: addNew group-240D96E10ED7:[c35819d4-86f4-4223-a458-676070fe0cbb:192.168.151.106:44434, aabdae46-dcfa-45e6-b665-2c47bb305ebb:192.168.151.106:41436, b40ef231-6505-402b-ae57-fc0dc67cbbe8:192.168.151.106:41861] returns group-240D96E10ED7:java.util.concurrent.CompletableFuture@1900c60a[Not completed]
2019-09-25 04:50:45,909 [c35819d4-86f4-4223-a458-676070fe0cbb@group-5A281C16F5FF:LeaderElection124] INFO  impl.RaftServerImpl (ServerState.java:setLeader(253)) - c35819d4-86f4-4223-a458-676070fe0cbb@group-5A281C16F5FF: change Leader from null to c35819d4-86f4-4223-a458-676070fe0cbb at term 1 for becomeLeader, leader elected after 16521ms
2019-09-25 04:50:45,909 [b40ef231-6505-402b-ae57-fc0dc67cbbe8@group-49F0F168AD2D:LeaderElection121] INFO  server.RaftServerConfigKeys (ConfUtils.java:logGet(43)) - raft.server.rpc.sleep.time = 25ms (default)
2019-09-25 04:50:45,909 [b40ef231-6505-402b-ae57-fc0dc67cbbe8@group-ED8CE7F11753:LeaderElection117] INFO  server.RaftServerConfigKeys (ConfUtils.java:logGet(43)) - raft.server.watch.timeout = 10s (default)
2019-09-25 04:50:45,922 [b40ef231-6505-402b-ae57-fc0dc67cbbe8@group-ED8CE7F11753:LeaderElection117] INFO  server.RaftServerConfigKeys (ConfUtils.java:logGet(43)) - raft.server.watch.timeout.denomination = 1s (default)
2019-09-25 04:50:45,908 [45f1801e-7cfd-420a-bb39-98f19dcc81c3@group-5350E354539A-SegmentedRaftLogWorker] INFO  impl.RoleInfo (RoleInfo.java:shutdownLeaderState(104)) - 45f1801e-7cfd-420a-bb39-98f19dcc81c3: shutdown LeaderState
2019-09-25 04:50:45,908 [9216b865-ce6b-4fb7-bc99-65479a86b6eb@group-D51CC7C69CA8:LeaderElection118] INFO  server.RaftServerConfigKeys (ConfUtils.java:logGet(43)) - raft.server.watch.timeout = 10s (default)
2019-09-25 04:50:45,922 [9216b865-ce6b-4fb7-bc99-65479a86b6eb@group-D51CC7C69CA8:LeaderElection118] INFO  server.RaftServerConfigKeys (ConfUtils.java:logGet(43)) - raft.server.watch.timeout.denomination = 1s (default)
2019-09-25 04:50:45,908 [4f7802c6-3418-4fbd-b0c6-a8e36fcecb0a@group-BCA7C703316B-SegmentedRaftLogWorker] INFO  util.JmxRegister (JmxRegister.java:unregister(73)) - Successfully un-registered JMX Bean with object name Ratis:service=RaftServer,group=group-BCA7C703316B,id=4f7802c6-3418-4fbd-b0c6-a8e36fcecb0a
2019-09-25 04:50:45,922 [4f7802c6-3418-4fbd-b0c6-a8e36fcecb0a@group-BCA7C703316B-SegmentedRaftLogWorker] INFO  impl.RoleInfo (RoleInfo.java:shutdownLeaderState(104)) - 4f7802c6-3418-4fbd-b0c6-a8e36fcecb0a: shutdown LeaderState
2019-09-25 04:50:45,905 [c35819d4-86f4-4223-a458-676070fe0cbb@group-3AB11E98D61C-SegmentedRaftLogWorker] INFO  impl.RoleInfo (RoleInfo.java:shutdownLeaderState(104)) - c35819d4-86f4-4223-a458-676070fe0cbb: shutdown LeaderState
2019-09-25 04:50:45,905 [b40ef231-6505-402b-ae57-fc0dc67cbbe8@group-FFC5865DEC55-SegmentedRaftLogWorker] INFO  impl.PendingRequests (PendingRequests.java:sendNotLeaderResponses(202)) - b40ef231-6505-402b-ae57-fc0dc67cbbe8-PendingRequests: sendNotLeaderResponses
2019-09-25 04:50:45,905 [aabdae46-dcfa-45e6-b665-2c47bb305ebb@group-ED110974D17F-SegmentedRaftLogWorker] INFO  impl.RoleInfo (RoleInfo.java:shutdownLeaderState(104)) - aabdae46-dcfa-45e6-b665-2c47bb305ebb: shutdown LeaderState
2019-09-25 04:50:45,905 [45f1801e-7cfd-420a-bb39-98f19dcc81c3@group-E8AEB34FB33B-SegmentedRaftLogWorker] INFO  impl.RaftServerImpl (ServerState.java:close(385)) - 45f1801e-7cfd-420a-bb39-98f19dcc81c3@group-E8AEB34FB33B: closes. applyIndex: -1
2019-09-25 04:50:45,905 [aabdae46-dcfa-45e6-b665-2c47bb305ebb@group-8AED9ABD7316-SegmentedRaftLogWorker] INFO  impl.StateMachineUpdater (StateMachineUpdater.java:stopAndJoin(125)) - aabdae46-dcfa-45e6-b665-2c47bb305ebb@group-8AED9ABD7316-StateMachineUpdater: set stopIndex = -1
2019-09-25 04:50:45,923 [aabdae46-dcfa-45e6-b665-2c47bb305ebb@group-8AED9ABD7316-SegmentedRaftLogWorker] INFO  impl.RaftServerImpl (ServerState.java:close(385)) - aabdae46-dcfa-45e6-b665-2c47bb305ebb@group-8AED9ABD7316: closes. applyIndex: -1
2019-09-25 04:50:45,904 [a167ab1f-c96d-409e-bb26-ea230783d833@group-8777D69019BB:LeaderElection108] INFO  segmented.SegmentedRaftLogWorker (SegmentedRaftLogWorker.java:startLogSegment(380)) - a167ab1f-c96d-409e-bb26-ea230783d833@group-8777D69019BB-SegmentedRaftLogWorker: Starting segment from index:0
2019-09-25 04:50:45,904 [aabdae46-dcfa-45e6-b665-2c47bb305ebb@group-1B4FC63C22D2:LeaderElection122] INFO  server.RaftServerConfigKeys (ConfUtils.java:logGet(43)) - raft.server.rpc.sleep.time = 25ms (default)
2019-09-25 04:50:45,901 [45f1801e-7cfd-420a-bb39-98f19dcc81c3@group-09867BC18A06:LeaderElection120] INFO  server.RaftServerConfigKeys (ConfUtils.java:logGet(43)) - raft.server.staging.catchup.gap = 1000 (default)
2019-09-25 04:50:45,924 [a167ab1f-c96d-409e-bb26-ea230783d833@group-8777D69019BB:LeaderElection108] INFO  impl.RaftServerImpl (ServerState.java:setRaftConf(354)) - a167ab1f-c96d-409e-bb26-ea230783d833@group-8777D69019BB: set configuration 0: [a167ab1f-c96d-409e-bb26-ea230783d833:192.168.151.106:33404], old=null at 0
2019-09-25 04:50:45,898 [aabdae46-dcfa-45e6-b665-2c47bb305ebb@group-92A9DF878687-SegmentedRaftLogWorker] INFO  segmented.SegmentedRaftLogWorker (SegmentedRaftLogWorker.java:close(228)) - aabdae46-dcfa-45e6-b665-2c47bb305ebb@group-92A9DF878687-SegmentedRaftLogWorker close()
2019-09-25 04:50:45,897 [45f1801e-7cfd-420a-bb39-98f19dcc81c3@group-BEE59315A377-SegmentedRaftLogWorker] INFO  impl.PendingRequests (PendingRequests.java:sendNotLeaderResponses(202)) - 45f1801e-7cfd-420a-bb39-98f19dcc81c3-PendingRequests: sendNotLeaderResponses
2019-09-25 04:50:45,897 [9216b865-ce6b-4fb7-bc99-65479a86b6eb@group-F7043FA7C853-SegmentedRaftLogWorker] INFO  impl.RoleInfo (RoleInfo.java:shutdownLeaderState(104)) - 9216b865-ce6b-4fb7-bc99-65479a86b6eb: shutdown LeaderState
2019-09-25 04:50:45,897 [aabdae46-dcfa-45e6-b665-2c47bb305ebb@group-96726BA217A5:LeaderElection123] INFO  impl.RaftServerImpl (ServerState.java:setLeader(253)) - aabdae46-dcfa-45e6-b665-2c47bb305ebb@group-96726BA217A5: change Leader from null to aabdae46-dcfa-45e6-b665-2c47bb305ebb at term 1 for becomeLeader, leader elected after 16464ms
2019-09-25 04:50:45,897 [9216b865-ce6b-4fb7-bc99-65479a86b6eb@group-8A882E087A7F-SegmentedRaftLogWorker] INFO  impl.StateMachineUpdater (StateMachineUpdater.java:stopAndJoin(125)) - 9216b865-ce6b-4fb7-bc99-65479a86b6eb@group-8A882E087A7F-StateMachineUpdater: set stopIndex = -1
2019-09-25 04:50:46,189 [9216b865-ce6b-4fb7-bc99-65479a86b6eb@group-8A882E087A7F-SegmentedRaftLogWorker] INFO  impl.RaftServerImpl (ServerState.java:close(385)) - 9216b865-ce6b-4fb7-bc99-65479a86b6eb@group-8A882E087A7F: closes. applyIndex: -1
2019-09-25 04:50:45,897 [a167ab1f-c96d-409e-bb26-ea230783d833@group-B5C234A72D45:LeaderElection110] INFO  server.RaftServerConfigKeys (ConfUtils.java:logGet(43)) - raft.server.write.element-limit = 4096 (default)
2019-09-25 04:50:45,897 [4f7802c6-3418-4fbd-b0c6-a8e36fcecb0a@group-5FE33B0916CC:LeaderElection114] INFO  server.RaftServerConfigKeys (ConfUtils.java:logGet(43)) - raft.server.rpc.sleep.time = 25ms (default)
2019-09-25 04:50:45,896 [4f7802c6-3418-4fbd-b0c6-a8e36fcecb0a@group-C31AE2B01B96:LeaderElection112] INFO  server.RaftServerConfigKeys (ConfUtils.java:logGet(43)) - raft.server.rpc.sleep.time = 25ms (default)
2019-09-25 04:50:45,896 [b40ef231-6505-402b-ae57-fc0dc67cbbe8@group-9FCF459108F2-SegmentedRaftLogWorker] INFO  impl.PendingRequests (PendingRequests.java:sendNotLeaderResponses(202)) - b40ef231-6505-402b-ae57-fc0dc67cbbe8-PendingRequests: sendNotLeaderResponses
2019-09-25 04:50:45,893 [4f7802c6-3418-4fbd-b0c6-a8e36fcecb0a@group-AC4628CB5F93-SegmentedRaftLogWorker] INFO  impl.PendingRequests (PendingRequests.java:sendNotLeaderResponses(202)) - 4f7802c6-3418-4fbd-b0c6-a8e36fcecb0a-PendingRequests: sendNotLeaderResponses
2019-09-25 04:50:46,190 [b40ef231-6505-402b-ae57-fc0dc67cbbe8@group-9FCF459108F2-SegmentedRaftLogWorker] INFO  impl.StateMachineUpdater (StateMachineUpdater.java:stopAndJoin(125)) - b40ef231-6505-402b-ae57-fc0dc67cbbe8@group-9FCF459108F2-StateMachineUpdater: set stopIndex = -1
2019-09-25 04:50:45,883 [45f1801e-7cfd-420a-bb39-98f19dcc81c3@group-8B7976911715-SegmentedRaftLogWorker] INFO  impl.PendingRequests (PendingRequests.java:sendNotLeaderResponses(202)) - 45f1801e-7cfd-420a-bb39-98f19dcc81c3-PendingRequests: sendNotLeaderResponses
2019-09-25 04:50:45,882 [b40ef231-6505-402b-ae57-fc0dc67cbbe8@group-85E054ECDDC5:LeaderElection111] INFO  server.RaftServerConfigKeys (ConfUtils.java:logGet(43)) - raft.server.rpc.sleep.time = 25ms (default)
2019-09-25 04:50:45,882 [c35819d4-86f4-4223-a458-676070fe0cbb@group-4BB83B81EC9E-SegmentedRaftLogWorker] INFO  impl.PendingRequests (PendingRequests.java:sendNotLeaderResponses(202)) - c35819d4-86f4-4223-a458-676070fe0cbb-PendingRequests: sendNotLeaderResponses
2019-09-25 04:50:45,882 [a167ab1f-c96d-409e-bb26-ea230783d833@group-7F580B529A80-SegmentedRaftLogWorker] INFO  impl.RaftServerImpl (RaftServerImpl.java:lambda$shutdown$3(251)) - a167ab1f-c96d-409e-bb26-ea230783d833@group-7F580B529A80: shutdown
2019-09-25 04:50:45,881 [a167ab1f-c96d-409e-bb26-ea230783d833@group-0DBE9B28DA20:LeaderElection125] INFO  impl.RoleInfo (RoleInfo.java:shutdownLeaderElection(134)) - a167ab1f-c96d-409e-bb26-ea230783d833: shutdown LeaderElection
2019-09-25 04:50:45,881 [9216b865-ce6b-4fb7-bc99-65479a86b6eb@group-4CF16EF24DD7:LeaderElection109] INFO  server.RaftServerConfigKeys (ConfUtils.java:logGet(43)) - raft.server.watch.timeout = 10s (default)
2019-09-25 04:50:45,880 [a167ab1f-c96d-409e-bb26-ea230783d833@group-B4FD14FF07AB:LeaderElection113] INFO  server.RaftServerConfigKeys (ConfUtils.java:logGet(43)) - raft.server.staging.catchup.gap = 1000 (default)
2019-09-25 04:50:46,191 [9216b865-ce6b-4fb7-bc99-65479a86b6eb@group-4CF16EF24DD7:LeaderElection109] INFO  server.RaftServerConfigKeys (ConfUtils.java:logGet(43)) - raft.server.watch.timeout.denomination = 1s (default)
2019-09-25 04:50:46,191 [a167ab1f-c96d-409e-bb26-ea230783d833@group-0DBE9B28DA20:LeaderElection125] INFO  impl.RaftServerImpl (RaftServerImpl.java:setRole(174)) - a167ab1f-c96d-409e-bb26-ea230783d833@group-0DBE9B28DA20: changes role from CANDIDATE to LEADER at term 1 for changeToLeader
2019-09-25 04:50:46,191 [a167ab1f-c96d-409e-bb26-ea230783d833@group-7F580B529A80-SegmentedRaftLogWorker] INFO  util.JmxRegister (JmxRegister.java:unregister(73)) - Successfully un-registered JMX Bean with object name Ratis:service=RaftServer,group=group-7F580B529A80,id=a167ab1f-c96d-409e-bb26-ea230783d833
2019-09-25 04:50:46,192 [a167ab1f-c96d-409e-bb26-ea230783d833@group-7F580B529A80-SegmentedRaftLogWorker] INFO  impl.RoleInfo (RoleInfo.java:shutdownLeaderState(104)) - a167ab1f-c96d-409e-bb26-ea230783d833: shutdown LeaderState
2019-09-25 04:50:46,191 [c35819d4-86f4-4223-a458-676070fe0cbb@group-4BB83B81EC9E-SegmentedRaftLogWorker] INFO  impl.StateMachineUpdater (StateMachineUpdater.java:stopAndJoin(125)) - c35819d4-86f4-4223-a458-676070fe0cbb@group-4BB83B81EC9E-StateMachineUpdater: set stopIndex = -1
2019-09-25 04:50:46,192 [c35819d4-86f4-4223-a458-676070fe0cbb@group-4BB83B81EC9E-SegmentedRaftLogWorker] INFO  impl.RaftServerImpl (ServerState.java:close(385)) - c35819d4-86f4-4223-a458-676070fe0cbb@group-4BB83B81EC9E: closes. applyIndex: -1
2019-09-25 04:50:46,191 [b40ef231-6505-402b-ae57-fc0dc67cbbe8@group-85E054ECDDC5:LeaderElection111] INFO  server.RaftServerConfigKeys (ConfUtils.java:logGet(43)) - raft.server.write.element-limit = 4096 (default)
2019-09-25 04:50:46,192 [b40ef231-6505-402b-ae57-fc0dc67cbbe8@group-85E054ECDDC5:LeaderElection111] INFO  server.RaftServerConfigKeys (ConfUtils.java:logGet(43)) - raft.server.watch.timeout = 10s (default)
2019-09-25 04:50:46,190 [45f1801e-7cfd-420a-bb39-98f19dcc81c3@group-8B7976911715-SegmentedRaftLogWorker] INFO  impl.StateMachineUpdater (StateMachineUpdater.java:stopAndJoin(125)) - 45f1801e-7cfd-420a-bb39-98f19dcc81c3@group-8B7976911715-StateMachineUpdater: set stopIndex = -1
2019-09-25 04:50:46,193 [45f1801e-7cfd-420a-bb39-98f19dcc81c3@group-8B7976911715-SegmentedRaftLogWorker] INFO  impl.RaftServerImpl (ServerState.java:close(385)) - 45f1801e-7cfd-420a-bb39-98f19dcc81c3@group-8B7976911715: closes. applyIndex: -1
2019-09-25 04:50:46,190 [b40ef231-6505-402b-ae57-fc0dc67cbbe8@group-9FCF459108F2-SegmentedRaftLogWorker] INFO  impl.RaftServerImpl (ServerState.java:close(385)) - b40ef231-6505-402b-ae57-fc0dc67cbbe8@group-9FCF459108F2: closes. applyIndex: -1
2019-09-25 04:50:46,190 [4f7802c6-3418-4fbd-b0c6-a8e36fcecb0a@group-AC4628CB5F93-SegmentedRaftLogWorker] INFO  impl.StateMachineUpdater (StateMachineUpdater.java:stopAndJoin(125)) - 4f7802c6-3418-4fbd-b0c6-a8e36fcecb0a@group-AC4628CB5F93-StateMachineUpdater: set stopIndex = -1
2019-09-25 04:50:46,193 [4f7802c6-3418-4fbd-b0c6-a8e36fcecb0a@group-AC4628CB5F93-SegmentedRaftLogWorker] INFO  impl.RaftServerImpl (ServerState.java:close(385)) - 4f7802c6-3418-4fbd-b0c6-a8e36fcecb0a@group-AC4628CB5F93: closes. applyIndex: -1
2019-09-25 04:50:46,190 [4f7802c6-3418-4fbd-b0c6-a8e36fcecb0a@group-C31AE2B01B96:LeaderElection112] INFO  server.RaftServerConfigKeys (ConfUtils.java:logGet(43)) - raft.server.write.element-limit = 4096 (default)
2019-09-25 04:50:46,190 [4f7802c6-3418-4fbd-b0c6-a8e36fcecb0a@group-5FE33B0916CC:LeaderElection114] INFO  server.RaftServerConfigKeys (ConfUtils.java:logGet(43)) - raft.server.write.element-limit = 4096 (default)
2019-09-25 04:50:46,189 [a167ab1f-c96d-409e-bb26-ea230783d833@group-B5C234A72D45:LeaderElection110] INFO  server.RaftServerConfigKeys (ConfUtils.java:logGet(43)) - raft.server.watch.timeout = 10s (default)
2019-09-25 04:50:46,194 [a167ab1f-c96d-409e-bb26-ea230783d833@group-B5C234A72D45:LeaderElection110] INFO  server.RaftServerConfigKeys (ConfUtils.java:logGet(43)) - raft.server.watch.timeout.denomination = 1s (default)
2019-09-25 04:50:46,189 [9216b865-ce6b-4fb7-bc99-65479a86b6eb@group-8A882E087A7F-SegmentedRaftLogWorker] INFO  segmented.SegmentedRaftLogWorker (SegmentedRaftLogWorker.java:close(228)) - 9216b865-ce6b-4fb7-bc99-65479a86b6eb@group-8A882E087A7F-SegmentedRaftLogWorker close()
2019-09-25 04:50:46,189 [aabdae46-dcfa-45e6-b665-2c47bb305ebb@group-96726BA217A5:LeaderElection123] INFO  server.RaftServerConfigKeys (ConfUtils.java:logGet(43)) - raft.server.staging.catchup.gap = 1000 (default)
2019-09-25 04:50:46,198 [aabdae46-dcfa-45e6-b665-2c47bb305ebb@group-96726BA217A5:LeaderElection123] INFO  server.RaftServerConfigKeys (ConfUtils.java:logGet(43)) - raft.server.rpc.sleep.time = 25ms (default)
2019-09-25 04:50:46,189 [45f1801e-7cfd-420a-bb39-98f19dcc81c3@group-BEE59315A377-SegmentedRaftLogWorker] INFO  impl.StateMachineUpdater (StateMachineUpdater.java:stopAndJoin(125)) - 45f1801e-7cfd-420a-bb39-98f19dcc81c3@group-BEE59315A377-StateMachineUpdater: set stopIndex = -1
2019-09-25 04:50:46,189 [9216b865-ce6b-4fb7-bc99-65479a86b6eb@group-F7043FA7C853-SegmentedRaftLogWorker] INFO  impl.PendingRequests (PendingRequests.java:sendNotLeaderResponses(202)) - 9216b865-ce6b-4fb7-bc99-65479a86b6eb-PendingRequests: sendNotLeaderResponses
2019-09-25 04:50:46,181 [45f1801e-7cfd-420a-bb39-98f19dcc81c3@group-09867BC18A06:LeaderElection120] INFO  server.RaftServerConfigKeys (ConfUtils.java:logGet(43)) - raft.server.rpc.sleep.time = 25ms (default)
2019-09-25 04:50:46,174 [9216b865-ce6b-4fb7-bc99-65479a86b6eb@group-D6395173AEA9-SegmentedRaftLogWorker] ERROR segmented.SegmentedRaftLogWorker (SegmentedRaftLogWorker.java:run(323)) - 9216b865-ce6b-4fb7-bc99-65479a86b6eb@group-D6395173AEA9-SegmentedRaftLogWorker hit exception
java.lang.OutOfMemoryError: Direct buffer memory
	at java.nio.Bits.reserveMemory(Bits.java:666)
	at java.nio.DirectByteBuffer.<init>(DirectByteBuffer.java:123)
	at java.nio.ByteBuffer.allocateDirect(ByteBuffer.java:311)
	at org.apache.ratis.server.raftlog.segmented.BufferedWriteChannel.<init>(BufferedWriteChannel.java:41)
	at org.apache.ratis.server.raftlog.segmented.SegmentedRaftLogOutputStream.<init>(SegmentedRaftLogOutputStream.java:72)
	at org.apache.ratis.server.raftlog.segmented.SegmentedRaftLogWorker$StartLogSegment.execute(SegmentedRaftLogWorker.java:566)
	at org.apache.ratis.server.raftlog.segmented.SegmentedRaftLogWorker.run(SegmentedRaftLogWorker.java:289)
	at java.lang.Thread.run(Thread.java:748)
2019-09-25 04:50:46,174 [aabdae46-dcfa-45e6-b665-2c47bb305ebb@group-AC95CF6AEBCA-SegmentedRaftLogWorker] ERROR segmented.SegmentedRaftLogWorker (SegmentedRaftLogWorker.java:run(323)) - aabdae46-dcfa-45e6-b665-2c47bb305ebb@group-AC95CF6AEBCA-SegmentedRaftLogWorker hit exception
java.lang.OutOfMemoryError: Direct buffer memory
	at java.nio.Bits.reserveMemory(Bits.java:666)
	at java.nio.DirectByteBuffer.<init>(DirectByteBuffer.java:123)
	at java.nio.ByteBuffer.allocateDirect(ByteBuffer.java:311)
	at org.apache.ratis.server.raftlog.segmented.BufferedWriteChannel.<init>(BufferedWriteChannel.java:41)
	at org.apache.ratis.server.raftlog.segmented.SegmentedRaftLogOutputStream.<init>(SegmentedRaftLogOutputStream.java:72)
	at org.apache.ratis.server.raftlog.segmented.SegmentedRaftLogWorker$StartLogSegment.execute(SegmentedRaftLogWorker.java:566)
	at org.apache.ratis.server.raftlog.segmented.SegmentedRaftLogWorker.run(SegmentedRaftLogWorker.java:289)
	at java.lang.Thread.run(Thread.java:748)
2019-09-25 04:50:45,924 [aabdae46-dcfa-45e6-b665-2c47bb305ebb@group-1B4FC63C22D2:LeaderElection122] INFO  server.RaftServerConfigKeys (ConfUtils.java:logGet(43)) - raft.server.write.element-limit = 4096 (default)
2019-09-25 04:50:45,923 [aabdae46-dcfa-45e6-b665-2c47bb305ebb@group-8AED9ABD7316-SegmentedRaftLogWorker] INFO  segmented.SegmentedRaftLogWorker (SegmentedRaftLogWorker.java:close(228)) - aabdae46-dcfa-45e6-b665-2c47bb305ebb@group-8AED9ABD7316-SegmentedRaftLogWorker close()
2019-09-25 04:50:45,923 [45f1801e-7cfd-420a-bb39-98f19dcc81c3@group-E8AEB34FB33B-SegmentedRaftLogWorker] INFO  segmented.SegmentedRaftLogWorker (SegmentedRaftLogWorker.java:close(228)) - 45f1801e-7cfd-420a-bb39-98f19dcc81c3@group-E8AEB34FB33B-SegmentedRaftLogWorker close()
2019-09-25 04:50:45,923 [aabdae46-dcfa-45e6-b665-2c47bb305ebb@group-ED110974D17F-SegmentedRaftLogWorker] INFO  impl.PendingRequests (PendingRequests.java:sendNotLeaderResponses(202)) - aabdae46-dcfa-45e6-b665-2c47bb305ebb-PendingRequests: sendNotLeaderResponses
2019-09-25 04:50:45,923 [b40ef231-6505-402b-ae57-fc0dc67cbbe8@group-FFC5865DEC55-SegmentedRaftLogWorker] INFO  impl.StateMachineUpdater (StateMachineUpdater.java:stopAndJoin(125)) - b40ef231-6505-402b-ae57-fc0dc67cbbe8@group-FFC5865DEC55-StateMachineUpdater: set stopIndex = -1
2019-09-25 04:50:46,209 [b40ef231-6505-402b-ae57-fc0dc67cbbe8@group-FFC5865DEC55-SegmentedRaftLogWorker] INFO  impl.RaftServerImpl (ServerState.java:close(385)) - b40ef231-6505-402b-ae57-fc0dc67cbbe8@group-FFC5865DEC55: closes. applyIndex: -1
2019-09-25 04:50:45,923 [c35819d4-86f4-4223-a458-676070fe0cbb@group-3AB11E98D61C-SegmentedRaftLogWorker] INFO  impl.PendingRequests (PendingRequests.java:sendNotLeaderResponses(202)) - c35819d4-86f4-4223-a458-676070fe0cbb-PendingRequests: sendNotLeaderResponses
2019-09-25 04:50:45,923 [4f7802c6-3418-4fbd-b0c6-a8e36fcecb0a@group-BCA7C703316B-SegmentedRaftLogWorker] INFO  impl.PendingRequests (PendingRequests.java:sendNotLeaderResponses(202)) - 4f7802c6-3418-4fbd-b0c6-a8e36fcecb0a-PendingRequests: sendNotLeaderResponses
2019-09-25 04:50:45,922 [9216b865-ce6b-4fb7-bc99-65479a86b6eb@group-D51CC7C69CA8:LeaderElection118] INFO  server.RaftServerConfigKeys (ConfUtils.java:logGet(43)) - raft.server.watch.element-limit = 65536 (default)
2019-09-25 04:50:45,922 [45f1801e-7cfd-420a-bb39-98f19dcc81c3@group-5350E354539A-SegmentedRaftLogWorker] INFO  impl.PendingRequests (PendingRequests.java:sendNotLeaderResponses(202)) - 45f1801e-7cfd-420a-bb39-98f19dcc81c3-PendingRequests: sendNotLeaderResponses
2019-09-25 04:50:45,922 [b40ef231-6505-402b-ae57-fc0dc67cbbe8@group-ED8CE7F11753:LeaderElection117] INFO  server.RaftServerConfigKeys (ConfUtils.java:logGet(43)) - raft.server.watch.element-limit = 65536 (default)
2019-09-25 04:50:45,922 [b40ef231-6505-402b-ae57-fc0dc67cbbe8@group-49F0F168AD2D:LeaderElection121] INFO  server.RaftServerConfigKeys (ConfUtils.java:logGet(43)) - raft.server.write.element-limit = 4096 (default)
2019-09-25 04:50:45,921 [c35819d4-86f4-4223-a458-676070fe0cbb@group-5A281C16F5FF:LeaderElection124] INFO  server.RaftServerConfigKeys (ConfUtils.java:logGet(43)) - raft.server.staging.catchup.gap = 1000 (default)
2019-09-25 04:50:45,921 [c35819d4-86f4-4223-a458-676070fe0cbb@group-20315066096E-SegmentedRaftLogWorker] INFO  impl.StateMachineUpdater (StateMachineUpdater.java:stopAndJoin(125)) - c35819d4-86f4-4223-a458-676070fe0cbb@group-20315066096E-StateMachineUpdater: set stopIndex = -1
2019-09-25 04:50:46,211 [c35819d4-86f4-4223-a458-676070fe0cbb@group-20315066096E-SegmentedRaftLogWorker] INFO  impl.RaftServerImpl (ServerState.java:close(385)) - c35819d4-86f4-4223-a458-676070fe0cbb@group-20315066096E: closes. applyIndex: -1
2019-09-25 04:50:45,921 [9216b865-ce6b-4fb7-bc99-65479a86b6eb@group-32910316964B-SegmentedRaftLogWorker] INFO  impl.StateMachineUpdater (StateMachineUpdater.java:stopAndJoin(125)) - 9216b865-ce6b-4fb7-bc99-65479a86b6eb@group-32910316964B-StateMachineUpdater: set stopIndex = -1
2019-09-25 04:50:46,211 [9216b865-ce6b-4fb7-bc99-65479a86b6eb@group-32910316964B-SegmentedRaftLogWorker] INFO  impl.RaftServerImpl (ServerState.java:close(385)) - 9216b865-ce6b-4fb7-bc99-65479a86b6eb@group-32910316964B: closes. applyIndex: -1
2019-09-25 04:50:45,921 [c35819d4-86f4-4223-a458-676070fe0cbb@group-10F783B4E55F-SegmentedRaftLogWorker] INFO  impl.RoleInfo (RoleInfo.java:shutdownLeaderState(104)) - c35819d4-86f4-4223-a458-676070fe0cbb: shutdown LeaderState
2019-09-25 04:50:45,920 [45f1801e-7cfd-420a-bb39-98f19dcc81c3@group-FB03761141D6-SegmentedRaftLogWorker] INFO  impl.RaftServerImpl (ServerState.java:close(385)) - 45f1801e-7cfd-420a-bb39-98f19dcc81c3@group-FB03761141D6: closes. applyIndex: -1
2019-09-25 04:50:45,920 [9216b865-ce6b-4fb7-bc99-65479a86b6eb@group-025EC75F677D-SegmentedRaftLogWorker] INFO  impl.PendingRequests (PendingRequests.java:sendNotLeaderResponses(202)) - 9216b865-ce6b-4fb7-bc99-65479a86b6eb-PendingRequests: sendNotLeaderResponses
2019-09-25 04:50:45,920 [pool-27-thread-1] INFO  server.RaftServerConfigKeys (ConfUtils.java:logGet(43)) - raft.server.rpcslowness.timeout = 120s (custom)
2019-09-25 04:50:46,212 [pool-27-thread-1] INFO  server.RaftServerConfigKeys (ConfUtils.java:logGet(43)) - raft.server.sleep.deviation.threshold = 300 (default)
2019-09-25 04:50:45,920 [45f1801e-7cfd-420a-bb39-98f19dcc81c3@group-D9916A13DB6B:LeaderElection115] INFO  server.RaftServerConfigKeys (ConfUtils.java:logGet(43)) - raft.server.watch.timeout.denomination = 1s (default)
2019-09-25 04:50:46,213 [45f1801e-7cfd-420a-bb39-98f19dcc81c3@group-D9916A13DB6B:LeaderElection115] INFO  server.RaftServerConfigKeys (ConfUtils.java:logGet(43)) - raft.server.watch.element-limit = 65536 (default)
2019-09-25 04:50:45,920 [aabdae46-dcfa-45e6-b665-2c47bb305ebb@group-550BD6E4FBD0-SegmentedRaftLogWorker] INFO  impl.PendingRequests (PendingRequests.java:sendNotLeaderResponses(202)) - aabdae46-dcfa-45e6-b665-2c47bb305ebb-PendingRequests: sendNotLeaderResponses
2019-09-25 04:50:46,213 [9216b865-ce6b-4fb7-bc99-65479a86b6eb@group-D51CC7C69CA8:LeaderElection118] INFO  impl.RoleInfo (RoleInfo.java:updateAndGet(143)) - 9216b865-ce6b-4fb7-bc99-65479a86b6eb: start LeaderState
2019-09-25 04:50:45,919 [45f1801e-7cfd-420a-bb39-98f19dcc81c3@group-E913C43F8E9C:LeaderElection119] INFO  server.RaftServerConfigKeys (ConfUtils.java:logGet(43)) - raft.server.watch.element-limit = 65536 (default)
2019-09-25 04:50:45,919 [aabdae46-dcfa-45e6-b665-2c47bb305ebb@group-97D52EA2DC36:LeaderElection116] INFO  server.RaftServerConfigKeys (ConfUtils.java:logGet(43)) - raft.server.watch.timeout.denomination = 1s (default)
2019-09-25 04:50:45,919 [9216b865-ce6b-4fb7-bc99-65479a86b6eb@group-E0556B42A7D3-SegmentedRaftLogWorker] INFO  impl.StateMachineUpdater (StateMachineUpdater.java:stopAndJoin(125)) - 9216b865-ce6b-4fb7-bc99-65479a86b6eb@group-E0556B42A7D3-StateMachineUpdater: set stopIndex = -1
2019-09-25 04:50:45,919 [4f7802c6-3418-4fbd-b0c6-a8e36fcecb0a@group-98D2158B16EC-SegmentedRaftLogWorker] INFO  segmented.SegmentedRaftLogWorker (SegmentedRaftLogWorker.java:close(228)) - 4f7802c6-3418-4fbd-b0c6-a8e36fcecb0a@group-98D2158B16EC-SegmentedRaftLogWorker close()
2019-09-25 04:50:45,919 [pool-47-thread-1] INFO  impl.RaftServerImpl (ServerState.java:<init>(103)) - a167ab1f-c96d-409e-bb26-ea230783d833@group-3FD18C2280E4: ConfigurationManager, init=-1: [a167ab1f-c96d-409e-bb26-ea230783d833:192.168.151.106:33404, aabdae46-dcfa-45e6-b665-2c47bb305ebb:192.168.151.106:41436, b40ef231-6505-402b-ae57-fc0dc67cbbe8:192.168.151.106:41861], old=null, confs=<EMPTY_MAP>
2019-09-25 04:50:45,918 [b40ef231-6505-402b-ae57-fc0dc67cbbe8@group-D6CE7AA0887B-SegmentedRaftLogWorker] INFO  impl.RaftServerImpl (ServerState.java:close(385)) - b40ef231-6505-402b-ae57-fc0dc67cbbe8@group-D6CE7AA0887B: closes. applyIndex: -1
2019-09-25 04:50:45,913 [pool-37-thread-1] INFO  server.RaftServerConfigKeys (ConfUtils.java:logGet(43)) - raft.server.rpc.timeout.max = 5200ms (custom)
2019-09-25 04:50:45,913 [a167ab1f-c96d-409e-bb26-ea230783d833@group-5A2D35AE9F94-SegmentedRaftLogWorker] INFO  impl.StateMachineUpdater (StateMachineUpdater.java:stopAndJoin(125)) - a167ab1f-c96d-409e-bb26-ea230783d833@group-5A2D35AE9F94-StateMachineUpdater: set stopIndex = -1
2019-09-25 04:50:45,912 [pool-67-thread-1] INFO  server.RaftServerConfigKeys (ConfUtils.java:logGet(43)) - raft.server.rpc.timeout.max = 5200ms (custom)
2019-09-25 04:50:46,221 [45f1801e-7cfd-420a-bb39-98f19dcc81c3@group-D9916A13DB6B:LeaderElection115] INFO  impl.RoleInfo (RoleInfo.java:updateAndGet(143)) - 45f1801e-7cfd-420a-bb39-98f19dcc81c3: start LeaderState
2019-09-25 04:50:46,221 [a167ab1f-c96d-409e-bb26-ea230783d833@group-5A2D35AE9F94-SegmentedRaftLogWorker] INFO  impl.RaftServerImpl (ServerState.java:close(385)) - a167ab1f-c96d-409e-bb26-ea230783d833@group-5A2D35AE9F94: closes. applyIndex: -1
2019-09-25 04:50:46,221 [pool-37-thread-1] INFO  server.RaftServerConfigKeys (ConfUtils.java:logGet(43)) - raft.server.rpcslowness.timeout = 120s (custom)
2019-09-25 04:50:46,220 [b40ef231-6505-402b-ae57-fc0dc67cbbe8@group-D6CE7AA0887B-SegmentedRaftLogWorker] INFO  segmented.SegmentedRaftLogWorker (SegmentedRaftLogWorker.java:close(228)) - b40ef231-6505-402b-ae57-fc0dc67cbbe8@group-D6CE7AA0887B-SegmentedRaftLogWorker close()
2019-09-25 04:50:46,220 [pool-47-thread-1] INFO  server.RaftServerConfigKeys (ConfUtils.java:logGet(43)) - raft.server.storage.dir = [/workdir/hadoop-ozone/integration-test/target/test-dir/MiniOzoneClusterImpl-72f6cbb0-c919-4300-9939-20ef1cbf0e73/datanode-2/data/ratis] (custom)
2019-09-25 04:50:46,214 [9216b865-ce6b-4fb7-bc99-65479a86b6eb@group-E0556B42A7D3-SegmentedRaftLogWorker] INFO  impl.RaftServerImpl (ServerState.java:close(385)) - 9216b865-ce6b-4fb7-bc99-65479a86b6eb@group-E0556B42A7D3: closes. applyIndex: -1
2019-09-25 04:50:46,214 [aabdae46-dcfa-45e6-b665-2c47bb305ebb@group-97D52EA2DC36:LeaderElection116] INFO  server.RaftServerConfigKeys (ConfUtils.java:logGet(43)) - raft.server.watch.element-limit = 65536 (default)
2019-09-25 04:50:46,213 [9216b865-ce6b-4fb7-bc99-65479a86b6eb@group-D51CC7C69CA8:LeaderElection118] INFO  segmented.SegmentedRaftLogWorker (SegmentedRaftLogWorker.java:startLogSegment(380)) - 9216b865-ce6b-4fb7-bc99-65479a86b6eb@group-D51CC7C69CA8-SegmentedRaftLogWorker: Starting segment from index:0
2019-09-25 04:50:46,213 [b40ef231-6505-402b-ae57-fc0dc67cbbe8@group-ED8CE7F11753:LeaderElection117] INFO  impl.RoleInfo (RoleInfo.java:updateAndGet(143)) - b40ef231-6505-402b-ae57-fc0dc67cbbe8: start LeaderState
2019-09-25 04:50:46,213 [aabdae46-dcfa-45e6-b665-2c47bb305ebb@group-550BD6E4FBD0-SegmentedRaftLogWorker] INFO  impl.StateMachineUpdater (StateMachineUpdater.java:stopAndJoin(125)) - aabdae46-dcfa-45e6-b665-2c47bb305ebb@group-550BD6E4FBD0-StateMachineUpdater: set stopIndex = -1
2019-09-25 04:50:46,212 [pool-27-thread-1] INFO  server.RaftServerConfigKeys (ConfUtils.java:logGet(43)) - raft.server.log.appender.install.snapshot.enabled = false (custom)
2019-09-25 04:50:46,212 [9216b865-ce6b-4fb7-bc99-65479a86b6eb@group-025EC75F677D-SegmentedRaftLogWorker] INFO  impl.StateMachineUpdater (StateMachineUpdater.java:stopAndJoin(125)) - 9216b865-ce6b-4fb7-bc99-65479a86b6eb@group-025EC75F677D-StateMachineUpdater: set stopIndex = -1
2019-09-25 04:50:46,212 [45f1801e-7cfd-420a-bb39-98f19dcc81c3@group-FB03761141D6-SegmentedRaftLogWorker] INFO  segmented.SegmentedRaftLogWorker (SegmentedRaftLogWorker.java:close(228)) - 45f1801e-7cfd-420a-bb39-98f19dcc81c3@group-FB03761141D6-SegmentedRaftLogWorker close()
2019-09-25 04:50:46,212 [c35819d4-86f4-4223-a458-676070fe0cbb@group-10F783B4E55F-SegmentedRaftLogWorker] INFO  impl.PendingRequests (PendingRequests.java:sendNotLeaderResponses(202)) - c35819d4-86f4-4223-a458-676070fe0cbb-PendingRequests: sendNotLeaderResponses
2019-09-25 04:50:46,212 [9216b865-ce6b-4fb7-bc99-65479a86b6eb@group-32910316964B-SegmentedRaftLogWorker] INFO  segmented.SegmentedRaftLogWorker (SegmentedRaftLogWorker.java:close(228)) - 9216b865-ce6b-4fb7-bc99-65479a86b6eb@group-32910316964B-SegmentedRaftLogWorker close()
2019-09-25 04:50:46,490 [c35819d4-86f4-4223-a458-676070fe0cbb@group-10F783B4E55F-SegmentedRaftLogWorker] INFO  impl.StateMachineUpdater (StateMachineUpdater.java:stopAndJoin(125)) - c35819d4-86f4-4223-a458-676070fe0cbb@group-10F783B4E55F-StateMachineUpdater: set stopIndex = -1
2019-09-25 04:50:46,211 [c35819d4-86f4-4223-a458-676070fe0cbb@group-20315066096E-SegmentedRaftLogWorker] INFO  segmented.SegmentedRaftLogWorker (SegmentedRaftLogWorker.java:close(228)) - c35819d4-86f4-4223-a458-676070fe0cbb@group-20315066096E-SegmentedRaftLogWorker close()
2019-09-25 04:50:46,211 [c35819d4-86f4-4223-a458-676070fe0cbb@group-5A281C16F5FF:LeaderElection124] INFO  server.RaftServerConfigKeys (ConfUtils.java:logGet(43)) - raft.server.rpc.sleep.time = 25ms (default)
2019-09-25 04:50:46,211 [b40ef231-6505-402b-ae57-fc0dc67cbbe8@group-49F0F168AD2D:LeaderElection121] INFO  server.RaftServerConfigKeys (ConfUtils.java:logGet(43)) - raft.server.watch.timeout = 10s (default)
2019-09-25 04:50:46,210 [45f1801e-7cfd-420a-bb39-98f19dcc81c3@group-5350E354539A-SegmentedRaftLogWorker] INFO  impl.StateMachineUpdater (StateMachineUpdater.java:stopAndJoin(125)) - 45f1801e-7cfd-420a-bb39-98f19dcc81c3@group-5350E354539A-StateMachineUpdater: set stopIndex = -1
2019-09-25 04:50:46,210 [4f7802c6-3418-4fbd-b0c6-a8e36fcecb0a@group-BCA7C703316B-SegmentedRaftLogWorker] INFO  impl.StateMachineUpdater (StateMachineUpdater.java:stopAndJoin(125)) - 4f7802c6-3418-4fbd-b0c6-a8e36fcecb0a@group-BCA7C703316B-StateMachineUpdater: set stopIndex = -1
2019-09-25 04:50:46,210 [c35819d4-86f4-4223-a458-676070fe0cbb@group-3AB11E98D61C-SegmentedRaftLogWorker] INFO  impl.StateMachineUpdater (StateMachineUpdater.java:stopAndJoin(125)) - c35819d4-86f4-4223-a458-676070fe0cbb@group-3AB11E98D61C-StateMachineUpdater: set stopIndex = -1
2019-09-25 04:50:46,491 [c35819d4-86f4-4223-a458-676070fe0cbb@group-3AB11E98D61C-SegmentedRaftLogWorker] INFO  impl.RaftServerImpl (ServerState.java:close(385)) - c35819d4-86f4-4223-a458-676070fe0cbb@group-3AB11E98D61C: closes. applyIndex: -1
2019-09-25 04:50:46,210 [b40ef231-6505-402b-ae57-fc0dc67cbbe8@group-FFC5865DEC55-SegmentedRaftLogWorker] INFO  segmented.SegmentedRaftLogWorker (SegmentedRaftLogWorker.java:close(228)) - b40ef231-6505-402b-ae57-fc0dc67cbbe8@group-FFC5865DEC55-SegmentedRaftLogWorker close()
2019-09-25 04:50:46,209 [aabdae46-dcfa-45e6-b665-2c47bb305ebb@group-ED110974D17F-SegmentedRaftLogWorker] INFO  impl.StateMachineUpdater (StateMachineUpdater.java:stopAndJoin(125)) - aabdae46-dcfa-45e6-b665-2c47bb305ebb@group-ED110974D17F-StateMachineUpdater: set stopIndex = -1
2019-09-25 04:50:46,491 [aabdae46-dcfa-45e6-b665-2c47bb305ebb@group-ED110974D17F-SegmentedRaftLogWorker] INFO  impl.RaftServerImpl (ServerState.java:close(385)) - aabdae46-dcfa-45e6-b665-2c47bb305ebb@group-ED110974D17F: closes. applyIndex: -1
2019-09-25 04:50:46,200 [aabdae46-dcfa-45e6-b665-2c47bb305ebb@group-1B4FC63C22D2:LeaderElection122] INFO  server.RaftServerConfigKeys (ConfUtils.java:logGet(43)) - raft.server.watch.timeout = 10s (default)
2019-09-25 04:50:46,492 [aabdae46-dcfa-45e6-b665-2c47bb305ebb@group-1B4FC63C22D2:LeaderElection122] INFO  server.RaftServerConfigKeys (ConfUtils.java:logGet(43)) - raft.server.watch.timeout.denomination = 1s (default)
2019-09-25 04:50:46,200 [aabdae46-dcfa-45e6-b665-2c47bb305ebb@group-AC95CF6AEBCA-SegmentedRaftLogWorker] INFO  impl.RaftServerImpl (RaftServerImpl.java:lambda$shutdown$3(251)) - aabdae46-dcfa-45e6-b665-2c47bb305ebb@group-AC95CF6AEBCA: shutdown
2019-09-25 04:50:46,200 [9216b865-ce6b-4fb7-bc99-65479a86b6eb@group-D6395173AEA9-SegmentedRaftLogWorker] INFO  impl.RaftServerImpl (RaftServerImpl.java:lambda$shutdown$3(251)) - 9216b865-ce6b-4fb7-bc99-65479a86b6eb@group-D6395173AEA9: shutdown
2019-09-25 04:50:46,199 [45f1801e-7cfd-420a-bb39-98f19dcc81c3@group-09867BC18A06:LeaderElection120] INFO  server.RaftServerConfigKeys (ConfUtils.java:logGet(43)) - raft.server.write.element-limit = 4096 (default)
2019-09-25 04:50:46,199 [9216b865-ce6b-4fb7-bc99-65479a86b6eb@group-F7043FA7C853-SegmentedRaftLogWorker] INFO  impl.StateMachineUpdater (StateMachineUpdater.java:stopAndJoin(125)) - 9216b865-ce6b-4fb7-bc99-65479a86b6eb@group-F7043FA7C853-StateMachineUpdater: set stopIndex = -1
2019-09-25 04:50:46,492 [9216b865-ce6b-4fb7-bc99-65479a86b6eb@group-F7043FA7C853-SegmentedRaftLogWorker] INFO  impl.RaftServerImpl (ServerState.java:close(385)) - 9216b865-ce6b-4fb7-bc99-65479a86b6eb@group-F7043FA7C853: closes. applyIndex: -1
2019-09-25 04:50:46,199 [45f1801e-7cfd-420a-bb39-98f19dcc81c3@group-BEE59315A377-SegmentedRaftLogWorker] INFO  impl.RaftServerImpl (ServerState.java:close(385)) - 45f1801e-7cfd-420a-bb39-98f19dcc81c3@group-BEE59315A377: closes. applyIndex: -1
2019-09-25 04:50:46,199 [aabdae46-dcfa-45e6-b665-2c47bb305ebb@group-96726BA217A5:LeaderElection123] INFO  server.RaftServerConfigKeys (ConfUtils.java:logGet(43)) - raft.server.write.element-limit = 4096 (default)
2019-09-25 04:50:46,194 [a167ab1f-c96d-409e-bb26-ea230783d833@group-B5C234A72D45:LeaderElection110] INFO  server.RaftServerConfigKeys (ConfUtils.java:logGet(43)) - raft.server.watch.element-limit = 65536 (default)
2019-09-25 04:50:46,194 [4f7802c6-3418-4fbd-b0c6-a8e36fcecb0a@group-5FE33B0916CC:LeaderElection114] INFO  server.RaftServerConfigKeys (ConfUtils.java:logGet(43)) - raft.server.watch.timeout = 10s (default)
2019-09-25 04:50:46,193 [4f7802c6-3418-4fbd-b0c6-a8e36fcecb0a@group-C31AE2B01B96:LeaderElection112] INFO  server.RaftServerConfigKeys (ConfUtils.java:logGet(43)) - raft.server.watch.timeout = 10s (default)
2019-09-25 04:50:46,193 [4f7802c6-3418-4fbd-b0c6-a8e36fcecb0a@group-AC4628CB5F93-SegmentedRaftLogWorker] INFO  segmented.SegmentedRaftLogWorker (SegmentedRaftLogWorker.java:close(228)) - 4f7802c6-3418-4fbd-b0c6-a8e36fcecb0a@group-AC4628CB5F93-SegmentedRaftLogWorker close()
2019-09-25 04:50:46,193 [b40ef231-6505-402b-ae57-fc0dc67cbbe8@group-9FCF459108F2-SegmentedRaftLogWorker] INFO  segmented.SegmentedRaftLogWorker (SegmentedRaftLogWorker.java:close(228)) - b40ef231-6505-402b-ae57-fc0dc67cbbe8@group-9FCF459108F2-SegmentedRaftLogWorker close()
2019-09-25 04:50:46,193 [45f1801e-7cfd-420a-bb39-98f19dcc81c3@group-8B7976911715-SegmentedRaftLogWorker] INFO  segmented.SegmentedRaftLogWorker (SegmentedRaftLogWorker.java:close(228)) - 45f1801e-7cfd-420a-bb39-98f19dcc81c3@group-8B7976911715-SegmentedRaftLogWorker close()
2019-09-25 04:50:46,193 [b40ef231-6505-402b-ae57-fc0dc67cbbe8@group-85E054ECDDC5:LeaderElection111] INFO  server.RaftServerConfigKeys (ConfUtils.java:logGet(43)) - raft.server.watch.timeout.denomination = 1s (default)
2019-09-25 04:50:46,192 [c35819d4-86f4-4223-a458-676070fe0cbb@group-4BB83B81EC9E-SegmentedRaftLogWorker] INFO  segmented.SegmentedRaftLogWorker (SegmentedRaftLogWorker.java:close(228)) - c35819d4-86f4-4223-a458-676070fe0cbb@group-4BB83B81EC9E-SegmentedRaftLogWorker close()
2019-09-25 04:50:46,192 [a167ab1f-c96d-409e-bb26-ea230783d833@group-7F580B529A80-SegmentedRaftLogWorker] INFO  impl.PendingRequests (PendingRequests.java:sendNotLeaderResponses(202)) - a167ab1f-c96d-409e-bb26-ea230783d833-PendingRequests: sendNotLeaderResponses
2019-09-25 04:50:46,192 [a167ab1f-c96d-409e-bb26-ea230783d833@group-0DBE9B28DA20:LeaderElection125] INFO  impl.RaftServerImpl (ServerState.java:setLeader(253)) - a167ab1f-c96d-409e-bb26-ea230783d833@group-0DBE9B28DA20: change Leader from null to a167ab1f-c96d-409e-bb26-ea230783d833 at term 1 for becomeLeader, leader elected after 11218ms
2019-09-25 04:50:46,191 [9216b865-ce6b-4fb7-bc99-65479a86b6eb@group-4CF16EF24DD7:LeaderElection109] INFO  server.RaftServerConfigKeys (ConfUtils.java:logGet(43)) - raft.server.watch.element-limit = 65536 (default)
2019-09-25 04:50:46,191 [a167ab1f-c96d-409e-bb26-ea230783d833@group-B4FD14FF07AB:LeaderElection113] INFO  server.RaftServerConfigKeys (ConfUtils.java:logGet(43)) - raft.server.rpc.sleep.time = 25ms (default)
2019-09-25 04:50:46,495 [a167ab1f-c96d-409e-bb26-ea230783d833@group-0DBE9B28DA20:LeaderElection125] INFO  server.RaftServerConfigKeys (ConfUtils.java:logGet(43)) - raft.server.staging.catchup.gap = 1000 (default)
2019-09-25 04:50:46,495 [a167ab1f-c96d-409e-bb26-ea230783d833@group-7F580B529A80-SegmentedRaftLogWorker] INFO  impl.StateMachineUpdater (StateMachineUpdater.java:stopAndJoin(125)) - a167ab1f-c96d-409e-bb26-ea230783d833@group-7F580B529A80-StateMachineUpdater: set stopIndex = -1
2019-09-25 04:50:46,494 [b40ef231-6505-402b-ae57-fc0dc67cbbe8@group-85E054ECDDC5:LeaderElection111] INFO  server.RaftServerConfigKeys (ConfUtils.java:logGet(43)) - raft.server.watch.element-limit = 65536 (default)
2019-09-25 04:50:46,493 [4f7802c6-3418-4fbd-b0c6-a8e36fcecb0a@group-C31AE2B01B96:LeaderElection112] INFO  server.RaftServerConfigKeys (ConfUtils.java:logGet(43)) - raft.server.watch.timeout.denomination = 1s (default)
2019-09-25 04:50:46,496 [4f7802c6-3418-4fbd-b0c6-a8e36fcecb0a@group-C31AE2B01B96:LeaderElection112] INFO  server.RaftServerConfigKeys (ConfUtils.java:logGet(43)) - raft.server.watch.element-limit = 65536 (default)
2019-09-25 04:50:46,493 [4f7802c6-3418-4fbd-b0c6-a8e36fcecb0a@group-5FE33B0916CC:LeaderElection114] INFO  server.RaftServerConfigKeys (ConfUtils.java:logGet(43)) - raft.server.watch.timeout.denomination = 1s (default)
2019-09-25 04:50:46,493 [aabdae46-dcfa-45e6-b665-2c47bb305ebb@group-96726BA217A5:LeaderElection123] INFO  server.RaftServerConfigKeys (ConfUtils.java:logGet(43)) - raft.server.watch.timeout = 10s (default)
2019-09-25 04:50:46,496 [aabdae46-dcfa-45e6-b665-2c47bb305ebb@group-96726BA217A5:LeaderElection123] INFO  server.RaftServerConfigKeys (ConfUtils.java:logGet(43)) - raft.server.watch.timeout.denomination = 1s (default)
2019-09-25 04:50:46,493 [45f1801e-7cfd-420a-bb39-98f19dcc81c3@group-BEE59315A377-SegmentedRaftLogWorker] INFO  segmented.SegmentedRaftLogWorker (SegmentedRaftLogWorker.java:close(228)) - 45f1801e-7cfd-420a-bb39-98f19dcc81c3@group-BEE59315A377-SegmentedRaftLogWorker close()
2019-09-25 04:50:46,493 [9216b865-ce6b-4fb7-bc99-65479a86b6eb@group-F7043FA7C853-SegmentedRaftLogWorker] INFO  segmented.SegmentedRaftLogWorker (SegmentedRaftLogWorker.java:close(228)) - 9216b865-ce6b-4fb7-bc99-65479a86b6eb@group-F7043FA7C853-SegmentedRaftLogWorker close()
2019-09-25 04:50:46,492 [45f1801e-7cfd-420a-bb39-98f19dcc81c3@group-09867BC18A06:LeaderElection120] INFO  server.RaftServerConfigKeys (ConfUtils.java:logGet(43)) - raft.server.watch.timeout = 10s (default)
2019-09-25 04:50:46,492 [9216b865-ce6b-4fb7-bc99-65479a86b6eb@group-D6395173AEA9-SegmentedRaftLogWorker] INFO  util.JmxRegister (JmxRegister.java:unregister(73)) - Successfully un-registered JMX Bean with object name Ratis:service=RaftServer,group=group-D6395173AEA9,id=9216b865-ce6b-4fb7-bc99-65479a86b6eb
2019-09-25 04:50:46,492 [aabdae46-dcfa-45e6-b665-2c47bb305ebb@group-AC95CF6AEBCA-SegmentedRaftLogWorker] INFO  util.JmxRegister (JmxRegister.java:unregister(73)) - Successfully un-registered JMX Bean with object name Ratis:service=RaftServer,group=group-AC95CF6AEBCA,id=aabdae46-dcfa-45e6-b665-2c47bb305ebb
2019-09-25 04:50:46,497 [aabdae46-dcfa-45e6-b665-2c47bb305ebb@group-AC95CF6AEBCA-SegmentedRaftLogWorker] INFO  impl.RoleInfo (RoleInfo.java:shutdownLeaderState(104)) - aabdae46-dcfa-45e6-b665-2c47bb305ebb: shutdown LeaderState
2019-09-25 04:50:46,492 [aabdae46-dcfa-45e6-b665-2c47bb305ebb@group-1B4FC63C22D2:LeaderElection122] INFO  server.RaftServerConfigKeys (ConfUtils.java:logGet(43)) - raft.server.watch.element-limit = 65536 (default)
2019-09-25 04:50:46,492 [aabdae46-dcfa-45e6-b665-2c47bb305ebb@group-ED110974D17F-SegmentedRaftLogWorker] INFO  segmented.SegmentedRaftLogWorker (SegmentedRaftLogWorker.java:close(228)) - aabdae46-dcfa-45e6-b665-2c47bb305ebb@group-ED110974D17F-SegmentedRaftLogWorker close()
2019-09-25 04:50:46,491 [c35819d4-86f4-4223-a458-676070fe0cbb@group-3AB11E98D61C-SegmentedRaftLogWorker] INFO  segmented.SegmentedRaftLogWorker (SegmentedRaftLogWorker.java:close(228)) - c35819d4-86f4-4223-a458-676070fe0cbb@group-3AB11E98D61C-SegmentedRaftLogWorker close()
2019-09-25 04:50:46,491 [4f7802c6-3418-4fbd-b0c6-a8e36fcecb0a@group-BCA7C703316B-SegmentedRaftLogWorker] INFO  impl.RaftServerImpl (ServerState.java:close(385)) - 4f7802c6-3418-4fbd-b0c6-a8e36fcecb0a@group-BCA7C703316B: closes. applyIndex: -1
2019-09-25 04:50:46,491 [45f1801e-7cfd-420a-bb39-98f19dcc81c3@group-5350E354539A-SegmentedRaftLogWorker] INFO  impl.RaftServerImpl (ServerState.java:close(385)) - 45f1801e-7cfd-420a-bb39-98f19dcc81c3@group-5350E354539A: closes. applyIndex: -1
2019-09-25 04:50:46,490 [b40ef231-6505-402b-ae57-fc0dc67cbbe8@group-49F0F168AD2D:LeaderElection121] INFO  server.RaftServerConfigKeys (ConfUtils.java:logGet(43)) - raft.server.watch.timeout.denomination = 1s (default)
2019-09-25 04:50:46,490 [c35819d4-86f4-4223-a458-676070fe0cbb@group-5A281C16F5FF:LeaderElection124] INFO  server.RaftServerConfigKeys (ConfUtils.java:logGet(43)) - raft.server.write.element-limit = 4096 (default)
2019-09-25 04:50:46,490 [c35819d4-86f4-4223-a458-676070fe0cbb@group-10F783B4E55F-SegmentedRaftLogWorker] INFO  impl.RaftServerImpl (ServerState.java:close(385)) - c35819d4-86f4-4223-a458-676070fe0cbb@group-10F783B4E55F: closes. applyIndex: -1
2019-09-25 04:50:46,490 [aabdae46-dcfa-45e6-b665-2c47bb305ebb@group-97D52EA2DC36:LeaderElection116] INFO  impl.RoleInfo (RoleInfo.java:updateAndGet(143)) - aabdae46-dcfa-45e6-b665-2c47bb305ebb: start LeaderState
2019-09-25 04:50:46,456 [9216b865-ce6b-4fb7-bc99-65479a86b6eb@group-025EC75F677D-SegmentedRaftLogWorker] INFO  impl.RaftServerImpl (ServerState.java:close(385)) - 9216b865-ce6b-4fb7-bc99-65479a86b6eb@group-025EC75F677D: closes. applyIndex: -1
2019-09-25 04:50:46,442 [9216b865-ce6b-4fb7-bc99-65479a86b6eb@group-5F165A531ED8-SegmentedRaftLogWorker] ERROR segmented.SegmentedRaftLogWorker (SegmentedRaftLogWorker.java:run(323)) - 9216b865-ce6b-4fb7-bc99-65479a86b6eb@group-5F165A531ED8-SegmentedRaftLogWorker hit exception
java.lang.OutOfMemoryError: Direct buffer memory
	at java.nio.Bits.reserveMemory(Bits.java:666)
	at java.nio.DirectByteBuffer.<init>(DirectByteBuffer.java:123)
	at java.nio.ByteBuffer.allocateDirect(ByteBuffer.java:311)
	at org.apache.ratis.server.raftlog.segmented.BufferedWriteChannel.<init>(BufferedWriteChannel.java:41)
	at org.apache.ratis.server.raftlog.segmented.SegmentedRaftLogOutputStream.<init>(SegmentedRaftLogOutputStream.java:72)
	at org.apache.ratis.server.raftlog.segmented.SegmentedRaftLogWorker$StartLogSegment.execute(SegmentedRaftLogWorker.java:566)
	at org.apache.ratis.server.raftlog.segmented.SegmentedRaftLogWorker.run(SegmentedRaftLogWorker.java:289)
	at java.lang.Thread.run(Thread.java:748)
2019-09-25 04:50:46,499 [9216b865-ce6b-4fb7-bc99-65479a86b6eb@group-5F165A531ED8-SegmentedRaftLogWorker] INFO  impl.RaftServerImpl (RaftServerImpl.java:lambda$shutdown$3(251)) - 9216b865-ce6b-4fb7-bc99-65479a86b6eb@group-5F165A531ED8: shutdown
2019-09-25 04:50:46,229 [pool-27-thread-1] INFO  impl.RaftServerImpl (ServerState.java:<init>(103)) - c35819d4-86f4-4223-a458-676070fe0cbb@group-240D96E10ED7: ConfigurationManager, init=-1: [c35819d4-86f4-4223-a458-676070fe0cbb:192.168.151.106:44434, aabdae46-dcfa-45e6-b665-2c47bb305ebb:192.168.151.106:41436, b40ef231-6505-402b-ae57-fc0dc67cbbe8:192.168.151.106:41861], old=null, confs=<EMPTY_MAP>
2019-09-25 04:50:46,229 [9216b865-ce6b-4fb7-bc99-65479a86b6eb@group-D51CC7C69CA8:LeaderElection118] INFO  impl.RaftServerImpl (ServerState.java:setRaftConf(354)) - 9216b865-ce6b-4fb7-bc99-65479a86b6eb@group-D51CC7C69CA8: set configuration 0: [9216b865-ce6b-4fb7-bc99-65479a86b6eb:192.168.151.106:43252], old=null at 0
2019-09-25 04:50:46,229 [aabdae46-dcfa-45e6-b665-2c47bb305ebb@group-550BD6E4FBD0-SegmentedRaftLogWorker] INFO  impl.RaftServerImpl (ServerState.java:close(385)) - aabdae46-dcfa-45e6-b665-2c47bb305ebb@group-550BD6E4FBD0: closes. applyIndex: -1
2019-09-25 04:50:46,229 [b40ef231-6505-402b-ae57-fc0dc67cbbe8@group-ED8CE7F11753:LeaderElection117] INFO  segmented.SegmentedRaftLogWorker (SegmentedRaftLogWorker.java:startLogSegment(380)) - b40ef231-6505-402b-ae57-fc0dc67cbbe8@group-ED8CE7F11753-SegmentedRaftLogWorker: Starting segment from index:0
2019-09-25 04:50:46,228 [pool-47-thread-1] INFO  storage.RaftStorageDirectory (RaftStorageDirectory.java:analyzeStorage(246)) - The storage directory /workdir/hadoop-ozone/integration-test/target/test-dir/MiniOzoneClusterImpl-72f6cbb0-c919-4300-9939-20ef1cbf0e73/datanode-2/data/ratis/ac4a82e9-9205-4d72-beb4-3fd18c2280e4 does not exist. Creating ...
2019-09-25 04:50:46,228 [9216b865-ce6b-4fb7-bc99-65479a86b6eb@group-E0556B42A7D3-SegmentedRaftLogWorker] INFO  segmented.SegmentedRaftLogWorker (SegmentedRaftLogWorker.java:close(228)) - 9216b865-ce6b-4fb7-bc99-65479a86b6eb@group-E0556B42A7D3-SegmentedRaftLogWorker close()
2019-09-25 04:50:46,228 [45f1801e-7cfd-420a-bb39-98f19dcc81c3@group-E913C43F8E9C:LeaderElection119] INFO  impl.RoleInfo (RoleInfo.java:updateAndGet(143)) - 45f1801e-7cfd-420a-bb39-98f19dcc81c3: start LeaderState
2019-09-25 04:50:46,221 [pool-37-thread-1] INFO  server.RaftServerConfigKeys (ConfUtils.java:logGet(43)) - raft.server.sleep.deviation.threshold = 300 (default)
2019-09-25 04:50:46,221 [a167ab1f-c96d-409e-bb26-ea230783d833@group-5A2D35AE9F94-SegmentedRaftLogWorker] INFO  segmented.SegmentedRaftLogWorker (SegmentedRaftLogWorker.java:close(228)) - a167ab1f-c96d-409e-bb26-ea230783d833@group-5A2D35AE9F94-SegmentedRaftLogWorker close()
2019-09-25 04:50:46,221 [45f1801e-7cfd-420a-bb39-98f19dcc81c3@group-D9916A13DB6B:LeaderElection115] INFO  segmented.SegmentedRaftLogWorker (SegmentedRaftLogWorker.java:startLogSegment(380)) - 45f1801e-7cfd-420a-bb39-98f19dcc81c3@group-D9916A13DB6B-SegmentedRaftLogWorker: Starting segment from index:0
2019-09-25 04:50:46,221 [pool-67-thread-1] INFO  server.RaftServerConfigKeys (ConfUtils.java:logGet(43)) - raft.server.rpcslowness.timeout = 120s (custom)
2019-09-25 04:50:46,501 [pool-37-thread-1] INFO  server.RaftServerConfigKeys (ConfUtils.java:logGet(43)) - raft.server.log.appender.install.snapshot.enabled = false (custom)
2019-09-25 04:50:46,501 [45f1801e-7cfd-420a-bb39-98f19dcc81c3@group-E913C43F8E9C:LeaderElection119] INFO  segmented.SegmentedRaftLogWorker (SegmentedRaftLogWorker.java:startLogSegment(380)) - 45f1801e-7cfd-420a-bb39-98f19dcc81c3@group-E913C43F8E9C-SegmentedRaftLogWorker: Starting segment from index:0
2019-09-25 04:50:46,500 [aabdae46-dcfa-45e6-b665-2c47bb305ebb@group-550BD6E4FBD0-SegmentedRaftLogWorker] INFO  segmented.SegmentedRaftLogWorker (SegmentedRaftLogWorker.java:close(228)) - aabdae46-dcfa-45e6-b665-2c47bb305ebb@group-550BD6E4FBD0-SegmentedRaftLogWorker close()
2019-09-25 04:50:46,500 [pool-27-thread-1] INFO  server.RaftServerConfigKeys (ConfUtils.java:logGet(43)) - raft.server.storage.dir = [/workdir/hadoop-ozone/integration-test/target/test-dir/MiniOzoneClusterImpl-72f6cbb0-c919-4300-9939-20ef1cbf0e73/datanode-0/data/ratis] (custom)
2019-09-25 04:50:46,500 [9216b865-ce6b-4fb7-bc99-65479a86b6eb@group-5F165A531ED8-SegmentedRaftLogWorker] INFO  util.JmxRegister (JmxRegister.java:unregister(73)) - Successfully un-registered JMX Bean with object name Ratis:service=RaftServer,group=group-5F165A531ED8,id=9216b865-ce6b-4fb7-bc99-65479a86b6eb
2019-09-25 04:50:46,499 [9216b865-ce6b-4fb7-bc99-65479a86b6eb@group-025EC75F677D-SegmentedRaftLogWorker] INFO  segmented.SegmentedRaftLogWorker (SegmentedRaftLogWorker.java:close(228)) - 9216b865-ce6b-4fb7-bc99-65479a86b6eb@group-025EC75F677D-SegmentedRaftLogWorker close()
2019-09-25 04:50:46,499 [aabdae46-dcfa-45e6-b665-2c47bb305ebb@group-97D52EA2DC36:LeaderElection116] INFO  segmented.SegmentedRaftLogWorker (SegmentedRaftLogWorker.java:startLogSegment(380)) - aabdae46-dcfa-45e6-b665-2c47bb305ebb@group-97D52EA2DC36-SegmentedRaftLogWorker: Starting segment from index:0
2019-09-25 04:50:46,499 [c35819d4-86f4-4223-a458-676070fe0cbb@group-10F783B4E55F-SegmentedRaftLogWorker] INFO  segmented.SegmentedRaftLogWorker (SegmentedRaftLogWorker.java:close(228)) - c35819d4-86f4-4223-a458-676070fe0cbb@group-10F783B4E55F-SegmentedRaftLogWorker close()
2019-09-25 04:50:46,498 [c35819d4-86f4-4223-a458-676070fe0cbb@group-5A281C16F5FF:LeaderElection124] INFO  server.RaftServerConfigKeys (ConfUtils.java:logGet(43)) - raft.server.watch.timeout = 10s (default)
2019-09-25 04:50:46,498 [b40ef231-6505-402b-ae57-fc0dc67cbbe8@group-49F0F168AD2D:LeaderElection121] INFO  server.RaftServerConfigKeys (ConfUtils.java:logGet(43)) - raft.server.watch.element-limit = 65536 (default)
2019-09-25 04:50:46,498 [45f1801e-7cfd-420a-bb39-98f19dcc81c3@group-5350E354539A-SegmentedRaftLogWorker] INFO  segmented.SegmentedRaftLogWorker (SegmentedRaftLogWorker.java:close(228)) - 45f1801e-7cfd-420a-bb39-98f19dcc81c3@group-5350E354539A-SegmentedRaftLogWorker close()
2019-09-25 04:50:46,498 [4f7802c6-3418-4fbd-b0c6-a8e36fcecb0a@group-BCA7C703316B-SegmentedRaftLogWorker] INFO  segmented.SegmentedRaftLogWorker (SegmentedRaftLogWorker.java:close(228)) - 4f7802c6-3418-4fbd-b0c6-a8e36fcecb0a@group-BCA7C703316B-SegmentedRaftLogWorker close()
2019-09-25 04:50:46,497 [aabdae46-dcfa-45e6-b665-2c47bb305ebb@group-AC95CF6AEBCA-SegmentedRaftLogWorker] INFO  impl.PendingRequests (PendingRequests.java:sendNotLeaderResponses(202)) - aabdae46-dcfa-45e6-b665-2c47bb305ebb-PendingRequests: sendNotLeaderResponses
2019-09-25 04:50:46,497 [9216b865-ce6b-4fb7-bc99-65479a86b6eb@group-D6395173AEA9-SegmentedRaftLogWorker] INFO  impl.RoleInfo (RoleInfo.java:shutdownLeaderState(104)) - 9216b865-ce6b-4fb7-bc99-65479a86b6eb: shutdown LeaderState
2019-09-25 04:50:46,497 [45f1801e-7cfd-420a-bb39-98f19dcc81c3@group-09867BC18A06:LeaderElection120] INFO  server.RaftServerConfigKeys (ConfUtils.java:logGet(43)) - raft.server.watch.timeout.denomination = 1s (default)
2019-09-25 04:50:46,496 [aabdae46-dcfa-45e6-b665-2c47bb305ebb@group-96726BA217A5:LeaderElection123] INFO  server.RaftServerConfigKeys (ConfUtils.java:logGet(43)) - raft.server.watch.element-limit = 65536 (default)
2019-09-25 04:50:46,496 [4f7802c6-3418-4fbd-b0c6-a8e36fcecb0a@group-5FE33B0916CC:LeaderElection114] INFO  server.RaftServerConfigKeys (ConfUtils.java:logGet(43)) - raft.server.watch.element-limit = 65536 (default)
2019-09-25 04:50:46,495 [a167ab1f-c96d-409e-bb26-ea230783d833@group-7F580B529A80-SegmentedRaftLogWorker] INFO  impl.RaftServerImpl (ServerState.java:close(385)) - a167ab1f-c96d-409e-bb26-ea230783d833@group-7F580B529A80: closes. applyIndex: -1
2019-09-25 04:50:46,495 [a167ab1f-c96d-409e-bb26-ea230783d833@group-0DBE9B28DA20:LeaderElection125] INFO  server.RaftServerConfigKeys (ConfUtils.java:logGet(43)) - raft.server.rpc.sleep.time = 25ms (default)
2019-09-25 04:50:46,505 [a167ab1f-c96d-409e-bb26-ea230783d833@group-7F580B529A80-SegmentedRaftLogWorker] INFO  segmented.SegmentedRaftLogWorker (SegmentedRaftLogWorker.java:close(228)) - a167ab1f-c96d-409e-bb26-ea230783d833@group-7F580B529A80-SegmentedRaftLogWorker close()
2019-09-25 04:50:46,504 [45f1801e-7cfd-420a-bb39-98f19dcc81c3@group-09867BC18A06:LeaderElection120] INFO  server.RaftServerConfigKeys (ConfUtils.java:logGet(43)) - raft.server.watch.element-limit = 65536 (default)
2019-09-25 04:50:46,504 [9216b865-ce6b-4fb7-bc99-65479a86b6eb@group-D6395173AEA9-SegmentedRaftLogWorker] INFO  impl.PendingRequests (PendingRequests.java:sendNotLeaderResponses(202)) - 9216b865-ce6b-4fb7-bc99-65479a86b6eb-PendingRequests: sendNotLeaderResponses
2019-09-25 04:50:46,504 [aabdae46-dcfa-45e6-b665-2c47bb305ebb@group-AC95CF6AEBCA-SegmentedRaftLogWorker] INFO  impl.StateMachineUpdater (StateMachineUpdater.java:stopAndJoin(125)) - aabdae46-dcfa-45e6-b665-2c47bb305ebb@group-AC95CF6AEBCA-StateMachineUpdater: set stopIndex = -1
2019-09-25 04:50:46,503 [c35819d4-86f4-4223-a458-676070fe0cbb@group-5A281C16F5FF:LeaderElection124] INFO  server.RaftServerConfigKeys (ConfUtils.java:logGet(43)) - raft.server.watch.timeout.denomination = 1s (default)
2019-09-25 04:50:46,502 [pool-27-thread-1] INFO  storage.RaftStorageDirectory (RaftStorageDirectory.java:analyzeStorage(246)) - The storage directory /workdir/hadoop-ozone/integration-test/target/test-dir/MiniOzoneClusterImpl-72f6cbb0-c919-4300-9939-20ef1cbf0e73/datanode-0/data/ratis/af817ea4-e61a-46f2-8d96-240d96e10ed7 does not exist. Creating ...
2019-09-25 04:50:46,502 [9216b865-ce6b-4fb7-bc99-65479a86b6eb@group-5F165A531ED8-SegmentedRaftLogWorker] INFO  impl.RoleInfo (RoleInfo.java:shutdownLeaderState(104)) - 9216b865-ce6b-4fb7-bc99-65479a86b6eb: shutdown LeaderState
2019-09-25 04:50:46,502 [pool-37-thread-1] INFO  impl.RaftServerImpl (ServerState.java:<init>(103)) - b40ef231-6505-402b-ae57-fc0dc67cbbe8@group-3FD18C2280E4: ConfigurationManager, init=-1: [a167ab1f-c96d-409e-bb26-ea230783d833:192.168.151.106:33404, aabdae46-dcfa-45e6-b665-2c47bb305ebb:192.168.151.106:41436, b40ef231-6505-402b-ae57-fc0dc67cbbe8:192.168.151.106:41861], old=null, confs=<EMPTY_MAP>
2019-09-25 04:50:46,501 [pool-67-thread-1] INFO  server.RaftServerConfigKeys (ConfUtils.java:logGet(43)) - raft.server.sleep.deviation.threshold = 300 (default)
2019-09-25 04:50:46,506 [pool-37-thread-1] INFO  server.RaftServerConfigKeys (ConfUtils.java:logGet(43)) - raft.server.storage.dir = [/workdir/hadoop-ozone/integration-test/target/test-dir/MiniOzoneClusterImpl-72f6cbb0-c919-4300-9939-20ef1cbf0e73/datanode-1/data/ratis] (custom)
2019-09-25 04:50:46,506 [9216b865-ce6b-4fb7-bc99-65479a86b6eb@group-5F165A531ED8-SegmentedRaftLogWorker] INFO  impl.PendingRequests (PendingRequests.java:sendNotLeaderResponses(202)) - 9216b865-ce6b-4fb7-bc99-65479a86b6eb-PendingRequests: sendNotLeaderResponses
2019-09-25 04:50:46,506 [c35819d4-86f4-4223-a458-676070fe0cbb@group-5A281C16F5FF:LeaderElection124] INFO  server.RaftServerConfigKeys (ConfUtils.java:logGet(43)) - raft.server.watch.element-limit = 65536 (default)
2019-09-25 04:50:46,507 [pool-37-thread-1] INFO  storage.RaftStorageDirectory (RaftStorageDirectory.java:analyzeStorage(246)) - The storage directory /workdir/hadoop-ozone/integration-test/target/test-dir/MiniOzoneClusterImpl-72f6cbb0-c919-4300-9939-20ef1cbf0e73/datanode-1/data/ratis/ac4a82e9-9205-4d72-beb4-3fd18c2280e4 does not exist. Creating ...
2019-09-25 04:50:46,505 [aabdae46-dcfa-45e6-b665-2c47bb305ebb@group-AC95CF6AEBCA-SegmentedRaftLogWorker] INFO  impl.RaftServerImpl (ServerState.java:close(385)) - aabdae46-dcfa-45e6-b665-2c47bb305ebb@group-AC95CF6AEBCA: closes. applyIndex: -1
2019-09-25 04:50:46,505 [9216b865-ce6b-4fb7-bc99-65479a86b6eb@group-D6395173AEA9-SegmentedRaftLogWorker] INFO  impl.StateMachineUpdater (StateMachineUpdater.java:stopAndJoin(125)) - 9216b865-ce6b-4fb7-bc99-65479a86b6eb@group-D6395173AEA9-StateMachineUpdater: set stopIndex = -1
2019-09-25 04:50:46,507 [aabdae46-dcfa-45e6-b665-2c47bb305ebb@group-AC95CF6AEBCA-SegmentedRaftLogWorker] INFO  segmented.SegmentedRaftLogWorker (SegmentedRaftLogWorker.java:close(228)) - aabdae46-dcfa-45e6-b665-2c47bb305ebb@group-AC95CF6AEBCA-SegmentedRaftLogWorker close()
2019-09-25 04:50:46,507 [9216b865-ce6b-4fb7-bc99-65479a86b6eb@group-5F165A531ED8-SegmentedRaftLogWorker] INFO  impl.StateMachineUpdater (StateMachineUpdater.java:stopAndJoin(125)) - 9216b865-ce6b-4fb7-bc99-65479a86b6eb@group-5F165A531ED8-StateMachineUpdater: set stopIndex = -1
2019-09-25 04:50:46,507 [9216b865-ce6b-4fb7-bc99-65479a86b6eb@group-5F165A531ED8-SegmentedRaftLogWorker] INFO  impl.RaftServerImpl (ServerState.java:close(385)) - 9216b865-ce6b-4fb7-bc99-65479a86b6eb@group-5F165A531ED8: closes. applyIndex: -1
2019-09-25 04:50:46,506 [pool-67-thread-1] INFO  server.RaftServerConfigKeys (ConfUtils.java:logGet(43)) - raft.server.log.appender.install.snapshot.enabled = false (custom)
2019-09-25 04:50:46,508 [9216b865-ce6b-4fb7-bc99-65479a86b6eb@group-5F165A531ED8-SegmentedRaftLogWorker] INFO  segmented.SegmentedRaftLogWorker (SegmentedRaftLogWorker.java:close(228)) - 9216b865-ce6b-4fb7-bc99-65479a86b6eb@group-5F165A531ED8-SegmentedRaftLogWorker close()
2019-09-25 04:50:46,507 [9216b865-ce6b-4fb7-bc99-65479a86b6eb@group-D6395173AEA9-SegmentedRaftLogWorker] INFO  impl.RaftServerImpl (ServerState.java:close(385)) - 9216b865-ce6b-4fb7-bc99-65479a86b6eb@group-D6395173AEA9: closes. applyIndex: -1
2019-09-25 04:50:46,508 [pool-67-thread-1] INFO  impl.RaftServerImpl (ServerState.java:<init>(103)) - aabdae46-dcfa-45e6-b665-2c47bb305ebb@group-3FD18C2280E4: ConfigurationManager, init=-1: [a167ab1f-c96d-409e-bb26-ea230783d833:192.168.151.106:33404, aabdae46-dcfa-45e6-b665-2c47bb305ebb:192.168.151.106:41436, b40ef231-6505-402b-ae57-fc0dc67cbbe8:192.168.151.106:41861], old=null, confs=<EMPTY_MAP>
2019-09-25 04:50:46,508 [9216b865-ce6b-4fb7-bc99-65479a86b6eb@group-D6395173AEA9-SegmentedRaftLogWorker] INFO  segmented.SegmentedRaftLogWorker (SegmentedRaftLogWorker.java:close(228)) - 9216b865-ce6b-4fb7-bc99-65479a86b6eb@group-D6395173AEA9-SegmentedRaftLogWorker close()
2019-09-25 04:50:46,508 [pool-67-thread-1] INFO  server.RaftServerConfigKeys (ConfUtils.java:logGet(43)) - raft.server.storage.dir = [/workdir/hadoop-ozone/integration-test/target/test-dir/MiniOzoneClusterImpl-72f6cbb0-c919-4300-9939-20ef1cbf0e73/datanode-4/data/ratis] (custom)
2019-09-25 04:50:46,509 [pool-67-thread-1] INFO  storage.RaftStorageDirectory (RaftStorageDirectory.java:analyzeStorage(246)) - The storage directory /workdir/hadoop-ozone/integration-test/target/test-dir/MiniOzoneClusterImpl-72f6cbb0-c919-4300-9939-20ef1cbf0e73/datanode-4/data/ratis/ac4a82e9-9205-4d72-beb4-3fd18c2280e4 does not exist. Creating ...
2019-09-25 04:50:46,515 [pool-47-thread-1] INFO  storage.RaftStorageDirectory (RaftStorageDirectory.java:tryLock(328)) - Lock on /workdir/hadoop-ozone/integration-test/target/test-dir/MiniOzoneClusterImpl-72f6cbb0-c919-4300-9939-20ef1cbf0e73/datanode-2/data/ratis/ac4a82e9-9205-4d72-beb4-3fd18c2280e4/in_use.lock acquired by nodename 13648@pr-hdds-1569-x2sr2-3486766547
2019-09-25 04:50:46,515 [pool-27-thread-1] INFO  storage.RaftStorageDirectory (RaftStorageDirectory.java:tryLock(328)) - Lock on /workdir/hadoop-ozone/integration-test/target/test-dir/MiniOzoneClusterImpl-72f6cbb0-c919-4300-9939-20ef1cbf0e73/datanode-0/data/ratis/af817ea4-e61a-46f2-8d96-240d96e10ed7/in_use.lock acquired by nodename 13648@pr-hdds-1569-x2sr2-3486766547
2019-09-25 04:50:46,515 [pool-67-thread-1] INFO  storage.RaftStorageDirectory (RaftStorageDirectory.java:tryLock(328)) - Lock on /workdir/hadoop-ozone/integration-test/target/test-dir/MiniOzoneClusterImpl-72f6cbb0-c919-4300-9939-20ef1cbf0e73/datanode-4/data/ratis/ac4a82e9-9205-4d72-beb4-3fd18c2280e4/in_use.lock acquired by nodename 13648@pr-hdds-1569-x2sr2-3486766547
2019-09-25 04:50:46,515 [pool-37-thread-1] INFO  storage.RaftStorageDirectory (RaftStorageDirectory.java:tryLock(328)) - Lock on /workdir/hadoop-ozone/integration-test/target/test-dir/MiniOzoneClusterImpl-72f6cbb0-c919-4300-9939-20ef1cbf0e73/datanode-1/data/ratis/ac4a82e9-9205-4d72-beb4-3fd18c2280e4/in_use.lock acquired by nodename 13648@pr-hdds-1569-x2sr2-3486766547
2019-09-25 04:50:46,528 [pool-67-thread-1] INFO  storage.RaftStorage (RaftStorage.java:format(72)) - Storage directory /workdir/hadoop-ozone/integration-test/target/test-dir/MiniOzoneClusterImpl-72f6cbb0-c919-4300-9939-20ef1cbf0e73/datanode-4/data/ratis/ac4a82e9-9205-4d72-beb4-3fd18c2280e4 has been successfully formatted.
2019-09-25 04:50:46,528 [pool-27-thread-1] INFO  storage.RaftStorage (RaftStorage.java:format(72)) - Storage directory /workdir/hadoop-ozone/integration-test/target/test-dir/MiniOzoneClusterImpl-72f6cbb0-c919-4300-9939-20ef1cbf0e73/datanode-0/data/ratis/af817ea4-e61a-46f2-8d96-240d96e10ed7 has been successfully formatted.
2019-09-25 04:50:46,528 [pool-47-thread-1] INFO  storage.RaftStorage (RaftStorage.java:format(72)) - Storage directory /workdir/hadoop-ozone/integration-test/target/test-dir/MiniOzoneClusterImpl-72f6cbb0-c919-4300-9939-20ef1cbf0e73/datanode-2/data/ratis/ac4a82e9-9205-4d72-beb4-3fd18c2280e4 has been successfully formatted.
2019-09-25 04:50:46,528 [pool-37-thread-1] INFO  storage.RaftStorage (RaftStorage.java:format(72)) - Storage directory /workdir/hadoop-ozone/integration-test/target/test-dir/MiniOzoneClusterImpl-72f6cbb0-c919-4300-9939-20ef1cbf0e73/datanode-1/data/ratis/ac4a82e9-9205-4d72-beb4-3fd18c2280e4 has been successfully formatted.
2019-09-25 04:50:46,528 [pool-67-thread-1] INFO  ratis.ContainerStateMachine (ContainerStateMachine.java:loadSnapshot(230)) - group-3FD18C2280E4: The snapshot info is null. Setting the last applied indexto:(t:0, i:~)
2019-09-25 04:50:46,529 [pool-37-thread-1] INFO  ratis.ContainerStateMachine (ContainerStateMachine.java:loadSnapshot(230)) - group-3FD18C2280E4: The snapshot info is null. Setting the last applied indexto:(t:0, i:~)
2019-09-25 04:50:46,529 [pool-47-thread-1] INFO  ratis.ContainerStateMachine (ContainerStateMachine.java:loadSnapshot(230)) - group-3FD18C2280E4: The snapshot info is null. Setting the last applied indexto:(t:0, i:~)
2019-09-25 04:50:46,529 [pool-37-thread-1] INFO  server.RaftServerConfigKeys (ConfUtils.java:logGet(43)) - raft.server.notification.no-leader.timeout = 120s (custom)
2019-09-25 04:50:46,529 [pool-67-thread-1] INFO  server.RaftServerConfigKeys (ConfUtils.java:logGet(43)) - raft.server.notification.no-leader.timeout = 120s (custom)
2019-09-25 04:50:46,529 [pool-37-thread-1] INFO  server.RaftServerConfigKeys (ConfUtils.java:logGet(43)) - raft.server.log.use.memory = false (default)
2019-09-25 04:50:46,529 [pool-47-thread-1] INFO  server.RaftServerConfigKeys (ConfUtils.java:logGet(43)) - raft.server.notification.no-leader.timeout = 120s (custom)
2019-09-25 04:50:46,529 [pool-27-thread-1] INFO  ratis.ContainerStateMachine (ContainerStateMachine.java:loadSnapshot(230)) - group-240D96E10ED7: The snapshot info is null. Setting the last applied indexto:(t:0, i:~)
2019-09-25 04:50:46,530 [pool-47-thread-1] INFO  server.RaftServerConfigKeys (ConfUtils.java:logGet(43)) - raft.server.log.use.memory = false (default)
2019-09-25 04:50:46,529 [pool-37-thread-1] INFO  server.RaftServerConfigKeys (ConfUtils.java:logGet(43)) - raft.server.log.purge.gap = 1000000 (custom)
2019-09-25 04:50:46,529 [pool-67-thread-1] INFO  server.RaftServerConfigKeys (ConfUtils.java:logGet(43)) - raft.server.log.use.memory = false (default)
2019-09-25 04:50:46,530 [pool-37-thread-1] INFO  server.RaftServerConfigKeys (ConfUtils.java:logGet(43)) - raft.server.log.appender.buffer.byte-limit = 33554432 (custom)
2019-09-25 04:50:46,530 [pool-47-thread-1] INFO  server.RaftServerConfigKeys (ConfUtils.java:logGet(43)) - raft.server.log.purge.gap = 1000000 (custom)
2019-09-25 04:50:46,530 [pool-27-thread-1] INFO  server.RaftServerConfigKeys (ConfUtils.java:logGet(43)) - raft.server.notification.no-leader.timeout = 120s (custom)
2019-09-25 04:50:46,530 [pool-47-thread-1] INFO  server.RaftServerConfigKeys (ConfUtils.java:logGet(43)) - raft.server.log.appender.buffer.byte-limit = 33554432 (custom)
2019-09-25 04:50:46,530 [pool-37-thread-1] INFO  server.RaftServerConfigKeys (ConfUtils.java:logGet(43)) - raft.server.log.segment.size.max = 1048576 (custom)
2019-09-25 04:50:46,531 [pool-37-thread-1] INFO  server.RaftServerConfigKeys (ConfUtils.java:logGet(43)) - raft.server.log.segment.cache.num.max = 2 (custom)
2019-09-25 04:50:46,530 [pool-67-thread-1] INFO  server.RaftServerConfigKeys (ConfUtils.java:logGet(43)) - raft.server.log.purge.gap = 1000000 (custom)
2019-09-25 04:50:46,531 [pool-37-thread-1] INFO  segmented.SegmentedRaftLogWorker (SegmentedRaftLogWorker.java:<init>(172)) - new b40ef231-6505-402b-ae57-fc0dc67cbbe8@group-3FD18C2280E4-SegmentedRaftLogWorker for RaftStorage:Storage Directory /workdir/hadoop-ozone/integration-test/target/test-dir/MiniOzoneClusterImpl-72f6cbb0-c919-4300-9939-20ef1cbf0e73/datanode-1/data/ratis/ac4a82e9-9205-4d72-beb4-3fd18c2280e4
2019-09-25 04:50:46,531 [pool-37-thread-1] INFO  server.RaftServerConfigKeys (ConfUtils.java:logGet(43)) - raft.server.log.queue.byte-limit = 2147483647 (custom)
2019-09-25 04:50:46,531 [pool-47-thread-1] INFO  server.RaftServerConfigKeys (ConfUtils.java:logGet(43)) - raft.server.log.segment.size.max = 1048576 (custom)
2019-09-25 04:50:46,530 [pool-27-thread-1] INFO  server.RaftServerConfigKeys (ConfUtils.java:logGet(43)) - raft.server.log.use.memory = false (default)
2019-09-25 04:50:46,531 [pool-47-thread-1] INFO  server.RaftServerConfigKeys (ConfUtils.java:logGet(43)) - raft.server.log.segment.cache.num.max = 2 (custom)
2019-09-25 04:50:46,531 [pool-37-thread-1] INFO  server.RaftServerConfigKeys (ConfUtils.java:logGet(43)) - raft.server.log.queue.element-limit = 1024 (custom)
2019-09-25 04:50:46,531 [pool-67-thread-1] INFO  server.RaftServerConfigKeys (ConfUtils.java:logGet(43)) - raft.server.log.appender.buffer.byte-limit = 33554432 (custom)
2019-09-25 04:50:46,532 [pool-37-thread-1] INFO  server.RaftServerConfigKeys (ConfUtils.java:logGet(43)) - raft.server.log.segment.size.max = 1048576 (custom)
2019-09-25 04:50:46,532 [pool-37-thread-1] INFO  server.RaftServerConfigKeys (ConfUtils.java:logGet(43)) - raft.server.log.preallocated.size = 16384 (custom)
2019-09-25 04:50:46,532 [pool-47-thread-1] INFO  segmented.SegmentedRaftLogWorker (SegmentedRaftLogWorker.java:<init>(172)) - new a167ab1f-c96d-409e-bb26-ea230783d833@group-3FD18C2280E4-SegmentedRaftLogWorker for RaftStorage:Storage Directory /workdir/hadoop-ozone/integration-test/target/test-dir/MiniOzoneClusterImpl-72f6cbb0-c919-4300-9939-20ef1cbf0e73/datanode-2/data/ratis/ac4a82e9-9205-4d72-beb4-3fd18c2280e4
2019-09-25 04:50:46,532 [pool-27-thread-1] INFO  server.RaftServerConfigKeys (ConfUtils.java:logGet(43)) - raft.server.log.purge.gap = 1000000 (custom)
2019-09-25 04:50:46,532 [pool-47-thread-1] INFO  server.RaftServerConfigKeys (ConfUtils.java:logGet(43)) - raft.server.log.queue.byte-limit = 2147483647 (custom)
2019-09-25 04:50:46,532 [pool-37-thread-1] INFO  server.RaftServerConfigKeys (ConfUtils.java:logGet(43)) - raft.server.log.write.buffer.size = 33554432 (custom)
2019-09-25 04:50:46,533 [pool-37-thread-1] INFO  server.RaftServerConfigKeys (ConfUtils.java:logGet(43)) - raft.server.log.force.sync.num = 128 (default)
2019-09-25 04:50:46,532 [pool-67-thread-1] INFO  server.RaftServerConfigKeys (ConfUtils.java:logGet(43)) - raft.server.log.segment.size.max = 1048576 (custom)
2019-09-25 04:50:46,533 [pool-37-thread-1] INFO  server.RaftServerConfigKeys (ConfUtils.java:logGet(43)) - raft.server.log.statemachine.data.sync = true (default)
2019-09-25 04:50:46,533 [pool-47-thread-1] INFO  server.RaftServerConfigKeys (ConfUtils.java:logGet(43)) - raft.server.log.queue.element-limit = 1024 (custom)
2019-09-25 04:50:46,532 [pool-27-thread-1] INFO  server.RaftServerConfigKeys (ConfUtils.java:logGet(43)) - raft.server.log.appender.buffer.byte-limit = 33554432 (custom)
2019-09-25 04:50:46,533 [pool-47-thread-1] INFO  server.RaftServerConfigKeys (ConfUtils.java:logGet(43)) - raft.server.log.segment.size.max = 1048576 (custom)
2019-09-25 04:50:46,533 [pool-37-thread-1] INFO  server.RaftServerConfigKeys (ConfUtils.java:logGet(43)) - raft.server.log.statemachine.data.sync.timeout = 10s (default)
2019-09-25 04:50:46,534 [pool-37-thread-1] INFO  server.RaftServerConfigKeys (ConfUtils.java:logGet(43)) - raft.server.log.statemachine.data.sync.timeout.retry = -1 (default)
2019-09-25 04:50:46,533 [pool-67-thread-1] INFO  server.RaftServerConfigKeys (ConfUtils.java:logGet(43)) - raft.server.log.segment.cache.num.max = 2 (custom)
2019-09-25 04:50:46,533 [pool-47-thread-1] INFO  server.RaftServerConfigKeys (ConfUtils.java:logGet(43)) - raft.server.log.preallocated.size = 16384 (custom)
2019-09-25 04:50:46,533 [pool-27-thread-1] INFO  server.RaftServerConfigKeys (ConfUtils.java:logGet(43)) - raft.server.log.segment.size.max = 1048576 (custom)
2019-09-25 04:50:46,534 [pool-47-thread-1] INFO  server.RaftServerConfigKeys (ConfUtils.java:logGet(43)) - raft.server.log.write.buffer.size = 33554432 (custom)
2019-09-25 04:50:46,534 [pool-67-thread-1] INFO  segmented.SegmentedRaftLogWorker (SegmentedRaftLogWorker.java:<init>(172)) - new aabdae46-dcfa-45e6-b665-2c47bb305ebb@group-3FD18C2280E4-SegmentedRaftLogWorker for RaftStorage:Storage Directory /workdir/hadoop-ozone/integration-test/target/test-dir/MiniOzoneClusterImpl-72f6cbb0-c919-4300-9939-20ef1cbf0e73/datanode-4/data/ratis/ac4a82e9-9205-4d72-beb4-3fd18c2280e4
2019-09-25 04:50:46,534 [pool-47-thread-1] INFO  server.RaftServerConfigKeys (ConfUtils.java:logGet(43)) - raft.server.log.force.sync.num = 128 (default)
2019-09-25 04:50:46,534 [pool-27-thread-1] INFO  server.RaftServerConfigKeys (ConfUtils.java:logGet(43)) - raft.server.log.segment.cache.num.max = 2 (custom)
2019-09-25 04:50:46,534 [pool-47-thread-1] INFO  server.RaftServerConfigKeys (ConfUtils.java:logGet(43)) - raft.server.log.statemachine.data.sync = true (default)
2019-09-25 04:50:46,534 [pool-67-thread-1] INFO  server.RaftServerConfigKeys (ConfUtils.java:logGet(43)) - raft.server.log.queue.byte-limit = 2147483647 (custom)
2019-09-25 04:50:46,535 [pool-47-thread-1] INFO  server.RaftServerConfigKeys (ConfUtils.java:logGet(43)) - raft.server.log.statemachine.data.sync.timeout = 10s (default)
2019-09-25 04:50:46,535 [pool-27-thread-1] INFO  segmented.SegmentedRaftLogWorker (SegmentedRaftLogWorker.java:<init>(172)) - new c35819d4-86f4-4223-a458-676070fe0cbb@group-240D96E10ED7-SegmentedRaftLogWorker for RaftStorage:Storage Directory /workdir/hadoop-ozone/integration-test/target/test-dir/MiniOzoneClusterImpl-72f6cbb0-c919-4300-9939-20ef1cbf0e73/datanode-0/data/ratis/af817ea4-e61a-46f2-8d96-240d96e10ed7
2019-09-25 04:50:46,535 [pool-47-thread-1] INFO  server.RaftServerConfigKeys (ConfUtils.java:logGet(43)) - raft.server.log.statemachine.data.sync.timeout.retry = -1 (default)
2019-09-25 04:50:46,535 [pool-67-thread-1] INFO  server.RaftServerConfigKeys (ConfUtils.java:logGet(43)) - raft.server.log.queue.element-limit = 1024 (custom)
2019-09-25 04:50:46,535 [pool-27-thread-1] INFO  server.RaftServerConfigKeys (ConfUtils.java:logGet(43)) - raft.server.log.queue.byte-limit = 2147483647 (custom)
2019-09-25 04:50:46,535 [pool-67-thread-1] INFO  server.RaftServerConfigKeys (ConfUtils.java:logGet(43)) - raft.server.log.segment.size.max = 1048576 (custom)
2019-09-25 04:50:46,535 [pool-27-thread-1] INFO  server.RaftServerConfigKeys (ConfUtils.java:logGet(43)) - raft.server.log.queue.element-limit = 1024 (custom)
2019-09-25 04:50:46,536 [pool-67-thread-1] INFO  server.RaftServerConfigKeys (ConfUtils.java:logGet(43)) - raft.server.log.preallocated.size = 16384 (custom)
2019-09-25 04:50:46,536 [pool-27-thread-1] INFO  server.RaftServerConfigKeys (ConfUtils.java:logGet(43)) - raft.server.log.segment.size.max = 1048576 (custom)
2019-09-25 04:50:46,536 [pool-67-thread-1] INFO  server.RaftServerConfigKeys (ConfUtils.java:logGet(43)) - raft.server.log.write.buffer.size = 33554432 (custom)
2019-09-25 04:50:46,536 [pool-27-thread-1] INFO  server.RaftServerConfigKeys (ConfUtils.java:logGet(43)) - raft.server.log.preallocated.size = 16384 (custom)
2019-09-25 04:50:46,536 [pool-67-thread-1] INFO  server.RaftServerConfigKeys (ConfUtils.java:logGet(43)) - raft.server.log.force.sync.num = 128 (default)
2019-09-25 04:50:46,536 [pool-27-thread-1] INFO  server.RaftServerConfigKeys (ConfUtils.java:logGet(43)) - raft.server.log.write.buffer.size = 33554432 (custom)
2019-09-25 04:50:46,536 [pool-67-thread-1] INFO  server.RaftServerConfigKeys (ConfUtils.java:logGet(43)) - raft.server.log.statemachine.data.sync = true (default)
2019-09-25 04:50:46,536 [pool-47-thread-1] INFO  server.RaftServerConfigKeys (ConfUtils.java:logGet(43)) - raft.server.log.statemachine.data.caching.enabled = true (custom)
2019-09-25 04:50:46,536 [pool-27-thread-1] INFO  server.RaftServerConfigKeys (ConfUtils.java:logGet(43)) - raft.server.log.force.sync.num = 128 (default)
2019-09-25 04:50:46,537 [a167ab1f-c96d-409e-bb26-ea230783d833@group-0DBE9B28DA20:LeaderElection125] INFO  server.RaftServerConfigKeys (ConfUtils.java:logGet(43)) - raft.server.write.element-limit = 4096 (default)
2019-09-25 04:50:46,537 [pool-67-thread-1] INFO  server.RaftServerConfigKeys (ConfUtils.java:logGet(43)) - raft.server.log.statemachine.data.sync.timeout = 10s (default)
2019-09-25 04:50:46,536 [pool-37-thread-1] INFO  server.RaftServerConfigKeys (ConfUtils.java:logGet(43)) - raft.server.log.statemachine.data.caching.enabled = true (custom)
2019-09-25 04:50:46,819 [aabdae46-dcfa-45e6-b665-2c47bb305ebb@group-7079C96F35A2-SegmentedRaftLogWorker] ERROR segmented.SegmentedRaftLogWorker (SegmentedRaftLogWorker.java:run(323)) - aabdae46-dcfa-45e6-b665-2c47bb305ebb@group-7079C96F35A2-SegmentedRaftLogWorker hit exception
java.lang.OutOfMemoryError: Direct buffer memory
	at java.nio.Bits.reserveMemory(Bits.java:666)
	at java.nio.DirectByteBuffer.<init>(DirectByteBuffer.java:123)
	at java.nio.ByteBuffer.allocateDirect(ByteBuffer.java:311)
	at org.apache.ratis.server.raftlog.segmented.BufferedWriteChannel.<init>(BufferedWriteChannel.java:41)
	at org.apache.ratis.server.raftlog.segmented.SegmentedRaftLogOutputStream.<init>(SegmentedRaftLogOutputStream.java:72)
	at org.apache.ratis.server.raftlog.segmented.SegmentedRaftLogWorker$StartLogSegment.execute(SegmentedRaftLogWorker.java:566)
	at org.apache.ratis.server.raftlog.segmented.SegmentedRaftLogWorker.run(SegmentedRaftLogWorker.java:289)
	at java.lang.Thread.run(Thread.java:748)
2019-09-25 04:50:46,819 [45f1801e-7cfd-420a-bb39-98f19dcc81c3@group-3D3220A443A3-SegmentedRaftLogWorker] ERROR segmented.SegmentedRaftLogWorker (SegmentedRaftLogWorker.java:run(323)) - 45f1801e-7cfd-420a-bb39-98f19dcc81c3@group-3D3220A443A3-SegmentedRaftLogWorker hit exception
java.lang.OutOfMemoryError: Direct buffer memory
	at java.nio.Bits.reserveMemory(Bits.java:666)
	at java.nio.DirectByteBuffer.<init>(DirectByteBuffer.java:123)
	at java.nio.ByteBuffer.allocateDirect(ByteBuffer.java:311)
	at org.apache.ratis.server.raftlog.segmented.BufferedWriteChannel.<init>(BufferedWriteChannel.java:41)
	at org.apache.ratis.server.raftlog.segmented.SegmentedRaftLogOutputStream.<init>(SegmentedRaftLogOutputStream.java:72)
	at org.apache.ratis.server.raftlog.segmented.SegmentedRaftLogWorker$StartLogSegment.execute(SegmentedRaftLogWorker.java:566)
	at org.apache.ratis.server.raftlog.segmented.SegmentedRaftLogWorker.run(SegmentedRaftLogWorker.java:289)
	at java.lang.Thread.run(Thread.java:748)
2019-09-25 04:50:46,819 [45f1801e-7cfd-420a-bb39-98f19dcc81c3@group-21891154694B-SegmentedRaftLogWorker] ERROR segmented.SegmentedRaftLogWorker (SegmentedRaftLogWorker.java:run(323)) - 45f1801e-7cfd-420a-bb39-98f19dcc81c3@group-21891154694B-SegmentedRaftLogWorker hit exception
java.lang.OutOfMemoryError: Direct buffer memory
	at java.nio.Bits.reserveMemory(Bits.java:666)
	at java.nio.DirectByteBuffer.<init>(DirectByteBuffer.java:123)
	at java.nio.ByteBuffer.allocateDirect(ByteBuffer.java:311)
	at org.apache.ratis.server.raftlog.segmented.BufferedWriteChannel.<init>(BufferedWriteChannel.java:41)
	at org.apache.ratis.server.raftlog.segmented.SegmentedRaftLogOutputStream.<init>(SegmentedRaftLogOutputStream.java:72)
	at org.apache.ratis.server.raftlog.segmented.SegmentedRaftLogWorker$StartLogSegment.execute(SegmentedRaftLogWorker.java:566)
	at org.apache.ratis.server.raftlog.segmented.SegmentedRaftLogWorker.run(SegmentedRaftLogWorker.java:289)
	at java.lang.Thread.run(Thread.java:748)
2019-09-25 04:50:46,817 [a167ab1f-c96d-409e-bb26-ea230783d833@group-B4FD14FF07AB:LeaderElection113] INFO  server.RaftServerConfigKeys (ConfUtils.java:logGet(43)) - raft.server.write.element-limit = 4096 (default)
2019-09-25 04:50:46,537 [pool-67-thread-1] INFO  server.RaftServerConfigKeys (ConfUtils.java:logGet(43)) - raft.server.log.statemachine.data.sync.timeout.retry = -1 (default)
2019-09-25 04:50:46,537 [a167ab1f-c96d-409e-bb26-ea230783d833@group-0DBE9B28DA20:LeaderElection125] INFO  server.RaftServerConfigKeys (ConfUtils.java:logGet(43)) - raft.server.watch.timeout = 10s (default)
2019-09-25 04:50:46,537 [pool-47-thread-1] INFO  segmented.SegmentedRaftLogWorker (SegmentedRaftLogWorker.java:lambda$new$0(132)) - a167ab1f-c96d-409e-bb26-ea230783d833@group-3FD18C2280E4-SegmentedRaftLogWorker: flushIndex: setUnconditionally 0 -> -1
2019-09-25 04:50:46,537 [pool-27-thread-1] INFO  server.RaftServerConfigKeys (ConfUtils.java:logGet(43)) - raft.server.log.statemachine.data.sync = true (default)
2019-09-25 04:50:47,435 [pool-47-thread-1] INFO  server.RaftServerConfigKeys (ConfUtils.java:logGet(43)) - raft.server.snapshot.auto.trigger.enabled = true (custom)
2019-09-25 04:50:47,434 [a167ab1f-c96d-409e-bb26-ea230783d833@group-0DBE9B28DA20:LeaderElection125] INFO  server.RaftServerConfigKeys (ConfUtils.java:logGet(43)) - raft.server.watch.timeout.denomination = 1s (default)
2019-09-25 04:50:47,434 [pool-67-thread-1] INFO  server.RaftServerConfigKeys (ConfUtils.java:logGet(43)) - raft.server.log.statemachine.data.caching.enabled = true (custom)
2019-09-25 04:50:47,434 [a167ab1f-c96d-409e-bb26-ea230783d833@group-B4FD14FF07AB:LeaderElection113] INFO  server.RaftServerConfigKeys (ConfUtils.java:logGet(43)) - raft.server.watch.timeout = 10s (default)
2019-09-25 04:50:47,435 [a167ab1f-c96d-409e-bb26-ea230783d833@group-B4FD14FF07AB:LeaderElection113] INFO  server.RaftServerConfigKeys (ConfUtils.java:logGet(43)) - raft.server.watch.timeout.denomination = 1s (default)
2019-09-25 04:50:47,434 [45f1801e-7cfd-420a-bb39-98f19dcc81c3@group-21891154694B-SegmentedRaftLogWorker] INFO  impl.RaftServerImpl (RaftServerImpl.java:lambda$shutdown$3(251)) - 45f1801e-7cfd-420a-bb39-98f19dcc81c3@group-21891154694B: shutdown
2019-09-25 04:50:47,430 [45f1801e-7cfd-420a-bb39-98f19dcc81c3@group-3D3220A443A3-SegmentedRaftLogWorker] INFO  impl.RaftServerImpl (RaftServerImpl.java:lambda$shutdown$3(251)) - 45f1801e-7cfd-420a-bb39-98f19dcc81c3@group-3D3220A443A3: shutdown
2019-09-25 04:50:47,430 [aabdae46-dcfa-45e6-b665-2c47bb305ebb@group-7079C96F35A2-SegmentedRaftLogWorker] INFO  impl.RaftServerImpl (RaftServerImpl.java:lambda$shutdown$3(251)) - aabdae46-dcfa-45e6-b665-2c47bb305ebb@group-7079C96F35A2: shutdown
2019-09-25 04:50:47,429 [a167ab1f-c96d-409e-bb26-ea230783d833@group-8777D69019BB-SegmentedRaftLogWorker] ERROR segmented.SegmentedRaftLogWorker (SegmentedRaftLogWorker.java:run(323)) - a167ab1f-c96d-409e-bb26-ea230783d833@group-8777D69019BB-SegmentedRaftLogWorker hit exception
java.lang.OutOfMemoryError: Direct buffer memory
	at java.nio.Bits.reserveMemory(Bits.java:666)
	at java.nio.DirectByteBuffer.<init>(DirectByteBuffer.java:123)
	at java.nio.ByteBuffer.allocateDirect(ByteBuffer.java:311)
	at org.apache.ratis.server.raftlog.segmented.BufferedWriteChannel.<init>(BufferedWriteChannel.java:41)
	at org.apache.ratis.server.raftlog.segmented.SegmentedRaftLogOutputStream.<init>(SegmentedRaftLogOutputStream.java:72)
	at org.apache.ratis.server.raftlog.segmented.SegmentedRaftLogWorker$StartLogSegment.execute(SegmentedRaftLogWorker.java:566)
	at org.apache.ratis.server.raftlog.segmented.SegmentedRaftLogWorker.run(SegmentedRaftLogWorker.java:289)
	at java.lang.Thread.run(Thread.java:748)
2019-09-25 04:50:47,429 [b40ef231-6505-402b-ae57-fc0dc67cbbe8@group-83FDB22A65E4-SegmentedRaftLogWorker] ERROR segmented.SegmentedRaftLogWorker (SegmentedRaftLogWorker.java:run(323)) - b40ef231-6505-402b-ae57-fc0dc67cbbe8@group-83FDB22A65E4-SegmentedRaftLogWorker hit exception
java.lang.OutOfMemoryError: Direct buffer memory
	at java.nio.Bits.reserveMemory(Bits.java:666)
	at java.nio.DirectByteBuffer.<init>(DirectByteBuffer.java:123)
	at java.nio.ByteBuffer.allocateDirect(ByteBuffer.java:311)
	at org.apache.ratis.server.raftlog.segmented.BufferedWriteChannel.<init>(BufferedWriteChannel.java:41)
	at org.apache.ratis.server.raftlog.segmented.SegmentedRaftLogOutputStream.<init>(SegmentedRaftLogOutputStream.java:72)
	at org.apache.ratis.server.raftlog.segmented.SegmentedRaftLogWorker$StartLogSegment.execute(SegmentedRaftLogWorker.java:566)
	at org.apache.ratis.server.raftlog.segmented.SegmentedRaftLogWorker.run(SegmentedRaftLogWorker.java:289)
	at java.lang.Thread.run(Thread.java:748)
2019-09-25 04:50:47,426 [b40ef231-6505-402b-ae57-fc0dc67cbbe8@group-ED8CE7F11753:LeaderElection117] INFO  impl.RaftServerImpl (ServerState.java:setRaftConf(354)) - b40ef231-6505-402b-ae57-fc0dc67cbbe8@group-ED8CE7F11753: set configuration 0: [b40ef231-6505-402b-ae57-fc0dc67cbbe8:192.168.151.106:41861], old=null at 0
2019-09-25 04:50:46,826 [aabdae46-dcfa-45e6-b665-2c47bb305ebb@group-97D52EA2DC36:LeaderElection116] INFO  impl.RaftServerImpl (ServerState.java:setRaftConf(354)) - aabdae46-dcfa-45e6-b665-2c47bb305ebb@group-97D52EA2DC36: set configuration 0: [aabdae46-dcfa-45e6-b665-2c47bb305ebb:192.168.151.106:41436], old=null at 0
2019-09-25 04:50:46,826 [45f1801e-7cfd-420a-bb39-98f19dcc81c3@group-E913C43F8E9C:LeaderElection119] INFO  impl.RaftServerImpl (ServerState.java:setRaftConf(354)) - 45f1801e-7cfd-420a-bb39-98f19dcc81c3@group-E913C43F8E9C: set configuration 0: [45f1801e-7cfd-420a-bb39-98f19dcc81c3:192.168.151.106:38437], old=null at 0
2019-09-25 04:50:46,826 [pool-37-thread-1] INFO  segmented.SegmentedRaftLogWorker (SegmentedRaftLogWorker.java:lambda$new$0(132)) - b40ef231-6505-402b-ae57-fc0dc67cbbe8@group-3FD18C2280E4-SegmentedRaftLogWorker: flushIndex: setUnconditionally 0 -> -1
2019-09-25 04:50:46,826 [45f1801e-7cfd-420a-bb39-98f19dcc81c3@group-D9916A13DB6B:LeaderElection115] INFO  impl.RaftServerImpl (ServerState.java:setRaftConf(354)) - 45f1801e-7cfd-420a-bb39-98f19dcc81c3@group-D9916A13DB6B: set configuration 0: [45f1801e-7cfd-420a-bb39-98f19dcc81c3:192.168.151.106:38437], old=null at 0
2019-09-25 04:50:47,436 [b40ef231-6505-402b-ae57-fc0dc67cbbe8@group-83FDB22A65E4-SegmentedRaftLogWorker] INFO  impl.RaftServerImpl (RaftServerImpl.java:lambda$shutdown$3(251)) - b40ef231-6505-402b-ae57-fc0dc67cbbe8@group-83FDB22A65E4: shutdown
2019-09-25 04:50:47,436 [a167ab1f-c96d-409e-bb26-ea230783d833@group-8777D69019BB-SegmentedRaftLogWorker] INFO  impl.RaftServerImpl (RaftServerImpl.java:lambda$shutdown$3(251)) - a167ab1f-c96d-409e-bb26-ea230783d833@group-8777D69019BB: shutdown
2019-09-25 04:50:47,436 [aabdae46-dcfa-45e6-b665-2c47bb305ebb@group-7079C96F35A2-SegmentedRaftLogWorker] INFO  util.JmxRegister (JmxRegister.java:unregister(73)) - Successfully un-registered JMX Bean with object name Ratis:service=RaftServer,group=group-7079C96F35A2,id=aabdae46-dcfa-45e6-b665-2c47bb305ebb
2019-09-25 04:50:47,437 [aabdae46-dcfa-45e6-b665-2c47bb305ebb@group-7079C96F35A2-SegmentedRaftLogWorker] INFO  impl.RoleInfo (RoleInfo.java:shutdownLeaderState(104)) - aabdae46-dcfa-45e6-b665-2c47bb305ebb: shutdown LeaderState
2019-09-25 04:50:47,436 [45f1801e-7cfd-420a-bb39-98f19dcc81c3@group-3D3220A443A3-SegmentedRaftLogWorker] INFO  util.JmxRegister (JmxRegister.java:unregister(73)) - Successfully un-registered JMX Bean with object name Ratis:service=RaftServer,group=group-3D3220A443A3,id=45f1801e-7cfd-420a-bb39-98f19dcc81c3
2019-09-25 04:50:47,436 [45f1801e-7cfd-420a-bb39-98f19dcc81c3@group-21891154694B-SegmentedRaftLogWorker] INFO  util.JmxRegister (JmxRegister.java:unregister(73)) - Successfully un-registered JMX Bean with object name Ratis:service=RaftServer,group=group-21891154694B,id=45f1801e-7cfd-420a-bb39-98f19dcc81c3
2019-09-25 04:50:47,435 [a167ab1f-c96d-409e-bb26-ea230783d833@group-B4FD14FF07AB:LeaderElection113] INFO  server.RaftServerConfigKeys (ConfUtils.java:logGet(43)) - raft.server.watch.element-limit = 65536 (default)
2019-09-25 04:50:47,435 [pool-67-thread-1] INFO  segmented.SegmentedRaftLogWorker (SegmentedRaftLogWorker.java:lambda$new$0(132)) - aabdae46-dcfa-45e6-b665-2c47bb305ebb@group-3FD18C2280E4-SegmentedRaftLogWorker: flushIndex: setUnconditionally 0 -> -1
2019-09-25 04:50:47,435 [a167ab1f-c96d-409e-bb26-ea230783d833@group-0DBE9B28DA20:LeaderElection125] INFO  server.RaftServerConfigKeys (ConfUtils.java:logGet(43)) - raft.server.watch.element-limit = 65536 (default)
2019-09-25 04:50:47,435 [pool-47-thread-1] INFO  server.RaftServerConfigKeys (ConfUtils.java:logGet(43)) - raft.server.snapshot.auto.trigger.threshold = 10000 (custom)
2019-09-25 04:50:47,435 [pool-27-thread-1] INFO  server.RaftServerConfigKeys (ConfUtils.java:logGet(43)) - raft.server.log.statemachine.data.sync.timeout = 10s (default)
2019-09-25 04:50:47,438 [pool-47-thread-1] INFO  server.RaftServerConfigKeys (ConfUtils.java:logGet(43)) - raft.server.snapshot.retention.num.files = 5 (custom)
2019-09-25 04:50:47,438 [45f1801e-7cfd-420a-bb39-98f19dcc81c3@group-21891154694B-SegmentedRaftLogWorker] INFO  impl.RoleInfo (RoleInfo.java:shutdownLeaderState(104)) - 45f1801e-7cfd-420a-bb39-98f19dcc81c3: shutdown LeaderState
2019-09-25 04:50:47,438 [45f1801e-7cfd-420a-bb39-98f19dcc81c3@group-3D3220A443A3-SegmentedRaftLogWorker] INFO  impl.RoleInfo (RoleInfo.java:shutdownLeaderState(104)) - 45f1801e-7cfd-420a-bb39-98f19dcc81c3: shutdown LeaderState
2019-09-25 04:50:47,437 [aabdae46-dcfa-45e6-b665-2c47bb305ebb@group-7079C96F35A2-SegmentedRaftLogWorker] INFO  impl.PendingRequests (PendingRequests.java:sendNotLeaderResponses(202)) - aabdae46-dcfa-45e6-b665-2c47bb305ebb-PendingRequests: sendNotLeaderResponses
2019-09-25 04:50:47,437 [a167ab1f-c96d-409e-bb26-ea230783d833@group-8777D69019BB-SegmentedRaftLogWorker] INFO  util.JmxRegister (JmxRegister.java:unregister(73)) - Successfully un-registered JMX Bean with object name Ratis:service=RaftServer,group=group-8777D69019BB,id=a167ab1f-c96d-409e-bb26-ea230783d833
2019-09-25 04:50:47,439 [a167ab1f-c96d-409e-bb26-ea230783d833@group-8777D69019BB-SegmentedRaftLogWorker] INFO  impl.RoleInfo (RoleInfo.java:shutdownLeaderState(104)) - a167ab1f-c96d-409e-bb26-ea230783d833: shutdown LeaderState
2019-09-25 04:50:47,437 [b40ef231-6505-402b-ae57-fc0dc67cbbe8@group-83FDB22A65E4-SegmentedRaftLogWorker] INFO  util.JmxRegister (JmxRegister.java:unregister(73)) - Successfully un-registered JMX Bean with object name Ratis:service=RaftServer,group=group-83FDB22A65E4,id=b40ef231-6505-402b-ae57-fc0dc67cbbe8
2019-09-25 04:50:47,439 [a167ab1f-c96d-409e-bb26-ea230783d833@group-8777D69019BB-SegmentedRaftLogWorker] INFO  impl.PendingRequests (PendingRequests.java:sendNotLeaderResponses(202)) - a167ab1f-c96d-409e-bb26-ea230783d833-PendingRequests: sendNotLeaderResponses
2019-09-25 04:50:47,439 [aabdae46-dcfa-45e6-b665-2c47bb305ebb@group-7079C96F35A2-SegmentedRaftLogWorker] INFO  impl.StateMachineUpdater (StateMachineUpdater.java:stopAndJoin(125)) - aabdae46-dcfa-45e6-b665-2c47bb305ebb@group-7079C96F35A2-StateMachineUpdater: set stopIndex = -1
2019-09-25 04:50:47,440 [aabdae46-dcfa-45e6-b665-2c47bb305ebb@group-7079C96F35A2-SegmentedRaftLogWorker] INFO  impl.RaftServerImpl (ServerState.java:close(385)) - aabdae46-dcfa-45e6-b665-2c47bb305ebb@group-7079C96F35A2: closes. applyIndex: -1
2019-09-25 04:50:47,439 [45f1801e-7cfd-420a-bb39-98f19dcc81c3@group-3D3220A443A3-SegmentedRaftLogWorker] INFO  impl.PendingRequests (PendingRequests.java:sendNotLeaderResponses(202)) - 45f1801e-7cfd-420a-bb39-98f19dcc81c3-PendingRequests: sendNotLeaderResponses
2019-09-25 04:50:47,439 [45f1801e-7cfd-420a-bb39-98f19dcc81c3@group-21891154694B-SegmentedRaftLogWorker] INFO  impl.PendingRequests (PendingRequests.java:sendNotLeaderResponses(202)) - 45f1801e-7cfd-420a-bb39-98f19dcc81c3-PendingRequests: sendNotLeaderResponses
2019-09-25 04:50:47,439 [pool-27-thread-1] INFO  server.RaftServerConfigKeys (ConfUtils.java:logGet(43)) - raft.server.log.statemachine.data.sync.timeout.retry = -1 (default)
2019-09-25 04:50:47,440 [45f1801e-7cfd-420a-bb39-98f19dcc81c3@group-21891154694B-SegmentedRaftLogWorker] INFO  impl.StateMachineUpdater (StateMachineUpdater.java:stopAndJoin(125)) - 45f1801e-7cfd-420a-bb39-98f19dcc81c3@group-21891154694B-StateMachineUpdater: set stopIndex = -1
2019-09-25 04:50:47,440 [45f1801e-7cfd-420a-bb39-98f19dcc81c3@group-21891154694B-SegmentedRaftLogWorker] INFO  impl.RaftServerImpl (ServerState.java:close(385)) - 45f1801e-7cfd-420a-bb39-98f19dcc81c3@group-21891154694B: closes. applyIndex: -1
2019-09-25 04:50:47,440 [45f1801e-7cfd-420a-bb39-98f19dcc81c3@group-3D3220A443A3-SegmentedRaftLogWorker] INFO  impl.StateMachineUpdater (StateMachineUpdater.java:stopAndJoin(125)) - 45f1801e-7cfd-420a-bb39-98f19dcc81c3@group-3D3220A443A3-StateMachineUpdater: set stopIndex = -1
2019-09-25 04:50:47,440 [aabdae46-dcfa-45e6-b665-2c47bb305ebb@group-7079C96F35A2-SegmentedRaftLogWorker] INFO  segmented.SegmentedRaftLogWorker (SegmentedRaftLogWorker.java:close(228)) - aabdae46-dcfa-45e6-b665-2c47bb305ebb@group-7079C96F35A2-SegmentedRaftLogWorker close()
2019-09-25 04:50:47,440 [a167ab1f-c96d-409e-bb26-ea230783d833@group-8777D69019BB-SegmentedRaftLogWorker] INFO  impl.StateMachineUpdater (StateMachineUpdater.java:stopAndJoin(125)) - a167ab1f-c96d-409e-bb26-ea230783d833@group-8777D69019BB-StateMachineUpdater: set stopIndex = -1
2019-09-25 04:50:47,441 [a167ab1f-c96d-409e-bb26-ea230783d833@group-8777D69019BB-SegmentedRaftLogWorker] INFO  impl.RaftServerImpl (ServerState.java:close(385)) - a167ab1f-c96d-409e-bb26-ea230783d833@group-8777D69019BB: closes. applyIndex: -1
2019-09-25 04:50:47,439 [b40ef231-6505-402b-ae57-fc0dc67cbbe8@group-83FDB22A65E4-SegmentedRaftLogWorker] INFO  impl.RoleInfo (RoleInfo.java:shutdownLeaderState(104)) - b40ef231-6505-402b-ae57-fc0dc67cbbe8: shutdown LeaderState
2019-09-25 04:50:47,441 [a167ab1f-c96d-409e-bb26-ea230783d833@group-8777D69019BB-SegmentedRaftLogWorker] INFO  segmented.SegmentedRaftLogWorker (SegmentedRaftLogWorker.java:close(228)) - a167ab1f-c96d-409e-bb26-ea230783d833@group-8777D69019BB-SegmentedRaftLogWorker close()
2019-09-25 04:50:47,440 [45f1801e-7cfd-420a-bb39-98f19dcc81c3@group-3D3220A443A3-SegmentedRaftLogWorker] INFO  impl.RaftServerImpl (ServerState.java:close(385)) - 45f1801e-7cfd-420a-bb39-98f19dcc81c3@group-3D3220A443A3: closes. applyIndex: -1
2019-09-25 04:50:47,440 [45f1801e-7cfd-420a-bb39-98f19dcc81c3@group-21891154694B-SegmentedRaftLogWorker] INFO  segmented.SegmentedRaftLogWorker (SegmentedRaftLogWorker.java:close(228)) - 45f1801e-7cfd-420a-bb39-98f19dcc81c3@group-21891154694B-SegmentedRaftLogWorker close()
2019-09-25 04:50:47,441 [45f1801e-7cfd-420a-bb39-98f19dcc81c3@group-3D3220A443A3-SegmentedRaftLogWorker] INFO  segmented.SegmentedRaftLogWorker (SegmentedRaftLogWorker.java:close(228)) - 45f1801e-7cfd-420a-bb39-98f19dcc81c3@group-3D3220A443A3-SegmentedRaftLogWorker close()
2019-09-25 04:50:47,441 [b40ef231-6505-402b-ae57-fc0dc67cbbe8@group-83FDB22A65E4-SegmentedRaftLogWorker] INFO  impl.PendingRequests (PendingRequests.java:sendNotLeaderResponses(202)) - b40ef231-6505-402b-ae57-fc0dc67cbbe8-PendingRequests: sendNotLeaderResponses
2019-09-25 04:50:47,442 [b40ef231-6505-402b-ae57-fc0dc67cbbe8@group-83FDB22A65E4-SegmentedRaftLogWorker] INFO  impl.StateMachineUpdater (StateMachineUpdater.java:stopAndJoin(125)) - b40ef231-6505-402b-ae57-fc0dc67cbbe8@group-83FDB22A65E4-StateMachineUpdater: set stopIndex = -1
2019-09-25 04:50:47,442 [b40ef231-6505-402b-ae57-fc0dc67cbbe8@group-83FDB22A65E4-SegmentedRaftLogWorker] INFO  impl.RaftServerImpl (ServerState.java:close(385)) - b40ef231-6505-402b-ae57-fc0dc67cbbe8@group-83FDB22A65E4: closes. applyIndex: -1
2019-09-25 04:50:47,442 [b40ef231-6505-402b-ae57-fc0dc67cbbe8@group-83FDB22A65E4-SegmentedRaftLogWorker] INFO  segmented.SegmentedRaftLogWorker (SegmentedRaftLogWorker.java:close(228)) - b40ef231-6505-402b-ae57-fc0dc67cbbe8@group-83FDB22A65E4-SegmentedRaftLogWorker close()
2019-09-25 04:50:47,475 [pool-27-thread-1] INFO  server.RaftServerConfigKeys (ConfUtils.java:logGet(43)) - raft.server.log.statemachine.data.caching.enabled = true (custom)
2019-09-25 04:50:47,475 [pool-47-thread-1] INFO  server.RaftServerConfigKeys (ConfUtils.java:logGet(43)) - raft.server.retrycache.expirytime = 600000ms (custom)
2019-09-25 04:50:47,475 [pool-67-thread-1] INFO  server.RaftServerConfigKeys (ConfUtils.java:logGet(43)) - raft.server.snapshot.auto.trigger.enabled = true (custom)
2019-09-25 04:50:47,475 [pool-37-thread-1] INFO  server.RaftServerConfigKeys (ConfUtils.java:logGet(43)) - raft.server.snapshot.auto.trigger.enabled = true (custom)
2019-09-25 04:50:47,480 [pool-37-thread-1] INFO  server.RaftServerConfigKeys (ConfUtils.java:logGet(43)) - raft.server.snapshot.auto.trigger.threshold = 10000 (custom)
2019-09-25 04:50:47,475 [pool-27-thread-1] INFO  segmented.SegmentedRaftLogWorker (SegmentedRaftLogWorker.java:lambda$new$0(132)) - c35819d4-86f4-4223-a458-676070fe0cbb@group-240D96E10ED7-SegmentedRaftLogWorker: flushIndex: setUnconditionally 0 -> -1
2019-09-25 04:50:47,480 [pool-37-thread-1] INFO  server.RaftServerConfigKeys (ConfUtils.java:logGet(43)) - raft.server.snapshot.retention.num.files = 5 (custom)
2019-09-25 04:50:47,479 [pool-67-thread-1] INFO  server.RaftServerConfigKeys (ConfUtils.java:logGet(43)) - raft.server.snapshot.auto.trigger.threshold = 10000 (custom)
2019-09-25 04:50:47,480 [pool-37-thread-1] INFO  server.RaftServerConfigKeys (ConfUtils.java:logGet(43)) - raft.server.retrycache.expirytime = 600000ms (custom)
2019-09-25 04:50:47,480 [pool-27-thread-1] INFO  server.RaftServerConfigKeys (ConfUtils.java:logGet(43)) - raft.server.snapshot.auto.trigger.enabled = true (custom)
2019-09-25 04:50:47,480 [pool-67-thread-1] INFO  server.RaftServerConfigKeys (ConfUtils.java:logGet(43)) - raft.server.snapshot.retention.num.files = 5 (custom)
2019-09-25 04:50:47,481 [pool-27-thread-1] INFO  server.RaftServerConfigKeys (ConfUtils.java:logGet(43)) - raft.server.snapshot.auto.trigger.threshold = 10000 (custom)
2019-09-25 04:50:47,481 [pool-67-thread-1] INFO  server.RaftServerConfigKeys (ConfUtils.java:logGet(43)) - raft.server.retrycache.expirytime = 600000ms (custom)
2019-09-25 04:50:47,481 [pool-27-thread-1] INFO  server.RaftServerConfigKeys (ConfUtils.java:logGet(43)) - raft.server.snapshot.retention.num.files = 5 (custom)
2019-09-25 04:50:47,481 [pool-27-thread-1] INFO  server.RaftServerConfigKeys (ConfUtils.java:logGet(43)) - raft.server.retrycache.expirytime = 600000ms (custom)
2019-09-25 04:50:47,686 [pool-27-thread-1] INFO  impl.RaftServerImpl (RaftServerImpl.java:start(185)) - c35819d4-86f4-4223-a458-676070fe0cbb@group-240D96E10ED7: start as a follower, conf=-1: [c35819d4-86f4-4223-a458-676070fe0cbb:192.168.151.106:44434, aabdae46-dcfa-45e6-b665-2c47bb305ebb:192.168.151.106:41436, b40ef231-6505-402b-ae57-fc0dc67cbbe8:192.168.151.106:41861], old=null
2019-09-25 04:50:47,687 [pool-27-thread-1] INFO  impl.RaftServerImpl (RaftServerImpl.java:setRole(174)) - c35819d4-86f4-4223-a458-676070fe0cbb@group-240D96E10ED7: changes role from      null to FOLLOWER at term 0 for startAsFollower
2019-09-25 04:50:47,687 [pool-27-thread-1] INFO  impl.RoleInfo (RoleInfo.java:updateAndGet(143)) - c35819d4-86f4-4223-a458-676070fe0cbb: start FollowerState
2019-09-25 04:50:47,688 [pool-27-thread-1] INFO  util.JmxRegister (JmxRegister.java:tryRegister(44)) - Successfully registered JMX Bean with object name Ratis:service=RaftServer,group=group-240D96E10ED7,id=c35819d4-86f4-4223-a458-676070fe0cbb
2019-09-25 04:50:47,708 [pool-67-thread-1] INFO  impl.RaftServerImpl (RaftServerImpl.java:<init>(95)) - aabdae46-dcfa-45e6-b665-2c47bb305ebb: new RaftServerImpl for group-240D96E10ED7:[c35819d4-86f4-4223-a458-676070fe0cbb:192.168.151.106:44434, aabdae46-dcfa-45e6-b665-2c47bb305ebb:192.168.151.106:41436, b40ef231-6505-402b-ae57-fc0dc67cbbe8:192.168.151.106:41861] with ContainerStateMachine:uninitialized
2019-09-25 04:50:47,709 [pool-67-thread-1] INFO  server.RaftServerConfigKeys (ConfUtils.java:logGet(43)) - raft.server.rpc.timeout.min = 5s (custom)
2019-09-25 04:50:47,709 [pool-67-thread-1] INFO  server.RaftServerConfigKeys (ConfUtils.java:logGet(43)) - raft.server.rpc.timeout.max = 5200ms (custom)
2019-09-25 04:50:47,709 [pool-67-thread-1] INFO  server.RaftServerConfigKeys (ConfUtils.java:logGet(43)) - raft.server.rpcslowness.timeout = 120s (custom)
2019-09-25 04:50:47,709 [pool-67-thread-1] INFO  server.RaftServerConfigKeys (ConfUtils.java:logGet(43)) - raft.server.sleep.deviation.threshold = 300 (default)
2019-09-25 04:50:47,709 [pool-67-thread-1] INFO  server.RaftServerConfigKeys (ConfUtils.java:logGet(43)) - raft.server.log.appender.install.snapshot.enabled = false (custom)
2019-09-25 04:50:47,709 [pool-67-thread-1] INFO  impl.RaftServerImpl (ServerState.java:<init>(103)) - aabdae46-dcfa-45e6-b665-2c47bb305ebb@group-240D96E10ED7: ConfigurationManager, init=-1: [c35819d4-86f4-4223-a458-676070fe0cbb:192.168.151.106:44434, aabdae46-dcfa-45e6-b665-2c47bb305ebb:192.168.151.106:41436, b40ef231-6505-402b-ae57-fc0dc67cbbe8:192.168.151.106:41861], old=null, confs=<EMPTY_MAP>
2019-09-25 04:50:47,709 [pool-67-thread-1] INFO  server.RaftServerConfigKeys (ConfUtils.java:logGet(43)) - raft.server.storage.dir = [/workdir/hadoop-ozone/integration-test/target/test-dir/MiniOzoneClusterImpl-72f6cbb0-c919-4300-9939-20ef1cbf0e73/datanode-4/data/ratis] (custom)
2019-09-25 04:50:47,710 [pool-37-thread-1] INFO  impl.RaftServerImpl (RaftServerImpl.java:<init>(95)) - b40ef231-6505-402b-ae57-fc0dc67cbbe8: new RaftServerImpl for group-240D96E10ED7:[c35819d4-86f4-4223-a458-676070fe0cbb:192.168.151.106:44434, aabdae46-dcfa-45e6-b665-2c47bb305ebb:192.168.151.106:41436, b40ef231-6505-402b-ae57-fc0dc67cbbe8:192.168.151.106:41861] with ContainerStateMachine:uninitialized
2019-09-25 04:50:47,710 [pool-67-thread-1] INFO  storage.RaftStorageDirectory (RaftStorageDirectory.java:analyzeStorage(246)) - The storage directory /workdir/hadoop-ozone/integration-test/target/test-dir/MiniOzoneClusterImpl-72f6cbb0-c919-4300-9939-20ef1cbf0e73/datanode-4/data/ratis/af817ea4-e61a-46f2-8d96-240d96e10ed7 does not exist. Creating ...
2019-09-25 04:50:47,710 [pool-37-thread-1] INFO  server.RaftServerConfigKeys (ConfUtils.java:logGet(43)) - raft.server.rpc.timeout.min = 5s (custom)
2019-09-25 04:50:47,710 [pool-37-thread-1] INFO  server.RaftServerConfigKeys (ConfUtils.java:logGet(43)) - raft.server.rpc.timeout.max = 5200ms (custom)
2019-09-25 04:50:47,710 [pool-37-thread-1] INFO  server.RaftServerConfigKeys (ConfUtils.java:logGet(43)) - raft.server.rpcslowness.timeout = 120s (custom)
2019-09-25 04:50:47,710 [pool-37-thread-1] INFO  server.RaftServerConfigKeys (ConfUtils.java:logGet(43)) - raft.server.sleep.deviation.threshold = 300 (default)
2019-09-25 04:50:47,710 [pool-37-thread-1] INFO  server.RaftServerConfigKeys (ConfUtils.java:logGet(43)) - raft.server.log.appender.install.snapshot.enabled = false (custom)
2019-09-25 04:50:47,710 [pool-47-thread-1] INFO  impl.RaftServerImpl (RaftServerImpl.java:start(185)) - a167ab1f-c96d-409e-bb26-ea230783d833@group-3FD18C2280E4: start as a follower, conf=-1: [a167ab1f-c96d-409e-bb26-ea230783d833:192.168.151.106:33404, aabdae46-dcfa-45e6-b665-2c47bb305ebb:192.168.151.106:41436, b40ef231-6505-402b-ae57-fc0dc67cbbe8:192.168.151.106:41861], old=null
2019-09-25 04:50:47,710 [pool-37-thread-1] INFO  impl.RaftServerImpl (ServerState.java:<init>(103)) - b40ef231-6505-402b-ae57-fc0dc67cbbe8@group-240D96E10ED7: ConfigurationManager, init=-1: [c35819d4-86f4-4223-a458-676070fe0cbb:192.168.151.106:44434, aabdae46-dcfa-45e6-b665-2c47bb305ebb:192.168.151.106:41436, b40ef231-6505-402b-ae57-fc0dc67cbbe8:192.168.151.106:41861], old=null, confs=<EMPTY_MAP>
2019-09-25 04:50:47,710 [pool-47-thread-1] INFO  impl.RaftServerImpl (RaftServerImpl.java:setRole(174)) - a167ab1f-c96d-409e-bb26-ea230783d833@group-3FD18C2280E4: changes role from      null to FOLLOWER at term 0 for startAsFollower
2019-09-25 04:50:47,711 [pool-37-thread-1] INFO  server.RaftServerConfigKeys (ConfUtils.java:logGet(43)) - raft.server.storage.dir = [/workdir/hadoop-ozone/integration-test/target/test-dir/MiniOzoneClusterImpl-72f6cbb0-c919-4300-9939-20ef1cbf0e73/datanode-1/data/ratis] (custom)
2019-09-25 04:50:47,711 [pool-47-thread-1] INFO  impl.RoleInfo (RoleInfo.java:updateAndGet(143)) - a167ab1f-c96d-409e-bb26-ea230783d833: start FollowerState
2019-09-25 04:50:47,711 [a167ab1f-c96d-409e-bb26-ea230783d833@group-0DBE9B28DA20:LeaderElection125] INFO  impl.RoleInfo (RoleInfo.java:updateAndGet(143)) - a167ab1f-c96d-409e-bb26-ea230783d833: start LeaderState
2019-09-25 04:50:47,711 [pool-37-thread-1] INFO  storage.RaftStorageDirectory (RaftStorageDirectory.java:analyzeStorage(246)) - The storage directory /workdir/hadoop-ozone/integration-test/target/test-dir/MiniOzoneClusterImpl-72f6cbb0-c919-4300-9939-20ef1cbf0e73/datanode-1/data/ratis/af817ea4-e61a-46f2-8d96-240d96e10ed7 does not exist. Creating ...
2019-09-25 04:50:47,711 [a167ab1f-c96d-409e-bb26-ea230783d833@group-B4FD14FF07AB:LeaderElection113] INFO  impl.RoleInfo (RoleInfo.java:updateAndGet(143)) - a167ab1f-c96d-409e-bb26-ea230783d833: start LeaderState
2019-09-25 04:50:47,711 [a167ab1f-c96d-409e-bb26-ea230783d833@group-0DBE9B28DA20:LeaderElection125] INFO  segmented.SegmentedRaftLogWorker (SegmentedRaftLogWorker.java:startLogSegment(380)) - a167ab1f-c96d-409e-bb26-ea230783d833@group-0DBE9B28DA20-SegmentedRaftLogWorker: Starting segment from index:0
2019-09-25 04:50:47,711 [a167ab1f-c96d-409e-bb26-ea230783d833@group-B4FD14FF07AB:LeaderElection113] INFO  segmented.SegmentedRaftLogWorker (SegmentedRaftLogWorker.java:startLogSegment(380)) - a167ab1f-c96d-409e-bb26-ea230783d833@group-B4FD14FF07AB-SegmentedRaftLogWorker: Starting segment from index:0
2019-09-25 04:50:47,711 [pool-47-thread-1] INFO  util.JmxRegister (JmxRegister.java:tryRegister(44)) - Successfully registered JMX Bean with object name Ratis:service=RaftServer,group=group-3FD18C2280E4,id=a167ab1f-c96d-409e-bb26-ea230783d833
2019-09-25 04:50:47,973 [a167ab1f-c96d-409e-bb26-ea230783d833@group-0DBE9B28DA20:LeaderElection125] INFO  impl.RaftServerImpl (ServerState.java:setRaftConf(354)) - a167ab1f-c96d-409e-bb26-ea230783d833@group-0DBE9B28DA20: set configuration 0: [a167ab1f-c96d-409e-bb26-ea230783d833:192.168.151.106:33404], old=null at 0
2019-09-25 04:50:47,973 [pool-67-thread-1] INFO  storage.RaftStorageDirectory (RaftStorageDirectory.java:tryLock(328)) - Lock on /workdir/hadoop-ozone/integration-test/target/test-dir/MiniOzoneClusterImpl-72f6cbb0-c919-4300-9939-20ef1cbf0e73/datanode-4/data/ratis/af817ea4-e61a-46f2-8d96-240d96e10ed7/in_use.lock acquired by nodename 13648@pr-hdds-1569-x2sr2-3486766547
2019-09-25 04:50:47,973 [pool-37-thread-1] INFO  storage.RaftStorageDirectory (RaftStorageDirectory.java:tryLock(328)) - Lock on /workdir/hadoop-ozone/integration-test/target/test-dir/MiniOzoneClusterImpl-72f6cbb0-c919-4300-9939-20ef1cbf0e73/datanode-1/data/ratis/af817ea4-e61a-46f2-8d96-240d96e10ed7/in_use.lock acquired by nodename 13648@pr-hdds-1569-x2sr2-3486766547
2019-09-25 04:50:47,971 [9216b865-ce6b-4fb7-bc99-65479a86b6eb@group-D51CC7C69CA8-SegmentedRaftLogWorker] ERROR segmented.SegmentedRaftLogWorker (SegmentedRaftLogWorker.java:run(323)) - 9216b865-ce6b-4fb7-bc99-65479a86b6eb@group-D51CC7C69CA8-SegmentedRaftLogWorker hit exception
java.lang.OutOfMemoryError: Direct buffer memory
	at java.nio.Bits.reserveMemory(Bits.java:666)
	at java.nio.DirectByteBuffer.<init>(DirectByteBuffer.java:123)
	at java.nio.ByteBuffer.allocateDirect(ByteBuffer.java:311)
	at org.apache.ratis.server.raftlog.segmented.BufferedWriteChannel.<init>(BufferedWriteChannel.java:41)
	at org.apache.ratis.server.raftlog.segmented.SegmentedRaftLogOutputStream.<init>(SegmentedRaftLogOutputStream.java:72)
	at org.apache.ratis.server.raftlog.segmented.SegmentedRaftLogWorker$StartLogSegment.execute(SegmentedRaftLogWorker.java:566)
	at org.apache.ratis.server.raftlog.segmented.SegmentedRaftLogWorker.run(SegmentedRaftLogWorker.java:289)
	at java.lang.Thread.run(Thread.java:748)
2019-09-25 04:50:47,959 [aabdae46-dcfa-45e6-b665-2c47bb305ebb@group-97D52EA2DC36-SegmentedRaftLogWorker] ERROR segmented.SegmentedRaftLogWorker (SegmentedRaftLogWorker.java:run(323)) - aabdae46-dcfa-45e6-b665-2c47bb305ebb@group-97D52EA2DC36-SegmentedRaftLogWorker hit exception
java.lang.OutOfMemoryError: Direct buffer memory
	at java.nio.Bits.reserveMemory(Bits.java:666)
	at java.nio.DirectByteBuffer.<init>(DirectByteBuffer.java:123)
	at java.nio.ByteBuffer.allocateDirect(ByteBuffer.java:311)
	at org.apache.ratis.server.raftlog.segmented.BufferedWriteChannel.<init>(BufferedWriteChannel.java:41)
	at org.apache.ratis.server.raftlog.segmented.SegmentedRaftLogOutputStream.<init>(SegmentedRaftLogOutputStream.java:72)
	at org.apache.ratis.server.raftlog.segmented.SegmentedRaftLogWorker$StartLogSegment.execute(SegmentedRaftLogWorker.java:566)
	at org.apache.ratis.server.raftlog.segmented.SegmentedRaftLogWorker.run(SegmentedRaftLogWorker.java:289)
	at java.lang.Thread.run(Thread.java:748)
2019-09-25 04:50:47,959 [45f1801e-7cfd-420a-bb39-98f19dcc81c3@group-D9916A13DB6B-SegmentedRaftLogWorker] ERROR segmented.SegmentedRaftLogWorker (SegmentedRaftLogWorker.java:run(323)) - 45f1801e-7cfd-420a-bb39-98f19dcc81c3@group-D9916A13DB6B-SegmentedRaftLogWorker hit exception
java.lang.OutOfMemoryError: Direct buffer memory
	at java.nio.Bits.reserveMemory(Bits.java:666)
	at java.nio.DirectByteBuffer.<init>(DirectByteBuffer.java:123)
	at java.nio.ByteBuffer.allocateDirect(ByteBuffer.java:311)
	at org.apache.ratis.server.raftlog.segmented.BufferedWriteChannel.<init>(BufferedWriteChannel.java:41)
	at org.apache.ratis.server.raftlog.segmented.SegmentedRaftLogOutputStream.<init>(SegmentedRaftLogOutputStream.java:72)
	at org.apache.ratis.server.raftlog.segmented.SegmentedRaftLogWorker$StartLogSegment.execute(SegmentedRaftLogWorker.java:566)
	at org.apache.ratis.server.raftlog.segmented.SegmentedRaftLogWorker.run(SegmentedRaftLogWorker.java:289)
	at java.lang.Thread.run(Thread.java:748)
2019-09-25 04:50:47,959 [b40ef231-6505-402b-ae57-fc0dc67cbbe8@group-ED8CE7F11753-SegmentedRaftLogWorker] ERROR segmented.SegmentedRaftLogWorker (SegmentedRaftLogWorker.java:run(323)) - b40ef231-6505-402b-ae57-fc0dc67cbbe8@group-ED8CE7F11753-SegmentedRaftLogWorker hit exception
java.lang.OutOfMemoryError: Direct buffer memory
	at java.nio.Bits.reserveMemory(Bits.java:666)
	at java.nio.DirectByteBuffer.<init>(DirectByteBuffer.java:123)
	at java.nio.ByteBuffer.allocateDirect(ByteBuffer.java:311)
	at org.apache.ratis.server.raftlog.segmented.BufferedWriteChannel.<init>(BufferedWriteChannel.java:41)
	at org.apache.ratis.server.raftlog.segmented.SegmentedRaftLogOutputStream.<init>(SegmentedRaftLogOutputStream.java:72)
	at org.apache.ratis.server.raftlog.segmented.SegmentedRaftLogWorker$StartLogSegment.execute(SegmentedRaftLogWorker.java:566)
	at org.apache.ratis.server.raftlog.segmented.SegmentedRaftLogWorker.run(SegmentedRaftLogWorker.java:289)
	at java.lang.Thread.run(Thread.java:748)
2019-09-25 04:50:48,201 [4f7802c6-3418-4fbd-b0c6-a8e36fcecb0a@group-C31AE2B01B96:LeaderElection112] INFO  impl.RoleInfo (RoleInfo.java:updateAndGet(143)) - 4f7802c6-3418-4fbd-b0c6-a8e36fcecb0a: start LeaderState
2019-09-25 04:50:47,959 [45f1801e-7cfd-420a-bb39-98f19dcc81c3@group-E913C43F8E9C-SegmentedRaftLogWorker] ERROR segmented.SegmentedRaftLogWorker (SegmentedRaftLogWorker.java:run(323)) - 45f1801e-7cfd-420a-bb39-98f19dcc81c3@group-E913C43F8E9C-SegmentedRaftLogWorker hit exception
java.lang.OutOfMemoryError: Direct buffer memory
	at java.nio.Bits.reserveMemory(Bits.java:666)
	at java.nio.DirectByteBuffer.<init>(DirectByteBuffer.java:123)
	at java.nio.ByteBuffer.allocateDirect(ByteBuffer.java:311)
	at org.apache.ratis.server.raftlog.segmented.BufferedWriteChannel.<init>(BufferedWriteChannel.java:41)
	at org.apache.ratis.server.raftlog.segmented.SegmentedRaftLogOutputStream.<init>(SegmentedRaftLogOutputStream.java:72)
	at org.apache.ratis.server.raftlog.segmented.SegmentedRaftLogWorker$StartLogSegment.execute(SegmentedRaftLogWorker.java:566)
	at org.apache.ratis.server.raftlog.segmented.SegmentedRaftLogWorker.run(SegmentedRaftLogWorker.java:289)
	at java.lang.Thread.run(Thread.java:748)
2019-09-25 04:50:48,201 [45f1801e-7cfd-420a-bb39-98f19dcc81c3@group-E913C43F8E9C-SegmentedRaftLogWorker] INFO  impl.RaftServerImpl (RaftServerImpl.java:lambda$shutdown$3(251)) - 45f1801e-7cfd-420a-bb39-98f19dcc81c3@group-E913C43F8E9C: shutdown
2019-09-25 04:50:47,711 [c35819d4-86f4-4223-a458-676070fe0cbb@group-5A281C16F5FF:LeaderElection124] INFO  impl.RoleInfo (RoleInfo.java:updateAndGet(143)) - c35819d4-86f4-4223-a458-676070fe0cbb: start LeaderState
2019-09-25 04:50:48,201 [45f1801e-7cfd-420a-bb39-98f19dcc81c3@group-E913C43F8E9C-SegmentedRaftLogWorker] INFO  util.JmxRegister (JmxRegister.java:unregister(73)) - Successfully un-registered JMX Bean with object name Ratis:service=RaftServer,group=group-E913C43F8E9C,id=45f1801e-7cfd-420a-bb39-98f19dcc81c3
2019-09-25 04:50:48,201 [4f7802c6-3418-4fbd-b0c6-a8e36fcecb0a@group-C31AE2B01B96:LeaderElection112] INFO  segmented.SegmentedRaftLogWorker (SegmentedRaftLogWorker.java:startLogSegment(380)) - 4f7802c6-3418-4fbd-b0c6-a8e36fcecb0a@group-C31AE2B01B96-SegmentedRaftLogWorker: Starting segment from index:0
2019-09-25 04:50:48,201 [a167ab1f-c96d-409e-bb26-ea230783d833@group-B5C234A72D45:LeaderElection110] INFO  impl.RoleInfo (RoleInfo.java:updateAndGet(143)) - a167ab1f-c96d-409e-bb26-ea230783d833: start LeaderState
2019-09-25 04:50:48,201 [9216b865-ce6b-4fb7-bc99-65479a86b6eb@group-4CF16EF24DD7:LeaderElection109] INFO  impl.RoleInfo (RoleInfo.java:updateAndGet(143)) - 9216b865-ce6b-4fb7-bc99-65479a86b6eb: start LeaderState
2019-09-25 04:50:48,202 [a167ab1f-c96d-409e-bb26-ea230783d833@group-B5C234A72D45:LeaderElection110] INFO  segmented.SegmentedRaftLogWorker (SegmentedRaftLogWorker.java:startLogSegment(380)) - a167ab1f-c96d-409e-bb26-ea230783d833@group-B5C234A72D45-SegmentedRaftLogWorker: Starting segment from index:0
2019-09-25 04:50:48,201 [b40ef231-6505-402b-ae57-fc0dc67cbbe8@group-85E054ECDDC5:LeaderElection111] INFO  impl.RoleInfo (RoleInfo.java:updateAndGet(143)) - b40ef231-6505-402b-ae57-fc0dc67cbbe8: start LeaderState
2019-09-25 04:50:48,201 [b40ef231-6505-402b-ae57-fc0dc67cbbe8@group-ED8CE7F11753-SegmentedRaftLogWorker] INFO  impl.RaftServerImpl (RaftServerImpl.java:lambda$shutdown$3(251)) - b40ef231-6505-402b-ae57-fc0dc67cbbe8@group-ED8CE7F11753: shutdown
2019-09-25 04:50:48,200 [aabdae46-dcfa-45e6-b665-2c47bb305ebb@group-1B4FC63C22D2:LeaderElection122] INFO  impl.RoleInfo (RoleInfo.java:updateAndGet(143)) - aabdae46-dcfa-45e6-b665-2c47bb305ebb: start LeaderState
2019-09-25 04:50:48,200 [45f1801e-7cfd-420a-bb39-98f19dcc81c3@group-D9916A13DB6B-SegmentedRaftLogWorker] INFO  impl.RaftServerImpl (RaftServerImpl.java:lambda$shutdown$3(251)) - 45f1801e-7cfd-420a-bb39-98f19dcc81c3@group-D9916A13DB6B: shutdown
2019-09-25 04:50:48,200 [b40ef231-6505-402b-ae57-fc0dc67cbbe8@group-49F0F168AD2D:LeaderElection121] INFO  impl.RoleInfo (RoleInfo.java:updateAndGet(143)) - b40ef231-6505-402b-ae57-fc0dc67cbbe8: start LeaderState
2019-09-25 04:50:48,200 [aabdae46-dcfa-45e6-b665-2c47bb305ebb@group-97D52EA2DC36-SegmentedRaftLogWorker] INFO  impl.RaftServerImpl (RaftServerImpl.java:lambda$shutdown$3(251)) - aabdae46-dcfa-45e6-b665-2c47bb305ebb@group-97D52EA2DC36: shutdown
2019-09-25 04:50:48,200 [aabdae46-dcfa-45e6-b665-2c47bb305ebb@group-96726BA217A5:LeaderElection123] INFO  impl.RoleInfo (RoleInfo.java:updateAndGet(143)) - aabdae46-dcfa-45e6-b665-2c47bb305ebb: start LeaderState
2019-09-25 04:50:48,200 [9216b865-ce6b-4fb7-bc99-65479a86b6eb@group-D51CC7C69CA8-SegmentedRaftLogWorker] INFO  impl.RaftServerImpl (RaftServerImpl.java:lambda$shutdown$3(251)) - 9216b865-ce6b-4fb7-bc99-65479a86b6eb@group-D51CC7C69CA8: shutdown
2019-09-25 04:50:48,652 [aabdae46-dcfa-45e6-b665-2c47bb305ebb@group-96726BA217A5:LeaderElection123] INFO  segmented.SegmentedRaftLogWorker (SegmentedRaftLogWorker.java:startLogSegment(380)) - aabdae46-dcfa-45e6-b665-2c47bb305ebb@group-96726BA217A5-SegmentedRaftLogWorker: Starting segment from index:0
2019-09-25 04:50:48,200 [4f7802c6-3418-4fbd-b0c6-a8e36fcecb0a@group-5FE33B0916CC:LeaderElection114] INFO  impl.RoleInfo (RoleInfo.java:updateAndGet(143)) - 4f7802c6-3418-4fbd-b0c6-a8e36fcecb0a: start LeaderState
2019-09-25 04:50:48,199 [45f1801e-7cfd-420a-bb39-98f19dcc81c3@group-09867BC18A06:LeaderElection120] INFO  impl.RoleInfo (RoleInfo.java:updateAndGet(143)) - 45f1801e-7cfd-420a-bb39-98f19dcc81c3: start LeaderState
2019-09-25 04:50:47,973 [a167ab1f-c96d-409e-bb26-ea230783d833@group-B4FD14FF07AB:LeaderElection113] INFO  impl.RaftServerImpl (ServerState.java:setRaftConf(354)) - a167ab1f-c96d-409e-bb26-ea230783d833@group-B4FD14FF07AB: set configuration 0: [a167ab1f-c96d-409e-bb26-ea230783d833:192.168.151.106:33404], old=null at 0
2019-09-25 04:50:48,653 [45f1801e-7cfd-420a-bb39-98f19dcc81c3@group-09867BC18A06:LeaderElection120] INFO  segmented.SegmentedRaftLogWorker (SegmentedRaftLogWorker.java:startLogSegment(380)) - 45f1801e-7cfd-420a-bb39-98f19dcc81c3@group-09867BC18A06-SegmentedRaftLogWorker: Starting segment from index:0
2019-09-25 04:50:48,653 [aabdae46-dcfa-45e6-b665-2c47bb305ebb@group-96726BA217A5:LeaderElection123] INFO  impl.RaftServerImpl (ServerState.java:setRaftConf(354)) - aabdae46-dcfa-45e6-b665-2c47bb305ebb@group-96726BA217A5: set configuration 0: [aabdae46-dcfa-45e6-b665-2c47bb305ebb:192.168.151.106:41436], old=null at 0
2019-09-25 04:50:48,652 [4f7802c6-3418-4fbd-b0c6-a8e36fcecb0a@group-5FE33B0916CC:LeaderElection114] INFO  segmented.SegmentedRaftLogWorker (SegmentedRaftLogWorker.java:startLogSegment(380)) - 4f7802c6-3418-4fbd-b0c6-a8e36fcecb0a@group-5FE33B0916CC-SegmentedRaftLogWorker: Starting segment from index:0
2019-09-25 04:50:48,652 [9216b865-ce6b-4fb7-bc99-65479a86b6eb@group-D51CC7C69CA8-SegmentedRaftLogWorker] INFO  util.JmxRegister (JmxRegister.java:unregister(73)) - Successfully un-registered JMX Bean with object name Ratis:service=RaftServer,group=group-D51CC7C69CA8,id=9216b865-ce6b-4fb7-bc99-65479a86b6eb
2019-09-25 04:50:48,652 [aabdae46-dcfa-45e6-b665-2c47bb305ebb@group-97D52EA2DC36-SegmentedRaftLogWorker] INFO  util.JmxRegister (JmxRegister.java:unregister(73)) - Successfully un-registered JMX Bean with object name Ratis:service=RaftServer,group=group-97D52EA2DC36,id=aabdae46-dcfa-45e6-b665-2c47bb305ebb
2019-09-25 04:50:49,073 [4f7802c6-3418-4fbd-b0c6-a8e36fcecb0a@group-5FE33B0916CC:LeaderElection114] INFO  impl.RaftServerImpl (ServerState.java:setRaftConf(354)) - 4f7802c6-3418-4fbd-b0c6-a8e36fcecb0a@group-5FE33B0916CC: set configuration 0: [4f7802c6-3418-4fbd-b0c6-a8e36fcecb0a:192.168.151.106:42026], old=null at 0
2019-09-25 04:50:48,652 [b40ef231-6505-402b-ae57-fc0dc67cbbe8@group-49F0F168AD2D:LeaderElection121] INFO  segmented.SegmentedRaftLogWorker (SegmentedRaftLogWorker.java:startLogSegment(380)) - b40ef231-6505-402b-ae57-fc0dc67cbbe8@group-49F0F168AD2D-SegmentedRaftLogWorker: Starting segment from index:0
2019-09-25 04:50:48,652 [45f1801e-7cfd-420a-bb39-98f19dcc81c3@group-D9916A13DB6B-SegmentedRaftLogWorker] INFO  util.JmxRegister (JmxRegister.java:unregister(73)) - Successfully un-registered JMX Bean with object name Ratis:service=RaftServer,group=group-D9916A13DB6B,id=45f1801e-7cfd-420a-bb39-98f19dcc81c3
2019-09-25 04:50:48,651 [aabdae46-dcfa-45e6-b665-2c47bb305ebb@group-1B4FC63C22D2:LeaderElection122] INFO  segmented.SegmentedRaftLogWorker (SegmentedRaftLogWorker.java:startLogSegment(380)) - aabdae46-dcfa-45e6-b665-2c47bb305ebb@group-1B4FC63C22D2-SegmentedRaftLogWorker: Starting segment from index:0
2019-09-25 04:50:48,651 [b40ef231-6505-402b-ae57-fc0dc67cbbe8@group-ED8CE7F11753-SegmentedRaftLogWorker] INFO  util.JmxRegister (JmxRegister.java:unregister(73)) - Successfully un-registered JMX Bean with object name Ratis:service=RaftServer,group=group-ED8CE7F11753,id=b40ef231-6505-402b-ae57-fc0dc67cbbe8
2019-09-25 04:50:48,651 [a167ab1f-c96d-409e-bb26-ea230783d833@group-B5C234A72D45:LeaderElection110] INFO  impl.RaftServerImpl (ServerState.java:setRaftConf(354)) - a167ab1f-c96d-409e-bb26-ea230783d833@group-B5C234A72D45: set configuration 0: [a167ab1f-c96d-409e-bb26-ea230783d833:192.168.151.106:33404], old=null at 0
2019-09-25 04:50:48,651 [b40ef231-6505-402b-ae57-fc0dc67cbbe8@group-85E054ECDDC5:LeaderElection111] INFO  segmented.SegmentedRaftLogWorker (SegmentedRaftLogWorker.java:startLogSegment(380)) - b40ef231-6505-402b-ae57-fc0dc67cbbe8@group-85E054ECDDC5-SegmentedRaftLogWorker: Starting segment from index:0
2019-09-25 04:50:48,402 [pool-37-thread-1] INFO  storage.RaftStorage (RaftStorage.java:format(72)) - Storage directory /workdir/hadoop-ozone/integration-test/target/test-dir/MiniOzoneClusterImpl-72f6cbb0-c919-4300-9939-20ef1cbf0e73/datanode-1/data/ratis/af817ea4-e61a-46f2-8d96-240d96e10ed7 has been successfully formatted.
2019-09-25 04:50:49,713 [b40ef231-6505-402b-ae57-fc0dc67cbbe8@group-85E054ECDDC5:LeaderElection111] INFO  impl.RaftServerImpl (ServerState.java:setRaftConf(354)) - b40ef231-6505-402b-ae57-fc0dc67cbbe8@group-85E054ECDDC5: set configuration 0: [b40ef231-6505-402b-ae57-fc0dc67cbbe8:192.168.151.106:41861], old=null at 0
2019-09-25 04:50:48,402 [pool-67-thread-1] INFO  storage.RaftStorage (RaftStorage.java:format(72)) - Storage directory /workdir/hadoop-ozone/integration-test/target/test-dir/MiniOzoneClusterImpl-72f6cbb0-c919-4300-9939-20ef1cbf0e73/datanode-4/data/ratis/af817ea4-e61a-46f2-8d96-240d96e10ed7 has been successfully formatted.
2019-09-25 04:50:48,202 [9216b865-ce6b-4fb7-bc99-65479a86b6eb@group-4CF16EF24DD7:LeaderElection109] INFO  segmented.SegmentedRaftLogWorker (SegmentedRaftLogWorker.java:startLogSegment(380)) - 9216b865-ce6b-4fb7-bc99-65479a86b6eb@group-4CF16EF24DD7-SegmentedRaftLogWorker: Starting segment from index:0
2019-09-25 04:50:48,202 [4f7802c6-3418-4fbd-b0c6-a8e36fcecb0a@group-C31AE2B01B96:LeaderElection112] INFO  impl.RaftServerImpl (ServerState.java:setRaftConf(354)) - 4f7802c6-3418-4fbd-b0c6-a8e36fcecb0a@group-C31AE2B01B96: set configuration 0: [4f7802c6-3418-4fbd-b0c6-a8e36fcecb0a:192.168.151.106:42026], old=null at 0
2019-09-25 04:50:48,202 [c35819d4-86f4-4223-a458-676070fe0cbb@group-5A281C16F5FF:LeaderElection124] INFO  segmented.SegmentedRaftLogWorker (SegmentedRaftLogWorker.java:startLogSegment(380)) - c35819d4-86f4-4223-a458-676070fe0cbb@group-5A281C16F5FF-SegmentedRaftLogWorker: Starting segment from index:0
2019-09-25 04:50:48,202 [45f1801e-7cfd-420a-bb39-98f19dcc81c3@group-E913C43F8E9C-SegmentedRaftLogWorker] INFO  impl.RoleInfo (RoleInfo.java:shutdownLeaderState(104)) - 45f1801e-7cfd-420a-bb39-98f19dcc81c3: shutdown LeaderState
2019-09-25 04:50:50,166 [9216b865-ce6b-4fb7-bc99-65479a86b6eb@group-4CF16EF24DD7:LeaderElection109] INFO  impl.RaftServerImpl (ServerState.java:setRaftConf(354)) - 9216b865-ce6b-4fb7-bc99-65479a86b6eb@group-4CF16EF24DD7: set configuration 0: [9216b865-ce6b-4fb7-bc99-65479a86b6eb:192.168.151.106:43252], old=null at 0
2019-09-25 04:50:50,166 [4f7802c6-3418-4fbd-b0c6-a8e36fcecb0a@group-C31AE2B01B96-SegmentedRaftLogWorker] ERROR segmented.SegmentedRaftLogWorker (SegmentedRaftLogWorker.java:run(323)) - 4f7802c6-3418-4fbd-b0c6-a8e36fcecb0a@group-C31AE2B01B96-SegmentedRaftLogWorker hit exception
java.lang.OutOfMemoryError: Direct buffer memory
	at java.nio.Bits.reserveMemory(Bits.java:666)
	at java.nio.DirectByteBuffer.<init>(DirectByteBuffer.java:123)
	at java.nio.ByteBuffer.allocateDirect(ByteBuffer.java:311)
	at org.apache.ratis.server.raftlog.segmented.BufferedWriteChannel.<init>(BufferedWriteChannel.java:41)
	at org.apache.ratis.server.raftlog.segmented.SegmentedRaftLogOutputStream.<init>(SegmentedRaftLogOutputStream.java:72)
	at org.apache.ratis.server.raftlog.segmented.SegmentedRaftLogWorker$StartLogSegment.execute(SegmentedRaftLogWorker.java:566)
	at org.apache.ratis.server.raftlog.segmented.SegmentedRaftLogWorker.run(SegmentedRaftLogWorker.java:289)
	at java.lang.Thread.run(Thread.java:748)
2019-09-25 04:50:50,359 [4f7802c6-3418-4fbd-b0c6-a8e36fcecb0a@group-C31AE2B01B96-SegmentedRaftLogWorker] INFO  impl.RaftServerImpl (RaftServerImpl.java:lambda$shutdown$3(251)) - 4f7802c6-3418-4fbd-b0c6-a8e36fcecb0a@group-C31AE2B01B96: shutdown
2019-09-25 04:50:50,166 [a167ab1f-c96d-409e-bb26-ea230783d833@group-B5C234A72D45-SegmentedRaftLogWorker] ERROR segmented.SegmentedRaftLogWorker (SegmentedRaftLogWorker.java:run(323)) - a167ab1f-c96d-409e-bb26-ea230783d833@group-B5C234A72D45-SegmentedRaftLogWorker hit exception
java.lang.OutOfMemoryError: Direct buffer memory
	at java.nio.Bits.reserveMemory(Bits.java:666)
	at java.nio.DirectByteBuffer.<init>(DirectByteBuffer.java:123)
	at java.nio.ByteBuffer.allocateDirect(ByteBuffer.java:311)
	at org.apache.ratis.server.raftlog.segmented.BufferedWriteChannel.<init>(BufferedWriteChannel.java:41)
	at org.apache.ratis.server.raftlog.segmented.SegmentedRaftLogOutputStream.<init>(SegmentedRaftLogOutputStream.java:72)
	at org.apache.ratis.server.raftlog.segmented.SegmentedRaftLogWorker$StartLogSegment.execute(SegmentedRaftLogWorker.java:566)
	at org.apache.ratis.server.raftlog.segmented.SegmentedRaftLogWorker.run(SegmentedRaftLogWorker.java:289)
	at java.lang.Thread.run(Thread.java:748)
2019-09-25 04:50:50,359 [a167ab1f-c96d-409e-bb26-ea230783d833@group-B5C234A72D45-SegmentedRaftLogWorker] INFO  impl.RaftServerImpl (RaftServerImpl.java:lambda$shutdown$3(251)) - a167ab1f-c96d-409e-bb26-ea230783d833@group-B5C234A72D45: shutdown
2019-09-25 04:50:49,950 [pool-67-thread-1] INFO  ratis.ContainerStateMachine (ContainerStateMachine.java:loadSnapshot(230)) - group-240D96E10ED7: The snapshot info is null. Setting the last applied indexto:(t:0, i:~)
2019-09-25 04:50:49,950 [pool-37-thread-1] INFO  ratis.ContainerStateMachine (ContainerStateMachine.java:loadSnapshot(230)) - group-240D96E10ED7: The snapshot info is null. Setting the last applied indexto:(t:0, i:~)
2019-09-25 04:50:49,712 [a167ab1f-c96d-409e-bb26-ea230783d833@group-0DBE9B28DA20-SegmentedRaftLogWorker] ERROR segmented.SegmentedRaftLogWorker (SegmentedRaftLogWorker.java:run(323)) - a167ab1f-c96d-409e-bb26-ea230783d833@group-0DBE9B28DA20-SegmentedRaftLogWorker hit exception
java.lang.OutOfMemoryError: Direct buffer memory
	at java.nio.Bits.reserveMemory(Bits.java:666)
	at java.nio.DirectByteBuffer.<init>(DirectByteBuffer.java:123)
	at java.nio.ByteBuffer.allocateDirect(ByteBuffer.java:311)
	at org.apache.ratis.server.raftlog.segmented.BufferedWriteChannel.<init>(BufferedWriteChannel.java:41)
	at org.apache.ratis.server.raftlog.segmented.SegmentedRaftLogOutputStream.<init>(SegmentedRaftLogOutputStream.java:72)
	at org.apache.ratis.server.raftlog.segmented.SegmentedRaftLogWorker$StartLogSegment.execute(SegmentedRaftLogWorker.java:566)
	at org.apache.ratis.server.raftlog.segmented.SegmentedRaftLogWorker.run(SegmentedRaftLogWorker.java:289)
	at java.lang.Thread.run(Thread.java:748)
2019-09-25 04:50:49,706 [a167ab1f-c96d-409e-bb26-ea230783d833@group-B4FD14FF07AB-SegmentedRaftLogWorker] ERROR segmented.SegmentedRaftLogWorker (SegmentedRaftLogWorker.java:run(323)) - a167ab1f-c96d-409e-bb26-ea230783d833@group-B4FD14FF07AB-SegmentedRaftLogWorker hit exception
java.lang.OutOfMemoryError: Direct buffer memory
	at java.nio.Bits.reserveMemory(Bits.java:666)
	at java.nio.DirectByteBuffer.<init>(DirectByteBuffer.java:123)
	at java.nio.ByteBuffer.allocateDirect(ByteBuffer.java:311)
	at org.apache.ratis.server.raftlog.segmented.BufferedWriteChannel.<init>(BufferedWriteChannel.java:41)
	at org.apache.ratis.server.raftlog.segmented.SegmentedRaftLogOutputStream.<init>(SegmentedRaftLogOutputStream.java:72)
	at org.apache.ratis.server.raftlog.segmented.SegmentedRaftLogWorker$StartLogSegment.execute(SegmentedRaftLogWorker.java:566)
	at org.apache.ratis.server.raftlog.segmented.SegmentedRaftLogWorker.run(SegmentedRaftLogWorker.java:289)
	at java.lang.Thread.run(Thread.java:748)
2019-09-25 04:50:49,446 [aabdae46-dcfa-45e6-b665-2c47bb305ebb@group-1B4FC63C22D2:LeaderElection122] INFO  impl.RaftServerImpl (ServerState.java:setRaftConf(354)) - aabdae46-dcfa-45e6-b665-2c47bb305ebb@group-1B4FC63C22D2: set configuration 0: [aabdae46-dcfa-45e6-b665-2c47bb305ebb:192.168.151.106:41436], old=null at 0
2019-09-25 04:50:49,446 [b40ef231-6505-402b-ae57-fc0dc67cbbe8@group-ED8CE7F11753-SegmentedRaftLogWorker] INFO  impl.RoleInfo (RoleInfo.java:shutdownLeaderState(104)) - b40ef231-6505-402b-ae57-fc0dc67cbbe8: shutdown LeaderState
2019-09-25 04:50:49,446 [b40ef231-6505-402b-ae57-fc0dc67cbbe8@group-49F0F168AD2D:LeaderElection121] INFO  impl.RaftServerImpl (ServerState.java:setRaftConf(354)) - b40ef231-6505-402b-ae57-fc0dc67cbbe8@group-49F0F168AD2D: set configuration 0: [b40ef231-6505-402b-ae57-fc0dc67cbbe8:192.168.151.106:41861], old=null at 0
2019-09-25 04:50:49,269 [45f1801e-7cfd-420a-bb39-98f19dcc81c3@group-D9916A13DB6B-SegmentedRaftLogWorker] INFO  impl.RoleInfo (RoleInfo.java:shutdownLeaderState(104)) - 45f1801e-7cfd-420a-bb39-98f19dcc81c3: shutdown LeaderState
2019-09-25 04:50:49,266 [aabdae46-dcfa-45e6-b665-2c47bb305ebb@group-97D52EA2DC36-SegmentedRaftLogWorker] INFO  impl.RoleInfo (RoleInfo.java:shutdownLeaderState(104)) - aabdae46-dcfa-45e6-b665-2c47bb305ebb: shutdown LeaderState
2019-09-25 04:50:49,072 [RATISCREATEPIPELINE1] ERROR pipeline.RatisPipelineProvider (RatisPipelineProvider.java:lambda$null$2(181)) - Failed invoke Ratis rpc org.apache.hadoop.hdds.scm.pipeline.RatisPipelineProvider$$Lambda$187/2050509904@5f1ea7f1 for b40ef231-6505-402b-ae57-fc0dc67cbbe8
org.apache.ratis.protocol.TimeoutIOException: deadline exceeded after 2996483228ns
	at org.apache.ratis.grpc.GrpcUtil.tryUnwrapException(GrpcUtil.java:82)
	at org.apache.ratis.grpc.GrpcUtil.unwrapException(GrpcUtil.java:75)
	at org.apache.ratis.grpc.client.GrpcClientProtocolClient.blockingCall(GrpcClientProtocolClient.java:178)
	at org.apache.ratis.grpc.client.GrpcClientProtocolClient.groupAdd(GrpcClientProtocolClient.java:147)
	at org.apache.ratis.grpc.client.GrpcClientRpc.sendRequest(GrpcClientRpc.java:94)
	at org.apache.ratis.client.impl.RaftClientImpl.sendRequest(RaftClientImpl.java:278)
	at org.apache.ratis.client.impl.RaftClientImpl.groupAdd(RaftClientImpl.java:205)
	at org.apache.hadoop.hdds.scm.pipeline.RatisPipelineProvider.lambda$initializePipeline$1(RatisPipelineProvider.java:142)
	at org.apache.hadoop.hdds.scm.pipeline.RatisPipelineProvider.lambda$null$2(RatisPipelineProvider.java:177)
	at java.util.stream.ForEachOps$ForEachOp$OfRef.accept(ForEachOps.java:184)
	at java.util.ArrayList$ArrayListSpliterator.forEachRemaining(ArrayList.java:1382)
	at java.util.stream.AbstractPipeline.copyInto(AbstractPipeline.java:482)
	at java.util.stream.ForEachOps$ForEachTask.compute(ForEachOps.java:291)
	at java.util.concurrent.CountedCompleter.exec(CountedCompleter.java:731)
	at java.util.concurrent.ForkJoinTask.doExec(ForkJoinTask.java:289)
	at java.util.concurrent.ForkJoinTask.doInvoke(ForkJoinTask.java:401)
	at java.util.concurrent.ForkJoinTask.invoke(ForkJoinTask.java:734)
	at java.util.stream.ForEachOps$ForEachOp.evaluateParallel(ForEachOps.java:160)
	at java.util.stream.ForEachOps$ForEachOp$OfRef.evaluateParallel(ForEachOps.java:174)
	at java.util.stream.AbstractPipeline.evaluate(AbstractPipeline.java:233)
	at java.util.stream.ReferencePipeline.forEach(ReferencePipeline.java:418)
	at java.util.stream.ReferencePipeline$Head.forEach(ReferencePipeline.java:583)
	at org.apache.hadoop.hdds.scm.pipeline.RatisPipelineProvider.lambda$callRatisRpc$3(RatisPipelineProvider.java:171)
	at java.util.concurrent.ForkJoinTask$AdaptedRunnableAction.exec(ForkJoinTask.java:1386)
	at java.util.concurrent.ForkJoinTask.doExec(ForkJoinTask.java:289)
	at java.util.concurrent.ForkJoinPool$WorkQueue.runTask(ForkJoinPool.java:1056)
	at java.util.concurrent.ForkJoinPool.runWorker(ForkJoinPool.java:1692)
	at java.util.concurrent.ForkJoinWorkerThread.run(ForkJoinWorkerThread.java:157)
Caused by: org.apache.ratis.thirdparty.io.grpc.StatusRuntimeException: DEADLINE_EXCEEDED: deadline exceeded after 2996483228ns
	at org.apache.ratis.thirdparty.io.grpc.stub.ClientCalls.toStatusRuntimeException(ClientCalls.java:233)
	at org.apache.ratis.thirdparty.io.grpc.stub.ClientCalls.getUnchecked(ClientCalls.java:214)
	at org.apache.ratis.thirdparty.io.grpc.stub.ClientCalls.blockingUnaryCall(ClientCalls.java:139)
	at org.apache.ratis.proto.grpc.AdminProtocolServiceGrpc$AdminProtocolServiceBlockingStub.groupManagement(AdminProtocolServiceGrpc.java:274)
	at org.apache.ratis.grpc.client.GrpcClientProtocolClient.lambda$groupAdd$3(GrpcClientProtocolClient.java:149)
	at org.apache.ratis.grpc.client.GrpcClientProtocolClient.blockingCall(GrpcClientProtocolClient.java:176)
	... 25 more
2019-09-25 04:50:49,072 [RATISCREATEPIPELINE3] ERROR pipeline.RatisPipelineProvider (RatisPipelineProvider.java:lambda$null$2(181)) - Failed invoke Ratis rpc org.apache.hadoop.hdds.scm.pipeline.RatisPipelineProvider$$Lambda$187/2050509904@5f1ea7f1 for aabdae46-dcfa-45e6-b665-2c47bb305ebb
org.apache.ratis.protocol.TimeoutIOException: deadline exceeded after 2999753970ns
	at org.apache.ratis.grpc.GrpcUtil.tryUnwrapException(GrpcUtil.java:82)
	at org.apache.ratis.grpc.GrpcUtil.unwrapException(GrpcUtil.java:75)
	at org.apache.ratis.grpc.client.GrpcClientProtocolClient.blockingCall(GrpcClientProtocolClient.java:178)
	at org.apache.ratis.grpc.client.GrpcClientProtocolClient.groupAdd(GrpcClientProtocolClient.java:147)
	at org.apache.ratis.grpc.client.GrpcClientRpc.sendRequest(GrpcClientRpc.java:94)
	at org.apache.ratis.client.impl.RaftClientImpl.sendRequest(RaftClientImpl.java:278)
	at org.apache.ratis.client.impl.RaftClientImpl.groupAdd(RaftClientImpl.java:205)
	at org.apache.hadoop.hdds.scm.pipeline.RatisPipelineProvider.lambda$initializePipeline$1(RatisPipelineProvider.java:142)
	at org.apache.hadoop.hdds.scm.pipeline.RatisPipelineProvider.lambda$null$2(RatisPipelineProvider.java:177)
	at java.util.stream.ForEachOps$ForEachOp$OfRef.accept(ForEachOps.java:184)
	at java.util.ArrayList$ArrayListSpliterator.forEachRemaining(ArrayList.java:1382)
	at java.util.stream.AbstractPipeline.copyInto(AbstractPipeline.java:482)
	at java.util.stream.ForEachOps$ForEachTask.compute(ForEachOps.java:291)
	at java.util.concurrent.CountedCompleter.exec(CountedCompleter.java:731)
	at java.util.concurrent.ForkJoinTask.doExec(ForkJoinTask.java:289)
	at java.util.concurrent.ForkJoinPool$WorkQueue.runTask(ForkJoinPool.java:1056)
	at java.util.concurrent.ForkJoinPool.runWorker(ForkJoinPool.java:1692)
	at java.util.concurrent.ForkJoinWorkerThread.run(ForkJoinWorkerThread.java:157)
Caused by: org.apache.ratis.thirdparty.io.grpc.StatusRuntimeException: DEADLINE_EXCEEDED: deadline exceeded after 2999753970ns
	at org.apache.ratis.thirdparty.io.grpc.stub.ClientCalls.toStatusRuntimeException(ClientCalls.java:233)
	at org.apache.ratis.thirdparty.io.grpc.stub.ClientCalls.getUnchecked(ClientCalls.java:214)
	at org.apache.ratis.thirdparty.io.grpc.stub.ClientCalls.blockingUnaryCall(ClientCalls.java:139)
	at org.apache.ratis.proto.grpc.AdminProtocolServiceGrpc$AdminProtocolServiceBlockingStub.groupManagement(AdminProtocolServiceGrpc.java:274)
	at org.apache.ratis.grpc.client.GrpcClientProtocolClient.lambda$groupAdd$3(GrpcClientProtocolClient.java:149)
	at org.apache.ratis.grpc.client.GrpcClientProtocolClient.blockingCall(GrpcClientProtocolClient.java:176)
	... 15 more
2019-09-25 04:50:49,072 [9216b865-ce6b-4fb7-bc99-65479a86b6eb@group-D51CC7C69CA8-SegmentedRaftLogWorker] INFO  impl.RoleInfo (RoleInfo.java:shutdownLeaderState(104)) - 9216b865-ce6b-4fb7-bc99-65479a86b6eb: shutdown LeaderState
2019-09-25 04:50:49,072 [45f1801e-7cfd-420a-bb39-98f19dcc81c3@group-09867BC18A06:LeaderElection120] INFO  impl.RaftServerImpl (ServerState.java:setRaftConf(354)) - 45f1801e-7cfd-420a-bb39-98f19dcc81c3@group-09867BC18A06: set configuration 0: [45f1801e-7cfd-420a-bb39-98f19dcc81c3:192.168.151.106:38437], old=null at 0
2019-09-25 04:50:50,370 [9216b865-ce6b-4fb7-bc99-65479a86b6eb@group-D51CC7C69CA8-SegmentedRaftLogWorker] INFO  impl.PendingRequests (PendingRequests.java:sendNotLeaderResponses(202)) - 9216b865-ce6b-4fb7-bc99-65479a86b6eb-PendingRequests: sendNotLeaderResponses
2019-09-25 04:50:50,370 [RatisPipelineUtilsThread] ERROR pipeline.SCMPipelineManager (SCMPipelineManager.java:createPipeline(167)) - Pipeline creation failed.
org.apache.hadoop.io.MultipleIOException: 2 exceptions [java.io.IOException: Failed invoke Ratis rpc org.apache.hadoop.hdds.scm.pipeline.RatisPipelineProvider$$Lambda$187/2050509904@5f1ea7f1 for b40ef231-6505-402b-ae57-fc0dc67cbbe8, java.io.IOException: Failed invoke Ratis rpc org.apache.hadoop.hdds.scm.pipeline.RatisPipelineProvider$$Lambda$187/2050509904@5f1ea7f1 for aabdae46-dcfa-45e6-b665-2c47bb305ebb]
	at org.apache.hadoop.io.MultipleIOException.createIOException(MultipleIOException.java:53)
	at org.apache.hadoop.hdds.scm.pipeline.RatisPipelineProvider.callRatisRpc(RatisPipelineProvider.java:197)
	at org.apache.hadoop.hdds.scm.pipeline.RatisPipelineProvider.initializePipeline(RatisPipelineProvider.java:140)
	at org.apache.hadoop.hdds.scm.pipeline.RatisPipelineProvider.create(RatisPipelineProvider.java:109)
	at org.apache.hadoop.hdds.scm.pipeline.PipelineFactory.create(PipelineFactory.java:58)
	at org.apache.hadoop.hdds.scm.pipeline.SCMPipelineManager.createPipeline(SCMPipelineManager.java:155)
	at org.apache.hadoop.hdds.scm.pipeline.BackgroundPipelineCreator.createPipelines(BackgroundPipelineCreator.java:99)
	at java.util.concurrent.Executors$RunnableAdapter.call(Executors.java:511)
	at java.util.concurrent.FutureTask.run(FutureTask.java:266)
	at java.util.concurrent.ScheduledThreadPoolExecutor$ScheduledFutureTask.access$201(ScheduledThreadPoolExecutor.java:180)
	at java.util.concurrent.ScheduledThreadPoolExecutor$ScheduledFutureTask.run(ScheduledThreadPoolExecutor.java:293)
	at java.util.concurrent.ThreadPoolExecutor.runWorker(ThreadPoolExecutor.java:1149)
	at java.util.concurrent.ThreadPoolExecutor$Worker.run(ThreadPoolExecutor.java:624)
	at java.lang.Thread.run(Thread.java:748)
2019-09-25 04:50:50,365 [aabdae46-dcfa-45e6-b665-2c47bb305ebb@group-97D52EA2DC36-SegmentedRaftLogWorker] INFO  impl.PendingRequests (PendingRequests.java:sendNotLeaderResponses(202)) - aabdae46-dcfa-45e6-b665-2c47bb305ebb-PendingRequests: sendNotLeaderResponses
2019-09-25 04:50:50,365 [45f1801e-7cfd-420a-bb39-98f19dcc81c3@group-D9916A13DB6B-SegmentedRaftLogWorker] INFO  impl.PendingRequests (PendingRequests.java:sendNotLeaderResponses(202)) - 45f1801e-7cfd-420a-bb39-98f19dcc81c3-PendingRequests: sendNotLeaderResponses
2019-09-25 04:50:50,365 [b40ef231-6505-402b-ae57-fc0dc67cbbe8@group-ED8CE7F11753-SegmentedRaftLogWorker] INFO  impl.PendingRequests (PendingRequests.java:sendNotLeaderResponses(202)) - b40ef231-6505-402b-ae57-fc0dc67cbbe8-PendingRequests: sendNotLeaderResponses
2019-09-25 04:50:50,364 [a167ab1f-c96d-409e-bb26-ea230783d833@group-B4FD14FF07AB-SegmentedRaftLogWorker] INFO  impl.RaftServerImpl (RaftServerImpl.java:lambda$shutdown$3(251)) - a167ab1f-c96d-409e-bb26-ea230783d833@group-B4FD14FF07AB: shutdown
2019-09-25 04:50:50,360 [a167ab1f-c96d-409e-bb26-ea230783d833@group-0DBE9B28DA20-SegmentedRaftLogWorker] INFO  impl.RaftServerImpl (RaftServerImpl.java:lambda$shutdown$3(251)) - a167ab1f-c96d-409e-bb26-ea230783d833@group-0DBE9B28DA20: shutdown
2019-09-25 04:50:50,360 [pool-37-thread-1] INFO  server.RaftServerConfigKeys (ConfUtils.java:logGet(43)) - raft.server.notification.no-leader.timeout = 120s (custom)
2019-09-25 04:50:50,360 [pool-67-thread-1] INFO  server.RaftServerConfigKeys (ConfUtils.java:logGet(43)) - raft.server.notification.no-leader.timeout = 120s (custom)
2019-09-25 04:50:50,359 [a167ab1f-c96d-409e-bb26-ea230783d833@group-B5C234A72D45-SegmentedRaftLogWorker] INFO  util.JmxRegister (JmxRegister.java:unregister(73)) - Successfully un-registered JMX Bean with object name Ratis:service=RaftServer,group=group-B5C234A72D45,id=a167ab1f-c96d-409e-bb26-ea230783d833
2019-09-25 04:50:50,359 [4f7802c6-3418-4fbd-b0c6-a8e36fcecb0a@group-C31AE2B01B96-SegmentedRaftLogWorker] INFO  util.JmxRegister (JmxRegister.java:unregister(73)) - Successfully un-registered JMX Bean with object name Ratis:service=RaftServer,group=group-C31AE2B01B96,id=4f7802c6-3418-4fbd-b0c6-a8e36fcecb0a
2019-09-25 04:50:50,372 [ReplicationMonitor] INFO  container.ReplicationManager (ReplicationManager.java:run(226)) - Replication Monitor Thread took 23561 milliseconds for processing 0 containers.
2019-09-25 04:50:50,358 [c35819d4-86f4-4223-a458-676070fe0cbb@group-5A281C16F5FF:LeaderElection124] INFO  impl.RaftServerImpl (ServerState.java:setRaftConf(354)) - c35819d4-86f4-4223-a458-676070fe0cbb@group-5A281C16F5FF: set configuration 0: [c35819d4-86f4-4223-a458-676070fe0cbb:192.168.151.106:44434], old=null at 0
2019-09-25 04:50:50,357 [aabdae46-dcfa-45e6-b665-2c47bb305ebb@group-96726BA217A5-SegmentedRaftLogWorker] ERROR segmented.SegmentedRaftLogWorker (SegmentedRaftLogWorker.java:run(323)) - aabdae46-dcfa-45e6-b665-2c47bb305ebb@group-96726BA217A5-SegmentedRaftLogWorker hit exception
java.lang.OutOfMemoryError: Direct buffer memory
	at java.nio.Bits.reserveMemory(Bits.java:666)
	at java.nio.DirectByteBuffer.<init>(DirectByteBuffer.java:123)
	at java.nio.ByteBuffer.allocateDirect(ByteBuffer.java:311)
	at org.apache.ratis.server.raftlog.segmented.BufferedWriteChannel.<init>(BufferedWriteChannel.java:41)
	at org.apache.ratis.server.raftlog.segmented.SegmentedRaftLogOutputStream.<init>(SegmentedRaftLogOutputStream.java:72)
	at org.apache.ratis.server.raftlog.segmented.SegmentedRaftLogWorker$StartLogSegment.execute(SegmentedRaftLogWorker.java:566)
	at org.apache.ratis.server.raftlog.segmented.SegmentedRaftLogWorker.run(SegmentedRaftLogWorker.java:289)
	at java.lang.Thread.run(Thread.java:748)
2019-09-25 04:50:50,170 [45f1801e-7cfd-420a-bb39-98f19dcc81c3@group-E913C43F8E9C-SegmentedRaftLogWorker] INFO  impl.PendingRequests (PendingRequests.java:sendNotLeaderResponses(202)) - 45f1801e-7cfd-420a-bb39-98f19dcc81c3-PendingRequests: sendNotLeaderResponses
2019-09-25 04:50:50,373 [aabdae46-dcfa-45e6-b665-2c47bb305ebb@group-96726BA217A5-SegmentedRaftLogWorker] INFO  impl.RaftServerImpl (RaftServerImpl.java:lambda$shutdown$3(251)) - aabdae46-dcfa-45e6-b665-2c47bb305ebb@group-96726BA217A5: shutdown
2019-09-25 04:50:50,372 [4f7802c6-3418-4fbd-b0c6-a8e36fcecb0a@group-C31AE2B01B96-SegmentedRaftLogWorker] INFO  impl.RoleInfo (RoleInfo.java:shutdownLeaderState(104)) - 4f7802c6-3418-4fbd-b0c6-a8e36fcecb0a: shutdown LeaderState
2019-09-25 04:50:50,372 [a167ab1f-c96d-409e-bb26-ea230783d833@group-B5C234A72D45-SegmentedRaftLogWorker] INFO  impl.RoleInfo (RoleInfo.java:shutdownLeaderState(104)) - a167ab1f-c96d-409e-bb26-ea230783d833: shutdown LeaderState
2019-09-25 04:50:50,372 [pool-67-thread-1] INFO  server.RaftServerConfigKeys (ConfUtils.java:logGet(43)) - raft.server.log.use.memory = false (default)
2019-09-25 04:50:50,372 [pool-37-thread-1] INFO  server.RaftServerConfigKeys (ConfUtils.java:logGet(43)) - raft.server.log.use.memory = false (default)
2019-09-25 04:50:50,371 [a167ab1f-c96d-409e-bb26-ea230783d833@group-0DBE9B28DA20-SegmentedRaftLogWorker] INFO  util.JmxRegister (JmxRegister.java:unregister(73)) - Successfully un-registered JMX Bean with object name Ratis:service=RaftServer,group=group-0DBE9B28DA20,id=a167ab1f-c96d-409e-bb26-ea230783d833
2019-09-25 04:50:50,371 [a167ab1f-c96d-409e-bb26-ea230783d833@group-B4FD14FF07AB-SegmentedRaftLogWorker] INFO  util.JmxRegister (JmxRegister.java:unregister(73)) - Successfully un-registered JMX Bean with object name Ratis:service=RaftServer,group=group-B4FD14FF07AB,id=a167ab1f-c96d-409e-bb26-ea230783d833
2019-09-25 04:50:50,374 [a167ab1f-c96d-409e-bb26-ea230783d833@group-B4FD14FF07AB-SegmentedRaftLogWorker] INFO  impl.RoleInfo (RoleInfo.java:shutdownLeaderState(104)) - a167ab1f-c96d-409e-bb26-ea230783d833: shutdown LeaderState
2019-09-25 04:50:50,371 [IPC Server handler 0 on 33253] INFO  ipc.Server (Server.java:logException(2726)) - IPC Server handler 0 on 33253, call Call#27 Retry#0 org.apache.hadoop.hdds.scm.protocol.StorageContainerLocationProtocol.allocateContainer from 192.168.151.106:51026
java.io.IOException: Could not allocate container. Cannot get any matching pipeline for Type:RATIS, Factor:THREE, State:PipelineState.OPEN
	at org.apache.hadoop.hdds.scm.container.ContainerStateManager.allocateContainer(ContainerStateManager.java:260)
	at org.apache.hadoop.hdds.scm.container.SCMContainerManager.allocateContainer(SCMContainerManager.java:247)
	at org.apache.hadoop.hdds.scm.server.SCMClientProtocolServer.allocateContainer(SCMClientProtocolServer.java:186)
	at org.apache.hadoop.ozone.protocolPB.StorageContainerLocationProtocolServerSideTranslatorPB.allocateContainer(StorageContainerLocationProtocolServerSideTranslatorPB.java:123)
	at org.apache.hadoop.hdds.protocol.proto.StorageContainerLocationProtocolProtos$StorageContainerLocationProtocolService$2.callBlockingMethod(StorageContainerLocationProtocolProtos.java:21239)
	at org.apache.hadoop.ipc.ProtobufRpcEngine$Server$ProtoBufRpcInvoker.call(ProtobufRpcEngine.java:524)
	at org.apache.hadoop.ipc.RPC$Server.call(RPC.java:1025)
	at org.apache.hadoop.ipc.Server$RpcCall.run(Server.java:876)
	at org.apache.hadoop.ipc.Server$RpcCall.run(Server.java:822)
	at java.security.AccessController.doPrivileged(Native Method)
	at javax.security.auth.Subject.doAs(Subject.java:422)
	at org.apache.hadoop.security.UserGroupInformation.doAs(UserGroupInformation.java:1730)
	at org.apache.hadoop.ipc.Server$Handler.run(Server.java:2682)
2019-09-25 04:50:50,371 [b40ef231-6505-402b-ae57-fc0dc67cbbe8@group-ED8CE7F11753-SegmentedRaftLogWorker] INFO  impl.StateMachineUpdater (StateMachineUpdater.java:stopAndJoin(125)) - b40ef231-6505-402b-ae57-fc0dc67cbbe8@group-ED8CE7F11753-StateMachineUpdater: set stopIndex = -1
2019-09-25 04:50:50,378 [b40ef231-6505-402b-ae57-fc0dc67cbbe8@group-ED8CE7F11753-SegmentedRaftLogWorker] INFO  impl.RaftServerImpl (ServerState.java:close(385)) - b40ef231-6505-402b-ae57-fc0dc67cbbe8@group-ED8CE7F11753: closes. applyIndex: -1
2019-09-25 04:50:50,371 [45f1801e-7cfd-420a-bb39-98f19dcc81c3@group-D9916A13DB6B-SegmentedRaftLogWorker] INFO  impl.StateMachineUpdater (StateMachineUpdater.java:stopAndJoin(125)) - 45f1801e-7cfd-420a-bb39-98f19dcc81c3@group-D9916A13DB6B-StateMachineUpdater: set stopIndex = -1
2019-09-25 04:50:50,378 [b40ef231-6505-402b-ae57-fc0dc67cbbe8@group-ED8CE7F11753-SegmentedRaftLogWorker] INFO  segmented.SegmentedRaftLogWorker (SegmentedRaftLogWorker.java:close(228)) - b40ef231-6505-402b-ae57-fc0dc67cbbe8@group-ED8CE7F11753-SegmentedRaftLogWorker close()
2019-09-25 04:50:50,371 [aabdae46-dcfa-45e6-b665-2c47bb305ebb@group-97D52EA2DC36-SegmentedRaftLogWorker] INFO  impl.StateMachineUpdater (StateMachineUpdater.java:stopAndJoin(125)) - aabdae46-dcfa-45e6-b665-2c47bb305ebb@group-97D52EA2DC36-StateMachineUpdater: set stopIndex = -1
2019-09-25 04:50:50,378 [aabdae46-dcfa-45e6-b665-2c47bb305ebb@group-97D52EA2DC36-SegmentedRaftLogWorker] INFO  impl.RaftServerImpl (ServerState.java:close(385)) - aabdae46-dcfa-45e6-b665-2c47bb305ebb@group-97D52EA2DC36: closes. applyIndex: -1
2019-09-25 04:50:50,370 [9216b865-ce6b-4fb7-bc99-65479a86b6eb@group-D51CC7C69CA8-SegmentedRaftLogWorker] INFO  impl.StateMachineUpdater (StateMachineUpdater.java:stopAndJoin(125)) - 9216b865-ce6b-4fb7-bc99-65479a86b6eb@group-D51CC7C69CA8-StateMachineUpdater: set stopIndex = -1
2019-09-25 04:50:50,378 [45f1801e-7cfd-420a-bb39-98f19dcc81c3@group-D9916A13DB6B-SegmentedRaftLogWorker] INFO  impl.RaftServerImpl (ServerState.java:close(385)) - 45f1801e-7cfd-420a-bb39-98f19dcc81c3@group-D9916A13DB6B: closes. applyIndex: -1
2019-09-25 04:50:50,374 [a167ab1f-c96d-409e-bb26-ea230783d833@group-B4FD14FF07AB-SegmentedRaftLogWorker] INFO  impl.PendingRequests (PendingRequests.java:sendNotLeaderResponses(202)) - a167ab1f-c96d-409e-bb26-ea230783d833-PendingRequests: sendNotLeaderResponses
2019-09-25 04:50:50,374 [a167ab1f-c96d-409e-bb26-ea230783d833@group-0DBE9B28DA20-SegmentedRaftLogWorker] INFO  impl.RoleInfo (RoleInfo.java:shutdownLeaderState(104)) - a167ab1f-c96d-409e-bb26-ea230783d833: shutdown LeaderState
2019-09-25 04:50:50,374 [pool-37-thread-1] INFO  server.RaftServerConfigKeys (ConfUtils.java:logGet(43)) - raft.server.log.purge.gap = 1000000 (custom)
2019-09-25 04:50:50,373 [pool-67-thread-1] INFO  server.RaftServerConfigKeys (ConfUtils.java:logGet(43)) - raft.server.log.purge.gap = 1000000 (custom)
2019-09-25 04:50:50,373 [a167ab1f-c96d-409e-bb26-ea230783d833@group-B5C234A72D45-SegmentedRaftLogWorker] INFO  impl.PendingRequests (PendingRequests.java:sendNotLeaderResponses(202)) - a167ab1f-c96d-409e-bb26-ea230783d833-PendingRequests: sendNotLeaderResponses
2019-09-25 04:50:50,373 [4f7802c6-3418-4fbd-b0c6-a8e36fcecb0a@group-C31AE2B01B96-SegmentedRaftLogWorker] INFO  impl.PendingRequests (PendingRequests.java:sendNotLeaderResponses(202)) - 4f7802c6-3418-4fbd-b0c6-a8e36fcecb0a-PendingRequests: sendNotLeaderResponses
2019-09-25 04:50:50,373 [aabdae46-dcfa-45e6-b665-2c47bb305ebb@group-96726BA217A5-SegmentedRaftLogWorker] INFO  util.JmxRegister (JmxRegister.java:unregister(73)) - Successfully un-registered JMX Bean with object name Ratis:service=RaftServer,group=group-96726BA217A5,id=aabdae46-dcfa-45e6-b665-2c47bb305ebb
2019-09-25 04:50:50,373 [45f1801e-7cfd-420a-bb39-98f19dcc81c3@group-E913C43F8E9C-SegmentedRaftLogWorker] INFO  impl.StateMachineUpdater (StateMachineUpdater.java:stopAndJoin(125)) - 45f1801e-7cfd-420a-bb39-98f19dcc81c3@group-E913C43F8E9C-StateMachineUpdater: set stopIndex = -1
2019-09-25 04:50:50,383 [aabdae46-dcfa-45e6-b665-2c47bb305ebb@group-96726BA217A5-SegmentedRaftLogWorker] INFO  impl.RoleInfo (RoleInfo.java:shutdownLeaderState(104)) - aabdae46-dcfa-45e6-b665-2c47bb305ebb: shutdown LeaderState
2019-09-25 04:50:50,383 [grpc-default-executor-2] INFO  impl.RaftServerProxy (RaftServerProxy.java:addNew(89)) - 45f1801e-7cfd-420a-bb39-98f19dcc81c3: addNew group-D85E69EB68E8:[45f1801e-7cfd-420a-bb39-98f19dcc81c3:192.168.151.106:38437] returns group-D85E69EB68E8:java.util.concurrent.CompletableFuture@7e9cf636[Not completed]
2019-09-25 04:50:50,383 [4f7802c6-3418-4fbd-b0c6-a8e36fcecb0a@group-C31AE2B01B96-SegmentedRaftLogWorker] INFO  impl.StateMachineUpdater (StateMachineUpdater.java:stopAndJoin(125)) - 4f7802c6-3418-4fbd-b0c6-a8e36fcecb0a@group-C31AE2B01B96-StateMachineUpdater: set stopIndex = -1
2019-09-25 04:50:50,382 [a167ab1f-c96d-409e-bb26-ea230783d833@group-B5C234A72D45-SegmentedRaftLogWorker] INFO  impl.StateMachineUpdater (StateMachineUpdater.java:stopAndJoin(125)) - a167ab1f-c96d-409e-bb26-ea230783d833@group-B5C234A72D45-StateMachineUpdater: set stopIndex = -1
2019-09-25 04:50:50,382 [pool-67-thread-1] INFO  server.RaftServerConfigKeys (ConfUtils.java:logGet(43)) - raft.server.log.appender.buffer.byte-limit = 33554432 (custom)
2019-09-25 04:50:50,382 [pool-37-thread-1] INFO  server.RaftServerConfigKeys (ConfUtils.java:logGet(43)) - raft.server.log.appender.buffer.byte-limit = 33554432 (custom)
2019-09-25 04:50:50,382 [a167ab1f-c96d-409e-bb26-ea230783d833@group-0DBE9B28DA20-SegmentedRaftLogWorker] INFO  impl.PendingRequests (PendingRequests.java:sendNotLeaderResponses(202)) - a167ab1f-c96d-409e-bb26-ea230783d833-PendingRequests: sendNotLeaderResponses
2019-09-25 04:50:50,382 [a167ab1f-c96d-409e-bb26-ea230783d833@group-B4FD14FF07AB-SegmentedRaftLogWorker] INFO  impl.StateMachineUpdater (StateMachineUpdater.java:stopAndJoin(125)) - a167ab1f-c96d-409e-bb26-ea230783d833@group-B4FD14FF07AB-StateMachineUpdater: set stopIndex = -1
2019-09-25 04:50:50,379 [45f1801e-7cfd-420a-bb39-98f19dcc81c3@group-D9916A13DB6B-SegmentedRaftLogWorker] INFO  segmented.SegmentedRaftLogWorker (SegmentedRaftLogWorker.java:close(228)) - 45f1801e-7cfd-420a-bb39-98f19dcc81c3@group-D9916A13DB6B-SegmentedRaftLogWorker close()
2019-09-25 04:50:50,379 [aabdae46-dcfa-45e6-b665-2c47bb305ebb@group-97D52EA2DC36-SegmentedRaftLogWorker] INFO  segmented.SegmentedRaftLogWorker (SegmentedRaftLogWorker.java:close(228)) - aabdae46-dcfa-45e6-b665-2c47bb305ebb@group-97D52EA2DC36-SegmentedRaftLogWorker close()
2019-09-25 04:50:50,379 [9216b865-ce6b-4fb7-bc99-65479a86b6eb@group-D51CC7C69CA8-SegmentedRaftLogWorker] INFO  impl.RaftServerImpl (ServerState.java:close(385)) - 9216b865-ce6b-4fb7-bc99-65479a86b6eb@group-D51CC7C69CA8: closes. applyIndex: -1
2019-09-25 04:50:50,384 [a167ab1f-c96d-409e-bb26-ea230783d833@group-B4FD14FF07AB-SegmentedRaftLogWorker] INFO  impl.RaftServerImpl (ServerState.java:close(385)) - a167ab1f-c96d-409e-bb26-ea230783d833@group-B4FD14FF07AB: closes. applyIndex: -1
2019-09-25 04:50:50,384 [a167ab1f-c96d-409e-bb26-ea230783d833@group-0DBE9B28DA20-SegmentedRaftLogWorker] INFO  impl.StateMachineUpdater (StateMachineUpdater.java:stopAndJoin(125)) - a167ab1f-c96d-409e-bb26-ea230783d833@group-0DBE9B28DA20-StateMachineUpdater: set stopIndex = -1
2019-09-25 04:50:50,384 [pool-37-thread-1] INFO  server.RaftServerConfigKeys (ConfUtils.java:logGet(43)) - raft.server.log.segment.size.max = 1048576 (custom)
2019-09-25 04:50:50,384 [pool-87-thread-1] INFO  impl.RaftServerImpl (RaftServerImpl.java:<init>(95)) - 45f1801e-7cfd-420a-bb39-98f19dcc81c3: new RaftServerImpl for group-D85E69EB68E8:[45f1801e-7cfd-420a-bb39-98f19dcc81c3:192.168.151.106:38437] with ContainerStateMachine:uninitialized
2019-09-25 04:50:50,384 [pool-67-thread-1] INFO  server.RaftServerConfigKeys (ConfUtils.java:logGet(43)) - raft.server.log.segment.size.max = 1048576 (custom)
2019-09-25 04:50:50,383 [a167ab1f-c96d-409e-bb26-ea230783d833@group-B5C234A72D45-SegmentedRaftLogWorker] INFO  impl.RaftServerImpl (ServerState.java:close(385)) - a167ab1f-c96d-409e-bb26-ea230783d833@group-B5C234A72D45: closes. applyIndex: -1
2019-09-25 04:50:50,383 [4f7802c6-3418-4fbd-b0c6-a8e36fcecb0a@group-C31AE2B01B96-SegmentedRaftLogWorker] INFO  impl.RaftServerImpl (ServerState.java:close(385)) - 4f7802c6-3418-4fbd-b0c6-a8e36fcecb0a@group-C31AE2B01B96: closes. applyIndex: -1
2019-09-25 04:50:50,383 [aabdae46-dcfa-45e6-b665-2c47bb305ebb@group-96726BA217A5-SegmentedRaftLogWorker] INFO  impl.PendingRequests (PendingRequests.java:sendNotLeaderResponses(202)) - aabdae46-dcfa-45e6-b665-2c47bb305ebb-PendingRequests: sendNotLeaderResponses
2019-09-25 04:50:50,383 [45f1801e-7cfd-420a-bb39-98f19dcc81c3@group-E913C43F8E9C-SegmentedRaftLogWorker] INFO  impl.RaftServerImpl (ServerState.java:close(385)) - 45f1801e-7cfd-420a-bb39-98f19dcc81c3@group-E913C43F8E9C: closes. applyIndex: -1
2019-09-25 04:50:50,386 [aabdae46-dcfa-45e6-b665-2c47bb305ebb@group-96726BA217A5-SegmentedRaftLogWorker] INFO  impl.StateMachineUpdater (StateMachineUpdater.java:stopAndJoin(125)) - aabdae46-dcfa-45e6-b665-2c47bb305ebb@group-96726BA217A5-StateMachineUpdater: set stopIndex = -1
2019-09-25 04:50:50,386 [4f7802c6-3418-4fbd-b0c6-a8e36fcecb0a@group-C31AE2B01B96-SegmentedRaftLogWorker] INFO  segmented.SegmentedRaftLogWorker (SegmentedRaftLogWorker.java:close(228)) - 4f7802c6-3418-4fbd-b0c6-a8e36fcecb0a@group-C31AE2B01B96-SegmentedRaftLogWorker close()
2019-09-25 04:50:50,386 [a167ab1f-c96d-409e-bb26-ea230783d833@group-B5C234A72D45-SegmentedRaftLogWorker] INFO  segmented.SegmentedRaftLogWorker (SegmentedRaftLogWorker.java:close(228)) - a167ab1f-c96d-409e-bb26-ea230783d833@group-B5C234A72D45-SegmentedRaftLogWorker close()
2019-09-25 04:50:50,385 [pool-67-thread-1] INFO  server.RaftServerConfigKeys (ConfUtils.java:logGet(43)) - raft.server.log.segment.cache.num.max = 2 (custom)
2019-09-25 04:50:50,385 [pool-87-thread-1] INFO  server.RaftServerConfigKeys (ConfUtils.java:logGet(43)) - raft.server.rpc.timeout.min = 5s (custom)
2019-09-25 04:50:50,385 [pool-37-thread-1] INFO  server.RaftServerConfigKeys (ConfUtils.java:logGet(43)) - raft.server.log.segment.cache.num.max = 2 (custom)
2019-09-25 04:50:50,385 [a167ab1f-c96d-409e-bb26-ea230783d833@group-0DBE9B28DA20-SegmentedRaftLogWorker] INFO  impl.RaftServerImpl (ServerState.java:close(385)) - a167ab1f-c96d-409e-bb26-ea230783d833@group-0DBE9B28DA20: closes. applyIndex: -1
2019-09-25 04:50:50,385 [a167ab1f-c96d-409e-bb26-ea230783d833@group-B4FD14FF07AB-SegmentedRaftLogWorker] INFO  segmented.SegmentedRaftLogWorker (SegmentedRaftLogWorker.java:close(228)) - a167ab1f-c96d-409e-bb26-ea230783d833@group-B4FD14FF07AB-SegmentedRaftLogWorker close()
2019-09-25 04:50:50,385 [9216b865-ce6b-4fb7-bc99-65479a86b6eb@group-D51CC7C69CA8-SegmentedRaftLogWorker] INFO  segmented.SegmentedRaftLogWorker (SegmentedRaftLogWorker.java:close(228)) - 9216b865-ce6b-4fb7-bc99-65479a86b6eb@group-D51CC7C69CA8-SegmentedRaftLogWorker close()
2019-09-25 04:50:50,387 [a167ab1f-c96d-409e-bb26-ea230783d833@group-0DBE9B28DA20-SegmentedRaftLogWorker] INFO  segmented.SegmentedRaftLogWorker (SegmentedRaftLogWorker.java:close(228)) - a167ab1f-c96d-409e-bb26-ea230783d833@group-0DBE9B28DA20-SegmentedRaftLogWorker close()
2019-09-25 04:50:50,387 [pool-37-thread-1] INFO  segmented.SegmentedRaftLogWorker (SegmentedRaftLogWorker.java:<init>(172)) - new b40ef231-6505-402b-ae57-fc0dc67cbbe8@group-240D96E10ED7-SegmentedRaftLogWorker for RaftStorage:Storage Directory /workdir/hadoop-ozone/integration-test/target/test-dir/MiniOzoneClusterImpl-72f6cbb0-c919-4300-9939-20ef1cbf0e73/datanode-1/data/ratis/af817ea4-e61a-46f2-8d96-240d96e10ed7
2019-09-25 04:50:50,387 [pool-87-thread-1] INFO  server.RaftServerConfigKeys (ConfUtils.java:logGet(43)) - raft.server.rpc.timeout.max = 5200ms (custom)
2019-09-25 04:50:50,387 [pool-67-thread-1] INFO  segmented.SegmentedRaftLogWorker (SegmentedRaftLogWorker.java:<init>(172)) - new aabdae46-dcfa-45e6-b665-2c47bb305ebb@group-240D96E10ED7-SegmentedRaftLogWorker for RaftStorage:Storage Directory /workdir/hadoop-ozone/integration-test/target/test-dir/MiniOzoneClusterImpl-72f6cbb0-c919-4300-9939-20ef1cbf0e73/datanode-4/data/ratis/af817ea4-e61a-46f2-8d96-240d96e10ed7
2019-09-25 04:50:50,386 [aabdae46-dcfa-45e6-b665-2c47bb305ebb@group-96726BA217A5-SegmentedRaftLogWorker] INFO  impl.RaftServerImpl (ServerState.java:close(385)) - aabdae46-dcfa-45e6-b665-2c47bb305ebb@group-96726BA217A5: closes. applyIndex: -1
2019-09-25 04:50:50,386 [45f1801e-7cfd-420a-bb39-98f19dcc81c3@group-E913C43F8E9C-SegmentedRaftLogWorker] INFO  segmented.SegmentedRaftLogWorker (SegmentedRaftLogWorker.java:close(228)) - 45f1801e-7cfd-420a-bb39-98f19dcc81c3@group-E913C43F8E9C-SegmentedRaftLogWorker close()
2019-09-25 04:50:50,388 [aabdae46-dcfa-45e6-b665-2c47bb305ebb@group-96726BA217A5-SegmentedRaftLogWorker] INFO  segmented.SegmentedRaftLogWorker (SegmentedRaftLogWorker.java:close(228)) - aabdae46-dcfa-45e6-b665-2c47bb305ebb@group-96726BA217A5-SegmentedRaftLogWorker close()
2019-09-25 04:50:50,388 [pool-67-thread-1] INFO  server.RaftServerConfigKeys (ConfUtils.java:logGet(43)) - raft.server.log.queue.byte-limit = 2147483647 (custom)
2019-09-25 04:50:50,388 [pool-87-thread-1] INFO  server.RaftServerConfigKeys (ConfUtils.java:logGet(43)) - raft.server.rpcslowness.timeout = 120s (custom)
2019-09-25 04:50:50,388 [pool-37-thread-1] INFO  server.RaftServerConfigKeys (ConfUtils.java:logGet(43)) - raft.server.log.queue.byte-limit = 2147483647 (custom)
2019-09-25 04:50:50,389 [pool-87-thread-1] INFO  server.RaftServerConfigKeys (ConfUtils.java:logGet(43)) - raft.server.sleep.deviation.threshold = 300 (default)
2019-09-25 04:50:50,389 [pool-67-thread-1] INFO  server.RaftServerConfigKeys (ConfUtils.java:logGet(43)) - raft.server.log.queue.element-limit = 1024 (custom)
2019-09-25 04:50:50,389 [pool-87-thread-1] INFO  server.RaftServerConfigKeys (ConfUtils.java:logGet(43)) - raft.server.log.appender.install.snapshot.enabled = false (custom)
2019-09-25 04:50:50,389 [pool-37-thread-1] INFO  server.RaftServerConfigKeys (ConfUtils.java:logGet(43)) - raft.server.log.queue.element-limit = 1024 (custom)
2019-09-25 04:50:50,390 [pool-87-thread-1] INFO  impl.RaftServerImpl (ServerState.java:<init>(103)) - 45f1801e-7cfd-420a-bb39-98f19dcc81c3@group-D85E69EB68E8: ConfigurationManager, init=-1: [45f1801e-7cfd-420a-bb39-98f19dcc81c3:192.168.151.106:38437], old=null, confs=<EMPTY_MAP>
2019-09-25 04:50:50,389 [pool-67-thread-1] INFO  server.RaftServerConfigKeys (ConfUtils.java:logGet(43)) - raft.server.log.segment.size.max = 1048576 (custom)
2019-09-25 04:50:50,390 [pool-87-thread-1] INFO  server.RaftServerConfigKeys (ConfUtils.java:logGet(43)) - raft.server.storage.dir = [/workdir/hadoop-ozone/integration-test/target/test-dir/MiniOzoneClusterImpl-72f6cbb0-c919-4300-9939-20ef1cbf0e73/datanode-6/data/ratis] (custom)
2019-09-25 04:50:50,390 [pool-37-thread-1] INFO  server.RaftServerConfigKeys (ConfUtils.java:logGet(43)) - raft.server.log.segment.size.max = 1048576 (custom)
2019-09-25 04:50:50,390 [pool-37-thread-1] INFO  server.RaftServerConfigKeys (ConfUtils.java:logGet(43)) - raft.server.log.preallocated.size = 16384 (custom)
2019-09-25 04:50:50,390 [pool-67-thread-1] INFO  server.RaftServerConfigKeys (ConfUtils.java:logGet(43)) - raft.server.log.preallocated.size = 16384 (custom)
2019-09-25 04:50:50,390 [pool-37-thread-1] INFO  server.RaftServerConfigKeys (ConfUtils.java:logGet(43)) - raft.server.log.write.buffer.size = 33554432 (custom)
2019-09-25 04:50:50,390 [pool-87-thread-1] INFO  storage.RaftStorageDirectory (RaftStorageDirectory.java:analyzeStorage(246)) - The storage directory /workdir/hadoop-ozone/integration-test/target/test-dir/MiniOzoneClusterImpl-72f6cbb0-c919-4300-9939-20ef1cbf0e73/datanode-6/data/ratis/4fa2872c-84ee-4f59-acfa-d85e69eb68e8 does not exist. Creating ...
2019-09-25 04:50:50,391 [pool-37-thread-1] INFO  server.RaftServerConfigKeys (ConfUtils.java:logGet(43)) - raft.server.log.force.sync.num = 128 (default)
2019-09-25 04:50:50,391 [pool-37-thread-1] INFO  server.RaftServerConfigKeys (ConfUtils.java:logGet(43)) - raft.server.log.statemachine.data.sync = true (default)
2019-09-25 04:50:50,391 [pool-67-thread-1] INFO  server.RaftServerConfigKeys (ConfUtils.java:logGet(43)) - raft.server.log.write.buffer.size = 33554432 (custom)
2019-09-25 04:50:50,391 [pool-37-thread-1] INFO  server.RaftServerConfigKeys (ConfUtils.java:logGet(43)) - raft.server.log.statemachine.data.sync.timeout = 10s (default)
2019-09-25 04:50:50,391 [pool-67-thread-1] INFO  server.RaftServerConfigKeys (ConfUtils.java:logGet(43)) - raft.server.log.force.sync.num = 128 (default)
2019-09-25 04:50:50,392 [pool-37-thread-1] INFO  server.RaftServerConfigKeys (ConfUtils.java:logGet(43)) - raft.server.log.statemachine.data.sync.timeout.retry = -1 (default)
2019-09-25 04:50:50,392 [pool-67-thread-1] INFO  server.RaftServerConfigKeys (ConfUtils.java:logGet(43)) - raft.server.log.statemachine.data.sync = true (default)
2019-09-25 04:50:50,392 [pool-37-thread-1] INFO  server.RaftServerConfigKeys (ConfUtils.java:logGet(43)) - raft.server.log.statemachine.data.caching.enabled = true (custom)
2019-09-25 04:50:50,392 [pool-67-thread-1] INFO  server.RaftServerConfigKeys (ConfUtils.java:logGet(43)) - raft.server.log.statemachine.data.sync.timeout = 10s (default)
2019-09-25 04:50:50,392 [pool-67-thread-1] INFO  server.RaftServerConfigKeys (ConfUtils.java:logGet(43)) - raft.server.log.statemachine.data.sync.timeout.retry = -1 (default)
2019-09-25 04:50:50,392 [pool-37-thread-1] INFO  segmented.SegmentedRaftLogWorker (SegmentedRaftLogWorker.java:lambda$new$0(132)) - b40ef231-6505-402b-ae57-fc0dc67cbbe8@group-240D96E10ED7-SegmentedRaftLogWorker: flushIndex: setUnconditionally 0 -> -1
2019-09-25 04:50:50,392 [pool-67-thread-1] INFO  server.RaftServerConfigKeys (ConfUtils.java:logGet(43)) - raft.server.log.statemachine.data.caching.enabled = true (custom)
]]></system-out>
    <system-err><![CDATA[ERROR StatusLogger No Log4j 2 configuration file found. Using default configuration (logging only errors to the console), or user programmatically provided configurations. Set system property 'log4j2.debug' to show Log4j 2 internal initialization logging. See https://logging.apache.org/log4j/2.x/manual/configuration.html for instructions on how to configure Log4j 2
]]></system-err>
  </testcase>
</testsuite>