<?xml version="1.0" encoding="UTF-8"?>
<testsuite xmlns:xsi="http://www.w3.org/2001/XMLSchema-instance" xsi:noNamespaceSchemaLocation="https://maven.apache.org/surefire/maven-surefire-plugin/xsd/surefire-test-report.xsd" name="org.apache.hadoop.ozone.scm.TestSCMContainerPlacementPolicyMetrics" time="23.157" tests="1" errors="1" skipped="0" failures="0">
  <properties>
    <property name="awt.toolkit" value="sun.awt.X11.XToolkit"/>
    <property name="file.encoding.pkg" value="sun.io"/>
    <property name="java.specification.version" value="1.8"/>
    <property name="sun.cpu.isalist" value=""/>
    <property name="sun.jnu.encoding" value="UTF-8"/>
    <property name="java.class.path" value="/workdir/hadoop-ozone/integration-test/target/test-classes:/workdir/hadoop-ozone/integration-test/target/classes:/home/user/.m2/repository/org/apache/hadoop/hadoop-ozone-common/0.5.0-SNAPSHOT/hadoop-ozone-common-0.5.0-SNAPSHOT.jar:/home/user/.m2/repository/org/apache/commons/commons-compress/1.4.1/commons-compress-1.4.1.jar:/home/user/.m2/repository/org/tukaani/xz/1.0/xz-1.0.jar:/home/user/.m2/repository/org/apache/hadoop/hadoop-common/3.2.0/hadoop-common-3.2.0.jar:/home/user/.m2/repository/org/apache/hadoop/hadoop-hdfs/3.2.0/hadoop-hdfs-3.2.0.jar:/home/user/.m2/repository/org/apache/hadoop/hadoop-hdfs-client/3.2.0/hadoop-hdfs-client-3.2.0.jar:/home/user/.m2/repository/com/fasterxml/jackson/core/jackson-annotations/2.9.9/jackson-annotations-2.9.9.jar:/home/user/.m2/repository/org/apache/hadoop/hadoop-hdds-common/0.5.0-SNAPSHOT/hadoop-hdds-common-0.5.0-SNAPSHOT.jar:/home/user/.m2/repository/javax/annotation/javax.annotation-api/1.2/javax.annotation-api-1.2.jar:/home/user/.m2/repository/org/apache/ratis/ratis-server/0.4.0/ratis-server-0.4.0.jar:/home/user/.m2/repository/org/apache/ratis/ratis-thirdparty-misc/0.2.0/ratis-thirdparty-misc-0.2.0.jar:/home/user/.m2/repository/org/apache/ratis/ratis-proto/0.4.0/ratis-proto-0.4.0.jar:/home/user/.m2/repository/org/apache/ratis/ratis-common/0.4.0/ratis-common-0.4.0.jar:/home/user/.m2/repository/org/apache/ratis/ratis-client/0.4.0/ratis-client-0.4.0.jar:/home/user/.m2/repository/org/apache/ratis/ratis-metrics/0.4.0/ratis-metrics-0.4.0.jar:/home/user/.m2/repository/com/github/joshelser/dropwizard-metrics-hadoop-metrics2-reporter/0.1.2/dropwizard-metrics-hadoop-metrics2-reporter-0.1.2.jar:/home/user/.m2/repository/io/dropwizard/metrics/metrics-jvm/3.2.5/metrics-jvm-3.2.5.jar:/home/user/.m2/repository/io/dropwizard/metrics/metrics-ganglia/3.2.5/metrics-ganglia-3.2.5.jar:/home/user/.m2/repository/info/ganglia/gmetric4j/gmetric4j/1.0.7/gmetric4j-1.0.7.jar:/home/user/.m2/repository/org/apache/ratis/ratis-netty/0.4.0/ratis-netty-0.4.0.jar:/home/user/.m2/repository/org/apache/ratis/ratis-grpc/0.4.0/ratis-grpc-0.4.0.jar:/home/user/.m2/repository/org/rocksdb/rocksdbjni/6.0.1/rocksdbjni-6.0.1.jar:/home/user/.m2/repository/org/apache/logging/log4j/log4j-api/2.11.0/log4j-api-2.11.0.jar:/home/user/.m2/repository/org/apache/logging/log4j/log4j-core/2.11.0/log4j-core-2.11.0.jar:/home/user/.m2/repository/com/lmax/disruptor/3.4.2/disruptor-3.4.2.jar:/home/user/.m2/repository/org/apache/commons/commons-pool2/2.6.0/commons-pool2-2.6.0.jar:/home/user/.m2/repository/org/bouncycastle/bcpkix-jdk15on/1.60/bcpkix-jdk15on-1.60.jar:/home/user/.m2/repository/commons-validator/commons-validator/1.6/commons-validator-1.6.jar:/home/user/.m2/repository/commons-digester/commons-digester/1.8.1/commons-digester-1.8.1.jar:/home/user/.m2/repository/io/jaegertracing/jaeger-client/0.34.0/jaeger-client-0.34.0.jar:/home/user/.m2/repository/io/jaegertracing/jaeger-thrift/0.34.0/jaeger-thrift-0.34.0.jar:/home/user/.m2/repository/org/apache/thrift/libthrift/0.12.0/libthrift-0.12.0.jar:/home/user/.m2/repository/com/squareup/okhttp3/okhttp/3.9.0/okhttp-3.9.0.jar:/home/user/.m2/repository/com/squareup/okio/okio/1.13.0/okio-1.13.0.jar:/home/user/.m2/repository/io/jaegertracing/jaeger-core/0.34.0/jaeger-core-0.34.0.jar:/home/user/.m2/repository/io/jaegertracing/jaeger-tracerresolver/0.34.0/jaeger-tracerresolver-0.34.0.jar:/home/user/.m2/repository/io/opentracing/contrib/opentracing-tracerresolver/0.1.5/opentracing-tracerresolver-0.1.5.jar:/home/user/.m2/repository/io/opentracing/opentracing-util/0.31.0/opentracing-util-0.31.0.jar:/home/user/.m2/repository/io/opentracing/opentracing-api/0.31.0/opentracing-api-0.31.0.jar:/home/user/.m2/repository/io/opentracing/opentracing-noop/0.31.0/opentracing-noop-0.31.0.jar:/home/user/.m2/repository/org/apache/hadoop/hadoop-hdds-server-framework/0.5.0-SNAPSHOT/hadoop-hdds-server-framework-0.5.0-SNAPSHOT.jar:/home/user/.m2/repository/org/apache/hadoop/hadoop-hdds-container-service/0.5.0-SNAPSHOT/hadoop-hdds-container-service-0.5.0-SNAPSHOT.jar:/home/user/.m2/repository/org/apache/hadoop/hadoop-hdds-client/0.5.0-SNAPSHOT/hadoop-hdds-client-0.5.0-SNAPSHOT.jar:/home/user/.m2/repository/org/apache/hadoop/hadoop-hdds-tools/0.5.0-SNAPSHOT/hadoop-hdds-tools-0.5.0-SNAPSHOT.jar:/home/user/.m2/repository/org/apache/hadoop/hadoop-hdds-server-scm/0.5.0-SNAPSHOT/hadoop-hdds-server-scm-0.5.0-SNAPSHOT.jar:/home/user/.m2/repository/org/apache/hadoop/hadoop-hdds-docs/0.5.0-SNAPSHOT/hadoop-hdds-docs-0.5.0-SNAPSHOT.jar:/home/user/.m2/repository/io/dropwizard/metrics/metrics-core/3.2.4/metrics-core-3.2.4.jar:/home/user/.m2/repository/org/hamcrest/hamcrest-all/1.3/hamcrest-all-1.3.jar:/home/user/.m2/repository/org/bouncycastle/bcprov-jdk15on/1.60/bcprov-jdk15on-1.60.jar:/home/user/.m2/repository/info/picocli/picocli/3.9.6/picocli-3.9.6.jar:/home/user/.m2/repository/com/google/protobuf/protobuf-java/2.5.0/protobuf-java-2.5.0.jar:/home/user/.m2/repository/com/google/guava/guava/11.0.2/guava-11.0.2.jar:/home/user/.m2/repository/org/apache/hadoop/hadoop-ozone-ozone-manager/0.5.0-SNAPSHOT/hadoop-ozone-ozone-manager-0.5.0-SNAPSHOT.jar:/home/user/.m2/repository/org/apache/hadoop/hadoop-minikdc/3.2.0/hadoop-minikdc-3.2.0.jar:/home/user/.m2/repository/commons-io/commons-io/2.5/commons-io-2.5.jar:/home/user/.m2/repository/org/apache/kerby/kerb-simplekdc/1.0.1/kerb-simplekdc-1.0.1.jar:/home/user/.m2/repository/org/apache/kerby/kerb-client/1.0.1/kerb-client-1.0.1.jar:/home/user/.m2/repository/org/apache/kerby/kerby-config/1.0.1/kerby-config-1.0.1.jar:/home/user/.m2/repository/org/apache/kerby/kerb-core/1.0.1/kerb-core-1.0.1.jar:/home/user/.m2/repository/org/apache/kerby/kerby-pkix/1.0.1/kerby-pkix-1.0.1.jar:/home/user/.m2/repository/org/apache/kerby/kerby-asn1/1.0.1/kerby-asn1-1.0.1.jar:/home/user/.m2/repository/org/apache/kerby/kerby-util/1.0.1/kerby-util-1.0.1.jar:/home/user/.m2/repository/org/apache/kerby/kerb-common/1.0.1/kerb-common-1.0.1.jar:/home/user/.m2/repository/org/apache/kerby/kerb-crypto/1.0.1/kerb-crypto-1.0.1.jar:/home/user/.m2/repository/org/apache/kerby/kerb-util/1.0.1/kerb-util-1.0.1.jar:/home/user/.m2/repository/org/apache/kerby/token-provider/1.0.1/token-provider-1.0.1.jar:/home/user/.m2/repository/org/apache/kerby/kerb-admin/1.0.1/kerb-admin-1.0.1.jar:/home/user/.m2/repository/org/apache/kerby/kerb-server/1.0.1/kerb-server-1.0.1.jar:/home/user/.m2/repository/org/apache/kerby/kerb-identity/1.0.1/kerb-identity-1.0.1.jar:/home/user/.m2/repository/org/apache/kerby/kerby-xdr/1.0.1/kerby-xdr-1.0.1.jar:/home/user/.m2/repository/org/slf4j/slf4j-log4j12/1.7.25/slf4j-log4j12-1.7.25.jar:/home/user/.m2/repository/org/apache/hadoop/hadoop-ozone-s3gateway/0.5.0-SNAPSHOT/hadoop-ozone-s3gateway-0.5.0-SNAPSHOT.jar:/home/user/.m2/repository/org/jboss/weld/servlet/weld-servlet/2.4.7.Final/weld-servlet-2.4.7.Final.jar:/home/user/.m2/repository/org/glassfish/jersey/containers/jersey-container-servlet-core/2.27/jersey-container-servlet-core-2.27.jar:/home/user/.m2/repository/org/glassfish/hk2/external/javax.inject/2.5.0-b42/javax.inject-2.5.0-b42.jar:/home/user/.m2/repository/org/glassfish/jersey/core/jersey-common/2.27/jersey-common-2.27.jar:/home/user/.m2/repository/org/glassfish/hk2/osgi-resource-locator/1.0.1/osgi-resource-locator-1.0.1.jar:/home/user/.m2/repository/javax/ws/rs/javax.ws.rs-api/2.1/javax.ws.rs-api-2.1.jar:/home/user/.m2/repository/org/glassfish/jersey/ext/cdi/jersey-cdi1x/2.27/jersey-cdi1x-2.27.jar:/home/user/.m2/repository/org/glassfish/jersey/inject/jersey-hk2/2.27/jersey-hk2-2.27.jar:/home/user/.m2/repository/org/glassfish/hk2/hk2-locator/2.5.0-b42/hk2-locator-2.5.0-b42.jar:/home/user/.m2/repository/org/javassist/javassist/3.22.0-CR2/javassist-3.22.0-CR2.jar:/home/user/.m2/repository/org/glassfish/hk2/hk2-api/2.5.0/hk2-api-2.5.0.jar:/home/user/.m2/repository/org/glassfish/hk2/external/jakarta.inject/2.5.0/jakarta.inject-2.5.0.jar:/home/user/.m2/repository/org/glassfish/hk2/hk2-utils/2.5.0/hk2-utils-2.5.0.jar:/home/user/.m2/repository/jakarta/annotation/jakarta.annotation-api/1.3.4/jakarta.annotation-api-1.3.4.jar:/home/user/.m2/repository/org/glassfish/hk2/external/aopalliance-repackaged/2.5.0/aopalliance-repackaged-2.5.0.jar:/home/user/.m2/repository/com/fasterxml/jackson/dataformat/jackson-dataformat-xml/2.9.0/jackson-dataformat-xml-2.9.0.jar:/home/user/.m2/repository/com/fasterxml/jackson/core/jackson-core/2.9.9/jackson-core-2.9.9.jar:/home/user/.m2/repository/com/fasterxml/jackson/module/jackson-module-jaxb-annotations/2.9.9/jackson-module-jaxb-annotations-2.9.9.jar:/home/user/.m2/repository/javax/enterprise/cdi-api/1.2/cdi-api-1.2.jar:/home/user/.m2/repository/javax/el/javax.el-api/3.0.0/javax.el-api-3.0.0.jar:/home/user/.m2/repository/javax/interceptor/javax.interceptor-api/1.2/javax.interceptor-api-1.2.jar:/home/user/.m2/repository/javax/inject/javax.inject/1/javax.inject-1.jar:/home/user/.m2/repository/com/sun/xml/bind/jaxb-impl/2.3.0.1/jaxb-impl-2.3.0.1.jar:/home/user/.m2/repository/com/sun/xml/bind/jaxb-core/2.3.0.1/jaxb-core-2.3.0.1.jar:/home/user/.m2/repository/javax/xml/bind/jaxb-api/2.3.0/jaxb-api-2.3.0.jar:/home/user/.m2/repository/javax/activation/activation/1.1.1/activation-1.1.1.jar:/home/user/.m2/repository/org/apache/hadoop/hadoop-ozone-csi/0.5.0-SNAPSHOT/hadoop-ozone-csi-0.5.0-SNAPSHOT.jar:/home/user/.m2/repository/com/google/protobuf/protobuf-java-util/3.5.1/protobuf-java-util-3.5.1.jar:/home/user/.m2/repository/org/apache/hadoop/hadoop-hdds-config/0.5.0-SNAPSHOT/hadoop-hdds-config-0.5.0-SNAPSHOT.jar:/home/user/.m2/repository/io/grpc/grpc-netty/1.17.1/grpc-netty-1.17.1.jar:/home/user/.m2/repository/io/grpc/grpc-core/1.17.1/grpc-core-1.17.1.jar:/home/user/.m2/repository/io/grpc/grpc-context/1.17.1/grpc-context-1.17.1.jar:/home/user/.m2/repository/com/google/errorprone/error_prone_annotations/2.2.0/error_prone_annotations-2.2.0.jar:/home/user/.m2/repository/org/codehaus/mojo/animal-sniffer-annotations/1.17/animal-sniffer-annotations-1.17.jar:/home/user/.m2/repository/io/opencensus/opencensus-api/0.17.0/opencensus-api-0.17.0.jar:/home/user/.m2/repository/io/opencensus/opencensus-contrib-grpc-metrics/0.17.0/opencensus-contrib-grpc-metrics-0.17.0.jar:/home/user/.m2/repository/io/netty/netty-codec-http2/4.1.30.Final/netty-codec-http2-4.1.30.Final.jar:/home/user/.m2/repository/io/netty/netty-codec-http/4.1.30.Final/netty-codec-http-4.1.30.Final.jar:/home/user/.m2/repository/io/netty/netty-codec/4.1.30.Final/netty-codec-4.1.30.Final.jar:/home/user/.m2/repository/io/netty/netty-handler/4.1.30.Final/netty-handler-4.1.30.Final.jar:/home/user/.m2/repository/io/netty/netty-handler-proxy/4.1.30.Final/netty-handler-proxy-4.1.30.Final.jar:/home/user/.m2/repository/io/netty/netty-codec-socks/4.1.30.Final/netty-codec-socks-4.1.30.Final.jar:/home/user/.m2/repository/io/netty/netty-transport-native-epoll/4.1.30.Final/netty-transport-native-epoll-4.1.30.Final.jar:/home/user/.m2/repository/io/netty/netty-common/4.1.30.Final/netty-common-4.1.30.Final.jar:/home/user/.m2/repository/io/netty/netty-buffer/4.1.30.Final/netty-buffer-4.1.30.Final.jar:/home/user/.m2/repository/io/netty/netty-transport/4.1.30.Final/netty-transport-4.1.30.Final.jar:/home/user/.m2/repository/io/netty/netty-resolver/4.1.30.Final/netty-resolver-4.1.30.Final.jar:/home/user/.m2/repository/io/netty/netty-transport-native-unix-common/4.1.30.Final/netty-transport-native-unix-common-4.1.30.Final.jar:/home/user/.m2/repository/io/grpc/grpc-protobuf/1.17.1/grpc-protobuf-1.17.1.jar:/home/user/.m2/repository/com/google/api/grpc/proto-google-common-protos/1.0.0/proto-google-common-protos-1.0.0.jar:/home/user/.m2/repository/io/grpc/grpc-protobuf-lite/1.17.1/grpc-protobuf-lite-1.17.1.jar:/home/user/.m2/repository/io/grpc/grpc-stub/1.17.1/grpc-stub-1.17.1.jar:/home/user/.m2/repository/org/apache/hadoop/hadoop-ozone-recon/0.5.0-SNAPSHOT/hadoop-ozone-recon-0.5.0-SNAPSHOT.jar:/home/user/.m2/repository/org/apache/hadoop/hadoop-ozone-reconcodegen/0.5.0-SNAPSHOT/hadoop-ozone-reconcodegen-0.5.0-SNAPSHOT.jar:/home/user/.m2/repository/com/google/inject/extensions/guice-multibindings/4.0/guice-multibindings-4.0.jar:/home/user/.m2/repository/com/google/inject/guice/4.0/guice-4.0.jar:/home/user/.m2/repository/aopalliance/aopalliance/1.0/aopalliance-1.0.jar:/home/user/.m2/repository/com/google/inject/extensions/guice-servlet/4.0/guice-servlet-4.0.jar:/home/user/.m2/repository/org/glassfish/jersey/containers/jersey-container-servlet/2.27/jersey-container-servlet-2.27.jar:/home/user/.m2/repository/org/glassfish/hk2/guice-bridge/2.5.0/guice-bridge-2.5.0.jar:/home/user/.m2/repository/org/glassfish/jersey/core/jersey-server/2.27/jersey-server-2.27.jar:/home/user/.m2/repository/org/glassfish/jersey/core/jersey-client/2.27/jersey-client-2.27.jar:/home/user/.m2/repository/org/glassfish/jersey/media/jersey-media-jaxb/2.27/jersey-media-jaxb-2.27.jar:/home/user/.m2/repository/javax/validation/validation-api/1.1.0.Final/validation-api-1.1.0.Final.jar:/home/user/.m2/repository/org/glassfish/jersey/media/jersey-media-json-jackson/2.27/jersey-media-json-jackson-2.27.jar:/home/user/.m2/repository/org/glassfish/jersey/ext/jersey-entity-filtering/2.27/jersey-entity-filtering-2.27.jar:/home/user/.m2/repository/com/google/inject/extensions/guice-assistedinject/4.0/guice-assistedinject-4.0.jar:/home/user/.m2/repository/org/jooq/jooq/3.11.10/jooq-3.11.10.jar:/home/user/.m2/repository/org/jooq/jooq-meta/3.11.10/jooq-meta-3.11.10.jar:/home/user/.m2/repository/org/jooq/jooq-codegen/3.11.10/jooq-codegen-3.11.10.jar:/home/user/.m2/repository/com/jolbox/bonecp/0.8.0.RELEASE/bonecp-0.8.0.RELEASE.jar:/home/user/.m2/repository/org/xerial/sqlite-jdbc/3.25.2/sqlite-jdbc-3.25.2.jar:/home/user/.m2/repository/org/springframework/spring-jdbc/5.1.3.RELEASE/spring-jdbc-5.1.3.RELEASE.jar:/home/user/.m2/repository/org/springframework/spring-beans/5.1.3.RELEASE/spring-beans-5.1.3.RELEASE.jar:/home/user/.m2/repository/org/springframework/spring-core/5.1.3.RELEASE/spring-core-5.1.3.RELEASE.jar:/home/user/.m2/repository/org/springframework/spring-jcl/5.1.3.RELEASE/spring-jcl-5.1.3.RELEASE.jar:/home/user/.m2/repository/org/springframework/spring-tx/5.1.3.RELEASE/spring-tx-5.1.3.RELEASE.jar:/home/user/.m2/repository/org/apache/hadoop/hadoop-ozone-client/0.5.0-SNAPSHOT/hadoop-ozone-client-0.5.0-SNAPSHOT.jar:/home/user/.m2/repository/commons-lang/commons-lang/2.6/commons-lang-2.6.jar:/home/user/.m2/repository/org/apache/hadoop/hadoop-ozone-ozone-manager/0.5.0-SNAPSHOT/hadoop-ozone-ozone-manager-0.5.0-SNAPSHOT-tests.jar:/home/user/.m2/repository/junit/junit/4.11/junit-4.11.jar:/home/user/.m2/repository/org/hamcrest/hamcrest-core/1.3/hamcrest-core-1.3.jar:/home/user/.m2/repository/org/openjdk/jmh/jmh-core/1.19/jmh-core-1.19.jar:/home/user/.m2/repository/net/sf/jopt-simple/jopt-simple/4.6/jopt-simple-4.6.jar:/home/user/.m2/repository/org/apache/commons/commons-math3/3.1.1/commons-math3-3.1.1.jar:/home/user/.m2/repository/org/openjdk/jmh/jmh-generator-annprocess/1.19/jmh-generator-annprocess-1.19.jar:/home/user/.m2/repository/org/mockito/mockito-all/1.8.5/mockito-all-1.8.5.jar:/home/user/.m2/repository/org/apache/hadoop/hadoop-kms/3.2.0/hadoop-kms-3.2.0.jar:/home/user/.m2/repository/org/apache/hadoop/hadoop-auth/3.2.0/hadoop-auth-3.2.0.jar:/home/user/.m2/repository/com/nimbusds/nimbus-jose-jwt/4.41.1/nimbus-jose-jwt-4.41.1.jar:/home/user/.m2/repository/com/github/stephenc/jcip/jcip-annotations/1.0-1/jcip-annotations-1.0-1.jar:/home/user/.m2/repository/net/minidev/json-smart/2.3/json-smart-2.3.jar:/home/user/.m2/repository/net/minidev/accessors-smart/1.2/accessors-smart-1.2.jar:/home/user/.m2/repository/org/ow2/asm/asm/5.0.4/asm-5.0.4.jar:/home/user/.m2/repository/org/apache/curator/curator-framework/2.12.0/curator-framework-2.12.0.jar:/home/user/.m2/repository/com/sun/jersey/jersey-core/1.19/jersey-core-1.19.jar:/home/user/.m2/repository/javax/ws/rs/jsr311-api/1.1.1/jsr311-api-1.1.1.jar:/home/user/.m2/repository/com/sun/jersey/jersey-server/1.19/jersey-server-1.19.jar:/home/user/.m2/repository/javax/servlet/javax.servlet-api/3.1.0/javax.servlet-api-3.1.0.jar:/home/user/.m2/repository/org/eclipse/jetty/jetty-server/9.3.25.v20180904/jetty-server-9.3.25.v20180904.jar:/home/user/.m2/repository/org/eclipse/jetty/jetty-http/9.3.25.v20180904/jetty-http-9.3.25.v20180904.jar:/home/user/.m2/repository/org/eclipse/jetty/jetty-io/9.3.25.v20180904/jetty-io-9.3.25.v20180904.jar:/home/user/.m2/repository/org/eclipse/jetty/jetty-webapp/9.3.25.v20180904/jetty-webapp-9.3.25.v20180904.jar:/home/user/.m2/repository/org/eclipse/jetty/jetty-xml/9.3.25.v20180904/jetty-xml-9.3.25.v20180904.jar:/home/user/.m2/repository/log4j/log4j/1.2.17/log4j-1.2.17.jar:/home/user/.m2/repository/org/slf4j/slf4j-api/1.7.25/slf4j-api-1.7.25.jar:/home/user/.m2/repository/org/slf4j/jul-to-slf4j/1.7.25/jul-to-slf4j-1.7.25.jar:/home/user/.m2/repository/org/eclipse/jetty/jetty-util/9.3.25.v20180904/jetty-util-9.3.25.v20180904.jar:/home/user/.m2/repository/com/fasterxml/jackson/core/jackson-databind/2.9.9/jackson-databind-2.9.9.jar:/home/user/.m2/repository/org/apache/hadoop/hadoop-kms/3.2.0/hadoop-kms-3.2.0-tests.jar:/home/user/.m2/repository/org/apache/hadoop/hadoop-hdds-server-scm/0.5.0-SNAPSHOT/hadoop-hdds-server-scm-0.5.0-SNAPSHOT-tests.jar:/home/user/.m2/repository/org/apache/hadoop/hadoop-hdds-container-service/0.5.0-SNAPSHOT/hadoop-hdds-container-service-0.5.0-SNAPSHOT-tests.jar:/home/user/.m2/repository/org/yaml/snakeyaml/1.16/snakeyaml-1.16.jar:/home/user/.m2/repository/org/apache/hadoop/hadoop-common/3.2.0/hadoop-common-3.2.0-tests.jar:/home/user/.m2/repository/org/apache/hadoop/hadoop-annotations/3.2.0/hadoop-annotations-3.2.0.jar:/usr/lib/jvm/java-1.8-openjdk/jre/../lib/tools.jar:/home/user/.m2/repository/commons-cli/commons-cli/1.2/commons-cli-1.2.jar:/home/user/.m2/repository/org/apache/httpcomponents/httpclient/4.5.2/httpclient-4.5.2.jar:/home/user/.m2/repository/org/apache/httpcomponents/httpcore/4.4.4/httpcore-4.4.4.jar:/home/user/.m2/repository/commons-codec/commons-codec/1.11/commons-codec-1.11.jar:/home/user/.m2/repository/commons-net/commons-net/3.6/commons-net-3.6.jar:/home/user/.m2/repository/commons-collections/commons-collections/3.2.2/commons-collections-3.2.2.jar:/home/user/.m2/repository/org/eclipse/jetty/jetty-servlet/9.3.25.v20180904/jetty-servlet-9.3.25.v20180904.jar:/home/user/.m2/repository/org/eclipse/jetty/jetty-security/9.3.25.v20180904/jetty-security-9.3.25.v20180904.jar:/home/user/.m2/repository/javax/servlet/jsp/jsp-api/2.1/jsp-api-2.1.jar:/home/user/.m2/repository/com/sun/jersey/jersey-servlet/1.19/jersey-servlet-1.19.jar:/home/user/.m2/repository/com/sun/jersey/jersey-json/1.19/jersey-json-1.19.jar:/home/user/.m2/repository/org/codehaus/jettison/jettison/1.1/jettison-1.1.jar:/home/user/.m2/repository/org/codehaus/jackson/jackson-core-asl/1.9.13/jackson-core-asl-1.9.13.jar:/home/user/.m2/repository/org/codehaus/jackson/jackson-mapper-asl/1.9.13/jackson-mapper-asl-1.9.13.jar:/home/user/.m2/repository/org/codehaus/jackson/jackson-jaxrs/1.9.13/jackson-jaxrs-1.9.13.jar:/home/user/.m2/repository/org/codehaus/jackson/jackson-xc/1.9.13/jackson-xc-1.9.13.jar:/home/user/.m2/repository/commons-logging/commons-logging/1.1.3/commons-logging-1.1.3.jar:/home/user/.m2/repository/commons-beanutils/commons-beanutils/1.9.4/commons-beanutils-1.9.4.jar:/home/user/.m2/repository/org/apache/commons/commons-configuration2/2.1.1/commons-configuration2-2.1.1.jar:/home/user/.m2/repository/org/apache/commons/commons-lang3/3.7/commons-lang3-3.7.jar:/home/user/.m2/repository/org/apache/commons/commons-text/1.4/commons-text-1.4.jar:/home/user/.m2/repository/org/apache/avro/avro/1.7.7/avro-1.7.7.jar:/home/user/.m2/repository/com/thoughtworks/paranamer/paranamer/2.3/paranamer-2.3.jar:/home/user/.m2/repository/org/xerial/snappy/snappy-java/1.0.5/snappy-java-1.0.5.jar:/home/user/.m2/repository/com/google/re2j/re2j/1.1/re2j-1.1.jar:/home/user/.m2/repository/com/google/code/gson/gson/2.2.4/gson-2.2.4.jar:/home/user/.m2/repository/com/jcraft/jsch/0.1.54/jsch-0.1.54.jar:/home/user/.m2/repository/org/apache/curator/curator-client/2.12.0/curator-client-2.12.0.jar:/home/user/.m2/repository/org/apache/curator/curator-recipes/2.12.0/curator-recipes-2.12.0.jar:/home/user/.m2/repository/com/google/code/findbugs/jsr305/3.0.0/jsr305-3.0.0.jar:/home/user/.m2/repository/org/apache/htrace/htrace-core4/4.1.0-incubating/htrace-core4-4.1.0-incubating.jar:/home/user/.m2/repository/org/apache/zookeeper/zookeeper/3.4.13/zookeeper-3.4.13.jar:/home/user/.m2/repository/jline/jline/0.9.94/jline-0.9.94.jar:/home/user/.m2/repository/org/apache/yetus/audience-annotations/0.5.0/audience-annotations-0.5.0.jar:/home/user/.m2/repository/org/codehaus/woodstox/stax2-api/3.1.4/stax2-api-3.1.4.jar:/home/user/.m2/repository/com/fasterxml/woodstox/woodstox-core/5.0.3/woodstox-core-5.0.3.jar:/home/user/.m2/repository/dnsjava/dnsjava/2.1.7/dnsjava-2.1.7.jar:/home/user/.m2/repository/org/apache/hadoop/hadoop-hdfs/3.2.0/hadoop-hdfs-3.2.0-tests.jar:/home/user/.m2/repository/org/eclipse/jetty/jetty-util-ajax/9.3.25.v20180904/jetty-util-ajax-9.3.25.v20180904.jar:/home/user/.m2/repository/commons-daemon/commons-daemon/1.0.13/commons-daemon-1.0.13.jar:/home/user/.m2/repository/io/netty/netty/3.10.5.Final/netty-3.10.5.Final.jar:/home/user/.m2/repository/io/netty/netty-all/4.0.52.Final/netty-all-4.0.52.Final.jar:/home/user/.m2/repository/org/fusesource/leveldbjni/leveldbjni-all/1.8/leveldbjni-all-1.8.jar:"/>
    <property name="java.vm.vendor" value="IcedTea"/>
    <property name="sun.arch.data.model" value="64"/>
    <property name="test.build.dir" value="/workdir/hadoop-ozone/integration-test/target/test-dir"/>
    <property name="test.cache.data" value=""/>
    <property name="java.vendor.url" value="https://icedtea.classpath.org"/>
    <property name="user.timezone" value=""/>
    <property name="java.vm.specification.version" value="1.8"/>
    <property name="os.name" value="Linux"/>
    <property name="test.build.data" value="/workdir/hadoop-ozone/integration-test/target/test-dir"/>
    <property name="user.country" value="US"/>
    <property name="sun.java.launcher" value="SUN_STANDARD"/>
    <property name="sun.boot.library.path" value="/usr/lib/jvm/java-1.8-openjdk/jre/lib/amd64"/>
    <property name="sun.java.command" value="/workdir/hadoop-ozone/integration-test/target/surefire/surefirebooter4983986813430123868.jar /workdir/hadoop-ozone/integration-test/target/surefire 2019-09-25T03-16-05_214-jvmRun1 surefire4007132788450250708tmp surefire_318548275919683353490tmp"/>
    <property name="test" value="!TestMiniChaosOzoneCluster"/>
    <property name="surefire.test.class.path" value="/workdir/hadoop-ozone/integration-test/target/test-classes:/workdir/hadoop-ozone/integration-test/target/classes:/home/user/.m2/repository/org/apache/hadoop/hadoop-ozone-common/0.5.0-SNAPSHOT/hadoop-ozone-common-0.5.0-SNAPSHOT.jar:/home/user/.m2/repository/org/apache/commons/commons-compress/1.4.1/commons-compress-1.4.1.jar:/home/user/.m2/repository/org/tukaani/xz/1.0/xz-1.0.jar:/home/user/.m2/repository/org/apache/hadoop/hadoop-common/3.2.0/hadoop-common-3.2.0.jar:/home/user/.m2/repository/org/apache/hadoop/hadoop-hdfs/3.2.0/hadoop-hdfs-3.2.0.jar:/home/user/.m2/repository/org/apache/hadoop/hadoop-hdfs-client/3.2.0/hadoop-hdfs-client-3.2.0.jar:/home/user/.m2/repository/com/fasterxml/jackson/core/jackson-annotations/2.9.9/jackson-annotations-2.9.9.jar:/home/user/.m2/repository/org/apache/hadoop/hadoop-hdds-common/0.5.0-SNAPSHOT/hadoop-hdds-common-0.5.0-SNAPSHOT.jar:/home/user/.m2/repository/javax/annotation/javax.annotation-api/1.2/javax.annotation-api-1.2.jar:/home/user/.m2/repository/org/apache/ratis/ratis-server/0.4.0/ratis-server-0.4.0.jar:/home/user/.m2/repository/org/apache/ratis/ratis-thirdparty-misc/0.2.0/ratis-thirdparty-misc-0.2.0.jar:/home/user/.m2/repository/org/apache/ratis/ratis-proto/0.4.0/ratis-proto-0.4.0.jar:/home/user/.m2/repository/org/apache/ratis/ratis-common/0.4.0/ratis-common-0.4.0.jar:/home/user/.m2/repository/org/apache/ratis/ratis-client/0.4.0/ratis-client-0.4.0.jar:/home/user/.m2/repository/org/apache/ratis/ratis-metrics/0.4.0/ratis-metrics-0.4.0.jar:/home/user/.m2/repository/com/github/joshelser/dropwizard-metrics-hadoop-metrics2-reporter/0.1.2/dropwizard-metrics-hadoop-metrics2-reporter-0.1.2.jar:/home/user/.m2/repository/io/dropwizard/metrics/metrics-jvm/3.2.5/metrics-jvm-3.2.5.jar:/home/user/.m2/repository/io/dropwizard/metrics/metrics-ganglia/3.2.5/metrics-ganglia-3.2.5.jar:/home/user/.m2/repository/info/ganglia/gmetric4j/gmetric4j/1.0.7/gmetric4j-1.0.7.jar:/home/user/.m2/repository/org/apache/ratis/ratis-netty/0.4.0/ratis-netty-0.4.0.jar:/home/user/.m2/repository/org/apache/ratis/ratis-grpc/0.4.0/ratis-grpc-0.4.0.jar:/home/user/.m2/repository/org/rocksdb/rocksdbjni/6.0.1/rocksdbjni-6.0.1.jar:/home/user/.m2/repository/org/apache/logging/log4j/log4j-api/2.11.0/log4j-api-2.11.0.jar:/home/user/.m2/repository/org/apache/logging/log4j/log4j-core/2.11.0/log4j-core-2.11.0.jar:/home/user/.m2/repository/com/lmax/disruptor/3.4.2/disruptor-3.4.2.jar:/home/user/.m2/repository/org/apache/commons/commons-pool2/2.6.0/commons-pool2-2.6.0.jar:/home/user/.m2/repository/org/bouncycastle/bcpkix-jdk15on/1.60/bcpkix-jdk15on-1.60.jar:/home/user/.m2/repository/commons-validator/commons-validator/1.6/commons-validator-1.6.jar:/home/user/.m2/repository/commons-digester/commons-digester/1.8.1/commons-digester-1.8.1.jar:/home/user/.m2/repository/io/jaegertracing/jaeger-client/0.34.0/jaeger-client-0.34.0.jar:/home/user/.m2/repository/io/jaegertracing/jaeger-thrift/0.34.0/jaeger-thrift-0.34.0.jar:/home/user/.m2/repository/org/apache/thrift/libthrift/0.12.0/libthrift-0.12.0.jar:/home/user/.m2/repository/com/squareup/okhttp3/okhttp/3.9.0/okhttp-3.9.0.jar:/home/user/.m2/repository/com/squareup/okio/okio/1.13.0/okio-1.13.0.jar:/home/user/.m2/repository/io/jaegertracing/jaeger-core/0.34.0/jaeger-core-0.34.0.jar:/home/user/.m2/repository/io/jaegertracing/jaeger-tracerresolver/0.34.0/jaeger-tracerresolver-0.34.0.jar:/home/user/.m2/repository/io/opentracing/contrib/opentracing-tracerresolver/0.1.5/opentracing-tracerresolver-0.1.5.jar:/home/user/.m2/repository/io/opentracing/opentracing-util/0.31.0/opentracing-util-0.31.0.jar:/home/user/.m2/repository/io/opentracing/opentracing-api/0.31.0/opentracing-api-0.31.0.jar:/home/user/.m2/repository/io/opentracing/opentracing-noop/0.31.0/opentracing-noop-0.31.0.jar:/home/user/.m2/repository/org/apache/hadoop/hadoop-hdds-server-framework/0.5.0-SNAPSHOT/hadoop-hdds-server-framework-0.5.0-SNAPSHOT.jar:/home/user/.m2/repository/org/apache/hadoop/hadoop-hdds-container-service/0.5.0-SNAPSHOT/hadoop-hdds-container-service-0.5.0-SNAPSHOT.jar:/home/user/.m2/repository/org/apache/hadoop/hadoop-hdds-client/0.5.0-SNAPSHOT/hadoop-hdds-client-0.5.0-SNAPSHOT.jar:/home/user/.m2/repository/org/apache/hadoop/hadoop-hdds-tools/0.5.0-SNAPSHOT/hadoop-hdds-tools-0.5.0-SNAPSHOT.jar:/home/user/.m2/repository/org/apache/hadoop/hadoop-hdds-server-scm/0.5.0-SNAPSHOT/hadoop-hdds-server-scm-0.5.0-SNAPSHOT.jar:/home/user/.m2/repository/org/apache/hadoop/hadoop-hdds-docs/0.5.0-SNAPSHOT/hadoop-hdds-docs-0.5.0-SNAPSHOT.jar:/home/user/.m2/repository/io/dropwizard/metrics/metrics-core/3.2.4/metrics-core-3.2.4.jar:/home/user/.m2/repository/org/hamcrest/hamcrest-all/1.3/hamcrest-all-1.3.jar:/home/user/.m2/repository/org/bouncycastle/bcprov-jdk15on/1.60/bcprov-jdk15on-1.60.jar:/home/user/.m2/repository/info/picocli/picocli/3.9.6/picocli-3.9.6.jar:/home/user/.m2/repository/com/google/protobuf/protobuf-java/2.5.0/protobuf-java-2.5.0.jar:/home/user/.m2/repository/com/google/guava/guava/11.0.2/guava-11.0.2.jar:/home/user/.m2/repository/org/apache/hadoop/hadoop-ozone-ozone-manager/0.5.0-SNAPSHOT/hadoop-ozone-ozone-manager-0.5.0-SNAPSHOT.jar:/home/user/.m2/repository/org/apache/hadoop/hadoop-minikdc/3.2.0/hadoop-minikdc-3.2.0.jar:/home/user/.m2/repository/commons-io/commons-io/2.5/commons-io-2.5.jar:/home/user/.m2/repository/org/apache/kerby/kerb-simplekdc/1.0.1/kerb-simplekdc-1.0.1.jar:/home/user/.m2/repository/org/apache/kerby/kerb-client/1.0.1/kerb-client-1.0.1.jar:/home/user/.m2/repository/org/apache/kerby/kerby-config/1.0.1/kerby-config-1.0.1.jar:/home/user/.m2/repository/org/apache/kerby/kerb-core/1.0.1/kerb-core-1.0.1.jar:/home/user/.m2/repository/org/apache/kerby/kerby-pkix/1.0.1/kerby-pkix-1.0.1.jar:/home/user/.m2/repository/org/apache/kerby/kerby-asn1/1.0.1/kerby-asn1-1.0.1.jar:/home/user/.m2/repository/org/apache/kerby/kerby-util/1.0.1/kerby-util-1.0.1.jar:/home/user/.m2/repository/org/apache/kerby/kerb-common/1.0.1/kerb-common-1.0.1.jar:/home/user/.m2/repository/org/apache/kerby/kerb-crypto/1.0.1/kerb-crypto-1.0.1.jar:/home/user/.m2/repository/org/apache/kerby/kerb-util/1.0.1/kerb-util-1.0.1.jar:/home/user/.m2/repository/org/apache/kerby/token-provider/1.0.1/token-provider-1.0.1.jar:/home/user/.m2/repository/org/apache/kerby/kerb-admin/1.0.1/kerb-admin-1.0.1.jar:/home/user/.m2/repository/org/apache/kerby/kerb-server/1.0.1/kerb-server-1.0.1.jar:/home/user/.m2/repository/org/apache/kerby/kerb-identity/1.0.1/kerb-identity-1.0.1.jar:/home/user/.m2/repository/org/apache/kerby/kerby-xdr/1.0.1/kerby-xdr-1.0.1.jar:/home/user/.m2/repository/org/slf4j/slf4j-log4j12/1.7.25/slf4j-log4j12-1.7.25.jar:/home/user/.m2/repository/org/apache/hadoop/hadoop-ozone-s3gateway/0.5.0-SNAPSHOT/hadoop-ozone-s3gateway-0.5.0-SNAPSHOT.jar:/home/user/.m2/repository/org/jboss/weld/servlet/weld-servlet/2.4.7.Final/weld-servlet-2.4.7.Final.jar:/home/user/.m2/repository/org/glassfish/jersey/containers/jersey-container-servlet-core/2.27/jersey-container-servlet-core-2.27.jar:/home/user/.m2/repository/org/glassfish/hk2/external/javax.inject/2.5.0-b42/javax.inject-2.5.0-b42.jar:/home/user/.m2/repository/org/glassfish/jersey/core/jersey-common/2.27/jersey-common-2.27.jar:/home/user/.m2/repository/org/glassfish/hk2/osgi-resource-locator/1.0.1/osgi-resource-locator-1.0.1.jar:/home/user/.m2/repository/javax/ws/rs/javax.ws.rs-api/2.1/javax.ws.rs-api-2.1.jar:/home/user/.m2/repository/org/glassfish/jersey/ext/cdi/jersey-cdi1x/2.27/jersey-cdi1x-2.27.jar:/home/user/.m2/repository/org/glassfish/jersey/inject/jersey-hk2/2.27/jersey-hk2-2.27.jar:/home/user/.m2/repository/org/glassfish/hk2/hk2-locator/2.5.0-b42/hk2-locator-2.5.0-b42.jar:/home/user/.m2/repository/org/javassist/javassist/3.22.0-CR2/javassist-3.22.0-CR2.jar:/home/user/.m2/repository/org/glassfish/hk2/hk2-api/2.5.0/hk2-api-2.5.0.jar:/home/user/.m2/repository/org/glassfish/hk2/external/jakarta.inject/2.5.0/jakarta.inject-2.5.0.jar:/home/user/.m2/repository/org/glassfish/hk2/hk2-utils/2.5.0/hk2-utils-2.5.0.jar:/home/user/.m2/repository/jakarta/annotation/jakarta.annotation-api/1.3.4/jakarta.annotation-api-1.3.4.jar:/home/user/.m2/repository/org/glassfish/hk2/external/aopalliance-repackaged/2.5.0/aopalliance-repackaged-2.5.0.jar:/home/user/.m2/repository/com/fasterxml/jackson/dataformat/jackson-dataformat-xml/2.9.0/jackson-dataformat-xml-2.9.0.jar:/home/user/.m2/repository/com/fasterxml/jackson/core/jackson-core/2.9.9/jackson-core-2.9.9.jar:/home/user/.m2/repository/com/fasterxml/jackson/module/jackson-module-jaxb-annotations/2.9.9/jackson-module-jaxb-annotations-2.9.9.jar:/home/user/.m2/repository/javax/enterprise/cdi-api/1.2/cdi-api-1.2.jar:/home/user/.m2/repository/javax/el/javax.el-api/3.0.0/javax.el-api-3.0.0.jar:/home/user/.m2/repository/javax/interceptor/javax.interceptor-api/1.2/javax.interceptor-api-1.2.jar:/home/user/.m2/repository/javax/inject/javax.inject/1/javax.inject-1.jar:/home/user/.m2/repository/com/sun/xml/bind/jaxb-impl/2.3.0.1/jaxb-impl-2.3.0.1.jar:/home/user/.m2/repository/com/sun/xml/bind/jaxb-core/2.3.0.1/jaxb-core-2.3.0.1.jar:/home/user/.m2/repository/javax/xml/bind/jaxb-api/2.3.0/jaxb-api-2.3.0.jar:/home/user/.m2/repository/javax/activation/activation/1.1.1/activation-1.1.1.jar:/home/user/.m2/repository/org/apache/hadoop/hadoop-ozone-csi/0.5.0-SNAPSHOT/hadoop-ozone-csi-0.5.0-SNAPSHOT.jar:/home/user/.m2/repository/com/google/protobuf/protobuf-java-util/3.5.1/protobuf-java-util-3.5.1.jar:/home/user/.m2/repository/org/apache/hadoop/hadoop-hdds-config/0.5.0-SNAPSHOT/hadoop-hdds-config-0.5.0-SNAPSHOT.jar:/home/user/.m2/repository/io/grpc/grpc-netty/1.17.1/grpc-netty-1.17.1.jar:/home/user/.m2/repository/io/grpc/grpc-core/1.17.1/grpc-core-1.17.1.jar:/home/user/.m2/repository/io/grpc/grpc-context/1.17.1/grpc-context-1.17.1.jar:/home/user/.m2/repository/com/google/errorprone/error_prone_annotations/2.2.0/error_prone_annotations-2.2.0.jar:/home/user/.m2/repository/org/codehaus/mojo/animal-sniffer-annotations/1.17/animal-sniffer-annotations-1.17.jar:/home/user/.m2/repository/io/opencensus/opencensus-api/0.17.0/opencensus-api-0.17.0.jar:/home/user/.m2/repository/io/opencensus/opencensus-contrib-grpc-metrics/0.17.0/opencensus-contrib-grpc-metrics-0.17.0.jar:/home/user/.m2/repository/io/netty/netty-codec-http2/4.1.30.Final/netty-codec-http2-4.1.30.Final.jar:/home/user/.m2/repository/io/netty/netty-codec-http/4.1.30.Final/netty-codec-http-4.1.30.Final.jar:/home/user/.m2/repository/io/netty/netty-codec/4.1.30.Final/netty-codec-4.1.30.Final.jar:/home/user/.m2/repository/io/netty/netty-handler/4.1.30.Final/netty-handler-4.1.30.Final.jar:/home/user/.m2/repository/io/netty/netty-handler-proxy/4.1.30.Final/netty-handler-proxy-4.1.30.Final.jar:/home/user/.m2/repository/io/netty/netty-codec-socks/4.1.30.Final/netty-codec-socks-4.1.30.Final.jar:/home/user/.m2/repository/io/netty/netty-transport-native-epoll/4.1.30.Final/netty-transport-native-epoll-4.1.30.Final.jar:/home/user/.m2/repository/io/netty/netty-common/4.1.30.Final/netty-common-4.1.30.Final.jar:/home/user/.m2/repository/io/netty/netty-buffer/4.1.30.Final/netty-buffer-4.1.30.Final.jar:/home/user/.m2/repository/io/netty/netty-transport/4.1.30.Final/netty-transport-4.1.30.Final.jar:/home/user/.m2/repository/io/netty/netty-resolver/4.1.30.Final/netty-resolver-4.1.30.Final.jar:/home/user/.m2/repository/io/netty/netty-transport-native-unix-common/4.1.30.Final/netty-transport-native-unix-common-4.1.30.Final.jar:/home/user/.m2/repository/io/grpc/grpc-protobuf/1.17.1/grpc-protobuf-1.17.1.jar:/home/user/.m2/repository/com/google/api/grpc/proto-google-common-protos/1.0.0/proto-google-common-protos-1.0.0.jar:/home/user/.m2/repository/io/grpc/grpc-protobuf-lite/1.17.1/grpc-protobuf-lite-1.17.1.jar:/home/user/.m2/repository/io/grpc/grpc-stub/1.17.1/grpc-stub-1.17.1.jar:/home/user/.m2/repository/org/apache/hadoop/hadoop-ozone-recon/0.5.0-SNAPSHOT/hadoop-ozone-recon-0.5.0-SNAPSHOT.jar:/home/user/.m2/repository/org/apache/hadoop/hadoop-ozone-reconcodegen/0.5.0-SNAPSHOT/hadoop-ozone-reconcodegen-0.5.0-SNAPSHOT.jar:/home/user/.m2/repository/com/google/inject/extensions/guice-multibindings/4.0/guice-multibindings-4.0.jar:/home/user/.m2/repository/com/google/inject/guice/4.0/guice-4.0.jar:/home/user/.m2/repository/aopalliance/aopalliance/1.0/aopalliance-1.0.jar:/home/user/.m2/repository/com/google/inject/extensions/guice-servlet/4.0/guice-servlet-4.0.jar:/home/user/.m2/repository/org/glassfish/jersey/containers/jersey-container-servlet/2.27/jersey-container-servlet-2.27.jar:/home/user/.m2/repository/org/glassfish/hk2/guice-bridge/2.5.0/guice-bridge-2.5.0.jar:/home/user/.m2/repository/org/glassfish/jersey/core/jersey-server/2.27/jersey-server-2.27.jar:/home/user/.m2/repository/org/glassfish/jersey/core/jersey-client/2.27/jersey-client-2.27.jar:/home/user/.m2/repository/org/glassfish/jersey/media/jersey-media-jaxb/2.27/jersey-media-jaxb-2.27.jar:/home/user/.m2/repository/javax/validation/validation-api/1.1.0.Final/validation-api-1.1.0.Final.jar:/home/user/.m2/repository/org/glassfish/jersey/media/jersey-media-json-jackson/2.27/jersey-media-json-jackson-2.27.jar:/home/user/.m2/repository/org/glassfish/jersey/ext/jersey-entity-filtering/2.27/jersey-entity-filtering-2.27.jar:/home/user/.m2/repository/com/google/inject/extensions/guice-assistedinject/4.0/guice-assistedinject-4.0.jar:/home/user/.m2/repository/org/jooq/jooq/3.11.10/jooq-3.11.10.jar:/home/user/.m2/repository/org/jooq/jooq-meta/3.11.10/jooq-meta-3.11.10.jar:/home/user/.m2/repository/org/jooq/jooq-codegen/3.11.10/jooq-codegen-3.11.10.jar:/home/user/.m2/repository/com/jolbox/bonecp/0.8.0.RELEASE/bonecp-0.8.0.RELEASE.jar:/home/user/.m2/repository/org/xerial/sqlite-jdbc/3.25.2/sqlite-jdbc-3.25.2.jar:/home/user/.m2/repository/org/springframework/spring-jdbc/5.1.3.RELEASE/spring-jdbc-5.1.3.RELEASE.jar:/home/user/.m2/repository/org/springframework/spring-beans/5.1.3.RELEASE/spring-beans-5.1.3.RELEASE.jar:/home/user/.m2/repository/org/springframework/spring-core/5.1.3.RELEASE/spring-core-5.1.3.RELEASE.jar:/home/user/.m2/repository/org/springframework/spring-jcl/5.1.3.RELEASE/spring-jcl-5.1.3.RELEASE.jar:/home/user/.m2/repository/org/springframework/spring-tx/5.1.3.RELEASE/spring-tx-5.1.3.RELEASE.jar:/home/user/.m2/repository/org/apache/hadoop/hadoop-ozone-client/0.5.0-SNAPSHOT/hadoop-ozone-client-0.5.0-SNAPSHOT.jar:/home/user/.m2/repository/commons-lang/commons-lang/2.6/commons-lang-2.6.jar:/home/user/.m2/repository/org/apache/hadoop/hadoop-ozone-ozone-manager/0.5.0-SNAPSHOT/hadoop-ozone-ozone-manager-0.5.0-SNAPSHOT-tests.jar:/home/user/.m2/repository/junit/junit/4.11/junit-4.11.jar:/home/user/.m2/repository/org/hamcrest/hamcrest-core/1.3/hamcrest-core-1.3.jar:/home/user/.m2/repository/org/openjdk/jmh/jmh-core/1.19/jmh-core-1.19.jar:/home/user/.m2/repository/net/sf/jopt-simple/jopt-simple/4.6/jopt-simple-4.6.jar:/home/user/.m2/repository/org/apache/commons/commons-math3/3.1.1/commons-math3-3.1.1.jar:/home/user/.m2/repository/org/openjdk/jmh/jmh-generator-annprocess/1.19/jmh-generator-annprocess-1.19.jar:/home/user/.m2/repository/org/mockito/mockito-all/1.8.5/mockito-all-1.8.5.jar:/home/user/.m2/repository/org/apache/hadoop/hadoop-kms/3.2.0/hadoop-kms-3.2.0.jar:/home/user/.m2/repository/org/apache/hadoop/hadoop-auth/3.2.0/hadoop-auth-3.2.0.jar:/home/user/.m2/repository/com/nimbusds/nimbus-jose-jwt/4.41.1/nimbus-jose-jwt-4.41.1.jar:/home/user/.m2/repository/com/github/stephenc/jcip/jcip-annotations/1.0-1/jcip-annotations-1.0-1.jar:/home/user/.m2/repository/net/minidev/json-smart/2.3/json-smart-2.3.jar:/home/user/.m2/repository/net/minidev/accessors-smart/1.2/accessors-smart-1.2.jar:/home/user/.m2/repository/org/ow2/asm/asm/5.0.4/asm-5.0.4.jar:/home/user/.m2/repository/org/apache/curator/curator-framework/2.12.0/curator-framework-2.12.0.jar:/home/user/.m2/repository/com/sun/jersey/jersey-core/1.19/jersey-core-1.19.jar:/home/user/.m2/repository/javax/ws/rs/jsr311-api/1.1.1/jsr311-api-1.1.1.jar:/home/user/.m2/repository/com/sun/jersey/jersey-server/1.19/jersey-server-1.19.jar:/home/user/.m2/repository/javax/servlet/javax.servlet-api/3.1.0/javax.servlet-api-3.1.0.jar:/home/user/.m2/repository/org/eclipse/jetty/jetty-server/9.3.25.v20180904/jetty-server-9.3.25.v20180904.jar:/home/user/.m2/repository/org/eclipse/jetty/jetty-http/9.3.25.v20180904/jetty-http-9.3.25.v20180904.jar:/home/user/.m2/repository/org/eclipse/jetty/jetty-io/9.3.25.v20180904/jetty-io-9.3.25.v20180904.jar:/home/user/.m2/repository/org/eclipse/jetty/jetty-webapp/9.3.25.v20180904/jetty-webapp-9.3.25.v20180904.jar:/home/user/.m2/repository/org/eclipse/jetty/jetty-xml/9.3.25.v20180904/jetty-xml-9.3.25.v20180904.jar:/home/user/.m2/repository/log4j/log4j/1.2.17/log4j-1.2.17.jar:/home/user/.m2/repository/org/slf4j/slf4j-api/1.7.25/slf4j-api-1.7.25.jar:/home/user/.m2/repository/org/slf4j/jul-to-slf4j/1.7.25/jul-to-slf4j-1.7.25.jar:/home/user/.m2/repository/org/eclipse/jetty/jetty-util/9.3.25.v20180904/jetty-util-9.3.25.v20180904.jar:/home/user/.m2/repository/com/fasterxml/jackson/core/jackson-databind/2.9.9/jackson-databind-2.9.9.jar:/home/user/.m2/repository/org/apache/hadoop/hadoop-kms/3.2.0/hadoop-kms-3.2.0-tests.jar:/home/user/.m2/repository/org/apache/hadoop/hadoop-hdds-server-scm/0.5.0-SNAPSHOT/hadoop-hdds-server-scm-0.5.0-SNAPSHOT-tests.jar:/home/user/.m2/repository/org/apache/hadoop/hadoop-hdds-container-service/0.5.0-SNAPSHOT/hadoop-hdds-container-service-0.5.0-SNAPSHOT-tests.jar:/home/user/.m2/repository/org/yaml/snakeyaml/1.16/snakeyaml-1.16.jar:/home/user/.m2/repository/org/apache/hadoop/hadoop-common/3.2.0/hadoop-common-3.2.0-tests.jar:/home/user/.m2/repository/org/apache/hadoop/hadoop-annotations/3.2.0/hadoop-annotations-3.2.0.jar:/usr/lib/jvm/java-1.8-openjdk/jre/../lib/tools.jar:/home/user/.m2/repository/commons-cli/commons-cli/1.2/commons-cli-1.2.jar:/home/user/.m2/repository/org/apache/httpcomponents/httpclient/4.5.2/httpclient-4.5.2.jar:/home/user/.m2/repository/org/apache/httpcomponents/httpcore/4.4.4/httpcore-4.4.4.jar:/home/user/.m2/repository/commons-codec/commons-codec/1.11/commons-codec-1.11.jar:/home/user/.m2/repository/commons-net/commons-net/3.6/commons-net-3.6.jar:/home/user/.m2/repository/commons-collections/commons-collections/3.2.2/commons-collections-3.2.2.jar:/home/user/.m2/repository/org/eclipse/jetty/jetty-servlet/9.3.25.v20180904/jetty-servlet-9.3.25.v20180904.jar:/home/user/.m2/repository/org/eclipse/jetty/jetty-security/9.3.25.v20180904/jetty-security-9.3.25.v20180904.jar:/home/user/.m2/repository/javax/servlet/jsp/jsp-api/2.1/jsp-api-2.1.jar:/home/user/.m2/repository/com/sun/jersey/jersey-servlet/1.19/jersey-servlet-1.19.jar:/home/user/.m2/repository/com/sun/jersey/jersey-json/1.19/jersey-json-1.19.jar:/home/user/.m2/repository/org/codehaus/jettison/jettison/1.1/jettison-1.1.jar:/home/user/.m2/repository/org/codehaus/jackson/jackson-core-asl/1.9.13/jackson-core-asl-1.9.13.jar:/home/user/.m2/repository/org/codehaus/jackson/jackson-mapper-asl/1.9.13/jackson-mapper-asl-1.9.13.jar:/home/user/.m2/repository/org/codehaus/jackson/jackson-jaxrs/1.9.13/jackson-jaxrs-1.9.13.jar:/home/user/.m2/repository/org/codehaus/jackson/jackson-xc/1.9.13/jackson-xc-1.9.13.jar:/home/user/.m2/repository/commons-logging/commons-logging/1.1.3/commons-logging-1.1.3.jar:/home/user/.m2/repository/commons-beanutils/commons-beanutils/1.9.4/commons-beanutils-1.9.4.jar:/home/user/.m2/repository/org/apache/commons/commons-configuration2/2.1.1/commons-configuration2-2.1.1.jar:/home/user/.m2/repository/org/apache/commons/commons-lang3/3.7/commons-lang3-3.7.jar:/home/user/.m2/repository/org/apache/commons/commons-text/1.4/commons-text-1.4.jar:/home/user/.m2/repository/org/apache/avro/avro/1.7.7/avro-1.7.7.jar:/home/user/.m2/repository/com/thoughtworks/paranamer/paranamer/2.3/paranamer-2.3.jar:/home/user/.m2/repository/org/xerial/snappy/snappy-java/1.0.5/snappy-java-1.0.5.jar:/home/user/.m2/repository/com/google/re2j/re2j/1.1/re2j-1.1.jar:/home/user/.m2/repository/com/google/code/gson/gson/2.2.4/gson-2.2.4.jar:/home/user/.m2/repository/com/jcraft/jsch/0.1.54/jsch-0.1.54.jar:/home/user/.m2/repository/org/apache/curator/curator-client/2.12.0/curator-client-2.12.0.jar:/home/user/.m2/repository/org/apache/curator/curator-recipes/2.12.0/curator-recipes-2.12.0.jar:/home/user/.m2/repository/com/google/code/findbugs/jsr305/3.0.0/jsr305-3.0.0.jar:/home/user/.m2/repository/org/apache/htrace/htrace-core4/4.1.0-incubating/htrace-core4-4.1.0-incubating.jar:/home/user/.m2/repository/org/apache/zookeeper/zookeeper/3.4.13/zookeeper-3.4.13.jar:/home/user/.m2/repository/jline/jline/0.9.94/jline-0.9.94.jar:/home/user/.m2/repository/org/apache/yetus/audience-annotations/0.5.0/audience-annotations-0.5.0.jar:/home/user/.m2/repository/org/codehaus/woodstox/stax2-api/3.1.4/stax2-api-3.1.4.jar:/home/user/.m2/repository/com/fasterxml/woodstox/woodstox-core/5.0.3/woodstox-core-5.0.3.jar:/home/user/.m2/repository/dnsjava/dnsjava/2.1.7/dnsjava-2.1.7.jar:/home/user/.m2/repository/org/apache/hadoop/hadoop-hdfs/3.2.0/hadoop-hdfs-3.2.0-tests.jar:/home/user/.m2/repository/org/eclipse/jetty/jetty-util-ajax/9.3.25.v20180904/jetty-util-ajax-9.3.25.v20180904.jar:/home/user/.m2/repository/commons-daemon/commons-daemon/1.0.13/commons-daemon-1.0.13.jar:/home/user/.m2/repository/io/netty/netty/3.10.5.Final/netty-3.10.5.Final.jar:/home/user/.m2/repository/io/netty/netty-all/4.0.52.Final/netty-all-4.0.52.Final.jar:/home/user/.m2/repository/org/fusesource/leveldbjni/leveldbjni-all/1.8/leveldbjni-all-1.8.jar:"/>
    <property name="sun.cpu.endian" value="little"/>
    <property name="user.home" value="/home/user"/>
    <property name="user.language" value="en"/>
    <property name="java.specification.vendor" value="Oracle Corporation"/>
    <property name="java.home" value="/usr/lib/jvm/java-1.8-openjdk/jre"/>
    <property name="java.security.krb5.conf" value="/workdir/hadoop-ozone/integration-test/target/test-classes/krb5.conf"/>
    <property name="basedir" value="/workdir/hadoop-ozone/integration-test"/>
    <property name="file.separator" value="/"/>
    <property name="line.separator" value="&#10;"/>
    <property name="java.vm.specification.vendor" value="Oracle Corporation"/>
    <property name="java.specification.name" value="Java Platform API Specification"/>
    <property name="java.awt.graphicsenv" value="sun.awt.X11GraphicsEnvironment"/>
    <property name="surefire.real.class.path" value="/workdir/hadoop-ozone/integration-test/target/surefire/surefirebooter4983986813430123868.jar"/>
    <property name="hadoop.log.dir" value="/workdir/hadoop-ozone/integration-test/target/log"/>
    <property name="sun.boot.class.path" value="/usr/lib/jvm/java-1.8-openjdk/jre/lib/resources.jar:/usr/lib/jvm/java-1.8-openjdk/jre/lib/rt.jar:/usr/lib/jvm/java-1.8-openjdk/jre/lib/sunrsasign.jar:/usr/lib/jvm/java-1.8-openjdk/jre/lib/jsse.jar:/usr/lib/jvm/java-1.8-openjdk/jre/lib/jce.jar:/usr/lib/jvm/java-1.8-openjdk/jre/lib/charsets.jar:/usr/lib/jvm/java-1.8-openjdk/jre/lib/jfr.jar:/usr/lib/jvm/java-1.8-openjdk/jre/classes"/>
    <property name="sun.management.compiler" value="HotSpot 64-Bit Tiered Compilers"/>
    <property name="java.runtime.version" value="1.8.0_212-b04"/>
    <property name="java.net.preferIPv4Stack" value="true"/>
    <property name="user.name" value="jenkins1000"/>
    <property name="path.separator" value=":"/>
    <property name="java.security.egd" value="file:///dev/urandom"/>
    <property name="os.version" value="3.10.0-957.12.2.el7.x86_64"/>
    <property name="java.endorsed.dirs" value="/usr/lib/jvm/java-1.8-openjdk/jre/lib/endorsed"/>
    <property name="java.runtime.name" value="OpenJDK Runtime Environment"/>
    <property name="file.encoding" value="UTF-8"/>
    <property name="java.vm.name" value="OpenJDK 64-Bit Server VM"/>
    <property name="test.build.webapps" value=""/>
    <property name="localRepository" value="/home/user/.m2/repository"/>
    <property name="java.vendor.url.bug" value="https://icedtea.classpath.org/bugzilla"/>
    <property name="java.io.tmpdir" value="/tmp"/>
    <property name="require.test.libhadoop" value=""/>
    <property name="java.version" value="1.8.0_212"/>
    <property name="user.dir" value="/workdir/hadoop-ozone/integration-test"/>
    <property name="os.arch" value="amd64"/>
    <property name="java.vm.specification.name" value="Java Virtual Machine Specification"/>
    <property name="test.build.classes" value="/workdir/hadoop-ozone/integration-test/target/test-classes"/>
    <property name="java.awt.printerjob" value="sun.print.PSPrinterJob"/>
    <property name="sun.os.patch.level" value="unknown"/>
    <property name="hadoop.tmp.dir" value="/workdir/hadoop-ozone/integration-test/target/tmp"/>
    <property name="java.library.path" value="/usr/lib/jvm/java-1.8-openjdk/jre/lib/amd64/server:/usr/lib/jvm/java-1.8-openjdk/jre/lib/amd64:/usr/lib/jvm/java-1.8-openjdk/jre/../lib/amd64:/workdir/hadoop-ozone/integration-test/target/native/target/usr/local/lib:/workdir/hadoop-ozone/integration-test/../../hadoop-common-project/hadoop-common/target/native/target/usr/local/lib:/usr/java/packages/lib/amd64:/usr/lib64:/lib64:/lib:/usr/lib"/>
    <property name="java.vm.info" value="mixed mode"/>
    <property name="java.vendor" value="IcedTea"/>
    <property name="java.vm.version" value="25.212-b04"/>
    <property name="java.ext.dirs" value="/usr/lib/jvm/java-1.8-openjdk/jre/lib/ext:/usr/java/packages/lib/ext"/>
    <property name="sun.io.unicode.encoding" value="UnicodeLittle"/>
    <property name="java.class.version" value="52.0"/>
  </properties>
  <testcase name="test" classname="org.apache.hadoop.ozone.scm.TestSCMContainerPlacementPolicyMetrics" time="23.093">
    <error message="Allocated 0 blocks. Requested 1 blocks" type="INTERNAL_ERROR org.apache.hadoop.ozone.om.exceptions.OMException">INTERNAL_ERROR org.apache.hadoop.ozone.om.exceptions.OMException: Allocated 0 blocks. Requested 1 blocks
	at org.apache.hadoop.ozone.om.protocolPB.OzoneManagerProtocolClientSideTranslatorPB.handleError(OzoneManagerProtocolClientSideTranslatorPB.java:732)
	at org.apache.hadoop.ozone.om.protocolPB.OzoneManagerProtocolClientSideTranslatorPB.openKey(OzoneManagerProtocolClientSideTranslatorPB.java:723)
	at sun.reflect.NativeMethodAccessorImpl.invoke0(Native Method)
	at sun.reflect.NativeMethodAccessorImpl.invoke(NativeMethodAccessorImpl.java:62)
	at sun.reflect.DelegatingMethodAccessorImpl.invoke(DelegatingMethodAccessorImpl.java:43)
	at java.lang.reflect.Method.invoke(Method.java:498)
	at org.apache.hadoop.hdds.tracing.TraceAllMethod.invoke(TraceAllMethod.java:66)
	at com.sun.proxy.$Proxy37.openKey(Unknown Source)
	at org.apache.hadoop.ozone.client.rpc.RpcClient.createKey(RpcClient.java:614)
	at org.apache.hadoop.ozone.client.OzoneBucket.createKey(OzoneBucket.java:325)
	at org.apache.hadoop.ozone.scm.TestSCMContainerPlacementPolicyMetrics.test(TestSCMContainerPlacementPolicyMetrics.java:108)
	at sun.reflect.NativeMethodAccessorImpl.invoke0(Native Method)
	at sun.reflect.NativeMethodAccessorImpl.invoke(NativeMethodAccessorImpl.java:62)
	at sun.reflect.DelegatingMethodAccessorImpl.invoke(DelegatingMethodAccessorImpl.java:43)
	at java.lang.reflect.Method.invoke(Method.java:498)
	at org.junit.runners.model.FrameworkMethod$1.runReflectiveCall(FrameworkMethod.java:47)
	at org.junit.internal.runners.model.ReflectiveCallable.run(ReflectiveCallable.java:12)
	at org.junit.runners.model.FrameworkMethod.invokeExplosively(FrameworkMethod.java:44)
	at org.junit.internal.runners.statements.InvokeMethod.evaluate(InvokeMethod.java:17)
	at org.junit.internal.runners.statements.FailOnTimeout$StatementThread.run(FailOnTimeout.java:74)
</error>
    <system-out><![CDATA[2019-09-25 03:45:00,920 [main] WARN  server.ServerUtils (ServerUtils.java:getScmDbDir(145)) - ozone.scm.db.dirs is not configured. We recommend adding this setting. Falling back to ozone.metadata.dirs instead.
2019-09-25 03:45:01,019 [main] WARN  server.ServerUtils (ServerUtils.java:getScmDbDir(145)) - ozone.scm.db.dirs is not configured. We recommend adding this setting. Falling back to ozone.metadata.dirs instead.
2019-09-25 03:45:01,022 [main] WARN  server.ServerUtils (ServerUtils.java:getScmDbDir(145)) - ozone.scm.db.dirs is not configured. We recommend adding this setting. Falling back to ozone.metadata.dirs instead.
2019-09-25 03:45:01,041 [main] INFO  util.log (Log.java:initialized(192)) - Logging initialized @872ms
2019-09-25 03:45:01,133 [main] INFO  db.DBStoreBuilder (DBStoreBuilder.java:addTable(110)) - using custom profile for table: deletedBlocks
2019-09-25 03:45:01,133 [main] INFO  db.DBStoreBuilder (DBStoreBuilder.java:processTables(161)) - Using default column profile:DBProfile.DISK for Table:deletedBlocks
2019-09-25 03:45:01,134 [main] INFO  db.DBStoreBuilder (DBStoreBuilder.java:addTable(110)) - using custom profile for table: validCerts
2019-09-25 03:45:01,134 [main] INFO  db.DBStoreBuilder (DBStoreBuilder.java:processTables(161)) - Using default column profile:DBProfile.DISK for Table:validCerts
2019-09-25 03:45:01,134 [main] INFO  db.DBStoreBuilder (DBStoreBuilder.java:addTable(110)) - using custom profile for table: revokedCerts
2019-09-25 03:45:01,134 [main] INFO  db.DBStoreBuilder (DBStoreBuilder.java:processTables(161)) - Using default column profile:DBProfile.DISK for Table:revokedCerts
2019-09-25 03:45:01,146 [main] INFO  db.DBStoreBuilder (DBStoreBuilder.java:addTable(110)) - using custom profile for table: default
2019-09-25 03:45:01,146 [main] INFO  db.DBStoreBuilder (DBStoreBuilder.java:processTables(167)) - Using default column profile:DBProfile.DISK for Table:default
2019-09-25 03:45:01,147 [main] INFO  db.DBStoreBuilder (DBStoreBuilder.java:getDbProfile(198)) - Using default options. DBProfile.DISK
2019-09-25 03:45:01,477 [main] INFO  net.NodeSchemaLoader (NodeSchemaLoader.java:loadSchemaFromFile(125)) - Loading file from sun.misc.CompoundEnumeration@33d512c1
2019-09-25 03:45:01,478 [main] INFO  net.NodeSchemaLoader (NodeSchemaLoader.java:loadSchema(171)) - Loading network topology layer schema file
2019-09-25 03:45:01,547 [main] WARN  server.ServerUtils (ServerUtils.java:sanitizeUserArgs(70)) - ozone.scm.stale.node.interval value = 300000 is larger than max = 100000 based on the key value of ozone.scm.heartbeat.thread.interval, reset to the max value 100000.
2019-09-25 03:45:01,548 [main] WARN  server.ServerUtils (ServerUtils.java:sanitizeUserArgs(70)) - ozone.scm.stale.node.interval value = 300000 is larger than max = 100000 based on the key value of ozone.scm.heartbeat.thread.interval, reset to the max value 100000.
2019-09-25 03:45:01,551 [main] INFO  node.SCMNodeManager (SCMNodeManager.java:<init>(114)) - Entering startup safe mode.
2019-09-25 03:45:01,616 [main] INFO  Configuration.deprecation (Configuration.java:logDeprecation(1394)) - hadoop.configured.node.mapping is deprecated. Instead, use net.topology.configured.node.mapping
2019-09-25 03:45:01,621 [main] INFO  algorithms.ContainerPlacementPolicyFactory (ContainerPlacementPolicyFactory.java:getPolicy(59)) - Create container placement policy of type org.apache.hadoop.hdds.scm.container.placement.algorithms.SCMContainerPlacementRackAware
2019-09-25 03:45:01,635 [main] WARN  server.ServerUtils (ServerUtils.java:getScmDbDir(145)) - ozone.scm.db.dirs is not configured. We recommend adding this setting. Falling back to ozone.metadata.dirs instead.
2019-09-25 03:45:01,734 [main] INFO  pipeline.SCMPipelineManager (SCMPipelineManager.java:initializePipelineState(132)) - No pipeline exists in current db
2019-09-25 03:45:01,736 [main] WARN  server.ServerUtils (ServerUtils.java:getScmDbDir(145)) - ozone.scm.db.dirs is not configured. We recommend adding this setting. Falling back to ozone.metadata.dirs instead.
2019-09-25 03:45:01,865 [main] WARN  events.EventQueue (EventQueue.java:fireEvent(183)) - No event handler registered for event TypedEvent{payloadType=SafeModeStatus, name='SafeModeStatus'}
2019-09-25 03:45:02,191 [main] INFO  ipc.CallQueueManager (CallQueueManager.java:<init>(84)) - Using callQueue: class java.util.concurrent.LinkedBlockingQueue, queueCapacity: 2000, scheduler: class org.apache.hadoop.ipc.DefaultRpcScheduler, ipcBackoff: false.
2019-09-25 03:45:02,220 [Socket Reader #1 for port 44192] INFO  ipc.Server (Server.java:run(1074)) - Starting Socket Reader #1 for port 44192
2019-09-25 03:45:02,369 [main] INFO  ipc.CallQueueManager (CallQueueManager.java:<init>(84)) - Using callQueue: class java.util.concurrent.LinkedBlockingQueue, queueCapacity: 2000, scheduler: class org.apache.hadoop.ipc.DefaultRpcScheduler, ipcBackoff: false.
2019-09-25 03:45:02,371 [Socket Reader #1 for port 41684] INFO  ipc.Server (Server.java:run(1074)) - Starting Socket Reader #1 for port 41684
2019-09-25 03:45:02,383 [main] INFO  ipc.CallQueueManager (CallQueueManager.java:<init>(84)) - Using callQueue: class java.util.concurrent.LinkedBlockingQueue, queueCapacity: 2000, scheduler: class org.apache.hadoop.ipc.DefaultRpcScheduler, ipcBackoff: false.
2019-09-25 03:45:02,384 [Socket Reader #1 for port 37027] INFO  ipc.Server (Server.java:run(1074)) - Starting Socket Reader #1 for port 37027
2019-09-25 03:45:02,412 [main] INFO  hdfs.DFSUtil (DFSUtil.java:httpServerTemplateForNNAndJN(1641)) - Starting Web-server for scm at: http://0.0.0.0:0
2019-09-25 03:45:02,574 [main] INFO  server.AuthenticationFilter (AuthenticationFilter.java:constructSecretProvider(240)) - Unable to initialize FileSignerSecretProvider, falling back to use random secrets.
2019-09-25 03:45:02,583 [main] WARN  http.HttpRequestLog (HttpRequestLog.java:getRequestLog(97)) - Jetty request log can only be enabled using Log4j
2019-09-25 03:45:02,591 [main] INFO  http.HttpServer2 (HttpServer2.java:addGlobalFilter(975)) - Added global filter 'safety' (class=org.apache.hadoop.http.HttpServer2$QuotingInputFilter)
2019-09-25 03:45:02,594 [main] INFO  http.HttpServer2 (HttpServer2.java:addFilter(948)) - Added filter static_user_filter (class=org.apache.hadoop.http.lib.StaticUserWebFilter$StaticUserFilter) to context scm
2019-09-25 03:45:02,594 [main] INFO  http.HttpServer2 (HttpServer2.java:addFilter(958)) - Added filter static_user_filter (class=org.apache.hadoop.http.lib.StaticUserWebFilter$StaticUserFilter) to context logs
2019-09-25 03:45:02,595 [main] INFO  http.HttpServer2 (HttpServer2.java:addFilter(958)) - Added filter static_user_filter (class=org.apache.hadoop.http.lib.StaticUserWebFilter$StaticUserFilter) to context static
2019-09-25 03:45:02,626 [main] INFO  server.StorageContainerManager (StorageContainerManager.java:start(770)) - StorageContainerLocationProtocol RPC server is listening at /0.0.0.0:37027
2019-09-25 03:45:02,683 [main] WARN  impl.MetricsConfig (MetricsConfig.java:loadFirst(134)) - Cannot locate configuration: tried hadoop-metrics2-storagecontainermanager.properties,hadoop-metrics2.properties
2019-09-25 03:45:02,696 [main] INFO  impl.MetricsSystemImpl (MetricsSystemImpl.java:startTimer(374)) - Scheduled Metric snapshot period at 10 second(s).
2019-09-25 03:45:02,696 [main] INFO  impl.MetricsSystemImpl (MetricsSystemImpl.java:start(191)) - StorageContainerManager metrics system started
2019-09-25 03:45:02,917 [main] INFO  server.SCMClientProtocolServer (SCMClientProtocolServer.java:start(151)) - RPC server for Client  is listening at /0.0.0.0:37027
2019-09-25 03:45:02,918 [IPC Server Responder] INFO  ipc.Server (Server.java:run(1314)) - IPC Server Responder: starting
2019-09-25 03:45:02,919 [IPC Server listener on 37027] INFO  ipc.Server (Server.java:run(1153)) - IPC Server listener on 37027: starting
2019-09-25 03:45:02,923 [main] INFO  server.StorageContainerManager (StorageContainerManager.java:start(780)) - ScmBlockLocationProtocol RPC server is listening at /0.0.0.0:41684
2019-09-25 03:45:02,924 [main] INFO  server.SCMBlockProtocolServer (SCMBlockProtocolServer.java:start(146)) - RPC server for Block Protocol is listening at /0.0.0.0:41684
2019-09-25 03:45:02,925 [IPC Server Responder] INFO  ipc.Server (Server.java:run(1314)) - IPC Server Responder: starting
2019-09-25 03:45:02,926 [IPC Server listener on 41684] INFO  ipc.Server (Server.java:run(1153)) - IPC Server listener on 41684: starting
2019-09-25 03:45:02,934 [main] INFO  server.StorageContainerManager (StorageContainerManager.java:start(784)) - ScmDatanodeProtocl RPC server is listening at /0.0.0.0:44192
2019-09-25 03:45:02,934 [main] INFO  server.SCMDatanodeProtocolServer (SCMDatanodeProtocolServer.java:start(191)) - RPC server for DataNodes is listening at /0.0.0.0:44192
2019-09-25 03:45:02,935 [IPC Server listener on 44192] INFO  ipc.Server (Server.java:run(1153)) - IPC Server listener on 44192: starting
2019-09-25 03:45:02,936 [IPC Server Responder] INFO  ipc.Server (Server.java:run(1314)) - IPC Server Responder: starting
2019-09-25 03:45:02,946 [main] INFO  http.HttpServer2 (HttpServer2.java:bindListener(1191)) - Jetty bound to port 41568
2019-09-25 03:45:02,947 [main] INFO  server.Server (Server.java:doStart(351)) - jetty-9.3.25.v20180904, build timestamp: 2018-09-04T21:11:46Z, git hash: 3ce520221d0240229c862b122d2b06c12a625732
2019-09-25 03:45:02,987 [main] INFO  handler.ContextHandler (ContextHandler.java:doStart(781)) - Started o.e.j.s.ServletContextHandler@3e821657{/logs,file:///workdir/hadoop-ozone/integration-test/target/log,AVAILABLE}
2019-09-25 03:45:02,988 [main] INFO  handler.ContextHandler (ContextHandler.java:doStart(781)) - Started o.e.j.s.ServletContextHandler@71cf1b07{/static,file:///workdir/hadoop-ozone/integration-test/target/test-classes/webapps/static,AVAILABLE}
2019-09-25 03:45:03,048 [main] INFO  handler.ContextHandler (ContextHandler.java:doStart(781)) - Started o.e.j.w.WebAppContext@69f63d95{/,file:///workdir/hadoop-ozone/integration-test/target/test-classes/webapps/scm/,AVAILABLE}{/scm}
2019-09-25 03:45:03,056 [main] INFO  server.AbstractConnector (AbstractConnector.java:doStart(278)) - Started ServerConnector@72c927f1{HTTP/1.1,[http/1.1]}{0.0.0.0:41568}
2019-09-25 03:45:03,057 [main] INFO  server.Server (Server.java:doStart(419)) - Started @2888ms
2019-09-25 03:45:03,060 [main] INFO  impl.MetricsSinkAdapter (MetricsSinkAdapter.java:start(204)) - Sink prometheus started
2019-09-25 03:45:03,060 [main] INFO  impl.MetricsSystemImpl (MetricsSystemImpl.java:registerSink(301)) - Registered sink prometheus
2019-09-25 03:45:03,062 [main] INFO  server.BaseHttpServer (BaseHttpServer.java:updateConnectorAddress(215)) - HTTP server of SCM is listening at http://0.0.0.0:41568
2019-09-25 03:45:03,071 [org.apache.hadoop.util.JvmPauseMonitor$Monitor@532721fd] INFO  util.JvmPauseMonitor (JvmPauseMonitor.java:run(188)) - Starting JVM pause monitor
2019-09-25 03:45:03,076 [main] WARN  server.ServerUtils (ServerUtils.java:getDBPath(222)) - ozone.om.db.dirs is not configured. We recommend adding this setting. Falling back to ozone.metadata.dirs instead.
2019-09-25 03:45:03,227 [main] WARN  server.ServerUtils (ServerUtils.java:getDBPath(222)) - ozone.om.db.dirs is not configured. We recommend adding this setting. Falling back to ozone.metadata.dirs instead.
2019-09-25 03:45:03,227 [main] WARN  server.ServerUtils (ServerUtils.java:getDBPath(222)) - ozone.om.db.dirs is not configured. We recommend adding this setting. Falling back to ozone.metadata.dirs instead.
2019-09-25 03:45:03,228 [main] INFO  om.OzoneManager (OzoneManager.java:setOMNodeDetails(652)) - OM Service ID is not set. Setting it to the default ID: omServiceIdDefault
2019-09-25 03:45:03,229 [main] INFO  om.OzoneManager (OzoneManager.java:setOMNodeDetails(658)) - OM Node ID is not set. Setting it to the OmStorage's OmID: c5689325-208f-4527-8ffb-21609714c957
2019-09-25 03:45:03,230 [main] INFO  om.OzoneManager (OzoneManager.java:loadOMHAConfigs(609)) - Found matching OM address with OMServiceId: null, OMNodeId: null, RPC Address: localhost:0 and Ratis port: 9872
2019-09-25 03:45:03,988 [main] WARN  server.ServerUtils (ServerUtils.java:getDBPath(222)) - ozone.om.db.dirs is not configured. We recommend adding this setting. Falling back to ozone.metadata.dirs instead.
2019-09-25 03:45:03,996 [main] INFO  db.DBStoreBuilder (DBStoreBuilder.java:addTable(110)) - using custom profile for table: userTable
2019-09-25 03:45:03,996 [main] INFO  db.DBStoreBuilder (DBStoreBuilder.java:processTables(161)) - Using default column profile:DBProfile.DISK for Table:userTable
2019-09-25 03:45:03,997 [main] INFO  db.DBStoreBuilder (DBStoreBuilder.java:addTable(110)) - using custom profile for table: volumeTable
2019-09-25 03:45:03,997 [main] INFO  db.DBStoreBuilder (DBStoreBuilder.java:processTables(161)) - Using default column profile:DBProfile.DISK for Table:volumeTable
2019-09-25 03:45:03,997 [main] INFO  db.DBStoreBuilder (DBStoreBuilder.java:addTable(110)) - using custom profile for table: bucketTable
2019-09-25 03:45:03,997 [main] INFO  db.DBStoreBuilder (DBStoreBuilder.java:processTables(161)) - Using default column profile:DBProfile.DISK for Table:bucketTable
2019-09-25 03:45:03,998 [main] INFO  db.DBStoreBuilder (DBStoreBuilder.java:addTable(110)) - using custom profile for table: keyTable
2019-09-25 03:45:03,998 [main] INFO  db.DBStoreBuilder (DBStoreBuilder.java:processTables(161)) - Using default column profile:DBProfile.DISK for Table:keyTable
2019-09-25 03:45:03,998 [main] INFO  db.DBStoreBuilder (DBStoreBuilder.java:addTable(110)) - using custom profile for table: deletedTable
2019-09-25 03:45:03,998 [main] INFO  db.DBStoreBuilder (DBStoreBuilder.java:processTables(161)) - Using default column profile:DBProfile.DISK for Table:deletedTable
2019-09-25 03:45:03,999 [main] INFO  db.DBStoreBuilder (DBStoreBuilder.java:addTable(110)) - using custom profile for table: openKeyTable
2019-09-25 03:45:03,999 [main] INFO  db.DBStoreBuilder (DBStoreBuilder.java:processTables(161)) - Using default column profile:DBProfile.DISK for Table:openKeyTable
2019-09-25 03:45:03,999 [main] INFO  db.DBStoreBuilder (DBStoreBuilder.java:addTable(110)) - using custom profile for table: s3Table
2019-09-25 03:45:03,999 [main] INFO  db.DBStoreBuilder (DBStoreBuilder.java:processTables(161)) - Using default column profile:DBProfile.DISK for Table:s3Table
2019-09-25 03:45:04,000 [main] INFO  db.DBStoreBuilder (DBStoreBuilder.java:addTable(110)) - using custom profile for table: multipartInfoTable
2019-09-25 03:45:04,000 [main] INFO  db.DBStoreBuilder (DBStoreBuilder.java:processTables(161)) - Using default column profile:DBProfile.DISK for Table:multipartInfoTable
2019-09-25 03:45:04,000 [main] INFO  db.DBStoreBuilder (DBStoreBuilder.java:addTable(110)) - using custom profile for table: dTokenTable
2019-09-25 03:45:04,000 [main] INFO  db.DBStoreBuilder (DBStoreBuilder.java:processTables(161)) - Using default column profile:DBProfile.DISK for Table:dTokenTable
2019-09-25 03:45:04,001 [main] INFO  db.DBStoreBuilder (DBStoreBuilder.java:addTable(110)) - using custom profile for table: s3SecretTable
2019-09-25 03:45:04,001 [main] INFO  db.DBStoreBuilder (DBStoreBuilder.java:processTables(161)) - Using default column profile:DBProfile.DISK for Table:s3SecretTable
2019-09-25 03:45:04,001 [main] INFO  db.DBStoreBuilder (DBStoreBuilder.java:addTable(110)) - using custom profile for table: prefixTable
2019-09-25 03:45:04,001 [main] INFO  db.DBStoreBuilder (DBStoreBuilder.java:processTables(161)) - Using default column profile:DBProfile.DISK for Table:prefixTable
2019-09-25 03:45:04,002 [main] INFO  db.DBStoreBuilder (DBStoreBuilder.java:addTable(110)) - using custom profile for table: default
2019-09-25 03:45:04,002 [main] INFO  db.DBStoreBuilder (DBStoreBuilder.java:processTables(167)) - Using default column profile:DBProfile.DISK for Table:default
2019-09-25 03:45:04,002 [main] INFO  db.DBStoreBuilder (DBStoreBuilder.java:getDbProfile(198)) - Using default options. DBProfile.DISK
2019-09-25 03:45:04,720 [KeyDeletingService#0] WARN  utils.BackgroundService (BackgroundService.java:lambda$run$0(135)) - Background task fails to execute, retrying in next interval
java.util.concurrent.ExecutionException: java.lang.NullPointerException
	at java.util.concurrent.FutureTask.report(FutureTask.java:122)
	at java.util.concurrent.FutureTask.get(FutureTask.java:206)
	at org.apache.hadoop.hdds.utils.BackgroundService$PeriodicalTask.lambda$run$0(BackgroundService.java:129)
	at java.util.stream.ForEachOps$ForEachOp$OfRef.accept(ForEachOps.java:184)
	at java.util.ArrayList$ArrayListSpliterator.forEachRemaining(ArrayList.java:1382)
	at java.util.stream.AbstractPipeline.copyInto(AbstractPipeline.java:482)
	at java.util.stream.ForEachOps$ForEachTask.compute(ForEachOps.java:291)
	at java.util.concurrent.CountedCompleter.exec(CountedCompleter.java:731)
	at java.util.concurrent.ForkJoinTask.doExec(ForkJoinTask.java:289)
	at java.util.concurrent.ForkJoinTask.doInvoke(ForkJoinTask.java:401)
	at java.util.concurrent.ForkJoinTask.invoke(ForkJoinTask.java:734)
	at java.util.stream.ForEachOps$ForEachOp.evaluateParallel(ForEachOps.java:160)
	at java.util.stream.ForEachOps$ForEachOp$OfRef.evaluateParallel(ForEachOps.java:174)
	at java.util.stream.AbstractPipeline.evaluate(AbstractPipeline.java:233)
	at java.util.stream.ReferencePipeline.forEach(ReferencePipeline.java:418)
	at java.util.stream.ReferencePipeline$Head.forEach(ReferencePipeline.java:583)
	at org.apache.hadoop.hdds.utils.BackgroundService$PeriodicalTask.run(BackgroundService.java:125)
	at java.util.concurrent.Executors$RunnableAdapter.call(Executors.java:511)
	at java.util.concurrent.FutureTask.runAndReset(FutureTask.java:308)
	at java.util.concurrent.ScheduledThreadPoolExecutor$ScheduledFutureTask.access$301(ScheduledThreadPoolExecutor.java:180)
	at java.util.concurrent.ScheduledThreadPoolExecutor$ScheduledFutureTask.run(ScheduledThreadPoolExecutor.java:294)
	at java.util.concurrent.ThreadPoolExecutor.runWorker(ThreadPoolExecutor.java:1149)
	at java.util.concurrent.ThreadPoolExecutor$Worker.run(ThreadPoolExecutor.java:624)
	at java.lang.Thread.run(Thread.java:748)
Caused by: java.lang.NullPointerException
	at org.apache.hadoop.ozone.om.OzoneManager.isLeader(OzoneManager.java:3430)
	at org.apache.hadoop.ozone.om.KeyDeletingService.shouldRun(KeyDeletingService.java:120)
	at org.apache.hadoop.ozone.om.KeyDeletingService.access$100(KeyDeletingService.java:58)
	at org.apache.hadoop.ozone.om.KeyDeletingService$KeyDeletingTask.call(KeyDeletingService.java:149)
	at org.apache.hadoop.ozone.om.KeyDeletingService$KeyDeletingTask.call(KeyDeletingService.java:137)
	at java.util.concurrent.FutureTask.run(FutureTask.java:266)
	at java.util.concurrent.Executors$RunnableAdapter.call(Executors.java:511)
	at java.util.concurrent.FutureTask.run(FutureTask.java:266)
	at java.util.concurrent.Executors$RunnableAdapter.call(Executors.java:511)
	at java.util.concurrent.FutureTask.run(FutureTask.java:266)
	at java.util.concurrent.ScheduledThreadPoolExecutor$ScheduledFutureTask.access$201(ScheduledThreadPoolExecutor.java:180)
	at java.util.concurrent.ScheduledThreadPoolExecutor$ScheduledFutureTask.run(ScheduledThreadPoolExecutor.java:293)
	... 3 more
2019-09-25 03:45:04,751 [main] WARN  scm.HddsServerUtil (HddsServerUtil.java:getDefaultRatisDirectory(354)) - Storage directory for Ratis is not configured. It is a good idea to map this to an SSD disk. Falling back to ozone.metadata.dirs
2019-09-25 03:45:04,776 [main] INFO  ratis.OzoneManagerRatisServer (OzoneManagerRatisServer.java:<init>(241)) - Instantiating OM Ratis server with GroupID: omServiceIdDefault and Raft Peers: localhost:9872
2019-09-25 03:45:04,983 [main] INFO  impl.RaftServerProxy (ConfUtils.java:logGet(43)) - raft.rpc.type = GRPC (default)
2019-09-25 03:45:05,058 [main] INFO  grpc.GrpcFactory (GrpcFactory.java:checkPooledByteBufAllocatorUseCacheForAllThreads(45)) - PERFORMANCE WARNING: useCacheForAllThreads is true that may cause Netty to create a lot garbage objects and, as a result, trigger GC.
	It is recommended to disable useCacheForAllThreads by setting -Dorg.apache.ratis.thirdparty.io.netty.allocator.useCacheForAllThreads=false in command line.
2019-09-25 03:45:05,063 [main] INFO  grpc.GrpcConfigKeys$Server (ConfUtils.java:logGet(43)) - raft.grpc.server.port = 9872 (custom)
2019-09-25 03:45:05,064 [main] INFO  server.GrpcService (ConfUtils.java:logGet(43)) - raft.grpc.message.size.max = 33554432 (custom)
2019-09-25 03:45:05,066 [main] INFO  server.RaftServerConfigKeys (ConfUtils.java:logGet(43)) - raft.server.log.appender.buffer.byte-limit = 33554432 (custom)
2019-09-25 03:45:05,066 [main] INFO  server.GrpcService (ConfUtils.java:logGet(43)) - raft.grpc.flow.control.window = 1MB (=1048576) (default)
2019-09-25 03:45:05,067 [main] INFO  server.RaftServerConfigKeys (ConfUtils.java:logGet(43)) - raft.server.rpc.request.timeout = 3000ms (default)
2019-09-25 03:45:05,225 [main] INFO  server.RaftServerConfigKeys (ConfUtils.java:logGet(43)) - raft.server.storage.dir = [/workdir/hadoop-ozone/integration-test/target/test-dir/MiniOzoneClusterImpl-87ec6964-4cbb-4ea4-8c8c-f74cd58bfd83/ozone-meta/ratis] (custom)
2019-09-25 03:45:05,232 [main] INFO  impl.RaftServerProxy (RaftServerProxy.java:addNew(89)) - c5689325-208f-4527-8ffb-21609714c957: addNew group-C5BA1605619E:[c5689325-208f-4527-8ffb-21609714c957:localhost:9872] returns group-C5BA1605619E:java.util.concurrent.CompletableFuture@1ac45389[Not completed]
2019-09-25 03:45:05,234 [main] INFO  om.OzoneManager (OzoneManager.java:initializeRatisServer(1389)) - OzoneManager Ratis server initialized at port 9872
2019-09-25 03:45:05,237 [main] WARN  scm.HddsServerUtil (HddsServerUtil.java:getDefaultRatisDirectory(354)) - Storage directory for Ratis is not configured. It is a good idea to map this to an SSD disk. Falling back to ozone.metadata.dirs
2019-09-25 03:45:05,237 [main] WARN  scm.HddsServerUtil (HddsServerUtil.java:getDefaultRatisDirectory(354)) - Storage directory for Ratis is not configured. It is a good idea to map this to an SSD disk. Falling back to ozone.metadata.dirs
2019-09-25 03:45:05,253 [pool-22-thread-1] INFO  impl.RaftServerImpl (RaftServerImpl.java:<init>(95)) - c5689325-208f-4527-8ffb-21609714c957: new RaftServerImpl for group-C5BA1605619E:[c5689325-208f-4527-8ffb-21609714c957:localhost:9872] with OzoneManagerStateMachine:uninitialized
2019-09-25 03:45:05,254 [main] INFO  ipc.CallQueueManager (CallQueueManager.java:<init>(84)) - Using callQueue: class java.util.concurrent.LinkedBlockingQueue, queueCapacity: 2000, scheduler: class org.apache.hadoop.ipc.DefaultRpcScheduler, ipcBackoff: false.
2019-09-25 03:45:05,256 [pool-22-thread-1] INFO  server.RaftServerConfigKeys (ConfUtils.java:logGet(43)) - raft.server.rpc.timeout.min = 1s (custom)
2019-09-25 03:45:05,256 [Socket Reader #1 for port 35979] INFO  ipc.Server (Server.java:run(1074)) - Starting Socket Reader #1 for port 35979
2019-09-25 03:45:05,257 [pool-22-thread-1] INFO  server.RaftServerConfigKeys (ConfUtils.java:logGet(43)) - raft.server.rpc.timeout.max = 1200ms (custom)
2019-09-25 03:45:05,257 [pool-22-thread-1] INFO  server.RaftServerConfigKeys (ConfUtils.java:logGet(43)) - raft.server.rpcslowness.timeout = 120s (custom)
2019-09-25 03:45:05,259 [pool-22-thread-1] INFO  server.RaftServerConfigKeys (ConfUtils.java:logGet(43)) - raft.server.sleep.deviation.threshold = 300 (default)
2019-09-25 03:45:05,260 [pool-22-thread-1] INFO  server.RaftServerConfigKeys (ConfUtils.java:logGet(43)) - raft.server.log.appender.install.snapshot.enabled = false (custom)
2019-09-25 03:45:05,272 [pool-22-thread-1] INFO  impl.RaftServerImpl (ServerState.java:<init>(103)) - c5689325-208f-4527-8ffb-21609714c957@group-C5BA1605619E: ConfigurationManager, init=-1: [c5689325-208f-4527-8ffb-21609714c957:localhost:9872], old=null, confs=<EMPTY_MAP>
2019-09-25 03:45:05,272 [pool-22-thread-1] INFO  server.RaftServerConfigKeys (ConfUtils.java:logGet(43)) - raft.server.storage.dir = [/workdir/hadoop-ozone/integration-test/target/test-dir/MiniOzoneClusterImpl-87ec6964-4cbb-4ea4-8c8c-f74cd58bfd83/ozone-meta/ratis] (custom)
2019-09-25 03:45:05,281 [main] INFO  om.OzoneManager (OzoneManager.java:start(1243)) - OzoneManager RPC server is listening at localhost/127.0.0.1:35979
2019-09-25 03:45:05,282 [main] INFO  impl.MetricsSystemImpl (MetricsSystemImpl.java:init(158)) - OzoneManager metrics system started (again)
2019-09-25 03:45:05,282 [main] INFO  ratis.OzoneManagerRatisServer (OzoneManagerRatisServer.java:start(331)) - Starting OzoneManagerRatisServer c5689325-208f-4527-8ffb-21609714c957 at port 9872
2019-09-25 03:45:05,287 [pool-22-thread-1] INFO  storage.RaftStorageDirectory (RaftStorageDirectory.java:analyzeStorage(246)) - The storage directory /workdir/hadoop-ozone/integration-test/target/test-dir/MiniOzoneClusterImpl-87ec6964-4cbb-4ea4-8c8c-f74cd58bfd83/ozone-meta/ratis/bf265839-605b-3f16-9796-c5ba1605619e does not exist. Creating ...
2019-09-25 03:45:05,306 [pool-22-thread-1] INFO  storage.RaftStorageDirectory (RaftStorageDirectory.java:tryLock(328)) - Lock on /workdir/hadoop-ozone/integration-test/target/test-dir/MiniOzoneClusterImpl-87ec6964-4cbb-4ea4-8c8c-f74cd58bfd83/ozone-meta/ratis/bf265839-605b-3f16-9796-c5ba1605619e/in_use.lock acquired by nodename 13655@pr-hdds-1569-x2sr2-3486766547
2019-09-25 03:45:05,321 [pool-22-thread-1] INFO  storage.RaftStorage (RaftStorage.java:format(72)) - Storage directory /workdir/hadoop-ozone/integration-test/target/test-dir/MiniOzoneClusterImpl-87ec6964-4cbb-4ea4-8c8c-f74cd58bfd83/ozone-meta/ratis/bf265839-605b-3f16-9796-c5ba1605619e has been successfully formatted.
2019-09-25 03:45:05,326 [pool-22-thread-1] INFO  server.RaftServerConfigKeys (ConfUtils.java:logGet(43)) - raft.server.notification.no-leader.timeout = 120s (custom)
2019-09-25 03:45:05,329 [pool-22-thread-1] INFO  server.RaftServerConfigKeys (ConfUtils.java:logGet(43)) - raft.server.log.use.memory = false (default)
2019-09-25 03:45:05,338 [pool-22-thread-1] INFO  server.RaftServerConfigKeys (ConfUtils.java:logGet(43)) - raft.server.log.purge.gap = 1000000 (custom)
2019-09-25 03:45:05,338 [pool-22-thread-1] INFO  server.RaftServerConfigKeys (ConfUtils.java:logGet(43)) - raft.server.log.appender.buffer.byte-limit = 33554432 (custom)
2019-09-25 03:45:05,341 [pool-22-thread-1] INFO  server.RaftServerConfigKeys (ConfUtils.java:logGet(43)) - raft.server.log.segment.size.max = 16384 (custom)
2019-09-25 03:45:05,346 [pool-22-thread-1] INFO  server.RaftServerConfigKeys (ConfUtils.java:logGet(43)) - raft.server.log.segment.cache.num.max = 2 (custom)
2019-09-25 03:45:05,353 [pool-22-thread-1] INFO  segmented.SegmentedRaftLogWorker (SegmentedRaftLogWorker.java:<init>(172)) - new c5689325-208f-4527-8ffb-21609714c957@group-C5BA1605619E-SegmentedRaftLogWorker for RaftStorage:Storage Directory /workdir/hadoop-ozone/integration-test/target/test-dir/MiniOzoneClusterImpl-87ec6964-4cbb-4ea4-8c8c-f74cd58bfd83/ozone-meta/ratis/bf265839-605b-3f16-9796-c5ba1605619e
2019-09-25 03:45:05,354 [pool-22-thread-1] INFO  impl.MetricsSystemImpl (MetricsSystemImpl.java:init(158)) - ratis metrics system started (again)
2019-09-25 03:45:05,361 [pool-22-thread-1] INFO  metrics.MetricRegistries (MetricRegistriesLoader.java:load(64)) - Loaded MetricRegistries class org.apache.ratis.metrics.impl.MetricRegistriesImpl
2019-09-25 03:45:05,398 [pool-22-thread-1] INFO  server.RaftServerConfigKeys (ConfUtils.java:logGet(43)) - raft.server.log.queue.byte-limit = 64MB (=67108864) (default)
2019-09-25 03:45:05,399 [pool-22-thread-1] INFO  server.RaftServerConfigKeys (ConfUtils.java:logGet(43)) - raft.server.log.queue.element-limit = 4096 (default)
2019-09-25 03:45:05,404 [pool-22-thread-1] INFO  server.RaftServerConfigKeys (ConfUtils.java:logGet(43)) - raft.server.log.segment.size.max = 16384 (custom)
2019-09-25 03:45:05,405 [pool-22-thread-1] INFO  server.RaftServerConfigKeys (ConfUtils.java:logGet(43)) - raft.server.log.preallocated.size = 16384 (custom)
2019-09-25 03:45:05,406 [pool-22-thread-1] INFO  server.RaftServerConfigKeys (ConfUtils.java:logGet(43)) - raft.server.log.write.buffer.size = 64KB (=65536) (default)
2019-09-25 03:45:05,406 [pool-22-thread-1] INFO  server.RaftServerConfigKeys (ConfUtils.java:logGet(43)) - raft.server.log.force.sync.num = 128 (default)
2019-09-25 03:45:05,409 [pool-22-thread-1] INFO  server.RaftServerConfigKeys (ConfUtils.java:logGet(43)) - raft.server.log.statemachine.data.sync = true (default)
2019-09-25 03:45:05,409 [pool-22-thread-1] INFO  server.RaftServerConfigKeys (ConfUtils.java:logGet(43)) - raft.server.log.statemachine.data.sync.timeout = 10s (default)
2019-09-25 03:45:05,410 [pool-22-thread-1] INFO  server.RaftServerConfigKeys (ConfUtils.java:logGet(43)) - raft.server.log.statemachine.data.sync.timeout.retry = -1 (default)
2019-09-25 03:45:05,422 [pool-22-thread-1] INFO  server.RaftServerConfigKeys (ConfUtils.java:logGet(43)) - raft.server.log.statemachine.data.caching.enabled = false (default)
2019-09-25 03:45:05,428 [pool-22-thread-1] INFO  segmented.SegmentedRaftLogWorker (SegmentedRaftLogWorker.java:lambda$new$0(132)) - c5689325-208f-4527-8ffb-21609714c957@group-C5BA1605619E-SegmentedRaftLogWorker: flushIndex: setUnconditionally 0 -> -1
2019-09-25 03:45:05,435 [pool-22-thread-1] INFO  server.RaftServerConfigKeys (ConfUtils.java:logGet(43)) - raft.server.snapshot.auto.trigger.enabled = true (custom)
2019-09-25 03:45:05,436 [pool-22-thread-1] INFO  server.RaftServerConfigKeys (ConfUtils.java:logGet(43)) - raft.server.snapshot.auto.trigger.threshold = 400000 (default)
2019-09-25 03:45:05,437 [pool-22-thread-1] INFO  server.RaftServerConfigKeys (ConfUtils.java:logGet(43)) - raft.server.snapshot.retention.num.files = -1 (default)
2019-09-25 03:45:05,437 [pool-22-thread-1] INFO  server.RaftServerConfigKeys (ConfUtils.java:logGet(43)) - raft.server.retrycache.expirytime = 600000ms (custom)
2019-09-25 03:45:05,469 [main] INFO  impl.RaftServerImpl (RaftServerImpl.java:start(185)) - c5689325-208f-4527-8ffb-21609714c957@group-C5BA1605619E: start as a follower, conf=-1: [c5689325-208f-4527-8ffb-21609714c957:localhost:9872], old=null
2019-09-25 03:45:05,471 [main] INFO  impl.RaftServerImpl (RaftServerImpl.java:setRole(174)) - c5689325-208f-4527-8ffb-21609714c957@group-C5BA1605619E: changes role from      null to FOLLOWER at term 0 for startAsFollower
2019-09-25 03:45:05,472 [main] INFO  impl.RoleInfo (RoleInfo.java:updateAndGet(143)) - c5689325-208f-4527-8ffb-21609714c957: start FollowerState
2019-09-25 03:45:05,474 [main] INFO  util.JmxRegister (JmxRegister.java:tryRegister(44)) - Successfully registered JMX Bean with object name Ratis:service=RaftServer,group=group-C5BA1605619E,id=c5689325-208f-4527-8ffb-21609714c957
2019-09-25 03:45:05,477 [main] INFO  impl.RaftServerProxy (RaftServerProxy.java:lambda$start$3(299)) - c5689325-208f-4527-8ffb-21609714c957: start RPC server
2019-09-25 03:45:05,601 [main] INFO  server.GrpcService (GrpcService.java:startImpl(158)) - c5689325-208f-4527-8ffb-21609714c957: GrpcService started, listening on 0.0.0.0/0.0.0.0:9872
2019-09-25 03:45:05,620 [IPC Server Responder] INFO  ipc.Server (Server.java:run(1314)) - IPC Server Responder: starting
2019-09-25 03:45:05,620 [IPC Server listener on 35979] INFO  ipc.Server (Server.java:run(1153)) - IPC Server listener on 35979: starting
2019-09-25 03:45:05,629 [main] INFO  hdfs.DFSUtil (DFSUtil.java:httpServerTemplateForNNAndJN(1641)) - Starting Web-server for ozoneManager at: http://0.0.0.0:0
2019-09-25 03:45:05,634 [main] INFO  server.AuthenticationFilter (AuthenticationFilter.java:constructSecretProvider(240)) - Unable to initialize FileSignerSecretProvider, falling back to use random secrets.
2019-09-25 03:45:05,636 [main] WARN  http.HttpRequestLog (HttpRequestLog.java:getRequestLog(97)) - Jetty request log can only be enabled using Log4j
2019-09-25 03:45:05,640 [main] INFO  http.HttpServer2 (HttpServer2.java:addGlobalFilter(975)) - Added global filter 'safety' (class=org.apache.hadoop.http.HttpServer2$QuotingInputFilter)
2019-09-25 03:45:05,642 [main] INFO  http.HttpServer2 (HttpServer2.java:addFilter(948)) - Added filter static_user_filter (class=org.apache.hadoop.http.lib.StaticUserWebFilter$StaticUserFilter) to context ozoneManager
2019-09-25 03:45:05,642 [main] INFO  http.HttpServer2 (HttpServer2.java:addFilter(958)) - Added filter static_user_filter (class=org.apache.hadoop.http.lib.StaticUserWebFilter$StaticUserFilter) to context logs
2019-09-25 03:45:05,642 [main] INFO  http.HttpServer2 (HttpServer2.java:addFilter(958)) - Added filter static_user_filter (class=org.apache.hadoop.http.lib.StaticUserWebFilter$StaticUserFilter) to context static
2019-09-25 03:45:05,647 [main] INFO  http.HttpServer2 (HttpServer2.java:bindListener(1191)) - Jetty bound to port 39218
2019-09-25 03:45:05,647 [main] INFO  server.Server (Server.java:doStart(351)) - jetty-9.3.25.v20180904, build timestamp: 2018-09-04T21:11:46Z, git hash: 3ce520221d0240229c862b122d2b06c12a625732
2019-09-25 03:45:05,650 [main] INFO  handler.ContextHandler (ContextHandler.java:doStart(781)) - Started o.e.j.s.ServletContextHandler@42714a7{/logs,file:///workdir/hadoop-ozone/integration-test/target/log,AVAILABLE}
2019-09-25 03:45:05,651 [main] INFO  handler.ContextHandler (ContextHandler.java:doStart(781)) - Started o.e.j.s.ServletContextHandler@3ce53f6a{/static,file:///workdir/hadoop-ozone/integration-test/target/test-classes/webapps/static,AVAILABLE}
2019-09-25 03:45:05,660 [main] INFO  handler.ContextHandler (ContextHandler.java:doStart(781)) - Started o.e.j.w.WebAppContext@5a2bd7c8{/,file:///workdir/hadoop-ozone/integration-test/target/test-classes/webapps/ozoneManager/,AVAILABLE}{/ozoneManager}
2019-09-25 03:45:05,661 [main] INFO  server.AbstractConnector (AbstractConnector.java:doStart(278)) - Started ServerConnector@7ca8d498{HTTP/1.1,[http/1.1]}{0.0.0.0:39218}
2019-09-25 03:45:05,662 [main] INFO  server.Server (Server.java:doStart(419)) - Started @5493ms
2019-09-25 03:45:05,662 [main] WARN  impl.MetricsSystemImpl (MetricsSystemImpl.java:register(276)) - Sink prometheus already exists!
2019-09-25 03:45:05,663 [main] INFO  server.BaseHttpServer (BaseHttpServer.java:updateConnectorAddress(215)) - HTTP server of OZONEMANAGER is listening at http://0.0.0.0:39218
2019-09-25 03:45:05,835 [main] INFO  impl.MetricsSystemImpl (MetricsSystemImpl.java:init(158)) - HddsDatanode metrics system started (again)
2019-09-25 03:45:05,882 [main] INFO  ozone.HddsDatanodeService (HddsDatanodeService.java:start(184)) - HddsDatanodeService host:pr-hdds-1569-x2sr2-3486766547 ip:192.168.151.106
2019-09-25 03:45:05,915 [main] INFO  volume.HddsVolume (HddsVolume.java:<init>(176)) - Creating Volume: /workdir/hadoop-ozone/integration-test/target/test-dir/MiniOzoneClusterImpl-87ec6964-4cbb-4ea4-8c8c-f74cd58bfd83/datanode-0/data/containers/hdds of  storage type : DISK and capacity : 1482555576320
2019-09-25 03:45:05,917 [main] INFO  volume.VolumeSet (VolumeSet.java:initializeVolumeSet(170)) - Added Volume : /workdir/hadoop-ozone/integration-test/target/test-dir/MiniOzoneClusterImpl-87ec6964-4cbb-4ea4-8c8c-f74cd58bfd83/datanode-0/data/containers/hdds to VolumeSet
2019-09-25 03:45:05,920 [main] INFO  volume.ThrottledAsyncChecker (ThrottledAsyncChecker.java:schedule(139)) - Scheduling a check for org.apache.hadoop.ozone.container.common.volume.HddsVolume@79b84841
2019-09-25 03:45:05,937 [main] INFO  volume.HddsVolumeChecker (HddsVolumeChecker.java:checkAllVolumes(202)) - Scheduled health check for volume org.apache.hadoop.ozone.container.common.volume.HddsVolume@79b84841
2019-09-25 03:45:05,988 [main] INFO  impl.RaftServerProxy (ConfUtils.java:logGet(43)) - raft.rpc.type = GRPC (default)
2019-09-25 03:45:05,988 [main] INFO  grpc.GrpcFactory (GrpcFactory.java:checkPooledByteBufAllocatorUseCacheForAllThreads(45)) - PERFORMANCE WARNING: useCacheForAllThreads is true that may cause Netty to create a lot garbage objects and, as a result, trigger GC.
	It is recommended to disable useCacheForAllThreads by setting -Dorg.apache.ratis.thirdparty.io.netty.allocator.useCacheForAllThreads=false in command line.
2019-09-25 03:45:05,988 [main] INFO  grpc.GrpcConfigKeys$Server (ConfUtils.java:logGet(43)) - raft.grpc.server.port = 0 (default)
2019-09-25 03:45:05,988 [main] INFO  server.GrpcService (ConfUtils.java:logGet(43)) - raft.grpc.message.size.max = 33570816 (custom)
2019-09-25 03:45:05,989 [main] INFO  server.RaftServerConfigKeys (ConfUtils.java:logGet(43)) - raft.server.log.appender.buffer.byte-limit = 33554432 (custom)
2019-09-25 03:45:05,989 [main] INFO  server.GrpcService (ConfUtils.java:logGet(43)) - raft.grpc.flow.control.window = 1MB (=1048576) (default)
2019-09-25 03:45:05,989 [main] INFO  server.RaftServerConfigKeys (ConfUtils.java:logGet(43)) - raft.server.rpc.request.timeout = 3000ms (default)
2019-09-25 03:45:05,990 [main] INFO  server.RaftServerConfigKeys (ConfUtils.java:logGet(43)) - raft.server.storage.dir = [/workdir/hadoop-ozone/integration-test/target/test-dir/MiniOzoneClusterImpl-87ec6964-4cbb-4ea4-8c8c-f74cd58bfd83/datanode-0/data/ratis] (custom)
2019-09-25 03:45:06,039 [main] INFO  hdfs.DFSUtil (DFSUtil.java:httpServerTemplateForNNAndJN(1641)) - Starting Web-server for hddsDatanode at: http://0.0.0.0:0
2019-09-25 03:45:06,041 [main] INFO  server.AuthenticationFilter (AuthenticationFilter.java:constructSecretProvider(240)) - Unable to initialize FileSignerSecretProvider, falling back to use random secrets.
2019-09-25 03:45:06,041 [main] WARN  http.HttpRequestLog (HttpRequestLog.java:getRequestLog(97)) - Jetty request log can only be enabled using Log4j
2019-09-25 03:45:06,043 [main] INFO  http.HttpServer2 (HttpServer2.java:addGlobalFilter(975)) - Added global filter 'safety' (class=org.apache.hadoop.http.HttpServer2$QuotingInputFilter)
2019-09-25 03:45:06,044 [main] INFO  http.HttpServer2 (HttpServer2.java:addFilter(948)) - Added filter static_user_filter (class=org.apache.hadoop.http.lib.StaticUserWebFilter$StaticUserFilter) to context hddsDatanode
2019-09-25 03:45:06,044 [main] INFO  http.HttpServer2 (HttpServer2.java:addFilter(958)) - Added filter static_user_filter (class=org.apache.hadoop.http.lib.StaticUserWebFilter$StaticUserFilter) to context static
2019-09-25 03:45:06,044 [main] INFO  http.HttpServer2 (HttpServer2.java:addFilter(958)) - Added filter static_user_filter (class=org.apache.hadoop.http.lib.StaticUserWebFilter$StaticUserFilter) to context logs
2019-09-25 03:45:06,045 [main] INFO  http.HttpServer2 (HttpServer2.java:bindListener(1191)) - Jetty bound to port 41721
2019-09-25 03:45:06,046 [main] INFO  server.Server (Server.java:doStart(351)) - jetty-9.3.25.v20180904, build timestamp: 2018-09-04T21:11:46Z, git hash: 3ce520221d0240229c862b122d2b06c12a625732
2019-09-25 03:45:06,048 [main] INFO  handler.ContextHandler (ContextHandler.java:doStart(781)) - Started o.e.j.s.ServletContextHandler@4cb2918c{/logs,file:///workdir/hadoop-ozone/integration-test/target/log,AVAILABLE}
2019-09-25 03:45:06,048 [main] INFO  handler.ContextHandler (ContextHandler.java:doStart(781)) - Started o.e.j.s.ServletContextHandler@c2584d3{/static,jar:file:/home/user/.m2/repository/org/apache/hadoop/hadoop-hdds-container-service/0.5.0-SNAPSHOT/hadoop-hdds-container-service-0.5.0-SNAPSHOT.jar!/webapps/static,AVAILABLE}
2019-09-25 03:45:06,081 [main] INFO  handler.ContextHandler (ContextHandler.java:doStart(781)) - Started o.e.j.w.WebAppContext@4993febc{/,file:///tmp/jetty-0.0.0.0-41721-hddsDatanode-_-any-2429109838934977563.dir/webapp/,AVAILABLE}{/hddsDatanode}
2019-09-25 03:45:06,082 [main] INFO  server.AbstractConnector (AbstractConnector.java:doStart(278)) - Started ServerConnector@7601bc96{HTTP/1.1,[http/1.1]}{0.0.0.0:41721}
2019-09-25 03:45:06,083 [main] INFO  server.Server (Server.java:doStart(419)) - Started @5914ms
2019-09-25 03:45:06,083 [main] WARN  impl.MetricsSystemImpl (MetricsSystemImpl.java:register(276)) - Sink prometheus already exists!
2019-09-25 03:45:06,084 [main] INFO  server.BaseHttpServer (BaseHttpServer.java:updateConnectorAddress(215)) - HTTP server of HDDSDATANODE is listening at http://0.0.0.0:41721
2019-09-25 03:45:06,085 [main] INFO  impl.MetricsSystemImpl (MetricsSystemImpl.java:init(158)) - HddsDatanode metrics system started (again)
2019-09-25 03:45:06,087 [main] INFO  ozone.HddsDatanodeService (HddsDatanodeService.java:start(184)) - HddsDatanodeService host:pr-hdds-1569-x2sr2-3486766547 ip:192.168.151.106
2019-09-25 03:45:06,091 [org.apache.hadoop.util.JvmPauseMonitor$Monitor@6a553e16] INFO  util.JvmPauseMonitor (JvmPauseMonitor.java:run(188)) - Starting JVM pause monitor
2019-09-25 03:45:06,096 [main] INFO  volume.HddsVolume (HddsVolume.java:<init>(176)) - Creating Volume: /workdir/hadoop-ozone/integration-test/target/test-dir/MiniOzoneClusterImpl-87ec6964-4cbb-4ea4-8c8c-f74cd58bfd83/datanode-1/data/containers/hdds of  storage type : DISK and capacity : 1482555576320
2019-09-25 03:45:06,096 [main] INFO  volume.VolumeSet (VolumeSet.java:initializeVolumeSet(170)) - Added Volume : /workdir/hadoop-ozone/integration-test/target/test-dir/MiniOzoneClusterImpl-87ec6964-4cbb-4ea4-8c8c-f74cd58bfd83/datanode-1/data/containers/hdds to VolumeSet
2019-09-25 03:45:06,096 [main] INFO  volume.ThrottledAsyncChecker (ThrottledAsyncChecker.java:schedule(139)) - Scheduling a check for org.apache.hadoop.ozone.container.common.volume.HddsVolume@480ad82c
2019-09-25 03:45:06,098 [main] INFO  volume.HddsVolumeChecker (HddsVolumeChecker.java:checkAllVolumes(202)) - Scheduled health check for volume org.apache.hadoop.ozone.container.common.volume.HddsVolume@480ad82c
2019-09-25 03:45:06,113 [main] INFO  impl.RaftServerProxy (ConfUtils.java:logGet(43)) - raft.rpc.type = GRPC (default)
2019-09-25 03:45:06,113 [main] INFO  grpc.GrpcFactory (GrpcFactory.java:checkPooledByteBufAllocatorUseCacheForAllThreads(45)) - PERFORMANCE WARNING: useCacheForAllThreads is true that may cause Netty to create a lot garbage objects and, as a result, trigger GC.
	It is recommended to disable useCacheForAllThreads by setting -Dorg.apache.ratis.thirdparty.io.netty.allocator.useCacheForAllThreads=false in command line.
2019-09-25 03:45:06,114 [main] INFO  grpc.GrpcConfigKeys$Server (ConfUtils.java:logGet(43)) - raft.grpc.server.port = 0 (default)
2019-09-25 03:45:06,114 [main] INFO  server.GrpcService (ConfUtils.java:logGet(43)) - raft.grpc.message.size.max = 33570816 (custom)
2019-09-25 03:45:06,114 [main] INFO  server.RaftServerConfigKeys (ConfUtils.java:logGet(43)) - raft.server.log.appender.buffer.byte-limit = 33554432 (custom)
2019-09-25 03:45:06,114 [main] INFO  server.GrpcService (ConfUtils.java:logGet(43)) - raft.grpc.flow.control.window = 1MB (=1048576) (default)
2019-09-25 03:45:06,115 [main] INFO  server.RaftServerConfigKeys (ConfUtils.java:logGet(43)) - raft.server.rpc.request.timeout = 3000ms (default)
2019-09-25 03:45:06,115 [main] INFO  server.RaftServerConfigKeys (ConfUtils.java:logGet(43)) - raft.server.storage.dir = [/workdir/hadoop-ozone/integration-test/target/test-dir/MiniOzoneClusterImpl-87ec6964-4cbb-4ea4-8c8c-f74cd58bfd83/datanode-1/data/ratis] (custom)
2019-09-25 03:45:06,117 [main] INFO  hdfs.DFSUtil (DFSUtil.java:httpServerTemplateForNNAndJN(1641)) - Starting Web-server for hddsDatanode at: http://0.0.0.0:0
2019-09-25 03:45:06,118 [main] INFO  server.AuthenticationFilter (AuthenticationFilter.java:constructSecretProvider(240)) - Unable to initialize FileSignerSecretProvider, falling back to use random secrets.
2019-09-25 03:45:06,119 [main] WARN  http.HttpRequestLog (HttpRequestLog.java:getRequestLog(97)) - Jetty request log can only be enabled using Log4j
2019-09-25 03:45:06,121 [main] INFO  http.HttpServer2 (HttpServer2.java:addGlobalFilter(975)) - Added global filter 'safety' (class=org.apache.hadoop.http.HttpServer2$QuotingInputFilter)
2019-09-25 03:45:06,121 [main] INFO  http.HttpServer2 (HttpServer2.java:addFilter(948)) - Added filter static_user_filter (class=org.apache.hadoop.http.lib.StaticUserWebFilter$StaticUserFilter) to context hddsDatanode
2019-09-25 03:45:06,122 [main] INFO  http.HttpServer2 (HttpServer2.java:addFilter(958)) - Added filter static_user_filter (class=org.apache.hadoop.http.lib.StaticUserWebFilter$StaticUserFilter) to context static
2019-09-25 03:45:06,122 [main] INFO  http.HttpServer2 (HttpServer2.java:addFilter(958)) - Added filter static_user_filter (class=org.apache.hadoop.http.lib.StaticUserWebFilter$StaticUserFilter) to context logs
2019-09-25 03:45:06,122 [main] INFO  http.HttpServer2 (HttpServer2.java:bindListener(1191)) - Jetty bound to port 39813
2019-09-25 03:45:06,123 [main] INFO  server.Server (Server.java:doStart(351)) - jetty-9.3.25.v20180904, build timestamp: 2018-09-04T21:11:46Z, git hash: 3ce520221d0240229c862b122d2b06c12a625732
2019-09-25 03:45:06,126 [main] INFO  handler.ContextHandler (ContextHandler.java:doStart(781)) - Started o.e.j.s.ServletContextHandler@6fa13e6{/logs,file:///workdir/hadoop-ozone/integration-test/target/log,AVAILABLE}
2019-09-25 03:45:06,127 [main] INFO  handler.ContextHandler (ContextHandler.java:doStart(781)) - Started o.e.j.s.ServletContextHandler@77049094{/static,jar:file:/home/user/.m2/repository/org/apache/hadoop/hadoop-hdds-container-service/0.5.0-SNAPSHOT/hadoop-hdds-container-service-0.5.0-SNAPSHOT.jar!/webapps/static,AVAILABLE}
2019-09-25 03:45:06,156 [main] INFO  handler.ContextHandler (ContextHandler.java:doStart(781)) - Started o.e.j.w.WebAppContext@4aa21f9d{/,file:///tmp/jetty-0.0.0.0-39813-hddsDatanode-_-any-1855142953510012363.dir/webapp/,AVAILABLE}{/hddsDatanode}
2019-09-25 03:45:06,157 [main] INFO  server.AbstractConnector (AbstractConnector.java:doStart(278)) - Started ServerConnector@71c17a57{HTTP/1.1,[http/1.1]}{0.0.0.0:39813}
2019-09-25 03:45:06,158 [main] INFO  server.Server (Server.java:doStart(419)) - Started @5989ms
2019-09-25 03:45:06,159 [main] WARN  impl.MetricsSystemImpl (MetricsSystemImpl.java:register(276)) - Sink prometheus already exists!
2019-09-25 03:45:06,160 [main] INFO  server.BaseHttpServer (BaseHttpServer.java:updateConnectorAddress(215)) - HTTP server of HDDSDATANODE is listening at http://0.0.0.0:39813
2019-09-25 03:45:06,160 [main] INFO  impl.MetricsSystemImpl (MetricsSystemImpl.java:init(158)) - HddsDatanode metrics system started (again)
2019-09-25 03:45:06,163 [main] INFO  ozone.HddsDatanodeService (HddsDatanodeService.java:start(184)) - HddsDatanodeService host:pr-hdds-1569-x2sr2-3486766547 ip:192.168.151.106
2019-09-25 03:45:06,164 [org.apache.hadoop.util.JvmPauseMonitor$Monitor@9ee666c] INFO  util.JvmPauseMonitor (JvmPauseMonitor.java:run(188)) - Starting JVM pause monitor
2019-09-25 03:45:06,172 [main] INFO  volume.HddsVolume (HddsVolume.java:<init>(176)) - Creating Volume: /workdir/hadoop-ozone/integration-test/target/test-dir/MiniOzoneClusterImpl-87ec6964-4cbb-4ea4-8c8c-f74cd58bfd83/datanode-2/data/containers/hdds of  storage type : DISK and capacity : 1482555576320
2019-09-25 03:45:06,173 [main] INFO  volume.VolumeSet (VolumeSet.java:initializeVolumeSet(170)) - Added Volume : /workdir/hadoop-ozone/integration-test/target/test-dir/MiniOzoneClusterImpl-87ec6964-4cbb-4ea4-8c8c-f74cd58bfd83/datanode-2/data/containers/hdds to VolumeSet
2019-09-25 03:45:06,173 [main] INFO  volume.ThrottledAsyncChecker (ThrottledAsyncChecker.java:schedule(139)) - Scheduling a check for org.apache.hadoop.ozone.container.common.volume.HddsVolume@33ecbd6c
2019-09-25 03:45:06,174 [main] INFO  volume.HddsVolumeChecker (HddsVolumeChecker.java:checkAllVolumes(202)) - Scheduled health check for volume org.apache.hadoop.ozone.container.common.volume.HddsVolume@33ecbd6c
2019-09-25 03:45:06,189 [main] INFO  impl.RaftServerProxy (ConfUtils.java:logGet(43)) - raft.rpc.type = GRPC (default)
2019-09-25 03:45:06,189 [main] INFO  grpc.GrpcFactory (GrpcFactory.java:checkPooledByteBufAllocatorUseCacheForAllThreads(45)) - PERFORMANCE WARNING: useCacheForAllThreads is true that may cause Netty to create a lot garbage objects and, as a result, trigger GC.
	It is recommended to disable useCacheForAllThreads by setting -Dorg.apache.ratis.thirdparty.io.netty.allocator.useCacheForAllThreads=false in command line.
2019-09-25 03:45:06,189 [main] INFO  grpc.GrpcConfigKeys$Server (ConfUtils.java:logGet(43)) - raft.grpc.server.port = 0 (default)
2019-09-25 03:45:06,189 [main] INFO  server.GrpcService (ConfUtils.java:logGet(43)) - raft.grpc.message.size.max = 33570816 (custom)
2019-09-25 03:45:06,190 [main] INFO  server.RaftServerConfigKeys (ConfUtils.java:logGet(43)) - raft.server.log.appender.buffer.byte-limit = 33554432 (custom)
2019-09-25 03:45:06,190 [main] INFO  server.GrpcService (ConfUtils.java:logGet(43)) - raft.grpc.flow.control.window = 1MB (=1048576) (default)
2019-09-25 03:45:06,190 [main] INFO  server.RaftServerConfigKeys (ConfUtils.java:logGet(43)) - raft.server.rpc.request.timeout = 3000ms (default)
2019-09-25 03:45:06,191 [main] INFO  server.RaftServerConfigKeys (ConfUtils.java:logGet(43)) - raft.server.storage.dir = [/workdir/hadoop-ozone/integration-test/target/test-dir/MiniOzoneClusterImpl-87ec6964-4cbb-4ea4-8c8c-f74cd58bfd83/datanode-2/data/ratis] (custom)
2019-09-25 03:45:06,193 [main] INFO  hdfs.DFSUtil (DFSUtil.java:httpServerTemplateForNNAndJN(1641)) - Starting Web-server for hddsDatanode at: http://0.0.0.0:0
2019-09-25 03:45:06,194 [main] INFO  server.AuthenticationFilter (AuthenticationFilter.java:constructSecretProvider(240)) - Unable to initialize FileSignerSecretProvider, falling back to use random secrets.
2019-09-25 03:45:06,194 [main] WARN  http.HttpRequestLog (HttpRequestLog.java:getRequestLog(97)) - Jetty request log can only be enabled using Log4j
2019-09-25 03:45:06,196 [main] INFO  http.HttpServer2 (HttpServer2.java:addGlobalFilter(975)) - Added global filter 'safety' (class=org.apache.hadoop.http.HttpServer2$QuotingInputFilter)
2019-09-25 03:45:06,197 [main] INFO  http.HttpServer2 (HttpServer2.java:addFilter(948)) - Added filter static_user_filter (class=org.apache.hadoop.http.lib.StaticUserWebFilter$StaticUserFilter) to context hddsDatanode
2019-09-25 03:45:06,197 [main] INFO  http.HttpServer2 (HttpServer2.java:addFilter(958)) - Added filter static_user_filter (class=org.apache.hadoop.http.lib.StaticUserWebFilter$StaticUserFilter) to context logs
2019-09-25 03:45:06,197 [main] INFO  http.HttpServer2 (HttpServer2.java:addFilter(958)) - Added filter static_user_filter (class=org.apache.hadoop.http.lib.StaticUserWebFilter$StaticUserFilter) to context static
2019-09-25 03:45:06,198 [main] INFO  http.HttpServer2 (HttpServer2.java:bindListener(1191)) - Jetty bound to port 37875
2019-09-25 03:45:06,198 [main] INFO  server.Server (Server.java:doStart(351)) - jetty-9.3.25.v20180904, build timestamp: 2018-09-04T21:11:46Z, git hash: 3ce520221d0240229c862b122d2b06c12a625732
2019-09-25 03:45:06,200 [main] INFO  handler.ContextHandler (ContextHandler.java:doStart(781)) - Started o.e.j.s.ServletContextHandler@5ed4bc{/logs,file:///workdir/hadoop-ozone/integration-test/target/log,AVAILABLE}
2019-09-25 03:45:06,200 [main] INFO  handler.ContextHandler (ContextHandler.java:doStart(781)) - Started o.e.j.s.ServletContextHandler@65f651eb{/static,jar:file:/home/user/.m2/repository/org/apache/hadoop/hadoop-hdds-container-service/0.5.0-SNAPSHOT/hadoop-hdds-container-service-0.5.0-SNAPSHOT.jar!/webapps/static,AVAILABLE}
2019-09-25 03:45:06,228 [main] INFO  handler.ContextHandler (ContextHandler.java:doStart(781)) - Started o.e.j.w.WebAppContext@57cb70be{/,file:///tmp/jetty-0.0.0.0-37875-hddsDatanode-_-any-6677025846840916640.dir/webapp/,AVAILABLE}{/hddsDatanode}
2019-09-25 03:45:06,229 [main] INFO  server.AbstractConnector (AbstractConnector.java:doStart(278)) - Started ServerConnector@2d4608a6{HTTP/1.1,[http/1.1]}{0.0.0.0:37875}
2019-09-25 03:45:06,230 [main] INFO  server.Server (Server.java:doStart(419)) - Started @6061ms
2019-09-25 03:45:06,231 [main] WARN  impl.MetricsSystemImpl (MetricsSystemImpl.java:register(276)) - Sink prometheus already exists!
2019-09-25 03:45:06,233 [main] INFO  server.BaseHttpServer (BaseHttpServer.java:updateConnectorAddress(215)) - HTTP server of HDDSDATANODE is listening at http://0.0.0.0:37875
2019-09-25 03:45:06,233 [main] INFO  impl.MetricsSystemImpl (MetricsSystemImpl.java:init(158)) - HddsDatanode metrics system started (again)
2019-09-25 03:45:06,236 [main] INFO  ozone.HddsDatanodeService (HddsDatanodeService.java:start(184)) - HddsDatanodeService host:pr-hdds-1569-x2sr2-3486766547 ip:192.168.151.106
2019-09-25 03:45:06,236 [org.apache.hadoop.util.JvmPauseMonitor$Monitor@6a27d7cf] INFO  util.JvmPauseMonitor (JvmPauseMonitor.java:run(188)) - Starting JVM pause monitor
2019-09-25 03:45:06,241 [Datanode State Machine Thread - 0] INFO  datanode.InitDatanodeState (InitDatanodeState.java:persistContainerDatanodeDetails(140)) - DatanodeDetails is persisted to /workdir/hadoop-ozone/integration-test/target/test-dir/MiniOzoneClusterImpl-87ec6964-4cbb-4ea4-8c8c-f74cd58bfd83/datanode-0/meta/datanode.id
2019-09-25 03:45:06,245 [main] INFO  volume.HddsVolume (HddsVolume.java:<init>(176)) - Creating Volume: /workdir/hadoop-ozone/integration-test/target/test-dir/MiniOzoneClusterImpl-87ec6964-4cbb-4ea4-8c8c-f74cd58bfd83/datanode-3/data/containers/hdds of  storage type : DISK and capacity : 1482555576320
2019-09-25 03:45:06,248 [main] INFO  volume.VolumeSet (VolumeSet.java:initializeVolumeSet(170)) - Added Volume : /workdir/hadoop-ozone/integration-test/target/test-dir/MiniOzoneClusterImpl-87ec6964-4cbb-4ea4-8c8c-f74cd58bfd83/datanode-3/data/containers/hdds to VolumeSet
2019-09-25 03:45:06,249 [main] INFO  volume.ThrottledAsyncChecker (ThrottledAsyncChecker.java:schedule(139)) - Scheduling a check for org.apache.hadoop.ozone.container.common.volume.HddsVolume@2e1ddc90
2019-09-25 03:45:06,249 [main] INFO  volume.HddsVolumeChecker (HddsVolumeChecker.java:checkAllVolumes(202)) - Scheduled health check for volume org.apache.hadoop.ozone.container.common.volume.HddsVolume@2e1ddc90
2019-09-25 03:45:06,251 [Datanode State Machine Thread - 0] INFO  datanode.InitDatanodeState (InitDatanodeState.java:persistContainerDatanodeDetails(140)) - DatanodeDetails is persisted to /workdir/hadoop-ozone/integration-test/target/test-dir/MiniOzoneClusterImpl-87ec6964-4cbb-4ea4-8c8c-f74cd58bfd83/datanode-2/meta/datanode.id
2019-09-25 03:45:06,253 [Datanode State Machine Thread - 0] INFO  datanode.InitDatanodeState (InitDatanodeState.java:persistContainerDatanodeDetails(140)) - DatanodeDetails is persisted to /workdir/hadoop-ozone/integration-test/target/test-dir/MiniOzoneClusterImpl-87ec6964-4cbb-4ea4-8c8c-f74cd58bfd83/datanode-1/meta/datanode.id
2019-09-25 03:45:06,264 [main] INFO  impl.RaftServerProxy (ConfUtils.java:logGet(43)) - raft.rpc.type = GRPC (default)
2019-09-25 03:45:06,264 [main] INFO  grpc.GrpcFactory (GrpcFactory.java:checkPooledByteBufAllocatorUseCacheForAllThreads(45)) - PERFORMANCE WARNING: useCacheForAllThreads is true that may cause Netty to create a lot garbage objects and, as a result, trigger GC.
	It is recommended to disable useCacheForAllThreads by setting -Dorg.apache.ratis.thirdparty.io.netty.allocator.useCacheForAllThreads=false in command line.
2019-09-25 03:45:06,265 [main] INFO  grpc.GrpcConfigKeys$Server (ConfUtils.java:logGet(43)) - raft.grpc.server.port = 0 (default)
2019-09-25 03:45:06,265 [main] INFO  server.GrpcService (ConfUtils.java:logGet(43)) - raft.grpc.message.size.max = 33570816 (custom)
2019-09-25 03:45:06,265 [main] INFO  server.RaftServerConfigKeys (ConfUtils.java:logGet(43)) - raft.server.log.appender.buffer.byte-limit = 33554432 (custom)
2019-09-25 03:45:06,265 [main] INFO  server.GrpcService (ConfUtils.java:logGet(43)) - raft.grpc.flow.control.window = 1MB (=1048576) (default)
2019-09-25 03:45:06,265 [main] INFO  server.RaftServerConfigKeys (ConfUtils.java:logGet(43)) - raft.server.rpc.request.timeout = 3000ms (default)
2019-09-25 03:45:06,266 [main] INFO  server.RaftServerConfigKeys (ConfUtils.java:logGet(43)) - raft.server.storage.dir = [/workdir/hadoop-ozone/integration-test/target/test-dir/MiniOzoneClusterImpl-87ec6964-4cbb-4ea4-8c8c-f74cd58bfd83/datanode-3/data/ratis] (custom)
2019-09-25 03:45:06,267 [main] INFO  hdfs.DFSUtil (DFSUtil.java:httpServerTemplateForNNAndJN(1641)) - Starting Web-server for hddsDatanode at: http://0.0.0.0:0
2019-09-25 03:45:06,269 [main] INFO  server.AuthenticationFilter (AuthenticationFilter.java:constructSecretProvider(240)) - Unable to initialize FileSignerSecretProvider, falling back to use random secrets.
2019-09-25 03:45:06,269 [main] WARN  http.HttpRequestLog (HttpRequestLog.java:getRequestLog(97)) - Jetty request log can only be enabled using Log4j
2019-09-25 03:45:06,271 [main] INFO  http.HttpServer2 (HttpServer2.java:addGlobalFilter(975)) - Added global filter 'safety' (class=org.apache.hadoop.http.HttpServer2$QuotingInputFilter)
2019-09-25 03:45:06,272 [main] INFO  http.HttpServer2 (HttpServer2.java:addFilter(948)) - Added filter static_user_filter (class=org.apache.hadoop.http.lib.StaticUserWebFilter$StaticUserFilter) to context hddsDatanode
2019-09-25 03:45:06,272 [main] INFO  http.HttpServer2 (HttpServer2.java:addFilter(958)) - Added filter static_user_filter (class=org.apache.hadoop.http.lib.StaticUserWebFilter$StaticUserFilter) to context logs
2019-09-25 03:45:06,272 [main] INFO  http.HttpServer2 (HttpServer2.java:addFilter(958)) - Added filter static_user_filter (class=org.apache.hadoop.http.lib.StaticUserWebFilter$StaticUserFilter) to context static
2019-09-25 03:45:06,273 [main] INFO  http.HttpServer2 (HttpServer2.java:bindListener(1191)) - Jetty bound to port 33160
2019-09-25 03:45:06,273 [main] INFO  server.Server (Server.java:doStart(351)) - jetty-9.3.25.v20180904, build timestamp: 2018-09-04T21:11:46Z, git hash: 3ce520221d0240229c862b122d2b06c12a625732
2019-09-25 03:45:06,277 [main] INFO  handler.ContextHandler (ContextHandler.java:doStart(781)) - Started o.e.j.s.ServletContextHandler@48976e6d{/logs,file:///workdir/hadoop-ozone/integration-test/target/log,AVAILABLE}
2019-09-25 03:45:06,278 [main] INFO  handler.ContextHandler (ContextHandler.java:doStart(781)) - Started o.e.j.s.ServletContextHandler@7f6874f2{/static,jar:file:/home/user/.m2/repository/org/apache/hadoop/hadoop-hdds-container-service/0.5.0-SNAPSHOT/hadoop-hdds-container-service-0.5.0-SNAPSHOT.jar!/webapps/static,AVAILABLE}
2019-09-25 03:45:06,306 [main] INFO  handler.ContextHandler (ContextHandler.java:doStart(781)) - Started o.e.j.w.WebAppContext@670b3ca{/,file:///tmp/jetty-0.0.0.0-33160-hddsDatanode-_-any-1936657935313036802.dir/webapp/,AVAILABLE}{/hddsDatanode}
2019-09-25 03:45:06,306 [main] INFO  server.AbstractConnector (AbstractConnector.java:doStart(278)) - Started ServerConnector@24a86066{HTTP/1.1,[http/1.1]}{0.0.0.0:33160}
2019-09-25 03:45:06,308 [main] INFO  server.Server (Server.java:doStart(419)) - Started @6139ms
2019-09-25 03:45:06,309 [main] WARN  impl.MetricsSystemImpl (MetricsSystemImpl.java:register(276)) - Sink prometheus already exists!
2019-09-25 03:45:06,309 [main] INFO  server.BaseHttpServer (BaseHttpServer.java:updateConnectorAddress(215)) - HTTP server of HDDSDATANODE is listening at http://0.0.0.0:33160
2019-09-25 03:45:06,312 [main] INFO  ozone.MiniOzoneClusterImpl (MiniOzoneClusterImpl.java:lambda$waitForClusterToBeReady$0(147)) - Waiting for cluster to be ready. Got 0 of 4 DN Heartbeats.
2019-09-25 03:45:06,313 [org.apache.hadoop.util.JvmPauseMonitor$Monitor@3262f352] INFO  util.JvmPauseMonitor (JvmPauseMonitor.java:run(188)) - Starting JVM pause monitor
2019-09-25 03:45:06,316 [Datanode State Machine Thread - 0] INFO  datanode.InitDatanodeState (InitDatanodeState.java:persistContainerDatanodeDetails(140)) - DatanodeDetails is persisted to /workdir/hadoop-ozone/integration-test/target/test-dir/MiniOzoneClusterImpl-87ec6964-4cbb-4ea4-8c8c-f74cd58bfd83/datanode-3/meta/datanode.id
2019-09-25 03:45:06,601 [Thread-95] INFO  impl.FollowerState (FollowerState.java:run(106)) - c5689325-208f-4527-8ffb-21609714c957:group-C5BA1605619E changes to CANDIDATE, lastRpcTime:1129, electionTimeout:1128ms
2019-09-25 03:45:06,605 [Thread-95] INFO  impl.RoleInfo (RoleInfo.java:shutdownFollowerState(121)) - c5689325-208f-4527-8ffb-21609714c957: shutdown FollowerState
2019-09-25 03:45:06,606 [Thread-95] INFO  impl.RaftServerImpl (RaftServerImpl.java:setRole(174)) - c5689325-208f-4527-8ffb-21609714c957@group-C5BA1605619E: changes role from  FOLLOWER to CANDIDATE at term 0 for changeToCandidate
2019-09-25 03:45:06,610 [Thread-95] INFO  impl.RoleInfo (RoleInfo.java:updateAndGet(143)) - c5689325-208f-4527-8ffb-21609714c957: start LeaderElection
2019-09-25 03:45:06,626 [c5689325-208f-4527-8ffb-21609714c957@group-C5BA1605619E:LeaderElection1] INFO  impl.LeaderElection (LeaderElection.java:askForVotes(182)) - c5689325-208f-4527-8ffb-21609714c957@group-C5BA1605619E:LeaderElection1: begin an election at term 1 for -1: [c5689325-208f-4527-8ffb-21609714c957:localhost:9872], old=null
2019-09-25 03:45:06,627 [c5689325-208f-4527-8ffb-21609714c957@group-C5BA1605619E:LeaderElection1] INFO  impl.RoleInfo (RoleInfo.java:shutdownLeaderElection(134)) - c5689325-208f-4527-8ffb-21609714c957: shutdown LeaderElection
2019-09-25 03:45:06,628 [c5689325-208f-4527-8ffb-21609714c957@group-C5BA1605619E:LeaderElection1] INFO  impl.RaftServerImpl (RaftServerImpl.java:setRole(174)) - c5689325-208f-4527-8ffb-21609714c957@group-C5BA1605619E: changes role from CANDIDATE to LEADER at term 1 for changeToLeader
2019-09-25 03:45:06,628 [c5689325-208f-4527-8ffb-21609714c957@group-C5BA1605619E:LeaderElection1] INFO  impl.RaftServerImpl (ServerState.java:setLeader(253)) - c5689325-208f-4527-8ffb-21609714c957@group-C5BA1605619E: change Leader from null to c5689325-208f-4527-8ffb-21609714c957 at term 1 for becomeLeader, leader elected after 1302ms
2019-09-25 03:45:06,636 [c5689325-208f-4527-8ffb-21609714c957@group-C5BA1605619E:LeaderElection1] INFO  server.RaftServerConfigKeys (ConfUtils.java:logGet(43)) - raft.server.staging.catchup.gap = 1000 (default)
2019-09-25 03:45:06,637 [c5689325-208f-4527-8ffb-21609714c957@group-C5BA1605619E:LeaderElection1] INFO  server.RaftServerConfigKeys (ConfUtils.java:logGet(43)) - raft.server.rpc.sleep.time = 25ms (default)
2019-09-25 03:45:06,640 [c5689325-208f-4527-8ffb-21609714c957@group-C5BA1605619E:LeaderElection1] INFO  server.RaftServerConfigKeys (ConfUtils.java:logGet(43)) - raft.server.write.element-limit = 4096 (default)
2019-09-25 03:45:06,643 [c5689325-208f-4527-8ffb-21609714c957@group-C5BA1605619E:LeaderElection1] INFO  server.RaftServerConfigKeys (ConfUtils.java:logGet(43)) - raft.server.watch.timeout = 10s (default)
2019-09-25 03:45:06,643 [c5689325-208f-4527-8ffb-21609714c957@group-C5BA1605619E:LeaderElection1] INFO  server.RaftServerConfigKeys (ConfUtils.java:logGet(43)) - raft.server.watch.timeout.denomination = 1s (default)
2019-09-25 03:45:06,644 [c5689325-208f-4527-8ffb-21609714c957@group-C5BA1605619E:LeaderElection1] INFO  server.RaftServerConfigKeys (ConfUtils.java:logGet(43)) - raft.server.watch.element-limit = 65536 (default)
2019-09-25 03:45:06,687 [c5689325-208f-4527-8ffb-21609714c957@group-C5BA1605619E:LeaderElection1] INFO  impl.RoleInfo (RoleInfo.java:updateAndGet(143)) - c5689325-208f-4527-8ffb-21609714c957: start LeaderState
2019-09-25 03:45:06,730 [c5689325-208f-4527-8ffb-21609714c957@group-C5BA1605619E:LeaderElection1] INFO  segmented.SegmentedRaftLogWorker (SegmentedRaftLogWorker.java:startLogSegment(380)) - c5689325-208f-4527-8ffb-21609714c957@group-C5BA1605619E-SegmentedRaftLogWorker: Starting segment from index:0
2019-09-25 03:45:06,759 [c5689325-208f-4527-8ffb-21609714c957@group-C5BA1605619E:LeaderElection1] INFO  impl.RaftServerImpl (ServerState.java:setRaftConf(354)) - c5689325-208f-4527-8ffb-21609714c957@group-C5BA1605619E: set configuration 0: [c5689325-208f-4527-8ffb-21609714c957:localhost:9872], old=null at 0
2019-09-25 03:45:06,937 [c5689325-208f-4527-8ffb-21609714c957@group-C5BA1605619E-SegmentedRaftLogWorker] INFO  segmented.SegmentedRaftLogWorker (SegmentedRaftLogWorker.java:execute(569)) - c5689325-208f-4527-8ffb-21609714c957@group-C5BA1605619E-SegmentedRaftLogWorker: created new log segment /workdir/hadoop-ozone/integration-test/target/test-dir/MiniOzoneClusterImpl-87ec6964-4cbb-4ea4-8c8c-f74cd58bfd83/ozone-meta/ratis/bf265839-605b-3f16-9796-c5ba1605619e/current/log_inprogress_0
2019-09-25 03:45:07,312 [main] INFO  ozone.MiniOzoneClusterImpl (MiniOzoneClusterImpl.java:lambda$waitForClusterToBeReady$0(147)) - Waiting for cluster to be ready. Got 0 of 4 DN Heartbeats.
2019-09-25 03:45:08,164 [Datanode State Machine Thread - 0] INFO  ozoneimpl.OzoneContainer (OzoneContainer.java:start(217)) - Attempting to start container services.
2019-09-25 03:45:08,168 [Datanode State Machine Thread - 0] INFO  ozoneimpl.OzoneContainer (OzoneContainer.java:startContainerScrub(179)) - Background container scanner has been disabled.
2019-09-25 03:45:08,169 [Datanode State Machine Thread - 0] INFO  ratis.XceiverServerRatis (XceiverServerRatis.java:start(411)) - Starting XceiverServerRatis d82d563c-708d-4b1b-bd19-b9ed0ca17f6c at port 0
2019-09-25 03:45:08,178 [Datanode State Machine Thread - 0] INFO  impl.RaftServerProxy (RaftServerProxy.java:lambda$start$3(299)) - d82d563c-708d-4b1b-bd19-b9ed0ca17f6c: start RPC server
2019-09-25 03:45:08,182 [Datanode State Machine Thread - 0] INFO  ozoneimpl.OzoneContainer (OzoneContainer.java:start(217)) - Attempting to start container services.
2019-09-25 03:45:08,188 [Datanode State Machine Thread - 0] INFO  ozoneimpl.OzoneContainer (OzoneContainer.java:startContainerScrub(179)) - Background container scanner has been disabled.
2019-09-25 03:45:08,189 [Datanode State Machine Thread - 0] INFO  ratis.XceiverServerRatis (XceiverServerRatis.java:start(411)) - Starting XceiverServerRatis d3b65c3f-c5b1-41a6-92a2-58f72c630ad9 at port 0
2019-09-25 03:45:08,190 [Datanode State Machine Thread - 0] INFO  server.GrpcService (GrpcService.java:startImpl(158)) - d82d563c-708d-4b1b-bd19-b9ed0ca17f6c: GrpcService started, listening on 0.0.0.0/0.0.0.0:45085
2019-09-25 03:45:08,191 [Datanode State Machine Thread - 0] INFO  ratis.XceiverServerRatis (XceiverServerRatis.java:start(421)) - XceiverServerRatis d82d563c-708d-4b1b-bd19-b9ed0ca17f6c is started using port 45085
2019-09-25 03:45:08,195 [Datanode State Machine Thread - 0] INFO  server.XceiverServerGrpc (XceiverServerGrpc.java:start(149)) - XceiverServerGrpc d82d563c-708d-4b1b-bd19-b9ed0ca17f6c is started using port 39479
2019-09-25 03:45:08,205 [Datanode State Machine Thread - 0] INFO  impl.RaftServerProxy (RaftServerProxy.java:lambda$start$3(299)) - d3b65c3f-c5b1-41a6-92a2-58f72c630ad9: start RPC server
2019-09-25 03:45:08,207 [Datanode State Machine Thread - 0] INFO  server.GrpcService (GrpcService.java:startImpl(158)) - d3b65c3f-c5b1-41a6-92a2-58f72c630ad9: GrpcService started, listening on 0.0.0.0/0.0.0.0:39450
2019-09-25 03:45:08,207 [Datanode State Machine Thread - 0] INFO  ratis.XceiverServerRatis (XceiverServerRatis.java:start(421)) - XceiverServerRatis d3b65c3f-c5b1-41a6-92a2-58f72c630ad9 is started using port 39450
2019-09-25 03:45:08,210 [Datanode State Machine Thread - 0] INFO  server.XceiverServerGrpc (XceiverServerGrpc.java:start(149)) - XceiverServerGrpc d3b65c3f-c5b1-41a6-92a2-58f72c630ad9 is started using port 45431
2019-09-25 03:45:08,274 [Datanode State Machine Thread - 0] INFO  ozoneimpl.OzoneContainer (OzoneContainer.java:start(217)) - Attempting to start container services.
2019-09-25 03:45:08,276 [Datanode State Machine Thread - 0] INFO  ozoneimpl.OzoneContainer (OzoneContainer.java:startContainerScrub(179)) - Background container scanner has been disabled.
2019-09-25 03:45:08,276 [Datanode State Machine Thread - 0] INFO  ratis.XceiverServerRatis (XceiverServerRatis.java:start(411)) - Starting XceiverServerRatis ab15c39f-6391-49d0-b553-81943ab852f8 at port 0
2019-09-25 03:45:08,287 [Datanode State Machine Thread - 0] INFO  impl.RaftServerProxy (RaftServerProxy.java:lambda$start$3(299)) - ab15c39f-6391-49d0-b553-81943ab852f8: start RPC server
2019-09-25 03:45:08,290 [Datanode State Machine Thread - 0] INFO  server.GrpcService (GrpcService.java:startImpl(158)) - ab15c39f-6391-49d0-b553-81943ab852f8: GrpcService started, listening on 0.0.0.0/0.0.0.0:41436
2019-09-25 03:45:08,290 [Datanode State Machine Thread - 0] INFO  ratis.XceiverServerRatis (XceiverServerRatis.java:start(421)) - XceiverServerRatis ab15c39f-6391-49d0-b553-81943ab852f8 is started using port 41436
2019-09-25 03:45:08,292 [Datanode State Machine Thread - 0] INFO  server.XceiverServerGrpc (XceiverServerGrpc.java:start(149)) - XceiverServerGrpc ab15c39f-6391-49d0-b553-81943ab852f8 is started using port 42097
2019-09-25 03:45:08,313 [main] INFO  ozone.MiniOzoneClusterImpl (MiniOzoneClusterImpl.java:lambda$waitForClusterToBeReady$0(147)) - Waiting for cluster to be ready. Got 0 of 4 DN Heartbeats.
2019-09-25 03:45:08,327 [Datanode State Machine Thread - 0] INFO  ozoneimpl.OzoneContainer (OzoneContainer.java:start(217)) - Attempting to start container services.
2019-09-25 03:45:08,330 [Datanode State Machine Thread - 0] INFO  ozoneimpl.OzoneContainer (OzoneContainer.java:startContainerScrub(179)) - Background container scanner has been disabled.
2019-09-25 03:45:08,330 [Datanode State Machine Thread - 0] INFO  ratis.XceiverServerRatis (XceiverServerRatis.java:start(411)) - Starting XceiverServerRatis 0d193d2d-ce27-4ace-8d68-2a8197cbc29b at port 0
2019-09-25 03:45:08,339 [Datanode State Machine Thread - 0] INFO  impl.RaftServerProxy (RaftServerProxy.java:lambda$start$3(299)) - 0d193d2d-ce27-4ace-8d68-2a8197cbc29b: start RPC server
2019-09-25 03:45:08,342 [Datanode State Machine Thread - 0] INFO  server.GrpcService (GrpcService.java:startImpl(158)) - 0d193d2d-ce27-4ace-8d68-2a8197cbc29b: GrpcService started, listening on 0.0.0.0/0.0.0.0:44030
2019-09-25 03:45:08,343 [Datanode State Machine Thread - 0] INFO  ratis.XceiverServerRatis (XceiverServerRatis.java:start(421)) - XceiverServerRatis 0d193d2d-ce27-4ace-8d68-2a8197cbc29b is started using port 44030
2019-09-25 03:45:08,345 [Datanode State Machine Thread - 0] INFO  server.XceiverServerGrpc (XceiverServerGrpc.java:start(149)) - XceiverServerGrpc 0d193d2d-ce27-4ace-8d68-2a8197cbc29b is started using port 46120
2019-09-25 03:45:09,314 [main] INFO  ozone.MiniOzoneClusterImpl (MiniOzoneClusterImpl.java:lambda$waitForClusterToBeReady$0(147)) - Waiting for cluster to be ready. Got 0 of 4 DN Heartbeats.
2019-09-25 03:45:10,138 [IPC Server handler 10 on 44192] INFO  net.NetworkTopology (NetworkTopologyImpl.java:add(111)) - Added a new node: /rack1/d82d563c-708d-4b1b-bd19-b9ed0ca17f6c
2019-09-25 03:45:10,138 [IPC Server handler 10 on 44192] INFO  node.SCMNodeManager (SCMNodeManager.java:register(266)) - Registered Data node : d82d563c-708d-4b1b-bd19-b9ed0ca17f6c{ip: 192.168.151.106, host: pr-hdds-1569-x2sr2-3486766547, networkLocation: /rack1, certSerialId: null}
2019-09-25 03:45:10,144 [EventQueue-NodeRegistrationContainerReportForDataNodeSafeModeRule] INFO  safemode.SCMSafeModeManager (DataNodeSafeModeRule.java:process(71)) - SCM in safe mode. 1 DataNodes registered, 1 required.
2019-09-25 03:45:10,144 [EventQueue-NodeRegistrationContainerReportForDataNodeSafeModeRule] INFO  safemode.SCMSafeModeManager (SCMSafeModeManager.java:validateSafeModeExitRules(177)) - ScmSafeModeManager, all rules are successfully validated
2019-09-25 03:45:10,144 [EventQueue-NodeRegistrationContainerReportForDataNodeSafeModeRule] INFO  safemode.SCMSafeModeManager (SCMSafeModeManager.java:exitSafeMode(193)) - SCM exiting safe mode.
2019-09-25 03:45:10,169 [IPC Server handler 8 on 44192] INFO  net.NetworkTopology (NetworkTopologyImpl.java:add(111)) - Added a new node: /rack1/d3b65c3f-c5b1-41a6-92a2-58f72c630ad9
2019-09-25 03:45:10,170 [IPC Server handler 8 on 44192] INFO  node.SCMNodeManager (SCMNodeManager.java:register(266)) - Registered Data node : d3b65c3f-c5b1-41a6-92a2-58f72c630ad9{ip: 192.168.151.106, host: pr-hdds-1569-x2sr2-3486766547, networkLocation: /rack1, certSerialId: null}
2019-09-25 03:45:10,240 [IPC Server handler 5 on 44192] INFO  net.NetworkTopology (NetworkTopologyImpl.java:add(111)) - Added a new node: /rack1/ab15c39f-6391-49d0-b553-81943ab852f8
2019-09-25 03:45:10,240 [IPC Server handler 5 on 44192] INFO  node.SCMNodeManager (SCMNodeManager.java:register(266)) - Registered Data node : ab15c39f-6391-49d0-b553-81943ab852f8{ip: 192.168.151.106, host: pr-hdds-1569-x2sr2-3486766547, networkLocation: /rack1, certSerialId: null}
2019-09-25 03:45:10,315 [main] INFO  ozone.MiniOzoneClusterImpl (MiniOzoneClusterImpl.java:lambda$waitForClusterToBeReady$0(147)) - Waiting for cluster to be ready. Got 3 of 4 DN Heartbeats.
2019-09-25 03:45:10,316 [IPC Server handler 6 on 44192] INFO  net.NetworkTopology (NetworkTopologyImpl.java:add(111)) - Added a new node: /rack1/0d193d2d-ce27-4ace-8d68-2a8197cbc29b
2019-09-25 03:45:10,316 [IPC Server handler 6 on 44192] INFO  node.SCMNodeManager (SCMNodeManager.java:register(266)) - Registered Data node : 0d193d2d-ce27-4ace-8d68-2a8197cbc29b{ip: 192.168.151.106, host: pr-hdds-1569-x2sr2-3486766547, networkLocation: /rack1, certSerialId: null}
2019-09-25 03:45:10,664 [grpc-default-executor-0] INFO  impl.RaftServerProxy (RaftServerProxy.java:addNew(89)) - d82d563c-708d-4b1b-bd19-b9ed0ca17f6c: addNew group-D5AF6080A44C:[d82d563c-708d-4b1b-bd19-b9ed0ca17f6c:192.168.151.106:45085] returns group-D5AF6080A44C:java.util.concurrent.CompletableFuture@37216fba[Not completed]
2019-09-25 03:45:10,675 [pool-32-thread-1] INFO  impl.RaftServerImpl (RaftServerImpl.java:<init>(95)) - d82d563c-708d-4b1b-bd19-b9ed0ca17f6c: new RaftServerImpl for group-D5AF6080A44C:[d82d563c-708d-4b1b-bd19-b9ed0ca17f6c:192.168.151.106:45085] with ContainerStateMachine:uninitialized
2019-09-25 03:45:10,677 [pool-32-thread-1] INFO  server.RaftServerConfigKeys (ConfUtils.java:logGet(43)) - raft.server.rpc.timeout.min = 5s (custom)
2019-09-25 03:45:10,677 [pool-32-thread-1] INFO  server.RaftServerConfigKeys (ConfUtils.java:logGet(43)) - raft.server.rpc.timeout.max = 5200ms (custom)
2019-09-25 03:45:10,677 [pool-32-thread-1] INFO  server.RaftServerConfigKeys (ConfUtils.java:logGet(43)) - raft.server.rpcslowness.timeout = 120s (custom)
2019-09-25 03:45:10,677 [pool-32-thread-1] INFO  server.RaftServerConfigKeys (ConfUtils.java:logGet(43)) - raft.server.sleep.deviation.threshold = 300 (default)
2019-09-25 03:45:10,677 [pool-32-thread-1] INFO  server.RaftServerConfigKeys (ConfUtils.java:logGet(43)) - raft.server.log.appender.install.snapshot.enabled = false (custom)
2019-09-25 03:45:10,677 [pool-32-thread-1] INFO  impl.RaftServerImpl (ServerState.java:<init>(103)) - d82d563c-708d-4b1b-bd19-b9ed0ca17f6c@group-D5AF6080A44C: ConfigurationManager, init=-1: [d82d563c-708d-4b1b-bd19-b9ed0ca17f6c:192.168.151.106:45085], old=null, confs=<EMPTY_MAP>
2019-09-25 03:45:10,678 [pool-32-thread-1] INFO  server.RaftServerConfigKeys (ConfUtils.java:logGet(43)) - raft.server.storage.dir = [/workdir/hadoop-ozone/integration-test/target/test-dir/MiniOzoneClusterImpl-87ec6964-4cbb-4ea4-8c8c-f74cd58bfd83/datanode-0/data/ratis] (custom)
2019-09-25 03:45:10,678 [pool-32-thread-1] INFO  storage.RaftStorageDirectory (RaftStorageDirectory.java:analyzeStorage(246)) - The storage directory /workdir/hadoop-ozone/integration-test/target/test-dir/MiniOzoneClusterImpl-87ec6964-4cbb-4ea4-8c8c-f74cd58bfd83/datanode-0/data/ratis/1be6f3d5-ea4f-461c-ac9c-d5af6080a44c does not exist. Creating ...
2019-09-25 03:45:10,713 [pool-32-thread-1] INFO  storage.RaftStorageDirectory (RaftStorageDirectory.java:tryLock(328)) - Lock on /workdir/hadoop-ozone/integration-test/target/test-dir/MiniOzoneClusterImpl-87ec6964-4cbb-4ea4-8c8c-f74cd58bfd83/datanode-0/data/ratis/1be6f3d5-ea4f-461c-ac9c-d5af6080a44c/in_use.lock acquired by nodename 13655@pr-hdds-1569-x2sr2-3486766547
2019-09-25 03:45:10,726 [pool-32-thread-1] INFO  storage.RaftStorage (RaftStorage.java:format(72)) - Storage directory /workdir/hadoop-ozone/integration-test/target/test-dir/MiniOzoneClusterImpl-87ec6964-4cbb-4ea4-8c8c-f74cd58bfd83/datanode-0/data/ratis/1be6f3d5-ea4f-461c-ac9c-d5af6080a44c has been successfully formatted.
2019-09-25 03:45:10,728 [pool-32-thread-1] INFO  ratis.ContainerStateMachine (ContainerStateMachine.java:loadSnapshot(230)) - group-D5AF6080A44C: The snapshot info is null. Setting the last applied indexto:(t:0, i:~)
2019-09-25 03:45:10,728 [pool-32-thread-1] INFO  server.RaftServerConfigKeys (ConfUtils.java:logGet(43)) - raft.server.notification.no-leader.timeout = 120s (custom)
2019-09-25 03:45:10,728 [pool-32-thread-1] INFO  server.RaftServerConfigKeys (ConfUtils.java:logGet(43)) - raft.server.log.use.memory = false (default)
2019-09-25 03:45:10,728 [pool-32-thread-1] INFO  server.RaftServerConfigKeys (ConfUtils.java:logGet(43)) - raft.server.log.purge.gap = 1000000 (custom)
2019-09-25 03:45:10,728 [pool-32-thread-1] INFO  server.RaftServerConfigKeys (ConfUtils.java:logGet(43)) - raft.server.log.appender.buffer.byte-limit = 33554432 (custom)
2019-09-25 03:45:10,729 [pool-32-thread-1] INFO  server.RaftServerConfigKeys (ConfUtils.java:logGet(43)) - raft.server.log.segment.size.max = 1048576 (custom)
2019-09-25 03:45:10,729 [pool-32-thread-1] INFO  server.RaftServerConfigKeys (ConfUtils.java:logGet(43)) - raft.server.log.segment.cache.num.max = 2 (custom)
2019-09-25 03:45:10,729 [pool-32-thread-1] INFO  segmented.SegmentedRaftLogWorker (SegmentedRaftLogWorker.java:<init>(172)) - new d82d563c-708d-4b1b-bd19-b9ed0ca17f6c@group-D5AF6080A44C-SegmentedRaftLogWorker for RaftStorage:Storage Directory /workdir/hadoop-ozone/integration-test/target/test-dir/MiniOzoneClusterImpl-87ec6964-4cbb-4ea4-8c8c-f74cd58bfd83/datanode-0/data/ratis/1be6f3d5-ea4f-461c-ac9c-d5af6080a44c
2019-09-25 03:45:10,766 [pool-32-thread-1] INFO  server.RaftServerConfigKeys (ConfUtils.java:logGet(43)) - raft.server.log.queue.byte-limit = 2147483647 (custom)
2019-09-25 03:45:10,766 [pool-32-thread-1] INFO  server.RaftServerConfigKeys (ConfUtils.java:logGet(43)) - raft.server.log.queue.element-limit = 1024 (custom)
2019-09-25 03:45:10,767 [pool-32-thread-1] INFO  server.RaftServerConfigKeys (ConfUtils.java:logGet(43)) - raft.server.log.segment.size.max = 1048576 (custom)
2019-09-25 03:45:10,767 [pool-32-thread-1] INFO  server.RaftServerConfigKeys (ConfUtils.java:logGet(43)) - raft.server.log.preallocated.size = 16384 (custom)
2019-09-25 03:45:10,767 [pool-32-thread-1] INFO  server.RaftServerConfigKeys (ConfUtils.java:logGet(43)) - raft.server.log.write.buffer.size = 33554432 (custom)
2019-09-25 03:45:10,768 [pool-32-thread-1] INFO  server.RaftServerConfigKeys (ConfUtils.java:logGet(43)) - raft.server.log.force.sync.num = 128 (default)
2019-09-25 03:45:10,768 [pool-32-thread-1] INFO  server.RaftServerConfigKeys (ConfUtils.java:logGet(43)) - raft.server.log.statemachine.data.sync = true (default)
2019-09-25 03:45:10,768 [pool-32-thread-1] INFO  server.RaftServerConfigKeys (ConfUtils.java:logGet(43)) - raft.server.log.statemachine.data.sync.timeout = 10s (default)
2019-09-25 03:45:10,768 [pool-32-thread-1] INFO  server.RaftServerConfigKeys (ConfUtils.java:logGet(43)) - raft.server.log.statemachine.data.sync.timeout.retry = -1 (default)
2019-09-25 03:45:10,769 [pool-32-thread-1] INFO  server.RaftServerConfigKeys (ConfUtils.java:logGet(43)) - raft.server.log.statemachine.data.caching.enabled = true (custom)
2019-09-25 03:45:10,770 [pool-32-thread-1] INFO  segmented.SegmentedRaftLogWorker (SegmentedRaftLogWorker.java:lambda$new$0(132)) - d82d563c-708d-4b1b-bd19-b9ed0ca17f6c@group-D5AF6080A44C-SegmentedRaftLogWorker: flushIndex: setUnconditionally 0 -> -1
2019-09-25 03:45:10,770 [pool-32-thread-1] INFO  server.RaftServerConfigKeys (ConfUtils.java:logGet(43)) - raft.server.snapshot.auto.trigger.enabled = true (custom)
2019-09-25 03:45:10,771 [pool-32-thread-1] INFO  server.RaftServerConfigKeys (ConfUtils.java:logGet(43)) - raft.server.snapshot.auto.trigger.threshold = 10000 (custom)
2019-09-25 03:45:10,771 [pool-32-thread-1] INFO  server.RaftServerConfigKeys (ConfUtils.java:logGet(43)) - raft.server.snapshot.retention.num.files = 5 (custom)
2019-09-25 03:45:10,771 [pool-32-thread-1] INFO  server.RaftServerConfigKeys (ConfUtils.java:logGet(43)) - raft.server.retrycache.expirytime = 600000ms (custom)
2019-09-25 03:45:10,779 [pool-32-thread-1] INFO  impl.RaftServerImpl (RaftServerImpl.java:start(185)) - d82d563c-708d-4b1b-bd19-b9ed0ca17f6c@group-D5AF6080A44C: start as a follower, conf=-1: [d82d563c-708d-4b1b-bd19-b9ed0ca17f6c:192.168.151.106:45085], old=null
2019-09-25 03:45:10,779 [pool-32-thread-1] INFO  impl.RaftServerImpl (RaftServerImpl.java:setRole(174)) - d82d563c-708d-4b1b-bd19-b9ed0ca17f6c@group-D5AF6080A44C: changes role from      null to FOLLOWER at term 0 for startAsFollower
2019-09-25 03:45:10,780 [pool-32-thread-1] INFO  impl.RoleInfo (RoleInfo.java:updateAndGet(143)) - d82d563c-708d-4b1b-bd19-b9ed0ca17f6c: start FollowerState
2019-09-25 03:45:10,780 [pool-32-thread-1] INFO  util.JmxRegister (JmxRegister.java:tryRegister(44)) - Successfully registered JMX Bean with object name Ratis:service=RaftServer,group=group-D5AF6080A44C,id=d82d563c-708d-4b1b-bd19-b9ed0ca17f6c
2019-09-25 03:45:10,858 [RatisPipelineUtilsThread] INFO  pipeline.PipelineStateManager (PipelineStateManager.java:addPipeline(56)) - Created pipeline Pipeline[ Id: 1be6f3d5-ea4f-461c-ac9c-d5af6080a44c, Nodes: d82d563c-708d-4b1b-bd19-b9ed0ca17f6c{ip: 192.168.151.106, host: pr-hdds-1569-x2sr2-3486766547, networkLocation: /rack1, certSerialId: null}, Type:RATIS, Factor:ONE, State:OPEN]
2019-09-25 03:45:10,884 [grpc-default-executor-0] INFO  impl.RaftServerProxy (RaftServerProxy.java:addNew(89)) - d82d563c-708d-4b1b-bd19-b9ed0ca17f6c: addNew group-93F174C790FC:[d82d563c-708d-4b1b-bd19-b9ed0ca17f6c:192.168.151.106:45085] returns group-93F174C790FC:java.util.concurrent.CompletableFuture@6adfecce[Not completed]
2019-09-25 03:45:10,886 [pool-32-thread-1] INFO  impl.RaftServerImpl (RaftServerImpl.java:<init>(95)) - d82d563c-708d-4b1b-bd19-b9ed0ca17f6c: new RaftServerImpl for group-93F174C790FC:[d82d563c-708d-4b1b-bd19-b9ed0ca17f6c:192.168.151.106:45085] with ContainerStateMachine:uninitialized
2019-09-25 03:45:10,887 [pool-32-thread-1] INFO  server.RaftServerConfigKeys (ConfUtils.java:logGet(43)) - raft.server.rpc.timeout.min = 5s (custom)
2019-09-25 03:45:10,887 [pool-32-thread-1] INFO  server.RaftServerConfigKeys (ConfUtils.java:logGet(43)) - raft.server.rpc.timeout.max = 5200ms (custom)
2019-09-25 03:45:10,887 [pool-32-thread-1] INFO  server.RaftServerConfigKeys (ConfUtils.java:logGet(43)) - raft.server.rpcslowness.timeout = 120s (custom)
2019-09-25 03:45:10,887 [pool-32-thread-1] INFO  server.RaftServerConfigKeys (ConfUtils.java:logGet(43)) - raft.server.sleep.deviation.threshold = 300 (default)
2019-09-25 03:45:10,887 [pool-32-thread-1] INFO  server.RaftServerConfigKeys (ConfUtils.java:logGet(43)) - raft.server.log.appender.install.snapshot.enabled = false (custom)
2019-09-25 03:45:10,888 [pool-32-thread-1] INFO  impl.RaftServerImpl (ServerState.java:<init>(103)) - d82d563c-708d-4b1b-bd19-b9ed0ca17f6c@group-93F174C790FC: ConfigurationManager, init=-1: [d82d563c-708d-4b1b-bd19-b9ed0ca17f6c:192.168.151.106:45085], old=null, confs=<EMPTY_MAP>
2019-09-25 03:45:10,888 [pool-32-thread-1] INFO  server.RaftServerConfigKeys (ConfUtils.java:logGet(43)) - raft.server.storage.dir = [/workdir/hadoop-ozone/integration-test/target/test-dir/MiniOzoneClusterImpl-87ec6964-4cbb-4ea4-8c8c-f74cd58bfd83/datanode-0/data/ratis] (custom)
2019-09-25 03:45:10,888 [pool-32-thread-1] INFO  storage.RaftStorageDirectory (RaftStorageDirectory.java:analyzeStorage(246)) - The storage directory /workdir/hadoop-ozone/integration-test/target/test-dir/MiniOzoneClusterImpl-87ec6964-4cbb-4ea4-8c8c-f74cd58bfd83/datanode-0/data/ratis/37baa218-73a3-408e-9f88-93f174c790fc does not exist. Creating ...
2019-09-25 03:45:10,901 [pool-32-thread-1] INFO  storage.RaftStorageDirectory (RaftStorageDirectory.java:tryLock(328)) - Lock on /workdir/hadoop-ozone/integration-test/target/test-dir/MiniOzoneClusterImpl-87ec6964-4cbb-4ea4-8c8c-f74cd58bfd83/datanode-0/data/ratis/37baa218-73a3-408e-9f88-93f174c790fc/in_use.lock acquired by nodename 13655@pr-hdds-1569-x2sr2-3486766547
2019-09-25 03:45:10,914 [pool-32-thread-1] INFO  storage.RaftStorage (RaftStorage.java:format(72)) - Storage directory /workdir/hadoop-ozone/integration-test/target/test-dir/MiniOzoneClusterImpl-87ec6964-4cbb-4ea4-8c8c-f74cd58bfd83/datanode-0/data/ratis/37baa218-73a3-408e-9f88-93f174c790fc has been successfully formatted.
2019-09-25 03:45:10,914 [pool-32-thread-1] INFO  ratis.ContainerStateMachine (ContainerStateMachine.java:loadSnapshot(230)) - group-93F174C790FC: The snapshot info is null. Setting the last applied indexto:(t:0, i:~)
2019-09-25 03:45:10,914 [pool-32-thread-1] INFO  server.RaftServerConfigKeys (ConfUtils.java:logGet(43)) - raft.server.notification.no-leader.timeout = 120s (custom)
2019-09-25 03:45:10,915 [pool-32-thread-1] INFO  server.RaftServerConfigKeys (ConfUtils.java:logGet(43)) - raft.server.log.use.memory = false (default)
2019-09-25 03:45:10,915 [pool-32-thread-1] INFO  server.RaftServerConfigKeys (ConfUtils.java:logGet(43)) - raft.server.log.purge.gap = 1000000 (custom)
2019-09-25 03:45:10,915 [pool-32-thread-1] INFO  server.RaftServerConfigKeys (ConfUtils.java:logGet(43)) - raft.server.log.appender.buffer.byte-limit = 33554432 (custom)
2019-09-25 03:45:10,915 [pool-32-thread-1] INFO  server.RaftServerConfigKeys (ConfUtils.java:logGet(43)) - raft.server.log.segment.size.max = 1048576 (custom)
2019-09-25 03:45:10,915 [pool-32-thread-1] INFO  server.RaftServerConfigKeys (ConfUtils.java:logGet(43)) - raft.server.log.segment.cache.num.max = 2 (custom)
2019-09-25 03:45:10,915 [pool-32-thread-1] INFO  segmented.SegmentedRaftLogWorker (SegmentedRaftLogWorker.java:<init>(172)) - new d82d563c-708d-4b1b-bd19-b9ed0ca17f6c@group-93F174C790FC-SegmentedRaftLogWorker for RaftStorage:Storage Directory /workdir/hadoop-ozone/integration-test/target/test-dir/MiniOzoneClusterImpl-87ec6964-4cbb-4ea4-8c8c-f74cd58bfd83/datanode-0/data/ratis/37baa218-73a3-408e-9f88-93f174c790fc
2019-09-25 03:45:10,915 [pool-32-thread-1] INFO  server.RaftServerConfigKeys (ConfUtils.java:logGet(43)) - raft.server.log.queue.byte-limit = 2147483647 (custom)
2019-09-25 03:45:10,916 [pool-32-thread-1] INFO  server.RaftServerConfigKeys (ConfUtils.java:logGet(43)) - raft.server.log.queue.element-limit = 1024 (custom)
2019-09-25 03:45:10,916 [pool-32-thread-1] INFO  server.RaftServerConfigKeys (ConfUtils.java:logGet(43)) - raft.server.log.segment.size.max = 1048576 (custom)
2019-09-25 03:45:10,916 [pool-32-thread-1] INFO  server.RaftServerConfigKeys (ConfUtils.java:logGet(43)) - raft.server.log.preallocated.size = 16384 (custom)
2019-09-25 03:45:10,916 [pool-32-thread-1] INFO  server.RaftServerConfigKeys (ConfUtils.java:logGet(43)) - raft.server.log.write.buffer.size = 33554432 (custom)
2019-09-25 03:45:10,916 [pool-32-thread-1] INFO  server.RaftServerConfigKeys (ConfUtils.java:logGet(43)) - raft.server.log.force.sync.num = 128 (default)
2019-09-25 03:45:10,916 [pool-32-thread-1] INFO  server.RaftServerConfigKeys (ConfUtils.java:logGet(43)) - raft.server.log.statemachine.data.sync = true (default)
2019-09-25 03:45:10,917 [pool-32-thread-1] INFO  server.RaftServerConfigKeys (ConfUtils.java:logGet(43)) - raft.server.log.statemachine.data.sync.timeout = 10s (default)
2019-09-25 03:45:10,917 [pool-32-thread-1] INFO  server.RaftServerConfigKeys (ConfUtils.java:logGet(43)) - raft.server.log.statemachine.data.sync.timeout.retry = -1 (default)
2019-09-25 03:45:10,917 [pool-32-thread-1] INFO  server.RaftServerConfigKeys (ConfUtils.java:logGet(43)) - raft.server.log.statemachine.data.caching.enabled = true (custom)
2019-09-25 03:45:10,917 [pool-32-thread-1] INFO  segmented.SegmentedRaftLogWorker (SegmentedRaftLogWorker.java:lambda$new$0(132)) - d82d563c-708d-4b1b-bd19-b9ed0ca17f6c@group-93F174C790FC-SegmentedRaftLogWorker: flushIndex: setUnconditionally 0 -> -1
2019-09-25 03:45:10,917 [pool-32-thread-1] INFO  server.RaftServerConfigKeys (ConfUtils.java:logGet(43)) - raft.server.snapshot.auto.trigger.enabled = true (custom)
2019-09-25 03:45:10,918 [pool-32-thread-1] INFO  server.RaftServerConfigKeys (ConfUtils.java:logGet(43)) - raft.server.snapshot.auto.trigger.threshold = 10000 (custom)
2019-09-25 03:45:10,918 [pool-32-thread-1] INFO  server.RaftServerConfigKeys (ConfUtils.java:logGet(43)) - raft.server.snapshot.retention.num.files = 5 (custom)
2019-09-25 03:45:10,918 [pool-32-thread-1] INFO  server.RaftServerConfigKeys (ConfUtils.java:logGet(43)) - raft.server.retrycache.expirytime = 600000ms (custom)
2019-09-25 03:45:10,921 [pool-32-thread-1] INFO  impl.RaftServerImpl (RaftServerImpl.java:start(185)) - d82d563c-708d-4b1b-bd19-b9ed0ca17f6c@group-93F174C790FC: start as a follower, conf=-1: [d82d563c-708d-4b1b-bd19-b9ed0ca17f6c:192.168.151.106:45085], old=null
2019-09-25 03:45:10,922 [pool-32-thread-1] INFO  impl.RaftServerImpl (RaftServerImpl.java:setRole(174)) - d82d563c-708d-4b1b-bd19-b9ed0ca17f6c@group-93F174C790FC: changes role from      null to FOLLOWER at term 0 for startAsFollower
2019-09-25 03:45:10,922 [pool-32-thread-1] INFO  impl.RoleInfo (RoleInfo.java:updateAndGet(143)) - d82d563c-708d-4b1b-bd19-b9ed0ca17f6c: start FollowerState
2019-09-25 03:45:10,922 [pool-32-thread-1] INFO  util.JmxRegister (JmxRegister.java:tryRegister(44)) - Successfully registered JMX Bean with object name Ratis:service=RaftServer,group=group-93F174C790FC,id=d82d563c-708d-4b1b-bd19-b9ed0ca17f6c
2019-09-25 03:45:10,935 [RatisPipelineUtilsThread] INFO  pipeline.PipelineStateManager (PipelineStateManager.java:addPipeline(56)) - Created pipeline Pipeline[ Id: 37baa218-73a3-408e-9f88-93f174c790fc, Nodes: d82d563c-708d-4b1b-bd19-b9ed0ca17f6c{ip: 192.168.151.106, host: pr-hdds-1569-x2sr2-3486766547, networkLocation: /rack1, certSerialId: null}, Type:RATIS, Factor:ONE, State:OPEN]
2019-09-25 03:45:10,955 [grpc-default-executor-0] INFO  impl.RaftServerProxy (RaftServerProxy.java:addNew(89)) - d82d563c-708d-4b1b-bd19-b9ed0ca17f6c: addNew group-299A84CFA8C1:[d82d563c-708d-4b1b-bd19-b9ed0ca17f6c:192.168.151.106:45085] returns group-299A84CFA8C1:java.util.concurrent.CompletableFuture@45caa310[Not completed]
2019-09-25 03:45:10,957 [pool-32-thread-1] INFO  impl.RaftServerImpl (RaftServerImpl.java:<init>(95)) - d82d563c-708d-4b1b-bd19-b9ed0ca17f6c: new RaftServerImpl for group-299A84CFA8C1:[d82d563c-708d-4b1b-bd19-b9ed0ca17f6c:192.168.151.106:45085] with ContainerStateMachine:uninitialized
2019-09-25 03:45:10,957 [pool-32-thread-1] INFO  server.RaftServerConfigKeys (ConfUtils.java:logGet(43)) - raft.server.rpc.timeout.min = 5s (custom)
2019-09-25 03:45:10,958 [pool-32-thread-1] INFO  server.RaftServerConfigKeys (ConfUtils.java:logGet(43)) - raft.server.rpc.timeout.max = 5200ms (custom)
2019-09-25 03:45:10,958 [pool-32-thread-1] INFO  server.RaftServerConfigKeys (ConfUtils.java:logGet(43)) - raft.server.rpcslowness.timeout = 120s (custom)
2019-09-25 03:45:10,958 [pool-32-thread-1] INFO  server.RaftServerConfigKeys (ConfUtils.java:logGet(43)) - raft.server.sleep.deviation.threshold = 300 (default)
2019-09-25 03:45:10,958 [pool-32-thread-1] INFO  server.RaftServerConfigKeys (ConfUtils.java:logGet(43)) - raft.server.log.appender.install.snapshot.enabled = false (custom)
2019-09-25 03:45:10,958 [pool-32-thread-1] INFO  impl.RaftServerImpl (ServerState.java:<init>(103)) - d82d563c-708d-4b1b-bd19-b9ed0ca17f6c@group-299A84CFA8C1: ConfigurationManager, init=-1: [d82d563c-708d-4b1b-bd19-b9ed0ca17f6c:192.168.151.106:45085], old=null, confs=<EMPTY_MAP>
2019-09-25 03:45:10,959 [pool-32-thread-1] INFO  server.RaftServerConfigKeys (ConfUtils.java:logGet(43)) - raft.server.storage.dir = [/workdir/hadoop-ozone/integration-test/target/test-dir/MiniOzoneClusterImpl-87ec6964-4cbb-4ea4-8c8c-f74cd58bfd83/datanode-0/data/ratis] (custom)
2019-09-25 03:45:10,959 [pool-32-thread-1] INFO  storage.RaftStorageDirectory (RaftStorageDirectory.java:analyzeStorage(246)) - The storage directory /workdir/hadoop-ozone/integration-test/target/test-dir/MiniOzoneClusterImpl-87ec6964-4cbb-4ea4-8c8c-f74cd58bfd83/datanode-0/data/ratis/f6936257-883c-42e8-9c3f-299a84cfa8c1 does not exist. Creating ...
2019-09-25 03:45:10,972 [pool-32-thread-1] INFO  storage.RaftStorageDirectory (RaftStorageDirectory.java:tryLock(328)) - Lock on /workdir/hadoop-ozone/integration-test/target/test-dir/MiniOzoneClusterImpl-87ec6964-4cbb-4ea4-8c8c-f74cd58bfd83/datanode-0/data/ratis/f6936257-883c-42e8-9c3f-299a84cfa8c1/in_use.lock acquired by nodename 13655@pr-hdds-1569-x2sr2-3486766547
2019-09-25 03:45:10,994 [pool-32-thread-1] INFO  storage.RaftStorage (RaftStorage.java:format(72)) - Storage directory /workdir/hadoop-ozone/integration-test/target/test-dir/MiniOzoneClusterImpl-87ec6964-4cbb-4ea4-8c8c-f74cd58bfd83/datanode-0/data/ratis/f6936257-883c-42e8-9c3f-299a84cfa8c1 has been successfully formatted.
2019-09-25 03:45:10,994 [pool-32-thread-1] INFO  ratis.ContainerStateMachine (ContainerStateMachine.java:loadSnapshot(230)) - group-299A84CFA8C1: The snapshot info is null. Setting the last applied indexto:(t:0, i:~)
2019-09-25 03:45:10,994 [pool-32-thread-1] INFO  server.RaftServerConfigKeys (ConfUtils.java:logGet(43)) - raft.server.notification.no-leader.timeout = 120s (custom)
2019-09-25 03:45:10,994 [pool-32-thread-1] INFO  server.RaftServerConfigKeys (ConfUtils.java:logGet(43)) - raft.server.log.use.memory = false (default)
2019-09-25 03:45:10,995 [pool-32-thread-1] INFO  server.RaftServerConfigKeys (ConfUtils.java:logGet(43)) - raft.server.log.purge.gap = 1000000 (custom)
2019-09-25 03:45:10,995 [pool-32-thread-1] INFO  server.RaftServerConfigKeys (ConfUtils.java:logGet(43)) - raft.server.log.appender.buffer.byte-limit = 33554432 (custom)
2019-09-25 03:45:10,995 [pool-32-thread-1] INFO  server.RaftServerConfigKeys (ConfUtils.java:logGet(43)) - raft.server.log.segment.size.max = 1048576 (custom)
2019-09-25 03:45:10,995 [pool-32-thread-1] INFO  server.RaftServerConfigKeys (ConfUtils.java:logGet(43)) - raft.server.log.segment.cache.num.max = 2 (custom)
2019-09-25 03:45:10,995 [pool-32-thread-1] INFO  segmented.SegmentedRaftLogWorker (SegmentedRaftLogWorker.java:<init>(172)) - new d82d563c-708d-4b1b-bd19-b9ed0ca17f6c@group-299A84CFA8C1-SegmentedRaftLogWorker for RaftStorage:Storage Directory /workdir/hadoop-ozone/integration-test/target/test-dir/MiniOzoneClusterImpl-87ec6964-4cbb-4ea4-8c8c-f74cd58bfd83/datanode-0/data/ratis/f6936257-883c-42e8-9c3f-299a84cfa8c1
2019-09-25 03:45:10,995 [pool-32-thread-1] INFO  server.RaftServerConfigKeys (ConfUtils.java:logGet(43)) - raft.server.log.queue.byte-limit = 2147483647 (custom)
2019-09-25 03:45:10,996 [pool-32-thread-1] INFO  server.RaftServerConfigKeys (ConfUtils.java:logGet(43)) - raft.server.log.queue.element-limit = 1024 (custom)
2019-09-25 03:45:10,996 [pool-32-thread-1] INFO  server.RaftServerConfigKeys (ConfUtils.java:logGet(43)) - raft.server.log.segment.size.max = 1048576 (custom)
2019-09-25 03:45:10,996 [pool-32-thread-1] INFO  server.RaftServerConfigKeys (ConfUtils.java:logGet(43)) - raft.server.log.preallocated.size = 16384 (custom)
2019-09-25 03:45:10,996 [pool-32-thread-1] INFO  server.RaftServerConfigKeys (ConfUtils.java:logGet(43)) - raft.server.log.write.buffer.size = 33554432 (custom)
2019-09-25 03:45:10,996 [pool-32-thread-1] INFO  server.RaftServerConfigKeys (ConfUtils.java:logGet(43)) - raft.server.log.force.sync.num = 128 (default)
2019-09-25 03:45:10,996 [pool-32-thread-1] INFO  server.RaftServerConfigKeys (ConfUtils.java:logGet(43)) - raft.server.log.statemachine.data.sync = true (default)
2019-09-25 03:45:10,997 [pool-32-thread-1] INFO  server.RaftServerConfigKeys (ConfUtils.java:logGet(43)) - raft.server.log.statemachine.data.sync.timeout = 10s (default)
2019-09-25 03:45:10,997 [pool-32-thread-1] INFO  server.RaftServerConfigKeys (ConfUtils.java:logGet(43)) - raft.server.log.statemachine.data.sync.timeout.retry = -1 (default)
2019-09-25 03:45:10,997 [pool-32-thread-1] INFO  server.RaftServerConfigKeys (ConfUtils.java:logGet(43)) - raft.server.log.statemachine.data.caching.enabled = true (custom)
2019-09-25 03:45:10,997 [pool-32-thread-1] INFO  segmented.SegmentedRaftLogWorker (SegmentedRaftLogWorker.java:lambda$new$0(132)) - d82d563c-708d-4b1b-bd19-b9ed0ca17f6c@group-299A84CFA8C1-SegmentedRaftLogWorker: flushIndex: setUnconditionally 0 -> -1
2019-09-25 03:45:10,998 [pool-32-thread-1] INFO  server.RaftServerConfigKeys (ConfUtils.java:logGet(43)) - raft.server.snapshot.auto.trigger.enabled = true (custom)
2019-09-25 03:45:10,998 [pool-32-thread-1] INFO  server.RaftServerConfigKeys (ConfUtils.java:logGet(43)) - raft.server.snapshot.auto.trigger.threshold = 10000 (custom)
2019-09-25 03:45:10,998 [pool-32-thread-1] INFO  server.RaftServerConfigKeys (ConfUtils.java:logGet(43)) - raft.server.snapshot.retention.num.files = 5 (custom)
2019-09-25 03:45:10,998 [pool-32-thread-1] INFO  server.RaftServerConfigKeys (ConfUtils.java:logGet(43)) - raft.server.retrycache.expirytime = 600000ms (custom)
2019-09-25 03:45:11,003 [pool-32-thread-1] INFO  impl.RaftServerImpl (RaftServerImpl.java:start(185)) - d82d563c-708d-4b1b-bd19-b9ed0ca17f6c@group-299A84CFA8C1: start as a follower, conf=-1: [d82d563c-708d-4b1b-bd19-b9ed0ca17f6c:192.168.151.106:45085], old=null
2019-09-25 03:45:11,003 [pool-32-thread-1] INFO  impl.RaftServerImpl (RaftServerImpl.java:setRole(174)) - d82d563c-708d-4b1b-bd19-b9ed0ca17f6c@group-299A84CFA8C1: changes role from      null to FOLLOWER at term 0 for startAsFollower
2019-09-25 03:45:11,004 [pool-32-thread-1] INFO  impl.RoleInfo (RoleInfo.java:updateAndGet(143)) - d82d563c-708d-4b1b-bd19-b9ed0ca17f6c: start FollowerState
2019-09-25 03:45:11,004 [pool-32-thread-1] INFO  util.JmxRegister (JmxRegister.java:tryRegister(44)) - Successfully registered JMX Bean with object name Ratis:service=RaftServer,group=group-299A84CFA8C1,id=d82d563c-708d-4b1b-bd19-b9ed0ca17f6c
2019-09-25 03:45:11,020 [RatisPipelineUtilsThread] INFO  pipeline.PipelineStateManager (PipelineStateManager.java:addPipeline(56)) - Created pipeline Pipeline[ Id: f6936257-883c-42e8-9c3f-299a84cfa8c1, Nodes: d82d563c-708d-4b1b-bd19-b9ed0ca17f6c{ip: 192.168.151.106, host: pr-hdds-1569-x2sr2-3486766547, networkLocation: /rack1, certSerialId: null}, Type:RATIS, Factor:ONE, State:OPEN]
2019-09-25 03:45:11,041 [grpc-default-executor-0] INFO  impl.RaftServerProxy (RaftServerProxy.java:addNew(89)) - d3b65c3f-c5b1-41a6-92a2-58f72c630ad9: addNew group-A7366B148A26:[d3b65c3f-c5b1-41a6-92a2-58f72c630ad9:192.168.151.106:39450] returns group-A7366B148A26:java.util.concurrent.CompletableFuture@230e9414[Not completed]
2019-09-25 03:45:11,058 [pool-42-thread-1] INFO  impl.RaftServerImpl (RaftServerImpl.java:<init>(95)) - d3b65c3f-c5b1-41a6-92a2-58f72c630ad9: new RaftServerImpl for group-A7366B148A26:[d3b65c3f-c5b1-41a6-92a2-58f72c630ad9:192.168.151.106:39450] with ContainerStateMachine:uninitialized
2019-09-25 03:45:11,062 [pool-42-thread-1] INFO  server.RaftServerConfigKeys (ConfUtils.java:logGet(43)) - raft.server.rpc.timeout.min = 5s (custom)
2019-09-25 03:45:11,063 [pool-42-thread-1] INFO  server.RaftServerConfigKeys (ConfUtils.java:logGet(43)) - raft.server.rpc.timeout.max = 5200ms (custom)
2019-09-25 03:45:11,063 [pool-42-thread-1] INFO  server.RaftServerConfigKeys (ConfUtils.java:logGet(43)) - raft.server.rpcslowness.timeout = 120s (custom)
2019-09-25 03:45:11,063 [pool-42-thread-1] INFO  server.RaftServerConfigKeys (ConfUtils.java:logGet(43)) - raft.server.sleep.deviation.threshold = 300 (default)
2019-09-25 03:45:11,063 [pool-42-thread-1] INFO  server.RaftServerConfigKeys (ConfUtils.java:logGet(43)) - raft.server.log.appender.install.snapshot.enabled = false (custom)
2019-09-25 03:45:11,063 [pool-42-thread-1] INFO  impl.RaftServerImpl (ServerState.java:<init>(103)) - d3b65c3f-c5b1-41a6-92a2-58f72c630ad9@group-A7366B148A26: ConfigurationManager, init=-1: [d3b65c3f-c5b1-41a6-92a2-58f72c630ad9:192.168.151.106:39450], old=null, confs=<EMPTY_MAP>
2019-09-25 03:45:11,064 [pool-42-thread-1] INFO  server.RaftServerConfigKeys (ConfUtils.java:logGet(43)) - raft.server.storage.dir = [/workdir/hadoop-ozone/integration-test/target/test-dir/MiniOzoneClusterImpl-87ec6964-4cbb-4ea4-8c8c-f74cd58bfd83/datanode-1/data/ratis] (custom)
2019-09-25 03:45:11,064 [pool-42-thread-1] INFO  storage.RaftStorageDirectory (RaftStorageDirectory.java:analyzeStorage(246)) - The storage directory /workdir/hadoop-ozone/integration-test/target/test-dir/MiniOzoneClusterImpl-87ec6964-4cbb-4ea4-8c8c-f74cd58bfd83/datanode-1/data/ratis/f9f866ec-2f2c-4eea-a781-a7366b148a26 does not exist. Creating ...
2019-09-25 03:45:11,088 [pool-42-thread-1] INFO  storage.RaftStorageDirectory (RaftStorageDirectory.java:tryLock(328)) - Lock on /workdir/hadoop-ozone/integration-test/target/test-dir/MiniOzoneClusterImpl-87ec6964-4cbb-4ea4-8c8c-f74cd58bfd83/datanode-1/data/ratis/f9f866ec-2f2c-4eea-a781-a7366b148a26/in_use.lock acquired by nodename 13655@pr-hdds-1569-x2sr2-3486766547
2019-09-25 03:45:11,111 [pool-42-thread-1] INFO  storage.RaftStorage (RaftStorage.java:format(72)) - Storage directory /workdir/hadoop-ozone/integration-test/target/test-dir/MiniOzoneClusterImpl-87ec6964-4cbb-4ea4-8c8c-f74cd58bfd83/datanode-1/data/ratis/f9f866ec-2f2c-4eea-a781-a7366b148a26 has been successfully formatted.
2019-09-25 03:45:11,112 [pool-42-thread-1] INFO  ratis.ContainerStateMachine (ContainerStateMachine.java:loadSnapshot(230)) - group-A7366B148A26: The snapshot info is null. Setting the last applied indexto:(t:0, i:~)
2019-09-25 03:45:11,113 [pool-42-thread-1] INFO  server.RaftServerConfigKeys (ConfUtils.java:logGet(43)) - raft.server.notification.no-leader.timeout = 120s (custom)
2019-09-25 03:45:11,114 [pool-42-thread-1] INFO  server.RaftServerConfigKeys (ConfUtils.java:logGet(43)) - raft.server.log.use.memory = false (default)
2019-09-25 03:45:11,114 [pool-42-thread-1] INFO  server.RaftServerConfigKeys (ConfUtils.java:logGet(43)) - raft.server.log.purge.gap = 1000000 (custom)
2019-09-25 03:45:11,114 [pool-42-thread-1] INFO  server.RaftServerConfigKeys (ConfUtils.java:logGet(43)) - raft.server.log.appender.buffer.byte-limit = 33554432 (custom)
2019-09-25 03:45:11,114 [pool-42-thread-1] INFO  server.RaftServerConfigKeys (ConfUtils.java:logGet(43)) - raft.server.log.segment.size.max = 1048576 (custom)
2019-09-25 03:45:11,114 [pool-42-thread-1] INFO  server.RaftServerConfigKeys (ConfUtils.java:logGet(43)) - raft.server.log.segment.cache.num.max = 2 (custom)
2019-09-25 03:45:11,115 [pool-42-thread-1] INFO  segmented.SegmentedRaftLogWorker (SegmentedRaftLogWorker.java:<init>(172)) - new d3b65c3f-c5b1-41a6-92a2-58f72c630ad9@group-A7366B148A26-SegmentedRaftLogWorker for RaftStorage:Storage Directory /workdir/hadoop-ozone/integration-test/target/test-dir/MiniOzoneClusterImpl-87ec6964-4cbb-4ea4-8c8c-f74cd58bfd83/datanode-1/data/ratis/f9f866ec-2f2c-4eea-a781-a7366b148a26
2019-09-25 03:45:11,120 [pool-42-thread-1] INFO  server.RaftServerConfigKeys (ConfUtils.java:logGet(43)) - raft.server.log.queue.byte-limit = 2147483647 (custom)
2019-09-25 03:45:11,120 [pool-42-thread-1] INFO  server.RaftServerConfigKeys (ConfUtils.java:logGet(43)) - raft.server.log.queue.element-limit = 1024 (custom)
2019-09-25 03:45:11,121 [pool-42-thread-1] INFO  server.RaftServerConfigKeys (ConfUtils.java:logGet(43)) - raft.server.log.segment.size.max = 1048576 (custom)
2019-09-25 03:45:11,121 [pool-42-thread-1] INFO  server.RaftServerConfigKeys (ConfUtils.java:logGet(43)) - raft.server.log.preallocated.size = 16384 (custom)
2019-09-25 03:45:11,121 [pool-42-thread-1] INFO  server.RaftServerConfigKeys (ConfUtils.java:logGet(43)) - raft.server.log.write.buffer.size = 33554432 (custom)
2019-09-25 03:45:11,121 [pool-42-thread-1] INFO  server.RaftServerConfigKeys (ConfUtils.java:logGet(43)) - raft.server.log.force.sync.num = 128 (default)
2019-09-25 03:45:11,121 [pool-42-thread-1] INFO  server.RaftServerConfigKeys (ConfUtils.java:logGet(43)) - raft.server.log.statemachine.data.sync = true (default)
2019-09-25 03:45:11,122 [pool-42-thread-1] INFO  server.RaftServerConfigKeys (ConfUtils.java:logGet(43)) - raft.server.log.statemachine.data.sync.timeout = 10s (default)
2019-09-25 03:45:11,122 [pool-42-thread-1] INFO  server.RaftServerConfigKeys (ConfUtils.java:logGet(43)) - raft.server.log.statemachine.data.sync.timeout.retry = -1 (default)
2019-09-25 03:45:11,123 [pool-42-thread-1] INFO  server.RaftServerConfigKeys (ConfUtils.java:logGet(43)) - raft.server.log.statemachine.data.caching.enabled = true (custom)
2019-09-25 03:45:11,123 [pool-42-thread-1] INFO  segmented.SegmentedRaftLogWorker (SegmentedRaftLogWorker.java:lambda$new$0(132)) - d3b65c3f-c5b1-41a6-92a2-58f72c630ad9@group-A7366B148A26-SegmentedRaftLogWorker: flushIndex: setUnconditionally 0 -> -1
2019-09-25 03:45:11,123 [pool-42-thread-1] INFO  server.RaftServerConfigKeys (ConfUtils.java:logGet(43)) - raft.server.snapshot.auto.trigger.enabled = true (custom)
2019-09-25 03:45:11,124 [pool-42-thread-1] INFO  server.RaftServerConfigKeys (ConfUtils.java:logGet(43)) - raft.server.snapshot.auto.trigger.threshold = 10000 (custom)
2019-09-25 03:45:11,124 [pool-42-thread-1] INFO  server.RaftServerConfigKeys (ConfUtils.java:logGet(43)) - raft.server.snapshot.retention.num.files = 5 (custom)
2019-09-25 03:45:11,124 [pool-42-thread-1] INFO  server.RaftServerConfigKeys (ConfUtils.java:logGet(43)) - raft.server.retrycache.expirytime = 600000ms (custom)
2019-09-25 03:45:11,129 [pool-42-thread-1] INFO  impl.RaftServerImpl (RaftServerImpl.java:start(185)) - d3b65c3f-c5b1-41a6-92a2-58f72c630ad9@group-A7366B148A26: start as a follower, conf=-1: [d3b65c3f-c5b1-41a6-92a2-58f72c630ad9:192.168.151.106:39450], old=null
2019-09-25 03:45:11,129 [pool-42-thread-1] INFO  impl.RaftServerImpl (RaftServerImpl.java:setRole(174)) - d3b65c3f-c5b1-41a6-92a2-58f72c630ad9@group-A7366B148A26: changes role from      null to FOLLOWER at term 0 for startAsFollower
2019-09-25 03:45:11,130 [pool-42-thread-1] INFO  impl.RoleInfo (RoleInfo.java:updateAndGet(143)) - d3b65c3f-c5b1-41a6-92a2-58f72c630ad9: start FollowerState
2019-09-25 03:45:11,130 [pool-42-thread-1] INFO  util.JmxRegister (JmxRegister.java:tryRegister(44)) - Successfully registered JMX Bean with object name Ratis:service=RaftServer,group=group-A7366B148A26,id=d3b65c3f-c5b1-41a6-92a2-58f72c630ad9
2019-09-25 03:45:11,142 [RatisPipelineUtilsThread] INFO  pipeline.PipelineStateManager (PipelineStateManager.java:addPipeline(56)) - Created pipeline Pipeline[ Id: f9f866ec-2f2c-4eea-a781-a7366b148a26, Nodes: d3b65c3f-c5b1-41a6-92a2-58f72c630ad9{ip: 192.168.151.106, host: pr-hdds-1569-x2sr2-3486766547, networkLocation: /rack1, certSerialId: null}, Type:RATIS, Factor:ONE, State:OPEN]
2019-09-25 03:45:11,162 [grpc-default-executor-0] INFO  impl.RaftServerProxy (RaftServerProxy.java:addNew(89)) - d82d563c-708d-4b1b-bd19-b9ed0ca17f6c: addNew group-A1A6BA1266A7:[d82d563c-708d-4b1b-bd19-b9ed0ca17f6c:192.168.151.106:45085] returns group-A1A6BA1266A7:java.util.concurrent.CompletableFuture@69cbbe03[Not completed]
2019-09-25 03:45:11,164 [pool-32-thread-1] INFO  impl.RaftServerImpl (RaftServerImpl.java:<init>(95)) - d82d563c-708d-4b1b-bd19-b9ed0ca17f6c: new RaftServerImpl for group-A1A6BA1266A7:[d82d563c-708d-4b1b-bd19-b9ed0ca17f6c:192.168.151.106:45085] with ContainerStateMachine:uninitialized
2019-09-25 03:45:11,164 [pool-32-thread-1] INFO  server.RaftServerConfigKeys (ConfUtils.java:logGet(43)) - raft.server.rpc.timeout.min = 5s (custom)
2019-09-25 03:45:11,164 [pool-32-thread-1] INFO  server.RaftServerConfigKeys (ConfUtils.java:logGet(43)) - raft.server.rpc.timeout.max = 5200ms (custom)
2019-09-25 03:45:11,165 [pool-32-thread-1] INFO  server.RaftServerConfigKeys (ConfUtils.java:logGet(43)) - raft.server.rpcslowness.timeout = 120s (custom)
2019-09-25 03:45:11,165 [pool-32-thread-1] INFO  server.RaftServerConfigKeys (ConfUtils.java:logGet(43)) - raft.server.sleep.deviation.threshold = 300 (default)
2019-09-25 03:45:11,165 [pool-32-thread-1] INFO  server.RaftServerConfigKeys (ConfUtils.java:logGet(43)) - raft.server.log.appender.install.snapshot.enabled = false (custom)
2019-09-25 03:45:11,165 [pool-32-thread-1] INFO  impl.RaftServerImpl (ServerState.java:<init>(103)) - d82d563c-708d-4b1b-bd19-b9ed0ca17f6c@group-A1A6BA1266A7: ConfigurationManager, init=-1: [d82d563c-708d-4b1b-bd19-b9ed0ca17f6c:192.168.151.106:45085], old=null, confs=<EMPTY_MAP>
2019-09-25 03:45:11,166 [pool-32-thread-1] INFO  server.RaftServerConfigKeys (ConfUtils.java:logGet(43)) - raft.server.storage.dir = [/workdir/hadoop-ozone/integration-test/target/test-dir/MiniOzoneClusterImpl-87ec6964-4cbb-4ea4-8c8c-f74cd58bfd83/datanode-0/data/ratis] (custom)
2019-09-25 03:45:11,166 [pool-32-thread-1] INFO  storage.RaftStorageDirectory (RaftStorageDirectory.java:analyzeStorage(246)) - The storage directory /workdir/hadoop-ozone/integration-test/target/test-dir/MiniOzoneClusterImpl-87ec6964-4cbb-4ea4-8c8c-f74cd58bfd83/datanode-0/data/ratis/76250e20-3ff8-4a0f-a438-a1a6ba1266a7 does not exist. Creating ...
2019-09-25 03:45:11,179 [pool-32-thread-1] INFO  storage.RaftStorageDirectory (RaftStorageDirectory.java:tryLock(328)) - Lock on /workdir/hadoop-ozone/integration-test/target/test-dir/MiniOzoneClusterImpl-87ec6964-4cbb-4ea4-8c8c-f74cd58bfd83/datanode-0/data/ratis/76250e20-3ff8-4a0f-a438-a1a6ba1266a7/in_use.lock acquired by nodename 13655@pr-hdds-1569-x2sr2-3486766547
2019-09-25 03:45:11,192 [pool-32-thread-1] INFO  storage.RaftStorage (RaftStorage.java:format(72)) - Storage directory /workdir/hadoop-ozone/integration-test/target/test-dir/MiniOzoneClusterImpl-87ec6964-4cbb-4ea4-8c8c-f74cd58bfd83/datanode-0/data/ratis/76250e20-3ff8-4a0f-a438-a1a6ba1266a7 has been successfully formatted.
2019-09-25 03:45:11,192 [pool-32-thread-1] INFO  ratis.ContainerStateMachine (ContainerStateMachine.java:loadSnapshot(230)) - group-A1A6BA1266A7: The snapshot info is null. Setting the last applied indexto:(t:0, i:~)
2019-09-25 03:45:11,193 [pool-32-thread-1] INFO  server.RaftServerConfigKeys (ConfUtils.java:logGet(43)) - raft.server.notification.no-leader.timeout = 120s (custom)
2019-09-25 03:45:11,193 [pool-32-thread-1] INFO  server.RaftServerConfigKeys (ConfUtils.java:logGet(43)) - raft.server.log.use.memory = false (default)
2019-09-25 03:45:11,193 [pool-32-thread-1] INFO  server.RaftServerConfigKeys (ConfUtils.java:logGet(43)) - raft.server.log.purge.gap = 1000000 (custom)
2019-09-25 03:45:11,193 [pool-32-thread-1] INFO  server.RaftServerConfigKeys (ConfUtils.java:logGet(43)) - raft.server.log.appender.buffer.byte-limit = 33554432 (custom)
2019-09-25 03:45:11,194 [pool-32-thread-1] INFO  server.RaftServerConfigKeys (ConfUtils.java:logGet(43)) - raft.server.log.segment.size.max = 1048576 (custom)
2019-09-25 03:45:11,194 [pool-32-thread-1] INFO  server.RaftServerConfigKeys (ConfUtils.java:logGet(43)) - raft.server.log.segment.cache.num.max = 2 (custom)
2019-09-25 03:45:11,194 [pool-32-thread-1] INFO  segmented.SegmentedRaftLogWorker (SegmentedRaftLogWorker.java:<init>(172)) - new d82d563c-708d-4b1b-bd19-b9ed0ca17f6c@group-A1A6BA1266A7-SegmentedRaftLogWorker for RaftStorage:Storage Directory /workdir/hadoop-ozone/integration-test/target/test-dir/MiniOzoneClusterImpl-87ec6964-4cbb-4ea4-8c8c-f74cd58bfd83/datanode-0/data/ratis/76250e20-3ff8-4a0f-a438-a1a6ba1266a7
2019-09-25 03:45:11,194 [pool-32-thread-1] INFO  server.RaftServerConfigKeys (ConfUtils.java:logGet(43)) - raft.server.log.queue.byte-limit = 2147483647 (custom)
2019-09-25 03:45:11,194 [pool-32-thread-1] INFO  server.RaftServerConfigKeys (ConfUtils.java:logGet(43)) - raft.server.log.queue.element-limit = 1024 (custom)
2019-09-25 03:45:11,195 [pool-32-thread-1] INFO  server.RaftServerConfigKeys (ConfUtils.java:logGet(43)) - raft.server.log.segment.size.max = 1048576 (custom)
2019-09-25 03:45:11,195 [pool-32-thread-1] INFO  server.RaftServerConfigKeys (ConfUtils.java:logGet(43)) - raft.server.log.preallocated.size = 16384 (custom)
2019-09-25 03:45:11,195 [pool-32-thread-1] INFO  server.RaftServerConfigKeys (ConfUtils.java:logGet(43)) - raft.server.log.write.buffer.size = 33554432 (custom)
2019-09-25 03:45:11,195 [pool-32-thread-1] INFO  server.RaftServerConfigKeys (ConfUtils.java:logGet(43)) - raft.server.log.force.sync.num = 128 (default)
2019-09-25 03:45:11,196 [pool-32-thread-1] INFO  server.RaftServerConfigKeys (ConfUtils.java:logGet(43)) - raft.server.log.statemachine.data.sync = true (default)
2019-09-25 03:45:11,196 [pool-32-thread-1] INFO  server.RaftServerConfigKeys (ConfUtils.java:logGet(43)) - raft.server.log.statemachine.data.sync.timeout = 10s (default)
2019-09-25 03:45:11,196 [pool-32-thread-1] INFO  server.RaftServerConfigKeys (ConfUtils.java:logGet(43)) - raft.server.log.statemachine.data.sync.timeout.retry = -1 (default)
2019-09-25 03:45:11,196 [pool-32-thread-1] INFO  server.RaftServerConfigKeys (ConfUtils.java:logGet(43)) - raft.server.log.statemachine.data.caching.enabled = true (custom)
2019-09-25 03:45:11,197 [pool-32-thread-1] INFO  segmented.SegmentedRaftLogWorker (SegmentedRaftLogWorker.java:lambda$new$0(132)) - d82d563c-708d-4b1b-bd19-b9ed0ca17f6c@group-A1A6BA1266A7-SegmentedRaftLogWorker: flushIndex: setUnconditionally 0 -> -1
2019-09-25 03:45:11,197 [pool-32-thread-1] INFO  server.RaftServerConfigKeys (ConfUtils.java:logGet(43)) - raft.server.snapshot.auto.trigger.enabled = true (custom)
2019-09-25 03:45:11,197 [pool-32-thread-1] INFO  server.RaftServerConfigKeys (ConfUtils.java:logGet(43)) - raft.server.snapshot.auto.trigger.threshold = 10000 (custom)
2019-09-25 03:45:11,198 [pool-32-thread-1] INFO  server.RaftServerConfigKeys (ConfUtils.java:logGet(43)) - raft.server.snapshot.retention.num.files = 5 (custom)
2019-09-25 03:45:11,198 [pool-32-thread-1] INFO  server.RaftServerConfigKeys (ConfUtils.java:logGet(43)) - raft.server.retrycache.expirytime = 600000ms (custom)
2019-09-25 03:45:11,203 [pool-32-thread-1] INFO  impl.RaftServerImpl (RaftServerImpl.java:start(185)) - d82d563c-708d-4b1b-bd19-b9ed0ca17f6c@group-A1A6BA1266A7: start as a follower, conf=-1: [d82d563c-708d-4b1b-bd19-b9ed0ca17f6c:192.168.151.106:45085], old=null
2019-09-25 03:45:11,204 [pool-32-thread-1] INFO  impl.RaftServerImpl (RaftServerImpl.java:setRole(174)) - d82d563c-708d-4b1b-bd19-b9ed0ca17f6c@group-A1A6BA1266A7: changes role from      null to FOLLOWER at term 0 for startAsFollower
2019-09-25 03:45:11,204 [pool-32-thread-1] INFO  impl.RoleInfo (RoleInfo.java:updateAndGet(143)) - d82d563c-708d-4b1b-bd19-b9ed0ca17f6c: start FollowerState
2019-09-25 03:45:11,204 [pool-32-thread-1] INFO  util.JmxRegister (JmxRegister.java:tryRegister(44)) - Successfully registered JMX Bean with object name Ratis:service=RaftServer,group=group-A1A6BA1266A7,id=d82d563c-708d-4b1b-bd19-b9ed0ca17f6c
2019-09-25 03:45:11,216 [RatisPipelineUtilsThread] INFO  pipeline.PipelineStateManager (PipelineStateManager.java:addPipeline(56)) - Created pipeline Pipeline[ Id: 76250e20-3ff8-4a0f-a438-a1a6ba1266a7, Nodes: d82d563c-708d-4b1b-bd19-b9ed0ca17f6c{ip: 192.168.151.106, host: pr-hdds-1569-x2sr2-3486766547, networkLocation: /rack1, certSerialId: null}, Type:RATIS, Factor:ONE, State:OPEN]
2019-09-25 03:45:11,239 [grpc-default-executor-0] INFO  impl.RaftServerProxy (RaftServerProxy.java:addNew(89)) - d82d563c-708d-4b1b-bd19-b9ed0ca17f6c: addNew group-48F783B9C54D:[d82d563c-708d-4b1b-bd19-b9ed0ca17f6c:192.168.151.106:45085] returns group-48F783B9C54D:java.util.concurrent.CompletableFuture@107b08d1[Not completed]
2019-09-25 03:45:11,241 [pool-32-thread-1] INFO  impl.RaftServerImpl (RaftServerImpl.java:<init>(95)) - d82d563c-708d-4b1b-bd19-b9ed0ca17f6c: new RaftServerImpl for group-48F783B9C54D:[d82d563c-708d-4b1b-bd19-b9ed0ca17f6c:192.168.151.106:45085] with ContainerStateMachine:uninitialized
2019-09-25 03:45:11,241 [pool-32-thread-1] INFO  server.RaftServerConfigKeys (ConfUtils.java:logGet(43)) - raft.server.rpc.timeout.min = 5s (custom)
2019-09-25 03:45:11,241 [pool-32-thread-1] INFO  server.RaftServerConfigKeys (ConfUtils.java:logGet(43)) - raft.server.rpc.timeout.max = 5200ms (custom)
2019-09-25 03:45:11,241 [pool-32-thread-1] INFO  server.RaftServerConfigKeys (ConfUtils.java:logGet(43)) - raft.server.rpcslowness.timeout = 120s (custom)
2019-09-25 03:45:11,241 [pool-32-thread-1] INFO  server.RaftServerConfigKeys (ConfUtils.java:logGet(43)) - raft.server.sleep.deviation.threshold = 300 (default)
2019-09-25 03:45:11,241 [pool-32-thread-1] INFO  server.RaftServerConfigKeys (ConfUtils.java:logGet(43)) - raft.server.log.appender.install.snapshot.enabled = false (custom)
2019-09-25 03:45:11,242 [pool-32-thread-1] INFO  impl.RaftServerImpl (ServerState.java:<init>(103)) - d82d563c-708d-4b1b-bd19-b9ed0ca17f6c@group-48F783B9C54D: ConfigurationManager, init=-1: [d82d563c-708d-4b1b-bd19-b9ed0ca17f6c:192.168.151.106:45085], old=null, confs=<EMPTY_MAP>
2019-09-25 03:45:11,242 [pool-32-thread-1] INFO  server.RaftServerConfigKeys (ConfUtils.java:logGet(43)) - raft.server.storage.dir = [/workdir/hadoop-ozone/integration-test/target/test-dir/MiniOzoneClusterImpl-87ec6964-4cbb-4ea4-8c8c-f74cd58bfd83/datanode-0/data/ratis] (custom)
2019-09-25 03:45:11,242 [pool-32-thread-1] INFO  storage.RaftStorageDirectory (RaftStorageDirectory.java:analyzeStorage(246)) - The storage directory /workdir/hadoop-ozone/integration-test/target/test-dir/MiniOzoneClusterImpl-87ec6964-4cbb-4ea4-8c8c-f74cd58bfd83/datanode-0/data/ratis/15d40448-57ba-4af3-97c0-48f783b9c54d does not exist. Creating ...
2019-09-25 03:45:11,255 [pool-32-thread-1] INFO  storage.RaftStorageDirectory (RaftStorageDirectory.java:tryLock(328)) - Lock on /workdir/hadoop-ozone/integration-test/target/test-dir/MiniOzoneClusterImpl-87ec6964-4cbb-4ea4-8c8c-f74cd58bfd83/datanode-0/data/ratis/15d40448-57ba-4af3-97c0-48f783b9c54d/in_use.lock acquired by nodename 13655@pr-hdds-1569-x2sr2-3486766547
2019-09-25 03:45:11,280 [pool-32-thread-1] INFO  storage.RaftStorage (RaftStorage.java:format(72)) - Storage directory /workdir/hadoop-ozone/integration-test/target/test-dir/MiniOzoneClusterImpl-87ec6964-4cbb-4ea4-8c8c-f74cd58bfd83/datanode-0/data/ratis/15d40448-57ba-4af3-97c0-48f783b9c54d has been successfully formatted.
2019-09-25 03:45:11,280 [pool-32-thread-1] INFO  ratis.ContainerStateMachine (ContainerStateMachine.java:loadSnapshot(230)) - group-48F783B9C54D: The snapshot info is null. Setting the last applied indexto:(t:0, i:~)
2019-09-25 03:45:11,280 [pool-32-thread-1] INFO  server.RaftServerConfigKeys (ConfUtils.java:logGet(43)) - raft.server.notification.no-leader.timeout = 120s (custom)
2019-09-25 03:45:11,281 [pool-32-thread-1] INFO  server.RaftServerConfigKeys (ConfUtils.java:logGet(43)) - raft.server.log.use.memory = false (default)
2019-09-25 03:45:11,281 [pool-32-thread-1] INFO  server.RaftServerConfigKeys (ConfUtils.java:logGet(43)) - raft.server.log.purge.gap = 1000000 (custom)
2019-09-25 03:45:11,281 [pool-32-thread-1] INFO  server.RaftServerConfigKeys (ConfUtils.java:logGet(43)) - raft.server.log.appender.buffer.byte-limit = 33554432 (custom)
2019-09-25 03:45:11,281 [pool-32-thread-1] INFO  server.RaftServerConfigKeys (ConfUtils.java:logGet(43)) - raft.server.log.segment.size.max = 1048576 (custom)
2019-09-25 03:45:11,281 [pool-32-thread-1] INFO  server.RaftServerConfigKeys (ConfUtils.java:logGet(43)) - raft.server.log.segment.cache.num.max = 2 (custom)
2019-09-25 03:45:11,281 [pool-32-thread-1] INFO  segmented.SegmentedRaftLogWorker (SegmentedRaftLogWorker.java:<init>(172)) - new d82d563c-708d-4b1b-bd19-b9ed0ca17f6c@group-48F783B9C54D-SegmentedRaftLogWorker for RaftStorage:Storage Directory /workdir/hadoop-ozone/integration-test/target/test-dir/MiniOzoneClusterImpl-87ec6964-4cbb-4ea4-8c8c-f74cd58bfd83/datanode-0/data/ratis/15d40448-57ba-4af3-97c0-48f783b9c54d
2019-09-25 03:45:11,282 [pool-32-thread-1] INFO  server.RaftServerConfigKeys (ConfUtils.java:logGet(43)) - raft.server.log.queue.byte-limit = 2147483647 (custom)
2019-09-25 03:45:11,282 [pool-32-thread-1] INFO  server.RaftServerConfigKeys (ConfUtils.java:logGet(43)) - raft.server.log.queue.element-limit = 1024 (custom)
2019-09-25 03:45:11,282 [pool-32-thread-1] INFO  server.RaftServerConfigKeys (ConfUtils.java:logGet(43)) - raft.server.log.segment.size.max = 1048576 (custom)
2019-09-25 03:45:11,282 [pool-32-thread-1] INFO  server.RaftServerConfigKeys (ConfUtils.java:logGet(43)) - raft.server.log.preallocated.size = 16384 (custom)
2019-09-25 03:45:11,282 [pool-32-thread-1] INFO  server.RaftServerConfigKeys (ConfUtils.java:logGet(43)) - raft.server.log.write.buffer.size = 33554432 (custom)
2019-09-25 03:45:11,282 [pool-32-thread-1] INFO  server.RaftServerConfigKeys (ConfUtils.java:logGet(43)) - raft.server.log.force.sync.num = 128 (default)
2019-09-25 03:45:11,283 [pool-32-thread-1] INFO  server.RaftServerConfigKeys (ConfUtils.java:logGet(43)) - raft.server.log.statemachine.data.sync = true (default)
2019-09-25 03:45:11,283 [pool-32-thread-1] INFO  server.RaftServerConfigKeys (ConfUtils.java:logGet(43)) - raft.server.log.statemachine.data.sync.timeout = 10s (default)
2019-09-25 03:45:11,283 [pool-32-thread-1] INFO  server.RaftServerConfigKeys (ConfUtils.java:logGet(43)) - raft.server.log.statemachine.data.sync.timeout.retry = -1 (default)
2019-09-25 03:45:11,283 [pool-32-thread-1] INFO  server.RaftServerConfigKeys (ConfUtils.java:logGet(43)) - raft.server.log.statemachine.data.caching.enabled = true (custom)
2019-09-25 03:45:11,283 [pool-32-thread-1] INFO  segmented.SegmentedRaftLogWorker (SegmentedRaftLogWorker.java:lambda$new$0(132)) - d82d563c-708d-4b1b-bd19-b9ed0ca17f6c@group-48F783B9C54D-SegmentedRaftLogWorker: flushIndex: setUnconditionally 0 -> -1
2019-09-25 03:45:11,284 [pool-32-thread-1] INFO  server.RaftServerConfigKeys (ConfUtils.java:logGet(43)) - raft.server.snapshot.auto.trigger.enabled = true (custom)
2019-09-25 03:45:11,284 [pool-32-thread-1] INFO  server.RaftServerConfigKeys (ConfUtils.java:logGet(43)) - raft.server.snapshot.auto.trigger.threshold = 10000 (custom)
2019-09-25 03:45:11,284 [pool-32-thread-1] INFO  server.RaftServerConfigKeys (ConfUtils.java:logGet(43)) - raft.server.snapshot.retention.num.files = 5 (custom)
2019-09-25 03:45:11,284 [pool-32-thread-1] INFO  server.RaftServerConfigKeys (ConfUtils.java:logGet(43)) - raft.server.retrycache.expirytime = 600000ms (custom)
2019-09-25 03:45:11,288 [pool-32-thread-1] INFO  impl.RaftServerImpl (RaftServerImpl.java:start(185)) - d82d563c-708d-4b1b-bd19-b9ed0ca17f6c@group-48F783B9C54D: start as a follower, conf=-1: [d82d563c-708d-4b1b-bd19-b9ed0ca17f6c:192.168.151.106:45085], old=null
2019-09-25 03:45:11,288 [pool-32-thread-1] INFO  impl.RaftServerImpl (RaftServerImpl.java:setRole(174)) - d82d563c-708d-4b1b-bd19-b9ed0ca17f6c@group-48F783B9C54D: changes role from      null to FOLLOWER at term 0 for startAsFollower
2019-09-25 03:45:11,288 [pool-32-thread-1] INFO  impl.RoleInfo (RoleInfo.java:updateAndGet(143)) - d82d563c-708d-4b1b-bd19-b9ed0ca17f6c: start FollowerState
2019-09-25 03:45:11,289 [pool-32-thread-1] INFO  util.JmxRegister (JmxRegister.java:tryRegister(44)) - Successfully registered JMX Bean with object name Ratis:service=RaftServer,group=group-48F783B9C54D,id=d82d563c-708d-4b1b-bd19-b9ed0ca17f6c
2019-09-25 03:45:11,300 [RatisPipelineUtilsThread] INFO  pipeline.PipelineStateManager (PipelineStateManager.java:addPipeline(56)) - Created pipeline Pipeline[ Id: 15d40448-57ba-4af3-97c0-48f783b9c54d, Nodes: d82d563c-708d-4b1b-bd19-b9ed0ca17f6c{ip: 192.168.151.106, host: pr-hdds-1569-x2sr2-3486766547, networkLocation: /rack1, certSerialId: null}, Type:RATIS, Factor:ONE, State:OPEN]
2019-09-25 03:45:11,316 [main] INFO  ozone.MiniOzoneClusterImpl (MiniOzoneClusterImpl.java:lambda$waitForClusterToBeReady$0(147)) - Cluster is ready. Got 4 of 4 DN Heartbeats.
2019-09-25 03:45:11,318 [grpc-default-executor-0] INFO  impl.RaftServerProxy (RaftServerProxy.java:addNew(89)) - 0d193d2d-ce27-4ace-8d68-2a8197cbc29b: addNew group-2DA1CD946003:[0d193d2d-ce27-4ace-8d68-2a8197cbc29b:192.168.151.106:44030] returns group-2DA1CD946003:java.util.concurrent.CompletableFuture@2763c6fe[Not completed]
2019-09-25 03:45:11,320 [pool-62-thread-1] INFO  impl.RaftServerImpl (RaftServerImpl.java:<init>(95)) - 0d193d2d-ce27-4ace-8d68-2a8197cbc29b: new RaftServerImpl for group-2DA1CD946003:[0d193d2d-ce27-4ace-8d68-2a8197cbc29b:192.168.151.106:44030] with ContainerStateMachine:uninitialized
2019-09-25 03:45:11,320 [pool-62-thread-1] INFO  server.RaftServerConfigKeys (ConfUtils.java:logGet(43)) - raft.server.rpc.timeout.min = 5s (custom)
2019-09-25 03:45:11,320 [pool-62-thread-1] INFO  server.RaftServerConfigKeys (ConfUtils.java:logGet(43)) - raft.server.rpc.timeout.max = 5200ms (custom)
2019-09-25 03:45:11,320 [pool-62-thread-1] INFO  server.RaftServerConfigKeys (ConfUtils.java:logGet(43)) - raft.server.rpcslowness.timeout = 120s (custom)
2019-09-25 03:45:11,321 [pool-62-thread-1] INFO  server.RaftServerConfigKeys (ConfUtils.java:logGet(43)) - raft.server.sleep.deviation.threshold = 300 (default)
2019-09-25 03:45:11,321 [pool-62-thread-1] INFO  server.RaftServerConfigKeys (ConfUtils.java:logGet(43)) - raft.server.log.appender.install.snapshot.enabled = false (custom)
2019-09-25 03:45:11,321 [pool-62-thread-1] INFO  impl.RaftServerImpl (ServerState.java:<init>(103)) - 0d193d2d-ce27-4ace-8d68-2a8197cbc29b@group-2DA1CD946003: ConfigurationManager, init=-1: [0d193d2d-ce27-4ace-8d68-2a8197cbc29b:192.168.151.106:44030], old=null, confs=<EMPTY_MAP>
2019-09-25 03:45:11,321 [pool-62-thread-1] INFO  server.RaftServerConfigKeys (ConfUtils.java:logGet(43)) - raft.server.storage.dir = [/workdir/hadoop-ozone/integration-test/target/test-dir/MiniOzoneClusterImpl-87ec6964-4cbb-4ea4-8c8c-f74cd58bfd83/datanode-3/data/ratis] (custom)
2019-09-25 03:45:11,322 [pool-62-thread-1] INFO  storage.RaftStorageDirectory (RaftStorageDirectory.java:analyzeStorage(246)) - The storage directory /workdir/hadoop-ozone/integration-test/target/test-dir/MiniOzoneClusterImpl-87ec6964-4cbb-4ea4-8c8c-f74cd58bfd83/datanode-3/data/ratis/ab7145b7-4f77-4ac8-b7b0-2da1cd946003 does not exist. Creating ...
2019-09-25 03:45:11,335 [pool-62-thread-1] INFO  storage.RaftStorageDirectory (RaftStorageDirectory.java:tryLock(328)) - Lock on /workdir/hadoop-ozone/integration-test/target/test-dir/MiniOzoneClusterImpl-87ec6964-4cbb-4ea4-8c8c-f74cd58bfd83/datanode-3/data/ratis/ab7145b7-4f77-4ac8-b7b0-2da1cd946003/in_use.lock acquired by nodename 13655@pr-hdds-1569-x2sr2-3486766547
2019-09-25 03:45:11,348 [pool-62-thread-1] INFO  storage.RaftStorage (RaftStorage.java:format(72)) - Storage directory /workdir/hadoop-ozone/integration-test/target/test-dir/MiniOzoneClusterImpl-87ec6964-4cbb-4ea4-8c8c-f74cd58bfd83/datanode-3/data/ratis/ab7145b7-4f77-4ac8-b7b0-2da1cd946003 has been successfully formatted.
2019-09-25 03:45:11,349 [pool-62-thread-1] INFO  ratis.ContainerStateMachine (ContainerStateMachine.java:loadSnapshot(230)) - group-2DA1CD946003: The snapshot info is null. Setting the last applied indexto:(t:0, i:~)
2019-09-25 03:45:11,349 [pool-62-thread-1] INFO  server.RaftServerConfigKeys (ConfUtils.java:logGet(43)) - raft.server.notification.no-leader.timeout = 120s (custom)
2019-09-25 03:45:11,349 [pool-62-thread-1] INFO  server.RaftServerConfigKeys (ConfUtils.java:logGet(43)) - raft.server.log.use.memory = false (default)
2019-09-25 03:45:11,349 [pool-62-thread-1] INFO  server.RaftServerConfigKeys (ConfUtils.java:logGet(43)) - raft.server.log.purge.gap = 1000000 (custom)
2019-09-25 03:45:11,349 [pool-62-thread-1] INFO  server.RaftServerConfigKeys (ConfUtils.java:logGet(43)) - raft.server.log.appender.buffer.byte-limit = 33554432 (custom)
2019-09-25 03:45:11,350 [pool-62-thread-1] INFO  server.RaftServerConfigKeys (ConfUtils.java:logGet(43)) - raft.server.log.segment.size.max = 1048576 (custom)
2019-09-25 03:45:11,350 [pool-62-thread-1] INFO  server.RaftServerConfigKeys (ConfUtils.java:logGet(43)) - raft.server.log.segment.cache.num.max = 2 (custom)
2019-09-25 03:45:11,350 [pool-62-thread-1] INFO  segmented.SegmentedRaftLogWorker (SegmentedRaftLogWorker.java:<init>(172)) - new 0d193d2d-ce27-4ace-8d68-2a8197cbc29b@group-2DA1CD946003-SegmentedRaftLogWorker for RaftStorage:Storage Directory /workdir/hadoop-ozone/integration-test/target/test-dir/MiniOzoneClusterImpl-87ec6964-4cbb-4ea4-8c8c-f74cd58bfd83/datanode-3/data/ratis/ab7145b7-4f77-4ac8-b7b0-2da1cd946003
2019-09-25 03:45:11,354 [pool-62-thread-1] INFO  server.RaftServerConfigKeys (ConfUtils.java:logGet(43)) - raft.server.log.queue.byte-limit = 2147483647 (custom)
2019-09-25 03:45:11,354 [pool-62-thread-1] INFO  server.RaftServerConfigKeys (ConfUtils.java:logGet(43)) - raft.server.log.queue.element-limit = 1024 (custom)
2019-09-25 03:45:11,354 [pool-62-thread-1] INFO  server.RaftServerConfigKeys (ConfUtils.java:logGet(43)) - raft.server.log.segment.size.max = 1048576 (custom)
2019-09-25 03:45:11,354 [pool-62-thread-1] INFO  server.RaftServerConfigKeys (ConfUtils.java:logGet(43)) - raft.server.log.preallocated.size = 16384 (custom)
2019-09-25 03:45:11,355 [pool-62-thread-1] INFO  server.RaftServerConfigKeys (ConfUtils.java:logGet(43)) - raft.server.log.write.buffer.size = 33554432 (custom)
2019-09-25 03:45:11,355 [pool-62-thread-1] INFO  server.RaftServerConfigKeys (ConfUtils.java:logGet(43)) - raft.server.log.force.sync.num = 128 (default)
2019-09-25 03:45:11,355 [pool-62-thread-1] INFO  server.RaftServerConfigKeys (ConfUtils.java:logGet(43)) - raft.server.log.statemachine.data.sync = true (default)
2019-09-25 03:45:11,355 [pool-62-thread-1] INFO  server.RaftServerConfigKeys (ConfUtils.java:logGet(43)) - raft.server.log.statemachine.data.sync.timeout = 10s (default)
2019-09-25 03:45:11,355 [pool-62-thread-1] INFO  server.RaftServerConfigKeys (ConfUtils.java:logGet(43)) - raft.server.log.statemachine.data.sync.timeout.retry = -1 (default)
2019-09-25 03:45:11,356 [pool-62-thread-1] INFO  server.RaftServerConfigKeys (ConfUtils.java:logGet(43)) - raft.server.log.statemachine.data.caching.enabled = true (custom)
2019-09-25 03:45:11,356 [pool-62-thread-1] INFO  segmented.SegmentedRaftLogWorker (SegmentedRaftLogWorker.java:lambda$new$0(132)) - 0d193d2d-ce27-4ace-8d68-2a8197cbc29b@group-2DA1CD946003-SegmentedRaftLogWorker: flushIndex: setUnconditionally 0 -> -1
2019-09-25 03:45:11,357 [pool-62-thread-1] INFO  server.RaftServerConfigKeys (ConfUtils.java:logGet(43)) - raft.server.snapshot.auto.trigger.enabled = true (custom)
2019-09-25 03:45:11,357 [pool-62-thread-1] INFO  server.RaftServerConfigKeys (ConfUtils.java:logGet(43)) - raft.server.snapshot.auto.trigger.threshold = 10000 (custom)
2019-09-25 03:45:11,357 [pool-62-thread-1] INFO  server.RaftServerConfigKeys (ConfUtils.java:logGet(43)) - raft.server.snapshot.retention.num.files = 5 (custom)
2019-09-25 03:45:11,357 [pool-62-thread-1] INFO  server.RaftServerConfigKeys (ConfUtils.java:logGet(43)) - raft.server.retrycache.expirytime = 600000ms (custom)
2019-09-25 03:45:11,361 [pool-62-thread-1] INFO  impl.RaftServerImpl (RaftServerImpl.java:start(185)) - 0d193d2d-ce27-4ace-8d68-2a8197cbc29b@group-2DA1CD946003: start as a follower, conf=-1: [0d193d2d-ce27-4ace-8d68-2a8197cbc29b:192.168.151.106:44030], old=null
2019-09-25 03:45:11,361 [pool-62-thread-1] INFO  impl.RaftServerImpl (RaftServerImpl.java:setRole(174)) - 0d193d2d-ce27-4ace-8d68-2a8197cbc29b@group-2DA1CD946003: changes role from      null to FOLLOWER at term 0 for startAsFollower
2019-09-25 03:45:11,361 [pool-62-thread-1] INFO  impl.RoleInfo (RoleInfo.java:updateAndGet(143)) - 0d193d2d-ce27-4ace-8d68-2a8197cbc29b: start FollowerState
2019-09-25 03:45:11,362 [pool-62-thread-1] INFO  util.JmxRegister (JmxRegister.java:tryRegister(44)) - Successfully registered JMX Bean with object name Ratis:service=RaftServer,group=group-2DA1CD946003,id=0d193d2d-ce27-4ace-8d68-2a8197cbc29b
2019-09-25 03:45:11,377 [RatisPipelineUtilsThread] INFO  pipeline.PipelineStateManager (PipelineStateManager.java:addPipeline(56)) - Created pipeline Pipeline[ Id: ab7145b7-4f77-4ac8-b7b0-2da1cd946003, Nodes: 0d193d2d-ce27-4ace-8d68-2a8197cbc29b{ip: 192.168.151.106, host: pr-hdds-1569-x2sr2-3486766547, networkLocation: /rack1, certSerialId: null}, Type:RATIS, Factor:ONE, State:OPEN]
2019-09-25 03:45:11,392 [grpc-default-executor-0] INFO  impl.RaftServerProxy (RaftServerProxy.java:addNew(89)) - ab15c39f-6391-49d0-b553-81943ab852f8: addNew group-23171D9876D1:[ab15c39f-6391-49d0-b553-81943ab852f8:192.168.151.106:41436] returns group-23171D9876D1:java.util.concurrent.CompletableFuture@277c1d2b[Not completed]
2019-09-25 03:45:11,394 [pool-52-thread-1] INFO  impl.RaftServerImpl (RaftServerImpl.java:<init>(95)) - ab15c39f-6391-49d0-b553-81943ab852f8: new RaftServerImpl for group-23171D9876D1:[ab15c39f-6391-49d0-b553-81943ab852f8:192.168.151.106:41436] with ContainerStateMachine:uninitialized
2019-09-25 03:45:11,394 [pool-52-thread-1] INFO  server.RaftServerConfigKeys (ConfUtils.java:logGet(43)) - raft.server.rpc.timeout.min = 5s (custom)
2019-09-25 03:45:11,395 [pool-52-thread-1] INFO  server.RaftServerConfigKeys (ConfUtils.java:logGet(43)) - raft.server.rpc.timeout.max = 5200ms (custom)
2019-09-25 03:45:11,395 [pool-52-thread-1] INFO  server.RaftServerConfigKeys (ConfUtils.java:logGet(43)) - raft.server.rpcslowness.timeout = 120s (custom)
2019-09-25 03:45:11,395 [pool-52-thread-1] INFO  server.RaftServerConfigKeys (ConfUtils.java:logGet(43)) - raft.server.sleep.deviation.threshold = 300 (default)
2019-09-25 03:45:11,395 [pool-52-thread-1] INFO  server.RaftServerConfigKeys (ConfUtils.java:logGet(43)) - raft.server.log.appender.install.snapshot.enabled = false (custom)
2019-09-25 03:45:11,395 [pool-52-thread-1] INFO  impl.RaftServerImpl (ServerState.java:<init>(103)) - ab15c39f-6391-49d0-b553-81943ab852f8@group-23171D9876D1: ConfigurationManager, init=-1: [ab15c39f-6391-49d0-b553-81943ab852f8:192.168.151.106:41436], old=null, confs=<EMPTY_MAP>
2019-09-25 03:45:11,395 [pool-52-thread-1] INFO  server.RaftServerConfigKeys (ConfUtils.java:logGet(43)) - raft.server.storage.dir = [/workdir/hadoop-ozone/integration-test/target/test-dir/MiniOzoneClusterImpl-87ec6964-4cbb-4ea4-8c8c-f74cd58bfd83/datanode-2/data/ratis] (custom)
2019-09-25 03:45:11,396 [pool-52-thread-1] INFO  storage.RaftStorageDirectory (RaftStorageDirectory.java:analyzeStorage(246)) - The storage directory /workdir/hadoop-ozone/integration-test/target/test-dir/MiniOzoneClusterImpl-87ec6964-4cbb-4ea4-8c8c-f74cd58bfd83/datanode-2/data/ratis/6e8fdb14-bf7b-43de-9f65-23171d9876d1 does not exist. Creating ...
2019-09-25 03:45:11,409 [pool-52-thread-1] INFO  storage.RaftStorageDirectory (RaftStorageDirectory.java:tryLock(328)) - Lock on /workdir/hadoop-ozone/integration-test/target/test-dir/MiniOzoneClusterImpl-87ec6964-4cbb-4ea4-8c8c-f74cd58bfd83/datanode-2/data/ratis/6e8fdb14-bf7b-43de-9f65-23171d9876d1/in_use.lock acquired by nodename 13655@pr-hdds-1569-x2sr2-3486766547
2019-09-25 03:45:11,422 [pool-52-thread-1] INFO  storage.RaftStorage (RaftStorage.java:format(72)) - Storage directory /workdir/hadoop-ozone/integration-test/target/test-dir/MiniOzoneClusterImpl-87ec6964-4cbb-4ea4-8c8c-f74cd58bfd83/datanode-2/data/ratis/6e8fdb14-bf7b-43de-9f65-23171d9876d1 has been successfully formatted.
2019-09-25 03:45:11,422 [pool-52-thread-1] INFO  ratis.ContainerStateMachine (ContainerStateMachine.java:loadSnapshot(230)) - group-23171D9876D1: The snapshot info is null. Setting the last applied indexto:(t:0, i:~)
2019-09-25 03:45:11,422 [pool-52-thread-1] INFO  server.RaftServerConfigKeys (ConfUtils.java:logGet(43)) - raft.server.notification.no-leader.timeout = 120s (custom)
2019-09-25 03:45:11,422 [pool-52-thread-1] INFO  server.RaftServerConfigKeys (ConfUtils.java:logGet(43)) - raft.server.log.use.memory = false (default)
2019-09-25 03:45:11,422 [pool-52-thread-1] INFO  server.RaftServerConfigKeys (ConfUtils.java:logGet(43)) - raft.server.log.purge.gap = 1000000 (custom)
2019-09-25 03:45:11,422 [pool-52-thread-1] INFO  server.RaftServerConfigKeys (ConfUtils.java:logGet(43)) - raft.server.log.appender.buffer.byte-limit = 33554432 (custom)
2019-09-25 03:45:11,423 [pool-52-thread-1] INFO  server.RaftServerConfigKeys (ConfUtils.java:logGet(43)) - raft.server.log.segment.size.max = 1048576 (custom)
2019-09-25 03:45:11,423 [pool-52-thread-1] INFO  server.RaftServerConfigKeys (ConfUtils.java:logGet(43)) - raft.server.log.segment.cache.num.max = 2 (custom)
2019-09-25 03:45:11,423 [pool-52-thread-1] INFO  segmented.SegmentedRaftLogWorker (SegmentedRaftLogWorker.java:<init>(172)) - new ab15c39f-6391-49d0-b553-81943ab852f8@group-23171D9876D1-SegmentedRaftLogWorker for RaftStorage:Storage Directory /workdir/hadoop-ozone/integration-test/target/test-dir/MiniOzoneClusterImpl-87ec6964-4cbb-4ea4-8c8c-f74cd58bfd83/datanode-2/data/ratis/6e8fdb14-bf7b-43de-9f65-23171d9876d1
2019-09-25 03:45:11,425 [pool-52-thread-1] INFO  server.RaftServerConfigKeys (ConfUtils.java:logGet(43)) - raft.server.log.queue.byte-limit = 2147483647 (custom)
2019-09-25 03:45:11,426 [pool-52-thread-1] INFO  server.RaftServerConfigKeys (ConfUtils.java:logGet(43)) - raft.server.log.queue.element-limit = 1024 (custom)
2019-09-25 03:45:11,426 [pool-52-thread-1] INFO  server.RaftServerConfigKeys (ConfUtils.java:logGet(43)) - raft.server.log.segment.size.max = 1048576 (custom)
2019-09-25 03:45:11,426 [pool-52-thread-1] INFO  server.RaftServerConfigKeys (ConfUtils.java:logGet(43)) - raft.server.log.preallocated.size = 16384 (custom)
2019-09-25 03:45:11,426 [pool-52-thread-1] INFO  server.RaftServerConfigKeys (ConfUtils.java:logGet(43)) - raft.server.log.write.buffer.size = 33554432 (custom)
2019-09-25 03:45:11,426 [pool-52-thread-1] INFO  server.RaftServerConfigKeys (ConfUtils.java:logGet(43)) - raft.server.log.force.sync.num = 128 (default)
2019-09-25 03:45:11,426 [pool-52-thread-1] INFO  server.RaftServerConfigKeys (ConfUtils.java:logGet(43)) - raft.server.log.statemachine.data.sync = true (default)
2019-09-25 03:45:11,426 [pool-52-thread-1] INFO  server.RaftServerConfigKeys (ConfUtils.java:logGet(43)) - raft.server.log.statemachine.data.sync.timeout = 10s (default)
2019-09-25 03:45:11,427 [pool-52-thread-1] INFO  server.RaftServerConfigKeys (ConfUtils.java:logGet(43)) - raft.server.log.statemachine.data.sync.timeout.retry = -1 (default)
2019-09-25 03:45:11,427 [pool-52-thread-1] INFO  server.RaftServerConfigKeys (ConfUtils.java:logGet(43)) - raft.server.log.statemachine.data.caching.enabled = true (custom)
2019-09-25 03:45:11,427 [pool-52-thread-1] INFO  segmented.SegmentedRaftLogWorker (SegmentedRaftLogWorker.java:lambda$new$0(132)) - ab15c39f-6391-49d0-b553-81943ab852f8@group-23171D9876D1-SegmentedRaftLogWorker: flushIndex: setUnconditionally 0 -> -1
2019-09-25 03:45:11,428 [pool-52-thread-1] INFO  server.RaftServerConfigKeys (ConfUtils.java:logGet(43)) - raft.server.snapshot.auto.trigger.enabled = true (custom)
2019-09-25 03:45:11,428 [pool-52-thread-1] INFO  server.RaftServerConfigKeys (ConfUtils.java:logGet(43)) - raft.server.snapshot.auto.trigger.threshold = 10000 (custom)
2019-09-25 03:45:11,428 [pool-52-thread-1] INFO  server.RaftServerConfigKeys (ConfUtils.java:logGet(43)) - raft.server.snapshot.retention.num.files = 5 (custom)
2019-09-25 03:45:11,428 [pool-52-thread-1] INFO  server.RaftServerConfigKeys (ConfUtils.java:logGet(43)) - raft.server.retrycache.expirytime = 600000ms (custom)
2019-09-25 03:45:11,431 [pool-52-thread-1] INFO  impl.RaftServerImpl (RaftServerImpl.java:start(185)) - ab15c39f-6391-49d0-b553-81943ab852f8@group-23171D9876D1: start as a follower, conf=-1: [ab15c39f-6391-49d0-b553-81943ab852f8:192.168.151.106:41436], old=null
2019-09-25 03:45:11,431 [pool-52-thread-1] INFO  impl.RaftServerImpl (RaftServerImpl.java:setRole(174)) - ab15c39f-6391-49d0-b553-81943ab852f8@group-23171D9876D1: changes role from      null to FOLLOWER at term 0 for startAsFollower
2019-09-25 03:45:11,431 [pool-52-thread-1] INFO  impl.RoleInfo (RoleInfo.java:updateAndGet(143)) - ab15c39f-6391-49d0-b553-81943ab852f8: start FollowerState
2019-09-25 03:45:11,432 [pool-52-thread-1] INFO  util.JmxRegister (JmxRegister.java:tryRegister(44)) - Successfully registered JMX Bean with object name Ratis:service=RaftServer,group=group-23171D9876D1,id=ab15c39f-6391-49d0-b553-81943ab852f8
2019-09-25 03:45:11,442 [RatisPipelineUtilsThread] INFO  pipeline.PipelineStateManager (PipelineStateManager.java:addPipeline(56)) - Created pipeline Pipeline[ Id: 6e8fdb14-bf7b-43de-9f65-23171d9876d1, Nodes: ab15c39f-6391-49d0-b553-81943ab852f8{ip: 192.168.151.106, host: pr-hdds-1569-x2sr2-3486766547, networkLocation: /rack1, certSerialId: null}, Type:RATIS, Factor:ONE, State:OPEN]
2019-09-25 03:45:11,454 [grpc-default-executor-0] INFO  impl.RaftServerProxy (RaftServerProxy.java:addNew(89)) - d82d563c-708d-4b1b-bd19-b9ed0ca17f6c: addNew group-06801551BA31:[d82d563c-708d-4b1b-bd19-b9ed0ca17f6c:192.168.151.106:45085] returns group-06801551BA31:java.util.concurrent.CompletableFuture@42a173ea[Not completed]
2019-09-25 03:45:11,455 [pool-32-thread-1] INFO  impl.RaftServerImpl (RaftServerImpl.java:<init>(95)) - d82d563c-708d-4b1b-bd19-b9ed0ca17f6c: new RaftServerImpl for group-06801551BA31:[d82d563c-708d-4b1b-bd19-b9ed0ca17f6c:192.168.151.106:45085] with ContainerStateMachine:uninitialized
2019-09-25 03:45:11,455 [pool-32-thread-1] INFO  server.RaftServerConfigKeys (ConfUtils.java:logGet(43)) - raft.server.rpc.timeout.min = 5s (custom)
2019-09-25 03:45:11,456 [pool-32-thread-1] INFO  server.RaftServerConfigKeys (ConfUtils.java:logGet(43)) - raft.server.rpc.timeout.max = 5200ms (custom)
2019-09-25 03:45:11,456 [pool-32-thread-1] INFO  server.RaftServerConfigKeys (ConfUtils.java:logGet(43)) - raft.server.rpcslowness.timeout = 120s (custom)
2019-09-25 03:45:11,456 [pool-32-thread-1] INFO  server.RaftServerConfigKeys (ConfUtils.java:logGet(43)) - raft.server.sleep.deviation.threshold = 300 (default)
2019-09-25 03:45:11,456 [pool-32-thread-1] INFO  server.RaftServerConfigKeys (ConfUtils.java:logGet(43)) - raft.server.log.appender.install.snapshot.enabled = false (custom)
2019-09-25 03:45:11,456 [pool-32-thread-1] INFO  impl.RaftServerImpl (ServerState.java:<init>(103)) - d82d563c-708d-4b1b-bd19-b9ed0ca17f6c@group-06801551BA31: ConfigurationManager, init=-1: [d82d563c-708d-4b1b-bd19-b9ed0ca17f6c:192.168.151.106:45085], old=null, confs=<EMPTY_MAP>
2019-09-25 03:45:11,456 [pool-32-thread-1] INFO  server.RaftServerConfigKeys (ConfUtils.java:logGet(43)) - raft.server.storage.dir = [/workdir/hadoop-ozone/integration-test/target/test-dir/MiniOzoneClusterImpl-87ec6964-4cbb-4ea4-8c8c-f74cd58bfd83/datanode-0/data/ratis] (custom)
2019-09-25 03:45:11,457 [pool-32-thread-1] INFO  storage.RaftStorageDirectory (RaftStorageDirectory.java:analyzeStorage(246)) - The storage directory /workdir/hadoop-ozone/integration-test/target/test-dir/MiniOzoneClusterImpl-87ec6964-4cbb-4ea4-8c8c-f74cd58bfd83/datanode-0/data/ratis/7432ce9f-a46e-474a-a712-06801551ba31 does not exist. Creating ...
2019-09-25 03:45:11,469 [pool-32-thread-1] INFO  storage.RaftStorageDirectory (RaftStorageDirectory.java:tryLock(328)) - Lock on /workdir/hadoop-ozone/integration-test/target/test-dir/MiniOzoneClusterImpl-87ec6964-4cbb-4ea4-8c8c-f74cd58bfd83/datanode-0/data/ratis/7432ce9f-a46e-474a-a712-06801551ba31/in_use.lock acquired by nodename 13655@pr-hdds-1569-x2sr2-3486766547
2019-09-25 03:45:11,482 [pool-32-thread-1] INFO  storage.RaftStorage (RaftStorage.java:format(72)) - Storage directory /workdir/hadoop-ozone/integration-test/target/test-dir/MiniOzoneClusterImpl-87ec6964-4cbb-4ea4-8c8c-f74cd58bfd83/datanode-0/data/ratis/7432ce9f-a46e-474a-a712-06801551ba31 has been successfully formatted.
2019-09-25 03:45:11,482 [pool-32-thread-1] INFO  ratis.ContainerStateMachine (ContainerStateMachine.java:loadSnapshot(230)) - group-06801551BA31: The snapshot info is null. Setting the last applied indexto:(t:0, i:~)
2019-09-25 03:45:11,482 [pool-32-thread-1] INFO  server.RaftServerConfigKeys (ConfUtils.java:logGet(43)) - raft.server.notification.no-leader.timeout = 120s (custom)
2019-09-25 03:45:11,482 [pool-32-thread-1] INFO  server.RaftServerConfigKeys (ConfUtils.java:logGet(43)) - raft.server.log.use.memory = false (default)
2019-09-25 03:45:11,483 [pool-32-thread-1] INFO  server.RaftServerConfigKeys (ConfUtils.java:logGet(43)) - raft.server.log.purge.gap = 1000000 (custom)
2019-09-25 03:45:11,483 [pool-32-thread-1] INFO  server.RaftServerConfigKeys (ConfUtils.java:logGet(43)) - raft.server.log.appender.buffer.byte-limit = 33554432 (custom)
2019-09-25 03:45:11,483 [pool-32-thread-1] INFO  server.RaftServerConfigKeys (ConfUtils.java:logGet(43)) - raft.server.log.segment.size.max = 1048576 (custom)
2019-09-25 03:45:11,483 [pool-32-thread-1] INFO  server.RaftServerConfigKeys (ConfUtils.java:logGet(43)) - raft.server.log.segment.cache.num.max = 2 (custom)
2019-09-25 03:45:11,483 [pool-32-thread-1] INFO  segmented.SegmentedRaftLogWorker (SegmentedRaftLogWorker.java:<init>(172)) - new d82d563c-708d-4b1b-bd19-b9ed0ca17f6c@group-06801551BA31-SegmentedRaftLogWorker for RaftStorage:Storage Directory /workdir/hadoop-ozone/integration-test/target/test-dir/MiniOzoneClusterImpl-87ec6964-4cbb-4ea4-8c8c-f74cd58bfd83/datanode-0/data/ratis/7432ce9f-a46e-474a-a712-06801551ba31
2019-09-25 03:45:11,483 [pool-32-thread-1] INFO  server.RaftServerConfigKeys (ConfUtils.java:logGet(43)) - raft.server.log.queue.byte-limit = 2147483647 (custom)
2019-09-25 03:45:11,483 [pool-32-thread-1] INFO  server.RaftServerConfigKeys (ConfUtils.java:logGet(43)) - raft.server.log.queue.element-limit = 1024 (custom)
2019-09-25 03:45:11,484 [pool-32-thread-1] INFO  server.RaftServerConfigKeys (ConfUtils.java:logGet(43)) - raft.server.log.segment.size.max = 1048576 (custom)
2019-09-25 03:45:11,484 [pool-32-thread-1] INFO  server.RaftServerConfigKeys (ConfUtils.java:logGet(43)) - raft.server.log.preallocated.size = 16384 (custom)
2019-09-25 03:45:11,484 [pool-32-thread-1] INFO  server.RaftServerConfigKeys (ConfUtils.java:logGet(43)) - raft.server.log.write.buffer.size = 33554432 (custom)
2019-09-25 03:45:11,484 [pool-32-thread-1] INFO  server.RaftServerConfigKeys (ConfUtils.java:logGet(43)) - raft.server.log.force.sync.num = 128 (default)
2019-09-25 03:45:11,484 [pool-32-thread-1] INFO  server.RaftServerConfigKeys (ConfUtils.java:logGet(43)) - raft.server.log.statemachine.data.sync = true (default)
2019-09-25 03:45:11,484 [pool-32-thread-1] INFO  server.RaftServerConfigKeys (ConfUtils.java:logGet(43)) - raft.server.log.statemachine.data.sync.timeout = 10s (default)
2019-09-25 03:45:11,484 [pool-32-thread-1] INFO  server.RaftServerConfigKeys (ConfUtils.java:logGet(43)) - raft.server.log.statemachine.data.sync.timeout.retry = -1 (default)
2019-09-25 03:45:11,485 [pool-32-thread-1] INFO  server.RaftServerConfigKeys (ConfUtils.java:logGet(43)) - raft.server.log.statemachine.data.caching.enabled = true (custom)
2019-09-25 03:45:11,485 [pool-32-thread-1] INFO  segmented.SegmentedRaftLogWorker (SegmentedRaftLogWorker.java:lambda$new$0(132)) - d82d563c-708d-4b1b-bd19-b9ed0ca17f6c@group-06801551BA31-SegmentedRaftLogWorker: flushIndex: setUnconditionally 0 -> -1
2019-09-25 03:45:11,485 [pool-32-thread-1] INFO  server.RaftServerConfigKeys (ConfUtils.java:logGet(43)) - raft.server.snapshot.auto.trigger.enabled = true (custom)
2019-09-25 03:45:11,485 [pool-32-thread-1] INFO  server.RaftServerConfigKeys (ConfUtils.java:logGet(43)) - raft.server.snapshot.auto.trigger.threshold = 10000 (custom)
2019-09-25 03:45:11,485 [pool-32-thread-1] INFO  server.RaftServerConfigKeys (ConfUtils.java:logGet(43)) - raft.server.snapshot.retention.num.files = 5 (custom)
2019-09-25 03:45:11,486 [pool-32-thread-1] INFO  server.RaftServerConfigKeys (ConfUtils.java:logGet(43)) - raft.server.retrycache.expirytime = 600000ms (custom)
2019-09-25 03:45:11,488 [pool-32-thread-1] INFO  impl.RaftServerImpl (RaftServerImpl.java:start(185)) - d82d563c-708d-4b1b-bd19-b9ed0ca17f6c@group-06801551BA31: start as a follower, conf=-1: [d82d563c-708d-4b1b-bd19-b9ed0ca17f6c:192.168.151.106:45085], old=null
2019-09-25 03:45:11,488 [pool-32-thread-1] INFO  impl.RaftServerImpl (RaftServerImpl.java:setRole(174)) - d82d563c-708d-4b1b-bd19-b9ed0ca17f6c@group-06801551BA31: changes role from      null to FOLLOWER at term 0 for startAsFollower
2019-09-25 03:45:11,488 [pool-32-thread-1] INFO  impl.RoleInfo (RoleInfo.java:updateAndGet(143)) - d82d563c-708d-4b1b-bd19-b9ed0ca17f6c: start FollowerState
2019-09-25 03:45:11,489 [pool-32-thread-1] INFO  util.JmxRegister (JmxRegister.java:tryRegister(44)) - Successfully registered JMX Bean with object name Ratis:service=RaftServer,group=group-06801551BA31,id=d82d563c-708d-4b1b-bd19-b9ed0ca17f6c
2019-09-25 03:45:11,498 [RatisPipelineUtilsThread] INFO  pipeline.PipelineStateManager (PipelineStateManager.java:addPipeline(56)) - Created pipeline Pipeline[ Id: 7432ce9f-a46e-474a-a712-06801551ba31, Nodes: d82d563c-708d-4b1b-bd19-b9ed0ca17f6c{ip: 192.168.151.106, host: pr-hdds-1569-x2sr2-3486766547, networkLocation: /rack1, certSerialId: null}, Type:RATIS, Factor:ONE, State:OPEN]
2019-09-25 03:45:11,499 [RatisPipelineUtilsThread] INFO  pipeline.PipelinePlacementPolicy (PipelinePlacementPolicy.java:meetCriteria(91)) - Pipeline Placement: can't place more pipeline on heavy datanode： d82d563c-708d-4b1b-bd19-b9ed0ca17f6c Heaviness: 6 limit: 5
2019-09-25 03:45:11,512 [grpc-default-executor-0] INFO  impl.RaftServerProxy (RaftServerProxy.java:addNew(89)) - 0d193d2d-ce27-4ace-8d68-2a8197cbc29b: addNew group-10C8EF7CB393:[0d193d2d-ce27-4ace-8d68-2a8197cbc29b:192.168.151.106:44030] returns group-10C8EF7CB393:java.util.concurrent.CompletableFuture@f6166a7[Not completed]
2019-09-25 03:45:11,513 [pool-62-thread-1] INFO  impl.RaftServerImpl (RaftServerImpl.java:<init>(95)) - 0d193d2d-ce27-4ace-8d68-2a8197cbc29b: new RaftServerImpl for group-10C8EF7CB393:[0d193d2d-ce27-4ace-8d68-2a8197cbc29b:192.168.151.106:44030] with ContainerStateMachine:uninitialized
2019-09-25 03:45:11,513 [pool-62-thread-1] INFO  server.RaftServerConfigKeys (ConfUtils.java:logGet(43)) - raft.server.rpc.timeout.min = 5s (custom)
2019-09-25 03:45:11,513 [pool-62-thread-1] INFO  server.RaftServerConfigKeys (ConfUtils.java:logGet(43)) - raft.server.rpc.timeout.max = 5200ms (custom)
2019-09-25 03:45:11,514 [pool-62-thread-1] INFO  server.RaftServerConfigKeys (ConfUtils.java:logGet(43)) - raft.server.rpcslowness.timeout = 120s (custom)
2019-09-25 03:45:11,514 [pool-62-thread-1] INFO  server.RaftServerConfigKeys (ConfUtils.java:logGet(43)) - raft.server.sleep.deviation.threshold = 300 (default)
2019-09-25 03:45:11,514 [pool-62-thread-1] INFO  server.RaftServerConfigKeys (ConfUtils.java:logGet(43)) - raft.server.log.appender.install.snapshot.enabled = false (custom)
2019-09-25 03:45:11,514 [pool-62-thread-1] INFO  impl.RaftServerImpl (ServerState.java:<init>(103)) - 0d193d2d-ce27-4ace-8d68-2a8197cbc29b@group-10C8EF7CB393: ConfigurationManager, init=-1: [0d193d2d-ce27-4ace-8d68-2a8197cbc29b:192.168.151.106:44030], old=null, confs=<EMPTY_MAP>
2019-09-25 03:45:11,514 [pool-62-thread-1] INFO  server.RaftServerConfigKeys (ConfUtils.java:logGet(43)) - raft.server.storage.dir = [/workdir/hadoop-ozone/integration-test/target/test-dir/MiniOzoneClusterImpl-87ec6964-4cbb-4ea4-8c8c-f74cd58bfd83/datanode-3/data/ratis] (custom)
2019-09-25 03:45:11,514 [pool-62-thread-1] INFO  storage.RaftStorageDirectory (RaftStorageDirectory.java:analyzeStorage(246)) - The storage directory /workdir/hadoop-ozone/integration-test/target/test-dir/MiniOzoneClusterImpl-87ec6964-4cbb-4ea4-8c8c-f74cd58bfd83/datanode-3/data/ratis/9db93d30-b33c-4e88-8912-10c8ef7cb393 does not exist. Creating ...
2019-09-25 03:45:11,528 [pool-62-thread-1] INFO  storage.RaftStorageDirectory (RaftStorageDirectory.java:tryLock(328)) - Lock on /workdir/hadoop-ozone/integration-test/target/test-dir/MiniOzoneClusterImpl-87ec6964-4cbb-4ea4-8c8c-f74cd58bfd83/datanode-3/data/ratis/9db93d30-b33c-4e88-8912-10c8ef7cb393/in_use.lock acquired by nodename 13655@pr-hdds-1569-x2sr2-3486766547
2019-09-25 03:45:11,541 [pool-62-thread-1] INFO  storage.RaftStorage (RaftStorage.java:format(72)) - Storage directory /workdir/hadoop-ozone/integration-test/target/test-dir/MiniOzoneClusterImpl-87ec6964-4cbb-4ea4-8c8c-f74cd58bfd83/datanode-3/data/ratis/9db93d30-b33c-4e88-8912-10c8ef7cb393 has been successfully formatted.
2019-09-25 03:45:11,541 [pool-62-thread-1] INFO  ratis.ContainerStateMachine (ContainerStateMachine.java:loadSnapshot(230)) - group-10C8EF7CB393: The snapshot info is null. Setting the last applied indexto:(t:0, i:~)
2019-09-25 03:45:11,541 [pool-62-thread-1] INFO  server.RaftServerConfigKeys (ConfUtils.java:logGet(43)) - raft.server.notification.no-leader.timeout = 120s (custom)
2019-09-25 03:45:11,541 [pool-62-thread-1] INFO  server.RaftServerConfigKeys (ConfUtils.java:logGet(43)) - raft.server.log.use.memory = false (default)
2019-09-25 03:45:11,542 [pool-62-thread-1] INFO  server.RaftServerConfigKeys (ConfUtils.java:logGet(43)) - raft.server.log.purge.gap = 1000000 (custom)
2019-09-25 03:45:11,542 [pool-62-thread-1] INFO  server.RaftServerConfigKeys (ConfUtils.java:logGet(43)) - raft.server.log.appender.buffer.byte-limit = 33554432 (custom)
2019-09-25 03:45:11,542 [pool-62-thread-1] INFO  server.RaftServerConfigKeys (ConfUtils.java:logGet(43)) - raft.server.log.segment.size.max = 1048576 (custom)
2019-09-25 03:45:11,542 [pool-62-thread-1] INFO  server.RaftServerConfigKeys (ConfUtils.java:logGet(43)) - raft.server.log.segment.cache.num.max = 2 (custom)
2019-09-25 03:45:11,542 [pool-62-thread-1] INFO  segmented.SegmentedRaftLogWorker (SegmentedRaftLogWorker.java:<init>(172)) - new 0d193d2d-ce27-4ace-8d68-2a8197cbc29b@group-10C8EF7CB393-SegmentedRaftLogWorker for RaftStorage:Storage Directory /workdir/hadoop-ozone/integration-test/target/test-dir/MiniOzoneClusterImpl-87ec6964-4cbb-4ea4-8c8c-f74cd58bfd83/datanode-3/data/ratis/9db93d30-b33c-4e88-8912-10c8ef7cb393
2019-09-25 03:45:11,542 [pool-62-thread-1] INFO  server.RaftServerConfigKeys (ConfUtils.java:logGet(43)) - raft.server.log.queue.byte-limit = 2147483647 (custom)
2019-09-25 03:45:11,542 [pool-62-thread-1] INFO  server.RaftServerConfigKeys (ConfUtils.java:logGet(43)) - raft.server.log.queue.element-limit = 1024 (custom)
2019-09-25 03:45:11,542 [pool-62-thread-1] INFO  server.RaftServerConfigKeys (ConfUtils.java:logGet(43)) - raft.server.log.segment.size.max = 1048576 (custom)
2019-09-25 03:45:11,542 [pool-62-thread-1] INFO  server.RaftServerConfigKeys (ConfUtils.java:logGet(43)) - raft.server.log.preallocated.size = 16384 (custom)
2019-09-25 03:45:11,543 [pool-62-thread-1] INFO  server.RaftServerConfigKeys (ConfUtils.java:logGet(43)) - raft.server.log.write.buffer.size = 33554432 (custom)
2019-09-25 03:45:11,543 [pool-62-thread-1] INFO  server.RaftServerConfigKeys (ConfUtils.java:logGet(43)) - raft.server.log.force.sync.num = 128 (default)
2019-09-25 03:45:11,543 [pool-62-thread-1] INFO  server.RaftServerConfigKeys (ConfUtils.java:logGet(43)) - raft.server.log.statemachine.data.sync = true (default)
2019-09-25 03:45:11,543 [pool-62-thread-1] INFO  server.RaftServerConfigKeys (ConfUtils.java:logGet(43)) - raft.server.log.statemachine.data.sync.timeout = 10s (default)
2019-09-25 03:45:11,543 [pool-62-thread-1] INFO  server.RaftServerConfigKeys (ConfUtils.java:logGet(43)) - raft.server.log.statemachine.data.sync.timeout.retry = -1 (default)
2019-09-25 03:45:11,543 [pool-62-thread-1] INFO  server.RaftServerConfigKeys (ConfUtils.java:logGet(43)) - raft.server.log.statemachine.data.caching.enabled = true (custom)
2019-09-25 03:45:11,544 [pool-62-thread-1] INFO  segmented.SegmentedRaftLogWorker (SegmentedRaftLogWorker.java:lambda$new$0(132)) - 0d193d2d-ce27-4ace-8d68-2a8197cbc29b@group-10C8EF7CB393-SegmentedRaftLogWorker: flushIndex: setUnconditionally 0 -> -1
2019-09-25 03:45:11,544 [pool-62-thread-1] INFO  server.RaftServerConfigKeys (ConfUtils.java:logGet(43)) - raft.server.snapshot.auto.trigger.enabled = true (custom)
2019-09-25 03:45:11,544 [pool-62-thread-1] INFO  server.RaftServerConfigKeys (ConfUtils.java:logGet(43)) - raft.server.snapshot.auto.trigger.threshold = 10000 (custom)
2019-09-25 03:45:11,544 [pool-62-thread-1] INFO  server.RaftServerConfigKeys (ConfUtils.java:logGet(43)) - raft.server.snapshot.retention.num.files = 5 (custom)
2019-09-25 03:45:11,544 [pool-62-thread-1] INFO  server.RaftServerConfigKeys (ConfUtils.java:logGet(43)) - raft.server.retrycache.expirytime = 600000ms (custom)
2019-09-25 03:45:11,547 [pool-62-thread-1] INFO  impl.RaftServerImpl (RaftServerImpl.java:start(185)) - 0d193d2d-ce27-4ace-8d68-2a8197cbc29b@group-10C8EF7CB393: start as a follower, conf=-1: [0d193d2d-ce27-4ace-8d68-2a8197cbc29b:192.168.151.106:44030], old=null
2019-09-25 03:45:11,547 [pool-62-thread-1] INFO  impl.RaftServerImpl (RaftServerImpl.java:setRole(174)) - 0d193d2d-ce27-4ace-8d68-2a8197cbc29b@group-10C8EF7CB393: changes role from      null to FOLLOWER at term 0 for startAsFollower
2019-09-25 03:45:11,547 [pool-62-thread-1] INFO  impl.RoleInfo (RoleInfo.java:updateAndGet(143)) - 0d193d2d-ce27-4ace-8d68-2a8197cbc29b: start FollowerState
2019-09-25 03:45:11,547 [pool-62-thread-1] INFO  util.JmxRegister (JmxRegister.java:tryRegister(44)) - Successfully registered JMX Bean with object name Ratis:service=RaftServer,group=group-10C8EF7CB393,id=0d193d2d-ce27-4ace-8d68-2a8197cbc29b
2019-09-25 03:45:11,556 [RatisPipelineUtilsThread] INFO  pipeline.PipelineStateManager (PipelineStateManager.java:addPipeline(56)) - Created pipeline Pipeline[ Id: 9db93d30-b33c-4e88-8912-10c8ef7cb393, Nodes: 0d193d2d-ce27-4ace-8d68-2a8197cbc29b{ip: 192.168.151.106, host: pr-hdds-1569-x2sr2-3486766547, networkLocation: /rack1, certSerialId: null}, Type:RATIS, Factor:ONE, State:OPEN]
2019-09-25 03:45:11,556 [RatisPipelineUtilsThread] INFO  pipeline.PipelinePlacementPolicy (PipelinePlacementPolicy.java:meetCriteria(91)) - Pipeline Placement: can't place more pipeline on heavy datanode： d82d563c-708d-4b1b-bd19-b9ed0ca17f6c Heaviness: 6 limit: 5
2019-09-25 03:45:11,570 [grpc-default-executor-0] INFO  impl.RaftServerProxy (RaftServerProxy.java:addNew(89)) - d3b65c3f-c5b1-41a6-92a2-58f72c630ad9: addNew group-96D58A105D7D:[d3b65c3f-c5b1-41a6-92a2-58f72c630ad9:192.168.151.106:39450] returns group-96D58A105D7D:java.util.concurrent.CompletableFuture@534aabc2[Not completed]
2019-09-25 03:45:11,572 [pool-42-thread-1] INFO  impl.RaftServerImpl (RaftServerImpl.java:<init>(95)) - d3b65c3f-c5b1-41a6-92a2-58f72c630ad9: new RaftServerImpl for group-96D58A105D7D:[d3b65c3f-c5b1-41a6-92a2-58f72c630ad9:192.168.151.106:39450] with ContainerStateMachine:uninitialized
2019-09-25 03:45:11,573 [pool-42-thread-1] INFO  server.RaftServerConfigKeys (ConfUtils.java:logGet(43)) - raft.server.rpc.timeout.min = 5s (custom)
2019-09-25 03:45:11,573 [pool-42-thread-1] INFO  server.RaftServerConfigKeys (ConfUtils.java:logGet(43)) - raft.server.rpc.timeout.max = 5200ms (custom)
2019-09-25 03:45:11,573 [pool-42-thread-1] INFO  server.RaftServerConfigKeys (ConfUtils.java:logGet(43)) - raft.server.rpcslowness.timeout = 120s (custom)
2019-09-25 03:45:11,573 [pool-42-thread-1] INFO  server.RaftServerConfigKeys (ConfUtils.java:logGet(43)) - raft.server.sleep.deviation.threshold = 300 (default)
2019-09-25 03:45:11,573 [pool-42-thread-1] INFO  server.RaftServerConfigKeys (ConfUtils.java:logGet(43)) - raft.server.log.appender.install.snapshot.enabled = false (custom)
2019-09-25 03:45:11,573 [pool-42-thread-1] INFO  impl.RaftServerImpl (ServerState.java:<init>(103)) - d3b65c3f-c5b1-41a6-92a2-58f72c630ad9@group-96D58A105D7D: ConfigurationManager, init=-1: [d3b65c3f-c5b1-41a6-92a2-58f72c630ad9:192.168.151.106:39450], old=null, confs=<EMPTY_MAP>
2019-09-25 03:45:11,574 [pool-42-thread-1] INFO  server.RaftServerConfigKeys (ConfUtils.java:logGet(43)) - raft.server.storage.dir = [/workdir/hadoop-ozone/integration-test/target/test-dir/MiniOzoneClusterImpl-87ec6964-4cbb-4ea4-8c8c-f74cd58bfd83/datanode-1/data/ratis] (custom)
2019-09-25 03:45:11,574 [pool-42-thread-1] INFO  storage.RaftStorageDirectory (RaftStorageDirectory.java:analyzeStorage(246)) - The storage directory /workdir/hadoop-ozone/integration-test/target/test-dir/MiniOzoneClusterImpl-87ec6964-4cbb-4ea4-8c8c-f74cd58bfd83/datanode-1/data/ratis/b22368db-ee1a-40b8-9d11-96d58a105d7d does not exist. Creating ...
2019-09-25 03:45:11,597 [pool-42-thread-1] INFO  storage.RaftStorageDirectory (RaftStorageDirectory.java:tryLock(328)) - Lock on /workdir/hadoop-ozone/integration-test/target/test-dir/MiniOzoneClusterImpl-87ec6964-4cbb-4ea4-8c8c-f74cd58bfd83/datanode-1/data/ratis/b22368db-ee1a-40b8-9d11-96d58a105d7d/in_use.lock acquired by nodename 13655@pr-hdds-1569-x2sr2-3486766547
2019-09-25 03:45:11,622 [pool-42-thread-1] INFO  storage.RaftStorage (RaftStorage.java:format(72)) - Storage directory /workdir/hadoop-ozone/integration-test/target/test-dir/MiniOzoneClusterImpl-87ec6964-4cbb-4ea4-8c8c-f74cd58bfd83/datanode-1/data/ratis/b22368db-ee1a-40b8-9d11-96d58a105d7d has been successfully formatted.
2019-09-25 03:45:11,622 [pool-42-thread-1] INFO  ratis.ContainerStateMachine (ContainerStateMachine.java:loadSnapshot(230)) - group-96D58A105D7D: The snapshot info is null. Setting the last applied indexto:(t:0, i:~)
2019-09-25 03:45:11,623 [pool-42-thread-1] INFO  server.RaftServerConfigKeys (ConfUtils.java:logGet(43)) - raft.server.notification.no-leader.timeout = 120s (custom)
2019-09-25 03:45:11,623 [pool-42-thread-1] INFO  server.RaftServerConfigKeys (ConfUtils.java:logGet(43)) - raft.server.log.use.memory = false (default)
2019-09-25 03:45:11,623 [pool-42-thread-1] INFO  server.RaftServerConfigKeys (ConfUtils.java:logGet(43)) - raft.server.log.purge.gap = 1000000 (custom)
2019-09-25 03:45:11,623 [pool-42-thread-1] INFO  server.RaftServerConfigKeys (ConfUtils.java:logGet(43)) - raft.server.log.appender.buffer.byte-limit = 33554432 (custom)
2019-09-25 03:45:11,623 [pool-42-thread-1] INFO  server.RaftServerConfigKeys (ConfUtils.java:logGet(43)) - raft.server.log.segment.size.max = 1048576 (custom)
2019-09-25 03:45:11,624 [pool-42-thread-1] INFO  server.RaftServerConfigKeys (ConfUtils.java:logGet(43)) - raft.server.log.segment.cache.num.max = 2 (custom)
2019-09-25 03:45:11,624 [pool-42-thread-1] INFO  segmented.SegmentedRaftLogWorker (SegmentedRaftLogWorker.java:<init>(172)) - new d3b65c3f-c5b1-41a6-92a2-58f72c630ad9@group-96D58A105D7D-SegmentedRaftLogWorker for RaftStorage:Storage Directory /workdir/hadoop-ozone/integration-test/target/test-dir/MiniOzoneClusterImpl-87ec6964-4cbb-4ea4-8c8c-f74cd58bfd83/datanode-1/data/ratis/b22368db-ee1a-40b8-9d11-96d58a105d7d
2019-09-25 03:45:11,624 [pool-42-thread-1] INFO  server.RaftServerConfigKeys (ConfUtils.java:logGet(43)) - raft.server.log.queue.byte-limit = 2147483647 (custom)
2019-09-25 03:45:11,624 [pool-42-thread-1] INFO  server.RaftServerConfigKeys (ConfUtils.java:logGet(43)) - raft.server.log.queue.element-limit = 1024 (custom)
2019-09-25 03:45:11,624 [pool-42-thread-1] INFO  server.RaftServerConfigKeys (ConfUtils.java:logGet(43)) - raft.server.log.segment.size.max = 1048576 (custom)
2019-09-25 03:45:11,624 [pool-42-thread-1] INFO  server.RaftServerConfigKeys (ConfUtils.java:logGet(43)) - raft.server.log.preallocated.size = 16384 (custom)
2019-09-25 03:45:11,625 [pool-42-thread-1] INFO  server.RaftServerConfigKeys (ConfUtils.java:logGet(43)) - raft.server.log.write.buffer.size = 33554432 (custom)
2019-09-25 03:45:11,625 [pool-42-thread-1] INFO  server.RaftServerConfigKeys (ConfUtils.java:logGet(43)) - raft.server.log.force.sync.num = 128 (default)
2019-09-25 03:45:11,625 [pool-42-thread-1] INFO  server.RaftServerConfigKeys (ConfUtils.java:logGet(43)) - raft.server.log.statemachine.data.sync = true (default)
2019-09-25 03:45:11,625 [pool-42-thread-1] INFO  server.RaftServerConfigKeys (ConfUtils.java:logGet(43)) - raft.server.log.statemachine.data.sync.timeout = 10s (default)
2019-09-25 03:45:11,625 [pool-42-thread-1] INFO  server.RaftServerConfigKeys (ConfUtils.java:logGet(43)) - raft.server.log.statemachine.data.sync.timeout.retry = -1 (default)
2019-09-25 03:45:11,627 [pool-42-thread-1] INFO  server.RaftServerConfigKeys (ConfUtils.java:logGet(43)) - raft.server.log.statemachine.data.caching.enabled = true (custom)
2019-09-25 03:45:11,627 [pool-42-thread-1] INFO  segmented.SegmentedRaftLogWorker (SegmentedRaftLogWorker.java:lambda$new$0(132)) - d3b65c3f-c5b1-41a6-92a2-58f72c630ad9@group-96D58A105D7D-SegmentedRaftLogWorker: flushIndex: setUnconditionally 0 -> -1
2019-09-25 03:45:11,628 [pool-42-thread-1] INFO  server.RaftServerConfigKeys (ConfUtils.java:logGet(43)) - raft.server.snapshot.auto.trigger.enabled = true (custom)
2019-09-25 03:45:11,628 [pool-42-thread-1] INFO  server.RaftServerConfigKeys (ConfUtils.java:logGet(43)) - raft.server.snapshot.auto.trigger.threshold = 10000 (custom)
2019-09-25 03:45:11,628 [pool-42-thread-1] INFO  server.RaftServerConfigKeys (ConfUtils.java:logGet(43)) - raft.server.snapshot.retention.num.files = 5 (custom)
2019-09-25 03:45:11,628 [pool-42-thread-1] INFO  server.RaftServerConfigKeys (ConfUtils.java:logGet(43)) - raft.server.retrycache.expirytime = 600000ms (custom)
2019-09-25 03:45:11,631 [pool-42-thread-1] INFO  impl.RaftServerImpl (RaftServerImpl.java:start(185)) - d3b65c3f-c5b1-41a6-92a2-58f72c630ad9@group-96D58A105D7D: start as a follower, conf=-1: [d3b65c3f-c5b1-41a6-92a2-58f72c630ad9:192.168.151.106:39450], old=null
2019-09-25 03:45:11,631 [pool-42-thread-1] INFO  impl.RaftServerImpl (RaftServerImpl.java:setRole(174)) - d3b65c3f-c5b1-41a6-92a2-58f72c630ad9@group-96D58A105D7D: changes role from      null to FOLLOWER at term 0 for startAsFollower
2019-09-25 03:45:11,631 [pool-42-thread-1] INFO  impl.RoleInfo (RoleInfo.java:updateAndGet(143)) - d3b65c3f-c5b1-41a6-92a2-58f72c630ad9: start FollowerState
2019-09-25 03:45:11,632 [pool-42-thread-1] INFO  util.JmxRegister (JmxRegister.java:tryRegister(44)) - Successfully registered JMX Bean with object name Ratis:service=RaftServer,group=group-96D58A105D7D,id=d3b65c3f-c5b1-41a6-92a2-58f72c630ad9
2019-09-25 03:45:11,641 [RatisPipelineUtilsThread] INFO  pipeline.PipelineStateManager (PipelineStateManager.java:addPipeline(56)) - Created pipeline Pipeline[ Id: b22368db-ee1a-40b8-9d11-96d58a105d7d, Nodes: d3b65c3f-c5b1-41a6-92a2-58f72c630ad9{ip: 192.168.151.106, host: pr-hdds-1569-x2sr2-3486766547, networkLocation: /rack1, certSerialId: null}, Type:RATIS, Factor:ONE, State:OPEN]
2019-09-25 03:45:11,642 [RatisPipelineUtilsThread] INFO  pipeline.PipelinePlacementPolicy (PipelinePlacementPolicy.java:meetCriteria(91)) - Pipeline Placement: can't place more pipeline on heavy datanode： d82d563c-708d-4b1b-bd19-b9ed0ca17f6c Heaviness: 6 limit: 5
2019-09-25 03:45:11,662 [grpc-default-executor-0] INFO  impl.RaftServerProxy (RaftServerProxy.java:addNew(89)) - ab15c39f-6391-49d0-b553-81943ab852f8: addNew group-A1928F6A6EE1:[ab15c39f-6391-49d0-b553-81943ab852f8:192.168.151.106:41436] returns group-A1928F6A6EE1:java.util.concurrent.CompletableFuture@2023100[Not completed]
2019-09-25 03:45:11,664 [pool-52-thread-1] INFO  impl.RaftServerImpl (RaftServerImpl.java:<init>(95)) - ab15c39f-6391-49d0-b553-81943ab852f8: new RaftServerImpl for group-A1928F6A6EE1:[ab15c39f-6391-49d0-b553-81943ab852f8:192.168.151.106:41436] with ContainerStateMachine:uninitialized
2019-09-25 03:45:11,664 [pool-52-thread-1] INFO  server.RaftServerConfigKeys (ConfUtils.java:logGet(43)) - raft.server.rpc.timeout.min = 5s (custom)
2019-09-25 03:45:11,664 [pool-52-thread-1] INFO  server.RaftServerConfigKeys (ConfUtils.java:logGet(43)) - raft.server.rpc.timeout.max = 5200ms (custom)
2019-09-25 03:45:11,665 [pool-52-thread-1] INFO  server.RaftServerConfigKeys (ConfUtils.java:logGet(43)) - raft.server.rpcslowness.timeout = 120s (custom)
2019-09-25 03:45:11,665 [pool-52-thread-1] INFO  server.RaftServerConfigKeys (ConfUtils.java:logGet(43)) - raft.server.sleep.deviation.threshold = 300 (default)
2019-09-25 03:45:11,665 [pool-52-thread-1] INFO  server.RaftServerConfigKeys (ConfUtils.java:logGet(43)) - raft.server.log.appender.install.snapshot.enabled = false (custom)
2019-09-25 03:45:11,665 [pool-52-thread-1] INFO  impl.RaftServerImpl (ServerState.java:<init>(103)) - ab15c39f-6391-49d0-b553-81943ab852f8@group-A1928F6A6EE1: ConfigurationManager, init=-1: [ab15c39f-6391-49d0-b553-81943ab852f8:192.168.151.106:41436], old=null, confs=<EMPTY_MAP>
2019-09-25 03:45:11,665 [pool-52-thread-1] INFO  server.RaftServerConfigKeys (ConfUtils.java:logGet(43)) - raft.server.storage.dir = [/workdir/hadoop-ozone/integration-test/target/test-dir/MiniOzoneClusterImpl-87ec6964-4cbb-4ea4-8c8c-f74cd58bfd83/datanode-2/data/ratis] (custom)
2019-09-25 03:45:11,666 [pool-52-thread-1] INFO  storage.RaftStorageDirectory (RaftStorageDirectory.java:analyzeStorage(246)) - The storage directory /workdir/hadoop-ozone/integration-test/target/test-dir/MiniOzoneClusterImpl-87ec6964-4cbb-4ea4-8c8c-f74cd58bfd83/datanode-2/data/ratis/cbad300e-91e5-4d63-bc03-a1928f6a6ee1 does not exist. Creating ...
2019-09-25 03:45:11,680 [pool-52-thread-1] INFO  storage.RaftStorageDirectory (RaftStorageDirectory.java:tryLock(328)) - Lock on /workdir/hadoop-ozone/integration-test/target/test-dir/MiniOzoneClusterImpl-87ec6964-4cbb-4ea4-8c8c-f74cd58bfd83/datanode-2/data/ratis/cbad300e-91e5-4d63-bc03-a1928f6a6ee1/in_use.lock acquired by nodename 13655@pr-hdds-1569-x2sr2-3486766547
2019-09-25 03:45:11,693 [pool-52-thread-1] INFO  storage.RaftStorage (RaftStorage.java:format(72)) - Storage directory /workdir/hadoop-ozone/integration-test/target/test-dir/MiniOzoneClusterImpl-87ec6964-4cbb-4ea4-8c8c-f74cd58bfd83/datanode-2/data/ratis/cbad300e-91e5-4d63-bc03-a1928f6a6ee1 has been successfully formatted.
2019-09-25 03:45:11,693 [pool-52-thread-1] INFO  ratis.ContainerStateMachine (ContainerStateMachine.java:loadSnapshot(230)) - group-A1928F6A6EE1: The snapshot info is null. Setting the last applied indexto:(t:0, i:~)
2019-09-25 03:45:11,694 [pool-52-thread-1] INFO  server.RaftServerConfigKeys (ConfUtils.java:logGet(43)) - raft.server.notification.no-leader.timeout = 120s (custom)
2019-09-25 03:45:11,694 [pool-52-thread-1] INFO  server.RaftServerConfigKeys (ConfUtils.java:logGet(43)) - raft.server.log.use.memory = false (default)
2019-09-25 03:45:11,694 [pool-52-thread-1] INFO  server.RaftServerConfigKeys (ConfUtils.java:logGet(43)) - raft.server.log.purge.gap = 1000000 (custom)
2019-09-25 03:45:11,694 [pool-52-thread-1] INFO  server.RaftServerConfigKeys (ConfUtils.java:logGet(43)) - raft.server.log.appender.buffer.byte-limit = 33554432 (custom)
2019-09-25 03:45:11,694 [pool-52-thread-1] INFO  server.RaftServerConfigKeys (ConfUtils.java:logGet(43)) - raft.server.log.segment.size.max = 1048576 (custom)
2019-09-25 03:45:11,694 [pool-52-thread-1] INFO  server.RaftServerConfigKeys (ConfUtils.java:logGet(43)) - raft.server.log.segment.cache.num.max = 2 (custom)
2019-09-25 03:45:11,694 [pool-52-thread-1] INFO  segmented.SegmentedRaftLogWorker (SegmentedRaftLogWorker.java:<init>(172)) - new ab15c39f-6391-49d0-b553-81943ab852f8@group-A1928F6A6EE1-SegmentedRaftLogWorker for RaftStorage:Storage Directory /workdir/hadoop-ozone/integration-test/target/test-dir/MiniOzoneClusterImpl-87ec6964-4cbb-4ea4-8c8c-f74cd58bfd83/datanode-2/data/ratis/cbad300e-91e5-4d63-bc03-a1928f6a6ee1
2019-09-25 03:45:11,695 [pool-52-thread-1] INFO  server.RaftServerConfigKeys (ConfUtils.java:logGet(43)) - raft.server.log.queue.byte-limit = 2147483647 (custom)
2019-09-25 03:45:11,695 [pool-52-thread-1] INFO  server.RaftServerConfigKeys (ConfUtils.java:logGet(43)) - raft.server.log.queue.element-limit = 1024 (custom)
2019-09-25 03:45:11,695 [pool-52-thread-1] INFO  server.RaftServerConfigKeys (ConfUtils.java:logGet(43)) - raft.server.log.segment.size.max = 1048576 (custom)
2019-09-25 03:45:11,695 [pool-52-thread-1] INFO  server.RaftServerConfigKeys (ConfUtils.java:logGet(43)) - raft.server.log.preallocated.size = 16384 (custom)
2019-09-25 03:45:11,695 [pool-52-thread-1] INFO  server.RaftServerConfigKeys (ConfUtils.java:logGet(43)) - raft.server.log.write.buffer.size = 33554432 (custom)
2019-09-25 03:45:11,695 [pool-52-thread-1] INFO  server.RaftServerConfigKeys (ConfUtils.java:logGet(43)) - raft.server.log.force.sync.num = 128 (default)
2019-09-25 03:45:11,695 [pool-52-thread-1] INFO  server.RaftServerConfigKeys (ConfUtils.java:logGet(43)) - raft.server.log.statemachine.data.sync = true (default)
2019-09-25 03:45:11,695 [pool-52-thread-1] INFO  server.RaftServerConfigKeys (ConfUtils.java:logGet(43)) - raft.server.log.statemachine.data.sync.timeout = 10s (default)
2019-09-25 03:45:11,696 [pool-52-thread-1] INFO  server.RaftServerConfigKeys (ConfUtils.java:logGet(43)) - raft.server.log.statemachine.data.sync.timeout.retry = -1 (default)
2019-09-25 03:45:11,696 [pool-52-thread-1] INFO  server.RaftServerConfigKeys (ConfUtils.java:logGet(43)) - raft.server.log.statemachine.data.caching.enabled = true (custom)
2019-09-25 03:45:11,696 [pool-52-thread-1] INFO  segmented.SegmentedRaftLogWorker (SegmentedRaftLogWorker.java:lambda$new$0(132)) - ab15c39f-6391-49d0-b553-81943ab852f8@group-A1928F6A6EE1-SegmentedRaftLogWorker: flushIndex: setUnconditionally 0 -> -1
2019-09-25 03:45:11,696 [pool-52-thread-1] INFO  server.RaftServerConfigKeys (ConfUtils.java:logGet(43)) - raft.server.snapshot.auto.trigger.enabled = true (custom)
2019-09-25 03:45:11,697 [pool-52-thread-1] INFO  server.RaftServerConfigKeys (ConfUtils.java:logGet(43)) - raft.server.snapshot.auto.trigger.threshold = 10000 (custom)
2019-09-25 03:45:11,697 [pool-52-thread-1] INFO  server.RaftServerConfigKeys (ConfUtils.java:logGet(43)) - raft.server.snapshot.retention.num.files = 5 (custom)
2019-09-25 03:45:11,697 [pool-52-thread-1] INFO  server.RaftServerConfigKeys (ConfUtils.java:logGet(43)) - raft.server.retrycache.expirytime = 600000ms (custom)
2019-09-25 03:45:11,701 [pool-52-thread-1] INFO  impl.RaftServerImpl (RaftServerImpl.java:start(185)) - ab15c39f-6391-49d0-b553-81943ab852f8@group-A1928F6A6EE1: start as a follower, conf=-1: [ab15c39f-6391-49d0-b553-81943ab852f8:192.168.151.106:41436], old=null
2019-09-25 03:45:11,702 [pool-52-thread-1] INFO  impl.RaftServerImpl (RaftServerImpl.java:setRole(174)) - ab15c39f-6391-49d0-b553-81943ab852f8@group-A1928F6A6EE1: changes role from      null to FOLLOWER at term 0 for startAsFollower
2019-09-25 03:45:11,702 [pool-52-thread-1] INFO  impl.RoleInfo (RoleInfo.java:updateAndGet(143)) - ab15c39f-6391-49d0-b553-81943ab852f8: start FollowerState
2019-09-25 03:45:11,702 [pool-52-thread-1] INFO  util.JmxRegister (JmxRegister.java:tryRegister(44)) - Successfully registered JMX Bean with object name Ratis:service=RaftServer,group=group-A1928F6A6EE1,id=ab15c39f-6391-49d0-b553-81943ab852f8
2019-09-25 03:45:11,713 [RatisPipelineUtilsThread] INFO  pipeline.PipelineStateManager (PipelineStateManager.java:addPipeline(56)) - Created pipeline Pipeline[ Id: cbad300e-91e5-4d63-bc03-a1928f6a6ee1, Nodes: ab15c39f-6391-49d0-b553-81943ab852f8{ip: 192.168.151.106, host: pr-hdds-1569-x2sr2-3486766547, networkLocation: /rack1, certSerialId: null}, Type:RATIS, Factor:ONE, State:OPEN]
2019-09-25 03:45:11,714 [RatisPipelineUtilsThread] INFO  pipeline.PipelinePlacementPolicy (PipelinePlacementPolicy.java:meetCriteria(91)) - Pipeline Placement: can't place more pipeline on heavy datanode： d82d563c-708d-4b1b-bd19-b9ed0ca17f6c Heaviness: 6 limit: 5
2019-09-25 03:45:11,727 [grpc-default-executor-0] INFO  impl.RaftServerProxy (RaftServerProxy.java:addNew(89)) - d3b65c3f-c5b1-41a6-92a2-58f72c630ad9: addNew group-32FC0CA963DF:[d3b65c3f-c5b1-41a6-92a2-58f72c630ad9:192.168.151.106:39450] returns group-32FC0CA963DF:java.util.concurrent.CompletableFuture@7370c20c[Not completed]
2019-09-25 03:45:11,729 [pool-42-thread-1] INFO  impl.RaftServerImpl (RaftServerImpl.java:<init>(95)) - d3b65c3f-c5b1-41a6-92a2-58f72c630ad9: new RaftServerImpl for group-32FC0CA963DF:[d3b65c3f-c5b1-41a6-92a2-58f72c630ad9:192.168.151.106:39450] with ContainerStateMachine:uninitialized
2019-09-25 03:45:11,729 [pool-42-thread-1] INFO  server.RaftServerConfigKeys (ConfUtils.java:logGet(43)) - raft.server.rpc.timeout.min = 5s (custom)
2019-09-25 03:45:11,729 [pool-42-thread-1] INFO  server.RaftServerConfigKeys (ConfUtils.java:logGet(43)) - raft.server.rpc.timeout.max = 5200ms (custom)
2019-09-25 03:45:11,729 [pool-42-thread-1] INFO  server.RaftServerConfigKeys (ConfUtils.java:logGet(43)) - raft.server.rpcslowness.timeout = 120s (custom)
2019-09-25 03:45:11,729 [pool-42-thread-1] INFO  server.RaftServerConfigKeys (ConfUtils.java:logGet(43)) - raft.server.sleep.deviation.threshold = 300 (default)
2019-09-25 03:45:11,729 [pool-42-thread-1] INFO  server.RaftServerConfigKeys (ConfUtils.java:logGet(43)) - raft.server.log.appender.install.snapshot.enabled = false (custom)
2019-09-25 03:45:11,729 [pool-42-thread-1] INFO  impl.RaftServerImpl (ServerState.java:<init>(103)) - d3b65c3f-c5b1-41a6-92a2-58f72c630ad9@group-32FC0CA963DF: ConfigurationManager, init=-1: [d3b65c3f-c5b1-41a6-92a2-58f72c630ad9:192.168.151.106:39450], old=null, confs=<EMPTY_MAP>
2019-09-25 03:45:11,730 [pool-42-thread-1] INFO  server.RaftServerConfigKeys (ConfUtils.java:logGet(43)) - raft.server.storage.dir = [/workdir/hadoop-ozone/integration-test/target/test-dir/MiniOzoneClusterImpl-87ec6964-4cbb-4ea4-8c8c-f74cd58bfd83/datanode-1/data/ratis] (custom)
2019-09-25 03:45:11,730 [pool-42-thread-1] INFO  storage.RaftStorageDirectory (RaftStorageDirectory.java:analyzeStorage(246)) - The storage directory /workdir/hadoop-ozone/integration-test/target/test-dir/MiniOzoneClusterImpl-87ec6964-4cbb-4ea4-8c8c-f74cd58bfd83/datanode-1/data/ratis/cbcee913-54db-4c0e-b48f-32fc0ca963df does not exist. Creating ...
2019-09-25 03:45:11,747 [pool-42-thread-1] INFO  storage.RaftStorageDirectory (RaftStorageDirectory.java:tryLock(328)) - Lock on /workdir/hadoop-ozone/integration-test/target/test-dir/MiniOzoneClusterImpl-87ec6964-4cbb-4ea4-8c8c-f74cd58bfd83/datanode-1/data/ratis/cbcee913-54db-4c0e-b48f-32fc0ca963df/in_use.lock acquired by nodename 13655@pr-hdds-1569-x2sr2-3486766547
2019-09-25 03:45:11,772 [pool-42-thread-1] INFO  storage.RaftStorage (RaftStorage.java:format(72)) - Storage directory /workdir/hadoop-ozone/integration-test/target/test-dir/MiniOzoneClusterImpl-87ec6964-4cbb-4ea4-8c8c-f74cd58bfd83/datanode-1/data/ratis/cbcee913-54db-4c0e-b48f-32fc0ca963df has been successfully formatted.
2019-09-25 03:45:11,772 [pool-42-thread-1] INFO  ratis.ContainerStateMachine (ContainerStateMachine.java:loadSnapshot(230)) - group-32FC0CA963DF: The snapshot info is null. Setting the last applied indexto:(t:0, i:~)
2019-09-25 03:45:11,773 [pool-42-thread-1] INFO  server.RaftServerConfigKeys (ConfUtils.java:logGet(43)) - raft.server.notification.no-leader.timeout = 120s (custom)
2019-09-25 03:45:11,773 [pool-42-thread-1] INFO  server.RaftServerConfigKeys (ConfUtils.java:logGet(43)) - raft.server.log.use.memory = false (default)
2019-09-25 03:45:11,773 [pool-42-thread-1] INFO  server.RaftServerConfigKeys (ConfUtils.java:logGet(43)) - raft.server.log.purge.gap = 1000000 (custom)
2019-09-25 03:45:11,773 [pool-42-thread-1] INFO  server.RaftServerConfigKeys (ConfUtils.java:logGet(43)) - raft.server.log.appender.buffer.byte-limit = 33554432 (custom)
2019-09-25 03:45:11,773 [pool-42-thread-1] INFO  server.RaftServerConfigKeys (ConfUtils.java:logGet(43)) - raft.server.log.segment.size.max = 1048576 (custom)
2019-09-25 03:45:11,773 [pool-42-thread-1] INFO  server.RaftServerConfigKeys (ConfUtils.java:logGet(43)) - raft.server.log.segment.cache.num.max = 2 (custom)
2019-09-25 03:45:11,773 [pool-42-thread-1] INFO  segmented.SegmentedRaftLogWorker (SegmentedRaftLogWorker.java:<init>(172)) - new d3b65c3f-c5b1-41a6-92a2-58f72c630ad9@group-32FC0CA963DF-SegmentedRaftLogWorker for RaftStorage:Storage Directory /workdir/hadoop-ozone/integration-test/target/test-dir/MiniOzoneClusterImpl-87ec6964-4cbb-4ea4-8c8c-f74cd58bfd83/datanode-1/data/ratis/cbcee913-54db-4c0e-b48f-32fc0ca963df
2019-09-25 03:45:11,774 [pool-42-thread-1] INFO  server.RaftServerConfigKeys (ConfUtils.java:logGet(43)) - raft.server.log.queue.byte-limit = 2147483647 (custom)
2019-09-25 03:45:11,774 [pool-42-thread-1] INFO  server.RaftServerConfigKeys (ConfUtils.java:logGet(43)) - raft.server.log.queue.element-limit = 1024 (custom)
2019-09-25 03:45:11,774 [pool-42-thread-1] INFO  server.RaftServerConfigKeys (ConfUtils.java:logGet(43)) - raft.server.log.segment.size.max = 1048576 (custom)
2019-09-25 03:45:11,774 [pool-42-thread-1] INFO  server.RaftServerConfigKeys (ConfUtils.java:logGet(43)) - raft.server.log.preallocated.size = 16384 (custom)
2019-09-25 03:45:11,774 [pool-42-thread-1] INFO  server.RaftServerConfigKeys (ConfUtils.java:logGet(43)) - raft.server.log.write.buffer.size = 33554432 (custom)
2019-09-25 03:45:11,774 [pool-42-thread-1] INFO  server.RaftServerConfigKeys (ConfUtils.java:logGet(43)) - raft.server.log.force.sync.num = 128 (default)
2019-09-25 03:45:11,774 [pool-42-thread-1] INFO  server.RaftServerConfigKeys (ConfUtils.java:logGet(43)) - raft.server.log.statemachine.data.sync = true (default)
2019-09-25 03:45:11,775 [pool-42-thread-1] INFO  server.RaftServerConfigKeys (ConfUtils.java:logGet(43)) - raft.server.log.statemachine.data.sync.timeout = 10s (default)
2019-09-25 03:45:11,775 [pool-42-thread-1] INFO  server.RaftServerConfigKeys (ConfUtils.java:logGet(43)) - raft.server.log.statemachine.data.sync.timeout.retry = -1 (default)
2019-09-25 03:45:11,775 [pool-42-thread-1] INFO  server.RaftServerConfigKeys (ConfUtils.java:logGet(43)) - raft.server.log.statemachine.data.caching.enabled = true (custom)
2019-09-25 03:45:11,775 [pool-42-thread-1] INFO  segmented.SegmentedRaftLogWorker (SegmentedRaftLogWorker.java:lambda$new$0(132)) - d3b65c3f-c5b1-41a6-92a2-58f72c630ad9@group-32FC0CA963DF-SegmentedRaftLogWorker: flushIndex: setUnconditionally 0 -> -1
2019-09-25 03:45:11,776 [pool-42-thread-1] INFO  server.RaftServerConfigKeys (ConfUtils.java:logGet(43)) - raft.server.snapshot.auto.trigger.enabled = true (custom)
2019-09-25 03:45:11,776 [pool-42-thread-1] INFO  server.RaftServerConfigKeys (ConfUtils.java:logGet(43)) - raft.server.snapshot.auto.trigger.threshold = 10000 (custom)
2019-09-25 03:45:11,776 [pool-42-thread-1] INFO  server.RaftServerConfigKeys (ConfUtils.java:logGet(43)) - raft.server.snapshot.retention.num.files = 5 (custom)
2019-09-25 03:45:11,776 [pool-42-thread-1] INFO  server.RaftServerConfigKeys (ConfUtils.java:logGet(43)) - raft.server.retrycache.expirytime = 600000ms (custom)
2019-09-25 03:45:11,780 [pool-42-thread-1] INFO  impl.RaftServerImpl (RaftServerImpl.java:start(185)) - d3b65c3f-c5b1-41a6-92a2-58f72c630ad9@group-32FC0CA963DF: start as a follower, conf=-1: [d3b65c3f-c5b1-41a6-92a2-58f72c630ad9:192.168.151.106:39450], old=null
2019-09-25 03:45:11,780 [pool-42-thread-1] INFO  impl.RaftServerImpl (RaftServerImpl.java:setRole(174)) - d3b65c3f-c5b1-41a6-92a2-58f72c630ad9@group-32FC0CA963DF: changes role from      null to FOLLOWER at term 0 for startAsFollower
2019-09-25 03:45:11,781 [pool-42-thread-1] INFO  impl.RoleInfo (RoleInfo.java:updateAndGet(143)) - d3b65c3f-c5b1-41a6-92a2-58f72c630ad9: start FollowerState
2019-09-25 03:45:11,781 [pool-42-thread-1] INFO  util.JmxRegister (JmxRegister.java:tryRegister(44)) - Successfully registered JMX Bean with object name Ratis:service=RaftServer,group=group-32FC0CA963DF,id=d3b65c3f-c5b1-41a6-92a2-58f72c630ad9
2019-09-25 03:45:11,792 [RatisPipelineUtilsThread] INFO  pipeline.PipelineStateManager (PipelineStateManager.java:addPipeline(56)) - Created pipeline Pipeline[ Id: cbcee913-54db-4c0e-b48f-32fc0ca963df, Nodes: d3b65c3f-c5b1-41a6-92a2-58f72c630ad9{ip: 192.168.151.106, host: pr-hdds-1569-x2sr2-3486766547, networkLocation: /rack1, certSerialId: null}, Type:RATIS, Factor:ONE, State:OPEN]
2019-09-25 03:45:11,792 [RatisPipelineUtilsThread] INFO  pipeline.PipelinePlacementPolicy (PipelinePlacementPolicy.java:meetCriteria(91)) - Pipeline Placement: can't place more pipeline on heavy datanode： d82d563c-708d-4b1b-bd19-b9ed0ca17f6c Heaviness: 6 limit: 5
2019-09-25 03:45:11,806 [grpc-default-executor-0] INFO  impl.RaftServerProxy (RaftServerProxy.java:addNew(89)) - 0d193d2d-ce27-4ace-8d68-2a8197cbc29b: addNew group-AC97CB3CB514:[0d193d2d-ce27-4ace-8d68-2a8197cbc29b:192.168.151.106:44030] returns group-AC97CB3CB514:java.util.concurrent.CompletableFuture@77f543ce[Not completed]
2019-09-25 03:45:11,808 [pool-62-thread-1] INFO  impl.RaftServerImpl (RaftServerImpl.java:<init>(95)) - 0d193d2d-ce27-4ace-8d68-2a8197cbc29b: new RaftServerImpl for group-AC97CB3CB514:[0d193d2d-ce27-4ace-8d68-2a8197cbc29b:192.168.151.106:44030] with ContainerStateMachine:uninitialized
2019-09-25 03:45:11,808 [pool-62-thread-1] INFO  server.RaftServerConfigKeys (ConfUtils.java:logGet(43)) - raft.server.rpc.timeout.min = 5s (custom)
2019-09-25 03:45:11,808 [pool-62-thread-1] INFO  server.RaftServerConfigKeys (ConfUtils.java:logGet(43)) - raft.server.rpc.timeout.max = 5200ms (custom)
2019-09-25 03:45:11,809 [pool-62-thread-1] INFO  server.RaftServerConfigKeys (ConfUtils.java:logGet(43)) - raft.server.rpcslowness.timeout = 120s (custom)
2019-09-25 03:45:11,809 [pool-62-thread-1] INFO  server.RaftServerConfigKeys (ConfUtils.java:logGet(43)) - raft.server.sleep.deviation.threshold = 300 (default)
2019-09-25 03:45:11,809 [pool-62-thread-1] INFO  server.RaftServerConfigKeys (ConfUtils.java:logGet(43)) - raft.server.log.appender.install.snapshot.enabled = false (custom)
2019-09-25 03:45:11,809 [pool-62-thread-1] INFO  impl.RaftServerImpl (ServerState.java:<init>(103)) - 0d193d2d-ce27-4ace-8d68-2a8197cbc29b@group-AC97CB3CB514: ConfigurationManager, init=-1: [0d193d2d-ce27-4ace-8d68-2a8197cbc29b:192.168.151.106:44030], old=null, confs=<EMPTY_MAP>
2019-09-25 03:45:11,809 [pool-62-thread-1] INFO  server.RaftServerConfigKeys (ConfUtils.java:logGet(43)) - raft.server.storage.dir = [/workdir/hadoop-ozone/integration-test/target/test-dir/MiniOzoneClusterImpl-87ec6964-4cbb-4ea4-8c8c-f74cd58bfd83/datanode-3/data/ratis] (custom)
2019-09-25 03:45:11,810 [pool-62-thread-1] INFO  storage.RaftStorageDirectory (RaftStorageDirectory.java:analyzeStorage(246)) - The storage directory /workdir/hadoop-ozone/integration-test/target/test-dir/MiniOzoneClusterImpl-87ec6964-4cbb-4ea4-8c8c-f74cd58bfd83/datanode-3/data/ratis/02f586aa-8936-48ca-9b83-ac97cb3cb514 does not exist. Creating ...
2019-09-25 03:45:11,819 [pool-62-thread-1] INFO  storage.RaftStorageDirectory (RaftStorageDirectory.java:tryLock(328)) - Lock on /workdir/hadoop-ozone/integration-test/target/test-dir/MiniOzoneClusterImpl-87ec6964-4cbb-4ea4-8c8c-f74cd58bfd83/datanode-3/data/ratis/02f586aa-8936-48ca-9b83-ac97cb3cb514/in_use.lock acquired by nodename 13655@pr-hdds-1569-x2sr2-3486766547
2019-09-25 03:45:11,834 [pool-62-thread-1] INFO  storage.RaftStorage (RaftStorage.java:format(72)) - Storage directory /workdir/hadoop-ozone/integration-test/target/test-dir/MiniOzoneClusterImpl-87ec6964-4cbb-4ea4-8c8c-f74cd58bfd83/datanode-3/data/ratis/02f586aa-8936-48ca-9b83-ac97cb3cb514 has been successfully formatted.
2019-09-25 03:45:11,835 [pool-62-thread-1] INFO  ratis.ContainerStateMachine (ContainerStateMachine.java:loadSnapshot(230)) - group-AC97CB3CB514: The snapshot info is null. Setting the last applied indexto:(t:0, i:~)
2019-09-25 03:45:11,835 [pool-62-thread-1] INFO  server.RaftServerConfigKeys (ConfUtils.java:logGet(43)) - raft.server.notification.no-leader.timeout = 120s (custom)
2019-09-25 03:45:11,835 [pool-62-thread-1] INFO  server.RaftServerConfigKeys (ConfUtils.java:logGet(43)) - raft.server.log.use.memory = false (default)
2019-09-25 03:45:11,835 [pool-62-thread-1] INFO  server.RaftServerConfigKeys (ConfUtils.java:logGet(43)) - raft.server.log.purge.gap = 1000000 (custom)
2019-09-25 03:45:11,835 [pool-62-thread-1] INFO  server.RaftServerConfigKeys (ConfUtils.java:logGet(43)) - raft.server.log.appender.buffer.byte-limit = 33554432 (custom)
2019-09-25 03:45:11,835 [pool-62-thread-1] INFO  server.RaftServerConfigKeys (ConfUtils.java:logGet(43)) - raft.server.log.segment.size.max = 1048576 (custom)
2019-09-25 03:45:11,836 [pool-62-thread-1] INFO  server.RaftServerConfigKeys (ConfUtils.java:logGet(43)) - raft.server.log.segment.cache.num.max = 2 (custom)
2019-09-25 03:45:11,836 [pool-62-thread-1] INFO  segmented.SegmentedRaftLogWorker (SegmentedRaftLogWorker.java:<init>(172)) - new 0d193d2d-ce27-4ace-8d68-2a8197cbc29b@group-AC97CB3CB514-SegmentedRaftLogWorker for RaftStorage:Storage Directory /workdir/hadoop-ozone/integration-test/target/test-dir/MiniOzoneClusterImpl-87ec6964-4cbb-4ea4-8c8c-f74cd58bfd83/datanode-3/data/ratis/02f586aa-8936-48ca-9b83-ac97cb3cb514
2019-09-25 03:45:11,836 [pool-62-thread-1] INFO  server.RaftServerConfigKeys (ConfUtils.java:logGet(43)) - raft.server.log.queue.byte-limit = 2147483647 (custom)
2019-09-25 03:45:11,836 [pool-62-thread-1] INFO  server.RaftServerConfigKeys (ConfUtils.java:logGet(43)) - raft.server.log.queue.element-limit = 1024 (custom)
2019-09-25 03:45:11,836 [pool-62-thread-1] INFO  server.RaftServerConfigKeys (ConfUtils.java:logGet(43)) - raft.server.log.segment.size.max = 1048576 (custom)
2019-09-25 03:45:11,836 [pool-62-thread-1] INFO  server.RaftServerConfigKeys (ConfUtils.java:logGet(43)) - raft.server.log.preallocated.size = 16384 (custom)
2019-09-25 03:45:11,836 [pool-62-thread-1] INFO  server.RaftServerConfigKeys (ConfUtils.java:logGet(43)) - raft.server.log.write.buffer.size = 33554432 (custom)
2019-09-25 03:45:11,837 [pool-62-thread-1] INFO  server.RaftServerConfigKeys (ConfUtils.java:logGet(43)) - raft.server.log.force.sync.num = 128 (default)
2019-09-25 03:45:11,837 [pool-62-thread-1] INFO  server.RaftServerConfigKeys (ConfUtils.java:logGet(43)) - raft.server.log.statemachine.data.sync = true (default)
2019-09-25 03:45:11,837 [pool-62-thread-1] INFO  server.RaftServerConfigKeys (ConfUtils.java:logGet(43)) - raft.server.log.statemachine.data.sync.timeout = 10s (default)
2019-09-25 03:45:11,837 [pool-62-thread-1] INFO  server.RaftServerConfigKeys (ConfUtils.java:logGet(43)) - raft.server.log.statemachine.data.sync.timeout.retry = -1 (default)
2019-09-25 03:45:11,837 [pool-62-thread-1] INFO  server.RaftServerConfigKeys (ConfUtils.java:logGet(43)) - raft.server.log.statemachine.data.caching.enabled = true (custom)
2019-09-25 03:45:11,838 [pool-62-thread-1] INFO  segmented.SegmentedRaftLogWorker (SegmentedRaftLogWorker.java:lambda$new$0(132)) - 0d193d2d-ce27-4ace-8d68-2a8197cbc29b@group-AC97CB3CB514-SegmentedRaftLogWorker: flushIndex: setUnconditionally 0 -> -1
2019-09-25 03:45:11,838 [pool-62-thread-1] INFO  server.RaftServerConfigKeys (ConfUtils.java:logGet(43)) - raft.server.snapshot.auto.trigger.enabled = true (custom)
2019-09-25 03:45:11,839 [pool-62-thread-1] INFO  server.RaftServerConfigKeys (ConfUtils.java:logGet(43)) - raft.server.snapshot.auto.trigger.threshold = 10000 (custom)
2019-09-25 03:45:11,839 [pool-62-thread-1] INFO  server.RaftServerConfigKeys (ConfUtils.java:logGet(43)) - raft.server.snapshot.retention.num.files = 5 (custom)
2019-09-25 03:45:11,839 [pool-62-thread-1] INFO  server.RaftServerConfigKeys (ConfUtils.java:logGet(43)) - raft.server.retrycache.expirytime = 600000ms (custom)
2019-09-25 03:45:11,842 [pool-62-thread-1] INFO  impl.RaftServerImpl (RaftServerImpl.java:start(185)) - 0d193d2d-ce27-4ace-8d68-2a8197cbc29b@group-AC97CB3CB514: start as a follower, conf=-1: [0d193d2d-ce27-4ace-8d68-2a8197cbc29b:192.168.151.106:44030], old=null
2019-09-25 03:45:11,842 [pool-62-thread-1] INFO  impl.RaftServerImpl (RaftServerImpl.java:setRole(174)) - 0d193d2d-ce27-4ace-8d68-2a8197cbc29b@group-AC97CB3CB514: changes role from      null to FOLLOWER at term 0 for startAsFollower
2019-09-25 03:45:11,842 [pool-62-thread-1] INFO  impl.RoleInfo (RoleInfo.java:updateAndGet(143)) - 0d193d2d-ce27-4ace-8d68-2a8197cbc29b: start FollowerState
2019-09-25 03:45:11,843 [pool-62-thread-1] INFO  util.JmxRegister (JmxRegister.java:tryRegister(44)) - Successfully registered JMX Bean with object name Ratis:service=RaftServer,group=group-AC97CB3CB514,id=0d193d2d-ce27-4ace-8d68-2a8197cbc29b
2019-09-25 03:45:11,854 [RatisPipelineUtilsThread] INFO  pipeline.PipelineStateManager (PipelineStateManager.java:addPipeline(56)) - Created pipeline Pipeline[ Id: 02f586aa-8936-48ca-9b83-ac97cb3cb514, Nodes: 0d193d2d-ce27-4ace-8d68-2a8197cbc29b{ip: 192.168.151.106, host: pr-hdds-1569-x2sr2-3486766547, networkLocation: /rack1, certSerialId: null}, Type:RATIS, Factor:ONE, State:OPEN]
2019-09-25 03:45:11,855 [RatisPipelineUtilsThread] INFO  pipeline.PipelinePlacementPolicy (PipelinePlacementPolicy.java:meetCriteria(91)) - Pipeline Placement: can't place more pipeline on heavy datanode： d82d563c-708d-4b1b-bd19-b9ed0ca17f6c Heaviness: 6 limit: 5
2019-09-25 03:45:11,868 [grpc-default-executor-0] INFO  impl.RaftServerProxy (RaftServerProxy.java:addNew(89)) - d3b65c3f-c5b1-41a6-92a2-58f72c630ad9: addNew group-8CA7EEBD354C:[d3b65c3f-c5b1-41a6-92a2-58f72c630ad9:192.168.151.106:39450] returns group-8CA7EEBD354C:java.util.concurrent.CompletableFuture@647a5ad1[Not completed]
2019-09-25 03:45:11,869 [pool-42-thread-1] INFO  impl.RaftServerImpl (RaftServerImpl.java:<init>(95)) - d3b65c3f-c5b1-41a6-92a2-58f72c630ad9: new RaftServerImpl for group-8CA7EEBD354C:[d3b65c3f-c5b1-41a6-92a2-58f72c630ad9:192.168.151.106:39450] with ContainerStateMachine:uninitialized
2019-09-25 03:45:11,869 [pool-42-thread-1] INFO  server.RaftServerConfigKeys (ConfUtils.java:logGet(43)) - raft.server.rpc.timeout.min = 5s (custom)
2019-09-25 03:45:11,869 [pool-42-thread-1] INFO  server.RaftServerConfigKeys (ConfUtils.java:logGet(43)) - raft.server.rpc.timeout.max = 5200ms (custom)
2019-09-25 03:45:11,869 [pool-42-thread-1] INFO  server.RaftServerConfigKeys (ConfUtils.java:logGet(43)) - raft.server.rpcslowness.timeout = 120s (custom)
2019-09-25 03:45:11,870 [pool-42-thread-1] INFO  server.RaftServerConfigKeys (ConfUtils.java:logGet(43)) - raft.server.sleep.deviation.threshold = 300 (default)
2019-09-25 03:45:11,870 [pool-42-thread-1] INFO  server.RaftServerConfigKeys (ConfUtils.java:logGet(43)) - raft.server.log.appender.install.snapshot.enabled = false (custom)
2019-09-25 03:45:11,870 [pool-42-thread-1] INFO  impl.RaftServerImpl (ServerState.java:<init>(103)) - d3b65c3f-c5b1-41a6-92a2-58f72c630ad9@group-8CA7EEBD354C: ConfigurationManager, init=-1: [d3b65c3f-c5b1-41a6-92a2-58f72c630ad9:192.168.151.106:39450], old=null, confs=<EMPTY_MAP>
2019-09-25 03:45:11,870 [pool-42-thread-1] INFO  server.RaftServerConfigKeys (ConfUtils.java:logGet(43)) - raft.server.storage.dir = [/workdir/hadoop-ozone/integration-test/target/test-dir/MiniOzoneClusterImpl-87ec6964-4cbb-4ea4-8c8c-f74cd58bfd83/datanode-1/data/ratis] (custom)
2019-09-25 03:45:11,870 [pool-42-thread-1] INFO  storage.RaftStorageDirectory (RaftStorageDirectory.java:analyzeStorage(246)) - The storage directory /workdir/hadoop-ozone/integration-test/target/test-dir/MiniOzoneClusterImpl-87ec6964-4cbb-4ea4-8c8c-f74cd58bfd83/datanode-1/data/ratis/a0f87934-67dc-4375-adb5-8ca7eebd354c does not exist. Creating ...
2019-09-25 03:45:11,893 [pool-42-thread-1] INFO  storage.RaftStorageDirectory (RaftStorageDirectory.java:tryLock(328)) - Lock on /workdir/hadoop-ozone/integration-test/target/test-dir/MiniOzoneClusterImpl-87ec6964-4cbb-4ea4-8c8c-f74cd58bfd83/datanode-1/data/ratis/a0f87934-67dc-4375-adb5-8ca7eebd354c/in_use.lock acquired by nodename 13655@pr-hdds-1569-x2sr2-3486766547
2019-09-25 03:45:11,913 [pool-42-thread-1] INFO  storage.RaftStorage (RaftStorage.java:format(72)) - Storage directory /workdir/hadoop-ozone/integration-test/target/test-dir/MiniOzoneClusterImpl-87ec6964-4cbb-4ea4-8c8c-f74cd58bfd83/datanode-1/data/ratis/a0f87934-67dc-4375-adb5-8ca7eebd354c has been successfully formatted.
2019-09-25 03:45:11,914 [pool-42-thread-1] INFO  ratis.ContainerStateMachine (ContainerStateMachine.java:loadSnapshot(230)) - group-8CA7EEBD354C: The snapshot info is null. Setting the last applied indexto:(t:0, i:~)
2019-09-25 03:45:11,914 [pool-42-thread-1] INFO  server.RaftServerConfigKeys (ConfUtils.java:logGet(43)) - raft.server.notification.no-leader.timeout = 120s (custom)
2019-09-25 03:45:11,914 [pool-42-thread-1] INFO  server.RaftServerConfigKeys (ConfUtils.java:logGet(43)) - raft.server.log.use.memory = false (default)
2019-09-25 03:45:11,914 [pool-42-thread-1] INFO  server.RaftServerConfigKeys (ConfUtils.java:logGet(43)) - raft.server.log.purge.gap = 1000000 (custom)
2019-09-25 03:45:11,914 [pool-42-thread-1] INFO  server.RaftServerConfigKeys (ConfUtils.java:logGet(43)) - raft.server.log.appender.buffer.byte-limit = 33554432 (custom)
2019-09-25 03:45:11,914 [pool-42-thread-1] INFO  server.RaftServerConfigKeys (ConfUtils.java:logGet(43)) - raft.server.log.segment.size.max = 1048576 (custom)
2019-09-25 03:45:11,915 [pool-42-thread-1] INFO  server.RaftServerConfigKeys (ConfUtils.java:logGet(43)) - raft.server.log.segment.cache.num.max = 2 (custom)
2019-09-25 03:45:11,915 [pool-42-thread-1] INFO  segmented.SegmentedRaftLogWorker (SegmentedRaftLogWorker.java:<init>(172)) - new d3b65c3f-c5b1-41a6-92a2-58f72c630ad9@group-8CA7EEBD354C-SegmentedRaftLogWorker for RaftStorage:Storage Directory /workdir/hadoop-ozone/integration-test/target/test-dir/MiniOzoneClusterImpl-87ec6964-4cbb-4ea4-8c8c-f74cd58bfd83/datanode-1/data/ratis/a0f87934-67dc-4375-adb5-8ca7eebd354c
2019-09-25 03:45:11,915 [pool-42-thread-1] INFO  server.RaftServerConfigKeys (ConfUtils.java:logGet(43)) - raft.server.log.queue.byte-limit = 2147483647 (custom)
2019-09-25 03:45:11,915 [pool-42-thread-1] INFO  server.RaftServerConfigKeys (ConfUtils.java:logGet(43)) - raft.server.log.queue.element-limit = 1024 (custom)
2019-09-25 03:45:11,915 [pool-42-thread-1] INFO  server.RaftServerConfigKeys (ConfUtils.java:logGet(43)) - raft.server.log.segment.size.max = 1048576 (custom)
2019-09-25 03:45:11,915 [pool-42-thread-1] INFO  server.RaftServerConfigKeys (ConfUtils.java:logGet(43)) - raft.server.log.preallocated.size = 16384 (custom)
2019-09-25 03:45:11,915 [pool-42-thread-1] INFO  server.RaftServerConfigKeys (ConfUtils.java:logGet(43)) - raft.server.log.write.buffer.size = 33554432 (custom)
2019-09-25 03:45:11,916 [pool-42-thread-1] INFO  server.RaftServerConfigKeys (ConfUtils.java:logGet(43)) - raft.server.log.force.sync.num = 128 (default)
2019-09-25 03:45:11,916 [pool-42-thread-1] INFO  server.RaftServerConfigKeys (ConfUtils.java:logGet(43)) - raft.server.log.statemachine.data.sync = true (default)
2019-09-25 03:45:11,916 [pool-42-thread-1] INFO  server.RaftServerConfigKeys (ConfUtils.java:logGet(43)) - raft.server.log.statemachine.data.sync.timeout = 10s (default)
2019-09-25 03:45:11,916 [pool-42-thread-1] INFO  server.RaftServerConfigKeys (ConfUtils.java:logGet(43)) - raft.server.log.statemachine.data.sync.timeout.retry = -1 (default)
2019-09-25 03:45:11,916 [pool-42-thread-1] INFO  server.RaftServerConfigKeys (ConfUtils.java:logGet(43)) - raft.server.log.statemachine.data.caching.enabled = true (custom)
2019-09-25 03:45:11,917 [pool-42-thread-1] INFO  segmented.SegmentedRaftLogWorker (SegmentedRaftLogWorker.java:lambda$new$0(132)) - d3b65c3f-c5b1-41a6-92a2-58f72c630ad9@group-8CA7EEBD354C-SegmentedRaftLogWorker: flushIndex: setUnconditionally 0 -> -1
2019-09-25 03:45:11,917 [pool-42-thread-1] INFO  server.RaftServerConfigKeys (ConfUtils.java:logGet(43)) - raft.server.snapshot.auto.trigger.enabled = true (custom)
2019-09-25 03:45:11,917 [pool-42-thread-1] INFO  server.RaftServerConfigKeys (ConfUtils.java:logGet(43)) - raft.server.snapshot.auto.trigger.threshold = 10000 (custom)
2019-09-25 03:45:11,917 [pool-42-thread-1] INFO  server.RaftServerConfigKeys (ConfUtils.java:logGet(43)) - raft.server.snapshot.retention.num.files = 5 (custom)
2019-09-25 03:45:11,917 [pool-42-thread-1] INFO  server.RaftServerConfigKeys (ConfUtils.java:logGet(43)) - raft.server.retrycache.expirytime = 600000ms (custom)
2019-09-25 03:45:11,920 [pool-42-thread-1] INFO  impl.RaftServerImpl (RaftServerImpl.java:start(185)) - d3b65c3f-c5b1-41a6-92a2-58f72c630ad9@group-8CA7EEBD354C: start as a follower, conf=-1: [d3b65c3f-c5b1-41a6-92a2-58f72c630ad9:192.168.151.106:39450], old=null
2019-09-25 03:45:11,920 [pool-42-thread-1] INFO  impl.RaftServerImpl (RaftServerImpl.java:setRole(174)) - d3b65c3f-c5b1-41a6-92a2-58f72c630ad9@group-8CA7EEBD354C: changes role from      null to FOLLOWER at term 0 for startAsFollower
2019-09-25 03:45:11,920 [pool-42-thread-1] INFO  impl.RoleInfo (RoleInfo.java:updateAndGet(143)) - d3b65c3f-c5b1-41a6-92a2-58f72c630ad9: start FollowerState
2019-09-25 03:45:11,921 [pool-42-thread-1] INFO  util.JmxRegister (JmxRegister.java:tryRegister(44)) - Successfully registered JMX Bean with object name Ratis:service=RaftServer,group=group-8CA7EEBD354C,id=d3b65c3f-c5b1-41a6-92a2-58f72c630ad9
2019-09-25 03:45:11,928 [RatisPipelineUtilsThread] INFO  pipeline.PipelineStateManager (PipelineStateManager.java:addPipeline(56)) - Created pipeline Pipeline[ Id: a0f87934-67dc-4375-adb5-8ca7eebd354c, Nodes: d3b65c3f-c5b1-41a6-92a2-58f72c630ad9{ip: 192.168.151.106, host: pr-hdds-1569-x2sr2-3486766547, networkLocation: /rack1, certSerialId: null}, Type:RATIS, Factor:ONE, State:OPEN]
2019-09-25 03:45:11,928 [RatisPipelineUtilsThread] INFO  pipeline.PipelinePlacementPolicy (PipelinePlacementPolicy.java:meetCriteria(91)) - Pipeline Placement: can't place more pipeline on heavy datanode： d82d563c-708d-4b1b-bd19-b9ed0ca17f6c Heaviness: 6 limit: 5
2019-09-25 03:45:11,954 [grpc-default-executor-0] INFO  impl.RaftServerProxy (RaftServerProxy.java:addNew(89)) - 0d193d2d-ce27-4ace-8d68-2a8197cbc29b: addNew group-31BA159F0AFE:[0d193d2d-ce27-4ace-8d68-2a8197cbc29b:192.168.151.106:44030] returns group-31BA159F0AFE:java.util.concurrent.CompletableFuture@61ca6db2[Not completed]
2019-09-25 03:45:11,956 [pool-62-thread-1] INFO  impl.RaftServerImpl (RaftServerImpl.java:<init>(95)) - 0d193d2d-ce27-4ace-8d68-2a8197cbc29b: new RaftServerImpl for group-31BA159F0AFE:[0d193d2d-ce27-4ace-8d68-2a8197cbc29b:192.168.151.106:44030] with ContainerStateMachine:uninitialized
2019-09-25 03:45:11,956 [pool-62-thread-1] INFO  server.RaftServerConfigKeys (ConfUtils.java:logGet(43)) - raft.server.rpc.timeout.min = 5s (custom)
2019-09-25 03:45:11,956 [pool-62-thread-1] INFO  server.RaftServerConfigKeys (ConfUtils.java:logGet(43)) - raft.server.rpc.timeout.max = 5200ms (custom)
2019-09-25 03:45:11,956 [pool-62-thread-1] INFO  server.RaftServerConfigKeys (ConfUtils.java:logGet(43)) - raft.server.rpcslowness.timeout = 120s (custom)
2019-09-25 03:45:11,956 [pool-62-thread-1] INFO  server.RaftServerConfigKeys (ConfUtils.java:logGet(43)) - raft.server.sleep.deviation.threshold = 300 (default)
2019-09-25 03:45:11,957 [pool-62-thread-1] INFO  server.RaftServerConfigKeys (ConfUtils.java:logGet(43)) - raft.server.log.appender.install.snapshot.enabled = false (custom)
2019-09-25 03:45:11,957 [pool-62-thread-1] INFO  impl.RaftServerImpl (ServerState.java:<init>(103)) - 0d193d2d-ce27-4ace-8d68-2a8197cbc29b@group-31BA159F0AFE: ConfigurationManager, init=-1: [0d193d2d-ce27-4ace-8d68-2a8197cbc29b:192.168.151.106:44030], old=null, confs=<EMPTY_MAP>
2019-09-25 03:45:11,957 [pool-62-thread-1] INFO  server.RaftServerConfigKeys (ConfUtils.java:logGet(43)) - raft.server.storage.dir = [/workdir/hadoop-ozone/integration-test/target/test-dir/MiniOzoneClusterImpl-87ec6964-4cbb-4ea4-8c8c-f74cd58bfd83/datanode-3/data/ratis] (custom)
2019-09-25 03:45:11,958 [pool-62-thread-1] INFO  storage.RaftStorageDirectory (RaftStorageDirectory.java:analyzeStorage(246)) - The storage directory /workdir/hadoop-ozone/integration-test/target/test-dir/MiniOzoneClusterImpl-87ec6964-4cbb-4ea4-8c8c-f74cd58bfd83/datanode-3/data/ratis/c0317f48-2c06-43bb-bdd5-31ba159f0afe does not exist. Creating ...
2019-09-25 03:45:11,972 [pool-62-thread-1] INFO  storage.RaftStorageDirectory (RaftStorageDirectory.java:tryLock(328)) - Lock on /workdir/hadoop-ozone/integration-test/target/test-dir/MiniOzoneClusterImpl-87ec6964-4cbb-4ea4-8c8c-f74cd58bfd83/datanode-3/data/ratis/c0317f48-2c06-43bb-bdd5-31ba159f0afe/in_use.lock acquired by nodename 13655@pr-hdds-1569-x2sr2-3486766547
2019-09-25 03:45:11,985 [pool-62-thread-1] INFO  storage.RaftStorage (RaftStorage.java:format(72)) - Storage directory /workdir/hadoop-ozone/integration-test/target/test-dir/MiniOzoneClusterImpl-87ec6964-4cbb-4ea4-8c8c-f74cd58bfd83/datanode-3/data/ratis/c0317f48-2c06-43bb-bdd5-31ba159f0afe has been successfully formatted.
2019-09-25 03:45:11,985 [pool-62-thread-1] INFO  ratis.ContainerStateMachine (ContainerStateMachine.java:loadSnapshot(230)) - group-31BA159F0AFE: The snapshot info is null. Setting the last applied indexto:(t:0, i:~)
2019-09-25 03:45:11,985 [pool-62-thread-1] INFO  server.RaftServerConfigKeys (ConfUtils.java:logGet(43)) - raft.server.notification.no-leader.timeout = 120s (custom)
2019-09-25 03:45:11,986 [pool-62-thread-1] INFO  server.RaftServerConfigKeys (ConfUtils.java:logGet(43)) - raft.server.log.use.memory = false (default)
2019-09-25 03:45:11,986 [pool-62-thread-1] INFO  server.RaftServerConfigKeys (ConfUtils.java:logGet(43)) - raft.server.log.purge.gap = 1000000 (custom)
2019-09-25 03:45:11,986 [pool-62-thread-1] INFO  server.RaftServerConfigKeys (ConfUtils.java:logGet(43)) - raft.server.log.appender.buffer.byte-limit = 33554432 (custom)
2019-09-25 03:45:11,986 [pool-62-thread-1] INFO  server.RaftServerConfigKeys (ConfUtils.java:logGet(43)) - raft.server.log.segment.size.max = 1048576 (custom)
2019-09-25 03:45:11,986 [pool-62-thread-1] INFO  server.RaftServerConfigKeys (ConfUtils.java:logGet(43)) - raft.server.log.segment.cache.num.max = 2 (custom)
2019-09-25 03:45:11,986 [pool-62-thread-1] INFO  segmented.SegmentedRaftLogWorker (SegmentedRaftLogWorker.java:<init>(172)) - new 0d193d2d-ce27-4ace-8d68-2a8197cbc29b@group-31BA159F0AFE-SegmentedRaftLogWorker for RaftStorage:Storage Directory /workdir/hadoop-ozone/integration-test/target/test-dir/MiniOzoneClusterImpl-87ec6964-4cbb-4ea4-8c8c-f74cd58bfd83/datanode-3/data/ratis/c0317f48-2c06-43bb-bdd5-31ba159f0afe
2019-09-25 03:45:11,986 [pool-62-thread-1] INFO  server.RaftServerConfigKeys (ConfUtils.java:logGet(43)) - raft.server.log.queue.byte-limit = 2147483647 (custom)
2019-09-25 03:45:11,988 [pool-62-thread-1] INFO  server.RaftServerConfigKeys (ConfUtils.java:logGet(43)) - raft.server.log.queue.element-limit = 1024 (custom)
2019-09-25 03:45:11,988 [pool-62-thread-1] INFO  server.RaftServerConfigKeys (ConfUtils.java:logGet(43)) - raft.server.log.segment.size.max = 1048576 (custom)
2019-09-25 03:45:11,988 [pool-62-thread-1] INFO  server.RaftServerConfigKeys (ConfUtils.java:logGet(43)) - raft.server.log.preallocated.size = 16384 (custom)
2019-09-25 03:45:11,988 [pool-62-thread-1] INFO  server.RaftServerConfigKeys (ConfUtils.java:logGet(43)) - raft.server.log.write.buffer.size = 33554432 (custom)
2019-09-25 03:45:11,989 [pool-62-thread-1] INFO  server.RaftServerConfigKeys (ConfUtils.java:logGet(43)) - raft.server.log.force.sync.num = 128 (default)
2019-09-25 03:45:11,989 [pool-62-thread-1] INFO  server.RaftServerConfigKeys (ConfUtils.java:logGet(43)) - raft.server.log.statemachine.data.sync = true (default)
2019-09-25 03:45:11,989 [pool-62-thread-1] INFO  server.RaftServerConfigKeys (ConfUtils.java:logGet(43)) - raft.server.log.statemachine.data.sync.timeout = 10s (default)
2019-09-25 03:45:11,989 [pool-62-thread-1] INFO  server.RaftServerConfigKeys (ConfUtils.java:logGet(43)) - raft.server.log.statemachine.data.sync.timeout.retry = -1 (default)
2019-09-25 03:45:11,989 [pool-62-thread-1] INFO  server.RaftServerConfigKeys (ConfUtils.java:logGet(43)) - raft.server.log.statemachine.data.caching.enabled = true (custom)
2019-09-25 03:45:11,989 [pool-62-thread-1] INFO  segmented.SegmentedRaftLogWorker (SegmentedRaftLogWorker.java:lambda$new$0(132)) - 0d193d2d-ce27-4ace-8d68-2a8197cbc29b@group-31BA159F0AFE-SegmentedRaftLogWorker: flushIndex: setUnconditionally 0 -> -1
2019-09-25 03:45:11,990 [pool-62-thread-1] INFO  server.RaftServerConfigKeys (ConfUtils.java:logGet(43)) - raft.server.snapshot.auto.trigger.enabled = true (custom)
2019-09-25 03:45:11,990 [pool-62-thread-1] INFO  server.RaftServerConfigKeys (ConfUtils.java:logGet(43)) - raft.server.snapshot.auto.trigger.threshold = 10000 (custom)
2019-09-25 03:45:11,990 [pool-62-thread-1] INFO  server.RaftServerConfigKeys (ConfUtils.java:logGet(43)) - raft.server.snapshot.retention.num.files = 5 (custom)
2019-09-25 03:45:11,990 [pool-62-thread-1] INFO  server.RaftServerConfigKeys (ConfUtils.java:logGet(43)) - raft.server.retrycache.expirytime = 600000ms (custom)
2019-09-25 03:45:11,993 [pool-62-thread-1] INFO  impl.RaftServerImpl (RaftServerImpl.java:start(185)) - 0d193d2d-ce27-4ace-8d68-2a8197cbc29b@group-31BA159F0AFE: start as a follower, conf=-1: [0d193d2d-ce27-4ace-8d68-2a8197cbc29b:192.168.151.106:44030], old=null
2019-09-25 03:45:11,993 [pool-62-thread-1] INFO  impl.RaftServerImpl (RaftServerImpl.java:setRole(174)) - 0d193d2d-ce27-4ace-8d68-2a8197cbc29b@group-31BA159F0AFE: changes role from      null to FOLLOWER at term 0 for startAsFollower
2019-09-25 03:45:11,993 [pool-62-thread-1] INFO  impl.RoleInfo (RoleInfo.java:updateAndGet(143)) - 0d193d2d-ce27-4ace-8d68-2a8197cbc29b: start FollowerState
2019-09-25 03:45:11,994 [pool-62-thread-1] INFO  util.JmxRegister (JmxRegister.java:tryRegister(44)) - Successfully registered JMX Bean with object name Ratis:service=RaftServer,group=group-31BA159F0AFE,id=0d193d2d-ce27-4ace-8d68-2a8197cbc29b
2019-09-25 03:45:12,000 [RatisPipelineUtilsThread] INFO  pipeline.PipelineStateManager (PipelineStateManager.java:addPipeline(56)) - Created pipeline Pipeline[ Id: c0317f48-2c06-43bb-bdd5-31ba159f0afe, Nodes: 0d193d2d-ce27-4ace-8d68-2a8197cbc29b{ip: 192.168.151.106, host: pr-hdds-1569-x2sr2-3486766547, networkLocation: /rack1, certSerialId: null}, Type:RATIS, Factor:ONE, State:OPEN]
2019-09-25 03:45:12,000 [RatisPipelineUtilsThread] INFO  pipeline.PipelinePlacementPolicy (PipelinePlacementPolicy.java:meetCriteria(91)) - Pipeline Placement: can't place more pipeline on heavy datanode： d82d563c-708d-4b1b-bd19-b9ed0ca17f6c Heaviness: 6 limit: 5
2019-09-25 03:45:12,010 [grpc-default-executor-0] INFO  impl.RaftServerProxy (RaftServerProxy.java:addNew(89)) - d3b65c3f-c5b1-41a6-92a2-58f72c630ad9: addNew group-04D9BDDCE88E:[d3b65c3f-c5b1-41a6-92a2-58f72c630ad9:192.168.151.106:39450] returns group-04D9BDDCE88E:java.util.concurrent.CompletableFuture@a37ed24[Not completed]
2019-09-25 03:45:12,013 [pool-42-thread-1] INFO  impl.RaftServerImpl (RaftServerImpl.java:<init>(95)) - d3b65c3f-c5b1-41a6-92a2-58f72c630ad9: new RaftServerImpl for group-04D9BDDCE88E:[d3b65c3f-c5b1-41a6-92a2-58f72c630ad9:192.168.151.106:39450] with ContainerStateMachine:uninitialized
2019-09-25 03:45:12,013 [pool-42-thread-1] INFO  server.RaftServerConfigKeys (ConfUtils.java:logGet(43)) - raft.server.rpc.timeout.min = 5s (custom)
2019-09-25 03:45:12,013 [pool-42-thread-1] INFO  server.RaftServerConfigKeys (ConfUtils.java:logGet(43)) - raft.server.rpc.timeout.max = 5200ms (custom)
2019-09-25 03:45:12,013 [pool-42-thread-1] INFO  server.RaftServerConfigKeys (ConfUtils.java:logGet(43)) - raft.server.rpcslowness.timeout = 120s (custom)
2019-09-25 03:45:12,013 [pool-42-thread-1] INFO  server.RaftServerConfigKeys (ConfUtils.java:logGet(43)) - raft.server.sleep.deviation.threshold = 300 (default)
2019-09-25 03:45:12,014 [pool-42-thread-1] INFO  server.RaftServerConfigKeys (ConfUtils.java:logGet(43)) - raft.server.log.appender.install.snapshot.enabled = false (custom)
2019-09-25 03:45:12,014 [pool-42-thread-1] INFO  impl.RaftServerImpl (ServerState.java:<init>(103)) - d3b65c3f-c5b1-41a6-92a2-58f72c630ad9@group-04D9BDDCE88E: ConfigurationManager, init=-1: [d3b65c3f-c5b1-41a6-92a2-58f72c630ad9:192.168.151.106:39450], old=null, confs=<EMPTY_MAP>
2019-09-25 03:45:12,014 [pool-42-thread-1] INFO  server.RaftServerConfigKeys (ConfUtils.java:logGet(43)) - raft.server.storage.dir = [/workdir/hadoop-ozone/integration-test/target/test-dir/MiniOzoneClusterImpl-87ec6964-4cbb-4ea4-8c8c-f74cd58bfd83/datanode-1/data/ratis] (custom)
2019-09-25 03:45:12,015 [pool-42-thread-1] INFO  storage.RaftStorageDirectory (RaftStorageDirectory.java:analyzeStorage(246)) - The storage directory /workdir/hadoop-ozone/integration-test/target/test-dir/MiniOzoneClusterImpl-87ec6964-4cbb-4ea4-8c8c-f74cd58bfd83/datanode-1/data/ratis/1d9e7b59-aad1-438d-862f-04d9bddce88e does not exist. Creating ...
2019-09-25 03:45:12,038 [pool-42-thread-1] INFO  storage.RaftStorageDirectory (RaftStorageDirectory.java:tryLock(328)) - Lock on /workdir/hadoop-ozone/integration-test/target/test-dir/MiniOzoneClusterImpl-87ec6964-4cbb-4ea4-8c8c-f74cd58bfd83/datanode-1/data/ratis/1d9e7b59-aad1-438d-862f-04d9bddce88e/in_use.lock acquired by nodename 13655@pr-hdds-1569-x2sr2-3486766547
2019-09-25 03:45:12,057 [pool-42-thread-1] INFO  storage.RaftStorage (RaftStorage.java:format(72)) - Storage directory /workdir/hadoop-ozone/integration-test/target/test-dir/MiniOzoneClusterImpl-87ec6964-4cbb-4ea4-8c8c-f74cd58bfd83/datanode-1/data/ratis/1d9e7b59-aad1-438d-862f-04d9bddce88e has been successfully formatted.
2019-09-25 03:45:12,057 [pool-42-thread-1] INFO  ratis.ContainerStateMachine (ContainerStateMachine.java:loadSnapshot(230)) - group-04D9BDDCE88E: The snapshot info is null. Setting the last applied indexto:(t:0, i:~)
2019-09-25 03:45:12,057 [pool-42-thread-1] INFO  server.RaftServerConfigKeys (ConfUtils.java:logGet(43)) - raft.server.notification.no-leader.timeout = 120s (custom)
2019-09-25 03:45:12,058 [pool-42-thread-1] INFO  server.RaftServerConfigKeys (ConfUtils.java:logGet(43)) - raft.server.log.use.memory = false (default)
2019-09-25 03:45:12,058 [pool-42-thread-1] INFO  server.RaftServerConfigKeys (ConfUtils.java:logGet(43)) - raft.server.log.purge.gap = 1000000 (custom)
2019-09-25 03:45:12,058 [pool-42-thread-1] INFO  server.RaftServerConfigKeys (ConfUtils.java:logGet(43)) - raft.server.log.appender.buffer.byte-limit = 33554432 (custom)
2019-09-25 03:45:12,058 [pool-42-thread-1] INFO  server.RaftServerConfigKeys (ConfUtils.java:logGet(43)) - raft.server.log.segment.size.max = 1048576 (custom)
2019-09-25 03:45:12,058 [pool-42-thread-1] INFO  server.RaftServerConfigKeys (ConfUtils.java:logGet(43)) - raft.server.log.segment.cache.num.max = 2 (custom)
2019-09-25 03:45:12,058 [pool-42-thread-1] INFO  segmented.SegmentedRaftLogWorker (SegmentedRaftLogWorker.java:<init>(172)) - new d3b65c3f-c5b1-41a6-92a2-58f72c630ad9@group-04D9BDDCE88E-SegmentedRaftLogWorker for RaftStorage:Storage Directory /workdir/hadoop-ozone/integration-test/target/test-dir/MiniOzoneClusterImpl-87ec6964-4cbb-4ea4-8c8c-f74cd58bfd83/datanode-1/data/ratis/1d9e7b59-aad1-438d-862f-04d9bddce88e
2019-09-25 03:45:12,059 [pool-42-thread-1] INFO  server.RaftServerConfigKeys (ConfUtils.java:logGet(43)) - raft.server.log.queue.byte-limit = 2147483647 (custom)
2019-09-25 03:45:12,059 [pool-42-thread-1] INFO  server.RaftServerConfigKeys (ConfUtils.java:logGet(43)) - raft.server.log.queue.element-limit = 1024 (custom)
2019-09-25 03:45:12,059 [pool-42-thread-1] INFO  server.RaftServerConfigKeys (ConfUtils.java:logGet(43)) - raft.server.log.segment.size.max = 1048576 (custom)
2019-09-25 03:45:12,059 [pool-42-thread-1] INFO  server.RaftServerConfigKeys (ConfUtils.java:logGet(43)) - raft.server.log.preallocated.size = 16384 (custom)
2019-09-25 03:45:12,059 [pool-42-thread-1] INFO  server.RaftServerConfigKeys (ConfUtils.java:logGet(43)) - raft.server.log.write.buffer.size = 33554432 (custom)
2019-09-25 03:45:12,059 [pool-42-thread-1] INFO  server.RaftServerConfigKeys (ConfUtils.java:logGet(43)) - raft.server.log.force.sync.num = 128 (default)
2019-09-25 03:45:12,059 [pool-42-thread-1] INFO  server.RaftServerConfigKeys (ConfUtils.java:logGet(43)) - raft.server.log.statemachine.data.sync = true (default)
2019-09-25 03:45:12,060 [pool-42-thread-1] INFO  server.RaftServerConfigKeys (ConfUtils.java:logGet(43)) - raft.server.log.statemachine.data.sync.timeout = 10s (default)
2019-09-25 03:45:12,060 [pool-42-thread-1] INFO  server.RaftServerConfigKeys (ConfUtils.java:logGet(43)) - raft.server.log.statemachine.data.sync.timeout.retry = -1 (default)
2019-09-25 03:45:12,060 [pool-42-thread-1] INFO  server.RaftServerConfigKeys (ConfUtils.java:logGet(43)) - raft.server.log.statemachine.data.caching.enabled = true (custom)
2019-09-25 03:45:12,060 [pool-42-thread-1] INFO  segmented.SegmentedRaftLogWorker (SegmentedRaftLogWorker.java:lambda$new$0(132)) - d3b65c3f-c5b1-41a6-92a2-58f72c630ad9@group-04D9BDDCE88E-SegmentedRaftLogWorker: flushIndex: setUnconditionally 0 -> -1
2019-09-25 03:45:12,061 [pool-42-thread-1] INFO  server.RaftServerConfigKeys (ConfUtils.java:logGet(43)) - raft.server.snapshot.auto.trigger.enabled = true (custom)
2019-09-25 03:45:12,061 [pool-42-thread-1] INFO  server.RaftServerConfigKeys (ConfUtils.java:logGet(43)) - raft.server.snapshot.auto.trigger.threshold = 10000 (custom)
2019-09-25 03:45:12,061 [pool-42-thread-1] INFO  server.RaftServerConfigKeys (ConfUtils.java:logGet(43)) - raft.server.snapshot.retention.num.files = 5 (custom)
2019-09-25 03:45:12,061 [pool-42-thread-1] INFO  server.RaftServerConfigKeys (ConfUtils.java:logGet(43)) - raft.server.retrycache.expirytime = 600000ms (custom)
2019-09-25 03:45:12,064 [pool-42-thread-1] INFO  impl.RaftServerImpl (RaftServerImpl.java:start(185)) - d3b65c3f-c5b1-41a6-92a2-58f72c630ad9@group-04D9BDDCE88E: start as a follower, conf=-1: [d3b65c3f-c5b1-41a6-92a2-58f72c630ad9:192.168.151.106:39450], old=null
2019-09-25 03:45:12,064 [pool-42-thread-1] INFO  impl.RaftServerImpl (RaftServerImpl.java:setRole(174)) - d3b65c3f-c5b1-41a6-92a2-58f72c630ad9@group-04D9BDDCE88E: changes role from      null to FOLLOWER at term 0 for startAsFollower
2019-09-25 03:45:12,065 [pool-42-thread-1] INFO  impl.RoleInfo (RoleInfo.java:updateAndGet(143)) - d3b65c3f-c5b1-41a6-92a2-58f72c630ad9: start FollowerState
2019-09-25 03:45:12,065 [pool-42-thread-1] INFO  util.JmxRegister (JmxRegister.java:tryRegister(44)) - Successfully registered JMX Bean with object name Ratis:service=RaftServer,group=group-04D9BDDCE88E,id=d3b65c3f-c5b1-41a6-92a2-58f72c630ad9
2019-09-25 03:45:12,069 [RatisPipelineUtilsThread] INFO  pipeline.PipelineStateManager (PipelineStateManager.java:addPipeline(56)) - Created pipeline Pipeline[ Id: 1d9e7b59-aad1-438d-862f-04d9bddce88e, Nodes: d3b65c3f-c5b1-41a6-92a2-58f72c630ad9{ip: 192.168.151.106, host: pr-hdds-1569-x2sr2-3486766547, networkLocation: /rack1, certSerialId: null}, Type:RATIS, Factor:ONE, State:OPEN]
2019-09-25 03:45:12,070 [RatisPipelineUtilsThread] INFO  pipeline.PipelinePlacementPolicy (PipelinePlacementPolicy.java:meetCriteria(91)) - Pipeline Placement: can't place more pipeline on heavy datanode： d82d563c-708d-4b1b-bd19-b9ed0ca17f6c Heaviness: 6 limit: 5
2019-09-25 03:45:12,078 [grpc-default-executor-0] INFO  impl.RaftServerProxy (RaftServerProxy.java:addNew(89)) - ab15c39f-6391-49d0-b553-81943ab852f8: addNew group-259F8826BDDE:[ab15c39f-6391-49d0-b553-81943ab852f8:192.168.151.106:41436] returns group-259F8826BDDE:java.util.concurrent.CompletableFuture@6f6f7608[Not completed]
2019-09-25 03:45:12,080 [pool-52-thread-1] INFO  impl.RaftServerImpl (RaftServerImpl.java:<init>(95)) - ab15c39f-6391-49d0-b553-81943ab852f8: new RaftServerImpl for group-259F8826BDDE:[ab15c39f-6391-49d0-b553-81943ab852f8:192.168.151.106:41436] with ContainerStateMachine:uninitialized
2019-09-25 03:45:12,080 [pool-52-thread-1] INFO  server.RaftServerConfigKeys (ConfUtils.java:logGet(43)) - raft.server.rpc.timeout.min = 5s (custom)
2019-09-25 03:45:12,080 [pool-52-thread-1] INFO  server.RaftServerConfigKeys (ConfUtils.java:logGet(43)) - raft.server.rpc.timeout.max = 5200ms (custom)
2019-09-25 03:45:12,080 [pool-52-thread-1] INFO  server.RaftServerConfigKeys (ConfUtils.java:logGet(43)) - raft.server.rpcslowness.timeout = 120s (custom)
2019-09-25 03:45:12,081 [pool-52-thread-1] INFO  server.RaftServerConfigKeys (ConfUtils.java:logGet(43)) - raft.server.sleep.deviation.threshold = 300 (default)
2019-09-25 03:45:12,081 [pool-52-thread-1] INFO  server.RaftServerConfigKeys (ConfUtils.java:logGet(43)) - raft.server.log.appender.install.snapshot.enabled = false (custom)
2019-09-25 03:45:12,081 [pool-52-thread-1] INFO  impl.RaftServerImpl (ServerState.java:<init>(103)) - ab15c39f-6391-49d0-b553-81943ab852f8@group-259F8826BDDE: ConfigurationManager, init=-1: [ab15c39f-6391-49d0-b553-81943ab852f8:192.168.151.106:41436], old=null, confs=<EMPTY_MAP>
2019-09-25 03:45:12,081 [pool-52-thread-1] INFO  server.RaftServerConfigKeys (ConfUtils.java:logGet(43)) - raft.server.storage.dir = [/workdir/hadoop-ozone/integration-test/target/test-dir/MiniOzoneClusterImpl-87ec6964-4cbb-4ea4-8c8c-f74cd58bfd83/datanode-2/data/ratis] (custom)
2019-09-25 03:45:12,082 [pool-52-thread-1] INFO  storage.RaftStorageDirectory (RaftStorageDirectory.java:analyzeStorage(246)) - The storage directory /workdir/hadoop-ozone/integration-test/target/test-dir/MiniOzoneClusterImpl-87ec6964-4cbb-4ea4-8c8c-f74cd58bfd83/datanode-2/data/ratis/553bcfb4-a1e7-43b0-a1d8-259f8826bdde does not exist. Creating ...
2019-09-25 03:45:12,103 [pool-52-thread-1] INFO  storage.RaftStorageDirectory (RaftStorageDirectory.java:tryLock(328)) - Lock on /workdir/hadoop-ozone/integration-test/target/test-dir/MiniOzoneClusterImpl-87ec6964-4cbb-4ea4-8c8c-f74cd58bfd83/datanode-2/data/ratis/553bcfb4-a1e7-43b0-a1d8-259f8826bdde/in_use.lock acquired by nodename 13655@pr-hdds-1569-x2sr2-3486766547
2019-09-25 03:45:12,476 [pool-52-thread-1] INFO  storage.RaftStorage (RaftStorage.java:format(72)) - Storage directory /workdir/hadoop-ozone/integration-test/target/test-dir/MiniOzoneClusterImpl-87ec6964-4cbb-4ea4-8c8c-f74cd58bfd83/datanode-2/data/ratis/553bcfb4-a1e7-43b0-a1d8-259f8826bdde has been successfully formatted.
2019-09-25 03:45:12,483 [pool-52-thread-1] INFO  ratis.ContainerStateMachine (ContainerStateMachine.java:loadSnapshot(230)) - group-259F8826BDDE: The snapshot info is null. Setting the last applied indexto:(t:0, i:~)
2019-09-25 03:45:12,483 [pool-52-thread-1] INFO  server.RaftServerConfigKeys (ConfUtils.java:logGet(43)) - raft.server.notification.no-leader.timeout = 120s (custom)
2019-09-25 03:45:12,485 [pool-52-thread-1] INFO  server.RaftServerConfigKeys (ConfUtils.java:logGet(43)) - raft.server.log.use.memory = false (default)
2019-09-25 03:45:12,487 [pool-52-thread-1] INFO  server.RaftServerConfigKeys (ConfUtils.java:logGet(43)) - raft.server.log.purge.gap = 1000000 (custom)
2019-09-25 03:45:12,487 [pool-52-thread-1] INFO  server.RaftServerConfigKeys (ConfUtils.java:logGet(43)) - raft.server.log.appender.buffer.byte-limit = 33554432 (custom)
2019-09-25 03:45:12,487 [pool-52-thread-1] INFO  server.RaftServerConfigKeys (ConfUtils.java:logGet(43)) - raft.server.log.segment.size.max = 1048576 (custom)
2019-09-25 03:45:12,489 [pool-52-thread-1] INFO  server.RaftServerConfigKeys (ConfUtils.java:logGet(43)) - raft.server.log.segment.cache.num.max = 2 (custom)
2019-09-25 03:45:12,489 [pool-52-thread-1] INFO  segmented.SegmentedRaftLogWorker (SegmentedRaftLogWorker.java:<init>(172)) - new ab15c39f-6391-49d0-b553-81943ab852f8@group-259F8826BDDE-SegmentedRaftLogWorker for RaftStorage:Storage Directory /workdir/hadoop-ozone/integration-test/target/test-dir/MiniOzoneClusterImpl-87ec6964-4cbb-4ea4-8c8c-f74cd58bfd83/datanode-2/data/ratis/553bcfb4-a1e7-43b0-a1d8-259f8826bdde
2019-09-25 03:45:12,489 [pool-52-thread-1] INFO  server.RaftServerConfigKeys (ConfUtils.java:logGet(43)) - raft.server.log.queue.byte-limit = 2147483647 (custom)
2019-09-25 03:45:12,489 [pool-52-thread-1] INFO  server.RaftServerConfigKeys (ConfUtils.java:logGet(43)) - raft.server.log.queue.element-limit = 1024 (custom)
2019-09-25 03:45:12,491 [pool-52-thread-1] INFO  server.RaftServerConfigKeys (ConfUtils.java:logGet(43)) - raft.server.log.segment.size.max = 1048576 (custom)
2019-09-25 03:45:12,492 [pool-52-thread-1] INFO  server.RaftServerConfigKeys (ConfUtils.java:logGet(43)) - raft.server.log.preallocated.size = 16384 (custom)
2019-09-25 03:45:12,494 [pool-52-thread-1] INFO  server.RaftServerConfigKeys (ConfUtils.java:logGet(43)) - raft.server.log.write.buffer.size = 33554432 (custom)
2019-09-25 03:45:12,496 [pool-52-thread-1] INFO  server.RaftServerConfigKeys (ConfUtils.java:logGet(43)) - raft.server.log.force.sync.num = 128 (default)
2019-09-25 03:45:12,496 [pool-52-thread-1] INFO  server.RaftServerConfigKeys (ConfUtils.java:logGet(43)) - raft.server.log.statemachine.data.sync = true (default)
2019-09-25 03:45:12,499 [pool-52-thread-1] INFO  server.RaftServerConfigKeys (ConfUtils.java:logGet(43)) - raft.server.log.statemachine.data.sync.timeout = 10s (default)
2019-09-25 03:45:12,500 [pool-52-thread-1] INFO  server.RaftServerConfigKeys (ConfUtils.java:logGet(43)) - raft.server.log.statemachine.data.sync.timeout.retry = -1 (default)
2019-09-25 03:45:12,502 [pool-52-thread-1] INFO  server.RaftServerConfigKeys (ConfUtils.java:logGet(43)) - raft.server.log.statemachine.data.caching.enabled = true (custom)
2019-09-25 03:45:12,502 [pool-52-thread-1] INFO  segmented.SegmentedRaftLogWorker (SegmentedRaftLogWorker.java:lambda$new$0(132)) - ab15c39f-6391-49d0-b553-81943ab852f8@group-259F8826BDDE-SegmentedRaftLogWorker: flushIndex: setUnconditionally 0 -> -1
2019-09-25 03:45:12,503 [pool-52-thread-1] INFO  server.RaftServerConfigKeys (ConfUtils.java:logGet(43)) - raft.server.snapshot.auto.trigger.enabled = true (custom)
2019-09-25 03:45:12,504 [pool-52-thread-1] INFO  server.RaftServerConfigKeys (ConfUtils.java:logGet(43)) - raft.server.snapshot.auto.trigger.threshold = 10000 (custom)
2019-09-25 03:45:12,504 [pool-52-thread-1] INFO  server.RaftServerConfigKeys (ConfUtils.java:logGet(43)) - raft.server.snapshot.retention.num.files = 5 (custom)
2019-09-25 03:45:12,504 [pool-52-thread-1] INFO  server.RaftServerConfigKeys (ConfUtils.java:logGet(43)) - raft.server.retrycache.expirytime = 600000ms (custom)
2019-09-25 03:45:12,508 [pool-52-thread-1] INFO  impl.RaftServerImpl (RaftServerImpl.java:start(185)) - ab15c39f-6391-49d0-b553-81943ab852f8@group-259F8826BDDE: start as a follower, conf=-1: [ab15c39f-6391-49d0-b553-81943ab852f8:192.168.151.106:41436], old=null
2019-09-25 03:45:12,508 [pool-52-thread-1] INFO  impl.RaftServerImpl (RaftServerImpl.java:setRole(174)) - ab15c39f-6391-49d0-b553-81943ab852f8@group-259F8826BDDE: changes role from      null to FOLLOWER at term 0 for startAsFollower
2019-09-25 03:45:12,509 [pool-52-thread-1] INFO  impl.RoleInfo (RoleInfo.java:updateAndGet(143)) - ab15c39f-6391-49d0-b553-81943ab852f8: start FollowerState
2019-09-25 03:45:12,510 [pool-52-thread-1] INFO  util.JmxRegister (JmxRegister.java:tryRegister(44)) - Successfully registered JMX Bean with object name Ratis:service=RaftServer,group=group-259F8826BDDE,id=ab15c39f-6391-49d0-b553-81943ab852f8
2019-09-25 03:45:12,539 [RatisPipelineUtilsThread] INFO  pipeline.PipelineStateManager (PipelineStateManager.java:addPipeline(56)) - Created pipeline Pipeline[ Id: 553bcfb4-a1e7-43b0-a1d8-259f8826bdde, Nodes: ab15c39f-6391-49d0-b553-81943ab852f8{ip: 192.168.151.106, host: pr-hdds-1569-x2sr2-3486766547, networkLocation: /rack1, certSerialId: null}, Type:RATIS, Factor:ONE, State:OPEN]
2019-09-25 03:45:12,539 [RatisPipelineUtilsThread] INFO  pipeline.PipelinePlacementPolicy (PipelinePlacementPolicy.java:meetCriteria(91)) - Pipeline Placement: can't place more pipeline on heavy datanode： d82d563c-708d-4b1b-bd19-b9ed0ca17f6c Heaviness: 6 limit: 5
2019-09-25 03:45:12,551 [grpc-default-executor-0] INFO  impl.RaftServerProxy (RaftServerProxy.java:addNew(89)) - 0d193d2d-ce27-4ace-8d68-2a8197cbc29b: addNew group-BB20EED782F5:[0d193d2d-ce27-4ace-8d68-2a8197cbc29b:192.168.151.106:44030] returns group-BB20EED782F5:java.util.concurrent.CompletableFuture@5b60e4d7[Not completed]
2019-09-25 03:45:12,553 [pool-62-thread-1] INFO  impl.RaftServerImpl (RaftServerImpl.java:<init>(95)) - 0d193d2d-ce27-4ace-8d68-2a8197cbc29b: new RaftServerImpl for group-BB20EED782F5:[0d193d2d-ce27-4ace-8d68-2a8197cbc29b:192.168.151.106:44030] with ContainerStateMachine:uninitialized
2019-09-25 03:45:12,554 [pool-62-thread-1] INFO  server.RaftServerConfigKeys (ConfUtils.java:logGet(43)) - raft.server.rpc.timeout.min = 5s (custom)
2019-09-25 03:45:12,554 [pool-62-thread-1] INFO  server.RaftServerConfigKeys (ConfUtils.java:logGet(43)) - raft.server.rpc.timeout.max = 5200ms (custom)
2019-09-25 03:45:12,554 [pool-62-thread-1] INFO  server.RaftServerConfigKeys (ConfUtils.java:logGet(43)) - raft.server.rpcslowness.timeout = 120s (custom)
2019-09-25 03:45:12,554 [pool-62-thread-1] INFO  server.RaftServerConfigKeys (ConfUtils.java:logGet(43)) - raft.server.sleep.deviation.threshold = 300 (default)
2019-09-25 03:45:12,554 [pool-62-thread-1] INFO  server.RaftServerConfigKeys (ConfUtils.java:logGet(43)) - raft.server.log.appender.install.snapshot.enabled = false (custom)
2019-09-25 03:45:12,555 [pool-62-thread-1] INFO  impl.RaftServerImpl (ServerState.java:<init>(103)) - 0d193d2d-ce27-4ace-8d68-2a8197cbc29b@group-BB20EED782F5: ConfigurationManager, init=-1: [0d193d2d-ce27-4ace-8d68-2a8197cbc29b:192.168.151.106:44030], old=null, confs=<EMPTY_MAP>
2019-09-25 03:45:12,555 [pool-62-thread-1] INFO  server.RaftServerConfigKeys (ConfUtils.java:logGet(43)) - raft.server.storage.dir = [/workdir/hadoop-ozone/integration-test/target/test-dir/MiniOzoneClusterImpl-87ec6964-4cbb-4ea4-8c8c-f74cd58bfd83/datanode-3/data/ratis] (custom)
2019-09-25 03:45:12,555 [pool-62-thread-1] INFO  storage.RaftStorageDirectory (RaftStorageDirectory.java:analyzeStorage(246)) - The storage directory /workdir/hadoop-ozone/integration-test/target/test-dir/MiniOzoneClusterImpl-87ec6964-4cbb-4ea4-8c8c-f74cd58bfd83/datanode-3/data/ratis/8573d653-c3ca-47f7-9f6f-bb20eed782f5 does not exist. Creating ...
2019-09-25 03:45:12,569 [pool-62-thread-1] INFO  storage.RaftStorageDirectory (RaftStorageDirectory.java:tryLock(328)) - Lock on /workdir/hadoop-ozone/integration-test/target/test-dir/MiniOzoneClusterImpl-87ec6964-4cbb-4ea4-8c8c-f74cd58bfd83/datanode-3/data/ratis/8573d653-c3ca-47f7-9f6f-bb20eed782f5/in_use.lock acquired by nodename 13655@pr-hdds-1569-x2sr2-3486766547
2019-09-25 03:45:12,595 [pool-62-thread-1] INFO  storage.RaftStorage (RaftStorage.java:format(72)) - Storage directory /workdir/hadoop-ozone/integration-test/target/test-dir/MiniOzoneClusterImpl-87ec6964-4cbb-4ea4-8c8c-f74cd58bfd83/datanode-3/data/ratis/8573d653-c3ca-47f7-9f6f-bb20eed782f5 has been successfully formatted.
2019-09-25 03:45:12,596 [pool-62-thread-1] INFO  ratis.ContainerStateMachine (ContainerStateMachine.java:loadSnapshot(230)) - group-BB20EED782F5: The snapshot info is null. Setting the last applied indexto:(t:0, i:~)
2019-09-25 03:45:12,596 [pool-62-thread-1] INFO  server.RaftServerConfigKeys (ConfUtils.java:logGet(43)) - raft.server.notification.no-leader.timeout = 120s (custom)
2019-09-25 03:45:12,597 [pool-62-thread-1] INFO  server.RaftServerConfigKeys (ConfUtils.java:logGet(43)) - raft.server.log.use.memory = false (default)
2019-09-25 03:45:12,597 [pool-62-thread-1] INFO  server.RaftServerConfigKeys (ConfUtils.java:logGet(43)) - raft.server.log.purge.gap = 1000000 (custom)
2019-09-25 03:45:12,597 [pool-62-thread-1] INFO  server.RaftServerConfigKeys (ConfUtils.java:logGet(43)) - raft.server.log.appender.buffer.byte-limit = 33554432 (custom)
2019-09-25 03:45:12,597 [pool-62-thread-1] INFO  server.RaftServerConfigKeys (ConfUtils.java:logGet(43)) - raft.server.log.segment.size.max = 1048576 (custom)
2019-09-25 03:45:12,597 [pool-62-thread-1] INFO  server.RaftServerConfigKeys (ConfUtils.java:logGet(43)) - raft.server.log.segment.cache.num.max = 2 (custom)
2019-09-25 03:45:12,598 [pool-62-thread-1] INFO  segmented.SegmentedRaftLogWorker (SegmentedRaftLogWorker.java:<init>(172)) - new 0d193d2d-ce27-4ace-8d68-2a8197cbc29b@group-BB20EED782F5-SegmentedRaftLogWorker for RaftStorage:Storage Directory /workdir/hadoop-ozone/integration-test/target/test-dir/MiniOzoneClusterImpl-87ec6964-4cbb-4ea4-8c8c-f74cd58bfd83/datanode-3/data/ratis/8573d653-c3ca-47f7-9f6f-bb20eed782f5
2019-09-25 03:45:12,598 [pool-62-thread-1] INFO  server.RaftServerConfigKeys (ConfUtils.java:logGet(43)) - raft.server.log.queue.byte-limit = 2147483647 (custom)
2019-09-25 03:45:12,598 [pool-62-thread-1] INFO  server.RaftServerConfigKeys (ConfUtils.java:logGet(43)) - raft.server.log.queue.element-limit = 1024 (custom)
2019-09-25 03:45:12,598 [pool-62-thread-1] INFO  server.RaftServerConfigKeys (ConfUtils.java:logGet(43)) - raft.server.log.segment.size.max = 1048576 (custom)
2019-09-25 03:45:12,598 [pool-62-thread-1] INFO  server.RaftServerConfigKeys (ConfUtils.java:logGet(43)) - raft.server.log.preallocated.size = 16384 (custom)
2019-09-25 03:45:12,598 [pool-62-thread-1] INFO  server.RaftServerConfigKeys (ConfUtils.java:logGet(43)) - raft.server.log.write.buffer.size = 33554432 (custom)
2019-09-25 03:45:12,599 [pool-62-thread-1] INFO  server.RaftServerConfigKeys (ConfUtils.java:logGet(43)) - raft.server.log.force.sync.num = 128 (default)
2019-09-25 03:45:12,599 [pool-62-thread-1] INFO  server.RaftServerConfigKeys (ConfUtils.java:logGet(43)) - raft.server.log.statemachine.data.sync = true (default)
2019-09-25 03:45:12,599 [pool-62-thread-1] INFO  server.RaftServerConfigKeys (ConfUtils.java:logGet(43)) - raft.server.log.statemachine.data.sync.timeout = 10s (default)
2019-09-25 03:45:12,599 [pool-62-thread-1] INFO  server.RaftServerConfigKeys (ConfUtils.java:logGet(43)) - raft.server.log.statemachine.data.sync.timeout.retry = -1 (default)
2019-09-25 03:45:12,599 [pool-62-thread-1] INFO  server.RaftServerConfigKeys (ConfUtils.java:logGet(43)) - raft.server.log.statemachine.data.caching.enabled = true (custom)
2019-09-25 03:45:12,600 [pool-62-thread-1] INFO  segmented.SegmentedRaftLogWorker (SegmentedRaftLogWorker.java:lambda$new$0(132)) - 0d193d2d-ce27-4ace-8d68-2a8197cbc29b@group-BB20EED782F5-SegmentedRaftLogWorker: flushIndex: setUnconditionally 0 -> -1
2019-09-25 03:45:12,600 [pool-62-thread-1] INFO  server.RaftServerConfigKeys (ConfUtils.java:logGet(43)) - raft.server.snapshot.auto.trigger.enabled = true (custom)
2019-09-25 03:45:12,600 [pool-62-thread-1] INFO  server.RaftServerConfigKeys (ConfUtils.java:logGet(43)) - raft.server.snapshot.auto.trigger.threshold = 10000 (custom)
2019-09-25 03:45:12,600 [pool-62-thread-1] INFO  server.RaftServerConfigKeys (ConfUtils.java:logGet(43)) - raft.server.snapshot.retention.num.files = 5 (custom)
2019-09-25 03:45:12,601 [pool-62-thread-1] INFO  server.RaftServerConfigKeys (ConfUtils.java:logGet(43)) - raft.server.retrycache.expirytime = 600000ms (custom)
2019-09-25 03:45:12,604 [pool-62-thread-1] INFO  impl.RaftServerImpl (RaftServerImpl.java:start(185)) - 0d193d2d-ce27-4ace-8d68-2a8197cbc29b@group-BB20EED782F5: start as a follower, conf=-1: [0d193d2d-ce27-4ace-8d68-2a8197cbc29b:192.168.151.106:44030], old=null
2019-09-25 03:45:12,604 [pool-62-thread-1] INFO  impl.RaftServerImpl (RaftServerImpl.java:setRole(174)) - 0d193d2d-ce27-4ace-8d68-2a8197cbc29b@group-BB20EED782F5: changes role from      null to FOLLOWER at term 0 for startAsFollower
2019-09-25 03:45:12,604 [pool-62-thread-1] INFO  impl.RoleInfo (RoleInfo.java:updateAndGet(143)) - 0d193d2d-ce27-4ace-8d68-2a8197cbc29b: start FollowerState
2019-09-25 03:45:12,604 [Thread-256] INFO  rpc.RpcClient (RpcClient.java:createVolume(276)) - Creating Volume: 14d1e0e4-58e4-4141-9fd5-835e43c585aa, with jenkins1000 as owner.
2019-09-25 03:45:12,609 [pool-62-thread-1] INFO  util.JmxRegister (JmxRegister.java:tryRegister(44)) - Successfully registered JMX Bean with object name Ratis:service=RaftServer,group=group-BB20EED782F5,id=0d193d2d-ce27-4ace-8d68-2a8197cbc29b
2019-09-25 03:45:12,620 [RatisPipelineUtilsThread] INFO  pipeline.PipelineStateManager (PipelineStateManager.java:addPipeline(56)) - Created pipeline Pipeline[ Id: 8573d653-c3ca-47f7-9f6f-bb20eed782f5, Nodes: 0d193d2d-ce27-4ace-8d68-2a8197cbc29b{ip: 192.168.151.106, host: pr-hdds-1569-x2sr2-3486766547, networkLocation: /rack1, certSerialId: null}, Type:RATIS, Factor:ONE, State:OPEN]
2019-09-25 03:45:12,620 [RatisPipelineUtilsThread] INFO  pipeline.PipelinePlacementPolicy (PipelinePlacementPolicy.java:meetCriteria(91)) - Pipeline Placement: can't place more pipeline on heavy datanode： d82d563c-708d-4b1b-bd19-b9ed0ca17f6c Heaviness: 6 limit: 5
2019-09-25 03:45:12,647 [grpc-default-executor-0] INFO  impl.RaftServerProxy (RaftServerProxy.java:addNew(89)) - d3b65c3f-c5b1-41a6-92a2-58f72c630ad9: addNew group-A32FAB150EE4:[d3b65c3f-c5b1-41a6-92a2-58f72c630ad9:192.168.151.106:39450] returns group-A32FAB150EE4:java.util.concurrent.CompletableFuture@4362beef[Not completed]
2019-09-25 03:45:12,649 [pool-42-thread-1] INFO  impl.RaftServerImpl (RaftServerImpl.java:<init>(95)) - d3b65c3f-c5b1-41a6-92a2-58f72c630ad9: new RaftServerImpl for group-A32FAB150EE4:[d3b65c3f-c5b1-41a6-92a2-58f72c630ad9:192.168.151.106:39450] with ContainerStateMachine:uninitialized
2019-09-25 03:45:12,649 [pool-42-thread-1] INFO  server.RaftServerConfigKeys (ConfUtils.java:logGet(43)) - raft.server.rpc.timeout.min = 5s (custom)
2019-09-25 03:45:12,649 [pool-42-thread-1] INFO  server.RaftServerConfigKeys (ConfUtils.java:logGet(43)) - raft.server.rpc.timeout.max = 5200ms (custom)
2019-09-25 03:45:12,649 [pool-42-thread-1] INFO  server.RaftServerConfigKeys (ConfUtils.java:logGet(43)) - raft.server.rpcslowness.timeout = 120s (custom)
2019-09-25 03:45:12,649 [pool-42-thread-1] INFO  server.RaftServerConfigKeys (ConfUtils.java:logGet(43)) - raft.server.sleep.deviation.threshold = 300 (default)
2019-09-25 03:45:12,650 [pool-42-thread-1] INFO  server.RaftServerConfigKeys (ConfUtils.java:logGet(43)) - raft.server.log.appender.install.snapshot.enabled = false (custom)
2019-09-25 03:45:12,650 [pool-42-thread-1] INFO  impl.RaftServerImpl (ServerState.java:<init>(103)) - d3b65c3f-c5b1-41a6-92a2-58f72c630ad9@group-A32FAB150EE4: ConfigurationManager, init=-1: [d3b65c3f-c5b1-41a6-92a2-58f72c630ad9:192.168.151.106:39450], old=null, confs=<EMPTY_MAP>
2019-09-25 03:45:12,650 [pool-42-thread-1] INFO  server.RaftServerConfigKeys (ConfUtils.java:logGet(43)) - raft.server.storage.dir = [/workdir/hadoop-ozone/integration-test/target/test-dir/MiniOzoneClusterImpl-87ec6964-4cbb-4ea4-8c8c-f74cd58bfd83/datanode-1/data/ratis] (custom)
2019-09-25 03:45:12,650 [pool-42-thread-1] INFO  storage.RaftStorageDirectory (RaftStorageDirectory.java:analyzeStorage(246)) - The storage directory /workdir/hadoop-ozone/integration-test/target/test-dir/MiniOzoneClusterImpl-87ec6964-4cbb-4ea4-8c8c-f74cd58bfd83/datanode-1/data/ratis/14fbc6c6-49b2-460e-9bad-a32fab150ee4 does not exist. Creating ...
2019-09-25 03:45:12,667 [pool-42-thread-1] INFO  storage.RaftStorageDirectory (RaftStorageDirectory.java:tryLock(328)) - Lock on /workdir/hadoop-ozone/integration-test/target/test-dir/MiniOzoneClusterImpl-87ec6964-4cbb-4ea4-8c8c-f74cd58bfd83/datanode-1/data/ratis/14fbc6c6-49b2-460e-9bad-a32fab150ee4/in_use.lock acquired by nodename 13655@pr-hdds-1569-x2sr2-3486766547
2019-09-25 03:45:12,680 [pool-42-thread-1] INFO  storage.RaftStorage (RaftStorage.java:format(72)) - Storage directory /workdir/hadoop-ozone/integration-test/target/test-dir/MiniOzoneClusterImpl-87ec6964-4cbb-4ea4-8c8c-f74cd58bfd83/datanode-1/data/ratis/14fbc6c6-49b2-460e-9bad-a32fab150ee4 has been successfully formatted.
2019-09-25 03:45:12,681 [pool-42-thread-1] INFO  ratis.ContainerStateMachine (ContainerStateMachine.java:loadSnapshot(230)) - group-A32FAB150EE4: The snapshot info is null. Setting the last applied indexto:(t:0, i:~)
2019-09-25 03:45:12,681 [pool-42-thread-1] INFO  server.RaftServerConfigKeys (ConfUtils.java:logGet(43)) - raft.server.notification.no-leader.timeout = 120s (custom)
2019-09-25 03:45:12,681 [pool-42-thread-1] INFO  server.RaftServerConfigKeys (ConfUtils.java:logGet(43)) - raft.server.log.use.memory = false (default)
2019-09-25 03:45:12,682 [pool-42-thread-1] INFO  server.RaftServerConfigKeys (ConfUtils.java:logGet(43)) - raft.server.log.purge.gap = 1000000 (custom)
2019-09-25 03:45:12,682 [pool-42-thread-1] INFO  server.RaftServerConfigKeys (ConfUtils.java:logGet(43)) - raft.server.log.appender.buffer.byte-limit = 33554432 (custom)
2019-09-25 03:45:12,682 [pool-42-thread-1] INFO  server.RaftServerConfigKeys (ConfUtils.java:logGet(43)) - raft.server.log.segment.size.max = 1048576 (custom)
2019-09-25 03:45:12,682 [pool-42-thread-1] INFO  server.RaftServerConfigKeys (ConfUtils.java:logGet(43)) - raft.server.log.segment.cache.num.max = 2 (custom)
2019-09-25 03:45:12,682 [pool-42-thread-1] INFO  segmented.SegmentedRaftLogWorker (SegmentedRaftLogWorker.java:<init>(172)) - new d3b65c3f-c5b1-41a6-92a2-58f72c630ad9@group-A32FAB150EE4-SegmentedRaftLogWorker for RaftStorage:Storage Directory /workdir/hadoop-ozone/integration-test/target/test-dir/MiniOzoneClusterImpl-87ec6964-4cbb-4ea4-8c8c-f74cd58bfd83/datanode-1/data/ratis/14fbc6c6-49b2-460e-9bad-a32fab150ee4
2019-09-25 03:45:12,682 [pool-42-thread-1] INFO  server.RaftServerConfigKeys (ConfUtils.java:logGet(43)) - raft.server.log.queue.byte-limit = 2147483647 (custom)
2019-09-25 03:45:12,683 [pool-42-thread-1] INFO  server.RaftServerConfigKeys (ConfUtils.java:logGet(43)) - raft.server.log.queue.element-limit = 1024 (custom)
2019-09-25 03:45:12,683 [pool-42-thread-1] INFO  server.RaftServerConfigKeys (ConfUtils.java:logGet(43)) - raft.server.log.segment.size.max = 1048576 (custom)
2019-09-25 03:45:12,683 [pool-42-thread-1] INFO  server.RaftServerConfigKeys (ConfUtils.java:logGet(43)) - raft.server.log.preallocated.size = 16384 (custom)
2019-09-25 03:45:12,683 [pool-42-thread-1] INFO  server.RaftServerConfigKeys (ConfUtils.java:logGet(43)) - raft.server.log.write.buffer.size = 33554432 (custom)
2019-09-25 03:45:12,683 [pool-42-thread-1] INFO  server.RaftServerConfigKeys (ConfUtils.java:logGet(43)) - raft.server.log.force.sync.num = 128 (default)
2019-09-25 03:45:12,683 [pool-42-thread-1] INFO  server.RaftServerConfigKeys (ConfUtils.java:logGet(43)) - raft.server.log.statemachine.data.sync = true (default)
2019-09-25 03:45:12,684 [pool-42-thread-1] INFO  server.RaftServerConfigKeys (ConfUtils.java:logGet(43)) - raft.server.log.statemachine.data.sync.timeout = 10s (default)
2019-09-25 03:45:12,684 [pool-42-thread-1] INFO  server.RaftServerConfigKeys (ConfUtils.java:logGet(43)) - raft.server.log.statemachine.data.sync.timeout.retry = -1 (default)
2019-09-25 03:45:12,684 [pool-42-thread-1] INFO  server.RaftServerConfigKeys (ConfUtils.java:logGet(43)) - raft.server.log.statemachine.data.caching.enabled = true (custom)
2019-09-25 03:45:12,684 [pool-42-thread-1] INFO  segmented.SegmentedRaftLogWorker (SegmentedRaftLogWorker.java:lambda$new$0(132)) - d3b65c3f-c5b1-41a6-92a2-58f72c630ad9@group-A32FAB150EE4-SegmentedRaftLogWorker: flushIndex: setUnconditionally 0 -> -1
2019-09-25 03:45:12,685 [pool-42-thread-1] INFO  server.RaftServerConfigKeys (ConfUtils.java:logGet(43)) - raft.server.snapshot.auto.trigger.enabled = true (custom)
2019-09-25 03:45:12,685 [pool-42-thread-1] INFO  server.RaftServerConfigKeys (ConfUtils.java:logGet(43)) - raft.server.snapshot.auto.trigger.threshold = 10000 (custom)
2019-09-25 03:45:12,685 [pool-42-thread-1] INFO  server.RaftServerConfigKeys (ConfUtils.java:logGet(43)) - raft.server.snapshot.retention.num.files = 5 (custom)
2019-09-25 03:45:12,685 [pool-42-thread-1] INFO  server.RaftServerConfigKeys (ConfUtils.java:logGet(43)) - raft.server.retrycache.expirytime = 600000ms (custom)
2019-09-25 03:45:12,689 [pool-42-thread-1] INFO  impl.RaftServerImpl (RaftServerImpl.java:start(185)) - d3b65c3f-c5b1-41a6-92a2-58f72c630ad9@group-A32FAB150EE4: start as a follower, conf=-1: [d3b65c3f-c5b1-41a6-92a2-58f72c630ad9:192.168.151.106:39450], old=null
2019-09-25 03:45:12,689 [pool-42-thread-1] INFO  impl.RaftServerImpl (RaftServerImpl.java:setRole(174)) - d3b65c3f-c5b1-41a6-92a2-58f72c630ad9@group-A32FAB150EE4: changes role from      null to FOLLOWER at term 0 for startAsFollower
2019-09-25 03:45:12,689 [pool-42-thread-1] INFO  impl.RoleInfo (RoleInfo.java:updateAndGet(143)) - d3b65c3f-c5b1-41a6-92a2-58f72c630ad9: start FollowerState
2019-09-25 03:45:12,689 [pool-42-thread-1] INFO  util.JmxRegister (JmxRegister.java:tryRegister(44)) - Successfully registered JMX Bean with object name Ratis:service=RaftServer,group=group-A32FAB150EE4,id=d3b65c3f-c5b1-41a6-92a2-58f72c630ad9
2019-09-25 03:45:12,701 [RatisPipelineUtilsThread] INFO  pipeline.PipelineStateManager (PipelineStateManager.java:addPipeline(56)) - Created pipeline Pipeline[ Id: 14fbc6c6-49b2-460e-9bad-a32fab150ee4, Nodes: d3b65c3f-c5b1-41a6-92a2-58f72c630ad9{ip: 192.168.151.106, host: pr-hdds-1569-x2sr2-3486766547, networkLocation: /rack1, certSerialId: null}, Type:RATIS, Factor:ONE, State:OPEN]
2019-09-25 03:45:12,704 [RatisPipelineUtilsThread] INFO  pipeline.PipelinePlacementPolicy (PipelinePlacementPolicy.java:meetCriteria(91)) - Pipeline Placement: can't place more pipeline on heavy datanode： d3b65c3f-c5b1-41a6-92a2-58f72c630ad9 Heaviness: 6 limit: 5
2019-09-25 03:45:12,705 [RatisPipelineUtilsThread] INFO  pipeline.PipelinePlacementPolicy (PipelinePlacementPolicy.java:meetCriteria(91)) - Pipeline Placement: can't place more pipeline on heavy datanode： d82d563c-708d-4b1b-bd19-b9ed0ca17f6c Heaviness: 6 limit: 5
2019-09-25 03:45:12,734 [grpc-default-executor-0] INFO  impl.RaftServerProxy (RaftServerProxy.java:addNew(89)) - 0d193d2d-ce27-4ace-8d68-2a8197cbc29b: addNew group-B545BDAB9486:[0d193d2d-ce27-4ace-8d68-2a8197cbc29b:192.168.151.106:44030] returns group-B545BDAB9486:java.util.concurrent.CompletableFuture@2a91fca4[Not completed]
2019-09-25 03:45:12,863 [pool-62-thread-1] INFO  impl.RaftServerImpl (RaftServerImpl.java:<init>(95)) - 0d193d2d-ce27-4ace-8d68-2a8197cbc29b: new RaftServerImpl for group-B545BDAB9486:[0d193d2d-ce27-4ace-8d68-2a8197cbc29b:192.168.151.106:44030] with ContainerStateMachine:uninitialized
2019-09-25 03:45:12,863 [pool-62-thread-1] INFO  server.RaftServerConfigKeys (ConfUtils.java:logGet(43)) - raft.server.rpc.timeout.min = 5s (custom)
2019-09-25 03:45:12,863 [pool-62-thread-1] INFO  server.RaftServerConfigKeys (ConfUtils.java:logGet(43)) - raft.server.rpc.timeout.max = 5200ms (custom)
2019-09-25 03:45:12,864 [pool-62-thread-1] INFO  server.RaftServerConfigKeys (ConfUtils.java:logGet(43)) - raft.server.rpcslowness.timeout = 120s (custom)
2019-09-25 03:45:12,864 [pool-62-thread-1] INFO  server.RaftServerConfigKeys (ConfUtils.java:logGet(43)) - raft.server.sleep.deviation.threshold = 300 (default)
2019-09-25 03:45:12,864 [pool-62-thread-1] INFO  server.RaftServerConfigKeys (ConfUtils.java:logGet(43)) - raft.server.log.appender.install.snapshot.enabled = false (custom)
2019-09-25 03:45:12,864 [pool-62-thread-1] INFO  impl.RaftServerImpl (ServerState.java:<init>(103)) - 0d193d2d-ce27-4ace-8d68-2a8197cbc29b@group-B545BDAB9486: ConfigurationManager, init=-1: [0d193d2d-ce27-4ace-8d68-2a8197cbc29b:192.168.151.106:44030], old=null, confs=<EMPTY_MAP>
2019-09-25 03:45:12,864 [pool-62-thread-1] INFO  server.RaftServerConfigKeys (ConfUtils.java:logGet(43)) - raft.server.storage.dir = [/workdir/hadoop-ozone/integration-test/target/test-dir/MiniOzoneClusterImpl-87ec6964-4cbb-4ea4-8c8c-f74cd58bfd83/datanode-3/data/ratis] (custom)
2019-09-25 03:45:12,865 [pool-62-thread-1] INFO  storage.RaftStorageDirectory (RaftStorageDirectory.java:analyzeStorage(246)) - The storage directory /workdir/hadoop-ozone/integration-test/target/test-dir/MiniOzoneClusterImpl-87ec6964-4cbb-4ea4-8c8c-f74cd58bfd83/datanode-3/data/ratis/12db45a6-4910-4f0e-8cae-b545bdab9486 does not exist. Creating ...
2019-09-25 03:45:12,882 [pool-62-thread-1] INFO  storage.RaftStorageDirectory (RaftStorageDirectory.java:tryLock(328)) - Lock on /workdir/hadoop-ozone/integration-test/target/test-dir/MiniOzoneClusterImpl-87ec6964-4cbb-4ea4-8c8c-f74cd58bfd83/datanode-3/data/ratis/12db45a6-4910-4f0e-8cae-b545bdab9486/in_use.lock acquired by nodename 13655@pr-hdds-1569-x2sr2-3486766547
2019-09-25 03:45:12,882 [OM StateMachine ApplyTransaction Thread - 0] INFO  volume.OMVolumeCreateRequest (OMVolumeCreateRequest.java:validateAndUpdateCache(189)) - created volume:14d1e0e4-58e4-4141-9fd5-835e43c585aa for user:jenkins1000
2019-09-25 03:45:12,908 [Thread-256] INFO  rpc.RpcClient (RpcClient.java:createBucket(415)) - Creating Bucket: 14d1e0e4-58e4-4141-9fd5-835e43c585aa/f0815f52-24ac-4532-8e5e-2e7a481d9d1d, with Versioning false and Storage Type set to DISK and Encryption set to false 
2019-09-25 03:45:12,921 [pool-62-thread-1] INFO  storage.RaftStorage (RaftStorage.java:format(72)) - Storage directory /workdir/hadoop-ozone/integration-test/target/test-dir/MiniOzoneClusterImpl-87ec6964-4cbb-4ea4-8c8c-f74cd58bfd83/datanode-3/data/ratis/12db45a6-4910-4f0e-8cae-b545bdab9486 has been successfully formatted.
2019-09-25 03:45:12,921 [pool-62-thread-1] INFO  ratis.ContainerStateMachine (ContainerStateMachine.java:loadSnapshot(230)) - group-B545BDAB9486: The snapshot info is null. Setting the last applied indexto:(t:0, i:~)
2019-09-25 03:45:12,921 [pool-62-thread-1] INFO  server.RaftServerConfigKeys (ConfUtils.java:logGet(43)) - raft.server.notification.no-leader.timeout = 120s (custom)
2019-09-25 03:45:12,921 [pool-62-thread-1] INFO  server.RaftServerConfigKeys (ConfUtils.java:logGet(43)) - raft.server.log.use.memory = false (default)
2019-09-25 03:45:12,922 [pool-62-thread-1] INFO  server.RaftServerConfigKeys (ConfUtils.java:logGet(43)) - raft.server.log.purge.gap = 1000000 (custom)
2019-09-25 03:45:12,922 [pool-62-thread-1] INFO  server.RaftServerConfigKeys (ConfUtils.java:logGet(43)) - raft.server.log.appender.buffer.byte-limit = 33554432 (custom)
2019-09-25 03:45:12,922 [pool-62-thread-1] INFO  server.RaftServerConfigKeys (ConfUtils.java:logGet(43)) - raft.server.log.segment.size.max = 1048576 (custom)
2019-09-25 03:45:12,922 [pool-62-thread-1] INFO  server.RaftServerConfigKeys (ConfUtils.java:logGet(43)) - raft.server.log.segment.cache.num.max = 2 (custom)
2019-09-25 03:45:12,922 [pool-62-thread-1] INFO  segmented.SegmentedRaftLogWorker (SegmentedRaftLogWorker.java:<init>(172)) - new 0d193d2d-ce27-4ace-8d68-2a8197cbc29b@group-B545BDAB9486-SegmentedRaftLogWorker for RaftStorage:Storage Directory /workdir/hadoop-ozone/integration-test/target/test-dir/MiniOzoneClusterImpl-87ec6964-4cbb-4ea4-8c8c-f74cd58bfd83/datanode-3/data/ratis/12db45a6-4910-4f0e-8cae-b545bdab9486
2019-09-25 03:45:12,922 [pool-62-thread-1] INFO  server.RaftServerConfigKeys (ConfUtils.java:logGet(43)) - raft.server.log.queue.byte-limit = 2147483647 (custom)
2019-09-25 03:45:12,922 [pool-62-thread-1] INFO  server.RaftServerConfigKeys (ConfUtils.java:logGet(43)) - raft.server.log.queue.element-limit = 1024 (custom)
2019-09-25 03:45:12,922 [pool-62-thread-1] INFO  server.RaftServerConfigKeys (ConfUtils.java:logGet(43)) - raft.server.log.segment.size.max = 1048576 (custom)
2019-09-25 03:45:12,923 [pool-62-thread-1] INFO  server.RaftServerConfigKeys (ConfUtils.java:logGet(43)) - raft.server.log.preallocated.size = 16384 (custom)
2019-09-25 03:45:12,923 [pool-62-thread-1] INFO  server.RaftServerConfigKeys (ConfUtils.java:logGet(43)) - raft.server.log.write.buffer.size = 33554432 (custom)
2019-09-25 03:45:12,923 [pool-62-thread-1] INFO  server.RaftServerConfigKeys (ConfUtils.java:logGet(43)) - raft.server.log.force.sync.num = 128 (default)
2019-09-25 03:45:12,923 [pool-62-thread-1] INFO  server.RaftServerConfigKeys (ConfUtils.java:logGet(43)) - raft.server.log.statemachine.data.sync = true (default)
2019-09-25 03:45:12,923 [pool-62-thread-1] INFO  server.RaftServerConfigKeys (ConfUtils.java:logGet(43)) - raft.server.log.statemachine.data.sync.timeout = 10s (default)
2019-09-25 03:45:12,923 [pool-62-thread-1] INFO  server.RaftServerConfigKeys (ConfUtils.java:logGet(43)) - raft.server.log.statemachine.data.sync.timeout.retry = -1 (default)
2019-09-25 03:45:12,923 [pool-62-thread-1] INFO  server.RaftServerConfigKeys (ConfUtils.java:logGet(43)) - raft.server.log.statemachine.data.caching.enabled = true (custom)
2019-09-25 03:45:12,924 [pool-62-thread-1] INFO  segmented.SegmentedRaftLogWorker (SegmentedRaftLogWorker.java:lambda$new$0(132)) - 0d193d2d-ce27-4ace-8d68-2a8197cbc29b@group-B545BDAB9486-SegmentedRaftLogWorker: flushIndex: setUnconditionally 0 -> -1
2019-09-25 03:45:12,924 [pool-62-thread-1] INFO  server.RaftServerConfigKeys (ConfUtils.java:logGet(43)) - raft.server.snapshot.auto.trigger.enabled = true (custom)
2019-09-25 03:45:12,924 [pool-62-thread-1] INFO  server.RaftServerConfigKeys (ConfUtils.java:logGet(43)) - raft.server.snapshot.auto.trigger.threshold = 10000 (custom)
2019-09-25 03:45:12,924 [pool-62-thread-1] INFO  server.RaftServerConfigKeys (ConfUtils.java:logGet(43)) - raft.server.snapshot.retention.num.files = 5 (custom)
2019-09-25 03:45:12,924 [pool-62-thread-1] INFO  server.RaftServerConfigKeys (ConfUtils.java:logGet(43)) - raft.server.retrycache.expirytime = 600000ms (custom)
2019-09-25 03:45:12,928 [pool-62-thread-1] INFO  impl.RaftServerImpl (RaftServerImpl.java:start(185)) - 0d193d2d-ce27-4ace-8d68-2a8197cbc29b@group-B545BDAB9486: start as a follower, conf=-1: [0d193d2d-ce27-4ace-8d68-2a8197cbc29b:192.168.151.106:44030], old=null
2019-09-25 03:45:12,928 [pool-62-thread-1] INFO  impl.RaftServerImpl (RaftServerImpl.java:setRole(174)) - 0d193d2d-ce27-4ace-8d68-2a8197cbc29b@group-B545BDAB9486: changes role from      null to FOLLOWER at term 0 for startAsFollower
2019-09-25 03:45:12,928 [pool-62-thread-1] INFO  impl.RoleInfo (RoleInfo.java:updateAndGet(143)) - 0d193d2d-ce27-4ace-8d68-2a8197cbc29b: start FollowerState
2019-09-25 03:45:12,929 [pool-62-thread-1] INFO  util.JmxRegister (JmxRegister.java:tryRegister(44)) - Successfully registered JMX Bean with object name Ratis:service=RaftServer,group=group-B545BDAB9486,id=0d193d2d-ce27-4ace-8d68-2a8197cbc29b
2019-09-25 03:45:12,934 [RatisPipelineUtilsThread] INFO  pipeline.PipelineStateManager (PipelineStateManager.java:addPipeline(56)) - Created pipeline Pipeline[ Id: 12db45a6-4910-4f0e-8cae-b545bdab9486, Nodes: 0d193d2d-ce27-4ace-8d68-2a8197cbc29b{ip: 192.168.151.106, host: pr-hdds-1569-x2sr2-3486766547, networkLocation: /rack1, certSerialId: null}, Type:RATIS, Factor:ONE, State:OPEN]
2019-09-25 03:45:12,934 [RatisPipelineUtilsThread] INFO  pipeline.PipelinePlacementPolicy (PipelinePlacementPolicy.java:meetCriteria(91)) - Pipeline Placement: can't place more pipeline on heavy datanode： d3b65c3f-c5b1-41a6-92a2-58f72c630ad9 Heaviness: 6 limit: 5
2019-09-25 03:45:12,934 [RatisPipelineUtilsThread] INFO  pipeline.PipelinePlacementPolicy (PipelinePlacementPolicy.java:meetCriteria(91)) - Pipeline Placement: can't place more pipeline on heavy datanode： 0d193d2d-ce27-4ace-8d68-2a8197cbc29b Heaviness: 6 limit: 5
2019-09-25 03:45:12,934 [RatisPipelineUtilsThread] INFO  pipeline.PipelinePlacementPolicy (PipelinePlacementPolicy.java:meetCriteria(91)) - Pipeline Placement: can't place more pipeline on heavy datanode： d82d563c-708d-4b1b-bd19-b9ed0ca17f6c Heaviness: 6 limit: 5
2019-09-25 03:45:12,945 [grpc-default-executor-0] INFO  impl.RaftServerProxy (RaftServerProxy.java:addNew(89)) - ab15c39f-6391-49d0-b553-81943ab852f8: addNew group-32CB7C299E15:[ab15c39f-6391-49d0-b553-81943ab852f8:192.168.151.106:41436] returns group-32CB7C299E15:java.util.concurrent.CompletableFuture@610f917f[Not completed]
2019-09-25 03:45:12,947 [pool-52-thread-1] INFO  impl.RaftServerImpl (RaftServerImpl.java:<init>(95)) - ab15c39f-6391-49d0-b553-81943ab852f8: new RaftServerImpl for group-32CB7C299E15:[ab15c39f-6391-49d0-b553-81943ab852f8:192.168.151.106:41436] with ContainerStateMachine:uninitialized
2019-09-25 03:45:12,947 [pool-52-thread-1] INFO  server.RaftServerConfigKeys (ConfUtils.java:logGet(43)) - raft.server.rpc.timeout.min = 5s (custom)
2019-09-25 03:45:12,947 [pool-52-thread-1] INFO  server.RaftServerConfigKeys (ConfUtils.java:logGet(43)) - raft.server.rpc.timeout.max = 5200ms (custom)
2019-09-25 03:45:12,948 [pool-52-thread-1] INFO  server.RaftServerConfigKeys (ConfUtils.java:logGet(43)) - raft.server.rpcslowness.timeout = 120s (custom)
2019-09-25 03:45:12,948 [pool-52-thread-1] INFO  server.RaftServerConfigKeys (ConfUtils.java:logGet(43)) - raft.server.sleep.deviation.threshold = 300 (default)
2019-09-25 03:45:12,948 [pool-52-thread-1] INFO  server.RaftServerConfigKeys (ConfUtils.java:logGet(43)) - raft.server.log.appender.install.snapshot.enabled = false (custom)
2019-09-25 03:45:12,948 [pool-52-thread-1] INFO  impl.RaftServerImpl (ServerState.java:<init>(103)) - ab15c39f-6391-49d0-b553-81943ab852f8@group-32CB7C299E15: ConfigurationManager, init=-1: [ab15c39f-6391-49d0-b553-81943ab852f8:192.168.151.106:41436], old=null, confs=<EMPTY_MAP>
2019-09-25 03:45:12,948 [pool-52-thread-1] INFO  server.RaftServerConfigKeys (ConfUtils.java:logGet(43)) - raft.server.storage.dir = [/workdir/hadoop-ozone/integration-test/target/test-dir/MiniOzoneClusterImpl-87ec6964-4cbb-4ea4-8c8c-f74cd58bfd83/datanode-2/data/ratis] (custom)
2019-09-25 03:45:12,949 [pool-52-thread-1] INFO  storage.RaftStorageDirectory (RaftStorageDirectory.java:analyzeStorage(246)) - The storage directory /workdir/hadoop-ozone/integration-test/target/test-dir/MiniOzoneClusterImpl-87ec6964-4cbb-4ea4-8c8c-f74cd58bfd83/datanode-2/data/ratis/0d937335-fdc0-49dc-a7c3-32cb7c299e15 does not exist. Creating ...
2019-09-25 03:45:12,953 [pool-52-thread-1] INFO  storage.RaftStorageDirectory (RaftStorageDirectory.java:tryLock(328)) - Lock on /workdir/hadoop-ozone/integration-test/target/test-dir/MiniOzoneClusterImpl-87ec6964-4cbb-4ea4-8c8c-f74cd58bfd83/datanode-2/data/ratis/0d937335-fdc0-49dc-a7c3-32cb7c299e15/in_use.lock acquired by nodename 13655@pr-hdds-1569-x2sr2-3486766547
2019-09-25 03:45:12,976 [pool-52-thread-1] INFO  storage.RaftStorage (RaftStorage.java:format(72)) - Storage directory /workdir/hadoop-ozone/integration-test/target/test-dir/MiniOzoneClusterImpl-87ec6964-4cbb-4ea4-8c8c-f74cd58bfd83/datanode-2/data/ratis/0d937335-fdc0-49dc-a7c3-32cb7c299e15 has been successfully formatted.
2019-09-25 03:45:12,976 [pool-52-thread-1] INFO  ratis.ContainerStateMachine (ContainerStateMachine.java:loadSnapshot(230)) - group-32CB7C299E15: The snapshot info is null. Setting the last applied indexto:(t:0, i:~)
2019-09-25 03:45:12,976 [pool-52-thread-1] INFO  server.RaftServerConfigKeys (ConfUtils.java:logGet(43)) - raft.server.notification.no-leader.timeout = 120s (custom)
2019-09-25 03:45:12,977 [pool-52-thread-1] INFO  server.RaftServerConfigKeys (ConfUtils.java:logGet(43)) - raft.server.log.use.memory = false (default)
2019-09-25 03:45:12,977 [pool-52-thread-1] INFO  server.RaftServerConfigKeys (ConfUtils.java:logGet(43)) - raft.server.log.purge.gap = 1000000 (custom)
2019-09-25 03:45:12,977 [pool-52-thread-1] INFO  server.RaftServerConfigKeys (ConfUtils.java:logGet(43)) - raft.server.log.appender.buffer.byte-limit = 33554432 (custom)
2019-09-25 03:45:12,977 [pool-52-thread-1] INFO  server.RaftServerConfigKeys (ConfUtils.java:logGet(43)) - raft.server.log.segment.size.max = 1048576 (custom)
2019-09-25 03:45:12,978 [pool-52-thread-1] INFO  server.RaftServerConfigKeys (ConfUtils.java:logGet(43)) - raft.server.log.segment.cache.num.max = 2 (custom)
2019-09-25 03:45:12,978 [pool-52-thread-1] INFO  segmented.SegmentedRaftLogWorker (SegmentedRaftLogWorker.java:<init>(172)) - new ab15c39f-6391-49d0-b553-81943ab852f8@group-32CB7C299E15-SegmentedRaftLogWorker for RaftStorage:Storage Directory /workdir/hadoop-ozone/integration-test/target/test-dir/MiniOzoneClusterImpl-87ec6964-4cbb-4ea4-8c8c-f74cd58bfd83/datanode-2/data/ratis/0d937335-fdc0-49dc-a7c3-32cb7c299e15
2019-09-25 03:45:12,978 [pool-52-thread-1] INFO  server.RaftServerConfigKeys (ConfUtils.java:logGet(43)) - raft.server.log.queue.byte-limit = 2147483647 (custom)
2019-09-25 03:45:12,978 [pool-52-thread-1] INFO  server.RaftServerConfigKeys (ConfUtils.java:logGet(43)) - raft.server.log.queue.element-limit = 1024 (custom)
2019-09-25 03:45:12,978 [pool-52-thread-1] INFO  server.RaftServerConfigKeys (ConfUtils.java:logGet(43)) - raft.server.log.segment.size.max = 1048576 (custom)
2019-09-25 03:45:12,979 [pool-52-thread-1] INFO  server.RaftServerConfigKeys (ConfUtils.java:logGet(43)) - raft.server.log.preallocated.size = 16384 (custom)
2019-09-25 03:45:12,979 [pool-52-thread-1] INFO  server.RaftServerConfigKeys (ConfUtils.java:logGet(43)) - raft.server.log.write.buffer.size = 33554432 (custom)
2019-09-25 03:45:12,979 [pool-52-thread-1] INFO  server.RaftServerConfigKeys (ConfUtils.java:logGet(43)) - raft.server.log.force.sync.num = 128 (default)
2019-09-25 03:45:12,979 [pool-52-thread-1] INFO  server.RaftServerConfigKeys (ConfUtils.java:logGet(43)) - raft.server.log.statemachine.data.sync = true (default)
2019-09-25 03:45:12,979 [pool-52-thread-1] INFO  server.RaftServerConfigKeys (ConfUtils.java:logGet(43)) - raft.server.log.statemachine.data.sync.timeout = 10s (default)
2019-09-25 03:45:12,980 [pool-52-thread-1] INFO  server.RaftServerConfigKeys (ConfUtils.java:logGet(43)) - raft.server.log.statemachine.data.sync.timeout.retry = -1 (default)
2019-09-25 03:45:12,980 [pool-52-thread-1] INFO  server.RaftServerConfigKeys (ConfUtils.java:logGet(43)) - raft.server.log.statemachine.data.caching.enabled = true (custom)
2019-09-25 03:45:12,980 [pool-52-thread-1] INFO  segmented.SegmentedRaftLogWorker (SegmentedRaftLogWorker.java:lambda$new$0(132)) - ab15c39f-6391-49d0-b553-81943ab852f8@group-32CB7C299E15-SegmentedRaftLogWorker: flushIndex: setUnconditionally 0 -> -1
2019-09-25 03:45:12,981 [pool-52-thread-1] INFO  server.RaftServerConfigKeys (ConfUtils.java:logGet(43)) - raft.server.snapshot.auto.trigger.enabled = true (custom)
2019-09-25 03:45:12,981 [pool-52-thread-1] INFO  server.RaftServerConfigKeys (ConfUtils.java:logGet(43)) - raft.server.snapshot.auto.trigger.threshold = 10000 (custom)
2019-09-25 03:45:12,982 [pool-52-thread-1] INFO  server.RaftServerConfigKeys (ConfUtils.java:logGet(43)) - raft.server.snapshot.retention.num.files = 5 (custom)
2019-09-25 03:45:12,982 [pool-52-thread-1] INFO  server.RaftServerConfigKeys (ConfUtils.java:logGet(43)) - raft.server.retrycache.expirytime = 600000ms (custom)
2019-09-25 03:45:12,987 [pool-52-thread-1] INFO  impl.RaftServerImpl (RaftServerImpl.java:start(185)) - ab15c39f-6391-49d0-b553-81943ab852f8@group-32CB7C299E15: start as a follower, conf=-1: [ab15c39f-6391-49d0-b553-81943ab852f8:192.168.151.106:41436], old=null
2019-09-25 03:45:12,987 [pool-52-thread-1] INFO  impl.RaftServerImpl (RaftServerImpl.java:setRole(174)) - ab15c39f-6391-49d0-b553-81943ab852f8@group-32CB7C299E15: changes role from      null to FOLLOWER at term 0 for startAsFollower
2019-09-25 03:45:12,987 [pool-52-thread-1] INFO  impl.RoleInfo (RoleInfo.java:updateAndGet(143)) - ab15c39f-6391-49d0-b553-81943ab852f8: start FollowerState
2019-09-25 03:45:12,988 [pool-52-thread-1] INFO  util.JmxRegister (JmxRegister.java:tryRegister(44)) - Successfully registered JMX Bean with object name Ratis:service=RaftServer,group=group-32CB7C299E15,id=ab15c39f-6391-49d0-b553-81943ab852f8
2019-09-25 03:45:12,996 [RatisPipelineUtilsThread] INFO  pipeline.PipelineStateManager (PipelineStateManager.java:addPipeline(56)) - Created pipeline Pipeline[ Id: 0d937335-fdc0-49dc-a7c3-32cb7c299e15, Nodes: ab15c39f-6391-49d0-b553-81943ab852f8{ip: 192.168.151.106, host: pr-hdds-1569-x2sr2-3486766547, networkLocation: /rack1, certSerialId: null}, Type:RATIS, Factor:ONE, State:OPEN]
2019-09-25 03:45:12,997 [RatisPipelineUtilsThread] INFO  pipeline.PipelinePlacementPolicy (PipelinePlacementPolicy.java:meetCriteria(91)) - Pipeline Placement: can't place more pipeline on heavy datanode： d3b65c3f-c5b1-41a6-92a2-58f72c630ad9 Heaviness: 6 limit: 5
2019-09-25 03:45:12,997 [RatisPipelineUtilsThread] INFO  pipeline.PipelinePlacementPolicy (PipelinePlacementPolicy.java:meetCriteria(91)) - Pipeline Placement: can't place more pipeline on heavy datanode： 0d193d2d-ce27-4ace-8d68-2a8197cbc29b Heaviness: 6 limit: 5
2019-09-25 03:45:12,997 [RatisPipelineUtilsThread] INFO  pipeline.PipelinePlacementPolicy (PipelinePlacementPolicy.java:meetCriteria(91)) - Pipeline Placement: can't place more pipeline on heavy datanode： d82d563c-708d-4b1b-bd19-b9ed0ca17f6c Heaviness: 6 limit: 5
2019-09-25 03:45:13,007 [grpc-default-executor-0] INFO  impl.RaftServerProxy (RaftServerProxy.java:addNew(89)) - ab15c39f-6391-49d0-b553-81943ab852f8: addNew group-FED593C427D1:[ab15c39f-6391-49d0-b553-81943ab852f8:192.168.151.106:41436] returns group-FED593C427D1:java.util.concurrent.CompletableFuture@6d3be8dd[Not completed]
2019-09-25 03:45:13,009 [pool-52-thread-1] INFO  impl.RaftServerImpl (RaftServerImpl.java:<init>(95)) - ab15c39f-6391-49d0-b553-81943ab852f8: new RaftServerImpl for group-FED593C427D1:[ab15c39f-6391-49d0-b553-81943ab852f8:192.168.151.106:41436] with ContainerStateMachine:uninitialized
2019-09-25 03:45:13,009 [pool-52-thread-1] INFO  server.RaftServerConfigKeys (ConfUtils.java:logGet(43)) - raft.server.rpc.timeout.min = 5s (custom)
2019-09-25 03:45:13,009 [pool-52-thread-1] INFO  server.RaftServerConfigKeys (ConfUtils.java:logGet(43)) - raft.server.rpc.timeout.max = 5200ms (custom)
2019-09-25 03:45:13,009 [pool-52-thread-1] INFO  server.RaftServerConfigKeys (ConfUtils.java:logGet(43)) - raft.server.rpcslowness.timeout = 120s (custom)
2019-09-25 03:45:13,010 [pool-52-thread-1] INFO  server.RaftServerConfigKeys (ConfUtils.java:logGet(43)) - raft.server.sleep.deviation.threshold = 300 (default)
2019-09-25 03:45:13,010 [pool-52-thread-1] INFO  server.RaftServerConfigKeys (ConfUtils.java:logGet(43)) - raft.server.log.appender.install.snapshot.enabled = false (custom)
2019-09-25 03:45:13,010 [pool-52-thread-1] INFO  impl.RaftServerImpl (ServerState.java:<init>(103)) - ab15c39f-6391-49d0-b553-81943ab852f8@group-FED593C427D1: ConfigurationManager, init=-1: [ab15c39f-6391-49d0-b553-81943ab852f8:192.168.151.106:41436], old=null, confs=<EMPTY_MAP>
2019-09-25 03:45:13,010 [pool-52-thread-1] INFO  server.RaftServerConfigKeys (ConfUtils.java:logGet(43)) - raft.server.storage.dir = [/workdir/hadoop-ozone/integration-test/target/test-dir/MiniOzoneClusterImpl-87ec6964-4cbb-4ea4-8c8c-f74cd58bfd83/datanode-2/data/ratis] (custom)
2019-09-25 03:45:13,011 [pool-52-thread-1] INFO  storage.RaftStorageDirectory (RaftStorageDirectory.java:analyzeStorage(246)) - The storage directory /workdir/hadoop-ozone/integration-test/target/test-dir/MiniOzoneClusterImpl-87ec6964-4cbb-4ea4-8c8c-f74cd58bfd83/datanode-2/data/ratis/7a095be5-8661-4567-961c-fed593c427d1 does not exist. Creating ...
2019-09-25 03:45:13,025 [pool-52-thread-1] INFO  storage.RaftStorageDirectory (RaftStorageDirectory.java:tryLock(328)) - Lock on /workdir/hadoop-ozone/integration-test/target/test-dir/MiniOzoneClusterImpl-87ec6964-4cbb-4ea4-8c8c-f74cd58bfd83/datanode-2/data/ratis/7a095be5-8661-4567-961c-fed593c427d1/in_use.lock acquired by nodename 13655@pr-hdds-1569-x2sr2-3486766547
2019-09-25 03:45:13,038 [pool-52-thread-1] INFO  storage.RaftStorage (RaftStorage.java:format(72)) - Storage directory /workdir/hadoop-ozone/integration-test/target/test-dir/MiniOzoneClusterImpl-87ec6964-4cbb-4ea4-8c8c-f74cd58bfd83/datanode-2/data/ratis/7a095be5-8661-4567-961c-fed593c427d1 has been successfully formatted.
2019-09-25 03:45:13,038 [pool-52-thread-1] INFO  ratis.ContainerStateMachine (ContainerStateMachine.java:loadSnapshot(230)) - group-FED593C427D1: The snapshot info is null. Setting the last applied indexto:(t:0, i:~)
2019-09-25 03:45:13,039 [pool-52-thread-1] INFO  server.RaftServerConfigKeys (ConfUtils.java:logGet(43)) - raft.server.notification.no-leader.timeout = 120s (custom)
2019-09-25 03:45:13,039 [pool-52-thread-1] INFO  server.RaftServerConfigKeys (ConfUtils.java:logGet(43)) - raft.server.log.use.memory = false (default)
2019-09-25 03:45:13,039 [pool-52-thread-1] INFO  server.RaftServerConfigKeys (ConfUtils.java:logGet(43)) - raft.server.log.purge.gap = 1000000 (custom)
2019-09-25 03:45:13,039 [pool-52-thread-1] INFO  server.RaftServerConfigKeys (ConfUtils.java:logGet(43)) - raft.server.log.appender.buffer.byte-limit = 33554432 (custom)
2019-09-25 03:45:13,039 [pool-52-thread-1] INFO  server.RaftServerConfigKeys (ConfUtils.java:logGet(43)) - raft.server.log.segment.size.max = 1048576 (custom)
2019-09-25 03:45:13,040 [pool-52-thread-1] INFO  server.RaftServerConfigKeys (ConfUtils.java:logGet(43)) - raft.server.log.segment.cache.num.max = 2 (custom)
2019-09-25 03:45:13,040 [pool-52-thread-1] INFO  segmented.SegmentedRaftLogWorker (SegmentedRaftLogWorker.java:<init>(172)) - new ab15c39f-6391-49d0-b553-81943ab852f8@group-FED593C427D1-SegmentedRaftLogWorker for RaftStorage:Storage Directory /workdir/hadoop-ozone/integration-test/target/test-dir/MiniOzoneClusterImpl-87ec6964-4cbb-4ea4-8c8c-f74cd58bfd83/datanode-2/data/ratis/7a095be5-8661-4567-961c-fed593c427d1
2019-09-25 03:45:13,040 [pool-52-thread-1] INFO  server.RaftServerConfigKeys (ConfUtils.java:logGet(43)) - raft.server.log.queue.byte-limit = 2147483647 (custom)
2019-09-25 03:45:13,040 [pool-52-thread-1] INFO  server.RaftServerConfigKeys (ConfUtils.java:logGet(43)) - raft.server.log.queue.element-limit = 1024 (custom)
2019-09-25 03:45:13,040 [pool-52-thread-1] INFO  server.RaftServerConfigKeys (ConfUtils.java:logGet(43)) - raft.server.log.segment.size.max = 1048576 (custom)
2019-09-25 03:45:13,040 [pool-52-thread-1] INFO  server.RaftServerConfigKeys (ConfUtils.java:logGet(43)) - raft.server.log.preallocated.size = 16384 (custom)
2019-09-25 03:45:13,041 [pool-52-thread-1] INFO  server.RaftServerConfigKeys (ConfUtils.java:logGet(43)) - raft.server.log.write.buffer.size = 33554432 (custom)
2019-09-25 03:45:13,041 [pool-52-thread-1] INFO  server.RaftServerConfigKeys (ConfUtils.java:logGet(43)) - raft.server.log.force.sync.num = 128 (default)
2019-09-25 03:45:13,041 [pool-52-thread-1] INFO  server.RaftServerConfigKeys (ConfUtils.java:logGet(43)) - raft.server.log.statemachine.data.sync = true (default)
2019-09-25 03:45:13,041 [pool-52-thread-1] INFO  server.RaftServerConfigKeys (ConfUtils.java:logGet(43)) - raft.server.log.statemachine.data.sync.timeout = 10s (default)
2019-09-25 03:45:13,041 [pool-52-thread-1] INFO  server.RaftServerConfigKeys (ConfUtils.java:logGet(43)) - raft.server.log.statemachine.data.sync.timeout.retry = -1 (default)
2019-09-25 03:45:13,042 [pool-52-thread-1] INFO  server.RaftServerConfigKeys (ConfUtils.java:logGet(43)) - raft.server.log.statemachine.data.caching.enabled = true (custom)
2019-09-25 03:45:13,042 [pool-52-thread-1] INFO  segmented.SegmentedRaftLogWorker (SegmentedRaftLogWorker.java:lambda$new$0(132)) - ab15c39f-6391-49d0-b553-81943ab852f8@group-FED593C427D1-SegmentedRaftLogWorker: flushIndex: setUnconditionally 0 -> -1
2019-09-25 03:45:13,042 [pool-52-thread-1] INFO  server.RaftServerConfigKeys (ConfUtils.java:logGet(43)) - raft.server.snapshot.auto.trigger.enabled = true (custom)
2019-09-25 03:45:13,042 [pool-52-thread-1] INFO  server.RaftServerConfigKeys (ConfUtils.java:logGet(43)) - raft.server.snapshot.auto.trigger.threshold = 10000 (custom)
2019-09-25 03:45:13,043 [pool-52-thread-1] INFO  server.RaftServerConfigKeys (ConfUtils.java:logGet(43)) - raft.server.snapshot.retention.num.files = 5 (custom)
2019-09-25 03:45:13,043 [pool-52-thread-1] INFO  server.RaftServerConfigKeys (ConfUtils.java:logGet(43)) - raft.server.retrycache.expirytime = 600000ms (custom)
2019-09-25 03:45:13,047 [pool-52-thread-1] INFO  impl.RaftServerImpl (RaftServerImpl.java:start(185)) - ab15c39f-6391-49d0-b553-81943ab852f8@group-FED593C427D1: start as a follower, conf=-1: [ab15c39f-6391-49d0-b553-81943ab852f8:192.168.151.106:41436], old=null
2019-09-25 03:45:13,047 [pool-52-thread-1] INFO  impl.RaftServerImpl (RaftServerImpl.java:setRole(174)) - ab15c39f-6391-49d0-b553-81943ab852f8@group-FED593C427D1: changes role from      null to FOLLOWER at term 0 for startAsFollower
2019-09-25 03:45:13,047 [pool-52-thread-1] INFO  impl.RoleInfo (RoleInfo.java:updateAndGet(143)) - ab15c39f-6391-49d0-b553-81943ab852f8: start FollowerState
2019-09-25 03:45:13,047 [pool-52-thread-1] INFO  util.JmxRegister (JmxRegister.java:tryRegister(44)) - Successfully registered JMX Bean with object name Ratis:service=RaftServer,group=group-FED593C427D1,id=ab15c39f-6391-49d0-b553-81943ab852f8
2019-09-25 03:45:13,052 [RatisPipelineUtilsThread] INFO  pipeline.PipelineStateManager (PipelineStateManager.java:addPipeline(56)) - Created pipeline Pipeline[ Id: 7a095be5-8661-4567-961c-fed593c427d1, Nodes: ab15c39f-6391-49d0-b553-81943ab852f8{ip: 192.168.151.106, host: pr-hdds-1569-x2sr2-3486766547, networkLocation: /rack1, certSerialId: null}, Type:RATIS, Factor:ONE, State:OPEN]
2019-09-25 03:45:13,053 [RatisPipelineUtilsThread] INFO  pipeline.PipelinePlacementPolicy (PipelinePlacementPolicy.java:meetCriteria(91)) - Pipeline Placement: can't place more pipeline on heavy datanode： d3b65c3f-c5b1-41a6-92a2-58f72c630ad9 Heaviness: 6 limit: 5
2019-09-25 03:45:13,053 [RatisPipelineUtilsThread] INFO  pipeline.PipelinePlacementPolicy (PipelinePlacementPolicy.java:meetCriteria(91)) - Pipeline Placement: can't place more pipeline on heavy datanode： 0d193d2d-ce27-4ace-8d68-2a8197cbc29b Heaviness: 6 limit: 5
2019-09-25 03:45:13,053 [RatisPipelineUtilsThread] INFO  pipeline.PipelinePlacementPolicy (PipelinePlacementPolicy.java:meetCriteria(91)) - Pipeline Placement: can't place more pipeline on heavy datanode： d82d563c-708d-4b1b-bd19-b9ed0ca17f6c Heaviness: 6 limit: 5
2019-09-25 03:45:13,062 [grpc-default-executor-0] INFO  impl.RaftServerProxy (RaftServerProxy.java:addNew(89)) - ab15c39f-6391-49d0-b553-81943ab852f8: addNew group-E87B7D509B78:[ab15c39f-6391-49d0-b553-81943ab852f8:192.168.151.106:41436] returns group-E87B7D509B78:java.util.concurrent.CompletableFuture@211a5aef[Not completed]
2019-09-25 03:45:13,064 [pool-52-thread-1] INFO  impl.RaftServerImpl (RaftServerImpl.java:<init>(95)) - ab15c39f-6391-49d0-b553-81943ab852f8: new RaftServerImpl for group-E87B7D509B78:[ab15c39f-6391-49d0-b553-81943ab852f8:192.168.151.106:41436] with ContainerStateMachine:uninitialized
2019-09-25 03:45:13,065 [pool-52-thread-1] INFO  server.RaftServerConfigKeys (ConfUtils.java:logGet(43)) - raft.server.rpc.timeout.min = 5s (custom)
2019-09-25 03:45:13,065 [pool-52-thread-1] INFO  server.RaftServerConfigKeys (ConfUtils.java:logGet(43)) - raft.server.rpc.timeout.max = 5200ms (custom)
2019-09-25 03:45:13,065 [pool-52-thread-1] INFO  server.RaftServerConfigKeys (ConfUtils.java:logGet(43)) - raft.server.rpcslowness.timeout = 120s (custom)
2019-09-25 03:45:13,065 [pool-52-thread-1] INFO  server.RaftServerConfigKeys (ConfUtils.java:logGet(43)) - raft.server.sleep.deviation.threshold = 300 (default)
2019-09-25 03:45:13,065 [pool-52-thread-1] INFO  server.RaftServerConfigKeys (ConfUtils.java:logGet(43)) - raft.server.log.appender.install.snapshot.enabled = false (custom)
2019-09-25 03:45:13,065 [pool-52-thread-1] INFO  impl.RaftServerImpl (ServerState.java:<init>(103)) - ab15c39f-6391-49d0-b553-81943ab852f8@group-E87B7D509B78: ConfigurationManager, init=-1: [ab15c39f-6391-49d0-b553-81943ab852f8:192.168.151.106:41436], old=null, confs=<EMPTY_MAP>
2019-09-25 03:45:13,066 [pool-52-thread-1] INFO  server.RaftServerConfigKeys (ConfUtils.java:logGet(43)) - raft.server.storage.dir = [/workdir/hadoop-ozone/integration-test/target/test-dir/MiniOzoneClusterImpl-87ec6964-4cbb-4ea4-8c8c-f74cd58bfd83/datanode-2/data/ratis] (custom)
2019-09-25 03:45:13,066 [pool-52-thread-1] INFO  storage.RaftStorageDirectory (RaftStorageDirectory.java:analyzeStorage(246)) - The storage directory /workdir/hadoop-ozone/integration-test/target/test-dir/MiniOzoneClusterImpl-87ec6964-4cbb-4ea4-8c8c-f74cd58bfd83/datanode-2/data/ratis/933f266a-097c-43b9-9c6e-e87b7d509b78 does not exist. Creating ...
2019-09-25 03:45:13,079 [pool-52-thread-1] INFO  storage.RaftStorageDirectory (RaftStorageDirectory.java:tryLock(328)) - Lock on /workdir/hadoop-ozone/integration-test/target/test-dir/MiniOzoneClusterImpl-87ec6964-4cbb-4ea4-8c8c-f74cd58bfd83/datanode-2/data/ratis/933f266a-097c-43b9-9c6e-e87b7d509b78/in_use.lock acquired by nodename 13655@pr-hdds-1569-x2sr2-3486766547
2019-09-25 03:45:13,092 [pool-52-thread-1] INFO  storage.RaftStorage (RaftStorage.java:format(72)) - Storage directory /workdir/hadoop-ozone/integration-test/target/test-dir/MiniOzoneClusterImpl-87ec6964-4cbb-4ea4-8c8c-f74cd58bfd83/datanode-2/data/ratis/933f266a-097c-43b9-9c6e-e87b7d509b78 has been successfully formatted.
2019-09-25 03:45:13,092 [pool-52-thread-1] INFO  ratis.ContainerStateMachine (ContainerStateMachine.java:loadSnapshot(230)) - group-E87B7D509B78: The snapshot info is null. Setting the last applied indexto:(t:0, i:~)
2019-09-25 03:45:13,092 [pool-52-thread-1] INFO  server.RaftServerConfigKeys (ConfUtils.java:logGet(43)) - raft.server.notification.no-leader.timeout = 120s (custom)
2019-09-25 03:45:13,093 [pool-52-thread-1] INFO  server.RaftServerConfigKeys (ConfUtils.java:logGet(43)) - raft.server.log.use.memory = false (default)
2019-09-25 03:45:13,093 [pool-52-thread-1] INFO  server.RaftServerConfigKeys (ConfUtils.java:logGet(43)) - raft.server.log.purge.gap = 1000000 (custom)
2019-09-25 03:45:13,094 [pool-52-thread-1] INFO  server.RaftServerConfigKeys (ConfUtils.java:logGet(43)) - raft.server.log.appender.buffer.byte-limit = 33554432 (custom)
2019-09-25 03:45:13,094 [pool-52-thread-1] INFO  server.RaftServerConfigKeys (ConfUtils.java:logGet(43)) - raft.server.log.segment.size.max = 1048576 (custom)
2019-09-25 03:45:13,094 [pool-52-thread-1] INFO  server.RaftServerConfigKeys (ConfUtils.java:logGet(43)) - raft.server.log.segment.cache.num.max = 2 (custom)
2019-09-25 03:45:13,094 [pool-52-thread-1] INFO  segmented.SegmentedRaftLogWorker (SegmentedRaftLogWorker.java:<init>(172)) - new ab15c39f-6391-49d0-b553-81943ab852f8@group-E87B7D509B78-SegmentedRaftLogWorker for RaftStorage:Storage Directory /workdir/hadoop-ozone/integration-test/target/test-dir/MiniOzoneClusterImpl-87ec6964-4cbb-4ea4-8c8c-f74cd58bfd83/datanode-2/data/ratis/933f266a-097c-43b9-9c6e-e87b7d509b78
2019-09-25 03:45:13,094 [pool-52-thread-1] INFO  server.RaftServerConfigKeys (ConfUtils.java:logGet(43)) - raft.server.log.queue.byte-limit = 2147483647 (custom)
2019-09-25 03:45:13,095 [pool-52-thread-1] INFO  server.RaftServerConfigKeys (ConfUtils.java:logGet(43)) - raft.server.log.queue.element-limit = 1024 (custom)
2019-09-25 03:45:13,095 [pool-52-thread-1] INFO  server.RaftServerConfigKeys (ConfUtils.java:logGet(43)) - raft.server.log.segment.size.max = 1048576 (custom)
2019-09-25 03:45:13,095 [pool-52-thread-1] INFO  server.RaftServerConfigKeys (ConfUtils.java:logGet(43)) - raft.server.log.preallocated.size = 16384 (custom)
2019-09-25 03:45:13,095 [pool-52-thread-1] INFO  server.RaftServerConfigKeys (ConfUtils.java:logGet(43)) - raft.server.log.write.buffer.size = 33554432 (custom)
2019-09-25 03:45:13,095 [pool-52-thread-1] INFO  server.RaftServerConfigKeys (ConfUtils.java:logGet(43)) - raft.server.log.force.sync.num = 128 (default)
2019-09-25 03:45:13,095 [pool-52-thread-1] INFO  server.RaftServerConfigKeys (ConfUtils.java:logGet(43)) - raft.server.log.statemachine.data.sync = true (default)
2019-09-25 03:45:13,095 [pool-52-thread-1] INFO  server.RaftServerConfigKeys (ConfUtils.java:logGet(43)) - raft.server.log.statemachine.data.sync.timeout = 10s (default)
2019-09-25 03:45:13,095 [pool-52-thread-1] INFO  server.RaftServerConfigKeys (ConfUtils.java:logGet(43)) - raft.server.log.statemachine.data.sync.timeout.retry = -1 (default)
2019-09-25 03:45:13,096 [pool-52-thread-1] INFO  server.RaftServerConfigKeys (ConfUtils.java:logGet(43)) - raft.server.log.statemachine.data.caching.enabled = true (custom)
2019-09-25 03:45:13,096 [pool-52-thread-1] INFO  segmented.SegmentedRaftLogWorker (SegmentedRaftLogWorker.java:lambda$new$0(132)) - ab15c39f-6391-49d0-b553-81943ab852f8@group-E87B7D509B78-SegmentedRaftLogWorker: flushIndex: setUnconditionally 0 -> -1
2019-09-25 03:45:13,096 [pool-52-thread-1] INFO  server.RaftServerConfigKeys (ConfUtils.java:logGet(43)) - raft.server.snapshot.auto.trigger.enabled = true (custom)
2019-09-25 03:45:13,096 [pool-52-thread-1] INFO  server.RaftServerConfigKeys (ConfUtils.java:logGet(43)) - raft.server.snapshot.auto.trigger.threshold = 10000 (custom)
2019-09-25 03:45:13,097 [pool-52-thread-1] INFO  server.RaftServerConfigKeys (ConfUtils.java:logGet(43)) - raft.server.snapshot.retention.num.files = 5 (custom)
2019-09-25 03:45:13,097 [pool-52-thread-1] INFO  server.RaftServerConfigKeys (ConfUtils.java:logGet(43)) - raft.server.retrycache.expirytime = 600000ms (custom)
2019-09-25 03:45:13,099 [pool-52-thread-1] INFO  impl.RaftServerImpl (RaftServerImpl.java:start(185)) - ab15c39f-6391-49d0-b553-81943ab852f8@group-E87B7D509B78: start as a follower, conf=-1: [ab15c39f-6391-49d0-b553-81943ab852f8:192.168.151.106:41436], old=null
2019-09-25 03:45:13,099 [pool-52-thread-1] INFO  impl.RaftServerImpl (RaftServerImpl.java:setRole(174)) - ab15c39f-6391-49d0-b553-81943ab852f8@group-E87B7D509B78: changes role from      null to FOLLOWER at term 0 for startAsFollower
2019-09-25 03:45:13,099 [pool-52-thread-1] INFO  impl.RoleInfo (RoleInfo.java:updateAndGet(143)) - ab15c39f-6391-49d0-b553-81943ab852f8: start FollowerState
2019-09-25 03:45:13,100 [pool-52-thread-1] INFO  util.JmxRegister (JmxRegister.java:tryRegister(44)) - Successfully registered JMX Bean with object name Ratis:service=RaftServer,group=group-E87B7D509B78,id=ab15c39f-6391-49d0-b553-81943ab852f8
2019-09-25 03:45:13,104 [RatisPipelineUtilsThread] INFO  pipeline.PipelineStateManager (PipelineStateManager.java:addPipeline(56)) - Created pipeline Pipeline[ Id: 933f266a-097c-43b9-9c6e-e87b7d509b78, Nodes: ab15c39f-6391-49d0-b553-81943ab852f8{ip: 192.168.151.106, host: pr-hdds-1569-x2sr2-3486766547, networkLocation: /rack1, certSerialId: null}, Type:RATIS, Factor:ONE, State:OPEN]
2019-09-25 03:45:13,104 [RatisPipelineUtilsThread] INFO  pipeline.PipelinePlacementPolicy (PipelinePlacementPolicy.java:meetCriteria(91)) - Pipeline Placement: can't place more pipeline on heavy datanode： d3b65c3f-c5b1-41a6-92a2-58f72c630ad9 Heaviness: 6 limit: 5
2019-09-25 03:45:13,104 [RatisPipelineUtilsThread] INFO  pipeline.PipelinePlacementPolicy (PipelinePlacementPolicy.java:meetCriteria(91)) - Pipeline Placement: can't place more pipeline on heavy datanode： 0d193d2d-ce27-4ace-8d68-2a8197cbc29b Heaviness: 6 limit: 5
2019-09-25 03:45:13,105 [RatisPipelineUtilsThread] INFO  pipeline.PipelinePlacementPolicy (PipelinePlacementPolicy.java:meetCriteria(91)) - Pipeline Placement: can't place more pipeline on heavy datanode： ab15c39f-6391-49d0-b553-81943ab852f8 Heaviness: 6 limit: 5
2019-09-25 03:45:13,105 [RatisPipelineUtilsThread] INFO  pipeline.PipelinePlacementPolicy (PipelinePlacementPolicy.java:meetCriteria(91)) - Pipeline Placement: can't place more pipeline on heavy datanode： d82d563c-708d-4b1b-bd19-b9ed0ca17f6c Heaviness: 6 limit: 5
2019-09-25 03:45:13,105 [RatisPipelineUtilsThread] ERROR pipeline.PipelinePlacementPolicy (PipelinePlacementPolicy.java:filterViableNodes(148)) - Unable to find enough nodes that meet the criteria that cannot engage in more than 5 pipelines. Nodes required: 1 Found: 0, healthy nodes count inNodeManager: 4.
2019-09-25 03:45:13,106 [RatisPipelineUtilsThread] ERROR pipeline.SCMPipelineManager (SCMPipelineManager.java:createPipeline(167)) - Pipeline creation failed.
org.apache.hadoop.hdds.scm.exceptions.SCMException: Unable to find enough nodes that meet the criteria that cannot engage in more than 5 pipelines. Nodes required: 1 Found: 0, healthy nodes count inNodeManager: 4.
	at org.apache.hadoop.hdds.scm.pipeline.PipelinePlacementPolicy.filterViableNodes(PipelinePlacementPolicy.java:149)
	at org.apache.hadoop.hdds.scm.pipeline.PipelinePlacementPolicy.chooseDatanodes(PipelinePlacementPolicy.java:172)
	at org.apache.hadoop.hdds.scm.pipeline.RatisPipelineProvider.create(RatisPipelineProvider.java:93)
	at org.apache.hadoop.hdds.scm.pipeline.PipelineFactory.create(PipelineFactory.java:58)
	at org.apache.hadoop.hdds.scm.pipeline.SCMPipelineManager.createPipeline(SCMPipelineManager.java:155)
	at org.apache.hadoop.hdds.scm.pipeline.BackgroundPipelineCreator.createPipelines(BackgroundPipelineCreator.java:99)
	at java.util.concurrent.Executors$RunnableAdapter.call(Executors.java:511)
	at java.util.concurrent.FutureTask.run(FutureTask.java:266)
	at java.util.concurrent.ScheduledThreadPoolExecutor$ScheduledFutureTask.access$201(ScheduledThreadPoolExecutor.java:180)
	at java.util.concurrent.ScheduledThreadPoolExecutor$ScheduledFutureTask.run(ScheduledThreadPoolExecutor.java:293)
	at java.util.concurrent.ThreadPoolExecutor.runWorker(ThreadPoolExecutor.java:1149)
	at java.util.concurrent.ThreadPoolExecutor$Worker.run(ThreadPoolExecutor.java:624)
	at java.lang.Thread.run(Thread.java:748)
2019-09-25 03:45:13,107 [RatisPipelineUtilsThread] INFO  pipeline.PipelinePlacementPolicy (PipelinePlacementPolicy.java:meetCriteria(91)) - Pipeline Placement: can't place more pipeline on heavy datanode： d3b65c3f-c5b1-41a6-92a2-58f72c630ad9 Heaviness: 6 limit: 5
2019-09-25 03:45:13,107 [RatisPipelineUtilsThread] INFO  pipeline.PipelinePlacementPolicy (PipelinePlacementPolicy.java:meetCriteria(91)) - Pipeline Placement: can't place more pipeline on heavy datanode： 0d193d2d-ce27-4ace-8d68-2a8197cbc29b Heaviness: 6 limit: 5
2019-09-25 03:45:13,107 [RatisPipelineUtilsThread] INFO  pipeline.PipelinePlacementPolicy (PipelinePlacementPolicy.java:meetCriteria(91)) - Pipeline Placement: can't place more pipeline on heavy datanode： ab15c39f-6391-49d0-b553-81943ab852f8 Heaviness: 6 limit: 5
2019-09-25 03:45:13,107 [RatisPipelineUtilsThread] INFO  pipeline.PipelinePlacementPolicy (PipelinePlacementPolicy.java:meetCriteria(91)) - Pipeline Placement: can't place more pipeline on heavy datanode： d82d563c-708d-4b1b-bd19-b9ed0ca17f6c Heaviness: 6 limit: 5
2019-09-25 03:45:13,108 [RatisPipelineUtilsThread] ERROR pipeline.PipelinePlacementPolicy (PipelinePlacementPolicy.java:filterViableNodes(148)) - Unable to find enough nodes that meet the criteria that cannot engage in more than 5 pipelines. Nodes required: 3 Found: 0, healthy nodes count inNodeManager: 4.
2019-09-25 03:45:13,108 [RatisPipelineUtilsThread] ERROR pipeline.SCMPipelineManager (SCMPipelineManager.java:createPipeline(167)) - Pipeline creation failed.
org.apache.hadoop.hdds.scm.exceptions.SCMException: Unable to find enough nodes that meet the criteria that cannot engage in more than 5 pipelines. Nodes required: 3 Found: 0, healthy nodes count inNodeManager: 4.
	at org.apache.hadoop.hdds.scm.pipeline.PipelinePlacementPolicy.filterViableNodes(PipelinePlacementPolicy.java:149)
	at org.apache.hadoop.hdds.scm.pipeline.PipelinePlacementPolicy.chooseDatanodes(PipelinePlacementPolicy.java:172)
	at org.apache.hadoop.hdds.scm.pipeline.RatisPipelineProvider.create(RatisPipelineProvider.java:93)
	at org.apache.hadoop.hdds.scm.pipeline.PipelineFactory.create(PipelineFactory.java:58)
	at org.apache.hadoop.hdds.scm.pipeline.SCMPipelineManager.createPipeline(SCMPipelineManager.java:155)
	at org.apache.hadoop.hdds.scm.pipeline.BackgroundPipelineCreator.createPipelines(BackgroundPipelineCreator.java:99)
	at java.util.concurrent.Executors$RunnableAdapter.call(Executors.java:511)
	at java.util.concurrent.FutureTask.run(FutureTask.java:266)
	at java.util.concurrent.ScheduledThreadPoolExecutor$ScheduledFutureTask.access$201(ScheduledThreadPoolExecutor.java:180)
	at java.util.concurrent.ScheduledThreadPoolExecutor$ScheduledFutureTask.run(ScheduledThreadPoolExecutor.java:293)
	at java.util.concurrent.ThreadPoolExecutor.runWorker(ThreadPoolExecutor.java:1149)
	at java.util.concurrent.ThreadPoolExecutor$Worker.run(ThreadPoolExecutor.java:624)
	at java.lang.Thread.run(Thread.java:748)
2019-09-25 03:45:13,109 [RatisPipelineUtilsThread] INFO  pipeline.PipelinePlacementPolicy (PipelinePlacementPolicy.java:meetCriteria(91)) - Pipeline Placement: can't place more pipeline on heavy datanode： d3b65c3f-c5b1-41a6-92a2-58f72c630ad9 Heaviness: 6 limit: 5
2019-09-25 03:45:13,109 [RatisPipelineUtilsThread] INFO  pipeline.PipelinePlacementPolicy (PipelinePlacementPolicy.java:meetCriteria(91)) - Pipeline Placement: can't place more pipeline on heavy datanode： 0d193d2d-ce27-4ace-8d68-2a8197cbc29b Heaviness: 6 limit: 5
2019-09-25 03:45:13,109 [RatisPipelineUtilsThread] INFO  pipeline.PipelinePlacementPolicy (PipelinePlacementPolicy.java:meetCriteria(91)) - Pipeline Placement: can't place more pipeline on heavy datanode： ab15c39f-6391-49d0-b553-81943ab852f8 Heaviness: 6 limit: 5
2019-09-25 03:45:13,110 [RatisPipelineUtilsThread] INFO  pipeline.PipelinePlacementPolicy (PipelinePlacementPolicy.java:meetCriteria(91)) - Pipeline Placement: can't place more pipeline on heavy datanode： d82d563c-708d-4b1b-bd19-b9ed0ca17f6c Heaviness: 6 limit: 5
2019-09-25 03:45:13,110 [RatisPipelineUtilsThread] ERROR pipeline.PipelinePlacementPolicy (PipelinePlacementPolicy.java:filterViableNodes(148)) - Unable to find enough nodes that meet the criteria that cannot engage in more than 5 pipelines. Nodes required: 1 Found: 0, healthy nodes count inNodeManager: 4.
2019-09-25 03:45:13,110 [RatisPipelineUtilsThread] ERROR pipeline.SCMPipelineManager (SCMPipelineManager.java:createPipeline(167)) - Pipeline creation failed.
org.apache.hadoop.hdds.scm.exceptions.SCMException: Unable to find enough nodes that meet the criteria that cannot engage in more than 5 pipelines. Nodes required: 1 Found: 0, healthy nodes count inNodeManager: 4.
	at org.apache.hadoop.hdds.scm.pipeline.PipelinePlacementPolicy.filterViableNodes(PipelinePlacementPolicy.java:149)
	at org.apache.hadoop.hdds.scm.pipeline.PipelinePlacementPolicy.chooseDatanodes(PipelinePlacementPolicy.java:172)
	at org.apache.hadoop.hdds.scm.pipeline.RatisPipelineProvider.create(RatisPipelineProvider.java:93)
	at org.apache.hadoop.hdds.scm.pipeline.PipelineFactory.create(PipelineFactory.java:58)
	at org.apache.hadoop.hdds.scm.pipeline.SCMPipelineManager.createPipeline(SCMPipelineManager.java:155)
	at org.apache.hadoop.hdds.scm.pipeline.BackgroundPipelineCreator.createPipelines(BackgroundPipelineCreator.java:99)
	at org.apache.hadoop.hdds.scm.pipeline.BackgroundPipelineCreator.lambda$startFixedIntervalPipelineCreator$0(BackgroundPipelineCreator.java:70)
	at java.util.concurrent.Executors$RunnableAdapter.call(Executors.java:511)
	at java.util.concurrent.FutureTask.runAndReset(FutureTask.java:308)
	at java.util.concurrent.ScheduledThreadPoolExecutor$ScheduledFutureTask.access$301(ScheduledThreadPoolExecutor.java:180)
	at java.util.concurrent.ScheduledThreadPoolExecutor$ScheduledFutureTask.run(ScheduledThreadPoolExecutor.java:294)
	at java.util.concurrent.ThreadPoolExecutor.runWorker(ThreadPoolExecutor.java:1149)
	at java.util.concurrent.ThreadPoolExecutor$Worker.run(ThreadPoolExecutor.java:624)
	at java.lang.Thread.run(Thread.java:748)
2019-09-25 03:45:13,110 [RatisPipelineUtilsThread] INFO  pipeline.PipelinePlacementPolicy (PipelinePlacementPolicy.java:meetCriteria(91)) - Pipeline Placement: can't place more pipeline on heavy datanode： d3b65c3f-c5b1-41a6-92a2-58f72c630ad9 Heaviness: 6 limit: 5
2019-09-25 03:45:13,110 [RatisPipelineUtilsThread] INFO  pipeline.PipelinePlacementPolicy (PipelinePlacementPolicy.java:meetCriteria(91)) - Pipeline Placement: can't place more pipeline on heavy datanode： 0d193d2d-ce27-4ace-8d68-2a8197cbc29b Heaviness: 6 limit: 5
2019-09-25 03:45:13,110 [RatisPipelineUtilsThread] INFO  pipeline.PipelinePlacementPolicy (PipelinePlacementPolicy.java:meetCriteria(91)) - Pipeline Placement: can't place more pipeline on heavy datanode： ab15c39f-6391-49d0-b553-81943ab852f8 Heaviness: 6 limit: 5
2019-09-25 03:45:13,111 [RatisPipelineUtilsThread] INFO  pipeline.PipelinePlacementPolicy (PipelinePlacementPolicy.java:meetCriteria(91)) - Pipeline Placement: can't place more pipeline on heavy datanode： d82d563c-708d-4b1b-bd19-b9ed0ca17f6c Heaviness: 6 limit: 5
2019-09-25 03:45:13,111 [RatisPipelineUtilsThread] ERROR pipeline.PipelinePlacementPolicy (PipelinePlacementPolicy.java:filterViableNodes(148)) - Unable to find enough nodes that meet the criteria that cannot engage in more than 5 pipelines. Nodes required: 3 Found: 0, healthy nodes count inNodeManager: 4.
2019-09-25 03:45:13,111 [RatisPipelineUtilsThread] ERROR pipeline.SCMPipelineManager (SCMPipelineManager.java:createPipeline(167)) - Pipeline creation failed.
org.apache.hadoop.hdds.scm.exceptions.SCMException: Unable to find enough nodes that meet the criteria that cannot engage in more than 5 pipelines. Nodes required: 3 Found: 0, healthy nodes count inNodeManager: 4.
	at org.apache.hadoop.hdds.scm.pipeline.PipelinePlacementPolicy.filterViableNodes(PipelinePlacementPolicy.java:149)
	at org.apache.hadoop.hdds.scm.pipeline.PipelinePlacementPolicy.chooseDatanodes(PipelinePlacementPolicy.java:172)
	at org.apache.hadoop.hdds.scm.pipeline.RatisPipelineProvider.create(RatisPipelineProvider.java:93)
	at org.apache.hadoop.hdds.scm.pipeline.PipelineFactory.create(PipelineFactory.java:58)
	at org.apache.hadoop.hdds.scm.pipeline.SCMPipelineManager.createPipeline(SCMPipelineManager.java:155)
	at org.apache.hadoop.hdds.scm.pipeline.BackgroundPipelineCreator.createPipelines(BackgroundPipelineCreator.java:99)
	at org.apache.hadoop.hdds.scm.pipeline.BackgroundPipelineCreator.lambda$startFixedIntervalPipelineCreator$0(BackgroundPipelineCreator.java:70)
	at java.util.concurrent.Executors$RunnableAdapter.call(Executors.java:511)
	at java.util.concurrent.FutureTask.runAndReset(FutureTask.java:308)
	at java.util.concurrent.ScheduledThreadPoolExecutor$ScheduledFutureTask.access$301(ScheduledThreadPoolExecutor.java:180)
	at java.util.concurrent.ScheduledThreadPoolExecutor$ScheduledFutureTask.run(ScheduledThreadPoolExecutor.java:294)
	at java.util.concurrent.ThreadPoolExecutor.runWorker(ThreadPoolExecutor.java:1149)
	at java.util.concurrent.ThreadPoolExecutor$Worker.run(ThreadPoolExecutor.java:624)
	at java.lang.Thread.run(Thread.java:748)
2019-09-25 03:45:13,111 [IPC Server handler 0 on 41684] INFO  pipeline.PipelinePlacementPolicy (PipelinePlacementPolicy.java:meetCriteria(91)) - Pipeline Placement: can't place more pipeline on heavy datanode： d3b65c3f-c5b1-41a6-92a2-58f72c630ad9 Heaviness: 6 limit: 5
2019-09-25 03:45:13,111 [IPC Server handler 0 on 41684] INFO  pipeline.PipelinePlacementPolicy (PipelinePlacementPolicy.java:meetCriteria(91)) - Pipeline Placement: can't place more pipeline on heavy datanode： 0d193d2d-ce27-4ace-8d68-2a8197cbc29b Heaviness: 6 limit: 5
2019-09-25 03:45:13,112 [IPC Server handler 0 on 41684] INFO  pipeline.PipelinePlacementPolicy (PipelinePlacementPolicy.java:meetCriteria(91)) - Pipeline Placement: can't place more pipeline on heavy datanode： ab15c39f-6391-49d0-b553-81943ab852f8 Heaviness: 6 limit: 5
2019-09-25 03:45:13,112 [IPC Server handler 0 on 41684] INFO  pipeline.PipelinePlacementPolicy (PipelinePlacementPolicy.java:meetCriteria(91)) - Pipeline Placement: can't place more pipeline on heavy datanode： d82d563c-708d-4b1b-bd19-b9ed0ca17f6c Heaviness: 6 limit: 5
2019-09-25 03:45:13,112 [IPC Server handler 0 on 41684] ERROR pipeline.PipelinePlacementPolicy (PipelinePlacementPolicy.java:filterViableNodes(148)) - Unable to find enough nodes that meet the criteria that cannot engage in more than 5 pipelines. Nodes required: 3 Found: 0, healthy nodes count inNodeManager: 4.
2019-09-25 03:45:13,112 [IPC Server handler 0 on 41684] ERROR pipeline.SCMPipelineManager (SCMPipelineManager.java:createPipeline(167)) - Pipeline creation failed.
org.apache.hadoop.hdds.scm.exceptions.SCMException: Unable to find enough nodes that meet the criteria that cannot engage in more than 5 pipelines. Nodes required: 3 Found: 0, healthy nodes count inNodeManager: 4.
	at org.apache.hadoop.hdds.scm.pipeline.PipelinePlacementPolicy.filterViableNodes(PipelinePlacementPolicy.java:149)
	at org.apache.hadoop.hdds.scm.pipeline.PipelinePlacementPolicy.chooseDatanodes(PipelinePlacementPolicy.java:172)
	at org.apache.hadoop.hdds.scm.pipeline.RatisPipelineProvider.create(RatisPipelineProvider.java:93)
	at org.apache.hadoop.hdds.scm.pipeline.PipelineFactory.create(PipelineFactory.java:58)
	at org.apache.hadoop.hdds.scm.pipeline.SCMPipelineManager.createPipeline(SCMPipelineManager.java:155)
	at org.apache.hadoop.hdds.scm.block.BlockManagerImpl.allocateBlock(BlockManagerImpl.java:190)
	at org.apache.hadoop.hdds.scm.server.SCMBlockProtocolServer.allocateBlock(SCMBlockProtocolServer.java:182)
	at org.apache.hadoop.ozone.protocolPB.ScmBlockLocationProtocolServerSideTranslatorPB.allocateScmBlock(ScmBlockLocationProtocolServerSideTranslatorPB.java:183)
	at org.apache.hadoop.ozone.protocolPB.ScmBlockLocationProtocolServerSideTranslatorPB.processMessage(ScmBlockLocationProtocolServerSideTranslatorPB.java:141)
	at org.apache.hadoop.ozone.protocolPB.ScmBlockLocationProtocolServerSideTranslatorPB.send(ScmBlockLocationProtocolServerSideTranslatorPB.java:116)
	at org.apache.hadoop.hdds.protocol.proto.ScmBlockLocationProtocolProtos$ScmBlockLocationProtocolService$2.callBlockingMethod(ScmBlockLocationProtocolProtos.java:13157)
	at org.apache.hadoop.ipc.ProtobufRpcEngine$Server$ProtoBufRpcInvoker.call(ProtobufRpcEngine.java:524)
	at org.apache.hadoop.ipc.RPC$Server.call(RPC.java:1025)
	at org.apache.hadoop.ipc.Server$RpcCall.run(Server.java:876)
	at org.apache.hadoop.ipc.Server$RpcCall.run(Server.java:822)
	at java.security.AccessController.doPrivileged(Native Method)
	at javax.security.auth.Subject.doAs(Subject.java:422)
	at org.apache.hadoop.security.UserGroupInformation.doAs(UserGroupInformation.java:1730)
	at org.apache.hadoop.ipc.Server$Handler.run(Server.java:2682)
2019-09-25 03:45:13,113 [IPC Server handler 0 on 41684] WARN  block.BlockManagerImpl (BlockManagerImpl.java:allocateBlock(192)) - Pipeline creation failed for type:RATIS factor:THREE. Retrying get pipelines call once.
org.apache.hadoop.hdds.scm.exceptions.SCMException: Unable to find enough nodes that meet the criteria that cannot engage in more than 5 pipelines. Nodes required: 3 Found: 0, healthy nodes count inNodeManager: 4.
	at org.apache.hadoop.hdds.scm.pipeline.PipelinePlacementPolicy.filterViableNodes(PipelinePlacementPolicy.java:149)
	at org.apache.hadoop.hdds.scm.pipeline.PipelinePlacementPolicy.chooseDatanodes(PipelinePlacementPolicy.java:172)
	at org.apache.hadoop.hdds.scm.pipeline.RatisPipelineProvider.create(RatisPipelineProvider.java:93)
	at org.apache.hadoop.hdds.scm.pipeline.PipelineFactory.create(PipelineFactory.java:58)
	at org.apache.hadoop.hdds.scm.pipeline.SCMPipelineManager.createPipeline(SCMPipelineManager.java:155)
	at org.apache.hadoop.hdds.scm.block.BlockManagerImpl.allocateBlock(BlockManagerImpl.java:190)
	at org.apache.hadoop.hdds.scm.server.SCMBlockProtocolServer.allocateBlock(SCMBlockProtocolServer.java:182)
	at org.apache.hadoop.ozone.protocolPB.ScmBlockLocationProtocolServerSideTranslatorPB.allocateScmBlock(ScmBlockLocationProtocolServerSideTranslatorPB.java:183)
	at org.apache.hadoop.ozone.protocolPB.ScmBlockLocationProtocolServerSideTranslatorPB.processMessage(ScmBlockLocationProtocolServerSideTranslatorPB.java:141)
	at org.apache.hadoop.ozone.protocolPB.ScmBlockLocationProtocolServerSideTranslatorPB.send(ScmBlockLocationProtocolServerSideTranslatorPB.java:116)
	at org.apache.hadoop.hdds.protocol.proto.ScmBlockLocationProtocolProtos$ScmBlockLocationProtocolService$2.callBlockingMethod(ScmBlockLocationProtocolProtos.java:13157)
	at org.apache.hadoop.ipc.ProtobufRpcEngine$Server$ProtoBufRpcInvoker.call(ProtobufRpcEngine.java:524)
	at org.apache.hadoop.ipc.RPC$Server.call(RPC.java:1025)
	at org.apache.hadoop.ipc.Server$RpcCall.run(Server.java:876)
	at org.apache.hadoop.ipc.Server$RpcCall.run(Server.java:822)
	at java.security.AccessController.doPrivileged(Native Method)
	at javax.security.auth.Subject.doAs(Subject.java:422)
	at org.apache.hadoop.security.UserGroupInformation.doAs(UserGroupInformation.java:1730)
	at org.apache.hadoop.ipc.Server$Handler.run(Server.java:2682)
2019-09-25 03:45:13,114 [IPC Server handler 0 on 41684] INFO  block.BlockManagerImpl (BlockManagerImpl.java:allocateBlock(198)) - Could not find available pipeline of type:RATIS and factor:THREE even after retrying
2019-09-25 03:45:13,114 [IPC Server handler 0 on 41684] ERROR block.BlockManagerImpl (BlockManagerImpl.java:allocateBlock(222)) - Unable to allocate a block for the size: 4194304, type: RATIS, factor: THREE
2019-09-25 03:45:13,122 [main] INFO  ozone.MiniOzoneClusterImpl (MiniOzoneClusterImpl.java:shutdown(314)) - Shutting down the Mini Ozone Cluster
2019-09-25 03:45:13,123 [main] INFO  ozone.MiniOzoneClusterImpl (MiniOzoneClusterImpl.java:stop(330)) - Stopping the Mini Ozone Cluster
2019-09-25 03:45:13,123 [main] INFO  ozone.MiniOzoneClusterImpl (MiniOzoneClusterImpl.java:stopOM(400)) - Stopping the OzoneManager
2019-09-25 03:45:13,124 [main] INFO  ipc.Server (Server.java:stop(3082)) - Stopping server on 35979
2019-09-25 03:45:13,131 [IPC Server listener on 35979] INFO  ipc.Server (Server.java:run(1185)) - Stopping IPC Server listener on 35979
2019-09-25 03:45:13,134 [IPC Server Responder] INFO  ipc.Server (Server.java:run(1319)) - Stopping IPC Server Responder
2019-09-25 03:45:13,140 [main] INFO  impl.RaftServerProxy (RaftServerProxy.java:lambda$close$4(314)) - c5689325-208f-4527-8ffb-21609714c957: close
2019-09-25 03:45:13,150 [main] INFO  impl.RaftServerImpl (RaftServerImpl.java:lambda$shutdown$3(251)) - c5689325-208f-4527-8ffb-21609714c957@group-C5BA1605619E: shutdown
2019-09-25 03:45:13,150 [main] INFO  util.JmxRegister (JmxRegister.java:unregister(73)) - Successfully un-registered JMX Bean with object name Ratis:service=RaftServer,group=group-C5BA1605619E,id=c5689325-208f-4527-8ffb-21609714c957
2019-09-25 03:45:13,151 [main] INFO  impl.RoleInfo (RoleInfo.java:shutdownLeaderState(104)) - c5689325-208f-4527-8ffb-21609714c957: shutdown LeaderState
2019-09-25 03:45:13,151 [Thread-198] INFO  container.ReplicationManager (ReplicationManager.java:start(163)) - Starting Replication Monitor Thread.
2019-09-25 03:45:13,152 [main] INFO  impl.PendingRequests (PendingRequests.java:sendNotLeaderResponses(202)) - c5689325-208f-4527-8ffb-21609714c957-PendingRequests: sendNotLeaderResponses
2019-09-25 03:45:13,152 [ReplicationMonitor] INFO  container.ReplicationManager (ReplicationManager.java:run(226)) - Replication Monitor Thread took 0 milliseconds for processing 0 containers.
2019-09-25 03:45:13,158 [main] INFO  impl.StateMachineUpdater (StateMachineUpdater.java:stopAndJoin(125)) - c5689325-208f-4527-8ffb-21609714c957@group-C5BA1605619E-StateMachineUpdater: set stopIndex = 4
2019-09-25 03:45:13,158 [c5689325-208f-4527-8ffb-21609714c957@group-C5BA1605619E-StateMachineUpdater] INFO  ratis.OzoneManagerStateMachine (OzoneManagerStateMachine.java:takeSnapshot(254)) - Saving Ratis snapshot on the OM.
2019-09-25 03:45:13,163 [c5689325-208f-4527-8ffb-21609714c957@group-C5BA1605619E-StateMachineUpdater] INFO  ratis.OMRatisSnapshotInfo (OMRatisSnapshotInfo.java:saveRatisSnapshotToDisk(107)) - Saved Ratis Snapshot on the OM with snapshotIndex 3
2019-09-25 03:45:13,164 [c5689325-208f-4527-8ffb-21609714c957@group-C5BA1605619E-StateMachineUpdater] INFO  impl.StateMachineUpdater (StateMachineUpdater.java:takeSnapshot(258)) - c5689325-208f-4527-8ffb-21609714c957@group-C5BA1605619E-StateMachineUpdater: Took a snapshot at index 3
2019-09-25 03:45:13,165 [c5689325-208f-4527-8ffb-21609714c957@group-C5BA1605619E-StateMachineUpdater] INFO  impl.StateMachineUpdater (StateMachineUpdater.java:lambda$new$0(83)) - c5689325-208f-4527-8ffb-21609714c957@group-C5BA1605619E-StateMachineUpdater: snapshotIndex: updateIncreasingly -1 -> 3
2019-09-25 03:45:13,172 [c5689325-208f-4527-8ffb-21609714c957@group-C5BA1605619E-StateMachineUpdater] INFO  ratis.OzoneManagerStateMachine (OzoneManagerStateMachine.java:takeSnapshot(254)) - Saving Ratis snapshot on the OM.
2019-09-25 03:45:13,173 [c5689325-208f-4527-8ffb-21609714c957@group-C5BA1605619E-StateMachineUpdater] INFO  ratis.OMRatisSnapshotInfo (OMRatisSnapshotInfo.java:saveRatisSnapshotToDisk(107)) - Saved Ratis Snapshot on the OM with snapshotIndex 3
2019-09-25 03:45:13,174 [c5689325-208f-4527-8ffb-21609714c957@group-C5BA1605619E-StateMachineUpdater] INFO  impl.StateMachineUpdater (StateMachineUpdater.java:takeSnapshot(258)) - c5689325-208f-4527-8ffb-21609714c957@group-C5BA1605619E-StateMachineUpdater: Took a snapshot at index 3
2019-09-25 03:45:13,174 [c5689325-208f-4527-8ffb-21609714c957@group-C5BA1605619E-StateMachineUpdater] INFO  impl.StateMachineUpdater (StateMachineUpdater.java:lambda$new$0(83)) - c5689325-208f-4527-8ffb-21609714c957@group-C5BA1605619E-StateMachineUpdater: snapshotIndex: updateIncreasingly 3 -> 3
2019-09-25 03:45:13,174 [main] INFO  impl.RaftServerImpl (ServerState.java:close(385)) - c5689325-208f-4527-8ffb-21609714c957@group-C5BA1605619E: closes. applyIndex: 4
2019-09-25 03:45:13,177 [c5689325-208f-4527-8ffb-21609714c957@group-C5BA1605619E-SegmentedRaftLogWorker] INFO  segmented.SegmentedRaftLogWorker (SegmentedRaftLogWorker.java:run(313)) - c5689325-208f-4527-8ffb-21609714c957@group-C5BA1605619E-SegmentedRaftLogWorker was interrupted, exiting. There are 0 tasks remaining in the queue.
2019-09-25 03:45:13,178 [main] INFO  segmented.SegmentedRaftLogWorker (SegmentedRaftLogWorker.java:close(228)) - c5689325-208f-4527-8ffb-21609714c957@group-C5BA1605619E-SegmentedRaftLogWorker close()
2019-09-25 03:45:13,181 [main] INFO  server.GrpcService (GrpcService.java:closeImpl(164)) - c5689325-208f-4527-8ffb-21609714c957: shutdown server with port 9872 now
2019-09-25 03:45:13,183 [main] INFO  server.GrpcService (GrpcService.java:closeImpl(172)) - c5689325-208f-4527-8ffb-21609714c957: shutdown server with port 9872 successfully
2019-09-25 03:45:13,183 [main] INFO  ratis.OzoneManagerDoubleBuffer (OzoneManagerDoubleBuffer.java:stop(248)) - Stopping OMDoubleBuffer flush thread
2019-09-25 03:45:13,184 [OMDoubleBufferFlushThread] INFO  ratis.OzoneManagerDoubleBuffer (OzoneManagerDoubleBuffer.java:flushTransactions(191)) - OMDoubleBuffer flush thread OMDoubleBufferFlushThread is interrupted and will exit. OMDoubleBufferFlushThread
2019-09-25 03:45:13,186 [main] INFO  utils.BackgroundService (BackgroundService.java:shutdown(148)) - Shutting down service KeyDeletingService
2019-09-25 03:45:13,190 [main] INFO  handler.ContextHandler (ContextHandler.java:doStop(910)) - Stopped o.e.j.w.WebAppContext@5a2bd7c8{/,null,UNAVAILABLE}{/ozoneManager}
2019-09-25 03:45:13,197 [main] INFO  server.AbstractConnector (AbstractConnector.java:doStop(318)) - Stopped ServerConnector@7ca8d498{HTTP/1.1,[http/1.1]}{0.0.0.0:0}
2019-09-25 03:45:13,197 [main] INFO  handler.ContextHandler (ContextHandler.java:doStop(910)) - Stopped o.e.j.s.ServletContextHandler@3ce53f6a{/static,file:///workdir/hadoop-ozone/integration-test/target/test-classes/webapps/static,UNAVAILABLE}
2019-09-25 03:45:13,198 [main] INFO  handler.ContextHandler (ContextHandler.java:doStop(910)) - Stopped o.e.j.s.ServletContextHandler@42714a7{/logs,file:///workdir/hadoop-ozone/integration-test/target/log,UNAVAILABLE}
2019-09-25 03:45:13,204 [main] INFO  ozone.MiniOzoneClusterImpl (MiniOzoneClusterImpl.java:stopDatanodes(377)) - Stopping the HddsDatanodes
2019-09-25 03:45:13,470 [Datanode State Machine Thread - 0] INFO  statemachine.DatanodeStateMachine (DatanodeStateMachine.java:lambda$startDaemon$0(350)) - Ozone container server started.
2019-09-25 03:45:13,470 [Datanode State Machine Thread - 0] INFO  statemachine.DatanodeStateMachine (DatanodeStateMachine.java:lambda$startDaemon$0(350)) - Ozone container server started.
2019-09-25 03:45:15,819 [Thread-200] INFO  impl.FollowerState (FollowerState.java:run(106)) - d82d563c-708d-4b1b-bd19-b9ed0ca17f6c:group-D5AF6080A44C changes to CANDIDATE, lastRpcTime:5039, electionTimeout:5037ms
2019-09-25 03:45:15,822 [Thread-200] INFO  impl.RoleInfo (RoleInfo.java:shutdownFollowerState(121)) - d82d563c-708d-4b1b-bd19-b9ed0ca17f6c: shutdown FollowerState
2019-09-25 03:45:15,822 [Thread-200] INFO  impl.RaftServerImpl (RaftServerImpl.java:setRole(174)) - d82d563c-708d-4b1b-bd19-b9ed0ca17f6c@group-D5AF6080A44C: changes role from  FOLLOWER to CANDIDATE at term 0 for changeToCandidate
2019-09-25 03:45:15,823 [Thread-200] INFO  impl.RoleInfo (RoleInfo.java:updateAndGet(143)) - d82d563c-708d-4b1b-bd19-b9ed0ca17f6c: start LeaderElection
2019-09-25 03:45:15,840 [d82d563c-708d-4b1b-bd19-b9ed0ca17f6c@group-D5AF6080A44C:LeaderElection2] INFO  impl.LeaderElection (LeaderElection.java:askForVotes(182)) - d82d563c-708d-4b1b-bd19-b9ed0ca17f6c@group-D5AF6080A44C:LeaderElection2: begin an election at term 1 for -1: [d82d563c-708d-4b1b-bd19-b9ed0ca17f6c:192.168.151.106:45085], old=null
2019-09-25 03:45:15,842 [d82d563c-708d-4b1b-bd19-b9ed0ca17f6c@group-D5AF6080A44C:LeaderElection2] INFO  impl.RoleInfo (RoleInfo.java:shutdownLeaderElection(134)) - d82d563c-708d-4b1b-bd19-b9ed0ca17f6c: shutdown LeaderElection
2019-09-25 03:45:15,842 [d82d563c-708d-4b1b-bd19-b9ed0ca17f6c@group-D5AF6080A44C:LeaderElection2] INFO  impl.RaftServerImpl (RaftServerImpl.java:setRole(174)) - d82d563c-708d-4b1b-bd19-b9ed0ca17f6c@group-D5AF6080A44C: changes role from CANDIDATE to LEADER at term 1 for changeToLeader
2019-09-25 03:45:15,842 [d82d563c-708d-4b1b-bd19-b9ed0ca17f6c@group-D5AF6080A44C:LeaderElection2] INFO  impl.RaftServerImpl (ServerState.java:setLeader(253)) - d82d563c-708d-4b1b-bd19-b9ed0ca17f6c@group-D5AF6080A44C: change Leader from null to d82d563c-708d-4b1b-bd19-b9ed0ca17f6c at term 1 for becomeLeader, leader elected after 5114ms
2019-09-25 03:45:15,842 [d82d563c-708d-4b1b-bd19-b9ed0ca17f6c@group-D5AF6080A44C:LeaderElection2] INFO  server.RaftServerConfigKeys (ConfUtils.java:logGet(43)) - raft.server.staging.catchup.gap = 1000 (default)
2019-09-25 03:45:15,842 [d82d563c-708d-4b1b-bd19-b9ed0ca17f6c@group-D5AF6080A44C:LeaderElection2] INFO  server.RaftServerConfigKeys (ConfUtils.java:logGet(43)) - raft.server.rpc.sleep.time = 25ms (default)
2019-09-25 03:45:15,842 [d82d563c-708d-4b1b-bd19-b9ed0ca17f6c@group-D5AF6080A44C:LeaderElection2] INFO  server.RaftServerConfigKeys (ConfUtils.java:logGet(43)) - raft.server.write.element-limit = 4096 (default)
2019-09-25 03:45:15,843 [d82d563c-708d-4b1b-bd19-b9ed0ca17f6c@group-D5AF6080A44C:LeaderElection2] INFO  server.RaftServerConfigKeys (ConfUtils.java:logGet(43)) - raft.server.watch.timeout = 10s (default)
2019-09-25 03:45:15,843 [d82d563c-708d-4b1b-bd19-b9ed0ca17f6c@group-D5AF6080A44C:LeaderElection2] INFO  server.RaftServerConfigKeys (ConfUtils.java:logGet(43)) - raft.server.watch.timeout.denomination = 1s (default)
2019-09-25 03:45:15,843 [d82d563c-708d-4b1b-bd19-b9ed0ca17f6c@group-D5AF6080A44C:LeaderElection2] INFO  server.RaftServerConfigKeys (ConfUtils.java:logGet(43)) - raft.server.watch.element-limit = 65536 (default)
2019-09-25 03:45:15,845 [d82d563c-708d-4b1b-bd19-b9ed0ca17f6c@group-D5AF6080A44C:LeaderElection2] INFO  impl.RoleInfo (RoleInfo.java:updateAndGet(143)) - d82d563c-708d-4b1b-bd19-b9ed0ca17f6c: start LeaderState
2019-09-25 03:45:15,845 [d82d563c-708d-4b1b-bd19-b9ed0ca17f6c@group-D5AF6080A44C:LeaderElection2] INFO  segmented.SegmentedRaftLogWorker (SegmentedRaftLogWorker.java:startLogSegment(380)) - d82d563c-708d-4b1b-bd19-b9ed0ca17f6c@group-D5AF6080A44C-SegmentedRaftLogWorker: Starting segment from index:0
2019-09-25 03:45:15,846 [d82d563c-708d-4b1b-bd19-b9ed0ca17f6c@group-D5AF6080A44C:LeaderElection2] INFO  impl.RaftServerImpl (ServerState.java:setRaftConf(354)) - d82d563c-708d-4b1b-bd19-b9ed0ca17f6c@group-D5AF6080A44C: set configuration 0: [d82d563c-708d-4b1b-bd19-b9ed0ca17f6c:192.168.151.106:45085], old=null at 0
2019-09-25 03:45:15,877 [d82d563c-708d-4b1b-bd19-b9ed0ca17f6c@group-D5AF6080A44C-SegmentedRaftLogWorker] INFO  segmented.SegmentedRaftLogWorker (SegmentedRaftLogWorker.java:execute(569)) - d82d563c-708d-4b1b-bd19-b9ed0ca17f6c@group-D5AF6080A44C-SegmentedRaftLogWorker: created new log segment /workdir/hadoop-ozone/integration-test/target/test-dir/MiniOzoneClusterImpl-87ec6964-4cbb-4ea4-8c8c-f74cd58bfd83/datanode-0/data/ratis/1be6f3d5-ea4f-461c-ac9c-d5af6080a44c/current/log_inprogress_0
2019-09-25 03:45:16,049 [Thread-203] INFO  impl.FollowerState (FollowerState.java:run(106)) - d82d563c-708d-4b1b-bd19-b9ed0ca17f6c:group-93F174C790FC changes to CANDIDATE, lastRpcTime:5127, electionTimeout:5127ms
2019-09-25 03:45:16,050 [Thread-203] INFO  impl.RoleInfo (RoleInfo.java:shutdownFollowerState(121)) - d82d563c-708d-4b1b-bd19-b9ed0ca17f6c: shutdown FollowerState
2019-09-25 03:45:16,050 [Thread-203] INFO  impl.RaftServerImpl (RaftServerImpl.java:setRole(174)) - d82d563c-708d-4b1b-bd19-b9ed0ca17f6c@group-93F174C790FC: changes role from  FOLLOWER to CANDIDATE at term 0 for changeToCandidate
2019-09-25 03:45:16,050 [Thread-203] INFO  impl.RoleInfo (RoleInfo.java:updateAndGet(143)) - d82d563c-708d-4b1b-bd19-b9ed0ca17f6c: start LeaderElection
2019-09-25 03:45:16,067 [d82d563c-708d-4b1b-bd19-b9ed0ca17f6c@group-93F174C790FC:LeaderElection3] INFO  impl.LeaderElection (LeaderElection.java:askForVotes(182)) - d82d563c-708d-4b1b-bd19-b9ed0ca17f6c@group-93F174C790FC:LeaderElection3: begin an election at term 1 for -1: [d82d563c-708d-4b1b-bd19-b9ed0ca17f6c:192.168.151.106:45085], old=null
2019-09-25 03:45:16,068 [d82d563c-708d-4b1b-bd19-b9ed0ca17f6c@group-93F174C790FC:LeaderElection3] INFO  impl.RoleInfo (RoleInfo.java:shutdownLeaderElection(134)) - d82d563c-708d-4b1b-bd19-b9ed0ca17f6c: shutdown LeaderElection
2019-09-25 03:45:16,068 [d82d563c-708d-4b1b-bd19-b9ed0ca17f6c@group-93F174C790FC:LeaderElection3] INFO  impl.RaftServerImpl (RaftServerImpl.java:setRole(174)) - d82d563c-708d-4b1b-bd19-b9ed0ca17f6c@group-93F174C790FC: changes role from CANDIDATE to LEADER at term 1 for changeToLeader
2019-09-25 03:45:16,068 [d82d563c-708d-4b1b-bd19-b9ed0ca17f6c@group-93F174C790FC:LeaderElection3] INFO  impl.RaftServerImpl (ServerState.java:setLeader(253)) - d82d563c-708d-4b1b-bd19-b9ed0ca17f6c@group-93F174C790FC: change Leader from null to d82d563c-708d-4b1b-bd19-b9ed0ca17f6c at term 1 for becomeLeader, leader elected after 5153ms
2019-09-25 03:45:16,068 [d82d563c-708d-4b1b-bd19-b9ed0ca17f6c@group-93F174C790FC:LeaderElection3] INFO  server.RaftServerConfigKeys (ConfUtils.java:logGet(43)) - raft.server.staging.catchup.gap = 1000 (default)
2019-09-25 03:45:16,068 [d82d563c-708d-4b1b-bd19-b9ed0ca17f6c@group-93F174C790FC:LeaderElection3] INFO  server.RaftServerConfigKeys (ConfUtils.java:logGet(43)) - raft.server.rpc.sleep.time = 25ms (default)
2019-09-25 03:45:16,068 [d82d563c-708d-4b1b-bd19-b9ed0ca17f6c@group-93F174C790FC:LeaderElection3] INFO  server.RaftServerConfigKeys (ConfUtils.java:logGet(43)) - raft.server.write.element-limit = 4096 (default)
2019-09-25 03:45:16,069 [d82d563c-708d-4b1b-bd19-b9ed0ca17f6c@group-93F174C790FC:LeaderElection3] INFO  server.RaftServerConfigKeys (ConfUtils.java:logGet(43)) - raft.server.watch.timeout = 10s (default)
2019-09-25 03:45:16,069 [d82d563c-708d-4b1b-bd19-b9ed0ca17f6c@group-93F174C790FC:LeaderElection3] INFO  server.RaftServerConfigKeys (ConfUtils.java:logGet(43)) - raft.server.watch.timeout.denomination = 1s (default)
2019-09-25 03:45:16,069 [d82d563c-708d-4b1b-bd19-b9ed0ca17f6c@group-93F174C790FC:LeaderElection3] INFO  server.RaftServerConfigKeys (ConfUtils.java:logGet(43)) - raft.server.watch.element-limit = 65536 (default)
2019-09-25 03:45:16,072 [d82d563c-708d-4b1b-bd19-b9ed0ca17f6c@group-93F174C790FC:LeaderElection3] INFO  impl.RoleInfo (RoleInfo.java:updateAndGet(143)) - d82d563c-708d-4b1b-bd19-b9ed0ca17f6c: start LeaderState
2019-09-25 03:45:16,073 [d82d563c-708d-4b1b-bd19-b9ed0ca17f6c@group-93F174C790FC:LeaderElection3] INFO  segmented.SegmentedRaftLogWorker (SegmentedRaftLogWorker.java:startLogSegment(380)) - d82d563c-708d-4b1b-bd19-b9ed0ca17f6c@group-93F174C790FC-SegmentedRaftLogWorker: Starting segment from index:0
2019-09-25 03:45:16,073 [d82d563c-708d-4b1b-bd19-b9ed0ca17f6c@group-93F174C790FC:LeaderElection3] INFO  impl.RaftServerImpl (ServerState.java:setRaftConf(354)) - d82d563c-708d-4b1b-bd19-b9ed0ca17f6c@group-93F174C790FC: set configuration 0: [d82d563c-708d-4b1b-bd19-b9ed0ca17f6c:192.168.151.106:45085], old=null at 0
2019-09-25 03:45:16,114 [d82d563c-708d-4b1b-bd19-b9ed0ca17f6c@group-93F174C790FC-SegmentedRaftLogWorker] INFO  segmented.SegmentedRaftLogWorker (SegmentedRaftLogWorker.java:execute(569)) - d82d563c-708d-4b1b-bd19-b9ed0ca17f6c@group-93F174C790FC-SegmentedRaftLogWorker: created new log segment /workdir/hadoop-ozone/integration-test/target/test-dir/MiniOzoneClusterImpl-87ec6964-4cbb-4ea4-8c8c-f74cd58bfd83/datanode-0/data/ratis/37baa218-73a3-408e-9f88-93f174c790fc/current/log_inprogress_0
2019-09-25 03:45:16,146 [Thread-206] INFO  impl.FollowerState (FollowerState.java:run(106)) - d82d563c-708d-4b1b-bd19-b9ed0ca17f6c:group-299A84CFA8C1 changes to CANDIDATE, lastRpcTime:5142, electionTimeout:5141ms
2019-09-25 03:45:16,146 [Thread-206] INFO  impl.RoleInfo (RoleInfo.java:shutdownFollowerState(121)) - d82d563c-708d-4b1b-bd19-b9ed0ca17f6c: shutdown FollowerState
2019-09-25 03:45:16,147 [Thread-206] INFO  impl.RaftServerImpl (RaftServerImpl.java:setRole(174)) - d82d563c-708d-4b1b-bd19-b9ed0ca17f6c@group-299A84CFA8C1: changes role from  FOLLOWER to CANDIDATE at term 0 for changeToCandidate
2019-09-25 03:45:16,147 [Thread-206] INFO  impl.RoleInfo (RoleInfo.java:updateAndGet(143)) - d82d563c-708d-4b1b-bd19-b9ed0ca17f6c: start LeaderElection
2019-09-25 03:45:16,171 [d82d563c-708d-4b1b-bd19-b9ed0ca17f6c@group-299A84CFA8C1:LeaderElection4] INFO  impl.LeaderElection (LeaderElection.java:askForVotes(182)) - d82d563c-708d-4b1b-bd19-b9ed0ca17f6c@group-299A84CFA8C1:LeaderElection4: begin an election at term 1 for -1: [d82d563c-708d-4b1b-bd19-b9ed0ca17f6c:192.168.151.106:45085], old=null
2019-09-25 03:45:16,171 [d82d563c-708d-4b1b-bd19-b9ed0ca17f6c@group-299A84CFA8C1:LeaderElection4] INFO  impl.RoleInfo (RoleInfo.java:shutdownLeaderElection(134)) - d82d563c-708d-4b1b-bd19-b9ed0ca17f6c: shutdown LeaderElection
2019-09-25 03:45:16,172 [d82d563c-708d-4b1b-bd19-b9ed0ca17f6c@group-299A84CFA8C1:LeaderElection4] INFO  impl.RaftServerImpl (RaftServerImpl.java:setRole(174)) - d82d563c-708d-4b1b-bd19-b9ed0ca17f6c@group-299A84CFA8C1: changes role from CANDIDATE to LEADER at term 1 for changeToLeader
2019-09-25 03:45:16,172 [d82d563c-708d-4b1b-bd19-b9ed0ca17f6c@group-299A84CFA8C1:LeaderElection4] INFO  impl.RaftServerImpl (ServerState.java:setLeader(253)) - d82d563c-708d-4b1b-bd19-b9ed0ca17f6c@group-299A84CFA8C1: change Leader from null to d82d563c-708d-4b1b-bd19-b9ed0ca17f6c at term 1 for becomeLeader, leader elected after 5177ms
2019-09-25 03:45:16,172 [d82d563c-708d-4b1b-bd19-b9ed0ca17f6c@group-299A84CFA8C1:LeaderElection4] INFO  server.RaftServerConfigKeys (ConfUtils.java:logGet(43)) - raft.server.staging.catchup.gap = 1000 (default)
2019-09-25 03:45:16,172 [d82d563c-708d-4b1b-bd19-b9ed0ca17f6c@group-299A84CFA8C1:LeaderElection4] INFO  server.RaftServerConfigKeys (ConfUtils.java:logGet(43)) - raft.server.rpc.sleep.time = 25ms (default)
2019-09-25 03:45:16,172 [d82d563c-708d-4b1b-bd19-b9ed0ca17f6c@group-299A84CFA8C1:LeaderElection4] INFO  server.RaftServerConfigKeys (ConfUtils.java:logGet(43)) - raft.server.write.element-limit = 4096 (default)
2019-09-25 03:45:16,173 [d82d563c-708d-4b1b-bd19-b9ed0ca17f6c@group-299A84CFA8C1:LeaderElection4] INFO  server.RaftServerConfigKeys (ConfUtils.java:logGet(43)) - raft.server.watch.timeout = 10s (default)
2019-09-25 03:45:16,173 [d82d563c-708d-4b1b-bd19-b9ed0ca17f6c@group-299A84CFA8C1:LeaderElection4] INFO  server.RaftServerConfigKeys (ConfUtils.java:logGet(43)) - raft.server.watch.timeout.denomination = 1s (default)
2019-09-25 03:45:16,173 [d82d563c-708d-4b1b-bd19-b9ed0ca17f6c@group-299A84CFA8C1:LeaderElection4] INFO  server.RaftServerConfigKeys (ConfUtils.java:logGet(43)) - raft.server.watch.element-limit = 65536 (default)
2019-09-25 03:45:16,177 [d82d563c-708d-4b1b-bd19-b9ed0ca17f6c@group-299A84CFA8C1:LeaderElection4] INFO  impl.RoleInfo (RoleInfo.java:updateAndGet(143)) - d82d563c-708d-4b1b-bd19-b9ed0ca17f6c: start LeaderState
2019-09-25 03:45:16,177 [d82d563c-708d-4b1b-bd19-b9ed0ca17f6c@group-299A84CFA8C1:LeaderElection4] INFO  segmented.SegmentedRaftLogWorker (SegmentedRaftLogWorker.java:startLogSegment(380)) - d82d563c-708d-4b1b-bd19-b9ed0ca17f6c@group-299A84CFA8C1-SegmentedRaftLogWorker: Starting segment from index:0
2019-09-25 03:45:16,178 [d82d563c-708d-4b1b-bd19-b9ed0ca17f6c@group-299A84CFA8C1:LeaderElection4] INFO  impl.RaftServerImpl (ServerState.java:setRaftConf(354)) - d82d563c-708d-4b1b-bd19-b9ed0ca17f6c@group-299A84CFA8C1: set configuration 0: [d82d563c-708d-4b1b-bd19-b9ed0ca17f6c:192.168.151.106:45085], old=null at 0
2019-09-25 03:45:16,241 [Thread-212] INFO  impl.FollowerState (FollowerState.java:run(106)) - d82d563c-708d-4b1b-bd19-b9ed0ca17f6c:group-A1A6BA1266A7 changes to CANDIDATE, lastRpcTime:5036, electionTimeout:5036ms
2019-09-25 03:45:16,241 [Thread-212] INFO  impl.RoleInfo (RoleInfo.java:shutdownFollowerState(121)) - d82d563c-708d-4b1b-bd19-b9ed0ca17f6c: shutdown FollowerState
2019-09-25 03:45:16,241 [Thread-212] INFO  impl.RaftServerImpl (RaftServerImpl.java:setRole(174)) - d82d563c-708d-4b1b-bd19-b9ed0ca17f6c@group-A1A6BA1266A7: changes role from  FOLLOWER to CANDIDATE at term 0 for changeToCandidate
2019-09-25 03:45:16,242 [Thread-212] INFO  impl.RoleInfo (RoleInfo.java:updateAndGet(143)) - d82d563c-708d-4b1b-bd19-b9ed0ca17f6c: start LeaderElection
2019-09-25 03:45:16,245 [d82d563c-708d-4b1b-bd19-b9ed0ca17f6c@group-299A84CFA8C1-SegmentedRaftLogWorker] INFO  segmented.SegmentedRaftLogWorker (SegmentedRaftLogWorker.java:execute(569)) - d82d563c-708d-4b1b-bd19-b9ed0ca17f6c@group-299A84CFA8C1-SegmentedRaftLogWorker: created new log segment /workdir/hadoop-ozone/integration-test/target/test-dir/MiniOzoneClusterImpl-87ec6964-4cbb-4ea4-8c8c-f74cd58bfd83/datanode-0/data/ratis/f6936257-883c-42e8-9c3f-299a84cfa8c1/current/log_inprogress_0
2019-09-25 03:45:16,258 [d82d563c-708d-4b1b-bd19-b9ed0ca17f6c@group-A1A6BA1266A7:LeaderElection5] INFO  impl.LeaderElection (LeaderElection.java:askForVotes(182)) - d82d563c-708d-4b1b-bd19-b9ed0ca17f6c@group-A1A6BA1266A7:LeaderElection5: begin an election at term 1 for -1: [d82d563c-708d-4b1b-bd19-b9ed0ca17f6c:192.168.151.106:45085], old=null
2019-09-25 03:45:16,259 [d82d563c-708d-4b1b-bd19-b9ed0ca17f6c@group-A1A6BA1266A7:LeaderElection5] INFO  impl.RoleInfo (RoleInfo.java:shutdownLeaderElection(134)) - d82d563c-708d-4b1b-bd19-b9ed0ca17f6c: shutdown LeaderElection
2019-09-25 03:45:16,259 [d82d563c-708d-4b1b-bd19-b9ed0ca17f6c@group-A1A6BA1266A7:LeaderElection5] INFO  impl.RaftServerImpl (RaftServerImpl.java:setRole(174)) - d82d563c-708d-4b1b-bd19-b9ed0ca17f6c@group-A1A6BA1266A7: changes role from CANDIDATE to LEADER at term 1 for changeToLeader
2019-09-25 03:45:16,259 [d82d563c-708d-4b1b-bd19-b9ed0ca17f6c@group-A1A6BA1266A7:LeaderElection5] INFO  impl.RaftServerImpl (ServerState.java:setLeader(253)) - d82d563c-708d-4b1b-bd19-b9ed0ca17f6c@group-A1A6BA1266A7: change Leader from null to d82d563c-708d-4b1b-bd19-b9ed0ca17f6c at term 1 for becomeLeader, leader elected after 5066ms
2019-09-25 03:45:16,259 [d82d563c-708d-4b1b-bd19-b9ed0ca17f6c@group-A1A6BA1266A7:LeaderElection5] INFO  server.RaftServerConfigKeys (ConfUtils.java:logGet(43)) - raft.server.staging.catchup.gap = 1000 (default)
2019-09-25 03:45:16,259 [d82d563c-708d-4b1b-bd19-b9ed0ca17f6c@group-A1A6BA1266A7:LeaderElection5] INFO  server.RaftServerConfigKeys (ConfUtils.java:logGet(43)) - raft.server.rpc.sleep.time = 25ms (default)
2019-09-25 03:45:16,260 [d82d563c-708d-4b1b-bd19-b9ed0ca17f6c@group-A1A6BA1266A7:LeaderElection5] INFO  server.RaftServerConfigKeys (ConfUtils.java:logGet(43)) - raft.server.write.element-limit = 4096 (default)
2019-09-25 03:45:16,260 [d82d563c-708d-4b1b-bd19-b9ed0ca17f6c@group-A1A6BA1266A7:LeaderElection5] INFO  server.RaftServerConfigKeys (ConfUtils.java:logGet(43)) - raft.server.watch.timeout = 10s (default)
2019-09-25 03:45:16,260 [d82d563c-708d-4b1b-bd19-b9ed0ca17f6c@group-A1A6BA1266A7:LeaderElection5] INFO  server.RaftServerConfigKeys (ConfUtils.java:logGet(43)) - raft.server.watch.timeout.denomination = 1s (default)
2019-09-25 03:45:16,260 [d82d563c-708d-4b1b-bd19-b9ed0ca17f6c@group-A1A6BA1266A7:LeaderElection5] INFO  server.RaftServerConfigKeys (ConfUtils.java:logGet(43)) - raft.server.watch.element-limit = 65536 (default)
2019-09-25 03:45:16,264 [d82d563c-708d-4b1b-bd19-b9ed0ca17f6c@group-A1A6BA1266A7:LeaderElection5] INFO  impl.RoleInfo (RoleInfo.java:updateAndGet(143)) - d82d563c-708d-4b1b-bd19-b9ed0ca17f6c: start LeaderState
2019-09-25 03:45:16,264 [d82d563c-708d-4b1b-bd19-b9ed0ca17f6c@group-A1A6BA1266A7:LeaderElection5] INFO  segmented.SegmentedRaftLogWorker (SegmentedRaftLogWorker.java:startLogSegment(380)) - d82d563c-708d-4b1b-bd19-b9ed0ca17f6c@group-A1A6BA1266A7-SegmentedRaftLogWorker: Starting segment from index:0
2019-09-25 03:45:16,265 [d82d563c-708d-4b1b-bd19-b9ed0ca17f6c@group-A1A6BA1266A7:LeaderElection5] INFO  impl.RaftServerImpl (ServerState.java:setRaftConf(354)) - d82d563c-708d-4b1b-bd19-b9ed0ca17f6c@group-A1A6BA1266A7: set configuration 0: [d82d563c-708d-4b1b-bd19-b9ed0ca17f6c:192.168.151.106:45085], old=null at 0
2019-09-25 03:45:16,293 [d82d563c-708d-4b1b-bd19-b9ed0ca17f6c@group-A1A6BA1266A7-SegmentedRaftLogWorker] INFO  segmented.SegmentedRaftLogWorker (SegmentedRaftLogWorker.java:execute(569)) - d82d563c-708d-4b1b-bd19-b9ed0ca17f6c@group-A1A6BA1266A7-SegmentedRaftLogWorker: created new log segment /workdir/hadoop-ozone/integration-test/target/test-dir/MiniOzoneClusterImpl-87ec6964-4cbb-4ea4-8c8c-f74cd58bfd83/datanode-0/data/ratis/76250e20-3ff8-4a0f-a438-a1a6ba1266a7/current/log_inprogress_0
2019-09-25 03:45:16,302 [Thread-209] INFO  impl.FollowerState (FollowerState.java:run(106)) - d3b65c3f-c5b1-41a6-92a2-58f72c630ad9:group-A7366B148A26 changes to CANDIDATE, lastRpcTime:5172, electionTimeout:5172ms
2019-09-25 03:45:16,302 [Thread-209] INFO  impl.RoleInfo (RoleInfo.java:shutdownFollowerState(121)) - d3b65c3f-c5b1-41a6-92a2-58f72c630ad9: shutdown FollowerState
2019-09-25 03:45:16,303 [Thread-209] INFO  impl.RaftServerImpl (RaftServerImpl.java:setRole(174)) - d3b65c3f-c5b1-41a6-92a2-58f72c630ad9@group-A7366B148A26: changes role from  FOLLOWER to CANDIDATE at term 0 for changeToCandidate
2019-09-25 03:45:16,303 [Thread-209] INFO  impl.RoleInfo (RoleInfo.java:updateAndGet(143)) - d3b65c3f-c5b1-41a6-92a2-58f72c630ad9: start LeaderElection
2019-09-25 03:45:16,321 [d3b65c3f-c5b1-41a6-92a2-58f72c630ad9@group-A7366B148A26:LeaderElection6] INFO  impl.LeaderElection (LeaderElection.java:askForVotes(182)) - d3b65c3f-c5b1-41a6-92a2-58f72c630ad9@group-A7366B148A26:LeaderElection6: begin an election at term 1 for -1: [d3b65c3f-c5b1-41a6-92a2-58f72c630ad9:192.168.151.106:39450], old=null
2019-09-25 03:45:16,321 [d3b65c3f-c5b1-41a6-92a2-58f72c630ad9@group-A7366B148A26:LeaderElection6] INFO  impl.RoleInfo (RoleInfo.java:shutdownLeaderElection(134)) - d3b65c3f-c5b1-41a6-92a2-58f72c630ad9: shutdown LeaderElection
2019-09-25 03:45:16,321 [d3b65c3f-c5b1-41a6-92a2-58f72c630ad9@group-A7366B148A26:LeaderElection6] INFO  impl.RaftServerImpl (RaftServerImpl.java:setRole(174)) - d3b65c3f-c5b1-41a6-92a2-58f72c630ad9@group-A7366B148A26: changes role from CANDIDATE to LEADER at term 1 for changeToLeader
2019-09-25 03:45:16,321 [d3b65c3f-c5b1-41a6-92a2-58f72c630ad9@group-A7366B148A26:LeaderElection6] INFO  impl.RaftServerImpl (ServerState.java:setLeader(253)) - d3b65c3f-c5b1-41a6-92a2-58f72c630ad9@group-A7366B148A26: change Leader from null to d3b65c3f-c5b1-41a6-92a2-58f72c630ad9 at term 1 for becomeLeader, leader elected after 5207ms
2019-09-25 03:45:16,323 [d3b65c3f-c5b1-41a6-92a2-58f72c630ad9@group-A7366B148A26:LeaderElection6] INFO  server.RaftServerConfigKeys (ConfUtils.java:logGet(43)) - raft.server.staging.catchup.gap = 1000 (default)
2019-09-25 03:45:16,323 [d3b65c3f-c5b1-41a6-92a2-58f72c630ad9@group-A7366B148A26:LeaderElection6] INFO  server.RaftServerConfigKeys (ConfUtils.java:logGet(43)) - raft.server.rpc.sleep.time = 25ms (default)
2019-09-25 03:45:16,323 [d3b65c3f-c5b1-41a6-92a2-58f72c630ad9@group-A7366B148A26:LeaderElection6] INFO  server.RaftServerConfigKeys (ConfUtils.java:logGet(43)) - raft.server.write.element-limit = 4096 (default)
2019-09-25 03:45:16,324 [d3b65c3f-c5b1-41a6-92a2-58f72c630ad9@group-A7366B148A26:LeaderElection6] INFO  server.RaftServerConfigKeys (ConfUtils.java:logGet(43)) - raft.server.watch.timeout = 10s (default)
2019-09-25 03:45:16,324 [d3b65c3f-c5b1-41a6-92a2-58f72c630ad9@group-A7366B148A26:LeaderElection6] INFO  server.RaftServerConfigKeys (ConfUtils.java:logGet(43)) - raft.server.watch.timeout.denomination = 1s (default)
2019-09-25 03:45:16,324 [d3b65c3f-c5b1-41a6-92a2-58f72c630ad9@group-A7366B148A26:LeaderElection6] INFO  server.RaftServerConfigKeys (ConfUtils.java:logGet(43)) - raft.server.watch.element-limit = 65536 (default)
2019-09-25 03:45:16,327 [d3b65c3f-c5b1-41a6-92a2-58f72c630ad9@group-A7366B148A26:LeaderElection6] INFO  impl.RoleInfo (RoleInfo.java:updateAndGet(143)) - d3b65c3f-c5b1-41a6-92a2-58f72c630ad9: start LeaderState
2019-09-25 03:45:16,328 [d3b65c3f-c5b1-41a6-92a2-58f72c630ad9@group-A7366B148A26:LeaderElection6] INFO  segmented.SegmentedRaftLogWorker (SegmentedRaftLogWorker.java:startLogSegment(380)) - d3b65c3f-c5b1-41a6-92a2-58f72c630ad9@group-A7366B148A26-SegmentedRaftLogWorker: Starting segment from index:0
2019-09-25 03:45:16,328 [d3b65c3f-c5b1-41a6-92a2-58f72c630ad9@group-A7366B148A26:LeaderElection6] INFO  impl.RaftServerImpl (ServerState.java:setRaftConf(354)) - d3b65c3f-c5b1-41a6-92a2-58f72c630ad9@group-A7366B148A26: set configuration 0: [d3b65c3f-c5b1-41a6-92a2-58f72c630ad9:192.168.151.106:39450], old=null at 0
2019-09-25 03:45:16,368 [Thread-218] INFO  impl.FollowerState (FollowerState.java:run(106)) - 0d193d2d-ce27-4ace-8d68-2a8197cbc29b:group-2DA1CD946003 changes to CANDIDATE, lastRpcTime:5006, electionTimeout:5006ms
2019-09-25 03:45:16,370 [Thread-218] INFO  impl.RoleInfo (RoleInfo.java:shutdownFollowerState(121)) - 0d193d2d-ce27-4ace-8d68-2a8197cbc29b: shutdown FollowerState
2019-09-25 03:45:16,371 [Thread-218] INFO  impl.RaftServerImpl (RaftServerImpl.java:setRole(174)) - 0d193d2d-ce27-4ace-8d68-2a8197cbc29b@group-2DA1CD946003: changes role from  FOLLOWER to CANDIDATE at term 0 for changeToCandidate
2019-09-25 03:45:16,371 [Thread-218] INFO  impl.RoleInfo (RoleInfo.java:updateAndGet(143)) - 0d193d2d-ce27-4ace-8d68-2a8197cbc29b: start LeaderElection
2019-09-25 03:45:16,387 [d3b65c3f-c5b1-41a6-92a2-58f72c630ad9@group-A7366B148A26-SegmentedRaftLogWorker] INFO  segmented.SegmentedRaftLogWorker (SegmentedRaftLogWorker.java:execute(569)) - d3b65c3f-c5b1-41a6-92a2-58f72c630ad9@group-A7366B148A26-SegmentedRaftLogWorker: created new log segment /workdir/hadoop-ozone/integration-test/target/test-dir/MiniOzoneClusterImpl-87ec6964-4cbb-4ea4-8c8c-f74cd58bfd83/datanode-1/data/ratis/f9f866ec-2f2c-4eea-a781-a7366b148a26/current/log_inprogress_0
2019-09-25 03:45:16,388 [0d193d2d-ce27-4ace-8d68-2a8197cbc29b@group-2DA1CD946003:LeaderElection7] INFO  impl.LeaderElection (LeaderElection.java:askForVotes(182)) - 0d193d2d-ce27-4ace-8d68-2a8197cbc29b@group-2DA1CD946003:LeaderElection7: begin an election at term 1 for -1: [0d193d2d-ce27-4ace-8d68-2a8197cbc29b:192.168.151.106:44030], old=null
2019-09-25 03:45:16,388 [0d193d2d-ce27-4ace-8d68-2a8197cbc29b@group-2DA1CD946003:LeaderElection7] INFO  impl.RoleInfo (RoleInfo.java:shutdownLeaderElection(134)) - 0d193d2d-ce27-4ace-8d68-2a8197cbc29b: shutdown LeaderElection
2019-09-25 03:45:16,388 [0d193d2d-ce27-4ace-8d68-2a8197cbc29b@group-2DA1CD946003:LeaderElection7] INFO  impl.RaftServerImpl (RaftServerImpl.java:setRole(174)) - 0d193d2d-ce27-4ace-8d68-2a8197cbc29b@group-2DA1CD946003: changes role from CANDIDATE to LEADER at term 1 for changeToLeader
2019-09-25 03:45:16,388 [0d193d2d-ce27-4ace-8d68-2a8197cbc29b@group-2DA1CD946003:LeaderElection7] INFO  impl.RaftServerImpl (ServerState.java:setLeader(253)) - 0d193d2d-ce27-4ace-8d68-2a8197cbc29b@group-2DA1CD946003: change Leader from null to 0d193d2d-ce27-4ace-8d68-2a8197cbc29b at term 1 for becomeLeader, leader elected after 5039ms
2019-09-25 03:45:16,390 [0d193d2d-ce27-4ace-8d68-2a8197cbc29b@group-2DA1CD946003:LeaderElection7] INFO  server.RaftServerConfigKeys (ConfUtils.java:logGet(43)) - raft.server.staging.catchup.gap = 1000 (default)
2019-09-25 03:45:16,390 [0d193d2d-ce27-4ace-8d68-2a8197cbc29b@group-2DA1CD946003:LeaderElection7] INFO  server.RaftServerConfigKeys (ConfUtils.java:logGet(43)) - raft.server.rpc.sleep.time = 25ms (default)
2019-09-25 03:45:16,390 [0d193d2d-ce27-4ace-8d68-2a8197cbc29b@group-2DA1CD946003:LeaderElection7] INFO  server.RaftServerConfigKeys (ConfUtils.java:logGet(43)) - raft.server.write.element-limit = 4096 (default)
2019-09-25 03:45:16,390 [0d193d2d-ce27-4ace-8d68-2a8197cbc29b@group-2DA1CD946003:LeaderElection7] INFO  server.RaftServerConfigKeys (ConfUtils.java:logGet(43)) - raft.server.watch.timeout = 10s (default)
2019-09-25 03:45:16,391 [0d193d2d-ce27-4ace-8d68-2a8197cbc29b@group-2DA1CD946003:LeaderElection7] INFO  server.RaftServerConfigKeys (ConfUtils.java:logGet(43)) - raft.server.watch.timeout.denomination = 1s (default)
2019-09-25 03:45:16,391 [0d193d2d-ce27-4ace-8d68-2a8197cbc29b@group-2DA1CD946003:LeaderElection7] INFO  server.RaftServerConfigKeys (ConfUtils.java:logGet(43)) - raft.server.watch.element-limit = 65536 (default)
2019-09-25 03:45:16,394 [0d193d2d-ce27-4ace-8d68-2a8197cbc29b@group-2DA1CD946003:LeaderElection7] INFO  impl.RoleInfo (RoleInfo.java:updateAndGet(143)) - 0d193d2d-ce27-4ace-8d68-2a8197cbc29b: start LeaderState
2019-09-25 03:45:16,394 [0d193d2d-ce27-4ace-8d68-2a8197cbc29b@group-2DA1CD946003:LeaderElection7] INFO  segmented.SegmentedRaftLogWorker (SegmentedRaftLogWorker.java:startLogSegment(380)) - 0d193d2d-ce27-4ace-8d68-2a8197cbc29b@group-2DA1CD946003-SegmentedRaftLogWorker: Starting segment from index:0
2019-09-25 03:45:16,395 [0d193d2d-ce27-4ace-8d68-2a8197cbc29b@group-2DA1CD946003:LeaderElection7] INFO  impl.RaftServerImpl (ServerState.java:setRaftConf(354)) - 0d193d2d-ce27-4ace-8d68-2a8197cbc29b@group-2DA1CD946003: set configuration 0: [0d193d2d-ce27-4ace-8d68-2a8197cbc29b:192.168.151.106:44030], old=null at 0
2019-09-25 03:45:16,436 [0d193d2d-ce27-4ace-8d68-2a8197cbc29b@group-2DA1CD946003-SegmentedRaftLogWorker] INFO  segmented.SegmentedRaftLogWorker (SegmentedRaftLogWorker.java:execute(569)) - 0d193d2d-ce27-4ace-8d68-2a8197cbc29b@group-2DA1CD946003-SegmentedRaftLogWorker: created new log segment /workdir/hadoop-ozone/integration-test/target/test-dir/MiniOzoneClusterImpl-87ec6964-4cbb-4ea4-8c8c-f74cd58bfd83/datanode-3/data/ratis/ab7145b7-4f77-4ac8-b7b0-2da1cd946003/current/log_inprogress_0
2019-09-25 03:45:16,453 [Thread-215] INFO  impl.FollowerState (FollowerState.java:run(106)) - d82d563c-708d-4b1b-bd19-b9ed0ca17f6c:group-48F783B9C54D changes to CANDIDATE, lastRpcTime:5164, electionTimeout:5163ms
2019-09-25 03:45:16,453 [Thread-215] INFO  impl.RoleInfo (RoleInfo.java:shutdownFollowerState(121)) - d82d563c-708d-4b1b-bd19-b9ed0ca17f6c: shutdown FollowerState
2019-09-25 03:45:16,453 [Thread-215] INFO  impl.RaftServerImpl (RaftServerImpl.java:setRole(174)) - d82d563c-708d-4b1b-bd19-b9ed0ca17f6c@group-48F783B9C54D: changes role from  FOLLOWER to CANDIDATE at term 0 for changeToCandidate
2019-09-25 03:45:16,453 [Thread-215] INFO  impl.RoleInfo (RoleInfo.java:updateAndGet(143)) - d82d563c-708d-4b1b-bd19-b9ed0ca17f6c: start LeaderElection
2019-09-25 03:45:16,468 [Thread-221] INFO  impl.FollowerState (FollowerState.java:run(106)) - ab15c39f-6391-49d0-b553-81943ab852f8:group-23171D9876D1 changes to CANDIDATE, lastRpcTime:5036, electionTimeout:5036ms
2019-09-25 03:45:16,468 [Thread-221] INFO  impl.RoleInfo (RoleInfo.java:shutdownFollowerState(121)) - ab15c39f-6391-49d0-b553-81943ab852f8: shutdown FollowerState
2019-09-25 03:45:16,468 [Thread-221] INFO  impl.RaftServerImpl (RaftServerImpl.java:setRole(174)) - ab15c39f-6391-49d0-b553-81943ab852f8@group-23171D9876D1: changes role from  FOLLOWER to CANDIDATE at term 0 for changeToCandidate
2019-09-25 03:45:16,468 [Thread-221] INFO  impl.RoleInfo (RoleInfo.java:updateAndGet(143)) - ab15c39f-6391-49d0-b553-81943ab852f8: start LeaderElection
2019-09-25 03:45:16,480 [d82d563c-708d-4b1b-bd19-b9ed0ca17f6c@group-48F783B9C54D:LeaderElection8] INFO  impl.LeaderElection (LeaderElection.java:askForVotes(182)) - d82d563c-708d-4b1b-bd19-b9ed0ca17f6c@group-48F783B9C54D:LeaderElection8: begin an election at term 1 for -1: [d82d563c-708d-4b1b-bd19-b9ed0ca17f6c:192.168.151.106:45085], old=null
2019-09-25 03:45:16,480 [d82d563c-708d-4b1b-bd19-b9ed0ca17f6c@group-48F783B9C54D:LeaderElection8] INFO  impl.RoleInfo (RoleInfo.java:shutdownLeaderElection(134)) - d82d563c-708d-4b1b-bd19-b9ed0ca17f6c: shutdown LeaderElection
2019-09-25 03:45:16,481 [d82d563c-708d-4b1b-bd19-b9ed0ca17f6c@group-48F783B9C54D:LeaderElection8] INFO  impl.RaftServerImpl (RaftServerImpl.java:setRole(174)) - d82d563c-708d-4b1b-bd19-b9ed0ca17f6c@group-48F783B9C54D: changes role from CANDIDATE to LEADER at term 1 for changeToLeader
2019-09-25 03:45:16,481 [d82d563c-708d-4b1b-bd19-b9ed0ca17f6c@group-48F783B9C54D:LeaderElection8] INFO  impl.RaftServerImpl (ServerState.java:setLeader(253)) - d82d563c-708d-4b1b-bd19-b9ed0ca17f6c@group-48F783B9C54D: change Leader from null to d82d563c-708d-4b1b-bd19-b9ed0ca17f6c at term 1 for becomeLeader, leader elected after 5200ms
2019-09-25 03:45:16,481 [d82d563c-708d-4b1b-bd19-b9ed0ca17f6c@group-48F783B9C54D:LeaderElection8] INFO  server.RaftServerConfigKeys (ConfUtils.java:logGet(43)) - raft.server.staging.catchup.gap = 1000 (default)
2019-09-25 03:45:16,481 [d82d563c-708d-4b1b-bd19-b9ed0ca17f6c@group-48F783B9C54D:LeaderElection8] INFO  server.RaftServerConfigKeys (ConfUtils.java:logGet(43)) - raft.server.rpc.sleep.time = 25ms (default)
2019-09-25 03:45:16,481 [d82d563c-708d-4b1b-bd19-b9ed0ca17f6c@group-48F783B9C54D:LeaderElection8] INFO  server.RaftServerConfigKeys (ConfUtils.java:logGet(43)) - raft.server.write.element-limit = 4096 (default)
2019-09-25 03:45:16,481 [d82d563c-708d-4b1b-bd19-b9ed0ca17f6c@group-48F783B9C54D:LeaderElection8] INFO  server.RaftServerConfigKeys (ConfUtils.java:logGet(43)) - raft.server.watch.timeout = 10s (default)
2019-09-25 03:45:16,482 [d82d563c-708d-4b1b-bd19-b9ed0ca17f6c@group-48F783B9C54D:LeaderElection8] INFO  server.RaftServerConfigKeys (ConfUtils.java:logGet(43)) - raft.server.watch.timeout.denomination = 1s (default)
2019-09-25 03:45:16,482 [d82d563c-708d-4b1b-bd19-b9ed0ca17f6c@group-48F783B9C54D:LeaderElection8] INFO  server.RaftServerConfigKeys (ConfUtils.java:logGet(43)) - raft.server.watch.element-limit = 65536 (default)
2019-09-25 03:45:16,482 [ab15c39f-6391-49d0-b553-81943ab852f8@group-23171D9876D1:LeaderElection9] INFO  impl.LeaderElection (LeaderElection.java:askForVotes(182)) - ab15c39f-6391-49d0-b553-81943ab852f8@group-23171D9876D1:LeaderElection9: begin an election at term 1 for -1: [ab15c39f-6391-49d0-b553-81943ab852f8:192.168.151.106:41436], old=null
2019-09-25 03:45:16,482 [ab15c39f-6391-49d0-b553-81943ab852f8@group-23171D9876D1:LeaderElection9] INFO  impl.RoleInfo (RoleInfo.java:shutdownLeaderElection(134)) - ab15c39f-6391-49d0-b553-81943ab852f8: shutdown LeaderElection
2019-09-25 03:45:16,482 [ab15c39f-6391-49d0-b553-81943ab852f8@group-23171D9876D1:LeaderElection9] INFO  impl.RaftServerImpl (RaftServerImpl.java:setRole(174)) - ab15c39f-6391-49d0-b553-81943ab852f8@group-23171D9876D1: changes role from CANDIDATE to LEADER at term 1 for changeToLeader
2019-09-25 03:45:16,483 [ab15c39f-6391-49d0-b553-81943ab852f8@group-23171D9876D1:LeaderElection9] INFO  impl.RaftServerImpl (ServerState.java:setLeader(253)) - ab15c39f-6391-49d0-b553-81943ab852f8@group-23171D9876D1: change Leader from null to ab15c39f-6391-49d0-b553-81943ab852f8 at term 1 for becomeLeader, leader elected after 5060ms
2019-09-25 03:45:16,484 [ab15c39f-6391-49d0-b553-81943ab852f8@group-23171D9876D1:LeaderElection9] INFO  server.RaftServerConfigKeys (ConfUtils.java:logGet(43)) - raft.server.staging.catchup.gap = 1000 (default)
2019-09-25 03:45:16,484 [ab15c39f-6391-49d0-b553-81943ab852f8@group-23171D9876D1:LeaderElection9] INFO  server.RaftServerConfigKeys (ConfUtils.java:logGet(43)) - raft.server.rpc.sleep.time = 25ms (default)
2019-09-25 03:45:16,485 [ab15c39f-6391-49d0-b553-81943ab852f8@group-23171D9876D1:LeaderElection9] INFO  server.RaftServerConfigKeys (ConfUtils.java:logGet(43)) - raft.server.write.element-limit = 4096 (default)
2019-09-25 03:45:16,485 [ab15c39f-6391-49d0-b553-81943ab852f8@group-23171D9876D1:LeaderElection9] INFO  server.RaftServerConfigKeys (ConfUtils.java:logGet(43)) - raft.server.watch.timeout = 10s (default)
2019-09-25 03:45:16,485 [ab15c39f-6391-49d0-b553-81943ab852f8@group-23171D9876D1:LeaderElection9] INFO  server.RaftServerConfigKeys (ConfUtils.java:logGet(43)) - raft.server.watch.timeout.denomination = 1s (default)
2019-09-25 03:45:16,485 [ab15c39f-6391-49d0-b553-81943ab852f8@group-23171D9876D1:LeaderElection9] INFO  server.RaftServerConfigKeys (ConfUtils.java:logGet(43)) - raft.server.watch.element-limit = 65536 (default)
2019-09-25 03:45:16,486 [d82d563c-708d-4b1b-bd19-b9ed0ca17f6c@group-48F783B9C54D:LeaderElection8] INFO  impl.RoleInfo (RoleInfo.java:updateAndGet(143)) - d82d563c-708d-4b1b-bd19-b9ed0ca17f6c: start LeaderState
2019-09-25 03:45:16,487 [d82d563c-708d-4b1b-bd19-b9ed0ca17f6c@group-48F783B9C54D:LeaderElection8] INFO  segmented.SegmentedRaftLogWorker (SegmentedRaftLogWorker.java:startLogSegment(380)) - d82d563c-708d-4b1b-bd19-b9ed0ca17f6c@group-48F783B9C54D-SegmentedRaftLogWorker: Starting segment from index:0
2019-09-25 03:45:16,487 [d82d563c-708d-4b1b-bd19-b9ed0ca17f6c@group-48F783B9C54D:LeaderElection8] INFO  impl.RaftServerImpl (ServerState.java:setRaftConf(354)) - d82d563c-708d-4b1b-bd19-b9ed0ca17f6c@group-48F783B9C54D: set configuration 0: [d82d563c-708d-4b1b-bd19-b9ed0ca17f6c:192.168.151.106:45085], old=null at 0
2019-09-25 03:45:16,523 [ab15c39f-6391-49d0-b553-81943ab852f8@group-23171D9876D1:LeaderElection9] INFO  impl.RoleInfo (RoleInfo.java:updateAndGet(143)) - ab15c39f-6391-49d0-b553-81943ab852f8: start LeaderState
2019-09-25 03:45:16,524 [ab15c39f-6391-49d0-b553-81943ab852f8@group-23171D9876D1:LeaderElection9] INFO  segmented.SegmentedRaftLogWorker (SegmentedRaftLogWorker.java:startLogSegment(380)) - ab15c39f-6391-49d0-b553-81943ab852f8@group-23171D9876D1-SegmentedRaftLogWorker: Starting segment from index:0
2019-09-25 03:45:16,524 [ab15c39f-6391-49d0-b553-81943ab852f8@group-23171D9876D1:LeaderElection9] INFO  impl.RaftServerImpl (ServerState.java:setRaftConf(354)) - ab15c39f-6391-49d0-b553-81943ab852f8@group-23171D9876D1: set configuration 0: [ab15c39f-6391-49d0-b553-81943ab852f8:192.168.151.106:41436], old=null at 0
2019-09-25 03:45:16,544 [d82d563c-708d-4b1b-bd19-b9ed0ca17f6c@group-48F783B9C54D-SegmentedRaftLogWorker] INFO  segmented.SegmentedRaftLogWorker (SegmentedRaftLogWorker.java:execute(569)) - d82d563c-708d-4b1b-bd19-b9ed0ca17f6c@group-48F783B9C54D-SegmentedRaftLogWorker: created new log segment /workdir/hadoop-ozone/integration-test/target/test-dir/MiniOzoneClusterImpl-87ec6964-4cbb-4ea4-8c8c-f74cd58bfd83/datanode-0/data/ratis/15d40448-57ba-4af3-97c0-48f783b9c54d/current/log_inprogress_0
2019-09-25 03:45:16,558 [ab15c39f-6391-49d0-b553-81943ab852f8@group-23171D9876D1-SegmentedRaftLogWorker] INFO  segmented.SegmentedRaftLogWorker (SegmentedRaftLogWorker.java:execute(569)) - ab15c39f-6391-49d0-b553-81943ab852f8@group-23171D9876D1-SegmentedRaftLogWorker: created new log segment /workdir/hadoop-ozone/integration-test/target/test-dir/MiniOzoneClusterImpl-87ec6964-4cbb-4ea4-8c8c-f74cd58bfd83/datanode-2/data/ratis/6e8fdb14-bf7b-43de-9f65-23171d9876d1/current/log_inprogress_0
2019-09-25 03:45:16,588 [Thread-227] INFO  impl.FollowerState (FollowerState.java:run(106)) - 0d193d2d-ce27-4ace-8d68-2a8197cbc29b:group-10C8EF7CB393 changes to CANDIDATE, lastRpcTime:5040, electionTimeout:5040ms
2019-09-25 03:45:16,588 [Thread-227] INFO  impl.RoleInfo (RoleInfo.java:shutdownFollowerState(121)) - 0d193d2d-ce27-4ace-8d68-2a8197cbc29b: shutdown FollowerState
2019-09-25 03:45:16,588 [Thread-227] INFO  impl.RaftServerImpl (RaftServerImpl.java:setRole(174)) - 0d193d2d-ce27-4ace-8d68-2a8197cbc29b@group-10C8EF7CB393: changes role from  FOLLOWER to CANDIDATE at term 0 for changeToCandidate
2019-09-25 03:45:16,588 [Thread-227] INFO  impl.RoleInfo (RoleInfo.java:updateAndGet(143)) - 0d193d2d-ce27-4ace-8d68-2a8197cbc29b: start LeaderElection
2019-09-25 03:45:16,619 [0d193d2d-ce27-4ace-8d68-2a8197cbc29b@group-10C8EF7CB393:LeaderElection10] INFO  impl.LeaderElection (LeaderElection.java:askForVotes(182)) - 0d193d2d-ce27-4ace-8d68-2a8197cbc29b@group-10C8EF7CB393:LeaderElection10: begin an election at term 1 for -1: [0d193d2d-ce27-4ace-8d68-2a8197cbc29b:192.168.151.106:44030], old=null
2019-09-25 03:45:16,620 [0d193d2d-ce27-4ace-8d68-2a8197cbc29b@group-10C8EF7CB393:LeaderElection10] INFO  impl.RoleInfo (RoleInfo.java:shutdownLeaderElection(134)) - 0d193d2d-ce27-4ace-8d68-2a8197cbc29b: shutdown LeaderElection
2019-09-25 03:45:16,620 [0d193d2d-ce27-4ace-8d68-2a8197cbc29b@group-10C8EF7CB393:LeaderElection10] INFO  impl.RaftServerImpl (RaftServerImpl.java:setRole(174)) - 0d193d2d-ce27-4ace-8d68-2a8197cbc29b@group-10C8EF7CB393: changes role from CANDIDATE to LEADER at term 1 for changeToLeader
2019-09-25 03:45:16,620 [0d193d2d-ce27-4ace-8d68-2a8197cbc29b@group-10C8EF7CB393:LeaderElection10] INFO  impl.RaftServerImpl (ServerState.java:setLeader(253)) - 0d193d2d-ce27-4ace-8d68-2a8197cbc29b@group-10C8EF7CB393: change Leader from null to 0d193d2d-ce27-4ace-8d68-2a8197cbc29b at term 1 for becomeLeader, leader elected after 5078ms
2019-09-25 03:45:16,620 [0d193d2d-ce27-4ace-8d68-2a8197cbc29b@group-10C8EF7CB393:LeaderElection10] INFO  server.RaftServerConfigKeys (ConfUtils.java:logGet(43)) - raft.server.staging.catchup.gap = 1000 (default)
2019-09-25 03:45:16,620 [0d193d2d-ce27-4ace-8d68-2a8197cbc29b@group-10C8EF7CB393:LeaderElection10] INFO  server.RaftServerConfigKeys (ConfUtils.java:logGet(43)) - raft.server.rpc.sleep.time = 25ms (default)
2019-09-25 03:45:16,621 [0d193d2d-ce27-4ace-8d68-2a8197cbc29b@group-10C8EF7CB393:LeaderElection10] INFO  server.RaftServerConfigKeys (ConfUtils.java:logGet(43)) - raft.server.write.element-limit = 4096 (default)
2019-09-25 03:45:16,621 [0d193d2d-ce27-4ace-8d68-2a8197cbc29b@group-10C8EF7CB393:LeaderElection10] INFO  server.RaftServerConfigKeys (ConfUtils.java:logGet(43)) - raft.server.watch.timeout = 10s (default)
2019-09-25 03:45:16,621 [0d193d2d-ce27-4ace-8d68-2a8197cbc29b@group-10C8EF7CB393:LeaderElection10] INFO  server.RaftServerConfigKeys (ConfUtils.java:logGet(43)) - raft.server.watch.timeout.denomination = 1s (default)
2019-09-25 03:45:16,621 [0d193d2d-ce27-4ace-8d68-2a8197cbc29b@group-10C8EF7CB393:LeaderElection10] INFO  server.RaftServerConfigKeys (ConfUtils.java:logGet(43)) - raft.server.watch.element-limit = 65536 (default)
2019-09-25 03:45:16,624 [0d193d2d-ce27-4ace-8d68-2a8197cbc29b@group-10C8EF7CB393:LeaderElection10] INFO  impl.RoleInfo (RoleInfo.java:updateAndGet(143)) - 0d193d2d-ce27-4ace-8d68-2a8197cbc29b: start LeaderState
2019-09-25 03:45:16,625 [0d193d2d-ce27-4ace-8d68-2a8197cbc29b@group-10C8EF7CB393:LeaderElection10] INFO  segmented.SegmentedRaftLogWorker (SegmentedRaftLogWorker.java:startLogSegment(380)) - 0d193d2d-ce27-4ace-8d68-2a8197cbc29b@group-10C8EF7CB393-SegmentedRaftLogWorker: Starting segment from index:0
2019-09-25 03:45:16,625 [0d193d2d-ce27-4ace-8d68-2a8197cbc29b@group-10C8EF7CB393:LeaderElection10] INFO  impl.RaftServerImpl (ServerState.java:setRaftConf(354)) - 0d193d2d-ce27-4ace-8d68-2a8197cbc29b@group-10C8EF7CB393: set configuration 0: [0d193d2d-ce27-4ace-8d68-2a8197cbc29b:192.168.151.106:44030], old=null at 0
2019-09-25 03:45:16,664 [Thread-224] INFO  impl.FollowerState (FollowerState.java:run(106)) - d82d563c-708d-4b1b-bd19-b9ed0ca17f6c:group-06801551BA31 changes to CANDIDATE, lastRpcTime:5176, electionTimeout:5168ms
2019-09-25 03:45:16,665 [Thread-224] INFO  impl.RoleInfo (RoleInfo.java:shutdownFollowerState(121)) - d82d563c-708d-4b1b-bd19-b9ed0ca17f6c: shutdown FollowerState
2019-09-25 03:45:16,665 [Thread-224] INFO  impl.RaftServerImpl (RaftServerImpl.java:setRole(174)) - d82d563c-708d-4b1b-bd19-b9ed0ca17f6c@group-06801551BA31: changes role from  FOLLOWER to CANDIDATE at term 0 for changeToCandidate
2019-09-25 03:45:16,665 [Thread-224] INFO  impl.RoleInfo (RoleInfo.java:updateAndGet(143)) - d82d563c-708d-4b1b-bd19-b9ed0ca17f6c: start LeaderElection
2019-09-25 03:45:16,689 [0d193d2d-ce27-4ace-8d68-2a8197cbc29b@group-10C8EF7CB393-SegmentedRaftLogWorker] INFO  segmented.SegmentedRaftLogWorker (SegmentedRaftLogWorker.java:execute(569)) - 0d193d2d-ce27-4ace-8d68-2a8197cbc29b@group-10C8EF7CB393-SegmentedRaftLogWorker: created new log segment /workdir/hadoop-ozone/integration-test/target/test-dir/MiniOzoneClusterImpl-87ec6964-4cbb-4ea4-8c8c-f74cd58bfd83/datanode-3/data/ratis/9db93d30-b33c-4e88-8912-10c8ef7cb393/current/log_inprogress_0
2019-09-25 03:45:16,689 [d82d563c-708d-4b1b-bd19-b9ed0ca17f6c@group-06801551BA31:LeaderElection11] INFO  impl.LeaderElection (LeaderElection.java:askForVotes(182)) - d82d563c-708d-4b1b-bd19-b9ed0ca17f6c@group-06801551BA31:LeaderElection11: begin an election at term 1 for -1: [d82d563c-708d-4b1b-bd19-b9ed0ca17f6c:192.168.151.106:45085], old=null
2019-09-25 03:45:16,689 [d82d563c-708d-4b1b-bd19-b9ed0ca17f6c@group-06801551BA31:LeaderElection11] INFO  impl.RoleInfo (RoleInfo.java:shutdownLeaderElection(134)) - d82d563c-708d-4b1b-bd19-b9ed0ca17f6c: shutdown LeaderElection
2019-09-25 03:45:16,689 [d82d563c-708d-4b1b-bd19-b9ed0ca17f6c@group-06801551BA31:LeaderElection11] INFO  impl.RaftServerImpl (RaftServerImpl.java:setRole(174)) - d82d563c-708d-4b1b-bd19-b9ed0ca17f6c@group-06801551BA31: changes role from CANDIDATE to LEADER at term 1 for changeToLeader
2019-09-25 03:45:16,690 [d82d563c-708d-4b1b-bd19-b9ed0ca17f6c@group-06801551BA31:LeaderElection11] INFO  impl.RaftServerImpl (ServerState.java:setLeader(253)) - d82d563c-708d-4b1b-bd19-b9ed0ca17f6c@group-06801551BA31: change Leader from null to d82d563c-708d-4b1b-bd19-b9ed0ca17f6c at term 1 for becomeLeader, leader elected after 5207ms
2019-09-25 03:45:16,690 [d82d563c-708d-4b1b-bd19-b9ed0ca17f6c@group-06801551BA31:LeaderElection11] INFO  server.RaftServerConfigKeys (ConfUtils.java:logGet(43)) - raft.server.staging.catchup.gap = 1000 (default)
2019-09-25 03:45:16,690 [d82d563c-708d-4b1b-bd19-b9ed0ca17f6c@group-06801551BA31:LeaderElection11] INFO  server.RaftServerConfigKeys (ConfUtils.java:logGet(43)) - raft.server.rpc.sleep.time = 25ms (default)
2019-09-25 03:45:16,690 [d82d563c-708d-4b1b-bd19-b9ed0ca17f6c@group-06801551BA31:LeaderElection11] INFO  server.RaftServerConfigKeys (ConfUtils.java:logGet(43)) - raft.server.write.element-limit = 4096 (default)
2019-09-25 03:45:16,690 [d82d563c-708d-4b1b-bd19-b9ed0ca17f6c@group-06801551BA31:LeaderElection11] INFO  server.RaftServerConfigKeys (ConfUtils.java:logGet(43)) - raft.server.watch.timeout = 10s (default)
2019-09-25 03:45:16,691 [d82d563c-708d-4b1b-bd19-b9ed0ca17f6c@group-06801551BA31:LeaderElection11] INFO  server.RaftServerConfigKeys (ConfUtils.java:logGet(43)) - raft.server.watch.timeout.denomination = 1s (default)
2019-09-25 03:45:16,691 [d82d563c-708d-4b1b-bd19-b9ed0ca17f6c@group-06801551BA31:LeaderElection11] INFO  server.RaftServerConfigKeys (ConfUtils.java:logGet(43)) - raft.server.watch.element-limit = 65536 (default)
2019-09-25 03:45:16,694 [d82d563c-708d-4b1b-bd19-b9ed0ca17f6c@group-06801551BA31:LeaderElection11] INFO  impl.RoleInfo (RoleInfo.java:updateAndGet(143)) - d82d563c-708d-4b1b-bd19-b9ed0ca17f6c: start LeaderState
2019-09-25 03:45:16,694 [d82d563c-708d-4b1b-bd19-b9ed0ca17f6c@group-06801551BA31:LeaderElection11] INFO  segmented.SegmentedRaftLogWorker (SegmentedRaftLogWorker.java:startLogSegment(380)) - d82d563c-708d-4b1b-bd19-b9ed0ca17f6c@group-06801551BA31-SegmentedRaftLogWorker: Starting segment from index:0
2019-09-25 03:45:16,695 [d82d563c-708d-4b1b-bd19-b9ed0ca17f6c@group-06801551BA31:LeaderElection11] INFO  impl.RaftServerImpl (ServerState.java:setRaftConf(354)) - d82d563c-708d-4b1b-bd19-b9ed0ca17f6c@group-06801551BA31: set configuration 0: [d82d563c-708d-4b1b-bd19-b9ed0ca17f6c:192.168.151.106:45085], old=null at 0
2019-09-25 03:45:16,739 [d82d563c-708d-4b1b-bd19-b9ed0ca17f6c@group-06801551BA31-SegmentedRaftLogWorker] INFO  segmented.SegmentedRaftLogWorker (SegmentedRaftLogWorker.java:execute(569)) - d82d563c-708d-4b1b-bd19-b9ed0ca17f6c@group-06801551BA31-SegmentedRaftLogWorker: created new log segment /workdir/hadoop-ozone/integration-test/target/test-dir/MiniOzoneClusterImpl-87ec6964-4cbb-4ea4-8c8c-f74cd58bfd83/datanode-0/data/ratis/7432ce9f-a46e-474a-a712-06801551ba31/current/log_inprogress_0
2019-09-25 03:45:16,787 [Thread-230] INFO  impl.FollowerState (FollowerState.java:run(106)) - d3b65c3f-c5b1-41a6-92a2-58f72c630ad9:group-96D58A105D7D changes to CANDIDATE, lastRpcTime:5155, electionTimeout:5155ms
2019-09-25 03:45:16,787 [Thread-230] INFO  impl.RoleInfo (RoleInfo.java:shutdownFollowerState(121)) - d3b65c3f-c5b1-41a6-92a2-58f72c630ad9: shutdown FollowerState
2019-09-25 03:45:16,787 [Thread-230] INFO  impl.RaftServerImpl (RaftServerImpl.java:setRole(174)) - d3b65c3f-c5b1-41a6-92a2-58f72c630ad9@group-96D58A105D7D: changes role from  FOLLOWER to CANDIDATE at term 0 for changeToCandidate
2019-09-25 03:45:16,787 [Thread-230] INFO  impl.RoleInfo (RoleInfo.java:updateAndGet(143)) - d3b65c3f-c5b1-41a6-92a2-58f72c630ad9: start LeaderElection
2019-09-25 03:45:16,795 [d3b65c3f-c5b1-41a6-92a2-58f72c630ad9@group-96D58A105D7D:LeaderElection12] INFO  impl.LeaderElection (LeaderElection.java:askForVotes(182)) - d3b65c3f-c5b1-41a6-92a2-58f72c630ad9@group-96D58A105D7D:LeaderElection12: begin an election at term 1 for -1: [d3b65c3f-c5b1-41a6-92a2-58f72c630ad9:192.168.151.106:39450], old=null
2019-09-25 03:45:16,796 [d3b65c3f-c5b1-41a6-92a2-58f72c630ad9@group-96D58A105D7D:LeaderElection12] INFO  impl.RoleInfo (RoleInfo.java:shutdownLeaderElection(134)) - d3b65c3f-c5b1-41a6-92a2-58f72c630ad9: shutdown LeaderElection
2019-09-25 03:45:16,796 [d3b65c3f-c5b1-41a6-92a2-58f72c630ad9@group-96D58A105D7D:LeaderElection12] INFO  impl.RaftServerImpl (RaftServerImpl.java:setRole(174)) - d3b65c3f-c5b1-41a6-92a2-58f72c630ad9@group-96D58A105D7D: changes role from CANDIDATE to LEADER at term 1 for changeToLeader
2019-09-25 03:45:16,796 [d3b65c3f-c5b1-41a6-92a2-58f72c630ad9@group-96D58A105D7D:LeaderElection12] INFO  impl.RaftServerImpl (ServerState.java:setLeader(253)) - d3b65c3f-c5b1-41a6-92a2-58f72c630ad9@group-96D58A105D7D: change Leader from null to d3b65c3f-c5b1-41a6-92a2-58f72c630ad9 at term 1 for becomeLeader, leader elected after 5173ms
2019-09-25 03:45:16,796 [d3b65c3f-c5b1-41a6-92a2-58f72c630ad9@group-96D58A105D7D:LeaderElection12] INFO  server.RaftServerConfigKeys (ConfUtils.java:logGet(43)) - raft.server.staging.catchup.gap = 1000 (default)
2019-09-25 03:45:16,796 [d3b65c3f-c5b1-41a6-92a2-58f72c630ad9@group-96D58A105D7D:LeaderElection12] INFO  server.RaftServerConfigKeys (ConfUtils.java:logGet(43)) - raft.server.rpc.sleep.time = 25ms (default)
2019-09-25 03:45:16,797 [d3b65c3f-c5b1-41a6-92a2-58f72c630ad9@group-96D58A105D7D:LeaderElection12] INFO  server.RaftServerConfigKeys (ConfUtils.java:logGet(43)) - raft.server.write.element-limit = 4096 (default)
2019-09-25 03:45:16,797 [d3b65c3f-c5b1-41a6-92a2-58f72c630ad9@group-96D58A105D7D:LeaderElection12] INFO  server.RaftServerConfigKeys (ConfUtils.java:logGet(43)) - raft.server.watch.timeout = 10s (default)
2019-09-25 03:45:16,797 [d3b65c3f-c5b1-41a6-92a2-58f72c630ad9@group-96D58A105D7D:LeaderElection12] INFO  server.RaftServerConfigKeys (ConfUtils.java:logGet(43)) - raft.server.watch.timeout.denomination = 1s (default)
2019-09-25 03:45:16,797 [d3b65c3f-c5b1-41a6-92a2-58f72c630ad9@group-96D58A105D7D:LeaderElection12] INFO  server.RaftServerConfigKeys (ConfUtils.java:logGet(43)) - raft.server.watch.element-limit = 65536 (default)
2019-09-25 03:45:16,800 [d3b65c3f-c5b1-41a6-92a2-58f72c630ad9@group-96D58A105D7D:LeaderElection12] INFO  impl.RoleInfo (RoleInfo.java:updateAndGet(143)) - d3b65c3f-c5b1-41a6-92a2-58f72c630ad9: start LeaderState
2019-09-25 03:45:16,800 [d3b65c3f-c5b1-41a6-92a2-58f72c630ad9@group-96D58A105D7D:LeaderElection12] INFO  segmented.SegmentedRaftLogWorker (SegmentedRaftLogWorker.java:startLogSegment(380)) - d3b65c3f-c5b1-41a6-92a2-58f72c630ad9@group-96D58A105D7D-SegmentedRaftLogWorker: Starting segment from index:0
2019-09-25 03:45:16,801 [d3b65c3f-c5b1-41a6-92a2-58f72c630ad9@group-96D58A105D7D:LeaderElection12] INFO  impl.RaftServerImpl (ServerState.java:setRaftConf(354)) - d3b65c3f-c5b1-41a6-92a2-58f72c630ad9@group-96D58A105D7D: set configuration 0: [d3b65c3f-c5b1-41a6-92a2-58f72c630ad9:192.168.151.106:39450], old=null at 0
2019-09-25 03:45:16,840 [d3b65c3f-c5b1-41a6-92a2-58f72c630ad9@group-96D58A105D7D-SegmentedRaftLogWorker] INFO  segmented.SegmentedRaftLogWorker (SegmentedRaftLogWorker.java:execute(569)) - d3b65c3f-c5b1-41a6-92a2-58f72c630ad9@group-96D58A105D7D-SegmentedRaftLogWorker: created new log segment /workdir/hadoop-ozone/integration-test/target/test-dir/MiniOzoneClusterImpl-87ec6964-4cbb-4ea4-8c8c-f74cd58bfd83/datanode-1/data/ratis/b22368db-ee1a-40b8-9d11-96d58a105d7d/current/log_inprogress_0
2019-09-25 03:45:16,870 [Thread-236] INFO  impl.FollowerState (FollowerState.java:run(106)) - d3b65c3f-c5b1-41a6-92a2-58f72c630ad9:group-32FC0CA963DF changes to CANDIDATE, lastRpcTime:5089, electionTimeout:5089ms
2019-09-25 03:45:16,870 [Thread-236] INFO  impl.RoleInfo (RoleInfo.java:shutdownFollowerState(121)) - d3b65c3f-c5b1-41a6-92a2-58f72c630ad9: shutdown FollowerState
2019-09-25 03:45:16,871 [Thread-236] INFO  impl.RaftServerImpl (RaftServerImpl.java:setRole(174)) - d3b65c3f-c5b1-41a6-92a2-58f72c630ad9@group-32FC0CA963DF: changes role from  FOLLOWER to CANDIDATE at term 0 for changeToCandidate
2019-09-25 03:45:16,871 [Thread-236] INFO  impl.RoleInfo (RoleInfo.java:updateAndGet(143)) - d3b65c3f-c5b1-41a6-92a2-58f72c630ad9: start LeaderElection
2019-09-25 03:45:16,887 [d3b65c3f-c5b1-41a6-92a2-58f72c630ad9@group-32FC0CA963DF:LeaderElection13] INFO  impl.LeaderElection (LeaderElection.java:askForVotes(182)) - d3b65c3f-c5b1-41a6-92a2-58f72c630ad9@group-32FC0CA963DF:LeaderElection13: begin an election at term 1 for -1: [d3b65c3f-c5b1-41a6-92a2-58f72c630ad9:192.168.151.106:39450], old=null
2019-09-25 03:45:16,887 [d3b65c3f-c5b1-41a6-92a2-58f72c630ad9@group-32FC0CA963DF:LeaderElection13] INFO  impl.RoleInfo (RoleInfo.java:shutdownLeaderElection(134)) - d3b65c3f-c5b1-41a6-92a2-58f72c630ad9: shutdown LeaderElection
2019-09-25 03:45:16,887 [d3b65c3f-c5b1-41a6-92a2-58f72c630ad9@group-32FC0CA963DF:LeaderElection13] INFO  impl.RaftServerImpl (RaftServerImpl.java:setRole(174)) - d3b65c3f-c5b1-41a6-92a2-58f72c630ad9@group-32FC0CA963DF: changes role from CANDIDATE to LEADER at term 1 for changeToLeader
2019-09-25 03:45:16,888 [d3b65c3f-c5b1-41a6-92a2-58f72c630ad9@group-32FC0CA963DF:LeaderElection13] INFO  impl.RaftServerImpl (ServerState.java:setLeader(253)) - d3b65c3f-c5b1-41a6-92a2-58f72c630ad9@group-32FC0CA963DF: change Leader from null to d3b65c3f-c5b1-41a6-92a2-58f72c630ad9 at term 1 for becomeLeader, leader elected after 5115ms
2019-09-25 03:45:16,888 [d3b65c3f-c5b1-41a6-92a2-58f72c630ad9@group-32FC0CA963DF:LeaderElection13] INFO  server.RaftServerConfigKeys (ConfUtils.java:logGet(43)) - raft.server.staging.catchup.gap = 1000 (default)
2019-09-25 03:45:16,888 [d3b65c3f-c5b1-41a6-92a2-58f72c630ad9@group-32FC0CA963DF:LeaderElection13] INFO  server.RaftServerConfigKeys (ConfUtils.java:logGet(43)) - raft.server.rpc.sleep.time = 25ms (default)
2019-09-25 03:45:16,888 [d3b65c3f-c5b1-41a6-92a2-58f72c630ad9@group-32FC0CA963DF:LeaderElection13] INFO  server.RaftServerConfigKeys (ConfUtils.java:logGet(43)) - raft.server.write.element-limit = 4096 (default)
2019-09-25 03:45:16,888 [d3b65c3f-c5b1-41a6-92a2-58f72c630ad9@group-32FC0CA963DF:LeaderElection13] INFO  server.RaftServerConfigKeys (ConfUtils.java:logGet(43)) - raft.server.watch.timeout = 10s (default)
2019-09-25 03:45:16,888 [d3b65c3f-c5b1-41a6-92a2-58f72c630ad9@group-32FC0CA963DF:LeaderElection13] INFO  server.RaftServerConfigKeys (ConfUtils.java:logGet(43)) - raft.server.watch.timeout.denomination = 1s (default)
2019-09-25 03:45:16,889 [d3b65c3f-c5b1-41a6-92a2-58f72c630ad9@group-32FC0CA963DF:LeaderElection13] INFO  server.RaftServerConfigKeys (ConfUtils.java:logGet(43)) - raft.server.watch.element-limit = 65536 (default)
2019-09-25 03:45:16,891 [Thread-240] INFO  impl.FollowerState (FollowerState.java:run(106)) - 0d193d2d-ce27-4ace-8d68-2a8197cbc29b:group-AC97CB3CB514 changes to CANDIDATE, lastRpcTime:5048, electionTimeout:5048ms
2019-09-25 03:45:16,891 [Thread-240] INFO  impl.RoleInfo (RoleInfo.java:shutdownFollowerState(121)) - 0d193d2d-ce27-4ace-8d68-2a8197cbc29b: shutdown FollowerState
2019-09-25 03:45:16,891 [Thread-240] INFO  impl.RaftServerImpl (RaftServerImpl.java:setRole(174)) - 0d193d2d-ce27-4ace-8d68-2a8197cbc29b@group-AC97CB3CB514: changes role from  FOLLOWER to CANDIDATE at term 0 for changeToCandidate
2019-09-25 03:45:16,891 [d3b65c3f-c5b1-41a6-92a2-58f72c630ad9@group-32FC0CA963DF:LeaderElection13] INFO  impl.RoleInfo (RoleInfo.java:updateAndGet(143)) - d3b65c3f-c5b1-41a6-92a2-58f72c630ad9: start LeaderState
2019-09-25 03:45:16,892 [Thread-240] INFO  impl.RoleInfo (RoleInfo.java:updateAndGet(143)) - 0d193d2d-ce27-4ace-8d68-2a8197cbc29b: start LeaderElection
2019-09-25 03:45:16,892 [d3b65c3f-c5b1-41a6-92a2-58f72c630ad9@group-32FC0CA963DF:LeaderElection13] INFO  segmented.SegmentedRaftLogWorker (SegmentedRaftLogWorker.java:startLogSegment(380)) - d3b65c3f-c5b1-41a6-92a2-58f72c630ad9@group-32FC0CA963DF-SegmentedRaftLogWorker: Starting segment from index:0
2019-09-25 03:45:16,896 [Thread-233] INFO  impl.FollowerState (FollowerState.java:run(106)) - ab15c39f-6391-49d0-b553-81943ab852f8:group-A1928F6A6EE1 changes to CANDIDATE, lastRpcTime:5194, electionTimeout:5193ms
2019-09-25 03:45:16,896 [d3b65c3f-c5b1-41a6-92a2-58f72c630ad9@group-32FC0CA963DF:LeaderElection13] INFO  impl.RaftServerImpl (ServerState.java:setRaftConf(354)) - d3b65c3f-c5b1-41a6-92a2-58f72c630ad9@group-32FC0CA963DF: set configuration 0: [d3b65c3f-c5b1-41a6-92a2-58f72c630ad9:192.168.151.106:39450], old=null at 0
2019-09-25 03:45:16,896 [Thread-233] INFO  impl.RoleInfo (RoleInfo.java:shutdownFollowerState(121)) - ab15c39f-6391-49d0-b553-81943ab852f8: shutdown FollowerState
2019-09-25 03:45:16,930 [Thread-233] INFO  impl.RaftServerImpl (RaftServerImpl.java:setRole(174)) - ab15c39f-6391-49d0-b553-81943ab852f8@group-A1928F6A6EE1: changes role from  FOLLOWER to CANDIDATE at term 0 for changeToCandidate
2019-09-25 03:45:16,930 [Thread-233] INFO  impl.RoleInfo (RoleInfo.java:updateAndGet(143)) - ab15c39f-6391-49d0-b553-81943ab852f8: start LeaderElection
2019-09-25 03:45:16,944 [d3b65c3f-c5b1-41a6-92a2-58f72c630ad9@group-32FC0CA963DF-SegmentedRaftLogWorker] INFO  segmented.SegmentedRaftLogWorker (SegmentedRaftLogWorker.java:execute(569)) - d3b65c3f-c5b1-41a6-92a2-58f72c630ad9@group-32FC0CA963DF-SegmentedRaftLogWorker: created new log segment /workdir/hadoop-ozone/integration-test/target/test-dir/MiniOzoneClusterImpl-87ec6964-4cbb-4ea4-8c8c-f74cd58bfd83/datanode-1/data/ratis/cbcee913-54db-4c0e-b48f-32fc0ca963df/current/log_inprogress_0
2019-09-25 03:45:16,944 [ab15c39f-6391-49d0-b553-81943ab852f8@group-A1928F6A6EE1:LeaderElection15] INFO  impl.LeaderElection (LeaderElection.java:askForVotes(182)) - ab15c39f-6391-49d0-b553-81943ab852f8@group-A1928F6A6EE1:LeaderElection15: begin an election at term 1 for -1: [ab15c39f-6391-49d0-b553-81943ab852f8:192.168.151.106:41436], old=null
2019-09-25 03:45:16,944 [0d193d2d-ce27-4ace-8d68-2a8197cbc29b@group-AC97CB3CB514:LeaderElection14] INFO  impl.LeaderElection (LeaderElection.java:askForVotes(182)) - 0d193d2d-ce27-4ace-8d68-2a8197cbc29b@group-AC97CB3CB514:LeaderElection14: begin an election at term 1 for -1: [0d193d2d-ce27-4ace-8d68-2a8197cbc29b:192.168.151.106:44030], old=null
2019-09-25 03:45:16,945 [ab15c39f-6391-49d0-b553-81943ab852f8@group-A1928F6A6EE1:LeaderElection15] INFO  impl.RoleInfo (RoleInfo.java:shutdownLeaderElection(134)) - ab15c39f-6391-49d0-b553-81943ab852f8: shutdown LeaderElection
2019-09-25 03:45:16,945 [0d193d2d-ce27-4ace-8d68-2a8197cbc29b@group-AC97CB3CB514:LeaderElection14] INFO  impl.RoleInfo (RoleInfo.java:shutdownLeaderElection(134)) - 0d193d2d-ce27-4ace-8d68-2a8197cbc29b: shutdown LeaderElection
2019-09-25 03:45:16,945 [ab15c39f-6391-49d0-b553-81943ab852f8@group-A1928F6A6EE1:LeaderElection15] INFO  impl.RaftServerImpl (RaftServerImpl.java:setRole(174)) - ab15c39f-6391-49d0-b553-81943ab852f8@group-A1928F6A6EE1: changes role from CANDIDATE to LEADER at term 1 for changeToLeader
2019-09-25 03:45:16,945 [0d193d2d-ce27-4ace-8d68-2a8197cbc29b@group-AC97CB3CB514:LeaderElection14] INFO  impl.RaftServerImpl (RaftServerImpl.java:setRole(174)) - 0d193d2d-ce27-4ace-8d68-2a8197cbc29b@group-AC97CB3CB514: changes role from CANDIDATE to LEADER at term 1 for changeToLeader
2019-09-25 03:45:16,945 [ab15c39f-6391-49d0-b553-81943ab852f8@group-A1928F6A6EE1:LeaderElection15] INFO  impl.RaftServerImpl (ServerState.java:setLeader(253)) - ab15c39f-6391-49d0-b553-81943ab852f8@group-A1928F6A6EE1: change Leader from null to ab15c39f-6391-49d0-b553-81943ab852f8 at term 1 for becomeLeader, leader elected after 5251ms
2019-09-25 03:45:16,945 [0d193d2d-ce27-4ace-8d68-2a8197cbc29b@group-AC97CB3CB514:LeaderElection14] INFO  impl.RaftServerImpl (ServerState.java:setLeader(253)) - 0d193d2d-ce27-4ace-8d68-2a8197cbc29b@group-AC97CB3CB514: change Leader from null to 0d193d2d-ce27-4ace-8d68-2a8197cbc29b at term 1 for becomeLeader, leader elected after 5110ms
2019-09-25 03:45:16,945 [ab15c39f-6391-49d0-b553-81943ab852f8@group-A1928F6A6EE1:LeaderElection15] INFO  server.RaftServerConfigKeys (ConfUtils.java:logGet(43)) - raft.server.staging.catchup.gap = 1000 (default)
2019-09-25 03:45:16,945 [0d193d2d-ce27-4ace-8d68-2a8197cbc29b@group-AC97CB3CB514:LeaderElection14] INFO  server.RaftServerConfigKeys (ConfUtils.java:logGet(43)) - raft.server.staging.catchup.gap = 1000 (default)
2019-09-25 03:45:16,946 [ab15c39f-6391-49d0-b553-81943ab852f8@group-A1928F6A6EE1:LeaderElection15] INFO  server.RaftServerConfigKeys (ConfUtils.java:logGet(43)) - raft.server.rpc.sleep.time = 25ms (default)
2019-09-25 03:45:16,946 [0d193d2d-ce27-4ace-8d68-2a8197cbc29b@group-AC97CB3CB514:LeaderElection14] INFO  server.RaftServerConfigKeys (ConfUtils.java:logGet(43)) - raft.server.rpc.sleep.time = 25ms (default)
2019-09-25 03:45:16,946 [ab15c39f-6391-49d0-b553-81943ab852f8@group-A1928F6A6EE1:LeaderElection15] INFO  server.RaftServerConfigKeys (ConfUtils.java:logGet(43)) - raft.server.write.element-limit = 4096 (default)
2019-09-25 03:45:16,946 [0d193d2d-ce27-4ace-8d68-2a8197cbc29b@group-AC97CB3CB514:LeaderElection14] INFO  server.RaftServerConfigKeys (ConfUtils.java:logGet(43)) - raft.server.write.element-limit = 4096 (default)
2019-09-25 03:45:16,946 [ab15c39f-6391-49d0-b553-81943ab852f8@group-A1928F6A6EE1:LeaderElection15] INFO  server.RaftServerConfigKeys (ConfUtils.java:logGet(43)) - raft.server.watch.timeout = 10s (default)
2019-09-25 03:45:16,946 [0d193d2d-ce27-4ace-8d68-2a8197cbc29b@group-AC97CB3CB514:LeaderElection14] INFO  server.RaftServerConfigKeys (ConfUtils.java:logGet(43)) - raft.server.watch.timeout = 10s (default)
2019-09-25 03:45:16,946 [ab15c39f-6391-49d0-b553-81943ab852f8@group-A1928F6A6EE1:LeaderElection15] INFO  server.RaftServerConfigKeys (ConfUtils.java:logGet(43)) - raft.server.watch.timeout.denomination = 1s (default)
2019-09-25 03:45:16,946 [0d193d2d-ce27-4ace-8d68-2a8197cbc29b@group-AC97CB3CB514:LeaderElection14] INFO  server.RaftServerConfigKeys (ConfUtils.java:logGet(43)) - raft.server.watch.timeout.denomination = 1s (default)
2019-09-25 03:45:16,947 [ab15c39f-6391-49d0-b553-81943ab852f8@group-A1928F6A6EE1:LeaderElection15] INFO  server.RaftServerConfigKeys (ConfUtils.java:logGet(43)) - raft.server.watch.element-limit = 65536 (default)
2019-09-25 03:45:16,947 [0d193d2d-ce27-4ace-8d68-2a8197cbc29b@group-AC97CB3CB514:LeaderElection14] INFO  server.RaftServerConfigKeys (ConfUtils.java:logGet(43)) - raft.server.watch.element-limit = 65536 (default)
2019-09-25 03:45:16,950 [ab15c39f-6391-49d0-b553-81943ab852f8@group-A1928F6A6EE1:LeaderElection15] INFO  impl.RoleInfo (RoleInfo.java:updateAndGet(143)) - ab15c39f-6391-49d0-b553-81943ab852f8: start LeaderState
2019-09-25 03:45:16,950 [0d193d2d-ce27-4ace-8d68-2a8197cbc29b@group-AC97CB3CB514:LeaderElection14] INFO  impl.RoleInfo (RoleInfo.java:updateAndGet(143)) - 0d193d2d-ce27-4ace-8d68-2a8197cbc29b: start LeaderState
2019-09-25 03:45:16,950 [ab15c39f-6391-49d0-b553-81943ab852f8@group-A1928F6A6EE1:LeaderElection15] INFO  segmented.SegmentedRaftLogWorker (SegmentedRaftLogWorker.java:startLogSegment(380)) - ab15c39f-6391-49d0-b553-81943ab852f8@group-A1928F6A6EE1-SegmentedRaftLogWorker: Starting segment from index:0
2019-09-25 03:45:16,950 [0d193d2d-ce27-4ace-8d68-2a8197cbc29b@group-AC97CB3CB514:LeaderElection14] INFO  segmented.SegmentedRaftLogWorker (SegmentedRaftLogWorker.java:startLogSegment(380)) - 0d193d2d-ce27-4ace-8d68-2a8197cbc29b@group-AC97CB3CB514-SegmentedRaftLogWorker: Starting segment from index:0
2019-09-25 03:45:16,951 [ab15c39f-6391-49d0-b553-81943ab852f8@group-A1928F6A6EE1:LeaderElection15] INFO  impl.RaftServerImpl (ServerState.java:setRaftConf(354)) - ab15c39f-6391-49d0-b553-81943ab852f8@group-A1928F6A6EE1: set configuration 0: [ab15c39f-6391-49d0-b553-81943ab852f8:192.168.151.106:41436], old=null at 0
2019-09-25 03:45:16,994 [Thread-244] INFO  impl.FollowerState (FollowerState.java:run(106)) - d3b65c3f-c5b1-41a6-92a2-58f72c630ad9:group-8CA7EEBD354C changes to CANDIDATE, lastRpcTime:5073, electionTimeout:5033ms
2019-09-25 03:45:16,994 [0d193d2d-ce27-4ace-8d68-2a8197cbc29b@group-AC97CB3CB514:LeaderElection14] INFO  impl.RaftServerImpl (ServerState.java:setRaftConf(354)) - 0d193d2d-ce27-4ace-8d68-2a8197cbc29b@group-AC97CB3CB514: set configuration 0: [0d193d2d-ce27-4ace-8d68-2a8197cbc29b:192.168.151.106:44030], old=null at 0
2019-09-25 03:45:16,995 [Thread-244] INFO  impl.RoleInfo (RoleInfo.java:shutdownFollowerState(121)) - d3b65c3f-c5b1-41a6-92a2-58f72c630ad9: shutdown FollowerState
2019-09-25 03:45:17,009 [Thread-244] INFO  impl.RaftServerImpl (RaftServerImpl.java:setRole(174)) - d3b65c3f-c5b1-41a6-92a2-58f72c630ad9@group-8CA7EEBD354C: changes role from  FOLLOWER to CANDIDATE at term 0 for changeToCandidate
2019-09-25 03:45:17,009 [Thread-244] INFO  impl.RoleInfo (RoleInfo.java:updateAndGet(143)) - d3b65c3f-c5b1-41a6-92a2-58f72c630ad9: start LeaderElection
2019-09-25 03:45:17,019 [ab15c39f-6391-49d0-b553-81943ab852f8@group-A1928F6A6EE1-SegmentedRaftLogWorker] INFO  segmented.SegmentedRaftLogWorker (SegmentedRaftLogWorker.java:execute(569)) - ab15c39f-6391-49d0-b553-81943ab852f8@group-A1928F6A6EE1-SegmentedRaftLogWorker: created new log segment /workdir/hadoop-ozone/integration-test/target/test-dir/MiniOzoneClusterImpl-87ec6964-4cbb-4ea4-8c8c-f74cd58bfd83/datanode-2/data/ratis/cbad300e-91e5-4d63-bc03-a1928f6a6ee1/current/log_inprogress_0
2019-09-25 03:45:17,034 [0d193d2d-ce27-4ace-8d68-2a8197cbc29b@group-AC97CB3CB514-SegmentedRaftLogWorker] INFO  segmented.SegmentedRaftLogWorker (SegmentedRaftLogWorker.java:execute(569)) - 0d193d2d-ce27-4ace-8d68-2a8197cbc29b@group-AC97CB3CB514-SegmentedRaftLogWorker: created new log segment /workdir/hadoop-ozone/integration-test/target/test-dir/MiniOzoneClusterImpl-87ec6964-4cbb-4ea4-8c8c-f74cd58bfd83/datanode-3/data/ratis/02f586aa-8936-48ca-9b83-ac97cb3cb514/current/log_inprogress_0
2019-09-25 03:45:17,034 [d3b65c3f-c5b1-41a6-92a2-58f72c630ad9@group-8CA7EEBD354C:LeaderElection16] INFO  impl.LeaderElection (LeaderElection.java:askForVotes(182)) - d3b65c3f-c5b1-41a6-92a2-58f72c630ad9@group-8CA7EEBD354C:LeaderElection16: begin an election at term 1 for -1: [d3b65c3f-c5b1-41a6-92a2-58f72c630ad9:192.168.151.106:39450], old=null
2019-09-25 03:45:17,034 [d3b65c3f-c5b1-41a6-92a2-58f72c630ad9@group-8CA7EEBD354C:LeaderElection16] INFO  impl.RoleInfo (RoleInfo.java:shutdownLeaderElection(134)) - d3b65c3f-c5b1-41a6-92a2-58f72c630ad9: shutdown LeaderElection
2019-09-25 03:45:17,034 [d3b65c3f-c5b1-41a6-92a2-58f72c630ad9@group-8CA7EEBD354C:LeaderElection16] INFO  impl.RaftServerImpl (RaftServerImpl.java:setRole(174)) - d3b65c3f-c5b1-41a6-92a2-58f72c630ad9@group-8CA7EEBD354C: changes role from CANDIDATE to LEADER at term 1 for changeToLeader
2019-09-25 03:45:17,034 [d3b65c3f-c5b1-41a6-92a2-58f72c630ad9@group-8CA7EEBD354C:LeaderElection16] INFO  impl.RaftServerImpl (ServerState.java:setLeader(253)) - d3b65c3f-c5b1-41a6-92a2-58f72c630ad9@group-8CA7EEBD354C: change Leader from null to d3b65c3f-c5b1-41a6-92a2-58f72c630ad9 at term 1 for becomeLeader, leader elected after 5120ms
2019-09-25 03:45:17,034 [d3b65c3f-c5b1-41a6-92a2-58f72c630ad9@group-8CA7EEBD354C:LeaderElection16] INFO  server.RaftServerConfigKeys (ConfUtils.java:logGet(43)) - raft.server.staging.catchup.gap = 1000 (default)
2019-09-25 03:45:17,035 [d3b65c3f-c5b1-41a6-92a2-58f72c630ad9@group-8CA7EEBD354C:LeaderElection16] INFO  server.RaftServerConfigKeys (ConfUtils.java:logGet(43)) - raft.server.rpc.sleep.time = 25ms (default)
2019-09-25 03:45:17,035 [d3b65c3f-c5b1-41a6-92a2-58f72c630ad9@group-8CA7EEBD354C:LeaderElection16] INFO  server.RaftServerConfigKeys (ConfUtils.java:logGet(43)) - raft.server.write.element-limit = 4096 (default)
2019-09-25 03:45:17,035 [d3b65c3f-c5b1-41a6-92a2-58f72c630ad9@group-8CA7EEBD354C:LeaderElection16] INFO  server.RaftServerConfigKeys (ConfUtils.java:logGet(43)) - raft.server.watch.timeout = 10s (default)
2019-09-25 03:45:17,035 [d3b65c3f-c5b1-41a6-92a2-58f72c630ad9@group-8CA7EEBD354C:LeaderElection16] INFO  server.RaftServerConfigKeys (ConfUtils.java:logGet(43)) - raft.server.watch.timeout.denomination = 1s (default)
2019-09-25 03:45:17,035 [d3b65c3f-c5b1-41a6-92a2-58f72c630ad9@group-8CA7EEBD354C:LeaderElection16] INFO  server.RaftServerConfigKeys (ConfUtils.java:logGet(43)) - raft.server.watch.element-limit = 65536 (default)
2019-09-25 03:45:17,038 [d3b65c3f-c5b1-41a6-92a2-58f72c630ad9@group-8CA7EEBD354C:LeaderElection16] INFO  impl.RoleInfo (RoleInfo.java:updateAndGet(143)) - d3b65c3f-c5b1-41a6-92a2-58f72c630ad9: start LeaderState
2019-09-25 03:45:17,038 [d3b65c3f-c5b1-41a6-92a2-58f72c630ad9@group-8CA7EEBD354C:LeaderElection16] INFO  segmented.SegmentedRaftLogWorker (SegmentedRaftLogWorker.java:startLogSegment(380)) - d3b65c3f-c5b1-41a6-92a2-58f72c630ad9@group-8CA7EEBD354C-SegmentedRaftLogWorker: Starting segment from index:0
2019-09-25 03:45:17,039 [d3b65c3f-c5b1-41a6-92a2-58f72c630ad9@group-8CA7EEBD354C:LeaderElection16] INFO  impl.RaftServerImpl (ServerState.java:setRaftConf(354)) - d3b65c3f-c5b1-41a6-92a2-58f72c630ad9@group-8CA7EEBD354C: set configuration 0: [d3b65c3f-c5b1-41a6-92a2-58f72c630ad9:192.168.151.106:39450], old=null at 0
2019-09-25 03:45:17,073 [Thread-247] INFO  impl.FollowerState (FollowerState.java:run(106)) - 0d193d2d-ce27-4ace-8d68-2a8197cbc29b:group-31BA159F0AFE changes to CANDIDATE, lastRpcTime:5079, electionTimeout:5054ms
2019-09-25 03:45:17,074 [Thread-247] INFO  impl.RoleInfo (RoleInfo.java:shutdownFollowerState(121)) - 0d193d2d-ce27-4ace-8d68-2a8197cbc29b: shutdown FollowerState
2019-09-25 03:45:17,074 [Thread-247] INFO  impl.RaftServerImpl (RaftServerImpl.java:setRole(174)) - 0d193d2d-ce27-4ace-8d68-2a8197cbc29b@group-31BA159F0AFE: changes role from  FOLLOWER to CANDIDATE at term 0 for changeToCandidate
2019-09-25 03:45:17,074 [Thread-247] INFO  impl.RoleInfo (RoleInfo.java:updateAndGet(143)) - 0d193d2d-ce27-4ace-8d68-2a8197cbc29b: start LeaderElection
2019-09-25 03:45:17,086 [d3b65c3f-c5b1-41a6-92a2-58f72c630ad9@group-8CA7EEBD354C-SegmentedRaftLogWorker] INFO  segmented.SegmentedRaftLogWorker (SegmentedRaftLogWorker.java:execute(569)) - d3b65c3f-c5b1-41a6-92a2-58f72c630ad9@group-8CA7EEBD354C-SegmentedRaftLogWorker: created new log segment /workdir/hadoop-ozone/integration-test/target/test-dir/MiniOzoneClusterImpl-87ec6964-4cbb-4ea4-8c8c-f74cd58bfd83/datanode-1/data/ratis/a0f87934-67dc-4375-adb5-8ca7eebd354c/current/log_inprogress_0
2019-09-25 03:45:17,086 [0d193d2d-ce27-4ace-8d68-2a8197cbc29b@group-31BA159F0AFE:LeaderElection17] INFO  impl.LeaderElection (LeaderElection.java:askForVotes(182)) - 0d193d2d-ce27-4ace-8d68-2a8197cbc29b@group-31BA159F0AFE:LeaderElection17: begin an election at term 1 for -1: [0d193d2d-ce27-4ace-8d68-2a8197cbc29b:192.168.151.106:44030], old=null
2019-09-25 03:45:17,086 [0d193d2d-ce27-4ace-8d68-2a8197cbc29b@group-31BA159F0AFE:LeaderElection17] INFO  impl.RoleInfo (RoleInfo.java:shutdownLeaderElection(134)) - 0d193d2d-ce27-4ace-8d68-2a8197cbc29b: shutdown LeaderElection
2019-09-25 03:45:17,087 [0d193d2d-ce27-4ace-8d68-2a8197cbc29b@group-31BA159F0AFE:LeaderElection17] INFO  impl.RaftServerImpl (RaftServerImpl.java:setRole(174)) - 0d193d2d-ce27-4ace-8d68-2a8197cbc29b@group-31BA159F0AFE: changes role from CANDIDATE to LEADER at term 1 for changeToLeader
2019-09-25 03:45:17,087 [0d193d2d-ce27-4ace-8d68-2a8197cbc29b@group-31BA159F0AFE:LeaderElection17] INFO  impl.RaftServerImpl (ServerState.java:setLeader(253)) - 0d193d2d-ce27-4ace-8d68-2a8197cbc29b@group-31BA159F0AFE: change Leader from null to 0d193d2d-ce27-4ace-8d68-2a8197cbc29b at term 1 for becomeLeader, leader elected after 5101ms
2019-09-25 03:45:17,087 [0d193d2d-ce27-4ace-8d68-2a8197cbc29b@group-31BA159F0AFE:LeaderElection17] INFO  server.RaftServerConfigKeys (ConfUtils.java:logGet(43)) - raft.server.staging.catchup.gap = 1000 (default)
2019-09-25 03:45:17,087 [0d193d2d-ce27-4ace-8d68-2a8197cbc29b@group-31BA159F0AFE:LeaderElection17] INFO  server.RaftServerConfigKeys (ConfUtils.java:logGet(43)) - raft.server.rpc.sleep.time = 25ms (default)
2019-09-25 03:45:17,087 [0d193d2d-ce27-4ace-8d68-2a8197cbc29b@group-31BA159F0AFE:LeaderElection17] INFO  server.RaftServerConfigKeys (ConfUtils.java:logGet(43)) - raft.server.write.element-limit = 4096 (default)
2019-09-25 03:45:17,087 [0d193d2d-ce27-4ace-8d68-2a8197cbc29b@group-31BA159F0AFE:LeaderElection17] INFO  server.RaftServerConfigKeys (ConfUtils.java:logGet(43)) - raft.server.watch.timeout = 10s (default)
2019-09-25 03:45:17,088 [0d193d2d-ce27-4ace-8d68-2a8197cbc29b@group-31BA159F0AFE:LeaderElection17] INFO  server.RaftServerConfigKeys (ConfUtils.java:logGet(43)) - raft.server.watch.timeout.denomination = 1s (default)
2019-09-25 03:45:17,088 [0d193d2d-ce27-4ace-8d68-2a8197cbc29b@group-31BA159F0AFE:LeaderElection17] INFO  server.RaftServerConfigKeys (ConfUtils.java:logGet(43)) - raft.server.watch.element-limit = 65536 (default)
2019-09-25 03:45:17,090 [0d193d2d-ce27-4ace-8d68-2a8197cbc29b@group-31BA159F0AFE:LeaderElection17] INFO  impl.RoleInfo (RoleInfo.java:updateAndGet(143)) - 0d193d2d-ce27-4ace-8d68-2a8197cbc29b: start LeaderState
2019-09-25 03:45:17,091 [0d193d2d-ce27-4ace-8d68-2a8197cbc29b@group-31BA159F0AFE:LeaderElection17] INFO  segmented.SegmentedRaftLogWorker (SegmentedRaftLogWorker.java:startLogSegment(380)) - 0d193d2d-ce27-4ace-8d68-2a8197cbc29b@group-31BA159F0AFE-SegmentedRaftLogWorker: Starting segment from index:0
2019-09-25 03:45:17,091 [0d193d2d-ce27-4ace-8d68-2a8197cbc29b@group-31BA159F0AFE:LeaderElection17] INFO  impl.RaftServerImpl (ServerState.java:setRaftConf(354)) - 0d193d2d-ce27-4ace-8d68-2a8197cbc29b@group-31BA159F0AFE: set configuration 0: [0d193d2d-ce27-4ace-8d68-2a8197cbc29b:192.168.151.106:44030], old=null at 0
2019-09-25 03:45:17,149 [0d193d2d-ce27-4ace-8d68-2a8197cbc29b@group-31BA159F0AFE-SegmentedRaftLogWorker] INFO  segmented.SegmentedRaftLogWorker (SegmentedRaftLogWorker.java:execute(569)) - 0d193d2d-ce27-4ace-8d68-2a8197cbc29b@group-31BA159F0AFE-SegmentedRaftLogWorker: created new log segment /workdir/hadoop-ozone/integration-test/target/test-dir/MiniOzoneClusterImpl-87ec6964-4cbb-4ea4-8c8c-f74cd58bfd83/datanode-3/data/ratis/c0317f48-2c06-43bb-bdd5-31ba159f0afe/current/log_inprogress_0
2019-09-25 03:45:17,248 [Thread-250] INFO  impl.FollowerState (FollowerState.java:run(106)) - d3b65c3f-c5b1-41a6-92a2-58f72c630ad9:group-04D9BDDCE88E changes to CANDIDATE, lastRpcTime:5183, electionTimeout:5183ms
2019-09-25 03:45:17,248 [Thread-250] INFO  impl.RoleInfo (RoleInfo.java:shutdownFollowerState(121)) - d3b65c3f-c5b1-41a6-92a2-58f72c630ad9: shutdown FollowerState
2019-09-25 03:45:17,248 [Thread-250] INFO  impl.RaftServerImpl (RaftServerImpl.java:setRole(174)) - d3b65c3f-c5b1-41a6-92a2-58f72c630ad9@group-04D9BDDCE88E: changes role from  FOLLOWER to CANDIDATE at term 0 for changeToCandidate
2019-09-25 03:45:17,249 [Thread-250] INFO  impl.RoleInfo (RoleInfo.java:updateAndGet(143)) - d3b65c3f-c5b1-41a6-92a2-58f72c630ad9: start LeaderElection
2019-09-25 03:45:17,266 [d3b65c3f-c5b1-41a6-92a2-58f72c630ad9@group-04D9BDDCE88E:LeaderElection18] INFO  impl.LeaderElection (LeaderElection.java:askForVotes(182)) - d3b65c3f-c5b1-41a6-92a2-58f72c630ad9@group-04D9BDDCE88E:LeaderElection18: begin an election at term 1 for -1: [d3b65c3f-c5b1-41a6-92a2-58f72c630ad9:192.168.151.106:39450], old=null
2019-09-25 03:45:17,266 [d3b65c3f-c5b1-41a6-92a2-58f72c630ad9@group-04D9BDDCE88E:LeaderElection18] INFO  impl.RoleInfo (RoleInfo.java:shutdownLeaderElection(134)) - d3b65c3f-c5b1-41a6-92a2-58f72c630ad9: shutdown LeaderElection
2019-09-25 03:45:17,267 [d3b65c3f-c5b1-41a6-92a2-58f72c630ad9@group-04D9BDDCE88E:LeaderElection18] INFO  impl.RaftServerImpl (RaftServerImpl.java:setRole(174)) - d3b65c3f-c5b1-41a6-92a2-58f72c630ad9@group-04D9BDDCE88E: changes role from CANDIDATE to LEADER at term 1 for changeToLeader
2019-09-25 03:45:17,267 [d3b65c3f-c5b1-41a6-92a2-58f72c630ad9@group-04D9BDDCE88E:LeaderElection18] INFO  impl.RaftServerImpl (ServerState.java:setLeader(253)) - d3b65c3f-c5b1-41a6-92a2-58f72c630ad9@group-04D9BDDCE88E: change Leader from null to d3b65c3f-c5b1-41a6-92a2-58f72c630ad9 at term 1 for becomeLeader, leader elected after 5209ms
2019-09-25 03:45:17,267 [d3b65c3f-c5b1-41a6-92a2-58f72c630ad9@group-04D9BDDCE88E:LeaderElection18] INFO  server.RaftServerConfigKeys (ConfUtils.java:logGet(43)) - raft.server.staging.catchup.gap = 1000 (default)
2019-09-25 03:45:17,267 [d3b65c3f-c5b1-41a6-92a2-58f72c630ad9@group-04D9BDDCE88E:LeaderElection18] INFO  server.RaftServerConfigKeys (ConfUtils.java:logGet(43)) - raft.server.rpc.sleep.time = 25ms (default)
2019-09-25 03:45:17,267 [d3b65c3f-c5b1-41a6-92a2-58f72c630ad9@group-04D9BDDCE88E:LeaderElection18] INFO  server.RaftServerConfigKeys (ConfUtils.java:logGet(43)) - raft.server.write.element-limit = 4096 (default)
2019-09-25 03:45:17,268 [d3b65c3f-c5b1-41a6-92a2-58f72c630ad9@group-04D9BDDCE88E:LeaderElection18] INFO  server.RaftServerConfigKeys (ConfUtils.java:logGet(43)) - raft.server.watch.timeout = 10s (default)
2019-09-25 03:45:17,268 [d3b65c3f-c5b1-41a6-92a2-58f72c630ad9@group-04D9BDDCE88E:LeaderElection18] INFO  server.RaftServerConfigKeys (ConfUtils.java:logGet(43)) - raft.server.watch.timeout.denomination = 1s (default)
2019-09-25 03:45:17,268 [d3b65c3f-c5b1-41a6-92a2-58f72c630ad9@group-04D9BDDCE88E:LeaderElection18] INFO  server.RaftServerConfigKeys (ConfUtils.java:logGet(43)) - raft.server.watch.element-limit = 65536 (default)
2019-09-25 03:45:17,271 [d3b65c3f-c5b1-41a6-92a2-58f72c630ad9@group-04D9BDDCE88E:LeaderElection18] INFO  impl.RoleInfo (RoleInfo.java:updateAndGet(143)) - d3b65c3f-c5b1-41a6-92a2-58f72c630ad9: start LeaderState
2019-09-25 03:45:17,271 [d3b65c3f-c5b1-41a6-92a2-58f72c630ad9@group-04D9BDDCE88E:LeaderElection18] INFO  segmented.SegmentedRaftLogWorker (SegmentedRaftLogWorker.java:startLogSegment(380)) - d3b65c3f-c5b1-41a6-92a2-58f72c630ad9@group-04D9BDDCE88E-SegmentedRaftLogWorker: Starting segment from index:0
2019-09-25 03:45:17,272 [d3b65c3f-c5b1-41a6-92a2-58f72c630ad9@group-04D9BDDCE88E:LeaderElection18] INFO  impl.RaftServerImpl (ServerState.java:setRaftConf(354)) - d3b65c3f-c5b1-41a6-92a2-58f72c630ad9@group-04D9BDDCE88E: set configuration 0: [d3b65c3f-c5b1-41a6-92a2-58f72c630ad9:192.168.151.106:39450], old=null at 0
2019-09-25 03:45:17,319 [d3b65c3f-c5b1-41a6-92a2-58f72c630ad9@group-04D9BDDCE88E-SegmentedRaftLogWorker] INFO  segmented.SegmentedRaftLogWorker (SegmentedRaftLogWorker.java:execute(569)) - d3b65c3f-c5b1-41a6-92a2-58f72c630ad9@group-04D9BDDCE88E-SegmentedRaftLogWorker: created new log segment /workdir/hadoop-ozone/integration-test/target/test-dir/MiniOzoneClusterImpl-87ec6964-4cbb-4ea4-8c8c-f74cd58bfd83/datanode-1/data/ratis/1d9e7b59-aad1-438d-862f-04d9bddce88e/current/log_inprogress_0
2019-09-25 03:45:17,618 [Thread-254] INFO  impl.FollowerState (FollowerState.java:run(106)) - ab15c39f-6391-49d0-b553-81943ab852f8:group-259F8826BDDE changes to CANDIDATE, lastRpcTime:5108, electionTimeout:5108ms
2019-09-25 03:45:17,618 [Thread-254] INFO  impl.RoleInfo (RoleInfo.java:shutdownFollowerState(121)) - ab15c39f-6391-49d0-b553-81943ab852f8: shutdown FollowerState
2019-09-25 03:45:17,619 [Thread-254] INFO  impl.RaftServerImpl (RaftServerImpl.java:setRole(174)) - ab15c39f-6391-49d0-b553-81943ab852f8@group-259F8826BDDE: changes role from  FOLLOWER to CANDIDATE at term 0 for changeToCandidate
2019-09-25 03:45:17,619 [Thread-254] INFO  impl.RoleInfo (RoleInfo.java:updateAndGet(143)) - ab15c39f-6391-49d0-b553-81943ab852f8: start LeaderElection
2019-09-25 03:45:17,637 [ab15c39f-6391-49d0-b553-81943ab852f8@group-259F8826BDDE:LeaderElection19] INFO  impl.LeaderElection (LeaderElection.java:askForVotes(182)) - ab15c39f-6391-49d0-b553-81943ab852f8@group-259F8826BDDE:LeaderElection19: begin an election at term 1 for -1: [ab15c39f-6391-49d0-b553-81943ab852f8:192.168.151.106:41436], old=null
2019-09-25 03:45:17,637 [ab15c39f-6391-49d0-b553-81943ab852f8@group-259F8826BDDE:LeaderElection19] INFO  impl.RoleInfo (RoleInfo.java:shutdownLeaderElection(134)) - ab15c39f-6391-49d0-b553-81943ab852f8: shutdown LeaderElection
2019-09-25 03:45:17,637 [ab15c39f-6391-49d0-b553-81943ab852f8@group-259F8826BDDE:LeaderElection19] INFO  impl.RaftServerImpl (RaftServerImpl.java:setRole(174)) - ab15c39f-6391-49d0-b553-81943ab852f8@group-259F8826BDDE: changes role from CANDIDATE to LEADER at term 1 for changeToLeader
2019-09-25 03:45:17,637 [ab15c39f-6391-49d0-b553-81943ab852f8@group-259F8826BDDE:LeaderElection19] INFO  impl.RaftServerImpl (ServerState.java:setLeader(253)) - ab15c39f-6391-49d0-b553-81943ab852f8@group-259F8826BDDE: change Leader from null to ab15c39f-6391-49d0-b553-81943ab852f8 at term 1 for becomeLeader, leader elected after 5154ms
2019-09-25 03:45:17,638 [ab15c39f-6391-49d0-b553-81943ab852f8@group-259F8826BDDE:LeaderElection19] INFO  server.RaftServerConfigKeys (ConfUtils.java:logGet(43)) - raft.server.staging.catchup.gap = 1000 (default)
2019-09-25 03:45:17,638 [ab15c39f-6391-49d0-b553-81943ab852f8@group-259F8826BDDE:LeaderElection19] INFO  server.RaftServerConfigKeys (ConfUtils.java:logGet(43)) - raft.server.rpc.sleep.time = 25ms (default)
2019-09-25 03:45:17,638 [ab15c39f-6391-49d0-b553-81943ab852f8@group-259F8826BDDE:LeaderElection19] INFO  server.RaftServerConfigKeys (ConfUtils.java:logGet(43)) - raft.server.write.element-limit = 4096 (default)
2019-09-25 03:45:17,638 [ab15c39f-6391-49d0-b553-81943ab852f8@group-259F8826BDDE:LeaderElection19] INFO  server.RaftServerConfigKeys (ConfUtils.java:logGet(43)) - raft.server.watch.timeout = 10s (default)
2019-09-25 03:45:17,638 [ab15c39f-6391-49d0-b553-81943ab852f8@group-259F8826BDDE:LeaderElection19] INFO  server.RaftServerConfigKeys (ConfUtils.java:logGet(43)) - raft.server.watch.timeout.denomination = 1s (default)
2019-09-25 03:45:17,639 [ab15c39f-6391-49d0-b553-81943ab852f8@group-259F8826BDDE:LeaderElection19] INFO  server.RaftServerConfigKeys (ConfUtils.java:logGet(43)) - raft.server.watch.element-limit = 65536 (default)
2019-09-25 03:45:17,642 [ab15c39f-6391-49d0-b553-81943ab852f8@group-259F8826BDDE:LeaderElection19] INFO  impl.RoleInfo (RoleInfo.java:updateAndGet(143)) - ab15c39f-6391-49d0-b553-81943ab852f8: start LeaderState
2019-09-25 03:45:17,642 [ab15c39f-6391-49d0-b553-81943ab852f8@group-259F8826BDDE:LeaderElection19] INFO  segmented.SegmentedRaftLogWorker (SegmentedRaftLogWorker.java:startLogSegment(380)) - ab15c39f-6391-49d0-b553-81943ab852f8@group-259F8826BDDE-SegmentedRaftLogWorker: Starting segment from index:0
2019-09-25 03:45:17,642 [ab15c39f-6391-49d0-b553-81943ab852f8@group-259F8826BDDE:LeaderElection19] INFO  impl.RaftServerImpl (ServerState.java:setRaftConf(354)) - ab15c39f-6391-49d0-b553-81943ab852f8@group-259F8826BDDE: set configuration 0: [ab15c39f-6391-49d0-b553-81943ab852f8:192.168.151.106:41436], old=null at 0
2019-09-25 03:45:17,708 [ab15c39f-6391-49d0-b553-81943ab852f8@group-259F8826BDDE-SegmentedRaftLogWorker] INFO  segmented.SegmentedRaftLogWorker (SegmentedRaftLogWorker.java:execute(569)) - ab15c39f-6391-49d0-b553-81943ab852f8@group-259F8826BDDE-SegmentedRaftLogWorker: created new log segment /workdir/hadoop-ozone/integration-test/target/test-dir/MiniOzoneClusterImpl-87ec6964-4cbb-4ea4-8c8c-f74cd58bfd83/datanode-2/data/ratis/553bcfb4-a1e7-43b0-a1d8-259f8826bdde/current/log_inprogress_0
2019-09-25 03:45:17,745 [Thread-262] INFO  impl.FollowerState (FollowerState.java:run(106)) - d3b65c3f-c5b1-41a6-92a2-58f72c630ad9:group-A32FAB150EE4 changes to CANDIDATE, lastRpcTime:5055, electionTimeout:5055ms
2019-09-25 03:45:17,745 [Thread-262] INFO  impl.RoleInfo (RoleInfo.java:shutdownFollowerState(121)) - d3b65c3f-c5b1-41a6-92a2-58f72c630ad9: shutdown FollowerState
2019-09-25 03:45:17,745 [Thread-262] INFO  impl.RaftServerImpl (RaftServerImpl.java:setRole(174)) - d3b65c3f-c5b1-41a6-92a2-58f72c630ad9@group-A32FAB150EE4: changes role from  FOLLOWER to CANDIDATE at term 0 for changeToCandidate
2019-09-25 03:45:17,745 [Thread-262] INFO  impl.RoleInfo (RoleInfo.java:updateAndGet(143)) - d3b65c3f-c5b1-41a6-92a2-58f72c630ad9: start LeaderElection
2019-09-25 03:45:17,772 [d3b65c3f-c5b1-41a6-92a2-58f72c630ad9@group-A32FAB150EE4:LeaderElection20] INFO  impl.LeaderElection (LeaderElection.java:askForVotes(182)) - d3b65c3f-c5b1-41a6-92a2-58f72c630ad9@group-A32FAB150EE4:LeaderElection20: begin an election at term 1 for -1: [d3b65c3f-c5b1-41a6-92a2-58f72c630ad9:192.168.151.106:39450], old=null
2019-09-25 03:45:17,772 [d3b65c3f-c5b1-41a6-92a2-58f72c630ad9@group-A32FAB150EE4:LeaderElection20] INFO  impl.RoleInfo (RoleInfo.java:shutdownLeaderElection(134)) - d3b65c3f-c5b1-41a6-92a2-58f72c630ad9: shutdown LeaderElection
2019-09-25 03:45:17,773 [d3b65c3f-c5b1-41a6-92a2-58f72c630ad9@group-A32FAB150EE4:LeaderElection20] INFO  impl.RaftServerImpl (RaftServerImpl.java:setRole(174)) - d3b65c3f-c5b1-41a6-92a2-58f72c630ad9@group-A32FAB150EE4: changes role from CANDIDATE to LEADER at term 1 for changeToLeader
2019-09-25 03:45:17,773 [d3b65c3f-c5b1-41a6-92a2-58f72c630ad9@group-A32FAB150EE4:LeaderElection20] INFO  impl.RaftServerImpl (ServerState.java:setLeader(253)) - d3b65c3f-c5b1-41a6-92a2-58f72c630ad9@group-A32FAB150EE4: change Leader from null to d3b65c3f-c5b1-41a6-92a2-58f72c630ad9 at term 1 for becomeLeader, leader elected after 5091ms
2019-09-25 03:45:17,773 [d3b65c3f-c5b1-41a6-92a2-58f72c630ad9@group-A32FAB150EE4:LeaderElection20] INFO  server.RaftServerConfigKeys (ConfUtils.java:logGet(43)) - raft.server.staging.catchup.gap = 1000 (default)
2019-09-25 03:45:17,773 [d3b65c3f-c5b1-41a6-92a2-58f72c630ad9@group-A32FAB150EE4:LeaderElection20] INFO  server.RaftServerConfigKeys (ConfUtils.java:logGet(43)) - raft.server.rpc.sleep.time = 25ms (default)
2019-09-25 03:45:17,773 [d3b65c3f-c5b1-41a6-92a2-58f72c630ad9@group-A32FAB150EE4:LeaderElection20] INFO  server.RaftServerConfigKeys (ConfUtils.java:logGet(43)) - raft.server.write.element-limit = 4096 (default)
2019-09-25 03:45:17,773 [d3b65c3f-c5b1-41a6-92a2-58f72c630ad9@group-A32FAB150EE4:LeaderElection20] INFO  server.RaftServerConfigKeys (ConfUtils.java:logGet(43)) - raft.server.watch.timeout = 10s (default)
2019-09-25 03:45:17,774 [d3b65c3f-c5b1-41a6-92a2-58f72c630ad9@group-A32FAB150EE4:LeaderElection20] INFO  server.RaftServerConfigKeys (ConfUtils.java:logGet(43)) - raft.server.watch.timeout.denomination = 1s (default)
2019-09-25 03:45:17,774 [d3b65c3f-c5b1-41a6-92a2-58f72c630ad9@group-A32FAB150EE4:LeaderElection20] INFO  server.RaftServerConfigKeys (ConfUtils.java:logGet(43)) - raft.server.watch.element-limit = 65536 (default)
2019-09-25 03:45:17,777 [d3b65c3f-c5b1-41a6-92a2-58f72c630ad9@group-A32FAB150EE4:LeaderElection20] INFO  impl.RoleInfo (RoleInfo.java:updateAndGet(143)) - d3b65c3f-c5b1-41a6-92a2-58f72c630ad9: start LeaderState
2019-09-25 03:45:17,777 [d3b65c3f-c5b1-41a6-92a2-58f72c630ad9@group-A32FAB150EE4:LeaderElection20] INFO  segmented.SegmentedRaftLogWorker (SegmentedRaftLogWorker.java:startLogSegment(380)) - d3b65c3f-c5b1-41a6-92a2-58f72c630ad9@group-A32FAB150EE4-SegmentedRaftLogWorker: Starting segment from index:0
2019-09-25 03:45:17,777 [d3b65c3f-c5b1-41a6-92a2-58f72c630ad9@group-A32FAB150EE4:LeaderElection20] INFO  impl.RaftServerImpl (ServerState.java:setRaftConf(354)) - d3b65c3f-c5b1-41a6-92a2-58f72c630ad9@group-A32FAB150EE4: set configuration 0: [d3b65c3f-c5b1-41a6-92a2-58f72c630ad9:192.168.151.106:39450], old=null at 0
2019-09-25 03:45:17,803 [Thread-259] INFO  impl.FollowerState (FollowerState.java:run(106)) - 0d193d2d-ce27-4ace-8d68-2a8197cbc29b:group-BB20EED782F5 changes to CANDIDATE, lastRpcTime:5198, electionTimeout:5191ms
2019-09-25 03:45:17,806 [Thread-259] INFO  impl.RoleInfo (RoleInfo.java:shutdownFollowerState(121)) - 0d193d2d-ce27-4ace-8d68-2a8197cbc29b: shutdown FollowerState
2019-09-25 03:45:17,806 [Thread-259] INFO  impl.RaftServerImpl (RaftServerImpl.java:setRole(174)) - 0d193d2d-ce27-4ace-8d68-2a8197cbc29b@group-BB20EED782F5: changes role from  FOLLOWER to CANDIDATE at term 0 for changeToCandidate
2019-09-25 03:45:17,807 [Thread-259] INFO  impl.RoleInfo (RoleInfo.java:updateAndGet(143)) - 0d193d2d-ce27-4ace-8d68-2a8197cbc29b: start LeaderElection
2019-09-25 03:45:17,828 [d3b65c3f-c5b1-41a6-92a2-58f72c630ad9@group-A32FAB150EE4-SegmentedRaftLogWorker] INFO  segmented.SegmentedRaftLogWorker (SegmentedRaftLogWorker.java:execute(569)) - d3b65c3f-c5b1-41a6-92a2-58f72c630ad9@group-A32FAB150EE4-SegmentedRaftLogWorker: created new log segment /workdir/hadoop-ozone/integration-test/target/test-dir/MiniOzoneClusterImpl-87ec6964-4cbb-4ea4-8c8c-f74cd58bfd83/datanode-1/data/ratis/14fbc6c6-49b2-460e-9bad-a32fab150ee4/current/log_inprogress_0
2019-09-25 03:45:17,828 [0d193d2d-ce27-4ace-8d68-2a8197cbc29b@group-BB20EED782F5:LeaderElection21] INFO  impl.LeaderElection (LeaderElection.java:askForVotes(182)) - 0d193d2d-ce27-4ace-8d68-2a8197cbc29b@group-BB20EED782F5:LeaderElection21: begin an election at term 1 for -1: [0d193d2d-ce27-4ace-8d68-2a8197cbc29b:192.168.151.106:44030], old=null
2019-09-25 03:45:17,828 [0d193d2d-ce27-4ace-8d68-2a8197cbc29b@group-BB20EED782F5:LeaderElection21] INFO  impl.RoleInfo (RoleInfo.java:shutdownLeaderElection(134)) - 0d193d2d-ce27-4ace-8d68-2a8197cbc29b: shutdown LeaderElection
2019-09-25 03:45:17,829 [0d193d2d-ce27-4ace-8d68-2a8197cbc29b@group-BB20EED782F5:LeaderElection21] INFO  impl.RaftServerImpl (RaftServerImpl.java:setRole(174)) - 0d193d2d-ce27-4ace-8d68-2a8197cbc29b@group-BB20EED782F5: changes role from CANDIDATE to LEADER at term 1 for changeToLeader
2019-09-25 03:45:17,829 [0d193d2d-ce27-4ace-8d68-2a8197cbc29b@group-BB20EED782F5:LeaderElection21] INFO  impl.RaftServerImpl (ServerState.java:setLeader(253)) - 0d193d2d-ce27-4ace-8d68-2a8197cbc29b@group-BB20EED782F5: change Leader from null to 0d193d2d-ce27-4ace-8d68-2a8197cbc29b at term 1 for becomeLeader, leader elected after 5232ms
2019-09-25 03:45:17,829 [0d193d2d-ce27-4ace-8d68-2a8197cbc29b@group-BB20EED782F5:LeaderElection21] INFO  server.RaftServerConfigKeys (ConfUtils.java:logGet(43)) - raft.server.staging.catchup.gap = 1000 (default)
2019-09-25 03:45:17,829 [0d193d2d-ce27-4ace-8d68-2a8197cbc29b@group-BB20EED782F5:LeaderElection21] INFO  server.RaftServerConfigKeys (ConfUtils.java:logGet(43)) - raft.server.rpc.sleep.time = 25ms (default)
2019-09-25 03:45:17,829 [0d193d2d-ce27-4ace-8d68-2a8197cbc29b@group-BB20EED782F5:LeaderElection21] INFO  server.RaftServerConfigKeys (ConfUtils.java:logGet(43)) - raft.server.write.element-limit = 4096 (default)
2019-09-25 03:45:17,830 [0d193d2d-ce27-4ace-8d68-2a8197cbc29b@group-BB20EED782F5:LeaderElection21] INFO  server.RaftServerConfigKeys (ConfUtils.java:logGet(43)) - raft.server.watch.timeout = 10s (default)
2019-09-25 03:45:17,830 [0d193d2d-ce27-4ace-8d68-2a8197cbc29b@group-BB20EED782F5:LeaderElection21] INFO  server.RaftServerConfigKeys (ConfUtils.java:logGet(43)) - raft.server.watch.timeout.denomination = 1s (default)
2019-09-25 03:45:17,830 [0d193d2d-ce27-4ace-8d68-2a8197cbc29b@group-BB20EED782F5:LeaderElection21] INFO  server.RaftServerConfigKeys (ConfUtils.java:logGet(43)) - raft.server.watch.element-limit = 65536 (default)
2019-09-25 03:45:17,833 [0d193d2d-ce27-4ace-8d68-2a8197cbc29b@group-BB20EED782F5:LeaderElection21] INFO  impl.RoleInfo (RoleInfo.java:updateAndGet(143)) - 0d193d2d-ce27-4ace-8d68-2a8197cbc29b: start LeaderState
2019-09-25 03:45:17,833 [0d193d2d-ce27-4ace-8d68-2a8197cbc29b@group-BB20EED782F5:LeaderElection21] INFO  segmented.SegmentedRaftLogWorker (SegmentedRaftLogWorker.java:startLogSegment(380)) - 0d193d2d-ce27-4ace-8d68-2a8197cbc29b@group-BB20EED782F5-SegmentedRaftLogWorker: Starting segment from index:0
2019-09-25 03:45:17,833 [0d193d2d-ce27-4ace-8d68-2a8197cbc29b@group-BB20EED782F5:LeaderElection21] INFO  impl.RaftServerImpl (ServerState.java:setRaftConf(354)) - 0d193d2d-ce27-4ace-8d68-2a8197cbc29b@group-BB20EED782F5: set configuration 0: [0d193d2d-ce27-4ace-8d68-2a8197cbc29b:192.168.151.106:44030], old=null at 0
2019-09-25 03:45:17,860 [0d193d2d-ce27-4ace-8d68-2a8197cbc29b@group-BB20EED782F5-SegmentedRaftLogWorker] INFO  segmented.SegmentedRaftLogWorker (SegmentedRaftLogWorker.java:execute(569)) - 0d193d2d-ce27-4ace-8d68-2a8197cbc29b@group-BB20EED782F5-SegmentedRaftLogWorker: created new log segment /workdir/hadoop-ozone/integration-test/target/test-dir/MiniOzoneClusterImpl-87ec6964-4cbb-4ea4-8c8c-f74cd58bfd83/datanode-3/data/ratis/8573d653-c3ca-47f7-9f6f-bb20eed782f5/current/log_inprogress_0
2019-09-25 03:45:17,992 [Thread-265] INFO  impl.FollowerState (FollowerState.java:run(106)) - 0d193d2d-ce27-4ace-8d68-2a8197cbc29b:group-B545BDAB9486 changes to CANDIDATE, lastRpcTime:5063, electionTimeout:5063ms
2019-09-25 03:45:17,992 [Thread-265] INFO  impl.RoleInfo (RoleInfo.java:shutdownFollowerState(121)) - 0d193d2d-ce27-4ace-8d68-2a8197cbc29b: shutdown FollowerState
2019-09-25 03:45:17,992 [Thread-265] INFO  impl.RaftServerImpl (RaftServerImpl.java:setRole(174)) - 0d193d2d-ce27-4ace-8d68-2a8197cbc29b@group-B545BDAB9486: changes role from  FOLLOWER to CANDIDATE at term 0 for changeToCandidate
2019-09-25 03:45:17,993 [Thread-265] INFO  impl.RoleInfo (RoleInfo.java:updateAndGet(143)) - 0d193d2d-ce27-4ace-8d68-2a8197cbc29b: start LeaderElection
2019-09-25 03:45:18,013 [0d193d2d-ce27-4ace-8d68-2a8197cbc29b@group-B545BDAB9486:LeaderElection22] INFO  impl.LeaderElection (LeaderElection.java:askForVotes(182)) - 0d193d2d-ce27-4ace-8d68-2a8197cbc29b@group-B545BDAB9486:LeaderElection22: begin an election at term 1 for -1: [0d193d2d-ce27-4ace-8d68-2a8197cbc29b:192.168.151.106:44030], old=null
2019-09-25 03:45:18,013 [0d193d2d-ce27-4ace-8d68-2a8197cbc29b@group-B545BDAB9486:LeaderElection22] INFO  impl.RoleInfo (RoleInfo.java:shutdownLeaderElection(134)) - 0d193d2d-ce27-4ace-8d68-2a8197cbc29b: shutdown LeaderElection
2019-09-25 03:45:18,013 [0d193d2d-ce27-4ace-8d68-2a8197cbc29b@group-B545BDAB9486:LeaderElection22] INFO  impl.RaftServerImpl (RaftServerImpl.java:setRole(174)) - 0d193d2d-ce27-4ace-8d68-2a8197cbc29b@group-B545BDAB9486: changes role from CANDIDATE to LEADER at term 1 for changeToLeader
2019-09-25 03:45:18,013 [0d193d2d-ce27-4ace-8d68-2a8197cbc29b@group-B545BDAB9486:LeaderElection22] INFO  impl.RaftServerImpl (ServerState.java:setLeader(253)) - 0d193d2d-ce27-4ace-8d68-2a8197cbc29b@group-B545BDAB9486: change Leader from null to 0d193d2d-ce27-4ace-8d68-2a8197cbc29b at term 1 for becomeLeader, leader elected after 5092ms
2019-09-25 03:45:18,014 [0d193d2d-ce27-4ace-8d68-2a8197cbc29b@group-B545BDAB9486:LeaderElection22] INFO  server.RaftServerConfigKeys (ConfUtils.java:logGet(43)) - raft.server.staging.catchup.gap = 1000 (default)
2019-09-25 03:45:18,014 [0d193d2d-ce27-4ace-8d68-2a8197cbc29b@group-B545BDAB9486:LeaderElection22] INFO  server.RaftServerConfigKeys (ConfUtils.java:logGet(43)) - raft.server.rpc.sleep.time = 25ms (default)
2019-09-25 03:45:18,014 [0d193d2d-ce27-4ace-8d68-2a8197cbc29b@group-B545BDAB9486:LeaderElection22] INFO  server.RaftServerConfigKeys (ConfUtils.java:logGet(43)) - raft.server.write.element-limit = 4096 (default)
2019-09-25 03:45:18,014 [0d193d2d-ce27-4ace-8d68-2a8197cbc29b@group-B545BDAB9486:LeaderElection22] INFO  server.RaftServerConfigKeys (ConfUtils.java:logGet(43)) - raft.server.watch.timeout = 10s (default)
2019-09-25 03:45:18,015 [0d193d2d-ce27-4ace-8d68-2a8197cbc29b@group-B545BDAB9486:LeaderElection22] INFO  server.RaftServerConfigKeys (ConfUtils.java:logGet(43)) - raft.server.watch.timeout.denomination = 1s (default)
2019-09-25 03:45:18,015 [0d193d2d-ce27-4ace-8d68-2a8197cbc29b@group-B545BDAB9486:LeaderElection22] INFO  server.RaftServerConfigKeys (ConfUtils.java:logGet(43)) - raft.server.watch.element-limit = 65536 (default)
2019-09-25 03:45:18,019 [0d193d2d-ce27-4ace-8d68-2a8197cbc29b@group-B545BDAB9486:LeaderElection22] INFO  impl.RoleInfo (RoleInfo.java:updateAndGet(143)) - 0d193d2d-ce27-4ace-8d68-2a8197cbc29b: start LeaderState
2019-09-25 03:45:18,019 [0d193d2d-ce27-4ace-8d68-2a8197cbc29b@group-B545BDAB9486:LeaderElection22] INFO  segmented.SegmentedRaftLogWorker (SegmentedRaftLogWorker.java:startLogSegment(380)) - 0d193d2d-ce27-4ace-8d68-2a8197cbc29b@group-B545BDAB9486-SegmentedRaftLogWorker: Starting segment from index:0
2019-09-25 03:45:18,020 [0d193d2d-ce27-4ace-8d68-2a8197cbc29b@group-B545BDAB9486:LeaderElection22] INFO  impl.RaftServerImpl (ServerState.java:setRaftConf(354)) - 0d193d2d-ce27-4ace-8d68-2a8197cbc29b@group-B545BDAB9486: set configuration 0: [0d193d2d-ce27-4ace-8d68-2a8197cbc29b:192.168.151.106:44030], old=null at 0
2019-09-25 03:45:18,060 [0d193d2d-ce27-4ace-8d68-2a8197cbc29b@group-B545BDAB9486-SegmentedRaftLogWorker] INFO  segmented.SegmentedRaftLogWorker (SegmentedRaftLogWorker.java:execute(569)) - 0d193d2d-ce27-4ace-8d68-2a8197cbc29b@group-B545BDAB9486-SegmentedRaftLogWorker: created new log segment /workdir/hadoop-ozone/integration-test/target/test-dir/MiniOzoneClusterImpl-87ec6964-4cbb-4ea4-8c8c-f74cd58bfd83/datanode-3/data/ratis/12db45a6-4910-4f0e-8cae-b545bdab9486/current/log_inprogress_0
2019-09-25 03:45:18,098 [Thread-271] INFO  impl.FollowerState (FollowerState.java:run(106)) - ab15c39f-6391-49d0-b553-81943ab852f8:group-FED593C427D1 changes to CANDIDATE, lastRpcTime:5050, electionTimeout:5050ms
2019-09-25 03:45:18,098 [Thread-271] INFO  impl.RoleInfo (RoleInfo.java:shutdownFollowerState(121)) - ab15c39f-6391-49d0-b553-81943ab852f8: shutdown FollowerState
2019-09-25 03:45:18,098 [Thread-271] INFO  impl.RaftServerImpl (RaftServerImpl.java:setRole(174)) - ab15c39f-6391-49d0-b553-81943ab852f8@group-FED593C427D1: changes role from  FOLLOWER to CANDIDATE at term 0 for changeToCandidate
2019-09-25 03:45:18,098 [Thread-271] INFO  impl.RoleInfo (RoleInfo.java:updateAndGet(143)) - ab15c39f-6391-49d0-b553-81943ab852f8: start LeaderElection
2019-09-25 03:45:18,113 [ab15c39f-6391-49d0-b553-81943ab852f8@group-FED593C427D1:LeaderElection23] INFO  impl.LeaderElection (LeaderElection.java:askForVotes(182)) - ab15c39f-6391-49d0-b553-81943ab852f8@group-FED593C427D1:LeaderElection23: begin an election at term 1 for -1: [ab15c39f-6391-49d0-b553-81943ab852f8:192.168.151.106:41436], old=null
2019-09-25 03:45:18,114 [ab15c39f-6391-49d0-b553-81943ab852f8@group-FED593C427D1:LeaderElection23] INFO  impl.RoleInfo (RoleInfo.java:shutdownLeaderElection(134)) - ab15c39f-6391-49d0-b553-81943ab852f8: shutdown LeaderElection
2019-09-25 03:45:18,114 [ab15c39f-6391-49d0-b553-81943ab852f8@group-FED593C427D1:LeaderElection23] INFO  impl.RaftServerImpl (RaftServerImpl.java:setRole(174)) - ab15c39f-6391-49d0-b553-81943ab852f8@group-FED593C427D1: changes role from CANDIDATE to LEADER at term 1 for changeToLeader
2019-09-25 03:45:18,114 [ab15c39f-6391-49d0-b553-81943ab852f8@group-FED593C427D1:LeaderElection23] INFO  impl.RaftServerImpl (ServerState.java:setLeader(253)) - ab15c39f-6391-49d0-b553-81943ab852f8@group-FED593C427D1: change Leader from null to ab15c39f-6391-49d0-b553-81943ab852f8 at term 1 for becomeLeader, leader elected after 5075ms
2019-09-25 03:45:18,114 [ab15c39f-6391-49d0-b553-81943ab852f8@group-FED593C427D1:LeaderElection23] INFO  server.RaftServerConfigKeys (ConfUtils.java:logGet(43)) - raft.server.staging.catchup.gap = 1000 (default)
2019-09-25 03:45:18,114 [ab15c39f-6391-49d0-b553-81943ab852f8@group-FED593C427D1:LeaderElection23] INFO  server.RaftServerConfigKeys (ConfUtils.java:logGet(43)) - raft.server.rpc.sleep.time = 25ms (default)
2019-09-25 03:45:18,114 [ab15c39f-6391-49d0-b553-81943ab852f8@group-FED593C427D1:LeaderElection23] INFO  server.RaftServerConfigKeys (ConfUtils.java:logGet(43)) - raft.server.write.element-limit = 4096 (default)
2019-09-25 03:45:18,115 [ab15c39f-6391-49d0-b553-81943ab852f8@group-FED593C427D1:LeaderElection23] INFO  server.RaftServerConfigKeys (ConfUtils.java:logGet(43)) - raft.server.watch.timeout = 10s (default)
2019-09-25 03:45:18,115 [ab15c39f-6391-49d0-b553-81943ab852f8@group-FED593C427D1:LeaderElection23] INFO  server.RaftServerConfigKeys (ConfUtils.java:logGet(43)) - raft.server.watch.timeout.denomination = 1s (default)
2019-09-25 03:45:18,115 [ab15c39f-6391-49d0-b553-81943ab852f8@group-FED593C427D1:LeaderElection23] INFO  server.RaftServerConfigKeys (ConfUtils.java:logGet(43)) - raft.server.watch.element-limit = 65536 (default)
2019-09-25 03:45:18,118 [ab15c39f-6391-49d0-b553-81943ab852f8@group-FED593C427D1:LeaderElection23] INFO  impl.RoleInfo (RoleInfo.java:updateAndGet(143)) - ab15c39f-6391-49d0-b553-81943ab852f8: start LeaderState
2019-09-25 03:45:18,118 [ab15c39f-6391-49d0-b553-81943ab852f8@group-FED593C427D1:LeaderElection23] INFO  segmented.SegmentedRaftLogWorker (SegmentedRaftLogWorker.java:startLogSegment(380)) - ab15c39f-6391-49d0-b553-81943ab852f8@group-FED593C427D1-SegmentedRaftLogWorker: Starting segment from index:0
2019-09-25 03:45:18,118 [ab15c39f-6391-49d0-b553-81943ab852f8@group-FED593C427D1:LeaderElection23] INFO  impl.RaftServerImpl (ServerState.java:setRaftConf(354)) - ab15c39f-6391-49d0-b553-81943ab852f8@group-FED593C427D1: set configuration 0: [ab15c39f-6391-49d0-b553-81943ab852f8:192.168.151.106:41436], old=null at 0
2019-09-25 03:45:18,134 [Thread-274] INFO  impl.FollowerState (FollowerState.java:run(106)) - ab15c39f-6391-49d0-b553-81943ab852f8:group-E87B7D509B78 changes to CANDIDATE, lastRpcTime:5034, electionTimeout:5034ms
2019-09-25 03:45:18,134 [Thread-274] INFO  impl.RoleInfo (RoleInfo.java:shutdownFollowerState(121)) - ab15c39f-6391-49d0-b553-81943ab852f8: shutdown FollowerState
2019-09-25 03:45:18,135 [Thread-274] INFO  impl.RaftServerImpl (RaftServerImpl.java:setRole(174)) - ab15c39f-6391-49d0-b553-81943ab852f8@group-E87B7D509B78: changes role from  FOLLOWER to CANDIDATE at term 0 for changeToCandidate
2019-09-25 03:45:18,135 [Thread-274] INFO  impl.RoleInfo (RoleInfo.java:updateAndGet(143)) - ab15c39f-6391-49d0-b553-81943ab852f8: start LeaderElection
2019-09-25 03:45:18,153 [Thread-268] INFO  impl.FollowerState (FollowerState.java:run(106)) - ab15c39f-6391-49d0-b553-81943ab852f8:group-32CB7C299E15 changes to CANDIDATE, lastRpcTime:5165, electionTimeout:5165ms
2019-09-25 03:45:18,153 [Thread-268] INFO  impl.RoleInfo (RoleInfo.java:shutdownFollowerState(121)) - ab15c39f-6391-49d0-b553-81943ab852f8: shutdown FollowerState
2019-09-25 03:45:18,153 [Thread-268] INFO  impl.RaftServerImpl (RaftServerImpl.java:setRole(174)) - ab15c39f-6391-49d0-b553-81943ab852f8@group-32CB7C299E15: changes role from  FOLLOWER to CANDIDATE at term 0 for changeToCandidate
2019-09-25 03:45:18,153 [Thread-268] INFO  impl.RoleInfo (RoleInfo.java:updateAndGet(143)) - ab15c39f-6391-49d0-b553-81943ab852f8: start LeaderElection
2019-09-25 03:45:18,159 [ab15c39f-6391-49d0-b553-81943ab852f8@group-FED593C427D1-SegmentedRaftLogWorker] INFO  segmented.SegmentedRaftLogWorker (SegmentedRaftLogWorker.java:execute(569)) - ab15c39f-6391-49d0-b553-81943ab852f8@group-FED593C427D1-SegmentedRaftLogWorker: created new log segment /workdir/hadoop-ozone/integration-test/target/test-dir/MiniOzoneClusterImpl-87ec6964-4cbb-4ea4-8c8c-f74cd58bfd83/datanode-2/data/ratis/7a095be5-8661-4567-961c-fed593c427d1/current/log_inprogress_0
2019-09-25 03:45:18,159 [ab15c39f-6391-49d0-b553-81943ab852f8@group-E87B7D509B78:LeaderElection24] INFO  impl.LeaderElection (LeaderElection.java:askForVotes(182)) - ab15c39f-6391-49d0-b553-81943ab852f8@group-E87B7D509B78:LeaderElection24: begin an election at term 1 for -1: [ab15c39f-6391-49d0-b553-81943ab852f8:192.168.151.106:41436], old=null
2019-09-25 03:45:18,159 [ab15c39f-6391-49d0-b553-81943ab852f8@group-E87B7D509B78:LeaderElection24] INFO  impl.RoleInfo (RoleInfo.java:shutdownLeaderElection(134)) - ab15c39f-6391-49d0-b553-81943ab852f8: shutdown LeaderElection
2019-09-25 03:45:18,159 [ab15c39f-6391-49d0-b553-81943ab852f8@group-E87B7D509B78:LeaderElection24] INFO  impl.RaftServerImpl (RaftServerImpl.java:setRole(174)) - ab15c39f-6391-49d0-b553-81943ab852f8@group-E87B7D509B78: changes role from CANDIDATE to LEADER at term 1 for changeToLeader
2019-09-25 03:45:18,160 [ab15c39f-6391-49d0-b553-81943ab852f8@group-E87B7D509B78:LeaderElection24] INFO  impl.RaftServerImpl (ServerState.java:setLeader(253)) - ab15c39f-6391-49d0-b553-81943ab852f8@group-E87B7D509B78: change Leader from null to ab15c39f-6391-49d0-b553-81943ab852f8 at term 1 for becomeLeader, leader elected after 5067ms
2019-09-25 03:45:18,160 [ab15c39f-6391-49d0-b553-81943ab852f8@group-E87B7D509B78:LeaderElection24] INFO  server.RaftServerConfigKeys (ConfUtils.java:logGet(43)) - raft.server.staging.catchup.gap = 1000 (default)
2019-09-25 03:45:18,160 [ab15c39f-6391-49d0-b553-81943ab852f8@group-E87B7D509B78:LeaderElection24] INFO  server.RaftServerConfigKeys (ConfUtils.java:logGet(43)) - raft.server.rpc.sleep.time = 25ms (default)
2019-09-25 03:45:18,160 [ab15c39f-6391-49d0-b553-81943ab852f8@group-E87B7D509B78:LeaderElection24] INFO  server.RaftServerConfigKeys (ConfUtils.java:logGet(43)) - raft.server.write.element-limit = 4096 (default)
2019-09-25 03:45:18,160 [ab15c39f-6391-49d0-b553-81943ab852f8@group-E87B7D509B78:LeaderElection24] INFO  server.RaftServerConfigKeys (ConfUtils.java:logGet(43)) - raft.server.watch.timeout = 10s (default)
2019-09-25 03:45:18,160 [ab15c39f-6391-49d0-b553-81943ab852f8@group-E87B7D509B78:LeaderElection24] INFO  server.RaftServerConfigKeys (ConfUtils.java:logGet(43)) - raft.server.watch.timeout.denomination = 1s (default)
2019-09-25 03:45:18,161 [ab15c39f-6391-49d0-b553-81943ab852f8@group-E87B7D509B78:LeaderElection24] INFO  server.RaftServerConfigKeys (ConfUtils.java:logGet(43)) - raft.server.watch.element-limit = 65536 (default)
2019-09-25 03:45:18,163 [ab15c39f-6391-49d0-b553-81943ab852f8@group-32CB7C299E15:LeaderElection25] INFO  impl.LeaderElection (LeaderElection.java:askForVotes(182)) - ab15c39f-6391-49d0-b553-81943ab852f8@group-32CB7C299E15:LeaderElection25: begin an election at term 1 for -1: [ab15c39f-6391-49d0-b553-81943ab852f8:192.168.151.106:41436], old=null
2019-09-25 03:45:18,163 [ab15c39f-6391-49d0-b553-81943ab852f8@group-32CB7C299E15:LeaderElection25] INFO  impl.RoleInfo (RoleInfo.java:shutdownLeaderElection(134)) - ab15c39f-6391-49d0-b553-81943ab852f8: shutdown LeaderElection
2019-09-25 03:45:18,163 [ab15c39f-6391-49d0-b553-81943ab852f8@group-E87B7D509B78:LeaderElection24] INFO  impl.RoleInfo (RoleInfo.java:updateAndGet(143)) - ab15c39f-6391-49d0-b553-81943ab852f8: start LeaderState
2019-09-25 03:45:18,163 [ab15c39f-6391-49d0-b553-81943ab852f8@group-32CB7C299E15:LeaderElection25] INFO  impl.RaftServerImpl (RaftServerImpl.java:setRole(174)) - ab15c39f-6391-49d0-b553-81943ab852f8@group-32CB7C299E15: changes role from CANDIDATE to LEADER at term 1 for changeToLeader
2019-09-25 03:45:18,163 [ab15c39f-6391-49d0-b553-81943ab852f8@group-E87B7D509B78:LeaderElection24] INFO  segmented.SegmentedRaftLogWorker (SegmentedRaftLogWorker.java:startLogSegment(380)) - ab15c39f-6391-49d0-b553-81943ab852f8@group-E87B7D509B78-SegmentedRaftLogWorker: Starting segment from index:0
2019-09-25 03:45:18,163 [ab15c39f-6391-49d0-b553-81943ab852f8@group-32CB7C299E15:LeaderElection25] INFO  impl.RaftServerImpl (ServerState.java:setLeader(253)) - ab15c39f-6391-49d0-b553-81943ab852f8@group-32CB7C299E15: change Leader from null to ab15c39f-6391-49d0-b553-81943ab852f8 at term 1 for becomeLeader, leader elected after 5186ms
2019-09-25 03:45:18,164 [ab15c39f-6391-49d0-b553-81943ab852f8@group-32CB7C299E15:LeaderElection25] INFO  server.RaftServerConfigKeys (ConfUtils.java:logGet(43)) - raft.server.staging.catchup.gap = 1000 (default)
2019-09-25 03:45:18,164 [ab15c39f-6391-49d0-b553-81943ab852f8@group-E87B7D509B78:LeaderElection24] INFO  impl.RaftServerImpl (ServerState.java:setRaftConf(354)) - ab15c39f-6391-49d0-b553-81943ab852f8@group-E87B7D509B78: set configuration 0: [ab15c39f-6391-49d0-b553-81943ab852f8:192.168.151.106:41436], old=null at 0
2019-09-25 03:45:18,164 [ab15c39f-6391-49d0-b553-81943ab852f8@group-32CB7C299E15:LeaderElection25] INFO  server.RaftServerConfigKeys (ConfUtils.java:logGet(43)) - raft.server.rpc.sleep.time = 25ms (default)
2019-09-25 03:45:18,187 [ab15c39f-6391-49d0-b553-81943ab852f8@group-32CB7C299E15:LeaderElection25] INFO  server.RaftServerConfigKeys (ConfUtils.java:logGet(43)) - raft.server.write.element-limit = 4096 (default)
2019-09-25 03:45:18,188 [ab15c39f-6391-49d0-b553-81943ab852f8@group-32CB7C299E15:LeaderElection25] INFO  server.RaftServerConfigKeys (ConfUtils.java:logGet(43)) - raft.server.watch.timeout = 10s (default)
2019-09-25 03:45:18,188 [ab15c39f-6391-49d0-b553-81943ab852f8@group-32CB7C299E15:LeaderElection25] INFO  server.RaftServerConfigKeys (ConfUtils.java:logGet(43)) - raft.server.watch.timeout.denomination = 1s (default)
2019-09-25 03:45:18,188 [ab15c39f-6391-49d0-b553-81943ab852f8@group-32CB7C299E15:LeaderElection25] INFO  server.RaftServerConfigKeys (ConfUtils.java:logGet(43)) - raft.server.watch.element-limit = 65536 (default)
2019-09-25 03:45:18,190 [ab15c39f-6391-49d0-b553-81943ab852f8@group-32CB7C299E15:LeaderElection25] INFO  impl.RoleInfo (RoleInfo.java:updateAndGet(143)) - ab15c39f-6391-49d0-b553-81943ab852f8: start LeaderState
2019-09-25 03:45:18,191 [ab15c39f-6391-49d0-b553-81943ab852f8@group-32CB7C299E15:LeaderElection25] INFO  segmented.SegmentedRaftLogWorker (SegmentedRaftLogWorker.java:startLogSegment(380)) - ab15c39f-6391-49d0-b553-81943ab852f8@group-32CB7C299E15-SegmentedRaftLogWorker: Starting segment from index:0
2019-09-25 03:45:18,191 [ab15c39f-6391-49d0-b553-81943ab852f8@group-32CB7C299E15:LeaderElection25] INFO  impl.RaftServerImpl (ServerState.java:setRaftConf(354)) - ab15c39f-6391-49d0-b553-81943ab852f8@group-32CB7C299E15: set configuration 0: [ab15c39f-6391-49d0-b553-81943ab852f8:192.168.151.106:41436], old=null at 0
2019-09-25 03:45:18,207 [ab15c39f-6391-49d0-b553-81943ab852f8@group-E87B7D509B78-SegmentedRaftLogWorker] INFO  segmented.SegmentedRaftLogWorker (SegmentedRaftLogWorker.java:execute(569)) - ab15c39f-6391-49d0-b553-81943ab852f8@group-E87B7D509B78-SegmentedRaftLogWorker: created new log segment /workdir/hadoop-ozone/integration-test/target/test-dir/MiniOzoneClusterImpl-87ec6964-4cbb-4ea4-8c8c-f74cd58bfd83/datanode-2/data/ratis/933f266a-097c-43b9-9c6e-e87b7d509b78/current/log_inprogress_0
2019-09-25 03:45:18,209 [main] INFO  ozoneimpl.OzoneContainer (OzoneContainer.java:stop(231)) - Attempting to stop container services.
2019-09-25 03:45:18,209 [ForkJoinPool.commonPool-worker-1] INFO  ozoneimpl.OzoneContainer (OzoneContainer.java:stop(231)) - Attempting to stop container services.
2019-09-25 03:45:18,209 [main] INFO  impl.RaftServerProxy (RaftServerProxy.java:lambda$close$4(314)) - ab15c39f-6391-49d0-b553-81943ab852f8: close
2019-09-25 03:45:18,209 [ForkJoinPool.commonPool-worker-1] INFO  impl.RaftServerProxy (RaftServerProxy.java:lambda$close$4(314)) - d3b65c3f-c5b1-41a6-92a2-58f72c630ad9: close
2019-09-25 03:45:18,210 [main] INFO  impl.RaftServerImpl (RaftServerImpl.java:lambda$shutdown$3(251)) - ab15c39f-6391-49d0-b553-81943ab852f8@group-23171D9876D1: shutdown
2019-09-25 03:45:18,210 [ForkJoinPool.commonPool-worker-1] INFO  impl.RaftServerImpl (RaftServerImpl.java:lambda$shutdown$3(251)) - d3b65c3f-c5b1-41a6-92a2-58f72c630ad9@group-8CA7EEBD354C: shutdown
2019-09-25 03:45:18,210 [main] INFO  util.JmxRegister (JmxRegister.java:unregister(73)) - Successfully un-registered JMX Bean with object name Ratis:service=RaftServer,group=group-23171D9876D1,id=ab15c39f-6391-49d0-b553-81943ab852f8
2019-09-25 03:45:18,211 [ForkJoinPool.commonPool-worker-1] INFO  util.JmxRegister (JmxRegister.java:unregister(73)) - Successfully un-registered JMX Bean with object name Ratis:service=RaftServer,group=group-8CA7EEBD354C,id=d3b65c3f-c5b1-41a6-92a2-58f72c630ad9
2019-09-25 03:45:18,211 [main] INFO  impl.RoleInfo (RoleInfo.java:shutdownLeaderState(104)) - ab15c39f-6391-49d0-b553-81943ab852f8: shutdown LeaderState
2019-09-25 03:45:18,211 [ForkJoinPool.commonPool-worker-1] INFO  impl.RoleInfo (RoleInfo.java:shutdownLeaderState(104)) - d3b65c3f-c5b1-41a6-92a2-58f72c630ad9: shutdown LeaderState
2019-09-25 03:45:18,211 [main] INFO  impl.PendingRequests (PendingRequests.java:sendNotLeaderResponses(202)) - ab15c39f-6391-49d0-b553-81943ab852f8-PendingRequests: sendNotLeaderResponses
2019-09-25 03:45:18,212 [ForkJoinPool.commonPool-worker-1] INFO  impl.PendingRequests (PendingRequests.java:sendNotLeaderResponses(202)) - d3b65c3f-c5b1-41a6-92a2-58f72c630ad9-PendingRequests: sendNotLeaderResponses
2019-09-25 03:45:18,220 [main] INFO  impl.StateMachineUpdater (StateMachineUpdater.java:stopAndJoin(125)) - ab15c39f-6391-49d0-b553-81943ab852f8@group-23171D9876D1-StateMachineUpdater: set stopIndex = 0
2019-09-25 03:45:18,220 [ForkJoinPool.commonPool-worker-1] INFO  impl.StateMachineUpdater (StateMachineUpdater.java:stopAndJoin(125)) - d3b65c3f-c5b1-41a6-92a2-58f72c630ad9@group-8CA7EEBD354C-StateMachineUpdater: set stopIndex = 0
2019-09-25 03:45:18,221 [ForkJoinPool.commonPool-worker-1] INFO  impl.RaftServerImpl (ServerState.java:close(385)) - d3b65c3f-c5b1-41a6-92a2-58f72c630ad9@group-8CA7EEBD354C: closes. applyIndex: 0
2019-09-25 03:45:18,221 [main] INFO  impl.RaftServerImpl (ServerState.java:close(385)) - ab15c39f-6391-49d0-b553-81943ab852f8@group-23171D9876D1: closes. applyIndex: 0
2019-09-25 03:45:18,222 [d3b65c3f-c5b1-41a6-92a2-58f72c630ad9@group-8CA7EEBD354C-SegmentedRaftLogWorker] INFO  segmented.SegmentedRaftLogWorker (SegmentedRaftLogWorker.java:run(313)) - d3b65c3f-c5b1-41a6-92a2-58f72c630ad9@group-8CA7EEBD354C-SegmentedRaftLogWorker was interrupted, exiting. There are 0 tasks remaining in the queue.
2019-09-25 03:45:18,222 [ab15c39f-6391-49d0-b553-81943ab852f8@group-23171D9876D1-SegmentedRaftLogWorker] INFO  segmented.SegmentedRaftLogWorker (SegmentedRaftLogWorker.java:run(313)) - ab15c39f-6391-49d0-b553-81943ab852f8@group-23171D9876D1-SegmentedRaftLogWorker was interrupted, exiting. There are 0 tasks remaining in the queue.
2019-09-25 03:45:18,225 [ForkJoinPool.commonPool-worker-1] INFO  segmented.SegmentedRaftLogWorker (SegmentedRaftLogWorker.java:close(228)) - d3b65c3f-c5b1-41a6-92a2-58f72c630ad9@group-8CA7EEBD354C-SegmentedRaftLogWorker close()
2019-09-25 03:45:18,229 [ForkJoinPool.commonPool-worker-1] INFO  impl.RaftServerImpl (RaftServerImpl.java:lambda$shutdown$3(251)) - d3b65c3f-c5b1-41a6-92a2-58f72c630ad9@group-A7366B148A26: shutdown
2019-09-25 03:45:18,229 [ForkJoinPool.commonPool-worker-1] INFO  util.JmxRegister (JmxRegister.java:unregister(73)) - Successfully un-registered JMX Bean with object name Ratis:service=RaftServer,group=group-A7366B148A26,id=d3b65c3f-c5b1-41a6-92a2-58f72c630ad9
2019-09-25 03:45:18,229 [ForkJoinPool.commonPool-worker-1] INFO  impl.RoleInfo (RoleInfo.java:shutdownLeaderState(104)) - d3b65c3f-c5b1-41a6-92a2-58f72c630ad9: shutdown LeaderState
2019-09-25 03:45:18,230 [ForkJoinPool.commonPool-worker-1] INFO  impl.PendingRequests (PendingRequests.java:sendNotLeaderResponses(202)) - d3b65c3f-c5b1-41a6-92a2-58f72c630ad9-PendingRequests: sendNotLeaderResponses
2019-09-25 03:45:18,231 [ab15c39f-6391-49d0-b553-81943ab852f8@group-32CB7C299E15-SegmentedRaftLogWorker] INFO  segmented.SegmentedRaftLogWorker (SegmentedRaftLogWorker.java:execute(569)) - ab15c39f-6391-49d0-b553-81943ab852f8@group-32CB7C299E15-SegmentedRaftLogWorker: created new log segment /workdir/hadoop-ozone/integration-test/target/test-dir/MiniOzoneClusterImpl-87ec6964-4cbb-4ea4-8c8c-f74cd58bfd83/datanode-2/data/ratis/0d937335-fdc0-49dc-a7c3-32cb7c299e15/current/log_inprogress_0
2019-09-25 03:45:18,231 [main] INFO  segmented.SegmentedRaftLogWorker (SegmentedRaftLogWorker.java:close(228)) - ab15c39f-6391-49d0-b553-81943ab852f8@group-23171D9876D1-SegmentedRaftLogWorker close()
2019-09-25 03:45:18,232 [ForkJoinPool.commonPool-worker-1] INFO  impl.StateMachineUpdater (StateMachineUpdater.java:stopAndJoin(125)) - d3b65c3f-c5b1-41a6-92a2-58f72c630ad9@group-A7366B148A26-StateMachineUpdater: set stopIndex = 0
2019-09-25 03:45:18,235 [main] INFO  impl.RaftServerImpl (RaftServerImpl.java:lambda$shutdown$3(251)) - ab15c39f-6391-49d0-b553-81943ab852f8@group-FED593C427D1: shutdown
2019-09-25 03:45:18,236 [ForkJoinPool.commonPool-worker-1] INFO  impl.RaftServerImpl (ServerState.java:close(385)) - d3b65c3f-c5b1-41a6-92a2-58f72c630ad9@group-A7366B148A26: closes. applyIndex: 0
2019-09-25 03:45:18,236 [main] INFO  util.JmxRegister (JmxRegister.java:unregister(73)) - Successfully un-registered JMX Bean with object name Ratis:service=RaftServer,group=group-FED593C427D1,id=ab15c39f-6391-49d0-b553-81943ab852f8
2019-09-25 03:45:18,237 [d3b65c3f-c5b1-41a6-92a2-58f72c630ad9@group-A7366B148A26-SegmentedRaftLogWorker] INFO  segmented.SegmentedRaftLogWorker (SegmentedRaftLogWorker.java:run(313)) - d3b65c3f-c5b1-41a6-92a2-58f72c630ad9@group-A7366B148A26-SegmentedRaftLogWorker was interrupted, exiting. There are 0 tasks remaining in the queue.
2019-09-25 03:45:18,237 [main] INFO  impl.RoleInfo (RoleInfo.java:shutdownLeaderState(104)) - ab15c39f-6391-49d0-b553-81943ab852f8: shutdown LeaderState
2019-09-25 03:45:18,240 [ForkJoinPool.commonPool-worker-1] INFO  segmented.SegmentedRaftLogWorker (SegmentedRaftLogWorker.java:close(228)) - d3b65c3f-c5b1-41a6-92a2-58f72c630ad9@group-A7366B148A26-SegmentedRaftLogWorker close()
2019-09-25 03:45:18,240 [main] INFO  impl.PendingRequests (PendingRequests.java:sendNotLeaderResponses(202)) - ab15c39f-6391-49d0-b553-81943ab852f8-PendingRequests: sendNotLeaderResponses
2019-09-25 03:45:18,245 [ForkJoinPool.commonPool-worker-1] INFO  impl.RaftServerImpl (RaftServerImpl.java:lambda$shutdown$3(251)) - d3b65c3f-c5b1-41a6-92a2-58f72c630ad9@group-A32FAB150EE4: shutdown
2019-09-25 03:45:18,245 [main] INFO  impl.StateMachineUpdater (StateMachineUpdater.java:stopAndJoin(125)) - ab15c39f-6391-49d0-b553-81943ab852f8@group-FED593C427D1-StateMachineUpdater: set stopIndex = 0
2019-09-25 03:45:18,245 [ForkJoinPool.commonPool-worker-1] INFO  util.JmxRegister (JmxRegister.java:unregister(73)) - Successfully un-registered JMX Bean with object name Ratis:service=RaftServer,group=group-A32FAB150EE4,id=d3b65c3f-c5b1-41a6-92a2-58f72c630ad9
2019-09-25 03:45:18,245 [main] INFO  impl.RaftServerImpl (ServerState.java:close(385)) - ab15c39f-6391-49d0-b553-81943ab852f8@group-FED593C427D1: closes. applyIndex: 0
2019-09-25 03:45:18,246 [ForkJoinPool.commonPool-worker-1] INFO  impl.RoleInfo (RoleInfo.java:shutdownLeaderState(104)) - d3b65c3f-c5b1-41a6-92a2-58f72c630ad9: shutdown LeaderState
2019-09-25 03:45:18,246 [ab15c39f-6391-49d0-b553-81943ab852f8@group-FED593C427D1-SegmentedRaftLogWorker] INFO  segmented.SegmentedRaftLogWorker (SegmentedRaftLogWorker.java:run(313)) - ab15c39f-6391-49d0-b553-81943ab852f8@group-FED593C427D1-SegmentedRaftLogWorker was interrupted, exiting. There are 0 tasks remaining in the queue.
2019-09-25 03:45:18,247 [ForkJoinPool.commonPool-worker-1] INFO  impl.PendingRequests (PendingRequests.java:sendNotLeaderResponses(202)) - d3b65c3f-c5b1-41a6-92a2-58f72c630ad9-PendingRequests: sendNotLeaderResponses
2019-09-25 03:45:18,249 [main] INFO  segmented.SegmentedRaftLogWorker (SegmentedRaftLogWorker.java:close(228)) - ab15c39f-6391-49d0-b553-81943ab852f8@group-FED593C427D1-SegmentedRaftLogWorker close()
2019-09-25 03:45:18,250 [ForkJoinPool.commonPool-worker-1] INFO  impl.StateMachineUpdater (StateMachineUpdater.java:stopAndJoin(125)) - d3b65c3f-c5b1-41a6-92a2-58f72c630ad9@group-A32FAB150EE4-StateMachineUpdater: set stopIndex = 0
2019-09-25 03:45:18,254 [main] INFO  impl.RaftServerImpl (RaftServerImpl.java:lambda$shutdown$3(251)) - ab15c39f-6391-49d0-b553-81943ab852f8@group-259F8826BDDE: shutdown
2019-09-25 03:45:18,254 [ForkJoinPool.commonPool-worker-1] INFO  impl.RaftServerImpl (ServerState.java:close(385)) - d3b65c3f-c5b1-41a6-92a2-58f72c630ad9@group-A32FAB150EE4: closes. applyIndex: 0
2019-09-25 03:45:18,254 [main] INFO  util.JmxRegister (JmxRegister.java:unregister(73)) - Successfully un-registered JMX Bean with object name Ratis:service=RaftServer,group=group-259F8826BDDE,id=ab15c39f-6391-49d0-b553-81943ab852f8
2019-09-25 03:45:18,255 [d3b65c3f-c5b1-41a6-92a2-58f72c630ad9@group-A32FAB150EE4-SegmentedRaftLogWorker] INFO  segmented.SegmentedRaftLogWorker (SegmentedRaftLogWorker.java:run(313)) - d3b65c3f-c5b1-41a6-92a2-58f72c630ad9@group-A32FAB150EE4-SegmentedRaftLogWorker was interrupted, exiting. There are 0 tasks remaining in the queue.
2019-09-25 03:45:18,255 [main] INFO  impl.RoleInfo (RoleInfo.java:shutdownLeaderState(104)) - ab15c39f-6391-49d0-b553-81943ab852f8: shutdown LeaderState
2019-09-25 03:45:18,258 [ForkJoinPool.commonPool-worker-1] INFO  segmented.SegmentedRaftLogWorker (SegmentedRaftLogWorker.java:close(228)) - d3b65c3f-c5b1-41a6-92a2-58f72c630ad9@group-A32FAB150EE4-SegmentedRaftLogWorker close()
2019-09-25 03:45:18,258 [main] INFO  impl.PendingRequests (PendingRequests.java:sendNotLeaderResponses(202)) - ab15c39f-6391-49d0-b553-81943ab852f8-PendingRequests: sendNotLeaderResponses
2019-09-25 03:45:18,262 [ForkJoinPool.commonPool-worker-1] INFO  impl.RaftServerImpl (RaftServerImpl.java:lambda$shutdown$3(251)) - d3b65c3f-c5b1-41a6-92a2-58f72c630ad9@group-96D58A105D7D: shutdown
2019-09-25 03:45:18,263 [main] INFO  impl.StateMachineUpdater (StateMachineUpdater.java:stopAndJoin(125)) - ab15c39f-6391-49d0-b553-81943ab852f8@group-259F8826BDDE-StateMachineUpdater: set stopIndex = 0
2019-09-25 03:45:18,263 [ForkJoinPool.commonPool-worker-1] INFO  util.JmxRegister (JmxRegister.java:unregister(73)) - Successfully un-registered JMX Bean with object name Ratis:service=RaftServer,group=group-96D58A105D7D,id=d3b65c3f-c5b1-41a6-92a2-58f72c630ad9
2019-09-25 03:45:18,263 [main] INFO  impl.RaftServerImpl (ServerState.java:close(385)) - ab15c39f-6391-49d0-b553-81943ab852f8@group-259F8826BDDE: closes. applyIndex: 0
2019-09-25 03:45:18,264 [ForkJoinPool.commonPool-worker-1] INFO  impl.RoleInfo (RoleInfo.java:shutdownLeaderState(104)) - d3b65c3f-c5b1-41a6-92a2-58f72c630ad9: shutdown LeaderState
2019-09-25 03:45:18,264 [ab15c39f-6391-49d0-b553-81943ab852f8@group-259F8826BDDE-SegmentedRaftLogWorker] INFO  segmented.SegmentedRaftLogWorker (SegmentedRaftLogWorker.java:run(313)) - ab15c39f-6391-49d0-b553-81943ab852f8@group-259F8826BDDE-SegmentedRaftLogWorker was interrupted, exiting. There are 0 tasks remaining in the queue.
2019-09-25 03:45:18,264 [ForkJoinPool.commonPool-worker-1] INFO  impl.PendingRequests (PendingRequests.java:sendNotLeaderResponses(202)) - d3b65c3f-c5b1-41a6-92a2-58f72c630ad9-PendingRequests: sendNotLeaderResponses
2019-09-25 03:45:18,267 [main] INFO  segmented.SegmentedRaftLogWorker (SegmentedRaftLogWorker.java:close(228)) - ab15c39f-6391-49d0-b553-81943ab852f8@group-259F8826BDDE-SegmentedRaftLogWorker close()
2019-09-25 03:45:18,268 [ForkJoinPool.commonPool-worker-1] INFO  impl.StateMachineUpdater (StateMachineUpdater.java:stopAndJoin(125)) - d3b65c3f-c5b1-41a6-92a2-58f72c630ad9@group-96D58A105D7D-StateMachineUpdater: set stopIndex = 0
2019-09-25 03:45:18,271 [main] INFO  impl.RaftServerImpl (RaftServerImpl.java:lambda$shutdown$3(251)) - ab15c39f-6391-49d0-b553-81943ab852f8@group-E87B7D509B78: shutdown
2019-09-25 03:45:18,271 [ForkJoinPool.commonPool-worker-1] INFO  impl.RaftServerImpl (ServerState.java:close(385)) - d3b65c3f-c5b1-41a6-92a2-58f72c630ad9@group-96D58A105D7D: closes. applyIndex: 0
2019-09-25 03:45:18,273 [main] INFO  util.JmxRegister (JmxRegister.java:unregister(73)) - Successfully un-registered JMX Bean with object name Ratis:service=RaftServer,group=group-E87B7D509B78,id=ab15c39f-6391-49d0-b553-81943ab852f8
2019-09-25 03:45:18,274 [d3b65c3f-c5b1-41a6-92a2-58f72c630ad9@group-96D58A105D7D-SegmentedRaftLogWorker] INFO  segmented.SegmentedRaftLogWorker (SegmentedRaftLogWorker.java:run(313)) - d3b65c3f-c5b1-41a6-92a2-58f72c630ad9@group-96D58A105D7D-SegmentedRaftLogWorker was interrupted, exiting. There are 0 tasks remaining in the queue.
2019-09-25 03:45:18,274 [main] INFO  impl.RoleInfo (RoleInfo.java:shutdownLeaderState(104)) - ab15c39f-6391-49d0-b553-81943ab852f8: shutdown LeaderState
2019-09-25 03:45:18,277 [ForkJoinPool.commonPool-worker-1] INFO  segmented.SegmentedRaftLogWorker (SegmentedRaftLogWorker.java:close(228)) - d3b65c3f-c5b1-41a6-92a2-58f72c630ad9@group-96D58A105D7D-SegmentedRaftLogWorker close()
2019-09-25 03:45:18,277 [main] INFO  impl.PendingRequests (PendingRequests.java:sendNotLeaderResponses(202)) - ab15c39f-6391-49d0-b553-81943ab852f8-PendingRequests: sendNotLeaderResponses
2019-09-25 03:45:18,280 [ForkJoinPool.commonPool-worker-1] INFO  impl.RaftServerImpl (RaftServerImpl.java:lambda$shutdown$3(251)) - d3b65c3f-c5b1-41a6-92a2-58f72c630ad9@group-32FC0CA963DF: shutdown
2019-09-25 03:45:18,281 [main] INFO  impl.StateMachineUpdater (StateMachineUpdater.java:stopAndJoin(125)) - ab15c39f-6391-49d0-b553-81943ab852f8@group-E87B7D509B78-StateMachineUpdater: set stopIndex = 0
2019-09-25 03:45:18,281 [ForkJoinPool.commonPool-worker-1] INFO  util.JmxRegister (JmxRegister.java:unregister(73)) - Successfully un-registered JMX Bean with object name Ratis:service=RaftServer,group=group-32FC0CA963DF,id=d3b65c3f-c5b1-41a6-92a2-58f72c630ad9
2019-09-25 03:45:18,281 [main] INFO  impl.RaftServerImpl (ServerState.java:close(385)) - ab15c39f-6391-49d0-b553-81943ab852f8@group-E87B7D509B78: closes. applyIndex: 0
2019-09-25 03:45:18,282 [ForkJoinPool.commonPool-worker-1] INFO  impl.RoleInfo (RoleInfo.java:shutdownLeaderState(104)) - d3b65c3f-c5b1-41a6-92a2-58f72c630ad9: shutdown LeaderState
2019-09-25 03:45:18,282 [ab15c39f-6391-49d0-b553-81943ab852f8@group-E87B7D509B78-SegmentedRaftLogWorker] INFO  segmented.SegmentedRaftLogWorker (SegmentedRaftLogWorker.java:run(313)) - ab15c39f-6391-49d0-b553-81943ab852f8@group-E87B7D509B78-SegmentedRaftLogWorker was interrupted, exiting. There are 0 tasks remaining in the queue.
2019-09-25 03:45:18,282 [ForkJoinPool.commonPool-worker-1] INFO  impl.PendingRequests (PendingRequests.java:sendNotLeaderResponses(202)) - d3b65c3f-c5b1-41a6-92a2-58f72c630ad9-PendingRequests: sendNotLeaderResponses
2019-09-25 03:45:18,285 [main] INFO  segmented.SegmentedRaftLogWorker (SegmentedRaftLogWorker.java:close(228)) - ab15c39f-6391-49d0-b553-81943ab852f8@group-E87B7D509B78-SegmentedRaftLogWorker close()
2019-09-25 03:45:18,285 [ForkJoinPool.commonPool-worker-1] INFO  impl.StateMachineUpdater (StateMachineUpdater.java:stopAndJoin(125)) - d3b65c3f-c5b1-41a6-92a2-58f72c630ad9@group-32FC0CA963DF-StateMachineUpdater: set stopIndex = 0
2019-09-25 03:45:18,290 [main] INFO  impl.RaftServerImpl (RaftServerImpl.java:lambda$shutdown$3(251)) - ab15c39f-6391-49d0-b553-81943ab852f8@group-32CB7C299E15: shutdown
2019-09-25 03:45:18,290 [ForkJoinPool.commonPool-worker-1] INFO  impl.RaftServerImpl (ServerState.java:close(385)) - d3b65c3f-c5b1-41a6-92a2-58f72c630ad9@group-32FC0CA963DF: closes. applyIndex: 0
2019-09-25 03:45:18,291 [main] INFO  util.JmxRegister (JmxRegister.java:unregister(73)) - Successfully un-registered JMX Bean with object name Ratis:service=RaftServer,group=group-32CB7C299E15,id=ab15c39f-6391-49d0-b553-81943ab852f8
2019-09-25 03:45:18,291 [d3b65c3f-c5b1-41a6-92a2-58f72c630ad9@group-32FC0CA963DF-SegmentedRaftLogWorker] INFO  segmented.SegmentedRaftLogWorker (SegmentedRaftLogWorker.java:run(313)) - d3b65c3f-c5b1-41a6-92a2-58f72c630ad9@group-32FC0CA963DF-SegmentedRaftLogWorker was interrupted, exiting. There are 0 tasks remaining in the queue.
2019-09-25 03:45:18,291 [main] INFO  impl.RoleInfo (RoleInfo.java:shutdownLeaderState(104)) - ab15c39f-6391-49d0-b553-81943ab852f8: shutdown LeaderState
2019-09-25 03:45:18,294 [ForkJoinPool.commonPool-worker-1] INFO  segmented.SegmentedRaftLogWorker (SegmentedRaftLogWorker.java:close(228)) - d3b65c3f-c5b1-41a6-92a2-58f72c630ad9@group-32FC0CA963DF-SegmentedRaftLogWorker close()
2019-09-25 03:45:18,294 [main] INFO  impl.PendingRequests (PendingRequests.java:sendNotLeaderResponses(202)) - ab15c39f-6391-49d0-b553-81943ab852f8-PendingRequests: sendNotLeaderResponses
2019-09-25 03:45:18,301 [ForkJoinPool.commonPool-worker-1] INFO  impl.RaftServerImpl (RaftServerImpl.java:lambda$shutdown$3(251)) - d3b65c3f-c5b1-41a6-92a2-58f72c630ad9@group-04D9BDDCE88E: shutdown
2019-09-25 03:45:18,302 [main] INFO  impl.StateMachineUpdater (StateMachineUpdater.java:stopAndJoin(125)) - ab15c39f-6391-49d0-b553-81943ab852f8@group-32CB7C299E15-StateMachineUpdater: set stopIndex = 0
2019-09-25 03:45:18,302 [ForkJoinPool.commonPool-worker-1] INFO  util.JmxRegister (JmxRegister.java:unregister(73)) - Successfully un-registered JMX Bean with object name Ratis:service=RaftServer,group=group-04D9BDDCE88E,id=d3b65c3f-c5b1-41a6-92a2-58f72c630ad9
2019-09-25 03:45:18,302 [main] INFO  impl.RaftServerImpl (ServerState.java:close(385)) - ab15c39f-6391-49d0-b553-81943ab852f8@group-32CB7C299E15: closes. applyIndex: 0
2019-09-25 03:45:18,302 [ForkJoinPool.commonPool-worker-1] INFO  impl.RoleInfo (RoleInfo.java:shutdownLeaderState(104)) - d3b65c3f-c5b1-41a6-92a2-58f72c630ad9: shutdown LeaderState
2019-09-25 03:45:18,303 [ab15c39f-6391-49d0-b553-81943ab852f8@group-32CB7C299E15-SegmentedRaftLogWorker] INFO  segmented.SegmentedRaftLogWorker (SegmentedRaftLogWorker.java:run(313)) - ab15c39f-6391-49d0-b553-81943ab852f8@group-32CB7C299E15-SegmentedRaftLogWorker was interrupted, exiting. There are 0 tasks remaining in the queue.
2019-09-25 03:45:18,303 [ForkJoinPool.commonPool-worker-1] INFO  impl.PendingRequests (PendingRequests.java:sendNotLeaderResponses(202)) - d3b65c3f-c5b1-41a6-92a2-58f72c630ad9-PendingRequests: sendNotLeaderResponses
2019-09-25 03:45:18,305 [main] INFO  segmented.SegmentedRaftLogWorker (SegmentedRaftLogWorker.java:close(228)) - ab15c39f-6391-49d0-b553-81943ab852f8@group-32CB7C299E15-SegmentedRaftLogWorker close()
2019-09-25 03:45:18,305 [ForkJoinPool.commonPool-worker-1] INFO  impl.StateMachineUpdater (StateMachineUpdater.java:stopAndJoin(125)) - d3b65c3f-c5b1-41a6-92a2-58f72c630ad9@group-04D9BDDCE88E-StateMachineUpdater: set stopIndex = 0
2019-09-25 03:45:18,311 [ForkJoinPool.commonPool-worker-1] INFO  impl.RaftServerImpl (ServerState.java:close(385)) - d3b65c3f-c5b1-41a6-92a2-58f72c630ad9@group-04D9BDDCE88E: closes. applyIndex: 0
2019-09-25 03:45:18,311 [main] INFO  impl.RaftServerImpl (RaftServerImpl.java:lambda$shutdown$3(251)) - ab15c39f-6391-49d0-b553-81943ab852f8@group-A1928F6A6EE1: shutdown
2019-09-25 03:45:18,312 [d3b65c3f-c5b1-41a6-92a2-58f72c630ad9@group-04D9BDDCE88E-SegmentedRaftLogWorker] INFO  segmented.SegmentedRaftLogWorker (SegmentedRaftLogWorker.java:run(313)) - d3b65c3f-c5b1-41a6-92a2-58f72c630ad9@group-04D9BDDCE88E-SegmentedRaftLogWorker was interrupted, exiting. There are 0 tasks remaining in the queue.
2019-09-25 03:45:18,312 [main] INFO  util.JmxRegister (JmxRegister.java:unregister(73)) - Successfully un-registered JMX Bean with object name Ratis:service=RaftServer,group=group-A1928F6A6EE1,id=ab15c39f-6391-49d0-b553-81943ab852f8
2019-09-25 03:45:18,312 [ForkJoinPool.commonPool-worker-1] INFO  segmented.SegmentedRaftLogWorker (SegmentedRaftLogWorker.java:close(228)) - d3b65c3f-c5b1-41a6-92a2-58f72c630ad9@group-04D9BDDCE88E-SegmentedRaftLogWorker close()
2019-09-25 03:45:18,313 [main] INFO  impl.RoleInfo (RoleInfo.java:shutdownLeaderState(104)) - ab15c39f-6391-49d0-b553-81943ab852f8: shutdown LeaderState
2019-09-25 03:45:18,314 [ForkJoinPool.commonPool-worker-1] INFO  server.GrpcService (GrpcService.java:closeImpl(164)) - d3b65c3f-c5b1-41a6-92a2-58f72c630ad9: shutdown server with port 39450 now
2019-09-25 03:45:18,315 [main] INFO  impl.PendingRequests (PendingRequests.java:sendNotLeaderResponses(202)) - ab15c39f-6391-49d0-b553-81943ab852f8-PendingRequests: sendNotLeaderResponses
2019-09-25 03:45:18,316 [ForkJoinPool.commonPool-worker-1] INFO  server.GrpcService (GrpcService.java:closeImpl(172)) - d3b65c3f-c5b1-41a6-92a2-58f72c630ad9: shutdown server with port 39450 successfully
2019-09-25 03:45:18,316 [main] INFO  impl.StateMachineUpdater (StateMachineUpdater.java:stopAndJoin(125)) - ab15c39f-6391-49d0-b553-81943ab852f8@group-A1928F6A6EE1-StateMachineUpdater: set stopIndex = 0
2019-09-25 03:45:18,317 [main] INFO  impl.RaftServerImpl (ServerState.java:close(385)) - ab15c39f-6391-49d0-b553-81943ab852f8@group-A1928F6A6EE1: closes. applyIndex: 0
2019-09-25 03:45:18,318 [ab15c39f-6391-49d0-b553-81943ab852f8@group-A1928F6A6EE1-SegmentedRaftLogWorker] INFO  segmented.SegmentedRaftLogWorker (SegmentedRaftLogWorker.java:run(313)) - ab15c39f-6391-49d0-b553-81943ab852f8@group-A1928F6A6EE1-SegmentedRaftLogWorker was interrupted, exiting. There are 0 tasks remaining in the queue.
2019-09-25 03:45:18,318 [main] INFO  segmented.SegmentedRaftLogWorker (SegmentedRaftLogWorker.java:close(228)) - ab15c39f-6391-49d0-b553-81943ab852f8@group-A1928F6A6EE1-SegmentedRaftLogWorker close()
2019-09-25 03:45:18,320 [main] INFO  server.GrpcService (GrpcService.java:closeImpl(164)) - ab15c39f-6391-49d0-b553-81943ab852f8: shutdown server with port 41436 now
2019-09-25 03:45:18,322 [main] INFO  server.GrpcService (GrpcService.java:closeImpl(172)) - ab15c39f-6391-49d0-b553-81943ab852f8: shutdown server with port 41436 successfully
2019-09-25 03:45:18,327 [refreshUsed-/workdir/hadoop-ozone/integration-test/target/test-dir/MiniOzoneClusterImpl-87ec6964-4cbb-4ea4-8c8c-f74cd58bfd83/datanode-2/data/containers] WARN  fs.CachingGetSpaceUsed (CachingGetSpaceUsed.java:run(183)) - Thread Interrupted waiting to refresh disk information: sleep interrupted
2019-09-25 03:45:18,327 [refreshUsed-/workdir/hadoop-ozone/integration-test/target/test-dir/MiniOzoneClusterImpl-87ec6964-4cbb-4ea4-8c8c-f74cd58bfd83/datanode-1/data/containers] WARN  fs.CachingGetSpaceUsed (CachingGetSpaceUsed.java:run(183)) - Thread Interrupted waiting to refresh disk information: sleep interrupted
2019-09-25 03:45:18,353 [ForkJoinPool.commonPool-worker-1] INFO  utils.BackgroundService (BackgroundService.java:shutdown(148)) - Shutting down service BlockDeletingService
2019-09-25 03:45:18,357 [ForkJoinPool.commonPool-worker-1] INFO  statemachine.DatanodeStateMachine (DatanodeStateMachine.java:stopDaemon(395)) - Ozone container server stopped.
2019-09-25 03:45:18,358 [main] INFO  utils.BackgroundService (BackgroundService.java:shutdown(148)) - Shutting down service BlockDeletingService
2019-09-25 03:45:18,362 [main] INFO  statemachine.DatanodeStateMachine (DatanodeStateMachine.java:stopDaemon(395)) - Ozone container server stopped.
2019-09-25 03:45:18,363 [ForkJoinPool.commonPool-worker-1] INFO  handler.ContextHandler (ContextHandler.java:doStop(910)) - Stopped o.e.j.w.WebAppContext@4aa21f9d{/,null,UNAVAILABLE}{/hddsDatanode}
2019-09-25 03:45:18,364 [ForkJoinPool.commonPool-worker-1] INFO  server.AbstractConnector (AbstractConnector.java:doStop(318)) - Stopped ServerConnector@71c17a57{HTTP/1.1,[http/1.1]}{0.0.0.0:0}
2019-09-25 03:45:18,364 [main] INFO  handler.ContextHandler (ContextHandler.java:doStop(910)) - Stopped o.e.j.w.WebAppContext@57cb70be{/,null,UNAVAILABLE}{/hddsDatanode}
2019-09-25 03:45:18,365 [ForkJoinPool.commonPool-worker-1] INFO  handler.ContextHandler (ContextHandler.java:doStop(910)) - Stopped o.e.j.s.ServletContextHandler@77049094{/static,jar:file:/home/user/.m2/repository/org/apache/hadoop/hadoop-hdds-container-service/0.5.0-SNAPSHOT/hadoop-hdds-container-service-0.5.0-SNAPSHOT.jar!/webapps/static,UNAVAILABLE}
2019-09-25 03:45:18,366 [ForkJoinPool.commonPool-worker-1] INFO  handler.ContextHandler (ContextHandler.java:doStop(910)) - Stopped o.e.j.s.ServletContextHandler@6fa13e6{/logs,file:///workdir/hadoop-ozone/integration-test/target/log,UNAVAILABLE}
2019-09-25 03:45:18,367 [main] INFO  server.AbstractConnector (AbstractConnector.java:doStop(318)) - Stopped ServerConnector@2d4608a6{HTTP/1.1,[http/1.1]}{0.0.0.0:0}
2019-09-25 03:45:18,367 [main] INFO  handler.ContextHandler (ContextHandler.java:doStop(910)) - Stopped o.e.j.s.ServletContextHandler@65f651eb{/static,jar:file:/home/user/.m2/repository/org/apache/hadoop/hadoop-hdds-container-service/0.5.0-SNAPSHOT/hadoop-hdds-container-service-0.5.0-SNAPSHOT.jar!/webapps/static,UNAVAILABLE}
2019-09-25 03:45:18,367 [main] INFO  handler.ContextHandler (ContextHandler.java:doStop(910)) - Stopped o.e.j.s.ServletContextHandler@5ed4bc{/logs,file:///workdir/hadoop-ozone/integration-test/target/log,UNAVAILABLE}
2019-09-25 03:45:18,464 [Datanode State Machine Thread - 0] INFO  statemachine.DatanodeStateMachine (DatanodeStateMachine.java:lambda$startDaemon$0(350)) - Ozone container server started.
2019-09-25 03:45:19,134 [Datanode State Machine Thread - 0] INFO  statemachine.DatanodeStateMachine (DatanodeStateMachine.java:lambda$startDaemon$0(350)) - Ozone container server started.
2019-09-25 03:45:23,368 [ForkJoinPool.commonPool-worker-1] INFO  ozoneimpl.OzoneContainer (OzoneContainer.java:stop(231)) - Attempting to stop container services.
2019-09-25 03:45:23,369 [ForkJoinPool.commonPool-worker-1] INFO  impl.RaftServerProxy (RaftServerProxy.java:lambda$close$4(314)) - d82d563c-708d-4b1b-bd19-b9ed0ca17f6c: close
2019-09-25 03:45:23,369 [main] INFO  ozoneimpl.OzoneContainer (OzoneContainer.java:stop(231)) - Attempting to stop container services.
2019-09-25 03:45:23,369 [ForkJoinPool.commonPool-worker-1] INFO  impl.RaftServerImpl (RaftServerImpl.java:lambda$shutdown$3(251)) - d82d563c-708d-4b1b-bd19-b9ed0ca17f6c@group-48F783B9C54D: shutdown
2019-09-25 03:45:23,370 [main] INFO  impl.RaftServerProxy (RaftServerProxy.java:lambda$close$4(314)) - 0d193d2d-ce27-4ace-8d68-2a8197cbc29b: close
2019-09-25 03:45:23,370 [ForkJoinPool.commonPool-worker-1] INFO  util.JmxRegister (JmxRegister.java:unregister(73)) - Successfully un-registered JMX Bean with object name Ratis:service=RaftServer,group=group-48F783B9C54D,id=d82d563c-708d-4b1b-bd19-b9ed0ca17f6c
2019-09-25 03:45:23,371 [main] INFO  impl.RaftServerImpl (RaftServerImpl.java:lambda$shutdown$3(251)) - 0d193d2d-ce27-4ace-8d68-2a8197cbc29b@group-B545BDAB9486: shutdown
2019-09-25 03:45:23,371 [ForkJoinPool.commonPool-worker-1] INFO  impl.RoleInfo (RoleInfo.java:shutdownLeaderState(104)) - d82d563c-708d-4b1b-bd19-b9ed0ca17f6c: shutdown LeaderState
2019-09-25 03:45:23,372 [main] INFO  util.JmxRegister (JmxRegister.java:unregister(73)) - Successfully un-registered JMX Bean with object name Ratis:service=RaftServer,group=group-B545BDAB9486,id=0d193d2d-ce27-4ace-8d68-2a8197cbc29b
2019-09-25 03:45:23,372 [ForkJoinPool.commonPool-worker-1] INFO  impl.PendingRequests (PendingRequests.java:sendNotLeaderResponses(202)) - d82d563c-708d-4b1b-bd19-b9ed0ca17f6c-PendingRequests: sendNotLeaderResponses
2019-09-25 03:45:23,372 [main] INFO  impl.RoleInfo (RoleInfo.java:shutdownLeaderState(104)) - 0d193d2d-ce27-4ace-8d68-2a8197cbc29b: shutdown LeaderState
2019-09-25 03:45:23,373 [ForkJoinPool.commonPool-worker-1] INFO  impl.StateMachineUpdater (StateMachineUpdater.java:stopAndJoin(125)) - d82d563c-708d-4b1b-bd19-b9ed0ca17f6c@group-48F783B9C54D-StateMachineUpdater: set stopIndex = 0
2019-09-25 03:45:23,374 [main] INFO  impl.PendingRequests (PendingRequests.java:sendNotLeaderResponses(202)) - 0d193d2d-ce27-4ace-8d68-2a8197cbc29b-PendingRequests: sendNotLeaderResponses
2019-09-25 03:45:23,374 [ForkJoinPool.commonPool-worker-1] INFO  impl.RaftServerImpl (ServerState.java:close(385)) - d82d563c-708d-4b1b-bd19-b9ed0ca17f6c@group-48F783B9C54D: closes. applyIndex: 0
2019-09-25 03:45:23,374 [main] INFO  impl.StateMachineUpdater (StateMachineUpdater.java:stopAndJoin(125)) - 0d193d2d-ce27-4ace-8d68-2a8197cbc29b@group-B545BDAB9486-StateMachineUpdater: set stopIndex = 0
2019-09-25 03:45:23,375 [main] INFO  impl.RaftServerImpl (ServerState.java:close(385)) - 0d193d2d-ce27-4ace-8d68-2a8197cbc29b@group-B545BDAB9486: closes. applyIndex: 0
2019-09-25 03:45:23,375 [d82d563c-708d-4b1b-bd19-b9ed0ca17f6c@group-48F783B9C54D-SegmentedRaftLogWorker] INFO  segmented.SegmentedRaftLogWorker (SegmentedRaftLogWorker.java:run(313)) - d82d563c-708d-4b1b-bd19-b9ed0ca17f6c@group-48F783B9C54D-SegmentedRaftLogWorker was interrupted, exiting. There are 0 tasks remaining in the queue.
2019-09-25 03:45:23,376 [0d193d2d-ce27-4ace-8d68-2a8197cbc29b@group-B545BDAB9486-SegmentedRaftLogWorker] INFO  segmented.SegmentedRaftLogWorker (SegmentedRaftLogWorker.java:run(313)) - 0d193d2d-ce27-4ace-8d68-2a8197cbc29b@group-B545BDAB9486-SegmentedRaftLogWorker was interrupted, exiting. There are 0 tasks remaining in the queue.
2019-09-25 03:45:23,376 [ForkJoinPool.commonPool-worker-1] INFO  segmented.SegmentedRaftLogWorker (SegmentedRaftLogWorker.java:close(228)) - d82d563c-708d-4b1b-bd19-b9ed0ca17f6c@group-48F783B9C54D-SegmentedRaftLogWorker close()
2019-09-25 03:45:23,376 [main] INFO  segmented.SegmentedRaftLogWorker (SegmentedRaftLogWorker.java:close(228)) - 0d193d2d-ce27-4ace-8d68-2a8197cbc29b@group-B545BDAB9486-SegmentedRaftLogWorker close()
2019-09-25 03:45:23,378 [ForkJoinPool.commonPool-worker-1] INFO  impl.RaftServerImpl (RaftServerImpl.java:lambda$shutdown$3(251)) - d82d563c-708d-4b1b-bd19-b9ed0ca17f6c@group-A1A6BA1266A7: shutdown
2019-09-25 03:45:23,379 [main] INFO  impl.RaftServerImpl (RaftServerImpl.java:lambda$shutdown$3(251)) - 0d193d2d-ce27-4ace-8d68-2a8197cbc29b@group-BB20EED782F5: shutdown
2019-09-25 03:45:23,379 [ForkJoinPool.commonPool-worker-1] INFO  util.JmxRegister (JmxRegister.java:unregister(73)) - Successfully un-registered JMX Bean with object name Ratis:service=RaftServer,group=group-A1A6BA1266A7,id=d82d563c-708d-4b1b-bd19-b9ed0ca17f6c
2019-09-25 03:45:23,380 [main] INFO  util.JmxRegister (JmxRegister.java:unregister(73)) - Successfully un-registered JMX Bean with object name Ratis:service=RaftServer,group=group-BB20EED782F5,id=0d193d2d-ce27-4ace-8d68-2a8197cbc29b
2019-09-25 03:45:23,380 [ForkJoinPool.commonPool-worker-1] INFO  impl.RoleInfo (RoleInfo.java:shutdownLeaderState(104)) - d82d563c-708d-4b1b-bd19-b9ed0ca17f6c: shutdown LeaderState
2019-09-25 03:45:23,380 [main] INFO  impl.RoleInfo (RoleInfo.java:shutdownLeaderState(104)) - 0d193d2d-ce27-4ace-8d68-2a8197cbc29b: shutdown LeaderState
2019-09-25 03:45:23,381 [ForkJoinPool.commonPool-worker-1] INFO  impl.PendingRequests (PendingRequests.java:sendNotLeaderResponses(202)) - d82d563c-708d-4b1b-bd19-b9ed0ca17f6c-PendingRequests: sendNotLeaderResponses
2019-09-25 03:45:23,381 [main] INFO  impl.PendingRequests (PendingRequests.java:sendNotLeaderResponses(202)) - 0d193d2d-ce27-4ace-8d68-2a8197cbc29b-PendingRequests: sendNotLeaderResponses
2019-09-25 03:45:23,382 [ForkJoinPool.commonPool-worker-1] INFO  impl.StateMachineUpdater (StateMachineUpdater.java:stopAndJoin(125)) - d82d563c-708d-4b1b-bd19-b9ed0ca17f6c@group-A1A6BA1266A7-StateMachineUpdater: set stopIndex = 0
2019-09-25 03:45:23,382 [main] INFO  impl.StateMachineUpdater (StateMachineUpdater.java:stopAndJoin(125)) - 0d193d2d-ce27-4ace-8d68-2a8197cbc29b@group-BB20EED782F5-StateMachineUpdater: set stopIndex = 0
2019-09-25 03:45:23,383 [main] INFO  impl.RaftServerImpl (ServerState.java:close(385)) - 0d193d2d-ce27-4ace-8d68-2a8197cbc29b@group-BB20EED782F5: closes. applyIndex: 0
2019-09-25 03:45:23,382 [ForkJoinPool.commonPool-worker-1] INFO  impl.RaftServerImpl (ServerState.java:close(385)) - d82d563c-708d-4b1b-bd19-b9ed0ca17f6c@group-A1A6BA1266A7: closes. applyIndex: 0
2019-09-25 03:45:23,383 [0d193d2d-ce27-4ace-8d68-2a8197cbc29b@group-BB20EED782F5-SegmentedRaftLogWorker] INFO  segmented.SegmentedRaftLogWorker (SegmentedRaftLogWorker.java:run(313)) - 0d193d2d-ce27-4ace-8d68-2a8197cbc29b@group-BB20EED782F5-SegmentedRaftLogWorker was interrupted, exiting. There are 0 tasks remaining in the queue.
2019-09-25 03:45:23,384 [d82d563c-708d-4b1b-bd19-b9ed0ca17f6c@group-A1A6BA1266A7-SegmentedRaftLogWorker] INFO  segmented.SegmentedRaftLogWorker (SegmentedRaftLogWorker.java:run(313)) - d82d563c-708d-4b1b-bd19-b9ed0ca17f6c@group-A1A6BA1266A7-SegmentedRaftLogWorker was interrupted, exiting. There are 0 tasks remaining in the queue.
2019-09-25 03:45:23,384 [main] INFO  segmented.SegmentedRaftLogWorker (SegmentedRaftLogWorker.java:close(228)) - 0d193d2d-ce27-4ace-8d68-2a8197cbc29b@group-BB20EED782F5-SegmentedRaftLogWorker close()
2019-09-25 03:45:23,384 [ForkJoinPool.commonPool-worker-1] INFO  segmented.SegmentedRaftLogWorker (SegmentedRaftLogWorker.java:close(228)) - d82d563c-708d-4b1b-bd19-b9ed0ca17f6c@group-A1A6BA1266A7-SegmentedRaftLogWorker close()
2019-09-25 03:45:23,385 [main] INFO  impl.RaftServerImpl (RaftServerImpl.java:lambda$shutdown$3(251)) - 0d193d2d-ce27-4ace-8d68-2a8197cbc29b@group-10C8EF7CB393: shutdown
2019-09-25 03:45:23,387 [ForkJoinPool.commonPool-worker-1] INFO  impl.RaftServerImpl (RaftServerImpl.java:lambda$shutdown$3(251)) - d82d563c-708d-4b1b-bd19-b9ed0ca17f6c@group-299A84CFA8C1: shutdown
2019-09-25 03:45:23,387 [main] INFO  util.JmxRegister (JmxRegister.java:unregister(73)) - Successfully un-registered JMX Bean with object name Ratis:service=RaftServer,group=group-10C8EF7CB393,id=0d193d2d-ce27-4ace-8d68-2a8197cbc29b
2019-09-25 03:45:23,388 [main] INFO  impl.RoleInfo (RoleInfo.java:shutdownLeaderState(104)) - 0d193d2d-ce27-4ace-8d68-2a8197cbc29b: shutdown LeaderState
2019-09-25 03:45:23,387 [ForkJoinPool.commonPool-worker-1] INFO  util.JmxRegister (JmxRegister.java:unregister(73)) - Successfully un-registered JMX Bean with object name Ratis:service=RaftServer,group=group-299A84CFA8C1,id=d82d563c-708d-4b1b-bd19-b9ed0ca17f6c
2019-09-25 03:45:23,388 [main] INFO  impl.PendingRequests (PendingRequests.java:sendNotLeaderResponses(202)) - 0d193d2d-ce27-4ace-8d68-2a8197cbc29b-PendingRequests: sendNotLeaderResponses
2019-09-25 03:45:23,388 [ForkJoinPool.commonPool-worker-1] INFO  impl.RoleInfo (RoleInfo.java:shutdownLeaderState(104)) - d82d563c-708d-4b1b-bd19-b9ed0ca17f6c: shutdown LeaderState
2019-09-25 03:45:23,389 [main] INFO  impl.StateMachineUpdater (StateMachineUpdater.java:stopAndJoin(125)) - 0d193d2d-ce27-4ace-8d68-2a8197cbc29b@group-10C8EF7CB393-StateMachineUpdater: set stopIndex = 0
2019-09-25 03:45:23,390 [main] INFO  impl.RaftServerImpl (ServerState.java:close(385)) - 0d193d2d-ce27-4ace-8d68-2a8197cbc29b@group-10C8EF7CB393: closes. applyIndex: 0
2019-09-25 03:45:23,389 [ForkJoinPool.commonPool-worker-1] INFO  impl.PendingRequests (PendingRequests.java:sendNotLeaderResponses(202)) - d82d563c-708d-4b1b-bd19-b9ed0ca17f6c-PendingRequests: sendNotLeaderResponses
2019-09-25 03:45:23,390 [0d193d2d-ce27-4ace-8d68-2a8197cbc29b@group-10C8EF7CB393-SegmentedRaftLogWorker] INFO  segmented.SegmentedRaftLogWorker (SegmentedRaftLogWorker.java:run(313)) - 0d193d2d-ce27-4ace-8d68-2a8197cbc29b@group-10C8EF7CB393-SegmentedRaftLogWorker was interrupted, exiting. There are 0 tasks remaining in the queue.
2019-09-25 03:45:23,391 [ForkJoinPool.commonPool-worker-1] INFO  impl.StateMachineUpdater (StateMachineUpdater.java:stopAndJoin(125)) - d82d563c-708d-4b1b-bd19-b9ed0ca17f6c@group-299A84CFA8C1-StateMachineUpdater: set stopIndex = 0
2019-09-25 03:45:23,391 [main] INFO  segmented.SegmentedRaftLogWorker (SegmentedRaftLogWorker.java:close(228)) - 0d193d2d-ce27-4ace-8d68-2a8197cbc29b@group-10C8EF7CB393-SegmentedRaftLogWorker close()
2019-09-25 03:45:23,392 [ForkJoinPool.commonPool-worker-1] INFO  impl.RaftServerImpl (ServerState.java:close(385)) - d82d563c-708d-4b1b-bd19-b9ed0ca17f6c@group-299A84CFA8C1: closes. applyIndex: 0
2019-09-25 03:45:23,394 [main] INFO  impl.RaftServerImpl (RaftServerImpl.java:lambda$shutdown$3(251)) - 0d193d2d-ce27-4ace-8d68-2a8197cbc29b@group-31BA159F0AFE: shutdown
2019-09-25 03:45:23,394 [d82d563c-708d-4b1b-bd19-b9ed0ca17f6c@group-299A84CFA8C1-SegmentedRaftLogWorker] INFO  segmented.SegmentedRaftLogWorker (SegmentedRaftLogWorker.java:run(313)) - d82d563c-708d-4b1b-bd19-b9ed0ca17f6c@group-299A84CFA8C1-SegmentedRaftLogWorker was interrupted, exiting. There are 0 tasks remaining in the queue.
2019-09-25 03:45:23,394 [main] INFO  util.JmxRegister (JmxRegister.java:unregister(73)) - Successfully un-registered JMX Bean with object name Ratis:service=RaftServer,group=group-31BA159F0AFE,id=0d193d2d-ce27-4ace-8d68-2a8197cbc29b
2019-09-25 03:45:23,397 [main] INFO  impl.RoleInfo (RoleInfo.java:shutdownLeaderState(104)) - 0d193d2d-ce27-4ace-8d68-2a8197cbc29b: shutdown LeaderState
2019-09-25 03:45:23,395 [ForkJoinPool.commonPool-worker-1] INFO  segmented.SegmentedRaftLogWorker (SegmentedRaftLogWorker.java:close(228)) - d82d563c-708d-4b1b-bd19-b9ed0ca17f6c@group-299A84CFA8C1-SegmentedRaftLogWorker close()
2019-09-25 03:45:23,398 [main] INFO  impl.PendingRequests (PendingRequests.java:sendNotLeaderResponses(202)) - 0d193d2d-ce27-4ace-8d68-2a8197cbc29b-PendingRequests: sendNotLeaderResponses
2019-09-25 03:45:23,399 [ForkJoinPool.commonPool-worker-1] INFO  impl.RaftServerImpl (RaftServerImpl.java:lambda$shutdown$3(251)) - d82d563c-708d-4b1b-bd19-b9ed0ca17f6c@group-06801551BA31: shutdown
2019-09-25 03:45:23,400 [main] INFO  impl.StateMachineUpdater (StateMachineUpdater.java:stopAndJoin(125)) - 0d193d2d-ce27-4ace-8d68-2a8197cbc29b@group-31BA159F0AFE-StateMachineUpdater: set stopIndex = 0
2019-09-25 03:45:23,400 [ForkJoinPool.commonPool-worker-1] INFO  util.JmxRegister (JmxRegister.java:unregister(73)) - Successfully un-registered JMX Bean with object name Ratis:service=RaftServer,group=group-06801551BA31,id=d82d563c-708d-4b1b-bd19-b9ed0ca17f6c
2019-09-25 03:45:23,401 [ForkJoinPool.commonPool-worker-1] INFO  impl.RoleInfo (RoleInfo.java:shutdownLeaderState(104)) - d82d563c-708d-4b1b-bd19-b9ed0ca17f6c: shutdown LeaderState
2019-09-25 03:45:23,400 [main] INFO  impl.RaftServerImpl (ServerState.java:close(385)) - 0d193d2d-ce27-4ace-8d68-2a8197cbc29b@group-31BA159F0AFE: closes. applyIndex: 0
2019-09-25 03:45:23,401 [ForkJoinPool.commonPool-worker-1] INFO  impl.PendingRequests (PendingRequests.java:sendNotLeaderResponses(202)) - d82d563c-708d-4b1b-bd19-b9ed0ca17f6c-PendingRequests: sendNotLeaderResponses
2019-09-25 03:45:23,402 [0d193d2d-ce27-4ace-8d68-2a8197cbc29b@group-31BA159F0AFE-SegmentedRaftLogWorker] INFO  segmented.SegmentedRaftLogWorker (SegmentedRaftLogWorker.java:run(313)) - 0d193d2d-ce27-4ace-8d68-2a8197cbc29b@group-31BA159F0AFE-SegmentedRaftLogWorker was interrupted, exiting. There are 0 tasks remaining in the queue.
2019-09-25 03:45:23,402 [ForkJoinPool.commonPool-worker-1] INFO  impl.StateMachineUpdater (StateMachineUpdater.java:stopAndJoin(125)) - d82d563c-708d-4b1b-bd19-b9ed0ca17f6c@group-06801551BA31-StateMachineUpdater: set stopIndex = 0
2019-09-25 03:45:23,402 [main] INFO  segmented.SegmentedRaftLogWorker (SegmentedRaftLogWorker.java:close(228)) - 0d193d2d-ce27-4ace-8d68-2a8197cbc29b@group-31BA159F0AFE-SegmentedRaftLogWorker close()
2019-09-25 03:45:23,403 [ForkJoinPool.commonPool-worker-1] INFO  impl.RaftServerImpl (ServerState.java:close(385)) - d82d563c-708d-4b1b-bd19-b9ed0ca17f6c@group-06801551BA31: closes. applyIndex: 0
2019-09-25 03:45:23,407 [main] INFO  impl.RaftServerImpl (RaftServerImpl.java:lambda$shutdown$3(251)) - 0d193d2d-ce27-4ace-8d68-2a8197cbc29b@group-2DA1CD946003: shutdown
2019-09-25 03:45:23,408 [d82d563c-708d-4b1b-bd19-b9ed0ca17f6c@group-06801551BA31-SegmentedRaftLogWorker] INFO  segmented.SegmentedRaftLogWorker (SegmentedRaftLogWorker.java:run(313)) - d82d563c-708d-4b1b-bd19-b9ed0ca17f6c@group-06801551BA31-SegmentedRaftLogWorker was interrupted, exiting. There are 0 tasks remaining in the queue.
2019-09-25 03:45:23,408 [main] INFO  util.JmxRegister (JmxRegister.java:unregister(73)) - Successfully un-registered JMX Bean with object name Ratis:service=RaftServer,group=group-2DA1CD946003,id=0d193d2d-ce27-4ace-8d68-2a8197cbc29b
2019-09-25 03:45:23,408 [ForkJoinPool.commonPool-worker-1] INFO  segmented.SegmentedRaftLogWorker (SegmentedRaftLogWorker.java:close(228)) - d82d563c-708d-4b1b-bd19-b9ed0ca17f6c@group-06801551BA31-SegmentedRaftLogWorker close()
2019-09-25 03:45:23,409 [main] INFO  impl.RoleInfo (RoleInfo.java:shutdownLeaderState(104)) - 0d193d2d-ce27-4ace-8d68-2a8197cbc29b: shutdown LeaderState
2019-09-25 03:45:23,409 [ForkJoinPool.commonPool-worker-1] INFO  impl.RaftServerImpl (RaftServerImpl.java:lambda$shutdown$3(251)) - d82d563c-708d-4b1b-bd19-b9ed0ca17f6c@group-93F174C790FC: shutdown
2019-09-25 03:45:23,410 [main] INFO  impl.PendingRequests (PendingRequests.java:sendNotLeaderResponses(202)) - 0d193d2d-ce27-4ace-8d68-2a8197cbc29b-PendingRequests: sendNotLeaderResponses
2019-09-25 03:45:23,410 [ForkJoinPool.commonPool-worker-1] INFO  util.JmxRegister (JmxRegister.java:unregister(73)) - Successfully un-registered JMX Bean with object name Ratis:service=RaftServer,group=group-93F174C790FC,id=d82d563c-708d-4b1b-bd19-b9ed0ca17f6c
2019-09-25 03:45:23,410 [main] INFO  impl.StateMachineUpdater (StateMachineUpdater.java:stopAndJoin(125)) - 0d193d2d-ce27-4ace-8d68-2a8197cbc29b@group-2DA1CD946003-StateMachineUpdater: set stopIndex = 0
2019-09-25 03:45:23,411 [ForkJoinPool.commonPool-worker-1] INFO  impl.RoleInfo (RoleInfo.java:shutdownLeaderState(104)) - d82d563c-708d-4b1b-bd19-b9ed0ca17f6c: shutdown LeaderState
2019-09-25 03:45:23,411 [main] INFO  impl.RaftServerImpl (ServerState.java:close(385)) - 0d193d2d-ce27-4ace-8d68-2a8197cbc29b@group-2DA1CD946003: closes. applyIndex: 0
2019-09-25 03:45:23,412 [ForkJoinPool.commonPool-worker-1] INFO  impl.PendingRequests (PendingRequests.java:sendNotLeaderResponses(202)) - d82d563c-708d-4b1b-bd19-b9ed0ca17f6c-PendingRequests: sendNotLeaderResponses
2019-09-25 03:45:23,412 [0d193d2d-ce27-4ace-8d68-2a8197cbc29b@group-2DA1CD946003-SegmentedRaftLogWorker] INFO  segmented.SegmentedRaftLogWorker (SegmentedRaftLogWorker.java:run(313)) - 0d193d2d-ce27-4ace-8d68-2a8197cbc29b@group-2DA1CD946003-SegmentedRaftLogWorker was interrupted, exiting. There are 0 tasks remaining in the queue.
2019-09-25 03:45:23,412 [ForkJoinPool.commonPool-worker-1] INFO  impl.StateMachineUpdater (StateMachineUpdater.java:stopAndJoin(125)) - d82d563c-708d-4b1b-bd19-b9ed0ca17f6c@group-93F174C790FC-StateMachineUpdater: set stopIndex = 0
2019-09-25 03:45:23,413 [main] INFO  segmented.SegmentedRaftLogWorker (SegmentedRaftLogWorker.java:close(228)) - 0d193d2d-ce27-4ace-8d68-2a8197cbc29b@group-2DA1CD946003-SegmentedRaftLogWorker close()
2019-09-25 03:45:23,414 [ForkJoinPool.commonPool-worker-1] INFO  impl.RaftServerImpl (ServerState.java:close(385)) - d82d563c-708d-4b1b-bd19-b9ed0ca17f6c@group-93F174C790FC: closes. applyIndex: 0
2019-09-25 03:45:23,414 [main] INFO  impl.RaftServerImpl (RaftServerImpl.java:lambda$shutdown$3(251)) - 0d193d2d-ce27-4ace-8d68-2a8197cbc29b@group-AC97CB3CB514: shutdown
2019-09-25 03:45:23,415 [d82d563c-708d-4b1b-bd19-b9ed0ca17f6c@group-93F174C790FC-SegmentedRaftLogWorker] INFO  segmented.SegmentedRaftLogWorker (SegmentedRaftLogWorker.java:run(313)) - d82d563c-708d-4b1b-bd19-b9ed0ca17f6c@group-93F174C790FC-SegmentedRaftLogWorker was interrupted, exiting. There are 0 tasks remaining in the queue.
2019-09-25 03:45:23,415 [main] INFO  util.JmxRegister (JmxRegister.java:unregister(73)) - Successfully un-registered JMX Bean with object name Ratis:service=RaftServer,group=group-AC97CB3CB514,id=0d193d2d-ce27-4ace-8d68-2a8197cbc29b
2019-09-25 03:45:23,415 [ForkJoinPool.commonPool-worker-1] INFO  segmented.SegmentedRaftLogWorker (SegmentedRaftLogWorker.java:close(228)) - d82d563c-708d-4b1b-bd19-b9ed0ca17f6c@group-93F174C790FC-SegmentedRaftLogWorker close()
2019-09-25 03:45:23,416 [main] INFO  impl.RoleInfo (RoleInfo.java:shutdownLeaderState(104)) - 0d193d2d-ce27-4ace-8d68-2a8197cbc29b: shutdown LeaderState
2019-09-25 03:45:23,416 [ForkJoinPool.commonPool-worker-1] INFO  impl.RaftServerImpl (RaftServerImpl.java:lambda$shutdown$3(251)) - d82d563c-708d-4b1b-bd19-b9ed0ca17f6c@group-D5AF6080A44C: shutdown
2019-09-25 03:45:23,417 [main] INFO  impl.PendingRequests (PendingRequests.java:sendNotLeaderResponses(202)) - 0d193d2d-ce27-4ace-8d68-2a8197cbc29b-PendingRequests: sendNotLeaderResponses
2019-09-25 03:45:23,417 [ForkJoinPool.commonPool-worker-1] INFO  util.JmxRegister (JmxRegister.java:unregister(73)) - Successfully un-registered JMX Bean with object name Ratis:service=RaftServer,group=group-D5AF6080A44C,id=d82d563c-708d-4b1b-bd19-b9ed0ca17f6c
2019-09-25 03:45:23,417 [main] INFO  impl.StateMachineUpdater (StateMachineUpdater.java:stopAndJoin(125)) - 0d193d2d-ce27-4ace-8d68-2a8197cbc29b@group-AC97CB3CB514-StateMachineUpdater: set stopIndex = 0
2019-09-25 03:45:23,418 [main] INFO  impl.RaftServerImpl (ServerState.java:close(385)) - 0d193d2d-ce27-4ace-8d68-2a8197cbc29b@group-AC97CB3CB514: closes. applyIndex: 0
2019-09-25 03:45:23,418 [ForkJoinPool.commonPool-worker-1] INFO  impl.RoleInfo (RoleInfo.java:shutdownLeaderState(104)) - d82d563c-708d-4b1b-bd19-b9ed0ca17f6c: shutdown LeaderState
2019-09-25 03:45:23,419 [0d193d2d-ce27-4ace-8d68-2a8197cbc29b@group-AC97CB3CB514-SegmentedRaftLogWorker] INFO  segmented.SegmentedRaftLogWorker (SegmentedRaftLogWorker.java:run(313)) - 0d193d2d-ce27-4ace-8d68-2a8197cbc29b@group-AC97CB3CB514-SegmentedRaftLogWorker was interrupted, exiting. There are 0 tasks remaining in the queue.
2019-09-25 03:45:23,419 [ForkJoinPool.commonPool-worker-1] INFO  impl.PendingRequests (PendingRequests.java:sendNotLeaderResponses(202)) - d82d563c-708d-4b1b-bd19-b9ed0ca17f6c-PendingRequests: sendNotLeaderResponses
2019-09-25 03:45:23,419 [main] INFO  segmented.SegmentedRaftLogWorker (SegmentedRaftLogWorker.java:close(228)) - 0d193d2d-ce27-4ace-8d68-2a8197cbc29b@group-AC97CB3CB514-SegmentedRaftLogWorker close()
2019-09-25 03:45:23,420 [ForkJoinPool.commonPool-worker-1] INFO  impl.StateMachineUpdater (StateMachineUpdater.java:stopAndJoin(125)) - d82d563c-708d-4b1b-bd19-b9ed0ca17f6c@group-D5AF6080A44C-StateMachineUpdater: set stopIndex = 0
2019-09-25 03:45:23,420 [main] INFO  server.GrpcService (GrpcService.java:closeImpl(164)) - 0d193d2d-ce27-4ace-8d68-2a8197cbc29b: shutdown server with port 44030 now
2019-09-25 03:45:23,421 [ForkJoinPool.commonPool-worker-1] INFO  impl.RaftServerImpl (ServerState.java:close(385)) - d82d563c-708d-4b1b-bd19-b9ed0ca17f6c@group-D5AF6080A44C: closes. applyIndex: 0
2019-09-25 03:45:23,423 [d82d563c-708d-4b1b-bd19-b9ed0ca17f6c@group-D5AF6080A44C-SegmentedRaftLogWorker] INFO  segmented.SegmentedRaftLogWorker (SegmentedRaftLogWorker.java:run(313)) - d82d563c-708d-4b1b-bd19-b9ed0ca17f6c@group-D5AF6080A44C-SegmentedRaftLogWorker was interrupted, exiting. There are 0 tasks remaining in the queue.
2019-09-25 03:45:23,423 [main] INFO  server.GrpcService (GrpcService.java:closeImpl(172)) - 0d193d2d-ce27-4ace-8d68-2a8197cbc29b: shutdown server with port 44030 successfully
2019-09-25 03:45:23,424 [ForkJoinPool.commonPool-worker-1] INFO  segmented.SegmentedRaftLogWorker (SegmentedRaftLogWorker.java:close(228)) - d82d563c-708d-4b1b-bd19-b9ed0ca17f6c@group-D5AF6080A44C-SegmentedRaftLogWorker close()
2019-09-25 03:45:23,424 [ForkJoinPool.commonPool-worker-1] INFO  server.GrpcService (GrpcService.java:closeImpl(164)) - d82d563c-708d-4b1b-bd19-b9ed0ca17f6c: shutdown server with port 45085 now
2019-09-25 03:45:23,426 [ForkJoinPool.commonPool-worker-1] INFO  server.GrpcService (GrpcService.java:closeImpl(172)) - d82d563c-708d-4b1b-bd19-b9ed0ca17f6c: shutdown server with port 45085 successfully
2019-09-25 03:45:23,428 [refreshUsed-/workdir/hadoop-ozone/integration-test/target/test-dir/MiniOzoneClusterImpl-87ec6964-4cbb-4ea4-8c8c-f74cd58bfd83/datanode-0/data/containers] WARN  fs.CachingGetSpaceUsed (CachingGetSpaceUsed.java:run(183)) - Thread Interrupted waiting to refresh disk information: sleep interrupted
2019-09-25 03:45:23,440 [refreshUsed-/workdir/hadoop-ozone/integration-test/target/test-dir/MiniOzoneClusterImpl-87ec6964-4cbb-4ea4-8c8c-f74cd58bfd83/datanode-3/data/containers] WARN  fs.CachingGetSpaceUsed (CachingGetSpaceUsed.java:run(183)) - Thread Interrupted waiting to refresh disk information: sleep interrupted
2019-09-25 03:45:23,455 [ForkJoinPool.commonPool-worker-1] INFO  utils.BackgroundService (BackgroundService.java:shutdown(148)) - Shutting down service BlockDeletingService
2019-09-25 03:45:23,457 [ForkJoinPool.commonPool-worker-1] INFO  statemachine.DatanodeStateMachine (DatanodeStateMachine.java:stopDaemon(395)) - Ozone container server stopped.
2019-09-25 03:45:23,461 [main] INFO  utils.BackgroundService (BackgroundService.java:shutdown(148)) - Shutting down service BlockDeletingService
2019-09-25 03:45:23,461 [ForkJoinPool.commonPool-worker-1] INFO  handler.ContextHandler (ContextHandler.java:doStop(910)) - Stopped o.e.j.w.WebAppContext@4993febc{/,null,UNAVAILABLE}{/hddsDatanode}
2019-09-25 03:45:23,463 [main] INFO  statemachine.DatanodeStateMachine (DatanodeStateMachine.java:stopDaemon(395)) - Ozone container server stopped.
2019-09-25 03:45:23,464 [ForkJoinPool.commonPool-worker-1] INFO  server.AbstractConnector (AbstractConnector.java:doStop(318)) - Stopped ServerConnector@7601bc96{HTTP/1.1,[http/1.1]}{0.0.0.0:0}
2019-09-25 03:45:23,465 [ForkJoinPool.commonPool-worker-1] INFO  handler.ContextHandler (ContextHandler.java:doStop(910)) - Stopped o.e.j.s.ServletContextHandler@c2584d3{/static,jar:file:/home/user/.m2/repository/org/apache/hadoop/hadoop-hdds-container-service/0.5.0-SNAPSHOT/hadoop-hdds-container-service-0.5.0-SNAPSHOT.jar!/webapps/static,UNAVAILABLE}
2019-09-25 03:45:23,465 [main] INFO  handler.ContextHandler (ContextHandler.java:doStop(910)) - Stopped o.e.j.w.WebAppContext@670b3ca{/,null,UNAVAILABLE}{/hddsDatanode}
2019-09-25 03:45:23,466 [ForkJoinPool.commonPool-worker-1] INFO  handler.ContextHandler (ContextHandler.java:doStop(910)) - Stopped o.e.j.s.ServletContextHandler@4cb2918c{/logs,file:///workdir/hadoop-ozone/integration-test/target/log,UNAVAILABLE}
2019-09-25 03:45:23,467 [main] INFO  server.AbstractConnector (AbstractConnector.java:doStop(318)) - Stopped ServerConnector@24a86066{HTTP/1.1,[http/1.1]}{0.0.0.0:0}
2019-09-25 03:45:23,467 [main] INFO  handler.ContextHandler (ContextHandler.java:doStop(910)) - Stopped o.e.j.s.ServletContextHandler@7f6874f2{/static,jar:file:/home/user/.m2/repository/org/apache/hadoop/hadoop-hdds-container-service/0.5.0-SNAPSHOT/hadoop-hdds-container-service-0.5.0-SNAPSHOT.jar!/webapps/static,UNAVAILABLE}
2019-09-25 03:45:23,468 [main] INFO  handler.ContextHandler (ContextHandler.java:doStop(910)) - Stopped o.e.j.s.ServletContextHandler@48976e6d{/logs,file:///workdir/hadoop-ozone/integration-test/target/log,UNAVAILABLE}
2019-09-25 03:45:23,469 [main] INFO  ozone.MiniOzoneClusterImpl (MiniOzoneClusterImpl.java:stopSCM(392)) - Stopping the StorageContainerManager
2019-09-25 03:45:23,469 [main] INFO  server.StorageContainerManager (StorageContainerManager.java:stop(808)) - Stopping Replication Manager Service.
2019-09-25 03:45:23,469 [main] INFO  container.ReplicationManager (ReplicationManager.java:stop(204)) - Stopping Replication Monitor Thread.
2019-09-25 03:45:23,469 [main] INFO  server.StorageContainerManager (StorageContainerManager.java:stop(815)) - Stopping Lease Manager of the command watchers
2019-09-25 03:45:23,470 [main] INFO  server.StorageContainerManager (StorageContainerManager.java:stop(822)) - Stopping datanode service RPC server
2019-09-25 03:45:23,470 [main] INFO  server.SCMDatanodeProtocolServer (SCMDatanodeProtocolServer.java:stop(367)) - Stopping the RPC server for DataNodes
2019-09-25 03:45:23,470 [main] INFO  ipc.Server (Server.java:stop(3082)) - Stopping server on 44192
2019-09-25 03:45:23,472 [IPC Server listener on 44192] INFO  ipc.Server (Server.java:run(1185)) - Stopping IPC Server listener on 44192
2019-09-25 03:45:23,473 [IPC Server Responder] INFO  ipc.Server (Server.java:run(1319)) - Stopping IPC Server Responder
2019-09-25 03:45:23,565 [SCM Heartbeat Processing Thread - 0] WARN  node.NodeStateManager (NodeStateManager.java:scheduleNextHealthCheck(655)) - Current Thread is interrupted, shutting down HB processing thread for Node Manager.
2019-09-25 03:45:23,566 [main] INFO  server.StorageContainerManager (StorageContainerManager.java:stop(830)) - Stopping block service RPC server
2019-09-25 03:45:23,566 [main] INFO  server.SCMBlockProtocolServer (SCMBlockProtocolServer.java:stop(155)) - Stopping the RPC server for Block Protocol
2019-09-25 03:45:23,566 [main] INFO  ipc.Server (Server.java:stop(3082)) - Stopping server on 41684
2019-09-25 03:45:23,568 [main] INFO  server.StorageContainerManager (StorageContainerManager.java:stop(837)) - Stopping the StorageContainerLocationProtocol RPC server
2019-09-25 03:45:23,569 [main] INFO  server.SCMClientProtocolServer (SCMClientProtocolServer.java:stop(159)) - Stopping the RPC server for Client Protocol
2019-09-25 03:45:23,569 [IPC Server Responder] INFO  ipc.Server (Server.java:run(1319)) - Stopping IPC Server Responder
2019-09-25 03:45:23,569 [IPC Server listener on 41684] INFO  ipc.Server (Server.java:run(1185)) - Stopping IPC Server listener on 41684
2019-09-25 03:45:23,569 [main] INFO  ipc.Server (Server.java:stop(3082)) - Stopping server on 37027
2019-09-25 03:45:23,570 [IPC Server listener on 37027] INFO  ipc.Server (Server.java:run(1185)) - Stopping IPC Server listener on 37027
2019-09-25 03:45:23,570 [main] INFO  server.StorageContainerManager (StorageContainerManager.java:stop(844)) - Stopping Storage Container Manager HTTP server.
2019-09-25 03:45:23,572 [main] INFO  handler.ContextHandler (ContextHandler.java:doStop(910)) - Stopped o.e.j.w.WebAppContext@69f63d95{/,null,UNAVAILABLE}{/scm}
2019-09-25 03:45:23,573 [IPC Server Responder] INFO  ipc.Server (Server.java:run(1319)) - Stopping IPC Server Responder
2019-09-25 03:45:23,573 [main] INFO  server.AbstractConnector (AbstractConnector.java:doStop(318)) - Stopped ServerConnector@72c927f1{HTTP/1.1,[http/1.1]}{0.0.0.0:0}
2019-09-25 03:45:23,574 [main] INFO  handler.ContextHandler (ContextHandler.java:doStop(910)) - Stopped o.e.j.s.ServletContextHandler@71cf1b07{/static,file:///workdir/hadoop-ozone/integration-test/target/test-classes/webapps/static,UNAVAILABLE}
2019-09-25 03:45:23,574 [main] INFO  handler.ContextHandler (ContextHandler.java:doStop(910)) - Stopped o.e.j.s.ServletContextHandler@3e821657{/logs,file:///workdir/hadoop-ozone/integration-test/target/log,UNAVAILABLE}
2019-09-25 03:45:23,576 [main] INFO  server.StorageContainerManager (StorageContainerManager.java:stop(855)) - Stopping Block Manager Service.
2019-09-25 03:45:23,576 [main] INFO  utils.BackgroundService (BackgroundService.java:shutdown(148)) - Shutting down service SCMBlockDeletingService
2019-09-25 03:45:23,577 [main] INFO  utils.BackgroundService (BackgroundService.java:shutdown(148)) - Shutting down service SCMBlockDeletingService
2019-09-25 03:45:23,577 [main] INFO  server.StorageContainerManager (StorageContainerManager.java:stop(877)) - Stopping SCM Event Queue.
2019-09-25 03:45:23,584 [main] INFO  impl.MetricsSystemImpl (MetricsSystemImpl.java:stop(210)) - Stopping HddsDatanode metrics system...
2019-09-25 03:45:23,595 [prometheus] INFO  impl.MetricsSinkAdapter (MetricsSinkAdapter.java:publishMetricsFromQueue(141)) - prometheus thread interrupted.
2019-09-25 03:45:23,595 [main] INFO  impl.MetricsSystemImpl (MetricsSystemImpl.java:stop(216)) - HddsDatanode metrics system stopped.
]]></system-out>
    <system-err><![CDATA[ERROR StatusLogger No Log4j 2 configuration file found. Using default configuration (logging only errors to the console), or user programmatically provided configurations. Set system property 'log4j2.debug' to show Log4j 2 internal initialization logging. See https://logging.apache.org/log4j/2.x/manual/configuration.html for instructions on how to configure Log4j 2
]]></system-err>
  </testcase>
</testsuite>