<?xml version="1.0" encoding="UTF-8"?>
<testsuite xmlns:xsi="http://www.w3.org/2001/XMLSchema-instance" xsi:noNamespaceSchemaLocation="https://maven.apache.org/surefire/maven-surefire-plugin/xsd/surefire-test-report.xsd" name="org.apache.hadoop.ozone.client.rpc.TestBlockOutputStreamWithFailures" time="729.42" tests="8" errors="0" skipped="0" failures="1">
  <properties>
    <property name="awt.toolkit" value="sun.awt.X11.XToolkit"/>
    <property name="file.encoding.pkg" value="sun.io"/>
    <property name="java.specification.version" value="1.8"/>
    <property name="sun.cpu.isalist" value=""/>
    <property name="sun.jnu.encoding" value="UTF-8"/>
    <property name="java.class.path" value="/workdir/hadoop-ozone/integration-test/target/test-classes:/workdir/hadoop-ozone/integration-test/target/classes:/home/user/.m2/repository/org/apache/hadoop/hadoop-ozone-common/0.5.0-SNAPSHOT/hadoop-ozone-common-0.5.0-SNAPSHOT.jar:/home/user/.m2/repository/org/apache/commons/commons-compress/1.4.1/commons-compress-1.4.1.jar:/home/user/.m2/repository/org/tukaani/xz/1.0/xz-1.0.jar:/home/user/.m2/repository/org/apache/hadoop/hadoop-common/3.2.0/hadoop-common-3.2.0.jar:/home/user/.m2/repository/org/apache/hadoop/hadoop-hdfs/3.2.0/hadoop-hdfs-3.2.0.jar:/home/user/.m2/repository/org/apache/hadoop/hadoop-hdfs-client/3.2.0/hadoop-hdfs-client-3.2.0.jar:/home/user/.m2/repository/com/fasterxml/jackson/core/jackson-annotations/2.9.9/jackson-annotations-2.9.9.jar:/home/user/.m2/repository/org/apache/hadoop/hadoop-hdds-common/0.5.0-SNAPSHOT/hadoop-hdds-common-0.5.0-SNAPSHOT.jar:/home/user/.m2/repository/javax/annotation/javax.annotation-api/1.2/javax.annotation-api-1.2.jar:/home/user/.m2/repository/org/apache/ratis/ratis-server/0.4.0/ratis-server-0.4.0.jar:/home/user/.m2/repository/org/apache/ratis/ratis-thirdparty-misc/0.2.0/ratis-thirdparty-misc-0.2.0.jar:/home/user/.m2/repository/org/apache/ratis/ratis-proto/0.4.0/ratis-proto-0.4.0.jar:/home/user/.m2/repository/org/apache/ratis/ratis-common/0.4.0/ratis-common-0.4.0.jar:/home/user/.m2/repository/org/apache/ratis/ratis-client/0.4.0/ratis-client-0.4.0.jar:/home/user/.m2/repository/org/apache/ratis/ratis-metrics/0.4.0/ratis-metrics-0.4.0.jar:/home/user/.m2/repository/com/github/joshelser/dropwizard-metrics-hadoop-metrics2-reporter/0.1.2/dropwizard-metrics-hadoop-metrics2-reporter-0.1.2.jar:/home/user/.m2/repository/io/dropwizard/metrics/metrics-jvm/3.2.5/metrics-jvm-3.2.5.jar:/home/user/.m2/repository/io/dropwizard/metrics/metrics-ganglia/3.2.5/metrics-ganglia-3.2.5.jar:/home/user/.m2/repository/info/ganglia/gmetric4j/gmetric4j/1.0.7/gmetric4j-1.0.7.jar:/home/user/.m2/repository/org/apache/ratis/ratis-netty/0.4.0/ratis-netty-0.4.0.jar:/home/user/.m2/repository/org/apache/ratis/ratis-grpc/0.4.0/ratis-grpc-0.4.0.jar:/home/user/.m2/repository/org/rocksdb/rocksdbjni/6.0.1/rocksdbjni-6.0.1.jar:/home/user/.m2/repository/org/apache/logging/log4j/log4j-api/2.11.0/log4j-api-2.11.0.jar:/home/user/.m2/repository/org/apache/logging/log4j/log4j-core/2.11.0/log4j-core-2.11.0.jar:/home/user/.m2/repository/com/lmax/disruptor/3.4.2/disruptor-3.4.2.jar:/home/user/.m2/repository/org/apache/commons/commons-pool2/2.6.0/commons-pool2-2.6.0.jar:/home/user/.m2/repository/org/bouncycastle/bcpkix-jdk15on/1.60/bcpkix-jdk15on-1.60.jar:/home/user/.m2/repository/commons-validator/commons-validator/1.6/commons-validator-1.6.jar:/home/user/.m2/repository/commons-digester/commons-digester/1.8.1/commons-digester-1.8.1.jar:/home/user/.m2/repository/io/jaegertracing/jaeger-client/0.34.0/jaeger-client-0.34.0.jar:/home/user/.m2/repository/io/jaegertracing/jaeger-thrift/0.34.0/jaeger-thrift-0.34.0.jar:/home/user/.m2/repository/org/apache/thrift/libthrift/0.12.0/libthrift-0.12.0.jar:/home/user/.m2/repository/com/squareup/okhttp3/okhttp/3.9.0/okhttp-3.9.0.jar:/home/user/.m2/repository/com/squareup/okio/okio/1.13.0/okio-1.13.0.jar:/home/user/.m2/repository/io/jaegertracing/jaeger-core/0.34.0/jaeger-core-0.34.0.jar:/home/user/.m2/repository/io/jaegertracing/jaeger-tracerresolver/0.34.0/jaeger-tracerresolver-0.34.0.jar:/home/user/.m2/repository/io/opentracing/contrib/opentracing-tracerresolver/0.1.5/opentracing-tracerresolver-0.1.5.jar:/home/user/.m2/repository/io/opentracing/opentracing-util/0.31.0/opentracing-util-0.31.0.jar:/home/user/.m2/repository/io/opentracing/opentracing-api/0.31.0/opentracing-api-0.31.0.jar:/home/user/.m2/repository/io/opentracing/opentracing-noop/0.31.0/opentracing-noop-0.31.0.jar:/home/user/.m2/repository/org/apache/hadoop/hadoop-hdds-server-framework/0.5.0-SNAPSHOT/hadoop-hdds-server-framework-0.5.0-SNAPSHOT.jar:/home/user/.m2/repository/org/apache/hadoop/hadoop-hdds-container-service/0.5.0-SNAPSHOT/hadoop-hdds-container-service-0.5.0-SNAPSHOT.jar:/home/user/.m2/repository/org/apache/hadoop/hadoop-hdds-client/0.5.0-SNAPSHOT/hadoop-hdds-client-0.5.0-SNAPSHOT.jar:/home/user/.m2/repository/org/apache/hadoop/hadoop-hdds-tools/0.5.0-SNAPSHOT/hadoop-hdds-tools-0.5.0-SNAPSHOT.jar:/home/user/.m2/repository/org/apache/hadoop/hadoop-hdds-server-scm/0.5.0-SNAPSHOT/hadoop-hdds-server-scm-0.5.0-SNAPSHOT.jar:/home/user/.m2/repository/org/apache/hadoop/hadoop-hdds-docs/0.5.0-SNAPSHOT/hadoop-hdds-docs-0.5.0-SNAPSHOT.jar:/home/user/.m2/repository/io/dropwizard/metrics/metrics-core/3.2.4/metrics-core-3.2.4.jar:/home/user/.m2/repository/org/hamcrest/hamcrest-all/1.3/hamcrest-all-1.3.jar:/home/user/.m2/repository/org/bouncycastle/bcprov-jdk15on/1.60/bcprov-jdk15on-1.60.jar:/home/user/.m2/repository/info/picocli/picocli/3.9.6/picocli-3.9.6.jar:/home/user/.m2/repository/com/google/protobuf/protobuf-java/2.5.0/protobuf-java-2.5.0.jar:/home/user/.m2/repository/com/google/guava/guava/11.0.2/guava-11.0.2.jar:/home/user/.m2/repository/org/apache/hadoop/hadoop-ozone-ozone-manager/0.5.0-SNAPSHOT/hadoop-ozone-ozone-manager-0.5.0-SNAPSHOT.jar:/home/user/.m2/repository/org/apache/hadoop/hadoop-minikdc/3.2.0/hadoop-minikdc-3.2.0.jar:/home/user/.m2/repository/commons-io/commons-io/2.5/commons-io-2.5.jar:/home/user/.m2/repository/org/apache/kerby/kerb-simplekdc/1.0.1/kerb-simplekdc-1.0.1.jar:/home/user/.m2/repository/org/apache/kerby/kerb-client/1.0.1/kerb-client-1.0.1.jar:/home/user/.m2/repository/org/apache/kerby/kerby-config/1.0.1/kerby-config-1.0.1.jar:/home/user/.m2/repository/org/apache/kerby/kerb-core/1.0.1/kerb-core-1.0.1.jar:/home/user/.m2/repository/org/apache/kerby/kerby-pkix/1.0.1/kerby-pkix-1.0.1.jar:/home/user/.m2/repository/org/apache/kerby/kerby-asn1/1.0.1/kerby-asn1-1.0.1.jar:/home/user/.m2/repository/org/apache/kerby/kerby-util/1.0.1/kerby-util-1.0.1.jar:/home/user/.m2/repository/org/apache/kerby/kerb-common/1.0.1/kerb-common-1.0.1.jar:/home/user/.m2/repository/org/apache/kerby/kerb-crypto/1.0.1/kerb-crypto-1.0.1.jar:/home/user/.m2/repository/org/apache/kerby/kerb-util/1.0.1/kerb-util-1.0.1.jar:/home/user/.m2/repository/org/apache/kerby/token-provider/1.0.1/token-provider-1.0.1.jar:/home/user/.m2/repository/org/apache/kerby/kerb-admin/1.0.1/kerb-admin-1.0.1.jar:/home/user/.m2/repository/org/apache/kerby/kerb-server/1.0.1/kerb-server-1.0.1.jar:/home/user/.m2/repository/org/apache/kerby/kerb-identity/1.0.1/kerb-identity-1.0.1.jar:/home/user/.m2/repository/org/apache/kerby/kerby-xdr/1.0.1/kerby-xdr-1.0.1.jar:/home/user/.m2/repository/org/slf4j/slf4j-log4j12/1.7.25/slf4j-log4j12-1.7.25.jar:/home/user/.m2/repository/org/apache/hadoop/hadoop-ozone-s3gateway/0.5.0-SNAPSHOT/hadoop-ozone-s3gateway-0.5.0-SNAPSHOT.jar:/home/user/.m2/repository/org/jboss/weld/servlet/weld-servlet/2.4.7.Final/weld-servlet-2.4.7.Final.jar:/home/user/.m2/repository/org/glassfish/jersey/containers/jersey-container-servlet-core/2.27/jersey-container-servlet-core-2.27.jar:/home/user/.m2/repository/org/glassfish/hk2/external/javax.inject/2.5.0-b42/javax.inject-2.5.0-b42.jar:/home/user/.m2/repository/org/glassfish/jersey/core/jersey-common/2.27/jersey-common-2.27.jar:/home/user/.m2/repository/org/glassfish/hk2/osgi-resource-locator/1.0.1/osgi-resource-locator-1.0.1.jar:/home/user/.m2/repository/javax/ws/rs/javax.ws.rs-api/2.1/javax.ws.rs-api-2.1.jar:/home/user/.m2/repository/org/glassfish/jersey/ext/cdi/jersey-cdi1x/2.27/jersey-cdi1x-2.27.jar:/home/user/.m2/repository/org/glassfish/jersey/inject/jersey-hk2/2.27/jersey-hk2-2.27.jar:/home/user/.m2/repository/org/glassfish/hk2/hk2-locator/2.5.0-b42/hk2-locator-2.5.0-b42.jar:/home/user/.m2/repository/org/javassist/javassist/3.22.0-CR2/javassist-3.22.0-CR2.jar:/home/user/.m2/repository/org/glassfish/hk2/hk2-api/2.5.0/hk2-api-2.5.0.jar:/home/user/.m2/repository/org/glassfish/hk2/external/jakarta.inject/2.5.0/jakarta.inject-2.5.0.jar:/home/user/.m2/repository/org/glassfish/hk2/hk2-utils/2.5.0/hk2-utils-2.5.0.jar:/home/user/.m2/repository/jakarta/annotation/jakarta.annotation-api/1.3.4/jakarta.annotation-api-1.3.4.jar:/home/user/.m2/repository/org/glassfish/hk2/external/aopalliance-repackaged/2.5.0/aopalliance-repackaged-2.5.0.jar:/home/user/.m2/repository/com/fasterxml/jackson/dataformat/jackson-dataformat-xml/2.9.0/jackson-dataformat-xml-2.9.0.jar:/home/user/.m2/repository/com/fasterxml/jackson/core/jackson-core/2.9.9/jackson-core-2.9.9.jar:/home/user/.m2/repository/com/fasterxml/jackson/module/jackson-module-jaxb-annotations/2.9.9/jackson-module-jaxb-annotations-2.9.9.jar:/home/user/.m2/repository/javax/enterprise/cdi-api/1.2/cdi-api-1.2.jar:/home/user/.m2/repository/javax/el/javax.el-api/3.0.0/javax.el-api-3.0.0.jar:/home/user/.m2/repository/javax/interceptor/javax.interceptor-api/1.2/javax.interceptor-api-1.2.jar:/home/user/.m2/repository/javax/inject/javax.inject/1/javax.inject-1.jar:/home/user/.m2/repository/com/sun/xml/bind/jaxb-impl/2.3.0.1/jaxb-impl-2.3.0.1.jar:/home/user/.m2/repository/com/sun/xml/bind/jaxb-core/2.3.0.1/jaxb-core-2.3.0.1.jar:/home/user/.m2/repository/javax/xml/bind/jaxb-api/2.3.0/jaxb-api-2.3.0.jar:/home/user/.m2/repository/javax/activation/activation/1.1.1/activation-1.1.1.jar:/home/user/.m2/repository/org/apache/hadoop/hadoop-ozone-csi/0.5.0-SNAPSHOT/hadoop-ozone-csi-0.5.0-SNAPSHOT.jar:/home/user/.m2/repository/com/google/protobuf/protobuf-java-util/3.5.1/protobuf-java-util-3.5.1.jar:/home/user/.m2/repository/org/apache/hadoop/hadoop-hdds-config/0.5.0-SNAPSHOT/hadoop-hdds-config-0.5.0-SNAPSHOT.jar:/home/user/.m2/repository/io/grpc/grpc-netty/1.17.1/grpc-netty-1.17.1.jar:/home/user/.m2/repository/io/grpc/grpc-core/1.17.1/grpc-core-1.17.1.jar:/home/user/.m2/repository/io/grpc/grpc-context/1.17.1/grpc-context-1.17.1.jar:/home/user/.m2/repository/com/google/errorprone/error_prone_annotations/2.2.0/error_prone_annotations-2.2.0.jar:/home/user/.m2/repository/org/codehaus/mojo/animal-sniffer-annotations/1.17/animal-sniffer-annotations-1.17.jar:/home/user/.m2/repository/io/opencensus/opencensus-api/0.17.0/opencensus-api-0.17.0.jar:/home/user/.m2/repository/io/opencensus/opencensus-contrib-grpc-metrics/0.17.0/opencensus-contrib-grpc-metrics-0.17.0.jar:/home/user/.m2/repository/io/netty/netty-codec-http2/4.1.30.Final/netty-codec-http2-4.1.30.Final.jar:/home/user/.m2/repository/io/netty/netty-codec-http/4.1.30.Final/netty-codec-http-4.1.30.Final.jar:/home/user/.m2/repository/io/netty/netty-codec/4.1.30.Final/netty-codec-4.1.30.Final.jar:/home/user/.m2/repository/io/netty/netty-handler/4.1.30.Final/netty-handler-4.1.30.Final.jar:/home/user/.m2/repository/io/netty/netty-handler-proxy/4.1.30.Final/netty-handler-proxy-4.1.30.Final.jar:/home/user/.m2/repository/io/netty/netty-codec-socks/4.1.30.Final/netty-codec-socks-4.1.30.Final.jar:/home/user/.m2/repository/io/netty/netty-transport-native-epoll/4.1.30.Final/netty-transport-native-epoll-4.1.30.Final.jar:/home/user/.m2/repository/io/netty/netty-common/4.1.30.Final/netty-common-4.1.30.Final.jar:/home/user/.m2/repository/io/netty/netty-buffer/4.1.30.Final/netty-buffer-4.1.30.Final.jar:/home/user/.m2/repository/io/netty/netty-transport/4.1.30.Final/netty-transport-4.1.30.Final.jar:/home/user/.m2/repository/io/netty/netty-resolver/4.1.30.Final/netty-resolver-4.1.30.Final.jar:/home/user/.m2/repository/io/netty/netty-transport-native-unix-common/4.1.30.Final/netty-transport-native-unix-common-4.1.30.Final.jar:/home/user/.m2/repository/io/grpc/grpc-protobuf/1.17.1/grpc-protobuf-1.17.1.jar:/home/user/.m2/repository/com/google/api/grpc/proto-google-common-protos/1.0.0/proto-google-common-protos-1.0.0.jar:/home/user/.m2/repository/io/grpc/grpc-protobuf-lite/1.17.1/grpc-protobuf-lite-1.17.1.jar:/home/user/.m2/repository/io/grpc/grpc-stub/1.17.1/grpc-stub-1.17.1.jar:/home/user/.m2/repository/org/apache/hadoop/hadoop-ozone-recon/0.5.0-SNAPSHOT/hadoop-ozone-recon-0.5.0-SNAPSHOT.jar:/home/user/.m2/repository/org/apache/hadoop/hadoop-ozone-reconcodegen/0.5.0-SNAPSHOT/hadoop-ozone-reconcodegen-0.5.0-SNAPSHOT.jar:/home/user/.m2/repository/com/google/inject/extensions/guice-multibindings/4.0/guice-multibindings-4.0.jar:/home/user/.m2/repository/com/google/inject/guice/4.0/guice-4.0.jar:/home/user/.m2/repository/aopalliance/aopalliance/1.0/aopalliance-1.0.jar:/home/user/.m2/repository/com/google/inject/extensions/guice-servlet/4.0/guice-servlet-4.0.jar:/home/user/.m2/repository/org/glassfish/jersey/containers/jersey-container-servlet/2.27/jersey-container-servlet-2.27.jar:/home/user/.m2/repository/org/glassfish/hk2/guice-bridge/2.5.0/guice-bridge-2.5.0.jar:/home/user/.m2/repository/org/glassfish/jersey/core/jersey-server/2.27/jersey-server-2.27.jar:/home/user/.m2/repository/org/glassfish/jersey/core/jersey-client/2.27/jersey-client-2.27.jar:/home/user/.m2/repository/org/glassfish/jersey/media/jersey-media-jaxb/2.27/jersey-media-jaxb-2.27.jar:/home/user/.m2/repository/javax/validation/validation-api/1.1.0.Final/validation-api-1.1.0.Final.jar:/home/user/.m2/repository/org/glassfish/jersey/media/jersey-media-json-jackson/2.27/jersey-media-json-jackson-2.27.jar:/home/user/.m2/repository/org/glassfish/jersey/ext/jersey-entity-filtering/2.27/jersey-entity-filtering-2.27.jar:/home/user/.m2/repository/com/google/inject/extensions/guice-assistedinject/4.0/guice-assistedinject-4.0.jar:/home/user/.m2/repository/org/jooq/jooq/3.11.10/jooq-3.11.10.jar:/home/user/.m2/repository/org/jooq/jooq-meta/3.11.10/jooq-meta-3.11.10.jar:/home/user/.m2/repository/org/jooq/jooq-codegen/3.11.10/jooq-codegen-3.11.10.jar:/home/user/.m2/repository/com/jolbox/bonecp/0.8.0.RELEASE/bonecp-0.8.0.RELEASE.jar:/home/user/.m2/repository/org/xerial/sqlite-jdbc/3.25.2/sqlite-jdbc-3.25.2.jar:/home/user/.m2/repository/org/springframework/spring-jdbc/5.1.3.RELEASE/spring-jdbc-5.1.3.RELEASE.jar:/home/user/.m2/repository/org/springframework/spring-beans/5.1.3.RELEASE/spring-beans-5.1.3.RELEASE.jar:/home/user/.m2/repository/org/springframework/spring-core/5.1.3.RELEASE/spring-core-5.1.3.RELEASE.jar:/home/user/.m2/repository/org/springframework/spring-jcl/5.1.3.RELEASE/spring-jcl-5.1.3.RELEASE.jar:/home/user/.m2/repository/org/springframework/spring-tx/5.1.3.RELEASE/spring-tx-5.1.3.RELEASE.jar:/home/user/.m2/repository/org/apache/hadoop/hadoop-ozone-client/0.5.0-SNAPSHOT/hadoop-ozone-client-0.5.0-SNAPSHOT.jar:/home/user/.m2/repository/commons-lang/commons-lang/2.6/commons-lang-2.6.jar:/home/user/.m2/repository/org/apache/hadoop/hadoop-ozone-ozone-manager/0.5.0-SNAPSHOT/hadoop-ozone-ozone-manager-0.5.0-SNAPSHOT-tests.jar:/home/user/.m2/repository/junit/junit/4.11/junit-4.11.jar:/home/user/.m2/repository/org/hamcrest/hamcrest-core/1.3/hamcrest-core-1.3.jar:/home/user/.m2/repository/org/openjdk/jmh/jmh-core/1.19/jmh-core-1.19.jar:/home/user/.m2/repository/net/sf/jopt-simple/jopt-simple/4.6/jopt-simple-4.6.jar:/home/user/.m2/repository/org/apache/commons/commons-math3/3.1.1/commons-math3-3.1.1.jar:/home/user/.m2/repository/org/openjdk/jmh/jmh-generator-annprocess/1.19/jmh-generator-annprocess-1.19.jar:/home/user/.m2/repository/org/mockito/mockito-all/1.8.5/mockito-all-1.8.5.jar:/home/user/.m2/repository/org/apache/hadoop/hadoop-kms/3.2.0/hadoop-kms-3.2.0.jar:/home/user/.m2/repository/org/apache/hadoop/hadoop-auth/3.2.0/hadoop-auth-3.2.0.jar:/home/user/.m2/repository/com/nimbusds/nimbus-jose-jwt/4.41.1/nimbus-jose-jwt-4.41.1.jar:/home/user/.m2/repository/com/github/stephenc/jcip/jcip-annotations/1.0-1/jcip-annotations-1.0-1.jar:/home/user/.m2/repository/net/minidev/json-smart/2.3/json-smart-2.3.jar:/home/user/.m2/repository/net/minidev/accessors-smart/1.2/accessors-smart-1.2.jar:/home/user/.m2/repository/org/ow2/asm/asm/5.0.4/asm-5.0.4.jar:/home/user/.m2/repository/org/apache/curator/curator-framework/2.12.0/curator-framework-2.12.0.jar:/home/user/.m2/repository/com/sun/jersey/jersey-core/1.19/jersey-core-1.19.jar:/home/user/.m2/repository/javax/ws/rs/jsr311-api/1.1.1/jsr311-api-1.1.1.jar:/home/user/.m2/repository/com/sun/jersey/jersey-server/1.19/jersey-server-1.19.jar:/home/user/.m2/repository/javax/servlet/javax.servlet-api/3.1.0/javax.servlet-api-3.1.0.jar:/home/user/.m2/repository/org/eclipse/jetty/jetty-server/9.3.25.v20180904/jetty-server-9.3.25.v20180904.jar:/home/user/.m2/repository/org/eclipse/jetty/jetty-http/9.3.25.v20180904/jetty-http-9.3.25.v20180904.jar:/home/user/.m2/repository/org/eclipse/jetty/jetty-io/9.3.25.v20180904/jetty-io-9.3.25.v20180904.jar:/home/user/.m2/repository/org/eclipse/jetty/jetty-webapp/9.3.25.v20180904/jetty-webapp-9.3.25.v20180904.jar:/home/user/.m2/repository/org/eclipse/jetty/jetty-xml/9.3.25.v20180904/jetty-xml-9.3.25.v20180904.jar:/home/user/.m2/repository/log4j/log4j/1.2.17/log4j-1.2.17.jar:/home/user/.m2/repository/org/slf4j/slf4j-api/1.7.25/slf4j-api-1.7.25.jar:/home/user/.m2/repository/org/slf4j/jul-to-slf4j/1.7.25/jul-to-slf4j-1.7.25.jar:/home/user/.m2/repository/org/eclipse/jetty/jetty-util/9.3.25.v20180904/jetty-util-9.3.25.v20180904.jar:/home/user/.m2/repository/com/fasterxml/jackson/core/jackson-databind/2.9.9/jackson-databind-2.9.9.jar:/home/user/.m2/repository/org/apache/hadoop/hadoop-kms/3.2.0/hadoop-kms-3.2.0-tests.jar:/home/user/.m2/repository/org/apache/hadoop/hadoop-hdds-server-scm/0.5.0-SNAPSHOT/hadoop-hdds-server-scm-0.5.0-SNAPSHOT-tests.jar:/home/user/.m2/repository/org/apache/hadoop/hadoop-hdds-container-service/0.5.0-SNAPSHOT/hadoop-hdds-container-service-0.5.0-SNAPSHOT-tests.jar:/home/user/.m2/repository/org/yaml/snakeyaml/1.16/snakeyaml-1.16.jar:/home/user/.m2/repository/org/apache/hadoop/hadoop-common/3.2.0/hadoop-common-3.2.0-tests.jar:/home/user/.m2/repository/org/apache/hadoop/hadoop-annotations/3.2.0/hadoop-annotations-3.2.0.jar:/usr/lib/jvm/java-1.8-openjdk/jre/../lib/tools.jar:/home/user/.m2/repository/commons-cli/commons-cli/1.2/commons-cli-1.2.jar:/home/user/.m2/repository/org/apache/httpcomponents/httpclient/4.5.2/httpclient-4.5.2.jar:/home/user/.m2/repository/org/apache/httpcomponents/httpcore/4.4.4/httpcore-4.4.4.jar:/home/user/.m2/repository/commons-codec/commons-codec/1.11/commons-codec-1.11.jar:/home/user/.m2/repository/commons-net/commons-net/3.6/commons-net-3.6.jar:/home/user/.m2/repository/commons-collections/commons-collections/3.2.2/commons-collections-3.2.2.jar:/home/user/.m2/repository/org/eclipse/jetty/jetty-servlet/9.3.25.v20180904/jetty-servlet-9.3.25.v20180904.jar:/home/user/.m2/repository/org/eclipse/jetty/jetty-security/9.3.25.v20180904/jetty-security-9.3.25.v20180904.jar:/home/user/.m2/repository/javax/servlet/jsp/jsp-api/2.1/jsp-api-2.1.jar:/home/user/.m2/repository/com/sun/jersey/jersey-servlet/1.19/jersey-servlet-1.19.jar:/home/user/.m2/repository/com/sun/jersey/jersey-json/1.19/jersey-json-1.19.jar:/home/user/.m2/repository/org/codehaus/jettison/jettison/1.1/jettison-1.1.jar:/home/user/.m2/repository/org/codehaus/jackson/jackson-core-asl/1.9.13/jackson-core-asl-1.9.13.jar:/home/user/.m2/repository/org/codehaus/jackson/jackson-mapper-asl/1.9.13/jackson-mapper-asl-1.9.13.jar:/home/user/.m2/repository/org/codehaus/jackson/jackson-jaxrs/1.9.13/jackson-jaxrs-1.9.13.jar:/home/user/.m2/repository/org/codehaus/jackson/jackson-xc/1.9.13/jackson-xc-1.9.13.jar:/home/user/.m2/repository/commons-logging/commons-logging/1.1.3/commons-logging-1.1.3.jar:/home/user/.m2/repository/commons-beanutils/commons-beanutils/1.9.4/commons-beanutils-1.9.4.jar:/home/user/.m2/repository/org/apache/commons/commons-configuration2/2.1.1/commons-configuration2-2.1.1.jar:/home/user/.m2/repository/org/apache/commons/commons-lang3/3.7/commons-lang3-3.7.jar:/home/user/.m2/repository/org/apache/commons/commons-text/1.4/commons-text-1.4.jar:/home/user/.m2/repository/org/apache/avro/avro/1.7.7/avro-1.7.7.jar:/home/user/.m2/repository/com/thoughtworks/paranamer/paranamer/2.3/paranamer-2.3.jar:/home/user/.m2/repository/org/xerial/snappy/snappy-java/1.0.5/snappy-java-1.0.5.jar:/home/user/.m2/repository/com/google/re2j/re2j/1.1/re2j-1.1.jar:/home/user/.m2/repository/com/google/code/gson/gson/2.2.4/gson-2.2.4.jar:/home/user/.m2/repository/com/jcraft/jsch/0.1.54/jsch-0.1.54.jar:/home/user/.m2/repository/org/apache/curator/curator-client/2.12.0/curator-client-2.12.0.jar:/home/user/.m2/repository/org/apache/curator/curator-recipes/2.12.0/curator-recipes-2.12.0.jar:/home/user/.m2/repository/com/google/code/findbugs/jsr305/3.0.0/jsr305-3.0.0.jar:/home/user/.m2/repository/org/apache/htrace/htrace-core4/4.1.0-incubating/htrace-core4-4.1.0-incubating.jar:/home/user/.m2/repository/org/apache/zookeeper/zookeeper/3.4.13/zookeeper-3.4.13.jar:/home/user/.m2/repository/jline/jline/0.9.94/jline-0.9.94.jar:/home/user/.m2/repository/org/apache/yetus/audience-annotations/0.5.0/audience-annotations-0.5.0.jar:/home/user/.m2/repository/org/codehaus/woodstox/stax2-api/3.1.4/stax2-api-3.1.4.jar:/home/user/.m2/repository/com/fasterxml/woodstox/woodstox-core/5.0.3/woodstox-core-5.0.3.jar:/home/user/.m2/repository/dnsjava/dnsjava/2.1.7/dnsjava-2.1.7.jar:/home/user/.m2/repository/org/apache/hadoop/hadoop-hdfs/3.2.0/hadoop-hdfs-3.2.0-tests.jar:/home/user/.m2/repository/org/eclipse/jetty/jetty-util-ajax/9.3.25.v20180904/jetty-util-ajax-9.3.25.v20180904.jar:/home/user/.m2/repository/commons-daemon/commons-daemon/1.0.13/commons-daemon-1.0.13.jar:/home/user/.m2/repository/io/netty/netty/3.10.5.Final/netty-3.10.5.Final.jar:/home/user/.m2/repository/io/netty/netty-all/4.0.52.Final/netty-all-4.0.52.Final.jar:/home/user/.m2/repository/org/fusesource/leveldbjni/leveldbjni-all/1.8/leveldbjni-all-1.8.jar:"/>
    <property name="java.vm.vendor" value="IcedTea"/>
    <property name="sun.arch.data.model" value="64"/>
    <property name="test.build.dir" value="/workdir/hadoop-ozone/integration-test/target/test-dir"/>
    <property name="test.cache.data" value=""/>
    <property name="java.vendor.url" value="https://icedtea.classpath.org"/>
    <property name="user.timezone" value=""/>
    <property name="java.vm.specification.version" value="1.8"/>
    <property name="os.name" value="Linux"/>
    <property name="test.build.data" value="/workdir/hadoop-ozone/integration-test/target/test-dir"/>
    <property name="user.country" value="US"/>
    <property name="sun.java.launcher" value="SUN_STANDARD"/>
    <property name="sun.boot.library.path" value="/usr/lib/jvm/java-1.8-openjdk/jre/lib/amd64"/>
    <property name="sun.java.command" value="/workdir/hadoop-ozone/integration-test/target/surefire/surefirebooter4502515898829308258.jar /workdir/hadoop-ozone/integration-test/target/surefire 2019-09-24T10-45-47_222-jvmRun1 surefire6695212844955281932tmp surefire_221002385302084250817tmp"/>
    <property name="test" value="!TestMiniChaosOzoneCluster"/>
    <property name="surefire.test.class.path" value="/workdir/hadoop-ozone/integration-test/target/test-classes:/workdir/hadoop-ozone/integration-test/target/classes:/home/user/.m2/repository/org/apache/hadoop/hadoop-ozone-common/0.5.0-SNAPSHOT/hadoop-ozone-common-0.5.0-SNAPSHOT.jar:/home/user/.m2/repository/org/apache/commons/commons-compress/1.4.1/commons-compress-1.4.1.jar:/home/user/.m2/repository/org/tukaani/xz/1.0/xz-1.0.jar:/home/user/.m2/repository/org/apache/hadoop/hadoop-common/3.2.0/hadoop-common-3.2.0.jar:/home/user/.m2/repository/org/apache/hadoop/hadoop-hdfs/3.2.0/hadoop-hdfs-3.2.0.jar:/home/user/.m2/repository/org/apache/hadoop/hadoop-hdfs-client/3.2.0/hadoop-hdfs-client-3.2.0.jar:/home/user/.m2/repository/com/fasterxml/jackson/core/jackson-annotations/2.9.9/jackson-annotations-2.9.9.jar:/home/user/.m2/repository/org/apache/hadoop/hadoop-hdds-common/0.5.0-SNAPSHOT/hadoop-hdds-common-0.5.0-SNAPSHOT.jar:/home/user/.m2/repository/javax/annotation/javax.annotation-api/1.2/javax.annotation-api-1.2.jar:/home/user/.m2/repository/org/apache/ratis/ratis-server/0.4.0/ratis-server-0.4.0.jar:/home/user/.m2/repository/org/apache/ratis/ratis-thirdparty-misc/0.2.0/ratis-thirdparty-misc-0.2.0.jar:/home/user/.m2/repository/org/apache/ratis/ratis-proto/0.4.0/ratis-proto-0.4.0.jar:/home/user/.m2/repository/org/apache/ratis/ratis-common/0.4.0/ratis-common-0.4.0.jar:/home/user/.m2/repository/org/apache/ratis/ratis-client/0.4.0/ratis-client-0.4.0.jar:/home/user/.m2/repository/org/apache/ratis/ratis-metrics/0.4.0/ratis-metrics-0.4.0.jar:/home/user/.m2/repository/com/github/joshelser/dropwizard-metrics-hadoop-metrics2-reporter/0.1.2/dropwizard-metrics-hadoop-metrics2-reporter-0.1.2.jar:/home/user/.m2/repository/io/dropwizard/metrics/metrics-jvm/3.2.5/metrics-jvm-3.2.5.jar:/home/user/.m2/repository/io/dropwizard/metrics/metrics-ganglia/3.2.5/metrics-ganglia-3.2.5.jar:/home/user/.m2/repository/info/ganglia/gmetric4j/gmetric4j/1.0.7/gmetric4j-1.0.7.jar:/home/user/.m2/repository/org/apache/ratis/ratis-netty/0.4.0/ratis-netty-0.4.0.jar:/home/user/.m2/repository/org/apache/ratis/ratis-grpc/0.4.0/ratis-grpc-0.4.0.jar:/home/user/.m2/repository/org/rocksdb/rocksdbjni/6.0.1/rocksdbjni-6.0.1.jar:/home/user/.m2/repository/org/apache/logging/log4j/log4j-api/2.11.0/log4j-api-2.11.0.jar:/home/user/.m2/repository/org/apache/logging/log4j/log4j-core/2.11.0/log4j-core-2.11.0.jar:/home/user/.m2/repository/com/lmax/disruptor/3.4.2/disruptor-3.4.2.jar:/home/user/.m2/repository/org/apache/commons/commons-pool2/2.6.0/commons-pool2-2.6.0.jar:/home/user/.m2/repository/org/bouncycastle/bcpkix-jdk15on/1.60/bcpkix-jdk15on-1.60.jar:/home/user/.m2/repository/commons-validator/commons-validator/1.6/commons-validator-1.6.jar:/home/user/.m2/repository/commons-digester/commons-digester/1.8.1/commons-digester-1.8.1.jar:/home/user/.m2/repository/io/jaegertracing/jaeger-client/0.34.0/jaeger-client-0.34.0.jar:/home/user/.m2/repository/io/jaegertracing/jaeger-thrift/0.34.0/jaeger-thrift-0.34.0.jar:/home/user/.m2/repository/org/apache/thrift/libthrift/0.12.0/libthrift-0.12.0.jar:/home/user/.m2/repository/com/squareup/okhttp3/okhttp/3.9.0/okhttp-3.9.0.jar:/home/user/.m2/repository/com/squareup/okio/okio/1.13.0/okio-1.13.0.jar:/home/user/.m2/repository/io/jaegertracing/jaeger-core/0.34.0/jaeger-core-0.34.0.jar:/home/user/.m2/repository/io/jaegertracing/jaeger-tracerresolver/0.34.0/jaeger-tracerresolver-0.34.0.jar:/home/user/.m2/repository/io/opentracing/contrib/opentracing-tracerresolver/0.1.5/opentracing-tracerresolver-0.1.5.jar:/home/user/.m2/repository/io/opentracing/opentracing-util/0.31.0/opentracing-util-0.31.0.jar:/home/user/.m2/repository/io/opentracing/opentracing-api/0.31.0/opentracing-api-0.31.0.jar:/home/user/.m2/repository/io/opentracing/opentracing-noop/0.31.0/opentracing-noop-0.31.0.jar:/home/user/.m2/repository/org/apache/hadoop/hadoop-hdds-server-framework/0.5.0-SNAPSHOT/hadoop-hdds-server-framework-0.5.0-SNAPSHOT.jar:/home/user/.m2/repository/org/apache/hadoop/hadoop-hdds-container-service/0.5.0-SNAPSHOT/hadoop-hdds-container-service-0.5.0-SNAPSHOT.jar:/home/user/.m2/repository/org/apache/hadoop/hadoop-hdds-client/0.5.0-SNAPSHOT/hadoop-hdds-client-0.5.0-SNAPSHOT.jar:/home/user/.m2/repository/org/apache/hadoop/hadoop-hdds-tools/0.5.0-SNAPSHOT/hadoop-hdds-tools-0.5.0-SNAPSHOT.jar:/home/user/.m2/repository/org/apache/hadoop/hadoop-hdds-server-scm/0.5.0-SNAPSHOT/hadoop-hdds-server-scm-0.5.0-SNAPSHOT.jar:/home/user/.m2/repository/org/apache/hadoop/hadoop-hdds-docs/0.5.0-SNAPSHOT/hadoop-hdds-docs-0.5.0-SNAPSHOT.jar:/home/user/.m2/repository/io/dropwizard/metrics/metrics-core/3.2.4/metrics-core-3.2.4.jar:/home/user/.m2/repository/org/hamcrest/hamcrest-all/1.3/hamcrest-all-1.3.jar:/home/user/.m2/repository/org/bouncycastle/bcprov-jdk15on/1.60/bcprov-jdk15on-1.60.jar:/home/user/.m2/repository/info/picocli/picocli/3.9.6/picocli-3.9.6.jar:/home/user/.m2/repository/com/google/protobuf/protobuf-java/2.5.0/protobuf-java-2.5.0.jar:/home/user/.m2/repository/com/google/guava/guava/11.0.2/guava-11.0.2.jar:/home/user/.m2/repository/org/apache/hadoop/hadoop-ozone-ozone-manager/0.5.0-SNAPSHOT/hadoop-ozone-ozone-manager-0.5.0-SNAPSHOT.jar:/home/user/.m2/repository/org/apache/hadoop/hadoop-minikdc/3.2.0/hadoop-minikdc-3.2.0.jar:/home/user/.m2/repository/commons-io/commons-io/2.5/commons-io-2.5.jar:/home/user/.m2/repository/org/apache/kerby/kerb-simplekdc/1.0.1/kerb-simplekdc-1.0.1.jar:/home/user/.m2/repository/org/apache/kerby/kerb-client/1.0.1/kerb-client-1.0.1.jar:/home/user/.m2/repository/org/apache/kerby/kerby-config/1.0.1/kerby-config-1.0.1.jar:/home/user/.m2/repository/org/apache/kerby/kerb-core/1.0.1/kerb-core-1.0.1.jar:/home/user/.m2/repository/org/apache/kerby/kerby-pkix/1.0.1/kerby-pkix-1.0.1.jar:/home/user/.m2/repository/org/apache/kerby/kerby-asn1/1.0.1/kerby-asn1-1.0.1.jar:/home/user/.m2/repository/org/apache/kerby/kerby-util/1.0.1/kerby-util-1.0.1.jar:/home/user/.m2/repository/org/apache/kerby/kerb-common/1.0.1/kerb-common-1.0.1.jar:/home/user/.m2/repository/org/apache/kerby/kerb-crypto/1.0.1/kerb-crypto-1.0.1.jar:/home/user/.m2/repository/org/apache/kerby/kerb-util/1.0.1/kerb-util-1.0.1.jar:/home/user/.m2/repository/org/apache/kerby/token-provider/1.0.1/token-provider-1.0.1.jar:/home/user/.m2/repository/org/apache/kerby/kerb-admin/1.0.1/kerb-admin-1.0.1.jar:/home/user/.m2/repository/org/apache/kerby/kerb-server/1.0.1/kerb-server-1.0.1.jar:/home/user/.m2/repository/org/apache/kerby/kerb-identity/1.0.1/kerb-identity-1.0.1.jar:/home/user/.m2/repository/org/apache/kerby/kerby-xdr/1.0.1/kerby-xdr-1.0.1.jar:/home/user/.m2/repository/org/slf4j/slf4j-log4j12/1.7.25/slf4j-log4j12-1.7.25.jar:/home/user/.m2/repository/org/apache/hadoop/hadoop-ozone-s3gateway/0.5.0-SNAPSHOT/hadoop-ozone-s3gateway-0.5.0-SNAPSHOT.jar:/home/user/.m2/repository/org/jboss/weld/servlet/weld-servlet/2.4.7.Final/weld-servlet-2.4.7.Final.jar:/home/user/.m2/repository/org/glassfish/jersey/containers/jersey-container-servlet-core/2.27/jersey-container-servlet-core-2.27.jar:/home/user/.m2/repository/org/glassfish/hk2/external/javax.inject/2.5.0-b42/javax.inject-2.5.0-b42.jar:/home/user/.m2/repository/org/glassfish/jersey/core/jersey-common/2.27/jersey-common-2.27.jar:/home/user/.m2/repository/org/glassfish/hk2/osgi-resource-locator/1.0.1/osgi-resource-locator-1.0.1.jar:/home/user/.m2/repository/javax/ws/rs/javax.ws.rs-api/2.1/javax.ws.rs-api-2.1.jar:/home/user/.m2/repository/org/glassfish/jersey/ext/cdi/jersey-cdi1x/2.27/jersey-cdi1x-2.27.jar:/home/user/.m2/repository/org/glassfish/jersey/inject/jersey-hk2/2.27/jersey-hk2-2.27.jar:/home/user/.m2/repository/org/glassfish/hk2/hk2-locator/2.5.0-b42/hk2-locator-2.5.0-b42.jar:/home/user/.m2/repository/org/javassist/javassist/3.22.0-CR2/javassist-3.22.0-CR2.jar:/home/user/.m2/repository/org/glassfish/hk2/hk2-api/2.5.0/hk2-api-2.5.0.jar:/home/user/.m2/repository/org/glassfish/hk2/external/jakarta.inject/2.5.0/jakarta.inject-2.5.0.jar:/home/user/.m2/repository/org/glassfish/hk2/hk2-utils/2.5.0/hk2-utils-2.5.0.jar:/home/user/.m2/repository/jakarta/annotation/jakarta.annotation-api/1.3.4/jakarta.annotation-api-1.3.4.jar:/home/user/.m2/repository/org/glassfish/hk2/external/aopalliance-repackaged/2.5.0/aopalliance-repackaged-2.5.0.jar:/home/user/.m2/repository/com/fasterxml/jackson/dataformat/jackson-dataformat-xml/2.9.0/jackson-dataformat-xml-2.9.0.jar:/home/user/.m2/repository/com/fasterxml/jackson/core/jackson-core/2.9.9/jackson-core-2.9.9.jar:/home/user/.m2/repository/com/fasterxml/jackson/module/jackson-module-jaxb-annotations/2.9.9/jackson-module-jaxb-annotations-2.9.9.jar:/home/user/.m2/repository/javax/enterprise/cdi-api/1.2/cdi-api-1.2.jar:/home/user/.m2/repository/javax/el/javax.el-api/3.0.0/javax.el-api-3.0.0.jar:/home/user/.m2/repository/javax/interceptor/javax.interceptor-api/1.2/javax.interceptor-api-1.2.jar:/home/user/.m2/repository/javax/inject/javax.inject/1/javax.inject-1.jar:/home/user/.m2/repository/com/sun/xml/bind/jaxb-impl/2.3.0.1/jaxb-impl-2.3.0.1.jar:/home/user/.m2/repository/com/sun/xml/bind/jaxb-core/2.3.0.1/jaxb-core-2.3.0.1.jar:/home/user/.m2/repository/javax/xml/bind/jaxb-api/2.3.0/jaxb-api-2.3.0.jar:/home/user/.m2/repository/javax/activation/activation/1.1.1/activation-1.1.1.jar:/home/user/.m2/repository/org/apache/hadoop/hadoop-ozone-csi/0.5.0-SNAPSHOT/hadoop-ozone-csi-0.5.0-SNAPSHOT.jar:/home/user/.m2/repository/com/google/protobuf/protobuf-java-util/3.5.1/protobuf-java-util-3.5.1.jar:/home/user/.m2/repository/org/apache/hadoop/hadoop-hdds-config/0.5.0-SNAPSHOT/hadoop-hdds-config-0.5.0-SNAPSHOT.jar:/home/user/.m2/repository/io/grpc/grpc-netty/1.17.1/grpc-netty-1.17.1.jar:/home/user/.m2/repository/io/grpc/grpc-core/1.17.1/grpc-core-1.17.1.jar:/home/user/.m2/repository/io/grpc/grpc-context/1.17.1/grpc-context-1.17.1.jar:/home/user/.m2/repository/com/google/errorprone/error_prone_annotations/2.2.0/error_prone_annotations-2.2.0.jar:/home/user/.m2/repository/org/codehaus/mojo/animal-sniffer-annotations/1.17/animal-sniffer-annotations-1.17.jar:/home/user/.m2/repository/io/opencensus/opencensus-api/0.17.0/opencensus-api-0.17.0.jar:/home/user/.m2/repository/io/opencensus/opencensus-contrib-grpc-metrics/0.17.0/opencensus-contrib-grpc-metrics-0.17.0.jar:/home/user/.m2/repository/io/netty/netty-codec-http2/4.1.30.Final/netty-codec-http2-4.1.30.Final.jar:/home/user/.m2/repository/io/netty/netty-codec-http/4.1.30.Final/netty-codec-http-4.1.30.Final.jar:/home/user/.m2/repository/io/netty/netty-codec/4.1.30.Final/netty-codec-4.1.30.Final.jar:/home/user/.m2/repository/io/netty/netty-handler/4.1.30.Final/netty-handler-4.1.30.Final.jar:/home/user/.m2/repository/io/netty/netty-handler-proxy/4.1.30.Final/netty-handler-proxy-4.1.30.Final.jar:/home/user/.m2/repository/io/netty/netty-codec-socks/4.1.30.Final/netty-codec-socks-4.1.30.Final.jar:/home/user/.m2/repository/io/netty/netty-transport-native-epoll/4.1.30.Final/netty-transport-native-epoll-4.1.30.Final.jar:/home/user/.m2/repository/io/netty/netty-common/4.1.30.Final/netty-common-4.1.30.Final.jar:/home/user/.m2/repository/io/netty/netty-buffer/4.1.30.Final/netty-buffer-4.1.30.Final.jar:/home/user/.m2/repository/io/netty/netty-transport/4.1.30.Final/netty-transport-4.1.30.Final.jar:/home/user/.m2/repository/io/netty/netty-resolver/4.1.30.Final/netty-resolver-4.1.30.Final.jar:/home/user/.m2/repository/io/netty/netty-transport-native-unix-common/4.1.30.Final/netty-transport-native-unix-common-4.1.30.Final.jar:/home/user/.m2/repository/io/grpc/grpc-protobuf/1.17.1/grpc-protobuf-1.17.1.jar:/home/user/.m2/repository/com/google/api/grpc/proto-google-common-protos/1.0.0/proto-google-common-protos-1.0.0.jar:/home/user/.m2/repository/io/grpc/grpc-protobuf-lite/1.17.1/grpc-protobuf-lite-1.17.1.jar:/home/user/.m2/repository/io/grpc/grpc-stub/1.17.1/grpc-stub-1.17.1.jar:/home/user/.m2/repository/org/apache/hadoop/hadoop-ozone-recon/0.5.0-SNAPSHOT/hadoop-ozone-recon-0.5.0-SNAPSHOT.jar:/home/user/.m2/repository/org/apache/hadoop/hadoop-ozone-reconcodegen/0.5.0-SNAPSHOT/hadoop-ozone-reconcodegen-0.5.0-SNAPSHOT.jar:/home/user/.m2/repository/com/google/inject/extensions/guice-multibindings/4.0/guice-multibindings-4.0.jar:/home/user/.m2/repository/com/google/inject/guice/4.0/guice-4.0.jar:/home/user/.m2/repository/aopalliance/aopalliance/1.0/aopalliance-1.0.jar:/home/user/.m2/repository/com/google/inject/extensions/guice-servlet/4.0/guice-servlet-4.0.jar:/home/user/.m2/repository/org/glassfish/jersey/containers/jersey-container-servlet/2.27/jersey-container-servlet-2.27.jar:/home/user/.m2/repository/org/glassfish/hk2/guice-bridge/2.5.0/guice-bridge-2.5.0.jar:/home/user/.m2/repository/org/glassfish/jersey/core/jersey-server/2.27/jersey-server-2.27.jar:/home/user/.m2/repository/org/glassfish/jersey/core/jersey-client/2.27/jersey-client-2.27.jar:/home/user/.m2/repository/org/glassfish/jersey/media/jersey-media-jaxb/2.27/jersey-media-jaxb-2.27.jar:/home/user/.m2/repository/javax/validation/validation-api/1.1.0.Final/validation-api-1.1.0.Final.jar:/home/user/.m2/repository/org/glassfish/jersey/media/jersey-media-json-jackson/2.27/jersey-media-json-jackson-2.27.jar:/home/user/.m2/repository/org/glassfish/jersey/ext/jersey-entity-filtering/2.27/jersey-entity-filtering-2.27.jar:/home/user/.m2/repository/com/google/inject/extensions/guice-assistedinject/4.0/guice-assistedinject-4.0.jar:/home/user/.m2/repository/org/jooq/jooq/3.11.10/jooq-3.11.10.jar:/home/user/.m2/repository/org/jooq/jooq-meta/3.11.10/jooq-meta-3.11.10.jar:/home/user/.m2/repository/org/jooq/jooq-codegen/3.11.10/jooq-codegen-3.11.10.jar:/home/user/.m2/repository/com/jolbox/bonecp/0.8.0.RELEASE/bonecp-0.8.0.RELEASE.jar:/home/user/.m2/repository/org/xerial/sqlite-jdbc/3.25.2/sqlite-jdbc-3.25.2.jar:/home/user/.m2/repository/org/springframework/spring-jdbc/5.1.3.RELEASE/spring-jdbc-5.1.3.RELEASE.jar:/home/user/.m2/repository/org/springframework/spring-beans/5.1.3.RELEASE/spring-beans-5.1.3.RELEASE.jar:/home/user/.m2/repository/org/springframework/spring-core/5.1.3.RELEASE/spring-core-5.1.3.RELEASE.jar:/home/user/.m2/repository/org/springframework/spring-jcl/5.1.3.RELEASE/spring-jcl-5.1.3.RELEASE.jar:/home/user/.m2/repository/org/springframework/spring-tx/5.1.3.RELEASE/spring-tx-5.1.3.RELEASE.jar:/home/user/.m2/repository/org/apache/hadoop/hadoop-ozone-client/0.5.0-SNAPSHOT/hadoop-ozone-client-0.5.0-SNAPSHOT.jar:/home/user/.m2/repository/commons-lang/commons-lang/2.6/commons-lang-2.6.jar:/home/user/.m2/repository/org/apache/hadoop/hadoop-ozone-ozone-manager/0.5.0-SNAPSHOT/hadoop-ozone-ozone-manager-0.5.0-SNAPSHOT-tests.jar:/home/user/.m2/repository/junit/junit/4.11/junit-4.11.jar:/home/user/.m2/repository/org/hamcrest/hamcrest-core/1.3/hamcrest-core-1.3.jar:/home/user/.m2/repository/org/openjdk/jmh/jmh-core/1.19/jmh-core-1.19.jar:/home/user/.m2/repository/net/sf/jopt-simple/jopt-simple/4.6/jopt-simple-4.6.jar:/home/user/.m2/repository/org/apache/commons/commons-math3/3.1.1/commons-math3-3.1.1.jar:/home/user/.m2/repository/org/openjdk/jmh/jmh-generator-annprocess/1.19/jmh-generator-annprocess-1.19.jar:/home/user/.m2/repository/org/mockito/mockito-all/1.8.5/mockito-all-1.8.5.jar:/home/user/.m2/repository/org/apache/hadoop/hadoop-kms/3.2.0/hadoop-kms-3.2.0.jar:/home/user/.m2/repository/org/apache/hadoop/hadoop-auth/3.2.0/hadoop-auth-3.2.0.jar:/home/user/.m2/repository/com/nimbusds/nimbus-jose-jwt/4.41.1/nimbus-jose-jwt-4.41.1.jar:/home/user/.m2/repository/com/github/stephenc/jcip/jcip-annotations/1.0-1/jcip-annotations-1.0-1.jar:/home/user/.m2/repository/net/minidev/json-smart/2.3/json-smart-2.3.jar:/home/user/.m2/repository/net/minidev/accessors-smart/1.2/accessors-smart-1.2.jar:/home/user/.m2/repository/org/ow2/asm/asm/5.0.4/asm-5.0.4.jar:/home/user/.m2/repository/org/apache/curator/curator-framework/2.12.0/curator-framework-2.12.0.jar:/home/user/.m2/repository/com/sun/jersey/jersey-core/1.19/jersey-core-1.19.jar:/home/user/.m2/repository/javax/ws/rs/jsr311-api/1.1.1/jsr311-api-1.1.1.jar:/home/user/.m2/repository/com/sun/jersey/jersey-server/1.19/jersey-server-1.19.jar:/home/user/.m2/repository/javax/servlet/javax.servlet-api/3.1.0/javax.servlet-api-3.1.0.jar:/home/user/.m2/repository/org/eclipse/jetty/jetty-server/9.3.25.v20180904/jetty-server-9.3.25.v20180904.jar:/home/user/.m2/repository/org/eclipse/jetty/jetty-http/9.3.25.v20180904/jetty-http-9.3.25.v20180904.jar:/home/user/.m2/repository/org/eclipse/jetty/jetty-io/9.3.25.v20180904/jetty-io-9.3.25.v20180904.jar:/home/user/.m2/repository/org/eclipse/jetty/jetty-webapp/9.3.25.v20180904/jetty-webapp-9.3.25.v20180904.jar:/home/user/.m2/repository/org/eclipse/jetty/jetty-xml/9.3.25.v20180904/jetty-xml-9.3.25.v20180904.jar:/home/user/.m2/repository/log4j/log4j/1.2.17/log4j-1.2.17.jar:/home/user/.m2/repository/org/slf4j/slf4j-api/1.7.25/slf4j-api-1.7.25.jar:/home/user/.m2/repository/org/slf4j/jul-to-slf4j/1.7.25/jul-to-slf4j-1.7.25.jar:/home/user/.m2/repository/org/eclipse/jetty/jetty-util/9.3.25.v20180904/jetty-util-9.3.25.v20180904.jar:/home/user/.m2/repository/com/fasterxml/jackson/core/jackson-databind/2.9.9/jackson-databind-2.9.9.jar:/home/user/.m2/repository/org/apache/hadoop/hadoop-kms/3.2.0/hadoop-kms-3.2.0-tests.jar:/home/user/.m2/repository/org/apache/hadoop/hadoop-hdds-server-scm/0.5.0-SNAPSHOT/hadoop-hdds-server-scm-0.5.0-SNAPSHOT-tests.jar:/home/user/.m2/repository/org/apache/hadoop/hadoop-hdds-container-service/0.5.0-SNAPSHOT/hadoop-hdds-container-service-0.5.0-SNAPSHOT-tests.jar:/home/user/.m2/repository/org/yaml/snakeyaml/1.16/snakeyaml-1.16.jar:/home/user/.m2/repository/org/apache/hadoop/hadoop-common/3.2.0/hadoop-common-3.2.0-tests.jar:/home/user/.m2/repository/org/apache/hadoop/hadoop-annotations/3.2.0/hadoop-annotations-3.2.0.jar:/usr/lib/jvm/java-1.8-openjdk/jre/../lib/tools.jar:/home/user/.m2/repository/commons-cli/commons-cli/1.2/commons-cli-1.2.jar:/home/user/.m2/repository/org/apache/httpcomponents/httpclient/4.5.2/httpclient-4.5.2.jar:/home/user/.m2/repository/org/apache/httpcomponents/httpcore/4.4.4/httpcore-4.4.4.jar:/home/user/.m2/repository/commons-codec/commons-codec/1.11/commons-codec-1.11.jar:/home/user/.m2/repository/commons-net/commons-net/3.6/commons-net-3.6.jar:/home/user/.m2/repository/commons-collections/commons-collections/3.2.2/commons-collections-3.2.2.jar:/home/user/.m2/repository/org/eclipse/jetty/jetty-servlet/9.3.25.v20180904/jetty-servlet-9.3.25.v20180904.jar:/home/user/.m2/repository/org/eclipse/jetty/jetty-security/9.3.25.v20180904/jetty-security-9.3.25.v20180904.jar:/home/user/.m2/repository/javax/servlet/jsp/jsp-api/2.1/jsp-api-2.1.jar:/home/user/.m2/repository/com/sun/jersey/jersey-servlet/1.19/jersey-servlet-1.19.jar:/home/user/.m2/repository/com/sun/jersey/jersey-json/1.19/jersey-json-1.19.jar:/home/user/.m2/repository/org/codehaus/jettison/jettison/1.1/jettison-1.1.jar:/home/user/.m2/repository/org/codehaus/jackson/jackson-core-asl/1.9.13/jackson-core-asl-1.9.13.jar:/home/user/.m2/repository/org/codehaus/jackson/jackson-mapper-asl/1.9.13/jackson-mapper-asl-1.9.13.jar:/home/user/.m2/repository/org/codehaus/jackson/jackson-jaxrs/1.9.13/jackson-jaxrs-1.9.13.jar:/home/user/.m2/repository/org/codehaus/jackson/jackson-xc/1.9.13/jackson-xc-1.9.13.jar:/home/user/.m2/repository/commons-logging/commons-logging/1.1.3/commons-logging-1.1.3.jar:/home/user/.m2/repository/commons-beanutils/commons-beanutils/1.9.4/commons-beanutils-1.9.4.jar:/home/user/.m2/repository/org/apache/commons/commons-configuration2/2.1.1/commons-configuration2-2.1.1.jar:/home/user/.m2/repository/org/apache/commons/commons-lang3/3.7/commons-lang3-3.7.jar:/home/user/.m2/repository/org/apache/commons/commons-text/1.4/commons-text-1.4.jar:/home/user/.m2/repository/org/apache/avro/avro/1.7.7/avro-1.7.7.jar:/home/user/.m2/repository/com/thoughtworks/paranamer/paranamer/2.3/paranamer-2.3.jar:/home/user/.m2/repository/org/xerial/snappy/snappy-java/1.0.5/snappy-java-1.0.5.jar:/home/user/.m2/repository/com/google/re2j/re2j/1.1/re2j-1.1.jar:/home/user/.m2/repository/com/google/code/gson/gson/2.2.4/gson-2.2.4.jar:/home/user/.m2/repository/com/jcraft/jsch/0.1.54/jsch-0.1.54.jar:/home/user/.m2/repository/org/apache/curator/curator-client/2.12.0/curator-client-2.12.0.jar:/home/user/.m2/repository/org/apache/curator/curator-recipes/2.12.0/curator-recipes-2.12.0.jar:/home/user/.m2/repository/com/google/code/findbugs/jsr305/3.0.0/jsr305-3.0.0.jar:/home/user/.m2/repository/org/apache/htrace/htrace-core4/4.1.0-incubating/htrace-core4-4.1.0-incubating.jar:/home/user/.m2/repository/org/apache/zookeeper/zookeeper/3.4.13/zookeeper-3.4.13.jar:/home/user/.m2/repository/jline/jline/0.9.94/jline-0.9.94.jar:/home/user/.m2/repository/org/apache/yetus/audience-annotations/0.5.0/audience-annotations-0.5.0.jar:/home/user/.m2/repository/org/codehaus/woodstox/stax2-api/3.1.4/stax2-api-3.1.4.jar:/home/user/.m2/repository/com/fasterxml/woodstox/woodstox-core/5.0.3/woodstox-core-5.0.3.jar:/home/user/.m2/repository/dnsjava/dnsjava/2.1.7/dnsjava-2.1.7.jar:/home/user/.m2/repository/org/apache/hadoop/hadoop-hdfs/3.2.0/hadoop-hdfs-3.2.0-tests.jar:/home/user/.m2/repository/org/eclipse/jetty/jetty-util-ajax/9.3.25.v20180904/jetty-util-ajax-9.3.25.v20180904.jar:/home/user/.m2/repository/commons-daemon/commons-daemon/1.0.13/commons-daemon-1.0.13.jar:/home/user/.m2/repository/io/netty/netty/3.10.5.Final/netty-3.10.5.Final.jar:/home/user/.m2/repository/io/netty/netty-all/4.0.52.Final/netty-all-4.0.52.Final.jar:/home/user/.m2/repository/org/fusesource/leveldbjni/leveldbjni-all/1.8/leveldbjni-all-1.8.jar:"/>
    <property name="sun.cpu.endian" value="little"/>
    <property name="user.home" value="/home/user"/>
    <property name="user.language" value="en"/>
    <property name="java.specification.vendor" value="Oracle Corporation"/>
    <property name="java.home" value="/usr/lib/jvm/java-1.8-openjdk/jre"/>
    <property name="java.security.krb5.conf" value="/workdir/hadoop-ozone/integration-test/target/test-classes/krb5.conf"/>
    <property name="basedir" value="/workdir/hadoop-ozone/integration-test"/>
    <property name="file.separator" value="/"/>
    <property name="line.separator" value="&#10;"/>
    <property name="java.vm.specification.vendor" value="Oracle Corporation"/>
    <property name="java.specification.name" value="Java Platform API Specification"/>
    <property name="java.awt.graphicsenv" value="sun.awt.X11GraphicsEnvironment"/>
    <property name="surefire.real.class.path" value="/workdir/hadoop-ozone/integration-test/target/surefire/surefirebooter4502515898829308258.jar"/>
    <property name="hadoop.log.dir" value="/workdir/hadoop-ozone/integration-test/target/log"/>
    <property name="sun.boot.class.path" value="/usr/lib/jvm/java-1.8-openjdk/jre/lib/resources.jar:/usr/lib/jvm/java-1.8-openjdk/jre/lib/rt.jar:/usr/lib/jvm/java-1.8-openjdk/jre/lib/sunrsasign.jar:/usr/lib/jvm/java-1.8-openjdk/jre/lib/jsse.jar:/usr/lib/jvm/java-1.8-openjdk/jre/lib/jce.jar:/usr/lib/jvm/java-1.8-openjdk/jre/lib/charsets.jar:/usr/lib/jvm/java-1.8-openjdk/jre/lib/jfr.jar:/usr/lib/jvm/java-1.8-openjdk/jre/classes"/>
    <property name="sun.management.compiler" value="HotSpot 64-Bit Tiered Compilers"/>
    <property name="java.runtime.version" value="1.8.0_212-b04"/>
    <property name="java.net.preferIPv4Stack" value="true"/>
    <property name="user.name" value="jenkins1000"/>
    <property name="path.separator" value=":"/>
    <property name="java.security.egd" value="file:///dev/urandom"/>
    <property name="os.version" value="3.10.0-957.12.2.el7.x86_64"/>
    <property name="java.endorsed.dirs" value="/usr/lib/jvm/java-1.8-openjdk/jre/lib/endorsed"/>
    <property name="java.runtime.name" value="OpenJDK Runtime Environment"/>
    <property name="file.encoding" value="UTF-8"/>
    <property name="java.vm.name" value="OpenJDK 64-Bit Server VM"/>
    <property name="test.build.webapps" value=""/>
    <property name="localRepository" value="/home/user/.m2/repository"/>
    <property name="java.vendor.url.bug" value="https://icedtea.classpath.org/bugzilla"/>
    <property name="java.io.tmpdir" value="/tmp"/>
    <property name="require.test.libhadoop" value=""/>
    <property name="java.version" value="1.8.0_212"/>
    <property name="user.dir" value="/workdir/hadoop-ozone/integration-test"/>
    <property name="os.arch" value="amd64"/>
    <property name="java.vm.specification.name" value="Java Virtual Machine Specification"/>
    <property name="test.build.classes" value="/workdir/hadoop-ozone/integration-test/target/test-classes"/>
    <property name="java.awt.printerjob" value="sun.print.PSPrinterJob"/>
    <property name="sun.os.patch.level" value="unknown"/>
    <property name="hadoop.tmp.dir" value="/workdir/hadoop-ozone/integration-test/target/tmp"/>
    <property name="java.library.path" value="/usr/lib/jvm/java-1.8-openjdk/jre/lib/amd64/server:/usr/lib/jvm/java-1.8-openjdk/jre/lib/amd64:/usr/lib/jvm/java-1.8-openjdk/jre/../lib/amd64:/workdir/hadoop-ozone/integration-test/target/native/target/usr/local/lib:/workdir/hadoop-ozone/integration-test/../../hadoop-common-project/hadoop-common/target/native/target/usr/local/lib:/usr/java/packages/lib/amd64:/usr/lib64:/lib64:/lib:/usr/lib"/>
    <property name="java.vm.info" value="mixed mode"/>
    <property name="java.vendor" value="IcedTea"/>
    <property name="java.vm.version" value="25.212-b04"/>
    <property name="java.ext.dirs" value="/usr/lib/jvm/java-1.8-openjdk/jre/lib/ext:/usr/java/packages/lib/ext"/>
    <property name="sun.io.unicode.encoding" value="UnicodeLittle"/>
    <property name="java.class.version" value="52.0"/>
  </properties>
  <testcase name="test2DatanodesFailure" classname="org.apache.hadoop.ozone.client.rpc.TestBlockOutputStreamWithFailures" time="106.946"/>
  <testcase name="testDatanodeFailureWithPreAllocation" classname="org.apache.hadoop.ozone.client.rpc.TestBlockOutputStreamWithFailures" time="221.43"/>
  <testcase name="testDatanodeFailureWithSingleNodeRatis" classname="org.apache.hadoop.ozone.client.rpc.TestBlockOutputStreamWithFailures" time="223.362"/>
  <testcase name="testWatchForCommitWithSingleNodeRatis" classname="org.apache.hadoop.ozone.client.rpc.TestBlockOutputStreamWithFailures" time="33.356"/>
  <testcase name="testWatchForCommitDatanodeFailure" classname="org.apache.hadoop.ozone.client.rpc.TestBlockOutputStreamWithFailures" time="41.636">
    <failure message="expected:&lt;2&gt; but was:&lt;3&gt;" type="java.lang.AssertionError"><![CDATA[java.lang.AssertionError: expected:<2> but was:<3>
	at org.junit.Assert.fail(Assert.java:88)
	at org.junit.Assert.failNotEquals(Assert.java:743)
	at org.junit.Assert.assertEquals(Assert.java:118)
	at org.junit.Assert.assertEquals(Assert.java:555)
	at org.junit.Assert.assertEquals(Assert.java:542)
	at org.apache.hadoop.ozone.client.rpc.TestBlockOutputStreamWithFailures.testWatchForCommitDatanodeFailure(TestBlockOutputStreamWithFailures.java:366)
	at sun.reflect.NativeMethodAccessorImpl.invoke0(Native Method)
	at sun.reflect.NativeMethodAccessorImpl.invoke(NativeMethodAccessorImpl.java:62)
	at sun.reflect.DelegatingMethodAccessorImpl.invoke(DelegatingMethodAccessorImpl.java:43)
	at java.lang.reflect.Method.invoke(Method.java:498)
	at org.junit.runners.model.FrameworkMethod$1.runReflectiveCall(FrameworkMethod.java:47)
	at org.junit.internal.runners.model.ReflectiveCallable.run(ReflectiveCallable.java:12)
	at org.junit.runners.model.FrameworkMethod.invokeExplosively(FrameworkMethod.java:44)
	at org.junit.internal.runners.statements.InvokeMethod.evaluate(InvokeMethod.java:17)
	at org.junit.internal.runners.statements.RunBefores.evaluate(RunBefores.java:26)
	at org.junit.internal.runners.statements.RunAfters.evaluate(RunAfters.java:27)
	at org.junit.runners.ParentRunner.runLeaf(ParentRunner.java:271)
	at org.junit.runners.BlockJUnit4ClassRunner.runChild(BlockJUnit4ClassRunner.java:70)
	at org.junit.runners.BlockJUnit4ClassRunner.runChild(BlockJUnit4ClassRunner.java:50)
	at org.junit.runners.ParentRunner$3.run(ParentRunner.java:238)
	at org.junit.runners.ParentRunner$1.schedule(ParentRunner.java:63)
	at org.junit.runners.ParentRunner.runChildren(ParentRunner.java:236)
	at org.junit.runners.ParentRunner.access$000(ParentRunner.java:53)
	at org.junit.runners.ParentRunner$2.evaluate(ParentRunner.java:229)
	at org.junit.runners.ParentRunner.run(ParentRunner.java:309)
	at org.apache.maven.surefire.junit4.JUnit4Provider.execute(JUnit4Provider.java:365)
	at org.apache.maven.surefire.junit4.JUnit4Provider.executeWithRerun(JUnit4Provider.java:273)
	at org.apache.maven.surefire.junit4.JUnit4Provider.executeTestSet(JUnit4Provider.java:238)
	at org.apache.maven.surefire.junit4.JUnit4Provider.invoke(JUnit4Provider.java:159)
	at org.apache.maven.surefire.booter.ForkedBooter.invokeProviderInSameClassLoader(ForkedBooter.java:384)
	at org.apache.maven.surefire.booter.ForkedBooter.runSuitesInProcess(ForkedBooter.java:345)
	at org.apache.maven.surefire.booter.ForkedBooter.execute(ForkedBooter.java:126)
	at org.apache.maven.surefire.booter.ForkedBooter.main(ForkedBooter.java:418)
]]></failure>
    <system-out><![CDATA[2019-09-24 11:18:18,610 [main] WARN  server.ServerUtils (ServerUtils.java:getScmDbDir(145)) - ozone.scm.db.dirs is not configured. We recommend adding this setting. Falling back to ozone.metadata.dirs instead.
2019-09-24 11:18:18,625 [main] WARN  server.ServerUtils (ServerUtils.java:getScmDbDir(145)) - ozone.scm.db.dirs is not configured. We recommend adding this setting. Falling back to ozone.metadata.dirs instead.
2019-09-24 11:18:18,625 [main] WARN  server.ServerUtils (ServerUtils.java:getScmDbDir(145)) - ozone.scm.db.dirs is not configured. We recommend adding this setting. Falling back to ozone.metadata.dirs instead.
2019-09-24 11:18:18,626 [main] INFO  db.DBStoreBuilder (DBStoreBuilder.java:addTable(110)) - using custom profile for table: deletedBlocks
2019-09-24 11:18:18,626 [main] INFO  db.DBStoreBuilder (DBStoreBuilder.java:processTables(161)) - Using default column profile:DBProfile.DISK for Table:deletedBlocks
2019-09-24 11:18:18,627 [main] INFO  db.DBStoreBuilder (DBStoreBuilder.java:addTable(110)) - using custom profile for table: validCerts
2019-09-24 11:18:18,627 [main] INFO  db.DBStoreBuilder (DBStoreBuilder.java:processTables(161)) - Using default column profile:DBProfile.DISK for Table:validCerts
2019-09-24 11:18:18,627 [main] INFO  db.DBStoreBuilder (DBStoreBuilder.java:addTable(110)) - using custom profile for table: revokedCerts
2019-09-24 11:18:18,627 [main] INFO  db.DBStoreBuilder (DBStoreBuilder.java:processTables(161)) - Using default column profile:DBProfile.DISK for Table:revokedCerts
2019-09-24 11:18:18,628 [main] INFO  db.DBStoreBuilder (DBStoreBuilder.java:addTable(110)) - using custom profile for table: default
2019-09-24 11:18:18,628 [main] INFO  db.DBStoreBuilder (DBStoreBuilder.java:processTables(167)) - Using default column profile:DBProfile.DISK for Table:default
2019-09-24 11:18:18,628 [main] INFO  db.DBStoreBuilder (DBStoreBuilder.java:getDbProfile(198)) - Using default options. DBProfile.DISK
2019-09-24 11:18:18,928 [main] INFO  net.NodeSchemaLoader (NodeSchemaLoader.java:loadSchemaFromFile(125)) - Loading file from sun.misc.CompoundEnumeration@463afa6e
2019-09-24 11:18:18,928 [main] INFO  net.NodeSchemaLoader (NodeSchemaLoader.java:loadSchema(171)) - Loading network topology layer schema file
2019-09-24 11:18:18,933 [main] INFO  node.SCMNodeManager (SCMNodeManager.java:<init>(114)) - Entering startup safe mode.
2019-09-24 11:18:18,934 [main] INFO  algorithms.ContainerPlacementPolicyFactory (ContainerPlacementPolicyFactory.java:getPolicy(57)) - Create container placement policy of type org.apache.hadoop.hdds.scm.container.placement.algorithms.SCMContainerPlacementRandom
2019-09-24 11:18:18,935 [main] WARN  server.ServerUtils (ServerUtils.java:getScmDbDir(145)) - ozone.scm.db.dirs is not configured. We recommend adding this setting. Falling back to ozone.metadata.dirs instead.
2019-09-24 11:18:18,985 [main] INFO  pipeline.SCMPipelineManager (SCMPipelineManager.java:initializePipelineState(132)) - No pipeline exists in current db
2019-09-24 11:18:18,985 [main] WARN  server.ServerUtils (ServerUtils.java:getScmDbDir(145)) - ozone.scm.db.dirs is not configured. We recommend adding this setting. Falling back to ozone.metadata.dirs instead.
2019-09-24 11:18:19,036 [main] WARN  events.EventQueue (EventQueue.java:fireEvent(183)) - No event handler registered for event TypedEvent{payloadType=SafeModeStatus, name='SafeModeStatus'}
2019-09-24 11:18:19,037 [main] INFO  ipc.CallQueueManager (CallQueueManager.java:<init>(84)) - Using callQueue: class java.util.concurrent.LinkedBlockingQueue, queueCapacity: 2000, scheduler: class org.apache.hadoop.ipc.DefaultRpcScheduler, ipcBackoff: false.
2019-09-24 11:18:19,038 [Socket Reader #1 for port 45607] INFO  ipc.Server (Server.java:run(1074)) - Starting Socket Reader #1 for port 45607
2019-09-24 11:18:19,040 [main] INFO  ipc.CallQueueManager (CallQueueManager.java:<init>(84)) - Using callQueue: class java.util.concurrent.LinkedBlockingQueue, queueCapacity: 2000, scheduler: class org.apache.hadoop.ipc.DefaultRpcScheduler, ipcBackoff: false.
2019-09-24 11:18:19,041 [Socket Reader #1 for port 34991] INFO  ipc.Server (Server.java:run(1074)) - Starting Socket Reader #1 for port 34991
2019-09-24 11:18:19,042 [main] INFO  ipc.CallQueueManager (CallQueueManager.java:<init>(84)) - Using callQueue: class java.util.concurrent.LinkedBlockingQueue, queueCapacity: 2000, scheduler: class org.apache.hadoop.ipc.DefaultRpcScheduler, ipcBackoff: false.
2019-09-24 11:18:19,043 [Socket Reader #1 for port 40942] INFO  ipc.Server (Server.java:run(1074)) - Starting Socket Reader #1 for port 40942
2019-09-24 11:18:19,044 [main] INFO  hdfs.DFSUtil (DFSUtil.java:httpServerTemplateForNNAndJN(1641)) - Starting Web-server for scm at: http://0.0.0.0:0
2019-09-24 11:18:19,046 [main] INFO  server.AuthenticationFilter (AuthenticationFilter.java:constructSecretProvider(240)) - Unable to initialize FileSignerSecretProvider, falling back to use random secrets.
2019-09-24 11:18:19,047 [main] WARN  http.HttpRequestLog (HttpRequestLog.java:getRequestLog(97)) - Jetty request log can only be enabled using Log4j
2019-09-24 11:18:19,049 [main] INFO  http.HttpServer2 (HttpServer2.java:addGlobalFilter(975)) - Added global filter 'safety' (class=org.apache.hadoop.http.HttpServer2$QuotingInputFilter)
2019-09-24 11:18:19,050 [main] INFO  http.HttpServer2 (HttpServer2.java:addFilter(948)) - Added filter static_user_filter (class=org.apache.hadoop.http.lib.StaticUserWebFilter$StaticUserFilter) to context scm
2019-09-24 11:18:19,050 [main] INFO  http.HttpServer2 (HttpServer2.java:addFilter(958)) - Added filter static_user_filter (class=org.apache.hadoop.http.lib.StaticUserWebFilter$StaticUserFilter) to context static
2019-09-24 11:18:19,051 [main] INFO  http.HttpServer2 (HttpServer2.java:addFilter(958)) - Added filter static_user_filter (class=org.apache.hadoop.http.lib.StaticUserWebFilter$StaticUserFilter) to context logs
2019-09-24 11:18:19,052 [main] INFO  server.StorageContainerManager (StorageContainerManager.java:start(770)) - StorageContainerLocationProtocol RPC server is listening at /0.0.0.0:40942
2019-09-24 11:18:19,055 [main] WARN  impl.MetricsConfig (MetricsConfig.java:loadFirst(134)) - Cannot locate configuration: tried hadoop-metrics2-storagecontainermanager.properties,hadoop-metrics2.properties
2019-09-24 11:18:19,056 [main] INFO  impl.MetricsSystemImpl (MetricsSystemImpl.java:startTimer(374)) - Scheduled Metric snapshot period at 10 second(s).
2019-09-24 11:18:19,056 [main] INFO  impl.MetricsSystemImpl (MetricsSystemImpl.java:start(191)) - StorageContainerManager metrics system started
2019-09-24 11:18:19,105 [main] WARN  impl.MetricsSystemImpl (MetricsSystemImpl.java:register(276)) - Sink prometheus already exists!
2019-09-24 11:18:19,178 [main] INFO  server.SCMClientProtocolServer (SCMClientProtocolServer.java:start(150)) - RPC server for Client  is listening at /0.0.0.0:40942
2019-09-24 11:18:19,178 [IPC Server Responder] INFO  ipc.Server (Server.java:run(1314)) - IPC Server Responder: starting
2019-09-24 11:18:19,179 [IPC Server listener on 40942] INFO  ipc.Server (Server.java:run(1153)) - IPC Server listener on 40942: starting
2019-09-24 11:18:19,182 [main] INFO  server.StorageContainerManager (StorageContainerManager.java:start(780)) - ScmBlockLocationProtocol RPC server is listening at /0.0.0.0:34991
2019-09-24 11:18:19,183 [main] INFO  server.SCMBlockProtocolServer (SCMBlockProtocolServer.java:start(146)) - RPC server for Block Protocol is listening at /0.0.0.0:34991
2019-09-24 11:18:19,183 [IPC Server Responder] INFO  ipc.Server (Server.java:run(1314)) - IPC Server Responder: starting
2019-09-24 11:18:19,183 [IPC Server listener on 34991] INFO  ipc.Server (Server.java:run(1153)) - IPC Server listener on 34991: starting
2019-09-24 11:18:19,187 [main] INFO  server.StorageContainerManager (StorageContainerManager.java:start(784)) - ScmDatanodeProtocl RPC server is listening at /0.0.0.0:45607
2019-09-24 11:18:19,187 [main] INFO  server.SCMDatanodeProtocolServer (SCMDatanodeProtocolServer.java:start(191)) - RPC server for DataNodes is listening at /0.0.0.0:45607
2019-09-24 11:18:19,187 [IPC Server Responder] INFO  ipc.Server (Server.java:run(1314)) - IPC Server Responder: starting
2019-09-24 11:18:19,187 [IPC Server listener on 45607] INFO  ipc.Server (Server.java:run(1153)) - IPC Server listener on 45607: starting
2019-09-24 11:18:19,191 [main] INFO  http.HttpServer2 (HttpServer2.java:bindListener(1191)) - Jetty bound to port 37049
2019-09-24 11:18:19,191 [main] INFO  server.Server (Server.java:doStart(351)) - jetty-9.3.25.v20180904, build timestamp: 2018-09-04T21:11:46Z, git hash: 3ce520221d0240229c862b122d2b06c12a625732
2019-09-24 11:18:19,193 [main] INFO  handler.ContextHandler (ContextHandler.java:doStart(781)) - Started o.e.j.s.ServletContextHandler@5a9840f3{/logs,file:///workdir/hadoop-ozone/integration-test/target/log,AVAILABLE}
2019-09-24 11:18:19,193 [main] INFO  handler.ContextHandler (ContextHandler.java:doStart(781)) - Started o.e.j.s.ServletContextHandler@382d71c7{/static,file:///workdir/hadoop-ozone/integration-test/target/test-classes/webapps/static,AVAILABLE}
2019-09-24 11:18:19,197 [main] INFO  handler.ContextHandler (ContextHandler.java:doStart(781)) - Started o.e.j.w.WebAppContext@251c90f{/,file:///workdir/hadoop-ozone/integration-test/target/test-classes/webapps/scm/,AVAILABLE}{/scm}
2019-09-24 11:18:19,197 [main] INFO  server.AbstractConnector (AbstractConnector.java:doStart(278)) - Started ServerConnector@6629643d{HTTP/1.1,[http/1.1]}{0.0.0.0:37049}
2019-09-24 11:18:19,197 [main] INFO  server.Server (Server.java:doStart(419)) - Started @586227ms
2019-09-24 11:18:19,198 [main] WARN  impl.MetricsSystemImpl (MetricsSystemImpl.java:register(276)) - Sink prometheus already exists!
2019-09-24 11:18:19,199 [main] INFO  server.BaseHttpServer (BaseHttpServer.java:updateConnectorAddress(215)) - HTTP server of SCM is listening at http://0.0.0.0:37049
2019-09-24 11:18:19,201 [main] WARN  server.ServerUtils (ServerUtils.java:getDBPath(222)) - ozone.om.db.dirs is not configured. We recommend adding this setting. Falling back to ozone.metadata.dirs instead.
2019-09-24 11:18:19,201 [org.apache.hadoop.util.JvmPauseMonitor$Monitor@64656b9e] INFO  util.JvmPauseMonitor (JvmPauseMonitor.java:run(188)) - Starting JVM pause monitor
2019-09-24 11:18:19,214 [main] WARN  server.ServerUtils (ServerUtils.java:getDBPath(222)) - ozone.om.db.dirs is not configured. We recommend adding this setting. Falling back to ozone.metadata.dirs instead.
2019-09-24 11:18:19,215 [main] WARN  server.ServerUtils (ServerUtils.java:getDBPath(222)) - ozone.om.db.dirs is not configured. We recommend adding this setting. Falling back to ozone.metadata.dirs instead.
2019-09-24 11:18:19,215 [main] INFO  om.OzoneManager (OzoneManager.java:setOMNodeDetails(652)) - OM Service ID is not set. Setting it to the default ID: omServiceIdDefault
2019-09-24 11:18:19,215 [main] INFO  om.OzoneManager (OzoneManager.java:setOMNodeDetails(658)) - OM Node ID is not set. Setting it to the OmStorage's OmID: 8395fa5b-8546-45fb-8419-599262c05976
2019-09-24 11:18:19,216 [main] INFO  om.OzoneManager (OzoneManager.java:loadOMHAConfigs(609)) - Found matching OM address with OMServiceId: null, OMNodeId: null, RPC Address: localhost:0 and Ratis port: 9872
2019-09-24 11:18:19,221 [main] WARN  server.ServerUtils (ServerUtils.java:getDBPath(222)) - ozone.om.db.dirs is not configured. We recommend adding this setting. Falling back to ozone.metadata.dirs instead.
2019-09-24 11:18:19,222 [main] INFO  db.DBStoreBuilder (DBStoreBuilder.java:addTable(110)) - using custom profile for table: userTable
2019-09-24 11:18:19,222 [main] INFO  db.DBStoreBuilder (DBStoreBuilder.java:processTables(161)) - Using default column profile:DBProfile.DISK for Table:userTable
2019-09-24 11:18:19,222 [main] INFO  db.DBStoreBuilder (DBStoreBuilder.java:addTable(110)) - using custom profile for table: volumeTable
2019-09-24 11:18:19,222 [main] INFO  db.DBStoreBuilder (DBStoreBuilder.java:processTables(161)) - Using default column profile:DBProfile.DISK for Table:volumeTable
2019-09-24 11:18:19,222 [main] INFO  db.DBStoreBuilder (DBStoreBuilder.java:addTable(110)) - using custom profile for table: bucketTable
2019-09-24 11:18:19,222 [main] INFO  db.DBStoreBuilder (DBStoreBuilder.java:processTables(161)) - Using default column profile:DBProfile.DISK for Table:bucketTable
2019-09-24 11:18:19,223 [main] INFO  db.DBStoreBuilder (DBStoreBuilder.java:addTable(110)) - using custom profile for table: keyTable
2019-09-24 11:18:19,223 [main] INFO  db.DBStoreBuilder (DBStoreBuilder.java:processTables(161)) - Using default column profile:DBProfile.DISK for Table:keyTable
2019-09-24 11:18:19,223 [main] INFO  db.DBStoreBuilder (DBStoreBuilder.java:addTable(110)) - using custom profile for table: deletedTable
2019-09-24 11:18:19,223 [main] INFO  db.DBStoreBuilder (DBStoreBuilder.java:processTables(161)) - Using default column profile:DBProfile.DISK for Table:deletedTable
2019-09-24 11:18:19,223 [main] INFO  db.DBStoreBuilder (DBStoreBuilder.java:addTable(110)) - using custom profile for table: openKeyTable
2019-09-24 11:18:19,223 [main] INFO  db.DBStoreBuilder (DBStoreBuilder.java:processTables(161)) - Using default column profile:DBProfile.DISK for Table:openKeyTable
2019-09-24 11:18:19,224 [main] INFO  db.DBStoreBuilder (DBStoreBuilder.java:addTable(110)) - using custom profile for table: s3Table
2019-09-24 11:18:19,224 [main] INFO  db.DBStoreBuilder (DBStoreBuilder.java:processTables(161)) - Using default column profile:DBProfile.DISK for Table:s3Table
2019-09-24 11:18:19,224 [main] INFO  db.DBStoreBuilder (DBStoreBuilder.java:addTable(110)) - using custom profile for table: multipartInfoTable
2019-09-24 11:18:19,224 [main] INFO  db.DBStoreBuilder (DBStoreBuilder.java:processTables(161)) - Using default column profile:DBProfile.DISK for Table:multipartInfoTable
2019-09-24 11:18:19,224 [main] INFO  db.DBStoreBuilder (DBStoreBuilder.java:addTable(110)) - using custom profile for table: dTokenTable
2019-09-24 11:18:19,224 [main] INFO  db.DBStoreBuilder (DBStoreBuilder.java:processTables(161)) - Using default column profile:DBProfile.DISK for Table:dTokenTable
2019-09-24 11:18:19,224 [main] INFO  db.DBStoreBuilder (DBStoreBuilder.java:addTable(110)) - using custom profile for table: s3SecretTable
2019-09-24 11:18:19,225 [main] INFO  db.DBStoreBuilder (DBStoreBuilder.java:processTables(161)) - Using default column profile:DBProfile.DISK for Table:s3SecretTable
2019-09-24 11:18:19,225 [main] INFO  db.DBStoreBuilder (DBStoreBuilder.java:addTable(110)) - using custom profile for table: prefixTable
2019-09-24 11:18:19,225 [main] INFO  db.DBStoreBuilder (DBStoreBuilder.java:processTables(161)) - Using default column profile:DBProfile.DISK for Table:prefixTable
2019-09-24 11:18:19,225 [main] INFO  db.DBStoreBuilder (DBStoreBuilder.java:addTable(110)) - using custom profile for table: default
2019-09-24 11:18:19,225 [main] INFO  db.DBStoreBuilder (DBStoreBuilder.java:processTables(167)) - Using default column profile:DBProfile.DISK for Table:default
2019-09-24 11:18:19,225 [main] INFO  db.DBStoreBuilder (DBStoreBuilder.java:getDbProfile(198)) - Using default options. DBProfile.DISK
2019-09-24 11:18:19,688 [main] INFO  ipc.CallQueueManager (CallQueueManager.java:<init>(84)) - Using callQueue: class java.util.concurrent.LinkedBlockingQueue, queueCapacity: 2000, scheduler: class org.apache.hadoop.ipc.DefaultRpcScheduler, ipcBackoff: false.
2019-09-24 11:18:19,689 [Socket Reader #1 for port 35911] INFO  ipc.Server (Server.java:run(1074)) - Starting Socket Reader #1 for port 35911
2019-09-24 11:18:19,704 [main] INFO  om.OzoneManager (OzoneManager.java:start(1243)) - OzoneManager RPC server is listening at localhost/127.0.0.1:35911
2019-09-24 11:18:19,704 [main] INFO  impl.MetricsSystemImpl (MetricsSystemImpl.java:init(158)) - OzoneManager metrics system started (again)
2019-09-24 11:18:19,705 [IPC Server Responder] INFO  ipc.Server (Server.java:run(1314)) - IPC Server Responder: starting
2019-09-24 11:18:19,705 [IPC Server listener on 35911] INFO  ipc.Server (Server.java:run(1153)) - IPC Server listener on 35911: starting
2019-09-24 11:18:19,711 [main] INFO  hdfs.DFSUtil (DFSUtil.java:httpServerTemplateForNNAndJN(1641)) - Starting Web-server for ozoneManager at: http://0.0.0.0:0
2019-09-24 11:18:19,712 [main] INFO  server.AuthenticationFilter (AuthenticationFilter.java:constructSecretProvider(240)) - Unable to initialize FileSignerSecretProvider, falling back to use random secrets.
2019-09-24 11:18:19,712 [main] WARN  http.HttpRequestLog (HttpRequestLog.java:getRequestLog(97)) - Jetty request log can only be enabled using Log4j
2019-09-24 11:18:19,714 [main] INFO  http.HttpServer2 (HttpServer2.java:addGlobalFilter(975)) - Added global filter 'safety' (class=org.apache.hadoop.http.HttpServer2$QuotingInputFilter)
2019-09-24 11:18:19,714 [main] INFO  http.HttpServer2 (HttpServer2.java:addFilter(948)) - Added filter static_user_filter (class=org.apache.hadoop.http.lib.StaticUserWebFilter$StaticUserFilter) to context ozoneManager
2019-09-24 11:18:19,714 [main] INFO  http.HttpServer2 (HttpServer2.java:addFilter(958)) - Added filter static_user_filter (class=org.apache.hadoop.http.lib.StaticUserWebFilter$StaticUserFilter) to context logs
2019-09-24 11:18:19,714 [main] INFO  http.HttpServer2 (HttpServer2.java:addFilter(958)) - Added filter static_user_filter (class=org.apache.hadoop.http.lib.StaticUserWebFilter$StaticUserFilter) to context static
2019-09-24 11:18:19,715 [main] INFO  http.HttpServer2 (HttpServer2.java:bindListener(1191)) - Jetty bound to port 37881
2019-09-24 11:18:19,715 [main] INFO  server.Server (Server.java:doStart(351)) - jetty-9.3.25.v20180904, build timestamp: 2018-09-04T21:11:46Z, git hash: 3ce520221d0240229c862b122d2b06c12a625732
2019-09-24 11:18:19,716 [main] INFO  handler.ContextHandler (ContextHandler.java:doStart(781)) - Started o.e.j.s.ServletContextHandler@7d59e968{/logs,file:///workdir/hadoop-ozone/integration-test/target/log,AVAILABLE}
2019-09-24 11:18:19,717 [main] INFO  handler.ContextHandler (ContextHandler.java:doStart(781)) - Started o.e.j.s.ServletContextHandler@581c9bb7{/static,file:///workdir/hadoop-ozone/integration-test/target/test-classes/webapps/static,AVAILABLE}
2019-09-24 11:18:19,720 [main] INFO  handler.ContextHandler (ContextHandler.java:doStart(781)) - Started o.e.j.w.WebAppContext@22cb3d59{/,file:///workdir/hadoop-ozone/integration-test/target/test-classes/webapps/ozoneManager/,AVAILABLE}{/ozoneManager}
2019-09-24 11:18:19,720 [main] INFO  server.AbstractConnector (AbstractConnector.java:doStart(278)) - Started ServerConnector@33e4b9c4{HTTP/1.1,[http/1.1]}{0.0.0.0:37881}
2019-09-24 11:18:19,720 [main] INFO  server.Server (Server.java:doStart(419)) - Started @586750ms
2019-09-24 11:18:19,721 [main] WARN  impl.MetricsSystemImpl (MetricsSystemImpl.java:register(276)) - Sink prometheus already exists!
2019-09-24 11:18:19,722 [main] INFO  server.BaseHttpServer (BaseHttpServer.java:updateConnectorAddress(215)) - HTTP server of OZONEMANAGER is listening at http://0.0.0.0:37881
2019-09-24 11:18:19,743 [main] INFO  impl.MetricsSystemImpl (MetricsSystemImpl.java:init(158)) - HddsDatanode metrics system started (again)
2019-09-24 11:18:19,747 [main] INFO  ozone.HddsDatanodeService (HddsDatanodeService.java:start(184)) - HddsDatanodeService host:pr-hdds-2067-q68gx-839588832 ip:192.168.5.168
2019-09-24 11:18:19,753 [main] INFO  volume.HddsVolume (HddsVolume.java:<init>(176)) - Creating Volume: /workdir/hadoop-ozone/integration-test/target/test-dir/MiniOzoneClusterImpl-40187663-585e-41ed-b8bc-b85aa484b511/datanode-0/data/containers/hdds of  storage type : DISK and capacity : 1482555576320
2019-09-24 11:18:19,753 [main] INFO  volume.VolumeSet (VolumeSet.java:initializeVolumeSet(170)) - Added Volume : /workdir/hadoop-ozone/integration-test/target/test-dir/MiniOzoneClusterImpl-40187663-585e-41ed-b8bc-b85aa484b511/datanode-0/data/containers/hdds to VolumeSet
2019-09-24 11:18:19,754 [main] INFO  volume.ThrottledAsyncChecker (ThrottledAsyncChecker.java:schedule(139)) - Scheduling a check for org.apache.hadoop.ozone.container.common.volume.HddsVolume@75e80a97
2019-09-24 11:18:19,756 [main] INFO  volume.HddsVolumeChecker (HddsVolumeChecker.java:checkAllVolumes(202)) - Scheduled health check for volume org.apache.hadoop.ozone.container.common.volume.HddsVolume@75e80a97
2019-09-24 11:18:19,772 [main] INFO  impl.RaftServerProxy (ConfUtils.java:logGet(43)) - raft.rpc.type = GRPC (default)
2019-09-24 11:18:19,772 [main] INFO  grpc.GrpcFactory (GrpcFactory.java:checkPooledByteBufAllocatorUseCacheForAllThreads(45)) - PERFORMANCE WARNING: useCacheForAllThreads is true that may cause Netty to create a lot garbage objects and, as a result, trigger GC.
	It is recommended to disable useCacheForAllThreads by setting -Dorg.apache.ratis.thirdparty.io.netty.allocator.useCacheForAllThreads=false in command line.
2019-09-24 11:18:19,773 [main] INFO  grpc.GrpcConfigKeys$Server (ConfUtils.java:logGet(43)) - raft.grpc.server.port = 0 (default)
2019-09-24 11:18:19,773 [main] INFO  server.GrpcService (ConfUtils.java:logGet(43)) - raft.grpc.message.size.max = 33570816 (custom)
2019-09-24 11:18:19,773 [main] INFO  server.RaftServerConfigKeys (ConfUtils.java:logGet(43)) - raft.server.log.appender.buffer.byte-limit = 33554432 (custom)
2019-09-24 11:18:19,773 [main] INFO  server.GrpcService (ConfUtils.java:logGet(43)) - raft.grpc.flow.control.window = 1MB (=1048576) (default)
2019-09-24 11:18:19,773 [main] INFO  server.RaftServerConfigKeys (ConfUtils.java:logGet(43)) - raft.server.rpc.request.timeout = 3000ms (default)
2019-09-24 11:18:19,774 [main] INFO  server.RaftServerConfigKeys (ConfUtils.java:logGet(43)) - raft.server.storage.dir = [/workdir/hadoop-ozone/integration-test/target/test-dir/MiniOzoneClusterImpl-40187663-585e-41ed-b8bc-b85aa484b511/datanode-0/data/ratis] (custom)
2019-09-24 11:18:19,776 [main] INFO  hdfs.DFSUtil (DFSUtil.java:httpServerTemplateForNNAndJN(1641)) - Starting Web-server for hddsDatanode at: http://0.0.0.0:0
2019-09-24 11:18:19,777 [main] INFO  server.AuthenticationFilter (AuthenticationFilter.java:constructSecretProvider(240)) - Unable to initialize FileSignerSecretProvider, falling back to use random secrets.
2019-09-24 11:18:19,777 [main] WARN  http.HttpRequestLog (HttpRequestLog.java:getRequestLog(97)) - Jetty request log can only be enabled using Log4j
2019-09-24 11:18:19,779 [main] INFO  http.HttpServer2 (HttpServer2.java:addGlobalFilter(975)) - Added global filter 'safety' (class=org.apache.hadoop.http.HttpServer2$QuotingInputFilter)
2019-09-24 11:18:19,779 [main] INFO  http.HttpServer2 (HttpServer2.java:addFilter(948)) - Added filter static_user_filter (class=org.apache.hadoop.http.lib.StaticUserWebFilter$StaticUserFilter) to context hddsDatanode
2019-09-24 11:18:19,779 [main] INFO  http.HttpServer2 (HttpServer2.java:addFilter(958)) - Added filter static_user_filter (class=org.apache.hadoop.http.lib.StaticUserWebFilter$StaticUserFilter) to context static
2019-09-24 11:18:19,779 [main] INFO  http.HttpServer2 (HttpServer2.java:addFilter(958)) - Added filter static_user_filter (class=org.apache.hadoop.http.lib.StaticUserWebFilter$StaticUserFilter) to context logs
2019-09-24 11:18:19,780 [main] INFO  http.HttpServer2 (HttpServer2.java:bindListener(1191)) - Jetty bound to port 38302
2019-09-24 11:18:19,780 [main] INFO  server.Server (Server.java:doStart(351)) - jetty-9.3.25.v20180904, build timestamp: 2018-09-04T21:11:46Z, git hash: 3ce520221d0240229c862b122d2b06c12a625732
2019-09-24 11:18:19,782 [main] INFO  handler.ContextHandler (ContextHandler.java:doStart(781)) - Started o.e.j.s.ServletContextHandler@546ed2a0{/logs,file:///workdir/hadoop-ozone/integration-test/target/log,AVAILABLE}
2019-09-24 11:18:19,782 [main] INFO  handler.ContextHandler (ContextHandler.java:doStart(781)) - Started o.e.j.s.ServletContextHandler@27ec8754{/static,jar:file:/home/user/.m2/repository/org/apache/hadoop/hadoop-hdds-container-service/0.5.0-SNAPSHOT/hadoop-hdds-container-service-0.5.0-SNAPSHOT.jar!/webapps/static,AVAILABLE}
2019-09-24 11:18:19,811 [main] INFO  handler.ContextHandler (ContextHandler.java:doStart(781)) - Started o.e.j.w.WebAppContext@3a0b6a{/,file:///tmp/jetty-0.0.0.0-38302-hddsDatanode-_-any-695129841476152547.dir/webapp/,AVAILABLE}{/hddsDatanode}
2019-09-24 11:18:19,811 [main] INFO  server.AbstractConnector (AbstractConnector.java:doStart(278)) - Started ServerConnector@539c4830{HTTP/1.1,[http/1.1]}{0.0.0.0:38302}
2019-09-24 11:18:19,812 [main] INFO  server.Server (Server.java:doStart(419)) - Started @586842ms
2019-09-24 11:18:19,812 [main] WARN  impl.MetricsSystemImpl (MetricsSystemImpl.java:register(276)) - Sink prometheus already exists!
2019-09-24 11:18:19,813 [main] INFO  server.BaseHttpServer (BaseHttpServer.java:updateConnectorAddress(215)) - HTTP server of HDDSDATANODE is listening at http://0.0.0.0:38302
2019-09-24 11:18:19,813 [main] INFO  impl.MetricsSystemImpl (MetricsSystemImpl.java:init(158)) - HddsDatanode metrics system started (again)
2019-09-24 11:18:19,817 [org.apache.hadoop.util.JvmPauseMonitor$Monitor@286aeaf3] INFO  util.JvmPauseMonitor (JvmPauseMonitor.java:run(188)) - Starting JVM pause monitor
2019-09-24 11:18:19,817 [main] INFO  ozone.HddsDatanodeService (HddsDatanodeService.java:start(184)) - HddsDatanodeService host:pr-hdds-2067-q68gx-839588832 ip:192.168.5.168
2019-09-24 11:18:19,818 [Datanode State Machine Thread - 0] INFO  datanode.InitDatanodeState (InitDatanodeState.java:persistContainerDatanodeDetails(140)) - DatanodeDetails is persisted to /workdir/hadoop-ozone/integration-test/target/test-dir/MiniOzoneClusterImpl-40187663-585e-41ed-b8bc-b85aa484b511/datanode-0/meta/datanode.id
2019-09-24 11:18:19,822 [main] INFO  volume.HddsVolume (HddsVolume.java:<init>(176)) - Creating Volume: /workdir/hadoop-ozone/integration-test/target/test-dir/MiniOzoneClusterImpl-40187663-585e-41ed-b8bc-b85aa484b511/datanode-1/data/containers/hdds of  storage type : DISK and capacity : 1482555576320
2019-09-24 11:18:19,822 [main] INFO  volume.VolumeSet (VolumeSet.java:initializeVolumeSet(170)) - Added Volume : /workdir/hadoop-ozone/integration-test/target/test-dir/MiniOzoneClusterImpl-40187663-585e-41ed-b8bc-b85aa484b511/datanode-1/data/containers/hdds to VolumeSet
2019-09-24 11:18:19,822 [main] INFO  volume.ThrottledAsyncChecker (ThrottledAsyncChecker.java:schedule(139)) - Scheduling a check for org.apache.hadoop.ozone.container.common.volume.HddsVolume@58d4238e
2019-09-24 11:18:19,823 [main] INFO  volume.HddsVolumeChecker (HddsVolumeChecker.java:checkAllVolumes(202)) - Scheduled health check for volume org.apache.hadoop.ozone.container.common.volume.HddsVolume@58d4238e
2019-09-24 11:18:19,835 [main] INFO  impl.RaftServerProxy (ConfUtils.java:logGet(43)) - raft.rpc.type = GRPC (default)
2019-09-24 11:18:19,836 [main] INFO  grpc.GrpcFactory (GrpcFactory.java:checkPooledByteBufAllocatorUseCacheForAllThreads(45)) - PERFORMANCE WARNING: useCacheForAllThreads is true that may cause Netty to create a lot garbage objects and, as a result, trigger GC.
	It is recommended to disable useCacheForAllThreads by setting -Dorg.apache.ratis.thirdparty.io.netty.allocator.useCacheForAllThreads=false in command line.
2019-09-24 11:18:19,836 [main] INFO  grpc.GrpcConfigKeys$Server (ConfUtils.java:logGet(43)) - raft.grpc.server.port = 0 (default)
2019-09-24 11:18:19,836 [main] INFO  server.GrpcService (ConfUtils.java:logGet(43)) - raft.grpc.message.size.max = 33570816 (custom)
2019-09-24 11:18:19,836 [main] INFO  server.RaftServerConfigKeys (ConfUtils.java:logGet(43)) - raft.server.log.appender.buffer.byte-limit = 33554432 (custom)
2019-09-24 11:18:19,836 [main] INFO  server.GrpcService (ConfUtils.java:logGet(43)) - raft.grpc.flow.control.window = 1MB (=1048576) (default)
2019-09-24 11:18:19,836 [main] INFO  server.RaftServerConfigKeys (ConfUtils.java:logGet(43)) - raft.server.rpc.request.timeout = 3000ms (default)
2019-09-24 11:18:19,837 [main] INFO  server.RaftServerConfigKeys (ConfUtils.java:logGet(43)) - raft.server.storage.dir = [/workdir/hadoop-ozone/integration-test/target/test-dir/MiniOzoneClusterImpl-40187663-585e-41ed-b8bc-b85aa484b511/datanode-1/data/ratis] (custom)
2019-09-24 11:18:19,838 [main] INFO  hdfs.DFSUtil (DFSUtil.java:httpServerTemplateForNNAndJN(1641)) - Starting Web-server for hddsDatanode at: http://0.0.0.0:0
2019-09-24 11:18:19,839 [main] INFO  server.AuthenticationFilter (AuthenticationFilter.java:constructSecretProvider(240)) - Unable to initialize FileSignerSecretProvider, falling back to use random secrets.
2019-09-24 11:18:19,839 [main] WARN  http.HttpRequestLog (HttpRequestLog.java:getRequestLog(97)) - Jetty request log can only be enabled using Log4j
2019-09-24 11:18:19,840 [main] INFO  http.HttpServer2 (HttpServer2.java:addGlobalFilter(975)) - Added global filter 'safety' (class=org.apache.hadoop.http.HttpServer2$QuotingInputFilter)
2019-09-24 11:18:19,841 [main] INFO  http.HttpServer2 (HttpServer2.java:addFilter(948)) - Added filter static_user_filter (class=org.apache.hadoop.http.lib.StaticUserWebFilter$StaticUserFilter) to context hddsDatanode
2019-09-24 11:18:19,841 [main] INFO  http.HttpServer2 (HttpServer2.java:addFilter(958)) - Added filter static_user_filter (class=org.apache.hadoop.http.lib.StaticUserWebFilter$StaticUserFilter) to context logs
2019-09-24 11:18:19,841 [main] INFO  http.HttpServer2 (HttpServer2.java:addFilter(958)) - Added filter static_user_filter (class=org.apache.hadoop.http.lib.StaticUserWebFilter$StaticUserFilter) to context static
2019-09-24 11:18:19,842 [main] INFO  http.HttpServer2 (HttpServer2.java:bindListener(1191)) - Jetty bound to port 39644
2019-09-24 11:18:19,842 [main] INFO  server.Server (Server.java:doStart(351)) - jetty-9.3.25.v20180904, build timestamp: 2018-09-04T21:11:46Z, git hash: 3ce520221d0240229c862b122d2b06c12a625732
2019-09-24 11:18:19,843 [main] INFO  handler.ContextHandler (ContextHandler.java:doStart(781)) - Started o.e.j.s.ServletContextHandler@6842c101{/logs,file:///workdir/hadoop-ozone/integration-test/target/log,AVAILABLE}
2019-09-24 11:18:19,844 [main] INFO  handler.ContextHandler (ContextHandler.java:doStart(781)) - Started o.e.j.s.ServletContextHandler@2c48cede{/static,jar:file:/home/user/.m2/repository/org/apache/hadoop/hadoop-hdds-container-service/0.5.0-SNAPSHOT/hadoop-hdds-container-service-0.5.0-SNAPSHOT.jar!/webapps/static,AVAILABLE}
2019-09-24 11:18:19,870 [main] INFO  handler.ContextHandler (ContextHandler.java:doStart(781)) - Started o.e.j.w.WebAppContext@60591e1b{/,file:///tmp/jetty-0.0.0.0-39644-hddsDatanode-_-any-1551246412255600680.dir/webapp/,AVAILABLE}{/hddsDatanode}
2019-09-24 11:18:19,871 [main] INFO  server.AbstractConnector (AbstractConnector.java:doStart(278)) - Started ServerConnector@29c53c4f{HTTP/1.1,[http/1.1]}{0.0.0.0:39644}
2019-09-24 11:18:19,872 [main] INFO  server.Server (Server.java:doStart(419)) - Started @586902ms
2019-09-24 11:18:19,873 [main] WARN  impl.MetricsSystemImpl (MetricsSystemImpl.java:register(276)) - Sink prometheus already exists!
2019-09-24 11:18:19,873 [main] INFO  server.BaseHttpServer (BaseHttpServer.java:updateConnectorAddress(215)) - HTTP server of HDDSDATANODE is listening at http://0.0.0.0:39644
2019-09-24 11:18:19,873 [main] INFO  impl.MetricsSystemImpl (MetricsSystemImpl.java:init(158)) - HddsDatanode metrics system started (again)
2019-09-24 11:18:19,877 [org.apache.hadoop.util.JvmPauseMonitor$Monitor@7f712a2e] INFO  util.JvmPauseMonitor (JvmPauseMonitor.java:run(188)) - Starting JVM pause monitor
2019-09-24 11:18:19,877 [main] INFO  ozone.HddsDatanodeService (HddsDatanodeService.java:start(184)) - HddsDatanodeService host:pr-hdds-2067-q68gx-839588832 ip:192.168.5.168
2019-09-24 11:18:19,878 [Datanode State Machine Thread - 0] INFO  datanode.InitDatanodeState (InitDatanodeState.java:persistContainerDatanodeDetails(140)) - DatanodeDetails is persisted to /workdir/hadoop-ozone/integration-test/target/test-dir/MiniOzoneClusterImpl-40187663-585e-41ed-b8bc-b85aa484b511/datanode-1/meta/datanode.id
2019-09-24 11:18:19,883 [main] INFO  volume.HddsVolume (HddsVolume.java:<init>(176)) - Creating Volume: /workdir/hadoop-ozone/integration-test/target/test-dir/MiniOzoneClusterImpl-40187663-585e-41ed-b8bc-b85aa484b511/datanode-2/data/containers/hdds of  storage type : DISK and capacity : 1482555576320
2019-09-24 11:18:19,883 [main] INFO  volume.VolumeSet (VolumeSet.java:initializeVolumeSet(170)) - Added Volume : /workdir/hadoop-ozone/integration-test/target/test-dir/MiniOzoneClusterImpl-40187663-585e-41ed-b8bc-b85aa484b511/datanode-2/data/containers/hdds to VolumeSet
2019-09-24 11:18:19,883 [main] INFO  volume.ThrottledAsyncChecker (ThrottledAsyncChecker.java:schedule(139)) - Scheduling a check for org.apache.hadoop.ozone.container.common.volume.HddsVolume@58a3d521
2019-09-24 11:18:19,884 [main] INFO  volume.HddsVolumeChecker (HddsVolumeChecker.java:checkAllVolumes(202)) - Scheduled health check for volume org.apache.hadoop.ozone.container.common.volume.HddsVolume@58a3d521
2019-09-24 11:18:19,896 [main] INFO  impl.RaftServerProxy (ConfUtils.java:logGet(43)) - raft.rpc.type = GRPC (default)
2019-09-24 11:18:19,896 [main] INFO  grpc.GrpcFactory (GrpcFactory.java:checkPooledByteBufAllocatorUseCacheForAllThreads(45)) - PERFORMANCE WARNING: useCacheForAllThreads is true that may cause Netty to create a lot garbage objects and, as a result, trigger GC.
	It is recommended to disable useCacheForAllThreads by setting -Dorg.apache.ratis.thirdparty.io.netty.allocator.useCacheForAllThreads=false in command line.
2019-09-24 11:18:19,897 [main] INFO  grpc.GrpcConfigKeys$Server (ConfUtils.java:logGet(43)) - raft.grpc.server.port = 0 (default)
2019-09-24 11:18:19,897 [main] INFO  server.GrpcService (ConfUtils.java:logGet(43)) - raft.grpc.message.size.max = 33570816 (custom)
2019-09-24 11:18:19,897 [main] INFO  server.RaftServerConfigKeys (ConfUtils.java:logGet(43)) - raft.server.log.appender.buffer.byte-limit = 33554432 (custom)
2019-09-24 11:18:19,897 [main] INFO  server.GrpcService (ConfUtils.java:logGet(43)) - raft.grpc.flow.control.window = 1MB (=1048576) (default)
2019-09-24 11:18:19,897 [main] INFO  server.RaftServerConfigKeys (ConfUtils.java:logGet(43)) - raft.server.rpc.request.timeout = 3000ms (default)
2019-09-24 11:18:19,898 [main] INFO  server.RaftServerConfigKeys (ConfUtils.java:logGet(43)) - raft.server.storage.dir = [/workdir/hadoop-ozone/integration-test/target/test-dir/MiniOzoneClusterImpl-40187663-585e-41ed-b8bc-b85aa484b511/datanode-2/data/ratis] (custom)
2019-09-24 11:18:19,899 [main] INFO  hdfs.DFSUtil (DFSUtil.java:httpServerTemplateForNNAndJN(1641)) - Starting Web-server for hddsDatanode at: http://0.0.0.0:0
2019-09-24 11:18:19,900 [main] INFO  server.AuthenticationFilter (AuthenticationFilter.java:constructSecretProvider(240)) - Unable to initialize FileSignerSecretProvider, falling back to use random secrets.
2019-09-24 11:18:19,900 [main] WARN  http.HttpRequestLog (HttpRequestLog.java:getRequestLog(97)) - Jetty request log can only be enabled using Log4j
2019-09-24 11:18:19,902 [main] INFO  http.HttpServer2 (HttpServer2.java:addGlobalFilter(975)) - Added global filter 'safety' (class=org.apache.hadoop.http.HttpServer2$QuotingInputFilter)
2019-09-24 11:18:19,902 [main] INFO  http.HttpServer2 (HttpServer2.java:addFilter(948)) - Added filter static_user_filter (class=org.apache.hadoop.http.lib.StaticUserWebFilter$StaticUserFilter) to context hddsDatanode
2019-09-24 11:18:19,902 [main] INFO  http.HttpServer2 (HttpServer2.java:addFilter(958)) - Added filter static_user_filter (class=org.apache.hadoop.http.lib.StaticUserWebFilter$StaticUserFilter) to context static
2019-09-24 11:18:19,902 [main] INFO  http.HttpServer2 (HttpServer2.java:addFilter(958)) - Added filter static_user_filter (class=org.apache.hadoop.http.lib.StaticUserWebFilter$StaticUserFilter) to context logs
2019-09-24 11:18:19,903 [main] INFO  http.HttpServer2 (HttpServer2.java:bindListener(1191)) - Jetty bound to port 40341
2019-09-24 11:18:19,903 [main] INFO  server.Server (Server.java:doStart(351)) - jetty-9.3.25.v20180904, build timestamp: 2018-09-04T21:11:46Z, git hash: 3ce520221d0240229c862b122d2b06c12a625732
2019-09-24 11:18:19,905 [main] INFO  handler.ContextHandler (ContextHandler.java:doStart(781)) - Started o.e.j.s.ServletContextHandler@2365ea38{/logs,file:///workdir/hadoop-ozone/integration-test/target/log,AVAILABLE}
2019-09-24 11:18:19,905 [main] INFO  handler.ContextHandler (ContextHandler.java:doStart(781)) - Started o.e.j.s.ServletContextHandler@49232c6f{/static,jar:file:/home/user/.m2/repository/org/apache/hadoop/hadoop-hdds-container-service/0.5.0-SNAPSHOT/hadoop-hdds-container-service-0.5.0-SNAPSHOT.jar!/webapps/static,AVAILABLE}
2019-09-24 11:18:19,932 [main] INFO  handler.ContextHandler (ContextHandler.java:doStart(781)) - Started o.e.j.w.WebAppContext@7741ae1b{/,file:///tmp/jetty-0.0.0.0-40341-hddsDatanode-_-any-7906626416870210238.dir/webapp/,AVAILABLE}{/hddsDatanode}
2019-09-24 11:18:19,932 [main] INFO  server.AbstractConnector (AbstractConnector.java:doStart(278)) - Started ServerConnector@50e5032c{HTTP/1.1,[http/1.1]}{0.0.0.0:40341}
2019-09-24 11:18:19,933 [main] INFO  server.Server (Server.java:doStart(419)) - Started @586963ms
2019-09-24 11:18:19,934 [main] WARN  impl.MetricsSystemImpl (MetricsSystemImpl.java:register(276)) - Sink prometheus already exists!
2019-09-24 11:18:19,934 [main] INFO  server.BaseHttpServer (BaseHttpServer.java:updateConnectorAddress(215)) - HTTP server of HDDSDATANODE is listening at http://0.0.0.0:40341
2019-09-24 11:18:19,935 [main] INFO  impl.MetricsSystemImpl (MetricsSystemImpl.java:init(158)) - HddsDatanode metrics system started (again)
2019-09-24 11:18:19,938 [org.apache.hadoop.util.JvmPauseMonitor$Monitor@6a33643e] INFO  util.JvmPauseMonitor (JvmPauseMonitor.java:run(188)) - Starting JVM pause monitor
2019-09-24 11:18:19,939 [main] INFO  ozone.HddsDatanodeService (HddsDatanodeService.java:start(184)) - HddsDatanodeService host:pr-hdds-2067-q68gx-839588832 ip:192.168.5.168
2019-09-24 11:18:19,939 [Datanode State Machine Thread - 0] INFO  datanode.InitDatanodeState (InitDatanodeState.java:persistContainerDatanodeDetails(140)) - DatanodeDetails is persisted to /workdir/hadoop-ozone/integration-test/target/test-dir/MiniOzoneClusterImpl-40187663-585e-41ed-b8bc-b85aa484b511/datanode-2/meta/datanode.id
2019-09-24 11:18:19,944 [main] INFO  volume.HddsVolume (HddsVolume.java:<init>(176)) - Creating Volume: /workdir/hadoop-ozone/integration-test/target/test-dir/MiniOzoneClusterImpl-40187663-585e-41ed-b8bc-b85aa484b511/datanode-3/data/containers/hdds of  storage type : DISK and capacity : 1482555576320
2019-09-24 11:18:19,944 [main] INFO  volume.VolumeSet (VolumeSet.java:initializeVolumeSet(170)) - Added Volume : /workdir/hadoop-ozone/integration-test/target/test-dir/MiniOzoneClusterImpl-40187663-585e-41ed-b8bc-b85aa484b511/datanode-3/data/containers/hdds to VolumeSet
2019-09-24 11:18:19,944 [main] INFO  volume.ThrottledAsyncChecker (ThrottledAsyncChecker.java:schedule(139)) - Scheduling a check for org.apache.hadoop.ozone.container.common.volume.HddsVolume@1e2445f6
2019-09-24 11:18:19,945 [main] INFO  volume.HddsVolumeChecker (HddsVolumeChecker.java:checkAllVolumes(202)) - Scheduled health check for volume org.apache.hadoop.ozone.container.common.volume.HddsVolume@1e2445f6
2019-09-24 11:18:19,959 [main] INFO  impl.RaftServerProxy (ConfUtils.java:logGet(43)) - raft.rpc.type = GRPC (default)
2019-09-24 11:18:19,959 [main] INFO  grpc.GrpcFactory (GrpcFactory.java:checkPooledByteBufAllocatorUseCacheForAllThreads(45)) - PERFORMANCE WARNING: useCacheForAllThreads is true that may cause Netty to create a lot garbage objects and, as a result, trigger GC.
	It is recommended to disable useCacheForAllThreads by setting -Dorg.apache.ratis.thirdparty.io.netty.allocator.useCacheForAllThreads=false in command line.
2019-09-24 11:18:19,959 [main] INFO  grpc.GrpcConfigKeys$Server (ConfUtils.java:logGet(43)) - raft.grpc.server.port = 0 (default)
2019-09-24 11:18:19,959 [main] INFO  server.GrpcService (ConfUtils.java:logGet(43)) - raft.grpc.message.size.max = 33570816 (custom)
2019-09-24 11:18:19,959 [main] INFO  server.RaftServerConfigKeys (ConfUtils.java:logGet(43)) - raft.server.log.appender.buffer.byte-limit = 33554432 (custom)
2019-09-24 11:18:19,960 [main] INFO  server.GrpcService (ConfUtils.java:logGet(43)) - raft.grpc.flow.control.window = 1MB (=1048576) (default)
2019-09-24 11:18:19,960 [main] INFO  server.RaftServerConfigKeys (ConfUtils.java:logGet(43)) - raft.server.rpc.request.timeout = 3000ms (default)
2019-09-24 11:18:19,960 [main] INFO  server.RaftServerConfigKeys (ConfUtils.java:logGet(43)) - raft.server.storage.dir = [/workdir/hadoop-ozone/integration-test/target/test-dir/MiniOzoneClusterImpl-40187663-585e-41ed-b8bc-b85aa484b511/datanode-3/data/ratis] (custom)
2019-09-24 11:18:19,961 [main] INFO  hdfs.DFSUtil (DFSUtil.java:httpServerTemplateForNNAndJN(1641)) - Starting Web-server for hddsDatanode at: http://0.0.0.0:0
2019-09-24 11:18:19,962 [main] INFO  server.AuthenticationFilter (AuthenticationFilter.java:constructSecretProvider(240)) - Unable to initialize FileSignerSecretProvider, falling back to use random secrets.
2019-09-24 11:18:19,963 [main] WARN  http.HttpRequestLog (HttpRequestLog.java:getRequestLog(97)) - Jetty request log can only be enabled using Log4j
2019-09-24 11:18:19,964 [main] INFO  http.HttpServer2 (HttpServer2.java:addGlobalFilter(975)) - Added global filter 'safety' (class=org.apache.hadoop.http.HttpServer2$QuotingInputFilter)
2019-09-24 11:18:19,964 [main] INFO  http.HttpServer2 (HttpServer2.java:addFilter(948)) - Added filter static_user_filter (class=org.apache.hadoop.http.lib.StaticUserWebFilter$StaticUserFilter) to context hddsDatanode
2019-09-24 11:18:19,965 [main] INFO  http.HttpServer2 (HttpServer2.java:addFilter(958)) - Added filter static_user_filter (class=org.apache.hadoop.http.lib.StaticUserWebFilter$StaticUserFilter) to context static
2019-09-24 11:18:19,965 [main] INFO  http.HttpServer2 (HttpServer2.java:addFilter(958)) - Added filter static_user_filter (class=org.apache.hadoop.http.lib.StaticUserWebFilter$StaticUserFilter) to context logs
2019-09-24 11:18:19,965 [main] INFO  http.HttpServer2 (HttpServer2.java:bindListener(1191)) - Jetty bound to port 42462
2019-09-24 11:18:19,966 [main] INFO  server.Server (Server.java:doStart(351)) - jetty-9.3.25.v20180904, build timestamp: 2018-09-04T21:11:46Z, git hash: 3ce520221d0240229c862b122d2b06c12a625732
2019-09-24 11:18:19,967 [main] INFO  handler.ContextHandler (ContextHandler.java:doStart(781)) - Started o.e.j.s.ServletContextHandler@7ceb6c45{/logs,file:///workdir/hadoop-ozone/integration-test/target/log,AVAILABLE}
2019-09-24 11:18:19,968 [main] INFO  handler.ContextHandler (ContextHandler.java:doStart(781)) - Started o.e.j.s.ServletContextHandler@48499739{/static,jar:file:/home/user/.m2/repository/org/apache/hadoop/hadoop-hdds-container-service/0.5.0-SNAPSHOT/hadoop-hdds-container-service-0.5.0-SNAPSHOT.jar!/webapps/static,AVAILABLE}
2019-09-24 11:18:19,995 [main] INFO  handler.ContextHandler (ContextHandler.java:doStart(781)) - Started o.e.j.w.WebAppContext@79ca7bea{/,file:///tmp/jetty-0.0.0.0-42462-hddsDatanode-_-any-7909495468516000878.dir/webapp/,AVAILABLE}{/hddsDatanode}
2019-09-24 11:18:19,996 [main] INFO  server.AbstractConnector (AbstractConnector.java:doStart(278)) - Started ServerConnector@54f6b629{HTTP/1.1,[http/1.1]}{0.0.0.0:42462}
2019-09-24 11:18:19,996 [main] INFO  server.Server (Server.java:doStart(419)) - Started @587025ms
2019-09-24 11:18:19,997 [main] WARN  impl.MetricsSystemImpl (MetricsSystemImpl.java:register(276)) - Sink prometheus already exists!
2019-09-24 11:18:19,998 [main] INFO  server.BaseHttpServer (BaseHttpServer.java:updateConnectorAddress(215)) - HTTP server of HDDSDATANODE is listening at http://0.0.0.0:42462
2019-09-24 11:18:19,998 [main] INFO  impl.MetricsSystemImpl (MetricsSystemImpl.java:init(158)) - HddsDatanode metrics system started (again)
2019-09-24 11:18:20,002 [org.apache.hadoop.util.JvmPauseMonitor$Monitor@37e8f07a] INFO  util.JvmPauseMonitor (JvmPauseMonitor.java:run(188)) - Starting JVM pause monitor
2019-09-24 11:18:20,003 [Datanode State Machine Thread - 0] INFO  datanode.InitDatanodeState (InitDatanodeState.java:persistContainerDatanodeDetails(140)) - DatanodeDetails is persisted to /workdir/hadoop-ozone/integration-test/target/test-dir/MiniOzoneClusterImpl-40187663-585e-41ed-b8bc-b85aa484b511/datanode-3/meta/datanode.id
2019-09-24 11:18:20,004 [main] INFO  ozone.HddsDatanodeService (HddsDatanodeService.java:start(184)) - HddsDatanodeService host:pr-hdds-2067-q68gx-839588832 ip:192.168.5.168
2019-09-24 11:18:20,011 [main] INFO  volume.HddsVolume (HddsVolume.java:<init>(176)) - Creating Volume: /workdir/hadoop-ozone/integration-test/target/test-dir/MiniOzoneClusterImpl-40187663-585e-41ed-b8bc-b85aa484b511/datanode-4/data/containers/hdds of  storage type : DISK and capacity : 1482555576320
2019-09-24 11:18:20,011 [main] INFO  volume.VolumeSet (VolumeSet.java:initializeVolumeSet(170)) - Added Volume : /workdir/hadoop-ozone/integration-test/target/test-dir/MiniOzoneClusterImpl-40187663-585e-41ed-b8bc-b85aa484b511/datanode-4/data/containers/hdds to VolumeSet
2019-09-24 11:18:20,011 [main] INFO  volume.ThrottledAsyncChecker (ThrottledAsyncChecker.java:schedule(139)) - Scheduling a check for org.apache.hadoop.ozone.container.common.volume.HddsVolume@6b063470
2019-09-24 11:18:20,012 [main] INFO  volume.HddsVolumeChecker (HddsVolumeChecker.java:checkAllVolumes(202)) - Scheduled health check for volume org.apache.hadoop.ozone.container.common.volume.HddsVolume@6b063470
2019-09-24 11:18:20,027 [main] INFO  impl.RaftServerProxy (ConfUtils.java:logGet(43)) - raft.rpc.type = GRPC (default)
2019-09-24 11:18:20,027 [main] INFO  grpc.GrpcFactory (GrpcFactory.java:checkPooledByteBufAllocatorUseCacheForAllThreads(45)) - PERFORMANCE WARNING: useCacheForAllThreads is true that may cause Netty to create a lot garbage objects and, as a result, trigger GC.
	It is recommended to disable useCacheForAllThreads by setting -Dorg.apache.ratis.thirdparty.io.netty.allocator.useCacheForAllThreads=false in command line.
2019-09-24 11:18:20,027 [main] INFO  grpc.GrpcConfigKeys$Server (ConfUtils.java:logGet(43)) - raft.grpc.server.port = 0 (default)
2019-09-24 11:18:20,028 [main] INFO  server.GrpcService (ConfUtils.java:logGet(43)) - raft.grpc.message.size.max = 33570816 (custom)
2019-09-24 11:18:20,028 [main] INFO  server.RaftServerConfigKeys (ConfUtils.java:logGet(43)) - raft.server.log.appender.buffer.byte-limit = 33554432 (custom)
2019-09-24 11:18:20,028 [main] INFO  server.GrpcService (ConfUtils.java:logGet(43)) - raft.grpc.flow.control.window = 1MB (=1048576) (default)
2019-09-24 11:18:20,028 [main] INFO  server.RaftServerConfigKeys (ConfUtils.java:logGet(43)) - raft.server.rpc.request.timeout = 3000ms (default)
2019-09-24 11:18:20,028 [main] INFO  server.RaftServerConfigKeys (ConfUtils.java:logGet(43)) - raft.server.storage.dir = [/workdir/hadoop-ozone/integration-test/target/test-dir/MiniOzoneClusterImpl-40187663-585e-41ed-b8bc-b85aa484b511/datanode-4/data/ratis] (custom)
2019-09-24 11:18:20,030 [main] INFO  hdfs.DFSUtil (DFSUtil.java:httpServerTemplateForNNAndJN(1641)) - Starting Web-server for hddsDatanode at: http://0.0.0.0:0
2019-09-24 11:18:20,031 [main] INFO  server.AuthenticationFilter (AuthenticationFilter.java:constructSecretProvider(240)) - Unable to initialize FileSignerSecretProvider, falling back to use random secrets.
2019-09-24 11:18:20,031 [main] WARN  http.HttpRequestLog (HttpRequestLog.java:getRequestLog(97)) - Jetty request log can only be enabled using Log4j
2019-09-24 11:18:20,033 [main] INFO  http.HttpServer2 (HttpServer2.java:addGlobalFilter(975)) - Added global filter 'safety' (class=org.apache.hadoop.http.HttpServer2$QuotingInputFilter)
2019-09-24 11:18:20,033 [main] INFO  http.HttpServer2 (HttpServer2.java:addFilter(948)) - Added filter static_user_filter (class=org.apache.hadoop.http.lib.StaticUserWebFilter$StaticUserFilter) to context hddsDatanode
2019-09-24 11:18:20,034 [main] INFO  http.HttpServer2 (HttpServer2.java:addFilter(958)) - Added filter static_user_filter (class=org.apache.hadoop.http.lib.StaticUserWebFilter$StaticUserFilter) to context logs
2019-09-24 11:18:20,034 [main] INFO  http.HttpServer2 (HttpServer2.java:addFilter(958)) - Added filter static_user_filter (class=org.apache.hadoop.http.lib.StaticUserWebFilter$StaticUserFilter) to context static
2019-09-24 11:18:20,034 [main] INFO  http.HttpServer2 (HttpServer2.java:bindListener(1191)) - Jetty bound to port 40407
2019-09-24 11:18:20,035 [main] INFO  server.Server (Server.java:doStart(351)) - jetty-9.3.25.v20180904, build timestamp: 2018-09-04T21:11:46Z, git hash: 3ce520221d0240229c862b122d2b06c12a625732
2019-09-24 11:18:20,036 [main] INFO  handler.ContextHandler (ContextHandler.java:doStart(781)) - Started o.e.j.s.ServletContextHandler@53ea380b{/logs,file:///workdir/hadoop-ozone/integration-test/target/log,AVAILABLE}
2019-09-24 11:18:20,036 [main] INFO  handler.ContextHandler (ContextHandler.java:doStart(781)) - Started o.e.j.s.ServletContextHandler@245cb8df{/static,jar:file:/home/user/.m2/repository/org/apache/hadoop/hadoop-hdds-container-service/0.5.0-SNAPSHOT/hadoop-hdds-container-service-0.5.0-SNAPSHOT.jar!/webapps/static,AVAILABLE}
2019-09-24 11:18:20,074 [main] INFO  handler.ContextHandler (ContextHandler.java:doStart(781)) - Started o.e.j.w.WebAppContext@482f7af0{/,file:///tmp/jetty-0.0.0.0-40407-hddsDatanode-_-any-6042199359699772727.dir/webapp/,AVAILABLE}{/hddsDatanode}
2019-09-24 11:18:20,074 [main] INFO  server.AbstractConnector (AbstractConnector.java:doStart(278)) - Started ServerConnector@1edfedf1{HTTP/1.1,[http/1.1]}{0.0.0.0:40407}
2019-09-24 11:18:20,076 [main] INFO  server.Server (Server.java:doStart(419)) - Started @587106ms
2019-09-24 11:18:20,077 [main] WARN  impl.MetricsSystemImpl (MetricsSystemImpl.java:register(276)) - Sink prometheus already exists!
2019-09-24 11:18:20,078 [main] INFO  server.BaseHttpServer (BaseHttpServer.java:updateConnectorAddress(215)) - HTTP server of HDDSDATANODE is listening at http://0.0.0.0:40407
2019-09-24 11:18:20,078 [main] INFO  impl.MetricsSystemImpl (MetricsSystemImpl.java:init(158)) - HddsDatanode metrics system started (again)
2019-09-24 11:18:20,082 [org.apache.hadoop.util.JvmPauseMonitor$Monitor@654f8b38] INFO  util.JvmPauseMonitor (JvmPauseMonitor.java:run(188)) - Starting JVM pause monitor
2019-09-24 11:18:20,083 [Datanode State Machine Thread - 0] INFO  datanode.InitDatanodeState (InitDatanodeState.java:persistContainerDatanodeDetails(140)) - DatanodeDetails is persisted to /workdir/hadoop-ozone/integration-test/target/test-dir/MiniOzoneClusterImpl-40187663-585e-41ed-b8bc-b85aa484b511/datanode-4/meta/datanode.id
2019-09-24 11:18:20,083 [main] INFO  ozone.HddsDatanodeService (HddsDatanodeService.java:start(184)) - HddsDatanodeService host:pr-hdds-2067-q68gx-839588832 ip:192.168.5.168
2019-09-24 11:18:20,089 [main] INFO  volume.HddsVolume (HddsVolume.java:<init>(176)) - Creating Volume: /workdir/hadoop-ozone/integration-test/target/test-dir/MiniOzoneClusterImpl-40187663-585e-41ed-b8bc-b85aa484b511/datanode-5/data/containers/hdds of  storage type : DISK and capacity : 1482555576320
2019-09-24 11:18:20,090 [main] INFO  volume.VolumeSet (VolumeSet.java:initializeVolumeSet(170)) - Added Volume : /workdir/hadoop-ozone/integration-test/target/test-dir/MiniOzoneClusterImpl-40187663-585e-41ed-b8bc-b85aa484b511/datanode-5/data/containers/hdds to VolumeSet
2019-09-24 11:18:20,090 [main] INFO  volume.ThrottledAsyncChecker (ThrottledAsyncChecker.java:schedule(139)) - Scheduling a check for org.apache.hadoop.ozone.container.common.volume.HddsVolume@6cc48a17
2019-09-24 11:18:20,090 [main] INFO  volume.HddsVolumeChecker (HddsVolumeChecker.java:checkAllVolumes(202)) - Scheduled health check for volume org.apache.hadoop.ozone.container.common.volume.HddsVolume@6cc48a17
2019-09-24 11:18:20,105 [main] INFO  impl.RaftServerProxy (ConfUtils.java:logGet(43)) - raft.rpc.type = GRPC (default)
2019-09-24 11:18:20,105 [main] INFO  grpc.GrpcFactory (GrpcFactory.java:checkPooledByteBufAllocatorUseCacheForAllThreads(45)) - PERFORMANCE WARNING: useCacheForAllThreads is true that may cause Netty to create a lot garbage objects and, as a result, trigger GC.
	It is recommended to disable useCacheForAllThreads by setting -Dorg.apache.ratis.thirdparty.io.netty.allocator.useCacheForAllThreads=false in command line.
2019-09-24 11:18:20,105 [main] INFO  grpc.GrpcConfigKeys$Server (ConfUtils.java:logGet(43)) - raft.grpc.server.port = 0 (default)
2019-09-24 11:18:20,105 [main] INFO  server.GrpcService (ConfUtils.java:logGet(43)) - raft.grpc.message.size.max = 33570816 (custom)
2019-09-24 11:18:20,105 [main] INFO  server.RaftServerConfigKeys (ConfUtils.java:logGet(43)) - raft.server.log.appender.buffer.byte-limit = 33554432 (custom)
2019-09-24 11:18:20,106 [main] INFO  server.GrpcService (ConfUtils.java:logGet(43)) - raft.grpc.flow.control.window = 1MB (=1048576) (default)
2019-09-24 11:18:20,106 [main] INFO  server.RaftServerConfigKeys (ConfUtils.java:logGet(43)) - raft.server.rpc.request.timeout = 3000ms (default)
2019-09-24 11:18:20,106 [main] INFO  server.RaftServerConfigKeys (ConfUtils.java:logGet(43)) - raft.server.storage.dir = [/workdir/hadoop-ozone/integration-test/target/test-dir/MiniOzoneClusterImpl-40187663-585e-41ed-b8bc-b85aa484b511/datanode-5/data/ratis] (custom)
2019-09-24 11:18:20,107 [main] INFO  hdfs.DFSUtil (DFSUtil.java:httpServerTemplateForNNAndJN(1641)) - Starting Web-server for hddsDatanode at: http://0.0.0.0:0
2019-09-24 11:18:20,109 [main] INFO  server.AuthenticationFilter (AuthenticationFilter.java:constructSecretProvider(240)) - Unable to initialize FileSignerSecretProvider, falling back to use random secrets.
2019-09-24 11:18:20,109 [main] WARN  http.HttpRequestLog (HttpRequestLog.java:getRequestLog(97)) - Jetty request log can only be enabled using Log4j
2019-09-24 11:18:20,110 [main] INFO  http.HttpServer2 (HttpServer2.java:addGlobalFilter(975)) - Added global filter 'safety' (class=org.apache.hadoop.http.HttpServer2$QuotingInputFilter)
2019-09-24 11:18:20,111 [main] INFO  http.HttpServer2 (HttpServer2.java:addFilter(948)) - Added filter static_user_filter (class=org.apache.hadoop.http.lib.StaticUserWebFilter$StaticUserFilter) to context hddsDatanode
2019-09-24 11:18:20,111 [main] INFO  http.HttpServer2 (HttpServer2.java:addFilter(958)) - Added filter static_user_filter (class=org.apache.hadoop.http.lib.StaticUserWebFilter$StaticUserFilter) to context logs
2019-09-24 11:18:20,111 [main] INFO  http.HttpServer2 (HttpServer2.java:addFilter(958)) - Added filter static_user_filter (class=org.apache.hadoop.http.lib.StaticUserWebFilter$StaticUserFilter) to context static
2019-09-24 11:18:20,112 [main] INFO  http.HttpServer2 (HttpServer2.java:bindListener(1191)) - Jetty bound to port 41498
2019-09-24 11:18:20,112 [main] INFO  server.Server (Server.java:doStart(351)) - jetty-9.3.25.v20180904, build timestamp: 2018-09-04T21:11:46Z, git hash: 3ce520221d0240229c862b122d2b06c12a625732
2019-09-24 11:18:20,113 [main] INFO  handler.ContextHandler (ContextHandler.java:doStart(781)) - Started o.e.j.s.ServletContextHandler@34f7b44f{/logs,file:///workdir/hadoop-ozone/integration-test/target/log,AVAILABLE}
2019-09-24 11:18:20,113 [main] INFO  handler.ContextHandler (ContextHandler.java:doStart(781)) - Started o.e.j.s.ServletContextHandler@5175d9ad{/static,jar:file:/home/user/.m2/repository/org/apache/hadoop/hadoop-hdds-container-service/0.5.0-SNAPSHOT/hadoop-hdds-container-service-0.5.0-SNAPSHOT.jar!/webapps/static,AVAILABLE}
2019-09-24 11:18:20,141 [main] INFO  handler.ContextHandler (ContextHandler.java:doStart(781)) - Started o.e.j.w.WebAppContext@39449465{/,file:///tmp/jetty-0.0.0.0-41498-hddsDatanode-_-any-5363846172460167020.dir/webapp/,AVAILABLE}{/hddsDatanode}
2019-09-24 11:18:20,141 [main] INFO  server.AbstractConnector (AbstractConnector.java:doStart(278)) - Started ServerConnector@6e3dd5ce{HTTP/1.1,[http/1.1]}{0.0.0.0:41498}
2019-09-24 11:18:20,143 [main] INFO  server.Server (Server.java:doStart(419)) - Started @587173ms
2019-09-24 11:18:20,143 [main] WARN  impl.MetricsSystemImpl (MetricsSystemImpl.java:register(276)) - Sink prometheus already exists!
2019-09-24 11:18:20,144 [main] INFO  server.BaseHttpServer (BaseHttpServer.java:updateConnectorAddress(215)) - HTTP server of HDDSDATANODE is listening at http://0.0.0.0:41498
2019-09-24 11:18:20,144 [main] INFO  impl.MetricsSystemImpl (MetricsSystemImpl.java:init(158)) - HddsDatanode metrics system started (again)
2019-09-24 11:18:20,148 [org.apache.hadoop.util.JvmPauseMonitor$Monitor@6b159a49] INFO  util.JvmPauseMonitor (JvmPauseMonitor.java:run(188)) - Starting JVM pause monitor
2019-09-24 11:18:20,149 [main] INFO  ozone.HddsDatanodeService (HddsDatanodeService.java:start(184)) - HddsDatanodeService host:pr-hdds-2067-q68gx-839588832 ip:192.168.5.168
2019-09-24 11:18:20,149 [Datanode State Machine Thread - 0] INFO  datanode.InitDatanodeState (InitDatanodeState.java:persistContainerDatanodeDetails(140)) - DatanodeDetails is persisted to /workdir/hadoop-ozone/integration-test/target/test-dir/MiniOzoneClusterImpl-40187663-585e-41ed-b8bc-b85aa484b511/datanode-5/meta/datanode.id
2019-09-24 11:18:20,154 [main] INFO  volume.HddsVolume (HddsVolume.java:<init>(176)) - Creating Volume: /workdir/hadoop-ozone/integration-test/target/test-dir/MiniOzoneClusterImpl-40187663-585e-41ed-b8bc-b85aa484b511/datanode-6/data/containers/hdds of  storage type : DISK and capacity : 1482555576320
2019-09-24 11:18:20,154 [main] INFO  volume.VolumeSet (VolumeSet.java:initializeVolumeSet(170)) - Added Volume : /workdir/hadoop-ozone/integration-test/target/test-dir/MiniOzoneClusterImpl-40187663-585e-41ed-b8bc-b85aa484b511/datanode-6/data/containers/hdds to VolumeSet
2019-09-24 11:18:20,154 [main] INFO  volume.ThrottledAsyncChecker (ThrottledAsyncChecker.java:schedule(139)) - Scheduling a check for org.apache.hadoop.ozone.container.common.volume.HddsVolume@621f23ac
2019-09-24 11:18:20,155 [main] INFO  volume.HddsVolumeChecker (HddsVolumeChecker.java:checkAllVolumes(202)) - Scheduled health check for volume org.apache.hadoop.ozone.container.common.volume.HddsVolume@621f23ac
2019-09-24 11:18:20,167 [main] INFO  impl.RaftServerProxy (ConfUtils.java:logGet(43)) - raft.rpc.type = GRPC (default)
2019-09-24 11:18:20,167 [main] INFO  grpc.GrpcFactory (GrpcFactory.java:checkPooledByteBufAllocatorUseCacheForAllThreads(45)) - PERFORMANCE WARNING: useCacheForAllThreads is true that may cause Netty to create a lot garbage objects and, as a result, trigger GC.
	It is recommended to disable useCacheForAllThreads by setting -Dorg.apache.ratis.thirdparty.io.netty.allocator.useCacheForAllThreads=false in command line.
2019-09-24 11:18:20,167 [main] INFO  grpc.GrpcConfigKeys$Server (ConfUtils.java:logGet(43)) - raft.grpc.server.port = 0 (default)
2019-09-24 11:18:20,167 [main] INFO  server.GrpcService (ConfUtils.java:logGet(43)) - raft.grpc.message.size.max = 33570816 (custom)
2019-09-24 11:18:20,168 [main] INFO  server.RaftServerConfigKeys (ConfUtils.java:logGet(43)) - raft.server.log.appender.buffer.byte-limit = 33554432 (custom)
2019-09-24 11:18:20,168 [main] INFO  server.GrpcService (ConfUtils.java:logGet(43)) - raft.grpc.flow.control.window = 1MB (=1048576) (default)
2019-09-24 11:18:20,168 [main] INFO  server.RaftServerConfigKeys (ConfUtils.java:logGet(43)) - raft.server.rpc.request.timeout = 3000ms (default)
2019-09-24 11:18:20,168 [main] INFO  server.RaftServerConfigKeys (ConfUtils.java:logGet(43)) - raft.server.storage.dir = [/workdir/hadoop-ozone/integration-test/target/test-dir/MiniOzoneClusterImpl-40187663-585e-41ed-b8bc-b85aa484b511/datanode-6/data/ratis] (custom)
2019-09-24 11:18:20,170 [main] INFO  hdfs.DFSUtil (DFSUtil.java:httpServerTemplateForNNAndJN(1641)) - Starting Web-server for hddsDatanode at: http://0.0.0.0:0
2019-09-24 11:18:20,171 [main] INFO  server.AuthenticationFilter (AuthenticationFilter.java:constructSecretProvider(240)) - Unable to initialize FileSignerSecretProvider, falling back to use random secrets.
2019-09-24 11:18:20,171 [main] WARN  http.HttpRequestLog (HttpRequestLog.java:getRequestLog(97)) - Jetty request log can only be enabled using Log4j
2019-09-24 11:18:20,173 [main] INFO  http.HttpServer2 (HttpServer2.java:addGlobalFilter(975)) - Added global filter 'safety' (class=org.apache.hadoop.http.HttpServer2$QuotingInputFilter)
2019-09-24 11:18:20,174 [main] INFO  http.HttpServer2 (HttpServer2.java:addFilter(948)) - Added filter static_user_filter (class=org.apache.hadoop.http.lib.StaticUserWebFilter$StaticUserFilter) to context hddsDatanode
2019-09-24 11:18:20,174 [main] INFO  http.HttpServer2 (HttpServer2.java:addFilter(958)) - Added filter static_user_filter (class=org.apache.hadoop.http.lib.StaticUserWebFilter$StaticUserFilter) to context logs
2019-09-24 11:18:20,174 [main] INFO  http.HttpServer2 (HttpServer2.java:addFilter(958)) - Added filter static_user_filter (class=org.apache.hadoop.http.lib.StaticUserWebFilter$StaticUserFilter) to context static
2019-09-24 11:18:20,175 [main] INFO  http.HttpServer2 (HttpServer2.java:bindListener(1191)) - Jetty bound to port 39572
2019-09-24 11:18:20,175 [main] INFO  server.Server (Server.java:doStart(351)) - jetty-9.3.25.v20180904, build timestamp: 2018-09-04T21:11:46Z, git hash: 3ce520221d0240229c862b122d2b06c12a625732
2019-09-24 11:18:20,176 [main] INFO  handler.ContextHandler (ContextHandler.java:doStart(781)) - Started o.e.j.s.ServletContextHandler@7f2b584b{/logs,file:///workdir/hadoop-ozone/integration-test/target/log,AVAILABLE}
2019-09-24 11:18:20,177 [main] INFO  handler.ContextHandler (ContextHandler.java:doStart(781)) - Started o.e.j.s.ServletContextHandler@56a05324{/static,jar:file:/home/user/.m2/repository/org/apache/hadoop/hadoop-hdds-container-service/0.5.0-SNAPSHOT/hadoop-hdds-container-service-0.5.0-SNAPSHOT.jar!/webapps/static,AVAILABLE}
2019-09-24 11:18:20,203 [main] INFO  handler.ContextHandler (ContextHandler.java:doStart(781)) - Started o.e.j.w.WebAppContext@5b066c33{/,file:///tmp/jetty-0.0.0.0-39572-hddsDatanode-_-any-4572580005745795731.dir/webapp/,AVAILABLE}{/hddsDatanode}
2019-09-24 11:18:20,204 [main] INFO  server.AbstractConnector (AbstractConnector.java:doStart(278)) - Started ServerConnector@62ea8931{HTTP/1.1,[http/1.1]}{0.0.0.0:39572}
2019-09-24 11:18:20,210 [main] INFO  server.Server (Server.java:doStart(419)) - Started @587240ms
2019-09-24 11:18:20,210 [main] WARN  impl.MetricsSystemImpl (MetricsSystemImpl.java:register(276)) - Sink prometheus already exists!
2019-09-24 11:18:20,211 [main] INFO  server.BaseHttpServer (BaseHttpServer.java:updateConnectorAddress(215)) - HTTP server of HDDSDATANODE is listening at http://0.0.0.0:39572
2019-09-24 11:18:20,212 [main] INFO  ozone.MiniOzoneClusterImpl (MiniOzoneClusterImpl.java:lambda$waitForClusterToBeReady$0(147)) - Waiting for cluster to be ready. Got 0 of 7 DN Heartbeats.
2019-09-24 11:18:20,213 [org.apache.hadoop.util.JvmPauseMonitor$Monitor@7f279bf1] INFO  util.JvmPauseMonitor (JvmPauseMonitor.java:run(188)) - Starting JVM pause monitor
2019-09-24 11:18:20,214 [Datanode State Machine Thread - 0] INFO  datanode.InitDatanodeState (InitDatanodeState.java:persistContainerDatanodeDetails(140)) - DatanodeDetails is persisted to /workdir/hadoop-ozone/integration-test/target/test-dir/MiniOzoneClusterImpl-40187663-585e-41ed-b8bc-b85aa484b511/datanode-6/meta/datanode.id
2019-09-24 11:18:21,212 [main] INFO  ozone.MiniOzoneClusterImpl (MiniOzoneClusterImpl.java:lambda$waitForClusterToBeReady$0(147)) - Waiting for cluster to be ready. Got 0 of 7 DN Heartbeats.
2019-09-24 11:18:21,860 [Datanode State Machine Thread - 0] INFO  ozoneimpl.OzoneContainer (OzoneContainer.java:start(217)) - Attempting to start container services.
2019-09-24 11:18:21,861 [Datanode State Machine Thread - 0] INFO  ozoneimpl.OzoneContainer (OzoneContainer.java:startContainerScrub(179)) - Background container scanner has been disabled.
2019-09-24 11:18:21,861 [Datanode State Machine Thread - 0] INFO  ratis.XceiverServerRatis (XceiverServerRatis.java:start(411)) - Starting XceiverServerRatis f9d0bdbe-9579-4549-bd8e-208b1d7d3b14 at port 0
2019-09-24 11:18:21,869 [Datanode State Machine Thread - 0] INFO  impl.RaftServerProxy (RaftServerProxy.java:lambda$start$3(299)) - f9d0bdbe-9579-4549-bd8e-208b1d7d3b14: start RPC server
2019-09-24 11:18:21,872 [Datanode State Machine Thread - 0] INFO  server.GrpcService (GrpcService.java:startImpl(158)) - f9d0bdbe-9579-4549-bd8e-208b1d7d3b14: GrpcService started, listening on 0.0.0.0/0.0.0.0:43008
2019-09-24 11:18:21,872 [Datanode State Machine Thread - 0] INFO  ratis.XceiverServerRatis (XceiverServerRatis.java:start(421)) - XceiverServerRatis f9d0bdbe-9579-4549-bd8e-208b1d7d3b14 is started using port 43008
2019-09-24 11:18:21,874 [Datanode State Machine Thread - 0] INFO  server.XceiverServerGrpc (XceiverServerGrpc.java:start(149)) - XceiverServerGrpc f9d0bdbe-9579-4549-bd8e-208b1d7d3b14 is started using port 40713
2019-09-24 11:18:21,893 [Datanode State Machine Thread - 0] INFO  ozoneimpl.OzoneContainer (OzoneContainer.java:start(217)) - Attempting to start container services.
2019-09-24 11:18:21,893 [Datanode State Machine Thread - 0] INFO  ozoneimpl.OzoneContainer (OzoneContainer.java:startContainerScrub(179)) - Background container scanner has been disabled.
2019-09-24 11:18:21,893 [Datanode State Machine Thread - 0] INFO  ratis.XceiverServerRatis (XceiverServerRatis.java:start(411)) - Starting XceiverServerRatis c586e99e-b06a-4991-997f-73c122885b4e at port 0
2019-09-24 11:18:21,898 [Datanode State Machine Thread - 0] INFO  impl.RaftServerProxy (RaftServerProxy.java:lambda$start$3(299)) - c586e99e-b06a-4991-997f-73c122885b4e: start RPC server
2019-09-24 11:18:21,899 [Datanode State Machine Thread - 0] INFO  server.GrpcService (GrpcService.java:startImpl(158)) - c586e99e-b06a-4991-997f-73c122885b4e: GrpcService started, listening on 0.0.0.0/0.0.0.0:38869
2019-09-24 11:18:21,899 [Datanode State Machine Thread - 0] INFO  ratis.XceiverServerRatis (XceiverServerRatis.java:start(421)) - XceiverServerRatis c586e99e-b06a-4991-997f-73c122885b4e is started using port 38869
2019-09-24 11:18:21,899 [Datanode State Machine Thread - 0] INFO  server.XceiverServerGrpc (XceiverServerGrpc.java:start(149)) - XceiverServerGrpc c586e99e-b06a-4991-997f-73c122885b4e is started using port 36311
2019-09-24 11:18:21,962 [Datanode State Machine Thread - 0] INFO  ozoneimpl.OzoneContainer (OzoneContainer.java:start(217)) - Attempting to start container services.
2019-09-24 11:18:21,962 [Datanode State Machine Thread - 0] INFO  ozoneimpl.OzoneContainer (OzoneContainer.java:startContainerScrub(179)) - Background container scanner has been disabled.
2019-09-24 11:18:21,962 [Datanode State Machine Thread - 0] INFO  ratis.XceiverServerRatis (XceiverServerRatis.java:start(411)) - Starting XceiverServerRatis 5a71a179-55eb-4892-abf8-88945be6e430 at port 0
2019-09-24 11:18:21,967 [Datanode State Machine Thread - 0] INFO  impl.RaftServerProxy (RaftServerProxy.java:lambda$start$3(299)) - 5a71a179-55eb-4892-abf8-88945be6e430: start RPC server
2019-09-24 11:18:21,969 [Datanode State Machine Thread - 0] INFO  server.GrpcService (GrpcService.java:startImpl(158)) - 5a71a179-55eb-4892-abf8-88945be6e430: GrpcService started, listening on 0.0.0.0/0.0.0.0:41133
2019-09-24 11:18:21,969 [Datanode State Machine Thread - 0] INFO  ratis.XceiverServerRatis (XceiverServerRatis.java:start(421)) - XceiverServerRatis 5a71a179-55eb-4892-abf8-88945be6e430 is started using port 41133
2019-09-24 11:18:21,969 [Datanode State Machine Thread - 0] INFO  server.XceiverServerGrpc (XceiverServerGrpc.java:start(149)) - XceiverServerGrpc 5a71a179-55eb-4892-abf8-88945be6e430 is started using port 33412
2019-09-24 11:18:22,017 [Datanode State Machine Thread - 0] INFO  ozoneimpl.OzoneContainer (OzoneContainer.java:start(217)) - Attempting to start container services.
2019-09-24 11:18:22,017 [Datanode State Machine Thread - 0] INFO  ozoneimpl.OzoneContainer (OzoneContainer.java:startContainerScrub(179)) - Background container scanner has been disabled.
2019-09-24 11:18:22,017 [Datanode State Machine Thread - 0] INFO  ratis.XceiverServerRatis (XceiverServerRatis.java:start(411)) - Starting XceiverServerRatis 2f081810-8a16-4ad4-b1e8-4f35666036b9 at port 0
2019-09-24 11:18:22,023 [Datanode State Machine Thread - 0] INFO  impl.RaftServerProxy (RaftServerProxy.java:lambda$start$3(299)) - 2f081810-8a16-4ad4-b1e8-4f35666036b9: start RPC server
2019-09-24 11:18:22,024 [Datanode State Machine Thread - 0] INFO  server.GrpcService (GrpcService.java:startImpl(158)) - 2f081810-8a16-4ad4-b1e8-4f35666036b9: GrpcService started, listening on 0.0.0.0/0.0.0.0:46567
2019-09-24 11:18:22,024 [Datanode State Machine Thread - 0] INFO  ratis.XceiverServerRatis (XceiverServerRatis.java:start(421)) - XceiverServerRatis 2f081810-8a16-4ad4-b1e8-4f35666036b9 is started using port 46567
2019-09-24 11:18:22,025 [Datanode State Machine Thread - 0] INFO  server.XceiverServerGrpc (XceiverServerGrpc.java:start(149)) - XceiverServerGrpc 2f081810-8a16-4ad4-b1e8-4f35666036b9 is started using port 40128
2019-09-24 11:18:22,101 [Datanode State Machine Thread - 0] INFO  ozoneimpl.OzoneContainer (OzoneContainer.java:start(217)) - Attempting to start container services.
2019-09-24 11:18:22,101 [Datanode State Machine Thread - 0] INFO  ozoneimpl.OzoneContainer (OzoneContainer.java:startContainerScrub(179)) - Background container scanner has been disabled.
2019-09-24 11:18:22,101 [Datanode State Machine Thread - 0] INFO  ratis.XceiverServerRatis (XceiverServerRatis.java:start(411)) - Starting XceiverServerRatis 8cab83c2-a74a-4ed7-b92f-ceab93cc65b5 at port 0
2019-09-24 11:18:22,107 [Datanode State Machine Thread - 0] INFO  impl.RaftServerProxy (RaftServerProxy.java:lambda$start$3(299)) - 8cab83c2-a74a-4ed7-b92f-ceab93cc65b5: start RPC server
2019-09-24 11:18:22,107 [Datanode State Machine Thread - 0] INFO  server.GrpcService (GrpcService.java:startImpl(158)) - 8cab83c2-a74a-4ed7-b92f-ceab93cc65b5: GrpcService started, listening on 0.0.0.0/0.0.0.0:39485
2019-09-24 11:18:22,108 [Datanode State Machine Thread - 0] INFO  ratis.XceiverServerRatis (XceiverServerRatis.java:start(421)) - XceiverServerRatis 8cab83c2-a74a-4ed7-b92f-ceab93cc65b5 is started using port 39485
2019-09-24 11:18:22,108 [Datanode State Machine Thread - 0] INFO  server.XceiverServerGrpc (XceiverServerGrpc.java:start(149)) - XceiverServerGrpc 8cab83c2-a74a-4ed7-b92f-ceab93cc65b5 is started using port 41367
2019-09-24 11:18:22,163 [Datanode State Machine Thread - 0] INFO  ozoneimpl.OzoneContainer (OzoneContainer.java:start(217)) - Attempting to start container services.
2019-09-24 11:18:22,163 [Datanode State Machine Thread - 0] INFO  ozoneimpl.OzoneContainer (OzoneContainer.java:startContainerScrub(179)) - Background container scanner has been disabled.
2019-09-24 11:18:22,163 [Datanode State Machine Thread - 0] INFO  ratis.XceiverServerRatis (XceiverServerRatis.java:start(411)) - Starting XceiverServerRatis 96abde27-51e3-4584-b631-6c6622a6cfdc at port 0
2019-09-24 11:18:22,167 [Datanode State Machine Thread - 0] INFO  impl.RaftServerProxy (RaftServerProxy.java:lambda$start$3(299)) - 96abde27-51e3-4584-b631-6c6622a6cfdc: start RPC server
2019-09-24 11:18:22,170 [Datanode State Machine Thread - 0] INFO  server.GrpcService (GrpcService.java:startImpl(158)) - 96abde27-51e3-4584-b631-6c6622a6cfdc: GrpcService started, listening on 0.0.0.0/0.0.0.0:44280
2019-09-24 11:18:22,170 [Datanode State Machine Thread - 0] INFO  ratis.XceiverServerRatis (XceiverServerRatis.java:start(421)) - XceiverServerRatis 96abde27-51e3-4584-b631-6c6622a6cfdc is started using port 44280
2019-09-24 11:18:22,173 [Datanode State Machine Thread - 0] INFO  server.XceiverServerGrpc (XceiverServerGrpc.java:start(149)) - XceiverServerGrpc 96abde27-51e3-4584-b631-6c6622a6cfdc is started using port 43922
2019-09-24 11:18:22,214 [main] INFO  ozone.MiniOzoneClusterImpl (MiniOzoneClusterImpl.java:lambda$waitForClusterToBeReady$0(147)) - Waiting for cluster to be ready. Got 0 of 7 DN Heartbeats.
2019-09-24 11:18:22,244 [Datanode State Machine Thread - 0] INFO  ozoneimpl.OzoneContainer (OzoneContainer.java:start(217)) - Attempting to start container services.
2019-09-24 11:18:22,244 [Datanode State Machine Thread - 0] INFO  ozoneimpl.OzoneContainer (OzoneContainer.java:startContainerScrub(179)) - Background container scanner has been disabled.
2019-09-24 11:18:22,244 [Datanode State Machine Thread - 0] INFO  ratis.XceiverServerRatis (XceiverServerRatis.java:start(411)) - Starting XceiverServerRatis 6fbe9392-c3cb-4124-a52f-02b22ed2aec3 at port 0
2019-09-24 11:18:22,252 [Datanode State Machine Thread - 0] INFO  impl.RaftServerProxy (RaftServerProxy.java:lambda$start$3(299)) - 6fbe9392-c3cb-4124-a52f-02b22ed2aec3: start RPC server
2019-09-24 11:18:22,262 [Datanode State Machine Thread - 0] INFO  server.GrpcService (GrpcService.java:startImpl(158)) - 6fbe9392-c3cb-4124-a52f-02b22ed2aec3: GrpcService started, listening on 0.0.0.0/0.0.0.0:37958
2019-09-24 11:18:22,263 [Datanode State Machine Thread - 0] INFO  ratis.XceiverServerRatis (XceiverServerRatis.java:start(421)) - XceiverServerRatis 6fbe9392-c3cb-4124-a52f-02b22ed2aec3 is started using port 37958
2019-09-24 11:18:22,263 [Datanode State Machine Thread - 0] INFO  server.XceiverServerGrpc (XceiverServerGrpc.java:start(149)) - XceiverServerGrpc 6fbe9392-c3cb-4124-a52f-02b22ed2aec3 is started using port 45885
2019-09-24 11:18:23,214 [main] INFO  ozone.MiniOzoneClusterImpl (MiniOzoneClusterImpl.java:lambda$waitForClusterToBeReady$0(147)) - Waiting for cluster to be ready. Got 0 of 7 DN Heartbeats.
2019-09-24 11:18:23,822 [IPC Server handler 2 on 45607] INFO  net.NetworkTopology (NetworkTopologyImpl.java:add(111)) - Added a new node: /default-rack/f9d0bdbe-9579-4549-bd8e-208b1d7d3b14
2019-09-24 11:18:23,824 [IPC Server handler 2 on 45607] INFO  node.SCMNodeManager (SCMNodeManager.java:register(266)) - Registered Data node : f9d0bdbe-9579-4549-bd8e-208b1d7d3b14{ip: 192.168.5.168, host: pr-hdds-2067-q68gx-839588832, networkLocation: /default-rack, certSerialId: null}
2019-09-24 11:18:23,826 [EventQueue-NodeRegistrationContainerReportForDataNodeSafeModeRule] INFO  safemode.SCMSafeModeManager (DataNodeSafeModeRule.java:process(71)) - SCM in safe mode. 1 DataNodes registered, 1 required.
2019-09-24 11:18:23,834 [EventQueue-NodeRegistrationContainerReportForDataNodeSafeModeRule] INFO  safemode.SCMSafeModeManager (SCMSafeModeManager.java:validateSafeModeExitRules(177)) - ScmSafeModeManager, all rules are successfully validated
2019-09-24 11:18:23,834 [EventQueue-NodeRegistrationContainerReportForDataNodeSafeModeRule] INFO  safemode.SCMSafeModeManager (SCMSafeModeManager.java:exitSafeMode(193)) - SCM exiting safe mode.
2019-09-24 11:18:23,843 [grpc-default-executor-7] INFO  impl.RaftServerProxy (RaftServerProxy.java:addNew(89)) - f9d0bdbe-9579-4549-bd8e-208b1d7d3b14: addNew group-5B8A6A6293B6:[f9d0bdbe-9579-4549-bd8e-208b1d7d3b14:192.168.5.168:43008] returns group-5B8A6A6293B6:java.util.concurrent.CompletableFuture@34a8c971[Not completed]
2019-09-24 11:18:23,845 [pool-409-thread-1] INFO  impl.RaftServerImpl (RaftServerImpl.java:<init>(95)) - f9d0bdbe-9579-4549-bd8e-208b1d7d3b14: new RaftServerImpl for group-5B8A6A6293B6:[f9d0bdbe-9579-4549-bd8e-208b1d7d3b14:192.168.5.168:43008] with ContainerStateMachine:uninitialized
2019-09-24 11:18:23,845 [pool-409-thread-1] INFO  server.RaftServerConfigKeys (ConfUtils.java:logGet(43)) - raft.server.rpc.timeout.min = 5s (custom)
2019-09-24 11:18:23,845 [pool-409-thread-1] INFO  server.RaftServerConfigKeys (ConfUtils.java:logGet(43)) - raft.server.rpc.timeout.max = 5200ms (custom)
2019-09-24 11:18:23,845 [pool-409-thread-1] INFO  server.RaftServerConfigKeys (ConfUtils.java:logGet(43)) - raft.server.rpcslowness.timeout = 120s (custom)
2019-09-24 11:18:23,845 [pool-409-thread-1] INFO  server.RaftServerConfigKeys (ConfUtils.java:logGet(43)) - raft.server.sleep.deviation.threshold = 300 (default)
2019-09-24 11:18:23,845 [pool-409-thread-1] INFO  server.RaftServerConfigKeys (ConfUtils.java:logGet(43)) - raft.server.log.appender.install.snapshot.enabled = false (custom)
2019-09-24 11:18:23,846 [pool-409-thread-1] INFO  impl.RaftServerImpl (ServerState.java:<init>(103)) - f9d0bdbe-9579-4549-bd8e-208b1d7d3b14@group-5B8A6A6293B6: ConfigurationManager, init=-1: [f9d0bdbe-9579-4549-bd8e-208b1d7d3b14:192.168.5.168:43008], old=null, confs=<EMPTY_MAP>
2019-09-24 11:18:23,846 [pool-409-thread-1] INFO  server.RaftServerConfigKeys (ConfUtils.java:logGet(43)) - raft.server.storage.dir = [/workdir/hadoop-ozone/integration-test/target/test-dir/MiniOzoneClusterImpl-40187663-585e-41ed-b8bc-b85aa484b511/datanode-0/data/ratis] (custom)
2019-09-24 11:18:23,846 [pool-409-thread-1] INFO  storage.RaftStorageDirectory (RaftStorageDirectory.java:analyzeStorage(246)) - The storage directory /workdir/hadoop-ozone/integration-test/target/test-dir/MiniOzoneClusterImpl-40187663-585e-41ed-b8bc-b85aa484b511/datanode-0/data/ratis/54c1d47f-8258-4544-b906-5b8a6a6293b6 does not exist. Creating ...
2019-09-24 11:18:23,861 [pool-409-thread-1] INFO  storage.RaftStorageDirectory (RaftStorageDirectory.java:tryLock(328)) - Lock on /workdir/hadoop-ozone/integration-test/target/test-dir/MiniOzoneClusterImpl-40187663-585e-41ed-b8bc-b85aa484b511/datanode-0/data/ratis/54c1d47f-8258-4544-b906-5b8a6a6293b6/in_use.lock acquired by nodename 31729@pr-hdds-2067-q68gx-839588832
2019-09-24 11:18:23,875 [pool-409-thread-1] INFO  storage.RaftStorage (RaftStorage.java:format(72)) - Storage directory /workdir/hadoop-ozone/integration-test/target/test-dir/MiniOzoneClusterImpl-40187663-585e-41ed-b8bc-b85aa484b511/datanode-0/data/ratis/54c1d47f-8258-4544-b906-5b8a6a6293b6 has been successfully formatted.
2019-09-24 11:18:23,875 [pool-409-thread-1] INFO  ratis.ContainerStateMachine (ContainerStateMachine.java:loadSnapshot(230)) - group-5B8A6A6293B6: The snapshot info is null. Setting the last applied indexto:(t:0, i:~)
2019-09-24 11:18:23,875 [pool-409-thread-1] INFO  server.RaftServerConfigKeys (ConfUtils.java:logGet(43)) - raft.server.notification.no-leader.timeout = 120s (custom)
2019-09-24 11:18:23,875 [pool-409-thread-1] INFO  server.RaftServerConfigKeys (ConfUtils.java:logGet(43)) - raft.server.log.use.memory = false (default)
2019-09-24 11:18:23,875 [pool-409-thread-1] INFO  server.RaftServerConfigKeys (ConfUtils.java:logGet(43)) - raft.server.log.purge.gap = 1000000 (custom)
2019-09-24 11:18:23,876 [pool-409-thread-1] INFO  server.RaftServerConfigKeys (ConfUtils.java:logGet(43)) - raft.server.log.appender.buffer.byte-limit = 33554432 (custom)
2019-09-24 11:18:23,876 [pool-409-thread-1] INFO  server.RaftServerConfigKeys (ConfUtils.java:logGet(43)) - raft.server.log.segment.size.max = 1048576 (custom)
2019-09-24 11:18:23,876 [pool-409-thread-1] INFO  server.RaftServerConfigKeys (ConfUtils.java:logGet(43)) - raft.server.log.segment.cache.num.max = 2 (custom)
2019-09-24 11:18:23,876 [pool-409-thread-1] INFO  segmented.SegmentedRaftLogWorker (SegmentedRaftLogWorker.java:<init>(172)) - new f9d0bdbe-9579-4549-bd8e-208b1d7d3b14@group-5B8A6A6293B6-SegmentedRaftLogWorker for RaftStorage:Storage Directory /workdir/hadoop-ozone/integration-test/target/test-dir/MiniOzoneClusterImpl-40187663-585e-41ed-b8bc-b85aa484b511/datanode-0/data/ratis/54c1d47f-8258-4544-b906-5b8a6a6293b6
2019-09-24 11:18:23,878 [pool-409-thread-1] INFO  server.RaftServerConfigKeys (ConfUtils.java:logGet(43)) - raft.server.log.queue.byte-limit = 2147483647 (custom)
2019-09-24 11:18:23,878 [pool-409-thread-1] INFO  server.RaftServerConfigKeys (ConfUtils.java:logGet(43)) - raft.server.log.queue.element-limit = 1024 (custom)
2019-09-24 11:18:23,879 [IPC Server handler 4 on 45607] INFO  net.NetworkTopology (NetworkTopologyImpl.java:add(111)) - Added a new node: /default-rack/c586e99e-b06a-4991-997f-73c122885b4e
2019-09-24 11:18:23,879 [pool-409-thread-1] INFO  server.RaftServerConfigKeys (ConfUtils.java:logGet(43)) - raft.server.log.segment.size.max = 1048576 (custom)
2019-09-24 11:18:23,879 [IPC Server handler 4 on 45607] INFO  node.SCMNodeManager (SCMNodeManager.java:register(266)) - Registered Data node : c586e99e-b06a-4991-997f-73c122885b4e{ip: 192.168.5.168, host: pr-hdds-2067-q68gx-839588832, networkLocation: /default-rack, certSerialId: null}
2019-09-24 11:18:23,879 [pool-409-thread-1] INFO  server.RaftServerConfigKeys (ConfUtils.java:logGet(43)) - raft.server.log.preallocated.size = 16384 (custom)
2019-09-24 11:18:23,879 [pool-409-thread-1] INFO  server.RaftServerConfigKeys (ConfUtils.java:logGet(43)) - raft.server.log.write.buffer.size = 33554432 (custom)
2019-09-24 11:18:23,879 [pool-409-thread-1] INFO  server.RaftServerConfigKeys (ConfUtils.java:logGet(43)) - raft.server.log.force.sync.num = 128 (default)
2019-09-24 11:18:23,880 [pool-409-thread-1] INFO  server.RaftServerConfigKeys (ConfUtils.java:logGet(43)) - raft.server.log.statemachine.data.sync = true (default)
2019-09-24 11:18:23,880 [pool-409-thread-1] INFO  server.RaftServerConfigKeys (ConfUtils.java:logGet(43)) - raft.server.log.statemachine.data.sync.timeout = 10s (default)
2019-09-24 11:18:23,880 [pool-409-thread-1] INFO  server.RaftServerConfigKeys (ConfUtils.java:logGet(43)) - raft.server.log.statemachine.data.sync.timeout.retry = -1 (default)
2019-09-24 11:18:23,880 [pool-409-thread-1] INFO  server.RaftServerConfigKeys (ConfUtils.java:logGet(43)) - raft.server.log.statemachine.data.caching.enabled = true (custom)
2019-09-24 11:18:23,880 [pool-409-thread-1] INFO  segmented.SegmentedRaftLogWorker (SegmentedRaftLogWorker.java:lambda$new$0(132)) - f9d0bdbe-9579-4549-bd8e-208b1d7d3b14@group-5B8A6A6293B6-SegmentedRaftLogWorker: flushIndex: setUnconditionally 0 -> -1
2019-09-24 11:18:23,881 [pool-409-thread-1] INFO  server.RaftServerConfigKeys (ConfUtils.java:logGet(43)) - raft.server.snapshot.auto.trigger.enabled = true (custom)
2019-09-24 11:18:23,881 [pool-409-thread-1] INFO  server.RaftServerConfigKeys (ConfUtils.java:logGet(43)) - raft.server.snapshot.auto.trigger.threshold = 10000 (custom)
2019-09-24 11:18:23,881 [pool-409-thread-1] INFO  server.RaftServerConfigKeys (ConfUtils.java:logGet(43)) - raft.server.snapshot.retention.num.files = 5 (custom)
2019-09-24 11:18:23,881 [pool-409-thread-1] INFO  server.RaftServerConfigKeys (ConfUtils.java:logGet(43)) - raft.server.retrycache.expirytime = 600000ms (custom)
2019-09-24 11:18:23,883 [pool-409-thread-1] INFO  impl.RaftServerImpl (RaftServerImpl.java:start(185)) - f9d0bdbe-9579-4549-bd8e-208b1d7d3b14@group-5B8A6A6293B6: start as a follower, conf=-1: [f9d0bdbe-9579-4549-bd8e-208b1d7d3b14:192.168.5.168:43008], old=null
2019-09-24 11:18:23,883 [pool-409-thread-1] INFO  impl.RaftServerImpl (RaftServerImpl.java:setRole(174)) - f9d0bdbe-9579-4549-bd8e-208b1d7d3b14@group-5B8A6A6293B6: changes role from      null to FOLLOWER at term 0 for startAsFollower
2019-09-24 11:18:23,883 [pool-409-thread-1] INFO  impl.RoleInfo (RoleInfo.java:updateAndGet(143)) - f9d0bdbe-9579-4549-bd8e-208b1d7d3b14: start FollowerState
2019-09-24 11:18:23,883 [pool-409-thread-1] INFO  util.JmxRegister (JmxRegister.java:tryRegister(44)) - Successfully registered JMX Bean with object name Ratis:service=RaftServer,group=group-5B8A6A6293B6,id=f9d0bdbe-9579-4549-bd8e-208b1d7d3b14
2019-09-24 11:18:23,889 [RatisPipelineUtilsThread] INFO  pipeline.PipelineStateManager (PipelineStateManager.java:addPipeline(56)) - Created pipeline Pipeline[ Id: 54c1d47f-8258-4544-b906-5b8a6a6293b6, Nodes: f9d0bdbe-9579-4549-bd8e-208b1d7d3b14{ip: 192.168.5.168, host: pr-hdds-2067-q68gx-839588832, networkLocation: /default-rack, certSerialId: null}, Type:RATIS, Factor:ONE, State:OPEN]
2019-09-24 11:18:23,895 [grpc-default-executor-7] INFO  impl.RaftServerProxy (RaftServerProxy.java:addNew(89)) - c586e99e-b06a-4991-997f-73c122885b4e: addNew group-6F54FBB8C35B:[c586e99e-b06a-4991-997f-73c122885b4e:192.168.5.168:38869] returns group-6F54FBB8C35B:java.util.concurrent.CompletableFuture@71f722d0[Not completed]
2019-09-24 11:18:23,897 [pool-419-thread-1] INFO  impl.RaftServerImpl (RaftServerImpl.java:<init>(95)) - c586e99e-b06a-4991-997f-73c122885b4e: new RaftServerImpl for group-6F54FBB8C35B:[c586e99e-b06a-4991-997f-73c122885b4e:192.168.5.168:38869] with ContainerStateMachine:uninitialized
2019-09-24 11:18:23,897 [pool-419-thread-1] INFO  server.RaftServerConfigKeys (ConfUtils.java:logGet(43)) - raft.server.rpc.timeout.min = 5s (custom)
2019-09-24 11:18:23,898 [pool-419-thread-1] INFO  server.RaftServerConfigKeys (ConfUtils.java:logGet(43)) - raft.server.rpc.timeout.max = 5200ms (custom)
2019-09-24 11:18:23,898 [pool-419-thread-1] INFO  server.RaftServerConfigKeys (ConfUtils.java:logGet(43)) - raft.server.rpcslowness.timeout = 120s (custom)
2019-09-24 11:18:23,898 [pool-419-thread-1] INFO  server.RaftServerConfigKeys (ConfUtils.java:logGet(43)) - raft.server.sleep.deviation.threshold = 300 (default)
2019-09-24 11:18:23,898 [pool-419-thread-1] INFO  server.RaftServerConfigKeys (ConfUtils.java:logGet(43)) - raft.server.log.appender.install.snapshot.enabled = false (custom)
2019-09-24 11:18:23,898 [pool-419-thread-1] INFO  impl.RaftServerImpl (ServerState.java:<init>(103)) - c586e99e-b06a-4991-997f-73c122885b4e@group-6F54FBB8C35B: ConfigurationManager, init=-1: [c586e99e-b06a-4991-997f-73c122885b4e:192.168.5.168:38869], old=null, confs=<EMPTY_MAP>
2019-09-24 11:18:23,898 [pool-419-thread-1] INFO  server.RaftServerConfigKeys (ConfUtils.java:logGet(43)) - raft.server.storage.dir = [/workdir/hadoop-ozone/integration-test/target/test-dir/MiniOzoneClusterImpl-40187663-585e-41ed-b8bc-b85aa484b511/datanode-1/data/ratis] (custom)
2019-09-24 11:18:23,899 [pool-419-thread-1] INFO  storage.RaftStorageDirectory (RaftStorageDirectory.java:analyzeStorage(246)) - The storage directory /workdir/hadoop-ozone/integration-test/target/test-dir/MiniOzoneClusterImpl-40187663-585e-41ed-b8bc-b85aa484b511/datanode-1/data/ratis/fb555592-7ce3-4a5a-9875-6f54fbb8c35b does not exist. Creating ...
2019-09-24 11:18:23,910 [pool-419-thread-1] INFO  storage.RaftStorageDirectory (RaftStorageDirectory.java:tryLock(328)) - Lock on /workdir/hadoop-ozone/integration-test/target/test-dir/MiniOzoneClusterImpl-40187663-585e-41ed-b8bc-b85aa484b511/datanode-1/data/ratis/fb555592-7ce3-4a5a-9875-6f54fbb8c35b/in_use.lock acquired by nodename 31729@pr-hdds-2067-q68gx-839588832
2019-09-24 11:18:23,923 [pool-419-thread-1] INFO  storage.RaftStorage (RaftStorage.java:format(72)) - Storage directory /workdir/hadoop-ozone/integration-test/target/test-dir/MiniOzoneClusterImpl-40187663-585e-41ed-b8bc-b85aa484b511/datanode-1/data/ratis/fb555592-7ce3-4a5a-9875-6f54fbb8c35b has been successfully formatted.
2019-09-24 11:18:23,923 [pool-419-thread-1] INFO  ratis.ContainerStateMachine (ContainerStateMachine.java:loadSnapshot(230)) - group-6F54FBB8C35B: The snapshot info is null. Setting the last applied indexto:(t:0, i:~)
2019-09-24 11:18:23,923 [pool-419-thread-1] INFO  server.RaftServerConfigKeys (ConfUtils.java:logGet(43)) - raft.server.notification.no-leader.timeout = 120s (custom)
2019-09-24 11:18:23,923 [pool-419-thread-1] INFO  server.RaftServerConfigKeys (ConfUtils.java:logGet(43)) - raft.server.log.use.memory = false (default)
2019-09-24 11:18:23,923 [pool-419-thread-1] INFO  server.RaftServerConfigKeys (ConfUtils.java:logGet(43)) - raft.server.log.purge.gap = 1000000 (custom)
2019-09-24 11:18:23,924 [pool-419-thread-1] INFO  server.RaftServerConfigKeys (ConfUtils.java:logGet(43)) - raft.server.log.appender.buffer.byte-limit = 33554432 (custom)
2019-09-24 11:18:23,924 [pool-419-thread-1] INFO  server.RaftServerConfigKeys (ConfUtils.java:logGet(43)) - raft.server.log.segment.size.max = 1048576 (custom)
2019-09-24 11:18:23,924 [pool-419-thread-1] INFO  server.RaftServerConfigKeys (ConfUtils.java:logGet(43)) - raft.server.log.segment.cache.num.max = 2 (custom)
2019-09-24 11:18:23,924 [pool-419-thread-1] INFO  segmented.SegmentedRaftLogWorker (SegmentedRaftLogWorker.java:<init>(172)) - new c586e99e-b06a-4991-997f-73c122885b4e@group-6F54FBB8C35B-SegmentedRaftLogWorker for RaftStorage:Storage Directory /workdir/hadoop-ozone/integration-test/target/test-dir/MiniOzoneClusterImpl-40187663-585e-41ed-b8bc-b85aa484b511/datanode-1/data/ratis/fb555592-7ce3-4a5a-9875-6f54fbb8c35b
2019-09-24 11:18:23,926 [pool-419-thread-1] INFO  server.RaftServerConfigKeys (ConfUtils.java:logGet(43)) - raft.server.log.queue.byte-limit = 2147483647 (custom)
2019-09-24 11:18:23,926 [pool-419-thread-1] INFO  server.RaftServerConfigKeys (ConfUtils.java:logGet(43)) - raft.server.log.queue.element-limit = 1024 (custom)
2019-09-24 11:18:23,927 [pool-419-thread-1] INFO  server.RaftServerConfigKeys (ConfUtils.java:logGet(43)) - raft.server.log.segment.size.max = 1048576 (custom)
2019-09-24 11:18:23,927 [pool-419-thread-1] INFO  server.RaftServerConfigKeys (ConfUtils.java:logGet(43)) - raft.server.log.preallocated.size = 16384 (custom)
2019-09-24 11:18:23,927 [pool-419-thread-1] INFO  server.RaftServerConfigKeys (ConfUtils.java:logGet(43)) - raft.server.log.write.buffer.size = 33554432 (custom)
2019-09-24 11:18:23,927 [pool-419-thread-1] INFO  server.RaftServerConfigKeys (ConfUtils.java:logGet(43)) - raft.server.log.force.sync.num = 128 (default)
2019-09-24 11:18:23,927 [pool-419-thread-1] INFO  server.RaftServerConfigKeys (ConfUtils.java:logGet(43)) - raft.server.log.statemachine.data.sync = true (default)
2019-09-24 11:18:23,927 [pool-419-thread-1] INFO  server.RaftServerConfigKeys (ConfUtils.java:logGet(43)) - raft.server.log.statemachine.data.sync.timeout = 10s (default)
2019-09-24 11:18:23,927 [pool-419-thread-1] INFO  server.RaftServerConfigKeys (ConfUtils.java:logGet(43)) - raft.server.log.statemachine.data.sync.timeout.retry = -1 (default)
2019-09-24 11:18:23,928 [pool-419-thread-1] INFO  server.RaftServerConfigKeys (ConfUtils.java:logGet(43)) - raft.server.log.statemachine.data.caching.enabled = true (custom)
2019-09-24 11:18:23,928 [pool-419-thread-1] INFO  segmented.SegmentedRaftLogWorker (SegmentedRaftLogWorker.java:lambda$new$0(132)) - c586e99e-b06a-4991-997f-73c122885b4e@group-6F54FBB8C35B-SegmentedRaftLogWorker: flushIndex: setUnconditionally 0 -> -1
2019-09-24 11:18:23,928 [pool-419-thread-1] INFO  server.RaftServerConfigKeys (ConfUtils.java:logGet(43)) - raft.server.snapshot.auto.trigger.enabled = true (custom)
2019-09-24 11:18:23,929 [pool-419-thread-1] INFO  server.RaftServerConfigKeys (ConfUtils.java:logGet(43)) - raft.server.snapshot.auto.trigger.threshold = 10000 (custom)
2019-09-24 11:18:23,929 [pool-419-thread-1] INFO  server.RaftServerConfigKeys (ConfUtils.java:logGet(43)) - raft.server.snapshot.retention.num.files = 5 (custom)
2019-09-24 11:18:23,929 [pool-419-thread-1] INFO  server.RaftServerConfigKeys (ConfUtils.java:logGet(43)) - raft.server.retrycache.expirytime = 600000ms (custom)
2019-09-24 11:18:23,931 [pool-419-thread-1] INFO  impl.RaftServerImpl (RaftServerImpl.java:start(185)) - c586e99e-b06a-4991-997f-73c122885b4e@group-6F54FBB8C35B: start as a follower, conf=-1: [c586e99e-b06a-4991-997f-73c122885b4e:192.168.5.168:38869], old=null
2019-09-24 11:18:23,932 [pool-419-thread-1] INFO  impl.RaftServerImpl (RaftServerImpl.java:setRole(174)) - c586e99e-b06a-4991-997f-73c122885b4e@group-6F54FBB8C35B: changes role from      null to FOLLOWER at term 0 for startAsFollower
2019-09-24 11:18:23,932 [pool-419-thread-1] INFO  impl.RoleInfo (RoleInfo.java:updateAndGet(143)) - c586e99e-b06a-4991-997f-73c122885b4e: start FollowerState
2019-09-24 11:18:23,932 [pool-419-thread-1] INFO  util.JmxRegister (JmxRegister.java:tryRegister(44)) - Successfully registered JMX Bean with object name Ratis:service=RaftServer,group=group-6F54FBB8C35B,id=c586e99e-b06a-4991-997f-73c122885b4e
2019-09-24 11:18:23,937 [RatisPipelineUtilsThread] INFO  pipeline.PipelineStateManager (PipelineStateManager.java:addPipeline(56)) - Created pipeline Pipeline[ Id: fb555592-7ce3-4a5a-9875-6f54fbb8c35b, Nodes: c586e99e-b06a-4991-997f-73c122885b4e{ip: 192.168.5.168, host: pr-hdds-2067-q68gx-839588832, networkLocation: /default-rack, certSerialId: null}, Type:RATIS, Factor:ONE, State:OPEN]
2019-09-24 11:18:23,939 [IPC Server handler 3 on 45607] INFO  net.NetworkTopology (NetworkTopologyImpl.java:add(111)) - Added a new node: /default-rack/5a71a179-55eb-4892-abf8-88945be6e430
2019-09-24 11:18:23,939 [IPC Server handler 3 on 45607] INFO  node.SCMNodeManager (SCMNodeManager.java:register(266)) - Registered Data node : 5a71a179-55eb-4892-abf8-88945be6e430{ip: 192.168.5.168, host: pr-hdds-2067-q68gx-839588832, networkLocation: /default-rack, certSerialId: null}
2019-09-24 11:18:23,944 [grpc-default-executor-7] INFO  impl.RaftServerProxy (RaftServerProxy.java:addNew(89)) - 5a71a179-55eb-4892-abf8-88945be6e430: addNew group-1D1867BEF246:[5a71a179-55eb-4892-abf8-88945be6e430:192.168.5.168:41133] returns group-1D1867BEF246:java.util.concurrent.CompletableFuture@7b17736[Not completed]
2019-09-24 11:18:23,946 [pool-429-thread-1] INFO  impl.RaftServerImpl (RaftServerImpl.java:<init>(95)) - 5a71a179-55eb-4892-abf8-88945be6e430: new RaftServerImpl for group-1D1867BEF246:[5a71a179-55eb-4892-abf8-88945be6e430:192.168.5.168:41133] with ContainerStateMachine:uninitialized
2019-09-24 11:18:23,946 [pool-429-thread-1] INFO  server.RaftServerConfigKeys (ConfUtils.java:logGet(43)) - raft.server.rpc.timeout.min = 5s (custom)
2019-09-24 11:18:23,946 [pool-429-thread-1] INFO  server.RaftServerConfigKeys (ConfUtils.java:logGet(43)) - raft.server.rpc.timeout.max = 5200ms (custom)
2019-09-24 11:18:23,946 [pool-429-thread-1] INFO  server.RaftServerConfigKeys (ConfUtils.java:logGet(43)) - raft.server.rpcslowness.timeout = 120s (custom)
2019-09-24 11:18:23,946 [pool-429-thread-1] INFO  server.RaftServerConfigKeys (ConfUtils.java:logGet(43)) - raft.server.sleep.deviation.threshold = 300 (default)
2019-09-24 11:18:23,947 [pool-429-thread-1] INFO  server.RaftServerConfigKeys (ConfUtils.java:logGet(43)) - raft.server.log.appender.install.snapshot.enabled = false (custom)
2019-09-24 11:18:23,947 [pool-429-thread-1] INFO  impl.RaftServerImpl (ServerState.java:<init>(103)) - 5a71a179-55eb-4892-abf8-88945be6e430@group-1D1867BEF246: ConfigurationManager, init=-1: [5a71a179-55eb-4892-abf8-88945be6e430:192.168.5.168:41133], old=null, confs=<EMPTY_MAP>
2019-09-24 11:18:23,947 [pool-429-thread-1] INFO  server.RaftServerConfigKeys (ConfUtils.java:logGet(43)) - raft.server.storage.dir = [/workdir/hadoop-ozone/integration-test/target/test-dir/MiniOzoneClusterImpl-40187663-585e-41ed-b8bc-b85aa484b511/datanode-2/data/ratis] (custom)
2019-09-24 11:18:23,948 [pool-429-thread-1] INFO  storage.RaftStorageDirectory (RaftStorageDirectory.java:analyzeStorage(246)) - The storage directory /workdir/hadoop-ozone/integration-test/target/test-dir/MiniOzoneClusterImpl-40187663-585e-41ed-b8bc-b85aa484b511/datanode-2/data/ratis/cc312f59-c439-420c-94c7-1d1867bef246 does not exist. Creating ...
2019-09-24 11:18:23,969 [pool-429-thread-1] INFO  storage.RaftStorageDirectory (RaftStorageDirectory.java:tryLock(328)) - Lock on /workdir/hadoop-ozone/integration-test/target/test-dir/MiniOzoneClusterImpl-40187663-585e-41ed-b8bc-b85aa484b511/datanode-2/data/ratis/cc312f59-c439-420c-94c7-1d1867bef246/in_use.lock acquired by nodename 31729@pr-hdds-2067-q68gx-839588832
2019-09-24 11:18:23,982 [pool-429-thread-1] INFO  storage.RaftStorage (RaftStorage.java:format(72)) - Storage directory /workdir/hadoop-ozone/integration-test/target/test-dir/MiniOzoneClusterImpl-40187663-585e-41ed-b8bc-b85aa484b511/datanode-2/data/ratis/cc312f59-c439-420c-94c7-1d1867bef246 has been successfully formatted.
2019-09-24 11:18:23,982 [pool-429-thread-1] INFO  ratis.ContainerStateMachine (ContainerStateMachine.java:loadSnapshot(230)) - group-1D1867BEF246: The snapshot info is null. Setting the last applied indexto:(t:0, i:~)
2019-09-24 11:18:23,983 [pool-429-thread-1] INFO  server.RaftServerConfigKeys (ConfUtils.java:logGet(43)) - raft.server.notification.no-leader.timeout = 120s (custom)
2019-09-24 11:18:23,983 [pool-429-thread-1] INFO  server.RaftServerConfigKeys (ConfUtils.java:logGet(43)) - raft.server.log.use.memory = false (default)
2019-09-24 11:18:23,983 [pool-429-thread-1] INFO  server.RaftServerConfigKeys (ConfUtils.java:logGet(43)) - raft.server.log.purge.gap = 1000000 (custom)
2019-09-24 11:18:23,983 [pool-429-thread-1] INFO  server.RaftServerConfigKeys (ConfUtils.java:logGet(43)) - raft.server.log.appender.buffer.byte-limit = 33554432 (custom)
2019-09-24 11:18:23,983 [pool-429-thread-1] INFO  server.RaftServerConfigKeys (ConfUtils.java:logGet(43)) - raft.server.log.segment.size.max = 1048576 (custom)
2019-09-24 11:18:23,983 [pool-429-thread-1] INFO  server.RaftServerConfigKeys (ConfUtils.java:logGet(43)) - raft.server.log.segment.cache.num.max = 2 (custom)
2019-09-24 11:18:23,983 [pool-429-thread-1] INFO  segmented.SegmentedRaftLogWorker (SegmentedRaftLogWorker.java:<init>(172)) - new 5a71a179-55eb-4892-abf8-88945be6e430@group-1D1867BEF246-SegmentedRaftLogWorker for RaftStorage:Storage Directory /workdir/hadoop-ozone/integration-test/target/test-dir/MiniOzoneClusterImpl-40187663-585e-41ed-b8bc-b85aa484b511/datanode-2/data/ratis/cc312f59-c439-420c-94c7-1d1867bef246
2019-09-24 11:18:23,985 [pool-429-thread-1] INFO  server.RaftServerConfigKeys (ConfUtils.java:logGet(43)) - raft.server.log.queue.byte-limit = 2147483647 (custom)
2019-09-24 11:18:23,985 [pool-429-thread-1] INFO  server.RaftServerConfigKeys (ConfUtils.java:logGet(43)) - raft.server.log.queue.element-limit = 1024 (custom)
2019-09-24 11:18:23,985 [pool-429-thread-1] INFO  server.RaftServerConfigKeys (ConfUtils.java:logGet(43)) - raft.server.log.segment.size.max = 1048576 (custom)
2019-09-24 11:18:23,986 [pool-429-thread-1] INFO  server.RaftServerConfigKeys (ConfUtils.java:logGet(43)) - raft.server.log.preallocated.size = 16384 (custom)
2019-09-24 11:18:23,986 [pool-429-thread-1] INFO  server.RaftServerConfigKeys (ConfUtils.java:logGet(43)) - raft.server.log.write.buffer.size = 33554432 (custom)
2019-09-24 11:18:23,986 [pool-429-thread-1] INFO  server.RaftServerConfigKeys (ConfUtils.java:logGet(43)) - raft.server.log.force.sync.num = 128 (default)
2019-09-24 11:18:23,986 [pool-429-thread-1] INFO  server.RaftServerConfigKeys (ConfUtils.java:logGet(43)) - raft.server.log.statemachine.data.sync = true (default)
2019-09-24 11:18:23,986 [pool-429-thread-1] INFO  server.RaftServerConfigKeys (ConfUtils.java:logGet(43)) - raft.server.log.statemachine.data.sync.timeout = 10s (default)
2019-09-24 11:18:23,986 [pool-429-thread-1] INFO  server.RaftServerConfigKeys (ConfUtils.java:logGet(43)) - raft.server.log.statemachine.data.sync.timeout.retry = -1 (default)
2019-09-24 11:18:23,986 [pool-429-thread-1] INFO  server.RaftServerConfigKeys (ConfUtils.java:logGet(43)) - raft.server.log.statemachine.data.caching.enabled = true (custom)
2019-09-24 11:18:23,987 [pool-429-thread-1] INFO  segmented.SegmentedRaftLogWorker (SegmentedRaftLogWorker.java:lambda$new$0(132)) - 5a71a179-55eb-4892-abf8-88945be6e430@group-1D1867BEF246-SegmentedRaftLogWorker: flushIndex: setUnconditionally 0 -> -1
2019-09-24 11:18:23,987 [pool-429-thread-1] INFO  server.RaftServerConfigKeys (ConfUtils.java:logGet(43)) - raft.server.snapshot.auto.trigger.enabled = true (custom)
2019-09-24 11:18:23,987 [pool-429-thread-1] INFO  server.RaftServerConfigKeys (ConfUtils.java:logGet(43)) - raft.server.snapshot.auto.trigger.threshold = 10000 (custom)
2019-09-24 11:18:23,987 [pool-429-thread-1] INFO  server.RaftServerConfigKeys (ConfUtils.java:logGet(43)) - raft.server.snapshot.retention.num.files = 5 (custom)
2019-09-24 11:18:23,987 [pool-429-thread-1] INFO  server.RaftServerConfigKeys (ConfUtils.java:logGet(43)) - raft.server.retrycache.expirytime = 600000ms (custom)
2019-09-24 11:18:23,989 [pool-429-thread-1] INFO  impl.RaftServerImpl (RaftServerImpl.java:start(185)) - 5a71a179-55eb-4892-abf8-88945be6e430@group-1D1867BEF246: start as a follower, conf=-1: [5a71a179-55eb-4892-abf8-88945be6e430:192.168.5.168:41133], old=null
2019-09-24 11:18:23,989 [pool-429-thread-1] INFO  impl.RaftServerImpl (RaftServerImpl.java:setRole(174)) - 5a71a179-55eb-4892-abf8-88945be6e430@group-1D1867BEF246: changes role from      null to FOLLOWER at term 0 for startAsFollower
2019-09-24 11:18:23,989 [pool-429-thread-1] INFO  impl.RoleInfo (RoleInfo.java:updateAndGet(143)) - 5a71a179-55eb-4892-abf8-88945be6e430: start FollowerState
2019-09-24 11:18:23,989 [pool-429-thread-1] INFO  util.JmxRegister (JmxRegister.java:tryRegister(44)) - Successfully registered JMX Bean with object name Ratis:service=RaftServer,group=group-1D1867BEF246,id=5a71a179-55eb-4892-abf8-88945be6e430
2019-09-24 11:18:23,994 [RatisPipelineUtilsThread] INFO  pipeline.PipelineStateManager (PipelineStateManager.java:addPipeline(56)) - Created pipeline Pipeline[ Id: cc312f59-c439-420c-94c7-1d1867bef246, Nodes: 5a71a179-55eb-4892-abf8-88945be6e430{ip: 192.168.5.168, host: pr-hdds-2067-q68gx-839588832, networkLocation: /default-rack, certSerialId: null}, Type:RATIS, Factor:ONE, State:OPEN]
2019-09-24 11:18:24,004 [IPC Server handler 6 on 45607] INFO  net.NetworkTopology (NetworkTopologyImpl.java:add(111)) - Added a new node: /default-rack/2f081810-8a16-4ad4-b1e8-4f35666036b9
2019-09-24 11:18:24,004 [IPC Server handler 6 on 45607] INFO  node.SCMNodeManager (SCMNodeManager.java:register(266)) - Registered Data node : 2f081810-8a16-4ad4-b1e8-4f35666036b9{ip: 192.168.5.168, host: pr-hdds-2067-q68gx-839588832, networkLocation: /default-rack, certSerialId: null}
2019-09-24 11:18:24,013 [grpc-default-executor-9] INFO  impl.RaftServerProxy (RaftServerProxy.java:addNew(89)) - c586e99e-b06a-4991-997f-73c122885b4e: addNew group-7A478C88B470:[f9d0bdbe-9579-4549-bd8e-208b1d7d3b14:192.168.5.168:43008, 5a71a179-55eb-4892-abf8-88945be6e430:192.168.5.168:41133, c586e99e-b06a-4991-997f-73c122885b4e:192.168.5.168:38869] returns group-7A478C88B470:java.util.concurrent.CompletableFuture@484bda74[Not completed]
2019-09-24 11:18:24,014 [grpc-default-executor-7] INFO  impl.RaftServerProxy (RaftServerProxy.java:addNew(89)) - f9d0bdbe-9579-4549-bd8e-208b1d7d3b14: addNew group-7A478C88B470:[f9d0bdbe-9579-4549-bd8e-208b1d7d3b14:192.168.5.168:43008, 5a71a179-55eb-4892-abf8-88945be6e430:192.168.5.168:41133, c586e99e-b06a-4991-997f-73c122885b4e:192.168.5.168:38869] returns group-7A478C88B470:java.util.concurrent.CompletableFuture@783fc3e1[Not completed]
2019-09-24 11:18:24,014 [grpc-default-executor-9] INFO  impl.RaftServerProxy (RaftServerProxy.java:addNew(89)) - 5a71a179-55eb-4892-abf8-88945be6e430: addNew group-7A478C88B470:[f9d0bdbe-9579-4549-bd8e-208b1d7d3b14:192.168.5.168:43008, 5a71a179-55eb-4892-abf8-88945be6e430:192.168.5.168:41133, c586e99e-b06a-4991-997f-73c122885b4e:192.168.5.168:38869] returns group-7A478C88B470:java.util.concurrent.CompletableFuture@25b656ad[Not completed]
2019-09-24 11:18:24,015 [pool-419-thread-1] INFO  impl.RaftServerImpl (RaftServerImpl.java:<init>(95)) - c586e99e-b06a-4991-997f-73c122885b4e: new RaftServerImpl for group-7A478C88B470:[f9d0bdbe-9579-4549-bd8e-208b1d7d3b14:192.168.5.168:43008, 5a71a179-55eb-4892-abf8-88945be6e430:192.168.5.168:41133, c586e99e-b06a-4991-997f-73c122885b4e:192.168.5.168:38869] with ContainerStateMachine:uninitialized
2019-09-24 11:18:24,015 [pool-419-thread-1] INFO  server.RaftServerConfigKeys (ConfUtils.java:logGet(43)) - raft.server.rpc.timeout.min = 5s (custom)
2019-09-24 11:18:24,015 [pool-419-thread-1] INFO  server.RaftServerConfigKeys (ConfUtils.java:logGet(43)) - raft.server.rpc.timeout.max = 5200ms (custom)
2019-09-24 11:18:24,015 [pool-419-thread-1] INFO  server.RaftServerConfigKeys (ConfUtils.java:logGet(43)) - raft.server.rpcslowness.timeout = 120s (custom)
2019-09-24 11:18:24,015 [pool-419-thread-1] INFO  server.RaftServerConfigKeys (ConfUtils.java:logGet(43)) - raft.server.sleep.deviation.threshold = 300 (default)
2019-09-24 11:18:24,015 [pool-419-thread-1] INFO  server.RaftServerConfigKeys (ConfUtils.java:logGet(43)) - raft.server.log.appender.install.snapshot.enabled = false (custom)
2019-09-24 11:18:24,016 [pool-419-thread-1] INFO  impl.RaftServerImpl (ServerState.java:<init>(103)) - c586e99e-b06a-4991-997f-73c122885b4e@group-7A478C88B470: ConfigurationManager, init=-1: [f9d0bdbe-9579-4549-bd8e-208b1d7d3b14:192.168.5.168:43008, 5a71a179-55eb-4892-abf8-88945be6e430:192.168.5.168:41133, c586e99e-b06a-4991-997f-73c122885b4e:192.168.5.168:38869], old=null, confs=<EMPTY_MAP>
2019-09-24 11:18:24,016 [pool-429-thread-1] INFO  impl.RaftServerImpl (RaftServerImpl.java:<init>(95)) - 5a71a179-55eb-4892-abf8-88945be6e430: new RaftServerImpl for group-7A478C88B470:[f9d0bdbe-9579-4549-bd8e-208b1d7d3b14:192.168.5.168:43008, 5a71a179-55eb-4892-abf8-88945be6e430:192.168.5.168:41133, c586e99e-b06a-4991-997f-73c122885b4e:192.168.5.168:38869] with ContainerStateMachine:uninitialized
2019-09-24 11:18:24,016 [pool-419-thread-1] INFO  server.RaftServerConfigKeys (ConfUtils.java:logGet(43)) - raft.server.storage.dir = [/workdir/hadoop-ozone/integration-test/target/test-dir/MiniOzoneClusterImpl-40187663-585e-41ed-b8bc-b85aa484b511/datanode-1/data/ratis] (custom)
2019-09-24 11:18:24,016 [pool-429-thread-1] INFO  server.RaftServerConfigKeys (ConfUtils.java:logGet(43)) - raft.server.rpc.timeout.min = 5s (custom)
2019-09-24 11:18:24,016 [pool-429-thread-1] INFO  server.RaftServerConfigKeys (ConfUtils.java:logGet(43)) - raft.server.rpc.timeout.max = 5200ms (custom)
2019-09-24 11:18:24,016 [pool-419-thread-1] INFO  storage.RaftStorageDirectory (RaftStorageDirectory.java:analyzeStorage(246)) - The storage directory /workdir/hadoop-ozone/integration-test/target/test-dir/MiniOzoneClusterImpl-40187663-585e-41ed-b8bc-b85aa484b511/datanode-1/data/ratis/fcd4619e-90cc-45f8-88d9-7a478c88b470 does not exist. Creating ...
2019-09-24 11:18:24,016 [pool-429-thread-1] INFO  server.RaftServerConfigKeys (ConfUtils.java:logGet(43)) - raft.server.rpcslowness.timeout = 120s (custom)
2019-09-24 11:18:24,016 [pool-409-thread-1] INFO  impl.RaftServerImpl (RaftServerImpl.java:<init>(95)) - f9d0bdbe-9579-4549-bd8e-208b1d7d3b14: new RaftServerImpl for group-7A478C88B470:[f9d0bdbe-9579-4549-bd8e-208b1d7d3b14:192.168.5.168:43008, 5a71a179-55eb-4892-abf8-88945be6e430:192.168.5.168:41133, c586e99e-b06a-4991-997f-73c122885b4e:192.168.5.168:38869] with ContainerStateMachine:uninitialized
2019-09-24 11:18:24,016 [pool-429-thread-1] INFO  server.RaftServerConfigKeys (ConfUtils.java:logGet(43)) - raft.server.sleep.deviation.threshold = 300 (default)
2019-09-24 11:18:24,017 [pool-409-thread-1] INFO  server.RaftServerConfigKeys (ConfUtils.java:logGet(43)) - raft.server.rpc.timeout.min = 5s (custom)
2019-09-24 11:18:24,017 [pool-429-thread-1] INFO  server.RaftServerConfigKeys (ConfUtils.java:logGet(43)) - raft.server.log.appender.install.snapshot.enabled = false (custom)
2019-09-24 11:18:24,017 [pool-409-thread-1] INFO  server.RaftServerConfigKeys (ConfUtils.java:logGet(43)) - raft.server.rpc.timeout.max = 5200ms (custom)
2019-09-24 11:18:24,017 [pool-429-thread-1] INFO  impl.RaftServerImpl (ServerState.java:<init>(103)) - 5a71a179-55eb-4892-abf8-88945be6e430@group-7A478C88B470: ConfigurationManager, init=-1: [f9d0bdbe-9579-4549-bd8e-208b1d7d3b14:192.168.5.168:43008, 5a71a179-55eb-4892-abf8-88945be6e430:192.168.5.168:41133, c586e99e-b06a-4991-997f-73c122885b4e:192.168.5.168:38869], old=null, confs=<EMPTY_MAP>
2019-09-24 11:18:24,017 [pool-409-thread-1] INFO  server.RaftServerConfigKeys (ConfUtils.java:logGet(43)) - raft.server.rpcslowness.timeout = 120s (custom)
2019-09-24 11:18:24,017 [pool-429-thread-1] INFO  server.RaftServerConfigKeys (ConfUtils.java:logGet(43)) - raft.server.storage.dir = [/workdir/hadoop-ozone/integration-test/target/test-dir/MiniOzoneClusterImpl-40187663-585e-41ed-b8bc-b85aa484b511/datanode-2/data/ratis] (custom)
2019-09-24 11:18:24,017 [pool-409-thread-1] INFO  server.RaftServerConfigKeys (ConfUtils.java:logGet(43)) - raft.server.sleep.deviation.threshold = 300 (default)
2019-09-24 11:18:24,018 [pool-409-thread-1] INFO  server.RaftServerConfigKeys (ConfUtils.java:logGet(43)) - raft.server.log.appender.install.snapshot.enabled = false (custom)
2019-09-24 11:18:24,018 [pool-429-thread-1] INFO  storage.RaftStorageDirectory (RaftStorageDirectory.java:analyzeStorage(246)) - The storage directory /workdir/hadoop-ozone/integration-test/target/test-dir/MiniOzoneClusterImpl-40187663-585e-41ed-b8bc-b85aa484b511/datanode-2/data/ratis/fcd4619e-90cc-45f8-88d9-7a478c88b470 does not exist. Creating ...
2019-09-24 11:18:24,018 [pool-409-thread-1] INFO  impl.RaftServerImpl (ServerState.java:<init>(103)) - f9d0bdbe-9579-4549-bd8e-208b1d7d3b14@group-7A478C88B470: ConfigurationManager, init=-1: [f9d0bdbe-9579-4549-bd8e-208b1d7d3b14:192.168.5.168:43008, 5a71a179-55eb-4892-abf8-88945be6e430:192.168.5.168:41133, c586e99e-b06a-4991-997f-73c122885b4e:192.168.5.168:38869], old=null, confs=<EMPTY_MAP>
2019-09-24 11:18:24,018 [pool-409-thread-1] INFO  server.RaftServerConfigKeys (ConfUtils.java:logGet(43)) - raft.server.storage.dir = [/workdir/hadoop-ozone/integration-test/target/test-dir/MiniOzoneClusterImpl-40187663-585e-41ed-b8bc-b85aa484b511/datanode-0/data/ratis] (custom)
2019-09-24 11:18:24,018 [pool-409-thread-1] INFO  storage.RaftStorageDirectory (RaftStorageDirectory.java:analyzeStorage(246)) - The storage directory /workdir/hadoop-ozone/integration-test/target/test-dir/MiniOzoneClusterImpl-40187663-585e-41ed-b8bc-b85aa484b511/datanode-0/data/ratis/fcd4619e-90cc-45f8-88d9-7a478c88b470 does not exist. Creating ...
2019-09-24 11:18:24,030 [pool-419-thread-1] INFO  storage.RaftStorageDirectory (RaftStorageDirectory.java:tryLock(328)) - Lock on /workdir/hadoop-ozone/integration-test/target/test-dir/MiniOzoneClusterImpl-40187663-585e-41ed-b8bc-b85aa484b511/datanode-1/data/ratis/fcd4619e-90cc-45f8-88d9-7a478c88b470/in_use.lock acquired by nodename 31729@pr-hdds-2067-q68gx-839588832
2019-09-24 11:18:24,030 [pool-409-thread-1] INFO  storage.RaftStorageDirectory (RaftStorageDirectory.java:tryLock(328)) - Lock on /workdir/hadoop-ozone/integration-test/target/test-dir/MiniOzoneClusterImpl-40187663-585e-41ed-b8bc-b85aa484b511/datanode-0/data/ratis/fcd4619e-90cc-45f8-88d9-7a478c88b470/in_use.lock acquired by nodename 31729@pr-hdds-2067-q68gx-839588832
2019-09-24 11:18:24,030 [pool-429-thread-1] INFO  storage.RaftStorageDirectory (RaftStorageDirectory.java:tryLock(328)) - Lock on /workdir/hadoop-ozone/integration-test/target/test-dir/MiniOzoneClusterImpl-40187663-585e-41ed-b8bc-b85aa484b511/datanode-2/data/ratis/fcd4619e-90cc-45f8-88d9-7a478c88b470/in_use.lock acquired by nodename 31729@pr-hdds-2067-q68gx-839588832
2019-09-24 11:18:24,042 [pool-419-thread-1] INFO  storage.RaftStorage (RaftStorage.java:format(72)) - Storage directory /workdir/hadoop-ozone/integration-test/target/test-dir/MiniOzoneClusterImpl-40187663-585e-41ed-b8bc-b85aa484b511/datanode-1/data/ratis/fcd4619e-90cc-45f8-88d9-7a478c88b470 has been successfully formatted.
2019-09-24 11:18:24,042 [pool-409-thread-1] INFO  storage.RaftStorage (RaftStorage.java:format(72)) - Storage directory /workdir/hadoop-ozone/integration-test/target/test-dir/MiniOzoneClusterImpl-40187663-585e-41ed-b8bc-b85aa484b511/datanode-0/data/ratis/fcd4619e-90cc-45f8-88d9-7a478c88b470 has been successfully formatted.
2019-09-24 11:18:24,042 [pool-429-thread-1] INFO  storage.RaftStorage (RaftStorage.java:format(72)) - Storage directory /workdir/hadoop-ozone/integration-test/target/test-dir/MiniOzoneClusterImpl-40187663-585e-41ed-b8bc-b85aa484b511/datanode-2/data/ratis/fcd4619e-90cc-45f8-88d9-7a478c88b470 has been successfully formatted.
2019-09-24 11:18:24,043 [pool-419-thread-1] INFO  ratis.ContainerStateMachine (ContainerStateMachine.java:loadSnapshot(230)) - group-7A478C88B470: The snapshot info is null. Setting the last applied indexto:(t:0, i:~)
2019-09-24 11:18:24,043 [pool-429-thread-1] INFO  ratis.ContainerStateMachine (ContainerStateMachine.java:loadSnapshot(230)) - group-7A478C88B470: The snapshot info is null. Setting the last applied indexto:(t:0, i:~)
2019-09-24 11:18:24,043 [pool-409-thread-1] INFO  ratis.ContainerStateMachine (ContainerStateMachine.java:loadSnapshot(230)) - group-7A478C88B470: The snapshot info is null. Setting the last applied indexto:(t:0, i:~)
2019-09-24 11:18:24,043 [pool-429-thread-1] INFO  server.RaftServerConfigKeys (ConfUtils.java:logGet(43)) - raft.server.notification.no-leader.timeout = 120s (custom)
2019-09-24 11:18:24,043 [pool-429-thread-1] INFO  server.RaftServerConfigKeys (ConfUtils.java:logGet(43)) - raft.server.log.use.memory = false (default)
2019-09-24 11:18:24,043 [pool-419-thread-1] INFO  server.RaftServerConfigKeys (ConfUtils.java:logGet(43)) - raft.server.notification.no-leader.timeout = 120s (custom)
2019-09-24 11:18:24,043 [pool-429-thread-1] INFO  server.RaftServerConfigKeys (ConfUtils.java:logGet(43)) - raft.server.log.purge.gap = 1000000 (custom)
2019-09-24 11:18:24,043 [pool-409-thread-1] INFO  server.RaftServerConfigKeys (ConfUtils.java:logGet(43)) - raft.server.notification.no-leader.timeout = 120s (custom)
2019-09-24 11:18:24,043 [pool-429-thread-1] INFO  server.RaftServerConfigKeys (ConfUtils.java:logGet(43)) - raft.server.log.appender.buffer.byte-limit = 33554432 (custom)
2019-09-24 11:18:24,043 [pool-419-thread-1] INFO  server.RaftServerConfigKeys (ConfUtils.java:logGet(43)) - raft.server.log.use.memory = false (default)
2019-09-24 11:18:24,044 [pool-429-thread-1] INFO  server.RaftServerConfigKeys (ConfUtils.java:logGet(43)) - raft.server.log.segment.size.max = 1048576 (custom)
2019-09-24 11:18:24,044 [pool-409-thread-1] INFO  server.RaftServerConfigKeys (ConfUtils.java:logGet(43)) - raft.server.log.use.memory = false (default)
2019-09-24 11:18:24,044 [pool-429-thread-1] INFO  server.RaftServerConfigKeys (ConfUtils.java:logGet(43)) - raft.server.log.segment.cache.num.max = 2 (custom)
2019-09-24 11:18:24,044 [pool-419-thread-1] INFO  server.RaftServerConfigKeys (ConfUtils.java:logGet(43)) - raft.server.log.purge.gap = 1000000 (custom)
2019-09-24 11:18:24,044 [pool-429-thread-1] INFO  segmented.SegmentedRaftLogWorker (SegmentedRaftLogWorker.java:<init>(172)) - new 5a71a179-55eb-4892-abf8-88945be6e430@group-7A478C88B470-SegmentedRaftLogWorker for RaftStorage:Storage Directory /workdir/hadoop-ozone/integration-test/target/test-dir/MiniOzoneClusterImpl-40187663-585e-41ed-b8bc-b85aa484b511/datanode-2/data/ratis/fcd4619e-90cc-45f8-88d9-7a478c88b470
2019-09-24 11:18:24,044 [pool-409-thread-1] INFO  server.RaftServerConfigKeys (ConfUtils.java:logGet(43)) - raft.server.log.purge.gap = 1000000 (custom)
2019-09-24 11:18:24,044 [pool-429-thread-1] INFO  server.RaftServerConfigKeys (ConfUtils.java:logGet(43)) - raft.server.log.queue.byte-limit = 2147483647 (custom)
2019-09-24 11:18:24,044 [pool-419-thread-1] INFO  server.RaftServerConfigKeys (ConfUtils.java:logGet(43)) - raft.server.log.appender.buffer.byte-limit = 33554432 (custom)
2019-09-24 11:18:24,045 [pool-429-thread-1] INFO  server.RaftServerConfigKeys (ConfUtils.java:logGet(43)) - raft.server.log.queue.element-limit = 1024 (custom)
2019-09-24 11:18:24,045 [pool-429-thread-1] INFO  server.RaftServerConfigKeys (ConfUtils.java:logGet(43)) - raft.server.log.segment.size.max = 1048576 (custom)
2019-09-24 11:18:24,044 [pool-409-thread-1] INFO  server.RaftServerConfigKeys (ConfUtils.java:logGet(43)) - raft.server.log.appender.buffer.byte-limit = 33554432 (custom)
2019-09-24 11:18:24,045 [pool-429-thread-1] INFO  server.RaftServerConfigKeys (ConfUtils.java:logGet(43)) - raft.server.log.preallocated.size = 16384 (custom)
2019-09-24 11:18:24,045 [pool-419-thread-1] INFO  server.RaftServerConfigKeys (ConfUtils.java:logGet(43)) - raft.server.log.segment.size.max = 1048576 (custom)
2019-09-24 11:18:24,045 [pool-429-thread-1] INFO  server.RaftServerConfigKeys (ConfUtils.java:logGet(43)) - raft.server.log.write.buffer.size = 33554432 (custom)
2019-09-24 11:18:24,045 [pool-409-thread-1] INFO  server.RaftServerConfigKeys (ConfUtils.java:logGet(43)) - raft.server.log.segment.size.max = 1048576 (custom)
2019-09-24 11:18:24,045 [pool-429-thread-1] INFO  server.RaftServerConfigKeys (ConfUtils.java:logGet(43)) - raft.server.log.force.sync.num = 128 (default)
2019-09-24 11:18:24,045 [pool-419-thread-1] INFO  server.RaftServerConfigKeys (ConfUtils.java:logGet(43)) - raft.server.log.segment.cache.num.max = 2 (custom)
2019-09-24 11:18:24,045 [pool-429-thread-1] INFO  server.RaftServerConfigKeys (ConfUtils.java:logGet(43)) - raft.server.log.statemachine.data.sync = true (default)
2019-09-24 11:18:24,045 [pool-409-thread-1] INFO  server.RaftServerConfigKeys (ConfUtils.java:logGet(43)) - raft.server.log.segment.cache.num.max = 2 (custom)
2019-09-24 11:18:24,046 [pool-429-thread-1] INFO  server.RaftServerConfigKeys (ConfUtils.java:logGet(43)) - raft.server.log.statemachine.data.sync.timeout = 10s (default)
2019-09-24 11:18:24,046 [pool-419-thread-1] INFO  segmented.SegmentedRaftLogWorker (SegmentedRaftLogWorker.java:<init>(172)) - new c586e99e-b06a-4991-997f-73c122885b4e@group-7A478C88B470-SegmentedRaftLogWorker for RaftStorage:Storage Directory /workdir/hadoop-ozone/integration-test/target/test-dir/MiniOzoneClusterImpl-40187663-585e-41ed-b8bc-b85aa484b511/datanode-1/data/ratis/fcd4619e-90cc-45f8-88d9-7a478c88b470
2019-09-24 11:18:24,046 [pool-429-thread-1] INFO  server.RaftServerConfigKeys (ConfUtils.java:logGet(43)) - raft.server.log.statemachine.data.sync.timeout.retry = -1 (default)
2019-09-24 11:18:24,046 [pool-409-thread-1] INFO  segmented.SegmentedRaftLogWorker (SegmentedRaftLogWorker.java:<init>(172)) - new f9d0bdbe-9579-4549-bd8e-208b1d7d3b14@group-7A478C88B470-SegmentedRaftLogWorker for RaftStorage:Storage Directory /workdir/hadoop-ozone/integration-test/target/test-dir/MiniOzoneClusterImpl-40187663-585e-41ed-b8bc-b85aa484b511/datanode-0/data/ratis/fcd4619e-90cc-45f8-88d9-7a478c88b470
2019-09-24 11:18:24,046 [pool-429-thread-1] INFO  server.RaftServerConfigKeys (ConfUtils.java:logGet(43)) - raft.server.log.statemachine.data.caching.enabled = true (custom)
2019-09-24 11:18:24,046 [pool-419-thread-1] INFO  server.RaftServerConfigKeys (ConfUtils.java:logGet(43)) - raft.server.log.queue.byte-limit = 2147483647 (custom)
2019-09-24 11:18:24,046 [pool-409-thread-1] INFO  server.RaftServerConfigKeys (ConfUtils.java:logGet(43)) - raft.server.log.queue.byte-limit = 2147483647 (custom)
2019-09-24 11:18:24,047 [pool-429-thread-1] INFO  segmented.SegmentedRaftLogWorker (SegmentedRaftLogWorker.java:lambda$new$0(132)) - 5a71a179-55eb-4892-abf8-88945be6e430@group-7A478C88B470-SegmentedRaftLogWorker: flushIndex: setUnconditionally 0 -> -1
2019-09-24 11:18:24,047 [pool-419-thread-1] INFO  server.RaftServerConfigKeys (ConfUtils.java:logGet(43)) - raft.server.log.queue.element-limit = 1024 (custom)
2019-09-24 11:18:24,047 [pool-409-thread-1] INFO  server.RaftServerConfigKeys (ConfUtils.java:logGet(43)) - raft.server.log.queue.element-limit = 1024 (custom)
2019-09-24 11:18:24,047 [pool-429-thread-1] INFO  server.RaftServerConfigKeys (ConfUtils.java:logGet(43)) - raft.server.snapshot.auto.trigger.enabled = true (custom)
2019-09-24 11:18:24,047 [pool-419-thread-1] INFO  server.RaftServerConfigKeys (ConfUtils.java:logGet(43)) - raft.server.log.segment.size.max = 1048576 (custom)
2019-09-24 11:18:24,047 [pool-429-thread-1] INFO  server.RaftServerConfigKeys (ConfUtils.java:logGet(43)) - raft.server.snapshot.auto.trigger.threshold = 10000 (custom)
2019-09-24 11:18:24,047 [pool-409-thread-1] INFO  server.RaftServerConfigKeys (ConfUtils.java:logGet(43)) - raft.server.log.segment.size.max = 1048576 (custom)
2019-09-24 11:18:24,047 [pool-429-thread-1] INFO  server.RaftServerConfigKeys (ConfUtils.java:logGet(43)) - raft.server.snapshot.retention.num.files = 5 (custom)
2019-09-24 11:18:24,047 [pool-419-thread-1] INFO  server.RaftServerConfigKeys (ConfUtils.java:logGet(43)) - raft.server.log.preallocated.size = 16384 (custom)
2019-09-24 11:18:24,047 [pool-429-thread-1] INFO  server.RaftServerConfigKeys (ConfUtils.java:logGet(43)) - raft.server.retrycache.expirytime = 600000ms (custom)
2019-09-24 11:18:24,047 [pool-409-thread-1] INFO  server.RaftServerConfigKeys (ConfUtils.java:logGet(43)) - raft.server.log.preallocated.size = 16384 (custom)
2019-09-24 11:18:24,047 [pool-419-thread-1] INFO  server.RaftServerConfigKeys (ConfUtils.java:logGet(43)) - raft.server.log.write.buffer.size = 33554432 (custom)
2019-09-24 11:18:24,048 [pool-409-thread-1] INFO  server.RaftServerConfigKeys (ConfUtils.java:logGet(43)) - raft.server.log.write.buffer.size = 33554432 (custom)
2019-09-24 11:18:24,048 [pool-419-thread-1] INFO  server.RaftServerConfigKeys (ConfUtils.java:logGet(43)) - raft.server.log.force.sync.num = 128 (default)
2019-09-24 11:18:24,048 [pool-409-thread-1] INFO  server.RaftServerConfigKeys (ConfUtils.java:logGet(43)) - raft.server.log.force.sync.num = 128 (default)
2019-09-24 11:18:24,048 [pool-419-thread-1] INFO  server.RaftServerConfigKeys (ConfUtils.java:logGet(43)) - raft.server.log.statemachine.data.sync = true (default)
2019-09-24 11:18:24,048 [pool-409-thread-1] INFO  server.RaftServerConfigKeys (ConfUtils.java:logGet(43)) - raft.server.log.statemachine.data.sync = true (default)
2019-09-24 11:18:24,048 [pool-419-thread-1] INFO  server.RaftServerConfigKeys (ConfUtils.java:logGet(43)) - raft.server.log.statemachine.data.sync.timeout = 10s (default)
2019-09-24 11:18:24,048 [pool-409-thread-1] INFO  server.RaftServerConfigKeys (ConfUtils.java:logGet(43)) - raft.server.log.statemachine.data.sync.timeout = 10s (default)
2019-09-24 11:18:24,048 [pool-419-thread-1] INFO  server.RaftServerConfigKeys (ConfUtils.java:logGet(43)) - raft.server.log.statemachine.data.sync.timeout.retry = -1 (default)
2019-09-24 11:18:24,048 [pool-409-thread-1] INFO  server.RaftServerConfigKeys (ConfUtils.java:logGet(43)) - raft.server.log.statemachine.data.sync.timeout.retry = -1 (default)
2019-09-24 11:18:24,049 [pool-419-thread-1] INFO  server.RaftServerConfigKeys (ConfUtils.java:logGet(43)) - raft.server.log.statemachine.data.caching.enabled = true (custom)
2019-09-24 11:18:24,049 [pool-409-thread-1] INFO  server.RaftServerConfigKeys (ConfUtils.java:logGet(43)) - raft.server.log.statemachine.data.caching.enabled = true (custom)
2019-09-24 11:18:24,049 [pool-419-thread-1] INFO  segmented.SegmentedRaftLogWorker (SegmentedRaftLogWorker.java:lambda$new$0(132)) - c586e99e-b06a-4991-997f-73c122885b4e@group-7A478C88B470-SegmentedRaftLogWorker: flushIndex: setUnconditionally 0 -> -1
2019-09-24 11:18:24,049 [pool-429-thread-1] INFO  impl.RaftServerImpl (RaftServerImpl.java:start(185)) - 5a71a179-55eb-4892-abf8-88945be6e430@group-7A478C88B470: start as a follower, conf=-1: [f9d0bdbe-9579-4549-bd8e-208b1d7d3b14:192.168.5.168:43008, 5a71a179-55eb-4892-abf8-88945be6e430:192.168.5.168:41133, c586e99e-b06a-4991-997f-73c122885b4e:192.168.5.168:38869], old=null
2019-09-24 11:18:24,049 [pool-409-thread-1] INFO  segmented.SegmentedRaftLogWorker (SegmentedRaftLogWorker.java:lambda$new$0(132)) - f9d0bdbe-9579-4549-bd8e-208b1d7d3b14@group-7A478C88B470-SegmentedRaftLogWorker: flushIndex: setUnconditionally 0 -> -1
2019-09-24 11:18:24,049 [pool-419-thread-1] INFO  server.RaftServerConfigKeys (ConfUtils.java:logGet(43)) - raft.server.snapshot.auto.trigger.enabled = true (custom)
2019-09-24 11:18:24,049 [pool-429-thread-1] INFO  impl.RaftServerImpl (RaftServerImpl.java:setRole(174)) - 5a71a179-55eb-4892-abf8-88945be6e430@group-7A478C88B470: changes role from      null to FOLLOWER at term 0 for startAsFollower
2019-09-24 11:18:24,049 [pool-409-thread-1] INFO  server.RaftServerConfigKeys (ConfUtils.java:logGet(43)) - raft.server.snapshot.auto.trigger.enabled = true (custom)
2019-09-24 11:18:24,049 [pool-419-thread-1] INFO  server.RaftServerConfigKeys (ConfUtils.java:logGet(43)) - raft.server.snapshot.auto.trigger.threshold = 10000 (custom)
2019-09-24 11:18:24,049 [pool-409-thread-1] INFO  server.RaftServerConfigKeys (ConfUtils.java:logGet(43)) - raft.server.snapshot.auto.trigger.threshold = 10000 (custom)
2019-09-24 11:18:24,049 [pool-429-thread-1] INFO  impl.RoleInfo (RoleInfo.java:updateAndGet(143)) - 5a71a179-55eb-4892-abf8-88945be6e430: start FollowerState
2019-09-24 11:18:24,050 [pool-409-thread-1] INFO  server.RaftServerConfigKeys (ConfUtils.java:logGet(43)) - raft.server.snapshot.retention.num.files = 5 (custom)
2019-09-24 11:18:24,049 [pool-419-thread-1] INFO  server.RaftServerConfigKeys (ConfUtils.java:logGet(43)) - raft.server.snapshot.retention.num.files = 5 (custom)
2019-09-24 11:18:24,050 [pool-429-thread-1] INFO  util.JmxRegister (JmxRegister.java:tryRegister(44)) - Successfully registered JMX Bean with object name Ratis:service=RaftServer,group=group-7A478C88B470,id=5a71a179-55eb-4892-abf8-88945be6e430
2019-09-24 11:18:24,050 [pool-409-thread-1] INFO  server.RaftServerConfigKeys (ConfUtils.java:logGet(43)) - raft.server.retrycache.expirytime = 600000ms (custom)
2019-09-24 11:18:24,050 [pool-419-thread-1] INFO  server.RaftServerConfigKeys (ConfUtils.java:logGet(43)) - raft.server.retrycache.expirytime = 600000ms (custom)
2019-09-24 11:18:24,056 [pool-409-thread-1] INFO  impl.RaftServerImpl (RaftServerImpl.java:start(185)) - f9d0bdbe-9579-4549-bd8e-208b1d7d3b14@group-7A478C88B470: start as a follower, conf=-1: [f9d0bdbe-9579-4549-bd8e-208b1d7d3b14:192.168.5.168:43008, 5a71a179-55eb-4892-abf8-88945be6e430:192.168.5.168:41133, c586e99e-b06a-4991-997f-73c122885b4e:192.168.5.168:38869], old=null
2019-09-24 11:18:24,056 [pool-409-thread-1] INFO  impl.RaftServerImpl (RaftServerImpl.java:setRole(174)) - f9d0bdbe-9579-4549-bd8e-208b1d7d3b14@group-7A478C88B470: changes role from      null to FOLLOWER at term 0 for startAsFollower
2019-09-24 11:18:24,056 [pool-419-thread-1] INFO  impl.RaftServerImpl (RaftServerImpl.java:start(185)) - c586e99e-b06a-4991-997f-73c122885b4e@group-7A478C88B470: start as a follower, conf=-1: [f9d0bdbe-9579-4549-bd8e-208b1d7d3b14:192.168.5.168:43008, 5a71a179-55eb-4892-abf8-88945be6e430:192.168.5.168:41133, c586e99e-b06a-4991-997f-73c122885b4e:192.168.5.168:38869], old=null
2019-09-24 11:18:24,056 [pool-409-thread-1] INFO  impl.RoleInfo (RoleInfo.java:updateAndGet(143)) - f9d0bdbe-9579-4549-bd8e-208b1d7d3b14: start FollowerState
2019-09-24 11:18:24,056 [pool-419-thread-1] INFO  impl.RaftServerImpl (RaftServerImpl.java:setRole(174)) - c586e99e-b06a-4991-997f-73c122885b4e@group-7A478C88B470: changes role from      null to FOLLOWER at term 0 for startAsFollower
2019-09-24 11:18:24,057 [pool-419-thread-1] INFO  impl.RoleInfo (RoleInfo.java:updateAndGet(143)) - c586e99e-b06a-4991-997f-73c122885b4e: start FollowerState
2019-09-24 11:18:24,057 [pool-409-thread-1] INFO  util.JmxRegister (JmxRegister.java:tryRegister(44)) - Successfully registered JMX Bean with object name Ratis:service=RaftServer,group=group-7A478C88B470,id=f9d0bdbe-9579-4549-bd8e-208b1d7d3b14
2019-09-24 11:18:24,057 [pool-419-thread-1] INFO  util.JmxRegister (JmxRegister.java:tryRegister(44)) - Successfully registered JMX Bean with object name Ratis:service=RaftServer,group=group-7A478C88B470,id=c586e99e-b06a-4991-997f-73c122885b4e
2019-09-24 11:18:24,061 [RatisPipelineUtilsThread] INFO  pipeline.PipelineStateManager (PipelineStateManager.java:addPipeline(56)) - Created pipeline Pipeline[ Id: fcd4619e-90cc-45f8-88d9-7a478c88b470, Nodes: f9d0bdbe-9579-4549-bd8e-208b1d7d3b14{ip: 192.168.5.168, host: pr-hdds-2067-q68gx-839588832, networkLocation: /default-rack, certSerialId: null}c586e99e-b06a-4991-997f-73c122885b4e{ip: 192.168.5.168, host: pr-hdds-2067-q68gx-839588832, networkLocation: /default-rack, certSerialId: null}5a71a179-55eb-4892-abf8-88945be6e430{ip: 192.168.5.168, host: pr-hdds-2067-q68gx-839588832, networkLocation: /default-rack, certSerialId: null}, Type:RATIS, Factor:THREE, State:OPEN]
2019-09-24 11:18:24,083 [IPC Server handler 5 on 45607] INFO  net.NetworkTopology (NetworkTopologyImpl.java:add(111)) - Added a new node: /default-rack/8cab83c2-a74a-4ed7-b92f-ceab93cc65b5
2019-09-24 11:18:24,084 [IPC Server handler 5 on 45607] INFO  node.SCMNodeManager (SCMNodeManager.java:register(266)) - Registered Data node : 8cab83c2-a74a-4ed7-b92f-ceab93cc65b5{ip: 192.168.5.168, host: pr-hdds-2067-q68gx-839588832, networkLocation: /default-rack, certSerialId: null}
2019-09-24 11:18:24,090 [grpc-default-executor-9] INFO  impl.RaftServerProxy (RaftServerProxy.java:addNew(89)) - 8cab83c2-a74a-4ed7-b92f-ceab93cc65b5: addNew group-690CD04331F7:[8cab83c2-a74a-4ed7-b92f-ceab93cc65b5:192.168.5.168:39485] returns group-690CD04331F7:java.util.concurrent.CompletableFuture@2926d24c[Not completed]
2019-09-24 11:18:24,093 [pool-449-thread-1] INFO  impl.RaftServerImpl (RaftServerImpl.java:<init>(95)) - 8cab83c2-a74a-4ed7-b92f-ceab93cc65b5: new RaftServerImpl for group-690CD04331F7:[8cab83c2-a74a-4ed7-b92f-ceab93cc65b5:192.168.5.168:39485] with ContainerStateMachine:uninitialized
2019-09-24 11:18:24,093 [pool-449-thread-1] INFO  server.RaftServerConfigKeys (ConfUtils.java:logGet(43)) - raft.server.rpc.timeout.min = 5s (custom)
2019-09-24 11:18:24,093 [pool-449-thread-1] INFO  server.RaftServerConfigKeys (ConfUtils.java:logGet(43)) - raft.server.rpc.timeout.max = 5200ms (custom)
2019-09-24 11:18:24,093 [pool-449-thread-1] INFO  server.RaftServerConfigKeys (ConfUtils.java:logGet(43)) - raft.server.rpcslowness.timeout = 120s (custom)
2019-09-24 11:18:24,093 [pool-449-thread-1] INFO  server.RaftServerConfigKeys (ConfUtils.java:logGet(43)) - raft.server.sleep.deviation.threshold = 300 (default)
2019-09-24 11:18:24,094 [pool-449-thread-1] INFO  server.RaftServerConfigKeys (ConfUtils.java:logGet(43)) - raft.server.log.appender.install.snapshot.enabled = false (custom)
2019-09-24 11:18:24,094 [pool-449-thread-1] INFO  impl.RaftServerImpl (ServerState.java:<init>(103)) - 8cab83c2-a74a-4ed7-b92f-ceab93cc65b5@group-690CD04331F7: ConfigurationManager, init=-1: [8cab83c2-a74a-4ed7-b92f-ceab93cc65b5:192.168.5.168:39485], old=null, confs=<EMPTY_MAP>
2019-09-24 11:18:24,094 [pool-449-thread-1] INFO  server.RaftServerConfigKeys (ConfUtils.java:logGet(43)) - raft.server.storage.dir = [/workdir/hadoop-ozone/integration-test/target/test-dir/MiniOzoneClusterImpl-40187663-585e-41ed-b8bc-b85aa484b511/datanode-4/data/ratis] (custom)
2019-09-24 11:18:24,094 [pool-449-thread-1] INFO  storage.RaftStorageDirectory (RaftStorageDirectory.java:analyzeStorage(246)) - The storage directory /workdir/hadoop-ozone/integration-test/target/test-dir/MiniOzoneClusterImpl-40187663-585e-41ed-b8bc-b85aa484b511/datanode-4/data/ratis/e903dbba-bddd-4139-a8fa-690cd04331f7 does not exist. Creating ...
2019-09-24 11:18:24,106 [pool-449-thread-1] INFO  storage.RaftStorageDirectory (RaftStorageDirectory.java:tryLock(328)) - Lock on /workdir/hadoop-ozone/integration-test/target/test-dir/MiniOzoneClusterImpl-40187663-585e-41ed-b8bc-b85aa484b511/datanode-4/data/ratis/e903dbba-bddd-4139-a8fa-690cd04331f7/in_use.lock acquired by nodename 31729@pr-hdds-2067-q68gx-839588832
2019-09-24 11:18:24,118 [pool-449-thread-1] INFO  storage.RaftStorage (RaftStorage.java:format(72)) - Storage directory /workdir/hadoop-ozone/integration-test/target/test-dir/MiniOzoneClusterImpl-40187663-585e-41ed-b8bc-b85aa484b511/datanode-4/data/ratis/e903dbba-bddd-4139-a8fa-690cd04331f7 has been successfully formatted.
2019-09-24 11:18:24,118 [pool-449-thread-1] INFO  ratis.ContainerStateMachine (ContainerStateMachine.java:loadSnapshot(230)) - group-690CD04331F7: The snapshot info is null. Setting the last applied indexto:(t:0, i:~)
2019-09-24 11:18:24,118 [pool-449-thread-1] INFO  server.RaftServerConfigKeys (ConfUtils.java:logGet(43)) - raft.server.notification.no-leader.timeout = 120s (custom)
2019-09-24 11:18:24,118 [pool-449-thread-1] INFO  server.RaftServerConfigKeys (ConfUtils.java:logGet(43)) - raft.server.log.use.memory = false (default)
2019-09-24 11:18:24,118 [pool-449-thread-1] INFO  server.RaftServerConfigKeys (ConfUtils.java:logGet(43)) - raft.server.log.purge.gap = 1000000 (custom)
2019-09-24 11:18:24,119 [pool-449-thread-1] INFO  server.RaftServerConfigKeys (ConfUtils.java:logGet(43)) - raft.server.log.appender.buffer.byte-limit = 33554432 (custom)
2019-09-24 11:18:24,119 [pool-449-thread-1] INFO  server.RaftServerConfigKeys (ConfUtils.java:logGet(43)) - raft.server.log.segment.size.max = 1048576 (custom)
2019-09-24 11:18:24,119 [pool-449-thread-1] INFO  server.RaftServerConfigKeys (ConfUtils.java:logGet(43)) - raft.server.log.segment.cache.num.max = 2 (custom)
2019-09-24 11:18:24,119 [pool-449-thread-1] INFO  segmented.SegmentedRaftLogWorker (SegmentedRaftLogWorker.java:<init>(172)) - new 8cab83c2-a74a-4ed7-b92f-ceab93cc65b5@group-690CD04331F7-SegmentedRaftLogWorker for RaftStorage:Storage Directory /workdir/hadoop-ozone/integration-test/target/test-dir/MiniOzoneClusterImpl-40187663-585e-41ed-b8bc-b85aa484b511/datanode-4/data/ratis/e903dbba-bddd-4139-a8fa-690cd04331f7
2019-09-24 11:18:24,120 [pool-449-thread-1] INFO  server.RaftServerConfigKeys (ConfUtils.java:logGet(43)) - raft.server.log.queue.byte-limit = 2147483647 (custom)
2019-09-24 11:18:24,120 [pool-449-thread-1] INFO  server.RaftServerConfigKeys (ConfUtils.java:logGet(43)) - raft.server.log.queue.element-limit = 1024 (custom)
2019-09-24 11:18:24,120 [pool-449-thread-1] INFO  server.RaftServerConfigKeys (ConfUtils.java:logGet(43)) - raft.server.log.segment.size.max = 1048576 (custom)
2019-09-24 11:18:24,120 [pool-449-thread-1] INFO  server.RaftServerConfigKeys (ConfUtils.java:logGet(43)) - raft.server.log.preallocated.size = 16384 (custom)
2019-09-24 11:18:24,121 [pool-449-thread-1] INFO  server.RaftServerConfigKeys (ConfUtils.java:logGet(43)) - raft.server.log.write.buffer.size = 33554432 (custom)
2019-09-24 11:18:24,121 [pool-449-thread-1] INFO  server.RaftServerConfigKeys (ConfUtils.java:logGet(43)) - raft.server.log.force.sync.num = 128 (default)
2019-09-24 11:18:24,121 [pool-449-thread-1] INFO  server.RaftServerConfigKeys (ConfUtils.java:logGet(43)) - raft.server.log.statemachine.data.sync = true (default)
2019-09-24 11:18:24,121 [pool-449-thread-1] INFO  server.RaftServerConfigKeys (ConfUtils.java:logGet(43)) - raft.server.log.statemachine.data.sync.timeout = 10s (default)
2019-09-24 11:18:24,121 [pool-449-thread-1] INFO  server.RaftServerConfigKeys (ConfUtils.java:logGet(43)) - raft.server.log.statemachine.data.sync.timeout.retry = -1 (default)
2019-09-24 11:18:24,121 [pool-449-thread-1] INFO  server.RaftServerConfigKeys (ConfUtils.java:logGet(43)) - raft.server.log.statemachine.data.caching.enabled = true (custom)
2019-09-24 11:18:24,122 [pool-449-thread-1] INFO  segmented.SegmentedRaftLogWorker (SegmentedRaftLogWorker.java:lambda$new$0(132)) - 8cab83c2-a74a-4ed7-b92f-ceab93cc65b5@group-690CD04331F7-SegmentedRaftLogWorker: flushIndex: setUnconditionally 0 -> -1
2019-09-24 11:18:24,122 [pool-449-thread-1] INFO  server.RaftServerConfigKeys (ConfUtils.java:logGet(43)) - raft.server.snapshot.auto.trigger.enabled = true (custom)
2019-09-24 11:18:24,122 [pool-449-thread-1] INFO  server.RaftServerConfigKeys (ConfUtils.java:logGet(43)) - raft.server.snapshot.auto.trigger.threshold = 10000 (custom)
2019-09-24 11:18:24,123 [pool-449-thread-1] INFO  server.RaftServerConfigKeys (ConfUtils.java:logGet(43)) - raft.server.snapshot.retention.num.files = 5 (custom)
2019-09-24 11:18:24,123 [pool-449-thread-1] INFO  server.RaftServerConfigKeys (ConfUtils.java:logGet(43)) - raft.server.retrycache.expirytime = 600000ms (custom)
2019-09-24 11:18:24,124 [pool-449-thread-1] INFO  impl.RaftServerImpl (RaftServerImpl.java:start(185)) - 8cab83c2-a74a-4ed7-b92f-ceab93cc65b5@group-690CD04331F7: start as a follower, conf=-1: [8cab83c2-a74a-4ed7-b92f-ceab93cc65b5:192.168.5.168:39485], old=null
2019-09-24 11:18:24,124 [pool-449-thread-1] INFO  impl.RaftServerImpl (RaftServerImpl.java:setRole(174)) - 8cab83c2-a74a-4ed7-b92f-ceab93cc65b5@group-690CD04331F7: changes role from      null to FOLLOWER at term 0 for startAsFollower
2019-09-24 11:18:24,124 [pool-449-thread-1] INFO  impl.RoleInfo (RoleInfo.java:updateAndGet(143)) - 8cab83c2-a74a-4ed7-b92f-ceab93cc65b5: start FollowerState
2019-09-24 11:18:24,133 [pool-449-thread-1] INFO  util.JmxRegister (JmxRegister.java:tryRegister(44)) - Successfully registered JMX Bean with object name Ratis:service=RaftServer,group=group-690CD04331F7,id=8cab83c2-a74a-4ed7-b92f-ceab93cc65b5
2019-09-24 11:18:24,145 [RatisPipelineUtilsThread] INFO  pipeline.PipelineStateManager (PipelineStateManager.java:addPipeline(56)) - Created pipeline Pipeline[ Id: e903dbba-bddd-4139-a8fa-690cd04331f7, Nodes: 8cab83c2-a74a-4ed7-b92f-ceab93cc65b5{ip: 192.168.5.168, host: pr-hdds-2067-q68gx-839588832, networkLocation: /default-rack, certSerialId: null}, Type:RATIS, Factor:ONE, State:OPEN]
2019-09-24 11:18:24,149 [IPC Server handler 1 on 45607] INFO  net.NetworkTopology (NetworkTopologyImpl.java:add(111)) - Added a new node: /default-rack/96abde27-51e3-4584-b631-6c6622a6cfdc
2019-09-24 11:18:24,149 [IPC Server handler 1 on 45607] INFO  node.SCMNodeManager (SCMNodeManager.java:register(266)) - Registered Data node : 96abde27-51e3-4584-b631-6c6622a6cfdc{ip: 192.168.5.168, host: pr-hdds-2067-q68gx-839588832, networkLocation: /default-rack, certSerialId: null}
2019-09-24 11:18:24,152 [grpc-default-executor-9] INFO  impl.RaftServerProxy (RaftServerProxy.java:addNew(89)) - 2f081810-8a16-4ad4-b1e8-4f35666036b9: addNew group-35355318244D:[2f081810-8a16-4ad4-b1e8-4f35666036b9:192.168.5.168:46567] returns group-35355318244D:java.util.concurrent.CompletableFuture@63f23f04[Not completed]
2019-09-24 11:18:24,153 [pool-439-thread-1] INFO  impl.RaftServerImpl (RaftServerImpl.java:<init>(95)) - 2f081810-8a16-4ad4-b1e8-4f35666036b9: new RaftServerImpl for group-35355318244D:[2f081810-8a16-4ad4-b1e8-4f35666036b9:192.168.5.168:46567] with ContainerStateMachine:uninitialized
2019-09-24 11:18:24,153 [pool-439-thread-1] INFO  server.RaftServerConfigKeys (ConfUtils.java:logGet(43)) - raft.server.rpc.timeout.min = 5s (custom)
2019-09-24 11:18:24,153 [pool-439-thread-1] INFO  server.RaftServerConfigKeys (ConfUtils.java:logGet(43)) - raft.server.rpc.timeout.max = 5200ms (custom)
2019-09-24 11:18:24,153 [pool-439-thread-1] INFO  server.RaftServerConfigKeys (ConfUtils.java:logGet(43)) - raft.server.rpcslowness.timeout = 120s (custom)
2019-09-24 11:18:24,154 [pool-439-thread-1] INFO  server.RaftServerConfigKeys (ConfUtils.java:logGet(43)) - raft.server.sleep.deviation.threshold = 300 (default)
2019-09-24 11:18:24,154 [pool-439-thread-1] INFO  server.RaftServerConfigKeys (ConfUtils.java:logGet(43)) - raft.server.log.appender.install.snapshot.enabled = false (custom)
2019-09-24 11:18:24,154 [pool-439-thread-1] INFO  impl.RaftServerImpl (ServerState.java:<init>(103)) - 2f081810-8a16-4ad4-b1e8-4f35666036b9@group-35355318244D: ConfigurationManager, init=-1: [2f081810-8a16-4ad4-b1e8-4f35666036b9:192.168.5.168:46567], old=null, confs=<EMPTY_MAP>
2019-09-24 11:18:24,154 [pool-439-thread-1] INFO  server.RaftServerConfigKeys (ConfUtils.java:logGet(43)) - raft.server.storage.dir = [/workdir/hadoop-ozone/integration-test/target/test-dir/MiniOzoneClusterImpl-40187663-585e-41ed-b8bc-b85aa484b511/datanode-3/data/ratis] (custom)
2019-09-24 11:18:24,154 [pool-439-thread-1] INFO  storage.RaftStorageDirectory (RaftStorageDirectory.java:analyzeStorage(246)) - The storage directory /workdir/hadoop-ozone/integration-test/target/test-dir/MiniOzoneClusterImpl-40187663-585e-41ed-b8bc-b85aa484b511/datanode-3/data/ratis/c07c3d4f-e903-4cce-b207-35355318244d does not exist. Creating ...
2019-09-24 11:18:24,167 [pool-439-thread-1] INFO  storage.RaftStorageDirectory (RaftStorageDirectory.java:tryLock(328)) - Lock on /workdir/hadoop-ozone/integration-test/target/test-dir/MiniOzoneClusterImpl-40187663-585e-41ed-b8bc-b85aa484b511/datanode-3/data/ratis/c07c3d4f-e903-4cce-b207-35355318244d/in_use.lock acquired by nodename 31729@pr-hdds-2067-q68gx-839588832
2019-09-24 11:18:24,180 [pool-439-thread-1] INFO  storage.RaftStorage (RaftStorage.java:format(72)) - Storage directory /workdir/hadoop-ozone/integration-test/target/test-dir/MiniOzoneClusterImpl-40187663-585e-41ed-b8bc-b85aa484b511/datanode-3/data/ratis/c07c3d4f-e903-4cce-b207-35355318244d has been successfully formatted.
2019-09-24 11:18:24,180 [pool-439-thread-1] INFO  ratis.ContainerStateMachine (ContainerStateMachine.java:loadSnapshot(230)) - group-35355318244D: The snapshot info is null. Setting the last applied indexto:(t:0, i:~)
2019-09-24 11:18:24,180 [pool-439-thread-1] INFO  server.RaftServerConfigKeys (ConfUtils.java:logGet(43)) - raft.server.notification.no-leader.timeout = 120s (custom)
2019-09-24 11:18:24,180 [pool-439-thread-1] INFO  server.RaftServerConfigKeys (ConfUtils.java:logGet(43)) - raft.server.log.use.memory = false (default)
2019-09-24 11:18:24,180 [pool-439-thread-1] INFO  server.RaftServerConfigKeys (ConfUtils.java:logGet(43)) - raft.server.log.purge.gap = 1000000 (custom)
2019-09-24 11:18:24,181 [pool-439-thread-1] INFO  server.RaftServerConfigKeys (ConfUtils.java:logGet(43)) - raft.server.log.appender.buffer.byte-limit = 33554432 (custom)
2019-09-24 11:18:24,181 [pool-439-thread-1] INFO  server.RaftServerConfigKeys (ConfUtils.java:logGet(43)) - raft.server.log.segment.size.max = 1048576 (custom)
2019-09-24 11:18:24,181 [pool-439-thread-1] INFO  server.RaftServerConfigKeys (ConfUtils.java:logGet(43)) - raft.server.log.segment.cache.num.max = 2 (custom)
2019-09-24 11:18:24,181 [pool-439-thread-1] INFO  segmented.SegmentedRaftLogWorker (SegmentedRaftLogWorker.java:<init>(172)) - new 2f081810-8a16-4ad4-b1e8-4f35666036b9@group-35355318244D-SegmentedRaftLogWorker for RaftStorage:Storage Directory /workdir/hadoop-ozone/integration-test/target/test-dir/MiniOzoneClusterImpl-40187663-585e-41ed-b8bc-b85aa484b511/datanode-3/data/ratis/c07c3d4f-e903-4cce-b207-35355318244d
2019-09-24 11:18:24,182 [pool-439-thread-1] INFO  server.RaftServerConfigKeys (ConfUtils.java:logGet(43)) - raft.server.log.queue.byte-limit = 2147483647 (custom)
2019-09-24 11:18:24,182 [pool-439-thread-1] INFO  server.RaftServerConfigKeys (ConfUtils.java:logGet(43)) - raft.server.log.queue.element-limit = 1024 (custom)
2019-09-24 11:18:24,182 [pool-439-thread-1] INFO  server.RaftServerConfigKeys (ConfUtils.java:logGet(43)) - raft.server.log.segment.size.max = 1048576 (custom)
2019-09-24 11:18:24,182 [pool-439-thread-1] INFO  server.RaftServerConfigKeys (ConfUtils.java:logGet(43)) - raft.server.log.preallocated.size = 16384 (custom)
2019-09-24 11:18:24,182 [pool-439-thread-1] INFO  server.RaftServerConfigKeys (ConfUtils.java:logGet(43)) - raft.server.log.write.buffer.size = 33554432 (custom)
2019-09-24 11:18:24,182 [pool-439-thread-1] INFO  server.RaftServerConfigKeys (ConfUtils.java:logGet(43)) - raft.server.log.force.sync.num = 128 (default)
2019-09-24 11:18:24,182 [pool-439-thread-1] INFO  server.RaftServerConfigKeys (ConfUtils.java:logGet(43)) - raft.server.log.statemachine.data.sync = true (default)
2019-09-24 11:18:24,183 [pool-439-thread-1] INFO  server.RaftServerConfigKeys (ConfUtils.java:logGet(43)) - raft.server.log.statemachine.data.sync.timeout = 10s (default)
2019-09-24 11:18:24,183 [pool-439-thread-1] INFO  server.RaftServerConfigKeys (ConfUtils.java:logGet(43)) - raft.server.log.statemachine.data.sync.timeout.retry = -1 (default)
2019-09-24 11:18:24,183 [pool-439-thread-1] INFO  server.RaftServerConfigKeys (ConfUtils.java:logGet(43)) - raft.server.log.statemachine.data.caching.enabled = true (custom)
2019-09-24 11:18:24,183 [pool-439-thread-1] INFO  segmented.SegmentedRaftLogWorker (SegmentedRaftLogWorker.java:lambda$new$0(132)) - 2f081810-8a16-4ad4-b1e8-4f35666036b9@group-35355318244D-SegmentedRaftLogWorker: flushIndex: setUnconditionally 0 -> -1
2019-09-24 11:18:24,183 [pool-439-thread-1] INFO  server.RaftServerConfigKeys (ConfUtils.java:logGet(43)) - raft.server.snapshot.auto.trigger.enabled = true (custom)
2019-09-24 11:18:24,183 [pool-439-thread-1] INFO  server.RaftServerConfigKeys (ConfUtils.java:logGet(43)) - raft.server.snapshot.auto.trigger.threshold = 10000 (custom)
2019-09-24 11:18:24,183 [pool-439-thread-1] INFO  server.RaftServerConfigKeys (ConfUtils.java:logGet(43)) - raft.server.snapshot.retention.num.files = 5 (custom)
2019-09-24 11:18:24,183 [pool-439-thread-1] INFO  server.RaftServerConfigKeys (ConfUtils.java:logGet(43)) - raft.server.retrycache.expirytime = 600000ms (custom)
2019-09-24 11:18:24,185 [pool-439-thread-1] INFO  impl.RaftServerImpl (RaftServerImpl.java:start(185)) - 2f081810-8a16-4ad4-b1e8-4f35666036b9@group-35355318244D: start as a follower, conf=-1: [2f081810-8a16-4ad4-b1e8-4f35666036b9:192.168.5.168:46567], old=null
2019-09-24 11:18:24,185 [pool-439-thread-1] INFO  impl.RaftServerImpl (RaftServerImpl.java:setRole(174)) - 2f081810-8a16-4ad4-b1e8-4f35666036b9@group-35355318244D: changes role from      null to FOLLOWER at term 0 for startAsFollower
2019-09-24 11:18:24,185 [pool-439-thread-1] INFO  impl.RoleInfo (RoleInfo.java:updateAndGet(143)) - 2f081810-8a16-4ad4-b1e8-4f35666036b9: start FollowerState
2019-09-24 11:18:24,185 [pool-439-thread-1] INFO  util.JmxRegister (JmxRegister.java:tryRegister(44)) - Successfully registered JMX Bean with object name Ratis:service=RaftServer,group=group-35355318244D,id=2f081810-8a16-4ad4-b1e8-4f35666036b9
2019-09-24 11:18:24,190 [RatisPipelineUtilsThread] INFO  pipeline.PipelineStateManager (PipelineStateManager.java:addPipeline(56)) - Created pipeline Pipeline[ Id: c07c3d4f-e903-4cce-b207-35355318244d, Nodes: 2f081810-8a16-4ad4-b1e8-4f35666036b9{ip: 192.168.5.168, host: pr-hdds-2067-q68gx-839588832, networkLocation: /default-rack, certSerialId: null}, Type:RATIS, Factor:ONE, State:OPEN]
2019-09-24 11:18:24,196 [grpc-default-executor-9] INFO  impl.RaftServerProxy (RaftServerProxy.java:addNew(89)) - 96abde27-51e3-4584-b631-6c6622a6cfdc: addNew group-4C807D302A05:[96abde27-51e3-4584-b631-6c6622a6cfdc:192.168.5.168:44280] returns group-4C807D302A05:java.util.concurrent.CompletableFuture@5ec90b5[Not completed]
2019-09-24 11:18:24,197 [pool-459-thread-1] INFO  impl.RaftServerImpl (RaftServerImpl.java:<init>(95)) - 96abde27-51e3-4584-b631-6c6622a6cfdc: new RaftServerImpl for group-4C807D302A05:[96abde27-51e3-4584-b631-6c6622a6cfdc:192.168.5.168:44280] with ContainerStateMachine:uninitialized
2019-09-24 11:18:24,197 [pool-459-thread-1] INFO  server.RaftServerConfigKeys (ConfUtils.java:logGet(43)) - raft.server.rpc.timeout.min = 5s (custom)
2019-09-24 11:18:24,197 [pool-459-thread-1] INFO  server.RaftServerConfigKeys (ConfUtils.java:logGet(43)) - raft.server.rpc.timeout.max = 5200ms (custom)
2019-09-24 11:18:24,197 [pool-459-thread-1] INFO  server.RaftServerConfigKeys (ConfUtils.java:logGet(43)) - raft.server.rpcslowness.timeout = 120s (custom)
2019-09-24 11:18:24,197 [pool-459-thread-1] INFO  server.RaftServerConfigKeys (ConfUtils.java:logGet(43)) - raft.server.sleep.deviation.threshold = 300 (default)
2019-09-24 11:18:24,197 [pool-459-thread-1] INFO  server.RaftServerConfigKeys (ConfUtils.java:logGet(43)) - raft.server.log.appender.install.snapshot.enabled = false (custom)
2019-09-24 11:18:24,198 [pool-459-thread-1] INFO  impl.RaftServerImpl (ServerState.java:<init>(103)) - 96abde27-51e3-4584-b631-6c6622a6cfdc@group-4C807D302A05: ConfigurationManager, init=-1: [96abde27-51e3-4584-b631-6c6622a6cfdc:192.168.5.168:44280], old=null, confs=<EMPTY_MAP>
2019-09-24 11:18:24,198 [pool-459-thread-1] INFO  server.RaftServerConfigKeys (ConfUtils.java:logGet(43)) - raft.server.storage.dir = [/workdir/hadoop-ozone/integration-test/target/test-dir/MiniOzoneClusterImpl-40187663-585e-41ed-b8bc-b85aa484b511/datanode-5/data/ratis] (custom)
2019-09-24 11:18:24,198 [pool-459-thread-1] INFO  storage.RaftStorageDirectory (RaftStorageDirectory.java:analyzeStorage(246)) - The storage directory /workdir/hadoop-ozone/integration-test/target/test-dir/MiniOzoneClusterImpl-40187663-585e-41ed-b8bc-b85aa484b511/datanode-5/data/ratis/fbcdb138-ab17-48e2-b1b1-4c807d302a05 does not exist. Creating ...
2019-09-24 11:18:24,210 [pool-459-thread-1] INFO  storage.RaftStorageDirectory (RaftStorageDirectory.java:tryLock(328)) - Lock on /workdir/hadoop-ozone/integration-test/target/test-dir/MiniOzoneClusterImpl-40187663-585e-41ed-b8bc-b85aa484b511/datanode-5/data/ratis/fbcdb138-ab17-48e2-b1b1-4c807d302a05/in_use.lock acquired by nodename 31729@pr-hdds-2067-q68gx-839588832
2019-09-24 11:18:24,215 [main] INFO  ozone.MiniOzoneClusterImpl (MiniOzoneClusterImpl.java:lambda$waitForClusterToBeReady$0(147)) - Waiting for cluster to be ready. Got 6 of 7 DN Heartbeats.
2019-09-24 11:18:24,216 [IPC Server handler 2 on 45607] INFO  net.NetworkTopology (NetworkTopologyImpl.java:add(111)) - Added a new node: /default-rack/6fbe9392-c3cb-4124-a52f-02b22ed2aec3
2019-09-24 11:18:24,216 [IPC Server handler 2 on 45607] INFO  node.SCMNodeManager (SCMNodeManager.java:register(266)) - Registered Data node : 6fbe9392-c3cb-4124-a52f-02b22ed2aec3{ip: 192.168.5.168, host: pr-hdds-2067-q68gx-839588832, networkLocation: /default-rack, certSerialId: null}
2019-09-24 11:18:24,221 [pool-459-thread-1] INFO  storage.RaftStorage (RaftStorage.java:format(72)) - Storage directory /workdir/hadoop-ozone/integration-test/target/test-dir/MiniOzoneClusterImpl-40187663-585e-41ed-b8bc-b85aa484b511/datanode-5/data/ratis/fbcdb138-ab17-48e2-b1b1-4c807d302a05 has been successfully formatted.
2019-09-24 11:18:24,222 [pool-459-thread-1] INFO  ratis.ContainerStateMachine (ContainerStateMachine.java:loadSnapshot(230)) - group-4C807D302A05: The snapshot info is null. Setting the last applied indexto:(t:0, i:~)
2019-09-24 11:18:24,222 [pool-459-thread-1] INFO  server.RaftServerConfigKeys (ConfUtils.java:logGet(43)) - raft.server.notification.no-leader.timeout = 120s (custom)
2019-09-24 11:18:24,222 [pool-459-thread-1] INFO  server.RaftServerConfigKeys (ConfUtils.java:logGet(43)) - raft.server.log.use.memory = false (default)
2019-09-24 11:18:24,222 [pool-459-thread-1] INFO  server.RaftServerConfigKeys (ConfUtils.java:logGet(43)) - raft.server.log.purge.gap = 1000000 (custom)
2019-09-24 11:18:24,222 [pool-459-thread-1] INFO  server.RaftServerConfigKeys (ConfUtils.java:logGet(43)) - raft.server.log.appender.buffer.byte-limit = 33554432 (custom)
2019-09-24 11:18:24,222 [pool-459-thread-1] INFO  server.RaftServerConfigKeys (ConfUtils.java:logGet(43)) - raft.server.log.segment.size.max = 1048576 (custom)
2019-09-24 11:18:24,222 [pool-459-thread-1] INFO  server.RaftServerConfigKeys (ConfUtils.java:logGet(43)) - raft.server.log.segment.cache.num.max = 2 (custom)
2019-09-24 11:18:24,222 [pool-459-thread-1] INFO  segmented.SegmentedRaftLogWorker (SegmentedRaftLogWorker.java:<init>(172)) - new 96abde27-51e3-4584-b631-6c6622a6cfdc@group-4C807D302A05-SegmentedRaftLogWorker for RaftStorage:Storage Directory /workdir/hadoop-ozone/integration-test/target/test-dir/MiniOzoneClusterImpl-40187663-585e-41ed-b8bc-b85aa484b511/datanode-5/data/ratis/fbcdb138-ab17-48e2-b1b1-4c807d302a05
2019-09-24 11:18:24,224 [pool-459-thread-1] INFO  server.RaftServerConfigKeys (ConfUtils.java:logGet(43)) - raft.server.log.queue.byte-limit = 2147483647 (custom)
2019-09-24 11:18:24,224 [pool-459-thread-1] INFO  server.RaftServerConfigKeys (ConfUtils.java:logGet(43)) - raft.server.log.queue.element-limit = 1024 (custom)
2019-09-24 11:18:24,224 [pool-459-thread-1] INFO  server.RaftServerConfigKeys (ConfUtils.java:logGet(43)) - raft.server.log.segment.size.max = 1048576 (custom)
2019-09-24 11:18:24,224 [pool-459-thread-1] INFO  server.RaftServerConfigKeys (ConfUtils.java:logGet(43)) - raft.server.log.preallocated.size = 16384 (custom)
2019-09-24 11:18:24,225 [pool-459-thread-1] INFO  server.RaftServerConfigKeys (ConfUtils.java:logGet(43)) - raft.server.log.write.buffer.size = 33554432 (custom)
2019-09-24 11:18:24,225 [pool-459-thread-1] INFO  server.RaftServerConfigKeys (ConfUtils.java:logGet(43)) - raft.server.log.force.sync.num = 128 (default)
2019-09-24 11:18:24,225 [pool-459-thread-1] INFO  server.RaftServerConfigKeys (ConfUtils.java:logGet(43)) - raft.server.log.statemachine.data.sync = true (default)
2019-09-24 11:18:24,225 [pool-459-thread-1] INFO  server.RaftServerConfigKeys (ConfUtils.java:logGet(43)) - raft.server.log.statemachine.data.sync.timeout = 10s (default)
2019-09-24 11:18:24,225 [pool-459-thread-1] INFO  server.RaftServerConfigKeys (ConfUtils.java:logGet(43)) - raft.server.log.statemachine.data.sync.timeout.retry = -1 (default)
2019-09-24 11:18:24,225 [pool-459-thread-1] INFO  server.RaftServerConfigKeys (ConfUtils.java:logGet(43)) - raft.server.log.statemachine.data.caching.enabled = true (custom)
2019-09-24 11:18:24,226 [pool-459-thread-1] INFO  segmented.SegmentedRaftLogWorker (SegmentedRaftLogWorker.java:lambda$new$0(132)) - 96abde27-51e3-4584-b631-6c6622a6cfdc@group-4C807D302A05-SegmentedRaftLogWorker: flushIndex: setUnconditionally 0 -> -1
2019-09-24 11:18:24,226 [pool-459-thread-1] INFO  server.RaftServerConfigKeys (ConfUtils.java:logGet(43)) - raft.server.snapshot.auto.trigger.enabled = true (custom)
2019-09-24 11:18:24,226 [pool-459-thread-1] INFO  server.RaftServerConfigKeys (ConfUtils.java:logGet(43)) - raft.server.snapshot.auto.trigger.threshold = 10000 (custom)
2019-09-24 11:18:24,226 [pool-459-thread-1] INFO  server.RaftServerConfigKeys (ConfUtils.java:logGet(43)) - raft.server.snapshot.retention.num.files = 5 (custom)
2019-09-24 11:18:24,226 [pool-459-thread-1] INFO  server.RaftServerConfigKeys (ConfUtils.java:logGet(43)) - raft.server.retrycache.expirytime = 600000ms (custom)
2019-09-24 11:18:24,228 [pool-459-thread-1] INFO  impl.RaftServerImpl (RaftServerImpl.java:start(185)) - 96abde27-51e3-4584-b631-6c6622a6cfdc@group-4C807D302A05: start as a follower, conf=-1: [96abde27-51e3-4584-b631-6c6622a6cfdc:192.168.5.168:44280], old=null
2019-09-24 11:18:24,228 [pool-459-thread-1] INFO  impl.RaftServerImpl (RaftServerImpl.java:setRole(174)) - 96abde27-51e3-4584-b631-6c6622a6cfdc@group-4C807D302A05: changes role from      null to FOLLOWER at term 0 for startAsFollower
2019-09-24 11:18:24,228 [pool-459-thread-1] INFO  impl.RoleInfo (RoleInfo.java:updateAndGet(143)) - 96abde27-51e3-4584-b631-6c6622a6cfdc: start FollowerState
2019-09-24 11:18:24,228 [pool-459-thread-1] INFO  util.JmxRegister (JmxRegister.java:tryRegister(44)) - Successfully registered JMX Bean with object name Ratis:service=RaftServer,group=group-4C807D302A05,id=96abde27-51e3-4584-b631-6c6622a6cfdc
2019-09-24 11:18:24,232 [RatisPipelineUtilsThread] INFO  pipeline.PipelineStateManager (PipelineStateManager.java:addPipeline(56)) - Created pipeline Pipeline[ Id: fbcdb138-ab17-48e2-b1b1-4c807d302a05, Nodes: 96abde27-51e3-4584-b631-6c6622a6cfdc{ip: 192.168.5.168, host: pr-hdds-2067-q68gx-839588832, networkLocation: /default-rack, certSerialId: null}, Type:RATIS, Factor:ONE, State:OPEN]
2019-09-24 11:18:24,239 [grpc-default-executor-9] INFO  impl.RaftServerProxy (RaftServerProxy.java:addNew(89)) - 6fbe9392-c3cb-4124-a52f-02b22ed2aec3: addNew group-FEEAD49B4FF1:[6fbe9392-c3cb-4124-a52f-02b22ed2aec3:192.168.5.168:37958] returns group-FEEAD49B4FF1:java.util.concurrent.CompletableFuture@3cd1d5b1[Not completed]
2019-09-24 11:18:24,240 [pool-469-thread-1] INFO  impl.RaftServerImpl (RaftServerImpl.java:<init>(95)) - 6fbe9392-c3cb-4124-a52f-02b22ed2aec3: new RaftServerImpl for group-FEEAD49B4FF1:[6fbe9392-c3cb-4124-a52f-02b22ed2aec3:192.168.5.168:37958] with ContainerStateMachine:uninitialized
2019-09-24 11:18:24,241 [pool-469-thread-1] INFO  server.RaftServerConfigKeys (ConfUtils.java:logGet(43)) - raft.server.rpc.timeout.min = 5s (custom)
2019-09-24 11:18:24,241 [pool-469-thread-1] INFO  server.RaftServerConfigKeys (ConfUtils.java:logGet(43)) - raft.server.rpc.timeout.max = 5200ms (custom)
2019-09-24 11:18:24,241 [pool-469-thread-1] INFO  server.RaftServerConfigKeys (ConfUtils.java:logGet(43)) - raft.server.rpcslowness.timeout = 120s (custom)
2019-09-24 11:18:24,241 [pool-469-thread-1] INFO  server.RaftServerConfigKeys (ConfUtils.java:logGet(43)) - raft.server.sleep.deviation.threshold = 300 (default)
2019-09-24 11:18:24,241 [pool-469-thread-1] INFO  server.RaftServerConfigKeys (ConfUtils.java:logGet(43)) - raft.server.log.appender.install.snapshot.enabled = false (custom)
2019-09-24 11:18:24,241 [pool-469-thread-1] INFO  impl.RaftServerImpl (ServerState.java:<init>(103)) - 6fbe9392-c3cb-4124-a52f-02b22ed2aec3@group-FEEAD49B4FF1: ConfigurationManager, init=-1: [6fbe9392-c3cb-4124-a52f-02b22ed2aec3:192.168.5.168:37958], old=null, confs=<EMPTY_MAP>
2019-09-24 11:18:24,242 [pool-469-thread-1] INFO  server.RaftServerConfigKeys (ConfUtils.java:logGet(43)) - raft.server.storage.dir = [/workdir/hadoop-ozone/integration-test/target/test-dir/MiniOzoneClusterImpl-40187663-585e-41ed-b8bc-b85aa484b511/datanode-6/data/ratis] (custom)
2019-09-24 11:18:24,242 [pool-469-thread-1] INFO  storage.RaftStorageDirectory (RaftStorageDirectory.java:analyzeStorage(246)) - The storage directory /workdir/hadoop-ozone/integration-test/target/test-dir/MiniOzoneClusterImpl-40187663-585e-41ed-b8bc-b85aa484b511/datanode-6/data/ratis/1d62aa6b-90f5-4b00-8075-feead49b4ff1 does not exist. Creating ...
2019-09-24 11:18:24,256 [pool-469-thread-1] INFO  storage.RaftStorageDirectory (RaftStorageDirectory.java:tryLock(328)) - Lock on /workdir/hadoop-ozone/integration-test/target/test-dir/MiniOzoneClusterImpl-40187663-585e-41ed-b8bc-b85aa484b511/datanode-6/data/ratis/1d62aa6b-90f5-4b00-8075-feead49b4ff1/in_use.lock acquired by nodename 31729@pr-hdds-2067-q68gx-839588832
2019-09-24 11:18:24,272 [pool-469-thread-1] INFO  storage.RaftStorage (RaftStorage.java:format(72)) - Storage directory /workdir/hadoop-ozone/integration-test/target/test-dir/MiniOzoneClusterImpl-40187663-585e-41ed-b8bc-b85aa484b511/datanode-6/data/ratis/1d62aa6b-90f5-4b00-8075-feead49b4ff1 has been successfully formatted.
2019-09-24 11:18:24,273 [pool-469-thread-1] INFO  ratis.ContainerStateMachine (ContainerStateMachine.java:loadSnapshot(230)) - group-FEEAD49B4FF1: The snapshot info is null. Setting the last applied indexto:(t:0, i:~)
2019-09-24 11:18:24,273 [pool-469-thread-1] INFO  server.RaftServerConfigKeys (ConfUtils.java:logGet(43)) - raft.server.notification.no-leader.timeout = 120s (custom)
2019-09-24 11:18:24,273 [pool-469-thread-1] INFO  server.RaftServerConfigKeys (ConfUtils.java:logGet(43)) - raft.server.log.use.memory = false (default)
2019-09-24 11:18:24,273 [pool-469-thread-1] INFO  server.RaftServerConfigKeys (ConfUtils.java:logGet(43)) - raft.server.log.purge.gap = 1000000 (custom)
2019-09-24 11:18:24,273 [pool-469-thread-1] INFO  server.RaftServerConfigKeys (ConfUtils.java:logGet(43)) - raft.server.log.appender.buffer.byte-limit = 33554432 (custom)
2019-09-24 11:18:24,273 [pool-469-thread-1] INFO  server.RaftServerConfigKeys (ConfUtils.java:logGet(43)) - raft.server.log.segment.size.max = 1048576 (custom)
2019-09-24 11:18:24,273 [pool-469-thread-1] INFO  server.RaftServerConfigKeys (ConfUtils.java:logGet(43)) - raft.server.log.segment.cache.num.max = 2 (custom)
2019-09-24 11:18:24,274 [pool-469-thread-1] INFO  segmented.SegmentedRaftLogWorker (SegmentedRaftLogWorker.java:<init>(172)) - new 6fbe9392-c3cb-4124-a52f-02b22ed2aec3@group-FEEAD49B4FF1-SegmentedRaftLogWorker for RaftStorage:Storage Directory /workdir/hadoop-ozone/integration-test/target/test-dir/MiniOzoneClusterImpl-40187663-585e-41ed-b8bc-b85aa484b511/datanode-6/data/ratis/1d62aa6b-90f5-4b00-8075-feead49b4ff1
2019-09-24 11:18:24,276 [pool-469-thread-1] INFO  server.RaftServerConfigKeys (ConfUtils.java:logGet(43)) - raft.server.log.queue.byte-limit = 2147483647 (custom)
2019-09-24 11:18:24,276 [pool-469-thread-1] INFO  server.RaftServerConfigKeys (ConfUtils.java:logGet(43)) - raft.server.log.queue.element-limit = 1024 (custom)
2019-09-24 11:18:24,276 [pool-469-thread-1] INFO  server.RaftServerConfigKeys (ConfUtils.java:logGet(43)) - raft.server.log.segment.size.max = 1048576 (custom)
2019-09-24 11:18:24,276 [pool-469-thread-1] INFO  server.RaftServerConfigKeys (ConfUtils.java:logGet(43)) - raft.server.log.preallocated.size = 16384 (custom)
2019-09-24 11:18:24,276 [pool-469-thread-1] INFO  server.RaftServerConfigKeys (ConfUtils.java:logGet(43)) - raft.server.log.write.buffer.size = 33554432 (custom)
2019-09-24 11:18:24,276 [pool-469-thread-1] INFO  server.RaftServerConfigKeys (ConfUtils.java:logGet(43)) - raft.server.log.force.sync.num = 128 (default)
2019-09-24 11:18:24,277 [pool-469-thread-1] INFO  server.RaftServerConfigKeys (ConfUtils.java:logGet(43)) - raft.server.log.statemachine.data.sync = true (default)
2019-09-24 11:18:24,277 [pool-469-thread-1] INFO  server.RaftServerConfigKeys (ConfUtils.java:logGet(43)) - raft.server.log.statemachine.data.sync.timeout = 10s (default)
2019-09-24 11:18:24,277 [pool-469-thread-1] INFO  server.RaftServerConfigKeys (ConfUtils.java:logGet(43)) - raft.server.log.statemachine.data.sync.timeout.retry = -1 (default)
2019-09-24 11:18:24,277 [pool-469-thread-1] INFO  server.RaftServerConfigKeys (ConfUtils.java:logGet(43)) - raft.server.log.statemachine.data.caching.enabled = true (custom)
2019-09-24 11:18:24,277 [pool-469-thread-1] INFO  segmented.SegmentedRaftLogWorker (SegmentedRaftLogWorker.java:lambda$new$0(132)) - 6fbe9392-c3cb-4124-a52f-02b22ed2aec3@group-FEEAD49B4FF1-SegmentedRaftLogWorker: flushIndex: setUnconditionally 0 -> -1
2019-09-24 11:18:24,278 [pool-469-thread-1] INFO  server.RaftServerConfigKeys (ConfUtils.java:logGet(43)) - raft.server.snapshot.auto.trigger.enabled = true (custom)
2019-09-24 11:18:24,278 [pool-469-thread-1] INFO  server.RaftServerConfigKeys (ConfUtils.java:logGet(43)) - raft.server.snapshot.auto.trigger.threshold = 10000 (custom)
2019-09-24 11:18:24,278 [pool-469-thread-1] INFO  server.RaftServerConfigKeys (ConfUtils.java:logGet(43)) - raft.server.snapshot.retention.num.files = 5 (custom)
2019-09-24 11:18:24,278 [pool-469-thread-1] INFO  server.RaftServerConfigKeys (ConfUtils.java:logGet(43)) - raft.server.retrycache.expirytime = 600000ms (custom)
2019-09-24 11:18:24,280 [pool-469-thread-1] INFO  impl.RaftServerImpl (RaftServerImpl.java:start(185)) - 6fbe9392-c3cb-4124-a52f-02b22ed2aec3@group-FEEAD49B4FF1: start as a follower, conf=-1: [6fbe9392-c3cb-4124-a52f-02b22ed2aec3:192.168.5.168:37958], old=null
2019-09-24 11:18:24,280 [pool-469-thread-1] INFO  impl.RaftServerImpl (RaftServerImpl.java:setRole(174)) - 6fbe9392-c3cb-4124-a52f-02b22ed2aec3@group-FEEAD49B4FF1: changes role from      null to FOLLOWER at term 0 for startAsFollower
2019-09-24 11:18:24,280 [pool-469-thread-1] INFO  impl.RoleInfo (RoleInfo.java:updateAndGet(143)) - 6fbe9392-c3cb-4124-a52f-02b22ed2aec3: start FollowerState
2019-09-24 11:18:24,280 [pool-469-thread-1] INFO  util.JmxRegister (JmxRegister.java:tryRegister(44)) - Successfully registered JMX Bean with object name Ratis:service=RaftServer,group=group-FEEAD49B4FF1,id=6fbe9392-c3cb-4124-a52f-02b22ed2aec3
2019-09-24 11:18:24,285 [RatisPipelineUtilsThread] INFO  pipeline.PipelineStateManager (PipelineStateManager.java:addPipeline(56)) - Created pipeline Pipeline[ Id: 1d62aa6b-90f5-4b00-8075-feead49b4ff1, Nodes: 6fbe9392-c3cb-4124-a52f-02b22ed2aec3{ip: 192.168.5.168, host: pr-hdds-2067-q68gx-839588832, networkLocation: /default-rack, certSerialId: null}, Type:RATIS, Factor:ONE, State:OPEN]
2019-09-24 11:18:24,297 [grpc-default-executor-9] INFO  impl.RaftServerProxy (RaftServerProxy.java:addNew(89)) - 8cab83c2-a74a-4ed7-b92f-ceab93cc65b5: addNew group-19BEAD9E5245:[2f081810-8a16-4ad4-b1e8-4f35666036b9:192.168.5.168:46567, 96abde27-51e3-4584-b631-6c6622a6cfdc:192.168.5.168:44280, 8cab83c2-a74a-4ed7-b92f-ceab93cc65b5:192.168.5.168:39485] returns group-19BEAD9E5245:java.util.concurrent.CompletableFuture@e362913[Not completed]
2019-09-24 11:18:24,297 [grpc-default-executor-7] INFO  impl.RaftServerProxy (RaftServerProxy.java:addNew(89)) - 96abde27-51e3-4584-b631-6c6622a6cfdc: addNew group-19BEAD9E5245:[2f081810-8a16-4ad4-b1e8-4f35666036b9:192.168.5.168:46567, 96abde27-51e3-4584-b631-6c6622a6cfdc:192.168.5.168:44280, 8cab83c2-a74a-4ed7-b92f-ceab93cc65b5:192.168.5.168:39485] returns group-19BEAD9E5245:java.util.concurrent.CompletableFuture@7161aeac[Not completed]
2019-09-24 11:18:24,297 [grpc-default-executor-4] INFO  impl.RaftServerProxy (RaftServerProxy.java:addNew(89)) - 2f081810-8a16-4ad4-b1e8-4f35666036b9: addNew group-19BEAD9E5245:[2f081810-8a16-4ad4-b1e8-4f35666036b9:192.168.5.168:46567, 96abde27-51e3-4584-b631-6c6622a6cfdc:192.168.5.168:44280, 8cab83c2-a74a-4ed7-b92f-ceab93cc65b5:192.168.5.168:39485] returns group-19BEAD9E5245:java.util.concurrent.CompletableFuture@166aa545[Not completed]
2019-09-24 11:18:24,299 [pool-439-thread-1] INFO  impl.RaftServerImpl (RaftServerImpl.java:<init>(95)) - 2f081810-8a16-4ad4-b1e8-4f35666036b9: new RaftServerImpl for group-19BEAD9E5245:[2f081810-8a16-4ad4-b1e8-4f35666036b9:192.168.5.168:46567, 96abde27-51e3-4584-b631-6c6622a6cfdc:192.168.5.168:44280, 8cab83c2-a74a-4ed7-b92f-ceab93cc65b5:192.168.5.168:39485] with ContainerStateMachine:uninitialized
2019-09-24 11:18:24,299 [pool-439-thread-1] INFO  server.RaftServerConfigKeys (ConfUtils.java:logGet(43)) - raft.server.rpc.timeout.min = 5s (custom)
2019-09-24 11:18:24,299 [pool-439-thread-1] INFO  server.RaftServerConfigKeys (ConfUtils.java:logGet(43)) - raft.server.rpc.timeout.max = 5200ms (custom)
2019-09-24 11:18:24,299 [pool-439-thread-1] INFO  server.RaftServerConfigKeys (ConfUtils.java:logGet(43)) - raft.server.rpcslowness.timeout = 120s (custom)
2019-09-24 11:18:24,299 [pool-439-thread-1] INFO  server.RaftServerConfigKeys (ConfUtils.java:logGet(43)) - raft.server.sleep.deviation.threshold = 300 (default)
2019-09-24 11:18:24,299 [pool-439-thread-1] INFO  server.RaftServerConfigKeys (ConfUtils.java:logGet(43)) - raft.server.log.appender.install.snapshot.enabled = false (custom)
2019-09-24 11:18:24,299 [pool-439-thread-1] INFO  impl.RaftServerImpl (ServerState.java:<init>(103)) - 2f081810-8a16-4ad4-b1e8-4f35666036b9@group-19BEAD9E5245: ConfigurationManager, init=-1: [2f081810-8a16-4ad4-b1e8-4f35666036b9:192.168.5.168:46567, 96abde27-51e3-4584-b631-6c6622a6cfdc:192.168.5.168:44280, 8cab83c2-a74a-4ed7-b92f-ceab93cc65b5:192.168.5.168:39485], old=null, confs=<EMPTY_MAP>
2019-09-24 11:18:24,299 [pool-439-thread-1] INFO  server.RaftServerConfigKeys (ConfUtils.java:logGet(43)) - raft.server.storage.dir = [/workdir/hadoop-ozone/integration-test/target/test-dir/MiniOzoneClusterImpl-40187663-585e-41ed-b8bc-b85aa484b511/datanode-3/data/ratis] (custom)
2019-09-24 11:18:24,299 [pool-449-thread-1] INFO  impl.RaftServerImpl (RaftServerImpl.java:<init>(95)) - 8cab83c2-a74a-4ed7-b92f-ceab93cc65b5: new RaftServerImpl for group-19BEAD9E5245:[2f081810-8a16-4ad4-b1e8-4f35666036b9:192.168.5.168:46567, 96abde27-51e3-4584-b631-6c6622a6cfdc:192.168.5.168:44280, 8cab83c2-a74a-4ed7-b92f-ceab93cc65b5:192.168.5.168:39485] with ContainerStateMachine:uninitialized
2019-09-24 11:18:24,300 [pool-439-thread-1] INFO  storage.RaftStorageDirectory (RaftStorageDirectory.java:analyzeStorage(246)) - The storage directory /workdir/hadoop-ozone/integration-test/target/test-dir/MiniOzoneClusterImpl-40187663-585e-41ed-b8bc-b85aa484b511/datanode-3/data/ratis/7495e1d3-94de-4157-8a48-19bead9e5245 does not exist. Creating ...
2019-09-24 11:18:24,300 [pool-449-thread-1] INFO  server.RaftServerConfigKeys (ConfUtils.java:logGet(43)) - raft.server.rpc.timeout.min = 5s (custom)
2019-09-24 11:18:24,300 [pool-459-thread-1] INFO  impl.RaftServerImpl (RaftServerImpl.java:<init>(95)) - 96abde27-51e3-4584-b631-6c6622a6cfdc: new RaftServerImpl for group-19BEAD9E5245:[2f081810-8a16-4ad4-b1e8-4f35666036b9:192.168.5.168:46567, 96abde27-51e3-4584-b631-6c6622a6cfdc:192.168.5.168:44280, 8cab83c2-a74a-4ed7-b92f-ceab93cc65b5:192.168.5.168:39485] with ContainerStateMachine:uninitialized
2019-09-24 11:18:24,300 [pool-449-thread-1] INFO  server.RaftServerConfigKeys (ConfUtils.java:logGet(43)) - raft.server.rpc.timeout.max = 5200ms (custom)
2019-09-24 11:18:24,300 [pool-459-thread-1] INFO  server.RaftServerConfigKeys (ConfUtils.java:logGet(43)) - raft.server.rpc.timeout.min = 5s (custom)
2019-09-24 11:18:24,300 [pool-449-thread-1] INFO  server.RaftServerConfigKeys (ConfUtils.java:logGet(43)) - raft.server.rpcslowness.timeout = 120s (custom)
2019-09-24 11:18:24,300 [pool-459-thread-1] INFO  server.RaftServerConfigKeys (ConfUtils.java:logGet(43)) - raft.server.rpc.timeout.max = 5200ms (custom)
2019-09-24 11:18:24,300 [pool-449-thread-1] INFO  server.RaftServerConfigKeys (ConfUtils.java:logGet(43)) - raft.server.sleep.deviation.threshold = 300 (default)
2019-09-24 11:18:24,300 [pool-459-thread-1] INFO  server.RaftServerConfigKeys (ConfUtils.java:logGet(43)) - raft.server.rpcslowness.timeout = 120s (custom)
2019-09-24 11:18:24,300 [pool-449-thread-1] INFO  server.RaftServerConfigKeys (ConfUtils.java:logGet(43)) - raft.server.log.appender.install.snapshot.enabled = false (custom)
2019-09-24 11:18:24,300 [pool-459-thread-1] INFO  server.RaftServerConfigKeys (ConfUtils.java:logGet(43)) - raft.server.sleep.deviation.threshold = 300 (default)
2019-09-24 11:18:24,300 [pool-449-thread-1] INFO  impl.RaftServerImpl (ServerState.java:<init>(103)) - 8cab83c2-a74a-4ed7-b92f-ceab93cc65b5@group-19BEAD9E5245: ConfigurationManager, init=-1: [2f081810-8a16-4ad4-b1e8-4f35666036b9:192.168.5.168:46567, 96abde27-51e3-4584-b631-6c6622a6cfdc:192.168.5.168:44280, 8cab83c2-a74a-4ed7-b92f-ceab93cc65b5:192.168.5.168:39485], old=null, confs=<EMPTY_MAP>
2019-09-24 11:18:24,301 [pool-459-thread-1] INFO  server.RaftServerConfigKeys (ConfUtils.java:logGet(43)) - raft.server.log.appender.install.snapshot.enabled = false (custom)
2019-09-24 11:18:24,301 [pool-449-thread-1] INFO  server.RaftServerConfigKeys (ConfUtils.java:logGet(43)) - raft.server.storage.dir = [/workdir/hadoop-ozone/integration-test/target/test-dir/MiniOzoneClusterImpl-40187663-585e-41ed-b8bc-b85aa484b511/datanode-4/data/ratis] (custom)
2019-09-24 11:18:24,301 [pool-459-thread-1] INFO  impl.RaftServerImpl (ServerState.java:<init>(103)) - 96abde27-51e3-4584-b631-6c6622a6cfdc@group-19BEAD9E5245: ConfigurationManager, init=-1: [2f081810-8a16-4ad4-b1e8-4f35666036b9:192.168.5.168:46567, 96abde27-51e3-4584-b631-6c6622a6cfdc:192.168.5.168:44280, 8cab83c2-a74a-4ed7-b92f-ceab93cc65b5:192.168.5.168:39485], old=null, confs=<EMPTY_MAP>
2019-09-24 11:18:24,301 [pool-459-thread-1] INFO  server.RaftServerConfigKeys (ConfUtils.java:logGet(43)) - raft.server.storage.dir = [/workdir/hadoop-ozone/integration-test/target/test-dir/MiniOzoneClusterImpl-40187663-585e-41ed-b8bc-b85aa484b511/datanode-5/data/ratis] (custom)
2019-09-24 11:18:24,301 [pool-449-thread-1] INFO  storage.RaftStorageDirectory (RaftStorageDirectory.java:analyzeStorage(246)) - The storage directory /workdir/hadoop-ozone/integration-test/target/test-dir/MiniOzoneClusterImpl-40187663-585e-41ed-b8bc-b85aa484b511/datanode-4/data/ratis/7495e1d3-94de-4157-8a48-19bead9e5245 does not exist. Creating ...
2019-09-24 11:18:24,301 [pool-459-thread-1] INFO  storage.RaftStorageDirectory (RaftStorageDirectory.java:analyzeStorage(246)) - The storage directory /workdir/hadoop-ozone/integration-test/target/test-dir/MiniOzoneClusterImpl-40187663-585e-41ed-b8bc-b85aa484b511/datanode-5/data/ratis/7495e1d3-94de-4157-8a48-19bead9e5245 does not exist. Creating ...
2019-09-24 11:18:24,313 [pool-459-thread-1] INFO  storage.RaftStorageDirectory (RaftStorageDirectory.java:tryLock(328)) - Lock on /workdir/hadoop-ozone/integration-test/target/test-dir/MiniOzoneClusterImpl-40187663-585e-41ed-b8bc-b85aa484b511/datanode-5/data/ratis/7495e1d3-94de-4157-8a48-19bead9e5245/in_use.lock acquired by nodename 31729@pr-hdds-2067-q68gx-839588832
2019-09-24 11:18:24,313 [pool-439-thread-1] INFO  storage.RaftStorageDirectory (RaftStorageDirectory.java:tryLock(328)) - Lock on /workdir/hadoop-ozone/integration-test/target/test-dir/MiniOzoneClusterImpl-40187663-585e-41ed-b8bc-b85aa484b511/datanode-3/data/ratis/7495e1d3-94de-4157-8a48-19bead9e5245/in_use.lock acquired by nodename 31729@pr-hdds-2067-q68gx-839588832
2019-09-24 11:18:24,313 [pool-449-thread-1] INFO  storage.RaftStorageDirectory (RaftStorageDirectory.java:tryLock(328)) - Lock on /workdir/hadoop-ozone/integration-test/target/test-dir/MiniOzoneClusterImpl-40187663-585e-41ed-b8bc-b85aa484b511/datanode-4/data/ratis/7495e1d3-94de-4157-8a48-19bead9e5245/in_use.lock acquired by nodename 31729@pr-hdds-2067-q68gx-839588832
2019-09-24 11:18:24,325 [pool-449-thread-1] INFO  storage.RaftStorage (RaftStorage.java:format(72)) - Storage directory /workdir/hadoop-ozone/integration-test/target/test-dir/MiniOzoneClusterImpl-40187663-585e-41ed-b8bc-b85aa484b511/datanode-4/data/ratis/7495e1d3-94de-4157-8a48-19bead9e5245 has been successfully formatted.
2019-09-24 11:18:24,325 [pool-439-thread-1] INFO  storage.RaftStorage (RaftStorage.java:format(72)) - Storage directory /workdir/hadoop-ozone/integration-test/target/test-dir/MiniOzoneClusterImpl-40187663-585e-41ed-b8bc-b85aa484b511/datanode-3/data/ratis/7495e1d3-94de-4157-8a48-19bead9e5245 has been successfully formatted.
2019-09-24 11:18:24,325 [pool-459-thread-1] INFO  storage.RaftStorage (RaftStorage.java:format(72)) - Storage directory /workdir/hadoop-ozone/integration-test/target/test-dir/MiniOzoneClusterImpl-40187663-585e-41ed-b8bc-b85aa484b511/datanode-5/data/ratis/7495e1d3-94de-4157-8a48-19bead9e5245 has been successfully formatted.
2019-09-24 11:18:24,325 [pool-449-thread-1] INFO  ratis.ContainerStateMachine (ContainerStateMachine.java:loadSnapshot(230)) - group-19BEAD9E5245: The snapshot info is null. Setting the last applied indexto:(t:0, i:~)
2019-09-24 11:18:24,325 [pool-459-thread-1] INFO  ratis.ContainerStateMachine (ContainerStateMachine.java:loadSnapshot(230)) - group-19BEAD9E5245: The snapshot info is null. Setting the last applied indexto:(t:0, i:~)
2019-09-24 11:18:24,325 [pool-439-thread-1] INFO  ratis.ContainerStateMachine (ContainerStateMachine.java:loadSnapshot(230)) - group-19BEAD9E5245: The snapshot info is null. Setting the last applied indexto:(t:0, i:~)
2019-09-24 11:18:24,325 [pool-459-thread-1] INFO  server.RaftServerConfigKeys (ConfUtils.java:logGet(43)) - raft.server.notification.no-leader.timeout = 120s (custom)
2019-09-24 11:18:24,325 [pool-449-thread-1] INFO  server.RaftServerConfigKeys (ConfUtils.java:logGet(43)) - raft.server.notification.no-leader.timeout = 120s (custom)
2019-09-24 11:18:24,326 [pool-459-thread-1] INFO  server.RaftServerConfigKeys (ConfUtils.java:logGet(43)) - raft.server.log.use.memory = false (default)
2019-09-24 11:18:24,325 [pool-439-thread-1] INFO  server.RaftServerConfigKeys (ConfUtils.java:logGet(43)) - raft.server.notification.no-leader.timeout = 120s (custom)
2019-09-24 11:18:24,326 [pool-459-thread-1] INFO  server.RaftServerConfigKeys (ConfUtils.java:logGet(43)) - raft.server.log.purge.gap = 1000000 (custom)
2019-09-24 11:18:24,326 [pool-449-thread-1] INFO  server.RaftServerConfigKeys (ConfUtils.java:logGet(43)) - raft.server.log.use.memory = false (default)
2019-09-24 11:18:24,326 [pool-459-thread-1] INFO  server.RaftServerConfigKeys (ConfUtils.java:logGet(43)) - raft.server.log.appender.buffer.byte-limit = 33554432 (custom)
2019-09-24 11:18:24,326 [pool-439-thread-1] INFO  server.RaftServerConfigKeys (ConfUtils.java:logGet(43)) - raft.server.log.use.memory = false (default)
2019-09-24 11:18:24,326 [pool-459-thread-1] INFO  server.RaftServerConfigKeys (ConfUtils.java:logGet(43)) - raft.server.log.segment.size.max = 1048576 (custom)
2019-09-24 11:18:24,326 [pool-449-thread-1] INFO  server.RaftServerConfigKeys (ConfUtils.java:logGet(43)) - raft.server.log.purge.gap = 1000000 (custom)
2019-09-24 11:18:24,326 [pool-459-thread-1] INFO  server.RaftServerConfigKeys (ConfUtils.java:logGet(43)) - raft.server.log.segment.cache.num.max = 2 (custom)
2019-09-24 11:18:24,326 [pool-439-thread-1] INFO  server.RaftServerConfigKeys (ConfUtils.java:logGet(43)) - raft.server.log.purge.gap = 1000000 (custom)
2019-09-24 11:18:24,326 [pool-459-thread-1] INFO  segmented.SegmentedRaftLogWorker (SegmentedRaftLogWorker.java:<init>(172)) - new 96abde27-51e3-4584-b631-6c6622a6cfdc@group-19BEAD9E5245-SegmentedRaftLogWorker for RaftStorage:Storage Directory /workdir/hadoop-ozone/integration-test/target/test-dir/MiniOzoneClusterImpl-40187663-585e-41ed-b8bc-b85aa484b511/datanode-5/data/ratis/7495e1d3-94de-4157-8a48-19bead9e5245
2019-09-24 11:18:24,326 [pool-449-thread-1] INFO  server.RaftServerConfigKeys (ConfUtils.java:logGet(43)) - raft.server.log.appender.buffer.byte-limit = 33554432 (custom)
2019-09-24 11:18:24,327 [pool-459-thread-1] INFO  server.RaftServerConfigKeys (ConfUtils.java:logGet(43)) - raft.server.log.queue.byte-limit = 2147483647 (custom)
2019-09-24 11:18:24,327 [pool-439-thread-1] INFO  server.RaftServerConfigKeys (ConfUtils.java:logGet(43)) - raft.server.log.appender.buffer.byte-limit = 33554432 (custom)
2019-09-24 11:18:24,327 [pool-459-thread-1] INFO  server.RaftServerConfigKeys (ConfUtils.java:logGet(43)) - raft.server.log.queue.element-limit = 1024 (custom)
2019-09-24 11:18:24,327 [pool-449-thread-1] INFO  server.RaftServerConfigKeys (ConfUtils.java:logGet(43)) - raft.server.log.segment.size.max = 1048576 (custom)
2019-09-24 11:18:24,327 [pool-459-thread-1] INFO  server.RaftServerConfigKeys (ConfUtils.java:logGet(43)) - raft.server.log.segment.size.max = 1048576 (custom)
2019-09-24 11:18:24,327 [pool-439-thread-1] INFO  server.RaftServerConfigKeys (ConfUtils.java:logGet(43)) - raft.server.log.segment.size.max = 1048576 (custom)
2019-09-24 11:18:24,327 [pool-459-thread-1] INFO  server.RaftServerConfigKeys (ConfUtils.java:logGet(43)) - raft.server.log.preallocated.size = 16384 (custom)
2019-09-24 11:18:24,327 [pool-449-thread-1] INFO  server.RaftServerConfigKeys (ConfUtils.java:logGet(43)) - raft.server.log.segment.cache.num.max = 2 (custom)
2019-09-24 11:18:24,327 [pool-459-thread-1] INFO  server.RaftServerConfigKeys (ConfUtils.java:logGet(43)) - raft.server.log.write.buffer.size = 33554432 (custom)
2019-09-24 11:18:24,327 [pool-439-thread-1] INFO  server.RaftServerConfigKeys (ConfUtils.java:logGet(43)) - raft.server.log.segment.cache.num.max = 2 (custom)
2019-09-24 11:18:24,328 [pool-459-thread-1] INFO  server.RaftServerConfigKeys (ConfUtils.java:logGet(43)) - raft.server.log.force.sync.num = 128 (default)
2019-09-24 11:18:24,327 [pool-449-thread-1] INFO  segmented.SegmentedRaftLogWorker (SegmentedRaftLogWorker.java:<init>(172)) - new 8cab83c2-a74a-4ed7-b92f-ceab93cc65b5@group-19BEAD9E5245-SegmentedRaftLogWorker for RaftStorage:Storage Directory /workdir/hadoop-ozone/integration-test/target/test-dir/MiniOzoneClusterImpl-40187663-585e-41ed-b8bc-b85aa484b511/datanode-4/data/ratis/7495e1d3-94de-4157-8a48-19bead9e5245
2019-09-24 11:18:24,328 [pool-459-thread-1] INFO  server.RaftServerConfigKeys (ConfUtils.java:logGet(43)) - raft.server.log.statemachine.data.sync = true (default)
2019-09-24 11:18:24,328 [pool-439-thread-1] INFO  segmented.SegmentedRaftLogWorker (SegmentedRaftLogWorker.java:<init>(172)) - new 2f081810-8a16-4ad4-b1e8-4f35666036b9@group-19BEAD9E5245-SegmentedRaftLogWorker for RaftStorage:Storage Directory /workdir/hadoop-ozone/integration-test/target/test-dir/MiniOzoneClusterImpl-40187663-585e-41ed-b8bc-b85aa484b511/datanode-3/data/ratis/7495e1d3-94de-4157-8a48-19bead9e5245
2019-09-24 11:18:24,328 [pool-459-thread-1] INFO  server.RaftServerConfigKeys (ConfUtils.java:logGet(43)) - raft.server.log.statemachine.data.sync.timeout = 10s (default)
2019-09-24 11:18:24,328 [pool-449-thread-1] INFO  server.RaftServerConfigKeys (ConfUtils.java:logGet(43)) - raft.server.log.queue.byte-limit = 2147483647 (custom)
2019-09-24 11:18:24,328 [pool-459-thread-1] INFO  server.RaftServerConfigKeys (ConfUtils.java:logGet(43)) - raft.server.log.statemachine.data.sync.timeout.retry = -1 (default)
2019-09-24 11:18:24,328 [pool-439-thread-1] INFO  server.RaftServerConfigKeys (ConfUtils.java:logGet(43)) - raft.server.log.queue.byte-limit = 2147483647 (custom)
2019-09-24 11:18:24,328 [pool-459-thread-1] INFO  server.RaftServerConfigKeys (ConfUtils.java:logGet(43)) - raft.server.log.statemachine.data.caching.enabled = true (custom)
2019-09-24 11:18:24,328 [pool-449-thread-1] INFO  server.RaftServerConfigKeys (ConfUtils.java:logGet(43)) - raft.server.log.queue.element-limit = 1024 (custom)
2019-09-24 11:18:24,328 [pool-439-thread-1] INFO  server.RaftServerConfigKeys (ConfUtils.java:logGet(43)) - raft.server.log.queue.element-limit = 1024 (custom)
2019-09-24 11:18:24,329 [pool-449-thread-1] INFO  server.RaftServerConfigKeys (ConfUtils.java:logGet(43)) - raft.server.log.segment.size.max = 1048576 (custom)
2019-09-24 11:18:24,329 [pool-459-thread-1] INFO  segmented.SegmentedRaftLogWorker (SegmentedRaftLogWorker.java:lambda$new$0(132)) - 96abde27-51e3-4584-b631-6c6622a6cfdc@group-19BEAD9E5245-SegmentedRaftLogWorker: flushIndex: setUnconditionally 0 -> -1
2019-09-24 11:18:24,329 [pool-449-thread-1] INFO  server.RaftServerConfigKeys (ConfUtils.java:logGet(43)) - raft.server.log.preallocated.size = 16384 (custom)
2019-09-24 11:18:24,329 [pool-449-thread-1] INFO  server.RaftServerConfigKeys (ConfUtils.java:logGet(43)) - raft.server.log.write.buffer.size = 33554432 (custom)
2019-09-24 11:18:24,329 [pool-439-thread-1] INFO  server.RaftServerConfigKeys (ConfUtils.java:logGet(43)) - raft.server.log.segment.size.max = 1048576 (custom)
2019-09-24 11:18:24,329 [pool-449-thread-1] INFO  server.RaftServerConfigKeys (ConfUtils.java:logGet(43)) - raft.server.log.force.sync.num = 128 (default)
2019-09-24 11:18:24,329 [pool-459-thread-1] INFO  server.RaftServerConfigKeys (ConfUtils.java:logGet(43)) - raft.server.snapshot.auto.trigger.enabled = true (custom)
2019-09-24 11:18:24,329 [pool-449-thread-1] INFO  server.RaftServerConfigKeys (ConfUtils.java:logGet(43)) - raft.server.log.statemachine.data.sync = true (default)
2019-09-24 11:18:24,329 [pool-439-thread-1] INFO  server.RaftServerConfigKeys (ConfUtils.java:logGet(43)) - raft.server.log.preallocated.size = 16384 (custom)
2019-09-24 11:18:24,329 [pool-449-thread-1] INFO  server.RaftServerConfigKeys (ConfUtils.java:logGet(43)) - raft.server.log.statemachine.data.sync.timeout = 10s (default)
2019-09-24 11:18:24,329 [pool-459-thread-1] INFO  server.RaftServerConfigKeys (ConfUtils.java:logGet(43)) - raft.server.snapshot.auto.trigger.threshold = 10000 (custom)
2019-09-24 11:18:24,330 [pool-449-thread-1] INFO  server.RaftServerConfigKeys (ConfUtils.java:logGet(43)) - raft.server.log.statemachine.data.sync.timeout.retry = -1 (default)
2019-09-24 11:18:24,330 [pool-439-thread-1] INFO  server.RaftServerConfigKeys (ConfUtils.java:logGet(43)) - raft.server.log.write.buffer.size = 33554432 (custom)
2019-09-24 11:18:24,330 [pool-449-thread-1] INFO  server.RaftServerConfigKeys (ConfUtils.java:logGet(43)) - raft.server.log.statemachine.data.caching.enabled = true (custom)
2019-09-24 11:18:24,330 [pool-459-thread-1] INFO  server.RaftServerConfigKeys (ConfUtils.java:logGet(43)) - raft.server.snapshot.retention.num.files = 5 (custom)
2019-09-24 11:18:24,330 [pool-439-thread-1] INFO  server.RaftServerConfigKeys (ConfUtils.java:logGet(43)) - raft.server.log.force.sync.num = 128 (default)
2019-09-24 11:18:24,330 [pool-449-thread-1] INFO  segmented.SegmentedRaftLogWorker (SegmentedRaftLogWorker.java:lambda$new$0(132)) - 8cab83c2-a74a-4ed7-b92f-ceab93cc65b5@group-19BEAD9E5245-SegmentedRaftLogWorker: flushIndex: setUnconditionally 0 -> -1
2019-09-24 11:18:24,330 [pool-459-thread-1] INFO  server.RaftServerConfigKeys (ConfUtils.java:logGet(43)) - raft.server.retrycache.expirytime = 600000ms (custom)
2019-09-24 11:18:24,330 [pool-439-thread-1] INFO  server.RaftServerConfigKeys (ConfUtils.java:logGet(43)) - raft.server.log.statemachine.data.sync = true (default)
2019-09-24 11:18:24,330 [pool-449-thread-1] INFO  server.RaftServerConfigKeys (ConfUtils.java:logGet(43)) - raft.server.snapshot.auto.trigger.enabled = true (custom)
2019-09-24 11:18:24,330 [pool-439-thread-1] INFO  server.RaftServerConfigKeys (ConfUtils.java:logGet(43)) - raft.server.log.statemachine.data.sync.timeout = 10s (default)
2019-09-24 11:18:24,331 [pool-449-thread-1] INFO  server.RaftServerConfigKeys (ConfUtils.java:logGet(43)) - raft.server.snapshot.auto.trigger.threshold = 10000 (custom)
2019-09-24 11:18:24,331 [pool-439-thread-1] INFO  server.RaftServerConfigKeys (ConfUtils.java:logGet(43)) - raft.server.log.statemachine.data.sync.timeout.retry = -1 (default)
2019-09-24 11:18:24,331 [pool-449-thread-1] INFO  server.RaftServerConfigKeys (ConfUtils.java:logGet(43)) - raft.server.snapshot.retention.num.files = 5 (custom)
2019-09-24 11:18:24,331 [pool-439-thread-1] INFO  server.RaftServerConfigKeys (ConfUtils.java:logGet(43)) - raft.server.log.statemachine.data.caching.enabled = true (custom)
2019-09-24 11:18:24,331 [pool-449-thread-1] INFO  server.RaftServerConfigKeys (ConfUtils.java:logGet(43)) - raft.server.retrycache.expirytime = 600000ms (custom)
2019-09-24 11:18:24,331 [pool-439-thread-1] INFO  segmented.SegmentedRaftLogWorker (SegmentedRaftLogWorker.java:lambda$new$0(132)) - 2f081810-8a16-4ad4-b1e8-4f35666036b9@group-19BEAD9E5245-SegmentedRaftLogWorker: flushIndex: setUnconditionally 0 -> -1
2019-09-24 11:18:24,331 [pool-439-thread-1] INFO  server.RaftServerConfigKeys (ConfUtils.java:logGet(43)) - raft.server.snapshot.auto.trigger.enabled = true (custom)
2019-09-24 11:18:24,331 [pool-439-thread-1] INFO  server.RaftServerConfigKeys (ConfUtils.java:logGet(43)) - raft.server.snapshot.auto.trigger.threshold = 10000 (custom)
2019-09-24 11:18:24,332 [pool-439-thread-1] INFO  server.RaftServerConfigKeys (ConfUtils.java:logGet(43)) - raft.server.snapshot.retention.num.files = 5 (custom)
2019-09-24 11:18:24,332 [pool-439-thread-1] INFO  server.RaftServerConfigKeys (ConfUtils.java:logGet(43)) - raft.server.retrycache.expirytime = 600000ms (custom)
2019-09-24 11:18:24,332 [pool-459-thread-1] INFO  impl.RaftServerImpl (RaftServerImpl.java:start(185)) - 96abde27-51e3-4584-b631-6c6622a6cfdc@group-19BEAD9E5245: start as a follower, conf=-1: [2f081810-8a16-4ad4-b1e8-4f35666036b9:192.168.5.168:46567, 96abde27-51e3-4584-b631-6c6622a6cfdc:192.168.5.168:44280, 8cab83c2-a74a-4ed7-b92f-ceab93cc65b5:192.168.5.168:39485], old=null
2019-09-24 11:18:24,332 [pool-459-thread-1] INFO  impl.RaftServerImpl (RaftServerImpl.java:setRole(174)) - 96abde27-51e3-4584-b631-6c6622a6cfdc@group-19BEAD9E5245: changes role from      null to FOLLOWER at term 0 for startAsFollower
2019-09-24 11:18:24,332 [pool-459-thread-1] INFO  impl.RoleInfo (RoleInfo.java:updateAndGet(143)) - 96abde27-51e3-4584-b631-6c6622a6cfdc: start FollowerState
2019-09-24 11:18:24,332 [pool-459-thread-1] INFO  util.JmxRegister (JmxRegister.java:tryRegister(44)) - Successfully registered JMX Bean with object name Ratis:service=RaftServer,group=group-19BEAD9E5245,id=96abde27-51e3-4584-b631-6c6622a6cfdc
2019-09-24 11:18:24,333 [pool-449-thread-1] INFO  impl.RaftServerImpl (RaftServerImpl.java:start(185)) - 8cab83c2-a74a-4ed7-b92f-ceab93cc65b5@group-19BEAD9E5245: start as a follower, conf=-1: [2f081810-8a16-4ad4-b1e8-4f35666036b9:192.168.5.168:46567, 96abde27-51e3-4584-b631-6c6622a6cfdc:192.168.5.168:44280, 8cab83c2-a74a-4ed7-b92f-ceab93cc65b5:192.168.5.168:39485], old=null
2019-09-24 11:18:24,337 [pool-449-thread-1] INFO  impl.RaftServerImpl (RaftServerImpl.java:setRole(174)) - 8cab83c2-a74a-4ed7-b92f-ceab93cc65b5@group-19BEAD9E5245: changes role from      null to FOLLOWER at term 0 for startAsFollower
2019-09-24 11:18:24,337 [pool-449-thread-1] INFO  impl.RoleInfo (RoleInfo.java:updateAndGet(143)) - 8cab83c2-a74a-4ed7-b92f-ceab93cc65b5: start FollowerState
2019-09-24 11:18:24,337 [pool-449-thread-1] INFO  util.JmxRegister (JmxRegister.java:tryRegister(44)) - Successfully registered JMX Bean with object name Ratis:service=RaftServer,group=group-19BEAD9E5245,id=8cab83c2-a74a-4ed7-b92f-ceab93cc65b5
2019-09-24 11:18:24,338 [pool-439-thread-1] INFO  impl.RaftServerImpl (RaftServerImpl.java:start(185)) - 2f081810-8a16-4ad4-b1e8-4f35666036b9@group-19BEAD9E5245: start as a follower, conf=-1: [2f081810-8a16-4ad4-b1e8-4f35666036b9:192.168.5.168:46567, 96abde27-51e3-4584-b631-6c6622a6cfdc:192.168.5.168:44280, 8cab83c2-a74a-4ed7-b92f-ceab93cc65b5:192.168.5.168:39485], old=null
2019-09-24 11:18:24,338 [pool-439-thread-1] INFO  impl.RaftServerImpl (RaftServerImpl.java:setRole(174)) - 2f081810-8a16-4ad4-b1e8-4f35666036b9@group-19BEAD9E5245: changes role from      null to FOLLOWER at term 0 for startAsFollower
2019-09-24 11:18:24,338 [pool-439-thread-1] INFO  impl.RoleInfo (RoleInfo.java:updateAndGet(143)) - 2f081810-8a16-4ad4-b1e8-4f35666036b9: start FollowerState
2019-09-24 11:18:24,338 [pool-439-thread-1] INFO  util.JmxRegister (JmxRegister.java:tryRegister(44)) - Successfully registered JMX Bean with object name Ratis:service=RaftServer,group=group-19BEAD9E5245,id=2f081810-8a16-4ad4-b1e8-4f35666036b9
2019-09-24 11:18:24,344 [RatisPipelineUtilsThread] INFO  pipeline.PipelineStateManager (PipelineStateManager.java:addPipeline(56)) - Created pipeline Pipeline[ Id: 7495e1d3-94de-4157-8a48-19bead9e5245, Nodes: 96abde27-51e3-4584-b631-6c6622a6cfdc{ip: 192.168.5.168, host: pr-hdds-2067-q68gx-839588832, networkLocation: /default-rack, certSerialId: null}8cab83c2-a74a-4ed7-b92f-ceab93cc65b5{ip: 192.168.5.168, host: pr-hdds-2067-q68gx-839588832, networkLocation: /default-rack, certSerialId: null}2f081810-8a16-4ad4-b1e8-4f35666036b9{ip: 192.168.5.168, host: pr-hdds-2067-q68gx-839588832, networkLocation: /default-rack, certSerialId: null}, Type:RATIS, Factor:THREE, State:OPEN]
2019-09-24 11:18:25,215 [main] INFO  ozone.MiniOzoneClusterImpl (MiniOzoneClusterImpl.java:lambda$waitForClusterToBeReady$0(147)) - Cluster is ready. Got 7 of 7 DN Heartbeats.
2019-09-24 11:18:25,248 [main] INFO  rpc.RpcClient (RpcClient.java:createVolume(276)) - Creating Volume: testblockoutputstream, with jenkins1000 as owner.
2019-09-24 11:18:25,251 [IPC Server handler 1 on 35911] INFO  volume.OMVolumeCreateRequest (OMVolumeCreateRequest.java:validateAndUpdateCache(189)) - created volume:testblockoutputstream for user:jenkins1000
2019-09-24 11:18:25,266 [main] INFO  rpc.RpcClient (RpcClient.java:createBucket(415)) - Creating Bucket: testblockoutputstream/testblockoutputstream, with Versioning false and Storage Type set to DISK and Encryption set to false 
2019-09-24 11:18:26,835 [Thread-3051] INFO  container.ReplicationManager (ReplicationManager.java:start(162)) - Starting Replication Monitor Thread.
2019-09-24 11:18:26,839 [ReplicationMonitor] INFO  container.ReplicationManager (ReplicationManager.java:run(225)) - Replication Monitor Thread took 0 milliseconds for processing 1 containers.
2019-09-24 11:18:28,927 [Thread-3053] INFO  impl.FollowerState (FollowerState.java:run(106)) - f9d0bdbe-9579-4549-bd8e-208b1d7d3b14:group-5B8A6A6293B6 changes to CANDIDATE, lastRpcTime:5044, electionTimeout:5044ms
2019-09-24 11:18:28,928 [Thread-3053] INFO  impl.RoleInfo (RoleInfo.java:shutdownFollowerState(121)) - f9d0bdbe-9579-4549-bd8e-208b1d7d3b14: shutdown FollowerState
2019-09-24 11:18:28,928 [Thread-3053] INFO  impl.RaftServerImpl (RaftServerImpl.java:setRole(174)) - f9d0bdbe-9579-4549-bd8e-208b1d7d3b14@group-5B8A6A6293B6: changes role from  FOLLOWER to CANDIDATE at term 0 for changeToCandidate
2019-09-24 11:18:28,928 [Thread-3053] INFO  impl.RoleInfo (RoleInfo.java:updateAndGet(143)) - f9d0bdbe-9579-4549-bd8e-208b1d7d3b14: start LeaderElection
2019-09-24 11:18:29,032 [Thread-3059] INFO  impl.FollowerState (FollowerState.java:run(106)) - 5a71a179-55eb-4892-abf8-88945be6e430:group-1D1867BEF246 changes to CANDIDATE, lastRpcTime:5042, electionTimeout:5042ms
2019-09-24 11:18:29,032 [Thread-3059] INFO  impl.RoleInfo (RoleInfo.java:shutdownFollowerState(121)) - 5a71a179-55eb-4892-abf8-88945be6e430: shutdown FollowerState
2019-09-24 11:18:29,032 [Thread-3059] INFO  impl.RaftServerImpl (RaftServerImpl.java:setRole(174)) - 5a71a179-55eb-4892-abf8-88945be6e430@group-1D1867BEF246: changes role from  FOLLOWER to CANDIDATE at term 0 for changeToCandidate
2019-09-24 11:18:29,032 [Thread-3056] INFO  impl.FollowerState (FollowerState.java:run(106)) - c586e99e-b06a-4991-997f-73c122885b4e:group-6F54FBB8C35B changes to CANDIDATE, lastRpcTime:5100, electionTimeout:5100ms
2019-09-24 11:18:29,032 [Thread-3059] INFO  impl.RoleInfo (RoleInfo.java:updateAndGet(143)) - 5a71a179-55eb-4892-abf8-88945be6e430: start LeaderElection
2019-09-24 11:18:29,032 [Thread-3056] INFO  impl.RoleInfo (RoleInfo.java:shutdownFollowerState(121)) - c586e99e-b06a-4991-997f-73c122885b4e: shutdown FollowerState
2019-09-24 11:18:29,033 [Thread-3056] INFO  impl.RaftServerImpl (RaftServerImpl.java:setRole(174)) - c586e99e-b06a-4991-997f-73c122885b4e@group-6F54FBB8C35B: changes role from  FOLLOWER to CANDIDATE at term 0 for changeToCandidate
2019-09-24 11:18:29,033 [Thread-3056] INFO  impl.RoleInfo (RoleInfo.java:updateAndGet(143)) - c586e99e-b06a-4991-997f-73c122885b4e: start LeaderElection
2019-09-24 11:18:29,062 [Thread-3066] INFO  impl.FollowerState (FollowerState.java:run(106)) - f9d0bdbe-9579-4549-bd8e-208b1d7d3b14:group-7A478C88B470 changes to CANDIDATE, lastRpcTime:5005, electionTimeout:5000ms
2019-09-24 11:18:29,062 [Thread-3066] INFO  impl.RoleInfo (RoleInfo.java:shutdownFollowerState(121)) - f9d0bdbe-9579-4549-bd8e-208b1d7d3b14: shutdown FollowerState
2019-09-24 11:18:29,063 [Thread-3066] INFO  impl.RaftServerImpl (RaftServerImpl.java:setRole(174)) - f9d0bdbe-9579-4549-bd8e-208b1d7d3b14@group-7A478C88B470: changes role from  FOLLOWER to CANDIDATE at term 0 for changeToCandidate
2019-09-24 11:18:29,063 [f9d0bdbe-9579-4549-bd8e-208b1d7d3b14@group-5B8A6A6293B6:LeaderElection64] INFO  impl.LeaderElection (LeaderElection.java:askForVotes(182)) - f9d0bdbe-9579-4549-bd8e-208b1d7d3b14@group-5B8A6A6293B6:LeaderElection64: begin an election at term 1 for -1: [f9d0bdbe-9579-4549-bd8e-208b1d7d3b14:192.168.5.168:43008], old=null
2019-09-24 11:18:29,063 [Thread-3066] INFO  impl.RoleInfo (RoleInfo.java:updateAndGet(143)) - f9d0bdbe-9579-4549-bd8e-208b1d7d3b14: start LeaderElection
2019-09-24 11:18:29,063 [f9d0bdbe-9579-4549-bd8e-208b1d7d3b14@group-5B8A6A6293B6:LeaderElection64] INFO  impl.RoleInfo (RoleInfo.java:shutdownLeaderElection(134)) - f9d0bdbe-9579-4549-bd8e-208b1d7d3b14: shutdown LeaderElection
2019-09-24 11:18:29,066 [f9d0bdbe-9579-4549-bd8e-208b1d7d3b14@group-5B8A6A6293B6:LeaderElection64] INFO  impl.RaftServerImpl (RaftServerImpl.java:setRole(174)) - f9d0bdbe-9579-4549-bd8e-208b1d7d3b14@group-5B8A6A6293B6: changes role from CANDIDATE to LEADER at term 1 for changeToLeader
2019-09-24 11:18:29,068 [5a71a179-55eb-4892-abf8-88945be6e430@group-1D1867BEF246:LeaderElection65] INFO  impl.LeaderElection (LeaderElection.java:askForVotes(182)) - 5a71a179-55eb-4892-abf8-88945be6e430@group-1D1867BEF246:LeaderElection65: begin an election at term 1 for -1: [5a71a179-55eb-4892-abf8-88945be6e430:192.168.5.168:41133], old=null
2019-09-24 11:18:29,068 [f9d0bdbe-9579-4549-bd8e-208b1d7d3b14@group-5B8A6A6293B6:LeaderElection64] INFO  impl.RaftServerImpl (ServerState.java:setLeader(253)) - f9d0bdbe-9579-4549-bd8e-208b1d7d3b14@group-5B8A6A6293B6: change Leader from null to f9d0bdbe-9579-4549-bd8e-208b1d7d3b14 at term 1 for becomeLeader, leader elected after 5192ms
2019-09-24 11:18:29,068 [c586e99e-b06a-4991-997f-73c122885b4e@group-6F54FBB8C35B:LeaderElection66] INFO  impl.LeaderElection (LeaderElection.java:askForVotes(182)) - c586e99e-b06a-4991-997f-73c122885b4e@group-6F54FBB8C35B:LeaderElection66: begin an election at term 1 for -1: [c586e99e-b06a-4991-997f-73c122885b4e:192.168.5.168:38869], old=null
2019-09-24 11:18:29,068 [5a71a179-55eb-4892-abf8-88945be6e430@group-1D1867BEF246:LeaderElection65] INFO  impl.RoleInfo (RoleInfo.java:shutdownLeaderElection(134)) - 5a71a179-55eb-4892-abf8-88945be6e430: shutdown LeaderElection
2019-09-24 11:18:29,068 [c586e99e-b06a-4991-997f-73c122885b4e@group-6F54FBB8C35B:LeaderElection66] INFO  impl.RoleInfo (RoleInfo.java:shutdownLeaderElection(134)) - c586e99e-b06a-4991-997f-73c122885b4e: shutdown LeaderElection
2019-09-24 11:18:29,068 [5a71a179-55eb-4892-abf8-88945be6e430@group-1D1867BEF246:LeaderElection65] INFO  impl.RaftServerImpl (RaftServerImpl.java:setRole(174)) - 5a71a179-55eb-4892-abf8-88945be6e430@group-1D1867BEF246: changes role from CANDIDATE to LEADER at term 1 for changeToLeader
2019-09-24 11:18:29,068 [f9d0bdbe-9579-4549-bd8e-208b1d7d3b14@group-5B8A6A6293B6:LeaderElection64] INFO  server.RaftServerConfigKeys (ConfUtils.java:logGet(43)) - raft.server.staging.catchup.gap = 1000 (default)
2019-09-24 11:18:29,068 [c586e99e-b06a-4991-997f-73c122885b4e@group-6F54FBB8C35B:LeaderElection66] INFO  impl.RaftServerImpl (RaftServerImpl.java:setRole(174)) - c586e99e-b06a-4991-997f-73c122885b4e@group-6F54FBB8C35B: changes role from CANDIDATE to LEADER at term 1 for changeToLeader
2019-09-24 11:18:29,069 [f9d0bdbe-9579-4549-bd8e-208b1d7d3b14@group-5B8A6A6293B6:LeaderElection64] INFO  server.RaftServerConfigKeys (ConfUtils.java:logGet(43)) - raft.server.rpc.sleep.time = 25ms (default)
2019-09-24 11:18:29,068 [5a71a179-55eb-4892-abf8-88945be6e430@group-1D1867BEF246:LeaderElection65] INFO  impl.RaftServerImpl (ServerState.java:setLeader(253)) - 5a71a179-55eb-4892-abf8-88945be6e430@group-1D1867BEF246: change Leader from null to 5a71a179-55eb-4892-abf8-88945be6e430 at term 1 for becomeLeader, leader elected after 5085ms
2019-09-24 11:18:29,069 [c586e99e-b06a-4991-997f-73c122885b4e@group-6F54FBB8C35B:LeaderElection66] INFO  impl.RaftServerImpl (ServerState.java:setLeader(253)) - c586e99e-b06a-4991-997f-73c122885b4e@group-6F54FBB8C35B: change Leader from null to c586e99e-b06a-4991-997f-73c122885b4e at term 1 for becomeLeader, leader elected after 5145ms
2019-09-24 11:18:29,069 [f9d0bdbe-9579-4549-bd8e-208b1d7d3b14@group-5B8A6A6293B6:LeaderElection64] INFO  server.RaftServerConfigKeys (ConfUtils.java:logGet(43)) - raft.server.write.element-limit = 4096 (default)
2019-09-24 11:18:29,069 [c586e99e-b06a-4991-997f-73c122885b4e@group-6F54FBB8C35B:LeaderElection66] INFO  server.RaftServerConfigKeys (ConfUtils.java:logGet(43)) - raft.server.staging.catchup.gap = 1000 (default)
2019-09-24 11:18:29,069 [5a71a179-55eb-4892-abf8-88945be6e430@group-1D1867BEF246:LeaderElection65] INFO  server.RaftServerConfigKeys (ConfUtils.java:logGet(43)) - raft.server.staging.catchup.gap = 1000 (default)
2019-09-24 11:18:29,069 [f9d0bdbe-9579-4549-bd8e-208b1d7d3b14@group-5B8A6A6293B6:LeaderElection64] INFO  server.RaftServerConfigKeys (ConfUtils.java:logGet(43)) - raft.server.watch.timeout = 10s (default)
2019-09-24 11:18:29,069 [c586e99e-b06a-4991-997f-73c122885b4e@group-6F54FBB8C35B:LeaderElection66] INFO  server.RaftServerConfigKeys (ConfUtils.java:logGet(43)) - raft.server.rpc.sleep.time = 25ms (default)
2019-09-24 11:18:29,070 [f9d0bdbe-9579-4549-bd8e-208b1d7d3b14@group-5B8A6A6293B6:LeaderElection64] INFO  server.RaftServerConfigKeys (ConfUtils.java:logGet(43)) - raft.server.watch.timeout.denomination = 1s (default)
2019-09-24 11:18:29,069 [5a71a179-55eb-4892-abf8-88945be6e430@group-1D1867BEF246:LeaderElection65] INFO  server.RaftServerConfigKeys (ConfUtils.java:logGet(43)) - raft.server.rpc.sleep.time = 25ms (default)
2019-09-24 11:18:29,070 [f9d0bdbe-9579-4549-bd8e-208b1d7d3b14@group-5B8A6A6293B6:LeaderElection64] INFO  server.RaftServerConfigKeys (ConfUtils.java:logGet(43)) - raft.server.watch.element-limit = 65536 (default)
2019-09-24 11:18:29,070 [c586e99e-b06a-4991-997f-73c122885b4e@group-6F54FBB8C35B:LeaderElection66] INFO  server.RaftServerConfigKeys (ConfUtils.java:logGet(43)) - raft.server.write.element-limit = 4096 (default)
2019-09-24 11:18:29,070 [5a71a179-55eb-4892-abf8-88945be6e430@group-1D1867BEF246:LeaderElection65] INFO  server.RaftServerConfigKeys (ConfUtils.java:logGet(43)) - raft.server.write.element-limit = 4096 (default)
2019-09-24 11:18:29,070 [c586e99e-b06a-4991-997f-73c122885b4e@group-6F54FBB8C35B:LeaderElection66] INFO  server.RaftServerConfigKeys (ConfUtils.java:logGet(43)) - raft.server.watch.timeout = 10s (default)
2019-09-24 11:18:29,070 [5a71a179-55eb-4892-abf8-88945be6e430@group-1D1867BEF246:LeaderElection65] INFO  server.RaftServerConfigKeys (ConfUtils.java:logGet(43)) - raft.server.watch.timeout = 10s (default)
2019-09-24 11:18:29,070 [c586e99e-b06a-4991-997f-73c122885b4e@group-6F54FBB8C35B:LeaderElection66] INFO  server.RaftServerConfigKeys (ConfUtils.java:logGet(43)) - raft.server.watch.timeout.denomination = 1s (default)
2019-09-24 11:18:29,070 [5a71a179-55eb-4892-abf8-88945be6e430@group-1D1867BEF246:LeaderElection65] INFO  server.RaftServerConfigKeys (ConfUtils.java:logGet(43)) - raft.server.watch.timeout.denomination = 1s (default)
2019-09-24 11:18:29,070 [c586e99e-b06a-4991-997f-73c122885b4e@group-6F54FBB8C35B:LeaderElection66] INFO  server.RaftServerConfigKeys (ConfUtils.java:logGet(43)) - raft.server.watch.element-limit = 65536 (default)
2019-09-24 11:18:29,070 [5a71a179-55eb-4892-abf8-88945be6e430@group-1D1867BEF246:LeaderElection65] INFO  server.RaftServerConfigKeys (ConfUtils.java:logGet(43)) - raft.server.watch.element-limit = 65536 (default)
2019-09-24 11:18:29,071 [f9d0bdbe-9579-4549-bd8e-208b1d7d3b14@group-7A478C88B470:LeaderElection67] INFO  impl.LeaderElection (LeaderElection.java:askForVotes(182)) - f9d0bdbe-9579-4549-bd8e-208b1d7d3b14@group-7A478C88B470:LeaderElection67: begin an election at term 1 for -1: [f9d0bdbe-9579-4549-bd8e-208b1d7d3b14:192.168.5.168:43008, 5a71a179-55eb-4892-abf8-88945be6e430:192.168.5.168:41133, c586e99e-b06a-4991-997f-73c122885b4e:192.168.5.168:38869], old=null
2019-09-24 11:18:29,076 [grpc-default-executor-7] INFO  impl.RaftServerImpl (RaftServerImpl.java:setRole(174)) - c586e99e-b06a-4991-997f-73c122885b4e@group-7A478C88B470: changes role from  FOLLOWER to FOLLOWER at term 1 for recognizeCandidate:f9d0bdbe-9579-4549-bd8e-208b1d7d3b14
2019-09-24 11:18:29,076 [grpc-default-executor-4] INFO  impl.RaftServerImpl (RaftServerImpl.java:setRole(174)) - 5a71a179-55eb-4892-abf8-88945be6e430@group-7A478C88B470: changes role from  FOLLOWER to FOLLOWER at term 1 for recognizeCandidate:f9d0bdbe-9579-4549-bd8e-208b1d7d3b14
2019-09-24 11:18:29,077 [grpc-default-executor-7] INFO  impl.RoleInfo (RoleInfo.java:shutdownFollowerState(121)) - c586e99e-b06a-4991-997f-73c122885b4e: shutdown FollowerState
2019-09-24 11:18:29,077 [grpc-default-executor-4] INFO  impl.RoleInfo (RoleInfo.java:shutdownFollowerState(121)) - 5a71a179-55eb-4892-abf8-88945be6e430: shutdown FollowerState
2019-09-24 11:18:29,077 [grpc-default-executor-7] INFO  impl.RoleInfo (RoleInfo.java:updateAndGet(143)) - c586e99e-b06a-4991-997f-73c122885b4e: start FollowerState
2019-09-24 11:18:29,077 [Thread-3062] INFO  impl.FollowerState (FollowerState.java:run(115)) - 5a71a179-55eb-4892-abf8-88945be6e430: FollowerState was interrupted: java.lang.InterruptedException: sleep interrupted
2019-09-24 11:18:29,077 [grpc-default-executor-4] INFO  impl.RoleInfo (RoleInfo.java:updateAndGet(143)) - 5a71a179-55eb-4892-abf8-88945be6e430: start FollowerState
2019-09-24 11:18:29,077 [Thread-3067] INFO  impl.FollowerState (FollowerState.java:run(115)) - c586e99e-b06a-4991-997f-73c122885b4e: FollowerState was interrupted: java.lang.InterruptedException: sleep interrupted
2019-09-24 11:18:29,083 [5a71a179-55eb-4892-abf8-88945be6e430@group-1D1867BEF246:LeaderElection65] INFO  impl.RoleInfo (RoleInfo.java:updateAndGet(143)) - 5a71a179-55eb-4892-abf8-88945be6e430: start LeaderState
2019-09-24 11:18:29,083 [f9d0bdbe-9579-4549-bd8e-208b1d7d3b14@group-5B8A6A6293B6:LeaderElection64] INFO  impl.RoleInfo (RoleInfo.java:updateAndGet(143)) - f9d0bdbe-9579-4549-bd8e-208b1d7d3b14: start LeaderState
2019-09-24 11:18:29,083 [c586e99e-b06a-4991-997f-73c122885b4e@group-6F54FBB8C35B:LeaderElection66] INFO  impl.RoleInfo (RoleInfo.java:updateAndGet(143)) - c586e99e-b06a-4991-997f-73c122885b4e: start LeaderState
2019-09-24 11:18:29,084 [f9d0bdbe-9579-4549-bd8e-208b1d7d3b14@group-5B8A6A6293B6:LeaderElection64] INFO  segmented.SegmentedRaftLogWorker (SegmentedRaftLogWorker.java:startLogSegment(380)) - f9d0bdbe-9579-4549-bd8e-208b1d7d3b14@group-5B8A6A6293B6-SegmentedRaftLogWorker: Starting segment from index:0
2019-09-24 11:18:29,084 [5a71a179-55eb-4892-abf8-88945be6e430@group-1D1867BEF246:LeaderElection65] INFO  segmented.SegmentedRaftLogWorker (SegmentedRaftLogWorker.java:startLogSegment(380)) - 5a71a179-55eb-4892-abf8-88945be6e430@group-1D1867BEF246-SegmentedRaftLogWorker: Starting segment from index:0
2019-09-24 11:18:29,084 [c586e99e-b06a-4991-997f-73c122885b4e@group-6F54FBB8C35B:LeaderElection66] INFO  segmented.SegmentedRaftLogWorker (SegmentedRaftLogWorker.java:startLogSegment(380)) - c586e99e-b06a-4991-997f-73c122885b4e@group-6F54FBB8C35B-SegmentedRaftLogWorker: Starting segment from index:0
2019-09-24 11:18:29,084 [f9d0bdbe-9579-4549-bd8e-208b1d7d3b14@group-5B8A6A6293B6:LeaderElection64] INFO  impl.RaftServerImpl (ServerState.java:setRaftConf(354)) - f9d0bdbe-9579-4549-bd8e-208b1d7d3b14@group-5B8A6A6293B6: set configuration 0: [f9d0bdbe-9579-4549-bd8e-208b1d7d3b14:192.168.5.168:43008], old=null at 0
2019-09-24 11:18:29,084 [5a71a179-55eb-4892-abf8-88945be6e430@group-1D1867BEF246:LeaderElection65] INFO  impl.RaftServerImpl (ServerState.java:setRaftConf(354)) - 5a71a179-55eb-4892-abf8-88945be6e430@group-1D1867BEF246: set configuration 0: [5a71a179-55eb-4892-abf8-88945be6e430:192.168.5.168:41133], old=null at 0
2019-09-24 11:18:29,085 [c586e99e-b06a-4991-997f-73c122885b4e@group-6F54FBB8C35B:LeaderElection66] INFO  impl.RaftServerImpl (ServerState.java:setRaftConf(354)) - c586e99e-b06a-4991-997f-73c122885b4e@group-6F54FBB8C35B: set configuration 0: [c586e99e-b06a-4991-997f-73c122885b4e:192.168.5.168:38869], old=null at 0
2019-09-24 11:18:29,115 [f9d0bdbe-9579-4549-bd8e-208b1d7d3b14@group-7A478C88B470:LeaderElection67] INFO  impl.LeaderElection (LeaderElection.java:logAndReturn(56)) - f9d0bdbe-9579-4549-bd8e-208b1d7d3b14@group-7A478C88B470:LeaderElection67: Election PASSED; received 1 response(s) [f9d0bdbe-9579-4549-bd8e-208b1d7d3b14<-c586e99e-b06a-4991-997f-73c122885b4e#0:OK-t1] and 0 exception(s); f9d0bdbe-9579-4549-bd8e-208b1d7d3b14@group-7A478C88B470:t1, leader=null, voted=f9d0bdbe-9579-4549-bd8e-208b1d7d3b14, raftlog=f9d0bdbe-9579-4549-bd8e-208b1d7d3b14@group-7A478C88B470-SegmentedRaftLog:OPENED:c-1,f-1,i0, conf=-1: [f9d0bdbe-9579-4549-bd8e-208b1d7d3b14:192.168.5.168:43008, 5a71a179-55eb-4892-abf8-88945be6e430:192.168.5.168:41133, c586e99e-b06a-4991-997f-73c122885b4e:192.168.5.168:38869], old=null
2019-09-24 11:18:29,115 [f9d0bdbe-9579-4549-bd8e-208b1d7d3b14@group-7A478C88B470:LeaderElection67] INFO  impl.RoleInfo (RoleInfo.java:shutdownLeaderElection(134)) - f9d0bdbe-9579-4549-bd8e-208b1d7d3b14: shutdown LeaderElection
2019-09-24 11:18:29,115 [f9d0bdbe-9579-4549-bd8e-208b1d7d3b14@group-7A478C88B470:LeaderElection67] INFO  impl.RaftServerImpl (RaftServerImpl.java:setRole(174)) - f9d0bdbe-9579-4549-bd8e-208b1d7d3b14@group-7A478C88B470: changes role from CANDIDATE to LEADER at term 1 for changeToLeader
2019-09-24 11:18:29,116 [f9d0bdbe-9579-4549-bd8e-208b1d7d3b14@group-7A478C88B470:LeaderElection67] INFO  impl.RaftServerImpl (ServerState.java:setLeader(253)) - f9d0bdbe-9579-4549-bd8e-208b1d7d3b14@group-7A478C88B470: change Leader from null to f9d0bdbe-9579-4549-bd8e-208b1d7d3b14 at term 1 for becomeLeader, leader elected after 5072ms
2019-09-24 11:18:29,116 [f9d0bdbe-9579-4549-bd8e-208b1d7d3b14@group-7A478C88B470:LeaderElection67] INFO  server.RaftServerConfigKeys (ConfUtils.java:logGet(43)) - raft.server.staging.catchup.gap = 1000 (default)
2019-09-24 11:18:29,116 [f9d0bdbe-9579-4549-bd8e-208b1d7d3b14@group-7A478C88B470:LeaderElection67] INFO  server.RaftServerConfigKeys (ConfUtils.java:logGet(43)) - raft.server.rpc.sleep.time = 25ms (default)
2019-09-24 11:18:29,116 [f9d0bdbe-9579-4549-bd8e-208b1d7d3b14@group-7A478C88B470:LeaderElection67] INFO  server.RaftServerConfigKeys (ConfUtils.java:logGet(43)) - raft.server.write.element-limit = 4096 (default)
2019-09-24 11:18:29,116 [f9d0bdbe-9579-4549-bd8e-208b1d7d3b14@group-7A478C88B470:LeaderElection67] INFO  server.RaftServerConfigKeys (ConfUtils.java:logGet(43)) - raft.server.watch.timeout = 10s (default)
2019-09-24 11:18:29,116 [f9d0bdbe-9579-4549-bd8e-208b1d7d3b14@group-7A478C88B470:LeaderElection67] INFO  server.RaftServerConfigKeys (ConfUtils.java:logGet(43)) - raft.server.watch.timeout.denomination = 1s (default)
2019-09-24 11:18:29,116 [f9d0bdbe-9579-4549-bd8e-208b1d7d3b14@group-7A478C88B470:LeaderElection67] INFO  server.RaftServerConfigKeys (ConfUtils.java:logGet(43)) - raft.server.watch.element-limit = 65536 (default)
2019-09-24 11:18:29,118 [f9d0bdbe-9579-4549-bd8e-208b1d7d3b14@group-7A478C88B470:LeaderElection67] INFO  server.RaftServerConfigKeys (ConfUtils.java:logGet(43)) - raft.server.log.appender.snapshot.chunk.size.max = 16MB (=16777216) (default)
2019-09-24 11:18:29,118 [f9d0bdbe-9579-4549-bd8e-208b1d7d3b14@group-7A478C88B470:LeaderElection67] INFO  server.RaftServerConfigKeys (ConfUtils.java:logGet(43)) - raft.server.log.appender.buffer.byte-limit = 33554432 (custom)
2019-09-24 11:18:29,118 [f9d0bdbe-9579-4549-bd8e-208b1d7d3b14@group-7A478C88B470:LeaderElection67] INFO  server.RaftServerConfigKeys (ConfUtils.java:logGet(43)) - raft.server.log.appender.buffer.element-limit = 1 (custom)
2019-09-24 11:18:29,118 [f9d0bdbe-9579-4549-bd8e-208b1d7d3b14@group-7A478C88B470:LeaderElection67] INFO  grpc.GrpcConfigKeys$Server (ConfUtils.java:logGet(43)) - raft.grpc.server.leader.outstanding.appends.max = 128 (default)
2019-09-24 11:18:29,118 [f9d0bdbe-9579-4549-bd8e-208b1d7d3b14@group-7A478C88B470:LeaderElection67] INFO  server.RaftServerConfigKeys (ConfUtils.java:logGet(43)) - raft.server.rpc.request.timeout = 3000ms (default)
2019-09-24 11:18:29,118 [f9d0bdbe-9579-4549-bd8e-208b1d7d3b14@group-7A478C88B470:LeaderElection67] INFO  server.RaftServerConfigKeys (ConfUtils.java:logGet(43)) - raft.server.log.appender.install.snapshot.enabled = false (custom)
2019-09-24 11:18:29,119 [f9d0bdbe-9579-4549-bd8e-208b1d7d3b14@group-7A478C88B470:LeaderElection67] INFO  server.RaftServerConfigKeys (ConfUtils.java:logGet(43)) - raft.server.log.appender.snapshot.chunk.size.max = 16MB (=16777216) (default)
2019-09-24 11:18:29,119 [f9d0bdbe-9579-4549-bd8e-208b1d7d3b14@group-7A478C88B470:LeaderElection67] INFO  server.RaftServerConfigKeys (ConfUtils.java:logGet(43)) - raft.server.log.appender.buffer.byte-limit = 33554432 (custom)
2019-09-24 11:18:29,119 [f9d0bdbe-9579-4549-bd8e-208b1d7d3b14@group-7A478C88B470:LeaderElection67] INFO  server.RaftServerConfigKeys (ConfUtils.java:logGet(43)) - raft.server.log.appender.buffer.element-limit = 1 (custom)
2019-09-24 11:18:29,119 [f9d0bdbe-9579-4549-bd8e-208b1d7d3b14@group-7A478C88B470:LeaderElection67] INFO  grpc.GrpcConfigKeys$Server (ConfUtils.java:logGet(43)) - raft.grpc.server.leader.outstanding.appends.max = 128 (default)
2019-09-24 11:18:29,119 [f9d0bdbe-9579-4549-bd8e-208b1d7d3b14@group-7A478C88B470:LeaderElection67] INFO  server.RaftServerConfigKeys (ConfUtils.java:logGet(43)) - raft.server.rpc.request.timeout = 3000ms (default)
2019-09-24 11:18:29,119 [f9d0bdbe-9579-4549-bd8e-208b1d7d3b14@group-7A478C88B470:LeaderElection67] INFO  server.RaftServerConfigKeys (ConfUtils.java:logGet(43)) - raft.server.log.appender.install.snapshot.enabled = false (custom)
2019-09-24 11:18:29,119 [f9d0bdbe-9579-4549-bd8e-208b1d7d3b14@group-7A478C88B470:LeaderElection67] INFO  impl.RoleInfo (RoleInfo.java:updateAndGet(143)) - f9d0bdbe-9579-4549-bd8e-208b1d7d3b14: start LeaderState
2019-09-24 11:18:29,119 [f9d0bdbe-9579-4549-bd8e-208b1d7d3b14@group-7A478C88B470:LeaderElection67] INFO  segmented.SegmentedRaftLogWorker (SegmentedRaftLogWorker.java:startLogSegment(380)) - f9d0bdbe-9579-4549-bd8e-208b1d7d3b14@group-7A478C88B470-SegmentedRaftLogWorker: Starting segment from index:0
2019-09-24 11:18:29,120 [f9d0bdbe-9579-4549-bd8e-208b1d7d3b14@group-7A478C88B470:LeaderElection67] INFO  impl.RaftServerImpl (ServerState.java:setRaftConf(354)) - f9d0bdbe-9579-4549-bd8e-208b1d7d3b14@group-7A478C88B470: set configuration 0: [f9d0bdbe-9579-4549-bd8e-208b1d7d3b14:192.168.5.168:43008, 5a71a179-55eb-4892-abf8-88945be6e430:192.168.5.168:41133, c586e99e-b06a-4991-997f-73c122885b4e:192.168.5.168:38869], old=null at 0
2019-09-24 11:18:29,121 [grpc-default-executor-4] INFO  impl.RaftServerImpl (ServerState.java:setLeader(253)) - 5a71a179-55eb-4892-abf8-88945be6e430@group-7A478C88B470: change Leader from null to f9d0bdbe-9579-4549-bd8e-208b1d7d3b14 at term 1 for appendEntries, leader elected after 5078ms
2019-09-24 11:18:29,146 [5a71a179-55eb-4892-abf8-88945be6e430@group-1D1867BEF246-SegmentedRaftLogWorker] INFO  segmented.SegmentedRaftLogWorker (SegmentedRaftLogWorker.java:execute(569)) - 5a71a179-55eb-4892-abf8-88945be6e430@group-1D1867BEF246-SegmentedRaftLogWorker: created new log segment /workdir/hadoop-ozone/integration-test/target/test-dir/MiniOzoneClusterImpl-40187663-585e-41ed-b8bc-b85aa484b511/datanode-2/data/ratis/cc312f59-c439-420c-94c7-1d1867bef246/current/log_inprogress_0
2019-09-24 11:18:29,146 [c586e99e-b06a-4991-997f-73c122885b4e@group-6F54FBB8C35B-SegmentedRaftLogWorker] INFO  segmented.SegmentedRaftLogWorker (SegmentedRaftLogWorker.java:execute(569)) - c586e99e-b06a-4991-997f-73c122885b4e@group-6F54FBB8C35B-SegmentedRaftLogWorker: created new log segment /workdir/hadoop-ozone/integration-test/target/test-dir/MiniOzoneClusterImpl-40187663-585e-41ed-b8bc-b85aa484b511/datanode-1/data/ratis/fb555592-7ce3-4a5a-9875-6f54fbb8c35b/current/log_inprogress_0
2019-09-24 11:18:29,146 [f9d0bdbe-9579-4549-bd8e-208b1d7d3b14@group-5B8A6A6293B6-SegmentedRaftLogWorker] INFO  segmented.SegmentedRaftLogWorker (SegmentedRaftLogWorker.java:execute(569)) - f9d0bdbe-9579-4549-bd8e-208b1d7d3b14@group-5B8A6A6293B6-SegmentedRaftLogWorker: created new log segment /workdir/hadoop-ozone/integration-test/target/test-dir/MiniOzoneClusterImpl-40187663-585e-41ed-b8bc-b85aa484b511/datanode-0/data/ratis/54c1d47f-8258-4544-b906-5b8a6a6293b6/current/log_inprogress_0
2019-09-24 11:18:29,150 [f9d0bdbe-9579-4549-bd8e-208b1d7d3b14@group-7A478C88B470-SegmentedRaftLogWorker] INFO  segmented.SegmentedRaftLogWorker (SegmentedRaftLogWorker.java:execute(569)) - f9d0bdbe-9579-4549-bd8e-208b1d7d3b14@group-7A478C88B470-SegmentedRaftLogWorker: created new log segment /workdir/hadoop-ozone/integration-test/target/test-dir/MiniOzoneClusterImpl-40187663-585e-41ed-b8bc-b85aa484b511/datanode-0/data/ratis/fcd4619e-90cc-45f8-88d9-7a478c88b470/current/log_inprogress_0
2019-09-24 11:18:29,157 [grpc-default-executor-4] INFO  impl.RaftServerImpl (ServerState.java:setLeader(253)) - c586e99e-b06a-4991-997f-73c122885b4e@group-7A478C88B470: change Leader from null to f9d0bdbe-9579-4549-bd8e-208b1d7d3b14 at term 1 for appendEntries, leader elected after 5114ms
2019-09-24 11:18:29,160 [grpc-default-executor-4] INFO  impl.RaftServerImpl (ServerState.java:setRaftConf(354)) - 5a71a179-55eb-4892-abf8-88945be6e430@group-7A478C88B470: set configuration 0: [f9d0bdbe-9579-4549-bd8e-208b1d7d3b14:192.168.5.168:43008, 5a71a179-55eb-4892-abf8-88945be6e430:192.168.5.168:41133, c586e99e-b06a-4991-997f-73c122885b4e:192.168.5.168:38869], old=null at 0
2019-09-24 11:18:29,160 [grpc-default-executor-7] INFO  impl.RaftServerImpl (ServerState.java:setRaftConf(354)) - c586e99e-b06a-4991-997f-73c122885b4e@group-7A478C88B470: set configuration 0: [f9d0bdbe-9579-4549-bd8e-208b1d7d3b14:192.168.5.168:43008, 5a71a179-55eb-4892-abf8-88945be6e430:192.168.5.168:41133, c586e99e-b06a-4991-997f-73c122885b4e:192.168.5.168:38869], old=null at 0
2019-09-24 11:18:29,161 [grpc-default-executor-4] INFO  segmented.SegmentedRaftLogWorker (SegmentedRaftLogWorker.java:startLogSegment(380)) - 5a71a179-55eb-4892-abf8-88945be6e430@group-7A478C88B470-SegmentedRaftLogWorker: Starting segment from index:0
2019-09-24 11:18:29,161 [grpc-default-executor-7] INFO  segmented.SegmentedRaftLogWorker (SegmentedRaftLogWorker.java:startLogSegment(380)) - c586e99e-b06a-4991-997f-73c122885b4e@group-7A478C88B470-SegmentedRaftLogWorker: Starting segment from index:0
2019-09-24 11:18:29,202 [c586e99e-b06a-4991-997f-73c122885b4e@group-7A478C88B470-SegmentedRaftLogWorker] INFO  segmented.SegmentedRaftLogWorker (SegmentedRaftLogWorker.java:execute(569)) - c586e99e-b06a-4991-997f-73c122885b4e@group-7A478C88B470-SegmentedRaftLogWorker: created new log segment /workdir/hadoop-ozone/integration-test/target/test-dir/MiniOzoneClusterImpl-40187663-585e-41ed-b8bc-b85aa484b511/datanode-1/data/ratis/fcd4619e-90cc-45f8-88d9-7a478c88b470/current/log_inprogress_0
2019-09-24 11:18:29,216 [5a71a179-55eb-4892-abf8-88945be6e430@group-7A478C88B470-SegmentedRaftLogWorker] INFO  segmented.SegmentedRaftLogWorker (SegmentedRaftLogWorker.java:execute(569)) - 5a71a179-55eb-4892-abf8-88945be6e430@group-7A478C88B470-SegmentedRaftLogWorker: created new log segment /workdir/hadoop-ozone/integration-test/target/test-dir/MiniOzoneClusterImpl-40187663-585e-41ed-b8bc-b85aa484b511/datanode-2/data/ratis/fcd4619e-90cc-45f8-88d9-7a478c88b470/current/log_inprogress_0
2019-09-24 11:18:29,221 [Thread-3071] INFO  impl.FollowerState (FollowerState.java:run(106)) - 8cab83c2-a74a-4ed7-b92f-ceab93cc65b5:group-690CD04331F7 changes to CANDIDATE, lastRpcTime:5097, electionTimeout:5097ms
2019-09-24 11:18:29,222 [Thread-3071] INFO  impl.RoleInfo (RoleInfo.java:shutdownFollowerState(121)) - 8cab83c2-a74a-4ed7-b92f-ceab93cc65b5: shutdown FollowerState
2019-09-24 11:18:29,222 [Thread-3071] INFO  impl.RaftServerImpl (RaftServerImpl.java:setRole(174)) - 8cab83c2-a74a-4ed7-b92f-ceab93cc65b5@group-690CD04331F7: changes role from  FOLLOWER to CANDIDATE at term 0 for changeToCandidate
2019-09-24 11:18:29,222 [Thread-3071] INFO  impl.RoleInfo (RoleInfo.java:updateAndGet(143)) - 8cab83c2-a74a-4ed7-b92f-ceab93cc65b5: start LeaderElection
2019-09-24 11:18:29,230 [8cab83c2-a74a-4ed7-b92f-ceab93cc65b5@group-690CD04331F7:LeaderElection68] INFO  impl.LeaderElection (LeaderElection.java:askForVotes(182)) - 8cab83c2-a74a-4ed7-b92f-ceab93cc65b5@group-690CD04331F7:LeaderElection68: begin an election at term 1 for -1: [8cab83c2-a74a-4ed7-b92f-ceab93cc65b5:192.168.5.168:39485], old=null
2019-09-24 11:18:29,230 [8cab83c2-a74a-4ed7-b92f-ceab93cc65b5@group-690CD04331F7:LeaderElection68] INFO  impl.RoleInfo (RoleInfo.java:shutdownLeaderElection(134)) - 8cab83c2-a74a-4ed7-b92f-ceab93cc65b5: shutdown LeaderElection
2019-09-24 11:18:29,230 [8cab83c2-a74a-4ed7-b92f-ceab93cc65b5@group-690CD04331F7:LeaderElection68] INFO  impl.RaftServerImpl (RaftServerImpl.java:setRole(174)) - 8cab83c2-a74a-4ed7-b92f-ceab93cc65b5@group-690CD04331F7: changes role from CANDIDATE to LEADER at term 1 for changeToLeader
2019-09-24 11:18:29,230 [8cab83c2-a74a-4ed7-b92f-ceab93cc65b5@group-690CD04331F7:LeaderElection68] INFO  impl.RaftServerImpl (ServerState.java:setLeader(253)) - 8cab83c2-a74a-4ed7-b92f-ceab93cc65b5@group-690CD04331F7: change Leader from null to 8cab83c2-a74a-4ed7-b92f-ceab93cc65b5 at term 1 for becomeLeader, leader elected after 5112ms
2019-09-24 11:18:29,231 [8cab83c2-a74a-4ed7-b92f-ceab93cc65b5@group-690CD04331F7:LeaderElection68] INFO  server.RaftServerConfigKeys (ConfUtils.java:logGet(43)) - raft.server.staging.catchup.gap = 1000 (default)
2019-09-24 11:18:29,231 [8cab83c2-a74a-4ed7-b92f-ceab93cc65b5@group-690CD04331F7:LeaderElection68] INFO  server.RaftServerConfigKeys (ConfUtils.java:logGet(43)) - raft.server.rpc.sleep.time = 25ms (default)
2019-09-24 11:18:29,231 [8cab83c2-a74a-4ed7-b92f-ceab93cc65b5@group-690CD04331F7:LeaderElection68] INFO  server.RaftServerConfigKeys (ConfUtils.java:logGet(43)) - raft.server.write.element-limit = 4096 (default)
2019-09-24 11:18:29,231 [8cab83c2-a74a-4ed7-b92f-ceab93cc65b5@group-690CD04331F7:LeaderElection68] INFO  server.RaftServerConfigKeys (ConfUtils.java:logGet(43)) - raft.server.watch.timeout = 10s (default)
2019-09-24 11:18:29,231 [8cab83c2-a74a-4ed7-b92f-ceab93cc65b5@group-690CD04331F7:LeaderElection68] INFO  server.RaftServerConfigKeys (ConfUtils.java:logGet(43)) - raft.server.watch.timeout.denomination = 1s (default)
2019-09-24 11:18:29,231 [8cab83c2-a74a-4ed7-b92f-ceab93cc65b5@group-690CD04331F7:LeaderElection68] INFO  server.RaftServerConfigKeys (ConfUtils.java:logGet(43)) - raft.server.watch.element-limit = 65536 (default)
2019-09-24 11:18:29,232 [8cab83c2-a74a-4ed7-b92f-ceab93cc65b5@group-690CD04331F7:LeaderElection68] INFO  impl.RoleInfo (RoleInfo.java:updateAndGet(143)) - 8cab83c2-a74a-4ed7-b92f-ceab93cc65b5: start LeaderState
2019-09-24 11:18:29,233 [8cab83c2-a74a-4ed7-b92f-ceab93cc65b5@group-690CD04331F7:LeaderElection68] INFO  segmented.SegmentedRaftLogWorker (SegmentedRaftLogWorker.java:startLogSegment(380)) - 8cab83c2-a74a-4ed7-b92f-ceab93cc65b5@group-690CD04331F7-SegmentedRaftLogWorker: Starting segment from index:0
2019-09-24 11:18:29,233 [8cab83c2-a74a-4ed7-b92f-ceab93cc65b5@group-690CD04331F7:LeaderElection68] INFO  impl.RaftServerImpl (ServerState.java:setRaftConf(354)) - 8cab83c2-a74a-4ed7-b92f-ceab93cc65b5@group-690CD04331F7: set configuration 0: [8cab83c2-a74a-4ed7-b92f-ceab93cc65b5:192.168.5.168:39485], old=null at 0
2019-09-24 11:18:29,264 [Thread-3074] INFO  impl.FollowerState (FollowerState.java:run(106)) - 2f081810-8a16-4ad4-b1e8-4f35666036b9:group-35355318244D changes to CANDIDATE, lastRpcTime:5079, electionTimeout:5079ms
2019-09-24 11:18:29,264 [Thread-3074] INFO  impl.RoleInfo (RoleInfo.java:shutdownFollowerState(121)) - 2f081810-8a16-4ad4-b1e8-4f35666036b9: shutdown FollowerState
2019-09-24 11:18:29,264 [Thread-3074] INFO  impl.RaftServerImpl (RaftServerImpl.java:setRole(174)) - 2f081810-8a16-4ad4-b1e8-4f35666036b9@group-35355318244D: changes role from  FOLLOWER to CANDIDATE at term 0 for changeToCandidate
2019-09-24 11:18:29,265 [Thread-3074] INFO  impl.RoleInfo (RoleInfo.java:updateAndGet(143)) - 2f081810-8a16-4ad4-b1e8-4f35666036b9: start LeaderElection
2019-09-24 11:18:29,284 [8cab83c2-a74a-4ed7-b92f-ceab93cc65b5@group-690CD04331F7-SegmentedRaftLogWorker] INFO  segmented.SegmentedRaftLogWorker (SegmentedRaftLogWorker.java:execute(569)) - 8cab83c2-a74a-4ed7-b92f-ceab93cc65b5@group-690CD04331F7-SegmentedRaftLogWorker: created new log segment /workdir/hadoop-ozone/integration-test/target/test-dir/MiniOzoneClusterImpl-40187663-585e-41ed-b8bc-b85aa484b511/datanode-4/data/ratis/e903dbba-bddd-4139-a8fa-690cd04331f7/current/log_inprogress_0
2019-09-24 11:18:29,284 [2f081810-8a16-4ad4-b1e8-4f35666036b9@group-35355318244D:LeaderElection69] INFO  impl.LeaderElection (LeaderElection.java:askForVotes(182)) - 2f081810-8a16-4ad4-b1e8-4f35666036b9@group-35355318244D:LeaderElection69: begin an election at term 1 for -1: [2f081810-8a16-4ad4-b1e8-4f35666036b9:192.168.5.168:46567], old=null
2019-09-24 11:18:29,284 [2f081810-8a16-4ad4-b1e8-4f35666036b9@group-35355318244D:LeaderElection69] INFO  impl.RoleInfo (RoleInfo.java:shutdownLeaderElection(134)) - 2f081810-8a16-4ad4-b1e8-4f35666036b9: shutdown LeaderElection
2019-09-24 11:18:29,284 [2f081810-8a16-4ad4-b1e8-4f35666036b9@group-35355318244D:LeaderElection69] INFO  impl.RaftServerImpl (RaftServerImpl.java:setRole(174)) - 2f081810-8a16-4ad4-b1e8-4f35666036b9@group-35355318244D: changes role from CANDIDATE to LEADER at term 1 for changeToLeader
2019-09-24 11:18:29,284 [2f081810-8a16-4ad4-b1e8-4f35666036b9@group-35355318244D:LeaderElection69] INFO  impl.RaftServerImpl (ServerState.java:setLeader(253)) - 2f081810-8a16-4ad4-b1e8-4f35666036b9@group-35355318244D: change Leader from null to 2f081810-8a16-4ad4-b1e8-4f35666036b9 at term 1 for becomeLeader, leader elected after 5104ms
2019-09-24 11:18:29,285 [2f081810-8a16-4ad4-b1e8-4f35666036b9@group-35355318244D:LeaderElection69] INFO  server.RaftServerConfigKeys (ConfUtils.java:logGet(43)) - raft.server.staging.catchup.gap = 1000 (default)
2019-09-24 11:18:29,285 [2f081810-8a16-4ad4-b1e8-4f35666036b9@group-35355318244D:LeaderElection69] INFO  server.RaftServerConfigKeys (ConfUtils.java:logGet(43)) - raft.server.rpc.sleep.time = 25ms (default)
2019-09-24 11:18:29,285 [2f081810-8a16-4ad4-b1e8-4f35666036b9@group-35355318244D:LeaderElection69] INFO  server.RaftServerConfigKeys (ConfUtils.java:logGet(43)) - raft.server.write.element-limit = 4096 (default)
2019-09-24 11:18:29,285 [2f081810-8a16-4ad4-b1e8-4f35666036b9@group-35355318244D:LeaderElection69] INFO  server.RaftServerConfigKeys (ConfUtils.java:logGet(43)) - raft.server.watch.timeout = 10s (default)
2019-09-24 11:18:29,285 [2f081810-8a16-4ad4-b1e8-4f35666036b9@group-35355318244D:LeaderElection69] INFO  server.RaftServerConfigKeys (ConfUtils.java:logGet(43)) - raft.server.watch.timeout.denomination = 1s (default)
2019-09-24 11:18:29,285 [2f081810-8a16-4ad4-b1e8-4f35666036b9@group-35355318244D:LeaderElection69] INFO  server.RaftServerConfigKeys (ConfUtils.java:logGet(43)) - raft.server.watch.element-limit = 65536 (default)
2019-09-24 11:18:29,287 [2f081810-8a16-4ad4-b1e8-4f35666036b9@group-35355318244D:LeaderElection69] INFO  impl.RoleInfo (RoleInfo.java:updateAndGet(143)) - 2f081810-8a16-4ad4-b1e8-4f35666036b9: start LeaderState
2019-09-24 11:18:29,287 [2f081810-8a16-4ad4-b1e8-4f35666036b9@group-35355318244D:LeaderElection69] INFO  segmented.SegmentedRaftLogWorker (SegmentedRaftLogWorker.java:startLogSegment(380)) - 2f081810-8a16-4ad4-b1e8-4f35666036b9@group-35355318244D-SegmentedRaftLogWorker: Starting segment from index:0
2019-09-24 11:18:29,288 [2f081810-8a16-4ad4-b1e8-4f35666036b9@group-35355318244D:LeaderElection69] INFO  impl.RaftServerImpl (ServerState.java:setRaftConf(354)) - 2f081810-8a16-4ad4-b1e8-4f35666036b9@group-35355318244D: set configuration 0: [2f081810-8a16-4ad4-b1e8-4f35666036b9:192.168.5.168:46567], old=null at 0
2019-09-24 11:18:29,324 [2f081810-8a16-4ad4-b1e8-4f35666036b9@group-35355318244D-SegmentedRaftLogWorker] INFO  segmented.SegmentedRaftLogWorker (SegmentedRaftLogWorker.java:execute(569)) - 2f081810-8a16-4ad4-b1e8-4f35666036b9@group-35355318244D-SegmentedRaftLogWorker: created new log segment /workdir/hadoop-ozone/integration-test/target/test-dir/MiniOzoneClusterImpl-40187663-585e-41ed-b8bc-b85aa484b511/datanode-3/data/ratis/c07c3d4f-e903-4cce-b207-35355318244d/current/log_inprogress_0
2019-09-24 11:18:29,343 [Thread-3077] INFO  impl.FollowerState (FollowerState.java:run(106)) - 96abde27-51e3-4584-b631-6c6622a6cfdc:group-4C807D302A05 changes to CANDIDATE, lastRpcTime:5114, electionTimeout:5114ms
2019-09-24 11:18:29,343 [Thread-3077] INFO  impl.RoleInfo (RoleInfo.java:shutdownFollowerState(121)) - 96abde27-51e3-4584-b631-6c6622a6cfdc: shutdown FollowerState
2019-09-24 11:18:29,343 [Thread-3077] INFO  impl.RaftServerImpl (RaftServerImpl.java:setRole(174)) - 96abde27-51e3-4584-b631-6c6622a6cfdc@group-4C807D302A05: changes role from  FOLLOWER to CANDIDATE at term 0 for changeToCandidate
2019-09-24 11:18:29,343 [Thread-3077] INFO  impl.RoleInfo (RoleInfo.java:updateAndGet(143)) - 96abde27-51e3-4584-b631-6c6622a6cfdc: start LeaderElection
2019-09-24 11:18:29,359 [96abde27-51e3-4584-b631-6c6622a6cfdc@group-4C807D302A05:LeaderElection70] INFO  impl.LeaderElection (LeaderElection.java:askForVotes(182)) - 96abde27-51e3-4584-b631-6c6622a6cfdc@group-4C807D302A05:LeaderElection70: begin an election at term 1 for -1: [96abde27-51e3-4584-b631-6c6622a6cfdc:192.168.5.168:44280], old=null
2019-09-24 11:18:29,359 [96abde27-51e3-4584-b631-6c6622a6cfdc@group-4C807D302A05:LeaderElection70] INFO  impl.RoleInfo (RoleInfo.java:shutdownLeaderElection(134)) - 96abde27-51e3-4584-b631-6c6622a6cfdc: shutdown LeaderElection
2019-09-24 11:18:29,359 [96abde27-51e3-4584-b631-6c6622a6cfdc@group-4C807D302A05:LeaderElection70] INFO  impl.RaftServerImpl (RaftServerImpl.java:setRole(174)) - 96abde27-51e3-4584-b631-6c6622a6cfdc@group-4C807D302A05: changes role from CANDIDATE to LEADER at term 1 for changeToLeader
2019-09-24 11:18:29,359 [96abde27-51e3-4584-b631-6c6622a6cfdc@group-4C807D302A05:LeaderElection70] INFO  impl.RaftServerImpl (ServerState.java:setLeader(253)) - 96abde27-51e3-4584-b631-6c6622a6cfdc@group-4C807D302A05: change Leader from null to 96abde27-51e3-4584-b631-6c6622a6cfdc at term 1 for becomeLeader, leader elected after 5137ms
2019-09-24 11:18:29,359 [96abde27-51e3-4584-b631-6c6622a6cfdc@group-4C807D302A05:LeaderElection70] INFO  server.RaftServerConfigKeys (ConfUtils.java:logGet(43)) - raft.server.staging.catchup.gap = 1000 (default)
2019-09-24 11:18:29,360 [96abde27-51e3-4584-b631-6c6622a6cfdc@group-4C807D302A05:LeaderElection70] INFO  server.RaftServerConfigKeys (ConfUtils.java:logGet(43)) - raft.server.rpc.sleep.time = 25ms (default)
2019-09-24 11:18:29,360 [96abde27-51e3-4584-b631-6c6622a6cfdc@group-4C807D302A05:LeaderElection70] INFO  server.RaftServerConfigKeys (ConfUtils.java:logGet(43)) - raft.server.write.element-limit = 4096 (default)
2019-09-24 11:18:29,360 [96abde27-51e3-4584-b631-6c6622a6cfdc@group-4C807D302A05:LeaderElection70] INFO  server.RaftServerConfigKeys (ConfUtils.java:logGet(43)) - raft.server.watch.timeout = 10s (default)
2019-09-24 11:18:29,360 [96abde27-51e3-4584-b631-6c6622a6cfdc@group-4C807D302A05:LeaderElection70] INFO  server.RaftServerConfigKeys (ConfUtils.java:logGet(43)) - raft.server.watch.timeout.denomination = 1s (default)
2019-09-24 11:18:29,360 [96abde27-51e3-4584-b631-6c6622a6cfdc@group-4C807D302A05:LeaderElection70] INFO  server.RaftServerConfigKeys (ConfUtils.java:logGet(43)) - raft.server.watch.element-limit = 65536 (default)
2019-09-24 11:18:29,362 [96abde27-51e3-4584-b631-6c6622a6cfdc@group-4C807D302A05:LeaderElection70] INFO  impl.RoleInfo (RoleInfo.java:updateAndGet(143)) - 96abde27-51e3-4584-b631-6c6622a6cfdc: start LeaderState
2019-09-24 11:18:29,362 [96abde27-51e3-4584-b631-6c6622a6cfdc@group-4C807D302A05:LeaderElection70] INFO  segmented.SegmentedRaftLogWorker (SegmentedRaftLogWorker.java:startLogSegment(380)) - 96abde27-51e3-4584-b631-6c6622a6cfdc@group-4C807D302A05-SegmentedRaftLogWorker: Starting segment from index:0
2019-09-24 11:18:29,362 [96abde27-51e3-4584-b631-6c6622a6cfdc@group-4C807D302A05:LeaderElection70] INFO  impl.RaftServerImpl (ServerState.java:setRaftConf(354)) - 96abde27-51e3-4584-b631-6c6622a6cfdc@group-4C807D302A05: set configuration 0: [96abde27-51e3-4584-b631-6c6622a6cfdc:192.168.5.168:44280], old=null at 0
2019-09-24 11:18:29,399 [Thread-3080] INFO  impl.FollowerState (FollowerState.java:run(106)) - 6fbe9392-c3cb-4124-a52f-02b22ed2aec3:group-FEEAD49B4FF1 changes to CANDIDATE, lastRpcTime:5119, electionTimeout:5115ms
2019-09-24 11:18:29,400 [Thread-3080] INFO  impl.RoleInfo (RoleInfo.java:shutdownFollowerState(121)) - 6fbe9392-c3cb-4124-a52f-02b22ed2aec3: shutdown FollowerState
2019-09-24 11:18:29,400 [Thread-3089] INFO  impl.FollowerState (FollowerState.java:run(106)) - 2f081810-8a16-4ad4-b1e8-4f35666036b9:group-19BEAD9E5245 changes to CANDIDATE, lastRpcTime:5061, electionTimeout:5025ms
2019-09-24 11:18:29,400 [Thread-3080] INFO  impl.RaftServerImpl (RaftServerImpl.java:setRole(174)) - 6fbe9392-c3cb-4124-a52f-02b22ed2aec3@group-FEEAD49B4FF1: changes role from  FOLLOWER to CANDIDATE at term 0 for changeToCandidate
2019-09-24 11:18:29,400 [Thread-3080] INFO  impl.RoleInfo (RoleInfo.java:updateAndGet(143)) - 6fbe9392-c3cb-4124-a52f-02b22ed2aec3: start LeaderElection
2019-09-24 11:18:29,400 [Thread-3089] INFO  impl.RoleInfo (RoleInfo.java:shutdownFollowerState(121)) - 2f081810-8a16-4ad4-b1e8-4f35666036b9: shutdown FollowerState
2019-09-24 11:18:29,400 [Thread-3089] INFO  impl.RaftServerImpl (RaftServerImpl.java:setRole(174)) - 2f081810-8a16-4ad4-b1e8-4f35666036b9@group-19BEAD9E5245: changes role from  FOLLOWER to CANDIDATE at term 0 for changeToCandidate
2019-09-24 11:18:29,404 [Thread-3087] INFO  impl.FollowerState (FollowerState.java:run(106)) - 8cab83c2-a74a-4ed7-b92f-ceab93cc65b5:group-19BEAD9E5245 changes to CANDIDATE, lastRpcTime:5066, electionTimeout:5063ms
2019-09-24 11:18:29,404 [Thread-3089] INFO  impl.RoleInfo (RoleInfo.java:updateAndGet(143)) - 2f081810-8a16-4ad4-b1e8-4f35666036b9: start LeaderElection
2019-09-24 11:18:29,404 [Thread-3087] INFO  impl.RoleInfo (RoleInfo.java:shutdownFollowerState(121)) - 8cab83c2-a74a-4ed7-b92f-ceab93cc65b5: shutdown FollowerState
2019-09-24 11:18:29,404 [Thread-3087] INFO  impl.RaftServerImpl (RaftServerImpl.java:setRole(174)) - 8cab83c2-a74a-4ed7-b92f-ceab93cc65b5@group-19BEAD9E5245: changes role from  FOLLOWER to CANDIDATE at term 0 for changeToCandidate
2019-09-24 11:18:29,408 [6fbe9392-c3cb-4124-a52f-02b22ed2aec3@group-FEEAD49B4FF1:LeaderElection71] INFO  impl.LeaderElection (LeaderElection.java:askForVotes(182)) - 6fbe9392-c3cb-4124-a52f-02b22ed2aec3@group-FEEAD49B4FF1:LeaderElection71: begin an election at term 1 for -1: [6fbe9392-c3cb-4124-a52f-02b22ed2aec3:192.168.5.168:37958], old=null
2019-09-24 11:18:29,408 [Thread-3087] INFO  impl.RoleInfo (RoleInfo.java:updateAndGet(143)) - 8cab83c2-a74a-4ed7-b92f-ceab93cc65b5: start LeaderElection
2019-09-24 11:18:29,408 [96abde27-51e3-4584-b631-6c6622a6cfdc@group-4C807D302A05-SegmentedRaftLogWorker] INFO  segmented.SegmentedRaftLogWorker (SegmentedRaftLogWorker.java:execute(569)) - 96abde27-51e3-4584-b631-6c6622a6cfdc@group-4C807D302A05-SegmentedRaftLogWorker: created new log segment /workdir/hadoop-ozone/integration-test/target/test-dir/MiniOzoneClusterImpl-40187663-585e-41ed-b8bc-b85aa484b511/datanode-5/data/ratis/fbcdb138-ab17-48e2-b1b1-4c807d302a05/current/log_inprogress_0
2019-09-24 11:18:29,408 [6fbe9392-c3cb-4124-a52f-02b22ed2aec3@group-FEEAD49B4FF1:LeaderElection71] INFO  impl.RoleInfo (RoleInfo.java:shutdownLeaderElection(134)) - 6fbe9392-c3cb-4124-a52f-02b22ed2aec3: shutdown LeaderElection
2019-09-24 11:18:29,408 [Thread-3085] INFO  impl.FollowerState (FollowerState.java:run(106)) - 96abde27-51e3-4584-b631-6c6622a6cfdc:group-19BEAD9E5245 changes to CANDIDATE, lastRpcTime:5076, electionTimeout:5072ms
2019-09-24 11:18:29,413 [6fbe9392-c3cb-4124-a52f-02b22ed2aec3@group-FEEAD49B4FF1:LeaderElection71] INFO  impl.RaftServerImpl (RaftServerImpl.java:setRole(174)) - 6fbe9392-c3cb-4124-a52f-02b22ed2aec3@group-FEEAD49B4FF1: changes role from CANDIDATE to LEADER at term 1 for changeToLeader
2019-09-24 11:18:29,414 [Thread-3085] INFO  impl.RoleInfo (RoleInfo.java:shutdownFollowerState(121)) - 96abde27-51e3-4584-b631-6c6622a6cfdc: shutdown FollowerState
2019-09-24 11:18:29,414 [6fbe9392-c3cb-4124-a52f-02b22ed2aec3@group-FEEAD49B4FF1:LeaderElection71] INFO  impl.RaftServerImpl (ServerState.java:setLeader(253)) - 6fbe9392-c3cb-4124-a52f-02b22ed2aec3@group-FEEAD49B4FF1: change Leader from null to 6fbe9392-c3cb-4124-a52f-02b22ed2aec3 at term 1 for becomeLeader, leader elected after 5141ms
2019-09-24 11:18:29,414 [Thread-3085] INFO  impl.RaftServerImpl (RaftServerImpl.java:setRole(174)) - 96abde27-51e3-4584-b631-6c6622a6cfdc@group-19BEAD9E5245: changes role from  FOLLOWER to CANDIDATE at term 0 for changeToCandidate
2019-09-24 11:18:29,414 [6fbe9392-c3cb-4124-a52f-02b22ed2aec3@group-FEEAD49B4FF1:LeaderElection71] INFO  server.RaftServerConfigKeys (ConfUtils.java:logGet(43)) - raft.server.staging.catchup.gap = 1000 (default)
2019-09-24 11:18:29,414 [Thread-3085] INFO  impl.RoleInfo (RoleInfo.java:updateAndGet(143)) - 96abde27-51e3-4584-b631-6c6622a6cfdc: start LeaderElection
2019-09-24 11:18:29,415 [6fbe9392-c3cb-4124-a52f-02b22ed2aec3@group-FEEAD49B4FF1:LeaderElection71] INFO  server.RaftServerConfigKeys (ConfUtils.java:logGet(43)) - raft.server.rpc.sleep.time = 25ms (default)
2019-09-24 11:18:29,415 [6fbe9392-c3cb-4124-a52f-02b22ed2aec3@group-FEEAD49B4FF1:LeaderElection71] INFO  server.RaftServerConfigKeys (ConfUtils.java:logGet(43)) - raft.server.write.element-limit = 4096 (default)
2019-09-24 11:18:29,418 [6fbe9392-c3cb-4124-a52f-02b22ed2aec3@group-FEEAD49B4FF1:LeaderElection71] INFO  server.RaftServerConfigKeys (ConfUtils.java:logGet(43)) - raft.server.watch.timeout = 10s (default)
2019-09-24 11:18:29,420 [6fbe9392-c3cb-4124-a52f-02b22ed2aec3@group-FEEAD49B4FF1:LeaderElection71] INFO  server.RaftServerConfigKeys (ConfUtils.java:logGet(43)) - raft.server.watch.timeout.denomination = 1s (default)
2019-09-24 11:18:29,420 [6fbe9392-c3cb-4124-a52f-02b22ed2aec3@group-FEEAD49B4FF1:LeaderElection71] INFO  server.RaftServerConfigKeys (ConfUtils.java:logGet(43)) - raft.server.watch.element-limit = 65536 (default)
2019-09-24 11:18:29,423 [6fbe9392-c3cb-4124-a52f-02b22ed2aec3@group-FEEAD49B4FF1:LeaderElection71] INFO  impl.RoleInfo (RoleInfo.java:updateAndGet(143)) - 6fbe9392-c3cb-4124-a52f-02b22ed2aec3: start LeaderState
2019-09-24 11:18:29,423 [6fbe9392-c3cb-4124-a52f-02b22ed2aec3@group-FEEAD49B4FF1:LeaderElection71] INFO  segmented.SegmentedRaftLogWorker (SegmentedRaftLogWorker.java:startLogSegment(380)) - 6fbe9392-c3cb-4124-a52f-02b22ed2aec3@group-FEEAD49B4FF1-SegmentedRaftLogWorker: Starting segment from index:0
2019-09-24 11:18:29,423 [6fbe9392-c3cb-4124-a52f-02b22ed2aec3@group-FEEAD49B4FF1:LeaderElection71] INFO  impl.RaftServerImpl (ServerState.java:setRaftConf(354)) - 6fbe9392-c3cb-4124-a52f-02b22ed2aec3@group-FEEAD49B4FF1: set configuration 0: [6fbe9392-c3cb-4124-a52f-02b22ed2aec3:192.168.5.168:37958], old=null at 0
2019-09-24 11:18:29,443 [2f081810-8a16-4ad4-b1e8-4f35666036b9@group-19BEAD9E5245:LeaderElection72] INFO  impl.LeaderElection (LeaderElection.java:askForVotes(182)) - 2f081810-8a16-4ad4-b1e8-4f35666036b9@group-19BEAD9E5245:LeaderElection72: begin an election at term 1 for -1: [2f081810-8a16-4ad4-b1e8-4f35666036b9:192.168.5.168:46567, 96abde27-51e3-4584-b631-6c6622a6cfdc:192.168.5.168:44280, 8cab83c2-a74a-4ed7-b92f-ceab93cc65b5:192.168.5.168:39485], old=null
2019-09-24 11:18:29,443 [96abde27-51e3-4584-b631-6c6622a6cfdc@group-19BEAD9E5245:LeaderElection74] INFO  impl.LeaderElection (LeaderElection.java:askForVotes(182)) - 96abde27-51e3-4584-b631-6c6622a6cfdc@group-19BEAD9E5245:LeaderElection74: begin an election at term 1 for -1: [2f081810-8a16-4ad4-b1e8-4f35666036b9:192.168.5.168:46567, 96abde27-51e3-4584-b631-6c6622a6cfdc:192.168.5.168:44280, 8cab83c2-a74a-4ed7-b92f-ceab93cc65b5:192.168.5.168:39485], old=null
2019-09-24 11:18:29,443 [8cab83c2-a74a-4ed7-b92f-ceab93cc65b5@group-19BEAD9E5245:LeaderElection73] INFO  impl.LeaderElection (LeaderElection.java:askForVotes(182)) - 8cab83c2-a74a-4ed7-b92f-ceab93cc65b5@group-19BEAD9E5245:LeaderElection73: begin an election at term 1 for -1: [2f081810-8a16-4ad4-b1e8-4f35666036b9:192.168.5.168:46567, 96abde27-51e3-4584-b631-6c6622a6cfdc:192.168.5.168:44280, 8cab83c2-a74a-4ed7-b92f-ceab93cc65b5:192.168.5.168:39485], old=null
2019-09-24 11:18:29,485 [6fbe9392-c3cb-4124-a52f-02b22ed2aec3@group-FEEAD49B4FF1-SegmentedRaftLogWorker] INFO  segmented.SegmentedRaftLogWorker (SegmentedRaftLogWorker.java:execute(569)) - 6fbe9392-c3cb-4124-a52f-02b22ed2aec3@group-FEEAD49B4FF1-SegmentedRaftLogWorker: created new log segment /workdir/hadoop-ozone/integration-test/target/test-dir/MiniOzoneClusterImpl-40187663-585e-41ed-b8bc-b85aa484b511/datanode-6/data/ratis/1d62aa6b-90f5-4b00-8075-feead49b4ff1/current/log_inprogress_0
2019-09-24 11:18:29,491 [2f081810-8a16-4ad4-b1e8-4f35666036b9@group-19BEAD9E5245:LeaderElection72] INFO  impl.LeaderElection (LeaderElection.java:logAndReturn(56)) - 2f081810-8a16-4ad4-b1e8-4f35666036b9@group-19BEAD9E5245:LeaderElection72: Election REJECTED; received 2 response(s) [2f081810-8a16-4ad4-b1e8-4f35666036b9<-8cab83c2-a74a-4ed7-b92f-ceab93cc65b5#0:FAIL-t1, 2f081810-8a16-4ad4-b1e8-4f35666036b9<-96abde27-51e3-4584-b631-6c6622a6cfdc#0:FAIL-t1] and 0 exception(s); 2f081810-8a16-4ad4-b1e8-4f35666036b9@group-19BEAD9E5245:t1, leader=null, voted=2f081810-8a16-4ad4-b1e8-4f35666036b9, raftlog=2f081810-8a16-4ad4-b1e8-4f35666036b9@group-19BEAD9E5245-SegmentedRaftLog:OPENED:c-1,f-1,i0, conf=-1: [2f081810-8a16-4ad4-b1e8-4f35666036b9:192.168.5.168:46567, 96abde27-51e3-4584-b631-6c6622a6cfdc:192.168.5.168:44280, 8cab83c2-a74a-4ed7-b92f-ceab93cc65b5:192.168.5.168:39485], old=null
2019-09-24 11:18:29,491 [2f081810-8a16-4ad4-b1e8-4f35666036b9@group-19BEAD9E5245:LeaderElection72] INFO  impl.RaftServerImpl (RaftServerImpl.java:setRole(174)) - 2f081810-8a16-4ad4-b1e8-4f35666036b9@group-19BEAD9E5245: changes role from CANDIDATE to FOLLOWER at term 1 for DISCOVERED_A_NEW_TERM
2019-09-24 11:18:29,493 [2f081810-8a16-4ad4-b1e8-4f35666036b9@group-19BEAD9E5245:LeaderElection72] INFO  impl.RoleInfo (RoleInfo.java:shutdownLeaderElection(134)) - 2f081810-8a16-4ad4-b1e8-4f35666036b9: shutdown LeaderElection
2019-09-24 11:18:29,493 [2f081810-8a16-4ad4-b1e8-4f35666036b9@group-19BEAD9E5245:LeaderElection72] INFO  impl.RoleInfo (RoleInfo.java:updateAndGet(143)) - 2f081810-8a16-4ad4-b1e8-4f35666036b9: start FollowerState
2019-09-24 11:18:29,493 [96abde27-51e3-4584-b631-6c6622a6cfdc@group-19BEAD9E5245:LeaderElection74] INFO  impl.LeaderElection (LeaderElection.java:logAndReturn(56)) - 96abde27-51e3-4584-b631-6c6622a6cfdc@group-19BEAD9E5245:LeaderElection74: Election REJECTED; received 2 response(s) [96abde27-51e3-4584-b631-6c6622a6cfdc<-2f081810-8a16-4ad4-b1e8-4f35666036b9#0:FAIL-t1, 96abde27-51e3-4584-b631-6c6622a6cfdc<-8cab83c2-a74a-4ed7-b92f-ceab93cc65b5#0:FAIL-t1] and 0 exception(s); 96abde27-51e3-4584-b631-6c6622a6cfdc@group-19BEAD9E5245:t1, leader=null, voted=96abde27-51e3-4584-b631-6c6622a6cfdc, raftlog=96abde27-51e3-4584-b631-6c6622a6cfdc@group-19BEAD9E5245-SegmentedRaftLog:OPENED:c-1,f-1,i0, conf=-1: [2f081810-8a16-4ad4-b1e8-4f35666036b9:192.168.5.168:46567, 96abde27-51e3-4584-b631-6c6622a6cfdc:192.168.5.168:44280, 8cab83c2-a74a-4ed7-b92f-ceab93cc65b5:192.168.5.168:39485], old=null
2019-09-24 11:18:29,495 [96abde27-51e3-4584-b631-6c6622a6cfdc@group-19BEAD9E5245:LeaderElection74] INFO  impl.RaftServerImpl (RaftServerImpl.java:setRole(174)) - 96abde27-51e3-4584-b631-6c6622a6cfdc@group-19BEAD9E5245: changes role from CANDIDATE to FOLLOWER at term 1 for DISCOVERED_A_NEW_TERM
2019-09-24 11:18:29,495 [96abde27-51e3-4584-b631-6c6622a6cfdc@group-19BEAD9E5245:LeaderElection74] INFO  impl.RoleInfo (RoleInfo.java:shutdownLeaderElection(134)) - 96abde27-51e3-4584-b631-6c6622a6cfdc: shutdown LeaderElection
2019-09-24 11:18:29,496 [96abde27-51e3-4584-b631-6c6622a6cfdc@group-19BEAD9E5245:LeaderElection74] INFO  impl.RoleInfo (RoleInfo.java:updateAndGet(143)) - 96abde27-51e3-4584-b631-6c6622a6cfdc: start FollowerState
2019-09-24 11:18:29,501 [8cab83c2-a74a-4ed7-b92f-ceab93cc65b5@group-19BEAD9E5245:LeaderElection73] INFO  impl.LeaderElection (LeaderElection.java:logAndReturn(56)) - 8cab83c2-a74a-4ed7-b92f-ceab93cc65b5@group-19BEAD9E5245:LeaderElection73: Election REJECTED; received 2 response(s) [8cab83c2-a74a-4ed7-b92f-ceab93cc65b5<-2f081810-8a16-4ad4-b1e8-4f35666036b9#0:FAIL-t1, 8cab83c2-a74a-4ed7-b92f-ceab93cc65b5<-96abde27-51e3-4584-b631-6c6622a6cfdc#0:FAIL-t1] and 0 exception(s); 8cab83c2-a74a-4ed7-b92f-ceab93cc65b5@group-19BEAD9E5245:t1, leader=null, voted=8cab83c2-a74a-4ed7-b92f-ceab93cc65b5, raftlog=8cab83c2-a74a-4ed7-b92f-ceab93cc65b5@group-19BEAD9E5245-SegmentedRaftLog:OPENED:c-1,f-1,i0, conf=-1: [2f081810-8a16-4ad4-b1e8-4f35666036b9:192.168.5.168:46567, 96abde27-51e3-4584-b631-6c6622a6cfdc:192.168.5.168:44280, 8cab83c2-a74a-4ed7-b92f-ceab93cc65b5:192.168.5.168:39485], old=null
2019-09-24 11:18:29,503 [8cab83c2-a74a-4ed7-b92f-ceab93cc65b5@group-19BEAD9E5245:LeaderElection73] INFO  impl.RaftServerImpl (RaftServerImpl.java:setRole(174)) - 8cab83c2-a74a-4ed7-b92f-ceab93cc65b5@group-19BEAD9E5245: changes role from CANDIDATE to FOLLOWER at term 1 for DISCOVERED_A_NEW_TERM
2019-09-24 11:18:29,503 [8cab83c2-a74a-4ed7-b92f-ceab93cc65b5@group-19BEAD9E5245:LeaderElection73] INFO  impl.RoleInfo (RoleInfo.java:shutdownLeaderElection(134)) - 8cab83c2-a74a-4ed7-b92f-ceab93cc65b5: shutdown LeaderElection
2019-09-24 11:18:29,503 [8cab83c2-a74a-4ed7-b92f-ceab93cc65b5@group-19BEAD9E5245:LeaderElection73] INFO  impl.RoleInfo (RoleInfo.java:updateAndGet(143)) - 8cab83c2-a74a-4ed7-b92f-ceab93cc65b5: start FollowerState
2019-09-24 11:18:30,487 [Datanode State Machine Thread - 0] INFO  statemachine.DatanodeStateMachine (DatanodeStateMachine.java:lambda$startDaemon$0(350)) - Ozone container server started.
2019-09-24 11:18:34,505 [Thread-3145] INFO  impl.FollowerState (FollowerState.java:run(106)) - 8cab83c2-a74a-4ed7-b92f-ceab93cc65b5:group-19BEAD9E5245 changes to CANDIDATE, lastRpcTime:5001, electionTimeout:5001ms
2019-09-24 11:18:34,505 [Thread-3145] INFO  impl.RoleInfo (RoleInfo.java:shutdownFollowerState(121)) - 8cab83c2-a74a-4ed7-b92f-ceab93cc65b5: shutdown FollowerState
2019-09-24 11:18:34,506 [Thread-3145] INFO  impl.RaftServerImpl (RaftServerImpl.java:setRole(174)) - 8cab83c2-a74a-4ed7-b92f-ceab93cc65b5@group-19BEAD9E5245: changes role from  FOLLOWER to CANDIDATE at term 1 for changeToCandidate
2019-09-24 11:18:34,506 [Thread-3145] INFO  impl.RoleInfo (RoleInfo.java:updateAndGet(143)) - 8cab83c2-a74a-4ed7-b92f-ceab93cc65b5: start LeaderElection
2019-09-24 11:18:34,514 [EventQueue-StaleNodeForStaleNodeHandler] INFO  node.StaleNodeHandler (StaleNodeHandler.java:onMessage(58)) - Datanode f9d0bdbe-9579-4549-bd8e-208b1d7d3b14{ip: 192.168.5.168, host: pr-hdds-2067-q68gx-839588832, networkLocation: /default-rack, certSerialId: null} moved to stale state. Finalizing its pipelines [PipelineID=fcd4619e-90cc-45f8-88d9-7a478c88b470, PipelineID=54c1d47f-8258-4544-b906-5b8a6a6293b6]
2019-09-24 11:18:34,515 [EventQueue-StaleNodeForStaleNodeHandler] INFO  pipeline.SCMPipelineManager (SCMPipelineManager.java:finalizeAndDestroyPipeline(315)) - destroying pipeline:Pipeline[ Id: fcd4619e-90cc-45f8-88d9-7a478c88b470, Nodes: f9d0bdbe-9579-4549-bd8e-208b1d7d3b14{ip: 192.168.5.168, host: pr-hdds-2067-q68gx-839588832, networkLocation: /default-rack, certSerialId: null}c586e99e-b06a-4991-997f-73c122885b4e{ip: 192.168.5.168, host: pr-hdds-2067-q68gx-839588832, networkLocation: /default-rack, certSerialId: null}5a71a179-55eb-4892-abf8-88945be6e430{ip: 192.168.5.168, host: pr-hdds-2067-q68gx-839588832, networkLocation: /default-rack, certSerialId: null}, Type:RATIS, Factor:THREE, State:OPEN]
2019-09-24 11:18:34,515 [EventQueue-StaleNodeForStaleNodeHandler] INFO  pipeline.PipelineStateManager (PipelineStateManager.java:finalizePipeline(123)) - Pipeline Pipeline[ Id: fcd4619e-90cc-45f8-88d9-7a478c88b470, Nodes: f9d0bdbe-9579-4549-bd8e-208b1d7d3b14{ip: 192.168.5.168, host: pr-hdds-2067-q68gx-839588832, networkLocation: /default-rack, certSerialId: null}c586e99e-b06a-4991-997f-73c122885b4e{ip: 192.168.5.168, host: pr-hdds-2067-q68gx-839588832, networkLocation: /default-rack, certSerialId: null}5a71a179-55eb-4892-abf8-88945be6e430{ip: 192.168.5.168, host: pr-hdds-2067-q68gx-839588832, networkLocation: /default-rack, certSerialId: null}, Type:RATIS, Factor:THREE, State:CLOSED] moved to CLOSED state
2019-09-24 11:18:34,516 [EventQueue-CloseContainerForCloseContainerEventHandler] INFO  container.CloseContainerEventHandler (CloseContainerEventHandler.java:onMessage(61)) - Close container Event triggered for container : #1
2019-09-24 11:18:34,519 [EventQueue-StaleNodeForStaleNodeHandler] INFO  pipeline.SCMPipelineManager (SCMPipelineManager.java:finalizeAndDestroyPipeline(315)) - destroying pipeline:Pipeline[ Id: 54c1d47f-8258-4544-b906-5b8a6a6293b6, Nodes: f9d0bdbe-9579-4549-bd8e-208b1d7d3b14{ip: 192.168.5.168, host: pr-hdds-2067-q68gx-839588832, networkLocation: /default-rack, certSerialId: null}, Type:RATIS, Factor:ONE, State:OPEN]
2019-09-24 11:18:34,521 [EventQueue-StaleNodeForStaleNodeHandler] INFO  pipeline.PipelineStateManager (PipelineStateManager.java:finalizePipeline(123)) - Pipeline Pipeline[ Id: 54c1d47f-8258-4544-b906-5b8a6a6293b6, Nodes: f9d0bdbe-9579-4549-bd8e-208b1d7d3b14{ip: 192.168.5.168, host: pr-hdds-2067-q68gx-839588832, networkLocation: /default-rack, certSerialId: null}, Type:RATIS, Factor:ONE, State:CLOSED] moved to CLOSED state
2019-09-24 11:18:34,525 [8cab83c2-a74a-4ed7-b92f-ceab93cc65b5@group-19BEAD9E5245:LeaderElection75] INFO  impl.LeaderElection (LeaderElection.java:askForVotes(182)) - 8cab83c2-a74a-4ed7-b92f-ceab93cc65b5@group-19BEAD9E5245:LeaderElection75: begin an election at term 2 for -1: [2f081810-8a16-4ad4-b1e8-4f35666036b9:192.168.5.168:46567, 96abde27-51e3-4584-b631-6c6622a6cfdc:192.168.5.168:44280, 8cab83c2-a74a-4ed7-b92f-ceab93cc65b5:192.168.5.168:39485], old=null
2019-09-24 11:18:34,528 [grpc-default-executor-4] INFO  impl.RaftServerImpl (RaftServerImpl.java:setRole(174)) - 96abde27-51e3-4584-b631-6c6622a6cfdc@group-19BEAD9E5245: changes role from  FOLLOWER to FOLLOWER at term 2 for recognizeCandidate:8cab83c2-a74a-4ed7-b92f-ceab93cc65b5
2019-09-24 11:18:34,528 [grpc-default-executor-7] INFO  impl.RaftServerImpl (RaftServerImpl.java:setRole(174)) - 2f081810-8a16-4ad4-b1e8-4f35666036b9@group-19BEAD9E5245: changes role from  FOLLOWER to FOLLOWER at term 2 for recognizeCandidate:8cab83c2-a74a-4ed7-b92f-ceab93cc65b5
2019-09-24 11:18:34,528 [grpc-default-executor-4] INFO  impl.RoleInfo (RoleInfo.java:shutdownFollowerState(121)) - 96abde27-51e3-4584-b631-6c6622a6cfdc: shutdown FollowerState
2019-09-24 11:18:34,528 [grpc-default-executor-7] INFO  impl.RoleInfo (RoleInfo.java:shutdownFollowerState(121)) - 2f081810-8a16-4ad4-b1e8-4f35666036b9: shutdown FollowerState
2019-09-24 11:18:34,529 [grpc-default-executor-4] INFO  impl.RoleInfo (RoleInfo.java:updateAndGet(143)) - 96abde27-51e3-4584-b631-6c6622a6cfdc: start FollowerState
2019-09-24 11:18:34,529 [Thread-3142] INFO  impl.FollowerState (FollowerState.java:run(115)) - 2f081810-8a16-4ad4-b1e8-4f35666036b9: FollowerState was interrupted: java.lang.InterruptedException: sleep interrupted
2019-09-24 11:18:34,529 [grpc-default-executor-7] INFO  impl.RoleInfo (RoleInfo.java:updateAndGet(143)) - 2f081810-8a16-4ad4-b1e8-4f35666036b9: start FollowerState
2019-09-24 11:18:34,529 [Thread-3144] INFO  impl.FollowerState (FollowerState.java:run(115)) - 96abde27-51e3-4584-b631-6c6622a6cfdc: FollowerState was interrupted: java.lang.InterruptedException: sleep interrupted
2019-09-24 11:18:34,549 [8cab83c2-a74a-4ed7-b92f-ceab93cc65b5@group-19BEAD9E5245:LeaderElection75] INFO  impl.LeaderElection (LeaderElection.java:logAndReturn(56)) - 8cab83c2-a74a-4ed7-b92f-ceab93cc65b5@group-19BEAD9E5245:LeaderElection75: Election PASSED; received 1 response(s) [8cab83c2-a74a-4ed7-b92f-ceab93cc65b5<-2f081810-8a16-4ad4-b1e8-4f35666036b9#0:OK-t2] and 0 exception(s); 8cab83c2-a74a-4ed7-b92f-ceab93cc65b5@group-19BEAD9E5245:t2, leader=null, voted=8cab83c2-a74a-4ed7-b92f-ceab93cc65b5, raftlog=8cab83c2-a74a-4ed7-b92f-ceab93cc65b5@group-19BEAD9E5245-SegmentedRaftLog:OPENED:c-1,f-1,i0, conf=-1: [2f081810-8a16-4ad4-b1e8-4f35666036b9:192.168.5.168:46567, 96abde27-51e3-4584-b631-6c6622a6cfdc:192.168.5.168:44280, 8cab83c2-a74a-4ed7-b92f-ceab93cc65b5:192.168.5.168:39485], old=null
2019-09-24 11:18:34,549 [8cab83c2-a74a-4ed7-b92f-ceab93cc65b5@group-19BEAD9E5245:LeaderElection75] INFO  impl.RoleInfo (RoleInfo.java:shutdownLeaderElection(134)) - 8cab83c2-a74a-4ed7-b92f-ceab93cc65b5: shutdown LeaderElection
2019-09-24 11:18:34,549 [8cab83c2-a74a-4ed7-b92f-ceab93cc65b5@group-19BEAD9E5245:LeaderElection75] INFO  impl.RaftServerImpl (RaftServerImpl.java:setRole(174)) - 8cab83c2-a74a-4ed7-b92f-ceab93cc65b5@group-19BEAD9E5245: changes role from CANDIDATE to LEADER at term 2 for changeToLeader
2019-09-24 11:18:34,549 [8cab83c2-a74a-4ed7-b92f-ceab93cc65b5@group-19BEAD9E5245:LeaderElection75] INFO  impl.RaftServerImpl (ServerState.java:setLeader(253)) - 8cab83c2-a74a-4ed7-b92f-ceab93cc65b5@group-19BEAD9E5245: change Leader from null to 8cab83c2-a74a-4ed7-b92f-ceab93cc65b5 at term 2 for becomeLeader, leader elected after 10223ms
2019-09-24 11:18:34,550 [8cab83c2-a74a-4ed7-b92f-ceab93cc65b5@group-19BEAD9E5245:LeaderElection75] INFO  server.RaftServerConfigKeys (ConfUtils.java:logGet(43)) - raft.server.staging.catchup.gap = 1000 (default)
2019-09-24 11:18:34,550 [8cab83c2-a74a-4ed7-b92f-ceab93cc65b5@group-19BEAD9E5245:LeaderElection75] INFO  server.RaftServerConfigKeys (ConfUtils.java:logGet(43)) - raft.server.rpc.sleep.time = 25ms (default)
2019-09-24 11:18:34,550 [8cab83c2-a74a-4ed7-b92f-ceab93cc65b5@group-19BEAD9E5245:LeaderElection75] INFO  server.RaftServerConfigKeys (ConfUtils.java:logGet(43)) - raft.server.write.element-limit = 4096 (default)
2019-09-24 11:18:34,550 [8cab83c2-a74a-4ed7-b92f-ceab93cc65b5@group-19BEAD9E5245:LeaderElection75] INFO  server.RaftServerConfigKeys (ConfUtils.java:logGet(43)) - raft.server.watch.timeout = 10s (default)
2019-09-24 11:18:34,550 [8cab83c2-a74a-4ed7-b92f-ceab93cc65b5@group-19BEAD9E5245:LeaderElection75] INFO  server.RaftServerConfigKeys (ConfUtils.java:logGet(43)) - raft.server.watch.timeout.denomination = 1s (default)
2019-09-24 11:18:34,551 [8cab83c2-a74a-4ed7-b92f-ceab93cc65b5@group-19BEAD9E5245:LeaderElection75] INFO  server.RaftServerConfigKeys (ConfUtils.java:logGet(43)) - raft.server.watch.element-limit = 65536 (default)
2019-09-24 11:18:34,554 [8cab83c2-a74a-4ed7-b92f-ceab93cc65b5@group-19BEAD9E5245:LeaderElection75] INFO  server.RaftServerConfigKeys (ConfUtils.java:logGet(43)) - raft.server.log.appender.snapshot.chunk.size.max = 16MB (=16777216) (default)
2019-09-24 11:18:34,555 [8cab83c2-a74a-4ed7-b92f-ceab93cc65b5@group-19BEAD9E5245:LeaderElection75] INFO  server.RaftServerConfigKeys (ConfUtils.java:logGet(43)) - raft.server.log.appender.buffer.byte-limit = 33554432 (custom)
2019-09-24 11:18:34,555 [8cab83c2-a74a-4ed7-b92f-ceab93cc65b5@group-19BEAD9E5245:LeaderElection75] INFO  server.RaftServerConfigKeys (ConfUtils.java:logGet(43)) - raft.server.log.appender.buffer.element-limit = 1 (custom)
2019-09-24 11:18:34,555 [8cab83c2-a74a-4ed7-b92f-ceab93cc65b5@group-19BEAD9E5245:LeaderElection75] INFO  grpc.GrpcConfigKeys$Server (ConfUtils.java:logGet(43)) - raft.grpc.server.leader.outstanding.appends.max = 128 (default)
2019-09-24 11:18:34,555 [8cab83c2-a74a-4ed7-b92f-ceab93cc65b5@group-19BEAD9E5245:LeaderElection75] INFO  server.RaftServerConfigKeys (ConfUtils.java:logGet(43)) - raft.server.rpc.request.timeout = 3000ms (default)
2019-09-24 11:18:34,555 [8cab83c2-a74a-4ed7-b92f-ceab93cc65b5@group-19BEAD9E5245:LeaderElection75] INFO  server.RaftServerConfigKeys (ConfUtils.java:logGet(43)) - raft.server.log.appender.install.snapshot.enabled = false (custom)
2019-09-24 11:18:34,556 [8cab83c2-a74a-4ed7-b92f-ceab93cc65b5@group-19BEAD9E5245:LeaderElection75] INFO  server.RaftServerConfigKeys (ConfUtils.java:logGet(43)) - raft.server.log.appender.snapshot.chunk.size.max = 16MB (=16777216) (default)
2019-09-24 11:18:34,556 [8cab83c2-a74a-4ed7-b92f-ceab93cc65b5@group-19BEAD9E5245:LeaderElection75] INFO  server.RaftServerConfigKeys (ConfUtils.java:logGet(43)) - raft.server.log.appender.buffer.byte-limit = 33554432 (custom)
2019-09-24 11:18:34,556 [8cab83c2-a74a-4ed7-b92f-ceab93cc65b5@group-19BEAD9E5245:LeaderElection75] INFO  server.RaftServerConfigKeys (ConfUtils.java:logGet(43)) - raft.server.log.appender.buffer.element-limit = 1 (custom)
2019-09-24 11:18:34,556 [8cab83c2-a74a-4ed7-b92f-ceab93cc65b5@group-19BEAD9E5245:LeaderElection75] INFO  grpc.GrpcConfigKeys$Server (ConfUtils.java:logGet(43)) - raft.grpc.server.leader.outstanding.appends.max = 128 (default)
2019-09-24 11:18:34,556 [8cab83c2-a74a-4ed7-b92f-ceab93cc65b5@group-19BEAD9E5245:LeaderElection75] INFO  server.RaftServerConfigKeys (ConfUtils.java:logGet(43)) - raft.server.rpc.request.timeout = 3000ms (default)
2019-09-24 11:18:34,556 [8cab83c2-a74a-4ed7-b92f-ceab93cc65b5@group-19BEAD9E5245:LeaderElection75] INFO  server.RaftServerConfigKeys (ConfUtils.java:logGet(43)) - raft.server.log.appender.install.snapshot.enabled = false (custom)
2019-09-24 11:18:34,557 [8cab83c2-a74a-4ed7-b92f-ceab93cc65b5@group-19BEAD9E5245:LeaderElection75] INFO  impl.RoleInfo (RoleInfo.java:updateAndGet(143)) - 8cab83c2-a74a-4ed7-b92f-ceab93cc65b5: start LeaderState
2019-09-24 11:18:34,557 [8cab83c2-a74a-4ed7-b92f-ceab93cc65b5@group-19BEAD9E5245:LeaderElection75] INFO  segmented.SegmentedRaftLogWorker (SegmentedRaftLogWorker.java:startLogSegment(380)) - 8cab83c2-a74a-4ed7-b92f-ceab93cc65b5@group-19BEAD9E5245-SegmentedRaftLogWorker: Starting segment from index:0
2019-09-24 11:18:34,558 [8cab83c2-a74a-4ed7-b92f-ceab93cc65b5@group-19BEAD9E5245:LeaderElection75] INFO  impl.RaftServerImpl (ServerState.java:setRaftConf(354)) - 8cab83c2-a74a-4ed7-b92f-ceab93cc65b5@group-19BEAD9E5245: set configuration 0: [2f081810-8a16-4ad4-b1e8-4f35666036b9:192.168.5.168:46567, 96abde27-51e3-4584-b631-6c6622a6cfdc:192.168.5.168:44280, 8cab83c2-a74a-4ed7-b92f-ceab93cc65b5:192.168.5.168:39485], old=null at 0
2019-09-24 11:18:34,591 [grpc-default-executor-4] INFO  impl.RaftServerImpl (ServerState.java:setLeader(253)) - 96abde27-51e3-4584-b631-6c6622a6cfdc@group-19BEAD9E5245: change Leader from null to 8cab83c2-a74a-4ed7-b92f-ceab93cc65b5 at term 2 for appendEntries, leader elected after 10265ms
2019-09-24 11:18:34,594 [grpc-default-executor-7] INFO  impl.RaftServerImpl (ServerState.java:setLeader(253)) - 2f081810-8a16-4ad4-b1e8-4f35666036b9@group-19BEAD9E5245: change Leader from null to 8cab83c2-a74a-4ed7-b92f-ceab93cc65b5 at term 2 for appendEntries, leader elected after 10268ms
2019-09-24 11:18:34,596 [grpc-default-executor-7] INFO  impl.RaftServerImpl (ServerState.java:setRaftConf(354)) - 96abde27-51e3-4584-b631-6c6622a6cfdc@group-19BEAD9E5245: set configuration 0: [2f081810-8a16-4ad4-b1e8-4f35666036b9:192.168.5.168:46567, 96abde27-51e3-4584-b631-6c6622a6cfdc:192.168.5.168:44280, 8cab83c2-a74a-4ed7-b92f-ceab93cc65b5:192.168.5.168:39485], old=null at 0
2019-09-24 11:18:34,596 [grpc-default-executor-4] INFO  impl.RaftServerImpl (ServerState.java:setRaftConf(354)) - 2f081810-8a16-4ad4-b1e8-4f35666036b9@group-19BEAD9E5245: set configuration 0: [2f081810-8a16-4ad4-b1e8-4f35666036b9:192.168.5.168:46567, 96abde27-51e3-4584-b631-6c6622a6cfdc:192.168.5.168:44280, 8cab83c2-a74a-4ed7-b92f-ceab93cc65b5:192.168.5.168:39485], old=null at 0
2019-09-24 11:18:34,596 [grpc-default-executor-7] INFO  segmented.SegmentedRaftLogWorker (SegmentedRaftLogWorker.java:startLogSegment(380)) - 96abde27-51e3-4584-b631-6c6622a6cfdc@group-19BEAD9E5245-SegmentedRaftLogWorker: Starting segment from index:0
2019-09-24 11:18:34,596 [grpc-default-executor-4] INFO  segmented.SegmentedRaftLogWorker (SegmentedRaftLogWorker.java:startLogSegment(380)) - 2f081810-8a16-4ad4-b1e8-4f35666036b9@group-19BEAD9E5245-SegmentedRaftLogWorker: Starting segment from index:0
2019-09-24 11:18:34,601 [8cab83c2-a74a-4ed7-b92f-ceab93cc65b5@group-19BEAD9E5245-SegmentedRaftLogWorker] INFO  segmented.SegmentedRaftLogWorker (SegmentedRaftLogWorker.java:execute(569)) - 8cab83c2-a74a-4ed7-b92f-ceab93cc65b5@group-19BEAD9E5245-SegmentedRaftLogWorker: created new log segment /workdir/hadoop-ozone/integration-test/target/test-dir/MiniOzoneClusterImpl-40187663-585e-41ed-b8bc-b85aa484b511/datanode-4/data/ratis/7495e1d3-94de-4157-8a48-19bead9e5245/current/log_inprogress_0
2019-09-24 11:18:34,664 [2f081810-8a16-4ad4-b1e8-4f35666036b9@group-19BEAD9E5245-SegmentedRaftLogWorker] INFO  segmented.SegmentedRaftLogWorker (SegmentedRaftLogWorker.java:execute(569)) - 2f081810-8a16-4ad4-b1e8-4f35666036b9@group-19BEAD9E5245-SegmentedRaftLogWorker: created new log segment /workdir/hadoop-ozone/integration-test/target/test-dir/MiniOzoneClusterImpl-40187663-585e-41ed-b8bc-b85aa484b511/datanode-3/data/ratis/7495e1d3-94de-4157-8a48-19bead9e5245/current/log_inprogress_0
2019-09-24 11:18:34,666 [96abde27-51e3-4584-b631-6c6622a6cfdc@group-19BEAD9E5245-SegmentedRaftLogWorker] INFO  segmented.SegmentedRaftLogWorker (SegmentedRaftLogWorker.java:execute(569)) - 96abde27-51e3-4584-b631-6c6622a6cfdc@group-19BEAD9E5245-SegmentedRaftLogWorker: created new log segment /workdir/hadoop-ozone/integration-test/target/test-dir/MiniOzoneClusterImpl-40187663-585e-41ed-b8bc-b85aa484b511/datanode-5/data/ratis/7495e1d3-94de-4157-8a48-19bead9e5245/current/log_inprogress_0
2019-09-24 11:18:35,209 [main] INFO  ozoneimpl.OzoneContainer (OzoneContainer.java:stop(231)) - Attempting to stop container services.
2019-09-24 11:18:35,210 [main] INFO  impl.RaftServerProxy (RaftServerProxy.java:lambda$close$4(314)) - f9d0bdbe-9579-4549-bd8e-208b1d7d3b14: close
2019-09-24 11:18:35,211 [main] INFO  impl.RaftServerImpl (RaftServerImpl.java:lambda$shutdown$3(251)) - f9d0bdbe-9579-4549-bd8e-208b1d7d3b14@group-7A478C88B470: shutdown
2019-09-24 11:18:35,211 [main] INFO  util.JmxRegister (JmxRegister.java:unregister(73)) - Successfully un-registered JMX Bean with object name Ratis:service=RaftServer,group=group-7A478C88B470,id=f9d0bdbe-9579-4549-bd8e-208b1d7d3b14
2019-09-24 11:18:35,211 [main] INFO  impl.RoleInfo (RoleInfo.java:shutdownLeaderState(104)) - f9d0bdbe-9579-4549-bd8e-208b1d7d3b14: shutdown LeaderState
2019-09-24 11:18:35,217 [main] INFO  impl.PendingRequests (PendingRequests.java:sendNotLeaderResponses(202)) - f9d0bdbe-9579-4549-bd8e-208b1d7d3b14-PendingRequests: sendNotLeaderResponses
2019-09-24 11:18:35,217 [org.apache.ratis.server.impl.LogAppender$AppenderDaemon$$Lambda$482/194299611@3d2ee6e8] WARN  server.GrpcLogAppender (GrpcLogAppender.java:mayWait(143)) - f9d0bdbe-9579-4549-bd8e-208b1d7d3b14@group-7A478C88B470->5a71a179-55eb-4892-abf8-88945be6e430-GrpcLogAppender: Wait interrupted by java.lang.InterruptedException
2019-09-24 11:18:35,217 [org.apache.ratis.server.impl.LogAppender$AppenderDaemon$$Lambda$482/194299611@6fcf1660] WARN  server.GrpcLogAppender (GrpcLogAppender.java:mayWait(143)) - f9d0bdbe-9579-4549-bd8e-208b1d7d3b14@group-7A478C88B470->c586e99e-b06a-4991-997f-73c122885b4e-GrpcLogAppender: Wait interrupted by java.lang.InterruptedException
2019-09-24 11:18:35,221 [f9d0bdbe-9579-4549-bd8e-208b1d7d3b14@group-7A478C88B470-StateMachineUpdater] INFO  ratis.ContainerStateMachine (ContainerStateMachine.java:takeSnapshot(289)) - group-7A478C88B470: Taking a snapshot at:(t:1, i:14) file /workdir/hadoop-ozone/integration-test/target/test-dir/MiniOzoneClusterImpl-40187663-585e-41ed-b8bc-b85aa484b511/datanode-0/data/ratis/fcd4619e-90cc-45f8-88d9-7a478c88b470/sm/snapshot.1_14
2019-09-24 11:18:35,221 [main] INFO  impl.StateMachineUpdater (StateMachineUpdater.java:stopAndJoin(125)) - f9d0bdbe-9579-4549-bd8e-208b1d7d3b14@group-7A478C88B470-StateMachineUpdater: set stopIndex = 15
2019-09-24 11:18:35,221 [grpc-default-executor-7] INFO  server.GrpcServerProtocolService (GrpcServerProtocolService.java:onCompleted(113)) - 5a71a179-55eb-4892-abf8-88945be6e430: Completed APPEND_ENTRIES, lastRequest: f9d0bdbe-9579-4549-bd8e-208b1d7d3b14->5a71a179-55eb-4892-abf8-88945be6e430#18-t1, previous=(t:1, i:15), leaderCommit=15, initializing? false, entries: <empty>
2019-09-24 11:18:35,221 [grpc-default-executor-4] INFO  server.GrpcServerProtocolService (GrpcServerProtocolService.java:onCompleted(113)) - c586e99e-b06a-4991-997f-73c122885b4e: Completed APPEND_ENTRIES, lastRequest: f9d0bdbe-9579-4549-bd8e-208b1d7d3b14->c586e99e-b06a-4991-997f-73c122885b4e#18-t1, previous=(t:1, i:15), leaderCommit=15, initializing? false, entries: <empty>
2019-09-24 11:18:35,222 [grpc-default-executor-4] INFO  server.GrpcLogAppender (GrpcLogAppender.java:onCompleted(293)) - f9d0bdbe-9579-4549-bd8e-208b1d7d3b14@group-7A478C88B470->c586e99e-b06a-4991-997f-73c122885b4e-AppendLogResponseHandler: follower responses appendEntries COMPLETED
2019-09-24 11:18:35,222 [grpc-default-executor-7] INFO  server.GrpcLogAppender (GrpcLogAppender.java:onCompleted(293)) - f9d0bdbe-9579-4549-bd8e-208b1d7d3b14@group-7A478C88B470->5a71a179-55eb-4892-abf8-88945be6e430-AppendLogResponseHandler: follower responses appendEntries COMPLETED
2019-09-24 11:18:35,222 [grpc-default-executor-4] INFO  impl.FollowerInfo (FollowerInfo.java:lambda$new$0(51)) - f9d0bdbe-9579-4549-bd8e-208b1d7d3b14@group-7A478C88B470->c586e99e-b06a-4991-997f-73c122885b4e: nextIndex: updateUnconditionally 16 -> 15
2019-09-24 11:18:35,223 [grpc-default-executor-7] INFO  impl.FollowerInfo (FollowerInfo.java:lambda$new$0(51)) - f9d0bdbe-9579-4549-bd8e-208b1d7d3b14@group-7A478C88B470->5a71a179-55eb-4892-abf8-88945be6e430: nextIndex: updateUnconditionally 16 -> 15
2019-09-24 11:18:35,234 [f9d0bdbe-9579-4549-bd8e-208b1d7d3b14@group-7A478C88B470-StateMachineUpdater] INFO  ratis.ContainerStateMachine (ContainerStateMachine.java:takeSnapshot(300)) - group-7A478C88B470: Finished taking a snapshot at:(t:1, i:14) file:/workdir/hadoop-ozone/integration-test/target/test-dir/MiniOzoneClusterImpl-40187663-585e-41ed-b8bc-b85aa484b511/datanode-0/data/ratis/fcd4619e-90cc-45f8-88d9-7a478c88b470/sm/snapshot.1_14 time:14
2019-09-24 11:18:35,234 [f9d0bdbe-9579-4549-bd8e-208b1d7d3b14@group-7A478C88B470-StateMachineUpdater] INFO  impl.StateMachineUpdater (StateMachineUpdater.java:takeSnapshot(258)) - f9d0bdbe-9579-4549-bd8e-208b1d7d3b14@group-7A478C88B470-StateMachineUpdater: Took a snapshot at index 14
2019-09-24 11:18:35,234 [f9d0bdbe-9579-4549-bd8e-208b1d7d3b14@group-7A478C88B470-StateMachineUpdater] INFO  impl.StateMachineUpdater (StateMachineUpdater.java:lambda$new$0(83)) - f9d0bdbe-9579-4549-bd8e-208b1d7d3b14@group-7A478C88B470-StateMachineUpdater: snapshotIndex: updateIncreasingly -1 -> 14
2019-09-24 11:18:35,234 [f9d0bdbe-9579-4549-bd8e-208b1d7d3b14@group-7A478C88B470-StateMachineUpdater] INFO  ratis.ContainerStateMachine (ContainerStateMachine.java:takeSnapshot(289)) - group-7A478C88B470: Taking a snapshot at:(t:1, i:14) file /workdir/hadoop-ozone/integration-test/target/test-dir/MiniOzoneClusterImpl-40187663-585e-41ed-b8bc-b85aa484b511/datanode-0/data/ratis/fcd4619e-90cc-45f8-88d9-7a478c88b470/sm/snapshot.1_14
2019-09-24 11:18:35,243 [f9d0bdbe-9579-4549-bd8e-208b1d7d3b14@group-7A478C88B470-StateMachineUpdater] INFO  ratis.ContainerStateMachine (ContainerStateMachine.java:takeSnapshot(300)) - group-7A478C88B470: Finished taking a snapshot at:(t:1, i:14) file:/workdir/hadoop-ozone/integration-test/target/test-dir/MiniOzoneClusterImpl-40187663-585e-41ed-b8bc-b85aa484b511/datanode-0/data/ratis/fcd4619e-90cc-45f8-88d9-7a478c88b470/sm/snapshot.1_14 time:9
2019-09-24 11:18:35,244 [f9d0bdbe-9579-4549-bd8e-208b1d7d3b14@group-7A478C88B470-StateMachineUpdater] INFO  impl.StateMachineUpdater (StateMachineUpdater.java:takeSnapshot(258)) - f9d0bdbe-9579-4549-bd8e-208b1d7d3b14@group-7A478C88B470-StateMachineUpdater: Took a snapshot at index 14
2019-09-24 11:18:35,244 [f9d0bdbe-9579-4549-bd8e-208b1d7d3b14@group-7A478C88B470-StateMachineUpdater] INFO  impl.StateMachineUpdater (StateMachineUpdater.java:lambda$new$0(83)) - f9d0bdbe-9579-4549-bd8e-208b1d7d3b14@group-7A478C88B470-StateMachineUpdater: snapshotIndex: updateIncreasingly 14 -> 14
2019-09-24 11:18:35,244 [main] INFO  impl.RaftServerImpl (ServerState.java:close(385)) - f9d0bdbe-9579-4549-bd8e-208b1d7d3b14@group-7A478C88B470: closes. applyIndex: 15
2019-09-24 11:18:35,244 [f9d0bdbe-9579-4549-bd8e-208b1d7d3b14@group-7A478C88B470-SegmentedRaftLogWorker] INFO  segmented.SegmentedRaftLogWorker (SegmentedRaftLogWorker.java:run(313)) - f9d0bdbe-9579-4549-bd8e-208b1d7d3b14@group-7A478C88B470-SegmentedRaftLogWorker was interrupted, exiting. There are 0 tasks remaining in the queue.
2019-09-24 11:18:35,247 [main] INFO  segmented.SegmentedRaftLogWorker (SegmentedRaftLogWorker.java:close(228)) - f9d0bdbe-9579-4549-bd8e-208b1d7d3b14@group-7A478C88B470-SegmentedRaftLogWorker close()
2019-09-24 11:18:35,250 [main] INFO  impl.RaftServerImpl (RaftServerImpl.java:lambda$shutdown$3(251)) - f9d0bdbe-9579-4549-bd8e-208b1d7d3b14@group-5B8A6A6293B6: shutdown
2019-09-24 11:18:35,250 [main] INFO  util.JmxRegister (JmxRegister.java:unregister(73)) - Successfully un-registered JMX Bean with object name Ratis:service=RaftServer,group=group-5B8A6A6293B6,id=f9d0bdbe-9579-4549-bd8e-208b1d7d3b14
2019-09-24 11:18:35,251 [main] INFO  impl.RoleInfo (RoleInfo.java:shutdownLeaderState(104)) - f9d0bdbe-9579-4549-bd8e-208b1d7d3b14: shutdown LeaderState
2019-09-24 11:18:35,251 [main] INFO  impl.PendingRequests (PendingRequests.java:sendNotLeaderResponses(202)) - f9d0bdbe-9579-4549-bd8e-208b1d7d3b14-PendingRequests: sendNotLeaderResponses
2019-09-24 11:18:35,252 [main] INFO  impl.StateMachineUpdater (StateMachineUpdater.java:stopAndJoin(125)) - f9d0bdbe-9579-4549-bd8e-208b1d7d3b14@group-5B8A6A6293B6-StateMachineUpdater: set stopIndex = 0
2019-09-24 11:18:35,252 [main] INFO  impl.RaftServerImpl (ServerState.java:close(385)) - f9d0bdbe-9579-4549-bd8e-208b1d7d3b14@group-5B8A6A6293B6: closes. applyIndex: 0
2019-09-24 11:18:35,252 [f9d0bdbe-9579-4549-bd8e-208b1d7d3b14@group-5B8A6A6293B6-SegmentedRaftLogWorker] INFO  segmented.SegmentedRaftLogWorker (SegmentedRaftLogWorker.java:run(313)) - f9d0bdbe-9579-4549-bd8e-208b1d7d3b14@group-5B8A6A6293B6-SegmentedRaftLogWorker was interrupted, exiting. There are 0 tasks remaining in the queue.
2019-09-24 11:18:35,255 [main] INFO  segmented.SegmentedRaftLogWorker (SegmentedRaftLogWorker.java:close(228)) - f9d0bdbe-9579-4549-bd8e-208b1d7d3b14@group-5B8A6A6293B6-SegmentedRaftLogWorker close()
2019-09-24 11:18:35,259 [main] INFO  server.GrpcService (GrpcService.java:closeImpl(164)) - f9d0bdbe-9579-4549-bd8e-208b1d7d3b14: shutdown server with port 43008 now
2019-09-24 11:18:35,259 [grpc-default-executor-4] WARN  client.GrpcClientProtocolService (LogUtils.java:warn(134)) - 3-UnorderedRequestStreamObserver3: onError: org.apache.ratis.thirdparty.io.grpc.StatusRuntimeException: CANCELLED: cancelled before receiving half close
2019-09-24 11:18:35,259 [main] INFO  server.GrpcService (GrpcService.java:closeImpl(172)) - f9d0bdbe-9579-4549-bd8e-208b1d7d3b14: shutdown server with port 43008 successfully
2019-09-24 11:18:35,261 [refreshUsed-/workdir/hadoop-ozone/integration-test/target/test-dir/MiniOzoneClusterImpl-40187663-585e-41ed-b8bc-b85aa484b511/datanode-0/data/containers] WARN  fs.CachingGetSpaceUsed (CachingGetSpaceUsed.java:run(183)) - Thread Interrupted waiting to refresh disk information: sleep interrupted
2019-09-24 11:18:35,278 [main] INFO  utils.BackgroundService (BackgroundService.java:shutdown(148)) - Shutting down service BlockDeletingService
2019-09-24 11:18:35,284 [main] INFO  statemachine.DatanodeStateMachine (DatanodeStateMachine.java:stopDaemon(395)) - Ozone container server stopped.
2019-09-24 11:18:35,285 [main] INFO  handler.ContextHandler (ContextHandler.java:doStop(910)) - Stopped o.e.j.w.WebAppContext@3a0b6a{/,null,UNAVAILABLE}{/hddsDatanode}
2019-09-24 11:18:35,286 [main] INFO  server.AbstractConnector (AbstractConnector.java:doStop(318)) - Stopped ServerConnector@539c4830{HTTP/1.1,[http/1.1]}{0.0.0.0:0}
2019-09-24 11:18:35,286 [main] INFO  handler.ContextHandler (ContextHandler.java:doStop(910)) - Stopped o.e.j.s.ServletContextHandler@27ec8754{/static,jar:file:/home/user/.m2/repository/org/apache/hadoop/hadoop-hdds-container-service/0.5.0-SNAPSHOT/hadoop-hdds-container-service-0.5.0-SNAPSHOT.jar!/webapps/static,UNAVAILABLE}
2019-09-24 11:18:35,286 [main] INFO  handler.ContextHandler (ContextHandler.java:doStop(910)) - Stopped o.e.j.s.ServletContextHandler@546ed2a0{/logs,file:///workdir/hadoop-ozone/integration-test/target/log,UNAVAILABLE}
2019-09-24 11:18:44,197 [Thread-3112] INFO  impl.FollowerState (FollowerState.java:run(106)) - c586e99e-b06a-4991-997f-73c122885b4e:group-7A478C88B470 changes to CANDIDATE, lastRpcTime:9123, electionTimeout:5011ms
2019-09-24 11:18:44,198 [Thread-3112] INFO  impl.RoleInfo (RoleInfo.java:shutdownFollowerState(121)) - c586e99e-b06a-4991-997f-73c122885b4e: shutdown FollowerState
2019-09-24 11:18:44,198 [Thread-3112] INFO  impl.RaftServerImpl (RaftServerImpl.java:setRole(174)) - c586e99e-b06a-4991-997f-73c122885b4e@group-7A478C88B470: changes role from  FOLLOWER to CANDIDATE at term 1 for changeToCandidate
2019-09-24 11:18:44,198 [Thread-3112] INFO  impl.RoleInfo (RoleInfo.java:updateAndGet(143)) - c586e99e-b06a-4991-997f-73c122885b4e: start LeaderElection
2019-09-24 11:18:44,198 [c586e99e-b06a-4991-997f-73c122885b4e@group-7A478C88B470:LeaderElection76] INFO  impl.RaftServerImpl (ServerState.java:setLeader(253)) - c586e99e-b06a-4991-997f-73c122885b4e@group-7A478C88B470: change Leader from f9d0bdbe-9579-4549-bd8e-208b1d7d3b14 to null at term 1 for initElection
2019-09-24 11:18:44,225 [c586e99e-b06a-4991-997f-73c122885b4e@group-7A478C88B470:LeaderElection76] INFO  impl.LeaderElection (LeaderElection.java:askForVotes(182)) - c586e99e-b06a-4991-997f-73c122885b4e@group-7A478C88B470:LeaderElection76: begin an election at term 2 for 0: [f9d0bdbe-9579-4549-bd8e-208b1d7d3b14:192.168.5.168:43008, 5a71a179-55eb-4892-abf8-88945be6e430:192.168.5.168:41133, c586e99e-b06a-4991-997f-73c122885b4e:192.168.5.168:38869], old=null
2019-09-24 11:18:44,227 [c586e99e-b06a-4991-997f-73c122885b4e@group-7A478C88B470:LeaderElection76] INFO  impl.LeaderElection (LogUtils.java:infoOrTrace(149)) - c586e99e-b06a-4991-997f-73c122885b4e@group-7A478C88B470:LeaderElection76 got exception when requesting votes: {}
java.util.concurrent.ExecutionException: org.apache.ratis.thirdparty.io.grpc.StatusRuntimeException: UNAVAILABLE: io exception
	at java.util.concurrent.FutureTask.report(FutureTask.java:122)
	at java.util.concurrent.FutureTask.get(FutureTask.java:192)
	at org.apache.ratis.server.impl.LeaderElection.waitForResults(LeaderElection.java:263)
	at org.apache.ratis.server.impl.LeaderElection.askForVotes(LeaderElection.java:201)
	at org.apache.ratis.server.impl.LeaderElection.run(LeaderElection.java:133)
	at java.lang.Thread.run(Thread.java:748)
Caused by: org.apache.ratis.thirdparty.io.grpc.StatusRuntimeException: UNAVAILABLE: io exception
	at org.apache.ratis.thirdparty.io.grpc.stub.ClientCalls.toStatusRuntimeException(ClientCalls.java:233)
	at org.apache.ratis.thirdparty.io.grpc.stub.ClientCalls.getUnchecked(ClientCalls.java:214)
	at org.apache.ratis.thirdparty.io.grpc.stub.ClientCalls.blockingUnaryCall(ClientCalls.java:139)
	at org.apache.ratis.proto.grpc.RaftServerProtocolServiceGrpc$RaftServerProtocolServiceBlockingStub.requestVote(RaftServerProtocolServiceGrpc.java:265)
	at org.apache.ratis.grpc.server.GrpcServerProtocolClient.requestVote(GrpcServerProtocolClient.java:90)
	at org.apache.ratis.grpc.server.GrpcService.requestVote(GrpcService.java:204)
	at org.apache.ratis.server.impl.LeaderElection.lambda$submitRequests$1(LeaderElection.java:238)
	at java.util.concurrent.FutureTask.run(FutureTask.java:266)
	at java.util.concurrent.Executors$RunnableAdapter.call(Executors.java:511)
	at java.util.concurrent.FutureTask.run(FutureTask.java:266)
	at java.util.concurrent.ThreadPoolExecutor.runWorker(ThreadPoolExecutor.java:1149)
	at java.util.concurrent.ThreadPoolExecutor$Worker.run(ThreadPoolExecutor.java:624)
	... 1 more
Caused by: org.apache.ratis.thirdparty.io.netty.channel.AbstractChannel$AnnotatedConnectException: Connection refused: /192.168.5.168:43008
	at sun.nio.ch.SocketChannelImpl.checkConnect(Native Method)
	at sun.nio.ch.SocketChannelImpl.finishConnect(SocketChannelImpl.java:717)
	at org.apache.ratis.thirdparty.io.netty.channel.socket.nio.NioSocketChannel.doFinishConnect(NioSocketChannel.java:327)
	at org.apache.ratis.thirdparty.io.netty.channel.nio.AbstractNioChannel$AbstractNioUnsafe.finishConnect(AbstractNioChannel.java:340)
	at org.apache.ratis.thirdparty.io.netty.channel.nio.NioEventLoop.processSelectedKey(NioEventLoop.java:632)
	at org.apache.ratis.thirdparty.io.netty.channel.nio.NioEventLoop.processSelectedKeysOptimized(NioEventLoop.java:579)
	at org.apache.ratis.thirdparty.io.netty.channel.nio.NioEventLoop.processSelectedKeys(NioEventLoop.java:496)
	at org.apache.ratis.thirdparty.io.netty.channel.nio.NioEventLoop.run(NioEventLoop.java:458)
	at org.apache.ratis.thirdparty.io.netty.util.concurrent.SingleThreadEventExecutor$5.run(SingleThreadEventExecutor.java:897)
	at org.apache.ratis.thirdparty.io.netty.util.concurrent.FastThreadLocalRunnable.run(FastThreadLocalRunnable.java:30)
	... 1 more
Caused by: java.net.ConnectException: Connection refused
	... 11 more
2019-09-24 11:18:44,230 [grpc-default-executor-9] INFO  impl.RaftServerImpl (ServerState.java:setLeader(253)) - 5a71a179-55eb-4892-abf8-88945be6e430@group-7A478C88B470: change Leader from f9d0bdbe-9579-4549-bd8e-208b1d7d3b14 to null at term 2 for updateCurrentTerm
2019-09-24 11:18:44,230 [grpc-default-executor-9] INFO  impl.RaftServerImpl (RaftServerImpl.java:setRole(174)) - 5a71a179-55eb-4892-abf8-88945be6e430@group-7A478C88B470: changes role from  FOLLOWER to FOLLOWER at term 2 for recognizeCandidate:c586e99e-b06a-4991-997f-73c122885b4e
2019-09-24 11:18:44,230 [grpc-default-executor-9] INFO  impl.RoleInfo (RoleInfo.java:shutdownFollowerState(121)) - 5a71a179-55eb-4892-abf8-88945be6e430: shutdown FollowerState
2019-09-24 11:18:44,231 [grpc-default-executor-9] INFO  impl.RoleInfo (RoleInfo.java:updateAndGet(143)) - 5a71a179-55eb-4892-abf8-88945be6e430: start FollowerState
2019-09-24 11:18:44,231 [Thread-3113] INFO  impl.FollowerState (FollowerState.java:run(115)) - 5a71a179-55eb-4892-abf8-88945be6e430: FollowerState was interrupted: java.lang.InterruptedException: sleep interrupted
2019-09-24 11:18:44,250 [c586e99e-b06a-4991-997f-73c122885b4e@group-7A478C88B470:LeaderElection76] INFO  impl.LeaderElection (LeaderElection.java:logAndReturn(56)) - c586e99e-b06a-4991-997f-73c122885b4e@group-7A478C88B470:LeaderElection76: Election PASSED; received 1 response(s) [c586e99e-b06a-4991-997f-73c122885b4e<-5a71a179-55eb-4892-abf8-88945be6e430#0:OK-t2] and 1 exception(s); c586e99e-b06a-4991-997f-73c122885b4e@group-7A478C88B470:t2, leader=null, voted=c586e99e-b06a-4991-997f-73c122885b4e, raftlog=c586e99e-b06a-4991-997f-73c122885b4e@group-7A478C88B470-SegmentedRaftLog:OPENED:c15,f15,i15, conf=0: [f9d0bdbe-9579-4549-bd8e-208b1d7d3b14:192.168.5.168:43008, 5a71a179-55eb-4892-abf8-88945be6e430:192.168.5.168:41133, c586e99e-b06a-4991-997f-73c122885b4e:192.168.5.168:38869], old=null
2019-09-24 11:18:44,250 [c586e99e-b06a-4991-997f-73c122885b4e@group-7A478C88B470:LeaderElection76] INFO  impl.LeaderElection (LogUtils.java:infoOrTrace(149)) -   Exception 0: {}
java.util.concurrent.ExecutionException: org.apache.ratis.thirdparty.io.grpc.StatusRuntimeException: UNAVAILABLE: io exception
	at java.util.concurrent.FutureTask.report(FutureTask.java:122)
	at java.util.concurrent.FutureTask.get(FutureTask.java:192)
	at org.apache.ratis.server.impl.LeaderElection.waitForResults(LeaderElection.java:263)
	at org.apache.ratis.server.impl.LeaderElection.askForVotes(LeaderElection.java:201)
	at org.apache.ratis.server.impl.LeaderElection.run(LeaderElection.java:133)
	at java.lang.Thread.run(Thread.java:748)
Caused by: org.apache.ratis.thirdparty.io.grpc.StatusRuntimeException: UNAVAILABLE: io exception
	at org.apache.ratis.thirdparty.io.grpc.stub.ClientCalls.toStatusRuntimeException(ClientCalls.java:233)
	at org.apache.ratis.thirdparty.io.grpc.stub.ClientCalls.getUnchecked(ClientCalls.java:214)
	at org.apache.ratis.thirdparty.io.grpc.stub.ClientCalls.blockingUnaryCall(ClientCalls.java:139)
	at org.apache.ratis.proto.grpc.RaftServerProtocolServiceGrpc$RaftServerProtocolServiceBlockingStub.requestVote(RaftServerProtocolServiceGrpc.java:265)
	at org.apache.ratis.grpc.server.GrpcServerProtocolClient.requestVote(GrpcServerProtocolClient.java:90)
	at org.apache.ratis.grpc.server.GrpcService.requestVote(GrpcService.java:204)
	at org.apache.ratis.server.impl.LeaderElection.lambda$submitRequests$1(LeaderElection.java:238)
	at java.util.concurrent.FutureTask.run(FutureTask.java:266)
	at java.util.concurrent.Executors$RunnableAdapter.call(Executors.java:511)
	at java.util.concurrent.FutureTask.run(FutureTask.java:266)
	at java.util.concurrent.ThreadPoolExecutor.runWorker(ThreadPoolExecutor.java:1149)
	at java.util.concurrent.ThreadPoolExecutor$Worker.run(ThreadPoolExecutor.java:624)
	... 1 more
Caused by: org.apache.ratis.thirdparty.io.netty.channel.AbstractChannel$AnnotatedConnectException: Connection refused: /192.168.5.168:43008
	at sun.nio.ch.SocketChannelImpl.checkConnect(Native Method)
	at sun.nio.ch.SocketChannelImpl.finishConnect(SocketChannelImpl.java:717)
	at org.apache.ratis.thirdparty.io.netty.channel.socket.nio.NioSocketChannel.doFinishConnect(NioSocketChannel.java:327)
	at org.apache.ratis.thirdparty.io.netty.channel.nio.AbstractNioChannel$AbstractNioUnsafe.finishConnect(AbstractNioChannel.java:340)
	at org.apache.ratis.thirdparty.io.netty.channel.nio.NioEventLoop.processSelectedKey(NioEventLoop.java:632)
	at org.apache.ratis.thirdparty.io.netty.channel.nio.NioEventLoop.processSelectedKeysOptimized(NioEventLoop.java:579)
	at org.apache.ratis.thirdparty.io.netty.channel.nio.NioEventLoop.processSelectedKeys(NioEventLoop.java:496)
	at org.apache.ratis.thirdparty.io.netty.channel.nio.NioEventLoop.run(NioEventLoop.java:458)
	at org.apache.ratis.thirdparty.io.netty.util.concurrent.SingleThreadEventExecutor$5.run(SingleThreadEventExecutor.java:897)
	at org.apache.ratis.thirdparty.io.netty.util.concurrent.FastThreadLocalRunnable.run(FastThreadLocalRunnable.java:30)
	... 1 more
Caused by: java.net.ConnectException: Connection refused
	... 11 more
2019-09-24 11:18:44,251 [c586e99e-b06a-4991-997f-73c122885b4e@group-7A478C88B470:LeaderElection76] INFO  impl.RoleInfo (RoleInfo.java:shutdownLeaderElection(134)) - c586e99e-b06a-4991-997f-73c122885b4e: shutdown LeaderElection
2019-09-24 11:18:44,251 [c586e99e-b06a-4991-997f-73c122885b4e@group-7A478C88B470:LeaderElection76] INFO  impl.RaftServerImpl (RaftServerImpl.java:setRole(174)) - c586e99e-b06a-4991-997f-73c122885b4e@group-7A478C88B470: changes role from CANDIDATE to LEADER at term 2 for changeToLeader
2019-09-24 11:18:44,251 [c586e99e-b06a-4991-997f-73c122885b4e@group-7A478C88B470:LeaderElection76] INFO  impl.RaftServerImpl (ServerState.java:setLeader(253)) - c586e99e-b06a-4991-997f-73c122885b4e@group-7A478C88B470: change Leader from null to c586e99e-b06a-4991-997f-73c122885b4e at term 2 for becomeLeader, leader elected after 52ms
2019-09-24 11:18:44,251 [c586e99e-b06a-4991-997f-73c122885b4e@group-7A478C88B470:LeaderElection76] INFO  server.RaftServerConfigKeys (ConfUtils.java:logGet(43)) - raft.server.staging.catchup.gap = 1000 (default)
2019-09-24 11:18:44,252 [c586e99e-b06a-4991-997f-73c122885b4e@group-7A478C88B470:LeaderElection76] INFO  server.RaftServerConfigKeys (ConfUtils.java:logGet(43)) - raft.server.rpc.sleep.time = 25ms (default)
2019-09-24 11:18:44,252 [c586e99e-b06a-4991-997f-73c122885b4e@group-7A478C88B470:LeaderElection76] INFO  server.RaftServerConfigKeys (ConfUtils.java:logGet(43)) - raft.server.write.element-limit = 4096 (default)
2019-09-24 11:18:44,252 [c586e99e-b06a-4991-997f-73c122885b4e@group-7A478C88B470:LeaderElection76] INFO  server.RaftServerConfigKeys (ConfUtils.java:logGet(43)) - raft.server.watch.timeout = 10s (default)
2019-09-24 11:18:44,252 [c586e99e-b06a-4991-997f-73c122885b4e@group-7A478C88B470:LeaderElection76] INFO  server.RaftServerConfigKeys (ConfUtils.java:logGet(43)) - raft.server.watch.timeout.denomination = 1s (default)
2019-09-24 11:18:44,253 [c586e99e-b06a-4991-997f-73c122885b4e@group-7A478C88B470:LeaderElection76] INFO  server.RaftServerConfigKeys (ConfUtils.java:logGet(43)) - raft.server.watch.element-limit = 65536 (default)
2019-09-24 11:18:44,255 [c586e99e-b06a-4991-997f-73c122885b4e@group-7A478C88B470:LeaderElection76] INFO  server.RaftServerConfigKeys (ConfUtils.java:logGet(43)) - raft.server.log.appender.snapshot.chunk.size.max = 16MB (=16777216) (default)
2019-09-24 11:18:44,256 [c586e99e-b06a-4991-997f-73c122885b4e@group-7A478C88B470:LeaderElection76] INFO  server.RaftServerConfigKeys (ConfUtils.java:logGet(43)) - raft.server.log.appender.buffer.byte-limit = 33554432 (custom)
2019-09-24 11:18:44,256 [c586e99e-b06a-4991-997f-73c122885b4e@group-7A478C88B470:LeaderElection76] INFO  server.RaftServerConfigKeys (ConfUtils.java:logGet(43)) - raft.server.log.appender.buffer.element-limit = 1 (custom)
2019-09-24 11:18:44,256 [c586e99e-b06a-4991-997f-73c122885b4e@group-7A478C88B470:LeaderElection76] INFO  grpc.GrpcConfigKeys$Server (ConfUtils.java:logGet(43)) - raft.grpc.server.leader.outstanding.appends.max = 128 (default)
2019-09-24 11:18:44,256 [c586e99e-b06a-4991-997f-73c122885b4e@group-7A478C88B470:LeaderElection76] INFO  server.RaftServerConfigKeys (ConfUtils.java:logGet(43)) - raft.server.rpc.request.timeout = 3000ms (default)
2019-09-24 11:18:44,257 [c586e99e-b06a-4991-997f-73c122885b4e@group-7A478C88B470:LeaderElection76] INFO  server.RaftServerConfigKeys (ConfUtils.java:logGet(43)) - raft.server.log.appender.install.snapshot.enabled = false (custom)
2019-09-24 11:18:44,257 [c586e99e-b06a-4991-997f-73c122885b4e@group-7A478C88B470:LeaderElection76] INFO  server.RaftServerConfigKeys (ConfUtils.java:logGet(43)) - raft.server.log.appender.snapshot.chunk.size.max = 16MB (=16777216) (default)
2019-09-24 11:18:44,257 [c586e99e-b06a-4991-997f-73c122885b4e@group-7A478C88B470:LeaderElection76] INFO  server.RaftServerConfigKeys (ConfUtils.java:logGet(43)) - raft.server.log.appender.buffer.byte-limit = 33554432 (custom)
2019-09-24 11:18:44,257 [c586e99e-b06a-4991-997f-73c122885b4e@group-7A478C88B470:LeaderElection76] INFO  server.RaftServerConfigKeys (ConfUtils.java:logGet(43)) - raft.server.log.appender.buffer.element-limit = 1 (custom)
2019-09-24 11:18:44,257 [c586e99e-b06a-4991-997f-73c122885b4e@group-7A478C88B470:LeaderElection76] INFO  grpc.GrpcConfigKeys$Server (ConfUtils.java:logGet(43)) - raft.grpc.server.leader.outstanding.appends.max = 128 (default)
2019-09-24 11:18:44,257 [c586e99e-b06a-4991-997f-73c122885b4e@group-7A478C88B470:LeaderElection76] INFO  server.RaftServerConfigKeys (ConfUtils.java:logGet(43)) - raft.server.rpc.request.timeout = 3000ms (default)
2019-09-24 11:18:44,258 [c586e99e-b06a-4991-997f-73c122885b4e@group-7A478C88B470:LeaderElection76] INFO  server.RaftServerConfigKeys (ConfUtils.java:logGet(43)) - raft.server.log.appender.install.snapshot.enabled = false (custom)
2019-09-24 11:18:44,258 [c586e99e-b06a-4991-997f-73c122885b4e@group-7A478C88B470:LeaderElection76] INFO  impl.RoleInfo (RoleInfo.java:updateAndGet(143)) - c586e99e-b06a-4991-997f-73c122885b4e: start LeaderState
2019-09-24 11:18:44,259 [c586e99e-b06a-4991-997f-73c122885b4e@group-7A478C88B470:LeaderElection76] INFO  segmented.SegmentedRaftLogWorker (SegmentedRaftLogWorker.java:rollLogSegment(385)) - c586e99e-b06a-4991-997f-73c122885b4e@group-7A478C88B470-SegmentedRaftLogWorker: Rolling segment log-0_15 to index:15
2019-09-24 11:18:44,260 [c586e99e-b06a-4991-997f-73c122885b4e@group-7A478C88B470:LeaderElection76] INFO  impl.RaftServerImpl (ServerState.java:setRaftConf(354)) - c586e99e-b06a-4991-997f-73c122885b4e@group-7A478C88B470: set configuration 16: [f9d0bdbe-9579-4549-bd8e-208b1d7d3b14:192.168.5.168:43008, 5a71a179-55eb-4892-abf8-88945be6e430:192.168.5.168:41133, c586e99e-b06a-4991-997f-73c122885b4e:192.168.5.168:38869], old=null at 16
2019-09-24 11:18:44,260 [c586e99e-b06a-4991-997f-73c122885b4e@group-7A478C88B470-SegmentedRaftLogWorker] INFO  segmented.SegmentedRaftLogWorker (SegmentedRaftLogWorker.java:execute(526)) - c586e99e-b06a-4991-997f-73c122885b4e@group-7A478C88B470-SegmentedRaftLogWorker: Rolled log segment from /workdir/hadoop-ozone/integration-test/target/test-dir/MiniOzoneClusterImpl-40187663-585e-41ed-b8bc-b85aa484b511/datanode-1/data/ratis/fcd4619e-90cc-45f8-88d9-7a478c88b470/current/log_inprogress_0 to /workdir/hadoop-ozone/integration-test/target/test-dir/MiniOzoneClusterImpl-40187663-585e-41ed-b8bc-b85aa484b511/datanode-1/data/ratis/fcd4619e-90cc-45f8-88d9-7a478c88b470/current/log_0-15
2019-09-24 11:18:44,263 [grpc-default-executor-9] WARN  server.GrpcLogAppender (LogUtils.java:warn(134)) - c586e99e-b06a-4991-997f-73c122885b4e@group-7A478C88B470->f9d0bdbe-9579-4549-bd8e-208b1d7d3b14-AppendLogResponseHandler: Failed appendEntries: org.apache.ratis.thirdparty.io.grpc.StatusRuntimeException: UNAVAILABLE: io exception
2019-09-24 11:18:44,263 [grpc-default-executor-7] INFO  impl.RaftServerImpl (ServerState.java:setLeader(253)) - 5a71a179-55eb-4892-abf8-88945be6e430@group-7A478C88B470: change Leader from null to c586e99e-b06a-4991-997f-73c122885b4e at term 2 for appendEntries, leader elected after 33ms
2019-09-24 11:18:44,263 [grpc-default-executor-9] INFO  impl.FollowerInfo (FollowerInfo.java:lambda$new$0(51)) - c586e99e-b06a-4991-997f-73c122885b4e@group-7A478C88B470->f9d0bdbe-9579-4549-bd8e-208b1d7d3b14: nextIndex: updateUnconditionally 16 -> 1
2019-09-24 11:18:44,295 [grpc-default-executor-7] INFO  impl.RaftServerImpl (ServerState.java:setRaftConf(354)) - 5a71a179-55eb-4892-abf8-88945be6e430@group-7A478C88B470: set configuration 16: [f9d0bdbe-9579-4549-bd8e-208b1d7d3b14:192.168.5.168:43008, 5a71a179-55eb-4892-abf8-88945be6e430:192.168.5.168:41133, c586e99e-b06a-4991-997f-73c122885b4e:192.168.5.168:38869], old=null at 16
2019-09-24 11:18:44,296 [grpc-default-executor-7] INFO  segmented.SegmentedRaftLogWorker (SegmentedRaftLogWorker.java:rollLogSegment(385)) - 5a71a179-55eb-4892-abf8-88945be6e430@group-7A478C88B470-SegmentedRaftLogWorker: Rolling segment log-0_15 to index:15
2019-09-24 11:18:44,296 [5a71a179-55eb-4892-abf8-88945be6e430@group-7A478C88B470-SegmentedRaftLogWorker] INFO  segmented.SegmentedRaftLogWorker (SegmentedRaftLogWorker.java:execute(526)) - 5a71a179-55eb-4892-abf8-88945be6e430@group-7A478C88B470-SegmentedRaftLogWorker: Rolled log segment from /workdir/hadoop-ozone/integration-test/target/test-dir/MiniOzoneClusterImpl-40187663-585e-41ed-b8bc-b85aa484b511/datanode-2/data/ratis/fcd4619e-90cc-45f8-88d9-7a478c88b470/current/log_inprogress_0 to /workdir/hadoop-ozone/integration-test/target/test-dir/MiniOzoneClusterImpl-40187663-585e-41ed-b8bc-b85aa484b511/datanode-2/data/ratis/fcd4619e-90cc-45f8-88d9-7a478c88b470/current/log_0-15
2019-09-24 11:18:44,325 [c586e99e-b06a-4991-997f-73c122885b4e@group-7A478C88B470-SegmentedRaftLogWorker] INFO  segmented.SegmentedRaftLogWorker (SegmentedRaftLogWorker.java:execute(569)) - c586e99e-b06a-4991-997f-73c122885b4e@group-7A478C88B470-SegmentedRaftLogWorker: created new log segment /workdir/hadoop-ozone/integration-test/target/test-dir/MiniOzoneClusterImpl-40187663-585e-41ed-b8bc-b85aa484b511/datanode-1/data/ratis/fcd4619e-90cc-45f8-88d9-7a478c88b470/current/log_inprogress_16
2019-09-24 11:18:44,328 [5a71a179-55eb-4892-abf8-88945be6e430@group-7A478C88B470-SegmentedRaftLogWorker] INFO  segmented.SegmentedRaftLogWorker (SegmentedRaftLogWorker.java:execute(569)) - 5a71a179-55eb-4892-abf8-88945be6e430@group-7A478C88B470-SegmentedRaftLogWorker: created new log segment /workdir/hadoop-ozone/integration-test/target/test-dir/MiniOzoneClusterImpl-40187663-585e-41ed-b8bc-b85aa484b511/datanode-2/data/ratis/fcd4619e-90cc-45f8-88d9-7a478c88b470/current/log_inprogress_16
2019-09-24 11:18:44,348 [grpc-default-executor-7] WARN  server.GrpcLogAppender (LogUtils.java:warn(134)) - c586e99e-b06a-4991-997f-73c122885b4e@group-7A478C88B470->f9d0bdbe-9579-4549-bd8e-208b1d7d3b14-AppendLogResponseHandler: Failed appendEntries: org.apache.ratis.thirdparty.io.grpc.StatusRuntimeException: UNAVAILABLE: io exception
2019-09-24 11:18:44,348 [grpc-default-executor-7] INFO  impl.FollowerInfo (FollowerInfo.java:lambda$new$0(51)) - c586e99e-b06a-4991-997f-73c122885b4e@group-7A478C88B470->f9d0bdbe-9579-4549-bd8e-208b1d7d3b14: nextIndex: updateUnconditionally 2 -> 1
2019-09-24 11:18:44,358 [grpc-default-executor-4] WARN  server.GrpcLogAppender (LogUtils.java:warn(134)) - c586e99e-b06a-4991-997f-73c122885b4e@group-7A478C88B470->f9d0bdbe-9579-4549-bd8e-208b1d7d3b14-AppendLogResponseHandler: Failed appendEntries: org.apache.ratis.thirdparty.io.grpc.StatusRuntimeException: UNAVAILABLE: io exception
2019-09-24 11:18:44,358 [grpc-default-executor-4] INFO  impl.FollowerInfo (FollowerInfo.java:lambda$new$0(51)) - c586e99e-b06a-4991-997f-73c122885b4e@group-7A478C88B470->f9d0bdbe-9579-4549-bd8e-208b1d7d3b14: nextIndex: updateUnconditionally 2 -> 1
11:18:44.422 [grpc-default-executor-4] ERROR DNAudit - user=null | ip=null | op=WRITE_CHUNK {blockData=conID: 1 locID: 102847211456102413 bcsId: 14} | ret=FAILURE
org.apache.hadoop.hdds.scm.container.common.helpers.ContainerNotOpenException: Container 1 in CLOSING state
	at org.apache.hadoop.ozone.container.common.impl.HddsDispatcher.validateContainerCommand(HddsDispatcher.java:434) ~[hadoop-hdds-container-service-0.5.0-SNAPSHOT.jar:?]
	at org.apache.hadoop.ozone.container.common.transport.server.ratis.ContainerStateMachine.startTransaction(ContainerStateMachine.java:315) ~[hadoop-hdds-container-service-0.5.0-SNAPSHOT.jar:?]
	at org.apache.ratis.server.impl.RaftServerImpl.submitClientRequestAsync(RaftServerImpl.java:573) ~[ratis-server-0.4.0.jar:0.4.0]
	at org.apache.ratis.server.impl.RaftServerProxy.lambda$submitClientRequestAsync$7(RaftServerProxy.java:333) ~[ratis-server-0.4.0.jar:0.4.0]
	at org.apache.ratis.server.impl.RaftServerProxy.lambda$null$5(RaftServerProxy.java:328) ~[ratis-server-0.4.0.jar:0.4.0]
	at org.apache.ratis.util.JavaUtils.callAsUnchecked(JavaUtils.java:109) ~[ratis-common-0.4.0.jar:0.4.0]
	at org.apache.ratis.server.impl.RaftServerProxy.lambda$submitRequest$6(RaftServerProxy.java:328) ~[ratis-server-0.4.0.jar:0.4.0]
	at java.util.concurrent.CompletableFuture.uniComposeStage(CompletableFuture.java:981) ~[?:1.8.0_212]
	at java.util.concurrent.CompletableFuture.thenCompose(CompletableFuture.java:2124) ~[?:1.8.0_212]
	at org.apache.ratis.server.impl.RaftServerProxy.submitRequest(RaftServerProxy.java:327) ~[ratis-server-0.4.0.jar:0.4.0]
	at org.apache.ratis.server.impl.RaftServerProxy.submitClientRequestAsync(RaftServerProxy.java:333) ~[ratis-server-0.4.0.jar:0.4.0]
	at org.apache.ratis.grpc.client.GrpcClientProtocolService$RequestStreamObserver.processClientRequest(GrpcClientProtocolService.java:220) ~[ratis-grpc-0.4.0.jar:0.4.0]
	at org.apache.ratis.grpc.client.GrpcClientProtocolService$OrderedRequestStreamObserver.processClientRequest(GrpcClientProtocolService.java:326) ~[ratis-grpc-0.4.0.jar:0.4.0]
	at org.apache.ratis.util.SlidingWindow$Server.processRequestsFromHead(SlidingWindow.java:429) [ratis-common-0.4.0.jar:0.4.0]
	at org.apache.ratis.util.SlidingWindow$Server.receivedRequest(SlidingWindow.java:421) [ratis-common-0.4.0.jar:0.4.0]
	at org.apache.ratis.grpc.client.GrpcClientProtocolService$OrderedRequestStreamObserver.processClientRequest(GrpcClientProtocolService.java:345) [ratis-grpc-0.4.0.jar:0.4.0]
	at org.apache.ratis.grpc.client.GrpcClientProtocolService$RequestStreamObserver.onNext(GrpcClientProtocolService.java:240) [ratis-grpc-0.4.0.jar:0.4.0]
	at org.apache.ratis.grpc.client.GrpcClientProtocolService$RequestStreamObserver.onNext(GrpcClientProtocolService.java:168) [ratis-grpc-0.4.0.jar:0.4.0]
	at org.apache.ratis.thirdparty.io.grpc.stub.ServerCalls$StreamingServerCallHandler$StreamingServerCallListener.onMessage(ServerCalls.java:248) [ratis-thirdparty-misc-0.2.0.jar:0.2.0]
	at org.apache.ratis.thirdparty.io.grpc.internal.ServerCallImpl$ServerStreamListenerImpl.messagesAvailable(ServerCallImpl.java:263) [ratis-thirdparty-misc-0.2.0.jar:0.2.0]
	at org.apache.ratis.thirdparty.io.grpc.internal.ServerImpl$JumpToApplicationThreadServerStreamListener$1MessagesAvailable.runInContext(ServerImpl.java:686) [ratis-thirdparty-misc-0.2.0.jar:0.2.0]
	at org.apache.ratis.thirdparty.io.grpc.internal.ContextRunnable.run(ContextRunnable.java:37) [ratis-thirdparty-misc-0.2.0.jar:0.2.0]
	at org.apache.ratis.thirdparty.io.grpc.internal.SerializingExecutor.run(SerializingExecutor.java:123) [ratis-thirdparty-misc-0.2.0.jar:0.2.0]
	at java.util.concurrent.ThreadPoolExecutor.runWorker(ThreadPoolExecutor.java:1149) [?:1.8.0_212]
	at java.util.concurrent.ThreadPoolExecutor$Worker.run(ThreadPoolExecutor.java:624) [?:1.8.0_212]
	at java.lang.Thread.run(Thread.java:748) [?:1.8.0_212]
11:18:44.436 [grpc-default-executor-4] ERROR DNAudit - user=null | ip=null | op=WRITE_CHUNK {blockData=conID: 1 locID: 102847211456102413 bcsId: 14} | ret=FAILURE
org.apache.hadoop.hdds.scm.container.common.helpers.ContainerNotOpenException: Container 1 in CLOSING state
	at org.apache.hadoop.ozone.container.common.impl.HddsDispatcher.validateContainerCommand(HddsDispatcher.java:434) ~[hadoop-hdds-container-service-0.5.0-SNAPSHOT.jar:?]
	at org.apache.hadoop.ozone.container.common.transport.server.ratis.ContainerStateMachine.startTransaction(ContainerStateMachine.java:315) ~[hadoop-hdds-container-service-0.5.0-SNAPSHOT.jar:?]
	at org.apache.ratis.server.impl.RaftServerImpl.submitClientRequestAsync(RaftServerImpl.java:573) ~[ratis-server-0.4.0.jar:0.4.0]
	at org.apache.ratis.server.impl.RaftServerProxy.lambda$submitClientRequestAsync$7(RaftServerProxy.java:333) ~[ratis-server-0.4.0.jar:0.4.0]
	at org.apache.ratis.server.impl.RaftServerProxy.lambda$null$5(RaftServerProxy.java:328) ~[ratis-server-0.4.0.jar:0.4.0]
	at org.apache.ratis.util.JavaUtils.callAsUnchecked(JavaUtils.java:109) ~[ratis-common-0.4.0.jar:0.4.0]
	at org.apache.ratis.server.impl.RaftServerProxy.lambda$submitRequest$6(RaftServerProxy.java:328) ~[ratis-server-0.4.0.jar:0.4.0]
	at java.util.concurrent.CompletableFuture.uniComposeStage(CompletableFuture.java:981) ~[?:1.8.0_212]
	at java.util.concurrent.CompletableFuture.thenCompose(CompletableFuture.java:2124) ~[?:1.8.0_212]
	at org.apache.ratis.server.impl.RaftServerProxy.submitRequest(RaftServerProxy.java:327) ~[ratis-server-0.4.0.jar:0.4.0]
	at org.apache.ratis.server.impl.RaftServerProxy.submitClientRequestAsync(RaftServerProxy.java:333) ~[ratis-server-0.4.0.jar:0.4.0]
	at org.apache.ratis.grpc.client.GrpcClientProtocolService$RequestStreamObserver.processClientRequest(GrpcClientProtocolService.java:220) ~[ratis-grpc-0.4.0.jar:0.4.0]
	at org.apache.ratis.grpc.client.GrpcClientProtocolService$OrderedRequestStreamObserver.processClientRequest(GrpcClientProtocolService.java:326) ~[ratis-grpc-0.4.0.jar:0.4.0]
	at org.apache.ratis.util.SlidingWindow$Server.processRequestsFromHead(SlidingWindow.java:429) [ratis-common-0.4.0.jar:0.4.0]
	at org.apache.ratis.util.SlidingWindow$Server.receivedRequest(SlidingWindow.java:421) [ratis-common-0.4.0.jar:0.4.0]
	at org.apache.ratis.grpc.client.GrpcClientProtocolService$OrderedRequestStreamObserver.processClientRequest(GrpcClientProtocolService.java:345) [ratis-grpc-0.4.0.jar:0.4.0]
	at org.apache.ratis.grpc.client.GrpcClientProtocolService$RequestStreamObserver.onNext(GrpcClientProtocolService.java:240) [ratis-grpc-0.4.0.jar:0.4.0]
	at org.apache.ratis.grpc.client.GrpcClientProtocolService$RequestStreamObserver.onNext(GrpcClientProtocolService.java:168) [ratis-grpc-0.4.0.jar:0.4.0]
	at org.apache.ratis.thirdparty.io.grpc.stub.ServerCalls$StreamingServerCallHandler$StreamingServerCallListener.onMessage(ServerCalls.java:248) [ratis-thirdparty-misc-0.2.0.jar:0.2.0]
	at org.apache.ratis.thirdparty.io.grpc.internal.ServerCallImpl$ServerStreamListenerImpl.messagesAvailable(ServerCallImpl.java:263) [ratis-thirdparty-misc-0.2.0.jar:0.2.0]
	at org.apache.ratis.thirdparty.io.grpc.internal.ServerImpl$JumpToApplicationThreadServerStreamListener$1MessagesAvailable.runInContext(ServerImpl.java:686) [ratis-thirdparty-misc-0.2.0.jar:0.2.0]
	at org.apache.ratis.thirdparty.io.grpc.internal.ContextRunnable.run(ContextRunnable.java:37) [ratis-thirdparty-misc-0.2.0.jar:0.2.0]
	at org.apache.ratis.thirdparty.io.grpc.internal.SerializingExecutor.run(SerializingExecutor.java:123) [ratis-thirdparty-misc-0.2.0.jar:0.2.0]
	at java.util.concurrent.ThreadPoolExecutor.runWorker(ThreadPoolExecutor.java:1149) [?:1.8.0_212]
	at java.util.concurrent.ThreadPoolExecutor$Worker.run(ThreadPoolExecutor.java:624) [?:1.8.0_212]
	at java.lang.Thread.run(Thread.java:748) [?:1.8.0_212]
11:18:44.445 [grpc-default-executor-4] ERROR DNAudit - user=null | ip=null | op=PUT_BLOCK {blockData=[blockId=conID: 1 locID: 102847211456102413 bcsId: 0,size=650]} | ret=FAILURE
org.apache.hadoop.hdds.scm.container.common.helpers.ContainerNotOpenException: Container 1 in CLOSING state
	at org.apache.hadoop.ozone.container.common.impl.HddsDispatcher.validateContainerCommand(HddsDispatcher.java:434) ~[hadoop-hdds-container-service-0.5.0-SNAPSHOT.jar:?]
	at org.apache.hadoop.ozone.container.common.transport.server.ratis.ContainerStateMachine.startTransaction(ContainerStateMachine.java:315) ~[hadoop-hdds-container-service-0.5.0-SNAPSHOT.jar:?]
	at org.apache.ratis.server.impl.RaftServerImpl.submitClientRequestAsync(RaftServerImpl.java:573) ~[ratis-server-0.4.0.jar:0.4.0]
	at org.apache.ratis.server.impl.RaftServerProxy.lambda$submitClientRequestAsync$7(RaftServerProxy.java:333) ~[ratis-server-0.4.0.jar:0.4.0]
	at org.apache.ratis.server.impl.RaftServerProxy.lambda$null$5(RaftServerProxy.java:328) ~[ratis-server-0.4.0.jar:0.4.0]
	at org.apache.ratis.util.JavaUtils.callAsUnchecked(JavaUtils.java:109) ~[ratis-common-0.4.0.jar:0.4.0]
	at org.apache.ratis.server.impl.RaftServerProxy.lambda$submitRequest$6(RaftServerProxy.java:328) ~[ratis-server-0.4.0.jar:0.4.0]
	at java.util.concurrent.CompletableFuture.uniComposeStage(CompletableFuture.java:981) ~[?:1.8.0_212]
	at java.util.concurrent.CompletableFuture.thenCompose(CompletableFuture.java:2124) ~[?:1.8.0_212]
	at org.apache.ratis.server.impl.RaftServerProxy.submitRequest(RaftServerProxy.java:327) ~[ratis-server-0.4.0.jar:0.4.0]
	at org.apache.ratis.server.impl.RaftServerProxy.submitClientRequestAsync(RaftServerProxy.java:333) ~[ratis-server-0.4.0.jar:0.4.0]
	at org.apache.ratis.grpc.client.GrpcClientProtocolService$RequestStreamObserver.processClientRequest(GrpcClientProtocolService.java:220) ~[ratis-grpc-0.4.0.jar:0.4.0]
	at org.apache.ratis.grpc.client.GrpcClientProtocolService$OrderedRequestStreamObserver.processClientRequest(GrpcClientProtocolService.java:326) ~[ratis-grpc-0.4.0.jar:0.4.0]
	at org.apache.ratis.util.SlidingWindow$Server.processRequestsFromHead(SlidingWindow.java:429) [ratis-common-0.4.0.jar:0.4.0]
	at org.apache.ratis.util.SlidingWindow$Server.receivedRequest(SlidingWindow.java:421) [ratis-common-0.4.0.jar:0.4.0]
	at org.apache.ratis.grpc.client.GrpcClientProtocolService$OrderedRequestStreamObserver.processClientRequest(GrpcClientProtocolService.java:345) [ratis-grpc-0.4.0.jar:0.4.0]
	at org.apache.ratis.grpc.client.GrpcClientProtocolService$RequestStreamObserver.onNext(GrpcClientProtocolService.java:240) [ratis-grpc-0.4.0.jar:0.4.0]
	at org.apache.ratis.grpc.client.GrpcClientProtocolService$RequestStreamObserver.onNext(GrpcClientProtocolService.java:168) [ratis-grpc-0.4.0.jar:0.4.0]
	at org.apache.ratis.thirdparty.io.grpc.stub.ServerCalls$StreamingServerCallHandler$StreamingServerCallListener.onMessage(ServerCalls.java:248) [ratis-thirdparty-misc-0.2.0.jar:0.2.0]
	at org.apache.ratis.thirdparty.io.grpc.internal.ServerCallImpl$ServerStreamListenerImpl.messagesAvailable(ServerCallImpl.java:263) [ratis-thirdparty-misc-0.2.0.jar:0.2.0]
	at org.apache.ratis.thirdparty.io.grpc.internal.ServerImpl$JumpToApplicationThreadServerStreamListener$1MessagesAvailable.runInContext(ServerImpl.java:686) [ratis-thirdparty-misc-0.2.0.jar:0.2.0]
	at org.apache.ratis.thirdparty.io.grpc.internal.ContextRunnable.run(ContextRunnable.java:37) [ratis-thirdparty-misc-0.2.0.jar:0.2.0]
	at org.apache.ratis.thirdparty.io.grpc.internal.SerializingExecutor.run(SerializingExecutor.java:123) [ratis-thirdparty-misc-0.2.0.jar:0.2.0]
	at java.util.concurrent.ThreadPoolExecutor.runWorker(ThreadPoolExecutor.java:1149) [?:1.8.0_212]
	at java.util.concurrent.ThreadPoolExecutor$Worker.run(ThreadPoolExecutor.java:624) [?:1.8.0_212]
	at java.lang.Thread.run(Thread.java:748) [?:1.8.0_212]
11:18:44.446 [grpc-default-executor-4] ERROR DNAudit - user=null | ip=null | op=WRITE_CHUNK {blockData=conID: 1 locID: 102847211456102413 bcsId: 14} | ret=FAILURE
org.apache.hadoop.hdds.scm.container.common.helpers.ContainerNotOpenException: Container 1 in CLOSING state
	at org.apache.hadoop.ozone.container.common.impl.HddsDispatcher.validateContainerCommand(HddsDispatcher.java:434) ~[hadoop-hdds-container-service-0.5.0-SNAPSHOT.jar:?]
	at org.apache.hadoop.ozone.container.common.transport.server.ratis.ContainerStateMachine.startTransaction(ContainerStateMachine.java:315) ~[hadoop-hdds-container-service-0.5.0-SNAPSHOT.jar:?]
	at org.apache.ratis.server.impl.RaftServerImpl.submitClientRequestAsync(RaftServerImpl.java:573) ~[ratis-server-0.4.0.jar:0.4.0]
	at org.apache.ratis.server.impl.RaftServerProxy.lambda$submitClientRequestAsync$7(RaftServerProxy.java:333) ~[ratis-server-0.4.0.jar:0.4.0]
	at org.apache.ratis.server.impl.RaftServerProxy.lambda$null$5(RaftServerProxy.java:328) ~[ratis-server-0.4.0.jar:0.4.0]
	at org.apache.ratis.util.JavaUtils.callAsUnchecked(JavaUtils.java:109) ~[ratis-common-0.4.0.jar:0.4.0]
	at org.apache.ratis.server.impl.RaftServerProxy.lambda$submitRequest$6(RaftServerProxy.java:328) ~[ratis-server-0.4.0.jar:0.4.0]
	at java.util.concurrent.CompletableFuture.uniComposeStage(CompletableFuture.java:981) ~[?:1.8.0_212]
	at java.util.concurrent.CompletableFuture.thenCompose(CompletableFuture.java:2124) ~[?:1.8.0_212]
	at org.apache.ratis.server.impl.RaftServerProxy.submitRequest(RaftServerProxy.java:327) ~[ratis-server-0.4.0.jar:0.4.0]
	at org.apache.ratis.server.impl.RaftServerProxy.submitClientRequestAsync(RaftServerProxy.java:333) ~[ratis-server-0.4.0.jar:0.4.0]
	at org.apache.ratis.grpc.client.GrpcClientProtocolService$RequestStreamObserver.processClientRequest(GrpcClientProtocolService.java:220) ~[ratis-grpc-0.4.0.jar:0.4.0]
	at org.apache.ratis.grpc.client.GrpcClientProtocolService$OrderedRequestStreamObserver.processClientRequest(GrpcClientProtocolService.java:326) ~[ratis-grpc-0.4.0.jar:0.4.0]
	at org.apache.ratis.util.SlidingWindow$Server.processRequestsFromHead(SlidingWindow.java:429) [ratis-common-0.4.0.jar:0.4.0]
	at org.apache.ratis.util.SlidingWindow$Server.receivedRequest(SlidingWindow.java:421) [ratis-common-0.4.0.jar:0.4.0]
	at org.apache.ratis.grpc.client.GrpcClientProtocolService$OrderedRequestStreamObserver.processClientRequest(GrpcClientProtocolService.java:345) [ratis-grpc-0.4.0.jar:0.4.0]
	at org.apache.ratis.grpc.client.GrpcClientProtocolService$RequestStreamObserver.onNext(GrpcClientProtocolService.java:240) [ratis-grpc-0.4.0.jar:0.4.0]
	at org.apache.ratis.grpc.client.GrpcClientProtocolService$RequestStreamObserver.onNext(GrpcClientProtocolService.java:168) [ratis-grpc-0.4.0.jar:0.4.0]
	at org.apache.ratis.thirdparty.io.grpc.stub.ServerCalls$StreamingServerCallHandler$StreamingServerCallListener.onMessage(ServerCalls.java:248) [ratis-thirdparty-misc-0.2.0.jar:0.2.0]
	at org.apache.ratis.thirdparty.io.grpc.internal.ServerCallImpl$ServerStreamListenerImpl.messagesAvailable(ServerCallImpl.java:263) [ratis-thirdparty-misc-0.2.0.jar:0.2.0]
	at org.apache.ratis.thirdparty.io.grpc.internal.ServerImpl$JumpToApplicationThreadServerStreamListener$1MessagesAvailable.runInContext(ServerImpl.java:686) [ratis-thirdparty-misc-0.2.0.jar:0.2.0]
	at org.apache.ratis.thirdparty.io.grpc.internal.ContextRunnable.run(ContextRunnable.java:37) [ratis-thirdparty-misc-0.2.0.jar:0.2.0]
	at org.apache.ratis.thirdparty.io.grpc.internal.SerializingExecutor.run(SerializingExecutor.java:123) [ratis-thirdparty-misc-0.2.0.jar:0.2.0]
	at java.util.concurrent.ThreadPoolExecutor.runWorker(ThreadPoolExecutor.java:1149) [?:1.8.0_212]
	at java.util.concurrent.ThreadPoolExecutor$Worker.run(ThreadPoolExecutor.java:624) [?:1.8.0_212]
	at java.lang.Thread.run(Thread.java:748) [?:1.8.0_212]
11:18:44.455 [grpc-default-executor-4] ERROR DNAudit - user=null | ip=null | op=WRITE_CHUNK {blockData=conID: 1 locID: 102847211456102413 bcsId: 14} | ret=FAILURE
org.apache.hadoop.hdds.scm.container.common.helpers.ContainerNotOpenException: Container 1 in CLOSING state
	at org.apache.hadoop.ozone.container.common.impl.HddsDispatcher.validateContainerCommand(HddsDispatcher.java:434) ~[hadoop-hdds-container-service-0.5.0-SNAPSHOT.jar:?]
	at org.apache.hadoop.ozone.container.common.transport.server.ratis.ContainerStateMachine.startTransaction(ContainerStateMachine.java:315) ~[hadoop-hdds-container-service-0.5.0-SNAPSHOT.jar:?]
	at org.apache.ratis.server.impl.RaftServerImpl.submitClientRequestAsync(RaftServerImpl.java:573) ~[ratis-server-0.4.0.jar:0.4.0]
	at org.apache.ratis.server.impl.RaftServerProxy.lambda$submitClientRequestAsync$7(RaftServerProxy.java:333) ~[ratis-server-0.4.0.jar:0.4.0]
	at org.apache.ratis.server.impl.RaftServerProxy.lambda$null$5(RaftServerProxy.java:328) ~[ratis-server-0.4.0.jar:0.4.0]
	at org.apache.ratis.util.JavaUtils.callAsUnchecked(JavaUtils.java:109) ~[ratis-common-0.4.0.jar:0.4.0]
	at org.apache.ratis.server.impl.RaftServerProxy.lambda$submitRequest$6(RaftServerProxy.java:328) ~[ratis-server-0.4.0.jar:0.4.0]
	at java.util.concurrent.CompletableFuture.uniComposeStage(CompletableFuture.java:981) ~[?:1.8.0_212]
	at java.util.concurrent.CompletableFuture.thenCompose(CompletableFuture.java:2124) ~[?:1.8.0_212]
	at org.apache.ratis.server.impl.RaftServerProxy.submitRequest(RaftServerProxy.java:327) ~[ratis-server-0.4.0.jar:0.4.0]
	at org.apache.ratis.server.impl.RaftServerProxy.submitClientRequestAsync(RaftServerProxy.java:333) ~[ratis-server-0.4.0.jar:0.4.0]
	at org.apache.ratis.grpc.client.GrpcClientProtocolService$RequestStreamObserver.processClientRequest(GrpcClientProtocolService.java:220) ~[ratis-grpc-0.4.0.jar:0.4.0]
	at org.apache.ratis.grpc.client.GrpcClientProtocolService$OrderedRequestStreamObserver.processClientRequest(GrpcClientProtocolService.java:326) ~[ratis-grpc-0.4.0.jar:0.4.0]
	at org.apache.ratis.util.SlidingWindow$Server.processRequestsFromHead(SlidingWindow.java:429) [ratis-common-0.4.0.jar:0.4.0]
	at org.apache.ratis.util.SlidingWindow$Server.receivedRequest(SlidingWindow.java:421) [ratis-common-0.4.0.jar:0.4.0]
	at org.apache.ratis.grpc.client.GrpcClientProtocolService$OrderedRequestStreamObserver.processClientRequest(GrpcClientProtocolService.java:345) [ratis-grpc-0.4.0.jar:0.4.0]
	at org.apache.ratis.grpc.client.GrpcClientProtocolService$RequestStreamObserver.onNext(GrpcClientProtocolService.java:240) [ratis-grpc-0.4.0.jar:0.4.0]
	at org.apache.ratis.grpc.client.GrpcClientProtocolService$RequestStreamObserver.onNext(GrpcClientProtocolService.java:168) [ratis-grpc-0.4.0.jar:0.4.0]
	at org.apache.ratis.thirdparty.io.grpc.stub.ServerCalls$StreamingServerCallHandler$StreamingServerCallListener.onMessage(ServerCalls.java:248) [ratis-thirdparty-misc-0.2.0.jar:0.2.0]
	at org.apache.ratis.thirdparty.io.grpc.internal.ServerCallImpl$ServerStreamListenerImpl.messagesAvailable(ServerCallImpl.java:263) [ratis-thirdparty-misc-0.2.0.jar:0.2.0]
	at org.apache.ratis.thirdparty.io.grpc.internal.ServerImpl$JumpToApplicationThreadServerStreamListener$1MessagesAvailable.runInContext(ServerImpl.java:686) [ratis-thirdparty-misc-0.2.0.jar:0.2.0]
	at org.apache.ratis.thirdparty.io.grpc.internal.ContextRunnable.run(ContextRunnable.java:37) [ratis-thirdparty-misc-0.2.0.jar:0.2.0]
	at org.apache.ratis.thirdparty.io.grpc.internal.SerializingExecutor.run(SerializingExecutor.java:123) [ratis-thirdparty-misc-0.2.0.jar:0.2.0]
	at java.util.concurrent.ThreadPoolExecutor.runWorker(ThreadPoolExecutor.java:1149) [?:1.8.0_212]
	at java.util.concurrent.ThreadPoolExecutor$Worker.run(ThreadPoolExecutor.java:624) [?:1.8.0_212]
	at java.lang.Thread.run(Thread.java:748) [?:1.8.0_212]
11:18:44.456 [grpc-default-executor-4] ERROR DNAudit - user=null | ip=null | op=PUT_BLOCK {blockData=[blockId=conID: 1 locID: 102847211456102413 bcsId: 0,size=800]} | ret=FAILURE
org.apache.hadoop.hdds.scm.container.common.helpers.ContainerNotOpenException: Container 1 in CLOSING state
	at org.apache.hadoop.ozone.container.common.impl.HddsDispatcher.validateContainerCommand(HddsDispatcher.java:434) ~[hadoop-hdds-container-service-0.5.0-SNAPSHOT.jar:?]
	at org.apache.hadoop.ozone.container.common.transport.server.ratis.ContainerStateMachine.startTransaction(ContainerStateMachine.java:315) ~[hadoop-hdds-container-service-0.5.0-SNAPSHOT.jar:?]
	at org.apache.ratis.server.impl.RaftServerImpl.submitClientRequestAsync(RaftServerImpl.java:573) ~[ratis-server-0.4.0.jar:0.4.0]
	at org.apache.ratis.server.impl.RaftServerProxy.lambda$submitClientRequestAsync$7(RaftServerProxy.java:333) ~[ratis-server-0.4.0.jar:0.4.0]
	at org.apache.ratis.server.impl.RaftServerProxy.lambda$null$5(RaftServerProxy.java:328) ~[ratis-server-0.4.0.jar:0.4.0]
	at org.apache.ratis.util.JavaUtils.callAsUnchecked(JavaUtils.java:109) ~[ratis-common-0.4.0.jar:0.4.0]
	at org.apache.ratis.server.impl.RaftServerProxy.lambda$submitRequest$6(RaftServerProxy.java:328) ~[ratis-server-0.4.0.jar:0.4.0]
	at java.util.concurrent.CompletableFuture.uniComposeStage(CompletableFuture.java:981) ~[?:1.8.0_212]
	at java.util.concurrent.CompletableFuture.thenCompose(CompletableFuture.java:2124) ~[?:1.8.0_212]
	at org.apache.ratis.server.impl.RaftServerProxy.submitRequest(RaftServerProxy.java:327) ~[ratis-server-0.4.0.jar:0.4.0]
	at org.apache.ratis.server.impl.RaftServerProxy.submitClientRequestAsync(RaftServerProxy.java:333) ~[ratis-server-0.4.0.jar:0.4.0]
	at org.apache.ratis.grpc.client.GrpcClientProtocolService$RequestStreamObserver.processClientRequest(GrpcClientProtocolService.java:220) ~[ratis-grpc-0.4.0.jar:0.4.0]
	at org.apache.ratis.grpc.client.GrpcClientProtocolService$OrderedRequestStreamObserver.processClientRequest(GrpcClientProtocolService.java:326) ~[ratis-grpc-0.4.0.jar:0.4.0]
	at org.apache.ratis.util.SlidingWindow$Server.processRequestsFromHead(SlidingWindow.java:429) [ratis-common-0.4.0.jar:0.4.0]
	at org.apache.ratis.util.SlidingWindow$Server.receivedRequest(SlidingWindow.java:421) [ratis-common-0.4.0.jar:0.4.0]
	at org.apache.ratis.grpc.client.GrpcClientProtocolService$OrderedRequestStreamObserver.processClientRequest(GrpcClientProtocolService.java:345) [ratis-grpc-0.4.0.jar:0.4.0]
	at org.apache.ratis.grpc.client.GrpcClientProtocolService$RequestStreamObserver.onNext(GrpcClientProtocolService.java:240) [ratis-grpc-0.4.0.jar:0.4.0]
	at org.apache.ratis.grpc.client.GrpcClientProtocolService$RequestStreamObserver.onNext(GrpcClientProtocolService.java:168) [ratis-grpc-0.4.0.jar:0.4.0]
	at org.apache.ratis.thirdparty.io.grpc.stub.ServerCalls$StreamingServerCallHandler$StreamingServerCallListener.onMessage(ServerCalls.java:248) [ratis-thirdparty-misc-0.2.0.jar:0.2.0]
	at org.apache.ratis.thirdparty.io.grpc.internal.ServerCallImpl$ServerStreamListenerImpl.messagesAvailable(ServerCallImpl.java:263) [ratis-thirdparty-misc-0.2.0.jar:0.2.0]
	at org.apache.ratis.thirdparty.io.grpc.internal.ServerImpl$JumpToApplicationThreadServerStreamListener$1MessagesAvailable.runInContext(ServerImpl.java:686) [ratis-thirdparty-misc-0.2.0.jar:0.2.0]
	at org.apache.ratis.thirdparty.io.grpc.internal.ContextRunnable.run(ContextRunnable.java:37) [ratis-thirdparty-misc-0.2.0.jar:0.2.0]
	at org.apache.ratis.thirdparty.io.grpc.internal.SerializingExecutor.run(SerializingExecutor.java:123) [ratis-thirdparty-misc-0.2.0.jar:0.2.0]
	at java.util.concurrent.ThreadPoolExecutor.runWorker(ThreadPoolExecutor.java:1149) [?:1.8.0_212]
	at java.util.concurrent.ThreadPoolExecutor$Worker.run(ThreadPoolExecutor.java:624) [?:1.8.0_212]
	at java.lang.Thread.run(Thread.java:748) [?:1.8.0_212]
2019-09-24 11:18:44,804 [main] INFO  ozone.MiniOzoneClusterImpl (MiniOzoneClusterImpl.java:shutdown(314)) - Shutting down the Mini Ozone Cluster
2019-09-24 11:18:44,805 [main] INFO  ozone.MiniOzoneClusterImpl (MiniOzoneClusterImpl.java:stop(330)) - Stopping the Mini Ozone Cluster
2019-09-24 11:18:44,805 [main] INFO  ozone.MiniOzoneClusterImpl (MiniOzoneClusterImpl.java:stopOM(400)) - Stopping the OzoneManager
2019-09-24 11:18:44,805 [main] INFO  ipc.Server (Server.java:stop(3082)) - Stopping server on 35911
2019-09-24 11:18:44,819 [main] INFO  ratis.OzoneManagerDoubleBuffer (OzoneManagerDoubleBuffer.java:stop(248)) - Stopping OMDoubleBuffer flush thread
2019-09-24 11:18:44,819 [IPC Server Responder] INFO  ipc.Server (Server.java:run(1319)) - Stopping IPC Server Responder
2019-09-24 11:18:44,819 [IPC Server listener on 35911] INFO  ipc.Server (Server.java:run(1185)) - Stopping IPC Server listener on 35911
2019-09-24 11:18:44,819 [OMDoubleBufferFlushThread] INFO  ratis.OzoneManagerDoubleBuffer (OzoneManagerDoubleBuffer.java:flushTransactions(191)) - OMDoubleBuffer flush thread OMDoubleBufferFlushThread is interrupted and will exit. OMDoubleBufferFlushThread
2019-09-24 11:18:44,819 [main] INFO  utils.BackgroundService (BackgroundService.java:shutdown(148)) - Shutting down service KeyDeletingService
2019-09-24 11:18:44,835 [main] INFO  handler.ContextHandler (ContextHandler.java:doStop(910)) - Stopped o.e.j.w.WebAppContext@22cb3d59{/,null,UNAVAILABLE}{/ozoneManager}
2019-09-24 11:18:44,835 [main] INFO  server.AbstractConnector (AbstractConnector.java:doStop(318)) - Stopped ServerConnector@33e4b9c4{HTTP/1.1,[http/1.1]}{0.0.0.0:0}
2019-09-24 11:18:44,836 [main] INFO  handler.ContextHandler (ContextHandler.java:doStop(910)) - Stopped o.e.j.s.ServletContextHandler@581c9bb7{/static,file:///workdir/hadoop-ozone/integration-test/target/test-classes/webapps/static,UNAVAILABLE}
2019-09-24 11:18:44,836 [main] INFO  handler.ContextHandler (ContextHandler.java:doStop(910)) - Stopped o.e.j.s.ServletContextHandler@7d59e968{/logs,file:///workdir/hadoop-ozone/integration-test/target/log,UNAVAILABLE}
2019-09-24 11:18:44,838 [main] INFO  ozone.MiniOzoneClusterImpl (MiniOzoneClusterImpl.java:stopDatanodes(377)) - Stopping the HddsDatanodes
2019-09-24 11:18:45,530 [Datanode State Machine Thread - 0] INFO  statemachine.DatanodeStateMachine (DatanodeStateMachine.java:lambda$startDaemon$0(350)) - Ozone container server started.
2019-09-24 11:18:45,615 [Datanode State Machine Thread - 0] INFO  statemachine.DatanodeStateMachine (DatanodeStateMachine.java:lambda$startDaemon$0(350)) - Ozone container server started.
2019-09-24 11:18:46,861 [grpc-default-executor-7] WARN  server.GrpcLogAppender (LogUtils.java:warn(134)) - c586e99e-b06a-4991-997f-73c122885b4e@group-7A478C88B470->f9d0bdbe-9579-4549-bd8e-208b1d7d3b14-AppendLogResponseHandler: Failed appendEntries: org.apache.ratis.thirdparty.io.grpc.StatusRuntimeException: UNAVAILABLE: io exception
2019-09-24 11:18:46,862 [grpc-default-executor-7] INFO  impl.FollowerInfo (FollowerInfo.java:lambda$new$0(51)) - c586e99e-b06a-4991-997f-73c122885b4e@group-7A478C88B470->f9d0bdbe-9579-4549-bd8e-208b1d7d3b14: nextIndex: updateUnconditionally 1 -> 0
2019-09-24 11:18:49,360 [grpc-default-executor-8] WARN  server.GrpcLogAppender (LogUtils.java:warn(134)) - c586e99e-b06a-4991-997f-73c122885b4e@group-7A478C88B470->f9d0bdbe-9579-4549-bd8e-208b1d7d3b14-AppendLogResponseHandler: Failed appendEntries: org.apache.ratis.thirdparty.io.grpc.StatusRuntimeException: UNAVAILABLE: io exception
2019-09-24 11:18:49,360 [grpc-default-executor-8] INFO  impl.FollowerInfo (FollowerInfo.java:lambda$new$0(51)) - c586e99e-b06a-4991-997f-73c122885b4e@group-7A478C88B470->f9d0bdbe-9579-4549-bd8e-208b1d7d3b14: nextIndex: updateUnconditionally 0 -> 0
2019-09-24 11:18:49,541 [EventQueue-StaleNodeForStaleNodeHandler] INFO  node.StaleNodeHandler (StaleNodeHandler.java:onMessage(58)) - Datanode c586e99e-b06a-4991-997f-73c122885b4e{ip: 192.168.5.168, host: pr-hdds-2067-q68gx-839588832, networkLocation: /default-rack, certSerialId: null} moved to stale state. Finalizing its pipelines [PipelineID=fcd4619e-90cc-45f8-88d9-7a478c88b470, PipelineID=fb555592-7ce3-4a5a-9875-6f54fbb8c35b]
2019-09-24 11:18:49,541 [EventQueue-StaleNodeForStaleNodeHandler] INFO  pipeline.SCMPipelineManager (SCMPipelineManager.java:finalizeAndDestroyPipeline(315)) - destroying pipeline:Pipeline[ Id: fcd4619e-90cc-45f8-88d9-7a478c88b470, Nodes: f9d0bdbe-9579-4549-bd8e-208b1d7d3b14{ip: 192.168.5.168, host: pr-hdds-2067-q68gx-839588832, networkLocation: /default-rack, certSerialId: null}c586e99e-b06a-4991-997f-73c122885b4e{ip: 192.168.5.168, host: pr-hdds-2067-q68gx-839588832, networkLocation: /default-rack, certSerialId: null}5a71a179-55eb-4892-abf8-88945be6e430{ip: 192.168.5.168, host: pr-hdds-2067-q68gx-839588832, networkLocation: /default-rack, certSerialId: null}, Type:RATIS, Factor:THREE, State:CLOSED]
2019-09-24 11:18:49,542 [EventQueue-StaleNodeForStaleNodeHandler] INFO  pipeline.SCMPipelineManager (SCMPipelineManager.java:finalizeAndDestroyPipeline(315)) - destroying pipeline:Pipeline[ Id: fb555592-7ce3-4a5a-9875-6f54fbb8c35b, Nodes: c586e99e-b06a-4991-997f-73c122885b4e{ip: 192.168.5.168, host: pr-hdds-2067-q68gx-839588832, networkLocation: /default-rack, certSerialId: null}, Type:RATIS, Factor:ONE, State:OPEN]
2019-09-24 11:18:49,542 [EventQueue-StaleNodeForStaleNodeHandler] INFO  pipeline.PipelineStateManager (PipelineStateManager.java:finalizePipeline(123)) - Pipeline Pipeline[ Id: fb555592-7ce3-4a5a-9875-6f54fbb8c35b, Nodes: c586e99e-b06a-4991-997f-73c122885b4e{ip: 192.168.5.168, host: pr-hdds-2067-q68gx-839588832, networkLocation: /default-rack, certSerialId: null}, Type:RATIS, Factor:ONE, State:CLOSED] moved to CLOSED state
2019-09-24 11:18:49,641 [EventQueue-StaleNodeForStaleNodeHandler] INFO  node.StaleNodeHandler (StaleNodeHandler.java:onMessage(58)) - Datanode 8cab83c2-a74a-4ed7-b92f-ceab93cc65b5{ip: 192.168.5.168, host: pr-hdds-2067-q68gx-839588832, networkLocation: /default-rack, certSerialId: null} moved to stale state. Finalizing its pipelines [PipelineID=7495e1d3-94de-4157-8a48-19bead9e5245, PipelineID=e903dbba-bddd-4139-a8fa-690cd04331f7]
2019-09-24 11:18:49,641 [EventQueue-StaleNodeForStaleNodeHandler] INFO  pipeline.SCMPipelineManager (SCMPipelineManager.java:finalizeAndDestroyPipeline(315)) - destroying pipeline:Pipeline[ Id: 7495e1d3-94de-4157-8a48-19bead9e5245, Nodes: 96abde27-51e3-4584-b631-6c6622a6cfdc{ip: 192.168.5.168, host: pr-hdds-2067-q68gx-839588832, networkLocation: /default-rack, certSerialId: null}8cab83c2-a74a-4ed7-b92f-ceab93cc65b5{ip: 192.168.5.168, host: pr-hdds-2067-q68gx-839588832, networkLocation: /default-rack, certSerialId: null}2f081810-8a16-4ad4-b1e8-4f35666036b9{ip: 192.168.5.168, host: pr-hdds-2067-q68gx-839588832, networkLocation: /default-rack, certSerialId: null}, Type:RATIS, Factor:THREE, State:OPEN]
2019-09-24 11:18:49,642 [EventQueue-StaleNodeForStaleNodeHandler] INFO  pipeline.PipelineStateManager (PipelineStateManager.java:finalizePipeline(123)) - Pipeline Pipeline[ Id: 7495e1d3-94de-4157-8a48-19bead9e5245, Nodes: 96abde27-51e3-4584-b631-6c6622a6cfdc{ip: 192.168.5.168, host: pr-hdds-2067-q68gx-839588832, networkLocation: /default-rack, certSerialId: null}8cab83c2-a74a-4ed7-b92f-ceab93cc65b5{ip: 192.168.5.168, host: pr-hdds-2067-q68gx-839588832, networkLocation: /default-rack, certSerialId: null}2f081810-8a16-4ad4-b1e8-4f35666036b9{ip: 192.168.5.168, host: pr-hdds-2067-q68gx-839588832, networkLocation: /default-rack, certSerialId: null}, Type:RATIS, Factor:THREE, State:CLOSED] moved to CLOSED state
2019-09-24 11:18:49,642 [EventQueue-CloseContainerForCloseContainerEventHandler] INFO  container.CloseContainerEventHandler (CloseContainerEventHandler.java:onMessage(61)) - Close container Event triggered for container : #2
2019-09-24 11:18:49,647 [EventQueue-StaleNodeForStaleNodeHandler] INFO  pipeline.SCMPipelineManager (SCMPipelineManager.java:finalizeAndDestroyPipeline(315)) - destroying pipeline:Pipeline[ Id: e903dbba-bddd-4139-a8fa-690cd04331f7, Nodes: 8cab83c2-a74a-4ed7-b92f-ceab93cc65b5{ip: 192.168.5.168, host: pr-hdds-2067-q68gx-839588832, networkLocation: /default-rack, certSerialId: null}, Type:RATIS, Factor:ONE, State:OPEN]
2019-09-24 11:18:49,650 [EventQueue-StaleNodeForStaleNodeHandler] INFO  pipeline.PipelineStateManager (PipelineStateManager.java:finalizePipeline(123)) - Pipeline Pipeline[ Id: e903dbba-bddd-4139-a8fa-690cd04331f7, Nodes: 8cab83c2-a74a-4ed7-b92f-ceab93cc65b5{ip: 192.168.5.168, host: pr-hdds-2067-q68gx-839588832, networkLocation: /default-rack, certSerialId: null}, Type:RATIS, Factor:ONE, State:CLOSED] moved to CLOSED state
2019-09-24 11:18:49,839 [main] INFO  ozoneimpl.OzoneContainer (OzoneContainer.java:stop(231)) - Attempting to stop container services.
2019-09-24 11:18:49,839 [ForkJoinPool.commonPool-worker-0] INFO  ozoneimpl.OzoneContainer (OzoneContainer.java:stop(231)) - Attempting to stop container services.
2019-09-24 11:18:49,840 [main] INFO  impl.RaftServerProxy (RaftServerProxy.java:lambda$close$4(314)) - 8cab83c2-a74a-4ed7-b92f-ceab93cc65b5: close
2019-09-24 11:18:49,840 [ForkJoinPool.commonPool-worker-0] INFO  impl.RaftServerProxy (RaftServerProxy.java:lambda$close$4(314)) - c586e99e-b06a-4991-997f-73c122885b4e: close
2019-09-24 11:18:49,841 [main] INFO  impl.RaftServerImpl (RaftServerImpl.java:lambda$shutdown$3(251)) - 8cab83c2-a74a-4ed7-b92f-ceab93cc65b5@group-19BEAD9E5245: shutdown
2019-09-24 11:18:49,841 [ForkJoinPool.commonPool-worker-0] INFO  impl.RaftServerImpl (RaftServerImpl.java:lambda$shutdown$3(251)) - c586e99e-b06a-4991-997f-73c122885b4e@group-7A478C88B470: shutdown
2019-09-24 11:18:49,841 [main] INFO  util.JmxRegister (JmxRegister.java:unregister(73)) - Successfully un-registered JMX Bean with object name Ratis:service=RaftServer,group=group-19BEAD9E5245,id=8cab83c2-a74a-4ed7-b92f-ceab93cc65b5
2019-09-24 11:18:49,841 [ForkJoinPool.commonPool-worker-0] INFO  util.JmxRegister (JmxRegister.java:unregister(73)) - Successfully un-registered JMX Bean with object name Ratis:service=RaftServer,group=group-7A478C88B470,id=c586e99e-b06a-4991-997f-73c122885b4e
2019-09-24 11:18:49,842 [main] INFO  impl.RoleInfo (RoleInfo.java:shutdownLeaderState(104)) - 8cab83c2-a74a-4ed7-b92f-ceab93cc65b5: shutdown LeaderState
2019-09-24 11:18:49,842 [ForkJoinPool.commonPool-worker-0] INFO  impl.RoleInfo (RoleInfo.java:shutdownLeaderState(104)) - c586e99e-b06a-4991-997f-73c122885b4e: shutdown LeaderState
2019-09-24 11:18:49,846 [main] INFO  impl.PendingRequests (PendingRequests.java:sendNotLeaderResponses(202)) - 8cab83c2-a74a-4ed7-b92f-ceab93cc65b5-PendingRequests: sendNotLeaderResponses
2019-09-24 11:18:49,846 [org.apache.ratis.server.impl.LogAppender$AppenderDaemon$$Lambda$482/194299611@475b97f9] WARN  server.GrpcLogAppender (GrpcLogAppender.java:mayWait(143)) - 8cab83c2-a74a-4ed7-b92f-ceab93cc65b5@group-19BEAD9E5245->96abde27-51e3-4584-b631-6c6622a6cfdc-GrpcLogAppender: Wait interrupted by java.lang.InterruptedException
2019-09-24 11:18:49,849 [org.apache.ratis.server.impl.LogAppender$AppenderDaemon$$Lambda$482/194299611@d3be179] WARN  server.GrpcLogAppender (GrpcLogAppender.java:mayWait(143)) - 8cab83c2-a74a-4ed7-b92f-ceab93cc65b5@group-19BEAD9E5245->2f081810-8a16-4ad4-b1e8-4f35666036b9-GrpcLogAppender: Wait interrupted by java.lang.InterruptedException
2019-09-24 11:18:49,849 [org.apache.ratis.server.impl.LogAppender$AppenderDaemon$$Lambda$482/194299611@6d27254c] WARN  server.GrpcLogAppender (GrpcLogAppender.java:mayWait(143)) - c586e99e-b06a-4991-997f-73c122885b4e@group-7A478C88B470->f9d0bdbe-9579-4549-bd8e-208b1d7d3b14-GrpcLogAppender: Wait interrupted by java.lang.InterruptedException
2019-09-24 11:18:49,849 [org.apache.ratis.server.impl.LogAppender$AppenderDaemon$$Lambda$482/194299611@6984fd00] WARN  server.GrpcLogAppender (GrpcLogAppender.java:mayWait(143)) - c586e99e-b06a-4991-997f-73c122885b4e@group-7A478C88B470->5a71a179-55eb-4892-abf8-88945be6e430-GrpcLogAppender: Wait interrupted by java.lang.InterruptedException
2019-09-24 11:18:49,849 [ForkJoinPool.commonPool-worker-0] INFO  impl.PendingRequests (PendingRequests.java:sendNotLeaderResponses(202)) - c586e99e-b06a-4991-997f-73c122885b4e-PendingRequests: sendNotLeaderResponses
2019-09-24 11:18:49,852 [main] INFO  impl.StateMachineUpdater (StateMachineUpdater.java:stopAndJoin(125)) - 8cab83c2-a74a-4ed7-b92f-ceab93cc65b5@group-19BEAD9E5245-StateMachineUpdater: set stopIndex = 15
2019-09-24 11:18:49,852 [c586e99e-b06a-4991-997f-73c122885b4e@group-7A478C88B470-StateMachineUpdater] INFO  ratis.ContainerStateMachine (ContainerStateMachine.java:takeSnapshot(289)) - group-7A478C88B470: Taking a snapshot at:(t:1, i:14) file /workdir/hadoop-ozone/integration-test/target/test-dir/MiniOzoneClusterImpl-40187663-585e-41ed-b8bc-b85aa484b511/datanode-1/data/ratis/fcd4619e-90cc-45f8-88d9-7a478c88b470/sm/snapshot.1_14
2019-09-24 11:18:49,852 [ForkJoinPool.commonPool-worker-0] INFO  impl.StateMachineUpdater (StateMachineUpdater.java:stopAndJoin(125)) - c586e99e-b06a-4991-997f-73c122885b4e@group-7A478C88B470-StateMachineUpdater: set stopIndex = 17
2019-09-24 11:18:49,852 [grpc-default-executor-8] INFO  server.GrpcServerProtocolService (GrpcServerProtocolService.java:onCompleted(113)) - 2f081810-8a16-4ad4-b1e8-4f35666036b9: Completed APPEND_ENTRIES, lastRequest: 8cab83c2-a74a-4ed7-b92f-ceab93cc65b5->2f081810-8a16-4ad4-b1e8-4f35666036b9#21-t2, previous=(t:2, i:15), leaderCommit=15, initializing? false, entries: <empty>
2019-09-24 11:18:49,852 [grpc-default-executor-7] INFO  server.GrpcServerProtocolService (GrpcServerProtocolService.java:onCompleted(113)) - 96abde27-51e3-4584-b631-6c6622a6cfdc: Completed APPEND_ENTRIES, lastRequest: 8cab83c2-a74a-4ed7-b92f-ceab93cc65b5->96abde27-51e3-4584-b631-6c6622a6cfdc#21-t2, previous=(t:2, i:15), leaderCommit=15, initializing? false, entries: <empty>
2019-09-24 11:18:49,852 [8cab83c2-a74a-4ed7-b92f-ceab93cc65b5@group-19BEAD9E5245-StateMachineUpdater] INFO  ratis.ContainerStateMachine (ContainerStateMachine.java:takeSnapshot(289)) - group-19BEAD9E5245: Taking a snapshot at:(t:2, i:13) file /workdir/hadoop-ozone/integration-test/target/test-dir/MiniOzoneClusterImpl-40187663-585e-41ed-b8bc-b85aa484b511/datanode-4/data/ratis/7495e1d3-94de-4157-8a48-19bead9e5245/sm/snapshot.2_13
2019-09-24 11:18:49,852 [grpc-default-executor-4] INFO  server.GrpcServerProtocolService (GrpcServerProtocolService.java:onCompleted(113)) - 5a71a179-55eb-4892-abf8-88945be6e430: Completed APPEND_ENTRIES, lastRequest: c586e99e-b06a-4991-997f-73c122885b4e->5a71a179-55eb-4892-abf8-88945be6e430#4-t2, previous=(t:2, i:17), leaderCommit=17, initializing? false, entries: <empty>
2019-09-24 11:18:49,853 [grpc-default-executor-11] INFO  server.GrpcLogAppender (GrpcLogAppender.java:onCompleted(293)) - 8cab83c2-a74a-4ed7-b92f-ceab93cc65b5@group-19BEAD9E5245->96abde27-51e3-4584-b631-6c6622a6cfdc-AppendLogResponseHandler: follower responses appendEntries COMPLETED
2019-09-24 11:18:49,853 [grpc-default-executor-10] INFO  server.GrpcLogAppender (GrpcLogAppender.java:onCompleted(293)) - c586e99e-b06a-4991-997f-73c122885b4e@group-7A478C88B470->5a71a179-55eb-4892-abf8-88945be6e430-AppendLogResponseHandler: follower responses appendEntries COMPLETED
2019-09-24 11:18:49,853 [grpc-default-executor-4] INFO  server.GrpcLogAppender (GrpcLogAppender.java:onCompleted(293)) - 8cab83c2-a74a-4ed7-b92f-ceab93cc65b5@group-19BEAD9E5245->2f081810-8a16-4ad4-b1e8-4f35666036b9-AppendLogResponseHandler: follower responses appendEntries COMPLETED
2019-09-24 11:18:49,853 [grpc-default-executor-11] INFO  impl.FollowerInfo (FollowerInfo.java:lambda$new$0(51)) - 8cab83c2-a74a-4ed7-b92f-ceab93cc65b5@group-19BEAD9E5245->96abde27-51e3-4584-b631-6c6622a6cfdc: nextIndex: updateUnconditionally 16 -> 15
2019-09-24 11:18:49,853 [grpc-default-executor-4] INFO  impl.FollowerInfo (FollowerInfo.java:lambda$new$0(51)) - 8cab83c2-a74a-4ed7-b92f-ceab93cc65b5@group-19BEAD9E5245->2f081810-8a16-4ad4-b1e8-4f35666036b9: nextIndex: updateUnconditionally 16 -> 15
2019-09-24 11:18:49,853 [grpc-default-executor-10] INFO  impl.FollowerInfo (FollowerInfo.java:lambda$new$0(51)) - c586e99e-b06a-4991-997f-73c122885b4e@group-7A478C88B470->5a71a179-55eb-4892-abf8-88945be6e430: nextIndex: updateUnconditionally 18 -> 17
2019-09-24 11:18:49,867 [c586e99e-b06a-4991-997f-73c122885b4e@group-7A478C88B470-StateMachineUpdater] INFO  ratis.ContainerStateMachine (ContainerStateMachine.java:takeSnapshot(300)) - group-7A478C88B470: Finished taking a snapshot at:(t:1, i:14) file:/workdir/hadoop-ozone/integration-test/target/test-dir/MiniOzoneClusterImpl-40187663-585e-41ed-b8bc-b85aa484b511/datanode-1/data/ratis/fcd4619e-90cc-45f8-88d9-7a478c88b470/sm/snapshot.1_14 time:15
2019-09-24 11:18:49,867 [8cab83c2-a74a-4ed7-b92f-ceab93cc65b5@group-19BEAD9E5245-StateMachineUpdater] INFO  ratis.ContainerStateMachine (ContainerStateMachine.java:takeSnapshot(300)) - group-19BEAD9E5245: Finished taking a snapshot at:(t:2, i:13) file:/workdir/hadoop-ozone/integration-test/target/test-dir/MiniOzoneClusterImpl-40187663-585e-41ed-b8bc-b85aa484b511/datanode-4/data/ratis/7495e1d3-94de-4157-8a48-19bead9e5245/sm/snapshot.2_13 time:16
2019-09-24 11:18:49,868 [8cab83c2-a74a-4ed7-b92f-ceab93cc65b5@group-19BEAD9E5245-StateMachineUpdater] INFO  impl.StateMachineUpdater (StateMachineUpdater.java:takeSnapshot(258)) - 8cab83c2-a74a-4ed7-b92f-ceab93cc65b5@group-19BEAD9E5245-StateMachineUpdater: Took a snapshot at index 13
2019-09-24 11:18:49,868 [c586e99e-b06a-4991-997f-73c122885b4e@group-7A478C88B470-StateMachineUpdater] INFO  impl.StateMachineUpdater (StateMachineUpdater.java:takeSnapshot(258)) - c586e99e-b06a-4991-997f-73c122885b4e@group-7A478C88B470-StateMachineUpdater: Took a snapshot at index 14
2019-09-24 11:18:49,868 [8cab83c2-a74a-4ed7-b92f-ceab93cc65b5@group-19BEAD9E5245-StateMachineUpdater] INFO  impl.StateMachineUpdater (StateMachineUpdater.java:lambda$new$0(83)) - 8cab83c2-a74a-4ed7-b92f-ceab93cc65b5@group-19BEAD9E5245-StateMachineUpdater: snapshotIndex: updateIncreasingly -1 -> 13
2019-09-24 11:18:49,868 [c586e99e-b06a-4991-997f-73c122885b4e@group-7A478C88B470-StateMachineUpdater] INFO  impl.StateMachineUpdater (StateMachineUpdater.java:lambda$new$0(83)) - c586e99e-b06a-4991-997f-73c122885b4e@group-7A478C88B470-StateMachineUpdater: snapshotIndex: updateIncreasingly -1 -> 14
2019-09-24 11:18:49,868 [8cab83c2-a74a-4ed7-b92f-ceab93cc65b5@group-19BEAD9E5245-StateMachineUpdater] INFO  ratis.ContainerStateMachine (ContainerStateMachine.java:takeSnapshot(289)) - group-19BEAD9E5245: Taking a snapshot at:(t:2, i:13) file /workdir/hadoop-ozone/integration-test/target/test-dir/MiniOzoneClusterImpl-40187663-585e-41ed-b8bc-b85aa484b511/datanode-4/data/ratis/7495e1d3-94de-4157-8a48-19bead9e5245/sm/snapshot.2_13
2019-09-24 11:18:49,868 [c586e99e-b06a-4991-997f-73c122885b4e@group-7A478C88B470-StateMachineUpdater] INFO  ratis.ContainerStateMachine (ContainerStateMachine.java:takeSnapshot(289)) - group-7A478C88B470: Taking a snapshot at:(t:1, i:14) file /workdir/hadoop-ozone/integration-test/target/test-dir/MiniOzoneClusterImpl-40187663-585e-41ed-b8bc-b85aa484b511/datanode-1/data/ratis/fcd4619e-90cc-45f8-88d9-7a478c88b470/sm/snapshot.1_14
2019-09-24 11:18:49,872 [8cab83c2-a74a-4ed7-b92f-ceab93cc65b5@group-19BEAD9E5245-StateMachineUpdater] INFO  ratis.ContainerStateMachine (ContainerStateMachine.java:takeSnapshot(300)) - group-19BEAD9E5245: Finished taking a snapshot at:(t:2, i:13) file:/workdir/hadoop-ozone/integration-test/target/test-dir/MiniOzoneClusterImpl-40187663-585e-41ed-b8bc-b85aa484b511/datanode-4/data/ratis/7495e1d3-94de-4157-8a48-19bead9e5245/sm/snapshot.2_13 time:3
2019-09-24 11:18:49,872 [c586e99e-b06a-4991-997f-73c122885b4e@group-7A478C88B470-StateMachineUpdater] INFO  ratis.ContainerStateMachine (ContainerStateMachine.java:takeSnapshot(300)) - group-7A478C88B470: Finished taking a snapshot at:(t:1, i:14) file:/workdir/hadoop-ozone/integration-test/target/test-dir/MiniOzoneClusterImpl-40187663-585e-41ed-b8bc-b85aa484b511/datanode-1/data/ratis/fcd4619e-90cc-45f8-88d9-7a478c88b470/sm/snapshot.1_14 time:3
2019-09-24 11:18:49,872 [8cab83c2-a74a-4ed7-b92f-ceab93cc65b5@group-19BEAD9E5245-StateMachineUpdater] INFO  impl.StateMachineUpdater (StateMachineUpdater.java:takeSnapshot(258)) - 8cab83c2-a74a-4ed7-b92f-ceab93cc65b5@group-19BEAD9E5245-StateMachineUpdater: Took a snapshot at index 13
2019-09-24 11:18:49,872 [8cab83c2-a74a-4ed7-b92f-ceab93cc65b5@group-19BEAD9E5245-StateMachineUpdater] INFO  impl.StateMachineUpdater (StateMachineUpdater.java:lambda$new$0(83)) - 8cab83c2-a74a-4ed7-b92f-ceab93cc65b5@group-19BEAD9E5245-StateMachineUpdater: snapshotIndex: updateIncreasingly 13 -> 13
2019-09-24 11:18:49,872 [c586e99e-b06a-4991-997f-73c122885b4e@group-7A478C88B470-StateMachineUpdater] INFO  impl.StateMachineUpdater (StateMachineUpdater.java:takeSnapshot(258)) - c586e99e-b06a-4991-997f-73c122885b4e@group-7A478C88B470-StateMachineUpdater: Took a snapshot at index 14
2019-09-24 11:18:49,872 [main] INFO  impl.RaftServerImpl (ServerState.java:close(385)) - 8cab83c2-a74a-4ed7-b92f-ceab93cc65b5@group-19BEAD9E5245: closes. applyIndex: 15
2019-09-24 11:18:49,872 [c586e99e-b06a-4991-997f-73c122885b4e@group-7A478C88B470-StateMachineUpdater] INFO  impl.StateMachineUpdater (StateMachineUpdater.java:lambda$new$0(83)) - c586e99e-b06a-4991-997f-73c122885b4e@group-7A478C88B470-StateMachineUpdater: snapshotIndex: updateIncreasingly 14 -> 14
2019-09-24 11:18:49,873 [8cab83c2-a74a-4ed7-b92f-ceab93cc65b5@group-19BEAD9E5245-SegmentedRaftLogWorker] INFO  segmented.SegmentedRaftLogWorker (SegmentedRaftLogWorker.java:run(313)) - 8cab83c2-a74a-4ed7-b92f-ceab93cc65b5@group-19BEAD9E5245-SegmentedRaftLogWorker was interrupted, exiting. There are 0 tasks remaining in the queue.
2019-09-24 11:18:49,873 [ForkJoinPool.commonPool-worker-0] INFO  impl.RaftServerImpl (ServerState.java:close(385)) - c586e99e-b06a-4991-997f-73c122885b4e@group-7A478C88B470: closes. applyIndex: 17
2019-09-24 11:18:49,876 [main] INFO  segmented.SegmentedRaftLogWorker (SegmentedRaftLogWorker.java:close(228)) - 8cab83c2-a74a-4ed7-b92f-ceab93cc65b5@group-19BEAD9E5245-SegmentedRaftLogWorker close()
2019-09-24 11:18:49,876 [c586e99e-b06a-4991-997f-73c122885b4e@group-7A478C88B470-SegmentedRaftLogWorker] INFO  segmented.SegmentedRaftLogWorker (SegmentedRaftLogWorker.java:run(313)) - c586e99e-b06a-4991-997f-73c122885b4e@group-7A478C88B470-SegmentedRaftLogWorker was interrupted, exiting. There are 0 tasks remaining in the queue.
2019-09-24 11:18:49,880 [main] INFO  impl.RaftServerImpl (RaftServerImpl.java:lambda$shutdown$3(251)) - 8cab83c2-a74a-4ed7-b92f-ceab93cc65b5@group-690CD04331F7: shutdown
2019-09-24 11:18:49,881 [ForkJoinPool.commonPool-worker-0] INFO  segmented.SegmentedRaftLogWorker (SegmentedRaftLogWorker.java:close(228)) - c586e99e-b06a-4991-997f-73c122885b4e@group-7A478C88B470-SegmentedRaftLogWorker close()
2019-09-24 11:18:49,882 [main] INFO  util.JmxRegister (JmxRegister.java:unregister(73)) - Successfully un-registered JMX Bean with object name Ratis:service=RaftServer,group=group-690CD04331F7,id=8cab83c2-a74a-4ed7-b92f-ceab93cc65b5
2019-09-24 11:18:49,885 [ForkJoinPool.commonPool-worker-0] INFO  impl.RaftServerImpl (RaftServerImpl.java:lambda$shutdown$3(251)) - c586e99e-b06a-4991-997f-73c122885b4e@group-6F54FBB8C35B: shutdown
2019-09-24 11:18:49,885 [main] INFO  impl.RoleInfo (RoleInfo.java:shutdownLeaderState(104)) - 8cab83c2-a74a-4ed7-b92f-ceab93cc65b5: shutdown LeaderState
2019-09-24 11:18:49,885 [ForkJoinPool.commonPool-worker-0] INFO  util.JmxRegister (JmxRegister.java:unregister(73)) - Successfully un-registered JMX Bean with object name Ratis:service=RaftServer,group=group-6F54FBB8C35B,id=c586e99e-b06a-4991-997f-73c122885b4e
2019-09-24 11:18:49,885 [ForkJoinPool.commonPool-worker-0] INFO  impl.RoleInfo (RoleInfo.java:shutdownLeaderState(104)) - c586e99e-b06a-4991-997f-73c122885b4e: shutdown LeaderState
2019-09-24 11:18:49,886 [ForkJoinPool.commonPool-worker-0] INFO  impl.PendingRequests (PendingRequests.java:sendNotLeaderResponses(202)) - c586e99e-b06a-4991-997f-73c122885b4e-PendingRequests: sendNotLeaderResponses
2019-09-24 11:18:49,885 [main] INFO  impl.PendingRequests (PendingRequests.java:sendNotLeaderResponses(202)) - 8cab83c2-a74a-4ed7-b92f-ceab93cc65b5-PendingRequests: sendNotLeaderResponses
2019-09-24 11:18:49,886 [ForkJoinPool.commonPool-worker-0] INFO  impl.StateMachineUpdater (StateMachineUpdater.java:stopAndJoin(125)) - c586e99e-b06a-4991-997f-73c122885b4e@group-6F54FBB8C35B-StateMachineUpdater: set stopIndex = 0
2019-09-24 11:18:49,886 [main] INFO  impl.StateMachineUpdater (StateMachineUpdater.java:stopAndJoin(125)) - 8cab83c2-a74a-4ed7-b92f-ceab93cc65b5@group-690CD04331F7-StateMachineUpdater: set stopIndex = 0
2019-09-24 11:18:49,886 [ForkJoinPool.commonPool-worker-0] INFO  impl.RaftServerImpl (ServerState.java:close(385)) - c586e99e-b06a-4991-997f-73c122885b4e@group-6F54FBB8C35B: closes. applyIndex: 0
2019-09-24 11:18:49,887 [main] INFO  impl.RaftServerImpl (ServerState.java:close(385)) - 8cab83c2-a74a-4ed7-b92f-ceab93cc65b5@group-690CD04331F7: closes. applyIndex: 0
2019-09-24 11:18:49,887 [c586e99e-b06a-4991-997f-73c122885b4e@group-6F54FBB8C35B-SegmentedRaftLogWorker] INFO  segmented.SegmentedRaftLogWorker (SegmentedRaftLogWorker.java:run(313)) - c586e99e-b06a-4991-997f-73c122885b4e@group-6F54FBB8C35B-SegmentedRaftLogWorker was interrupted, exiting. There are 0 tasks remaining in the queue.
2019-09-24 11:18:49,889 [8cab83c2-a74a-4ed7-b92f-ceab93cc65b5@group-690CD04331F7-SegmentedRaftLogWorker] INFO  segmented.SegmentedRaftLogWorker (SegmentedRaftLogWorker.java:run(313)) - 8cab83c2-a74a-4ed7-b92f-ceab93cc65b5@group-690CD04331F7-SegmentedRaftLogWorker was interrupted, exiting. There are 0 tasks remaining in the queue.
2019-09-24 11:18:49,889 [ForkJoinPool.commonPool-worker-0] INFO  segmented.SegmentedRaftLogWorker (SegmentedRaftLogWorker.java:close(228)) - c586e99e-b06a-4991-997f-73c122885b4e@group-6F54FBB8C35B-SegmentedRaftLogWorker close()
2019-09-24 11:18:49,891 [main] INFO  segmented.SegmentedRaftLogWorker (SegmentedRaftLogWorker.java:close(228)) - 8cab83c2-a74a-4ed7-b92f-ceab93cc65b5@group-690CD04331F7-SegmentedRaftLogWorker close()
2019-09-24 11:18:49,893 [ForkJoinPool.commonPool-worker-0] INFO  server.GrpcService (GrpcService.java:closeImpl(164)) - c586e99e-b06a-4991-997f-73c122885b4e: shutdown server with port 38869 now
2019-09-24 11:18:49,896 [main] INFO  server.GrpcService (GrpcService.java:closeImpl(164)) - 8cab83c2-a74a-4ed7-b92f-ceab93cc65b5: shutdown server with port 39485 now
2019-09-24 11:18:49,897 [ForkJoinPool.commonPool-worker-0] INFO  server.GrpcService (GrpcService.java:closeImpl(172)) - c586e99e-b06a-4991-997f-73c122885b4e: shutdown server with port 38869 successfully
2019-09-24 11:18:49,897 [grpc-default-executor-11] WARN  client.GrpcClientProtocolService (LogUtils.java:warn(134)) - 1-UnorderedRequestStreamObserver1: onError: org.apache.ratis.thirdparty.io.grpc.StatusRuntimeException: CANCELLED: cancelled before receiving half close
2019-09-24 11:18:49,899 [main] INFO  server.GrpcService (GrpcService.java:closeImpl(172)) - 8cab83c2-a74a-4ed7-b92f-ceab93cc65b5: shutdown server with port 39485 successfully
2019-09-24 11:18:49,902 [refreshUsed-/workdir/hadoop-ozone/integration-test/target/test-dir/MiniOzoneClusterImpl-40187663-585e-41ed-b8bc-b85aa484b511/datanode-1/data/containers] WARN  fs.CachingGetSpaceUsed (CachingGetSpaceUsed.java:run(183)) - Thread Interrupted waiting to refresh disk information: sleep interrupted
2019-09-24 11:18:49,903 [refreshUsed-/workdir/hadoop-ozone/integration-test/target/test-dir/MiniOzoneClusterImpl-40187663-585e-41ed-b8bc-b85aa484b511/datanode-4/data/containers] WARN  fs.CachingGetSpaceUsed (CachingGetSpaceUsed.java:run(183)) - Thread Interrupted waiting to refresh disk information: sleep interrupted
2019-09-24 11:18:49,921 [ForkJoinPool.commonPool-worker-0] INFO  utils.BackgroundService (BackgroundService.java:shutdown(148)) - Shutting down service BlockDeletingService
2019-09-24 11:18:49,927 [ForkJoinPool.commonPool-worker-0] INFO  statemachine.DatanodeStateMachine (DatanodeStateMachine.java:stopDaemon(395)) - Ozone container server stopped.
2019-09-24 11:18:49,932 [ForkJoinPool.commonPool-worker-0] INFO  handler.ContextHandler (ContextHandler.java:doStop(910)) - Stopped o.e.j.w.WebAppContext@60591e1b{/,null,UNAVAILABLE}{/hddsDatanode}
2019-09-24 11:18:49,932 [ForkJoinPool.commonPool-worker-0] INFO  server.AbstractConnector (AbstractConnector.java:doStop(318)) - Stopped ServerConnector@29c53c4f{HTTP/1.1,[http/1.1]}{0.0.0.0:0}
2019-09-24 11:18:49,934 [ForkJoinPool.commonPool-worker-0] INFO  handler.ContextHandler (ContextHandler.java:doStop(910)) - Stopped o.e.j.s.ServletContextHandler@2c48cede{/static,jar:file:/home/user/.m2/repository/org/apache/hadoop/hadoop-hdds-container-service/0.5.0-SNAPSHOT/hadoop-hdds-container-service-0.5.0-SNAPSHOT.jar!/webapps/static,UNAVAILABLE}
2019-09-24 11:18:49,935 [ForkJoinPool.commonPool-worker-0] INFO  handler.ContextHandler (ContextHandler.java:doStop(910)) - Stopped o.e.j.s.ServletContextHandler@6842c101{/logs,file:///workdir/hadoop-ozone/integration-test/target/log,UNAVAILABLE}
2019-09-24 11:18:49,938 [main] INFO  utils.BackgroundService (BackgroundService.java:shutdown(148)) - Shutting down service BlockDeletingService
2019-09-24 11:18:49,942 [main] INFO  statemachine.DatanodeStateMachine (DatanodeStateMachine.java:stopDaemon(395)) - Ozone container server stopped.
2019-09-24 11:18:49,943 [main] INFO  handler.ContextHandler (ContextHandler.java:doStop(910)) - Stopped o.e.j.w.WebAppContext@482f7af0{/,null,UNAVAILABLE}{/hddsDatanode}
2019-09-24 11:18:49,944 [main] INFO  server.AbstractConnector (AbstractConnector.java:doStop(318)) - Stopped ServerConnector@1edfedf1{HTTP/1.1,[http/1.1]}{0.0.0.0:0}
2019-09-24 11:18:49,944 [main] INFO  handler.ContextHandler (ContextHandler.java:doStop(910)) - Stopped o.e.j.s.ServletContextHandler@245cb8df{/static,jar:file:/home/user/.m2/repository/org/apache/hadoop/hadoop-hdds-container-service/0.5.0-SNAPSHOT/hadoop-hdds-container-service-0.5.0-SNAPSHOT.jar!/webapps/static,UNAVAILABLE}
2019-09-24 11:18:49,945 [main] INFO  handler.ContextHandler (ContextHandler.java:doStop(910)) - Stopped o.e.j.s.ServletContextHandler@53ea380b{/logs,file:///workdir/hadoop-ozone/integration-test/target/log,UNAVAILABLE}
2019-09-24 11:18:50,530 [Datanode State Machine Thread - 0] INFO  statemachine.DatanodeStateMachine (DatanodeStateMachine.java:lambda$startDaemon$0(350)) - Ozone container server started.
2019-09-24 11:18:50,615 [Datanode State Machine Thread - 0] INFO  statemachine.DatanodeStateMachine (DatanodeStateMachine.java:lambda$startDaemon$0(350)) - Ozone container server started.
2019-09-24 11:18:54,549 [EventQueue-StaleNodeForStaleNodeHandler] INFO  node.StaleNodeHandler (StaleNodeHandler.java:onMessage(58)) - Datanode 5a71a179-55eb-4892-abf8-88945be6e430{ip: 192.168.5.168, host: pr-hdds-2067-q68gx-839588832, networkLocation: /default-rack, certSerialId: null} moved to stale state. Finalizing its pipelines [PipelineID=fcd4619e-90cc-45f8-88d9-7a478c88b470, PipelineID=cc312f59-c439-420c-94c7-1d1867bef246]
2019-09-24 11:18:54,551 [EventQueue-StaleNodeForStaleNodeHandler] INFO  pipeline.SCMPipelineManager (SCMPipelineManager.java:finalizeAndDestroyPipeline(315)) - destroying pipeline:Pipeline[ Id: fcd4619e-90cc-45f8-88d9-7a478c88b470, Nodes: f9d0bdbe-9579-4549-bd8e-208b1d7d3b14{ip: 192.168.5.168, host: pr-hdds-2067-q68gx-839588832, networkLocation: /default-rack, certSerialId: null}c586e99e-b06a-4991-997f-73c122885b4e{ip: 192.168.5.168, host: pr-hdds-2067-q68gx-839588832, networkLocation: /default-rack, certSerialId: null}5a71a179-55eb-4892-abf8-88945be6e430{ip: 192.168.5.168, host: pr-hdds-2067-q68gx-839588832, networkLocation: /default-rack, certSerialId: null}, Type:RATIS, Factor:THREE, State:CLOSED]
2019-09-24 11:18:54,552 [EventQueue-StaleNodeForStaleNodeHandler] INFO  pipeline.SCMPipelineManager (SCMPipelineManager.java:finalizeAndDestroyPipeline(315)) - destroying pipeline:Pipeline[ Id: cc312f59-c439-420c-94c7-1d1867bef246, Nodes: 5a71a179-55eb-4892-abf8-88945be6e430{ip: 192.168.5.168, host: pr-hdds-2067-q68gx-839588832, networkLocation: /default-rack, certSerialId: null}, Type:RATIS, Factor:ONE, State:OPEN]
2019-09-24 11:18:54,553 [EventQueue-StaleNodeForStaleNodeHandler] INFO  pipeline.PipelineStateManager (PipelineStateManager.java:finalizePipeline(123)) - Pipeline Pipeline[ Id: cc312f59-c439-420c-94c7-1d1867bef246, Nodes: 5a71a179-55eb-4892-abf8-88945be6e430{ip: 192.168.5.168, host: pr-hdds-2067-q68gx-839588832, networkLocation: /default-rack, certSerialId: null}, Type:RATIS, Factor:ONE, State:CLOSED] moved to CLOSED state
2019-09-24 11:18:54,649 [EventQueue-StaleNodeForStaleNodeHandler] INFO  node.StaleNodeHandler (StaleNodeHandler.java:onMessage(58)) - Datanode 2f081810-8a16-4ad4-b1e8-4f35666036b9{ip: 192.168.5.168, host: pr-hdds-2067-q68gx-839588832, networkLocation: /default-rack, certSerialId: null} moved to stale state. Finalizing its pipelines [PipelineID=7495e1d3-94de-4157-8a48-19bead9e5245, PipelineID=c07c3d4f-e903-4cce-b207-35355318244d]
2019-09-24 11:18:54,649 [EventQueue-StaleNodeForStaleNodeHandler] INFO  pipeline.SCMPipelineManager (SCMPipelineManager.java:finalizeAndDestroyPipeline(315)) - destroying pipeline:Pipeline[ Id: 7495e1d3-94de-4157-8a48-19bead9e5245, Nodes: 96abde27-51e3-4584-b631-6c6622a6cfdc{ip: 192.168.5.168, host: pr-hdds-2067-q68gx-839588832, networkLocation: /default-rack, certSerialId: null}8cab83c2-a74a-4ed7-b92f-ceab93cc65b5{ip: 192.168.5.168, host: pr-hdds-2067-q68gx-839588832, networkLocation: /default-rack, certSerialId: null}2f081810-8a16-4ad4-b1e8-4f35666036b9{ip: 192.168.5.168, host: pr-hdds-2067-q68gx-839588832, networkLocation: /default-rack, certSerialId: null}, Type:RATIS, Factor:THREE, State:CLOSED]
2019-09-24 11:18:54,649 [EventQueue-StaleNodeForStaleNodeHandler] INFO  pipeline.SCMPipelineManager (SCMPipelineManager.java:finalizeAndDestroyPipeline(315)) - destroying pipeline:Pipeline[ Id: c07c3d4f-e903-4cce-b207-35355318244d, Nodes: 2f081810-8a16-4ad4-b1e8-4f35666036b9{ip: 192.168.5.168, host: pr-hdds-2067-q68gx-839588832, networkLocation: /default-rack, certSerialId: null}, Type:RATIS, Factor:ONE, State:OPEN]
2019-09-24 11:18:54,649 [EventQueue-StaleNodeForStaleNodeHandler] INFO  pipeline.PipelineStateManager (PipelineStateManager.java:finalizePipeline(123)) - Pipeline Pipeline[ Id: c07c3d4f-e903-4cce-b207-35355318244d, Nodes: 2f081810-8a16-4ad4-b1e8-4f35666036b9{ip: 192.168.5.168, host: pr-hdds-2067-q68gx-839588832, networkLocation: /default-rack, certSerialId: null}, Type:RATIS, Factor:ONE, State:CLOSED] moved to CLOSED state
2019-09-24 11:18:54,937 [ForkJoinPool.commonPool-worker-0] INFO  ozoneimpl.OzoneContainer (OzoneContainer.java:stop(231)) - Attempting to stop container services.
2019-09-24 11:18:54,941 [ForkJoinPool.commonPool-worker-0] INFO  impl.RaftServerProxy (RaftServerProxy.java:lambda$close$4(314)) - 5a71a179-55eb-4892-abf8-88945be6e430: close
2019-09-24 11:18:54,941 [ForkJoinPool.commonPool-worker-0] INFO  impl.RaftServerImpl (RaftServerImpl.java:lambda$shutdown$3(251)) - 5a71a179-55eb-4892-abf8-88945be6e430@group-7A478C88B470: shutdown
2019-09-24 11:18:54,941 [ForkJoinPool.commonPool-worker-0] INFO  util.JmxRegister (JmxRegister.java:unregister(73)) - Successfully un-registered JMX Bean with object name Ratis:service=RaftServer,group=group-7A478C88B470,id=5a71a179-55eb-4892-abf8-88945be6e430
2019-09-24 11:18:54,942 [ForkJoinPool.commonPool-worker-0] INFO  impl.RoleInfo (RoleInfo.java:shutdownFollowerState(121)) - 5a71a179-55eb-4892-abf8-88945be6e430: shutdown FollowerState
2019-09-24 11:18:54,942 [ForkJoinPool.commonPool-worker-0] INFO  impl.StateMachineUpdater (StateMachineUpdater.java:stopAndJoin(125)) - 5a71a179-55eb-4892-abf8-88945be6e430@group-7A478C88B470-StateMachineUpdater: set stopIndex = 17
2019-09-24 11:18:54,942 [Thread-3240] INFO  impl.FollowerState (FollowerState.java:run(115)) - 5a71a179-55eb-4892-abf8-88945be6e430: FollowerState was interrupted: java.lang.InterruptedException: sleep interrupted
2019-09-24 11:18:54,942 [5a71a179-55eb-4892-abf8-88945be6e430@group-7A478C88B470-StateMachineUpdater] INFO  ratis.ContainerStateMachine (ContainerStateMachine.java:takeSnapshot(289)) - group-7A478C88B470: Taking a snapshot at:(t:1, i:14) file /workdir/hadoop-ozone/integration-test/target/test-dir/MiniOzoneClusterImpl-40187663-585e-41ed-b8bc-b85aa484b511/datanode-2/data/ratis/fcd4619e-90cc-45f8-88d9-7a478c88b470/sm/snapshot.1_14
2019-09-24 11:18:54,946 [main] INFO  ozoneimpl.OzoneContainer (OzoneContainer.java:stop(231)) - Attempting to stop container services.
2019-09-24 11:18:54,946 [main] INFO  impl.RaftServerProxy (RaftServerProxy.java:lambda$close$4(314)) - 2f081810-8a16-4ad4-b1e8-4f35666036b9: close
2019-09-24 11:18:54,947 [main] INFO  impl.RaftServerImpl (RaftServerImpl.java:lambda$shutdown$3(251)) - 2f081810-8a16-4ad4-b1e8-4f35666036b9@group-19BEAD9E5245: shutdown
2019-09-24 11:18:54,947 [main] INFO  util.JmxRegister (JmxRegister.java:unregister(73)) - Successfully un-registered JMX Bean with object name Ratis:service=RaftServer,group=group-19BEAD9E5245,id=2f081810-8a16-4ad4-b1e8-4f35666036b9
2019-09-24 11:18:54,947 [main] INFO  impl.RoleInfo (RoleInfo.java:shutdownFollowerState(121)) - 2f081810-8a16-4ad4-b1e8-4f35666036b9: shutdown FollowerState
2019-09-24 11:18:54,947 [main] INFO  impl.StateMachineUpdater (StateMachineUpdater.java:stopAndJoin(125)) - 2f081810-8a16-4ad4-b1e8-4f35666036b9@group-19BEAD9E5245-StateMachineUpdater: set stopIndex = 15
2019-09-24 11:18:54,947 [Thread-3197] INFO  impl.FollowerState (FollowerState.java:run(115)) - 2f081810-8a16-4ad4-b1e8-4f35666036b9: FollowerState was interrupted: java.lang.InterruptedException: sleep interrupted
2019-09-24 11:18:54,947 [2f081810-8a16-4ad4-b1e8-4f35666036b9@group-19BEAD9E5245-StateMachineUpdater] INFO  ratis.ContainerStateMachine (ContainerStateMachine.java:takeSnapshot(289)) - group-19BEAD9E5245: Taking a snapshot at:(t:2, i:13) file /workdir/hadoop-ozone/integration-test/target/test-dir/MiniOzoneClusterImpl-40187663-585e-41ed-b8bc-b85aa484b511/datanode-3/data/ratis/7495e1d3-94de-4157-8a48-19bead9e5245/sm/snapshot.2_13
2019-09-24 11:18:54,958 [2f081810-8a16-4ad4-b1e8-4f35666036b9@group-19BEAD9E5245-StateMachineUpdater] INFO  ratis.ContainerStateMachine (ContainerStateMachine.java:takeSnapshot(300)) - group-19BEAD9E5245: Finished taking a snapshot at:(t:2, i:13) file:/workdir/hadoop-ozone/integration-test/target/test-dir/MiniOzoneClusterImpl-40187663-585e-41ed-b8bc-b85aa484b511/datanode-3/data/ratis/7495e1d3-94de-4157-8a48-19bead9e5245/sm/snapshot.2_13 time:11
2019-09-24 11:18:54,958 [5a71a179-55eb-4892-abf8-88945be6e430@group-7A478C88B470-StateMachineUpdater] INFO  ratis.ContainerStateMachine (ContainerStateMachine.java:takeSnapshot(300)) - group-7A478C88B470: Finished taking a snapshot at:(t:1, i:14) file:/workdir/hadoop-ozone/integration-test/target/test-dir/MiniOzoneClusterImpl-40187663-585e-41ed-b8bc-b85aa484b511/datanode-2/data/ratis/fcd4619e-90cc-45f8-88d9-7a478c88b470/sm/snapshot.1_14 time:16
2019-09-24 11:18:54,959 [5a71a179-55eb-4892-abf8-88945be6e430@group-7A478C88B470-StateMachineUpdater] INFO  impl.StateMachineUpdater (StateMachineUpdater.java:takeSnapshot(258)) - 5a71a179-55eb-4892-abf8-88945be6e430@group-7A478C88B470-StateMachineUpdater: Took a snapshot at index 14
2019-09-24 11:18:54,959 [2f081810-8a16-4ad4-b1e8-4f35666036b9@group-19BEAD9E5245-StateMachineUpdater] INFO  impl.StateMachineUpdater (StateMachineUpdater.java:takeSnapshot(258)) - 2f081810-8a16-4ad4-b1e8-4f35666036b9@group-19BEAD9E5245-StateMachineUpdater: Took a snapshot at index 13
2019-09-24 11:18:54,959 [2f081810-8a16-4ad4-b1e8-4f35666036b9@group-19BEAD9E5245-StateMachineUpdater] INFO  impl.StateMachineUpdater (StateMachineUpdater.java:lambda$new$0(83)) - 2f081810-8a16-4ad4-b1e8-4f35666036b9@group-19BEAD9E5245-StateMachineUpdater: snapshotIndex: updateIncreasingly -1 -> 13
2019-09-24 11:18:54,959 [5a71a179-55eb-4892-abf8-88945be6e430@group-7A478C88B470-StateMachineUpdater] INFO  impl.StateMachineUpdater (StateMachineUpdater.java:lambda$new$0(83)) - 5a71a179-55eb-4892-abf8-88945be6e430@group-7A478C88B470-StateMachineUpdater: snapshotIndex: updateIncreasingly -1 -> 14
2019-09-24 11:18:54,959 [2f081810-8a16-4ad4-b1e8-4f35666036b9@group-19BEAD9E5245-StateMachineUpdater] INFO  ratis.ContainerStateMachine (ContainerStateMachine.java:takeSnapshot(289)) - group-19BEAD9E5245: Taking a snapshot at:(t:2, i:13) file /workdir/hadoop-ozone/integration-test/target/test-dir/MiniOzoneClusterImpl-40187663-585e-41ed-b8bc-b85aa484b511/datanode-3/data/ratis/7495e1d3-94de-4157-8a48-19bead9e5245/sm/snapshot.2_13
2019-09-24 11:18:54,959 [5a71a179-55eb-4892-abf8-88945be6e430@group-7A478C88B470-StateMachineUpdater] INFO  ratis.ContainerStateMachine (ContainerStateMachine.java:takeSnapshot(289)) - group-7A478C88B470: Taking a snapshot at:(t:1, i:14) file /workdir/hadoop-ozone/integration-test/target/test-dir/MiniOzoneClusterImpl-40187663-585e-41ed-b8bc-b85aa484b511/datanode-2/data/ratis/fcd4619e-90cc-45f8-88d9-7a478c88b470/sm/snapshot.1_14
2019-09-24 11:18:54,973 [5a71a179-55eb-4892-abf8-88945be6e430@group-7A478C88B470-StateMachineUpdater] INFO  ratis.ContainerStateMachine (ContainerStateMachine.java:takeSnapshot(300)) - group-7A478C88B470: Finished taking a snapshot at:(t:1, i:14) file:/workdir/hadoop-ozone/integration-test/target/test-dir/MiniOzoneClusterImpl-40187663-585e-41ed-b8bc-b85aa484b511/datanode-2/data/ratis/fcd4619e-90cc-45f8-88d9-7a478c88b470/sm/snapshot.1_14 time:14
2019-09-24 11:18:54,973 [2f081810-8a16-4ad4-b1e8-4f35666036b9@group-19BEAD9E5245-StateMachineUpdater] INFO  ratis.ContainerStateMachine (ContainerStateMachine.java:takeSnapshot(300)) - group-19BEAD9E5245: Finished taking a snapshot at:(t:2, i:13) file:/workdir/hadoop-ozone/integration-test/target/test-dir/MiniOzoneClusterImpl-40187663-585e-41ed-b8bc-b85aa484b511/datanode-3/data/ratis/7495e1d3-94de-4157-8a48-19bead9e5245/sm/snapshot.2_13 time:14
2019-09-24 11:18:54,973 [5a71a179-55eb-4892-abf8-88945be6e430@group-7A478C88B470-StateMachineUpdater] INFO  impl.StateMachineUpdater (StateMachineUpdater.java:takeSnapshot(258)) - 5a71a179-55eb-4892-abf8-88945be6e430@group-7A478C88B470-StateMachineUpdater: Took a snapshot at index 14
2019-09-24 11:18:54,973 [5a71a179-55eb-4892-abf8-88945be6e430@group-7A478C88B470-StateMachineUpdater] INFO  impl.StateMachineUpdater (StateMachineUpdater.java:lambda$new$0(83)) - 5a71a179-55eb-4892-abf8-88945be6e430@group-7A478C88B470-StateMachineUpdater: snapshotIndex: updateIncreasingly 14 -> 14
2019-09-24 11:18:54,973 [2f081810-8a16-4ad4-b1e8-4f35666036b9@group-19BEAD9E5245-StateMachineUpdater] INFO  impl.StateMachineUpdater (StateMachineUpdater.java:takeSnapshot(258)) - 2f081810-8a16-4ad4-b1e8-4f35666036b9@group-19BEAD9E5245-StateMachineUpdater: Took a snapshot at index 13
2019-09-24 11:18:54,973 [2f081810-8a16-4ad4-b1e8-4f35666036b9@group-19BEAD9E5245-StateMachineUpdater] INFO  impl.StateMachineUpdater (StateMachineUpdater.java:lambda$new$0(83)) - 2f081810-8a16-4ad4-b1e8-4f35666036b9@group-19BEAD9E5245-StateMachineUpdater: snapshotIndex: updateIncreasingly 13 -> 13
2019-09-24 11:18:54,973 [ForkJoinPool.commonPool-worker-0] INFO  impl.RaftServerImpl (ServerState.java:close(385)) - 5a71a179-55eb-4892-abf8-88945be6e430@group-7A478C88B470: closes. applyIndex: 17
2019-09-24 11:18:54,974 [main] INFO  impl.RaftServerImpl (ServerState.java:close(385)) - 2f081810-8a16-4ad4-b1e8-4f35666036b9@group-19BEAD9E5245: closes. applyIndex: 15
2019-09-24 11:18:54,974 [5a71a179-55eb-4892-abf8-88945be6e430@group-7A478C88B470-SegmentedRaftLogWorker] INFO  segmented.SegmentedRaftLogWorker (SegmentedRaftLogWorker.java:run(313)) - 5a71a179-55eb-4892-abf8-88945be6e430@group-7A478C88B470-SegmentedRaftLogWorker was interrupted, exiting. There are 0 tasks remaining in the queue.
2019-09-24 11:18:54,974 [2f081810-8a16-4ad4-b1e8-4f35666036b9@group-19BEAD9E5245-SegmentedRaftLogWorker] INFO  segmented.SegmentedRaftLogWorker (SegmentedRaftLogWorker.java:run(313)) - 2f081810-8a16-4ad4-b1e8-4f35666036b9@group-19BEAD9E5245-SegmentedRaftLogWorker was interrupted, exiting. There are 0 tasks remaining in the queue.
2019-09-24 11:18:54,976 [ForkJoinPool.commonPool-worker-0] INFO  segmented.SegmentedRaftLogWorker (SegmentedRaftLogWorker.java:close(228)) - 5a71a179-55eb-4892-abf8-88945be6e430@group-7A478C88B470-SegmentedRaftLogWorker close()
2019-09-24 11:18:54,976 [main] INFO  segmented.SegmentedRaftLogWorker (SegmentedRaftLogWorker.java:close(228)) - 2f081810-8a16-4ad4-b1e8-4f35666036b9@group-19BEAD9E5245-SegmentedRaftLogWorker close()
2019-09-24 11:18:54,978 [ForkJoinPool.commonPool-worker-0] INFO  impl.RaftServerImpl (RaftServerImpl.java:lambda$shutdown$3(251)) - 5a71a179-55eb-4892-abf8-88945be6e430@group-1D1867BEF246: shutdown
2019-09-24 11:18:54,981 [main] INFO  impl.RaftServerImpl (RaftServerImpl.java:lambda$shutdown$3(251)) - 2f081810-8a16-4ad4-b1e8-4f35666036b9@group-35355318244D: shutdown
2019-09-24 11:18:54,981 [ForkJoinPool.commonPool-worker-0] INFO  util.JmxRegister (JmxRegister.java:unregister(73)) - Successfully un-registered JMX Bean with object name Ratis:service=RaftServer,group=group-1D1867BEF246,id=5a71a179-55eb-4892-abf8-88945be6e430
2019-09-24 11:18:54,982 [main] INFO  util.JmxRegister (JmxRegister.java:unregister(73)) - Successfully un-registered JMX Bean with object name Ratis:service=RaftServer,group=group-35355318244D,id=2f081810-8a16-4ad4-b1e8-4f35666036b9
2019-09-24 11:18:54,982 [ForkJoinPool.commonPool-worker-0] INFO  impl.RoleInfo (RoleInfo.java:shutdownLeaderState(104)) - 5a71a179-55eb-4892-abf8-88945be6e430: shutdown LeaderState
2019-09-24 11:18:54,982 [main] INFO  impl.RoleInfo (RoleInfo.java:shutdownLeaderState(104)) - 2f081810-8a16-4ad4-b1e8-4f35666036b9: shutdown LeaderState
2019-09-24 11:18:54,982 [ForkJoinPool.commonPool-worker-0] INFO  impl.PendingRequests (PendingRequests.java:sendNotLeaderResponses(202)) - 5a71a179-55eb-4892-abf8-88945be6e430-PendingRequests: sendNotLeaderResponses
2019-09-24 11:18:54,983 [main] INFO  impl.PendingRequests (PendingRequests.java:sendNotLeaderResponses(202)) - 2f081810-8a16-4ad4-b1e8-4f35666036b9-PendingRequests: sendNotLeaderResponses
2019-09-24 11:18:54,983 [ForkJoinPool.commonPool-worker-0] INFO  impl.StateMachineUpdater (StateMachineUpdater.java:stopAndJoin(125)) - 5a71a179-55eb-4892-abf8-88945be6e430@group-1D1867BEF246-StateMachineUpdater: set stopIndex = 0
2019-09-24 11:18:54,983 [main] INFO  impl.StateMachineUpdater (StateMachineUpdater.java:stopAndJoin(125)) - 2f081810-8a16-4ad4-b1e8-4f35666036b9@group-35355318244D-StateMachineUpdater: set stopIndex = 0
2019-09-24 11:18:54,983 [ForkJoinPool.commonPool-worker-0] INFO  impl.RaftServerImpl (ServerState.java:close(385)) - 5a71a179-55eb-4892-abf8-88945be6e430@group-1D1867BEF246: closes. applyIndex: 0
2019-09-24 11:18:54,984 [main] INFO  impl.RaftServerImpl (ServerState.java:close(385)) - 2f081810-8a16-4ad4-b1e8-4f35666036b9@group-35355318244D: closes. applyIndex: 0
2019-09-24 11:18:54,984 [5a71a179-55eb-4892-abf8-88945be6e430@group-1D1867BEF246-SegmentedRaftLogWorker] INFO  segmented.SegmentedRaftLogWorker (SegmentedRaftLogWorker.java:run(313)) - 5a71a179-55eb-4892-abf8-88945be6e430@group-1D1867BEF246-SegmentedRaftLogWorker was interrupted, exiting. There are 0 tasks remaining in the queue.
2019-09-24 11:18:54,986 [2f081810-8a16-4ad4-b1e8-4f35666036b9@group-35355318244D-SegmentedRaftLogWorker] INFO  segmented.SegmentedRaftLogWorker (SegmentedRaftLogWorker.java:run(313)) - 2f081810-8a16-4ad4-b1e8-4f35666036b9@group-35355318244D-SegmentedRaftLogWorker was interrupted, exiting. There are 0 tasks remaining in the queue.
2019-09-24 11:18:54,986 [ForkJoinPool.commonPool-worker-0] INFO  segmented.SegmentedRaftLogWorker (SegmentedRaftLogWorker.java:close(228)) - 5a71a179-55eb-4892-abf8-88945be6e430@group-1D1867BEF246-SegmentedRaftLogWorker close()
2019-09-24 11:18:54,988 [main] INFO  segmented.SegmentedRaftLogWorker (SegmentedRaftLogWorker.java:close(228)) - 2f081810-8a16-4ad4-b1e8-4f35666036b9@group-35355318244D-SegmentedRaftLogWorker close()
2019-09-24 11:18:54,990 [ForkJoinPool.commonPool-worker-0] INFO  server.GrpcService (GrpcService.java:closeImpl(164)) - 5a71a179-55eb-4892-abf8-88945be6e430: shutdown server with port 41133 now
2019-09-24 11:18:54,991 [ForkJoinPool.commonPool-worker-0] INFO  server.GrpcService (GrpcService.java:closeImpl(172)) - 5a71a179-55eb-4892-abf8-88945be6e430: shutdown server with port 41133 successfully
2019-09-24 11:18:54,993 [main] INFO  server.GrpcService (GrpcService.java:closeImpl(164)) - 2f081810-8a16-4ad4-b1e8-4f35666036b9: shutdown server with port 46567 now
2019-09-24 11:18:54,995 [refreshUsed-/workdir/hadoop-ozone/integration-test/target/test-dir/MiniOzoneClusterImpl-40187663-585e-41ed-b8bc-b85aa484b511/datanode-2/data/containers] WARN  fs.CachingGetSpaceUsed (CachingGetSpaceUsed.java:run(183)) - Thread Interrupted waiting to refresh disk information: sleep interrupted
2019-09-24 11:18:54,995 [main] INFO  server.GrpcService (GrpcService.java:closeImpl(172)) - 2f081810-8a16-4ad4-b1e8-4f35666036b9: shutdown server with port 46567 successfully
2019-09-24 11:18:54,998 [refreshUsed-/workdir/hadoop-ozone/integration-test/target/test-dir/MiniOzoneClusterImpl-40187663-585e-41ed-b8bc-b85aa484b511/datanode-3/data/containers] WARN  fs.CachingGetSpaceUsed (CachingGetSpaceUsed.java:run(183)) - Thread Interrupted waiting to refresh disk information: sleep interrupted
2019-09-24 11:18:55,017 [ForkJoinPool.commonPool-worker-0] INFO  utils.BackgroundService (BackgroundService.java:shutdown(148)) - Shutting down service BlockDeletingService
2019-09-24 11:18:55,018 [main] INFO  utils.BackgroundService (BackgroundService.java:shutdown(148)) - Shutting down service BlockDeletingService
2019-09-24 11:18:55,023 [ForkJoinPool.commonPool-worker-0] INFO  statemachine.DatanodeStateMachine (DatanodeStateMachine.java:stopDaemon(395)) - Ozone container server stopped.
2019-09-24 11:18:55,024 [main] INFO  statemachine.DatanodeStateMachine (DatanodeStateMachine.java:stopDaemon(395)) - Ozone container server stopped.
2019-09-24 11:18:55,028 [ForkJoinPool.commonPool-worker-0] INFO  handler.ContextHandler (ContextHandler.java:doStop(910)) - Stopped o.e.j.w.WebAppContext@7741ae1b{/,null,UNAVAILABLE}{/hddsDatanode}
2019-09-24 11:18:55,028 [main] INFO  handler.ContextHandler (ContextHandler.java:doStop(910)) - Stopped o.e.j.w.WebAppContext@79ca7bea{/,null,UNAVAILABLE}{/hddsDatanode}
2019-09-24 11:18:55,029 [main] INFO  server.AbstractConnector (AbstractConnector.java:doStop(318)) - Stopped ServerConnector@54f6b629{HTTP/1.1,[http/1.1]}{0.0.0.0:0}
2019-09-24 11:18:55,029 [ForkJoinPool.commonPool-worker-0] INFO  server.AbstractConnector (AbstractConnector.java:doStop(318)) - Stopped ServerConnector@50e5032c{HTTP/1.1,[http/1.1]}{0.0.0.0:0}
2019-09-24 11:18:55,029 [main] INFO  handler.ContextHandler (ContextHandler.java:doStop(910)) - Stopped o.e.j.s.ServletContextHandler@48499739{/static,jar:file:/home/user/.m2/repository/org/apache/hadoop/hadoop-hdds-container-service/0.5.0-SNAPSHOT/hadoop-hdds-container-service-0.5.0-SNAPSHOT.jar!/webapps/static,UNAVAILABLE}
2019-09-24 11:18:55,030 [ForkJoinPool.commonPool-worker-0] INFO  handler.ContextHandler (ContextHandler.java:doStop(910)) - Stopped o.e.j.s.ServletContextHandler@49232c6f{/static,jar:file:/home/user/.m2/repository/org/apache/hadoop/hadoop-hdds-container-service/0.5.0-SNAPSHOT/hadoop-hdds-container-service-0.5.0-SNAPSHOT.jar!/webapps/static,UNAVAILABLE}
2019-09-24 11:18:55,031 [main] INFO  handler.ContextHandler (ContextHandler.java:doStop(910)) - Stopped o.e.j.s.ServletContextHandler@7ceb6c45{/logs,file:///workdir/hadoop-ozone/integration-test/target/log,UNAVAILABLE}
2019-09-24 11:18:55,032 [ForkJoinPool.commonPool-worker-0] INFO  handler.ContextHandler (ContextHandler.java:doStop(910)) - Stopped o.e.j.s.ServletContextHandler@2365ea38{/logs,file:///workdir/hadoop-ozone/integration-test/target/log,UNAVAILABLE}
2019-09-24 11:18:55,219 [Datanode State Machine Thread - 0] INFO  statemachine.DatanodeStateMachine (DatanodeStateMachine.java:lambda$startDaemon$0(350)) - Ozone container server started.
2019-09-24 11:18:55,632 [Datanode State Machine Thread - 0] INFO  statemachine.DatanodeStateMachine (DatanodeStateMachine.java:lambda$startDaemon$0(350)) - Ozone container server started.
2019-09-24 11:18:59,256 [EventQueue-StaleNodeForStaleNodeHandler] INFO  node.StaleNodeHandler (StaleNodeHandler.java:onMessage(58)) - Datanode 6fbe9392-c3cb-4124-a52f-02b22ed2aec3{ip: 192.168.5.168, host: pr-hdds-2067-q68gx-839588832, networkLocation: /default-rack, certSerialId: null} moved to stale state. Finalizing its pipelines [PipelineID=1d62aa6b-90f5-4b00-8075-feead49b4ff1]
2019-09-24 11:18:59,260 [EventQueue-StaleNodeForStaleNodeHandler] INFO  pipeline.SCMPipelineManager (SCMPipelineManager.java:finalizeAndDestroyPipeline(315)) - destroying pipeline:Pipeline[ Id: 1d62aa6b-90f5-4b00-8075-feead49b4ff1, Nodes: 6fbe9392-c3cb-4124-a52f-02b22ed2aec3{ip: 192.168.5.168, host: pr-hdds-2067-q68gx-839588832, networkLocation: /default-rack, certSerialId: null}, Type:RATIS, Factor:ONE, State:OPEN]
2019-09-24 11:18:59,261 [EventQueue-StaleNodeForStaleNodeHandler] INFO  pipeline.PipelineStateManager (PipelineStateManager.java:finalizePipeline(123)) - Pipeline Pipeline[ Id: 1d62aa6b-90f5-4b00-8075-feead49b4ff1, Nodes: 6fbe9392-c3cb-4124-a52f-02b22ed2aec3{ip: 192.168.5.168, host: pr-hdds-2067-q68gx-839588832, networkLocation: /default-rack, certSerialId: null}, Type:RATIS, Factor:ONE, State:CLOSED] moved to CLOSED state
2019-09-24 11:18:59,656 [EventQueue-StaleNodeForStaleNodeHandler] INFO  node.StaleNodeHandler (StaleNodeHandler.java:onMessage(58)) - Datanode 96abde27-51e3-4584-b631-6c6622a6cfdc{ip: 192.168.5.168, host: pr-hdds-2067-q68gx-839588832, networkLocation: /default-rack, certSerialId: null} moved to stale state. Finalizing its pipelines [PipelineID=7495e1d3-94de-4157-8a48-19bead9e5245, PipelineID=fbcdb138-ab17-48e2-b1b1-4c807d302a05]
2019-09-24 11:18:59,656 [EventQueue-StaleNodeForStaleNodeHandler] INFO  pipeline.SCMPipelineManager (SCMPipelineManager.java:finalizeAndDestroyPipeline(315)) - destroying pipeline:Pipeline[ Id: 7495e1d3-94de-4157-8a48-19bead9e5245, Nodes: 96abde27-51e3-4584-b631-6c6622a6cfdc{ip: 192.168.5.168, host: pr-hdds-2067-q68gx-839588832, networkLocation: /default-rack, certSerialId: null}8cab83c2-a74a-4ed7-b92f-ceab93cc65b5{ip: 192.168.5.168, host: pr-hdds-2067-q68gx-839588832, networkLocation: /default-rack, certSerialId: null}2f081810-8a16-4ad4-b1e8-4f35666036b9{ip: 192.168.5.168, host: pr-hdds-2067-q68gx-839588832, networkLocation: /default-rack, certSerialId: null}, Type:RATIS, Factor:THREE, State:CLOSED]
2019-09-24 11:18:59,656 [EventQueue-StaleNodeForStaleNodeHandler] INFO  pipeline.SCMPipelineManager (SCMPipelineManager.java:finalizeAndDestroyPipeline(315)) - destroying pipeline:Pipeline[ Id: fbcdb138-ab17-48e2-b1b1-4c807d302a05, Nodes: 96abde27-51e3-4584-b631-6c6622a6cfdc{ip: 192.168.5.168, host: pr-hdds-2067-q68gx-839588832, networkLocation: /default-rack, certSerialId: null}, Type:RATIS, Factor:ONE, State:OPEN]
2019-09-24 11:18:59,657 [EventQueue-StaleNodeForStaleNodeHandler] INFO  pipeline.PipelineStateManager (PipelineStateManager.java:finalizePipeline(123)) - Pipeline Pipeline[ Id: fbcdb138-ab17-48e2-b1b1-4c807d302a05, Nodes: 96abde27-51e3-4584-b631-6c6622a6cfdc{ip: 192.168.5.168, host: pr-hdds-2067-q68gx-839588832, networkLocation: /default-rack, certSerialId: null}, Type:RATIS, Factor:ONE, State:CLOSED] moved to CLOSED state
2019-09-24 11:18:59,842 [Thread-3196] INFO  impl.FollowerState (FollowerState.java:run(106)) - 96abde27-51e3-4584-b631-6c6622a6cfdc:group-19BEAD9E5245 changes to CANDIDATE, lastRpcTime:10036, electionTimeout:5072ms
2019-09-24 11:18:59,845 [Thread-3196] INFO  impl.RoleInfo (RoleInfo.java:shutdownFollowerState(121)) - 96abde27-51e3-4584-b631-6c6622a6cfdc: shutdown FollowerState
2019-09-24 11:18:59,845 [Thread-3196] INFO  impl.RaftServerImpl (RaftServerImpl.java:setRole(174)) - 96abde27-51e3-4584-b631-6c6622a6cfdc@group-19BEAD9E5245: changes role from  FOLLOWER to CANDIDATE at term 2 for changeToCandidate
2019-09-24 11:18:59,846 [Thread-3196] INFO  impl.RoleInfo (RoleInfo.java:updateAndGet(143)) - 96abde27-51e3-4584-b631-6c6622a6cfdc: start LeaderElection
2019-09-24 11:18:59,847 [96abde27-51e3-4584-b631-6c6622a6cfdc@group-19BEAD9E5245:LeaderElection77] INFO  impl.RaftServerImpl (ServerState.java:setLeader(253)) - 96abde27-51e3-4584-b631-6c6622a6cfdc@group-19BEAD9E5245: change Leader from 8cab83c2-a74a-4ed7-b92f-ceab93cc65b5 to null at term 2 for initElection
2019-09-24 11:18:59,882 [96abde27-51e3-4584-b631-6c6622a6cfdc@group-19BEAD9E5245:LeaderElection77] INFO  impl.LeaderElection (LeaderElection.java:askForVotes(182)) - 96abde27-51e3-4584-b631-6c6622a6cfdc@group-19BEAD9E5245:LeaderElection77: begin an election at term 3 for 0: [2f081810-8a16-4ad4-b1e8-4f35666036b9:192.168.5.168:46567, 96abde27-51e3-4584-b631-6c6622a6cfdc:192.168.5.168:44280, 8cab83c2-a74a-4ed7-b92f-ceab93cc65b5:192.168.5.168:39485], old=null
2019-09-24 11:18:59,888 [96abde27-51e3-4584-b631-6c6622a6cfdc@group-19BEAD9E5245:LeaderElection77] INFO  impl.LeaderElection (LogUtils.java:infoOrTrace(149)) - 96abde27-51e3-4584-b631-6c6622a6cfdc@group-19BEAD9E5245:LeaderElection77 got exception when requesting votes: {}
java.util.concurrent.ExecutionException: org.apache.ratis.thirdparty.io.grpc.StatusRuntimeException: UNAVAILABLE: io exception
	at java.util.concurrent.FutureTask.report(FutureTask.java:122)
	at java.util.concurrent.FutureTask.get(FutureTask.java:192)
	at org.apache.ratis.server.impl.LeaderElection.waitForResults(LeaderElection.java:263)
	at org.apache.ratis.server.impl.LeaderElection.askForVotes(LeaderElection.java:201)
	at org.apache.ratis.server.impl.LeaderElection.run(LeaderElection.java:133)
	at java.lang.Thread.run(Thread.java:748)
Caused by: org.apache.ratis.thirdparty.io.grpc.StatusRuntimeException: UNAVAILABLE: io exception
	at org.apache.ratis.thirdparty.io.grpc.stub.ClientCalls.toStatusRuntimeException(ClientCalls.java:233)
	at org.apache.ratis.thirdparty.io.grpc.stub.ClientCalls.getUnchecked(ClientCalls.java:214)
	at org.apache.ratis.thirdparty.io.grpc.stub.ClientCalls.blockingUnaryCall(ClientCalls.java:139)
	at org.apache.ratis.proto.grpc.RaftServerProtocolServiceGrpc$RaftServerProtocolServiceBlockingStub.requestVote(RaftServerProtocolServiceGrpc.java:265)
	at org.apache.ratis.grpc.server.GrpcServerProtocolClient.requestVote(GrpcServerProtocolClient.java:90)
	at org.apache.ratis.grpc.server.GrpcService.requestVote(GrpcService.java:204)
	at org.apache.ratis.server.impl.LeaderElection.lambda$submitRequests$1(LeaderElection.java:238)
	at java.util.concurrent.FutureTask.run(FutureTask.java:266)
	at java.util.concurrent.Executors$RunnableAdapter.call(Executors.java:511)
	at java.util.concurrent.FutureTask.run(FutureTask.java:266)
	at java.util.concurrent.ThreadPoolExecutor.runWorker(ThreadPoolExecutor.java:1149)
	at java.util.concurrent.ThreadPoolExecutor$Worker.run(ThreadPoolExecutor.java:624)
	... 1 more
Caused by: org.apache.ratis.thirdparty.io.netty.channel.AbstractChannel$AnnotatedConnectException: Connection refused: /192.168.5.168:46567
	at sun.nio.ch.SocketChannelImpl.checkConnect(Native Method)
	at sun.nio.ch.SocketChannelImpl.finishConnect(SocketChannelImpl.java:717)
	at org.apache.ratis.thirdparty.io.netty.channel.socket.nio.NioSocketChannel.doFinishConnect(NioSocketChannel.java:327)
	at org.apache.ratis.thirdparty.io.netty.channel.nio.AbstractNioChannel$AbstractNioUnsafe.finishConnect(AbstractNioChannel.java:340)
	at org.apache.ratis.thirdparty.io.netty.channel.nio.NioEventLoop.processSelectedKey(NioEventLoop.java:632)
	at org.apache.ratis.thirdparty.io.netty.channel.nio.NioEventLoop.processSelectedKeysOptimized(NioEventLoop.java:579)
	at org.apache.ratis.thirdparty.io.netty.channel.nio.NioEventLoop.processSelectedKeys(NioEventLoop.java:496)
	at org.apache.ratis.thirdparty.io.netty.channel.nio.NioEventLoop.run(NioEventLoop.java:458)
	at org.apache.ratis.thirdparty.io.netty.util.concurrent.SingleThreadEventExecutor$5.run(SingleThreadEventExecutor.java:897)
	at org.apache.ratis.thirdparty.io.netty.util.concurrent.FastThreadLocalRunnable.run(FastThreadLocalRunnable.java:30)
	... 1 more
Caused by: java.net.ConnectException: Connection refused
	... 11 more
2019-09-24 11:18:59,889 [96abde27-51e3-4584-b631-6c6622a6cfdc@group-19BEAD9E5245:LeaderElection77] INFO  impl.LeaderElection (LogUtils.java:infoOrTrace(149)) - 96abde27-51e3-4584-b631-6c6622a6cfdc@group-19BEAD9E5245:LeaderElection77 got exception when requesting votes: {}
java.util.concurrent.ExecutionException: org.apache.ratis.thirdparty.io.grpc.StatusRuntimeException: UNAVAILABLE: io exception
	at java.util.concurrent.FutureTask.report(FutureTask.java:122)
	at java.util.concurrent.FutureTask.get(FutureTask.java:192)
	at org.apache.ratis.server.impl.LeaderElection.waitForResults(LeaderElection.java:263)
	at org.apache.ratis.server.impl.LeaderElection.askForVotes(LeaderElection.java:201)
	at org.apache.ratis.server.impl.LeaderElection.run(LeaderElection.java:133)
	at java.lang.Thread.run(Thread.java:748)
Caused by: org.apache.ratis.thirdparty.io.grpc.StatusRuntimeException: UNAVAILABLE: io exception
	at org.apache.ratis.thirdparty.io.grpc.stub.ClientCalls.toStatusRuntimeException(ClientCalls.java:233)
	at org.apache.ratis.thirdparty.io.grpc.stub.ClientCalls.getUnchecked(ClientCalls.java:214)
	at org.apache.ratis.thirdparty.io.grpc.stub.ClientCalls.blockingUnaryCall(ClientCalls.java:139)
	at org.apache.ratis.proto.grpc.RaftServerProtocolServiceGrpc$RaftServerProtocolServiceBlockingStub.requestVote(RaftServerProtocolServiceGrpc.java:265)
	at org.apache.ratis.grpc.server.GrpcServerProtocolClient.requestVote(GrpcServerProtocolClient.java:90)
	at org.apache.ratis.grpc.server.GrpcService.requestVote(GrpcService.java:204)
	at org.apache.ratis.server.impl.LeaderElection.lambda$submitRequests$1(LeaderElection.java:238)
	at java.util.concurrent.FutureTask.run(FutureTask.java:266)
	at java.util.concurrent.Executors$RunnableAdapter.call(Executors.java:511)
	at java.util.concurrent.FutureTask.run(FutureTask.java:266)
	at java.util.concurrent.ThreadPoolExecutor.runWorker(ThreadPoolExecutor.java:1149)
	at java.util.concurrent.ThreadPoolExecutor$Worker.run(ThreadPoolExecutor.java:624)
	... 1 more
Caused by: org.apache.ratis.thirdparty.io.netty.channel.AbstractChannel$AnnotatedConnectException: Connection refused: /192.168.5.168:39485
	at sun.nio.ch.SocketChannelImpl.checkConnect(Native Method)
	at sun.nio.ch.SocketChannelImpl.finishConnect(SocketChannelImpl.java:717)
	at org.apache.ratis.thirdparty.io.netty.channel.socket.nio.NioSocketChannel.doFinishConnect(NioSocketChannel.java:327)
	at org.apache.ratis.thirdparty.io.netty.channel.nio.AbstractNioChannel$AbstractNioUnsafe.finishConnect(AbstractNioChannel.java:340)
	at org.apache.ratis.thirdparty.io.netty.channel.nio.NioEventLoop.processSelectedKey(NioEventLoop.java:632)
	at org.apache.ratis.thirdparty.io.netty.channel.nio.NioEventLoop.processSelectedKeysOptimized(NioEventLoop.java:579)
	at org.apache.ratis.thirdparty.io.netty.channel.nio.NioEventLoop.processSelectedKeys(NioEventLoop.java:496)
	at org.apache.ratis.thirdparty.io.netty.channel.nio.NioEventLoop.run(NioEventLoop.java:458)
	at org.apache.ratis.thirdparty.io.netty.util.concurrent.SingleThreadEventExecutor$5.run(SingleThreadEventExecutor.java:897)
	at org.apache.ratis.thirdparty.io.netty.util.concurrent.FastThreadLocalRunnable.run(FastThreadLocalRunnable.java:30)
	... 1 more
Caused by: java.net.ConnectException: Connection refused
	... 11 more
2019-09-24 11:18:59,891 [96abde27-51e3-4584-b631-6c6622a6cfdc@group-19BEAD9E5245:LeaderElection77] INFO  impl.LeaderElection (LeaderElection.java:logAndReturn(56)) - 96abde27-51e3-4584-b631-6c6622a6cfdc@group-19BEAD9E5245:LeaderElection77: Election REJECTED; received 0 response(s) [] and 2 exception(s); 96abde27-51e3-4584-b631-6c6622a6cfdc@group-19BEAD9E5245:t3, leader=null, voted=96abde27-51e3-4584-b631-6c6622a6cfdc, raftlog=96abde27-51e3-4584-b631-6c6622a6cfdc@group-19BEAD9E5245-SegmentedRaftLog:OPENED:c15,f15,i15, conf=0: [2f081810-8a16-4ad4-b1e8-4f35666036b9:192.168.5.168:46567, 96abde27-51e3-4584-b631-6c6622a6cfdc:192.168.5.168:44280, 8cab83c2-a74a-4ed7-b92f-ceab93cc65b5:192.168.5.168:39485], old=null
2019-09-24 11:18:59,891 [96abde27-51e3-4584-b631-6c6622a6cfdc@group-19BEAD9E5245:LeaderElection77] INFO  impl.LeaderElection (LogUtils.java:infoOrTrace(149)) -   Exception 0: {}
java.util.concurrent.ExecutionException: org.apache.ratis.thirdparty.io.grpc.StatusRuntimeException: UNAVAILABLE: io exception
	at java.util.concurrent.FutureTask.report(FutureTask.java:122)
	at java.util.concurrent.FutureTask.get(FutureTask.java:192)
	at org.apache.ratis.server.impl.LeaderElection.waitForResults(LeaderElection.java:263)
	at org.apache.ratis.server.impl.LeaderElection.askForVotes(LeaderElection.java:201)
	at org.apache.ratis.server.impl.LeaderElection.run(LeaderElection.java:133)
	at java.lang.Thread.run(Thread.java:748)
Caused by: org.apache.ratis.thirdparty.io.grpc.StatusRuntimeException: UNAVAILABLE: io exception
	at org.apache.ratis.thirdparty.io.grpc.stub.ClientCalls.toStatusRuntimeException(ClientCalls.java:233)
	at org.apache.ratis.thirdparty.io.grpc.stub.ClientCalls.getUnchecked(ClientCalls.java:214)
	at org.apache.ratis.thirdparty.io.grpc.stub.ClientCalls.blockingUnaryCall(ClientCalls.java:139)
	at org.apache.ratis.proto.grpc.RaftServerProtocolServiceGrpc$RaftServerProtocolServiceBlockingStub.requestVote(RaftServerProtocolServiceGrpc.java:265)
	at org.apache.ratis.grpc.server.GrpcServerProtocolClient.requestVote(GrpcServerProtocolClient.java:90)
	at org.apache.ratis.grpc.server.GrpcService.requestVote(GrpcService.java:204)
	at org.apache.ratis.server.impl.LeaderElection.lambda$submitRequests$1(LeaderElection.java:238)
	at java.util.concurrent.FutureTask.run(FutureTask.java:266)
	at java.util.concurrent.Executors$RunnableAdapter.call(Executors.java:511)
	at java.util.concurrent.FutureTask.run(FutureTask.java:266)
	at java.util.concurrent.ThreadPoolExecutor.runWorker(ThreadPoolExecutor.java:1149)
	at java.util.concurrent.ThreadPoolExecutor$Worker.run(ThreadPoolExecutor.java:624)
	... 1 more
Caused by: org.apache.ratis.thirdparty.io.netty.channel.AbstractChannel$AnnotatedConnectException: Connection refused: /192.168.5.168:46567
	at sun.nio.ch.SocketChannelImpl.checkConnect(Native Method)
	at sun.nio.ch.SocketChannelImpl.finishConnect(SocketChannelImpl.java:717)
	at org.apache.ratis.thirdparty.io.netty.channel.socket.nio.NioSocketChannel.doFinishConnect(NioSocketChannel.java:327)
	at org.apache.ratis.thirdparty.io.netty.channel.nio.AbstractNioChannel$AbstractNioUnsafe.finishConnect(AbstractNioChannel.java:340)
	at org.apache.ratis.thirdparty.io.netty.channel.nio.NioEventLoop.processSelectedKey(NioEventLoop.java:632)
	at org.apache.ratis.thirdparty.io.netty.channel.nio.NioEventLoop.processSelectedKeysOptimized(NioEventLoop.java:579)
	at org.apache.ratis.thirdparty.io.netty.channel.nio.NioEventLoop.processSelectedKeys(NioEventLoop.java:496)
	at org.apache.ratis.thirdparty.io.netty.channel.nio.NioEventLoop.run(NioEventLoop.java:458)
	at org.apache.ratis.thirdparty.io.netty.util.concurrent.SingleThreadEventExecutor$5.run(SingleThreadEventExecutor.java:897)
	at org.apache.ratis.thirdparty.io.netty.util.concurrent.FastThreadLocalRunnable.run(FastThreadLocalRunnable.java:30)
	... 1 more
Caused by: java.net.ConnectException: Connection refused
	... 11 more
2019-09-24 11:18:59,892 [96abde27-51e3-4584-b631-6c6622a6cfdc@group-19BEAD9E5245:LeaderElection77] INFO  impl.LeaderElection (LogUtils.java:infoOrTrace(149)) -   Exception 1: {}
java.util.concurrent.ExecutionException: org.apache.ratis.thirdparty.io.grpc.StatusRuntimeException: UNAVAILABLE: io exception
	at java.util.concurrent.FutureTask.report(FutureTask.java:122)
	at java.util.concurrent.FutureTask.get(FutureTask.java:192)
	at org.apache.ratis.server.impl.LeaderElection.waitForResults(LeaderElection.java:263)
	at org.apache.ratis.server.impl.LeaderElection.askForVotes(LeaderElection.java:201)
	at org.apache.ratis.server.impl.LeaderElection.run(LeaderElection.java:133)
	at java.lang.Thread.run(Thread.java:748)
Caused by: org.apache.ratis.thirdparty.io.grpc.StatusRuntimeException: UNAVAILABLE: io exception
	at org.apache.ratis.thirdparty.io.grpc.stub.ClientCalls.toStatusRuntimeException(ClientCalls.java:233)
	at org.apache.ratis.thirdparty.io.grpc.stub.ClientCalls.getUnchecked(ClientCalls.java:214)
	at org.apache.ratis.thirdparty.io.grpc.stub.ClientCalls.blockingUnaryCall(ClientCalls.java:139)
	at org.apache.ratis.proto.grpc.RaftServerProtocolServiceGrpc$RaftServerProtocolServiceBlockingStub.requestVote(RaftServerProtocolServiceGrpc.java:265)
	at org.apache.ratis.grpc.server.GrpcServerProtocolClient.requestVote(GrpcServerProtocolClient.java:90)
	at org.apache.ratis.grpc.server.GrpcService.requestVote(GrpcService.java:204)
	at org.apache.ratis.server.impl.LeaderElection.lambda$submitRequests$1(LeaderElection.java:238)
	at java.util.concurrent.FutureTask.run(FutureTask.java:266)
	at java.util.concurrent.Executors$RunnableAdapter.call(Executors.java:511)
	at java.util.concurrent.FutureTask.run(FutureTask.java:266)
	at java.util.concurrent.ThreadPoolExecutor.runWorker(ThreadPoolExecutor.java:1149)
	at java.util.concurrent.ThreadPoolExecutor$Worker.run(ThreadPoolExecutor.java:624)
	... 1 more
Caused by: org.apache.ratis.thirdparty.io.netty.channel.AbstractChannel$AnnotatedConnectException: Connection refused: /192.168.5.168:39485
	at sun.nio.ch.SocketChannelImpl.checkConnect(Native Method)
	at sun.nio.ch.SocketChannelImpl.finishConnect(SocketChannelImpl.java:717)
	at org.apache.ratis.thirdparty.io.netty.channel.socket.nio.NioSocketChannel.doFinishConnect(NioSocketChannel.java:327)
	at org.apache.ratis.thirdparty.io.netty.channel.nio.AbstractNioChannel$AbstractNioUnsafe.finishConnect(AbstractNioChannel.java:340)
	at org.apache.ratis.thirdparty.io.netty.channel.nio.NioEventLoop.processSelectedKey(NioEventLoop.java:632)
	at org.apache.ratis.thirdparty.io.netty.channel.nio.NioEventLoop.processSelectedKeysOptimized(NioEventLoop.java:579)
	at org.apache.ratis.thirdparty.io.netty.channel.nio.NioEventLoop.processSelectedKeys(NioEventLoop.java:496)
	at org.apache.ratis.thirdparty.io.netty.channel.nio.NioEventLoop.run(NioEventLoop.java:458)
	at org.apache.ratis.thirdparty.io.netty.util.concurrent.SingleThreadEventExecutor$5.run(SingleThreadEventExecutor.java:897)
	at org.apache.ratis.thirdparty.io.netty.util.concurrent.FastThreadLocalRunnable.run(FastThreadLocalRunnable.java:30)
	... 1 more
Caused by: java.net.ConnectException: Connection refused
	... 11 more
2019-09-24 11:18:59,892 [96abde27-51e3-4584-b631-6c6622a6cfdc@group-19BEAD9E5245:LeaderElection77] INFO  impl.RaftServerImpl (RaftServerImpl.java:setRole(174)) - 96abde27-51e3-4584-b631-6c6622a6cfdc@group-19BEAD9E5245: changes role from CANDIDATE to FOLLOWER at term 3 for DISCOVERED_A_NEW_TERM
2019-09-24 11:18:59,892 [96abde27-51e3-4584-b631-6c6622a6cfdc@group-19BEAD9E5245:LeaderElection77] INFO  impl.RoleInfo (RoleInfo.java:shutdownLeaderElection(134)) - 96abde27-51e3-4584-b631-6c6622a6cfdc: shutdown LeaderElection
2019-09-24 11:18:59,892 [96abde27-51e3-4584-b631-6c6622a6cfdc@group-19BEAD9E5245:LeaderElection77] INFO  impl.RoleInfo (RoleInfo.java:updateAndGet(143)) - 96abde27-51e3-4584-b631-6c6622a6cfdc: start FollowerState
2019-09-24 11:19:00,034 [ForkJoinPool.commonPool-worker-0] INFO  ozoneimpl.OzoneContainer (OzoneContainer.java:stop(231)) - Attempting to stop container services.
2019-09-24 11:19:00,034 [main] INFO  ozoneimpl.OzoneContainer (OzoneContainer.java:stop(231)) - Attempting to stop container services.
2019-09-24 11:19:00,036 [ForkJoinPool.commonPool-worker-0] INFO  impl.RaftServerProxy (RaftServerProxy.java:lambda$close$4(314)) - 96abde27-51e3-4584-b631-6c6622a6cfdc: close
2019-09-24 11:19:00,037 [main] INFO  impl.RaftServerProxy (RaftServerProxy.java:lambda$close$4(314)) - 6fbe9392-c3cb-4124-a52f-02b22ed2aec3: close
2019-09-24 11:19:00,037 [ForkJoinPool.commonPool-worker-0] INFO  impl.RaftServerImpl (RaftServerImpl.java:lambda$shutdown$3(251)) - 96abde27-51e3-4584-b631-6c6622a6cfdc@group-19BEAD9E5245: shutdown
2019-09-24 11:19:00,037 [main] INFO  impl.RaftServerImpl (RaftServerImpl.java:lambda$shutdown$3(251)) - 6fbe9392-c3cb-4124-a52f-02b22ed2aec3@group-FEEAD49B4FF1: shutdown
2019-09-24 11:19:00,037 [ForkJoinPool.commonPool-worker-0] INFO  util.JmxRegister (JmxRegister.java:unregister(73)) - Successfully un-registered JMX Bean with object name Ratis:service=RaftServer,group=group-19BEAD9E5245,id=96abde27-51e3-4584-b631-6c6622a6cfdc
2019-09-24 11:19:00,038 [main] INFO  util.JmxRegister (JmxRegister.java:unregister(73)) - Successfully un-registered JMX Bean with object name Ratis:service=RaftServer,group=group-FEEAD49B4FF1,id=6fbe9392-c3cb-4124-a52f-02b22ed2aec3
2019-09-24 11:19:00,038 [ForkJoinPool.commonPool-worker-0] INFO  impl.RoleInfo (RoleInfo.java:shutdownFollowerState(121)) - 96abde27-51e3-4584-b631-6c6622a6cfdc: shutdown FollowerState
2019-09-24 11:19:00,039 [main] INFO  impl.RoleInfo (RoleInfo.java:shutdownLeaderState(104)) - 6fbe9392-c3cb-4124-a52f-02b22ed2aec3: shutdown LeaderState
2019-09-24 11:19:00,039 [Thread-3317] INFO  impl.FollowerState (FollowerState.java:run(115)) - 96abde27-51e3-4584-b631-6c6622a6cfdc: FollowerState was interrupted: java.lang.InterruptedException: sleep interrupted
2019-09-24 11:19:00,039 [ForkJoinPool.commonPool-worker-0] INFO  impl.StateMachineUpdater (StateMachineUpdater.java:stopAndJoin(125)) - 96abde27-51e3-4584-b631-6c6622a6cfdc@group-19BEAD9E5245-StateMachineUpdater: set stopIndex = 15
2019-09-24 11:19:00,039 [96abde27-51e3-4584-b631-6c6622a6cfdc@group-19BEAD9E5245-StateMachineUpdater] INFO  ratis.ContainerStateMachine (ContainerStateMachine.java:takeSnapshot(289)) - group-19BEAD9E5245: Taking a snapshot at:(t:2, i:13) file /workdir/hadoop-ozone/integration-test/target/test-dir/MiniOzoneClusterImpl-40187663-585e-41ed-b8bc-b85aa484b511/datanode-5/data/ratis/7495e1d3-94de-4157-8a48-19bead9e5245/sm/snapshot.2_13
2019-09-24 11:19:00,041 [main] INFO  impl.PendingRequests (PendingRequests.java:sendNotLeaderResponses(202)) - 6fbe9392-c3cb-4124-a52f-02b22ed2aec3-PendingRequests: sendNotLeaderResponses
2019-09-24 11:19:00,042 [main] INFO  impl.StateMachineUpdater (StateMachineUpdater.java:stopAndJoin(125)) - 6fbe9392-c3cb-4124-a52f-02b22ed2aec3@group-FEEAD49B4FF1-StateMachineUpdater: set stopIndex = 0
2019-09-24 11:19:00,042 [main] INFO  impl.RaftServerImpl (ServerState.java:close(385)) - 6fbe9392-c3cb-4124-a52f-02b22ed2aec3@group-FEEAD49B4FF1: closes. applyIndex: 0
2019-09-24 11:19:00,043 [6fbe9392-c3cb-4124-a52f-02b22ed2aec3@group-FEEAD49B4FF1-SegmentedRaftLogWorker] INFO  segmented.SegmentedRaftLogWorker (SegmentedRaftLogWorker.java:run(313)) - 6fbe9392-c3cb-4124-a52f-02b22ed2aec3@group-FEEAD49B4FF1-SegmentedRaftLogWorker was interrupted, exiting. There are 0 tasks remaining in the queue.
2019-09-24 11:19:00,045 [main] INFO  segmented.SegmentedRaftLogWorker (SegmentedRaftLogWorker.java:close(228)) - 6fbe9392-c3cb-4124-a52f-02b22ed2aec3@group-FEEAD49B4FF1-SegmentedRaftLogWorker close()
2019-09-24 11:19:00,048 [main] INFO  server.GrpcService (GrpcService.java:closeImpl(164)) - 6fbe9392-c3cb-4124-a52f-02b22ed2aec3: shutdown server with port 37958 now
2019-09-24 11:19:00,049 [main] INFO  server.GrpcService (GrpcService.java:closeImpl(172)) - 6fbe9392-c3cb-4124-a52f-02b22ed2aec3: shutdown server with port 37958 successfully
2019-09-24 11:19:00,054 [96abde27-51e3-4584-b631-6c6622a6cfdc@group-19BEAD9E5245-StateMachineUpdater] INFO  ratis.ContainerStateMachine (ContainerStateMachine.java:takeSnapshot(300)) - group-19BEAD9E5245: Finished taking a snapshot at:(t:2, i:13) file:/workdir/hadoop-ozone/integration-test/target/test-dir/MiniOzoneClusterImpl-40187663-585e-41ed-b8bc-b85aa484b511/datanode-5/data/ratis/7495e1d3-94de-4157-8a48-19bead9e5245/sm/snapshot.2_13 time:15
2019-09-24 11:19:00,056 [96abde27-51e3-4584-b631-6c6622a6cfdc@group-19BEAD9E5245-StateMachineUpdater] INFO  impl.StateMachineUpdater (StateMachineUpdater.java:takeSnapshot(258)) - 96abde27-51e3-4584-b631-6c6622a6cfdc@group-19BEAD9E5245-StateMachineUpdater: Took a snapshot at index 13
2019-09-24 11:19:00,056 [96abde27-51e3-4584-b631-6c6622a6cfdc@group-19BEAD9E5245-StateMachineUpdater] INFO  impl.StateMachineUpdater (StateMachineUpdater.java:lambda$new$0(83)) - 96abde27-51e3-4584-b631-6c6622a6cfdc@group-19BEAD9E5245-StateMachineUpdater: snapshotIndex: updateIncreasingly -1 -> 13
2019-09-24 11:19:00,056 [refreshUsed-/workdir/hadoop-ozone/integration-test/target/test-dir/MiniOzoneClusterImpl-40187663-585e-41ed-b8bc-b85aa484b511/datanode-6/data/containers] WARN  fs.CachingGetSpaceUsed (CachingGetSpaceUsed.java:run(183)) - Thread Interrupted waiting to refresh disk information: sleep interrupted
2019-09-24 11:19:00,057 [96abde27-51e3-4584-b631-6c6622a6cfdc@group-19BEAD9E5245-StateMachineUpdater] INFO  ratis.ContainerStateMachine (ContainerStateMachine.java:takeSnapshot(289)) - group-19BEAD9E5245: Taking a snapshot at:(t:2, i:13) file /workdir/hadoop-ozone/integration-test/target/test-dir/MiniOzoneClusterImpl-40187663-585e-41ed-b8bc-b85aa484b511/datanode-5/data/ratis/7495e1d3-94de-4157-8a48-19bead9e5245/sm/snapshot.2_13
2019-09-24 11:19:00,070 [96abde27-51e3-4584-b631-6c6622a6cfdc@group-19BEAD9E5245-StateMachineUpdater] INFO  ratis.ContainerStateMachine (ContainerStateMachine.java:takeSnapshot(300)) - group-19BEAD9E5245: Finished taking a snapshot at:(t:2, i:13) file:/workdir/hadoop-ozone/integration-test/target/test-dir/MiniOzoneClusterImpl-40187663-585e-41ed-b8bc-b85aa484b511/datanode-5/data/ratis/7495e1d3-94de-4157-8a48-19bead9e5245/sm/snapshot.2_13 time:13
2019-09-24 11:19:00,070 [96abde27-51e3-4584-b631-6c6622a6cfdc@group-19BEAD9E5245-StateMachineUpdater] INFO  impl.StateMachineUpdater (StateMachineUpdater.java:takeSnapshot(258)) - 96abde27-51e3-4584-b631-6c6622a6cfdc@group-19BEAD9E5245-StateMachineUpdater: Took a snapshot at index 13
2019-09-24 11:19:00,070 [96abde27-51e3-4584-b631-6c6622a6cfdc@group-19BEAD9E5245-StateMachineUpdater] INFO  impl.StateMachineUpdater (StateMachineUpdater.java:lambda$new$0(83)) - 96abde27-51e3-4584-b631-6c6622a6cfdc@group-19BEAD9E5245-StateMachineUpdater: snapshotIndex: updateIncreasingly 13 -> 13
2019-09-24 11:19:00,070 [ForkJoinPool.commonPool-worker-0] INFO  impl.RaftServerImpl (ServerState.java:close(385)) - 96abde27-51e3-4584-b631-6c6622a6cfdc@group-19BEAD9E5245: closes. applyIndex: 15
2019-09-24 11:19:00,071 [96abde27-51e3-4584-b631-6c6622a6cfdc@group-19BEAD9E5245-SegmentedRaftLogWorker] INFO  segmented.SegmentedRaftLogWorker (SegmentedRaftLogWorker.java:run(313)) - 96abde27-51e3-4584-b631-6c6622a6cfdc@group-19BEAD9E5245-SegmentedRaftLogWorker was interrupted, exiting. There are 0 tasks remaining in the queue.
2019-09-24 11:19:00,072 [ForkJoinPool.commonPool-worker-0] INFO  segmented.SegmentedRaftLogWorker (SegmentedRaftLogWorker.java:close(228)) - 96abde27-51e3-4584-b631-6c6622a6cfdc@group-19BEAD9E5245-SegmentedRaftLogWorker close()
2019-09-24 11:19:00,078 [ForkJoinPool.commonPool-worker-0] INFO  impl.RaftServerImpl (RaftServerImpl.java:lambda$shutdown$3(251)) - 96abde27-51e3-4584-b631-6c6622a6cfdc@group-4C807D302A05: shutdown
2019-09-24 11:19:00,078 [ForkJoinPool.commonPool-worker-0] INFO  util.JmxRegister (JmxRegister.java:unregister(73)) - Successfully un-registered JMX Bean with object name Ratis:service=RaftServer,group=group-4C807D302A05,id=96abde27-51e3-4584-b631-6c6622a6cfdc
2019-09-24 11:19:00,079 [ForkJoinPool.commonPool-worker-0] INFO  impl.RoleInfo (RoleInfo.java:shutdownLeaderState(104)) - 96abde27-51e3-4584-b631-6c6622a6cfdc: shutdown LeaderState
2019-09-24 11:19:00,079 [ForkJoinPool.commonPool-worker-0] INFO  impl.PendingRequests (PendingRequests.java:sendNotLeaderResponses(202)) - 96abde27-51e3-4584-b631-6c6622a6cfdc-PendingRequests: sendNotLeaderResponses
2019-09-24 11:19:00,079 [ForkJoinPool.commonPool-worker-0] INFO  impl.StateMachineUpdater (StateMachineUpdater.java:stopAndJoin(125)) - 96abde27-51e3-4584-b631-6c6622a6cfdc@group-4C807D302A05-StateMachineUpdater: set stopIndex = 0
2019-09-24 11:19:00,079 [ForkJoinPool.commonPool-worker-0] INFO  impl.RaftServerImpl (ServerState.java:close(385)) - 96abde27-51e3-4584-b631-6c6622a6cfdc@group-4C807D302A05: closes. applyIndex: 0
2019-09-24 11:19:00,080 [96abde27-51e3-4584-b631-6c6622a6cfdc@group-4C807D302A05-SegmentedRaftLogWorker] INFO  segmented.SegmentedRaftLogWorker (SegmentedRaftLogWorker.java:run(313)) - 96abde27-51e3-4584-b631-6c6622a6cfdc@group-4C807D302A05-SegmentedRaftLogWorker was interrupted, exiting. There are 0 tasks remaining in the queue.
2019-09-24 11:19:00,080 [ForkJoinPool.commonPool-worker-0] INFO  segmented.SegmentedRaftLogWorker (SegmentedRaftLogWorker.java:close(228)) - 96abde27-51e3-4584-b631-6c6622a6cfdc@group-4C807D302A05-SegmentedRaftLogWorker close()
2019-09-24 11:19:00,081 [ForkJoinPool.commonPool-worker-0] INFO  server.GrpcService (GrpcService.java:closeImpl(164)) - 96abde27-51e3-4584-b631-6c6622a6cfdc: shutdown server with port 44280 now
2019-09-24 11:19:00,082 [ForkJoinPool.commonPool-worker-0] INFO  server.GrpcService (GrpcService.java:closeImpl(172)) - 96abde27-51e3-4584-b631-6c6622a6cfdc: shutdown server with port 44280 successfully
2019-09-24 11:19:00,087 [refreshUsed-/workdir/hadoop-ozone/integration-test/target/test-dir/MiniOzoneClusterImpl-40187663-585e-41ed-b8bc-b85aa484b511/datanode-5/data/containers] WARN  fs.CachingGetSpaceUsed (CachingGetSpaceUsed.java:run(183)) - Thread Interrupted waiting to refresh disk information: sleep interrupted
2019-09-24 11:19:00,087 [main] INFO  utils.BackgroundService (BackgroundService.java:shutdown(148)) - Shutting down service BlockDeletingService
2019-09-24 11:19:00,091 [main] INFO  statemachine.DatanodeStateMachine (DatanodeStateMachine.java:stopDaemon(395)) - Ozone container server stopped.
2019-09-24 11:19:00,093 [main] INFO  handler.ContextHandler (ContextHandler.java:doStop(910)) - Stopped o.e.j.w.WebAppContext@5b066c33{/,null,UNAVAILABLE}{/hddsDatanode}
2019-09-24 11:19:00,094 [main] INFO  server.AbstractConnector (AbstractConnector.java:doStop(318)) - Stopped ServerConnector@62ea8931{HTTP/1.1,[http/1.1]}{0.0.0.0:0}
2019-09-24 11:19:00,094 [main] INFO  handler.ContextHandler (ContextHandler.java:doStop(910)) - Stopped o.e.j.s.ServletContextHandler@56a05324{/static,jar:file:/home/user/.m2/repository/org/apache/hadoop/hadoop-hdds-container-service/0.5.0-SNAPSHOT/hadoop-hdds-container-service-0.5.0-SNAPSHOT.jar!/webapps/static,UNAVAILABLE}
2019-09-24 11:19:00,095 [main] INFO  handler.ContextHandler (ContextHandler.java:doStop(910)) - Stopped o.e.j.s.ServletContextHandler@7f2b584b{/logs,file:///workdir/hadoop-ozone/integration-test/target/log,UNAVAILABLE}
2019-09-24 11:19:00,102 [ForkJoinPool.commonPool-worker-0] INFO  utils.BackgroundService (BackgroundService.java:shutdown(148)) - Shutting down service BlockDeletingService
2019-09-24 11:19:00,106 [ForkJoinPool.commonPool-worker-0] INFO  statemachine.DatanodeStateMachine (DatanodeStateMachine.java:stopDaemon(395)) - Ozone container server stopped.
2019-09-24 11:19:00,109 [ForkJoinPool.commonPool-worker-0] INFO  handler.ContextHandler (ContextHandler.java:doStop(910)) - Stopped o.e.j.w.WebAppContext@39449465{/,null,UNAVAILABLE}{/hddsDatanode}
2019-09-24 11:19:00,109 [ForkJoinPool.commonPool-worker-0] INFO  server.AbstractConnector (AbstractConnector.java:doStop(318)) - Stopped ServerConnector@6e3dd5ce{HTTP/1.1,[http/1.1]}{0.0.0.0:0}
2019-09-24 11:19:00,110 [ForkJoinPool.commonPool-worker-0] INFO  handler.ContextHandler (ContextHandler.java:doStop(910)) - Stopped o.e.j.s.ServletContextHandler@5175d9ad{/static,jar:file:/home/user/.m2/repository/org/apache/hadoop/hadoop-hdds-container-service/0.5.0-SNAPSHOT/hadoop-hdds-container-service-0.5.0-SNAPSHOT.jar!/webapps/static,UNAVAILABLE}
2019-09-24 11:19:00,111 [ForkJoinPool.commonPool-worker-0] INFO  handler.ContextHandler (ContextHandler.java:doStop(910)) - Stopped o.e.j.s.ServletContextHandler@34f7b44f{/logs,file:///workdir/hadoop-ozone/integration-test/target/log,UNAVAILABLE}
2019-09-24 11:19:00,112 [main] INFO  ozone.MiniOzoneClusterImpl (MiniOzoneClusterImpl.java:stopSCM(392)) - Stopping the StorageContainerManager
2019-09-24 11:19:00,112 [main] INFO  server.StorageContainerManager (StorageContainerManager.java:stop(808)) - Stopping Replication Manager Service.
2019-09-24 11:19:00,112 [main] INFO  container.ReplicationManager (ReplicationManager.java:stop(203)) - Stopping Replication Monitor Thread.
2019-09-24 11:19:00,113 [main] INFO  server.StorageContainerManager (StorageContainerManager.java:stop(815)) - Stopping Lease Manager of the command watchers
2019-09-24 11:19:00,113 [main] INFO  server.StorageContainerManager (StorageContainerManager.java:stop(822)) - Stopping datanode service RPC server
2019-09-24 11:19:00,113 [main] INFO  server.SCMDatanodeProtocolServer (SCMDatanodeProtocolServer.java:stop(367)) - Stopping the RPC server for DataNodes
2019-09-24 11:19:00,113 [main] INFO  ipc.Server (Server.java:stop(3082)) - Stopping server on 45607
2019-09-24 11:19:00,115 [IPC Server listener on 45607] INFO  ipc.Server (Server.java:run(1185)) - Stopping IPC Server listener on 45607
2019-09-24 11:19:00,115 [IPC Server Responder] INFO  ipc.Server (Server.java:run(1319)) - Stopping IPC Server Responder
2019-09-24 11:19:00,156 [SCM Heartbeat Processing Thread - 0] WARN  node.NodeStateManager (NodeStateManager.java:scheduleNextHealthCheck(646)) - Current Thread is interrupted, shutting down HB processing thread for Node Manager.
2019-09-24 11:19:00,157 [main] INFO  server.StorageContainerManager (StorageContainerManager.java:stop(830)) - Stopping block service RPC server
2019-09-24 11:19:00,157 [main] INFO  server.SCMBlockProtocolServer (SCMBlockProtocolServer.java:stop(155)) - Stopping the RPC server for Block Protocol
2019-09-24 11:19:00,157 [main] INFO  ipc.Server (Server.java:stop(3082)) - Stopping server on 34991
2019-09-24 11:19:00,159 [main] INFO  server.StorageContainerManager (StorageContainerManager.java:stop(837)) - Stopping the StorageContainerLocationProtocol RPC server
2019-09-24 11:19:00,159 [IPC Server listener on 34991] INFO  ipc.Server (Server.java:run(1185)) - Stopping IPC Server listener on 34991
2019-09-24 11:19:00,159 [main] INFO  server.SCMClientProtocolServer (SCMClientProtocolServer.java:stop(158)) - Stopping the RPC server for Client Protocol
2019-09-24 11:19:00,160 [main] INFO  ipc.Server (Server.java:stop(3082)) - Stopping server on 40942
2019-09-24 11:19:00,159 [IPC Server Responder] INFO  ipc.Server (Server.java:run(1319)) - Stopping IPC Server Responder
2019-09-24 11:19:00,162 [IPC Server listener on 40942] INFO  ipc.Server (Server.java:run(1185)) - Stopping IPC Server listener on 40942
2019-09-24 11:19:00,162 [main] INFO  server.StorageContainerManager (StorageContainerManager.java:stop(844)) - Stopping Storage Container Manager HTTP server.
2019-09-24 11:19:00,164 [IPC Server Responder] INFO  ipc.Server (Server.java:run(1319)) - Stopping IPC Server Responder
2019-09-24 11:19:00,164 [main] INFO  handler.ContextHandler (ContextHandler.java:doStop(910)) - Stopped o.e.j.w.WebAppContext@251c90f{/,null,UNAVAILABLE}{/scm}
2019-09-24 11:19:00,165 [main] INFO  server.AbstractConnector (AbstractConnector.java:doStop(318)) - Stopped ServerConnector@6629643d{HTTP/1.1,[http/1.1]}{0.0.0.0:0}
2019-09-24 11:19:00,165 [main] INFO  handler.ContextHandler (ContextHandler.java:doStop(910)) - Stopped o.e.j.s.ServletContextHandler@382d71c7{/static,file:///workdir/hadoop-ozone/integration-test/target/test-classes/webapps/static,UNAVAILABLE}
2019-09-24 11:19:00,165 [main] INFO  handler.ContextHandler (ContextHandler.java:doStop(910)) - Stopped o.e.j.s.ServletContextHandler@5a9840f3{/logs,file:///workdir/hadoop-ozone/integration-test/target/log,UNAVAILABLE}
2019-09-24 11:19:00,166 [main] INFO  server.StorageContainerManager (StorageContainerManager.java:stop(855)) - Stopping Block Manager Service.
2019-09-24 11:19:00,166 [main] INFO  utils.BackgroundService (BackgroundService.java:shutdown(148)) - Shutting down service SCMBlockDeletingService
2019-09-24 11:19:00,166 [main] INFO  utils.BackgroundService (BackgroundService.java:shutdown(148)) - Shutting down service SCMBlockDeletingService
2019-09-24 11:19:00,167 [main] INFO  server.StorageContainerManager (StorageContainerManager.java:stop(877)) - Stopping SCM Event Queue.
2019-09-24 11:19:00,170 [main] INFO  impl.MetricsSystemImpl (MetricsSystemImpl.java:stop(210)) - Stopping HddsDatanode metrics system...
2019-09-24 11:19:00,201 [main] INFO  impl.MetricsSystemImpl (MetricsSystemImpl.java:stop(216)) - HddsDatanode metrics system stopped.
]]></system-out>
    <system-err><![CDATA[Sep 24, 2019 11:18:36 AM org.apache.ratis.thirdparty.io.grpc.internal.ManagedChannelOrphanWrapper$ManagedChannelReference cleanQueue
SEVERE: *~*~*~ Channel ManagedChannelImpl{logId=2521, target=192.168.5.168:43759} was not shutdown properly!!! ~*~*~*
    Make sure to call shutdown()/shutdownNow() and wait until awaitTermination() returns true.
java.lang.RuntimeException: ManagedChannel allocation site
	at org.apache.ratis.thirdparty.io.grpc.internal.ManagedChannelOrphanWrapper$ManagedChannelReference.<init>(ManagedChannelOrphanWrapper.java:103)
	at org.apache.ratis.thirdparty.io.grpc.internal.ManagedChannelOrphanWrapper.<init>(ManagedChannelOrphanWrapper.java:53)
	at org.apache.ratis.thirdparty.io.grpc.internal.ManagedChannelOrphanWrapper.<init>(ManagedChannelOrphanWrapper.java:44)
	at org.apache.ratis.thirdparty.io.grpc.internal.AbstractManagedChannelImplBuilder.build(AbstractManagedChannelImplBuilder.java:411)
	at org.apache.ratis.grpc.client.GrpcClientProtocolClient.<init>(GrpcClientProtocolClient.java:127)
	at org.apache.ratis.grpc.client.GrpcClientRpc.lambda$new$0(GrpcClientRpc.java:55)
	at org.apache.ratis.util.PeerProxyMap$PeerAndProxy.lambda$getProxy$0(PeerProxyMap.java:61)
	at org.apache.ratis.util.LifeCycle.startAndTransition(LifeCycle.java:202)
	at org.apache.ratis.util.PeerProxyMap$PeerAndProxy.getProxy(PeerProxyMap.java:60)
	at org.apache.ratis.util.PeerProxyMap.getProxy(PeerProxyMap.java:108)
	at org.apache.ratis.grpc.client.GrpcClientRpc.sendRequestAsync(GrpcClientRpc.java:66)
	at org.apache.ratis.client.impl.OrderedAsync.sendRequest(OrderedAsync.java:208)
	at org.apache.ratis.client.impl.OrderedAsync.sendRequestWithRetry(OrderedAsync.java:169)
	at org.apache.ratis.util.SlidingWindow$Client.sendOrDelayRequest(SlidingWindow.java:278)
	at org.apache.ratis.util.SlidingWindow$Client.submitNewRequest(SlidingWindow.java:257)
	at org.apache.ratis.client.impl.OrderedAsync.send(OrderedAsync.java:155)
	at org.apache.ratis.client.impl.RaftClientImpl.sendAsync(RaftClientImpl.java:144)
	at org.apache.ratis.client.impl.RaftClientImpl.sendAsync(RaftClientImpl.java:124)
	at org.apache.hadoop.hdds.scm.XceiverClientRatis.sendRequestAsync(XceiverClientRatis.java:234)
	at org.apache.hadoop.hdds.scm.XceiverClientRatis.sendCommandAsync(XceiverClientRatis.java:332)
	at org.apache.hadoop.hdds.scm.storage.ContainerProtocolCalls.writeChunkAsync(ContainerProtocolCalls.java:310)
	at org.apache.hadoop.hdds.scm.storage.BlockOutputStream.writeChunkToContainer(BlockOutputStream.java:601)
	at org.apache.hadoop.hdds.scm.storage.BlockOutputStream.writeChunk(BlockOutputStream.java:459)
	at org.apache.hadoop.hdds.scm.storage.BlockOutputStream.writeOnRetry(BlockOutputStream.java:285)
	at org.apache.hadoop.ozone.client.io.BlockOutputStreamEntry.writeOnRetry(BlockOutputStreamEntry.java:200)
	at org.apache.hadoop.ozone.client.io.KeyOutputStream.handleWrite(KeyOutputStream.java:206)
	at org.apache.hadoop.ozone.client.io.KeyOutputStream.handleRetry(KeyOutputStream.java:375)
	at org.apache.hadoop.ozone.client.io.KeyOutputStream.handleException(KeyOutputStream.java:324)
	at org.apache.hadoop.ozone.client.io.KeyOutputStream.handleFlushOrClose(KeyOutputStream.java:449)
	at org.apache.hadoop.ozone.client.io.KeyOutputStream.handleWrite(KeyOutputStream.java:232)
	at org.apache.hadoop.ozone.client.io.KeyOutputStream.write(KeyOutputStream.java:190)
	at org.apache.hadoop.ozone.client.io.OzoneOutputStream.write(OzoneOutputStream.java:49)
	at java.io.OutputStream.write(OutputStream.java:75)
	at org.apache.hadoop.ozone.client.rpc.TestBlockOutputStreamWithFailures.testDatanodeFailureWithSingleNodeRatis(TestBlockOutputStreamWithFailures.java:1021)
	at sun.reflect.NativeMethodAccessorImpl.invoke0(Native Method)
	at sun.reflect.NativeMethodAccessorImpl.invoke(NativeMethodAccessorImpl.java:62)
	at sun.reflect.DelegatingMethodAccessorImpl.invoke(DelegatingMethodAccessorImpl.java:43)
	at java.lang.reflect.Method.invoke(Method.java:498)
	at org.junit.runners.model.FrameworkMethod$1.runReflectiveCall(FrameworkMethod.java:47)
	at org.junit.internal.runners.model.ReflectiveCallable.run(ReflectiveCallable.java:12)
	at org.junit.runners.model.FrameworkMethod.invokeExplosively(FrameworkMethod.java:44)
	at org.junit.internal.runners.statements.InvokeMethod.evaluate(InvokeMethod.java:17)
	at org.junit.internal.runners.statements.RunBefores.evaluate(RunBefores.java:26)
	at org.junit.internal.runners.statements.RunAfters.evaluate(RunAfters.java:27)
	at org.junit.runners.ParentRunner.runLeaf(ParentRunner.java:271)
	at org.junit.runners.BlockJUnit4ClassRunner.runChild(BlockJUnit4ClassRunner.java:70)
	at org.junit.runners.BlockJUnit4ClassRunner.runChild(BlockJUnit4ClassRunner.java:50)
	at org.junit.runners.ParentRunner$3.run(ParentRunner.java:238)
	at org.junit.runners.ParentRunner$1.schedule(ParentRunner.java:63)
	at org.junit.runners.ParentRunner.runChildren(ParentRunner.java:236)
	at org.junit.runners.ParentRunner.access$000(ParentRunner.java:53)
	at org.junit.runners.ParentRunner$2.evaluate(ParentRunner.java:229)
	at org.junit.runners.ParentRunner.run(ParentRunner.java:309)
	at org.apache.maven.surefire.junit4.JUnit4Provider.execute(JUnit4Provider.java:365)
	at org.apache.maven.surefire.junit4.JUnit4Provider.executeWithRerun(JUnit4Provider.java:273)
	at org.apache.maven.surefire.junit4.JUnit4Provider.executeTestSet(JUnit4Provider.java:238)
	at org.apache.maven.surefire.junit4.JUnit4Provider.invoke(JUnit4Provider.java:159)
	at org.apache.maven.surefire.booter.ForkedBooter.invokeProviderInSameClassLoader(ForkedBooter.java:384)
	at org.apache.maven.surefire.booter.ForkedBooter.runSuitesInProcess(ForkedBooter.java:345)
	at org.apache.maven.surefire.booter.ForkedBooter.execute(ForkedBooter.java:126)
	at org.apache.maven.surefire.booter.ForkedBooter.main(ForkedBooter.java:418)

Sep 24, 2019 11:18:36 AM org.apache.ratis.thirdparty.io.grpc.internal.ManagedChannelOrphanWrapper$ManagedChannelReference cleanQueue
SEVERE: *~*~*~ Channel ManagedChannelImpl{logId=2752, target=192.168.5.168:46723} was not shutdown properly!!! ~*~*~*
    Make sure to call shutdown()/shutdownNow() and wait until awaitTermination() returns true.
java.lang.RuntimeException: ManagedChannel allocation site
	at org.apache.ratis.thirdparty.io.grpc.internal.ManagedChannelOrphanWrapper$ManagedChannelReference.<init>(ManagedChannelOrphanWrapper.java:103)
	at org.apache.ratis.thirdparty.io.grpc.internal.ManagedChannelOrphanWrapper.<init>(ManagedChannelOrphanWrapper.java:53)
	at org.apache.ratis.thirdparty.io.grpc.internal.ManagedChannelOrphanWrapper.<init>(ManagedChannelOrphanWrapper.java:44)
	at org.apache.ratis.thirdparty.io.grpc.internal.AbstractManagedChannelImplBuilder.build(AbstractManagedChannelImplBuilder.java:411)
	at org.apache.hadoop.hdds.scm.XceiverClientGrpc.connectToDatanode(XceiverClientGrpc.java:181)
	at org.apache.hadoop.hdds.scm.XceiverClientGrpc.reconnect(XceiverClientGrpc.java:429)
	at org.apache.hadoop.hdds.scm.XceiverClientGrpc.sendCommandAsync(XceiverClientGrpc.java:378)
	at org.apache.hadoop.hdds.scm.XceiverClientGrpc.sendCommandWithRetry(XceiverClientGrpc.java:291)
	at org.apache.hadoop.hdds.scm.XceiverClientGrpc.sendCommandWithTraceIDAndRetry(XceiverClientGrpc.java:257)
	at org.apache.hadoop.hdds.scm.XceiverClientGrpc.sendCommand(XceiverClientGrpc.java:240)
	at org.apache.hadoop.hdds.scm.storage.ContainerProtocolCalls.getBlock(ContainerProtocolCalls.java:118)
	at org.apache.hadoop.hdds.scm.storage.BlockInputStream.getChunkInfos(BlockInputStream.java:167)
	at org.apache.hadoop.hdds.scm.storage.BlockInputStream.initialize(BlockInputStream.java:118)
	at org.apache.hadoop.hdds.scm.storage.BlockInputStream.read(BlockInputStream.java:222)
	at org.apache.hadoop.ozone.client.io.KeyInputStream.read(KeyInputStream.java:171)
	at org.apache.hadoop.ozone.client.io.OzoneInputStream.read(OzoneInputStream.java:47)
	at java.io.InputStream.read(InputStream.java:101)
	at org.apache.hadoop.ozone.container.ContainerTestHelper.validateData(ContainerTestHelper.java:714)
	at org.apache.hadoop.ozone.client.rpc.TestBlockOutputStreamWithFailures.validateData(TestBlockOutputStreamWithFailures.java:1216)
	at org.apache.hadoop.ozone.client.rpc.TestBlockOutputStreamWithFailures.testWatchForCommitWithSingleNodeRatis(TestBlockOutputStreamWithFailures.java:918)
	at sun.reflect.NativeMethodAccessorImpl.invoke0(Native Method)
	at sun.reflect.NativeMethodAccessorImpl.invoke(NativeMethodAccessorImpl.java:62)
	at sun.reflect.DelegatingMethodAccessorImpl.invoke(DelegatingMethodAccessorImpl.java:43)
	at java.lang.reflect.Method.invoke(Method.java:498)
	at org.junit.runners.model.FrameworkMethod$1.runReflectiveCall(FrameworkMethod.java:47)
	at org.junit.internal.runners.model.ReflectiveCallable.run(ReflectiveCallable.java:12)
	at org.junit.runners.model.FrameworkMethod.invokeExplosively(FrameworkMethod.java:44)
	at org.junit.internal.runners.statements.InvokeMethod.evaluate(InvokeMethod.java:17)
	at org.junit.internal.runners.statements.RunBefores.evaluate(RunBefores.java:26)
	at org.junit.internal.runners.statements.RunAfters.evaluate(RunAfters.java:27)
	at org.junit.runners.ParentRunner.runLeaf(ParentRunner.java:271)
	at org.junit.runners.BlockJUnit4ClassRunner.runChild(BlockJUnit4ClassRunner.java:70)
	at org.junit.runners.BlockJUnit4ClassRunner.runChild(BlockJUnit4ClassRunner.java:50)
	at org.junit.runners.ParentRunner$3.run(ParentRunner.java:238)
	at org.junit.runners.ParentRunner$1.schedule(ParentRunner.java:63)
	at org.junit.runners.ParentRunner.runChildren(ParentRunner.java:236)
	at org.junit.runners.ParentRunner.access$000(ParentRunner.java:53)
	at org.junit.runners.ParentRunner$2.evaluate(ParentRunner.java:229)
	at org.junit.runners.ParentRunner.run(ParentRunner.java:309)
	at org.apache.maven.surefire.junit4.JUnit4Provider.execute(JUnit4Provider.java:365)
	at org.apache.maven.surefire.junit4.JUnit4Provider.executeWithRerun(JUnit4Provider.java:273)
	at org.apache.maven.surefire.junit4.JUnit4Provider.executeTestSet(JUnit4Provider.java:238)
	at org.apache.maven.surefire.junit4.JUnit4Provider.invoke(JUnit4Provider.java:159)
	at org.apache.maven.surefire.booter.ForkedBooter.invokeProviderInSameClassLoader(ForkedBooter.java:384)
	at org.apache.maven.surefire.booter.ForkedBooter.runSuitesInProcess(ForkedBooter.java:345)
	at org.apache.maven.surefire.booter.ForkedBooter.execute(ForkedBooter.java:126)
	at org.apache.maven.surefire.booter.ForkedBooter.main(ForkedBooter.java:418)

Sep 24, 2019 11:18:36 AM org.apache.ratis.thirdparty.io.grpc.internal.ManagedChannelOrphanWrapper$ManagedChannelReference cleanQueue
SEVERE: *~*~*~ Channel ManagedChannelImpl{logId=2546, target=192.168.5.168:38800} was not shutdown properly!!! ~*~*~*
    Make sure to call shutdown()/shutdownNow() and wait until awaitTermination() returns true.
java.lang.RuntimeException: ManagedChannel allocation site
	at org.apache.ratis.thirdparty.io.grpc.internal.ManagedChannelOrphanWrapper$ManagedChannelReference.<init>(ManagedChannelOrphanWrapper.java:103)
	at org.apache.ratis.thirdparty.io.grpc.internal.ManagedChannelOrphanWrapper.<init>(ManagedChannelOrphanWrapper.java:53)
	at org.apache.ratis.thirdparty.io.grpc.internal.ManagedChannelOrphanWrapper.<init>(ManagedChannelOrphanWrapper.java:44)
	at org.apache.ratis.thirdparty.io.grpc.internal.AbstractManagedChannelImplBuilder.build(AbstractManagedChannelImplBuilder.java:411)
	at org.apache.hadoop.hdds.scm.XceiverClientGrpc.connectToDatanode(XceiverClientGrpc.java:181)
	at org.apache.hadoop.hdds.scm.XceiverClientGrpc.reconnect(XceiverClientGrpc.java:429)
	at org.apache.hadoop.hdds.scm.XceiverClientGrpc.sendCommandAsync(XceiverClientGrpc.java:378)
	at org.apache.hadoop.hdds.scm.XceiverClientGrpc.sendCommandWithRetry(XceiverClientGrpc.java:291)
	at org.apache.hadoop.hdds.scm.XceiverClientGrpc.sendCommandWithTraceIDAndRetry(XceiverClientGrpc.java:257)
	at org.apache.hadoop.hdds.scm.XceiverClientGrpc.sendCommand(XceiverClientGrpc.java:240)
	at org.apache.hadoop.hdds.scm.storage.ContainerProtocolCalls.getBlock(ContainerProtocolCalls.java:118)
	at org.apache.hadoop.hdds.scm.storage.BlockInputStream.getChunkInfos(BlockInputStream.java:167)
	at org.apache.hadoop.hdds.scm.storage.BlockInputStream.initialize(BlockInputStream.java:118)
	at org.apache.hadoop.hdds.scm.storage.BlockInputStream.read(BlockInputStream.java:222)
	at org.apache.hadoop.ozone.client.io.KeyInputStream.read(KeyInputStream.java:171)
	at org.apache.hadoop.ozone.client.io.OzoneInputStream.read(OzoneInputStream.java:47)
	at java.io.InputStream.read(InputStream.java:101)
	at org.apache.hadoop.ozone.container.ContainerTestHelper.validateData(ContainerTestHelper.java:714)
	at org.apache.hadoop.ozone.client.rpc.TestBlockOutputStreamWithFailures.validateData(TestBlockOutputStreamWithFailures.java:1216)
	at org.apache.hadoop.ozone.client.rpc.TestBlockOutputStreamWithFailures.testDatanodeFailureWithSingleNodeRatis(TestBlockOutputStreamWithFailures.java:1058)
	at sun.reflect.NativeMethodAccessorImpl.invoke0(Native Method)
	at sun.reflect.NativeMethodAccessorImpl.invoke(NativeMethodAccessorImpl.java:62)
	at sun.reflect.DelegatingMethodAccessorImpl.invoke(DelegatingMethodAccessorImpl.java:43)
	at java.lang.reflect.Method.invoke(Method.java:498)
	at org.junit.runners.model.FrameworkMethod$1.runReflectiveCall(FrameworkMethod.java:47)
	at org.junit.internal.runners.model.ReflectiveCallable.run(ReflectiveCallable.java:12)
	at org.junit.runners.model.FrameworkMethod.invokeExplosively(FrameworkMethod.java:44)
	at org.junit.internal.runners.statements.InvokeMethod.evaluate(InvokeMethod.java:17)
	at org.junit.internal.runners.statements.RunBefores.evaluate(RunBefores.java:26)
	at org.junit.internal.runners.statements.RunAfters.evaluate(RunAfters.java:27)
	at org.junit.runners.ParentRunner.runLeaf(ParentRunner.java:271)
	at org.junit.runners.BlockJUnit4ClassRunner.runChild(BlockJUnit4ClassRunner.java:70)
	at org.junit.runners.BlockJUnit4ClassRunner.runChild(BlockJUnit4ClassRunner.java:50)
	at org.junit.runners.ParentRunner$3.run(ParentRunner.java:238)
	at org.junit.runners.ParentRunner$1.schedule(ParentRunner.java:63)
	at org.junit.runners.ParentRunner.runChildren(ParentRunner.java:236)
	at org.junit.runners.ParentRunner.access$000(ParentRunner.java:53)
	at org.junit.runners.ParentRunner$2.evaluate(ParentRunner.java:229)
	at org.junit.runners.ParentRunner.run(ParentRunner.java:309)
	at org.apache.maven.surefire.junit4.JUnit4Provider.execute(JUnit4Provider.java:365)
	at org.apache.maven.surefire.junit4.JUnit4Provider.executeWithRerun(JUnit4Provider.java:273)
	at org.apache.maven.surefire.junit4.JUnit4Provider.executeTestSet(JUnit4Provider.java:238)
	at org.apache.maven.surefire.junit4.JUnit4Provider.invoke(JUnit4Provider.java:159)
	at org.apache.maven.surefire.booter.ForkedBooter.invokeProviderInSameClassLoader(ForkedBooter.java:384)
	at org.apache.maven.surefire.booter.ForkedBooter.runSuitesInProcess(ForkedBooter.java:345)
	at org.apache.maven.surefire.booter.ForkedBooter.execute(ForkedBooter.java:126)
	at org.apache.maven.surefire.booter.ForkedBooter.main(ForkedBooter.java:418)

Sep 24, 2019 11:18:36 AM org.apache.ratis.thirdparty.io.grpc.internal.ManagedChannelOrphanWrapper$ManagedChannelReference cleanQueue
SEVERE: *~*~*~ Channel ManagedChannelImpl{logId=2742, target=192.168.5.168:34932} was not shutdown properly!!! ~*~*~*
    Make sure to call shutdown()/shutdownNow() and wait until awaitTermination() returns true.
java.lang.RuntimeException: ManagedChannel allocation site
	at org.apache.ratis.thirdparty.io.grpc.internal.ManagedChannelOrphanWrapper$ManagedChannelReference.<init>(ManagedChannelOrphanWrapper.java:103)
	at org.apache.ratis.thirdparty.io.grpc.internal.ManagedChannelOrphanWrapper.<init>(ManagedChannelOrphanWrapper.java:53)
	at org.apache.ratis.thirdparty.io.grpc.internal.ManagedChannelOrphanWrapper.<init>(ManagedChannelOrphanWrapper.java:44)
	at org.apache.ratis.thirdparty.io.grpc.internal.AbstractManagedChannelImplBuilder.build(AbstractManagedChannelImplBuilder.java:411)
	at org.apache.ratis.grpc.client.GrpcClientProtocolClient.<init>(GrpcClientProtocolClient.java:127)
	at org.apache.ratis.grpc.client.GrpcClientRpc.lambda$new$0(GrpcClientRpc.java:55)
	at org.apache.ratis.util.PeerProxyMap$PeerAndProxy.lambda$getProxy$0(PeerProxyMap.java:61)
	at org.apache.ratis.util.LifeCycle.startAndTransition(LifeCycle.java:202)
	at org.apache.ratis.util.PeerProxyMap$PeerAndProxy.getProxy(PeerProxyMap.java:60)
	at org.apache.ratis.util.PeerProxyMap.getProxy(PeerProxyMap.java:108)
	at org.apache.ratis.grpc.client.GrpcClientRpc.sendRequestAsync(GrpcClientRpc.java:66)
	at org.apache.ratis.client.impl.OrderedAsync.sendRequest(OrderedAsync.java:208)
	at org.apache.ratis.client.impl.OrderedAsync.sendRequestWithRetry(OrderedAsync.java:169)
	at org.apache.ratis.util.SlidingWindow$Client.sendOrDelayRequest(SlidingWindow.java:278)
	at org.apache.ratis.util.SlidingWindow$Client.retry(SlidingWindow.java:294)
	at org.apache.ratis.client.impl.OrderedAsync.lambda$scheduleWithTimeout$7(OrderedAsync.java:195)
	at org.apache.ratis.util.TimeoutScheduler.lambda$onTimeout$0(TimeoutScheduler.java:113)
	at org.apache.ratis.util.TimeoutScheduler.lambda$onTimeout$1(TimeoutScheduler.java:133)
	at org.apache.ratis.util.LogUtils.runAndLog(LogUtils.java:50)
	at org.apache.ratis.util.LogUtils$1.run(LogUtils.java:91)
	at java.util.concurrent.Executors$RunnableAdapter.call(Executors.java:511)
	at java.util.concurrent.FutureTask.run(FutureTask.java:266)
	at java.util.concurrent.ScheduledThreadPoolExecutor$ScheduledFutureTask.access$201(ScheduledThreadPoolExecutor.java:180)
	at java.util.concurrent.ScheduledThreadPoolExecutor$ScheduledFutureTask.run(ScheduledThreadPoolExecutor.java:293)
	at java.util.concurrent.ThreadPoolExecutor.runWorker(ThreadPoolExecutor.java:1149)
	at java.util.concurrent.ThreadPoolExecutor$Worker.run(ThreadPoolExecutor.java:624)
	at java.lang.Thread.run(Thread.java:748)

Sep 24, 2019 11:18:36 AM org.apache.ratis.thirdparty.io.grpc.internal.ManagedChannelOrphanWrapper$ManagedChannelReference cleanQueue
SEVERE: *~*~*~ Channel ManagedChannelImpl{logId=2551, target=192.168.5.168:40612} was not shutdown properly!!! ~*~*~*
    Make sure to call shutdown()/shutdownNow() and wait until awaitTermination() returns true.
java.lang.RuntimeException: ManagedChannel allocation site
	at org.apache.ratis.thirdparty.io.grpc.internal.ManagedChannelOrphanWrapper$ManagedChannelReference.<init>(ManagedChannelOrphanWrapper.java:103)
	at org.apache.ratis.thirdparty.io.grpc.internal.ManagedChannelOrphanWrapper.<init>(ManagedChannelOrphanWrapper.java:53)
	at org.apache.ratis.thirdparty.io.grpc.internal.ManagedChannelOrphanWrapper.<init>(ManagedChannelOrphanWrapper.java:44)
	at org.apache.ratis.thirdparty.io.grpc.internal.AbstractManagedChannelImplBuilder.build(AbstractManagedChannelImplBuilder.java:411)
	at org.apache.hadoop.hdds.scm.XceiverClientGrpc.connectToDatanode(XceiverClientGrpc.java:181)
	at org.apache.hadoop.hdds.scm.XceiverClientGrpc.reconnect(XceiverClientGrpc.java:429)
	at org.apache.hadoop.hdds.scm.XceiverClientGrpc.sendCommandAsync(XceiverClientGrpc.java:378)
	at org.apache.hadoop.hdds.scm.XceiverClientGrpc.sendCommandWithRetry(XceiverClientGrpc.java:291)
	at org.apache.hadoop.hdds.scm.XceiverClientGrpc.sendCommandWithTraceIDAndRetry(XceiverClientGrpc.java:257)
	at org.apache.hadoop.hdds.scm.XceiverClientGrpc.sendCommand(XceiverClientGrpc.java:240)
	at org.apache.hadoop.hdds.scm.storage.ContainerProtocolCalls.getBlock(ContainerProtocolCalls.java:118)
	at org.apache.hadoop.hdds.scm.storage.BlockInputStream.getChunkInfos(BlockInputStream.java:167)
	at org.apache.hadoop.hdds.scm.storage.BlockInputStream.initialize(BlockInputStream.java:118)
	at org.apache.hadoop.hdds.scm.storage.BlockInputStream.read(BlockInputStream.java:222)
	at org.apache.hadoop.ozone.client.io.KeyInputStream.read(KeyInputStream.java:171)
	at org.apache.hadoop.ozone.client.io.OzoneInputStream.read(OzoneInputStream.java:47)
	at java.io.InputStream.read(InputStream.java:101)
	at org.apache.hadoop.ozone.container.ContainerTestHelper.validateData(ContainerTestHelper.java:714)
	at org.apache.hadoop.ozone.client.rpc.TestBlockOutputStreamWithFailures.validateData(TestBlockOutputStreamWithFailures.java:1216)
	at org.apache.hadoop.ozone.client.rpc.TestBlockOutputStreamWithFailures.testDatanodeFailureWithSingleNodeRatis(TestBlockOutputStreamWithFailures.java:1058)
	at sun.reflect.NativeMethodAccessorImpl.invoke0(Native Method)
	at sun.reflect.NativeMethodAccessorImpl.invoke(NativeMethodAccessorImpl.java:62)
	at sun.reflect.DelegatingMethodAccessorImpl.invoke(DelegatingMethodAccessorImpl.java:43)
	at java.lang.reflect.Method.invoke(Method.java:498)
	at org.junit.runners.model.FrameworkMethod$1.runReflectiveCall(FrameworkMethod.java:47)
	at org.junit.internal.runners.model.ReflectiveCallable.run(ReflectiveCallable.java:12)
	at org.junit.runners.model.FrameworkMethod.invokeExplosively(FrameworkMethod.java:44)
	at org.junit.internal.runners.statements.InvokeMethod.evaluate(InvokeMethod.java:17)
	at org.junit.internal.runners.statements.RunBefores.evaluate(RunBefores.java:26)
	at org.junit.internal.runners.statements.RunAfters.evaluate(RunAfters.java:27)
	at org.junit.runners.ParentRunner.runLeaf(ParentRunner.java:271)
	at org.junit.runners.BlockJUnit4ClassRunner.runChild(BlockJUnit4ClassRunner.java:70)
	at org.junit.runners.BlockJUnit4ClassRunner.runChild(BlockJUnit4ClassRunner.java:50)
	at org.junit.runners.ParentRunner$3.run(ParentRunner.java:238)
	at org.junit.runners.ParentRunner$1.schedule(ParentRunner.java:63)
	at org.junit.runners.ParentRunner.runChildren(ParentRunner.java:236)
	at org.junit.runners.ParentRunner.access$000(ParentRunner.java:53)
	at org.junit.runners.ParentRunner$2.evaluate(ParentRunner.java:229)
	at org.junit.runners.ParentRunner.run(ParentRunner.java:309)
	at org.apache.maven.surefire.junit4.JUnit4Provider.execute(JUnit4Provider.java:365)
	at org.apache.maven.surefire.junit4.JUnit4Provider.executeWithRerun(JUnit4Provider.java:273)
	at org.apache.maven.surefire.junit4.JUnit4Provider.executeTestSet(JUnit4Provider.java:238)
	at org.apache.maven.surefire.junit4.JUnit4Provider.invoke(JUnit4Provider.java:159)
	at org.apache.maven.surefire.booter.ForkedBooter.invokeProviderInSameClassLoader(ForkedBooter.java:384)
	at org.apache.maven.surefire.booter.ForkedBooter.runSuitesInProcess(ForkedBooter.java:345)
	at org.apache.maven.surefire.booter.ForkedBooter.execute(ForkedBooter.java:126)
	at org.apache.maven.surefire.booter.ForkedBooter.main(ForkedBooter.java:418)

Sep 24, 2019 11:18:36 AM org.apache.ratis.thirdparty.io.grpc.internal.ManagedChannelOrphanWrapper$ManagedChannelReference cleanQueue
SEVERE: *~*~*~ Channel ManagedChannelImpl{logId=2757, target=192.168.5.168:45625} was not shutdown properly!!! ~*~*~*
    Make sure to call shutdown()/shutdownNow() and wait until awaitTermination() returns true.
java.lang.RuntimeException: ManagedChannel allocation site
	at org.apache.ratis.thirdparty.io.grpc.internal.ManagedChannelOrphanWrapper$ManagedChannelReference.<init>(ManagedChannelOrphanWrapper.java:103)
	at org.apache.ratis.thirdparty.io.grpc.internal.ManagedChannelOrphanWrapper.<init>(ManagedChannelOrphanWrapper.java:53)
	at org.apache.ratis.thirdparty.io.grpc.internal.ManagedChannelOrphanWrapper.<init>(ManagedChannelOrphanWrapper.java:44)
	at org.apache.ratis.thirdparty.io.grpc.internal.AbstractManagedChannelImplBuilder.build(AbstractManagedChannelImplBuilder.java:411)
	at org.apache.hadoop.hdds.scm.XceiverClientGrpc.connectToDatanode(XceiverClientGrpc.java:181)
	at org.apache.hadoop.hdds.scm.XceiverClientGrpc.reconnect(XceiverClientGrpc.java:429)
	at org.apache.hadoop.hdds.scm.XceiverClientGrpc.sendCommandAsync(XceiverClientGrpc.java:378)
	at org.apache.hadoop.hdds.scm.XceiverClientGrpc.sendCommandWithRetry(XceiverClientGrpc.java:291)
	at org.apache.hadoop.hdds.scm.XceiverClientGrpc.sendCommandWithTraceIDAndRetry(XceiverClientGrpc.java:257)
	at org.apache.hadoop.hdds.scm.XceiverClientGrpc.sendCommand(XceiverClientGrpc.java:240)
	at org.apache.hadoop.hdds.scm.storage.ContainerProtocolCalls.getBlock(ContainerProtocolCalls.java:118)
	at org.apache.hadoop.hdds.scm.storage.BlockInputStream.getChunkInfos(BlockInputStream.java:167)
	at org.apache.hadoop.hdds.scm.storage.BlockInputStream.initialize(BlockInputStream.java:118)
	at org.apache.hadoop.hdds.scm.storage.BlockInputStream.read(BlockInputStream.java:222)
	at org.apache.hadoop.ozone.client.io.KeyInputStream.read(KeyInputStream.java:171)
	at org.apache.hadoop.ozone.client.io.OzoneInputStream.read(OzoneInputStream.java:47)
	at java.io.InputStream.read(InputStream.java:101)
	at org.apache.hadoop.ozone.container.ContainerTestHelper.validateData(ContainerTestHelper.java:714)
	at org.apache.hadoop.ozone.client.rpc.TestBlockOutputStreamWithFailures.validateData(TestBlockOutputStreamWithFailures.java:1216)
	at org.apache.hadoop.ozone.client.rpc.TestBlockOutputStreamWithFailures.testWatchForCommitWithSingleNodeRatis(TestBlockOutputStreamWithFailures.java:918)
	at sun.reflect.NativeMethodAccessorImpl.invoke0(Native Method)
	at sun.reflect.NativeMethodAccessorImpl.invoke(NativeMethodAccessorImpl.java:62)
	at sun.reflect.DelegatingMethodAccessorImpl.invoke(DelegatingMethodAccessorImpl.java:43)
	at java.lang.reflect.Method.invoke(Method.java:498)
	at org.junit.runners.model.FrameworkMethod$1.runReflectiveCall(FrameworkMethod.java:47)
	at org.junit.internal.runners.model.ReflectiveCallable.run(ReflectiveCallable.java:12)
	at org.junit.runners.model.FrameworkMethod.invokeExplosively(FrameworkMethod.java:44)
	at org.junit.internal.runners.statements.InvokeMethod.evaluate(InvokeMethod.java:17)
	at org.junit.internal.runners.statements.RunBefores.evaluate(RunBefores.java:26)
	at org.junit.internal.runners.statements.RunAfters.evaluate(RunAfters.java:27)
	at org.junit.runners.ParentRunner.runLeaf(ParentRunner.java:271)
	at org.junit.runners.BlockJUnit4ClassRunner.runChild(BlockJUnit4ClassRunner.java:70)
	at org.junit.runners.BlockJUnit4ClassRunner.runChild(BlockJUnit4ClassRunner.java:50)
	at org.junit.runners.ParentRunner$3.run(ParentRunner.java:238)
	at org.junit.runners.ParentRunner$1.schedule(ParentRunner.java:63)
	at org.junit.runners.ParentRunner.runChildren(ParentRunner.java:236)
	at org.junit.runners.ParentRunner.access$000(ParentRunner.java:53)
	at org.junit.runners.ParentRunner$2.evaluate(ParentRunner.java:229)
	at org.junit.runners.ParentRunner.run(ParentRunner.java:309)
	at org.apache.maven.surefire.junit4.JUnit4Provider.execute(JUnit4Provider.java:365)
	at org.apache.maven.surefire.junit4.JUnit4Provider.executeWithRerun(JUnit4Provider.java:273)
	at org.apache.maven.surefire.junit4.JUnit4Provider.executeTestSet(JUnit4Provider.java:238)
	at org.apache.maven.surefire.junit4.JUnit4Provider.invoke(JUnit4Provider.java:159)
	at org.apache.maven.surefire.booter.ForkedBooter.invokeProviderInSameClassLoader(ForkedBooter.java:384)
	at org.apache.maven.surefire.booter.ForkedBooter.runSuitesInProcess(ForkedBooter.java:345)
	at org.apache.maven.surefire.booter.ForkedBooter.execute(ForkedBooter.java:126)
	at org.apache.maven.surefire.booter.ForkedBooter.main(ForkedBooter.java:418)

Sep 24, 2019 11:18:36 AM org.apache.ratis.thirdparty.io.grpc.internal.ManagedChannelOrphanWrapper$ManagedChannelReference cleanQueue
SEVERE: *~*~*~ Channel ManagedChannelImpl{logId=2747, target=192.168.5.168:42704} was not shutdown properly!!! ~*~*~*
    Make sure to call shutdown()/shutdownNow() and wait until awaitTermination() returns true.
java.lang.RuntimeException: ManagedChannel allocation site
	at org.apache.ratis.thirdparty.io.grpc.internal.ManagedChannelOrphanWrapper$ManagedChannelReference.<init>(ManagedChannelOrphanWrapper.java:103)
	at org.apache.ratis.thirdparty.io.grpc.internal.ManagedChannelOrphanWrapper.<init>(ManagedChannelOrphanWrapper.java:53)
	at org.apache.ratis.thirdparty.io.grpc.internal.ManagedChannelOrphanWrapper.<init>(ManagedChannelOrphanWrapper.java:44)
	at org.apache.ratis.thirdparty.io.grpc.internal.AbstractManagedChannelImplBuilder.build(AbstractManagedChannelImplBuilder.java:411)
	at org.apache.ratis.grpc.client.GrpcClientProtocolClient.<init>(GrpcClientProtocolClient.java:127)
	at org.apache.ratis.grpc.client.GrpcClientRpc.lambda$new$0(GrpcClientRpc.java:55)
	at org.apache.ratis.util.PeerProxyMap$PeerAndProxy.lambda$getProxy$0(PeerProxyMap.java:61)
	at org.apache.ratis.util.LifeCycle.startAndTransition(LifeCycle.java:202)
	at org.apache.ratis.util.PeerProxyMap$PeerAndProxy.getProxy(PeerProxyMap.java:60)
	at org.apache.ratis.util.PeerProxyMap.getProxy(PeerProxyMap.java:108)
	at org.apache.ratis.grpc.client.GrpcClientRpc.sendRequestAsync(GrpcClientRpc.java:66)
	at org.apache.ratis.client.impl.OrderedAsync.sendRequest(OrderedAsync.java:208)
	at org.apache.ratis.client.impl.OrderedAsync.sendRequestWithRetry(OrderedAsync.java:169)
	at org.apache.ratis.util.SlidingWindow$Client.sendOrDelayRequest(SlidingWindow.java:278)
	at org.apache.ratis.util.SlidingWindow$Client.submitNewRequest(SlidingWindow.java:257)
	at org.apache.ratis.client.impl.OrderedAsync.send(OrderedAsync.java:155)
	at org.apache.ratis.client.impl.RaftClientImpl.sendAsync(RaftClientImpl.java:144)
	at org.apache.ratis.client.impl.RaftClientImpl.sendAsync(RaftClientImpl.java:124)
	at org.apache.hadoop.hdds.scm.XceiverClientRatis.sendRequestAsync(XceiverClientRatis.java:234)
	at org.apache.hadoop.hdds.scm.XceiverClientRatis.sendCommandAsync(XceiverClientRatis.java:332)
	at org.apache.hadoop.hdds.scm.storage.ContainerProtocolCalls.writeChunkAsync(ContainerProtocolCalls.java:310)
	at org.apache.hadoop.hdds.scm.storage.BlockOutputStream.writeChunkToContainer(BlockOutputStream.java:601)
	at org.apache.hadoop.hdds.scm.storage.BlockOutputStream.writeChunk(BlockOutputStream.java:459)
	at org.apache.hadoop.hdds.scm.storage.BlockOutputStream.writeOnRetry(BlockOutputStream.java:285)
	at org.apache.hadoop.ozone.client.io.BlockOutputStreamEntry.writeOnRetry(BlockOutputStreamEntry.java:200)
	at org.apache.hadoop.ozone.client.io.KeyOutputStream.handleWrite(KeyOutputStream.java:206)
	at org.apache.hadoop.ozone.client.io.KeyOutputStream.handleRetry(KeyOutputStream.java:375)
	at org.apache.hadoop.ozone.client.io.KeyOutputStream.handleException(KeyOutputStream.java:324)
	at org.apache.hadoop.ozone.client.io.KeyOutputStream.handleFlushOrClose(KeyOutputStream.java:449)
	at org.apache.hadoop.ozone.client.io.KeyOutputStream.handleWrite(KeyOutputStream.java:232)
	at org.apache.hadoop.ozone.client.io.KeyOutputStream.write(KeyOutputStream.java:190)
	at org.apache.hadoop.ozone.client.io.OzoneOutputStream.write(OzoneOutputStream.java:49)
	at java.io.OutputStream.write(OutputStream.java:75)
	at org.apache.hadoop.ozone.client.rpc.TestBlockOutputStreamWithFailures.testWatchForCommitWithSingleNodeRatis(TestBlockOutputStreamWithFailures.java:885)
	at sun.reflect.NativeMethodAccessorImpl.invoke0(Native Method)
	at sun.reflect.NativeMethodAccessorImpl.invoke(NativeMethodAccessorImpl.java:62)
	at sun.reflect.DelegatingMethodAccessorImpl.invoke(DelegatingMethodAccessorImpl.java:43)
	at java.lang.reflect.Method.invoke(Method.java:498)
	at org.junit.runners.model.FrameworkMethod$1.runReflectiveCall(FrameworkMethod.java:47)
	at org.junit.internal.runners.model.ReflectiveCallable.run(ReflectiveCallable.java:12)
	at org.junit.runners.model.FrameworkMethod.invokeExplosively(FrameworkMethod.java:44)
	at org.junit.internal.runners.statements.InvokeMethod.evaluate(InvokeMethod.java:17)
	at org.junit.internal.runners.statements.RunBefores.evaluate(RunBefores.java:26)
	at org.junit.internal.runners.statements.RunAfters.evaluate(RunAfters.java:27)
	at org.junit.runners.ParentRunner.runLeaf(ParentRunner.java:271)
	at org.junit.runners.BlockJUnit4ClassRunner.runChild(BlockJUnit4ClassRunner.java:70)
	at org.junit.runners.BlockJUnit4ClassRunner.runChild(BlockJUnit4ClassRunner.java:50)
	at org.junit.runners.ParentRunner$3.run(ParentRunner.java:238)
	at org.junit.runners.ParentRunner$1.schedule(ParentRunner.java:63)
	at org.junit.runners.ParentRunner.runChildren(ParentRunner.java:236)
	at org.junit.runners.ParentRunner.access$000(ParentRunner.java:53)
	at org.junit.runners.ParentRunner$2.evaluate(ParentRunner.java:229)
	at org.junit.runners.ParentRunner.run(ParentRunner.java:309)
	at org.apache.maven.surefire.junit4.JUnit4Provider.execute(JUnit4Provider.java:365)
	at org.apache.maven.surefire.junit4.JUnit4Provider.executeWithRerun(JUnit4Provider.java:273)
	at org.apache.maven.surefire.junit4.JUnit4Provider.executeTestSet(JUnit4Provider.java:238)
	at org.apache.maven.surefire.junit4.JUnit4Provider.invoke(JUnit4Provider.java:159)
	at org.apache.maven.surefire.booter.ForkedBooter.invokeProviderInSameClassLoader(ForkedBooter.java:384)
	at org.apache.maven.surefire.booter.ForkedBooter.runSuitesInProcess(ForkedBooter.java:345)
	at org.apache.maven.surefire.booter.ForkedBooter.execute(ForkedBooter.java:126)
	at org.apache.maven.surefire.booter.ForkedBooter.main(ForkedBooter.java:418)

]]></system-err>
  </testcase>
  <testcase name="testFailureWithPrimeSizedData" classname="org.apache.hadoop.ozone.client.rpc.TestBlockOutputStreamWithFailures" time="33.521"/>
  <testcase name="testWatchForCommitWithCloseContainerException" classname="org.apache.hadoop.ozone.client.rpc.TestBlockOutputStreamWithFailures" time="33.377"/>
  <testcase name="testExceptionDuringClose" classname="org.apache.hadoop.ozone.client.rpc.TestBlockOutputStreamWithFailures" time="35.57"/>
</testsuite>