<?xml version="1.0" encoding="UTF-8"?>
<testsuite xmlns:xsi="http://www.w3.org/2001/XMLSchema-instance" xsi:noNamespaceSchemaLocation="https://maven.apache.org/surefire/maven-surefire-plugin/xsd/surefire-test-report.xsd" name="org.apache.hadoop.ozone.client.rpc.TestBlockOutputStreamWithFailures" time="745.097" tests="8" errors="0" skipped="0" failures="1">
  <properties>
    <property name="awt.toolkit" value="sun.awt.X11.XToolkit"/>
    <property name="file.encoding.pkg" value="sun.io"/>
    <property name="java.specification.version" value="1.8"/>
    <property name="sun.cpu.isalist" value=""/>
    <property name="sun.jnu.encoding" value="UTF-8"/>
    <property name="java.class.path" value="/workdir/hadoop-ozone/integration-test/target/test-classes:/workdir/hadoop-ozone/integration-test/target/classes:/home/user/.m2/repository/org/apache/hadoop/hadoop-ozone-common/0.4.1-SNAPSHOT/hadoop-ozone-common-0.4.1-SNAPSHOT.jar:/home/user/.m2/repository/org/apache/commons/commons-compress/1.4.1/commons-compress-1.4.1.jar:/home/user/.m2/repository/org/tukaani/xz/1.0/xz-1.0.jar:/home/user/.m2/repository/org/apache/hadoop/hadoop-common/3.2.0/hadoop-common-3.2.0.jar:/home/user/.m2/repository/org/apache/hadoop/hadoop-hdfs/3.2.0/hadoop-hdfs-3.2.0.jar:/home/user/.m2/repository/org/apache/hadoop/hadoop-hdfs-client/3.2.0/hadoop-hdfs-client-3.2.0.jar:/home/user/.m2/repository/com/fasterxml/jackson/core/jackson-annotations/2.9.5/jackson-annotations-2.9.5.jar:/home/user/.m2/repository/org/apache/hadoop/hadoop-hdds-common/0.4.1-SNAPSHOT/hadoop-hdds-common-0.4.1-SNAPSHOT.jar:/home/user/.m2/repository/javax/annotation/javax.annotation-api/1.2/javax.annotation-api-1.2.jar:/home/user/.m2/repository/org/apache/ratis/ratis-server/0.4.0-2337318-SNAPSHOT/ratis-server-0.4.0-2337318-SNAPSHOT.jar:/home/user/.m2/repository/org/apache/ratis/ratis-thirdparty-misc/0.2.0/ratis-thirdparty-misc-0.2.0.jar:/home/user/.m2/repository/org/apache/ratis/ratis-proto/0.4.0-2337318-SNAPSHOT/ratis-proto-0.4.0-2337318-SNAPSHOT.jar:/home/user/.m2/repository/org/apache/ratis/ratis-common/0.4.0-2337318-SNAPSHOT/ratis-common-0.4.0-2337318-SNAPSHOT.jar:/home/user/.m2/repository/org/apache/ratis/ratis-client/0.4.0-2337318-SNAPSHOT/ratis-client-0.4.0-2337318-SNAPSHOT.jar:/home/user/.m2/repository/org/apache/ratis/ratis-metrics/0.4.0-2337318-SNAPSHOT/ratis-metrics-0.4.0-2337318-SNAPSHOT.jar:/home/user/.m2/repository/org/apache/ratis/ratis-netty/0.4.0-2337318-SNAPSHOT/ratis-netty-0.4.0-2337318-SNAPSHOT.jar:/home/user/.m2/repository/org/apache/ratis/ratis-grpc/0.4.0-2337318-SNAPSHOT/ratis-grpc-0.4.0-2337318-SNAPSHOT.jar:/home/user/.m2/repository/org/rocksdb/rocksdbjni/6.0.1/rocksdbjni-6.0.1.jar:/home/user/.m2/repository/org/apache/logging/log4j/log4j-api/2.11.0/log4j-api-2.11.0.jar:/home/user/.m2/repository/org/apache/logging/log4j/log4j-core/2.11.0/log4j-core-2.11.0.jar:/home/user/.m2/repository/com/lmax/disruptor/3.4.2/disruptor-3.4.2.jar:/home/user/.m2/repository/org/apache/commons/commons-pool2/2.6.0/commons-pool2-2.6.0.jar:/home/user/.m2/repository/org/bouncycastle/bcpkix-jdk15on/1.60/bcpkix-jdk15on-1.60.jar:/home/user/.m2/repository/commons-validator/commons-validator/1.6/commons-validator-1.6.jar:/home/user/.m2/repository/commons-digester/commons-digester/1.8.1/commons-digester-1.8.1.jar:/home/user/.m2/repository/io/jaegertracing/jaeger-client/0.33.1/jaeger-client-0.33.1.jar:/home/user/.m2/repository/io/jaegertracing/jaeger-thrift/0.33.1/jaeger-thrift-0.33.1.jar:/home/user/.m2/repository/org/apache/thrift/libthrift/0.11.0/libthrift-0.11.0.jar:/home/user/.m2/repository/com/squareup/okhttp3/okhttp/3.9.0/okhttp-3.9.0.jar:/home/user/.m2/repository/com/squareup/okio/okio/1.13.0/okio-1.13.0.jar:/home/user/.m2/repository/io/jaegertracing/jaeger-core/0.33.1/jaeger-core-0.33.1.jar:/home/user/.m2/repository/io/jaegertracing/jaeger-tracerresolver/0.33.1/jaeger-tracerresolver-0.33.1.jar:/home/user/.m2/repository/io/opentracing/contrib/opentracing-tracerresolver/0.1.5/opentracing-tracerresolver-0.1.5.jar:/home/user/.m2/repository/io/opentracing/opentracing-util/0.31.0/opentracing-util-0.31.0.jar:/home/user/.m2/repository/io/opentracing/opentracing-api/0.31.0/opentracing-api-0.31.0.jar:/home/user/.m2/repository/io/opentracing/opentracing-noop/0.31.0/opentracing-noop-0.31.0.jar:/home/user/.m2/repository/org/apache/hadoop/hadoop-hdds-server-framework/0.4.1-SNAPSHOT/hadoop-hdds-server-framework-0.4.1-SNAPSHOT.jar:/home/user/.m2/repository/org/apache/hadoop/hadoop-hdds-container-service/0.4.1-SNAPSHOT/hadoop-hdds-container-service-0.4.1-SNAPSHOT.jar:/home/user/.m2/repository/org/apache/hadoop/hadoop-hdds-client/0.4.1-SNAPSHOT/hadoop-hdds-client-0.4.1-SNAPSHOT.jar:/home/user/.m2/repository/org/apache/hadoop/hadoop-hdds-tools/0.4.1-SNAPSHOT/hadoop-hdds-tools-0.4.1-SNAPSHOT.jar:/home/user/.m2/repository/org/apache/hadoop/hadoop-hdds-server-scm/0.4.1-SNAPSHOT/hadoop-hdds-server-scm-0.4.1-SNAPSHOT.jar:/home/user/.m2/repository/org/apache/hadoop/hadoop-hdds-docs/0.4.1-SNAPSHOT/hadoop-hdds-docs-0.4.1-SNAPSHOT.jar:/home/user/.m2/repository/io/dropwizard/metrics/metrics-core/3.2.4/metrics-core-3.2.4.jar:/home/user/.m2/repository/org/hamcrest/hamcrest-all/1.3/hamcrest-all-1.3.jar:/home/user/.m2/repository/org/bouncycastle/bcprov-jdk15on/1.60/bcprov-jdk15on-1.60.jar:/home/user/.m2/repository/info/picocli/picocli/3.9.6/picocli-3.9.6.jar:/home/user/.m2/repository/com/google/protobuf/protobuf-java/2.5.0/protobuf-java-2.5.0.jar:/home/user/.m2/repository/com/google/guava/guava/11.0.2/guava-11.0.2.jar:/home/user/.m2/repository/org/apache/hadoop/hadoop-ozone-ozone-manager/0.4.1-SNAPSHOT/hadoop-ozone-ozone-manager-0.4.1-SNAPSHOT.jar:/home/user/.m2/repository/org/apache/hadoop/hadoop-minikdc/3.2.0/hadoop-minikdc-3.2.0.jar:/home/user/.m2/repository/commons-io/commons-io/2.5/commons-io-2.5.jar:/home/user/.m2/repository/org/apache/kerby/kerb-simplekdc/1.0.1/kerb-simplekdc-1.0.1.jar:/home/user/.m2/repository/org/apache/kerby/kerb-client/1.0.1/kerb-client-1.0.1.jar:/home/user/.m2/repository/org/apache/kerby/kerby-config/1.0.1/kerby-config-1.0.1.jar:/home/user/.m2/repository/org/apache/kerby/kerb-core/1.0.1/kerb-core-1.0.1.jar:/home/user/.m2/repository/org/apache/kerby/kerby-pkix/1.0.1/kerby-pkix-1.0.1.jar:/home/user/.m2/repository/org/apache/kerby/kerby-asn1/1.0.1/kerby-asn1-1.0.1.jar:/home/user/.m2/repository/org/apache/kerby/kerby-util/1.0.1/kerby-util-1.0.1.jar:/home/user/.m2/repository/org/apache/kerby/kerb-common/1.0.1/kerb-common-1.0.1.jar:/home/user/.m2/repository/org/apache/kerby/kerb-crypto/1.0.1/kerb-crypto-1.0.1.jar:/home/user/.m2/repository/org/apache/kerby/kerb-util/1.0.1/kerb-util-1.0.1.jar:/home/user/.m2/repository/org/apache/kerby/token-provider/1.0.1/token-provider-1.0.1.jar:/home/user/.m2/repository/org/apache/kerby/kerb-admin/1.0.1/kerb-admin-1.0.1.jar:/home/user/.m2/repository/org/apache/kerby/kerb-server/1.0.1/kerb-server-1.0.1.jar:/home/user/.m2/repository/org/apache/kerby/kerb-identity/1.0.1/kerb-identity-1.0.1.jar:/home/user/.m2/repository/org/apache/kerby/kerby-xdr/1.0.1/kerby-xdr-1.0.1.jar:/home/user/.m2/repository/org/slf4j/slf4j-log4j12/1.7.25/slf4j-log4j12-1.7.25.jar:/home/user/.m2/repository/org/apache/hadoop/hadoop-ozone-objectstore-service/0.4.1-SNAPSHOT/hadoop-ozone-objectstore-service-0.4.1-SNAPSHOT.jar:/home/user/.m2/repository/org/apache/hadoop/hadoop-ozone-s3gateway/0.4.1-SNAPSHOT/hadoop-ozone-s3gateway-0.4.1-SNAPSHOT.jar:/home/user/.m2/repository/org/jboss/weld/servlet/weld-servlet/2.4.7.Final/weld-servlet-2.4.7.Final.jar:/home/user/.m2/repository/org/glassfish/jersey/containers/jersey-container-servlet-core/2.27/jersey-container-servlet-core-2.27.jar:/home/user/.m2/repository/org/glassfish/hk2/external/javax.inject/2.5.0-b42/javax.inject-2.5.0-b42.jar:/home/user/.m2/repository/org/glassfish/jersey/core/jersey-common/2.27/jersey-common-2.27.jar:/home/user/.m2/repository/org/glassfish/hk2/osgi-resource-locator/1.0.1/osgi-resource-locator-1.0.1.jar:/home/user/.m2/repository/javax/ws/rs/javax.ws.rs-api/2.1/javax.ws.rs-api-2.1.jar:/home/user/.m2/repository/org/glassfish/jersey/ext/cdi/jersey-cdi1x/2.27/jersey-cdi1x-2.27.jar:/home/user/.m2/repository/org/glassfish/jersey/inject/jersey-hk2/2.27/jersey-hk2-2.27.jar:/home/user/.m2/repository/org/glassfish/hk2/hk2-locator/2.5.0-b42/hk2-locator-2.5.0-b42.jar:/home/user/.m2/repository/org/javassist/javassist/3.22.0-CR2/javassist-3.22.0-CR2.jar:/home/user/.m2/repository/org/glassfish/hk2/hk2-api/2.5.0/hk2-api-2.5.0.jar:/home/user/.m2/repository/org/glassfish/hk2/external/jakarta.inject/2.5.0/jakarta.inject-2.5.0.jar:/home/user/.m2/repository/org/glassfish/hk2/hk2-utils/2.5.0/hk2-utils-2.5.0.jar:/home/user/.m2/repository/jakarta/annotation/jakarta.annotation-api/1.3.4/jakarta.annotation-api-1.3.4.jar:/home/user/.m2/repository/org/glassfish/hk2/external/aopalliance-repackaged/2.5.0/aopalliance-repackaged-2.5.0.jar:/home/user/.m2/repository/com/fasterxml/jackson/dataformat/jackson-dataformat-xml/2.9.0/jackson-dataformat-xml-2.9.0.jar:/home/user/.m2/repository/com/fasterxml/jackson/core/jackson-core/2.9.5/jackson-core-2.9.5.jar:/home/user/.m2/repository/com/fasterxml/jackson/module/jackson-module-jaxb-annotations/2.9.5/jackson-module-jaxb-annotations-2.9.5.jar:/home/user/.m2/repository/javax/enterprise/cdi-api/1.2/cdi-api-1.2.jar:/home/user/.m2/repository/javax/el/javax.el-api/3.0.0/javax.el-api-3.0.0.jar:/home/user/.m2/repository/javax/interceptor/javax.interceptor-api/1.2/javax.interceptor-api-1.2.jar:/home/user/.m2/repository/javax/inject/javax.inject/1/javax.inject-1.jar:/home/user/.m2/repository/com/sun/xml/bind/jaxb-impl/2.3.0.1/jaxb-impl-2.3.0.1.jar:/home/user/.m2/repository/com/sun/xml/bind/jaxb-core/2.3.0.1/jaxb-core-2.3.0.1.jar:/home/user/.m2/repository/javax/xml/bind/jaxb-api/2.3.0/jaxb-api-2.3.0.jar:/home/user/.m2/repository/javax/activation/activation/1.1.1/activation-1.1.1.jar:/home/user/.m2/repository/org/apache/hadoop/hadoop-ozone-csi/0.4.1-SNAPSHOT/hadoop-ozone-csi-0.4.1-SNAPSHOT.jar:/home/user/.m2/repository/com/google/protobuf/protobuf-java-util/3.5.1/protobuf-java-util-3.5.1.jar:/home/user/.m2/repository/org/apache/hadoop/hadoop-hdds-config/0.4.1-SNAPSHOT/hadoop-hdds-config-0.4.1-SNAPSHOT.jar:/home/user/.m2/repository/io/grpc/grpc-netty/1.17.1/grpc-netty-1.17.1.jar:/home/user/.m2/repository/io/grpc/grpc-core/1.17.1/grpc-core-1.17.1.jar:/home/user/.m2/repository/io/grpc/grpc-context/1.17.1/grpc-context-1.17.1.jar:/home/user/.m2/repository/com/google/errorprone/error_prone_annotations/2.2.0/error_prone_annotations-2.2.0.jar:/home/user/.m2/repository/org/codehaus/mojo/animal-sniffer-annotations/1.17/animal-sniffer-annotations-1.17.jar:/home/user/.m2/repository/io/opencensus/opencensus-api/0.17.0/opencensus-api-0.17.0.jar:/home/user/.m2/repository/io/opencensus/opencensus-contrib-grpc-metrics/0.17.0/opencensus-contrib-grpc-metrics-0.17.0.jar:/home/user/.m2/repository/io/netty/netty-codec-http2/4.1.30.Final/netty-codec-http2-4.1.30.Final.jar:/home/user/.m2/repository/io/netty/netty-codec-http/4.1.30.Final/netty-codec-http-4.1.30.Final.jar:/home/user/.m2/repository/io/netty/netty-codec/4.1.30.Final/netty-codec-4.1.30.Final.jar:/home/user/.m2/repository/io/netty/netty-handler/4.1.30.Final/netty-handler-4.1.30.Final.jar:/home/user/.m2/repository/io/netty/netty-handler-proxy/4.1.30.Final/netty-handler-proxy-4.1.30.Final.jar:/home/user/.m2/repository/io/netty/netty-codec-socks/4.1.30.Final/netty-codec-socks-4.1.30.Final.jar:/home/user/.m2/repository/io/netty/netty-transport-native-epoll/4.1.30.Final/netty-transport-native-epoll-4.1.30.Final.jar:/home/user/.m2/repository/io/netty/netty-common/4.1.30.Final/netty-common-4.1.30.Final.jar:/home/user/.m2/repository/io/netty/netty-buffer/4.1.30.Final/netty-buffer-4.1.30.Final.jar:/home/user/.m2/repository/io/netty/netty-transport/4.1.30.Final/netty-transport-4.1.30.Final.jar:/home/user/.m2/repository/io/netty/netty-resolver/4.1.30.Final/netty-resolver-4.1.30.Final.jar:/home/user/.m2/repository/io/netty/netty-transport-native-unix-common/4.1.30.Final/netty-transport-native-unix-common-4.1.30.Final.jar:/home/user/.m2/repository/io/grpc/grpc-protobuf/1.17.1/grpc-protobuf-1.17.1.jar:/home/user/.m2/repository/com/google/api/grpc/proto-google-common-protos/1.0.0/proto-google-common-protos-1.0.0.jar:/home/user/.m2/repository/io/grpc/grpc-protobuf-lite/1.17.1/grpc-protobuf-lite-1.17.1.jar:/home/user/.m2/repository/io/grpc/grpc-stub/1.17.1/grpc-stub-1.17.1.jar:/home/user/.m2/repository/org/apache/hadoop/hadoop-ozone-recon/0.4.1-SNAPSHOT/hadoop-ozone-recon-0.4.1-SNAPSHOT.jar:/home/user/.m2/repository/org/apache/hadoop/hadoop-ozone-reconcodegen/0.4.1-SNAPSHOT/hadoop-ozone-reconcodegen-0.4.1-SNAPSHOT.jar:/home/user/.m2/repository/com/google/inject/extensions/guice-multibindings/4.0/guice-multibindings-4.0.jar:/home/user/.m2/repository/com/google/inject/guice/4.0/guice-4.0.jar:/home/user/.m2/repository/aopalliance/aopalliance/1.0/aopalliance-1.0.jar:/home/user/.m2/repository/com/google/inject/extensions/guice-servlet/4.0/guice-servlet-4.0.jar:/home/user/.m2/repository/org/glassfish/jersey/containers/jersey-container-servlet/2.27/jersey-container-servlet-2.27.jar:/home/user/.m2/repository/org/glassfish/hk2/guice-bridge/2.5.0/guice-bridge-2.5.0.jar:/home/user/.m2/repository/org/glassfish/jersey/core/jersey-server/2.27/jersey-server-2.27.jar:/home/user/.m2/repository/org/glassfish/jersey/core/jersey-client/2.27/jersey-client-2.27.jar:/home/user/.m2/repository/org/glassfish/jersey/media/jersey-media-jaxb/2.27/jersey-media-jaxb-2.27.jar:/home/user/.m2/repository/javax/validation/validation-api/1.1.0.Final/validation-api-1.1.0.Final.jar:/home/user/.m2/repository/org/glassfish/jersey/media/jersey-media-json-jackson/2.27/jersey-media-json-jackson-2.27.jar:/home/user/.m2/repository/org/glassfish/jersey/ext/jersey-entity-filtering/2.27/jersey-entity-filtering-2.27.jar:/home/user/.m2/repository/com/google/inject/extensions/guice-assistedinject/4.0/guice-assistedinject-4.0.jar:/home/user/.m2/repository/org/jooq/jooq/3.11.10/jooq-3.11.10.jar:/home/user/.m2/repository/org/jooq/jooq-meta/3.11.10/jooq-meta-3.11.10.jar:/home/user/.m2/repository/org/jooq/jooq-codegen/3.11.10/jooq-codegen-3.11.10.jar:/home/user/.m2/repository/com/jolbox/bonecp/0.8.0.RELEASE/bonecp-0.8.0.RELEASE.jar:/home/user/.m2/repository/org/xerial/sqlite-jdbc/3.25.2/sqlite-jdbc-3.25.2.jar:/home/user/.m2/repository/org/springframework/spring-jdbc/5.1.3.RELEASE/spring-jdbc-5.1.3.RELEASE.jar:/home/user/.m2/repository/org/springframework/spring-beans/5.1.3.RELEASE/spring-beans-5.1.3.RELEASE.jar:/home/user/.m2/repository/org/springframework/spring-core/5.1.3.RELEASE/spring-core-5.1.3.RELEASE.jar:/home/user/.m2/repository/org/springframework/spring-jcl/5.1.3.RELEASE/spring-jcl-5.1.3.RELEASE.jar:/home/user/.m2/repository/org/springframework/spring-tx/5.1.3.RELEASE/spring-tx-5.1.3.RELEASE.jar:/home/user/.m2/repository/org/apache/hadoop/hadoop-ozone-client/0.4.1-SNAPSHOT/hadoop-ozone-client-0.4.1-SNAPSHOT.jar:/home/user/.m2/repository/commons-lang/commons-lang/2.6/commons-lang-2.6.jar:/home/user/.m2/repository/org/apache/hadoop/hadoop-ozone-ozone-manager/0.4.1-SNAPSHOT/hadoop-ozone-ozone-manager-0.4.1-SNAPSHOT-tests.jar:/home/user/.m2/repository/junit/junit/4.11/junit-4.11.jar:/home/user/.m2/repository/org/hamcrest/hamcrest-core/1.3/hamcrest-core-1.3.jar:/home/user/.m2/repository/org/openjdk/jmh/jmh-core/1.19/jmh-core-1.19.jar:/home/user/.m2/repository/net/sf/jopt-simple/jopt-simple/4.6/jopt-simple-4.6.jar:/home/user/.m2/repository/org/apache/commons/commons-math3/3.1.1/commons-math3-3.1.1.jar:/home/user/.m2/repository/org/openjdk/jmh/jmh-generator-annprocess/1.19/jmh-generator-annprocess-1.19.jar:/home/user/.m2/repository/org/mockito/mockito-all/1.8.5/mockito-all-1.8.5.jar:/home/user/.m2/repository/org/apache/hadoop/hadoop-kms/3.2.0/hadoop-kms-3.2.0.jar:/home/user/.m2/repository/org/apache/hadoop/hadoop-auth/3.2.0/hadoop-auth-3.2.0.jar:/home/user/.m2/repository/com/nimbusds/nimbus-jose-jwt/4.41.1/nimbus-jose-jwt-4.41.1.jar:/home/user/.m2/repository/com/github/stephenc/jcip/jcip-annotations/1.0-1/jcip-annotations-1.0-1.jar:/home/user/.m2/repository/net/minidev/json-smart/2.3/json-smart-2.3.jar:/home/user/.m2/repository/net/minidev/accessors-smart/1.2/accessors-smart-1.2.jar:/home/user/.m2/repository/org/ow2/asm/asm/5.0.4/asm-5.0.4.jar:/home/user/.m2/repository/org/apache/curator/curator-framework/2.12.0/curator-framework-2.12.0.jar:/home/user/.m2/repository/com/sun/jersey/jersey-core/1.19/jersey-core-1.19.jar:/home/user/.m2/repository/javax/ws/rs/jsr311-api/1.1.1/jsr311-api-1.1.1.jar:/home/user/.m2/repository/com/sun/jersey/jersey-server/1.19/jersey-server-1.19.jar:/home/user/.m2/repository/javax/servlet/javax.servlet-api/3.1.0/javax.servlet-api-3.1.0.jar:/home/user/.m2/repository/org/eclipse/jetty/jetty-server/9.3.24.v20180605/jetty-server-9.3.24.v20180605.jar:/home/user/.m2/repository/org/eclipse/jetty/jetty-http/9.3.24.v20180605/jetty-http-9.3.24.v20180605.jar:/home/user/.m2/repository/org/eclipse/jetty/jetty-io/9.3.24.v20180605/jetty-io-9.3.24.v20180605.jar:/home/user/.m2/repository/org/eclipse/jetty/jetty-webapp/9.3.24.v20180605/jetty-webapp-9.3.24.v20180605.jar:/home/user/.m2/repository/org/eclipse/jetty/jetty-xml/9.3.24.v20180605/jetty-xml-9.3.24.v20180605.jar:/home/user/.m2/repository/log4j/log4j/1.2.17/log4j-1.2.17.jar:/home/user/.m2/repository/org/slf4j/slf4j-api/1.7.25/slf4j-api-1.7.25.jar:/home/user/.m2/repository/org/slf4j/jul-to-slf4j/1.7.25/jul-to-slf4j-1.7.25.jar:/home/user/.m2/repository/org/eclipse/jetty/jetty-util/9.3.24.v20180605/jetty-util-9.3.24.v20180605.jar:/home/user/.m2/repository/com/fasterxml/jackson/core/jackson-databind/2.9.5/jackson-databind-2.9.5.jar:/home/user/.m2/repository/org/apache/hadoop/hadoop-kms/3.2.0/hadoop-kms-3.2.0-tests.jar:/home/user/.m2/repository/org/apache/hadoop/hadoop-hdds-server-scm/0.4.1-SNAPSHOT/hadoop-hdds-server-scm-0.4.1-SNAPSHOT-tests.jar:/home/user/.m2/repository/org/apache/hadoop/hadoop-hdds-container-service/0.4.1-SNAPSHOT/hadoop-hdds-container-service-0.4.1-SNAPSHOT-tests.jar:/home/user/.m2/repository/org/yaml/snakeyaml/1.16/snakeyaml-1.16.jar:/home/user/.m2/repository/org/apache/hadoop/hadoop-common/3.2.0/hadoop-common-3.2.0-tests.jar:/home/user/.m2/repository/org/apache/hadoop/hadoop-annotations/3.2.0/hadoop-annotations-3.2.0.jar:/usr/lib/jvm/java-1.8-openjdk/jre/../lib/tools.jar:/home/user/.m2/repository/commons-cli/commons-cli/1.2/commons-cli-1.2.jar:/home/user/.m2/repository/org/apache/httpcomponents/httpclient/4.5.2/httpclient-4.5.2.jar:/home/user/.m2/repository/org/apache/httpcomponents/httpcore/4.4.4/httpcore-4.4.4.jar:/home/user/.m2/repository/commons-codec/commons-codec/1.11/commons-codec-1.11.jar:/home/user/.m2/repository/commons-net/commons-net/3.6/commons-net-3.6.jar:/home/user/.m2/repository/commons-collections/commons-collections/3.2.2/commons-collections-3.2.2.jar:/home/user/.m2/repository/org/eclipse/jetty/jetty-servlet/9.3.24.v20180605/jetty-servlet-9.3.24.v20180605.jar:/home/user/.m2/repository/org/eclipse/jetty/jetty-security/9.3.24.v20180605/jetty-security-9.3.24.v20180605.jar:/home/user/.m2/repository/javax/servlet/jsp/jsp-api/2.1/jsp-api-2.1.jar:/home/user/.m2/repository/com/sun/jersey/jersey-servlet/1.19/jersey-servlet-1.19.jar:/home/user/.m2/repository/com/sun/jersey/jersey-json/1.19/jersey-json-1.19.jar:/home/user/.m2/repository/org/codehaus/jettison/jettison/1.1/jettison-1.1.jar:/home/user/.m2/repository/org/codehaus/jackson/jackson-core-asl/1.9.13/jackson-core-asl-1.9.13.jar:/home/user/.m2/repository/org/codehaus/jackson/jackson-mapper-asl/1.9.13/jackson-mapper-asl-1.9.13.jar:/home/user/.m2/repository/org/codehaus/jackson/jackson-jaxrs/1.9.13/jackson-jaxrs-1.9.13.jar:/home/user/.m2/repository/org/codehaus/jackson/jackson-xc/1.9.13/jackson-xc-1.9.13.jar:/home/user/.m2/repository/commons-logging/commons-logging/1.1.3/commons-logging-1.1.3.jar:/home/user/.m2/repository/commons-beanutils/commons-beanutils/1.9.3/commons-beanutils-1.9.3.jar:/home/user/.m2/repository/org/apache/commons/commons-configuration2/2.1.1/commons-configuration2-2.1.1.jar:/home/user/.m2/repository/org/apache/commons/commons-lang3/3.7/commons-lang3-3.7.jar:/home/user/.m2/repository/org/apache/commons/commons-text/1.4/commons-text-1.4.jar:/home/user/.m2/repository/org/apache/avro/avro/1.7.7/avro-1.7.7.jar:/home/user/.m2/repository/com/thoughtworks/paranamer/paranamer/2.3/paranamer-2.3.jar:/home/user/.m2/repository/org/xerial/snappy/snappy-java/1.0.5/snappy-java-1.0.5.jar:/home/user/.m2/repository/com/google/re2j/re2j/1.1/re2j-1.1.jar:/home/user/.m2/repository/com/google/code/gson/gson/2.2.4/gson-2.2.4.jar:/home/user/.m2/repository/com/jcraft/jsch/0.1.54/jsch-0.1.54.jar:/home/user/.m2/repository/org/apache/curator/curator-client/2.12.0/curator-client-2.12.0.jar:/home/user/.m2/repository/org/apache/curator/curator-recipes/2.12.0/curator-recipes-2.12.0.jar:/home/user/.m2/repository/com/google/code/findbugs/jsr305/3.0.0/jsr305-3.0.0.jar:/home/user/.m2/repository/org/apache/htrace/htrace-core4/4.1.0-incubating/htrace-core4-4.1.0-incubating.jar:/home/user/.m2/repository/org/apache/zookeeper/zookeeper/3.4.13/zookeeper-3.4.13.jar:/home/user/.m2/repository/org/apache/yetus/audience-annotations/0.5.0/audience-annotations-0.5.0.jar:/home/user/.m2/repository/org/codehaus/woodstox/stax2-api/3.1.4/stax2-api-3.1.4.jar:/home/user/.m2/repository/com/fasterxml/woodstox/woodstox-core/5.0.3/woodstox-core-5.0.3.jar:/home/user/.m2/repository/dnsjava/dnsjava/2.1.7/dnsjava-2.1.7.jar:/home/user/.m2/repository/org/apache/hadoop/hadoop-hdfs/3.2.0/hadoop-hdfs-3.2.0-tests.jar:/home/user/.m2/repository/org/eclipse/jetty/jetty-util-ajax/9.3.24.v20180605/jetty-util-ajax-9.3.24.v20180605.jar:/home/user/.m2/repository/commons-daemon/commons-daemon/1.0.13/commons-daemon-1.0.13.jar:/home/user/.m2/repository/io/netty/netty/3.10.5.Final/netty-3.10.5.Final.jar:/home/user/.m2/repository/io/netty/netty-all/4.0.52.Final/netty-all-4.0.52.Final.jar:/home/user/.m2/repository/org/fusesource/leveldbjni/leveldbjni-all/1.8/leveldbjni-all-1.8.jar:"/>
    <property name="java.vm.vendor" value="IcedTea"/>
    <property name="sun.arch.data.model" value="64"/>
    <property name="test.build.dir" value="/workdir/hadoop-ozone/integration-test/target/test-dir"/>
    <property name="test.cache.data" value=""/>
    <property name="java.vendor.url" value="https://icedtea.classpath.org"/>
    <property name="user.timezone" value=""/>
    <property name="java.vm.specification.version" value="1.8"/>
    <property name="os.name" value="Linux"/>
    <property name="test.build.data" value="/workdir/hadoop-ozone/integration-test/target/test-dir"/>
    <property name="user.country" value="US"/>
    <property name="sun.java.launcher" value="SUN_STANDARD"/>
    <property name="sun.boot.library.path" value="/usr/lib/jvm/java-1.8-openjdk/jre/lib/amd64"/>
    <property name="sun.java.command" value="/workdir/hadoop-ozone/integration-test/target/surefire/surefirebooter9032500567744964924.jar /workdir/hadoop-ozone/integration-test/target/surefire 2019-08-12T03-13-59_630-jvmRun1 surefire3735739919476762469tmp surefire_557519936930209185963tmp"/>
    <property name="surefire.test.class.path" value="/workdir/hadoop-ozone/integration-test/target/test-classes:/workdir/hadoop-ozone/integration-test/target/classes:/home/user/.m2/repository/org/apache/hadoop/hadoop-ozone-common/0.4.1-SNAPSHOT/hadoop-ozone-common-0.4.1-SNAPSHOT.jar:/home/user/.m2/repository/org/apache/commons/commons-compress/1.4.1/commons-compress-1.4.1.jar:/home/user/.m2/repository/org/tukaani/xz/1.0/xz-1.0.jar:/home/user/.m2/repository/org/apache/hadoop/hadoop-common/3.2.0/hadoop-common-3.2.0.jar:/home/user/.m2/repository/org/apache/hadoop/hadoop-hdfs/3.2.0/hadoop-hdfs-3.2.0.jar:/home/user/.m2/repository/org/apache/hadoop/hadoop-hdfs-client/3.2.0/hadoop-hdfs-client-3.2.0.jar:/home/user/.m2/repository/com/fasterxml/jackson/core/jackson-annotations/2.9.5/jackson-annotations-2.9.5.jar:/home/user/.m2/repository/org/apache/hadoop/hadoop-hdds-common/0.4.1-SNAPSHOT/hadoop-hdds-common-0.4.1-SNAPSHOT.jar:/home/user/.m2/repository/javax/annotation/javax.annotation-api/1.2/javax.annotation-api-1.2.jar:/home/user/.m2/repository/org/apache/ratis/ratis-server/0.4.0-2337318-SNAPSHOT/ratis-server-0.4.0-2337318-SNAPSHOT.jar:/home/user/.m2/repository/org/apache/ratis/ratis-thirdparty-misc/0.2.0/ratis-thirdparty-misc-0.2.0.jar:/home/user/.m2/repository/org/apache/ratis/ratis-proto/0.4.0-2337318-SNAPSHOT/ratis-proto-0.4.0-2337318-SNAPSHOT.jar:/home/user/.m2/repository/org/apache/ratis/ratis-common/0.4.0-2337318-SNAPSHOT/ratis-common-0.4.0-2337318-SNAPSHOT.jar:/home/user/.m2/repository/org/apache/ratis/ratis-client/0.4.0-2337318-SNAPSHOT/ratis-client-0.4.0-2337318-SNAPSHOT.jar:/home/user/.m2/repository/org/apache/ratis/ratis-metrics/0.4.0-2337318-SNAPSHOT/ratis-metrics-0.4.0-2337318-SNAPSHOT.jar:/home/user/.m2/repository/org/apache/ratis/ratis-netty/0.4.0-2337318-SNAPSHOT/ratis-netty-0.4.0-2337318-SNAPSHOT.jar:/home/user/.m2/repository/org/apache/ratis/ratis-grpc/0.4.0-2337318-SNAPSHOT/ratis-grpc-0.4.0-2337318-SNAPSHOT.jar:/home/user/.m2/repository/org/rocksdb/rocksdbjni/6.0.1/rocksdbjni-6.0.1.jar:/home/user/.m2/repository/org/apache/logging/log4j/log4j-api/2.11.0/log4j-api-2.11.0.jar:/home/user/.m2/repository/org/apache/logging/log4j/log4j-core/2.11.0/log4j-core-2.11.0.jar:/home/user/.m2/repository/com/lmax/disruptor/3.4.2/disruptor-3.4.2.jar:/home/user/.m2/repository/org/apache/commons/commons-pool2/2.6.0/commons-pool2-2.6.0.jar:/home/user/.m2/repository/org/bouncycastle/bcpkix-jdk15on/1.60/bcpkix-jdk15on-1.60.jar:/home/user/.m2/repository/commons-validator/commons-validator/1.6/commons-validator-1.6.jar:/home/user/.m2/repository/commons-digester/commons-digester/1.8.1/commons-digester-1.8.1.jar:/home/user/.m2/repository/io/jaegertracing/jaeger-client/0.33.1/jaeger-client-0.33.1.jar:/home/user/.m2/repository/io/jaegertracing/jaeger-thrift/0.33.1/jaeger-thrift-0.33.1.jar:/home/user/.m2/repository/org/apache/thrift/libthrift/0.11.0/libthrift-0.11.0.jar:/home/user/.m2/repository/com/squareup/okhttp3/okhttp/3.9.0/okhttp-3.9.0.jar:/home/user/.m2/repository/com/squareup/okio/okio/1.13.0/okio-1.13.0.jar:/home/user/.m2/repository/io/jaegertracing/jaeger-core/0.33.1/jaeger-core-0.33.1.jar:/home/user/.m2/repository/io/jaegertracing/jaeger-tracerresolver/0.33.1/jaeger-tracerresolver-0.33.1.jar:/home/user/.m2/repository/io/opentracing/contrib/opentracing-tracerresolver/0.1.5/opentracing-tracerresolver-0.1.5.jar:/home/user/.m2/repository/io/opentracing/opentracing-util/0.31.0/opentracing-util-0.31.0.jar:/home/user/.m2/repository/io/opentracing/opentracing-api/0.31.0/opentracing-api-0.31.0.jar:/home/user/.m2/repository/io/opentracing/opentracing-noop/0.31.0/opentracing-noop-0.31.0.jar:/home/user/.m2/repository/org/apache/hadoop/hadoop-hdds-server-framework/0.4.1-SNAPSHOT/hadoop-hdds-server-framework-0.4.1-SNAPSHOT.jar:/home/user/.m2/repository/org/apache/hadoop/hadoop-hdds-container-service/0.4.1-SNAPSHOT/hadoop-hdds-container-service-0.4.1-SNAPSHOT.jar:/home/user/.m2/repository/org/apache/hadoop/hadoop-hdds-client/0.4.1-SNAPSHOT/hadoop-hdds-client-0.4.1-SNAPSHOT.jar:/home/user/.m2/repository/org/apache/hadoop/hadoop-hdds-tools/0.4.1-SNAPSHOT/hadoop-hdds-tools-0.4.1-SNAPSHOT.jar:/home/user/.m2/repository/org/apache/hadoop/hadoop-hdds-server-scm/0.4.1-SNAPSHOT/hadoop-hdds-server-scm-0.4.1-SNAPSHOT.jar:/home/user/.m2/repository/org/apache/hadoop/hadoop-hdds-docs/0.4.1-SNAPSHOT/hadoop-hdds-docs-0.4.1-SNAPSHOT.jar:/home/user/.m2/repository/io/dropwizard/metrics/metrics-core/3.2.4/metrics-core-3.2.4.jar:/home/user/.m2/repository/org/hamcrest/hamcrest-all/1.3/hamcrest-all-1.3.jar:/home/user/.m2/repository/org/bouncycastle/bcprov-jdk15on/1.60/bcprov-jdk15on-1.60.jar:/home/user/.m2/repository/info/picocli/picocli/3.9.6/picocli-3.9.6.jar:/home/user/.m2/repository/com/google/protobuf/protobuf-java/2.5.0/protobuf-java-2.5.0.jar:/home/user/.m2/repository/com/google/guava/guava/11.0.2/guava-11.0.2.jar:/home/user/.m2/repository/org/apache/hadoop/hadoop-ozone-ozone-manager/0.4.1-SNAPSHOT/hadoop-ozone-ozone-manager-0.4.1-SNAPSHOT.jar:/home/user/.m2/repository/org/apache/hadoop/hadoop-minikdc/3.2.0/hadoop-minikdc-3.2.0.jar:/home/user/.m2/repository/commons-io/commons-io/2.5/commons-io-2.5.jar:/home/user/.m2/repository/org/apache/kerby/kerb-simplekdc/1.0.1/kerb-simplekdc-1.0.1.jar:/home/user/.m2/repository/org/apache/kerby/kerb-client/1.0.1/kerb-client-1.0.1.jar:/home/user/.m2/repository/org/apache/kerby/kerby-config/1.0.1/kerby-config-1.0.1.jar:/home/user/.m2/repository/org/apache/kerby/kerb-core/1.0.1/kerb-core-1.0.1.jar:/home/user/.m2/repository/org/apache/kerby/kerby-pkix/1.0.1/kerby-pkix-1.0.1.jar:/home/user/.m2/repository/org/apache/kerby/kerby-asn1/1.0.1/kerby-asn1-1.0.1.jar:/home/user/.m2/repository/org/apache/kerby/kerby-util/1.0.1/kerby-util-1.0.1.jar:/home/user/.m2/repository/org/apache/kerby/kerb-common/1.0.1/kerb-common-1.0.1.jar:/home/user/.m2/repository/org/apache/kerby/kerb-crypto/1.0.1/kerb-crypto-1.0.1.jar:/home/user/.m2/repository/org/apache/kerby/kerb-util/1.0.1/kerb-util-1.0.1.jar:/home/user/.m2/repository/org/apache/kerby/token-provider/1.0.1/token-provider-1.0.1.jar:/home/user/.m2/repository/org/apache/kerby/kerb-admin/1.0.1/kerb-admin-1.0.1.jar:/home/user/.m2/repository/org/apache/kerby/kerb-server/1.0.1/kerb-server-1.0.1.jar:/home/user/.m2/repository/org/apache/kerby/kerb-identity/1.0.1/kerb-identity-1.0.1.jar:/home/user/.m2/repository/org/apache/kerby/kerby-xdr/1.0.1/kerby-xdr-1.0.1.jar:/home/user/.m2/repository/org/slf4j/slf4j-log4j12/1.7.25/slf4j-log4j12-1.7.25.jar:/home/user/.m2/repository/org/apache/hadoop/hadoop-ozone-objectstore-service/0.4.1-SNAPSHOT/hadoop-ozone-objectstore-service-0.4.1-SNAPSHOT.jar:/home/user/.m2/repository/org/apache/hadoop/hadoop-ozone-s3gateway/0.4.1-SNAPSHOT/hadoop-ozone-s3gateway-0.4.1-SNAPSHOT.jar:/home/user/.m2/repository/org/jboss/weld/servlet/weld-servlet/2.4.7.Final/weld-servlet-2.4.7.Final.jar:/home/user/.m2/repository/org/glassfish/jersey/containers/jersey-container-servlet-core/2.27/jersey-container-servlet-core-2.27.jar:/home/user/.m2/repository/org/glassfish/hk2/external/javax.inject/2.5.0-b42/javax.inject-2.5.0-b42.jar:/home/user/.m2/repository/org/glassfish/jersey/core/jersey-common/2.27/jersey-common-2.27.jar:/home/user/.m2/repository/org/glassfish/hk2/osgi-resource-locator/1.0.1/osgi-resource-locator-1.0.1.jar:/home/user/.m2/repository/javax/ws/rs/javax.ws.rs-api/2.1/javax.ws.rs-api-2.1.jar:/home/user/.m2/repository/org/glassfish/jersey/ext/cdi/jersey-cdi1x/2.27/jersey-cdi1x-2.27.jar:/home/user/.m2/repository/org/glassfish/jersey/inject/jersey-hk2/2.27/jersey-hk2-2.27.jar:/home/user/.m2/repository/org/glassfish/hk2/hk2-locator/2.5.0-b42/hk2-locator-2.5.0-b42.jar:/home/user/.m2/repository/org/javassist/javassist/3.22.0-CR2/javassist-3.22.0-CR2.jar:/home/user/.m2/repository/org/glassfish/hk2/hk2-api/2.5.0/hk2-api-2.5.0.jar:/home/user/.m2/repository/org/glassfish/hk2/external/jakarta.inject/2.5.0/jakarta.inject-2.5.0.jar:/home/user/.m2/repository/org/glassfish/hk2/hk2-utils/2.5.0/hk2-utils-2.5.0.jar:/home/user/.m2/repository/jakarta/annotation/jakarta.annotation-api/1.3.4/jakarta.annotation-api-1.3.4.jar:/home/user/.m2/repository/org/glassfish/hk2/external/aopalliance-repackaged/2.5.0/aopalliance-repackaged-2.5.0.jar:/home/user/.m2/repository/com/fasterxml/jackson/dataformat/jackson-dataformat-xml/2.9.0/jackson-dataformat-xml-2.9.0.jar:/home/user/.m2/repository/com/fasterxml/jackson/core/jackson-core/2.9.5/jackson-core-2.9.5.jar:/home/user/.m2/repository/com/fasterxml/jackson/module/jackson-module-jaxb-annotations/2.9.5/jackson-module-jaxb-annotations-2.9.5.jar:/home/user/.m2/repository/javax/enterprise/cdi-api/1.2/cdi-api-1.2.jar:/home/user/.m2/repository/javax/el/javax.el-api/3.0.0/javax.el-api-3.0.0.jar:/home/user/.m2/repository/javax/interceptor/javax.interceptor-api/1.2/javax.interceptor-api-1.2.jar:/home/user/.m2/repository/javax/inject/javax.inject/1/javax.inject-1.jar:/home/user/.m2/repository/com/sun/xml/bind/jaxb-impl/2.3.0.1/jaxb-impl-2.3.0.1.jar:/home/user/.m2/repository/com/sun/xml/bind/jaxb-core/2.3.0.1/jaxb-core-2.3.0.1.jar:/home/user/.m2/repository/javax/xml/bind/jaxb-api/2.3.0/jaxb-api-2.3.0.jar:/home/user/.m2/repository/javax/activation/activation/1.1.1/activation-1.1.1.jar:/home/user/.m2/repository/org/apache/hadoop/hadoop-ozone-csi/0.4.1-SNAPSHOT/hadoop-ozone-csi-0.4.1-SNAPSHOT.jar:/home/user/.m2/repository/com/google/protobuf/protobuf-java-util/3.5.1/protobuf-java-util-3.5.1.jar:/home/user/.m2/repository/org/apache/hadoop/hadoop-hdds-config/0.4.1-SNAPSHOT/hadoop-hdds-config-0.4.1-SNAPSHOT.jar:/home/user/.m2/repository/io/grpc/grpc-netty/1.17.1/grpc-netty-1.17.1.jar:/home/user/.m2/repository/io/grpc/grpc-core/1.17.1/grpc-core-1.17.1.jar:/home/user/.m2/repository/io/grpc/grpc-context/1.17.1/grpc-context-1.17.1.jar:/home/user/.m2/repository/com/google/errorprone/error_prone_annotations/2.2.0/error_prone_annotations-2.2.0.jar:/home/user/.m2/repository/org/codehaus/mojo/animal-sniffer-annotations/1.17/animal-sniffer-annotations-1.17.jar:/home/user/.m2/repository/io/opencensus/opencensus-api/0.17.0/opencensus-api-0.17.0.jar:/home/user/.m2/repository/io/opencensus/opencensus-contrib-grpc-metrics/0.17.0/opencensus-contrib-grpc-metrics-0.17.0.jar:/home/user/.m2/repository/io/netty/netty-codec-http2/4.1.30.Final/netty-codec-http2-4.1.30.Final.jar:/home/user/.m2/repository/io/netty/netty-codec-http/4.1.30.Final/netty-codec-http-4.1.30.Final.jar:/home/user/.m2/repository/io/netty/netty-codec/4.1.30.Final/netty-codec-4.1.30.Final.jar:/home/user/.m2/repository/io/netty/netty-handler/4.1.30.Final/netty-handler-4.1.30.Final.jar:/home/user/.m2/repository/io/netty/netty-handler-proxy/4.1.30.Final/netty-handler-proxy-4.1.30.Final.jar:/home/user/.m2/repository/io/netty/netty-codec-socks/4.1.30.Final/netty-codec-socks-4.1.30.Final.jar:/home/user/.m2/repository/io/netty/netty-transport-native-epoll/4.1.30.Final/netty-transport-native-epoll-4.1.30.Final.jar:/home/user/.m2/repository/io/netty/netty-common/4.1.30.Final/netty-common-4.1.30.Final.jar:/home/user/.m2/repository/io/netty/netty-buffer/4.1.30.Final/netty-buffer-4.1.30.Final.jar:/home/user/.m2/repository/io/netty/netty-transport/4.1.30.Final/netty-transport-4.1.30.Final.jar:/home/user/.m2/repository/io/netty/netty-resolver/4.1.30.Final/netty-resolver-4.1.30.Final.jar:/home/user/.m2/repository/io/netty/netty-transport-native-unix-common/4.1.30.Final/netty-transport-native-unix-common-4.1.30.Final.jar:/home/user/.m2/repository/io/grpc/grpc-protobuf/1.17.1/grpc-protobuf-1.17.1.jar:/home/user/.m2/repository/com/google/api/grpc/proto-google-common-protos/1.0.0/proto-google-common-protos-1.0.0.jar:/home/user/.m2/repository/io/grpc/grpc-protobuf-lite/1.17.1/grpc-protobuf-lite-1.17.1.jar:/home/user/.m2/repository/io/grpc/grpc-stub/1.17.1/grpc-stub-1.17.1.jar:/home/user/.m2/repository/org/apache/hadoop/hadoop-ozone-recon/0.4.1-SNAPSHOT/hadoop-ozone-recon-0.4.1-SNAPSHOT.jar:/home/user/.m2/repository/org/apache/hadoop/hadoop-ozone-reconcodegen/0.4.1-SNAPSHOT/hadoop-ozone-reconcodegen-0.4.1-SNAPSHOT.jar:/home/user/.m2/repository/com/google/inject/extensions/guice-multibindings/4.0/guice-multibindings-4.0.jar:/home/user/.m2/repository/com/google/inject/guice/4.0/guice-4.0.jar:/home/user/.m2/repository/aopalliance/aopalliance/1.0/aopalliance-1.0.jar:/home/user/.m2/repository/com/google/inject/extensions/guice-servlet/4.0/guice-servlet-4.0.jar:/home/user/.m2/repository/org/glassfish/jersey/containers/jersey-container-servlet/2.27/jersey-container-servlet-2.27.jar:/home/user/.m2/repository/org/glassfish/hk2/guice-bridge/2.5.0/guice-bridge-2.5.0.jar:/home/user/.m2/repository/org/glassfish/jersey/core/jersey-server/2.27/jersey-server-2.27.jar:/home/user/.m2/repository/org/glassfish/jersey/core/jersey-client/2.27/jersey-client-2.27.jar:/home/user/.m2/repository/org/glassfish/jersey/media/jersey-media-jaxb/2.27/jersey-media-jaxb-2.27.jar:/home/user/.m2/repository/javax/validation/validation-api/1.1.0.Final/validation-api-1.1.0.Final.jar:/home/user/.m2/repository/org/glassfish/jersey/media/jersey-media-json-jackson/2.27/jersey-media-json-jackson-2.27.jar:/home/user/.m2/repository/org/glassfish/jersey/ext/jersey-entity-filtering/2.27/jersey-entity-filtering-2.27.jar:/home/user/.m2/repository/com/google/inject/extensions/guice-assistedinject/4.0/guice-assistedinject-4.0.jar:/home/user/.m2/repository/org/jooq/jooq/3.11.10/jooq-3.11.10.jar:/home/user/.m2/repository/org/jooq/jooq-meta/3.11.10/jooq-meta-3.11.10.jar:/home/user/.m2/repository/org/jooq/jooq-codegen/3.11.10/jooq-codegen-3.11.10.jar:/home/user/.m2/repository/com/jolbox/bonecp/0.8.0.RELEASE/bonecp-0.8.0.RELEASE.jar:/home/user/.m2/repository/org/xerial/sqlite-jdbc/3.25.2/sqlite-jdbc-3.25.2.jar:/home/user/.m2/repository/org/springframework/spring-jdbc/5.1.3.RELEASE/spring-jdbc-5.1.3.RELEASE.jar:/home/user/.m2/repository/org/springframework/spring-beans/5.1.3.RELEASE/spring-beans-5.1.3.RELEASE.jar:/home/user/.m2/repository/org/springframework/spring-core/5.1.3.RELEASE/spring-core-5.1.3.RELEASE.jar:/home/user/.m2/repository/org/springframework/spring-jcl/5.1.3.RELEASE/spring-jcl-5.1.3.RELEASE.jar:/home/user/.m2/repository/org/springframework/spring-tx/5.1.3.RELEASE/spring-tx-5.1.3.RELEASE.jar:/home/user/.m2/repository/org/apache/hadoop/hadoop-ozone-client/0.4.1-SNAPSHOT/hadoop-ozone-client-0.4.1-SNAPSHOT.jar:/home/user/.m2/repository/commons-lang/commons-lang/2.6/commons-lang-2.6.jar:/home/user/.m2/repository/org/apache/hadoop/hadoop-ozone-ozone-manager/0.4.1-SNAPSHOT/hadoop-ozone-ozone-manager-0.4.1-SNAPSHOT-tests.jar:/home/user/.m2/repository/junit/junit/4.11/junit-4.11.jar:/home/user/.m2/repository/org/hamcrest/hamcrest-core/1.3/hamcrest-core-1.3.jar:/home/user/.m2/repository/org/openjdk/jmh/jmh-core/1.19/jmh-core-1.19.jar:/home/user/.m2/repository/net/sf/jopt-simple/jopt-simple/4.6/jopt-simple-4.6.jar:/home/user/.m2/repository/org/apache/commons/commons-math3/3.1.1/commons-math3-3.1.1.jar:/home/user/.m2/repository/org/openjdk/jmh/jmh-generator-annprocess/1.19/jmh-generator-annprocess-1.19.jar:/home/user/.m2/repository/org/mockito/mockito-all/1.8.5/mockito-all-1.8.5.jar:/home/user/.m2/repository/org/apache/hadoop/hadoop-kms/3.2.0/hadoop-kms-3.2.0.jar:/home/user/.m2/repository/org/apache/hadoop/hadoop-auth/3.2.0/hadoop-auth-3.2.0.jar:/home/user/.m2/repository/com/nimbusds/nimbus-jose-jwt/4.41.1/nimbus-jose-jwt-4.41.1.jar:/home/user/.m2/repository/com/github/stephenc/jcip/jcip-annotations/1.0-1/jcip-annotations-1.0-1.jar:/home/user/.m2/repository/net/minidev/json-smart/2.3/json-smart-2.3.jar:/home/user/.m2/repository/net/minidev/accessors-smart/1.2/accessors-smart-1.2.jar:/home/user/.m2/repository/org/ow2/asm/asm/5.0.4/asm-5.0.4.jar:/home/user/.m2/repository/org/apache/curator/curator-framework/2.12.0/curator-framework-2.12.0.jar:/home/user/.m2/repository/com/sun/jersey/jersey-core/1.19/jersey-core-1.19.jar:/home/user/.m2/repository/javax/ws/rs/jsr311-api/1.1.1/jsr311-api-1.1.1.jar:/home/user/.m2/repository/com/sun/jersey/jersey-server/1.19/jersey-server-1.19.jar:/home/user/.m2/repository/javax/servlet/javax.servlet-api/3.1.0/javax.servlet-api-3.1.0.jar:/home/user/.m2/repository/org/eclipse/jetty/jetty-server/9.3.24.v20180605/jetty-server-9.3.24.v20180605.jar:/home/user/.m2/repository/org/eclipse/jetty/jetty-http/9.3.24.v20180605/jetty-http-9.3.24.v20180605.jar:/home/user/.m2/repository/org/eclipse/jetty/jetty-io/9.3.24.v20180605/jetty-io-9.3.24.v20180605.jar:/home/user/.m2/repository/org/eclipse/jetty/jetty-webapp/9.3.24.v20180605/jetty-webapp-9.3.24.v20180605.jar:/home/user/.m2/repository/org/eclipse/jetty/jetty-xml/9.3.24.v20180605/jetty-xml-9.3.24.v20180605.jar:/home/user/.m2/repository/log4j/log4j/1.2.17/log4j-1.2.17.jar:/home/user/.m2/repository/org/slf4j/slf4j-api/1.7.25/slf4j-api-1.7.25.jar:/home/user/.m2/repository/org/slf4j/jul-to-slf4j/1.7.25/jul-to-slf4j-1.7.25.jar:/home/user/.m2/repository/org/eclipse/jetty/jetty-util/9.3.24.v20180605/jetty-util-9.3.24.v20180605.jar:/home/user/.m2/repository/com/fasterxml/jackson/core/jackson-databind/2.9.5/jackson-databind-2.9.5.jar:/home/user/.m2/repository/org/apache/hadoop/hadoop-kms/3.2.0/hadoop-kms-3.2.0-tests.jar:/home/user/.m2/repository/org/apache/hadoop/hadoop-hdds-server-scm/0.4.1-SNAPSHOT/hadoop-hdds-server-scm-0.4.1-SNAPSHOT-tests.jar:/home/user/.m2/repository/org/apache/hadoop/hadoop-hdds-container-service/0.4.1-SNAPSHOT/hadoop-hdds-container-service-0.4.1-SNAPSHOT-tests.jar:/home/user/.m2/repository/org/yaml/snakeyaml/1.16/snakeyaml-1.16.jar:/home/user/.m2/repository/org/apache/hadoop/hadoop-common/3.2.0/hadoop-common-3.2.0-tests.jar:/home/user/.m2/repository/org/apache/hadoop/hadoop-annotations/3.2.0/hadoop-annotations-3.2.0.jar:/usr/lib/jvm/java-1.8-openjdk/jre/../lib/tools.jar:/home/user/.m2/repository/commons-cli/commons-cli/1.2/commons-cli-1.2.jar:/home/user/.m2/repository/org/apache/httpcomponents/httpclient/4.5.2/httpclient-4.5.2.jar:/home/user/.m2/repository/org/apache/httpcomponents/httpcore/4.4.4/httpcore-4.4.4.jar:/home/user/.m2/repository/commons-codec/commons-codec/1.11/commons-codec-1.11.jar:/home/user/.m2/repository/commons-net/commons-net/3.6/commons-net-3.6.jar:/home/user/.m2/repository/commons-collections/commons-collections/3.2.2/commons-collections-3.2.2.jar:/home/user/.m2/repository/org/eclipse/jetty/jetty-servlet/9.3.24.v20180605/jetty-servlet-9.3.24.v20180605.jar:/home/user/.m2/repository/org/eclipse/jetty/jetty-security/9.3.24.v20180605/jetty-security-9.3.24.v20180605.jar:/home/user/.m2/repository/javax/servlet/jsp/jsp-api/2.1/jsp-api-2.1.jar:/home/user/.m2/repository/com/sun/jersey/jersey-servlet/1.19/jersey-servlet-1.19.jar:/home/user/.m2/repository/com/sun/jersey/jersey-json/1.19/jersey-json-1.19.jar:/home/user/.m2/repository/org/codehaus/jettison/jettison/1.1/jettison-1.1.jar:/home/user/.m2/repository/org/codehaus/jackson/jackson-core-asl/1.9.13/jackson-core-asl-1.9.13.jar:/home/user/.m2/repository/org/codehaus/jackson/jackson-mapper-asl/1.9.13/jackson-mapper-asl-1.9.13.jar:/home/user/.m2/repository/org/codehaus/jackson/jackson-jaxrs/1.9.13/jackson-jaxrs-1.9.13.jar:/home/user/.m2/repository/org/codehaus/jackson/jackson-xc/1.9.13/jackson-xc-1.9.13.jar:/home/user/.m2/repository/commons-logging/commons-logging/1.1.3/commons-logging-1.1.3.jar:/home/user/.m2/repository/commons-beanutils/commons-beanutils/1.9.3/commons-beanutils-1.9.3.jar:/home/user/.m2/repository/org/apache/commons/commons-configuration2/2.1.1/commons-configuration2-2.1.1.jar:/home/user/.m2/repository/org/apache/commons/commons-lang3/3.7/commons-lang3-3.7.jar:/home/user/.m2/repository/org/apache/commons/commons-text/1.4/commons-text-1.4.jar:/home/user/.m2/repository/org/apache/avro/avro/1.7.7/avro-1.7.7.jar:/home/user/.m2/repository/com/thoughtworks/paranamer/paranamer/2.3/paranamer-2.3.jar:/home/user/.m2/repository/org/xerial/snappy/snappy-java/1.0.5/snappy-java-1.0.5.jar:/home/user/.m2/repository/com/google/re2j/re2j/1.1/re2j-1.1.jar:/home/user/.m2/repository/com/google/code/gson/gson/2.2.4/gson-2.2.4.jar:/home/user/.m2/repository/com/jcraft/jsch/0.1.54/jsch-0.1.54.jar:/home/user/.m2/repository/org/apache/curator/curator-client/2.12.0/curator-client-2.12.0.jar:/home/user/.m2/repository/org/apache/curator/curator-recipes/2.12.0/curator-recipes-2.12.0.jar:/home/user/.m2/repository/com/google/code/findbugs/jsr305/3.0.0/jsr305-3.0.0.jar:/home/user/.m2/repository/org/apache/htrace/htrace-core4/4.1.0-incubating/htrace-core4-4.1.0-incubating.jar:/home/user/.m2/repository/org/apache/zookeeper/zookeeper/3.4.13/zookeeper-3.4.13.jar:/home/user/.m2/repository/org/apache/yetus/audience-annotations/0.5.0/audience-annotations-0.5.0.jar:/home/user/.m2/repository/org/codehaus/woodstox/stax2-api/3.1.4/stax2-api-3.1.4.jar:/home/user/.m2/repository/com/fasterxml/woodstox/woodstox-core/5.0.3/woodstox-core-5.0.3.jar:/home/user/.m2/repository/dnsjava/dnsjava/2.1.7/dnsjava-2.1.7.jar:/home/user/.m2/repository/org/apache/hadoop/hadoop-hdfs/3.2.0/hadoop-hdfs-3.2.0-tests.jar:/home/user/.m2/repository/org/eclipse/jetty/jetty-util-ajax/9.3.24.v20180605/jetty-util-ajax-9.3.24.v20180605.jar:/home/user/.m2/repository/commons-daemon/commons-daemon/1.0.13/commons-daemon-1.0.13.jar:/home/user/.m2/repository/io/netty/netty/3.10.5.Final/netty-3.10.5.Final.jar:/home/user/.m2/repository/io/netty/netty-all/4.0.52.Final/netty-all-4.0.52.Final.jar:/home/user/.m2/repository/org/fusesource/leveldbjni/leveldbjni-all/1.8/leveldbjni-all-1.8.jar:"/>
    <property name="sun.cpu.endian" value="little"/>
    <property name="user.home" value="/home/user"/>
    <property name="user.language" value="en"/>
    <property name="java.specification.vendor" value="Oracle Corporation"/>
    <property name="java.home" value="/usr/lib/jvm/java-1.8-openjdk/jre"/>
    <property name="java.security.krb5.conf" value="/workdir/hadoop-ozone/integration-test/target/test-classes/krb5.conf"/>
    <property name="basedir" value="/workdir/hadoop-ozone/integration-test"/>
    <property name="file.separator" value="/"/>
    <property name="line.separator" value="&#10;"/>
    <property name="java.vm.specification.vendor" value="Oracle Corporation"/>
    <property name="java.specification.name" value="Java Platform API Specification"/>
    <property name="java.awt.graphicsenv" value="sun.awt.X11GraphicsEnvironment"/>
    <property name="surefire.real.class.path" value="/workdir/hadoop-ozone/integration-test/target/surefire/surefirebooter9032500567744964924.jar"/>
    <property name="hadoop.log.dir" value="/workdir/hadoop-ozone/integration-test/target/log"/>
    <property name="sun.boot.class.path" value="/usr/lib/jvm/java-1.8-openjdk/jre/lib/resources.jar:/usr/lib/jvm/java-1.8-openjdk/jre/lib/rt.jar:/usr/lib/jvm/java-1.8-openjdk/jre/lib/sunrsasign.jar:/usr/lib/jvm/java-1.8-openjdk/jre/lib/jsse.jar:/usr/lib/jvm/java-1.8-openjdk/jre/lib/jce.jar:/usr/lib/jvm/java-1.8-openjdk/jre/lib/charsets.jar:/usr/lib/jvm/java-1.8-openjdk/jre/lib/jfr.jar:/usr/lib/jvm/java-1.8-openjdk/jre/classes"/>
    <property name="sun.management.compiler" value="HotSpot 64-Bit Tiered Compilers"/>
    <property name="java.runtime.version" value="1.8.0_212-b04"/>
    <property name="java.net.preferIPv4Stack" value="true"/>
    <property name="user.name" value="jenkins1000"/>
    <property name="path.separator" value=":"/>
    <property name="java.security.egd" value="file:///dev/urandom"/>
    <property name="os.version" value="3.10.0-957.12.2.el7.x86_64"/>
    <property name="java.endorsed.dirs" value="/usr/lib/jvm/java-1.8-openjdk/jre/lib/endorsed"/>
    <property name="java.runtime.name" value="OpenJDK Runtime Environment"/>
    <property name="file.encoding" value="UTF-8"/>
    <property name="java.vm.name" value="OpenJDK 64-Bit Server VM"/>
    <property name="test.build.webapps" value=""/>
    <property name="localRepository" value="/home/user/.m2/repository"/>
    <property name="java.vendor.url.bug" value="https://icedtea.classpath.org/bugzilla"/>
    <property name="java.io.tmpdir" value="/tmp"/>
    <property name="require.test.libhadoop" value=""/>
    <property name="java.version" value="1.8.0_212"/>
    <property name="user.dir" value="/workdir/hadoop-ozone/integration-test"/>
    <property name="os.arch" value="amd64"/>
    <property name="java.vm.specification.name" value="Java Virtual Machine Specification"/>
    <property name="test.build.classes" value="/workdir/hadoop-ozone/integration-test/target/test-classes"/>
    <property name="java.awt.printerjob" value="sun.print.PSPrinterJob"/>
    <property name="sun.os.patch.level" value="unknown"/>
    <property name="hadoop.tmp.dir" value="/workdir/hadoop-ozone/integration-test/target/tmp"/>
    <property name="java.library.path" value="/usr/lib/jvm/java-1.8-openjdk/jre/lib/amd64/server:/usr/lib/jvm/java-1.8-openjdk/jre/lib/amd64:/usr/lib/jvm/java-1.8-openjdk/jre/../lib/amd64:/workdir/hadoop-ozone/integration-test/target/native/target/usr/local/lib:/workdir/hadoop-ozone/integration-test/../../hadoop-common-project/hadoop-common/target/native/target/usr/local/lib:/usr/java/packages/lib/amd64:/usr/lib64:/lib64:/lib:/usr/lib"/>
    <property name="java.vm.info" value="mixed mode"/>
    <property name="java.vendor" value="IcedTea"/>
    <property name="java.vm.version" value="25.212-b04"/>
    <property name="java.ext.dirs" value="/usr/lib/jvm/java-1.8-openjdk/jre/lib/ext:/usr/java/packages/lib/ext"/>
    <property name="sun.io.unicode.encoding" value="UnicodeLittle"/>
    <property name="java.class.version" value="52.0"/>
  </properties>
  <testcase name="test2DatanodesFailure" classname="org.apache.hadoop.ozone.client.rpc.TestBlockOutputStreamWithFailures" time="103.871"/>
  <testcase name="testDatanodeFailureWithPreAllocation" classname="org.apache.hadoop.ozone.client.rpc.TestBlockOutputStreamWithFailures" time="224.799"/>
  <testcase name="testDatanodeFailureWithSingleNodeRatis" classname="org.apache.hadoop.ozone.client.rpc.TestBlockOutputStreamWithFailures" time="225.125"/>
  <testcase name="testWatchForCommitWithSingleNodeRatis" classname="org.apache.hadoop.ozone.client.rpc.TestBlockOutputStreamWithFailures" time="36.298"/>
  <testcase name="testWatchForCommitDatanodeFailure" classname="org.apache.hadoop.ozone.client.rpc.TestBlockOutputStreamWithFailures" time="51.208">
    <failure message="expected:&lt;2&gt; but was:&lt;3&gt;" type="java.lang.AssertionError"><![CDATA[java.lang.AssertionError: expected:<2> but was:<3>
	at org.junit.Assert.fail(Assert.java:88)
	at org.junit.Assert.failNotEquals(Assert.java:743)
	at org.junit.Assert.assertEquals(Assert.java:118)
	at org.junit.Assert.assertEquals(Assert.java:555)
	at org.junit.Assert.assertEquals(Assert.java:542)
	at org.apache.hadoop.ozone.client.rpc.TestBlockOutputStreamWithFailures.testWatchForCommitDatanodeFailure(TestBlockOutputStreamWithFailures.java:366)
	at sun.reflect.NativeMethodAccessorImpl.invoke0(Native Method)
	at sun.reflect.NativeMethodAccessorImpl.invoke(NativeMethodAccessorImpl.java:62)
	at sun.reflect.DelegatingMethodAccessorImpl.invoke(DelegatingMethodAccessorImpl.java:43)
	at java.lang.reflect.Method.invoke(Method.java:498)
	at org.junit.runners.model.FrameworkMethod$1.runReflectiveCall(FrameworkMethod.java:47)
	at org.junit.internal.runners.model.ReflectiveCallable.run(ReflectiveCallable.java:12)
	at org.junit.runners.model.FrameworkMethod.invokeExplosively(FrameworkMethod.java:44)
	at org.junit.internal.runners.statements.InvokeMethod.evaluate(InvokeMethod.java:17)
	at org.junit.internal.runners.statements.RunBefores.evaluate(RunBefores.java:26)
	at org.junit.internal.runners.statements.RunAfters.evaluate(RunAfters.java:27)
	at org.junit.runners.ParentRunner.runLeaf(ParentRunner.java:271)
	at org.junit.runners.BlockJUnit4ClassRunner.runChild(BlockJUnit4ClassRunner.java:70)
	at org.junit.runners.BlockJUnit4ClassRunner.runChild(BlockJUnit4ClassRunner.java:50)
	at org.junit.runners.ParentRunner$3.run(ParentRunner.java:238)
	at org.junit.runners.ParentRunner$1.schedule(ParentRunner.java:63)
	at org.junit.runners.ParentRunner.runChildren(ParentRunner.java:236)
	at org.junit.runners.ParentRunner.access$000(ParentRunner.java:53)
	at org.junit.runners.ParentRunner$2.evaluate(ParentRunner.java:229)
	at org.junit.runners.ParentRunner.run(ParentRunner.java:309)
	at org.apache.maven.surefire.junit4.JUnit4Provider.execute(JUnit4Provider.java:365)
	at org.apache.maven.surefire.junit4.JUnit4Provider.executeWithRerun(JUnit4Provider.java:273)
	at org.apache.maven.surefire.junit4.JUnit4Provider.executeTestSet(JUnit4Provider.java:238)
	at org.apache.maven.surefire.junit4.JUnit4Provider.invoke(JUnit4Provider.java:159)
	at org.apache.maven.surefire.booter.ForkedBooter.invokeProviderInSameClassLoader(ForkedBooter.java:384)
	at org.apache.maven.surefire.booter.ForkedBooter.runSuitesInProcess(ForkedBooter.java:345)
	at org.apache.maven.surefire.booter.ForkedBooter.execute(ForkedBooter.java:126)
	at org.apache.maven.surefire.booter.ForkedBooter.main(ForkedBooter.java:418)
]]></failure>
    <system-out><![CDATA[2019-08-12 04:08:50,331 WARN  server.ServerUtils (ServerUtils.java:getScmDbDir(145)) - ozone.scm.db.dirs is not configured. We recommend adding this setting. Falling back to ozone.metadata.dirs instead.
2019-08-12 04:08:50,345 WARN  server.ServerUtils (ServerUtils.java:getScmDbDir(145)) - ozone.scm.db.dirs is not configured. We recommend adding this setting. Falling back to ozone.metadata.dirs instead.
2019-08-12 04:08:50,345 WARN  server.ServerUtils (ServerUtils.java:getScmDbDir(145)) - ozone.scm.db.dirs is not configured. We recommend adding this setting. Falling back to ozone.metadata.dirs instead.
2019-08-12 04:08:50,346 INFO  db.DBStoreBuilder (DBStoreBuilder.java:addTable(110)) - using custom profile for table: deletedBlocks
2019-08-12 04:08:50,346 INFO  db.DBStoreBuilder (DBStoreBuilder.java:processTables(161)) - Using default column profile:DBProfile.DISK for Table:deletedBlocks
2019-08-12 04:08:50,346 INFO  db.DBStoreBuilder (DBStoreBuilder.java:addTable(110)) - using custom profile for table: validCerts
2019-08-12 04:08:50,346 INFO  db.DBStoreBuilder (DBStoreBuilder.java:processTables(161)) - Using default column profile:DBProfile.DISK for Table:validCerts
2019-08-12 04:08:50,347 INFO  db.DBStoreBuilder (DBStoreBuilder.java:addTable(110)) - using custom profile for table: revokedCerts
2019-08-12 04:08:50,347 INFO  db.DBStoreBuilder (DBStoreBuilder.java:processTables(161)) - Using default column profile:DBProfile.DISK for Table:revokedCerts
2019-08-12 04:08:50,347 INFO  db.DBStoreBuilder (DBStoreBuilder.java:addTable(110)) - using custom profile for table: default
2019-08-12 04:08:50,347 INFO  db.DBStoreBuilder (DBStoreBuilder.java:processTables(167)) - Using default column profile:DBProfile.DISK for Table:default
2019-08-12 04:08:50,347 INFO  db.DBStoreBuilder (DBStoreBuilder.java:getDbProfile(198)) - Using default options. DBProfile.DISK
2019-08-12 04:08:50,478 INFO  net.NodeSchemaLoader (NodeSchemaLoader.java:loadSchemaFromFile(125)) - Loading file from sun.misc.CompoundEnumeration@2aac60b
2019-08-12 04:08:50,478 INFO  net.NodeSchemaLoader (NodeSchemaLoader.java:loadSchema(171)) - Loading network topology layer schema file
2019-08-12 04:08:50,484 INFO  node.SCMNodeManager (SCMNodeManager.java:<init>(121)) - Entering startup safe mode.
2019-08-12 04:08:50,484 WARN  server.ServerUtils (ServerUtils.java:getScmDbDir(145)) - ozone.scm.db.dirs is not configured. We recommend adding this setting. Falling back to ozone.metadata.dirs instead.
2019-08-12 04:08:50,531 INFO  pipeline.SCMPipelineManager (SCMPipelineManager.java:initializePipelineState(126)) - No pipeline exists in current db
2019-08-12 04:08:50,532 WARN  server.ServerUtils (ServerUtils.java:getScmDbDir(145)) - ozone.scm.db.dirs is not configured. We recommend adding this setting. Falling back to ozone.metadata.dirs instead.
2019-08-12 04:08:50,582 WARN  events.EventQueue (EventQueue.java:fireEvent(175)) - No event handler registered for event TypedEvent{payloadType=SafeModeStatus, name='SafeModeStatus'}
2019-08-12 04:08:50,583 INFO  ipc.CallQueueManager (CallQueueManager.java:<init>(84)) - Using callQueue: class java.util.concurrent.LinkedBlockingQueue, queueCapacity: 2000, scheduler: class org.apache.hadoop.ipc.DefaultRpcScheduler, ipcBackoff: false.
2019-08-12 04:08:50,583 INFO  ipc.Server (Server.java:run(1074)) - Starting Socket Reader #1 for port 41274
2019-08-12 04:08:50,585 INFO  ipc.CallQueueManager (CallQueueManager.java:<init>(84)) - Using callQueue: class java.util.concurrent.LinkedBlockingQueue, queueCapacity: 2000, scheduler: class org.apache.hadoop.ipc.DefaultRpcScheduler, ipcBackoff: false.
2019-08-12 04:08:50,586 INFO  ipc.Server (Server.java:run(1074)) - Starting Socket Reader #1 for port 34672
2019-08-12 04:08:50,587 INFO  ipc.CallQueueManager (CallQueueManager.java:<init>(84)) - Using callQueue: class java.util.concurrent.LinkedBlockingQueue, queueCapacity: 2000, scheduler: class org.apache.hadoop.ipc.DefaultRpcScheduler, ipcBackoff: false.
2019-08-12 04:08:50,587 INFO  ipc.Server (Server.java:run(1074)) - Starting Socket Reader #1 for port 40157
2019-08-12 04:08:50,591 INFO  hdfs.DFSUtil (DFSUtil.java:httpServerTemplateForNNAndJN(1641)) - Starting Web-server for scm at: http://0.0.0.0:0
2019-08-12 04:08:50,593 INFO  server.AuthenticationFilter (AuthenticationFilter.java:constructSecretProvider(240)) - Unable to initialize FileSignerSecretProvider, falling back to use random secrets.
2019-08-12 04:08:50,593 WARN  http.HttpRequestLog (HttpRequestLog.java:getRequestLog(97)) - Jetty request log can only be enabled using Log4j
2019-08-12 04:08:50,595 INFO  http.HttpServer2 (HttpServer2.java:addGlobalFilter(975)) - Added global filter 'safety' (class=org.apache.hadoop.http.HttpServer2$QuotingInputFilter)
2019-08-12 04:08:50,596 INFO  http.HttpServer2 (HttpServer2.java:addFilter(948)) - Added filter static_user_filter (class=org.apache.hadoop.http.lib.StaticUserWebFilter$StaticUserFilter) to context scm
2019-08-12 04:08:50,596 INFO  http.HttpServer2 (HttpServer2.java:addFilter(958)) - Added filter static_user_filter (class=org.apache.hadoop.http.lib.StaticUserWebFilter$StaticUserFilter) to context static
2019-08-12 04:08:50,596 INFO  http.HttpServer2 (HttpServer2.java:addFilter(958)) - Added filter static_user_filter (class=org.apache.hadoop.http.lib.StaticUserWebFilter$StaticUserFilter) to context logs
2019-08-12 04:08:50,598 INFO  server.StorageContainerManager (StorageContainerManager.java:start(759)) - StorageContainerLocationProtocol RPC server is listening at /0.0.0.0:40157
2019-08-12 04:08:50,600 WARN  impl.MetricsConfig (MetricsConfig.java:loadFirst(134)) - Cannot locate configuration: tried hadoop-metrics2-storagecontainermanager.properties,hadoop-metrics2.properties
2019-08-12 04:08:50,601 INFO  impl.MetricsSystemImpl (MetricsSystemImpl.java:startTimer(374)) - Scheduled Metric snapshot period at 10 second(s).
2019-08-12 04:08:50,601 INFO  impl.MetricsSystemImpl (MetricsSystemImpl.java:start(191)) - StorageContainerManager metrics system started
2019-08-12 04:08:50,662 INFO  server.SCMClientProtocolServer (SCMClientProtocolServer.java:start(151)) - RPC server for Client  is listening at /0.0.0.0:40157
2019-08-12 04:08:50,662 INFO  ipc.Server (Server.java:run(1314)) - IPC Server Responder: starting
2019-08-12 04:08:50,662 INFO  ipc.Server (Server.java:run(1153)) - IPC Server listener on 40157: starting
2019-08-12 04:08:50,665 INFO  server.StorageContainerManager (StorageContainerManager.java:start(769)) - ScmBlockLocationProtocol RPC server is listening at /0.0.0.0:34672
2019-08-12 04:08:50,665 INFO  server.SCMBlockProtocolServer (SCMBlockProtocolServer.java:start(140)) - RPC server for Block Protocol is listening at /0.0.0.0:34672
2019-08-12 04:08:50,666 INFO  ipc.Server (Server.java:run(1314)) - IPC Server Responder: starting
2019-08-12 04:08:50,666 INFO  ipc.Server (Server.java:run(1153)) - IPC Server listener on 34672: starting
2019-08-12 04:08:50,668 INFO  server.StorageContainerManager (StorageContainerManager.java:start(773)) - ScmDatanodeProtocl RPC server is listening at /0.0.0.0:41274
2019-08-12 04:08:50,668 INFO  server.SCMDatanodeProtocolServer (SCMDatanodeProtocolServer.java:start(191)) - RPC server for DataNodes is listening at /0.0.0.0:41274
2019-08-12 04:08:50,668 INFO  ipc.Server (Server.java:run(1314)) - IPC Server Responder: starting
2019-08-12 04:08:50,668 INFO  ipc.Server (Server.java:run(1153)) - IPC Server listener on 41274: starting
2019-08-12 04:08:50,671 INFO  http.HttpServer2 (HttpServer2.java:bindListener(1191)) - Jetty bound to port 34454
2019-08-12 04:08:50,671 INFO  server.Server (Server.java:doStart(351)) - jetty-9.3.24.v20180605, build timestamp: 2018-06-05T17:11:56Z, git hash: 84205aa28f11a4f31f2a3b86d1bba2cc8ab69827
2019-08-12 04:08:50,673 INFO  handler.ContextHandler (ContextHandler.java:doStart(781)) - Started o.e.j.s.ServletContextHandler@74597c37{/logs,file:///workdir/hadoop-ozone/integration-test/target/log,AVAILABLE}
2019-08-12 04:08:50,673 INFO  handler.ContextHandler (ContextHandler.java:doStart(781)) - Started o.e.j.s.ServletContextHandler@421c057a{/static,file:///workdir/hadoop-ozone/integration-test/target/test-classes/webapps/static,AVAILABLE}
2019-08-12 04:08:50,677 INFO  handler.ContextHandler (ContextHandler.java:doStart(781)) - Started o.e.j.w.WebAppContext@741687d4{/,file:///workdir/hadoop-ozone/integration-test/target/test-classes/webapps/scm/,AVAILABLE}{/scm}
2019-08-12 04:08:50,678 INFO  server.AbstractConnector (AbstractConnector.java:doStart(278)) - Started ServerConnector@77b0ff24{HTTP/1.1,[http/1.1]}{0.0.0.0:34454}
2019-08-12 04:08:50,678 INFO  server.Server (Server.java:doStart(419)) - Started @591030ms
2019-08-12 04:08:50,681 INFO  server.BaseHttpServer (BaseHttpServer.java:updateConnectorAddress(207)) - HTTP server of SCM is listening at http://0.0.0.0:34454
2019-08-12 04:08:50,681 WARN  server.ServerUtils (ServerUtils.java:getDBPath(222)) - ozone.om.db.dirs is not configured. We recommend adding this setting. Falling back to ozone.metadata.dirs instead.
2019-08-12 04:08:50,682 INFO  util.JvmPauseMonitor (JvmPauseMonitor.java:run(188)) - Starting JVM pause monitor
2019-08-12 04:08:50,695 WARN  server.ServerUtils (ServerUtils.java:getDBPath(222)) - ozone.om.db.dirs is not configured. We recommend adding this setting. Falling back to ozone.metadata.dirs instead.
2019-08-12 04:08:50,696 WARN  server.ServerUtils (ServerUtils.java:getDBPath(222)) - ozone.om.db.dirs is not configured. We recommend adding this setting. Falling back to ozone.metadata.dirs instead.
2019-08-12 04:08:50,696 INFO  om.OzoneManager (OzoneManager.java:setOMNodeDetails(644)) - OM Service ID is not set. Setting it to the default ID: omServiceIdDefault
2019-08-12 04:08:50,696 INFO  om.OzoneManager (OzoneManager.java:setOMNodeDetails(650)) - OM Node ID is not set. Setting it to the OmStorage's OmID: 41dce98e-555e-42b8-b0d1-7e9163c2823e
2019-08-12 04:08:50,697 INFO  om.OzoneManager (OzoneManager.java:loadOMHAConfigs(601)) - Found matching OM address with OMServiceId: null, OMNodeId: null, RPC Address: localhost:0 and Ratis port: 9872
2019-08-12 04:08:50,702 WARN  server.ServerUtils (ServerUtils.java:getDBPath(222)) - ozone.om.db.dirs is not configured. We recommend adding this setting. Falling back to ozone.metadata.dirs instead.
2019-08-12 04:08:50,702 INFO  db.DBStoreBuilder (DBStoreBuilder.java:addTable(110)) - using custom profile for table: userTable
2019-08-12 04:08:50,703 INFO  db.DBStoreBuilder (DBStoreBuilder.java:processTables(161)) - Using default column profile:DBProfile.DISK for Table:userTable
2019-08-12 04:08:50,703 INFO  db.DBStoreBuilder (DBStoreBuilder.java:addTable(110)) - using custom profile for table: volumeTable
2019-08-12 04:08:50,703 INFO  db.DBStoreBuilder (DBStoreBuilder.java:processTables(161)) - Using default column profile:DBProfile.DISK for Table:volumeTable
2019-08-12 04:08:50,703 INFO  db.DBStoreBuilder (DBStoreBuilder.java:addTable(110)) - using custom profile for table: bucketTable
2019-08-12 04:08:50,703 INFO  db.DBStoreBuilder (DBStoreBuilder.java:processTables(161)) - Using default column profile:DBProfile.DISK for Table:bucketTable
2019-08-12 04:08:50,703 INFO  db.DBStoreBuilder (DBStoreBuilder.java:addTable(110)) - using custom profile for table: keyTable
2019-08-12 04:08:50,704 INFO  db.DBStoreBuilder (DBStoreBuilder.java:processTables(161)) - Using default column profile:DBProfile.DISK for Table:keyTable
2019-08-12 04:08:50,704 INFO  db.DBStoreBuilder (DBStoreBuilder.java:addTable(110)) - using custom profile for table: deletedTable
2019-08-12 04:08:50,704 INFO  db.DBStoreBuilder (DBStoreBuilder.java:processTables(161)) - Using default column profile:DBProfile.DISK for Table:deletedTable
2019-08-12 04:08:50,704 INFO  db.DBStoreBuilder (DBStoreBuilder.java:addTable(110)) - using custom profile for table: openKeyTable
2019-08-12 04:08:50,704 INFO  db.DBStoreBuilder (DBStoreBuilder.java:processTables(161)) - Using default column profile:DBProfile.DISK for Table:openKeyTable
2019-08-12 04:08:50,704 INFO  db.DBStoreBuilder (DBStoreBuilder.java:addTable(110)) - using custom profile for table: s3Table
2019-08-12 04:08:50,704 INFO  db.DBStoreBuilder (DBStoreBuilder.java:processTables(161)) - Using default column profile:DBProfile.DISK for Table:s3Table
2019-08-12 04:08:50,705 INFO  db.DBStoreBuilder (DBStoreBuilder.java:addTable(110)) - using custom profile for table: multipartInfoTable
2019-08-12 04:08:50,705 INFO  db.DBStoreBuilder (DBStoreBuilder.java:processTables(161)) - Using default column profile:DBProfile.DISK for Table:multipartInfoTable
2019-08-12 04:08:50,705 INFO  db.DBStoreBuilder (DBStoreBuilder.java:addTable(110)) - using custom profile for table: dTokenTable
2019-08-12 04:08:50,705 INFO  db.DBStoreBuilder (DBStoreBuilder.java:processTables(161)) - Using default column profile:DBProfile.DISK for Table:dTokenTable
2019-08-12 04:08:50,705 INFO  db.DBStoreBuilder (DBStoreBuilder.java:addTable(110)) - using custom profile for table: s3SecretTable
2019-08-12 04:08:50,705 INFO  db.DBStoreBuilder (DBStoreBuilder.java:processTables(161)) - Using default column profile:DBProfile.DISK for Table:s3SecretTable
2019-08-12 04:08:50,705 INFO  db.DBStoreBuilder (DBStoreBuilder.java:addTable(110)) - using custom profile for table: prefixTable
2019-08-12 04:08:50,706 INFO  db.DBStoreBuilder (DBStoreBuilder.java:processTables(161)) - Using default column profile:DBProfile.DISK for Table:prefixTable
2019-08-12 04:08:50,706 INFO  db.DBStoreBuilder (DBStoreBuilder.java:addTable(110)) - using custom profile for table: default
2019-08-12 04:08:50,706 INFO  db.DBStoreBuilder (DBStoreBuilder.java:processTables(167)) - Using default column profile:DBProfile.DISK for Table:default
2019-08-12 04:08:50,706 INFO  db.DBStoreBuilder (DBStoreBuilder.java:getDbProfile(198)) - Using default options. DBProfile.DISK
2019-08-12 04:08:51,113 INFO  ipc.CallQueueManager (CallQueueManager.java:<init>(84)) - Using callQueue: class java.util.concurrent.LinkedBlockingQueue, queueCapacity: 2000, scheduler: class org.apache.hadoop.ipc.DefaultRpcScheduler, ipcBackoff: false.
2019-08-12 04:08:51,114 INFO  ipc.Server (Server.java:run(1074)) - Starting Socket Reader #1 for port 34944
2019-08-12 04:08:51,124 INFO  om.OzoneManager (OzoneManager.java:start(1255)) - OzoneManager RPC server is listening at localhost/127.0.0.1:34944
2019-08-12 04:08:51,124 INFO  impl.MetricsSystemImpl (MetricsSystemImpl.java:init(158)) - OzoneManager metrics system started (again)
2019-08-12 04:08:51,125 INFO  ipc.Server (Server.java:run(1314)) - IPC Server Responder: starting
2019-08-12 04:08:51,125 INFO  ipc.Server (Server.java:run(1153)) - IPC Server listener on 34944: starting
2019-08-12 04:08:51,131 INFO  hdfs.DFSUtil (DFSUtil.java:httpServerTemplateForNNAndJN(1641)) - Starting Web-server for ozoneManager at: http://0.0.0.0:0
2019-08-12 04:08:51,132 INFO  server.AuthenticationFilter (AuthenticationFilter.java:constructSecretProvider(240)) - Unable to initialize FileSignerSecretProvider, falling back to use random secrets.
2019-08-12 04:08:51,133 WARN  http.HttpRequestLog (HttpRequestLog.java:getRequestLog(97)) - Jetty request log can only be enabled using Log4j
2019-08-12 04:08:51,135 INFO  http.HttpServer2 (HttpServer2.java:addGlobalFilter(975)) - Added global filter 'safety' (class=org.apache.hadoop.http.HttpServer2$QuotingInputFilter)
2019-08-12 04:08:51,135 INFO  http.HttpServer2 (HttpServer2.java:addFilter(948)) - Added filter static_user_filter (class=org.apache.hadoop.http.lib.StaticUserWebFilter$StaticUserFilter) to context ozoneManager
2019-08-12 04:08:51,135 INFO  http.HttpServer2 (HttpServer2.java:addFilter(958)) - Added filter static_user_filter (class=org.apache.hadoop.http.lib.StaticUserWebFilter$StaticUserFilter) to context static
2019-08-12 04:08:51,136 INFO  http.HttpServer2 (HttpServer2.java:addFilter(958)) - Added filter static_user_filter (class=org.apache.hadoop.http.lib.StaticUserWebFilter$StaticUserFilter) to context logs
2019-08-12 04:08:51,137 INFO  http.HttpServer2 (HttpServer2.java:bindListener(1191)) - Jetty bound to port 36844
2019-08-12 04:08:51,137 INFO  server.Server (Server.java:doStart(351)) - jetty-9.3.24.v20180605, build timestamp: 2018-06-05T17:11:56Z, git hash: 84205aa28f11a4f31f2a3b86d1bba2cc8ab69827
2019-08-12 04:08:51,139 INFO  handler.ContextHandler (ContextHandler.java:doStart(781)) - Started o.e.j.s.ServletContextHandler@3524ee20{/logs,file:///workdir/hadoop-ozone/integration-test/target/log,AVAILABLE}
2019-08-12 04:08:51,139 INFO  handler.ContextHandler (ContextHandler.java:doStart(781)) - Started o.e.j.s.ServletContextHandler@7f93fce1{/static,file:///workdir/hadoop-ozone/integration-test/target/test-classes/webapps/static,AVAILABLE}
2019-08-12 04:08:51,145 INFO  handler.ContextHandler (ContextHandler.java:doStart(781)) - Started o.e.j.w.WebAppContext@41db6e4b{/,file:///workdir/hadoop-ozone/integration-test/target/test-classes/webapps/ozoneManager/,AVAILABLE}{/ozoneManager}
2019-08-12 04:08:51,146 INFO  server.AbstractConnector (AbstractConnector.java:doStart(278)) - Started ServerConnector@5367d46f{HTTP/1.1,[http/1.1]}{0.0.0.0:36844}
2019-08-12 04:08:51,147 INFO  server.Server (Server.java:doStart(419)) - Started @591499ms
2019-08-12 04:08:51,148 INFO  server.BaseHttpServer (BaseHttpServer.java:updateConnectorAddress(207)) - HTTP server of OZONEMANAGER is listening at http://0.0.0.0:36844
2019-08-12 04:08:51,167 INFO  impl.MetricsSystemImpl (MetricsSystemImpl.java:init(158)) - HddsDatanode metrics system started (again)
2019-08-12 04:08:51,169 INFO  ozone.HddsDatanodeService (HddsDatanodeService.java:start(184)) - HddsDatanodeService host:byscane-nightly-pnj9f-4033720222 ip:192.168.157.230
2019-08-12 04:08:51,177 INFO  volume.HddsVolume (HddsVolume.java:<init>(176)) - Creating Volume: /workdir/hadoop-ozone/integration-test/target/test-dir/MiniOzoneClusterImpl-8ab67caf-427a-4247-bc98-713520941bc9/datanode-0/data/containers/hdds of  storage type : DISK and capacity : 52710309888
2019-08-12 04:08:51,177 INFO  volume.VolumeSet (VolumeSet.java:initializeVolumeSet(170)) - Added Volume : /workdir/hadoop-ozone/integration-test/target/test-dir/MiniOzoneClusterImpl-8ab67caf-427a-4247-bc98-713520941bc9/datanode-0/data/containers/hdds to VolumeSet
2019-08-12 04:08:51,178 INFO  volume.ThrottledAsyncChecker (ThrottledAsyncChecker.java:schedule(140)) - Scheduling a check for org.apache.hadoop.ozone.container.common.volume.HddsVolume@6441db2c
2019-08-12 04:08:51,178 INFO  volume.HddsVolumeChecker (HddsVolumeChecker.java:checkAllVolumes(203)) - Scheduled health check for volume org.apache.hadoop.ozone.container.common.volume.HddsVolume@6441db2c
2019-08-12 04:08:51,190 INFO  impl.RaftServerProxy (ConfUtils.java:logGet(43)) - raft.rpc.type = GRPC (default)
2019-08-12 04:08:51,190 INFO  grpc.GrpcFactory (GrpcFactory.java:checkPooledByteBufAllocatorUseCacheForAllThreads(45)) - PERFORMANCE WARNING: useCacheForAllThreads is true that may cause Netty to create a lot garbage objects and, as a result, trigger GC.
	It is recommended to disable useCacheForAllThreads by setting -Dorg.apache.ratis.thirdparty.io.netty.allocator.useCacheForAllThreads=false in command line.
2019-08-12 04:08:51,190 INFO  grpc.GrpcConfigKeys$Server (ConfUtils.java:logGet(43)) - raft.grpc.server.port = 0 (default)
2019-08-12 04:08:51,190 INFO  server.GrpcService (ConfUtils.java:logGet(43)) - raft.grpc.message.size.max = 33570816 (custom)
2019-08-12 04:08:51,190 INFO  server.RaftServerConfigKeys (ConfUtils.java:logGet(43)) - raft.server.log.appender.buffer.byte-limit = 33554432 (custom)
2019-08-12 04:08:51,190 INFO  server.GrpcService (ConfUtils.java:logGet(43)) - raft.grpc.flow.control.window = 1MB (=1048576) (default)
2019-08-12 04:08:51,191 INFO  server.RaftServerConfigKeys (ConfUtils.java:logGet(43)) - raft.server.rpc.request.timeout = 3000ms (default)
2019-08-12 04:08:51,191 INFO  server.RaftServerConfigKeys (ConfUtils.java:logGet(43)) - raft.server.storage.dir = [/workdir/hadoop-ozone/integration-test/target/test-dir/MiniOzoneClusterImpl-8ab67caf-427a-4247-bc98-713520941bc9/datanode-0/data/ratis] (custom)
2019-08-12 04:08:51,191 INFO  replication.SimpleContainerDownloader (SimpleContainerDownloader.java:<init>(72)) - Starting container downloader service to copy containers to replicate.
2019-08-12 04:08:51,192 INFO  hdfs.DFSUtil (DFSUtil.java:httpServerTemplateForNNAndJN(1641)) - Starting Web-server for hddsDatanode at: http://0.0.0.0:0
2019-08-12 04:08:51,193 INFO  server.AuthenticationFilter (AuthenticationFilter.java:constructSecretProvider(240)) - Unable to initialize FileSignerSecretProvider, falling back to use random secrets.
2019-08-12 04:08:51,194 WARN  http.HttpRequestLog (HttpRequestLog.java:getRequestLog(97)) - Jetty request log can only be enabled using Log4j
2019-08-12 04:08:51,195 INFO  http.HttpServer2 (HttpServer2.java:addGlobalFilter(975)) - Added global filter 'safety' (class=org.apache.hadoop.http.HttpServer2$QuotingInputFilter)
2019-08-12 04:08:51,195 INFO  http.HttpServer2 (HttpServer2.java:addFilter(948)) - Added filter static_user_filter (class=org.apache.hadoop.http.lib.StaticUserWebFilter$StaticUserFilter) to context hddsDatanode
2019-08-12 04:08:51,195 INFO  http.HttpServer2 (HttpServer2.java:addFilter(958)) - Added filter static_user_filter (class=org.apache.hadoop.http.lib.StaticUserWebFilter$StaticUserFilter) to context logs
2019-08-12 04:08:51,196 INFO  http.HttpServer2 (HttpServer2.java:addFilter(958)) - Added filter static_user_filter (class=org.apache.hadoop.http.lib.StaticUserWebFilter$StaticUserFilter) to context static
2019-08-12 04:08:51,196 INFO  http.HttpServer2 (HttpServer2.java:bindListener(1191)) - Jetty bound to port 40085
2019-08-12 04:08:51,196 INFO  server.Server (Server.java:doStart(351)) - jetty-9.3.24.v20180605, build timestamp: 2018-06-05T17:11:56Z, git hash: 84205aa28f11a4f31f2a3b86d1bba2cc8ab69827
2019-08-12 04:08:51,198 INFO  handler.ContextHandler (ContextHandler.java:doStart(781)) - Started o.e.j.s.ServletContextHandler@599cf2cd{/logs,file:///workdir/hadoop-ozone/integration-test/target/log,AVAILABLE}
2019-08-12 04:08:51,198 INFO  handler.ContextHandler (ContextHandler.java:doStart(781)) - Started o.e.j.s.ServletContextHandler@6dd59886{/static,jar:file:/home/user/.m2/repository/org/apache/hadoop/hadoop-hdds-container-service/0.4.1-SNAPSHOT/hadoop-hdds-container-service-0.4.1-SNAPSHOT.jar!/webapps/static,AVAILABLE}
2019-08-12 04:08:51,227 INFO  handler.ContextHandler (ContextHandler.java:doStart(781)) - Started o.e.j.w.WebAppContext@e00c94e{/,file:///tmp/jetty-0.0.0.0-40085-hddsDatanode-_-any-3922816079120249851.dir/webapp/,AVAILABLE}{/hddsDatanode}
2019-08-12 04:08:51,228 INFO  server.AbstractConnector (AbstractConnector.java:doStart(278)) - Started ServerConnector@b2db8bc{HTTP/1.1,[http/1.1]}{0.0.0.0:40085}
2019-08-12 04:08:51,229 INFO  server.Server (Server.java:doStart(419)) - Started @591581ms
2019-08-12 04:08:51,230 INFO  server.BaseHttpServer (BaseHttpServer.java:updateConnectorAddress(207)) - HTTP server of HDDSDATANODE is listening at http://0.0.0.0:40085
2019-08-12 04:08:51,357 INFO  ozone.HddsDatanodeService (HddsDatanodeService.java:startPlugins(395)) - Started plug-in org.apache.hadoop.ozone.web.OzoneHddsDatanodeService@1fcef6f9
2019-08-12 04:08:51,357 INFO  impl.MetricsSystemImpl (MetricsSystemImpl.java:init(158)) - HddsDatanode metrics system started (again)
2019-08-12 04:08:51,360 INFO  util.JvmPauseMonitor (JvmPauseMonitor.java:run(188)) - Starting JVM pause monitor
2019-08-12 04:08:51,360 INFO  ozone.HddsDatanodeService (HddsDatanodeService.java:start(184)) - HddsDatanodeService host:byscane-nightly-pnj9f-4033720222 ip:192.168.157.230
2019-08-12 04:08:51,361 INFO  datanode.InitDatanodeState (InitDatanodeState.java:persistContainerDatanodeDetails(140)) - DatanodeDetails is persisted to /workdir/hadoop-ozone/integration-test/target/test-dir/MiniOzoneClusterImpl-8ab67caf-427a-4247-bc98-713520941bc9/datanode-0/meta/datanode.id
2019-08-12 04:08:51,368 INFO  volume.HddsVolume (HddsVolume.java:<init>(176)) - Creating Volume: /workdir/hadoop-ozone/integration-test/target/test-dir/MiniOzoneClusterImpl-8ab67caf-427a-4247-bc98-713520941bc9/datanode-1/data/containers/hdds of  storage type : DISK and capacity : 52710309888
2019-08-12 04:08:51,368 INFO  volume.VolumeSet (VolumeSet.java:initializeVolumeSet(170)) - Added Volume : /workdir/hadoop-ozone/integration-test/target/test-dir/MiniOzoneClusterImpl-8ab67caf-427a-4247-bc98-713520941bc9/datanode-1/data/containers/hdds to VolumeSet
2019-08-12 04:08:51,368 INFO  volume.ThrottledAsyncChecker (ThrottledAsyncChecker.java:schedule(140)) - Scheduling a check for org.apache.hadoop.ozone.container.common.volume.HddsVolume@3502b614
2019-08-12 04:08:51,368 INFO  volume.HddsVolumeChecker (HddsVolumeChecker.java:checkAllVolumes(203)) - Scheduled health check for volume org.apache.hadoop.ozone.container.common.volume.HddsVolume@3502b614
2019-08-12 04:08:51,380 INFO  impl.RaftServerProxy (ConfUtils.java:logGet(43)) - raft.rpc.type = GRPC (default)
2019-08-12 04:08:51,381 INFO  grpc.GrpcFactory (GrpcFactory.java:checkPooledByteBufAllocatorUseCacheForAllThreads(45)) - PERFORMANCE WARNING: useCacheForAllThreads is true that may cause Netty to create a lot garbage objects and, as a result, trigger GC.
	It is recommended to disable useCacheForAllThreads by setting -Dorg.apache.ratis.thirdparty.io.netty.allocator.useCacheForAllThreads=false in command line.
2019-08-12 04:08:51,381 INFO  grpc.GrpcConfigKeys$Server (ConfUtils.java:logGet(43)) - raft.grpc.server.port = 0 (default)
2019-08-12 04:08:51,381 INFO  server.GrpcService (ConfUtils.java:logGet(43)) - raft.grpc.message.size.max = 33570816 (custom)
2019-08-12 04:08:51,381 INFO  server.RaftServerConfigKeys (ConfUtils.java:logGet(43)) - raft.server.log.appender.buffer.byte-limit = 33554432 (custom)
2019-08-12 04:08:51,381 INFO  server.GrpcService (ConfUtils.java:logGet(43)) - raft.grpc.flow.control.window = 1MB (=1048576) (default)
2019-08-12 04:08:51,382 INFO  server.RaftServerConfigKeys (ConfUtils.java:logGet(43)) - raft.server.rpc.request.timeout = 3000ms (default)
2019-08-12 04:08:51,382 INFO  server.RaftServerConfigKeys (ConfUtils.java:logGet(43)) - raft.server.storage.dir = [/workdir/hadoop-ozone/integration-test/target/test-dir/MiniOzoneClusterImpl-8ab67caf-427a-4247-bc98-713520941bc9/datanode-1/data/ratis] (custom)
2019-08-12 04:08:51,382 INFO  replication.SimpleContainerDownloader (SimpleContainerDownloader.java:<init>(72)) - Starting container downloader service to copy containers to replicate.
2019-08-12 04:08:51,383 INFO  hdfs.DFSUtil (DFSUtil.java:httpServerTemplateForNNAndJN(1641)) - Starting Web-server for hddsDatanode at: http://0.0.0.0:0
2019-08-12 04:08:51,384 INFO  server.AuthenticationFilter (AuthenticationFilter.java:constructSecretProvider(240)) - Unable to initialize FileSignerSecretProvider, falling back to use random secrets.
2019-08-12 04:08:51,385 WARN  http.HttpRequestLog (HttpRequestLog.java:getRequestLog(97)) - Jetty request log can only be enabled using Log4j
2019-08-12 04:08:51,386 INFO  http.HttpServer2 (HttpServer2.java:addGlobalFilter(975)) - Added global filter 'safety' (class=org.apache.hadoop.http.HttpServer2$QuotingInputFilter)
2019-08-12 04:08:51,386 INFO  http.HttpServer2 (HttpServer2.java:addFilter(948)) - Added filter static_user_filter (class=org.apache.hadoop.http.lib.StaticUserWebFilter$StaticUserFilter) to context hddsDatanode
2019-08-12 04:08:51,386 INFO  http.HttpServer2 (HttpServer2.java:addFilter(958)) - Added filter static_user_filter (class=org.apache.hadoop.http.lib.StaticUserWebFilter$StaticUserFilter) to context static
2019-08-12 04:08:51,386 INFO  http.HttpServer2 (HttpServer2.java:addFilter(958)) - Added filter static_user_filter (class=org.apache.hadoop.http.lib.StaticUserWebFilter$StaticUserFilter) to context logs
2019-08-12 04:08:51,387 INFO  http.HttpServer2 (HttpServer2.java:bindListener(1191)) - Jetty bound to port 33356
2019-08-12 04:08:51,387 INFO  server.Server (Server.java:doStart(351)) - jetty-9.3.24.v20180605, build timestamp: 2018-06-05T17:11:56Z, git hash: 84205aa28f11a4f31f2a3b86d1bba2cc8ab69827
2019-08-12 04:08:51,388 INFO  handler.ContextHandler (ContextHandler.java:doStart(781)) - Started o.e.j.s.ServletContextHandler@feb57b4{/logs,file:///workdir/hadoop-ozone/integration-test/target/log,AVAILABLE}
2019-08-12 04:08:51,389 INFO  handler.ContextHandler (ContextHandler.java:doStart(781)) - Started o.e.j.s.ServletContextHandler@45398bb0{/static,jar:file:/home/user/.m2/repository/org/apache/hadoop/hadoop-hdds-container-service/0.4.1-SNAPSHOT/hadoop-hdds-container-service-0.4.1-SNAPSHOT.jar!/webapps/static,AVAILABLE}
2019-08-12 04:08:51,418 INFO  handler.ContextHandler (ContextHandler.java:doStart(781)) - Started o.e.j.w.WebAppContext@54351197{/,file:///tmp/jetty-0.0.0.0-33356-hddsDatanode-_-any-2003201541135420830.dir/webapp/,AVAILABLE}{/hddsDatanode}
2019-08-12 04:08:51,418 INFO  server.AbstractConnector (AbstractConnector.java:doStart(278)) - Started ServerConnector@144fc5fa{HTTP/1.1,[http/1.1]}{0.0.0.0:33356}
2019-08-12 04:08:51,419 INFO  server.Server (Server.java:doStart(419)) - Started @591771ms
2019-08-12 04:08:51,420 INFO  server.BaseHttpServer (BaseHttpServer.java:updateConnectorAddress(207)) - HTTP server of HDDSDATANODE is listening at http://0.0.0.0:33356
2019-08-12 04:08:51,717 INFO  ozone.HddsDatanodeService (HddsDatanodeService.java:startPlugins(395)) - Started plug-in org.apache.hadoop.ozone.web.OzoneHddsDatanodeService@fffb4a8
2019-08-12 04:08:51,720 INFO  impl.MetricsSystemImpl (MetricsSystemImpl.java:init(158)) - HddsDatanode metrics system started (again)
2019-08-12 04:08:51,742 INFO  util.JvmPauseMonitor (JvmPauseMonitor.java:run(188)) - Starting JVM pause monitor
2019-08-12 04:08:51,744 INFO  ozone.HddsDatanodeService (HddsDatanodeService.java:start(184)) - HddsDatanodeService host:byscane-nightly-pnj9f-4033720222 ip:192.168.157.230
2019-08-12 04:08:51,747 INFO  datanode.InitDatanodeState (InitDatanodeState.java:persistContainerDatanodeDetails(140)) - DatanodeDetails is persisted to /workdir/hadoop-ozone/integration-test/target/test-dir/MiniOzoneClusterImpl-8ab67caf-427a-4247-bc98-713520941bc9/datanode-1/meta/datanode.id
2019-08-12 04:08:51,755 INFO  volume.HddsVolume (HddsVolume.java:<init>(176)) - Creating Volume: /workdir/hadoop-ozone/integration-test/target/test-dir/MiniOzoneClusterImpl-8ab67caf-427a-4247-bc98-713520941bc9/datanode-2/data/containers/hdds of  storage type : DISK and capacity : 52710309888
2019-08-12 04:08:51,756 INFO  volume.VolumeSet (VolumeSet.java:initializeVolumeSet(170)) - Added Volume : /workdir/hadoop-ozone/integration-test/target/test-dir/MiniOzoneClusterImpl-8ab67caf-427a-4247-bc98-713520941bc9/datanode-2/data/containers/hdds to VolumeSet
2019-08-12 04:08:51,756 INFO  volume.ThrottledAsyncChecker (ThrottledAsyncChecker.java:schedule(140)) - Scheduling a check for org.apache.hadoop.ozone.container.common.volume.HddsVolume@3ce4b0a8
2019-08-12 04:08:51,757 INFO  volume.HddsVolumeChecker (HddsVolumeChecker.java:checkAllVolumes(203)) - Scheduled health check for volume org.apache.hadoop.ozone.container.common.volume.HddsVolume@3ce4b0a8
2019-08-12 04:08:51,770 INFO  impl.RaftServerProxy (ConfUtils.java:logGet(43)) - raft.rpc.type = GRPC (default)
2019-08-12 04:08:51,770 INFO  grpc.GrpcFactory (GrpcFactory.java:checkPooledByteBufAllocatorUseCacheForAllThreads(45)) - PERFORMANCE WARNING: useCacheForAllThreads is true that may cause Netty to create a lot garbage objects and, as a result, trigger GC.
	It is recommended to disable useCacheForAllThreads by setting -Dorg.apache.ratis.thirdparty.io.netty.allocator.useCacheForAllThreads=false in command line.
2019-08-12 04:08:51,771 INFO  grpc.GrpcConfigKeys$Server (ConfUtils.java:logGet(43)) - raft.grpc.server.port = 0 (default)
2019-08-12 04:08:51,771 INFO  server.GrpcService (ConfUtils.java:logGet(43)) - raft.grpc.message.size.max = 33570816 (custom)
2019-08-12 04:08:51,771 INFO  server.RaftServerConfigKeys (ConfUtils.java:logGet(43)) - raft.server.log.appender.buffer.byte-limit = 33554432 (custom)
2019-08-12 04:08:51,771 INFO  server.GrpcService (ConfUtils.java:logGet(43)) - raft.grpc.flow.control.window = 1MB (=1048576) (default)
2019-08-12 04:08:51,771 INFO  server.RaftServerConfigKeys (ConfUtils.java:logGet(43)) - raft.server.rpc.request.timeout = 3000ms (default)
2019-08-12 04:08:51,772 INFO  server.RaftServerConfigKeys (ConfUtils.java:logGet(43)) - raft.server.storage.dir = [/workdir/hadoop-ozone/integration-test/target/test-dir/MiniOzoneClusterImpl-8ab67caf-427a-4247-bc98-713520941bc9/datanode-2/data/ratis] (custom)
2019-08-12 04:08:51,772 INFO  replication.SimpleContainerDownloader (SimpleContainerDownloader.java:<init>(72)) - Starting container downloader service to copy containers to replicate.
2019-08-12 04:08:51,773 INFO  hdfs.DFSUtil (DFSUtil.java:httpServerTemplateForNNAndJN(1641)) - Starting Web-server for hddsDatanode at: http://0.0.0.0:0
2019-08-12 04:08:51,774 INFO  server.AuthenticationFilter (AuthenticationFilter.java:constructSecretProvider(240)) - Unable to initialize FileSignerSecretProvider, falling back to use random secrets.
2019-08-12 04:08:51,775 WARN  http.HttpRequestLog (HttpRequestLog.java:getRequestLog(97)) - Jetty request log can only be enabled using Log4j
2019-08-12 04:08:51,776 INFO  http.HttpServer2 (HttpServer2.java:addGlobalFilter(975)) - Added global filter 'safety' (class=org.apache.hadoop.http.HttpServer2$QuotingInputFilter)
2019-08-12 04:08:51,776 INFO  http.HttpServer2 (HttpServer2.java:addFilter(948)) - Added filter static_user_filter (class=org.apache.hadoop.http.lib.StaticUserWebFilter$StaticUserFilter) to context hddsDatanode
2019-08-12 04:08:51,776 INFO  http.HttpServer2 (HttpServer2.java:addFilter(958)) - Added filter static_user_filter (class=org.apache.hadoop.http.lib.StaticUserWebFilter$StaticUserFilter) to context static
2019-08-12 04:08:51,777 INFO  http.HttpServer2 (HttpServer2.java:addFilter(958)) - Added filter static_user_filter (class=org.apache.hadoop.http.lib.StaticUserWebFilter$StaticUserFilter) to context logs
2019-08-12 04:08:51,777 INFO  http.HttpServer2 (HttpServer2.java:bindListener(1191)) - Jetty bound to port 39699
2019-08-12 04:08:51,777 INFO  server.Server (Server.java:doStart(351)) - jetty-9.3.24.v20180605, build timestamp: 2018-06-05T17:11:56Z, git hash: 84205aa28f11a4f31f2a3b86d1bba2cc8ab69827
2019-08-12 04:08:51,779 INFO  handler.ContextHandler (ContextHandler.java:doStart(781)) - Started o.e.j.s.ServletContextHandler@157ff8f8{/logs,file:///workdir/hadoop-ozone/integration-test/target/log,AVAILABLE}
2019-08-12 04:08:51,779 INFO  handler.ContextHandler (ContextHandler.java:doStart(781)) - Started o.e.j.s.ServletContextHandler@67263db7{/static,jar:file:/home/user/.m2/repository/org/apache/hadoop/hadoop-hdds-container-service/0.4.1-SNAPSHOT/hadoop-hdds-container-service-0.4.1-SNAPSHOT.jar!/webapps/static,AVAILABLE}
2019-08-12 04:08:51,805 INFO  handler.ContextHandler (ContextHandler.java:doStart(781)) - Started o.e.j.w.WebAppContext@1ae8556c{/,file:///tmp/jetty-0.0.0.0-39699-hddsDatanode-_-any-1638510030081295029.dir/webapp/,AVAILABLE}{/hddsDatanode}
2019-08-12 04:08:51,805 INFO  server.AbstractConnector (AbstractConnector.java:doStart(278)) - Started ServerConnector@157e0f6b{HTTP/1.1,[http/1.1]}{0.0.0.0:39699}
2019-08-12 04:08:51,807 INFO  server.Server (Server.java:doStart(419)) - Started @592158ms
2019-08-12 04:08:51,808 INFO  server.BaseHttpServer (BaseHttpServer.java:updateConnectorAddress(207)) - HTTP server of HDDSDATANODE is listening at http://0.0.0.0:39699
2019-08-12 04:08:51,906 INFO  ozone.HddsDatanodeService (HddsDatanodeService.java:startPlugins(395)) - Started plug-in org.apache.hadoop.ozone.web.OzoneHddsDatanodeService@78626209
2019-08-12 04:08:51,906 INFO  impl.MetricsSystemImpl (MetricsSystemImpl.java:init(158)) - HddsDatanode metrics system started (again)
2019-08-12 04:08:51,909 INFO  ozone.HddsDatanodeService (HddsDatanodeService.java:start(184)) - HddsDatanodeService host:byscane-nightly-pnj9f-4033720222 ip:192.168.157.230
2019-08-12 04:08:51,909 INFO  util.JvmPauseMonitor (JvmPauseMonitor.java:run(188)) - Starting JVM pause monitor
2019-08-12 04:08:51,910 INFO  datanode.InitDatanodeState (InitDatanodeState.java:persistContainerDatanodeDetails(140)) - DatanodeDetails is persisted to /workdir/hadoop-ozone/integration-test/target/test-dir/MiniOzoneClusterImpl-8ab67caf-427a-4247-bc98-713520941bc9/datanode-2/meta/datanode.id
2019-08-12 04:08:51,916 INFO  volume.HddsVolume (HddsVolume.java:<init>(176)) - Creating Volume: /workdir/hadoop-ozone/integration-test/target/test-dir/MiniOzoneClusterImpl-8ab67caf-427a-4247-bc98-713520941bc9/datanode-3/data/containers/hdds of  storage type : DISK and capacity : 52710309888
2019-08-12 04:08:51,917 INFO  volume.VolumeSet (VolumeSet.java:initializeVolumeSet(170)) - Added Volume : /workdir/hadoop-ozone/integration-test/target/test-dir/MiniOzoneClusterImpl-8ab67caf-427a-4247-bc98-713520941bc9/datanode-3/data/containers/hdds to VolumeSet
2019-08-12 04:08:51,917 INFO  volume.ThrottledAsyncChecker (ThrottledAsyncChecker.java:schedule(140)) - Scheduling a check for org.apache.hadoop.ozone.container.common.volume.HddsVolume@77217c17
2019-08-12 04:08:51,917 INFO  volume.HddsVolumeChecker (HddsVolumeChecker.java:checkAllVolumes(203)) - Scheduled health check for volume org.apache.hadoop.ozone.container.common.volume.HddsVolume@77217c17
2019-08-12 04:08:51,933 INFO  impl.RaftServerProxy (ConfUtils.java:logGet(43)) - raft.rpc.type = GRPC (default)
2019-08-12 04:08:51,933 INFO  grpc.GrpcFactory (GrpcFactory.java:checkPooledByteBufAllocatorUseCacheForAllThreads(45)) - PERFORMANCE WARNING: useCacheForAllThreads is true that may cause Netty to create a lot garbage objects and, as a result, trigger GC.
	It is recommended to disable useCacheForAllThreads by setting -Dorg.apache.ratis.thirdparty.io.netty.allocator.useCacheForAllThreads=false in command line.
2019-08-12 04:08:51,933 INFO  grpc.GrpcConfigKeys$Server (ConfUtils.java:logGet(43)) - raft.grpc.server.port = 0 (default)
2019-08-12 04:08:51,933 INFO  server.GrpcService (ConfUtils.java:logGet(43)) - raft.grpc.message.size.max = 33570816 (custom)
2019-08-12 04:08:51,934 INFO  server.RaftServerConfigKeys (ConfUtils.java:logGet(43)) - raft.server.log.appender.buffer.byte-limit = 33554432 (custom)
2019-08-12 04:08:51,934 INFO  server.GrpcService (ConfUtils.java:logGet(43)) - raft.grpc.flow.control.window = 1MB (=1048576) (default)
2019-08-12 04:08:51,934 INFO  server.RaftServerConfigKeys (ConfUtils.java:logGet(43)) - raft.server.rpc.request.timeout = 3000ms (default)
2019-08-12 04:08:51,934 INFO  server.RaftServerConfigKeys (ConfUtils.java:logGet(43)) - raft.server.storage.dir = [/workdir/hadoop-ozone/integration-test/target/test-dir/MiniOzoneClusterImpl-8ab67caf-427a-4247-bc98-713520941bc9/datanode-3/data/ratis] (custom)
2019-08-12 04:08:51,935 INFO  replication.SimpleContainerDownloader (SimpleContainerDownloader.java:<init>(72)) - Starting container downloader service to copy containers to replicate.
2019-08-12 04:08:51,936 INFO  hdfs.DFSUtil (DFSUtil.java:httpServerTemplateForNNAndJN(1641)) - Starting Web-server for hddsDatanode at: http://0.0.0.0:0
2019-08-12 04:08:51,937 INFO  server.AuthenticationFilter (AuthenticationFilter.java:constructSecretProvider(240)) - Unable to initialize FileSignerSecretProvider, falling back to use random secrets.
2019-08-12 04:08:51,938 WARN  http.HttpRequestLog (HttpRequestLog.java:getRequestLog(97)) - Jetty request log can only be enabled using Log4j
2019-08-12 04:08:51,939 INFO  http.HttpServer2 (HttpServer2.java:addGlobalFilter(975)) - Added global filter 'safety' (class=org.apache.hadoop.http.HttpServer2$QuotingInputFilter)
2019-08-12 04:08:51,939 INFO  http.HttpServer2 (HttpServer2.java:addFilter(948)) - Added filter static_user_filter (class=org.apache.hadoop.http.lib.StaticUserWebFilter$StaticUserFilter) to context hddsDatanode
2019-08-12 04:08:51,939 INFO  http.HttpServer2 (HttpServer2.java:addFilter(958)) - Added filter static_user_filter (class=org.apache.hadoop.http.lib.StaticUserWebFilter$StaticUserFilter) to context static
2019-08-12 04:08:51,939 INFO  http.HttpServer2 (HttpServer2.java:addFilter(958)) - Added filter static_user_filter (class=org.apache.hadoop.http.lib.StaticUserWebFilter$StaticUserFilter) to context logs
2019-08-12 04:08:51,940 INFO  http.HttpServer2 (HttpServer2.java:bindListener(1191)) - Jetty bound to port 38371
2019-08-12 04:08:51,940 INFO  server.Server (Server.java:doStart(351)) - jetty-9.3.24.v20180605, build timestamp: 2018-06-05T17:11:56Z, git hash: 84205aa28f11a4f31f2a3b86d1bba2cc8ab69827
2019-08-12 04:08:51,941 INFO  handler.ContextHandler (ContextHandler.java:doStart(781)) - Started o.e.j.s.ServletContextHandler@566dc0c3{/logs,file:///workdir/hadoop-ozone/integration-test/target/log,AVAILABLE}
2019-08-12 04:08:51,942 INFO  handler.ContextHandler (ContextHandler.java:doStart(781)) - Started o.e.j.s.ServletContextHandler@7fb02869{/static,jar:file:/home/user/.m2/repository/org/apache/hadoop/hadoop-hdds-container-service/0.4.1-SNAPSHOT/hadoop-hdds-container-service-0.4.1-SNAPSHOT.jar!/webapps/static,AVAILABLE}
2019-08-12 04:08:51,966 INFO  handler.ContextHandler (ContextHandler.java:doStart(781)) - Started o.e.j.w.WebAppContext@21139739{/,file:///tmp/jetty-0.0.0.0-38371-hddsDatanode-_-any-830325072412578851.dir/webapp/,AVAILABLE}{/hddsDatanode}
2019-08-12 04:08:51,966 INFO  server.AbstractConnector (AbstractConnector.java:doStart(278)) - Started ServerConnector@6f5d292c{HTTP/1.1,[http/1.1]}{0.0.0.0:38371}
2019-08-12 04:08:51,968 INFO  server.Server (Server.java:doStart(419)) - Started @592319ms
2019-08-12 04:08:51,968 INFO  server.BaseHttpServer (BaseHttpServer.java:updateConnectorAddress(207)) - HTTP server of HDDSDATANODE is listening at http://0.0.0.0:38371
2019-08-12 04:08:52,070 INFO  ozone.HddsDatanodeService (HddsDatanodeService.java:startPlugins(395)) - Started plug-in org.apache.hadoop.ozone.web.OzoneHddsDatanodeService@300b839c
2019-08-12 04:08:52,071 INFO  impl.MetricsSystemImpl (MetricsSystemImpl.java:init(158)) - HddsDatanode metrics system started (again)
2019-08-12 04:08:52,074 INFO  util.JvmPauseMonitor (JvmPauseMonitor.java:run(188)) - Starting JVM pause monitor
2019-08-12 04:08:52,074 INFO  ozone.HddsDatanodeService (HddsDatanodeService.java:start(184)) - HddsDatanodeService host:byscane-nightly-pnj9f-4033720222 ip:192.168.157.230
2019-08-12 04:08:52,075 INFO  datanode.InitDatanodeState (InitDatanodeState.java:persistContainerDatanodeDetails(140)) - DatanodeDetails is persisted to /workdir/hadoop-ozone/integration-test/target/test-dir/MiniOzoneClusterImpl-8ab67caf-427a-4247-bc98-713520941bc9/datanode-3/meta/datanode.id
2019-08-12 04:08:52,082 INFO  volume.HddsVolume (HddsVolume.java:<init>(176)) - Creating Volume: /workdir/hadoop-ozone/integration-test/target/test-dir/MiniOzoneClusterImpl-8ab67caf-427a-4247-bc98-713520941bc9/datanode-4/data/containers/hdds of  storage type : DISK and capacity : 52710309888
2019-08-12 04:08:52,083 INFO  volume.VolumeSet (VolumeSet.java:initializeVolumeSet(170)) - Added Volume : /workdir/hadoop-ozone/integration-test/target/test-dir/MiniOzoneClusterImpl-8ab67caf-427a-4247-bc98-713520941bc9/datanode-4/data/containers/hdds to VolumeSet
2019-08-12 04:08:52,083 INFO  volume.ThrottledAsyncChecker (ThrottledAsyncChecker.java:schedule(140)) - Scheduling a check for org.apache.hadoop.ozone.container.common.volume.HddsVolume@a422390
2019-08-12 04:08:52,083 INFO  volume.HddsVolumeChecker (HddsVolumeChecker.java:checkAllVolumes(203)) - Scheduled health check for volume org.apache.hadoop.ozone.container.common.volume.HddsVolume@a422390
2019-08-12 04:08:52,095 INFO  impl.RaftServerProxy (ConfUtils.java:logGet(43)) - raft.rpc.type = GRPC (default)
2019-08-12 04:08:52,096 INFO  grpc.GrpcFactory (GrpcFactory.java:checkPooledByteBufAllocatorUseCacheForAllThreads(45)) - PERFORMANCE WARNING: useCacheForAllThreads is true that may cause Netty to create a lot garbage objects and, as a result, trigger GC.
	It is recommended to disable useCacheForAllThreads by setting -Dorg.apache.ratis.thirdparty.io.netty.allocator.useCacheForAllThreads=false in command line.
2019-08-12 04:08:52,096 INFO  grpc.GrpcConfigKeys$Server (ConfUtils.java:logGet(43)) - raft.grpc.server.port = 0 (default)
2019-08-12 04:08:52,096 INFO  server.GrpcService (ConfUtils.java:logGet(43)) - raft.grpc.message.size.max = 33570816 (custom)
2019-08-12 04:08:52,096 INFO  server.RaftServerConfigKeys (ConfUtils.java:logGet(43)) - raft.server.log.appender.buffer.byte-limit = 33554432 (custom)
2019-08-12 04:08:52,096 INFO  server.GrpcService (ConfUtils.java:logGet(43)) - raft.grpc.flow.control.window = 1MB (=1048576) (default)
2019-08-12 04:08:52,097 INFO  server.RaftServerConfigKeys (ConfUtils.java:logGet(43)) - raft.server.rpc.request.timeout = 3000ms (default)
2019-08-12 04:08:52,097 INFO  server.RaftServerConfigKeys (ConfUtils.java:logGet(43)) - raft.server.storage.dir = [/workdir/hadoop-ozone/integration-test/target/test-dir/MiniOzoneClusterImpl-8ab67caf-427a-4247-bc98-713520941bc9/datanode-4/data/ratis] (custom)
2019-08-12 04:08:52,097 INFO  replication.SimpleContainerDownloader (SimpleContainerDownloader.java:<init>(72)) - Starting container downloader service to copy containers to replicate.
2019-08-12 04:08:52,098 INFO  hdfs.DFSUtil (DFSUtil.java:httpServerTemplateForNNAndJN(1641)) - Starting Web-server for hddsDatanode at: http://0.0.0.0:0
2019-08-12 04:08:52,099 INFO  server.AuthenticationFilter (AuthenticationFilter.java:constructSecretProvider(240)) - Unable to initialize FileSignerSecretProvider, falling back to use random secrets.
2019-08-12 04:08:52,100 WARN  http.HttpRequestLog (HttpRequestLog.java:getRequestLog(97)) - Jetty request log can only be enabled using Log4j
2019-08-12 04:08:52,101 INFO  http.HttpServer2 (HttpServer2.java:addGlobalFilter(975)) - Added global filter 'safety' (class=org.apache.hadoop.http.HttpServer2$QuotingInputFilter)
2019-08-12 04:08:52,101 INFO  http.HttpServer2 (HttpServer2.java:addFilter(948)) - Added filter static_user_filter (class=org.apache.hadoop.http.lib.StaticUserWebFilter$StaticUserFilter) to context hddsDatanode
2019-08-12 04:08:52,101 INFO  http.HttpServer2 (HttpServer2.java:addFilter(958)) - Added filter static_user_filter (class=org.apache.hadoop.http.lib.StaticUserWebFilter$StaticUserFilter) to context static
2019-08-12 04:08:52,101 INFO  http.HttpServer2 (HttpServer2.java:addFilter(958)) - Added filter static_user_filter (class=org.apache.hadoop.http.lib.StaticUserWebFilter$StaticUserFilter) to context logs
2019-08-12 04:08:52,102 INFO  http.HttpServer2 (HttpServer2.java:bindListener(1191)) - Jetty bound to port 37830
2019-08-12 04:08:52,102 INFO  server.Server (Server.java:doStart(351)) - jetty-9.3.24.v20180605, build timestamp: 2018-06-05T17:11:56Z, git hash: 84205aa28f11a4f31f2a3b86d1bba2cc8ab69827
2019-08-12 04:08:52,103 INFO  handler.ContextHandler (ContextHandler.java:doStart(781)) - Started o.e.j.s.ServletContextHandler@c53c04e{/logs,file:///workdir/hadoop-ozone/integration-test/target/log,AVAILABLE}
2019-08-12 04:08:52,103 INFO  handler.ContextHandler (ContextHandler.java:doStart(781)) - Started o.e.j.s.ServletContextHandler@2d036335{/static,jar:file:/home/user/.m2/repository/org/apache/hadoop/hadoop-hdds-container-service/0.4.1-SNAPSHOT/hadoop-hdds-container-service-0.4.1-SNAPSHOT.jar!/webapps/static,AVAILABLE}
2019-08-12 04:08:52,127 INFO  handler.ContextHandler (ContextHandler.java:doStart(781)) - Started o.e.j.w.WebAppContext@32180efb{/,file:///tmp/jetty-0.0.0.0-37830-hddsDatanode-_-any-6177044094100193012.dir/webapp/,AVAILABLE}{/hddsDatanode}
2019-08-12 04:08:52,128 INFO  server.AbstractConnector (AbstractConnector.java:doStart(278)) - Started ServerConnector@20ed6de{HTTP/1.1,[http/1.1]}{0.0.0.0:37830}
2019-08-12 04:08:52,128 INFO  server.Server (Server.java:doStart(419)) - Started @592479ms
2019-08-12 04:08:52,130 INFO  server.BaseHttpServer (BaseHttpServer.java:updateConnectorAddress(207)) - HTTP server of HDDSDATANODE is listening at http://0.0.0.0:37830
2019-08-12 04:08:52,235 INFO  ozone.HddsDatanodeService (HddsDatanodeService.java:startPlugins(395)) - Started plug-in org.apache.hadoop.ozone.web.OzoneHddsDatanodeService@643947d1
2019-08-12 04:08:52,235 INFO  impl.MetricsSystemImpl (MetricsSystemImpl.java:init(158)) - HddsDatanode metrics system started (again)
2019-08-12 04:08:52,238 INFO  util.JvmPauseMonitor (JvmPauseMonitor.java:run(188)) - Starting JVM pause monitor
2019-08-12 04:08:52,238 INFO  ozone.HddsDatanodeService (HddsDatanodeService.java:start(184)) - HddsDatanodeService host:byscane-nightly-pnj9f-4033720222 ip:192.168.157.230
2019-08-12 04:08:52,239 INFO  datanode.InitDatanodeState (InitDatanodeState.java:persistContainerDatanodeDetails(140)) - DatanodeDetails is persisted to /workdir/hadoop-ozone/integration-test/target/test-dir/MiniOzoneClusterImpl-8ab67caf-427a-4247-bc98-713520941bc9/datanode-4/meta/datanode.id
2019-08-12 04:08:52,245 INFO  volume.HddsVolume (HddsVolume.java:<init>(176)) - Creating Volume: /workdir/hadoop-ozone/integration-test/target/test-dir/MiniOzoneClusterImpl-8ab67caf-427a-4247-bc98-713520941bc9/datanode-5/data/containers/hdds of  storage type : DISK and capacity : 52710309888
2019-08-12 04:08:52,246 INFO  volume.VolumeSet (VolumeSet.java:initializeVolumeSet(170)) - Added Volume : /workdir/hadoop-ozone/integration-test/target/test-dir/MiniOzoneClusterImpl-8ab67caf-427a-4247-bc98-713520941bc9/datanode-5/data/containers/hdds to VolumeSet
2019-08-12 04:08:52,246 INFO  volume.ThrottledAsyncChecker (ThrottledAsyncChecker.java:schedule(140)) - Scheduling a check for org.apache.hadoop.ozone.container.common.volume.HddsVolume@34438b38
2019-08-12 04:08:52,246 INFO  volume.HddsVolumeChecker (HddsVolumeChecker.java:checkAllVolumes(203)) - Scheduled health check for volume org.apache.hadoop.ozone.container.common.volume.HddsVolume@34438b38
2019-08-12 04:08:52,259 INFO  impl.RaftServerProxy (ConfUtils.java:logGet(43)) - raft.rpc.type = GRPC (default)
2019-08-12 04:08:52,260 INFO  grpc.GrpcFactory (GrpcFactory.java:checkPooledByteBufAllocatorUseCacheForAllThreads(45)) - PERFORMANCE WARNING: useCacheForAllThreads is true that may cause Netty to create a lot garbage objects and, as a result, trigger GC.
	It is recommended to disable useCacheForAllThreads by setting -Dorg.apache.ratis.thirdparty.io.netty.allocator.useCacheForAllThreads=false in command line.
2019-08-12 04:08:52,260 INFO  grpc.GrpcConfigKeys$Server (ConfUtils.java:logGet(43)) - raft.grpc.server.port = 0 (default)
2019-08-12 04:08:52,260 INFO  server.GrpcService (ConfUtils.java:logGet(43)) - raft.grpc.message.size.max = 33570816 (custom)
2019-08-12 04:08:52,260 INFO  server.RaftServerConfigKeys (ConfUtils.java:logGet(43)) - raft.server.log.appender.buffer.byte-limit = 33554432 (custom)
2019-08-12 04:08:52,260 INFO  server.GrpcService (ConfUtils.java:logGet(43)) - raft.grpc.flow.control.window = 1MB (=1048576) (default)
2019-08-12 04:08:52,261 INFO  server.RaftServerConfigKeys (ConfUtils.java:logGet(43)) - raft.server.rpc.request.timeout = 3000ms (default)
2019-08-12 04:08:52,261 INFO  server.RaftServerConfigKeys (ConfUtils.java:logGet(43)) - raft.server.storage.dir = [/workdir/hadoop-ozone/integration-test/target/test-dir/MiniOzoneClusterImpl-8ab67caf-427a-4247-bc98-713520941bc9/datanode-5/data/ratis] (custom)
2019-08-12 04:08:52,261 INFO  replication.SimpleContainerDownloader (SimpleContainerDownloader.java:<init>(72)) - Starting container downloader service to copy containers to replicate.
2019-08-12 04:08:52,262 INFO  hdfs.DFSUtil (DFSUtil.java:httpServerTemplateForNNAndJN(1641)) - Starting Web-server for hddsDatanode at: http://0.0.0.0:0
2019-08-12 04:08:52,263 INFO  server.AuthenticationFilter (AuthenticationFilter.java:constructSecretProvider(240)) - Unable to initialize FileSignerSecretProvider, falling back to use random secrets.
2019-08-12 04:08:52,264 WARN  http.HttpRequestLog (HttpRequestLog.java:getRequestLog(97)) - Jetty request log can only be enabled using Log4j
2019-08-12 04:08:52,265 INFO  http.HttpServer2 (HttpServer2.java:addGlobalFilter(975)) - Added global filter 'safety' (class=org.apache.hadoop.http.HttpServer2$QuotingInputFilter)
2019-08-12 04:08:52,265 INFO  http.HttpServer2 (HttpServer2.java:addFilter(948)) - Added filter static_user_filter (class=org.apache.hadoop.http.lib.StaticUserWebFilter$StaticUserFilter) to context hddsDatanode
2019-08-12 04:08:52,265 INFO  http.HttpServer2 (HttpServer2.java:addFilter(958)) - Added filter static_user_filter (class=org.apache.hadoop.http.lib.StaticUserWebFilter$StaticUserFilter) to context logs
2019-08-12 04:08:52,266 INFO  http.HttpServer2 (HttpServer2.java:addFilter(958)) - Added filter static_user_filter (class=org.apache.hadoop.http.lib.StaticUserWebFilter$StaticUserFilter) to context static
2019-08-12 04:08:52,266 INFO  http.HttpServer2 (HttpServer2.java:bindListener(1191)) - Jetty bound to port 35968
2019-08-12 04:08:52,266 INFO  server.Server (Server.java:doStart(351)) - jetty-9.3.24.v20180605, build timestamp: 2018-06-05T17:11:56Z, git hash: 84205aa28f11a4f31f2a3b86d1bba2cc8ab69827
2019-08-12 04:08:52,267 INFO  handler.ContextHandler (ContextHandler.java:doStart(781)) - Started o.e.j.s.ServletContextHandler@1d0590bc{/logs,file:///workdir/hadoop-ozone/integration-test/target/log,AVAILABLE}
2019-08-12 04:08:52,268 INFO  handler.ContextHandler (ContextHandler.java:doStart(781)) - Started o.e.j.s.ServletContextHandler@2ce7d43{/static,jar:file:/home/user/.m2/repository/org/apache/hadoop/hadoop-hdds-container-service/0.4.1-SNAPSHOT/hadoop-hdds-container-service-0.4.1-SNAPSHOT.jar!/webapps/static,AVAILABLE}
2019-08-12 04:08:52,294 INFO  handler.ContextHandler (ContextHandler.java:doStart(781)) - Started o.e.j.w.WebAppContext@4e0a5606{/,file:///tmp/jetty-0.0.0.0-35968-hddsDatanode-_-any-7000895432126817697.dir/webapp/,AVAILABLE}{/hddsDatanode}
2019-08-12 04:08:52,294 INFO  server.AbstractConnector (AbstractConnector.java:doStart(278)) - Started ServerConnector@361a1e86{HTTP/1.1,[http/1.1]}{0.0.0.0:35968}
2019-08-12 04:08:52,296 INFO  server.Server (Server.java:doStart(419)) - Started @592647ms
2019-08-12 04:08:52,296 INFO  server.BaseHttpServer (BaseHttpServer.java:updateConnectorAddress(207)) - HTTP server of HDDSDATANODE is listening at http://0.0.0.0:35968
2019-08-12 04:08:52,404 INFO  ozone.HddsDatanodeService (HddsDatanodeService.java:startPlugins(395)) - Started plug-in org.apache.hadoop.ozone.web.OzoneHddsDatanodeService@56ed9270
2019-08-12 04:08:52,405 INFO  impl.MetricsSystemImpl (MetricsSystemImpl.java:init(158)) - HddsDatanode metrics system started (again)
2019-08-12 04:08:52,408 INFO  util.JvmPauseMonitor (JvmPauseMonitor.java:run(188)) - Starting JVM pause monitor
2019-08-12 04:08:52,408 INFO  ozone.HddsDatanodeService (HddsDatanodeService.java:start(184)) - HddsDatanodeService host:byscane-nightly-pnj9f-4033720222 ip:192.168.157.230
2019-08-12 04:08:52,409 INFO  datanode.InitDatanodeState (InitDatanodeState.java:persistContainerDatanodeDetails(140)) - DatanodeDetails is persisted to /workdir/hadoop-ozone/integration-test/target/test-dir/MiniOzoneClusterImpl-8ab67caf-427a-4247-bc98-713520941bc9/datanode-5/meta/datanode.id
2019-08-12 04:08:52,416 INFO  volume.HddsVolume (HddsVolume.java:<init>(176)) - Creating Volume: /workdir/hadoop-ozone/integration-test/target/test-dir/MiniOzoneClusterImpl-8ab67caf-427a-4247-bc98-713520941bc9/datanode-6/data/containers/hdds of  storage type : DISK and capacity : 52710309888
2019-08-12 04:08:52,417 INFO  volume.VolumeSet (VolumeSet.java:initializeVolumeSet(170)) - Added Volume : /workdir/hadoop-ozone/integration-test/target/test-dir/MiniOzoneClusterImpl-8ab67caf-427a-4247-bc98-713520941bc9/datanode-6/data/containers/hdds to VolumeSet
2019-08-12 04:08:52,417 INFO  volume.ThrottledAsyncChecker (ThrottledAsyncChecker.java:schedule(140)) - Scheduling a check for org.apache.hadoop.ozone.container.common.volume.HddsVolume@7a3c541e
2019-08-12 04:08:52,418 INFO  volume.HddsVolumeChecker (HddsVolumeChecker.java:checkAllVolumes(203)) - Scheduled health check for volume org.apache.hadoop.ozone.container.common.volume.HddsVolume@7a3c541e
2019-08-12 04:08:52,432 INFO  impl.RaftServerProxy (ConfUtils.java:logGet(43)) - raft.rpc.type = GRPC (default)
2019-08-12 04:08:52,432 INFO  grpc.GrpcFactory (GrpcFactory.java:checkPooledByteBufAllocatorUseCacheForAllThreads(45)) - PERFORMANCE WARNING: useCacheForAllThreads is true that may cause Netty to create a lot garbage objects and, as a result, trigger GC.
	It is recommended to disable useCacheForAllThreads by setting -Dorg.apache.ratis.thirdparty.io.netty.allocator.useCacheForAllThreads=false in command line.
2019-08-12 04:08:52,433 INFO  grpc.GrpcConfigKeys$Server (ConfUtils.java:logGet(43)) - raft.grpc.server.port = 0 (default)
2019-08-12 04:08:52,433 INFO  server.GrpcService (ConfUtils.java:logGet(43)) - raft.grpc.message.size.max = 33570816 (custom)
2019-08-12 04:08:52,433 INFO  server.RaftServerConfigKeys (ConfUtils.java:logGet(43)) - raft.server.log.appender.buffer.byte-limit = 33554432 (custom)
2019-08-12 04:08:52,433 INFO  server.GrpcService (ConfUtils.java:logGet(43)) - raft.grpc.flow.control.window = 1MB (=1048576) (default)
2019-08-12 04:08:52,433 INFO  server.RaftServerConfigKeys (ConfUtils.java:logGet(43)) - raft.server.rpc.request.timeout = 3000ms (default)
2019-08-12 04:08:52,433 INFO  server.RaftServerConfigKeys (ConfUtils.java:logGet(43)) - raft.server.storage.dir = [/workdir/hadoop-ozone/integration-test/target/test-dir/MiniOzoneClusterImpl-8ab67caf-427a-4247-bc98-713520941bc9/datanode-6/data/ratis] (custom)
2019-08-12 04:08:52,434 INFO  replication.SimpleContainerDownloader (SimpleContainerDownloader.java:<init>(72)) - Starting container downloader service to copy containers to replicate.
2019-08-12 04:08:52,435 INFO  hdfs.DFSUtil (DFSUtil.java:httpServerTemplateForNNAndJN(1641)) - Starting Web-server for hddsDatanode at: http://0.0.0.0:0
2019-08-12 04:08:52,437 INFO  server.AuthenticationFilter (AuthenticationFilter.java:constructSecretProvider(240)) - Unable to initialize FileSignerSecretProvider, falling back to use random secrets.
2019-08-12 04:08:52,437 WARN  http.HttpRequestLog (HttpRequestLog.java:getRequestLog(97)) - Jetty request log can only be enabled using Log4j
2019-08-12 04:08:52,439 INFO  http.HttpServer2 (HttpServer2.java:addGlobalFilter(975)) - Added global filter 'safety' (class=org.apache.hadoop.http.HttpServer2$QuotingInputFilter)
2019-08-12 04:08:52,440 INFO  http.HttpServer2 (HttpServer2.java:addFilter(948)) - Added filter static_user_filter (class=org.apache.hadoop.http.lib.StaticUserWebFilter$StaticUserFilter) to context hddsDatanode
2019-08-12 04:08:52,440 INFO  http.HttpServer2 (HttpServer2.java:addFilter(958)) - Added filter static_user_filter (class=org.apache.hadoop.http.lib.StaticUserWebFilter$StaticUserFilter) to context logs
2019-08-12 04:08:52,440 INFO  http.HttpServer2 (HttpServer2.java:addFilter(958)) - Added filter static_user_filter (class=org.apache.hadoop.http.lib.StaticUserWebFilter$StaticUserFilter) to context static
2019-08-12 04:08:52,441 INFO  http.HttpServer2 (HttpServer2.java:bindListener(1191)) - Jetty bound to port 39445
2019-08-12 04:08:52,441 INFO  server.Server (Server.java:doStart(351)) - jetty-9.3.24.v20180605, build timestamp: 2018-06-05T17:11:56Z, git hash: 84205aa28f11a4f31f2a3b86d1bba2cc8ab69827
2019-08-12 04:08:52,443 INFO  handler.ContextHandler (ContextHandler.java:doStart(781)) - Started o.e.j.s.ServletContextHandler@5f804b36{/logs,file:///workdir/hadoop-ozone/integration-test/target/log,AVAILABLE}
2019-08-12 04:08:52,443 INFO  handler.ContextHandler (ContextHandler.java:doStart(781)) - Started o.e.j.s.ServletContextHandler@5629e904{/static,jar:file:/home/user/.m2/repository/org/apache/hadoop/hadoop-hdds-container-service/0.4.1-SNAPSHOT/hadoop-hdds-container-service-0.4.1-SNAPSHOT.jar!/webapps/static,AVAILABLE}
2019-08-12 04:08:52,468 INFO  handler.ContextHandler (ContextHandler.java:doStart(781)) - Started o.e.j.w.WebAppContext@7d90d4c6{/,file:///tmp/jetty-0.0.0.0-39445-hddsDatanode-_-any-7320264391602721801.dir/webapp/,AVAILABLE}{/hddsDatanode}
2019-08-12 04:08:52,468 INFO  server.AbstractConnector (AbstractConnector.java:doStart(278)) - Started ServerConnector@453fcce2{HTTP/1.1,[http/1.1]}{0.0.0.0:39445}
2019-08-12 04:08:52,472 INFO  server.Server (Server.java:doStart(419)) - Started @592823ms
2019-08-12 04:08:52,472 INFO  server.BaseHttpServer (BaseHttpServer.java:updateConnectorAddress(207)) - HTTP server of HDDSDATANODE is listening at http://0.0.0.0:39445
2019-08-12 04:08:52,575 INFO  ozone.HddsDatanodeService (HddsDatanodeService.java:startPlugins(395)) - Started plug-in org.apache.hadoop.ozone.web.OzoneHddsDatanodeService@7c27ed2f
2019-08-12 04:08:52,575 INFO  ozone.MiniOzoneClusterImpl (MiniOzoneClusterImpl.java:lambda$waitForClusterToBeReady$0(142)) - Waiting for cluster to be ready. Got 0 of 7 DN Heartbeats.
2019-08-12 04:08:52,576 INFO  util.JvmPauseMonitor (JvmPauseMonitor.java:run(188)) - Starting JVM pause monitor
2019-08-12 04:08:52,578 INFO  datanode.InitDatanodeState (InitDatanodeState.java:persistContainerDatanodeDetails(140)) - DatanodeDetails is persisted to /workdir/hadoop-ozone/integration-test/target/test-dir/MiniOzoneClusterImpl-8ab67caf-427a-4247-bc98-713520941bc9/datanode-6/meta/datanode.id
2019-08-12 04:08:53,387 INFO  ozoneimpl.OzoneContainer (OzoneContainer.java:start(186)) - Attempting to start container services.
2019-08-12 04:08:53,387 INFO  ozoneimpl.OzoneContainer (OzoneContainer.java:startContainerScrub(160)) - Background container scrubber has been disabled by hdds.containerscrub.enabled
2019-08-12 04:08:53,387 INFO  ratis.XceiverServerRatis (XceiverServerRatis.java:start(404)) - Starting XceiverServerRatis 47758c02-75a0-4e19-bf34-38cb8350cc70 at port 0
2019-08-12 04:08:53,393 INFO  impl.RaftServerProxy (RaftServerProxy.java:lambda$start$3(299)) - 47758c02-75a0-4e19-bf34-38cb8350cc70: start RPC server
2019-08-12 04:08:53,395 INFO  server.GrpcService (GrpcService.java:startImpl(149)) - 47758c02-75a0-4e19-bf34-38cb8350cc70: GrpcService started, listening on 0.0.0.0/0.0.0.0:35911
2019-08-12 04:08:53,395 INFO  ratis.XceiverServerRatis (XceiverServerRatis.java:start(414)) - XceiverServerRatis 47758c02-75a0-4e19-bf34-38cb8350cc70 is started using port 35911
2019-08-12 04:08:53,395 INFO  server.XceiverServerGrpc (XceiverServerGrpc.java:start(161)) - XceiverServerGrpc 47758c02-75a0-4e19-bf34-38cb8350cc70 is started using port 35079
2019-08-12 04:08:53,576 INFO  ozone.MiniOzoneClusterImpl (MiniOzoneClusterImpl.java:lambda$waitForClusterToBeReady$0(142)) - Waiting for cluster to be ready. Got 0 of 7 DN Heartbeats.
2019-08-12 04:08:53,754 INFO  ozoneimpl.OzoneContainer (OzoneContainer.java:start(186)) - Attempting to start container services.
2019-08-12 04:08:53,755 INFO  ozoneimpl.OzoneContainer (OzoneContainer.java:startContainerScrub(160)) - Background container scrubber has been disabled by hdds.containerscrub.enabled
2019-08-12 04:08:53,755 INFO  ratis.XceiverServerRatis (XceiverServerRatis.java:start(404)) - Starting XceiverServerRatis 2b0b4dad-071d-4827-b470-0b27b510987a at port 0
2019-08-12 04:08:53,760 INFO  impl.RaftServerProxy (RaftServerProxy.java:lambda$start$3(299)) - 2b0b4dad-071d-4827-b470-0b27b510987a: start RPC server
2019-08-12 04:08:53,761 INFO  server.GrpcService (GrpcService.java:startImpl(149)) - 2b0b4dad-071d-4827-b470-0b27b510987a: GrpcService started, listening on 0.0.0.0/0.0.0.0:40875
2019-08-12 04:08:53,761 INFO  ratis.XceiverServerRatis (XceiverServerRatis.java:start(414)) - XceiverServerRatis 2b0b4dad-071d-4827-b470-0b27b510987a is started using port 40875
2019-08-12 04:08:53,766 INFO  server.XceiverServerGrpc (XceiverServerGrpc.java:start(161)) - XceiverServerGrpc 2b0b4dad-071d-4827-b470-0b27b510987a is started using port 42647
2019-08-12 04:08:53,924 INFO  ozoneimpl.OzoneContainer (OzoneContainer.java:start(186)) - Attempting to start container services.
2019-08-12 04:08:53,924 INFO  ozoneimpl.OzoneContainer (OzoneContainer.java:startContainerScrub(160)) - Background container scrubber has been disabled by hdds.containerscrub.enabled
2019-08-12 04:08:53,924 INFO  ratis.XceiverServerRatis (XceiverServerRatis.java:start(404)) - Starting XceiverServerRatis feed998e-786d-42b1-b0ed-1d0664f297ba at port 0
2019-08-12 04:08:53,930 INFO  impl.RaftServerProxy (RaftServerProxy.java:lambda$start$3(299)) - feed998e-786d-42b1-b0ed-1d0664f297ba: start RPC server
2019-08-12 04:08:53,931 INFO  server.GrpcService (GrpcService.java:startImpl(149)) - feed998e-786d-42b1-b0ed-1d0664f297ba: GrpcService started, listening on 0.0.0.0/0.0.0.0:37891
2019-08-12 04:08:53,931 INFO  ratis.XceiverServerRatis (XceiverServerRatis.java:start(414)) - XceiverServerRatis feed998e-786d-42b1-b0ed-1d0664f297ba is started using port 37891
2019-08-12 04:08:53,932 INFO  server.XceiverServerGrpc (XceiverServerGrpc.java:start(161)) - XceiverServerGrpc feed998e-786d-42b1-b0ed-1d0664f297ba is started using port 36115
2019-08-12 04:08:54,088 INFO  ozoneimpl.OzoneContainer (OzoneContainer.java:start(186)) - Attempting to start container services.
2019-08-12 04:08:54,088 INFO  ozoneimpl.OzoneContainer (OzoneContainer.java:startContainerScrub(160)) - Background container scrubber has been disabled by hdds.containerscrub.enabled
2019-08-12 04:08:54,088 INFO  ratis.XceiverServerRatis (XceiverServerRatis.java:start(404)) - Starting XceiverServerRatis 5f43b17a-624c-455b-ac70-d237e935916e at port 0
2019-08-12 04:08:54,096 INFO  impl.RaftServerProxy (RaftServerProxy.java:lambda$start$3(299)) - 5f43b17a-624c-455b-ac70-d237e935916e: start RPC server
2019-08-12 04:08:54,097 INFO  server.GrpcService (GrpcService.java:startImpl(149)) - 5f43b17a-624c-455b-ac70-d237e935916e: GrpcService started, listening on 0.0.0.0/0.0.0.0:35747
2019-08-12 04:08:54,097 INFO  ratis.XceiverServerRatis (XceiverServerRatis.java:start(414)) - XceiverServerRatis 5f43b17a-624c-455b-ac70-d237e935916e is started using port 35747
2019-08-12 04:08:54,098 INFO  server.XceiverServerGrpc (XceiverServerGrpc.java:start(161)) - XceiverServerGrpc 5f43b17a-624c-455b-ac70-d237e935916e is started using port 40510
2019-08-12 04:08:54,253 INFO  ozoneimpl.OzoneContainer (OzoneContainer.java:start(186)) - Attempting to start container services.
2019-08-12 04:08:54,253 INFO  ozoneimpl.OzoneContainer (OzoneContainer.java:startContainerScrub(160)) - Background container scrubber has been disabled by hdds.containerscrub.enabled
2019-08-12 04:08:54,253 INFO  ratis.XceiverServerRatis (XceiverServerRatis.java:start(404)) - Starting XceiverServerRatis 00b241ce-6529-4fc4-82dd-26815ed218ff at port 0
2019-08-12 04:08:54,259 INFO  impl.RaftServerProxy (RaftServerProxy.java:lambda$start$3(299)) - 00b241ce-6529-4fc4-82dd-26815ed218ff: start RPC server
2019-08-12 04:08:54,260 INFO  server.GrpcService (GrpcService.java:startImpl(149)) - 00b241ce-6529-4fc4-82dd-26815ed218ff: GrpcService started, listening on 0.0.0.0/0.0.0.0:39683
2019-08-12 04:08:54,260 INFO  ratis.XceiverServerRatis (XceiverServerRatis.java:start(414)) - XceiverServerRatis 00b241ce-6529-4fc4-82dd-26815ed218ff is started using port 39683
2019-08-12 04:08:54,260 INFO  server.XceiverServerGrpc (XceiverServerGrpc.java:start(161)) - XceiverServerGrpc 00b241ce-6529-4fc4-82dd-26815ed218ff is started using port 42246
2019-08-12 04:08:54,423 INFO  ozoneimpl.OzoneContainer (OzoneContainer.java:start(186)) - Attempting to start container services.
2019-08-12 04:08:54,423 INFO  ozoneimpl.OzoneContainer (OzoneContainer.java:startContainerScrub(160)) - Background container scrubber has been disabled by hdds.containerscrub.enabled
2019-08-12 04:08:54,423 INFO  ratis.XceiverServerRatis (XceiverServerRatis.java:start(404)) - Starting XceiverServerRatis d8af83b5-b38a-44c4-acce-62c46298d170 at port 0
2019-08-12 04:08:54,430 INFO  impl.RaftServerProxy (RaftServerProxy.java:lambda$start$3(299)) - d8af83b5-b38a-44c4-acce-62c46298d170: start RPC server
2019-08-12 04:08:54,430 INFO  server.GrpcService (GrpcService.java:startImpl(149)) - d8af83b5-b38a-44c4-acce-62c46298d170: GrpcService started, listening on 0.0.0.0/0.0.0.0:32795
2019-08-12 04:08:54,431 INFO  ratis.XceiverServerRatis (XceiverServerRatis.java:start(414)) - XceiverServerRatis d8af83b5-b38a-44c4-acce-62c46298d170 is started using port 32795
2019-08-12 04:08:54,431 INFO  server.XceiverServerGrpc (XceiverServerGrpc.java:start(161)) - XceiverServerGrpc d8af83b5-b38a-44c4-acce-62c46298d170 is started using port 39033
2019-08-12 04:08:54,576 INFO  ozone.MiniOzoneClusterImpl (MiniOzoneClusterImpl.java:lambda$waitForClusterToBeReady$0(142)) - Waiting for cluster to be ready. Got 0 of 7 DN Heartbeats.
2019-08-12 04:08:54,590 INFO  ozoneimpl.OzoneContainer (OzoneContainer.java:start(186)) - Attempting to start container services.
2019-08-12 04:08:54,591 INFO  ozoneimpl.OzoneContainer (OzoneContainer.java:startContainerScrub(160)) - Background container scrubber has been disabled by hdds.containerscrub.enabled
2019-08-12 04:08:54,591 INFO  ratis.XceiverServerRatis (XceiverServerRatis.java:start(404)) - Starting XceiverServerRatis 6762e180-8cde-4855-9221-afd7dc52c267 at port 0
2019-08-12 04:08:54,596 INFO  impl.RaftServerProxy (RaftServerProxy.java:lambda$start$3(299)) - 6762e180-8cde-4855-9221-afd7dc52c267: start RPC server
2019-08-12 04:08:54,596 INFO  server.GrpcService (GrpcService.java:startImpl(149)) - 6762e180-8cde-4855-9221-afd7dc52c267: GrpcService started, listening on 0.0.0.0/0.0.0.0:41569
2019-08-12 04:08:54,597 INFO  ratis.XceiverServerRatis (XceiverServerRatis.java:start(414)) - XceiverServerRatis 6762e180-8cde-4855-9221-afd7dc52c267 is started using port 41569
2019-08-12 04:08:54,600 INFO  server.XceiverServerGrpc (XceiverServerGrpc.java:start(161)) - XceiverServerGrpc 6762e180-8cde-4855-9221-afd7dc52c267 is started using port 33244
2019-08-12 04:08:55,364 INFO  net.NetworkTopology (NetworkTopologyImpl.java:add(110)) - Added a new node: /default-rack/47758c02-75a0-4e19-bf34-38cb8350cc70
2019-08-12 04:08:55,366 INFO  node.SCMNodeManager (SCMNodeManager.java:register(273)) - Registered Data node : 47758c02-75a0-4e19-bf34-38cb8350cc70{ip: 192.168.157.230, host: byscane-nightly-pnj9f-4033720222, networkLocation: /default-rack, certSerialId: null}
2019-08-12 04:08:55,367 INFO  safemode.SCMSafeModeManager (DataNodeSafeModeRule.java:process(71)) - SCM in safe mode. 1 DataNodes registered, 1 required.
2019-08-12 04:08:55,368 INFO  safemode.SCMSafeModeManager (SCMSafeModeManager.java:validateSafeModeExitRules(177)) - ScmSafeModeManager, all rules are successfully validated
2019-08-12 04:08:55,369 INFO  safemode.SCMSafeModeManager (SCMSafeModeManager.java:exitSafeMode(193)) - SCM exiting safe mode.
2019-08-12 04:08:55,391 INFO  impl.RaftServerProxy (RaftServerProxy.java:addNew(89)) - 47758c02-75a0-4e19-bf34-38cb8350cc70: addNew group-9BCF5A3510EC:[47758c02-75a0-4e19-bf34-38cb8350cc70:192.168.157.230:35911] returns group-9BCF5A3510EC:java.util.concurrent.CompletableFuture@1243423[Not completed]
2019-08-12 04:08:55,393 INFO  impl.RaftServerImpl (RaftServerImpl.java:<init>(93)) - 47758c02-75a0-4e19-bf34-38cb8350cc70: new RaftServerImpl for group-9BCF5A3510EC:[47758c02-75a0-4e19-bf34-38cb8350cc70:192.168.157.230:35911] with ContainerStateMachine:uninitialized
2019-08-12 04:08:55,393 INFO  server.RaftServerConfigKeys (ConfUtils.java:logGet(43)) - raft.server.rpc.timeout.min = 5s (custom)
2019-08-12 04:08:55,393 INFO  server.RaftServerConfigKeys (ConfUtils.java:logGet(43)) - raft.server.rpc.timeout.max = 5200ms (custom)
2019-08-12 04:08:55,393 INFO  server.RaftServerConfigKeys (ConfUtils.java:logGet(43)) - raft.server.rpcslowness.timeout = 120s (custom)
2019-08-12 04:08:55,393 INFO  server.RaftServerConfigKeys (ConfUtils.java:logGet(43)) - raft.server.sleep.deviation.threshold = 300 (default)
2019-08-12 04:08:55,393 INFO  server.RaftServerConfigKeys (ConfUtils.java:logGet(43)) - raft.server.log.appender.install.snapshot.enabled = false (custom)
2019-08-12 04:08:55,394 INFO  impl.RaftServerImpl (ServerState.java:<init>(105)) - 47758c02-75a0-4e19-bf34-38cb8350cc70:group-9BCF5A3510EC ConfigurationManager, init=-1: [47758c02-75a0-4e19-bf34-38cb8350cc70:192.168.157.230:35911], old=null, confs=<EMPTY_MAP>
2019-08-12 04:08:55,394 INFO  server.RaftServerConfigKeys (ConfUtils.java:logGet(43)) - raft.server.storage.dir = [/workdir/hadoop-ozone/integration-test/target/test-dir/MiniOzoneClusterImpl-8ab67caf-427a-4247-bc98-713520941bc9/datanode-0/data/ratis] (custom)
2019-08-12 04:08:55,394 INFO  storage.RaftStorageDirectory (RaftStorageDirectory.java:analyzeStorage(246)) - The storage directory /workdir/hadoop-ozone/integration-test/target/test-dir/MiniOzoneClusterImpl-8ab67caf-427a-4247-bc98-713520941bc9/datanode-0/data/ratis/46da026b-8c85-4b24-9491-9bcf5a3510ec does not exist. Creating ...
2019-08-12 04:08:55,408 INFO  storage.RaftStorageDirectory (RaftStorageDirectory.java:tryLock(328)) - Lock on /workdir/hadoop-ozone/integration-test/target/test-dir/MiniOzoneClusterImpl-8ab67caf-427a-4247-bc98-713520941bc9/datanode-0/data/ratis/46da026b-8c85-4b24-9491-9bcf5a3510ec/in_use.lock acquired by nodename 21416@byscane-nightly-pnj9f-4033720222
2019-08-12 04:08:55,421 INFO  storage.RaftStorage (RaftStorage.java:format(72)) - Storage directory /workdir/hadoop-ozone/integration-test/target/test-dir/MiniOzoneClusterImpl-8ab67caf-427a-4247-bc98-713520941bc9/datanode-0/data/ratis/46da026b-8c85-4b24-9491-9bcf5a3510ec has been successfully formatted.
2019-08-12 04:08:55,421 INFO  ratis.ContainerStateMachine (ContainerStateMachine.java:loadSnapshot(213)) - group-9BCF5A3510EC: The snapshot info is null. Setting the last applied indexto:(t:0, i:~)
2019-08-12 04:08:55,422 INFO  server.RaftServerConfigKeys (ConfUtils.java:logGet(43)) - raft.server.leader.election.timeout = 120s (custom)
2019-08-12 04:08:55,422 INFO  server.RaftServerConfigKeys (ConfUtils.java:logGet(43)) - raft.server.log.use.memory = false (default)
2019-08-12 04:08:55,422 INFO  server.RaftServerConfigKeys (ConfUtils.java:logGet(43)) - raft.server.log.purge.gap = 1000000000 (custom)
2019-08-12 04:08:55,422 INFO  server.RaftServerConfigKeys (ConfUtils.java:logGet(43)) - raft.server.log.appender.buffer.byte-limit = 33554432 (custom)
2019-08-12 04:08:55,422 INFO  server.RaftServerConfigKeys (ConfUtils.java:logGet(43)) - raft.server.log.segment.size.max = 1048576 (custom)
2019-08-12 04:08:55,422 INFO  server.RaftServerConfigKeys (ConfUtils.java:logGet(43)) - raft.server.log.segment.cache.num.max = 2 (custom)
2019-08-12 04:08:55,422 INFO  segmented.SegmentedRaftLogWorker (SegmentedRaftLogWorker.java:<init>(172)) - new 47758c02-75a0-4e19-bf34-38cb8350cc70-SegmentedRaftLogWorker:Storage Directory /workdir/hadoop-ozone/integration-test/target/test-dir/MiniOzoneClusterImpl-8ab67caf-427a-4247-bc98-713520941bc9/datanode-0/data/ratis/46da026b-8c85-4b24-9491-9bcf5a3510ec for RaftStorage:Storage Directory /workdir/hadoop-ozone/integration-test/target/test-dir/MiniOzoneClusterImpl-8ab67caf-427a-4247-bc98-713520941bc9/datanode-0/data/ratis/46da026b-8c85-4b24-9491-9bcf5a3510ec
2019-08-12 04:08:55,422 INFO  server.RaftServerConfigKeys (ConfUtils.java:logGet(43)) - raft.server.log.queue.byte-limit = 2147483647 (custom)
2019-08-12 04:08:55,423 INFO  server.RaftServerConfigKeys (ConfUtils.java:logGet(43)) - raft.server.log.queue.element-limit = 1024 (custom)
2019-08-12 04:08:55,423 INFO  server.RaftServerConfigKeys (ConfUtils.java:logGet(43)) - raft.server.log.segment.size.max = 1048576 (custom)
2019-08-12 04:08:55,423 INFO  server.RaftServerConfigKeys (ConfUtils.java:logGet(43)) - raft.server.log.preallocated.size = 16384 (custom)
2019-08-12 04:08:55,423 INFO  server.RaftServerConfigKeys (ConfUtils.java:logGet(43)) - raft.server.log.write.buffer.size = 33554432 (custom)
2019-08-12 04:08:55,423 INFO  server.RaftServerConfigKeys (ConfUtils.java:logGet(43)) - raft.server.log.force.sync.num = 128 (default)
2019-08-12 04:08:55,423 INFO  server.RaftServerConfigKeys (ConfUtils.java:logGet(43)) - raft.server.log.statemachine.data.sync = true (default)
2019-08-12 04:08:55,423 INFO  server.RaftServerConfigKeys (ConfUtils.java:logGet(43)) - raft.server.log.statemachine.data.sync.timeout = 10s (default)
2019-08-12 04:08:55,423 INFO  server.RaftServerConfigKeys (ConfUtils.java:logGet(43)) - raft.server.log.statemachine.data.sync.timeout.retry = -1 (default)
2019-08-12 04:08:55,424 INFO  server.RaftServerConfigKeys (ConfUtils.java:logGet(43)) - raft.server.log.statemachine.data.caching.enabled = true (custom)
2019-08-12 04:08:55,424 INFO  segmented.SegmentedRaftLogWorker (SegmentedRaftLogWorker.java:lambda$new$0(132)) - 47758c02-75a0-4e19-bf34-38cb8350cc70-SegmentedRaftLogWorker:Storage Directory /workdir/hadoop-ozone/integration-test/target/test-dir/MiniOzoneClusterImpl-8ab67caf-427a-4247-bc98-713520941bc9/datanode-0/data/ratis/46da026b-8c85-4b24-9491-9bcf5a3510ec: flushIndex: setUnconditionally 0 -> -1
2019-08-12 04:08:55,424 INFO  server.RaftServerConfigKeys (ConfUtils.java:logGet(43)) - raft.server.snapshot.auto.trigger.enabled = true (custom)
2019-08-12 04:08:55,424 INFO  server.RaftServerConfigKeys (ConfUtils.java:logGet(43)) - raft.server.snapshot.auto.trigger.threshold = 10000 (custom)
2019-08-12 04:08:55,425 INFO  server.RaftServerConfigKeys (ConfUtils.java:logGet(43)) - raft.server.retrycache.expirytime = 600000ms (custom)
2019-08-12 04:08:55,425 INFO  impl.RaftServerImpl (RaftServerImpl.java:start(180)) - 47758c02-75a0-4e19-bf34-38cb8350cc70: start group-9BCF5A3510EC
2019-08-12 04:08:55,425 INFO  impl.RaftServerImpl (RaftServerImpl.java:setRole(171)) - 47758c02-75a0-4e19-bf34-38cb8350cc70:group-9BCF5A3510EC changes role from null to FOLLOWER at term 0 for startAsFollower
2019-08-12 04:08:55,425 INFO  impl.RoleInfo (RoleInfo.java:updateAndGet(143)) - 47758c02-75a0-4e19-bf34-38cb8350cc70: start FollowerState
2019-08-12 04:08:55,426 INFO  util.JmxRegister (JmxRegister.java:tryRegister(44)) - Successfully registered JMX Bean with object name Ratis:service=RaftServer,group=group-9BCF5A3510EC,id=47758c02-75a0-4e19-bf34-38cb8350cc70
2019-08-12 04:08:55,428 INFO  pipeline.PipelineStateManager (PipelineStateManager.java:addPipeline(56)) - Created pipeline Pipeline[ Id: 46da026b-8c85-4b24-9491-9bcf5a3510ec, Nodes: 47758c02-75a0-4e19-bf34-38cb8350cc70{ip: 192.168.157.230, host: byscane-nightly-pnj9f-4033720222, networkLocation: /default-rack, certSerialId: null}, Type:RATIS, Factor:ONE, State:OPEN]
2019-08-12 04:08:55,576 INFO  ozone.MiniOzoneClusterImpl (MiniOzoneClusterImpl.java:lambda$waitForClusterToBeReady$0(142)) - Waiting for cluster to be ready. Got 1 of 7 DN Heartbeats.
2019-08-12 04:08:55,741 INFO  net.NetworkTopology (NetworkTopologyImpl.java:add(110)) - Added a new node: /default-rack/2b0b4dad-071d-4827-b470-0b27b510987a
2019-08-12 04:08:55,742 INFO  node.SCMNodeManager (SCMNodeManager.java:register(273)) - Registered Data node : 2b0b4dad-071d-4827-b470-0b27b510987a{ip: 192.168.157.230, host: byscane-nightly-pnj9f-4033720222, networkLocation: /default-rack, certSerialId: null}
2019-08-12 04:08:55,749 INFO  impl.RaftServerProxy (RaftServerProxy.java:addNew(89)) - 2b0b4dad-071d-4827-b470-0b27b510987a: addNew group-7B00B7597C68:[2b0b4dad-071d-4827-b470-0b27b510987a:192.168.157.230:40875] returns group-7B00B7597C68:java.util.concurrent.CompletableFuture@45188d55[Not completed]
2019-08-12 04:08:55,750 INFO  impl.RaftServerImpl (RaftServerImpl.java:<init>(93)) - 2b0b4dad-071d-4827-b470-0b27b510987a: new RaftServerImpl for group-7B00B7597C68:[2b0b4dad-071d-4827-b470-0b27b510987a:192.168.157.230:40875] with ContainerStateMachine:uninitialized
2019-08-12 04:08:55,750 INFO  server.RaftServerConfigKeys (ConfUtils.java:logGet(43)) - raft.server.rpc.timeout.min = 5s (custom)
2019-08-12 04:08:55,750 INFO  server.RaftServerConfigKeys (ConfUtils.java:logGet(43)) - raft.server.rpc.timeout.max = 5200ms (custom)
2019-08-12 04:08:55,750 INFO  server.RaftServerConfigKeys (ConfUtils.java:logGet(43)) - raft.server.rpcslowness.timeout = 120s (custom)
2019-08-12 04:08:55,751 INFO  server.RaftServerConfigKeys (ConfUtils.java:logGet(43)) - raft.server.sleep.deviation.threshold = 300 (default)
2019-08-12 04:08:55,751 INFO  server.RaftServerConfigKeys (ConfUtils.java:logGet(43)) - raft.server.log.appender.install.snapshot.enabled = false (custom)
2019-08-12 04:08:55,751 INFO  impl.RaftServerImpl (ServerState.java:<init>(105)) - 2b0b4dad-071d-4827-b470-0b27b510987a:group-7B00B7597C68 ConfigurationManager, init=-1: [2b0b4dad-071d-4827-b470-0b27b510987a:192.168.157.230:40875], old=null, confs=<EMPTY_MAP>
2019-08-12 04:08:55,751 INFO  server.RaftServerConfigKeys (ConfUtils.java:logGet(43)) - raft.server.storage.dir = [/workdir/hadoop-ozone/integration-test/target/test-dir/MiniOzoneClusterImpl-8ab67caf-427a-4247-bc98-713520941bc9/datanode-1/data/ratis] (custom)
2019-08-12 04:08:55,751 INFO  storage.RaftStorageDirectory (RaftStorageDirectory.java:analyzeStorage(246)) - The storage directory /workdir/hadoop-ozone/integration-test/target/test-dir/MiniOzoneClusterImpl-8ab67caf-427a-4247-bc98-713520941bc9/datanode-1/data/ratis/4e65e228-6f22-4125-88bc-7b00b7597c68 does not exist. Creating ...
2019-08-12 04:08:55,764 INFO  storage.RaftStorageDirectory (RaftStorageDirectory.java:tryLock(328)) - Lock on /workdir/hadoop-ozone/integration-test/target/test-dir/MiniOzoneClusterImpl-8ab67caf-427a-4247-bc98-713520941bc9/datanode-1/data/ratis/4e65e228-6f22-4125-88bc-7b00b7597c68/in_use.lock acquired by nodename 21416@byscane-nightly-pnj9f-4033720222
2019-08-12 04:08:55,777 INFO  storage.RaftStorage (RaftStorage.java:format(72)) - Storage directory /workdir/hadoop-ozone/integration-test/target/test-dir/MiniOzoneClusterImpl-8ab67caf-427a-4247-bc98-713520941bc9/datanode-1/data/ratis/4e65e228-6f22-4125-88bc-7b00b7597c68 has been successfully formatted.
2019-08-12 04:08:55,778 INFO  ratis.ContainerStateMachine (ContainerStateMachine.java:loadSnapshot(213)) - group-7B00B7597C68: The snapshot info is null. Setting the last applied indexto:(t:0, i:~)
2019-08-12 04:08:55,778 INFO  server.RaftServerConfigKeys (ConfUtils.java:logGet(43)) - raft.server.leader.election.timeout = 120s (custom)
2019-08-12 04:08:55,778 INFO  server.RaftServerConfigKeys (ConfUtils.java:logGet(43)) - raft.server.log.use.memory = false (default)
2019-08-12 04:08:55,778 INFO  server.RaftServerConfigKeys (ConfUtils.java:logGet(43)) - raft.server.log.purge.gap = 1000000000 (custom)
2019-08-12 04:08:55,779 INFO  server.RaftServerConfigKeys (ConfUtils.java:logGet(43)) - raft.server.log.appender.buffer.byte-limit = 33554432 (custom)
2019-08-12 04:08:55,779 INFO  server.RaftServerConfigKeys (ConfUtils.java:logGet(43)) - raft.server.log.segment.size.max = 1048576 (custom)
2019-08-12 04:08:55,779 INFO  server.RaftServerConfigKeys (ConfUtils.java:logGet(43)) - raft.server.log.segment.cache.num.max = 2 (custom)
2019-08-12 04:08:55,779 INFO  segmented.SegmentedRaftLogWorker (SegmentedRaftLogWorker.java:<init>(172)) - new 2b0b4dad-071d-4827-b470-0b27b510987a-SegmentedRaftLogWorker:Storage Directory /workdir/hadoop-ozone/integration-test/target/test-dir/MiniOzoneClusterImpl-8ab67caf-427a-4247-bc98-713520941bc9/datanode-1/data/ratis/4e65e228-6f22-4125-88bc-7b00b7597c68 for RaftStorage:Storage Directory /workdir/hadoop-ozone/integration-test/target/test-dir/MiniOzoneClusterImpl-8ab67caf-427a-4247-bc98-713520941bc9/datanode-1/data/ratis/4e65e228-6f22-4125-88bc-7b00b7597c68
2019-08-12 04:08:55,779 INFO  server.RaftServerConfigKeys (ConfUtils.java:logGet(43)) - raft.server.log.queue.byte-limit = 2147483647 (custom)
2019-08-12 04:08:55,779 INFO  server.RaftServerConfigKeys (ConfUtils.java:logGet(43)) - raft.server.log.queue.element-limit = 1024 (custom)
2019-08-12 04:08:55,780 INFO  server.RaftServerConfigKeys (ConfUtils.java:logGet(43)) - raft.server.log.segment.size.max = 1048576 (custom)
2019-08-12 04:08:55,780 INFO  server.RaftServerConfigKeys (ConfUtils.java:logGet(43)) - raft.server.log.preallocated.size = 16384 (custom)
2019-08-12 04:08:55,780 INFO  server.RaftServerConfigKeys (ConfUtils.java:logGet(43)) - raft.server.log.write.buffer.size = 33554432 (custom)
2019-08-12 04:08:55,780 INFO  server.RaftServerConfigKeys (ConfUtils.java:logGet(43)) - raft.server.log.force.sync.num = 128 (default)
2019-08-12 04:08:55,780 INFO  server.RaftServerConfigKeys (ConfUtils.java:logGet(43)) - raft.server.log.statemachine.data.sync = true (default)
2019-08-12 04:08:55,780 INFO  server.RaftServerConfigKeys (ConfUtils.java:logGet(43)) - raft.server.log.statemachine.data.sync.timeout = 10s (default)
2019-08-12 04:08:55,780 INFO  server.RaftServerConfigKeys (ConfUtils.java:logGet(43)) - raft.server.log.statemachine.data.sync.timeout.retry = -1 (default)
2019-08-12 04:08:55,781 INFO  server.RaftServerConfigKeys (ConfUtils.java:logGet(43)) - raft.server.log.statemachine.data.caching.enabled = true (custom)
2019-08-12 04:08:55,782 INFO  segmented.SegmentedRaftLogWorker (SegmentedRaftLogWorker.java:lambda$new$0(132)) - 2b0b4dad-071d-4827-b470-0b27b510987a-SegmentedRaftLogWorker:Storage Directory /workdir/hadoop-ozone/integration-test/target/test-dir/MiniOzoneClusterImpl-8ab67caf-427a-4247-bc98-713520941bc9/datanode-1/data/ratis/4e65e228-6f22-4125-88bc-7b00b7597c68: flushIndex: setUnconditionally 0 -> -1
2019-08-12 04:08:55,782 INFO  server.RaftServerConfigKeys (ConfUtils.java:logGet(43)) - raft.server.snapshot.auto.trigger.enabled = true (custom)
2019-08-12 04:08:55,782 INFO  server.RaftServerConfigKeys (ConfUtils.java:logGet(43)) - raft.server.snapshot.auto.trigger.threshold = 10000 (custom)
2019-08-12 04:08:55,783 INFO  server.RaftServerConfigKeys (ConfUtils.java:logGet(43)) - raft.server.retrycache.expirytime = 600000ms (custom)
2019-08-12 04:08:55,783 INFO  impl.RaftServerImpl (RaftServerImpl.java:start(180)) - 2b0b4dad-071d-4827-b470-0b27b510987a: start group-7B00B7597C68
2019-08-12 04:08:55,783 INFO  impl.RaftServerImpl (RaftServerImpl.java:setRole(171)) - 2b0b4dad-071d-4827-b470-0b27b510987a:group-7B00B7597C68 changes role from null to FOLLOWER at term 0 for startAsFollower
2019-08-12 04:08:55,783 INFO  impl.RoleInfo (RoleInfo.java:updateAndGet(143)) - 2b0b4dad-071d-4827-b470-0b27b510987a: start FollowerState
2019-08-12 04:08:55,783 INFO  util.JmxRegister (JmxRegister.java:tryRegister(44)) - Successfully registered JMX Bean with object name Ratis:service=RaftServer,group=group-7B00B7597C68,id=2b0b4dad-071d-4827-b470-0b27b510987a
2019-08-12 04:08:55,786 INFO  pipeline.PipelineStateManager (PipelineStateManager.java:addPipeline(56)) - Created pipeline Pipeline[ Id: 4e65e228-6f22-4125-88bc-7b00b7597c68, Nodes: 2b0b4dad-071d-4827-b470-0b27b510987a{ip: 192.168.157.230, host: byscane-nightly-pnj9f-4033720222, networkLocation: /default-rack, certSerialId: null}, Type:RATIS, Factor:ONE, State:OPEN]
2019-08-12 04:08:55,910 INFO  net.NetworkTopology (NetworkTopologyImpl.java:add(110)) - Added a new node: /default-rack/feed998e-786d-42b1-b0ed-1d0664f297ba
2019-08-12 04:08:55,910 INFO  node.SCMNodeManager (SCMNodeManager.java:register(273)) - Registered Data node : feed998e-786d-42b1-b0ed-1d0664f297ba{ip: 192.168.157.230, host: byscane-nightly-pnj9f-4033720222, networkLocation: /default-rack, certSerialId: null}
2019-08-12 04:08:55,918 INFO  impl.RaftServerProxy (RaftServerProxy.java:addNew(89)) - feed998e-786d-42b1-b0ed-1d0664f297ba: addNew group-607FFD7198BE:[feed998e-786d-42b1-b0ed-1d0664f297ba:192.168.157.230:37891] returns group-607FFD7198BE:java.util.concurrent.CompletableFuture@25b902cb[Not completed]
2019-08-12 04:08:55,919 INFO  impl.RaftServerImpl (RaftServerImpl.java:<init>(93)) - feed998e-786d-42b1-b0ed-1d0664f297ba: new RaftServerImpl for group-607FFD7198BE:[feed998e-786d-42b1-b0ed-1d0664f297ba:192.168.157.230:37891] with ContainerStateMachine:uninitialized
2019-08-12 04:08:55,920 INFO  server.RaftServerConfigKeys (ConfUtils.java:logGet(43)) - raft.server.rpc.timeout.min = 5s (custom)
2019-08-12 04:08:55,920 INFO  server.RaftServerConfigKeys (ConfUtils.java:logGet(43)) - raft.server.rpc.timeout.max = 5200ms (custom)
2019-08-12 04:08:55,920 INFO  server.RaftServerConfigKeys (ConfUtils.java:logGet(43)) - raft.server.rpcslowness.timeout = 120s (custom)
2019-08-12 04:08:55,920 INFO  server.RaftServerConfigKeys (ConfUtils.java:logGet(43)) - raft.server.sleep.deviation.threshold = 300 (default)
2019-08-12 04:08:55,920 INFO  server.RaftServerConfigKeys (ConfUtils.java:logGet(43)) - raft.server.log.appender.install.snapshot.enabled = false (custom)
2019-08-12 04:08:55,920 INFO  impl.RaftServerImpl (ServerState.java:<init>(105)) - feed998e-786d-42b1-b0ed-1d0664f297ba:group-607FFD7198BE ConfigurationManager, init=-1: [feed998e-786d-42b1-b0ed-1d0664f297ba:192.168.157.230:37891], old=null, confs=<EMPTY_MAP>
2019-08-12 04:08:55,921 INFO  server.RaftServerConfigKeys (ConfUtils.java:logGet(43)) - raft.server.storage.dir = [/workdir/hadoop-ozone/integration-test/target/test-dir/MiniOzoneClusterImpl-8ab67caf-427a-4247-bc98-713520941bc9/datanode-2/data/ratis] (custom)
2019-08-12 04:08:55,921 INFO  storage.RaftStorageDirectory (RaftStorageDirectory.java:analyzeStorage(246)) - The storage directory /workdir/hadoop-ozone/integration-test/target/test-dir/MiniOzoneClusterImpl-8ab67caf-427a-4247-bc98-713520941bc9/datanode-2/data/ratis/dafb20c8-75cb-4db8-92cc-607ffd7198be does not exist. Creating ...
2019-08-12 04:08:55,933 INFO  storage.RaftStorageDirectory (RaftStorageDirectory.java:tryLock(328)) - Lock on /workdir/hadoop-ozone/integration-test/target/test-dir/MiniOzoneClusterImpl-8ab67caf-427a-4247-bc98-713520941bc9/datanode-2/data/ratis/dafb20c8-75cb-4db8-92cc-607ffd7198be/in_use.lock acquired by nodename 21416@byscane-nightly-pnj9f-4033720222
2019-08-12 04:08:55,954 INFO  storage.RaftStorage (RaftStorage.java:format(72)) - Storage directory /workdir/hadoop-ozone/integration-test/target/test-dir/MiniOzoneClusterImpl-8ab67caf-427a-4247-bc98-713520941bc9/datanode-2/data/ratis/dafb20c8-75cb-4db8-92cc-607ffd7198be has been successfully formatted.
2019-08-12 04:08:55,954 INFO  ratis.ContainerStateMachine (ContainerStateMachine.java:loadSnapshot(213)) - group-607FFD7198BE: The snapshot info is null. Setting the last applied indexto:(t:0, i:~)
2019-08-12 04:08:55,955 INFO  server.RaftServerConfigKeys (ConfUtils.java:logGet(43)) - raft.server.leader.election.timeout = 120s (custom)
2019-08-12 04:08:55,955 INFO  server.RaftServerConfigKeys (ConfUtils.java:logGet(43)) - raft.server.log.use.memory = false (default)
2019-08-12 04:08:55,955 INFO  server.RaftServerConfigKeys (ConfUtils.java:logGet(43)) - raft.server.log.purge.gap = 1000000000 (custom)
2019-08-12 04:08:55,955 INFO  server.RaftServerConfigKeys (ConfUtils.java:logGet(43)) - raft.server.log.appender.buffer.byte-limit = 33554432 (custom)
2019-08-12 04:08:55,955 INFO  server.RaftServerConfigKeys (ConfUtils.java:logGet(43)) - raft.server.log.segment.size.max = 1048576 (custom)
2019-08-12 04:08:55,956 INFO  server.RaftServerConfigKeys (ConfUtils.java:logGet(43)) - raft.server.log.segment.cache.num.max = 2 (custom)
2019-08-12 04:08:55,956 INFO  segmented.SegmentedRaftLogWorker (SegmentedRaftLogWorker.java:<init>(172)) - new feed998e-786d-42b1-b0ed-1d0664f297ba-SegmentedRaftLogWorker:Storage Directory /workdir/hadoop-ozone/integration-test/target/test-dir/MiniOzoneClusterImpl-8ab67caf-427a-4247-bc98-713520941bc9/datanode-2/data/ratis/dafb20c8-75cb-4db8-92cc-607ffd7198be for RaftStorage:Storage Directory /workdir/hadoop-ozone/integration-test/target/test-dir/MiniOzoneClusterImpl-8ab67caf-427a-4247-bc98-713520941bc9/datanode-2/data/ratis/dafb20c8-75cb-4db8-92cc-607ffd7198be
2019-08-12 04:08:55,956 INFO  server.RaftServerConfigKeys (ConfUtils.java:logGet(43)) - raft.server.log.queue.byte-limit = 2147483647 (custom)
2019-08-12 04:08:55,956 INFO  server.RaftServerConfigKeys (ConfUtils.java:logGet(43)) - raft.server.log.queue.element-limit = 1024 (custom)
2019-08-12 04:08:55,956 INFO  server.RaftServerConfigKeys (ConfUtils.java:logGet(43)) - raft.server.log.segment.size.max = 1048576 (custom)
2019-08-12 04:08:55,957 INFO  server.RaftServerConfigKeys (ConfUtils.java:logGet(43)) - raft.server.log.preallocated.size = 16384 (custom)
2019-08-12 04:08:55,957 INFO  server.RaftServerConfigKeys (ConfUtils.java:logGet(43)) - raft.server.log.write.buffer.size = 33554432 (custom)
2019-08-12 04:08:55,957 INFO  server.RaftServerConfigKeys (ConfUtils.java:logGet(43)) - raft.server.log.force.sync.num = 128 (default)
2019-08-12 04:08:55,957 INFO  server.RaftServerConfigKeys (ConfUtils.java:logGet(43)) - raft.server.log.statemachine.data.sync = true (default)
2019-08-12 04:08:55,957 INFO  server.RaftServerConfigKeys (ConfUtils.java:logGet(43)) - raft.server.log.statemachine.data.sync.timeout = 10s (default)
2019-08-12 04:08:55,958 INFO  server.RaftServerConfigKeys (ConfUtils.java:logGet(43)) - raft.server.log.statemachine.data.sync.timeout.retry = -1 (default)
2019-08-12 04:08:55,958 INFO  server.RaftServerConfigKeys (ConfUtils.java:logGet(43)) - raft.server.log.statemachine.data.caching.enabled = true (custom)
2019-08-12 04:08:55,958 INFO  segmented.SegmentedRaftLogWorker (SegmentedRaftLogWorker.java:lambda$new$0(132)) - feed998e-786d-42b1-b0ed-1d0664f297ba-SegmentedRaftLogWorker:Storage Directory /workdir/hadoop-ozone/integration-test/target/test-dir/MiniOzoneClusterImpl-8ab67caf-427a-4247-bc98-713520941bc9/datanode-2/data/ratis/dafb20c8-75cb-4db8-92cc-607ffd7198be: flushIndex: setUnconditionally 0 -> -1
2019-08-12 04:08:55,958 INFO  server.RaftServerConfigKeys (ConfUtils.java:logGet(43)) - raft.server.snapshot.auto.trigger.enabled = true (custom)
2019-08-12 04:08:55,959 INFO  server.RaftServerConfigKeys (ConfUtils.java:logGet(43)) - raft.server.snapshot.auto.trigger.threshold = 10000 (custom)
2019-08-12 04:08:55,959 INFO  server.RaftServerConfigKeys (ConfUtils.java:logGet(43)) - raft.server.retrycache.expirytime = 600000ms (custom)
2019-08-12 04:08:55,959 INFO  impl.RaftServerImpl (RaftServerImpl.java:start(180)) - feed998e-786d-42b1-b0ed-1d0664f297ba: start group-607FFD7198BE
2019-08-12 04:08:55,959 INFO  impl.RaftServerImpl (RaftServerImpl.java:setRole(171)) - feed998e-786d-42b1-b0ed-1d0664f297ba:group-607FFD7198BE changes role from null to FOLLOWER at term 0 for startAsFollower
2019-08-12 04:08:55,959 INFO  impl.RoleInfo (RoleInfo.java:updateAndGet(143)) - feed998e-786d-42b1-b0ed-1d0664f297ba: start FollowerState
2019-08-12 04:08:55,960 INFO  util.JmxRegister (JmxRegister.java:tryRegister(44)) - Successfully registered JMX Bean with object name Ratis:service=RaftServer,group=group-607FFD7198BE,id=feed998e-786d-42b1-b0ed-1d0664f297ba
2019-08-12 04:08:55,962 INFO  pipeline.PipelineStateManager (PipelineStateManager.java:addPipeline(56)) - Created pipeline Pipeline[ Id: dafb20c8-75cb-4db8-92cc-607ffd7198be, Nodes: feed998e-786d-42b1-b0ed-1d0664f297ba{ip: 192.168.157.230, host: byscane-nightly-pnj9f-4033720222, networkLocation: /default-rack, certSerialId: null}, Type:RATIS, Factor:ONE, State:OPEN]
2019-08-12 04:08:55,974 INFO  impl.RaftServerProxy (RaftServerProxy.java:addNew(89)) - 2b0b4dad-071d-4827-b470-0b27b510987a: addNew group-C3CE133A16C2:[feed998e-786d-42b1-b0ed-1d0664f297ba:192.168.157.230:37891, 47758c02-75a0-4e19-bf34-38cb8350cc70:192.168.157.230:35911, 2b0b4dad-071d-4827-b470-0b27b510987a:192.168.157.230:40875] returns group-C3CE133A16C2:java.util.concurrent.CompletableFuture@26c855f3[Not completed]
2019-08-12 04:08:55,974 INFO  impl.RaftServerProxy (RaftServerProxy.java:addNew(89)) - feed998e-786d-42b1-b0ed-1d0664f297ba: addNew group-C3CE133A16C2:[feed998e-786d-42b1-b0ed-1d0664f297ba:192.168.157.230:37891, 47758c02-75a0-4e19-bf34-38cb8350cc70:192.168.157.230:35911, 2b0b4dad-071d-4827-b470-0b27b510987a:192.168.157.230:40875] returns group-C3CE133A16C2:java.util.concurrent.CompletableFuture@6a7dcea2[Not completed]
2019-08-12 04:08:55,974 INFO  impl.RaftServerProxy (RaftServerProxy.java:addNew(89)) - 47758c02-75a0-4e19-bf34-38cb8350cc70: addNew group-C3CE133A16C2:[feed998e-786d-42b1-b0ed-1d0664f297ba:192.168.157.230:37891, 47758c02-75a0-4e19-bf34-38cb8350cc70:192.168.157.230:35911, 2b0b4dad-071d-4827-b470-0b27b510987a:192.168.157.230:40875] returns group-C3CE133A16C2:java.util.concurrent.CompletableFuture@281c7b98[Not completed]
2019-08-12 04:08:55,975 INFO  impl.RaftServerImpl (RaftServerImpl.java:<init>(93)) - 47758c02-75a0-4e19-bf34-38cb8350cc70: new RaftServerImpl for group-C3CE133A16C2:[feed998e-786d-42b1-b0ed-1d0664f297ba:192.168.157.230:37891, 47758c02-75a0-4e19-bf34-38cb8350cc70:192.168.157.230:35911, 2b0b4dad-071d-4827-b470-0b27b510987a:192.168.157.230:40875] with ContainerStateMachine:uninitialized
2019-08-12 04:08:55,975 INFO  server.RaftServerConfigKeys (ConfUtils.java:logGet(43)) - raft.server.rpc.timeout.min = 5s (custom)
2019-08-12 04:08:55,975 INFO  server.RaftServerConfigKeys (ConfUtils.java:logGet(43)) - raft.server.rpc.timeout.max = 5200ms (custom)
2019-08-12 04:08:55,975 INFO  server.RaftServerConfigKeys (ConfUtils.java:logGet(43)) - raft.server.rpcslowness.timeout = 120s (custom)
2019-08-12 04:08:55,975 INFO  server.RaftServerConfigKeys (ConfUtils.java:logGet(43)) - raft.server.sleep.deviation.threshold = 300 (default)
2019-08-12 04:08:55,975 INFO  impl.RaftServerImpl (RaftServerImpl.java:<init>(93)) - feed998e-786d-42b1-b0ed-1d0664f297ba: new RaftServerImpl for group-C3CE133A16C2:[feed998e-786d-42b1-b0ed-1d0664f297ba:192.168.157.230:37891, 47758c02-75a0-4e19-bf34-38cb8350cc70:192.168.157.230:35911, 2b0b4dad-071d-4827-b470-0b27b510987a:192.168.157.230:40875] with ContainerStateMachine:uninitialized
2019-08-12 04:08:55,975 INFO  server.RaftServerConfigKeys (ConfUtils.java:logGet(43)) - raft.server.log.appender.install.snapshot.enabled = false (custom)
2019-08-12 04:08:55,975 INFO  server.RaftServerConfigKeys (ConfUtils.java:logGet(43)) - raft.server.rpc.timeout.min = 5s (custom)
2019-08-12 04:08:55,976 INFO  impl.RaftServerImpl (ServerState.java:<init>(105)) - 47758c02-75a0-4e19-bf34-38cb8350cc70:group-C3CE133A16C2 ConfigurationManager, init=-1: [feed998e-786d-42b1-b0ed-1d0664f297ba:192.168.157.230:37891, 47758c02-75a0-4e19-bf34-38cb8350cc70:192.168.157.230:35911, 2b0b4dad-071d-4827-b470-0b27b510987a:192.168.157.230:40875], old=null, confs=<EMPTY_MAP>
2019-08-12 04:08:55,976 INFO  server.RaftServerConfigKeys (ConfUtils.java:logGet(43)) - raft.server.rpc.timeout.max = 5200ms (custom)
2019-08-12 04:08:55,976 INFO  server.RaftServerConfigKeys (ConfUtils.java:logGet(43)) - raft.server.storage.dir = [/workdir/hadoop-ozone/integration-test/target/test-dir/MiniOzoneClusterImpl-8ab67caf-427a-4247-bc98-713520941bc9/datanode-0/data/ratis] (custom)
2019-08-12 04:08:55,976 INFO  impl.RaftServerImpl (RaftServerImpl.java:<init>(93)) - 2b0b4dad-071d-4827-b470-0b27b510987a: new RaftServerImpl for group-C3CE133A16C2:[feed998e-786d-42b1-b0ed-1d0664f297ba:192.168.157.230:37891, 47758c02-75a0-4e19-bf34-38cb8350cc70:192.168.157.230:35911, 2b0b4dad-071d-4827-b470-0b27b510987a:192.168.157.230:40875] with ContainerStateMachine:uninitialized
2019-08-12 04:08:55,976 INFO  server.RaftServerConfigKeys (ConfUtils.java:logGet(43)) - raft.server.rpcslowness.timeout = 120s (custom)
2019-08-12 04:08:55,976 INFO  server.RaftServerConfigKeys (ConfUtils.java:logGet(43)) - raft.server.rpc.timeout.min = 5s (custom)
2019-08-12 04:08:55,976 INFO  server.RaftServerConfigKeys (ConfUtils.java:logGet(43)) - raft.server.sleep.deviation.threshold = 300 (default)
2019-08-12 04:08:55,976 INFO  storage.RaftStorageDirectory (RaftStorageDirectory.java:analyzeStorage(246)) - The storage directory /workdir/hadoop-ozone/integration-test/target/test-dir/MiniOzoneClusterImpl-8ab67caf-427a-4247-bc98-713520941bc9/datanode-0/data/ratis/79173478-a9a6-40a5-9739-c3ce133a16c2 does not exist. Creating ...
2019-08-12 04:08:55,976 INFO  server.RaftServerConfigKeys (ConfUtils.java:logGet(43)) - raft.server.log.appender.install.snapshot.enabled = false (custom)
2019-08-12 04:08:55,976 INFO  server.RaftServerConfigKeys (ConfUtils.java:logGet(43)) - raft.server.rpc.timeout.max = 5200ms (custom)
2019-08-12 04:08:55,977 INFO  impl.RaftServerImpl (ServerState.java:<init>(105)) - feed998e-786d-42b1-b0ed-1d0664f297ba:group-C3CE133A16C2 ConfigurationManager, init=-1: [feed998e-786d-42b1-b0ed-1d0664f297ba:192.168.157.230:37891, 47758c02-75a0-4e19-bf34-38cb8350cc70:192.168.157.230:35911, 2b0b4dad-071d-4827-b470-0b27b510987a:192.168.157.230:40875], old=null, confs=<EMPTY_MAP>
2019-08-12 04:08:55,977 INFO  server.RaftServerConfigKeys (ConfUtils.java:logGet(43)) - raft.server.rpcslowness.timeout = 120s (custom)
2019-08-12 04:08:55,977 INFO  server.RaftServerConfigKeys (ConfUtils.java:logGet(43)) - raft.server.storage.dir = [/workdir/hadoop-ozone/integration-test/target/test-dir/MiniOzoneClusterImpl-8ab67caf-427a-4247-bc98-713520941bc9/datanode-2/data/ratis] (custom)
2019-08-12 04:08:55,977 INFO  server.RaftServerConfigKeys (ConfUtils.java:logGet(43)) - raft.server.sleep.deviation.threshold = 300 (default)
2019-08-12 04:08:55,977 INFO  server.RaftServerConfigKeys (ConfUtils.java:logGet(43)) - raft.server.log.appender.install.snapshot.enabled = false (custom)
2019-08-12 04:08:55,977 INFO  impl.RaftServerImpl (ServerState.java:<init>(105)) - 2b0b4dad-071d-4827-b470-0b27b510987a:group-C3CE133A16C2 ConfigurationManager, init=-1: [feed998e-786d-42b1-b0ed-1d0664f297ba:192.168.157.230:37891, 47758c02-75a0-4e19-bf34-38cb8350cc70:192.168.157.230:35911, 2b0b4dad-071d-4827-b470-0b27b510987a:192.168.157.230:40875], old=null, confs=<EMPTY_MAP>
2019-08-12 04:08:55,977 INFO  storage.RaftStorageDirectory (RaftStorageDirectory.java:analyzeStorage(246)) - The storage directory /workdir/hadoop-ozone/integration-test/target/test-dir/MiniOzoneClusterImpl-8ab67caf-427a-4247-bc98-713520941bc9/datanode-2/data/ratis/79173478-a9a6-40a5-9739-c3ce133a16c2 does not exist. Creating ...
2019-08-12 04:08:55,977 INFO  server.RaftServerConfigKeys (ConfUtils.java:logGet(43)) - raft.server.storage.dir = [/workdir/hadoop-ozone/integration-test/target/test-dir/MiniOzoneClusterImpl-8ab67caf-427a-4247-bc98-713520941bc9/datanode-1/data/ratis] (custom)
2019-08-12 04:08:55,978 INFO  storage.RaftStorageDirectory (RaftStorageDirectory.java:analyzeStorage(246)) - The storage directory /workdir/hadoop-ozone/integration-test/target/test-dir/MiniOzoneClusterImpl-8ab67caf-427a-4247-bc98-713520941bc9/datanode-1/data/ratis/79173478-a9a6-40a5-9739-c3ce133a16c2 does not exist. Creating ...
2019-08-12 04:08:55,990 INFO  storage.RaftStorageDirectory (RaftStorageDirectory.java:tryLock(328)) - Lock on /workdir/hadoop-ozone/integration-test/target/test-dir/MiniOzoneClusterImpl-8ab67caf-427a-4247-bc98-713520941bc9/datanode-1/data/ratis/79173478-a9a6-40a5-9739-c3ce133a16c2/in_use.lock acquired by nodename 21416@byscane-nightly-pnj9f-4033720222
2019-08-12 04:08:55,990 INFO  storage.RaftStorageDirectory (RaftStorageDirectory.java:tryLock(328)) - Lock on /workdir/hadoop-ozone/integration-test/target/test-dir/MiniOzoneClusterImpl-8ab67caf-427a-4247-bc98-713520941bc9/datanode-2/data/ratis/79173478-a9a6-40a5-9739-c3ce133a16c2/in_use.lock acquired by nodename 21416@byscane-nightly-pnj9f-4033720222
2019-08-12 04:08:55,990 INFO  storage.RaftStorageDirectory (RaftStorageDirectory.java:tryLock(328)) - Lock on /workdir/hadoop-ozone/integration-test/target/test-dir/MiniOzoneClusterImpl-8ab67caf-427a-4247-bc98-713520941bc9/datanode-0/data/ratis/79173478-a9a6-40a5-9739-c3ce133a16c2/in_use.lock acquired by nodename 21416@byscane-nightly-pnj9f-4033720222
2019-08-12 04:08:56,004 INFO  storage.RaftStorage (RaftStorage.java:format(72)) - Storage directory /workdir/hadoop-ozone/integration-test/target/test-dir/MiniOzoneClusterImpl-8ab67caf-427a-4247-bc98-713520941bc9/datanode-1/data/ratis/79173478-a9a6-40a5-9739-c3ce133a16c2 has been successfully formatted.
2019-08-12 04:08:56,004 INFO  storage.RaftStorage (RaftStorage.java:format(72)) - Storage directory /workdir/hadoop-ozone/integration-test/target/test-dir/MiniOzoneClusterImpl-8ab67caf-427a-4247-bc98-713520941bc9/datanode-0/data/ratis/79173478-a9a6-40a5-9739-c3ce133a16c2 has been successfully formatted.
2019-08-12 04:08:56,004 INFO  storage.RaftStorage (RaftStorage.java:format(72)) - Storage directory /workdir/hadoop-ozone/integration-test/target/test-dir/MiniOzoneClusterImpl-8ab67caf-427a-4247-bc98-713520941bc9/datanode-2/data/ratis/79173478-a9a6-40a5-9739-c3ce133a16c2 has been successfully formatted.
2019-08-12 04:08:56,005 INFO  ratis.ContainerStateMachine (ContainerStateMachine.java:loadSnapshot(213)) - group-C3CE133A16C2: The snapshot info is null. Setting the last applied indexto:(t:0, i:~)
2019-08-12 04:08:56,005 INFO  ratis.ContainerStateMachine (ContainerStateMachine.java:loadSnapshot(213)) - group-C3CE133A16C2: The snapshot info is null. Setting the last applied indexto:(t:0, i:~)
2019-08-12 04:08:56,005 INFO  ratis.ContainerStateMachine (ContainerStateMachine.java:loadSnapshot(213)) - group-C3CE133A16C2: The snapshot info is null. Setting the last applied indexto:(t:0, i:~)
2019-08-12 04:08:56,005 INFO  server.RaftServerConfigKeys (ConfUtils.java:logGet(43)) - raft.server.leader.election.timeout = 120s (custom)
2019-08-12 04:08:56,005 INFO  server.RaftServerConfigKeys (ConfUtils.java:logGet(43)) - raft.server.leader.election.timeout = 120s (custom)
2019-08-12 04:08:56,005 INFO  server.RaftServerConfigKeys (ConfUtils.java:logGet(43)) - raft.server.leader.election.timeout = 120s (custom)
2019-08-12 04:08:56,006 INFO  server.RaftServerConfigKeys (ConfUtils.java:logGet(43)) - raft.server.log.use.memory = false (default)
2019-08-12 04:08:56,006 INFO  server.RaftServerConfigKeys (ConfUtils.java:logGet(43)) - raft.server.log.use.memory = false (default)
2019-08-12 04:08:56,006 INFO  server.RaftServerConfigKeys (ConfUtils.java:logGet(43)) - raft.server.log.purge.gap = 1000000000 (custom)
2019-08-12 04:08:56,006 INFO  server.RaftServerConfigKeys (ConfUtils.java:logGet(43)) - raft.server.log.use.memory = false (default)
2019-08-12 04:08:56,006 INFO  server.RaftServerConfigKeys (ConfUtils.java:logGet(43)) - raft.server.log.appender.buffer.byte-limit = 33554432 (custom)
2019-08-12 04:08:56,006 INFO  server.RaftServerConfigKeys (ConfUtils.java:logGet(43)) - raft.server.log.purge.gap = 1000000000 (custom)
2019-08-12 04:08:56,006 INFO  server.RaftServerConfigKeys (ConfUtils.java:logGet(43)) - raft.server.log.segment.size.max = 1048576 (custom)
2019-08-12 04:08:56,006 INFO  server.RaftServerConfigKeys (ConfUtils.java:logGet(43)) - raft.server.log.purge.gap = 1000000000 (custom)
2019-08-12 04:08:56,007 INFO  server.RaftServerConfigKeys (ConfUtils.java:logGet(43)) - raft.server.log.segment.cache.num.max = 2 (custom)
2019-08-12 04:08:56,007 INFO  server.RaftServerConfigKeys (ConfUtils.java:logGet(43)) - raft.server.log.appender.buffer.byte-limit = 33554432 (custom)
2019-08-12 04:08:56,007 INFO  segmented.SegmentedRaftLogWorker (SegmentedRaftLogWorker.java:<init>(172)) - new feed998e-786d-42b1-b0ed-1d0664f297ba-SegmentedRaftLogWorker:Storage Directory /workdir/hadoop-ozone/integration-test/target/test-dir/MiniOzoneClusterImpl-8ab67caf-427a-4247-bc98-713520941bc9/datanode-2/data/ratis/79173478-a9a6-40a5-9739-c3ce133a16c2 for RaftStorage:Storage Directory /workdir/hadoop-ozone/integration-test/target/test-dir/MiniOzoneClusterImpl-8ab67caf-427a-4247-bc98-713520941bc9/datanode-2/data/ratis/79173478-a9a6-40a5-9739-c3ce133a16c2
2019-08-12 04:08:56,007 INFO  server.RaftServerConfigKeys (ConfUtils.java:logGet(43)) - raft.server.log.appender.buffer.byte-limit = 33554432 (custom)
2019-08-12 04:08:56,007 INFO  server.RaftServerConfigKeys (ConfUtils.java:logGet(43)) - raft.server.log.queue.byte-limit = 2147483647 (custom)
2019-08-12 04:08:56,007 INFO  server.RaftServerConfigKeys (ConfUtils.java:logGet(43)) - raft.server.log.segment.size.max = 1048576 (custom)
2019-08-12 04:08:56,007 INFO  server.RaftServerConfigKeys (ConfUtils.java:logGet(43)) - raft.server.log.queue.element-limit = 1024 (custom)
2019-08-12 04:08:56,007 INFO  server.RaftServerConfigKeys (ConfUtils.java:logGet(43)) - raft.server.log.segment.size.max = 1048576 (custom)
2019-08-12 04:08:56,008 INFO  server.RaftServerConfigKeys (ConfUtils.java:logGet(43)) - raft.server.log.segment.size.max = 1048576 (custom)
2019-08-12 04:08:56,008 INFO  server.RaftServerConfigKeys (ConfUtils.java:logGet(43)) - raft.server.log.segment.cache.num.max = 2 (custom)
2019-08-12 04:08:56,008 INFO  server.RaftServerConfigKeys (ConfUtils.java:logGet(43)) - raft.server.log.preallocated.size = 16384 (custom)
2019-08-12 04:08:56,009 INFO  segmented.SegmentedRaftLogWorker (SegmentedRaftLogWorker.java:<init>(172)) - new 47758c02-75a0-4e19-bf34-38cb8350cc70-SegmentedRaftLogWorker:Storage Directory /workdir/hadoop-ozone/integration-test/target/test-dir/MiniOzoneClusterImpl-8ab67caf-427a-4247-bc98-713520941bc9/datanode-0/data/ratis/79173478-a9a6-40a5-9739-c3ce133a16c2 for RaftStorage:Storage Directory /workdir/hadoop-ozone/integration-test/target/test-dir/MiniOzoneClusterImpl-8ab67caf-427a-4247-bc98-713520941bc9/datanode-0/data/ratis/79173478-a9a6-40a5-9739-c3ce133a16c2
2019-08-12 04:08:56,008 INFO  server.RaftServerConfigKeys (ConfUtils.java:logGet(43)) - raft.server.log.segment.cache.num.max = 2 (custom)
2019-08-12 04:08:56,009 INFO  server.RaftServerConfigKeys (ConfUtils.java:logGet(43)) - raft.server.log.queue.byte-limit = 2147483647 (custom)
2019-08-12 04:08:56,009 INFO  server.RaftServerConfigKeys (ConfUtils.java:logGet(43)) - raft.server.log.write.buffer.size = 33554432 (custom)
2019-08-12 04:08:56,009 INFO  server.RaftServerConfigKeys (ConfUtils.java:logGet(43)) - raft.server.log.queue.element-limit = 1024 (custom)
2019-08-12 04:08:56,009 INFO  segmented.SegmentedRaftLogWorker (SegmentedRaftLogWorker.java:<init>(172)) - new 2b0b4dad-071d-4827-b470-0b27b510987a-SegmentedRaftLogWorker:Storage Directory /workdir/hadoop-ozone/integration-test/target/test-dir/MiniOzoneClusterImpl-8ab67caf-427a-4247-bc98-713520941bc9/datanode-1/data/ratis/79173478-a9a6-40a5-9739-c3ce133a16c2 for RaftStorage:Storage Directory /workdir/hadoop-ozone/integration-test/target/test-dir/MiniOzoneClusterImpl-8ab67caf-427a-4247-bc98-713520941bc9/datanode-1/data/ratis/79173478-a9a6-40a5-9739-c3ce133a16c2
2019-08-12 04:08:56,010 INFO  server.RaftServerConfigKeys (ConfUtils.java:logGet(43)) - raft.server.log.segment.size.max = 1048576 (custom)
2019-08-12 04:08:56,009 INFO  server.RaftServerConfigKeys (ConfUtils.java:logGet(43)) - raft.server.log.force.sync.num = 128 (default)
2019-08-12 04:08:56,010 INFO  server.RaftServerConfigKeys (ConfUtils.java:logGet(43)) - raft.server.log.preallocated.size = 16384 (custom)
2019-08-12 04:08:56,010 INFO  server.RaftServerConfigKeys (ConfUtils.java:logGet(43)) - raft.server.log.queue.byte-limit = 2147483647 (custom)
2019-08-12 04:08:56,010 INFO  server.RaftServerConfigKeys (ConfUtils.java:logGet(43)) - raft.server.log.write.buffer.size = 33554432 (custom)
2019-08-12 04:08:56,010 INFO  server.RaftServerConfigKeys (ConfUtils.java:logGet(43)) - raft.server.log.statemachine.data.sync = true (default)
2019-08-12 04:08:56,011 INFO  server.RaftServerConfigKeys (ConfUtils.java:logGet(43)) - raft.server.log.force.sync.num = 128 (default)
2019-08-12 04:08:56,011 INFO  server.RaftServerConfigKeys (ConfUtils.java:logGet(43)) - raft.server.log.queue.element-limit = 1024 (custom)
2019-08-12 04:08:56,011 INFO  server.RaftServerConfigKeys (ConfUtils.java:logGet(43)) - raft.server.log.statemachine.data.sync = true (default)
2019-08-12 04:08:56,011 INFO  server.RaftServerConfigKeys (ConfUtils.java:logGet(43)) - raft.server.log.statemachine.data.sync.timeout = 10s (default)
2019-08-12 04:08:56,011 INFO  server.RaftServerConfigKeys (ConfUtils.java:logGet(43)) - raft.server.log.statemachine.data.sync.timeout = 10s (default)
2019-08-12 04:08:56,011 INFO  server.RaftServerConfigKeys (ConfUtils.java:logGet(43)) - raft.server.log.segment.size.max = 1048576 (custom)
2019-08-12 04:08:56,011 INFO  server.RaftServerConfigKeys (ConfUtils.java:logGet(43)) - raft.server.log.statemachine.data.sync.timeout.retry = -1 (default)
2019-08-12 04:08:56,011 INFO  server.RaftServerConfigKeys (ConfUtils.java:logGet(43)) - raft.server.log.statemachine.data.sync.timeout.retry = -1 (default)
2019-08-12 04:08:56,011 INFO  server.RaftServerConfigKeys (ConfUtils.java:logGet(43)) - raft.server.log.preallocated.size = 16384 (custom)
2019-08-12 04:08:56,012 INFO  server.RaftServerConfigKeys (ConfUtils.java:logGet(43)) - raft.server.log.statemachine.data.caching.enabled = true (custom)
2019-08-12 04:08:56,012 INFO  server.RaftServerConfigKeys (ConfUtils.java:logGet(43)) - raft.server.log.statemachine.data.caching.enabled = true (custom)
2019-08-12 04:08:56,012 INFO  server.RaftServerConfigKeys (ConfUtils.java:logGet(43)) - raft.server.log.write.buffer.size = 33554432 (custom)
2019-08-12 04:08:56,012 INFO  server.RaftServerConfigKeys (ConfUtils.java:logGet(43)) - raft.server.log.force.sync.num = 128 (default)
2019-08-12 04:08:56,012 INFO  server.RaftServerConfigKeys (ConfUtils.java:logGet(43)) - raft.server.log.statemachine.data.sync = true (default)
2019-08-12 04:08:56,012 INFO  server.RaftServerConfigKeys (ConfUtils.java:logGet(43)) - raft.server.log.statemachine.data.sync.timeout = 10s (default)
2019-08-12 04:08:56,013 INFO  server.RaftServerConfigKeys (ConfUtils.java:logGet(43)) - raft.server.log.statemachine.data.sync.timeout.retry = -1 (default)
2019-08-12 04:08:56,013 INFO  segmented.SegmentedRaftLogWorker (SegmentedRaftLogWorker.java:lambda$new$0(132)) - feed998e-786d-42b1-b0ed-1d0664f297ba-SegmentedRaftLogWorker:Storage Directory /workdir/hadoop-ozone/integration-test/target/test-dir/MiniOzoneClusterImpl-8ab67caf-427a-4247-bc98-713520941bc9/datanode-2/data/ratis/79173478-a9a6-40a5-9739-c3ce133a16c2: flushIndex: setUnconditionally 0 -> -1
2019-08-12 04:08:56,013 INFO  segmented.SegmentedRaftLogWorker (SegmentedRaftLogWorker.java:lambda$new$0(132)) - 47758c02-75a0-4e19-bf34-38cb8350cc70-SegmentedRaftLogWorker:Storage Directory /workdir/hadoop-ozone/integration-test/target/test-dir/MiniOzoneClusterImpl-8ab67caf-427a-4247-bc98-713520941bc9/datanode-0/data/ratis/79173478-a9a6-40a5-9739-c3ce133a16c2: flushIndex: setUnconditionally 0 -> -1
2019-08-12 04:08:56,013 INFO  server.RaftServerConfigKeys (ConfUtils.java:logGet(43)) - raft.server.log.statemachine.data.caching.enabled = true (custom)
2019-08-12 04:08:56,013 INFO  server.RaftServerConfigKeys (ConfUtils.java:logGet(43)) - raft.server.snapshot.auto.trigger.enabled = true (custom)
2019-08-12 04:08:56,013 INFO  segmented.SegmentedRaftLogWorker (SegmentedRaftLogWorker.java:lambda$new$0(132)) - 2b0b4dad-071d-4827-b470-0b27b510987a-SegmentedRaftLogWorker:Storage Directory /workdir/hadoop-ozone/integration-test/target/test-dir/MiniOzoneClusterImpl-8ab67caf-427a-4247-bc98-713520941bc9/datanode-1/data/ratis/79173478-a9a6-40a5-9739-c3ce133a16c2: flushIndex: setUnconditionally 0 -> -1
2019-08-12 04:08:56,013 INFO  server.RaftServerConfigKeys (ConfUtils.java:logGet(43)) - raft.server.snapshot.auto.trigger.threshold = 10000 (custom)
2019-08-12 04:08:56,013 INFO  server.RaftServerConfigKeys (ConfUtils.java:logGet(43)) - raft.server.snapshot.auto.trigger.enabled = true (custom)
2019-08-12 04:08:56,013 INFO  server.RaftServerConfigKeys (ConfUtils.java:logGet(43)) - raft.server.retrycache.expirytime = 600000ms (custom)
2019-08-12 04:08:56,013 INFO  server.RaftServerConfigKeys (ConfUtils.java:logGet(43)) - raft.server.snapshot.auto.trigger.enabled = true (custom)
2019-08-12 04:08:56,014 INFO  server.RaftServerConfigKeys (ConfUtils.java:logGet(43)) - raft.server.snapshot.auto.trigger.threshold = 10000 (custom)
2019-08-12 04:08:56,014 INFO  server.RaftServerConfigKeys (ConfUtils.java:logGet(43)) - raft.server.snapshot.auto.trigger.threshold = 10000 (custom)
2019-08-12 04:08:56,014 INFO  server.RaftServerConfigKeys (ConfUtils.java:logGet(43)) - raft.server.retrycache.expirytime = 600000ms (custom)
2019-08-12 04:08:56,014 INFO  impl.RaftServerImpl (RaftServerImpl.java:start(180)) - feed998e-786d-42b1-b0ed-1d0664f297ba: start group-C3CE133A16C2
2019-08-12 04:08:56,014 INFO  impl.RaftServerImpl (RaftServerImpl.java:start(180)) - 47758c02-75a0-4e19-bf34-38cb8350cc70: start group-C3CE133A16C2
2019-08-12 04:08:56,014 INFO  server.RaftServerConfigKeys (ConfUtils.java:logGet(43)) - raft.server.retrycache.expirytime = 600000ms (custom)
2019-08-12 04:08:56,014 INFO  impl.RaftServerImpl (RaftServerImpl.java:setRole(171)) - 47758c02-75a0-4e19-bf34-38cb8350cc70:group-C3CE133A16C2 changes role from null to FOLLOWER at term 0 for startAsFollower
2019-08-12 04:08:56,014 INFO  impl.RaftServerImpl (RaftServerImpl.java:setRole(171)) - feed998e-786d-42b1-b0ed-1d0664f297ba:group-C3CE133A16C2 changes role from null to FOLLOWER at term 0 for startAsFollower
2019-08-12 04:08:56,014 INFO  impl.RoleInfo (RoleInfo.java:updateAndGet(143)) - 47758c02-75a0-4e19-bf34-38cb8350cc70: start FollowerState
2019-08-12 04:08:56,014 INFO  impl.RaftServerImpl (RaftServerImpl.java:start(180)) - 2b0b4dad-071d-4827-b470-0b27b510987a: start group-C3CE133A16C2
2019-08-12 04:08:56,014 INFO  impl.RoleInfo (RoleInfo.java:updateAndGet(143)) - feed998e-786d-42b1-b0ed-1d0664f297ba: start FollowerState
2019-08-12 04:08:56,015 INFO  impl.RaftServerImpl (RaftServerImpl.java:setRole(171)) - 2b0b4dad-071d-4827-b470-0b27b510987a:group-C3CE133A16C2 changes role from null to FOLLOWER at term 0 for startAsFollower
2019-08-12 04:08:56,015 INFO  impl.RoleInfo (RoleInfo.java:updateAndGet(143)) - 2b0b4dad-071d-4827-b470-0b27b510987a: start FollowerState
2019-08-12 04:08:56,032 INFO  util.JmxRegister (JmxRegister.java:tryRegister(44)) - Successfully registered JMX Bean with object name Ratis:service=RaftServer,group=group-C3CE133A16C2,id=47758c02-75a0-4e19-bf34-38cb8350cc70
2019-08-12 04:08:56,032 INFO  util.JmxRegister (JmxRegister.java:tryRegister(44)) - Successfully registered JMX Bean with object name Ratis:service=RaftServer,group=group-C3CE133A16C2,id=2b0b4dad-071d-4827-b470-0b27b510987a
2019-08-12 04:08:56,032 INFO  util.JmxRegister (JmxRegister.java:tryRegister(44)) - Successfully registered JMX Bean with object name Ratis:service=RaftServer,group=group-C3CE133A16C2,id=feed998e-786d-42b1-b0ed-1d0664f297ba
2019-08-12 04:08:56,042 INFO  pipeline.PipelineStateManager (PipelineStateManager.java:addPipeline(56)) - Created pipeline Pipeline[ Id: 79173478-a9a6-40a5-9739-c3ce133a16c2, Nodes: 47758c02-75a0-4e19-bf34-38cb8350cc70{ip: 192.168.157.230, host: byscane-nightly-pnj9f-4033720222, networkLocation: /default-rack, certSerialId: null}2b0b4dad-071d-4827-b470-0b27b510987a{ip: 192.168.157.230, host: byscane-nightly-pnj9f-4033720222, networkLocation: /default-rack, certSerialId: null}feed998e-786d-42b1-b0ed-1d0664f297ba{ip: 192.168.157.230, host: byscane-nightly-pnj9f-4033720222, networkLocation: /default-rack, certSerialId: null}, Type:RATIS, Factor:THREE, State:OPEN]
2019-08-12 04:08:56,075 INFO  net.NetworkTopology (NetworkTopologyImpl.java:add(110)) - Added a new node: /default-rack/5f43b17a-624c-455b-ac70-d237e935916e
2019-08-12 04:08:56,075 INFO  node.SCMNodeManager (SCMNodeManager.java:register(273)) - Registered Data node : 5f43b17a-624c-455b-ac70-d237e935916e{ip: 192.168.157.230, host: byscane-nightly-pnj9f-4033720222, networkLocation: /default-rack, certSerialId: null}
2019-08-12 04:08:56,083 INFO  impl.RaftServerProxy (RaftServerProxy.java:addNew(89)) - 5f43b17a-624c-455b-ac70-d237e935916e: addNew group-F3389391A199:[5f43b17a-624c-455b-ac70-d237e935916e:192.168.157.230:35747] returns group-F3389391A199:java.util.concurrent.CompletableFuture@72d4d3af[Not completed]
2019-08-12 04:08:56,084 INFO  impl.RaftServerImpl (RaftServerImpl.java:<init>(93)) - 5f43b17a-624c-455b-ac70-d237e935916e: new RaftServerImpl for group-F3389391A199:[5f43b17a-624c-455b-ac70-d237e935916e:192.168.157.230:35747] with ContainerStateMachine:uninitialized
2019-08-12 04:08:56,085 INFO  server.RaftServerConfigKeys (ConfUtils.java:logGet(43)) - raft.server.rpc.timeout.min = 5s (custom)
2019-08-12 04:08:56,085 INFO  server.RaftServerConfigKeys (ConfUtils.java:logGet(43)) - raft.server.rpc.timeout.max = 5200ms (custom)
2019-08-12 04:08:56,085 INFO  server.RaftServerConfigKeys (ConfUtils.java:logGet(43)) - raft.server.rpcslowness.timeout = 120s (custom)
2019-08-12 04:08:56,085 INFO  server.RaftServerConfigKeys (ConfUtils.java:logGet(43)) - raft.server.sleep.deviation.threshold = 300 (default)
2019-08-12 04:08:56,085 INFO  server.RaftServerConfigKeys (ConfUtils.java:logGet(43)) - raft.server.log.appender.install.snapshot.enabled = false (custom)
2019-08-12 04:08:56,085 INFO  impl.RaftServerImpl (ServerState.java:<init>(105)) - 5f43b17a-624c-455b-ac70-d237e935916e:group-F3389391A199 ConfigurationManager, init=-1: [5f43b17a-624c-455b-ac70-d237e935916e:192.168.157.230:35747], old=null, confs=<EMPTY_MAP>
2019-08-12 04:08:56,085 INFO  server.RaftServerConfigKeys (ConfUtils.java:logGet(43)) - raft.server.storage.dir = [/workdir/hadoop-ozone/integration-test/target/test-dir/MiniOzoneClusterImpl-8ab67caf-427a-4247-bc98-713520941bc9/datanode-3/data/ratis] (custom)
2019-08-12 04:08:56,086 INFO  storage.RaftStorageDirectory (RaftStorageDirectory.java:analyzeStorage(246)) - The storage directory /workdir/hadoop-ozone/integration-test/target/test-dir/MiniOzoneClusterImpl-8ab67caf-427a-4247-bc98-713520941bc9/datanode-3/data/ratis/3a71eb07-4820-4aa1-a53f-f3389391a199 does not exist. Creating ...
2019-08-12 04:08:56,100 INFO  storage.RaftStorageDirectory (RaftStorageDirectory.java:tryLock(328)) - Lock on /workdir/hadoop-ozone/integration-test/target/test-dir/MiniOzoneClusterImpl-8ab67caf-427a-4247-bc98-713520941bc9/datanode-3/data/ratis/3a71eb07-4820-4aa1-a53f-f3389391a199/in_use.lock acquired by nodename 21416@byscane-nightly-pnj9f-4033720222
2019-08-12 04:08:56,113 INFO  storage.RaftStorage (RaftStorage.java:format(72)) - Storage directory /workdir/hadoop-ozone/integration-test/target/test-dir/MiniOzoneClusterImpl-8ab67caf-427a-4247-bc98-713520941bc9/datanode-3/data/ratis/3a71eb07-4820-4aa1-a53f-f3389391a199 has been successfully formatted.
2019-08-12 04:08:56,113 INFO  ratis.ContainerStateMachine (ContainerStateMachine.java:loadSnapshot(213)) - group-F3389391A199: The snapshot info is null. Setting the last applied indexto:(t:0, i:~)
2019-08-12 04:08:56,114 INFO  server.RaftServerConfigKeys (ConfUtils.java:logGet(43)) - raft.server.leader.election.timeout = 120s (custom)
2019-08-12 04:08:56,114 INFO  server.RaftServerConfigKeys (ConfUtils.java:logGet(43)) - raft.server.log.use.memory = false (default)
2019-08-12 04:08:56,114 INFO  server.RaftServerConfigKeys (ConfUtils.java:logGet(43)) - raft.server.log.purge.gap = 1000000000 (custom)
2019-08-12 04:08:56,114 INFO  server.RaftServerConfigKeys (ConfUtils.java:logGet(43)) - raft.server.log.appender.buffer.byte-limit = 33554432 (custom)
2019-08-12 04:08:56,114 INFO  server.RaftServerConfigKeys (ConfUtils.java:logGet(43)) - raft.server.log.segment.size.max = 1048576 (custom)
2019-08-12 04:08:56,114 INFO  server.RaftServerConfigKeys (ConfUtils.java:logGet(43)) - raft.server.log.segment.cache.num.max = 2 (custom)
2019-08-12 04:08:56,114 INFO  segmented.SegmentedRaftLogWorker (SegmentedRaftLogWorker.java:<init>(172)) - new 5f43b17a-624c-455b-ac70-d237e935916e-SegmentedRaftLogWorker:Storage Directory /workdir/hadoop-ozone/integration-test/target/test-dir/MiniOzoneClusterImpl-8ab67caf-427a-4247-bc98-713520941bc9/datanode-3/data/ratis/3a71eb07-4820-4aa1-a53f-f3389391a199 for RaftStorage:Storage Directory /workdir/hadoop-ozone/integration-test/target/test-dir/MiniOzoneClusterImpl-8ab67caf-427a-4247-bc98-713520941bc9/datanode-3/data/ratis/3a71eb07-4820-4aa1-a53f-f3389391a199
2019-08-12 04:08:56,114 INFO  server.RaftServerConfigKeys (ConfUtils.java:logGet(43)) - raft.server.log.queue.byte-limit = 2147483647 (custom)
2019-08-12 04:08:56,115 INFO  server.RaftServerConfigKeys (ConfUtils.java:logGet(43)) - raft.server.log.queue.element-limit = 1024 (custom)
2019-08-12 04:08:56,115 INFO  server.RaftServerConfigKeys (ConfUtils.java:logGet(43)) - raft.server.log.segment.size.max = 1048576 (custom)
2019-08-12 04:08:56,115 INFO  server.RaftServerConfigKeys (ConfUtils.java:logGet(43)) - raft.server.log.preallocated.size = 16384 (custom)
2019-08-12 04:08:56,115 INFO  server.RaftServerConfigKeys (ConfUtils.java:logGet(43)) - raft.server.log.write.buffer.size = 33554432 (custom)
2019-08-12 04:08:56,115 INFO  server.RaftServerConfigKeys (ConfUtils.java:logGet(43)) - raft.server.log.force.sync.num = 128 (default)
2019-08-12 04:08:56,115 INFO  server.RaftServerConfigKeys (ConfUtils.java:logGet(43)) - raft.server.log.statemachine.data.sync = true (default)
2019-08-12 04:08:56,115 INFO  server.RaftServerConfigKeys (ConfUtils.java:logGet(43)) - raft.server.log.statemachine.data.sync.timeout = 10s (default)
2019-08-12 04:08:56,115 INFO  server.RaftServerConfigKeys (ConfUtils.java:logGet(43)) - raft.server.log.statemachine.data.sync.timeout.retry = -1 (default)
2019-08-12 04:08:56,116 INFO  server.RaftServerConfigKeys (ConfUtils.java:logGet(43)) - raft.server.log.statemachine.data.caching.enabled = true (custom)
2019-08-12 04:08:56,116 INFO  segmented.SegmentedRaftLogWorker (SegmentedRaftLogWorker.java:lambda$new$0(132)) - 5f43b17a-624c-455b-ac70-d237e935916e-SegmentedRaftLogWorker:Storage Directory /workdir/hadoop-ozone/integration-test/target/test-dir/MiniOzoneClusterImpl-8ab67caf-427a-4247-bc98-713520941bc9/datanode-3/data/ratis/3a71eb07-4820-4aa1-a53f-f3389391a199: flushIndex: setUnconditionally 0 -> -1
2019-08-12 04:08:56,116 INFO  server.RaftServerConfigKeys (ConfUtils.java:logGet(43)) - raft.server.snapshot.auto.trigger.enabled = true (custom)
2019-08-12 04:08:56,116 INFO  server.RaftServerConfigKeys (ConfUtils.java:logGet(43)) - raft.server.snapshot.auto.trigger.threshold = 10000 (custom)
2019-08-12 04:08:56,117 INFO  server.RaftServerConfigKeys (ConfUtils.java:logGet(43)) - raft.server.retrycache.expirytime = 600000ms (custom)
2019-08-12 04:08:56,117 INFO  impl.RaftServerImpl (RaftServerImpl.java:start(180)) - 5f43b17a-624c-455b-ac70-d237e935916e: start group-F3389391A199
2019-08-12 04:08:56,117 INFO  impl.RaftServerImpl (RaftServerImpl.java:setRole(171)) - 5f43b17a-624c-455b-ac70-d237e935916e:group-F3389391A199 changes role from null to FOLLOWER at term 0 for startAsFollower
2019-08-12 04:08:56,117 INFO  impl.RoleInfo (RoleInfo.java:updateAndGet(143)) - 5f43b17a-624c-455b-ac70-d237e935916e: start FollowerState
2019-08-12 04:08:56,117 INFO  util.JmxRegister (JmxRegister.java:tryRegister(44)) - Successfully registered JMX Bean with object name Ratis:service=RaftServer,group=group-F3389391A199,id=5f43b17a-624c-455b-ac70-d237e935916e
2019-08-12 04:08:56,119 INFO  pipeline.PipelineStateManager (PipelineStateManager.java:addPipeline(56)) - Created pipeline Pipeline[ Id: 3a71eb07-4820-4aa1-a53f-f3389391a199, Nodes: 5f43b17a-624c-455b-ac70-d237e935916e{ip: 192.168.157.230, host: byscane-nightly-pnj9f-4033720222, networkLocation: /default-rack, certSerialId: null}, Type:RATIS, Factor:ONE, State:OPEN]
2019-08-12 04:08:56,239 INFO  net.NetworkTopology (NetworkTopologyImpl.java:add(110)) - Added a new node: /default-rack/00b241ce-6529-4fc4-82dd-26815ed218ff
2019-08-12 04:08:56,240 INFO  node.SCMNodeManager (SCMNodeManager.java:register(273)) - Registered Data node : 00b241ce-6529-4fc4-82dd-26815ed218ff{ip: 192.168.157.230, host: byscane-nightly-pnj9f-4033720222, networkLocation: /default-rack, certSerialId: null}
2019-08-12 04:08:56,248 INFO  impl.RaftServerProxy (RaftServerProxy.java:addNew(89)) - 00b241ce-6529-4fc4-82dd-26815ed218ff: addNew group-A2472EC67E77:[00b241ce-6529-4fc4-82dd-26815ed218ff:192.168.157.230:39683] returns group-A2472EC67E77:java.util.concurrent.CompletableFuture@43a2fe50[Not completed]
2019-08-12 04:08:56,249 INFO  impl.RaftServerImpl (RaftServerImpl.java:<init>(93)) - 00b241ce-6529-4fc4-82dd-26815ed218ff: new RaftServerImpl for group-A2472EC67E77:[00b241ce-6529-4fc4-82dd-26815ed218ff:192.168.157.230:39683] with ContainerStateMachine:uninitialized
2019-08-12 04:08:56,249 INFO  server.RaftServerConfigKeys (ConfUtils.java:logGet(43)) - raft.server.rpc.timeout.min = 5s (custom)
2019-08-12 04:08:56,249 INFO  server.RaftServerConfigKeys (ConfUtils.java:logGet(43)) - raft.server.rpc.timeout.max = 5200ms (custom)
2019-08-12 04:08:56,249 INFO  server.RaftServerConfigKeys (ConfUtils.java:logGet(43)) - raft.server.rpcslowness.timeout = 120s (custom)
2019-08-12 04:08:56,249 INFO  server.RaftServerConfigKeys (ConfUtils.java:logGet(43)) - raft.server.sleep.deviation.threshold = 300 (default)
2019-08-12 04:08:56,249 INFO  server.RaftServerConfigKeys (ConfUtils.java:logGet(43)) - raft.server.log.appender.install.snapshot.enabled = false (custom)
2019-08-12 04:08:56,249 INFO  impl.RaftServerImpl (ServerState.java:<init>(105)) - 00b241ce-6529-4fc4-82dd-26815ed218ff:group-A2472EC67E77 ConfigurationManager, init=-1: [00b241ce-6529-4fc4-82dd-26815ed218ff:192.168.157.230:39683], old=null, confs=<EMPTY_MAP>
2019-08-12 04:08:56,250 INFO  server.RaftServerConfigKeys (ConfUtils.java:logGet(43)) - raft.server.storage.dir = [/workdir/hadoop-ozone/integration-test/target/test-dir/MiniOzoneClusterImpl-8ab67caf-427a-4247-bc98-713520941bc9/datanode-4/data/ratis] (custom)
2019-08-12 04:08:56,250 INFO  storage.RaftStorageDirectory (RaftStorageDirectory.java:analyzeStorage(246)) - The storage directory /workdir/hadoop-ozone/integration-test/target/test-dir/MiniOzoneClusterImpl-8ab67caf-427a-4247-bc98-713520941bc9/datanode-4/data/ratis/903635da-1005-4bdf-a493-a2472ec67e77 does not exist. Creating ...
2019-08-12 04:08:56,258 INFO  storage.RaftStorageDirectory (RaftStorageDirectory.java:tryLock(328)) - Lock on /workdir/hadoop-ozone/integration-test/target/test-dir/MiniOzoneClusterImpl-8ab67caf-427a-4247-bc98-713520941bc9/datanode-4/data/ratis/903635da-1005-4bdf-a493-a2472ec67e77/in_use.lock acquired by nodename 21416@byscane-nightly-pnj9f-4033720222
2019-08-12 04:08:56,271 INFO  storage.RaftStorage (RaftStorage.java:format(72)) - Storage directory /workdir/hadoop-ozone/integration-test/target/test-dir/MiniOzoneClusterImpl-8ab67caf-427a-4247-bc98-713520941bc9/datanode-4/data/ratis/903635da-1005-4bdf-a493-a2472ec67e77 has been successfully formatted.
2019-08-12 04:08:56,271 INFO  ratis.ContainerStateMachine (ContainerStateMachine.java:loadSnapshot(213)) - group-A2472EC67E77: The snapshot info is null. Setting the last applied indexto:(t:0, i:~)
2019-08-12 04:08:56,271 INFO  server.RaftServerConfigKeys (ConfUtils.java:logGet(43)) - raft.server.leader.election.timeout = 120s (custom)
2019-08-12 04:08:56,271 INFO  server.RaftServerConfigKeys (ConfUtils.java:logGet(43)) - raft.server.log.use.memory = false (default)
2019-08-12 04:08:56,271 INFO  server.RaftServerConfigKeys (ConfUtils.java:logGet(43)) - raft.server.log.purge.gap = 1000000000 (custom)
2019-08-12 04:08:56,271 INFO  server.RaftServerConfigKeys (ConfUtils.java:logGet(43)) - raft.server.log.appender.buffer.byte-limit = 33554432 (custom)
2019-08-12 04:08:56,272 INFO  server.RaftServerConfigKeys (ConfUtils.java:logGet(43)) - raft.server.log.segment.size.max = 1048576 (custom)
2019-08-12 04:08:56,272 INFO  server.RaftServerConfigKeys (ConfUtils.java:logGet(43)) - raft.server.log.segment.cache.num.max = 2 (custom)
2019-08-12 04:08:56,272 INFO  segmented.SegmentedRaftLogWorker (SegmentedRaftLogWorker.java:<init>(172)) - new 00b241ce-6529-4fc4-82dd-26815ed218ff-SegmentedRaftLogWorker:Storage Directory /workdir/hadoop-ozone/integration-test/target/test-dir/MiniOzoneClusterImpl-8ab67caf-427a-4247-bc98-713520941bc9/datanode-4/data/ratis/903635da-1005-4bdf-a493-a2472ec67e77 for RaftStorage:Storage Directory /workdir/hadoop-ozone/integration-test/target/test-dir/MiniOzoneClusterImpl-8ab67caf-427a-4247-bc98-713520941bc9/datanode-4/data/ratis/903635da-1005-4bdf-a493-a2472ec67e77
2019-08-12 04:08:56,272 INFO  server.RaftServerConfigKeys (ConfUtils.java:logGet(43)) - raft.server.log.queue.byte-limit = 2147483647 (custom)
2019-08-12 04:08:56,272 INFO  server.RaftServerConfigKeys (ConfUtils.java:logGet(43)) - raft.server.log.queue.element-limit = 1024 (custom)
2019-08-12 04:08:56,272 INFO  server.RaftServerConfigKeys (ConfUtils.java:logGet(43)) - raft.server.log.segment.size.max = 1048576 (custom)
2019-08-12 04:08:56,273 INFO  server.RaftServerConfigKeys (ConfUtils.java:logGet(43)) - raft.server.log.preallocated.size = 16384 (custom)
2019-08-12 04:08:56,273 INFO  server.RaftServerConfigKeys (ConfUtils.java:logGet(43)) - raft.server.log.write.buffer.size = 33554432 (custom)
2019-08-12 04:08:56,273 INFO  server.RaftServerConfigKeys (ConfUtils.java:logGet(43)) - raft.server.log.force.sync.num = 128 (default)
2019-08-12 04:08:56,273 INFO  server.RaftServerConfigKeys (ConfUtils.java:logGet(43)) - raft.server.log.statemachine.data.sync = true (default)
2019-08-12 04:08:56,273 INFO  server.RaftServerConfigKeys (ConfUtils.java:logGet(43)) - raft.server.log.statemachine.data.sync.timeout = 10s (default)
2019-08-12 04:08:56,273 INFO  server.RaftServerConfigKeys (ConfUtils.java:logGet(43)) - raft.server.log.statemachine.data.sync.timeout.retry = -1 (default)
2019-08-12 04:08:56,274 INFO  server.RaftServerConfigKeys (ConfUtils.java:logGet(43)) - raft.server.log.statemachine.data.caching.enabled = true (custom)
2019-08-12 04:08:56,274 INFO  segmented.SegmentedRaftLogWorker (SegmentedRaftLogWorker.java:lambda$new$0(132)) - 00b241ce-6529-4fc4-82dd-26815ed218ff-SegmentedRaftLogWorker:Storage Directory /workdir/hadoop-ozone/integration-test/target/test-dir/MiniOzoneClusterImpl-8ab67caf-427a-4247-bc98-713520941bc9/datanode-4/data/ratis/903635da-1005-4bdf-a493-a2472ec67e77: flushIndex: setUnconditionally 0 -> -1
2019-08-12 04:08:56,274 INFO  server.RaftServerConfigKeys (ConfUtils.java:logGet(43)) - raft.server.snapshot.auto.trigger.enabled = true (custom)
2019-08-12 04:08:56,274 INFO  server.RaftServerConfigKeys (ConfUtils.java:logGet(43)) - raft.server.snapshot.auto.trigger.threshold = 10000 (custom)
2019-08-12 04:08:56,275 INFO  server.RaftServerConfigKeys (ConfUtils.java:logGet(43)) - raft.server.retrycache.expirytime = 600000ms (custom)
2019-08-12 04:08:56,275 INFO  impl.RaftServerImpl (RaftServerImpl.java:start(180)) - 00b241ce-6529-4fc4-82dd-26815ed218ff: start group-A2472EC67E77
2019-08-12 04:08:56,275 INFO  impl.RaftServerImpl (RaftServerImpl.java:setRole(171)) - 00b241ce-6529-4fc4-82dd-26815ed218ff:group-A2472EC67E77 changes role from null to FOLLOWER at term 0 for startAsFollower
2019-08-12 04:08:56,275 INFO  impl.RoleInfo (RoleInfo.java:updateAndGet(143)) - 00b241ce-6529-4fc4-82dd-26815ed218ff: start FollowerState
2019-08-12 04:08:56,275 INFO  util.JmxRegister (JmxRegister.java:tryRegister(44)) - Successfully registered JMX Bean with object name Ratis:service=RaftServer,group=group-A2472EC67E77,id=00b241ce-6529-4fc4-82dd-26815ed218ff
2019-08-12 04:08:56,278 INFO  pipeline.PipelineStateManager (PipelineStateManager.java:addPipeline(56)) - Created pipeline Pipeline[ Id: 903635da-1005-4bdf-a493-a2472ec67e77, Nodes: 00b241ce-6529-4fc4-82dd-26815ed218ff{ip: 192.168.157.230, host: byscane-nightly-pnj9f-4033720222, networkLocation: /default-rack, certSerialId: null}, Type:RATIS, Factor:ONE, State:OPEN]
2019-08-12 04:08:56,409 INFO  net.NetworkTopology (NetworkTopologyImpl.java:add(110)) - Added a new node: /default-rack/d8af83b5-b38a-44c4-acce-62c46298d170
2019-08-12 04:08:56,409 INFO  node.SCMNodeManager (SCMNodeManager.java:register(273)) - Registered Data node : d8af83b5-b38a-44c4-acce-62c46298d170{ip: 192.168.157.230, host: byscane-nightly-pnj9f-4033720222, networkLocation: /default-rack, certSerialId: null}
2019-08-12 04:08:56,416 INFO  impl.RaftServerProxy (RaftServerProxy.java:addNew(89)) - d8af83b5-b38a-44c4-acce-62c46298d170: addNew group-E334C7C7F982:[d8af83b5-b38a-44c4-acce-62c46298d170:192.168.157.230:32795] returns group-E334C7C7F982:java.util.concurrent.CompletableFuture@2b1be4d5[Not completed]
2019-08-12 04:08:56,417 INFO  impl.RaftServerImpl (RaftServerImpl.java:<init>(93)) - d8af83b5-b38a-44c4-acce-62c46298d170: new RaftServerImpl for group-E334C7C7F982:[d8af83b5-b38a-44c4-acce-62c46298d170:192.168.157.230:32795] with ContainerStateMachine:uninitialized
2019-08-12 04:08:56,417 INFO  server.RaftServerConfigKeys (ConfUtils.java:logGet(43)) - raft.server.rpc.timeout.min = 5s (custom)
2019-08-12 04:08:56,417 INFO  server.RaftServerConfigKeys (ConfUtils.java:logGet(43)) - raft.server.rpc.timeout.max = 5200ms (custom)
2019-08-12 04:08:56,417 INFO  server.RaftServerConfigKeys (ConfUtils.java:logGet(43)) - raft.server.rpcslowness.timeout = 120s (custom)
2019-08-12 04:08:56,417 INFO  server.RaftServerConfigKeys (ConfUtils.java:logGet(43)) - raft.server.sleep.deviation.threshold = 300 (default)
2019-08-12 04:08:56,417 INFO  server.RaftServerConfigKeys (ConfUtils.java:logGet(43)) - raft.server.log.appender.install.snapshot.enabled = false (custom)
2019-08-12 04:08:56,417 INFO  impl.RaftServerImpl (ServerState.java:<init>(105)) - d8af83b5-b38a-44c4-acce-62c46298d170:group-E334C7C7F982 ConfigurationManager, init=-1: [d8af83b5-b38a-44c4-acce-62c46298d170:192.168.157.230:32795], old=null, confs=<EMPTY_MAP>
2019-08-12 04:08:56,418 INFO  server.RaftServerConfigKeys (ConfUtils.java:logGet(43)) - raft.server.storage.dir = [/workdir/hadoop-ozone/integration-test/target/test-dir/MiniOzoneClusterImpl-8ab67caf-427a-4247-bc98-713520941bc9/datanode-5/data/ratis] (custom)
2019-08-12 04:08:56,418 INFO  storage.RaftStorageDirectory (RaftStorageDirectory.java:analyzeStorage(246)) - The storage directory /workdir/hadoop-ozone/integration-test/target/test-dir/MiniOzoneClusterImpl-8ab67caf-427a-4247-bc98-713520941bc9/datanode-5/data/ratis/f756f09a-8daf-47a1-b5a6-e334c7c7f982 does not exist. Creating ...
2019-08-12 04:08:56,431 INFO  storage.RaftStorageDirectory (RaftStorageDirectory.java:tryLock(328)) - Lock on /workdir/hadoop-ozone/integration-test/target/test-dir/MiniOzoneClusterImpl-8ab67caf-427a-4247-bc98-713520941bc9/datanode-5/data/ratis/f756f09a-8daf-47a1-b5a6-e334c7c7f982/in_use.lock acquired by nodename 21416@byscane-nightly-pnj9f-4033720222
2019-08-12 04:08:56,444 INFO  storage.RaftStorage (RaftStorage.java:format(72)) - Storage directory /workdir/hadoop-ozone/integration-test/target/test-dir/MiniOzoneClusterImpl-8ab67caf-427a-4247-bc98-713520941bc9/datanode-5/data/ratis/f756f09a-8daf-47a1-b5a6-e334c7c7f982 has been successfully formatted.
2019-08-12 04:08:56,444 INFO  ratis.ContainerStateMachine (ContainerStateMachine.java:loadSnapshot(213)) - group-E334C7C7F982: The snapshot info is null. Setting the last applied indexto:(t:0, i:~)
2019-08-12 04:08:56,444 INFO  server.RaftServerConfigKeys (ConfUtils.java:logGet(43)) - raft.server.leader.election.timeout = 120s (custom)
2019-08-12 04:08:56,444 INFO  server.RaftServerConfigKeys (ConfUtils.java:logGet(43)) - raft.server.log.use.memory = false (default)
2019-08-12 04:08:56,444 INFO  server.RaftServerConfigKeys (ConfUtils.java:logGet(43)) - raft.server.log.purge.gap = 1000000000 (custom)
2019-08-12 04:08:56,444 INFO  server.RaftServerConfigKeys (ConfUtils.java:logGet(43)) - raft.server.log.appender.buffer.byte-limit = 33554432 (custom)
2019-08-12 04:08:56,445 INFO  server.RaftServerConfigKeys (ConfUtils.java:logGet(43)) - raft.server.log.segment.size.max = 1048576 (custom)
2019-08-12 04:08:56,445 INFO  server.RaftServerConfigKeys (ConfUtils.java:logGet(43)) - raft.server.log.segment.cache.num.max = 2 (custom)
2019-08-12 04:08:56,445 INFO  segmented.SegmentedRaftLogWorker (SegmentedRaftLogWorker.java:<init>(172)) - new d8af83b5-b38a-44c4-acce-62c46298d170-SegmentedRaftLogWorker:Storage Directory /workdir/hadoop-ozone/integration-test/target/test-dir/MiniOzoneClusterImpl-8ab67caf-427a-4247-bc98-713520941bc9/datanode-5/data/ratis/f756f09a-8daf-47a1-b5a6-e334c7c7f982 for RaftStorage:Storage Directory /workdir/hadoop-ozone/integration-test/target/test-dir/MiniOzoneClusterImpl-8ab67caf-427a-4247-bc98-713520941bc9/datanode-5/data/ratis/f756f09a-8daf-47a1-b5a6-e334c7c7f982
2019-08-12 04:08:56,445 INFO  server.RaftServerConfigKeys (ConfUtils.java:logGet(43)) - raft.server.log.queue.byte-limit = 2147483647 (custom)
2019-08-12 04:08:56,445 INFO  server.RaftServerConfigKeys (ConfUtils.java:logGet(43)) - raft.server.log.queue.element-limit = 1024 (custom)
2019-08-12 04:08:56,445 INFO  server.RaftServerConfigKeys (ConfUtils.java:logGet(43)) - raft.server.log.segment.size.max = 1048576 (custom)
2019-08-12 04:08:56,445 INFO  server.RaftServerConfigKeys (ConfUtils.java:logGet(43)) - raft.server.log.preallocated.size = 16384 (custom)
2019-08-12 04:08:56,445 INFO  server.RaftServerConfigKeys (ConfUtils.java:logGet(43)) - raft.server.log.write.buffer.size = 33554432 (custom)
2019-08-12 04:08:56,446 INFO  server.RaftServerConfigKeys (ConfUtils.java:logGet(43)) - raft.server.log.force.sync.num = 128 (default)
2019-08-12 04:08:56,446 INFO  server.RaftServerConfigKeys (ConfUtils.java:logGet(43)) - raft.server.log.statemachine.data.sync = true (default)
2019-08-12 04:08:56,446 INFO  server.RaftServerConfigKeys (ConfUtils.java:logGet(43)) - raft.server.log.statemachine.data.sync.timeout = 10s (default)
2019-08-12 04:08:56,446 INFO  server.RaftServerConfigKeys (ConfUtils.java:logGet(43)) - raft.server.log.statemachine.data.sync.timeout.retry = -1 (default)
2019-08-12 04:08:56,446 INFO  server.RaftServerConfigKeys (ConfUtils.java:logGet(43)) - raft.server.log.statemachine.data.caching.enabled = true (custom)
2019-08-12 04:08:56,446 INFO  segmented.SegmentedRaftLogWorker (SegmentedRaftLogWorker.java:lambda$new$0(132)) - d8af83b5-b38a-44c4-acce-62c46298d170-SegmentedRaftLogWorker:Storage Directory /workdir/hadoop-ozone/integration-test/target/test-dir/MiniOzoneClusterImpl-8ab67caf-427a-4247-bc98-713520941bc9/datanode-5/data/ratis/f756f09a-8daf-47a1-b5a6-e334c7c7f982: flushIndex: setUnconditionally 0 -> -1
2019-08-12 04:08:56,447 INFO  server.RaftServerConfigKeys (ConfUtils.java:logGet(43)) - raft.server.snapshot.auto.trigger.enabled = true (custom)
2019-08-12 04:08:56,447 INFO  server.RaftServerConfigKeys (ConfUtils.java:logGet(43)) - raft.server.snapshot.auto.trigger.threshold = 10000 (custom)
2019-08-12 04:08:56,447 INFO  server.RaftServerConfigKeys (ConfUtils.java:logGet(43)) - raft.server.retrycache.expirytime = 600000ms (custom)
2019-08-12 04:08:56,447 INFO  impl.RaftServerImpl (RaftServerImpl.java:start(180)) - d8af83b5-b38a-44c4-acce-62c46298d170: start group-E334C7C7F982
2019-08-12 04:08:56,447 INFO  impl.RaftServerImpl (RaftServerImpl.java:setRole(171)) - d8af83b5-b38a-44c4-acce-62c46298d170:group-E334C7C7F982 changes role from null to FOLLOWER at term 0 for startAsFollower
2019-08-12 04:08:56,447 INFO  impl.RoleInfo (RoleInfo.java:updateAndGet(143)) - d8af83b5-b38a-44c4-acce-62c46298d170: start FollowerState
2019-08-12 04:08:56,448 INFO  util.JmxRegister (JmxRegister.java:tryRegister(44)) - Successfully registered JMX Bean with object name Ratis:service=RaftServer,group=group-E334C7C7F982,id=d8af83b5-b38a-44c4-acce-62c46298d170
2019-08-12 04:08:56,450 INFO  pipeline.PipelineStateManager (PipelineStateManager.java:addPipeline(56)) - Created pipeline Pipeline[ Id: f756f09a-8daf-47a1-b5a6-e334c7c7f982, Nodes: d8af83b5-b38a-44c4-acce-62c46298d170{ip: 192.168.157.230, host: byscane-nightly-pnj9f-4033720222, networkLocation: /default-rack, certSerialId: null}, Type:RATIS, Factor:ONE, State:OPEN]
2019-08-12 04:08:56,463 INFO  impl.RaftServerProxy (RaftServerProxy.java:addNew(89)) - d8af83b5-b38a-44c4-acce-62c46298d170: addNew group-830E9DED769E:[d8af83b5-b38a-44c4-acce-62c46298d170:192.168.157.230:32795, 5f43b17a-624c-455b-ac70-d237e935916e:192.168.157.230:35747, 00b241ce-6529-4fc4-82dd-26815ed218ff:192.168.157.230:39683] returns group-830E9DED769E:java.util.concurrent.CompletableFuture@6ce280f0[Not completed]
2019-08-12 04:08:56,463 INFO  impl.RaftServerProxy (RaftServerProxy.java:addNew(89)) - 5f43b17a-624c-455b-ac70-d237e935916e: addNew group-830E9DED769E:[d8af83b5-b38a-44c4-acce-62c46298d170:192.168.157.230:32795, 5f43b17a-624c-455b-ac70-d237e935916e:192.168.157.230:35747, 00b241ce-6529-4fc4-82dd-26815ed218ff:192.168.157.230:39683] returns group-830E9DED769E:java.util.concurrent.CompletableFuture@10ee4a4f[Not completed]
2019-08-12 04:08:56,463 INFO  impl.RaftServerProxy (RaftServerProxy.java:addNew(89)) - 00b241ce-6529-4fc4-82dd-26815ed218ff: addNew group-830E9DED769E:[d8af83b5-b38a-44c4-acce-62c46298d170:192.168.157.230:32795, 5f43b17a-624c-455b-ac70-d237e935916e:192.168.157.230:35747, 00b241ce-6529-4fc4-82dd-26815ed218ff:192.168.157.230:39683] returns group-830E9DED769E:java.util.concurrent.CompletableFuture@7ac4113b[Not completed]
2019-08-12 04:08:56,465 INFO  impl.RaftServerImpl (RaftServerImpl.java:<init>(93)) - 5f43b17a-624c-455b-ac70-d237e935916e: new RaftServerImpl for group-830E9DED769E:[d8af83b5-b38a-44c4-acce-62c46298d170:192.168.157.230:32795, 5f43b17a-624c-455b-ac70-d237e935916e:192.168.157.230:35747, 00b241ce-6529-4fc4-82dd-26815ed218ff:192.168.157.230:39683] with ContainerStateMachine:uninitialized
2019-08-12 04:08:56,465 INFO  server.RaftServerConfigKeys (ConfUtils.java:logGet(43)) - raft.server.rpc.timeout.min = 5s (custom)
2019-08-12 04:08:56,465 INFO  server.RaftServerConfigKeys (ConfUtils.java:logGet(43)) - raft.server.rpc.timeout.max = 5200ms (custom)
2019-08-12 04:08:56,465 INFO  server.RaftServerConfigKeys (ConfUtils.java:logGet(43)) - raft.server.rpcslowness.timeout = 120s (custom)
2019-08-12 04:08:56,465 INFO  server.RaftServerConfigKeys (ConfUtils.java:logGet(43)) - raft.server.sleep.deviation.threshold = 300 (default)
2019-08-12 04:08:56,465 INFO  server.RaftServerConfigKeys (ConfUtils.java:logGet(43)) - raft.server.log.appender.install.snapshot.enabled = false (custom)
2019-08-12 04:08:56,465 INFO  impl.RaftServerImpl (ServerState.java:<init>(105)) - 5f43b17a-624c-455b-ac70-d237e935916e:group-830E9DED769E ConfigurationManager, init=-1: [d8af83b5-b38a-44c4-acce-62c46298d170:192.168.157.230:32795, 5f43b17a-624c-455b-ac70-d237e935916e:192.168.157.230:35747, 00b241ce-6529-4fc4-82dd-26815ed218ff:192.168.157.230:39683], old=null, confs=<EMPTY_MAP>
2019-08-12 04:08:56,465 INFO  impl.RaftServerImpl (RaftServerImpl.java:<init>(93)) - 00b241ce-6529-4fc4-82dd-26815ed218ff: new RaftServerImpl for group-830E9DED769E:[d8af83b5-b38a-44c4-acce-62c46298d170:192.168.157.230:32795, 5f43b17a-624c-455b-ac70-d237e935916e:192.168.157.230:35747, 00b241ce-6529-4fc4-82dd-26815ed218ff:192.168.157.230:39683] with ContainerStateMachine:uninitialized
2019-08-12 04:08:56,466 INFO  impl.RaftServerImpl (RaftServerImpl.java:<init>(93)) - d8af83b5-b38a-44c4-acce-62c46298d170: new RaftServerImpl for group-830E9DED769E:[d8af83b5-b38a-44c4-acce-62c46298d170:192.168.157.230:32795, 5f43b17a-624c-455b-ac70-d237e935916e:192.168.157.230:35747, 00b241ce-6529-4fc4-82dd-26815ed218ff:192.168.157.230:39683] with ContainerStateMachine:uninitialized
2019-08-12 04:08:56,466 INFO  server.RaftServerConfigKeys (ConfUtils.java:logGet(43)) - raft.server.storage.dir = [/workdir/hadoop-ozone/integration-test/target/test-dir/MiniOzoneClusterImpl-8ab67caf-427a-4247-bc98-713520941bc9/datanode-3/data/ratis] (custom)
2019-08-12 04:08:56,466 INFO  server.RaftServerConfigKeys (ConfUtils.java:logGet(43)) - raft.server.rpc.timeout.min = 5s (custom)
2019-08-12 04:08:56,466 INFO  server.RaftServerConfigKeys (ConfUtils.java:logGet(43)) - raft.server.rpc.timeout.min = 5s (custom)
2019-08-12 04:08:56,466 INFO  server.RaftServerConfigKeys (ConfUtils.java:logGet(43)) - raft.server.rpc.timeout.max = 5200ms (custom)
2019-08-12 04:08:56,466 INFO  server.RaftServerConfigKeys (ConfUtils.java:logGet(43)) - raft.server.rpc.timeout.max = 5200ms (custom)
2019-08-12 04:08:56,466 INFO  storage.RaftStorageDirectory (RaftStorageDirectory.java:analyzeStorage(246)) - The storage directory /workdir/hadoop-ozone/integration-test/target/test-dir/MiniOzoneClusterImpl-8ab67caf-427a-4247-bc98-713520941bc9/datanode-3/data/ratis/00797c47-3779-4abf-8449-830e9ded769e does not exist. Creating ...
2019-08-12 04:08:56,466 INFO  server.RaftServerConfigKeys (ConfUtils.java:logGet(43)) - raft.server.rpcslowness.timeout = 120s (custom)
2019-08-12 04:08:56,466 INFO  server.RaftServerConfigKeys (ConfUtils.java:logGet(43)) - raft.server.rpcslowness.timeout = 120s (custom)
2019-08-12 04:08:56,467 INFO  server.RaftServerConfigKeys (ConfUtils.java:logGet(43)) - raft.server.sleep.deviation.threshold = 300 (default)
2019-08-12 04:08:56,467 INFO  server.RaftServerConfigKeys (ConfUtils.java:logGet(43)) - raft.server.sleep.deviation.threshold = 300 (default)
2019-08-12 04:08:56,467 INFO  server.RaftServerConfigKeys (ConfUtils.java:logGet(43)) - raft.server.log.appender.install.snapshot.enabled = false (custom)
2019-08-12 04:08:56,467 INFO  server.RaftServerConfigKeys (ConfUtils.java:logGet(43)) - raft.server.log.appender.install.snapshot.enabled = false (custom)
2019-08-12 04:08:56,467 INFO  impl.RaftServerImpl (ServerState.java:<init>(105)) - 00b241ce-6529-4fc4-82dd-26815ed218ff:group-830E9DED769E ConfigurationManager, init=-1: [d8af83b5-b38a-44c4-acce-62c46298d170:192.168.157.230:32795, 5f43b17a-624c-455b-ac70-d237e935916e:192.168.157.230:35747, 00b241ce-6529-4fc4-82dd-26815ed218ff:192.168.157.230:39683], old=null, confs=<EMPTY_MAP>
2019-08-12 04:08:56,467 INFO  impl.RaftServerImpl (ServerState.java:<init>(105)) - d8af83b5-b38a-44c4-acce-62c46298d170:group-830E9DED769E ConfigurationManager, init=-1: [d8af83b5-b38a-44c4-acce-62c46298d170:192.168.157.230:32795, 5f43b17a-624c-455b-ac70-d237e935916e:192.168.157.230:35747, 00b241ce-6529-4fc4-82dd-26815ed218ff:192.168.157.230:39683], old=null, confs=<EMPTY_MAP>
2019-08-12 04:08:56,467 INFO  server.RaftServerConfigKeys (ConfUtils.java:logGet(43)) - raft.server.storage.dir = [/workdir/hadoop-ozone/integration-test/target/test-dir/MiniOzoneClusterImpl-8ab67caf-427a-4247-bc98-713520941bc9/datanode-5/data/ratis] (custom)
2019-08-12 04:08:56,467 INFO  server.RaftServerConfigKeys (ConfUtils.java:logGet(43)) - raft.server.storage.dir = [/workdir/hadoop-ozone/integration-test/target/test-dir/MiniOzoneClusterImpl-8ab67caf-427a-4247-bc98-713520941bc9/datanode-4/data/ratis] (custom)
2019-08-12 04:08:56,468 INFO  storage.RaftStorageDirectory (RaftStorageDirectory.java:analyzeStorage(246)) - The storage directory /workdir/hadoop-ozone/integration-test/target/test-dir/MiniOzoneClusterImpl-8ab67caf-427a-4247-bc98-713520941bc9/datanode-5/data/ratis/00797c47-3779-4abf-8449-830e9ded769e does not exist. Creating ...
2019-08-12 04:08:56,468 INFO  storage.RaftStorageDirectory (RaftStorageDirectory.java:analyzeStorage(246)) - The storage directory /workdir/hadoop-ozone/integration-test/target/test-dir/MiniOzoneClusterImpl-8ab67caf-427a-4247-bc98-713520941bc9/datanode-4/data/ratis/00797c47-3779-4abf-8449-830e9ded769e does not exist. Creating ...
2019-08-12 04:08:56,491 INFO  storage.RaftStorageDirectory (RaftStorageDirectory.java:tryLock(328)) - Lock on /workdir/hadoop-ozone/integration-test/target/test-dir/MiniOzoneClusterImpl-8ab67caf-427a-4247-bc98-713520941bc9/datanode-3/data/ratis/00797c47-3779-4abf-8449-830e9ded769e/in_use.lock acquired by nodename 21416@byscane-nightly-pnj9f-4033720222
2019-08-12 04:08:56,492 INFO  storage.RaftStorageDirectory (RaftStorageDirectory.java:tryLock(328)) - Lock on /workdir/hadoop-ozone/integration-test/target/test-dir/MiniOzoneClusterImpl-8ab67caf-427a-4247-bc98-713520941bc9/datanode-5/data/ratis/00797c47-3779-4abf-8449-830e9ded769e/in_use.lock acquired by nodename 21416@byscane-nightly-pnj9f-4033720222
2019-08-12 04:08:56,492 INFO  storage.RaftStorageDirectory (RaftStorageDirectory.java:tryLock(328)) - Lock on /workdir/hadoop-ozone/integration-test/target/test-dir/MiniOzoneClusterImpl-8ab67caf-427a-4247-bc98-713520941bc9/datanode-4/data/ratis/00797c47-3779-4abf-8449-830e9ded769e/in_use.lock acquired by nodename 21416@byscane-nightly-pnj9f-4033720222
2019-08-12 04:08:56,515 INFO  storage.RaftStorage (RaftStorage.java:format(72)) - Storage directory /workdir/hadoop-ozone/integration-test/target/test-dir/MiniOzoneClusterImpl-8ab67caf-427a-4247-bc98-713520941bc9/datanode-3/data/ratis/00797c47-3779-4abf-8449-830e9ded769e has been successfully formatted.
2019-08-12 04:08:56,515 INFO  storage.RaftStorage (RaftStorage.java:format(72)) - Storage directory /workdir/hadoop-ozone/integration-test/target/test-dir/MiniOzoneClusterImpl-8ab67caf-427a-4247-bc98-713520941bc9/datanode-5/data/ratis/00797c47-3779-4abf-8449-830e9ded769e has been successfully formatted.
2019-08-12 04:08:56,515 INFO  storage.RaftStorage (RaftStorage.java:format(72)) - Storage directory /workdir/hadoop-ozone/integration-test/target/test-dir/MiniOzoneClusterImpl-8ab67caf-427a-4247-bc98-713520941bc9/datanode-4/data/ratis/00797c47-3779-4abf-8449-830e9ded769e has been successfully formatted.
2019-08-12 04:08:56,515 INFO  ratis.ContainerStateMachine (ContainerStateMachine.java:loadSnapshot(213)) - group-830E9DED769E: The snapshot info is null. Setting the last applied indexto:(t:0, i:~)
2019-08-12 04:08:56,515 INFO  ratis.ContainerStateMachine (ContainerStateMachine.java:loadSnapshot(213)) - group-830E9DED769E: The snapshot info is null. Setting the last applied indexto:(t:0, i:~)
2019-08-12 04:08:56,515 INFO  server.RaftServerConfigKeys (ConfUtils.java:logGet(43)) - raft.server.leader.election.timeout = 120s (custom)
2019-08-12 04:08:56,515 INFO  ratis.ContainerStateMachine (ContainerStateMachine.java:loadSnapshot(213)) - group-830E9DED769E: The snapshot info is null. Setting the last applied indexto:(t:0, i:~)
2019-08-12 04:08:56,515 INFO  server.RaftServerConfigKeys (ConfUtils.java:logGet(43)) - raft.server.log.use.memory = false (default)
2019-08-12 04:08:56,515 INFO  server.RaftServerConfigKeys (ConfUtils.java:logGet(43)) - raft.server.leader.election.timeout = 120s (custom)
2019-08-12 04:08:56,516 INFO  server.RaftServerConfigKeys (ConfUtils.java:logGet(43)) - raft.server.log.purge.gap = 1000000000 (custom)
2019-08-12 04:08:56,515 INFO  server.RaftServerConfigKeys (ConfUtils.java:logGet(43)) - raft.server.leader.election.timeout = 120s (custom)
2019-08-12 04:08:56,516 INFO  server.RaftServerConfigKeys (ConfUtils.java:logGet(43)) - raft.server.log.appender.buffer.byte-limit = 33554432 (custom)
2019-08-12 04:08:56,516 INFO  server.RaftServerConfigKeys (ConfUtils.java:logGet(43)) - raft.server.log.use.memory = false (default)
2019-08-12 04:08:56,516 INFO  server.RaftServerConfigKeys (ConfUtils.java:logGet(43)) - raft.server.log.segment.size.max = 1048576 (custom)
2019-08-12 04:08:56,516 INFO  server.RaftServerConfigKeys (ConfUtils.java:logGet(43)) - raft.server.log.use.memory = false (default)
2019-08-12 04:08:56,516 INFO  server.RaftServerConfigKeys (ConfUtils.java:logGet(43)) - raft.server.log.segment.cache.num.max = 2 (custom)
2019-08-12 04:08:56,516 INFO  server.RaftServerConfigKeys (ConfUtils.java:logGet(43)) - raft.server.log.purge.gap = 1000000000 (custom)
2019-08-12 04:08:56,516 INFO  segmented.SegmentedRaftLogWorker (SegmentedRaftLogWorker.java:<init>(172)) - new 5f43b17a-624c-455b-ac70-d237e935916e-SegmentedRaftLogWorker:Storage Directory /workdir/hadoop-ozone/integration-test/target/test-dir/MiniOzoneClusterImpl-8ab67caf-427a-4247-bc98-713520941bc9/datanode-3/data/ratis/00797c47-3779-4abf-8449-830e9ded769e for RaftStorage:Storage Directory /workdir/hadoop-ozone/integration-test/target/test-dir/MiniOzoneClusterImpl-8ab67caf-427a-4247-bc98-713520941bc9/datanode-3/data/ratis/00797c47-3779-4abf-8449-830e9ded769e
2019-08-12 04:08:56,516 INFO  server.RaftServerConfigKeys (ConfUtils.java:logGet(43)) - raft.server.log.purge.gap = 1000000000 (custom)
2019-08-12 04:08:56,517 INFO  server.RaftServerConfigKeys (ConfUtils.java:logGet(43)) - raft.server.log.queue.byte-limit = 2147483647 (custom)
2019-08-12 04:08:56,516 INFO  server.RaftServerConfigKeys (ConfUtils.java:logGet(43)) - raft.server.log.appender.buffer.byte-limit = 33554432 (custom)
2019-08-12 04:08:56,517 INFO  server.RaftServerConfigKeys (ConfUtils.java:logGet(43)) - raft.server.log.queue.element-limit = 1024 (custom)
2019-08-12 04:08:56,517 INFO  server.RaftServerConfigKeys (ConfUtils.java:logGet(43)) - raft.server.log.appender.buffer.byte-limit = 33554432 (custom)
2019-08-12 04:08:56,517 INFO  server.RaftServerConfigKeys (ConfUtils.java:logGet(43)) - raft.server.log.segment.size.max = 1048576 (custom)
2019-08-12 04:08:56,517 INFO  server.RaftServerConfigKeys (ConfUtils.java:logGet(43)) - raft.server.log.segment.size.max = 1048576 (custom)
2019-08-12 04:08:56,517 INFO  server.RaftServerConfigKeys (ConfUtils.java:logGet(43)) - raft.server.log.preallocated.size = 16384 (custom)
2019-08-12 04:08:56,517 INFO  server.RaftServerConfigKeys (ConfUtils.java:logGet(43)) - raft.server.log.segment.size.max = 1048576 (custom)
2019-08-12 04:08:56,517 INFO  server.RaftServerConfigKeys (ConfUtils.java:logGet(43)) - raft.server.log.write.buffer.size = 33554432 (custom)
2019-08-12 04:08:56,517 INFO  server.RaftServerConfigKeys (ConfUtils.java:logGet(43)) - raft.server.log.segment.cache.num.max = 2 (custom)
2019-08-12 04:08:56,518 INFO  server.RaftServerConfigKeys (ConfUtils.java:logGet(43)) - raft.server.log.force.sync.num = 128 (default)
2019-08-12 04:08:56,517 INFO  server.RaftServerConfigKeys (ConfUtils.java:logGet(43)) - raft.server.log.segment.cache.num.max = 2 (custom)
2019-08-12 04:08:56,518 INFO  server.RaftServerConfigKeys (ConfUtils.java:logGet(43)) - raft.server.log.statemachine.data.sync = true (default)
2019-08-12 04:08:56,518 INFO  segmented.SegmentedRaftLogWorker (SegmentedRaftLogWorker.java:<init>(172)) - new d8af83b5-b38a-44c4-acce-62c46298d170-SegmentedRaftLogWorker:Storage Directory /workdir/hadoop-ozone/integration-test/target/test-dir/MiniOzoneClusterImpl-8ab67caf-427a-4247-bc98-713520941bc9/datanode-5/data/ratis/00797c47-3779-4abf-8449-830e9ded769e for RaftStorage:Storage Directory /workdir/hadoop-ozone/integration-test/target/test-dir/MiniOzoneClusterImpl-8ab67caf-427a-4247-bc98-713520941bc9/datanode-5/data/ratis/00797c47-3779-4abf-8449-830e9ded769e
2019-08-12 04:08:56,518 INFO  server.RaftServerConfigKeys (ConfUtils.java:logGet(43)) - raft.server.log.statemachine.data.sync.timeout = 10s (default)
2019-08-12 04:08:56,518 INFO  segmented.SegmentedRaftLogWorker (SegmentedRaftLogWorker.java:<init>(172)) - new 00b241ce-6529-4fc4-82dd-26815ed218ff-SegmentedRaftLogWorker:Storage Directory /workdir/hadoop-ozone/integration-test/target/test-dir/MiniOzoneClusterImpl-8ab67caf-427a-4247-bc98-713520941bc9/datanode-4/data/ratis/00797c47-3779-4abf-8449-830e9ded769e for RaftStorage:Storage Directory /workdir/hadoop-ozone/integration-test/target/test-dir/MiniOzoneClusterImpl-8ab67caf-427a-4247-bc98-713520941bc9/datanode-4/data/ratis/00797c47-3779-4abf-8449-830e9ded769e
2019-08-12 04:08:56,518 INFO  server.RaftServerConfigKeys (ConfUtils.java:logGet(43)) - raft.server.log.statemachine.data.sync.timeout.retry = -1 (default)
2019-08-12 04:08:56,518 INFO  server.RaftServerConfigKeys (ConfUtils.java:logGet(43)) - raft.server.log.queue.byte-limit = 2147483647 (custom)
2019-08-12 04:08:56,518 INFO  server.RaftServerConfigKeys (ConfUtils.java:logGet(43)) - raft.server.log.statemachine.data.caching.enabled = true (custom)
2019-08-12 04:08:56,518 INFO  server.RaftServerConfigKeys (ConfUtils.java:logGet(43)) - raft.server.log.queue.byte-limit = 2147483647 (custom)
2019-08-12 04:08:56,518 INFO  server.RaftServerConfigKeys (ConfUtils.java:logGet(43)) - raft.server.log.queue.element-limit = 1024 (custom)
2019-08-12 04:08:56,519 INFO  segmented.SegmentedRaftLogWorker (SegmentedRaftLogWorker.java:lambda$new$0(132)) - 5f43b17a-624c-455b-ac70-d237e935916e-SegmentedRaftLogWorker:Storage Directory /workdir/hadoop-ozone/integration-test/target/test-dir/MiniOzoneClusterImpl-8ab67caf-427a-4247-bc98-713520941bc9/datanode-3/data/ratis/00797c47-3779-4abf-8449-830e9ded769e: flushIndex: setUnconditionally 0 -> -1
2019-08-12 04:08:56,519 INFO  server.RaftServerConfigKeys (ConfUtils.java:logGet(43)) - raft.server.log.queue.element-limit = 1024 (custom)
2019-08-12 04:08:56,519 INFO  server.RaftServerConfigKeys (ConfUtils.java:logGet(43)) - raft.server.log.segment.size.max = 1048576 (custom)
2019-08-12 04:08:56,519 INFO  server.RaftServerConfigKeys (ConfUtils.java:logGet(43)) - raft.server.snapshot.auto.trigger.enabled = true (custom)
2019-08-12 04:08:56,519 INFO  server.RaftServerConfigKeys (ConfUtils.java:logGet(43)) - raft.server.log.segment.size.max = 1048576 (custom)
2019-08-12 04:08:56,519 INFO  server.RaftServerConfigKeys (ConfUtils.java:logGet(43)) - raft.server.snapshot.auto.trigger.threshold = 10000 (custom)
2019-08-12 04:08:56,519 INFO  server.RaftServerConfigKeys (ConfUtils.java:logGet(43)) - raft.server.log.preallocated.size = 16384 (custom)
2019-08-12 04:08:56,519 INFO  server.RaftServerConfigKeys (ConfUtils.java:logGet(43)) - raft.server.retrycache.expirytime = 600000ms (custom)
2019-08-12 04:08:56,519 INFO  server.RaftServerConfigKeys (ConfUtils.java:logGet(43)) - raft.server.log.preallocated.size = 16384 (custom)
2019-08-12 04:08:56,519 INFO  server.RaftServerConfigKeys (ConfUtils.java:logGet(43)) - raft.server.log.write.buffer.size = 33554432 (custom)
2019-08-12 04:08:56,520 INFO  impl.RaftServerImpl (RaftServerImpl.java:start(180)) - 5f43b17a-624c-455b-ac70-d237e935916e: start group-830E9DED769E
2019-08-12 04:08:56,520 INFO  server.RaftServerConfigKeys (ConfUtils.java:logGet(43)) - raft.server.log.write.buffer.size = 33554432 (custom)
2019-08-12 04:08:56,520 INFO  impl.RaftServerImpl (RaftServerImpl.java:setRole(171)) - 5f43b17a-624c-455b-ac70-d237e935916e:group-830E9DED769E changes role from null to FOLLOWER at term 0 for startAsFollower
2019-08-12 04:08:56,520 INFO  server.RaftServerConfigKeys (ConfUtils.java:logGet(43)) - raft.server.log.force.sync.num = 128 (default)
2019-08-12 04:08:56,520 INFO  impl.RoleInfo (RoleInfo.java:updateAndGet(143)) - 5f43b17a-624c-455b-ac70-d237e935916e: start FollowerState
2019-08-12 04:08:56,520 INFO  server.RaftServerConfigKeys (ConfUtils.java:logGet(43)) - raft.server.log.force.sync.num = 128 (default)
2019-08-12 04:08:56,520 INFO  server.RaftServerConfigKeys (ConfUtils.java:logGet(43)) - raft.server.log.statemachine.data.sync = true (default)
2019-08-12 04:08:56,520 INFO  server.RaftServerConfigKeys (ConfUtils.java:logGet(43)) - raft.server.log.statemachine.data.sync = true (default)
2019-08-12 04:08:56,520 INFO  util.JmxRegister (JmxRegister.java:tryRegister(44)) - Successfully registered JMX Bean with object name Ratis:service=RaftServer,group=group-830E9DED769E,id=5f43b17a-624c-455b-ac70-d237e935916e
2019-08-12 04:08:56,520 INFO  server.RaftServerConfigKeys (ConfUtils.java:logGet(43)) - raft.server.log.statemachine.data.sync.timeout = 10s (default)
2019-08-12 04:08:56,520 INFO  server.RaftServerConfigKeys (ConfUtils.java:logGet(43)) - raft.server.log.statemachine.data.sync.timeout = 10s (default)
2019-08-12 04:08:56,521 INFO  server.RaftServerConfigKeys (ConfUtils.java:logGet(43)) - raft.server.log.statemachine.data.sync.timeout.retry = -1 (default)
2019-08-12 04:08:56,521 INFO  server.RaftServerConfigKeys (ConfUtils.java:logGet(43)) - raft.server.log.statemachine.data.sync.timeout.retry = -1 (default)
2019-08-12 04:08:56,521 INFO  server.RaftServerConfigKeys (ConfUtils.java:logGet(43)) - raft.server.log.statemachine.data.caching.enabled = true (custom)
2019-08-12 04:08:56,521 INFO  server.RaftServerConfigKeys (ConfUtils.java:logGet(43)) - raft.server.log.statemachine.data.caching.enabled = true (custom)
2019-08-12 04:08:56,521 INFO  segmented.SegmentedRaftLogWorker (SegmentedRaftLogWorker.java:lambda$new$0(132)) - d8af83b5-b38a-44c4-acce-62c46298d170-SegmentedRaftLogWorker:Storage Directory /workdir/hadoop-ozone/integration-test/target/test-dir/MiniOzoneClusterImpl-8ab67caf-427a-4247-bc98-713520941bc9/datanode-5/data/ratis/00797c47-3779-4abf-8449-830e9ded769e: flushIndex: setUnconditionally 0 -> -1
2019-08-12 04:08:56,521 INFO  segmented.SegmentedRaftLogWorker (SegmentedRaftLogWorker.java:lambda$new$0(132)) - 00b241ce-6529-4fc4-82dd-26815ed218ff-SegmentedRaftLogWorker:Storage Directory /workdir/hadoop-ozone/integration-test/target/test-dir/MiniOzoneClusterImpl-8ab67caf-427a-4247-bc98-713520941bc9/datanode-4/data/ratis/00797c47-3779-4abf-8449-830e9ded769e: flushIndex: setUnconditionally 0 -> -1
2019-08-12 04:08:56,522 INFO  server.RaftServerConfigKeys (ConfUtils.java:logGet(43)) - raft.server.snapshot.auto.trigger.enabled = true (custom)
2019-08-12 04:08:56,522 INFO  server.RaftServerConfigKeys (ConfUtils.java:logGet(43)) - raft.server.snapshot.auto.trigger.enabled = true (custom)
2019-08-12 04:08:56,522 INFO  server.RaftServerConfigKeys (ConfUtils.java:logGet(43)) - raft.server.snapshot.auto.trigger.threshold = 10000 (custom)
2019-08-12 04:08:56,522 INFO  server.RaftServerConfigKeys (ConfUtils.java:logGet(43)) - raft.server.snapshot.auto.trigger.threshold = 10000 (custom)
2019-08-12 04:08:56,522 INFO  server.RaftServerConfigKeys (ConfUtils.java:logGet(43)) - raft.server.retrycache.expirytime = 600000ms (custom)
2019-08-12 04:08:56,522 INFO  server.RaftServerConfigKeys (ConfUtils.java:logGet(43)) - raft.server.retrycache.expirytime = 600000ms (custom)
2019-08-12 04:08:56,522 INFO  impl.RaftServerImpl (RaftServerImpl.java:start(180)) - d8af83b5-b38a-44c4-acce-62c46298d170: start group-830E9DED769E
2019-08-12 04:08:56,522 INFO  impl.RaftServerImpl (RaftServerImpl.java:start(180)) - 00b241ce-6529-4fc4-82dd-26815ed218ff: start group-830E9DED769E
2019-08-12 04:08:56,522 INFO  impl.RaftServerImpl (RaftServerImpl.java:setRole(171)) - d8af83b5-b38a-44c4-acce-62c46298d170:group-830E9DED769E changes role from null to FOLLOWER at term 0 for startAsFollower
2019-08-12 04:08:56,522 INFO  impl.RaftServerImpl (RaftServerImpl.java:setRole(171)) - 00b241ce-6529-4fc4-82dd-26815ed218ff:group-830E9DED769E changes role from null to FOLLOWER at term 0 for startAsFollower
2019-08-12 04:08:56,522 INFO  impl.RoleInfo (RoleInfo.java:updateAndGet(143)) - d8af83b5-b38a-44c4-acce-62c46298d170: start FollowerState
2019-08-12 04:08:56,522 INFO  impl.RoleInfo (RoleInfo.java:updateAndGet(143)) - 00b241ce-6529-4fc4-82dd-26815ed218ff: start FollowerState
2019-08-12 04:08:56,523 INFO  util.JmxRegister (JmxRegister.java:tryRegister(44)) - Successfully registered JMX Bean with object name Ratis:service=RaftServer,group=group-830E9DED769E,id=d8af83b5-b38a-44c4-acce-62c46298d170
2019-08-12 04:08:56,523 INFO  util.JmxRegister (JmxRegister.java:tryRegister(44)) - Successfully registered JMX Bean with object name Ratis:service=RaftServer,group=group-830E9DED769E,id=00b241ce-6529-4fc4-82dd-26815ed218ff
2019-08-12 04:08:56,525 INFO  pipeline.PipelineStateManager (PipelineStateManager.java:addPipeline(56)) - Created pipeline Pipeline[ Id: 00797c47-3779-4abf-8449-830e9ded769e, Nodes: 00b241ce-6529-4fc4-82dd-26815ed218ff{ip: 192.168.157.230, host: byscane-nightly-pnj9f-4033720222, networkLocation: /default-rack, certSerialId: null}5f43b17a-624c-455b-ac70-d237e935916e{ip: 192.168.157.230, host: byscane-nightly-pnj9f-4033720222, networkLocation: /default-rack, certSerialId: null}d8af83b5-b38a-44c4-acce-62c46298d170{ip: 192.168.157.230, host: byscane-nightly-pnj9f-4033720222, networkLocation: /default-rack, certSerialId: null}, Type:RATIS, Factor:THREE, State:OPEN]
2019-08-12 04:08:56,577 INFO  ozone.MiniOzoneClusterImpl (MiniOzoneClusterImpl.java:lambda$waitForClusterToBeReady$0(142)) - Waiting for cluster to be ready. Got 6 of 7 DN Heartbeats.
2019-08-12 04:08:56,578 INFO  net.NetworkTopology (NetworkTopologyImpl.java:add(110)) - Added a new node: /default-rack/6762e180-8cde-4855-9221-afd7dc52c267
2019-08-12 04:08:56,578 INFO  node.SCMNodeManager (SCMNodeManager.java:register(273)) - Registered Data node : 6762e180-8cde-4855-9221-afd7dc52c267{ip: 192.168.157.230, host: byscane-nightly-pnj9f-4033720222, networkLocation: /default-rack, certSerialId: null}
2019-08-12 04:08:56,586 INFO  impl.RaftServerProxy (RaftServerProxy.java:addNew(89)) - 6762e180-8cde-4855-9221-afd7dc52c267: addNew group-DD0F715DC068:[6762e180-8cde-4855-9221-afd7dc52c267:192.168.157.230:41569] returns group-DD0F715DC068:java.util.concurrent.CompletableFuture@59061418[Not completed]
2019-08-12 04:08:56,587 INFO  impl.RaftServerImpl (RaftServerImpl.java:<init>(93)) - 6762e180-8cde-4855-9221-afd7dc52c267: new RaftServerImpl for group-DD0F715DC068:[6762e180-8cde-4855-9221-afd7dc52c267:192.168.157.230:41569] with ContainerStateMachine:uninitialized
2019-08-12 04:08:56,587 INFO  server.RaftServerConfigKeys (ConfUtils.java:logGet(43)) - raft.server.rpc.timeout.min = 5s (custom)
2019-08-12 04:08:56,587 INFO  server.RaftServerConfigKeys (ConfUtils.java:logGet(43)) - raft.server.rpc.timeout.max = 5200ms (custom)
2019-08-12 04:08:56,587 INFO  server.RaftServerConfigKeys (ConfUtils.java:logGet(43)) - raft.server.rpcslowness.timeout = 120s (custom)
2019-08-12 04:08:56,587 INFO  server.RaftServerConfigKeys (ConfUtils.java:logGet(43)) - raft.server.sleep.deviation.threshold = 300 (default)
2019-08-12 04:08:56,587 INFO  server.RaftServerConfigKeys (ConfUtils.java:logGet(43)) - raft.server.log.appender.install.snapshot.enabled = false (custom)
2019-08-12 04:08:56,587 INFO  impl.RaftServerImpl (ServerState.java:<init>(105)) - 6762e180-8cde-4855-9221-afd7dc52c267:group-DD0F715DC068 ConfigurationManager, init=-1: [6762e180-8cde-4855-9221-afd7dc52c267:192.168.157.230:41569], old=null, confs=<EMPTY_MAP>
2019-08-12 04:08:56,588 INFO  server.RaftServerConfigKeys (ConfUtils.java:logGet(43)) - raft.server.storage.dir = [/workdir/hadoop-ozone/integration-test/target/test-dir/MiniOzoneClusterImpl-8ab67caf-427a-4247-bc98-713520941bc9/datanode-6/data/ratis] (custom)
2019-08-12 04:08:56,588 INFO  storage.RaftStorageDirectory (RaftStorageDirectory.java:analyzeStorage(246)) - The storage directory /workdir/hadoop-ozone/integration-test/target/test-dir/MiniOzoneClusterImpl-8ab67caf-427a-4247-bc98-713520941bc9/datanode-6/data/ratis/e35bfe98-1385-4926-9937-dd0f715dc068 does not exist. Creating ...
2019-08-12 04:08:56,601 INFO  storage.RaftStorageDirectory (RaftStorageDirectory.java:tryLock(328)) - Lock on /workdir/hadoop-ozone/integration-test/target/test-dir/MiniOzoneClusterImpl-8ab67caf-427a-4247-bc98-713520941bc9/datanode-6/data/ratis/e35bfe98-1385-4926-9937-dd0f715dc068/in_use.lock acquired by nodename 21416@byscane-nightly-pnj9f-4033720222
2019-08-12 04:08:56,613 INFO  storage.RaftStorage (RaftStorage.java:format(72)) - Storage directory /workdir/hadoop-ozone/integration-test/target/test-dir/MiniOzoneClusterImpl-8ab67caf-427a-4247-bc98-713520941bc9/datanode-6/data/ratis/e35bfe98-1385-4926-9937-dd0f715dc068 has been successfully formatted.
2019-08-12 04:08:56,614 INFO  ratis.ContainerStateMachine (ContainerStateMachine.java:loadSnapshot(213)) - group-DD0F715DC068: The snapshot info is null. Setting the last applied indexto:(t:0, i:~)
2019-08-12 04:08:56,614 INFO  server.RaftServerConfigKeys (ConfUtils.java:logGet(43)) - raft.server.leader.election.timeout = 120s (custom)
2019-08-12 04:08:56,614 INFO  server.RaftServerConfigKeys (ConfUtils.java:logGet(43)) - raft.server.log.use.memory = false (default)
2019-08-12 04:08:56,615 INFO  server.RaftServerConfigKeys (ConfUtils.java:logGet(43)) - raft.server.log.purge.gap = 1000000000 (custom)
2019-08-12 04:08:56,615 INFO  server.RaftServerConfigKeys (ConfUtils.java:logGet(43)) - raft.server.log.appender.buffer.byte-limit = 33554432 (custom)
2019-08-12 04:08:56,615 INFO  server.RaftServerConfigKeys (ConfUtils.java:logGet(43)) - raft.server.log.segment.size.max = 1048576 (custom)
2019-08-12 04:08:56,615 INFO  server.RaftServerConfigKeys (ConfUtils.java:logGet(43)) - raft.server.log.segment.cache.num.max = 2 (custom)
2019-08-12 04:08:56,616 INFO  segmented.SegmentedRaftLogWorker (SegmentedRaftLogWorker.java:<init>(172)) - new 6762e180-8cde-4855-9221-afd7dc52c267-SegmentedRaftLogWorker:Storage Directory /workdir/hadoop-ozone/integration-test/target/test-dir/MiniOzoneClusterImpl-8ab67caf-427a-4247-bc98-713520941bc9/datanode-6/data/ratis/e35bfe98-1385-4926-9937-dd0f715dc068 for RaftStorage:Storage Directory /workdir/hadoop-ozone/integration-test/target/test-dir/MiniOzoneClusterImpl-8ab67caf-427a-4247-bc98-713520941bc9/datanode-6/data/ratis/e35bfe98-1385-4926-9937-dd0f715dc068
2019-08-12 04:08:56,616 INFO  server.RaftServerConfigKeys (ConfUtils.java:logGet(43)) - raft.server.log.queue.byte-limit = 2147483647 (custom)
2019-08-12 04:08:56,616 INFO  server.RaftServerConfigKeys (ConfUtils.java:logGet(43)) - raft.server.log.queue.element-limit = 1024 (custom)
2019-08-12 04:08:56,616 INFO  server.RaftServerConfigKeys (ConfUtils.java:logGet(43)) - raft.server.log.segment.size.max = 1048576 (custom)
2019-08-12 04:08:56,617 INFO  server.RaftServerConfigKeys (ConfUtils.java:logGet(43)) - raft.server.log.preallocated.size = 16384 (custom)
2019-08-12 04:08:56,617 INFO  server.RaftServerConfigKeys (ConfUtils.java:logGet(43)) - raft.server.log.write.buffer.size = 33554432 (custom)
2019-08-12 04:08:56,617 INFO  server.RaftServerConfigKeys (ConfUtils.java:logGet(43)) - raft.server.log.force.sync.num = 128 (default)
2019-08-12 04:08:56,617 INFO  server.RaftServerConfigKeys (ConfUtils.java:logGet(43)) - raft.server.log.statemachine.data.sync = true (default)
2019-08-12 04:08:56,617 INFO  server.RaftServerConfigKeys (ConfUtils.java:logGet(43)) - raft.server.log.statemachine.data.sync.timeout = 10s (default)
2019-08-12 04:08:56,617 INFO  server.RaftServerConfigKeys (ConfUtils.java:logGet(43)) - raft.server.log.statemachine.data.sync.timeout.retry = -1 (default)
2019-08-12 04:08:56,618 INFO  server.RaftServerConfigKeys (ConfUtils.java:logGet(43)) - raft.server.log.statemachine.data.caching.enabled = true (custom)
2019-08-12 04:08:56,618 INFO  segmented.SegmentedRaftLogWorker (SegmentedRaftLogWorker.java:lambda$new$0(132)) - 6762e180-8cde-4855-9221-afd7dc52c267-SegmentedRaftLogWorker:Storage Directory /workdir/hadoop-ozone/integration-test/target/test-dir/MiniOzoneClusterImpl-8ab67caf-427a-4247-bc98-713520941bc9/datanode-6/data/ratis/e35bfe98-1385-4926-9937-dd0f715dc068: flushIndex: setUnconditionally 0 -> -1
2019-08-12 04:08:56,618 INFO  server.RaftServerConfigKeys (ConfUtils.java:logGet(43)) - raft.server.snapshot.auto.trigger.enabled = true (custom)
2019-08-12 04:08:56,619 INFO  server.RaftServerConfigKeys (ConfUtils.java:logGet(43)) - raft.server.snapshot.auto.trigger.threshold = 10000 (custom)
2019-08-12 04:08:56,619 INFO  server.RaftServerConfigKeys (ConfUtils.java:logGet(43)) - raft.server.retrycache.expirytime = 600000ms (custom)
2019-08-12 04:08:56,619 INFO  impl.RaftServerImpl (RaftServerImpl.java:start(180)) - 6762e180-8cde-4855-9221-afd7dc52c267: start group-DD0F715DC068
2019-08-12 04:08:56,619 INFO  impl.RaftServerImpl (RaftServerImpl.java:setRole(171)) - 6762e180-8cde-4855-9221-afd7dc52c267:group-DD0F715DC068 changes role from null to FOLLOWER at term 0 for startAsFollower
2019-08-12 04:08:56,619 INFO  impl.RoleInfo (RoleInfo.java:updateAndGet(143)) - 6762e180-8cde-4855-9221-afd7dc52c267: start FollowerState
2019-08-12 04:08:56,620 INFO  util.JmxRegister (JmxRegister.java:tryRegister(44)) - Successfully registered JMX Bean with object name Ratis:service=RaftServer,group=group-DD0F715DC068,id=6762e180-8cde-4855-9221-afd7dc52c267
2019-08-12 04:08:56,622 INFO  pipeline.PipelineStateManager (PipelineStateManager.java:addPipeline(56)) - Created pipeline Pipeline[ Id: e35bfe98-1385-4926-9937-dd0f715dc068, Nodes: 6762e180-8cde-4855-9221-afd7dc52c267{ip: 192.168.157.230, host: byscane-nightly-pnj9f-4033720222, networkLocation: /default-rack, certSerialId: null}, Type:RATIS, Factor:ONE, State:OPEN]
2019-08-12 04:08:57,577 INFO  ozone.MiniOzoneClusterImpl (MiniOzoneClusterImpl.java:lambda$waitForClusterToBeReady$0(142)) - Cluster is ready. Got 7 of 7 DN Heartbeats.
2019-08-12 04:08:57,613 INFO  rpc.RpcClient (RpcClient.java:createVolume(288)) - Creating Volume: testblockoutputstream, with jenkins1000 as owner.
2019-08-12 04:08:57,623 INFO  rpc.RpcClient (RpcClient.java:createBucket(425)) - Creating Bucket: testblockoutputstream/testblockoutputstream, with Versioning false and Storage Type set to DISK and Encryption set to false 
2019-08-12 04:08:57,647 INFO  client.GrpcClientProtocolClient (GrpcClientProtocolClient.java:onNext(255)) - client-FEFC15CD9ED8->47758c02-75a0-4e19-bf34-38cb8350cc70: receive RaftClientReply:client-FEFC15CD9ED8->47758c02-75a0-4e19-bf34-38cb8350cc70@group-C3CE133A16C2, cid=183, FAILED org.apache.ratis.protocol.NotLeaderException: Server 47758c02-75a0-4e19-bf34-38cb8350cc70 is not the leader (null). Request must be sent to leader., logIndex=0, commits[47758c02-75a0-4e19-bf34-38cb8350cc70:c-1]
2019-08-12 04:08:58,369 INFO  container.ReplicationManager (ReplicationManager.java:start(155)) - Starting Replication Monitor Thread.
2019-08-12 04:08:58,375 INFO  container.ReplicationManager (ReplicationManager.java:run(207)) - Replication Monitor Thread took 0 milliseconds for processing 1 containers.
2019-08-12 04:08:58,661 INFO  client.GrpcClientProtocolClient (GrpcClientProtocolClient.java:onNext(255)) - client-FEFC15CD9ED8->2b0b4dad-071d-4827-b470-0b27b510987a: receive RaftClientReply:client-FEFC15CD9ED8->2b0b4dad-071d-4827-b470-0b27b510987a@group-C3CE133A16C2, cid=183, FAILED org.apache.ratis.protocol.NotLeaderException: Server 2b0b4dad-071d-4827-b470-0b27b510987a is not the leader (null). Request must be sent to leader., logIndex=0, commits[2b0b4dad-071d-4827-b470-0b27b510987a:c-1]
2019-08-12 04:08:59,669 INFO  client.GrpcClientProtocolClient (GrpcClientProtocolClient.java:onNext(255)) - client-FEFC15CD9ED8->47758c02-75a0-4e19-bf34-38cb8350cc70: receive RaftClientReply:client-FEFC15CD9ED8->47758c02-75a0-4e19-bf34-38cb8350cc70@group-C3CE133A16C2, cid=183, FAILED org.apache.ratis.protocol.NotLeaderException: Server 47758c02-75a0-4e19-bf34-38cb8350cc70 is not the leader (null). Request must be sent to leader., logIndex=0, commits[47758c02-75a0-4e19-bf34-38cb8350cc70:c-1]
2019-08-12 04:09:00,519 INFO  impl.FollowerState (FollowerState.java:run(106)) - 47758c02-75a0-4e19-bf34-38cb8350cc70:group-9BCF5A3510EC changes to CANDIDATE, lastRpcTime:5094, electionTimeout:5094ms
2019-08-12 04:09:00,520 INFO  impl.RoleInfo (RoleInfo.java:shutdownFollowerState(121)) - 47758c02-75a0-4e19-bf34-38cb8350cc70: shutdown FollowerState
2019-08-12 04:09:00,520 INFO  impl.RaftServerImpl (RaftServerImpl.java:setRole(171)) - 47758c02-75a0-4e19-bf34-38cb8350cc70:group-9BCF5A3510EC changes role from FOLLOWER to CANDIDATE at term 0 for changeToCandidate
2019-08-12 04:09:00,520 INFO  impl.RoleInfo (RoleInfo.java:updateAndGet(143)) - 47758c02-75a0-4e19-bf34-38cb8350cc70: start LeaderElection
2019-08-12 04:09:00,539 INFO  impl.LeaderElection (LeaderElection.java:askForVotes(181)) - 47758c02-75a0-4e19-bf34-38cb8350cc70:group-9BCF5A3510EC:LeaderElection75: begin an election at term 1 for -1: [47758c02-75a0-4e19-bf34-38cb8350cc70:192.168.157.230:35911], old=null
2019-08-12 04:09:00,539 INFO  impl.RoleInfo (RoleInfo.java:shutdownLeaderElection(134)) - 47758c02-75a0-4e19-bf34-38cb8350cc70: shutdown LeaderElection
2019-08-12 04:09:00,540 INFO  impl.RaftServerImpl (RaftServerImpl.java:setRole(171)) - 47758c02-75a0-4e19-bf34-38cb8350cc70:group-9BCF5A3510EC changes role from CANDIDATE to LEADER at term 1 for changeToLeader
2019-08-12 04:09:00,540 INFO  impl.RaftServerImpl (ServerState.java:setLeader(263)) - 47758c02-75a0-4e19-bf34-38cb8350cc70:group-9BCF5A3510EC change Leader from null to 47758c02-75a0-4e19-bf34-38cb8350cc70 at term 1 for becomeLeader, leader elected after 5118ms
2019-08-12 04:09:00,540 INFO  server.RaftServerConfigKeys (ConfUtils.java:logGet(43)) - raft.server.staging.catchup.gap = 1000 (default)
2019-08-12 04:09:00,540 INFO  server.RaftServerConfigKeys (ConfUtils.java:logGet(43)) - raft.server.rpc.sleep.time = 25ms (default)
2019-08-12 04:09:00,540 INFO  server.RaftServerConfigKeys (ConfUtils.java:logGet(43)) - raft.server.write.element-limit = 4096 (default)
2019-08-12 04:09:00,541 INFO  server.RaftServerConfigKeys (ConfUtils.java:logGet(43)) - raft.server.watch.timeout = 10s (default)
2019-08-12 04:09:00,541 INFO  server.RaftServerConfigKeys (ConfUtils.java:logGet(43)) - raft.server.watch.timeout.denomination = 1s (default)
2019-08-12 04:09:00,541 INFO  server.RaftServerConfigKeys (ConfUtils.java:logGet(43)) - raft.server.watch.element-limit = 65536 (default)
2019-08-12 04:09:00,541 INFO  impl.RoleInfo (RoleInfo.java:updateAndGet(143)) - 47758c02-75a0-4e19-bf34-38cb8350cc70: start LeaderState
2019-08-12 04:09:00,542 INFO  segmented.SegmentedRaftLogWorker (SegmentedRaftLogWorker.java:startLogSegment(380)) - 47758c02-75a0-4e19-bf34-38cb8350cc70-SegmentedRaftLogWorker:Storage Directory /workdir/hadoop-ozone/integration-test/target/test-dir/MiniOzoneClusterImpl-8ab67caf-427a-4247-bc98-713520941bc9/datanode-0/data/ratis/46da026b-8c85-4b24-9491-9bcf5a3510ec: Starting segment from index:0
2019-08-12 04:09:00,542 INFO  impl.RaftServerImpl (ServerState.java:setRaftConf(361)) - 47758c02-75a0-4e19-bf34-38cb8350cc70:group-9BCF5A3510EC set configuration 0: [47758c02-75a0-4e19-bf34-38cb8350cc70:192.168.157.230:35911], old=null at 0
2019-08-12 04:09:00,580 INFO  segmented.SegmentedRaftLogWorker (SegmentedRaftLogWorker.java:execute(569)) - 47758c02-75a0-4e19-bf34-38cb8350cc70-SegmentedRaftLogWorker:Storage Directory /workdir/hadoop-ozone/integration-test/target/test-dir/MiniOzoneClusterImpl-8ab67caf-427a-4247-bc98-713520941bc9/datanode-0/data/ratis/46da026b-8c85-4b24-9491-9bcf5a3510ec: created new log segment /workdir/hadoop-ozone/integration-test/target/test-dir/MiniOzoneClusterImpl-8ab67caf-427a-4247-bc98-713520941bc9/datanode-0/data/ratis/46da026b-8c85-4b24-9491-9bcf5a3510ec/current/log_inprogress_0
2019-08-12 04:09:00,688 INFO  client.GrpcClientProtocolClient (GrpcClientProtocolClient.java:onNext(255)) - client-FEFC15CD9ED8->feed998e-786d-42b1-b0ed-1d0664f297ba: receive RaftClientReply:client-FEFC15CD9ED8->feed998e-786d-42b1-b0ed-1d0664f297ba@group-C3CE133A16C2, cid=183, FAILED org.apache.ratis.protocol.NotLeaderException: Server feed998e-786d-42b1-b0ed-1d0664f297ba is not the leader (null). Request must be sent to leader., logIndex=0, commits[feed998e-786d-42b1-b0ed-1d0664f297ba:c-1]
2019-08-12 04:09:00,930 INFO  impl.FollowerState (FollowerState.java:run(106)) - 2b0b4dad-071d-4827-b470-0b27b510987a:group-7B00B7597C68 changes to CANDIDATE, lastRpcTime:5146, electionTimeout:5146ms
2019-08-12 04:09:00,930 INFO  impl.RoleInfo (RoleInfo.java:shutdownFollowerState(121)) - 2b0b4dad-071d-4827-b470-0b27b510987a: shutdown FollowerState
2019-08-12 04:09:00,930 INFO  impl.RaftServerImpl (RaftServerImpl.java:setRole(171)) - 2b0b4dad-071d-4827-b470-0b27b510987a:group-7B00B7597C68 changes role from FOLLOWER to CANDIDATE at term 0 for changeToCandidate
2019-08-12 04:09:00,930 INFO  impl.RoleInfo (RoleInfo.java:updateAndGet(143)) - 2b0b4dad-071d-4827-b470-0b27b510987a: start LeaderElection
2019-08-12 04:09:00,949 INFO  impl.LeaderElection (LeaderElection.java:askForVotes(181)) - 2b0b4dad-071d-4827-b470-0b27b510987a:group-7B00B7597C68:LeaderElection76: begin an election at term 1 for -1: [2b0b4dad-071d-4827-b470-0b27b510987a:192.168.157.230:40875], old=null
2019-08-12 04:09:00,949 INFO  impl.RoleInfo (RoleInfo.java:shutdownLeaderElection(134)) - 2b0b4dad-071d-4827-b470-0b27b510987a: shutdown LeaderElection
2019-08-12 04:09:00,950 INFO  impl.RaftServerImpl (RaftServerImpl.java:setRole(171)) - 2b0b4dad-071d-4827-b470-0b27b510987a:group-7B00B7597C68 changes role from CANDIDATE to LEADER at term 1 for changeToLeader
2019-08-12 04:09:00,950 INFO  impl.RaftServerImpl (ServerState.java:setLeader(263)) - 2b0b4dad-071d-4827-b470-0b27b510987a:group-7B00B7597C68 change Leader from null to 2b0b4dad-071d-4827-b470-0b27b510987a at term 1 for becomeLeader, leader elected after 5171ms
2019-08-12 04:09:00,950 INFO  server.RaftServerConfigKeys (ConfUtils.java:logGet(43)) - raft.server.staging.catchup.gap = 1000 (default)
2019-08-12 04:09:00,950 INFO  server.RaftServerConfigKeys (ConfUtils.java:logGet(43)) - raft.server.rpc.sleep.time = 25ms (default)
2019-08-12 04:09:00,950 INFO  server.RaftServerConfigKeys (ConfUtils.java:logGet(43)) - raft.server.write.element-limit = 4096 (default)
2019-08-12 04:09:00,950 INFO  server.RaftServerConfigKeys (ConfUtils.java:logGet(43)) - raft.server.watch.timeout = 10s (default)
2019-08-12 04:09:00,950 INFO  server.RaftServerConfigKeys (ConfUtils.java:logGet(43)) - raft.server.watch.timeout.denomination = 1s (default)
2019-08-12 04:09:00,950 INFO  server.RaftServerConfigKeys (ConfUtils.java:logGet(43)) - raft.server.watch.element-limit = 65536 (default)
2019-08-12 04:09:00,951 INFO  impl.RoleInfo (RoleInfo.java:updateAndGet(143)) - 2b0b4dad-071d-4827-b470-0b27b510987a: start LeaderState
2019-08-12 04:09:00,951 INFO  segmented.SegmentedRaftLogWorker (SegmentedRaftLogWorker.java:startLogSegment(380)) - 2b0b4dad-071d-4827-b470-0b27b510987a-SegmentedRaftLogWorker:Storage Directory /workdir/hadoop-ozone/integration-test/target/test-dir/MiniOzoneClusterImpl-8ab67caf-427a-4247-bc98-713520941bc9/datanode-1/data/ratis/4e65e228-6f22-4125-88bc-7b00b7597c68: Starting segment from index:0
2019-08-12 04:09:00,952 INFO  impl.RaftServerImpl (ServerState.java:setRaftConf(361)) - 2b0b4dad-071d-4827-b470-0b27b510987a:group-7B00B7597C68 set configuration 0: [2b0b4dad-071d-4827-b470-0b27b510987a:192.168.157.230:40875], old=null at 0
2019-08-12 04:09:00,993 INFO  segmented.SegmentedRaftLogWorker (SegmentedRaftLogWorker.java:execute(569)) - 2b0b4dad-071d-4827-b470-0b27b510987a-SegmentedRaftLogWorker:Storage Directory /workdir/hadoop-ozone/integration-test/target/test-dir/MiniOzoneClusterImpl-8ab67caf-427a-4247-bc98-713520941bc9/datanode-1/data/ratis/4e65e228-6f22-4125-88bc-7b00b7597c68: created new log segment /workdir/hadoop-ozone/integration-test/target/test-dir/MiniOzoneClusterImpl-8ab67caf-427a-4247-bc98-713520941bc9/datanode-1/data/ratis/4e65e228-6f22-4125-88bc-7b00b7597c68/current/log_inprogress_0
2019-08-12 04:09:01,094 INFO  impl.FollowerState (FollowerState.java:run(106)) - 47758c02-75a0-4e19-bf34-38cb8350cc70:group-C3CE133A16C2 changes to CANDIDATE, lastRpcTime:5079, electionTimeout:5079ms
2019-08-12 04:09:01,094 INFO  impl.RoleInfo (RoleInfo.java:shutdownFollowerState(121)) - 47758c02-75a0-4e19-bf34-38cb8350cc70: shutdown FollowerState
2019-08-12 04:09:01,094 INFO  impl.RaftServerImpl (RaftServerImpl.java:setRole(171)) - 47758c02-75a0-4e19-bf34-38cb8350cc70:group-C3CE133A16C2 changes role from FOLLOWER to CANDIDATE at term 0 for changeToCandidate
2019-08-12 04:09:01,094 INFO  impl.RoleInfo (RoleInfo.java:updateAndGet(143)) - 47758c02-75a0-4e19-bf34-38cb8350cc70: start LeaderElection
2019-08-12 04:09:01,113 INFO  impl.LeaderElection (LeaderElection.java:askForVotes(181)) - 47758c02-75a0-4e19-bf34-38cb8350cc70:group-C3CE133A16C2:LeaderElection77: begin an election at term 1 for -1: [feed998e-786d-42b1-b0ed-1d0664f297ba:192.168.157.230:37891, 47758c02-75a0-4e19-bf34-38cb8350cc70:192.168.157.230:35911, 2b0b4dad-071d-4827-b470-0b27b510987a:192.168.157.230:40875], old=null
2019-08-12 04:09:01,117 INFO  impl.RaftServerImpl (RaftServerImpl.java:setRole(171)) - 2b0b4dad-071d-4827-b470-0b27b510987a:group-C3CE133A16C2 changes role from FOLLOWER to FOLLOWER at term 1 for recognizeCandidate:47758c02-75a0-4e19-bf34-38cb8350cc70
2019-08-12 04:09:01,119 INFO  impl.RaftServerImpl (RaftServerImpl.java:setRole(171)) - feed998e-786d-42b1-b0ed-1d0664f297ba:group-C3CE133A16C2 changes role from FOLLOWER to FOLLOWER at term 1 for recognizeCandidate:47758c02-75a0-4e19-bf34-38cb8350cc70
2019-08-12 04:09:01,119 INFO  impl.RoleInfo (RoleInfo.java:shutdownFollowerState(121)) - 2b0b4dad-071d-4827-b470-0b27b510987a: shutdown FollowerState
2019-08-12 04:09:01,119 INFO  impl.RoleInfo (RoleInfo.java:shutdownFollowerState(121)) - feed998e-786d-42b1-b0ed-1d0664f297ba: shutdown FollowerState
2019-08-12 04:09:01,119 INFO  impl.FollowerState (FollowerState.java:run(114)) - 2b0b4dad-071d-4827-b470-0b27b510987a: FollowerState was interrupted: java.lang.InterruptedException: sleep interrupted
2019-08-12 04:09:01,119 INFO  impl.RoleInfo (RoleInfo.java:updateAndGet(143)) - 2b0b4dad-071d-4827-b470-0b27b510987a: start FollowerState
2019-08-12 04:09:01,120 INFO  impl.FollowerState (FollowerState.java:run(114)) - feed998e-786d-42b1-b0ed-1d0664f297ba: FollowerState was interrupted: java.lang.InterruptedException: sleep interrupted
2019-08-12 04:09:01,120 INFO  impl.RoleInfo (RoleInfo.java:updateAndGet(143)) - feed998e-786d-42b1-b0ed-1d0664f297ba: start FollowerState
2019-08-12 04:09:01,134 INFO  impl.FollowerState (FollowerState.java:run(106)) - feed998e-786d-42b1-b0ed-1d0664f297ba:group-607FFD7198BE changes to CANDIDATE, lastRpcTime:5174, electionTimeout:5174ms
2019-08-12 04:09:01,134 INFO  impl.RoleInfo (RoleInfo.java:shutdownFollowerState(121)) - feed998e-786d-42b1-b0ed-1d0664f297ba: shutdown FollowerState
2019-08-12 04:09:01,134 INFO  impl.RaftServerImpl (RaftServerImpl.java:setRole(171)) - feed998e-786d-42b1-b0ed-1d0664f297ba:group-607FFD7198BE changes role from FOLLOWER to CANDIDATE at term 0 for changeToCandidate
2019-08-12 04:09:01,134 INFO  impl.RoleInfo (RoleInfo.java:updateAndGet(143)) - feed998e-786d-42b1-b0ed-1d0664f297ba: start LeaderElection
2019-08-12 04:09:01,139 INFO  impl.LeaderElection (LeaderElection.java:logAndReturn(56)) - 47758c02-75a0-4e19-bf34-38cb8350cc70:group-C3CE133A16C2:LeaderElection77: Election PASSED; received 1 response(s) [47758c02-75a0-4e19-bf34-38cb8350cc70<-feed998e-786d-42b1-b0ed-1d0664f297ba#0:OK-t1] and 0 exception(s); 47758c02-75a0-4e19-bf34-38cb8350cc70:t1, leader=null, voted=47758c02-75a0-4e19-bf34-38cb8350cc70, raftlog=47758c02-75a0-4e19-bf34-38cb8350cc70-SegmentedRaftLog:OPENED:c-1,f-1,i0, conf=-1: [feed998e-786d-42b1-b0ed-1d0664f297ba:192.168.157.230:37891, 47758c02-75a0-4e19-bf34-38cb8350cc70:192.168.157.230:35911, 2b0b4dad-071d-4827-b470-0b27b510987a:192.168.157.230:40875], old=null
2019-08-12 04:09:01,140 INFO  impl.RoleInfo (RoleInfo.java:shutdownLeaderElection(134)) - 47758c02-75a0-4e19-bf34-38cb8350cc70: shutdown LeaderElection
2019-08-12 04:09:01,140 INFO  impl.RaftServerImpl (RaftServerImpl.java:setRole(171)) - 47758c02-75a0-4e19-bf34-38cb8350cc70:group-C3CE133A16C2 changes role from CANDIDATE to LEADER at term 1 for changeToLeader
2019-08-12 04:09:01,140 INFO  impl.RaftServerImpl (ServerState.java:setLeader(263)) - 47758c02-75a0-4e19-bf34-38cb8350cc70:group-C3CE133A16C2 change Leader from null to 47758c02-75a0-4e19-bf34-38cb8350cc70 at term 1 for becomeLeader, leader elected after 5134ms
2019-08-12 04:09:01,140 INFO  server.RaftServerConfigKeys (ConfUtils.java:logGet(43)) - raft.server.staging.catchup.gap = 1000 (default)
2019-08-12 04:09:01,140 INFO  server.RaftServerConfigKeys (ConfUtils.java:logGet(43)) - raft.server.rpc.sleep.time = 25ms (default)
2019-08-12 04:09:01,140 INFO  server.RaftServerConfigKeys (ConfUtils.java:logGet(43)) - raft.server.write.element-limit = 4096 (default)
2019-08-12 04:09:01,141 INFO  server.RaftServerConfigKeys (ConfUtils.java:logGet(43)) - raft.server.watch.timeout = 10s (default)
2019-08-12 04:09:01,141 INFO  server.RaftServerConfigKeys (ConfUtils.java:logGet(43)) - raft.server.watch.timeout.denomination = 1s (default)
2019-08-12 04:09:01,141 INFO  server.RaftServerConfigKeys (ConfUtils.java:logGet(43)) - raft.server.watch.element-limit = 65536 (default)
2019-08-12 04:09:01,141 INFO  server.RaftServerConfigKeys (ConfUtils.java:logGet(43)) - raft.server.log.appender.snapshot.chunk.size.max = 16MB (=16777216) (default)
2019-08-12 04:09:01,141 INFO  server.RaftServerConfigKeys (ConfUtils.java:logGet(43)) - raft.server.log.appender.buffer.byte-limit = 33554432 (custom)
2019-08-12 04:09:01,142 INFO  server.RaftServerConfigKeys (ConfUtils.java:logGet(43)) - raft.server.log.appender.buffer.element-limit = 1 (custom)
2019-08-12 04:09:01,142 INFO  grpc.GrpcConfigKeys$Server (ConfUtils.java:logGet(43)) - raft.grpc.server.leader.outstanding.appends.max = 128 (default)
2019-08-12 04:09:01,142 INFO  server.RaftServerConfigKeys (ConfUtils.java:logGet(43)) - raft.server.rpc.request.timeout = 3000ms (default)
2019-08-12 04:09:01,142 INFO  server.RaftServerConfigKeys (ConfUtils.java:logGet(43)) - raft.server.log.appender.install.snapshot.enabled = false (custom)
2019-08-12 04:09:01,143 INFO  server.RaftServerConfigKeys (ConfUtils.java:logGet(43)) - raft.server.log.appender.snapshot.chunk.size.max = 16MB (=16777216) (default)
2019-08-12 04:09:01,143 INFO  server.RaftServerConfigKeys (ConfUtils.java:logGet(43)) - raft.server.log.appender.buffer.byte-limit = 33554432 (custom)
2019-08-12 04:09:01,143 INFO  server.RaftServerConfigKeys (ConfUtils.java:logGet(43)) - raft.server.log.appender.buffer.element-limit = 1 (custom)
2019-08-12 04:09:01,143 INFO  grpc.GrpcConfigKeys$Server (ConfUtils.java:logGet(43)) - raft.grpc.server.leader.outstanding.appends.max = 128 (default)
2019-08-12 04:09:01,143 INFO  server.RaftServerConfigKeys (ConfUtils.java:logGet(43)) - raft.server.rpc.request.timeout = 3000ms (default)
2019-08-12 04:09:01,144 INFO  server.RaftServerConfigKeys (ConfUtils.java:logGet(43)) - raft.server.log.appender.install.snapshot.enabled = false (custom)
2019-08-12 04:09:01,144 INFO  impl.RoleInfo (RoleInfo.java:updateAndGet(143)) - 47758c02-75a0-4e19-bf34-38cb8350cc70: start LeaderState
2019-08-12 04:09:01,144 INFO  segmented.SegmentedRaftLogWorker (SegmentedRaftLogWorker.java:startLogSegment(380)) - 47758c02-75a0-4e19-bf34-38cb8350cc70-SegmentedRaftLogWorker:Storage Directory /workdir/hadoop-ozone/integration-test/target/test-dir/MiniOzoneClusterImpl-8ab67caf-427a-4247-bc98-713520941bc9/datanode-0/data/ratis/79173478-a9a6-40a5-9739-c3ce133a16c2: Starting segment from index:0
2019-08-12 04:09:01,145 INFO  impl.RaftServerImpl (ServerState.java:setRaftConf(361)) - 47758c02-75a0-4e19-bf34-38cb8350cc70:group-C3CE133A16C2 set configuration 0: [feed998e-786d-42b1-b0ed-1d0664f297ba:192.168.157.230:37891, 47758c02-75a0-4e19-bf34-38cb8350cc70:192.168.157.230:35911, 2b0b4dad-071d-4827-b470-0b27b510987a:192.168.157.230:40875], old=null at 0
2019-08-12 04:09:01,179 INFO  impl.RaftServerImpl (ServerState.java:setLeader(263)) - 2b0b4dad-071d-4827-b470-0b27b510987a:group-C3CE133A16C2 change Leader from null to 47758c02-75a0-4e19-bf34-38cb8350cc70 at term 1 for appendEntries, leader elected after 5173ms
2019-08-12 04:09:01,179 INFO  impl.LeaderElection (LeaderElection.java:askForVotes(181)) - feed998e-786d-42b1-b0ed-1d0664f297ba:group-607FFD7198BE:LeaderElection78: begin an election at term 1 for -1: [feed998e-786d-42b1-b0ed-1d0664f297ba:192.168.157.230:37891], old=null
2019-08-12 04:09:01,180 INFO  impl.RoleInfo (RoleInfo.java:shutdownLeaderElection(134)) - feed998e-786d-42b1-b0ed-1d0664f297ba: shutdown LeaderElection
2019-08-12 04:09:01,189 INFO  impl.RaftServerImpl (ServerState.java:setLeader(263)) - feed998e-786d-42b1-b0ed-1d0664f297ba:group-C3CE133A16C2 change Leader from null to 47758c02-75a0-4e19-bf34-38cb8350cc70 at term 1 for appendEntries, leader elected after 5183ms
2019-08-12 04:09:01,189 INFO  impl.RaftServerImpl (RaftServerImpl.java:setRole(171)) - feed998e-786d-42b1-b0ed-1d0664f297ba:group-607FFD7198BE changes role from CANDIDATE to LEADER at term 1 for changeToLeader
2019-08-12 04:09:01,189 INFO  impl.RaftServerImpl (ServerState.java:setLeader(263)) - feed998e-786d-42b1-b0ed-1d0664f297ba:group-607FFD7198BE change Leader from null to feed998e-786d-42b1-b0ed-1d0664f297ba at term 1 for becomeLeader, leader elected after 5234ms
2019-08-12 04:09:01,190 INFO  server.RaftServerConfigKeys (ConfUtils.java:logGet(43)) - raft.server.staging.catchup.gap = 1000 (default)
2019-08-12 04:09:01,190 INFO  server.RaftServerConfigKeys (ConfUtils.java:logGet(43)) - raft.server.rpc.sleep.time = 25ms (default)
2019-08-12 04:09:01,192 INFO  server.RaftServerConfigKeys (ConfUtils.java:logGet(43)) - raft.server.write.element-limit = 4096 (default)
2019-08-12 04:09:01,192 INFO  server.RaftServerConfigKeys (ConfUtils.java:logGet(43)) - raft.server.watch.timeout = 10s (default)
2019-08-12 04:09:01,192 INFO  server.RaftServerConfigKeys (ConfUtils.java:logGet(43)) - raft.server.watch.timeout.denomination = 1s (default)
2019-08-12 04:09:01,192 INFO  server.RaftServerConfigKeys (ConfUtils.java:logGet(43)) - raft.server.watch.element-limit = 65536 (default)
2019-08-12 04:09:01,193 INFO  impl.RoleInfo (RoleInfo.java:updateAndGet(143)) - feed998e-786d-42b1-b0ed-1d0664f297ba: start LeaderState
2019-08-12 04:09:01,193 INFO  segmented.SegmentedRaftLogWorker (SegmentedRaftLogWorker.java:startLogSegment(380)) - feed998e-786d-42b1-b0ed-1d0664f297ba-SegmentedRaftLogWorker:Storage Directory /workdir/hadoop-ozone/integration-test/target/test-dir/MiniOzoneClusterImpl-8ab67caf-427a-4247-bc98-713520941bc9/datanode-2/data/ratis/dafb20c8-75cb-4db8-92cc-607ffd7198be: Starting segment from index:0
2019-08-12 04:09:01,193 INFO  impl.RaftServerImpl (ServerState.java:setRaftConf(361)) - feed998e-786d-42b1-b0ed-1d0664f297ba:group-607FFD7198BE set configuration 0: [feed998e-786d-42b1-b0ed-1d0664f297ba:192.168.157.230:37891], old=null at 0
2019-08-12 04:09:01,220 INFO  segmented.SegmentedRaftLogWorker (SegmentedRaftLogWorker.java:execute(569)) - 47758c02-75a0-4e19-bf34-38cb8350cc70-SegmentedRaftLogWorker:Storage Directory /workdir/hadoop-ozone/integration-test/target/test-dir/MiniOzoneClusterImpl-8ab67caf-427a-4247-bc98-713520941bc9/datanode-0/data/ratis/79173478-a9a6-40a5-9739-c3ce133a16c2: created new log segment /workdir/hadoop-ozone/integration-test/target/test-dir/MiniOzoneClusterImpl-8ab67caf-427a-4247-bc98-713520941bc9/datanode-0/data/ratis/79173478-a9a6-40a5-9739-c3ce133a16c2/current/log_inprogress_0
2019-08-12 04:09:01,220 INFO  impl.RaftServerImpl (ServerState.java:setRaftConf(361)) - feed998e-786d-42b1-b0ed-1d0664f297ba:group-C3CE133A16C2 set configuration 0: [feed998e-786d-42b1-b0ed-1d0664f297ba:192.168.157.230:37891, 47758c02-75a0-4e19-bf34-38cb8350cc70:192.168.157.230:35911, 2b0b4dad-071d-4827-b470-0b27b510987a:192.168.157.230:40875], old=null at 0
2019-08-12 04:09:01,220 INFO  impl.RaftServerImpl (ServerState.java:setRaftConf(361)) - 2b0b4dad-071d-4827-b470-0b27b510987a:group-C3CE133A16C2 set configuration 0: [feed998e-786d-42b1-b0ed-1d0664f297ba:192.168.157.230:37891, 47758c02-75a0-4e19-bf34-38cb8350cc70:192.168.157.230:35911, 2b0b4dad-071d-4827-b470-0b27b510987a:192.168.157.230:40875], old=null at 0
2019-08-12 04:09:01,220 INFO  segmented.SegmentedRaftLogWorker (SegmentedRaftLogWorker.java:startLogSegment(380)) - feed998e-786d-42b1-b0ed-1d0664f297ba-SegmentedRaftLogWorker:Storage Directory /workdir/hadoop-ozone/integration-test/target/test-dir/MiniOzoneClusterImpl-8ab67caf-427a-4247-bc98-713520941bc9/datanode-2/data/ratis/79173478-a9a6-40a5-9739-c3ce133a16c2: Starting segment from index:0
2019-08-12 04:09:01,221 INFO  segmented.SegmentedRaftLogWorker (SegmentedRaftLogWorker.java:startLogSegment(380)) - 2b0b4dad-071d-4827-b470-0b27b510987a-SegmentedRaftLogWorker:Storage Directory /workdir/hadoop-ozone/integration-test/target/test-dir/MiniOzoneClusterImpl-8ab67caf-427a-4247-bc98-713520941bc9/datanode-1/data/ratis/79173478-a9a6-40a5-9739-c3ce133a16c2: Starting segment from index:0
2019-08-12 04:09:01,232 INFO  segmented.SegmentedRaftLogWorker (SegmentedRaftLogWorker.java:execute(569)) - feed998e-786d-42b1-b0ed-1d0664f297ba-SegmentedRaftLogWorker:Storage Directory /workdir/hadoop-ozone/integration-test/target/test-dir/MiniOzoneClusterImpl-8ab67caf-427a-4247-bc98-713520941bc9/datanode-2/data/ratis/dafb20c8-75cb-4db8-92cc-607ffd7198be: created new log segment /workdir/hadoop-ozone/integration-test/target/test-dir/MiniOzoneClusterImpl-8ab67caf-427a-4247-bc98-713520941bc9/datanode-2/data/ratis/dafb20c8-75cb-4db8-92cc-607ffd7198be/current/log_inprogress_0
2019-08-12 04:09:01,262 INFO  segmented.SegmentedRaftLogWorker (SegmentedRaftLogWorker.java:execute(569)) - feed998e-786d-42b1-b0ed-1d0664f297ba-SegmentedRaftLogWorker:Storage Directory /workdir/hadoop-ozone/integration-test/target/test-dir/MiniOzoneClusterImpl-8ab67caf-427a-4247-bc98-713520941bc9/datanode-2/data/ratis/79173478-a9a6-40a5-9739-c3ce133a16c2: created new log segment /workdir/hadoop-ozone/integration-test/target/test-dir/MiniOzoneClusterImpl-8ab67caf-427a-4247-bc98-713520941bc9/datanode-2/data/ratis/79173478-a9a6-40a5-9739-c3ce133a16c2/current/log_inprogress_0
2019-08-12 04:09:01,262 INFO  segmented.SegmentedRaftLogWorker (SegmentedRaftLogWorker.java:execute(569)) - 2b0b4dad-071d-4827-b470-0b27b510987a-SegmentedRaftLogWorker:Storage Directory /workdir/hadoop-ozone/integration-test/target/test-dir/MiniOzoneClusterImpl-8ab67caf-427a-4247-bc98-713520941bc9/datanode-1/data/ratis/79173478-a9a6-40a5-9739-c3ce133a16c2: created new log segment /workdir/hadoop-ozone/integration-test/target/test-dir/MiniOzoneClusterImpl-8ab67caf-427a-4247-bc98-713520941bc9/datanode-1/data/ratis/79173478-a9a6-40a5-9739-c3ce133a16c2/current/log_inprogress_0
2019-08-12 04:09:01,269 INFO  impl.FollowerState (FollowerState.java:run(106)) - 5f43b17a-624c-455b-ac70-d237e935916e:group-F3389391A199 changes to CANDIDATE, lastRpcTime:5152, electionTimeout:5152ms
2019-08-12 04:09:01,269 INFO  impl.RoleInfo (RoleInfo.java:shutdownFollowerState(121)) - 5f43b17a-624c-455b-ac70-d237e935916e: shutdown FollowerState
2019-08-12 04:09:01,269 INFO  impl.RaftServerImpl (RaftServerImpl.java:setRole(171)) - 5f43b17a-624c-455b-ac70-d237e935916e:group-F3389391A199 changes role from FOLLOWER to CANDIDATE at term 0 for changeToCandidate
2019-08-12 04:09:01,270 INFO  impl.RoleInfo (RoleInfo.java:updateAndGet(143)) - 5f43b17a-624c-455b-ac70-d237e935916e: start LeaderElection
2019-08-12 04:09:01,301 INFO  impl.LeaderElection (LeaderElection.java:askForVotes(181)) - 5f43b17a-624c-455b-ac70-d237e935916e:group-F3389391A199:LeaderElection79: begin an election at term 1 for -1: [5f43b17a-624c-455b-ac70-d237e935916e:192.168.157.230:35747], old=null
2019-08-12 04:09:01,301 INFO  impl.RoleInfo (RoleInfo.java:shutdownLeaderElection(134)) - 5f43b17a-624c-455b-ac70-d237e935916e: shutdown LeaderElection
2019-08-12 04:09:01,301 INFO  impl.RaftServerImpl (RaftServerImpl.java:setRole(171)) - 5f43b17a-624c-455b-ac70-d237e935916e:group-F3389391A199 changes role from CANDIDATE to LEADER at term 1 for changeToLeader
2019-08-12 04:09:01,302 INFO  impl.RaftServerImpl (ServerState.java:setLeader(263)) - 5f43b17a-624c-455b-ac70-d237e935916e:group-F3389391A199 change Leader from null to 5f43b17a-624c-455b-ac70-d237e935916e at term 1 for becomeLeader, leader elected after 5187ms
2019-08-12 04:09:01,302 INFO  server.RaftServerConfigKeys (ConfUtils.java:logGet(43)) - raft.server.staging.catchup.gap = 1000 (default)
2019-08-12 04:09:01,302 INFO  server.RaftServerConfigKeys (ConfUtils.java:logGet(43)) - raft.server.rpc.sleep.time = 25ms (default)
2019-08-12 04:09:01,302 INFO  server.RaftServerConfigKeys (ConfUtils.java:logGet(43)) - raft.server.write.element-limit = 4096 (default)
2019-08-12 04:09:01,302 INFO  server.RaftServerConfigKeys (ConfUtils.java:logGet(43)) - raft.server.watch.timeout = 10s (default)
2019-08-12 04:09:01,302 INFO  server.RaftServerConfigKeys (ConfUtils.java:logGet(43)) - raft.server.watch.timeout.denomination = 1s (default)
2019-08-12 04:09:01,302 INFO  server.RaftServerConfigKeys (ConfUtils.java:logGet(43)) - raft.server.watch.element-limit = 65536 (default)
2019-08-12 04:09:01,303 INFO  impl.RoleInfo (RoleInfo.java:updateAndGet(143)) - 5f43b17a-624c-455b-ac70-d237e935916e: start LeaderState
2019-08-12 04:09:01,303 INFO  segmented.SegmentedRaftLogWorker (SegmentedRaftLogWorker.java:startLogSegment(380)) - 5f43b17a-624c-455b-ac70-d237e935916e-SegmentedRaftLogWorker:Storage Directory /workdir/hadoop-ozone/integration-test/target/test-dir/MiniOzoneClusterImpl-8ab67caf-427a-4247-bc98-713520941bc9/datanode-3/data/ratis/3a71eb07-4820-4aa1-a53f-f3389391a199: Starting segment from index:0
2019-08-12 04:09:01,303 INFO  impl.RaftServerImpl (ServerState.java:setRaftConf(361)) - 5f43b17a-624c-455b-ac70-d237e935916e:group-F3389391A199 set configuration 0: [5f43b17a-624c-455b-ac70-d237e935916e:192.168.157.230:35747], old=null at 0
2019-08-12 04:09:01,345 INFO  segmented.SegmentedRaftLogWorker (SegmentedRaftLogWorker.java:execute(569)) - 5f43b17a-624c-455b-ac70-d237e935916e-SegmentedRaftLogWorker:Storage Directory /workdir/hadoop-ozone/integration-test/target/test-dir/MiniOzoneClusterImpl-8ab67caf-427a-4247-bc98-713520941bc9/datanode-3/data/ratis/3a71eb07-4820-4aa1-a53f-f3389391a199: created new log segment /workdir/hadoop-ozone/integration-test/target/test-dir/MiniOzoneClusterImpl-8ab67caf-427a-4247-bc98-713520941bc9/datanode-3/data/ratis/3a71eb07-4820-4aa1-a53f-f3389391a199/current/log_inprogress_0
2019-08-12 04:09:01,392 INFO  impl.FollowerState (FollowerState.java:run(106)) - 00b241ce-6529-4fc4-82dd-26815ed218ff:group-A2472EC67E77 changes to CANDIDATE, lastRpcTime:5116, electionTimeout:5116ms
2019-08-12 04:09:01,392 INFO  impl.RoleInfo (RoleInfo.java:shutdownFollowerState(121)) - 00b241ce-6529-4fc4-82dd-26815ed218ff: shutdown FollowerState
2019-08-12 04:09:01,392 INFO  impl.RaftServerImpl (RaftServerImpl.java:setRole(171)) - 00b241ce-6529-4fc4-82dd-26815ed218ff:group-A2472EC67E77 changes role from FOLLOWER to CANDIDATE at term 0 for changeToCandidate
2019-08-12 04:09:01,392 INFO  impl.RoleInfo (RoleInfo.java:updateAndGet(143)) - 00b241ce-6529-4fc4-82dd-26815ed218ff: start LeaderElection
2019-08-12 04:09:01,409 INFO  impl.LeaderElection (LeaderElection.java:askForVotes(181)) - 00b241ce-6529-4fc4-82dd-26815ed218ff:group-A2472EC67E77:LeaderElection80: begin an election at term 1 for -1: [00b241ce-6529-4fc4-82dd-26815ed218ff:192.168.157.230:39683], old=null
2019-08-12 04:09:01,410 INFO  impl.RoleInfo (RoleInfo.java:shutdownLeaderElection(134)) - 00b241ce-6529-4fc4-82dd-26815ed218ff: shutdown LeaderElection
2019-08-12 04:09:01,410 INFO  impl.RaftServerImpl (RaftServerImpl.java:setRole(171)) - 00b241ce-6529-4fc4-82dd-26815ed218ff:group-A2472EC67E77 changes role from CANDIDATE to LEADER at term 1 for changeToLeader
2019-08-12 04:09:01,410 INFO  impl.RaftServerImpl (ServerState.java:setLeader(263)) - 00b241ce-6529-4fc4-82dd-26815ed218ff:group-A2472EC67E77 change Leader from null to 00b241ce-6529-4fc4-82dd-26815ed218ff at term 1 for becomeLeader, leader elected after 5138ms
2019-08-12 04:09:01,410 INFO  server.RaftServerConfigKeys (ConfUtils.java:logGet(43)) - raft.server.staging.catchup.gap = 1000 (default)
2019-08-12 04:09:01,410 INFO  server.RaftServerConfigKeys (ConfUtils.java:logGet(43)) - raft.server.rpc.sleep.time = 25ms (default)
2019-08-12 04:09:01,410 INFO  server.RaftServerConfigKeys (ConfUtils.java:logGet(43)) - raft.server.write.element-limit = 4096 (default)
2019-08-12 04:09:01,410 INFO  server.RaftServerConfigKeys (ConfUtils.java:logGet(43)) - raft.server.watch.timeout = 10s (default)
2019-08-12 04:09:01,411 INFO  server.RaftServerConfigKeys (ConfUtils.java:logGet(43)) - raft.server.watch.timeout.denomination = 1s (default)
2019-08-12 04:09:01,411 INFO  server.RaftServerConfigKeys (ConfUtils.java:logGet(43)) - raft.server.watch.element-limit = 65536 (default)
2019-08-12 04:09:01,411 INFO  impl.RoleInfo (RoleInfo.java:updateAndGet(143)) - 00b241ce-6529-4fc4-82dd-26815ed218ff: start LeaderState
2019-08-12 04:09:01,411 INFO  segmented.SegmentedRaftLogWorker (SegmentedRaftLogWorker.java:startLogSegment(380)) - 00b241ce-6529-4fc4-82dd-26815ed218ff-SegmentedRaftLogWorker:Storage Directory /workdir/hadoop-ozone/integration-test/target/test-dir/MiniOzoneClusterImpl-8ab67caf-427a-4247-bc98-713520941bc9/datanode-4/data/ratis/903635da-1005-4bdf-a493-a2472ec67e77: Starting segment from index:0
2019-08-12 04:09:01,412 INFO  impl.RaftServerImpl (ServerState.java:setRaftConf(361)) - 00b241ce-6529-4fc4-82dd-26815ed218ff:group-A2472EC67E77 set configuration 0: [00b241ce-6529-4fc4-82dd-26815ed218ff:192.168.157.230:39683], old=null at 0
2019-08-12 04:09:01,463 INFO  segmented.SegmentedRaftLogWorker (SegmentedRaftLogWorker.java:execute(569)) - 00b241ce-6529-4fc4-82dd-26815ed218ff-SegmentedRaftLogWorker:Storage Directory /workdir/hadoop-ozone/integration-test/target/test-dir/MiniOzoneClusterImpl-8ab67caf-427a-4247-bc98-713520941bc9/datanode-4/data/ratis/903635da-1005-4bdf-a493-a2472ec67e77: created new log segment /workdir/hadoop-ozone/integration-test/target/test-dir/MiniOzoneClusterImpl-8ab67caf-427a-4247-bc98-713520941bc9/datanode-4/data/ratis/903635da-1005-4bdf-a493-a2472ec67e77/current/log_inprogress_0
2019-08-12 04:09:01,520 INFO  impl.FollowerState (FollowerState.java:run(106)) - d8af83b5-b38a-44c4-acce-62c46298d170:group-E334C7C7F982 changes to CANDIDATE, lastRpcTime:5072, electionTimeout:5072ms
2019-08-12 04:09:01,520 INFO  impl.RoleInfo (RoleInfo.java:shutdownFollowerState(121)) - d8af83b5-b38a-44c4-acce-62c46298d170: shutdown FollowerState
2019-08-12 04:09:01,520 INFO  impl.RaftServerImpl (RaftServerImpl.java:setRole(171)) - d8af83b5-b38a-44c4-acce-62c46298d170:group-E334C7C7F982 changes role from FOLLOWER to CANDIDATE at term 0 for changeToCandidate
2019-08-12 04:09:01,520 INFO  impl.RoleInfo (RoleInfo.java:updateAndGet(143)) - d8af83b5-b38a-44c4-acce-62c46298d170: start LeaderElection
2019-08-12 04:09:01,537 INFO  impl.LeaderElection (LeaderElection.java:askForVotes(181)) - d8af83b5-b38a-44c4-acce-62c46298d170:group-E334C7C7F982:LeaderElection81: begin an election at term 1 for -1: [d8af83b5-b38a-44c4-acce-62c46298d170:192.168.157.230:32795], old=null
2019-08-12 04:09:01,538 INFO  impl.RoleInfo (RoleInfo.java:shutdownLeaderElection(134)) - d8af83b5-b38a-44c4-acce-62c46298d170: shutdown LeaderElection
2019-08-12 04:09:01,538 INFO  impl.RaftServerImpl (RaftServerImpl.java:setRole(171)) - d8af83b5-b38a-44c4-acce-62c46298d170:group-E334C7C7F982 changes role from CANDIDATE to LEADER at term 1 for changeToLeader
2019-08-12 04:09:01,538 INFO  impl.RaftServerImpl (ServerState.java:setLeader(263)) - d8af83b5-b38a-44c4-acce-62c46298d170:group-E334C7C7F982 change Leader from null to d8af83b5-b38a-44c4-acce-62c46298d170 at term 1 for becomeLeader, leader elected after 5093ms
2019-08-12 04:09:01,538 INFO  server.RaftServerConfigKeys (ConfUtils.java:logGet(43)) - raft.server.staging.catchup.gap = 1000 (default)
2019-08-12 04:09:01,538 INFO  server.RaftServerConfigKeys (ConfUtils.java:logGet(43)) - raft.server.rpc.sleep.time = 25ms (default)
2019-08-12 04:09:01,538 INFO  server.RaftServerConfigKeys (ConfUtils.java:logGet(43)) - raft.server.write.element-limit = 4096 (default)
2019-08-12 04:09:01,538 INFO  server.RaftServerConfigKeys (ConfUtils.java:logGet(43)) - raft.server.watch.timeout = 10s (default)
2019-08-12 04:09:01,539 INFO  server.RaftServerConfigKeys (ConfUtils.java:logGet(43)) - raft.server.watch.timeout.denomination = 1s (default)
2019-08-12 04:09:01,539 INFO  server.RaftServerConfigKeys (ConfUtils.java:logGet(43)) - raft.server.watch.element-limit = 65536 (default)
2019-08-12 04:09:01,539 INFO  impl.RoleInfo (RoleInfo.java:updateAndGet(143)) - d8af83b5-b38a-44c4-acce-62c46298d170: start LeaderState
2019-08-12 04:09:01,539 INFO  segmented.SegmentedRaftLogWorker (SegmentedRaftLogWorker.java:startLogSegment(380)) - d8af83b5-b38a-44c4-acce-62c46298d170-SegmentedRaftLogWorker:Storage Directory /workdir/hadoop-ozone/integration-test/target/test-dir/MiniOzoneClusterImpl-8ab67caf-427a-4247-bc98-713520941bc9/datanode-5/data/ratis/f756f09a-8daf-47a1-b5a6-e334c7c7f982: Starting segment from index:0
2019-08-12 04:09:01,540 INFO  impl.RaftServerImpl (ServerState.java:setRaftConf(361)) - d8af83b5-b38a-44c4-acce-62c46298d170:group-E334C7C7F982 set configuration 0: [d8af83b5-b38a-44c4-acce-62c46298d170:192.168.157.230:32795], old=null at 0
2019-08-12 04:09:01,566 INFO  impl.FollowerState (FollowerState.java:run(106)) - d8af83b5-b38a-44c4-acce-62c46298d170:group-830E9DED769E changes to CANDIDATE, lastRpcTime:5043, electionTimeout:5038ms
2019-08-12 04:09:01,566 INFO  impl.FollowerState (FollowerState.java:run(106)) - 5f43b17a-624c-455b-ac70-d237e935916e:group-830E9DED769E changes to CANDIDATE, lastRpcTime:5046, electionTimeout:5021ms
2019-08-12 04:09:01,566 INFO  impl.RoleInfo (RoleInfo.java:shutdownFollowerState(121)) - 5f43b17a-624c-455b-ac70-d237e935916e: shutdown FollowerState
2019-08-12 04:09:01,566 INFO  impl.RoleInfo (RoleInfo.java:shutdownFollowerState(121)) - d8af83b5-b38a-44c4-acce-62c46298d170: shutdown FollowerState
2019-08-12 04:09:01,566 INFO  impl.FollowerState (FollowerState.java:run(106)) - 00b241ce-6529-4fc4-82dd-26815ed218ff:group-830E9DED769E changes to CANDIDATE, lastRpcTime:5043, electionTimeout:5021ms
2019-08-12 04:09:01,567 INFO  impl.RaftServerImpl (RaftServerImpl.java:setRole(171)) - d8af83b5-b38a-44c4-acce-62c46298d170:group-830E9DED769E changes role from FOLLOWER to CANDIDATE at term 0 for changeToCandidate
2019-08-12 04:09:01,566 INFO  impl.RaftServerImpl (RaftServerImpl.java:setRole(171)) - 5f43b17a-624c-455b-ac70-d237e935916e:group-830E9DED769E changes role from FOLLOWER to CANDIDATE at term 0 for changeToCandidate
2019-08-12 04:09:01,567 INFO  impl.RoleInfo (RoleInfo.java:updateAndGet(143)) - d8af83b5-b38a-44c4-acce-62c46298d170: start LeaderElection
2019-08-12 04:09:01,567 INFO  impl.RoleInfo (RoleInfo.java:updateAndGet(143)) - 5f43b17a-624c-455b-ac70-d237e935916e: start LeaderElection
2019-08-12 04:09:01,567 INFO  impl.RoleInfo (RoleInfo.java:shutdownFollowerState(121)) - 00b241ce-6529-4fc4-82dd-26815ed218ff: shutdown FollowerState
2019-08-12 04:09:01,567 INFO  impl.RaftServerImpl (RaftServerImpl.java:setRole(171)) - 00b241ce-6529-4fc4-82dd-26815ed218ff:group-830E9DED769E changes role from FOLLOWER to CANDIDATE at term 0 for changeToCandidate
2019-08-12 04:09:01,571 INFO  impl.RoleInfo (RoleInfo.java:updateAndGet(143)) - 00b241ce-6529-4fc4-82dd-26815ed218ff: start LeaderElection
2019-08-12 04:09:01,579 INFO  segmented.SegmentedRaftLogWorker (SegmentedRaftLogWorker.java:execute(569)) - d8af83b5-b38a-44c4-acce-62c46298d170-SegmentedRaftLogWorker:Storage Directory /workdir/hadoop-ozone/integration-test/target/test-dir/MiniOzoneClusterImpl-8ab67caf-427a-4247-bc98-713520941bc9/datanode-5/data/ratis/f756f09a-8daf-47a1-b5a6-e334c7c7f982: created new log segment /workdir/hadoop-ozone/integration-test/target/test-dir/MiniOzoneClusterImpl-8ab67caf-427a-4247-bc98-713520941bc9/datanode-5/data/ratis/f756f09a-8daf-47a1-b5a6-e334c7c7f982/current/log_inprogress_0
2019-08-12 04:09:01,580 INFO  impl.LeaderElection (LeaderElection.java:askForVotes(181)) - d8af83b5-b38a-44c4-acce-62c46298d170:group-830E9DED769E:LeaderElection82: begin an election at term 1 for -1: [d8af83b5-b38a-44c4-acce-62c46298d170:192.168.157.230:32795, 5f43b17a-624c-455b-ac70-d237e935916e:192.168.157.230:35747, 00b241ce-6529-4fc4-82dd-26815ed218ff:192.168.157.230:39683], old=null
2019-08-12 04:09:01,581 INFO  impl.LeaderElection (LeaderElection.java:askForVotes(181)) - 00b241ce-6529-4fc4-82dd-26815ed218ff:group-830E9DED769E:LeaderElection84: begin an election at term 1 for -1: [d8af83b5-b38a-44c4-acce-62c46298d170:192.168.157.230:32795, 5f43b17a-624c-455b-ac70-d237e935916e:192.168.157.230:35747, 00b241ce-6529-4fc4-82dd-26815ed218ff:192.168.157.230:39683], old=null
2019-08-12 04:09:01,581 INFO  impl.LeaderElection (LeaderElection.java:askForVotes(181)) - 5f43b17a-624c-455b-ac70-d237e935916e:group-830E9DED769E:LeaderElection83: begin an election at term 1 for -1: [d8af83b5-b38a-44c4-acce-62c46298d170:192.168.157.230:32795, 5f43b17a-624c-455b-ac70-d237e935916e:192.168.157.230:35747, 00b241ce-6529-4fc4-82dd-26815ed218ff:192.168.157.230:39683], old=null
2019-08-12 04:09:01,594 INFO  impl.LeaderElection (LeaderElection.java:logAndReturn(56)) - 00b241ce-6529-4fc4-82dd-26815ed218ff:group-830E9DED769E:LeaderElection84: Election REJECTED; received 2 response(s) [00b241ce-6529-4fc4-82dd-26815ed218ff<-d8af83b5-b38a-44c4-acce-62c46298d170#0:FAIL-t1, 00b241ce-6529-4fc4-82dd-26815ed218ff<-5f43b17a-624c-455b-ac70-d237e935916e#0:FAIL-t1] and 0 exception(s); 00b241ce-6529-4fc4-82dd-26815ed218ff:t1, leader=null, voted=00b241ce-6529-4fc4-82dd-26815ed218ff, raftlog=00b241ce-6529-4fc4-82dd-26815ed218ff-SegmentedRaftLog:OPENED:c-1,f-1,i0, conf=-1: [d8af83b5-b38a-44c4-acce-62c46298d170:192.168.157.230:32795, 5f43b17a-624c-455b-ac70-d237e935916e:192.168.157.230:35747, 00b241ce-6529-4fc4-82dd-26815ed218ff:192.168.157.230:39683], old=null
2019-08-12 04:09:01,594 INFO  impl.LeaderElection (LeaderElection.java:logAndReturn(56)) - d8af83b5-b38a-44c4-acce-62c46298d170:group-830E9DED769E:LeaderElection82: Election REJECTED; received 2 response(s) [d8af83b5-b38a-44c4-acce-62c46298d170<-5f43b17a-624c-455b-ac70-d237e935916e#0:FAIL-t1, d8af83b5-b38a-44c4-acce-62c46298d170<-00b241ce-6529-4fc4-82dd-26815ed218ff#0:FAIL-t1] and 0 exception(s); d8af83b5-b38a-44c4-acce-62c46298d170:t1, leader=null, voted=d8af83b5-b38a-44c4-acce-62c46298d170, raftlog=d8af83b5-b38a-44c4-acce-62c46298d170-SegmentedRaftLog:OPENED:c-1,f-1,i0, conf=-1: [d8af83b5-b38a-44c4-acce-62c46298d170:192.168.157.230:32795, 5f43b17a-624c-455b-ac70-d237e935916e:192.168.157.230:35747, 00b241ce-6529-4fc4-82dd-26815ed218ff:192.168.157.230:39683], old=null
2019-08-12 04:09:01,594 INFO  impl.RaftServerImpl (RaftServerImpl.java:setRole(171)) - 00b241ce-6529-4fc4-82dd-26815ed218ff:group-830E9DED769E changes role from CANDIDATE to FOLLOWER at term 1 for DISCOVERED_A_NEW_TERM
2019-08-12 04:09:01,594 INFO  impl.LeaderElection (LeaderElection.java:logAndReturn(56)) - 5f43b17a-624c-455b-ac70-d237e935916e:group-830E9DED769E:LeaderElection83: Election REJECTED; received 2 response(s) [5f43b17a-624c-455b-ac70-d237e935916e<-d8af83b5-b38a-44c4-acce-62c46298d170#0:FAIL-t1, 5f43b17a-624c-455b-ac70-d237e935916e<-00b241ce-6529-4fc4-82dd-26815ed218ff#0:FAIL-t1] and 0 exception(s); 5f43b17a-624c-455b-ac70-d237e935916e:t1, leader=null, voted=5f43b17a-624c-455b-ac70-d237e935916e, raftlog=5f43b17a-624c-455b-ac70-d237e935916e-SegmentedRaftLog:OPENED:c-1,f-1,i0, conf=-1: [d8af83b5-b38a-44c4-acce-62c46298d170:192.168.157.230:32795, 5f43b17a-624c-455b-ac70-d237e935916e:192.168.157.230:35747, 00b241ce-6529-4fc4-82dd-26815ed218ff:192.168.157.230:39683], old=null
2019-08-12 04:09:01,594 INFO  impl.RaftServerImpl (RaftServerImpl.java:setRole(171)) - d8af83b5-b38a-44c4-acce-62c46298d170:group-830E9DED769E changes role from CANDIDATE to FOLLOWER at term 1 for DISCOVERED_A_NEW_TERM
2019-08-12 04:09:01,594 INFO  impl.RaftServerImpl (RaftServerImpl.java:setRole(171)) - 5f43b17a-624c-455b-ac70-d237e935916e:group-830E9DED769E changes role from CANDIDATE to FOLLOWER at term 1 for DISCOVERED_A_NEW_TERM
2019-08-12 04:09:01,594 INFO  impl.RoleInfo (RoleInfo.java:shutdownLeaderElection(134)) - 00b241ce-6529-4fc4-82dd-26815ed218ff: shutdown LeaderElection
2019-08-12 04:09:01,594 INFO  impl.RoleInfo (RoleInfo.java:shutdownLeaderElection(134)) - 5f43b17a-624c-455b-ac70-d237e935916e: shutdown LeaderElection
2019-08-12 04:09:01,594 INFO  impl.RoleInfo (RoleInfo.java:shutdownLeaderElection(134)) - d8af83b5-b38a-44c4-acce-62c46298d170: shutdown LeaderElection
2019-08-12 04:09:01,595 INFO  impl.RoleInfo (RoleInfo.java:updateAndGet(143)) - 5f43b17a-624c-455b-ac70-d237e935916e: start FollowerState
2019-08-12 04:09:01,595 INFO  impl.RoleInfo (RoleInfo.java:updateAndGet(143)) - 00b241ce-6529-4fc4-82dd-26815ed218ff: start FollowerState
2019-08-12 04:09:01,595 INFO  impl.RoleInfo (RoleInfo.java:updateAndGet(143)) - d8af83b5-b38a-44c4-acce-62c46298d170: start FollowerState
2019-08-12 04:09:01,775 INFO  impl.FollowerState (FollowerState.java:run(106)) - 6762e180-8cde-4855-9221-afd7dc52c267:group-DD0F715DC068 changes to CANDIDATE, lastRpcTime:5155, electionTimeout:5155ms
2019-08-12 04:09:01,775 INFO  impl.RoleInfo (RoleInfo.java:shutdownFollowerState(121)) - 6762e180-8cde-4855-9221-afd7dc52c267: shutdown FollowerState
2019-08-12 04:09:01,775 INFO  impl.RaftServerImpl (RaftServerImpl.java:setRole(171)) - 6762e180-8cde-4855-9221-afd7dc52c267:group-DD0F715DC068 changes role from FOLLOWER to CANDIDATE at term 0 for changeToCandidate
2019-08-12 04:09:01,775 INFO  impl.RoleInfo (RoleInfo.java:updateAndGet(143)) - 6762e180-8cde-4855-9221-afd7dc52c267: start LeaderElection
2019-08-12 04:09:01,801 INFO  impl.LeaderElection (LeaderElection.java:askForVotes(181)) - 6762e180-8cde-4855-9221-afd7dc52c267:group-DD0F715DC068:LeaderElection85: begin an election at term 1 for -1: [6762e180-8cde-4855-9221-afd7dc52c267:192.168.157.230:41569], old=null
2019-08-12 04:09:01,802 INFO  impl.RoleInfo (RoleInfo.java:shutdownLeaderElection(134)) - 6762e180-8cde-4855-9221-afd7dc52c267: shutdown LeaderElection
2019-08-12 04:09:01,802 INFO  impl.RaftServerImpl (RaftServerImpl.java:setRole(171)) - 6762e180-8cde-4855-9221-afd7dc52c267:group-DD0F715DC068 changes role from CANDIDATE to LEADER at term 1 for changeToLeader
2019-08-12 04:09:01,802 INFO  impl.RaftServerImpl (ServerState.java:setLeader(263)) - 6762e180-8cde-4855-9221-afd7dc52c267:group-DD0F715DC068 change Leader from null to 6762e180-8cde-4855-9221-afd7dc52c267 at term 1 for becomeLeader, leader elected after 5187ms
2019-08-12 04:09:01,802 INFO  server.RaftServerConfigKeys (ConfUtils.java:logGet(43)) - raft.server.staging.catchup.gap = 1000 (default)
2019-08-12 04:09:01,802 INFO  server.RaftServerConfigKeys (ConfUtils.java:logGet(43)) - raft.server.rpc.sleep.time = 25ms (default)
2019-08-12 04:09:01,802 INFO  server.RaftServerConfigKeys (ConfUtils.java:logGet(43)) - raft.server.write.element-limit = 4096 (default)
2019-08-12 04:09:01,802 INFO  server.RaftServerConfigKeys (ConfUtils.java:logGet(43)) - raft.server.watch.timeout = 10s (default)
2019-08-12 04:09:01,802 INFO  server.RaftServerConfigKeys (ConfUtils.java:logGet(43)) - raft.server.watch.timeout.denomination = 1s (default)
2019-08-12 04:09:01,803 INFO  server.RaftServerConfigKeys (ConfUtils.java:logGet(43)) - raft.server.watch.element-limit = 65536 (default)
2019-08-12 04:09:01,803 INFO  impl.RoleInfo (RoleInfo.java:updateAndGet(143)) - 6762e180-8cde-4855-9221-afd7dc52c267: start LeaderState
2019-08-12 04:09:01,803 INFO  segmented.SegmentedRaftLogWorker (SegmentedRaftLogWorker.java:startLogSegment(380)) - 6762e180-8cde-4855-9221-afd7dc52c267-SegmentedRaftLogWorker:Storage Directory /workdir/hadoop-ozone/integration-test/target/test-dir/MiniOzoneClusterImpl-8ab67caf-427a-4247-bc98-713520941bc9/datanode-6/data/ratis/e35bfe98-1385-4926-9937-dd0f715dc068: Starting segment from index:0
2019-08-12 04:09:01,803 INFO  impl.RaftServerImpl (ServerState.java:setRaftConf(361)) - 6762e180-8cde-4855-9221-afd7dc52c267:group-DD0F715DC068 set configuration 0: [6762e180-8cde-4855-9221-afd7dc52c267:192.168.157.230:41569], old=null at 0
2019-08-12 04:09:01,844 INFO  segmented.SegmentedRaftLogWorker (SegmentedRaftLogWorker.java:execute(569)) - 6762e180-8cde-4855-9221-afd7dc52c267-SegmentedRaftLogWorker:Storage Directory /workdir/hadoop-ozone/integration-test/target/test-dir/MiniOzoneClusterImpl-8ab67caf-427a-4247-bc98-713520941bc9/datanode-6/data/ratis/e35bfe98-1385-4926-9937-dd0f715dc068: created new log segment /workdir/hadoop-ozone/integration-test/target/test-dir/MiniOzoneClusterImpl-8ab67caf-427a-4247-bc98-713520941bc9/datanode-6/data/ratis/e35bfe98-1385-4926-9937-dd0f715dc068/current/log_inprogress_0
2019-08-12 04:09:01,863 INFO  client.GrpcClientProtocolClient (GrpcClientProtocolClient.java:onNext(255)) - client-FEFC15CD9ED8->47758c02-75a0-4e19-bf34-38cb8350cc70: receive RaftClientReply:client-FEFC15CD9ED8->47758c02-75a0-4e19-bf34-38cb8350cc70@group-C3CE133A16C2, cid=183, SUCCESS, logIndex=1, commits[47758c02-75a0-4e19-bf34-38cb8350cc70:c1, feed998e-786d-42b1-b0ed-1d0664f297ba:c0, 2b0b4dad-071d-4827-b470-0b27b510987a:c0]
2019-08-12 04:09:01,877 INFO  client.GrpcClientProtocolClient (GrpcClientProtocolClient.java:onNext(255)) - client-FEFC15CD9ED8->47758c02-75a0-4e19-bf34-38cb8350cc70: receive RaftClientReply:client-FEFC15CD9ED8->47758c02-75a0-4e19-bf34-38cb8350cc70@group-C3CE133A16C2, cid=184, SUCCESS, logIndex=3, commits[47758c02-75a0-4e19-bf34-38cb8350cc70:c5, feed998e-786d-42b1-b0ed-1d0664f297ba:c1, 2b0b4dad-071d-4827-b470-0b27b510987a:c1]
2019-08-12 04:09:01,937 INFO  client.GrpcClientProtocolClient (GrpcClientProtocolClient.java:onNext(255)) - client-FEFC15CD9ED8->47758c02-75a0-4e19-bf34-38cb8350cc70: receive RaftClientReply:client-FEFC15CD9ED8->47758c02-75a0-4e19-bf34-38cb8350cc70@group-C3CE133A16C2, cid=185, SUCCESS, logIndex=4, commits[47758c02-75a0-4e19-bf34-38cb8350cc70:c11, feed998e-786d-42b1-b0ed-1d0664f297ba:c7, 2b0b4dad-071d-4827-b470-0b27b510987a:c7]
2019-08-12 04:09:01,937 INFO  client.GrpcClientProtocolClient (GrpcClientProtocolClient.java:onNext(255)) - client-FEFC15CD9ED8->47758c02-75a0-4e19-bf34-38cb8350cc70: receive RaftClientReply:client-FEFC15CD9ED8->47758c02-75a0-4e19-bf34-38cb8350cc70@group-C3CE133A16C2, cid=186, SUCCESS, logIndex=5, commits[47758c02-75a0-4e19-bf34-38cb8350cc70:c11, feed998e-786d-42b1-b0ed-1d0664f297ba:c7, 2b0b4dad-071d-4827-b470-0b27b510987a:c7]
2019-08-12 04:09:01,938 INFO  client.GrpcClientProtocolClient (GrpcClientProtocolClient.java:onNext(255)) - client-FEFC15CD9ED8->47758c02-75a0-4e19-bf34-38cb8350cc70: receive RaftClientReply:client-FEFC15CD9ED8->47758c02-75a0-4e19-bf34-38cb8350cc70@group-C3CE133A16C2, cid=187, SUCCESS, logIndex=6, commits[47758c02-75a0-4e19-bf34-38cb8350cc70:c11, feed998e-786d-42b1-b0ed-1d0664f297ba:c7, 2b0b4dad-071d-4827-b470-0b27b510987a:c7]
2019-08-12 04:09:02,008 INFO  client.GrpcClientProtocolClient (GrpcClientProtocolClient.java:onNext(255)) - client-FEFC15CD9ED8->47758c02-75a0-4e19-bf34-38cb8350cc70: receive RaftClientReply:client-FEFC15CD9ED8->47758c02-75a0-4e19-bf34-38cb8350cc70@group-C3CE133A16C2, cid=188, SUCCESS, logIndex=7, commits[47758c02-75a0-4e19-bf34-38cb8350cc70:c11, feed998e-786d-42b1-b0ed-1d0664f297ba:c7, 2b0b4dad-071d-4827-b470-0b27b510987a:c7]
2019-08-12 04:09:02,019 INFO  client.GrpcClientProtocolClient (GrpcClientProtocolClient.java:onNext(255)) - client-FEFC15CD9ED8->47758c02-75a0-4e19-bf34-38cb8350cc70: receive RaftClientReply:client-FEFC15CD9ED8->47758c02-75a0-4e19-bf34-38cb8350cc70@group-C3CE133A16C2, cid=189, SUCCESS, logIndex=12, commits[47758c02-75a0-4e19-bf34-38cb8350cc70:c13, feed998e-786d-42b1-b0ed-1d0664f297ba:c11, 2b0b4dad-071d-4827-b470-0b27b510987a:c11]
2019-08-12 04:09:02,020 INFO  client.GrpcClientProtocolClient (GrpcClientProtocolClient.java:onNext(255)) - client-FEFC15CD9ED8->47758c02-75a0-4e19-bf34-38cb8350cc70: receive RaftClientReply:client-FEFC15CD9ED8->47758c02-75a0-4e19-bf34-38cb8350cc70@group-C3CE133A16C2, cid=190, SUCCESS, logIndex=13, commits[47758c02-75a0-4e19-bf34-38cb8350cc70:c13, feed998e-786d-42b1-b0ed-1d0664f297ba:c11, 2b0b4dad-071d-4827-b470-0b27b510987a:c11]
2019-08-12 04:09:02,036 INFO  client.GrpcClientProtocolClient (GrpcClientProtocolClient.java:onNext(255)) - client-FEFC15CD9ED8->47758c02-75a0-4e19-bf34-38cb8350cc70: receive RaftClientReply:client-FEFC15CD9ED8->47758c02-75a0-4e19-bf34-38cb8350cc70@group-C3CE133A16C2, cid=191, SUCCESS, logIndex=0, commits[47758c02-75a0-4e19-bf34-38cb8350cc70:c15, feed998e-786d-42b1-b0ed-1d0664f297ba:c13, 2b0b4dad-071d-4827-b470-0b27b510987a:c13]
2019-08-12 04:09:02,037 INFO  datanode.ObjectStoreHandler (ObjectStoreHandler.java:close(155)) - Closing ObjectStoreHandler.
2019-08-12 04:09:02,037 INFO  ozone.HddsDatanodeService (HddsDatanodeService.java:stop(451)) - Stopped plug-in org.apache.hadoop.ozone.web.OzoneHddsDatanodeService@1fcef6f9
2019-08-12 04:09:02,847 INFO  statemachine.DatanodeStateMachine (DatanodeStateMachine.java:lambda$startDaemon$0(350)) - Ozone container server started.
2019-08-12 04:09:06,598 INFO  impl.FollowerState (FollowerState.java:run(106)) - 00b241ce-6529-4fc4-82dd-26815ed218ff:group-830E9DED769E changes to CANDIDATE, lastRpcTime:5003, electionTimeout:5003ms
2019-08-12 04:09:06,599 INFO  impl.RoleInfo (RoleInfo.java:shutdownFollowerState(121)) - 00b241ce-6529-4fc4-82dd-26815ed218ff: shutdown FollowerState
2019-08-12 04:09:06,599 INFO  impl.RaftServerImpl (RaftServerImpl.java:setRole(171)) - 00b241ce-6529-4fc4-82dd-26815ed218ff:group-830E9DED769E changes role from FOLLOWER to CANDIDATE at term 1 for changeToCandidate
2019-08-12 04:09:06,599 INFO  impl.RoleInfo (RoleInfo.java:updateAndGet(143)) - 00b241ce-6529-4fc4-82dd-26815ed218ff: start LeaderElection
2019-08-12 04:09:06,618 INFO  impl.LeaderElection (LeaderElection.java:askForVotes(181)) - 00b241ce-6529-4fc4-82dd-26815ed218ff:group-830E9DED769E:LeaderElection86: begin an election at term 2 for -1: [d8af83b5-b38a-44c4-acce-62c46298d170:192.168.157.230:32795, 5f43b17a-624c-455b-ac70-d237e935916e:192.168.157.230:35747, 00b241ce-6529-4fc4-82dd-26815ed218ff:192.168.157.230:39683], old=null
2019-08-12 04:09:06,621 INFO  impl.RaftServerImpl (RaftServerImpl.java:setRole(171)) - d8af83b5-b38a-44c4-acce-62c46298d170:group-830E9DED769E changes role from FOLLOWER to FOLLOWER at term 2 for recognizeCandidate:00b241ce-6529-4fc4-82dd-26815ed218ff
2019-08-12 04:09:06,621 INFO  impl.RaftServerImpl (RaftServerImpl.java:setRole(171)) - 5f43b17a-624c-455b-ac70-d237e935916e:group-830E9DED769E changes role from FOLLOWER to FOLLOWER at term 2 for recognizeCandidate:00b241ce-6529-4fc4-82dd-26815ed218ff
2019-08-12 04:09:06,622 INFO  impl.RoleInfo (RoleInfo.java:shutdownFollowerState(121)) - d8af83b5-b38a-44c4-acce-62c46298d170: shutdown FollowerState
2019-08-12 04:09:06,622 INFO  impl.RoleInfo (RoleInfo.java:shutdownFollowerState(121)) - 5f43b17a-624c-455b-ac70-d237e935916e: shutdown FollowerState
2019-08-12 04:09:06,622 INFO  impl.RoleInfo (RoleInfo.java:updateAndGet(143)) - d8af83b5-b38a-44c4-acce-62c46298d170: start FollowerState
2019-08-12 04:09:06,622 INFO  impl.FollowerState (FollowerState.java:run(114)) - 5f43b17a-624c-455b-ac70-d237e935916e: FollowerState was interrupted: java.lang.InterruptedException: sleep interrupted
2019-08-12 04:09:06,622 INFO  impl.RoleInfo (RoleInfo.java:updateAndGet(143)) - 5f43b17a-624c-455b-ac70-d237e935916e: start FollowerState
2019-08-12 04:09:06,622 INFO  impl.FollowerState (FollowerState.java:run(114)) - d8af83b5-b38a-44c4-acce-62c46298d170: FollowerState was interrupted: java.lang.InterruptedException: sleep interrupted
2019-08-12 04:09:06,651 INFO  impl.LeaderElection (LeaderElection.java:logAndReturn(56)) - 00b241ce-6529-4fc4-82dd-26815ed218ff:group-830E9DED769E:LeaderElection86: Election PASSED; received 1 response(s) [00b241ce-6529-4fc4-82dd-26815ed218ff<-5f43b17a-624c-455b-ac70-d237e935916e#0:OK-t2] and 0 exception(s); 00b241ce-6529-4fc4-82dd-26815ed218ff:t2, leader=null, voted=00b241ce-6529-4fc4-82dd-26815ed218ff, raftlog=00b241ce-6529-4fc4-82dd-26815ed218ff-SegmentedRaftLog:OPENED:c-1,f-1,i0, conf=-1: [d8af83b5-b38a-44c4-acce-62c46298d170:192.168.157.230:32795, 5f43b17a-624c-455b-ac70-d237e935916e:192.168.157.230:35747, 00b241ce-6529-4fc4-82dd-26815ed218ff:192.168.157.230:39683], old=null
2019-08-12 04:09:06,651 INFO  impl.RoleInfo (RoleInfo.java:shutdownLeaderElection(134)) - 00b241ce-6529-4fc4-82dd-26815ed218ff: shutdown LeaderElection
2019-08-12 04:09:06,651 INFO  impl.RaftServerImpl (RaftServerImpl.java:setRole(171)) - 00b241ce-6529-4fc4-82dd-26815ed218ff:group-830E9DED769E changes role from CANDIDATE to LEADER at term 2 for changeToLeader
2019-08-12 04:09:06,652 INFO  impl.RaftServerImpl (ServerState.java:setLeader(263)) - 00b241ce-6529-4fc4-82dd-26815ed218ff:group-830E9DED769E change Leader from null to 00b241ce-6529-4fc4-82dd-26815ed218ff at term 2 for becomeLeader, leader elected after 10136ms
2019-08-12 04:09:06,652 INFO  server.RaftServerConfigKeys (ConfUtils.java:logGet(43)) - raft.server.staging.catchup.gap = 1000 (default)
2019-08-12 04:09:06,652 INFO  server.RaftServerConfigKeys (ConfUtils.java:logGet(43)) - raft.server.rpc.sleep.time = 25ms (default)
2019-08-12 04:09:06,652 INFO  server.RaftServerConfigKeys (ConfUtils.java:logGet(43)) - raft.server.write.element-limit = 4096 (default)
2019-08-12 04:09:06,652 INFO  server.RaftServerConfigKeys (ConfUtils.java:logGet(43)) - raft.server.watch.timeout = 10s (default)
2019-08-12 04:09:06,652 INFO  server.RaftServerConfigKeys (ConfUtils.java:logGet(43)) - raft.server.watch.timeout.denomination = 1s (default)
2019-08-12 04:09:06,653 INFO  server.RaftServerConfigKeys (ConfUtils.java:logGet(43)) - raft.server.watch.element-limit = 65536 (default)
2019-08-12 04:09:06,653 INFO  server.RaftServerConfigKeys (ConfUtils.java:logGet(43)) - raft.server.log.appender.snapshot.chunk.size.max = 16MB (=16777216) (default)
2019-08-12 04:09:06,653 INFO  server.RaftServerConfigKeys (ConfUtils.java:logGet(43)) - raft.server.log.appender.buffer.byte-limit = 33554432 (custom)
2019-08-12 04:09:06,653 INFO  server.RaftServerConfigKeys (ConfUtils.java:logGet(43)) - raft.server.log.appender.buffer.element-limit = 1 (custom)
2019-08-12 04:09:06,654 INFO  grpc.GrpcConfigKeys$Server (ConfUtils.java:logGet(43)) - raft.grpc.server.leader.outstanding.appends.max = 128 (default)
2019-08-12 04:09:06,654 INFO  server.RaftServerConfigKeys (ConfUtils.java:logGet(43)) - raft.server.rpc.request.timeout = 3000ms (default)
2019-08-12 04:09:06,654 INFO  server.RaftServerConfigKeys (ConfUtils.java:logGet(43)) - raft.server.log.appender.install.snapshot.enabled = false (custom)
2019-08-12 04:09:06,654 INFO  server.RaftServerConfigKeys (ConfUtils.java:logGet(43)) - raft.server.log.appender.snapshot.chunk.size.max = 16MB (=16777216) (default)
2019-08-12 04:09:06,654 INFO  server.RaftServerConfigKeys (ConfUtils.java:logGet(43)) - raft.server.log.appender.buffer.byte-limit = 33554432 (custom)
2019-08-12 04:09:06,655 INFO  server.RaftServerConfigKeys (ConfUtils.java:logGet(43)) - raft.server.log.appender.buffer.element-limit = 1 (custom)
2019-08-12 04:09:06,655 INFO  grpc.GrpcConfigKeys$Server (ConfUtils.java:logGet(43)) - raft.grpc.server.leader.outstanding.appends.max = 128 (default)
2019-08-12 04:09:06,655 INFO  server.RaftServerConfigKeys (ConfUtils.java:logGet(43)) - raft.server.rpc.request.timeout = 3000ms (default)
2019-08-12 04:09:06,655 INFO  server.RaftServerConfigKeys (ConfUtils.java:logGet(43)) - raft.server.log.appender.install.snapshot.enabled = false (custom)
2019-08-12 04:09:06,656 INFO  impl.RoleInfo (RoleInfo.java:updateAndGet(143)) - 00b241ce-6529-4fc4-82dd-26815ed218ff: start LeaderState
2019-08-12 04:09:06,656 INFO  segmented.SegmentedRaftLogWorker (SegmentedRaftLogWorker.java:startLogSegment(380)) - 00b241ce-6529-4fc4-82dd-26815ed218ff-SegmentedRaftLogWorker:Storage Directory /workdir/hadoop-ozone/integration-test/target/test-dir/MiniOzoneClusterImpl-8ab67caf-427a-4247-bc98-713520941bc9/datanode-4/data/ratis/00797c47-3779-4abf-8449-830e9ded769e: Starting segment from index:0
2019-08-12 04:09:06,657 INFO  impl.RaftServerImpl (ServerState.java:setRaftConf(361)) - 00b241ce-6529-4fc4-82dd-26815ed218ff:group-830E9DED769E set configuration 0: [d8af83b5-b38a-44c4-acce-62c46298d170:192.168.157.230:32795, 5f43b17a-624c-455b-ac70-d237e935916e:192.168.157.230:35747, 00b241ce-6529-4fc4-82dd-26815ed218ff:192.168.157.230:39683], old=null at 0
2019-08-12 04:09:06,658 INFO  impl.RaftServerImpl (ServerState.java:setLeader(263)) - d8af83b5-b38a-44c4-acce-62c46298d170:group-830E9DED769E change Leader from null to 00b241ce-6529-4fc4-82dd-26815ed218ff at term 2 for appendEntries, leader elected after 10142ms
2019-08-12 04:09:06,659 INFO  impl.RaftServerImpl (ServerState.java:setLeader(263)) - 5f43b17a-624c-455b-ac70-d237e935916e:group-830E9DED769E change Leader from null to 00b241ce-6529-4fc4-82dd-26815ed218ff at term 2 for appendEntries, leader elected after 10143ms
2019-08-12 04:09:06,661 INFO  impl.RaftServerImpl (ServerState.java:setRaftConf(361)) - d8af83b5-b38a-44c4-acce-62c46298d170:group-830E9DED769E set configuration 0: [d8af83b5-b38a-44c4-acce-62c46298d170:192.168.157.230:32795, 5f43b17a-624c-455b-ac70-d237e935916e:192.168.157.230:35747, 00b241ce-6529-4fc4-82dd-26815ed218ff:192.168.157.230:39683], old=null at 0
2019-08-12 04:09:06,662 INFO  impl.RaftServerImpl (ServerState.java:setRaftConf(361)) - 5f43b17a-624c-455b-ac70-d237e935916e:group-830E9DED769E set configuration 0: [d8af83b5-b38a-44c4-acce-62c46298d170:192.168.157.230:32795, 5f43b17a-624c-455b-ac70-d237e935916e:192.168.157.230:35747, 00b241ce-6529-4fc4-82dd-26815ed218ff:192.168.157.230:39683], old=null at 0
2019-08-12 04:09:06,662 INFO  segmented.SegmentedRaftLogWorker (SegmentedRaftLogWorker.java:startLogSegment(380)) - d8af83b5-b38a-44c4-acce-62c46298d170-SegmentedRaftLogWorker:Storage Directory /workdir/hadoop-ozone/integration-test/target/test-dir/MiniOzoneClusterImpl-8ab67caf-427a-4247-bc98-713520941bc9/datanode-5/data/ratis/00797c47-3779-4abf-8449-830e9ded769e: Starting segment from index:0
2019-08-12 04:09:06,662 INFO  segmented.SegmentedRaftLogWorker (SegmentedRaftLogWorker.java:startLogSegment(380)) - 5f43b17a-624c-455b-ac70-d237e935916e-SegmentedRaftLogWorker:Storage Directory /workdir/hadoop-ozone/integration-test/target/test-dir/MiniOzoneClusterImpl-8ab67caf-427a-4247-bc98-713520941bc9/datanode-3/data/ratis/00797c47-3779-4abf-8449-830e9ded769e: Starting segment from index:0
2019-08-12 04:09:06,750 INFO  segmented.SegmentedRaftLogWorker (SegmentedRaftLogWorker.java:execute(569)) - 00b241ce-6529-4fc4-82dd-26815ed218ff-SegmentedRaftLogWorker:Storage Directory /workdir/hadoop-ozone/integration-test/target/test-dir/MiniOzoneClusterImpl-8ab67caf-427a-4247-bc98-713520941bc9/datanode-4/data/ratis/00797c47-3779-4abf-8449-830e9ded769e: created new log segment /workdir/hadoop-ozone/integration-test/target/test-dir/MiniOzoneClusterImpl-8ab67caf-427a-4247-bc98-713520941bc9/datanode-4/data/ratis/00797c47-3779-4abf-8449-830e9ded769e/current/log_inprogress_0
2019-08-12 04:09:06,750 INFO  segmented.SegmentedRaftLogWorker (SegmentedRaftLogWorker.java:execute(569)) - 5f43b17a-624c-455b-ac70-d237e935916e-SegmentedRaftLogWorker:Storage Directory /workdir/hadoop-ozone/integration-test/target/test-dir/MiniOzoneClusterImpl-8ab67caf-427a-4247-bc98-713520941bc9/datanode-3/data/ratis/00797c47-3779-4abf-8449-830e9ded769e: created new log segment /workdir/hadoop-ozone/integration-test/target/test-dir/MiniOzoneClusterImpl-8ab67caf-427a-4247-bc98-713520941bc9/datanode-3/data/ratis/00797c47-3779-4abf-8449-830e9ded769e/current/log_inprogress_0
2019-08-12 04:09:06,750 INFO  segmented.SegmentedRaftLogWorker (SegmentedRaftLogWorker.java:execute(569)) - d8af83b5-b38a-44c4-acce-62c46298d170-SegmentedRaftLogWorker:Storage Directory /workdir/hadoop-ozone/integration-test/target/test-dir/MiniOzoneClusterImpl-8ab67caf-427a-4247-bc98-713520941bc9/datanode-5/data/ratis/00797c47-3779-4abf-8449-830e9ded769e: created new log segment /workdir/hadoop-ozone/integration-test/target/test-dir/MiniOzoneClusterImpl-8ab67caf-427a-4247-bc98-713520941bc9/datanode-5/data/ratis/00797c47-3779-4abf-8449-830e9ded769e/current/log_inprogress_0
2019-08-12 04:09:06,873 INFO  node.StaleNodeHandler (StaleNodeHandler.java:onMessage(58)) - Datanode 47758c02-75a0-4e19-bf34-38cb8350cc70{ip: 192.168.157.230, host: byscane-nightly-pnj9f-4033720222, networkLocation: /default-rack, certSerialId: null} moved to stale state. Finalizing its pipelines [PipelineID=79173478-a9a6-40a5-9739-c3ce133a16c2, PipelineID=46da026b-8c85-4b24-9491-9bcf5a3510ec]
2019-08-12 04:09:06,874 INFO  pipeline.SCMPipelineManager (SCMPipelineManager.java:finalizeAndDestroyPipeline(309)) - destroying pipeline:Pipeline[ Id: 79173478-a9a6-40a5-9739-c3ce133a16c2, Nodes: 47758c02-75a0-4e19-bf34-38cb8350cc70{ip: 192.168.157.230, host: byscane-nightly-pnj9f-4033720222, networkLocation: /default-rack, certSerialId: null}2b0b4dad-071d-4827-b470-0b27b510987a{ip: 192.168.157.230, host: byscane-nightly-pnj9f-4033720222, networkLocation: /default-rack, certSerialId: null}feed998e-786d-42b1-b0ed-1d0664f297ba{ip: 192.168.157.230, host: byscane-nightly-pnj9f-4033720222, networkLocation: /default-rack, certSerialId: null}, Type:RATIS, Factor:THREE, State:OPEN]
2019-08-12 04:09:06,874 INFO  pipeline.PipelineStateManager (PipelineStateManager.java:finalizePipeline(123)) - Pipeline Pipeline[ Id: 79173478-a9a6-40a5-9739-c3ce133a16c2, Nodes: 47758c02-75a0-4e19-bf34-38cb8350cc70{ip: 192.168.157.230, host: byscane-nightly-pnj9f-4033720222, networkLocation: /default-rack, certSerialId: null}2b0b4dad-071d-4827-b470-0b27b510987a{ip: 192.168.157.230, host: byscane-nightly-pnj9f-4033720222, networkLocation: /default-rack, certSerialId: null}feed998e-786d-42b1-b0ed-1d0664f297ba{ip: 192.168.157.230, host: byscane-nightly-pnj9f-4033720222, networkLocation: /default-rack, certSerialId: null}, Type:RATIS, Factor:THREE, State:CLOSED] moved to CLOSED state
2019-08-12 04:09:06,874 INFO  container.CloseContainerEventHandler (CloseContainerEventHandler.java:onMessage(61)) - Close container Event triggered for container : #1
2019-08-12 04:09:06,875 INFO  pipeline.SCMPipelineManager (SCMPipelineManager.java:finalizeAndDestroyPipeline(309)) - destroying pipeline:Pipeline[ Id: 46da026b-8c85-4b24-9491-9bcf5a3510ec, Nodes: 47758c02-75a0-4e19-bf34-38cb8350cc70{ip: 192.168.157.230, host: byscane-nightly-pnj9f-4033720222, networkLocation: /default-rack, certSerialId: null}, Type:RATIS, Factor:ONE, State:OPEN]
2019-08-12 04:09:06,875 INFO  pipeline.PipelineStateManager (PipelineStateManager.java:finalizePipeline(123)) - Pipeline Pipeline[ Id: 46da026b-8c85-4b24-9491-9bcf5a3510ec, Nodes: 47758c02-75a0-4e19-bf34-38cb8350cc70{ip: 192.168.157.230, host: byscane-nightly-pnj9f-4033720222, networkLocation: /default-rack, certSerialId: null}, Type:RATIS, Factor:ONE, State:CLOSED] moved to CLOSED state
2019-08-12 04:09:07,038 INFO  ozoneimpl.OzoneContainer (OzoneContainer.java:stop(199)) - Attempting to stop container services.
2019-08-12 04:09:07,039 INFO  impl.RaftServerProxy (RaftServerProxy.java:lambda$close$4(314)) - 47758c02-75a0-4e19-bf34-38cb8350cc70: close
2019-08-12 04:09:07,040 INFO  impl.RaftServerImpl (RaftServerImpl.java:lambda$shutdown$3(245)) - 47758c02-75a0-4e19-bf34-38cb8350cc70: shutdown group-C3CE133A16C2
2019-08-12 04:09:07,040 INFO  util.JmxRegister (JmxRegister.java:unregister(73)) - Successfully un-registered JMX Bean with object name Ratis:service=RaftServer,group=group-C3CE133A16C2,id=47758c02-75a0-4e19-bf34-38cb8350cc70
2019-08-12 04:09:07,040 INFO  impl.RoleInfo (RoleInfo.java:shutdownLeaderState(104)) - 47758c02-75a0-4e19-bf34-38cb8350cc70: shutdown LeaderState
2019-08-12 04:09:07,046 WARN  server.GrpcLogAppender (GrpcLogAppender.java:mayWait(143)) - GrpcLogAppender(47758c02-75a0-4e19-bf34-38cb8350cc70->feed998e-786d-42b1-b0ed-1d0664f297ba): Wait interrupted by java.lang.InterruptedException
2019-08-12 04:09:07,047 INFO  impl.PendingRequests (PendingRequests.java:sendNotLeaderResponses(202)) - 47758c02-75a0-4e19-bf34-38cb8350cc70-PendingRequests: sendNotLeaderResponses
2019-08-12 04:09:07,047 INFO  server.GrpcServerProtocolService (GrpcServerProtocolService.java:onCompleted(104)) - feed998e-786d-42b1-b0ed-1d0664f297ba: appendEntries completed
2019-08-12 04:09:07,047 WARN  server.GrpcLogAppender (GrpcLogAppender.java:mayWait(143)) - GrpcLogAppender(47758c02-75a0-4e19-bf34-38cb8350cc70->2b0b4dad-071d-4827-b470-0b27b510987a): Wait interrupted by java.lang.InterruptedException
2019-08-12 04:09:07,052 INFO  impl.StateMachineUpdater (StateMachineUpdater.java:stopAndJoin(115)) - StateMachineUpdater:47758c02-75a0-4e19-bf34-38cb8350cc70:group-C3CE133A16C2: set stopIndex = 15
2019-08-12 04:09:07,052 INFO  server.GrpcServerProtocolService (GrpcServerProtocolService.java:onCompleted(104)) - 2b0b4dad-071d-4827-b470-0b27b510987a: appendEntries completed
2019-08-12 04:09:07,052 INFO  ratis.ContainerStateMachine (ContainerStateMachine.java:takeSnapshot(262)) - group-C3CE133A16C2: Taking a snapshot at:(t:1, i:13) file /workdir/hadoop-ozone/integration-test/target/test-dir/MiniOzoneClusterImpl-8ab67caf-427a-4247-bc98-713520941bc9/datanode-0/data/ratis/79173478-a9a6-40a5-9739-c3ce133a16c2/sm/snapshot.1_13
2019-08-12 04:09:07,052 INFO  server.GrpcLogAppender (GrpcLogAppender.java:onCompleted(292)) - 47758c02-75a0-4e19-bf34-38cb8350cc70->feed998e-786d-42b1-b0ed-1d0664f297ba: follower responses appendEntries COMPLETED
2019-08-12 04:09:07,053 INFO  server.GrpcLogAppender (GrpcLogAppender.java:onCompleted(292)) - 47758c02-75a0-4e19-bf34-38cb8350cc70->2b0b4dad-071d-4827-b470-0b27b510987a: follower responses appendEntries COMPLETED
2019-08-12 04:09:07,053 INFO  impl.FollowerInfo (FollowerInfo.java:lambda$new$0(50)) - 47758c02-75a0-4e19-bf34-38cb8350cc70->feed998e-786d-42b1-b0ed-1d0664f297ba: nextIndex: updateUnconditionally 16 -> 15
2019-08-12 04:09:07,054 INFO  impl.FollowerInfo (FollowerInfo.java:lambda$new$0(50)) - 47758c02-75a0-4e19-bf34-38cb8350cc70->2b0b4dad-071d-4827-b470-0b27b510987a: nextIndex: updateUnconditionally 16 -> 15
2019-08-12 04:09:07,065 INFO  ratis.ContainerStateMachine (ContainerStateMachine.java:takeSnapshot(273)) - group-C3CE133A16C2: Finished taking a snapshot at:(t:1, i:13) file:/workdir/hadoop-ozone/integration-test/target/test-dir/MiniOzoneClusterImpl-8ab67caf-427a-4247-bc98-713520941bc9/datanode-0/data/ratis/79173478-a9a6-40a5-9739-c3ce133a16c2/sm/snapshot.1_13 time:14
2019-08-12 04:09:07,065 INFO  impl.StateMachineUpdater (StateMachineUpdater.java:takeSnapshot(242)) - StateMachineUpdater:47758c02-75a0-4e19-bf34-38cb8350cc70:group-C3CE133A16C2: Took a snapshot at index 13
2019-08-12 04:09:07,065 INFO  impl.StateMachineUpdater (StateMachineUpdater.java:lambda$new$0(80)) - StateMachineUpdater:47758c02-75a0-4e19-bf34-38cb8350cc70:group-C3CE133A16C2: snapshotIndex: updateIncreasingly -1 -> 13
2019-08-12 04:09:07,066 INFO  impl.RaftServerImpl (ServerState.java:close(394)) - 47758c02-75a0-4e19-bf34-38cb8350cc70:group-C3CE133A16C2 closes. The last applied log index is 15
2019-08-12 04:09:07,066 INFO  segmented.SegmentedRaftLogWorker (SegmentedRaftLogWorker.java:run(313)) - 47758c02-75a0-4e19-bf34-38cb8350cc70-SegmentedRaftLogWorker:Storage Directory /workdir/hadoop-ozone/integration-test/target/test-dir/MiniOzoneClusterImpl-8ab67caf-427a-4247-bc98-713520941bc9/datanode-0/data/ratis/79173478-a9a6-40a5-9739-c3ce133a16c2 was interrupted, exiting. There are 0 tasks remaining in the queue.
2019-08-12 04:09:07,069 INFO  segmented.SegmentedRaftLogWorker (SegmentedRaftLogWorker.java:close(228)) - 47758c02-75a0-4e19-bf34-38cb8350cc70-SegmentedRaftLogWorker:Storage Directory /workdir/hadoop-ozone/integration-test/target/test-dir/MiniOzoneClusterImpl-8ab67caf-427a-4247-bc98-713520941bc9/datanode-0/data/ratis/79173478-a9a6-40a5-9739-c3ce133a16c2 close()
2019-08-12 04:09:07,074 INFO  impl.RaftServerImpl (RaftServerImpl.java:lambda$shutdown$3(245)) - 47758c02-75a0-4e19-bf34-38cb8350cc70: shutdown group-9BCF5A3510EC
2019-08-12 04:09:07,074 INFO  util.JmxRegister (JmxRegister.java:unregister(73)) - Successfully un-registered JMX Bean with object name Ratis:service=RaftServer,group=group-9BCF5A3510EC,id=47758c02-75a0-4e19-bf34-38cb8350cc70
2019-08-12 04:09:07,075 INFO  impl.RoleInfo (RoleInfo.java:shutdownLeaderState(104)) - 47758c02-75a0-4e19-bf34-38cb8350cc70: shutdown LeaderState
2019-08-12 04:09:07,075 INFO  impl.PendingRequests (PendingRequests.java:sendNotLeaderResponses(202)) - 47758c02-75a0-4e19-bf34-38cb8350cc70-PendingRequests: sendNotLeaderResponses
2019-08-12 04:09:07,076 INFO  impl.StateMachineUpdater (StateMachineUpdater.java:stopAndJoin(115)) - StateMachineUpdater:47758c02-75a0-4e19-bf34-38cb8350cc70:group-9BCF5A3510EC: set stopIndex = 0
2019-08-12 04:09:07,076 INFO  impl.RaftServerImpl (ServerState.java:close(394)) - 47758c02-75a0-4e19-bf34-38cb8350cc70:group-9BCF5A3510EC closes. The last applied log index is 0
2019-08-12 04:09:07,076 INFO  segmented.SegmentedRaftLogWorker (SegmentedRaftLogWorker.java:run(313)) - 47758c02-75a0-4e19-bf34-38cb8350cc70-SegmentedRaftLogWorker:Storage Directory /workdir/hadoop-ozone/integration-test/target/test-dir/MiniOzoneClusterImpl-8ab67caf-427a-4247-bc98-713520941bc9/datanode-0/data/ratis/46da026b-8c85-4b24-9491-9bcf5a3510ec was interrupted, exiting. There are 0 tasks remaining in the queue.
2019-08-12 04:09:07,079 INFO  segmented.SegmentedRaftLogWorker (SegmentedRaftLogWorker.java:close(228)) - 47758c02-75a0-4e19-bf34-38cb8350cc70-SegmentedRaftLogWorker:Storage Directory /workdir/hadoop-ozone/integration-test/target/test-dir/MiniOzoneClusterImpl-8ab67caf-427a-4247-bc98-713520941bc9/datanode-0/data/ratis/46da026b-8c85-4b24-9491-9bcf5a3510ec close()
2019-08-12 04:09:07,084 INFO  server.GrpcService (GrpcService.java:closeImpl(155)) - 47758c02-75a0-4e19-bf34-38cb8350cc70: shutdown server with port 35911 now
2019-08-12 04:09:07,085 WARN  client.GrpcClientProtocolService (LogUtils.java:warn(134)) - 3-UnorderedRequestStreamObserver3: onError: org.apache.ratis.thirdparty.io.grpc.StatusRuntimeException: CANCELLED: cancelled before receiving half close
2019-08-12 04:09:07,085 INFO  server.GrpcService (GrpcService.java:closeImpl(163)) - 47758c02-75a0-4e19-bf34-38cb8350cc70: shutdown server with port 35911 successfully
2019-08-12 04:09:07,087 INFO  utils.BackgroundService (BackgroundService.java:shutdown(148)) - Shutting down service BlockDeletingService
2019-08-12 04:09:07,090 WARN  fs.CachingGetSpaceUsed (CachingGetSpaceUsed.java:run(183)) - Thread Interrupted waiting to refresh disk information: sleep interrupted
2019-08-12 04:09:07,119 INFO  statemachine.DatanodeStateMachine (DatanodeStateMachine.java:stopDaemon(395)) - Ozone container server stopped.
2019-08-12 04:09:07,124 INFO  handler.ContextHandler (ContextHandler.java:doStop(910)) - Stopped o.e.j.w.WebAppContext@e00c94e{/,null,UNAVAILABLE}{/hddsDatanode}
2019-08-12 04:09:07,125 INFO  server.AbstractConnector (AbstractConnector.java:doStop(318)) - Stopped ServerConnector@b2db8bc{HTTP/1.1,[http/1.1]}{0.0.0.0:0}
2019-08-12 04:09:07,126 INFO  handler.ContextHandler (ContextHandler.java:doStop(910)) - Stopped o.e.j.s.ServletContextHandler@6dd59886{/static,jar:file:/home/user/.m2/repository/org/apache/hadoop/hadoop-hdds-container-service/0.4.1-SNAPSHOT/hadoop-hdds-container-service-0.4.1-SNAPSHOT.jar!/webapps/static,UNAVAILABLE}
2019-08-12 04:09:07,127 INFO  handler.ContextHandler (ContextHandler.java:doStop(910)) - Stopped o.e.j.s.ServletContextHandler@599cf2cd{/logs,file:///workdir/hadoop-ozone/integration-test/target/log,UNAVAILABLE}
2019-08-12 04:09:09,144 INFO  client.GrpcClientProtocolClient (GrpcClientProtocolClient.java:onNext(255)) - client-FEFC15CD9ED8->2b0b4dad-071d-4827-b470-0b27b510987a: receive RaftClientReply:client-FEFC15CD9ED8->2b0b4dad-071d-4827-b470-0b27b510987a@group-C3CE133A16C2, cid=192, FAILED org.apache.ratis.protocol.NotLeaderException: Server 2b0b4dad-071d-4827-b470-0b27b510987a is not the leader (47758c02-75a0-4e19-bf34-38cb8350cc70:192.168.157.230:35911). Request must be sent to leader., logIndex=0, commits[2b0b4dad-071d-4827-b470-0b27b510987a:c15, feed998e-786d-42b1-b0ed-1d0664f297ba:c15, 47758c02-75a0-4e19-bf34-38cb8350cc70:c15]
2019-08-12 04:09:10,162 INFO  client.GrpcClientProtocolClient (GrpcClientProtocolClient.java:onNext(255)) - client-FEFC15CD9ED8->2b0b4dad-071d-4827-b470-0b27b510987a: receive RaftClientReply:client-FEFC15CD9ED8->2b0b4dad-071d-4827-b470-0b27b510987a@group-C3CE133A16C2, cid=192, FAILED org.apache.ratis.protocol.NotLeaderException: Server 2b0b4dad-071d-4827-b470-0b27b510987a is not the leader (47758c02-75a0-4e19-bf34-38cb8350cc70:192.168.157.230:35911). Request must be sent to leader., logIndex=0, commits[2b0b4dad-071d-4827-b470-0b27b510987a:c15, feed998e-786d-42b1-b0ed-1d0664f297ba:c15, 47758c02-75a0-4e19-bf34-38cb8350cc70:c15]
2019-08-12 04:09:11,180 INFO  client.GrpcClientProtocolClient (GrpcClientProtocolClient.java:onNext(255)) - client-FEFC15CD9ED8->feed998e-786d-42b1-b0ed-1d0664f297ba: receive RaftClientReply:client-FEFC15CD9ED8->feed998e-786d-42b1-b0ed-1d0664f297ba@group-C3CE133A16C2, cid=192, FAILED org.apache.ratis.protocol.NotLeaderException: Server feed998e-786d-42b1-b0ed-1d0664f297ba is not the leader (47758c02-75a0-4e19-bf34-38cb8350cc70:192.168.157.230:35911). Request must be sent to leader., logIndex=0, commits[feed998e-786d-42b1-b0ed-1d0664f297ba:c15, 47758c02-75a0-4e19-bf34-38cb8350cc70:c15, 2b0b4dad-071d-4827-b470-0b27b510987a:c15]
2019-08-12 04:09:12,194 INFO  client.GrpcClientProtocolClient (GrpcClientProtocolClient.java:onNext(255)) - client-FEFC15CD9ED8->feed998e-786d-42b1-b0ed-1d0664f297ba: receive RaftClientReply:client-FEFC15CD9ED8->feed998e-786d-42b1-b0ed-1d0664f297ba@group-C3CE133A16C2, cid=192, FAILED org.apache.ratis.protocol.NotLeaderException: Server feed998e-786d-42b1-b0ed-1d0664f297ba is not the leader (47758c02-75a0-4e19-bf34-38cb8350cc70:192.168.157.230:35911). Request must be sent to leader., logIndex=0, commits[feed998e-786d-42b1-b0ed-1d0664f297ba:c15, 47758c02-75a0-4e19-bf34-38cb8350cc70:c15, 2b0b4dad-071d-4827-b470-0b27b510987a:c15]
2019-08-12 04:09:13,209 INFO  client.GrpcClientProtocolClient (GrpcClientProtocolClient.java:onNext(255)) - client-FEFC15CD9ED8->2b0b4dad-071d-4827-b470-0b27b510987a: receive RaftClientReply:client-FEFC15CD9ED8->2b0b4dad-071d-4827-b470-0b27b510987a@group-C3CE133A16C2, cid=192, FAILED org.apache.ratis.protocol.NotLeaderException: Server 2b0b4dad-071d-4827-b470-0b27b510987a is not the leader (47758c02-75a0-4e19-bf34-38cb8350cc70:192.168.157.230:35911). Request must be sent to leader., logIndex=0, commits[2b0b4dad-071d-4827-b470-0b27b510987a:c15, feed998e-786d-42b1-b0ed-1d0664f297ba:c15, 47758c02-75a0-4e19-bf34-38cb8350cc70:c15]
2019-08-12 04:09:14,224 INFO  client.GrpcClientProtocolClient (GrpcClientProtocolClient.java:onNext(255)) - client-FEFC15CD9ED8->2b0b4dad-071d-4827-b470-0b27b510987a: receive RaftClientReply:client-FEFC15CD9ED8->2b0b4dad-071d-4827-b470-0b27b510987a@group-C3CE133A16C2, cid=192, FAILED org.apache.ratis.protocol.NotLeaderException: Server 2b0b4dad-071d-4827-b470-0b27b510987a is not the leader (47758c02-75a0-4e19-bf34-38cb8350cc70:192.168.157.230:35911). Request must be sent to leader., logIndex=0, commits[2b0b4dad-071d-4827-b470-0b27b510987a:c15, feed998e-786d-42b1-b0ed-1d0664f297ba:c15, 47758c02-75a0-4e19-bf34-38cb8350cc70:c15]
2019-08-12 04:09:15,238 INFO  client.GrpcClientProtocolClient (GrpcClientProtocolClient.java:onNext(255)) - client-FEFC15CD9ED8->2b0b4dad-071d-4827-b470-0b27b510987a: receive RaftClientReply:client-FEFC15CD9ED8->2b0b4dad-071d-4827-b470-0b27b510987a@group-C3CE133A16C2, cid=192, FAILED org.apache.ratis.protocol.NotLeaderException: Server 2b0b4dad-071d-4827-b470-0b27b510987a is not the leader (47758c02-75a0-4e19-bf34-38cb8350cc70:192.168.157.230:35911). Request must be sent to leader., logIndex=0, commits[2b0b4dad-071d-4827-b470-0b27b510987a:c15, feed998e-786d-42b1-b0ed-1d0664f297ba:c15, 47758c02-75a0-4e19-bf34-38cb8350cc70:c15]
2019-08-12 04:09:16,251 INFO  client.GrpcClientProtocolClient (GrpcClientProtocolClient.java:onNext(255)) - client-FEFC15CD9ED8->feed998e-786d-42b1-b0ed-1d0664f297ba: receive RaftClientReply:client-FEFC15CD9ED8->feed998e-786d-42b1-b0ed-1d0664f297ba@group-C3CE133A16C2, cid=192, FAILED org.apache.ratis.protocol.NotLeaderException: Server feed998e-786d-42b1-b0ed-1d0664f297ba is not the leader (47758c02-75a0-4e19-bf34-38cb8350cc70:192.168.157.230:35911). Request must be sent to leader., logIndex=0, commits[feed998e-786d-42b1-b0ed-1d0664f297ba:c15, 47758c02-75a0-4e19-bf34-38cb8350cc70:c15, 2b0b4dad-071d-4827-b470-0b27b510987a:c15]
2019-08-12 04:09:16,390 INFO  impl.FollowerState (FollowerState.java:run(106)) - feed998e-786d-42b1-b0ed-1d0664f297ba:group-C3CE133A16C2 changes to CANDIDATE, lastRpcTime:9352, electionTimeout:5066ms
2019-08-12 04:09:16,390 INFO  impl.RoleInfo (RoleInfo.java:shutdownFollowerState(121)) - feed998e-786d-42b1-b0ed-1d0664f297ba: shutdown FollowerState
2019-08-12 04:09:16,390 INFO  impl.RaftServerImpl (RaftServerImpl.java:setRole(171)) - feed998e-786d-42b1-b0ed-1d0664f297ba:group-C3CE133A16C2 changes role from FOLLOWER to CANDIDATE at term 1 for changeToCandidate
2019-08-12 04:09:16,390 INFO  impl.RoleInfo (RoleInfo.java:updateAndGet(143)) - feed998e-786d-42b1-b0ed-1d0664f297ba: start LeaderElection
2019-08-12 04:09:16,394 INFO  impl.RaftServerImpl (ServerState.java:setLeader(263)) - feed998e-786d-42b1-b0ed-1d0664f297ba:group-C3CE133A16C2 change Leader from 47758c02-75a0-4e19-bf34-38cb8350cc70 to null at term 1 for initElection
2019-08-12 04:09:16,416 INFO  impl.LeaderElection (LeaderElection.java:askForVotes(181)) - feed998e-786d-42b1-b0ed-1d0664f297ba:group-C3CE133A16C2:LeaderElection87: begin an election at term 2 for 0: [feed998e-786d-42b1-b0ed-1d0664f297ba:192.168.157.230:37891, 47758c02-75a0-4e19-bf34-38cb8350cc70:192.168.157.230:35911, 2b0b4dad-071d-4827-b470-0b27b510987a:192.168.157.230:40875], old=null
2019-08-12 04:09:16,419 INFO  impl.LeaderElection (LogUtils.java:infoOrTrace(149)) - feed998e-786d-42b1-b0ed-1d0664f297ba:group-C3CE133A16C2:LeaderElection87 got exception when requesting votes: {}
java.util.concurrent.ExecutionException: org.apache.ratis.thirdparty.io.grpc.StatusRuntimeException: UNAVAILABLE: io exception
	at java.util.concurrent.FutureTask.report(FutureTask.java:122)
	at java.util.concurrent.FutureTask.get(FutureTask.java:192)
	at org.apache.ratis.server.impl.LeaderElection.waitForResults(LeaderElection.java:262)
	at org.apache.ratis.server.impl.LeaderElection.askForVotes(LeaderElection.java:200)
	at org.apache.ratis.server.impl.LeaderElection.run(LeaderElection.java:130)
	at java.lang.Thread.run(Thread.java:748)
Caused by: org.apache.ratis.thirdparty.io.grpc.StatusRuntimeException: UNAVAILABLE: io exception
	at org.apache.ratis.thirdparty.io.grpc.stub.ClientCalls.toStatusRuntimeException(ClientCalls.java:233)
	at org.apache.ratis.thirdparty.io.grpc.stub.ClientCalls.getUnchecked(ClientCalls.java:214)
	at org.apache.ratis.thirdparty.io.grpc.stub.ClientCalls.blockingUnaryCall(ClientCalls.java:139)
	at org.apache.ratis.proto.grpc.RaftServerProtocolServiceGrpc$RaftServerProtocolServiceBlockingStub.requestVote(RaftServerProtocolServiceGrpc.java:265)
	at org.apache.ratis.grpc.server.GrpcServerProtocolClient.requestVote(GrpcServerProtocolClient.java:83)
	at org.apache.ratis.grpc.server.GrpcService.requestVote(GrpcService.java:195)
	at org.apache.ratis.server.impl.LeaderElection.lambda$submitRequests$1(LeaderElection.java:237)
	at java.util.concurrent.FutureTask.run(FutureTask.java:266)
	at java.util.concurrent.Executors$RunnableAdapter.call(Executors.java:511)
	at java.util.concurrent.FutureTask.run(FutureTask.java:266)
	at java.util.concurrent.ThreadPoolExecutor.runWorker(ThreadPoolExecutor.java:1149)
	at java.util.concurrent.ThreadPoolExecutor$Worker.run(ThreadPoolExecutor.java:624)
	... 1 more
Caused by: org.apache.ratis.thirdparty.io.netty.channel.AbstractChannel$AnnotatedConnectException: Connection refused: /192.168.157.230:35911
	at sun.nio.ch.SocketChannelImpl.checkConnect(Native Method)
	at sun.nio.ch.SocketChannelImpl.finishConnect(SocketChannelImpl.java:717)
	at org.apache.ratis.thirdparty.io.netty.channel.socket.nio.NioSocketChannel.doFinishConnect(NioSocketChannel.java:327)
	at org.apache.ratis.thirdparty.io.netty.channel.nio.AbstractNioChannel$AbstractNioUnsafe.finishConnect(AbstractNioChannel.java:340)
	at org.apache.ratis.thirdparty.io.netty.channel.nio.NioEventLoop.processSelectedKey(NioEventLoop.java:632)
	at org.apache.ratis.thirdparty.io.netty.channel.nio.NioEventLoop.processSelectedKeysOptimized(NioEventLoop.java:579)
	at org.apache.ratis.thirdparty.io.netty.channel.nio.NioEventLoop.processSelectedKeys(NioEventLoop.java:496)
	at org.apache.ratis.thirdparty.io.netty.channel.nio.NioEventLoop.run(NioEventLoop.java:458)
	at org.apache.ratis.thirdparty.io.netty.util.concurrent.SingleThreadEventExecutor$5.run(SingleThreadEventExecutor.java:897)
	at org.apache.ratis.thirdparty.io.netty.util.concurrent.FastThreadLocalRunnable.run(FastThreadLocalRunnable.java:30)
	... 1 more
Caused by: java.net.ConnectException: Connection refused
	... 11 more
2019-08-12 04:09:16,424 INFO  impl.RaftServerImpl (ServerState.java:setLeader(263)) - 2b0b4dad-071d-4827-b470-0b27b510987a:group-C3CE133A16C2 change Leader from 47758c02-75a0-4e19-bf34-38cb8350cc70 to null at term 2 for updateCurrentTerm
2019-08-12 04:09:16,424 INFO  impl.RaftServerImpl (RaftServerImpl.java:setRole(171)) - 2b0b4dad-071d-4827-b470-0b27b510987a:group-C3CE133A16C2 changes role from FOLLOWER to FOLLOWER at term 2 for recognizeCandidate:feed998e-786d-42b1-b0ed-1d0664f297ba
2019-08-12 04:09:16,424 INFO  impl.RoleInfo (RoleInfo.java:shutdownFollowerState(121)) - 2b0b4dad-071d-4827-b470-0b27b510987a: shutdown FollowerState
2019-08-12 04:09:16,425 INFO  impl.RoleInfo (RoleInfo.java:updateAndGet(143)) - 2b0b4dad-071d-4827-b470-0b27b510987a: start FollowerState
2019-08-12 04:09:16,425 INFO  impl.FollowerState (FollowerState.java:run(114)) - 2b0b4dad-071d-4827-b470-0b27b510987a: FollowerState was interrupted: java.lang.InterruptedException: sleep interrupted
2019-08-12 04:09:16,449 INFO  impl.LeaderElection (LeaderElection.java:logAndReturn(56)) - feed998e-786d-42b1-b0ed-1d0664f297ba:group-C3CE133A16C2:LeaderElection87: Election PASSED; received 1 response(s) [feed998e-786d-42b1-b0ed-1d0664f297ba<-2b0b4dad-071d-4827-b470-0b27b510987a#0:OK-t2] and 1 exception(s); feed998e-786d-42b1-b0ed-1d0664f297ba:t2, leader=null, voted=feed998e-786d-42b1-b0ed-1d0664f297ba, raftlog=feed998e-786d-42b1-b0ed-1d0664f297ba-SegmentedRaftLog:OPENED:c15,f15,i15, conf=0: [feed998e-786d-42b1-b0ed-1d0664f297ba:192.168.157.230:37891, 47758c02-75a0-4e19-bf34-38cb8350cc70:192.168.157.230:35911, 2b0b4dad-071d-4827-b470-0b27b510987a:192.168.157.230:40875], old=null
2019-08-12 04:09:16,449 INFO  impl.LeaderElection (LogUtils.java:infoOrTrace(149)) -   Exception 0: {}
java.util.concurrent.ExecutionException: org.apache.ratis.thirdparty.io.grpc.StatusRuntimeException: UNAVAILABLE: io exception
	at java.util.concurrent.FutureTask.report(FutureTask.java:122)
	at java.util.concurrent.FutureTask.get(FutureTask.java:192)
	at org.apache.ratis.server.impl.LeaderElection.waitForResults(LeaderElection.java:262)
	at org.apache.ratis.server.impl.LeaderElection.askForVotes(LeaderElection.java:200)
	at org.apache.ratis.server.impl.LeaderElection.run(LeaderElection.java:130)
	at java.lang.Thread.run(Thread.java:748)
Caused by: org.apache.ratis.thirdparty.io.grpc.StatusRuntimeException: UNAVAILABLE: io exception
	at org.apache.ratis.thirdparty.io.grpc.stub.ClientCalls.toStatusRuntimeException(ClientCalls.java:233)
	at org.apache.ratis.thirdparty.io.grpc.stub.ClientCalls.getUnchecked(ClientCalls.java:214)
	at org.apache.ratis.thirdparty.io.grpc.stub.ClientCalls.blockingUnaryCall(ClientCalls.java:139)
	at org.apache.ratis.proto.grpc.RaftServerProtocolServiceGrpc$RaftServerProtocolServiceBlockingStub.requestVote(RaftServerProtocolServiceGrpc.java:265)
	at org.apache.ratis.grpc.server.GrpcServerProtocolClient.requestVote(GrpcServerProtocolClient.java:83)
	at org.apache.ratis.grpc.server.GrpcService.requestVote(GrpcService.java:195)
	at org.apache.ratis.server.impl.LeaderElection.lambda$submitRequests$1(LeaderElection.java:237)
	at java.util.concurrent.FutureTask.run(FutureTask.java:266)
	at java.util.concurrent.Executors$RunnableAdapter.call(Executors.java:511)
	at java.util.concurrent.FutureTask.run(FutureTask.java:266)
	at java.util.concurrent.ThreadPoolExecutor.runWorker(ThreadPoolExecutor.java:1149)
	at java.util.concurrent.ThreadPoolExecutor$Worker.run(ThreadPoolExecutor.java:624)
	... 1 more
Caused by: org.apache.ratis.thirdparty.io.netty.channel.AbstractChannel$AnnotatedConnectException: Connection refused: /192.168.157.230:35911
	at sun.nio.ch.SocketChannelImpl.checkConnect(Native Method)
	at sun.nio.ch.SocketChannelImpl.finishConnect(SocketChannelImpl.java:717)
	at org.apache.ratis.thirdparty.io.netty.channel.socket.nio.NioSocketChannel.doFinishConnect(NioSocketChannel.java:327)
	at org.apache.ratis.thirdparty.io.netty.channel.nio.AbstractNioChannel$AbstractNioUnsafe.finishConnect(AbstractNioChannel.java:340)
	at org.apache.ratis.thirdparty.io.netty.channel.nio.NioEventLoop.processSelectedKey(NioEventLoop.java:632)
	at org.apache.ratis.thirdparty.io.netty.channel.nio.NioEventLoop.processSelectedKeysOptimized(NioEventLoop.java:579)
	at org.apache.ratis.thirdparty.io.netty.channel.nio.NioEventLoop.processSelectedKeys(NioEventLoop.java:496)
	at org.apache.ratis.thirdparty.io.netty.channel.nio.NioEventLoop.run(NioEventLoop.java:458)
	at org.apache.ratis.thirdparty.io.netty.util.concurrent.SingleThreadEventExecutor$5.run(SingleThreadEventExecutor.java:897)
	at org.apache.ratis.thirdparty.io.netty.util.concurrent.FastThreadLocalRunnable.run(FastThreadLocalRunnable.java:30)
	... 1 more
Caused by: java.net.ConnectException: Connection refused
	... 11 more
2019-08-12 04:09:16,450 INFO  impl.RoleInfo (RoleInfo.java:shutdownLeaderElection(134)) - feed998e-786d-42b1-b0ed-1d0664f297ba: shutdown LeaderElection
2019-08-12 04:09:16,450 INFO  impl.RaftServerImpl (RaftServerImpl.java:setRole(171)) - feed998e-786d-42b1-b0ed-1d0664f297ba:group-C3CE133A16C2 changes role from CANDIDATE to LEADER at term 2 for changeToLeader
2019-08-12 04:09:16,450 INFO  impl.RaftServerImpl (ServerState.java:setLeader(263)) - feed998e-786d-42b1-b0ed-1d0664f297ba:group-C3CE133A16C2 change Leader from null to feed998e-786d-42b1-b0ed-1d0664f297ba at term 2 for becomeLeader, leader elected after 55ms
2019-08-12 04:09:16,450 INFO  server.RaftServerConfigKeys (ConfUtils.java:logGet(43)) - raft.server.staging.catchup.gap = 1000 (default)
2019-08-12 04:09:16,450 INFO  server.RaftServerConfigKeys (ConfUtils.java:logGet(43)) - raft.server.rpc.sleep.time = 25ms (default)
2019-08-12 04:09:16,451 INFO  server.RaftServerConfigKeys (ConfUtils.java:logGet(43)) - raft.server.write.element-limit = 4096 (default)
2019-08-12 04:09:16,451 INFO  server.RaftServerConfigKeys (ConfUtils.java:logGet(43)) - raft.server.watch.timeout = 10s (default)
2019-08-12 04:09:16,451 INFO  server.RaftServerConfigKeys (ConfUtils.java:logGet(43)) - raft.server.watch.timeout.denomination = 1s (default)
2019-08-12 04:09:16,451 INFO  server.RaftServerConfigKeys (ConfUtils.java:logGet(43)) - raft.server.watch.element-limit = 65536 (default)
2019-08-12 04:09:16,451 INFO  server.RaftServerConfigKeys (ConfUtils.java:logGet(43)) - raft.server.log.appender.snapshot.chunk.size.max = 16MB (=16777216) (default)
2019-08-12 04:09:16,452 INFO  server.RaftServerConfigKeys (ConfUtils.java:logGet(43)) - raft.server.log.appender.buffer.byte-limit = 33554432 (custom)
2019-08-12 04:09:16,452 INFO  server.RaftServerConfigKeys (ConfUtils.java:logGet(43)) - raft.server.log.appender.buffer.element-limit = 1 (custom)
2019-08-12 04:09:16,452 INFO  grpc.GrpcConfigKeys$Server (ConfUtils.java:logGet(43)) - raft.grpc.server.leader.outstanding.appends.max = 128 (default)
2019-08-12 04:09:16,452 INFO  server.RaftServerConfigKeys (ConfUtils.java:logGet(43)) - raft.server.rpc.request.timeout = 3000ms (default)
2019-08-12 04:09:16,452 INFO  server.RaftServerConfigKeys (ConfUtils.java:logGet(43)) - raft.server.log.appender.install.snapshot.enabled = false (custom)
2019-08-12 04:09:16,453 INFO  server.RaftServerConfigKeys (ConfUtils.java:logGet(43)) - raft.server.log.appender.snapshot.chunk.size.max = 16MB (=16777216) (default)
2019-08-12 04:09:16,453 INFO  server.RaftServerConfigKeys (ConfUtils.java:logGet(43)) - raft.server.log.appender.buffer.byte-limit = 33554432 (custom)
2019-08-12 04:09:16,453 INFO  server.RaftServerConfigKeys (ConfUtils.java:logGet(43)) - raft.server.log.appender.buffer.element-limit = 1 (custom)
2019-08-12 04:09:16,453 INFO  grpc.GrpcConfigKeys$Server (ConfUtils.java:logGet(43)) - raft.grpc.server.leader.outstanding.appends.max = 128 (default)
2019-08-12 04:09:16,453 INFO  server.RaftServerConfigKeys (ConfUtils.java:logGet(43)) - raft.server.rpc.request.timeout = 3000ms (default)
2019-08-12 04:09:16,454 INFO  server.RaftServerConfigKeys (ConfUtils.java:logGet(43)) - raft.server.log.appender.install.snapshot.enabled = false (custom)
2019-08-12 04:09:16,454 INFO  impl.RoleInfo (RoleInfo.java:updateAndGet(143)) - feed998e-786d-42b1-b0ed-1d0664f297ba: start LeaderState
2019-08-12 04:09:16,454 INFO  segmented.SegmentedRaftLogWorker (SegmentedRaftLogWorker.java:rollLogSegment(385)) - feed998e-786d-42b1-b0ed-1d0664f297ba-SegmentedRaftLogWorker:Storage Directory /workdir/hadoop-ozone/integration-test/target/test-dir/MiniOzoneClusterImpl-8ab67caf-427a-4247-bc98-713520941bc9/datanode-2/data/ratis/79173478-a9a6-40a5-9739-c3ce133a16c2: Rolling segment log-0_15 to index:15
2019-08-12 04:09:16,457 INFO  impl.RaftServerImpl (ServerState.java:setRaftConf(361)) - feed998e-786d-42b1-b0ed-1d0664f297ba:group-C3CE133A16C2 set configuration 16: [feed998e-786d-42b1-b0ed-1d0664f297ba:192.168.157.230:37891, 47758c02-75a0-4e19-bf34-38cb8350cc70:192.168.157.230:35911, 2b0b4dad-071d-4827-b470-0b27b510987a:192.168.157.230:40875], old=null at 16
2019-08-12 04:09:16,458 INFO  segmented.SegmentedRaftLogWorker (SegmentedRaftLogWorker.java:execute(526)) - feed998e-786d-42b1-b0ed-1d0664f297ba-SegmentedRaftLogWorker:Storage Directory /workdir/hadoop-ozone/integration-test/target/test-dir/MiniOzoneClusterImpl-8ab67caf-427a-4247-bc98-713520941bc9/datanode-2/data/ratis/79173478-a9a6-40a5-9739-c3ce133a16c2: Rolled log segment from /workdir/hadoop-ozone/integration-test/target/test-dir/MiniOzoneClusterImpl-8ab67caf-427a-4247-bc98-713520941bc9/datanode-2/data/ratis/79173478-a9a6-40a5-9739-c3ce133a16c2/current/log_inprogress_0 to /workdir/hadoop-ozone/integration-test/target/test-dir/MiniOzoneClusterImpl-8ab67caf-427a-4247-bc98-713520941bc9/datanode-2/data/ratis/79173478-a9a6-40a5-9739-c3ce133a16c2/current/log_0-15
2019-08-12 04:09:16,458 WARN  server.GrpcLogAppender (LogUtils.java:warn(134)) - feed998e-786d-42b1-b0ed-1d0664f297ba->47758c02-75a0-4e19-bf34-38cb8350cc70: Failed appendEntries: org.apache.ratis.thirdparty.io.grpc.StatusRuntimeException: UNAVAILABLE: io exception
2019-08-12 04:09:16,458 INFO  impl.FollowerInfo (FollowerInfo.java:lambda$new$0(50)) - feed998e-786d-42b1-b0ed-1d0664f297ba->47758c02-75a0-4e19-bf34-38cb8350cc70: nextIndex: updateUnconditionally 16 -> 1
2019-08-12 04:09:16,459 INFO  impl.RaftServerImpl (ServerState.java:setLeader(263)) - 2b0b4dad-071d-4827-b470-0b27b510987a:group-C3CE133A16C2 change Leader from null to feed998e-786d-42b1-b0ed-1d0664f297ba at term 2 for appendEntries, leader elected after 35ms
2019-08-12 04:09:16,461 INFO  impl.RaftServerImpl (ServerState.java:setRaftConf(361)) - 2b0b4dad-071d-4827-b470-0b27b510987a:group-C3CE133A16C2 set configuration 16: [feed998e-786d-42b1-b0ed-1d0664f297ba:192.168.157.230:37891, 47758c02-75a0-4e19-bf34-38cb8350cc70:192.168.157.230:35911, 2b0b4dad-071d-4827-b470-0b27b510987a:192.168.157.230:40875], old=null at 16
2019-08-12 04:09:16,462 INFO  segmented.SegmentedRaftLogWorker (SegmentedRaftLogWorker.java:rollLogSegment(385)) - 2b0b4dad-071d-4827-b470-0b27b510987a-SegmentedRaftLogWorker:Storage Directory /workdir/hadoop-ozone/integration-test/target/test-dir/MiniOzoneClusterImpl-8ab67caf-427a-4247-bc98-713520941bc9/datanode-1/data/ratis/79173478-a9a6-40a5-9739-c3ce133a16c2: Rolling segment log-0_15 to index:15
2019-08-12 04:09:16,463 INFO  segmented.SegmentedRaftLogWorker (SegmentedRaftLogWorker.java:execute(526)) - 2b0b4dad-071d-4827-b470-0b27b510987a-SegmentedRaftLogWorker:Storage Directory /workdir/hadoop-ozone/integration-test/target/test-dir/MiniOzoneClusterImpl-8ab67caf-427a-4247-bc98-713520941bc9/datanode-1/data/ratis/79173478-a9a6-40a5-9739-c3ce133a16c2: Rolled log segment from /workdir/hadoop-ozone/integration-test/target/test-dir/MiniOzoneClusterImpl-8ab67caf-427a-4247-bc98-713520941bc9/datanode-1/data/ratis/79173478-a9a6-40a5-9739-c3ce133a16c2/current/log_inprogress_0 to /workdir/hadoop-ozone/integration-test/target/test-dir/MiniOzoneClusterImpl-8ab67caf-427a-4247-bc98-713520941bc9/datanode-1/data/ratis/79173478-a9a6-40a5-9739-c3ce133a16c2/current/log_0-15
2019-08-12 04:09:16,514 INFO  segmented.SegmentedRaftLogWorker (SegmentedRaftLogWorker.java:execute(569)) - 2b0b4dad-071d-4827-b470-0b27b510987a-SegmentedRaftLogWorker:Storage Directory /workdir/hadoop-ozone/integration-test/target/test-dir/MiniOzoneClusterImpl-8ab67caf-427a-4247-bc98-713520941bc9/datanode-1/data/ratis/79173478-a9a6-40a5-9739-c3ce133a16c2: created new log segment /workdir/hadoop-ozone/integration-test/target/test-dir/MiniOzoneClusterImpl-8ab67caf-427a-4247-bc98-713520941bc9/datanode-1/data/ratis/79173478-a9a6-40a5-9739-c3ce133a16c2/current/log_inprogress_16
2019-08-12 04:09:16,514 INFO  segmented.SegmentedRaftLogWorker (SegmentedRaftLogWorker.java:execute(569)) - feed998e-786d-42b1-b0ed-1d0664f297ba-SegmentedRaftLogWorker:Storage Directory /workdir/hadoop-ozone/integration-test/target/test-dir/MiniOzoneClusterImpl-8ab67caf-427a-4247-bc98-713520941bc9/datanode-2/data/ratis/79173478-a9a6-40a5-9739-c3ce133a16c2: created new log segment /workdir/hadoop-ozone/integration-test/target/test-dir/MiniOzoneClusterImpl-8ab67caf-427a-4247-bc98-713520941bc9/datanode-2/data/ratis/79173478-a9a6-40a5-9739-c3ce133a16c2/current/log_inprogress_16
2019-08-12 04:09:16,541 WARN  server.GrpcLogAppender (LogUtils.java:warn(134)) - feed998e-786d-42b1-b0ed-1d0664f297ba->47758c02-75a0-4e19-bf34-38cb8350cc70: Failed appendEntries: org.apache.ratis.thirdparty.io.grpc.StatusRuntimeException: UNAVAILABLE: io exception
2019-08-12 04:09:16,542 INFO  impl.FollowerInfo (FollowerInfo.java:lambda$new$0(50)) - feed998e-786d-42b1-b0ed-1d0664f297ba->47758c02-75a0-4e19-bf34-38cb8350cc70: nextIndex: updateUnconditionally 2 -> 1
2019-08-12 04:09:16,544 WARN  server.GrpcLogAppender (LogUtils.java:warn(134)) - feed998e-786d-42b1-b0ed-1d0664f297ba->47758c02-75a0-4e19-bf34-38cb8350cc70: Failed appendEntries: org.apache.ratis.thirdparty.io.grpc.StatusRuntimeException: UNAVAILABLE: io exception
2019-08-12 04:09:16,545 INFO  impl.FollowerInfo (FollowerInfo.java:lambda$new$0(50)) - feed998e-786d-42b1-b0ed-1d0664f297ba->47758c02-75a0-4e19-bf34-38cb8350cc70: nextIndex: updateUnconditionally 2 -> 1
04:09:17.262 [grpc-default-executor-1] ERROR DNAudit - user=null | ip=null | op=WRITE_CHUNK {blockData=conID: 1 locID: 102602043400781838 bcsId: 13} | ret=FAILURE
org.apache.hadoop.hdds.scm.container.common.helpers.ContainerNotOpenException: Container 1 in CLOSING state
	at org.apache.hadoop.ozone.container.common.impl.HddsDispatcher.validateContainerCommand(HddsDispatcher.java:408) ~[hadoop-hdds-container-service-0.4.1-SNAPSHOT.jar:?]
	at org.apache.hadoop.ozone.container.common.transport.server.ratis.ContainerStateMachine.startTransaction(ContainerStateMachine.java:288) ~[hadoop-hdds-container-service-0.4.1-SNAPSHOT.jar:?]
	at org.apache.ratis.server.impl.RaftServerImpl.submitClientRequestAsync(RaftServerImpl.java:566) ~[ratis-server-0.4.0-2337318-SNAPSHOT.jar:0.4.0-2337318-SNAPSHOT]
	at org.apache.ratis.server.impl.RaftServerProxy.lambda$submitClientRequestAsync$7(RaftServerProxy.java:333) ~[ratis-server-0.4.0-2337318-SNAPSHOT.jar:0.4.0-2337318-SNAPSHOT]
	at org.apache.ratis.server.impl.RaftServerProxy.lambda$null$5(RaftServerProxy.java:328) ~[ratis-server-0.4.0-2337318-SNAPSHOT.jar:0.4.0-2337318-SNAPSHOT]
	at org.apache.ratis.util.JavaUtils.callAsUnchecked(JavaUtils.java:109) ~[ratis-common-0.4.0-2337318-SNAPSHOT.jar:0.4.0-2337318-SNAPSHOT]
	at org.apache.ratis.server.impl.RaftServerProxy.lambda$submitRequest$6(RaftServerProxy.java:328) ~[ratis-server-0.4.0-2337318-SNAPSHOT.jar:0.4.0-2337318-SNAPSHOT]
	at java.util.concurrent.CompletableFuture.uniComposeStage(CompletableFuture.java:981) ~[?:1.8.0_212]
	at java.util.concurrent.CompletableFuture.thenCompose(CompletableFuture.java:2124) ~[?:1.8.0_212]
	at org.apache.ratis.server.impl.RaftServerProxy.submitRequest(RaftServerProxy.java:327) ~[ratis-server-0.4.0-2337318-SNAPSHOT.jar:0.4.0-2337318-SNAPSHOT]
	at org.apache.ratis.server.impl.RaftServerProxy.submitClientRequestAsync(RaftServerProxy.java:333) ~[ratis-server-0.4.0-2337318-SNAPSHOT.jar:0.4.0-2337318-SNAPSHOT]
	at org.apache.ratis.grpc.client.GrpcClientProtocolService$RequestStreamObserver.processClientRequest(GrpcClientProtocolService.java:220) ~[ratis-grpc-0.4.0-2337318-SNAPSHOT.jar:0.4.0-2337318-SNAPSHOT]
	at org.apache.ratis.grpc.client.GrpcClientProtocolService$OrderedRequestStreamObserver.processClientRequest(GrpcClientProtocolService.java:326) ~[ratis-grpc-0.4.0-2337318-SNAPSHOT.jar:0.4.0-2337318-SNAPSHOT]
	at org.apache.ratis.util.SlidingWindow$Server.processRequestsFromHead(SlidingWindow.java:429) [ratis-common-0.4.0-2337318-SNAPSHOT.jar:0.4.0-2337318-SNAPSHOT]
	at org.apache.ratis.util.SlidingWindow$Server.receivedRequest(SlidingWindow.java:421) [ratis-common-0.4.0-2337318-SNAPSHOT.jar:0.4.0-2337318-SNAPSHOT]
	at org.apache.ratis.grpc.client.GrpcClientProtocolService$OrderedRequestStreamObserver.processClientRequest(GrpcClientProtocolService.java:345) [ratis-grpc-0.4.0-2337318-SNAPSHOT.jar:0.4.0-2337318-SNAPSHOT]
	at org.apache.ratis.grpc.client.GrpcClientProtocolService$RequestStreamObserver.onNext(GrpcClientProtocolService.java:240) [ratis-grpc-0.4.0-2337318-SNAPSHOT.jar:0.4.0-2337318-SNAPSHOT]
	at org.apache.ratis.grpc.client.GrpcClientProtocolService$RequestStreamObserver.onNext(GrpcClientProtocolService.java:168) [ratis-grpc-0.4.0-2337318-SNAPSHOT.jar:0.4.0-2337318-SNAPSHOT]
	at org.apache.ratis.thirdparty.io.grpc.stub.ServerCalls$StreamingServerCallHandler$StreamingServerCallListener.onMessage(ServerCalls.java:248) [ratis-thirdparty-misc-0.2.0.jar:0.2.0]
	at org.apache.ratis.thirdparty.io.grpc.internal.ServerCallImpl$ServerStreamListenerImpl.messagesAvailable(ServerCallImpl.java:263) [ratis-thirdparty-misc-0.2.0.jar:0.2.0]
	at org.apache.ratis.thirdparty.io.grpc.internal.ServerImpl$JumpToApplicationThreadServerStreamListener$1MessagesAvailable.runInContext(ServerImpl.java:686) [ratis-thirdparty-misc-0.2.0.jar:0.2.0]
	at org.apache.ratis.thirdparty.io.grpc.internal.ContextRunnable.run(ContextRunnable.java:37) [ratis-thirdparty-misc-0.2.0.jar:0.2.0]
	at org.apache.ratis.thirdparty.io.grpc.internal.SerializingExecutor.run(SerializingExecutor.java:123) [ratis-thirdparty-misc-0.2.0.jar:0.2.0]
	at java.util.concurrent.ThreadPoolExecutor.runWorker(ThreadPoolExecutor.java:1149) [?:1.8.0_212]
	at java.util.concurrent.ThreadPoolExecutor$Worker.run(ThreadPoolExecutor.java:624) [?:1.8.0_212]
	at java.lang.Thread.run(Thread.java:748) [?:1.8.0_212]
2019-08-12 04:09:17,276 INFO  client.GrpcClientProtocolClient (GrpcClientProtocolClient.java:onNext(255)) - client-FEFC15CD9ED8->feed998e-786d-42b1-b0ed-1d0664f297ba: receive RaftClientReply:client-FEFC15CD9ED8->feed998e-786d-42b1-b0ed-1d0664f297ba@group-C3CE133A16C2, cid=192, FAILED org.apache.ratis.protocol.StateMachineException: org.apache.hadoop.hdds.scm.container.common.helpers.ContainerNotOpenException from Server feed998e-786d-42b1-b0ed-1d0664f297ba: Container 1 in CLOSING state, logIndex=0, commits[feed998e-786d-42b1-b0ed-1d0664f297ba:c17, 47758c02-75a0-4e19-bf34-38cb8350cc70:c15, 2b0b4dad-071d-4827-b470-0b27b510987a:c16]
04:09:17.278 [grpc-default-executor-11] ERROR DNAudit - user=null | ip=null | op=WRITE_CHUNK {blockData=conID: 1 locID: 102602043400781838 bcsId: 13} | ret=FAILURE
org.apache.hadoop.hdds.scm.container.common.helpers.ContainerNotOpenException: Container 1 in CLOSING state
	at org.apache.hadoop.ozone.container.common.impl.HddsDispatcher.validateContainerCommand(HddsDispatcher.java:408) ~[hadoop-hdds-container-service-0.4.1-SNAPSHOT.jar:?]
	at org.apache.hadoop.ozone.container.common.transport.server.ratis.ContainerStateMachine.startTransaction(ContainerStateMachine.java:288) ~[hadoop-hdds-container-service-0.4.1-SNAPSHOT.jar:?]
	at org.apache.ratis.server.impl.RaftServerImpl.submitClientRequestAsync(RaftServerImpl.java:566) ~[ratis-server-0.4.0-2337318-SNAPSHOT.jar:0.4.0-2337318-SNAPSHOT]
	at org.apache.ratis.server.impl.RaftServerProxy.lambda$submitClientRequestAsync$7(RaftServerProxy.java:333) ~[ratis-server-0.4.0-2337318-SNAPSHOT.jar:0.4.0-2337318-SNAPSHOT]
	at org.apache.ratis.server.impl.RaftServerProxy.lambda$null$5(RaftServerProxy.java:328) ~[ratis-server-0.4.0-2337318-SNAPSHOT.jar:0.4.0-2337318-SNAPSHOT]
	at org.apache.ratis.util.JavaUtils.callAsUnchecked(JavaUtils.java:109) ~[ratis-common-0.4.0-2337318-SNAPSHOT.jar:0.4.0-2337318-SNAPSHOT]
	at org.apache.ratis.server.impl.RaftServerProxy.lambda$submitRequest$6(RaftServerProxy.java:328) ~[ratis-server-0.4.0-2337318-SNAPSHOT.jar:0.4.0-2337318-SNAPSHOT]
	at java.util.concurrent.CompletableFuture.uniComposeStage(CompletableFuture.java:981) ~[?:1.8.0_212]
	at java.util.concurrent.CompletableFuture.thenCompose(CompletableFuture.java:2124) ~[?:1.8.0_212]
	at org.apache.ratis.server.impl.RaftServerProxy.submitRequest(RaftServerProxy.java:327) ~[ratis-server-0.4.0-2337318-SNAPSHOT.jar:0.4.0-2337318-SNAPSHOT]
	at org.apache.ratis.server.impl.RaftServerProxy.submitClientRequestAsync(RaftServerProxy.java:333) ~[ratis-server-0.4.0-2337318-SNAPSHOT.jar:0.4.0-2337318-SNAPSHOT]
	at org.apache.ratis.grpc.client.GrpcClientProtocolService$RequestStreamObserver.processClientRequest(GrpcClientProtocolService.java:220) ~[ratis-grpc-0.4.0-2337318-SNAPSHOT.jar:0.4.0-2337318-SNAPSHOT]
	at org.apache.ratis.grpc.client.GrpcClientProtocolService$OrderedRequestStreamObserver.processClientRequest(GrpcClientProtocolService.java:326) ~[ratis-grpc-0.4.0-2337318-SNAPSHOT.jar:0.4.0-2337318-SNAPSHOT]
	at org.apache.ratis.util.SlidingWindow$Server.processRequestsFromHead(SlidingWindow.java:429) [ratis-common-0.4.0-2337318-SNAPSHOT.jar:0.4.0-2337318-SNAPSHOT]
	at org.apache.ratis.util.SlidingWindow$Server.receivedRequest(SlidingWindow.java:421) [ratis-common-0.4.0-2337318-SNAPSHOT.jar:0.4.0-2337318-SNAPSHOT]
	at org.apache.ratis.grpc.client.GrpcClientProtocolService$OrderedRequestStreamObserver.processClientRequest(GrpcClientProtocolService.java:345) [ratis-grpc-0.4.0-2337318-SNAPSHOT.jar:0.4.0-2337318-SNAPSHOT]
	at org.apache.ratis.grpc.client.GrpcClientProtocolService$RequestStreamObserver.onNext(GrpcClientProtocolService.java:240) [ratis-grpc-0.4.0-2337318-SNAPSHOT.jar:0.4.0-2337318-SNAPSHOT]
	at org.apache.ratis.grpc.client.GrpcClientProtocolService$RequestStreamObserver.onNext(GrpcClientProtocolService.java:168) [ratis-grpc-0.4.0-2337318-SNAPSHOT.jar:0.4.0-2337318-SNAPSHOT]
	at org.apache.ratis.thirdparty.io.grpc.stub.ServerCalls$StreamingServerCallHandler$StreamingServerCallListener.onMessage(ServerCalls.java:248) [ratis-thirdparty-misc-0.2.0.jar:0.2.0]
	at org.apache.ratis.thirdparty.io.grpc.internal.ServerCallImpl$ServerStreamListenerImpl.messagesAvailable(ServerCallImpl.java:263) [ratis-thirdparty-misc-0.2.0.jar:0.2.0]
	at org.apache.ratis.thirdparty.io.grpc.internal.ServerImpl$JumpToApplicationThreadServerStreamListener$1MessagesAvailable.runInContext(ServerImpl.java:686) [ratis-thirdparty-misc-0.2.0.jar:0.2.0]
	at org.apache.ratis.thirdparty.io.grpc.internal.ContextRunnable.run(ContextRunnable.java:37) [ratis-thirdparty-misc-0.2.0.jar:0.2.0]
	at org.apache.ratis.thirdparty.io.grpc.internal.SerializingExecutor.run(SerializingExecutor.java:123) [ratis-thirdparty-misc-0.2.0.jar:0.2.0]
	at java.util.concurrent.ThreadPoolExecutor.runWorker(ThreadPoolExecutor.java:1149) [?:1.8.0_212]
	at java.util.concurrent.ThreadPoolExecutor$Worker.run(ThreadPoolExecutor.java:624) [?:1.8.0_212]
	at java.lang.Thread.run(Thread.java:748) [?:1.8.0_212]
04:09:17.280 [grpc-default-executor-11] ERROR DNAudit - user=null | ip=null | op=PUT_BLOCK {blockData=[blockId=conID: 1 locID: 102602043400781838 bcsId: 0,size=650]} | ret=FAILURE
org.apache.hadoop.hdds.scm.container.common.helpers.ContainerNotOpenException: Container 1 in CLOSING state
	at org.apache.hadoop.ozone.container.common.impl.HddsDispatcher.validateContainerCommand(HddsDispatcher.java:408) ~[hadoop-hdds-container-service-0.4.1-SNAPSHOT.jar:?]
	at org.apache.hadoop.ozone.container.common.transport.server.ratis.ContainerStateMachine.startTransaction(ContainerStateMachine.java:288) ~[hadoop-hdds-container-service-0.4.1-SNAPSHOT.jar:?]
	at org.apache.ratis.server.impl.RaftServerImpl.submitClientRequestAsync(RaftServerImpl.java:566) ~[ratis-server-0.4.0-2337318-SNAPSHOT.jar:0.4.0-2337318-SNAPSHOT]
	at org.apache.ratis.server.impl.RaftServerProxy.lambda$submitClientRequestAsync$7(RaftServerProxy.java:333) ~[ratis-server-0.4.0-2337318-SNAPSHOT.jar:0.4.0-2337318-SNAPSHOT]
	at org.apache.ratis.server.impl.RaftServerProxy.lambda$null$5(RaftServerProxy.java:328) ~[ratis-server-0.4.0-2337318-SNAPSHOT.jar:0.4.0-2337318-SNAPSHOT]
	at org.apache.ratis.util.JavaUtils.callAsUnchecked(JavaUtils.java:109) ~[ratis-common-0.4.0-2337318-SNAPSHOT.jar:0.4.0-2337318-SNAPSHOT]
	at org.apache.ratis.server.impl.RaftServerProxy.lambda$submitRequest$6(RaftServerProxy.java:328) ~[ratis-server-0.4.0-2337318-SNAPSHOT.jar:0.4.0-2337318-SNAPSHOT]
	at java.util.concurrent.CompletableFuture.uniComposeStage(CompletableFuture.java:981) ~[?:1.8.0_212]
	at java.util.concurrent.CompletableFuture.thenCompose(CompletableFuture.java:2124) ~[?:1.8.0_212]
	at org.apache.ratis.server.impl.RaftServerProxy.submitRequest(RaftServerProxy.java:327) ~[ratis-server-0.4.0-2337318-SNAPSHOT.jar:0.4.0-2337318-SNAPSHOT]
	at org.apache.ratis.server.impl.RaftServerProxy.submitClientRequestAsync(RaftServerProxy.java:333) ~[ratis-server-0.4.0-2337318-SNAPSHOT.jar:0.4.0-2337318-SNAPSHOT]
	at org.apache.ratis.grpc.client.GrpcClientProtocolService$RequestStreamObserver.processClientRequest(GrpcClientProtocolService.java:220) ~[ratis-grpc-0.4.0-2337318-SNAPSHOT.jar:0.4.0-2337318-SNAPSHOT]
	at org.apache.ratis.grpc.client.GrpcClientProtocolService$OrderedRequestStreamObserver.processClientRequest(GrpcClientProtocolService.java:326) ~[ratis-grpc-0.4.0-2337318-SNAPSHOT.jar:0.4.0-2337318-SNAPSHOT]
	at org.apache.ratis.util.SlidingWindow$Server.processRequestsFromHead(SlidingWindow.java:429) [ratis-common-0.4.0-2337318-SNAPSHOT.jar:0.4.0-2337318-SNAPSHOT]
	at org.apache.ratis.util.SlidingWindow$Server.receivedRequest(SlidingWindow.java:421) [ratis-common-0.4.0-2337318-SNAPSHOT.jar:0.4.0-2337318-SNAPSHOT]
	at org.apache.ratis.grpc.client.GrpcClientProtocolService$OrderedRequestStreamObserver.processClientRequest(GrpcClientProtocolService.java:345) [ratis-grpc-0.4.0-2337318-SNAPSHOT.jar:0.4.0-2337318-SNAPSHOT]
	at org.apache.ratis.grpc.client.GrpcClientProtocolService$RequestStreamObserver.onNext(GrpcClientProtocolService.java:240) [ratis-grpc-0.4.0-2337318-SNAPSHOT.jar:0.4.0-2337318-SNAPSHOT]
	at org.apache.ratis.grpc.client.GrpcClientProtocolService$RequestStreamObserver.onNext(GrpcClientProtocolService.java:168) [ratis-grpc-0.4.0-2337318-SNAPSHOT.jar:0.4.0-2337318-SNAPSHOT]
	at org.apache.ratis.thirdparty.io.grpc.stub.ServerCalls$StreamingServerCallHandler$StreamingServerCallListener.onMessage(ServerCalls.java:248) [ratis-thirdparty-misc-0.2.0.jar:0.2.0]
	at org.apache.ratis.thirdparty.io.grpc.internal.ServerCallImpl$ServerStreamListenerImpl.messagesAvailable(ServerCallImpl.java:263) [ratis-thirdparty-misc-0.2.0.jar:0.2.0]
	at org.apache.ratis.thirdparty.io.grpc.internal.ServerImpl$JumpToApplicationThreadServerStreamListener$1MessagesAvailable.runInContext(ServerImpl.java:686) [ratis-thirdparty-misc-0.2.0.jar:0.2.0]
	at org.apache.ratis.thirdparty.io.grpc.internal.ContextRunnable.run(ContextRunnable.java:37) [ratis-thirdparty-misc-0.2.0.jar:0.2.0]
	at org.apache.ratis.thirdparty.io.grpc.internal.SerializingExecutor.run(SerializingExecutor.java:123) [ratis-thirdparty-misc-0.2.0.jar:0.2.0]
	at java.util.concurrent.ThreadPoolExecutor.runWorker(ThreadPoolExecutor.java:1149) [?:1.8.0_212]
	at java.util.concurrent.ThreadPoolExecutor$Worker.run(ThreadPoolExecutor.java:624) [?:1.8.0_212]
	at java.lang.Thread.run(Thread.java:748) [?:1.8.0_212]
04:09:17.288 [grpc-default-executor-11] ERROR DNAudit - user=null | ip=null | op=WRITE_CHUNK {blockData=conID: 1 locID: 102602043400781838 bcsId: 13} | ret=FAILURE
org.apache.hadoop.hdds.scm.container.common.helpers.ContainerNotOpenException: Container 1 in CLOSING state
	at org.apache.hadoop.ozone.container.common.impl.HddsDispatcher.validateContainerCommand(HddsDispatcher.java:408) ~[hadoop-hdds-container-service-0.4.1-SNAPSHOT.jar:?]
	at org.apache.hadoop.ozone.container.common.transport.server.ratis.ContainerStateMachine.startTransaction(ContainerStateMachine.java:288) ~[hadoop-hdds-container-service-0.4.1-SNAPSHOT.jar:?]
	at org.apache.ratis.server.impl.RaftServerImpl.submitClientRequestAsync(RaftServerImpl.java:566) ~[ratis-server-0.4.0-2337318-SNAPSHOT.jar:0.4.0-2337318-SNAPSHOT]
	at org.apache.ratis.server.impl.RaftServerProxy.lambda$submitClientRequestAsync$7(RaftServerProxy.java:333) ~[ratis-server-0.4.0-2337318-SNAPSHOT.jar:0.4.0-2337318-SNAPSHOT]
	at org.apache.ratis.server.impl.RaftServerProxy.lambda$null$5(RaftServerProxy.java:328) ~[ratis-server-0.4.0-2337318-SNAPSHOT.jar:0.4.0-2337318-SNAPSHOT]
	at org.apache.ratis.util.JavaUtils.callAsUnchecked(JavaUtils.java:109) ~[ratis-common-0.4.0-2337318-SNAPSHOT.jar:0.4.0-2337318-SNAPSHOT]
	at org.apache.ratis.server.impl.RaftServerProxy.lambda$submitRequest$6(RaftServerProxy.java:328) ~[ratis-server-0.4.0-2337318-SNAPSHOT.jar:0.4.0-2337318-SNAPSHOT]
	at java.util.concurrent.CompletableFuture.uniComposeStage(CompletableFuture.java:981) ~[?:1.8.0_212]
	at java.util.concurrent.CompletableFuture.thenCompose(CompletableFuture.java:2124) ~[?:1.8.0_212]
	at org.apache.ratis.server.impl.RaftServerProxy.submitRequest(RaftServerProxy.java:327) ~[ratis-server-0.4.0-2337318-SNAPSHOT.jar:0.4.0-2337318-SNAPSHOT]
	at org.apache.ratis.server.impl.RaftServerProxy.submitClientRequestAsync(RaftServerProxy.java:333) ~[ratis-server-0.4.0-2337318-SNAPSHOT.jar:0.4.0-2337318-SNAPSHOT]
	at org.apache.ratis.grpc.client.GrpcClientProtocolService$RequestStreamObserver.processClientRequest(GrpcClientProtocolService.java:220) ~[ratis-grpc-0.4.0-2337318-SNAPSHOT.jar:0.4.0-2337318-SNAPSHOT]
	at org.apache.ratis.grpc.client.GrpcClientProtocolService$OrderedRequestStreamObserver.processClientRequest(GrpcClientProtocolService.java:326) ~[ratis-grpc-0.4.0-2337318-SNAPSHOT.jar:0.4.0-2337318-SNAPSHOT]
	at org.apache.ratis.util.SlidingWindow$Server.processRequestsFromHead(SlidingWindow.java:429) [ratis-common-0.4.0-2337318-SNAPSHOT.jar:0.4.0-2337318-SNAPSHOT]
	at org.apache.ratis.util.SlidingWindow$Server.receivedRequest(SlidingWindow.java:421) [ratis-common-0.4.0-2337318-SNAPSHOT.jar:0.4.0-2337318-SNAPSHOT]
	at org.apache.ratis.grpc.client.GrpcClientProtocolService$OrderedRequestStreamObserver.processClientRequest(GrpcClientProtocolService.java:345) [ratis-grpc-0.4.0-2337318-SNAPSHOT.jar:0.4.0-2337318-SNAPSHOT]
	at org.apache.ratis.grpc.client.GrpcClientProtocolService$RequestStreamObserver.onNext(GrpcClientProtocolService.java:240) [ratis-grpc-0.4.0-2337318-SNAPSHOT.jar:0.4.0-2337318-SNAPSHOT]
	at org.apache.ratis.grpc.client.GrpcClientProtocolService$RequestStreamObserver.onNext(GrpcClientProtocolService.java:168) [ratis-grpc-0.4.0-2337318-SNAPSHOT.jar:0.4.0-2337318-SNAPSHOT]
	at org.apache.ratis.thirdparty.io.grpc.stub.ServerCalls$StreamingServerCallHandler$StreamingServerCallListener.onMessage(ServerCalls.java:248) [ratis-thirdparty-misc-0.2.0.jar:0.2.0]
	at org.apache.ratis.thirdparty.io.grpc.internal.ServerCallImpl$ServerStreamListenerImpl.messagesAvailable(ServerCallImpl.java:263) [ratis-thirdparty-misc-0.2.0.jar:0.2.0]
	at org.apache.ratis.thirdparty.io.grpc.internal.ServerImpl$JumpToApplicationThreadServerStreamListener$1MessagesAvailable.runInContext(ServerImpl.java:686) [ratis-thirdparty-misc-0.2.0.jar:0.2.0]
	at org.apache.ratis.thirdparty.io.grpc.internal.ContextRunnable.run(ContextRunnable.java:37) [ratis-thirdparty-misc-0.2.0.jar:0.2.0]
	at org.apache.ratis.thirdparty.io.grpc.internal.SerializingExecutor.run(SerializingExecutor.java:123) [ratis-thirdparty-misc-0.2.0.jar:0.2.0]
	at java.util.concurrent.ThreadPoolExecutor.runWorker(ThreadPoolExecutor.java:1149) [?:1.8.0_212]
	at java.util.concurrent.ThreadPoolExecutor$Worker.run(ThreadPoolExecutor.java:624) [?:1.8.0_212]
	at java.lang.Thread.run(Thread.java:748) [?:1.8.0_212]
2019-08-12 04:09:17,289 INFO  client.GrpcClientProtocolClient (GrpcClientProtocolClient.java:onNext(255)) - client-FEFC15CD9ED8->feed998e-786d-42b1-b0ed-1d0664f297ba: receive RaftClientReply:client-FEFC15CD9ED8->feed998e-786d-42b1-b0ed-1d0664f297ba@group-C3CE133A16C2, cid=193, FAILED org.apache.ratis.protocol.StateMachineException: org.apache.hadoop.hdds.scm.container.common.helpers.ContainerNotOpenException from Server feed998e-786d-42b1-b0ed-1d0664f297ba: Container 1 in CLOSING state, logIndex=0, commits[feed998e-786d-42b1-b0ed-1d0664f297ba:c17, 47758c02-75a0-4e19-bf34-38cb8350cc70:c15, 2b0b4dad-071d-4827-b470-0b27b510987a:c16]
2019-08-12 04:09:17,301 INFO  client.GrpcClientProtocolClient (GrpcClientProtocolClient.java:onNext(255)) - client-FEFC15CD9ED8->feed998e-786d-42b1-b0ed-1d0664f297ba: receive RaftClientReply:client-FEFC15CD9ED8->feed998e-786d-42b1-b0ed-1d0664f297ba@group-C3CE133A16C2, cid=194, FAILED org.apache.ratis.protocol.StateMachineException: org.apache.hadoop.hdds.scm.container.common.helpers.ContainerNotOpenException from Server feed998e-786d-42b1-b0ed-1d0664f297ba: Container 1 in CLOSING state, logIndex=0, commits[feed998e-786d-42b1-b0ed-1d0664f297ba:c17, 47758c02-75a0-4e19-bf34-38cb8350cc70:c15, 2b0b4dad-071d-4827-b470-0b27b510987a:c16]
04:09:17.301 [grpc-default-executor-11] ERROR DNAudit - user=null | ip=null | op=WRITE_CHUNK {blockData=conID: 1 locID: 102602043400781838 bcsId: 13} | ret=FAILURE
org.apache.hadoop.hdds.scm.container.common.helpers.ContainerNotOpenException: Container 1 in CLOSING state
	at org.apache.hadoop.ozone.container.common.impl.HddsDispatcher.validateContainerCommand(HddsDispatcher.java:408) ~[hadoop-hdds-container-service-0.4.1-SNAPSHOT.jar:?]
	at org.apache.hadoop.ozone.container.common.transport.server.ratis.ContainerStateMachine.startTransaction(ContainerStateMachine.java:288) ~[hadoop-hdds-container-service-0.4.1-SNAPSHOT.jar:?]
	at org.apache.ratis.server.impl.RaftServerImpl.submitClientRequestAsync(RaftServerImpl.java:566) ~[ratis-server-0.4.0-2337318-SNAPSHOT.jar:0.4.0-2337318-SNAPSHOT]
	at org.apache.ratis.server.impl.RaftServerProxy.lambda$submitClientRequestAsync$7(RaftServerProxy.java:333) ~[ratis-server-0.4.0-2337318-SNAPSHOT.jar:0.4.0-2337318-SNAPSHOT]
	at org.apache.ratis.server.impl.RaftServerProxy.lambda$null$5(RaftServerProxy.java:328) ~[ratis-server-0.4.0-2337318-SNAPSHOT.jar:0.4.0-2337318-SNAPSHOT]
	at org.apache.ratis.util.JavaUtils.callAsUnchecked(JavaUtils.java:109) ~[ratis-common-0.4.0-2337318-SNAPSHOT.jar:0.4.0-2337318-SNAPSHOT]
	at org.apache.ratis.server.impl.RaftServerProxy.lambda$submitRequest$6(RaftServerProxy.java:328) ~[ratis-server-0.4.0-2337318-SNAPSHOT.jar:0.4.0-2337318-SNAPSHOT]
	at java.util.concurrent.CompletableFuture.uniComposeStage(CompletableFuture.java:981) ~[?:1.8.0_212]
	at java.util.concurrent.CompletableFuture.thenCompose(CompletableFuture.java:2124) ~[?:1.8.0_212]
	at org.apache.ratis.server.impl.RaftServerProxy.submitRequest(RaftServerProxy.java:327) ~[ratis-server-0.4.0-2337318-SNAPSHOT.jar:0.4.0-2337318-SNAPSHOT]
	at org.apache.ratis.server.impl.RaftServerProxy.submitClientRequestAsync(RaftServerProxy.java:333) ~[ratis-server-0.4.0-2337318-SNAPSHOT.jar:0.4.0-2337318-SNAPSHOT]
	at org.apache.ratis.grpc.client.GrpcClientProtocolService$RequestStreamObserver.processClientRequest(GrpcClientProtocolService.java:220) ~[ratis-grpc-0.4.0-2337318-SNAPSHOT.jar:0.4.0-2337318-SNAPSHOT]
	at org.apache.ratis.grpc.client.GrpcClientProtocolService$OrderedRequestStreamObserver.processClientRequest(GrpcClientProtocolService.java:326) ~[ratis-grpc-0.4.0-2337318-SNAPSHOT.jar:0.4.0-2337318-SNAPSHOT]
	at org.apache.ratis.util.SlidingWindow$Server.processRequestsFromHead(SlidingWindow.java:429) [ratis-common-0.4.0-2337318-SNAPSHOT.jar:0.4.0-2337318-SNAPSHOT]
	at org.apache.ratis.util.SlidingWindow$Server.receivedRequest(SlidingWindow.java:421) [ratis-common-0.4.0-2337318-SNAPSHOT.jar:0.4.0-2337318-SNAPSHOT]
	at org.apache.ratis.grpc.client.GrpcClientProtocolService$OrderedRequestStreamObserver.processClientRequest(GrpcClientProtocolService.java:345) [ratis-grpc-0.4.0-2337318-SNAPSHOT.jar:0.4.0-2337318-SNAPSHOT]
	at org.apache.ratis.grpc.client.GrpcClientProtocolService$RequestStreamObserver.onNext(GrpcClientProtocolService.java:240) [ratis-grpc-0.4.0-2337318-SNAPSHOT.jar:0.4.0-2337318-SNAPSHOT]
	at org.apache.ratis.grpc.client.GrpcClientProtocolService$RequestStreamObserver.onNext(GrpcClientProtocolService.java:168) [ratis-grpc-0.4.0-2337318-SNAPSHOT.jar:0.4.0-2337318-SNAPSHOT]
	at org.apache.ratis.thirdparty.io.grpc.stub.ServerCalls$StreamingServerCallHandler$StreamingServerCallListener.onMessage(ServerCalls.java:248) [ratis-thirdparty-misc-0.2.0.jar:0.2.0]
	at org.apache.ratis.thirdparty.io.grpc.internal.ServerCallImpl$ServerStreamListenerImpl.messagesAvailable(ServerCallImpl.java:263) [ratis-thirdparty-misc-0.2.0.jar:0.2.0]
	at org.apache.ratis.thirdparty.io.grpc.internal.ServerImpl$JumpToApplicationThreadServerStreamListener$1MessagesAvailable.runInContext(ServerImpl.java:686) [ratis-thirdparty-misc-0.2.0.jar:0.2.0]
	at org.apache.ratis.thirdparty.io.grpc.internal.ContextRunnable.run(ContextRunnable.java:37) [ratis-thirdparty-misc-0.2.0.jar:0.2.0]
	at org.apache.ratis.thirdparty.io.grpc.internal.SerializingExecutor.run(SerializingExecutor.java:123) [ratis-thirdparty-misc-0.2.0.jar:0.2.0]
	at java.util.concurrent.ThreadPoolExecutor.runWorker(ThreadPoolExecutor.java:1149) [?:1.8.0_212]
	at java.util.concurrent.ThreadPoolExecutor$Worker.run(ThreadPoolExecutor.java:624) [?:1.8.0_212]
	at java.lang.Thread.run(Thread.java:748) [?:1.8.0_212]
2019-08-12 04:09:17,303 INFO  client.GrpcClientProtocolClient (GrpcClientProtocolClient.java:onNext(255)) - client-FEFC15CD9ED8->feed998e-786d-42b1-b0ed-1d0664f297ba: receive RaftClientReply:client-FEFC15CD9ED8->feed998e-786d-42b1-b0ed-1d0664f297ba@group-C3CE133A16C2, cid=195, FAILED org.apache.ratis.protocol.StateMachineException: org.apache.hadoop.hdds.scm.container.common.helpers.ContainerNotOpenException from Server feed998e-786d-42b1-b0ed-1d0664f297ba: Container 1 in CLOSING state, logIndex=0, commits[feed998e-786d-42b1-b0ed-1d0664f297ba:c17, 47758c02-75a0-4e19-bf34-38cb8350cc70:c15, 2b0b4dad-071d-4827-b470-0b27b510987a:c16]
04:09:17.303 [grpc-default-executor-11] ERROR DNAudit - user=null | ip=null | op=PUT_BLOCK {blockData=[blockId=conID: 1 locID: 102602043400781838 bcsId: 0,size=800]} | ret=FAILURE
org.apache.hadoop.hdds.scm.container.common.helpers.ContainerNotOpenException: Container 1 in CLOSING state
	at org.apache.hadoop.ozone.container.common.impl.HddsDispatcher.validateContainerCommand(HddsDispatcher.java:408) ~[hadoop-hdds-container-service-0.4.1-SNAPSHOT.jar:?]
	at org.apache.hadoop.ozone.container.common.transport.server.ratis.ContainerStateMachine.startTransaction(ContainerStateMachine.java:288) ~[hadoop-hdds-container-service-0.4.1-SNAPSHOT.jar:?]
	at org.apache.ratis.server.impl.RaftServerImpl.submitClientRequestAsync(RaftServerImpl.java:566) ~[ratis-server-0.4.0-2337318-SNAPSHOT.jar:0.4.0-2337318-SNAPSHOT]
	at org.apache.ratis.server.impl.RaftServerProxy.lambda$submitClientRequestAsync$7(RaftServerProxy.java:333) ~[ratis-server-0.4.0-2337318-SNAPSHOT.jar:0.4.0-2337318-SNAPSHOT]
	at org.apache.ratis.server.impl.RaftServerProxy.lambda$null$5(RaftServerProxy.java:328) ~[ratis-server-0.4.0-2337318-SNAPSHOT.jar:0.4.0-2337318-SNAPSHOT]
	at org.apache.ratis.util.JavaUtils.callAsUnchecked(JavaUtils.java:109) ~[ratis-common-0.4.0-2337318-SNAPSHOT.jar:0.4.0-2337318-SNAPSHOT]
	at org.apache.ratis.server.impl.RaftServerProxy.lambda$submitRequest$6(RaftServerProxy.java:328) ~[ratis-server-0.4.0-2337318-SNAPSHOT.jar:0.4.0-2337318-SNAPSHOT]
	at java.util.concurrent.CompletableFuture.uniComposeStage(CompletableFuture.java:981) ~[?:1.8.0_212]
	at java.util.concurrent.CompletableFuture.thenCompose(CompletableFuture.java:2124) ~[?:1.8.0_212]
	at org.apache.ratis.server.impl.RaftServerProxy.submitRequest(RaftServerProxy.java:327) ~[ratis-server-0.4.0-2337318-SNAPSHOT.jar:0.4.0-2337318-SNAPSHOT]
	at org.apache.ratis.server.impl.RaftServerProxy.submitClientRequestAsync(RaftServerProxy.java:333) ~[ratis-server-0.4.0-2337318-SNAPSHOT.jar:0.4.0-2337318-SNAPSHOT]
	at org.apache.ratis.grpc.client.GrpcClientProtocolService$RequestStreamObserver.processClientRequest(GrpcClientProtocolService.java:220) ~[ratis-grpc-0.4.0-2337318-SNAPSHOT.jar:0.4.0-2337318-SNAPSHOT]
	at org.apache.ratis.grpc.client.GrpcClientProtocolService$OrderedRequestStreamObserver.processClientRequest(GrpcClientProtocolService.java:326) ~[ratis-grpc-0.4.0-2337318-SNAPSHOT.jar:0.4.0-2337318-SNAPSHOT]
	at org.apache.ratis.util.SlidingWindow$Server.processRequestsFromHead(SlidingWindow.java:429) [ratis-common-0.4.0-2337318-SNAPSHOT.jar:0.4.0-2337318-SNAPSHOT]
	at org.apache.ratis.util.SlidingWindow$Server.receivedRequest(SlidingWindow.java:421) [ratis-common-0.4.0-2337318-SNAPSHOT.jar:0.4.0-2337318-SNAPSHOT]
	at org.apache.ratis.grpc.client.GrpcClientProtocolService$OrderedRequestStreamObserver.processClientRequest(GrpcClientProtocolService.java:345) [ratis-grpc-0.4.0-2337318-SNAPSHOT.jar:0.4.0-2337318-SNAPSHOT]
	at org.apache.ratis.grpc.client.GrpcClientProtocolService$RequestStreamObserver.onNext(GrpcClientProtocolService.java:240) [ratis-grpc-0.4.0-2337318-SNAPSHOT.jar:0.4.0-2337318-SNAPSHOT]
	at org.apache.ratis.grpc.client.GrpcClientProtocolService$RequestStreamObserver.onNext(GrpcClientProtocolService.java:168) [ratis-grpc-0.4.0-2337318-SNAPSHOT.jar:0.4.0-2337318-SNAPSHOT]
	at org.apache.ratis.thirdparty.io.grpc.stub.ServerCalls$StreamingServerCallHandler$StreamingServerCallListener.onMessage(ServerCalls.java:248) [ratis-thirdparty-misc-0.2.0.jar:0.2.0]
	at org.apache.ratis.thirdparty.io.grpc.internal.ServerCallImpl$ServerStreamListenerImpl.messagesAvailable(ServerCallImpl.java:263) [ratis-thirdparty-misc-0.2.0.jar:0.2.0]
	at org.apache.ratis.thirdparty.io.grpc.internal.ServerImpl$JumpToApplicationThreadServerStreamListener$1MessagesAvailable.runInContext(ServerImpl.java:686) [ratis-thirdparty-misc-0.2.0.jar:0.2.0]
	at org.apache.ratis.thirdparty.io.grpc.internal.ContextRunnable.run(ContextRunnable.java:37) [ratis-thirdparty-misc-0.2.0.jar:0.2.0]
	at org.apache.ratis.thirdparty.io.grpc.internal.SerializingExecutor.run(SerializingExecutor.java:123) [ratis-thirdparty-misc-0.2.0.jar:0.2.0]
	at java.util.concurrent.ThreadPoolExecutor.runWorker(ThreadPoolExecutor.java:1149) [?:1.8.0_212]
	at java.util.concurrent.ThreadPoolExecutor$Worker.run(ThreadPoolExecutor.java:624) [?:1.8.0_212]
	at java.lang.Thread.run(Thread.java:748) [?:1.8.0_212]
2019-08-12 04:09:17,314 INFO  client.GrpcClientProtocolClient (GrpcClientProtocolClient.java:onNext(255)) - client-FEFC15CD9ED8->feed998e-786d-42b1-b0ed-1d0664f297ba: receive RaftClientReply:client-FEFC15CD9ED8->feed998e-786d-42b1-b0ed-1d0664f297ba@group-C3CE133A16C2, cid=196, FAILED org.apache.ratis.protocol.StateMachineException: org.apache.hadoop.hdds.scm.container.common.helpers.ContainerNotOpenException from Server feed998e-786d-42b1-b0ed-1d0664f297ba: Container 1 in CLOSING state, logIndex=0, commits[feed998e-786d-42b1-b0ed-1d0664f297ba:c17, 47758c02-75a0-4e19-bf34-38cb8350cc70:c15, 2b0b4dad-071d-4827-b470-0b27b510987a:c16]
2019-08-12 04:09:17,315 INFO  client.GrpcClientProtocolClient (GrpcClientProtocolClient.java:onNext(255)) - client-FEFC15CD9ED8->feed998e-786d-42b1-b0ed-1d0664f297ba: receive RaftClientReply:client-FEFC15CD9ED8->feed998e-786d-42b1-b0ed-1d0664f297ba@group-C3CE133A16C2, cid=197, FAILED org.apache.ratis.protocol.StateMachineException: org.apache.hadoop.hdds.scm.container.common.helpers.ContainerNotOpenException from Server feed998e-786d-42b1-b0ed-1d0664f297ba: Container 1 in CLOSING state, logIndex=0, commits[feed998e-786d-42b1-b0ed-1d0664f297ba:c17, 47758c02-75a0-4e19-bf34-38cb8350cc70:c15, 2b0b4dad-071d-4827-b470-0b27b510987a:c16]
2019-08-12 04:09:17,507 INFO  client.GrpcClientProtocolClient (GrpcClientProtocolClient.java:onNext(255)) - client-0347AA68032A->00b241ce-6529-4fc4-82dd-26815ed218ff: receive RaftClientReply:client-0347AA68032A->00b241ce-6529-4fc4-82dd-26815ed218ff@group-830E9DED769E, cid=198, SUCCESS, logIndex=1, commits[00b241ce-6529-4fc4-82dd-26815ed218ff:c1, d8af83b5-b38a-44c4-acce-62c46298d170:c0, 5f43b17a-624c-455b-ac70-d237e935916e:c0]
2019-08-12 04:09:17,522 INFO  client.GrpcClientProtocolClient (GrpcClientProtocolClient.java:onNext(255)) - client-0347AA68032A->00b241ce-6529-4fc4-82dd-26815ed218ff: receive RaftClientReply:client-0347AA68032A->00b241ce-6529-4fc4-82dd-26815ed218ff@group-830E9DED769E, cid=199, SUCCESS, logIndex=3, commits[00b241ce-6529-4fc4-82dd-26815ed218ff:c4, d8af83b5-b38a-44c4-acce-62c46298d170:c2, 5f43b17a-624c-455b-ac70-d237e935916e:c1]
2019-08-12 04:09:17,578 INFO  client.GrpcClientProtocolClient (GrpcClientProtocolClient.java:onNext(255)) - client-0347AA68032A->00b241ce-6529-4fc4-82dd-26815ed218ff: receive RaftClientReply:client-0347AA68032A->00b241ce-6529-4fc4-82dd-26815ed218ff@group-830E9DED769E, cid=200, SUCCESS, logIndex=4, commits[00b241ce-6529-4fc4-82dd-26815ed218ff:c12, d8af83b5-b38a-44c4-acce-62c46298d170:c9, 5f43b17a-624c-455b-ac70-d237e935916e:c9]
2019-08-12 04:09:17,582 INFO  client.GrpcClientProtocolClient (GrpcClientProtocolClient.java:onNext(255)) - client-0347AA68032A->00b241ce-6529-4fc4-82dd-26815ed218ff: receive RaftClientReply:client-0347AA68032A->00b241ce-6529-4fc4-82dd-26815ed218ff@group-830E9DED769E, cid=201, SUCCESS, logIndex=5, commits[00b241ce-6529-4fc4-82dd-26815ed218ff:c12, d8af83b5-b38a-44c4-acce-62c46298d170:c9, 5f43b17a-624c-455b-ac70-d237e935916e:c9]
2019-08-12 04:09:17,583 INFO  client.GrpcClientProtocolClient (GrpcClientProtocolClient.java:onNext(255)) - client-0347AA68032A->00b241ce-6529-4fc4-82dd-26815ed218ff: receive RaftClientReply:client-0347AA68032A->00b241ce-6529-4fc4-82dd-26815ed218ff@group-830E9DED769E, cid=202, SUCCESS, logIndex=6, commits[00b241ce-6529-4fc4-82dd-26815ed218ff:c12, d8af83b5-b38a-44c4-acce-62c46298d170:c9, 5f43b17a-624c-455b-ac70-d237e935916e:c9]
2019-08-12 04:09:17,650 INFO  client.GrpcClientProtocolClient (GrpcClientProtocolClient.java:onNext(255)) - client-0347AA68032A->00b241ce-6529-4fc4-82dd-26815ed218ff: receive RaftClientReply:client-0347AA68032A->00b241ce-6529-4fc4-82dd-26815ed218ff@group-830E9DED769E, cid=203, SUCCESS, logIndex=9, commits[00b241ce-6529-4fc4-82dd-26815ed218ff:c12, d8af83b5-b38a-44c4-acce-62c46298d170:c9, 5f43b17a-624c-455b-ac70-d237e935916e:c9]
2019-08-12 04:09:17,668 INFO  client.GrpcClientProtocolClient (GrpcClientProtocolClient.java:onNext(255)) - client-0347AA68032A->00b241ce-6529-4fc4-82dd-26815ed218ff: receive RaftClientReply:client-0347AA68032A->00b241ce-6529-4fc4-82dd-26815ed218ff@group-830E9DED769E, cid=204, SUCCESS, logIndex=13, commits[00b241ce-6529-4fc4-82dd-26815ed218ff:c13, d8af83b5-b38a-44c4-acce-62c46298d170:c12, 5f43b17a-624c-455b-ac70-d237e935916e:c12]
2019-08-12 04:09:17,686 INFO  client.GrpcClientProtocolClient (GrpcClientProtocolClient.java:onNext(255)) - client-0347AA68032A->00b241ce-6529-4fc4-82dd-26815ed218ff: receive RaftClientReply:client-0347AA68032A->00b241ce-6529-4fc4-82dd-26815ed218ff@group-830E9DED769E, cid=205, SUCCESS, logIndex=14, commits[00b241ce-6529-4fc4-82dd-26815ed218ff:c14, d8af83b5-b38a-44c4-acce-62c46298d170:c12, 5f43b17a-624c-455b-ac70-d237e935916e:c12]
2019-08-12 04:09:18,693 WARN  scm.XceiverClientRatis (XceiverClientRatis.java:watchForCommit(262)) - 3 way commit failed on pipeline Pipeline[ Id: 00797c47-3779-4abf-8449-830e9ded769e, Nodes: 00b241ce-6529-4fc4-82dd-26815ed218ff{ip: 192.168.157.230, host: byscane-nightly-pnj9f-4033720222, networkLocation: /default-rack, certSerialId: null}5f43b17a-624c-455b-ac70-d237e935916e{ip: 192.168.157.230, host: byscane-nightly-pnj9f-4033720222, networkLocation: /default-rack, certSerialId: null}d8af83b5-b38a-44c4-acce-62c46298d170{ip: 192.168.157.230, host: byscane-nightly-pnj9f-4033720222, networkLocation: /default-rack, certSerialId: null}, Type:RATIS, Factor:THREE, State:OPEN]
java.util.concurrent.TimeoutException
	at java.util.concurrent.CompletableFuture.timedGet(CompletableFuture.java:1771)
	at java.util.concurrent.CompletableFuture.get(CompletableFuture.java:1915)
	at org.apache.hadoop.hdds.scm.XceiverClientRatis.watchForCommit(XceiverClientRatis.java:259)
	at org.apache.hadoop.hdds.scm.storage.CommitWatcher.watchForCommit(CommitWatcher.java:194)
	at org.apache.hadoop.hdds.scm.storage.CommitWatcher.watchOnLastIndex(CommitWatcher.java:157)
	at org.apache.hadoop.hdds.scm.storage.BlockOutputStream.watchForCommit(BlockOutputStream.java:347)
	at org.apache.hadoop.hdds.scm.storage.BlockOutputStream.handleFlush(BlockOutputStream.java:479)
	at org.apache.hadoop.hdds.scm.storage.BlockOutputStream.flush(BlockOutputStream.java:428)
	at org.apache.hadoop.ozone.client.io.BlockOutputStreamEntry.flush(BlockOutputStreamEntry.java:136)
	at org.apache.hadoop.ozone.client.io.KeyOutputStream.handleFlushOrClose(KeyOutputStream.java:442)
	at org.apache.hadoop.ozone.client.io.KeyOutputStream.flush(KeyOutputStream.java:396)
	at org.apache.hadoop.ozone.client.io.OzoneOutputStream.flush(OzoneOutputStream.java:54)
	at org.apache.hadoop.ozone.client.rpc.TestBlockOutputStreamWithFailures.testWatchForCommitDatanodeFailure(TestBlockOutputStreamWithFailures.java:365)
	at sun.reflect.NativeMethodAccessorImpl.invoke0(Native Method)
	at sun.reflect.NativeMethodAccessorImpl.invoke(NativeMethodAccessorImpl.java:62)
	at sun.reflect.DelegatingMethodAccessorImpl.invoke(DelegatingMethodAccessorImpl.java:43)
	at java.lang.reflect.Method.invoke(Method.java:498)
	at org.junit.runners.model.FrameworkMethod$1.runReflectiveCall(FrameworkMethod.java:47)
	at org.junit.internal.runners.model.ReflectiveCallable.run(ReflectiveCallable.java:12)
	at org.junit.runners.model.FrameworkMethod.invokeExplosively(FrameworkMethod.java:44)
	at org.junit.internal.runners.statements.InvokeMethod.evaluate(InvokeMethod.java:17)
	at org.junit.internal.runners.statements.RunBefores.evaluate(RunBefores.java:26)
	at org.junit.internal.runners.statements.RunAfters.evaluate(RunAfters.java:27)
	at org.junit.runners.ParentRunner.runLeaf(ParentRunner.java:271)
	at org.junit.runners.BlockJUnit4ClassRunner.runChild(BlockJUnit4ClassRunner.java:70)
	at org.junit.runners.BlockJUnit4ClassRunner.runChild(BlockJUnit4ClassRunner.java:50)
	at org.junit.runners.ParentRunner$3.run(ParentRunner.java:238)
	at org.junit.runners.ParentRunner$1.schedule(ParentRunner.java:63)
	at org.junit.runners.ParentRunner.runChildren(ParentRunner.java:236)
	at org.junit.runners.ParentRunner.access$000(ParentRunner.java:53)
	at org.junit.runners.ParentRunner$2.evaluate(ParentRunner.java:229)
	at org.junit.runners.ParentRunner.run(ParentRunner.java:309)
	at org.apache.maven.surefire.junit4.JUnit4Provider.execute(JUnit4Provider.java:365)
	at org.apache.maven.surefire.junit4.JUnit4Provider.executeWithRerun(JUnit4Provider.java:273)
	at org.apache.maven.surefire.junit4.JUnit4Provider.executeTestSet(JUnit4Provider.java:238)
	at org.apache.maven.surefire.junit4.JUnit4Provider.invoke(JUnit4Provider.java:159)
	at org.apache.maven.surefire.booter.ForkedBooter.invokeProviderInSameClassLoader(ForkedBooter.java:384)
	at org.apache.maven.surefire.booter.ForkedBooter.runSuitesInProcess(ForkedBooter.java:345)
	at org.apache.maven.surefire.booter.ForkedBooter.execute(ForkedBooter.java:126)
	at org.apache.maven.surefire.booter.ForkedBooter.main(ForkedBooter.java:418)
2019-08-12 04:09:19,046 WARN  server.GrpcLogAppender (LogUtils.java:warn(134)) - feed998e-786d-42b1-b0ed-1d0664f297ba->47758c02-75a0-4e19-bf34-38cb8350cc70: Failed appendEntries: org.apache.ratis.thirdparty.io.grpc.StatusRuntimeException: UNAVAILABLE: io exception
2019-08-12 04:09:19,046 INFO  impl.FollowerInfo (FollowerInfo.java:lambda$new$0(50)) - feed998e-786d-42b1-b0ed-1d0664f297ba->47758c02-75a0-4e19-bf34-38cb8350cc70: nextIndex: updateUnconditionally 1 -> 0
2019-08-12 04:09:19,694 WARN  storage.CommitWatcher (CommitWatcher.java:watchForCommit(203)) - watchForCommit failed for index 14
java.util.concurrent.TimeoutException
	at java.util.concurrent.CompletableFuture.timedGet(CompletableFuture.java:1771)
	at java.util.concurrent.CompletableFuture.get(CompletableFuture.java:1915)
	at org.apache.hadoop.hdds.scm.XceiverClientRatis.watchForCommit(XceiverClientRatis.java:268)
	at org.apache.hadoop.hdds.scm.storage.CommitWatcher.watchForCommit(CommitWatcher.java:194)
	at org.apache.hadoop.hdds.scm.storage.CommitWatcher.watchOnLastIndex(CommitWatcher.java:157)
	at org.apache.hadoop.hdds.scm.storage.BlockOutputStream.watchForCommit(BlockOutputStream.java:347)
	at org.apache.hadoop.hdds.scm.storage.BlockOutputStream.handleFlush(BlockOutputStream.java:479)
	at org.apache.hadoop.hdds.scm.storage.BlockOutputStream.flush(BlockOutputStream.java:428)
	at org.apache.hadoop.ozone.client.io.BlockOutputStreamEntry.flush(BlockOutputStreamEntry.java:136)
	at org.apache.hadoop.ozone.client.io.KeyOutputStream.handleFlushOrClose(KeyOutputStream.java:442)
	at org.apache.hadoop.ozone.client.io.KeyOutputStream.flush(KeyOutputStream.java:396)
	at org.apache.hadoop.ozone.client.io.OzoneOutputStream.flush(OzoneOutputStream.java:54)
	at org.apache.hadoop.ozone.client.rpc.TestBlockOutputStreamWithFailures.testWatchForCommitDatanodeFailure(TestBlockOutputStreamWithFailures.java:365)
	at sun.reflect.NativeMethodAccessorImpl.invoke0(Native Method)
	at sun.reflect.NativeMethodAccessorImpl.invoke(NativeMethodAccessorImpl.java:62)
	at sun.reflect.DelegatingMethodAccessorImpl.invoke(DelegatingMethodAccessorImpl.java:43)
	at java.lang.reflect.Method.invoke(Method.java:498)
	at org.junit.runners.model.FrameworkMethod$1.runReflectiveCall(FrameworkMethod.java:47)
	at org.junit.internal.runners.model.ReflectiveCallable.run(ReflectiveCallable.java:12)
	at org.junit.runners.model.FrameworkMethod.invokeExplosively(FrameworkMethod.java:44)
	at org.junit.internal.runners.statements.InvokeMethod.evaluate(InvokeMethod.java:17)
	at org.junit.internal.runners.statements.RunBefores.evaluate(RunBefores.java:26)
	at org.junit.internal.runners.statements.RunAfters.evaluate(RunAfters.java:27)
	at org.junit.runners.ParentRunner.runLeaf(ParentRunner.java:271)
	at org.junit.runners.BlockJUnit4ClassRunner.runChild(BlockJUnit4ClassRunner.java:70)
	at org.junit.runners.BlockJUnit4ClassRunner.runChild(BlockJUnit4ClassRunner.java:50)
	at org.junit.runners.ParentRunner$3.run(ParentRunner.java:238)
	at org.junit.runners.ParentRunner$1.schedule(ParentRunner.java:63)
	at org.junit.runners.ParentRunner.runChildren(ParentRunner.java:236)
	at org.junit.runners.ParentRunner.access$000(ParentRunner.java:53)
	at org.junit.runners.ParentRunner$2.evaluate(ParentRunner.java:229)
	at org.junit.runners.ParentRunner.run(ParentRunner.java:309)
	at org.apache.maven.surefire.junit4.JUnit4Provider.execute(JUnit4Provider.java:365)
	at org.apache.maven.surefire.junit4.JUnit4Provider.executeWithRerun(JUnit4Provider.java:273)
	at org.apache.maven.surefire.junit4.JUnit4Provider.executeTestSet(JUnit4Provider.java:238)
	at org.apache.maven.surefire.junit4.JUnit4Provider.invoke(JUnit4Provider.java:159)
	at org.apache.maven.surefire.booter.ForkedBooter.invokeProviderInSameClassLoader(ForkedBooter.java:384)
	at org.apache.maven.surefire.booter.ForkedBooter.runSuitesInProcess(ForkedBooter.java:345)
	at org.apache.maven.surefire.booter.ForkedBooter.execute(ForkedBooter.java:126)
	at org.apache.maven.surefire.booter.ForkedBooter.main(ForkedBooter.java:418)
2019-08-12 04:09:19,695 WARN  io.KeyOutputStream (KeyOutputStream.java:handleException(276)) - Encountered exception java.io.IOException: Unexpected Storage Container Exception: java.io.IOException: Unexpected Storage Container Exception: java.util.concurrent.TimeoutException on the pipeline Pipeline[ Id: 00797c47-3779-4abf-8449-830e9ded769e, Nodes: 00b241ce-6529-4fc4-82dd-26815ed218ff{ip: 192.168.157.230, host: byscane-nightly-pnj9f-4033720222, networkLocation: /default-rack, certSerialId: null}5f43b17a-624c-455b-ac70-d237e935916e{ip: 192.168.157.230, host: byscane-nightly-pnj9f-4033720222, networkLocation: /default-rack, certSerialId: null}d8af83b5-b38a-44c4-acce-62c46298d170{ip: 192.168.157.230, host: byscane-nightly-pnj9f-4033720222, networkLocation: /default-rack, certSerialId: null}, Type:RATIS, Factor:THREE, State:OPEN]. The last committed block length is 400, uncommitted data length is 50 retry count 0
2019-08-12 04:09:19,721 INFO  impl.RaftServerProxy (RaftServerProxy.java:addNew(89)) - feed998e-786d-42b1-b0ed-1d0664f297ba: addNew group-8D4F2FF480C4:[6762e180-8cde-4855-9221-afd7dc52c267:192.168.157.230:41569, feed998e-786d-42b1-b0ed-1d0664f297ba:192.168.157.230:37891, 2b0b4dad-071d-4827-b470-0b27b510987a:192.168.157.230:40875] returns group-8D4F2FF480C4:java.util.concurrent.CompletableFuture@6c9efcd6[Not completed]
2019-08-12 04:09:19,721 INFO  impl.RaftServerProxy (RaftServerProxy.java:addNew(89)) - 6762e180-8cde-4855-9221-afd7dc52c267: addNew group-8D4F2FF480C4:[6762e180-8cde-4855-9221-afd7dc52c267:192.168.157.230:41569, feed998e-786d-42b1-b0ed-1d0664f297ba:192.168.157.230:37891, 2b0b4dad-071d-4827-b470-0b27b510987a:192.168.157.230:40875] returns group-8D4F2FF480C4:java.util.concurrent.CompletableFuture@55e40a04[Not completed]
2019-08-12 04:09:19,721 INFO  impl.RaftServerProxy (RaftServerProxy.java:addNew(89)) - 2b0b4dad-071d-4827-b470-0b27b510987a: addNew group-8D4F2FF480C4:[6762e180-8cde-4855-9221-afd7dc52c267:192.168.157.230:41569, feed998e-786d-42b1-b0ed-1d0664f297ba:192.168.157.230:37891, 2b0b4dad-071d-4827-b470-0b27b510987a:192.168.157.230:40875] returns group-8D4F2FF480C4:java.util.concurrent.CompletableFuture@7eb5c332[Not completed]
2019-08-12 04:09:19,722 INFO  impl.RaftServerImpl (RaftServerImpl.java:<init>(93)) - 6762e180-8cde-4855-9221-afd7dc52c267: new RaftServerImpl for group-8D4F2FF480C4:[6762e180-8cde-4855-9221-afd7dc52c267:192.168.157.230:41569, feed998e-786d-42b1-b0ed-1d0664f297ba:192.168.157.230:37891, 2b0b4dad-071d-4827-b470-0b27b510987a:192.168.157.230:40875] with ContainerStateMachine:uninitialized
2019-08-12 04:09:19,722 INFO  server.RaftServerConfigKeys (ConfUtils.java:logGet(43)) - raft.server.rpc.timeout.min = 5s (custom)
2019-08-12 04:09:19,722 INFO  server.RaftServerConfigKeys (ConfUtils.java:logGet(43)) - raft.server.rpc.timeout.max = 5200ms (custom)
2019-08-12 04:09:19,722 INFO  server.RaftServerConfigKeys (ConfUtils.java:logGet(43)) - raft.server.rpcslowness.timeout = 120s (custom)
2019-08-12 04:09:19,722 INFO  server.RaftServerConfigKeys (ConfUtils.java:logGet(43)) - raft.server.sleep.deviation.threshold = 300 (default)
2019-08-12 04:09:19,722 INFO  impl.RaftServerImpl (RaftServerImpl.java:<init>(93)) - 2b0b4dad-071d-4827-b470-0b27b510987a: new RaftServerImpl for group-8D4F2FF480C4:[6762e180-8cde-4855-9221-afd7dc52c267:192.168.157.230:41569, feed998e-786d-42b1-b0ed-1d0664f297ba:192.168.157.230:37891, 2b0b4dad-071d-4827-b470-0b27b510987a:192.168.157.230:40875] with ContainerStateMachine:uninitialized
2019-08-12 04:09:19,722 INFO  server.RaftServerConfigKeys (ConfUtils.java:logGet(43)) - raft.server.log.appender.install.snapshot.enabled = false (custom)
2019-08-12 04:09:19,722 INFO  server.RaftServerConfigKeys (ConfUtils.java:logGet(43)) - raft.server.rpc.timeout.min = 5s (custom)
2019-08-12 04:09:19,722 INFO  impl.RaftServerImpl (RaftServerImpl.java:<init>(93)) - feed998e-786d-42b1-b0ed-1d0664f297ba: new RaftServerImpl for group-8D4F2FF480C4:[6762e180-8cde-4855-9221-afd7dc52c267:192.168.157.230:41569, feed998e-786d-42b1-b0ed-1d0664f297ba:192.168.157.230:37891, 2b0b4dad-071d-4827-b470-0b27b510987a:192.168.157.230:40875] with ContainerStateMachine:uninitialized
2019-08-12 04:09:19,722 INFO  impl.RaftServerImpl (ServerState.java:<init>(105)) - 6762e180-8cde-4855-9221-afd7dc52c267:group-8D4F2FF480C4 ConfigurationManager, init=-1: [6762e180-8cde-4855-9221-afd7dc52c267:192.168.157.230:41569, feed998e-786d-42b1-b0ed-1d0664f297ba:192.168.157.230:37891, 2b0b4dad-071d-4827-b470-0b27b510987a:192.168.157.230:40875], old=null, confs=<EMPTY_MAP>
2019-08-12 04:09:19,723 INFO  server.RaftServerConfigKeys (ConfUtils.java:logGet(43)) - raft.server.rpc.timeout.min = 5s (custom)
2019-08-12 04:09:19,722 INFO  server.RaftServerConfigKeys (ConfUtils.java:logGet(43)) - raft.server.rpc.timeout.max = 5200ms (custom)
2019-08-12 04:09:19,723 INFO  server.RaftServerConfigKeys (ConfUtils.java:logGet(43)) - raft.server.rpc.timeout.max = 5200ms (custom)
2019-08-12 04:09:19,723 INFO  server.RaftServerConfigKeys (ConfUtils.java:logGet(43)) - raft.server.storage.dir = [/workdir/hadoop-ozone/integration-test/target/test-dir/MiniOzoneClusterImpl-8ab67caf-427a-4247-bc98-713520941bc9/datanode-6/data/ratis] (custom)
2019-08-12 04:09:19,723 INFO  server.RaftServerConfigKeys (ConfUtils.java:logGet(43)) - raft.server.rpcslowness.timeout = 120s (custom)
2019-08-12 04:09:19,723 INFO  server.RaftServerConfigKeys (ConfUtils.java:logGet(43)) - raft.server.rpcslowness.timeout = 120s (custom)
2019-08-12 04:09:19,723 INFO  server.RaftServerConfigKeys (ConfUtils.java:logGet(43)) - raft.server.sleep.deviation.threshold = 300 (default)
2019-08-12 04:09:19,723 INFO  storage.RaftStorageDirectory (RaftStorageDirectory.java:analyzeStorage(246)) - The storage directory /workdir/hadoop-ozone/integration-test/target/test-dir/MiniOzoneClusterImpl-8ab67caf-427a-4247-bc98-713520941bc9/datanode-6/data/ratis/ce1337fb-a544-47b0-b01c-8d4f2ff480c4 does not exist. Creating ...
2019-08-12 04:09:19,723 INFO  server.RaftServerConfigKeys (ConfUtils.java:logGet(43)) - raft.server.sleep.deviation.threshold = 300 (default)
2019-08-12 04:09:19,723 INFO  server.RaftServerConfigKeys (ConfUtils.java:logGet(43)) - raft.server.log.appender.install.snapshot.enabled = false (custom)
2019-08-12 04:09:19,724 INFO  server.RaftServerConfigKeys (ConfUtils.java:logGet(43)) - raft.server.log.appender.install.snapshot.enabled = false (custom)
2019-08-12 04:09:19,724 INFO  impl.RaftServerImpl (ServerState.java:<init>(105)) - feed998e-786d-42b1-b0ed-1d0664f297ba:group-8D4F2FF480C4 ConfigurationManager, init=-1: [6762e180-8cde-4855-9221-afd7dc52c267:192.168.157.230:41569, feed998e-786d-42b1-b0ed-1d0664f297ba:192.168.157.230:37891, 2b0b4dad-071d-4827-b470-0b27b510987a:192.168.157.230:40875], old=null, confs=<EMPTY_MAP>
2019-08-12 04:09:19,724 INFO  impl.RaftServerImpl (ServerState.java:<init>(105)) - 2b0b4dad-071d-4827-b470-0b27b510987a:group-8D4F2FF480C4 ConfigurationManager, init=-1: [6762e180-8cde-4855-9221-afd7dc52c267:192.168.157.230:41569, feed998e-786d-42b1-b0ed-1d0664f297ba:192.168.157.230:37891, 2b0b4dad-071d-4827-b470-0b27b510987a:192.168.157.230:40875], old=null, confs=<EMPTY_MAP>
2019-08-12 04:09:19,724 INFO  server.RaftServerConfigKeys (ConfUtils.java:logGet(43)) - raft.server.storage.dir = [/workdir/hadoop-ozone/integration-test/target/test-dir/MiniOzoneClusterImpl-8ab67caf-427a-4247-bc98-713520941bc9/datanode-2/data/ratis] (custom)
2019-08-12 04:09:19,724 INFO  server.RaftServerConfigKeys (ConfUtils.java:logGet(43)) - raft.server.storage.dir = [/workdir/hadoop-ozone/integration-test/target/test-dir/MiniOzoneClusterImpl-8ab67caf-427a-4247-bc98-713520941bc9/datanode-1/data/ratis] (custom)
2019-08-12 04:09:19,724 INFO  storage.RaftStorageDirectory (RaftStorageDirectory.java:analyzeStorage(246)) - The storage directory /workdir/hadoop-ozone/integration-test/target/test-dir/MiniOzoneClusterImpl-8ab67caf-427a-4247-bc98-713520941bc9/datanode-2/data/ratis/ce1337fb-a544-47b0-b01c-8d4f2ff480c4 does not exist. Creating ...
2019-08-12 04:09:19,724 INFO  storage.RaftStorageDirectory (RaftStorageDirectory.java:analyzeStorage(246)) - The storage directory /workdir/hadoop-ozone/integration-test/target/test-dir/MiniOzoneClusterImpl-8ab67caf-427a-4247-bc98-713520941bc9/datanode-1/data/ratis/ce1337fb-a544-47b0-b01c-8d4f2ff480c4 does not exist. Creating ...
2019-08-12 04:09:19,738 INFO  storage.RaftStorageDirectory (RaftStorageDirectory.java:tryLock(328)) - Lock on /workdir/hadoop-ozone/integration-test/target/test-dir/MiniOzoneClusterImpl-8ab67caf-427a-4247-bc98-713520941bc9/datanode-2/data/ratis/ce1337fb-a544-47b0-b01c-8d4f2ff480c4/in_use.lock acquired by nodename 21416@byscane-nightly-pnj9f-4033720222
2019-08-12 04:09:19,738 INFO  storage.RaftStorageDirectory (RaftStorageDirectory.java:tryLock(328)) - Lock on /workdir/hadoop-ozone/integration-test/target/test-dir/MiniOzoneClusterImpl-8ab67caf-427a-4247-bc98-713520941bc9/datanode-1/data/ratis/ce1337fb-a544-47b0-b01c-8d4f2ff480c4/in_use.lock acquired by nodename 21416@byscane-nightly-pnj9f-4033720222
2019-08-12 04:09:19,738 INFO  storage.RaftStorageDirectory (RaftStorageDirectory.java:tryLock(328)) - Lock on /workdir/hadoop-ozone/integration-test/target/test-dir/MiniOzoneClusterImpl-8ab67caf-427a-4247-bc98-713520941bc9/datanode-6/data/ratis/ce1337fb-a544-47b0-b01c-8d4f2ff480c4/in_use.lock acquired by nodename 21416@byscane-nightly-pnj9f-4033720222
2019-08-12 04:09:19,752 INFO  storage.RaftStorage (RaftStorage.java:format(72)) - Storage directory /workdir/hadoop-ozone/integration-test/target/test-dir/MiniOzoneClusterImpl-8ab67caf-427a-4247-bc98-713520941bc9/datanode-1/data/ratis/ce1337fb-a544-47b0-b01c-8d4f2ff480c4 has been successfully formatted.
2019-08-12 04:09:19,752 INFO  storage.RaftStorage (RaftStorage.java:format(72)) - Storage directory /workdir/hadoop-ozone/integration-test/target/test-dir/MiniOzoneClusterImpl-8ab67caf-427a-4247-bc98-713520941bc9/datanode-2/data/ratis/ce1337fb-a544-47b0-b01c-8d4f2ff480c4 has been successfully formatted.
2019-08-12 04:09:19,752 INFO  storage.RaftStorage (RaftStorage.java:format(72)) - Storage directory /workdir/hadoop-ozone/integration-test/target/test-dir/MiniOzoneClusterImpl-8ab67caf-427a-4247-bc98-713520941bc9/datanode-6/data/ratis/ce1337fb-a544-47b0-b01c-8d4f2ff480c4 has been successfully formatted.
2019-08-12 04:09:19,753 INFO  ratis.ContainerStateMachine (ContainerStateMachine.java:loadSnapshot(213)) - group-8D4F2FF480C4: The snapshot info is null. Setting the last applied indexto:(t:0, i:~)
2019-08-12 04:09:19,753 INFO  ratis.ContainerStateMachine (ContainerStateMachine.java:loadSnapshot(213)) - group-8D4F2FF480C4: The snapshot info is null. Setting the last applied indexto:(t:0, i:~)
2019-08-12 04:09:19,753 INFO  ratis.ContainerStateMachine (ContainerStateMachine.java:loadSnapshot(213)) - group-8D4F2FF480C4: The snapshot info is null. Setting the last applied indexto:(t:0, i:~)
2019-08-12 04:09:19,753 INFO  server.RaftServerConfigKeys (ConfUtils.java:logGet(43)) - raft.server.leader.election.timeout = 120s (custom)
2019-08-12 04:09:19,753 INFO  server.RaftServerConfigKeys (ConfUtils.java:logGet(43)) - raft.server.leader.election.timeout = 120s (custom)
2019-08-12 04:09:19,753 INFO  server.RaftServerConfigKeys (ConfUtils.java:logGet(43)) - raft.server.log.use.memory = false (default)
2019-08-12 04:09:19,753 INFO  server.RaftServerConfigKeys (ConfUtils.java:logGet(43)) - raft.server.leader.election.timeout = 120s (custom)
2019-08-12 04:09:19,753 INFO  server.RaftServerConfigKeys (ConfUtils.java:logGet(43)) - raft.server.log.purge.gap = 1000000000 (custom)
2019-08-12 04:09:19,753 INFO  server.RaftServerConfigKeys (ConfUtils.java:logGet(43)) - raft.server.log.use.memory = false (default)
2019-08-12 04:09:19,753 INFO  server.RaftServerConfigKeys (ConfUtils.java:logGet(43)) - raft.server.log.appender.buffer.byte-limit = 33554432 (custom)
2019-08-12 04:09:19,753 INFO  server.RaftServerConfigKeys (ConfUtils.java:logGet(43)) - raft.server.log.use.memory = false (default)
2019-08-12 04:09:19,753 INFO  server.RaftServerConfigKeys (ConfUtils.java:logGet(43)) - raft.server.log.segment.size.max = 1048576 (custom)
2019-08-12 04:09:19,753 INFO  server.RaftServerConfigKeys (ConfUtils.java:logGet(43)) - raft.server.log.purge.gap = 1000000000 (custom)
2019-08-12 04:09:19,754 INFO  server.RaftServerConfigKeys (ConfUtils.java:logGet(43)) - raft.server.log.segment.cache.num.max = 2 (custom)
2019-08-12 04:09:19,754 INFO  server.RaftServerConfigKeys (ConfUtils.java:logGet(43)) - raft.server.log.purge.gap = 1000000000 (custom)
2019-08-12 04:09:19,754 INFO  segmented.SegmentedRaftLogWorker (SegmentedRaftLogWorker.java:<init>(172)) - new 6762e180-8cde-4855-9221-afd7dc52c267-SegmentedRaftLogWorker:Storage Directory /workdir/hadoop-ozone/integration-test/target/test-dir/MiniOzoneClusterImpl-8ab67caf-427a-4247-bc98-713520941bc9/datanode-6/data/ratis/ce1337fb-a544-47b0-b01c-8d4f2ff480c4 for RaftStorage:Storage Directory /workdir/hadoop-ozone/integration-test/target/test-dir/MiniOzoneClusterImpl-8ab67caf-427a-4247-bc98-713520941bc9/datanode-6/data/ratis/ce1337fb-a544-47b0-b01c-8d4f2ff480c4
2019-08-12 04:09:19,754 INFO  server.RaftServerConfigKeys (ConfUtils.java:logGet(43)) - raft.server.log.appender.buffer.byte-limit = 33554432 (custom)
2019-08-12 04:09:19,754 INFO  server.RaftServerConfigKeys (ConfUtils.java:logGet(43)) - raft.server.log.queue.byte-limit = 2147483647 (custom)
2019-08-12 04:09:19,754 INFO  server.RaftServerConfigKeys (ConfUtils.java:logGet(43)) - raft.server.log.appender.buffer.byte-limit = 33554432 (custom)
2019-08-12 04:09:19,754 INFO  server.RaftServerConfigKeys (ConfUtils.java:logGet(43)) - raft.server.log.queue.element-limit = 1024 (custom)
2019-08-12 04:09:19,754 INFO  server.RaftServerConfigKeys (ConfUtils.java:logGet(43)) - raft.server.log.segment.size.max = 1048576 (custom)
2019-08-12 04:09:19,754 INFO  server.RaftServerConfigKeys (ConfUtils.java:logGet(43)) - raft.server.log.segment.size.max = 1048576 (custom)
2019-08-12 04:09:19,754 INFO  server.RaftServerConfigKeys (ConfUtils.java:logGet(43)) - raft.server.log.segment.size.max = 1048576 (custom)
2019-08-12 04:09:19,754 INFO  server.RaftServerConfigKeys (ConfUtils.java:logGet(43)) - raft.server.log.preallocated.size = 16384 (custom)
2019-08-12 04:09:19,754 INFO  server.RaftServerConfigKeys (ConfUtils.java:logGet(43)) - raft.server.log.segment.cache.num.max = 2 (custom)
2019-08-12 04:09:19,755 INFO  server.RaftServerConfigKeys (ConfUtils.java:logGet(43)) - raft.server.log.write.buffer.size = 33554432 (custom)
2019-08-12 04:09:19,755 INFO  server.RaftServerConfigKeys (ConfUtils.java:logGet(43)) - raft.server.log.segment.cache.num.max = 2 (custom)
2019-08-12 04:09:19,755 INFO  server.RaftServerConfigKeys (ConfUtils.java:logGet(43)) - raft.server.log.force.sync.num = 128 (default)
2019-08-12 04:09:19,755 INFO  segmented.SegmentedRaftLogWorker (SegmentedRaftLogWorker.java:<init>(172)) - new feed998e-786d-42b1-b0ed-1d0664f297ba-SegmentedRaftLogWorker:Storage Directory /workdir/hadoop-ozone/integration-test/target/test-dir/MiniOzoneClusterImpl-8ab67caf-427a-4247-bc98-713520941bc9/datanode-2/data/ratis/ce1337fb-a544-47b0-b01c-8d4f2ff480c4 for RaftStorage:Storage Directory /workdir/hadoop-ozone/integration-test/target/test-dir/MiniOzoneClusterImpl-8ab67caf-427a-4247-bc98-713520941bc9/datanode-2/data/ratis/ce1337fb-a544-47b0-b01c-8d4f2ff480c4
2019-08-12 04:09:19,755 INFO  server.RaftServerConfigKeys (ConfUtils.java:logGet(43)) - raft.server.log.statemachine.data.sync = true (default)
2019-08-12 04:09:19,755 INFO  segmented.SegmentedRaftLogWorker (SegmentedRaftLogWorker.java:<init>(172)) - new 2b0b4dad-071d-4827-b470-0b27b510987a-SegmentedRaftLogWorker:Storage Directory /workdir/hadoop-ozone/integration-test/target/test-dir/MiniOzoneClusterImpl-8ab67caf-427a-4247-bc98-713520941bc9/datanode-1/data/ratis/ce1337fb-a544-47b0-b01c-8d4f2ff480c4 for RaftStorage:Storage Directory /workdir/hadoop-ozone/integration-test/target/test-dir/MiniOzoneClusterImpl-8ab67caf-427a-4247-bc98-713520941bc9/datanode-1/data/ratis/ce1337fb-a544-47b0-b01c-8d4f2ff480c4
2019-08-12 04:09:19,755 INFO  server.RaftServerConfigKeys (ConfUtils.java:logGet(43)) - raft.server.log.statemachine.data.sync.timeout = 10s (default)
2019-08-12 04:09:19,755 INFO  server.RaftServerConfigKeys (ConfUtils.java:logGet(43)) - raft.server.log.statemachine.data.sync.timeout.retry = -1 (default)
2019-08-12 04:09:19,755 INFO  server.RaftServerConfigKeys (ConfUtils.java:logGet(43)) - raft.server.log.queue.byte-limit = 2147483647 (custom)
2019-08-12 04:09:19,755 INFO  server.RaftServerConfigKeys (ConfUtils.java:logGet(43)) - raft.server.log.statemachine.data.caching.enabled = true (custom)
2019-08-12 04:09:19,755 INFO  server.RaftServerConfigKeys (ConfUtils.java:logGet(43)) - raft.server.log.queue.byte-limit = 2147483647 (custom)
2019-08-12 04:09:19,756 INFO  server.RaftServerConfigKeys (ConfUtils.java:logGet(43)) - raft.server.log.queue.element-limit = 1024 (custom)
2019-08-12 04:09:19,756 INFO  segmented.SegmentedRaftLogWorker (SegmentedRaftLogWorker.java:lambda$new$0(132)) - 6762e180-8cde-4855-9221-afd7dc52c267-SegmentedRaftLogWorker:Storage Directory /workdir/hadoop-ozone/integration-test/target/test-dir/MiniOzoneClusterImpl-8ab67caf-427a-4247-bc98-713520941bc9/datanode-6/data/ratis/ce1337fb-a544-47b0-b01c-8d4f2ff480c4: flushIndex: setUnconditionally 0 -> -1
2019-08-12 04:09:19,756 INFO  server.RaftServerConfigKeys (ConfUtils.java:logGet(43)) - raft.server.log.queue.element-limit = 1024 (custom)
2019-08-12 04:09:19,756 INFO  server.RaftServerConfigKeys (ConfUtils.java:logGet(43)) - raft.server.log.segment.size.max = 1048576 (custom)
2019-08-12 04:09:19,756 INFO  server.RaftServerConfigKeys (ConfUtils.java:logGet(43)) - raft.server.snapshot.auto.trigger.enabled = true (custom)
2019-08-12 04:09:19,756 INFO  server.RaftServerConfigKeys (ConfUtils.java:logGet(43)) - raft.server.log.segment.size.max = 1048576 (custom)
2019-08-12 04:09:19,756 INFO  server.RaftServerConfigKeys (ConfUtils.java:logGet(43)) - raft.server.snapshot.auto.trigger.threshold = 10000 (custom)
2019-08-12 04:09:19,756 INFO  server.RaftServerConfigKeys (ConfUtils.java:logGet(43)) - raft.server.log.preallocated.size = 16384 (custom)
2019-08-12 04:09:19,756 INFO  server.RaftServerConfigKeys (ConfUtils.java:logGet(43)) - raft.server.retrycache.expirytime = 600000ms (custom)
2019-08-12 04:09:19,756 INFO  server.RaftServerConfigKeys (ConfUtils.java:logGet(43)) - raft.server.log.preallocated.size = 16384 (custom)
2019-08-12 04:09:19,757 INFO  impl.RaftServerImpl (RaftServerImpl.java:start(180)) - 6762e180-8cde-4855-9221-afd7dc52c267: start group-8D4F2FF480C4
2019-08-12 04:09:19,756 INFO  server.RaftServerConfigKeys (ConfUtils.java:logGet(43)) - raft.server.log.write.buffer.size = 33554432 (custom)
2019-08-12 04:09:19,757 INFO  impl.RaftServerImpl (RaftServerImpl.java:setRole(171)) - 6762e180-8cde-4855-9221-afd7dc52c267:group-8D4F2FF480C4 changes role from null to FOLLOWER at term 0 for startAsFollower
2019-08-12 04:09:19,757 INFO  server.RaftServerConfigKeys (ConfUtils.java:logGet(43)) - raft.server.log.write.buffer.size = 33554432 (custom)
2019-08-12 04:09:19,757 INFO  impl.RoleInfo (RoleInfo.java:updateAndGet(143)) - 6762e180-8cde-4855-9221-afd7dc52c267: start FollowerState
2019-08-12 04:09:19,757 INFO  server.RaftServerConfigKeys (ConfUtils.java:logGet(43)) - raft.server.log.force.sync.num = 128 (default)
2019-08-12 04:09:19,757 INFO  server.RaftServerConfigKeys (ConfUtils.java:logGet(43)) - raft.server.log.force.sync.num = 128 (default)
2019-08-12 04:09:19,757 INFO  server.RaftServerConfigKeys (ConfUtils.java:logGet(43)) - raft.server.log.statemachine.data.sync = true (default)
2019-08-12 04:09:19,757 INFO  util.JmxRegister (JmxRegister.java:tryRegister(44)) - Successfully registered JMX Bean with object name Ratis:service=RaftServer,group=group-8D4F2FF480C4,id=6762e180-8cde-4855-9221-afd7dc52c267
2019-08-12 04:09:19,757 INFO  server.RaftServerConfigKeys (ConfUtils.java:logGet(43)) - raft.server.log.statemachine.data.sync = true (default)
2019-08-12 04:09:19,757 INFO  server.RaftServerConfigKeys (ConfUtils.java:logGet(43)) - raft.server.log.statemachine.data.sync.timeout = 10s (default)
2019-08-12 04:09:19,757 INFO  server.RaftServerConfigKeys (ConfUtils.java:logGet(43)) - raft.server.log.statemachine.data.sync.timeout = 10s (default)
2019-08-12 04:09:19,758 INFO  server.RaftServerConfigKeys (ConfUtils.java:logGet(43)) - raft.server.log.statemachine.data.sync.timeout.retry = -1 (default)
2019-08-12 04:09:19,758 INFO  server.RaftServerConfigKeys (ConfUtils.java:logGet(43)) - raft.server.log.statemachine.data.sync.timeout.retry = -1 (default)
2019-08-12 04:09:19,758 INFO  server.RaftServerConfigKeys (ConfUtils.java:logGet(43)) - raft.server.log.statemachine.data.caching.enabled = true (custom)
2019-08-12 04:09:19,758 INFO  server.RaftServerConfigKeys (ConfUtils.java:logGet(43)) - raft.server.log.statemachine.data.caching.enabled = true (custom)
2019-08-12 04:09:19,758 INFO  segmented.SegmentedRaftLogWorker (SegmentedRaftLogWorker.java:lambda$new$0(132)) - feed998e-786d-42b1-b0ed-1d0664f297ba-SegmentedRaftLogWorker:Storage Directory /workdir/hadoop-ozone/integration-test/target/test-dir/MiniOzoneClusterImpl-8ab67caf-427a-4247-bc98-713520941bc9/datanode-2/data/ratis/ce1337fb-a544-47b0-b01c-8d4f2ff480c4: flushIndex: setUnconditionally 0 -> -1
2019-08-12 04:09:19,758 INFO  segmented.SegmentedRaftLogWorker (SegmentedRaftLogWorker.java:lambda$new$0(132)) - 2b0b4dad-071d-4827-b470-0b27b510987a-SegmentedRaftLogWorker:Storage Directory /workdir/hadoop-ozone/integration-test/target/test-dir/MiniOzoneClusterImpl-8ab67caf-427a-4247-bc98-713520941bc9/datanode-1/data/ratis/ce1337fb-a544-47b0-b01c-8d4f2ff480c4: flushIndex: setUnconditionally 0 -> -1
2019-08-12 04:09:19,758 INFO  server.RaftServerConfigKeys (ConfUtils.java:logGet(43)) - raft.server.snapshot.auto.trigger.enabled = true (custom)
2019-08-12 04:09:19,758 INFO  server.RaftServerConfigKeys (ConfUtils.java:logGet(43)) - raft.server.snapshot.auto.trigger.enabled = true (custom)
2019-08-12 04:09:19,758 INFO  server.RaftServerConfigKeys (ConfUtils.java:logGet(43)) - raft.server.snapshot.auto.trigger.threshold = 10000 (custom)
2019-08-12 04:09:19,759 INFO  server.RaftServerConfigKeys (ConfUtils.java:logGet(43)) - raft.server.snapshot.auto.trigger.threshold = 10000 (custom)
2019-08-12 04:09:19,759 INFO  server.RaftServerConfigKeys (ConfUtils.java:logGet(43)) - raft.server.retrycache.expirytime = 600000ms (custom)
2019-08-12 04:09:19,759 INFO  server.RaftServerConfigKeys (ConfUtils.java:logGet(43)) - raft.server.retrycache.expirytime = 600000ms (custom)
2019-08-12 04:09:19,759 INFO  impl.RaftServerImpl (RaftServerImpl.java:start(180)) - feed998e-786d-42b1-b0ed-1d0664f297ba: start group-8D4F2FF480C4
2019-08-12 04:09:19,759 INFO  impl.RaftServerImpl (RaftServerImpl.java:start(180)) - 2b0b4dad-071d-4827-b470-0b27b510987a: start group-8D4F2FF480C4
2019-08-12 04:09:19,759 INFO  impl.RaftServerImpl (RaftServerImpl.java:setRole(171)) - feed998e-786d-42b1-b0ed-1d0664f297ba:group-8D4F2FF480C4 changes role from null to FOLLOWER at term 0 for startAsFollower
2019-08-12 04:09:19,759 INFO  impl.RaftServerImpl (RaftServerImpl.java:setRole(171)) - 2b0b4dad-071d-4827-b470-0b27b510987a:group-8D4F2FF480C4 changes role from null to FOLLOWER at term 0 for startAsFollower
2019-08-12 04:09:19,760 INFO  impl.RoleInfo (RoleInfo.java:updateAndGet(143)) - feed998e-786d-42b1-b0ed-1d0664f297ba: start FollowerState
2019-08-12 04:09:19,760 INFO  impl.RoleInfo (RoleInfo.java:updateAndGet(143)) - 2b0b4dad-071d-4827-b470-0b27b510987a: start FollowerState
2019-08-12 04:09:19,760 INFO  util.JmxRegister (JmxRegister.java:tryRegister(44)) - Successfully registered JMX Bean with object name Ratis:service=RaftServer,group=group-8D4F2FF480C4,id=feed998e-786d-42b1-b0ed-1d0664f297ba
2019-08-12 04:09:19,760 INFO  util.JmxRegister (JmxRegister.java:tryRegister(44)) - Successfully registered JMX Bean with object name Ratis:service=RaftServer,group=group-8D4F2FF480C4,id=2b0b4dad-071d-4827-b470-0b27b510987a
2019-08-12 04:09:19,762 INFO  pipeline.PipelineStateManager (PipelineStateManager.java:addPipeline(56)) - Created pipeline Pipeline[ Id: ce1337fb-a544-47b0-b01c-8d4f2ff480c4, Nodes: 2b0b4dad-071d-4827-b470-0b27b510987a{ip: 192.168.157.230, host: byscane-nightly-pnj9f-4033720222, networkLocation: /default-rack, certSerialId: null}6762e180-8cde-4855-9221-afd7dc52c267{ip: 192.168.157.230, host: byscane-nightly-pnj9f-4033720222, networkLocation: /default-rack, certSerialId: null}feed998e-786d-42b1-b0ed-1d0664f297ba{ip: 192.168.157.230, host: byscane-nightly-pnj9f-4033720222, networkLocation: /default-rack, certSerialId: null}, Type:RATIS, Factor:THREE, State:OPEN]
2019-08-12 04:09:19,780 INFO  client.GrpcClientProtocolClient (GrpcClientProtocolClient.java:onNext(255)) - client-25C8CC165C23->2b0b4dad-071d-4827-b470-0b27b510987a: receive RaftClientReply:client-25C8CC165C23->2b0b4dad-071d-4827-b470-0b27b510987a@group-8D4F2FF480C4, cid=211, FAILED org.apache.ratis.protocol.NotLeaderException: Server 2b0b4dad-071d-4827-b470-0b27b510987a is not the leader (null). Request must be sent to leader., logIndex=0, commits[2b0b4dad-071d-4827-b470-0b27b510987a:c-1]
2019-08-12 04:09:20,193 INFO  client.GrpcClientProtocolClient (GrpcClientProtocolClient.java:onNext(255)) - client-0347AA68032A->00b241ce-6529-4fc4-82dd-26815ed218ff: receive RaftClientReply:client-0347AA68032A->00b241ce-6529-4fc4-82dd-26815ed218ff@group-830E9DED769E, cid=207, SUCCESS, logIndex=0, commits[00b241ce-6529-4fc4-82dd-26815ed218ff:c16, d8af83b5-b38a-44c4-acce-62c46298d170:c13, 5f43b17a-624c-455b-ac70-d237e935916e:c16]
2019-08-12 04:09:20,208 INFO  client.GrpcClientProtocolClient (GrpcClientProtocolClient.java:onNext(255)) - client-0347AA68032A->00b241ce-6529-4fc4-82dd-26815ed218ff: receive RaftClientReply:client-0347AA68032A->00b241ce-6529-4fc4-82dd-26815ed218ff@group-830E9DED769E, cid=206, SUCCESS, logIndex=0, commits[00b241ce-6529-4fc4-82dd-26815ed218ff:c16, d8af83b5-b38a-44c4-acce-62c46298d170:c16, 5f43b17a-624c-455b-ac70-d237e935916e:c16]
2019-08-12 04:09:20,796 INFO  client.GrpcClientProtocolClient (GrpcClientProtocolClient.java:onNext(255)) - client-25C8CC165C23->6762e180-8cde-4855-9221-afd7dc52c267: receive RaftClientReply:client-25C8CC165C23->6762e180-8cde-4855-9221-afd7dc52c267@group-8D4F2FF480C4, cid=211, FAILED org.apache.ratis.protocol.NotLeaderException: Server 6762e180-8cde-4855-9221-afd7dc52c267 is not the leader (null). Request must be sent to leader., logIndex=0, commits[6762e180-8cde-4855-9221-afd7dc52c267:c-1]
2019-08-12 04:09:21,546 WARN  server.GrpcLogAppender (LogUtils.java:warn(134)) - feed998e-786d-42b1-b0ed-1d0664f297ba->47758c02-75a0-4e19-bf34-38cb8350cc70: Failed appendEntries: org.apache.ratis.thirdparty.io.grpc.StatusRuntimeException: UNAVAILABLE: io exception
2019-08-12 04:09:21,547 INFO  impl.FollowerInfo (FollowerInfo.java:lambda$new$0(50)) - feed998e-786d-42b1-b0ed-1d0664f297ba->47758c02-75a0-4e19-bf34-38cb8350cc70: nextIndex: updateUnconditionally 0 -> 0
2019-08-12 04:09:21,805 INFO  client.GrpcClientProtocolClient (GrpcClientProtocolClient.java:onNext(255)) - client-25C8CC165C23->2b0b4dad-071d-4827-b470-0b27b510987a: receive RaftClientReply:client-25C8CC165C23->2b0b4dad-071d-4827-b470-0b27b510987a@group-8D4F2FF480C4, cid=211, FAILED org.apache.ratis.protocol.NotLeaderException: Server 2b0b4dad-071d-4827-b470-0b27b510987a is not the leader (null). Request must be sent to leader., logIndex=0, commits[2b0b4dad-071d-4827-b470-0b27b510987a:c-1]
2019-08-12 04:09:22,816 INFO  client.GrpcClientProtocolClient (GrpcClientProtocolClient.java:onNext(255)) - client-25C8CC165C23->6762e180-8cde-4855-9221-afd7dc52c267: receive RaftClientReply:client-25C8CC165C23->6762e180-8cde-4855-9221-afd7dc52c267@group-8D4F2FF480C4, cid=211, FAILED org.apache.ratis.protocol.NotLeaderException: Server 6762e180-8cde-4855-9221-afd7dc52c267 is not the leader (null). Request must be sent to leader., logIndex=0, commits[6762e180-8cde-4855-9221-afd7dc52c267:c-1]
2019-08-12 04:09:23,825 INFO  client.GrpcClientProtocolClient (GrpcClientProtocolClient.java:onNext(255)) - client-25C8CC165C23->2b0b4dad-071d-4827-b470-0b27b510987a: receive RaftClientReply:client-25C8CC165C23->2b0b4dad-071d-4827-b470-0b27b510987a@group-8D4F2FF480C4, cid=211, FAILED org.apache.ratis.protocol.NotLeaderException: Server 2b0b4dad-071d-4827-b470-0b27b510987a is not the leader (null). Request must be sent to leader., logIndex=0, commits[2b0b4dad-071d-4827-b470-0b27b510987a:c-1]
2019-08-12 04:09:24,047 WARN  server.GrpcLogAppender (LogUtils.java:warn(134)) - feed998e-786d-42b1-b0ed-1d0664f297ba->47758c02-75a0-4e19-bf34-38cb8350cc70: Failed appendEntries: org.apache.ratis.thirdparty.io.grpc.StatusRuntimeException: UNAVAILABLE: io exception
2019-08-12 04:09:24,047 INFO  impl.FollowerInfo (FollowerInfo.java:lambda$new$0(50)) - feed998e-786d-42b1-b0ed-1d0664f297ba->47758c02-75a0-4e19-bf34-38cb8350cc70: nextIndex: updateUnconditionally 0 -> 0
2019-08-12 04:09:24,839 INFO  client.GrpcClientProtocolClient (GrpcClientProtocolClient.java:onNext(255)) - client-25C8CC165C23->6762e180-8cde-4855-9221-afd7dc52c267: receive RaftClientReply:client-25C8CC165C23->6762e180-8cde-4855-9221-afd7dc52c267@group-8D4F2FF480C4, cid=211, FAILED org.apache.ratis.protocol.NotLeaderException: Server 6762e180-8cde-4855-9221-afd7dc52c267 is not the leader (null). Request must be sent to leader., logIndex=0, commits[6762e180-8cde-4855-9221-afd7dc52c267:c-1]
2019-08-12 04:09:24,923 INFO  impl.FollowerState (FollowerState.java:run(106)) - feed998e-786d-42b1-b0ed-1d0664f297ba:group-8D4F2FF480C4 changes to CANDIDATE, lastRpcTime:5163, electionTimeout:5163ms
2019-08-12 04:09:24,923 INFO  impl.RoleInfo (RoleInfo.java:shutdownFollowerState(121)) - feed998e-786d-42b1-b0ed-1d0664f297ba: shutdown FollowerState
2019-08-12 04:09:24,924 INFO  impl.RaftServerImpl (RaftServerImpl.java:setRole(171)) - feed998e-786d-42b1-b0ed-1d0664f297ba:group-8D4F2FF480C4 changes role from FOLLOWER to CANDIDATE at term 0 for changeToCandidate
2019-08-12 04:09:24,924 INFO  impl.RoleInfo (RoleInfo.java:updateAndGet(143)) - feed998e-786d-42b1-b0ed-1d0664f297ba: start LeaderElection
2019-08-12 04:09:24,947 INFO  impl.LeaderElection (LeaderElection.java:askForVotes(181)) - feed998e-786d-42b1-b0ed-1d0664f297ba:group-8D4F2FF480C4:LeaderElection88: begin an election at term 1 for -1: [6762e180-8cde-4855-9221-afd7dc52c267:192.168.157.230:41569, feed998e-786d-42b1-b0ed-1d0664f297ba:192.168.157.230:37891, 2b0b4dad-071d-4827-b470-0b27b510987a:192.168.157.230:40875], old=null
2019-08-12 04:09:24,950 INFO  impl.FollowerState (FollowerState.java:run(106)) - 6762e180-8cde-4855-9221-afd7dc52c267:group-8D4F2FF480C4 changes to CANDIDATE, lastRpcTime:5193, electionTimeout:5193ms
2019-08-12 04:09:24,950 INFO  impl.RoleInfo (RoleInfo.java:shutdownFollowerState(121)) - 6762e180-8cde-4855-9221-afd7dc52c267: shutdown FollowerState
2019-08-12 04:09:24,951 INFO  impl.RaftServerImpl (RaftServerImpl.java:setRole(171)) - 6762e180-8cde-4855-9221-afd7dc52c267:group-8D4F2FF480C4 changes role from FOLLOWER to CANDIDATE at term 0 for changeToCandidate
2019-08-12 04:09:24,951 INFO  impl.RoleInfo (RoleInfo.java:updateAndGet(143)) - 6762e180-8cde-4855-9221-afd7dc52c267: start LeaderElection
2019-08-12 04:09:24,951 INFO  impl.RaftServerImpl (RaftServerImpl.java:setRole(171)) - 2b0b4dad-071d-4827-b470-0b27b510987a:group-8D4F2FF480C4 changes role from FOLLOWER to FOLLOWER at term 1 for recognizeCandidate:feed998e-786d-42b1-b0ed-1d0664f297ba
2019-08-12 04:09:24,968 INFO  impl.RoleInfo (RoleInfo.java:shutdownFollowerState(121)) - 2b0b4dad-071d-4827-b470-0b27b510987a: shutdown FollowerState
2019-08-12 04:09:24,971 INFO  impl.RoleInfo (RoleInfo.java:updateAndGet(143)) - 2b0b4dad-071d-4827-b470-0b27b510987a: start FollowerState
2019-08-12 04:09:24,975 INFO  impl.LeaderElection (LeaderElection.java:askForVotes(181)) - 6762e180-8cde-4855-9221-afd7dc52c267:group-8D4F2FF480C4:LeaderElection89: begin an election at term 1 for -1: [6762e180-8cde-4855-9221-afd7dc52c267:192.168.157.230:41569, feed998e-786d-42b1-b0ed-1d0664f297ba:192.168.157.230:37891, 2b0b4dad-071d-4827-b470-0b27b510987a:192.168.157.230:40875], old=null
2019-08-12 04:09:24,976 INFO  impl.LeaderElection (LeaderElection.java:logAndReturn(56)) - feed998e-786d-42b1-b0ed-1d0664f297ba:group-8D4F2FF480C4:LeaderElection88: Election PASSED; received 2 response(s) [feed998e-786d-42b1-b0ed-1d0664f297ba<-6762e180-8cde-4855-9221-afd7dc52c267#0:FAIL-t1, feed998e-786d-42b1-b0ed-1d0664f297ba<-2b0b4dad-071d-4827-b470-0b27b510987a#0:OK-t1] and 0 exception(s); feed998e-786d-42b1-b0ed-1d0664f297ba:t1, leader=null, voted=feed998e-786d-42b1-b0ed-1d0664f297ba, raftlog=feed998e-786d-42b1-b0ed-1d0664f297ba-SegmentedRaftLog:OPENED:c-1,f-1,i0, conf=-1: [6762e180-8cde-4855-9221-afd7dc52c267:192.168.157.230:41569, feed998e-786d-42b1-b0ed-1d0664f297ba:192.168.157.230:37891, 2b0b4dad-071d-4827-b470-0b27b510987a:192.168.157.230:40875], old=null
2019-08-12 04:09:24,976 INFO  impl.RoleInfo (RoleInfo.java:shutdownLeaderElection(134)) - feed998e-786d-42b1-b0ed-1d0664f297ba: shutdown LeaderElection
2019-08-12 04:09:24,976 INFO  impl.RaftServerImpl (RaftServerImpl.java:setRole(171)) - feed998e-786d-42b1-b0ed-1d0664f297ba:group-8D4F2FF480C4 changes role from CANDIDATE to LEADER at term 1 for changeToLeader
2019-08-12 04:09:24,976 INFO  impl.RaftServerImpl (ServerState.java:setLeader(263)) - feed998e-786d-42b1-b0ed-1d0664f297ba:group-8D4F2FF480C4 change Leader from null to feed998e-786d-42b1-b0ed-1d0664f297ba at term 1 for becomeLeader, leader elected after 5223ms
2019-08-12 04:09:24,977 INFO  server.RaftServerConfigKeys (ConfUtils.java:logGet(43)) - raft.server.staging.catchup.gap = 1000 (default)
2019-08-12 04:09:24,977 INFO  server.RaftServerConfigKeys (ConfUtils.java:logGet(43)) - raft.server.rpc.sleep.time = 25ms (default)
2019-08-12 04:09:24,977 INFO  server.RaftServerConfigKeys (ConfUtils.java:logGet(43)) - raft.server.write.element-limit = 4096 (default)
2019-08-12 04:09:24,977 INFO  server.RaftServerConfigKeys (ConfUtils.java:logGet(43)) - raft.server.watch.timeout = 10s (default)
2019-08-12 04:09:24,977 INFO  server.RaftServerConfigKeys (ConfUtils.java:logGet(43)) - raft.server.watch.timeout.denomination = 1s (default)
2019-08-12 04:09:24,977 INFO  server.RaftServerConfigKeys (ConfUtils.java:logGet(43)) - raft.server.watch.element-limit = 65536 (default)
2019-08-12 04:09:24,978 INFO  server.RaftServerConfigKeys (ConfUtils.java:logGet(43)) - raft.server.log.appender.snapshot.chunk.size.max = 16MB (=16777216) (default)
2019-08-12 04:09:24,978 INFO  server.RaftServerConfigKeys (ConfUtils.java:logGet(43)) - raft.server.log.appender.buffer.byte-limit = 33554432 (custom)
2019-08-12 04:09:24,978 INFO  server.RaftServerConfigKeys (ConfUtils.java:logGet(43)) - raft.server.log.appender.buffer.element-limit = 1 (custom)
2019-08-12 04:09:24,979 INFO  grpc.GrpcConfigKeys$Server (ConfUtils.java:logGet(43)) - raft.grpc.server.leader.outstanding.appends.max = 128 (default)
2019-08-12 04:09:24,979 INFO  server.RaftServerConfigKeys (ConfUtils.java:logGet(43)) - raft.server.rpc.request.timeout = 3000ms (default)
2019-08-12 04:09:24,979 INFO  server.RaftServerConfigKeys (ConfUtils.java:logGet(43)) - raft.server.log.appender.install.snapshot.enabled = false (custom)
2019-08-12 04:09:24,979 INFO  server.RaftServerConfigKeys (ConfUtils.java:logGet(43)) - raft.server.log.appender.snapshot.chunk.size.max = 16MB (=16777216) (default)
2019-08-12 04:09:24,979 INFO  server.RaftServerConfigKeys (ConfUtils.java:logGet(43)) - raft.server.log.appender.buffer.byte-limit = 33554432 (custom)
2019-08-12 04:09:24,980 INFO  server.RaftServerConfigKeys (ConfUtils.java:logGet(43)) - raft.server.log.appender.buffer.element-limit = 1 (custom)
2019-08-12 04:09:24,980 INFO  grpc.GrpcConfigKeys$Server (ConfUtils.java:logGet(43)) - raft.grpc.server.leader.outstanding.appends.max = 128 (default)
2019-08-12 04:09:24,980 INFO  server.RaftServerConfigKeys (ConfUtils.java:logGet(43)) - raft.server.rpc.request.timeout = 3000ms (default)
2019-08-12 04:09:24,980 INFO  server.RaftServerConfigKeys (ConfUtils.java:logGet(43)) - raft.server.log.appender.install.snapshot.enabled = false (custom)
2019-08-12 04:09:24,981 INFO  impl.RoleInfo (RoleInfo.java:updateAndGet(143)) - feed998e-786d-42b1-b0ed-1d0664f297ba: start LeaderState
2019-08-12 04:09:24,981 INFO  segmented.SegmentedRaftLogWorker (SegmentedRaftLogWorker.java:startLogSegment(380)) - feed998e-786d-42b1-b0ed-1d0664f297ba-SegmentedRaftLogWorker:Storage Directory /workdir/hadoop-ozone/integration-test/target/test-dir/MiniOzoneClusterImpl-8ab67caf-427a-4247-bc98-713520941bc9/datanode-2/data/ratis/ce1337fb-a544-47b0-b01c-8d4f2ff480c4: Starting segment from index:0
2019-08-12 04:09:24,982 INFO  impl.RaftServerImpl (ServerState.java:setRaftConf(361)) - feed998e-786d-42b1-b0ed-1d0664f297ba:group-8D4F2FF480C4 set configuration 0: [6762e180-8cde-4855-9221-afd7dc52c267:192.168.157.230:41569, feed998e-786d-42b1-b0ed-1d0664f297ba:192.168.157.230:37891, 2b0b4dad-071d-4827-b470-0b27b510987a:192.168.157.230:40875], old=null at 0
2019-08-12 04:09:24,982 INFO  impl.RaftServerImpl (RaftServerImpl.java:requestVote(754)) - feed998e-786d-42b1-b0ed-1d0664f297ba-LEADER: Withhold vote from candidate 6762e180-8cde-4855-9221-afd7dc52c267 with term 1. State: leader=feed998e-786d-42b1-b0ed-1d0664f297ba, term=1, lastRpcElapsed=null
2019-08-12 04:09:24,983 INFO  impl.RaftServerImpl (RaftServerImpl.java:setRole(171)) - 6762e180-8cde-4855-9221-afd7dc52c267:group-8D4F2FF480C4 changes role from CANDIDATE to FOLLOWER at term 1 for appendEntries
2019-08-12 04:09:24,984 INFO  impl.RoleInfo (RoleInfo.java:shutdownLeaderElection(134)) - 6762e180-8cde-4855-9221-afd7dc52c267: shutdown LeaderElection
2019-08-12 04:09:24,984 INFO  impl.LeaderElection (LeaderElection.java:logAndReturn(56)) - 6762e180-8cde-4855-9221-afd7dc52c267:group-8D4F2FF480C4:LeaderElection89: Election REJECTED; received 2 response(s) [6762e180-8cde-4855-9221-afd7dc52c267<-feed998e-786d-42b1-b0ed-1d0664f297ba#0:FAIL-t1, 6762e180-8cde-4855-9221-afd7dc52c267<-2b0b4dad-071d-4827-b470-0b27b510987a#0:FAIL-t1] and 0 exception(s); 6762e180-8cde-4855-9221-afd7dc52c267:t1, leader=null, voted=6762e180-8cde-4855-9221-afd7dc52c267, raftlog=6762e180-8cde-4855-9221-afd7dc52c267-SegmentedRaftLog:OPENED:c-1,f-1,i0, conf=-1: [6762e180-8cde-4855-9221-afd7dc52c267:192.168.157.230:41569, feed998e-786d-42b1-b0ed-1d0664f297ba:192.168.157.230:37891, 2b0b4dad-071d-4827-b470-0b27b510987a:192.168.157.230:40875], old=null
2019-08-12 04:09:24,984 INFO  impl.RaftServerImpl (ServerState.java:setLeader(263)) - 2b0b4dad-071d-4827-b470-0b27b510987a:group-8D4F2FF480C4 change Leader from null to feed998e-786d-42b1-b0ed-1d0664f297ba at term 1 for appendEntries, leader elected after 5230ms
2019-08-12 04:09:24,984 INFO  impl.RoleInfo (RoleInfo.java:updateAndGet(143)) - 6762e180-8cde-4855-9221-afd7dc52c267: start FollowerState
2019-08-12 04:09:24,985 INFO  impl.RaftServerImpl (ServerState.java:setLeader(263)) - 6762e180-8cde-4855-9221-afd7dc52c267:group-8D4F2FF480C4 change Leader from null to feed998e-786d-42b1-b0ed-1d0664f297ba at term 1 for appendEntries, leader elected after 5231ms
2019-08-12 04:09:24,987 INFO  impl.RaftServerImpl (ServerState.java:setRaftConf(361)) - 2b0b4dad-071d-4827-b470-0b27b510987a:group-8D4F2FF480C4 set configuration 0: [6762e180-8cde-4855-9221-afd7dc52c267:192.168.157.230:41569, feed998e-786d-42b1-b0ed-1d0664f297ba:192.168.157.230:37891, 2b0b4dad-071d-4827-b470-0b27b510987a:192.168.157.230:40875], old=null at 0
2019-08-12 04:09:24,987 INFO  segmented.SegmentedRaftLogWorker (SegmentedRaftLogWorker.java:startLogSegment(380)) - 2b0b4dad-071d-4827-b470-0b27b510987a-SegmentedRaftLogWorker:Storage Directory /workdir/hadoop-ozone/integration-test/target/test-dir/MiniOzoneClusterImpl-8ab67caf-427a-4247-bc98-713520941bc9/datanode-1/data/ratis/ce1337fb-a544-47b0-b01c-8d4f2ff480c4: Starting segment from index:0
2019-08-12 04:09:24,987 INFO  impl.RaftServerImpl (ServerState.java:setRaftConf(361)) - 6762e180-8cde-4855-9221-afd7dc52c267:group-8D4F2FF480C4 set configuration 0: [6762e180-8cde-4855-9221-afd7dc52c267:192.168.157.230:41569, feed998e-786d-42b1-b0ed-1d0664f297ba:192.168.157.230:37891, 2b0b4dad-071d-4827-b470-0b27b510987a:192.168.157.230:40875], old=null at 0
2019-08-12 04:09:24,988 INFO  segmented.SegmentedRaftLogWorker (SegmentedRaftLogWorker.java:startLogSegment(380)) - 6762e180-8cde-4855-9221-afd7dc52c267-SegmentedRaftLogWorker:Storage Directory /workdir/hadoop-ozone/integration-test/target/test-dir/MiniOzoneClusterImpl-8ab67caf-427a-4247-bc98-713520941bc9/datanode-6/data/ratis/ce1337fb-a544-47b0-b01c-8d4f2ff480c4: Starting segment from index:0
2019-08-12 04:09:25,031 INFO  segmented.SegmentedRaftLogWorker (SegmentedRaftLogWorker.java:execute(569)) - 6762e180-8cde-4855-9221-afd7dc52c267-SegmentedRaftLogWorker:Storage Directory /workdir/hadoop-ozone/integration-test/target/test-dir/MiniOzoneClusterImpl-8ab67caf-427a-4247-bc98-713520941bc9/datanode-6/data/ratis/ce1337fb-a544-47b0-b01c-8d4f2ff480c4: created new log segment /workdir/hadoop-ozone/integration-test/target/test-dir/MiniOzoneClusterImpl-8ab67caf-427a-4247-bc98-713520941bc9/datanode-6/data/ratis/ce1337fb-a544-47b0-b01c-8d4f2ff480c4/current/log_inprogress_0
2019-08-12 04:09:25,031 INFO  segmented.SegmentedRaftLogWorker (SegmentedRaftLogWorker.java:execute(569)) - feed998e-786d-42b1-b0ed-1d0664f297ba-SegmentedRaftLogWorker:Storage Directory /workdir/hadoop-ozone/integration-test/target/test-dir/MiniOzoneClusterImpl-8ab67caf-427a-4247-bc98-713520941bc9/datanode-2/data/ratis/ce1337fb-a544-47b0-b01c-8d4f2ff480c4: created new log segment /workdir/hadoop-ozone/integration-test/target/test-dir/MiniOzoneClusterImpl-8ab67caf-427a-4247-bc98-713520941bc9/datanode-2/data/ratis/ce1337fb-a544-47b0-b01c-8d4f2ff480c4/current/log_inprogress_0
2019-08-12 04:09:25,031 INFO  segmented.SegmentedRaftLogWorker (SegmentedRaftLogWorker.java:execute(569)) - 2b0b4dad-071d-4827-b470-0b27b510987a-SegmentedRaftLogWorker:Storage Directory /workdir/hadoop-ozone/integration-test/target/test-dir/MiniOzoneClusterImpl-8ab67caf-427a-4247-bc98-713520941bc9/datanode-1/data/ratis/ce1337fb-a544-47b0-b01c-8d4f2ff480c4: created new log segment /workdir/hadoop-ozone/integration-test/target/test-dir/MiniOzoneClusterImpl-8ab67caf-427a-4247-bc98-713520941bc9/datanode-1/data/ratis/ce1337fb-a544-47b0-b01c-8d4f2ff480c4/current/log_inprogress_0
2019-08-12 04:09:25,848 INFO  client.GrpcClientProtocolClient (GrpcClientProtocolClient.java:onNext(255)) - client-25C8CC165C23->2b0b4dad-071d-4827-b470-0b27b510987a: receive RaftClientReply:client-25C8CC165C23->2b0b4dad-071d-4827-b470-0b27b510987a@group-8D4F2FF480C4, cid=211, FAILED org.apache.ratis.protocol.NotLeaderException: Server 2b0b4dad-071d-4827-b470-0b27b510987a is not the leader (feed998e-786d-42b1-b0ed-1d0664f297ba:192.168.157.230:37891). Request must be sent to leader., logIndex=0, commits[2b0b4dad-071d-4827-b470-0b27b510987a:c-1, 6762e180-8cde-4855-9221-afd7dc52c267:c-1, feed998e-786d-42b1-b0ed-1d0664f297ba:c-1]
2019-08-12 04:09:25,999 INFO  client.GrpcClientProtocolClient (GrpcClientProtocolClient.java:onNext(255)) - client-25C8CC165C23->feed998e-786d-42b1-b0ed-1d0664f297ba: receive RaftClientReply:client-25C8CC165C23->feed998e-786d-42b1-b0ed-1d0664f297ba@group-8D4F2FF480C4, cid=211, SUCCESS, logIndex=1, commits[feed998e-786d-42b1-b0ed-1d0664f297ba:c1, 6762e180-8cde-4855-9221-afd7dc52c267:c0, 2b0b4dad-071d-4827-b470-0b27b510987a:c0]
2019-08-12 04:09:26,038 INFO  client.GrpcClientProtocolClient (GrpcClientProtocolClient.java:onNext(255)) - client-25C8CC165C23->feed998e-786d-42b1-b0ed-1d0664f297ba: receive RaftClientReply:client-25C8CC165C23->feed998e-786d-42b1-b0ed-1d0664f297ba@group-8D4F2FF480C4, cid=212, SUCCESS, logIndex=3, commits[feed998e-786d-42b1-b0ed-1d0664f297ba:c4, 6762e180-8cde-4855-9221-afd7dc52c267:c3, 2b0b4dad-071d-4827-b470-0b27b510987a:c3]
2019-08-12 04:09:26,039 INFO  ozone.MiniOzoneClusterImpl (MiniOzoneClusterImpl.java:shutdown(321)) - Shutting down the Mini Ozone Cluster
2019-08-12 04:09:26,040 INFO  ozone.MiniOzoneClusterImpl (MiniOzoneClusterImpl.java:stop(336)) - Stopping the Mini Ozone Cluster
2019-08-12 04:09:26,040 INFO  ozone.MiniOzoneClusterImpl (MiniOzoneClusterImpl.java:stop(338)) - Stopping the OzoneManager
2019-08-12 04:09:26,040 INFO  ipc.Server (Server.java:stop(3082)) - Stopping server on 34944
2019-08-12 04:09:26,056 INFO  ipc.Server (Server.java:run(1185)) - Stopping IPC Server listener on 34944
2019-08-12 04:09:26,056 INFO  utils.BackgroundService (BackgroundService.java:shutdown(148)) - Shutting down service KeyDeletingService
2019-08-12 04:09:26,056 INFO  ipc.Server (Server.java:run(1319)) - Stopping IPC Server Responder
2019-08-12 04:09:26,081 INFO  handler.ContextHandler (ContextHandler.java:doStop(910)) - Stopped o.e.j.w.WebAppContext@41db6e4b{/,null,UNAVAILABLE}{/ozoneManager}
2019-08-12 04:09:26,082 INFO  server.AbstractConnector (AbstractConnector.java:doStop(318)) - Stopped ServerConnector@5367d46f{HTTP/1.1,[http/1.1]}{0.0.0.0:0}
2019-08-12 04:09:26,083 INFO  handler.ContextHandler (ContextHandler.java:doStop(910)) - Stopped o.e.j.s.ServletContextHandler@7f93fce1{/static,file:///workdir/hadoop-ozone/integration-test/target/test-classes/webapps/static,UNAVAILABLE}
2019-08-12 04:09:26,083 INFO  handler.ContextHandler (ContextHandler.java:doStop(910)) - Stopped o.e.j.s.ServletContextHandler@3524ee20{/logs,file:///workdir/hadoop-ozone/integration-test/target/log,UNAVAILABLE}
2019-08-12 04:09:26,087 INFO  ozone.MiniOzoneClusterImpl (MiniOzoneClusterImpl.java:stop(344)) - Shutting the HddsDatanodes
2019-08-12 04:09:26,087 INFO  datanode.ObjectStoreHandler (ObjectStoreHandler.java:close(155)) - Closing ObjectStoreHandler.
2019-08-12 04:09:26,087 INFO  datanode.ObjectStoreHandler (ObjectStoreHandler.java:close(155)) - Closing ObjectStoreHandler.
2019-08-12 04:09:26,087 INFO  ozone.HddsDatanodeService (HddsDatanodeService.java:stop(451)) - Stopped plug-in org.apache.hadoop.ozone.web.OzoneHddsDatanodeService@643947d1
2019-08-12 04:09:26,088 INFO  ozone.HddsDatanodeService (HddsDatanodeService.java:stop(451)) - Stopped plug-in org.apache.hadoop.ozone.web.OzoneHddsDatanodeService@fffb4a8
2019-08-12 04:09:26,491 INFO  statemachine.DatanodeStateMachine (DatanodeStateMachine.java:lambda$startDaemon$0(350)) - Ozone container server started.
2019-08-12 04:09:26,548 WARN  server.GrpcLogAppender (LogUtils.java:warn(134)) - feed998e-786d-42b1-b0ed-1d0664f297ba->47758c02-75a0-4e19-bf34-38cb8350cc70: Failed appendEntries: org.apache.ratis.thirdparty.io.grpc.StatusRuntimeException: UNAVAILABLE: io exception
2019-08-12 04:09:26,548 INFO  impl.FollowerInfo (FollowerInfo.java:lambda$new$0(50)) - feed998e-786d-42b1-b0ed-1d0664f297ba->47758c02-75a0-4e19-bf34-38cb8350cc70: nextIndex: updateUnconditionally 0 -> 0
2019-08-12 04:09:26,981 INFO  statemachine.DatanodeStateMachine (DatanodeStateMachine.java:lambda$startDaemon$0(350)) - Ozone container server started.
2019-08-12 04:09:29,048 WARN  server.GrpcLogAppender (LogUtils.java:warn(134)) - feed998e-786d-42b1-b0ed-1d0664f297ba->47758c02-75a0-4e19-bf34-38cb8350cc70: Failed appendEntries: org.apache.ratis.thirdparty.io.grpc.StatusRuntimeException: UNAVAILABLE: io exception
2019-08-12 04:09:29,049 INFO  impl.FollowerInfo (FollowerInfo.java:lambda$new$0(50)) - feed998e-786d-42b1-b0ed-1d0664f297ba->47758c02-75a0-4e19-bf34-38cb8350cc70: nextIndex: updateUnconditionally 0 -> 0
2019-08-12 04:09:30,525 INFO  node.StaleNodeHandler (StaleNodeHandler.java:onMessage(58)) - Datanode 00b241ce-6529-4fc4-82dd-26815ed218ff{ip: 192.168.157.230, host: byscane-nightly-pnj9f-4033720222, networkLocation: /default-rack, certSerialId: null} moved to stale state. Finalizing its pipelines [PipelineID=903635da-1005-4bdf-a493-a2472ec67e77, PipelineID=00797c47-3779-4abf-8449-830e9ded769e]
2019-08-12 04:09:30,525 INFO  pipeline.SCMPipelineManager (SCMPipelineManager.java:finalizeAndDestroyPipeline(309)) - destroying pipeline:Pipeline[ Id: 903635da-1005-4bdf-a493-a2472ec67e77, Nodes: 00b241ce-6529-4fc4-82dd-26815ed218ff{ip: 192.168.157.230, host: byscane-nightly-pnj9f-4033720222, networkLocation: /default-rack, certSerialId: null}, Type:RATIS, Factor:ONE, State:OPEN]
2019-08-12 04:09:30,526 INFO  pipeline.PipelineStateManager (PipelineStateManager.java:finalizePipeline(123)) - Pipeline Pipeline[ Id: 903635da-1005-4bdf-a493-a2472ec67e77, Nodes: 00b241ce-6529-4fc4-82dd-26815ed218ff{ip: 192.168.157.230, host: byscane-nightly-pnj9f-4033720222, networkLocation: /default-rack, certSerialId: null}, Type:RATIS, Factor:ONE, State:CLOSED] moved to CLOSED state
2019-08-12 04:09:30,526 INFO  pipeline.SCMPipelineManager (SCMPipelineManager.java:finalizeAndDestroyPipeline(309)) - destroying pipeline:Pipeline[ Id: 00797c47-3779-4abf-8449-830e9ded769e, Nodes: 00b241ce-6529-4fc4-82dd-26815ed218ff{ip: 192.168.157.230, host: byscane-nightly-pnj9f-4033720222, networkLocation: /default-rack, certSerialId: null}5f43b17a-624c-455b-ac70-d237e935916e{ip: 192.168.157.230, host: byscane-nightly-pnj9f-4033720222, networkLocation: /default-rack, certSerialId: null}d8af83b5-b38a-44c4-acce-62c46298d170{ip: 192.168.157.230, host: byscane-nightly-pnj9f-4033720222, networkLocation: /default-rack, certSerialId: null}, Type:RATIS, Factor:THREE, State:OPEN]
2019-08-12 04:09:30,526 INFO  pipeline.PipelineStateManager (PipelineStateManager.java:finalizePipeline(123)) - Pipeline Pipeline[ Id: 00797c47-3779-4abf-8449-830e9ded769e, Nodes: 00b241ce-6529-4fc4-82dd-26815ed218ff{ip: 192.168.157.230, host: byscane-nightly-pnj9f-4033720222, networkLocation: /default-rack, certSerialId: null}5f43b17a-624c-455b-ac70-d237e935916e{ip: 192.168.157.230, host: byscane-nightly-pnj9f-4033720222, networkLocation: /default-rack, certSerialId: null}d8af83b5-b38a-44c4-acce-62c46298d170{ip: 192.168.157.230, host: byscane-nightly-pnj9f-4033720222, networkLocation: /default-rack, certSerialId: null}, Type:RATIS, Factor:THREE, State:CLOSED] moved to CLOSED state
2019-08-12 04:09:30,526 INFO  container.CloseContainerEventHandler (CloseContainerEventHandler.java:onMessage(61)) - Close container Event triggered for container : #2
2019-08-12 04:09:31,026 INFO  node.StaleNodeHandler (StaleNodeHandler.java:onMessage(58)) - Datanode 2b0b4dad-071d-4827-b470-0b27b510987a{ip: 192.168.157.230, host: byscane-nightly-pnj9f-4033720222, networkLocation: /default-rack, certSerialId: null} moved to stale state. Finalizing its pipelines [PipelineID=79173478-a9a6-40a5-9739-c3ce133a16c2, PipelineID=4e65e228-6f22-4125-88bc-7b00b7597c68, PipelineID=ce1337fb-a544-47b0-b01c-8d4f2ff480c4]
2019-08-12 04:09:31,026 INFO  pipeline.SCMPipelineManager (SCMPipelineManager.java:finalizeAndDestroyPipeline(309)) - destroying pipeline:Pipeline[ Id: 79173478-a9a6-40a5-9739-c3ce133a16c2, Nodes: 47758c02-75a0-4e19-bf34-38cb8350cc70{ip: 192.168.157.230, host: byscane-nightly-pnj9f-4033720222, networkLocation: /default-rack, certSerialId: null}2b0b4dad-071d-4827-b470-0b27b510987a{ip: 192.168.157.230, host: byscane-nightly-pnj9f-4033720222, networkLocation: /default-rack, certSerialId: null}feed998e-786d-42b1-b0ed-1d0664f297ba{ip: 192.168.157.230, host: byscane-nightly-pnj9f-4033720222, networkLocation: /default-rack, certSerialId: null}, Type:RATIS, Factor:THREE, State:CLOSED]
2019-08-12 04:09:31,026 INFO  pipeline.SCMPipelineManager (SCMPipelineManager.java:finalizeAndDestroyPipeline(309)) - destroying pipeline:Pipeline[ Id: 4e65e228-6f22-4125-88bc-7b00b7597c68, Nodes: 2b0b4dad-071d-4827-b470-0b27b510987a{ip: 192.168.157.230, host: byscane-nightly-pnj9f-4033720222, networkLocation: /default-rack, certSerialId: null}, Type:RATIS, Factor:ONE, State:OPEN]
2019-08-12 04:09:31,027 INFO  pipeline.PipelineStateManager (PipelineStateManager.java:finalizePipeline(123)) - Pipeline Pipeline[ Id: 4e65e228-6f22-4125-88bc-7b00b7597c68, Nodes: 2b0b4dad-071d-4827-b470-0b27b510987a{ip: 192.168.157.230, host: byscane-nightly-pnj9f-4033720222, networkLocation: /default-rack, certSerialId: null}, Type:RATIS, Factor:ONE, State:CLOSED] moved to CLOSED state
2019-08-12 04:09:31,027 INFO  pipeline.SCMPipelineManager (SCMPipelineManager.java:finalizeAndDestroyPipeline(309)) - destroying pipeline:Pipeline[ Id: ce1337fb-a544-47b0-b01c-8d4f2ff480c4, Nodes: 2b0b4dad-071d-4827-b470-0b27b510987a{ip: 192.168.157.230, host: byscane-nightly-pnj9f-4033720222, networkLocation: /default-rack, certSerialId: null}6762e180-8cde-4855-9221-afd7dc52c267{ip: 192.168.157.230, host: byscane-nightly-pnj9f-4033720222, networkLocation: /default-rack, certSerialId: null}feed998e-786d-42b1-b0ed-1d0664f297ba{ip: 192.168.157.230, host: byscane-nightly-pnj9f-4033720222, networkLocation: /default-rack, certSerialId: null}, Type:RATIS, Factor:THREE, State:OPEN]
2019-08-12 04:09:31,027 INFO  pipeline.PipelineStateManager (PipelineStateManager.java:finalizePipeline(123)) - Pipeline Pipeline[ Id: ce1337fb-a544-47b0-b01c-8d4f2ff480c4, Nodes: 2b0b4dad-071d-4827-b470-0b27b510987a{ip: 192.168.157.230, host: byscane-nightly-pnj9f-4033720222, networkLocation: /default-rack, certSerialId: null}6762e180-8cde-4855-9221-afd7dc52c267{ip: 192.168.157.230, host: byscane-nightly-pnj9f-4033720222, networkLocation: /default-rack, certSerialId: null}feed998e-786d-42b1-b0ed-1d0664f297ba{ip: 192.168.157.230, host: byscane-nightly-pnj9f-4033720222, networkLocation: /default-rack, certSerialId: null}, Type:RATIS, Factor:THREE, State:CLOSED] moved to CLOSED state
2019-08-12 04:09:31,027 INFO  container.CloseContainerEventHandler (CloseContainerEventHandler.java:onMessage(61)) - Close container Event triggered for container : #3
2019-08-12 04:09:31,088 INFO  ozoneimpl.OzoneContainer (OzoneContainer.java:stop(199)) - Attempting to stop container services.
2019-08-12 04:09:31,089 INFO  ozoneimpl.OzoneContainer (OzoneContainer.java:stop(199)) - Attempting to stop container services.
2019-08-12 04:09:31,089 INFO  impl.RaftServerProxy (RaftServerProxy.java:lambda$close$4(314)) - 00b241ce-6529-4fc4-82dd-26815ed218ff: close
2019-08-12 04:09:31,090 INFO  impl.RaftServerProxy (RaftServerProxy.java:lambda$close$4(314)) - 2b0b4dad-071d-4827-b470-0b27b510987a: close
2019-08-12 04:09:31,090 INFO  impl.RaftServerImpl (RaftServerImpl.java:lambda$shutdown$3(245)) - 00b241ce-6529-4fc4-82dd-26815ed218ff: shutdown group-A2472EC67E77
2019-08-12 04:09:31,090 INFO  impl.RaftServerImpl (RaftServerImpl.java:lambda$shutdown$3(245)) - 2b0b4dad-071d-4827-b470-0b27b510987a: shutdown group-C3CE133A16C2
2019-08-12 04:09:31,090 INFO  util.JmxRegister (JmxRegister.java:unregister(73)) - Successfully un-registered JMX Bean with object name Ratis:service=RaftServer,group=group-A2472EC67E77,id=00b241ce-6529-4fc4-82dd-26815ed218ff
2019-08-12 04:09:31,091 INFO  util.JmxRegister (JmxRegister.java:unregister(73)) - Successfully un-registered JMX Bean with object name Ratis:service=RaftServer,group=group-C3CE133A16C2,id=2b0b4dad-071d-4827-b470-0b27b510987a
2019-08-12 04:09:31,091 INFO  impl.RoleInfo (RoleInfo.java:shutdownLeaderState(104)) - 00b241ce-6529-4fc4-82dd-26815ed218ff: shutdown LeaderState
2019-08-12 04:09:31,092 INFO  impl.RoleInfo (RoleInfo.java:shutdownFollowerState(121)) - 2b0b4dad-071d-4827-b470-0b27b510987a: shutdown FollowerState
2019-08-12 04:09:31,092 INFO  impl.PendingRequests (PendingRequests.java:sendNotLeaderResponses(202)) - 00b241ce-6529-4fc4-82dd-26815ed218ff-PendingRequests: sendNotLeaderResponses
2019-08-12 04:09:31,093 INFO  ratis.ContainerStateMachine (ContainerStateMachine.java:takeSnapshot(262)) - group-C3CE133A16C2: Taking a snapshot at:(t:1, i:13) file /workdir/hadoop-ozone/integration-test/target/test-dir/MiniOzoneClusterImpl-8ab67caf-427a-4247-bc98-713520941bc9/datanode-1/data/ratis/79173478-a9a6-40a5-9739-c3ce133a16c2/sm/snapshot.1_13
2019-08-12 04:09:31,093 INFO  impl.FollowerState (FollowerState.java:run(114)) - 2b0b4dad-071d-4827-b470-0b27b510987a: FollowerState was interrupted: java.lang.InterruptedException: sleep interrupted
2019-08-12 04:09:31,092 INFO  impl.StateMachineUpdater (StateMachineUpdater.java:stopAndJoin(115)) - StateMachineUpdater:2b0b4dad-071d-4827-b470-0b27b510987a:group-C3CE133A16C2: set stopIndex = 17
2019-08-12 04:09:31,093 INFO  impl.StateMachineUpdater (StateMachineUpdater.java:stopAndJoin(115)) - StateMachineUpdater:00b241ce-6529-4fc4-82dd-26815ed218ff:group-A2472EC67E77: set stopIndex = 0
2019-08-12 04:09:31,094 INFO  impl.RaftServerImpl (ServerState.java:close(394)) - 00b241ce-6529-4fc4-82dd-26815ed218ff:group-A2472EC67E77 closes. The last applied log index is 0
2019-08-12 04:09:31,095 INFO  segmented.SegmentedRaftLogWorker (SegmentedRaftLogWorker.java:run(313)) - 00b241ce-6529-4fc4-82dd-26815ed218ff-SegmentedRaftLogWorker:Storage Directory /workdir/hadoop-ozone/integration-test/target/test-dir/MiniOzoneClusterImpl-8ab67caf-427a-4247-bc98-713520941bc9/datanode-4/data/ratis/903635da-1005-4bdf-a493-a2472ec67e77 was interrupted, exiting. There are 0 tasks remaining in the queue.
2019-08-12 04:09:31,106 INFO  segmented.SegmentedRaftLogWorker (SegmentedRaftLogWorker.java:close(228)) - 00b241ce-6529-4fc4-82dd-26815ed218ff-SegmentedRaftLogWorker:Storage Directory /workdir/hadoop-ozone/integration-test/target/test-dir/MiniOzoneClusterImpl-8ab67caf-427a-4247-bc98-713520941bc9/datanode-4/data/ratis/903635da-1005-4bdf-a493-a2472ec67e77 close()
2019-08-12 04:09:31,111 INFO  ratis.ContainerStateMachine (ContainerStateMachine.java:takeSnapshot(273)) - group-C3CE133A16C2: Finished taking a snapshot at:(t:1, i:13) file:/workdir/hadoop-ozone/integration-test/target/test-dir/MiniOzoneClusterImpl-8ab67caf-427a-4247-bc98-713520941bc9/datanode-1/data/ratis/79173478-a9a6-40a5-9739-c3ce133a16c2/sm/snapshot.1_13 time:18
2019-08-12 04:09:31,111 INFO  impl.RaftServerImpl (RaftServerImpl.java:lambda$shutdown$3(245)) - 00b241ce-6529-4fc4-82dd-26815ed218ff: shutdown group-830E9DED769E
2019-08-12 04:09:31,111 INFO  impl.StateMachineUpdater (StateMachineUpdater.java:takeSnapshot(242)) - StateMachineUpdater:2b0b4dad-071d-4827-b470-0b27b510987a:group-C3CE133A16C2: Took a snapshot at index 13
2019-08-12 04:09:31,111 INFO  util.JmxRegister (JmxRegister.java:unregister(73)) - Successfully un-registered JMX Bean with object name Ratis:service=RaftServer,group=group-830E9DED769E,id=00b241ce-6529-4fc4-82dd-26815ed218ff
2019-08-12 04:09:31,112 INFO  impl.RoleInfo (RoleInfo.java:shutdownLeaderState(104)) - 00b241ce-6529-4fc4-82dd-26815ed218ff: shutdown LeaderState
2019-08-12 04:09:31,111 INFO  impl.StateMachineUpdater (StateMachineUpdater.java:lambda$new$0(80)) - StateMachineUpdater:2b0b4dad-071d-4827-b470-0b27b510987a:group-C3CE133A16C2: snapshotIndex: updateIncreasingly -1 -> 13
2019-08-12 04:09:31,119 WARN  server.GrpcLogAppender (GrpcLogAppender.java:mayWait(143)) - GrpcLogAppender(00b241ce-6529-4fc4-82dd-26815ed218ff->d8af83b5-b38a-44c4-acce-62c46298d170): Wait interrupted by java.lang.InterruptedException
2019-08-12 04:09:31,119 WARN  server.GrpcLogAppender (GrpcLogAppender.java:mayWait(143)) - GrpcLogAppender(00b241ce-6529-4fc4-82dd-26815ed218ff->5f43b17a-624c-455b-ac70-d237e935916e): Wait interrupted by java.lang.InterruptedException
2019-08-12 04:09:31,119 INFO  impl.PendingRequests (PendingRequests.java:sendNotLeaderResponses(202)) - 00b241ce-6529-4fc4-82dd-26815ed218ff-PendingRequests: sendNotLeaderResponses
2019-08-12 04:09:31,119 INFO  server.GrpcServerProtocolService (GrpcServerProtocolService.java:onCompleted(104)) - 5f43b17a-624c-455b-ac70-d237e935916e: appendEntries completed
2019-08-12 04:09:31,119 INFO  server.GrpcServerProtocolService (GrpcServerProtocolService.java:onCompleted(104)) - d8af83b5-b38a-44c4-acce-62c46298d170: appendEntries completed
2019-08-12 04:09:31,119 INFO  impl.RaftServerImpl (ServerState.java:close(394)) - 2b0b4dad-071d-4827-b470-0b27b510987a:group-C3CE133A16C2 closes. The last applied log index is 17
2019-08-12 04:09:31,123 INFO  server.GrpcLogAppender (GrpcLogAppender.java:onCompleted(292)) - 00b241ce-6529-4fc4-82dd-26815ed218ff->5f43b17a-624c-455b-ac70-d237e935916e: follower responses appendEntries COMPLETED
2019-08-12 04:09:31,123 INFO  server.GrpcLogAppender (GrpcLogAppender.java:onCompleted(292)) - 00b241ce-6529-4fc4-82dd-26815ed218ff->d8af83b5-b38a-44c4-acce-62c46298d170: follower responses appendEntries COMPLETED
2019-08-12 04:09:31,123 INFO  ratis.ContainerStateMachine (ContainerStateMachine.java:takeSnapshot(262)) - group-830E9DED769E: Taking a snapshot at:(t:2, i:14) file /workdir/hadoop-ozone/integration-test/target/test-dir/MiniOzoneClusterImpl-8ab67caf-427a-4247-bc98-713520941bc9/datanode-4/data/ratis/00797c47-3779-4abf-8449-830e9ded769e/sm/snapshot.2_14
2019-08-12 04:09:31,123 INFO  impl.StateMachineUpdater (StateMachineUpdater.java:stopAndJoin(115)) - StateMachineUpdater:00b241ce-6529-4fc4-82dd-26815ed218ff:group-830E9DED769E: set stopIndex = 16
2019-08-12 04:09:31,124 INFO  impl.FollowerInfo (FollowerInfo.java:lambda$new$0(50)) - 00b241ce-6529-4fc4-82dd-26815ed218ff->d8af83b5-b38a-44c4-acce-62c46298d170: nextIndex: updateUnconditionally 17 -> 16
2019-08-12 04:09:31,124 INFO  impl.FollowerInfo (FollowerInfo.java:lambda$new$0(50)) - 00b241ce-6529-4fc4-82dd-26815ed218ff->5f43b17a-624c-455b-ac70-d237e935916e: nextIndex: updateUnconditionally 17 -> 16
2019-08-12 04:09:31,123 INFO  segmented.SegmentedRaftLogWorker (SegmentedRaftLogWorker.java:run(313)) - 2b0b4dad-071d-4827-b470-0b27b510987a-SegmentedRaftLogWorker:Storage Directory /workdir/hadoop-ozone/integration-test/target/test-dir/MiniOzoneClusterImpl-8ab67caf-427a-4247-bc98-713520941bc9/datanode-1/data/ratis/79173478-a9a6-40a5-9739-c3ce133a16c2 was interrupted, exiting. There are 0 tasks remaining in the queue.
2019-08-12 04:09:31,130 INFO  segmented.SegmentedRaftLogWorker (SegmentedRaftLogWorker.java:close(228)) - 2b0b4dad-071d-4827-b470-0b27b510987a-SegmentedRaftLogWorker:Storage Directory /workdir/hadoop-ozone/integration-test/target/test-dir/MiniOzoneClusterImpl-8ab67caf-427a-4247-bc98-713520941bc9/datanode-1/data/ratis/79173478-a9a6-40a5-9739-c3ce133a16c2 close()
2019-08-12 04:09:31,134 INFO  impl.RaftServerImpl (RaftServerImpl.java:lambda$shutdown$3(245)) - 2b0b4dad-071d-4827-b470-0b27b510987a: shutdown group-7B00B7597C68
2019-08-12 04:09:31,134 INFO  util.JmxRegister (JmxRegister.java:unregister(73)) - Successfully un-registered JMX Bean with object name Ratis:service=RaftServer,group=group-7B00B7597C68,id=2b0b4dad-071d-4827-b470-0b27b510987a
2019-08-12 04:09:31,135 INFO  impl.RoleInfo (RoleInfo.java:shutdownLeaderState(104)) - 2b0b4dad-071d-4827-b470-0b27b510987a: shutdown LeaderState
2019-08-12 04:09:31,135 INFO  impl.PendingRequests (PendingRequests.java:sendNotLeaderResponses(202)) - 2b0b4dad-071d-4827-b470-0b27b510987a-PendingRequests: sendNotLeaderResponses
2019-08-12 04:09:31,135 INFO  impl.StateMachineUpdater (StateMachineUpdater.java:stopAndJoin(115)) - StateMachineUpdater:2b0b4dad-071d-4827-b470-0b27b510987a:group-7B00B7597C68: set stopIndex = 0
2019-08-12 04:09:31,136 INFO  impl.RaftServerImpl (ServerState.java:close(394)) - 2b0b4dad-071d-4827-b470-0b27b510987a:group-7B00B7597C68 closes. The last applied log index is 0
2019-08-12 04:09:31,136 INFO  segmented.SegmentedRaftLogWorker (SegmentedRaftLogWorker.java:run(313)) - 2b0b4dad-071d-4827-b470-0b27b510987a-SegmentedRaftLogWorker:Storage Directory /workdir/hadoop-ozone/integration-test/target/test-dir/MiniOzoneClusterImpl-8ab67caf-427a-4247-bc98-713520941bc9/datanode-1/data/ratis/4e65e228-6f22-4125-88bc-7b00b7597c68 was interrupted, exiting. There are 0 tasks remaining in the queue.
2019-08-12 04:09:31,138 INFO  ratis.ContainerStateMachine (ContainerStateMachine.java:takeSnapshot(273)) - group-830E9DED769E: Finished taking a snapshot at:(t:2, i:14) file:/workdir/hadoop-ozone/integration-test/target/test-dir/MiniOzoneClusterImpl-8ab67caf-427a-4247-bc98-713520941bc9/datanode-4/data/ratis/00797c47-3779-4abf-8449-830e9ded769e/sm/snapshot.2_14 time:16
2019-08-12 04:09:31,138 INFO  segmented.SegmentedRaftLogWorker (SegmentedRaftLogWorker.java:close(228)) - 2b0b4dad-071d-4827-b470-0b27b510987a-SegmentedRaftLogWorker:Storage Directory /workdir/hadoop-ozone/integration-test/target/test-dir/MiniOzoneClusterImpl-8ab67caf-427a-4247-bc98-713520941bc9/datanode-1/data/ratis/4e65e228-6f22-4125-88bc-7b00b7597c68 close()
2019-08-12 04:09:31,138 INFO  impl.StateMachineUpdater (StateMachineUpdater.java:takeSnapshot(242)) - StateMachineUpdater:00b241ce-6529-4fc4-82dd-26815ed218ff:group-830E9DED769E: Took a snapshot at index 14
2019-08-12 04:09:31,143 INFO  impl.StateMachineUpdater (StateMachineUpdater.java:lambda$new$0(80)) - StateMachineUpdater:00b241ce-6529-4fc4-82dd-26815ed218ff:group-830E9DED769E: snapshotIndex: updateIncreasingly -1 -> 14
2019-08-12 04:09:31,143 INFO  impl.RaftServerImpl (RaftServerImpl.java:lambda$shutdown$3(245)) - 2b0b4dad-071d-4827-b470-0b27b510987a: shutdown group-8D4F2FF480C4
2019-08-12 04:09:31,143 INFO  impl.RaftServerImpl (ServerState.java:close(394)) - 00b241ce-6529-4fc4-82dd-26815ed218ff:group-830E9DED769E closes. The last applied log index is 16
2019-08-12 04:09:31,143 INFO  util.JmxRegister (JmxRegister.java:unregister(73)) - Successfully un-registered JMX Bean with object name Ratis:service=RaftServer,group=group-8D4F2FF480C4,id=2b0b4dad-071d-4827-b470-0b27b510987a
2019-08-12 04:09:31,144 INFO  segmented.SegmentedRaftLogWorker (SegmentedRaftLogWorker.java:run(313)) - 00b241ce-6529-4fc4-82dd-26815ed218ff-SegmentedRaftLogWorker:Storage Directory /workdir/hadoop-ozone/integration-test/target/test-dir/MiniOzoneClusterImpl-8ab67caf-427a-4247-bc98-713520941bc9/datanode-4/data/ratis/00797c47-3779-4abf-8449-830e9ded769e was interrupted, exiting. There are 0 tasks remaining in the queue.
2019-08-12 04:09:31,144 INFO  impl.RoleInfo (RoleInfo.java:shutdownFollowerState(121)) - 2b0b4dad-071d-4827-b470-0b27b510987a: shutdown FollowerState
2019-08-12 04:09:31,146 INFO  segmented.SegmentedRaftLogWorker (SegmentedRaftLogWorker.java:close(228)) - 00b241ce-6529-4fc4-82dd-26815ed218ff-SegmentedRaftLogWorker:Storage Directory /workdir/hadoop-ozone/integration-test/target/test-dir/MiniOzoneClusterImpl-8ab67caf-427a-4247-bc98-713520941bc9/datanode-4/data/ratis/00797c47-3779-4abf-8449-830e9ded769e close()
2019-08-12 04:09:31,146 INFO  impl.FollowerState (FollowerState.java:run(114)) - 2b0b4dad-071d-4827-b470-0b27b510987a: FollowerState was interrupted: java.lang.InterruptedException: sleep interrupted
2019-08-12 04:09:31,146 INFO  ratis.ContainerStateMachine (ContainerStateMachine.java:takeSnapshot(262)) - group-8D4F2FF480C4: Taking a snapshot at:(t:1, i:3) file /workdir/hadoop-ozone/integration-test/target/test-dir/MiniOzoneClusterImpl-8ab67caf-427a-4247-bc98-713520941bc9/datanode-1/data/ratis/ce1337fb-a544-47b0-b01c-8d4f2ff480c4/sm/snapshot.1_3
2019-08-12 04:09:31,146 INFO  impl.StateMachineUpdater (StateMachineUpdater.java:stopAndJoin(115)) - StateMachineUpdater:2b0b4dad-071d-4827-b470-0b27b510987a:group-8D4F2FF480C4: set stopIndex = 4
2019-08-12 04:09:31,150 INFO  server.GrpcService (GrpcService.java:closeImpl(155)) - 00b241ce-6529-4fc4-82dd-26815ed218ff: shutdown server with port 39683 now
2019-08-12 04:09:31,154 WARN  client.GrpcClientProtocolService (LogUtils.java:warn(134)) - 1-UnorderedRequestStreamObserver1: onError: org.apache.ratis.thirdparty.io.grpc.StatusRuntimeException: CANCELLED: cancelled before receiving half close
2019-08-12 04:09:31,154 INFO  server.GrpcService (GrpcService.java:closeImpl(163)) - 00b241ce-6529-4fc4-82dd-26815ed218ff: shutdown server with port 39683 successfully
2019-08-12 04:09:31,160 INFO  utils.BackgroundService (BackgroundService.java:shutdown(148)) - Shutting down service BlockDeletingService
2019-08-12 04:09:31,162 WARN  fs.CachingGetSpaceUsed (CachingGetSpaceUsed.java:run(183)) - Thread Interrupted waiting to refresh disk information: sleep interrupted
2019-08-12 04:09:31,165 INFO  ratis.ContainerStateMachine (ContainerStateMachine.java:takeSnapshot(273)) - group-8D4F2FF480C4: Finished taking a snapshot at:(t:1, i:3) file:/workdir/hadoop-ozone/integration-test/target/test-dir/MiniOzoneClusterImpl-8ab67caf-427a-4247-bc98-713520941bc9/datanode-1/data/ratis/ce1337fb-a544-47b0-b01c-8d4f2ff480c4/sm/snapshot.1_3 time:18
2019-08-12 04:09:31,165 INFO  impl.StateMachineUpdater (StateMachineUpdater.java:takeSnapshot(242)) - StateMachineUpdater:2b0b4dad-071d-4827-b470-0b27b510987a:group-8D4F2FF480C4: Took a snapshot at index 3
2019-08-12 04:09:31,165 INFO  impl.StateMachineUpdater (StateMachineUpdater.java:lambda$new$0(80)) - StateMachineUpdater:2b0b4dad-071d-4827-b470-0b27b510987a:group-8D4F2FF480C4: snapshotIndex: updateIncreasingly -1 -> 3
2019-08-12 04:09:31,165 INFO  impl.RaftServerImpl (ServerState.java:close(394)) - 2b0b4dad-071d-4827-b470-0b27b510987a:group-8D4F2FF480C4 closes. The last applied log index is 4
2019-08-12 04:09:31,166 INFO  segmented.SegmentedRaftLogWorker (SegmentedRaftLogWorker.java:run(313)) - 2b0b4dad-071d-4827-b470-0b27b510987a-SegmentedRaftLogWorker:Storage Directory /workdir/hadoop-ozone/integration-test/target/test-dir/MiniOzoneClusterImpl-8ab67caf-427a-4247-bc98-713520941bc9/datanode-1/data/ratis/ce1337fb-a544-47b0-b01c-8d4f2ff480c4 was interrupted, exiting. There are 0 tasks remaining in the queue.
2019-08-12 04:09:31,168 INFO  segmented.SegmentedRaftLogWorker (SegmentedRaftLogWorker.java:close(228)) - 2b0b4dad-071d-4827-b470-0b27b510987a-SegmentedRaftLogWorker:Storage Directory /workdir/hadoop-ozone/integration-test/target/test-dir/MiniOzoneClusterImpl-8ab67caf-427a-4247-bc98-713520941bc9/datanode-1/data/ratis/ce1337fb-a544-47b0-b01c-8d4f2ff480c4 close()
2019-08-12 04:09:31,172 INFO  server.GrpcService (GrpcService.java:closeImpl(155)) - 2b0b4dad-071d-4827-b470-0b27b510987a: shutdown server with port 40875 now
2019-08-12 04:09:31,173 WARN  server.GrpcServerProtocolService (LogUtils.java:warn(134)) - 2b0b4dad-071d-4827-b470-0b27b510987a: appendEntries onError: org.apache.ratis.thirdparty.io.grpc.StatusRuntimeException: CANCELLED: cancelled before receiving half close
2019-08-12 04:09:31,173 INFO  server.GrpcService (GrpcService.java:closeImpl(163)) - 2b0b4dad-071d-4827-b470-0b27b510987a: shutdown server with port 40875 successfully
2019-08-12 04:09:31,173 WARN  server.GrpcLogAppender (LogUtils.java:warn(134)) - feed998e-786d-42b1-b0ed-1d0664f297ba->2b0b4dad-071d-4827-b470-0b27b510987a: Failed appendEntries: org.apache.ratis.thirdparty.io.grpc.StatusRuntimeException: CANCELLED: HTTP/2 error code: CANCEL
Received Rst Stream
2019-08-12 04:09:31,173 WARN  server.GrpcLogAppender (LogUtils.java:warn(134)) - feed998e-786d-42b1-b0ed-1d0664f297ba->2b0b4dad-071d-4827-b470-0b27b510987a: Failed appendEntries: org.apache.ratis.thirdparty.io.grpc.StatusRuntimeException: CANCELLED: HTTP/2 error code: CANCEL
Received Rst Stream
2019-08-12 04:09:31,173 WARN  server.GrpcServerProtocolService (LogUtils.java:warn(134)) - 2b0b4dad-071d-4827-b470-0b27b510987a: appendEntries onError: org.apache.ratis.thirdparty.io.grpc.StatusRuntimeException: CANCELLED: cancelled before receiving half close
2019-08-12 04:09:31,174 INFO  impl.FollowerInfo (FollowerInfo.java:lambda$new$0(50)) - feed998e-786d-42b1-b0ed-1d0664f297ba->2b0b4dad-071d-4827-b470-0b27b510987a: nextIndex: updateUnconditionally 18 -> 17
2019-08-12 04:09:31,174 INFO  impl.FollowerInfo (FollowerInfo.java:lambda$new$0(50)) - feed998e-786d-42b1-b0ed-1d0664f297ba->2b0b4dad-071d-4827-b470-0b27b510987a: nextIndex: updateUnconditionally 5 -> 4
2019-08-12 04:09:31,175 INFO  utils.BackgroundService (BackgroundService.java:shutdown(148)) - Shutting down service BlockDeletingService
2019-08-12 04:09:31,177 WARN  fs.CachingGetSpaceUsed (CachingGetSpaceUsed.java:run(183)) - Thread Interrupted waiting to refresh disk information: sleep interrupted
2019-08-12 04:09:31,191 INFO  statemachine.DatanodeStateMachine (DatanodeStateMachine.java:stopDaemon(395)) - Ozone container server stopped.
2019-08-12 04:09:31,192 INFO  handler.ContextHandler (ContextHandler.java:doStop(910)) - Stopped o.e.j.w.WebAppContext@32180efb{/,null,UNAVAILABLE}{/hddsDatanode}
2019-08-12 04:09:31,193 INFO  server.AbstractConnector (AbstractConnector.java:doStop(318)) - Stopped ServerConnector@20ed6de{HTTP/1.1,[http/1.1]}{0.0.0.0:0}
2019-08-12 04:09:31,194 INFO  handler.ContextHandler (ContextHandler.java:doStop(910)) - Stopped o.e.j.s.ServletContextHandler@2d036335{/static,jar:file:/home/user/.m2/repository/org/apache/hadoop/hadoop-hdds-container-service/0.4.1-SNAPSHOT/hadoop-hdds-container-service-0.4.1-SNAPSHOT.jar!/webapps/static,UNAVAILABLE}
2019-08-12 04:09:31,194 INFO  handler.ContextHandler (ContextHandler.java:doStop(910)) - Stopped o.e.j.s.ServletContextHandler@c53c04e{/logs,file:///workdir/hadoop-ozone/integration-test/target/log,UNAVAILABLE}
2019-08-12 04:09:31,195 INFO  datanode.ObjectStoreHandler (ObjectStoreHandler.java:close(155)) - Closing ObjectStoreHandler.
2019-08-12 04:09:31,196 INFO  ozone.HddsDatanodeService (HddsDatanodeService.java:stop(451)) - Stopped plug-in org.apache.hadoop.ozone.web.OzoneHddsDatanodeService@300b839c
2019-08-12 04:09:31,203 INFO  statemachine.DatanodeStateMachine (DatanodeStateMachine.java:stopDaemon(395)) - Ozone container server stopped.
2019-08-12 04:09:31,209 INFO  handler.ContextHandler (ContextHandler.java:doStop(910)) - Stopped o.e.j.w.WebAppContext@54351197{/,null,UNAVAILABLE}{/hddsDatanode}
2019-08-12 04:09:31,209 INFO  server.AbstractConnector (AbstractConnector.java:doStop(318)) - Stopped ServerConnector@144fc5fa{HTTP/1.1,[http/1.1]}{0.0.0.0:0}
2019-08-12 04:09:31,211 INFO  handler.ContextHandler (ContextHandler.java:doStop(910)) - Stopped o.e.j.s.ServletContextHandler@45398bb0{/static,jar:file:/home/user/.m2/repository/org/apache/hadoop/hadoop-hdds-container-service/0.4.1-SNAPSHOT/hadoop-hdds-container-service-0.4.1-SNAPSHOT.jar!/webapps/static,UNAVAILABLE}
2019-08-12 04:09:31,213 INFO  handler.ContextHandler (ContextHandler.java:doStop(910)) - Stopped o.e.j.s.ServletContextHandler@feb57b4{/logs,file:///workdir/hadoop-ozone/integration-test/target/log,UNAVAILABLE}
2019-08-12 04:09:31,214 INFO  datanode.ObjectStoreHandler (ObjectStoreHandler.java:close(155)) - Closing ObjectStoreHandler.
2019-08-12 04:09:31,214 INFO  ozone.HddsDatanodeService (HddsDatanodeService.java:stop(451)) - Stopped plug-in org.apache.hadoop.ozone.web.OzoneHddsDatanodeService@78626209
2019-08-12 04:09:31,489 INFO  statemachine.DatanodeStateMachine (DatanodeStateMachine.java:lambda$startDaemon$0(350)) - Ozone container server started.
2019-08-12 04:09:31,549 WARN  server.GrpcLogAppender (LogUtils.java:warn(134)) - feed998e-786d-42b1-b0ed-1d0664f297ba->47758c02-75a0-4e19-bf34-38cb8350cc70: Failed appendEntries: org.apache.ratis.thirdparty.io.grpc.StatusRuntimeException: UNAVAILABLE: io exception
2019-08-12 04:09:31,550 INFO  impl.FollowerInfo (FollowerInfo.java:lambda$new$0(50)) - feed998e-786d-42b1-b0ed-1d0664f297ba->47758c02-75a0-4e19-bf34-38cb8350cc70: nextIndex: updateUnconditionally 0 -> 0
2019-08-12 04:09:31,556 WARN  server.GrpcLogAppender (LogUtils.java:warn(134)) - feed998e-786d-42b1-b0ed-1d0664f297ba->2b0b4dad-071d-4827-b470-0b27b510987a: Failed appendEntries: org.apache.ratis.thirdparty.io.grpc.StatusRuntimeException: UNAVAILABLE: io exception
2019-08-12 04:09:31,557 INFO  impl.FollowerInfo (FollowerInfo.java:lambda$new$0(50)) - feed998e-786d-42b1-b0ed-1d0664f297ba->2b0b4dad-071d-4827-b470-0b27b510987a: nextIndex: updateUnconditionally 17 -> 16
2019-08-12 04:09:31,983 INFO  statemachine.DatanodeStateMachine (DatanodeStateMachine.java:lambda$startDaemon$0(350)) - Ozone container server started.
2019-08-12 04:09:33,529 WARN  server.GrpcLogAppender (LogUtils.java:warn(134)) - feed998e-786d-42b1-b0ed-1d0664f297ba->2b0b4dad-071d-4827-b470-0b27b510987a: Failed appendEntries: org.apache.ratis.thirdparty.io.grpc.StatusRuntimeException: UNAVAILABLE: io exception
2019-08-12 04:09:33,529 INFO  impl.FollowerInfo (FollowerInfo.java:lambda$new$0(50)) - feed998e-786d-42b1-b0ed-1d0664f297ba->2b0b4dad-071d-4827-b470-0b27b510987a: nextIndex: updateUnconditionally 4 -> 3
2019-08-12 04:09:34,049 WARN  server.GrpcLogAppender (LogUtils.java:warn(134)) - feed998e-786d-42b1-b0ed-1d0664f297ba->47758c02-75a0-4e19-bf34-38cb8350cc70: Failed appendEntries: org.apache.ratis.thirdparty.io.grpc.StatusRuntimeException: UNAVAILABLE: io exception
2019-08-12 04:09:34,049 INFO  impl.FollowerInfo (FollowerInfo.java:lambda$new$0(50)) - feed998e-786d-42b1-b0ed-1d0664f297ba->47758c02-75a0-4e19-bf34-38cb8350cc70: nextIndex: updateUnconditionally 0 -> 0
2019-08-12 04:09:34,056 WARN  server.GrpcLogAppender (LogUtils.java:warn(134)) - feed998e-786d-42b1-b0ed-1d0664f297ba->2b0b4dad-071d-4827-b470-0b27b510987a: Failed appendEntries: org.apache.ratis.thirdparty.io.grpc.StatusRuntimeException: UNAVAILABLE: io exception
2019-08-12 04:09:34,057 INFO  impl.FollowerInfo (FollowerInfo.java:lambda$new$0(50)) - feed998e-786d-42b1-b0ed-1d0664f297ba->2b0b4dad-071d-4827-b470-0b27b510987a: nextIndex: updateUnconditionally 16 -> 15
2019-08-12 04:09:35,531 INFO  node.StaleNodeHandler (StaleNodeHandler.java:onMessage(58)) - Datanode 5f43b17a-624c-455b-ac70-d237e935916e{ip: 192.168.157.230, host: byscane-nightly-pnj9f-4033720222, networkLocation: /default-rack, certSerialId: null} moved to stale state. Finalizing its pipelines [PipelineID=3a71eb07-4820-4aa1-a53f-f3389391a199, PipelineID=00797c47-3779-4abf-8449-830e9ded769e]
2019-08-12 04:09:35,532 INFO  pipeline.SCMPipelineManager (SCMPipelineManager.java:finalizeAndDestroyPipeline(309)) - destroying pipeline:Pipeline[ Id: 3a71eb07-4820-4aa1-a53f-f3389391a199, Nodes: 5f43b17a-624c-455b-ac70-d237e935916e{ip: 192.168.157.230, host: byscane-nightly-pnj9f-4033720222, networkLocation: /default-rack, certSerialId: null}, Type:RATIS, Factor:ONE, State:OPEN]
2019-08-12 04:09:35,532 INFO  pipeline.PipelineStateManager (PipelineStateManager.java:finalizePipeline(123)) - Pipeline Pipeline[ Id: 3a71eb07-4820-4aa1-a53f-f3389391a199, Nodes: 5f43b17a-624c-455b-ac70-d237e935916e{ip: 192.168.157.230, host: byscane-nightly-pnj9f-4033720222, networkLocation: /default-rack, certSerialId: null}, Type:RATIS, Factor:ONE, State:CLOSED] moved to CLOSED state
2019-08-12 04:09:35,532 INFO  pipeline.SCMPipelineManager (SCMPipelineManager.java:finalizeAndDestroyPipeline(309)) - destroying pipeline:Pipeline[ Id: 00797c47-3779-4abf-8449-830e9ded769e, Nodes: 00b241ce-6529-4fc4-82dd-26815ed218ff{ip: 192.168.157.230, host: byscane-nightly-pnj9f-4033720222, networkLocation: /default-rack, certSerialId: null}5f43b17a-624c-455b-ac70-d237e935916e{ip: 192.168.157.230, host: byscane-nightly-pnj9f-4033720222, networkLocation: /default-rack, certSerialId: null}d8af83b5-b38a-44c4-acce-62c46298d170{ip: 192.168.157.230, host: byscane-nightly-pnj9f-4033720222, networkLocation: /default-rack, certSerialId: null}, Type:RATIS, Factor:THREE, State:CLOSED]
2019-08-12 04:09:36,028 WARN  server.GrpcLogAppender (LogUtils.java:warn(134)) - feed998e-786d-42b1-b0ed-1d0664f297ba->2b0b4dad-071d-4827-b470-0b27b510987a: Failed appendEntries: org.apache.ratis.thirdparty.io.grpc.StatusRuntimeException: UNAVAILABLE: io exception
2019-08-12 04:09:36,029 INFO  impl.FollowerInfo (FollowerInfo.java:lambda$new$0(50)) - feed998e-786d-42b1-b0ed-1d0664f297ba->2b0b4dad-071d-4827-b470-0b27b510987a: nextIndex: updateUnconditionally 3 -> 2
2019-08-12 04:09:36,032 INFO  node.StaleNodeHandler (StaleNodeHandler.java:onMessage(58)) - Datanode feed998e-786d-42b1-b0ed-1d0664f297ba{ip: 192.168.157.230, host: byscane-nightly-pnj9f-4033720222, networkLocation: /default-rack, certSerialId: null} moved to stale state. Finalizing its pipelines [PipelineID=79173478-a9a6-40a5-9739-c3ce133a16c2, PipelineID=dafb20c8-75cb-4db8-92cc-607ffd7198be, PipelineID=ce1337fb-a544-47b0-b01c-8d4f2ff480c4]
2019-08-12 04:09:36,032 INFO  pipeline.SCMPipelineManager (SCMPipelineManager.java:finalizeAndDestroyPipeline(309)) - destroying pipeline:Pipeline[ Id: 79173478-a9a6-40a5-9739-c3ce133a16c2, Nodes: 47758c02-75a0-4e19-bf34-38cb8350cc70{ip: 192.168.157.230, host: byscane-nightly-pnj9f-4033720222, networkLocation: /default-rack, certSerialId: null}2b0b4dad-071d-4827-b470-0b27b510987a{ip: 192.168.157.230, host: byscane-nightly-pnj9f-4033720222, networkLocation: /default-rack, certSerialId: null}feed998e-786d-42b1-b0ed-1d0664f297ba{ip: 192.168.157.230, host: byscane-nightly-pnj9f-4033720222, networkLocation: /default-rack, certSerialId: null}, Type:RATIS, Factor:THREE, State:CLOSED]
2019-08-12 04:09:36,032 INFO  pipeline.SCMPipelineManager (SCMPipelineManager.java:finalizeAndDestroyPipeline(309)) - destroying pipeline:Pipeline[ Id: dafb20c8-75cb-4db8-92cc-607ffd7198be, Nodes: feed998e-786d-42b1-b0ed-1d0664f297ba{ip: 192.168.157.230, host: byscane-nightly-pnj9f-4033720222, networkLocation: /default-rack, certSerialId: null}, Type:RATIS, Factor:ONE, State:OPEN]
2019-08-12 04:09:36,032 INFO  pipeline.PipelineStateManager (PipelineStateManager.java:finalizePipeline(123)) - Pipeline Pipeline[ Id: dafb20c8-75cb-4db8-92cc-607ffd7198be, Nodes: feed998e-786d-42b1-b0ed-1d0664f297ba{ip: 192.168.157.230, host: byscane-nightly-pnj9f-4033720222, networkLocation: /default-rack, certSerialId: null}, Type:RATIS, Factor:ONE, State:CLOSED] moved to CLOSED state
2019-08-12 04:09:36,032 INFO  pipeline.SCMPipelineManager (SCMPipelineManager.java:finalizeAndDestroyPipeline(309)) - destroying pipeline:Pipeline[ Id: ce1337fb-a544-47b0-b01c-8d4f2ff480c4, Nodes: 2b0b4dad-071d-4827-b470-0b27b510987a{ip: 192.168.157.230, host: byscane-nightly-pnj9f-4033720222, networkLocation: /default-rack, certSerialId: null}6762e180-8cde-4855-9221-afd7dc52c267{ip: 192.168.157.230, host: byscane-nightly-pnj9f-4033720222, networkLocation: /default-rack, certSerialId: null}feed998e-786d-42b1-b0ed-1d0664f297ba{ip: 192.168.157.230, host: byscane-nightly-pnj9f-4033720222, networkLocation: /default-rack, certSerialId: null}, Type:RATIS, Factor:THREE, State:CLOSED]
2019-08-12 04:09:36,196 INFO  ozoneimpl.OzoneContainer (OzoneContainer.java:stop(199)) - Attempting to stop container services.
2019-08-12 04:09:36,197 INFO  impl.RaftServerProxy (RaftServerProxy.java:lambda$close$4(314)) - 5f43b17a-624c-455b-ac70-d237e935916e: close
2019-08-12 04:09:36,197 INFO  impl.RaftServerImpl (RaftServerImpl.java:lambda$shutdown$3(245)) - 5f43b17a-624c-455b-ac70-d237e935916e: shutdown group-F3389391A199
2019-08-12 04:09:36,197 INFO  util.JmxRegister (JmxRegister.java:unregister(73)) - Successfully un-registered JMX Bean with object name Ratis:service=RaftServer,group=group-F3389391A199,id=5f43b17a-624c-455b-ac70-d237e935916e
2019-08-12 04:09:36,198 INFO  impl.RoleInfo (RoleInfo.java:shutdownLeaderState(104)) - 5f43b17a-624c-455b-ac70-d237e935916e: shutdown LeaderState
2019-08-12 04:09:36,198 INFO  impl.PendingRequests (PendingRequests.java:sendNotLeaderResponses(202)) - 5f43b17a-624c-455b-ac70-d237e935916e-PendingRequests: sendNotLeaderResponses
2019-08-12 04:09:36,198 INFO  impl.StateMachineUpdater (StateMachineUpdater.java:stopAndJoin(115)) - StateMachineUpdater:5f43b17a-624c-455b-ac70-d237e935916e:group-F3389391A199: set stopIndex = 0
2019-08-12 04:09:36,199 INFO  impl.RaftServerImpl (ServerState.java:close(394)) - 5f43b17a-624c-455b-ac70-d237e935916e:group-F3389391A199 closes. The last applied log index is 0
2019-08-12 04:09:36,199 INFO  segmented.SegmentedRaftLogWorker (SegmentedRaftLogWorker.java:run(313)) - 5f43b17a-624c-455b-ac70-d237e935916e-SegmentedRaftLogWorker:Storage Directory /workdir/hadoop-ozone/integration-test/target/test-dir/MiniOzoneClusterImpl-8ab67caf-427a-4247-bc98-713520941bc9/datanode-3/data/ratis/3a71eb07-4820-4aa1-a53f-f3389391a199 was interrupted, exiting. There are 0 tasks remaining in the queue.
2019-08-12 04:09:36,201 INFO  segmented.SegmentedRaftLogWorker (SegmentedRaftLogWorker.java:close(228)) - 5f43b17a-624c-455b-ac70-d237e935916e-SegmentedRaftLogWorker:Storage Directory /workdir/hadoop-ozone/integration-test/target/test-dir/MiniOzoneClusterImpl-8ab67caf-427a-4247-bc98-713520941bc9/datanode-3/data/ratis/3a71eb07-4820-4aa1-a53f-f3389391a199 close()
2019-08-12 04:09:36,204 INFO  impl.RaftServerImpl (RaftServerImpl.java:lambda$shutdown$3(245)) - 5f43b17a-624c-455b-ac70-d237e935916e: shutdown group-830E9DED769E
2019-08-12 04:09:36,204 INFO  util.JmxRegister (JmxRegister.java:unregister(73)) - Successfully un-registered JMX Bean with object name Ratis:service=RaftServer,group=group-830E9DED769E,id=5f43b17a-624c-455b-ac70-d237e935916e
2019-08-12 04:09:36,205 INFO  impl.RoleInfo (RoleInfo.java:shutdownFollowerState(121)) - 5f43b17a-624c-455b-ac70-d237e935916e: shutdown FollowerState
2019-08-12 04:09:36,205 INFO  impl.StateMachineUpdater (StateMachineUpdater.java:stopAndJoin(115)) - StateMachineUpdater:5f43b17a-624c-455b-ac70-d237e935916e:group-830E9DED769E: set stopIndex = 16
2019-08-12 04:09:36,205 INFO  impl.FollowerState (FollowerState.java:run(114)) - 5f43b17a-624c-455b-ac70-d237e935916e: FollowerState was interrupted: java.lang.InterruptedException: sleep interrupted
2019-08-12 04:09:36,205 INFO  ratis.ContainerStateMachine (ContainerStateMachine.java:takeSnapshot(262)) - group-830E9DED769E: Taking a snapshot at:(t:2, i:16) file /workdir/hadoop-ozone/integration-test/target/test-dir/MiniOzoneClusterImpl-8ab67caf-427a-4247-bc98-713520941bc9/datanode-3/data/ratis/00797c47-3779-4abf-8449-830e9ded769e/sm/snapshot.2_16
2019-08-12 04:09:36,215 INFO  ozoneimpl.OzoneContainer (OzoneContainer.java:stop(199)) - Attempting to stop container services.
2019-08-12 04:09:36,215 INFO  impl.RaftServerProxy (RaftServerProxy.java:lambda$close$4(314)) - feed998e-786d-42b1-b0ed-1d0664f297ba: close
2019-08-12 04:09:36,215 INFO  impl.RaftServerImpl (RaftServerImpl.java:lambda$shutdown$3(245)) - feed998e-786d-42b1-b0ed-1d0664f297ba: shutdown group-C3CE133A16C2
2019-08-12 04:09:36,215 INFO  util.JmxRegister (JmxRegister.java:unregister(73)) - Successfully un-registered JMX Bean with object name Ratis:service=RaftServer,group=group-C3CE133A16C2,id=feed998e-786d-42b1-b0ed-1d0664f297ba
2019-08-12 04:09:36,216 INFO  impl.RoleInfo (RoleInfo.java:shutdownLeaderState(104)) - feed998e-786d-42b1-b0ed-1d0664f297ba: shutdown LeaderState
2019-08-12 04:09:36,219 WARN  server.GrpcLogAppender (GrpcLogAppender.java:mayWait(143)) - GrpcLogAppender(feed998e-786d-42b1-b0ed-1d0664f297ba->47758c02-75a0-4e19-bf34-38cb8350cc70): Wait interrupted by java.lang.InterruptedException
2019-08-12 04:09:36,219 INFO  impl.PendingRequests (PendingRequests.java:sendNotLeaderResponses(202)) - feed998e-786d-42b1-b0ed-1d0664f297ba-PendingRequests: sendNotLeaderResponses
2019-08-12 04:09:36,219 WARN  server.GrpcLogAppender (GrpcLogAppender.java:mayWait(143)) - GrpcLogAppender(feed998e-786d-42b1-b0ed-1d0664f297ba->2b0b4dad-071d-4827-b470-0b27b510987a): Wait interrupted by java.lang.InterruptedException
2019-08-12 04:09:36,219 INFO  ratis.ContainerStateMachine (ContainerStateMachine.java:takeSnapshot(273)) - group-830E9DED769E: Finished taking a snapshot at:(t:2, i:16) file:/workdir/hadoop-ozone/integration-test/target/test-dir/MiniOzoneClusterImpl-8ab67caf-427a-4247-bc98-713520941bc9/datanode-3/data/ratis/00797c47-3779-4abf-8449-830e9ded769e/sm/snapshot.2_16 time:14
2019-08-12 04:09:36,221 INFO  impl.StateMachineUpdater (StateMachineUpdater.java:takeSnapshot(242)) - StateMachineUpdater:5f43b17a-624c-455b-ac70-d237e935916e:group-830E9DED769E: Took a snapshot at index 16
2019-08-12 04:09:36,221 INFO  impl.StateMachineUpdater (StateMachineUpdater.java:lambda$new$0(80)) - StateMachineUpdater:5f43b17a-624c-455b-ac70-d237e935916e:group-830E9DED769E: snapshotIndex: updateIncreasingly -1 -> 16
2019-08-12 04:09:36,221 INFO  impl.StateMachineUpdater (StateMachineUpdater.java:stopAndJoin(115)) - StateMachineUpdater:feed998e-786d-42b1-b0ed-1d0664f297ba:group-C3CE133A16C2: set stopIndex = 17
2019-08-12 04:09:36,221 INFO  impl.RaftServerImpl (ServerState.java:close(394)) - 5f43b17a-624c-455b-ac70-d237e935916e:group-830E9DED769E closes. The last applied log index is 16
2019-08-12 04:09:36,221 INFO  ratis.ContainerStateMachine (ContainerStateMachine.java:takeSnapshot(262)) - group-C3CE133A16C2: Taking a snapshot at:(t:1, i:13) file /workdir/hadoop-ozone/integration-test/target/test-dir/MiniOzoneClusterImpl-8ab67caf-427a-4247-bc98-713520941bc9/datanode-2/data/ratis/79173478-a9a6-40a5-9739-c3ce133a16c2/sm/snapshot.1_13
2019-08-12 04:09:36,222 INFO  segmented.SegmentedRaftLogWorker (SegmentedRaftLogWorker.java:run(313)) - 5f43b17a-624c-455b-ac70-d237e935916e-SegmentedRaftLogWorker:Storage Directory /workdir/hadoop-ozone/integration-test/target/test-dir/MiniOzoneClusterImpl-8ab67caf-427a-4247-bc98-713520941bc9/datanode-3/data/ratis/00797c47-3779-4abf-8449-830e9ded769e was interrupted, exiting. There are 0 tasks remaining in the queue.
2019-08-12 04:09:36,224 INFO  segmented.SegmentedRaftLogWorker (SegmentedRaftLogWorker.java:close(228)) - 5f43b17a-624c-455b-ac70-d237e935916e-SegmentedRaftLogWorker:Storage Directory /workdir/hadoop-ozone/integration-test/target/test-dir/MiniOzoneClusterImpl-8ab67caf-427a-4247-bc98-713520941bc9/datanode-3/data/ratis/00797c47-3779-4abf-8449-830e9ded769e close()
2019-08-12 04:09:36,227 INFO  server.GrpcService (GrpcService.java:closeImpl(155)) - 5f43b17a-624c-455b-ac70-d237e935916e: shutdown server with port 35747 now
2019-08-12 04:09:36,228 INFO  server.GrpcService (GrpcService.java:closeImpl(163)) - 5f43b17a-624c-455b-ac70-d237e935916e: shutdown server with port 35747 successfully
2019-08-12 04:09:36,229 INFO  utils.BackgroundService (BackgroundService.java:shutdown(148)) - Shutting down service BlockDeletingService
2019-08-12 04:09:36,230 WARN  fs.CachingGetSpaceUsed (CachingGetSpaceUsed.java:run(183)) - Thread Interrupted waiting to refresh disk information: sleep interrupted
2019-08-12 04:09:36,235 INFO  ratis.ContainerStateMachine (ContainerStateMachine.java:takeSnapshot(273)) - group-C3CE133A16C2: Finished taking a snapshot at:(t:1, i:13) file:/workdir/hadoop-ozone/integration-test/target/test-dir/MiniOzoneClusterImpl-8ab67caf-427a-4247-bc98-713520941bc9/datanode-2/data/ratis/79173478-a9a6-40a5-9739-c3ce133a16c2/sm/snapshot.1_13 time:13
2019-08-12 04:09:36,235 INFO  impl.StateMachineUpdater (StateMachineUpdater.java:takeSnapshot(242)) - StateMachineUpdater:feed998e-786d-42b1-b0ed-1d0664f297ba:group-C3CE133A16C2: Took a snapshot at index 13
2019-08-12 04:09:36,235 INFO  impl.StateMachineUpdater (StateMachineUpdater.java:lambda$new$0(80)) - StateMachineUpdater:feed998e-786d-42b1-b0ed-1d0664f297ba:group-C3CE133A16C2: snapshotIndex: updateIncreasingly -1 -> 13
2019-08-12 04:09:36,235 INFO  impl.RaftServerImpl (ServerState.java:close(394)) - feed998e-786d-42b1-b0ed-1d0664f297ba:group-C3CE133A16C2 closes. The last applied log index is 17
2019-08-12 04:09:36,236 INFO  segmented.SegmentedRaftLogWorker (SegmentedRaftLogWorker.java:run(313)) - feed998e-786d-42b1-b0ed-1d0664f297ba-SegmentedRaftLogWorker:Storage Directory /workdir/hadoop-ozone/integration-test/target/test-dir/MiniOzoneClusterImpl-8ab67caf-427a-4247-bc98-713520941bc9/datanode-2/data/ratis/79173478-a9a6-40a5-9739-c3ce133a16c2 was interrupted, exiting. There are 0 tasks remaining in the queue.
2019-08-12 04:09:36,243 INFO  segmented.SegmentedRaftLogWorker (SegmentedRaftLogWorker.java:close(228)) - feed998e-786d-42b1-b0ed-1d0664f297ba-SegmentedRaftLogWorker:Storage Directory /workdir/hadoop-ozone/integration-test/target/test-dir/MiniOzoneClusterImpl-8ab67caf-427a-4247-bc98-713520941bc9/datanode-2/data/ratis/79173478-a9a6-40a5-9739-c3ce133a16c2 close()
2019-08-12 04:09:36,245 INFO  impl.RaftServerImpl (RaftServerImpl.java:lambda$shutdown$3(245)) - feed998e-786d-42b1-b0ed-1d0664f297ba: shutdown group-607FFD7198BE
2019-08-12 04:09:36,245 INFO  util.JmxRegister (JmxRegister.java:unregister(73)) - Successfully un-registered JMX Bean with object name Ratis:service=RaftServer,group=group-607FFD7198BE,id=feed998e-786d-42b1-b0ed-1d0664f297ba
2019-08-12 04:09:36,245 INFO  impl.RoleInfo (RoleInfo.java:shutdownLeaderState(104)) - feed998e-786d-42b1-b0ed-1d0664f297ba: shutdown LeaderState
2019-08-12 04:09:36,245 INFO  impl.PendingRequests (PendingRequests.java:sendNotLeaderResponses(202)) - feed998e-786d-42b1-b0ed-1d0664f297ba-PendingRequests: sendNotLeaderResponses
2019-08-12 04:09:36,245 INFO  impl.StateMachineUpdater (StateMachineUpdater.java:stopAndJoin(115)) - StateMachineUpdater:feed998e-786d-42b1-b0ed-1d0664f297ba:group-607FFD7198BE: set stopIndex = 0
2019-08-12 04:09:36,246 INFO  impl.RaftServerImpl (ServerState.java:close(394)) - feed998e-786d-42b1-b0ed-1d0664f297ba:group-607FFD7198BE closes. The last applied log index is 0
2019-08-12 04:09:36,246 INFO  segmented.SegmentedRaftLogWorker (SegmentedRaftLogWorker.java:run(313)) - feed998e-786d-42b1-b0ed-1d0664f297ba-SegmentedRaftLogWorker:Storage Directory /workdir/hadoop-ozone/integration-test/target/test-dir/MiniOzoneClusterImpl-8ab67caf-427a-4247-bc98-713520941bc9/datanode-2/data/ratis/dafb20c8-75cb-4db8-92cc-607ffd7198be was interrupted, exiting. There are 0 tasks remaining in the queue.
2019-08-12 04:09:36,246 INFO  segmented.SegmentedRaftLogWorker (SegmentedRaftLogWorker.java:close(228)) - feed998e-786d-42b1-b0ed-1d0664f297ba-SegmentedRaftLogWorker:Storage Directory /workdir/hadoop-ozone/integration-test/target/test-dir/MiniOzoneClusterImpl-8ab67caf-427a-4247-bc98-713520941bc9/datanode-2/data/ratis/dafb20c8-75cb-4db8-92cc-607ffd7198be close()
2019-08-12 04:09:36,247 INFO  impl.RaftServerImpl (RaftServerImpl.java:lambda$shutdown$3(245)) - feed998e-786d-42b1-b0ed-1d0664f297ba: shutdown group-8D4F2FF480C4
2019-08-12 04:09:36,248 INFO  util.JmxRegister (JmxRegister.java:unregister(73)) - Successfully un-registered JMX Bean with object name Ratis:service=RaftServer,group=group-8D4F2FF480C4,id=feed998e-786d-42b1-b0ed-1d0664f297ba
2019-08-12 04:09:36,248 INFO  impl.RoleInfo (RoleInfo.java:shutdownLeaderState(104)) - feed998e-786d-42b1-b0ed-1d0664f297ba: shutdown LeaderState
2019-08-12 04:09:36,249 WARN  server.GrpcLogAppender (GrpcLogAppender.java:mayWait(143)) - GrpcLogAppender(feed998e-786d-42b1-b0ed-1d0664f297ba->6762e180-8cde-4855-9221-afd7dc52c267): Wait interrupted by java.lang.InterruptedException
2019-08-12 04:09:36,249 WARN  server.GrpcLogAppender (GrpcLogAppender.java:mayWait(143)) - GrpcLogAppender(feed998e-786d-42b1-b0ed-1d0664f297ba->2b0b4dad-071d-4827-b470-0b27b510987a): Wait interrupted by java.lang.InterruptedException
2019-08-12 04:09:36,249 INFO  impl.PendingRequests (PendingRequests.java:sendNotLeaderResponses(202)) - feed998e-786d-42b1-b0ed-1d0664f297ba-PendingRequests: sendNotLeaderResponses
2019-08-12 04:09:36,250 INFO  server.GrpcServerProtocolService (GrpcServerProtocolService.java:onCompleted(104)) - 6762e180-8cde-4855-9221-afd7dc52c267: appendEntries completed
2019-08-12 04:09:36,254 INFO  impl.StateMachineUpdater (StateMachineUpdater.java:stopAndJoin(115)) - StateMachineUpdater:feed998e-786d-42b1-b0ed-1d0664f297ba:group-8D4F2FF480C4: set stopIndex = 4
2019-08-12 04:09:36,254 INFO  ratis.ContainerStateMachine (ContainerStateMachine.java:takeSnapshot(262)) - group-8D4F2FF480C4: Taking a snapshot at:(t:1, i:4) file /workdir/hadoop-ozone/integration-test/target/test-dir/MiniOzoneClusterImpl-8ab67caf-427a-4247-bc98-713520941bc9/datanode-2/data/ratis/ce1337fb-a544-47b0-b01c-8d4f2ff480c4/sm/snapshot.1_4
2019-08-12 04:09:36,254 INFO  server.GrpcLogAppender (GrpcLogAppender.java:onCompleted(292)) - feed998e-786d-42b1-b0ed-1d0664f297ba->6762e180-8cde-4855-9221-afd7dc52c267: follower responses appendEntries COMPLETED
2019-08-12 04:09:36,255 INFO  impl.FollowerInfo (FollowerInfo.java:lambda$new$0(50)) - feed998e-786d-42b1-b0ed-1d0664f297ba->6762e180-8cde-4855-9221-afd7dc52c267: nextIndex: updateUnconditionally 5 -> 4
2019-08-12 04:09:36,258 INFO  statemachine.DatanodeStateMachine (DatanodeStateMachine.java:stopDaemon(395)) - Ozone container server stopped.
2019-08-12 04:09:36,259 INFO  handler.ContextHandler (ContextHandler.java:doStop(910)) - Stopped o.e.j.w.WebAppContext@21139739{/,null,UNAVAILABLE}{/hddsDatanode}
2019-08-12 04:09:36,260 INFO  server.AbstractConnector (AbstractConnector.java:doStop(318)) - Stopped ServerConnector@6f5d292c{HTTP/1.1,[http/1.1]}{0.0.0.0:0}
2019-08-12 04:09:36,260 INFO  handler.ContextHandler (ContextHandler.java:doStop(910)) - Stopped o.e.j.s.ServletContextHandler@7fb02869{/static,jar:file:/home/user/.m2/repository/org/apache/hadoop/hadoop-hdds-container-service/0.4.1-SNAPSHOT/hadoop-hdds-container-service-0.4.1-SNAPSHOT.jar!/webapps/static,UNAVAILABLE}
2019-08-12 04:09:36,260 INFO  handler.ContextHandler (ContextHandler.java:doStop(910)) - Stopped o.e.j.s.ServletContextHandler@566dc0c3{/logs,file:///workdir/hadoop-ozone/integration-test/target/log,UNAVAILABLE}
2019-08-12 04:09:36,261 INFO  datanode.ObjectStoreHandler (ObjectStoreHandler.java:close(155)) - Closing ObjectStoreHandler.
2019-08-12 04:09:36,261 INFO  ozone.HddsDatanodeService (HddsDatanodeService.java:stop(451)) - Stopped plug-in org.apache.hadoop.ozone.web.OzoneHddsDatanodeService@7c27ed2f
2019-08-12 04:09:36,279 INFO  ratis.ContainerStateMachine (ContainerStateMachine.java:takeSnapshot(273)) - group-8D4F2FF480C4: Finished taking a snapshot at:(t:1, i:4) file:/workdir/hadoop-ozone/integration-test/target/test-dir/MiniOzoneClusterImpl-8ab67caf-427a-4247-bc98-713520941bc9/datanode-2/data/ratis/ce1337fb-a544-47b0-b01c-8d4f2ff480c4/sm/snapshot.1_4 time:25
2019-08-12 04:09:36,279 INFO  impl.StateMachineUpdater (StateMachineUpdater.java:takeSnapshot(242)) - StateMachineUpdater:feed998e-786d-42b1-b0ed-1d0664f297ba:group-8D4F2FF480C4: Took a snapshot at index 4
2019-08-12 04:09:36,280 INFO  impl.StateMachineUpdater (StateMachineUpdater.java:lambda$new$0(80)) - StateMachineUpdater:feed998e-786d-42b1-b0ed-1d0664f297ba:group-8D4F2FF480C4: snapshotIndex: updateIncreasingly -1 -> 4
2019-08-12 04:09:36,280 INFO  impl.RaftServerImpl (ServerState.java:close(394)) - feed998e-786d-42b1-b0ed-1d0664f297ba:group-8D4F2FF480C4 closes. The last applied log index is 4
2019-08-12 04:09:36,280 INFO  segmented.SegmentedRaftLogWorker (SegmentedRaftLogWorker.java:run(313)) - feed998e-786d-42b1-b0ed-1d0664f297ba-SegmentedRaftLogWorker:Storage Directory /workdir/hadoop-ozone/integration-test/target/test-dir/MiniOzoneClusterImpl-8ab67caf-427a-4247-bc98-713520941bc9/datanode-2/data/ratis/ce1337fb-a544-47b0-b01c-8d4f2ff480c4 was interrupted, exiting. There are 0 tasks remaining in the queue.
2019-08-12 04:09:36,280 INFO  segmented.SegmentedRaftLogWorker (SegmentedRaftLogWorker.java:close(228)) - feed998e-786d-42b1-b0ed-1d0664f297ba-SegmentedRaftLogWorker:Storage Directory /workdir/hadoop-ozone/integration-test/target/test-dir/MiniOzoneClusterImpl-8ab67caf-427a-4247-bc98-713520941bc9/datanode-2/data/ratis/ce1337fb-a544-47b0-b01c-8d4f2ff480c4 close()
2019-08-12 04:09:36,282 INFO  server.GrpcService (GrpcService.java:closeImpl(155)) - feed998e-786d-42b1-b0ed-1d0664f297ba: shutdown server with port 37891 now
2019-08-12 04:09:36,283 INFO  server.GrpcService (GrpcService.java:closeImpl(163)) - feed998e-786d-42b1-b0ed-1d0664f297ba: shutdown server with port 37891 successfully
2019-08-12 04:09:36,284 INFO  utils.BackgroundService (BackgroundService.java:shutdown(148)) - Shutting down service BlockDeletingService
2019-08-12 04:09:36,287 WARN  fs.CachingGetSpaceUsed (CachingGetSpaceUsed.java:run(183)) - Thread Interrupted waiting to refresh disk information: sleep interrupted
2019-08-12 04:09:36,299 INFO  statemachine.DatanodeStateMachine (DatanodeStateMachine.java:stopDaemon(395)) - Ozone container server stopped.
2019-08-12 04:09:36,302 INFO  handler.ContextHandler (ContextHandler.java:doStop(910)) - Stopped o.e.j.w.WebAppContext@1ae8556c{/,null,UNAVAILABLE}{/hddsDatanode}
2019-08-12 04:09:36,303 INFO  server.AbstractConnector (AbstractConnector.java:doStop(318)) - Stopped ServerConnector@157e0f6b{HTTP/1.1,[http/1.1]}{0.0.0.0:0}
2019-08-12 04:09:36,304 INFO  handler.ContextHandler (ContextHandler.java:doStop(910)) - Stopped o.e.j.s.ServletContextHandler@67263db7{/static,jar:file:/home/user/.m2/repository/org/apache/hadoop/hadoop-hdds-container-service/0.4.1-SNAPSHOT/hadoop-hdds-container-service-0.4.1-SNAPSHOT.jar!/webapps/static,UNAVAILABLE}
2019-08-12 04:09:36,305 INFO  handler.ContextHandler (ContextHandler.java:doStop(910)) - Stopped o.e.j.s.ServletContextHandler@157ff8f8{/logs,file:///workdir/hadoop-ozone/integration-test/target/log,UNAVAILABLE}
2019-08-12 04:09:36,306 INFO  datanode.ObjectStoreHandler (ObjectStoreHandler.java:close(155)) - Closing ObjectStoreHandler.
2019-08-12 04:09:36,306 INFO  ozone.HddsDatanodeService (HddsDatanodeService.java:stop(451)) - Stopped plug-in org.apache.hadoop.ozone.web.OzoneHddsDatanodeService@56ed9270
2019-08-12 04:09:36,505 INFO  statemachine.DatanodeStateMachine (DatanodeStateMachine.java:lambda$startDaemon$0(350)) - Ozone container server started.
2019-08-12 04:09:36,998 INFO  statemachine.DatanodeStateMachine (DatanodeStateMachine.java:lambda$startDaemon$0(350)) - Ozone container server started.
2019-08-12 04:09:37,171 INFO  impl.FollowerState (FollowerState.java:run(106)) - d8af83b5-b38a-44c4-acce-62c46298d170:group-830E9DED769E changes to CANDIDATE, lastRpcTime:6959, electionTimeout:5075ms
2019-08-12 04:09:37,172 INFO  impl.RoleInfo (RoleInfo.java:shutdownFollowerState(121)) - d8af83b5-b38a-44c4-acce-62c46298d170: shutdown FollowerState
2019-08-12 04:09:37,172 INFO  impl.RaftServerImpl (RaftServerImpl.java:setRole(171)) - d8af83b5-b38a-44c4-acce-62c46298d170:group-830E9DED769E changes role from FOLLOWER to CANDIDATE at term 2 for changeToCandidate
2019-08-12 04:09:37,172 INFO  impl.RoleInfo (RoleInfo.java:updateAndGet(143)) - d8af83b5-b38a-44c4-acce-62c46298d170: start LeaderElection
2019-08-12 04:09:37,172 INFO  impl.RaftServerImpl (ServerState.java:setLeader(263)) - d8af83b5-b38a-44c4-acce-62c46298d170:group-830E9DED769E change Leader from 00b241ce-6529-4fc4-82dd-26815ed218ff to null at term 2 for initElection
2019-08-12 04:09:37,185 INFO  impl.LeaderElection (LeaderElection.java:askForVotes(181)) - d8af83b5-b38a-44c4-acce-62c46298d170:group-830E9DED769E:LeaderElection90: begin an election at term 3 for 0: [d8af83b5-b38a-44c4-acce-62c46298d170:192.168.157.230:32795, 5f43b17a-624c-455b-ac70-d237e935916e:192.168.157.230:35747, 00b241ce-6529-4fc4-82dd-26815ed218ff:192.168.157.230:39683], old=null
2019-08-12 04:09:37,187 INFO  impl.LeaderElection (LogUtils.java:infoOrTrace(149)) - d8af83b5-b38a-44c4-acce-62c46298d170:group-830E9DED769E:LeaderElection90 got exception when requesting votes: {}
java.util.concurrent.ExecutionException: org.apache.ratis.thirdparty.io.grpc.StatusRuntimeException: UNAVAILABLE: io exception
	at java.util.concurrent.FutureTask.report(FutureTask.java:122)
	at java.util.concurrent.FutureTask.get(FutureTask.java:192)
	at org.apache.ratis.server.impl.LeaderElection.waitForResults(LeaderElection.java:262)
	at org.apache.ratis.server.impl.LeaderElection.askForVotes(LeaderElection.java:200)
	at org.apache.ratis.server.impl.LeaderElection.run(LeaderElection.java:130)
	at java.lang.Thread.run(Thread.java:748)
Caused by: org.apache.ratis.thirdparty.io.grpc.StatusRuntimeException: UNAVAILABLE: io exception
	at org.apache.ratis.thirdparty.io.grpc.stub.ClientCalls.toStatusRuntimeException(ClientCalls.java:233)
	at org.apache.ratis.thirdparty.io.grpc.stub.ClientCalls.getUnchecked(ClientCalls.java:214)
	at org.apache.ratis.thirdparty.io.grpc.stub.ClientCalls.blockingUnaryCall(ClientCalls.java:139)
	at org.apache.ratis.proto.grpc.RaftServerProtocolServiceGrpc$RaftServerProtocolServiceBlockingStub.requestVote(RaftServerProtocolServiceGrpc.java:265)
	at org.apache.ratis.grpc.server.GrpcServerProtocolClient.requestVote(GrpcServerProtocolClient.java:83)
	at org.apache.ratis.grpc.server.GrpcService.requestVote(GrpcService.java:195)
	at org.apache.ratis.server.impl.LeaderElection.lambda$submitRequests$1(LeaderElection.java:237)
	at java.util.concurrent.FutureTask.run(FutureTask.java:266)
	at java.util.concurrent.Executors$RunnableAdapter.call(Executors.java:511)
	at java.util.concurrent.FutureTask.run(FutureTask.java:266)
	at java.util.concurrent.ThreadPoolExecutor.runWorker(ThreadPoolExecutor.java:1149)
	at java.util.concurrent.ThreadPoolExecutor$Worker.run(ThreadPoolExecutor.java:624)
	... 1 more
Caused by: org.apache.ratis.thirdparty.io.netty.channel.AbstractChannel$AnnotatedConnectException: Connection refused: /192.168.157.230:35747
	at sun.nio.ch.SocketChannelImpl.checkConnect(Native Method)
	at sun.nio.ch.SocketChannelImpl.finishConnect(SocketChannelImpl.java:717)
	at org.apache.ratis.thirdparty.io.netty.channel.socket.nio.NioSocketChannel.doFinishConnect(NioSocketChannel.java:327)
	at org.apache.ratis.thirdparty.io.netty.channel.nio.AbstractNioChannel$AbstractNioUnsafe.finishConnect(AbstractNioChannel.java:340)
	at org.apache.ratis.thirdparty.io.netty.channel.nio.NioEventLoop.processSelectedKey(NioEventLoop.java:632)
	at org.apache.ratis.thirdparty.io.netty.channel.nio.NioEventLoop.processSelectedKeysOptimized(NioEventLoop.java:579)
	at org.apache.ratis.thirdparty.io.netty.channel.nio.NioEventLoop.processSelectedKeys(NioEventLoop.java:496)
	at org.apache.ratis.thirdparty.io.netty.channel.nio.NioEventLoop.run(NioEventLoop.java:458)
	at org.apache.ratis.thirdparty.io.netty.util.concurrent.SingleThreadEventExecutor$5.run(SingleThreadEventExecutor.java:897)
	at org.apache.ratis.thirdparty.io.netty.util.concurrent.FastThreadLocalRunnable.run(FastThreadLocalRunnable.java:30)
	... 1 more
Caused by: java.net.ConnectException: Connection refused
	... 11 more
2019-08-12 04:09:37,189 INFO  impl.LeaderElection (LogUtils.java:infoOrTrace(149)) - d8af83b5-b38a-44c4-acce-62c46298d170:group-830E9DED769E:LeaderElection90 got exception when requesting votes: {}
java.util.concurrent.ExecutionException: org.apache.ratis.thirdparty.io.grpc.StatusRuntimeException: UNAVAILABLE: io exception
	at java.util.concurrent.FutureTask.report(FutureTask.java:122)
	at java.util.concurrent.FutureTask.get(FutureTask.java:192)
	at org.apache.ratis.server.impl.LeaderElection.waitForResults(LeaderElection.java:262)
	at org.apache.ratis.server.impl.LeaderElection.askForVotes(LeaderElection.java:200)
	at org.apache.ratis.server.impl.LeaderElection.run(LeaderElection.java:130)
	at java.lang.Thread.run(Thread.java:748)
Caused by: org.apache.ratis.thirdparty.io.grpc.StatusRuntimeException: UNAVAILABLE: io exception
	at org.apache.ratis.thirdparty.io.grpc.stub.ClientCalls.toStatusRuntimeException(ClientCalls.java:233)
	at org.apache.ratis.thirdparty.io.grpc.stub.ClientCalls.getUnchecked(ClientCalls.java:214)
	at org.apache.ratis.thirdparty.io.grpc.stub.ClientCalls.blockingUnaryCall(ClientCalls.java:139)
	at org.apache.ratis.proto.grpc.RaftServerProtocolServiceGrpc$RaftServerProtocolServiceBlockingStub.requestVote(RaftServerProtocolServiceGrpc.java:265)
	at org.apache.ratis.grpc.server.GrpcServerProtocolClient.requestVote(GrpcServerProtocolClient.java:83)
	at org.apache.ratis.grpc.server.GrpcService.requestVote(GrpcService.java:195)
	at org.apache.ratis.server.impl.LeaderElection.lambda$submitRequests$1(LeaderElection.java:237)
	at java.util.concurrent.FutureTask.run(FutureTask.java:266)
	at java.util.concurrent.Executors$RunnableAdapter.call(Executors.java:511)
	at java.util.concurrent.FutureTask.run(FutureTask.java:266)
	at java.util.concurrent.ThreadPoolExecutor.runWorker(ThreadPoolExecutor.java:1149)
	at java.util.concurrent.ThreadPoolExecutor$Worker.run(ThreadPoolExecutor.java:624)
	... 1 more
Caused by: org.apache.ratis.thirdparty.io.netty.channel.AbstractChannel$AnnotatedConnectException: Connection refused: /192.168.157.230:39683
	at sun.nio.ch.SocketChannelImpl.checkConnect(Native Method)
	at sun.nio.ch.SocketChannelImpl.finishConnect(SocketChannelImpl.java:717)
	at org.apache.ratis.thirdparty.io.netty.channel.socket.nio.NioSocketChannel.doFinishConnect(NioSocketChannel.java:327)
	at org.apache.ratis.thirdparty.io.netty.channel.nio.AbstractNioChannel$AbstractNioUnsafe.finishConnect(AbstractNioChannel.java:340)
	at org.apache.ratis.thirdparty.io.netty.channel.nio.NioEventLoop.processSelectedKey(NioEventLoop.java:632)
	at org.apache.ratis.thirdparty.io.netty.channel.nio.NioEventLoop.processSelectedKeysOptimized(NioEventLoop.java:579)
	at org.apache.ratis.thirdparty.io.netty.channel.nio.NioEventLoop.processSelectedKeys(NioEventLoop.java:496)
	at org.apache.ratis.thirdparty.io.netty.channel.nio.NioEventLoop.run(NioEventLoop.java:458)
	at org.apache.ratis.thirdparty.io.netty.util.concurrent.SingleThreadEventExecutor$5.run(SingleThreadEventExecutor.java:897)
	at org.apache.ratis.thirdparty.io.netty.util.concurrent.FastThreadLocalRunnable.run(FastThreadLocalRunnable.java:30)
	... 1 more
Caused by: java.net.ConnectException: Connection refused
	... 11 more
2019-08-12 04:09:37,190 INFO  impl.LeaderElection (LeaderElection.java:logAndReturn(56)) - d8af83b5-b38a-44c4-acce-62c46298d170:group-830E9DED769E:LeaderElection90: Election REJECTED; received 0 response(s) [] and 2 exception(s); d8af83b5-b38a-44c4-acce-62c46298d170:t3, leader=null, voted=d8af83b5-b38a-44c4-acce-62c46298d170, raftlog=d8af83b5-b38a-44c4-acce-62c46298d170-SegmentedRaftLog:OPENED:c16,f16,i16, conf=0: [d8af83b5-b38a-44c4-acce-62c46298d170:192.168.157.230:32795, 5f43b17a-624c-455b-ac70-d237e935916e:192.168.157.230:35747, 00b241ce-6529-4fc4-82dd-26815ed218ff:192.168.157.230:39683], old=null
2019-08-12 04:09:37,190 INFO  impl.LeaderElection (LogUtils.java:infoOrTrace(149)) -   Exception 0: {}
java.util.concurrent.ExecutionException: org.apache.ratis.thirdparty.io.grpc.StatusRuntimeException: UNAVAILABLE: io exception
	at java.util.concurrent.FutureTask.report(FutureTask.java:122)
	at java.util.concurrent.FutureTask.get(FutureTask.java:192)
	at org.apache.ratis.server.impl.LeaderElection.waitForResults(LeaderElection.java:262)
	at org.apache.ratis.server.impl.LeaderElection.askForVotes(LeaderElection.java:200)
	at org.apache.ratis.server.impl.LeaderElection.run(LeaderElection.java:130)
	at java.lang.Thread.run(Thread.java:748)
Caused by: org.apache.ratis.thirdparty.io.grpc.StatusRuntimeException: UNAVAILABLE: io exception
	at org.apache.ratis.thirdparty.io.grpc.stub.ClientCalls.toStatusRuntimeException(ClientCalls.java:233)
	at org.apache.ratis.thirdparty.io.grpc.stub.ClientCalls.getUnchecked(ClientCalls.java:214)
	at org.apache.ratis.thirdparty.io.grpc.stub.ClientCalls.blockingUnaryCall(ClientCalls.java:139)
	at org.apache.ratis.proto.grpc.RaftServerProtocolServiceGrpc$RaftServerProtocolServiceBlockingStub.requestVote(RaftServerProtocolServiceGrpc.java:265)
	at org.apache.ratis.grpc.server.GrpcServerProtocolClient.requestVote(GrpcServerProtocolClient.java:83)
	at org.apache.ratis.grpc.server.GrpcService.requestVote(GrpcService.java:195)
	at org.apache.ratis.server.impl.LeaderElection.lambda$submitRequests$1(LeaderElection.java:237)
	at java.util.concurrent.FutureTask.run(FutureTask.java:266)
	at java.util.concurrent.Executors$RunnableAdapter.call(Executors.java:511)
	at java.util.concurrent.FutureTask.run(FutureTask.java:266)
	at java.util.concurrent.ThreadPoolExecutor.runWorker(ThreadPoolExecutor.java:1149)
	at java.util.concurrent.ThreadPoolExecutor$Worker.run(ThreadPoolExecutor.java:624)
	... 1 more
Caused by: org.apache.ratis.thirdparty.io.netty.channel.AbstractChannel$AnnotatedConnectException: Connection refused: /192.168.157.230:35747
	at sun.nio.ch.SocketChannelImpl.checkConnect(Native Method)
	at sun.nio.ch.SocketChannelImpl.finishConnect(SocketChannelImpl.java:717)
	at org.apache.ratis.thirdparty.io.netty.channel.socket.nio.NioSocketChannel.doFinishConnect(NioSocketChannel.java:327)
	at org.apache.ratis.thirdparty.io.netty.channel.nio.AbstractNioChannel$AbstractNioUnsafe.finishConnect(AbstractNioChannel.java:340)
	at org.apache.ratis.thirdparty.io.netty.channel.nio.NioEventLoop.processSelectedKey(NioEventLoop.java:632)
	at org.apache.ratis.thirdparty.io.netty.channel.nio.NioEventLoop.processSelectedKeysOptimized(NioEventLoop.java:579)
	at org.apache.ratis.thirdparty.io.netty.channel.nio.NioEventLoop.processSelectedKeys(NioEventLoop.java:496)
	at org.apache.ratis.thirdparty.io.netty.channel.nio.NioEventLoop.run(NioEventLoop.java:458)
	at org.apache.ratis.thirdparty.io.netty.util.concurrent.SingleThreadEventExecutor$5.run(SingleThreadEventExecutor.java:897)
	at org.apache.ratis.thirdparty.io.netty.util.concurrent.FastThreadLocalRunnable.run(FastThreadLocalRunnable.java:30)
	... 1 more
Caused by: java.net.ConnectException: Connection refused
	... 11 more
2019-08-12 04:09:37,191 INFO  impl.LeaderElection (LogUtils.java:infoOrTrace(149)) -   Exception 1: {}
java.util.concurrent.ExecutionException: org.apache.ratis.thirdparty.io.grpc.StatusRuntimeException: UNAVAILABLE: io exception
	at java.util.concurrent.FutureTask.report(FutureTask.java:122)
	at java.util.concurrent.FutureTask.get(FutureTask.java:192)
	at org.apache.ratis.server.impl.LeaderElection.waitForResults(LeaderElection.java:262)
	at org.apache.ratis.server.impl.LeaderElection.askForVotes(LeaderElection.java:200)
	at org.apache.ratis.server.impl.LeaderElection.run(LeaderElection.java:130)
	at java.lang.Thread.run(Thread.java:748)
Caused by: org.apache.ratis.thirdparty.io.grpc.StatusRuntimeException: UNAVAILABLE: io exception
	at org.apache.ratis.thirdparty.io.grpc.stub.ClientCalls.toStatusRuntimeException(ClientCalls.java:233)
	at org.apache.ratis.thirdparty.io.grpc.stub.ClientCalls.getUnchecked(ClientCalls.java:214)
	at org.apache.ratis.thirdparty.io.grpc.stub.ClientCalls.blockingUnaryCall(ClientCalls.java:139)
	at org.apache.ratis.proto.grpc.RaftServerProtocolServiceGrpc$RaftServerProtocolServiceBlockingStub.requestVote(RaftServerProtocolServiceGrpc.java:265)
	at org.apache.ratis.grpc.server.GrpcServerProtocolClient.requestVote(GrpcServerProtocolClient.java:83)
	at org.apache.ratis.grpc.server.GrpcService.requestVote(GrpcService.java:195)
	at org.apache.ratis.server.impl.LeaderElection.lambda$submitRequests$1(LeaderElection.java:237)
	at java.util.concurrent.FutureTask.run(FutureTask.java:266)
	at java.util.concurrent.Executors$RunnableAdapter.call(Executors.java:511)
	at java.util.concurrent.FutureTask.run(FutureTask.java:266)
	at java.util.concurrent.ThreadPoolExecutor.runWorker(ThreadPoolExecutor.java:1149)
	at java.util.concurrent.ThreadPoolExecutor$Worker.run(ThreadPoolExecutor.java:624)
	... 1 more
Caused by: org.apache.ratis.thirdparty.io.netty.channel.AbstractChannel$AnnotatedConnectException: Connection refused: /192.168.157.230:39683
	at sun.nio.ch.SocketChannelImpl.checkConnect(Native Method)
	at sun.nio.ch.SocketChannelImpl.finishConnect(SocketChannelImpl.java:717)
	at org.apache.ratis.thirdparty.io.netty.channel.socket.nio.NioSocketChannel.doFinishConnect(NioSocketChannel.java:327)
	at org.apache.ratis.thirdparty.io.netty.channel.nio.AbstractNioChannel$AbstractNioUnsafe.finishConnect(AbstractNioChannel.java:340)
	at org.apache.ratis.thirdparty.io.netty.channel.nio.NioEventLoop.processSelectedKey(NioEventLoop.java:632)
	at org.apache.ratis.thirdparty.io.netty.channel.nio.NioEventLoop.processSelectedKeysOptimized(NioEventLoop.java:579)
	at org.apache.ratis.thirdparty.io.netty.channel.nio.NioEventLoop.processSelectedKeys(NioEventLoop.java:496)
	at org.apache.ratis.thirdparty.io.netty.channel.nio.NioEventLoop.run(NioEventLoop.java:458)
	at org.apache.ratis.thirdparty.io.netty.util.concurrent.SingleThreadEventExecutor$5.run(SingleThreadEventExecutor.java:897)
	at org.apache.ratis.thirdparty.io.netty.util.concurrent.FastThreadLocalRunnable.run(FastThreadLocalRunnable.java:30)
	... 1 more
Caused by: java.net.ConnectException: Connection refused
	... 11 more
2019-08-12 04:09:37,191 INFO  impl.RaftServerImpl (RaftServerImpl.java:setRole(171)) - d8af83b5-b38a-44c4-acce-62c46298d170:group-830E9DED769E changes role from CANDIDATE to FOLLOWER at term 3 for DISCOVERED_A_NEW_TERM
2019-08-12 04:09:37,191 INFO  impl.RoleInfo (RoleInfo.java:shutdownLeaderElection(134)) - d8af83b5-b38a-44c4-acce-62c46298d170: shutdown LeaderElection
2019-08-12 04:09:37,191 INFO  impl.RoleInfo (RoleInfo.java:updateAndGet(143)) - d8af83b5-b38a-44c4-acce-62c46298d170: start FollowerState
2019-08-12 04:09:40,538 INFO  node.StaleNodeHandler (StaleNodeHandler.java:onMessage(58)) - Datanode d8af83b5-b38a-44c4-acce-62c46298d170{ip: 192.168.157.230, host: byscane-nightly-pnj9f-4033720222, networkLocation: /default-rack, certSerialId: null} moved to stale state. Finalizing its pipelines [PipelineID=f756f09a-8daf-47a1-b5a6-e334c7c7f982, PipelineID=00797c47-3779-4abf-8449-830e9ded769e]
2019-08-12 04:09:40,538 INFO  pipeline.SCMPipelineManager (SCMPipelineManager.java:finalizeAndDestroyPipeline(309)) - destroying pipeline:Pipeline[ Id: f756f09a-8daf-47a1-b5a6-e334c7c7f982, Nodes: d8af83b5-b38a-44c4-acce-62c46298d170{ip: 192.168.157.230, host: byscane-nightly-pnj9f-4033720222, networkLocation: /default-rack, certSerialId: null}, Type:RATIS, Factor:ONE, State:OPEN]
2019-08-12 04:09:40,538 INFO  pipeline.PipelineStateManager (PipelineStateManager.java:finalizePipeline(123)) - Pipeline Pipeline[ Id: f756f09a-8daf-47a1-b5a6-e334c7c7f982, Nodes: d8af83b5-b38a-44c4-acce-62c46298d170{ip: 192.168.157.230, host: byscane-nightly-pnj9f-4033720222, networkLocation: /default-rack, certSerialId: null}, Type:RATIS, Factor:ONE, State:CLOSED] moved to CLOSED state
2019-08-12 04:09:40,539 INFO  pipeline.SCMPipelineManager (SCMPipelineManager.java:finalizeAndDestroyPipeline(309)) - destroying pipeline:Pipeline[ Id: 00797c47-3779-4abf-8449-830e9ded769e, Nodes: 00b241ce-6529-4fc4-82dd-26815ed218ff{ip: 192.168.157.230, host: byscane-nightly-pnj9f-4033720222, networkLocation: /default-rack, certSerialId: null}5f43b17a-624c-455b-ac70-d237e935916e{ip: 192.168.157.230, host: byscane-nightly-pnj9f-4033720222, networkLocation: /default-rack, certSerialId: null}d8af83b5-b38a-44c4-acce-62c46298d170{ip: 192.168.157.230, host: byscane-nightly-pnj9f-4033720222, networkLocation: /default-rack, certSerialId: null}, Type:RATIS, Factor:THREE, State:CLOSED]
2019-08-12 04:09:41,039 INFO  node.StaleNodeHandler (StaleNodeHandler.java:onMessage(58)) - Datanode 6762e180-8cde-4855-9221-afd7dc52c267{ip: 192.168.157.230, host: byscane-nightly-pnj9f-4033720222, networkLocation: /default-rack, certSerialId: null} moved to stale state. Finalizing its pipelines [PipelineID=e35bfe98-1385-4926-9937-dd0f715dc068, PipelineID=ce1337fb-a544-47b0-b01c-8d4f2ff480c4]
2019-08-12 04:09:41,039 INFO  pipeline.SCMPipelineManager (SCMPipelineManager.java:finalizeAndDestroyPipeline(309)) - destroying pipeline:Pipeline[ Id: e35bfe98-1385-4926-9937-dd0f715dc068, Nodes: 6762e180-8cde-4855-9221-afd7dc52c267{ip: 192.168.157.230, host: byscane-nightly-pnj9f-4033720222, networkLocation: /default-rack, certSerialId: null}, Type:RATIS, Factor:ONE, State:OPEN]
2019-08-12 04:09:41,039 INFO  pipeline.PipelineStateManager (PipelineStateManager.java:finalizePipeline(123)) - Pipeline Pipeline[ Id: e35bfe98-1385-4926-9937-dd0f715dc068, Nodes: 6762e180-8cde-4855-9221-afd7dc52c267{ip: 192.168.157.230, host: byscane-nightly-pnj9f-4033720222, networkLocation: /default-rack, certSerialId: null}, Type:RATIS, Factor:ONE, State:CLOSED] moved to CLOSED state
2019-08-12 04:09:41,040 INFO  pipeline.SCMPipelineManager (SCMPipelineManager.java:finalizeAndDestroyPipeline(309)) - destroying pipeline:Pipeline[ Id: ce1337fb-a544-47b0-b01c-8d4f2ff480c4, Nodes: 2b0b4dad-071d-4827-b470-0b27b510987a{ip: 192.168.157.230, host: byscane-nightly-pnj9f-4033720222, networkLocation: /default-rack, certSerialId: null}6762e180-8cde-4855-9221-afd7dc52c267{ip: 192.168.157.230, host: byscane-nightly-pnj9f-4033720222, networkLocation: /default-rack, certSerialId: null}feed998e-786d-42b1-b0ed-1d0664f297ba{ip: 192.168.157.230, host: byscane-nightly-pnj9f-4033720222, networkLocation: /default-rack, certSerialId: null}, Type:RATIS, Factor:THREE, State:CLOSED]
2019-08-12 04:09:41,262 INFO  ozoneimpl.OzoneContainer (OzoneContainer.java:stop(199)) - Attempting to stop container services.
2019-08-12 04:09:41,263 INFO  impl.RaftServerProxy (RaftServerProxy.java:lambda$close$4(314)) - 6762e180-8cde-4855-9221-afd7dc52c267: close
2019-08-12 04:09:41,263 INFO  impl.RaftServerImpl (RaftServerImpl.java:lambda$shutdown$3(245)) - 6762e180-8cde-4855-9221-afd7dc52c267: shutdown group-DD0F715DC068
2019-08-12 04:09:41,263 INFO  util.JmxRegister (JmxRegister.java:unregister(73)) - Successfully un-registered JMX Bean with object name Ratis:service=RaftServer,group=group-DD0F715DC068,id=6762e180-8cde-4855-9221-afd7dc52c267
2019-08-12 04:09:41,264 INFO  impl.RoleInfo (RoleInfo.java:shutdownLeaderState(104)) - 6762e180-8cde-4855-9221-afd7dc52c267: shutdown LeaderState
2019-08-12 04:09:41,264 INFO  impl.PendingRequests (PendingRequests.java:sendNotLeaderResponses(202)) - 6762e180-8cde-4855-9221-afd7dc52c267-PendingRequests: sendNotLeaderResponses
2019-08-12 04:09:41,265 INFO  impl.StateMachineUpdater (StateMachineUpdater.java:stopAndJoin(115)) - StateMachineUpdater:6762e180-8cde-4855-9221-afd7dc52c267:group-DD0F715DC068: set stopIndex = 0
2019-08-12 04:09:41,265 INFO  impl.RaftServerImpl (ServerState.java:close(394)) - 6762e180-8cde-4855-9221-afd7dc52c267:group-DD0F715DC068 closes. The last applied log index is 0
2019-08-12 04:09:41,265 INFO  segmented.SegmentedRaftLogWorker (SegmentedRaftLogWorker.java:run(313)) - 6762e180-8cde-4855-9221-afd7dc52c267-SegmentedRaftLogWorker:Storage Directory /workdir/hadoop-ozone/integration-test/target/test-dir/MiniOzoneClusterImpl-8ab67caf-427a-4247-bc98-713520941bc9/datanode-6/data/ratis/e35bfe98-1385-4926-9937-dd0f715dc068 was interrupted, exiting. There are 0 tasks remaining in the queue.
2019-08-12 04:09:41,266 INFO  segmented.SegmentedRaftLogWorker (SegmentedRaftLogWorker.java:close(228)) - 6762e180-8cde-4855-9221-afd7dc52c267-SegmentedRaftLogWorker:Storage Directory /workdir/hadoop-ozone/integration-test/target/test-dir/MiniOzoneClusterImpl-8ab67caf-427a-4247-bc98-713520941bc9/datanode-6/data/ratis/e35bfe98-1385-4926-9937-dd0f715dc068 close()
2019-08-12 04:09:41,267 INFO  impl.RaftServerImpl (RaftServerImpl.java:lambda$shutdown$3(245)) - 6762e180-8cde-4855-9221-afd7dc52c267: shutdown group-8D4F2FF480C4
2019-08-12 04:09:41,268 INFO  util.JmxRegister (JmxRegister.java:unregister(73)) - Successfully un-registered JMX Bean with object name Ratis:service=RaftServer,group=group-8D4F2FF480C4,id=6762e180-8cde-4855-9221-afd7dc52c267
2019-08-12 04:09:41,268 INFO  impl.RoleInfo (RoleInfo.java:shutdownFollowerState(121)) - 6762e180-8cde-4855-9221-afd7dc52c267: shutdown FollowerState
2019-08-12 04:09:41,268 INFO  impl.StateMachineUpdater (StateMachineUpdater.java:stopAndJoin(115)) - StateMachineUpdater:6762e180-8cde-4855-9221-afd7dc52c267:group-8D4F2FF480C4: set stopIndex = 4
2019-08-12 04:09:41,268 INFO  ratis.ContainerStateMachine (ContainerStateMachine.java:takeSnapshot(262)) - group-8D4F2FF480C4: Taking a snapshot at:(t:1, i:3) file /workdir/hadoop-ozone/integration-test/target/test-dir/MiniOzoneClusterImpl-8ab67caf-427a-4247-bc98-713520941bc9/datanode-6/data/ratis/ce1337fb-a544-47b0-b01c-8d4f2ff480c4/sm/snapshot.1_3
2019-08-12 04:09:41,268 INFO  impl.FollowerState (FollowerState.java:run(114)) - 6762e180-8cde-4855-9221-afd7dc52c267: FollowerState was interrupted: java.lang.InterruptedException: sleep interrupted
2019-08-12 04:09:41,283 INFO  ratis.ContainerStateMachine (ContainerStateMachine.java:takeSnapshot(273)) - group-8D4F2FF480C4: Finished taking a snapshot at:(t:1, i:3) file:/workdir/hadoop-ozone/integration-test/target/test-dir/MiniOzoneClusterImpl-8ab67caf-427a-4247-bc98-713520941bc9/datanode-6/data/ratis/ce1337fb-a544-47b0-b01c-8d4f2ff480c4/sm/snapshot.1_3 time:15
2019-08-12 04:09:41,283 INFO  impl.StateMachineUpdater (StateMachineUpdater.java:takeSnapshot(242)) - StateMachineUpdater:6762e180-8cde-4855-9221-afd7dc52c267:group-8D4F2FF480C4: Took a snapshot at index 3
2019-08-12 04:09:41,283 INFO  impl.StateMachineUpdater (StateMachineUpdater.java:lambda$new$0(80)) - StateMachineUpdater:6762e180-8cde-4855-9221-afd7dc52c267:group-8D4F2FF480C4: snapshotIndex: updateIncreasingly -1 -> 3
2019-08-12 04:09:41,284 INFO  impl.RaftServerImpl (ServerState.java:close(394)) - 6762e180-8cde-4855-9221-afd7dc52c267:group-8D4F2FF480C4 closes. The last applied log index is 4
2019-08-12 04:09:41,284 INFO  segmented.SegmentedRaftLogWorker (SegmentedRaftLogWorker.java:run(313)) - 6762e180-8cde-4855-9221-afd7dc52c267-SegmentedRaftLogWorker:Storage Directory /workdir/hadoop-ozone/integration-test/target/test-dir/MiniOzoneClusterImpl-8ab67caf-427a-4247-bc98-713520941bc9/datanode-6/data/ratis/ce1337fb-a544-47b0-b01c-8d4f2ff480c4 was interrupted, exiting. There are 0 tasks remaining in the queue.
2019-08-12 04:09:41,285 INFO  segmented.SegmentedRaftLogWorker (SegmentedRaftLogWorker.java:close(228)) - 6762e180-8cde-4855-9221-afd7dc52c267-SegmentedRaftLogWorker:Storage Directory /workdir/hadoop-ozone/integration-test/target/test-dir/MiniOzoneClusterImpl-8ab67caf-427a-4247-bc98-713520941bc9/datanode-6/data/ratis/ce1337fb-a544-47b0-b01c-8d4f2ff480c4 close()
2019-08-12 04:09:41,287 INFO  server.GrpcService (GrpcService.java:closeImpl(155)) - 6762e180-8cde-4855-9221-afd7dc52c267: shutdown server with port 41569 now
2019-08-12 04:09:41,287 INFO  server.GrpcService (GrpcService.java:closeImpl(163)) - 6762e180-8cde-4855-9221-afd7dc52c267: shutdown server with port 41569 successfully
2019-08-12 04:09:41,288 INFO  utils.BackgroundService (BackgroundService.java:shutdown(148)) - Shutting down service BlockDeletingService
2019-08-12 04:09:41,290 WARN  fs.CachingGetSpaceUsed (CachingGetSpaceUsed.java:run(183)) - Thread Interrupted waiting to refresh disk information: sleep interrupted
2019-08-12 04:09:41,305 INFO  statemachine.DatanodeStateMachine (DatanodeStateMachine.java:stopDaemon(395)) - Ozone container server stopped.
2019-08-12 04:09:41,306 INFO  handler.ContextHandler (ContextHandler.java:doStop(910)) - Stopped o.e.j.w.WebAppContext@7d90d4c6{/,null,UNAVAILABLE}{/hddsDatanode}
2019-08-12 04:09:41,307 INFO  server.AbstractConnector (AbstractConnector.java:doStop(318)) - Stopped ServerConnector@453fcce2{HTTP/1.1,[http/1.1]}{0.0.0.0:0}
2019-08-12 04:09:41,307 INFO  ozoneimpl.OzoneContainer (OzoneContainer.java:stop(199)) - Attempting to stop container services.
2019-08-12 04:09:41,307 INFO  handler.ContextHandler (ContextHandler.java:doStop(910)) - Stopped o.e.j.s.ServletContextHandler@5629e904{/static,jar:file:/home/user/.m2/repository/org/apache/hadoop/hadoop-hdds-container-service/0.4.1-SNAPSHOT/hadoop-hdds-container-service-0.4.1-SNAPSHOT.jar!/webapps/static,UNAVAILABLE}
2019-08-12 04:09:41,307 INFO  impl.RaftServerProxy (RaftServerProxy.java:lambda$close$4(314)) - d8af83b5-b38a-44c4-acce-62c46298d170: close
2019-08-12 04:09:41,308 INFO  handler.ContextHandler (ContextHandler.java:doStop(910)) - Stopped o.e.j.s.ServletContextHandler@5f804b36{/logs,file:///workdir/hadoop-ozone/integration-test/target/log,UNAVAILABLE}
2019-08-12 04:09:41,308 INFO  impl.RaftServerImpl (RaftServerImpl.java:lambda$shutdown$3(245)) - d8af83b5-b38a-44c4-acce-62c46298d170: shutdown group-E334C7C7F982
2019-08-12 04:09:41,308 INFO  util.JmxRegister (JmxRegister.java:unregister(73)) - Successfully un-registered JMX Bean with object name Ratis:service=RaftServer,group=group-E334C7C7F982,id=d8af83b5-b38a-44c4-acce-62c46298d170
2019-08-12 04:09:41,308 INFO  impl.RoleInfo (RoleInfo.java:shutdownLeaderState(104)) - d8af83b5-b38a-44c4-acce-62c46298d170: shutdown LeaderState
2019-08-12 04:09:41,309 INFO  impl.PendingRequests (PendingRequests.java:sendNotLeaderResponses(202)) - d8af83b5-b38a-44c4-acce-62c46298d170-PendingRequests: sendNotLeaderResponses
2019-08-12 04:09:41,309 INFO  impl.StateMachineUpdater (StateMachineUpdater.java:stopAndJoin(115)) - StateMachineUpdater:d8af83b5-b38a-44c4-acce-62c46298d170:group-E334C7C7F982: set stopIndex = 0
2019-08-12 04:09:41,309 INFO  impl.RaftServerImpl (ServerState.java:close(394)) - d8af83b5-b38a-44c4-acce-62c46298d170:group-E334C7C7F982 closes. The last applied log index is 0
2019-08-12 04:09:41,310 INFO  segmented.SegmentedRaftLogWorker (SegmentedRaftLogWorker.java:run(313)) - d8af83b5-b38a-44c4-acce-62c46298d170-SegmentedRaftLogWorker:Storage Directory /workdir/hadoop-ozone/integration-test/target/test-dir/MiniOzoneClusterImpl-8ab67caf-427a-4247-bc98-713520941bc9/datanode-5/data/ratis/f756f09a-8daf-47a1-b5a6-e334c7c7f982 was interrupted, exiting. There are 0 tasks remaining in the queue.
2019-08-12 04:09:41,310 INFO  segmented.SegmentedRaftLogWorker (SegmentedRaftLogWorker.java:close(228)) - d8af83b5-b38a-44c4-acce-62c46298d170-SegmentedRaftLogWorker:Storage Directory /workdir/hadoop-ozone/integration-test/target/test-dir/MiniOzoneClusterImpl-8ab67caf-427a-4247-bc98-713520941bc9/datanode-5/data/ratis/f756f09a-8daf-47a1-b5a6-e334c7c7f982 close()
2019-08-12 04:09:41,311 INFO  impl.RaftServerImpl (RaftServerImpl.java:lambda$shutdown$3(245)) - d8af83b5-b38a-44c4-acce-62c46298d170: shutdown group-830E9DED769E
2019-08-12 04:09:41,311 INFO  util.JmxRegister (JmxRegister.java:unregister(73)) - Successfully un-registered JMX Bean with object name Ratis:service=RaftServer,group=group-830E9DED769E,id=d8af83b5-b38a-44c4-acce-62c46298d170
2019-08-12 04:09:41,311 INFO  impl.RoleInfo (RoleInfo.java:shutdownFollowerState(121)) - d8af83b5-b38a-44c4-acce-62c46298d170: shutdown FollowerState
2019-08-12 04:09:41,312 INFO  impl.StateMachineUpdater (StateMachineUpdater.java:stopAndJoin(115)) - StateMachineUpdater:d8af83b5-b38a-44c4-acce-62c46298d170:group-830E9DED769E: set stopIndex = 16
2019-08-12 04:09:41,312 INFO  impl.FollowerState (FollowerState.java:run(114)) - d8af83b5-b38a-44c4-acce-62c46298d170: FollowerState was interrupted: java.lang.InterruptedException: sleep interrupted
2019-08-12 04:09:41,312 INFO  ratis.ContainerStateMachine (ContainerStateMachine.java:takeSnapshot(262)) - group-830E9DED769E: Taking a snapshot at:(t:2, i:16) file /workdir/hadoop-ozone/integration-test/target/test-dir/MiniOzoneClusterImpl-8ab67caf-427a-4247-bc98-713520941bc9/datanode-5/data/ratis/00797c47-3779-4abf-8449-830e9ded769e/sm/snapshot.2_16
2019-08-12 04:09:41,337 INFO  ratis.ContainerStateMachine (ContainerStateMachine.java:takeSnapshot(273)) - group-830E9DED769E: Finished taking a snapshot at:(t:2, i:16) file:/workdir/hadoop-ozone/integration-test/target/test-dir/MiniOzoneClusterImpl-8ab67caf-427a-4247-bc98-713520941bc9/datanode-5/data/ratis/00797c47-3779-4abf-8449-830e9ded769e/sm/snapshot.2_16 time:26
2019-08-12 04:09:41,338 INFO  impl.StateMachineUpdater (StateMachineUpdater.java:takeSnapshot(242)) - StateMachineUpdater:d8af83b5-b38a-44c4-acce-62c46298d170:group-830E9DED769E: Took a snapshot at index 16
2019-08-12 04:09:41,338 INFO  impl.StateMachineUpdater (StateMachineUpdater.java:lambda$new$0(80)) - StateMachineUpdater:d8af83b5-b38a-44c4-acce-62c46298d170:group-830E9DED769E: snapshotIndex: updateIncreasingly -1 -> 16
2019-08-12 04:09:41,338 INFO  impl.RaftServerImpl (ServerState.java:close(394)) - d8af83b5-b38a-44c4-acce-62c46298d170:group-830E9DED769E closes. The last applied log index is 16
2019-08-12 04:09:41,338 INFO  segmented.SegmentedRaftLogWorker (SegmentedRaftLogWorker.java:run(313)) - d8af83b5-b38a-44c4-acce-62c46298d170-SegmentedRaftLogWorker:Storage Directory /workdir/hadoop-ozone/integration-test/target/test-dir/MiniOzoneClusterImpl-8ab67caf-427a-4247-bc98-713520941bc9/datanode-5/data/ratis/00797c47-3779-4abf-8449-830e9ded769e was interrupted, exiting. There are 0 tasks remaining in the queue.
2019-08-12 04:09:41,339 INFO  segmented.SegmentedRaftLogWorker (SegmentedRaftLogWorker.java:close(228)) - d8af83b5-b38a-44c4-acce-62c46298d170-SegmentedRaftLogWorker:Storage Directory /workdir/hadoop-ozone/integration-test/target/test-dir/MiniOzoneClusterImpl-8ab67caf-427a-4247-bc98-713520941bc9/datanode-5/data/ratis/00797c47-3779-4abf-8449-830e9ded769e close()
2019-08-12 04:09:41,340 INFO  server.GrpcService (GrpcService.java:closeImpl(155)) - d8af83b5-b38a-44c4-acce-62c46298d170: shutdown server with port 32795 now
2019-08-12 04:09:41,340 INFO  server.GrpcService (GrpcService.java:closeImpl(163)) - d8af83b5-b38a-44c4-acce-62c46298d170: shutdown server with port 32795 successfully
2019-08-12 04:09:41,344 INFO  utils.BackgroundService (BackgroundService.java:shutdown(148)) - Shutting down service BlockDeletingService
2019-08-12 04:09:41,346 WARN  fs.CachingGetSpaceUsed (CachingGetSpaceUsed.java:run(183)) - Thread Interrupted waiting to refresh disk information: sleep interrupted
2019-08-12 04:09:41,357 INFO  statemachine.DatanodeStateMachine (DatanodeStateMachine.java:stopDaemon(395)) - Ozone container server stopped.
2019-08-12 04:09:41,360 INFO  handler.ContextHandler (ContextHandler.java:doStop(910)) - Stopped o.e.j.w.WebAppContext@4e0a5606{/,null,UNAVAILABLE}{/hddsDatanode}
2019-08-12 04:09:41,360 INFO  server.AbstractConnector (AbstractConnector.java:doStop(318)) - Stopped ServerConnector@361a1e86{HTTP/1.1,[http/1.1]}{0.0.0.0:0}
2019-08-12 04:09:41,363 INFO  handler.ContextHandler (ContextHandler.java:doStop(910)) - Stopped o.e.j.s.ServletContextHandler@2ce7d43{/static,jar:file:/home/user/.m2/repository/org/apache/hadoop/hadoop-hdds-container-service/0.4.1-SNAPSHOT/hadoop-hdds-container-service-0.4.1-SNAPSHOT.jar!/webapps/static,UNAVAILABLE}
2019-08-12 04:09:41,364 INFO  handler.ContextHandler (ContextHandler.java:doStop(910)) - Stopped o.e.j.s.ServletContextHandler@1d0590bc{/logs,file:///workdir/hadoop-ozone/integration-test/target/log,UNAVAILABLE}
2019-08-12 04:09:41,364 INFO  ozone.MiniOzoneClusterImpl (MiniOzoneClusterImpl.java:stop(353)) - Stopping the StorageContainerManager
2019-08-12 04:09:41,365 INFO  server.StorageContainerManager (StorageContainerManager.java:stop(797)) - Stopping Replication Manager Service.
2019-08-12 04:09:41,365 INFO  container.ReplicationManager (ReplicationManager.java:stop(187)) - Stopping Replication Monitor Thread.
2019-08-12 04:09:41,365 INFO  server.StorageContainerManager (StorageContainerManager.java:stop(804)) - Stopping Lease Manager of the command watchers
2019-08-12 04:09:41,365 INFO  server.StorageContainerManager (StorageContainerManager.java:stop(811)) - Stopping datanode service RPC server
2019-08-12 04:09:41,365 INFO  server.SCMDatanodeProtocolServer (SCMDatanodeProtocolServer.java:stop(367)) - Stopping the RPC server for DataNodes
2019-08-12 04:09:41,366 INFO  ipc.Server (Server.java:stop(3082)) - Stopping server on 41274
2019-08-12 04:09:41,368 INFO  ipc.Server (Server.java:run(1319)) - Stopping IPC Server Responder
2019-08-12 04:09:41,369 INFO  ipc.Server (Server.java:run(1185)) - Stopping IPC Server listener on 41274
2019-08-12 04:09:41,440 WARN  node.NodeStateManager (NodeStateManager.java:scheduleNextHealthCheck(646)) - Current Thread is interrupted, shutting down HB processing thread for Node Manager.
2019-08-12 04:09:41,440 INFO  server.StorageContainerManager (StorageContainerManager.java:stop(819)) - Stopping block service RPC server
2019-08-12 04:09:41,440 INFO  server.SCMBlockProtocolServer (SCMBlockProtocolServer.java:stop(148)) - Stopping the RPC server for Block Protocol
2019-08-12 04:09:41,441 INFO  ipc.Server (Server.java:stop(3082)) - Stopping server on 34672
2019-08-12 04:09:41,443 INFO  ipc.Server (Server.java:run(1185)) - Stopping IPC Server listener on 34672
2019-08-12 04:09:41,443 INFO  server.StorageContainerManager (StorageContainerManager.java:stop(826)) - Stopping the StorageContainerLocationProtocol RPC server
2019-08-12 04:09:41,444 INFO  server.SCMClientProtocolServer (SCMClientProtocolServer.java:stop(159)) - Stopping the RPC server for Client Protocol
2019-08-12 04:09:41,444 INFO  ipc.Server (Server.java:run(1319)) - Stopping IPC Server Responder
2019-08-12 04:09:41,444 INFO  ipc.Server (Server.java:stop(3082)) - Stopping server on 40157
2019-08-12 04:09:41,445 INFO  server.StorageContainerManager (StorageContainerManager.java:stop(833)) - Stopping Storage Container Manager HTTP server.
2019-08-12 04:09:41,446 INFO  ipc.Server (Server.java:run(1185)) - Stopping IPC Server listener on 40157
2019-08-12 04:09:41,447 INFO  ipc.Server (Server.java:run(1319)) - Stopping IPC Server Responder
2019-08-12 04:09:41,448 INFO  handler.ContextHandler (ContextHandler.java:doStop(910)) - Stopped o.e.j.w.WebAppContext@741687d4{/,null,UNAVAILABLE}{/scm}
2019-08-12 04:09:41,449 INFO  server.AbstractConnector (AbstractConnector.java:doStop(318)) - Stopped ServerConnector@77b0ff24{HTTP/1.1,[http/1.1]}{0.0.0.0:0}
2019-08-12 04:09:41,449 INFO  handler.ContextHandler (ContextHandler.java:doStop(910)) - Stopped o.e.j.s.ServletContextHandler@421c057a{/static,file:///workdir/hadoop-ozone/integration-test/target/test-classes/webapps/static,UNAVAILABLE}
2019-08-12 04:09:41,450 INFO  handler.ContextHandler (ContextHandler.java:doStop(910)) - Stopped o.e.j.s.ServletContextHandler@74597c37{/logs,file:///workdir/hadoop-ozone/integration-test/target/log,UNAVAILABLE}
2019-08-12 04:09:41,451 INFO  server.StorageContainerManager (StorageContainerManager.java:stop(844)) - Stopping Block Manager Service.
2019-08-12 04:09:41,451 INFO  utils.BackgroundService (BackgroundService.java:shutdown(148)) - Shutting down service SCMBlockDeletingService
2019-08-12 04:09:41,451 INFO  utils.BackgroundService (BackgroundService.java:shutdown(148)) - Shutting down service SCMBlockDeletingService
2019-08-12 04:09:41,452 INFO  server.StorageContainerManager (StorageContainerManager.java:stop(866)) - Stopping SCM Event Queue.
2019-08-12 04:09:41,456 INFO  impl.MetricsSystemImpl (MetricsSystemImpl.java:stop(210)) - Stopping HddsDatanode metrics system...
2019-08-12 04:09:41,469 INFO  impl.MetricsSystemImpl (MetricsSystemImpl.java:stop(216)) - HddsDatanode metrics system stopped.
]]></system-out>
    <system-err><![CDATA[Aug 12, 2019 4:08:51 AM com.sun.jersey.server.impl.application.WebApplicationImpl _initiate
INFO: Initiating Jersey application, version 'Jersey: 1.19 02/11/2015 03:25 AM'
Aug 12, 2019 4:08:51 AM com.sun.jersey.server.impl.application.WebApplicationImpl _initiate
INFO: Initiating Jersey application, version 'Jersey: 1.19 02/11/2015 03:25 AM'
Aug 12, 2019 4:08:51 AM com.sun.jersey.server.impl.application.WebApplicationImpl _initiate
INFO: Initiating Jersey application, version 'Jersey: 1.19 02/11/2015 03:25 AM'
Aug 12, 2019 4:08:51 AM com.sun.jersey.server.impl.application.WebApplicationImpl _initiate
INFO: Initiating Jersey application, version 'Jersey: 1.19 02/11/2015 03:25 AM'
Aug 12, 2019 4:08:52 AM com.sun.jersey.server.impl.application.WebApplicationImpl _initiate
INFO: Initiating Jersey application, version 'Jersey: 1.19 02/11/2015 03:25 AM'
Aug 12, 2019 4:08:52 AM com.sun.jersey.server.impl.application.WebApplicationImpl _initiate
INFO: Initiating Jersey application, version 'Jersey: 1.19 02/11/2015 03:25 AM'
Aug 12, 2019 4:08:52 AM com.sun.jersey.server.impl.application.WebApplicationImpl _initiate
INFO: Initiating Jersey application, version 'Jersey: 1.19 02/11/2015 03:25 AM'
Aug 12, 2019 4:08:55 AM org.apache.ratis.thirdparty.io.grpc.internal.ManagedChannelOrphanWrapper$ManagedChannelReference cleanQueue
SEVERE: *~*~*~ Channel ManagedChannelImpl{logId=2757, target=192.168.157.230:33595} was not shutdown properly!!! ~*~*~*
    Make sure to call shutdown()/shutdownNow() and wait until awaitTermination() returns true.
java.lang.RuntimeException: ManagedChannel allocation site
	at org.apache.ratis.thirdparty.io.grpc.internal.ManagedChannelOrphanWrapper$ManagedChannelReference.<init>(ManagedChannelOrphanWrapper.java:103)
	at org.apache.ratis.thirdparty.io.grpc.internal.ManagedChannelOrphanWrapper.<init>(ManagedChannelOrphanWrapper.java:53)
	at org.apache.ratis.thirdparty.io.grpc.internal.ManagedChannelOrphanWrapper.<init>(ManagedChannelOrphanWrapper.java:44)
	at org.apache.ratis.thirdparty.io.grpc.internal.AbstractManagedChannelImplBuilder.build(AbstractManagedChannelImplBuilder.java:411)
	at org.apache.hadoop.hdds.scm.XceiverClientGrpc.connectToDatanode(XceiverClientGrpc.java:174)
	at org.apache.hadoop.hdds.scm.XceiverClientGrpc.reconnect(XceiverClientGrpc.java:422)
	at org.apache.hadoop.hdds.scm.XceiverClientGrpc.sendCommandAsync(XceiverClientGrpc.java:371)
	at org.apache.hadoop.hdds.scm.XceiverClientGrpc.sendCommandWithRetry(XceiverClientGrpc.java:284)
	at org.apache.hadoop.hdds.scm.XceiverClientGrpc.sendCommandWithTraceIDAndRetry(XceiverClientGrpc.java:250)
	at org.apache.hadoop.hdds.scm.XceiverClientGrpc.sendCommand(XceiverClientGrpc.java:233)
	at org.apache.hadoop.hdds.scm.storage.ContainerProtocolCalls.getBlock(ContainerProtocolCalls.java:118)
	at org.apache.hadoop.hdds.scm.storage.BlockInputStream.getChunkInfos(BlockInputStream.java:167)
	at org.apache.hadoop.hdds.scm.storage.BlockInputStream.initialize(BlockInputStream.java:118)
	at org.apache.hadoop.hdds.scm.storage.BlockInputStream.read(BlockInputStream.java:222)
	at org.apache.hadoop.ozone.client.io.KeyInputStream.read(KeyInputStream.java:171)
	at org.apache.hadoop.ozone.client.io.OzoneInputStream.read(OzoneInputStream.java:47)
	at java.io.InputStream.read(InputStream.java:101)
	at org.apache.hadoop.ozone.container.ContainerTestHelper.validateData(ContainerTestHelper.java:709)
	at org.apache.hadoop.ozone.client.rpc.TestBlockOutputStreamWithFailures.validateData(TestBlockOutputStreamWithFailures.java:1212)
	at org.apache.hadoop.ozone.client.rpc.TestBlockOutputStreamWithFailures.testDatanodeFailureWithSingleNodeRatis(TestBlockOutputStreamWithFailures.java:1054)
	at sun.reflect.NativeMethodAccessorImpl.invoke0(Native Method)
	at sun.reflect.NativeMethodAccessorImpl.invoke(NativeMethodAccessorImpl.java:62)
	at sun.reflect.DelegatingMethodAccessorImpl.invoke(DelegatingMethodAccessorImpl.java:43)
	at java.lang.reflect.Method.invoke(Method.java:498)
	at org.junit.runners.model.FrameworkMethod$1.runReflectiveCall(FrameworkMethod.java:47)
	at org.junit.internal.runners.model.ReflectiveCallable.run(ReflectiveCallable.java:12)
	at org.junit.runners.model.FrameworkMethod.invokeExplosively(FrameworkMethod.java:44)
	at org.junit.internal.runners.statements.InvokeMethod.evaluate(InvokeMethod.java:17)
	at org.junit.internal.runners.statements.RunBefores.evaluate(RunBefores.java:26)
	at org.junit.internal.runners.statements.RunAfters.evaluate(RunAfters.java:27)
	at org.junit.runners.ParentRunner.runLeaf(ParentRunner.java:271)
	at org.junit.runners.BlockJUnit4ClassRunner.runChild(BlockJUnit4ClassRunner.java:70)
	at org.junit.runners.BlockJUnit4ClassRunner.runChild(BlockJUnit4ClassRunner.java:50)
	at org.junit.runners.ParentRunner$3.run(ParentRunner.java:238)
	at org.junit.runners.ParentRunner$1.schedule(ParentRunner.java:63)
	at org.junit.runners.ParentRunner.runChildren(ParentRunner.java:236)
	at org.junit.runners.ParentRunner.access$000(ParentRunner.java:53)
	at org.junit.runners.ParentRunner$2.evaluate(ParentRunner.java:229)
	at org.junit.runners.ParentRunner.run(ParentRunner.java:309)
	at org.apache.maven.surefire.junit4.JUnit4Provider.execute(JUnit4Provider.java:365)
	at org.apache.maven.surefire.junit4.JUnit4Provider.executeWithRerun(JUnit4Provider.java:273)
	at org.apache.maven.surefire.junit4.JUnit4Provider.executeTestSet(JUnit4Provider.java:238)
	at org.apache.maven.surefire.junit4.JUnit4Provider.invoke(JUnit4Provider.java:159)
	at org.apache.maven.surefire.booter.ForkedBooter.invokeProviderInSameClassLoader(ForkedBooter.java:384)
	at org.apache.maven.surefire.booter.ForkedBooter.runSuitesInProcess(ForkedBooter.java:345)
	at org.apache.maven.surefire.booter.ForkedBooter.execute(ForkedBooter.java:126)
	at org.apache.maven.surefire.booter.ForkedBooter.main(ForkedBooter.java:418)

Aug 12, 2019 4:08:55 AM org.apache.ratis.thirdparty.io.grpc.internal.ManagedChannelOrphanWrapper$ManagedChannelReference cleanQueue
SEVERE: *~*~*~ Channel ManagedChannelImpl{logId=2723, target=192.168.157.230:45805} was not shutdown properly!!! ~*~*~*
    Make sure to call shutdown()/shutdownNow() and wait until awaitTermination() returns true.
java.lang.RuntimeException: ManagedChannel allocation site
	at org.apache.ratis.thirdparty.io.grpc.internal.ManagedChannelOrphanWrapper$ManagedChannelReference.<init>(ManagedChannelOrphanWrapper.java:103)
	at org.apache.ratis.thirdparty.io.grpc.internal.ManagedChannelOrphanWrapper.<init>(ManagedChannelOrphanWrapper.java:53)
	at org.apache.ratis.thirdparty.io.grpc.internal.ManagedChannelOrphanWrapper.<init>(ManagedChannelOrphanWrapper.java:44)
	at org.apache.ratis.thirdparty.io.grpc.internal.AbstractManagedChannelImplBuilder.build(AbstractManagedChannelImplBuilder.java:411)
	at org.apache.ratis.grpc.client.GrpcClientProtocolClient.<init>(GrpcClientProtocolClient.java:119)
	at org.apache.ratis.grpc.client.GrpcClientRpc.lambda$new$0(GrpcClientRpc.java:55)
	at org.apache.ratis.util.PeerProxyMap$PeerAndProxy.lambda$getProxy$0(PeerProxyMap.java:61)
	at org.apache.ratis.util.LifeCycle.startAndTransition(LifeCycle.java:202)
	at org.apache.ratis.util.PeerProxyMap$PeerAndProxy.getProxy(PeerProxyMap.java:60)
	at org.apache.ratis.util.PeerProxyMap.getProxy(PeerProxyMap.java:107)
	at org.apache.ratis.grpc.client.GrpcClientRpc.sendRequestAsync(GrpcClientRpc.java:66)
	at org.apache.ratis.client.impl.OrderedAsync.sendRequest(OrderedAsync.java:208)
	at org.apache.ratis.client.impl.OrderedAsync.sendRequestWithRetry(OrderedAsync.java:169)
	at org.apache.ratis.util.SlidingWindow$Client.sendOrDelayRequest(SlidingWindow.java:278)
	at org.apache.ratis.util.SlidingWindow$Client.retry(SlidingWindow.java:294)
	at org.apache.ratis.client.impl.OrderedAsync.lambda$scheduleWithTimeout$7(OrderedAsync.java:195)
	at org.apache.ratis.util.TimeoutScheduler.lambda$onTimeout$0(TimeoutScheduler.java:85)
	at org.apache.ratis.util.TimeoutScheduler.lambda$onTimeout$1(TimeoutScheduler.java:104)
	at org.apache.ratis.util.LogUtils.runAndLog(LogUtils.java:50)
	at org.apache.ratis.util.LogUtils$1.run(LogUtils.java:91)
	at java.util.concurrent.Executors$RunnableAdapter.call(Executors.java:511)
	at java.util.concurrent.FutureTask.run(FutureTask.java:266)
	at java.util.concurrent.ScheduledThreadPoolExecutor$ScheduledFutureTask.access$201(ScheduledThreadPoolExecutor.java:180)
	at java.util.concurrent.ScheduledThreadPoolExecutor$ScheduledFutureTask.run(ScheduledThreadPoolExecutor.java:293)
	at java.util.concurrent.ThreadPoolExecutor.runWorker(ThreadPoolExecutor.java:1149)
	at java.util.concurrent.ThreadPoolExecutor$Worker.run(ThreadPoolExecutor.java:624)
	at java.lang.Thread.run(Thread.java:748)

Aug 12, 2019 4:08:55 AM org.apache.ratis.thirdparty.io.grpc.internal.ManagedChannelOrphanWrapper$ManagedChannelReference cleanQueue
SEVERE: *~*~*~ Channel ManagedChannelImpl{logId=2952, target=192.168.157.230:35997} was not shutdown properly!!! ~*~*~*
    Make sure to call shutdown()/shutdownNow() and wait until awaitTermination() returns true.
java.lang.RuntimeException: ManagedChannel allocation site
	at org.apache.ratis.thirdparty.io.grpc.internal.ManagedChannelOrphanWrapper$ManagedChannelReference.<init>(ManagedChannelOrphanWrapper.java:103)
	at org.apache.ratis.thirdparty.io.grpc.internal.ManagedChannelOrphanWrapper.<init>(ManagedChannelOrphanWrapper.java:53)
	at org.apache.ratis.thirdparty.io.grpc.internal.ManagedChannelOrphanWrapper.<init>(ManagedChannelOrphanWrapper.java:44)
	at org.apache.ratis.thirdparty.io.grpc.internal.AbstractManagedChannelImplBuilder.build(AbstractManagedChannelImplBuilder.java:411)
	at org.apache.ratis.grpc.client.GrpcClientProtocolClient.<init>(GrpcClientProtocolClient.java:119)
	at org.apache.ratis.grpc.client.GrpcClientRpc.lambda$new$0(GrpcClientRpc.java:55)
	at org.apache.ratis.util.PeerProxyMap$PeerAndProxy.lambda$getProxy$0(PeerProxyMap.java:61)
	at org.apache.ratis.util.LifeCycle.startAndTransition(LifeCycle.java:202)
	at org.apache.ratis.util.PeerProxyMap$PeerAndProxy.getProxy(PeerProxyMap.java:60)
	at org.apache.ratis.util.PeerProxyMap.getProxy(PeerProxyMap.java:107)
	at org.apache.ratis.grpc.client.GrpcClientRpc.sendRequestAsync(GrpcClientRpc.java:66)
	at org.apache.ratis.client.impl.OrderedAsync.sendRequest(OrderedAsync.java:208)
	at org.apache.ratis.client.impl.OrderedAsync.sendRequestWithRetry(OrderedAsync.java:169)
	at org.apache.ratis.util.SlidingWindow$Client.sendOrDelayRequest(SlidingWindow.java:278)
	at org.apache.ratis.util.SlidingWindow$Client.retry(SlidingWindow.java:294)
	at org.apache.ratis.client.impl.OrderedAsync.lambda$scheduleWithTimeout$7(OrderedAsync.java:195)
	at org.apache.ratis.util.TimeoutScheduler.lambda$onTimeout$0(TimeoutScheduler.java:85)
	at org.apache.ratis.util.TimeoutScheduler.lambda$onTimeout$1(TimeoutScheduler.java:104)
	at org.apache.ratis.util.LogUtils.runAndLog(LogUtils.java:50)
	at org.apache.ratis.util.LogUtils$1.run(LogUtils.java:91)
	at java.util.concurrent.Executors$RunnableAdapter.call(Executors.java:511)
	at java.util.concurrent.FutureTask.run(FutureTask.java:266)
	at java.util.concurrent.ScheduledThreadPoolExecutor$ScheduledFutureTask.access$201(ScheduledThreadPoolExecutor.java:180)
	at java.util.concurrent.ScheduledThreadPoolExecutor$ScheduledFutureTask.run(ScheduledThreadPoolExecutor.java:293)
	at java.util.concurrent.ThreadPoolExecutor.runWorker(ThreadPoolExecutor.java:1149)
	at java.util.concurrent.ThreadPoolExecutor$Worker.run(ThreadPoolExecutor.java:624)
	at java.lang.Thread.run(Thread.java:748)

Aug 12, 2019 4:08:55 AM org.apache.ratis.thirdparty.io.grpc.internal.ManagedChannelOrphanWrapper$ManagedChannelReference cleanQueue
SEVERE: *~*~*~ Channel ManagedChannelImpl{logId=2962, target=192.168.157.230:33197} was not shutdown properly!!! ~*~*~*
    Make sure to call shutdown()/shutdownNow() and wait until awaitTermination() returns true.
java.lang.RuntimeException: ManagedChannel allocation site
	at org.apache.ratis.thirdparty.io.grpc.internal.ManagedChannelOrphanWrapper$ManagedChannelReference.<init>(ManagedChannelOrphanWrapper.java:103)
	at org.apache.ratis.thirdparty.io.grpc.internal.ManagedChannelOrphanWrapper.<init>(ManagedChannelOrphanWrapper.java:53)
	at org.apache.ratis.thirdparty.io.grpc.internal.ManagedChannelOrphanWrapper.<init>(ManagedChannelOrphanWrapper.java:44)
	at org.apache.ratis.thirdparty.io.grpc.internal.AbstractManagedChannelImplBuilder.build(AbstractManagedChannelImplBuilder.java:411)
	at org.apache.hadoop.hdds.scm.XceiverClientGrpc.connectToDatanode(XceiverClientGrpc.java:174)
	at org.apache.hadoop.hdds.scm.XceiverClientGrpc.reconnect(XceiverClientGrpc.java:422)
	at org.apache.hadoop.hdds.scm.XceiverClientGrpc.sendCommandAsync(XceiverClientGrpc.java:371)
	at org.apache.hadoop.hdds.scm.XceiverClientGrpc.sendCommandWithRetry(XceiverClientGrpc.java:284)
	at org.apache.hadoop.hdds.scm.XceiverClientGrpc.sendCommandWithTraceIDAndRetry(XceiverClientGrpc.java:250)
	at org.apache.hadoop.hdds.scm.XceiverClientGrpc.sendCommand(XceiverClientGrpc.java:233)
	at org.apache.hadoop.hdds.scm.storage.ContainerProtocolCalls.getBlock(ContainerProtocolCalls.java:118)
	at org.apache.hadoop.hdds.scm.storage.BlockInputStream.getChunkInfos(BlockInputStream.java:167)
	at org.apache.hadoop.hdds.scm.storage.BlockInputStream.initialize(BlockInputStream.java:118)
	at org.apache.hadoop.hdds.scm.storage.BlockInputStream.read(BlockInputStream.java:222)
	at org.apache.hadoop.ozone.client.io.KeyInputStream.read(KeyInputStream.java:171)
	at org.apache.hadoop.ozone.client.io.OzoneInputStream.read(OzoneInputStream.java:47)
	at java.io.InputStream.read(InputStream.java:101)
	at org.apache.hadoop.ozone.container.ContainerTestHelper.validateData(ContainerTestHelper.java:709)
	at org.apache.hadoop.ozone.client.rpc.TestBlockOutputStreamWithFailures.validateData(TestBlockOutputStreamWithFailures.java:1212)
	at org.apache.hadoop.ozone.client.rpc.TestBlockOutputStreamWithFailures.testWatchForCommitWithSingleNodeRatis(TestBlockOutputStreamWithFailures.java:914)
	at sun.reflect.NativeMethodAccessorImpl.invoke0(Native Method)
	at sun.reflect.NativeMethodAccessorImpl.invoke(NativeMethodAccessorImpl.java:62)
	at sun.reflect.DelegatingMethodAccessorImpl.invoke(DelegatingMethodAccessorImpl.java:43)
	at java.lang.reflect.Method.invoke(Method.java:498)
	at org.junit.runners.model.FrameworkMethod$1.runReflectiveCall(FrameworkMethod.java:47)
	at org.junit.internal.runners.model.ReflectiveCallable.run(ReflectiveCallable.java:12)
	at org.junit.runners.model.FrameworkMethod.invokeExplosively(FrameworkMethod.java:44)
	at org.junit.internal.runners.statements.InvokeMethod.evaluate(InvokeMethod.java:17)
	at org.junit.internal.runners.statements.RunBefores.evaluate(RunBefores.java:26)
	at org.junit.internal.runners.statements.RunAfters.evaluate(RunAfters.java:27)
	at org.junit.runners.ParentRunner.runLeaf(ParentRunner.java:271)
	at org.junit.runners.BlockJUnit4ClassRunner.runChild(BlockJUnit4ClassRunner.java:70)
	at org.junit.runners.BlockJUnit4ClassRunner.runChild(BlockJUnit4ClassRunner.java:50)
	at org.junit.runners.ParentRunner$3.run(ParentRunner.java:238)
	at org.junit.runners.ParentRunner$1.schedule(ParentRunner.java:63)
	at org.junit.runners.ParentRunner.runChildren(ParentRunner.java:236)
	at org.junit.runners.ParentRunner.access$000(ParentRunner.java:53)
	at org.junit.runners.ParentRunner$2.evaluate(ParentRunner.java:229)
	at org.junit.runners.ParentRunner.run(ParentRunner.java:309)
	at org.apache.maven.surefire.junit4.JUnit4Provider.execute(JUnit4Provider.java:365)
	at org.apache.maven.surefire.junit4.JUnit4Provider.executeWithRerun(JUnit4Provider.java:273)
	at org.apache.maven.surefire.junit4.JUnit4Provider.executeTestSet(JUnit4Provider.java:238)
	at org.apache.maven.surefire.junit4.JUnit4Provider.invoke(JUnit4Provider.java:159)
	at org.apache.maven.surefire.booter.ForkedBooter.invokeProviderInSameClassLoader(ForkedBooter.java:384)
	at org.apache.maven.surefire.booter.ForkedBooter.runSuitesInProcess(ForkedBooter.java:345)
	at org.apache.maven.surefire.booter.ForkedBooter.execute(ForkedBooter.java:126)
	at org.apache.maven.surefire.booter.ForkedBooter.main(ForkedBooter.java:418)

Aug 12, 2019 4:08:55 AM org.apache.ratis.thirdparty.io.grpc.internal.ManagedChannelOrphanWrapper$ManagedChannelReference cleanQueue
SEVERE: *~*~*~ Channel ManagedChannelImpl{logId=2762, target=192.168.157.230:38080} was not shutdown properly!!! ~*~*~*
    Make sure to call shutdown()/shutdownNow() and wait until awaitTermination() returns true.
java.lang.RuntimeException: ManagedChannel allocation site
	at org.apache.ratis.thirdparty.io.grpc.internal.ManagedChannelOrphanWrapper$ManagedChannelReference.<init>(ManagedChannelOrphanWrapper.java:103)
	at org.apache.ratis.thirdparty.io.grpc.internal.ManagedChannelOrphanWrapper.<init>(ManagedChannelOrphanWrapper.java:53)
	at org.apache.ratis.thirdparty.io.grpc.internal.ManagedChannelOrphanWrapper.<init>(ManagedChannelOrphanWrapper.java:44)
	at org.apache.ratis.thirdparty.io.grpc.internal.AbstractManagedChannelImplBuilder.build(AbstractManagedChannelImplBuilder.java:411)
	at org.apache.hadoop.hdds.scm.XceiverClientGrpc.connectToDatanode(XceiverClientGrpc.java:174)
	at org.apache.hadoop.hdds.scm.XceiverClientGrpc.reconnect(XceiverClientGrpc.java:422)
	at org.apache.hadoop.hdds.scm.XceiverClientGrpc.sendCommandAsync(XceiverClientGrpc.java:371)
	at org.apache.hadoop.hdds.scm.XceiverClientGrpc.sendCommandWithRetry(XceiverClientGrpc.java:284)
	at org.apache.hadoop.hdds.scm.XceiverClientGrpc.sendCommandWithTraceIDAndRetry(XceiverClientGrpc.java:250)
	at org.apache.hadoop.hdds.scm.XceiverClientGrpc.sendCommand(XceiverClientGrpc.java:233)
	at org.apache.hadoop.hdds.scm.storage.ContainerProtocolCalls.getBlock(ContainerProtocolCalls.java:118)
	at org.apache.hadoop.hdds.scm.storage.BlockInputStream.getChunkInfos(BlockInputStream.java:167)
	at org.apache.hadoop.hdds.scm.storage.BlockInputStream.initialize(BlockInputStream.java:118)
	at org.apache.hadoop.hdds.scm.storage.BlockInputStream.read(BlockInputStream.java:222)
	at org.apache.hadoop.ozone.client.io.KeyInputStream.read(KeyInputStream.java:171)
	at org.apache.hadoop.ozone.client.io.OzoneInputStream.read(OzoneInputStream.java:47)
	at java.io.InputStream.read(InputStream.java:101)
	at org.apache.hadoop.ozone.container.ContainerTestHelper.validateData(ContainerTestHelper.java:709)
	at org.apache.hadoop.ozone.client.rpc.TestBlockOutputStreamWithFailures.validateData(TestBlockOutputStreamWithFailures.java:1212)
	at org.apache.hadoop.ozone.client.rpc.TestBlockOutputStreamWithFailures.testDatanodeFailureWithSingleNodeRatis(TestBlockOutputStreamWithFailures.java:1054)
	at sun.reflect.NativeMethodAccessorImpl.invoke0(Native Method)
	at sun.reflect.NativeMethodAccessorImpl.invoke(NativeMethodAccessorImpl.java:62)
	at sun.reflect.DelegatingMethodAccessorImpl.invoke(DelegatingMethodAccessorImpl.java:43)
	at java.lang.reflect.Method.invoke(Method.java:498)
	at org.junit.runners.model.FrameworkMethod$1.runReflectiveCall(FrameworkMethod.java:47)
	at org.junit.internal.runners.model.ReflectiveCallable.run(ReflectiveCallable.java:12)
	at org.junit.runners.model.FrameworkMethod.invokeExplosively(FrameworkMethod.java:44)
	at org.junit.internal.runners.statements.InvokeMethod.evaluate(InvokeMethod.java:17)
	at org.junit.internal.runners.statements.RunBefores.evaluate(RunBefores.java:26)
	at org.junit.internal.runners.statements.RunAfters.evaluate(RunAfters.java:27)
	at org.junit.runners.ParentRunner.runLeaf(ParentRunner.java:271)
	at org.junit.runners.BlockJUnit4ClassRunner.runChild(BlockJUnit4ClassRunner.java:70)
	at org.junit.runners.BlockJUnit4ClassRunner.runChild(BlockJUnit4ClassRunner.java:50)
	at org.junit.runners.ParentRunner$3.run(ParentRunner.java:238)
	at org.junit.runners.ParentRunner$1.schedule(ParentRunner.java:63)
	at org.junit.runners.ParentRunner.runChildren(ParentRunner.java:236)
	at org.junit.runners.ParentRunner.access$000(ParentRunner.java:53)
	at org.junit.runners.ParentRunner$2.evaluate(ParentRunner.java:229)
	at org.junit.runners.ParentRunner.run(ParentRunner.java:309)
	at org.apache.maven.surefire.junit4.JUnit4Provider.execute(JUnit4Provider.java:365)
	at org.apache.maven.surefire.junit4.JUnit4Provider.executeWithRerun(JUnit4Provider.java:273)
	at org.apache.maven.surefire.junit4.JUnit4Provider.executeTestSet(JUnit4Provider.java:238)
	at org.apache.maven.surefire.junit4.JUnit4Provider.invoke(JUnit4Provider.java:159)
	at org.apache.maven.surefire.booter.ForkedBooter.invokeProviderInSameClassLoader(ForkedBooter.java:384)
	at org.apache.maven.surefire.booter.ForkedBooter.runSuitesInProcess(ForkedBooter.java:345)
	at org.apache.maven.surefire.booter.ForkedBooter.execute(ForkedBooter.java:126)
	at org.apache.maven.surefire.booter.ForkedBooter.main(ForkedBooter.java:418)

Aug 12, 2019 4:08:55 AM org.apache.ratis.thirdparty.io.grpc.internal.ManagedChannelOrphanWrapper$ManagedChannelReference cleanQueue
SEVERE: *~*~*~ Channel ManagedChannelImpl{logId=2967, target=192.168.157.230:41584} was not shutdown properly!!! ~*~*~*
    Make sure to call shutdown()/shutdownNow() and wait until awaitTermination() returns true.
java.lang.RuntimeException: ManagedChannel allocation site
	at org.apache.ratis.thirdparty.io.grpc.internal.ManagedChannelOrphanWrapper$ManagedChannelReference.<init>(ManagedChannelOrphanWrapper.java:103)
	at org.apache.ratis.thirdparty.io.grpc.internal.ManagedChannelOrphanWrapper.<init>(ManagedChannelOrphanWrapper.java:53)
	at org.apache.ratis.thirdparty.io.grpc.internal.ManagedChannelOrphanWrapper.<init>(ManagedChannelOrphanWrapper.java:44)
	at org.apache.ratis.thirdparty.io.grpc.internal.AbstractManagedChannelImplBuilder.build(AbstractManagedChannelImplBuilder.java:411)
	at org.apache.hadoop.hdds.scm.XceiverClientGrpc.connectToDatanode(XceiverClientGrpc.java:174)
	at org.apache.hadoop.hdds.scm.XceiverClientGrpc.reconnect(XceiverClientGrpc.java:422)
	at org.apache.hadoop.hdds.scm.XceiverClientGrpc.sendCommandAsync(XceiverClientGrpc.java:371)
	at org.apache.hadoop.hdds.scm.XceiverClientGrpc.sendCommandWithRetry(XceiverClientGrpc.java:284)
	at org.apache.hadoop.hdds.scm.XceiverClientGrpc.sendCommandWithTraceIDAndRetry(XceiverClientGrpc.java:250)
	at org.apache.hadoop.hdds.scm.XceiverClientGrpc.sendCommand(XceiverClientGrpc.java:233)
	at org.apache.hadoop.hdds.scm.storage.ContainerProtocolCalls.getBlock(ContainerProtocolCalls.java:118)
	at org.apache.hadoop.hdds.scm.storage.BlockInputStream.getChunkInfos(BlockInputStream.java:167)
	at org.apache.hadoop.hdds.scm.storage.BlockInputStream.initialize(BlockInputStream.java:118)
	at org.apache.hadoop.hdds.scm.storage.BlockInputStream.read(BlockInputStream.java:222)
	at org.apache.hadoop.ozone.client.io.KeyInputStream.read(KeyInputStream.java:171)
	at org.apache.hadoop.ozone.client.io.OzoneInputStream.read(OzoneInputStream.java:47)
	at java.io.InputStream.read(InputStream.java:101)
	at org.apache.hadoop.ozone.container.ContainerTestHelper.validateData(ContainerTestHelper.java:709)
	at org.apache.hadoop.ozone.client.rpc.TestBlockOutputStreamWithFailures.validateData(TestBlockOutputStreamWithFailures.java:1212)
	at org.apache.hadoop.ozone.client.rpc.TestBlockOutputStreamWithFailures.testWatchForCommitWithSingleNodeRatis(TestBlockOutputStreamWithFailures.java:914)
	at sun.reflect.NativeMethodAccessorImpl.invoke0(Native Method)
	at sun.reflect.NativeMethodAccessorImpl.invoke(NativeMethodAccessorImpl.java:62)
	at sun.reflect.DelegatingMethodAccessorImpl.invoke(DelegatingMethodAccessorImpl.java:43)
	at java.lang.reflect.Method.invoke(Method.java:498)
	at org.junit.runners.model.FrameworkMethod$1.runReflectiveCall(FrameworkMethod.java:47)
	at org.junit.internal.runners.model.ReflectiveCallable.run(ReflectiveCallable.java:12)
	at org.junit.runners.model.FrameworkMethod.invokeExplosively(FrameworkMethod.java:44)
	at org.junit.internal.runners.statements.InvokeMethod.evaluate(InvokeMethod.java:17)
	at org.junit.internal.runners.statements.RunBefores.evaluate(RunBefores.java:26)
	at org.junit.internal.runners.statements.RunAfters.evaluate(RunAfters.java:27)
	at org.junit.runners.ParentRunner.runLeaf(ParentRunner.java:271)
	at org.junit.runners.BlockJUnit4ClassRunner.runChild(BlockJUnit4ClassRunner.java:70)
	at org.junit.runners.BlockJUnit4ClassRunner.runChild(BlockJUnit4ClassRunner.java:50)
	at org.junit.runners.ParentRunner$3.run(ParentRunner.java:238)
	at org.junit.runners.ParentRunner$1.schedule(ParentRunner.java:63)
	at org.junit.runners.ParentRunner.runChildren(ParentRunner.java:236)
	at org.junit.runners.ParentRunner.access$000(ParentRunner.java:53)
	at org.junit.runners.ParentRunner$2.evaluate(ParentRunner.java:229)
	at org.junit.runners.ParentRunner.run(ParentRunner.java:309)
	at org.apache.maven.surefire.junit4.JUnit4Provider.execute(JUnit4Provider.java:365)
	at org.apache.maven.surefire.junit4.JUnit4Provider.executeWithRerun(JUnit4Provider.java:273)
	at org.apache.maven.surefire.junit4.JUnit4Provider.executeTestSet(JUnit4Provider.java:238)
	at org.apache.maven.surefire.junit4.JUnit4Provider.invoke(JUnit4Provider.java:159)
	at org.apache.maven.surefire.booter.ForkedBooter.invokeProviderInSameClassLoader(ForkedBooter.java:384)
	at org.apache.maven.surefire.booter.ForkedBooter.runSuitesInProcess(ForkedBooter.java:345)
	at org.apache.maven.surefire.booter.ForkedBooter.execute(ForkedBooter.java:126)
	at org.apache.maven.surefire.booter.ForkedBooter.main(ForkedBooter.java:418)

Aug 12, 2019 4:08:55 AM org.apache.ratis.thirdparty.io.grpc.internal.ManagedChannelOrphanWrapper$ManagedChannelReference cleanQueue
SEVERE: *~*~*~ Channel ManagedChannelImpl{logId=2727, target=192.168.157.230:42419} was not shutdown properly!!! ~*~*~*
    Make sure to call shutdown()/shutdownNow() and wait until awaitTermination() returns true.
java.lang.RuntimeException: ManagedChannel allocation site
	at org.apache.ratis.thirdparty.io.grpc.internal.ManagedChannelOrphanWrapper$ManagedChannelReference.<init>(ManagedChannelOrphanWrapper.java:103)
	at org.apache.ratis.thirdparty.io.grpc.internal.ManagedChannelOrphanWrapper.<init>(ManagedChannelOrphanWrapper.java:53)
	at org.apache.ratis.thirdparty.io.grpc.internal.ManagedChannelOrphanWrapper.<init>(ManagedChannelOrphanWrapper.java:44)
	at org.apache.ratis.thirdparty.io.grpc.internal.AbstractManagedChannelImplBuilder.build(AbstractManagedChannelImplBuilder.java:411)
	at org.apache.ratis.grpc.client.GrpcClientProtocolClient.<init>(GrpcClientProtocolClient.java:119)
	at org.apache.ratis.grpc.client.GrpcClientRpc.lambda$new$0(GrpcClientRpc.java:55)
	at org.apache.ratis.util.PeerProxyMap$PeerAndProxy.lambda$getProxy$0(PeerProxyMap.java:61)
	at org.apache.ratis.util.LifeCycle.startAndTransition(LifeCycle.java:202)
	at org.apache.ratis.util.PeerProxyMap$PeerAndProxy.getProxy(PeerProxyMap.java:60)
	at org.apache.ratis.util.PeerProxyMap.getProxy(PeerProxyMap.java:107)
	at org.apache.ratis.grpc.client.GrpcClientRpc.sendRequestAsync(GrpcClientRpc.java:66)
	at org.apache.ratis.client.impl.OrderedAsync.sendRequest(OrderedAsync.java:208)
	at org.apache.ratis.client.impl.OrderedAsync.sendRequestWithRetry(OrderedAsync.java:169)
	at org.apache.ratis.util.SlidingWindow$Client.sendOrDelayRequest(SlidingWindow.java:278)
	at org.apache.ratis.util.SlidingWindow$Client.submitNewRequest(SlidingWindow.java:257)
	at org.apache.ratis.client.impl.OrderedAsync.send(OrderedAsync.java:155)
	at org.apache.ratis.client.impl.RaftClientImpl.sendAsync(RaftClientImpl.java:145)
	at org.apache.ratis.client.impl.RaftClientImpl.sendAsync(RaftClientImpl.java:125)
	at org.apache.hadoop.hdds.scm.XceiverClientRatis.sendRequestAsync(XceiverClientRatis.java:224)
	at org.apache.hadoop.hdds.scm.XceiverClientRatis.sendCommandAsync(XceiverClientRatis.java:302)
	at org.apache.hadoop.hdds.scm.storage.ContainerProtocolCalls.writeChunkAsync(ContainerProtocolCalls.java:310)
	at org.apache.hadoop.hdds.scm.storage.BlockOutputStream.writeChunkToContainer(BlockOutputStream.java:601)
	at org.apache.hadoop.hdds.scm.storage.BlockOutputStream.writeChunk(BlockOutputStream.java:459)
	at org.apache.hadoop.hdds.scm.storage.BlockOutputStream.writeOnRetry(BlockOutputStream.java:285)
	at org.apache.hadoop.ozone.client.io.BlockOutputStreamEntry.writeOnRetry(BlockOutputStreamEntry.java:200)
	at org.apache.hadoop.ozone.client.io.KeyOutputStream.handleWrite(KeyOutputStream.java:209)
	at org.apache.hadoop.ozone.client.io.KeyOutputStream.handleRetry(KeyOutputStream.java:376)
	at org.apache.hadoop.ozone.client.io.KeyOutputStream.handleException(KeyOutputStream.java:325)
	at org.apache.hadoop.ozone.client.io.KeyOutputStream.handleFlushOrClose(KeyOutputStream.java:448)
	at org.apache.hadoop.ozone.client.io.KeyOutputStream.handleWrite(KeyOutputStream.java:235)
	at org.apache.hadoop.ozone.client.io.KeyOutputStream.write(KeyOutputStream.java:193)
	at org.apache.hadoop.ozone.client.io.OzoneOutputStream.write(OzoneOutputStream.java:49)
	at java.io.OutputStream.write(OutputStream.java:75)
	at org.apache.hadoop.ozone.client.rpc.TestBlockOutputStreamWithFailures.testDatanodeFailureWithSingleNodeRatis(TestBlockOutputStreamWithFailures.java:1017)
	at sun.reflect.NativeMethodAccessorImpl.invoke0(Native Method)
	at sun.reflect.NativeMethodAccessorImpl.invoke(NativeMethodAccessorImpl.java:62)
	at sun.reflect.DelegatingMethodAccessorImpl.invoke(DelegatingMethodAccessorImpl.java:43)
	at java.lang.reflect.Method.invoke(Method.java:498)
	at org.junit.runners.model.FrameworkMethod$1.runReflectiveCall(FrameworkMethod.java:47)
	at org.junit.internal.runners.model.ReflectiveCallable.run(ReflectiveCallable.java:12)
	at org.junit.runners.model.FrameworkMethod.invokeExplosively(FrameworkMethod.java:44)
	at org.junit.internal.runners.statements.InvokeMethod.evaluate(InvokeMethod.java:17)
	at org.junit.internal.runners.statements.RunBefores.evaluate(RunBefores.java:26)
	at org.junit.internal.runners.statements.RunAfters.evaluate(RunAfters.java:27)
	at org.junit.runners.ParentRunner.runLeaf(ParentRunner.java:271)
	at org.junit.runners.BlockJUnit4ClassRunner.runChild(BlockJUnit4ClassRunner.java:70)
	at org.junit.runners.BlockJUnit4ClassRunner.runChild(BlockJUnit4ClassRunner.java:50)
	at org.junit.runners.ParentRunner$3.run(ParentRunner.java:238)
	at org.junit.runners.ParentRunner$1.schedule(ParentRunner.java:63)
	at org.junit.runners.ParentRunner.runChildren(ParentRunner.java:236)
	at org.junit.runners.ParentRunner.access$000(ParentRunner.java:53)
	at org.junit.runners.ParentRunner$2.evaluate(ParentRunner.java:229)
	at org.junit.runners.ParentRunner.run(ParentRunner.java:309)
	at org.apache.maven.surefire.junit4.JUnit4Provider.execute(JUnit4Provider.java:365)
	at org.apache.maven.surefire.junit4.JUnit4Provider.executeWithRerun(JUnit4Provider.java:273)
	at org.apache.maven.surefire.junit4.JUnit4Provider.executeTestSet(JUnit4Provider.java:238)
	at org.apache.maven.surefire.junit4.JUnit4Provider.invoke(JUnit4Provider.java:159)
	at org.apache.maven.surefire.booter.ForkedBooter.invokeProviderInSameClassLoader(ForkedBooter.java:384)
	at org.apache.maven.surefire.booter.ForkedBooter.runSuitesInProcess(ForkedBooter.java:345)
	at org.apache.maven.surefire.booter.ForkedBooter.execute(ForkedBooter.java:126)
	at org.apache.maven.surefire.booter.ForkedBooter.main(ForkedBooter.java:418)

Aug 12, 2019 4:08:55 AM org.apache.ratis.thirdparty.io.grpc.internal.ManagedChannelOrphanWrapper$ManagedChannelReference cleanQueue
SEVERE: *~*~*~ Channel ManagedChannelImpl{logId=2957, target=192.168.157.230:44433} was not shutdown properly!!! ~*~*~*
    Make sure to call shutdown()/shutdownNow() and wait until awaitTermination() returns true.
java.lang.RuntimeException: ManagedChannel allocation site
	at org.apache.ratis.thirdparty.io.grpc.internal.ManagedChannelOrphanWrapper$ManagedChannelReference.<init>(ManagedChannelOrphanWrapper.java:103)
	at org.apache.ratis.thirdparty.io.grpc.internal.ManagedChannelOrphanWrapper.<init>(ManagedChannelOrphanWrapper.java:53)
	at org.apache.ratis.thirdparty.io.grpc.internal.ManagedChannelOrphanWrapper.<init>(ManagedChannelOrphanWrapper.java:44)
	at org.apache.ratis.thirdparty.io.grpc.internal.AbstractManagedChannelImplBuilder.build(AbstractManagedChannelImplBuilder.java:411)
	at org.apache.ratis.grpc.client.GrpcClientProtocolClient.<init>(GrpcClientProtocolClient.java:119)
	at org.apache.ratis.grpc.client.GrpcClientRpc.lambda$new$0(GrpcClientRpc.java:55)
	at org.apache.ratis.util.PeerProxyMap$PeerAndProxy.lambda$getProxy$0(PeerProxyMap.java:61)
	at org.apache.ratis.util.LifeCycle.startAndTransition(LifeCycle.java:202)
	at org.apache.ratis.util.PeerProxyMap$PeerAndProxy.getProxy(PeerProxyMap.java:60)
	at org.apache.ratis.util.PeerProxyMap.getProxy(PeerProxyMap.java:107)
	at org.apache.ratis.grpc.client.GrpcClientRpc.sendRequestAsync(GrpcClientRpc.java:66)
	at org.apache.ratis.client.impl.OrderedAsync.sendRequest(OrderedAsync.java:208)
	at org.apache.ratis.client.impl.OrderedAsync.sendRequestWithRetry(OrderedAsync.java:169)
	at org.apache.ratis.util.SlidingWindow$Client.sendOrDelayRequest(SlidingWindow.java:278)
	at org.apache.ratis.util.SlidingWindow$Client.submitNewRequest(SlidingWindow.java:257)
	at org.apache.ratis.client.impl.OrderedAsync.send(OrderedAsync.java:155)
	at org.apache.ratis.client.impl.RaftClientImpl.sendAsync(RaftClientImpl.java:145)
	at org.apache.ratis.client.impl.RaftClientImpl.sendAsync(RaftClientImpl.java:125)
	at org.apache.hadoop.hdds.scm.XceiverClientRatis.sendRequestAsync(XceiverClientRatis.java:224)
	at org.apache.hadoop.hdds.scm.XceiverClientRatis.sendCommandAsync(XceiverClientRatis.java:302)
	at org.apache.hadoop.hdds.scm.storage.ContainerProtocolCalls.writeChunkAsync(ContainerProtocolCalls.java:310)
	at org.apache.hadoop.hdds.scm.storage.BlockOutputStream.writeChunkToContainer(BlockOutputStream.java:601)
	at org.apache.hadoop.hdds.scm.storage.BlockOutputStream.writeChunk(BlockOutputStream.java:459)
	at org.apache.hadoop.hdds.scm.storage.BlockOutputStream.writeOnRetry(BlockOutputStream.java:285)
	at org.apache.hadoop.ozone.client.io.BlockOutputStreamEntry.writeOnRetry(BlockOutputStreamEntry.java:200)
	at org.apache.hadoop.ozone.client.io.KeyOutputStream.handleWrite(KeyOutputStream.java:209)
	at org.apache.hadoop.ozone.client.io.KeyOutputStream.handleRetry(KeyOutputStream.java:376)
	at org.apache.hadoop.ozone.client.io.KeyOutputStream.handleException(KeyOutputStream.java:325)
	at org.apache.hadoop.ozone.client.io.KeyOutputStream.handleFlushOrClose(KeyOutputStream.java:448)
	at org.apache.hadoop.ozone.client.io.KeyOutputStream.handleWrite(KeyOutputStream.java:235)
	at org.apache.hadoop.ozone.client.io.KeyOutputStream.write(KeyOutputStream.java:193)
	at org.apache.hadoop.ozone.client.io.OzoneOutputStream.write(OzoneOutputStream.java:49)
	at java.io.OutputStream.write(OutputStream.java:75)
	at org.apache.hadoop.ozone.client.rpc.TestBlockOutputStreamWithFailures.testWatchForCommitWithSingleNodeRatis(TestBlockOutputStreamWithFailures.java:881)
	at sun.reflect.NativeMethodAccessorImpl.invoke0(Native Method)
	at sun.reflect.NativeMethodAccessorImpl.invoke(NativeMethodAccessorImpl.java:62)
	at sun.reflect.DelegatingMethodAccessorImpl.invoke(DelegatingMethodAccessorImpl.java:43)
	at java.lang.reflect.Method.invoke(Method.java:498)
	at org.junit.runners.model.FrameworkMethod$1.runReflectiveCall(FrameworkMethod.java:47)
	at org.junit.internal.runners.model.ReflectiveCallable.run(ReflectiveCallable.java:12)
	at org.junit.runners.model.FrameworkMethod.invokeExplosively(FrameworkMethod.java:44)
	at org.junit.internal.runners.statements.InvokeMethod.evaluate(InvokeMethod.java:17)
	at org.junit.internal.runners.statements.RunBefores.evaluate(RunBefores.java:26)
	at org.junit.internal.runners.statements.RunAfters.evaluate(RunAfters.java:27)
	at org.junit.runners.ParentRunner.runLeaf(ParentRunner.java:271)
	at org.junit.runners.BlockJUnit4ClassRunner.runChild(BlockJUnit4ClassRunner.java:70)
	at org.junit.runners.BlockJUnit4ClassRunner.runChild(BlockJUnit4ClassRunner.java:50)
	at org.junit.runners.ParentRunner$3.run(ParentRunner.java:238)
	at org.junit.runners.ParentRunner$1.schedule(ParentRunner.java:63)
	at org.junit.runners.ParentRunner.runChildren(ParentRunner.java:236)
	at org.junit.runners.ParentRunner.access$000(ParentRunner.java:53)
	at org.junit.runners.ParentRunner$2.evaluate(ParentRunner.java:229)
	at org.junit.runners.ParentRunner.run(ParentRunner.java:309)
	at org.apache.maven.surefire.junit4.JUnit4Provider.execute(JUnit4Provider.java:365)
	at org.apache.maven.surefire.junit4.JUnit4Provider.executeWithRerun(JUnit4Provider.java:273)
	at org.apache.maven.surefire.junit4.JUnit4Provider.executeTestSet(JUnit4Provider.java:238)
	at org.apache.maven.surefire.junit4.JUnit4Provider.invoke(JUnit4Provider.java:159)
	at org.apache.maven.surefire.booter.ForkedBooter.invokeProviderInSameClassLoader(ForkedBooter.java:384)
	at org.apache.maven.surefire.booter.ForkedBooter.runSuitesInProcess(ForkedBooter.java:345)
	at org.apache.maven.surefire.booter.ForkedBooter.execute(ForkedBooter.java:126)
	at org.apache.maven.surefire.booter.ForkedBooter.main(ForkedBooter.java:418)

]]></system-err>
  </testcase>
  <testcase name="testFailureWithPrimeSizedData" classname="org.apache.hadoop.ozone.client.rpc.TestBlockOutputStreamWithFailures" time="34.462"/>
  <testcase name="testWatchForCommitWithCloseContainerException" classname="org.apache.hadoop.ozone.client.rpc.TestBlockOutputStreamWithFailures" time="34.315"/>
  <testcase name="testExceptionDuringClose" classname="org.apache.hadoop.ozone.client.rpc.TestBlockOutputStreamWithFailures" time="34.783"/>
</testsuite>