<?xml version="1.0" encoding="UTF-8"?>
<testsuite xmlns:xsi="http://www.w3.org/2001/XMLSchema-instance" xsi:noNamespaceSchemaLocation="https://maven.apache.org/surefire/maven-surefire-plugin/xsd/surefire-test-report.xsd" name="org.apache.hadoop.ozone.client.rpc.TestMultiBlockWritesWithDnFailures" time="31.458" tests="1" errors="1" skipped="0" failures="0">
  <properties>
    <property name="awt.toolkit" value="sun.awt.X11.XToolkit"/>
    <property name="file.encoding.pkg" value="sun.io"/>
    <property name="java.specification.version" value="1.8"/>
    <property name="sun.cpu.isalist" value=""/>
    <property name="sun.jnu.encoding" value="UTF-8"/>
    <property name="java.class.path" value="/workdir/hadoop-ozone/integration-test/target/test-classes:/workdir/hadoop-ozone/integration-test/target/classes:/home/user/.m2/repository/org/apache/hadoop/hadoop-ozone-common/0.4.1-SNAPSHOT/hadoop-ozone-common-0.4.1-SNAPSHOT.jar:/home/user/.m2/repository/org/apache/commons/commons-compress/1.4.1/commons-compress-1.4.1.jar:/home/user/.m2/repository/org/tukaani/xz/1.0/xz-1.0.jar:/home/user/.m2/repository/org/apache/hadoop/hadoop-common/3.2.0/hadoop-common-3.2.0.jar:/home/user/.m2/repository/org/apache/hadoop/hadoop-hdfs/3.2.0/hadoop-hdfs-3.2.0.jar:/home/user/.m2/repository/org/apache/hadoop/hadoop-hdfs-client/3.2.0/hadoop-hdfs-client-3.2.0.jar:/home/user/.m2/repository/com/fasterxml/jackson/core/jackson-annotations/2.9.5/jackson-annotations-2.9.5.jar:/home/user/.m2/repository/org/apache/hadoop/hadoop-hdds-common/0.4.1-SNAPSHOT/hadoop-hdds-common-0.4.1-SNAPSHOT.jar:/home/user/.m2/repository/javax/annotation/javax.annotation-api/1.2/javax.annotation-api-1.2.jar:/home/user/.m2/repository/org/apache/ratis/ratis-server/0.4.0-2337318-SNAPSHOT/ratis-server-0.4.0-2337318-SNAPSHOT.jar:/home/user/.m2/repository/org/apache/ratis/ratis-thirdparty-misc/0.2.0/ratis-thirdparty-misc-0.2.0.jar:/home/user/.m2/repository/org/apache/ratis/ratis-proto/0.4.0-2337318-SNAPSHOT/ratis-proto-0.4.0-2337318-SNAPSHOT.jar:/home/user/.m2/repository/org/apache/ratis/ratis-common/0.4.0-2337318-SNAPSHOT/ratis-common-0.4.0-2337318-SNAPSHOT.jar:/home/user/.m2/repository/org/apache/ratis/ratis-client/0.4.0-2337318-SNAPSHOT/ratis-client-0.4.0-2337318-SNAPSHOT.jar:/home/user/.m2/repository/org/apache/ratis/ratis-metrics/0.4.0-2337318-SNAPSHOT/ratis-metrics-0.4.0-2337318-SNAPSHOT.jar:/home/user/.m2/repository/org/apache/ratis/ratis-netty/0.4.0-2337318-SNAPSHOT/ratis-netty-0.4.0-2337318-SNAPSHOT.jar:/home/user/.m2/repository/org/apache/ratis/ratis-grpc/0.4.0-2337318-SNAPSHOT/ratis-grpc-0.4.0-2337318-SNAPSHOT.jar:/home/user/.m2/repository/org/rocksdb/rocksdbjni/6.0.1/rocksdbjni-6.0.1.jar:/home/user/.m2/repository/org/apache/logging/log4j/log4j-api/2.11.0/log4j-api-2.11.0.jar:/home/user/.m2/repository/org/apache/logging/log4j/log4j-core/2.11.0/log4j-core-2.11.0.jar:/home/user/.m2/repository/com/lmax/disruptor/3.4.2/disruptor-3.4.2.jar:/home/user/.m2/repository/org/apache/commons/commons-pool2/2.6.0/commons-pool2-2.6.0.jar:/home/user/.m2/repository/org/bouncycastle/bcpkix-jdk15on/1.60/bcpkix-jdk15on-1.60.jar:/home/user/.m2/repository/commons-validator/commons-validator/1.6/commons-validator-1.6.jar:/home/user/.m2/repository/commons-digester/commons-digester/1.8.1/commons-digester-1.8.1.jar:/home/user/.m2/repository/io/jaegertracing/jaeger-client/0.33.1/jaeger-client-0.33.1.jar:/home/user/.m2/repository/io/jaegertracing/jaeger-thrift/0.33.1/jaeger-thrift-0.33.1.jar:/home/user/.m2/repository/org/apache/thrift/libthrift/0.11.0/libthrift-0.11.0.jar:/home/user/.m2/repository/com/squareup/okhttp3/okhttp/3.9.0/okhttp-3.9.0.jar:/home/user/.m2/repository/com/squareup/okio/okio/1.13.0/okio-1.13.0.jar:/home/user/.m2/repository/io/jaegertracing/jaeger-core/0.33.1/jaeger-core-0.33.1.jar:/home/user/.m2/repository/io/jaegertracing/jaeger-tracerresolver/0.33.1/jaeger-tracerresolver-0.33.1.jar:/home/user/.m2/repository/io/opentracing/contrib/opentracing-tracerresolver/0.1.5/opentracing-tracerresolver-0.1.5.jar:/home/user/.m2/repository/io/opentracing/opentracing-util/0.31.0/opentracing-util-0.31.0.jar:/home/user/.m2/repository/io/opentracing/opentracing-api/0.31.0/opentracing-api-0.31.0.jar:/home/user/.m2/repository/io/opentracing/opentracing-noop/0.31.0/opentracing-noop-0.31.0.jar:/home/user/.m2/repository/org/apache/hadoop/hadoop-hdds-server-framework/0.4.1-SNAPSHOT/hadoop-hdds-server-framework-0.4.1-SNAPSHOT.jar:/home/user/.m2/repository/org/apache/hadoop/hadoop-hdds-container-service/0.4.1-SNAPSHOT/hadoop-hdds-container-service-0.4.1-SNAPSHOT.jar:/home/user/.m2/repository/org/apache/hadoop/hadoop-hdds-client/0.4.1-SNAPSHOT/hadoop-hdds-client-0.4.1-SNAPSHOT.jar:/home/user/.m2/repository/org/apache/hadoop/hadoop-hdds-tools/0.4.1-SNAPSHOT/hadoop-hdds-tools-0.4.1-SNAPSHOT.jar:/home/user/.m2/repository/org/apache/hadoop/hadoop-hdds-server-scm/0.4.1-SNAPSHOT/hadoop-hdds-server-scm-0.4.1-SNAPSHOT.jar:/home/user/.m2/repository/org/apache/hadoop/hadoop-hdds-docs/0.4.1-SNAPSHOT/hadoop-hdds-docs-0.4.1-SNAPSHOT.jar:/home/user/.m2/repository/io/dropwizard/metrics/metrics-core/3.2.4/metrics-core-3.2.4.jar:/home/user/.m2/repository/org/hamcrest/hamcrest-all/1.3/hamcrest-all-1.3.jar:/home/user/.m2/repository/org/bouncycastle/bcprov-jdk15on/1.60/bcprov-jdk15on-1.60.jar:/home/user/.m2/repository/info/picocli/picocli/3.9.6/picocli-3.9.6.jar:/home/user/.m2/repository/com/google/protobuf/protobuf-java/2.5.0/protobuf-java-2.5.0.jar:/home/user/.m2/repository/com/google/guava/guava/11.0.2/guava-11.0.2.jar:/home/user/.m2/repository/org/apache/hadoop/hadoop-ozone-ozone-manager/0.4.1-SNAPSHOT/hadoop-ozone-ozone-manager-0.4.1-SNAPSHOT.jar:/home/user/.m2/repository/org/apache/hadoop/hadoop-minikdc/3.2.0/hadoop-minikdc-3.2.0.jar:/home/user/.m2/repository/commons-io/commons-io/2.5/commons-io-2.5.jar:/home/user/.m2/repository/org/apache/kerby/kerb-simplekdc/1.0.1/kerb-simplekdc-1.0.1.jar:/home/user/.m2/repository/org/apache/kerby/kerb-client/1.0.1/kerb-client-1.0.1.jar:/home/user/.m2/repository/org/apache/kerby/kerby-config/1.0.1/kerby-config-1.0.1.jar:/home/user/.m2/repository/org/apache/kerby/kerb-core/1.0.1/kerb-core-1.0.1.jar:/home/user/.m2/repository/org/apache/kerby/kerby-pkix/1.0.1/kerby-pkix-1.0.1.jar:/home/user/.m2/repository/org/apache/kerby/kerby-asn1/1.0.1/kerby-asn1-1.0.1.jar:/home/user/.m2/repository/org/apache/kerby/kerby-util/1.0.1/kerby-util-1.0.1.jar:/home/user/.m2/repository/org/apache/kerby/kerb-common/1.0.1/kerb-common-1.0.1.jar:/home/user/.m2/repository/org/apache/kerby/kerb-crypto/1.0.1/kerb-crypto-1.0.1.jar:/home/user/.m2/repository/org/apache/kerby/kerb-util/1.0.1/kerb-util-1.0.1.jar:/home/user/.m2/repository/org/apache/kerby/token-provider/1.0.1/token-provider-1.0.1.jar:/home/user/.m2/repository/org/apache/kerby/kerb-admin/1.0.1/kerb-admin-1.0.1.jar:/home/user/.m2/repository/org/apache/kerby/kerb-server/1.0.1/kerb-server-1.0.1.jar:/home/user/.m2/repository/org/apache/kerby/kerb-identity/1.0.1/kerb-identity-1.0.1.jar:/home/user/.m2/repository/org/apache/kerby/kerby-xdr/1.0.1/kerby-xdr-1.0.1.jar:/home/user/.m2/repository/org/slf4j/slf4j-log4j12/1.7.25/slf4j-log4j12-1.7.25.jar:/home/user/.m2/repository/org/apache/hadoop/hadoop-ozone-objectstore-service/0.4.1-SNAPSHOT/hadoop-ozone-objectstore-service-0.4.1-SNAPSHOT.jar:/home/user/.m2/repository/org/apache/hadoop/hadoop-ozone-s3gateway/0.4.1-SNAPSHOT/hadoop-ozone-s3gateway-0.4.1-SNAPSHOT.jar:/home/user/.m2/repository/org/jboss/weld/servlet/weld-servlet/2.4.7.Final/weld-servlet-2.4.7.Final.jar:/home/user/.m2/repository/org/glassfish/jersey/containers/jersey-container-servlet-core/2.27/jersey-container-servlet-core-2.27.jar:/home/user/.m2/repository/org/glassfish/hk2/external/javax.inject/2.5.0-b42/javax.inject-2.5.0-b42.jar:/home/user/.m2/repository/org/glassfish/jersey/core/jersey-common/2.27/jersey-common-2.27.jar:/home/user/.m2/repository/org/glassfish/hk2/osgi-resource-locator/1.0.1/osgi-resource-locator-1.0.1.jar:/home/user/.m2/repository/javax/ws/rs/javax.ws.rs-api/2.1/javax.ws.rs-api-2.1.jar:/home/user/.m2/repository/org/glassfish/jersey/ext/cdi/jersey-cdi1x/2.27/jersey-cdi1x-2.27.jar:/home/user/.m2/repository/org/glassfish/jersey/inject/jersey-hk2/2.27/jersey-hk2-2.27.jar:/home/user/.m2/repository/org/glassfish/hk2/hk2-locator/2.5.0-b42/hk2-locator-2.5.0-b42.jar:/home/user/.m2/repository/org/javassist/javassist/3.22.0-CR2/javassist-3.22.0-CR2.jar:/home/user/.m2/repository/org/glassfish/hk2/hk2-api/2.5.0/hk2-api-2.5.0.jar:/home/user/.m2/repository/org/glassfish/hk2/external/jakarta.inject/2.5.0/jakarta.inject-2.5.0.jar:/home/user/.m2/repository/org/glassfish/hk2/hk2-utils/2.5.0/hk2-utils-2.5.0.jar:/home/user/.m2/repository/jakarta/annotation/jakarta.annotation-api/1.3.4/jakarta.annotation-api-1.3.4.jar:/home/user/.m2/repository/org/glassfish/hk2/external/aopalliance-repackaged/2.5.0/aopalliance-repackaged-2.5.0.jar:/home/user/.m2/repository/com/fasterxml/jackson/dataformat/jackson-dataformat-xml/2.9.0/jackson-dataformat-xml-2.9.0.jar:/home/user/.m2/repository/com/fasterxml/jackson/core/jackson-core/2.9.5/jackson-core-2.9.5.jar:/home/user/.m2/repository/com/fasterxml/jackson/module/jackson-module-jaxb-annotations/2.9.5/jackson-module-jaxb-annotations-2.9.5.jar:/home/user/.m2/repository/javax/enterprise/cdi-api/1.2/cdi-api-1.2.jar:/home/user/.m2/repository/javax/el/javax.el-api/3.0.0/javax.el-api-3.0.0.jar:/home/user/.m2/repository/javax/interceptor/javax.interceptor-api/1.2/javax.interceptor-api-1.2.jar:/home/user/.m2/repository/javax/inject/javax.inject/1/javax.inject-1.jar:/home/user/.m2/repository/com/sun/xml/bind/jaxb-impl/2.3.0.1/jaxb-impl-2.3.0.1.jar:/home/user/.m2/repository/com/sun/xml/bind/jaxb-core/2.3.0.1/jaxb-core-2.3.0.1.jar:/home/user/.m2/repository/javax/xml/bind/jaxb-api/2.3.0/jaxb-api-2.3.0.jar:/home/user/.m2/repository/javax/activation/activation/1.1.1/activation-1.1.1.jar:/home/user/.m2/repository/org/apache/hadoop/hadoop-ozone-csi/0.4.1-SNAPSHOT/hadoop-ozone-csi-0.4.1-SNAPSHOT.jar:/home/user/.m2/repository/com/google/protobuf/protobuf-java-util/3.5.1/protobuf-java-util-3.5.1.jar:/home/user/.m2/repository/org/apache/hadoop/hadoop-hdds-config/0.4.1-SNAPSHOT/hadoop-hdds-config-0.4.1-SNAPSHOT.jar:/home/user/.m2/repository/io/grpc/grpc-netty/1.17.1/grpc-netty-1.17.1.jar:/home/user/.m2/repository/io/grpc/grpc-core/1.17.1/grpc-core-1.17.1.jar:/home/user/.m2/repository/io/grpc/grpc-context/1.17.1/grpc-context-1.17.1.jar:/home/user/.m2/repository/com/google/errorprone/error_prone_annotations/2.2.0/error_prone_annotations-2.2.0.jar:/home/user/.m2/repository/org/codehaus/mojo/animal-sniffer-annotations/1.17/animal-sniffer-annotations-1.17.jar:/home/user/.m2/repository/io/opencensus/opencensus-api/0.17.0/opencensus-api-0.17.0.jar:/home/user/.m2/repository/io/opencensus/opencensus-contrib-grpc-metrics/0.17.0/opencensus-contrib-grpc-metrics-0.17.0.jar:/home/user/.m2/repository/io/netty/netty-codec-http2/4.1.30.Final/netty-codec-http2-4.1.30.Final.jar:/home/user/.m2/repository/io/netty/netty-codec-http/4.1.30.Final/netty-codec-http-4.1.30.Final.jar:/home/user/.m2/repository/io/netty/netty-codec/4.1.30.Final/netty-codec-4.1.30.Final.jar:/home/user/.m2/repository/io/netty/netty-handler/4.1.30.Final/netty-handler-4.1.30.Final.jar:/home/user/.m2/repository/io/netty/netty-handler-proxy/4.1.30.Final/netty-handler-proxy-4.1.30.Final.jar:/home/user/.m2/repository/io/netty/netty-codec-socks/4.1.30.Final/netty-codec-socks-4.1.30.Final.jar:/home/user/.m2/repository/io/netty/netty-transport-native-epoll/4.1.30.Final/netty-transport-native-epoll-4.1.30.Final.jar:/home/user/.m2/repository/io/netty/netty-common/4.1.30.Final/netty-common-4.1.30.Final.jar:/home/user/.m2/repository/io/netty/netty-buffer/4.1.30.Final/netty-buffer-4.1.30.Final.jar:/home/user/.m2/repository/io/netty/netty-transport/4.1.30.Final/netty-transport-4.1.30.Final.jar:/home/user/.m2/repository/io/netty/netty-resolver/4.1.30.Final/netty-resolver-4.1.30.Final.jar:/home/user/.m2/repository/io/netty/netty-transport-native-unix-common/4.1.30.Final/netty-transport-native-unix-common-4.1.30.Final.jar:/home/user/.m2/repository/io/grpc/grpc-protobuf/1.17.1/grpc-protobuf-1.17.1.jar:/home/user/.m2/repository/com/google/api/grpc/proto-google-common-protos/1.0.0/proto-google-common-protos-1.0.0.jar:/home/user/.m2/repository/io/grpc/grpc-protobuf-lite/1.17.1/grpc-protobuf-lite-1.17.1.jar:/home/user/.m2/repository/io/grpc/grpc-stub/1.17.1/grpc-stub-1.17.1.jar:/home/user/.m2/repository/org/apache/hadoop/hadoop-ozone-recon/0.4.1-SNAPSHOT/hadoop-ozone-recon-0.4.1-SNAPSHOT.jar:/home/user/.m2/repository/org/apache/hadoop/hadoop-ozone-reconcodegen/0.4.1-SNAPSHOT/hadoop-ozone-reconcodegen-0.4.1-SNAPSHOT.jar:/home/user/.m2/repository/com/google/inject/extensions/guice-multibindings/4.0/guice-multibindings-4.0.jar:/home/user/.m2/repository/com/google/inject/guice/4.0/guice-4.0.jar:/home/user/.m2/repository/aopalliance/aopalliance/1.0/aopalliance-1.0.jar:/home/user/.m2/repository/com/google/inject/extensions/guice-servlet/4.0/guice-servlet-4.0.jar:/home/user/.m2/repository/org/glassfish/jersey/containers/jersey-container-servlet/2.27/jersey-container-servlet-2.27.jar:/home/user/.m2/repository/org/glassfish/hk2/guice-bridge/2.5.0/guice-bridge-2.5.0.jar:/home/user/.m2/repository/org/glassfish/jersey/core/jersey-server/2.27/jersey-server-2.27.jar:/home/user/.m2/repository/org/glassfish/jersey/core/jersey-client/2.27/jersey-client-2.27.jar:/home/user/.m2/repository/org/glassfish/jersey/media/jersey-media-jaxb/2.27/jersey-media-jaxb-2.27.jar:/home/user/.m2/repository/javax/validation/validation-api/1.1.0.Final/validation-api-1.1.0.Final.jar:/home/user/.m2/repository/org/glassfish/jersey/media/jersey-media-json-jackson/2.27/jersey-media-json-jackson-2.27.jar:/home/user/.m2/repository/org/glassfish/jersey/ext/jersey-entity-filtering/2.27/jersey-entity-filtering-2.27.jar:/home/user/.m2/repository/com/google/inject/extensions/guice-assistedinject/4.0/guice-assistedinject-4.0.jar:/home/user/.m2/repository/org/jooq/jooq/3.11.10/jooq-3.11.10.jar:/home/user/.m2/repository/org/jooq/jooq-meta/3.11.10/jooq-meta-3.11.10.jar:/home/user/.m2/repository/org/jooq/jooq-codegen/3.11.10/jooq-codegen-3.11.10.jar:/home/user/.m2/repository/com/jolbox/bonecp/0.8.0.RELEASE/bonecp-0.8.0.RELEASE.jar:/home/user/.m2/repository/org/xerial/sqlite-jdbc/3.25.2/sqlite-jdbc-3.25.2.jar:/home/user/.m2/repository/org/springframework/spring-jdbc/5.1.3.RELEASE/spring-jdbc-5.1.3.RELEASE.jar:/home/user/.m2/repository/org/springframework/spring-beans/5.1.3.RELEASE/spring-beans-5.1.3.RELEASE.jar:/home/user/.m2/repository/org/springframework/spring-core/5.1.3.RELEASE/spring-core-5.1.3.RELEASE.jar:/home/user/.m2/repository/org/springframework/spring-jcl/5.1.3.RELEASE/spring-jcl-5.1.3.RELEASE.jar:/home/user/.m2/repository/org/springframework/spring-tx/5.1.3.RELEASE/spring-tx-5.1.3.RELEASE.jar:/home/user/.m2/repository/org/apache/hadoop/hadoop-ozone-client/0.4.1-SNAPSHOT/hadoop-ozone-client-0.4.1-SNAPSHOT.jar:/home/user/.m2/repository/commons-lang/commons-lang/2.6/commons-lang-2.6.jar:/home/user/.m2/repository/org/apache/hadoop/hadoop-ozone-ozone-manager/0.4.1-SNAPSHOT/hadoop-ozone-ozone-manager-0.4.1-SNAPSHOT-tests.jar:/home/user/.m2/repository/junit/junit/4.11/junit-4.11.jar:/home/user/.m2/repository/org/hamcrest/hamcrest-core/1.3/hamcrest-core-1.3.jar:/home/user/.m2/repository/org/openjdk/jmh/jmh-core/1.19/jmh-core-1.19.jar:/home/user/.m2/repository/net/sf/jopt-simple/jopt-simple/4.6/jopt-simple-4.6.jar:/home/user/.m2/repository/org/apache/commons/commons-math3/3.1.1/commons-math3-3.1.1.jar:/home/user/.m2/repository/org/openjdk/jmh/jmh-generator-annprocess/1.19/jmh-generator-annprocess-1.19.jar:/home/user/.m2/repository/org/mockito/mockito-all/1.8.5/mockito-all-1.8.5.jar:/home/user/.m2/repository/org/apache/hadoop/hadoop-kms/3.2.0/hadoop-kms-3.2.0.jar:/home/user/.m2/repository/org/apache/hadoop/hadoop-auth/3.2.0/hadoop-auth-3.2.0.jar:/home/user/.m2/repository/com/nimbusds/nimbus-jose-jwt/4.41.1/nimbus-jose-jwt-4.41.1.jar:/home/user/.m2/repository/com/github/stephenc/jcip/jcip-annotations/1.0-1/jcip-annotations-1.0-1.jar:/home/user/.m2/repository/net/minidev/json-smart/2.3/json-smart-2.3.jar:/home/user/.m2/repository/net/minidev/accessors-smart/1.2/accessors-smart-1.2.jar:/home/user/.m2/repository/org/ow2/asm/asm/5.0.4/asm-5.0.4.jar:/home/user/.m2/repository/org/apache/curator/curator-framework/2.12.0/curator-framework-2.12.0.jar:/home/user/.m2/repository/com/sun/jersey/jersey-core/1.19/jersey-core-1.19.jar:/home/user/.m2/repository/javax/ws/rs/jsr311-api/1.1.1/jsr311-api-1.1.1.jar:/home/user/.m2/repository/com/sun/jersey/jersey-server/1.19/jersey-server-1.19.jar:/home/user/.m2/repository/javax/servlet/javax.servlet-api/3.1.0/javax.servlet-api-3.1.0.jar:/home/user/.m2/repository/org/eclipse/jetty/jetty-server/9.3.24.v20180605/jetty-server-9.3.24.v20180605.jar:/home/user/.m2/repository/org/eclipse/jetty/jetty-http/9.3.24.v20180605/jetty-http-9.3.24.v20180605.jar:/home/user/.m2/repository/org/eclipse/jetty/jetty-io/9.3.24.v20180605/jetty-io-9.3.24.v20180605.jar:/home/user/.m2/repository/org/eclipse/jetty/jetty-webapp/9.3.24.v20180605/jetty-webapp-9.3.24.v20180605.jar:/home/user/.m2/repository/org/eclipse/jetty/jetty-xml/9.3.24.v20180605/jetty-xml-9.3.24.v20180605.jar:/home/user/.m2/repository/log4j/log4j/1.2.17/log4j-1.2.17.jar:/home/user/.m2/repository/org/slf4j/slf4j-api/1.7.25/slf4j-api-1.7.25.jar:/home/user/.m2/repository/org/slf4j/jul-to-slf4j/1.7.25/jul-to-slf4j-1.7.25.jar:/home/user/.m2/repository/org/eclipse/jetty/jetty-util/9.3.24.v20180605/jetty-util-9.3.24.v20180605.jar:/home/user/.m2/repository/com/fasterxml/jackson/core/jackson-databind/2.9.5/jackson-databind-2.9.5.jar:/home/user/.m2/repository/org/apache/hadoop/hadoop-kms/3.2.0/hadoop-kms-3.2.0-tests.jar:/home/user/.m2/repository/org/apache/hadoop/hadoop-hdds-server-scm/0.4.1-SNAPSHOT/hadoop-hdds-server-scm-0.4.1-SNAPSHOT-tests.jar:/home/user/.m2/repository/org/apache/hadoop/hadoop-hdds-container-service/0.4.1-SNAPSHOT/hadoop-hdds-container-service-0.4.1-SNAPSHOT-tests.jar:/home/user/.m2/repository/org/yaml/snakeyaml/1.16/snakeyaml-1.16.jar:/home/user/.m2/repository/org/apache/hadoop/hadoop-common/3.2.0/hadoop-common-3.2.0-tests.jar:/home/user/.m2/repository/org/apache/hadoop/hadoop-annotations/3.2.0/hadoop-annotations-3.2.0.jar:/usr/lib/jvm/java-1.8-openjdk/jre/../lib/tools.jar:/home/user/.m2/repository/commons-cli/commons-cli/1.2/commons-cli-1.2.jar:/home/user/.m2/repository/org/apache/httpcomponents/httpclient/4.5.2/httpclient-4.5.2.jar:/home/user/.m2/repository/org/apache/httpcomponents/httpcore/4.4.4/httpcore-4.4.4.jar:/home/user/.m2/repository/commons-codec/commons-codec/1.11/commons-codec-1.11.jar:/home/user/.m2/repository/commons-net/commons-net/3.6/commons-net-3.6.jar:/home/user/.m2/repository/commons-collections/commons-collections/3.2.2/commons-collections-3.2.2.jar:/home/user/.m2/repository/org/eclipse/jetty/jetty-servlet/9.3.24.v20180605/jetty-servlet-9.3.24.v20180605.jar:/home/user/.m2/repository/org/eclipse/jetty/jetty-security/9.3.24.v20180605/jetty-security-9.3.24.v20180605.jar:/home/user/.m2/repository/javax/servlet/jsp/jsp-api/2.1/jsp-api-2.1.jar:/home/user/.m2/repository/com/sun/jersey/jersey-servlet/1.19/jersey-servlet-1.19.jar:/home/user/.m2/repository/com/sun/jersey/jersey-json/1.19/jersey-json-1.19.jar:/home/user/.m2/repository/org/codehaus/jettison/jettison/1.1/jettison-1.1.jar:/home/user/.m2/repository/org/codehaus/jackson/jackson-core-asl/1.9.13/jackson-core-asl-1.9.13.jar:/home/user/.m2/repository/org/codehaus/jackson/jackson-mapper-asl/1.9.13/jackson-mapper-asl-1.9.13.jar:/home/user/.m2/repository/org/codehaus/jackson/jackson-jaxrs/1.9.13/jackson-jaxrs-1.9.13.jar:/home/user/.m2/repository/org/codehaus/jackson/jackson-xc/1.9.13/jackson-xc-1.9.13.jar:/home/user/.m2/repository/commons-logging/commons-logging/1.1.3/commons-logging-1.1.3.jar:/home/user/.m2/repository/commons-beanutils/commons-beanutils/1.9.3/commons-beanutils-1.9.3.jar:/home/user/.m2/repository/org/apache/commons/commons-configuration2/2.1.1/commons-configuration2-2.1.1.jar:/home/user/.m2/repository/org/apache/commons/commons-lang3/3.7/commons-lang3-3.7.jar:/home/user/.m2/repository/org/apache/commons/commons-text/1.4/commons-text-1.4.jar:/home/user/.m2/repository/org/apache/avro/avro/1.7.7/avro-1.7.7.jar:/home/user/.m2/repository/com/thoughtworks/paranamer/paranamer/2.3/paranamer-2.3.jar:/home/user/.m2/repository/org/xerial/snappy/snappy-java/1.0.5/snappy-java-1.0.5.jar:/home/user/.m2/repository/com/google/re2j/re2j/1.1/re2j-1.1.jar:/home/user/.m2/repository/com/google/code/gson/gson/2.2.4/gson-2.2.4.jar:/home/user/.m2/repository/com/jcraft/jsch/0.1.54/jsch-0.1.54.jar:/home/user/.m2/repository/org/apache/curator/curator-client/2.12.0/curator-client-2.12.0.jar:/home/user/.m2/repository/org/apache/curator/curator-recipes/2.12.0/curator-recipes-2.12.0.jar:/home/user/.m2/repository/com/google/code/findbugs/jsr305/3.0.0/jsr305-3.0.0.jar:/home/user/.m2/repository/org/apache/htrace/htrace-core4/4.1.0-incubating/htrace-core4-4.1.0-incubating.jar:/home/user/.m2/repository/org/apache/zookeeper/zookeeper/3.4.13/zookeeper-3.4.13.jar:/home/user/.m2/repository/org/apache/yetus/audience-annotations/0.5.0/audience-annotations-0.5.0.jar:/home/user/.m2/repository/org/codehaus/woodstox/stax2-api/3.1.4/stax2-api-3.1.4.jar:/home/user/.m2/repository/com/fasterxml/woodstox/woodstox-core/5.0.3/woodstox-core-5.0.3.jar:/home/user/.m2/repository/dnsjava/dnsjava/2.1.7/dnsjava-2.1.7.jar:/home/user/.m2/repository/org/apache/hadoop/hadoop-hdfs/3.2.0/hadoop-hdfs-3.2.0-tests.jar:/home/user/.m2/repository/org/eclipse/jetty/jetty-util-ajax/9.3.24.v20180605/jetty-util-ajax-9.3.24.v20180605.jar:/home/user/.m2/repository/commons-daemon/commons-daemon/1.0.13/commons-daemon-1.0.13.jar:/home/user/.m2/repository/io/netty/netty/3.10.5.Final/netty-3.10.5.Final.jar:/home/user/.m2/repository/io/netty/netty-all/4.0.52.Final/netty-all-4.0.52.Final.jar:/home/user/.m2/repository/org/fusesource/leveldbjni/leveldbjni-all/1.8/leveldbjni-all-1.8.jar:"/>
    <property name="java.vm.vendor" value="IcedTea"/>
    <property name="sun.arch.data.model" value="64"/>
    <property name="test.build.dir" value="/workdir/hadoop-ozone/integration-test/target/test-dir"/>
    <property name="test.cache.data" value=""/>
    <property name="java.vendor.url" value="https://icedtea.classpath.org"/>
    <property name="user.timezone" value=""/>
    <property name="java.vm.specification.version" value="1.8"/>
    <property name="os.name" value="Linux"/>
    <property name="test.build.data" value="/workdir/hadoop-ozone/integration-test/target/test-dir"/>
    <property name="user.country" value="US"/>
    <property name="sun.java.launcher" value="SUN_STANDARD"/>
    <property name="sun.boot.library.path" value="/usr/lib/jvm/java-1.8-openjdk/jre/lib/amd64"/>
    <property name="sun.java.command" value="/workdir/hadoop-ozone/integration-test/target/surefire/surefirebooter8966380104398786174.jar /workdir/hadoop-ozone/integration-test/target/surefire 2019-08-12T03-13-59_630-jvmRun1 surefire1121186060130260430tmp surefire_46318561796655031282tmp"/>
    <property name="surefire.test.class.path" value="/workdir/hadoop-ozone/integration-test/target/test-classes:/workdir/hadoop-ozone/integration-test/target/classes:/home/user/.m2/repository/org/apache/hadoop/hadoop-ozone-common/0.4.1-SNAPSHOT/hadoop-ozone-common-0.4.1-SNAPSHOT.jar:/home/user/.m2/repository/org/apache/commons/commons-compress/1.4.1/commons-compress-1.4.1.jar:/home/user/.m2/repository/org/tukaani/xz/1.0/xz-1.0.jar:/home/user/.m2/repository/org/apache/hadoop/hadoop-common/3.2.0/hadoop-common-3.2.0.jar:/home/user/.m2/repository/org/apache/hadoop/hadoop-hdfs/3.2.0/hadoop-hdfs-3.2.0.jar:/home/user/.m2/repository/org/apache/hadoop/hadoop-hdfs-client/3.2.0/hadoop-hdfs-client-3.2.0.jar:/home/user/.m2/repository/com/fasterxml/jackson/core/jackson-annotations/2.9.5/jackson-annotations-2.9.5.jar:/home/user/.m2/repository/org/apache/hadoop/hadoop-hdds-common/0.4.1-SNAPSHOT/hadoop-hdds-common-0.4.1-SNAPSHOT.jar:/home/user/.m2/repository/javax/annotation/javax.annotation-api/1.2/javax.annotation-api-1.2.jar:/home/user/.m2/repository/org/apache/ratis/ratis-server/0.4.0-2337318-SNAPSHOT/ratis-server-0.4.0-2337318-SNAPSHOT.jar:/home/user/.m2/repository/org/apache/ratis/ratis-thirdparty-misc/0.2.0/ratis-thirdparty-misc-0.2.0.jar:/home/user/.m2/repository/org/apache/ratis/ratis-proto/0.4.0-2337318-SNAPSHOT/ratis-proto-0.4.0-2337318-SNAPSHOT.jar:/home/user/.m2/repository/org/apache/ratis/ratis-common/0.4.0-2337318-SNAPSHOT/ratis-common-0.4.0-2337318-SNAPSHOT.jar:/home/user/.m2/repository/org/apache/ratis/ratis-client/0.4.0-2337318-SNAPSHOT/ratis-client-0.4.0-2337318-SNAPSHOT.jar:/home/user/.m2/repository/org/apache/ratis/ratis-metrics/0.4.0-2337318-SNAPSHOT/ratis-metrics-0.4.0-2337318-SNAPSHOT.jar:/home/user/.m2/repository/org/apache/ratis/ratis-netty/0.4.0-2337318-SNAPSHOT/ratis-netty-0.4.0-2337318-SNAPSHOT.jar:/home/user/.m2/repository/org/apache/ratis/ratis-grpc/0.4.0-2337318-SNAPSHOT/ratis-grpc-0.4.0-2337318-SNAPSHOT.jar:/home/user/.m2/repository/org/rocksdb/rocksdbjni/6.0.1/rocksdbjni-6.0.1.jar:/home/user/.m2/repository/org/apache/logging/log4j/log4j-api/2.11.0/log4j-api-2.11.0.jar:/home/user/.m2/repository/org/apache/logging/log4j/log4j-core/2.11.0/log4j-core-2.11.0.jar:/home/user/.m2/repository/com/lmax/disruptor/3.4.2/disruptor-3.4.2.jar:/home/user/.m2/repository/org/apache/commons/commons-pool2/2.6.0/commons-pool2-2.6.0.jar:/home/user/.m2/repository/org/bouncycastle/bcpkix-jdk15on/1.60/bcpkix-jdk15on-1.60.jar:/home/user/.m2/repository/commons-validator/commons-validator/1.6/commons-validator-1.6.jar:/home/user/.m2/repository/commons-digester/commons-digester/1.8.1/commons-digester-1.8.1.jar:/home/user/.m2/repository/io/jaegertracing/jaeger-client/0.33.1/jaeger-client-0.33.1.jar:/home/user/.m2/repository/io/jaegertracing/jaeger-thrift/0.33.1/jaeger-thrift-0.33.1.jar:/home/user/.m2/repository/org/apache/thrift/libthrift/0.11.0/libthrift-0.11.0.jar:/home/user/.m2/repository/com/squareup/okhttp3/okhttp/3.9.0/okhttp-3.9.0.jar:/home/user/.m2/repository/com/squareup/okio/okio/1.13.0/okio-1.13.0.jar:/home/user/.m2/repository/io/jaegertracing/jaeger-core/0.33.1/jaeger-core-0.33.1.jar:/home/user/.m2/repository/io/jaegertracing/jaeger-tracerresolver/0.33.1/jaeger-tracerresolver-0.33.1.jar:/home/user/.m2/repository/io/opentracing/contrib/opentracing-tracerresolver/0.1.5/opentracing-tracerresolver-0.1.5.jar:/home/user/.m2/repository/io/opentracing/opentracing-util/0.31.0/opentracing-util-0.31.0.jar:/home/user/.m2/repository/io/opentracing/opentracing-api/0.31.0/opentracing-api-0.31.0.jar:/home/user/.m2/repository/io/opentracing/opentracing-noop/0.31.0/opentracing-noop-0.31.0.jar:/home/user/.m2/repository/org/apache/hadoop/hadoop-hdds-server-framework/0.4.1-SNAPSHOT/hadoop-hdds-server-framework-0.4.1-SNAPSHOT.jar:/home/user/.m2/repository/org/apache/hadoop/hadoop-hdds-container-service/0.4.1-SNAPSHOT/hadoop-hdds-container-service-0.4.1-SNAPSHOT.jar:/home/user/.m2/repository/org/apache/hadoop/hadoop-hdds-client/0.4.1-SNAPSHOT/hadoop-hdds-client-0.4.1-SNAPSHOT.jar:/home/user/.m2/repository/org/apache/hadoop/hadoop-hdds-tools/0.4.1-SNAPSHOT/hadoop-hdds-tools-0.4.1-SNAPSHOT.jar:/home/user/.m2/repository/org/apache/hadoop/hadoop-hdds-server-scm/0.4.1-SNAPSHOT/hadoop-hdds-server-scm-0.4.1-SNAPSHOT.jar:/home/user/.m2/repository/org/apache/hadoop/hadoop-hdds-docs/0.4.1-SNAPSHOT/hadoop-hdds-docs-0.4.1-SNAPSHOT.jar:/home/user/.m2/repository/io/dropwizard/metrics/metrics-core/3.2.4/metrics-core-3.2.4.jar:/home/user/.m2/repository/org/hamcrest/hamcrest-all/1.3/hamcrest-all-1.3.jar:/home/user/.m2/repository/org/bouncycastle/bcprov-jdk15on/1.60/bcprov-jdk15on-1.60.jar:/home/user/.m2/repository/info/picocli/picocli/3.9.6/picocli-3.9.6.jar:/home/user/.m2/repository/com/google/protobuf/protobuf-java/2.5.0/protobuf-java-2.5.0.jar:/home/user/.m2/repository/com/google/guava/guava/11.0.2/guava-11.0.2.jar:/home/user/.m2/repository/org/apache/hadoop/hadoop-ozone-ozone-manager/0.4.1-SNAPSHOT/hadoop-ozone-ozone-manager-0.4.1-SNAPSHOT.jar:/home/user/.m2/repository/org/apache/hadoop/hadoop-minikdc/3.2.0/hadoop-minikdc-3.2.0.jar:/home/user/.m2/repository/commons-io/commons-io/2.5/commons-io-2.5.jar:/home/user/.m2/repository/org/apache/kerby/kerb-simplekdc/1.0.1/kerb-simplekdc-1.0.1.jar:/home/user/.m2/repository/org/apache/kerby/kerb-client/1.0.1/kerb-client-1.0.1.jar:/home/user/.m2/repository/org/apache/kerby/kerby-config/1.0.1/kerby-config-1.0.1.jar:/home/user/.m2/repository/org/apache/kerby/kerb-core/1.0.1/kerb-core-1.0.1.jar:/home/user/.m2/repository/org/apache/kerby/kerby-pkix/1.0.1/kerby-pkix-1.0.1.jar:/home/user/.m2/repository/org/apache/kerby/kerby-asn1/1.0.1/kerby-asn1-1.0.1.jar:/home/user/.m2/repository/org/apache/kerby/kerby-util/1.0.1/kerby-util-1.0.1.jar:/home/user/.m2/repository/org/apache/kerby/kerb-common/1.0.1/kerb-common-1.0.1.jar:/home/user/.m2/repository/org/apache/kerby/kerb-crypto/1.0.1/kerb-crypto-1.0.1.jar:/home/user/.m2/repository/org/apache/kerby/kerb-util/1.0.1/kerb-util-1.0.1.jar:/home/user/.m2/repository/org/apache/kerby/token-provider/1.0.1/token-provider-1.0.1.jar:/home/user/.m2/repository/org/apache/kerby/kerb-admin/1.0.1/kerb-admin-1.0.1.jar:/home/user/.m2/repository/org/apache/kerby/kerb-server/1.0.1/kerb-server-1.0.1.jar:/home/user/.m2/repository/org/apache/kerby/kerb-identity/1.0.1/kerb-identity-1.0.1.jar:/home/user/.m2/repository/org/apache/kerby/kerby-xdr/1.0.1/kerby-xdr-1.0.1.jar:/home/user/.m2/repository/org/slf4j/slf4j-log4j12/1.7.25/slf4j-log4j12-1.7.25.jar:/home/user/.m2/repository/org/apache/hadoop/hadoop-ozone-objectstore-service/0.4.1-SNAPSHOT/hadoop-ozone-objectstore-service-0.4.1-SNAPSHOT.jar:/home/user/.m2/repository/org/apache/hadoop/hadoop-ozone-s3gateway/0.4.1-SNAPSHOT/hadoop-ozone-s3gateway-0.4.1-SNAPSHOT.jar:/home/user/.m2/repository/org/jboss/weld/servlet/weld-servlet/2.4.7.Final/weld-servlet-2.4.7.Final.jar:/home/user/.m2/repository/org/glassfish/jersey/containers/jersey-container-servlet-core/2.27/jersey-container-servlet-core-2.27.jar:/home/user/.m2/repository/org/glassfish/hk2/external/javax.inject/2.5.0-b42/javax.inject-2.5.0-b42.jar:/home/user/.m2/repository/org/glassfish/jersey/core/jersey-common/2.27/jersey-common-2.27.jar:/home/user/.m2/repository/org/glassfish/hk2/osgi-resource-locator/1.0.1/osgi-resource-locator-1.0.1.jar:/home/user/.m2/repository/javax/ws/rs/javax.ws.rs-api/2.1/javax.ws.rs-api-2.1.jar:/home/user/.m2/repository/org/glassfish/jersey/ext/cdi/jersey-cdi1x/2.27/jersey-cdi1x-2.27.jar:/home/user/.m2/repository/org/glassfish/jersey/inject/jersey-hk2/2.27/jersey-hk2-2.27.jar:/home/user/.m2/repository/org/glassfish/hk2/hk2-locator/2.5.0-b42/hk2-locator-2.5.0-b42.jar:/home/user/.m2/repository/org/javassist/javassist/3.22.0-CR2/javassist-3.22.0-CR2.jar:/home/user/.m2/repository/org/glassfish/hk2/hk2-api/2.5.0/hk2-api-2.5.0.jar:/home/user/.m2/repository/org/glassfish/hk2/external/jakarta.inject/2.5.0/jakarta.inject-2.5.0.jar:/home/user/.m2/repository/org/glassfish/hk2/hk2-utils/2.5.0/hk2-utils-2.5.0.jar:/home/user/.m2/repository/jakarta/annotation/jakarta.annotation-api/1.3.4/jakarta.annotation-api-1.3.4.jar:/home/user/.m2/repository/org/glassfish/hk2/external/aopalliance-repackaged/2.5.0/aopalliance-repackaged-2.5.0.jar:/home/user/.m2/repository/com/fasterxml/jackson/dataformat/jackson-dataformat-xml/2.9.0/jackson-dataformat-xml-2.9.0.jar:/home/user/.m2/repository/com/fasterxml/jackson/core/jackson-core/2.9.5/jackson-core-2.9.5.jar:/home/user/.m2/repository/com/fasterxml/jackson/module/jackson-module-jaxb-annotations/2.9.5/jackson-module-jaxb-annotations-2.9.5.jar:/home/user/.m2/repository/javax/enterprise/cdi-api/1.2/cdi-api-1.2.jar:/home/user/.m2/repository/javax/el/javax.el-api/3.0.0/javax.el-api-3.0.0.jar:/home/user/.m2/repository/javax/interceptor/javax.interceptor-api/1.2/javax.interceptor-api-1.2.jar:/home/user/.m2/repository/javax/inject/javax.inject/1/javax.inject-1.jar:/home/user/.m2/repository/com/sun/xml/bind/jaxb-impl/2.3.0.1/jaxb-impl-2.3.0.1.jar:/home/user/.m2/repository/com/sun/xml/bind/jaxb-core/2.3.0.1/jaxb-core-2.3.0.1.jar:/home/user/.m2/repository/javax/xml/bind/jaxb-api/2.3.0/jaxb-api-2.3.0.jar:/home/user/.m2/repository/javax/activation/activation/1.1.1/activation-1.1.1.jar:/home/user/.m2/repository/org/apache/hadoop/hadoop-ozone-csi/0.4.1-SNAPSHOT/hadoop-ozone-csi-0.4.1-SNAPSHOT.jar:/home/user/.m2/repository/com/google/protobuf/protobuf-java-util/3.5.1/protobuf-java-util-3.5.1.jar:/home/user/.m2/repository/org/apache/hadoop/hadoop-hdds-config/0.4.1-SNAPSHOT/hadoop-hdds-config-0.4.1-SNAPSHOT.jar:/home/user/.m2/repository/io/grpc/grpc-netty/1.17.1/grpc-netty-1.17.1.jar:/home/user/.m2/repository/io/grpc/grpc-core/1.17.1/grpc-core-1.17.1.jar:/home/user/.m2/repository/io/grpc/grpc-context/1.17.1/grpc-context-1.17.1.jar:/home/user/.m2/repository/com/google/errorprone/error_prone_annotations/2.2.0/error_prone_annotations-2.2.0.jar:/home/user/.m2/repository/org/codehaus/mojo/animal-sniffer-annotations/1.17/animal-sniffer-annotations-1.17.jar:/home/user/.m2/repository/io/opencensus/opencensus-api/0.17.0/opencensus-api-0.17.0.jar:/home/user/.m2/repository/io/opencensus/opencensus-contrib-grpc-metrics/0.17.0/opencensus-contrib-grpc-metrics-0.17.0.jar:/home/user/.m2/repository/io/netty/netty-codec-http2/4.1.30.Final/netty-codec-http2-4.1.30.Final.jar:/home/user/.m2/repository/io/netty/netty-codec-http/4.1.30.Final/netty-codec-http-4.1.30.Final.jar:/home/user/.m2/repository/io/netty/netty-codec/4.1.30.Final/netty-codec-4.1.30.Final.jar:/home/user/.m2/repository/io/netty/netty-handler/4.1.30.Final/netty-handler-4.1.30.Final.jar:/home/user/.m2/repository/io/netty/netty-handler-proxy/4.1.30.Final/netty-handler-proxy-4.1.30.Final.jar:/home/user/.m2/repository/io/netty/netty-codec-socks/4.1.30.Final/netty-codec-socks-4.1.30.Final.jar:/home/user/.m2/repository/io/netty/netty-transport-native-epoll/4.1.30.Final/netty-transport-native-epoll-4.1.30.Final.jar:/home/user/.m2/repository/io/netty/netty-common/4.1.30.Final/netty-common-4.1.30.Final.jar:/home/user/.m2/repository/io/netty/netty-buffer/4.1.30.Final/netty-buffer-4.1.30.Final.jar:/home/user/.m2/repository/io/netty/netty-transport/4.1.30.Final/netty-transport-4.1.30.Final.jar:/home/user/.m2/repository/io/netty/netty-resolver/4.1.30.Final/netty-resolver-4.1.30.Final.jar:/home/user/.m2/repository/io/netty/netty-transport-native-unix-common/4.1.30.Final/netty-transport-native-unix-common-4.1.30.Final.jar:/home/user/.m2/repository/io/grpc/grpc-protobuf/1.17.1/grpc-protobuf-1.17.1.jar:/home/user/.m2/repository/com/google/api/grpc/proto-google-common-protos/1.0.0/proto-google-common-protos-1.0.0.jar:/home/user/.m2/repository/io/grpc/grpc-protobuf-lite/1.17.1/grpc-protobuf-lite-1.17.1.jar:/home/user/.m2/repository/io/grpc/grpc-stub/1.17.1/grpc-stub-1.17.1.jar:/home/user/.m2/repository/org/apache/hadoop/hadoop-ozone-recon/0.4.1-SNAPSHOT/hadoop-ozone-recon-0.4.1-SNAPSHOT.jar:/home/user/.m2/repository/org/apache/hadoop/hadoop-ozone-reconcodegen/0.4.1-SNAPSHOT/hadoop-ozone-reconcodegen-0.4.1-SNAPSHOT.jar:/home/user/.m2/repository/com/google/inject/extensions/guice-multibindings/4.0/guice-multibindings-4.0.jar:/home/user/.m2/repository/com/google/inject/guice/4.0/guice-4.0.jar:/home/user/.m2/repository/aopalliance/aopalliance/1.0/aopalliance-1.0.jar:/home/user/.m2/repository/com/google/inject/extensions/guice-servlet/4.0/guice-servlet-4.0.jar:/home/user/.m2/repository/org/glassfish/jersey/containers/jersey-container-servlet/2.27/jersey-container-servlet-2.27.jar:/home/user/.m2/repository/org/glassfish/hk2/guice-bridge/2.5.0/guice-bridge-2.5.0.jar:/home/user/.m2/repository/org/glassfish/jersey/core/jersey-server/2.27/jersey-server-2.27.jar:/home/user/.m2/repository/org/glassfish/jersey/core/jersey-client/2.27/jersey-client-2.27.jar:/home/user/.m2/repository/org/glassfish/jersey/media/jersey-media-jaxb/2.27/jersey-media-jaxb-2.27.jar:/home/user/.m2/repository/javax/validation/validation-api/1.1.0.Final/validation-api-1.1.0.Final.jar:/home/user/.m2/repository/org/glassfish/jersey/media/jersey-media-json-jackson/2.27/jersey-media-json-jackson-2.27.jar:/home/user/.m2/repository/org/glassfish/jersey/ext/jersey-entity-filtering/2.27/jersey-entity-filtering-2.27.jar:/home/user/.m2/repository/com/google/inject/extensions/guice-assistedinject/4.0/guice-assistedinject-4.0.jar:/home/user/.m2/repository/org/jooq/jooq/3.11.10/jooq-3.11.10.jar:/home/user/.m2/repository/org/jooq/jooq-meta/3.11.10/jooq-meta-3.11.10.jar:/home/user/.m2/repository/org/jooq/jooq-codegen/3.11.10/jooq-codegen-3.11.10.jar:/home/user/.m2/repository/com/jolbox/bonecp/0.8.0.RELEASE/bonecp-0.8.0.RELEASE.jar:/home/user/.m2/repository/org/xerial/sqlite-jdbc/3.25.2/sqlite-jdbc-3.25.2.jar:/home/user/.m2/repository/org/springframework/spring-jdbc/5.1.3.RELEASE/spring-jdbc-5.1.3.RELEASE.jar:/home/user/.m2/repository/org/springframework/spring-beans/5.1.3.RELEASE/spring-beans-5.1.3.RELEASE.jar:/home/user/.m2/repository/org/springframework/spring-core/5.1.3.RELEASE/spring-core-5.1.3.RELEASE.jar:/home/user/.m2/repository/org/springframework/spring-jcl/5.1.3.RELEASE/spring-jcl-5.1.3.RELEASE.jar:/home/user/.m2/repository/org/springframework/spring-tx/5.1.3.RELEASE/spring-tx-5.1.3.RELEASE.jar:/home/user/.m2/repository/org/apache/hadoop/hadoop-ozone-client/0.4.1-SNAPSHOT/hadoop-ozone-client-0.4.1-SNAPSHOT.jar:/home/user/.m2/repository/commons-lang/commons-lang/2.6/commons-lang-2.6.jar:/home/user/.m2/repository/org/apache/hadoop/hadoop-ozone-ozone-manager/0.4.1-SNAPSHOT/hadoop-ozone-ozone-manager-0.4.1-SNAPSHOT-tests.jar:/home/user/.m2/repository/junit/junit/4.11/junit-4.11.jar:/home/user/.m2/repository/org/hamcrest/hamcrest-core/1.3/hamcrest-core-1.3.jar:/home/user/.m2/repository/org/openjdk/jmh/jmh-core/1.19/jmh-core-1.19.jar:/home/user/.m2/repository/net/sf/jopt-simple/jopt-simple/4.6/jopt-simple-4.6.jar:/home/user/.m2/repository/org/apache/commons/commons-math3/3.1.1/commons-math3-3.1.1.jar:/home/user/.m2/repository/org/openjdk/jmh/jmh-generator-annprocess/1.19/jmh-generator-annprocess-1.19.jar:/home/user/.m2/repository/org/mockito/mockito-all/1.8.5/mockito-all-1.8.5.jar:/home/user/.m2/repository/org/apache/hadoop/hadoop-kms/3.2.0/hadoop-kms-3.2.0.jar:/home/user/.m2/repository/org/apache/hadoop/hadoop-auth/3.2.0/hadoop-auth-3.2.0.jar:/home/user/.m2/repository/com/nimbusds/nimbus-jose-jwt/4.41.1/nimbus-jose-jwt-4.41.1.jar:/home/user/.m2/repository/com/github/stephenc/jcip/jcip-annotations/1.0-1/jcip-annotations-1.0-1.jar:/home/user/.m2/repository/net/minidev/json-smart/2.3/json-smart-2.3.jar:/home/user/.m2/repository/net/minidev/accessors-smart/1.2/accessors-smart-1.2.jar:/home/user/.m2/repository/org/ow2/asm/asm/5.0.4/asm-5.0.4.jar:/home/user/.m2/repository/org/apache/curator/curator-framework/2.12.0/curator-framework-2.12.0.jar:/home/user/.m2/repository/com/sun/jersey/jersey-core/1.19/jersey-core-1.19.jar:/home/user/.m2/repository/javax/ws/rs/jsr311-api/1.1.1/jsr311-api-1.1.1.jar:/home/user/.m2/repository/com/sun/jersey/jersey-server/1.19/jersey-server-1.19.jar:/home/user/.m2/repository/javax/servlet/javax.servlet-api/3.1.0/javax.servlet-api-3.1.0.jar:/home/user/.m2/repository/org/eclipse/jetty/jetty-server/9.3.24.v20180605/jetty-server-9.3.24.v20180605.jar:/home/user/.m2/repository/org/eclipse/jetty/jetty-http/9.3.24.v20180605/jetty-http-9.3.24.v20180605.jar:/home/user/.m2/repository/org/eclipse/jetty/jetty-io/9.3.24.v20180605/jetty-io-9.3.24.v20180605.jar:/home/user/.m2/repository/org/eclipse/jetty/jetty-webapp/9.3.24.v20180605/jetty-webapp-9.3.24.v20180605.jar:/home/user/.m2/repository/org/eclipse/jetty/jetty-xml/9.3.24.v20180605/jetty-xml-9.3.24.v20180605.jar:/home/user/.m2/repository/log4j/log4j/1.2.17/log4j-1.2.17.jar:/home/user/.m2/repository/org/slf4j/slf4j-api/1.7.25/slf4j-api-1.7.25.jar:/home/user/.m2/repository/org/slf4j/jul-to-slf4j/1.7.25/jul-to-slf4j-1.7.25.jar:/home/user/.m2/repository/org/eclipse/jetty/jetty-util/9.3.24.v20180605/jetty-util-9.3.24.v20180605.jar:/home/user/.m2/repository/com/fasterxml/jackson/core/jackson-databind/2.9.5/jackson-databind-2.9.5.jar:/home/user/.m2/repository/org/apache/hadoop/hadoop-kms/3.2.0/hadoop-kms-3.2.0-tests.jar:/home/user/.m2/repository/org/apache/hadoop/hadoop-hdds-server-scm/0.4.1-SNAPSHOT/hadoop-hdds-server-scm-0.4.1-SNAPSHOT-tests.jar:/home/user/.m2/repository/org/apache/hadoop/hadoop-hdds-container-service/0.4.1-SNAPSHOT/hadoop-hdds-container-service-0.4.1-SNAPSHOT-tests.jar:/home/user/.m2/repository/org/yaml/snakeyaml/1.16/snakeyaml-1.16.jar:/home/user/.m2/repository/org/apache/hadoop/hadoop-common/3.2.0/hadoop-common-3.2.0-tests.jar:/home/user/.m2/repository/org/apache/hadoop/hadoop-annotations/3.2.0/hadoop-annotations-3.2.0.jar:/usr/lib/jvm/java-1.8-openjdk/jre/../lib/tools.jar:/home/user/.m2/repository/commons-cli/commons-cli/1.2/commons-cli-1.2.jar:/home/user/.m2/repository/org/apache/httpcomponents/httpclient/4.5.2/httpclient-4.5.2.jar:/home/user/.m2/repository/org/apache/httpcomponents/httpcore/4.4.4/httpcore-4.4.4.jar:/home/user/.m2/repository/commons-codec/commons-codec/1.11/commons-codec-1.11.jar:/home/user/.m2/repository/commons-net/commons-net/3.6/commons-net-3.6.jar:/home/user/.m2/repository/commons-collections/commons-collections/3.2.2/commons-collections-3.2.2.jar:/home/user/.m2/repository/org/eclipse/jetty/jetty-servlet/9.3.24.v20180605/jetty-servlet-9.3.24.v20180605.jar:/home/user/.m2/repository/org/eclipse/jetty/jetty-security/9.3.24.v20180605/jetty-security-9.3.24.v20180605.jar:/home/user/.m2/repository/javax/servlet/jsp/jsp-api/2.1/jsp-api-2.1.jar:/home/user/.m2/repository/com/sun/jersey/jersey-servlet/1.19/jersey-servlet-1.19.jar:/home/user/.m2/repository/com/sun/jersey/jersey-json/1.19/jersey-json-1.19.jar:/home/user/.m2/repository/org/codehaus/jettison/jettison/1.1/jettison-1.1.jar:/home/user/.m2/repository/org/codehaus/jackson/jackson-core-asl/1.9.13/jackson-core-asl-1.9.13.jar:/home/user/.m2/repository/org/codehaus/jackson/jackson-mapper-asl/1.9.13/jackson-mapper-asl-1.9.13.jar:/home/user/.m2/repository/org/codehaus/jackson/jackson-jaxrs/1.9.13/jackson-jaxrs-1.9.13.jar:/home/user/.m2/repository/org/codehaus/jackson/jackson-xc/1.9.13/jackson-xc-1.9.13.jar:/home/user/.m2/repository/commons-logging/commons-logging/1.1.3/commons-logging-1.1.3.jar:/home/user/.m2/repository/commons-beanutils/commons-beanutils/1.9.3/commons-beanutils-1.9.3.jar:/home/user/.m2/repository/org/apache/commons/commons-configuration2/2.1.1/commons-configuration2-2.1.1.jar:/home/user/.m2/repository/org/apache/commons/commons-lang3/3.7/commons-lang3-3.7.jar:/home/user/.m2/repository/org/apache/commons/commons-text/1.4/commons-text-1.4.jar:/home/user/.m2/repository/org/apache/avro/avro/1.7.7/avro-1.7.7.jar:/home/user/.m2/repository/com/thoughtworks/paranamer/paranamer/2.3/paranamer-2.3.jar:/home/user/.m2/repository/org/xerial/snappy/snappy-java/1.0.5/snappy-java-1.0.5.jar:/home/user/.m2/repository/com/google/re2j/re2j/1.1/re2j-1.1.jar:/home/user/.m2/repository/com/google/code/gson/gson/2.2.4/gson-2.2.4.jar:/home/user/.m2/repository/com/jcraft/jsch/0.1.54/jsch-0.1.54.jar:/home/user/.m2/repository/org/apache/curator/curator-client/2.12.0/curator-client-2.12.0.jar:/home/user/.m2/repository/org/apache/curator/curator-recipes/2.12.0/curator-recipes-2.12.0.jar:/home/user/.m2/repository/com/google/code/findbugs/jsr305/3.0.0/jsr305-3.0.0.jar:/home/user/.m2/repository/org/apache/htrace/htrace-core4/4.1.0-incubating/htrace-core4-4.1.0-incubating.jar:/home/user/.m2/repository/org/apache/zookeeper/zookeeper/3.4.13/zookeeper-3.4.13.jar:/home/user/.m2/repository/org/apache/yetus/audience-annotations/0.5.0/audience-annotations-0.5.0.jar:/home/user/.m2/repository/org/codehaus/woodstox/stax2-api/3.1.4/stax2-api-3.1.4.jar:/home/user/.m2/repository/com/fasterxml/woodstox/woodstox-core/5.0.3/woodstox-core-5.0.3.jar:/home/user/.m2/repository/dnsjava/dnsjava/2.1.7/dnsjava-2.1.7.jar:/home/user/.m2/repository/org/apache/hadoop/hadoop-hdfs/3.2.0/hadoop-hdfs-3.2.0-tests.jar:/home/user/.m2/repository/org/eclipse/jetty/jetty-util-ajax/9.3.24.v20180605/jetty-util-ajax-9.3.24.v20180605.jar:/home/user/.m2/repository/commons-daemon/commons-daemon/1.0.13/commons-daemon-1.0.13.jar:/home/user/.m2/repository/io/netty/netty/3.10.5.Final/netty-3.10.5.Final.jar:/home/user/.m2/repository/io/netty/netty-all/4.0.52.Final/netty-all-4.0.52.Final.jar:/home/user/.m2/repository/org/fusesource/leveldbjni/leveldbjni-all/1.8/leveldbjni-all-1.8.jar:"/>
    <property name="sun.cpu.endian" value="little"/>
    <property name="user.home" value="/home/user"/>
    <property name="user.language" value="en"/>
    <property name="java.specification.vendor" value="Oracle Corporation"/>
    <property name="java.home" value="/usr/lib/jvm/java-1.8-openjdk/jre"/>
    <property name="java.security.krb5.conf" value="/workdir/hadoop-ozone/integration-test/target/test-classes/krb5.conf"/>
    <property name="basedir" value="/workdir/hadoop-ozone/integration-test"/>
    <property name="file.separator" value="/"/>
    <property name="line.separator" value="&#10;"/>
    <property name="java.vm.specification.vendor" value="Oracle Corporation"/>
    <property name="java.specification.name" value="Java Platform API Specification"/>
    <property name="java.awt.graphicsenv" value="sun.awt.X11GraphicsEnvironment"/>
    <property name="surefire.real.class.path" value="/workdir/hadoop-ozone/integration-test/target/surefire/surefirebooter8966380104398786174.jar"/>
    <property name="hadoop.log.dir" value="/workdir/hadoop-ozone/integration-test/target/log"/>
    <property name="sun.boot.class.path" value="/usr/lib/jvm/java-1.8-openjdk/jre/lib/resources.jar:/usr/lib/jvm/java-1.8-openjdk/jre/lib/rt.jar:/usr/lib/jvm/java-1.8-openjdk/jre/lib/sunrsasign.jar:/usr/lib/jvm/java-1.8-openjdk/jre/lib/jsse.jar:/usr/lib/jvm/java-1.8-openjdk/jre/lib/jce.jar:/usr/lib/jvm/java-1.8-openjdk/jre/lib/charsets.jar:/usr/lib/jvm/java-1.8-openjdk/jre/lib/jfr.jar:/usr/lib/jvm/java-1.8-openjdk/jre/classes"/>
    <property name="sun.management.compiler" value="HotSpot 64-Bit Tiered Compilers"/>
    <property name="java.runtime.version" value="1.8.0_212-b04"/>
    <property name="java.net.preferIPv4Stack" value="true"/>
    <property name="user.name" value="jenkins1000"/>
    <property name="path.separator" value=":"/>
    <property name="java.security.egd" value="file:///dev/urandom"/>
    <property name="os.version" value="3.10.0-957.12.2.el7.x86_64"/>
    <property name="java.endorsed.dirs" value="/usr/lib/jvm/java-1.8-openjdk/jre/lib/endorsed"/>
    <property name="java.runtime.name" value="OpenJDK Runtime Environment"/>
    <property name="file.encoding" value="UTF-8"/>
    <property name="java.vm.name" value="OpenJDK 64-Bit Server VM"/>
    <property name="test.build.webapps" value=""/>
    <property name="localRepository" value="/home/user/.m2/repository"/>
    <property name="java.vendor.url.bug" value="https://icedtea.classpath.org/bugzilla"/>
    <property name="java.io.tmpdir" value="/tmp"/>
    <property name="require.test.libhadoop" value=""/>
    <property name="java.version" value="1.8.0_212"/>
    <property name="user.dir" value="/workdir/hadoop-ozone/integration-test"/>
    <property name="os.arch" value="amd64"/>
    <property name="java.vm.specification.name" value="Java Virtual Machine Specification"/>
    <property name="test.build.classes" value="/workdir/hadoop-ozone/integration-test/target/test-classes"/>
    <property name="java.awt.printerjob" value="sun.print.PSPrinterJob"/>
    <property name="sun.os.patch.level" value="unknown"/>
    <property name="hadoop.tmp.dir" value="/workdir/hadoop-ozone/integration-test/target/tmp"/>
    <property name="java.library.path" value="/usr/lib/jvm/java-1.8-openjdk/jre/lib/amd64/server:/usr/lib/jvm/java-1.8-openjdk/jre/lib/amd64:/usr/lib/jvm/java-1.8-openjdk/jre/../lib/amd64:/workdir/hadoop-ozone/integration-test/target/native/target/usr/local/lib:/workdir/hadoop-ozone/integration-test/../../hadoop-common-project/hadoop-common/target/native/target/usr/local/lib:/usr/java/packages/lib/amd64:/usr/lib64:/lib64:/lib:/usr/lib"/>
    <property name="java.vm.info" value="mixed mode"/>
    <property name="java.vendor" value="IcedTea"/>
    <property name="java.vm.version" value="25.212-b04"/>
    <property name="java.ext.dirs" value="/usr/lib/jvm/java-1.8-openjdk/jre/lib/ext:/usr/java/packages/lib/ext"/>
    <property name="sun.io.unicode.encoding" value="UnicodeLittle"/>
    <property name="java.class.version" value="52.0"/>
  </properties>
  <testcase name="testMultiBlockWritesWithDnFailures" classname="org.apache.hadoop.ozone.client.rpc.TestMultiBlockWritesWithDnFailures" time="31.398">
    <error message="Allocated 0 blocks. Requested 1 blocks" type="INTERNAL_ERROR org.apache.hadoop.ozone.om.exceptions.OMException">INTERNAL_ERROR org.apache.hadoop.ozone.om.exceptions.OMException: Allocated 0 blocks. Requested 1 blocks
	at org.apache.hadoop.ozone.om.protocolPB.OzoneManagerProtocolClientSideTranslatorPB.handleError(OzoneManagerProtocolClientSideTranslatorPB.java:720)
	at org.apache.hadoop.ozone.om.protocolPB.OzoneManagerProtocolClientSideTranslatorPB.allocateBlock(OzoneManagerProtocolClientSideTranslatorPB.java:752)
	at org.apache.hadoop.ozone.client.io.BlockOutputStreamEntryPool.allocateNewBlock(BlockOutputStreamEntryPool.java:248)
	at org.apache.hadoop.ozone.client.io.BlockOutputStreamEntryPool.allocateBlockIfNeeded(BlockOutputStreamEntryPool.java:296)
	at org.apache.hadoop.ozone.client.io.KeyOutputStream.handleWrite(KeyOutputStream.java:201)
	at org.apache.hadoop.ozone.client.io.KeyOutputStream.handleRetry(KeyOutputStream.java:376)
	at org.apache.hadoop.ozone.client.io.KeyOutputStream.handleException(KeyOutputStream.java:325)
	at org.apache.hadoop.ozone.client.io.KeyOutputStream.handleWrite(KeyOutputStream.java:231)
	at org.apache.hadoop.ozone.client.io.KeyOutputStream.write(KeyOutputStream.java:193)
	at org.apache.hadoop.ozone.client.io.OzoneOutputStream.write(OzoneOutputStream.java:49)
	at java.io.OutputStream.write(OutputStream.java:75)
	at org.apache.hadoop.ozone.client.rpc.TestMultiBlockWritesWithDnFailures.testMultiBlockWritesWithDnFailures(TestMultiBlockWritesWithDnFailures.java:144)
	at sun.reflect.NativeMethodAccessorImpl.invoke0(Native Method)
	at sun.reflect.NativeMethodAccessorImpl.invoke(NativeMethodAccessorImpl.java:62)
	at sun.reflect.DelegatingMethodAccessorImpl.invoke(DelegatingMethodAccessorImpl.java:43)
	at java.lang.reflect.Method.invoke(Method.java:498)
	at org.junit.runners.model.FrameworkMethod$1.runReflectiveCall(FrameworkMethod.java:47)
	at org.junit.internal.runners.model.ReflectiveCallable.run(ReflectiveCallable.java:12)
	at org.junit.runners.model.FrameworkMethod.invokeExplosively(FrameworkMethod.java:44)
	at org.junit.internal.runners.statements.InvokeMethod.evaluate(InvokeMethod.java:17)
	at org.junit.runners.ParentRunner.runLeaf(ParentRunner.java:271)
	at org.junit.runners.BlockJUnit4ClassRunner.runChild(BlockJUnit4ClassRunner.java:70)
	at org.junit.runners.BlockJUnit4ClassRunner.runChild(BlockJUnit4ClassRunner.java:50)
	at org.junit.runners.ParentRunner$3.run(ParentRunner.java:238)
	at org.junit.runners.ParentRunner$1.schedule(ParentRunner.java:63)
	at org.junit.runners.ParentRunner.runChildren(ParentRunner.java:236)
	at org.junit.runners.ParentRunner.access$000(ParentRunner.java:53)
	at org.junit.runners.ParentRunner$2.evaluate(ParentRunner.java:229)
	at org.junit.runners.ParentRunner.run(ParentRunner.java:309)
	at org.apache.maven.surefire.junit4.JUnit4Provider.execute(JUnit4Provider.java:365)
	at org.apache.maven.surefire.junit4.JUnit4Provider.executeWithRerun(JUnit4Provider.java:273)
	at org.apache.maven.surefire.junit4.JUnit4Provider.executeTestSet(JUnit4Provider.java:238)
	at org.apache.maven.surefire.junit4.JUnit4Provider.invoke(JUnit4Provider.java:159)
	at org.apache.maven.surefire.booter.ForkedBooter.invokeProviderInSameClassLoader(ForkedBooter.java:384)
	at org.apache.maven.surefire.booter.ForkedBooter.runSuitesInProcess(ForkedBooter.java:345)
	at org.apache.maven.surefire.booter.ForkedBooter.execute(ForkedBooter.java:126)
	at org.apache.maven.surefire.booter.ForkedBooter.main(ForkedBooter.java:418)
</error>
    <system-out><![CDATA[2019-08-12 03:44:38,253 WARN  server.ServerUtils (ServerUtils.java:getScmDbDir(145)) - ozone.scm.db.dirs is not configured. We recommend adding this setting. Falling back to ozone.metadata.dirs instead.
2019-08-12 03:44:38,359 WARN  server.ServerUtils (ServerUtils.java:getScmDbDir(145)) - ozone.scm.db.dirs is not configured. We recommend adding this setting. Falling back to ozone.metadata.dirs instead.
2019-08-12 03:44:38,362 WARN  server.ServerUtils (ServerUtils.java:getScmDbDir(145)) - ozone.scm.db.dirs is not configured. We recommend adding this setting. Falling back to ozone.metadata.dirs instead.
2019-08-12 03:44:38,381 INFO  util.log (Log.java:initialized(192)) - Logging initialized @900ms
2019-08-12 03:44:38,479 INFO  db.DBStoreBuilder (DBStoreBuilder.java:addTable(110)) - using custom profile for table: deletedBlocks
2019-08-12 03:44:38,479 INFO  db.DBStoreBuilder (DBStoreBuilder.java:processTables(161)) - Using default column profile:DBProfile.DISK for Table:deletedBlocks
2019-08-12 03:44:38,480 INFO  db.DBStoreBuilder (DBStoreBuilder.java:addTable(110)) - using custom profile for table: validCerts
2019-08-12 03:44:38,480 INFO  db.DBStoreBuilder (DBStoreBuilder.java:processTables(161)) - Using default column profile:DBProfile.DISK for Table:validCerts
2019-08-12 03:44:38,480 INFO  db.DBStoreBuilder (DBStoreBuilder.java:addTable(110)) - using custom profile for table: revokedCerts
2019-08-12 03:44:38,481 INFO  db.DBStoreBuilder (DBStoreBuilder.java:processTables(161)) - Using default column profile:DBProfile.DISK for Table:revokedCerts
2019-08-12 03:44:38,495 INFO  db.DBStoreBuilder (DBStoreBuilder.java:addTable(110)) - using custom profile for table: default
2019-08-12 03:44:38,495 INFO  db.DBStoreBuilder (DBStoreBuilder.java:processTables(167)) - Using default column profile:DBProfile.DISK for Table:default
2019-08-12 03:44:38,496 INFO  db.DBStoreBuilder (DBStoreBuilder.java:getDbProfile(198)) - Using default options. DBProfile.DISK
2019-08-12 03:44:38,710 INFO  net.NodeSchemaLoader (NodeSchemaLoader.java:loadSchemaFromFile(125)) - Loading file from sun.misc.CompoundEnumeration@7193666c
2019-08-12 03:44:38,714 INFO  net.NodeSchemaLoader (NodeSchemaLoader.java:loadSchema(171)) - Loading network topology layer schema file
2019-08-12 03:44:38,811 INFO  node.SCMNodeManager (SCMNodeManager.java:<init>(121)) - Entering startup safe mode.
2019-08-12 03:44:38,906 WARN  server.ServerUtils (ServerUtils.java:getScmDbDir(145)) - ozone.scm.db.dirs is not configured. We recommend adding this setting. Falling back to ozone.metadata.dirs instead.
2019-08-12 03:44:38,977 INFO  pipeline.SCMPipelineManager (SCMPipelineManager.java:initializePipelineState(126)) - No pipeline exists in current db
2019-08-12 03:44:38,979 WARN  server.ServerUtils (ServerUtils.java:getScmDbDir(145)) - ozone.scm.db.dirs is not configured. We recommend adding this setting. Falling back to ozone.metadata.dirs instead.
2019-08-12 03:44:39,078 WARN  events.EventQueue (EventQueue.java:fireEvent(175)) - No event handler registered for event TypedEvent{payloadType=SafeModeStatus, name='SafeModeStatus'}
2019-08-12 03:44:39,450 INFO  ipc.CallQueueManager (CallQueueManager.java:<init>(84)) - Using callQueue: class java.util.concurrent.LinkedBlockingQueue, queueCapacity: 2000, scheduler: class org.apache.hadoop.ipc.DefaultRpcScheduler, ipcBackoff: false.
2019-08-12 03:44:39,472 INFO  ipc.Server (Server.java:run(1074)) - Starting Socket Reader #1 for port 44015
2019-08-12 03:44:39,497 INFO  ipc.CallQueueManager (CallQueueManager.java:<init>(84)) - Using callQueue: class java.util.concurrent.LinkedBlockingQueue, queueCapacity: 2000, scheduler: class org.apache.hadoop.ipc.DefaultRpcScheduler, ipcBackoff: false.
2019-08-12 03:44:39,498 INFO  ipc.Server (Server.java:run(1074)) - Starting Socket Reader #1 for port 44599
2019-08-12 03:44:39,505 INFO  ipc.CallQueueManager (CallQueueManager.java:<init>(84)) - Using callQueue: class java.util.concurrent.LinkedBlockingQueue, queueCapacity: 2000, scheduler: class org.apache.hadoop.ipc.DefaultRpcScheduler, ipcBackoff: false.
2019-08-12 03:44:39,506 INFO  ipc.Server (Server.java:run(1074)) - Starting Socket Reader #1 for port 37079
2019-08-12 03:44:39,619 INFO  hdfs.DFSUtil (DFSUtil.java:httpServerTemplateForNNAndJN(1641)) - Starting Web-server for scm at: http://0.0.0.0:0
2019-08-12 03:44:39,776 INFO  server.AuthenticationFilter (AuthenticationFilter.java:constructSecretProvider(240)) - Unable to initialize FileSignerSecretProvider, falling back to use random secrets.
2019-08-12 03:44:39,783 WARN  http.HttpRequestLog (HttpRequestLog.java:getRequestLog(97)) - Jetty request log can only be enabled using Log4j
2019-08-12 03:44:39,789 INFO  http.HttpServer2 (HttpServer2.java:addGlobalFilter(975)) - Added global filter 'safety' (class=org.apache.hadoop.http.HttpServer2$QuotingInputFilter)
2019-08-12 03:44:39,792 INFO  http.HttpServer2 (HttpServer2.java:addFilter(948)) - Added filter static_user_filter (class=org.apache.hadoop.http.lib.StaticUserWebFilter$StaticUserFilter) to context scm
2019-08-12 03:44:39,792 INFO  http.HttpServer2 (HttpServer2.java:addFilter(958)) - Added filter static_user_filter (class=org.apache.hadoop.http.lib.StaticUserWebFilter$StaticUserFilter) to context logs
2019-08-12 03:44:39,792 INFO  http.HttpServer2 (HttpServer2.java:addFilter(958)) - Added filter static_user_filter (class=org.apache.hadoop.http.lib.StaticUserWebFilter$StaticUserFilter) to context static
2019-08-12 03:44:39,820 INFO  server.StorageContainerManager (StorageContainerManager.java:start(759)) - StorageContainerLocationProtocol RPC server is listening at /0.0.0.0:37079
2019-08-12 03:44:39,886 WARN  impl.MetricsConfig (MetricsConfig.java:loadFirst(134)) - Cannot locate configuration: tried hadoop-metrics2-storagecontainermanager.properties,hadoop-metrics2.properties
2019-08-12 03:44:39,900 INFO  impl.MetricsSystemImpl (MetricsSystemImpl.java:startTimer(374)) - Scheduled Metric snapshot period at 10 second(s).
2019-08-12 03:44:39,900 INFO  impl.MetricsSystemImpl (MetricsSystemImpl.java:start(191)) - StorageContainerManager metrics system started
2019-08-12 03:44:40,146 INFO  server.SCMClientProtocolServer (SCMClientProtocolServer.java:start(151)) - RPC server for Client  is listening at /0.0.0.0:37079
2019-08-12 03:44:40,146 INFO  ipc.Server (Server.java:run(1314)) - IPC Server Responder: starting
2019-08-12 03:44:40,146 INFO  ipc.Server (Server.java:run(1153)) - IPC Server listener on 37079: starting
2019-08-12 03:44:40,149 INFO  server.StorageContainerManager (StorageContainerManager.java:start(769)) - ScmBlockLocationProtocol RPC server is listening at /0.0.0.0:44599
2019-08-12 03:44:40,149 INFO  server.SCMBlockProtocolServer (SCMBlockProtocolServer.java:start(140)) - RPC server for Block Protocol is listening at /0.0.0.0:44599
2019-08-12 03:44:40,149 INFO  ipc.Server (Server.java:run(1314)) - IPC Server Responder: starting
2019-08-12 03:44:40,149 INFO  ipc.Server (Server.java:run(1153)) - IPC Server listener on 44599: starting
2019-08-12 03:44:40,151 INFO  server.StorageContainerManager (StorageContainerManager.java:start(773)) - ScmDatanodeProtocl RPC server is listening at /0.0.0.0:44015
2019-08-12 03:44:40,151 INFO  server.SCMDatanodeProtocolServer (SCMDatanodeProtocolServer.java:start(191)) - RPC server for DataNodes is listening at /0.0.0.0:44015
2019-08-12 03:44:40,152 INFO  ipc.Server (Server.java:run(1314)) - IPC Server Responder: starting
2019-08-12 03:44:40,152 INFO  ipc.Server (Server.java:run(1153)) - IPC Server listener on 44015: starting
2019-08-12 03:44:40,155 INFO  http.HttpServer2 (HttpServer2.java:bindListener(1191)) - Jetty bound to port 42217
2019-08-12 03:44:40,157 INFO  server.Server (Server.java:doStart(351)) - jetty-9.3.24.v20180605, build timestamp: 2018-06-05T17:11:56Z, git hash: 84205aa28f11a4f31f2a3b86d1bba2cc8ab69827
2019-08-12 03:44:40,194 INFO  handler.ContextHandler (ContextHandler.java:doStart(781)) - Started o.e.j.s.ServletContextHandler@75f95314{/logs,file:///workdir/hadoop-ozone/integration-test/target/log,AVAILABLE}
2019-08-12 03:44:40,195 INFO  handler.ContextHandler (ContextHandler.java:doStart(781)) - Started o.e.j.s.ServletContextHandler@6bbe2511{/static,file:///workdir/hadoop-ozone/integration-test/target/test-classes/webapps/static,AVAILABLE}
2019-08-12 03:44:40,225 INFO  handler.ContextHandler (ContextHandler.java:doStart(781)) - Started o.e.j.w.WebAppContext@285d851a{/,file:///workdir/hadoop-ozone/integration-test/target/test-classes/webapps/scm/,AVAILABLE}{/scm}
2019-08-12 03:44:40,230 INFO  server.AbstractConnector (AbstractConnector.java:doStart(278)) - Started ServerConnector@32232e55{HTTP/1.1,[http/1.1]}{0.0.0.0:42217}
2019-08-12 03:44:40,230 INFO  server.Server (Server.java:doStart(419)) - Started @2750ms
2019-08-12 03:44:40,231 INFO  server.BaseHttpServer (BaseHttpServer.java:updateConnectorAddress(207)) - HTTP server of SCM is listening at http://0.0.0.0:42217
2019-08-12 03:44:40,236 INFO  util.JvmPauseMonitor (JvmPauseMonitor.java:run(188)) - Starting JVM pause monitor
2019-08-12 03:44:40,238 WARN  server.ServerUtils (ServerUtils.java:getDBPath(222)) - ozone.om.db.dirs is not configured. We recommend adding this setting. Falling back to ozone.metadata.dirs instead.
2019-08-12 03:44:40,375 WARN  server.ServerUtils (ServerUtils.java:getDBPath(222)) - ozone.om.db.dirs is not configured. We recommend adding this setting. Falling back to ozone.metadata.dirs instead.
2019-08-12 03:44:40,375 WARN  server.ServerUtils (ServerUtils.java:getDBPath(222)) - ozone.om.db.dirs is not configured. We recommend adding this setting. Falling back to ozone.metadata.dirs instead.
2019-08-12 03:44:40,376 INFO  om.OzoneManager (OzoneManager.java:setOMNodeDetails(644)) - OM Service ID is not set. Setting it to the default ID: omServiceIdDefault
2019-08-12 03:44:40,377 INFO  om.OzoneManager (OzoneManager.java:setOMNodeDetails(650)) - OM Node ID is not set. Setting it to the OmStorage's OmID: fbc9de4b-76eb-47c6-82ab-dd6dc1f1de90
2019-08-12 03:44:40,378 INFO  om.OzoneManager (OzoneManager.java:loadOMHAConfigs(601)) - Found matching OM address with OMServiceId: null, OMNodeId: null, RPC Address: localhost:0 and Ratis port: 9872
2019-08-12 03:44:41,088 WARN  server.ServerUtils (ServerUtils.java:getDBPath(222)) - ozone.om.db.dirs is not configured. We recommend adding this setting. Falling back to ozone.metadata.dirs instead.
2019-08-12 03:44:41,096 INFO  db.DBStoreBuilder (DBStoreBuilder.java:addTable(110)) - using custom profile for table: userTable
2019-08-12 03:44:41,096 INFO  db.DBStoreBuilder (DBStoreBuilder.java:processTables(161)) - Using default column profile:DBProfile.DISK for Table:userTable
2019-08-12 03:44:41,097 INFO  db.DBStoreBuilder (DBStoreBuilder.java:addTable(110)) - using custom profile for table: volumeTable
2019-08-12 03:44:41,097 INFO  db.DBStoreBuilder (DBStoreBuilder.java:processTables(161)) - Using default column profile:DBProfile.DISK for Table:volumeTable
2019-08-12 03:44:41,097 INFO  db.DBStoreBuilder (DBStoreBuilder.java:addTable(110)) - using custom profile for table: bucketTable
2019-08-12 03:44:41,097 INFO  db.DBStoreBuilder (DBStoreBuilder.java:processTables(161)) - Using default column profile:DBProfile.DISK for Table:bucketTable
2019-08-12 03:44:41,098 INFO  db.DBStoreBuilder (DBStoreBuilder.java:addTable(110)) - using custom profile for table: keyTable
2019-08-12 03:44:41,098 INFO  db.DBStoreBuilder (DBStoreBuilder.java:processTables(161)) - Using default column profile:DBProfile.DISK for Table:keyTable
2019-08-12 03:44:41,098 INFO  db.DBStoreBuilder (DBStoreBuilder.java:addTable(110)) - using custom profile for table: deletedTable
2019-08-12 03:44:41,098 INFO  db.DBStoreBuilder (DBStoreBuilder.java:processTables(161)) - Using default column profile:DBProfile.DISK for Table:deletedTable
2019-08-12 03:44:41,099 INFO  db.DBStoreBuilder (DBStoreBuilder.java:addTable(110)) - using custom profile for table: openKeyTable
2019-08-12 03:44:41,099 INFO  db.DBStoreBuilder (DBStoreBuilder.java:processTables(161)) - Using default column profile:DBProfile.DISK for Table:openKeyTable
2019-08-12 03:44:41,099 INFO  db.DBStoreBuilder (DBStoreBuilder.java:addTable(110)) - using custom profile for table: s3Table
2019-08-12 03:44:41,099 INFO  db.DBStoreBuilder (DBStoreBuilder.java:processTables(161)) - Using default column profile:DBProfile.DISK for Table:s3Table
2019-08-12 03:44:41,100 INFO  db.DBStoreBuilder (DBStoreBuilder.java:addTable(110)) - using custom profile for table: multipartInfoTable
2019-08-12 03:44:41,100 INFO  db.DBStoreBuilder (DBStoreBuilder.java:processTables(161)) - Using default column profile:DBProfile.DISK for Table:multipartInfoTable
2019-08-12 03:44:41,100 INFO  db.DBStoreBuilder (DBStoreBuilder.java:addTable(110)) - using custom profile for table: dTokenTable
2019-08-12 03:44:41,100 INFO  db.DBStoreBuilder (DBStoreBuilder.java:processTables(161)) - Using default column profile:DBProfile.DISK for Table:dTokenTable
2019-08-12 03:44:41,101 INFO  db.DBStoreBuilder (DBStoreBuilder.java:addTable(110)) - using custom profile for table: s3SecretTable
2019-08-12 03:44:41,101 INFO  db.DBStoreBuilder (DBStoreBuilder.java:processTables(161)) - Using default column profile:DBProfile.DISK for Table:s3SecretTable
2019-08-12 03:44:41,101 INFO  db.DBStoreBuilder (DBStoreBuilder.java:addTable(110)) - using custom profile for table: prefixTable
2019-08-12 03:44:41,101 INFO  db.DBStoreBuilder (DBStoreBuilder.java:processTables(161)) - Using default column profile:DBProfile.DISK for Table:prefixTable
2019-08-12 03:44:41,102 INFO  db.DBStoreBuilder (DBStoreBuilder.java:addTable(110)) - using custom profile for table: default
2019-08-12 03:44:41,102 INFO  db.DBStoreBuilder (DBStoreBuilder.java:processTables(167)) - Using default column profile:DBProfile.DISK for Table:default
2019-08-12 03:44:41,102 INFO  db.DBStoreBuilder (DBStoreBuilder.java:getDbProfile(198)) - Using default options. DBProfile.DISK
2019-08-12 03:44:41,566 INFO  ipc.CallQueueManager (CallQueueManager.java:<init>(84)) - Using callQueue: class java.util.concurrent.LinkedBlockingQueue, queueCapacity: 2000, scheduler: class org.apache.hadoop.ipc.DefaultRpcScheduler, ipcBackoff: false.
2019-08-12 03:44:41,567 INFO  ipc.Server (Server.java:run(1074)) - Starting Socket Reader #1 for port 41501
2019-08-12 03:44:41,588 INFO  om.OzoneManager (OzoneManager.java:start(1255)) - OzoneManager RPC server is listening at localhost/127.0.0.1:41501
2019-08-12 03:44:41,589 INFO  impl.MetricsSystemImpl (MetricsSystemImpl.java:init(158)) - OzoneManager metrics system started (again)
2019-08-12 03:44:41,591 INFO  ipc.Server (Server.java:run(1314)) - IPC Server Responder: starting
2019-08-12 03:44:41,591 INFO  ipc.Server (Server.java:run(1153)) - IPC Server listener on 41501: starting
2019-08-12 03:44:41,596 INFO  hdfs.DFSUtil (DFSUtil.java:httpServerTemplateForNNAndJN(1641)) - Starting Web-server for ozoneManager at: http://0.0.0.0:0
2019-08-12 03:44:41,597 INFO  server.AuthenticationFilter (AuthenticationFilter.java:constructSecretProvider(240)) - Unable to initialize FileSignerSecretProvider, falling back to use random secrets.
2019-08-12 03:44:41,598 WARN  http.HttpRequestLog (HttpRequestLog.java:getRequestLog(97)) - Jetty request log can only be enabled using Log4j
2019-08-12 03:44:41,600 INFO  http.HttpServer2 (HttpServer2.java:addGlobalFilter(975)) - Added global filter 'safety' (class=org.apache.hadoop.http.HttpServer2$QuotingInputFilter)
2019-08-12 03:44:41,601 INFO  http.HttpServer2 (HttpServer2.java:addFilter(948)) - Added filter static_user_filter (class=org.apache.hadoop.http.lib.StaticUserWebFilter$StaticUserFilter) to context ozoneManager
2019-08-12 03:44:41,601 INFO  http.HttpServer2 (HttpServer2.java:addFilter(958)) - Added filter static_user_filter (class=org.apache.hadoop.http.lib.StaticUserWebFilter$StaticUserFilter) to context static
2019-08-12 03:44:41,602 INFO  http.HttpServer2 (HttpServer2.java:addFilter(958)) - Added filter static_user_filter (class=org.apache.hadoop.http.lib.StaticUserWebFilter$StaticUserFilter) to context logs
2019-08-12 03:44:41,604 INFO  http.HttpServer2 (HttpServer2.java:bindListener(1191)) - Jetty bound to port 40007
2019-08-12 03:44:41,605 INFO  server.Server (Server.java:doStart(351)) - jetty-9.3.24.v20180605, build timestamp: 2018-06-05T17:11:56Z, git hash: 84205aa28f11a4f31f2a3b86d1bba2cc8ab69827
2019-08-12 03:44:41,606 INFO  handler.ContextHandler (ContextHandler.java:doStart(781)) - Started o.e.j.s.ServletContextHandler@7808fb9{/logs,file:///workdir/hadoop-ozone/integration-test/target/log,AVAILABLE}
2019-08-12 03:44:41,607 INFO  handler.ContextHandler (ContextHandler.java:doStart(781)) - Started o.e.j.s.ServletContextHandler@6b580b88{/static,file:///workdir/hadoop-ozone/integration-test/target/test-classes/webapps/static,AVAILABLE}
2019-08-12 03:44:41,612 INFO  handler.ContextHandler (ContextHandler.java:doStart(781)) - Started o.e.j.w.WebAppContext@4a1c0752{/,file:///workdir/hadoop-ozone/integration-test/target/test-classes/webapps/ozoneManager/,AVAILABLE}{/ozoneManager}
2019-08-12 03:44:41,613 INFO  server.AbstractConnector (AbstractConnector.java:doStart(278)) - Started ServerConnector@332f25c8{HTTP/1.1,[http/1.1]}{0.0.0.0:40007}
2019-08-12 03:44:41,613 INFO  server.Server (Server.java:doStart(419)) - Started @4132ms
2019-08-12 03:44:41,614 INFO  server.BaseHttpServer (BaseHttpServer.java:updateConnectorAddress(207)) - HTTP server of OZONEMANAGER is listening at http://0.0.0.0:40007
2019-08-12 03:44:41,889 INFO  impl.MetricsSystemImpl (MetricsSystemImpl.java:init(158)) - HddsDatanode metrics system started (again)
2019-08-12 03:44:41,986 INFO  ozone.HddsDatanodeService (HddsDatanodeService.java:start(184)) - HddsDatanodeService host:byscane-nightly-pnj9f-4033720222 ip:192.168.157.230
2019-08-12 03:44:42,016 INFO  volume.HddsVolume (HddsVolume.java:<init>(176)) - Creating Volume: /workdir/hadoop-ozone/integration-test/target/test-dir/MiniOzoneClusterImpl-230b7a8d-0008-4ef7-8cf3-9f4f6684a3c2/datanode-0/data/containers/hdds of  storage type : DISK and capacity : 52710309888
2019-08-12 03:44:42,017 INFO  volume.VolumeSet (VolumeSet.java:initializeVolumeSet(170)) - Added Volume : /workdir/hadoop-ozone/integration-test/target/test-dir/MiniOzoneClusterImpl-230b7a8d-0008-4ef7-8cf3-9f4f6684a3c2/datanode-0/data/containers/hdds to VolumeSet
2019-08-12 03:44:42,020 INFO  volume.ThrottledAsyncChecker (ThrottledAsyncChecker.java:schedule(140)) - Scheduling a check for org.apache.hadoop.ozone.container.common.volume.HddsVolume@29a69a35
2019-08-12 03:44:42,037 INFO  volume.HddsVolumeChecker (HddsVolumeChecker.java:checkAllVolumes(203)) - Scheduled health check for volume org.apache.hadoop.ozone.container.common.volume.HddsVolume@29a69a35
2019-08-12 03:44:42,159 INFO  impl.RaftServerProxy (ConfUtils.java:logGet(43)) - raft.rpc.type = GRPC (default)
2019-08-12 03:44:42,236 INFO  grpc.GrpcFactory (GrpcFactory.java:checkPooledByteBufAllocatorUseCacheForAllThreads(45)) - PERFORMANCE WARNING: useCacheForAllThreads is true that may cause Netty to create a lot garbage objects and, as a result, trigger GC.
	It is recommended to disable useCacheForAllThreads by setting -Dorg.apache.ratis.thirdparty.io.netty.allocator.useCacheForAllThreads=false in command line.
2019-08-12 03:44:42,241 INFO  grpc.GrpcConfigKeys$Server (ConfUtils.java:logGet(43)) - raft.grpc.server.port = 0 (default)
2019-08-12 03:44:42,242 INFO  server.GrpcService (ConfUtils.java:logGet(43)) - raft.grpc.message.size.max = 33570816 (custom)
2019-08-12 03:44:42,244 INFO  server.RaftServerConfigKeys (ConfUtils.java:logGet(43)) - raft.server.log.appender.buffer.byte-limit = 33554432 (custom)
2019-08-12 03:44:42,244 INFO  server.GrpcService (ConfUtils.java:logGet(43)) - raft.grpc.flow.control.window = 1MB (=1048576) (default)
2019-08-12 03:44:42,245 INFO  server.RaftServerConfigKeys (ConfUtils.java:logGet(43)) - raft.server.rpc.request.timeout = 3000ms (default)
2019-08-12 03:44:42,407 INFO  server.RaftServerConfigKeys (ConfUtils.java:logGet(43)) - raft.server.storage.dir = [/workdir/hadoop-ozone/integration-test/target/test-dir/MiniOzoneClusterImpl-230b7a8d-0008-4ef7-8cf3-9f4f6684a3c2/datanode-0/data/ratis] (custom)
2019-08-12 03:44:42,444 INFO  replication.SimpleContainerDownloader (SimpleContainerDownloader.java:<init>(72)) - Starting container downloader service to copy containers to replicate.
2019-08-12 03:44:42,462 INFO  hdfs.DFSUtil (DFSUtil.java:httpServerTemplateForNNAndJN(1641)) - Starting Web-server for hddsDatanode at: http://0.0.0.0:0
2019-08-12 03:44:42,464 INFO  server.AuthenticationFilter (AuthenticationFilter.java:constructSecretProvider(240)) - Unable to initialize FileSignerSecretProvider, falling back to use random secrets.
2019-08-12 03:44:42,465 WARN  http.HttpRequestLog (HttpRequestLog.java:getRequestLog(97)) - Jetty request log can only be enabled using Log4j
2019-08-12 03:44:42,466 INFO  http.HttpServer2 (HttpServer2.java:addGlobalFilter(975)) - Added global filter 'safety' (class=org.apache.hadoop.http.HttpServer2$QuotingInputFilter)
2019-08-12 03:44:42,467 INFO  http.HttpServer2 (HttpServer2.java:addFilter(948)) - Added filter static_user_filter (class=org.apache.hadoop.http.lib.StaticUserWebFilter$StaticUserFilter) to context hddsDatanode
2019-08-12 03:44:42,467 INFO  http.HttpServer2 (HttpServer2.java:addFilter(958)) - Added filter static_user_filter (class=org.apache.hadoop.http.lib.StaticUserWebFilter$StaticUserFilter) to context logs
2019-08-12 03:44:42,467 INFO  http.HttpServer2 (HttpServer2.java:addFilter(958)) - Added filter static_user_filter (class=org.apache.hadoop.http.lib.StaticUserWebFilter$StaticUserFilter) to context static
2019-08-12 03:44:42,468 INFO  http.HttpServer2 (HttpServer2.java:bindListener(1191)) - Jetty bound to port 36369
2019-08-12 03:44:42,469 INFO  server.Server (Server.java:doStart(351)) - jetty-9.3.24.v20180605, build timestamp: 2018-06-05T17:11:56Z, git hash: 84205aa28f11a4f31f2a3b86d1bba2cc8ab69827
2019-08-12 03:44:42,470 INFO  handler.ContextHandler (ContextHandler.java:doStart(781)) - Started o.e.j.s.ServletContextHandler@65c33b92{/logs,file:///workdir/hadoop-ozone/integration-test/target/log,AVAILABLE}
2019-08-12 03:44:42,471 INFO  handler.ContextHandler (ContextHandler.java:doStart(781)) - Started o.e.j.s.ServletContextHandler@4e08acf9{/static,jar:file:/home/user/.m2/repository/org/apache/hadoop/hadoop-hdds-container-service/0.4.1-SNAPSHOT/hadoop-hdds-container-service-0.4.1-SNAPSHOT.jar!/webapps/static,AVAILABLE}
2019-08-12 03:44:42,503 INFO  handler.ContextHandler (ContextHandler.java:doStart(781)) - Started o.e.j.w.WebAppContext@36417a54{/,file:///tmp/jetty-0.0.0.0-36369-hddsDatanode-_-any-3173712881124384685.dir/webapp/,AVAILABLE}{/hddsDatanode}
2019-08-12 03:44:42,505 INFO  server.AbstractConnector (AbstractConnector.java:doStart(278)) - Started ServerConnector@2b8bb184{HTTP/1.1,[http/1.1]}{0.0.0.0:36369}
2019-08-12 03:44:42,505 INFO  server.Server (Server.java:doStart(419)) - Started @5024ms
2019-08-12 03:44:42,506 INFO  server.BaseHttpServer (BaseHttpServer.java:updateConnectorAddress(207)) - HTTP server of HDDSDATANODE is listening at http://0.0.0.0:36369
2019-08-12 03:44:43,696 INFO  ozone.HddsDatanodeService (HddsDatanodeService.java:startPlugins(395)) - Started plug-in org.apache.hadoop.ozone.web.OzoneHddsDatanodeService@623e0631
2019-08-12 03:44:43,699 INFO  impl.MetricsSystemImpl (MetricsSystemImpl.java:init(158)) - HddsDatanode metrics system started (again)
2019-08-12 03:44:43,705 INFO  ozone.HddsDatanodeService (HddsDatanodeService.java:start(184)) - HddsDatanodeService host:byscane-nightly-pnj9f-4033720222 ip:192.168.157.230
2019-08-12 03:44:43,707 INFO  util.JvmPauseMonitor (JvmPauseMonitor.java:run(188)) - Starting JVM pause monitor
2019-08-12 03:44:43,714 INFO  volume.HddsVolume (HddsVolume.java:<init>(176)) - Creating Volume: /workdir/hadoop-ozone/integration-test/target/test-dir/MiniOzoneClusterImpl-230b7a8d-0008-4ef7-8cf3-9f4f6684a3c2/datanode-1/data/containers/hdds of  storage type : DISK and capacity : 52710309888
2019-08-12 03:44:43,715 INFO  volume.VolumeSet (VolumeSet.java:initializeVolumeSet(170)) - Added Volume : /workdir/hadoop-ozone/integration-test/target/test-dir/MiniOzoneClusterImpl-230b7a8d-0008-4ef7-8cf3-9f4f6684a3c2/datanode-1/data/containers/hdds to VolumeSet
2019-08-12 03:44:43,715 INFO  volume.ThrottledAsyncChecker (ThrottledAsyncChecker.java:schedule(140)) - Scheduling a check for org.apache.hadoop.ozone.container.common.volume.HddsVolume@6e02721d
2019-08-12 03:44:43,716 INFO  volume.HddsVolumeChecker (HddsVolumeChecker.java:checkAllVolumes(203)) - Scheduled health check for volume org.apache.hadoop.ozone.container.common.volume.HddsVolume@6e02721d
2019-08-12 03:44:43,739 INFO  impl.RaftServerProxy (ConfUtils.java:logGet(43)) - raft.rpc.type = GRPC (default)
2019-08-12 03:44:43,739 INFO  grpc.GrpcFactory (GrpcFactory.java:checkPooledByteBufAllocatorUseCacheForAllThreads(45)) - PERFORMANCE WARNING: useCacheForAllThreads is true that may cause Netty to create a lot garbage objects and, as a result, trigger GC.
	It is recommended to disable useCacheForAllThreads by setting -Dorg.apache.ratis.thirdparty.io.netty.allocator.useCacheForAllThreads=false in command line.
2019-08-12 03:44:43,739 INFO  grpc.GrpcConfigKeys$Server (ConfUtils.java:logGet(43)) - raft.grpc.server.port = 0 (default)
2019-08-12 03:44:43,740 INFO  server.GrpcService (ConfUtils.java:logGet(43)) - raft.grpc.message.size.max = 33570816 (custom)
2019-08-12 03:44:43,740 INFO  server.RaftServerConfigKeys (ConfUtils.java:logGet(43)) - raft.server.log.appender.buffer.byte-limit = 33554432 (custom)
2019-08-12 03:44:43,740 INFO  server.GrpcService (ConfUtils.java:logGet(43)) - raft.grpc.flow.control.window = 1MB (=1048576) (default)
2019-08-12 03:44:43,741 INFO  server.RaftServerConfigKeys (ConfUtils.java:logGet(43)) - raft.server.rpc.request.timeout = 3000ms (default)
2019-08-12 03:44:43,741 INFO  server.RaftServerConfigKeys (ConfUtils.java:logGet(43)) - raft.server.storage.dir = [/workdir/hadoop-ozone/integration-test/target/test-dir/MiniOzoneClusterImpl-230b7a8d-0008-4ef7-8cf3-9f4f6684a3c2/datanode-1/data/ratis] (custom)
2019-08-12 03:44:43,742 INFO  replication.SimpleContainerDownloader (SimpleContainerDownloader.java:<init>(72)) - Starting container downloader service to copy containers to replicate.
2019-08-12 03:44:43,744 INFO  hdfs.DFSUtil (DFSUtil.java:httpServerTemplateForNNAndJN(1641)) - Starting Web-server for hddsDatanode at: http://0.0.0.0:0
2019-08-12 03:44:43,745 INFO  server.AuthenticationFilter (AuthenticationFilter.java:constructSecretProvider(240)) - Unable to initialize FileSignerSecretProvider, falling back to use random secrets.
2019-08-12 03:44:43,746 WARN  http.HttpRequestLog (HttpRequestLog.java:getRequestLog(97)) - Jetty request log can only be enabled using Log4j
2019-08-12 03:44:43,748 INFO  http.HttpServer2 (HttpServer2.java:addGlobalFilter(975)) - Added global filter 'safety' (class=org.apache.hadoop.http.HttpServer2$QuotingInputFilter)
2019-08-12 03:44:43,748 INFO  http.HttpServer2 (HttpServer2.java:addFilter(948)) - Added filter static_user_filter (class=org.apache.hadoop.http.lib.StaticUserWebFilter$StaticUserFilter) to context hddsDatanode
2019-08-12 03:44:43,748 INFO  http.HttpServer2 (HttpServer2.java:addFilter(958)) - Added filter static_user_filter (class=org.apache.hadoop.http.lib.StaticUserWebFilter$StaticUserFilter) to context logs
2019-08-12 03:44:43,749 INFO  http.HttpServer2 (HttpServer2.java:addFilter(958)) - Added filter static_user_filter (class=org.apache.hadoop.http.lib.StaticUserWebFilter$StaticUserFilter) to context static
2019-08-12 03:44:43,749 INFO  http.HttpServer2 (HttpServer2.java:bindListener(1191)) - Jetty bound to port 41575
2019-08-12 03:44:43,750 INFO  server.Server (Server.java:doStart(351)) - jetty-9.3.24.v20180605, build timestamp: 2018-06-05T17:11:56Z, git hash: 84205aa28f11a4f31f2a3b86d1bba2cc8ab69827
2019-08-12 03:44:43,754 INFO  handler.ContextHandler (ContextHandler.java:doStart(781)) - Started o.e.j.s.ServletContextHandler@69a024a0{/logs,file:///workdir/hadoop-ozone/integration-test/target/log,AVAILABLE}
2019-08-12 03:44:43,754 INFO  handler.ContextHandler (ContextHandler.java:doStart(781)) - Started o.e.j.s.ServletContextHandler@2d7637e6{/static,jar:file:/home/user/.m2/repository/org/apache/hadoop/hadoop-hdds-container-service/0.4.1-SNAPSHOT/hadoop-hdds-container-service-0.4.1-SNAPSHOT.jar!/webapps/static,AVAILABLE}
2019-08-12 03:44:43,784 INFO  handler.ContextHandler (ContextHandler.java:doStart(781)) - Started o.e.j.w.WebAppContext@2ce03e86{/,file:///tmp/jetty-0.0.0.0-41575-hddsDatanode-_-any-2601651612935227958.dir/webapp/,AVAILABLE}{/hddsDatanode}
2019-08-12 03:44:43,785 INFO  server.AbstractConnector (AbstractConnector.java:doStart(278)) - Started ServerConnector@1c628f6a{HTTP/1.1,[http/1.1]}{0.0.0.0:41575}
2019-08-12 03:44:43,786 INFO  server.Server (Server.java:doStart(419)) - Started @6305ms
2019-08-12 03:44:43,787 INFO  server.BaseHttpServer (BaseHttpServer.java:updateConnectorAddress(207)) - HTTP server of HDDSDATANODE is listening at http://0.0.0.0:41575
2019-08-12 03:44:43,836 INFO  datanode.InitDatanodeState (InitDatanodeState.java:persistContainerDatanodeDetails(140)) - DatanodeDetails is persisted to /workdir/hadoop-ozone/integration-test/target/test-dir/MiniOzoneClusterImpl-230b7a8d-0008-4ef7-8cf3-9f4f6684a3c2/datanode-0/meta/datanode.id
2019-08-12 03:44:43,934 INFO  ozone.HddsDatanodeService (HddsDatanodeService.java:startPlugins(395)) - Started plug-in org.apache.hadoop.ozone.web.OzoneHddsDatanodeService@ccd341d
2019-08-12 03:44:43,935 INFO  impl.MetricsSystemImpl (MetricsSystemImpl.java:init(158)) - HddsDatanode metrics system started (again)
2019-08-12 03:44:43,938 INFO  ozone.HddsDatanodeService (HddsDatanodeService.java:start(184)) - HddsDatanodeService host:byscane-nightly-pnj9f-4033720222 ip:192.168.157.230
2019-08-12 03:44:43,938 INFO  util.JvmPauseMonitor (JvmPauseMonitor.java:run(188)) - Starting JVM pause monitor
2019-08-12 03:44:43,947 INFO  volume.HddsVolume (HddsVolume.java:<init>(176)) - Creating Volume: /workdir/hadoop-ozone/integration-test/target/test-dir/MiniOzoneClusterImpl-230b7a8d-0008-4ef7-8cf3-9f4f6684a3c2/datanode-2/data/containers/hdds of  storage type : DISK and capacity : 52710309888
2019-08-12 03:44:43,947 INFO  volume.VolumeSet (VolumeSet.java:initializeVolumeSet(170)) - Added Volume : /workdir/hadoop-ozone/integration-test/target/test-dir/MiniOzoneClusterImpl-230b7a8d-0008-4ef7-8cf3-9f4f6684a3c2/datanode-2/data/containers/hdds to VolumeSet
2019-08-12 03:44:43,948 INFO  volume.ThrottledAsyncChecker (ThrottledAsyncChecker.java:schedule(140)) - Scheduling a check for org.apache.hadoop.ozone.container.common.volume.HddsVolume@7197b07f
2019-08-12 03:44:43,948 INFO  datanode.InitDatanodeState (InitDatanodeState.java:persistContainerDatanodeDetails(140)) - DatanodeDetails is persisted to /workdir/hadoop-ozone/integration-test/target/test-dir/MiniOzoneClusterImpl-230b7a8d-0008-4ef7-8cf3-9f4f6684a3c2/datanode-1/meta/datanode.id
2019-08-12 03:44:43,949 INFO  volume.HddsVolumeChecker (HddsVolumeChecker.java:checkAllVolumes(203)) - Scheduled health check for volume org.apache.hadoop.ozone.container.common.volume.HddsVolume@7197b07f
2019-08-12 03:44:43,963 INFO  impl.RaftServerProxy (ConfUtils.java:logGet(43)) - raft.rpc.type = GRPC (default)
2019-08-12 03:44:43,964 INFO  grpc.GrpcFactory (GrpcFactory.java:checkPooledByteBufAllocatorUseCacheForAllThreads(45)) - PERFORMANCE WARNING: useCacheForAllThreads is true that may cause Netty to create a lot garbage objects and, as a result, trigger GC.
	It is recommended to disable useCacheForAllThreads by setting -Dorg.apache.ratis.thirdparty.io.netty.allocator.useCacheForAllThreads=false in command line.
2019-08-12 03:44:43,964 INFO  grpc.GrpcConfigKeys$Server (ConfUtils.java:logGet(43)) - raft.grpc.server.port = 0 (default)
2019-08-12 03:44:43,964 INFO  server.GrpcService (ConfUtils.java:logGet(43)) - raft.grpc.message.size.max = 33570816 (custom)
2019-08-12 03:44:43,964 INFO  server.RaftServerConfigKeys (ConfUtils.java:logGet(43)) - raft.server.log.appender.buffer.byte-limit = 33554432 (custom)
2019-08-12 03:44:43,965 INFO  server.GrpcService (ConfUtils.java:logGet(43)) - raft.grpc.flow.control.window = 1MB (=1048576) (default)
2019-08-12 03:44:43,965 INFO  server.RaftServerConfigKeys (ConfUtils.java:logGet(43)) - raft.server.rpc.request.timeout = 3000ms (default)
2019-08-12 03:44:43,966 INFO  server.RaftServerConfigKeys (ConfUtils.java:logGet(43)) - raft.server.storage.dir = [/workdir/hadoop-ozone/integration-test/target/test-dir/MiniOzoneClusterImpl-230b7a8d-0008-4ef7-8cf3-9f4f6684a3c2/datanode-2/data/ratis] (custom)
2019-08-12 03:44:43,966 INFO  replication.SimpleContainerDownloader (SimpleContainerDownloader.java:<init>(72)) - Starting container downloader service to copy containers to replicate.
2019-08-12 03:44:43,967 INFO  hdfs.DFSUtil (DFSUtil.java:httpServerTemplateForNNAndJN(1641)) - Starting Web-server for hddsDatanode at: http://0.0.0.0:0
2019-08-12 03:44:43,969 INFO  server.AuthenticationFilter (AuthenticationFilter.java:constructSecretProvider(240)) - Unable to initialize FileSignerSecretProvider, falling back to use random secrets.
2019-08-12 03:44:43,969 WARN  http.HttpRequestLog (HttpRequestLog.java:getRequestLog(97)) - Jetty request log can only be enabled using Log4j
2019-08-12 03:44:43,971 INFO  http.HttpServer2 (HttpServer2.java:addGlobalFilter(975)) - Added global filter 'safety' (class=org.apache.hadoop.http.HttpServer2$QuotingInputFilter)
2019-08-12 03:44:43,971 INFO  http.HttpServer2 (HttpServer2.java:addFilter(948)) - Added filter static_user_filter (class=org.apache.hadoop.http.lib.StaticUserWebFilter$StaticUserFilter) to context hddsDatanode
2019-08-12 03:44:43,972 INFO  http.HttpServer2 (HttpServer2.java:addFilter(958)) - Added filter static_user_filter (class=org.apache.hadoop.http.lib.StaticUserWebFilter$StaticUserFilter) to context logs
2019-08-12 03:44:43,972 INFO  http.HttpServer2 (HttpServer2.java:addFilter(958)) - Added filter static_user_filter (class=org.apache.hadoop.http.lib.StaticUserWebFilter$StaticUserFilter) to context static
2019-08-12 03:44:43,972 INFO  http.HttpServer2 (HttpServer2.java:bindListener(1191)) - Jetty bound to port 42797
2019-08-12 03:44:43,973 INFO  server.Server (Server.java:doStart(351)) - jetty-9.3.24.v20180605, build timestamp: 2018-06-05T17:11:56Z, git hash: 84205aa28f11a4f31f2a3b86d1bba2cc8ab69827
2019-08-12 03:44:43,975 INFO  handler.ContextHandler (ContextHandler.java:doStart(781)) - Started o.e.j.s.ServletContextHandler@3e26482{/logs,file:///workdir/hadoop-ozone/integration-test/target/log,AVAILABLE}
2019-08-12 03:44:43,975 INFO  handler.ContextHandler (ContextHandler.java:doStart(781)) - Started o.e.j.s.ServletContextHandler@6b37df8e{/static,jar:file:/home/user/.m2/repository/org/apache/hadoop/hadoop-hdds-container-service/0.4.1-SNAPSHOT/hadoop-hdds-container-service-0.4.1-SNAPSHOT.jar!/webapps/static,AVAILABLE}
2019-08-12 03:44:44,004 INFO  handler.ContextHandler (ContextHandler.java:doStart(781)) - Started o.e.j.w.WebAppContext@6e8fdd19{/,file:///tmp/jetty-0.0.0.0-42797-hddsDatanode-_-any-5547539690586013063.dir/webapp/,AVAILABLE}{/hddsDatanode}
2019-08-12 03:44:44,004 INFO  server.AbstractConnector (AbstractConnector.java:doStart(278)) - Started ServerConnector@35787726{HTTP/1.1,[http/1.1]}{0.0.0.0:42797}
2019-08-12 03:44:44,005 INFO  server.Server (Server.java:doStart(419)) - Started @6524ms
2019-08-12 03:44:44,006 INFO  server.BaseHttpServer (BaseHttpServer.java:updateConnectorAddress(207)) - HTTP server of HDDSDATANODE is listening at http://0.0.0.0:42797
2019-08-12 03:44:44,140 INFO  ozone.HddsDatanodeService (HddsDatanodeService.java:startPlugins(395)) - Started plug-in org.apache.hadoop.ozone.web.OzoneHddsDatanodeService@209f3887
2019-08-12 03:44:44,141 INFO  impl.MetricsSystemImpl (MetricsSystemImpl.java:init(158)) - HddsDatanode metrics system started (again)
2019-08-12 03:44:44,144 INFO  ozone.HddsDatanodeService (HddsDatanodeService.java:start(184)) - HddsDatanodeService host:byscane-nightly-pnj9f-4033720222 ip:192.168.157.230
2019-08-12 03:44:44,144 INFO  util.JvmPauseMonitor (JvmPauseMonitor.java:run(188)) - Starting JVM pause monitor
2019-08-12 03:44:44,148 INFO  datanode.InitDatanodeState (InitDatanodeState.java:persistContainerDatanodeDetails(140)) - DatanodeDetails is persisted to /workdir/hadoop-ozone/integration-test/target/test-dir/MiniOzoneClusterImpl-230b7a8d-0008-4ef7-8cf3-9f4f6684a3c2/datanode-2/meta/datanode.id
2019-08-12 03:44:44,153 INFO  volume.HddsVolume (HddsVolume.java:<init>(176)) - Creating Volume: /workdir/hadoop-ozone/integration-test/target/test-dir/MiniOzoneClusterImpl-230b7a8d-0008-4ef7-8cf3-9f4f6684a3c2/datanode-3/data/containers/hdds of  storage type : DISK and capacity : 52710309888
2019-08-12 03:44:44,154 INFO  volume.VolumeSet (VolumeSet.java:initializeVolumeSet(170)) - Added Volume : /workdir/hadoop-ozone/integration-test/target/test-dir/MiniOzoneClusterImpl-230b7a8d-0008-4ef7-8cf3-9f4f6684a3c2/datanode-3/data/containers/hdds to VolumeSet
2019-08-12 03:44:44,154 INFO  volume.ThrottledAsyncChecker (ThrottledAsyncChecker.java:schedule(140)) - Scheduling a check for org.apache.hadoop.ozone.container.common.volume.HddsVolume@58687fb7
2019-08-12 03:44:44,155 INFO  volume.HddsVolumeChecker (HddsVolumeChecker.java:checkAllVolumes(203)) - Scheduled health check for volume org.apache.hadoop.ozone.container.common.volume.HddsVolume@58687fb7
2019-08-12 03:44:44,168 INFO  impl.RaftServerProxy (ConfUtils.java:logGet(43)) - raft.rpc.type = GRPC (default)
2019-08-12 03:44:44,169 INFO  grpc.GrpcFactory (GrpcFactory.java:checkPooledByteBufAllocatorUseCacheForAllThreads(45)) - PERFORMANCE WARNING: useCacheForAllThreads is true that may cause Netty to create a lot garbage objects and, as a result, trigger GC.
	It is recommended to disable useCacheForAllThreads by setting -Dorg.apache.ratis.thirdparty.io.netty.allocator.useCacheForAllThreads=false in command line.
2019-08-12 03:44:44,169 INFO  grpc.GrpcConfigKeys$Server (ConfUtils.java:logGet(43)) - raft.grpc.server.port = 0 (default)
2019-08-12 03:44:44,169 INFO  server.GrpcService (ConfUtils.java:logGet(43)) - raft.grpc.message.size.max = 33570816 (custom)
2019-08-12 03:44:44,169 INFO  server.RaftServerConfigKeys (ConfUtils.java:logGet(43)) - raft.server.log.appender.buffer.byte-limit = 33554432 (custom)
2019-08-12 03:44:44,170 INFO  server.GrpcService (ConfUtils.java:logGet(43)) - raft.grpc.flow.control.window = 1MB (=1048576) (default)
2019-08-12 03:44:44,170 INFO  server.RaftServerConfigKeys (ConfUtils.java:logGet(43)) - raft.server.rpc.request.timeout = 3000ms (default)
2019-08-12 03:44:44,170 INFO  server.RaftServerConfigKeys (ConfUtils.java:logGet(43)) - raft.server.storage.dir = [/workdir/hadoop-ozone/integration-test/target/test-dir/MiniOzoneClusterImpl-230b7a8d-0008-4ef7-8cf3-9f4f6684a3c2/datanode-3/data/ratis] (custom)
2019-08-12 03:44:44,171 INFO  replication.SimpleContainerDownloader (SimpleContainerDownloader.java:<init>(72)) - Starting container downloader service to copy containers to replicate.
2019-08-12 03:44:44,172 INFO  hdfs.DFSUtil (DFSUtil.java:httpServerTemplateForNNAndJN(1641)) - Starting Web-server for hddsDatanode at: http://0.0.0.0:0
2019-08-12 03:44:44,174 INFO  server.AuthenticationFilter (AuthenticationFilter.java:constructSecretProvider(240)) - Unable to initialize FileSignerSecretProvider, falling back to use random secrets.
2019-08-12 03:44:44,174 WARN  http.HttpRequestLog (HttpRequestLog.java:getRequestLog(97)) - Jetty request log can only be enabled using Log4j
2019-08-12 03:44:44,175 INFO  http.HttpServer2 (HttpServer2.java:addGlobalFilter(975)) - Added global filter 'safety' (class=org.apache.hadoop.http.HttpServer2$QuotingInputFilter)
2019-08-12 03:44:44,176 INFO  http.HttpServer2 (HttpServer2.java:addFilter(948)) - Added filter static_user_filter (class=org.apache.hadoop.http.lib.StaticUserWebFilter$StaticUserFilter) to context hddsDatanode
2019-08-12 03:44:44,176 INFO  http.HttpServer2 (HttpServer2.java:addFilter(958)) - Added filter static_user_filter (class=org.apache.hadoop.http.lib.StaticUserWebFilter$StaticUserFilter) to context static
2019-08-12 03:44:44,176 INFO  http.HttpServer2 (HttpServer2.java:addFilter(958)) - Added filter static_user_filter (class=org.apache.hadoop.http.lib.StaticUserWebFilter$StaticUserFilter) to context logs
2019-08-12 03:44:44,177 INFO  http.HttpServer2 (HttpServer2.java:bindListener(1191)) - Jetty bound to port 39280
2019-08-12 03:44:44,177 INFO  server.Server (Server.java:doStart(351)) - jetty-9.3.24.v20180605, build timestamp: 2018-06-05T17:11:56Z, git hash: 84205aa28f11a4f31f2a3b86d1bba2cc8ab69827
2019-08-12 03:44:44,181 INFO  handler.ContextHandler (ContextHandler.java:doStart(781)) - Started o.e.j.s.ServletContextHandler@14b275bd{/logs,file:///workdir/hadoop-ozone/integration-test/target/log,AVAILABLE}
2019-08-12 03:44:44,182 INFO  handler.ContextHandler (ContextHandler.java:doStart(781)) - Started o.e.j.s.ServletContextHandler@4b03cbad{/static,jar:file:/home/user/.m2/repository/org/apache/hadoop/hadoop-hdds-container-service/0.4.1-SNAPSHOT/hadoop-hdds-container-service-0.4.1-SNAPSHOT.jar!/webapps/static,AVAILABLE}
2019-08-12 03:44:44,209 INFO  handler.ContextHandler (ContextHandler.java:doStart(781)) - Started o.e.j.w.WebAppContext@6b162ecc{/,file:///tmp/jetty-0.0.0.0-39280-hddsDatanode-_-any-8562011926605929236.dir/webapp/,AVAILABLE}{/hddsDatanode}
2019-08-12 03:44:44,210 INFO  server.AbstractConnector (AbstractConnector.java:doStart(278)) - Started ServerConnector@3b4086c1{HTTP/1.1,[http/1.1]}{0.0.0.0:39280}
2019-08-12 03:44:44,211 INFO  server.Server (Server.java:doStart(419)) - Started @6730ms
2019-08-12 03:44:44,211 INFO  server.BaseHttpServer (BaseHttpServer.java:updateConnectorAddress(207)) - HTTP server of HDDSDATANODE is listening at http://0.0.0.0:39280
2019-08-12 03:44:44,354 INFO  ozone.HddsDatanodeService (HddsDatanodeService.java:startPlugins(395)) - Started plug-in org.apache.hadoop.ozone.web.OzoneHddsDatanodeService@34c7232c
2019-08-12 03:44:44,354 INFO  impl.MetricsSystemImpl (MetricsSystemImpl.java:init(158)) - HddsDatanode metrics system started (again)
2019-08-12 03:44:44,357 INFO  ozone.HddsDatanodeService (HddsDatanodeService.java:start(184)) - HddsDatanodeService host:byscane-nightly-pnj9f-4033720222 ip:192.168.157.230
2019-08-12 03:44:44,358 INFO  util.JvmPauseMonitor (JvmPauseMonitor.java:run(188)) - Starting JVM pause monitor
2019-08-12 03:44:44,361 INFO  datanode.InitDatanodeState (InitDatanodeState.java:persistContainerDatanodeDetails(140)) - DatanodeDetails is persisted to /workdir/hadoop-ozone/integration-test/target/test-dir/MiniOzoneClusterImpl-230b7a8d-0008-4ef7-8cf3-9f4f6684a3c2/datanode-3/meta/datanode.id
2019-08-12 03:44:44,367 INFO  volume.HddsVolume (HddsVolume.java:<init>(176)) - Creating Volume: /workdir/hadoop-ozone/integration-test/target/test-dir/MiniOzoneClusterImpl-230b7a8d-0008-4ef7-8cf3-9f4f6684a3c2/datanode-4/data/containers/hdds of  storage type : DISK and capacity : 52710309888
2019-08-12 03:44:44,367 INFO  volume.VolumeSet (VolumeSet.java:initializeVolumeSet(170)) - Added Volume : /workdir/hadoop-ozone/integration-test/target/test-dir/MiniOzoneClusterImpl-230b7a8d-0008-4ef7-8cf3-9f4f6684a3c2/datanode-4/data/containers/hdds to VolumeSet
2019-08-12 03:44:44,367 INFO  volume.ThrottledAsyncChecker (ThrottledAsyncChecker.java:schedule(140)) - Scheduling a check for org.apache.hadoop.ozone.container.common.volume.HddsVolume@27a9f025
2019-08-12 03:44:44,368 INFO  volume.HddsVolumeChecker (HddsVolumeChecker.java:checkAllVolumes(203)) - Scheduled health check for volume org.apache.hadoop.ozone.container.common.volume.HddsVolume@27a9f025
2019-08-12 03:44:44,380 INFO  impl.RaftServerProxy (ConfUtils.java:logGet(43)) - raft.rpc.type = GRPC (default)
2019-08-12 03:44:44,381 INFO  grpc.GrpcFactory (GrpcFactory.java:checkPooledByteBufAllocatorUseCacheForAllThreads(45)) - PERFORMANCE WARNING: useCacheForAllThreads is true that may cause Netty to create a lot garbage objects and, as a result, trigger GC.
	It is recommended to disable useCacheForAllThreads by setting -Dorg.apache.ratis.thirdparty.io.netty.allocator.useCacheForAllThreads=false in command line.
2019-08-12 03:44:44,381 INFO  grpc.GrpcConfigKeys$Server (ConfUtils.java:logGet(43)) - raft.grpc.server.port = 0 (default)
2019-08-12 03:44:44,381 INFO  server.GrpcService (ConfUtils.java:logGet(43)) - raft.grpc.message.size.max = 33570816 (custom)
2019-08-12 03:44:44,381 INFO  server.RaftServerConfigKeys (ConfUtils.java:logGet(43)) - raft.server.log.appender.buffer.byte-limit = 33554432 (custom)
2019-08-12 03:44:44,381 INFO  server.GrpcService (ConfUtils.java:logGet(43)) - raft.grpc.flow.control.window = 1MB (=1048576) (default)
2019-08-12 03:44:44,382 INFO  server.RaftServerConfigKeys (ConfUtils.java:logGet(43)) - raft.server.rpc.request.timeout = 3000ms (default)
2019-08-12 03:44:44,382 INFO  server.RaftServerConfigKeys (ConfUtils.java:logGet(43)) - raft.server.storage.dir = [/workdir/hadoop-ozone/integration-test/target/test-dir/MiniOzoneClusterImpl-230b7a8d-0008-4ef7-8cf3-9f4f6684a3c2/datanode-4/data/ratis] (custom)
2019-08-12 03:44:44,383 INFO  replication.SimpleContainerDownloader (SimpleContainerDownloader.java:<init>(72)) - Starting container downloader service to copy containers to replicate.
2019-08-12 03:44:44,384 INFO  hdfs.DFSUtil (DFSUtil.java:httpServerTemplateForNNAndJN(1641)) - Starting Web-server for hddsDatanode at: http://0.0.0.0:0
2019-08-12 03:44:44,385 INFO  server.AuthenticationFilter (AuthenticationFilter.java:constructSecretProvider(240)) - Unable to initialize FileSignerSecretProvider, falling back to use random secrets.
2019-08-12 03:44:44,385 WARN  http.HttpRequestLog (HttpRequestLog.java:getRequestLog(97)) - Jetty request log can only be enabled using Log4j
2019-08-12 03:44:44,386 INFO  http.HttpServer2 (HttpServer2.java:addGlobalFilter(975)) - Added global filter 'safety' (class=org.apache.hadoop.http.HttpServer2$QuotingInputFilter)
2019-08-12 03:44:44,387 INFO  http.HttpServer2 (HttpServer2.java:addFilter(948)) - Added filter static_user_filter (class=org.apache.hadoop.http.lib.StaticUserWebFilter$StaticUserFilter) to context hddsDatanode
2019-08-12 03:44:44,387 INFO  http.HttpServer2 (HttpServer2.java:addFilter(958)) - Added filter static_user_filter (class=org.apache.hadoop.http.lib.StaticUserWebFilter$StaticUserFilter) to context logs
2019-08-12 03:44:44,387 INFO  http.HttpServer2 (HttpServer2.java:addFilter(958)) - Added filter static_user_filter (class=org.apache.hadoop.http.lib.StaticUserWebFilter$StaticUserFilter) to context static
2019-08-12 03:44:44,387 INFO  http.HttpServer2 (HttpServer2.java:bindListener(1191)) - Jetty bound to port 39851
2019-08-12 03:44:44,388 INFO  server.Server (Server.java:doStart(351)) - jetty-9.3.24.v20180605, build timestamp: 2018-06-05T17:11:56Z, git hash: 84205aa28f11a4f31f2a3b86d1bba2cc8ab69827
2019-08-12 03:44:44,390 INFO  handler.ContextHandler (ContextHandler.java:doStart(781)) - Started o.e.j.s.ServletContextHandler@48d739f{/logs,file:///workdir/hadoop-ozone/integration-test/target/log,AVAILABLE}
2019-08-12 03:44:44,390 INFO  handler.ContextHandler (ContextHandler.java:doStart(781)) - Started o.e.j.s.ServletContextHandler@65cc5252{/static,jar:file:/home/user/.m2/repository/org/apache/hadoop/hadoop-hdds-container-service/0.4.1-SNAPSHOT/hadoop-hdds-container-service-0.4.1-SNAPSHOT.jar!/webapps/static,AVAILABLE}
2019-08-12 03:44:44,413 INFO  handler.ContextHandler (ContextHandler.java:doStart(781)) - Started o.e.j.w.WebAppContext@53d6e959{/,file:///tmp/jetty-0.0.0.0-39851-hddsDatanode-_-any-533670202706183633.dir/webapp/,AVAILABLE}{/hddsDatanode}
2019-08-12 03:44:44,414 INFO  server.AbstractConnector (AbstractConnector.java:doStart(278)) - Started ServerConnector@3caee3a8{HTTP/1.1,[http/1.1]}{0.0.0.0:39851}
2019-08-12 03:44:44,415 INFO  server.Server (Server.java:doStart(419)) - Started @6934ms
2019-08-12 03:44:44,415 INFO  server.BaseHttpServer (BaseHttpServer.java:updateConnectorAddress(207)) - HTTP server of HDDSDATANODE is listening at http://0.0.0.0:39851
2019-08-12 03:44:44,557 INFO  ozone.HddsDatanodeService (HddsDatanodeService.java:startPlugins(395)) - Started plug-in org.apache.hadoop.ozone.web.OzoneHddsDatanodeService@454bcbbf
2019-08-12 03:44:44,558 INFO  impl.MetricsSystemImpl (MetricsSystemImpl.java:init(158)) - HddsDatanode metrics system started (again)
2019-08-12 03:44:44,562 INFO  util.JvmPauseMonitor (JvmPauseMonitor.java:run(188)) - Starting JVM pause monitor
2019-08-12 03:44:44,562 INFO  ozone.HddsDatanodeService (HddsDatanodeService.java:start(184)) - HddsDatanodeService host:byscane-nightly-pnj9f-4033720222 ip:192.168.157.230
2019-08-12 03:44:44,564 INFO  datanode.InitDatanodeState (InitDatanodeState.java:persistContainerDatanodeDetails(140)) - DatanodeDetails is persisted to /workdir/hadoop-ozone/integration-test/target/test-dir/MiniOzoneClusterImpl-230b7a8d-0008-4ef7-8cf3-9f4f6684a3c2/datanode-4/meta/datanode.id
2019-08-12 03:44:44,572 INFO  volume.HddsVolume (HddsVolume.java:<init>(176)) - Creating Volume: /workdir/hadoop-ozone/integration-test/target/test-dir/MiniOzoneClusterImpl-230b7a8d-0008-4ef7-8cf3-9f4f6684a3c2/datanode-5/data/containers/hdds of  storage type : DISK and capacity : 52710309888
2019-08-12 03:44:44,572 INFO  volume.VolumeSet (VolumeSet.java:initializeVolumeSet(170)) - Added Volume : /workdir/hadoop-ozone/integration-test/target/test-dir/MiniOzoneClusterImpl-230b7a8d-0008-4ef7-8cf3-9f4f6684a3c2/datanode-5/data/containers/hdds to VolumeSet
2019-08-12 03:44:44,572 INFO  volume.ThrottledAsyncChecker (ThrottledAsyncChecker.java:schedule(140)) - Scheduling a check for org.apache.hadoop.ozone.container.common.volume.HddsVolume@79ca7bea
2019-08-12 03:44:44,573 INFO  volume.HddsVolumeChecker (HddsVolumeChecker.java:checkAllVolumes(203)) - Scheduled health check for volume org.apache.hadoop.ozone.container.common.volume.HddsVolume@79ca7bea
2019-08-12 03:44:44,588 INFO  impl.RaftServerProxy (ConfUtils.java:logGet(43)) - raft.rpc.type = GRPC (default)
2019-08-12 03:44:44,588 INFO  grpc.GrpcFactory (GrpcFactory.java:checkPooledByteBufAllocatorUseCacheForAllThreads(45)) - PERFORMANCE WARNING: useCacheForAllThreads is true that may cause Netty to create a lot garbage objects and, as a result, trigger GC.
	It is recommended to disable useCacheForAllThreads by setting -Dorg.apache.ratis.thirdparty.io.netty.allocator.useCacheForAllThreads=false in command line.
2019-08-12 03:44:44,588 INFO  grpc.GrpcConfigKeys$Server (ConfUtils.java:logGet(43)) - raft.grpc.server.port = 0 (default)
2019-08-12 03:44:44,589 INFO  server.GrpcService (ConfUtils.java:logGet(43)) - raft.grpc.message.size.max = 33570816 (custom)
2019-08-12 03:44:44,589 INFO  server.RaftServerConfigKeys (ConfUtils.java:logGet(43)) - raft.server.log.appender.buffer.byte-limit = 33554432 (custom)
2019-08-12 03:44:44,589 INFO  server.GrpcService (ConfUtils.java:logGet(43)) - raft.grpc.flow.control.window = 1MB (=1048576) (default)
2019-08-12 03:44:44,589 INFO  server.RaftServerConfigKeys (ConfUtils.java:logGet(43)) - raft.server.rpc.request.timeout = 3000ms (default)
2019-08-12 03:44:44,590 INFO  server.RaftServerConfigKeys (ConfUtils.java:logGet(43)) - raft.server.storage.dir = [/workdir/hadoop-ozone/integration-test/target/test-dir/MiniOzoneClusterImpl-230b7a8d-0008-4ef7-8cf3-9f4f6684a3c2/datanode-5/data/ratis] (custom)
2019-08-12 03:44:44,591 INFO  replication.SimpleContainerDownloader (SimpleContainerDownloader.java:<init>(72)) - Starting container downloader service to copy containers to replicate.
2019-08-12 03:44:44,592 INFO  hdfs.DFSUtil (DFSUtil.java:httpServerTemplateForNNAndJN(1641)) - Starting Web-server for hddsDatanode at: http://0.0.0.0:0
2019-08-12 03:44:44,594 INFO  server.AuthenticationFilter (AuthenticationFilter.java:constructSecretProvider(240)) - Unable to initialize FileSignerSecretProvider, falling back to use random secrets.
2019-08-12 03:44:44,595 WARN  http.HttpRequestLog (HttpRequestLog.java:getRequestLog(97)) - Jetty request log can only be enabled using Log4j
2019-08-12 03:44:44,597 INFO  http.HttpServer2 (HttpServer2.java:addGlobalFilter(975)) - Added global filter 'safety' (class=org.apache.hadoop.http.HttpServer2$QuotingInputFilter)
2019-08-12 03:44:44,598 INFO  http.HttpServer2 (HttpServer2.java:addFilter(948)) - Added filter static_user_filter (class=org.apache.hadoop.http.lib.StaticUserWebFilter$StaticUserFilter) to context hddsDatanode
2019-08-12 03:44:44,599 INFO  http.HttpServer2 (HttpServer2.java:addFilter(958)) - Added filter static_user_filter (class=org.apache.hadoop.http.lib.StaticUserWebFilter$StaticUserFilter) to context static
2019-08-12 03:44:44,599 INFO  http.HttpServer2 (HttpServer2.java:addFilter(958)) - Added filter static_user_filter (class=org.apache.hadoop.http.lib.StaticUserWebFilter$StaticUserFilter) to context logs
2019-08-12 03:44:44,600 INFO  http.HttpServer2 (HttpServer2.java:bindListener(1191)) - Jetty bound to port 44373
2019-08-12 03:44:44,600 INFO  server.Server (Server.java:doStart(351)) - jetty-9.3.24.v20180605, build timestamp: 2018-06-05T17:11:56Z, git hash: 84205aa28f11a4f31f2a3b86d1bba2cc8ab69827
2019-08-12 03:44:44,603 INFO  handler.ContextHandler (ContextHandler.java:doStart(781)) - Started o.e.j.s.ServletContextHandler@6c2a95d5{/logs,file:///workdir/hadoop-ozone/integration-test/target/log,AVAILABLE}
2019-08-12 03:44:44,604 INFO  handler.ContextHandler (ContextHandler.java:doStart(781)) - Started o.e.j.s.ServletContextHandler@3f048c86{/static,jar:file:/home/user/.m2/repository/org/apache/hadoop/hadoop-hdds-container-service/0.4.1-SNAPSHOT/hadoop-hdds-container-service-0.4.1-SNAPSHOT.jar!/webapps/static,AVAILABLE}
2019-08-12 03:44:44,644 INFO  handler.ContextHandler (ContextHandler.java:doStart(781)) - Started o.e.j.w.WebAppContext@4b4969ea{/,file:///tmp/jetty-0.0.0.0-44373-hddsDatanode-_-any-6282500192894417470.dir/webapp/,AVAILABLE}{/hddsDatanode}
2019-08-12 03:44:44,645 INFO  server.AbstractConnector (AbstractConnector.java:doStart(278)) - Started ServerConnector@11c581a0{HTTP/1.1,[http/1.1]}{0.0.0.0:44373}
2019-08-12 03:44:44,646 INFO  server.Server (Server.java:doStart(419)) - Started @7165ms
2019-08-12 03:44:44,646 INFO  server.BaseHttpServer (BaseHttpServer.java:updateConnectorAddress(207)) - HTTP server of HDDSDATANODE is listening at http://0.0.0.0:44373
2019-08-12 03:44:44,815 INFO  ozone.HddsDatanodeService (HddsDatanodeService.java:startPlugins(395)) - Started plug-in org.apache.hadoop.ozone.web.OzoneHddsDatanodeService@44fd7ba4
2019-08-12 03:44:44,820 INFO  ozone.MiniOzoneClusterImpl (MiniOzoneClusterImpl.java:lambda$waitForClusterToBeReady$0(142)) - Waiting for cluster to be ready. Got 0 of 6 DN Heartbeats.
2019-08-12 03:44:44,820 INFO  util.JvmPauseMonitor (JvmPauseMonitor.java:run(188)) - Starting JVM pause monitor
2019-08-12 03:44:44,823 INFO  datanode.InitDatanodeState (InitDatanodeState.java:persistContainerDatanodeDetails(140)) - DatanodeDetails is persisted to /workdir/hadoop-ozone/integration-test/target/test-dir/MiniOzoneClusterImpl-230b7a8d-0008-4ef7-8cf3-9f4f6684a3c2/datanode-5/meta/datanode.id
2019-08-12 03:44:45,820 INFO  ozone.MiniOzoneClusterImpl (MiniOzoneClusterImpl.java:lambda$waitForClusterToBeReady$0(142)) - Waiting for cluster to be ready. Got 0 of 6 DN Heartbeats.
2019-08-12 03:44:45,823 INFO  ozoneimpl.OzoneContainer (OzoneContainer.java:start(186)) - Attempting to start container services.
2019-08-12 03:44:45,825 INFO  ozoneimpl.OzoneContainer (OzoneContainer.java:startContainerScrub(160)) - Background container scrubber has been disabled by hdds.containerscrub.enabled
2019-08-12 03:44:45,825 INFO  ratis.XceiverServerRatis (XceiverServerRatis.java:start(404)) - Starting XceiverServerRatis f4bde674-d42f-4757-a1be-37a51abab424 at port 0
2019-08-12 03:44:45,840 INFO  impl.RaftServerProxy (RaftServerProxy.java:lambda$start$3(299)) - f4bde674-d42f-4757-a1be-37a51abab424: start RPC server
2019-08-12 03:44:45,957 INFO  ozoneimpl.OzoneContainer (OzoneContainer.java:start(186)) - Attempting to start container services.
2019-08-12 03:44:45,960 INFO  ozoneimpl.OzoneContainer (OzoneContainer.java:startContainerScrub(160)) - Background container scrubber has been disabled by hdds.containerscrub.enabled
2019-08-12 03:44:45,960 INFO  ratis.XceiverServerRatis (XceiverServerRatis.java:start(404)) - Starting XceiverServerRatis 106a4a7a-8a56-41bd-ad03-931b24a08add at port 0
2019-08-12 03:44:45,968 INFO  server.GrpcService (GrpcService.java:startImpl(149)) - f4bde674-d42f-4757-a1be-37a51abab424: GrpcService started, listening on 0.0.0.0/0.0.0.0:34058
2019-08-12 03:44:45,969 INFO  ratis.XceiverServerRatis (XceiverServerRatis.java:start(414)) - XceiverServerRatis f4bde674-d42f-4757-a1be-37a51abab424 is started using port 34058
2019-08-12 03:44:45,971 INFO  impl.RaftServerProxy (RaftServerProxy.java:lambda$start$3(299)) - 106a4a7a-8a56-41bd-ad03-931b24a08add: start RPC server
2019-08-12 03:44:45,974 INFO  server.XceiverServerGrpc (XceiverServerGrpc.java:start(161)) - XceiverServerGrpc f4bde674-d42f-4757-a1be-37a51abab424 is started using port 40017
2019-08-12 03:44:45,977 INFO  server.GrpcService (GrpcService.java:startImpl(149)) - 106a4a7a-8a56-41bd-ad03-931b24a08add: GrpcService started, listening on 0.0.0.0/0.0.0.0:45125
2019-08-12 03:44:45,977 INFO  ratis.XceiverServerRatis (XceiverServerRatis.java:start(414)) - XceiverServerRatis 106a4a7a-8a56-41bd-ad03-931b24a08add is started using port 45125
2019-08-12 03:44:45,979 INFO  server.XceiverServerGrpc (XceiverServerGrpc.java:start(161)) - XceiverServerGrpc 106a4a7a-8a56-41bd-ad03-931b24a08add is started using port 38230
2019-08-12 03:44:46,168 INFO  ozoneimpl.OzoneContainer (OzoneContainer.java:start(186)) - Attempting to start container services.
2019-08-12 03:44:46,169 INFO  ozoneimpl.OzoneContainer (OzoneContainer.java:startContainerScrub(160)) - Background container scrubber has been disabled by hdds.containerscrub.enabled
2019-08-12 03:44:46,170 INFO  ratis.XceiverServerRatis (XceiverServerRatis.java:start(404)) - Starting XceiverServerRatis c626654f-bead-47ab-bb67-e024a3ee5f73 at port 0
2019-08-12 03:44:46,175 INFO  impl.RaftServerProxy (RaftServerProxy.java:lambda$start$3(299)) - c626654f-bead-47ab-bb67-e024a3ee5f73: start RPC server
2019-08-12 03:44:46,178 INFO  server.GrpcService (GrpcService.java:startImpl(149)) - c626654f-bead-47ab-bb67-e024a3ee5f73: GrpcService started, listening on 0.0.0.0/0.0.0.0:45780
2019-08-12 03:44:46,178 INFO  ratis.XceiverServerRatis (XceiverServerRatis.java:start(414)) - XceiverServerRatis c626654f-bead-47ab-bb67-e024a3ee5f73 is started using port 45780
2019-08-12 03:44:46,180 INFO  server.XceiverServerGrpc (XceiverServerGrpc.java:start(161)) - XceiverServerGrpc c626654f-bead-47ab-bb67-e024a3ee5f73 is started using port 39356
2019-08-12 03:44:46,373 INFO  ozoneimpl.OzoneContainer (OzoneContainer.java:start(186)) - Attempting to start container services.
2019-08-12 03:44:46,378 INFO  ozoneimpl.OzoneContainer (OzoneContainer.java:startContainerScrub(160)) - Background container scrubber has been disabled by hdds.containerscrub.enabled
2019-08-12 03:44:46,378 INFO  ratis.XceiverServerRatis (XceiverServerRatis.java:start(404)) - Starting XceiverServerRatis 295e00fa-216e-4f76-a1e9-b8b2f7472bab at port 0
2019-08-12 03:44:46,385 INFO  impl.RaftServerProxy (RaftServerProxy.java:lambda$start$3(299)) - 295e00fa-216e-4f76-a1e9-b8b2f7472bab: start RPC server
2019-08-12 03:44:46,388 INFO  server.GrpcService (GrpcService.java:startImpl(149)) - 295e00fa-216e-4f76-a1e9-b8b2f7472bab: GrpcService started, listening on 0.0.0.0/0.0.0.0:38322
2019-08-12 03:44:46,388 INFO  ratis.XceiverServerRatis (XceiverServerRatis.java:start(414)) - XceiverServerRatis 295e00fa-216e-4f76-a1e9-b8b2f7472bab is started using port 38322
2019-08-12 03:44:46,390 INFO  server.XceiverServerGrpc (XceiverServerGrpc.java:start(161)) - XceiverServerGrpc 295e00fa-216e-4f76-a1e9-b8b2f7472bab is started using port 38808
2019-08-12 03:44:46,579 INFO  ozoneimpl.OzoneContainer (OzoneContainer.java:start(186)) - Attempting to start container services.
2019-08-12 03:44:46,579 INFO  ozoneimpl.OzoneContainer (OzoneContainer.java:startContainerScrub(160)) - Background container scrubber has been disabled by hdds.containerscrub.enabled
2019-08-12 03:44:46,579 INFO  ratis.XceiverServerRatis (XceiverServerRatis.java:start(404)) - Starting XceiverServerRatis a50cc7e2-4a27-4fcd-8849-c68f91ecfcde at port 0
2019-08-12 03:44:46,584 INFO  impl.RaftServerProxy (RaftServerProxy.java:lambda$start$3(299)) - a50cc7e2-4a27-4fcd-8849-c68f91ecfcde: start RPC server
2019-08-12 03:44:46,587 INFO  server.GrpcService (GrpcService.java:startImpl(149)) - a50cc7e2-4a27-4fcd-8849-c68f91ecfcde: GrpcService started, listening on 0.0.0.0/0.0.0.0:41824
2019-08-12 03:44:46,588 INFO  ratis.XceiverServerRatis (XceiverServerRatis.java:start(414)) - XceiverServerRatis a50cc7e2-4a27-4fcd-8849-c68f91ecfcde is started using port 41824
2019-08-12 03:44:46,590 INFO  server.XceiverServerGrpc (XceiverServerGrpc.java:start(161)) - XceiverServerGrpc a50cc7e2-4a27-4fcd-8849-c68f91ecfcde is started using port 39631
2019-08-12 03:44:46,822 INFO  ozone.MiniOzoneClusterImpl (MiniOzoneClusterImpl.java:lambda$waitForClusterToBeReady$0(142)) - Waiting for cluster to be ready. Got 0 of 6 DN Heartbeats.
2019-08-12 03:44:46,835 INFO  ozoneimpl.OzoneContainer (OzoneContainer.java:start(186)) - Attempting to start container services.
2019-08-12 03:44:46,835 INFO  ozoneimpl.OzoneContainer (OzoneContainer.java:startContainerScrub(160)) - Background container scrubber has been disabled by hdds.containerscrub.enabled
2019-08-12 03:44:46,835 INFO  ratis.XceiverServerRatis (XceiverServerRatis.java:start(404)) - Starting XceiverServerRatis 6308e709-eb2e-47a2-a0fc-61082b4259af at port 0
2019-08-12 03:44:46,840 INFO  impl.RaftServerProxy (RaftServerProxy.java:lambda$start$3(299)) - 6308e709-eb2e-47a2-a0fc-61082b4259af: start RPC server
2019-08-12 03:44:46,843 INFO  server.GrpcService (GrpcService.java:startImpl(149)) - 6308e709-eb2e-47a2-a0fc-61082b4259af: GrpcService started, listening on 0.0.0.0/0.0.0.0:34464
2019-08-12 03:44:46,844 INFO  ratis.XceiverServerRatis (XceiverServerRatis.java:start(414)) - XceiverServerRatis 6308e709-eb2e-47a2-a0fc-61082b4259af is started using port 34464
2019-08-12 03:44:46,846 INFO  server.XceiverServerGrpc (XceiverServerGrpc.java:start(161)) - XceiverServerGrpc 6308e709-eb2e-47a2-a0fc-61082b4259af is started using port 35629
2019-08-12 03:44:47,757 INFO  net.NetworkTopology (NetworkTopologyImpl.java:add(110)) - Added a new node: /default-rack/f4bde674-d42f-4757-a1be-37a51abab424
2019-08-12 03:44:47,758 INFO  node.SCMNodeManager (SCMNodeManager.java:register(273)) - Registered Data node : f4bde674-d42f-4757-a1be-37a51abab424{ip: 192.168.157.230, host: byscane-nightly-pnj9f-4033720222, networkLocation: /default-rack, certSerialId: null}
2019-08-12 03:44:47,765 INFO  safemode.SCMSafeModeManager (DataNodeSafeModeRule.java:process(71)) - SCM in safe mode. 1 DataNodes registered, 1 required.
2019-08-12 03:44:47,765 INFO  safemode.SCMSafeModeManager (SCMSafeModeManager.java:validateSafeModeExitRules(177)) - ScmSafeModeManager, all rules are successfully validated
2019-08-12 03:44:47,766 INFO  safemode.SCMSafeModeManager (SCMSafeModeManager.java:exitSafeMode(193)) - SCM exiting safe mode.
2019-08-12 03:44:47,822 INFO  ozone.MiniOzoneClusterImpl (MiniOzoneClusterImpl.java:lambda$waitForClusterToBeReady$0(142)) - Waiting for cluster to be ready. Got 1 of 6 DN Heartbeats.
2019-08-12 03:44:47,943 INFO  net.NetworkTopology (NetworkTopologyImpl.java:add(110)) - Added a new node: /default-rack/106a4a7a-8a56-41bd-ad03-931b24a08add
2019-08-12 03:44:47,943 INFO  node.SCMNodeManager (SCMNodeManager.java:register(273)) - Registered Data node : 106a4a7a-8a56-41bd-ad03-931b24a08add{ip: 192.168.157.230, host: byscane-nightly-pnj9f-4033720222, networkLocation: /default-rack, certSerialId: null}
2019-08-12 03:44:48,149 INFO  net.NetworkTopology (NetworkTopologyImpl.java:add(110)) - Added a new node: /default-rack/c626654f-bead-47ab-bb67-e024a3ee5f73
2019-08-12 03:44:48,149 INFO  node.SCMNodeManager (SCMNodeManager.java:register(273)) - Registered Data node : c626654f-bead-47ab-bb67-e024a3ee5f73{ip: 192.168.157.230, host: byscane-nightly-pnj9f-4033720222, networkLocation: /default-rack, certSerialId: null}
2019-08-12 03:44:48,361 INFO  net.NetworkTopology (NetworkTopologyImpl.java:add(110)) - Added a new node: /default-rack/295e00fa-216e-4f76-a1e9-b8b2f7472bab
2019-08-12 03:44:48,361 INFO  node.SCMNodeManager (SCMNodeManager.java:register(273)) - Registered Data node : 295e00fa-216e-4f76-a1e9-b8b2f7472bab{ip: 192.168.157.230, host: byscane-nightly-pnj9f-4033720222, networkLocation: /default-rack, certSerialId: null}
2019-08-12 03:44:48,400 INFO  impl.RaftServerProxy (RaftServerProxy.java:addNew(89)) - f4bde674-d42f-4757-a1be-37a51abab424: addNew group-F261AEA28D4F:[f4bde674-d42f-4757-a1be-37a51abab424:192.168.157.230:34058] returns group-F261AEA28D4F:java.util.concurrent.CompletableFuture@27c42695[Not completed]
2019-08-12 03:44:48,755 INFO  net.NetworkTopology (NetworkTopologyImpl.java:add(110)) - Added a new node: /default-rack/a50cc7e2-4a27-4fcd-8849-c68f91ecfcde
2019-08-12 03:44:48,755 INFO  node.SCMNodeManager (SCMNodeManager.java:register(273)) - Registered Data node : a50cc7e2-4a27-4fcd-8849-c68f91ecfcde{ip: 192.168.157.230, host: byscane-nightly-pnj9f-4033720222, networkLocation: /default-rack, certSerialId: null}
2019-08-12 03:44:48,760 INFO  impl.RaftServerImpl (RaftServerImpl.java:<init>(93)) - f4bde674-d42f-4757-a1be-37a51abab424: new RaftServerImpl for group-F261AEA28D4F:[f4bde674-d42f-4757-a1be-37a51abab424:192.168.157.230:34058] with ContainerStateMachine:uninitialized
2019-08-12 03:44:48,761 INFO  server.RaftServerConfigKeys (ConfUtils.java:logGet(43)) - raft.server.rpc.timeout.min = 5s (custom)
2019-08-12 03:44:48,763 INFO  server.RaftServerConfigKeys (ConfUtils.java:logGet(43)) - raft.server.rpc.timeout.max = 5200ms (custom)
2019-08-12 03:44:48,763 INFO  server.RaftServerConfigKeys (ConfUtils.java:logGet(43)) - raft.server.rpcslowness.timeout = 120s (custom)
2019-08-12 03:44:48,764 INFO  server.RaftServerConfigKeys (ConfUtils.java:logGet(43)) - raft.server.sleep.deviation.threshold = 300 (default)
2019-08-12 03:44:48,765 INFO  server.RaftServerConfigKeys (ConfUtils.java:logGet(43)) - raft.server.log.appender.install.snapshot.enabled = false (custom)
2019-08-12 03:44:48,771 INFO  impl.RaftServerImpl (ServerState.java:<init>(105)) - f4bde674-d42f-4757-a1be-37a51abab424:group-F261AEA28D4F ConfigurationManager, init=-1: [f4bde674-d42f-4757-a1be-37a51abab424:192.168.157.230:34058], old=null, confs=<EMPTY_MAP>
2019-08-12 03:44:48,772 INFO  server.RaftServerConfigKeys (ConfUtils.java:logGet(43)) - raft.server.storage.dir = [/workdir/hadoop-ozone/integration-test/target/test-dir/MiniOzoneClusterImpl-230b7a8d-0008-4ef7-8cf3-9f4f6684a3c2/datanode-0/data/ratis] (custom)
2019-08-12 03:44:48,779 INFO  storage.RaftStorageDirectory (RaftStorageDirectory.java:analyzeStorage(246)) - The storage directory /workdir/hadoop-ozone/integration-test/target/test-dir/MiniOzoneClusterImpl-230b7a8d-0008-4ef7-8cf3-9f4f6684a3c2/datanode-0/data/ratis/2c212df5-7a8f-4695-993e-f261aea28d4f does not exist. Creating ...
2019-08-12 03:44:48,808 INFO  storage.RaftStorageDirectory (RaftStorageDirectory.java:tryLock(328)) - Lock on /workdir/hadoop-ozone/integration-test/target/test-dir/MiniOzoneClusterImpl-230b7a8d-0008-4ef7-8cf3-9f4f6684a3c2/datanode-0/data/ratis/2c212df5-7a8f-4695-993e-f261aea28d4f/in_use.lock acquired by nodename 24580@byscane-nightly-pnj9f-4033720222
2019-08-12 03:44:48,822 INFO  storage.RaftStorage (RaftStorage.java:format(72)) - Storage directory /workdir/hadoop-ozone/integration-test/target/test-dir/MiniOzoneClusterImpl-230b7a8d-0008-4ef7-8cf3-9f4f6684a3c2/datanode-0/data/ratis/2c212df5-7a8f-4695-993e-f261aea28d4f has been successfully formatted.
2019-08-12 03:44:48,823 INFO  net.NetworkTopology (NetworkTopologyImpl.java:add(110)) - Added a new node: /default-rack/6308e709-eb2e-47a2-a0fc-61082b4259af
2019-08-12 03:44:48,823 INFO  ozone.MiniOzoneClusterImpl (MiniOzoneClusterImpl.java:lambda$waitForClusterToBeReady$0(142)) - Cluster is ready. Got 6 of 6 DN Heartbeats.
2019-08-12 03:44:48,823 INFO  node.SCMNodeManager (SCMNodeManager.java:register(273)) - Registered Data node : 6308e709-eb2e-47a2-a0fc-61082b4259af{ip: 192.168.157.230, host: byscane-nightly-pnj9f-4033720222, networkLocation: /default-rack, certSerialId: null}
2019-08-12 03:44:48,824 INFO  ratis.ContainerStateMachine (ContainerStateMachine.java:loadSnapshot(213)) - group-F261AEA28D4F: The snapshot info is null. Setting the last applied indexto:(t:0, i:~)
2019-08-12 03:44:48,824 INFO  server.RaftServerConfigKeys (ConfUtils.java:logGet(43)) - raft.server.leader.election.timeout = 120s (custom)
2019-08-12 03:44:48,826 INFO  server.RaftServerConfigKeys (ConfUtils.java:logGet(43)) - raft.server.log.use.memory = false (default)
2019-08-12 03:44:48,832 INFO  server.RaftServerConfigKeys (ConfUtils.java:logGet(43)) - raft.server.log.purge.gap = 1000000000 (custom)
2019-08-12 03:44:48,832 INFO  server.RaftServerConfigKeys (ConfUtils.java:logGet(43)) - raft.server.log.appender.buffer.byte-limit = 33554432 (custom)
2019-08-12 03:44:48,834 INFO  server.RaftServerConfigKeys (ConfUtils.java:logGet(43)) - raft.server.log.segment.size.max = 1048576 (custom)
2019-08-12 03:44:48,838 INFO  server.RaftServerConfigKeys (ConfUtils.java:logGet(43)) - raft.server.log.segment.cache.num.max = 2 (custom)
2019-08-12 03:44:48,844 INFO  segmented.SegmentedRaftLogWorker (SegmentedRaftLogWorker.java:<init>(172)) - new f4bde674-d42f-4757-a1be-37a51abab424-SegmentedRaftLogWorker:Storage Directory /workdir/hadoop-ozone/integration-test/target/test-dir/MiniOzoneClusterImpl-230b7a8d-0008-4ef7-8cf3-9f4f6684a3c2/datanode-0/data/ratis/2c212df5-7a8f-4695-993e-f261aea28d4f for RaftStorage:Storage Directory /workdir/hadoop-ozone/integration-test/target/test-dir/MiniOzoneClusterImpl-230b7a8d-0008-4ef7-8cf3-9f4f6684a3c2/datanode-0/data/ratis/2c212df5-7a8f-4695-993e-f261aea28d4f
2019-08-12 03:44:48,855 INFO  server.RaftServerConfigKeys (ConfUtils.java:logGet(43)) - raft.server.log.queue.byte-limit = 2147483647 (custom)
2019-08-12 03:44:48,856 INFO  server.RaftServerConfigKeys (ConfUtils.java:logGet(43)) - raft.server.log.queue.element-limit = 1024 (custom)
2019-08-12 03:44:48,860 INFO  server.RaftServerConfigKeys (ConfUtils.java:logGet(43)) - raft.server.log.segment.size.max = 1048576 (custom)
2019-08-12 03:44:48,861 INFO  server.RaftServerConfigKeys (ConfUtils.java:logGet(43)) - raft.server.log.preallocated.size = 16384 (custom)
2019-08-12 03:44:48,861 INFO  server.RaftServerConfigKeys (ConfUtils.java:logGet(43)) - raft.server.log.write.buffer.size = 33554432 (custom)
2019-08-12 03:44:48,861 INFO  server.RaftServerConfigKeys (ConfUtils.java:logGet(43)) - raft.server.log.force.sync.num = 128 (default)
2019-08-12 03:44:48,862 INFO  server.RaftServerConfigKeys (ConfUtils.java:logGet(43)) - raft.server.log.statemachine.data.sync = true (default)
2019-08-12 03:44:48,863 INFO  server.RaftServerConfigKeys (ConfUtils.java:logGet(43)) - raft.server.log.statemachine.data.sync.timeout = 10s (default)
2019-08-12 03:44:48,863 INFO  server.RaftServerConfigKeys (ConfUtils.java:logGet(43)) - raft.server.log.statemachine.data.sync.timeout.retry = -1 (default)
2019-08-12 03:44:48,878 INFO  server.RaftServerConfigKeys (ConfUtils.java:logGet(43)) - raft.server.log.statemachine.data.caching.enabled = true (custom)
2019-08-12 03:44:48,882 INFO  segmented.SegmentedRaftLogWorker (SegmentedRaftLogWorker.java:lambda$new$0(132)) - f4bde674-d42f-4757-a1be-37a51abab424-SegmentedRaftLogWorker:Storage Directory /workdir/hadoop-ozone/integration-test/target/test-dir/MiniOzoneClusterImpl-230b7a8d-0008-4ef7-8cf3-9f4f6684a3c2/datanode-0/data/ratis/2c212df5-7a8f-4695-993e-f261aea28d4f: flushIndex: setUnconditionally 0 -> -1
2019-08-12 03:44:48,886 INFO  server.RaftServerConfigKeys (ConfUtils.java:logGet(43)) - raft.server.snapshot.auto.trigger.enabled = true (custom)
2019-08-12 03:44:48,887 INFO  server.RaftServerConfigKeys (ConfUtils.java:logGet(43)) - raft.server.snapshot.auto.trigger.threshold = 10000 (custom)
2019-08-12 03:44:48,887 INFO  server.RaftServerConfigKeys (ConfUtils.java:logGet(43)) - raft.server.retrycache.expirytime = 600000ms (custom)
2019-08-12 03:44:48,909 INFO  impl.RaftServerImpl (RaftServerImpl.java:start(180)) - f4bde674-d42f-4757-a1be-37a51abab424: start group-F261AEA28D4F
2019-08-12 03:44:48,910 INFO  impl.RaftServerImpl (RaftServerImpl.java:setRole(171)) - f4bde674-d42f-4757-a1be-37a51abab424:group-F261AEA28D4F changes role from null to FOLLOWER at term 0 for startAsFollower
2019-08-12 03:44:48,911 INFO  impl.RoleInfo (RoleInfo.java:updateAndGet(143)) - f4bde674-d42f-4757-a1be-37a51abab424: start FollowerState
2019-08-12 03:44:48,913 INFO  util.JmxRegister (JmxRegister.java:tryRegister(44)) - Successfully registered JMX Bean with object name Ratis:service=RaftServer,group=group-F261AEA28D4F,id=f4bde674-d42f-4757-a1be-37a51abab424
2019-08-12 03:44:48,992 INFO  pipeline.PipelineStateManager (PipelineStateManager.java:addPipeline(56)) - Created pipeline Pipeline[ Id: 2c212df5-7a8f-4695-993e-f261aea28d4f, Nodes: f4bde674-d42f-4757-a1be-37a51abab424{ip: 192.168.157.230, host: byscane-nightly-pnj9f-4033720222, networkLocation: /default-rack, certSerialId: null}, Type:RATIS, Factor:ONE, State:OPEN]
2019-08-12 03:44:49,022 INFO  impl.RaftServerProxy (RaftServerProxy.java:addNew(89)) - a50cc7e2-4a27-4fcd-8849-c68f91ecfcde: addNew group-A4F14D9B5AF8:[a50cc7e2-4a27-4fcd-8849-c68f91ecfcde:192.168.157.230:41824] returns group-A4F14D9B5AF8:java.util.concurrent.CompletableFuture@463932a8[Not completed]
2019-08-12 03:44:49,077 INFO  impl.RaftServerImpl (RaftServerImpl.java:<init>(93)) - a50cc7e2-4a27-4fcd-8849-c68f91ecfcde: new RaftServerImpl for group-A4F14D9B5AF8:[a50cc7e2-4a27-4fcd-8849-c68f91ecfcde:192.168.157.230:41824] with ContainerStateMachine:uninitialized
2019-08-12 03:44:49,078 INFO  server.RaftServerConfigKeys (ConfUtils.java:logGet(43)) - raft.server.rpc.timeout.min = 5s (custom)
2019-08-12 03:44:49,079 INFO  server.RaftServerConfigKeys (ConfUtils.java:logGet(43)) - raft.server.rpc.timeout.max = 5200ms (custom)
2019-08-12 03:44:49,079 INFO  server.RaftServerConfigKeys (ConfUtils.java:logGet(43)) - raft.server.rpcslowness.timeout = 120s (custom)
2019-08-12 03:44:49,079 INFO  server.RaftServerConfigKeys (ConfUtils.java:logGet(43)) - raft.server.sleep.deviation.threshold = 300 (default)
2019-08-12 03:44:49,079 INFO  server.RaftServerConfigKeys (ConfUtils.java:logGet(43)) - raft.server.log.appender.install.snapshot.enabled = false (custom)
2019-08-12 03:44:49,079 INFO  impl.RaftServerImpl (ServerState.java:<init>(105)) - a50cc7e2-4a27-4fcd-8849-c68f91ecfcde:group-A4F14D9B5AF8 ConfigurationManager, init=-1: [a50cc7e2-4a27-4fcd-8849-c68f91ecfcde:192.168.157.230:41824], old=null, confs=<EMPTY_MAP>
2019-08-12 03:44:49,080 INFO  server.RaftServerConfigKeys (ConfUtils.java:logGet(43)) - raft.server.storage.dir = [/workdir/hadoop-ozone/integration-test/target/test-dir/MiniOzoneClusterImpl-230b7a8d-0008-4ef7-8cf3-9f4f6684a3c2/datanode-4/data/ratis] (custom)
2019-08-12 03:44:49,080 INFO  storage.RaftStorageDirectory (RaftStorageDirectory.java:analyzeStorage(246)) - The storage directory /workdir/hadoop-ozone/integration-test/target/test-dir/MiniOzoneClusterImpl-230b7a8d-0008-4ef7-8cf3-9f4f6684a3c2/datanode-4/data/ratis/f2df9ba8-ad79-42fa-a5a8-a4f14d9b5af8 does not exist. Creating ...
2019-08-12 03:44:49,109 INFO  storage.RaftStorageDirectory (RaftStorageDirectory.java:tryLock(328)) - Lock on /workdir/hadoop-ozone/integration-test/target/test-dir/MiniOzoneClusterImpl-230b7a8d-0008-4ef7-8cf3-9f4f6684a3c2/datanode-4/data/ratis/f2df9ba8-ad79-42fa-a5a8-a4f14d9b5af8/in_use.lock acquired by nodename 24580@byscane-nightly-pnj9f-4033720222
2019-08-12 03:44:49,122 INFO  storage.RaftStorage (RaftStorage.java:format(72)) - Storage directory /workdir/hadoop-ozone/integration-test/target/test-dir/MiniOzoneClusterImpl-230b7a8d-0008-4ef7-8cf3-9f4f6684a3c2/datanode-4/data/ratis/f2df9ba8-ad79-42fa-a5a8-a4f14d9b5af8 has been successfully formatted.
2019-08-12 03:44:49,124 INFO  ratis.ContainerStateMachine (ContainerStateMachine.java:loadSnapshot(213)) - group-A4F14D9B5AF8: The snapshot info is null. Setting the last applied indexto:(t:0, i:~)
2019-08-12 03:44:49,126 INFO  server.RaftServerConfigKeys (ConfUtils.java:logGet(43)) - raft.server.leader.election.timeout = 120s (custom)
2019-08-12 03:44:49,126 INFO  server.RaftServerConfigKeys (ConfUtils.java:logGet(43)) - raft.server.log.use.memory = false (default)
2019-08-12 03:44:49,126 INFO  server.RaftServerConfigKeys (ConfUtils.java:logGet(43)) - raft.server.log.purge.gap = 1000000000 (custom)
2019-08-12 03:44:49,127 INFO  server.RaftServerConfigKeys (ConfUtils.java:logGet(43)) - raft.server.log.appender.buffer.byte-limit = 33554432 (custom)
2019-08-12 03:44:49,127 INFO  server.RaftServerConfigKeys (ConfUtils.java:logGet(43)) - raft.server.log.segment.size.max = 1048576 (custom)
2019-08-12 03:44:49,127 INFO  server.RaftServerConfigKeys (ConfUtils.java:logGet(43)) - raft.server.log.segment.cache.num.max = 2 (custom)
2019-08-12 03:44:49,127 INFO  segmented.SegmentedRaftLogWorker (SegmentedRaftLogWorker.java:<init>(172)) - new a50cc7e2-4a27-4fcd-8849-c68f91ecfcde-SegmentedRaftLogWorker:Storage Directory /workdir/hadoop-ozone/integration-test/target/test-dir/MiniOzoneClusterImpl-230b7a8d-0008-4ef7-8cf3-9f4f6684a3c2/datanode-4/data/ratis/f2df9ba8-ad79-42fa-a5a8-a4f14d9b5af8 for RaftStorage:Storage Directory /workdir/hadoop-ozone/integration-test/target/test-dir/MiniOzoneClusterImpl-230b7a8d-0008-4ef7-8cf3-9f4f6684a3c2/datanode-4/data/ratis/f2df9ba8-ad79-42fa-a5a8-a4f14d9b5af8
2019-08-12 03:44:49,129 INFO  server.RaftServerConfigKeys (ConfUtils.java:logGet(43)) - raft.server.log.queue.byte-limit = 2147483647 (custom)
2019-08-12 03:44:49,129 INFO  server.RaftServerConfigKeys (ConfUtils.java:logGet(43)) - raft.server.log.queue.element-limit = 1024 (custom)
2019-08-12 03:44:49,130 INFO  server.RaftServerConfigKeys (ConfUtils.java:logGet(43)) - raft.server.log.segment.size.max = 1048576 (custom)
2019-08-12 03:44:49,130 INFO  server.RaftServerConfigKeys (ConfUtils.java:logGet(43)) - raft.server.log.preallocated.size = 16384 (custom)
2019-08-12 03:44:49,130 INFO  server.RaftServerConfigKeys (ConfUtils.java:logGet(43)) - raft.server.log.write.buffer.size = 33554432 (custom)
2019-08-12 03:44:49,131 INFO  server.RaftServerConfigKeys (ConfUtils.java:logGet(43)) - raft.server.log.force.sync.num = 128 (default)
2019-08-12 03:44:49,131 INFO  server.RaftServerConfigKeys (ConfUtils.java:logGet(43)) - raft.server.log.statemachine.data.sync = true (default)
2019-08-12 03:44:49,131 INFO  server.RaftServerConfigKeys (ConfUtils.java:logGet(43)) - raft.server.log.statemachine.data.sync.timeout = 10s (default)
2019-08-12 03:44:49,131 INFO  server.RaftServerConfigKeys (ConfUtils.java:logGet(43)) - raft.server.log.statemachine.data.sync.timeout.retry = -1 (default)
2019-08-12 03:44:49,132 INFO  server.RaftServerConfigKeys (ConfUtils.java:logGet(43)) - raft.server.log.statemachine.data.caching.enabled = true (custom)
2019-08-12 03:44:49,132 INFO  segmented.SegmentedRaftLogWorker (SegmentedRaftLogWorker.java:lambda$new$0(132)) - a50cc7e2-4a27-4fcd-8849-c68f91ecfcde-SegmentedRaftLogWorker:Storage Directory /workdir/hadoop-ozone/integration-test/target/test-dir/MiniOzoneClusterImpl-230b7a8d-0008-4ef7-8cf3-9f4f6684a3c2/datanode-4/data/ratis/f2df9ba8-ad79-42fa-a5a8-a4f14d9b5af8: flushIndex: setUnconditionally 0 -> -1
2019-08-12 03:44:49,133 INFO  server.RaftServerConfigKeys (ConfUtils.java:logGet(43)) - raft.server.snapshot.auto.trigger.enabled = true (custom)
2019-08-12 03:44:49,133 INFO  server.RaftServerConfigKeys (ConfUtils.java:logGet(43)) - raft.server.snapshot.auto.trigger.threshold = 10000 (custom)
2019-08-12 03:44:49,133 INFO  server.RaftServerConfigKeys (ConfUtils.java:logGet(43)) - raft.server.retrycache.expirytime = 600000ms (custom)
2019-08-12 03:44:49,133 INFO  impl.RaftServerImpl (RaftServerImpl.java:start(180)) - a50cc7e2-4a27-4fcd-8849-c68f91ecfcde: start group-A4F14D9B5AF8
2019-08-12 03:44:49,134 INFO  impl.RaftServerImpl (RaftServerImpl.java:setRole(171)) - a50cc7e2-4a27-4fcd-8849-c68f91ecfcde:group-A4F14D9B5AF8 changes role from null to FOLLOWER at term 0 for startAsFollower
2019-08-12 03:44:49,134 INFO  impl.RoleInfo (RoleInfo.java:updateAndGet(143)) - a50cc7e2-4a27-4fcd-8849-c68f91ecfcde: start FollowerState
2019-08-12 03:44:49,136 INFO  util.JmxRegister (JmxRegister.java:tryRegister(44)) - Successfully registered JMX Bean with object name Ratis:service=RaftServer,group=group-A4F14D9B5AF8,id=a50cc7e2-4a27-4fcd-8849-c68f91ecfcde
2019-08-12 03:44:49,153 INFO  pipeline.PipelineStateManager (PipelineStateManager.java:addPipeline(56)) - Created pipeline Pipeline[ Id: f2df9ba8-ad79-42fa-a5a8-a4f14d9b5af8, Nodes: a50cc7e2-4a27-4fcd-8849-c68f91ecfcde{ip: 192.168.157.230, host: byscane-nightly-pnj9f-4033720222, networkLocation: /default-rack, certSerialId: null}, Type:RATIS, Factor:ONE, State:OPEN]
2019-08-12 03:44:49,177 INFO  impl.RaftServerProxy (RaftServerProxy.java:addNew(89)) - c626654f-bead-47ab-bb67-e024a3ee5f73: addNew group-B8702D801A1E:[c626654f-bead-47ab-bb67-e024a3ee5f73:192.168.157.230:45780] returns group-B8702D801A1E:java.util.concurrent.CompletableFuture@5db64894[Not completed]
2019-08-12 03:44:49,189 INFO  impl.RaftServerImpl (RaftServerImpl.java:<init>(93)) - c626654f-bead-47ab-bb67-e024a3ee5f73: new RaftServerImpl for group-B8702D801A1E:[c626654f-bead-47ab-bb67-e024a3ee5f73:192.168.157.230:45780] with ContainerStateMachine:uninitialized
2019-08-12 03:44:49,190 INFO  server.RaftServerConfigKeys (ConfUtils.java:logGet(43)) - raft.server.rpc.timeout.min = 5s (custom)
2019-08-12 03:44:49,190 INFO  server.RaftServerConfigKeys (ConfUtils.java:logGet(43)) - raft.server.rpc.timeout.max = 5200ms (custom)
2019-08-12 03:44:49,190 INFO  server.RaftServerConfigKeys (ConfUtils.java:logGet(43)) - raft.server.rpcslowness.timeout = 120s (custom)
2019-08-12 03:44:49,190 INFO  server.RaftServerConfigKeys (ConfUtils.java:logGet(43)) - raft.server.sleep.deviation.threshold = 300 (default)
2019-08-12 03:44:49,190 INFO  server.RaftServerConfigKeys (ConfUtils.java:logGet(43)) - raft.server.log.appender.install.snapshot.enabled = false (custom)
2019-08-12 03:44:49,190 INFO  impl.RaftServerImpl (ServerState.java:<init>(105)) - c626654f-bead-47ab-bb67-e024a3ee5f73:group-B8702D801A1E ConfigurationManager, init=-1: [c626654f-bead-47ab-bb67-e024a3ee5f73:192.168.157.230:45780], old=null, confs=<EMPTY_MAP>
2019-08-12 03:44:49,191 INFO  server.RaftServerConfigKeys (ConfUtils.java:logGet(43)) - raft.server.storage.dir = [/workdir/hadoop-ozone/integration-test/target/test-dir/MiniOzoneClusterImpl-230b7a8d-0008-4ef7-8cf3-9f4f6684a3c2/datanode-2/data/ratis] (custom)
2019-08-12 03:44:49,193 INFO  storage.RaftStorageDirectory (RaftStorageDirectory.java:analyzeStorage(246)) - The storage directory /workdir/hadoop-ozone/integration-test/target/test-dir/MiniOzoneClusterImpl-230b7a8d-0008-4ef7-8cf3-9f4f6684a3c2/datanode-2/data/ratis/fd149a50-180e-4912-81f2-b8702d801a1e does not exist. Creating ...
2019-08-12 03:44:49,205 INFO  storage.RaftStorageDirectory (RaftStorageDirectory.java:tryLock(328)) - Lock on /workdir/hadoop-ozone/integration-test/target/test-dir/MiniOzoneClusterImpl-230b7a8d-0008-4ef7-8cf3-9f4f6684a3c2/datanode-2/data/ratis/fd149a50-180e-4912-81f2-b8702d801a1e/in_use.lock acquired by nodename 24580@byscane-nightly-pnj9f-4033720222
2019-08-12 03:44:49,218 INFO  storage.RaftStorage (RaftStorage.java:format(72)) - Storage directory /workdir/hadoop-ozone/integration-test/target/test-dir/MiniOzoneClusterImpl-230b7a8d-0008-4ef7-8cf3-9f4f6684a3c2/datanode-2/data/ratis/fd149a50-180e-4912-81f2-b8702d801a1e has been successfully formatted.
2019-08-12 03:44:49,218 INFO  ratis.ContainerStateMachine (ContainerStateMachine.java:loadSnapshot(213)) - group-B8702D801A1E: The snapshot info is null. Setting the last applied indexto:(t:0, i:~)
2019-08-12 03:44:49,218 INFO  server.RaftServerConfigKeys (ConfUtils.java:logGet(43)) - raft.server.leader.election.timeout = 120s (custom)
2019-08-12 03:44:49,218 INFO  server.RaftServerConfigKeys (ConfUtils.java:logGet(43)) - raft.server.log.use.memory = false (default)
2019-08-12 03:44:49,218 INFO  server.RaftServerConfigKeys (ConfUtils.java:logGet(43)) - raft.server.log.purge.gap = 1000000000 (custom)
2019-08-12 03:44:49,219 INFO  server.RaftServerConfigKeys (ConfUtils.java:logGet(43)) - raft.server.log.appender.buffer.byte-limit = 33554432 (custom)
2019-08-12 03:44:49,219 INFO  server.RaftServerConfigKeys (ConfUtils.java:logGet(43)) - raft.server.log.segment.size.max = 1048576 (custom)
2019-08-12 03:44:49,219 INFO  server.RaftServerConfigKeys (ConfUtils.java:logGet(43)) - raft.server.log.segment.cache.num.max = 2 (custom)
2019-08-12 03:44:49,219 INFO  segmented.SegmentedRaftLogWorker (SegmentedRaftLogWorker.java:<init>(172)) - new c626654f-bead-47ab-bb67-e024a3ee5f73-SegmentedRaftLogWorker:Storage Directory /workdir/hadoop-ozone/integration-test/target/test-dir/MiniOzoneClusterImpl-230b7a8d-0008-4ef7-8cf3-9f4f6684a3c2/datanode-2/data/ratis/fd149a50-180e-4912-81f2-b8702d801a1e for RaftStorage:Storage Directory /workdir/hadoop-ozone/integration-test/target/test-dir/MiniOzoneClusterImpl-230b7a8d-0008-4ef7-8cf3-9f4f6684a3c2/datanode-2/data/ratis/fd149a50-180e-4912-81f2-b8702d801a1e
2019-08-12 03:44:49,219 INFO  server.RaftServerConfigKeys (ConfUtils.java:logGet(43)) - raft.server.log.queue.byte-limit = 2147483647 (custom)
2019-08-12 03:44:49,219 INFO  server.RaftServerConfigKeys (ConfUtils.java:logGet(43)) - raft.server.log.queue.element-limit = 1024 (custom)
2019-08-12 03:44:49,220 INFO  server.RaftServerConfigKeys (ConfUtils.java:logGet(43)) - raft.server.log.segment.size.max = 1048576 (custom)
2019-08-12 03:44:49,220 INFO  server.RaftServerConfigKeys (ConfUtils.java:logGet(43)) - raft.server.log.preallocated.size = 16384 (custom)
2019-08-12 03:44:49,220 INFO  server.RaftServerConfigKeys (ConfUtils.java:logGet(43)) - raft.server.log.write.buffer.size = 33554432 (custom)
2019-08-12 03:44:49,220 INFO  server.RaftServerConfigKeys (ConfUtils.java:logGet(43)) - raft.server.log.force.sync.num = 128 (default)
2019-08-12 03:44:49,220 INFO  server.RaftServerConfigKeys (ConfUtils.java:logGet(43)) - raft.server.log.statemachine.data.sync = true (default)
2019-08-12 03:44:49,220 INFO  server.RaftServerConfigKeys (ConfUtils.java:logGet(43)) - raft.server.log.statemachine.data.sync.timeout = 10s (default)
2019-08-12 03:44:49,220 INFO  server.RaftServerConfigKeys (ConfUtils.java:logGet(43)) - raft.server.log.statemachine.data.sync.timeout.retry = -1 (default)
2019-08-12 03:44:49,221 INFO  server.RaftServerConfigKeys (ConfUtils.java:logGet(43)) - raft.server.log.statemachine.data.caching.enabled = true (custom)
2019-08-12 03:44:49,221 INFO  segmented.SegmentedRaftLogWorker (SegmentedRaftLogWorker.java:lambda$new$0(132)) - c626654f-bead-47ab-bb67-e024a3ee5f73-SegmentedRaftLogWorker:Storage Directory /workdir/hadoop-ozone/integration-test/target/test-dir/MiniOzoneClusterImpl-230b7a8d-0008-4ef7-8cf3-9f4f6684a3c2/datanode-2/data/ratis/fd149a50-180e-4912-81f2-b8702d801a1e: flushIndex: setUnconditionally 0 -> -1
2019-08-12 03:44:49,221 INFO  server.RaftServerConfigKeys (ConfUtils.java:logGet(43)) - raft.server.snapshot.auto.trigger.enabled = true (custom)
2019-08-12 03:44:49,221 INFO  server.RaftServerConfigKeys (ConfUtils.java:logGet(43)) - raft.server.snapshot.auto.trigger.threshold = 10000 (custom)
2019-08-12 03:44:49,222 INFO  server.RaftServerConfigKeys (ConfUtils.java:logGet(43)) - raft.server.retrycache.expirytime = 600000ms (custom)
2019-08-12 03:44:49,222 INFO  impl.RaftServerImpl (RaftServerImpl.java:start(180)) - c626654f-bead-47ab-bb67-e024a3ee5f73: start group-B8702D801A1E
2019-08-12 03:44:49,222 INFO  impl.RaftServerImpl (RaftServerImpl.java:setRole(171)) - c626654f-bead-47ab-bb67-e024a3ee5f73:group-B8702D801A1E changes role from null to FOLLOWER at term 0 for startAsFollower
2019-08-12 03:44:49,222 INFO  impl.RoleInfo (RoleInfo.java:updateAndGet(143)) - c626654f-bead-47ab-bb67-e024a3ee5f73: start FollowerState
2019-08-12 03:44:49,223 INFO  util.JmxRegister (JmxRegister.java:tryRegister(44)) - Successfully registered JMX Bean with object name Ratis:service=RaftServer,group=group-B8702D801A1E,id=c626654f-bead-47ab-bb67-e024a3ee5f73
2019-08-12 03:44:49,237 INFO  pipeline.PipelineStateManager (PipelineStateManager.java:addPipeline(56)) - Created pipeline Pipeline[ Id: fd149a50-180e-4912-81f2-b8702d801a1e, Nodes: c626654f-bead-47ab-bb67-e024a3ee5f73{ip: 192.168.157.230, host: byscane-nightly-pnj9f-4033720222, networkLocation: /default-rack, certSerialId: null}, Type:RATIS, Factor:ONE, State:OPEN]
2019-08-12 03:44:49,274 INFO  impl.RaftServerProxy (RaftServerProxy.java:addNew(89)) - 6308e709-eb2e-47a2-a0fc-61082b4259af: addNew group-69304B48B22C:[6308e709-eb2e-47a2-a0fc-61082b4259af:192.168.157.230:34464] returns group-69304B48B22C:java.util.concurrent.CompletableFuture@54ec270f[Not completed]
2019-08-12 03:44:49,282 INFO  impl.RaftServerImpl (RaftServerImpl.java:<init>(93)) - 6308e709-eb2e-47a2-a0fc-61082b4259af: new RaftServerImpl for group-69304B48B22C:[6308e709-eb2e-47a2-a0fc-61082b4259af:192.168.157.230:34464] with ContainerStateMachine:uninitialized
2019-08-12 03:44:49,282 INFO  server.RaftServerConfigKeys (ConfUtils.java:logGet(43)) - raft.server.rpc.timeout.min = 5s (custom)
2019-08-12 03:44:49,282 INFO  server.RaftServerConfigKeys (ConfUtils.java:logGet(43)) - raft.server.rpc.timeout.max = 5200ms (custom)
2019-08-12 03:44:49,283 INFO  server.RaftServerConfigKeys (ConfUtils.java:logGet(43)) - raft.server.rpcslowness.timeout = 120s (custom)
2019-08-12 03:44:49,283 INFO  server.RaftServerConfigKeys (ConfUtils.java:logGet(43)) - raft.server.sleep.deviation.threshold = 300 (default)
2019-08-12 03:44:49,283 INFO  server.RaftServerConfigKeys (ConfUtils.java:logGet(43)) - raft.server.log.appender.install.snapshot.enabled = false (custom)
2019-08-12 03:44:49,283 INFO  impl.RaftServerImpl (ServerState.java:<init>(105)) - 6308e709-eb2e-47a2-a0fc-61082b4259af:group-69304B48B22C ConfigurationManager, init=-1: [6308e709-eb2e-47a2-a0fc-61082b4259af:192.168.157.230:34464], old=null, confs=<EMPTY_MAP>
2019-08-12 03:44:49,284 INFO  server.RaftServerConfigKeys (ConfUtils.java:logGet(43)) - raft.server.storage.dir = [/workdir/hadoop-ozone/integration-test/target/test-dir/MiniOzoneClusterImpl-230b7a8d-0008-4ef7-8cf3-9f4f6684a3c2/datanode-5/data/ratis] (custom)
2019-08-12 03:44:49,284 INFO  storage.RaftStorageDirectory (RaftStorageDirectory.java:analyzeStorage(246)) - The storage directory /workdir/hadoop-ozone/integration-test/target/test-dir/MiniOzoneClusterImpl-230b7a8d-0008-4ef7-8cf3-9f4f6684a3c2/datanode-5/data/ratis/976534c0-76e5-492d-b53c-69304b48b22c does not exist. Creating ...
2019-08-12 03:44:49,297 INFO  storage.RaftStorageDirectory (RaftStorageDirectory.java:tryLock(328)) - Lock on /workdir/hadoop-ozone/integration-test/target/test-dir/MiniOzoneClusterImpl-230b7a8d-0008-4ef7-8cf3-9f4f6684a3c2/datanode-5/data/ratis/976534c0-76e5-492d-b53c-69304b48b22c/in_use.lock acquired by nodename 24580@byscane-nightly-pnj9f-4033720222
2019-08-12 03:44:49,313 INFO  storage.RaftStorage (RaftStorage.java:format(72)) - Storage directory /workdir/hadoop-ozone/integration-test/target/test-dir/MiniOzoneClusterImpl-230b7a8d-0008-4ef7-8cf3-9f4f6684a3c2/datanode-5/data/ratis/976534c0-76e5-492d-b53c-69304b48b22c has been successfully formatted.
2019-08-12 03:44:49,317 INFO  ratis.ContainerStateMachine (ContainerStateMachine.java:loadSnapshot(213)) - group-69304B48B22C: The snapshot info is null. Setting the last applied indexto:(t:0, i:~)
2019-08-12 03:44:49,318 INFO  server.RaftServerConfigKeys (ConfUtils.java:logGet(43)) - raft.server.leader.election.timeout = 120s (custom)
2019-08-12 03:44:49,318 INFO  server.RaftServerConfigKeys (ConfUtils.java:logGet(43)) - raft.server.log.use.memory = false (default)
2019-08-12 03:44:49,318 INFO  server.RaftServerConfigKeys (ConfUtils.java:logGet(43)) - raft.server.log.purge.gap = 1000000000 (custom)
2019-08-12 03:44:49,318 INFO  server.RaftServerConfigKeys (ConfUtils.java:logGet(43)) - raft.server.log.appender.buffer.byte-limit = 33554432 (custom)
2019-08-12 03:44:49,318 INFO  server.RaftServerConfigKeys (ConfUtils.java:logGet(43)) - raft.server.log.segment.size.max = 1048576 (custom)
2019-08-12 03:44:49,318 INFO  server.RaftServerConfigKeys (ConfUtils.java:logGet(43)) - raft.server.log.segment.cache.num.max = 2 (custom)
2019-08-12 03:44:49,319 INFO  segmented.SegmentedRaftLogWorker (SegmentedRaftLogWorker.java:<init>(172)) - new 6308e709-eb2e-47a2-a0fc-61082b4259af-SegmentedRaftLogWorker:Storage Directory /workdir/hadoop-ozone/integration-test/target/test-dir/MiniOzoneClusterImpl-230b7a8d-0008-4ef7-8cf3-9f4f6684a3c2/datanode-5/data/ratis/976534c0-76e5-492d-b53c-69304b48b22c for RaftStorage:Storage Directory /workdir/hadoop-ozone/integration-test/target/test-dir/MiniOzoneClusterImpl-230b7a8d-0008-4ef7-8cf3-9f4f6684a3c2/datanode-5/data/ratis/976534c0-76e5-492d-b53c-69304b48b22c
2019-08-12 03:44:49,319 INFO  server.RaftServerConfigKeys (ConfUtils.java:logGet(43)) - raft.server.log.queue.byte-limit = 2147483647 (custom)
2019-08-12 03:44:49,319 INFO  server.RaftServerConfigKeys (ConfUtils.java:logGet(43)) - raft.server.log.queue.element-limit = 1024 (custom)
2019-08-12 03:44:49,320 INFO  server.RaftServerConfigKeys (ConfUtils.java:logGet(43)) - raft.server.log.segment.size.max = 1048576 (custom)
2019-08-12 03:44:49,320 INFO  server.RaftServerConfigKeys (ConfUtils.java:logGet(43)) - raft.server.log.preallocated.size = 16384 (custom)
2019-08-12 03:44:49,320 INFO  server.RaftServerConfigKeys (ConfUtils.java:logGet(43)) - raft.server.log.write.buffer.size = 33554432 (custom)
2019-08-12 03:44:49,320 INFO  server.RaftServerConfigKeys (ConfUtils.java:logGet(43)) - raft.server.log.force.sync.num = 128 (default)
2019-08-12 03:44:49,321 INFO  server.RaftServerConfigKeys (ConfUtils.java:logGet(43)) - raft.server.log.statemachine.data.sync = true (default)
2019-08-12 03:44:49,321 INFO  server.RaftServerConfigKeys (ConfUtils.java:logGet(43)) - raft.server.log.statemachine.data.sync.timeout = 10s (default)
2019-08-12 03:44:49,321 INFO  server.RaftServerConfigKeys (ConfUtils.java:logGet(43)) - raft.server.log.statemachine.data.sync.timeout.retry = -1 (default)
2019-08-12 03:44:49,321 INFO  server.RaftServerConfigKeys (ConfUtils.java:logGet(43)) - raft.server.log.statemachine.data.caching.enabled = true (custom)
2019-08-12 03:44:49,322 INFO  segmented.SegmentedRaftLogWorker (SegmentedRaftLogWorker.java:lambda$new$0(132)) - 6308e709-eb2e-47a2-a0fc-61082b4259af-SegmentedRaftLogWorker:Storage Directory /workdir/hadoop-ozone/integration-test/target/test-dir/MiniOzoneClusterImpl-230b7a8d-0008-4ef7-8cf3-9f4f6684a3c2/datanode-5/data/ratis/976534c0-76e5-492d-b53c-69304b48b22c: flushIndex: setUnconditionally 0 -> -1
2019-08-12 03:44:49,322 INFO  server.RaftServerConfigKeys (ConfUtils.java:logGet(43)) - raft.server.snapshot.auto.trigger.enabled = true (custom)
2019-08-12 03:44:49,322 INFO  server.RaftServerConfigKeys (ConfUtils.java:logGet(43)) - raft.server.snapshot.auto.trigger.threshold = 10000 (custom)
2019-08-12 03:44:49,323 INFO  server.RaftServerConfigKeys (ConfUtils.java:logGet(43)) - raft.server.retrycache.expirytime = 600000ms (custom)
2019-08-12 03:44:49,323 INFO  impl.RaftServerImpl (RaftServerImpl.java:start(180)) - 6308e709-eb2e-47a2-a0fc-61082b4259af: start group-69304B48B22C
2019-08-12 03:44:49,323 INFO  impl.RaftServerImpl (RaftServerImpl.java:setRole(171)) - 6308e709-eb2e-47a2-a0fc-61082b4259af:group-69304B48B22C changes role from null to FOLLOWER at term 0 for startAsFollower
2019-08-12 03:44:49,323 INFO  impl.RoleInfo (RoleInfo.java:updateAndGet(143)) - 6308e709-eb2e-47a2-a0fc-61082b4259af: start FollowerState
2019-08-12 03:44:49,324 INFO  util.JmxRegister (JmxRegister.java:tryRegister(44)) - Successfully registered JMX Bean with object name Ratis:service=RaftServer,group=group-69304B48B22C,id=6308e709-eb2e-47a2-a0fc-61082b4259af
2019-08-12 03:44:49,325 INFO  rpc.RpcClient (RpcClient.java:createVolume(288)) - Creating Volume: datanodefailurehandlingtest, with jenkins1000 as owner.
2019-08-12 03:44:49,338 INFO  pipeline.PipelineStateManager (PipelineStateManager.java:addPipeline(56)) - Created pipeline Pipeline[ Id: 976534c0-76e5-492d-b53c-69304b48b22c, Nodes: 6308e709-eb2e-47a2-a0fc-61082b4259af{ip: 192.168.157.230, host: byscane-nightly-pnj9f-4033720222, networkLocation: /default-rack, certSerialId: null}, Type:RATIS, Factor:ONE, State:OPEN]
2019-08-12 03:44:49,369 INFO  impl.RaftServerProxy (RaftServerProxy.java:addNew(89)) - 295e00fa-216e-4f76-a1e9-b8b2f7472bab: addNew group-ACFA9CA58C9C:[295e00fa-216e-4f76-a1e9-b8b2f7472bab:192.168.157.230:38322] returns group-ACFA9CA58C9C:java.util.concurrent.CompletableFuture@3bf7501e[Not completed]
2019-08-12 03:44:49,374 INFO  impl.RaftServerImpl (RaftServerImpl.java:<init>(93)) - 295e00fa-216e-4f76-a1e9-b8b2f7472bab: new RaftServerImpl for group-ACFA9CA58C9C:[295e00fa-216e-4f76-a1e9-b8b2f7472bab:192.168.157.230:38322] with ContainerStateMachine:uninitialized
2019-08-12 03:44:49,374 INFO  server.RaftServerConfigKeys (ConfUtils.java:logGet(43)) - raft.server.rpc.timeout.min = 5s (custom)
2019-08-12 03:44:49,374 INFO  server.RaftServerConfigKeys (ConfUtils.java:logGet(43)) - raft.server.rpc.timeout.max = 5200ms (custom)
2019-08-12 03:44:49,375 INFO  server.RaftServerConfigKeys (ConfUtils.java:logGet(43)) - raft.server.rpcslowness.timeout = 120s (custom)
2019-08-12 03:44:49,375 INFO  server.RaftServerConfigKeys (ConfUtils.java:logGet(43)) - raft.server.sleep.deviation.threshold = 300 (default)
2019-08-12 03:44:49,375 INFO  server.RaftServerConfigKeys (ConfUtils.java:logGet(43)) - raft.server.log.appender.install.snapshot.enabled = false (custom)
2019-08-12 03:44:49,375 INFO  impl.RaftServerImpl (ServerState.java:<init>(105)) - 295e00fa-216e-4f76-a1e9-b8b2f7472bab:group-ACFA9CA58C9C ConfigurationManager, init=-1: [295e00fa-216e-4f76-a1e9-b8b2f7472bab:192.168.157.230:38322], old=null, confs=<EMPTY_MAP>
2019-08-12 03:44:49,376 INFO  server.RaftServerConfigKeys (ConfUtils.java:logGet(43)) - raft.server.storage.dir = [/workdir/hadoop-ozone/integration-test/target/test-dir/MiniOzoneClusterImpl-230b7a8d-0008-4ef7-8cf3-9f4f6684a3c2/datanode-3/data/ratis] (custom)
2019-08-12 03:44:49,376 INFO  storage.RaftStorageDirectory (RaftStorageDirectory.java:analyzeStorage(246)) - The storage directory /workdir/hadoop-ozone/integration-test/target/test-dir/MiniOzoneClusterImpl-230b7a8d-0008-4ef7-8cf3-9f4f6684a3c2/datanode-3/data/ratis/29d9abf2-1cb8-4572-92fd-acfa9ca58c9c does not exist. Creating ...
2019-08-12 03:44:49,396 INFO  rpc.RpcClient (RpcClient.java:createBucket(425)) - Creating Bucket: datanodefailurehandlingtest/datanodefailurehandlingtest, with Versioning false and Storage Type set to DISK and Encryption set to false 
2019-08-12 03:44:49,413 INFO  storage.RaftStorageDirectory (RaftStorageDirectory.java:tryLock(328)) - Lock on /workdir/hadoop-ozone/integration-test/target/test-dir/MiniOzoneClusterImpl-230b7a8d-0008-4ef7-8cf3-9f4f6684a3c2/datanode-3/data/ratis/29d9abf2-1cb8-4572-92fd-acfa9ca58c9c/in_use.lock acquired by nodename 24580@byscane-nightly-pnj9f-4033720222
2019-08-12 03:44:49,427 INFO  storage.RaftStorage (RaftStorage.java:format(72)) - Storage directory /workdir/hadoop-ozone/integration-test/target/test-dir/MiniOzoneClusterImpl-230b7a8d-0008-4ef7-8cf3-9f4f6684a3c2/datanode-3/data/ratis/29d9abf2-1cb8-4572-92fd-acfa9ca58c9c has been successfully formatted.
2019-08-12 03:44:49,427 INFO  ratis.ContainerStateMachine (ContainerStateMachine.java:loadSnapshot(213)) - group-ACFA9CA58C9C: The snapshot info is null. Setting the last applied indexto:(t:0, i:~)
2019-08-12 03:44:49,427 INFO  server.RaftServerConfigKeys (ConfUtils.java:logGet(43)) - raft.server.leader.election.timeout = 120s (custom)
2019-08-12 03:44:49,428 INFO  server.RaftServerConfigKeys (ConfUtils.java:logGet(43)) - raft.server.log.use.memory = false (default)
2019-08-12 03:44:49,428 INFO  server.RaftServerConfigKeys (ConfUtils.java:logGet(43)) - raft.server.log.purge.gap = 1000000000 (custom)
2019-08-12 03:44:49,430 INFO  server.RaftServerConfigKeys (ConfUtils.java:logGet(43)) - raft.server.log.appender.buffer.byte-limit = 33554432 (custom)
2019-08-12 03:44:49,430 INFO  server.RaftServerConfigKeys (ConfUtils.java:logGet(43)) - raft.server.log.segment.size.max = 1048576 (custom)
2019-08-12 03:44:49,430 INFO  server.RaftServerConfigKeys (ConfUtils.java:logGet(43)) - raft.server.log.segment.cache.num.max = 2 (custom)
2019-08-12 03:44:49,431 INFO  segmented.SegmentedRaftLogWorker (SegmentedRaftLogWorker.java:<init>(172)) - new 295e00fa-216e-4f76-a1e9-b8b2f7472bab-SegmentedRaftLogWorker:Storage Directory /workdir/hadoop-ozone/integration-test/target/test-dir/MiniOzoneClusterImpl-230b7a8d-0008-4ef7-8cf3-9f4f6684a3c2/datanode-3/data/ratis/29d9abf2-1cb8-4572-92fd-acfa9ca58c9c for RaftStorage:Storage Directory /workdir/hadoop-ozone/integration-test/target/test-dir/MiniOzoneClusterImpl-230b7a8d-0008-4ef7-8cf3-9f4f6684a3c2/datanode-3/data/ratis/29d9abf2-1cb8-4572-92fd-acfa9ca58c9c
2019-08-12 03:44:49,431 INFO  server.RaftServerConfigKeys (ConfUtils.java:logGet(43)) - raft.server.log.queue.byte-limit = 2147483647 (custom)
2019-08-12 03:44:49,431 INFO  server.RaftServerConfigKeys (ConfUtils.java:logGet(43)) - raft.server.log.queue.element-limit = 1024 (custom)
2019-08-12 03:44:49,431 INFO  server.RaftServerConfigKeys (ConfUtils.java:logGet(43)) - raft.server.log.segment.size.max = 1048576 (custom)
2019-08-12 03:44:49,432 INFO  server.RaftServerConfigKeys (ConfUtils.java:logGet(43)) - raft.server.log.preallocated.size = 16384 (custom)
2019-08-12 03:44:49,432 INFO  server.RaftServerConfigKeys (ConfUtils.java:logGet(43)) - raft.server.log.write.buffer.size = 33554432 (custom)
2019-08-12 03:44:49,432 INFO  server.RaftServerConfigKeys (ConfUtils.java:logGet(43)) - raft.server.log.force.sync.num = 128 (default)
2019-08-12 03:44:49,432 INFO  server.RaftServerConfigKeys (ConfUtils.java:logGet(43)) - raft.server.log.statemachine.data.sync = true (default)
2019-08-12 03:44:49,432 INFO  server.RaftServerConfigKeys (ConfUtils.java:logGet(43)) - raft.server.log.statemachine.data.sync.timeout = 10s (default)
2019-08-12 03:44:49,432 INFO  server.RaftServerConfigKeys (ConfUtils.java:logGet(43)) - raft.server.log.statemachine.data.sync.timeout.retry = -1 (default)
2019-08-12 03:44:49,433 INFO  server.RaftServerConfigKeys (ConfUtils.java:logGet(43)) - raft.server.log.statemachine.data.caching.enabled = true (custom)
2019-08-12 03:44:49,433 INFO  segmented.SegmentedRaftLogWorker (SegmentedRaftLogWorker.java:lambda$new$0(132)) - 295e00fa-216e-4f76-a1e9-b8b2f7472bab-SegmentedRaftLogWorker:Storage Directory /workdir/hadoop-ozone/integration-test/target/test-dir/MiniOzoneClusterImpl-230b7a8d-0008-4ef7-8cf3-9f4f6684a3c2/datanode-3/data/ratis/29d9abf2-1cb8-4572-92fd-acfa9ca58c9c: flushIndex: setUnconditionally 0 -> -1
2019-08-12 03:44:49,434 INFO  server.RaftServerConfigKeys (ConfUtils.java:logGet(43)) - raft.server.snapshot.auto.trigger.enabled = true (custom)
2019-08-12 03:44:49,434 INFO  server.RaftServerConfigKeys (ConfUtils.java:logGet(43)) - raft.server.snapshot.auto.trigger.threshold = 10000 (custom)
2019-08-12 03:44:49,434 INFO  server.RaftServerConfigKeys (ConfUtils.java:logGet(43)) - raft.server.retrycache.expirytime = 600000ms (custom)
2019-08-12 03:44:49,434 INFO  impl.RaftServerImpl (RaftServerImpl.java:start(180)) - 295e00fa-216e-4f76-a1e9-b8b2f7472bab: start group-ACFA9CA58C9C
2019-08-12 03:44:49,434 INFO  impl.RaftServerImpl (RaftServerImpl.java:setRole(171)) - 295e00fa-216e-4f76-a1e9-b8b2f7472bab:group-ACFA9CA58C9C changes role from null to FOLLOWER at term 0 for startAsFollower
2019-08-12 03:44:49,435 INFO  impl.RoleInfo (RoleInfo.java:updateAndGet(143)) - 295e00fa-216e-4f76-a1e9-b8b2f7472bab: start FollowerState
2019-08-12 03:44:49,435 INFO  util.JmxRegister (JmxRegister.java:tryRegister(44)) - Successfully registered JMX Bean with object name Ratis:service=RaftServer,group=group-ACFA9CA58C9C,id=295e00fa-216e-4f76-a1e9-b8b2f7472bab
2019-08-12 03:44:49,450 INFO  pipeline.PipelineStateManager (PipelineStateManager.java:addPipeline(56)) - Created pipeline Pipeline[ Id: 29d9abf2-1cb8-4572-92fd-acfa9ca58c9c, Nodes: 295e00fa-216e-4f76-a1e9-b8b2f7472bab{ip: 192.168.157.230, host: byscane-nightly-pnj9f-4033720222, networkLocation: /default-rack, certSerialId: null}, Type:RATIS, Factor:ONE, State:OPEN]
2019-08-12 03:44:49,484 INFO  impl.RaftServerProxy (RaftServerProxy.java:addNew(89)) - 106a4a7a-8a56-41bd-ad03-931b24a08add: addNew group-797A9A506477:[106a4a7a-8a56-41bd-ad03-931b24a08add:192.168.157.230:45125] returns group-797A9A506477:java.util.concurrent.CompletableFuture@554fb0dc[Not completed]
2019-08-12 03:44:49,487 INFO  impl.RaftServerImpl (RaftServerImpl.java:<init>(93)) - 106a4a7a-8a56-41bd-ad03-931b24a08add: new RaftServerImpl for group-797A9A506477:[106a4a7a-8a56-41bd-ad03-931b24a08add:192.168.157.230:45125] with ContainerStateMachine:uninitialized
2019-08-12 03:44:49,487 INFO  server.RaftServerConfigKeys (ConfUtils.java:logGet(43)) - raft.server.rpc.timeout.min = 5s (custom)
2019-08-12 03:44:49,487 INFO  server.RaftServerConfigKeys (ConfUtils.java:logGet(43)) - raft.server.rpc.timeout.max = 5200ms (custom)
2019-08-12 03:44:49,487 INFO  server.RaftServerConfigKeys (ConfUtils.java:logGet(43)) - raft.server.rpcslowness.timeout = 120s (custom)
2019-08-12 03:44:49,487 INFO  server.RaftServerConfigKeys (ConfUtils.java:logGet(43)) - raft.server.sleep.deviation.threshold = 300 (default)
2019-08-12 03:44:49,488 INFO  server.RaftServerConfigKeys (ConfUtils.java:logGet(43)) - raft.server.log.appender.install.snapshot.enabled = false (custom)
2019-08-12 03:44:49,488 INFO  impl.RaftServerImpl (ServerState.java:<init>(105)) - 106a4a7a-8a56-41bd-ad03-931b24a08add:group-797A9A506477 ConfigurationManager, init=-1: [106a4a7a-8a56-41bd-ad03-931b24a08add:192.168.157.230:45125], old=null, confs=<EMPTY_MAP>
2019-08-12 03:44:49,488 INFO  server.RaftServerConfigKeys (ConfUtils.java:logGet(43)) - raft.server.storage.dir = [/workdir/hadoop-ozone/integration-test/target/test-dir/MiniOzoneClusterImpl-230b7a8d-0008-4ef7-8cf3-9f4f6684a3c2/datanode-1/data/ratis] (custom)
2019-08-12 03:44:49,490 INFO  storage.RaftStorageDirectory (RaftStorageDirectory.java:analyzeStorage(246)) - The storage directory /workdir/hadoop-ozone/integration-test/target/test-dir/MiniOzoneClusterImpl-230b7a8d-0008-4ef7-8cf3-9f4f6684a3c2/datanode-1/data/ratis/f617c548-7650-469d-85fb-797a9a506477 does not exist. Creating ...
2019-08-12 03:44:49,503 INFO  storage.RaftStorageDirectory (RaftStorageDirectory.java:tryLock(328)) - Lock on /workdir/hadoop-ozone/integration-test/target/test-dir/MiniOzoneClusterImpl-230b7a8d-0008-4ef7-8cf3-9f4f6684a3c2/datanode-1/data/ratis/f617c548-7650-469d-85fb-797a9a506477/in_use.lock acquired by nodename 24580@byscane-nightly-pnj9f-4033720222
2019-08-12 03:44:49,516 INFO  storage.RaftStorage (RaftStorage.java:format(72)) - Storage directory /workdir/hadoop-ozone/integration-test/target/test-dir/MiniOzoneClusterImpl-230b7a8d-0008-4ef7-8cf3-9f4f6684a3c2/datanode-1/data/ratis/f617c548-7650-469d-85fb-797a9a506477 has been successfully formatted.
2019-08-12 03:44:49,516 INFO  ratis.ContainerStateMachine (ContainerStateMachine.java:loadSnapshot(213)) - group-797A9A506477: The snapshot info is null. Setting the last applied indexto:(t:0, i:~)
2019-08-12 03:44:49,516 INFO  server.RaftServerConfigKeys (ConfUtils.java:logGet(43)) - raft.server.leader.election.timeout = 120s (custom)
2019-08-12 03:44:49,516 INFO  server.RaftServerConfigKeys (ConfUtils.java:logGet(43)) - raft.server.log.use.memory = false (default)
2019-08-12 03:44:49,517 INFO  server.RaftServerConfigKeys (ConfUtils.java:logGet(43)) - raft.server.log.purge.gap = 1000000000 (custom)
2019-08-12 03:44:49,517 INFO  server.RaftServerConfigKeys (ConfUtils.java:logGet(43)) - raft.server.log.appender.buffer.byte-limit = 33554432 (custom)
2019-08-12 03:44:49,517 INFO  server.RaftServerConfigKeys (ConfUtils.java:logGet(43)) - raft.server.log.segment.size.max = 1048576 (custom)
2019-08-12 03:44:49,517 INFO  server.RaftServerConfigKeys (ConfUtils.java:logGet(43)) - raft.server.log.segment.cache.num.max = 2 (custom)
2019-08-12 03:44:49,518 INFO  segmented.SegmentedRaftLogWorker (SegmentedRaftLogWorker.java:<init>(172)) - new 106a4a7a-8a56-41bd-ad03-931b24a08add-SegmentedRaftLogWorker:Storage Directory /workdir/hadoop-ozone/integration-test/target/test-dir/MiniOzoneClusterImpl-230b7a8d-0008-4ef7-8cf3-9f4f6684a3c2/datanode-1/data/ratis/f617c548-7650-469d-85fb-797a9a506477 for RaftStorage:Storage Directory /workdir/hadoop-ozone/integration-test/target/test-dir/MiniOzoneClusterImpl-230b7a8d-0008-4ef7-8cf3-9f4f6684a3c2/datanode-1/data/ratis/f617c548-7650-469d-85fb-797a9a506477
2019-08-12 03:44:49,518 INFO  server.RaftServerConfigKeys (ConfUtils.java:logGet(43)) - raft.server.log.queue.byte-limit = 2147483647 (custom)
2019-08-12 03:44:49,518 INFO  server.RaftServerConfigKeys (ConfUtils.java:logGet(43)) - raft.server.log.queue.element-limit = 1024 (custom)
2019-08-12 03:44:49,518 INFO  server.RaftServerConfigKeys (ConfUtils.java:logGet(43)) - raft.server.log.segment.size.max = 1048576 (custom)
2019-08-12 03:44:49,518 INFO  server.RaftServerConfigKeys (ConfUtils.java:logGet(43)) - raft.server.log.preallocated.size = 16384 (custom)
2019-08-12 03:44:49,518 INFO  server.RaftServerConfigKeys (ConfUtils.java:logGet(43)) - raft.server.log.write.buffer.size = 33554432 (custom)
2019-08-12 03:44:49,519 INFO  server.RaftServerConfigKeys (ConfUtils.java:logGet(43)) - raft.server.log.force.sync.num = 128 (default)
2019-08-12 03:44:49,519 INFO  server.RaftServerConfigKeys (ConfUtils.java:logGet(43)) - raft.server.log.statemachine.data.sync = true (default)
2019-08-12 03:44:49,519 INFO  server.RaftServerConfigKeys (ConfUtils.java:logGet(43)) - raft.server.log.statemachine.data.sync.timeout = 10s (default)
2019-08-12 03:44:49,519 INFO  server.RaftServerConfigKeys (ConfUtils.java:logGet(43)) - raft.server.log.statemachine.data.sync.timeout.retry = -1 (default)
2019-08-12 03:44:49,519 INFO  server.RaftServerConfigKeys (ConfUtils.java:logGet(43)) - raft.server.log.statemachine.data.caching.enabled = true (custom)
2019-08-12 03:44:49,520 INFO  segmented.SegmentedRaftLogWorker (SegmentedRaftLogWorker.java:lambda$new$0(132)) - 106a4a7a-8a56-41bd-ad03-931b24a08add-SegmentedRaftLogWorker:Storage Directory /workdir/hadoop-ozone/integration-test/target/test-dir/MiniOzoneClusterImpl-230b7a8d-0008-4ef7-8cf3-9f4f6684a3c2/datanode-1/data/ratis/f617c548-7650-469d-85fb-797a9a506477: flushIndex: setUnconditionally 0 -> -1
2019-08-12 03:44:49,520 INFO  server.RaftServerConfigKeys (ConfUtils.java:logGet(43)) - raft.server.snapshot.auto.trigger.enabled = true (custom)
2019-08-12 03:44:49,520 INFO  server.RaftServerConfigKeys (ConfUtils.java:logGet(43)) - raft.server.snapshot.auto.trigger.threshold = 10000 (custom)
2019-08-12 03:44:49,520 INFO  server.RaftServerConfigKeys (ConfUtils.java:logGet(43)) - raft.server.retrycache.expirytime = 600000ms (custom)
2019-08-12 03:44:49,521 INFO  impl.RaftServerImpl (RaftServerImpl.java:start(180)) - 106a4a7a-8a56-41bd-ad03-931b24a08add: start group-797A9A506477
2019-08-12 03:44:49,521 INFO  impl.RaftServerImpl (RaftServerImpl.java:setRole(171)) - 106a4a7a-8a56-41bd-ad03-931b24a08add:group-797A9A506477 changes role from null to FOLLOWER at term 0 for startAsFollower
2019-08-12 03:44:49,521 INFO  impl.RoleInfo (RoleInfo.java:updateAndGet(143)) - 106a4a7a-8a56-41bd-ad03-931b24a08add: start FollowerState
2019-08-12 03:44:49,521 INFO  util.JmxRegister (JmxRegister.java:tryRegister(44)) - Successfully registered JMX Bean with object name Ratis:service=RaftServer,group=group-797A9A506477,id=106a4a7a-8a56-41bd-ad03-931b24a08add
2019-08-12 03:44:49,531 INFO  pipeline.PipelineStateManager (PipelineStateManager.java:addPipeline(56)) - Created pipeline Pipeline[ Id: f617c548-7650-469d-85fb-797a9a506477, Nodes: 106a4a7a-8a56-41bd-ad03-931b24a08add{ip: 192.168.157.230, host: byscane-nightly-pnj9f-4033720222, networkLocation: /default-rack, certSerialId: null}, Type:RATIS, Factor:ONE, State:OPEN]
2019-08-12 03:44:49,563 INFO  impl.RaftServerProxy (RaftServerProxy.java:addNew(89)) - f4bde674-d42f-4757-a1be-37a51abab424: addNew group-71E6DD457FDA:[c626654f-bead-47ab-bb67-e024a3ee5f73:192.168.157.230:45780, f4bde674-d42f-4757-a1be-37a51abab424:192.168.157.230:34058, a50cc7e2-4a27-4fcd-8849-c68f91ecfcde:192.168.157.230:41824] returns group-71E6DD457FDA:java.util.concurrent.CompletableFuture@258a6b1[Not completed]
2019-08-12 03:44:49,563 INFO  impl.RaftServerProxy (RaftServerProxy.java:addNew(89)) - c626654f-bead-47ab-bb67-e024a3ee5f73: addNew group-71E6DD457FDA:[c626654f-bead-47ab-bb67-e024a3ee5f73:192.168.157.230:45780, f4bde674-d42f-4757-a1be-37a51abab424:192.168.157.230:34058, a50cc7e2-4a27-4fcd-8849-c68f91ecfcde:192.168.157.230:41824] returns group-71E6DD457FDA:java.util.concurrent.CompletableFuture@152f204d[Not completed]
2019-08-12 03:44:49,564 INFO  impl.RaftServerProxy (RaftServerProxy.java:addNew(89)) - a50cc7e2-4a27-4fcd-8849-c68f91ecfcde: addNew group-71E6DD457FDA:[c626654f-bead-47ab-bb67-e024a3ee5f73:192.168.157.230:45780, f4bde674-d42f-4757-a1be-37a51abab424:192.168.157.230:34058, a50cc7e2-4a27-4fcd-8849-c68f91ecfcde:192.168.157.230:41824] returns group-71E6DD457FDA:java.util.concurrent.CompletableFuture@65495e9[Not completed]
2019-08-12 03:44:49,565 INFO  impl.RaftServerImpl (RaftServerImpl.java:<init>(93)) - f4bde674-d42f-4757-a1be-37a51abab424: new RaftServerImpl for group-71E6DD457FDA:[c626654f-bead-47ab-bb67-e024a3ee5f73:192.168.157.230:45780, f4bde674-d42f-4757-a1be-37a51abab424:192.168.157.230:34058, a50cc7e2-4a27-4fcd-8849-c68f91ecfcde:192.168.157.230:41824] with ContainerStateMachine:uninitialized
2019-08-12 03:44:49,565 INFO  server.RaftServerConfigKeys (ConfUtils.java:logGet(43)) - raft.server.rpc.timeout.min = 5s (custom)
2019-08-12 03:44:49,565 INFO  server.RaftServerConfigKeys (ConfUtils.java:logGet(43)) - raft.server.rpc.timeout.max = 5200ms (custom)
2019-08-12 03:44:49,565 INFO  server.RaftServerConfigKeys (ConfUtils.java:logGet(43)) - raft.server.rpcslowness.timeout = 120s (custom)
2019-08-12 03:44:49,566 INFO  server.RaftServerConfigKeys (ConfUtils.java:logGet(43)) - raft.server.sleep.deviation.threshold = 300 (default)
2019-08-12 03:44:49,566 INFO  impl.RaftServerImpl (RaftServerImpl.java:<init>(93)) - a50cc7e2-4a27-4fcd-8849-c68f91ecfcde: new RaftServerImpl for group-71E6DD457FDA:[c626654f-bead-47ab-bb67-e024a3ee5f73:192.168.157.230:45780, f4bde674-d42f-4757-a1be-37a51abab424:192.168.157.230:34058, a50cc7e2-4a27-4fcd-8849-c68f91ecfcde:192.168.157.230:41824] with ContainerStateMachine:uninitialized
2019-08-12 03:44:49,566 INFO  server.RaftServerConfigKeys (ConfUtils.java:logGet(43)) - raft.server.log.appender.install.snapshot.enabled = false (custom)
2019-08-12 03:44:49,566 INFO  server.RaftServerConfigKeys (ConfUtils.java:logGet(43)) - raft.server.rpc.timeout.min = 5s (custom)
2019-08-12 03:44:49,566 INFO  impl.RaftServerImpl (ServerState.java:<init>(105)) - f4bde674-d42f-4757-a1be-37a51abab424:group-71E6DD457FDA ConfigurationManager, init=-1: [c626654f-bead-47ab-bb67-e024a3ee5f73:192.168.157.230:45780, f4bde674-d42f-4757-a1be-37a51abab424:192.168.157.230:34058, a50cc7e2-4a27-4fcd-8849-c68f91ecfcde:192.168.157.230:41824], old=null, confs=<EMPTY_MAP>
2019-08-12 03:44:49,566 INFO  server.RaftServerConfigKeys (ConfUtils.java:logGet(43)) - raft.server.rpc.timeout.max = 5200ms (custom)
2019-08-12 03:44:49,566 INFO  server.RaftServerConfigKeys (ConfUtils.java:logGet(43)) - raft.server.storage.dir = [/workdir/hadoop-ozone/integration-test/target/test-dir/MiniOzoneClusterImpl-230b7a8d-0008-4ef7-8cf3-9f4f6684a3c2/datanode-0/data/ratis] (custom)
2019-08-12 03:44:49,566 INFO  impl.RaftServerImpl (RaftServerImpl.java:<init>(93)) - c626654f-bead-47ab-bb67-e024a3ee5f73: new RaftServerImpl for group-71E6DD457FDA:[c626654f-bead-47ab-bb67-e024a3ee5f73:192.168.157.230:45780, f4bde674-d42f-4757-a1be-37a51abab424:192.168.157.230:34058, a50cc7e2-4a27-4fcd-8849-c68f91ecfcde:192.168.157.230:41824] with ContainerStateMachine:uninitialized
2019-08-12 03:44:49,566 INFO  server.RaftServerConfigKeys (ConfUtils.java:logGet(43)) - raft.server.rpcslowness.timeout = 120s (custom)
2019-08-12 03:44:49,566 INFO  server.RaftServerConfigKeys (ConfUtils.java:logGet(43)) - raft.server.rpc.timeout.min = 5s (custom)
2019-08-12 03:44:49,566 INFO  server.RaftServerConfigKeys (ConfUtils.java:logGet(43)) - raft.server.sleep.deviation.threshold = 300 (default)
2019-08-12 03:44:49,567 INFO  server.RaftServerConfigKeys (ConfUtils.java:logGet(43)) - raft.server.rpc.timeout.max = 5200ms (custom)
2019-08-12 03:44:49,567 INFO  storage.RaftStorageDirectory (RaftStorageDirectory.java:analyzeStorage(246)) - The storage directory /workdir/hadoop-ozone/integration-test/target/test-dir/MiniOzoneClusterImpl-230b7a8d-0008-4ef7-8cf3-9f4f6684a3c2/datanode-0/data/ratis/d2e2a9e6-d472-4f68-9024-71e6dd457fda does not exist. Creating ...
2019-08-12 03:44:49,567 INFO  server.RaftServerConfigKeys (ConfUtils.java:logGet(43)) - raft.server.rpcslowness.timeout = 120s (custom)
2019-08-12 03:44:49,567 INFO  server.RaftServerConfigKeys (ConfUtils.java:logGet(43)) - raft.server.log.appender.install.snapshot.enabled = false (custom)
2019-08-12 03:44:49,567 INFO  server.RaftServerConfigKeys (ConfUtils.java:logGet(43)) - raft.server.sleep.deviation.threshold = 300 (default)
2019-08-12 03:44:49,567 INFO  impl.RaftServerImpl (ServerState.java:<init>(105)) - a50cc7e2-4a27-4fcd-8849-c68f91ecfcde:group-71E6DD457FDA ConfigurationManager, init=-1: [c626654f-bead-47ab-bb67-e024a3ee5f73:192.168.157.230:45780, f4bde674-d42f-4757-a1be-37a51abab424:192.168.157.230:34058, a50cc7e2-4a27-4fcd-8849-c68f91ecfcde:192.168.157.230:41824], old=null, confs=<EMPTY_MAP>
2019-08-12 03:44:49,567 INFO  server.RaftServerConfigKeys (ConfUtils.java:logGet(43)) - raft.server.log.appender.install.snapshot.enabled = false (custom)
2019-08-12 03:44:49,567 INFO  server.RaftServerConfigKeys (ConfUtils.java:logGet(43)) - raft.server.storage.dir = [/workdir/hadoop-ozone/integration-test/target/test-dir/MiniOzoneClusterImpl-230b7a8d-0008-4ef7-8cf3-9f4f6684a3c2/datanode-4/data/ratis] (custom)
2019-08-12 03:44:49,567 INFO  impl.RaftServerImpl (ServerState.java:<init>(105)) - c626654f-bead-47ab-bb67-e024a3ee5f73:group-71E6DD457FDA ConfigurationManager, init=-1: [c626654f-bead-47ab-bb67-e024a3ee5f73:192.168.157.230:45780, f4bde674-d42f-4757-a1be-37a51abab424:192.168.157.230:34058, a50cc7e2-4a27-4fcd-8849-c68f91ecfcde:192.168.157.230:41824], old=null, confs=<EMPTY_MAP>
2019-08-12 03:44:49,567 INFO  server.RaftServerConfigKeys (ConfUtils.java:logGet(43)) - raft.server.storage.dir = [/workdir/hadoop-ozone/integration-test/target/test-dir/MiniOzoneClusterImpl-230b7a8d-0008-4ef7-8cf3-9f4f6684a3c2/datanode-2/data/ratis] (custom)
2019-08-12 03:44:49,567 INFO  storage.RaftStorageDirectory (RaftStorageDirectory.java:analyzeStorage(246)) - The storage directory /workdir/hadoop-ozone/integration-test/target/test-dir/MiniOzoneClusterImpl-230b7a8d-0008-4ef7-8cf3-9f4f6684a3c2/datanode-4/data/ratis/d2e2a9e6-d472-4f68-9024-71e6dd457fda does not exist. Creating ...
2019-08-12 03:44:49,568 INFO  storage.RaftStorageDirectory (RaftStorageDirectory.java:analyzeStorage(246)) - The storage directory /workdir/hadoop-ozone/integration-test/target/test-dir/MiniOzoneClusterImpl-230b7a8d-0008-4ef7-8cf3-9f4f6684a3c2/datanode-2/data/ratis/d2e2a9e6-d472-4f68-9024-71e6dd457fda does not exist. Creating ...
2019-08-12 03:44:49,582 INFO  storage.RaftStorageDirectory (RaftStorageDirectory.java:tryLock(328)) - Lock on /workdir/hadoop-ozone/integration-test/target/test-dir/MiniOzoneClusterImpl-230b7a8d-0008-4ef7-8cf3-9f4f6684a3c2/datanode-0/data/ratis/d2e2a9e6-d472-4f68-9024-71e6dd457fda/in_use.lock acquired by nodename 24580@byscane-nightly-pnj9f-4033720222
2019-08-12 03:44:49,582 INFO  storage.RaftStorageDirectory (RaftStorageDirectory.java:tryLock(328)) - Lock on /workdir/hadoop-ozone/integration-test/target/test-dir/MiniOzoneClusterImpl-230b7a8d-0008-4ef7-8cf3-9f4f6684a3c2/datanode-2/data/ratis/d2e2a9e6-d472-4f68-9024-71e6dd457fda/in_use.lock acquired by nodename 24580@byscane-nightly-pnj9f-4033720222
2019-08-12 03:44:49,582 INFO  storage.RaftStorageDirectory (RaftStorageDirectory.java:tryLock(328)) - Lock on /workdir/hadoop-ozone/integration-test/target/test-dir/MiniOzoneClusterImpl-230b7a8d-0008-4ef7-8cf3-9f4f6684a3c2/datanode-4/data/ratis/d2e2a9e6-d472-4f68-9024-71e6dd457fda/in_use.lock acquired by nodename 24580@byscane-nightly-pnj9f-4033720222
2019-08-12 03:44:49,589 INFO  storage.RaftStorage (RaftStorage.java:format(72)) - Storage directory /workdir/hadoop-ozone/integration-test/target/test-dir/MiniOzoneClusterImpl-230b7a8d-0008-4ef7-8cf3-9f4f6684a3c2/datanode-0/data/ratis/d2e2a9e6-d472-4f68-9024-71e6dd457fda has been successfully formatted.
2019-08-12 03:44:49,589 INFO  storage.RaftStorage (RaftStorage.java:format(72)) - Storage directory /workdir/hadoop-ozone/integration-test/target/test-dir/MiniOzoneClusterImpl-230b7a8d-0008-4ef7-8cf3-9f4f6684a3c2/datanode-2/data/ratis/d2e2a9e6-d472-4f68-9024-71e6dd457fda has been successfully formatted.
2019-08-12 03:44:49,589 INFO  storage.RaftStorage (RaftStorage.java:format(72)) - Storage directory /workdir/hadoop-ozone/integration-test/target/test-dir/MiniOzoneClusterImpl-230b7a8d-0008-4ef7-8cf3-9f4f6684a3c2/datanode-4/data/ratis/d2e2a9e6-d472-4f68-9024-71e6dd457fda has been successfully formatted.
2019-08-12 03:44:49,589 INFO  ratis.ContainerStateMachine (ContainerStateMachine.java:loadSnapshot(213)) - group-71E6DD457FDA: The snapshot info is null. Setting the last applied indexto:(t:0, i:~)
2019-08-12 03:44:49,589 INFO  ratis.ContainerStateMachine (ContainerStateMachine.java:loadSnapshot(213)) - group-71E6DD457FDA: The snapshot info is null. Setting the last applied indexto:(t:0, i:~)
2019-08-12 03:44:49,589 INFO  server.RaftServerConfigKeys (ConfUtils.java:logGet(43)) - raft.server.leader.election.timeout = 120s (custom)
2019-08-12 03:44:49,589 INFO  ratis.ContainerStateMachine (ContainerStateMachine.java:loadSnapshot(213)) - group-71E6DD457FDA: The snapshot info is null. Setting the last applied indexto:(t:0, i:~)
2019-08-12 03:44:49,590 INFO  server.RaftServerConfigKeys (ConfUtils.java:logGet(43)) - raft.server.log.use.memory = false (default)
2019-08-12 03:44:49,590 INFO  server.RaftServerConfigKeys (ConfUtils.java:logGet(43)) - raft.server.leader.election.timeout = 120s (custom)
2019-08-12 03:44:49,590 INFO  server.RaftServerConfigKeys (ConfUtils.java:logGet(43)) - raft.server.log.purge.gap = 1000000000 (custom)
2019-08-12 03:44:49,590 INFO  server.RaftServerConfigKeys (ConfUtils.java:logGet(43)) - raft.server.leader.election.timeout = 120s (custom)
2019-08-12 03:44:49,590 INFO  server.RaftServerConfigKeys (ConfUtils.java:logGet(43)) - raft.server.log.appender.buffer.byte-limit = 33554432 (custom)
2019-08-12 03:44:49,590 INFO  server.RaftServerConfigKeys (ConfUtils.java:logGet(43)) - raft.server.log.use.memory = false (default)
2019-08-12 03:44:49,590 INFO  server.RaftServerConfigKeys (ConfUtils.java:logGet(43)) - raft.server.log.segment.size.max = 1048576 (custom)
2019-08-12 03:44:49,590 INFO  server.RaftServerConfigKeys (ConfUtils.java:logGet(43)) - raft.server.log.use.memory = false (default)
2019-08-12 03:44:49,590 INFO  server.RaftServerConfigKeys (ConfUtils.java:logGet(43)) - raft.server.log.segment.cache.num.max = 2 (custom)
2019-08-12 03:44:49,590 INFO  server.RaftServerConfigKeys (ConfUtils.java:logGet(43)) - raft.server.log.purge.gap = 1000000000 (custom)
2019-08-12 03:44:49,591 INFO  segmented.SegmentedRaftLogWorker (SegmentedRaftLogWorker.java:<init>(172)) - new f4bde674-d42f-4757-a1be-37a51abab424-SegmentedRaftLogWorker:Storage Directory /workdir/hadoop-ozone/integration-test/target/test-dir/MiniOzoneClusterImpl-230b7a8d-0008-4ef7-8cf3-9f4f6684a3c2/datanode-0/data/ratis/d2e2a9e6-d472-4f68-9024-71e6dd457fda for RaftStorage:Storage Directory /workdir/hadoop-ozone/integration-test/target/test-dir/MiniOzoneClusterImpl-230b7a8d-0008-4ef7-8cf3-9f4f6684a3c2/datanode-0/data/ratis/d2e2a9e6-d472-4f68-9024-71e6dd457fda
2019-08-12 03:44:49,591 INFO  server.RaftServerConfigKeys (ConfUtils.java:logGet(43)) - raft.server.log.purge.gap = 1000000000 (custom)
2019-08-12 03:44:49,591 INFO  server.RaftServerConfigKeys (ConfUtils.java:logGet(43)) - raft.server.log.queue.byte-limit = 2147483647 (custom)
2019-08-12 03:44:49,591 INFO  server.RaftServerConfigKeys (ConfUtils.java:logGet(43)) - raft.server.log.appender.buffer.byte-limit = 33554432 (custom)
2019-08-12 03:44:49,593 INFO  server.RaftServerConfigKeys (ConfUtils.java:logGet(43)) - raft.server.log.queue.element-limit = 1024 (custom)
2019-08-12 03:44:49,591 INFO  server.RaftServerConfigKeys (ConfUtils.java:logGet(43)) - raft.server.log.appender.buffer.byte-limit = 33554432 (custom)
2019-08-12 03:44:49,593 INFO  server.RaftServerConfigKeys (ConfUtils.java:logGet(43)) - raft.server.log.segment.size.max = 1048576 (custom)
2019-08-12 03:44:49,593 INFO  server.RaftServerConfigKeys (ConfUtils.java:logGet(43)) - raft.server.log.segment.size.max = 1048576 (custom)
2019-08-12 03:44:49,593 INFO  server.RaftServerConfigKeys (ConfUtils.java:logGet(43)) - raft.server.log.preallocated.size = 16384 (custom)
2019-08-12 03:44:49,593 INFO  server.RaftServerConfigKeys (ConfUtils.java:logGet(43)) - raft.server.log.segment.size.max = 1048576 (custom)
2019-08-12 03:44:49,593 INFO  server.RaftServerConfigKeys (ConfUtils.java:logGet(43)) - raft.server.log.write.buffer.size = 33554432 (custom)
2019-08-12 03:44:49,593 INFO  server.RaftServerConfigKeys (ConfUtils.java:logGet(43)) - raft.server.log.segment.cache.num.max = 2 (custom)
2019-08-12 03:44:49,594 INFO  server.RaftServerConfigKeys (ConfUtils.java:logGet(43)) - raft.server.log.force.sync.num = 128 (default)
2019-08-12 03:44:49,593 INFO  server.RaftServerConfigKeys (ConfUtils.java:logGet(43)) - raft.server.log.segment.cache.num.max = 2 (custom)
2019-08-12 03:44:49,594 INFO  server.RaftServerConfigKeys (ConfUtils.java:logGet(43)) - raft.server.log.statemachine.data.sync = true (default)
2019-08-12 03:44:49,594 INFO  segmented.SegmentedRaftLogWorker (SegmentedRaftLogWorker.java:<init>(172)) - new c626654f-bead-47ab-bb67-e024a3ee5f73-SegmentedRaftLogWorker:Storage Directory /workdir/hadoop-ozone/integration-test/target/test-dir/MiniOzoneClusterImpl-230b7a8d-0008-4ef7-8cf3-9f4f6684a3c2/datanode-2/data/ratis/d2e2a9e6-d472-4f68-9024-71e6dd457fda for RaftStorage:Storage Directory /workdir/hadoop-ozone/integration-test/target/test-dir/MiniOzoneClusterImpl-230b7a8d-0008-4ef7-8cf3-9f4f6684a3c2/datanode-2/data/ratis/d2e2a9e6-d472-4f68-9024-71e6dd457fda
2019-08-12 03:44:49,594 INFO  server.RaftServerConfigKeys (ConfUtils.java:logGet(43)) - raft.server.log.statemachine.data.sync.timeout = 10s (default)
2019-08-12 03:44:49,594 INFO  segmented.SegmentedRaftLogWorker (SegmentedRaftLogWorker.java:<init>(172)) - new a50cc7e2-4a27-4fcd-8849-c68f91ecfcde-SegmentedRaftLogWorker:Storage Directory /workdir/hadoop-ozone/integration-test/target/test-dir/MiniOzoneClusterImpl-230b7a8d-0008-4ef7-8cf3-9f4f6684a3c2/datanode-4/data/ratis/d2e2a9e6-d472-4f68-9024-71e6dd457fda for RaftStorage:Storage Directory /workdir/hadoop-ozone/integration-test/target/test-dir/MiniOzoneClusterImpl-230b7a8d-0008-4ef7-8cf3-9f4f6684a3c2/datanode-4/data/ratis/d2e2a9e6-d472-4f68-9024-71e6dd457fda
2019-08-12 03:44:49,594 INFO  server.RaftServerConfigKeys (ConfUtils.java:logGet(43)) - raft.server.log.statemachine.data.sync.timeout.retry = -1 (default)
2019-08-12 03:44:49,594 INFO  server.RaftServerConfigKeys (ConfUtils.java:logGet(43)) - raft.server.log.queue.byte-limit = 2147483647 (custom)
2019-08-12 03:44:49,599 INFO  server.RaftServerConfigKeys (ConfUtils.java:logGet(43)) - raft.server.log.statemachine.data.caching.enabled = true (custom)
2019-08-12 03:44:49,597 INFO  server.RaftServerConfigKeys (ConfUtils.java:logGet(43)) - raft.server.log.queue.byte-limit = 2147483647 (custom)
2019-08-12 03:44:49,599 INFO  segmented.SegmentedRaftLogWorker (SegmentedRaftLogWorker.java:lambda$new$0(132)) - f4bde674-d42f-4757-a1be-37a51abab424-SegmentedRaftLogWorker:Storage Directory /workdir/hadoop-ozone/integration-test/target/test-dir/MiniOzoneClusterImpl-230b7a8d-0008-4ef7-8cf3-9f4f6684a3c2/datanode-0/data/ratis/d2e2a9e6-d472-4f68-9024-71e6dd457fda: flushIndex: setUnconditionally 0 -> -1
2019-08-12 03:44:49,600 INFO  server.RaftServerConfigKeys (ConfUtils.java:logGet(43)) - raft.server.log.queue.element-limit = 1024 (custom)
2019-08-12 03:44:49,600 INFO  server.RaftServerConfigKeys (ConfUtils.java:logGet(43)) - raft.server.snapshot.auto.trigger.enabled = true (custom)
2019-08-12 03:44:49,599 INFO  server.RaftServerConfigKeys (ConfUtils.java:logGet(43)) - raft.server.log.queue.element-limit = 1024 (custom)
2019-08-12 03:44:49,600 INFO  server.RaftServerConfigKeys (ConfUtils.java:logGet(43)) - raft.server.snapshot.auto.trigger.threshold = 10000 (custom)
2019-08-12 03:44:49,600 INFO  server.RaftServerConfigKeys (ConfUtils.java:logGet(43)) - raft.server.log.segment.size.max = 1048576 (custom)
2019-08-12 03:44:49,601 INFO  server.RaftServerConfigKeys (ConfUtils.java:logGet(43)) - raft.server.retrycache.expirytime = 600000ms (custom)
2019-08-12 03:44:49,601 INFO  server.RaftServerConfigKeys (ConfUtils.java:logGet(43)) - raft.server.log.preallocated.size = 16384 (custom)
2019-08-12 03:44:49,600 INFO  server.RaftServerConfigKeys (ConfUtils.java:logGet(43)) - raft.server.log.segment.size.max = 1048576 (custom)
2019-08-12 03:44:49,601 INFO  impl.RaftServerImpl (RaftServerImpl.java:start(180)) - f4bde674-d42f-4757-a1be-37a51abab424: start group-71E6DD457FDA
2019-08-12 03:44:49,601 INFO  server.RaftServerConfigKeys (ConfUtils.java:logGet(43)) - raft.server.log.write.buffer.size = 33554432 (custom)
2019-08-12 03:44:49,602 INFO  impl.RaftServerImpl (RaftServerImpl.java:setRole(171)) - f4bde674-d42f-4757-a1be-37a51abab424:group-71E6DD457FDA changes role from null to FOLLOWER at term 0 for startAsFollower
2019-08-12 03:44:49,601 INFO  server.RaftServerConfigKeys (ConfUtils.java:logGet(43)) - raft.server.log.preallocated.size = 16384 (custom)
2019-08-12 03:44:49,602 INFO  impl.RoleInfo (RoleInfo.java:updateAndGet(143)) - f4bde674-d42f-4757-a1be-37a51abab424: start FollowerState
2019-08-12 03:44:49,602 INFO  server.RaftServerConfigKeys (ConfUtils.java:logGet(43)) - raft.server.log.write.buffer.size = 33554432 (custom)
2019-08-12 03:44:49,602 INFO  server.RaftServerConfigKeys (ConfUtils.java:logGet(43)) - raft.server.log.force.sync.num = 128 (default)
2019-08-12 03:44:49,602 INFO  server.RaftServerConfigKeys (ConfUtils.java:logGet(43)) - raft.server.log.force.sync.num = 128 (default)
2019-08-12 03:44:49,603 INFO  server.RaftServerConfigKeys (ConfUtils.java:logGet(43)) - raft.server.log.statemachine.data.sync = true (default)
2019-08-12 03:44:49,603 INFO  server.RaftServerConfigKeys (ConfUtils.java:logGet(43)) - raft.server.log.statemachine.data.sync = true (default)
2019-08-12 03:44:49,603 INFO  util.JmxRegister (JmxRegister.java:tryRegister(44)) - Successfully registered JMX Bean with object name Ratis:service=RaftServer,group=group-71E6DD457FDA,id=f4bde674-d42f-4757-a1be-37a51abab424
2019-08-12 03:44:49,603 INFO  server.RaftServerConfigKeys (ConfUtils.java:logGet(43)) - raft.server.log.statemachine.data.sync.timeout = 10s (default)
2019-08-12 03:44:49,603 INFO  server.RaftServerConfigKeys (ConfUtils.java:logGet(43)) - raft.server.log.statemachine.data.sync.timeout = 10s (default)
2019-08-12 03:44:49,603 INFO  server.RaftServerConfigKeys (ConfUtils.java:logGet(43)) - raft.server.log.statemachine.data.sync.timeout.retry = -1 (default)
2019-08-12 03:44:49,603 INFO  server.RaftServerConfigKeys (ConfUtils.java:logGet(43)) - raft.server.log.statemachine.data.sync.timeout.retry = -1 (default)
2019-08-12 03:44:49,603 INFO  server.RaftServerConfigKeys (ConfUtils.java:logGet(43)) - raft.server.log.statemachine.data.caching.enabled = true (custom)
2019-08-12 03:44:49,604 INFO  server.RaftServerConfigKeys (ConfUtils.java:logGet(43)) - raft.server.log.statemachine.data.caching.enabled = true (custom)
2019-08-12 03:44:49,604 INFO  segmented.SegmentedRaftLogWorker (SegmentedRaftLogWorker.java:lambda$new$0(132)) - c626654f-bead-47ab-bb67-e024a3ee5f73-SegmentedRaftLogWorker:Storage Directory /workdir/hadoop-ozone/integration-test/target/test-dir/MiniOzoneClusterImpl-230b7a8d-0008-4ef7-8cf3-9f4f6684a3c2/datanode-2/data/ratis/d2e2a9e6-d472-4f68-9024-71e6dd457fda: flushIndex: setUnconditionally 0 -> -1
2019-08-12 03:44:49,604 INFO  segmented.SegmentedRaftLogWorker (SegmentedRaftLogWorker.java:lambda$new$0(132)) - a50cc7e2-4a27-4fcd-8849-c68f91ecfcde-SegmentedRaftLogWorker:Storage Directory /workdir/hadoop-ozone/integration-test/target/test-dir/MiniOzoneClusterImpl-230b7a8d-0008-4ef7-8cf3-9f4f6684a3c2/datanode-4/data/ratis/d2e2a9e6-d472-4f68-9024-71e6dd457fda: flushIndex: setUnconditionally 0 -> -1
2019-08-12 03:44:49,604 INFO  server.RaftServerConfigKeys (ConfUtils.java:logGet(43)) - raft.server.snapshot.auto.trigger.enabled = true (custom)
2019-08-12 03:44:49,606 INFO  server.RaftServerConfigKeys (ConfUtils.java:logGet(43)) - raft.server.snapshot.auto.trigger.enabled = true (custom)
2019-08-12 03:44:49,606 INFO  server.RaftServerConfigKeys (ConfUtils.java:logGet(43)) - raft.server.snapshot.auto.trigger.threshold = 10000 (custom)
2019-08-12 03:44:49,606 INFO  server.RaftServerConfigKeys (ConfUtils.java:logGet(43)) - raft.server.snapshot.auto.trigger.threshold = 10000 (custom)
2019-08-12 03:44:49,610 INFO  server.RaftServerConfigKeys (ConfUtils.java:logGet(43)) - raft.server.retrycache.expirytime = 600000ms (custom)
2019-08-12 03:44:49,610 INFO  server.RaftServerConfigKeys (ConfUtils.java:logGet(43)) - raft.server.retrycache.expirytime = 600000ms (custom)
2019-08-12 03:44:49,610 INFO  impl.RaftServerImpl (RaftServerImpl.java:start(180)) - a50cc7e2-4a27-4fcd-8849-c68f91ecfcde: start group-71E6DD457FDA
2019-08-12 03:44:49,610 INFO  impl.RaftServerImpl (RaftServerImpl.java:setRole(171)) - a50cc7e2-4a27-4fcd-8849-c68f91ecfcde:group-71E6DD457FDA changes role from null to FOLLOWER at term 0 for startAsFollower
2019-08-12 03:44:49,612 INFO  impl.RaftServerImpl (RaftServerImpl.java:start(180)) - c626654f-bead-47ab-bb67-e024a3ee5f73: start group-71E6DD457FDA
2019-08-12 03:44:49,612 INFO  impl.RoleInfo (RoleInfo.java:updateAndGet(143)) - a50cc7e2-4a27-4fcd-8849-c68f91ecfcde: start FollowerState
2019-08-12 03:44:49,612 INFO  impl.RaftServerImpl (RaftServerImpl.java:setRole(171)) - c626654f-bead-47ab-bb67-e024a3ee5f73:group-71E6DD457FDA changes role from null to FOLLOWER at term 0 for startAsFollower
2019-08-12 03:44:49,612 INFO  impl.RoleInfo (RoleInfo.java:updateAndGet(143)) - c626654f-bead-47ab-bb67-e024a3ee5f73: start FollowerState
2019-08-12 03:44:49,619 INFO  util.JmxRegister (JmxRegister.java:tryRegister(44)) - Successfully registered JMX Bean with object name Ratis:service=RaftServer,group=group-71E6DD457FDA,id=a50cc7e2-4a27-4fcd-8849-c68f91ecfcde
2019-08-12 03:44:49,620 INFO  util.JmxRegister (JmxRegister.java:tryRegister(44)) - Successfully registered JMX Bean with object name Ratis:service=RaftServer,group=group-71E6DD457FDA,id=c626654f-bead-47ab-bb67-e024a3ee5f73
2019-08-12 03:44:49,635 INFO  pipeline.PipelineStateManager (PipelineStateManager.java:addPipeline(56)) - Created pipeline Pipeline[ Id: d2e2a9e6-d472-4f68-9024-71e6dd457fda, Nodes: a50cc7e2-4a27-4fcd-8849-c68f91ecfcde{ip: 192.168.157.230, host: byscane-nightly-pnj9f-4033720222, networkLocation: /default-rack, certSerialId: null}c626654f-bead-47ab-bb67-e024a3ee5f73{ip: 192.168.157.230, host: byscane-nightly-pnj9f-4033720222, networkLocation: /default-rack, certSerialId: null}f4bde674-d42f-4757-a1be-37a51abab424{ip: 192.168.157.230, host: byscane-nightly-pnj9f-4033720222, networkLocation: /default-rack, certSerialId: null}, Type:RATIS, Factor:THREE, State:OPEN]
2019-08-12 03:44:49,657 INFO  impl.RaftServerProxy (RaftServerProxy.java:addNew(89)) - 6308e709-eb2e-47a2-a0fc-61082b4259af: addNew group-0478B11DAECB:[295e00fa-216e-4f76-a1e9-b8b2f7472bab:192.168.157.230:38322, 6308e709-eb2e-47a2-a0fc-61082b4259af:192.168.157.230:34464, 106a4a7a-8a56-41bd-ad03-931b24a08add:192.168.157.230:45125] returns group-0478B11DAECB:java.util.concurrent.CompletableFuture@94d6f79[Not completed]
2019-08-12 03:44:49,658 INFO  impl.RaftServerProxy (RaftServerProxy.java:addNew(89)) - 106a4a7a-8a56-41bd-ad03-931b24a08add: addNew group-0478B11DAECB:[295e00fa-216e-4f76-a1e9-b8b2f7472bab:192.168.157.230:38322, 6308e709-eb2e-47a2-a0fc-61082b4259af:192.168.157.230:34464, 106a4a7a-8a56-41bd-ad03-931b24a08add:192.168.157.230:45125] returns group-0478B11DAECB:java.util.concurrent.CompletableFuture@31fdeb87[Not completed]
2019-08-12 03:44:49,658 INFO  impl.RaftServerProxy (RaftServerProxy.java:addNew(89)) - 295e00fa-216e-4f76-a1e9-b8b2f7472bab: addNew group-0478B11DAECB:[295e00fa-216e-4f76-a1e9-b8b2f7472bab:192.168.157.230:38322, 6308e709-eb2e-47a2-a0fc-61082b4259af:192.168.157.230:34464, 106a4a7a-8a56-41bd-ad03-931b24a08add:192.168.157.230:45125] returns group-0478B11DAECB:java.util.concurrent.CompletableFuture@491a2b71[Not completed]
2019-08-12 03:44:49,660 INFO  impl.RaftServerImpl (RaftServerImpl.java:<init>(93)) - 6308e709-eb2e-47a2-a0fc-61082b4259af: new RaftServerImpl for group-0478B11DAECB:[295e00fa-216e-4f76-a1e9-b8b2f7472bab:192.168.157.230:38322, 6308e709-eb2e-47a2-a0fc-61082b4259af:192.168.157.230:34464, 106a4a7a-8a56-41bd-ad03-931b24a08add:192.168.157.230:45125] with ContainerStateMachine:uninitialized
2019-08-12 03:44:49,660 INFO  server.RaftServerConfigKeys (ConfUtils.java:logGet(43)) - raft.server.rpc.timeout.min = 5s (custom)
2019-08-12 03:44:49,660 INFO  server.RaftServerConfigKeys (ConfUtils.java:logGet(43)) - raft.server.rpc.timeout.max = 5200ms (custom)
2019-08-12 03:44:49,660 INFO  server.RaftServerConfigKeys (ConfUtils.java:logGet(43)) - raft.server.rpcslowness.timeout = 120s (custom)
2019-08-12 03:44:49,660 INFO  server.RaftServerConfigKeys (ConfUtils.java:logGet(43)) - raft.server.sleep.deviation.threshold = 300 (default)
2019-08-12 03:44:49,660 INFO  impl.RaftServerImpl (RaftServerImpl.java:<init>(93)) - 295e00fa-216e-4f76-a1e9-b8b2f7472bab: new RaftServerImpl for group-0478B11DAECB:[295e00fa-216e-4f76-a1e9-b8b2f7472bab:192.168.157.230:38322, 6308e709-eb2e-47a2-a0fc-61082b4259af:192.168.157.230:34464, 106a4a7a-8a56-41bd-ad03-931b24a08add:192.168.157.230:45125] with ContainerStateMachine:uninitialized
2019-08-12 03:44:49,660 INFO  server.RaftServerConfigKeys (ConfUtils.java:logGet(43)) - raft.server.log.appender.install.snapshot.enabled = false (custom)
2019-08-12 03:44:49,661 INFO  server.RaftServerConfigKeys (ConfUtils.java:logGet(43)) - raft.server.rpc.timeout.min = 5s (custom)
2019-08-12 03:44:49,661 INFO  impl.RaftServerImpl (ServerState.java:<init>(105)) - 6308e709-eb2e-47a2-a0fc-61082b4259af:group-0478B11DAECB ConfigurationManager, init=-1: [295e00fa-216e-4f76-a1e9-b8b2f7472bab:192.168.157.230:38322, 6308e709-eb2e-47a2-a0fc-61082b4259af:192.168.157.230:34464, 106a4a7a-8a56-41bd-ad03-931b24a08add:192.168.157.230:45125], old=null, confs=<EMPTY_MAP>
2019-08-12 03:44:49,661 INFO  server.RaftServerConfigKeys (ConfUtils.java:logGet(43)) - raft.server.rpc.timeout.max = 5200ms (custom)
2019-08-12 03:44:49,661 INFO  server.RaftServerConfigKeys (ConfUtils.java:logGet(43)) - raft.server.storage.dir = [/workdir/hadoop-ozone/integration-test/target/test-dir/MiniOzoneClusterImpl-230b7a8d-0008-4ef7-8cf3-9f4f6684a3c2/datanode-5/data/ratis] (custom)
2019-08-12 03:44:49,661 INFO  server.RaftServerConfigKeys (ConfUtils.java:logGet(43)) - raft.server.rpcslowness.timeout = 120s (custom)
2019-08-12 03:44:49,661 INFO  server.RaftServerConfigKeys (ConfUtils.java:logGet(43)) - raft.server.sleep.deviation.threshold = 300 (default)
2019-08-12 03:44:49,661 INFO  server.RaftServerConfigKeys (ConfUtils.java:logGet(43)) - raft.server.log.appender.install.snapshot.enabled = false (custom)
2019-08-12 03:44:49,661 INFO  storage.RaftStorageDirectory (RaftStorageDirectory.java:analyzeStorage(246)) - The storage directory /workdir/hadoop-ozone/integration-test/target/test-dir/MiniOzoneClusterImpl-230b7a8d-0008-4ef7-8cf3-9f4f6684a3c2/datanode-5/data/ratis/b287658b-a703-486e-82e5-0478b11daecb does not exist. Creating ...
2019-08-12 03:44:49,661 INFO  impl.RaftServerImpl (ServerState.java:<init>(105)) - 295e00fa-216e-4f76-a1e9-b8b2f7472bab:group-0478B11DAECB ConfigurationManager, init=-1: [295e00fa-216e-4f76-a1e9-b8b2f7472bab:192.168.157.230:38322, 6308e709-eb2e-47a2-a0fc-61082b4259af:192.168.157.230:34464, 106a4a7a-8a56-41bd-ad03-931b24a08add:192.168.157.230:45125], old=null, confs=<EMPTY_MAP>
2019-08-12 03:44:49,662 INFO  impl.RaftServerImpl (RaftServerImpl.java:<init>(93)) - 106a4a7a-8a56-41bd-ad03-931b24a08add: new RaftServerImpl for group-0478B11DAECB:[295e00fa-216e-4f76-a1e9-b8b2f7472bab:192.168.157.230:38322, 6308e709-eb2e-47a2-a0fc-61082b4259af:192.168.157.230:34464, 106a4a7a-8a56-41bd-ad03-931b24a08add:192.168.157.230:45125] with ContainerStateMachine:uninitialized
2019-08-12 03:44:49,662 INFO  server.RaftServerConfigKeys (ConfUtils.java:logGet(43)) - raft.server.storage.dir = [/workdir/hadoop-ozone/integration-test/target/test-dir/MiniOzoneClusterImpl-230b7a8d-0008-4ef7-8cf3-9f4f6684a3c2/datanode-3/data/ratis] (custom)
2019-08-12 03:44:49,662 INFO  server.RaftServerConfigKeys (ConfUtils.java:logGet(43)) - raft.server.rpc.timeout.min = 5s (custom)
2019-08-12 03:44:49,662 INFO  server.RaftServerConfigKeys (ConfUtils.java:logGet(43)) - raft.server.rpc.timeout.max = 5200ms (custom)
2019-08-12 03:44:49,662 INFO  storage.RaftStorageDirectory (RaftStorageDirectory.java:analyzeStorage(246)) - The storage directory /workdir/hadoop-ozone/integration-test/target/test-dir/MiniOzoneClusterImpl-230b7a8d-0008-4ef7-8cf3-9f4f6684a3c2/datanode-3/data/ratis/b287658b-a703-486e-82e5-0478b11daecb does not exist. Creating ...
2019-08-12 03:44:49,662 INFO  server.RaftServerConfigKeys (ConfUtils.java:logGet(43)) - raft.server.rpcslowness.timeout = 120s (custom)
2019-08-12 03:44:49,662 INFO  server.RaftServerConfigKeys (ConfUtils.java:logGet(43)) - raft.server.sleep.deviation.threshold = 300 (default)
2019-08-12 03:44:49,662 INFO  server.RaftServerConfigKeys (ConfUtils.java:logGet(43)) - raft.server.log.appender.install.snapshot.enabled = false (custom)
2019-08-12 03:44:49,662 INFO  impl.RaftServerImpl (ServerState.java:<init>(105)) - 106a4a7a-8a56-41bd-ad03-931b24a08add:group-0478B11DAECB ConfigurationManager, init=-1: [295e00fa-216e-4f76-a1e9-b8b2f7472bab:192.168.157.230:38322, 6308e709-eb2e-47a2-a0fc-61082b4259af:192.168.157.230:34464, 106a4a7a-8a56-41bd-ad03-931b24a08add:192.168.157.230:45125], old=null, confs=<EMPTY_MAP>
2019-08-12 03:44:49,663 INFO  server.RaftServerConfigKeys (ConfUtils.java:logGet(43)) - raft.server.storage.dir = [/workdir/hadoop-ozone/integration-test/target/test-dir/MiniOzoneClusterImpl-230b7a8d-0008-4ef7-8cf3-9f4f6684a3c2/datanode-1/data/ratis] (custom)
2019-08-12 03:44:49,663 INFO  storage.RaftStorageDirectory (RaftStorageDirectory.java:analyzeStorage(246)) - The storage directory /workdir/hadoop-ozone/integration-test/target/test-dir/MiniOzoneClusterImpl-230b7a8d-0008-4ef7-8cf3-9f4f6684a3c2/datanode-1/data/ratis/b287658b-a703-486e-82e5-0478b11daecb does not exist. Creating ...
2019-08-12 03:44:49,668 INFO  storage.RaftStorageDirectory (RaftStorageDirectory.java:tryLock(328)) - Lock on /workdir/hadoop-ozone/integration-test/target/test-dir/MiniOzoneClusterImpl-230b7a8d-0008-4ef7-8cf3-9f4f6684a3c2/datanode-1/data/ratis/b287658b-a703-486e-82e5-0478b11daecb/in_use.lock acquired by nodename 24580@byscane-nightly-pnj9f-4033720222
2019-08-12 03:44:49,668 INFO  storage.RaftStorageDirectory (RaftStorageDirectory.java:tryLock(328)) - Lock on /workdir/hadoop-ozone/integration-test/target/test-dir/MiniOzoneClusterImpl-230b7a8d-0008-4ef7-8cf3-9f4f6684a3c2/datanode-3/data/ratis/b287658b-a703-486e-82e5-0478b11daecb/in_use.lock acquired by nodename 24580@byscane-nightly-pnj9f-4033720222
2019-08-12 03:44:49,668 INFO  storage.RaftStorageDirectory (RaftStorageDirectory.java:tryLock(328)) - Lock on /workdir/hadoop-ozone/integration-test/target/test-dir/MiniOzoneClusterImpl-230b7a8d-0008-4ef7-8cf3-9f4f6684a3c2/datanode-5/data/ratis/b287658b-a703-486e-82e5-0478b11daecb/in_use.lock acquired by nodename 24580@byscane-nightly-pnj9f-4033720222
2019-08-12 03:44:49,689 INFO  storage.RaftStorage (RaftStorage.java:format(72)) - Storage directory /workdir/hadoop-ozone/integration-test/target/test-dir/MiniOzoneClusterImpl-230b7a8d-0008-4ef7-8cf3-9f4f6684a3c2/datanode-3/data/ratis/b287658b-a703-486e-82e5-0478b11daecb has been successfully formatted.
2019-08-12 03:44:49,689 INFO  storage.RaftStorage (RaftStorage.java:format(72)) - Storage directory /workdir/hadoop-ozone/integration-test/target/test-dir/MiniOzoneClusterImpl-230b7a8d-0008-4ef7-8cf3-9f4f6684a3c2/datanode-5/data/ratis/b287658b-a703-486e-82e5-0478b11daecb has been successfully formatted.
2019-08-12 03:44:49,689 INFO  storage.RaftStorage (RaftStorage.java:format(72)) - Storage directory /workdir/hadoop-ozone/integration-test/target/test-dir/MiniOzoneClusterImpl-230b7a8d-0008-4ef7-8cf3-9f4f6684a3c2/datanode-1/data/ratis/b287658b-a703-486e-82e5-0478b11daecb has been successfully formatted.
2019-08-12 03:44:49,690 INFO  ratis.ContainerStateMachine (ContainerStateMachine.java:loadSnapshot(213)) - group-0478B11DAECB: The snapshot info is null. Setting the last applied indexto:(t:0, i:~)
2019-08-12 03:44:49,690 INFO  ratis.ContainerStateMachine (ContainerStateMachine.java:loadSnapshot(213)) - group-0478B11DAECB: The snapshot info is null. Setting the last applied indexto:(t:0, i:~)
2019-08-12 03:44:49,690 INFO  server.RaftServerConfigKeys (ConfUtils.java:logGet(43)) - raft.server.leader.election.timeout = 120s (custom)
2019-08-12 03:44:49,690 INFO  server.RaftServerConfigKeys (ConfUtils.java:logGet(43)) - raft.server.leader.election.timeout = 120s (custom)
2019-08-12 03:44:49,690 INFO  ratis.ContainerStateMachine (ContainerStateMachine.java:loadSnapshot(213)) - group-0478B11DAECB: The snapshot info is null. Setting the last applied indexto:(t:0, i:~)
2019-08-12 03:44:49,690 INFO  server.RaftServerConfigKeys (ConfUtils.java:logGet(43)) - raft.server.log.use.memory = false (default)
2019-08-12 03:44:49,690 INFO  server.RaftServerConfigKeys (ConfUtils.java:logGet(43)) - raft.server.log.use.memory = false (default)
2019-08-12 03:44:49,691 INFO  server.RaftServerConfigKeys (ConfUtils.java:logGet(43)) - raft.server.log.purge.gap = 1000000000 (custom)
2019-08-12 03:44:49,690 INFO  server.RaftServerConfigKeys (ConfUtils.java:logGet(43)) - raft.server.leader.election.timeout = 120s (custom)
2019-08-12 03:44:49,691 INFO  server.RaftServerConfigKeys (ConfUtils.java:logGet(43)) - raft.server.log.appender.buffer.byte-limit = 33554432 (custom)
2019-08-12 03:44:49,691 INFO  server.RaftServerConfigKeys (ConfUtils.java:logGet(43)) - raft.server.log.purge.gap = 1000000000 (custom)
2019-08-12 03:44:49,691 INFO  server.RaftServerConfigKeys (ConfUtils.java:logGet(43)) - raft.server.log.segment.size.max = 1048576 (custom)
2019-08-12 03:44:49,691 INFO  server.RaftServerConfigKeys (ConfUtils.java:logGet(43)) - raft.server.log.segment.cache.num.max = 2 (custom)
2019-08-12 03:44:49,691 INFO  segmented.SegmentedRaftLogWorker (SegmentedRaftLogWorker.java:<init>(172)) - new 295e00fa-216e-4f76-a1e9-b8b2f7472bab-SegmentedRaftLogWorker:Storage Directory /workdir/hadoop-ozone/integration-test/target/test-dir/MiniOzoneClusterImpl-230b7a8d-0008-4ef7-8cf3-9f4f6684a3c2/datanode-3/data/ratis/b287658b-a703-486e-82e5-0478b11daecb for RaftStorage:Storage Directory /workdir/hadoop-ozone/integration-test/target/test-dir/MiniOzoneClusterImpl-230b7a8d-0008-4ef7-8cf3-9f4f6684a3c2/datanode-3/data/ratis/b287658b-a703-486e-82e5-0478b11daecb
2019-08-12 03:44:49,691 INFO  server.RaftServerConfigKeys (ConfUtils.java:logGet(43)) - raft.server.log.use.memory = false (default)
2019-08-12 03:44:49,692 INFO  server.RaftServerConfigKeys (ConfUtils.java:logGet(43)) - raft.server.log.queue.byte-limit = 2147483647 (custom)
2019-08-12 03:44:49,691 INFO  server.RaftServerConfigKeys (ConfUtils.java:logGet(43)) - raft.server.log.appender.buffer.byte-limit = 33554432 (custom)
2019-08-12 03:44:49,694 INFO  server.RaftServerConfigKeys (ConfUtils.java:logGet(43)) - raft.server.log.queue.element-limit = 1024 (custom)
2019-08-12 03:44:49,694 INFO  server.RaftServerConfigKeys (ConfUtils.java:logGet(43)) - raft.server.log.purge.gap = 1000000000 (custom)
2019-08-12 03:44:49,694 INFO  server.RaftServerConfigKeys (ConfUtils.java:logGet(43)) - raft.server.log.segment.size.max = 1048576 (custom)
2019-08-12 03:44:49,694 INFO  server.RaftServerConfigKeys (ConfUtils.java:logGet(43)) - raft.server.log.segment.size.max = 1048576 (custom)
2019-08-12 03:44:49,695 INFO  server.RaftServerConfigKeys (ConfUtils.java:logGet(43)) - raft.server.log.preallocated.size = 16384 (custom)
2019-08-12 03:44:49,694 INFO  server.RaftServerConfigKeys (ConfUtils.java:logGet(43)) - raft.server.log.appender.buffer.byte-limit = 33554432 (custom)
2019-08-12 03:44:49,695 INFO  server.RaftServerConfigKeys (ConfUtils.java:logGet(43)) - raft.server.log.write.buffer.size = 33554432 (custom)
2019-08-12 03:44:49,695 INFO  server.RaftServerConfigKeys (ConfUtils.java:logGet(43)) - raft.server.log.segment.cache.num.max = 2 (custom)
2019-08-12 03:44:49,695 INFO  server.RaftServerConfigKeys (ConfUtils.java:logGet(43)) - raft.server.log.force.sync.num = 128 (default)
2019-08-12 03:44:49,695 INFO  server.RaftServerConfigKeys (ConfUtils.java:logGet(43)) - raft.server.log.segment.size.max = 1048576 (custom)
2019-08-12 03:44:49,695 INFO  server.RaftServerConfigKeys (ConfUtils.java:logGet(43)) - raft.server.log.statemachine.data.sync = true (default)
2019-08-12 03:44:49,695 INFO  segmented.SegmentedRaftLogWorker (SegmentedRaftLogWorker.java:<init>(172)) - new 6308e709-eb2e-47a2-a0fc-61082b4259af-SegmentedRaftLogWorker:Storage Directory /workdir/hadoop-ozone/integration-test/target/test-dir/MiniOzoneClusterImpl-230b7a8d-0008-4ef7-8cf3-9f4f6684a3c2/datanode-5/data/ratis/b287658b-a703-486e-82e5-0478b11daecb for RaftStorage:Storage Directory /workdir/hadoop-ozone/integration-test/target/test-dir/MiniOzoneClusterImpl-230b7a8d-0008-4ef7-8cf3-9f4f6684a3c2/datanode-5/data/ratis/b287658b-a703-486e-82e5-0478b11daecb
2019-08-12 03:44:49,695 INFO  server.RaftServerConfigKeys (ConfUtils.java:logGet(43)) - raft.server.log.statemachine.data.sync.timeout = 10s (default)
2019-08-12 03:44:49,695 INFO  server.RaftServerConfigKeys (ConfUtils.java:logGet(43)) - raft.server.log.segment.cache.num.max = 2 (custom)
2019-08-12 03:44:49,696 INFO  server.RaftServerConfigKeys (ConfUtils.java:logGet(43)) - raft.server.log.statemachine.data.sync.timeout.retry = -1 (default)
2019-08-12 03:44:49,696 INFO  server.RaftServerConfigKeys (ConfUtils.java:logGet(43)) - raft.server.log.queue.byte-limit = 2147483647 (custom)
2019-08-12 03:44:49,697 INFO  segmented.SegmentedRaftLogWorker (SegmentedRaftLogWorker.java:<init>(172)) - new 106a4a7a-8a56-41bd-ad03-931b24a08add-SegmentedRaftLogWorker:Storage Directory /workdir/hadoop-ozone/integration-test/target/test-dir/MiniOzoneClusterImpl-230b7a8d-0008-4ef7-8cf3-9f4f6684a3c2/datanode-1/data/ratis/b287658b-a703-486e-82e5-0478b11daecb for RaftStorage:Storage Directory /workdir/hadoop-ozone/integration-test/target/test-dir/MiniOzoneClusterImpl-230b7a8d-0008-4ef7-8cf3-9f4f6684a3c2/datanode-1/data/ratis/b287658b-a703-486e-82e5-0478b11daecb
2019-08-12 03:44:49,697 INFO  server.RaftServerConfigKeys (ConfUtils.java:logGet(43)) - raft.server.log.queue.element-limit = 1024 (custom)
2019-08-12 03:44:49,697 INFO  server.RaftServerConfigKeys (ConfUtils.java:logGet(43)) - raft.server.log.statemachine.data.caching.enabled = true (custom)
2019-08-12 03:44:49,698 INFO  server.RaftServerConfigKeys (ConfUtils.java:logGet(43)) - raft.server.log.segment.size.max = 1048576 (custom)
2019-08-12 03:44:49,697 INFO  server.RaftServerConfigKeys (ConfUtils.java:logGet(43)) - raft.server.log.queue.byte-limit = 2147483647 (custom)
2019-08-12 03:44:49,699 INFO  segmented.SegmentedRaftLogWorker (SegmentedRaftLogWorker.java:lambda$new$0(132)) - 295e00fa-216e-4f76-a1e9-b8b2f7472bab-SegmentedRaftLogWorker:Storage Directory /workdir/hadoop-ozone/integration-test/target/test-dir/MiniOzoneClusterImpl-230b7a8d-0008-4ef7-8cf3-9f4f6684a3c2/datanode-3/data/ratis/b287658b-a703-486e-82e5-0478b11daecb: flushIndex: setUnconditionally 0 -> -1
2019-08-12 03:44:49,699 INFO  server.RaftServerConfigKeys (ConfUtils.java:logGet(43)) - raft.server.log.preallocated.size = 16384 (custom)
2019-08-12 03:44:49,699 INFO  server.RaftServerConfigKeys (ConfUtils.java:logGet(43)) - raft.server.log.queue.element-limit = 1024 (custom)
2019-08-12 03:44:49,699 INFO  server.RaftServerConfigKeys (ConfUtils.java:logGet(43)) - raft.server.log.write.buffer.size = 33554432 (custom)
2019-08-12 03:44:49,699 INFO  server.RaftServerConfigKeys (ConfUtils.java:logGet(43)) - raft.server.snapshot.auto.trigger.enabled = true (custom)
2019-08-12 03:44:49,699 INFO  server.RaftServerConfigKeys (ConfUtils.java:logGet(43)) - raft.server.log.force.sync.num = 128 (default)
2019-08-12 03:44:49,699 INFO  server.RaftServerConfigKeys (ConfUtils.java:logGet(43)) - raft.server.log.segment.size.max = 1048576 (custom)
2019-08-12 03:44:49,699 INFO  server.RaftServerConfigKeys (ConfUtils.java:logGet(43)) - raft.server.log.statemachine.data.sync = true (default)
2019-08-12 03:44:49,699 INFO  server.RaftServerConfigKeys (ConfUtils.java:logGet(43)) - raft.server.snapshot.auto.trigger.threshold = 10000 (custom)
2019-08-12 03:44:49,700 INFO  server.RaftServerConfigKeys (ConfUtils.java:logGet(43)) - raft.server.log.statemachine.data.sync.timeout = 10s (default)
2019-08-12 03:44:49,699 INFO  server.RaftServerConfigKeys (ConfUtils.java:logGet(43)) - raft.server.log.preallocated.size = 16384 (custom)
2019-08-12 03:44:49,700 INFO  server.RaftServerConfigKeys (ConfUtils.java:logGet(43)) - raft.server.retrycache.expirytime = 600000ms (custom)
2019-08-12 03:44:49,700 INFO  server.RaftServerConfigKeys (ConfUtils.java:logGet(43)) - raft.server.log.statemachine.data.sync.timeout.retry = -1 (default)
2019-08-12 03:44:49,700 INFO  server.RaftServerConfigKeys (ConfUtils.java:logGet(43)) - raft.server.log.write.buffer.size = 33554432 (custom)
2019-08-12 03:44:49,700 INFO  server.RaftServerConfigKeys (ConfUtils.java:logGet(43)) - raft.server.log.statemachine.data.caching.enabled = true (custom)
2019-08-12 03:44:49,700 INFO  impl.RaftServerImpl (RaftServerImpl.java:start(180)) - 295e00fa-216e-4f76-a1e9-b8b2f7472bab: start group-0478B11DAECB
2019-08-12 03:44:49,700 INFO  server.RaftServerConfigKeys (ConfUtils.java:logGet(43)) - raft.server.log.force.sync.num = 128 (default)
2019-08-12 03:44:49,700 INFO  segmented.SegmentedRaftLogWorker (SegmentedRaftLogWorker.java:lambda$new$0(132)) - 6308e709-eb2e-47a2-a0fc-61082b4259af-SegmentedRaftLogWorker:Storage Directory /workdir/hadoop-ozone/integration-test/target/test-dir/MiniOzoneClusterImpl-230b7a8d-0008-4ef7-8cf3-9f4f6684a3c2/datanode-5/data/ratis/b287658b-a703-486e-82e5-0478b11daecb: flushIndex: setUnconditionally 0 -> -1
2019-08-12 03:44:49,700 INFO  impl.RaftServerImpl (RaftServerImpl.java:setRole(171)) - 295e00fa-216e-4f76-a1e9-b8b2f7472bab:group-0478B11DAECB changes role from null to FOLLOWER at term 0 for startAsFollower
2019-08-12 03:44:49,700 INFO  server.RaftServerConfigKeys (ConfUtils.java:logGet(43)) - raft.server.log.statemachine.data.sync = true (default)
2019-08-12 03:44:49,701 INFO  server.RaftServerConfigKeys (ConfUtils.java:logGet(43)) - raft.server.snapshot.auto.trigger.enabled = true (custom)
2019-08-12 03:44:49,701 INFO  impl.RoleInfo (RoleInfo.java:updateAndGet(143)) - 295e00fa-216e-4f76-a1e9-b8b2f7472bab: start FollowerState
2019-08-12 03:44:49,701 INFO  server.RaftServerConfigKeys (ConfUtils.java:logGet(43)) - raft.server.snapshot.auto.trigger.threshold = 10000 (custom)
2019-08-12 03:44:49,701 INFO  server.RaftServerConfigKeys (ConfUtils.java:logGet(43)) - raft.server.log.statemachine.data.sync.timeout = 10s (default)
2019-08-12 03:44:49,701 INFO  server.RaftServerConfigKeys (ConfUtils.java:logGet(43)) - raft.server.retrycache.expirytime = 600000ms (custom)
2019-08-12 03:44:49,701 INFO  server.RaftServerConfigKeys (ConfUtils.java:logGet(43)) - raft.server.log.statemachine.data.sync.timeout.retry = -1 (default)
2019-08-12 03:44:49,701 INFO  impl.RaftServerImpl (RaftServerImpl.java:start(180)) - 6308e709-eb2e-47a2-a0fc-61082b4259af: start group-0478B11DAECB
2019-08-12 03:44:49,701 INFO  util.JmxRegister (JmxRegister.java:tryRegister(44)) - Successfully registered JMX Bean with object name Ratis:service=RaftServer,group=group-0478B11DAECB,id=295e00fa-216e-4f76-a1e9-b8b2f7472bab
2019-08-12 03:44:49,701 INFO  impl.RaftServerImpl (RaftServerImpl.java:setRole(171)) - 6308e709-eb2e-47a2-a0fc-61082b4259af:group-0478B11DAECB changes role from null to FOLLOWER at term 0 for startAsFollower
2019-08-12 03:44:49,701 INFO  server.RaftServerConfigKeys (ConfUtils.java:logGet(43)) - raft.server.log.statemachine.data.caching.enabled = true (custom)
2019-08-12 03:44:49,702 INFO  impl.RoleInfo (RoleInfo.java:updateAndGet(143)) - 6308e709-eb2e-47a2-a0fc-61082b4259af: start FollowerState
2019-08-12 03:44:49,702 INFO  segmented.SegmentedRaftLogWorker (SegmentedRaftLogWorker.java:lambda$new$0(132)) - 106a4a7a-8a56-41bd-ad03-931b24a08add-SegmentedRaftLogWorker:Storage Directory /workdir/hadoop-ozone/integration-test/target/test-dir/MiniOzoneClusterImpl-230b7a8d-0008-4ef7-8cf3-9f4f6684a3c2/datanode-1/data/ratis/b287658b-a703-486e-82e5-0478b11daecb: flushIndex: setUnconditionally 0 -> -1
2019-08-12 03:44:49,702 INFO  util.JmxRegister (JmxRegister.java:tryRegister(44)) - Successfully registered JMX Bean with object name Ratis:service=RaftServer,group=group-0478B11DAECB,id=6308e709-eb2e-47a2-a0fc-61082b4259af
2019-08-12 03:44:49,702 INFO  server.RaftServerConfigKeys (ConfUtils.java:logGet(43)) - raft.server.snapshot.auto.trigger.enabled = true (custom)
2019-08-12 03:44:49,703 INFO  server.RaftServerConfigKeys (ConfUtils.java:logGet(43)) - raft.server.snapshot.auto.trigger.threshold = 10000 (custom)
2019-08-12 03:44:49,703 INFO  server.RaftServerConfigKeys (ConfUtils.java:logGet(43)) - raft.server.retrycache.expirytime = 600000ms (custom)
2019-08-12 03:44:49,703 INFO  impl.RaftServerImpl (RaftServerImpl.java:start(180)) - 106a4a7a-8a56-41bd-ad03-931b24a08add: start group-0478B11DAECB
2019-08-12 03:44:49,703 INFO  impl.RaftServerImpl (RaftServerImpl.java:setRole(171)) - 106a4a7a-8a56-41bd-ad03-931b24a08add:group-0478B11DAECB changes role from null to FOLLOWER at term 0 for startAsFollower
2019-08-12 03:44:49,703 INFO  impl.RoleInfo (RoleInfo.java:updateAndGet(143)) - 106a4a7a-8a56-41bd-ad03-931b24a08add: start FollowerState
2019-08-12 03:44:49,704 INFO  util.JmxRegister (JmxRegister.java:tryRegister(44)) - Successfully registered JMX Bean with object name Ratis:service=RaftServer,group=group-0478B11DAECB,id=106a4a7a-8a56-41bd-ad03-931b24a08add
2019-08-12 03:44:49,724 INFO  pipeline.PipelineStateManager (PipelineStateManager.java:addPipeline(56)) - Created pipeline Pipeline[ Id: b287658b-a703-486e-82e5-0478b11daecb, Nodes: 6308e709-eb2e-47a2-a0fc-61082b4259af{ip: 192.168.157.230, host: byscane-nightly-pnj9f-4033720222, networkLocation: /default-rack, certSerialId: null}295e00fa-216e-4f76-a1e9-b8b2f7472bab{ip: 192.168.157.230, host: byscane-nightly-pnj9f-4033720222, networkLocation: /default-rack, certSerialId: null}106a4a7a-8a56-41bd-ad03-931b24a08add{ip: 192.168.157.230, host: byscane-nightly-pnj9f-4033720222, networkLocation: /default-rack, certSerialId: null}, Type:RATIS, Factor:THREE, State:OPEN]
2019-08-12 03:44:49,898 INFO  impl.MetricsSystemImpl (MetricsSystemImpl.java:init(158)) - XceiverClientMetrics metrics system started (again)
2019-08-12 03:44:50,031 INFO  client.GrpcClientProtocolClient (GrpcClientProtocolClient.java:onNext(255)) - client-5D5438208B20->a50cc7e2-4a27-4fcd-8849-c68f91ecfcde: receive RaftClientReply:client-5D5438208B20->a50cc7e2-4a27-4fcd-8849-c68f91ecfcde@group-71E6DD457FDA, cid=12, FAILED org.apache.ratis.protocol.NotLeaderException: Server a50cc7e2-4a27-4fcd-8849-c68f91ecfcde is not the leader (null). Request must be sent to leader., logIndex=0, commits[a50cc7e2-4a27-4fcd-8849-c68f91ecfcde:c-1]
2019-08-12 03:44:50,768 INFO  container.ReplicationManager (ReplicationManager.java:start(155)) - Starting Replication Monitor Thread.
2019-08-12 03:44:50,772 INFO  container.ReplicationManager (ReplicationManager.java:run(207)) - Replication Monitor Thread took 3 milliseconds for processing 1 containers.
2019-08-12 03:44:51,077 INFO  client.GrpcClientProtocolClient (GrpcClientProtocolClient.java:onNext(255)) - client-5D5438208B20->c626654f-bead-47ab-bb67-e024a3ee5f73: receive RaftClientReply:client-5D5438208B20->c626654f-bead-47ab-bb67-e024a3ee5f73@group-71E6DD457FDA, cid=12, FAILED org.apache.ratis.protocol.NotLeaderException: Server c626654f-bead-47ab-bb67-e024a3ee5f73 is not the leader (null). Request must be sent to leader., logIndex=0, commits[c626654f-bead-47ab-bb67-e024a3ee5f73:c-1]
2019-08-12 03:44:52,115 INFO  client.GrpcClientProtocolClient (GrpcClientProtocolClient.java:onNext(255)) - client-5D5438208B20->a50cc7e2-4a27-4fcd-8849-c68f91ecfcde: receive RaftClientReply:client-5D5438208B20->a50cc7e2-4a27-4fcd-8849-c68f91ecfcde@group-71E6DD457FDA, cid=12, FAILED org.apache.ratis.protocol.NotLeaderException: Server a50cc7e2-4a27-4fcd-8849-c68f91ecfcde is not the leader (null). Request must be sent to leader., logIndex=0, commits[a50cc7e2-4a27-4fcd-8849-c68f91ecfcde:c-1]
2019-08-12 03:44:53,154 INFO  client.GrpcClientProtocolClient (GrpcClientProtocolClient.java:onNext(255)) - client-5D5438208B20->c626654f-bead-47ab-bb67-e024a3ee5f73: receive RaftClientReply:client-5D5438208B20->c626654f-bead-47ab-bb67-e024a3ee5f73@group-71E6DD457FDA, cid=12, FAILED org.apache.ratis.protocol.NotLeaderException: Server c626654f-bead-47ab-bb67-e024a3ee5f73 is not the leader (null). Request must be sent to leader., logIndex=0, commits[c626654f-bead-47ab-bb67-e024a3ee5f73:c-1]
2019-08-12 03:44:54,044 INFO  impl.FollowerState (FollowerState.java:run(106)) - f4bde674-d42f-4757-a1be-37a51abab424:group-F261AEA28D4F changes to CANDIDATE, lastRpcTime:5133, electionTimeout:5125ms
2019-08-12 03:44:54,045 INFO  impl.RoleInfo (RoleInfo.java:shutdownFollowerState(121)) - f4bde674-d42f-4757-a1be-37a51abab424: shutdown FollowerState
2019-08-12 03:44:54,045 INFO  impl.RaftServerImpl (RaftServerImpl.java:setRole(171)) - f4bde674-d42f-4757-a1be-37a51abab424:group-F261AEA28D4F changes role from FOLLOWER to CANDIDATE at term 0 for changeToCandidate
2019-08-12 03:44:54,049 INFO  impl.RoleInfo (RoleInfo.java:updateAndGet(143)) - f4bde674-d42f-4757-a1be-37a51abab424: start LeaderElection
2019-08-12 03:44:54,070 INFO  impl.LeaderElection (LeaderElection.java:askForVotes(181)) - f4bde674-d42f-4757-a1be-37a51abab424:group-F261AEA28D4F:LeaderElection1: begin an election at term 1 for -1: [f4bde674-d42f-4757-a1be-37a51abab424:192.168.157.230:34058], old=null
2019-08-12 03:44:54,072 INFO  impl.RoleInfo (RoleInfo.java:shutdownLeaderElection(134)) - f4bde674-d42f-4757-a1be-37a51abab424: shutdown LeaderElection
2019-08-12 03:44:54,072 INFO  impl.RaftServerImpl (RaftServerImpl.java:setRole(171)) - f4bde674-d42f-4757-a1be-37a51abab424:group-F261AEA28D4F changes role from CANDIDATE to LEADER at term 1 for changeToLeader
2019-08-12 03:44:54,073 INFO  impl.RaftServerImpl (ServerState.java:setLeader(263)) - f4bde674-d42f-4757-a1be-37a51abab424:group-F261AEA28D4F change Leader from null to f4bde674-d42f-4757-a1be-37a51abab424 at term 1 for becomeLeader, leader elected after 5248ms
2019-08-12 03:44:54,082 INFO  server.RaftServerConfigKeys (ConfUtils.java:logGet(43)) - raft.server.staging.catchup.gap = 1000 (default)
2019-08-12 03:44:54,082 INFO  server.RaftServerConfigKeys (ConfUtils.java:logGet(43)) - raft.server.rpc.sleep.time = 25ms (default)
2019-08-12 03:44:54,086 INFO  server.RaftServerConfigKeys (ConfUtils.java:logGet(43)) - raft.server.write.element-limit = 4096 (default)
2019-08-12 03:44:54,089 INFO  server.RaftServerConfigKeys (ConfUtils.java:logGet(43)) - raft.server.watch.timeout = 10s (default)
2019-08-12 03:44:54,089 INFO  server.RaftServerConfigKeys (ConfUtils.java:logGet(43)) - raft.server.watch.timeout.denomination = 1s (default)
2019-08-12 03:44:54,090 INFO  server.RaftServerConfigKeys (ConfUtils.java:logGet(43)) - raft.server.watch.element-limit = 65536 (default)
2019-08-12 03:44:54,101 INFO  impl.RoleInfo (RoleInfo.java:updateAndGet(143)) - f4bde674-d42f-4757-a1be-37a51abab424: start LeaderState
2019-08-12 03:44:54,130 INFO  segmented.SegmentedRaftLogWorker (SegmentedRaftLogWorker.java:startLogSegment(380)) - f4bde674-d42f-4757-a1be-37a51abab424-SegmentedRaftLogWorker:Storage Directory /workdir/hadoop-ozone/integration-test/target/test-dir/MiniOzoneClusterImpl-230b7a8d-0008-4ef7-8cf3-9f4f6684a3c2/datanode-0/data/ratis/2c212df5-7a8f-4695-993e-f261aea28d4f: Starting segment from index:0
2019-08-12 03:44:54,139 INFO  impl.RaftServerImpl (ServerState.java:setRaftConf(361)) - f4bde674-d42f-4757-a1be-37a51abab424:group-F261AEA28D4F set configuration 0: [f4bde674-d42f-4757-a1be-37a51abab424:192.168.157.230:34058], old=null at 0
2019-08-12 03:44:54,153 INFO  impl.FollowerState (FollowerState.java:run(106)) - a50cc7e2-4a27-4fcd-8849-c68f91ecfcde:group-A4F14D9B5AF8 changes to CANDIDATE, lastRpcTime:5019, electionTimeout:5017ms
2019-08-12 03:44:54,155 INFO  impl.RoleInfo (RoleInfo.java:shutdownFollowerState(121)) - a50cc7e2-4a27-4fcd-8849-c68f91ecfcde: shutdown FollowerState
2019-08-12 03:44:54,155 INFO  impl.RaftServerImpl (RaftServerImpl.java:setRole(171)) - a50cc7e2-4a27-4fcd-8849-c68f91ecfcde:group-A4F14D9B5AF8 changes role from FOLLOWER to CANDIDATE at term 0 for changeToCandidate
2019-08-12 03:44:54,156 INFO  impl.RoleInfo (RoleInfo.java:updateAndGet(143)) - a50cc7e2-4a27-4fcd-8849-c68f91ecfcde: start LeaderElection
2019-08-12 03:44:54,173 INFO  impl.LeaderElection (LeaderElection.java:askForVotes(181)) - a50cc7e2-4a27-4fcd-8849-c68f91ecfcde:group-A4F14D9B5AF8:LeaderElection2: begin an election at term 1 for -1: [a50cc7e2-4a27-4fcd-8849-c68f91ecfcde:192.168.157.230:41824], old=null
2019-08-12 03:44:54,178 INFO  impl.RoleInfo (RoleInfo.java:shutdownLeaderElection(134)) - a50cc7e2-4a27-4fcd-8849-c68f91ecfcde: shutdown LeaderElection
2019-08-12 03:44:54,178 INFO  impl.RaftServerImpl (RaftServerImpl.java:setRole(171)) - a50cc7e2-4a27-4fcd-8849-c68f91ecfcde:group-A4F14D9B5AF8 changes role from CANDIDATE to LEADER at term 1 for changeToLeader
2019-08-12 03:44:54,178 INFO  impl.RaftServerImpl (ServerState.java:setLeader(263)) - a50cc7e2-4a27-4fcd-8849-c68f91ecfcde:group-A4F14D9B5AF8 change Leader from null to a50cc7e2-4a27-4fcd-8849-c68f91ecfcde at term 1 for becomeLeader, leader elected after 5052ms
2019-08-12 03:44:54,180 INFO  server.RaftServerConfigKeys (ConfUtils.java:logGet(43)) - raft.server.staging.catchup.gap = 1000 (default)
2019-08-12 03:44:54,180 INFO  server.RaftServerConfigKeys (ConfUtils.java:logGet(43)) - raft.server.rpc.sleep.time = 25ms (default)
2019-08-12 03:44:54,180 INFO  server.RaftServerConfigKeys (ConfUtils.java:logGet(43)) - raft.server.write.element-limit = 4096 (default)
2019-08-12 03:44:54,180 INFO  server.RaftServerConfigKeys (ConfUtils.java:logGet(43)) - raft.server.watch.timeout = 10s (default)
2019-08-12 03:44:54,180 INFO  server.RaftServerConfigKeys (ConfUtils.java:logGet(43)) - raft.server.watch.timeout.denomination = 1s (default)
2019-08-12 03:44:54,181 INFO  server.RaftServerConfigKeys (ConfUtils.java:logGet(43)) - raft.server.watch.element-limit = 65536 (default)
2019-08-12 03:44:54,181 INFO  impl.RoleInfo (RoleInfo.java:updateAndGet(143)) - a50cc7e2-4a27-4fcd-8849-c68f91ecfcde: start LeaderState
2019-08-12 03:44:54,181 INFO  segmented.SegmentedRaftLogWorker (SegmentedRaftLogWorker.java:startLogSegment(380)) - a50cc7e2-4a27-4fcd-8849-c68f91ecfcde-SegmentedRaftLogWorker:Storage Directory /workdir/hadoop-ozone/integration-test/target/test-dir/MiniOzoneClusterImpl-230b7a8d-0008-4ef7-8cf3-9f4f6684a3c2/datanode-4/data/ratis/f2df9ba8-ad79-42fa-a5a8-a4f14d9b5af8: Starting segment from index:0
2019-08-12 03:44:54,182 INFO  impl.RaftServerImpl (ServerState.java:setRaftConf(361)) - a50cc7e2-4a27-4fcd-8849-c68f91ecfcde:group-A4F14D9B5AF8 set configuration 0: [a50cc7e2-4a27-4fcd-8849-c68f91ecfcde:192.168.157.230:41824], old=null at 0
2019-08-12 03:44:54,194 INFO  client.GrpcClientProtocolClient (GrpcClientProtocolClient.java:onNext(255)) - client-5D5438208B20->a50cc7e2-4a27-4fcd-8849-c68f91ecfcde: receive RaftClientReply:client-5D5438208B20->a50cc7e2-4a27-4fcd-8849-c68f91ecfcde@group-71E6DD457FDA, cid=12, FAILED org.apache.ratis.protocol.NotLeaderException: Server a50cc7e2-4a27-4fcd-8849-c68f91ecfcde is not the leader (null). Request must be sent to leader., logIndex=0, commits[a50cc7e2-4a27-4fcd-8849-c68f91ecfcde:c-1]
2019-08-12 03:44:54,210 WARN  io.KeyOutputStream (KeyOutputStream.java:handleException(276)) - Encountered exception java.io.IOException: Unexpected Storage Container Exception: java.util.concurrent.CompletionException: java.util.concurrent.CompletionException: org.apache.ratis.protocol.RaftRetryFailureException: Failed RaftClientRequest:client-5D5438208B20->a50cc7e2-4a27-4fcd-8849-c68f91ecfcde@group-71E6DD457FDA, cid=12, seq=1*, RW, org.apache.hadoop.hdds.scm.XceiverClientRatis$$Lambda$314/1472633143@5d868533 for 5 attempts with RetryLimited(maxAttempts=5, sleepTime=1000ms) on the pipeline Pipeline[ Id: d2e2a9e6-d472-4f68-9024-71e6dd457fda, Nodes: a50cc7e2-4a27-4fcd-8849-c68f91ecfcde{ip: 192.168.157.230, host: byscane-nightly-pnj9f-4033720222, networkLocation: /default-rack, certSerialId: null}c626654f-bead-47ab-bb67-e024a3ee5f73{ip: 192.168.157.230, host: byscane-nightly-pnj9f-4033720222, networkLocation: /default-rack, certSerialId: null}f4bde674-d42f-4757-a1be-37a51abab424{ip: 192.168.157.230, host: byscane-nightly-pnj9f-4033720222, networkLocation: /default-rack, certSerialId: null}, Type:RATIS, Factor:THREE, State:OPEN]. The last committed block length is 0, uncommitted data length is 2097152 retry count 0
2019-08-12 03:44:54,267 INFO  client.GrpcClientProtocolClient (GrpcClientProtocolClient.java:onNext(255)) - client-74E971925F9A->6308e709-eb2e-47a2-a0fc-61082b4259af: receive RaftClientReply:client-74E971925F9A->6308e709-eb2e-47a2-a0fc-61082b4259af@group-0478B11DAECB, cid=16, FAILED org.apache.ratis.protocol.NotLeaderException: Server 6308e709-eb2e-47a2-a0fc-61082b4259af is not the leader (null). Request must be sent to leader., logIndex=0, commits[6308e709-eb2e-47a2-a0fc-61082b4259af:c-1]
2019-08-12 03:44:54,272 INFO  impl.FollowerState (FollowerState.java:run(106)) - c626654f-bead-47ab-bb67-e024a3ee5f73:group-B8702D801A1E changes to CANDIDATE, lastRpcTime:5049, electionTimeout:5049ms
2019-08-12 03:44:54,274 INFO  impl.RoleInfo (RoleInfo.java:shutdownFollowerState(121)) - c626654f-bead-47ab-bb67-e024a3ee5f73: shutdown FollowerState
2019-08-12 03:44:54,274 INFO  impl.RaftServerImpl (RaftServerImpl.java:setRole(171)) - c626654f-bead-47ab-bb67-e024a3ee5f73:group-B8702D801A1E changes role from FOLLOWER to CANDIDATE at term 0 for changeToCandidate
2019-08-12 03:44:54,274 INFO  impl.RoleInfo (RoleInfo.java:updateAndGet(143)) - c626654f-bead-47ab-bb67-e024a3ee5f73: start LeaderElection
2019-08-12 03:44:54,291 INFO  impl.LeaderElection (LeaderElection.java:askForVotes(181)) - c626654f-bead-47ab-bb67-e024a3ee5f73:group-B8702D801A1E:LeaderElection3: begin an election at term 1 for -1: [c626654f-bead-47ab-bb67-e024a3ee5f73:192.168.157.230:45780], old=null
2019-08-12 03:44:54,291 INFO  impl.RoleInfo (RoleInfo.java:shutdownLeaderElection(134)) - c626654f-bead-47ab-bb67-e024a3ee5f73: shutdown LeaderElection
2019-08-12 03:44:54,291 INFO  impl.RaftServerImpl (RaftServerImpl.java:setRole(171)) - c626654f-bead-47ab-bb67-e024a3ee5f73:group-B8702D801A1E changes role from CANDIDATE to LEADER at term 1 for changeToLeader
2019-08-12 03:44:54,292 INFO  impl.RaftServerImpl (ServerState.java:setLeader(263)) - c626654f-bead-47ab-bb67-e024a3ee5f73:group-B8702D801A1E change Leader from null to c626654f-bead-47ab-bb67-e024a3ee5f73 at term 1 for becomeLeader, leader elected after 5073ms
2019-08-12 03:44:54,294 INFO  server.RaftServerConfigKeys (ConfUtils.java:logGet(43)) - raft.server.staging.catchup.gap = 1000 (default)
2019-08-12 03:44:54,294 INFO  server.RaftServerConfigKeys (ConfUtils.java:logGet(43)) - raft.server.rpc.sleep.time = 25ms (default)
2019-08-12 03:44:54,295 INFO  server.RaftServerConfigKeys (ConfUtils.java:logGet(43)) - raft.server.write.element-limit = 4096 (default)
2019-08-12 03:44:54,295 INFO  server.RaftServerConfigKeys (ConfUtils.java:logGet(43)) - raft.server.watch.timeout = 10s (default)
2019-08-12 03:44:54,295 INFO  server.RaftServerConfigKeys (ConfUtils.java:logGet(43)) - raft.server.watch.timeout.denomination = 1s (default)
2019-08-12 03:44:54,295 INFO  server.RaftServerConfigKeys (ConfUtils.java:logGet(43)) - raft.server.watch.element-limit = 65536 (default)
2019-08-12 03:44:54,295 INFO  impl.RoleInfo (RoleInfo.java:updateAndGet(143)) - c626654f-bead-47ab-bb67-e024a3ee5f73: start LeaderState
2019-08-12 03:44:54,296 INFO  segmented.SegmentedRaftLogWorker (SegmentedRaftLogWorker.java:startLogSegment(380)) - c626654f-bead-47ab-bb67-e024a3ee5f73-SegmentedRaftLogWorker:Storage Directory /workdir/hadoop-ozone/integration-test/target/test-dir/MiniOzoneClusterImpl-230b7a8d-0008-4ef7-8cf3-9f4f6684a3c2/datanode-2/data/ratis/fd149a50-180e-4912-81f2-b8702d801a1e: Starting segment from index:0
2019-08-12 03:44:54,296 INFO  impl.RaftServerImpl (ServerState.java:setRaftConf(361)) - c626654f-bead-47ab-bb67-e024a3ee5f73:group-B8702D801A1E set configuration 0: [c626654f-bead-47ab-bb67-e024a3ee5f73:192.168.157.230:45780], old=null at 0
2019-08-12 03:44:54,379 INFO  segmented.SegmentedRaftLogWorker (SegmentedRaftLogWorker.java:execute(569)) - f4bde674-d42f-4757-a1be-37a51abab424-SegmentedRaftLogWorker:Storage Directory /workdir/hadoop-ozone/integration-test/target/test-dir/MiniOzoneClusterImpl-230b7a8d-0008-4ef7-8cf3-9f4f6684a3c2/datanode-0/data/ratis/2c212df5-7a8f-4695-993e-f261aea28d4f: created new log segment /workdir/hadoop-ozone/integration-test/target/test-dir/MiniOzoneClusterImpl-230b7a8d-0008-4ef7-8cf3-9f4f6684a3c2/datanode-0/data/ratis/2c212df5-7a8f-4695-993e-f261aea28d4f/current/log_inprogress_0
2019-08-12 03:44:54,380 INFO  segmented.SegmentedRaftLogWorker (SegmentedRaftLogWorker.java:execute(569)) - a50cc7e2-4a27-4fcd-8849-c68f91ecfcde-SegmentedRaftLogWorker:Storage Directory /workdir/hadoop-ozone/integration-test/target/test-dir/MiniOzoneClusterImpl-230b7a8d-0008-4ef7-8cf3-9f4f6684a3c2/datanode-4/data/ratis/f2df9ba8-ad79-42fa-a5a8-a4f14d9b5af8: created new log segment /workdir/hadoop-ozone/integration-test/target/test-dir/MiniOzoneClusterImpl-230b7a8d-0008-4ef7-8cf3-9f4f6684a3c2/datanode-4/data/ratis/f2df9ba8-ad79-42fa-a5a8-a4f14d9b5af8/current/log_inprogress_0
2019-08-12 03:44:54,379 INFO  segmented.SegmentedRaftLogWorker (SegmentedRaftLogWorker.java:execute(569)) - c626654f-bead-47ab-bb67-e024a3ee5f73-SegmentedRaftLogWorker:Storage Directory /workdir/hadoop-ozone/integration-test/target/test-dir/MiniOzoneClusterImpl-230b7a8d-0008-4ef7-8cf3-9f4f6684a3c2/datanode-2/data/ratis/fd149a50-180e-4912-81f2-b8702d801a1e: created new log segment /workdir/hadoop-ozone/integration-test/target/test-dir/MiniOzoneClusterImpl-230b7a8d-0008-4ef7-8cf3-9f4f6684a3c2/datanode-2/data/ratis/fd149a50-180e-4912-81f2-b8702d801a1e/current/log_inprogress_0
2019-08-12 03:44:54,465 INFO  impl.FollowerState (FollowerState.java:run(106)) - 6308e709-eb2e-47a2-a0fc-61082b4259af:group-69304B48B22C changes to CANDIDATE, lastRpcTime:5141, electionTimeout:5141ms
2019-08-12 03:44:54,467 INFO  impl.RoleInfo (RoleInfo.java:shutdownFollowerState(121)) - 6308e709-eb2e-47a2-a0fc-61082b4259af: shutdown FollowerState
2019-08-12 03:44:54,467 INFO  impl.RaftServerImpl (RaftServerImpl.java:setRole(171)) - 6308e709-eb2e-47a2-a0fc-61082b4259af:group-69304B48B22C changes role from FOLLOWER to CANDIDATE at term 0 for changeToCandidate
2019-08-12 03:44:54,467 INFO  impl.RoleInfo (RoleInfo.java:updateAndGet(143)) - 6308e709-eb2e-47a2-a0fc-61082b4259af: start LeaderElection
2019-08-12 03:44:54,484 INFO  impl.LeaderElection (LeaderElection.java:askForVotes(181)) - 6308e709-eb2e-47a2-a0fc-61082b4259af:group-69304B48B22C:LeaderElection4: begin an election at term 1 for -1: [6308e709-eb2e-47a2-a0fc-61082b4259af:192.168.157.230:34464], old=null
2019-08-12 03:44:54,487 INFO  impl.RoleInfo (RoleInfo.java:shutdownLeaderElection(134)) - 6308e709-eb2e-47a2-a0fc-61082b4259af: shutdown LeaderElection
2019-08-12 03:44:54,487 INFO  impl.RaftServerImpl (RaftServerImpl.java:setRole(171)) - 6308e709-eb2e-47a2-a0fc-61082b4259af:group-69304B48B22C changes role from CANDIDATE to LEADER at term 1 for changeToLeader
2019-08-12 03:44:54,487 INFO  impl.RaftServerImpl (ServerState.java:setLeader(263)) - 6308e709-eb2e-47a2-a0fc-61082b4259af:group-69304B48B22C change Leader from null to 6308e709-eb2e-47a2-a0fc-61082b4259af at term 1 for becomeLeader, leader elected after 5169ms
2019-08-12 03:44:54,488 INFO  server.RaftServerConfigKeys (ConfUtils.java:logGet(43)) - raft.server.staging.catchup.gap = 1000 (default)
2019-08-12 03:44:54,488 INFO  server.RaftServerConfigKeys (ConfUtils.java:logGet(43)) - raft.server.rpc.sleep.time = 25ms (default)
2019-08-12 03:44:54,489 INFO  server.RaftServerConfigKeys (ConfUtils.java:logGet(43)) - raft.server.write.element-limit = 4096 (default)
2019-08-12 03:44:54,489 INFO  server.RaftServerConfigKeys (ConfUtils.java:logGet(43)) - raft.server.watch.timeout = 10s (default)
2019-08-12 03:44:54,489 INFO  server.RaftServerConfigKeys (ConfUtils.java:logGet(43)) - raft.server.watch.timeout.denomination = 1s (default)
2019-08-12 03:44:54,489 INFO  server.RaftServerConfigKeys (ConfUtils.java:logGet(43)) - raft.server.watch.element-limit = 65536 (default)
2019-08-12 03:44:54,489 INFO  impl.RoleInfo (RoleInfo.java:updateAndGet(143)) - 6308e709-eb2e-47a2-a0fc-61082b4259af: start LeaderState
2019-08-12 03:44:54,490 INFO  segmented.SegmentedRaftLogWorker (SegmentedRaftLogWorker.java:startLogSegment(380)) - 6308e709-eb2e-47a2-a0fc-61082b4259af-SegmentedRaftLogWorker:Storage Directory /workdir/hadoop-ozone/integration-test/target/test-dir/MiniOzoneClusterImpl-230b7a8d-0008-4ef7-8cf3-9f4f6684a3c2/datanode-5/data/ratis/976534c0-76e5-492d-b53c-69304b48b22c: Starting segment from index:0
2019-08-12 03:44:54,490 INFO  impl.RaftServerImpl (ServerState.java:setRaftConf(361)) - 6308e709-eb2e-47a2-a0fc-61082b4259af:group-69304B48B22C set configuration 0: [6308e709-eb2e-47a2-a0fc-61082b4259af:192.168.157.230:34464], old=null at 0
2019-08-12 03:44:54,528 INFO  segmented.SegmentedRaftLogWorker (SegmentedRaftLogWorker.java:execute(569)) - 6308e709-eb2e-47a2-a0fc-61082b4259af-SegmentedRaftLogWorker:Storage Directory /workdir/hadoop-ozone/integration-test/target/test-dir/MiniOzoneClusterImpl-230b7a8d-0008-4ef7-8cf3-9f4f6684a3c2/datanode-5/data/ratis/976534c0-76e5-492d-b53c-69304b48b22c: created new log segment /workdir/hadoop-ozone/integration-test/target/test-dir/MiniOzoneClusterImpl-230b7a8d-0008-4ef7-8cf3-9f4f6684a3c2/datanode-5/data/ratis/976534c0-76e5-492d-b53c-69304b48b22c/current/log_inprogress_0
2019-08-12 03:44:54,551 INFO  impl.FollowerState (FollowerState.java:run(106)) - 295e00fa-216e-4f76-a1e9-b8b2f7472bab:group-ACFA9CA58C9C changes to CANDIDATE, lastRpcTime:5116, electionTimeout:5116ms
2019-08-12 03:44:54,551 INFO  impl.RoleInfo (RoleInfo.java:shutdownFollowerState(121)) - 295e00fa-216e-4f76-a1e9-b8b2f7472bab: shutdown FollowerState
2019-08-12 03:44:54,551 INFO  impl.RaftServerImpl (RaftServerImpl.java:setRole(171)) - 295e00fa-216e-4f76-a1e9-b8b2f7472bab:group-ACFA9CA58C9C changes role from FOLLOWER to CANDIDATE at term 0 for changeToCandidate
2019-08-12 03:44:54,552 INFO  impl.RoleInfo (RoleInfo.java:updateAndGet(143)) - 295e00fa-216e-4f76-a1e9-b8b2f7472bab: start LeaderElection
2019-08-12 03:44:54,568 INFO  impl.LeaderElection (LeaderElection.java:askForVotes(181)) - 295e00fa-216e-4f76-a1e9-b8b2f7472bab:group-ACFA9CA58C9C:LeaderElection5: begin an election at term 1 for -1: [295e00fa-216e-4f76-a1e9-b8b2f7472bab:192.168.157.230:38322], old=null
2019-08-12 03:44:54,569 INFO  impl.RoleInfo (RoleInfo.java:shutdownLeaderElection(134)) - 295e00fa-216e-4f76-a1e9-b8b2f7472bab: shutdown LeaderElection
2019-08-12 03:44:54,569 INFO  impl.RaftServerImpl (RaftServerImpl.java:setRole(171)) - 295e00fa-216e-4f76-a1e9-b8b2f7472bab:group-ACFA9CA58C9C changes role from CANDIDATE to LEADER at term 1 for changeToLeader
2019-08-12 03:44:54,570 INFO  impl.RaftServerImpl (ServerState.java:setLeader(263)) - 295e00fa-216e-4f76-a1e9-b8b2f7472bab:group-ACFA9CA58C9C change Leader from null to 295e00fa-216e-4f76-a1e9-b8b2f7472bab at term 1 for becomeLeader, leader elected after 5142ms
2019-08-12 03:44:54,571 INFO  server.RaftServerConfigKeys (ConfUtils.java:logGet(43)) - raft.server.staging.catchup.gap = 1000 (default)
2019-08-12 03:44:54,571 INFO  server.RaftServerConfigKeys (ConfUtils.java:logGet(43)) - raft.server.rpc.sleep.time = 25ms (default)
2019-08-12 03:44:54,571 INFO  server.RaftServerConfigKeys (ConfUtils.java:logGet(43)) - raft.server.write.element-limit = 4096 (default)
2019-08-12 03:44:54,571 INFO  server.RaftServerConfigKeys (ConfUtils.java:logGet(43)) - raft.server.watch.timeout = 10s (default)
2019-08-12 03:44:54,571 INFO  server.RaftServerConfigKeys (ConfUtils.java:logGet(43)) - raft.server.watch.timeout.denomination = 1s (default)
2019-08-12 03:44:54,571 INFO  server.RaftServerConfigKeys (ConfUtils.java:logGet(43)) - raft.server.watch.element-limit = 65536 (default)
2019-08-12 03:44:54,572 INFO  impl.RoleInfo (RoleInfo.java:updateAndGet(143)) - 295e00fa-216e-4f76-a1e9-b8b2f7472bab: start LeaderState
2019-08-12 03:44:54,572 INFO  segmented.SegmentedRaftLogWorker (SegmentedRaftLogWorker.java:startLogSegment(380)) - 295e00fa-216e-4f76-a1e9-b8b2f7472bab-SegmentedRaftLogWorker:Storage Directory /workdir/hadoop-ozone/integration-test/target/test-dir/MiniOzoneClusterImpl-230b7a8d-0008-4ef7-8cf3-9f4f6684a3c2/datanode-3/data/ratis/29d9abf2-1cb8-4572-92fd-acfa9ca58c9c: Starting segment from index:0
2019-08-12 03:44:54,572 INFO  impl.RaftServerImpl (ServerState.java:setRaftConf(361)) - 295e00fa-216e-4f76-a1e9-b8b2f7472bab:group-ACFA9CA58C9C set configuration 0: [295e00fa-216e-4f76-a1e9-b8b2f7472bab:192.168.157.230:38322], old=null at 0
2019-08-12 03:44:54,603 INFO  impl.FollowerState (FollowerState.java:run(106)) - 106a4a7a-8a56-41bd-ad03-931b24a08add:group-797A9A506477 changes to CANDIDATE, lastRpcTime:5081, electionTimeout:5074ms
2019-08-12 03:44:54,603 INFO  impl.RoleInfo (RoleInfo.java:shutdownFollowerState(121)) - 106a4a7a-8a56-41bd-ad03-931b24a08add: shutdown FollowerState
2019-08-12 03:44:54,603 INFO  impl.RaftServerImpl (RaftServerImpl.java:setRole(171)) - 106a4a7a-8a56-41bd-ad03-931b24a08add:group-797A9A506477 changes role from FOLLOWER to CANDIDATE at term 0 for changeToCandidate
2019-08-12 03:44:54,603 INFO  impl.RoleInfo (RoleInfo.java:updateAndGet(143)) - 106a4a7a-8a56-41bd-ad03-931b24a08add: start LeaderElection
2019-08-12 03:44:54,615 INFO  impl.FollowerState (FollowerState.java:run(106)) - f4bde674-d42f-4757-a1be-37a51abab424:group-71E6DD457FDA changes to CANDIDATE, lastRpcTime:5012, electionTimeout:5012ms
2019-08-12 03:44:54,615 INFO  impl.RoleInfo (RoleInfo.java:shutdownFollowerState(121)) - f4bde674-d42f-4757-a1be-37a51abab424: shutdown FollowerState
2019-08-12 03:44:54,615 INFO  impl.RaftServerImpl (RaftServerImpl.java:setRole(171)) - f4bde674-d42f-4757-a1be-37a51abab424:group-71E6DD457FDA changes role from FOLLOWER to CANDIDATE at term 0 for changeToCandidate
2019-08-12 03:44:54,615 INFO  impl.RoleInfo (RoleInfo.java:updateAndGet(143)) - f4bde674-d42f-4757-a1be-37a51abab424: start LeaderElection
2019-08-12 03:44:54,618 INFO  segmented.SegmentedRaftLogWorker (SegmentedRaftLogWorker.java:execute(569)) - 295e00fa-216e-4f76-a1e9-b8b2f7472bab-SegmentedRaftLogWorker:Storage Directory /workdir/hadoop-ozone/integration-test/target/test-dir/MiniOzoneClusterImpl-230b7a8d-0008-4ef7-8cf3-9f4f6684a3c2/datanode-3/data/ratis/29d9abf2-1cb8-4572-92fd-acfa9ca58c9c: created new log segment /workdir/hadoop-ozone/integration-test/target/test-dir/MiniOzoneClusterImpl-230b7a8d-0008-4ef7-8cf3-9f4f6684a3c2/datanode-3/data/ratis/29d9abf2-1cb8-4572-92fd-acfa9ca58c9c/current/log_inprogress_0
2019-08-12 03:44:54,619 INFO  impl.LeaderElection (LeaderElection.java:askForVotes(181)) - 106a4a7a-8a56-41bd-ad03-931b24a08add:group-797A9A506477:LeaderElection6: begin an election at term 1 for -1: [106a4a7a-8a56-41bd-ad03-931b24a08add:192.168.157.230:45125], old=null
2019-08-12 03:44:54,619 INFO  impl.RoleInfo (RoleInfo.java:shutdownLeaderElection(134)) - 106a4a7a-8a56-41bd-ad03-931b24a08add: shutdown LeaderElection
2019-08-12 03:44:54,619 INFO  impl.RaftServerImpl (RaftServerImpl.java:setRole(171)) - 106a4a7a-8a56-41bd-ad03-931b24a08add:group-797A9A506477 changes role from CANDIDATE to LEADER at term 1 for changeToLeader
2019-08-12 03:44:54,619 INFO  impl.RaftServerImpl (ServerState.java:setLeader(263)) - 106a4a7a-8a56-41bd-ad03-931b24a08add:group-797A9A506477 change Leader from null to 106a4a7a-8a56-41bd-ad03-931b24a08add at term 1 for becomeLeader, leader elected after 5102ms
2019-08-12 03:44:54,620 INFO  server.RaftServerConfigKeys (ConfUtils.java:logGet(43)) - raft.server.staging.catchup.gap = 1000 (default)
2019-08-12 03:44:54,621 INFO  server.RaftServerConfigKeys (ConfUtils.java:logGet(43)) - raft.server.rpc.sleep.time = 25ms (default)
2019-08-12 03:44:54,621 INFO  server.RaftServerConfigKeys (ConfUtils.java:logGet(43)) - raft.server.write.element-limit = 4096 (default)
2019-08-12 03:44:54,621 INFO  server.RaftServerConfigKeys (ConfUtils.java:logGet(43)) - raft.server.watch.timeout = 10s (default)
2019-08-12 03:44:54,621 INFO  server.RaftServerConfigKeys (ConfUtils.java:logGet(43)) - raft.server.watch.timeout.denomination = 1s (default)
2019-08-12 03:44:54,621 INFO  server.RaftServerConfigKeys (ConfUtils.java:logGet(43)) - raft.server.watch.element-limit = 65536 (default)
2019-08-12 03:44:54,621 INFO  impl.RoleInfo (RoleInfo.java:updateAndGet(143)) - 106a4a7a-8a56-41bd-ad03-931b24a08add: start LeaderState
2019-08-12 03:44:54,622 INFO  segmented.SegmentedRaftLogWorker (SegmentedRaftLogWorker.java:startLogSegment(380)) - 106a4a7a-8a56-41bd-ad03-931b24a08add-SegmentedRaftLogWorker:Storage Directory /workdir/hadoop-ozone/integration-test/target/test-dir/MiniOzoneClusterImpl-230b7a8d-0008-4ef7-8cf3-9f4f6684a3c2/datanode-1/data/ratis/f617c548-7650-469d-85fb-797a9a506477: Starting segment from index:0
2019-08-12 03:44:54,622 INFO  impl.RaftServerImpl (ServerState.java:setRaftConf(361)) - 106a4a7a-8a56-41bd-ad03-931b24a08add:group-797A9A506477 set configuration 0: [106a4a7a-8a56-41bd-ad03-931b24a08add:192.168.157.230:45125], old=null at 0
2019-08-12 03:44:54,650 INFO  impl.FollowerState (FollowerState.java:run(106)) - a50cc7e2-4a27-4fcd-8849-c68f91ecfcde:group-71E6DD457FDA changes to CANDIDATE, lastRpcTime:5038, electionTimeout:5016ms
2019-08-12 03:44:54,655 INFO  impl.LeaderElection (LeaderElection.java:askForVotes(181)) - f4bde674-d42f-4757-a1be-37a51abab424:group-71E6DD457FDA:LeaderElection7: begin an election at term 1 for -1: [c626654f-bead-47ab-bb67-e024a3ee5f73:192.168.157.230:45780, f4bde674-d42f-4757-a1be-37a51abab424:192.168.157.230:34058, a50cc7e2-4a27-4fcd-8849-c68f91ecfcde:192.168.157.230:41824], old=null
2019-08-12 03:44:54,656 INFO  impl.RoleInfo (RoleInfo.java:shutdownFollowerState(121)) - a50cc7e2-4a27-4fcd-8849-c68f91ecfcde: shutdown FollowerState
2019-08-12 03:44:54,657 INFO  impl.RaftServerImpl (RaftServerImpl.java:setRole(171)) - a50cc7e2-4a27-4fcd-8849-c68f91ecfcde:group-71E6DD457FDA changes role from FOLLOWER to CANDIDATE at term 0 for changeToCandidate
2019-08-12 03:44:54,657 INFO  impl.RoleInfo (RoleInfo.java:updateAndGet(143)) - a50cc7e2-4a27-4fcd-8849-c68f91ecfcde: start LeaderElection
2019-08-12 03:44:54,663 INFO  segmented.SegmentedRaftLogWorker (SegmentedRaftLogWorker.java:execute(569)) - 106a4a7a-8a56-41bd-ad03-931b24a08add-SegmentedRaftLogWorker:Storage Directory /workdir/hadoop-ozone/integration-test/target/test-dir/MiniOzoneClusterImpl-230b7a8d-0008-4ef7-8cf3-9f4f6684a3c2/datanode-1/data/ratis/f617c548-7650-469d-85fb-797a9a506477: created new log segment /workdir/hadoop-ozone/integration-test/target/test-dir/MiniOzoneClusterImpl-230b7a8d-0008-4ef7-8cf3-9f4f6684a3c2/datanode-1/data/ratis/f617c548-7650-469d-85fb-797a9a506477/current/log_inprogress_0
2019-08-12 03:44:54,663 INFO  impl.LeaderElection (LeaderElection.java:askForVotes(181)) - a50cc7e2-4a27-4fcd-8849-c68f91ecfcde:group-71E6DD457FDA:LeaderElection8: begin an election at term 1 for -1: [c626654f-bead-47ab-bb67-e024a3ee5f73:192.168.157.230:45780, f4bde674-d42f-4757-a1be-37a51abab424:192.168.157.230:34058, a50cc7e2-4a27-4fcd-8849-c68f91ecfcde:192.168.157.230:41824], old=null
2019-08-12 03:44:54,686 INFO  impl.RaftServerImpl (RaftServerImpl.java:setRole(171)) - c626654f-bead-47ab-bb67-e024a3ee5f73:group-71E6DD457FDA changes role from FOLLOWER to FOLLOWER at term 1 for recognizeCandidate:f4bde674-d42f-4757-a1be-37a51abab424
2019-08-12 03:44:54,688 INFO  impl.RoleInfo (RoleInfo.java:shutdownFollowerState(121)) - c626654f-bead-47ab-bb67-e024a3ee5f73: shutdown FollowerState
2019-08-12 03:44:54,688 INFO  impl.RoleInfo (RoleInfo.java:updateAndGet(143)) - c626654f-bead-47ab-bb67-e024a3ee5f73: start FollowerState
2019-08-12 03:44:54,715 INFO  impl.LeaderElection (LeaderElection.java:logAndReturn(56)) - a50cc7e2-4a27-4fcd-8849-c68f91ecfcde:group-71E6DD457FDA:LeaderElection8: Election REJECTED; received 2 response(s) [a50cc7e2-4a27-4fcd-8849-c68f91ecfcde<-c626654f-bead-47ab-bb67-e024a3ee5f73#0:FAIL-t1, a50cc7e2-4a27-4fcd-8849-c68f91ecfcde<-f4bde674-d42f-4757-a1be-37a51abab424#0:FAIL-t1] and 0 exception(s); a50cc7e2-4a27-4fcd-8849-c68f91ecfcde:t1, leader=null, voted=a50cc7e2-4a27-4fcd-8849-c68f91ecfcde, raftlog=a50cc7e2-4a27-4fcd-8849-c68f91ecfcde-SegmentedRaftLog:OPENED:c-1,f-1,i0, conf=-1: [c626654f-bead-47ab-bb67-e024a3ee5f73:192.168.157.230:45780, f4bde674-d42f-4757-a1be-37a51abab424:192.168.157.230:34058, a50cc7e2-4a27-4fcd-8849-c68f91ecfcde:192.168.157.230:41824], old=null
2019-08-12 03:44:54,715 INFO  impl.LeaderElection (LeaderElection.java:logAndReturn(56)) - f4bde674-d42f-4757-a1be-37a51abab424:group-71E6DD457FDA:LeaderElection7: Election PASSED; received 2 response(s) [f4bde674-d42f-4757-a1be-37a51abab424<-c626654f-bead-47ab-bb67-e024a3ee5f73#0:OK-t1, f4bde674-d42f-4757-a1be-37a51abab424<-a50cc7e2-4a27-4fcd-8849-c68f91ecfcde#0:FAIL-t1] and 0 exception(s); f4bde674-d42f-4757-a1be-37a51abab424:t1, leader=null, voted=f4bde674-d42f-4757-a1be-37a51abab424, raftlog=f4bde674-d42f-4757-a1be-37a51abab424-SegmentedRaftLog:OPENED:c-1,f-1,i0, conf=-1: [c626654f-bead-47ab-bb67-e024a3ee5f73:192.168.157.230:45780, f4bde674-d42f-4757-a1be-37a51abab424:192.168.157.230:34058, a50cc7e2-4a27-4fcd-8849-c68f91ecfcde:192.168.157.230:41824], old=null
2019-08-12 03:44:54,715 INFO  impl.RaftServerImpl (RaftServerImpl.java:setRole(171)) - a50cc7e2-4a27-4fcd-8849-c68f91ecfcde:group-71E6DD457FDA changes role from CANDIDATE to FOLLOWER at term 1 for DISCOVERED_A_NEW_TERM
2019-08-12 03:44:54,717 INFO  impl.RoleInfo (RoleInfo.java:shutdownLeaderElection(134)) - f4bde674-d42f-4757-a1be-37a51abab424: shutdown LeaderElection
2019-08-12 03:44:54,720 INFO  impl.RoleInfo (RoleInfo.java:shutdownLeaderElection(134)) - a50cc7e2-4a27-4fcd-8849-c68f91ecfcde: shutdown LeaderElection
2019-08-12 03:44:54,723 INFO  impl.RaftServerImpl (RaftServerImpl.java:setRole(171)) - f4bde674-d42f-4757-a1be-37a51abab424:group-71E6DD457FDA changes role from CANDIDATE to LEADER at term 1 for changeToLeader
2019-08-12 03:44:54,723 INFO  impl.RaftServerImpl (ServerState.java:setLeader(263)) - f4bde674-d42f-4757-a1be-37a51abab424:group-71E6DD457FDA change Leader from null to f4bde674-d42f-4757-a1be-37a51abab424 at term 1 for becomeLeader, leader elected after 5133ms
2019-08-12 03:44:54,723 INFO  impl.RoleInfo (RoleInfo.java:updateAndGet(143)) - a50cc7e2-4a27-4fcd-8849-c68f91ecfcde: start FollowerState
2019-08-12 03:44:54,723 INFO  server.RaftServerConfigKeys (ConfUtils.java:logGet(43)) - raft.server.staging.catchup.gap = 1000 (default)
2019-08-12 03:44:54,723 INFO  server.RaftServerConfigKeys (ConfUtils.java:logGet(43)) - raft.server.rpc.sleep.time = 25ms (default)
2019-08-12 03:44:54,724 INFO  server.RaftServerConfigKeys (ConfUtils.java:logGet(43)) - raft.server.write.element-limit = 4096 (default)
2019-08-12 03:44:54,724 INFO  server.RaftServerConfigKeys (ConfUtils.java:logGet(43)) - raft.server.watch.timeout = 10s (default)
2019-08-12 03:44:54,725 INFO  server.RaftServerConfigKeys (ConfUtils.java:logGet(43)) - raft.server.watch.timeout.denomination = 1s (default)
2019-08-12 03:44:54,725 INFO  server.RaftServerConfigKeys (ConfUtils.java:logGet(43)) - raft.server.watch.element-limit = 65536 (default)
2019-08-12 03:44:54,725 INFO  impl.FollowerState (FollowerState.java:run(106)) - 295e00fa-216e-4f76-a1e9-b8b2f7472bab:group-0478B11DAECB changes to CANDIDATE, lastRpcTime:5024, electionTimeout:5024ms
2019-08-12 03:44:54,725 INFO  impl.RoleInfo (RoleInfo.java:shutdownFollowerState(121)) - 295e00fa-216e-4f76-a1e9-b8b2f7472bab: shutdown FollowerState
2019-08-12 03:44:54,726 INFO  impl.RaftServerImpl (RaftServerImpl.java:setRole(171)) - 295e00fa-216e-4f76-a1e9-b8b2f7472bab:group-0478B11DAECB changes role from FOLLOWER to CANDIDATE at term 0 for changeToCandidate
2019-08-12 03:44:54,726 INFO  impl.RoleInfo (RoleInfo.java:updateAndGet(143)) - 295e00fa-216e-4f76-a1e9-b8b2f7472bab: start LeaderElection
2019-08-12 03:44:54,730 INFO  server.RaftServerConfigKeys (ConfUtils.java:logGet(43)) - raft.server.log.appender.snapshot.chunk.size.max = 16MB (=16777216) (default)
2019-08-12 03:44:54,730 INFO  server.RaftServerConfigKeys (ConfUtils.java:logGet(43)) - raft.server.log.appender.buffer.byte-limit = 33554432 (custom)
2019-08-12 03:44:54,731 INFO  server.RaftServerConfigKeys (ConfUtils.java:logGet(43)) - raft.server.log.appender.buffer.element-limit = 1 (custom)
2019-08-12 03:44:54,734 INFO  grpc.GrpcConfigKeys$Server (ConfUtils.java:logGet(43)) - raft.grpc.server.leader.outstanding.appends.max = 128 (default)
2019-08-12 03:44:54,736 INFO  server.RaftServerConfigKeys (ConfUtils.java:logGet(43)) - raft.server.rpc.request.timeout = 3000ms (default)
2019-08-12 03:44:54,736 INFO  server.RaftServerConfigKeys (ConfUtils.java:logGet(43)) - raft.server.log.appender.install.snapshot.enabled = false (custom)
2019-08-12 03:44:54,736 INFO  server.RaftServerConfigKeys (ConfUtils.java:logGet(43)) - raft.server.log.appender.snapshot.chunk.size.max = 16MB (=16777216) (default)
2019-08-12 03:44:54,736 INFO  server.RaftServerConfigKeys (ConfUtils.java:logGet(43)) - raft.server.log.appender.buffer.byte-limit = 33554432 (custom)
2019-08-12 03:44:54,737 INFO  server.RaftServerConfigKeys (ConfUtils.java:logGet(43)) - raft.server.log.appender.buffer.element-limit = 1 (custom)
2019-08-12 03:44:54,737 INFO  grpc.GrpcConfigKeys$Server (ConfUtils.java:logGet(43)) - raft.grpc.server.leader.outstanding.appends.max = 128 (default)
2019-08-12 03:44:54,737 INFO  server.RaftServerConfigKeys (ConfUtils.java:logGet(43)) - raft.server.rpc.request.timeout = 3000ms (default)
2019-08-12 03:44:54,737 INFO  server.RaftServerConfigKeys (ConfUtils.java:logGet(43)) - raft.server.log.appender.install.snapshot.enabled = false (custom)
2019-08-12 03:44:54,739 INFO  impl.RoleInfo (RoleInfo.java:updateAndGet(143)) - f4bde674-d42f-4757-a1be-37a51abab424: start LeaderState
2019-08-12 03:44:54,739 INFO  segmented.SegmentedRaftLogWorker (SegmentedRaftLogWorker.java:startLogSegment(380)) - f4bde674-d42f-4757-a1be-37a51abab424-SegmentedRaftLogWorker:Storage Directory /workdir/hadoop-ozone/integration-test/target/test-dir/MiniOzoneClusterImpl-230b7a8d-0008-4ef7-8cf3-9f4f6684a3c2/datanode-0/data/ratis/d2e2a9e6-d472-4f68-9024-71e6dd457fda: Starting segment from index:0
2019-08-12 03:44:54,739 INFO  impl.FollowerState (FollowerState.java:run(106)) - 6308e709-eb2e-47a2-a0fc-61082b4259af:group-0478B11DAECB changes to CANDIDATE, lastRpcTime:5037, electionTimeout:5037ms
2019-08-12 03:44:54,740 INFO  impl.RoleInfo (RoleInfo.java:shutdownFollowerState(121)) - 6308e709-eb2e-47a2-a0fc-61082b4259af: shutdown FollowerState
2019-08-12 03:44:54,740 INFO  impl.RaftServerImpl (RaftServerImpl.java:setRole(171)) - 6308e709-eb2e-47a2-a0fc-61082b4259af:group-0478B11DAECB changes role from FOLLOWER to CANDIDATE at term 0 for changeToCandidate
2019-08-12 03:44:54,740 INFO  impl.RaftServerImpl (ServerState.java:setRaftConf(361)) - f4bde674-d42f-4757-a1be-37a51abab424:group-71E6DD457FDA set configuration 0: [c626654f-bead-47ab-bb67-e024a3ee5f73:192.168.157.230:45780, f4bde674-d42f-4757-a1be-37a51abab424:192.168.157.230:34058, a50cc7e2-4a27-4fcd-8849-c68f91ecfcde:192.168.157.230:41824], old=null at 0
2019-08-12 03:44:54,740 INFO  impl.RoleInfo (RoleInfo.java:updateAndGet(143)) - 6308e709-eb2e-47a2-a0fc-61082b4259af: start LeaderElection
2019-08-12 03:44:54,765 INFO  impl.LeaderElection (LeaderElection.java:askForVotes(181)) - 295e00fa-216e-4f76-a1e9-b8b2f7472bab:group-0478B11DAECB:LeaderElection9: begin an election at term 1 for -1: [295e00fa-216e-4f76-a1e9-b8b2f7472bab:192.168.157.230:38322, 6308e709-eb2e-47a2-a0fc-61082b4259af:192.168.157.230:34464, 106a4a7a-8a56-41bd-ad03-931b24a08add:192.168.157.230:45125], old=null
2019-08-12 03:44:54,782 INFO  impl.RaftServerImpl (RaftServerImpl.java:setRole(171)) - 106a4a7a-8a56-41bd-ad03-931b24a08add:group-0478B11DAECB changes role from FOLLOWER to FOLLOWER at term 1 for recognizeCandidate:295e00fa-216e-4f76-a1e9-b8b2f7472bab
2019-08-12 03:44:54,784 INFO  impl.RoleInfo (RoleInfo.java:shutdownFollowerState(121)) - 106a4a7a-8a56-41bd-ad03-931b24a08add: shutdown FollowerState
2019-08-12 03:44:54,784 INFO  impl.RoleInfo (RoleInfo.java:updateAndGet(143)) - 106a4a7a-8a56-41bd-ad03-931b24a08add: start FollowerState
2019-08-12 03:44:54,784 INFO  impl.FollowerState (FollowerState.java:run(114)) - 106a4a7a-8a56-41bd-ad03-931b24a08add: FollowerState was interrupted: java.lang.InterruptedException: sleep interrupted
2019-08-12 03:44:54,790 INFO  segmented.SegmentedRaftLogWorker (SegmentedRaftLogWorker.java:execute(569)) - f4bde674-d42f-4757-a1be-37a51abab424-SegmentedRaftLogWorker:Storage Directory /workdir/hadoop-ozone/integration-test/target/test-dir/MiniOzoneClusterImpl-230b7a8d-0008-4ef7-8cf3-9f4f6684a3c2/datanode-0/data/ratis/d2e2a9e6-d472-4f68-9024-71e6dd457fda: created new log segment /workdir/hadoop-ozone/integration-test/target/test-dir/MiniOzoneClusterImpl-230b7a8d-0008-4ef7-8cf3-9f4f6684a3c2/datanode-0/data/ratis/d2e2a9e6-d472-4f68-9024-71e6dd457fda/current/log_inprogress_0
2019-08-12 03:44:54,791 INFO  impl.LeaderElection (LeaderElection.java:askForVotes(181)) - 6308e709-eb2e-47a2-a0fc-61082b4259af:group-0478B11DAECB:LeaderElection10: begin an election at term 1 for -1: [295e00fa-216e-4f76-a1e9-b8b2f7472bab:192.168.157.230:38322, 6308e709-eb2e-47a2-a0fc-61082b4259af:192.168.157.230:34464, 106a4a7a-8a56-41bd-ad03-931b24a08add:192.168.157.230:45125], old=null
2019-08-12 03:44:54,794 INFO  impl.RaftServerImpl (ServerState.java:setLeader(263)) - c626654f-bead-47ab-bb67-e024a3ee5f73:group-71E6DD457FDA change Leader from null to f4bde674-d42f-4757-a1be-37a51abab424 at term 1 for appendEntries, leader elected after 5204ms
2019-08-12 03:44:54,794 INFO  impl.RaftServerImpl (ServerState.java:setLeader(263)) - a50cc7e2-4a27-4fcd-8849-c68f91ecfcde:group-71E6DD457FDA change Leader from null to f4bde674-d42f-4757-a1be-37a51abab424 at term 1 for appendEntries, leader elected after 5204ms
2019-08-12 03:44:54,800 INFO  impl.LeaderElection (LeaderElection.java:logAndReturn(56)) - 295e00fa-216e-4f76-a1e9-b8b2f7472bab:group-0478B11DAECB:LeaderElection9: Election PASSED; received 2 response(s) [295e00fa-216e-4f76-a1e9-b8b2f7472bab<-6308e709-eb2e-47a2-a0fc-61082b4259af#0:FAIL-t1, 295e00fa-216e-4f76-a1e9-b8b2f7472bab<-106a4a7a-8a56-41bd-ad03-931b24a08add#0:OK-t1] and 0 exception(s); 295e00fa-216e-4f76-a1e9-b8b2f7472bab:t1, leader=null, voted=295e00fa-216e-4f76-a1e9-b8b2f7472bab, raftlog=295e00fa-216e-4f76-a1e9-b8b2f7472bab-SegmentedRaftLog:OPENED:c-1,f-1,i0, conf=-1: [295e00fa-216e-4f76-a1e9-b8b2f7472bab:192.168.157.230:38322, 6308e709-eb2e-47a2-a0fc-61082b4259af:192.168.157.230:34464, 106a4a7a-8a56-41bd-ad03-931b24a08add:192.168.157.230:45125], old=null
2019-08-12 03:44:54,800 INFO  impl.RoleInfo (RoleInfo.java:shutdownLeaderElection(134)) - 295e00fa-216e-4f76-a1e9-b8b2f7472bab: shutdown LeaderElection
2019-08-12 03:44:54,802 INFO  impl.RaftServerImpl (RaftServerImpl.java:setRole(171)) - 295e00fa-216e-4f76-a1e9-b8b2f7472bab:group-0478B11DAECB changes role from CANDIDATE to LEADER at term 1 for changeToLeader
2019-08-12 03:44:54,803 INFO  impl.RaftServerImpl (ServerState.java:setLeader(263)) - 295e00fa-216e-4f76-a1e9-b8b2f7472bab:group-0478B11DAECB change Leader from null to 295e00fa-216e-4f76-a1e9-b8b2f7472bab at term 1 for becomeLeader, leader elected after 5112ms
2019-08-12 03:44:54,803 INFO  server.RaftServerConfigKeys (ConfUtils.java:logGet(43)) - raft.server.staging.catchup.gap = 1000 (default)
2019-08-12 03:44:54,803 INFO  server.RaftServerConfigKeys (ConfUtils.java:logGet(43)) - raft.server.rpc.sleep.time = 25ms (default)
2019-08-12 03:44:54,803 INFO  server.RaftServerConfigKeys (ConfUtils.java:logGet(43)) - raft.server.write.element-limit = 4096 (default)
2019-08-12 03:44:54,803 INFO  server.RaftServerConfigKeys (ConfUtils.java:logGet(43)) - raft.server.watch.timeout = 10s (default)
2019-08-12 03:44:54,803 INFO  server.RaftServerConfigKeys (ConfUtils.java:logGet(43)) - raft.server.watch.timeout.denomination = 1s (default)
2019-08-12 03:44:54,804 INFO  server.RaftServerConfigKeys (ConfUtils.java:logGet(43)) - raft.server.watch.element-limit = 65536 (default)
2019-08-12 03:44:54,805 INFO  server.RaftServerConfigKeys (ConfUtils.java:logGet(43)) - raft.server.log.appender.snapshot.chunk.size.max = 16MB (=16777216) (default)
2019-08-12 03:44:54,805 INFO  server.RaftServerConfigKeys (ConfUtils.java:logGet(43)) - raft.server.log.appender.buffer.byte-limit = 33554432 (custom)
2019-08-12 03:44:54,805 INFO  server.RaftServerConfigKeys (ConfUtils.java:logGet(43)) - raft.server.log.appender.buffer.element-limit = 1 (custom)
2019-08-12 03:44:54,806 INFO  grpc.GrpcConfigKeys$Server (ConfUtils.java:logGet(43)) - raft.grpc.server.leader.outstanding.appends.max = 128 (default)
2019-08-12 03:44:54,807 INFO  server.RaftServerConfigKeys (ConfUtils.java:logGet(43)) - raft.server.rpc.request.timeout = 3000ms (default)
2019-08-12 03:44:54,807 INFO  server.RaftServerConfigKeys (ConfUtils.java:logGet(43)) - raft.server.log.appender.install.snapshot.enabled = false (custom)
2019-08-12 03:44:54,807 INFO  server.RaftServerConfigKeys (ConfUtils.java:logGet(43)) - raft.server.log.appender.snapshot.chunk.size.max = 16MB (=16777216) (default)
2019-08-12 03:44:54,810 INFO  server.RaftServerConfigKeys (ConfUtils.java:logGet(43)) - raft.server.log.appender.buffer.byte-limit = 33554432 (custom)
2019-08-12 03:44:54,810 INFO  server.RaftServerConfigKeys (ConfUtils.java:logGet(43)) - raft.server.log.appender.buffer.element-limit = 1 (custom)
2019-08-12 03:44:54,810 INFO  grpc.GrpcConfigKeys$Server (ConfUtils.java:logGet(43)) - raft.grpc.server.leader.outstanding.appends.max = 128 (default)
2019-08-12 03:44:54,811 INFO  server.RaftServerConfigKeys (ConfUtils.java:logGet(43)) - raft.server.rpc.request.timeout = 3000ms (default)
2019-08-12 03:44:54,811 INFO  server.RaftServerConfigKeys (ConfUtils.java:logGet(43)) - raft.server.log.appender.install.snapshot.enabled = false (custom)
2019-08-12 03:44:54,812 INFO  impl.RoleInfo (RoleInfo.java:updateAndGet(143)) - 295e00fa-216e-4f76-a1e9-b8b2f7472bab: start LeaderState
2019-08-12 03:44:54,812 INFO  segmented.SegmentedRaftLogWorker (SegmentedRaftLogWorker.java:startLogSegment(380)) - 295e00fa-216e-4f76-a1e9-b8b2f7472bab-SegmentedRaftLogWorker:Storage Directory /workdir/hadoop-ozone/integration-test/target/test-dir/MiniOzoneClusterImpl-230b7a8d-0008-4ef7-8cf3-9f4f6684a3c2/datanode-3/data/ratis/b287658b-a703-486e-82e5-0478b11daecb: Starting segment from index:0
2019-08-12 03:44:54,814 INFO  impl.RaftServerImpl (ServerState.java:setRaftConf(361)) - 295e00fa-216e-4f76-a1e9-b8b2f7472bab:group-0478B11DAECB set configuration 0: [295e00fa-216e-4f76-a1e9-b8b2f7472bab:192.168.157.230:38322, 6308e709-eb2e-47a2-a0fc-61082b4259af:192.168.157.230:34464, 106a4a7a-8a56-41bd-ad03-931b24a08add:192.168.157.230:45125], old=null at 0
2019-08-12 03:44:54,842 INFO  impl.RaftServerImpl (RaftServerImpl.java:requestVote(754)) - 295e00fa-216e-4f76-a1e9-b8b2f7472bab-LEADER: Withhold vote from candidate 6308e709-eb2e-47a2-a0fc-61082b4259af with term 1. State: leader=295e00fa-216e-4f76-a1e9-b8b2f7472bab, term=1, lastRpcElapsed=null
2019-08-12 03:44:54,847 INFO  impl.LeaderElection (LeaderElection.java:logAndReturn(56)) - 6308e709-eb2e-47a2-a0fc-61082b4259af:group-0478B11DAECB:LeaderElection10: Election REJECTED; received 2 response(s) [6308e709-eb2e-47a2-a0fc-61082b4259af<-295e00fa-216e-4f76-a1e9-b8b2f7472bab#0:FAIL-t1, 6308e709-eb2e-47a2-a0fc-61082b4259af<-106a4a7a-8a56-41bd-ad03-931b24a08add#0:FAIL-t1] and 0 exception(s); 6308e709-eb2e-47a2-a0fc-61082b4259af:t1, leader=null, voted=6308e709-eb2e-47a2-a0fc-61082b4259af, raftlog=6308e709-eb2e-47a2-a0fc-61082b4259af-SegmentedRaftLog:OPENED:c-1,f-1,i0, conf=-1: [295e00fa-216e-4f76-a1e9-b8b2f7472bab:192.168.157.230:38322, 6308e709-eb2e-47a2-a0fc-61082b4259af:192.168.157.230:34464, 106a4a7a-8a56-41bd-ad03-931b24a08add:192.168.157.230:45125], old=null
2019-08-12 03:44:54,847 INFO  impl.RaftServerImpl (RaftServerImpl.java:setRole(171)) - 6308e709-eb2e-47a2-a0fc-61082b4259af:group-0478B11DAECB changes role from CANDIDATE to FOLLOWER at term 1 for DISCOVERED_A_NEW_TERM
2019-08-12 03:44:54,849 INFO  impl.RoleInfo (RoleInfo.java:shutdownLeaderElection(134)) - 6308e709-eb2e-47a2-a0fc-61082b4259af: shutdown LeaderElection
2019-08-12 03:44:54,849 INFO  impl.RaftServerImpl (ServerState.java:setLeader(263)) - 106a4a7a-8a56-41bd-ad03-931b24a08add:group-0478B11DAECB change Leader from null to 295e00fa-216e-4f76-a1e9-b8b2f7472bab at term 1 for appendEntries, leader elected after 5158ms
2019-08-12 03:44:54,850 INFO  impl.RoleInfo (RoleInfo.java:updateAndGet(143)) - 6308e709-eb2e-47a2-a0fc-61082b4259af: start FollowerState
2019-08-12 03:44:54,851 INFO  impl.RaftServerImpl (ServerState.java:setLeader(263)) - 6308e709-eb2e-47a2-a0fc-61082b4259af:group-0478B11DAECB change Leader from null to 295e00fa-216e-4f76-a1e9-b8b2f7472bab at term 1 for appendEntries, leader elected after 5160ms
2019-08-12 03:44:54,852 INFO  segmented.SegmentedRaftLogWorker (SegmentedRaftLogWorker.java:execute(569)) - 295e00fa-216e-4f76-a1e9-b8b2f7472bab-SegmentedRaftLogWorker:Storage Directory /workdir/hadoop-ozone/integration-test/target/test-dir/MiniOzoneClusterImpl-230b7a8d-0008-4ef7-8cf3-9f4f6684a3c2/datanode-3/data/ratis/b287658b-a703-486e-82e5-0478b11daecb: created new log segment /workdir/hadoop-ozone/integration-test/target/test-dir/MiniOzoneClusterImpl-230b7a8d-0008-4ef7-8cf3-9f4f6684a3c2/datanode-3/data/ratis/b287658b-a703-486e-82e5-0478b11daecb/current/log_inprogress_0
2019-08-12 03:44:54,866 INFO  impl.RaftServerImpl (ServerState.java:setRaftConf(361)) - 106a4a7a-8a56-41bd-ad03-931b24a08add:group-0478B11DAECB set configuration 0: [295e00fa-216e-4f76-a1e9-b8b2f7472bab:192.168.157.230:38322, 6308e709-eb2e-47a2-a0fc-61082b4259af:192.168.157.230:34464, 106a4a7a-8a56-41bd-ad03-931b24a08add:192.168.157.230:45125], old=null at 0
2019-08-12 03:44:54,866 INFO  impl.RaftServerImpl (ServerState.java:setRaftConf(361)) - c626654f-bead-47ab-bb67-e024a3ee5f73:group-71E6DD457FDA set configuration 0: [c626654f-bead-47ab-bb67-e024a3ee5f73:192.168.157.230:45780, f4bde674-d42f-4757-a1be-37a51abab424:192.168.157.230:34058, a50cc7e2-4a27-4fcd-8849-c68f91ecfcde:192.168.157.230:41824], old=null at 0
2019-08-12 03:44:54,866 INFO  impl.RaftServerImpl (ServerState.java:setRaftConf(361)) - a50cc7e2-4a27-4fcd-8849-c68f91ecfcde:group-71E6DD457FDA set configuration 0: [c626654f-bead-47ab-bb67-e024a3ee5f73:192.168.157.230:45780, f4bde674-d42f-4757-a1be-37a51abab424:192.168.157.230:34058, a50cc7e2-4a27-4fcd-8849-c68f91ecfcde:192.168.157.230:41824], old=null at 0
2019-08-12 03:44:54,866 INFO  impl.RaftServerImpl (ServerState.java:setRaftConf(361)) - 6308e709-eb2e-47a2-a0fc-61082b4259af:group-0478B11DAECB set configuration 0: [295e00fa-216e-4f76-a1e9-b8b2f7472bab:192.168.157.230:38322, 6308e709-eb2e-47a2-a0fc-61082b4259af:192.168.157.230:34464, 106a4a7a-8a56-41bd-ad03-931b24a08add:192.168.157.230:45125], old=null at 0
2019-08-12 03:44:54,868 INFO  segmented.SegmentedRaftLogWorker (SegmentedRaftLogWorker.java:startLogSegment(380)) - a50cc7e2-4a27-4fcd-8849-c68f91ecfcde-SegmentedRaftLogWorker:Storage Directory /workdir/hadoop-ozone/integration-test/target/test-dir/MiniOzoneClusterImpl-230b7a8d-0008-4ef7-8cf3-9f4f6684a3c2/datanode-4/data/ratis/d2e2a9e6-d472-4f68-9024-71e6dd457fda: Starting segment from index:0
2019-08-12 03:44:54,868 INFO  segmented.SegmentedRaftLogWorker (SegmentedRaftLogWorker.java:startLogSegment(380)) - c626654f-bead-47ab-bb67-e024a3ee5f73-SegmentedRaftLogWorker:Storage Directory /workdir/hadoop-ozone/integration-test/target/test-dir/MiniOzoneClusterImpl-230b7a8d-0008-4ef7-8cf3-9f4f6684a3c2/datanode-2/data/ratis/d2e2a9e6-d472-4f68-9024-71e6dd457fda: Starting segment from index:0
2019-08-12 03:44:54,868 INFO  segmented.SegmentedRaftLogWorker (SegmentedRaftLogWorker.java:startLogSegment(380)) - 106a4a7a-8a56-41bd-ad03-931b24a08add-SegmentedRaftLogWorker:Storage Directory /workdir/hadoop-ozone/integration-test/target/test-dir/MiniOzoneClusterImpl-230b7a8d-0008-4ef7-8cf3-9f4f6684a3c2/datanode-1/data/ratis/b287658b-a703-486e-82e5-0478b11daecb: Starting segment from index:0
2019-08-12 03:44:54,868 INFO  segmented.SegmentedRaftLogWorker (SegmentedRaftLogWorker.java:startLogSegment(380)) - 6308e709-eb2e-47a2-a0fc-61082b4259af-SegmentedRaftLogWorker:Storage Directory /workdir/hadoop-ozone/integration-test/target/test-dir/MiniOzoneClusterImpl-230b7a8d-0008-4ef7-8cf3-9f4f6684a3c2/datanode-5/data/ratis/b287658b-a703-486e-82e5-0478b11daecb: Starting segment from index:0
2019-08-12 03:44:54,919 INFO  segmented.SegmentedRaftLogWorker (SegmentedRaftLogWorker.java:execute(569)) - 6308e709-eb2e-47a2-a0fc-61082b4259af-SegmentedRaftLogWorker:Storage Directory /workdir/hadoop-ozone/integration-test/target/test-dir/MiniOzoneClusterImpl-230b7a8d-0008-4ef7-8cf3-9f4f6684a3c2/datanode-5/data/ratis/b287658b-a703-486e-82e5-0478b11daecb: created new log segment /workdir/hadoop-ozone/integration-test/target/test-dir/MiniOzoneClusterImpl-230b7a8d-0008-4ef7-8cf3-9f4f6684a3c2/datanode-5/data/ratis/b287658b-a703-486e-82e5-0478b11daecb/current/log_inprogress_0
2019-08-12 03:44:54,919 INFO  segmented.SegmentedRaftLogWorker (SegmentedRaftLogWorker.java:execute(569)) - 106a4a7a-8a56-41bd-ad03-931b24a08add-SegmentedRaftLogWorker:Storage Directory /workdir/hadoop-ozone/integration-test/target/test-dir/MiniOzoneClusterImpl-230b7a8d-0008-4ef7-8cf3-9f4f6684a3c2/datanode-1/data/ratis/b287658b-a703-486e-82e5-0478b11daecb: created new log segment /workdir/hadoop-ozone/integration-test/target/test-dir/MiniOzoneClusterImpl-230b7a8d-0008-4ef7-8cf3-9f4f6684a3c2/datanode-1/data/ratis/b287658b-a703-486e-82e5-0478b11daecb/current/log_inprogress_0
2019-08-12 03:44:54,919 INFO  segmented.SegmentedRaftLogWorker (SegmentedRaftLogWorker.java:execute(569)) - a50cc7e2-4a27-4fcd-8849-c68f91ecfcde-SegmentedRaftLogWorker:Storage Directory /workdir/hadoop-ozone/integration-test/target/test-dir/MiniOzoneClusterImpl-230b7a8d-0008-4ef7-8cf3-9f4f6684a3c2/datanode-4/data/ratis/d2e2a9e6-d472-4f68-9024-71e6dd457fda: created new log segment /workdir/hadoop-ozone/integration-test/target/test-dir/MiniOzoneClusterImpl-230b7a8d-0008-4ef7-8cf3-9f4f6684a3c2/datanode-4/data/ratis/d2e2a9e6-d472-4f68-9024-71e6dd457fda/current/log_inprogress_0
2019-08-12 03:44:54,919 INFO  segmented.SegmentedRaftLogWorker (SegmentedRaftLogWorker.java:execute(569)) - c626654f-bead-47ab-bb67-e024a3ee5f73-SegmentedRaftLogWorker:Storage Directory /workdir/hadoop-ozone/integration-test/target/test-dir/MiniOzoneClusterImpl-230b7a8d-0008-4ef7-8cf3-9f4f6684a3c2/datanode-2/data/ratis/d2e2a9e6-d472-4f68-9024-71e6dd457fda: created new log segment /workdir/hadoop-ozone/integration-test/target/test-dir/MiniOzoneClusterImpl-230b7a8d-0008-4ef7-8cf3-9f4f6684a3c2/datanode-2/data/ratis/d2e2a9e6-d472-4f68-9024-71e6dd457fda/current/log_inprogress_0
2019-08-12 03:44:55,301 INFO  client.GrpcClientProtocolClient (GrpcClientProtocolClient.java:onNext(255)) - client-74E971925F9A->106a4a7a-8a56-41bd-ad03-931b24a08add: receive RaftClientReply:client-74E971925F9A->106a4a7a-8a56-41bd-ad03-931b24a08add@group-0478B11DAECB, cid=16, FAILED org.apache.ratis.protocol.NotLeaderException: Server 106a4a7a-8a56-41bd-ad03-931b24a08add is not the leader (295e00fa-216e-4f76-a1e9-b8b2f7472bab:192.168.157.230:38322). Request must be sent to leader., logIndex=0, commits[106a4a7a-8a56-41bd-ad03-931b24a08add:c-1, 295e00fa-216e-4f76-a1e9-b8b2f7472bab:c-1, 6308e709-eb2e-47a2-a0fc-61082b4259af:c-1]
2019-08-12 03:44:55,695 INFO  client.GrpcClientProtocolClient (GrpcClientProtocolClient.java:onNext(255)) - client-74E971925F9A->295e00fa-216e-4f76-a1e9-b8b2f7472bab: receive RaftClientReply:client-74E971925F9A->295e00fa-216e-4f76-a1e9-b8b2f7472bab@group-0478B11DAECB, cid=16, SUCCESS, logIndex=1, commits[295e00fa-216e-4f76-a1e9-b8b2f7472bab:c1, 6308e709-eb2e-47a2-a0fc-61082b4259af:c0, 106a4a7a-8a56-41bd-ad03-931b24a08add:c0]
2019-08-12 03:44:55,803 INFO  client.GrpcClientProtocolClient (GrpcClientProtocolClient.java:onNext(255)) - client-74E971925F9A->295e00fa-216e-4f76-a1e9-b8b2f7472bab: receive RaftClientReply:client-74E971925F9A->295e00fa-216e-4f76-a1e9-b8b2f7472bab@group-0478B11DAECB, cid=17, SUCCESS, logIndex=3, commits[295e00fa-216e-4f76-a1e9-b8b2f7472bab:c8, 6308e709-eb2e-47a2-a0fc-61082b4259af:c6, 106a4a7a-8a56-41bd-ad03-931b24a08add:c6]
2019-08-12 03:44:55,805 INFO  client.GrpcClientProtocolClient (GrpcClientProtocolClient.java:onNext(255)) - client-74E971925F9A->295e00fa-216e-4f76-a1e9-b8b2f7472bab: receive RaftClientReply:client-74E971925F9A->295e00fa-216e-4f76-a1e9-b8b2f7472bab@group-0478B11DAECB, cid=18, SUCCESS, logIndex=4, commits[295e00fa-216e-4f76-a1e9-b8b2f7472bab:c8, 6308e709-eb2e-47a2-a0fc-61082b4259af:c6, 106a4a7a-8a56-41bd-ad03-931b24a08add:c6]
2019-08-12 03:44:55,862 INFO  client.GrpcClientProtocolClient (GrpcClientProtocolClient.java:onNext(255)) - client-74E971925F9A->295e00fa-216e-4f76-a1e9-b8b2f7472bab: receive RaftClientReply:client-74E971925F9A->295e00fa-216e-4f76-a1e9-b8b2f7472bab@group-0478B11DAECB, cid=19, SUCCESS, logIndex=5, commits[295e00fa-216e-4f76-a1e9-b8b2f7472bab:c8, 6308e709-eb2e-47a2-a0fc-61082b4259af:c6, 106a4a7a-8a56-41bd-ad03-931b24a08add:c6]
2019-08-12 03:44:55,920 INFO  client.GrpcClientProtocolClient (GrpcClientProtocolClient.java:onNext(255)) - client-74E971925F9A->295e00fa-216e-4f76-a1e9-b8b2f7472bab: receive RaftClientReply:client-74E971925F9A->295e00fa-216e-4f76-a1e9-b8b2f7472bab@group-0478B11DAECB, cid=20, SUCCESS, logIndex=9, commits[295e00fa-216e-4f76-a1e9-b8b2f7472bab:c10, 6308e709-eb2e-47a2-a0fc-61082b4259af:c8, 106a4a7a-8a56-41bd-ad03-931b24a08add:c8]
2019-08-12 03:44:55,923 INFO  client.GrpcClientProtocolClient (GrpcClientProtocolClient.java:onNext(255)) - client-74E971925F9A->295e00fa-216e-4f76-a1e9-b8b2f7472bab: receive RaftClientReply:client-74E971925F9A->295e00fa-216e-4f76-a1e9-b8b2f7472bab@group-0478B11DAECB, cid=21, SUCCESS, logIndex=10, commits[295e00fa-216e-4f76-a1e9-b8b2f7472bab:c10, 6308e709-eb2e-47a2-a0fc-61082b4259af:c8, 106a4a7a-8a56-41bd-ad03-931b24a08add:c8]
2019-08-12 03:44:55,932 INFO  client.GrpcClientProtocolClient (GrpcClientProtocolClient.java:onNext(255)) - client-74E971925F9A->295e00fa-216e-4f76-a1e9-b8b2f7472bab: receive RaftClientReply:client-74E971925F9A->295e00fa-216e-4f76-a1e9-b8b2f7472bab@group-0478B11DAECB, cid=22, SUCCESS, logIndex=11, commits[295e00fa-216e-4f76-a1e9-b8b2f7472bab:c12, 6308e709-eb2e-47a2-a0fc-61082b4259af:c8, 106a4a7a-8a56-41bd-ad03-931b24a08add:c8]
2019-08-12 03:44:55,935 INFO  client.GrpcClientProtocolClient (GrpcClientProtocolClient.java:onNext(255)) - client-74E971925F9A->295e00fa-216e-4f76-a1e9-b8b2f7472bab: receive RaftClientReply:client-74E971925F9A->295e00fa-216e-4f76-a1e9-b8b2f7472bab@group-0478B11DAECB, cid=23, SUCCESS, logIndex=12, commits[295e00fa-216e-4f76-a1e9-b8b2f7472bab:c12, 6308e709-eb2e-47a2-a0fc-61082b4259af:c8, 106a4a7a-8a56-41bd-ad03-931b24a08add:c8]
2019-08-12 03:44:55,957 INFO  client.GrpcClientProtocolClient (GrpcClientProtocolClient.java:onNext(255)) - client-74E971925F9A->295e00fa-216e-4f76-a1e9-b8b2f7472bab: receive RaftClientReply:client-74E971925F9A->295e00fa-216e-4f76-a1e9-b8b2f7472bab@group-0478B11DAECB, cid=24, SUCCESS, logIndex=0, commits[295e00fa-216e-4f76-a1e9-b8b2f7472bab:c16, 6308e709-eb2e-47a2-a0fc-61082b4259af:c12, 106a4a7a-8a56-41bd-ad03-931b24a08add:c12]
2019-08-12 03:44:55,963 INFO  client.GrpcClientProtocolClient (GrpcClientProtocolClient.java:onNext(255)) - client-74E971925F9A->295e00fa-216e-4f76-a1e9-b8b2f7472bab: receive RaftClientReply:client-74E971925F9A->295e00fa-216e-4f76-a1e9-b8b2f7472bab@group-0478B11DAECB, cid=25, SUCCESS, logIndex=0, commits[295e00fa-216e-4f76-a1e9-b8b2f7472bab:c16, 6308e709-eb2e-47a2-a0fc-61082b4259af:c12, 106a4a7a-8a56-41bd-ad03-931b24a08add:c12]
2019-08-12 03:44:55,975 INFO  datanode.ObjectStoreHandler (ObjectStoreHandler.java:close(155)) - Closing ObjectStoreHandler.
2019-08-12 03:44:55,976 INFO  ozone.HddsDatanodeService (HddsDatanodeService.java:stop(451)) - Stopped plug-in org.apache.hadoop.ozone.web.OzoneHddsDatanodeService@44fd7ba4
2019-08-12 03:44:56,072 INFO  statemachine.DatanodeStateMachine (DatanodeStateMachine.java:lambda$startDaemon$0(350)) - Ozone container server started.
2019-08-12 03:44:56,090 INFO  client.GrpcClientProtocolClient (GrpcClientProtocolClient.java:onNext(255)) - client-74E971925F9A->295e00fa-216e-4f76-a1e9-b8b2f7472bab: receive RaftClientReply:client-74E971925F9A->295e00fa-216e-4f76-a1e9-b8b2f7472bab@group-0478B11DAECB, cid=26, SUCCESS, logIndex=17, commits[295e00fa-216e-4f76-a1e9-b8b2f7472bab:c18, 6308e709-eb2e-47a2-a0fc-61082b4259af:c16, 106a4a7a-8a56-41bd-ad03-931b24a08add:c16]
2019-08-12 03:44:56,146 INFO  client.GrpcClientProtocolClient (GrpcClientProtocolClient.java:onNext(255)) - client-74E971925F9A->295e00fa-216e-4f76-a1e9-b8b2f7472bab: receive RaftClientReply:client-74E971925F9A->295e00fa-216e-4f76-a1e9-b8b2f7472bab@group-0478B11DAECB, cid=27, SUCCESS, logIndex=18, commits[295e00fa-216e-4f76-a1e9-b8b2f7472bab:c20, 6308e709-eb2e-47a2-a0fc-61082b4259af:c18, 106a4a7a-8a56-41bd-ad03-931b24a08add:c18]
2019-08-12 03:45:00,978 INFO  ozoneimpl.OzoneContainer (OzoneContainer.java:stop(199)) - Attempting to stop container services.
2019-08-12 03:45:00,979 INFO  impl.RaftServerProxy (RaftServerProxy.java:lambda$close$4(314)) - 6308e709-eb2e-47a2-a0fc-61082b4259af: close
2019-08-12 03:45:00,980 INFO  impl.RaftServerImpl (RaftServerImpl.java:lambda$shutdown$3(245)) - 6308e709-eb2e-47a2-a0fc-61082b4259af: shutdown group-69304B48B22C
2019-08-12 03:45:00,981 INFO  impl.RaftServerImpl (RaftServerImpl.java:lambda$shutdown$3(245)) - 6308e709-eb2e-47a2-a0fc-61082b4259af: shutdown group-0478B11DAECB
2019-08-12 03:45:00,981 INFO  util.JmxRegister (JmxRegister.java:unregister(73)) - Successfully un-registered JMX Bean with object name Ratis:service=RaftServer,group=group-69304B48B22C,id=6308e709-eb2e-47a2-a0fc-61082b4259af
2019-08-12 03:45:00,981 INFO  util.JmxRegister (JmxRegister.java:unregister(73)) - Successfully un-registered JMX Bean with object name Ratis:service=RaftServer,group=group-0478B11DAECB,id=6308e709-eb2e-47a2-a0fc-61082b4259af
2019-08-12 03:45:00,981 INFO  impl.RoleInfo (RoleInfo.java:shutdownLeaderState(104)) - 6308e709-eb2e-47a2-a0fc-61082b4259af: shutdown LeaderState
2019-08-12 03:45:00,981 INFO  impl.RoleInfo (RoleInfo.java:shutdownFollowerState(121)) - 6308e709-eb2e-47a2-a0fc-61082b4259af: shutdown FollowerState
2019-08-12 03:45:00,982 INFO  impl.FollowerState (FollowerState.java:run(114)) - 6308e709-eb2e-47a2-a0fc-61082b4259af: FollowerState was interrupted: java.lang.InterruptedException: sleep interrupted
2019-08-12 03:45:00,982 INFO  impl.StateMachineUpdater (StateMachineUpdater.java:stopAndJoin(115)) - StateMachineUpdater:6308e709-eb2e-47a2-a0fc-61082b4259af:group-0478B11DAECB: set stopIndex = 20
2019-08-12 03:45:00,984 INFO  impl.PendingRequests (PendingRequests.java:sendNotLeaderResponses(202)) - 6308e709-eb2e-47a2-a0fc-61082b4259af-PendingRequests: sendNotLeaderResponses
2019-08-12 03:45:00,984 INFO  ratis.ContainerStateMachine (ContainerStateMachine.java:takeSnapshot(262)) - group-0478B11DAECB: Taking a snapshot at:(t:1, i:18) file /workdir/hadoop-ozone/integration-test/target/test-dir/MiniOzoneClusterImpl-230b7a8d-0008-4ef7-8cf3-9f4f6684a3c2/datanode-5/data/ratis/b287658b-a703-486e-82e5-0478b11daecb/sm/snapshot.1_18
2019-08-12 03:45:00,986 INFO  impl.StateMachineUpdater (StateMachineUpdater.java:stopAndJoin(115)) - StateMachineUpdater:6308e709-eb2e-47a2-a0fc-61082b4259af:group-69304B48B22C: set stopIndex = 0
2019-08-12 03:45:00,992 INFO  impl.RaftServerImpl (ServerState.java:close(394)) - 6308e709-eb2e-47a2-a0fc-61082b4259af:group-69304B48B22C closes. The last applied log index is 0
2019-08-12 03:45:00,993 INFO  segmented.SegmentedRaftLogWorker (SegmentedRaftLogWorker.java:run(313)) - 6308e709-eb2e-47a2-a0fc-61082b4259af-SegmentedRaftLogWorker:Storage Directory /workdir/hadoop-ozone/integration-test/target/test-dir/MiniOzoneClusterImpl-230b7a8d-0008-4ef7-8cf3-9f4f6684a3c2/datanode-5/data/ratis/976534c0-76e5-492d-b53c-69304b48b22c was interrupted, exiting. There are 0 tasks remaining in the queue.
2019-08-12 03:45:00,995 INFO  segmented.SegmentedRaftLogWorker (SegmentedRaftLogWorker.java:close(228)) - 6308e709-eb2e-47a2-a0fc-61082b4259af-SegmentedRaftLogWorker:Storage Directory /workdir/hadoop-ozone/integration-test/target/test-dir/MiniOzoneClusterImpl-230b7a8d-0008-4ef7-8cf3-9f4f6684a3c2/datanode-5/data/ratis/976534c0-76e5-492d-b53c-69304b48b22c close()
2019-08-12 03:45:01,016 INFO  ratis.ContainerStateMachine (ContainerStateMachine.java:takeSnapshot(273)) - group-0478B11DAECB: Finished taking a snapshot at:(t:1, i:18) file:/workdir/hadoop-ozone/integration-test/target/test-dir/MiniOzoneClusterImpl-230b7a8d-0008-4ef7-8cf3-9f4f6684a3c2/datanode-5/data/ratis/b287658b-a703-486e-82e5-0478b11daecb/sm/snapshot.1_18 time:32
2019-08-12 03:45:01,017 INFO  impl.StateMachineUpdater (StateMachineUpdater.java:takeSnapshot(242)) - StateMachineUpdater:6308e709-eb2e-47a2-a0fc-61082b4259af:group-0478B11DAECB: Took a snapshot at index 18
2019-08-12 03:45:01,017 INFO  impl.StateMachineUpdater (StateMachineUpdater.java:lambda$new$0(80)) - StateMachineUpdater:6308e709-eb2e-47a2-a0fc-61082b4259af:group-0478B11DAECB: snapshotIndex: updateIncreasingly -1 -> 18
2019-08-12 03:45:01,022 INFO  impl.RaftServerImpl (ServerState.java:close(394)) - 6308e709-eb2e-47a2-a0fc-61082b4259af:group-0478B11DAECB closes. The last applied log index is 20
2019-08-12 03:45:01,022 INFO  segmented.SegmentedRaftLogWorker (SegmentedRaftLogWorker.java:run(313)) - 6308e709-eb2e-47a2-a0fc-61082b4259af-SegmentedRaftLogWorker:Storage Directory /workdir/hadoop-ozone/integration-test/target/test-dir/MiniOzoneClusterImpl-230b7a8d-0008-4ef7-8cf3-9f4f6684a3c2/datanode-5/data/ratis/b287658b-a703-486e-82e5-0478b11daecb was interrupted, exiting. There are 0 tasks remaining in the queue.
2019-08-12 03:45:01,024 INFO  segmented.SegmentedRaftLogWorker (SegmentedRaftLogWorker.java:close(228)) - 6308e709-eb2e-47a2-a0fc-61082b4259af-SegmentedRaftLogWorker:Storage Directory /workdir/hadoop-ozone/integration-test/target/test-dir/MiniOzoneClusterImpl-230b7a8d-0008-4ef7-8cf3-9f4f6684a3c2/datanode-5/data/ratis/b287658b-a703-486e-82e5-0478b11daecb close()
2019-08-12 03:45:01,025 INFO  server.GrpcService (GrpcService.java:closeImpl(155)) - 6308e709-eb2e-47a2-a0fc-61082b4259af: shutdown server with port 34464 now
2019-08-12 03:45:01,034 INFO  server.GrpcService (GrpcService.java:closeImpl(163)) - 6308e709-eb2e-47a2-a0fc-61082b4259af: shutdown server with port 34464 successfully
2019-08-12 03:45:01,034 WARN  server.GrpcServerProtocolService (LogUtils.java:warn(134)) - 6308e709-eb2e-47a2-a0fc-61082b4259af: appendEntries onError: org.apache.ratis.thirdparty.io.grpc.StatusRuntimeException: CANCELLED: cancelled before receiving half close
2019-08-12 03:45:01,035 WARN  server.GrpcLogAppender (LogUtils.java:warn(134)) - 295e00fa-216e-4f76-a1e9-b8b2f7472bab->6308e709-eb2e-47a2-a0fc-61082b4259af: Failed appendEntries: org.apache.ratis.thirdparty.io.grpc.StatusRuntimeException: CANCELLED: HTTP/2 error code: CANCEL
Received Rst Stream
2019-08-12 03:45:01,037 INFO  utils.BackgroundService (BackgroundService.java:shutdown(148)) - Shutting down service BlockDeletingService
2019-08-12 03:45:01,038 INFO  impl.FollowerInfo (FollowerInfo.java:lambda$new$0(50)) - 295e00fa-216e-4f76-a1e9-b8b2f7472bab->6308e709-eb2e-47a2-a0fc-61082b4259af: nextIndex: updateUnconditionally 21 -> 20
2019-08-12 03:45:01,038 WARN  fs.CachingGetSpaceUsed (CachingGetSpaceUsed.java:run(183)) - Thread Interrupted waiting to refresh disk information: sleep interrupted
2019-08-12 03:45:01,056 INFO  statemachine.DatanodeStateMachine (DatanodeStateMachine.java:stopDaemon(395)) - Ozone container server stopped.
2019-08-12 03:45:01,066 INFO  handler.ContextHandler (ContextHandler.java:doStop(910)) - Stopped o.e.j.w.WebAppContext@4b4969ea{/,null,UNAVAILABLE}{/hddsDatanode}
2019-08-12 03:45:01,070 INFO  server.AbstractConnector (AbstractConnector.java:doStop(318)) - Stopped ServerConnector@11c581a0{HTTP/1.1,[http/1.1]}{0.0.0.0:0}
2019-08-12 03:45:01,071 INFO  handler.ContextHandler (ContextHandler.java:doStop(910)) - Stopped o.e.j.s.ServletContextHandler@3f048c86{/static,jar:file:/home/user/.m2/repository/org/apache/hadoop/hadoop-hdds-container-service/0.4.1-SNAPSHOT/hadoop-hdds-container-service-0.4.1-SNAPSHOT.jar!/webapps/static,UNAVAILABLE}
2019-08-12 03:45:01,071 INFO  handler.ContextHandler (ContextHandler.java:doStop(910)) - Stopped o.e.j.s.ServletContextHandler@6c2a95d5{/logs,file:///workdir/hadoop-ozone/integration-test/target/log,UNAVAILABLE}
2019-08-12 03:45:01,072 INFO  datanode.ObjectStoreHandler (ObjectStoreHandler.java:close(155)) - Closing ObjectStoreHandler.
2019-08-12 03:45:01,073 INFO  ozone.HddsDatanodeService (HddsDatanodeService.java:stop(451)) - Stopped plug-in org.apache.hadoop.ozone.web.OzoneHddsDatanodeService@34c7232c
2019-08-12 03:45:01,114 WARN  server.GrpcLogAppender (LogUtils.java:warn(134)) - 295e00fa-216e-4f76-a1e9-b8b2f7472bab->6308e709-eb2e-47a2-a0fc-61082b4259af: Failed appendEntries: org.apache.ratis.thirdparty.io.grpc.StatusRuntimeException: UNAVAILABLE: io exception
2019-08-12 03:45:01,116 INFO  impl.FollowerInfo (FollowerInfo.java:lambda$new$0(50)) - 295e00fa-216e-4f76-a1e9-b8b2f7472bab->6308e709-eb2e-47a2-a0fc-61082b4259af: nextIndex: updateUnconditionally 20 -> 19
2019-08-12 03:45:02,064 INFO  statemachine.DatanodeStateMachine (DatanodeStateMachine.java:lambda$startDaemon$0(350)) - Ozone container server started.
2019-08-12 03:45:03,614 WARN  server.GrpcLogAppender (LogUtils.java:warn(134)) - 295e00fa-216e-4f76-a1e9-b8b2f7472bab->6308e709-eb2e-47a2-a0fc-61082b4259af: Failed appendEntries: org.apache.ratis.thirdparty.io.grpc.StatusRuntimeException: UNAVAILABLE: io exception
2019-08-12 03:45:03,624 INFO  impl.FollowerInfo (FollowerInfo.java:lambda$new$0(50)) - 295e00fa-216e-4f76-a1e9-b8b2f7472bab->6308e709-eb2e-47a2-a0fc-61082b4259af: nextIndex: updateUnconditionally 19 -> 18
2019-08-12 03:45:06,074 INFO  ozoneimpl.OzoneContainer (OzoneContainer.java:stop(199)) - Attempting to stop container services.
2019-08-12 03:45:06,075 INFO  impl.RaftServerProxy (RaftServerProxy.java:lambda$close$4(314)) - 295e00fa-216e-4f76-a1e9-b8b2f7472bab: close
2019-08-12 03:45:06,076 INFO  impl.RaftServerImpl (RaftServerImpl.java:lambda$shutdown$3(245)) - 295e00fa-216e-4f76-a1e9-b8b2f7472bab: shutdown group-0478B11DAECB
2019-08-12 03:45:06,077 INFO  util.JmxRegister (JmxRegister.java:unregister(73)) - Successfully un-registered JMX Bean with object name Ratis:service=RaftServer,group=group-0478B11DAECB,id=295e00fa-216e-4f76-a1e9-b8b2f7472bab
2019-08-12 03:45:06,077 INFO  impl.RoleInfo (RoleInfo.java:shutdownLeaderState(104)) - 295e00fa-216e-4f76-a1e9-b8b2f7472bab: shutdown LeaderState
2019-08-12 03:45:06,081 INFO  impl.PendingRequests (PendingRequests.java:sendNotLeaderResponses(202)) - 295e00fa-216e-4f76-a1e9-b8b2f7472bab-PendingRequests: sendNotLeaderResponses
2019-08-12 03:45:06,082 WARN  server.GrpcLogAppender (GrpcLogAppender.java:mayWait(143)) - GrpcLogAppender(295e00fa-216e-4f76-a1e9-b8b2f7472bab->106a4a7a-8a56-41bd-ad03-931b24a08add): Wait interrupted by java.lang.InterruptedException
2019-08-12 03:45:06,082 WARN  server.GrpcLogAppender (GrpcLogAppender.java:mayWait(143)) - GrpcLogAppender(295e00fa-216e-4f76-a1e9-b8b2f7472bab->6308e709-eb2e-47a2-a0fc-61082b4259af): Wait interrupted by java.lang.InterruptedException
2019-08-12 03:45:06,084 INFO  impl.StateMachineUpdater (StateMachineUpdater.java:stopAndJoin(115)) - StateMachineUpdater:295e00fa-216e-4f76-a1e9-b8b2f7472bab:group-0478B11DAECB: set stopIndex = 20
2019-08-12 03:45:06,084 INFO  ratis.ContainerStateMachine (ContainerStateMachine.java:takeSnapshot(262)) - group-0478B11DAECB: Taking a snapshot at:(t:1, i:20) file /workdir/hadoop-ozone/integration-test/target/test-dir/MiniOzoneClusterImpl-230b7a8d-0008-4ef7-8cf3-9f4f6684a3c2/datanode-3/data/ratis/b287658b-a703-486e-82e5-0478b11daecb/sm/snapshot.1_20
2019-08-12 03:45:06,086 INFO  server.GrpcServerProtocolService (GrpcServerProtocolService.java:onCompleted(104)) - 106a4a7a-8a56-41bd-ad03-931b24a08add: appendEntries completed
2019-08-12 03:45:06,088 INFO  server.GrpcLogAppender (GrpcLogAppender.java:onCompleted(292)) - 295e00fa-216e-4f76-a1e9-b8b2f7472bab->106a4a7a-8a56-41bd-ad03-931b24a08add: follower responses appendEntries COMPLETED
2019-08-12 03:45:06,090 INFO  impl.FollowerInfo (FollowerInfo.java:lambda$new$0(50)) - 295e00fa-216e-4f76-a1e9-b8b2f7472bab->106a4a7a-8a56-41bd-ad03-931b24a08add: nextIndex: updateUnconditionally 21 -> 20
2019-08-12 03:45:06,110 INFO  ratis.ContainerStateMachine (ContainerStateMachine.java:takeSnapshot(273)) - group-0478B11DAECB: Finished taking a snapshot at:(t:1, i:20) file:/workdir/hadoop-ozone/integration-test/target/test-dir/MiniOzoneClusterImpl-230b7a8d-0008-4ef7-8cf3-9f4f6684a3c2/datanode-3/data/ratis/b287658b-a703-486e-82e5-0478b11daecb/sm/snapshot.1_20 time:26
2019-08-12 03:45:06,111 INFO  impl.StateMachineUpdater (StateMachineUpdater.java:takeSnapshot(242)) - StateMachineUpdater:295e00fa-216e-4f76-a1e9-b8b2f7472bab:group-0478B11DAECB: Took a snapshot at index 20
2019-08-12 03:45:06,111 INFO  impl.StateMachineUpdater (StateMachineUpdater.java:lambda$new$0(80)) - StateMachineUpdater:295e00fa-216e-4f76-a1e9-b8b2f7472bab:group-0478B11DAECB: snapshotIndex: updateIncreasingly -1 -> 20
2019-08-12 03:45:06,111 INFO  impl.RaftServerImpl (ServerState.java:close(394)) - 295e00fa-216e-4f76-a1e9-b8b2f7472bab:group-0478B11DAECB closes. The last applied log index is 20
2019-08-12 03:45:06,112 INFO  segmented.SegmentedRaftLogWorker (SegmentedRaftLogWorker.java:run(313)) - 295e00fa-216e-4f76-a1e9-b8b2f7472bab-SegmentedRaftLogWorker:Storage Directory /workdir/hadoop-ozone/integration-test/target/test-dir/MiniOzoneClusterImpl-230b7a8d-0008-4ef7-8cf3-9f4f6684a3c2/datanode-3/data/ratis/b287658b-a703-486e-82e5-0478b11daecb was interrupted, exiting. There are 0 tasks remaining in the queue.
2019-08-12 03:45:06,114 INFO  segmented.SegmentedRaftLogWorker (SegmentedRaftLogWorker.java:close(228)) - 295e00fa-216e-4f76-a1e9-b8b2f7472bab-SegmentedRaftLogWorker:Storage Directory /workdir/hadoop-ozone/integration-test/target/test-dir/MiniOzoneClusterImpl-230b7a8d-0008-4ef7-8cf3-9f4f6684a3c2/datanode-3/data/ratis/b287658b-a703-486e-82e5-0478b11daecb close()
2019-08-12 03:45:06,117 INFO  impl.RaftServerImpl (RaftServerImpl.java:lambda$shutdown$3(245)) - 295e00fa-216e-4f76-a1e9-b8b2f7472bab: shutdown group-ACFA9CA58C9C
2019-08-12 03:45:06,117 INFO  util.JmxRegister (JmxRegister.java:unregister(73)) - Successfully un-registered JMX Bean with object name Ratis:service=RaftServer,group=group-ACFA9CA58C9C,id=295e00fa-216e-4f76-a1e9-b8b2f7472bab
2019-08-12 03:45:06,117 INFO  impl.RoleInfo (RoleInfo.java:shutdownLeaderState(104)) - 295e00fa-216e-4f76-a1e9-b8b2f7472bab: shutdown LeaderState
2019-08-12 03:45:06,117 INFO  impl.PendingRequests (PendingRequests.java:sendNotLeaderResponses(202)) - 295e00fa-216e-4f76-a1e9-b8b2f7472bab-PendingRequests: sendNotLeaderResponses
2019-08-12 03:45:06,118 INFO  impl.StateMachineUpdater (StateMachineUpdater.java:stopAndJoin(115)) - StateMachineUpdater:295e00fa-216e-4f76-a1e9-b8b2f7472bab:group-ACFA9CA58C9C: set stopIndex = 0
2019-08-12 03:45:06,119 INFO  impl.RaftServerImpl (ServerState.java:close(394)) - 295e00fa-216e-4f76-a1e9-b8b2f7472bab:group-ACFA9CA58C9C closes. The last applied log index is 0
2019-08-12 03:45:06,119 INFO  segmented.SegmentedRaftLogWorker (SegmentedRaftLogWorker.java:run(313)) - 295e00fa-216e-4f76-a1e9-b8b2f7472bab-SegmentedRaftLogWorker:Storage Directory /workdir/hadoop-ozone/integration-test/target/test-dir/MiniOzoneClusterImpl-230b7a8d-0008-4ef7-8cf3-9f4f6684a3c2/datanode-3/data/ratis/29d9abf2-1cb8-4572-92fd-acfa9ca58c9c was interrupted, exiting. There are 0 tasks remaining in the queue.
2019-08-12 03:45:06,120 INFO  segmented.SegmentedRaftLogWorker (SegmentedRaftLogWorker.java:close(228)) - 295e00fa-216e-4f76-a1e9-b8b2f7472bab-SegmentedRaftLogWorker:Storage Directory /workdir/hadoop-ozone/integration-test/target/test-dir/MiniOzoneClusterImpl-230b7a8d-0008-4ef7-8cf3-9f4f6684a3c2/datanode-3/data/ratis/29d9abf2-1cb8-4572-92fd-acfa9ca58c9c close()
2019-08-12 03:45:06,122 INFO  server.GrpcService (GrpcService.java:closeImpl(155)) - 295e00fa-216e-4f76-a1e9-b8b2f7472bab: shutdown server with port 38322 now
2019-08-12 03:45:06,124 INFO  server.GrpcService (GrpcService.java:closeImpl(163)) - 295e00fa-216e-4f76-a1e9-b8b2f7472bab: shutdown server with port 38322 successfully
2019-08-12 03:45:06,126 WARN  client.GrpcClientProtocolService (LogUtils.java:warn(134)) - 1-UnorderedRequestStreamObserver1: onError: org.apache.ratis.thirdparty.io.grpc.StatusRuntimeException: CANCELLED: cancelled before receiving half close
2019-08-12 03:45:06,127 INFO  utils.BackgroundService (BackgroundService.java:shutdown(148)) - Shutting down service BlockDeletingService
2019-08-12 03:45:06,129 WARN  fs.CachingGetSpaceUsed (CachingGetSpaceUsed.java:run(183)) - Thread Interrupted waiting to refresh disk information: sleep interrupted
2019-08-12 03:45:06,149 INFO  statemachine.DatanodeStateMachine (DatanodeStateMachine.java:stopDaemon(395)) - Ozone container server stopped.
2019-08-12 03:45:06,150 INFO  handler.ContextHandler (ContextHandler.java:doStop(910)) - Stopped o.e.j.w.WebAppContext@6b162ecc{/,null,UNAVAILABLE}{/hddsDatanode}
2019-08-12 03:45:06,151 INFO  server.AbstractConnector (AbstractConnector.java:doStop(318)) - Stopped ServerConnector@3b4086c1{HTTP/1.1,[http/1.1]}{0.0.0.0:0}
2019-08-12 03:45:06,151 INFO  handler.ContextHandler (ContextHandler.java:doStop(910)) - Stopped o.e.j.s.ServletContextHandler@4b03cbad{/static,jar:file:/home/user/.m2/repository/org/apache/hadoop/hadoop-hdds-container-service/0.4.1-SNAPSHOT/hadoop-hdds-container-service-0.4.1-SNAPSHOT.jar!/webapps/static,UNAVAILABLE}
2019-08-12 03:45:06,151 INFO  handler.ContextHandler (ContextHandler.java:doStop(910)) - Stopped o.e.j.s.ServletContextHandler@14b275bd{/logs,file:///workdir/hadoop-ozone/integration-test/target/log,UNAVAILABLE}
2019-08-12 03:45:08,215 INFO  client.GrpcClientProtocolClient (GrpcClientProtocolClient.java:onNext(255)) - client-74E971925F9A->106a4a7a-8a56-41bd-ad03-931b24a08add: receive RaftClientReply:client-74E971925F9A->106a4a7a-8a56-41bd-ad03-931b24a08add@group-0478B11DAECB, cid=28, FAILED org.apache.ratis.protocol.NotLeaderException: Server 106a4a7a-8a56-41bd-ad03-931b24a08add is not the leader (295e00fa-216e-4f76-a1e9-b8b2f7472bab:192.168.157.230:38322). Request must be sent to leader., logIndex=0, commits[106a4a7a-8a56-41bd-ad03-931b24a08add:c20, 295e00fa-216e-4f76-a1e9-b8b2f7472bab:c20, 6308e709-eb2e-47a2-a0fc-61082b4259af:c20]
2019-08-12 03:45:09,243 INFO  client.GrpcClientProtocolClient (GrpcClientProtocolClient.java:onNext(255)) - client-74E971925F9A->106a4a7a-8a56-41bd-ad03-931b24a08add: receive RaftClientReply:client-74E971925F9A->106a4a7a-8a56-41bd-ad03-931b24a08add@group-0478B11DAECB, cid=28, FAILED org.apache.ratis.protocol.NotLeaderException: Server 106a4a7a-8a56-41bd-ad03-931b24a08add is not the leader (295e00fa-216e-4f76-a1e9-b8b2f7472bab:192.168.157.230:38322). Request must be sent to leader., logIndex=0, commits[106a4a7a-8a56-41bd-ad03-931b24a08add:c20, 295e00fa-216e-4f76-a1e9-b8b2f7472bab:c20, 6308e709-eb2e-47a2-a0fc-61082b4259af:c20]
2019-08-12 03:45:09,248 WARN  io.KeyOutputStream (KeyOutputStream.java:handleException(276)) - Encountered exception java.io.IOException: Unexpected Storage Container Exception: java.util.concurrent.CompletionException: java.util.concurrent.CompletionException: org.apache.ratis.protocol.RaftRetryFailureException: Failed RaftClientRequest:client-74E971925F9A->106a4a7a-8a56-41bd-ad03-931b24a08add@group-0478B11DAECB, cid=28, seq=11*, RW, org.apache.hadoop.hdds.scm.XceiverClientRatis$$Lambda$314/1472633143@201b6d3e for 5 attempts with RetryLimited(maxAttempts=5, sleepTime=1000ms) on the pipeline Pipeline[ Id: b287658b-a703-486e-82e5-0478b11daecb, Nodes: 6308e709-eb2e-47a2-a0fc-61082b4259af{ip: 192.168.157.230, host: byscane-nightly-pnj9f-4033720222, networkLocation: /default-rack, certSerialId: null}295e00fa-216e-4f76-a1e9-b8b2f7472bab{ip: 192.168.157.230, host: byscane-nightly-pnj9f-4033720222, networkLocation: /default-rack, certSerialId: null}106a4a7a-8a56-41bd-ad03-931b24a08add{ip: 192.168.157.230, host: byscane-nightly-pnj9f-4033720222, networkLocation: /default-rack, certSerialId: null}, Type:RATIS, Factor:THREE, State:OPEN]. The last committed block length is 1048576, uncommitted data length is 1048576 retry count 0
2019-08-12 03:45:09,269 WARN  block.BlockManagerImpl (BlockManagerImpl.java:allocateBlock(192)) - Pipeline creation failed for type:RATIS factor:THREE. Retrying get pipelines call once.
org.apache.hadoop.hdds.scm.pipeline.InsufficientDatanodesException: Cannot create pipeline of factor 3 using 0 nodes.
	at org.apache.hadoop.hdds.scm.pipeline.RatisPipelineProvider.create(RatisPipelineProvider.java:151)
	at org.apache.hadoop.hdds.scm.pipeline.PipelineFactory.create(PipelineFactory.java:57)
	at org.apache.hadoop.hdds.scm.pipeline.SCMPipelineManager.createPipeline(SCMPipelineManager.java:149)
	at org.apache.hadoop.hdds.scm.block.BlockManagerImpl.allocateBlock(BlockManagerImpl.java:190)
	at org.apache.hadoop.hdds.scm.server.SCMBlockProtocolServer.allocateBlock(SCMBlockProtocolServer.java:175)
	at org.apache.hadoop.ozone.protocolPB.ScmBlockLocationProtocolServerSideTranslatorPB.allocateScmBlock(ScmBlockLocationProtocolServerSideTranslatorPB.java:153)
	at org.apache.hadoop.ozone.protocolPB.ScmBlockLocationProtocolServerSideTranslatorPB.send(ScmBlockLocationProtocolServerSideTranslatorPB.java:112)
	at org.apache.hadoop.hdds.protocol.proto.ScmBlockLocationProtocolProtos$ScmBlockLocationProtocolService$2.callBlockingMethod(ScmBlockLocationProtocolProtos.java:13157)
	at org.apache.hadoop.ipc.ProtobufRpcEngine$Server$ProtoBufRpcInvoker.call(ProtobufRpcEngine.java:524)
	at org.apache.hadoop.ipc.RPC$Server.call(RPC.java:1025)
	at org.apache.hadoop.ipc.Server$RpcCall.run(Server.java:876)
	at org.apache.hadoop.ipc.Server$RpcCall.run(Server.java:822)
	at java.security.AccessController.doPrivileged(Native Method)
	at javax.security.auth.Subject.doAs(Subject.java:422)
	at org.apache.hadoop.security.UserGroupInformation.doAs(UserGroupInformation.java:1730)
	at org.apache.hadoop.ipc.Server$Handler.run(Server.java:2682)
2019-08-12 03:45:09,275 INFO  block.BlockManagerImpl (BlockManagerImpl.java:allocateBlock(198)) - Could not find available pipeline of type:RATIS and factor:THREE even after retrying
2019-08-12 03:45:09,275 ERROR block.BlockManagerImpl (BlockManagerImpl.java:allocateBlock(222)) - Unable to allocate a block for the size: 4194304, type: RATIS, factor: THREE
03:45:09.279 [IPC Server handler 19 on 41501] ERROR OMAudit - user=jenkins1000 | ip=127.0.0.1 | op=ALLOCATE_BLOCK {volume=datanodefailurehandlingtest, bucket=datanodefailurehandlingtest, key=ratis3, dataSize=0, replicationType=null, replicationFactor=null, keyLocationInfo=null, clientID=102601948493774848} | ret=FAILURE
org.apache.hadoop.hdds.scm.exceptions.SCMException: Allocated 0 blocks. Requested 1 blocks
	at org.apache.hadoop.hdds.scm.protocolPB.ScmBlockLocationProtocolClientSideTranslatorPB.handleError(ScmBlockLocationProtocolClientSideTranslatorPB.java:118) ~[hadoop-hdds-common-0.4.1-SNAPSHOT.jar:?]
	at org.apache.hadoop.hdds.scm.protocolPB.ScmBlockLocationProtocolClientSideTranslatorPB.allocateBlock(ScmBlockLocationProtocolClientSideTranslatorPB.java:156) ~[hadoop-hdds-common-0.4.1-SNAPSHOT.jar:?]
	at sun.reflect.NativeMethodAccessorImpl.invoke0(Native Method) ~[?:1.8.0_212]
	at sun.reflect.NativeMethodAccessorImpl.invoke(NativeMethodAccessorImpl.java:62) ~[?:1.8.0_212]
	at sun.reflect.DelegatingMethodAccessorImpl.invoke(DelegatingMethodAccessorImpl.java:43) ~[?:1.8.0_212]
	at java.lang.reflect.Method.invoke(Method.java:498) ~[?:1.8.0_212]
	at org.apache.hadoop.hdds.tracing.TraceAllMethod.invoke(TraceAllMethod.java:66) ~[hadoop-hdds-common-0.4.1-SNAPSHOT.jar:?]
	at com.sun.proxy.$Proxy25.allocateBlock(Unknown Source) ~[?:?]
	at org.apache.hadoop.ozone.om.KeyManagerImpl.allocateBlock(KeyManagerImpl.java:333) ~[hadoop-ozone-ozone-manager-0.4.1-SNAPSHOT.jar:?]
	at org.apache.hadoop.ozone.om.KeyManagerImpl.allocateBlock(KeyManagerImpl.java:304) ~[hadoop-ozone-ozone-manager-0.4.1-SNAPSHOT.jar:?]
	at org.apache.hadoop.ozone.om.OzoneManager.allocateBlock(OzoneManager.java:2291) [hadoop-ozone-ozone-manager-0.4.1-SNAPSHOT.jar:?]
	at org.apache.hadoop.ozone.protocolPB.OzoneManagerRequestHandler.allocateBlock(OzoneManagerRequestHandler.java:717) [hadoop-ozone-ozone-manager-0.4.1-SNAPSHOT.jar:?]
	at org.apache.hadoop.ozone.protocolPB.OzoneManagerRequestHandler.handle(OzoneManagerRequestHandler.java:240) [hadoop-ozone-ozone-manager-0.4.1-SNAPSHOT.jar:?]
	at org.apache.hadoop.ozone.protocolPB.OzoneManagerProtocolServerSideTranslatorPB.submitRequestDirectlyToOM(OzoneManagerProtocolServerSideTranslatorPB.java:192) [hadoop-ozone-ozone-manager-0.4.1-SNAPSHOT.jar:?]
	at org.apache.hadoop.ozone.protocolPB.OzoneManagerProtocolServerSideTranslatorPB.submitRequest(OzoneManagerProtocolServerSideTranslatorPB.java:110) [hadoop-ozone-ozone-manager-0.4.1-SNAPSHOT.jar:?]
	at org.apache.hadoop.ozone.protocol.proto.OzoneManagerProtocolProtos$OzoneManagerService$2.callBlockingMethod(OzoneManagerProtocolProtos.java) [hadoop-ozone-common-0.4.1-SNAPSHOT.jar:?]
	at org.apache.hadoop.ipc.ProtobufRpcEngine$Server$ProtoBufRpcInvoker.call(ProtobufRpcEngine.java:524) [hadoop-common-3.2.0.jar:?]
	at org.apache.hadoop.ipc.RPC$Server.call(RPC.java:1025) [hadoop-common-3.2.0.jar:?]
	at org.apache.hadoop.ipc.Server$RpcCall.run(Server.java:876) [hadoop-common-3.2.0.jar:?]
	at org.apache.hadoop.ipc.Server$RpcCall.run(Server.java:822) [hadoop-common-3.2.0.jar:?]
	at java.security.AccessController.doPrivileged(Native Method) [?:1.8.0_212]
	at javax.security.auth.Subject.doAs(Subject.java:422) [?:1.8.0_212]
	at org.apache.hadoop.security.UserGroupInformation.doAs(UserGroupInformation.java:1730) [hadoop-common-3.2.0.jar:?]
	at org.apache.hadoop.ipc.Server$Handler.run(Server.java:2682) [hadoop-common-3.2.0.jar:?]
2019-08-12 03:45:09,292 ERROR io.BlockOutputStreamEntryPool (BlockOutputStreamEntryPool.java:allocateBlockIfNeeded(299)) - Try to allocate more blocks for write failed, already allocated 0 blocks for this write.
INTERNAL_ERROR org.apache.hadoop.ozone.om.exceptions.OMException: Allocated 0 blocks. Requested 1 blocks
	at org.apache.hadoop.ozone.om.protocolPB.OzoneManagerProtocolClientSideTranslatorPB.handleError(OzoneManagerProtocolClientSideTranslatorPB.java:720)
	at org.apache.hadoop.ozone.om.protocolPB.OzoneManagerProtocolClientSideTranslatorPB.allocateBlock(OzoneManagerProtocolClientSideTranslatorPB.java:752)
	at org.apache.hadoop.ozone.client.io.BlockOutputStreamEntryPool.allocateNewBlock(BlockOutputStreamEntryPool.java:248)
	at org.apache.hadoop.ozone.client.io.BlockOutputStreamEntryPool.allocateBlockIfNeeded(BlockOutputStreamEntryPool.java:296)
	at org.apache.hadoop.ozone.client.io.KeyOutputStream.handleWrite(KeyOutputStream.java:201)
	at org.apache.hadoop.ozone.client.io.KeyOutputStream.handleRetry(KeyOutputStream.java:376)
	at org.apache.hadoop.ozone.client.io.KeyOutputStream.handleException(KeyOutputStream.java:325)
	at org.apache.hadoop.ozone.client.io.KeyOutputStream.handleWrite(KeyOutputStream.java:231)
	at org.apache.hadoop.ozone.client.io.KeyOutputStream.write(KeyOutputStream.java:193)
	at org.apache.hadoop.ozone.client.io.OzoneOutputStream.write(OzoneOutputStream.java:49)
	at java.io.OutputStream.write(OutputStream.java:75)
	at org.apache.hadoop.ozone.client.rpc.TestMultiBlockWritesWithDnFailures.testMultiBlockWritesWithDnFailures(TestMultiBlockWritesWithDnFailures.java:144)
	at sun.reflect.NativeMethodAccessorImpl.invoke0(Native Method)
	at sun.reflect.NativeMethodAccessorImpl.invoke(NativeMethodAccessorImpl.java:62)
	at sun.reflect.DelegatingMethodAccessorImpl.invoke(DelegatingMethodAccessorImpl.java:43)
	at java.lang.reflect.Method.invoke(Method.java:498)
	at org.junit.runners.model.FrameworkMethod$1.runReflectiveCall(FrameworkMethod.java:47)
	at org.junit.internal.runners.model.ReflectiveCallable.run(ReflectiveCallable.java:12)
	at org.junit.runners.model.FrameworkMethod.invokeExplosively(FrameworkMethod.java:44)
	at org.junit.internal.runners.statements.InvokeMethod.evaluate(InvokeMethod.java:17)
	at org.junit.runners.ParentRunner.runLeaf(ParentRunner.java:271)
	at org.junit.runners.BlockJUnit4ClassRunner.runChild(BlockJUnit4ClassRunner.java:70)
	at org.junit.runners.BlockJUnit4ClassRunner.runChild(BlockJUnit4ClassRunner.java:50)
	at org.junit.runners.ParentRunner$3.run(ParentRunner.java:238)
	at org.junit.runners.ParentRunner$1.schedule(ParentRunner.java:63)
	at org.junit.runners.ParentRunner.runChildren(ParentRunner.java:236)
	at org.junit.runners.ParentRunner.access$000(ParentRunner.java:53)
	at org.junit.runners.ParentRunner$2.evaluate(ParentRunner.java:229)
	at org.junit.runners.ParentRunner.run(ParentRunner.java:309)
	at org.apache.maven.surefire.junit4.JUnit4Provider.execute(JUnit4Provider.java:365)
	at org.apache.maven.surefire.junit4.JUnit4Provider.executeWithRerun(JUnit4Provider.java:273)
	at org.apache.maven.surefire.junit4.JUnit4Provider.executeTestSet(JUnit4Provider.java:238)
	at org.apache.maven.surefire.junit4.JUnit4Provider.invoke(JUnit4Provider.java:159)
	at org.apache.maven.surefire.booter.ForkedBooter.invokeProviderInSameClassLoader(ForkedBooter.java:384)
	at org.apache.maven.surefire.booter.ForkedBooter.runSuitesInProcess(ForkedBooter.java:345)
	at org.apache.maven.surefire.booter.ForkedBooter.execute(ForkedBooter.java:126)
	at org.apache.maven.surefire.booter.ForkedBooter.main(ForkedBooter.java:418)
]]></system-out>
    <system-err><![CDATA[ERROR StatusLogger No Log4j 2 configuration file found. Using default configuration (logging only errors to the console), or user programmatically provided configurations. Set system property 'log4j2.debug' to show Log4j 2 internal initialization logging. See https://logging.apache.org/log4j/2.x/manual/configuration.html for instructions on how to configure Log4j 2
Aug 12, 2019 3:44:42 AM com.sun.jersey.server.impl.application.WebApplicationImpl _initiate
INFO: Initiating Jersey application, version 'Jersey: 1.19 02/11/2015 03:25 AM'
Aug 12, 2019 3:44:43 AM com.sun.jersey.server.impl.application.WebApplicationImpl _initiate
INFO: Initiating Jersey application, version 'Jersey: 1.19 02/11/2015 03:25 AM'
Aug 12, 2019 3:44:44 AM com.sun.jersey.server.impl.application.WebApplicationImpl _initiate
INFO: Initiating Jersey application, version 'Jersey: 1.19 02/11/2015 03:25 AM'
Aug 12, 2019 3:44:44 AM com.sun.jersey.server.impl.application.WebApplicationImpl _initiate
INFO: Initiating Jersey application, version 'Jersey: 1.19 02/11/2015 03:25 AM'
Aug 12, 2019 3:44:44 AM com.sun.jersey.server.impl.application.WebApplicationImpl _initiate
INFO: Initiating Jersey application, version 'Jersey: 1.19 02/11/2015 03:25 AM'
Aug 12, 2019 3:44:44 AM com.sun.jersey.server.impl.application.WebApplicationImpl _initiate
INFO: Initiating Jersey application, version 'Jersey: 1.19 02/11/2015 03:25 AM'
]]></system-err>
  </testcase>
</testsuite>