<?xml version="1.0" encoding="UTF-8"?>
<testsuite xmlns:xsi="http://www.w3.org/2001/XMLSchema-instance" xsi:noNamespaceSchemaLocation="https://maven.apache.org/surefire/maven-surefire-plugin/xsd/surefire-test-report.xsd" name="org.apache.hadoop.ozone.freon.TestRandomKeyGenerator" time="137.229" tests="5" errors="1" skipped="0" failures="0">
  <properties>
    <property name="awt.toolkit" value="sun.awt.X11.XToolkit"/>
    <property name="file.encoding.pkg" value="sun.io"/>
    <property name="java.specification.version" value="1.8"/>
    <property name="sun.cpu.isalist" value=""/>
    <property name="sun.jnu.encoding" value="UTF-8"/>
    <property name="java.class.path" value="/workdir/hadoop-ozone/tools/target/test-classes:/workdir/hadoop-ozone/tools/target/classes:/workdir/hadoop-ozone/ozone-manager/target/classes:/workdir/hadoop-hdds/docs/target/classes:/home/user/.m2/repository/org/bouncycastle/bcprov-jdk15on/1.60/bcprov-jdk15on-1.60.jar:/workdir/hadoop-ozone/common/target/classes:/home/user/.m2/repository/org/apache/commons/commons-compress/1.4.1/commons-compress-1.4.1.jar:/home/user/.m2/repository/org/tukaani/xz/1.0/xz-1.0.jar:/home/user/.m2/repository/org/apache/hadoop/hadoop-hdfs-client/3.2.0/hadoop-hdfs-client-3.2.0.jar:/home/user/.m2/repository/com/fasterxml/jackson/core/jackson-annotations/2.9.5/jackson-annotations-2.9.5.jar:/workdir/hadoop-hdds/common/target/classes:/workdir/hadoop-hdds/config/target/classes:/home/user/.m2/repository/javax/annotation/javax.annotation-api/1.2/javax.annotation-api-1.2.jar:/home/user/.m2/repository/org/apache/ratis/ratis-server/0.4.0-2337318-SNAPSHOT/ratis-server-0.4.0-2337318-SNAPSHOT.jar:/home/user/.m2/repository/org/apache/ratis/ratis-thirdparty-misc/0.2.0/ratis-thirdparty-misc-0.2.0.jar:/home/user/.m2/repository/org/apache/ratis/ratis-proto/0.4.0-2337318-SNAPSHOT/ratis-proto-0.4.0-2337318-SNAPSHOT.jar:/home/user/.m2/repository/org/apache/ratis/ratis-common/0.4.0-2337318-SNAPSHOT/ratis-common-0.4.0-2337318-SNAPSHOT.jar:/home/user/.m2/repository/org/apache/ratis/ratis-client/0.4.0-2337318-SNAPSHOT/ratis-client-0.4.0-2337318-SNAPSHOT.jar:/home/user/.m2/repository/org/apache/ratis/ratis-metrics/0.4.0-2337318-SNAPSHOT/ratis-metrics-0.4.0-2337318-SNAPSHOT.jar:/home/user/.m2/repository/org/apache/ratis/ratis-netty/0.4.0-2337318-SNAPSHOT/ratis-netty-0.4.0-2337318-SNAPSHOT.jar:/home/user/.m2/repository/org/apache/ratis/ratis-grpc/0.4.0-2337318-SNAPSHOT/ratis-grpc-0.4.0-2337318-SNAPSHOT.jar:/home/user/.m2/repository/org/rocksdb/rocksdbjni/6.0.1/rocksdbjni-6.0.1.jar:/home/user/.m2/repository/org/apache/logging/log4j/log4j-api/2.11.0/log4j-api-2.11.0.jar:/home/user/.m2/repository/org/apache/logging/log4j/log4j-core/2.11.0/log4j-core-2.11.0.jar:/home/user/.m2/repository/com/lmax/disruptor/3.4.2/disruptor-3.4.2.jar:/home/user/.m2/repository/org/apache/commons/commons-pool2/2.6.0/commons-pool2-2.6.0.jar:/home/user/.m2/repository/org/bouncycastle/bcpkix-jdk15on/1.60/bcpkix-jdk15on-1.60.jar:/home/user/.m2/repository/commons-validator/commons-validator/1.6/commons-validator-1.6.jar:/home/user/.m2/repository/commons-digester/commons-digester/1.8.1/commons-digester-1.8.1.jar:/home/user/.m2/repository/io/jaegertracing/jaeger-client/0.33.1/jaeger-client-0.33.1.jar:/home/user/.m2/repository/io/jaegertracing/jaeger-thrift/0.33.1/jaeger-thrift-0.33.1.jar:/home/user/.m2/repository/org/apache/thrift/libthrift/0.11.0/libthrift-0.11.0.jar:/home/user/.m2/repository/com/squareup/okhttp3/okhttp/3.9.0/okhttp-3.9.0.jar:/home/user/.m2/repository/com/squareup/okio/okio/1.13.0/okio-1.13.0.jar:/home/user/.m2/repository/io/jaegertracing/jaeger-core/0.33.1/jaeger-core-0.33.1.jar:/home/user/.m2/repository/io/jaegertracing/jaeger-tracerresolver/0.33.1/jaeger-tracerresolver-0.33.1.jar:/home/user/.m2/repository/io/opentracing/contrib/opentracing-tracerresolver/0.1.5/opentracing-tracerresolver-0.1.5.jar:/home/user/.m2/repository/io/opentracing/opentracing-util/0.31.0/opentracing-util-0.31.0.jar:/home/user/.m2/repository/io/opentracing/opentracing-api/0.31.0/opentracing-api-0.31.0.jar:/home/user/.m2/repository/io/opentracing/opentracing-noop/0.31.0/opentracing-noop-0.31.0.jar:/home/user/.m2/repository/org/yaml/snakeyaml/1.16/snakeyaml-1.16.jar:/workdir/hadoop-hdds/container-service/target/classes:/workdir/hadoop-hdds/client/target/classes:/workdir/hadoop-hdds/tools/target/classes:/home/user/.m2/repository/org/xerial/sqlite-jdbc/3.25.2/sqlite-jdbc-3.25.2.jar:/workdir/hadoop-hdds/server-scm/target/classes:/home/user/.m2/repository/org/hamcrest/hamcrest-all/1.3/hamcrest-all-1.3.jar:/home/user/.m2/repository/info/picocli/picocli/3.9.6/picocli-3.9.6.jar:/home/user/.m2/repository/com/google/protobuf/protobuf-java/2.5.0/protobuf-java-2.5.0.jar:/home/user/.m2/repository/com/google/guava/guava/11.0.2/guava-11.0.2.jar:/workdir/hadoop-ozone/client/target/classes:/home/user/.m2/repository/org/apache/hadoop/hadoop-ozone-filesystem/0.4.1-SNAPSHOT/hadoop-ozone-filesystem-0.4.1-SNAPSHOT.jar:/workdir/hadoop-hdds/framework/target/classes:/home/user/.m2/repository/org/apache/hadoop/hadoop-common/3.2.0/hadoop-common-3.2.0.jar:/home/user/.m2/repository/org/apache/hadoop/hadoop-annotations/3.2.0/hadoop-annotations-3.2.0.jar:/usr/lib/jvm/java-1.8-openjdk/jre/../lib/tools.jar:/home/user/.m2/repository/commons-cli/commons-cli/1.2/commons-cli-1.2.jar:/home/user/.m2/repository/org/apache/commons/commons-math3/3.1.1/commons-math3-3.1.1.jar:/home/user/.m2/repository/org/apache/httpcomponents/httpclient/4.5.2/httpclient-4.5.2.jar:/home/user/.m2/repository/org/apache/httpcomponents/httpcore/4.4.4/httpcore-4.4.4.jar:/home/user/.m2/repository/commons-codec/commons-codec/1.11/commons-codec-1.11.jar:/home/user/.m2/repository/commons-io/commons-io/2.5/commons-io-2.5.jar:/home/user/.m2/repository/commons-net/commons-net/3.6/commons-net-3.6.jar:/home/user/.m2/repository/commons-collections/commons-collections/3.2.2/commons-collections-3.2.2.jar:/home/user/.m2/repository/javax/servlet/javax.servlet-api/3.1.0/javax.servlet-api-3.1.0.jar:/home/user/.m2/repository/org/eclipse/jetty/jetty-server/9.3.24.v20180605/jetty-server-9.3.24.v20180605.jar:/home/user/.m2/repository/org/eclipse/jetty/jetty-http/9.3.24.v20180605/jetty-http-9.3.24.v20180605.jar:/home/user/.m2/repository/org/eclipse/jetty/jetty-io/9.3.24.v20180605/jetty-io-9.3.24.v20180605.jar:/home/user/.m2/repository/org/eclipse/jetty/jetty-util/9.3.24.v20180605/jetty-util-9.3.24.v20180605.jar:/home/user/.m2/repository/org/eclipse/jetty/jetty-servlet/9.3.24.v20180605/jetty-servlet-9.3.24.v20180605.jar:/home/user/.m2/repository/org/eclipse/jetty/jetty-security/9.3.24.v20180605/jetty-security-9.3.24.v20180605.jar:/home/user/.m2/repository/org/eclipse/jetty/jetty-webapp/9.3.24.v20180605/jetty-webapp-9.3.24.v20180605.jar:/home/user/.m2/repository/org/eclipse/jetty/jetty-xml/9.3.24.v20180605/jetty-xml-9.3.24.v20180605.jar:/home/user/.m2/repository/javax/servlet/jsp/jsp-api/2.1/jsp-api-2.1.jar:/home/user/.m2/repository/com/sun/jersey/jersey-core/1.19/jersey-core-1.19.jar:/home/user/.m2/repository/javax/ws/rs/jsr311-api/1.1.1/jsr311-api-1.1.1.jar:/home/user/.m2/repository/com/sun/jersey/jersey-servlet/1.19/jersey-servlet-1.19.jar:/home/user/.m2/repository/com/sun/jersey/jersey-json/1.19/jersey-json-1.19.jar:/home/user/.m2/repository/org/codehaus/jettison/jettison/1.1/jettison-1.1.jar:/home/user/.m2/repository/com/sun/xml/bind/jaxb-impl/2.3.0.1/jaxb-impl-2.3.0.1.jar:/home/user/.m2/repository/org/codehaus/jackson/jackson-core-asl/1.9.13/jackson-core-asl-1.9.13.jar:/home/user/.m2/repository/org/codehaus/jackson/jackson-mapper-asl/1.9.13/jackson-mapper-asl-1.9.13.jar:/home/user/.m2/repository/org/codehaus/jackson/jackson-jaxrs/1.9.13/jackson-jaxrs-1.9.13.jar:/home/user/.m2/repository/org/codehaus/jackson/jackson-xc/1.9.13/jackson-xc-1.9.13.jar:/home/user/.m2/repository/com/sun/jersey/jersey-server/1.19/jersey-server-1.19.jar:/home/user/.m2/repository/commons-logging/commons-logging/1.1.3/commons-logging-1.1.3.jar:/home/user/.m2/repository/log4j/log4j/1.2.17/log4j-1.2.17.jar:/home/user/.m2/repository/commons-beanutils/commons-beanutils/1.9.3/commons-beanutils-1.9.3.jar:/home/user/.m2/repository/org/apache/commons/commons-configuration2/2.1.1/commons-configuration2-2.1.1.jar:/home/user/.m2/repository/org/apache/commons/commons-lang3/3.7/commons-lang3-3.7.jar:/home/user/.m2/repository/org/apache/commons/commons-text/1.4/commons-text-1.4.jar:/home/user/.m2/repository/org/slf4j/slf4j-api/1.7.25/slf4j-api-1.7.25.jar:/home/user/.m2/repository/org/slf4j/slf4j-log4j12/1.7.25/slf4j-log4j12-1.7.25.jar:/home/user/.m2/repository/org/apache/avro/avro/1.7.7/avro-1.7.7.jar:/home/user/.m2/repository/com/thoughtworks/paranamer/paranamer/2.3/paranamer-2.3.jar:/home/user/.m2/repository/org/xerial/snappy/snappy-java/1.0.5/snappy-java-1.0.5.jar:/home/user/.m2/repository/com/google/re2j/re2j/1.1/re2j-1.1.jar:/home/user/.m2/repository/com/google/code/gson/gson/2.2.4/gson-2.2.4.jar:/home/user/.m2/repository/org/apache/hadoop/hadoop-auth/3.2.0/hadoop-auth-3.2.0.jar:/home/user/.m2/repository/com/nimbusds/nimbus-jose-jwt/4.41.1/nimbus-jose-jwt-4.41.1.jar:/home/user/.m2/repository/com/github/stephenc/jcip/jcip-annotations/1.0-1/jcip-annotations-1.0-1.jar:/home/user/.m2/repository/net/minidev/json-smart/2.3/json-smart-2.3.jar:/home/user/.m2/repository/net/minidev/accessors-smart/1.2/accessors-smart-1.2.jar:/home/user/.m2/repository/org/apache/curator/curator-framework/2.12.0/curator-framework-2.12.0.jar:/home/user/.m2/repository/com/jcraft/jsch/0.1.54/jsch-0.1.54.jar:/home/user/.m2/repository/org/apache/curator/curator-client/2.12.0/curator-client-2.12.0.jar:/home/user/.m2/repository/org/apache/curator/curator-recipes/2.12.0/curator-recipes-2.12.0.jar:/home/user/.m2/repository/com/google/code/findbugs/jsr305/3.0.0/jsr305-3.0.0.jar:/home/user/.m2/repository/org/apache/htrace/htrace-core4/4.1.0-incubating/htrace-core4-4.1.0-incubating.jar:/home/user/.m2/repository/org/apache/zookeeper/zookeeper/3.4.13/zookeeper-3.4.13.jar:/home/user/.m2/repository/org/apache/yetus/audience-annotations/0.5.0/audience-annotations-0.5.0.jar:/home/user/.m2/repository/org/apache/kerby/kerb-simplekdc/1.0.1/kerb-simplekdc-1.0.1.jar:/home/user/.m2/repository/org/apache/kerby/kerb-client/1.0.1/kerb-client-1.0.1.jar:/home/user/.m2/repository/org/apache/kerby/kerby-config/1.0.1/kerby-config-1.0.1.jar:/home/user/.m2/repository/org/apache/kerby/kerb-core/1.0.1/kerb-core-1.0.1.jar:/home/user/.m2/repository/org/apache/kerby/kerby-pkix/1.0.1/kerby-pkix-1.0.1.jar:/home/user/.m2/repository/org/apache/kerby/kerby-asn1/1.0.1/kerby-asn1-1.0.1.jar:/home/user/.m2/repository/org/apache/kerby/kerby-util/1.0.1/kerby-util-1.0.1.jar:/home/user/.m2/repository/org/apache/kerby/kerb-common/1.0.1/kerb-common-1.0.1.jar:/home/user/.m2/repository/org/apache/kerby/kerb-crypto/1.0.1/kerb-crypto-1.0.1.jar:/home/user/.m2/repository/org/apache/kerby/kerb-util/1.0.1/kerb-util-1.0.1.jar:/home/user/.m2/repository/org/apache/kerby/token-provider/1.0.1/token-provider-1.0.1.jar:/home/user/.m2/repository/org/apache/kerby/kerb-admin/1.0.1/kerb-admin-1.0.1.jar:/home/user/.m2/repository/org/apache/kerby/kerb-server/1.0.1/kerb-server-1.0.1.jar:/home/user/.m2/repository/org/apache/kerby/kerb-identity/1.0.1/kerb-identity-1.0.1.jar:/home/user/.m2/repository/org/apache/kerby/kerby-xdr/1.0.1/kerby-xdr-1.0.1.jar:/home/user/.m2/repository/com/fasterxml/jackson/core/jackson-databind/2.9.5/jackson-databind-2.9.5.jar:/home/user/.m2/repository/com/fasterxml/jackson/core/jackson-core/2.9.5/jackson-core-2.9.5.jar:/home/user/.m2/repository/org/codehaus/woodstox/stax2-api/3.1.4/stax2-api-3.1.4.jar:/home/user/.m2/repository/com/fasterxml/woodstox/woodstox-core/5.0.3/woodstox-core-5.0.3.jar:/home/user/.m2/repository/dnsjava/dnsjava/2.1.7/dnsjava-2.1.7.jar:/home/user/.m2/repository/org/apache/hadoop/hadoop-hdfs/3.2.0/hadoop-hdfs-3.2.0.jar:/home/user/.m2/repository/org/eclipse/jetty/jetty-util-ajax/9.3.24.v20180605/jetty-util-ajax-9.3.24.v20180605.jar:/home/user/.m2/repository/commons-daemon/commons-daemon/1.0.13/commons-daemon-1.0.13.jar:/home/user/.m2/repository/io/netty/netty/3.10.5.Final/netty-3.10.5.Final.jar:/home/user/.m2/repository/io/netty/netty-all/4.0.52.Final/netty-all-4.0.52.Final.jar:/home/user/.m2/repository/org/fusesource/leveldbjni/leveldbjni-all/1.8/leveldbjni-all-1.8.jar:/home/user/.m2/repository/com/sun/xml/bind/jaxb-core/2.3.0.1/jaxb-core-2.3.0.1.jar:/home/user/.m2/repository/javax/xml/bind/jaxb-api/2.3.0/jaxb-api-2.3.0.jar:/home/user/.m2/repository/javax/activation/activation/1.1.1/activation-1.1.1.jar:/home/user/.m2/repository/io/dropwizard/metrics/metrics-core/3.2.4/metrics-core-3.2.4.jar:/home/user/.m2/repository/org/openjdk/jmh/jmh-core/1.19/jmh-core-1.19.jar:/home/user/.m2/repository/net/sf/jopt-simple/jopt-simple/4.6/jopt-simple-4.6.jar:/home/user/.m2/repository/org/openjdk/jmh/jmh-generator-annprocess/1.19/jmh-generator-annprocess-1.19.jar:/home/user/.m2/repository/com/google/code/findbugs/findbugs/3.0.1/findbugs-3.0.1.jar:/home/user/.m2/repository/net/jcip/jcip-annotations/1.0/jcip-annotations-1.0.jar:/home/user/.m2/repository/com/google/code/findbugs/bcel-findbugs/6.0/bcel-findbugs-6.0.jar:/home/user/.m2/repository/com/google/code/findbugs/jFormatString/2.0.1/jFormatString-2.0.1.jar:/home/user/.m2/repository/dom4j/dom4j/1.6.1/dom4j-1.6.1.jar:/home/user/.m2/repository/xml-apis/xml-apis/1.0.b2/xml-apis-1.0.b2.jar:/home/user/.m2/repository/org/ow2/asm/asm-debug-all/5.0.2/asm-debug-all-5.0.2.jar:/home/user/.m2/repository/org/ow2/asm/asm-commons/5.0.2/asm-commons-5.0.2.jar:/home/user/.m2/repository/org/ow2/asm/asm-tree/5.0.2/asm-tree-5.0.2.jar:/home/user/.m2/repository/org/ow2/asm/asm/5.0.4/asm-5.0.4.jar:/home/user/.m2/repository/commons-lang/commons-lang/2.6/commons-lang-2.6.jar:/home/user/.m2/repository/com/apple/AppleJavaExtensions/1.4/AppleJavaExtensions-1.4.jar:/home/user/.m2/repository/jaxen/jaxen/1.1.6/jaxen-1.1.6.jar:/home/user/.m2/repository/junit/junit/4.11/junit-4.11.jar:/home/user/.m2/repository/org/hamcrest/hamcrest-core/1.3/hamcrest-core-1.3.jar:/home/user/.m2/repository/org/apache/hadoop/hadoop-common/3.2.0/hadoop-common-3.2.0-tests.jar:/home/user/.m2/repository/org/apache/hadoop/hadoop-ozone-integration-test/0.4.1-SNAPSHOT/hadoop-ozone-integration-test-0.4.1-SNAPSHOT-tests.jar:/workdir/hadoop-ozone/objectstore-service/target/classes:/workdir/hadoop-ozone/s3gateway/target/classes:/home/user/.m2/repository/org/jboss/weld/servlet/weld-servlet/2.4.7.Final/weld-servlet-2.4.7.Final.jar:/home/user/.m2/repository/org/glassfish/jersey/containers/jersey-container-servlet-core/2.27/jersey-container-servlet-core-2.27.jar:/home/user/.m2/repository/org/glassfish/hk2/external/javax.inject/2.5.0-b42/javax.inject-2.5.0-b42.jar:/home/user/.m2/repository/org/glassfish/jersey/core/jersey-common/2.27/jersey-common-2.27.jar:/home/user/.m2/repository/org/glassfish/hk2/osgi-resource-locator/1.0.1/osgi-resource-locator-1.0.1.jar:/home/user/.m2/repository/javax/ws/rs/javax.ws.rs-api/2.1/javax.ws.rs-api-2.1.jar:/home/user/.m2/repository/org/glassfish/jersey/ext/cdi/jersey-cdi1x/2.27/jersey-cdi1x-2.27.jar:/home/user/.m2/repository/org/glassfish/jersey/inject/jersey-hk2/2.27/jersey-hk2-2.27.jar:/home/user/.m2/repository/org/glassfish/hk2/hk2-locator/2.5.0-b42/hk2-locator-2.5.0-b42.jar:/home/user/.m2/repository/org/javassist/javassist/3.22.0-CR2/javassist-3.22.0-CR2.jar:/home/user/.m2/repository/org/glassfish/hk2/hk2-api/2.5.0/hk2-api-2.5.0.jar:/home/user/.m2/repository/org/glassfish/hk2/external/jakarta.inject/2.5.0/jakarta.inject-2.5.0.jar:/home/user/.m2/repository/org/glassfish/hk2/hk2-utils/2.5.0/hk2-utils-2.5.0.jar:/home/user/.m2/repository/jakarta/annotation/jakarta.annotation-api/1.3.4/jakarta.annotation-api-1.3.4.jar:/home/user/.m2/repository/org/glassfish/hk2/external/aopalliance-repackaged/2.5.0/aopalliance-repackaged-2.5.0.jar:/home/user/.m2/repository/com/fasterxml/jackson/dataformat/jackson-dataformat-xml/2.9.0/jackson-dataformat-xml-2.9.0.jar:/home/user/.m2/repository/com/fasterxml/jackson/module/jackson-module-jaxb-annotations/2.9.5/jackson-module-jaxb-annotations-2.9.5.jar:/home/user/.m2/repository/javax/enterprise/cdi-api/1.2/cdi-api-1.2.jar:/home/user/.m2/repository/javax/el/javax.el-api/3.0.0/javax.el-api-3.0.0.jar:/home/user/.m2/repository/javax/interceptor/javax.interceptor-api/1.2/javax.interceptor-api-1.2.jar:/home/user/.m2/repository/javax/inject/javax.inject/1/javax.inject-1.jar:/workdir/hadoop-ozone/csi/target/classes:/home/user/.m2/repository/com/google/protobuf/protobuf-java-util/3.5.1/protobuf-java-util-3.5.1.jar:/home/user/.m2/repository/io/grpc/grpc-netty/1.17.1/grpc-netty-1.17.1.jar:/home/user/.m2/repository/io/grpc/grpc-core/1.17.1/grpc-core-1.17.1.jar:/home/user/.m2/repository/io/grpc/grpc-context/1.17.1/grpc-context-1.17.1.jar:/home/user/.m2/repository/com/google/errorprone/error_prone_annotations/2.2.0/error_prone_annotations-2.2.0.jar:/home/user/.m2/repository/org/codehaus/mojo/animal-sniffer-annotations/1.17/animal-sniffer-annotations-1.17.jar:/home/user/.m2/repository/io/opencensus/opencensus-api/0.17.0/opencensus-api-0.17.0.jar:/home/user/.m2/repository/io/opencensus/opencensus-contrib-grpc-metrics/0.17.0/opencensus-contrib-grpc-metrics-0.17.0.jar:/home/user/.m2/repository/io/netty/netty-codec-http2/4.1.30.Final/netty-codec-http2-4.1.30.Final.jar:/home/user/.m2/repository/io/netty/netty-codec-http/4.1.30.Final/netty-codec-http-4.1.30.Final.jar:/home/user/.m2/repository/io/netty/netty-codec/4.1.30.Final/netty-codec-4.1.30.Final.jar:/home/user/.m2/repository/io/netty/netty-handler/4.1.30.Final/netty-handler-4.1.30.Final.jar:/home/user/.m2/repository/io/netty/netty-handler-proxy/4.1.30.Final/netty-handler-proxy-4.1.30.Final.jar:/home/user/.m2/repository/io/netty/netty-codec-socks/4.1.30.Final/netty-codec-socks-4.1.30.Final.jar:/home/user/.m2/repository/io/netty/netty-transport-native-epoll/4.1.30.Final/netty-transport-native-epoll-4.1.30.Final.jar:/home/user/.m2/repository/io/netty/netty-common/4.1.30.Final/netty-common-4.1.30.Final.jar:/home/user/.m2/repository/io/netty/netty-buffer/4.1.30.Final/netty-buffer-4.1.30.Final.jar:/home/user/.m2/repository/io/netty/netty-transport/4.1.30.Final/netty-transport-4.1.30.Final.jar:/home/user/.m2/repository/io/netty/netty-resolver/4.1.30.Final/netty-resolver-4.1.30.Final.jar:/home/user/.m2/repository/io/netty/netty-transport-native-unix-common/4.1.30.Final/netty-transport-native-unix-common-4.1.30.Final.jar:/home/user/.m2/repository/io/grpc/grpc-protobuf/1.17.1/grpc-protobuf-1.17.1.jar:/home/user/.m2/repository/com/google/api/grpc/proto-google-common-protos/1.0.0/proto-google-common-protos-1.0.0.jar:/home/user/.m2/repository/io/grpc/grpc-protobuf-lite/1.17.1/grpc-protobuf-lite-1.17.1.jar:/home/user/.m2/repository/io/grpc/grpc-stub/1.17.1/grpc-stub-1.17.1.jar:/workdir/hadoop-ozone/ozone-recon/target/classes:/workdir/hadoop-ozone/ozone-recon-codegen/target/classes:/home/user/.m2/repository/com/google/inject/extensions/guice-multibindings/4.0/guice-multibindings-4.0.jar:/home/user/.m2/repository/com/google/inject/guice/4.0/guice-4.0.jar:/home/user/.m2/repository/aopalliance/aopalliance/1.0/aopalliance-1.0.jar:/home/user/.m2/repository/com/google/inject/extensions/guice-servlet/4.0/guice-servlet-4.0.jar:/home/user/.m2/repository/org/glassfish/jersey/containers/jersey-container-servlet/2.27/jersey-container-servlet-2.27.jar:/home/user/.m2/repository/org/glassfish/hk2/guice-bridge/2.5.0/guice-bridge-2.5.0.jar:/home/user/.m2/repository/org/glassfish/jersey/core/jersey-server/2.27/jersey-server-2.27.jar:/home/user/.m2/repository/org/glassfish/jersey/core/jersey-client/2.27/jersey-client-2.27.jar:/home/user/.m2/repository/org/glassfish/jersey/media/jersey-media-jaxb/2.27/jersey-media-jaxb-2.27.jar:/home/user/.m2/repository/javax/validation/validation-api/1.1.0.Final/validation-api-1.1.0.Final.jar:/home/user/.m2/repository/org/glassfish/jersey/media/jersey-media-json-jackson/2.27/jersey-media-json-jackson-2.27.jar:/home/user/.m2/repository/org/glassfish/jersey/ext/jersey-entity-filtering/2.27/jersey-entity-filtering-2.27.jar:/home/user/.m2/repository/com/google/inject/extensions/guice-assistedinject/4.0/guice-assistedinject-4.0.jar:/home/user/.m2/repository/org/jooq/jooq/3.11.10/jooq-3.11.10.jar:/home/user/.m2/repository/org/jooq/jooq-meta/3.11.10/jooq-meta-3.11.10.jar:/home/user/.m2/repository/org/jooq/jooq-codegen/3.11.10/jooq-codegen-3.11.10.jar:/home/user/.m2/repository/com/jolbox/bonecp/0.8.0.RELEASE/bonecp-0.8.0.RELEASE.jar:/home/user/.m2/repository/org/springframework/spring-jdbc/5.1.3.RELEASE/spring-jdbc-5.1.3.RELEASE.jar:/home/user/.m2/repository/org/springframework/spring-beans/5.1.3.RELEASE/spring-beans-5.1.3.RELEASE.jar:/home/user/.m2/repository/org/springframework/spring-core/5.1.3.RELEASE/spring-core-5.1.3.RELEASE.jar:/home/user/.m2/repository/org/springframework/spring-jcl/5.1.3.RELEASE/spring-jcl-5.1.3.RELEASE.jar:/home/user/.m2/repository/org/springframework/spring-tx/5.1.3.RELEASE/spring-tx-5.1.3.RELEASE.jar:/home/user/.m2/repository/org/mockito/mockito-core/2.15.0/mockito-core-2.15.0.jar:/home/user/.m2/repository/net/bytebuddy/byte-buddy/1.7.9/byte-buddy-1.7.9.jar:/home/user/.m2/repository/net/bytebuddy/byte-buddy-agent/1.7.9/byte-buddy-agent-1.7.9.jar:/home/user/.m2/repository/org/objenesis/objenesis/1.0/objenesis-1.0.jar:"/>
    <property name="java.vm.vendor" value="IcedTea"/>
    <property name="sun.arch.data.model" value="64"/>
    <property name="test.build.dir" value="/workdir/hadoop-ozone/tools/target/test-dir"/>
    <property name="test.cache.data" value=""/>
    <property name="java.vendor.url" value="https://icedtea.classpath.org"/>
    <property name="user.timezone" value=""/>
    <property name="java.vm.specification.version" value="1.8"/>
    <property name="os.name" value="Linux"/>
    <property name="test.build.data" value="/workdir/hadoop-ozone/tools/target/test-dir"/>
    <property name="user.country" value="US"/>
    <property name="sun.java.launcher" value="SUN_STANDARD"/>
    <property name="sun.boot.library.path" value="/usr/lib/jvm/java-1.8-openjdk/jre/lib/amd64"/>
    <property name="sun.java.command" value="/workdir/hadoop-ozone/tools/target/surefire/surefirebooter1111194770112716709.jar /workdir/hadoop-ozone/tools/target/surefire 2019-08-06T03-12-33_359-jvmRun1 surefire6450506725211720315tmp surefire_1135184230001783454581tmp"/>
    <property name="surefire.test.class.path" value="/workdir/hadoop-ozone/tools/target/test-classes:/workdir/hadoop-ozone/tools/target/classes:/workdir/hadoop-ozone/ozone-manager/target/classes:/workdir/hadoop-hdds/docs/target/classes:/home/user/.m2/repository/org/bouncycastle/bcprov-jdk15on/1.60/bcprov-jdk15on-1.60.jar:/workdir/hadoop-ozone/common/target/classes:/home/user/.m2/repository/org/apache/commons/commons-compress/1.4.1/commons-compress-1.4.1.jar:/home/user/.m2/repository/org/tukaani/xz/1.0/xz-1.0.jar:/home/user/.m2/repository/org/apache/hadoop/hadoop-hdfs-client/3.2.0/hadoop-hdfs-client-3.2.0.jar:/home/user/.m2/repository/com/fasterxml/jackson/core/jackson-annotations/2.9.5/jackson-annotations-2.9.5.jar:/workdir/hadoop-hdds/common/target/classes:/workdir/hadoop-hdds/config/target/classes:/home/user/.m2/repository/javax/annotation/javax.annotation-api/1.2/javax.annotation-api-1.2.jar:/home/user/.m2/repository/org/apache/ratis/ratis-server/0.4.0-2337318-SNAPSHOT/ratis-server-0.4.0-2337318-SNAPSHOT.jar:/home/user/.m2/repository/org/apache/ratis/ratis-thirdparty-misc/0.2.0/ratis-thirdparty-misc-0.2.0.jar:/home/user/.m2/repository/org/apache/ratis/ratis-proto/0.4.0-2337318-SNAPSHOT/ratis-proto-0.4.0-2337318-SNAPSHOT.jar:/home/user/.m2/repository/org/apache/ratis/ratis-common/0.4.0-2337318-SNAPSHOT/ratis-common-0.4.0-2337318-SNAPSHOT.jar:/home/user/.m2/repository/org/apache/ratis/ratis-client/0.4.0-2337318-SNAPSHOT/ratis-client-0.4.0-2337318-SNAPSHOT.jar:/home/user/.m2/repository/org/apache/ratis/ratis-metrics/0.4.0-2337318-SNAPSHOT/ratis-metrics-0.4.0-2337318-SNAPSHOT.jar:/home/user/.m2/repository/org/apache/ratis/ratis-netty/0.4.0-2337318-SNAPSHOT/ratis-netty-0.4.0-2337318-SNAPSHOT.jar:/home/user/.m2/repository/org/apache/ratis/ratis-grpc/0.4.0-2337318-SNAPSHOT/ratis-grpc-0.4.0-2337318-SNAPSHOT.jar:/home/user/.m2/repository/org/rocksdb/rocksdbjni/6.0.1/rocksdbjni-6.0.1.jar:/home/user/.m2/repository/org/apache/logging/log4j/log4j-api/2.11.0/log4j-api-2.11.0.jar:/home/user/.m2/repository/org/apache/logging/log4j/log4j-core/2.11.0/log4j-core-2.11.0.jar:/home/user/.m2/repository/com/lmax/disruptor/3.4.2/disruptor-3.4.2.jar:/home/user/.m2/repository/org/apache/commons/commons-pool2/2.6.0/commons-pool2-2.6.0.jar:/home/user/.m2/repository/org/bouncycastle/bcpkix-jdk15on/1.60/bcpkix-jdk15on-1.60.jar:/home/user/.m2/repository/commons-validator/commons-validator/1.6/commons-validator-1.6.jar:/home/user/.m2/repository/commons-digester/commons-digester/1.8.1/commons-digester-1.8.1.jar:/home/user/.m2/repository/io/jaegertracing/jaeger-client/0.33.1/jaeger-client-0.33.1.jar:/home/user/.m2/repository/io/jaegertracing/jaeger-thrift/0.33.1/jaeger-thrift-0.33.1.jar:/home/user/.m2/repository/org/apache/thrift/libthrift/0.11.0/libthrift-0.11.0.jar:/home/user/.m2/repository/com/squareup/okhttp3/okhttp/3.9.0/okhttp-3.9.0.jar:/home/user/.m2/repository/com/squareup/okio/okio/1.13.0/okio-1.13.0.jar:/home/user/.m2/repository/io/jaegertracing/jaeger-core/0.33.1/jaeger-core-0.33.1.jar:/home/user/.m2/repository/io/jaegertracing/jaeger-tracerresolver/0.33.1/jaeger-tracerresolver-0.33.1.jar:/home/user/.m2/repository/io/opentracing/contrib/opentracing-tracerresolver/0.1.5/opentracing-tracerresolver-0.1.5.jar:/home/user/.m2/repository/io/opentracing/opentracing-util/0.31.0/opentracing-util-0.31.0.jar:/home/user/.m2/repository/io/opentracing/opentracing-api/0.31.0/opentracing-api-0.31.0.jar:/home/user/.m2/repository/io/opentracing/opentracing-noop/0.31.0/opentracing-noop-0.31.0.jar:/home/user/.m2/repository/org/yaml/snakeyaml/1.16/snakeyaml-1.16.jar:/workdir/hadoop-hdds/container-service/target/classes:/workdir/hadoop-hdds/client/target/classes:/workdir/hadoop-hdds/tools/target/classes:/home/user/.m2/repository/org/xerial/sqlite-jdbc/3.25.2/sqlite-jdbc-3.25.2.jar:/workdir/hadoop-hdds/server-scm/target/classes:/home/user/.m2/repository/org/hamcrest/hamcrest-all/1.3/hamcrest-all-1.3.jar:/home/user/.m2/repository/info/picocli/picocli/3.9.6/picocli-3.9.6.jar:/home/user/.m2/repository/com/google/protobuf/protobuf-java/2.5.0/protobuf-java-2.5.0.jar:/home/user/.m2/repository/com/google/guava/guava/11.0.2/guava-11.0.2.jar:/workdir/hadoop-ozone/client/target/classes:/home/user/.m2/repository/org/apache/hadoop/hadoop-ozone-filesystem/0.4.1-SNAPSHOT/hadoop-ozone-filesystem-0.4.1-SNAPSHOT.jar:/workdir/hadoop-hdds/framework/target/classes:/home/user/.m2/repository/org/apache/hadoop/hadoop-common/3.2.0/hadoop-common-3.2.0.jar:/home/user/.m2/repository/org/apache/hadoop/hadoop-annotations/3.2.0/hadoop-annotations-3.2.0.jar:/usr/lib/jvm/java-1.8-openjdk/jre/../lib/tools.jar:/home/user/.m2/repository/commons-cli/commons-cli/1.2/commons-cli-1.2.jar:/home/user/.m2/repository/org/apache/commons/commons-math3/3.1.1/commons-math3-3.1.1.jar:/home/user/.m2/repository/org/apache/httpcomponents/httpclient/4.5.2/httpclient-4.5.2.jar:/home/user/.m2/repository/org/apache/httpcomponents/httpcore/4.4.4/httpcore-4.4.4.jar:/home/user/.m2/repository/commons-codec/commons-codec/1.11/commons-codec-1.11.jar:/home/user/.m2/repository/commons-io/commons-io/2.5/commons-io-2.5.jar:/home/user/.m2/repository/commons-net/commons-net/3.6/commons-net-3.6.jar:/home/user/.m2/repository/commons-collections/commons-collections/3.2.2/commons-collections-3.2.2.jar:/home/user/.m2/repository/javax/servlet/javax.servlet-api/3.1.0/javax.servlet-api-3.1.0.jar:/home/user/.m2/repository/org/eclipse/jetty/jetty-server/9.3.24.v20180605/jetty-server-9.3.24.v20180605.jar:/home/user/.m2/repository/org/eclipse/jetty/jetty-http/9.3.24.v20180605/jetty-http-9.3.24.v20180605.jar:/home/user/.m2/repository/org/eclipse/jetty/jetty-io/9.3.24.v20180605/jetty-io-9.3.24.v20180605.jar:/home/user/.m2/repository/org/eclipse/jetty/jetty-util/9.3.24.v20180605/jetty-util-9.3.24.v20180605.jar:/home/user/.m2/repository/org/eclipse/jetty/jetty-servlet/9.3.24.v20180605/jetty-servlet-9.3.24.v20180605.jar:/home/user/.m2/repository/org/eclipse/jetty/jetty-security/9.3.24.v20180605/jetty-security-9.3.24.v20180605.jar:/home/user/.m2/repository/org/eclipse/jetty/jetty-webapp/9.3.24.v20180605/jetty-webapp-9.3.24.v20180605.jar:/home/user/.m2/repository/org/eclipse/jetty/jetty-xml/9.3.24.v20180605/jetty-xml-9.3.24.v20180605.jar:/home/user/.m2/repository/javax/servlet/jsp/jsp-api/2.1/jsp-api-2.1.jar:/home/user/.m2/repository/com/sun/jersey/jersey-core/1.19/jersey-core-1.19.jar:/home/user/.m2/repository/javax/ws/rs/jsr311-api/1.1.1/jsr311-api-1.1.1.jar:/home/user/.m2/repository/com/sun/jersey/jersey-servlet/1.19/jersey-servlet-1.19.jar:/home/user/.m2/repository/com/sun/jersey/jersey-json/1.19/jersey-json-1.19.jar:/home/user/.m2/repository/org/codehaus/jettison/jettison/1.1/jettison-1.1.jar:/home/user/.m2/repository/com/sun/xml/bind/jaxb-impl/2.3.0.1/jaxb-impl-2.3.0.1.jar:/home/user/.m2/repository/org/codehaus/jackson/jackson-core-asl/1.9.13/jackson-core-asl-1.9.13.jar:/home/user/.m2/repository/org/codehaus/jackson/jackson-mapper-asl/1.9.13/jackson-mapper-asl-1.9.13.jar:/home/user/.m2/repository/org/codehaus/jackson/jackson-jaxrs/1.9.13/jackson-jaxrs-1.9.13.jar:/home/user/.m2/repository/org/codehaus/jackson/jackson-xc/1.9.13/jackson-xc-1.9.13.jar:/home/user/.m2/repository/com/sun/jersey/jersey-server/1.19/jersey-server-1.19.jar:/home/user/.m2/repository/commons-logging/commons-logging/1.1.3/commons-logging-1.1.3.jar:/home/user/.m2/repository/log4j/log4j/1.2.17/log4j-1.2.17.jar:/home/user/.m2/repository/commons-beanutils/commons-beanutils/1.9.3/commons-beanutils-1.9.3.jar:/home/user/.m2/repository/org/apache/commons/commons-configuration2/2.1.1/commons-configuration2-2.1.1.jar:/home/user/.m2/repository/org/apache/commons/commons-lang3/3.7/commons-lang3-3.7.jar:/home/user/.m2/repository/org/apache/commons/commons-text/1.4/commons-text-1.4.jar:/home/user/.m2/repository/org/slf4j/slf4j-api/1.7.25/slf4j-api-1.7.25.jar:/home/user/.m2/repository/org/slf4j/slf4j-log4j12/1.7.25/slf4j-log4j12-1.7.25.jar:/home/user/.m2/repository/org/apache/avro/avro/1.7.7/avro-1.7.7.jar:/home/user/.m2/repository/com/thoughtworks/paranamer/paranamer/2.3/paranamer-2.3.jar:/home/user/.m2/repository/org/xerial/snappy/snappy-java/1.0.5/snappy-java-1.0.5.jar:/home/user/.m2/repository/com/google/re2j/re2j/1.1/re2j-1.1.jar:/home/user/.m2/repository/com/google/code/gson/gson/2.2.4/gson-2.2.4.jar:/home/user/.m2/repository/org/apache/hadoop/hadoop-auth/3.2.0/hadoop-auth-3.2.0.jar:/home/user/.m2/repository/com/nimbusds/nimbus-jose-jwt/4.41.1/nimbus-jose-jwt-4.41.1.jar:/home/user/.m2/repository/com/github/stephenc/jcip/jcip-annotations/1.0-1/jcip-annotations-1.0-1.jar:/home/user/.m2/repository/net/minidev/json-smart/2.3/json-smart-2.3.jar:/home/user/.m2/repository/net/minidev/accessors-smart/1.2/accessors-smart-1.2.jar:/home/user/.m2/repository/org/apache/curator/curator-framework/2.12.0/curator-framework-2.12.0.jar:/home/user/.m2/repository/com/jcraft/jsch/0.1.54/jsch-0.1.54.jar:/home/user/.m2/repository/org/apache/curator/curator-client/2.12.0/curator-client-2.12.0.jar:/home/user/.m2/repository/org/apache/curator/curator-recipes/2.12.0/curator-recipes-2.12.0.jar:/home/user/.m2/repository/com/google/code/findbugs/jsr305/3.0.0/jsr305-3.0.0.jar:/home/user/.m2/repository/org/apache/htrace/htrace-core4/4.1.0-incubating/htrace-core4-4.1.0-incubating.jar:/home/user/.m2/repository/org/apache/zookeeper/zookeeper/3.4.13/zookeeper-3.4.13.jar:/home/user/.m2/repository/org/apache/yetus/audience-annotations/0.5.0/audience-annotations-0.5.0.jar:/home/user/.m2/repository/org/apache/kerby/kerb-simplekdc/1.0.1/kerb-simplekdc-1.0.1.jar:/home/user/.m2/repository/org/apache/kerby/kerb-client/1.0.1/kerb-client-1.0.1.jar:/home/user/.m2/repository/org/apache/kerby/kerby-config/1.0.1/kerby-config-1.0.1.jar:/home/user/.m2/repository/org/apache/kerby/kerb-core/1.0.1/kerb-core-1.0.1.jar:/home/user/.m2/repository/org/apache/kerby/kerby-pkix/1.0.1/kerby-pkix-1.0.1.jar:/home/user/.m2/repository/org/apache/kerby/kerby-asn1/1.0.1/kerby-asn1-1.0.1.jar:/home/user/.m2/repository/org/apache/kerby/kerby-util/1.0.1/kerby-util-1.0.1.jar:/home/user/.m2/repository/org/apache/kerby/kerb-common/1.0.1/kerb-common-1.0.1.jar:/home/user/.m2/repository/org/apache/kerby/kerb-crypto/1.0.1/kerb-crypto-1.0.1.jar:/home/user/.m2/repository/org/apache/kerby/kerb-util/1.0.1/kerb-util-1.0.1.jar:/home/user/.m2/repository/org/apache/kerby/token-provider/1.0.1/token-provider-1.0.1.jar:/home/user/.m2/repository/org/apache/kerby/kerb-admin/1.0.1/kerb-admin-1.0.1.jar:/home/user/.m2/repository/org/apache/kerby/kerb-server/1.0.1/kerb-server-1.0.1.jar:/home/user/.m2/repository/org/apache/kerby/kerb-identity/1.0.1/kerb-identity-1.0.1.jar:/home/user/.m2/repository/org/apache/kerby/kerby-xdr/1.0.1/kerby-xdr-1.0.1.jar:/home/user/.m2/repository/com/fasterxml/jackson/core/jackson-databind/2.9.5/jackson-databind-2.9.5.jar:/home/user/.m2/repository/com/fasterxml/jackson/core/jackson-core/2.9.5/jackson-core-2.9.5.jar:/home/user/.m2/repository/org/codehaus/woodstox/stax2-api/3.1.4/stax2-api-3.1.4.jar:/home/user/.m2/repository/com/fasterxml/woodstox/woodstox-core/5.0.3/woodstox-core-5.0.3.jar:/home/user/.m2/repository/dnsjava/dnsjava/2.1.7/dnsjava-2.1.7.jar:/home/user/.m2/repository/org/apache/hadoop/hadoop-hdfs/3.2.0/hadoop-hdfs-3.2.0.jar:/home/user/.m2/repository/org/eclipse/jetty/jetty-util-ajax/9.3.24.v20180605/jetty-util-ajax-9.3.24.v20180605.jar:/home/user/.m2/repository/commons-daemon/commons-daemon/1.0.13/commons-daemon-1.0.13.jar:/home/user/.m2/repository/io/netty/netty/3.10.5.Final/netty-3.10.5.Final.jar:/home/user/.m2/repository/io/netty/netty-all/4.0.52.Final/netty-all-4.0.52.Final.jar:/home/user/.m2/repository/org/fusesource/leveldbjni/leveldbjni-all/1.8/leveldbjni-all-1.8.jar:/home/user/.m2/repository/com/sun/xml/bind/jaxb-core/2.3.0.1/jaxb-core-2.3.0.1.jar:/home/user/.m2/repository/javax/xml/bind/jaxb-api/2.3.0/jaxb-api-2.3.0.jar:/home/user/.m2/repository/javax/activation/activation/1.1.1/activation-1.1.1.jar:/home/user/.m2/repository/io/dropwizard/metrics/metrics-core/3.2.4/metrics-core-3.2.4.jar:/home/user/.m2/repository/org/openjdk/jmh/jmh-core/1.19/jmh-core-1.19.jar:/home/user/.m2/repository/net/sf/jopt-simple/jopt-simple/4.6/jopt-simple-4.6.jar:/home/user/.m2/repository/org/openjdk/jmh/jmh-generator-annprocess/1.19/jmh-generator-annprocess-1.19.jar:/home/user/.m2/repository/com/google/code/findbugs/findbugs/3.0.1/findbugs-3.0.1.jar:/home/user/.m2/repository/net/jcip/jcip-annotations/1.0/jcip-annotations-1.0.jar:/home/user/.m2/repository/com/google/code/findbugs/bcel-findbugs/6.0/bcel-findbugs-6.0.jar:/home/user/.m2/repository/com/google/code/findbugs/jFormatString/2.0.1/jFormatString-2.0.1.jar:/home/user/.m2/repository/dom4j/dom4j/1.6.1/dom4j-1.6.1.jar:/home/user/.m2/repository/xml-apis/xml-apis/1.0.b2/xml-apis-1.0.b2.jar:/home/user/.m2/repository/org/ow2/asm/asm-debug-all/5.0.2/asm-debug-all-5.0.2.jar:/home/user/.m2/repository/org/ow2/asm/asm-commons/5.0.2/asm-commons-5.0.2.jar:/home/user/.m2/repository/org/ow2/asm/asm-tree/5.0.2/asm-tree-5.0.2.jar:/home/user/.m2/repository/org/ow2/asm/asm/5.0.4/asm-5.0.4.jar:/home/user/.m2/repository/commons-lang/commons-lang/2.6/commons-lang-2.6.jar:/home/user/.m2/repository/com/apple/AppleJavaExtensions/1.4/AppleJavaExtensions-1.4.jar:/home/user/.m2/repository/jaxen/jaxen/1.1.6/jaxen-1.1.6.jar:/home/user/.m2/repository/junit/junit/4.11/junit-4.11.jar:/home/user/.m2/repository/org/hamcrest/hamcrest-core/1.3/hamcrest-core-1.3.jar:/home/user/.m2/repository/org/apache/hadoop/hadoop-common/3.2.0/hadoop-common-3.2.0-tests.jar:/home/user/.m2/repository/org/apache/hadoop/hadoop-ozone-integration-test/0.4.1-SNAPSHOT/hadoop-ozone-integration-test-0.4.1-SNAPSHOT-tests.jar:/workdir/hadoop-ozone/objectstore-service/target/classes:/workdir/hadoop-ozone/s3gateway/target/classes:/home/user/.m2/repository/org/jboss/weld/servlet/weld-servlet/2.4.7.Final/weld-servlet-2.4.7.Final.jar:/home/user/.m2/repository/org/glassfish/jersey/containers/jersey-container-servlet-core/2.27/jersey-container-servlet-core-2.27.jar:/home/user/.m2/repository/org/glassfish/hk2/external/javax.inject/2.5.0-b42/javax.inject-2.5.0-b42.jar:/home/user/.m2/repository/org/glassfish/jersey/core/jersey-common/2.27/jersey-common-2.27.jar:/home/user/.m2/repository/org/glassfish/hk2/osgi-resource-locator/1.0.1/osgi-resource-locator-1.0.1.jar:/home/user/.m2/repository/javax/ws/rs/javax.ws.rs-api/2.1/javax.ws.rs-api-2.1.jar:/home/user/.m2/repository/org/glassfish/jersey/ext/cdi/jersey-cdi1x/2.27/jersey-cdi1x-2.27.jar:/home/user/.m2/repository/org/glassfish/jersey/inject/jersey-hk2/2.27/jersey-hk2-2.27.jar:/home/user/.m2/repository/org/glassfish/hk2/hk2-locator/2.5.0-b42/hk2-locator-2.5.0-b42.jar:/home/user/.m2/repository/org/javassist/javassist/3.22.0-CR2/javassist-3.22.0-CR2.jar:/home/user/.m2/repository/org/glassfish/hk2/hk2-api/2.5.0/hk2-api-2.5.0.jar:/home/user/.m2/repository/org/glassfish/hk2/external/jakarta.inject/2.5.0/jakarta.inject-2.5.0.jar:/home/user/.m2/repository/org/glassfish/hk2/hk2-utils/2.5.0/hk2-utils-2.5.0.jar:/home/user/.m2/repository/jakarta/annotation/jakarta.annotation-api/1.3.4/jakarta.annotation-api-1.3.4.jar:/home/user/.m2/repository/org/glassfish/hk2/external/aopalliance-repackaged/2.5.0/aopalliance-repackaged-2.5.0.jar:/home/user/.m2/repository/com/fasterxml/jackson/dataformat/jackson-dataformat-xml/2.9.0/jackson-dataformat-xml-2.9.0.jar:/home/user/.m2/repository/com/fasterxml/jackson/module/jackson-module-jaxb-annotations/2.9.5/jackson-module-jaxb-annotations-2.9.5.jar:/home/user/.m2/repository/javax/enterprise/cdi-api/1.2/cdi-api-1.2.jar:/home/user/.m2/repository/javax/el/javax.el-api/3.0.0/javax.el-api-3.0.0.jar:/home/user/.m2/repository/javax/interceptor/javax.interceptor-api/1.2/javax.interceptor-api-1.2.jar:/home/user/.m2/repository/javax/inject/javax.inject/1/javax.inject-1.jar:/workdir/hadoop-ozone/csi/target/classes:/home/user/.m2/repository/com/google/protobuf/protobuf-java-util/3.5.1/protobuf-java-util-3.5.1.jar:/home/user/.m2/repository/io/grpc/grpc-netty/1.17.1/grpc-netty-1.17.1.jar:/home/user/.m2/repository/io/grpc/grpc-core/1.17.1/grpc-core-1.17.1.jar:/home/user/.m2/repository/io/grpc/grpc-context/1.17.1/grpc-context-1.17.1.jar:/home/user/.m2/repository/com/google/errorprone/error_prone_annotations/2.2.0/error_prone_annotations-2.2.0.jar:/home/user/.m2/repository/org/codehaus/mojo/animal-sniffer-annotations/1.17/animal-sniffer-annotations-1.17.jar:/home/user/.m2/repository/io/opencensus/opencensus-api/0.17.0/opencensus-api-0.17.0.jar:/home/user/.m2/repository/io/opencensus/opencensus-contrib-grpc-metrics/0.17.0/opencensus-contrib-grpc-metrics-0.17.0.jar:/home/user/.m2/repository/io/netty/netty-codec-http2/4.1.30.Final/netty-codec-http2-4.1.30.Final.jar:/home/user/.m2/repository/io/netty/netty-codec-http/4.1.30.Final/netty-codec-http-4.1.30.Final.jar:/home/user/.m2/repository/io/netty/netty-codec/4.1.30.Final/netty-codec-4.1.30.Final.jar:/home/user/.m2/repository/io/netty/netty-handler/4.1.30.Final/netty-handler-4.1.30.Final.jar:/home/user/.m2/repository/io/netty/netty-handler-proxy/4.1.30.Final/netty-handler-proxy-4.1.30.Final.jar:/home/user/.m2/repository/io/netty/netty-codec-socks/4.1.30.Final/netty-codec-socks-4.1.30.Final.jar:/home/user/.m2/repository/io/netty/netty-transport-native-epoll/4.1.30.Final/netty-transport-native-epoll-4.1.30.Final.jar:/home/user/.m2/repository/io/netty/netty-common/4.1.30.Final/netty-common-4.1.30.Final.jar:/home/user/.m2/repository/io/netty/netty-buffer/4.1.30.Final/netty-buffer-4.1.30.Final.jar:/home/user/.m2/repository/io/netty/netty-transport/4.1.30.Final/netty-transport-4.1.30.Final.jar:/home/user/.m2/repository/io/netty/netty-resolver/4.1.30.Final/netty-resolver-4.1.30.Final.jar:/home/user/.m2/repository/io/netty/netty-transport-native-unix-common/4.1.30.Final/netty-transport-native-unix-common-4.1.30.Final.jar:/home/user/.m2/repository/io/grpc/grpc-protobuf/1.17.1/grpc-protobuf-1.17.1.jar:/home/user/.m2/repository/com/google/api/grpc/proto-google-common-protos/1.0.0/proto-google-common-protos-1.0.0.jar:/home/user/.m2/repository/io/grpc/grpc-protobuf-lite/1.17.1/grpc-protobuf-lite-1.17.1.jar:/home/user/.m2/repository/io/grpc/grpc-stub/1.17.1/grpc-stub-1.17.1.jar:/workdir/hadoop-ozone/ozone-recon/target/classes:/workdir/hadoop-ozone/ozone-recon-codegen/target/classes:/home/user/.m2/repository/com/google/inject/extensions/guice-multibindings/4.0/guice-multibindings-4.0.jar:/home/user/.m2/repository/com/google/inject/guice/4.0/guice-4.0.jar:/home/user/.m2/repository/aopalliance/aopalliance/1.0/aopalliance-1.0.jar:/home/user/.m2/repository/com/google/inject/extensions/guice-servlet/4.0/guice-servlet-4.0.jar:/home/user/.m2/repository/org/glassfish/jersey/containers/jersey-container-servlet/2.27/jersey-container-servlet-2.27.jar:/home/user/.m2/repository/org/glassfish/hk2/guice-bridge/2.5.0/guice-bridge-2.5.0.jar:/home/user/.m2/repository/org/glassfish/jersey/core/jersey-server/2.27/jersey-server-2.27.jar:/home/user/.m2/repository/org/glassfish/jersey/core/jersey-client/2.27/jersey-client-2.27.jar:/home/user/.m2/repository/org/glassfish/jersey/media/jersey-media-jaxb/2.27/jersey-media-jaxb-2.27.jar:/home/user/.m2/repository/javax/validation/validation-api/1.1.0.Final/validation-api-1.1.0.Final.jar:/home/user/.m2/repository/org/glassfish/jersey/media/jersey-media-json-jackson/2.27/jersey-media-json-jackson-2.27.jar:/home/user/.m2/repository/org/glassfish/jersey/ext/jersey-entity-filtering/2.27/jersey-entity-filtering-2.27.jar:/home/user/.m2/repository/com/google/inject/extensions/guice-assistedinject/4.0/guice-assistedinject-4.0.jar:/home/user/.m2/repository/org/jooq/jooq/3.11.10/jooq-3.11.10.jar:/home/user/.m2/repository/org/jooq/jooq-meta/3.11.10/jooq-meta-3.11.10.jar:/home/user/.m2/repository/org/jooq/jooq-codegen/3.11.10/jooq-codegen-3.11.10.jar:/home/user/.m2/repository/com/jolbox/bonecp/0.8.0.RELEASE/bonecp-0.8.0.RELEASE.jar:/home/user/.m2/repository/org/springframework/spring-jdbc/5.1.3.RELEASE/spring-jdbc-5.1.3.RELEASE.jar:/home/user/.m2/repository/org/springframework/spring-beans/5.1.3.RELEASE/spring-beans-5.1.3.RELEASE.jar:/home/user/.m2/repository/org/springframework/spring-core/5.1.3.RELEASE/spring-core-5.1.3.RELEASE.jar:/home/user/.m2/repository/org/springframework/spring-jcl/5.1.3.RELEASE/spring-jcl-5.1.3.RELEASE.jar:/home/user/.m2/repository/org/springframework/spring-tx/5.1.3.RELEASE/spring-tx-5.1.3.RELEASE.jar:/home/user/.m2/repository/org/mockito/mockito-core/2.15.0/mockito-core-2.15.0.jar:/home/user/.m2/repository/net/bytebuddy/byte-buddy/1.7.9/byte-buddy-1.7.9.jar:/home/user/.m2/repository/net/bytebuddy/byte-buddy-agent/1.7.9/byte-buddy-agent-1.7.9.jar:/home/user/.m2/repository/org/objenesis/objenesis/1.0/objenesis-1.0.jar:"/>
    <property name="sun.cpu.endian" value="little"/>
    <property name="user.home" value="/home/user"/>
    <property name="user.language" value="en"/>
    <property name="java.specification.vendor" value="Oracle Corporation"/>
    <property name="java.home" value="/usr/lib/jvm/java-1.8-openjdk/jre"/>
    <property name="java.security.krb5.conf" value="/workdir/hadoop-ozone/tools/target/test-classes/krb5.conf"/>
    <property name="basedir" value="/workdir/hadoop-ozone/tools"/>
    <property name="file.separator" value="/"/>
    <property name="line.separator" value="&#10;"/>
    <property name="java.vm.specification.vendor" value="Oracle Corporation"/>
    <property name="java.specification.name" value="Java Platform API Specification"/>
    <property name="java.awt.graphicsenv" value="sun.awt.X11GraphicsEnvironment"/>
    <property name="surefire.real.class.path" value="/workdir/hadoop-ozone/tools/target/surefire/surefirebooter1111194770112716709.jar"/>
    <property name="hadoop.log.dir" value="/workdir/hadoop-ozone/tools/target/log"/>
    <property name="sun.boot.class.path" value="/usr/lib/jvm/java-1.8-openjdk/jre/lib/resources.jar:/usr/lib/jvm/java-1.8-openjdk/jre/lib/rt.jar:/usr/lib/jvm/java-1.8-openjdk/jre/lib/sunrsasign.jar:/usr/lib/jvm/java-1.8-openjdk/jre/lib/jsse.jar:/usr/lib/jvm/java-1.8-openjdk/jre/lib/jce.jar:/usr/lib/jvm/java-1.8-openjdk/jre/lib/charsets.jar:/usr/lib/jvm/java-1.8-openjdk/jre/lib/jfr.jar:/usr/lib/jvm/java-1.8-openjdk/jre/classes"/>
    <property name="sun.management.compiler" value="HotSpot 64-Bit Tiered Compilers"/>
    <property name="java.runtime.version" value="1.8.0_212-b04"/>
    <property name="java.net.preferIPv4Stack" value="true"/>
    <property name="user.name" value="jenkins1000"/>
    <property name="path.separator" value=":"/>
    <property name="java.security.egd" value="file:///dev/urandom"/>
    <property name="os.version" value="3.10.0-957.12.2.el7.x86_64"/>
    <property name="java.endorsed.dirs" value="/usr/lib/jvm/java-1.8-openjdk/jre/lib/endorsed"/>
    <property name="java.runtime.name" value="OpenJDK Runtime Environment"/>
    <property name="file.encoding" value="UTF-8"/>
    <property name="java.vm.name" value="OpenJDK 64-Bit Server VM"/>
    <property name="test.build.webapps" value=""/>
    <property name="localRepository" value="/home/user/.m2/repository"/>
    <property name="java.vendor.url.bug" value="https://icedtea.classpath.org/bugzilla"/>
    <property name="java.io.tmpdir" value="/tmp"/>
    <property name="require.test.libhadoop" value=""/>
    <property name="java.version" value="1.8.0_212"/>
    <property name="user.dir" value="/workdir/hadoop-ozone/tools"/>
    <property name="os.arch" value="amd64"/>
    <property name="java.vm.specification.name" value="Java Virtual Machine Specification"/>
    <property name="test.build.classes" value="/workdir/hadoop-ozone/tools/target/test-classes"/>
    <property name="java.awt.printerjob" value="sun.print.PSPrinterJob"/>
    <property name="sun.os.patch.level" value="unknown"/>
    <property name="hadoop.tmp.dir" value="/workdir/hadoop-ozone/tools/target/tmp"/>
    <property name="java.library.path" value="/usr/lib/jvm/java-1.8-openjdk/jre/lib/amd64/server:/usr/lib/jvm/java-1.8-openjdk/jre/lib/amd64:/usr/lib/jvm/java-1.8-openjdk/jre/../lib/amd64:/workdir/hadoop-ozone/tools/target/native/target/usr/local/lib:/workdir/hadoop-ozone/tools/../../hadoop-common-project/hadoop-common/target/native/target/usr/local/lib:/usr/java/packages/lib/amd64:/usr/lib64:/lib64:/lib:/usr/lib"/>
    <property name="java.vm.info" value="mixed mode"/>
    <property name="java.vendor" value="IcedTea"/>
    <property name="java.vm.version" value="25.212-b04"/>
    <property name="java.ext.dirs" value="/usr/lib/jvm/java-1.8-openjdk/jre/lib/ext:/usr/java/packages/lib/ext"/>
    <property name="sun.io.unicode.encoding" value="UnicodeLittle"/>
    <property name="java.class.version" value="52.0"/>
  </properties>
  <testcase name="ratisTest3" classname="org.apache.hadoop.ozone.freon.TestRandomKeyGenerator" time="10.352"/>
  <testcase name="testThreadPoolSize" classname="org.apache.hadoop.ozone.freon.TestRandomKeyGenerator" time="5.037"/>
  <testcase name="defaultTest" classname="org.apache.hadoop.ozone.freon.TestRandomKeyGenerator" time="5.026"/>
  <testcase name="bigFileThan2GB" classname="org.apache.hadoop.ozone.freon.TestRandomKeyGenerator" time="72.851">
    <error message="Allocated 0 blocks. Requested 1 blocks" type="INTERNAL_ERROR org.apache.hadoop.ozone.om.exceptions.OMException">INTERNAL_ERROR org.apache.hadoop.ozone.om.exceptions.OMException: Allocated 0 blocks. Requested 1 blocks
	at org.apache.hadoop.ozone.om.protocolPB.OzoneManagerProtocolClientSideTranslatorPB.handleError(OzoneManagerProtocolClientSideTranslatorPB.java:720)
	at org.apache.hadoop.ozone.om.protocolPB.OzoneManagerProtocolClientSideTranslatorPB.allocateBlock(OzoneManagerProtocolClientSideTranslatorPB.java:752)
	at org.apache.hadoop.ozone.client.io.BlockOutputStreamEntryPool.allocateNewBlock(BlockOutputStreamEntryPool.java:248)
	at org.apache.hadoop.ozone.client.io.BlockOutputStreamEntryPool.allocateBlockIfNeeded(BlockOutputStreamEntryPool.java:296)
	at org.apache.hadoop.ozone.client.io.KeyOutputStream.handleWrite(KeyOutputStream.java:201)
	at org.apache.hadoop.ozone.client.io.KeyOutputStream.write(KeyOutputStream.java:193)
	at org.apache.hadoop.ozone.client.io.OzoneOutputStream.write(OzoneOutputStream.java:49)
	at org.apache.hadoop.ozone.freon.RandomKeyGenerator.createKey(RandomKeyGenerator.java:703)
	at org.apache.hadoop.ozone.freon.RandomKeyGenerator.access$1100(RandomKeyGenerator.java:88)
	at org.apache.hadoop.ozone.freon.RandomKeyGenerator$ObjectCreator.run(RandomKeyGenerator.java:609)
	at java.util.concurrent.Executors$RunnableAdapter.call(Executors.java:511)
	at java.util.concurrent.FutureTask.run(FutureTask.java:266)
	at java.util.concurrent.ThreadPoolExecutor.runWorker(ThreadPoolExecutor.java:1149)
	at java.util.concurrent.ThreadPoolExecutor$Worker.run(ThreadPoolExecutor.java:624)
	at java.lang.Thread.run(Thread.java:748)
</error>
    <system-out><![CDATA[2019-08-06 03:26:13,078 INFO  freon.RandomKeyGenerator (RandomKeyGenerator.java:call(278)) - Number of Threads: 1
2019-08-06 03:26:13,079 INFO  freon.RandomKeyGenerator (RandomKeyGenerator.java:call(283)) - Number of Volumes: 1.
2019-08-06 03:26:13,079 INFO  freon.RandomKeyGenerator (RandomKeyGenerator.java:call(284)) - Number of Buckets per Volume: 1.
2019-08-06 03:26:13,079 INFO  freon.RandomKeyGenerator (RandomKeyGenerator.java:call(285)) - Number of Keys per Bucket: 1.
2019-08-06 03:26:13,079 INFO  freon.RandomKeyGenerator (RandomKeyGenerator.java:call(286)) - Key size: 2147483657 bytes
2019-08-06 03:26:13,079 INFO  freon.RandomKeyGenerator (RandomKeyGenerator.java:call(287)) - Buffer size: 4096 bytes
2019-08-06 03:26:13,080 INFO  rpc.RpcClient (RpcClient.java:createVolume(288)) - Creating Volume: vol-0-66424, with jenkins1000 as owner.
2019-08-06 03:26:13,083 INFO  freon.RandomKeyGenerator (RandomKeyGenerator.java:call(301)) - Data validation is enabled.
2019-08-06 03:26:13,084 INFO  freon.RandomKeyGenerator (RandomKeyGenerator.java:call(307)) - Starting progress bar Thread.

 0.00% |█                                                                                                    |  0/1 Time: 0:00:002019-08-06 03:26:13,087 INFO  rpc.RpcClient (RpcClient.java:createBucket(425)) - Creating Bucket: vol-0-66424/bucket-0-60401, with Versioning false and Storage Type set to DISK and Encryption set to false 
2019-08-06 03:26:13,169 INFO  client.GrpcClientProtocolClient (GrpcClientProtocolClient.java:onNext(255)) - client-9DC82E534C87->bb9367ec-656d-4ade-92be-004a921408cc: receive RaftClientReply:client-9DC82E534C87->bb9367ec-656d-4ade-92be-004a921408cc@group-23022C6A558E, cid=600, FAILED org.apache.ratis.protocol.NotLeaderException: Server bb9367ec-656d-4ade-92be-004a921408cc is not the leader (980d9c0c-33ac-4a22-b481-33b8b1eac469:192.168.69.92:38552). Request must be sent to leader., logIndex=0, commits[bb9367ec-656d-4ade-92be-004a921408cc:c714, 980d9c0c-33ac-4a22-b481-33b8b1eac469:c714, e00ee311-0ce1-4115-b4c1-69648d9d3094:c714]
2019-08-06 03:26:13,225 INFO  client.GrpcClientProtocolClient (GrpcClientProtocolClient.java:onNext(255)) - client-9DC82E534C87->980d9c0c-33ac-4a22-b481-33b8b1eac469: receive RaftClientReply:client-9DC82E534C87->980d9c0c-33ac-4a22-b481-33b8b1eac469@group-23022C6A558E, cid=600, SUCCESS, logIndex=715, commits[980d9c0c-33ac-4a22-b481-33b8b1eac469:c715, e00ee311-0ce1-4115-b4c1-69648d9d3094:c714, bb9367ec-656d-4ade-92be-004a921408cc:c714]
2019-08-06 03:26:13,241 INFO  client.GrpcClientProtocolClient (GrpcClientProtocolClient.java:onNext(255)) - client-9DC82E534C87->980d9c0c-33ac-4a22-b481-33b8b1eac469: receive RaftClientReply:client-9DC82E534C87->980d9c0c-33ac-4a22-b481-33b8b1eac469@group-23022C6A558E, cid=601, SUCCESS, logIndex=717, commits[980d9c0c-33ac-4a22-b481-33b8b1eac469:c717, e00ee311-0ce1-4115-b4c1-69648d9d3094:c715, bb9367ec-656d-4ade-92be-004a921408cc:c715]
2019-08-06 03:26:13,265 INFO  client.GrpcClientProtocolClient (GrpcClientProtocolClient.java:onNext(255)) - client-9DC82E534C87->980d9c0c-33ac-4a22-b481-33b8b1eac469: receive RaftClientReply:client-9DC82E534C87->980d9c0c-33ac-4a22-b481-33b8b1eac469@group-23022C6A558E, cid=602, SUCCESS, logIndex=719, commits[980d9c0c-33ac-4a22-b481-33b8b1eac469:c720, e00ee311-0ce1-4115-b4c1-69648d9d3094:c717, bb9367ec-656d-4ade-92be-004a921408cc:c717]
2019-08-06 03:26:13,267 INFO  client.GrpcClientProtocolClient (GrpcClientProtocolClient.java:onNext(255)) - client-9DC82E534C87->980d9c0c-33ac-4a22-b481-33b8b1eac469: receive RaftClientReply:client-9DC82E534C87->980d9c0c-33ac-4a22-b481-33b8b1eac469@group-23022C6A558E, cid=603, SUCCESS, logIndex=720, commits[980d9c0c-33ac-4a22-b481-33b8b1eac469:c720, e00ee311-0ce1-4115-b4c1-69648d9d3094:c717, bb9367ec-656d-4ade-92be-004a921408cc:c717]
2019-08-06 03:26:13,298 INFO  client.GrpcClientProtocolClient (GrpcClientProtocolClient.java:onNext(255)) - client-9DC82E534C87->980d9c0c-33ac-4a22-b481-33b8b1eac469: receive RaftClientReply:client-9DC82E534C87->980d9c0c-33ac-4a22-b481-33b8b1eac469@group-23022C6A558E, cid=604, SUCCESS, logIndex=723, commits[980d9c0c-33ac-4a22-b481-33b8b1eac469:c724, e00ee311-0ce1-4115-b4c1-69648d9d3094:c722, bb9367ec-656d-4ade-92be-004a921408cc:c722]
2019-08-06 03:26:13,301 INFO  client.GrpcClientProtocolClient (GrpcClientProtocolClient.java:onNext(255)) - client-9DC82E534C87->980d9c0c-33ac-4a22-b481-33b8b1eac469: receive RaftClientReply:client-9DC82E534C87->980d9c0c-33ac-4a22-b481-33b8b1eac469@group-23022C6A558E, cid=605, SUCCESS, logIndex=724, commits[980d9c0c-33ac-4a22-b481-33b8b1eac469:c724, e00ee311-0ce1-4115-b4c1-69648d9d3094:c722, bb9367ec-656d-4ade-92be-004a921408cc:c722]
2019-08-06 03:26:13,332 INFO  client.GrpcClientProtocolClient (GrpcClientProtocolClient.java:onNext(255)) - client-9DC82E534C87->980d9c0c-33ac-4a22-b481-33b8b1eac469: receive RaftClientReply:client-9DC82E534C87->980d9c0c-33ac-4a22-b481-33b8b1eac469@group-23022C6A558E, cid=606, SUCCESS, logIndex=727, commits[980d9c0c-33ac-4a22-b481-33b8b1eac469:c728, e00ee311-0ce1-4115-b4c1-69648d9d3094:c724, bb9367ec-656d-4ade-92be-004a921408cc:c726]
2019-08-06 03:26:13,335 INFO  client.GrpcClientProtocolClient (GrpcClientProtocolClient.java:onNext(255)) - client-9DC82E534C87->980d9c0c-33ac-4a22-b481-33b8b1eac469: receive RaftClientReply:client-9DC82E534C87->980d9c0c-33ac-4a22-b481-33b8b1eac469@group-23022C6A558E, cid=607, SUCCESS, logIndex=728, commits[980d9c0c-33ac-4a22-b481-33b8b1eac469:c728, e00ee311-0ce1-4115-b4c1-69648d9d3094:c726, bb9367ec-656d-4ade-92be-004a921408cc:c726]
2019-08-06 03:26:13,347 INFO  client.GrpcClientProtocolClient (GrpcClientProtocolClient.java:onNext(255)) - client-9DC82E534C87->980d9c0c-33ac-4a22-b481-33b8b1eac469: receive RaftClientReply:client-9DC82E534C87->980d9c0c-33ac-4a22-b481-33b8b1eac469@group-23022C6A558E, cid=608, SUCCESS, logIndex=0, commits[980d9c0c-33ac-4a22-b481-33b8b1eac469:c730, e00ee311-0ce1-4115-b4c1-69648d9d3094:c728, bb9367ec-656d-4ade-92be-004a921408cc:c728]
2019-08-06 03:26:13,622 INFO  client.GrpcClientProtocolClient (GrpcClientProtocolClient.java:onNext(255)) - client-9DC82E534C87->980d9c0c-33ac-4a22-b481-33b8b1eac469: receive RaftClientReply:client-9DC82E534C87->980d9c0c-33ac-4a22-b481-33b8b1eac469@group-23022C6A558E, cid=609, SUCCESS, logIndex=731, commits[980d9c0c-33ac-4a22-b481-33b8b1eac469:c732, e00ee311-0ce1-4115-b4c1-69648d9d3094:c730, bb9367ec-656d-4ade-92be-004a921408cc:c730]
2019-08-06 03:26:13,623 INFO  client.GrpcClientProtocolClient (GrpcClientProtocolClient.java:onNext(255)) - client-9DC82E534C87->980d9c0c-33ac-4a22-b481-33b8b1eac469: receive RaftClientReply:client-9DC82E534C87->980d9c0c-33ac-4a22-b481-33b8b1eac469@group-23022C6A558E, cid=610, SUCCESS, logIndex=732, commits[980d9c0c-33ac-4a22-b481-33b8b1eac469:c732, e00ee311-0ce1-4115-b4c1-69648d9d3094:c730, bb9367ec-656d-4ade-92be-004a921408cc:c730]
2019-08-06 03:26:13,633 INFO  client.GrpcClientProtocolClient (GrpcClientProtocolClient.java:onNext(255)) - client-9DC82E534C87->980d9c0c-33ac-4a22-b481-33b8b1eac469: receive RaftClientReply:client-9DC82E534C87->980d9c0c-33ac-4a22-b481-33b8b1eac469@group-23022C6A558E, cid=611, SUCCESS, logIndex=733, commits[980d9c0c-33ac-4a22-b481-33b8b1eac469:c734, e00ee311-0ce1-4115-b4c1-69648d9d3094:c730, bb9367ec-656d-4ade-92be-004a921408cc:c730]
2019-08-06 03:26:13,634 INFO  client.GrpcClientProtocolClient (GrpcClientProtocolClient.java:onNext(255)) - client-9DC82E534C87->980d9c0c-33ac-4a22-b481-33b8b1eac469: receive RaftClientReply:client-9DC82E534C87->980d9c0c-33ac-4a22-b481-33b8b1eac469@group-23022C6A558E, cid=612, SUCCESS, logIndex=734, commits[980d9c0c-33ac-4a22-b481-33b8b1eac469:c736, e00ee311-0ce1-4115-b4c1-69648d9d3094:c730, bb9367ec-656d-4ade-92be-004a921408cc:c732]
2019-08-06 03:26:13,636 INFO  client.GrpcClientProtocolClient (GrpcClientProtocolClient.java:onNext(255)) - client-9DC82E534C87->980d9c0c-33ac-4a22-b481-33b8b1eac469: receive RaftClientReply:client-9DC82E534C87->980d9c0c-33ac-4a22-b481-33b8b1eac469@group-23022C6A558E, cid=613, SUCCESS, logIndex=0, commits[980d9c0c-33ac-4a22-b481-33b8b1eac469:c738, e00ee311-0ce1-4115-b4c1-69648d9d3094:c734, bb9367ec-656d-4ade-92be-004a921408cc:c734]
2019-08-06 03:26:13,662 INFO  client.GrpcClientProtocolClient (GrpcClientProtocolClient.java:onNext(255)) - client-9DC82E534C87->980d9c0c-33ac-4a22-b481-33b8b1eac469: receive RaftClientReply:client-9DC82E534C87->980d9c0c-33ac-4a22-b481-33b8b1eac469@group-23022C6A558E, cid=614, SUCCESS, logIndex=739, commits[980d9c0c-33ac-4a22-b481-33b8b1eac469:c740, e00ee311-0ce1-4115-b4c1-69648d9d3094:c738, bb9367ec-656d-4ade-92be-004a921408cc:c738]
2019-08-06 03:26:13,663 INFO  client.GrpcClientProtocolClient (GrpcClientProtocolClient.java:onNext(255)) - client-9DC82E534C87->980d9c0c-33ac-4a22-b481-33b8b1eac469: receive RaftClientReply:client-9DC82E534C87->980d9c0c-33ac-4a22-b481-33b8b1eac469@group-23022C6A558E, cid=615, SUCCESS, logIndex=740, commits[980d9c0c-33ac-4a22-b481-33b8b1eac469:c740, e00ee311-0ce1-4115-b4c1-69648d9d3094:c738, bb9367ec-656d-4ade-92be-004a921408cc:c738]
2019-08-06 03:26:13,689 INFO  client.GrpcClientProtocolClient (GrpcClientProtocolClient.java:onNext(255)) - client-9DC82E534C87->980d9c0c-33ac-4a22-b481-33b8b1eac469: receive RaftClientReply:client-9DC82E534C87->980d9c0c-33ac-4a22-b481-33b8b1eac469@group-23022C6A558E, cid=616, SUCCESS, logIndex=743, commits[980d9c0c-33ac-4a22-b481-33b8b1eac469:c744, e00ee311-0ce1-4115-b4c1-69648d9d3094:c741, bb9367ec-656d-4ade-92be-004a921408cc:c741]
2019-08-06 03:26:13,690 INFO  client.GrpcClientProtocolClient (GrpcClientProtocolClient.java:onNext(255)) - client-9DC82E534C87->980d9c0c-33ac-4a22-b481-33b8b1eac469: receive RaftClientReply:client-9DC82E534C87->980d9c0c-33ac-4a22-b481-33b8b1eac469@group-23022C6A558E, cid=617, SUCCESS, logIndex=744, commits[980d9c0c-33ac-4a22-b481-33b8b1eac469:c744, e00ee311-0ce1-4115-b4c1-69648d9d3094:c741, bb9367ec-656d-4ade-92be-004a921408cc:c741]
2019-08-06 03:26:13,703 INFO  client.GrpcClientProtocolClient (GrpcClientProtocolClient.java:onNext(255)) - client-9DC82E534C87->980d9c0c-33ac-4a22-b481-33b8b1eac469: receive RaftClientReply:client-9DC82E534C87->980d9c0c-33ac-4a22-b481-33b8b1eac469@group-23022C6A558E, cid=618, SUCCESS, logIndex=0, commits[980d9c0c-33ac-4a22-b481-33b8b1eac469:c745, e00ee311-0ce1-4115-b4c1-69648d9d3094:c744, bb9367ec-656d-4ade-92be-004a921408cc:c744]
2019-08-06 03:26:13,730 INFO  client.GrpcClientProtocolClient (GrpcClientProtocolClient.java:onNext(255)) - client-9DC82E534C87->980d9c0c-33ac-4a22-b481-33b8b1eac469: receive RaftClientReply:client-9DC82E534C87->980d9c0c-33ac-4a22-b481-33b8b1eac469@group-23022C6A558E, cid=619, SUCCESS, logIndex=747, commits[980d9c0c-33ac-4a22-b481-33b8b1eac469:c748, e00ee311-0ce1-4115-b4c1-69648d9d3094:c746, bb9367ec-656d-4ade-92be-004a921408cc:c746]
2019-08-06 03:26:13,731 INFO  client.GrpcClientProtocolClient (GrpcClientProtocolClient.java:onNext(255)) - client-9DC82E534C87->980d9c0c-33ac-4a22-b481-33b8b1eac469: receive RaftClientReply:client-9DC82E534C87->980d9c0c-33ac-4a22-b481-33b8b1eac469@group-23022C6A558E, cid=620, SUCCESS, logIndex=748, commits[980d9c0c-33ac-4a22-b481-33b8b1eac469:c750, e00ee311-0ce1-4115-b4c1-69648d9d3094:c746, bb9367ec-656d-4ade-92be-004a921408cc:c746]
2019-08-06 03:26:13,731 INFO  client.GrpcClientProtocolClient (GrpcClientProtocolClient.java:onNext(255)) - client-9DC82E534C87->980d9c0c-33ac-4a22-b481-33b8b1eac469: receive RaftClientReply:client-9DC82E534C87->980d9c0c-33ac-4a22-b481-33b8b1eac469@group-23022C6A558E, cid=621, SUCCESS, logIndex=749, commits[980d9c0c-33ac-4a22-b481-33b8b1eac469:c750, e00ee311-0ce1-4115-b4c1-69648d9d3094:c746, bb9367ec-656d-4ade-92be-004a921408cc:c746]
2019-08-06 03:26:13,732 INFO  client.GrpcClientProtocolClient (GrpcClientProtocolClient.java:onNext(255)) - client-9DC82E534C87->980d9c0c-33ac-4a22-b481-33b8b1eac469: receive RaftClientReply:client-9DC82E534C87->980d9c0c-33ac-4a22-b481-33b8b1eac469@group-23022C6A558E, cid=622, SUCCESS, logIndex=750, commits[980d9c0c-33ac-4a22-b481-33b8b1eac469:c751, e00ee311-0ce1-4115-b4c1-69648d9d3094:c746, bb9367ec-656d-4ade-92be-004a921408cc:c747]
2019-08-06 03:26:13,734 INFO  client.GrpcClientProtocolClient (GrpcClientProtocolClient.java:onNext(255)) - client-9DC82E534C87->980d9c0c-33ac-4a22-b481-33b8b1eac469: receive RaftClientReply:client-9DC82E534C87->980d9c0c-33ac-4a22-b481-33b8b1eac469@group-23022C6A558E, cid=623, SUCCESS, logIndex=0, commits[980d9c0c-33ac-4a22-b481-33b8b1eac469:c754, e00ee311-0ce1-4115-b4c1-69648d9d3094:c750, bb9367ec-656d-4ade-92be-004a921408cc:c750]
2019-08-06 03:26:13,758 INFO  client.GrpcClientProtocolClient (GrpcClientProtocolClient.java:onNext(255)) - client-9DC82E534C87->980d9c0c-33ac-4a22-b481-33b8b1eac469: receive RaftClientReply:client-9DC82E534C87->980d9c0c-33ac-4a22-b481-33b8b1eac469@group-23022C6A558E, cid=624, SUCCESS, logIndex=755, commits[980d9c0c-33ac-4a22-b481-33b8b1eac469:c756, e00ee311-0ce1-4115-b4c1-69648d9d3094:c754, bb9367ec-656d-4ade-92be-004a921408cc:c754]
2019-08-06 03:26:13,759 INFO  client.GrpcClientProtocolClient (GrpcClientProtocolClient.java:onNext(255)) - client-9DC82E534C87->980d9c0c-33ac-4a22-b481-33b8b1eac469: receive RaftClientReply:client-9DC82E534C87->980d9c0c-33ac-4a22-b481-33b8b1eac469@group-23022C6A558E, cid=625, SUCCESS, logIndex=756, commits[980d9c0c-33ac-4a22-b481-33b8b1eac469:c756, e00ee311-0ce1-4115-b4c1-69648d9d3094:c754, bb9367ec-656d-4ade-92be-004a921408cc:c754]
2019-08-06 03:26:13,788 INFO  client.GrpcClientProtocolClient (GrpcClientProtocolClient.java:onNext(255)) - client-9DC82E534C87->980d9c0c-33ac-4a22-b481-33b8b1eac469: receive RaftClientReply:client-9DC82E534C87->980d9c0c-33ac-4a22-b481-33b8b1eac469@group-23022C6A558E, cid=626, SUCCESS, logIndex=759, commits[980d9c0c-33ac-4a22-b481-33b8b1eac469:c760, e00ee311-0ce1-4115-b4c1-69648d9d3094:c756, bb9367ec-656d-4ade-92be-004a921408cc:c756]
2019-08-06 03:26:13,788 INFO  client.GrpcClientProtocolClient (GrpcClientProtocolClient.java:onNext(255)) - client-9DC82E534C87->980d9c0c-33ac-4a22-b481-33b8b1eac469: receive RaftClientReply:client-9DC82E534C87->980d9c0c-33ac-4a22-b481-33b8b1eac469@group-23022C6A558E, cid=627, SUCCESS, logIndex=760, commits[980d9c0c-33ac-4a22-b481-33b8b1eac469:c760, e00ee311-0ce1-4115-b4c1-69648d9d3094:c756, bb9367ec-656d-4ade-92be-004a921408cc:c756]
2019-08-06 03:26:13,799 INFO  client.GrpcClientProtocolClient (GrpcClientProtocolClient.java:onNext(255)) - client-9DC82E534C87->980d9c0c-33ac-4a22-b481-33b8b1eac469: receive RaftClientReply:client-9DC82E534C87->980d9c0c-33ac-4a22-b481-33b8b1eac469@group-23022C6A558E, cid=628, SUCCESS, logIndex=0, commits[980d9c0c-33ac-4a22-b481-33b8b1eac469:c761, e00ee311-0ce1-4115-b4c1-69648d9d3094:c760, bb9367ec-656d-4ade-92be-004a921408cc:c760]
2019-08-06 03:26:13,825 INFO  client.GrpcClientProtocolClient (GrpcClientProtocolClient.java:onNext(255)) - client-9DC82E534C87->980d9c0c-33ac-4a22-b481-33b8b1eac469: receive RaftClientReply:client-9DC82E534C87->980d9c0c-33ac-4a22-b481-33b8b1eac469@group-23022C6A558E, cid=629, SUCCESS, logIndex=763, commits[980d9c0c-33ac-4a22-b481-33b8b1eac469:c764, e00ee311-0ce1-4115-b4c1-69648d9d3094:c762, bb9367ec-656d-4ade-92be-004a921408cc:c762]
2019-08-06 03:26:13,825 INFO  client.GrpcClientProtocolClient (GrpcClientProtocolClient.java:onNext(255)) - client-9DC82E534C87->980d9c0c-33ac-4a22-b481-33b8b1eac469: receive RaftClientReply:client-9DC82E534C87->980d9c0c-33ac-4a22-b481-33b8b1eac469@group-23022C6A558E, cid=630, SUCCESS, logIndex=764, commits[980d9c0c-33ac-4a22-b481-33b8b1eac469:c766, e00ee311-0ce1-4115-b4c1-69648d9d3094:c762, bb9367ec-656d-4ade-92be-004a921408cc:c762]
2019-08-06 03:26:13,826 INFO  client.GrpcClientProtocolClient (GrpcClientProtocolClient.java:onNext(255)) - client-9DC82E534C87->980d9c0c-33ac-4a22-b481-33b8b1eac469: receive RaftClientReply:client-9DC82E534C87->980d9c0c-33ac-4a22-b481-33b8b1eac469@group-23022C6A558E, cid=631, SUCCESS, logIndex=765, commits[980d9c0c-33ac-4a22-b481-33b8b1eac469:c766, e00ee311-0ce1-4115-b4c1-69648d9d3094:c762, bb9367ec-656d-4ade-92be-004a921408cc:c762]
2019-08-06 03:26:13,827 INFO  client.GrpcClientProtocolClient (GrpcClientProtocolClient.java:onNext(255)) - client-9DC82E534C87->980d9c0c-33ac-4a22-b481-33b8b1eac469: receive RaftClientReply:client-9DC82E534C87->980d9c0c-33ac-4a22-b481-33b8b1eac469@group-23022C6A558E, cid=632, SUCCESS, logIndex=766, commits[980d9c0c-33ac-4a22-b481-33b8b1eac469:c766, e00ee311-0ce1-4115-b4c1-69648d9d3094:c762, bb9367ec-656d-4ade-92be-004a921408cc:c762]
2019-08-06 03:26:13,829 INFO  client.GrpcClientProtocolClient (GrpcClientProtocolClient.java:onNext(255)) - client-9DC82E534C87->980d9c0c-33ac-4a22-b481-33b8b1eac469: receive RaftClientReply:client-9DC82E534C87->980d9c0c-33ac-4a22-b481-33b8b1eac469@group-23022C6A558E, cid=633, SUCCESS, logIndex=0, commits[980d9c0c-33ac-4a22-b481-33b8b1eac469:c769, e00ee311-0ce1-4115-b4c1-69648d9d3094:c766, bb9367ec-656d-4ade-92be-004a921408cc:c766]
2019-08-06 03:26:13,854 INFO  client.GrpcClientProtocolClient (GrpcClientProtocolClient.java:onNext(255)) - client-9DC82E534C87->980d9c0c-33ac-4a22-b481-33b8b1eac469: receive RaftClientReply:client-9DC82E534C87->980d9c0c-33ac-4a22-b481-33b8b1eac469@group-23022C6A558E, cid=634, SUCCESS, logIndex=770, commits[980d9c0c-33ac-4a22-b481-33b8b1eac469:c771, e00ee311-0ce1-4115-b4c1-69648d9d3094:c769, bb9367ec-656d-4ade-92be-004a921408cc:c769]
2019-08-06 03:26:13,855 INFO  client.GrpcClientProtocolClient (GrpcClientProtocolClient.java:onNext(255)) - client-9DC82E534C87->980d9c0c-33ac-4a22-b481-33b8b1eac469: receive RaftClientReply:client-9DC82E534C87->980d9c0c-33ac-4a22-b481-33b8b1eac469@group-23022C6A558E, cid=635, SUCCESS, logIndex=771, commits[980d9c0c-33ac-4a22-b481-33b8b1eac469:c771, e00ee311-0ce1-4115-b4c1-69648d9d3094:c769, bb9367ec-656d-4ade-92be-004a921408cc:c769]
2019-08-06 03:26:13,875 INFO  client.GrpcClientProtocolClient (GrpcClientProtocolClient.java:onNext(255)) - client-9DC82E534C87->980d9c0c-33ac-4a22-b481-33b8b1eac469: receive RaftClientReply:client-9DC82E534C87->980d9c0c-33ac-4a22-b481-33b8b1eac469@group-23022C6A558E, cid=636, SUCCESS, logIndex=774, commits[980d9c0c-33ac-4a22-b481-33b8b1eac469:c775, e00ee311-0ce1-4115-b4c1-69648d9d3094:c771, bb9367ec-656d-4ade-92be-004a921408cc:c773]
2019-08-06 03:26:13,875 INFO  client.GrpcClientProtocolClient (GrpcClientProtocolClient.java:onNext(255)) - client-9DC82E534C87->980d9c0c-33ac-4a22-b481-33b8b1eac469: receive RaftClientReply:client-9DC82E534C87->980d9c0c-33ac-4a22-b481-33b8b1eac469@group-23022C6A558E, cid=637, SUCCESS, logIndex=775, commits[980d9c0c-33ac-4a22-b481-33b8b1eac469:c775, e00ee311-0ce1-4115-b4c1-69648d9d3094:c773, bb9367ec-656d-4ade-92be-004a921408cc:c773]
2019-08-06 03:26:13,877 INFO  client.GrpcClientProtocolClient (GrpcClientProtocolClient.java:onNext(255)) - client-9DC82E534C87->980d9c0c-33ac-4a22-b481-33b8b1eac469: receive RaftClientReply:client-9DC82E534C87->980d9c0c-33ac-4a22-b481-33b8b1eac469@group-23022C6A558E, cid=638, SUCCESS, logIndex=0, commits[980d9c0c-33ac-4a22-b481-33b8b1eac469:c776, e00ee311-0ce1-4115-b4c1-69648d9d3094:c775, bb9367ec-656d-4ade-92be-004a921408cc:c775]
2019-08-06 03:26:13,921 INFO  client.GrpcClientProtocolClient (GrpcClientProtocolClient.java:onNext(255)) - client-9DC82E534C87->980d9c0c-33ac-4a22-b481-33b8b1eac469: receive RaftClientReply:client-9DC82E534C87->980d9c0c-33ac-4a22-b481-33b8b1eac469@group-23022C6A558E, cid=639, SUCCESS, logIndex=778, commits[980d9c0c-33ac-4a22-b481-33b8b1eac469:c779, e00ee311-0ce1-4115-b4c1-69648d9d3094:c777, bb9367ec-656d-4ade-92be-004a921408cc:c777]
2019-08-06 03:26:13,922 INFO  client.GrpcClientProtocolClient (GrpcClientProtocolClient.java:onNext(255)) - client-9DC82E534C87->980d9c0c-33ac-4a22-b481-33b8b1eac469: receive RaftClientReply:client-9DC82E534C87->980d9c0c-33ac-4a22-b481-33b8b1eac469@group-23022C6A558E, cid=640, SUCCESS, logIndex=779, commits[980d9c0c-33ac-4a22-b481-33b8b1eac469:c779, e00ee311-0ce1-4115-b4c1-69648d9d3094:c777, bb9367ec-656d-4ade-92be-004a921408cc:c777]
2019-08-06 03:26:13,932 INFO  client.GrpcClientProtocolClient (GrpcClientProtocolClient.java:onNext(255)) - client-9DC82E534C87->980d9c0c-33ac-4a22-b481-33b8b1eac469: receive RaftClientReply:client-9DC82E534C87->980d9c0c-33ac-4a22-b481-33b8b1eac469@group-23022C6A558E, cid=641, SUCCESS, logIndex=780, commits[980d9c0c-33ac-4a22-b481-33b8b1eac469:c781, e00ee311-0ce1-4115-b4c1-69648d9d3094:c777, bb9367ec-656d-4ade-92be-004a921408cc:c777]
2019-08-06 03:26:13,933 INFO  client.GrpcClientProtocolClient (GrpcClientProtocolClient.java:onNext(255)) - client-9DC82E534C87->980d9c0c-33ac-4a22-b481-33b8b1eac469: receive RaftClientReply:client-9DC82E534C87->980d9c0c-33ac-4a22-b481-33b8b1eac469@group-23022C6A558E, cid=642, SUCCESS, logIndex=781, commits[980d9c0c-33ac-4a22-b481-33b8b1eac469:c781, e00ee311-0ce1-4115-b4c1-69648d9d3094:c778, bb9367ec-656d-4ade-92be-004a921408cc:c777]
2019-08-06 03:26:13,934 INFO  client.GrpcClientProtocolClient (GrpcClientProtocolClient.java:onNext(255)) - client-9DC82E534C87->980d9c0c-33ac-4a22-b481-33b8b1eac469: receive RaftClientReply:client-9DC82E534C87->980d9c0c-33ac-4a22-b481-33b8b1eac469@group-23022C6A558E, cid=643, SUCCESS, logIndex=0, commits[980d9c0c-33ac-4a22-b481-33b8b1eac469:c785, e00ee311-0ce1-4115-b4c1-69648d9d3094:c781, bb9367ec-656d-4ade-92be-004a921408cc:c781]
2019-08-06 03:26:13,961 INFO  client.GrpcClientProtocolClient (GrpcClientProtocolClient.java:onNext(255)) - client-9DC82E534C87->980d9c0c-33ac-4a22-b481-33b8b1eac469: receive RaftClientReply:client-9DC82E534C87->980d9c0c-33ac-4a22-b481-33b8b1eac469@group-23022C6A558E, cid=644, SUCCESS, logIndex=786, commits[980d9c0c-33ac-4a22-b481-33b8b1eac469:c787, e00ee311-0ce1-4115-b4c1-69648d9d3094:c785, bb9367ec-656d-4ade-92be-004a921408cc:c785]
2019-08-06 03:26:13,962 INFO  client.GrpcClientProtocolClient (GrpcClientProtocolClient.java:onNext(255)) - client-9DC82E534C87->980d9c0c-33ac-4a22-b481-33b8b1eac469: receive RaftClientReply:client-9DC82E534C87->980d9c0c-33ac-4a22-b481-33b8b1eac469@group-23022C6A558E, cid=645, SUCCESS, logIndex=787, commits[980d9c0c-33ac-4a22-b481-33b8b1eac469:c787, e00ee311-0ce1-4115-b4c1-69648d9d3094:c785, bb9367ec-656d-4ade-92be-004a921408cc:c785]
2019-08-06 03:26:13,989 INFO  client.GrpcClientProtocolClient (GrpcClientProtocolClient.java:onNext(255)) - client-9DC82E534C87->980d9c0c-33ac-4a22-b481-33b8b1eac469: receive RaftClientReply:client-9DC82E534C87->980d9c0c-33ac-4a22-b481-33b8b1eac469@group-23022C6A558E, cid=646, SUCCESS, logIndex=790, commits[980d9c0c-33ac-4a22-b481-33b8b1eac469:c791, e00ee311-0ce1-4115-b4c1-69648d9d3094:c787, bb9367ec-656d-4ade-92be-004a921408cc:c787]
2019-08-06 03:26:13,990 INFO  client.GrpcClientProtocolClient (GrpcClientProtocolClient.java:onNext(255)) - client-9DC82E534C87->980d9c0c-33ac-4a22-b481-33b8b1eac469: receive RaftClientReply:client-9DC82E534C87->980d9c0c-33ac-4a22-b481-33b8b1eac469@group-23022C6A558E, cid=647, SUCCESS, logIndex=791, commits[980d9c0c-33ac-4a22-b481-33b8b1eac469:c791, e00ee311-0ce1-4115-b4c1-69648d9d3094:c787, bb9367ec-656d-4ade-92be-004a921408cc:c787]
2019-08-06 03:26:13,992 INFO  client.GrpcClientProtocolClient (GrpcClientProtocolClient.java:onNext(255)) - client-9DC82E534C87->980d9c0c-33ac-4a22-b481-33b8b1eac469: receive RaftClientReply:client-9DC82E534C87->980d9c0c-33ac-4a22-b481-33b8b1eac469@group-23022C6A558E, cid=648, SUCCESS, logIndex=0, commits[980d9c0c-33ac-4a22-b481-33b8b1eac469:c793, e00ee311-0ce1-4115-b4c1-69648d9d3094:c791, bb9367ec-656d-4ade-92be-004a921408cc:c791]
2019-08-06 03:26:14,017 INFO  client.GrpcClientProtocolClient (GrpcClientProtocolClient.java:onNext(255)) - client-9DC82E534C87->980d9c0c-33ac-4a22-b481-33b8b1eac469: receive RaftClientReply:client-9DC82E534C87->980d9c0c-33ac-4a22-b481-33b8b1eac469@group-23022C6A558E, cid=649, SUCCESS, logIndex=794, commits[980d9c0c-33ac-4a22-b481-33b8b1eac469:c795, e00ee311-0ce1-4115-b4c1-69648d9d3094:c793, bb9367ec-656d-4ade-92be-004a921408cc:c793]
2019-08-06 03:26:14,018 INFO  client.GrpcClientProtocolClient (GrpcClientProtocolClient.java:onNext(255)) - client-9DC82E534C87->980d9c0c-33ac-4a22-b481-33b8b1eac469: receive RaftClientReply:client-9DC82E534C87->980d9c0c-33ac-4a22-b481-33b8b1eac469@group-23022C6A558E, cid=650, SUCCESS, logIndex=795, commits[980d9c0c-33ac-4a22-b481-33b8b1eac469:c795, e00ee311-0ce1-4115-b4c1-69648d9d3094:c793, bb9367ec-656d-4ade-92be-004a921408cc:c793]
2019-08-06 03:26:14,019 INFO  client.GrpcClientProtocolClient (GrpcClientProtocolClient.java:onNext(255)) - client-9DC82E534C87->980d9c0c-33ac-4a22-b481-33b8b1eac469: receive RaftClientReply:client-9DC82E534C87->980d9c0c-33ac-4a22-b481-33b8b1eac469@group-23022C6A558E, cid=651, SUCCESS, logIndex=796, commits[980d9c0c-33ac-4a22-b481-33b8b1eac469:c797, e00ee311-0ce1-4115-b4c1-69648d9d3094:c793, bb9367ec-656d-4ade-92be-004a921408cc:c793]
2019-08-06 03:26:14,019 INFO  client.GrpcClientProtocolClient (GrpcClientProtocolClient.java:onNext(255)) - client-9DC82E534C87->980d9c0c-33ac-4a22-b481-33b8b1eac469: receive RaftClientReply:client-9DC82E534C87->980d9c0c-33ac-4a22-b481-33b8b1eac469@group-23022C6A558E, cid=652, SUCCESS, logIndex=797, commits[980d9c0c-33ac-4a22-b481-33b8b1eac469:c797, e00ee311-0ce1-4115-b4c1-69648d9d3094:c793, bb9367ec-656d-4ade-92be-004a921408cc:c793]
2019-08-06 03:26:14,021 INFO  client.GrpcClientProtocolClient (GrpcClientProtocolClient.java:onNext(255)) - client-9DC82E534C87->980d9c0c-33ac-4a22-b481-33b8b1eac469: receive RaftClientReply:client-9DC82E534C87->980d9c0c-33ac-4a22-b481-33b8b1eac469@group-23022C6A558E, cid=653, SUCCESS, logIndex=0, commits[980d9c0c-33ac-4a22-b481-33b8b1eac469:c801, e00ee311-0ce1-4115-b4c1-69648d9d3094:c797, bb9367ec-656d-4ade-92be-004a921408cc:c796]
2019-08-06 03:26:14,045 INFO  client.GrpcClientProtocolClient (GrpcClientProtocolClient.java:onNext(255)) - client-9DC82E534C87->980d9c0c-33ac-4a22-b481-33b8b1eac469: receive RaftClientReply:client-9DC82E534C87->980d9c0c-33ac-4a22-b481-33b8b1eac469@group-23022C6A558E, cid=654, SUCCESS, logIndex=802, commits[980d9c0c-33ac-4a22-b481-33b8b1eac469:c803, e00ee311-0ce1-4115-b4c1-69648d9d3094:c801, bb9367ec-656d-4ade-92be-004a921408cc:c801]
2019-08-06 03:26:14,045 INFO  client.GrpcClientProtocolClient (GrpcClientProtocolClient.java:onNext(255)) - client-9DC82E534C87->980d9c0c-33ac-4a22-b481-33b8b1eac469: receive RaftClientReply:client-9DC82E534C87->980d9c0c-33ac-4a22-b481-33b8b1eac469@group-23022C6A558E, cid=655, SUCCESS, logIndex=803, commits[980d9c0c-33ac-4a22-b481-33b8b1eac469:c803, e00ee311-0ce1-4115-b4c1-69648d9d3094:c801, bb9367ec-656d-4ade-92be-004a921408cc:c801]
2019-08-06 03:26:14,072 INFO  client.GrpcClientProtocolClient (GrpcClientProtocolClient.java:onNext(255)) - client-9DC82E534C87->980d9c0c-33ac-4a22-b481-33b8b1eac469: receive RaftClientReply:client-9DC82E534C87->980d9c0c-33ac-4a22-b481-33b8b1eac469@group-23022C6A558E, cid=656, SUCCESS, logIndex=806, commits[980d9c0c-33ac-4a22-b481-33b8b1eac469:c807, e00ee311-0ce1-4115-b4c1-69648d9d3094:c803, bb9367ec-656d-4ade-92be-004a921408cc:c803]
2019-08-06 03:26:14,073 INFO  client.GrpcClientProtocolClient (GrpcClientProtocolClient.java:onNext(255)) - client-9DC82E534C87->980d9c0c-33ac-4a22-b481-33b8b1eac469: receive RaftClientReply:client-9DC82E534C87->980d9c0c-33ac-4a22-b481-33b8b1eac469@group-23022C6A558E, cid=657, SUCCESS, logIndex=807, commits[980d9c0c-33ac-4a22-b481-33b8b1eac469:c807, e00ee311-0ce1-4115-b4c1-69648d9d3094:c803, bb9367ec-656d-4ade-92be-004a921408cc:c803]
2019-08-06 03:26:14,084 INFO  client.GrpcClientProtocolClient (GrpcClientProtocolClient.java:onNext(255)) - client-9DC82E534C87->980d9c0c-33ac-4a22-b481-33b8b1eac469: receive RaftClientReply:client-9DC82E534C87->980d9c0c-33ac-4a22-b481-33b8b1eac469@group-23022C6A558E, cid=658, SUCCESS, logIndex=0, commits[980d9c0c-33ac-4a22-b481-33b8b1eac469:c808, e00ee311-0ce1-4115-b4c1-69648d9d3094:c807, bb9367ec-656d-4ade-92be-004a921408cc:c807]
 0.00% |█                                                                                                    |  0/1 Time: 0:00:012019-08-06 03:26:14,109 INFO  client.GrpcClientProtocolClient (GrpcClientProtocolClient.java:onNext(255)) - client-9DC82E534C87->980d9c0c-33ac-4a22-b481-33b8b1eac469: receive RaftClientReply:client-9DC82E534C87->980d9c0c-33ac-4a22-b481-33b8b1eac469@group-23022C6A558E, cid=659, SUCCESS, logIndex=810, commits[980d9c0c-33ac-4a22-b481-33b8b1eac469:c811, e00ee311-0ce1-4115-b4c1-69648d9d3094:c809, bb9367ec-656d-4ade-92be-004a921408cc:c809]
2019-08-06 03:26:14,110 INFO  client.GrpcClientProtocolClient (GrpcClientProtocolClient.java:onNext(255)) - client-9DC82E534C87->980d9c0c-33ac-4a22-b481-33b8b1eac469: receive RaftClientReply:client-9DC82E534C87->980d9c0c-33ac-4a22-b481-33b8b1eac469@group-23022C6A558E, cid=660, SUCCESS, logIndex=811, commits[980d9c0c-33ac-4a22-b481-33b8b1eac469:c812, e00ee311-0ce1-4115-b4c1-69648d9d3094:c809, bb9367ec-656d-4ade-92be-004a921408cc:c809]
2019-08-06 03:26:14,110 INFO  client.GrpcClientProtocolClient (GrpcClientProtocolClient.java:onNext(255)) - client-9DC82E534C87->980d9c0c-33ac-4a22-b481-33b8b1eac469: receive RaftClientReply:client-9DC82E534C87->980d9c0c-33ac-4a22-b481-33b8b1eac469@group-23022C6A558E, cid=661, SUCCESS, logIndex=812, commits[980d9c0c-33ac-4a22-b481-33b8b1eac469:c813, e00ee311-0ce1-4115-b4c1-69648d9d3094:c809, bb9367ec-656d-4ade-92be-004a921408cc:c809]
2019-08-06 03:26:14,111 INFO  client.GrpcClientProtocolClient (GrpcClientProtocolClient.java:onNext(255)) - client-9DC82E534C87->980d9c0c-33ac-4a22-b481-33b8b1eac469: receive RaftClientReply:client-9DC82E534C87->980d9c0c-33ac-4a22-b481-33b8b1eac469@group-23022C6A558E, cid=662, SUCCESS, logIndex=813, commits[980d9c0c-33ac-4a22-b481-33b8b1eac469:c813, e00ee311-0ce1-4115-b4c1-69648d9d3094:c809, bb9367ec-656d-4ade-92be-004a921408cc:c809]
2019-08-06 03:26:14,112 INFO  client.GrpcClientProtocolClient (GrpcClientProtocolClient.java:onNext(255)) - client-9DC82E534C87->980d9c0c-33ac-4a22-b481-33b8b1eac469: receive RaftClientReply:client-9DC82E534C87->980d9c0c-33ac-4a22-b481-33b8b1eac469@group-23022C6A558E, cid=663, SUCCESS, logIndex=0, commits[980d9c0c-33ac-4a22-b481-33b8b1eac469:c816, e00ee311-0ce1-4115-b4c1-69648d9d3094:c813, bb9367ec-656d-4ade-92be-004a921408cc:c812]
2019-08-06 03:26:14,138 INFO  client.GrpcClientProtocolClient (GrpcClientProtocolClient.java:onNext(255)) - client-9DC82E534C87->980d9c0c-33ac-4a22-b481-33b8b1eac469: receive RaftClientReply:client-9DC82E534C87->980d9c0c-33ac-4a22-b481-33b8b1eac469@group-23022C6A558E, cid=664, SUCCESS, logIndex=818, commits[980d9c0c-33ac-4a22-b481-33b8b1eac469:c819, e00ee311-0ce1-4115-b4c1-69648d9d3094:c817, bb9367ec-656d-4ade-92be-004a921408cc:c817]
2019-08-06 03:26:14,139 INFO  client.GrpcClientProtocolClient (GrpcClientProtocolClient.java:onNext(255)) - client-9DC82E534C87->980d9c0c-33ac-4a22-b481-33b8b1eac469: receive RaftClientReply:client-9DC82E534C87->980d9c0c-33ac-4a22-b481-33b8b1eac469@group-23022C6A558E, cid=665, SUCCESS, logIndex=819, commits[980d9c0c-33ac-4a22-b481-33b8b1eac469:c819, e00ee311-0ce1-4115-b4c1-69648d9d3094:c817, bb9367ec-656d-4ade-92be-004a921408cc:c817]
2019-08-06 03:26:14,169 INFO  client.GrpcClientProtocolClient (GrpcClientProtocolClient.java:onNext(255)) - client-9DC82E534C87->980d9c0c-33ac-4a22-b481-33b8b1eac469: receive RaftClientReply:client-9DC82E534C87->980d9c0c-33ac-4a22-b481-33b8b1eac469@group-23022C6A558E, cid=666, SUCCESS, logIndex=822, commits[980d9c0c-33ac-4a22-b481-33b8b1eac469:c823, e00ee311-0ce1-4115-b4c1-69648d9d3094:c819, bb9367ec-656d-4ade-92be-004a921408cc:c819]
2019-08-06 03:26:14,169 INFO  client.GrpcClientProtocolClient (GrpcClientProtocolClient.java:onNext(255)) - client-9DC82E534C87->980d9c0c-33ac-4a22-b481-33b8b1eac469: receive RaftClientReply:client-9DC82E534C87->980d9c0c-33ac-4a22-b481-33b8b1eac469@group-23022C6A558E, cid=667, SUCCESS, logIndex=823, commits[980d9c0c-33ac-4a22-b481-33b8b1eac469:c823, e00ee311-0ce1-4115-b4c1-69648d9d3094:c819, bb9367ec-656d-4ade-92be-004a921408cc:c819]
2019-08-06 03:26:14,173 INFO  client.GrpcClientProtocolClient (GrpcClientProtocolClient.java:onNext(255)) - client-9DC82E534C87->980d9c0c-33ac-4a22-b481-33b8b1eac469: receive RaftClientReply:client-9DC82E534C87->980d9c0c-33ac-4a22-b481-33b8b1eac469@group-23022C6A558E, cid=668, SUCCESS, logIndex=0, commits[980d9c0c-33ac-4a22-b481-33b8b1eac469:c825, e00ee311-0ce1-4115-b4c1-69648d9d3094:c823, bb9367ec-656d-4ade-92be-004a921408cc:c823]
2019-08-06 03:26:14,200 INFO  client.GrpcClientProtocolClient (GrpcClientProtocolClient.java:onNext(255)) - client-9DC82E534C87->980d9c0c-33ac-4a22-b481-33b8b1eac469: receive RaftClientReply:client-9DC82E534C87->980d9c0c-33ac-4a22-b481-33b8b1eac469@group-23022C6A558E, cid=669, SUCCESS, logIndex=826, commits[980d9c0c-33ac-4a22-b481-33b8b1eac469:c827, e00ee311-0ce1-4115-b4c1-69648d9d3094:c825, bb9367ec-656d-4ade-92be-004a921408cc:c825]
2019-08-06 03:26:14,201 INFO  client.GrpcClientProtocolClient (GrpcClientProtocolClient.java:onNext(255)) - client-9DC82E534C87->980d9c0c-33ac-4a22-b481-33b8b1eac469: receive RaftClientReply:client-9DC82E534C87->980d9c0c-33ac-4a22-b481-33b8b1eac469@group-23022C6A558E, cid=670, SUCCESS, logIndex=827, commits[980d9c0c-33ac-4a22-b481-33b8b1eac469:c827, e00ee311-0ce1-4115-b4c1-69648d9d3094:c825, bb9367ec-656d-4ade-92be-004a921408cc:c825]
2019-08-06 03:26:14,202 INFO  client.GrpcClientProtocolClient (GrpcClientProtocolClient.java:onNext(255)) - client-9DC82E534C87->980d9c0c-33ac-4a22-b481-33b8b1eac469: receive RaftClientReply:client-9DC82E534C87->980d9c0c-33ac-4a22-b481-33b8b1eac469@group-23022C6A558E, cid=671, SUCCESS, logIndex=828, commits[980d9c0c-33ac-4a22-b481-33b8b1eac469:c828, e00ee311-0ce1-4115-b4c1-69648d9d3094:c825, bb9367ec-656d-4ade-92be-004a921408cc:c825]
2019-08-06 03:26:14,202 INFO  client.GrpcClientProtocolClient (GrpcClientProtocolClient.java:onNext(255)) - client-9DC82E534C87->980d9c0c-33ac-4a22-b481-33b8b1eac469: receive RaftClientReply:client-9DC82E534C87->980d9c0c-33ac-4a22-b481-33b8b1eac469@group-23022C6A558E, cid=672, SUCCESS, logIndex=829, commits[980d9c0c-33ac-4a22-b481-33b8b1eac469:c829, e00ee311-0ce1-4115-b4c1-69648d9d3094:c825, bb9367ec-656d-4ade-92be-004a921408cc:c825]
2019-08-06 03:26:14,204 INFO  client.GrpcClientProtocolClient (GrpcClientProtocolClient.java:onNext(255)) - client-9DC82E534C87->980d9c0c-33ac-4a22-b481-33b8b1eac469: receive RaftClientReply:client-9DC82E534C87->980d9c0c-33ac-4a22-b481-33b8b1eac469@group-23022C6A558E, cid=673, SUCCESS, logIndex=0, commits[980d9c0c-33ac-4a22-b481-33b8b1eac469:c831, e00ee311-0ce1-4115-b4c1-69648d9d3094:c827, bb9367ec-656d-4ade-92be-004a921408cc:c827]
2019-08-06 03:26:14,227 INFO  client.GrpcClientProtocolClient (GrpcClientProtocolClient.java:onNext(255)) - client-9DC82E534C87->980d9c0c-33ac-4a22-b481-33b8b1eac469: receive RaftClientReply:client-9DC82E534C87->980d9c0c-33ac-4a22-b481-33b8b1eac469@group-23022C6A558E, cid=674, SUCCESS, logIndex=834, commits[980d9c0c-33ac-4a22-b481-33b8b1eac469:c835, e00ee311-0ce1-4115-b4c1-69648d9d3094:c833, bb9367ec-656d-4ade-92be-004a921408cc:c833]
2019-08-06 03:26:14,228 INFO  client.GrpcClientProtocolClient (GrpcClientProtocolClient.java:onNext(255)) - client-9DC82E534C87->980d9c0c-33ac-4a22-b481-33b8b1eac469: receive RaftClientReply:client-9DC82E534C87->980d9c0c-33ac-4a22-b481-33b8b1eac469@group-23022C6A558E, cid=675, SUCCESS, logIndex=835, commits[980d9c0c-33ac-4a22-b481-33b8b1eac469:c835, e00ee311-0ce1-4115-b4c1-69648d9d3094:c833, bb9367ec-656d-4ade-92be-004a921408cc:c833]
2019-08-06 03:26:14,253 INFO  client.GrpcClientProtocolClient (GrpcClientProtocolClient.java:onNext(255)) - client-9DC82E534C87->980d9c0c-33ac-4a22-b481-33b8b1eac469: receive RaftClientReply:client-9DC82E534C87->980d9c0c-33ac-4a22-b481-33b8b1eac469@group-23022C6A558E, cid=676, SUCCESS, logIndex=838, commits[980d9c0c-33ac-4a22-b481-33b8b1eac469:c839, e00ee311-0ce1-4115-b4c1-69648d9d3094:c835, bb9367ec-656d-4ade-92be-004a921408cc:c835]
2019-08-06 03:26:14,253 INFO  client.GrpcClientProtocolClient (GrpcClientProtocolClient.java:onNext(255)) - client-9DC82E534C87->980d9c0c-33ac-4a22-b481-33b8b1eac469: receive RaftClientReply:client-9DC82E534C87->980d9c0c-33ac-4a22-b481-33b8b1eac469@group-23022C6A558E, cid=677, SUCCESS, logIndex=839, commits[980d9c0c-33ac-4a22-b481-33b8b1eac469:c839, e00ee311-0ce1-4115-b4c1-69648d9d3094:c835, bb9367ec-656d-4ade-92be-004a921408cc:c835]
2019-08-06 03:26:14,266 INFO  client.GrpcClientProtocolClient (GrpcClientProtocolClient.java:onNext(255)) - client-9DC82E534C87->980d9c0c-33ac-4a22-b481-33b8b1eac469: receive RaftClientReply:client-9DC82E534C87->980d9c0c-33ac-4a22-b481-33b8b1eac469@group-23022C6A558E, cid=678, SUCCESS, logIndex=0, commits[980d9c0c-33ac-4a22-b481-33b8b1eac469:c841, e00ee311-0ce1-4115-b4c1-69648d9d3094:c839, bb9367ec-656d-4ade-92be-004a921408cc:c839]
2019-08-06 03:26:14,290 INFO  client.GrpcClientProtocolClient (GrpcClientProtocolClient.java:onNext(255)) - client-9DC82E534C87->980d9c0c-33ac-4a22-b481-33b8b1eac469: receive RaftClientReply:client-9DC82E534C87->980d9c0c-33ac-4a22-b481-33b8b1eac469@group-23022C6A558E, cid=679, SUCCESS, logIndex=842, commits[980d9c0c-33ac-4a22-b481-33b8b1eac469:c843, e00ee311-0ce1-4115-b4c1-69648d9d3094:c841, bb9367ec-656d-4ade-92be-004a921408cc:c841]
2019-08-06 03:26:14,291 INFO  client.GrpcClientProtocolClient (GrpcClientProtocolClient.java:onNext(255)) - client-9DC82E534C87->980d9c0c-33ac-4a22-b481-33b8b1eac469: receive RaftClientReply:client-9DC82E534C87->980d9c0c-33ac-4a22-b481-33b8b1eac469@group-23022C6A558E, cid=680, SUCCESS, logIndex=843, commits[980d9c0c-33ac-4a22-b481-33b8b1eac469:c844, e00ee311-0ce1-4115-b4c1-69648d9d3094:c841, bb9367ec-656d-4ade-92be-004a921408cc:c841]
2019-08-06 03:26:14,291 INFO  client.GrpcClientProtocolClient (GrpcClientProtocolClient.java:onNext(255)) - client-9DC82E534C87->980d9c0c-33ac-4a22-b481-33b8b1eac469: receive RaftClientReply:client-9DC82E534C87->980d9c0c-33ac-4a22-b481-33b8b1eac469@group-23022C6A558E, cid=681, SUCCESS, logIndex=844, commits[980d9c0c-33ac-4a22-b481-33b8b1eac469:c845, e00ee311-0ce1-4115-b4c1-69648d9d3094:c841, bb9367ec-656d-4ade-92be-004a921408cc:c841]
2019-08-06 03:26:14,292 INFO  client.GrpcClientProtocolClient (GrpcClientProtocolClient.java:onNext(255)) - client-9DC82E534C87->980d9c0c-33ac-4a22-b481-33b8b1eac469: receive RaftClientReply:client-9DC82E534C87->980d9c0c-33ac-4a22-b481-33b8b1eac469@group-23022C6A558E, cid=682, SUCCESS, logIndex=845, commits[980d9c0c-33ac-4a22-b481-33b8b1eac469:c846, e00ee311-0ce1-4115-b4c1-69648d9d3094:c842, bb9367ec-656d-4ade-92be-004a921408cc:c843]
2019-08-06 03:26:14,293 INFO  client.GrpcClientProtocolClient (GrpcClientProtocolClient.java:onNext(255)) - client-9DC82E534C87->980d9c0c-33ac-4a22-b481-33b8b1eac469: receive RaftClientReply:client-9DC82E534C87->980d9c0c-33ac-4a22-b481-33b8b1eac469@group-23022C6A558E, cid=683, SUCCESS, logIndex=0, commits[980d9c0c-33ac-4a22-b481-33b8b1eac469:c849, e00ee311-0ce1-4115-b4c1-69648d9d3094:c845, bb9367ec-656d-4ade-92be-004a921408cc:c844]
2019-08-06 03:26:14,316 INFO  client.GrpcClientProtocolClient (GrpcClientProtocolClient.java:onNext(255)) - client-9DC82E534C87->980d9c0c-33ac-4a22-b481-33b8b1eac469: receive RaftClientReply:client-9DC82E534C87->980d9c0c-33ac-4a22-b481-33b8b1eac469@group-23022C6A558E, cid=684, SUCCESS, logIndex=850, commits[980d9c0c-33ac-4a22-b481-33b8b1eac469:c851, e00ee311-0ce1-4115-b4c1-69648d9d3094:c849, bb9367ec-656d-4ade-92be-004a921408cc:c849]
2019-08-06 03:26:14,317 INFO  client.GrpcClientProtocolClient (GrpcClientProtocolClient.java:onNext(255)) - client-9DC82E534C87->980d9c0c-33ac-4a22-b481-33b8b1eac469: receive RaftClientReply:client-9DC82E534C87->980d9c0c-33ac-4a22-b481-33b8b1eac469@group-23022C6A558E, cid=685, SUCCESS, logIndex=851, commits[980d9c0c-33ac-4a22-b481-33b8b1eac469:c851, e00ee311-0ce1-4115-b4c1-69648d9d3094:c849, bb9367ec-656d-4ade-92be-004a921408cc:c849]
2019-08-06 03:26:14,342 INFO  client.GrpcClientProtocolClient (GrpcClientProtocolClient.java:onNext(255)) - client-9DC82E534C87->980d9c0c-33ac-4a22-b481-33b8b1eac469: receive RaftClientReply:client-9DC82E534C87->980d9c0c-33ac-4a22-b481-33b8b1eac469@group-23022C6A558E, cid=686, SUCCESS, logIndex=854, commits[980d9c0c-33ac-4a22-b481-33b8b1eac469:c855, e00ee311-0ce1-4115-b4c1-69648d9d3094:c851, bb9367ec-656d-4ade-92be-004a921408cc:c850]
2019-08-06 03:26:14,342 INFO  client.GrpcClientProtocolClient (GrpcClientProtocolClient.java:onNext(255)) - client-9DC82E534C87->980d9c0c-33ac-4a22-b481-33b8b1eac469: receive RaftClientReply:client-9DC82E534C87->980d9c0c-33ac-4a22-b481-33b8b1eac469@group-23022C6A558E, cid=687, SUCCESS, logIndex=855, commits[980d9c0c-33ac-4a22-b481-33b8b1eac469:c855, e00ee311-0ce1-4115-b4c1-69648d9d3094:c851, bb9367ec-656d-4ade-92be-004a921408cc:c851]
2019-08-06 03:26:14,356 INFO  client.GrpcClientProtocolClient (GrpcClientProtocolClient.java:onNext(255)) - client-9DC82E534C87->980d9c0c-33ac-4a22-b481-33b8b1eac469: receive RaftClientReply:client-9DC82E534C87->980d9c0c-33ac-4a22-b481-33b8b1eac469@group-23022C6A558E, cid=688, SUCCESS, logIndex=0, commits[980d9c0c-33ac-4a22-b481-33b8b1eac469:c857, e00ee311-0ce1-4115-b4c1-69648d9d3094:c855, bb9367ec-656d-4ade-92be-004a921408cc:c855]
2019-08-06 03:26:14,496 INFO  client.GrpcClientProtocolClient (GrpcClientProtocolClient.java:onNext(255)) - client-9DC82E534C87->980d9c0c-33ac-4a22-b481-33b8b1eac469: receive RaftClientReply:client-9DC82E534C87->980d9c0c-33ac-4a22-b481-33b8b1eac469@group-23022C6A558E, cid=689, SUCCESS, logIndex=858, commits[980d9c0c-33ac-4a22-b481-33b8b1eac469:c859, e00ee311-0ce1-4115-b4c1-69648d9d3094:c857, bb9367ec-656d-4ade-92be-004a921408cc:c857]
2019-08-06 03:26:14,497 INFO  client.GrpcClientProtocolClient (GrpcClientProtocolClient.java:onNext(255)) - client-9DC82E534C87->980d9c0c-33ac-4a22-b481-33b8b1eac469: receive RaftClientReply:client-9DC82E534C87->980d9c0c-33ac-4a22-b481-33b8b1eac469@group-23022C6A558E, cid=690, SUCCESS, logIndex=859, commits[980d9c0c-33ac-4a22-b481-33b8b1eac469:c860, e00ee311-0ce1-4115-b4c1-69648d9d3094:c857, bb9367ec-656d-4ade-92be-004a921408cc:c857]
2019-08-06 03:26:14,498 INFO  client.GrpcClientProtocolClient (GrpcClientProtocolClient.java:onNext(255)) - client-9DC82E534C87->980d9c0c-33ac-4a22-b481-33b8b1eac469: receive RaftClientReply:client-9DC82E534C87->980d9c0c-33ac-4a22-b481-33b8b1eac469@group-23022C6A558E, cid=691, SUCCESS, logIndex=860, commits[980d9c0c-33ac-4a22-b481-33b8b1eac469:c861, e00ee311-0ce1-4115-b4c1-69648d9d3094:c857, bb9367ec-656d-4ade-92be-004a921408cc:c857]
2019-08-06 03:26:14,498 INFO  client.GrpcClientProtocolClient (GrpcClientProtocolClient.java:onNext(255)) - client-9DC82E534C87->980d9c0c-33ac-4a22-b481-33b8b1eac469: receive RaftClientReply:client-9DC82E534C87->980d9c0c-33ac-4a22-b481-33b8b1eac469@group-23022C6A558E, cid=692, SUCCESS, logIndex=861, commits[980d9c0c-33ac-4a22-b481-33b8b1eac469:c861, e00ee311-0ce1-4115-b4c1-69648d9d3094:c858, bb9367ec-656d-4ade-92be-004a921408cc:c857]
2019-08-06 03:26:14,500 INFO  client.GrpcClientProtocolClient (GrpcClientProtocolClient.java:onNext(255)) - client-9DC82E534C87->980d9c0c-33ac-4a22-b481-33b8b1eac469: receive RaftClientReply:client-9DC82E534C87->980d9c0c-33ac-4a22-b481-33b8b1eac469@group-23022C6A558E, cid=693, SUCCESS, logIndex=0, commits[980d9c0c-33ac-4a22-b481-33b8b1eac469:c863, e00ee311-0ce1-4115-b4c1-69648d9d3094:c859, bb9367ec-656d-4ade-92be-004a921408cc:c859]
2019-08-06 03:26:14,529 INFO  client.GrpcClientProtocolClient (GrpcClientProtocolClient.java:onNext(255)) - client-9DC82E534C87->980d9c0c-33ac-4a22-b481-33b8b1eac469: receive RaftClientReply:client-9DC82E534C87->980d9c0c-33ac-4a22-b481-33b8b1eac469@group-23022C6A558E, cid=694, SUCCESS, logIndex=866, commits[980d9c0c-33ac-4a22-b481-33b8b1eac469:c867, e00ee311-0ce1-4115-b4c1-69648d9d3094:c865, bb9367ec-656d-4ade-92be-004a921408cc:c865]
2019-08-06 03:26:14,530 INFO  client.GrpcClientProtocolClient (GrpcClientProtocolClient.java:onNext(255)) - client-9DC82E534C87->980d9c0c-33ac-4a22-b481-33b8b1eac469: receive RaftClientReply:client-9DC82E534C87->980d9c0c-33ac-4a22-b481-33b8b1eac469@group-23022C6A558E, cid=695, SUCCESS, logIndex=867, commits[980d9c0c-33ac-4a22-b481-33b8b1eac469:c867, e00ee311-0ce1-4115-b4c1-69648d9d3094:c865, bb9367ec-656d-4ade-92be-004a921408cc:c865]
2019-08-06 03:26:14,557 INFO  client.GrpcClientProtocolClient (GrpcClientProtocolClient.java:onNext(255)) - client-9DC82E534C87->980d9c0c-33ac-4a22-b481-33b8b1eac469: receive RaftClientReply:client-9DC82E534C87->980d9c0c-33ac-4a22-b481-33b8b1eac469@group-23022C6A558E, cid=696, SUCCESS, logIndex=870, commits[980d9c0c-33ac-4a22-b481-33b8b1eac469:c871, e00ee311-0ce1-4115-b4c1-69648d9d3094:c867, bb9367ec-656d-4ade-92be-004a921408cc:c868]
2019-08-06 03:26:14,558 INFO  client.GrpcClientProtocolClient (GrpcClientProtocolClient.java:onNext(255)) - client-9DC82E534C87->980d9c0c-33ac-4a22-b481-33b8b1eac469: receive RaftClientReply:client-9DC82E534C87->980d9c0c-33ac-4a22-b481-33b8b1eac469@group-23022C6A558E, cid=697, SUCCESS, logIndex=871, commits[980d9c0c-33ac-4a22-b481-33b8b1eac469:c871, e00ee311-0ce1-4115-b4c1-69648d9d3094:c868, bb9367ec-656d-4ade-92be-004a921408cc:c868]
2019-08-06 03:26:14,570 INFO  client.GrpcClientProtocolClient (GrpcClientProtocolClient.java:onNext(255)) - client-9DC82E534C87->980d9c0c-33ac-4a22-b481-33b8b1eac469: receive RaftClientReply:client-9DC82E534C87->980d9c0c-33ac-4a22-b481-33b8b1eac469@group-23022C6A558E, cid=698, SUCCESS, logIndex=0, commits[980d9c0c-33ac-4a22-b481-33b8b1eac469:c873, e00ee311-0ce1-4115-b4c1-69648d9d3094:c871, bb9367ec-656d-4ade-92be-004a921408cc:c871]
2019-08-06 03:26:14,602 INFO  client.GrpcClientProtocolClient (GrpcClientProtocolClient.java:onNext(255)) - client-9DC82E534C87->980d9c0c-33ac-4a22-b481-33b8b1eac469: receive RaftClientReply:client-9DC82E534C87->980d9c0c-33ac-4a22-b481-33b8b1eac469@group-23022C6A558E, cid=699, SUCCESS, logIndex=874, commits[980d9c0c-33ac-4a22-b481-33b8b1eac469:c877, e00ee311-0ce1-4115-b4c1-69648d9d3094:c873, bb9367ec-656d-4ade-92be-004a921408cc:c873]
2019-08-06 03:26:14,603 INFO  client.GrpcClientProtocolClient (GrpcClientProtocolClient.java:onNext(255)) - client-9DC82E534C87->980d9c0c-33ac-4a22-b481-33b8b1eac469: receive RaftClientReply:client-9DC82E534C87->980d9c0c-33ac-4a22-b481-33b8b1eac469@group-23022C6A558E, cid=700, SUCCESS, logIndex=875, commits[980d9c0c-33ac-4a22-b481-33b8b1eac469:c877, e00ee311-0ce1-4115-b4c1-69648d9d3094:c873, bb9367ec-656d-4ade-92be-004a921408cc:c873]
2019-08-06 03:26:14,603 INFO  client.GrpcClientProtocolClient (GrpcClientProtocolClient.java:onNext(255)) - client-9DC82E534C87->980d9c0c-33ac-4a22-b481-33b8b1eac469: receive RaftClientReply:client-9DC82E534C87->980d9c0c-33ac-4a22-b481-33b8b1eac469@group-23022C6A558E, cid=701, SUCCESS, logIndex=876, commits[980d9c0c-33ac-4a22-b481-33b8b1eac469:c877, e00ee311-0ce1-4115-b4c1-69648d9d3094:c873, bb9367ec-656d-4ade-92be-004a921408cc:c873]
2019-08-06 03:26:14,604 INFO  client.GrpcClientProtocolClient (GrpcClientProtocolClient.java:onNext(255)) - client-9DC82E534C87->980d9c0c-33ac-4a22-b481-33b8b1eac469: receive RaftClientReply:client-9DC82E534C87->980d9c0c-33ac-4a22-b481-33b8b1eac469@group-23022C6A558E, cid=702, SUCCESS, logIndex=877, commits[980d9c0c-33ac-4a22-b481-33b8b1eac469:c877, e00ee311-0ce1-4115-b4c1-69648d9d3094:c873, bb9367ec-656d-4ade-92be-004a921408cc:c873]
2019-08-06 03:26:14,612 INFO  client.GrpcClientProtocolClient (GrpcClientProtocolClient.java:onNext(255)) - client-9DC82E534C87->980d9c0c-33ac-4a22-b481-33b8b1eac469: receive RaftClientReply:client-9DC82E534C87->980d9c0c-33ac-4a22-b481-33b8b1eac469@group-23022C6A558E, cid=703, SUCCESS, logIndex=0, commits[980d9c0c-33ac-4a22-b481-33b8b1eac469:c878, e00ee311-0ce1-4115-b4c1-69648d9d3094:c875, bb9367ec-656d-4ade-92be-004a921408cc:c875]
2019-08-06 03:26:14,634 INFO  client.GrpcClientProtocolClient (GrpcClientProtocolClient.java:onNext(255)) - client-9DC82E534C87->980d9c0c-33ac-4a22-b481-33b8b1eac469: receive RaftClientReply:client-9DC82E534C87->980d9c0c-33ac-4a22-b481-33b8b1eac469@group-23022C6A558E, cid=704, SUCCESS, logIndex=881, commits[980d9c0c-33ac-4a22-b481-33b8b1eac469:c882, e00ee311-0ce1-4115-b4c1-69648d9d3094:c880, bb9367ec-656d-4ade-92be-004a921408cc:c880]
2019-08-06 03:26:14,635 INFO  client.GrpcClientProtocolClient (GrpcClientProtocolClient.java:onNext(255)) - client-9DC82E534C87->980d9c0c-33ac-4a22-b481-33b8b1eac469: receive RaftClientReply:client-9DC82E534C87->980d9c0c-33ac-4a22-b481-33b8b1eac469@group-23022C6A558E, cid=705, SUCCESS, logIndex=882, commits[980d9c0c-33ac-4a22-b481-33b8b1eac469:c882, e00ee311-0ce1-4115-b4c1-69648d9d3094:c880, bb9367ec-656d-4ade-92be-004a921408cc:c880]
2019-08-06 03:26:14,661 INFO  client.GrpcClientProtocolClient (GrpcClientProtocolClient.java:onNext(255)) - client-9DC82E534C87->980d9c0c-33ac-4a22-b481-33b8b1eac469: receive RaftClientReply:client-9DC82E534C87->980d9c0c-33ac-4a22-b481-33b8b1eac469@group-23022C6A558E, cid=706, SUCCESS, logIndex=885, commits[980d9c0c-33ac-4a22-b481-33b8b1eac469:c886, e00ee311-0ce1-4115-b4c1-69648d9d3094:c882, bb9367ec-656d-4ade-92be-004a921408cc:c882]
2019-08-06 03:26:14,662 INFO  client.GrpcClientProtocolClient (GrpcClientProtocolClient.java:onNext(255)) - client-9DC82E534C87->980d9c0c-33ac-4a22-b481-33b8b1eac469: receive RaftClientReply:client-9DC82E534C87->980d9c0c-33ac-4a22-b481-33b8b1eac469@group-23022C6A558E, cid=707, SUCCESS, logIndex=886, commits[980d9c0c-33ac-4a22-b481-33b8b1eac469:c886, e00ee311-0ce1-4115-b4c1-69648d9d3094:c882, bb9367ec-656d-4ade-92be-004a921408cc:c882]
2019-08-06 03:26:14,674 INFO  client.GrpcClientProtocolClient (GrpcClientProtocolClient.java:onNext(255)) - client-9DC82E534C87->980d9c0c-33ac-4a22-b481-33b8b1eac469: receive RaftClientReply:client-9DC82E534C87->980d9c0c-33ac-4a22-b481-33b8b1eac469@group-23022C6A558E, cid=708, SUCCESS, logIndex=0, commits[980d9c0c-33ac-4a22-b481-33b8b1eac469:c888, e00ee311-0ce1-4115-b4c1-69648d9d3094:c886, bb9367ec-656d-4ade-92be-004a921408cc:c886]
2019-08-06 03:26:14,697 INFO  client.GrpcClientProtocolClient (GrpcClientProtocolClient.java:onNext(255)) - client-9DC82E534C87->980d9c0c-33ac-4a22-b481-33b8b1eac469: receive RaftClientReply:client-9DC82E534C87->980d9c0c-33ac-4a22-b481-33b8b1eac469@group-23022C6A558E, cid=709, SUCCESS, logIndex=889, commits[980d9c0c-33ac-4a22-b481-33b8b1eac469:c890, e00ee311-0ce1-4115-b4c1-69648d9d3094:c888, bb9367ec-656d-4ade-92be-004a921408cc:c888]
2019-08-06 03:26:14,698 INFO  client.GrpcClientProtocolClient (GrpcClientProtocolClient.java:onNext(255)) - client-9DC82E534C87->980d9c0c-33ac-4a22-b481-33b8b1eac469: receive RaftClientReply:client-9DC82E534C87->980d9c0c-33ac-4a22-b481-33b8b1eac469@group-23022C6A558E, cid=710, SUCCESS, logIndex=890, commits[980d9c0c-33ac-4a22-b481-33b8b1eac469:c891, e00ee311-0ce1-4115-b4c1-69648d9d3094:c888, bb9367ec-656d-4ade-92be-004a921408cc:c888]
2019-08-06 03:26:14,698 INFO  client.GrpcClientProtocolClient (GrpcClientProtocolClient.java:onNext(255)) - client-9DC82E534C87->980d9c0c-33ac-4a22-b481-33b8b1eac469: receive RaftClientReply:client-9DC82E534C87->980d9c0c-33ac-4a22-b481-33b8b1eac469@group-23022C6A558E, cid=711, SUCCESS, logIndex=891, commits[980d9c0c-33ac-4a22-b481-33b8b1eac469:c892, e00ee311-0ce1-4115-b4c1-69648d9d3094:c888, bb9367ec-656d-4ade-92be-004a921408cc:c888]
2019-08-06 03:26:14,699 INFO  client.GrpcClientProtocolClient (GrpcClientProtocolClient.java:onNext(255)) - client-9DC82E534C87->980d9c0c-33ac-4a22-b481-33b8b1eac469: receive RaftClientReply:client-9DC82E534C87->980d9c0c-33ac-4a22-b481-33b8b1eac469@group-23022C6A558E, cid=712, SUCCESS, logIndex=892, commits[980d9c0c-33ac-4a22-b481-33b8b1eac469:c892, e00ee311-0ce1-4115-b4c1-69648d9d3094:c888, bb9367ec-656d-4ade-92be-004a921408cc:c888]
2019-08-06 03:26:14,700 INFO  client.GrpcClientProtocolClient (GrpcClientProtocolClient.java:onNext(255)) - client-9DC82E534C87->980d9c0c-33ac-4a22-b481-33b8b1eac469: receive RaftClientReply:client-9DC82E534C87->980d9c0c-33ac-4a22-b481-33b8b1eac469@group-23022C6A558E, cid=713, SUCCESS, logIndex=0, commits[980d9c0c-33ac-4a22-b481-33b8b1eac469:c896, e00ee311-0ce1-4115-b4c1-69648d9d3094:c891, bb9367ec-656d-4ade-92be-004a921408cc:c892]
2019-08-06 03:26:14,724 INFO  client.GrpcClientProtocolClient (GrpcClientProtocolClient.java:onNext(255)) - client-9DC82E534C87->980d9c0c-33ac-4a22-b481-33b8b1eac469: receive RaftClientReply:client-9DC82E534C87->980d9c0c-33ac-4a22-b481-33b8b1eac469@group-23022C6A558E, cid=714, SUCCESS, logIndex=897, commits[980d9c0c-33ac-4a22-b481-33b8b1eac469:c898, e00ee311-0ce1-4115-b4c1-69648d9d3094:c896, bb9367ec-656d-4ade-92be-004a921408cc:c896]
2019-08-06 03:26:14,725 INFO  client.GrpcClientProtocolClient (GrpcClientProtocolClient.java:onNext(255)) - client-9DC82E534C87->980d9c0c-33ac-4a22-b481-33b8b1eac469: receive RaftClientReply:client-9DC82E534C87->980d9c0c-33ac-4a22-b481-33b8b1eac469@group-23022C6A558E, cid=715, SUCCESS, logIndex=898, commits[980d9c0c-33ac-4a22-b481-33b8b1eac469:c898, e00ee311-0ce1-4115-b4c1-69648d9d3094:c896, bb9367ec-656d-4ade-92be-004a921408cc:c896]
2019-08-06 03:26:14,739 INFO  client.GrpcClientProtocolClient (GrpcClientProtocolClient.java:onNext(255)) - client-9DC82E534C87->980d9c0c-33ac-4a22-b481-33b8b1eac469: receive RaftClientReply:client-9DC82E534C87->980d9c0c-33ac-4a22-b481-33b8b1eac469@group-23022C6A558E, cid=716, SUCCESS, logIndex=901, commits[980d9c0c-33ac-4a22-b481-33b8b1eac469:c902, e00ee311-0ce1-4115-b4c1-69648d9d3094:c897, bb9367ec-656d-4ade-92be-004a921408cc:c898]
2019-08-06 03:26:14,739 INFO  client.GrpcClientProtocolClient (GrpcClientProtocolClient.java:onNext(255)) - client-9DC82E534C87->980d9c0c-33ac-4a22-b481-33b8b1eac469: receive RaftClientReply:client-9DC82E534C87->980d9c0c-33ac-4a22-b481-33b8b1eac469@group-23022C6A558E, cid=717, SUCCESS, logIndex=902, commits[980d9c0c-33ac-4a22-b481-33b8b1eac469:c902, e00ee311-0ce1-4115-b4c1-69648d9d3094:c898, bb9367ec-656d-4ade-92be-004a921408cc:c898]
2019-08-06 03:26:14,742 INFO  client.GrpcClientProtocolClient (GrpcClientProtocolClient.java:onNext(255)) - client-9DC82E534C87->980d9c0c-33ac-4a22-b481-33b8b1eac469: receive RaftClientReply:client-9DC82E534C87->980d9c0c-33ac-4a22-b481-33b8b1eac469@group-23022C6A558E, cid=718, SUCCESS, logIndex=0, commits[980d9c0c-33ac-4a22-b481-33b8b1eac469:c904, e00ee311-0ce1-4115-b4c1-69648d9d3094:c902, bb9367ec-656d-4ade-92be-004a921408cc:c902]
2019-08-06 03:26:14,758 INFO  client.GrpcClientProtocolClient (GrpcClientProtocolClient.java:onNext(255)) - client-9DC82E534C87->980d9c0c-33ac-4a22-b481-33b8b1eac469: receive RaftClientReply:client-9DC82E534C87->980d9c0c-33ac-4a22-b481-33b8b1eac469@group-23022C6A558E, cid=719, SUCCESS, logIndex=905, commits[980d9c0c-33ac-4a22-b481-33b8b1eac469:c906, e00ee311-0ce1-4115-b4c1-69648d9d3094:c902, bb9367ec-656d-4ade-92be-004a921408cc:c904]
2019-08-06 03:26:14,758 INFO  client.GrpcClientProtocolClient (GrpcClientProtocolClient.java:onNext(255)) - client-9DC82E534C87->980d9c0c-33ac-4a22-b481-33b8b1eac469: receive RaftClientReply:client-9DC82E534C87->980d9c0c-33ac-4a22-b481-33b8b1eac469@group-23022C6A558E, cid=720, SUCCESS, logIndex=906, commits[980d9c0c-33ac-4a22-b481-33b8b1eac469:c906, e00ee311-0ce1-4115-b4c1-69648d9d3094:c904, bb9367ec-656d-4ade-92be-004a921408cc:c904]
2019-08-06 03:26:14,788 INFO  client.GrpcClientProtocolClient (GrpcClientProtocolClient.java:onNext(255)) - client-9DC82E534C87->980d9c0c-33ac-4a22-b481-33b8b1eac469: receive RaftClientReply:client-9DC82E534C87->980d9c0c-33ac-4a22-b481-33b8b1eac469@group-23022C6A558E, cid=721, SUCCESS, logIndex=907, commits[980d9c0c-33ac-4a22-b481-33b8b1eac469:c908, e00ee311-0ce1-4115-b4c1-69648d9d3094:c904, bb9367ec-656d-4ade-92be-004a921408cc:c904]
2019-08-06 03:26:14,789 INFO  client.GrpcClientProtocolClient (GrpcClientProtocolClient.java:onNext(255)) - client-9DC82E534C87->980d9c0c-33ac-4a22-b481-33b8b1eac469: receive RaftClientReply:client-9DC82E534C87->980d9c0c-33ac-4a22-b481-33b8b1eac469@group-23022C6A558E, cid=722, SUCCESS, logIndex=908, commits[980d9c0c-33ac-4a22-b481-33b8b1eac469:c910, e00ee311-0ce1-4115-b4c1-69648d9d3094:c906, bb9367ec-656d-4ade-92be-004a921408cc:c906]
2019-08-06 03:26:14,816 INFO  client.GrpcClientProtocolClient (GrpcClientProtocolClient.java:onNext(255)) - client-9DC82E534C87->980d9c0c-33ac-4a22-b481-33b8b1eac469: receive RaftClientReply:client-9DC82E534C87->980d9c0c-33ac-4a22-b481-33b8b1eac469@group-23022C6A558E, cid=723, SUCCESS, logIndex=913, commits[980d9c0c-33ac-4a22-b481-33b8b1eac469:c914, e00ee311-0ce1-4115-b4c1-69648d9d3094:c908, bb9367ec-656d-4ade-92be-004a921408cc:c912]
2019-08-06 03:26:14,816 INFO  client.GrpcClientProtocolClient (GrpcClientProtocolClient.java:onNext(255)) - client-9DC82E534C87->980d9c0c-33ac-4a22-b481-33b8b1eac469: receive RaftClientReply:client-9DC82E534C87->980d9c0c-33ac-4a22-b481-33b8b1eac469@group-23022C6A558E, cid=724, SUCCESS, logIndex=914, commits[980d9c0c-33ac-4a22-b481-33b8b1eac469:c914, e00ee311-0ce1-4115-b4c1-69648d9d3094:c912, bb9367ec-656d-4ade-92be-004a921408cc:c912]
2019-08-06 03:26:14,843 INFO  client.GrpcClientProtocolClient (GrpcClientProtocolClient.java:onNext(255)) - client-9DC82E534C87->980d9c0c-33ac-4a22-b481-33b8b1eac469: receive RaftClientReply:client-9DC82E534C87->980d9c0c-33ac-4a22-b481-33b8b1eac469@group-23022C6A558E, cid=725, SUCCESS, logIndex=917, commits[980d9c0c-33ac-4a22-b481-33b8b1eac469:c918, e00ee311-0ce1-4115-b4c1-69648d9d3094:c916, bb9367ec-656d-4ade-92be-004a921408cc:c916]
2019-08-06 03:26:14,844 INFO  client.GrpcClientProtocolClient (GrpcClientProtocolClient.java:onNext(255)) - client-9DC82E534C87->980d9c0c-33ac-4a22-b481-33b8b1eac469: receive RaftClientReply:client-9DC82E534C87->980d9c0c-33ac-4a22-b481-33b8b1eac469@group-23022C6A558E, cid=726, SUCCESS, logIndex=918, commits[980d9c0c-33ac-4a22-b481-33b8b1eac469:c918, e00ee311-0ce1-4115-b4c1-69648d9d3094:c916, bb9367ec-656d-4ade-92be-004a921408cc:c916]
2019-08-06 03:26:14,855 INFO  client.GrpcClientProtocolClient (GrpcClientProtocolClient.java:onNext(255)) - client-9DC82E534C87->980d9c0c-33ac-4a22-b481-33b8b1eac469: receive RaftClientReply:client-9DC82E534C87->980d9c0c-33ac-4a22-b481-33b8b1eac469@group-23022C6A558E, cid=727, SUCCESS, logIndex=0, commits[980d9c0c-33ac-4a22-b481-33b8b1eac469:c920, e00ee311-0ce1-4115-b4c1-69648d9d3094:c918, bb9367ec-656d-4ade-92be-004a921408cc:c918]
2019-08-06 03:26:14,878 INFO  client.GrpcClientProtocolClient (GrpcClientProtocolClient.java:onNext(255)) - client-9DC82E534C87->980d9c0c-33ac-4a22-b481-33b8b1eac469: receive RaftClientReply:client-9DC82E534C87->980d9c0c-33ac-4a22-b481-33b8b1eac469@group-23022C6A558E, cid=728, SUCCESS, logIndex=921, commits[980d9c0c-33ac-4a22-b481-33b8b1eac469:c922, e00ee311-0ce1-4115-b4c1-69648d9d3094:c920, bb9367ec-656d-4ade-92be-004a921408cc:c920]
2019-08-06 03:26:14,878 INFO  client.GrpcClientProtocolClient (GrpcClientProtocolClient.java:onNext(255)) - client-9DC82E534C87->980d9c0c-33ac-4a22-b481-33b8b1eac469: receive RaftClientReply:client-9DC82E534C87->980d9c0c-33ac-4a22-b481-33b8b1eac469@group-23022C6A558E, cid=729, SUCCESS, logIndex=922, commits[980d9c0c-33ac-4a22-b481-33b8b1eac469:c922, e00ee311-0ce1-4115-b4c1-69648d9d3094:c920, bb9367ec-656d-4ade-92be-004a921408cc:c920]
2019-08-06 03:26:14,889 INFO  client.GrpcClientProtocolClient (GrpcClientProtocolClient.java:onNext(255)) - client-9DC82E534C87->980d9c0c-33ac-4a22-b481-33b8b1eac469: receive RaftClientReply:client-9DC82E534C87->980d9c0c-33ac-4a22-b481-33b8b1eac469@group-23022C6A558E, cid=730, SUCCESS, logIndex=923, commits[980d9c0c-33ac-4a22-b481-33b8b1eac469:c924, e00ee311-0ce1-4115-b4c1-69648d9d3094:c920, bb9367ec-656d-4ade-92be-004a921408cc:c920]
2019-08-06 03:26:14,889 INFO  client.GrpcClientProtocolClient (GrpcClientProtocolClient.java:onNext(255)) - client-9DC82E534C87->980d9c0c-33ac-4a22-b481-33b8b1eac469: receive RaftClientReply:client-9DC82E534C87->980d9c0c-33ac-4a22-b481-33b8b1eac469@group-23022C6A558E, cid=731, SUCCESS, logIndex=924, commits[980d9c0c-33ac-4a22-b481-33b8b1eac469:c924, e00ee311-0ce1-4115-b4c1-69648d9d3094:c920, bb9367ec-656d-4ade-92be-004a921408cc:c920]
2019-08-06 03:26:14,891 INFO  client.GrpcClientProtocolClient (GrpcClientProtocolClient.java:onNext(255)) - client-9DC82E534C87->980d9c0c-33ac-4a22-b481-33b8b1eac469: receive RaftClientReply:client-9DC82E534C87->980d9c0c-33ac-4a22-b481-33b8b1eac469@group-23022C6A558E, cid=732, SUCCESS, logIndex=0, commits[980d9c0c-33ac-4a22-b481-33b8b1eac469:c926, e00ee311-0ce1-4115-b4c1-69648d9d3094:c922, bb9367ec-656d-4ade-92be-004a921408cc:c922]
2019-08-06 03:26:14,911 INFO  client.GrpcClientProtocolClient (GrpcClientProtocolClient.java:onNext(255)) - client-9DC82E534C87->980d9c0c-33ac-4a22-b481-33b8b1eac469: receive RaftClientReply:client-9DC82E534C87->980d9c0c-33ac-4a22-b481-33b8b1eac469@group-23022C6A558E, cid=733, SUCCESS, logIndex=929, commits[980d9c0c-33ac-4a22-b481-33b8b1eac469:c930, e00ee311-0ce1-4115-b4c1-69648d9d3094:c928, bb9367ec-656d-4ade-92be-004a921408cc:c928]
2019-08-06 03:26:14,912 INFO  client.GrpcClientProtocolClient (GrpcClientProtocolClient.java:onNext(255)) - client-9DC82E534C87->980d9c0c-33ac-4a22-b481-33b8b1eac469: receive RaftClientReply:client-9DC82E534C87->980d9c0c-33ac-4a22-b481-33b8b1eac469@group-23022C6A558E, cid=734, SUCCESS, logIndex=930, commits[980d9c0c-33ac-4a22-b481-33b8b1eac469:c930, e00ee311-0ce1-4115-b4c1-69648d9d3094:c928, bb9367ec-656d-4ade-92be-004a921408cc:c928]
2019-08-06 03:26:14,941 INFO  client.GrpcClientProtocolClient (GrpcClientProtocolClient.java:onNext(255)) - client-9DC82E534C87->980d9c0c-33ac-4a22-b481-33b8b1eac469: receive RaftClientReply:client-9DC82E534C87->980d9c0c-33ac-4a22-b481-33b8b1eac469@group-23022C6A558E, cid=735, SUCCESS, logIndex=933, commits[980d9c0c-33ac-4a22-b481-33b8b1eac469:c934, e00ee311-0ce1-4115-b4c1-69648d9d3094:c930, bb9367ec-656d-4ade-92be-004a921408cc:c930]
2019-08-06 03:26:14,942 INFO  client.GrpcClientProtocolClient (GrpcClientProtocolClient.java:onNext(255)) - client-9DC82E534C87->980d9c0c-33ac-4a22-b481-33b8b1eac469: receive RaftClientReply:client-9DC82E534C87->980d9c0c-33ac-4a22-b481-33b8b1eac469@group-23022C6A558E, cid=736, SUCCESS, logIndex=934, commits[980d9c0c-33ac-4a22-b481-33b8b1eac469:c934, e00ee311-0ce1-4115-b4c1-69648d9d3094:c930, bb9367ec-656d-4ade-92be-004a921408cc:c930]
2019-08-06 03:26:14,952 INFO  client.GrpcClientProtocolClient (GrpcClientProtocolClient.java:onNext(255)) - client-9DC82E534C87->980d9c0c-33ac-4a22-b481-33b8b1eac469: receive RaftClientReply:client-9DC82E534C87->980d9c0c-33ac-4a22-b481-33b8b1eac469@group-23022C6A558E, cid=737, SUCCESS, logIndex=0, commits[980d9c0c-33ac-4a22-b481-33b8b1eac469:c935, e00ee311-0ce1-4115-b4c1-69648d9d3094:c934, bb9367ec-656d-4ade-92be-004a921408cc:c934]
2019-08-06 03:26:14,975 INFO  client.GrpcClientProtocolClient (GrpcClientProtocolClient.java:onNext(255)) - client-9DC82E534C87->980d9c0c-33ac-4a22-b481-33b8b1eac469: receive RaftClientReply:client-9DC82E534C87->980d9c0c-33ac-4a22-b481-33b8b1eac469@group-23022C6A558E, cid=738, SUCCESS, logIndex=937, commits[980d9c0c-33ac-4a22-b481-33b8b1eac469:c938, e00ee311-0ce1-4115-b4c1-69648d9d3094:c936, bb9367ec-656d-4ade-92be-004a921408cc:c936]
2019-08-06 03:26:14,976 INFO  client.GrpcClientProtocolClient (GrpcClientProtocolClient.java:onNext(255)) - client-9DC82E534C87->980d9c0c-33ac-4a22-b481-33b8b1eac469: receive RaftClientReply:client-9DC82E534C87->980d9c0c-33ac-4a22-b481-33b8b1eac469@group-23022C6A558E, cid=739, SUCCESS, logIndex=938, commits[980d9c0c-33ac-4a22-b481-33b8b1eac469:c939, e00ee311-0ce1-4115-b4c1-69648d9d3094:c936, bb9367ec-656d-4ade-92be-004a921408cc:c936]
2019-08-06 03:26:14,977 INFO  client.GrpcClientProtocolClient (GrpcClientProtocolClient.java:onNext(255)) - client-9DC82E534C87->980d9c0c-33ac-4a22-b481-33b8b1eac469: receive RaftClientReply:client-9DC82E534C87->980d9c0c-33ac-4a22-b481-33b8b1eac469@group-23022C6A558E, cid=740, SUCCESS, logIndex=939, commits[980d9c0c-33ac-4a22-b481-33b8b1eac469:c940, e00ee311-0ce1-4115-b4c1-69648d9d3094:c936, bb9367ec-656d-4ade-92be-004a921408cc:c936]
2019-08-06 03:26:14,977 INFO  client.GrpcClientProtocolClient (GrpcClientProtocolClient.java:onNext(255)) - client-9DC82E534C87->980d9c0c-33ac-4a22-b481-33b8b1eac469: receive RaftClientReply:client-9DC82E534C87->980d9c0c-33ac-4a22-b481-33b8b1eac469@group-23022C6A558E, cid=741, SUCCESS, logIndex=940, commits[980d9c0c-33ac-4a22-b481-33b8b1eac469:c940, e00ee311-0ce1-4115-b4c1-69648d9d3094:c936, bb9367ec-656d-4ade-92be-004a921408cc:c936]
2019-08-06 03:26:14,978 INFO  client.GrpcClientProtocolClient (GrpcClientProtocolClient.java:onNext(255)) - client-9DC82E534C87->980d9c0c-33ac-4a22-b481-33b8b1eac469: receive RaftClientReply:client-9DC82E534C87->980d9c0c-33ac-4a22-b481-33b8b1eac469@group-23022C6A558E, cid=742, SUCCESS, logIndex=0, commits[980d9c0c-33ac-4a22-b481-33b8b1eac469:c943, e00ee311-0ce1-4115-b4c1-69648d9d3094:c939, bb9367ec-656d-4ade-92be-004a921408cc:c939]
2019-08-06 03:26:15,001 INFO  client.GrpcClientProtocolClient (GrpcClientProtocolClient.java:onNext(255)) - client-9DC82E534C87->980d9c0c-33ac-4a22-b481-33b8b1eac469: receive RaftClientReply:client-9DC82E534C87->980d9c0c-33ac-4a22-b481-33b8b1eac469@group-23022C6A558E, cid=743, SUCCESS, logIndex=945, commits[980d9c0c-33ac-4a22-b481-33b8b1eac469:c946, e00ee311-0ce1-4115-b4c1-69648d9d3094:c944, bb9367ec-656d-4ade-92be-004a921408cc:c944]
2019-08-06 03:26:15,001 INFO  client.GrpcClientProtocolClient (GrpcClientProtocolClient.java:onNext(255)) - client-9DC82E534C87->980d9c0c-33ac-4a22-b481-33b8b1eac469: receive RaftClientReply:client-9DC82E534C87->980d9c0c-33ac-4a22-b481-33b8b1eac469@group-23022C6A558E, cid=744, SUCCESS, logIndex=946, commits[980d9c0c-33ac-4a22-b481-33b8b1eac469:c946, e00ee311-0ce1-4115-b4c1-69648d9d3094:c944, bb9367ec-656d-4ade-92be-004a921408cc:c944]
2019-08-06 03:26:15,017 INFO  client.GrpcClientProtocolClient (GrpcClientProtocolClient.java:onNext(255)) - client-9DC82E534C87->980d9c0c-33ac-4a22-b481-33b8b1eac469: receive RaftClientReply:client-9DC82E534C87->980d9c0c-33ac-4a22-b481-33b8b1eac469@group-23022C6A558E, cid=745, SUCCESS, logIndex=949, commits[980d9c0c-33ac-4a22-b481-33b8b1eac469:c950, e00ee311-0ce1-4115-b4c1-69648d9d3094:c946, bb9367ec-656d-4ade-92be-004a921408cc:c946]
2019-08-06 03:26:15,017 INFO  client.GrpcClientProtocolClient (GrpcClientProtocolClient.java:onNext(255)) - client-9DC82E534C87->980d9c0c-33ac-4a22-b481-33b8b1eac469: receive RaftClientReply:client-9DC82E534C87->980d9c0c-33ac-4a22-b481-33b8b1eac469@group-23022C6A558E, cid=746, SUCCESS, logIndex=950, commits[980d9c0c-33ac-4a22-b481-33b8b1eac469:c950, e00ee311-0ce1-4115-b4c1-69648d9d3094:c946, bb9367ec-656d-4ade-92be-004a921408cc:c946]
2019-08-06 03:26:15,019 INFO  client.GrpcClientProtocolClient (GrpcClientProtocolClient.java:onNext(255)) - client-9DC82E534C87->980d9c0c-33ac-4a22-b481-33b8b1eac469: receive RaftClientReply:client-9DC82E534C87->980d9c0c-33ac-4a22-b481-33b8b1eac469@group-23022C6A558E, cid=747, SUCCESS, logIndex=0, commits[980d9c0c-33ac-4a22-b481-33b8b1eac469:c951, e00ee311-0ce1-4115-b4c1-69648d9d3094:c950, bb9367ec-656d-4ade-92be-004a921408cc:c950]
2019-08-06 03:26:15,032 INFO  client.GrpcClientProtocolClient (GrpcClientProtocolClient.java:onNext(255)) - client-9DC82E534C87->980d9c0c-33ac-4a22-b481-33b8b1eac469: receive RaftClientReply:client-9DC82E534C87->980d9c0c-33ac-4a22-b481-33b8b1eac469@group-23022C6A558E, cid=748, SUCCESS, logIndex=953, commits[980d9c0c-33ac-4a22-b481-33b8b1eac469:c954, e00ee311-0ce1-4115-b4c1-69648d9d3094:c950, bb9367ec-656d-4ade-92be-004a921408cc:c952]
2019-08-06 03:26:15,033 INFO  client.GrpcClientProtocolClient (GrpcClientProtocolClient.java:onNext(255)) - client-9DC82E534C87->980d9c0c-33ac-4a22-b481-33b8b1eac469: receive RaftClientReply:client-9DC82E534C87->980d9c0c-33ac-4a22-b481-33b8b1eac469@group-23022C6A558E, cid=749, SUCCESS, logIndex=954, commits[980d9c0c-33ac-4a22-b481-33b8b1eac469:c954, e00ee311-0ce1-4115-b4c1-69648d9d3094:c950, bb9367ec-656d-4ade-92be-004a921408cc:c952]
2019-08-06 03:26:15,036 INFO  client.GrpcClientProtocolClient (GrpcClientProtocolClient.java:onNext(255)) - client-9DC82E534C87->980d9c0c-33ac-4a22-b481-33b8b1eac469: receive RaftClientReply:client-9DC82E534C87->980d9c0c-33ac-4a22-b481-33b8b1eac469@group-23022C6A558E, cid=750, SUCCESS, logIndex=955, commits[980d9c0c-33ac-4a22-b481-33b8b1eac469:c957, e00ee311-0ce1-4115-b4c1-69648d9d3094:c952, bb9367ec-656d-4ade-92be-004a921408cc:c953]
2019-08-06 03:26:15,036 INFO  client.GrpcClientProtocolClient (GrpcClientProtocolClient.java:onNext(255)) - client-9DC82E534C87->980d9c0c-33ac-4a22-b481-33b8b1eac469: receive RaftClientReply:client-9DC82E534C87->980d9c0c-33ac-4a22-b481-33b8b1eac469@group-23022C6A558E, cid=751, SUCCESS, logIndex=956, commits[980d9c0c-33ac-4a22-b481-33b8b1eac469:c958, e00ee311-0ce1-4115-b4c1-69648d9d3094:c952, bb9367ec-656d-4ade-92be-004a921408cc:c954]
2019-08-06 03:26:15,037 INFO  client.GrpcClientProtocolClient (GrpcClientProtocolClient.java:onNext(255)) - client-9DC82E534C87->980d9c0c-33ac-4a22-b481-33b8b1eac469: receive RaftClientReply:client-9DC82E534C87->980d9c0c-33ac-4a22-b481-33b8b1eac469@group-23022C6A558E, cid=752, SUCCESS, logIndex=0, commits[980d9c0c-33ac-4a22-b481-33b8b1eac469:c958, e00ee311-0ce1-4115-b4c1-69648d9d3094:c954, bb9367ec-656d-4ade-92be-004a921408cc:c954]
2019-08-06 03:26:15,050 INFO  client.GrpcClientProtocolClient (GrpcClientProtocolClient.java:onNext(255)) - client-9DC82E534C87->980d9c0c-33ac-4a22-b481-33b8b1eac469: receive RaftClientReply:client-9DC82E534C87->980d9c0c-33ac-4a22-b481-33b8b1eac469@group-23022C6A558E, cid=753, SUCCESS, logIndex=961, commits[980d9c0c-33ac-4a22-b481-33b8b1eac469:c962, e00ee311-0ce1-4115-b4c1-69648d9d3094:c956, bb9367ec-656d-4ade-92be-004a921408cc:c960]
2019-08-06 03:26:15,050 INFO  client.GrpcClientProtocolClient (GrpcClientProtocolClient.java:onNext(255)) - client-9DC82E534C87->980d9c0c-33ac-4a22-b481-33b8b1eac469: receive RaftClientReply:client-9DC82E534C87->980d9c0c-33ac-4a22-b481-33b8b1eac469@group-23022C6A558E, cid=754, SUCCESS, logIndex=962, commits[980d9c0c-33ac-4a22-b481-33b8b1eac469:c962, e00ee311-0ce1-4115-b4c1-69648d9d3094:c956, bb9367ec-656d-4ade-92be-004a921408cc:c960]
2019-08-06 03:26:15,072 INFO  client.GrpcClientProtocolClient (GrpcClientProtocolClient.java:onNext(255)) - client-9DC82E534C87->980d9c0c-33ac-4a22-b481-33b8b1eac469: receive RaftClientReply:client-9DC82E534C87->980d9c0c-33ac-4a22-b481-33b8b1eac469@group-23022C6A558E, cid=755, SUCCESS, logIndex=965, commits[980d9c0c-33ac-4a22-b481-33b8b1eac469:c966, e00ee311-0ce1-4115-b4c1-69648d9d3094:c964, bb9367ec-656d-4ade-92be-004a921408cc:c964]
2019-08-06 03:26:15,073 INFO  client.GrpcClientProtocolClient (GrpcClientProtocolClient.java:onNext(255)) - client-9DC82E534C87->980d9c0c-33ac-4a22-b481-33b8b1eac469: receive RaftClientReply:client-9DC82E534C87->980d9c0c-33ac-4a22-b481-33b8b1eac469@group-23022C6A558E, cid=756, SUCCESS, logIndex=966, commits[980d9c0c-33ac-4a22-b481-33b8b1eac469:c966, e00ee311-0ce1-4115-b4c1-69648d9d3094:c964, bb9367ec-656d-4ade-92be-004a921408cc:c964]
2019-08-06 03:26:15,084 INFO  client.GrpcClientProtocolClient (GrpcClientProtocolClient.java:onNext(255)) - client-9DC82E534C87->980d9c0c-33ac-4a22-b481-33b8b1eac469: receive RaftClientReply:client-9DC82E534C87->980d9c0c-33ac-4a22-b481-33b8b1eac469@group-23022C6A558E, cid=757, SUCCESS, logIndex=0, commits[980d9c0c-33ac-4a22-b481-33b8b1eac469:c967, e00ee311-0ce1-4115-b4c1-69648d9d3094:c966, bb9367ec-656d-4ade-92be-004a921408cc:c966]
 0.00% |█                                                                                                    |  0/1 Time: 0:00:022019-08-06 03:26:15,102 INFO  client.GrpcClientProtocolClient (GrpcClientProtocolClient.java:onNext(255)) - client-9DC82E534C87->980d9c0c-33ac-4a22-b481-33b8b1eac469: receive RaftClientReply:client-9DC82E534C87->980d9c0c-33ac-4a22-b481-33b8b1eac469@group-23022C6A558E, cid=758, SUCCESS, logIndex=969, commits[980d9c0c-33ac-4a22-b481-33b8b1eac469:c970, e00ee311-0ce1-4115-b4c1-69648d9d3094:c968, bb9367ec-656d-4ade-92be-004a921408cc:c968]
2019-08-06 03:26:15,103 INFO  client.GrpcClientProtocolClient (GrpcClientProtocolClient.java:onNext(255)) - client-9DC82E534C87->980d9c0c-33ac-4a22-b481-33b8b1eac469: receive RaftClientReply:client-9DC82E534C87->980d9c0c-33ac-4a22-b481-33b8b1eac469@group-23022C6A558E, cid=759, SUCCESS, logIndex=970, commits[980d9c0c-33ac-4a22-b481-33b8b1eac469:c970, e00ee311-0ce1-4115-b4c1-69648d9d3094:c968, bb9367ec-656d-4ade-92be-004a921408cc:c968]
2019-08-06 03:26:15,103 INFO  client.GrpcClientProtocolClient (GrpcClientProtocolClient.java:onNext(255)) - client-9DC82E534C87->980d9c0c-33ac-4a22-b481-33b8b1eac469: receive RaftClientReply:client-9DC82E534C87->980d9c0c-33ac-4a22-b481-33b8b1eac469@group-23022C6A558E, cid=760, SUCCESS, logIndex=971, commits[980d9c0c-33ac-4a22-b481-33b8b1eac469:c972, e00ee311-0ce1-4115-b4c1-69648d9d3094:c968, bb9367ec-656d-4ade-92be-004a921408cc:c968]
2019-08-06 03:26:15,103 INFO  client.GrpcClientProtocolClient (GrpcClientProtocolClient.java:onNext(255)) - client-9DC82E534C87->980d9c0c-33ac-4a22-b481-33b8b1eac469: receive RaftClientReply:client-9DC82E534C87->980d9c0c-33ac-4a22-b481-33b8b1eac469@group-23022C6A558E, cid=761, SUCCESS, logIndex=972, commits[980d9c0c-33ac-4a22-b481-33b8b1eac469:c972, e00ee311-0ce1-4115-b4c1-69648d9d3094:c968, bb9367ec-656d-4ade-92be-004a921408cc:c968]
2019-08-06 03:26:15,104 INFO  client.GrpcClientProtocolClient (GrpcClientProtocolClient.java:onNext(255)) - client-9DC82E534C87->980d9c0c-33ac-4a22-b481-33b8b1eac469: receive RaftClientReply:client-9DC82E534C87->980d9c0c-33ac-4a22-b481-33b8b1eac469@group-23022C6A558E, cid=762, SUCCESS, logIndex=0, commits[980d9c0c-33ac-4a22-b481-33b8b1eac469:c974, e00ee311-0ce1-4115-b4c1-69648d9d3094:c970, bb9367ec-656d-4ade-92be-004a921408cc:c970]
2019-08-06 03:26:15,119 INFO  client.GrpcClientProtocolClient (GrpcClientProtocolClient.java:onNext(255)) - client-9DC82E534C87->980d9c0c-33ac-4a22-b481-33b8b1eac469: receive RaftClientReply:client-9DC82E534C87->980d9c0c-33ac-4a22-b481-33b8b1eac469@group-23022C6A558E, cid=763, SUCCESS, logIndex=977, commits[980d9c0c-33ac-4a22-b481-33b8b1eac469:c978, e00ee311-0ce1-4115-b4c1-69648d9d3094:c976, bb9367ec-656d-4ade-92be-004a921408cc:c976]
2019-08-06 03:26:15,120 INFO  client.GrpcClientProtocolClient (GrpcClientProtocolClient.java:onNext(255)) - client-9DC82E534C87->980d9c0c-33ac-4a22-b481-33b8b1eac469: receive RaftClientReply:client-9DC82E534C87->980d9c0c-33ac-4a22-b481-33b8b1eac469@group-23022C6A558E, cid=764, SUCCESS, logIndex=978, commits[980d9c0c-33ac-4a22-b481-33b8b1eac469:c978, e00ee311-0ce1-4115-b4c1-69648d9d3094:c976, bb9367ec-656d-4ade-92be-004a921408cc:c976]
2019-08-06 03:26:15,144 INFO  client.GrpcClientProtocolClient (GrpcClientProtocolClient.java:onNext(255)) - client-9DC82E534C87->980d9c0c-33ac-4a22-b481-33b8b1eac469: receive RaftClientReply:client-9DC82E534C87->980d9c0c-33ac-4a22-b481-33b8b1eac469@group-23022C6A558E, cid=765, SUCCESS, logIndex=981, commits[980d9c0c-33ac-4a22-b481-33b8b1eac469:c981, e00ee311-0ce1-4115-b4c1-69648d9d3094:c978, bb9367ec-656d-4ade-92be-004a921408cc:c980]
2019-08-06 03:26:15,145 INFO  client.GrpcClientProtocolClient (GrpcClientProtocolClient.java:onNext(255)) - client-9DC82E534C87->980d9c0c-33ac-4a22-b481-33b8b1eac469: receive RaftClientReply:client-9DC82E534C87->980d9c0c-33ac-4a22-b481-33b8b1eac469@group-23022C6A558E, cid=766, SUCCESS, logIndex=982, commits[980d9c0c-33ac-4a22-b481-33b8b1eac469:c982, e00ee311-0ce1-4115-b4c1-69648d9d3094:c980, bb9367ec-656d-4ade-92be-004a921408cc:c980]
2019-08-06 03:26:15,156 INFO  client.GrpcClientProtocolClient (GrpcClientProtocolClient.java:onNext(255)) - client-9DC82E534C87->980d9c0c-33ac-4a22-b481-33b8b1eac469: receive RaftClientReply:client-9DC82E534C87->980d9c0c-33ac-4a22-b481-33b8b1eac469@group-23022C6A558E, cid=767, SUCCESS, logIndex=0, commits[980d9c0c-33ac-4a22-b481-33b8b1eac469:c984, e00ee311-0ce1-4115-b4c1-69648d9d3094:c982, bb9367ec-656d-4ade-92be-004a921408cc:c982]
2019-08-06 03:26:15,181 INFO  client.GrpcClientProtocolClient (GrpcClientProtocolClient.java:onNext(255)) - client-9DC82E534C87->980d9c0c-33ac-4a22-b481-33b8b1eac469: receive RaftClientReply:client-9DC82E534C87->980d9c0c-33ac-4a22-b481-33b8b1eac469@group-23022C6A558E, cid=768, SUCCESS, logIndex=985, commits[980d9c0c-33ac-4a22-b481-33b8b1eac469:c986, e00ee311-0ce1-4115-b4c1-69648d9d3094:c984, bb9367ec-656d-4ade-92be-004a921408cc:c984]
2019-08-06 03:26:15,182 INFO  client.GrpcClientProtocolClient (GrpcClientProtocolClient.java:onNext(255)) - client-9DC82E534C87->980d9c0c-33ac-4a22-b481-33b8b1eac469: receive RaftClientReply:client-9DC82E534C87->980d9c0c-33ac-4a22-b481-33b8b1eac469@group-23022C6A558E, cid=769, SUCCESS, logIndex=986, commits[980d9c0c-33ac-4a22-b481-33b8b1eac469:c988, e00ee311-0ce1-4115-b4c1-69648d9d3094:c984, bb9367ec-656d-4ade-92be-004a921408cc:c984]
2019-08-06 03:26:15,182 INFO  client.GrpcClientProtocolClient (GrpcClientProtocolClient.java:onNext(255)) - client-9DC82E534C87->980d9c0c-33ac-4a22-b481-33b8b1eac469: receive RaftClientReply:client-9DC82E534C87->980d9c0c-33ac-4a22-b481-33b8b1eac469@group-23022C6A558E, cid=770, SUCCESS, logIndex=987, commits[980d9c0c-33ac-4a22-b481-33b8b1eac469:c988, e00ee311-0ce1-4115-b4c1-69648d9d3094:c984, bb9367ec-656d-4ade-92be-004a921408cc:c984]
2019-08-06 03:26:15,183 INFO  client.GrpcClientProtocolClient (GrpcClientProtocolClient.java:onNext(255)) - client-9DC82E534C87->980d9c0c-33ac-4a22-b481-33b8b1eac469: receive RaftClientReply:client-9DC82E534C87->980d9c0c-33ac-4a22-b481-33b8b1eac469@group-23022C6A558E, cid=771, SUCCESS, logIndex=988, commits[980d9c0c-33ac-4a22-b481-33b8b1eac469:c988, e00ee311-0ce1-4115-b4c1-69648d9d3094:c984, bb9367ec-656d-4ade-92be-004a921408cc:c984]
2019-08-06 03:26:15,294 INFO  client.GrpcClientProtocolClient (GrpcClientProtocolClient.java:onNext(255)) - client-9DC82E534C87->980d9c0c-33ac-4a22-b481-33b8b1eac469: receive RaftClientReply:client-9DC82E534C87->980d9c0c-33ac-4a22-b481-33b8b1eac469@group-23022C6A558E, cid=772, SUCCESS, logIndex=0, commits[980d9c0c-33ac-4a22-b481-33b8b1eac469:c992, e00ee311-0ce1-4115-b4c1-69648d9d3094:c988, bb9367ec-656d-4ade-92be-004a921408cc:c988]
2019-08-06 03:26:15,320 INFO  client.GrpcClientProtocolClient (GrpcClientProtocolClient.java:onNext(255)) - client-9DC82E534C87->980d9c0c-33ac-4a22-b481-33b8b1eac469: receive RaftClientReply:client-9DC82E534C87->980d9c0c-33ac-4a22-b481-33b8b1eac469@group-23022C6A558E, cid=773, SUCCESS, logIndex=993, commits[980d9c0c-33ac-4a22-b481-33b8b1eac469:c994, e00ee311-0ce1-4115-b4c1-69648d9d3094:c992, bb9367ec-656d-4ade-92be-004a921408cc:c992]
2019-08-06 03:26:15,321 INFO  client.GrpcClientProtocolClient (GrpcClientProtocolClient.java:onNext(255)) - client-9DC82E534C87->980d9c0c-33ac-4a22-b481-33b8b1eac469: receive RaftClientReply:client-9DC82E534C87->980d9c0c-33ac-4a22-b481-33b8b1eac469@group-23022C6A558E, cid=774, SUCCESS, logIndex=994, commits[980d9c0c-33ac-4a22-b481-33b8b1eac469:c994, e00ee311-0ce1-4115-b4c1-69648d9d3094:c992, bb9367ec-656d-4ade-92be-004a921408cc:c992]
2019-08-06 03:26:15,350 INFO  client.GrpcClientProtocolClient (GrpcClientProtocolClient.java:onNext(255)) - client-9DC82E534C87->980d9c0c-33ac-4a22-b481-33b8b1eac469: receive RaftClientReply:client-9DC82E534C87->980d9c0c-33ac-4a22-b481-33b8b1eac469@group-23022C6A558E, cid=775, SUCCESS, logIndex=997, commits[980d9c0c-33ac-4a22-b481-33b8b1eac469:c997, e00ee311-0ce1-4115-b4c1-69648d9d3094:c994, bb9367ec-656d-4ade-92be-004a921408cc:c994]
2019-08-06 03:26:15,350 INFO  client.GrpcClientProtocolClient (GrpcClientProtocolClient.java:onNext(255)) - client-9DC82E534C87->980d9c0c-33ac-4a22-b481-33b8b1eac469: receive RaftClientReply:client-9DC82E534C87->980d9c0c-33ac-4a22-b481-33b8b1eac469@group-23022C6A558E, cid=776, SUCCESS, logIndex=998, commits[980d9c0c-33ac-4a22-b481-33b8b1eac469:c998, e00ee311-0ce1-4115-b4c1-69648d9d3094:c994, bb9367ec-656d-4ade-92be-004a921408cc:c994]
2019-08-06 03:26:15,363 INFO  client.GrpcClientProtocolClient (GrpcClientProtocolClient.java:onNext(255)) - client-9DC82E534C87->980d9c0c-33ac-4a22-b481-33b8b1eac469: receive RaftClientReply:client-9DC82E534C87->980d9c0c-33ac-4a22-b481-33b8b1eac469@group-23022C6A558E, cid=777, SUCCESS, logIndex=0, commits[980d9c0c-33ac-4a22-b481-33b8b1eac469:c1000, e00ee311-0ce1-4115-b4c1-69648d9d3094:c998, bb9367ec-656d-4ade-92be-004a921408cc:c998]
2019-08-06 03:26:15,388 INFO  client.GrpcClientProtocolClient (GrpcClientProtocolClient.java:onNext(255)) - client-9DC82E534C87->980d9c0c-33ac-4a22-b481-33b8b1eac469: receive RaftClientReply:client-9DC82E534C87->980d9c0c-33ac-4a22-b481-33b8b1eac469@group-23022C6A558E, cid=778, SUCCESS, logIndex=1001, commits[980d9c0c-33ac-4a22-b481-33b8b1eac469:c1001, e00ee311-0ce1-4115-b4c1-69648d9d3094:c1000, bb9367ec-656d-4ade-92be-004a921408cc:c1000]
2019-08-06 03:26:15,389 INFO  client.GrpcClientProtocolClient (GrpcClientProtocolClient.java:onNext(255)) - client-9DC82E534C87->980d9c0c-33ac-4a22-b481-33b8b1eac469: receive RaftClientReply:client-9DC82E534C87->980d9c0c-33ac-4a22-b481-33b8b1eac469@group-23022C6A558E, cid=779, SUCCESS, logIndex=1002, commits[980d9c0c-33ac-4a22-b481-33b8b1eac469:c1003, e00ee311-0ce1-4115-b4c1-69648d9d3094:c1000, bb9367ec-656d-4ade-92be-004a921408cc:c1000]
2019-08-06 03:26:15,390 INFO  client.GrpcClientProtocolClient (GrpcClientProtocolClient.java:onNext(255)) - client-9DC82E534C87->980d9c0c-33ac-4a22-b481-33b8b1eac469: receive RaftClientReply:client-9DC82E534C87->980d9c0c-33ac-4a22-b481-33b8b1eac469@group-23022C6A558E, cid=780, SUCCESS, logIndex=1003, commits[980d9c0c-33ac-4a22-b481-33b8b1eac469:c1004, e00ee311-0ce1-4115-b4c1-69648d9d3094:c1000, bb9367ec-656d-4ade-92be-004a921408cc:c1000]
2019-08-06 03:26:15,390 INFO  client.GrpcClientProtocolClient (GrpcClientProtocolClient.java:onNext(255)) - client-9DC82E534C87->980d9c0c-33ac-4a22-b481-33b8b1eac469: receive RaftClientReply:client-9DC82E534C87->980d9c0c-33ac-4a22-b481-33b8b1eac469@group-23022C6A558E, cid=781, SUCCESS, logIndex=1004, commits[980d9c0c-33ac-4a22-b481-33b8b1eac469:c1004, e00ee311-0ce1-4115-b4c1-69648d9d3094:c1000, bb9367ec-656d-4ade-92be-004a921408cc:c1000]
2019-08-06 03:26:15,392 INFO  client.GrpcClientProtocolClient (GrpcClientProtocolClient.java:onNext(255)) - client-9DC82E534C87->980d9c0c-33ac-4a22-b481-33b8b1eac469: receive RaftClientReply:client-9DC82E534C87->980d9c0c-33ac-4a22-b481-33b8b1eac469@group-23022C6A558E, cid=782, SUCCESS, logIndex=0, commits[980d9c0c-33ac-4a22-b481-33b8b1eac469:c1006, e00ee311-0ce1-4115-b4c1-69648d9d3094:c1002, bb9367ec-656d-4ade-92be-004a921408cc:c1002]
2019-08-06 03:26:15,417 INFO  client.GrpcClientProtocolClient (GrpcClientProtocolClient.java:onNext(255)) - client-9DC82E534C87->980d9c0c-33ac-4a22-b481-33b8b1eac469: receive RaftClientReply:client-9DC82E534C87->980d9c0c-33ac-4a22-b481-33b8b1eac469@group-23022C6A558E, cid=783, SUCCESS, logIndex=1009, commits[980d9c0c-33ac-4a22-b481-33b8b1eac469:c1010, e00ee311-0ce1-4115-b4c1-69648d9d3094:c1008, bb9367ec-656d-4ade-92be-004a921408cc:c1008]
2019-08-06 03:26:15,418 INFO  client.GrpcClientProtocolClient (GrpcClientProtocolClient.java:onNext(255)) - client-9DC82E534C87->980d9c0c-33ac-4a22-b481-33b8b1eac469: receive RaftClientReply:client-9DC82E534C87->980d9c0c-33ac-4a22-b481-33b8b1eac469@group-23022C6A558E, cid=784, SUCCESS, logIndex=1010, commits[980d9c0c-33ac-4a22-b481-33b8b1eac469:c1010, e00ee311-0ce1-4115-b4c1-69648d9d3094:c1008, bb9367ec-656d-4ade-92be-004a921408cc:c1008]
2019-08-06 03:26:15,444 INFO  client.GrpcClientProtocolClient (GrpcClientProtocolClient.java:onNext(255)) - client-9DC82E534C87->980d9c0c-33ac-4a22-b481-33b8b1eac469: receive RaftClientReply:client-9DC82E534C87->980d9c0c-33ac-4a22-b481-33b8b1eac469@group-23022C6A558E, cid=785, SUCCESS, logIndex=1013, commits[980d9c0c-33ac-4a22-b481-33b8b1eac469:c1014, e00ee311-0ce1-4115-b4c1-69648d9d3094:c1010, bb9367ec-656d-4ade-92be-004a921408cc:c1010]
2019-08-06 03:26:15,444 INFO  client.GrpcClientProtocolClient (GrpcClientProtocolClient.java:onNext(255)) - client-9DC82E534C87->980d9c0c-33ac-4a22-b481-33b8b1eac469: receive RaftClientReply:client-9DC82E534C87->980d9c0c-33ac-4a22-b481-33b8b1eac469@group-23022C6A558E, cid=786, SUCCESS, logIndex=1014, commits[980d9c0c-33ac-4a22-b481-33b8b1eac469:c1014, e00ee311-0ce1-4115-b4c1-69648d9d3094:c1010, bb9367ec-656d-4ade-92be-004a921408cc:c1010]
2019-08-06 03:26:15,446 INFO  client.GrpcClientProtocolClient (GrpcClientProtocolClient.java:onNext(255)) - client-9DC82E534C87->980d9c0c-33ac-4a22-b481-33b8b1eac469: receive RaftClientReply:client-9DC82E534C87->980d9c0c-33ac-4a22-b481-33b8b1eac469@group-23022C6A558E, cid=787, SUCCESS, logIndex=0, commits[980d9c0c-33ac-4a22-b481-33b8b1eac469:c1015, e00ee311-0ce1-4115-b4c1-69648d9d3094:c1014, bb9367ec-656d-4ade-92be-004a921408cc:c1014]
2019-08-06 03:26:15,475 INFO  client.GrpcClientProtocolClient (GrpcClientProtocolClient.java:onNext(255)) - client-9DC82E534C87->980d9c0c-33ac-4a22-b481-33b8b1eac469: receive RaftClientReply:client-9DC82E534C87->980d9c0c-33ac-4a22-b481-33b8b1eac469@group-23022C6A558E, cid=788, SUCCESS, logIndex=1017, commits[980d9c0c-33ac-4a22-b481-33b8b1eac469:c1018, e00ee311-0ce1-4115-b4c1-69648d9d3094:c1016, bb9367ec-656d-4ade-92be-004a921408cc:c1016]
2019-08-06 03:26:15,475 INFO  client.GrpcClientProtocolClient (GrpcClientProtocolClient.java:onNext(255)) - client-9DC82E534C87->980d9c0c-33ac-4a22-b481-33b8b1eac469: receive RaftClientReply:client-9DC82E534C87->980d9c0c-33ac-4a22-b481-33b8b1eac469@group-23022C6A558E, cid=789, SUCCESS, logIndex=1018, commits[980d9c0c-33ac-4a22-b481-33b8b1eac469:c1020, e00ee311-0ce1-4115-b4c1-69648d9d3094:c1016, bb9367ec-656d-4ade-92be-004a921408cc:c1016]
2019-08-06 03:26:15,476 INFO  client.GrpcClientProtocolClient (GrpcClientProtocolClient.java:onNext(255)) - client-9DC82E534C87->980d9c0c-33ac-4a22-b481-33b8b1eac469: receive RaftClientReply:client-9DC82E534C87->980d9c0c-33ac-4a22-b481-33b8b1eac469@group-23022C6A558E, cid=790, SUCCESS, logIndex=1019, commits[980d9c0c-33ac-4a22-b481-33b8b1eac469:c1020, e00ee311-0ce1-4115-b4c1-69648d9d3094:c1016, bb9367ec-656d-4ade-92be-004a921408cc:c1016]
2019-08-06 03:26:15,476 INFO  client.GrpcClientProtocolClient (GrpcClientProtocolClient.java:onNext(255)) - client-9DC82E534C87->980d9c0c-33ac-4a22-b481-33b8b1eac469: receive RaftClientReply:client-9DC82E534C87->980d9c0c-33ac-4a22-b481-33b8b1eac469@group-23022C6A558E, cid=791, SUCCESS, logIndex=1020, commits[980d9c0c-33ac-4a22-b481-33b8b1eac469:c1020, e00ee311-0ce1-4115-b4c1-69648d9d3094:c1016, bb9367ec-656d-4ade-92be-004a921408cc:c1016]
2019-08-06 03:26:15,477 INFO  client.GrpcClientProtocolClient (GrpcClientProtocolClient.java:onNext(255)) - client-9DC82E534C87->980d9c0c-33ac-4a22-b481-33b8b1eac469: receive RaftClientReply:client-9DC82E534C87->980d9c0c-33ac-4a22-b481-33b8b1eac469@group-23022C6A558E, cid=792, SUCCESS, logIndex=0, commits[980d9c0c-33ac-4a22-b481-33b8b1eac469:c1024, e00ee311-0ce1-4115-b4c1-69648d9d3094:c1020, bb9367ec-656d-4ade-92be-004a921408cc:c1018]
2019-08-06 03:26:15,500 INFO  client.GrpcClientProtocolClient (GrpcClientProtocolClient.java:onNext(255)) - client-9DC82E534C87->980d9c0c-33ac-4a22-b481-33b8b1eac469: receive RaftClientReply:client-9DC82E534C87->980d9c0c-33ac-4a22-b481-33b8b1eac469@group-23022C6A558E, cid=793, SUCCESS, logIndex=1025, commits[980d9c0c-33ac-4a22-b481-33b8b1eac469:c1026, e00ee311-0ce1-4115-b4c1-69648d9d3094:c1024, bb9367ec-656d-4ade-92be-004a921408cc:c1024]
2019-08-06 03:26:15,500 INFO  client.GrpcClientProtocolClient (GrpcClientProtocolClient.java:onNext(255)) - client-9DC82E534C87->980d9c0c-33ac-4a22-b481-33b8b1eac469: receive RaftClientReply:client-9DC82E534C87->980d9c0c-33ac-4a22-b481-33b8b1eac469@group-23022C6A558E, cid=794, SUCCESS, logIndex=1026, commits[980d9c0c-33ac-4a22-b481-33b8b1eac469:c1026, e00ee311-0ce1-4115-b4c1-69648d9d3094:c1024, bb9367ec-656d-4ade-92be-004a921408cc:c1024]
2019-08-06 03:26:15,525 INFO  client.GrpcClientProtocolClient (GrpcClientProtocolClient.java:onNext(255)) - client-9DC82E534C87->980d9c0c-33ac-4a22-b481-33b8b1eac469: receive RaftClientReply:client-9DC82E534C87->980d9c0c-33ac-4a22-b481-33b8b1eac469@group-23022C6A558E, cid=795, SUCCESS, logIndex=1029, commits[980d9c0c-33ac-4a22-b481-33b8b1eac469:c1030, e00ee311-0ce1-4115-b4c1-69648d9d3094:c1026, bb9367ec-656d-4ade-92be-004a921408cc:c1026]
2019-08-06 03:26:15,525 INFO  client.GrpcClientProtocolClient (GrpcClientProtocolClient.java:onNext(255)) - client-9DC82E534C87->980d9c0c-33ac-4a22-b481-33b8b1eac469: receive RaftClientReply:client-9DC82E534C87->980d9c0c-33ac-4a22-b481-33b8b1eac469@group-23022C6A558E, cid=796, SUCCESS, logIndex=1030, commits[980d9c0c-33ac-4a22-b481-33b8b1eac469:c1030, e00ee311-0ce1-4115-b4c1-69648d9d3094:c1026, bb9367ec-656d-4ade-92be-004a921408cc:c1026]
2019-08-06 03:26:15,537 INFO  client.GrpcClientProtocolClient (GrpcClientProtocolClient.java:onNext(255)) - client-9DC82E534C87->980d9c0c-33ac-4a22-b481-33b8b1eac469: receive RaftClientReply:client-9DC82E534C87->980d9c0c-33ac-4a22-b481-33b8b1eac469@group-23022C6A558E, cid=797, SUCCESS, logIndex=0, commits[980d9c0c-33ac-4a22-b481-33b8b1eac469:c1031, e00ee311-0ce1-4115-b4c1-69648d9d3094:c1030, bb9367ec-656d-4ade-92be-004a921408cc:c1030]
2019-08-06 03:26:15,560 INFO  client.GrpcClientProtocolClient (GrpcClientProtocolClient.java:onNext(255)) - client-9DC82E534C87->980d9c0c-33ac-4a22-b481-33b8b1eac469: receive RaftClientReply:client-9DC82E534C87->980d9c0c-33ac-4a22-b481-33b8b1eac469@group-23022C6A558E, cid=798, SUCCESS, logIndex=1033, commits[980d9c0c-33ac-4a22-b481-33b8b1eac469:c1034, e00ee311-0ce1-4115-b4c1-69648d9d3094:c1032, bb9367ec-656d-4ade-92be-004a921408cc:c1032]
2019-08-06 03:26:15,560 INFO  client.GrpcClientProtocolClient (GrpcClientProtocolClient.java:onNext(255)) - client-9DC82E534C87->980d9c0c-33ac-4a22-b481-33b8b1eac469: receive RaftClientReply:client-9DC82E534C87->980d9c0c-33ac-4a22-b481-33b8b1eac469@group-23022C6A558E, cid=799, SUCCESS, logIndex=1034, commits[980d9c0c-33ac-4a22-b481-33b8b1eac469:c1034, e00ee311-0ce1-4115-b4c1-69648d9d3094:c1032, bb9367ec-656d-4ade-92be-004a921408cc:c1032]
2019-08-06 03:26:15,561 INFO  client.GrpcClientProtocolClient (GrpcClientProtocolClient.java:onNext(255)) - client-9DC82E534C87->980d9c0c-33ac-4a22-b481-33b8b1eac469: receive RaftClientReply:client-9DC82E534C87->980d9c0c-33ac-4a22-b481-33b8b1eac469@group-23022C6A558E, cid=800, SUCCESS, logIndex=1035, commits[980d9c0c-33ac-4a22-b481-33b8b1eac469:c1036, e00ee311-0ce1-4115-b4c1-69648d9d3094:c1032, bb9367ec-656d-4ade-92be-004a921408cc:c1032]
2019-08-06 03:26:15,562 INFO  client.GrpcClientProtocolClient (GrpcClientProtocolClient.java:onNext(255)) - client-9DC82E534C87->980d9c0c-33ac-4a22-b481-33b8b1eac469: receive RaftClientReply:client-9DC82E534C87->980d9c0c-33ac-4a22-b481-33b8b1eac469@group-23022C6A558E, cid=801, SUCCESS, logIndex=1036, commits[980d9c0c-33ac-4a22-b481-33b8b1eac469:c1036, e00ee311-0ce1-4115-b4c1-69648d9d3094:c1032, bb9367ec-656d-4ade-92be-004a921408cc:c1032]
2019-08-06 03:26:15,563 INFO  client.GrpcClientProtocolClient (GrpcClientProtocolClient.java:onNext(255)) - client-9DC82E534C87->980d9c0c-33ac-4a22-b481-33b8b1eac469: receive RaftClientReply:client-9DC82E534C87->980d9c0c-33ac-4a22-b481-33b8b1eac469@group-23022C6A558E, cid=802, SUCCESS, logIndex=0, commits[980d9c0c-33ac-4a22-b481-33b8b1eac469:c1039, e00ee311-0ce1-4115-b4c1-69648d9d3094:c1034, bb9367ec-656d-4ade-92be-004a921408cc:c1036]
2019-08-06 03:26:15,578 INFO  client.GrpcClientProtocolClient (GrpcClientProtocolClient.java:onNext(255)) - client-9DC82E534C87->980d9c0c-33ac-4a22-b481-33b8b1eac469: receive RaftClientReply:client-9DC82E534C87->980d9c0c-33ac-4a22-b481-33b8b1eac469@group-23022C6A558E, cid=803, SUCCESS, logIndex=1041, commits[980d9c0c-33ac-4a22-b481-33b8b1eac469:c1042, e00ee311-0ce1-4115-b4c1-69648d9d3094:c1040, bb9367ec-656d-4ade-92be-004a921408cc:c1040]
2019-08-06 03:26:15,578 INFO  client.GrpcClientProtocolClient (GrpcClientProtocolClient.java:onNext(255)) - client-9DC82E534C87->980d9c0c-33ac-4a22-b481-33b8b1eac469: receive RaftClientReply:client-9DC82E534C87->980d9c0c-33ac-4a22-b481-33b8b1eac469@group-23022C6A558E, cid=804, SUCCESS, logIndex=1042, commits[980d9c0c-33ac-4a22-b481-33b8b1eac469:c1042, e00ee311-0ce1-4115-b4c1-69648d9d3094:c1040, bb9367ec-656d-4ade-92be-004a921408cc:c1040]
2019-08-06 03:26:15,595 INFO  client.GrpcClientProtocolClient (GrpcClientProtocolClient.java:onNext(255)) - client-9DC82E534C87->980d9c0c-33ac-4a22-b481-33b8b1eac469: receive RaftClientReply:client-9DC82E534C87->980d9c0c-33ac-4a22-b481-33b8b1eac469@group-23022C6A558E, cid=805, SUCCESS, logIndex=1045, commits[980d9c0c-33ac-4a22-b481-33b8b1eac469:c1045, e00ee311-0ce1-4115-b4c1-69648d9d3094:c1044, bb9367ec-656d-4ade-92be-004a921408cc:c1042]
2019-08-06 03:26:15,595 INFO  client.GrpcClientProtocolClient (GrpcClientProtocolClient.java:onNext(255)) - client-9DC82E534C87->980d9c0c-33ac-4a22-b481-33b8b1eac469: receive RaftClientReply:client-9DC82E534C87->980d9c0c-33ac-4a22-b481-33b8b1eac469@group-23022C6A558E, cid=806, SUCCESS, logIndex=1046, commits[980d9c0c-33ac-4a22-b481-33b8b1eac469:c1046, e00ee311-0ce1-4115-b4c1-69648d9d3094:c1044, bb9367ec-656d-4ade-92be-004a921408cc:c1044]
2019-08-06 03:26:15,599 INFO  client.GrpcClientProtocolClient (GrpcClientProtocolClient.java:onNext(255)) - client-9DC82E534C87->980d9c0c-33ac-4a22-b481-33b8b1eac469: receive RaftClientReply:client-9DC82E534C87->980d9c0c-33ac-4a22-b481-33b8b1eac469@group-23022C6A558E, cid=807, SUCCESS, logIndex=0, commits[980d9c0c-33ac-4a22-b481-33b8b1eac469:c1048, e00ee311-0ce1-4115-b4c1-69648d9d3094:c1046, bb9367ec-656d-4ade-92be-004a921408cc:c1046]
2019-08-06 03:26:15,647 INFO  client.GrpcClientProtocolClient (GrpcClientProtocolClient.java:onNext(255)) - client-9DC82E534C87->980d9c0c-33ac-4a22-b481-33b8b1eac469: receive RaftClientReply:client-9DC82E534C87->980d9c0c-33ac-4a22-b481-33b8b1eac469@group-23022C6A558E, cid=808, SUCCESS, logIndex=1049, commits[980d9c0c-33ac-4a22-b481-33b8b1eac469:c1050, e00ee311-0ce1-4115-b4c1-69648d9d3094:c1048, bb9367ec-656d-4ade-92be-004a921408cc:c1048]
2019-08-06 03:26:15,649 INFO  client.GrpcClientProtocolClient (GrpcClientProtocolClient.java:onNext(255)) - client-9DC82E534C87->980d9c0c-33ac-4a22-b481-33b8b1eac469: receive RaftClientReply:client-9DC82E534C87->980d9c0c-33ac-4a22-b481-33b8b1eac469@group-23022C6A558E, cid=809, SUCCESS, logIndex=1050, commits[980d9c0c-33ac-4a22-b481-33b8b1eac469:c1050, e00ee311-0ce1-4115-b4c1-69648d9d3094:c1048, bb9367ec-656d-4ade-92be-004a921408cc:c1048]
2019-08-06 03:26:15,649 INFO  client.GrpcClientProtocolClient (GrpcClientProtocolClient.java:onNext(255)) - client-9DC82E534C87->980d9c0c-33ac-4a22-b481-33b8b1eac469: receive RaftClientReply:client-9DC82E534C87->980d9c0c-33ac-4a22-b481-33b8b1eac469@group-23022C6A558E, cid=810, SUCCESS, logIndex=1051, commits[980d9c0c-33ac-4a22-b481-33b8b1eac469:c1052, e00ee311-0ce1-4115-b4c1-69648d9d3094:c1048, bb9367ec-656d-4ade-92be-004a921408cc:c1048]
2019-08-06 03:26:15,650 INFO  client.GrpcClientProtocolClient (GrpcClientProtocolClient.java:onNext(255)) - client-9DC82E534C87->980d9c0c-33ac-4a22-b481-33b8b1eac469: receive RaftClientReply:client-9DC82E534C87->980d9c0c-33ac-4a22-b481-33b8b1eac469@group-23022C6A558E, cid=811, SUCCESS, logIndex=1052, commits[980d9c0c-33ac-4a22-b481-33b8b1eac469:c1052, e00ee311-0ce1-4115-b4c1-69648d9d3094:c1048, bb9367ec-656d-4ade-92be-004a921408cc:c1048]
2019-08-06 03:26:15,651 INFO  client.GrpcClientProtocolClient (GrpcClientProtocolClient.java:onNext(255)) - client-9DC82E534C87->980d9c0c-33ac-4a22-b481-33b8b1eac469: receive RaftClientReply:client-9DC82E534C87->980d9c0c-33ac-4a22-b481-33b8b1eac469@group-23022C6A558E, cid=812, SUCCESS, logIndex=0, commits[980d9c0c-33ac-4a22-b481-33b8b1eac469:c1055, e00ee311-0ce1-4115-b4c1-69648d9d3094:c1050, bb9367ec-656d-4ade-92be-004a921408cc:c1052]
2019-08-06 03:26:15,724 INFO  client.GrpcClientProtocolClient (GrpcClientProtocolClient.java:onNext(255)) - client-9DC82E534C87->980d9c0c-33ac-4a22-b481-33b8b1eac469: receive RaftClientReply:client-9DC82E534C87->980d9c0c-33ac-4a22-b481-33b8b1eac469@group-23022C6A558E, cid=813, SUCCESS, logIndex=1057, commits[980d9c0c-33ac-4a22-b481-33b8b1eac469:c1058, e00ee311-0ce1-4115-b4c1-69648d9d3094:c1056, bb9367ec-656d-4ade-92be-004a921408cc:c1056]
2019-08-06 03:26:15,725 INFO  client.GrpcClientProtocolClient (GrpcClientProtocolClient.java:onNext(255)) - client-9DC82E534C87->980d9c0c-33ac-4a22-b481-33b8b1eac469: receive RaftClientReply:client-9DC82E534C87->980d9c0c-33ac-4a22-b481-33b8b1eac469@group-23022C6A558E, cid=814, SUCCESS, logIndex=1058, commits[980d9c0c-33ac-4a22-b481-33b8b1eac469:c1058, e00ee311-0ce1-4115-b4c1-69648d9d3094:c1056, bb9367ec-656d-4ade-92be-004a921408cc:c1056]
2019-08-06 03:26:15,750 INFO  client.GrpcClientProtocolClient (GrpcClientProtocolClient.java:onNext(255)) - client-9DC82E534C87->980d9c0c-33ac-4a22-b481-33b8b1eac469: receive RaftClientReply:client-9DC82E534C87->980d9c0c-33ac-4a22-b481-33b8b1eac469@group-23022C6A558E, cid=815, SUCCESS, logIndex=1061, commits[980d9c0c-33ac-4a22-b481-33b8b1eac469:c1062, e00ee311-0ce1-4115-b4c1-69648d9d3094:c1058, bb9367ec-656d-4ade-92be-004a921408cc:c1058]
2019-08-06 03:26:15,751 INFO  client.GrpcClientProtocolClient (GrpcClientProtocolClient.java:onNext(255)) - client-9DC82E534C87->980d9c0c-33ac-4a22-b481-33b8b1eac469: receive RaftClientReply:client-9DC82E534C87->980d9c0c-33ac-4a22-b481-33b8b1eac469@group-23022C6A558E, cid=816, SUCCESS, logIndex=1062, commits[980d9c0c-33ac-4a22-b481-33b8b1eac469:c1062, e00ee311-0ce1-4115-b4c1-69648d9d3094:c1058, bb9367ec-656d-4ade-92be-004a921408cc:c1058]
2019-08-06 03:26:15,753 INFO  client.GrpcClientProtocolClient (GrpcClientProtocolClient.java:onNext(255)) - client-9DC82E534C87->980d9c0c-33ac-4a22-b481-33b8b1eac469: receive RaftClientReply:client-9DC82E534C87->980d9c0c-33ac-4a22-b481-33b8b1eac469@group-23022C6A558E, cid=817, SUCCESS, logIndex=0, commits[980d9c0c-33ac-4a22-b481-33b8b1eac469:c1064, e00ee311-0ce1-4115-b4c1-69648d9d3094:c1062, bb9367ec-656d-4ade-92be-004a921408cc:c1062]
2019-08-06 03:26:15,784 INFO  client.GrpcClientProtocolClient (GrpcClientProtocolClient.java:onNext(255)) - client-9DC82E534C87->980d9c0c-33ac-4a22-b481-33b8b1eac469: receive RaftClientReply:client-9DC82E534C87->980d9c0c-33ac-4a22-b481-33b8b1eac469@group-23022C6A558E, cid=818, SUCCESS, logIndex=1065, commits[980d9c0c-33ac-4a22-b481-33b8b1eac469:c1066, e00ee311-0ce1-4115-b4c1-69648d9d3094:c1064, bb9367ec-656d-4ade-92be-004a921408cc:c1064]
2019-08-06 03:26:15,785 INFO  client.GrpcClientProtocolClient (GrpcClientProtocolClient.java:onNext(255)) - client-9DC82E534C87->980d9c0c-33ac-4a22-b481-33b8b1eac469: receive RaftClientReply:client-9DC82E534C87->980d9c0c-33ac-4a22-b481-33b8b1eac469@group-23022C6A558E, cid=819, SUCCESS, logIndex=1066, commits[980d9c0c-33ac-4a22-b481-33b8b1eac469:c1068, e00ee311-0ce1-4115-b4c1-69648d9d3094:c1064, bb9367ec-656d-4ade-92be-004a921408cc:c1064]
2019-08-06 03:26:15,786 INFO  client.GrpcClientProtocolClient (GrpcClientProtocolClient.java:onNext(255)) - client-9DC82E534C87->980d9c0c-33ac-4a22-b481-33b8b1eac469: receive RaftClientReply:client-9DC82E534C87->980d9c0c-33ac-4a22-b481-33b8b1eac469@group-23022C6A558E, cid=820, SUCCESS, logIndex=1067, commits[980d9c0c-33ac-4a22-b481-33b8b1eac469:c1068, e00ee311-0ce1-4115-b4c1-69648d9d3094:c1064, bb9367ec-656d-4ade-92be-004a921408cc:c1064]
2019-08-06 03:26:15,786 INFO  client.GrpcClientProtocolClient (GrpcClientProtocolClient.java:onNext(255)) - client-9DC82E534C87->980d9c0c-33ac-4a22-b481-33b8b1eac469: receive RaftClientReply:client-9DC82E534C87->980d9c0c-33ac-4a22-b481-33b8b1eac469@group-23022C6A558E, cid=821, SUCCESS, logIndex=1068, commits[980d9c0c-33ac-4a22-b481-33b8b1eac469:c1068, e00ee311-0ce1-4115-b4c1-69648d9d3094:c1064, bb9367ec-656d-4ade-92be-004a921408cc:c1064]
2019-08-06 03:26:15,797 INFO  client.GrpcClientProtocolClient (GrpcClientProtocolClient.java:onNext(255)) - client-9DC82E534C87->980d9c0c-33ac-4a22-b481-33b8b1eac469: receive RaftClientReply:client-9DC82E534C87->980d9c0c-33ac-4a22-b481-33b8b1eac469@group-23022C6A558E, cid=822, SUCCESS, logIndex=0, commits[980d9c0c-33ac-4a22-b481-33b8b1eac469:c1071, e00ee311-0ce1-4115-b4c1-69648d9d3094:c1066, bb9367ec-656d-4ade-92be-004a921408cc:c1067]
2019-08-06 03:26:15,818 INFO  client.GrpcClientProtocolClient (GrpcClientProtocolClient.java:onNext(255)) - client-9DC82E534C87->980d9c0c-33ac-4a22-b481-33b8b1eac469: receive RaftClientReply:client-9DC82E534C87->980d9c0c-33ac-4a22-b481-33b8b1eac469@group-23022C6A558E, cid=823, SUCCESS, logIndex=1073, commits[980d9c0c-33ac-4a22-b481-33b8b1eac469:c1074, e00ee311-0ce1-4115-b4c1-69648d9d3094:c1072, bb9367ec-656d-4ade-92be-004a921408cc:c1072]
2019-08-06 03:26:15,818 INFO  client.GrpcClientProtocolClient (GrpcClientProtocolClient.java:onNext(255)) - client-9DC82E534C87->980d9c0c-33ac-4a22-b481-33b8b1eac469: receive RaftClientReply:client-9DC82E534C87->980d9c0c-33ac-4a22-b481-33b8b1eac469@group-23022C6A558E, cid=824, SUCCESS, logIndex=1074, commits[980d9c0c-33ac-4a22-b481-33b8b1eac469:c1074, e00ee311-0ce1-4115-b4c1-69648d9d3094:c1072, bb9367ec-656d-4ade-92be-004a921408cc:c1072]
2019-08-06 03:26:15,848 INFO  client.GrpcClientProtocolClient (GrpcClientProtocolClient.java:onNext(255)) - client-9DC82E534C87->980d9c0c-33ac-4a22-b481-33b8b1eac469: receive RaftClientReply:client-9DC82E534C87->980d9c0c-33ac-4a22-b481-33b8b1eac469@group-23022C6A558E, cid=825, SUCCESS, logIndex=1077, commits[980d9c0c-33ac-4a22-b481-33b8b1eac469:c1078, e00ee311-0ce1-4115-b4c1-69648d9d3094:c1074, bb9367ec-656d-4ade-92be-004a921408cc:c1074]
2019-08-06 03:26:15,848 INFO  client.GrpcClientProtocolClient (GrpcClientProtocolClient.java:onNext(255)) - client-9DC82E534C87->980d9c0c-33ac-4a22-b481-33b8b1eac469: receive RaftClientReply:client-9DC82E534C87->980d9c0c-33ac-4a22-b481-33b8b1eac469@group-23022C6A558E, cid=826, SUCCESS, logIndex=1078, commits[980d9c0c-33ac-4a22-b481-33b8b1eac469:c1078, e00ee311-0ce1-4115-b4c1-69648d9d3094:c1074, bb9367ec-656d-4ade-92be-004a921408cc:c1074]
2019-08-06 03:26:15,862 INFO  client.GrpcClientProtocolClient (GrpcClientProtocolClient.java:onNext(255)) - client-9DC82E534C87->980d9c0c-33ac-4a22-b481-33b8b1eac469: receive RaftClientReply:client-9DC82E534C87->980d9c0c-33ac-4a22-b481-33b8b1eac469@group-23022C6A558E, cid=827, SUCCESS, logIndex=0, commits[980d9c0c-33ac-4a22-b481-33b8b1eac469:c1080, e00ee311-0ce1-4115-b4c1-69648d9d3094:c1078, bb9367ec-656d-4ade-92be-004a921408cc:c1078]
2019-08-06 03:26:15,881 INFO  client.GrpcClientProtocolClient (GrpcClientProtocolClient.java:onNext(255)) - client-9DC82E534C87->980d9c0c-33ac-4a22-b481-33b8b1eac469: receive RaftClientReply:client-9DC82E534C87->980d9c0c-33ac-4a22-b481-33b8b1eac469@group-23022C6A558E, cid=828, SUCCESS, logIndex=1081, commits[980d9c0c-33ac-4a22-b481-33b8b1eac469:c1083, e00ee311-0ce1-4115-b4c1-69648d9d3094:c1080, bb9367ec-656d-4ade-92be-004a921408cc:c1080]
2019-08-06 03:26:15,882 INFO  client.GrpcClientProtocolClient (GrpcClientProtocolClient.java:onNext(255)) - client-9DC82E534C87->980d9c0c-33ac-4a22-b481-33b8b1eac469: receive RaftClientReply:client-9DC82E534C87->980d9c0c-33ac-4a22-b481-33b8b1eac469@group-23022C6A558E, cid=829, SUCCESS, logIndex=1082, commits[980d9c0c-33ac-4a22-b481-33b8b1eac469:c1084, e00ee311-0ce1-4115-b4c1-69648d9d3094:c1080, bb9367ec-656d-4ade-92be-004a921408cc:c1080]
2019-08-06 03:26:15,882 INFO  client.GrpcClientProtocolClient (GrpcClientProtocolClient.java:onNext(255)) - client-9DC82E534C87->980d9c0c-33ac-4a22-b481-33b8b1eac469: receive RaftClientReply:client-9DC82E534C87->980d9c0c-33ac-4a22-b481-33b8b1eac469@group-23022C6A558E, cid=830, SUCCESS, logIndex=1083, commits[980d9c0c-33ac-4a22-b481-33b8b1eac469:c1084, e00ee311-0ce1-4115-b4c1-69648d9d3094:c1080, bb9367ec-656d-4ade-92be-004a921408cc:c1080]
2019-08-06 03:26:15,883 INFO  client.GrpcClientProtocolClient (GrpcClientProtocolClient.java:onNext(255)) - client-9DC82E534C87->980d9c0c-33ac-4a22-b481-33b8b1eac469: receive RaftClientReply:client-9DC82E534C87->980d9c0c-33ac-4a22-b481-33b8b1eac469@group-23022C6A558E, cid=831, SUCCESS, logIndex=1084, commits[980d9c0c-33ac-4a22-b481-33b8b1eac469:c1085, e00ee311-0ce1-4115-b4c1-69648d9d3094:c1080, bb9367ec-656d-4ade-92be-004a921408cc:c1082]
2019-08-06 03:26:15,884 INFO  client.GrpcClientProtocolClient (GrpcClientProtocolClient.java:onNext(255)) - client-9DC82E534C87->980d9c0c-33ac-4a22-b481-33b8b1eac469: receive RaftClientReply:client-9DC82E534C87->980d9c0c-33ac-4a22-b481-33b8b1eac469@group-23022C6A558E, cid=832, SUCCESS, logIndex=0, commits[980d9c0c-33ac-4a22-b481-33b8b1eac469:c1088, e00ee311-0ce1-4115-b4c1-69648d9d3094:c1083, bb9367ec-656d-4ade-92be-004a921408cc:c1084]
2019-08-06 03:26:15,908 INFO  client.GrpcClientProtocolClient (GrpcClientProtocolClient.java:onNext(255)) - client-9DC82E534C87->980d9c0c-33ac-4a22-b481-33b8b1eac469: receive RaftClientReply:client-9DC82E534C87->980d9c0c-33ac-4a22-b481-33b8b1eac469@group-23022C6A558E, cid=833, SUCCESS, logIndex=1089, commits[980d9c0c-33ac-4a22-b481-33b8b1eac469:c1090, e00ee311-0ce1-4115-b4c1-69648d9d3094:c1088, bb9367ec-656d-4ade-92be-004a921408cc:c1084]
2019-08-06 03:26:15,909 INFO  client.GrpcClientProtocolClient (GrpcClientProtocolClient.java:onNext(255)) - client-9DC82E534C87->980d9c0c-33ac-4a22-b481-33b8b1eac469: receive RaftClientReply:client-9DC82E534C87->980d9c0c-33ac-4a22-b481-33b8b1eac469@group-23022C6A558E, cid=834, SUCCESS, logIndex=1090, commits[980d9c0c-33ac-4a22-b481-33b8b1eac469:c1090, e00ee311-0ce1-4115-b4c1-69648d9d3094:c1088, bb9367ec-656d-4ade-92be-004a921408cc:c1088]
2019-08-06 03:26:15,931 INFO  client.GrpcClientProtocolClient (GrpcClientProtocolClient.java:onNext(255)) - client-9DC82E534C87->980d9c0c-33ac-4a22-b481-33b8b1eac469: receive RaftClientReply:client-9DC82E534C87->980d9c0c-33ac-4a22-b481-33b8b1eac469@group-23022C6A558E, cid=835, SUCCESS, logIndex=1093, commits[980d9c0c-33ac-4a22-b481-33b8b1eac469:c1094, e00ee311-0ce1-4115-b4c1-69648d9d3094:c1092, bb9367ec-656d-4ade-92be-004a921408cc:c1092]
2019-08-06 03:26:15,932 INFO  client.GrpcClientProtocolClient (GrpcClientProtocolClient.java:onNext(255)) - client-9DC82E534C87->980d9c0c-33ac-4a22-b481-33b8b1eac469: receive RaftClientReply:client-9DC82E534C87->980d9c0c-33ac-4a22-b481-33b8b1eac469@group-23022C6A558E, cid=836, SUCCESS, logIndex=1094, commits[980d9c0c-33ac-4a22-b481-33b8b1eac469:c1094, e00ee311-0ce1-4115-b4c1-69648d9d3094:c1092, bb9367ec-656d-4ade-92be-004a921408cc:c1092]
2019-08-06 03:26:15,944 INFO  client.GrpcClientProtocolClient (GrpcClientProtocolClient.java:onNext(255)) - client-9DC82E534C87->980d9c0c-33ac-4a22-b481-33b8b1eac469: receive RaftClientReply:client-9DC82E534C87->980d9c0c-33ac-4a22-b481-33b8b1eac469@group-23022C6A558E, cid=837, SUCCESS, logIndex=0, commits[980d9c0c-33ac-4a22-b481-33b8b1eac469:c1096, e00ee311-0ce1-4115-b4c1-69648d9d3094:c1094, bb9367ec-656d-4ade-92be-004a921408cc:c1094]
2019-08-06 03:26:15,965 INFO  client.GrpcClientProtocolClient (GrpcClientProtocolClient.java:onNext(255)) - client-9DC82E534C87->980d9c0c-33ac-4a22-b481-33b8b1eac469: receive RaftClientReply:client-9DC82E534C87->980d9c0c-33ac-4a22-b481-33b8b1eac469@group-23022C6A558E, cid=838, SUCCESS, logIndex=1097, commits[980d9c0c-33ac-4a22-b481-33b8b1eac469:c1098, e00ee311-0ce1-4115-b4c1-69648d9d3094:c1096, bb9367ec-656d-4ade-92be-004a921408cc:c1096]
2019-08-06 03:26:15,965 INFO  client.GrpcClientProtocolClient (GrpcClientProtocolClient.java:onNext(255)) - client-9DC82E534C87->980d9c0c-33ac-4a22-b481-33b8b1eac469: receive RaftClientReply:client-9DC82E534C87->980d9c0c-33ac-4a22-b481-33b8b1eac469@group-23022C6A558E, cid=839, SUCCESS, logIndex=1098, commits[980d9c0c-33ac-4a22-b481-33b8b1eac469:c1098, e00ee311-0ce1-4115-b4c1-69648d9d3094:c1096, bb9367ec-656d-4ade-92be-004a921408cc:c1096]
2019-08-06 03:26:15,966 INFO  client.GrpcClientProtocolClient (GrpcClientProtocolClient.java:onNext(255)) - client-9DC82E534C87->980d9c0c-33ac-4a22-b481-33b8b1eac469: receive RaftClientReply:client-9DC82E534C87->980d9c0c-33ac-4a22-b481-33b8b1eac469@group-23022C6A558E, cid=840, SUCCESS, logIndex=1099, commits[980d9c0c-33ac-4a22-b481-33b8b1eac469:c1100, e00ee311-0ce1-4115-b4c1-69648d9d3094:c1096, bb9367ec-656d-4ade-92be-004a921408cc:c1096]
2019-08-06 03:26:15,966 INFO  client.GrpcClientProtocolClient (GrpcClientProtocolClient.java:onNext(255)) - client-9DC82E534C87->980d9c0c-33ac-4a22-b481-33b8b1eac469: receive RaftClientReply:client-9DC82E534C87->980d9c0c-33ac-4a22-b481-33b8b1eac469@group-23022C6A558E, cid=841, SUCCESS, logIndex=1100, commits[980d9c0c-33ac-4a22-b481-33b8b1eac469:c1100, e00ee311-0ce1-4115-b4c1-69648d9d3094:c1096, bb9367ec-656d-4ade-92be-004a921408cc:c1096]
2019-08-06 03:26:15,967 INFO  client.GrpcClientProtocolClient (GrpcClientProtocolClient.java:onNext(255)) - client-9DC82E534C87->980d9c0c-33ac-4a22-b481-33b8b1eac469: receive RaftClientReply:client-9DC82E534C87->980d9c0c-33ac-4a22-b481-33b8b1eac469@group-23022C6A558E, cid=842, SUCCESS, logIndex=0, commits[980d9c0c-33ac-4a22-b481-33b8b1eac469:c1102, e00ee311-0ce1-4115-b4c1-69648d9d3094:c1098, bb9367ec-656d-4ade-92be-004a921408cc:c1098]
 0.00% |█                                                                                                    |  0/1 Time: 0:00:032019-08-06 03:26:16,102 INFO  client.GrpcClientProtocolClient (GrpcClientProtocolClient.java:onNext(255)) - client-9DC82E534C87->980d9c0c-33ac-4a22-b481-33b8b1eac469: receive RaftClientReply:client-9DC82E534C87->980d9c0c-33ac-4a22-b481-33b8b1eac469@group-23022C6A558E, cid=843, SUCCESS, logIndex=1105, commits[980d9c0c-33ac-4a22-b481-33b8b1eac469:c1106, e00ee311-0ce1-4115-b4c1-69648d9d3094:c1104, bb9367ec-656d-4ade-92be-004a921408cc:c1104]
2019-08-06 03:26:16,102 INFO  client.GrpcClientProtocolClient (GrpcClientProtocolClient.java:onNext(255)) - client-9DC82E534C87->980d9c0c-33ac-4a22-b481-33b8b1eac469: receive RaftClientReply:client-9DC82E534C87->980d9c0c-33ac-4a22-b481-33b8b1eac469@group-23022C6A558E, cid=844, SUCCESS, logIndex=1106, commits[980d9c0c-33ac-4a22-b481-33b8b1eac469:c1106, e00ee311-0ce1-4115-b4c1-69648d9d3094:c1104, bb9367ec-656d-4ade-92be-004a921408cc:c1104]
2019-08-06 03:26:16,128 INFO  client.GrpcClientProtocolClient (GrpcClientProtocolClient.java:onNext(255)) - client-9DC82E534C87->980d9c0c-33ac-4a22-b481-33b8b1eac469: receive RaftClientReply:client-9DC82E534C87->980d9c0c-33ac-4a22-b481-33b8b1eac469@group-23022C6A558E, cid=845, SUCCESS, logIndex=1109, commits[980d9c0c-33ac-4a22-b481-33b8b1eac469:c1110, e00ee311-0ce1-4115-b4c1-69648d9d3094:c1106, bb9367ec-656d-4ade-92be-004a921408cc:c1106]
2019-08-06 03:26:16,129 INFO  client.GrpcClientProtocolClient (GrpcClientProtocolClient.java:onNext(255)) - client-9DC82E534C87->980d9c0c-33ac-4a22-b481-33b8b1eac469: receive RaftClientReply:client-9DC82E534C87->980d9c0c-33ac-4a22-b481-33b8b1eac469@group-23022C6A558E, cid=846, SUCCESS, logIndex=1110, commits[980d9c0c-33ac-4a22-b481-33b8b1eac469:c1110, e00ee311-0ce1-4115-b4c1-69648d9d3094:c1106, bb9367ec-656d-4ade-92be-004a921408cc:c1106]
2019-08-06 03:26:16,141 INFO  client.GrpcClientProtocolClient (GrpcClientProtocolClient.java:onNext(255)) - client-9DC82E534C87->980d9c0c-33ac-4a22-b481-33b8b1eac469: receive RaftClientReply:client-9DC82E534C87->980d9c0c-33ac-4a22-b481-33b8b1eac469@group-23022C6A558E, cid=847, SUCCESS, logIndex=0, commits[980d9c0c-33ac-4a22-b481-33b8b1eac469:c1112, e00ee311-0ce1-4115-b4c1-69648d9d3094:c1110, bb9367ec-656d-4ade-92be-004a921408cc:c1110]
2019-08-06 03:26:16,181 INFO  client.GrpcClientProtocolClient (GrpcClientProtocolClient.java:onNext(255)) - client-9DC82E534C87->980d9c0c-33ac-4a22-b481-33b8b1eac469: receive RaftClientReply:client-9DC82E534C87->980d9c0c-33ac-4a22-b481-33b8b1eac469@group-23022C6A558E, cid=848, SUCCESS, logIndex=1113, commits[980d9c0c-33ac-4a22-b481-33b8b1eac469:c1115, e00ee311-0ce1-4115-b4c1-69648d9d3094:c1112, bb9367ec-656d-4ade-92be-004a921408cc:c1112]
2019-08-06 03:26:16,181 INFO  client.GrpcClientProtocolClient (GrpcClientProtocolClient.java:onNext(255)) - client-9DC82E534C87->980d9c0c-33ac-4a22-b481-33b8b1eac469: receive RaftClientReply:client-9DC82E534C87->980d9c0c-33ac-4a22-b481-33b8b1eac469@group-23022C6A558E, cid=849, SUCCESS, logIndex=1114, commits[980d9c0c-33ac-4a22-b481-33b8b1eac469:c1116, e00ee311-0ce1-4115-b4c1-69648d9d3094:c1112, bb9367ec-656d-4ade-92be-004a921408cc:c1112]
2019-08-06 03:26:16,182 INFO  client.GrpcClientProtocolClient (GrpcClientProtocolClient.java:onNext(255)) - client-9DC82E534C87->980d9c0c-33ac-4a22-b481-33b8b1eac469: receive RaftClientReply:client-9DC82E534C87->980d9c0c-33ac-4a22-b481-33b8b1eac469@group-23022C6A558E, cid=850, SUCCESS, logIndex=1115, commits[980d9c0c-33ac-4a22-b481-33b8b1eac469:c1116, e00ee311-0ce1-4115-b4c1-69648d9d3094:c1112, bb9367ec-656d-4ade-92be-004a921408cc:c1112]
2019-08-06 03:26:16,182 INFO  client.GrpcClientProtocolClient (GrpcClientProtocolClient.java:onNext(255)) - client-9DC82E534C87->980d9c0c-33ac-4a22-b481-33b8b1eac469: receive RaftClientReply:client-9DC82E534C87->980d9c0c-33ac-4a22-b481-33b8b1eac469@group-23022C6A558E, cid=851, SUCCESS, logIndex=1116, commits[980d9c0c-33ac-4a22-b481-33b8b1eac469:c1116, e00ee311-0ce1-4115-b4c1-69648d9d3094:c1112, bb9367ec-656d-4ade-92be-004a921408cc:c1112]
2019-08-06 03:26:16,184 INFO  client.GrpcClientProtocolClient (GrpcClientProtocolClient.java:onNext(255)) - client-9DC82E534C87->980d9c0c-33ac-4a22-b481-33b8b1eac469: receive RaftClientReply:client-9DC82E534C87->980d9c0c-33ac-4a22-b481-33b8b1eac469@group-23022C6A558E, cid=852, SUCCESS, logIndex=0, commits[980d9c0c-33ac-4a22-b481-33b8b1eac469:c1120, e00ee311-0ce1-4115-b4c1-69648d9d3094:c1115, bb9367ec-656d-4ade-92be-004a921408cc:c1116]
2019-08-06 03:26:16,206 INFO  client.GrpcClientProtocolClient (GrpcClientProtocolClient.java:onNext(255)) - client-9DC82E534C87->980d9c0c-33ac-4a22-b481-33b8b1eac469: receive RaftClientReply:client-9DC82E534C87->980d9c0c-33ac-4a22-b481-33b8b1eac469@group-23022C6A558E, cid=853, SUCCESS, logIndex=1121, commits[980d9c0c-33ac-4a22-b481-33b8b1eac469:c1122, e00ee311-0ce1-4115-b4c1-69648d9d3094:c1120, bb9367ec-656d-4ade-92be-004a921408cc:c1120]
2019-08-06 03:26:16,206 INFO  client.GrpcClientProtocolClient (GrpcClientProtocolClient.java:onNext(255)) - client-9DC82E534C87->980d9c0c-33ac-4a22-b481-33b8b1eac469: receive RaftClientReply:client-9DC82E534C87->980d9c0c-33ac-4a22-b481-33b8b1eac469@group-23022C6A558E, cid=854, SUCCESS, logIndex=1122, commits[980d9c0c-33ac-4a22-b481-33b8b1eac469:c1122, e00ee311-0ce1-4115-b4c1-69648d9d3094:c1120, bb9367ec-656d-4ade-92be-004a921408cc:c1120]
2019-08-06 03:26:16,231 INFO  client.GrpcClientProtocolClient (GrpcClientProtocolClient.java:onNext(255)) - client-9DC82E534C87->980d9c0c-33ac-4a22-b481-33b8b1eac469: receive RaftClientReply:client-9DC82E534C87->980d9c0c-33ac-4a22-b481-33b8b1eac469@group-23022C6A558E, cid=855, SUCCESS, logIndex=1125, commits[980d9c0c-33ac-4a22-b481-33b8b1eac469:c1126, e00ee311-0ce1-4115-b4c1-69648d9d3094:c1122, bb9367ec-656d-4ade-92be-004a921408cc:c1122]
2019-08-06 03:26:16,232 INFO  client.GrpcClientProtocolClient (GrpcClientProtocolClient.java:onNext(255)) - client-9DC82E534C87->980d9c0c-33ac-4a22-b481-33b8b1eac469: receive RaftClientReply:client-9DC82E534C87->980d9c0c-33ac-4a22-b481-33b8b1eac469@group-23022C6A558E, cid=856, SUCCESS, logIndex=1126, commits[980d9c0c-33ac-4a22-b481-33b8b1eac469:c1126, e00ee311-0ce1-4115-b4c1-69648d9d3094:c1122, bb9367ec-656d-4ade-92be-004a921408cc:c1122]
2019-08-06 03:26:16,243 INFO  client.GrpcClientProtocolClient (GrpcClientProtocolClient.java:onNext(255)) - client-9DC82E534C87->980d9c0c-33ac-4a22-b481-33b8b1eac469: receive RaftClientReply:client-9DC82E534C87->980d9c0c-33ac-4a22-b481-33b8b1eac469@group-23022C6A558E, cid=857, SUCCESS, logIndex=0, commits[980d9c0c-33ac-4a22-b481-33b8b1eac469:c1128, e00ee311-0ce1-4115-b4c1-69648d9d3094:c1126, bb9367ec-656d-4ade-92be-004a921408cc:c1126]
2019-08-06 03:26:16,265 INFO  client.GrpcClientProtocolClient (GrpcClientProtocolClient.java:onNext(255)) - client-9DC82E534C87->980d9c0c-33ac-4a22-b481-33b8b1eac469: receive RaftClientReply:client-9DC82E534C87->980d9c0c-33ac-4a22-b481-33b8b1eac469@group-23022C6A558E, cid=858, SUCCESS, logIndex=1129, commits[980d9c0c-33ac-4a22-b481-33b8b1eac469:c1130, e00ee311-0ce1-4115-b4c1-69648d9d3094:c1128, bb9367ec-656d-4ade-92be-004a921408cc:c1128]
2019-08-06 03:26:16,266 INFO  client.GrpcClientProtocolClient (GrpcClientProtocolClient.java:onNext(255)) - client-9DC82E534C87->980d9c0c-33ac-4a22-b481-33b8b1eac469: receive RaftClientReply:client-9DC82E534C87->980d9c0c-33ac-4a22-b481-33b8b1eac469@group-23022C6A558E, cid=859, SUCCESS, logIndex=1130, commits[980d9c0c-33ac-4a22-b481-33b8b1eac469:c1130, e00ee311-0ce1-4115-b4c1-69648d9d3094:c1128, bb9367ec-656d-4ade-92be-004a921408cc:c1128]
2019-08-06 03:26:16,266 INFO  client.GrpcClientProtocolClient (GrpcClientProtocolClient.java:onNext(255)) - client-9DC82E534C87->980d9c0c-33ac-4a22-b481-33b8b1eac469: receive RaftClientReply:client-9DC82E534C87->980d9c0c-33ac-4a22-b481-33b8b1eac469@group-23022C6A558E, cid=860, SUCCESS, logIndex=1131, commits[980d9c0c-33ac-4a22-b481-33b8b1eac469:c1132, e00ee311-0ce1-4115-b4c1-69648d9d3094:c1128, bb9367ec-656d-4ade-92be-004a921408cc:c1128]
2019-08-06 03:26:16,267 INFO  client.GrpcClientProtocolClient (GrpcClientProtocolClient.java:onNext(255)) - client-9DC82E534C87->980d9c0c-33ac-4a22-b481-33b8b1eac469: receive RaftClientReply:client-9DC82E534C87->980d9c0c-33ac-4a22-b481-33b8b1eac469@group-23022C6A558E, cid=861, SUCCESS, logIndex=1132, commits[980d9c0c-33ac-4a22-b481-33b8b1eac469:c1132, e00ee311-0ce1-4115-b4c1-69648d9d3094:c1128, bb9367ec-656d-4ade-92be-004a921408cc:c1128]
2019-08-06 03:26:16,269 INFO  client.GrpcClientProtocolClient (GrpcClientProtocolClient.java:onNext(255)) - client-9DC82E534C87->980d9c0c-33ac-4a22-b481-33b8b1eac469: receive RaftClientReply:client-9DC82E534C87->980d9c0c-33ac-4a22-b481-33b8b1eac469@group-23022C6A558E, cid=862, SUCCESS, logIndex=0, commits[980d9c0c-33ac-4a22-b481-33b8b1eac469:c1134, e00ee311-0ce1-4115-b4c1-69648d9d3094:c1130, bb9367ec-656d-4ade-92be-004a921408cc:c1130]
2019-08-06 03:26:16,290 INFO  client.GrpcClientProtocolClient (GrpcClientProtocolClient.java:onNext(255)) - client-9DC82E534C87->980d9c0c-33ac-4a22-b481-33b8b1eac469: receive RaftClientReply:client-9DC82E534C87->980d9c0c-33ac-4a22-b481-33b8b1eac469@group-23022C6A558E, cid=863, SUCCESS, logIndex=1137, commits[980d9c0c-33ac-4a22-b481-33b8b1eac469:c1138, e00ee311-0ce1-4115-b4c1-69648d9d3094:c1136, bb9367ec-656d-4ade-92be-004a921408cc:c1136]
2019-08-06 03:26:16,290 INFO  client.GrpcClientProtocolClient (GrpcClientProtocolClient.java:onNext(255)) - client-9DC82E534C87->980d9c0c-33ac-4a22-b481-33b8b1eac469: receive RaftClientReply:client-9DC82E534C87->980d9c0c-33ac-4a22-b481-33b8b1eac469@group-23022C6A558E, cid=864, SUCCESS, logIndex=1138, commits[980d9c0c-33ac-4a22-b481-33b8b1eac469:c1138, e00ee311-0ce1-4115-b4c1-69648d9d3094:c1136, bb9367ec-656d-4ade-92be-004a921408cc:c1136]
2019-08-06 03:26:16,313 INFO  client.GrpcClientProtocolClient (GrpcClientProtocolClient.java:onNext(255)) - client-9DC82E534C87->980d9c0c-33ac-4a22-b481-33b8b1eac469: receive RaftClientReply:client-9DC82E534C87->980d9c0c-33ac-4a22-b481-33b8b1eac469@group-23022C6A558E, cid=865, SUCCESS, logIndex=1141, commits[980d9c0c-33ac-4a22-b481-33b8b1eac469:c1142, e00ee311-0ce1-4115-b4c1-69648d9d3094:c1138, bb9367ec-656d-4ade-92be-004a921408cc:c1138]
2019-08-06 03:26:16,314 INFO  client.GrpcClientProtocolClient (GrpcClientProtocolClient.java:onNext(255)) - client-9DC82E534C87->980d9c0c-33ac-4a22-b481-33b8b1eac469: receive RaftClientReply:client-9DC82E534C87->980d9c0c-33ac-4a22-b481-33b8b1eac469@group-23022C6A558E, cid=866, SUCCESS, logIndex=1142, commits[980d9c0c-33ac-4a22-b481-33b8b1eac469:c1142, e00ee311-0ce1-4115-b4c1-69648d9d3094:c1138, bb9367ec-656d-4ade-92be-004a921408cc:c1138]
2019-08-06 03:26:16,316 INFO  client.GrpcClientProtocolClient (GrpcClientProtocolClient.java:onNext(255)) - client-9DC82E534C87->980d9c0c-33ac-4a22-b481-33b8b1eac469: receive RaftClientReply:client-9DC82E534C87->980d9c0c-33ac-4a22-b481-33b8b1eac469@group-23022C6A558E, cid=867, SUCCESS, logIndex=0, commits[980d9c0c-33ac-4a22-b481-33b8b1eac469:c1144, e00ee311-0ce1-4115-b4c1-69648d9d3094:c1142, bb9367ec-656d-4ade-92be-004a921408cc:c1142]
2019-08-06 03:26:16,336 INFO  client.GrpcClientProtocolClient (GrpcClientProtocolClient.java:onNext(255)) - client-9DC82E534C87->980d9c0c-33ac-4a22-b481-33b8b1eac469: receive RaftClientReply:client-9DC82E534C87->980d9c0c-33ac-4a22-b481-33b8b1eac469@group-23022C6A558E, cid=868, SUCCESS, logIndex=1145, commits[980d9c0c-33ac-4a22-b481-33b8b1eac469:c1147, e00ee311-0ce1-4115-b4c1-69648d9d3094:c1144, bb9367ec-656d-4ade-92be-004a921408cc:c1144]
2019-08-06 03:26:16,337 INFO  client.GrpcClientProtocolClient (GrpcClientProtocolClient.java:onNext(255)) - client-9DC82E534C87->980d9c0c-33ac-4a22-b481-33b8b1eac469: receive RaftClientReply:client-9DC82E534C87->980d9c0c-33ac-4a22-b481-33b8b1eac469@group-23022C6A558E, cid=869, SUCCESS, logIndex=1146, commits[980d9c0c-33ac-4a22-b481-33b8b1eac469:c1148, e00ee311-0ce1-4115-b4c1-69648d9d3094:c1144, bb9367ec-656d-4ade-92be-004a921408cc:c1144]
2019-08-06 03:26:16,337 INFO  client.GrpcClientProtocolClient (GrpcClientProtocolClient.java:onNext(255)) - client-9DC82E534C87->980d9c0c-33ac-4a22-b481-33b8b1eac469: receive RaftClientReply:client-9DC82E534C87->980d9c0c-33ac-4a22-b481-33b8b1eac469@group-23022C6A558E, cid=870, SUCCESS, logIndex=1147, commits[980d9c0c-33ac-4a22-b481-33b8b1eac469:c1148, e00ee311-0ce1-4115-b4c1-69648d9d3094:c1144, bb9367ec-656d-4ade-92be-004a921408cc:c1144]
2019-08-06 03:26:16,338 INFO  client.GrpcClientProtocolClient (GrpcClientProtocolClient.java:onNext(255)) - client-9DC82E534C87->980d9c0c-33ac-4a22-b481-33b8b1eac469: receive RaftClientReply:client-9DC82E534C87->980d9c0c-33ac-4a22-b481-33b8b1eac469@group-23022C6A558E, cid=871, SUCCESS, logIndex=1148, commits[980d9c0c-33ac-4a22-b481-33b8b1eac469:c1148, e00ee311-0ce1-4115-b4c1-69648d9d3094:c1144, bb9367ec-656d-4ade-92be-004a921408cc:c1144]
2019-08-06 03:26:16,339 INFO  client.GrpcClientProtocolClient (GrpcClientProtocolClient.java:onNext(255)) - client-9DC82E534C87->980d9c0c-33ac-4a22-b481-33b8b1eac469: receive RaftClientReply:client-9DC82E534C87->980d9c0c-33ac-4a22-b481-33b8b1eac469@group-23022C6A558E, cid=872, SUCCESS, logIndex=0, commits[980d9c0c-33ac-4a22-b481-33b8b1eac469:c1151, e00ee311-0ce1-4115-b4c1-69648d9d3094:c1147, bb9367ec-656d-4ade-92be-004a921408cc:c1146]
2019-08-06 03:26:16,360 INFO  client.GrpcClientProtocolClient (GrpcClientProtocolClient.java:onNext(255)) - client-9DC82E534C87->980d9c0c-33ac-4a22-b481-33b8b1eac469: receive RaftClientReply:client-9DC82E534C87->980d9c0c-33ac-4a22-b481-33b8b1eac469@group-23022C6A558E, cid=873, SUCCESS, logIndex=1153, commits[980d9c0c-33ac-4a22-b481-33b8b1eac469:c1154, e00ee311-0ce1-4115-b4c1-69648d9d3094:c1152, bb9367ec-656d-4ade-92be-004a921408cc:c1152]
2019-08-06 03:26:16,360 INFO  client.GrpcClientProtocolClient (GrpcClientProtocolClient.java:onNext(255)) - client-9DC82E534C87->980d9c0c-33ac-4a22-b481-33b8b1eac469: receive RaftClientReply:client-9DC82E534C87->980d9c0c-33ac-4a22-b481-33b8b1eac469@group-23022C6A558E, cid=874, SUCCESS, logIndex=1154, commits[980d9c0c-33ac-4a22-b481-33b8b1eac469:c1154, e00ee311-0ce1-4115-b4c1-69648d9d3094:c1152, bb9367ec-656d-4ade-92be-004a921408cc:c1152]
2019-08-06 03:26:16,375 INFO  client.GrpcClientProtocolClient (GrpcClientProtocolClient.java:onNext(255)) - client-9DC82E534C87->980d9c0c-33ac-4a22-b481-33b8b1eac469: receive RaftClientReply:client-9DC82E534C87->980d9c0c-33ac-4a22-b481-33b8b1eac469@group-23022C6A558E, cid=875, SUCCESS, logIndex=1157, commits[980d9c0c-33ac-4a22-b481-33b8b1eac469:c1158, e00ee311-0ce1-4115-b4c1-69648d9d3094:c1153, bb9367ec-656d-4ade-92be-004a921408cc:c1154]
2019-08-06 03:26:16,376 INFO  client.GrpcClientProtocolClient (GrpcClientProtocolClient.java:onNext(255)) - client-9DC82E534C87->980d9c0c-33ac-4a22-b481-33b8b1eac469: receive RaftClientReply:client-9DC82E534C87->980d9c0c-33ac-4a22-b481-33b8b1eac469@group-23022C6A558E, cid=876, SUCCESS, logIndex=1158, commits[980d9c0c-33ac-4a22-b481-33b8b1eac469:c1158, e00ee311-0ce1-4115-b4c1-69648d9d3094:c1153, bb9367ec-656d-4ade-92be-004a921408cc:c1154]
2019-08-06 03:26:16,377 INFO  client.GrpcClientProtocolClient (GrpcClientProtocolClient.java:onNext(255)) - client-9DC82E534C87->980d9c0c-33ac-4a22-b481-33b8b1eac469: receive RaftClientReply:client-9DC82E534C87->980d9c0c-33ac-4a22-b481-33b8b1eac469@group-23022C6A558E, cid=877, SUCCESS, logIndex=0, commits[980d9c0c-33ac-4a22-b481-33b8b1eac469:c1158, e00ee311-0ce1-4115-b4c1-69648d9d3094:c1154, bb9367ec-656d-4ade-92be-004a921408cc:c1154]
2019-08-06 03:26:16,379 INFO  client.GrpcClientProtocolClient (GrpcClientProtocolClient.java:onNext(255)) - client-9DC82E534C87->980d9c0c-33ac-4a22-b481-33b8b1eac469: receive RaftClientReply:client-9DC82E534C87->980d9c0c-33ac-4a22-b481-33b8b1eac469@group-23022C6A558E, cid=878, SUCCESS, logIndex=0, commits[980d9c0c-33ac-4a22-b481-33b8b1eac469:c1160, e00ee311-0ce1-4115-b4c1-69648d9d3094:c1158, bb9367ec-656d-4ade-92be-004a921408cc:c1158]
2019-08-06 03:26:16,399 INFO  client.GrpcClientProtocolClient (GrpcClientProtocolClient.java:onNext(255)) - client-9DC82E534C87->980d9c0c-33ac-4a22-b481-33b8b1eac469: receive RaftClientReply:client-9DC82E534C87->980d9c0c-33ac-4a22-b481-33b8b1eac469@group-23022C6A558E, cid=879, SUCCESS, logIndex=1161, commits[980d9c0c-33ac-4a22-b481-33b8b1eac469:c1162, e00ee311-0ce1-4115-b4c1-69648d9d3094:c1160, bb9367ec-656d-4ade-92be-004a921408cc:c1160]
2019-08-06 03:26:16,400 INFO  client.GrpcClientProtocolClient (GrpcClientProtocolClient.java:onNext(255)) - client-9DC82E534C87->980d9c0c-33ac-4a22-b481-33b8b1eac469: receive RaftClientReply:client-9DC82E534C87->980d9c0c-33ac-4a22-b481-33b8b1eac469@group-23022C6A558E, cid=880, SUCCESS, logIndex=1162, commits[980d9c0c-33ac-4a22-b481-33b8b1eac469:c1162, e00ee311-0ce1-4115-b4c1-69648d9d3094:c1160, bb9367ec-656d-4ade-92be-004a921408cc:c1160]
2019-08-06 03:26:16,400 INFO  client.GrpcClientProtocolClient (GrpcClientProtocolClient.java:onNext(255)) - client-9DC82E534C87->980d9c0c-33ac-4a22-b481-33b8b1eac469: receive RaftClientReply:client-9DC82E534C87->980d9c0c-33ac-4a22-b481-33b8b1eac469@group-23022C6A558E, cid=881, SUCCESS, logIndex=1163, commits[980d9c0c-33ac-4a22-b481-33b8b1eac469:c1164, e00ee311-0ce1-4115-b4c1-69648d9d3094:c1160, bb9367ec-656d-4ade-92be-004a921408cc:c1160]
2019-08-06 03:26:16,401 INFO  client.GrpcClientProtocolClient (GrpcClientProtocolClient.java:onNext(255)) - client-9DC82E534C87->980d9c0c-33ac-4a22-b481-33b8b1eac469: receive RaftClientReply:client-9DC82E534C87->980d9c0c-33ac-4a22-b481-33b8b1eac469@group-23022C6A558E, cid=882, SUCCESS, logIndex=1164, commits[980d9c0c-33ac-4a22-b481-33b8b1eac469:c1164, e00ee311-0ce1-4115-b4c1-69648d9d3094:c1160, bb9367ec-656d-4ade-92be-004a921408cc:c1160]
2019-08-06 03:26:16,402 INFO  client.GrpcClientProtocolClient (GrpcClientProtocolClient.java:onNext(255)) - client-9DC82E534C87->980d9c0c-33ac-4a22-b481-33b8b1eac469: receive RaftClientReply:client-9DC82E534C87->980d9c0c-33ac-4a22-b481-33b8b1eac469@group-23022C6A558E, cid=883, SUCCESS, logIndex=0, commits[980d9c0c-33ac-4a22-b481-33b8b1eac469:c1166, e00ee311-0ce1-4115-b4c1-69648d9d3094:c1162, bb9367ec-656d-4ade-92be-004a921408cc:c1162]
2019-08-06 03:26:16,416 INFO  client.GrpcClientProtocolClient (GrpcClientProtocolClient.java:onNext(255)) - client-9DC82E534C87->980d9c0c-33ac-4a22-b481-33b8b1eac469: receive RaftClientReply:client-9DC82E534C87->980d9c0c-33ac-4a22-b481-33b8b1eac469@group-23022C6A558E, cid=884, SUCCESS, logIndex=1169, commits[980d9c0c-33ac-4a22-b481-33b8b1eac469:c1170, e00ee311-0ce1-4115-b4c1-69648d9d3094:c1164, bb9367ec-656d-4ade-92be-004a921408cc:c1168]
2019-08-06 03:26:16,417 INFO  client.GrpcClientProtocolClient (GrpcClientProtocolClient.java:onNext(255)) - client-9DC82E534C87->980d9c0c-33ac-4a22-b481-33b8b1eac469: receive RaftClientReply:client-9DC82E534C87->980d9c0c-33ac-4a22-b481-33b8b1eac469@group-23022C6A558E, cid=885, SUCCESS, logIndex=1170, commits[980d9c0c-33ac-4a22-b481-33b8b1eac469:c1170, e00ee311-0ce1-4115-b4c1-69648d9d3094:c1168, bb9367ec-656d-4ade-92be-004a921408cc:c1168]
2019-08-06 03:26:16,429 INFO  client.GrpcClientProtocolClient (GrpcClientProtocolClient.java:onNext(255)) - client-9DC82E534C87->980d9c0c-33ac-4a22-b481-33b8b1eac469: receive RaftClientReply:client-9DC82E534C87->980d9c0c-33ac-4a22-b481-33b8b1eac469@group-23022C6A558E, cid=886, SUCCESS, logIndex=1173, commits[980d9c0c-33ac-4a22-b481-33b8b1eac469:c1174, e00ee311-0ce1-4115-b4c1-69648d9d3094:c1170, bb9367ec-656d-4ade-92be-004a921408cc:c1172]
2019-08-06 03:26:16,429 INFO  client.GrpcClientProtocolClient (GrpcClientProtocolClient.java:onNext(255)) - client-9DC82E534C87->980d9c0c-33ac-4a22-b481-33b8b1eac469: receive RaftClientReply:client-9DC82E534C87->980d9c0c-33ac-4a22-b481-33b8b1eac469@group-23022C6A558E, cid=887, SUCCESS, logIndex=1174, commits[980d9c0c-33ac-4a22-b481-33b8b1eac469:c1174, e00ee311-0ce1-4115-b4c1-69648d9d3094:c1172, bb9367ec-656d-4ade-92be-004a921408cc:c1172]
2019-08-06 03:26:16,430 INFO  client.GrpcClientProtocolClient (GrpcClientProtocolClient.java:onNext(255)) - client-9DC82E534C87->980d9c0c-33ac-4a22-b481-33b8b1eac469: receive RaftClientReply:client-9DC82E534C87->980d9c0c-33ac-4a22-b481-33b8b1eac469@group-23022C6A558E, cid=888, SUCCESS, logIndex=0, commits[980d9c0c-33ac-4a22-b481-33b8b1eac469:c1175, e00ee311-0ce1-4115-b4c1-69648d9d3094:c1174, bb9367ec-656d-4ade-92be-004a921408cc:c1174]
2019-08-06 03:26:16,442 INFO  client.GrpcClientProtocolClient (GrpcClientProtocolClient.java:onNext(255)) - client-9DC82E534C87->980d9c0c-33ac-4a22-b481-33b8b1eac469: receive RaftClientReply:client-9DC82E534C87->980d9c0c-33ac-4a22-b481-33b8b1eac469@group-23022C6A558E, cid=889, SUCCESS, logIndex=1177, commits[980d9c0c-33ac-4a22-b481-33b8b1eac469:c1178, e00ee311-0ce1-4115-b4c1-69648d9d3094:c1174, bb9367ec-656d-4ade-92be-004a921408cc:c1176]
2019-08-06 03:26:16,443 INFO  client.GrpcClientProtocolClient (GrpcClientProtocolClient.java:onNext(255)) - client-9DC82E534C87->980d9c0c-33ac-4a22-b481-33b8b1eac469: receive RaftClientReply:client-9DC82E534C87->980d9c0c-33ac-4a22-b481-33b8b1eac469@group-23022C6A558E, cid=890, SUCCESS, logIndex=1178, commits[980d9c0c-33ac-4a22-b481-33b8b1eac469:c1178, e00ee311-0ce1-4115-b4c1-69648d9d3094:c1174, bb9367ec-656d-4ade-92be-004a921408cc:c1176]
2019-08-06 03:26:16,472 INFO  client.GrpcClientProtocolClient (GrpcClientProtocolClient.java:onNext(255)) - client-9DC82E534C87->980d9c0c-33ac-4a22-b481-33b8b1eac469: receive RaftClientReply:client-9DC82E534C87->980d9c0c-33ac-4a22-b481-33b8b1eac469@group-23022C6A558E, cid=891, SUCCESS, logIndex=1179, commits[980d9c0c-33ac-4a22-b481-33b8b1eac469:c1181, e00ee311-0ce1-4115-b4c1-69648d9d3094:c1176, bb9367ec-656d-4ade-92be-004a921408cc:c1178]
2019-08-06 03:26:16,473 INFO  client.GrpcClientProtocolClient (GrpcClientProtocolClient.java:onNext(255)) - client-9DC82E534C87->980d9c0c-33ac-4a22-b481-33b8b1eac469: receive RaftClientReply:client-9DC82E534C87->980d9c0c-33ac-4a22-b481-33b8b1eac469@group-23022C6A558E, cid=892, SUCCESS, logIndex=1180, commits[980d9c0c-33ac-4a22-b481-33b8b1eac469:c1182, e00ee311-0ce1-4115-b4c1-69648d9d3094:c1176, bb9367ec-656d-4ade-92be-004a921408cc:c1178]
2019-08-06 03:26:16,474 INFO  client.GrpcClientProtocolClient (GrpcClientProtocolClient.java:onNext(255)) - client-9DC82E534C87->980d9c0c-33ac-4a22-b481-33b8b1eac469: receive RaftClientReply:client-9DC82E534C87->980d9c0c-33ac-4a22-b481-33b8b1eac469@group-23022C6A558E, cid=893, SUCCESS, logIndex=0, commits[980d9c0c-33ac-4a22-b481-33b8b1eac469:c1183, e00ee311-0ce1-4115-b4c1-69648d9d3094:c1180, bb9367ec-656d-4ade-92be-004a921408cc:c1180]
2019-08-06 03:26:16,489 INFO  client.GrpcClientProtocolClient (GrpcClientProtocolClient.java:onNext(255)) - client-9DC82E534C87->980d9c0c-33ac-4a22-b481-33b8b1eac469: receive RaftClientReply:client-9DC82E534C87->980d9c0c-33ac-4a22-b481-33b8b1eac469@group-23022C6A558E, cid=894, SUCCESS, logIndex=1185, commits[980d9c0c-33ac-4a22-b481-33b8b1eac469:c1186, e00ee311-0ce1-4115-b4c1-69648d9d3094:c1180, bb9367ec-656d-4ade-92be-004a921408cc:c1184]
2019-08-06 03:26:16,490 INFO  client.GrpcClientProtocolClient (GrpcClientProtocolClient.java:onNext(255)) - client-9DC82E534C87->980d9c0c-33ac-4a22-b481-33b8b1eac469: receive RaftClientReply:client-9DC82E534C87->980d9c0c-33ac-4a22-b481-33b8b1eac469@group-23022C6A558E, cid=895, SUCCESS, logIndex=1186, commits[980d9c0c-33ac-4a22-b481-33b8b1eac469:c1186, e00ee311-0ce1-4115-b4c1-69648d9d3094:c1180, bb9367ec-656d-4ade-92be-004a921408cc:c1184]
2019-08-06 03:26:16,512 INFO  client.GrpcClientProtocolClient (GrpcClientProtocolClient.java:onNext(255)) - client-9DC82E534C87->980d9c0c-33ac-4a22-b481-33b8b1eac469: receive RaftClientReply:client-9DC82E534C87->980d9c0c-33ac-4a22-b481-33b8b1eac469@group-23022C6A558E, cid=896, SUCCESS, logIndex=1189, commits[980d9c0c-33ac-4a22-b481-33b8b1eac469:c1190, e00ee311-0ce1-4115-b4c1-69648d9d3094:c1188, bb9367ec-656d-4ade-92be-004a921408cc:c1188]
2019-08-06 03:26:16,512 INFO  client.GrpcClientProtocolClient (GrpcClientProtocolClient.java:onNext(255)) - client-9DC82E534C87->980d9c0c-33ac-4a22-b481-33b8b1eac469: receive RaftClientReply:client-9DC82E534C87->980d9c0c-33ac-4a22-b481-33b8b1eac469@group-23022C6A558E, cid=897, SUCCESS, logIndex=1190, commits[980d9c0c-33ac-4a22-b481-33b8b1eac469:c1190, e00ee311-0ce1-4115-b4c1-69648d9d3094:c1188, bb9367ec-656d-4ade-92be-004a921408cc:c1188]
2019-08-06 03:26:16,524 INFO  client.GrpcClientProtocolClient (GrpcClientProtocolClient.java:onNext(255)) - client-9DC82E534C87->980d9c0c-33ac-4a22-b481-33b8b1eac469: receive RaftClientReply:client-9DC82E534C87->980d9c0c-33ac-4a22-b481-33b8b1eac469@group-23022C6A558E, cid=898, SUCCESS, logIndex=0, commits[980d9c0c-33ac-4a22-b481-33b8b1eac469:c1192, e00ee311-0ce1-4115-b4c1-69648d9d3094:c1190, bb9367ec-656d-4ade-92be-004a921408cc:c1190]
2019-08-06 03:26:16,547 INFO  client.GrpcClientProtocolClient (GrpcClientProtocolClient.java:onNext(255)) - client-9DC82E534C87->980d9c0c-33ac-4a22-b481-33b8b1eac469: receive RaftClientReply:client-9DC82E534C87->980d9c0c-33ac-4a22-b481-33b8b1eac469@group-23022C6A558E, cid=899, SUCCESS, logIndex=1193, commits[980d9c0c-33ac-4a22-b481-33b8b1eac469:c1194, e00ee311-0ce1-4115-b4c1-69648d9d3094:c1192, bb9367ec-656d-4ade-92be-004a921408cc:c1192]
2019-08-06 03:26:16,548 INFO  client.GrpcClientProtocolClient (GrpcClientProtocolClient.java:onNext(255)) - client-9DC82E534C87->980d9c0c-33ac-4a22-b481-33b8b1eac469: receive RaftClientReply:client-9DC82E534C87->980d9c0c-33ac-4a22-b481-33b8b1eac469@group-23022C6A558E, cid=900, SUCCESS, logIndex=1194, commits[980d9c0c-33ac-4a22-b481-33b8b1eac469:c1194, e00ee311-0ce1-4115-b4c1-69648d9d3094:c1192, bb9367ec-656d-4ade-92be-004a921408cc:c1192]
2019-08-06 03:26:16,549 INFO  client.GrpcClientProtocolClient (GrpcClientProtocolClient.java:onNext(255)) - client-9DC82E534C87->980d9c0c-33ac-4a22-b481-33b8b1eac469: receive RaftClientReply:client-9DC82E534C87->980d9c0c-33ac-4a22-b481-33b8b1eac469@group-23022C6A558E, cid=901, SUCCESS, logIndex=1195, commits[980d9c0c-33ac-4a22-b481-33b8b1eac469:c1196, e00ee311-0ce1-4115-b4c1-69648d9d3094:c1192, bb9367ec-656d-4ade-92be-004a921408cc:c1192]
2019-08-06 03:26:16,549 INFO  client.GrpcClientProtocolClient (GrpcClientProtocolClient.java:onNext(255)) - client-9DC82E534C87->980d9c0c-33ac-4a22-b481-33b8b1eac469: receive RaftClientReply:client-9DC82E534C87->980d9c0c-33ac-4a22-b481-33b8b1eac469@group-23022C6A558E, cid=902, SUCCESS, logIndex=1196, commits[980d9c0c-33ac-4a22-b481-33b8b1eac469:c1196, e00ee311-0ce1-4115-b4c1-69648d9d3094:c1192, bb9367ec-656d-4ade-92be-004a921408cc:c1192]
2019-08-06 03:26:16,560 INFO  client.GrpcClientProtocolClient (GrpcClientProtocolClient.java:onNext(255)) - client-9DC82E534C87->980d9c0c-33ac-4a22-b481-33b8b1eac469: receive RaftClientReply:client-9DC82E534C87->980d9c0c-33ac-4a22-b481-33b8b1eac469@group-23022C6A558E, cid=903, SUCCESS, logIndex=0, commits[980d9c0c-33ac-4a22-b481-33b8b1eac469:c1198, e00ee311-0ce1-4115-b4c1-69648d9d3094:c1194, bb9367ec-656d-4ade-92be-004a921408cc:c1194]
2019-08-06 03:26:16,580 INFO  client.GrpcClientProtocolClient (GrpcClientProtocolClient.java:onNext(255)) - client-9DC82E534C87->980d9c0c-33ac-4a22-b481-33b8b1eac469: receive RaftClientReply:client-9DC82E534C87->980d9c0c-33ac-4a22-b481-33b8b1eac469@group-23022C6A558E, cid=904, SUCCESS, logIndex=1201, commits[980d9c0c-33ac-4a22-b481-33b8b1eac469:c1202, e00ee311-0ce1-4115-b4c1-69648d9d3094:c1200, bb9367ec-656d-4ade-92be-004a921408cc:c1200]
2019-08-06 03:26:16,581 INFO  client.GrpcClientProtocolClient (GrpcClientProtocolClient.java:onNext(255)) - client-9DC82E534C87->980d9c0c-33ac-4a22-b481-33b8b1eac469: receive RaftClientReply:client-9DC82E534C87->980d9c0c-33ac-4a22-b481-33b8b1eac469@group-23022C6A558E, cid=905, SUCCESS, logIndex=1202, commits[980d9c0c-33ac-4a22-b481-33b8b1eac469:c1202, e00ee311-0ce1-4115-b4c1-69648d9d3094:c1200, bb9367ec-656d-4ade-92be-004a921408cc:c1200]
2019-08-06 03:26:16,595 INFO  client.GrpcClientProtocolClient (GrpcClientProtocolClient.java:onNext(255)) - client-9DC82E534C87->980d9c0c-33ac-4a22-b481-33b8b1eac469: receive RaftClientReply:client-9DC82E534C87->980d9c0c-33ac-4a22-b481-33b8b1eac469@group-23022C6A558E, cid=906, SUCCESS, logIndex=1205, commits[980d9c0c-33ac-4a22-b481-33b8b1eac469:c1205, e00ee311-0ce1-4115-b4c1-69648d9d3094:c1202, bb9367ec-656d-4ade-92be-004a921408cc:c1202]
2019-08-06 03:26:16,596 INFO  client.GrpcClientProtocolClient (GrpcClientProtocolClient.java:onNext(255)) - client-9DC82E534C87->980d9c0c-33ac-4a22-b481-33b8b1eac469: receive RaftClientReply:client-9DC82E534C87->980d9c0c-33ac-4a22-b481-33b8b1eac469@group-23022C6A558E, cid=907, SUCCESS, logIndex=1206, commits[980d9c0c-33ac-4a22-b481-33b8b1eac469:c1206, e00ee311-0ce1-4115-b4c1-69648d9d3094:c1202, bb9367ec-656d-4ade-92be-004a921408cc:c1202]
2019-08-06 03:26:16,608 INFO  client.GrpcClientProtocolClient (GrpcClientProtocolClient.java:onNext(255)) - client-9DC82E534C87->980d9c0c-33ac-4a22-b481-33b8b1eac469: receive RaftClientReply:client-9DC82E534C87->980d9c0c-33ac-4a22-b481-33b8b1eac469@group-23022C6A558E, cid=908, SUCCESS, logIndex=0, commits[980d9c0c-33ac-4a22-b481-33b8b1eac469:c1208, e00ee311-0ce1-4115-b4c1-69648d9d3094:c1206, bb9367ec-656d-4ade-92be-004a921408cc:c1206]
2019-08-06 03:26:16,629 INFO  client.GrpcClientProtocolClient (GrpcClientProtocolClient.java:onNext(255)) - client-9DC82E534C87->980d9c0c-33ac-4a22-b481-33b8b1eac469: receive RaftClientReply:client-9DC82E534C87->980d9c0c-33ac-4a22-b481-33b8b1eac469@group-23022C6A558E, cid=909, SUCCESS, logIndex=1209, commits[980d9c0c-33ac-4a22-b481-33b8b1eac469:c1210, e00ee311-0ce1-4115-b4c1-69648d9d3094:c1208, bb9367ec-656d-4ade-92be-004a921408cc:c1208]
2019-08-06 03:26:16,629 INFO  client.GrpcClientProtocolClient (GrpcClientProtocolClient.java:onNext(255)) - client-9DC82E534C87->980d9c0c-33ac-4a22-b481-33b8b1eac469: receive RaftClientReply:client-9DC82E534C87->980d9c0c-33ac-4a22-b481-33b8b1eac469@group-23022C6A558E, cid=910, SUCCESS, logIndex=1210, commits[980d9c0c-33ac-4a22-b481-33b8b1eac469:c1210, e00ee311-0ce1-4115-b4c1-69648d9d3094:c1208, bb9367ec-656d-4ade-92be-004a921408cc:c1208]
2019-08-06 03:26:16,641 INFO  client.GrpcClientProtocolClient (GrpcClientProtocolClient.java:onNext(255)) - client-9DC82E534C87->980d9c0c-33ac-4a22-b481-33b8b1eac469: receive RaftClientReply:client-9DC82E534C87->980d9c0c-33ac-4a22-b481-33b8b1eac469@group-23022C6A558E, cid=911, SUCCESS, logIndex=1211, commits[980d9c0c-33ac-4a22-b481-33b8b1eac469:c1212, e00ee311-0ce1-4115-b4c1-69648d9d3094:c1208, bb9367ec-656d-4ade-92be-004a921408cc:c1208]
2019-08-06 03:26:16,641 INFO  client.GrpcClientProtocolClient (GrpcClientProtocolClient.java:onNext(255)) - client-9DC82E534C87->980d9c0c-33ac-4a22-b481-33b8b1eac469: receive RaftClientReply:client-9DC82E534C87->980d9c0c-33ac-4a22-b481-33b8b1eac469@group-23022C6A558E, cid=912, SUCCESS, logIndex=1212, commits[980d9c0c-33ac-4a22-b481-33b8b1eac469:c1212, e00ee311-0ce1-4115-b4c1-69648d9d3094:c1208, bb9367ec-656d-4ade-92be-004a921408cc:c1208]
2019-08-06 03:26:16,642 INFO  client.GrpcClientProtocolClient (GrpcClientProtocolClient.java:onNext(255)) - client-9DC82E534C87->980d9c0c-33ac-4a22-b481-33b8b1eac469: receive RaftClientReply:client-9DC82E534C87->980d9c0c-33ac-4a22-b481-33b8b1eac469@group-23022C6A558E, cid=913, SUCCESS, logIndex=0, commits[980d9c0c-33ac-4a22-b481-33b8b1eac469:c1214, e00ee311-0ce1-4115-b4c1-69648d9d3094:c1210, bb9367ec-656d-4ade-92be-004a921408cc:c1212]
2019-08-06 03:26:16,664 INFO  client.GrpcClientProtocolClient (GrpcClientProtocolClient.java:onNext(255)) - client-9DC82E534C87->980d9c0c-33ac-4a22-b481-33b8b1eac469: receive RaftClientReply:client-9DC82E534C87->980d9c0c-33ac-4a22-b481-33b8b1eac469@group-23022C6A558E, cid=914, SUCCESS, logIndex=1217, commits[980d9c0c-33ac-4a22-b481-33b8b1eac469:c1218, e00ee311-0ce1-4115-b4c1-69648d9d3094:c1216, bb9367ec-656d-4ade-92be-004a921408cc:c1216]
2019-08-06 03:26:16,664 INFO  client.GrpcClientProtocolClient (GrpcClientProtocolClient.java:onNext(255)) - client-9DC82E534C87->980d9c0c-33ac-4a22-b481-33b8b1eac469: receive RaftClientReply:client-9DC82E534C87->980d9c0c-33ac-4a22-b481-33b8b1eac469@group-23022C6A558E, cid=915, SUCCESS, logIndex=1218, commits[980d9c0c-33ac-4a22-b481-33b8b1eac469:c1218, e00ee311-0ce1-4115-b4c1-69648d9d3094:c1216, bb9367ec-656d-4ade-92be-004a921408cc:c1216]
2019-08-06 03:26:16,814 INFO  client.GrpcClientProtocolClient (GrpcClientProtocolClient.java:onNext(255)) - client-9DC82E534C87->980d9c0c-33ac-4a22-b481-33b8b1eac469: receive RaftClientReply:client-9DC82E534C87->980d9c0c-33ac-4a22-b481-33b8b1eac469@group-23022C6A558E, cid=916, SUCCESS, logIndex=1221, commits[980d9c0c-33ac-4a22-b481-33b8b1eac469:c1222, e00ee311-0ce1-4115-b4c1-69648d9d3094:c1219, bb9367ec-656d-4ade-92be-004a921408cc:c1219]
2019-08-06 03:26:16,815 INFO  client.GrpcClientProtocolClient (GrpcClientProtocolClient.java:onNext(255)) - client-9DC82E534C87->980d9c0c-33ac-4a22-b481-33b8b1eac469: receive RaftClientReply:client-9DC82E534C87->980d9c0c-33ac-4a22-b481-33b8b1eac469@group-23022C6A558E, cid=917, SUCCESS, logIndex=1222, commits[980d9c0c-33ac-4a22-b481-33b8b1eac469:c1222, e00ee311-0ce1-4115-b4c1-69648d9d3094:c1219, bb9367ec-656d-4ade-92be-004a921408cc:c1219]
2019-08-06 03:26:16,826 INFO  client.GrpcClientProtocolClient (GrpcClientProtocolClient.java:onNext(255)) - client-9DC82E534C87->980d9c0c-33ac-4a22-b481-33b8b1eac469: receive RaftClientReply:client-9DC82E534C87->980d9c0c-33ac-4a22-b481-33b8b1eac469@group-23022C6A558E, cid=918, SUCCESS, logIndex=0, commits[980d9c0c-33ac-4a22-b481-33b8b1eac469:c1224, e00ee311-0ce1-4115-b4c1-69648d9d3094:c1222, bb9367ec-656d-4ade-92be-004a921408cc:c1222]
2019-08-06 03:26:16,848 INFO  client.GrpcClientProtocolClient (GrpcClientProtocolClient.java:onNext(255)) - client-9DC82E534C87->980d9c0c-33ac-4a22-b481-33b8b1eac469: receive RaftClientReply:client-9DC82E534C87->980d9c0c-33ac-4a22-b481-33b8b1eac469@group-23022C6A558E, cid=919, SUCCESS, logIndex=1225, commits[980d9c0c-33ac-4a22-b481-33b8b1eac469:c1228, e00ee311-0ce1-4115-b4c1-69648d9d3094:c1224, bb9367ec-656d-4ade-92be-004a921408cc:c1224]
2019-08-06 03:26:16,849 INFO  client.GrpcClientProtocolClient (GrpcClientProtocolClient.java:onNext(255)) - client-9DC82E534C87->980d9c0c-33ac-4a22-b481-33b8b1eac469: receive RaftClientReply:client-9DC82E534C87->980d9c0c-33ac-4a22-b481-33b8b1eac469@group-23022C6A558E, cid=920, SUCCESS, logIndex=1226, commits[980d9c0c-33ac-4a22-b481-33b8b1eac469:c1228, e00ee311-0ce1-4115-b4c1-69648d9d3094:c1224, bb9367ec-656d-4ade-92be-004a921408cc:c1224]
2019-08-06 03:26:16,850 INFO  client.GrpcClientProtocolClient (GrpcClientProtocolClient.java:onNext(255)) - client-9DC82E534C87->980d9c0c-33ac-4a22-b481-33b8b1eac469: receive RaftClientReply:client-9DC82E534C87->980d9c0c-33ac-4a22-b481-33b8b1eac469@group-23022C6A558E, cid=921, SUCCESS, logIndex=1227, commits[980d9c0c-33ac-4a22-b481-33b8b1eac469:c1228, e00ee311-0ce1-4115-b4c1-69648d9d3094:c1224, bb9367ec-656d-4ade-92be-004a921408cc:c1224]
2019-08-06 03:26:16,850 INFO  client.GrpcClientProtocolClient (GrpcClientProtocolClient.java:onNext(255)) - client-9DC82E534C87->980d9c0c-33ac-4a22-b481-33b8b1eac469: receive RaftClientReply:client-9DC82E534C87->980d9c0c-33ac-4a22-b481-33b8b1eac469@group-23022C6A558E, cid=922, SUCCESS, logIndex=1228, commits[980d9c0c-33ac-4a22-b481-33b8b1eac469:c1228, e00ee311-0ce1-4115-b4c1-69648d9d3094:c1224, bb9367ec-656d-4ade-92be-004a921408cc:c1224]
2019-08-06 03:26:16,852 INFO  client.GrpcClientProtocolClient (GrpcClientProtocolClient.java:onNext(255)) - client-9DC82E534C87->980d9c0c-33ac-4a22-b481-33b8b1eac469: receive RaftClientReply:client-9DC82E534C87->980d9c0c-33ac-4a22-b481-33b8b1eac469@group-23022C6A558E, cid=923, SUCCESS, logIndex=0, commits[980d9c0c-33ac-4a22-b481-33b8b1eac469:c1232, e00ee311-0ce1-4115-b4c1-69648d9d3094:c1226, bb9367ec-656d-4ade-92be-004a921408cc:c1228]
2019-08-06 03:26:16,872 INFO  client.GrpcClientProtocolClient (GrpcClientProtocolClient.java:onNext(255)) - client-9DC82E534C87->980d9c0c-33ac-4a22-b481-33b8b1eac469: receive RaftClientReply:client-9DC82E534C87->980d9c0c-33ac-4a22-b481-33b8b1eac469@group-23022C6A558E, cid=924, SUCCESS, logIndex=1233, commits[980d9c0c-33ac-4a22-b481-33b8b1eac469:c1234, e00ee311-0ce1-4115-b4c1-69648d9d3094:c1232, bb9367ec-656d-4ade-92be-004a921408cc:c1232]
2019-08-06 03:26:16,872 INFO  client.GrpcClientProtocolClient (GrpcClientProtocolClient.java:onNext(255)) - client-9DC82E534C87->980d9c0c-33ac-4a22-b481-33b8b1eac469: receive RaftClientReply:client-9DC82E534C87->980d9c0c-33ac-4a22-b481-33b8b1eac469@group-23022C6A558E, cid=925, SUCCESS, logIndex=1234, commits[980d9c0c-33ac-4a22-b481-33b8b1eac469:c1234, e00ee311-0ce1-4115-b4c1-69648d9d3094:c1232, bb9367ec-656d-4ade-92be-004a921408cc:c1232]
2019-08-06 03:26:16,885 INFO  client.GrpcClientProtocolClient (GrpcClientProtocolClient.java:onNext(255)) - client-9DC82E534C87->980d9c0c-33ac-4a22-b481-33b8b1eac469: receive RaftClientReply:client-9DC82E534C87->980d9c0c-33ac-4a22-b481-33b8b1eac469@group-23022C6A558E, cid=926, SUCCESS, logIndex=1237, commits[980d9c0c-33ac-4a22-b481-33b8b1eac469:c1238, e00ee311-0ce1-4115-b4c1-69648d9d3094:c1234, bb9367ec-656d-4ade-92be-004a921408cc:c1233]
2019-08-06 03:26:16,886 INFO  client.GrpcClientProtocolClient (GrpcClientProtocolClient.java:onNext(255)) - client-9DC82E534C87->980d9c0c-33ac-4a22-b481-33b8b1eac469: receive RaftClientReply:client-9DC82E534C87->980d9c0c-33ac-4a22-b481-33b8b1eac469@group-23022C6A558E, cid=927, SUCCESS, logIndex=1238, commits[980d9c0c-33ac-4a22-b481-33b8b1eac469:c1238, e00ee311-0ce1-4115-b4c1-69648d9d3094:c1234, bb9367ec-656d-4ade-92be-004a921408cc:c1234]
2019-08-06 03:26:16,888 INFO  client.GrpcClientProtocolClient (GrpcClientProtocolClient.java:onNext(255)) - client-9DC82E534C87->980d9c0c-33ac-4a22-b481-33b8b1eac469: receive RaftClientReply:client-9DC82E534C87->980d9c0c-33ac-4a22-b481-33b8b1eac469@group-23022C6A558E, cid=928, SUCCESS, logIndex=0, commits[980d9c0c-33ac-4a22-b481-33b8b1eac469:c1240, e00ee311-0ce1-4115-b4c1-69648d9d3094:c1238, bb9367ec-656d-4ade-92be-004a921408cc:c1238]
2019-08-06 03:26:16,909 INFO  client.GrpcClientProtocolClient (GrpcClientProtocolClient.java:onNext(255)) - client-9DC82E534C87->980d9c0c-33ac-4a22-b481-33b8b1eac469: receive RaftClientReply:client-9DC82E534C87->980d9c0c-33ac-4a22-b481-33b8b1eac469@group-23022C6A558E, cid=929, SUCCESS, logIndex=1241, commits[980d9c0c-33ac-4a22-b481-33b8b1eac469:c1242, e00ee311-0ce1-4115-b4c1-69648d9d3094:c1240, bb9367ec-656d-4ade-92be-004a921408cc:c1240]
2019-08-06 03:26:16,909 INFO  client.GrpcClientProtocolClient (GrpcClientProtocolClient.java:onNext(255)) - client-9DC82E534C87->980d9c0c-33ac-4a22-b481-33b8b1eac469: receive RaftClientReply:client-9DC82E534C87->980d9c0c-33ac-4a22-b481-33b8b1eac469@group-23022C6A558E, cid=930, SUCCESS, logIndex=1242, commits[980d9c0c-33ac-4a22-b481-33b8b1eac469:c1244, e00ee311-0ce1-4115-b4c1-69648d9d3094:c1240, bb9367ec-656d-4ade-92be-004a921408cc:c1240]
2019-08-06 03:26:16,910 INFO  client.GrpcClientProtocolClient (GrpcClientProtocolClient.java:onNext(255)) - client-9DC82E534C87->980d9c0c-33ac-4a22-b481-33b8b1eac469: receive RaftClientReply:client-9DC82E534C87->980d9c0c-33ac-4a22-b481-33b8b1eac469@group-23022C6A558E, cid=931, SUCCESS, logIndex=1243, commits[980d9c0c-33ac-4a22-b481-33b8b1eac469:c1244, e00ee311-0ce1-4115-b4c1-69648d9d3094:c1240, bb9367ec-656d-4ade-92be-004a921408cc:c1240]
2019-08-06 03:26:16,910 INFO  client.GrpcClientProtocolClient (GrpcClientProtocolClient.java:onNext(255)) - client-9DC82E534C87->980d9c0c-33ac-4a22-b481-33b8b1eac469: receive RaftClientReply:client-9DC82E534C87->980d9c0c-33ac-4a22-b481-33b8b1eac469@group-23022C6A558E, cid=932, SUCCESS, logIndex=1244, commits[980d9c0c-33ac-4a22-b481-33b8b1eac469:c1244, e00ee311-0ce1-4115-b4c1-69648d9d3094:c1240, bb9367ec-656d-4ade-92be-004a921408cc:c1240]
2019-08-06 03:26:16,914 INFO  client.GrpcClientProtocolClient (GrpcClientProtocolClient.java:onNext(255)) - client-9DC82E534C87->980d9c0c-33ac-4a22-b481-33b8b1eac469: receive RaftClientReply:client-9DC82E534C87->980d9c0c-33ac-4a22-b481-33b8b1eac469@group-23022C6A558E, cid=933, SUCCESS, logIndex=0, commits[980d9c0c-33ac-4a22-b481-33b8b1eac469:c1247, e00ee311-0ce1-4115-b4c1-69648d9d3094:c1242, bb9367ec-656d-4ade-92be-004a921408cc:c1244]
2019-08-06 03:26:16,934 INFO  client.GrpcClientProtocolClient (GrpcClientProtocolClient.java:onNext(255)) - client-9DC82E534C87->980d9c0c-33ac-4a22-b481-33b8b1eac469: receive RaftClientReply:client-9DC82E534C87->980d9c0c-33ac-4a22-b481-33b8b1eac469@group-23022C6A558E, cid=934, SUCCESS, logIndex=1248, commits[980d9c0c-33ac-4a22-b481-33b8b1eac469:c1249, e00ee311-0ce1-4115-b4c1-69648d9d3094:c1247, bb9367ec-656d-4ade-92be-004a921408cc:c1247]
2019-08-06 03:26:16,935 INFO  client.GrpcClientProtocolClient (GrpcClientProtocolClient.java:onNext(255)) - client-9DC82E534C87->980d9c0c-33ac-4a22-b481-33b8b1eac469: receive RaftClientReply:client-9DC82E534C87->980d9c0c-33ac-4a22-b481-33b8b1eac469@group-23022C6A558E, cid=935, SUCCESS, logIndex=1249, commits[980d9c0c-33ac-4a22-b481-33b8b1eac469:c1249, e00ee311-0ce1-4115-b4c1-69648d9d3094:c1247, bb9367ec-656d-4ade-92be-004a921408cc:c1247]
2019-08-06 03:26:16,958 INFO  client.GrpcClientProtocolClient (GrpcClientProtocolClient.java:onNext(255)) - client-9DC82E534C87->980d9c0c-33ac-4a22-b481-33b8b1eac469: receive RaftClientReply:client-9DC82E534C87->980d9c0c-33ac-4a22-b481-33b8b1eac469@group-23022C6A558E, cid=936, SUCCESS, logIndex=1252, commits[980d9c0c-33ac-4a22-b481-33b8b1eac469:c1253, e00ee311-0ce1-4115-b4c1-69648d9d3094:c1249, bb9367ec-656d-4ade-92be-004a921408cc:c1249]
2019-08-06 03:26:16,959 INFO  client.GrpcClientProtocolClient (GrpcClientProtocolClient.java:onNext(255)) - client-9DC82E534C87->980d9c0c-33ac-4a22-b481-33b8b1eac469: receive RaftClientReply:client-9DC82E534C87->980d9c0c-33ac-4a22-b481-33b8b1eac469@group-23022C6A558E, cid=937, SUCCESS, logIndex=1253, commits[980d9c0c-33ac-4a22-b481-33b8b1eac469:c1253, e00ee311-0ce1-4115-b4c1-69648d9d3094:c1249, bb9367ec-656d-4ade-92be-004a921408cc:c1249]
2019-08-06 03:26:16,961 INFO  client.GrpcClientProtocolClient (GrpcClientProtocolClient.java:onNext(255)) - client-9DC82E534C87->980d9c0c-33ac-4a22-b481-33b8b1eac469: receive RaftClientReply:client-9DC82E534C87->980d9c0c-33ac-4a22-b481-33b8b1eac469@group-23022C6A558E, cid=938, SUCCESS, logIndex=0, commits[980d9c0c-33ac-4a22-b481-33b8b1eac469:c1255, e00ee311-0ce1-4115-b4c1-69648d9d3094:c1253, bb9367ec-656d-4ade-92be-004a921408cc:c1253]
2019-08-06 03:26:16,983 INFO  client.GrpcClientProtocolClient (GrpcClientProtocolClient.java:onNext(255)) - client-9DC82E534C87->980d9c0c-33ac-4a22-b481-33b8b1eac469: receive RaftClientReply:client-9DC82E534C87->980d9c0c-33ac-4a22-b481-33b8b1eac469@group-23022C6A558E, cid=939, SUCCESS, logIndex=1256, commits[980d9c0c-33ac-4a22-b481-33b8b1eac469:c1257, e00ee311-0ce1-4115-b4c1-69648d9d3094:c1255, bb9367ec-656d-4ade-92be-004a921408cc:c1255]
2019-08-06 03:26:16,984 INFO  client.GrpcClientProtocolClient (GrpcClientProtocolClient.java:onNext(255)) - client-9DC82E534C87->980d9c0c-33ac-4a22-b481-33b8b1eac469: receive RaftClientReply:client-9DC82E534C87->980d9c0c-33ac-4a22-b481-33b8b1eac469@group-23022C6A558E, cid=940, SUCCESS, logIndex=1257, commits[980d9c0c-33ac-4a22-b481-33b8b1eac469:c1257, e00ee311-0ce1-4115-b4c1-69648d9d3094:c1255, bb9367ec-656d-4ade-92be-004a921408cc:c1255]
2019-08-06 03:26:16,985 INFO  client.GrpcClientProtocolClient (GrpcClientProtocolClient.java:onNext(255)) - client-9DC82E534C87->980d9c0c-33ac-4a22-b481-33b8b1eac469: receive RaftClientReply:client-9DC82E534C87->980d9c0c-33ac-4a22-b481-33b8b1eac469@group-23022C6A558E, cid=941, SUCCESS, logIndex=1258, commits[980d9c0c-33ac-4a22-b481-33b8b1eac469:c1259, e00ee311-0ce1-4115-b4c1-69648d9d3094:c1255, bb9367ec-656d-4ade-92be-004a921408cc:c1255]
2019-08-06 03:26:16,985 INFO  client.GrpcClientProtocolClient (GrpcClientProtocolClient.java:onNext(255)) - client-9DC82E534C87->980d9c0c-33ac-4a22-b481-33b8b1eac469: receive RaftClientReply:client-9DC82E534C87->980d9c0c-33ac-4a22-b481-33b8b1eac469@group-23022C6A558E, cid=942, SUCCESS, logIndex=1259, commits[980d9c0c-33ac-4a22-b481-33b8b1eac469:c1259, e00ee311-0ce1-4115-b4c1-69648d9d3094:c1255, bb9367ec-656d-4ade-92be-004a921408cc:c1255]
2019-08-06 03:26:16,987 INFO  client.GrpcClientProtocolClient (GrpcClientProtocolClient.java:onNext(255)) - client-9DC82E534C87->980d9c0c-33ac-4a22-b481-33b8b1eac469: receive RaftClientReply:client-9DC82E534C87->980d9c0c-33ac-4a22-b481-33b8b1eac469@group-23022C6A558E, cid=943, SUCCESS, logIndex=0, commits[980d9c0c-33ac-4a22-b481-33b8b1eac469:c1261, e00ee311-0ce1-4115-b4c1-69648d9d3094:c1257, bb9367ec-656d-4ade-92be-004a921408cc:c1257]
2019-08-06 03:26:17,011 INFO  client.GrpcClientProtocolClient (GrpcClientProtocolClient.java:onNext(255)) - client-9DC82E534C87->980d9c0c-33ac-4a22-b481-33b8b1eac469: receive RaftClientReply:client-9DC82E534C87->980d9c0c-33ac-4a22-b481-33b8b1eac469@group-23022C6A558E, cid=944, SUCCESS, logIndex=1264, commits[980d9c0c-33ac-4a22-b481-33b8b1eac469:c1265, e00ee311-0ce1-4115-b4c1-69648d9d3094:c1261, bb9367ec-656d-4ade-92be-004a921408cc:c1261]
2019-08-06 03:26:17,012 INFO  client.GrpcClientProtocolClient (GrpcClientProtocolClient.java:onNext(255)) - client-9DC82E534C87->980d9c0c-33ac-4a22-b481-33b8b1eac469: receive RaftClientReply:client-9DC82E534C87->980d9c0c-33ac-4a22-b481-33b8b1eac469@group-23022C6A558E, cid=945, SUCCESS, logIndex=1265, commits[980d9c0c-33ac-4a22-b481-33b8b1eac469:c1265, e00ee311-0ce1-4115-b4c1-69648d9d3094:c1261, bb9367ec-656d-4ade-92be-004a921408cc:c1261]
2019-08-06 03:26:17,029 INFO  client.GrpcClientProtocolClient (GrpcClientProtocolClient.java:onNext(255)) - client-9DC82E534C87->980d9c0c-33ac-4a22-b481-33b8b1eac469: receive RaftClientReply:client-9DC82E534C87->980d9c0c-33ac-4a22-b481-33b8b1eac469@group-23022C6A558E, cid=946, SUCCESS, logIndex=1268, commits[980d9c0c-33ac-4a22-b481-33b8b1eac469:c1269, e00ee311-0ce1-4115-b4c1-69648d9d3094:c1265, bb9367ec-656d-4ade-92be-004a921408cc:c1266]
2019-08-06 03:26:17,029 INFO  client.GrpcClientProtocolClient (GrpcClientProtocolClient.java:onNext(255)) - client-9DC82E534C87->980d9c0c-33ac-4a22-b481-33b8b1eac469: receive RaftClientReply:client-9DC82E534C87->980d9c0c-33ac-4a22-b481-33b8b1eac469@group-23022C6A558E, cid=947, SUCCESS, logIndex=1269, commits[980d9c0c-33ac-4a22-b481-33b8b1eac469:c1269, e00ee311-0ce1-4115-b4c1-69648d9d3094:c1265, bb9367ec-656d-4ade-92be-004a921408cc:c1266]
2019-08-06 03:26:17,031 INFO  client.GrpcClientProtocolClient (GrpcClientProtocolClient.java:onNext(255)) - client-9DC82E534C87->980d9c0c-33ac-4a22-b481-33b8b1eac469: receive RaftClientReply:client-9DC82E534C87->980d9c0c-33ac-4a22-b481-33b8b1eac469@group-23022C6A558E, cid=948, SUCCESS, logIndex=0, commits[980d9c0c-33ac-4a22-b481-33b8b1eac469:c1271, e00ee311-0ce1-4115-b4c1-69648d9d3094:c1269, bb9367ec-656d-4ade-92be-004a921408cc:c1269]
2019-08-06 03:26:17,046 INFO  client.GrpcClientProtocolClient (GrpcClientProtocolClient.java:onNext(255)) - client-9DC82E534C87->980d9c0c-33ac-4a22-b481-33b8b1eac469: receive RaftClientReply:client-9DC82E534C87->980d9c0c-33ac-4a22-b481-33b8b1eac469@group-23022C6A558E, cid=949, SUCCESS, logIndex=1272, commits[980d9c0c-33ac-4a22-b481-33b8b1eac469:c1273, e00ee311-0ce1-4115-b4c1-69648d9d3094:c1271, bb9367ec-656d-4ade-92be-004a921408cc:c1271]
2019-08-06 03:26:17,047 INFO  client.GrpcClientProtocolClient (GrpcClientProtocolClient.java:onNext(255)) - client-9DC82E534C87->980d9c0c-33ac-4a22-b481-33b8b1eac469: receive RaftClientReply:client-9DC82E534C87->980d9c0c-33ac-4a22-b481-33b8b1eac469@group-23022C6A558E, cid=950, SUCCESS, logIndex=1273, commits[980d9c0c-33ac-4a22-b481-33b8b1eac469:c1273, e00ee311-0ce1-4115-b4c1-69648d9d3094:c1271, bb9367ec-656d-4ade-92be-004a921408cc:c1271]
2019-08-06 03:26:17,048 INFO  client.GrpcClientProtocolClient (GrpcClientProtocolClient.java:onNext(255)) - client-9DC82E534C87->980d9c0c-33ac-4a22-b481-33b8b1eac469: receive RaftClientReply:client-9DC82E534C87->980d9c0c-33ac-4a22-b481-33b8b1eac469@group-23022C6A558E, cid=951, SUCCESS, logIndex=1274, commits[980d9c0c-33ac-4a22-b481-33b8b1eac469:c1276, e00ee311-0ce1-4115-b4c1-69648d9d3094:c1271, bb9367ec-656d-4ade-92be-004a921408cc:c1273]
2019-08-06 03:26:17,049 INFO  client.GrpcClientProtocolClient (GrpcClientProtocolClient.java:onNext(255)) - client-9DC82E534C87->980d9c0c-33ac-4a22-b481-33b8b1eac469: receive RaftClientReply:client-9DC82E534C87->980d9c0c-33ac-4a22-b481-33b8b1eac469@group-23022C6A558E, cid=952, SUCCESS, logIndex=1275, commits[980d9c0c-33ac-4a22-b481-33b8b1eac469:c1277, e00ee311-0ce1-4115-b4c1-69648d9d3094:c1271, bb9367ec-656d-4ade-92be-004a921408cc:c1273]
2019-08-06 03:26:17,050 INFO  client.GrpcClientProtocolClient (GrpcClientProtocolClient.java:onNext(255)) - client-9DC82E534C87->980d9c0c-33ac-4a22-b481-33b8b1eac469: receive RaftClientReply:client-9DC82E534C87->980d9c0c-33ac-4a22-b481-33b8b1eac469@group-23022C6A558E, cid=953, SUCCESS, logIndex=0, commits[980d9c0c-33ac-4a22-b481-33b8b1eac469:c1277, e00ee311-0ce1-4115-b4c1-69648d9d3094:c1273, bb9367ec-656d-4ade-92be-004a921408cc:c1273]
2019-08-06 03:26:17,064 INFO  client.GrpcClientProtocolClient (GrpcClientProtocolClient.java:onNext(255)) - client-9DC82E534C87->980d9c0c-33ac-4a22-b481-33b8b1eac469: receive RaftClientReply:client-9DC82E534C87->980d9c0c-33ac-4a22-b481-33b8b1eac469@group-23022C6A558E, cid=954, SUCCESS, logIndex=1280, commits[980d9c0c-33ac-4a22-b481-33b8b1eac469:c1281, e00ee311-0ce1-4115-b4c1-69648d9d3094:c1279, bb9367ec-656d-4ade-92be-004a921408cc:c1279]
2019-08-06 03:26:17,064 INFO  client.GrpcClientProtocolClient (GrpcClientProtocolClient.java:onNext(255)) - client-9DC82E534C87->980d9c0c-33ac-4a22-b481-33b8b1eac469: receive RaftClientReply:client-9DC82E534C87->980d9c0c-33ac-4a22-b481-33b8b1eac469@group-23022C6A558E, cid=955, SUCCESS, logIndex=1281, commits[980d9c0c-33ac-4a22-b481-33b8b1eac469:c1281, e00ee311-0ce1-4115-b4c1-69648d9d3094:c1279, bb9367ec-656d-4ade-92be-004a921408cc:c1279]
 0.00% |█                                                                                                    |  0/1 Time: 0:00:042019-08-06 03:26:17,091 INFO  client.GrpcClientProtocolClient (GrpcClientProtocolClient.java:onNext(255)) - client-9DC82E534C87->980d9c0c-33ac-4a22-b481-33b8b1eac469: receive RaftClientReply:client-9DC82E534C87->980d9c0c-33ac-4a22-b481-33b8b1eac469@group-23022C6A558E, cid=956, SUCCESS, logIndex=1284, commits[980d9c0c-33ac-4a22-b481-33b8b1eac469:c1285, e00ee311-0ce1-4115-b4c1-69648d9d3094:c1283, bb9367ec-656d-4ade-92be-004a921408cc:c1283]
2019-08-06 03:26:17,092 INFO  client.GrpcClientProtocolClient (GrpcClientProtocolClient.java:onNext(255)) - client-9DC82E534C87->980d9c0c-33ac-4a22-b481-33b8b1eac469: receive RaftClientReply:client-9DC82E534C87->980d9c0c-33ac-4a22-b481-33b8b1eac469@group-23022C6A558E, cid=957, SUCCESS, logIndex=1285, commits[980d9c0c-33ac-4a22-b481-33b8b1eac469:c1285, e00ee311-0ce1-4115-b4c1-69648d9d3094:c1283, bb9367ec-656d-4ade-92be-004a921408cc:c1283]
2019-08-06 03:26:17,106 INFO  client.GrpcClientProtocolClient (GrpcClientProtocolClient.java:onNext(255)) - client-9DC82E534C87->980d9c0c-33ac-4a22-b481-33b8b1eac469: receive RaftClientReply:client-9DC82E534C87->980d9c0c-33ac-4a22-b481-33b8b1eac469@group-23022C6A558E, cid=958, SUCCESS, logIndex=0, commits[980d9c0c-33ac-4a22-b481-33b8b1eac469:c1287, e00ee311-0ce1-4115-b4c1-69648d9d3094:c1285, bb9367ec-656d-4ade-92be-004a921408cc:c1285]
2019-08-06 03:26:17,129 INFO  client.GrpcClientProtocolClient (GrpcClientProtocolClient.java:onNext(255)) - client-9DC82E534C87->980d9c0c-33ac-4a22-b481-33b8b1eac469: receive RaftClientReply:client-9DC82E534C87->980d9c0c-33ac-4a22-b481-33b8b1eac469@group-23022C6A558E, cid=959, SUCCESS, logIndex=1288, commits[980d9c0c-33ac-4a22-b481-33b8b1eac469:c1289, e00ee311-0ce1-4115-b4c1-69648d9d3094:c1287, bb9367ec-656d-4ade-92be-004a921408cc:c1287]
2019-08-06 03:26:17,130 INFO  client.GrpcClientProtocolClient (GrpcClientProtocolClient.java:onNext(255)) - client-9DC82E534C87->980d9c0c-33ac-4a22-b481-33b8b1eac469: receive RaftClientReply:client-9DC82E534C87->980d9c0c-33ac-4a22-b481-33b8b1eac469@group-23022C6A558E, cid=960, SUCCESS, logIndex=1289, commits[980d9c0c-33ac-4a22-b481-33b8b1eac469:c1289, e00ee311-0ce1-4115-b4c1-69648d9d3094:c1287, bb9367ec-656d-4ade-92be-004a921408cc:c1287]
2019-08-06 03:26:17,130 INFO  client.GrpcClientProtocolClient (GrpcClientProtocolClient.java:onNext(255)) - client-9DC82E534C87->980d9c0c-33ac-4a22-b481-33b8b1eac469: receive RaftClientReply:client-9DC82E534C87->980d9c0c-33ac-4a22-b481-33b8b1eac469@group-23022C6A558E, cid=961, SUCCESS, logIndex=1290, commits[980d9c0c-33ac-4a22-b481-33b8b1eac469:c1290, e00ee311-0ce1-4115-b4c1-69648d9d3094:c1287, bb9367ec-656d-4ade-92be-004a921408cc:c1287]
2019-08-06 03:26:17,131 INFO  client.GrpcClientProtocolClient (GrpcClientProtocolClient.java:onNext(255)) - client-9DC82E534C87->980d9c0c-33ac-4a22-b481-33b8b1eac469: receive RaftClientReply:client-9DC82E534C87->980d9c0c-33ac-4a22-b481-33b8b1eac469@group-23022C6A558E, cid=962, SUCCESS, logIndex=1291, commits[980d9c0c-33ac-4a22-b481-33b8b1eac469:c1291, e00ee311-0ce1-4115-b4c1-69648d9d3094:c1287, bb9367ec-656d-4ade-92be-004a921408cc:c1287]
2019-08-06 03:26:17,132 INFO  client.GrpcClientProtocolClient (GrpcClientProtocolClient.java:onNext(255)) - client-9DC82E534C87->980d9c0c-33ac-4a22-b481-33b8b1eac469: receive RaftClientReply:client-9DC82E534C87->980d9c0c-33ac-4a22-b481-33b8b1eac469@group-23022C6A558E, cid=963, SUCCESS, logIndex=0, commits[980d9c0c-33ac-4a22-b481-33b8b1eac469:c1293, e00ee311-0ce1-4115-b4c1-69648d9d3094:c1289, bb9367ec-656d-4ade-92be-004a921408cc:c1289]
2019-08-06 03:26:17,152 INFO  client.GrpcClientProtocolClient (GrpcClientProtocolClient.java:onNext(255)) - client-9DC82E534C87->980d9c0c-33ac-4a22-b481-33b8b1eac469: receive RaftClientReply:client-9DC82E534C87->980d9c0c-33ac-4a22-b481-33b8b1eac469@group-23022C6A558E, cid=964, SUCCESS, logIndex=1296, commits[980d9c0c-33ac-4a22-b481-33b8b1eac469:c1297, e00ee311-0ce1-4115-b4c1-69648d9d3094:c1295, bb9367ec-656d-4ade-92be-004a921408cc:c1295]
2019-08-06 03:26:17,152 INFO  client.GrpcClientProtocolClient (GrpcClientProtocolClient.java:onNext(255)) - client-9DC82E534C87->980d9c0c-33ac-4a22-b481-33b8b1eac469: receive RaftClientReply:client-9DC82E534C87->980d9c0c-33ac-4a22-b481-33b8b1eac469@group-23022C6A558E, cid=965, SUCCESS, logIndex=1297, commits[980d9c0c-33ac-4a22-b481-33b8b1eac469:c1297, e00ee311-0ce1-4115-b4c1-69648d9d3094:c1295, bb9367ec-656d-4ade-92be-004a921408cc:c1295]
2019-08-06 03:26:17,167 INFO  client.GrpcClientProtocolClient (GrpcClientProtocolClient.java:onNext(255)) - client-9DC82E534C87->980d9c0c-33ac-4a22-b481-33b8b1eac469: receive RaftClientReply:client-9DC82E534C87->980d9c0c-33ac-4a22-b481-33b8b1eac469@group-23022C6A558E, cid=966, SUCCESS, logIndex=1300, commits[980d9c0c-33ac-4a22-b481-33b8b1eac469:c1301, e00ee311-0ce1-4115-b4c1-69648d9d3094:c1297, bb9367ec-656d-4ade-92be-004a921408cc:c1297]
2019-08-06 03:26:17,167 INFO  client.GrpcClientProtocolClient (GrpcClientProtocolClient.java:onNext(255)) - client-9DC82E534C87->980d9c0c-33ac-4a22-b481-33b8b1eac469: receive RaftClientReply:client-9DC82E534C87->980d9c0c-33ac-4a22-b481-33b8b1eac469@group-23022C6A558E, cid=967, SUCCESS, logIndex=1301, commits[980d9c0c-33ac-4a22-b481-33b8b1eac469:c1301, e00ee311-0ce1-4115-b4c1-69648d9d3094:c1297, bb9367ec-656d-4ade-92be-004a921408cc:c1297]
2019-08-06 03:26:17,182 INFO  client.GrpcClientProtocolClient (GrpcClientProtocolClient.java:onNext(255)) - client-9DC82E534C87->980d9c0c-33ac-4a22-b481-33b8b1eac469: receive RaftClientReply:client-9DC82E534C87->980d9c0c-33ac-4a22-b481-33b8b1eac469@group-23022C6A558E, cid=968, SUCCESS, logIndex=0, commits[980d9c0c-33ac-4a22-b481-33b8b1eac469:c1303, e00ee311-0ce1-4115-b4c1-69648d9d3094:c1301, bb9367ec-656d-4ade-92be-004a921408cc:c1301]
2019-08-06 03:26:17,204 INFO  client.GrpcClientProtocolClient (GrpcClientProtocolClient.java:onNext(255)) - client-9DC82E534C87->980d9c0c-33ac-4a22-b481-33b8b1eac469: receive RaftClientReply:client-9DC82E534C87->980d9c0c-33ac-4a22-b481-33b8b1eac469@group-23022C6A558E, cid=969, SUCCESS, logIndex=1304, commits[980d9c0c-33ac-4a22-b481-33b8b1eac469:c1306, e00ee311-0ce1-4115-b4c1-69648d9d3094:c1303, bb9367ec-656d-4ade-92be-004a921408cc:c1303]
2019-08-06 03:26:17,204 INFO  client.GrpcClientProtocolClient (GrpcClientProtocolClient.java:onNext(255)) - client-9DC82E534C87->980d9c0c-33ac-4a22-b481-33b8b1eac469: receive RaftClientReply:client-9DC82E534C87->980d9c0c-33ac-4a22-b481-33b8b1eac469@group-23022C6A558E, cid=970, SUCCESS, logIndex=1305, commits[980d9c0c-33ac-4a22-b481-33b8b1eac469:c1307, e00ee311-0ce1-4115-b4c1-69648d9d3094:c1303, bb9367ec-656d-4ade-92be-004a921408cc:c1303]
2019-08-06 03:26:17,205 INFO  client.GrpcClientProtocolClient (GrpcClientProtocolClient.java:onNext(255)) - client-9DC82E534C87->980d9c0c-33ac-4a22-b481-33b8b1eac469: receive RaftClientReply:client-9DC82E534C87->980d9c0c-33ac-4a22-b481-33b8b1eac469@group-23022C6A558E, cid=971, SUCCESS, logIndex=1306, commits[980d9c0c-33ac-4a22-b481-33b8b1eac469:c1307, e00ee311-0ce1-4115-b4c1-69648d9d3094:c1303, bb9367ec-656d-4ade-92be-004a921408cc:c1303]
2019-08-06 03:26:17,205 INFO  client.GrpcClientProtocolClient (GrpcClientProtocolClient.java:onNext(255)) - client-9DC82E534C87->980d9c0c-33ac-4a22-b481-33b8b1eac469: receive RaftClientReply:client-9DC82E534C87->980d9c0c-33ac-4a22-b481-33b8b1eac469@group-23022C6A558E, cid=972, SUCCESS, logIndex=1307, commits[980d9c0c-33ac-4a22-b481-33b8b1eac469:c1308, e00ee311-0ce1-4115-b4c1-69648d9d3094:c1303, bb9367ec-656d-4ade-92be-004a921408cc:c1304]
2019-08-06 03:26:17,216 INFO  client.GrpcClientProtocolClient (GrpcClientProtocolClient.java:onNext(255)) - client-9DC82E534C87->980d9c0c-33ac-4a22-b481-33b8b1eac469: receive RaftClientReply:client-9DC82E534C87->980d9c0c-33ac-4a22-b481-33b8b1eac469@group-23022C6A558E, cid=973, SUCCESS, logIndex=0, commits[980d9c0c-33ac-4a22-b481-33b8b1eac469:c1310, e00ee311-0ce1-4115-b4c1-69648d9d3094:c1305, bb9367ec-656d-4ade-92be-004a921408cc:c1306]
2019-08-06 03:26:17,235 INFO  client.GrpcClientProtocolClient (GrpcClientProtocolClient.java:onNext(255)) - client-9DC82E534C87->980d9c0c-33ac-4a22-b481-33b8b1eac469: receive RaftClientReply:client-9DC82E534C87->980d9c0c-33ac-4a22-b481-33b8b1eac469@group-23022C6A558E, cid=974, SUCCESS, logIndex=1312, commits[980d9c0c-33ac-4a22-b481-33b8b1eac469:c1313, e00ee311-0ce1-4115-b4c1-69648d9d3094:c1311, bb9367ec-656d-4ade-92be-004a921408cc:c1311]
2019-08-06 03:26:17,235 INFO  client.GrpcClientProtocolClient (GrpcClientProtocolClient.java:onNext(255)) - client-9DC82E534C87->980d9c0c-33ac-4a22-b481-33b8b1eac469: receive RaftClientReply:client-9DC82E534C87->980d9c0c-33ac-4a22-b481-33b8b1eac469@group-23022C6A558E, cid=975, SUCCESS, logIndex=1313, commits[980d9c0c-33ac-4a22-b481-33b8b1eac469:c1313, e00ee311-0ce1-4115-b4c1-69648d9d3094:c1311, bb9367ec-656d-4ade-92be-004a921408cc:c1311]
2019-08-06 03:26:17,247 INFO  client.GrpcClientProtocolClient (GrpcClientProtocolClient.java:onNext(255)) - client-9DC82E534C87->980d9c0c-33ac-4a22-b481-33b8b1eac469: receive RaftClientReply:client-9DC82E534C87->980d9c0c-33ac-4a22-b481-33b8b1eac469@group-23022C6A558E, cid=976, SUCCESS, logIndex=1316, commits[980d9c0c-33ac-4a22-b481-33b8b1eac469:c1317, e00ee311-0ce1-4115-b4c1-69648d9d3094:c1313, bb9367ec-656d-4ade-92be-004a921408cc:c1313]
2019-08-06 03:26:17,248 INFO  client.GrpcClientProtocolClient (GrpcClientProtocolClient.java:onNext(255)) - client-9DC82E534C87->980d9c0c-33ac-4a22-b481-33b8b1eac469: receive RaftClientReply:client-9DC82E534C87->980d9c0c-33ac-4a22-b481-33b8b1eac469@group-23022C6A558E, cid=977, SUCCESS, logIndex=1317, commits[980d9c0c-33ac-4a22-b481-33b8b1eac469:c1317, e00ee311-0ce1-4115-b4c1-69648d9d3094:c1313, bb9367ec-656d-4ade-92be-004a921408cc:c1313]
2019-08-06 03:26:17,262 INFO  client.GrpcClientProtocolClient (GrpcClientProtocolClient.java:onNext(255)) - client-9DC82E534C87->980d9c0c-33ac-4a22-b481-33b8b1eac469: receive RaftClientReply:client-9DC82E534C87->980d9c0c-33ac-4a22-b481-33b8b1eac469@group-23022C6A558E, cid=978, SUCCESS, logIndex=0, commits[980d9c0c-33ac-4a22-b481-33b8b1eac469:c1319, e00ee311-0ce1-4115-b4c1-69648d9d3094:c1317, bb9367ec-656d-4ade-92be-004a921408cc:c1317]
2019-08-06 03:26:17,282 INFO  client.GrpcClientProtocolClient (GrpcClientProtocolClient.java:onNext(255)) - client-9DC82E534C87->980d9c0c-33ac-4a22-b481-33b8b1eac469: receive RaftClientReply:client-9DC82E534C87->980d9c0c-33ac-4a22-b481-33b8b1eac469@group-23022C6A558E, cid=979, SUCCESS, logIndex=1320, commits[980d9c0c-33ac-4a22-b481-33b8b1eac469:c1321, e00ee311-0ce1-4115-b4c1-69648d9d3094:c1319, bb9367ec-656d-4ade-92be-004a921408cc:c1319]
2019-08-06 03:26:17,282 INFO  client.GrpcClientProtocolClient (GrpcClientProtocolClient.java:onNext(255)) - client-9DC82E534C87->980d9c0c-33ac-4a22-b481-33b8b1eac469: receive RaftClientReply:client-9DC82E534C87->980d9c0c-33ac-4a22-b481-33b8b1eac469@group-23022C6A558E, cid=980, SUCCESS, logIndex=1321, commits[980d9c0c-33ac-4a22-b481-33b8b1eac469:c1321, e00ee311-0ce1-4115-b4c1-69648d9d3094:c1319, bb9367ec-656d-4ade-92be-004a921408cc:c1319]
2019-08-06 03:26:17,283 INFO  client.GrpcClientProtocolClient (GrpcClientProtocolClient.java:onNext(255)) - client-9DC82E534C87->980d9c0c-33ac-4a22-b481-33b8b1eac469: receive RaftClientReply:client-9DC82E534C87->980d9c0c-33ac-4a22-b481-33b8b1eac469@group-23022C6A558E, cid=981, SUCCESS, logIndex=1322, commits[980d9c0c-33ac-4a22-b481-33b8b1eac469:c1323, e00ee311-0ce1-4115-b4c1-69648d9d3094:c1319, bb9367ec-656d-4ade-92be-004a921408cc:c1319]
2019-08-06 03:26:17,283 INFO  client.GrpcClientProtocolClient (GrpcClientProtocolClient.java:onNext(255)) - client-9DC82E534C87->980d9c0c-33ac-4a22-b481-33b8b1eac469: receive RaftClientReply:client-9DC82E534C87->980d9c0c-33ac-4a22-b481-33b8b1eac469@group-23022C6A558E, cid=982, SUCCESS, logIndex=1323, commits[980d9c0c-33ac-4a22-b481-33b8b1eac469:c1323, e00ee311-0ce1-4115-b4c1-69648d9d3094:c1319, bb9367ec-656d-4ade-92be-004a921408cc:c1319]
2019-08-06 03:26:17,295 INFO  client.GrpcClientProtocolClient (GrpcClientProtocolClient.java:onNext(255)) - client-9DC82E534C87->980d9c0c-33ac-4a22-b481-33b8b1eac469: receive RaftClientReply:client-9DC82E534C87->980d9c0c-33ac-4a22-b481-33b8b1eac469@group-23022C6A558E, cid=983, SUCCESS, logIndex=0, commits[980d9c0c-33ac-4a22-b481-33b8b1eac469:c1325, e00ee311-0ce1-4115-b4c1-69648d9d3094:c1321, bb9367ec-656d-4ade-92be-004a921408cc:c1321]
2019-08-06 03:26:17,313 INFO  client.GrpcClientProtocolClient (GrpcClientProtocolClient.java:onNext(255)) - client-9DC82E534C87->980d9c0c-33ac-4a22-b481-33b8b1eac469: receive RaftClientReply:client-9DC82E534C87->980d9c0c-33ac-4a22-b481-33b8b1eac469@group-23022C6A558E, cid=984, SUCCESS, logIndex=1328, commits[980d9c0c-33ac-4a22-b481-33b8b1eac469:c1329, e00ee311-0ce1-4115-b4c1-69648d9d3094:c1327, bb9367ec-656d-4ade-92be-004a921408cc:c1327]
2019-08-06 03:26:17,313 INFO  client.GrpcClientProtocolClient (GrpcClientProtocolClient.java:onNext(255)) - client-9DC82E534C87->980d9c0c-33ac-4a22-b481-33b8b1eac469: receive RaftClientReply:client-9DC82E534C87->980d9c0c-33ac-4a22-b481-33b8b1eac469@group-23022C6A558E, cid=985, SUCCESS, logIndex=1329, commits[980d9c0c-33ac-4a22-b481-33b8b1eac469:c1329, e00ee311-0ce1-4115-b4c1-69648d9d3094:c1327, bb9367ec-656d-4ade-92be-004a921408cc:c1327]
2019-08-06 03:26:17,328 INFO  client.GrpcClientProtocolClient (GrpcClientProtocolClient.java:onNext(255)) - client-9DC82E534C87->980d9c0c-33ac-4a22-b481-33b8b1eac469: receive RaftClientReply:client-9DC82E534C87->980d9c0c-33ac-4a22-b481-33b8b1eac469@group-23022C6A558E, cid=986, SUCCESS, logIndex=1332, commits[980d9c0c-33ac-4a22-b481-33b8b1eac469:c1332, e00ee311-0ce1-4115-b4c1-69648d9d3094:c1329, bb9367ec-656d-4ade-92be-004a921408cc:c1329]
2019-08-06 03:26:17,328 INFO  client.GrpcClientProtocolClient (GrpcClientProtocolClient.java:onNext(255)) - client-9DC82E534C87->980d9c0c-33ac-4a22-b481-33b8b1eac469: receive RaftClientReply:client-9DC82E534C87->980d9c0c-33ac-4a22-b481-33b8b1eac469@group-23022C6A558E, cid=987, SUCCESS, logIndex=1333, commits[980d9c0c-33ac-4a22-b481-33b8b1eac469:c1333, e00ee311-0ce1-4115-b4c1-69648d9d3094:c1329, bb9367ec-656d-4ade-92be-004a921408cc:c1329]
2019-08-06 03:26:17,483 INFO  client.GrpcClientProtocolClient (GrpcClientProtocolClient.java:onNext(255)) - client-9DC82E534C87->980d9c0c-33ac-4a22-b481-33b8b1eac469: receive RaftClientReply:client-9DC82E534C87->980d9c0c-33ac-4a22-b481-33b8b1eac469@group-23022C6A558E, cid=988, SUCCESS, logIndex=0, commits[980d9c0c-33ac-4a22-b481-33b8b1eac469:c1334, e00ee311-0ce1-4115-b4c1-69648d9d3094:c1333, bb9367ec-656d-4ade-92be-004a921408cc:c1333]
2019-08-06 03:26:17,507 INFO  client.GrpcClientProtocolClient (GrpcClientProtocolClient.java:onNext(255)) - client-9DC82E534C87->980d9c0c-33ac-4a22-b481-33b8b1eac469: receive RaftClientReply:client-9DC82E534C87->980d9c0c-33ac-4a22-b481-33b8b1eac469@group-23022C6A558E, cid=989, SUCCESS, logIndex=1336, commits[980d9c0c-33ac-4a22-b481-33b8b1eac469:c1337, e00ee311-0ce1-4115-b4c1-69648d9d3094:c1335, bb9367ec-656d-4ade-92be-004a921408cc:c1335]
2019-08-06 03:26:17,508 INFO  client.GrpcClientProtocolClient (GrpcClientProtocolClient.java:onNext(255)) - client-9DC82E534C87->980d9c0c-33ac-4a22-b481-33b8b1eac469: receive RaftClientReply:client-9DC82E534C87->980d9c0c-33ac-4a22-b481-33b8b1eac469@group-23022C6A558E, cid=990, SUCCESS, logIndex=1337, commits[980d9c0c-33ac-4a22-b481-33b8b1eac469:c1337, e00ee311-0ce1-4115-b4c1-69648d9d3094:c1335, bb9367ec-656d-4ade-92be-004a921408cc:c1335]
2019-08-06 03:26:17,508 INFO  client.GrpcClientProtocolClient (GrpcClientProtocolClient.java:onNext(255)) - client-9DC82E534C87->980d9c0c-33ac-4a22-b481-33b8b1eac469: receive RaftClientReply:client-9DC82E534C87->980d9c0c-33ac-4a22-b481-33b8b1eac469@group-23022C6A558E, cid=991, SUCCESS, logIndex=1338, commits[980d9c0c-33ac-4a22-b481-33b8b1eac469:c1339, e00ee311-0ce1-4115-b4c1-69648d9d3094:c1335, bb9367ec-656d-4ade-92be-004a921408cc:c1335]
2019-08-06 03:26:17,508 INFO  client.GrpcClientProtocolClient (GrpcClientProtocolClient.java:onNext(255)) - client-9DC82E534C87->980d9c0c-33ac-4a22-b481-33b8b1eac469: receive RaftClientReply:client-9DC82E534C87->980d9c0c-33ac-4a22-b481-33b8b1eac469@group-23022C6A558E, cid=992, SUCCESS, logIndex=1339, commits[980d9c0c-33ac-4a22-b481-33b8b1eac469:c1339, e00ee311-0ce1-4115-b4c1-69648d9d3094:c1335, bb9367ec-656d-4ade-92be-004a921408cc:c1335]
2019-08-06 03:26:17,522 INFO  client.GrpcClientProtocolClient (GrpcClientProtocolClient.java:onNext(255)) - client-9DC82E534C87->980d9c0c-33ac-4a22-b481-33b8b1eac469: receive RaftClientReply:client-9DC82E534C87->980d9c0c-33ac-4a22-b481-33b8b1eac469@group-23022C6A558E, cid=993, SUCCESS, logIndex=0, commits[980d9c0c-33ac-4a22-b481-33b8b1eac469:c1341, e00ee311-0ce1-4115-b4c1-69648d9d3094:c1337, bb9367ec-656d-4ade-92be-004a921408cc:c1337]
2019-08-06 03:26:17,542 INFO  client.GrpcClientProtocolClient (GrpcClientProtocolClient.java:onNext(255)) - client-9DC82E534C87->980d9c0c-33ac-4a22-b481-33b8b1eac469: receive RaftClientReply:client-9DC82E534C87->980d9c0c-33ac-4a22-b481-33b8b1eac469@group-23022C6A558E, cid=994, SUCCESS, logIndex=1344, commits[980d9c0c-33ac-4a22-b481-33b8b1eac469:c1345, e00ee311-0ce1-4115-b4c1-69648d9d3094:c1343, bb9367ec-656d-4ade-92be-004a921408cc:c1343]
2019-08-06 03:26:17,542 INFO  client.GrpcClientProtocolClient (GrpcClientProtocolClient.java:onNext(255)) - client-9DC82E534C87->980d9c0c-33ac-4a22-b481-33b8b1eac469: receive RaftClientReply:client-9DC82E534C87->980d9c0c-33ac-4a22-b481-33b8b1eac469@group-23022C6A558E, cid=995, SUCCESS, logIndex=1345, commits[980d9c0c-33ac-4a22-b481-33b8b1eac469:c1345, e00ee311-0ce1-4115-b4c1-69648d9d3094:c1343, bb9367ec-656d-4ade-92be-004a921408cc:c1343]
2019-08-06 03:26:17,556 INFO  client.GrpcClientProtocolClient (GrpcClientProtocolClient.java:onNext(255)) - client-9DC82E534C87->980d9c0c-33ac-4a22-b481-33b8b1eac469: receive RaftClientReply:client-9DC82E534C87->980d9c0c-33ac-4a22-b481-33b8b1eac469@group-23022C6A558E, cid=996, SUCCESS, logIndex=1348, commits[980d9c0c-33ac-4a22-b481-33b8b1eac469:c1349, e00ee311-0ce1-4115-b4c1-69648d9d3094:c1345, bb9367ec-656d-4ade-92be-004a921408cc:c1345]
2019-08-06 03:26:17,556 INFO  client.GrpcClientProtocolClient (GrpcClientProtocolClient.java:onNext(255)) - client-9DC82E534C87->980d9c0c-33ac-4a22-b481-33b8b1eac469: receive RaftClientReply:client-9DC82E534C87->980d9c0c-33ac-4a22-b481-33b8b1eac469@group-23022C6A558E, cid=997, SUCCESS, logIndex=1349, commits[980d9c0c-33ac-4a22-b481-33b8b1eac469:c1349, e00ee311-0ce1-4115-b4c1-69648d9d3094:c1345, bb9367ec-656d-4ade-92be-004a921408cc:c1345]
2019-08-06 03:26:17,569 INFO  client.GrpcClientProtocolClient (GrpcClientProtocolClient.java:onNext(255)) - client-9DC82E534C87->980d9c0c-33ac-4a22-b481-33b8b1eac469: receive RaftClientReply:client-9DC82E534C87->980d9c0c-33ac-4a22-b481-33b8b1eac469@group-23022C6A558E, cid=998, SUCCESS, logIndex=0, commits[980d9c0c-33ac-4a22-b481-33b8b1eac469:c1350, e00ee311-0ce1-4115-b4c1-69648d9d3094:c1349, bb9367ec-656d-4ade-92be-004a921408cc:c1349]
2019-08-06 03:26:17,593 INFO  client.GrpcClientProtocolClient (GrpcClientProtocolClient.java:onNext(255)) - client-9DC82E534C87->980d9c0c-33ac-4a22-b481-33b8b1eac469: receive RaftClientReply:client-9DC82E534C87->980d9c0c-33ac-4a22-b481-33b8b1eac469@group-23022C6A558E, cid=999, SUCCESS, logIndex=1352, commits[980d9c0c-33ac-4a22-b481-33b8b1eac469:c1353, e00ee311-0ce1-4115-b4c1-69648d9d3094:c1350, bb9367ec-656d-4ade-92be-004a921408cc:c1350]
2019-08-06 03:26:17,594 INFO  client.GrpcClientProtocolClient (GrpcClientProtocolClient.java:onNext(255)) - client-9DC82E534C87->980d9c0c-33ac-4a22-b481-33b8b1eac469: receive RaftClientReply:client-9DC82E534C87->980d9c0c-33ac-4a22-b481-33b8b1eac469@group-23022C6A558E, cid=1000, SUCCESS, logIndex=1353, commits[980d9c0c-33ac-4a22-b481-33b8b1eac469:c1355, e00ee311-0ce1-4115-b4c1-69648d9d3094:c1351, bb9367ec-656d-4ade-92be-004a921408cc:c1350]
2019-08-06 03:26:17,594 INFO  client.GrpcClientProtocolClient (GrpcClientProtocolClient.java:onNext(255)) - client-9DC82E534C87->980d9c0c-33ac-4a22-b481-33b8b1eac469: receive RaftClientReply:client-9DC82E534C87->980d9c0c-33ac-4a22-b481-33b8b1eac469@group-23022C6A558E, cid=1001, SUCCESS, logIndex=1354, commits[980d9c0c-33ac-4a22-b481-33b8b1eac469:c1355, e00ee311-0ce1-4115-b4c1-69648d9d3094:c1351, bb9367ec-656d-4ade-92be-004a921408cc:c1350]
2019-08-06 03:26:17,595 INFO  client.GrpcClientProtocolClient (GrpcClientProtocolClient.java:onNext(255)) - client-9DC82E534C87->980d9c0c-33ac-4a22-b481-33b8b1eac469: receive RaftClientReply:client-9DC82E534C87->980d9c0c-33ac-4a22-b481-33b8b1eac469@group-23022C6A558E, cid=1002, SUCCESS, logIndex=1355, commits[980d9c0c-33ac-4a22-b481-33b8b1eac469:c1355, e00ee311-0ce1-4115-b4c1-69648d9d3094:c1351, bb9367ec-656d-4ade-92be-004a921408cc:c1351]
2019-08-06 03:26:17,596 INFO  client.GrpcClientProtocolClient (GrpcClientProtocolClient.java:onNext(255)) - client-9DC82E534C87->980d9c0c-33ac-4a22-b481-33b8b1eac469: receive RaftClientReply:client-9DC82E534C87->980d9c0c-33ac-4a22-b481-33b8b1eac469@group-23022C6A558E, cid=1003, SUCCESS, logIndex=0, commits[980d9c0c-33ac-4a22-b481-33b8b1eac469:c1359, e00ee311-0ce1-4115-b4c1-69648d9d3094:c1355, bb9367ec-656d-4ade-92be-004a921408cc:c1354]
2019-08-06 03:26:17,617 INFO  client.GrpcClientProtocolClient (GrpcClientProtocolClient.java:onNext(255)) - client-9DC82E534C87->980d9c0c-33ac-4a22-b481-33b8b1eac469: receive RaftClientReply:client-9DC82E534C87->980d9c0c-33ac-4a22-b481-33b8b1eac469@group-23022C6A558E, cid=1004, SUCCESS, logIndex=1360, commits[980d9c0c-33ac-4a22-b481-33b8b1eac469:c1361, e00ee311-0ce1-4115-b4c1-69648d9d3094:c1359, bb9367ec-656d-4ade-92be-004a921408cc:c1359]
2019-08-06 03:26:17,617 INFO  client.GrpcClientProtocolClient (GrpcClientProtocolClient.java:onNext(255)) - client-9DC82E534C87->980d9c0c-33ac-4a22-b481-33b8b1eac469: receive RaftClientReply:client-9DC82E534C87->980d9c0c-33ac-4a22-b481-33b8b1eac469@group-23022C6A558E, cid=1005, SUCCESS, logIndex=1361, commits[980d9c0c-33ac-4a22-b481-33b8b1eac469:c1361, e00ee311-0ce1-4115-b4c1-69648d9d3094:c1359, bb9367ec-656d-4ade-92be-004a921408cc:c1359]
2019-08-06 03:26:17,639 INFO  client.GrpcClientProtocolClient (GrpcClientProtocolClient.java:onNext(255)) - client-9DC82E534C87->980d9c0c-33ac-4a22-b481-33b8b1eac469: receive RaftClientReply:client-9DC82E534C87->980d9c0c-33ac-4a22-b481-33b8b1eac469@group-23022C6A558E, cid=1006, SUCCESS, logIndex=1364, commits[980d9c0c-33ac-4a22-b481-33b8b1eac469:c1365, e00ee311-0ce1-4115-b4c1-69648d9d3094:c1361, bb9367ec-656d-4ade-92be-004a921408cc:c1361]
2019-08-06 03:26:17,639 INFO  client.GrpcClientProtocolClient (GrpcClientProtocolClient.java:onNext(255)) - client-9DC82E534C87->980d9c0c-33ac-4a22-b481-33b8b1eac469: receive RaftClientReply:client-9DC82E534C87->980d9c0c-33ac-4a22-b481-33b8b1eac469@group-23022C6A558E, cid=1007, SUCCESS, logIndex=1365, commits[980d9c0c-33ac-4a22-b481-33b8b1eac469:c1365, e00ee311-0ce1-4115-b4c1-69648d9d3094:c1361, bb9367ec-656d-4ade-92be-004a921408cc:c1361]
2019-08-06 03:26:17,642 INFO  client.GrpcClientProtocolClient (GrpcClientProtocolClient.java:onNext(255)) - client-9DC82E534C87->980d9c0c-33ac-4a22-b481-33b8b1eac469: receive RaftClientReply:client-9DC82E534C87->980d9c0c-33ac-4a22-b481-33b8b1eac469@group-23022C6A558E, cid=1008, SUCCESS, logIndex=0, commits[980d9c0c-33ac-4a22-b481-33b8b1eac469:c1366, e00ee311-0ce1-4115-b4c1-69648d9d3094:c1365, bb9367ec-656d-4ade-92be-004a921408cc:c1365]
2019-08-06 03:26:17,662 INFO  client.GrpcClientProtocolClient (GrpcClientProtocolClient.java:onNext(255)) - client-9DC82E534C87->980d9c0c-33ac-4a22-b481-33b8b1eac469: receive RaftClientReply:client-9DC82E534C87->980d9c0c-33ac-4a22-b481-33b8b1eac469@group-23022C6A558E, cid=1009, SUCCESS, logIndex=1368, commits[980d9c0c-33ac-4a22-b481-33b8b1eac469:c1369, e00ee311-0ce1-4115-b4c1-69648d9d3094:c1367, bb9367ec-656d-4ade-92be-004a921408cc:c1367]
2019-08-06 03:26:17,663 INFO  client.GrpcClientProtocolClient (GrpcClientProtocolClient.java:onNext(255)) - client-9DC82E534C87->980d9c0c-33ac-4a22-b481-33b8b1eac469: receive RaftClientReply:client-9DC82E534C87->980d9c0c-33ac-4a22-b481-33b8b1eac469@group-23022C6A558E, cid=1010, SUCCESS, logIndex=1369, commits[980d9c0c-33ac-4a22-b481-33b8b1eac469:c1370, e00ee311-0ce1-4115-b4c1-69648d9d3094:c1367, bb9367ec-656d-4ade-92be-004a921408cc:c1367]
2019-08-06 03:26:17,663 INFO  client.GrpcClientProtocolClient (GrpcClientProtocolClient.java:onNext(255)) - client-9DC82E534C87->980d9c0c-33ac-4a22-b481-33b8b1eac469: receive RaftClientReply:client-9DC82E534C87->980d9c0c-33ac-4a22-b481-33b8b1eac469@group-23022C6A558E, cid=1011, SUCCESS, logIndex=1370, commits[980d9c0c-33ac-4a22-b481-33b8b1eac469:c1371, e00ee311-0ce1-4115-b4c1-69648d9d3094:c1367, bb9367ec-656d-4ade-92be-004a921408cc:c1367]
2019-08-06 03:26:17,664 INFO  client.GrpcClientProtocolClient (GrpcClientProtocolClient.java:onNext(255)) - client-9DC82E534C87->980d9c0c-33ac-4a22-b481-33b8b1eac469: receive RaftClientReply:client-9DC82E534C87->980d9c0c-33ac-4a22-b481-33b8b1eac469@group-23022C6A558E, cid=1012, SUCCESS, logIndex=1371, commits[980d9c0c-33ac-4a22-b481-33b8b1eac469:c1371, e00ee311-0ce1-4115-b4c1-69648d9d3094:c1367, bb9367ec-656d-4ade-92be-004a921408cc:c1367]
2019-08-06 03:26:17,665 INFO  client.GrpcClientProtocolClient (GrpcClientProtocolClient.java:onNext(255)) - client-9DC82E534C87->980d9c0c-33ac-4a22-b481-33b8b1eac469: receive RaftClientReply:client-9DC82E534C87->980d9c0c-33ac-4a22-b481-33b8b1eac469@group-23022C6A558E, cid=1013, SUCCESS, logIndex=0, commits[980d9c0c-33ac-4a22-b481-33b8b1eac469:c1374, e00ee311-0ce1-4115-b4c1-69648d9d3094:c1369, bb9367ec-656d-4ade-92be-004a921408cc:c1370]
2019-08-06 03:26:17,687 INFO  client.GrpcClientProtocolClient (GrpcClientProtocolClient.java:onNext(255)) - client-9DC82E534C87->980d9c0c-33ac-4a22-b481-33b8b1eac469: receive RaftClientReply:client-9DC82E534C87->980d9c0c-33ac-4a22-b481-33b8b1eac469@group-23022C6A558E, cid=1014, SUCCESS, logIndex=1376, commits[980d9c0c-33ac-4a22-b481-33b8b1eac469:c1377, e00ee311-0ce1-4115-b4c1-69648d9d3094:c1375, bb9367ec-656d-4ade-92be-004a921408cc:c1375]
2019-08-06 03:26:17,688 INFO  client.GrpcClientProtocolClient (GrpcClientProtocolClient.java:onNext(255)) - client-9DC82E534C87->980d9c0c-33ac-4a22-b481-33b8b1eac469: receive RaftClientReply:client-9DC82E534C87->980d9c0c-33ac-4a22-b481-33b8b1eac469@group-23022C6A558E, cid=1015, SUCCESS, logIndex=1377, commits[980d9c0c-33ac-4a22-b481-33b8b1eac469:c1377, e00ee311-0ce1-4115-b4c1-69648d9d3094:c1375, bb9367ec-656d-4ade-92be-004a921408cc:c1375]
2019-08-06 03:26:17,705 INFO  client.GrpcClientProtocolClient (GrpcClientProtocolClient.java:onNext(255)) - client-9DC82E534C87->980d9c0c-33ac-4a22-b481-33b8b1eac469: receive RaftClientReply:client-9DC82E534C87->980d9c0c-33ac-4a22-b481-33b8b1eac469@group-23022C6A558E, cid=1016, SUCCESS, logIndex=1380, commits[980d9c0c-33ac-4a22-b481-33b8b1eac469:c1381, e00ee311-0ce1-4115-b4c1-69648d9d3094:c1377, bb9367ec-656d-4ade-92be-004a921408cc:c1377]
2019-08-06 03:26:17,705 INFO  client.GrpcClientProtocolClient (GrpcClientProtocolClient.java:onNext(255)) - client-9DC82E534C87->980d9c0c-33ac-4a22-b481-33b8b1eac469: receive RaftClientReply:client-9DC82E534C87->980d9c0c-33ac-4a22-b481-33b8b1eac469@group-23022C6A558E, cid=1017, SUCCESS, logIndex=1381, commits[980d9c0c-33ac-4a22-b481-33b8b1eac469:c1381, e00ee311-0ce1-4115-b4c1-69648d9d3094:c1377, bb9367ec-656d-4ade-92be-004a921408cc:c1377]
2019-08-06 03:26:17,718 INFO  client.GrpcClientProtocolClient (GrpcClientProtocolClient.java:onNext(255)) - client-9DC82E534C87->980d9c0c-33ac-4a22-b481-33b8b1eac469: receive RaftClientReply:client-9DC82E534C87->980d9c0c-33ac-4a22-b481-33b8b1eac469@group-23022C6A558E, cid=1018, SUCCESS, logIndex=0, commits[980d9c0c-33ac-4a22-b481-33b8b1eac469:c1383, e00ee311-0ce1-4115-b4c1-69648d9d3094:c1381, bb9367ec-656d-4ade-92be-004a921408cc:c1381]
2019-08-06 03:26:17,739 INFO  client.GrpcClientProtocolClient (GrpcClientProtocolClient.java:onNext(255)) - client-9DC82E534C87->980d9c0c-33ac-4a22-b481-33b8b1eac469: receive RaftClientReply:client-9DC82E534C87->980d9c0c-33ac-4a22-b481-33b8b1eac469@group-23022C6A558E, cid=1019, SUCCESS, logIndex=1384, commits[980d9c0c-33ac-4a22-b481-33b8b1eac469:c1385, e00ee311-0ce1-4115-b4c1-69648d9d3094:c1383, bb9367ec-656d-4ade-92be-004a921408cc:c1383]
2019-08-06 03:26:17,740 INFO  client.GrpcClientProtocolClient (GrpcClientProtocolClient.java:onNext(255)) - client-9DC82E534C87->980d9c0c-33ac-4a22-b481-33b8b1eac469: receive RaftClientReply:client-9DC82E534C87->980d9c0c-33ac-4a22-b481-33b8b1eac469@group-23022C6A558E, cid=1020, SUCCESS, logIndex=1385, commits[980d9c0c-33ac-4a22-b481-33b8b1eac469:c1385, e00ee311-0ce1-4115-b4c1-69648d9d3094:c1383, bb9367ec-656d-4ade-92be-004a921408cc:c1383]
2019-08-06 03:26:17,740 INFO  client.GrpcClientProtocolClient (GrpcClientProtocolClient.java:onNext(255)) - client-9DC82E534C87->980d9c0c-33ac-4a22-b481-33b8b1eac469: receive RaftClientReply:client-9DC82E534C87->980d9c0c-33ac-4a22-b481-33b8b1eac469@group-23022C6A558E, cid=1021, SUCCESS, logIndex=1386, commits[980d9c0c-33ac-4a22-b481-33b8b1eac469:c1387, e00ee311-0ce1-4115-b4c1-69648d9d3094:c1383, bb9367ec-656d-4ade-92be-004a921408cc:c1383]
2019-08-06 03:26:17,741 INFO  client.GrpcClientProtocolClient (GrpcClientProtocolClient.java:onNext(255)) - client-9DC82E534C87->980d9c0c-33ac-4a22-b481-33b8b1eac469: receive RaftClientReply:client-9DC82E534C87->980d9c0c-33ac-4a22-b481-33b8b1eac469@group-23022C6A558E, cid=1022, SUCCESS, logIndex=1387, commits[980d9c0c-33ac-4a22-b481-33b8b1eac469:c1387, e00ee311-0ce1-4115-b4c1-69648d9d3094:c1383, bb9367ec-656d-4ade-92be-004a921408cc:c1383]
2019-08-06 03:26:17,754 INFO  client.GrpcClientProtocolClient (GrpcClientProtocolClient.java:onNext(255)) - client-9DC82E534C87->980d9c0c-33ac-4a22-b481-33b8b1eac469: receive RaftClientReply:client-9DC82E534C87->980d9c0c-33ac-4a22-b481-33b8b1eac469@group-23022C6A558E, cid=1023, SUCCESS, logIndex=0, commits[980d9c0c-33ac-4a22-b481-33b8b1eac469:c1389, e00ee311-0ce1-4115-b4c1-69648d9d3094:c1385, bb9367ec-656d-4ade-92be-004a921408cc:c1385]
2019-08-06 03:26:17,773 INFO  client.GrpcClientProtocolClient (GrpcClientProtocolClient.java:onNext(255)) - client-9DC82E534C87->980d9c0c-33ac-4a22-b481-33b8b1eac469: receive RaftClientReply:client-9DC82E534C87->980d9c0c-33ac-4a22-b481-33b8b1eac469@group-23022C6A558E, cid=1024, SUCCESS, logIndex=1392, commits[980d9c0c-33ac-4a22-b481-33b8b1eac469:c1393, e00ee311-0ce1-4115-b4c1-69648d9d3094:c1391, bb9367ec-656d-4ade-92be-004a921408cc:c1391]
2019-08-06 03:26:17,774 INFO  client.GrpcClientProtocolClient (GrpcClientProtocolClient.java:onNext(255)) - client-9DC82E534C87->980d9c0c-33ac-4a22-b481-33b8b1eac469: receive RaftClientReply:client-9DC82E534C87->980d9c0c-33ac-4a22-b481-33b8b1eac469@group-23022C6A558E, cid=1025, SUCCESS, logIndex=1393, commits[980d9c0c-33ac-4a22-b481-33b8b1eac469:c1393, e00ee311-0ce1-4115-b4c1-69648d9d3094:c1391, bb9367ec-656d-4ade-92be-004a921408cc:c1391]
2019-08-06 03:26:17,786 INFO  client.GrpcClientProtocolClient (GrpcClientProtocolClient.java:onNext(255)) - client-9DC82E534C87->980d9c0c-33ac-4a22-b481-33b8b1eac469: receive RaftClientReply:client-9DC82E534C87->980d9c0c-33ac-4a22-b481-33b8b1eac469@group-23022C6A558E, cid=1026, SUCCESS, logIndex=1396, commits[980d9c0c-33ac-4a22-b481-33b8b1eac469:c1397, e00ee311-0ce1-4115-b4c1-69648d9d3094:c1393, bb9367ec-656d-4ade-92be-004a921408cc:c1393]
2019-08-06 03:26:17,787 INFO  client.GrpcClientProtocolClient (GrpcClientProtocolClient.java:onNext(255)) - client-9DC82E534C87->980d9c0c-33ac-4a22-b481-33b8b1eac469: receive RaftClientReply:client-9DC82E534C87->980d9c0c-33ac-4a22-b481-33b8b1eac469@group-23022C6A558E, cid=1027, SUCCESS, logIndex=1397, commits[980d9c0c-33ac-4a22-b481-33b8b1eac469:c1397, e00ee311-0ce1-4115-b4c1-69648d9d3094:c1393, bb9367ec-656d-4ade-92be-004a921408cc:c1393]
2019-08-06 03:26:17,799 INFO  client.GrpcClientProtocolClient (GrpcClientProtocolClient.java:onNext(255)) - client-9DC82E534C87->980d9c0c-33ac-4a22-b481-33b8b1eac469: receive RaftClientReply:client-9DC82E534C87->980d9c0c-33ac-4a22-b481-33b8b1eac469@group-23022C6A558E, cid=1028, SUCCESS, logIndex=0, commits[980d9c0c-33ac-4a22-b481-33b8b1eac469:c1399, e00ee311-0ce1-4115-b4c1-69648d9d3094:c1397, bb9367ec-656d-4ade-92be-004a921408cc:c1397]
2019-08-06 03:26:17,820 INFO  client.GrpcClientProtocolClient (GrpcClientProtocolClient.java:onNext(255)) - client-9DC82E534C87->980d9c0c-33ac-4a22-b481-33b8b1eac469: receive RaftClientReply:client-9DC82E534C87->980d9c0c-33ac-4a22-b481-33b8b1eac469@group-23022C6A558E, cid=1029, SUCCESS, logIndex=1400, commits[980d9c0c-33ac-4a22-b481-33b8b1eac469:c1401, e00ee311-0ce1-4115-b4c1-69648d9d3094:c1399, bb9367ec-656d-4ade-92be-004a921408cc:c1399]
2019-08-06 03:26:17,820 INFO  client.GrpcClientProtocolClient (GrpcClientProtocolClient.java:onNext(255)) - client-9DC82E534C87->980d9c0c-33ac-4a22-b481-33b8b1eac469: receive RaftClientReply:client-9DC82E534C87->980d9c0c-33ac-4a22-b481-33b8b1eac469@group-23022C6A558E, cid=1030, SUCCESS, logIndex=1401, commits[980d9c0c-33ac-4a22-b481-33b8b1eac469:c1401, e00ee311-0ce1-4115-b4c1-69648d9d3094:c1399, bb9367ec-656d-4ade-92be-004a921408cc:c1399]
2019-08-06 03:26:17,821 INFO  client.GrpcClientProtocolClient (GrpcClientProtocolClient.java:onNext(255)) - client-9DC82E534C87->980d9c0c-33ac-4a22-b481-33b8b1eac469: receive RaftClientReply:client-9DC82E534C87->980d9c0c-33ac-4a22-b481-33b8b1eac469@group-23022C6A558E, cid=1031, SUCCESS, logIndex=1402, commits[980d9c0c-33ac-4a22-b481-33b8b1eac469:c1403, e00ee311-0ce1-4115-b4c1-69648d9d3094:c1399, bb9367ec-656d-4ade-92be-004a921408cc:c1399]
2019-08-06 03:26:17,821 INFO  client.GrpcClientProtocolClient (GrpcClientProtocolClient.java:onNext(255)) - client-9DC82E534C87->980d9c0c-33ac-4a22-b481-33b8b1eac469: receive RaftClientReply:client-9DC82E534C87->980d9c0c-33ac-4a22-b481-33b8b1eac469@group-23022C6A558E, cid=1032, SUCCESS, logIndex=1403, commits[980d9c0c-33ac-4a22-b481-33b8b1eac469:c1403, e00ee311-0ce1-4115-b4c1-69648d9d3094:c1399, bb9367ec-656d-4ade-92be-004a921408cc:c1399]
2019-08-06 03:26:17,822 INFO  client.GrpcClientProtocolClient (GrpcClientProtocolClient.java:onNext(255)) - client-9DC82E534C87->980d9c0c-33ac-4a22-b481-33b8b1eac469: receive RaftClientReply:client-9DC82E534C87->980d9c0c-33ac-4a22-b481-33b8b1eac469@group-23022C6A558E, cid=1033, SUCCESS, logIndex=0, commits[980d9c0c-33ac-4a22-b481-33b8b1eac469:c1405, e00ee311-0ce1-4115-b4c1-69648d9d3094:c1401, bb9367ec-656d-4ade-92be-004a921408cc:c1401]
2019-08-06 03:26:17,843 INFO  client.GrpcClientProtocolClient (GrpcClientProtocolClient.java:onNext(255)) - client-9DC82E534C87->980d9c0c-33ac-4a22-b481-33b8b1eac469: receive RaftClientReply:client-9DC82E534C87->980d9c0c-33ac-4a22-b481-33b8b1eac469@group-23022C6A558E, cid=1034, SUCCESS, logIndex=1407, commits[980d9c0c-33ac-4a22-b481-33b8b1eac469:c1408, e00ee311-0ce1-4115-b4c1-69648d9d3094:c1406, bb9367ec-656d-4ade-92be-004a921408cc:c1406]
2019-08-06 03:26:17,843 INFO  client.GrpcClientProtocolClient (GrpcClientProtocolClient.java:onNext(255)) - client-9DC82E534C87->980d9c0c-33ac-4a22-b481-33b8b1eac469: receive RaftClientReply:client-9DC82E534C87->980d9c0c-33ac-4a22-b481-33b8b1eac469@group-23022C6A558E, cid=1035, SUCCESS, logIndex=1408, commits[980d9c0c-33ac-4a22-b481-33b8b1eac469:c1408, e00ee311-0ce1-4115-b4c1-69648d9d3094:c1406, bb9367ec-656d-4ade-92be-004a921408cc:c1406]
2019-08-06 03:26:17,856 INFO  client.GrpcClientProtocolClient (GrpcClientProtocolClient.java:onNext(255)) - client-9DC82E534C87->980d9c0c-33ac-4a22-b481-33b8b1eac469: receive RaftClientReply:client-9DC82E534C87->980d9c0c-33ac-4a22-b481-33b8b1eac469@group-23022C6A558E, cid=1036, SUCCESS, logIndex=1411, commits[980d9c0c-33ac-4a22-b481-33b8b1eac469:c1412, e00ee311-0ce1-4115-b4c1-69648d9d3094:c1408, bb9367ec-656d-4ade-92be-004a921408cc:c1408]
2019-08-06 03:26:17,856 INFO  client.GrpcClientProtocolClient (GrpcClientProtocolClient.java:onNext(255)) - client-9DC82E534C87->980d9c0c-33ac-4a22-b481-33b8b1eac469: receive RaftClientReply:client-9DC82E534C87->980d9c0c-33ac-4a22-b481-33b8b1eac469@group-23022C6A558E, cid=1037, SUCCESS, logIndex=1412, commits[980d9c0c-33ac-4a22-b481-33b8b1eac469:c1412, e00ee311-0ce1-4115-b4c1-69648d9d3094:c1408, bb9367ec-656d-4ade-92be-004a921408cc:c1408]
2019-08-06 03:26:17,870 INFO  client.GrpcClientProtocolClient (GrpcClientProtocolClient.java:onNext(255)) - client-9DC82E534C87->980d9c0c-33ac-4a22-b481-33b8b1eac469: receive RaftClientReply:client-9DC82E534C87->980d9c0c-33ac-4a22-b481-33b8b1eac469@group-23022C6A558E, cid=1038, SUCCESS, logIndex=0, commits[980d9c0c-33ac-4a22-b481-33b8b1eac469:c1414, e00ee311-0ce1-4115-b4c1-69648d9d3094:c1412, bb9367ec-656d-4ade-92be-004a921408cc:c1412]
2019-08-06 03:26:17,882 INFO  client.GrpcClientProtocolClient (GrpcClientProtocolClient.java:onNext(255)) - client-9DC82E534C87->980d9c0c-33ac-4a22-b481-33b8b1eac469: receive RaftClientReply:client-9DC82E534C87->980d9c0c-33ac-4a22-b481-33b8b1eac469@group-23022C6A558E, cid=1039, SUCCESS, logIndex=1415, commits[980d9c0c-33ac-4a22-b481-33b8b1eac469:c1416, e00ee311-0ce1-4115-b4c1-69648d9d3094:c1412, bb9367ec-656d-4ade-92be-004a921408cc:c1414]
2019-08-06 03:26:17,883 INFO  client.GrpcClientProtocolClient (GrpcClientProtocolClient.java:onNext(255)) - client-9DC82E534C87->980d9c0c-33ac-4a22-b481-33b8b1eac469: receive RaftClientReply:client-9DC82E534C87->980d9c0c-33ac-4a22-b481-33b8b1eac469@group-23022C6A558E, cid=1040, SUCCESS, logIndex=1416, commits[980d9c0c-33ac-4a22-b481-33b8b1eac469:c1416, e00ee311-0ce1-4115-b4c1-69648d9d3094:c1412, bb9367ec-656d-4ade-92be-004a921408cc:c1414]
2019-08-06 03:26:17,884 INFO  client.GrpcClientProtocolClient (GrpcClientProtocolClient.java:onNext(255)) - client-9DC82E534C87->980d9c0c-33ac-4a22-b481-33b8b1eac469: receive RaftClientReply:client-9DC82E534C87->980d9c0c-33ac-4a22-b481-33b8b1eac469@group-23022C6A558E, cid=1041, SUCCESS, logIndex=1417, commits[980d9c0c-33ac-4a22-b481-33b8b1eac469:c1418, e00ee311-0ce1-4115-b4c1-69648d9d3094:c1414, bb9367ec-656d-4ade-92be-004a921408cc:c1414]
2019-08-06 03:26:17,884 INFO  client.GrpcClientProtocolClient (GrpcClientProtocolClient.java:onNext(255)) - client-9DC82E534C87->980d9c0c-33ac-4a22-b481-33b8b1eac469: receive RaftClientReply:client-9DC82E534C87->980d9c0c-33ac-4a22-b481-33b8b1eac469@group-23022C6A558E, cid=1042, SUCCESS, logIndex=1418, commits[980d9c0c-33ac-4a22-b481-33b8b1eac469:c1419, e00ee311-0ce1-4115-b4c1-69648d9d3094:c1416, bb9367ec-656d-4ade-92be-004a921408cc:c1414]
2019-08-06 03:26:17,886 INFO  client.GrpcClientProtocolClient (GrpcClientProtocolClient.java:onNext(255)) - client-9DC82E534C87->980d9c0c-33ac-4a22-b481-33b8b1eac469: receive RaftClientReply:client-9DC82E534C87->980d9c0c-33ac-4a22-b481-33b8b1eac469@group-23022C6A558E, cid=1043, SUCCESS, logIndex=0, commits[980d9c0c-33ac-4a22-b481-33b8b1eac469:c1420, e00ee311-0ce1-4115-b4c1-69648d9d3094:c1416, bb9367ec-656d-4ade-92be-004a921408cc:c1416]
2019-08-06 03:26:17,915 INFO  client.GrpcClientProtocolClient (GrpcClientProtocolClient.java:onNext(255)) - client-9DC82E534C87->980d9c0c-33ac-4a22-b481-33b8b1eac469: receive RaftClientReply:client-9DC82E534C87->980d9c0c-33ac-4a22-b481-33b8b1eac469@group-23022C6A558E, cid=1044, SUCCESS, logIndex=1423, commits[980d9c0c-33ac-4a22-b481-33b8b1eac469:c1424, e00ee311-0ce1-4115-b4c1-69648d9d3094:c1418, bb9367ec-656d-4ade-92be-004a921408cc:c1422]
2019-08-06 03:26:17,915 INFO  client.GrpcClientProtocolClient (GrpcClientProtocolClient.java:onNext(255)) - client-9DC82E534C87->980d9c0c-33ac-4a22-b481-33b8b1eac469: receive RaftClientReply:client-9DC82E534C87->980d9c0c-33ac-4a22-b481-33b8b1eac469@group-23022C6A558E, cid=1045, SUCCESS, logIndex=1424, commits[980d9c0c-33ac-4a22-b481-33b8b1eac469:c1424, e00ee311-0ce1-4115-b4c1-69648d9d3094:c1418, bb9367ec-656d-4ade-92be-004a921408cc:c1422]
2019-08-06 03:26:17,927 INFO  client.GrpcClientProtocolClient (GrpcClientProtocolClient.java:onNext(255)) - client-9DC82E534C87->980d9c0c-33ac-4a22-b481-33b8b1eac469: receive RaftClientReply:client-9DC82E534C87->980d9c0c-33ac-4a22-b481-33b8b1eac469@group-23022C6A558E, cid=1046, SUCCESS, logIndex=1427, commits[980d9c0c-33ac-4a22-b481-33b8b1eac469:c1428, e00ee311-0ce1-4115-b4c1-69648d9d3094:c1426, bb9367ec-656d-4ade-92be-004a921408cc:c1426]
2019-08-06 03:26:17,927 INFO  client.GrpcClientProtocolClient (GrpcClientProtocolClient.java:onNext(255)) - client-9DC82E534C87->980d9c0c-33ac-4a22-b481-33b8b1eac469: receive RaftClientReply:client-9DC82E534C87->980d9c0c-33ac-4a22-b481-33b8b1eac469@group-23022C6A558E, cid=1047, SUCCESS, logIndex=1428, commits[980d9c0c-33ac-4a22-b481-33b8b1eac469:c1428, e00ee311-0ce1-4115-b4c1-69648d9d3094:c1426, bb9367ec-656d-4ade-92be-004a921408cc:c1426]
2019-08-06 03:26:17,940 INFO  client.GrpcClientProtocolClient (GrpcClientProtocolClient.java:onNext(255)) - client-9DC82E534C87->980d9c0c-33ac-4a22-b481-33b8b1eac469: receive RaftClientReply:client-9DC82E534C87->980d9c0c-33ac-4a22-b481-33b8b1eac469@group-23022C6A558E, cid=1048, SUCCESS, logIndex=0, commits[980d9c0c-33ac-4a22-b481-33b8b1eac469:c1429, e00ee311-0ce1-4115-b4c1-69648d9d3094:c1428, bb9367ec-656d-4ade-92be-004a921408cc:c1428]
2019-08-06 03:26:17,960 INFO  client.GrpcClientProtocolClient (GrpcClientProtocolClient.java:onNext(255)) - client-9DC82E534C87->980d9c0c-33ac-4a22-b481-33b8b1eac469: receive RaftClientReply:client-9DC82E534C87->980d9c0c-33ac-4a22-b481-33b8b1eac469@group-23022C6A558E, cid=1049, SUCCESS, logIndex=1431, commits[980d9c0c-33ac-4a22-b481-33b8b1eac469:c1432, e00ee311-0ce1-4115-b4c1-69648d9d3094:c1430, bb9367ec-656d-4ade-92be-004a921408cc:c1430]
2019-08-06 03:26:17,961 INFO  client.GrpcClientProtocolClient (GrpcClientProtocolClient.java:onNext(255)) - client-9DC82E534C87->980d9c0c-33ac-4a22-b481-33b8b1eac469: receive RaftClientReply:client-9DC82E534C87->980d9c0c-33ac-4a22-b481-33b8b1eac469@group-23022C6A558E, cid=1050, SUCCESS, logIndex=1432, commits[980d9c0c-33ac-4a22-b481-33b8b1eac469:c1432, e00ee311-0ce1-4115-b4c1-69648d9d3094:c1430, bb9367ec-656d-4ade-92be-004a921408cc:c1430]
2019-08-06 03:26:17,961 INFO  client.GrpcClientProtocolClient (GrpcClientProtocolClient.java:onNext(255)) - client-9DC82E534C87->980d9c0c-33ac-4a22-b481-33b8b1eac469: receive RaftClientReply:client-9DC82E534C87->980d9c0c-33ac-4a22-b481-33b8b1eac469@group-23022C6A558E, cid=1051, SUCCESS, logIndex=1433, commits[980d9c0c-33ac-4a22-b481-33b8b1eac469:c1434, e00ee311-0ce1-4115-b4c1-69648d9d3094:c1430, bb9367ec-656d-4ade-92be-004a921408cc:c1430]
2019-08-06 03:26:17,961 INFO  client.GrpcClientProtocolClient (GrpcClientProtocolClient.java:onNext(255)) - client-9DC82E534C87->980d9c0c-33ac-4a22-b481-33b8b1eac469: receive RaftClientReply:client-9DC82E534C87->980d9c0c-33ac-4a22-b481-33b8b1eac469@group-23022C6A558E, cid=1052, SUCCESS, logIndex=1434, commits[980d9c0c-33ac-4a22-b481-33b8b1eac469:c1434, e00ee311-0ce1-4115-b4c1-69648d9d3094:c1430, bb9367ec-656d-4ade-92be-004a921408cc:c1430]
2019-08-06 03:26:17,975 INFO  client.GrpcClientProtocolClient (GrpcClientProtocolClient.java:onNext(255)) - client-9DC82E534C87->980d9c0c-33ac-4a22-b481-33b8b1eac469: receive RaftClientReply:client-9DC82E534C87->980d9c0c-33ac-4a22-b481-33b8b1eac469@group-23022C6A558E, cid=1053, SUCCESS, logIndex=0, commits[980d9c0c-33ac-4a22-b481-33b8b1eac469:c1436, e00ee311-0ce1-4115-b4c1-69648d9d3094:c1432, bb9367ec-656d-4ade-92be-004a921408cc:c1432]
2019-08-06 03:26:17,995 INFO  client.GrpcClientProtocolClient (GrpcClientProtocolClient.java:onNext(255)) - client-9DC82E534C87->980d9c0c-33ac-4a22-b481-33b8b1eac469: receive RaftClientReply:client-9DC82E534C87->980d9c0c-33ac-4a22-b481-33b8b1eac469@group-23022C6A558E, cid=1054, SUCCESS, logIndex=1439, commits[980d9c0c-33ac-4a22-b481-33b8b1eac469:c1440, e00ee311-0ce1-4115-b4c1-69648d9d3094:c1438, bb9367ec-656d-4ade-92be-004a921408cc:c1438]
2019-08-06 03:26:17,995 INFO  client.GrpcClientProtocolClient (GrpcClientProtocolClient.java:onNext(255)) - client-9DC82E534C87->980d9c0c-33ac-4a22-b481-33b8b1eac469: receive RaftClientReply:client-9DC82E534C87->980d9c0c-33ac-4a22-b481-33b8b1eac469@group-23022C6A558E, cid=1055, SUCCESS, logIndex=1440, commits[980d9c0c-33ac-4a22-b481-33b8b1eac469:c1440, e00ee311-0ce1-4115-b4c1-69648d9d3094:c1438, bb9367ec-656d-4ade-92be-004a921408cc:c1438]
2019-08-06 03:26:18,008 INFO  client.GrpcClientProtocolClient (GrpcClientProtocolClient.java:onNext(255)) - client-9DC82E534C87->980d9c0c-33ac-4a22-b481-33b8b1eac469: receive RaftClientReply:client-9DC82E534C87->980d9c0c-33ac-4a22-b481-33b8b1eac469@group-23022C6A558E, cid=1056, SUCCESS, logIndex=1443, commits[980d9c0c-33ac-4a22-b481-33b8b1eac469:c1444, e00ee311-0ce1-4115-b4c1-69648d9d3094:c1440, bb9367ec-656d-4ade-92be-004a921408cc:c1440]
2019-08-06 03:26:18,009 INFO  client.GrpcClientProtocolClient (GrpcClientProtocolClient.java:onNext(255)) - client-9DC82E534C87->980d9c0c-33ac-4a22-b481-33b8b1eac469: receive RaftClientReply:client-9DC82E534C87->980d9c0c-33ac-4a22-b481-33b8b1eac469@group-23022C6A558E, cid=1057, SUCCESS, logIndex=1444, commits[980d9c0c-33ac-4a22-b481-33b8b1eac469:c1444, e00ee311-0ce1-4115-b4c1-69648d9d3094:c1440, bb9367ec-656d-4ade-92be-004a921408cc:c1440]
2019-08-06 03:26:18,022 INFO  client.GrpcClientProtocolClient (GrpcClientProtocolClient.java:onNext(255)) - client-9DC82E534C87->980d9c0c-33ac-4a22-b481-33b8b1eac469: receive RaftClientReply:client-9DC82E534C87->980d9c0c-33ac-4a22-b481-33b8b1eac469@group-23022C6A558E, cid=1058, SUCCESS, logIndex=0, commits[980d9c0c-33ac-4a22-b481-33b8b1eac469:c1446, e00ee311-0ce1-4115-b4c1-69648d9d3094:c1444, bb9367ec-656d-4ade-92be-004a921408cc:c1444]
 0.00% |█                                                                                                    |  0/1 Time: 0:00:052019-08-06 03:26:18,147 INFO  client.GrpcClientProtocolClient (GrpcClientProtocolClient.java:onNext(255)) - client-9DC82E534C87->980d9c0c-33ac-4a22-b481-33b8b1eac469: receive RaftClientReply:client-9DC82E534C87->980d9c0c-33ac-4a22-b481-33b8b1eac469@group-23022C6A558E, cid=1059, SUCCESS, logIndex=1447, commits[980d9c0c-33ac-4a22-b481-33b8b1eac469:c1450, e00ee311-0ce1-4115-b4c1-69648d9d3094:c1446, bb9367ec-656d-4ade-92be-004a921408cc:c1446]
2019-08-06 03:26:18,148 INFO  client.GrpcClientProtocolClient (GrpcClientProtocolClient.java:onNext(255)) - client-9DC82E534C87->980d9c0c-33ac-4a22-b481-33b8b1eac469: receive RaftClientReply:client-9DC82E534C87->980d9c0c-33ac-4a22-b481-33b8b1eac469@group-23022C6A558E, cid=1060, SUCCESS, logIndex=1448, commits[980d9c0c-33ac-4a22-b481-33b8b1eac469:c1450, e00ee311-0ce1-4115-b4c1-69648d9d3094:c1446, bb9367ec-656d-4ade-92be-004a921408cc:c1446]
2019-08-06 03:26:18,148 INFO  client.GrpcClientProtocolClient (GrpcClientProtocolClient.java:onNext(255)) - client-9DC82E534C87->980d9c0c-33ac-4a22-b481-33b8b1eac469: receive RaftClientReply:client-9DC82E534C87->980d9c0c-33ac-4a22-b481-33b8b1eac469@group-23022C6A558E, cid=1061, SUCCESS, logIndex=1449, commits[980d9c0c-33ac-4a22-b481-33b8b1eac469:c1450, e00ee311-0ce1-4115-b4c1-69648d9d3094:c1446, bb9367ec-656d-4ade-92be-004a921408cc:c1446]
2019-08-06 03:26:18,148 INFO  client.GrpcClientProtocolClient (GrpcClientProtocolClient.java:onNext(255)) - client-9DC82E534C87->980d9c0c-33ac-4a22-b481-33b8b1eac469: receive RaftClientReply:client-9DC82E534C87->980d9c0c-33ac-4a22-b481-33b8b1eac469@group-23022C6A558E, cid=1062, SUCCESS, logIndex=1450, commits[980d9c0c-33ac-4a22-b481-33b8b1eac469:c1450, e00ee311-0ce1-4115-b4c1-69648d9d3094:c1446, bb9367ec-656d-4ade-92be-004a921408cc:c1446]
2019-08-06 03:26:18,158 INFO  client.GrpcClientProtocolClient (GrpcClientProtocolClient.java:onNext(255)) - client-9DC82E534C87->980d9c0c-33ac-4a22-b481-33b8b1eac469: receive RaftClientReply:client-9DC82E534C87->980d9c0c-33ac-4a22-b481-33b8b1eac469@group-23022C6A558E, cid=1063, SUCCESS, logIndex=0, commits[980d9c0c-33ac-4a22-b481-33b8b1eac469:c1451, e00ee311-0ce1-4115-b4c1-69648d9d3094:c1448, bb9367ec-656d-4ade-92be-004a921408cc:c1448]
2019-08-06 03:26:18,189 INFO  client.GrpcClientProtocolClient (GrpcClientProtocolClient.java:onNext(255)) - client-9DC82E534C87->980d9c0c-33ac-4a22-b481-33b8b1eac469: receive RaftClientReply:client-9DC82E534C87->980d9c0c-33ac-4a22-b481-33b8b1eac469@group-23022C6A558E, cid=1064, SUCCESS, logIndex=1455, commits[980d9c0c-33ac-4a22-b481-33b8b1eac469:c1456, e00ee311-0ce1-4115-b4c1-69648d9d3094:c1454, bb9367ec-656d-4ade-92be-004a921408cc:c1454]
2019-08-06 03:26:18,189 INFO  client.GrpcClientProtocolClient (GrpcClientProtocolClient.java:onNext(255)) - client-9DC82E534C87->980d9c0c-33ac-4a22-b481-33b8b1eac469: receive RaftClientReply:client-9DC82E534C87->980d9c0c-33ac-4a22-b481-33b8b1eac469@group-23022C6A558E, cid=1065, SUCCESS, logIndex=1456, commits[980d9c0c-33ac-4a22-b481-33b8b1eac469:c1456, e00ee311-0ce1-4115-b4c1-69648d9d3094:c1454, bb9367ec-656d-4ade-92be-004a921408cc:c1454]
2019-08-06 03:26:18,202 INFO  client.GrpcClientProtocolClient (GrpcClientProtocolClient.java:onNext(255)) - client-9DC82E534C87->980d9c0c-33ac-4a22-b481-33b8b1eac469: receive RaftClientReply:client-9DC82E534C87->980d9c0c-33ac-4a22-b481-33b8b1eac469@group-23022C6A558E, cid=1066, SUCCESS, logIndex=1459, commits[980d9c0c-33ac-4a22-b481-33b8b1eac469:c1460, e00ee311-0ce1-4115-b4c1-69648d9d3094:c1456, bb9367ec-656d-4ade-92be-004a921408cc:c1456]
2019-08-06 03:26:18,202 INFO  client.GrpcClientProtocolClient (GrpcClientProtocolClient.java:onNext(255)) - client-9DC82E534C87->980d9c0c-33ac-4a22-b481-33b8b1eac469: receive RaftClientReply:client-9DC82E534C87->980d9c0c-33ac-4a22-b481-33b8b1eac469@group-23022C6A558E, cid=1067, SUCCESS, logIndex=1460, commits[980d9c0c-33ac-4a22-b481-33b8b1eac469:c1460, e00ee311-0ce1-4115-b4c1-69648d9d3094:c1456, bb9367ec-656d-4ade-92be-004a921408cc:c1456]
2019-08-06 03:26:18,219 INFO  client.GrpcClientProtocolClient (GrpcClientProtocolClient.java:onNext(255)) - client-9DC82E534C87->980d9c0c-33ac-4a22-b481-33b8b1eac469: receive RaftClientReply:client-9DC82E534C87->980d9c0c-33ac-4a22-b481-33b8b1eac469@group-23022C6A558E, cid=1068, SUCCESS, logIndex=0, commits[980d9c0c-33ac-4a22-b481-33b8b1eac469:c1462, e00ee311-0ce1-4115-b4c1-69648d9d3094:c1460, bb9367ec-656d-4ade-92be-004a921408cc:c1460]
2019-08-06 03:26:18,240 INFO  client.GrpcClientProtocolClient (GrpcClientProtocolClient.java:onNext(255)) - client-9DC82E534C87->980d9c0c-33ac-4a22-b481-33b8b1eac469: receive RaftClientReply:client-9DC82E534C87->980d9c0c-33ac-4a22-b481-33b8b1eac469@group-23022C6A558E, cid=1069, SUCCESS, logIndex=1463, commits[980d9c0c-33ac-4a22-b481-33b8b1eac469:c1464, e00ee311-0ce1-4115-b4c1-69648d9d3094:c1462, bb9367ec-656d-4ade-92be-004a921408cc:c1462]
2019-08-06 03:26:18,241 INFO  client.GrpcClientProtocolClient (GrpcClientProtocolClient.java:onNext(255)) - client-9DC82E534C87->980d9c0c-33ac-4a22-b481-33b8b1eac469: receive RaftClientReply:client-9DC82E534C87->980d9c0c-33ac-4a22-b481-33b8b1eac469@group-23022C6A558E, cid=1070, SUCCESS, logIndex=1464, commits[980d9c0c-33ac-4a22-b481-33b8b1eac469:c1464, e00ee311-0ce1-4115-b4c1-69648d9d3094:c1462, bb9367ec-656d-4ade-92be-004a921408cc:c1462]
2019-08-06 03:26:18,241 INFO  client.GrpcClientProtocolClient (GrpcClientProtocolClient.java:onNext(255)) - client-9DC82E534C87->980d9c0c-33ac-4a22-b481-33b8b1eac469: receive RaftClientReply:client-9DC82E534C87->980d9c0c-33ac-4a22-b481-33b8b1eac469@group-23022C6A558E, cid=1071, SUCCESS, logIndex=1465, commits[980d9c0c-33ac-4a22-b481-33b8b1eac469:c1466, e00ee311-0ce1-4115-b4c1-69648d9d3094:c1462, bb9367ec-656d-4ade-92be-004a921408cc:c1462]
2019-08-06 03:26:18,242 INFO  client.GrpcClientProtocolClient (GrpcClientProtocolClient.java:onNext(255)) - client-9DC82E534C87->980d9c0c-33ac-4a22-b481-33b8b1eac469: receive RaftClientReply:client-9DC82E534C87->980d9c0c-33ac-4a22-b481-33b8b1eac469@group-23022C6A558E, cid=1072, SUCCESS, logIndex=1466, commits[980d9c0c-33ac-4a22-b481-33b8b1eac469:c1466, e00ee311-0ce1-4115-b4c1-69648d9d3094:c1462, bb9367ec-656d-4ade-92be-004a921408cc:c1462]
2019-08-06 03:26:18,243 INFO  client.GrpcClientProtocolClient (GrpcClientProtocolClient.java:onNext(255)) - client-9DC82E534C87->980d9c0c-33ac-4a22-b481-33b8b1eac469: receive RaftClientReply:client-9DC82E534C87->980d9c0c-33ac-4a22-b481-33b8b1eac469@group-23022C6A558E, cid=1073, SUCCESS, logIndex=0, commits[980d9c0c-33ac-4a22-b481-33b8b1eac469:c1468, e00ee311-0ce1-4115-b4c1-69648d9d3094:c1464, bb9367ec-656d-4ade-92be-004a921408cc:c1464]
2019-08-06 03:26:18,256 INFO  client.GrpcClientProtocolClient (GrpcClientProtocolClient.java:onNext(255)) - client-9DC82E534C87->980d9c0c-33ac-4a22-b481-33b8b1eac469: receive RaftClientReply:client-9DC82E534C87->980d9c0c-33ac-4a22-b481-33b8b1eac469@group-23022C6A558E, cid=1074, SUCCESS, logIndex=1471, commits[980d9c0c-33ac-4a22-b481-33b8b1eac469:c1472, e00ee311-0ce1-4115-b4c1-69648d9d3094:c1470, bb9367ec-656d-4ade-92be-004a921408cc:c1466]
2019-08-06 03:26:18,257 INFO  client.GrpcClientProtocolClient (GrpcClientProtocolClient.java:onNext(255)) - client-9DC82E534C87->980d9c0c-33ac-4a22-b481-33b8b1eac469: receive RaftClientReply:client-9DC82E534C87->980d9c0c-33ac-4a22-b481-33b8b1eac469@group-23022C6A558E, cid=1075, SUCCESS, logIndex=1472, commits[980d9c0c-33ac-4a22-b481-33b8b1eac469:c1472, e00ee311-0ce1-4115-b4c1-69648d9d3094:c1470, bb9367ec-656d-4ade-92be-004a921408cc:c1470]
2019-08-06 03:26:18,272 INFO  client.GrpcClientProtocolClient (GrpcClientProtocolClient.java:onNext(255)) - client-9DC82E534C87->980d9c0c-33ac-4a22-b481-33b8b1eac469: receive RaftClientReply:client-9DC82E534C87->980d9c0c-33ac-4a22-b481-33b8b1eac469@group-23022C6A558E, cid=1076, SUCCESS, logIndex=1475, commits[980d9c0c-33ac-4a22-b481-33b8b1eac469:c1476, e00ee311-0ce1-4115-b4c1-69648d9d3094:c1472, bb9367ec-656d-4ade-92be-004a921408cc:c1473]
2019-08-06 03:26:18,273 INFO  client.GrpcClientProtocolClient (GrpcClientProtocolClient.java:onNext(255)) - client-9DC82E534C87->980d9c0c-33ac-4a22-b481-33b8b1eac469: receive RaftClientReply:client-9DC82E534C87->980d9c0c-33ac-4a22-b481-33b8b1eac469@group-23022C6A558E, cid=1077, SUCCESS, logIndex=1476, commits[980d9c0c-33ac-4a22-b481-33b8b1eac469:c1476, e00ee311-0ce1-4115-b4c1-69648d9d3094:c1473, bb9367ec-656d-4ade-92be-004a921408cc:c1473]
2019-08-06 03:26:18,274 INFO  client.GrpcClientProtocolClient (GrpcClientProtocolClient.java:onNext(255)) - client-9DC82E534C87->980d9c0c-33ac-4a22-b481-33b8b1eac469: receive RaftClientReply:client-9DC82E534C87->980d9c0c-33ac-4a22-b481-33b8b1eac469@group-23022C6A558E, cid=1078, SUCCESS, logIndex=0, commits[980d9c0c-33ac-4a22-b481-33b8b1eac469:c1477, e00ee311-0ce1-4115-b4c1-69648d9d3094:c1476, bb9367ec-656d-4ade-92be-004a921408cc:c1476]
2019-08-06 03:26:18,295 INFO  client.GrpcClientProtocolClient (GrpcClientProtocolClient.java:onNext(255)) - client-9DC82E534C87->980d9c0c-33ac-4a22-b481-33b8b1eac469: receive RaftClientReply:client-9DC82E534C87->980d9c0c-33ac-4a22-b481-33b8b1eac469@group-23022C6A558E, cid=1079, SUCCESS, logIndex=1479, commits[980d9c0c-33ac-4a22-b481-33b8b1eac469:c1480, e00ee311-0ce1-4115-b4c1-69648d9d3094:c1478, bb9367ec-656d-4ade-92be-004a921408cc:c1478]
2019-08-06 03:26:18,295 INFO  client.GrpcClientProtocolClient (GrpcClientProtocolClient.java:onNext(255)) - client-9DC82E534C87->980d9c0c-33ac-4a22-b481-33b8b1eac469: receive RaftClientReply:client-9DC82E534C87->980d9c0c-33ac-4a22-b481-33b8b1eac469@group-23022C6A558E, cid=1080, SUCCESS, logIndex=1480, commits[980d9c0c-33ac-4a22-b481-33b8b1eac469:c1481, e00ee311-0ce1-4115-b4c1-69648d9d3094:c1478, bb9367ec-656d-4ade-92be-004a921408cc:c1478]
2019-08-06 03:26:18,295 INFO  client.GrpcClientProtocolClient (GrpcClientProtocolClient.java:onNext(255)) - client-9DC82E534C87->980d9c0c-33ac-4a22-b481-33b8b1eac469: receive RaftClientReply:client-9DC82E534C87->980d9c0c-33ac-4a22-b481-33b8b1eac469@group-23022C6A558E, cid=1081, SUCCESS, logIndex=1481, commits[980d9c0c-33ac-4a22-b481-33b8b1eac469:c1482, e00ee311-0ce1-4115-b4c1-69648d9d3094:c1478, bb9367ec-656d-4ade-92be-004a921408cc:c1478]
2019-08-06 03:26:18,296 INFO  client.GrpcClientProtocolClient (GrpcClientProtocolClient.java:onNext(255)) - client-9DC82E534C87->980d9c0c-33ac-4a22-b481-33b8b1eac469: receive RaftClientReply:client-9DC82E534C87->980d9c0c-33ac-4a22-b481-33b8b1eac469@group-23022C6A558E, cid=1082, SUCCESS, logIndex=1482, commits[980d9c0c-33ac-4a22-b481-33b8b1eac469:c1482, e00ee311-0ce1-4115-b4c1-69648d9d3094:c1478, bb9367ec-656d-4ade-92be-004a921408cc:c1478]
2019-08-06 03:26:18,309 INFO  client.GrpcClientProtocolClient (GrpcClientProtocolClient.java:onNext(255)) - client-9DC82E534C87->980d9c0c-33ac-4a22-b481-33b8b1eac469: receive RaftClientReply:client-9DC82E534C87->980d9c0c-33ac-4a22-b481-33b8b1eac469@group-23022C6A558E, cid=1083, SUCCESS, logIndex=0, commits[980d9c0c-33ac-4a22-b481-33b8b1eac469:c1484, e00ee311-0ce1-4115-b4c1-69648d9d3094:c1480, bb9367ec-656d-4ade-92be-004a921408cc:c1480]
2019-08-06 03:26:18,329 INFO  client.GrpcClientProtocolClient (GrpcClientProtocolClient.java:onNext(255)) - client-9DC82E534C87->980d9c0c-33ac-4a22-b481-33b8b1eac469: receive RaftClientReply:client-9DC82E534C87->980d9c0c-33ac-4a22-b481-33b8b1eac469@group-23022C6A558E, cid=1084, SUCCESS, logIndex=1487, commits[980d9c0c-33ac-4a22-b481-33b8b1eac469:c1488, e00ee311-0ce1-4115-b4c1-69648d9d3094:c1486, bb9367ec-656d-4ade-92be-004a921408cc:c1486]
2019-08-06 03:26:18,329 INFO  client.GrpcClientProtocolClient (GrpcClientProtocolClient.java:onNext(255)) - client-9DC82E534C87->980d9c0c-33ac-4a22-b481-33b8b1eac469: receive RaftClientReply:client-9DC82E534C87->980d9c0c-33ac-4a22-b481-33b8b1eac469@group-23022C6A558E, cid=1085, SUCCESS, logIndex=1488, commits[980d9c0c-33ac-4a22-b481-33b8b1eac469:c1488, e00ee311-0ce1-4115-b4c1-69648d9d3094:c1486, bb9367ec-656d-4ade-92be-004a921408cc:c1486]
2019-08-06 03:26:18,342 INFO  client.GrpcClientProtocolClient (GrpcClientProtocolClient.java:onNext(255)) - client-9DC82E534C87->980d9c0c-33ac-4a22-b481-33b8b1eac469: receive RaftClientReply:client-9DC82E534C87->980d9c0c-33ac-4a22-b481-33b8b1eac469@group-23022C6A558E, cid=1086, SUCCESS, logIndex=1491, commits[980d9c0c-33ac-4a22-b481-33b8b1eac469:c1492, e00ee311-0ce1-4115-b4c1-69648d9d3094:c1488, bb9367ec-656d-4ade-92be-004a921408cc:c1488]
2019-08-06 03:26:18,343 INFO  client.GrpcClientProtocolClient (GrpcClientProtocolClient.java:onNext(255)) - client-9DC82E534C87->980d9c0c-33ac-4a22-b481-33b8b1eac469: receive RaftClientReply:client-9DC82E534C87->980d9c0c-33ac-4a22-b481-33b8b1eac469@group-23022C6A558E, cid=1087, SUCCESS, logIndex=1492, commits[980d9c0c-33ac-4a22-b481-33b8b1eac469:c1492, e00ee311-0ce1-4115-b4c1-69648d9d3094:c1488, bb9367ec-656d-4ade-92be-004a921408cc:c1488]
2019-08-06 03:26:18,354 INFO  client.GrpcClientProtocolClient (GrpcClientProtocolClient.java:onNext(255)) - client-9DC82E534C87->980d9c0c-33ac-4a22-b481-33b8b1eac469: receive RaftClientReply:client-9DC82E534C87->980d9c0c-33ac-4a22-b481-33b8b1eac469@group-23022C6A558E, cid=1088, SUCCESS, logIndex=0, commits[980d9c0c-33ac-4a22-b481-33b8b1eac469:c1493, e00ee311-0ce1-4115-b4c1-69648d9d3094:c1492, bb9367ec-656d-4ade-92be-004a921408cc:c1492]
2019-08-06 03:26:18,377 INFO  client.GrpcClientProtocolClient (GrpcClientProtocolClient.java:onNext(255)) - client-9DC82E534C87->980d9c0c-33ac-4a22-b481-33b8b1eac469: receive RaftClientReply:client-9DC82E534C87->980d9c0c-33ac-4a22-b481-33b8b1eac469@group-23022C6A558E, cid=1089, SUCCESS, logIndex=1495, commits[980d9c0c-33ac-4a22-b481-33b8b1eac469:c1496, e00ee311-0ce1-4115-b4c1-69648d9d3094:c1494, bb9367ec-656d-4ade-92be-004a921408cc:c1494]
2019-08-06 03:26:18,377 INFO  client.GrpcClientProtocolClient (GrpcClientProtocolClient.java:onNext(255)) - client-9DC82E534C87->980d9c0c-33ac-4a22-b481-33b8b1eac469: receive RaftClientReply:client-9DC82E534C87->980d9c0c-33ac-4a22-b481-33b8b1eac469@group-23022C6A558E, cid=1090, SUCCESS, logIndex=1496, commits[980d9c0c-33ac-4a22-b481-33b8b1eac469:c1496, e00ee311-0ce1-4115-b4c1-69648d9d3094:c1494, bb9367ec-656d-4ade-92be-004a921408cc:c1494]
2019-08-06 03:26:18,387 INFO  client.GrpcClientProtocolClient (GrpcClientProtocolClient.java:onNext(255)) - client-9DC82E534C87->980d9c0c-33ac-4a22-b481-33b8b1eac469: receive RaftClientReply:client-9DC82E534C87->980d9c0c-33ac-4a22-b481-33b8b1eac469@group-23022C6A558E, cid=1091, SUCCESS, logIndex=1497, commits[980d9c0c-33ac-4a22-b481-33b8b1eac469:c1498, e00ee311-0ce1-4115-b4c1-69648d9d3094:c1494, bb9367ec-656d-4ade-92be-004a921408cc:c1494]
2019-08-06 03:26:18,388 INFO  client.GrpcClientProtocolClient (GrpcClientProtocolClient.java:onNext(255)) - client-9DC82E534C87->980d9c0c-33ac-4a22-b481-33b8b1eac469: receive RaftClientReply:client-9DC82E534C87->980d9c0c-33ac-4a22-b481-33b8b1eac469@group-23022C6A558E, cid=1092, SUCCESS, logIndex=1498, commits[980d9c0c-33ac-4a22-b481-33b8b1eac469:c1498, e00ee311-0ce1-4115-b4c1-69648d9d3094:c1494, bb9367ec-656d-4ade-92be-004a921408cc:c1494]
2019-08-06 03:26:18,391 INFO  client.GrpcClientProtocolClient (GrpcClientProtocolClient.java:onNext(255)) - client-9DC82E534C87->980d9c0c-33ac-4a22-b481-33b8b1eac469: receive RaftClientReply:client-9DC82E534C87->980d9c0c-33ac-4a22-b481-33b8b1eac469@group-23022C6A558E, cid=1093, SUCCESS, logIndex=0, commits[980d9c0c-33ac-4a22-b481-33b8b1eac469:c1500, e00ee311-0ce1-4115-b4c1-69648d9d3094:c1496, bb9367ec-656d-4ade-92be-004a921408cc:c1496]
2019-08-06 03:26:18,404 INFO  client.GrpcClientProtocolClient (GrpcClientProtocolClient.java:onNext(255)) - client-9DC82E534C87->980d9c0c-33ac-4a22-b481-33b8b1eac469: receive RaftClientReply:client-9DC82E534C87->980d9c0c-33ac-4a22-b481-33b8b1eac469@group-23022C6A558E, cid=1094, SUCCESS, logIndex=1503, commits[980d9c0c-33ac-4a22-b481-33b8b1eac469:c1504, e00ee311-0ce1-4115-b4c1-69648d9d3094:c1500, bb9367ec-656d-4ade-92be-004a921408cc:c1498]
2019-08-06 03:26:18,404 INFO  client.GrpcClientProtocolClient (GrpcClientProtocolClient.java:onNext(255)) - client-9DC82E534C87->980d9c0c-33ac-4a22-b481-33b8b1eac469: receive RaftClientReply:client-9DC82E534C87->980d9c0c-33ac-4a22-b481-33b8b1eac469@group-23022C6A558E, cid=1095, SUCCESS, logIndex=1504, commits[980d9c0c-33ac-4a22-b481-33b8b1eac469:c1504, e00ee311-0ce1-4115-b4c1-69648d9d3094:c1500, bb9367ec-656d-4ade-92be-004a921408cc:c1500]
2019-08-06 03:26:18,420 INFO  client.GrpcClientProtocolClient (GrpcClientProtocolClient.java:onNext(255)) - client-9DC82E534C87->980d9c0c-33ac-4a22-b481-33b8b1eac469: receive RaftClientReply:client-9DC82E534C87->980d9c0c-33ac-4a22-b481-33b8b1eac469@group-23022C6A558E, cid=1096, SUCCESS, logIndex=1507, commits[980d9c0c-33ac-4a22-b481-33b8b1eac469:c1508, e00ee311-0ce1-4115-b4c1-69648d9d3094:c1505, bb9367ec-656d-4ade-92be-004a921408cc:c1505]
2019-08-06 03:26:18,420 INFO  client.GrpcClientProtocolClient (GrpcClientProtocolClient.java:onNext(255)) - client-9DC82E534C87->980d9c0c-33ac-4a22-b481-33b8b1eac469: receive RaftClientReply:client-9DC82E534C87->980d9c0c-33ac-4a22-b481-33b8b1eac469@group-23022C6A558E, cid=1097, SUCCESS, logIndex=1508, commits[980d9c0c-33ac-4a22-b481-33b8b1eac469:c1508, e00ee311-0ce1-4115-b4c1-69648d9d3094:c1505, bb9367ec-656d-4ade-92be-004a921408cc:c1505]
2019-08-06 03:26:18,425 INFO  client.GrpcClientProtocolClient (GrpcClientProtocolClient.java:onNext(255)) - client-9DC82E534C87->980d9c0c-33ac-4a22-b481-33b8b1eac469: receive RaftClientReply:client-9DC82E534C87->980d9c0c-33ac-4a22-b481-33b8b1eac469@group-23022C6A558E, cid=1098, SUCCESS, logIndex=0, commits[980d9c0c-33ac-4a22-b481-33b8b1eac469:c1510, e00ee311-0ce1-4115-b4c1-69648d9d3094:c1508, bb9367ec-656d-4ade-92be-004a921408cc:c1508]
2019-08-06 03:26:18,447 INFO  client.GrpcClientProtocolClient (GrpcClientProtocolClient.java:onNext(255)) - client-9DC82E534C87->980d9c0c-33ac-4a22-b481-33b8b1eac469: receive RaftClientReply:client-9DC82E534C87->980d9c0c-33ac-4a22-b481-33b8b1eac469@group-23022C6A558E, cid=1099, SUCCESS, logIndex=1511, commits[980d9c0c-33ac-4a22-b481-33b8b1eac469:c1512, e00ee311-0ce1-4115-b4c1-69648d9d3094:c1510, bb9367ec-656d-4ade-92be-004a921408cc:c1510]
2019-08-06 03:26:18,447 INFO  client.GrpcClientProtocolClient (GrpcClientProtocolClient.java:onNext(255)) - client-9DC82E534C87->980d9c0c-33ac-4a22-b481-33b8b1eac469: receive RaftClientReply:client-9DC82E534C87->980d9c0c-33ac-4a22-b481-33b8b1eac469@group-23022C6A558E, cid=1100, SUCCESS, logIndex=1512, commits[980d9c0c-33ac-4a22-b481-33b8b1eac469:c1512, e00ee311-0ce1-4115-b4c1-69648d9d3094:c1510, bb9367ec-656d-4ade-92be-004a921408cc:c1510]
2019-08-06 03:26:18,448 INFO  client.GrpcClientProtocolClient (GrpcClientProtocolClient.java:onNext(255)) - client-9DC82E534C87->980d9c0c-33ac-4a22-b481-33b8b1eac469: receive RaftClientReply:client-9DC82E534C87->980d9c0c-33ac-4a22-b481-33b8b1eac469@group-23022C6A558E, cid=1101, SUCCESS, logIndex=1513, commits[980d9c0c-33ac-4a22-b481-33b8b1eac469:c1513, e00ee311-0ce1-4115-b4c1-69648d9d3094:c1510, bb9367ec-656d-4ade-92be-004a921408cc:c1510]
2019-08-06 03:26:18,448 INFO  client.GrpcClientProtocolClient (GrpcClientProtocolClient.java:onNext(255)) - client-9DC82E534C87->980d9c0c-33ac-4a22-b481-33b8b1eac469: receive RaftClientReply:client-9DC82E534C87->980d9c0c-33ac-4a22-b481-33b8b1eac469@group-23022C6A558E, cid=1102, SUCCESS, logIndex=1514, commits[980d9c0c-33ac-4a22-b481-33b8b1eac469:c1514, e00ee311-0ce1-4115-b4c1-69648d9d3094:c1510, bb9367ec-656d-4ade-92be-004a921408cc:c1510]
2019-08-06 03:26:18,449 INFO  client.GrpcClientProtocolClient (GrpcClientProtocolClient.java:onNext(255)) - client-9DC82E534C87->980d9c0c-33ac-4a22-b481-33b8b1eac469: receive RaftClientReply:client-9DC82E534C87->980d9c0c-33ac-4a22-b481-33b8b1eac469@group-23022C6A558E, cid=1103, SUCCESS, logIndex=0, commits[980d9c0c-33ac-4a22-b481-33b8b1eac469:c1516, e00ee311-0ce1-4115-b4c1-69648d9d3094:c1512, bb9367ec-656d-4ade-92be-004a921408cc:c1512]
2019-08-06 03:26:18,461 INFO  client.GrpcClientProtocolClient (GrpcClientProtocolClient.java:onNext(255)) - client-9DC82E534C87->980d9c0c-33ac-4a22-b481-33b8b1eac469: receive RaftClientReply:client-9DC82E534C87->980d9c0c-33ac-4a22-b481-33b8b1eac469@group-23022C6A558E, cid=1104, SUCCESS, logIndex=1519, commits[980d9c0c-33ac-4a22-b481-33b8b1eac469:c1520, e00ee311-0ce1-4115-b4c1-69648d9d3094:c1518, bb9367ec-656d-4ade-92be-004a921408cc:c1518]
2019-08-06 03:26:18,462 INFO  client.GrpcClientProtocolClient (GrpcClientProtocolClient.java:onNext(255)) - client-9DC82E534C87->980d9c0c-33ac-4a22-b481-33b8b1eac469: receive RaftClientReply:client-9DC82E534C87->980d9c0c-33ac-4a22-b481-33b8b1eac469@group-23022C6A558E, cid=1105, SUCCESS, logIndex=1520, commits[980d9c0c-33ac-4a22-b481-33b8b1eac469:c1520, e00ee311-0ce1-4115-b4c1-69648d9d3094:c1518, bb9367ec-656d-4ade-92be-004a921408cc:c1518]
2019-08-06 03:26:18,475 INFO  client.GrpcClientProtocolClient (GrpcClientProtocolClient.java:onNext(255)) - client-9DC82E534C87->980d9c0c-33ac-4a22-b481-33b8b1eac469: receive RaftClientReply:client-9DC82E534C87->980d9c0c-33ac-4a22-b481-33b8b1eac469@group-23022C6A558E, cid=1106, SUCCESS, logIndex=1523, commits[980d9c0c-33ac-4a22-b481-33b8b1eac469:c1523, e00ee311-0ce1-4115-b4c1-69648d9d3094:c1520, bb9367ec-656d-4ade-92be-004a921408cc:c1520]
2019-08-06 03:26:18,475 INFO  client.GrpcClientProtocolClient (GrpcClientProtocolClient.java:onNext(255)) - client-9DC82E534C87->980d9c0c-33ac-4a22-b481-33b8b1eac469: receive RaftClientReply:client-9DC82E534C87->980d9c0c-33ac-4a22-b481-33b8b1eac469@group-23022C6A558E, cid=1107, SUCCESS, logIndex=1524, commits[980d9c0c-33ac-4a22-b481-33b8b1eac469:c1524, e00ee311-0ce1-4115-b4c1-69648d9d3094:c1520, bb9367ec-656d-4ade-92be-004a921408cc:c1520]
2019-08-06 03:26:18,488 INFO  client.GrpcClientProtocolClient (GrpcClientProtocolClient.java:onNext(255)) - client-9DC82E534C87->980d9c0c-33ac-4a22-b481-33b8b1eac469: receive RaftClientReply:client-9DC82E534C87->980d9c0c-33ac-4a22-b481-33b8b1eac469@group-23022C6A558E, cid=1108, SUCCESS, logIndex=0, commits[980d9c0c-33ac-4a22-b481-33b8b1eac469:c1526, e00ee311-0ce1-4115-b4c1-69648d9d3094:c1524, bb9367ec-656d-4ade-92be-004a921408cc:c1524]
2019-08-06 03:26:18,509 INFO  client.GrpcClientProtocolClient (GrpcClientProtocolClient.java:onNext(255)) - client-9DC82E534C87->980d9c0c-33ac-4a22-b481-33b8b1eac469: receive RaftClientReply:client-9DC82E534C87->980d9c0c-33ac-4a22-b481-33b8b1eac469@group-23022C6A558E, cid=1109, SUCCESS, logIndex=1527, commits[980d9c0c-33ac-4a22-b481-33b8b1eac469:c1528, e00ee311-0ce1-4115-b4c1-69648d9d3094:c1526, bb9367ec-656d-4ade-92be-004a921408cc:c1526]
2019-08-06 03:26:18,509 INFO  client.GrpcClientProtocolClient (GrpcClientProtocolClient.java:onNext(255)) - client-9DC82E534C87->980d9c0c-33ac-4a22-b481-33b8b1eac469: receive RaftClientReply:client-9DC82E534C87->980d9c0c-33ac-4a22-b481-33b8b1eac469@group-23022C6A558E, cid=1110, SUCCESS, logIndex=1528, commits[980d9c0c-33ac-4a22-b481-33b8b1eac469:c1530, e00ee311-0ce1-4115-b4c1-69648d9d3094:c1526, bb9367ec-656d-4ade-92be-004a921408cc:c1526]
2019-08-06 03:26:18,510 INFO  client.GrpcClientProtocolClient (GrpcClientProtocolClient.java:onNext(255)) - client-9DC82E534C87->980d9c0c-33ac-4a22-b481-33b8b1eac469: receive RaftClientReply:client-9DC82E534C87->980d9c0c-33ac-4a22-b481-33b8b1eac469@group-23022C6A558E, cid=1111, SUCCESS, logIndex=1529, commits[980d9c0c-33ac-4a22-b481-33b8b1eac469:c1530, e00ee311-0ce1-4115-b4c1-69648d9d3094:c1526, bb9367ec-656d-4ade-92be-004a921408cc:c1526]
2019-08-06 03:26:18,510 INFO  client.GrpcClientProtocolClient (GrpcClientProtocolClient.java:onNext(255)) - client-9DC82E534C87->980d9c0c-33ac-4a22-b481-33b8b1eac469: receive RaftClientReply:client-9DC82E534C87->980d9c0c-33ac-4a22-b481-33b8b1eac469@group-23022C6A558E, cid=1112, SUCCESS, logIndex=1530, commits[980d9c0c-33ac-4a22-b481-33b8b1eac469:c1530, e00ee311-0ce1-4115-b4c1-69648d9d3094:c1526, bb9367ec-656d-4ade-92be-004a921408cc:c1526]
2019-08-06 03:26:18,511 INFO  client.GrpcClientProtocolClient (GrpcClientProtocolClient.java:onNext(255)) - client-9DC82E534C87->980d9c0c-33ac-4a22-b481-33b8b1eac469: receive RaftClientReply:client-9DC82E534C87->980d9c0c-33ac-4a22-b481-33b8b1eac469@group-23022C6A558E, cid=1113, SUCCESS, logIndex=0, commits[980d9c0c-33ac-4a22-b481-33b8b1eac469:c1532, e00ee311-0ce1-4115-b4c1-69648d9d3094:c1528, bb9367ec-656d-4ade-92be-004a921408cc:c1528]
2019-08-06 03:26:18,532 INFO  client.GrpcClientProtocolClient (GrpcClientProtocolClient.java:onNext(255)) - client-9DC82E534C87->980d9c0c-33ac-4a22-b481-33b8b1eac469: receive RaftClientReply:client-9DC82E534C87->980d9c0c-33ac-4a22-b481-33b8b1eac469@group-23022C6A558E, cid=1114, SUCCESS, logIndex=1535, commits[980d9c0c-33ac-4a22-b481-33b8b1eac469:c1536, e00ee311-0ce1-4115-b4c1-69648d9d3094:c1534, bb9367ec-656d-4ade-92be-004a921408cc:c1534]
2019-08-06 03:26:18,532 INFO  client.GrpcClientProtocolClient (GrpcClientProtocolClient.java:onNext(255)) - client-9DC82E534C87->980d9c0c-33ac-4a22-b481-33b8b1eac469: receive RaftClientReply:client-9DC82E534C87->980d9c0c-33ac-4a22-b481-33b8b1eac469@group-23022C6A558E, cid=1115, SUCCESS, logIndex=1536, commits[980d9c0c-33ac-4a22-b481-33b8b1eac469:c1536, e00ee311-0ce1-4115-b4c1-69648d9d3094:c1534, bb9367ec-656d-4ade-92be-004a921408cc:c1534]
2019-08-06 03:26:18,554 INFO  client.GrpcClientProtocolClient (GrpcClientProtocolClient.java:onNext(255)) - client-9DC82E534C87->980d9c0c-33ac-4a22-b481-33b8b1eac469: receive RaftClientReply:client-9DC82E534C87->980d9c0c-33ac-4a22-b481-33b8b1eac469@group-23022C6A558E, cid=1116, SUCCESS, logIndex=1539, commits[980d9c0c-33ac-4a22-b481-33b8b1eac469:c1540, e00ee311-0ce1-4115-b4c1-69648d9d3094:c1536, bb9367ec-656d-4ade-92be-004a921408cc:c1536]
2019-08-06 03:26:18,554 INFO  client.GrpcClientProtocolClient (GrpcClientProtocolClient.java:onNext(255)) - client-9DC82E534C87->980d9c0c-33ac-4a22-b481-33b8b1eac469: receive RaftClientReply:client-9DC82E534C87->980d9c0c-33ac-4a22-b481-33b8b1eac469@group-23022C6A558E, cid=1117, SUCCESS, logIndex=1540, commits[980d9c0c-33ac-4a22-b481-33b8b1eac469:c1540, e00ee311-0ce1-4115-b4c1-69648d9d3094:c1536, bb9367ec-656d-4ade-92be-004a921408cc:c1536]
2019-08-06 03:26:18,568 INFO  client.GrpcClientProtocolClient (GrpcClientProtocolClient.java:onNext(255)) - client-9DC82E534C87->980d9c0c-33ac-4a22-b481-33b8b1eac469: receive RaftClientReply:client-9DC82E534C87->980d9c0c-33ac-4a22-b481-33b8b1eac469@group-23022C6A558E, cid=1118, SUCCESS, logIndex=0, commits[980d9c0c-33ac-4a22-b481-33b8b1eac469:c1542, e00ee311-0ce1-4115-b4c1-69648d9d3094:c1540, bb9367ec-656d-4ade-92be-004a921408cc:c1540]
2019-08-06 03:26:18,588 INFO  client.GrpcClientProtocolClient (GrpcClientProtocolClient.java:onNext(255)) - client-9DC82E534C87->980d9c0c-33ac-4a22-b481-33b8b1eac469: receive RaftClientReply:client-9DC82E534C87->980d9c0c-33ac-4a22-b481-33b8b1eac469@group-23022C6A558E, cid=1119, SUCCESS, logIndex=1543, commits[980d9c0c-33ac-4a22-b481-33b8b1eac469:c1544, e00ee311-0ce1-4115-b4c1-69648d9d3094:c1542, bb9367ec-656d-4ade-92be-004a921408cc:c1542]
2019-08-06 03:26:18,589 INFO  client.GrpcClientProtocolClient (GrpcClientProtocolClient.java:onNext(255)) - client-9DC82E534C87->980d9c0c-33ac-4a22-b481-33b8b1eac469: receive RaftClientReply:client-9DC82E534C87->980d9c0c-33ac-4a22-b481-33b8b1eac469@group-23022C6A558E, cid=1120, SUCCESS, logIndex=1544, commits[980d9c0c-33ac-4a22-b481-33b8b1eac469:c1546, e00ee311-0ce1-4115-b4c1-69648d9d3094:c1542, bb9367ec-656d-4ade-92be-004a921408cc:c1542]
2019-08-06 03:26:18,589 INFO  client.GrpcClientProtocolClient (GrpcClientProtocolClient.java:onNext(255)) - client-9DC82E534C87->980d9c0c-33ac-4a22-b481-33b8b1eac469: receive RaftClientReply:client-9DC82E534C87->980d9c0c-33ac-4a22-b481-33b8b1eac469@group-23022C6A558E, cid=1121, SUCCESS, logIndex=1545, commits[980d9c0c-33ac-4a22-b481-33b8b1eac469:c1546, e00ee311-0ce1-4115-b4c1-69648d9d3094:c1542, bb9367ec-656d-4ade-92be-004a921408cc:c1542]
2019-08-06 03:26:18,589 INFO  client.GrpcClientProtocolClient (GrpcClientProtocolClient.java:onNext(255)) - client-9DC82E534C87->980d9c0c-33ac-4a22-b481-33b8b1eac469: receive RaftClientReply:client-9DC82E534C87->980d9c0c-33ac-4a22-b481-33b8b1eac469@group-23022C6A558E, cid=1122, SUCCESS, logIndex=1546, commits[980d9c0c-33ac-4a22-b481-33b8b1eac469:c1546, e00ee311-0ce1-4115-b4c1-69648d9d3094:c1542, bb9367ec-656d-4ade-92be-004a921408cc:c1542]
2019-08-06 03:26:18,592 INFO  client.GrpcClientProtocolClient (GrpcClientProtocolClient.java:onNext(255)) - client-9DC82E534C87->980d9c0c-33ac-4a22-b481-33b8b1eac469: receive RaftClientReply:client-9DC82E534C87->980d9c0c-33ac-4a22-b481-33b8b1eac469@group-23022C6A558E, cid=1123, SUCCESS, logIndex=0, commits[980d9c0c-33ac-4a22-b481-33b8b1eac469:c1550, e00ee311-0ce1-4115-b4c1-69648d9d3094:c1544, bb9367ec-656d-4ade-92be-004a921408cc:c1546]
2019-08-06 03:26:18,612 INFO  client.GrpcClientProtocolClient (GrpcClientProtocolClient.java:onNext(255)) - client-9DC82E534C87->980d9c0c-33ac-4a22-b481-33b8b1eac469: receive RaftClientReply:client-9DC82E534C87->980d9c0c-33ac-4a22-b481-33b8b1eac469@group-23022C6A558E, cid=1124, SUCCESS, logIndex=1551, commits[980d9c0c-33ac-4a22-b481-33b8b1eac469:c1552, e00ee311-0ce1-4115-b4c1-69648d9d3094:c1550, bb9367ec-656d-4ade-92be-004a921408cc:c1550]
2019-08-06 03:26:18,613 INFO  client.GrpcClientProtocolClient (GrpcClientProtocolClient.java:onNext(255)) - client-9DC82E534C87->980d9c0c-33ac-4a22-b481-33b8b1eac469: receive RaftClientReply:client-9DC82E534C87->980d9c0c-33ac-4a22-b481-33b8b1eac469@group-23022C6A558E, cid=1125, SUCCESS, logIndex=1552, commits[980d9c0c-33ac-4a22-b481-33b8b1eac469:c1552, e00ee311-0ce1-4115-b4c1-69648d9d3094:c1550, bb9367ec-656d-4ade-92be-004a921408cc:c1550]
2019-08-06 03:26:18,625 INFO  client.GrpcClientProtocolClient (GrpcClientProtocolClient.java:onNext(255)) - client-9DC82E534C87->980d9c0c-33ac-4a22-b481-33b8b1eac469: receive RaftClientReply:client-9DC82E534C87->980d9c0c-33ac-4a22-b481-33b8b1eac469@group-23022C6A558E, cid=1126, SUCCESS, logIndex=1555, commits[980d9c0c-33ac-4a22-b481-33b8b1eac469:c1556, e00ee311-0ce1-4115-b4c1-69648d9d3094:c1551, bb9367ec-656d-4ade-92be-004a921408cc:c1552]
2019-08-06 03:26:18,625 INFO  client.GrpcClientProtocolClient (GrpcClientProtocolClient.java:onNext(255)) - client-9DC82E534C87->980d9c0c-33ac-4a22-b481-33b8b1eac469: receive RaftClientReply:client-9DC82E534C87->980d9c0c-33ac-4a22-b481-33b8b1eac469@group-23022C6A558E, cid=1127, SUCCESS, logIndex=1556, commits[980d9c0c-33ac-4a22-b481-33b8b1eac469:c1556, e00ee311-0ce1-4115-b4c1-69648d9d3094:c1552, bb9367ec-656d-4ade-92be-004a921408cc:c1552]
2019-08-06 03:26:18,629 INFO  client.GrpcClientProtocolClient (GrpcClientProtocolClient.java:onNext(255)) - client-9DC82E534C87->980d9c0c-33ac-4a22-b481-33b8b1eac469: receive RaftClientReply:client-9DC82E534C87->980d9c0c-33ac-4a22-b481-33b8b1eac469@group-23022C6A558E, cid=1128, SUCCESS, logIndex=0, commits[980d9c0c-33ac-4a22-b481-33b8b1eac469:c1557, e00ee311-0ce1-4115-b4c1-69648d9d3094:c1556, bb9367ec-656d-4ade-92be-004a921408cc:c1556]
2019-08-06 03:26:18,642 INFO  client.GrpcClientProtocolClient (GrpcClientProtocolClient.java:onNext(255)) - client-9DC82E534C87->980d9c0c-33ac-4a22-b481-33b8b1eac469: receive RaftClientReply:client-9DC82E534C87->980d9c0c-33ac-4a22-b481-33b8b1eac469@group-23022C6A558E, cid=1129, SUCCESS, logIndex=1559, commits[980d9c0c-33ac-4a22-b481-33b8b1eac469:c1562, e00ee311-0ce1-4115-b4c1-69648d9d3094:c1556, bb9367ec-656d-4ade-92be-004a921408cc:c1557]
2019-08-06 03:26:18,643 INFO  client.GrpcClientProtocolClient (GrpcClientProtocolClient.java:onNext(255)) - client-9DC82E534C87->980d9c0c-33ac-4a22-b481-33b8b1eac469: receive RaftClientReply:client-9DC82E534C87->980d9c0c-33ac-4a22-b481-33b8b1eac469@group-23022C6A558E, cid=1130, SUCCESS, logIndex=1560, commits[980d9c0c-33ac-4a22-b481-33b8b1eac469:c1562, e00ee311-0ce1-4115-b4c1-69648d9d3094:c1557, bb9367ec-656d-4ade-92be-004a921408cc:c1557]
2019-08-06 03:26:18,643 INFO  client.GrpcClientProtocolClient (GrpcClientProtocolClient.java:onNext(255)) - client-9DC82E534C87->980d9c0c-33ac-4a22-b481-33b8b1eac469: receive RaftClientReply:client-9DC82E534C87->980d9c0c-33ac-4a22-b481-33b8b1eac469@group-23022C6A558E, cid=1131, SUCCESS, logIndex=1561, commits[980d9c0c-33ac-4a22-b481-33b8b1eac469:c1562, e00ee311-0ce1-4115-b4c1-69648d9d3094:c1557, bb9367ec-656d-4ade-92be-004a921408cc:c1557]
2019-08-06 03:26:18,644 INFO  client.GrpcClientProtocolClient (GrpcClientProtocolClient.java:onNext(255)) - client-9DC82E534C87->980d9c0c-33ac-4a22-b481-33b8b1eac469: receive RaftClientReply:client-9DC82E534C87->980d9c0c-33ac-4a22-b481-33b8b1eac469@group-23022C6A558E, cid=1132, SUCCESS, logIndex=1562, commits[980d9c0c-33ac-4a22-b481-33b8b1eac469:c1562, e00ee311-0ce1-4115-b4c1-69648d9d3094:c1557, bb9367ec-656d-4ade-92be-004a921408cc:c1560]
2019-08-06 03:26:18,646 INFO  client.GrpcClientProtocolClient (GrpcClientProtocolClient.java:onNext(255)) - client-9DC82E534C87->980d9c0c-33ac-4a22-b481-33b8b1eac469: receive RaftClientReply:client-9DC82E534C87->980d9c0c-33ac-4a22-b481-33b8b1eac469@group-23022C6A558E, cid=1133, SUCCESS, logIndex=0, commits[980d9c0c-33ac-4a22-b481-33b8b1eac469:c1563, e00ee311-0ce1-4115-b4c1-69648d9d3094:c1560, bb9367ec-656d-4ade-92be-004a921408cc:c1560]
2019-08-06 03:26:18,670 INFO  client.GrpcClientProtocolClient (GrpcClientProtocolClient.java:onNext(255)) - client-9DC82E534C87->980d9c0c-33ac-4a22-b481-33b8b1eac469: receive RaftClientReply:client-9DC82E534C87->980d9c0c-33ac-4a22-b481-33b8b1eac469@group-23022C6A558E, cid=1134, SUCCESS, logIndex=1567, commits[980d9c0c-33ac-4a22-b481-33b8b1eac469:c1568, e00ee311-0ce1-4115-b4c1-69648d9d3094:c1563, bb9367ec-656d-4ade-92be-004a921408cc:c1563]
2019-08-06 03:26:18,784 INFO  client.GrpcClientProtocolClient (GrpcClientProtocolClient.java:onNext(255)) - client-9DC82E534C87->980d9c0c-33ac-4a22-b481-33b8b1eac469: receive RaftClientReply:client-9DC82E534C87->980d9c0c-33ac-4a22-b481-33b8b1eac469@group-23022C6A558E, cid=1135, SUCCESS, logIndex=1568, commits[980d9c0c-33ac-4a22-b481-33b8b1eac469:c1568, e00ee311-0ce1-4115-b4c1-69648d9d3094:c1563, bb9367ec-656d-4ade-92be-004a921408cc:c1563]
2019-08-06 03:26:18,809 INFO  client.GrpcClientProtocolClient (GrpcClientProtocolClient.java:onNext(255)) - client-9DC82E534C87->980d9c0c-33ac-4a22-b481-33b8b1eac469: receive RaftClientReply:client-9DC82E534C87->980d9c0c-33ac-4a22-b481-33b8b1eac469@group-23022C6A558E, cid=1136, SUCCESS, logIndex=1571, commits[980d9c0c-33ac-4a22-b481-33b8b1eac469:c1572, e00ee311-0ce1-4115-b4c1-69648d9d3094:c1569, bb9367ec-656d-4ade-92be-004a921408cc:c1569]
2019-08-06 03:26:18,809 INFO  client.GrpcClientProtocolClient (GrpcClientProtocolClient.java:onNext(255)) - client-9DC82E534C87->980d9c0c-33ac-4a22-b481-33b8b1eac469: receive RaftClientReply:client-9DC82E534C87->980d9c0c-33ac-4a22-b481-33b8b1eac469@group-23022C6A558E, cid=1137, SUCCESS, logIndex=1572, commits[980d9c0c-33ac-4a22-b481-33b8b1eac469:c1572, e00ee311-0ce1-4115-b4c1-69648d9d3094:c1569, bb9367ec-656d-4ade-92be-004a921408cc:c1569]
2019-08-06 03:26:18,821 INFO  client.GrpcClientProtocolClient (GrpcClientProtocolClient.java:onNext(255)) - client-9DC82E534C87->980d9c0c-33ac-4a22-b481-33b8b1eac469: receive RaftClientReply:client-9DC82E534C87->980d9c0c-33ac-4a22-b481-33b8b1eac469@group-23022C6A558E, cid=1138, SUCCESS, logIndex=0, commits[980d9c0c-33ac-4a22-b481-33b8b1eac469:c1573, e00ee311-0ce1-4115-b4c1-69648d9d3094:c1572, bb9367ec-656d-4ade-92be-004a921408cc:c1572]
2019-08-06 03:26:18,847 INFO  client.GrpcClientProtocolClient (GrpcClientProtocolClient.java:onNext(255)) - client-9DC82E534C87->980d9c0c-33ac-4a22-b481-33b8b1eac469: receive RaftClientReply:client-9DC82E534C87->980d9c0c-33ac-4a22-b481-33b8b1eac469@group-23022C6A558E, cid=1139, SUCCESS, logIndex=1575, commits[980d9c0c-33ac-4a22-b481-33b8b1eac469:c1578, e00ee311-0ce1-4115-b4c1-69648d9d3094:c1574, bb9367ec-656d-4ade-92be-004a921408cc:c1574]
2019-08-06 03:26:18,849 INFO  client.GrpcClientProtocolClient (GrpcClientProtocolClient.java:onNext(255)) - client-9DC82E534C87->980d9c0c-33ac-4a22-b481-33b8b1eac469: receive RaftClientReply:client-9DC82E534C87->980d9c0c-33ac-4a22-b481-33b8b1eac469@group-23022C6A558E, cid=1140, SUCCESS, logIndex=1576, commits[980d9c0c-33ac-4a22-b481-33b8b1eac469:c1578, e00ee311-0ce1-4115-b4c1-69648d9d3094:c1574, bb9367ec-656d-4ade-92be-004a921408cc:c1574]
2019-08-06 03:26:18,849 INFO  client.GrpcClientProtocolClient (GrpcClientProtocolClient.java:onNext(255)) - client-9DC82E534C87->980d9c0c-33ac-4a22-b481-33b8b1eac469: receive RaftClientReply:client-9DC82E534C87->980d9c0c-33ac-4a22-b481-33b8b1eac469@group-23022C6A558E, cid=1141, SUCCESS, logIndex=1577, commits[980d9c0c-33ac-4a22-b481-33b8b1eac469:c1578, e00ee311-0ce1-4115-b4c1-69648d9d3094:c1574, bb9367ec-656d-4ade-92be-004a921408cc:c1574]
2019-08-06 03:26:18,850 INFO  client.GrpcClientProtocolClient (GrpcClientProtocolClient.java:onNext(255)) - client-9DC82E534C87->980d9c0c-33ac-4a22-b481-33b8b1eac469: receive RaftClientReply:client-9DC82E534C87->980d9c0c-33ac-4a22-b481-33b8b1eac469@group-23022C6A558E, cid=1142, SUCCESS, logIndex=1578, commits[980d9c0c-33ac-4a22-b481-33b8b1eac469:c1578, e00ee311-0ce1-4115-b4c1-69648d9d3094:c1574, bb9367ec-656d-4ade-92be-004a921408cc:c1574]
2019-08-06 03:26:18,852 INFO  client.GrpcClientProtocolClient (GrpcClientProtocolClient.java:onNext(255)) - client-9DC82E534C87->980d9c0c-33ac-4a22-b481-33b8b1eac469: receive RaftClientReply:client-9DC82E534C87->980d9c0c-33ac-4a22-b481-33b8b1eac469@group-23022C6A558E, cid=1143, SUCCESS, logIndex=0, commits[980d9c0c-33ac-4a22-b481-33b8b1eac469:c1579, e00ee311-0ce1-4115-b4c1-69648d9d3094:c1576, bb9367ec-656d-4ade-92be-004a921408cc:c1576]
2019-08-06 03:26:18,876 INFO  client.GrpcClientProtocolClient (GrpcClientProtocolClient.java:onNext(255)) - client-9DC82E534C87->980d9c0c-33ac-4a22-b481-33b8b1eac469: receive RaftClientReply:client-9DC82E534C87->980d9c0c-33ac-4a22-b481-33b8b1eac469@group-23022C6A558E, cid=1144, SUCCESS, logIndex=1583, commits[980d9c0c-33ac-4a22-b481-33b8b1eac469:c1584, e00ee311-0ce1-4115-b4c1-69648d9d3094:c1580, bb9367ec-656d-4ade-92be-004a921408cc:c1582]
2019-08-06 03:26:18,877 INFO  client.GrpcClientProtocolClient (GrpcClientProtocolClient.java:onNext(255)) - client-9DC82E534C87->980d9c0c-33ac-4a22-b481-33b8b1eac469: receive RaftClientReply:client-9DC82E534C87->980d9c0c-33ac-4a22-b481-33b8b1eac469@group-23022C6A558E, cid=1145, SUCCESS, logIndex=1584, commits[980d9c0c-33ac-4a22-b481-33b8b1eac469:c1584, e00ee311-0ce1-4115-b4c1-69648d9d3094:c1582, bb9367ec-656d-4ade-92be-004a921408cc:c1582]
2019-08-06 03:26:18,901 INFO  client.GrpcClientProtocolClient (GrpcClientProtocolClient.java:onNext(255)) - client-9DC82E534C87->980d9c0c-33ac-4a22-b481-33b8b1eac469: receive RaftClientReply:client-9DC82E534C87->980d9c0c-33ac-4a22-b481-33b8b1eac469@group-23022C6A558E, cid=1146, SUCCESS, logIndex=1587, commits[980d9c0c-33ac-4a22-b481-33b8b1eac469:c1588, e00ee311-0ce1-4115-b4c1-69648d9d3094:c1584, bb9367ec-656d-4ade-92be-004a921408cc:c1583]
2019-08-06 03:26:18,901 INFO  client.GrpcClientProtocolClient (GrpcClientProtocolClient.java:onNext(255)) - client-9DC82E534C87->980d9c0c-33ac-4a22-b481-33b8b1eac469: receive RaftClientReply:client-9DC82E534C87->980d9c0c-33ac-4a22-b481-33b8b1eac469@group-23022C6A558E, cid=1147, SUCCESS, logIndex=1588, commits[980d9c0c-33ac-4a22-b481-33b8b1eac469:c1588, e00ee311-0ce1-4115-b4c1-69648d9d3094:c1584, bb9367ec-656d-4ade-92be-004a921408cc:c1584]
2019-08-06 03:26:18,915 INFO  client.GrpcClientProtocolClient (GrpcClientProtocolClient.java:onNext(255)) - client-9DC82E534C87->980d9c0c-33ac-4a22-b481-33b8b1eac469: receive RaftClientReply:client-9DC82E534C87->980d9c0c-33ac-4a22-b481-33b8b1eac469@group-23022C6A558E, cid=1148, SUCCESS, logIndex=0, commits[980d9c0c-33ac-4a22-b481-33b8b1eac469:c1590, e00ee311-0ce1-4115-b4c1-69648d9d3094:c1588, bb9367ec-656d-4ade-92be-004a921408cc:c1588]
2019-08-06 03:26:18,939 INFO  client.GrpcClientProtocolClient (GrpcClientProtocolClient.java:onNext(255)) - client-9DC82E534C87->980d9c0c-33ac-4a22-b481-33b8b1eac469: receive RaftClientReply:client-9DC82E534C87->980d9c0c-33ac-4a22-b481-33b8b1eac469@group-23022C6A558E, cid=1149, SUCCESS, logIndex=1591, commits[980d9c0c-33ac-4a22-b481-33b8b1eac469:c1592, e00ee311-0ce1-4115-b4c1-69648d9d3094:c1590, bb9367ec-656d-4ade-92be-004a921408cc:c1590]
2019-08-06 03:26:18,940 INFO  client.GrpcClientProtocolClient (GrpcClientProtocolClient.java:onNext(255)) - client-9DC82E534C87->980d9c0c-33ac-4a22-b481-33b8b1eac469: receive RaftClientReply:client-9DC82E534C87->980d9c0c-33ac-4a22-b481-33b8b1eac469@group-23022C6A558E, cid=1150, SUCCESS, logIndex=1592, commits[980d9c0c-33ac-4a22-b481-33b8b1eac469:c1594, e00ee311-0ce1-4115-b4c1-69648d9d3094:c1590, bb9367ec-656d-4ade-92be-004a921408cc:c1590]
2019-08-06 03:26:18,940 INFO  client.GrpcClientProtocolClient (GrpcClientProtocolClient.java:onNext(255)) - client-9DC82E534C87->980d9c0c-33ac-4a22-b481-33b8b1eac469: receive RaftClientReply:client-9DC82E534C87->980d9c0c-33ac-4a22-b481-33b8b1eac469@group-23022C6A558E, cid=1151, SUCCESS, logIndex=1593, commits[980d9c0c-33ac-4a22-b481-33b8b1eac469:c1594, e00ee311-0ce1-4115-b4c1-69648d9d3094:c1590, bb9367ec-656d-4ade-92be-004a921408cc:c1590]
2019-08-06 03:26:18,941 INFO  client.GrpcClientProtocolClient (GrpcClientProtocolClient.java:onNext(255)) - client-9DC82E534C87->980d9c0c-33ac-4a22-b481-33b8b1eac469: receive RaftClientReply:client-9DC82E534C87->980d9c0c-33ac-4a22-b481-33b8b1eac469@group-23022C6A558E, cid=1152, SUCCESS, logIndex=1594, commits[980d9c0c-33ac-4a22-b481-33b8b1eac469:c1594, e00ee311-0ce1-4115-b4c1-69648d9d3094:c1590, bb9367ec-656d-4ade-92be-004a921408cc:c1590]
2019-08-06 03:26:18,953 INFO  client.GrpcClientProtocolClient (GrpcClientProtocolClient.java:onNext(255)) - client-9DC82E534C87->980d9c0c-33ac-4a22-b481-33b8b1eac469: receive RaftClientReply:client-9DC82E534C87->980d9c0c-33ac-4a22-b481-33b8b1eac469@group-23022C6A558E, cid=1153, SUCCESS, logIndex=0, commits[980d9c0c-33ac-4a22-b481-33b8b1eac469:c1596, e00ee311-0ce1-4115-b4c1-69648d9d3094:c1592, bb9367ec-656d-4ade-92be-004a921408cc:c1592]
2019-08-06 03:26:18,977 INFO  client.GrpcClientProtocolClient (GrpcClientProtocolClient.java:onNext(255)) - client-9DC82E534C87->980d9c0c-33ac-4a22-b481-33b8b1eac469: receive RaftClientReply:client-9DC82E534C87->980d9c0c-33ac-4a22-b481-33b8b1eac469@group-23022C6A558E, cid=1154, SUCCESS, logIndex=1599, commits[980d9c0c-33ac-4a22-b481-33b8b1eac469:c1600, e00ee311-0ce1-4115-b4c1-69648d9d3094:c1594, bb9367ec-656d-4ade-92be-004a921408cc:c1598]
2019-08-06 03:26:18,977 INFO  client.GrpcClientProtocolClient (GrpcClientProtocolClient.java:onNext(255)) - client-9DC82E534C87->980d9c0c-33ac-4a22-b481-33b8b1eac469: receive RaftClientReply:client-9DC82E534C87->980d9c0c-33ac-4a22-b481-33b8b1eac469@group-23022C6A558E, cid=1155, SUCCESS, logIndex=1600, commits[980d9c0c-33ac-4a22-b481-33b8b1eac469:c1600, e00ee311-0ce1-4115-b4c1-69648d9d3094:c1598, bb9367ec-656d-4ade-92be-004a921408cc:c1598]
2019-08-06 03:26:18,994 INFO  client.GrpcClientProtocolClient (GrpcClientProtocolClient.java:onNext(255)) - client-9DC82E534C87->980d9c0c-33ac-4a22-b481-33b8b1eac469: receive RaftClientReply:client-9DC82E534C87->980d9c0c-33ac-4a22-b481-33b8b1eac469@group-23022C6A558E, cid=1156, SUCCESS, logIndex=1603, commits[980d9c0c-33ac-4a22-b481-33b8b1eac469:c1604, e00ee311-0ce1-4115-b4c1-69648d9d3094:c1602, bb9367ec-656d-4ade-92be-004a921408cc:c1600]
2019-08-06 03:26:18,994 INFO  client.GrpcClientProtocolClient (GrpcClientProtocolClient.java:onNext(255)) - client-9DC82E534C87->980d9c0c-33ac-4a22-b481-33b8b1eac469: receive RaftClientReply:client-9DC82E534C87->980d9c0c-33ac-4a22-b481-33b8b1eac469@group-23022C6A558E, cid=1157, SUCCESS, logIndex=1604, commits[980d9c0c-33ac-4a22-b481-33b8b1eac469:c1604, e00ee311-0ce1-4115-b4c1-69648d9d3094:c1602, bb9367ec-656d-4ade-92be-004a921408cc:c1602]
2019-08-06 03:26:18,999 INFO  client.GrpcClientProtocolClient (GrpcClientProtocolClient.java:onNext(255)) - client-9DC82E534C87->980d9c0c-33ac-4a22-b481-33b8b1eac469: receive RaftClientReply:client-9DC82E534C87->980d9c0c-33ac-4a22-b481-33b8b1eac469@group-23022C6A558E, cid=1158, SUCCESS, logIndex=0, commits[980d9c0c-33ac-4a22-b481-33b8b1eac469:c1606, e00ee311-0ce1-4115-b4c1-69648d9d3094:c1604, bb9367ec-656d-4ade-92be-004a921408cc:c1604]
2019-08-06 03:26:19,019 INFO  client.GrpcClientProtocolClient (GrpcClientProtocolClient.java:onNext(255)) - client-9DC82E534C87->980d9c0c-33ac-4a22-b481-33b8b1eac469: receive RaftClientReply:client-9DC82E534C87->980d9c0c-33ac-4a22-b481-33b8b1eac469@group-23022C6A558E, cid=1159, SUCCESS, logIndex=1607, commits[980d9c0c-33ac-4a22-b481-33b8b1eac469:c1609, e00ee311-0ce1-4115-b4c1-69648d9d3094:c1606, bb9367ec-656d-4ade-92be-004a921408cc:c1606]
2019-08-06 03:26:19,020 INFO  client.GrpcClientProtocolClient (GrpcClientProtocolClient.java:onNext(255)) - client-9DC82E534C87->980d9c0c-33ac-4a22-b481-33b8b1eac469: receive RaftClientReply:client-9DC82E534C87->980d9c0c-33ac-4a22-b481-33b8b1eac469@group-23022C6A558E, cid=1160, SUCCESS, logIndex=1608, commits[980d9c0c-33ac-4a22-b481-33b8b1eac469:c1610, e00ee311-0ce1-4115-b4c1-69648d9d3094:c1606, bb9367ec-656d-4ade-92be-004a921408cc:c1606]
2019-08-06 03:26:19,020 INFO  client.GrpcClientProtocolClient (GrpcClientProtocolClient.java:onNext(255)) - client-9DC82E534C87->980d9c0c-33ac-4a22-b481-33b8b1eac469: receive RaftClientReply:client-9DC82E534C87->980d9c0c-33ac-4a22-b481-33b8b1eac469@group-23022C6A558E, cid=1161, SUCCESS, logIndex=1609, commits[980d9c0c-33ac-4a22-b481-33b8b1eac469:c1610, e00ee311-0ce1-4115-b4c1-69648d9d3094:c1606, bb9367ec-656d-4ade-92be-004a921408cc:c1606]
2019-08-06 03:26:19,020 INFO  client.GrpcClientProtocolClient (GrpcClientProtocolClient.java:onNext(255)) - client-9DC82E534C87->980d9c0c-33ac-4a22-b481-33b8b1eac469: receive RaftClientReply:client-9DC82E534C87->980d9c0c-33ac-4a22-b481-33b8b1eac469@group-23022C6A558E, cid=1162, SUCCESS, logIndex=1610, commits[980d9c0c-33ac-4a22-b481-33b8b1eac469:c1610, e00ee311-0ce1-4115-b4c1-69648d9d3094:c1606, bb9367ec-656d-4ade-92be-004a921408cc:c1606]
2019-08-06 03:26:19,025 INFO  client.GrpcClientProtocolClient (GrpcClientProtocolClient.java:onNext(255)) - client-9DC82E534C87->980d9c0c-33ac-4a22-b481-33b8b1eac469: receive RaftClientReply:client-9DC82E534C87->980d9c0c-33ac-4a22-b481-33b8b1eac469@group-23022C6A558E, cid=1163, SUCCESS, logIndex=0, commits[980d9c0c-33ac-4a22-b481-33b8b1eac469:c1613, e00ee311-0ce1-4115-b4c1-69648d9d3094:c1608, bb9367ec-656d-4ade-92be-004a921408cc:c1609]
2019-08-06 03:26:19,039 INFO  client.GrpcClientProtocolClient (GrpcClientProtocolClient.java:onNext(255)) - client-9DC82E534C87->980d9c0c-33ac-4a22-b481-33b8b1eac469: receive RaftClientReply:client-9DC82E534C87->980d9c0c-33ac-4a22-b481-33b8b1eac469@group-23022C6A558E, cid=1164, SUCCESS, logIndex=1615, commits[980d9c0c-33ac-4a22-b481-33b8b1eac469:c1616, e00ee311-0ce1-4115-b4c1-69648d9d3094:c1610, bb9367ec-656d-4ade-92be-004a921408cc:c1614]
2019-08-06 03:26:19,040 INFO  client.GrpcClientProtocolClient (GrpcClientProtocolClient.java:onNext(255)) - client-9DC82E534C87->980d9c0c-33ac-4a22-b481-33b8b1eac469: receive RaftClientReply:client-9DC82E534C87->980d9c0c-33ac-4a22-b481-33b8b1eac469@group-23022C6A558E, cid=1165, SUCCESS, logIndex=1616, commits[980d9c0c-33ac-4a22-b481-33b8b1eac469:c1616, e00ee311-0ce1-4115-b4c1-69648d9d3094:c1614, bb9367ec-656d-4ade-92be-004a921408cc:c1614]
2019-08-06 03:26:19,070 INFO  client.GrpcClientProtocolClient (GrpcClientProtocolClient.java:onNext(255)) - client-9DC82E534C87->980d9c0c-33ac-4a22-b481-33b8b1eac469: receive RaftClientReply:client-9DC82E534C87->980d9c0c-33ac-4a22-b481-33b8b1eac469@group-23022C6A558E, cid=1166, SUCCESS, logIndex=1619, commits[980d9c0c-33ac-4a22-b481-33b8b1eac469:c1620, e00ee311-0ce1-4115-b4c1-69648d9d3094:c1618, bb9367ec-656d-4ade-92be-004a921408cc:c1618]
2019-08-06 03:26:19,071 INFO  client.GrpcClientProtocolClient (GrpcClientProtocolClient.java:onNext(255)) - client-9DC82E534C87->980d9c0c-33ac-4a22-b481-33b8b1eac469: receive RaftClientReply:client-9DC82E534C87->980d9c0c-33ac-4a22-b481-33b8b1eac469@group-23022C6A558E, cid=1167, SUCCESS, logIndex=1620, commits[980d9c0c-33ac-4a22-b481-33b8b1eac469:c1620, e00ee311-0ce1-4115-b4c1-69648d9d3094:c1618, bb9367ec-656d-4ade-92be-004a921408cc:c1618]
2019-08-06 03:26:19,082 INFO  client.GrpcClientProtocolClient (GrpcClientProtocolClient.java:onNext(255)) - client-9DC82E534C87->980d9c0c-33ac-4a22-b481-33b8b1eac469: receive RaftClientReply:client-9DC82E534C87->980d9c0c-33ac-4a22-b481-33b8b1eac469@group-23022C6A558E, cid=1168, SUCCESS, logIndex=0, commits[980d9c0c-33ac-4a22-b481-33b8b1eac469:c1621, e00ee311-0ce1-4115-b4c1-69648d9d3094:c1620, bb9367ec-656d-4ade-92be-004a921408cc:c1620]
2019-08-06 03:26:19,099 INFO  client.GrpcClientProtocolClient (GrpcClientProtocolClient.java:onNext(255)) - client-9DC82E534C87->980d9c0c-33ac-4a22-b481-33b8b1eac469: receive RaftClientReply:client-9DC82E534C87->980d9c0c-33ac-4a22-b481-33b8b1eac469@group-23022C6A558E, cid=1169, SUCCESS, logIndex=1623, commits[980d9c0c-33ac-4a22-b481-33b8b1eac469:c1624, e00ee311-0ce1-4115-b4c1-69648d9d3094:c1622, bb9367ec-656d-4ade-92be-004a921408cc:c1622]
2019-08-06 03:26:19,100 INFO  client.GrpcClientProtocolClient (GrpcClientProtocolClient.java:onNext(255)) - client-9DC82E534C87->980d9c0c-33ac-4a22-b481-33b8b1eac469: receive RaftClientReply:client-9DC82E534C87->980d9c0c-33ac-4a22-b481-33b8b1eac469@group-23022C6A558E, cid=1170, SUCCESS, logIndex=1624, commits[980d9c0c-33ac-4a22-b481-33b8b1eac469:c1625, e00ee311-0ce1-4115-b4c1-69648d9d3094:c1622, bb9367ec-656d-4ade-92be-004a921408cc:c1622]
2019-08-06 03:26:19,101 INFO  client.GrpcClientProtocolClient (GrpcClientProtocolClient.java:onNext(255)) - client-9DC82E534C87->980d9c0c-33ac-4a22-b481-33b8b1eac469: receive RaftClientReply:client-9DC82E534C87->980d9c0c-33ac-4a22-b481-33b8b1eac469@group-23022C6A558E, cid=1171, SUCCESS, logIndex=1625, commits[980d9c0c-33ac-4a22-b481-33b8b1eac469:c1625, e00ee311-0ce1-4115-b4c1-69648d9d3094:c1622, bb9367ec-656d-4ade-92be-004a921408cc:c1622]
2019-08-06 03:26:19,101 INFO  client.GrpcClientProtocolClient (GrpcClientProtocolClient.java:onNext(255)) - client-9DC82E534C87->980d9c0c-33ac-4a22-b481-33b8b1eac469: receive RaftClientReply:client-9DC82E534C87->980d9c0c-33ac-4a22-b481-33b8b1eac469@group-23022C6A558E, cid=1172, SUCCESS, logIndex=1626, commits[980d9c0c-33ac-4a22-b481-33b8b1eac469:c1626, e00ee311-0ce1-4115-b4c1-69648d9d3094:c1622, bb9367ec-656d-4ade-92be-004a921408cc:c1622]
2019-08-06 03:26:19,103 INFO  client.GrpcClientProtocolClient (GrpcClientProtocolClient.java:onNext(255)) - client-9DC82E534C87->980d9c0c-33ac-4a22-b481-33b8b1eac469: receive RaftClientReply:client-9DC82E534C87->980d9c0c-33ac-4a22-b481-33b8b1eac469@group-23022C6A558E, cid=1173, SUCCESS, logIndex=0, commits[980d9c0c-33ac-4a22-b481-33b8b1eac469:c1630, e00ee311-0ce1-4115-b4c1-69648d9d3094:c1624, bb9367ec-656d-4ade-92be-004a921408cc:c1626]
2019-08-06 03:26:19,123 INFO  client.GrpcClientProtocolClient (GrpcClientProtocolClient.java:onNext(255)) - client-9DC82E534C87->980d9c0c-33ac-4a22-b481-33b8b1eac469: receive RaftClientReply:client-9DC82E534C87->980d9c0c-33ac-4a22-b481-33b8b1eac469@group-23022C6A558E, cid=1174, SUCCESS, logIndex=1631, commits[980d9c0c-33ac-4a22-b481-33b8b1eac469:c1632, e00ee311-0ce1-4115-b4c1-69648d9d3094:c1630, bb9367ec-656d-4ade-92be-004a921408cc:c1630]
2019-08-06 03:26:19,123 INFO  client.GrpcClientProtocolClient (GrpcClientProtocolClient.java:onNext(255)) - client-9DC82E534C87->980d9c0c-33ac-4a22-b481-33b8b1eac469: receive RaftClientReply:client-9DC82E534C87->980d9c0c-33ac-4a22-b481-33b8b1eac469@group-23022C6A558E, cid=1175, SUCCESS, logIndex=1632, commits[980d9c0c-33ac-4a22-b481-33b8b1eac469:c1632, e00ee311-0ce1-4115-b4c1-69648d9d3094:c1630, bb9367ec-656d-4ade-92be-004a921408cc:c1630]
 0.00% |█                                                                                                    |  0/1 Time: 0:00:062019-08-06 03:26:19,138 INFO  client.GrpcClientProtocolClient (GrpcClientProtocolClient.java:onNext(255)) - client-9DC82E534C87->980d9c0c-33ac-4a22-b481-33b8b1eac469: receive RaftClientReply:client-9DC82E534C87->980d9c0c-33ac-4a22-b481-33b8b1eac469@group-23022C6A558E, cid=1176, SUCCESS, logIndex=1635, commits[980d9c0c-33ac-4a22-b481-33b8b1eac469:c1636, e00ee311-0ce1-4115-b4c1-69648d9d3094:c1632, bb9367ec-656d-4ade-92be-004a921408cc:c1632]
2019-08-06 03:26:19,139 INFO  client.GrpcClientProtocolClient (GrpcClientProtocolClient.java:onNext(255)) - client-9DC82E534C87->980d9c0c-33ac-4a22-b481-33b8b1eac469: receive RaftClientReply:client-9DC82E534C87->980d9c0c-33ac-4a22-b481-33b8b1eac469@group-23022C6A558E, cid=1177, SUCCESS, logIndex=1636, commits[980d9c0c-33ac-4a22-b481-33b8b1eac469:c1636, e00ee311-0ce1-4115-b4c1-69648d9d3094:c1632, bb9367ec-656d-4ade-92be-004a921408cc:c1632]
2019-08-06 03:26:19,153 INFO  client.GrpcClientProtocolClient (GrpcClientProtocolClient.java:onNext(255)) - client-9DC82E534C87->980d9c0c-33ac-4a22-b481-33b8b1eac469: receive RaftClientReply:client-9DC82E534C87->980d9c0c-33ac-4a22-b481-33b8b1eac469@group-23022C6A558E, cid=1178, SUCCESS, logIndex=0, commits[980d9c0c-33ac-4a22-b481-33b8b1eac469:c1638, e00ee311-0ce1-4115-b4c1-69648d9d3094:c1636, bb9367ec-656d-4ade-92be-004a921408cc:c1636]
2019-08-06 03:26:19,174 INFO  client.GrpcClientProtocolClient (GrpcClientProtocolClient.java:onNext(255)) - client-9DC82E534C87->980d9c0c-33ac-4a22-b481-33b8b1eac469: receive RaftClientReply:client-9DC82E534C87->980d9c0c-33ac-4a22-b481-33b8b1eac469@group-23022C6A558E, cid=1179, SUCCESS, logIndex=1639, commits[980d9c0c-33ac-4a22-b481-33b8b1eac469:c1640, e00ee311-0ce1-4115-b4c1-69648d9d3094:c1638, bb9367ec-656d-4ade-92be-004a921408cc:c1638]
2019-08-06 03:26:19,174 INFO  client.GrpcClientProtocolClient (GrpcClientProtocolClient.java:onNext(255)) - client-9DC82E534C87->980d9c0c-33ac-4a22-b481-33b8b1eac469: receive RaftClientReply:client-9DC82E534C87->980d9c0c-33ac-4a22-b481-33b8b1eac469@group-23022C6A558E, cid=1180, SUCCESS, logIndex=1640, commits[980d9c0c-33ac-4a22-b481-33b8b1eac469:c1640, e00ee311-0ce1-4115-b4c1-69648d9d3094:c1638, bb9367ec-656d-4ade-92be-004a921408cc:c1638]
2019-08-06 03:26:19,177 INFO  client.GrpcClientProtocolClient (GrpcClientProtocolClient.java:onNext(255)) - client-9DC82E534C87->980d9c0c-33ac-4a22-b481-33b8b1eac469: receive RaftClientReply:client-9DC82E534C87->980d9c0c-33ac-4a22-b481-33b8b1eac469@group-23022C6A558E, cid=1181, SUCCESS, logIndex=1641, commits[980d9c0c-33ac-4a22-b481-33b8b1eac469:c1641, e00ee311-0ce1-4115-b4c1-69648d9d3094:c1638, bb9367ec-656d-4ade-92be-004a921408cc:c1638]
2019-08-06 03:26:19,177 INFO  client.GrpcClientProtocolClient (GrpcClientProtocolClient.java:onNext(255)) - client-9DC82E534C87->980d9c0c-33ac-4a22-b481-33b8b1eac469: receive RaftClientReply:client-9DC82E534C87->980d9c0c-33ac-4a22-b481-33b8b1eac469@group-23022C6A558E, cid=1182, SUCCESS, logIndex=1642, commits[980d9c0c-33ac-4a22-b481-33b8b1eac469:c1642, e00ee311-0ce1-4115-b4c1-69648d9d3094:c1638, bb9367ec-656d-4ade-92be-004a921408cc:c1638]
2019-08-06 03:26:19,188 INFO  client.GrpcClientProtocolClient (GrpcClientProtocolClient.java:onNext(255)) - client-9DC82E534C87->980d9c0c-33ac-4a22-b481-33b8b1eac469: receive RaftClientReply:client-9DC82E534C87->980d9c0c-33ac-4a22-b481-33b8b1eac469@group-23022C6A558E, cid=1183, SUCCESS, logIndex=0, commits[980d9c0c-33ac-4a22-b481-33b8b1eac469:c1644, e00ee311-0ce1-4115-b4c1-69648d9d3094:c1640, bb9367ec-656d-4ade-92be-004a921408cc:c1640]
2019-08-06 03:26:19,211 INFO  client.GrpcClientProtocolClient (GrpcClientProtocolClient.java:onNext(255)) - client-9DC82E534C87->980d9c0c-33ac-4a22-b481-33b8b1eac469: receive RaftClientReply:client-9DC82E534C87->980d9c0c-33ac-4a22-b481-33b8b1eac469@group-23022C6A558E, cid=1184, SUCCESS, logIndex=1647, commits[980d9c0c-33ac-4a22-b481-33b8b1eac469:c1648, e00ee311-0ce1-4115-b4c1-69648d9d3094:c1646, bb9367ec-656d-4ade-92be-004a921408cc:c1646]
2019-08-06 03:26:19,212 INFO  client.GrpcClientProtocolClient (GrpcClientProtocolClient.java:onNext(255)) - client-9DC82E534C87->980d9c0c-33ac-4a22-b481-33b8b1eac469: receive RaftClientReply:client-9DC82E534C87->980d9c0c-33ac-4a22-b481-33b8b1eac469@group-23022C6A558E, cid=1185, SUCCESS, logIndex=1648, commits[980d9c0c-33ac-4a22-b481-33b8b1eac469:c1648, e00ee311-0ce1-4115-b4c1-69648d9d3094:c1646, bb9367ec-656d-4ade-92be-004a921408cc:c1646]
2019-08-06 03:26:19,224 INFO  client.GrpcClientProtocolClient (GrpcClientProtocolClient.java:onNext(255)) - client-9DC82E534C87->980d9c0c-33ac-4a22-b481-33b8b1eac469: receive RaftClientReply:client-9DC82E534C87->980d9c0c-33ac-4a22-b481-33b8b1eac469@group-23022C6A558E, cid=1186, SUCCESS, logIndex=1651, commits[980d9c0c-33ac-4a22-b481-33b8b1eac469:c1652, e00ee311-0ce1-4115-b4c1-69648d9d3094:c1648, bb9367ec-656d-4ade-92be-004a921408cc:c1647]
2019-08-06 03:26:19,225 INFO  client.GrpcClientProtocolClient (GrpcClientProtocolClient.java:onNext(255)) - client-9DC82E534C87->980d9c0c-33ac-4a22-b481-33b8b1eac469: receive RaftClientReply:client-9DC82E534C87->980d9c0c-33ac-4a22-b481-33b8b1eac469@group-23022C6A558E, cid=1187, SUCCESS, logIndex=1652, commits[980d9c0c-33ac-4a22-b481-33b8b1eac469:c1652, e00ee311-0ce1-4115-b4c1-69648d9d3094:c1648, bb9367ec-656d-4ade-92be-004a921408cc:c1648]
2019-08-06 03:26:19,227 INFO  client.GrpcClientProtocolClient (GrpcClientProtocolClient.java:onNext(255)) - client-9DC82E534C87->980d9c0c-33ac-4a22-b481-33b8b1eac469: receive RaftClientReply:client-9DC82E534C87->980d9c0c-33ac-4a22-b481-33b8b1eac469@group-23022C6A558E, cid=1188, SUCCESS, logIndex=0, commits[980d9c0c-33ac-4a22-b481-33b8b1eac469:c1654, e00ee311-0ce1-4115-b4c1-69648d9d3094:c1652, bb9367ec-656d-4ade-92be-004a921408cc:c1652]
2019-08-06 03:26:19,248 INFO  client.GrpcClientProtocolClient (GrpcClientProtocolClient.java:onNext(255)) - client-9DC82E534C87->980d9c0c-33ac-4a22-b481-33b8b1eac469: receive RaftClientReply:client-9DC82E534C87->980d9c0c-33ac-4a22-b481-33b8b1eac469@group-23022C6A558E, cid=1189, SUCCESS, logIndex=1655, commits[980d9c0c-33ac-4a22-b481-33b8b1eac469:c1656, e00ee311-0ce1-4115-b4c1-69648d9d3094:c1654, bb9367ec-656d-4ade-92be-004a921408cc:c1654]
2019-08-06 03:26:19,248 INFO  client.GrpcClientProtocolClient (GrpcClientProtocolClient.java:onNext(255)) - client-9DC82E534C87->980d9c0c-33ac-4a22-b481-33b8b1eac469: receive RaftClientReply:client-9DC82E534C87->980d9c0c-33ac-4a22-b481-33b8b1eac469@group-23022C6A558E, cid=1190, SUCCESS, logIndex=1656, commits[980d9c0c-33ac-4a22-b481-33b8b1eac469:c1657, e00ee311-0ce1-4115-b4c1-69648d9d3094:c1654, bb9367ec-656d-4ade-92be-004a921408cc:c1654]
2019-08-06 03:26:19,249 INFO  client.GrpcClientProtocolClient (GrpcClientProtocolClient.java:onNext(255)) - client-9DC82E534C87->980d9c0c-33ac-4a22-b481-33b8b1eac469: receive RaftClientReply:client-9DC82E534C87->980d9c0c-33ac-4a22-b481-33b8b1eac469@group-23022C6A558E, cid=1191, SUCCESS, logIndex=1657, commits[980d9c0c-33ac-4a22-b481-33b8b1eac469:c1658, e00ee311-0ce1-4115-b4c1-69648d9d3094:c1654, bb9367ec-656d-4ade-92be-004a921408cc:c1654]
2019-08-06 03:26:19,249 INFO  client.GrpcClientProtocolClient (GrpcClientProtocolClient.java:onNext(255)) - client-9DC82E534C87->980d9c0c-33ac-4a22-b481-33b8b1eac469: receive RaftClientReply:client-9DC82E534C87->980d9c0c-33ac-4a22-b481-33b8b1eac469@group-23022C6A558E, cid=1192, SUCCESS, logIndex=1658, commits[980d9c0c-33ac-4a22-b481-33b8b1eac469:c1658, e00ee311-0ce1-4115-b4c1-69648d9d3094:c1654, bb9367ec-656d-4ade-92be-004a921408cc:c1654]
2019-08-06 03:26:19,262 INFO  client.GrpcClientProtocolClient (GrpcClientProtocolClient.java:onNext(255)) - client-9DC82E534C87->980d9c0c-33ac-4a22-b481-33b8b1eac469: receive RaftClientReply:client-9DC82E534C87->980d9c0c-33ac-4a22-b481-33b8b1eac469@group-23022C6A558E, cid=1193, SUCCESS, logIndex=0, commits[980d9c0c-33ac-4a22-b481-33b8b1eac469:c1660, e00ee311-0ce1-4115-b4c1-69648d9d3094:c1656, bb9367ec-656d-4ade-92be-004a921408cc:c1656]
2019-08-06 03:26:19,283 INFO  client.GrpcClientProtocolClient (GrpcClientProtocolClient.java:onNext(255)) - client-9DC82E534C87->980d9c0c-33ac-4a22-b481-33b8b1eac469: receive RaftClientReply:client-9DC82E534C87->980d9c0c-33ac-4a22-b481-33b8b1eac469@group-23022C6A558E, cid=1194, SUCCESS, logIndex=1663, commits[980d9c0c-33ac-4a22-b481-33b8b1eac469:c1664, e00ee311-0ce1-4115-b4c1-69648d9d3094:c1662, bb9367ec-656d-4ade-92be-004a921408cc:c1662]
2019-08-06 03:26:19,284 INFO  client.GrpcClientProtocolClient (GrpcClientProtocolClient.java:onNext(255)) - client-9DC82E534C87->980d9c0c-33ac-4a22-b481-33b8b1eac469: receive RaftClientReply:client-9DC82E534C87->980d9c0c-33ac-4a22-b481-33b8b1eac469@group-23022C6A558E, cid=1195, SUCCESS, logIndex=1664, commits[980d9c0c-33ac-4a22-b481-33b8b1eac469:c1664, e00ee311-0ce1-4115-b4c1-69648d9d3094:c1662, bb9367ec-656d-4ade-92be-004a921408cc:c1662]
2019-08-06 03:26:19,307 INFO  client.GrpcClientProtocolClient (GrpcClientProtocolClient.java:onNext(255)) - client-9DC82E534C87->980d9c0c-33ac-4a22-b481-33b8b1eac469: receive RaftClientReply:client-9DC82E534C87->980d9c0c-33ac-4a22-b481-33b8b1eac469@group-23022C6A558E, cid=1196, SUCCESS, logIndex=1667, commits[980d9c0c-33ac-4a22-b481-33b8b1eac469:c1668, e00ee311-0ce1-4115-b4c1-69648d9d3094:c1664, bb9367ec-656d-4ade-92be-004a921408cc:c1664]
2019-08-06 03:26:19,307 INFO  client.GrpcClientProtocolClient (GrpcClientProtocolClient.java:onNext(255)) - client-9DC82E534C87->980d9c0c-33ac-4a22-b481-33b8b1eac469: receive RaftClientReply:client-9DC82E534C87->980d9c0c-33ac-4a22-b481-33b8b1eac469@group-23022C6A558E, cid=1197, SUCCESS, logIndex=1668, commits[980d9c0c-33ac-4a22-b481-33b8b1eac469:c1668, e00ee311-0ce1-4115-b4c1-69648d9d3094:c1664, bb9367ec-656d-4ade-92be-004a921408cc:c1664]
2019-08-06 03:26:19,321 INFO  client.GrpcClientProtocolClient (GrpcClientProtocolClient.java:onNext(255)) - client-9DC82E534C87->980d9c0c-33ac-4a22-b481-33b8b1eac469: receive RaftClientReply:client-9DC82E534C87->980d9c0c-33ac-4a22-b481-33b8b1eac469@group-23022C6A558E, cid=1198, SUCCESS, logIndex=0, commits[980d9c0c-33ac-4a22-b481-33b8b1eac469:c1670, e00ee311-0ce1-4115-b4c1-69648d9d3094:c1668, bb9367ec-656d-4ade-92be-004a921408cc:c1668]
2019-08-06 03:26:19,347 INFO  client.GrpcClientProtocolClient (GrpcClientProtocolClient.java:onNext(255)) - client-9DC82E534C87->980d9c0c-33ac-4a22-b481-33b8b1eac469: receive RaftClientReply:client-9DC82E534C87->980d9c0c-33ac-4a22-b481-33b8b1eac469@group-23022C6A558E, cid=1199, SUCCESS, logIndex=1671, commits[980d9c0c-33ac-4a22-b481-33b8b1eac469:c1672, e00ee311-0ce1-4115-b4c1-69648d9d3094:c1670, bb9367ec-656d-4ade-92be-004a921408cc:c1668]
2019-08-06 03:26:19,347 INFO  client.GrpcClientProtocolClient (GrpcClientProtocolClient.java:onNext(255)) - client-9DC82E534C87->980d9c0c-33ac-4a22-b481-33b8b1eac469: receive RaftClientReply:client-9DC82E534C87->980d9c0c-33ac-4a22-b481-33b8b1eac469@group-23022C6A558E, cid=1200, SUCCESS, logIndex=1672, commits[980d9c0c-33ac-4a22-b481-33b8b1eac469:c1674, e00ee311-0ce1-4115-b4c1-69648d9d3094:c1670, bb9367ec-656d-4ade-92be-004a921408cc:c1670]
2019-08-06 03:26:19,347 INFO  client.GrpcClientProtocolClient (GrpcClientProtocolClient.java:onNext(255)) - client-9DC82E534C87->980d9c0c-33ac-4a22-b481-33b8b1eac469: receive RaftClientReply:client-9DC82E534C87->980d9c0c-33ac-4a22-b481-33b8b1eac469@group-23022C6A558E, cid=1201, SUCCESS, logIndex=1673, commits[980d9c0c-33ac-4a22-b481-33b8b1eac469:c1674, e00ee311-0ce1-4115-b4c1-69648d9d3094:c1670, bb9367ec-656d-4ade-92be-004a921408cc:c1670]
2019-08-06 03:26:19,348 INFO  client.GrpcClientProtocolClient (GrpcClientProtocolClient.java:onNext(255)) - client-9DC82E534C87->980d9c0c-33ac-4a22-b481-33b8b1eac469: receive RaftClientReply:client-9DC82E534C87->980d9c0c-33ac-4a22-b481-33b8b1eac469@group-23022C6A558E, cid=1202, SUCCESS, logIndex=1674, commits[980d9c0c-33ac-4a22-b481-33b8b1eac469:c1674, e00ee311-0ce1-4115-b4c1-69648d9d3094:c1670, bb9367ec-656d-4ade-92be-004a921408cc:c1670]
2019-08-06 03:26:19,361 INFO  client.GrpcClientProtocolClient (GrpcClientProtocolClient.java:onNext(255)) - client-9DC82E534C87->980d9c0c-33ac-4a22-b481-33b8b1eac469: receive RaftClientReply:client-9DC82E534C87->980d9c0c-33ac-4a22-b481-33b8b1eac469@group-23022C6A558E, cid=1203, SUCCESS, logIndex=0, commits[980d9c0c-33ac-4a22-b481-33b8b1eac469:c1676, e00ee311-0ce1-4115-b4c1-69648d9d3094:c1672, bb9367ec-656d-4ade-92be-004a921408cc:c1672]
2019-08-06 03:26:19,381 INFO  client.GrpcClientProtocolClient (GrpcClientProtocolClient.java:onNext(255)) - client-9DC82E534C87->980d9c0c-33ac-4a22-b481-33b8b1eac469: receive RaftClientReply:client-9DC82E534C87->980d9c0c-33ac-4a22-b481-33b8b1eac469@group-23022C6A558E, cid=1204, SUCCESS, logIndex=1678, commits[980d9c0c-33ac-4a22-b481-33b8b1eac469:c1679, e00ee311-0ce1-4115-b4c1-69648d9d3094:c1677, bb9367ec-656d-4ade-92be-004a921408cc:c1677]
2019-08-06 03:26:19,382 INFO  client.GrpcClientProtocolClient (GrpcClientProtocolClient.java:onNext(255)) - client-9DC82E534C87->980d9c0c-33ac-4a22-b481-33b8b1eac469: receive RaftClientReply:client-9DC82E534C87->980d9c0c-33ac-4a22-b481-33b8b1eac469@group-23022C6A558E, cid=1205, SUCCESS, logIndex=1679, commits[980d9c0c-33ac-4a22-b481-33b8b1eac469:c1679, e00ee311-0ce1-4115-b4c1-69648d9d3094:c1677, bb9367ec-656d-4ade-92be-004a921408cc:c1677]
2019-08-06 03:26:19,500 INFO  client.GrpcClientProtocolClient (GrpcClientProtocolClient.java:onNext(255)) - client-9DC82E534C87->980d9c0c-33ac-4a22-b481-33b8b1eac469: receive RaftClientReply:client-9DC82E534C87->980d9c0c-33ac-4a22-b481-33b8b1eac469@group-23022C6A558E, cid=1206, SUCCESS, logIndex=1682, commits[980d9c0c-33ac-4a22-b481-33b8b1eac469:c1683, e00ee311-0ce1-4115-b4c1-69648d9d3094:c1679, bb9367ec-656d-4ade-92be-004a921408cc:c1679]
2019-08-06 03:26:19,501 INFO  client.GrpcClientProtocolClient (GrpcClientProtocolClient.java:onNext(255)) - client-9DC82E534C87->980d9c0c-33ac-4a22-b481-33b8b1eac469: receive RaftClientReply:client-9DC82E534C87->980d9c0c-33ac-4a22-b481-33b8b1eac469@group-23022C6A558E, cid=1207, SUCCESS, logIndex=1683, commits[980d9c0c-33ac-4a22-b481-33b8b1eac469:c1683, e00ee311-0ce1-4115-b4c1-69648d9d3094:c1679, bb9367ec-656d-4ade-92be-004a921408cc:c1679]
2019-08-06 03:26:19,503 INFO  client.GrpcClientProtocolClient (GrpcClientProtocolClient.java:onNext(255)) - client-9DC82E534C87->980d9c0c-33ac-4a22-b481-33b8b1eac469: receive RaftClientReply:client-9DC82E534C87->980d9c0c-33ac-4a22-b481-33b8b1eac469@group-23022C6A558E, cid=1208, SUCCESS, logIndex=0, commits[980d9c0c-33ac-4a22-b481-33b8b1eac469:c1684, e00ee311-0ce1-4115-b4c1-69648d9d3094:c1683, bb9367ec-656d-4ade-92be-004a921408cc:c1683]
2019-08-06 03:26:19,525 INFO  client.GrpcClientProtocolClient (GrpcClientProtocolClient.java:onNext(255)) - client-9DC82E534C87->980d9c0c-33ac-4a22-b481-33b8b1eac469: receive RaftClientReply:client-9DC82E534C87->980d9c0c-33ac-4a22-b481-33b8b1eac469@group-23022C6A558E, cid=1209, SUCCESS, logIndex=1686, commits[980d9c0c-33ac-4a22-b481-33b8b1eac469:c1687, e00ee311-0ce1-4115-b4c1-69648d9d3094:c1684, bb9367ec-656d-4ade-92be-004a921408cc:c1684]
2019-08-06 03:26:19,525 INFO  client.GrpcClientProtocolClient (GrpcClientProtocolClient.java:onNext(255)) - client-9DC82E534C87->980d9c0c-33ac-4a22-b481-33b8b1eac469: receive RaftClientReply:client-9DC82E534C87->980d9c0c-33ac-4a22-b481-33b8b1eac469@group-23022C6A558E, cid=1210, SUCCESS, logIndex=1687, commits[980d9c0c-33ac-4a22-b481-33b8b1eac469:c1689, e00ee311-0ce1-4115-b4c1-69648d9d3094:c1685, bb9367ec-656d-4ade-92be-004a921408cc:c1685]
2019-08-06 03:26:19,526 INFO  client.GrpcClientProtocolClient (GrpcClientProtocolClient.java:onNext(255)) - client-9DC82E534C87->980d9c0c-33ac-4a22-b481-33b8b1eac469: receive RaftClientReply:client-9DC82E534C87->980d9c0c-33ac-4a22-b481-33b8b1eac469@group-23022C6A558E, cid=1211, SUCCESS, logIndex=1688, commits[980d9c0c-33ac-4a22-b481-33b8b1eac469:c1689, e00ee311-0ce1-4115-b4c1-69648d9d3094:c1685, bb9367ec-656d-4ade-92be-004a921408cc:c1685]
2019-08-06 03:26:19,526 INFO  client.GrpcClientProtocolClient (GrpcClientProtocolClient.java:onNext(255)) - client-9DC82E534C87->980d9c0c-33ac-4a22-b481-33b8b1eac469: receive RaftClientReply:client-9DC82E534C87->980d9c0c-33ac-4a22-b481-33b8b1eac469@group-23022C6A558E, cid=1212, SUCCESS, logIndex=1689, commits[980d9c0c-33ac-4a22-b481-33b8b1eac469:c1689, e00ee311-0ce1-4115-b4c1-69648d9d3094:c1685, bb9367ec-656d-4ade-92be-004a921408cc:c1685]
2019-08-06 03:26:19,540 INFO  client.GrpcClientProtocolClient (GrpcClientProtocolClient.java:onNext(255)) - client-9DC82E534C87->980d9c0c-33ac-4a22-b481-33b8b1eac469: receive RaftClientReply:client-9DC82E534C87->980d9c0c-33ac-4a22-b481-33b8b1eac469@group-23022C6A558E, cid=1213, SUCCESS, logIndex=0, commits[980d9c0c-33ac-4a22-b481-33b8b1eac469:c1691, e00ee311-0ce1-4115-b4c1-69648d9d3094:c1687, bb9367ec-656d-4ade-92be-004a921408cc:c1687]
2019-08-06 03:26:19,561 INFO  client.GrpcClientProtocolClient (GrpcClientProtocolClient.java:onNext(255)) - client-9DC82E534C87->980d9c0c-33ac-4a22-b481-33b8b1eac469: receive RaftClientReply:client-9DC82E534C87->980d9c0c-33ac-4a22-b481-33b8b1eac469@group-23022C6A558E, cid=1214, SUCCESS, logIndex=1694, commits[980d9c0c-33ac-4a22-b481-33b8b1eac469:c1695, e00ee311-0ce1-4115-b4c1-69648d9d3094:c1693, bb9367ec-656d-4ade-92be-004a921408cc:c1693]
2019-08-06 03:26:19,561 INFO  client.GrpcClientProtocolClient (GrpcClientProtocolClient.java:onNext(255)) - client-9DC82E534C87->980d9c0c-33ac-4a22-b481-33b8b1eac469: receive RaftClientReply:client-9DC82E534C87->980d9c0c-33ac-4a22-b481-33b8b1eac469@group-23022C6A558E, cid=1215, SUCCESS, logIndex=1695, commits[980d9c0c-33ac-4a22-b481-33b8b1eac469:c1695, e00ee311-0ce1-4115-b4c1-69648d9d3094:c1693, bb9367ec-656d-4ade-92be-004a921408cc:c1693]
2019-08-06 03:26:19,583 INFO  client.GrpcClientProtocolClient (GrpcClientProtocolClient.java:onNext(255)) - client-9DC82E534C87->980d9c0c-33ac-4a22-b481-33b8b1eac469: receive RaftClientReply:client-9DC82E534C87->980d9c0c-33ac-4a22-b481-33b8b1eac469@group-23022C6A558E, cid=1216, SUCCESS, logIndex=1698, commits[980d9c0c-33ac-4a22-b481-33b8b1eac469:c1699, e00ee311-0ce1-4115-b4c1-69648d9d3094:c1695, bb9367ec-656d-4ade-92be-004a921408cc:c1694]
2019-08-06 03:26:19,583 INFO  client.GrpcClientProtocolClient (GrpcClientProtocolClient.java:onNext(255)) - client-9DC82E534C87->980d9c0c-33ac-4a22-b481-33b8b1eac469: receive RaftClientReply:client-9DC82E534C87->980d9c0c-33ac-4a22-b481-33b8b1eac469@group-23022C6A558E, cid=1217, SUCCESS, logIndex=1699, commits[980d9c0c-33ac-4a22-b481-33b8b1eac469:c1699, e00ee311-0ce1-4115-b4c1-69648d9d3094:c1695, bb9367ec-656d-4ade-92be-004a921408cc:c1695]
2019-08-06 03:26:19,595 INFO  client.GrpcClientProtocolClient (GrpcClientProtocolClient.java:onNext(255)) - client-9DC82E534C87->980d9c0c-33ac-4a22-b481-33b8b1eac469: receive RaftClientReply:client-9DC82E534C87->980d9c0c-33ac-4a22-b481-33b8b1eac469@group-23022C6A558E, cid=1218, SUCCESS, logIndex=0, commits[980d9c0c-33ac-4a22-b481-33b8b1eac469:c1700, e00ee311-0ce1-4115-b4c1-69648d9d3094:c1699, bb9367ec-656d-4ade-92be-004a921408cc:c1699]
2019-08-06 03:26:19,614 INFO  client.GrpcClientProtocolClient (GrpcClientProtocolClient.java:onNext(255)) - client-9DC82E534C87->980d9c0c-33ac-4a22-b481-33b8b1eac469: receive RaftClientReply:client-9DC82E534C87->980d9c0c-33ac-4a22-b481-33b8b1eac469@group-23022C6A558E, cid=1219, SUCCESS, logIndex=1701, commits[980d9c0c-33ac-4a22-b481-33b8b1eac469:c1702, e00ee311-0ce1-4115-b4c1-69648d9d3094:c1700, bb9367ec-656d-4ade-92be-004a921408cc:c1700]
2019-08-06 03:26:19,615 INFO  client.GrpcClientProtocolClient (GrpcClientProtocolClient.java:onNext(255)) - client-9DC82E534C87->980d9c0c-33ac-4a22-b481-33b8b1eac469: receive RaftClientReply:client-9DC82E534C87->980d9c0c-33ac-4a22-b481-33b8b1eac469@group-23022C6A558E, cid=1220, SUCCESS, logIndex=1702, commits[980d9c0c-33ac-4a22-b481-33b8b1eac469:c1702, e00ee311-0ce1-4115-b4c1-69648d9d3094:c1700, bb9367ec-656d-4ade-92be-004a921408cc:c1700]
2019-08-06 03:26:19,616 INFO  client.GrpcClientProtocolClient (GrpcClientProtocolClient.java:onNext(255)) - client-9DC82E534C87->980d9c0c-33ac-4a22-b481-33b8b1eac469: receive RaftClientReply:client-9DC82E534C87->980d9c0c-33ac-4a22-b481-33b8b1eac469@group-23022C6A558E, cid=1221, SUCCESS, logIndex=1703, commits[980d9c0c-33ac-4a22-b481-33b8b1eac469:c1704, e00ee311-0ce1-4115-b4c1-69648d9d3094:c1700, bb9367ec-656d-4ade-92be-004a921408cc:c1700]
2019-08-06 03:26:19,616 INFO  client.GrpcClientProtocolClient (GrpcClientProtocolClient.java:onNext(255)) - client-9DC82E534C87->980d9c0c-33ac-4a22-b481-33b8b1eac469: receive RaftClientReply:client-9DC82E534C87->980d9c0c-33ac-4a22-b481-33b8b1eac469@group-23022C6A558E, cid=1222, SUCCESS, logIndex=1704, commits[980d9c0c-33ac-4a22-b481-33b8b1eac469:c1704, e00ee311-0ce1-4115-b4c1-69648d9d3094:c1700, bb9367ec-656d-4ade-92be-004a921408cc:c1700]
2019-08-06 03:26:19,628 INFO  client.GrpcClientProtocolClient (GrpcClientProtocolClient.java:onNext(255)) - client-9DC82E534C87->980d9c0c-33ac-4a22-b481-33b8b1eac469: receive RaftClientReply:client-9DC82E534C87->980d9c0c-33ac-4a22-b481-33b8b1eac469@group-23022C6A558E, cid=1223, SUCCESS, logIndex=0, commits[980d9c0c-33ac-4a22-b481-33b8b1eac469:c1708, e00ee311-0ce1-4115-b4c1-69648d9d3094:c1704, bb9367ec-656d-4ade-92be-004a921408cc:c1702]
2019-08-06 03:26:19,649 INFO  client.GrpcClientProtocolClient (GrpcClientProtocolClient.java:onNext(255)) - client-9DC82E534C87->980d9c0c-33ac-4a22-b481-33b8b1eac469: receive RaftClientReply:client-9DC82E534C87->980d9c0c-33ac-4a22-b481-33b8b1eac469@group-23022C6A558E, cid=1224, SUCCESS, logIndex=1709, commits[980d9c0c-33ac-4a22-b481-33b8b1eac469:c1710, e00ee311-0ce1-4115-b4c1-69648d9d3094:c1708, bb9367ec-656d-4ade-92be-004a921408cc:c1708]
2019-08-06 03:26:19,649 INFO  client.GrpcClientProtocolClient (GrpcClientProtocolClient.java:onNext(255)) - client-9DC82E534C87->980d9c0c-33ac-4a22-b481-33b8b1eac469: receive RaftClientReply:client-9DC82E534C87->980d9c0c-33ac-4a22-b481-33b8b1eac469@group-23022C6A558E, cid=1225, SUCCESS, logIndex=1710, commits[980d9c0c-33ac-4a22-b481-33b8b1eac469:c1710, e00ee311-0ce1-4115-b4c1-69648d9d3094:c1708, bb9367ec-656d-4ade-92be-004a921408cc:c1708]
2019-08-06 03:26:19,664 INFO  client.GrpcClientProtocolClient (GrpcClientProtocolClient.java:onNext(255)) - client-9DC82E534C87->980d9c0c-33ac-4a22-b481-33b8b1eac469: receive RaftClientReply:client-9DC82E534C87->980d9c0c-33ac-4a22-b481-33b8b1eac469@group-23022C6A558E, cid=1226, SUCCESS, logIndex=1713, commits[980d9c0c-33ac-4a22-b481-33b8b1eac469:c1713, e00ee311-0ce1-4115-b4c1-69648d9d3094:c1710, bb9367ec-656d-4ade-92be-004a921408cc:c1710]
2019-08-06 03:26:19,664 INFO  client.GrpcClientProtocolClient (GrpcClientProtocolClient.java:onNext(255)) - client-9DC82E534C87->980d9c0c-33ac-4a22-b481-33b8b1eac469: receive RaftClientReply:client-9DC82E534C87->980d9c0c-33ac-4a22-b481-33b8b1eac469@group-23022C6A558E, cid=1227, SUCCESS, logIndex=1714, commits[980d9c0c-33ac-4a22-b481-33b8b1eac469:c1714, e00ee311-0ce1-4115-b4c1-69648d9d3094:c1710, bb9367ec-656d-4ade-92be-004a921408cc:c1710]
2019-08-06 03:26:19,678 INFO  client.GrpcClientProtocolClient (GrpcClientProtocolClient.java:onNext(255)) - client-9DC82E534C87->980d9c0c-33ac-4a22-b481-33b8b1eac469: receive RaftClientReply:client-9DC82E534C87->980d9c0c-33ac-4a22-b481-33b8b1eac469@group-23022C6A558E, cid=1228, SUCCESS, logIndex=0, commits[980d9c0c-33ac-4a22-b481-33b8b1eac469:c1716, e00ee311-0ce1-4115-b4c1-69648d9d3094:c1714, bb9367ec-656d-4ade-92be-004a921408cc:c1714]
2019-08-06 03:26:19,700 INFO  client.GrpcClientProtocolClient (GrpcClientProtocolClient.java:onNext(255)) - client-9DC82E534C87->980d9c0c-33ac-4a22-b481-33b8b1eac469: receive RaftClientReply:client-9DC82E534C87->980d9c0c-33ac-4a22-b481-33b8b1eac469@group-23022C6A558E, cid=1229, SUCCESS, logIndex=1717, commits[980d9c0c-33ac-4a22-b481-33b8b1eac469:c1718, e00ee311-0ce1-4115-b4c1-69648d9d3094:c1716, bb9367ec-656d-4ade-92be-004a921408cc:c1716]
2019-08-06 03:26:19,701 INFO  client.GrpcClientProtocolClient (GrpcClientProtocolClient.java:onNext(255)) - client-9DC82E534C87->980d9c0c-33ac-4a22-b481-33b8b1eac469: receive RaftClientReply:client-9DC82E534C87->980d9c0c-33ac-4a22-b481-33b8b1eac469@group-23022C6A558E, cid=1230, SUCCESS, logIndex=1718, commits[980d9c0c-33ac-4a22-b481-33b8b1eac469:c1718, e00ee311-0ce1-4115-b4c1-69648d9d3094:c1716, bb9367ec-656d-4ade-92be-004a921408cc:c1716]
2019-08-06 03:26:19,701 INFO  client.GrpcClientProtocolClient (GrpcClientProtocolClient.java:onNext(255)) - client-9DC82E534C87->980d9c0c-33ac-4a22-b481-33b8b1eac469: receive RaftClientReply:client-9DC82E534C87->980d9c0c-33ac-4a22-b481-33b8b1eac469@group-23022C6A558E, cid=1231, SUCCESS, logIndex=1719, commits[980d9c0c-33ac-4a22-b481-33b8b1eac469:c1720, e00ee311-0ce1-4115-b4c1-69648d9d3094:c1716, bb9367ec-656d-4ade-92be-004a921408cc:c1716]
2019-08-06 03:26:19,701 INFO  client.GrpcClientProtocolClient (GrpcClientProtocolClient.java:onNext(255)) - client-9DC82E534C87->980d9c0c-33ac-4a22-b481-33b8b1eac469: receive RaftClientReply:client-9DC82E534C87->980d9c0c-33ac-4a22-b481-33b8b1eac469@group-23022C6A558E, cid=1232, SUCCESS, logIndex=1720, commits[980d9c0c-33ac-4a22-b481-33b8b1eac469:c1720, e00ee311-0ce1-4115-b4c1-69648d9d3094:c1716, bb9367ec-656d-4ade-92be-004a921408cc:c1716]
2019-08-06 03:26:19,714 INFO  client.GrpcClientProtocolClient (GrpcClientProtocolClient.java:onNext(255)) - client-9DC82E534C87->980d9c0c-33ac-4a22-b481-33b8b1eac469: receive RaftClientReply:client-9DC82E534C87->980d9c0c-33ac-4a22-b481-33b8b1eac469@group-23022C6A558E, cid=1233, SUCCESS, logIndex=0, commits[980d9c0c-33ac-4a22-b481-33b8b1eac469:c1722, e00ee311-0ce1-4115-b4c1-69648d9d3094:c1718, bb9367ec-656d-4ade-92be-004a921408cc:c1718]
2019-08-06 03:26:19,733 INFO  client.GrpcClientProtocolClient (GrpcClientProtocolClient.java:onNext(255)) - client-9DC82E534C87->980d9c0c-33ac-4a22-b481-33b8b1eac469: receive RaftClientReply:client-9DC82E534C87->980d9c0c-33ac-4a22-b481-33b8b1eac469@group-23022C6A558E, cid=1234, SUCCESS, logIndex=1725, commits[980d9c0c-33ac-4a22-b481-33b8b1eac469:c1726, e00ee311-0ce1-4115-b4c1-69648d9d3094:c1724, bb9367ec-656d-4ade-92be-004a921408cc:c1724]
2019-08-06 03:26:19,734 INFO  client.GrpcClientProtocolClient (GrpcClientProtocolClient.java:onNext(255)) - client-9DC82E534C87->980d9c0c-33ac-4a22-b481-33b8b1eac469: receive RaftClientReply:client-9DC82E534C87->980d9c0c-33ac-4a22-b481-33b8b1eac469@group-23022C6A558E, cid=1235, SUCCESS, logIndex=1726, commits[980d9c0c-33ac-4a22-b481-33b8b1eac469:c1726, e00ee311-0ce1-4115-b4c1-69648d9d3094:c1724, bb9367ec-656d-4ade-92be-004a921408cc:c1724]
2019-08-06 03:26:19,758 INFO  client.GrpcClientProtocolClient (GrpcClientProtocolClient.java:onNext(255)) - client-9DC82E534C87->980d9c0c-33ac-4a22-b481-33b8b1eac469: receive RaftClientReply:client-9DC82E534C87->980d9c0c-33ac-4a22-b481-33b8b1eac469@group-23022C6A558E, cid=1236, SUCCESS, logIndex=1729, commits[980d9c0c-33ac-4a22-b481-33b8b1eac469:c1730, e00ee311-0ce1-4115-b4c1-69648d9d3094:c1726, bb9367ec-656d-4ade-92be-004a921408cc:c1726]
2019-08-06 03:26:19,759 INFO  client.GrpcClientProtocolClient (GrpcClientProtocolClient.java:onNext(255)) - client-9DC82E534C87->980d9c0c-33ac-4a22-b481-33b8b1eac469: receive RaftClientReply:client-9DC82E534C87->980d9c0c-33ac-4a22-b481-33b8b1eac469@group-23022C6A558E, cid=1237, SUCCESS, logIndex=1730, commits[980d9c0c-33ac-4a22-b481-33b8b1eac469:c1730, e00ee311-0ce1-4115-b4c1-69648d9d3094:c1726, bb9367ec-656d-4ade-92be-004a921408cc:c1726]
2019-08-06 03:26:19,773 INFO  client.GrpcClientProtocolClient (GrpcClientProtocolClient.java:onNext(255)) - client-9DC82E534C87->980d9c0c-33ac-4a22-b481-33b8b1eac469: receive RaftClientReply:client-9DC82E534C87->980d9c0c-33ac-4a22-b481-33b8b1eac469@group-23022C6A558E, cid=1238, SUCCESS, logIndex=0, commits[980d9c0c-33ac-4a22-b481-33b8b1eac469:c1732, e00ee311-0ce1-4115-b4c1-69648d9d3094:c1730, bb9367ec-656d-4ade-92be-004a921408cc:c1730]
2019-08-06 03:26:19,819 INFO  client.GrpcClientProtocolClient (GrpcClientProtocolClient.java:onNext(255)) - client-9DC82E534C87->980d9c0c-33ac-4a22-b481-33b8b1eac469: receive RaftClientReply:client-9DC82E534C87->980d9c0c-33ac-4a22-b481-33b8b1eac469@group-23022C6A558E, cid=1239, SUCCESS, logIndex=1733, commits[980d9c0c-33ac-4a22-b481-33b8b1eac469:c1734, e00ee311-0ce1-4115-b4c1-69648d9d3094:c1732, bb9367ec-656d-4ade-92be-004a921408cc:c1732]
2019-08-06 03:26:19,819 INFO  client.GrpcClientProtocolClient (GrpcClientProtocolClient.java:onNext(255)) - client-9DC82E534C87->980d9c0c-33ac-4a22-b481-33b8b1eac469: receive RaftClientReply:client-9DC82E534C87->980d9c0c-33ac-4a22-b481-33b8b1eac469@group-23022C6A558E, cid=1240, SUCCESS, logIndex=1734, commits[980d9c0c-33ac-4a22-b481-33b8b1eac469:c1734, e00ee311-0ce1-4115-b4c1-69648d9d3094:c1732, bb9367ec-656d-4ade-92be-004a921408cc:c1732]
2019-08-06 03:26:19,820 INFO  client.GrpcClientProtocolClient (GrpcClientProtocolClient.java:onNext(255)) - client-9DC82E534C87->980d9c0c-33ac-4a22-b481-33b8b1eac469: receive RaftClientReply:client-9DC82E534C87->980d9c0c-33ac-4a22-b481-33b8b1eac469@group-23022C6A558E, cid=1241, SUCCESS, logIndex=1735, commits[980d9c0c-33ac-4a22-b481-33b8b1eac469:c1736, e00ee311-0ce1-4115-b4c1-69648d9d3094:c1732, bb9367ec-656d-4ade-92be-004a921408cc:c1732]
2019-08-06 03:26:19,820 INFO  client.GrpcClientProtocolClient (GrpcClientProtocolClient.java:onNext(255)) - client-9DC82E534C87->980d9c0c-33ac-4a22-b481-33b8b1eac469: receive RaftClientReply:client-9DC82E534C87->980d9c0c-33ac-4a22-b481-33b8b1eac469@group-23022C6A558E, cid=1242, SUCCESS, logIndex=1736, commits[980d9c0c-33ac-4a22-b481-33b8b1eac469:c1736, e00ee311-0ce1-4115-b4c1-69648d9d3094:c1732, bb9367ec-656d-4ade-92be-004a921408cc:c1732]
2019-08-06 03:26:19,835 INFO  client.GrpcClientProtocolClient (GrpcClientProtocolClient.java:onNext(255)) - client-9DC82E534C87->980d9c0c-33ac-4a22-b481-33b8b1eac469: receive RaftClientReply:client-9DC82E534C87->980d9c0c-33ac-4a22-b481-33b8b1eac469@group-23022C6A558E, cid=1243, SUCCESS, logIndex=0, commits[980d9c0c-33ac-4a22-b481-33b8b1eac469:c1739, e00ee311-0ce1-4115-b4c1-69648d9d3094:c1734, bb9367ec-656d-4ade-92be-004a921408cc:c1736]
2019-08-06 03:26:19,860 INFO  client.GrpcClientProtocolClient (GrpcClientProtocolClient.java:onNext(255)) - client-9DC82E534C87->980d9c0c-33ac-4a22-b481-33b8b1eac469: receive RaftClientReply:client-9DC82E534C87->980d9c0c-33ac-4a22-b481-33b8b1eac469@group-23022C6A558E, cid=1244, SUCCESS, logIndex=1740, commits[980d9c0c-33ac-4a22-b481-33b8b1eac469:c1741, e00ee311-0ce1-4115-b4c1-69648d9d3094:c1739, bb9367ec-656d-4ade-92be-004a921408cc:c1739]
2019-08-06 03:26:19,860 INFO  client.GrpcClientProtocolClient (GrpcClientProtocolClient.java:onNext(255)) - client-9DC82E534C87->980d9c0c-33ac-4a22-b481-33b8b1eac469: receive RaftClientReply:client-9DC82E534C87->980d9c0c-33ac-4a22-b481-33b8b1eac469@group-23022C6A558E, cid=1245, SUCCESS, logIndex=1741, commits[980d9c0c-33ac-4a22-b481-33b8b1eac469:c1741, e00ee311-0ce1-4115-b4c1-69648d9d3094:c1739, bb9367ec-656d-4ade-92be-004a921408cc:c1739]
2019-08-06 03:26:19,892 INFO  client.GrpcClientProtocolClient (GrpcClientProtocolClient.java:onNext(255)) - client-9DC82E534C87->980d9c0c-33ac-4a22-b481-33b8b1eac469: receive RaftClientReply:client-9DC82E534C87->980d9c0c-33ac-4a22-b481-33b8b1eac469@group-23022C6A558E, cid=1246, SUCCESS, logIndex=1744, commits[980d9c0c-33ac-4a22-b481-33b8b1eac469:c1745, e00ee311-0ce1-4115-b4c1-69648d9d3094:c1741, bb9367ec-656d-4ade-92be-004a921408cc:c1741]
2019-08-06 03:26:19,892 INFO  client.GrpcClientProtocolClient (GrpcClientProtocolClient.java:onNext(255)) - client-9DC82E534C87->980d9c0c-33ac-4a22-b481-33b8b1eac469: receive RaftClientReply:client-9DC82E534C87->980d9c0c-33ac-4a22-b481-33b8b1eac469@group-23022C6A558E, cid=1247, SUCCESS, logIndex=1745, commits[980d9c0c-33ac-4a22-b481-33b8b1eac469:c1745, e00ee311-0ce1-4115-b4c1-69648d9d3094:c1741, bb9367ec-656d-4ade-92be-004a921408cc:c1741]
2019-08-06 03:26:19,903 INFO  client.GrpcClientProtocolClient (GrpcClientProtocolClient.java:onNext(255)) - client-9DC82E534C87->980d9c0c-33ac-4a22-b481-33b8b1eac469: receive RaftClientReply:client-9DC82E534C87->980d9c0c-33ac-4a22-b481-33b8b1eac469@group-23022C6A558E, cid=1248, SUCCESS, logIndex=0, commits[980d9c0c-33ac-4a22-b481-33b8b1eac469:c1747, e00ee311-0ce1-4115-b4c1-69648d9d3094:c1745, bb9367ec-656d-4ade-92be-004a921408cc:c1745]
2019-08-06 03:26:19,935 INFO  client.GrpcClientProtocolClient (GrpcClientProtocolClient.java:onNext(255)) - client-9DC82E534C87->980d9c0c-33ac-4a22-b481-33b8b1eac469: receive RaftClientReply:client-9DC82E534C87->980d9c0c-33ac-4a22-b481-33b8b1eac469@group-23022C6A558E, cid=1249, SUCCESS, logIndex=1748, commits[980d9c0c-33ac-4a22-b481-33b8b1eac469:c1749, e00ee311-0ce1-4115-b4c1-69648d9d3094:c1747, bb9367ec-656d-4ade-92be-004a921408cc:c1747]
2019-08-06 03:26:19,936 INFO  client.GrpcClientProtocolClient (GrpcClientProtocolClient.java:onNext(255)) - client-9DC82E534C87->980d9c0c-33ac-4a22-b481-33b8b1eac469: receive RaftClientReply:client-9DC82E534C87->980d9c0c-33ac-4a22-b481-33b8b1eac469@group-23022C6A558E, cid=1250, SUCCESS, logIndex=1749, commits[980d9c0c-33ac-4a22-b481-33b8b1eac469:c1751, e00ee311-0ce1-4115-b4c1-69648d9d3094:c1747, bb9367ec-656d-4ade-92be-004a921408cc:c1747]
2019-08-06 03:26:19,936 INFO  client.GrpcClientProtocolClient (GrpcClientProtocolClient.java:onNext(255)) - client-9DC82E534C87->980d9c0c-33ac-4a22-b481-33b8b1eac469: receive RaftClientReply:client-9DC82E534C87->980d9c0c-33ac-4a22-b481-33b8b1eac469@group-23022C6A558E, cid=1251, SUCCESS, logIndex=1750, commits[980d9c0c-33ac-4a22-b481-33b8b1eac469:c1751, e00ee311-0ce1-4115-b4c1-69648d9d3094:c1747, bb9367ec-656d-4ade-92be-004a921408cc:c1747]
2019-08-06 03:26:19,936 INFO  client.GrpcClientProtocolClient (GrpcClientProtocolClient.java:onNext(255)) - client-9DC82E534C87->980d9c0c-33ac-4a22-b481-33b8b1eac469: receive RaftClientReply:client-9DC82E534C87->980d9c0c-33ac-4a22-b481-33b8b1eac469@group-23022C6A558E, cid=1252, SUCCESS, logIndex=1751, commits[980d9c0c-33ac-4a22-b481-33b8b1eac469:c1751, e00ee311-0ce1-4115-b4c1-69648d9d3094:c1747, bb9367ec-656d-4ade-92be-004a921408cc:c1747]
2019-08-06 03:26:19,938 INFO  client.GrpcClientProtocolClient (GrpcClientProtocolClient.java:onNext(255)) - client-9DC82E534C87->980d9c0c-33ac-4a22-b481-33b8b1eac469: receive RaftClientReply:client-9DC82E534C87->980d9c0c-33ac-4a22-b481-33b8b1eac469@group-23022C6A558E, cid=1253, SUCCESS, logIndex=0, commits[980d9c0c-33ac-4a22-b481-33b8b1eac469:c1755, e00ee311-0ce1-4115-b4c1-69648d9d3094:c1749, bb9367ec-656d-4ade-92be-004a921408cc:c1751]
2019-08-06 03:26:19,959 INFO  client.GrpcClientProtocolClient (GrpcClientProtocolClient.java:onNext(255)) - client-9DC82E534C87->980d9c0c-33ac-4a22-b481-33b8b1eac469: receive RaftClientReply:client-9DC82E534C87->980d9c0c-33ac-4a22-b481-33b8b1eac469@group-23022C6A558E, cid=1254, SUCCESS, logIndex=1756, commits[980d9c0c-33ac-4a22-b481-33b8b1eac469:c1757, e00ee311-0ce1-4115-b4c1-69648d9d3094:c1755, bb9367ec-656d-4ade-92be-004a921408cc:c1755]
2019-08-06 03:26:19,959 INFO  client.GrpcClientProtocolClient (GrpcClientProtocolClient.java:onNext(255)) - client-9DC82E534C87->980d9c0c-33ac-4a22-b481-33b8b1eac469: receive RaftClientReply:client-9DC82E534C87->980d9c0c-33ac-4a22-b481-33b8b1eac469@group-23022C6A558E, cid=1255, SUCCESS, logIndex=1757, commits[980d9c0c-33ac-4a22-b481-33b8b1eac469:c1757, e00ee311-0ce1-4115-b4c1-69648d9d3094:c1755, bb9367ec-656d-4ade-92be-004a921408cc:c1755]
2019-08-06 03:26:19,974 INFO  client.GrpcClientProtocolClient (GrpcClientProtocolClient.java:onNext(255)) - client-9DC82E534C87->980d9c0c-33ac-4a22-b481-33b8b1eac469: receive RaftClientReply:client-9DC82E534C87->980d9c0c-33ac-4a22-b481-33b8b1eac469@group-23022C6A558E, cid=1256, SUCCESS, logIndex=1760, commits[980d9c0c-33ac-4a22-b481-33b8b1eac469:c1761, e00ee311-0ce1-4115-b4c1-69648d9d3094:c1757, bb9367ec-656d-4ade-92be-004a921408cc:c1757]
2019-08-06 03:26:19,974 INFO  client.GrpcClientProtocolClient (GrpcClientProtocolClient.java:onNext(255)) - client-9DC82E534C87->980d9c0c-33ac-4a22-b481-33b8b1eac469: receive RaftClientReply:client-9DC82E534C87->980d9c0c-33ac-4a22-b481-33b8b1eac469@group-23022C6A558E, cid=1257, SUCCESS, logIndex=1761, commits[980d9c0c-33ac-4a22-b481-33b8b1eac469:c1761, e00ee311-0ce1-4115-b4c1-69648d9d3094:c1757, bb9367ec-656d-4ade-92be-004a921408cc:c1757]
2019-08-06 03:26:19,987 INFO  client.GrpcClientProtocolClient (GrpcClientProtocolClient.java:onNext(255)) - client-9DC82E534C87->980d9c0c-33ac-4a22-b481-33b8b1eac469: receive RaftClientReply:client-9DC82E534C87->980d9c0c-33ac-4a22-b481-33b8b1eac469@group-23022C6A558E, cid=1258, SUCCESS, logIndex=0, commits[980d9c0c-33ac-4a22-b481-33b8b1eac469:c1762, e00ee311-0ce1-4115-b4c1-69648d9d3094:c1761, bb9367ec-656d-4ade-92be-004a921408cc:c1761]
2019-08-06 03:26:20,014 INFO  client.GrpcClientProtocolClient (GrpcClientProtocolClient.java:onNext(255)) - client-9DC82E534C87->980d9c0c-33ac-4a22-b481-33b8b1eac469: receive RaftClientReply:client-9DC82E534C87->980d9c0c-33ac-4a22-b481-33b8b1eac469@group-23022C6A558E, cid=1259, SUCCESS, logIndex=1764, commits[980d9c0c-33ac-4a22-b481-33b8b1eac469:c1765, e00ee311-0ce1-4115-b4c1-69648d9d3094:c1763, bb9367ec-656d-4ade-92be-004a921408cc:c1763]
2019-08-06 03:26:20,014 INFO  client.GrpcClientProtocolClient (GrpcClientProtocolClient.java:onNext(255)) - client-9DC82E534C87->980d9c0c-33ac-4a22-b481-33b8b1eac469: receive RaftClientReply:client-9DC82E534C87->980d9c0c-33ac-4a22-b481-33b8b1eac469@group-23022C6A558E, cid=1260, SUCCESS, logIndex=1765, commits[980d9c0c-33ac-4a22-b481-33b8b1eac469:c1765, e00ee311-0ce1-4115-b4c1-69648d9d3094:c1763, bb9367ec-656d-4ade-92be-004a921408cc:c1763]
2019-08-06 03:26:20,016 INFO  client.GrpcClientProtocolClient (GrpcClientProtocolClient.java:onNext(255)) - client-9DC82E534C87->980d9c0c-33ac-4a22-b481-33b8b1eac469: receive RaftClientReply:client-9DC82E534C87->980d9c0c-33ac-4a22-b481-33b8b1eac469@group-23022C6A558E, cid=1261, SUCCESS, logIndex=1766, commits[980d9c0c-33ac-4a22-b481-33b8b1eac469:c1767, e00ee311-0ce1-4115-b4c1-69648d9d3094:c1763, bb9367ec-656d-4ade-92be-004a921408cc:c1763]
2019-08-06 03:26:20,016 INFO  client.GrpcClientProtocolClient (GrpcClientProtocolClient.java:onNext(255)) - client-9DC82E534C87->980d9c0c-33ac-4a22-b481-33b8b1eac469: receive RaftClientReply:client-9DC82E534C87->980d9c0c-33ac-4a22-b481-33b8b1eac469@group-23022C6A558E, cid=1262, SUCCESS, logIndex=1767, commits[980d9c0c-33ac-4a22-b481-33b8b1eac469:c1767, e00ee311-0ce1-4115-b4c1-69648d9d3094:c1763, bb9367ec-656d-4ade-92be-004a921408cc:c1763]
2019-08-06 03:26:20,028 INFO  client.GrpcClientProtocolClient (GrpcClientProtocolClient.java:onNext(255)) - client-9DC82E534C87->980d9c0c-33ac-4a22-b481-33b8b1eac469: receive RaftClientReply:client-9DC82E534C87->980d9c0c-33ac-4a22-b481-33b8b1eac469@group-23022C6A558E, cid=1263, SUCCESS, logIndex=0, commits[980d9c0c-33ac-4a22-b481-33b8b1eac469:c1769, e00ee311-0ce1-4115-b4c1-69648d9d3094:c1765, bb9367ec-656d-4ade-92be-004a921408cc:c1765]
2019-08-06 03:26:20,047 INFO  client.GrpcClientProtocolClient (GrpcClientProtocolClient.java:onNext(255)) - client-9DC82E534C87->980d9c0c-33ac-4a22-b481-33b8b1eac469: receive RaftClientReply:client-9DC82E534C87->980d9c0c-33ac-4a22-b481-33b8b1eac469@group-23022C6A558E, cid=1264, SUCCESS, logIndex=1772, commits[980d9c0c-33ac-4a22-b481-33b8b1eac469:c1773, e00ee311-0ce1-4115-b4c1-69648d9d3094:c1771, bb9367ec-656d-4ade-92be-004a921408cc:c1771]
2019-08-06 03:26:20,047 INFO  client.GrpcClientProtocolClient (GrpcClientProtocolClient.java:onNext(255)) - client-9DC82E534C87->980d9c0c-33ac-4a22-b481-33b8b1eac469: receive RaftClientReply:client-9DC82E534C87->980d9c0c-33ac-4a22-b481-33b8b1eac469@group-23022C6A558E, cid=1265, SUCCESS, logIndex=1773, commits[980d9c0c-33ac-4a22-b481-33b8b1eac469:c1773, e00ee311-0ce1-4115-b4c1-69648d9d3094:c1771, bb9367ec-656d-4ade-92be-004a921408cc:c1771]
2019-08-06 03:26:20,061 INFO  client.GrpcClientProtocolClient (GrpcClientProtocolClient.java:onNext(255)) - client-9DC82E534C87->980d9c0c-33ac-4a22-b481-33b8b1eac469: receive RaftClientReply:client-9DC82E534C87->980d9c0c-33ac-4a22-b481-33b8b1eac469@group-23022C6A558E, cid=1266, SUCCESS, logIndex=1776, commits[980d9c0c-33ac-4a22-b481-33b8b1eac469:c1777, e00ee311-0ce1-4115-b4c1-69648d9d3094:c1773, bb9367ec-656d-4ade-92be-004a921408cc:c1773]
2019-08-06 03:26:20,062 INFO  client.GrpcClientProtocolClient (GrpcClientProtocolClient.java:onNext(255)) - client-9DC82E534C87->980d9c0c-33ac-4a22-b481-33b8b1eac469: receive RaftClientReply:client-9DC82E534C87->980d9c0c-33ac-4a22-b481-33b8b1eac469@group-23022C6A558E, cid=1267, SUCCESS, logIndex=1777, commits[980d9c0c-33ac-4a22-b481-33b8b1eac469:c1777, e00ee311-0ce1-4115-b4c1-69648d9d3094:c1773, bb9367ec-656d-4ade-92be-004a921408cc:c1773]
2019-08-06 03:26:20,076 INFO  client.GrpcClientProtocolClient (GrpcClientProtocolClient.java:onNext(255)) - client-9DC82E534C87->980d9c0c-33ac-4a22-b481-33b8b1eac469: receive RaftClientReply:client-9DC82E534C87->980d9c0c-33ac-4a22-b481-33b8b1eac469@group-23022C6A558E, cid=1268, SUCCESS, logIndex=0, commits[980d9c0c-33ac-4a22-b481-33b8b1eac469:c1779, e00ee311-0ce1-4115-b4c1-69648d9d3094:c1777, bb9367ec-656d-4ade-92be-004a921408cc:c1777]
2019-08-06 03:26:20,106 INFO  client.GrpcClientProtocolClient (GrpcClientProtocolClient.java:onNext(255)) - client-9DC82E534C87->980d9c0c-33ac-4a22-b481-33b8b1eac469: receive RaftClientReply:client-9DC82E534C87->980d9c0c-33ac-4a22-b481-33b8b1eac469@group-23022C6A558E, cid=1269, SUCCESS, logIndex=1780, commits[980d9c0c-33ac-4a22-b481-33b8b1eac469:c1780, e00ee311-0ce1-4115-b4c1-69648d9d3094:c1779, bb9367ec-656d-4ade-92be-004a921408cc:c1779]
2019-08-06 03:26:20,106 INFO  client.GrpcClientProtocolClient (GrpcClientProtocolClient.java:onNext(255)) - client-9DC82E534C87->980d9c0c-33ac-4a22-b481-33b8b1eac469: receive RaftClientReply:client-9DC82E534C87->980d9c0c-33ac-4a22-b481-33b8b1eac469@group-23022C6A558E, cid=1270, SUCCESS, logIndex=1781, commits[980d9c0c-33ac-4a22-b481-33b8b1eac469:c1781, e00ee311-0ce1-4115-b4c1-69648d9d3094:c1779, bb9367ec-656d-4ade-92be-004a921408cc:c1779]
2019-08-06 03:26:20,109 INFO  client.GrpcClientProtocolClient (GrpcClientProtocolClient.java:onNext(255)) - client-9DC82E534C87->980d9c0c-33ac-4a22-b481-33b8b1eac469: receive RaftClientReply:client-9DC82E534C87->980d9c0c-33ac-4a22-b481-33b8b1eac469@group-23022C6A558E, cid=1271, SUCCESS, logIndex=1782, commits[980d9c0c-33ac-4a22-b481-33b8b1eac469:c1783, e00ee311-0ce1-4115-b4c1-69648d9d3094:c1779, bb9367ec-656d-4ade-92be-004a921408cc:c1779]
2019-08-06 03:26:20,109 INFO  client.GrpcClientProtocolClient (GrpcClientProtocolClient.java:onNext(255)) - client-9DC82E534C87->980d9c0c-33ac-4a22-b481-33b8b1eac469: receive RaftClientReply:client-9DC82E534C87->980d9c0c-33ac-4a22-b481-33b8b1eac469@group-23022C6A558E, cid=1272, SUCCESS, logIndex=1783, commits[980d9c0c-33ac-4a22-b481-33b8b1eac469:c1783, e00ee311-0ce1-4115-b4c1-69648d9d3094:c1779, bb9367ec-656d-4ade-92be-004a921408cc:c1779]
2019-08-06 03:26:20,111 INFO  client.GrpcClientProtocolClient (GrpcClientProtocolClient.java:onNext(255)) - client-9DC82E534C87->980d9c0c-33ac-4a22-b481-33b8b1eac469: receive RaftClientReply:client-9DC82E534C87->980d9c0c-33ac-4a22-b481-33b8b1eac469@group-23022C6A558E, cid=1273, SUCCESS, logIndex=0, commits[980d9c0c-33ac-4a22-b481-33b8b1eac469:c1785, e00ee311-0ce1-4115-b4c1-69648d9d3094:c1781, bb9367ec-656d-4ade-92be-004a921408cc:c1781]
2019-08-06 03:26:20,132 INFO  client.GrpcClientProtocolClient (GrpcClientProtocolClient.java:onNext(255)) - client-9DC82E534C87->980d9c0c-33ac-4a22-b481-33b8b1eac469: receive RaftClientReply:client-9DC82E534C87->980d9c0c-33ac-4a22-b481-33b8b1eac469@group-23022C6A558E, cid=1274, SUCCESS, logIndex=1788, commits[980d9c0c-33ac-4a22-b481-33b8b1eac469:c1789, e00ee311-0ce1-4115-b4c1-69648d9d3094:c1787, bb9367ec-656d-4ade-92be-004a921408cc:c1787]
2019-08-06 03:26:20,132 INFO  client.GrpcClientProtocolClient (GrpcClientProtocolClient.java:onNext(255)) - client-9DC82E534C87->980d9c0c-33ac-4a22-b481-33b8b1eac469: receive RaftClientReply:client-9DC82E534C87->980d9c0c-33ac-4a22-b481-33b8b1eac469@group-23022C6A558E, cid=1275, SUCCESS, logIndex=1789, commits[980d9c0c-33ac-4a22-b481-33b8b1eac469:c1789, e00ee311-0ce1-4115-b4c1-69648d9d3094:c1787, bb9367ec-656d-4ade-92be-004a921408cc:c1787]
 0.00% |█                                                                                                    |  0/1 Time: 0:00:072019-08-06 03:26:20,150 INFO  client.GrpcClientProtocolClient (GrpcClientProtocolClient.java:onNext(255)) - client-9DC82E534C87->980d9c0c-33ac-4a22-b481-33b8b1eac469: receive RaftClientReply:client-9DC82E534C87->980d9c0c-33ac-4a22-b481-33b8b1eac469@group-23022C6A558E, cid=1276, SUCCESS, logIndex=1792, commits[980d9c0c-33ac-4a22-b481-33b8b1eac469:c1793, e00ee311-0ce1-4115-b4c1-69648d9d3094:c1789, bb9367ec-656d-4ade-92be-004a921408cc:c1789]
2019-08-06 03:26:20,150 INFO  client.GrpcClientProtocolClient (GrpcClientProtocolClient.java:onNext(255)) - client-9DC82E534C87->980d9c0c-33ac-4a22-b481-33b8b1eac469: receive RaftClientReply:client-9DC82E534C87->980d9c0c-33ac-4a22-b481-33b8b1eac469@group-23022C6A558E, cid=1277, SUCCESS, logIndex=1793, commits[980d9c0c-33ac-4a22-b481-33b8b1eac469:c1793, e00ee311-0ce1-4115-b4c1-69648d9d3094:c1789, bb9367ec-656d-4ade-92be-004a921408cc:c1789]
2019-08-06 03:26:20,268 INFO  client.GrpcClientProtocolClient (GrpcClientProtocolClient.java:onNext(255)) - client-9DC82E534C87->980d9c0c-33ac-4a22-b481-33b8b1eac469: receive RaftClientReply:client-9DC82E534C87->980d9c0c-33ac-4a22-b481-33b8b1eac469@group-23022C6A558E, cid=1278, SUCCESS, logIndex=0, commits[980d9c0c-33ac-4a22-b481-33b8b1eac469:c1795, e00ee311-0ce1-4115-b4c1-69648d9d3094:c1793, bb9367ec-656d-4ade-92be-004a921408cc:c1793]
2019-08-06 03:26:20,303 INFO  client.GrpcClientProtocolClient (GrpcClientProtocolClient.java:onNext(255)) - client-9DC82E534C87->980d9c0c-33ac-4a22-b481-33b8b1eac469: receive RaftClientReply:client-9DC82E534C87->980d9c0c-33ac-4a22-b481-33b8b1eac469@group-23022C6A558E, cid=1279, SUCCESS, logIndex=1796, commits[980d9c0c-33ac-4a22-b481-33b8b1eac469:c1797, e00ee311-0ce1-4115-b4c1-69648d9d3094:c1795, bb9367ec-656d-4ade-92be-004a921408cc:c1795]
2019-08-06 03:26:20,303 INFO  client.GrpcClientProtocolClient (GrpcClientProtocolClient.java:onNext(255)) - client-9DC82E534C87->980d9c0c-33ac-4a22-b481-33b8b1eac469: receive RaftClientReply:client-9DC82E534C87->980d9c0c-33ac-4a22-b481-33b8b1eac469@group-23022C6A558E, cid=1280, SUCCESS, logIndex=1797, commits[980d9c0c-33ac-4a22-b481-33b8b1eac469:c1799, e00ee311-0ce1-4115-b4c1-69648d9d3094:c1795, bb9367ec-656d-4ade-92be-004a921408cc:c1795]
2019-08-06 03:26:20,304 INFO  client.GrpcClientProtocolClient (GrpcClientProtocolClient.java:onNext(255)) - client-9DC82E534C87->980d9c0c-33ac-4a22-b481-33b8b1eac469: receive RaftClientReply:client-9DC82E534C87->980d9c0c-33ac-4a22-b481-33b8b1eac469@group-23022C6A558E, cid=1281, SUCCESS, logIndex=1798, commits[980d9c0c-33ac-4a22-b481-33b8b1eac469:c1799, e00ee311-0ce1-4115-b4c1-69648d9d3094:c1795, bb9367ec-656d-4ade-92be-004a921408cc:c1795]
2019-08-06 03:26:20,304 INFO  client.GrpcClientProtocolClient (GrpcClientProtocolClient.java:onNext(255)) - client-9DC82E534C87->980d9c0c-33ac-4a22-b481-33b8b1eac469: receive RaftClientReply:client-9DC82E534C87->980d9c0c-33ac-4a22-b481-33b8b1eac469@group-23022C6A558E, cid=1282, SUCCESS, logIndex=1799, commits[980d9c0c-33ac-4a22-b481-33b8b1eac469:c1799, e00ee311-0ce1-4115-b4c1-69648d9d3094:c1795, bb9367ec-656d-4ade-92be-004a921408cc:c1795]
2019-08-06 03:26:20,315 INFO  client.GrpcClientProtocolClient (GrpcClientProtocolClient.java:onNext(255)) - client-9DC82E534C87->980d9c0c-33ac-4a22-b481-33b8b1eac469: receive RaftClientReply:client-9DC82E534C87->980d9c0c-33ac-4a22-b481-33b8b1eac469@group-23022C6A558E, cid=1283, SUCCESS, logIndex=0, commits[980d9c0c-33ac-4a22-b481-33b8b1eac469:c1801, e00ee311-0ce1-4115-b4c1-69648d9d3094:c1797, bb9367ec-656d-4ade-92be-004a921408cc:c1797]
2019-08-06 03:26:20,337 INFO  client.GrpcClientProtocolClient (GrpcClientProtocolClient.java:onNext(255)) - client-9DC82E534C87->980d9c0c-33ac-4a22-b481-33b8b1eac469: receive RaftClientReply:client-9DC82E534C87->980d9c0c-33ac-4a22-b481-33b8b1eac469@group-23022C6A558E, cid=1284, SUCCESS, logIndex=1803, commits[980d9c0c-33ac-4a22-b481-33b8b1eac469:c1804, e00ee311-0ce1-4115-b4c1-69648d9d3094:c1802, bb9367ec-656d-4ade-92be-004a921408cc:c1802]
2019-08-06 03:26:20,338 INFO  client.GrpcClientProtocolClient (GrpcClientProtocolClient.java:onNext(255)) - client-9DC82E534C87->980d9c0c-33ac-4a22-b481-33b8b1eac469: receive RaftClientReply:client-9DC82E534C87->980d9c0c-33ac-4a22-b481-33b8b1eac469@group-23022C6A558E, cid=1285, SUCCESS, logIndex=1804, commits[980d9c0c-33ac-4a22-b481-33b8b1eac469:c1804, e00ee311-0ce1-4115-b4c1-69648d9d3094:c1802, bb9367ec-656d-4ade-92be-004a921408cc:c1802]
2019-08-06 03:26:20,362 INFO  client.GrpcClientProtocolClient (GrpcClientProtocolClient.java:onNext(255)) - client-9DC82E534C87->980d9c0c-33ac-4a22-b481-33b8b1eac469: receive RaftClientReply:client-9DC82E534C87->980d9c0c-33ac-4a22-b481-33b8b1eac469@group-23022C6A558E, cid=1286, SUCCESS, logIndex=1807, commits[980d9c0c-33ac-4a22-b481-33b8b1eac469:c1808, e00ee311-0ce1-4115-b4c1-69648d9d3094:c1804, bb9367ec-656d-4ade-92be-004a921408cc:c1804]
2019-08-06 03:26:20,363 INFO  client.GrpcClientProtocolClient (GrpcClientProtocolClient.java:onNext(255)) - client-9DC82E534C87->980d9c0c-33ac-4a22-b481-33b8b1eac469: receive RaftClientReply:client-9DC82E534C87->980d9c0c-33ac-4a22-b481-33b8b1eac469@group-23022C6A558E, cid=1287, SUCCESS, logIndex=1808, commits[980d9c0c-33ac-4a22-b481-33b8b1eac469:c1808, e00ee311-0ce1-4115-b4c1-69648d9d3094:c1804, bb9367ec-656d-4ade-92be-004a921408cc:c1804]
2019-08-06 03:26:20,376 INFO  client.GrpcClientProtocolClient (GrpcClientProtocolClient.java:onNext(255)) - client-9DC82E534C87->980d9c0c-33ac-4a22-b481-33b8b1eac469: receive RaftClientReply:client-9DC82E534C87->980d9c0c-33ac-4a22-b481-33b8b1eac469@group-23022C6A558E, cid=1288, SUCCESS, logIndex=0, commits[980d9c0c-33ac-4a22-b481-33b8b1eac469:c1810, e00ee311-0ce1-4115-b4c1-69648d9d3094:c1808, bb9367ec-656d-4ade-92be-004a921408cc:c1808]
2019-08-06 03:26:20,406 INFO  client.GrpcClientProtocolClient (GrpcClientProtocolClient.java:onNext(255)) - client-9DC82E534C87->980d9c0c-33ac-4a22-b481-33b8b1eac469: receive RaftClientReply:client-9DC82E534C87->980d9c0c-33ac-4a22-b481-33b8b1eac469@group-23022C6A558E, cid=1289, SUCCESS, logIndex=1811, commits[980d9c0c-33ac-4a22-b481-33b8b1eac469:c1812, e00ee311-0ce1-4115-b4c1-69648d9d3094:c1810, bb9367ec-656d-4ade-92be-004a921408cc:c1810]
2019-08-06 03:26:20,407 INFO  client.GrpcClientProtocolClient (GrpcClientProtocolClient.java:onNext(255)) - client-9DC82E534C87->980d9c0c-33ac-4a22-b481-33b8b1eac469: receive RaftClientReply:client-9DC82E534C87->980d9c0c-33ac-4a22-b481-33b8b1eac469@group-23022C6A558E, cid=1290, SUCCESS, logIndex=1812, commits[980d9c0c-33ac-4a22-b481-33b8b1eac469:c1812, e00ee311-0ce1-4115-b4c1-69648d9d3094:c1810, bb9367ec-656d-4ade-92be-004a921408cc:c1810]
2019-08-06 03:26:20,407 INFO  client.GrpcClientProtocolClient (GrpcClientProtocolClient.java:onNext(255)) - client-9DC82E534C87->980d9c0c-33ac-4a22-b481-33b8b1eac469: receive RaftClientReply:client-9DC82E534C87->980d9c0c-33ac-4a22-b481-33b8b1eac469@group-23022C6A558E, cid=1291, SUCCESS, logIndex=1813, commits[980d9c0c-33ac-4a22-b481-33b8b1eac469:c1814, e00ee311-0ce1-4115-b4c1-69648d9d3094:c1810, bb9367ec-656d-4ade-92be-004a921408cc:c1810]
2019-08-06 03:26:20,407 INFO  client.GrpcClientProtocolClient (GrpcClientProtocolClient.java:onNext(255)) - client-9DC82E534C87->980d9c0c-33ac-4a22-b481-33b8b1eac469: receive RaftClientReply:client-9DC82E534C87->980d9c0c-33ac-4a22-b481-33b8b1eac469@group-23022C6A558E, cid=1292, SUCCESS, logIndex=1814, commits[980d9c0c-33ac-4a22-b481-33b8b1eac469:c1814, e00ee311-0ce1-4115-b4c1-69648d9d3094:c1810, bb9367ec-656d-4ade-92be-004a921408cc:c1810]
2019-08-06 03:26:20,420 INFO  client.GrpcClientProtocolClient (GrpcClientProtocolClient.java:onNext(255)) - client-9DC82E534C87->980d9c0c-33ac-4a22-b481-33b8b1eac469: receive RaftClientReply:client-9DC82E534C87->980d9c0c-33ac-4a22-b481-33b8b1eac469@group-23022C6A558E, cid=1293, SUCCESS, logIndex=0, commits[980d9c0c-33ac-4a22-b481-33b8b1eac469:c1816, e00ee311-0ce1-4115-b4c1-69648d9d3094:c1812, bb9367ec-656d-4ade-92be-004a921408cc:c1812]
2019-08-06 03:26:20,463 INFO  client.GrpcClientProtocolClient (GrpcClientProtocolClient.java:onNext(255)) - client-9DC82E534C87->980d9c0c-33ac-4a22-b481-33b8b1eac469: receive RaftClientReply:client-9DC82E534C87->980d9c0c-33ac-4a22-b481-33b8b1eac469@group-23022C6A558E, cid=1294, SUCCESS, logIndex=1819, commits[980d9c0c-33ac-4a22-b481-33b8b1eac469:c1820, e00ee311-0ce1-4115-b4c1-69648d9d3094:c1818, bb9367ec-656d-4ade-92be-004a921408cc:c1814]
2019-08-06 03:26:20,464 INFO  client.GrpcClientProtocolClient (GrpcClientProtocolClient.java:onNext(255)) - client-9DC82E534C87->980d9c0c-33ac-4a22-b481-33b8b1eac469: receive RaftClientReply:client-9DC82E534C87->980d9c0c-33ac-4a22-b481-33b8b1eac469@group-23022C6A558E, cid=1295, SUCCESS, logIndex=1820, commits[980d9c0c-33ac-4a22-b481-33b8b1eac469:c1820, e00ee311-0ce1-4115-b4c1-69648d9d3094:c1818, bb9367ec-656d-4ade-92be-004a921408cc:c1818]
2019-08-06 03:26:20,479 INFO  client.GrpcClientProtocolClient (GrpcClientProtocolClient.java:onNext(255)) - client-9DC82E534C87->980d9c0c-33ac-4a22-b481-33b8b1eac469: receive RaftClientReply:client-9DC82E534C87->980d9c0c-33ac-4a22-b481-33b8b1eac469@group-23022C6A558E, cid=1296, SUCCESS, logIndex=1823, commits[980d9c0c-33ac-4a22-b481-33b8b1eac469:c1824, e00ee311-0ce1-4115-b4c1-69648d9d3094:c1821, bb9367ec-656d-4ade-92be-004a921408cc:c1820]
2019-08-06 03:26:20,480 INFO  client.GrpcClientProtocolClient (GrpcClientProtocolClient.java:onNext(255)) - client-9DC82E534C87->980d9c0c-33ac-4a22-b481-33b8b1eac469: receive RaftClientReply:client-9DC82E534C87->980d9c0c-33ac-4a22-b481-33b8b1eac469@group-23022C6A558E, cid=1297, SUCCESS, logIndex=1824, commits[980d9c0c-33ac-4a22-b481-33b8b1eac469:c1824, e00ee311-0ce1-4115-b4c1-69648d9d3094:c1821, bb9367ec-656d-4ade-92be-004a921408cc:c1821]
2019-08-06 03:26:20,494 INFO  client.GrpcClientProtocolClient (GrpcClientProtocolClient.java:onNext(255)) - client-9DC82E534C87->980d9c0c-33ac-4a22-b481-33b8b1eac469: receive RaftClientReply:client-9DC82E534C87->980d9c0c-33ac-4a22-b481-33b8b1eac469@group-23022C6A558E, cid=1298, SUCCESS, logIndex=0, commits[980d9c0c-33ac-4a22-b481-33b8b1eac469:c1826, e00ee311-0ce1-4115-b4c1-69648d9d3094:c1824, bb9367ec-656d-4ade-92be-004a921408cc:c1824]
2019-08-06 03:26:20,541 INFO  client.GrpcClientProtocolClient (GrpcClientProtocolClient.java:onNext(255)) - client-9DC82E534C87->980d9c0c-33ac-4a22-b481-33b8b1eac469: receive RaftClientReply:client-9DC82E534C87->980d9c0c-33ac-4a22-b481-33b8b1eac469@group-23022C6A558E, cid=1299, SUCCESS, logIndex=1827, commits[980d9c0c-33ac-4a22-b481-33b8b1eac469:c1829, e00ee311-0ce1-4115-b4c1-69648d9d3094:c1826, bb9367ec-656d-4ade-92be-004a921408cc:c1826]
2019-08-06 03:26:20,541 INFO  client.GrpcClientProtocolClient (GrpcClientProtocolClient.java:onNext(255)) - client-9DC82E534C87->980d9c0c-33ac-4a22-b481-33b8b1eac469: receive RaftClientReply:client-9DC82E534C87->980d9c0c-33ac-4a22-b481-33b8b1eac469@group-23022C6A558E, cid=1300, SUCCESS, logIndex=1828, commits[980d9c0c-33ac-4a22-b481-33b8b1eac469:c1830, e00ee311-0ce1-4115-b4c1-69648d9d3094:c1826, bb9367ec-656d-4ade-92be-004a921408cc:c1826]
2019-08-06 03:26:20,542 INFO  client.GrpcClientProtocolClient (GrpcClientProtocolClient.java:onNext(255)) - client-9DC82E534C87->980d9c0c-33ac-4a22-b481-33b8b1eac469: receive RaftClientReply:client-9DC82E534C87->980d9c0c-33ac-4a22-b481-33b8b1eac469@group-23022C6A558E, cid=1301, SUCCESS, logIndex=1829, commits[980d9c0c-33ac-4a22-b481-33b8b1eac469:c1830, e00ee311-0ce1-4115-b4c1-69648d9d3094:c1826, bb9367ec-656d-4ade-92be-004a921408cc:c1826]
2019-08-06 03:26:20,542 INFO  client.GrpcClientProtocolClient (GrpcClientProtocolClient.java:onNext(255)) - client-9DC82E534C87->980d9c0c-33ac-4a22-b481-33b8b1eac469: receive RaftClientReply:client-9DC82E534C87->980d9c0c-33ac-4a22-b481-33b8b1eac469@group-23022C6A558E, cid=1302, SUCCESS, logIndex=1830, commits[980d9c0c-33ac-4a22-b481-33b8b1eac469:c1830, e00ee311-0ce1-4115-b4c1-69648d9d3094:c1826, bb9367ec-656d-4ade-92be-004a921408cc:c1826]
2019-08-06 03:26:20,556 INFO  client.GrpcClientProtocolClient (GrpcClientProtocolClient.java:onNext(255)) - client-9DC82E534C87->980d9c0c-33ac-4a22-b481-33b8b1eac469: receive RaftClientReply:client-9DC82E534C87->980d9c0c-33ac-4a22-b481-33b8b1eac469@group-23022C6A558E, cid=1303, SUCCESS, logIndex=0, commits[980d9c0c-33ac-4a22-b481-33b8b1eac469:c1831, e00ee311-0ce1-4115-b4c1-69648d9d3094:c1828, bb9367ec-656d-4ade-92be-004a921408cc:c1828]
2019-08-06 03:26:20,576 INFO  client.GrpcClientProtocolClient (GrpcClientProtocolClient.java:onNext(255)) - client-9DC82E534C87->980d9c0c-33ac-4a22-b481-33b8b1eac469: receive RaftClientReply:client-9DC82E534C87->980d9c0c-33ac-4a22-b481-33b8b1eac469@group-23022C6A558E, cid=1304, SUCCESS, logIndex=1835, commits[980d9c0c-33ac-4a22-b481-33b8b1eac469:c1836, e00ee311-0ce1-4115-b4c1-69648d9d3094:c1834, bb9367ec-656d-4ade-92be-004a921408cc:c1834]
2019-08-06 03:26:20,577 INFO  client.GrpcClientProtocolClient (GrpcClientProtocolClient.java:onNext(255)) - client-9DC82E534C87->980d9c0c-33ac-4a22-b481-33b8b1eac469: receive RaftClientReply:client-9DC82E534C87->980d9c0c-33ac-4a22-b481-33b8b1eac469@group-23022C6A558E, cid=1305, SUCCESS, logIndex=1836, commits[980d9c0c-33ac-4a22-b481-33b8b1eac469:c1836, e00ee311-0ce1-4115-b4c1-69648d9d3094:c1834, bb9367ec-656d-4ade-92be-004a921408cc:c1834]
2019-08-06 03:26:20,600 INFO  client.GrpcClientProtocolClient (GrpcClientProtocolClient.java:onNext(255)) - client-9DC82E534C87->980d9c0c-33ac-4a22-b481-33b8b1eac469: receive RaftClientReply:client-9DC82E534C87->980d9c0c-33ac-4a22-b481-33b8b1eac469@group-23022C6A558E, cid=1306, SUCCESS, logIndex=1839, commits[980d9c0c-33ac-4a22-b481-33b8b1eac469:c1840, e00ee311-0ce1-4115-b4c1-69648d9d3094:c1835, bb9367ec-656d-4ade-92be-004a921408cc:c1836]
2019-08-06 03:26:20,601 INFO  client.GrpcClientProtocolClient (GrpcClientProtocolClient.java:onNext(255)) - client-9DC82E534C87->980d9c0c-33ac-4a22-b481-33b8b1eac469: receive RaftClientReply:client-9DC82E534C87->980d9c0c-33ac-4a22-b481-33b8b1eac469@group-23022C6A558E, cid=1307, SUCCESS, logIndex=1840, commits[980d9c0c-33ac-4a22-b481-33b8b1eac469:c1840, e00ee311-0ce1-4115-b4c1-69648d9d3094:c1835, bb9367ec-656d-4ade-92be-004a921408cc:c1836]
2019-08-06 03:26:20,609 INFO  client.GrpcClientProtocolClient (GrpcClientProtocolClient.java:onNext(255)) - client-9DC82E534C87->980d9c0c-33ac-4a22-b481-33b8b1eac469: receive RaftClientReply:client-9DC82E534C87->980d9c0c-33ac-4a22-b481-33b8b1eac469@group-23022C6A558E, cid=1308, SUCCESS, logIndex=0, commits[980d9c0c-33ac-4a22-b481-33b8b1eac469:c1840, e00ee311-0ce1-4115-b4c1-69648d9d3094:c1836, bb9367ec-656d-4ade-92be-004a921408cc:c1836]
2019-08-06 03:26:20,622 INFO  client.GrpcClientProtocolClient (GrpcClientProtocolClient.java:onNext(255)) - client-9DC82E534C87->980d9c0c-33ac-4a22-b481-33b8b1eac469: receive RaftClientReply:client-9DC82E534C87->980d9c0c-33ac-4a22-b481-33b8b1eac469@group-23022C6A558E, cid=1309, SUCCESS, logIndex=0, commits[980d9c0c-33ac-4a22-b481-33b8b1eac469:c1841, e00ee311-0ce1-4115-b4c1-69648d9d3094:c1840, bb9367ec-656d-4ade-92be-004a921408cc:c1840]
2019-08-06 03:26:20,653 INFO  client.GrpcClientProtocolClient (GrpcClientProtocolClient.java:onNext(255)) - client-9DC82E534C87->980d9c0c-33ac-4a22-b481-33b8b1eac469: receive RaftClientReply:client-9DC82E534C87->980d9c0c-33ac-4a22-b481-33b8b1eac469@group-23022C6A558E, cid=1310, SUCCESS, logIndex=1843, commits[980d9c0c-33ac-4a22-b481-33b8b1eac469:c1844, e00ee311-0ce1-4115-b4c1-69648d9d3094:c1842, bb9367ec-656d-4ade-92be-004a921408cc:c1842]
2019-08-06 03:26:20,654 INFO  client.GrpcClientProtocolClient (GrpcClientProtocolClient.java:onNext(255)) - client-9DC82E534C87->980d9c0c-33ac-4a22-b481-33b8b1eac469: receive RaftClientReply:client-9DC82E534C87->980d9c0c-33ac-4a22-b481-33b8b1eac469@group-23022C6A558E, cid=1311, SUCCESS, logIndex=1844, commits[980d9c0c-33ac-4a22-b481-33b8b1eac469:c1846, e00ee311-0ce1-4115-b4c1-69648d9d3094:c1842, bb9367ec-656d-4ade-92be-004a921408cc:c1842]
2019-08-06 03:26:20,654 INFO  client.GrpcClientProtocolClient (GrpcClientProtocolClient.java:onNext(255)) - client-9DC82E534C87->980d9c0c-33ac-4a22-b481-33b8b1eac469: receive RaftClientReply:client-9DC82E534C87->980d9c0c-33ac-4a22-b481-33b8b1eac469@group-23022C6A558E, cid=1312, SUCCESS, logIndex=1845, commits[980d9c0c-33ac-4a22-b481-33b8b1eac469:c1846, e00ee311-0ce1-4115-b4c1-69648d9d3094:c1842, bb9367ec-656d-4ade-92be-004a921408cc:c1842]
2019-08-06 03:26:20,654 INFO  client.GrpcClientProtocolClient (GrpcClientProtocolClient.java:onNext(255)) - client-9DC82E534C87->980d9c0c-33ac-4a22-b481-33b8b1eac469: receive RaftClientReply:client-9DC82E534C87->980d9c0c-33ac-4a22-b481-33b8b1eac469@group-23022C6A558E, cid=1313, SUCCESS, logIndex=1846, commits[980d9c0c-33ac-4a22-b481-33b8b1eac469:c1846, e00ee311-0ce1-4115-b4c1-69648d9d3094:c1842, bb9367ec-656d-4ade-92be-004a921408cc:c1842]
2019-08-06 03:26:20,656 INFO  client.GrpcClientProtocolClient (GrpcClientProtocolClient.java:onNext(255)) - client-9DC82E534C87->980d9c0c-33ac-4a22-b481-33b8b1eac469: receive RaftClientReply:client-9DC82E534C87->980d9c0c-33ac-4a22-b481-33b8b1eac469@group-23022C6A558E, cid=1314, SUCCESS, logIndex=0, commits[980d9c0c-33ac-4a22-b481-33b8b1eac469:c1850, e00ee311-0ce1-4115-b4c1-69648d9d3094:c1844, bb9367ec-656d-4ade-92be-004a921408cc:c1846]
2019-08-06 03:26:20,677 INFO  client.GrpcClientProtocolClient (GrpcClientProtocolClient.java:onNext(255)) - client-9DC82E534C87->980d9c0c-33ac-4a22-b481-33b8b1eac469: receive RaftClientReply:client-9DC82E534C87->980d9c0c-33ac-4a22-b481-33b8b1eac469@group-23022C6A558E, cid=1315, SUCCESS, logIndex=1851, commits[980d9c0c-33ac-4a22-b481-33b8b1eac469:c1852, e00ee311-0ce1-4115-b4c1-69648d9d3094:c1850, bb9367ec-656d-4ade-92be-004a921408cc:c1850]
2019-08-06 03:26:20,677 INFO  client.GrpcClientProtocolClient (GrpcClientProtocolClient.java:onNext(255)) - client-9DC82E534C87->980d9c0c-33ac-4a22-b481-33b8b1eac469: receive RaftClientReply:client-9DC82E534C87->980d9c0c-33ac-4a22-b481-33b8b1eac469@group-23022C6A558E, cid=1316, SUCCESS, logIndex=1852, commits[980d9c0c-33ac-4a22-b481-33b8b1eac469:c1852, e00ee311-0ce1-4115-b4c1-69648d9d3094:c1850, bb9367ec-656d-4ade-92be-004a921408cc:c1850]
2019-08-06 03:26:20,690 INFO  client.GrpcClientProtocolClient (GrpcClientProtocolClient.java:onNext(255)) - client-9DC82E534C87->980d9c0c-33ac-4a22-b481-33b8b1eac469: receive RaftClientReply:client-9DC82E534C87->980d9c0c-33ac-4a22-b481-33b8b1eac469@group-23022C6A558E, cid=1317, SUCCESS, logIndex=1855, commits[980d9c0c-33ac-4a22-b481-33b8b1eac469:c1855, e00ee311-0ce1-4115-b4c1-69648d9d3094:c1852, bb9367ec-656d-4ade-92be-004a921408cc:c1852]
2019-08-06 03:26:20,691 INFO  client.GrpcClientProtocolClient (GrpcClientProtocolClient.java:onNext(255)) - client-9DC82E534C87->980d9c0c-33ac-4a22-b481-33b8b1eac469: receive RaftClientReply:client-9DC82E534C87->980d9c0c-33ac-4a22-b481-33b8b1eac469@group-23022C6A558E, cid=1318, SUCCESS, logIndex=1856, commits[980d9c0c-33ac-4a22-b481-33b8b1eac469:c1856, e00ee311-0ce1-4115-b4c1-69648d9d3094:c1852, bb9367ec-656d-4ade-92be-004a921408cc:c1852]
2019-08-06 03:26:20,705 INFO  client.GrpcClientProtocolClient (GrpcClientProtocolClient.java:onNext(255)) - client-9DC82E534C87->980d9c0c-33ac-4a22-b481-33b8b1eac469: receive RaftClientReply:client-9DC82E534C87->980d9c0c-33ac-4a22-b481-33b8b1eac469@group-23022C6A558E, cid=1319, SUCCESS, logIndex=0, commits[980d9c0c-33ac-4a22-b481-33b8b1eac469:c1858, e00ee311-0ce1-4115-b4c1-69648d9d3094:c1856, bb9367ec-656d-4ade-92be-004a921408cc:c1856]
2019-08-06 03:26:20,733 INFO  client.GrpcClientProtocolClient (GrpcClientProtocolClient.java:onNext(255)) - client-9DC82E534C87->980d9c0c-33ac-4a22-b481-33b8b1eac469: receive RaftClientReply:client-9DC82E534C87->980d9c0c-33ac-4a22-b481-33b8b1eac469@group-23022C6A558E, cid=1320, SUCCESS, logIndex=1859, commits[980d9c0c-33ac-4a22-b481-33b8b1eac469:c1861, e00ee311-0ce1-4115-b4c1-69648d9d3094:c1858, bb9367ec-656d-4ade-92be-004a921408cc:c1858]
2019-08-06 03:26:20,734 INFO  client.GrpcClientProtocolClient (GrpcClientProtocolClient.java:onNext(255)) - client-9DC82E534C87->980d9c0c-33ac-4a22-b481-33b8b1eac469: receive RaftClientReply:client-9DC82E534C87->980d9c0c-33ac-4a22-b481-33b8b1eac469@group-23022C6A558E, cid=1321, SUCCESS, logIndex=1860, commits[980d9c0c-33ac-4a22-b481-33b8b1eac469:c1862, e00ee311-0ce1-4115-b4c1-69648d9d3094:c1858, bb9367ec-656d-4ade-92be-004a921408cc:c1858]
2019-08-06 03:26:20,734 INFO  client.GrpcClientProtocolClient (GrpcClientProtocolClient.java:onNext(255)) - client-9DC82E534C87->980d9c0c-33ac-4a22-b481-33b8b1eac469: receive RaftClientReply:client-9DC82E534C87->980d9c0c-33ac-4a22-b481-33b8b1eac469@group-23022C6A558E, cid=1322, SUCCESS, logIndex=1861, commits[980d9c0c-33ac-4a22-b481-33b8b1eac469:c1862, e00ee311-0ce1-4115-b4c1-69648d9d3094:c1858, bb9367ec-656d-4ade-92be-004a921408cc:c1858]
2019-08-06 03:26:20,734 INFO  client.GrpcClientProtocolClient (GrpcClientProtocolClient.java:onNext(255)) - client-9DC82E534C87->980d9c0c-33ac-4a22-b481-33b8b1eac469: receive RaftClientReply:client-9DC82E534C87->980d9c0c-33ac-4a22-b481-33b8b1eac469@group-23022C6A558E, cid=1323, SUCCESS, logIndex=1862, commits[980d9c0c-33ac-4a22-b481-33b8b1eac469:c1863, e00ee311-0ce1-4115-b4c1-69648d9d3094:c1859, bb9367ec-656d-4ade-92be-004a921408cc:c1858]
2019-08-06 03:26:20,735 INFO  client.GrpcClientProtocolClient (GrpcClientProtocolClient.java:onNext(255)) - client-9DC82E534C87->980d9c0c-33ac-4a22-b481-33b8b1eac469: receive RaftClientReply:client-9DC82E534C87->980d9c0c-33ac-4a22-b481-33b8b1eac469@group-23022C6A558E, cid=1324, SUCCESS, logIndex=0, commits[980d9c0c-33ac-4a22-b481-33b8b1eac469:c1866, e00ee311-0ce1-4115-b4c1-69648d9d3094:c1862, bb9367ec-656d-4ade-92be-004a921408cc:c1862]
2019-08-06 03:26:20,755 INFO  client.GrpcClientProtocolClient (GrpcClientProtocolClient.java:onNext(255)) - client-9DC82E534C87->980d9c0c-33ac-4a22-b481-33b8b1eac469: receive RaftClientReply:client-9DC82E534C87->980d9c0c-33ac-4a22-b481-33b8b1eac469@group-23022C6A558E, cid=1325, SUCCESS, logIndex=1867, commits[980d9c0c-33ac-4a22-b481-33b8b1eac469:c1868, e00ee311-0ce1-4115-b4c1-69648d9d3094:c1866, bb9367ec-656d-4ade-92be-004a921408cc:c1866]
2019-08-06 03:26:20,755 INFO  client.GrpcClientProtocolClient (GrpcClientProtocolClient.java:onNext(255)) - client-9DC82E534C87->980d9c0c-33ac-4a22-b481-33b8b1eac469: receive RaftClientReply:client-9DC82E534C87->980d9c0c-33ac-4a22-b481-33b8b1eac469@group-23022C6A558E, cid=1326, SUCCESS, logIndex=1868, commits[980d9c0c-33ac-4a22-b481-33b8b1eac469:c1868, e00ee311-0ce1-4115-b4c1-69648d9d3094:c1866, bb9367ec-656d-4ade-92be-004a921408cc:c1866]
2019-08-06 03:26:20,770 INFO  client.GrpcClientProtocolClient (GrpcClientProtocolClient.java:onNext(255)) - client-9DC82E534C87->980d9c0c-33ac-4a22-b481-33b8b1eac469: receive RaftClientReply:client-9DC82E534C87->980d9c0c-33ac-4a22-b481-33b8b1eac469@group-23022C6A558E, cid=1327, SUCCESS, logIndex=1871, commits[980d9c0c-33ac-4a22-b481-33b8b1eac469:c1872, e00ee311-0ce1-4115-b4c1-69648d9d3094:c1868, bb9367ec-656d-4ade-92be-004a921408cc:c1868]
2019-08-06 03:26:20,770 INFO  client.GrpcClientProtocolClient (GrpcClientProtocolClient.java:onNext(255)) - client-9DC82E534C87->980d9c0c-33ac-4a22-b481-33b8b1eac469: receive RaftClientReply:client-9DC82E534C87->980d9c0c-33ac-4a22-b481-33b8b1eac469@group-23022C6A558E, cid=1328, SUCCESS, logIndex=1872, commits[980d9c0c-33ac-4a22-b481-33b8b1eac469:c1872, e00ee311-0ce1-4115-b4c1-69648d9d3094:c1868, bb9367ec-656d-4ade-92be-004a921408cc:c1868]
2019-08-06 03:26:20,786 INFO  client.GrpcClientProtocolClient (GrpcClientProtocolClient.java:onNext(255)) - client-9DC82E534C87->980d9c0c-33ac-4a22-b481-33b8b1eac469: receive RaftClientReply:client-9DC82E534C87->980d9c0c-33ac-4a22-b481-33b8b1eac469@group-23022C6A558E, cid=1329, SUCCESS, logIndex=0, commits[980d9c0c-33ac-4a22-b481-33b8b1eac469:c1874, e00ee311-0ce1-4115-b4c1-69648d9d3094:c1872, bb9367ec-656d-4ade-92be-004a921408cc:c1872]
2019-08-06 03:26:20,815 INFO  client.GrpcClientProtocolClient (GrpcClientProtocolClient.java:onNext(255)) - client-9DC82E534C87->980d9c0c-33ac-4a22-b481-33b8b1eac469: receive RaftClientReply:client-9DC82E534C87->980d9c0c-33ac-4a22-b481-33b8b1eac469@group-23022C6A558E, cid=1330, SUCCESS, logIndex=1875, commits[980d9c0c-33ac-4a22-b481-33b8b1eac469:c1876, e00ee311-0ce1-4115-b4c1-69648d9d3094:c1874, bb9367ec-656d-4ade-92be-004a921408cc:c1874]
2019-08-06 03:26:20,816 INFO  client.GrpcClientProtocolClient (GrpcClientProtocolClient.java:onNext(255)) - client-9DC82E534C87->980d9c0c-33ac-4a22-b481-33b8b1eac469: receive RaftClientReply:client-9DC82E534C87->980d9c0c-33ac-4a22-b481-33b8b1eac469@group-23022C6A558E, cid=1331, SUCCESS, logIndex=1876, commits[980d9c0c-33ac-4a22-b481-33b8b1eac469:c1876, e00ee311-0ce1-4115-b4c1-69648d9d3094:c1874, bb9367ec-656d-4ade-92be-004a921408cc:c1874]
2019-08-06 03:26:20,816 INFO  client.GrpcClientProtocolClient (GrpcClientProtocolClient.java:onNext(255)) - client-9DC82E534C87->980d9c0c-33ac-4a22-b481-33b8b1eac469: receive RaftClientReply:client-9DC82E534C87->980d9c0c-33ac-4a22-b481-33b8b1eac469@group-23022C6A558E, cid=1332, SUCCESS, logIndex=1877, commits[980d9c0c-33ac-4a22-b481-33b8b1eac469:c1878, e00ee311-0ce1-4115-b4c1-69648d9d3094:c1874, bb9367ec-656d-4ade-92be-004a921408cc:c1874]
2019-08-06 03:26:20,816 INFO  client.GrpcClientProtocolClient (GrpcClientProtocolClient.java:onNext(255)) - client-9DC82E534C87->980d9c0c-33ac-4a22-b481-33b8b1eac469: receive RaftClientReply:client-9DC82E534C87->980d9c0c-33ac-4a22-b481-33b8b1eac469@group-23022C6A558E, cid=1333, SUCCESS, logIndex=1878, commits[980d9c0c-33ac-4a22-b481-33b8b1eac469:c1878, e00ee311-0ce1-4115-b4c1-69648d9d3094:c1874, bb9367ec-656d-4ade-92be-004a921408cc:c1874]
2019-08-06 03:26:20,838 INFO  client.GrpcClientProtocolClient (GrpcClientProtocolClient.java:onNext(255)) - client-9DC82E534C87->980d9c0c-33ac-4a22-b481-33b8b1eac469: receive RaftClientReply:client-9DC82E534C87->980d9c0c-33ac-4a22-b481-33b8b1eac469@group-23022C6A558E, cid=1334, SUCCESS, logIndex=0, commits[980d9c0c-33ac-4a22-b481-33b8b1eac469:c1880, e00ee311-0ce1-4115-b4c1-69648d9d3094:c1876, bb9367ec-656d-4ade-92be-004a921408cc:c1876]
2019-08-06 03:26:20,859 INFO  client.GrpcClientProtocolClient (GrpcClientProtocolClient.java:onNext(255)) - client-9DC82E534C87->980d9c0c-33ac-4a22-b481-33b8b1eac469: receive RaftClientReply:client-9DC82E534C87->980d9c0c-33ac-4a22-b481-33b8b1eac469@group-23022C6A558E, cid=1335, SUCCESS, logIndex=1883, commits[980d9c0c-33ac-4a22-b481-33b8b1eac469:c1884, e00ee311-0ce1-4115-b4c1-69648d9d3094:c1882, bb9367ec-656d-4ade-92be-004a921408cc:c1882]
2019-08-06 03:26:20,859 INFO  client.GrpcClientProtocolClient (GrpcClientProtocolClient.java:onNext(255)) - client-9DC82E534C87->980d9c0c-33ac-4a22-b481-33b8b1eac469: receive RaftClientReply:client-9DC82E534C87->980d9c0c-33ac-4a22-b481-33b8b1eac469@group-23022C6A558E, cid=1336, SUCCESS, logIndex=1884, commits[980d9c0c-33ac-4a22-b481-33b8b1eac469:c1884, e00ee311-0ce1-4115-b4c1-69648d9d3094:c1882, bb9367ec-656d-4ade-92be-004a921408cc:c1882]
2019-08-06 03:26:20,873 INFO  client.GrpcClientProtocolClient (GrpcClientProtocolClient.java:onNext(255)) - client-9DC82E534C87->980d9c0c-33ac-4a22-b481-33b8b1eac469: receive RaftClientReply:client-9DC82E534C87->980d9c0c-33ac-4a22-b481-33b8b1eac469@group-23022C6A558E, cid=1337, SUCCESS, logIndex=1887, commits[980d9c0c-33ac-4a22-b481-33b8b1eac469:c1888, e00ee311-0ce1-4115-b4c1-69648d9d3094:c1884, bb9367ec-656d-4ade-92be-004a921408cc:c1884]
2019-08-06 03:26:20,874 INFO  client.GrpcClientProtocolClient (GrpcClientProtocolClient.java:onNext(255)) - client-9DC82E534C87->980d9c0c-33ac-4a22-b481-33b8b1eac469: receive RaftClientReply:client-9DC82E534C87->980d9c0c-33ac-4a22-b481-33b8b1eac469@group-23022C6A558E, cid=1338, SUCCESS, logIndex=1888, commits[980d9c0c-33ac-4a22-b481-33b8b1eac469:c1888, e00ee311-0ce1-4115-b4c1-69648d9d3094:c1884, bb9367ec-656d-4ade-92be-004a921408cc:c1884]
2019-08-06 03:26:20,886 INFO  client.GrpcClientProtocolClient (GrpcClientProtocolClient.java:onNext(255)) - client-9DC82E534C87->980d9c0c-33ac-4a22-b481-33b8b1eac469: receive RaftClientReply:client-9DC82E534C87->980d9c0c-33ac-4a22-b481-33b8b1eac469@group-23022C6A558E, cid=1339, SUCCESS, logIndex=0, commits[980d9c0c-33ac-4a22-b481-33b8b1eac469:c1890, e00ee311-0ce1-4115-b4c1-69648d9d3094:c1888, bb9367ec-656d-4ade-92be-004a921408cc:c1888]
2019-08-06 03:26:20,914 INFO  client.GrpcClientProtocolClient (GrpcClientProtocolClient.java:onNext(255)) - client-9DC82E534C87->980d9c0c-33ac-4a22-b481-33b8b1eac469: receive RaftClientReply:client-9DC82E534C87->980d9c0c-33ac-4a22-b481-33b8b1eac469@group-23022C6A558E, cid=1340, SUCCESS, logIndex=1891, commits[980d9c0c-33ac-4a22-b481-33b8b1eac469:c1892, e00ee311-0ce1-4115-b4c1-69648d9d3094:c1890, bb9367ec-656d-4ade-92be-004a921408cc:c1890]
2019-08-06 03:26:20,915 INFO  client.GrpcClientProtocolClient (GrpcClientProtocolClient.java:onNext(255)) - client-9DC82E534C87->980d9c0c-33ac-4a22-b481-33b8b1eac469: receive RaftClientReply:client-9DC82E534C87->980d9c0c-33ac-4a22-b481-33b8b1eac469@group-23022C6A558E, cid=1341, SUCCESS, logIndex=1892, commits[980d9c0c-33ac-4a22-b481-33b8b1eac469:c1892, e00ee311-0ce1-4115-b4c1-69648d9d3094:c1890, bb9367ec-656d-4ade-92be-004a921408cc:c1890]
2019-08-06 03:26:20,926 INFO  client.GrpcClientProtocolClient (GrpcClientProtocolClient.java:onNext(255)) - client-9DC82E534C87->980d9c0c-33ac-4a22-b481-33b8b1eac469: receive RaftClientReply:client-9DC82E534C87->980d9c0c-33ac-4a22-b481-33b8b1eac469@group-23022C6A558E, cid=1342, SUCCESS, logIndex=1893, commits[980d9c0c-33ac-4a22-b481-33b8b1eac469:c1893, e00ee311-0ce1-4115-b4c1-69648d9d3094:c1890, bb9367ec-656d-4ade-92be-004a921408cc:c1890]
2019-08-06 03:26:20,926 INFO  client.GrpcClientProtocolClient (GrpcClientProtocolClient.java:onNext(255)) - client-9DC82E534C87->980d9c0c-33ac-4a22-b481-33b8b1eac469: receive RaftClientReply:client-9DC82E534C87->980d9c0c-33ac-4a22-b481-33b8b1eac469@group-23022C6A558E, cid=1343, SUCCESS, logIndex=1894, commits[980d9c0c-33ac-4a22-b481-33b8b1eac469:c1894, e00ee311-0ce1-4115-b4c1-69648d9d3094:c1890, bb9367ec-656d-4ade-92be-004a921408cc:c1890]
2019-08-06 03:26:20,929 INFO  client.GrpcClientProtocolClient (GrpcClientProtocolClient.java:onNext(255)) - client-9DC82E534C87->980d9c0c-33ac-4a22-b481-33b8b1eac469: receive RaftClientReply:client-9DC82E534C87->980d9c0c-33ac-4a22-b481-33b8b1eac469@group-23022C6A558E, cid=1344, SUCCESS, logIndex=0, commits[980d9c0c-33ac-4a22-b481-33b8b1eac469:c1896, e00ee311-0ce1-4115-b4c1-69648d9d3094:c1892, bb9367ec-656d-4ade-92be-004a921408cc:c1892]
2019-08-06 03:26:20,941 INFO  client.GrpcClientProtocolClient (GrpcClientProtocolClient.java:onNext(255)) - client-9DC82E534C87->980d9c0c-33ac-4a22-b481-33b8b1eac469: receive RaftClientReply:client-9DC82E534C87->980d9c0c-33ac-4a22-b481-33b8b1eac469@group-23022C6A558E, cid=1345, SUCCESS, logIndex=1899, commits[980d9c0c-33ac-4a22-b481-33b8b1eac469:c1900, e00ee311-0ce1-4115-b4c1-69648d9d3094:c1894, bb9367ec-656d-4ade-92be-004a921408cc:c1896]
2019-08-06 03:26:20,941 INFO  client.GrpcClientProtocolClient (GrpcClientProtocolClient.java:onNext(255)) - client-9DC82E534C87->980d9c0c-33ac-4a22-b481-33b8b1eac469: receive RaftClientReply:client-9DC82E534C87->980d9c0c-33ac-4a22-b481-33b8b1eac469@group-23022C6A558E, cid=1346, SUCCESS, logIndex=1900, commits[980d9c0c-33ac-4a22-b481-33b8b1eac469:c1900, e00ee311-0ce1-4115-b4c1-69648d9d3094:c1896, bb9367ec-656d-4ade-92be-004a921408cc:c1896]
2019-08-06 03:26:21,047 INFO  client.GrpcClientProtocolClient (GrpcClientProtocolClient.java:onNext(255)) - client-9DC82E534C87->980d9c0c-33ac-4a22-b481-33b8b1eac469: receive RaftClientReply:client-9DC82E534C87->980d9c0c-33ac-4a22-b481-33b8b1eac469@group-23022C6A558E, cid=1347, SUCCESS, logIndex=1903, commits[980d9c0c-33ac-4a22-b481-33b8b1eac469:c1904, e00ee311-0ce1-4115-b4c1-69648d9d3094:c1902, bb9367ec-656d-4ade-92be-004a921408cc:c1902]
2019-08-06 03:26:21,048 INFO  client.GrpcClientProtocolClient (GrpcClientProtocolClient.java:onNext(255)) - client-9DC82E534C87->980d9c0c-33ac-4a22-b481-33b8b1eac469: receive RaftClientReply:client-9DC82E534C87->980d9c0c-33ac-4a22-b481-33b8b1eac469@group-23022C6A558E, cid=1348, SUCCESS, logIndex=1904, commits[980d9c0c-33ac-4a22-b481-33b8b1eac469:c1904, e00ee311-0ce1-4115-b4c1-69648d9d3094:c1902, bb9367ec-656d-4ade-92be-004a921408cc:c1902]
2019-08-06 03:26:21,059 INFO  client.GrpcClientProtocolClient (GrpcClientProtocolClient.java:onNext(255)) - client-9DC82E534C87->980d9c0c-33ac-4a22-b481-33b8b1eac469: receive RaftClientReply:client-9DC82E534C87->980d9c0c-33ac-4a22-b481-33b8b1eac469@group-23022C6A558E, cid=1349, SUCCESS, logIndex=0, commits[980d9c0c-33ac-4a22-b481-33b8b1eac469:c1904, e00ee311-0ce1-4115-b4c1-69648d9d3094:c1904, bb9367ec-656d-4ade-92be-004a921408cc:c1904]
2019-08-06 03:26:21,090 INFO  client.GrpcClientProtocolClient (GrpcClientProtocolClient.java:onNext(255)) - client-9DC82E534C87->980d9c0c-33ac-4a22-b481-33b8b1eac469: receive RaftClientReply:client-9DC82E534C87->980d9c0c-33ac-4a22-b481-33b8b1eac469@group-23022C6A558E, cid=1350, SUCCESS, logIndex=1907, commits[980d9c0c-33ac-4a22-b481-33b8b1eac469:c1908, e00ee311-0ce1-4115-b4c1-69648d9d3094:c1906, bb9367ec-656d-4ade-92be-004a921408cc:c1906]
2019-08-06 03:26:21,090 INFO  client.GrpcClientProtocolClient (GrpcClientProtocolClient.java:onNext(255)) - client-9DC82E534C87->980d9c0c-33ac-4a22-b481-33b8b1eac469: receive RaftClientReply:client-9DC82E534C87->980d9c0c-33ac-4a22-b481-33b8b1eac469@group-23022C6A558E, cid=1351, SUCCESS, logIndex=1908, commits[980d9c0c-33ac-4a22-b481-33b8b1eac469:c1909, e00ee311-0ce1-4115-b4c1-69648d9d3094:c1906, bb9367ec-656d-4ade-92be-004a921408cc:c1906]
2019-08-06 03:26:21,091 INFO  client.GrpcClientProtocolClient (GrpcClientProtocolClient.java:onNext(255)) - client-9DC82E534C87->980d9c0c-33ac-4a22-b481-33b8b1eac469: receive RaftClientReply:client-9DC82E534C87->980d9c0c-33ac-4a22-b481-33b8b1eac469@group-23022C6A558E, cid=1352, SUCCESS, logIndex=1909, commits[980d9c0c-33ac-4a22-b481-33b8b1eac469:c1909, e00ee311-0ce1-4115-b4c1-69648d9d3094:c1906, bb9367ec-656d-4ade-92be-004a921408cc:c1906]
2019-08-06 03:26:21,091 INFO  client.GrpcClientProtocolClient (GrpcClientProtocolClient.java:onNext(255)) - client-9DC82E534C87->980d9c0c-33ac-4a22-b481-33b8b1eac469: receive RaftClientReply:client-9DC82E534C87->980d9c0c-33ac-4a22-b481-33b8b1eac469@group-23022C6A558E, cid=1353, SUCCESS, logIndex=1910, commits[980d9c0c-33ac-4a22-b481-33b8b1eac469:c1910, e00ee311-0ce1-4115-b4c1-69648d9d3094:c1906, bb9367ec-656d-4ade-92be-004a921408cc:c1906]
2019-08-06 03:26:21,093 INFO  client.GrpcClientProtocolClient (GrpcClientProtocolClient.java:onNext(255)) - client-9DC82E534C87->980d9c0c-33ac-4a22-b481-33b8b1eac469: receive RaftClientReply:client-9DC82E534C87->980d9c0c-33ac-4a22-b481-33b8b1eac469@group-23022C6A558E, cid=1354, SUCCESS, logIndex=0, commits[980d9c0c-33ac-4a22-b481-33b8b1eac469:c1912, e00ee311-0ce1-4115-b4c1-69648d9d3094:c1908, bb9367ec-656d-4ade-92be-004a921408cc:c1908]
2019-08-06 03:26:21,117 INFO  client.GrpcClientProtocolClient (GrpcClientProtocolClient.java:onNext(255)) - client-9DC82E534C87->980d9c0c-33ac-4a22-b481-33b8b1eac469: receive RaftClientReply:client-9DC82E534C87->980d9c0c-33ac-4a22-b481-33b8b1eac469@group-23022C6A558E, cid=1355, SUCCESS, logIndex=1915, commits[980d9c0c-33ac-4a22-b481-33b8b1eac469:c1916, e00ee311-0ce1-4115-b4c1-69648d9d3094:c1913, bb9367ec-656d-4ade-92be-004a921408cc:c1910]
2019-08-06 03:26:21,118 INFO  client.GrpcClientProtocolClient (GrpcClientProtocolClient.java:onNext(255)) - client-9DC82E534C87->980d9c0c-33ac-4a22-b481-33b8b1eac469: receive RaftClientReply:client-9DC82E534C87->980d9c0c-33ac-4a22-b481-33b8b1eac469@group-23022C6A558E, cid=1356, SUCCESS, logIndex=1916, commits[980d9c0c-33ac-4a22-b481-33b8b1eac469:c1916, e00ee311-0ce1-4115-b4c1-69648d9d3094:c1913, bb9367ec-656d-4ade-92be-004a921408cc:c1913]
2019-08-06 03:26:21,133 INFO  client.GrpcClientProtocolClient (GrpcClientProtocolClient.java:onNext(255)) - client-9DC82E534C87->980d9c0c-33ac-4a22-b481-33b8b1eac469: receive RaftClientReply:client-9DC82E534C87->980d9c0c-33ac-4a22-b481-33b8b1eac469@group-23022C6A558E, cid=1357, SUCCESS, logIndex=1919, commits[980d9c0c-33ac-4a22-b481-33b8b1eac469:c1920, e00ee311-0ce1-4115-b4c1-69648d9d3094:c1917, bb9367ec-656d-4ade-92be-004a921408cc:c1917]
2019-08-06 03:26:21,134 INFO  client.GrpcClientProtocolClient (GrpcClientProtocolClient.java:onNext(255)) - client-9DC82E534C87->980d9c0c-33ac-4a22-b481-33b8b1eac469: receive RaftClientReply:client-9DC82E534C87->980d9c0c-33ac-4a22-b481-33b8b1eac469@group-23022C6A558E, cid=1358, SUCCESS, logIndex=1920, commits[980d9c0c-33ac-4a22-b481-33b8b1eac469:c1920, e00ee311-0ce1-4115-b4c1-69648d9d3094:c1917, bb9367ec-656d-4ade-92be-004a921408cc:c1917]
 0.00% |█                                                                                                    |  0/1 Time: 0:00:082019-08-06 03:26:21,146 INFO  client.GrpcClientProtocolClient (GrpcClientProtocolClient.java:onNext(255)) - client-9DC82E534C87->980d9c0c-33ac-4a22-b481-33b8b1eac469: receive RaftClientReply:client-9DC82E534C87->980d9c0c-33ac-4a22-b481-33b8b1eac469@group-23022C6A558E, cid=1359, SUCCESS, logIndex=0, commits[980d9c0c-33ac-4a22-b481-33b8b1eac469:c1922, e00ee311-0ce1-4115-b4c1-69648d9d3094:c1920, bb9367ec-656d-4ade-92be-004a921408cc:c1920]
2019-08-06 03:26:21,175 INFO  client.GrpcClientProtocolClient (GrpcClientProtocolClient.java:onNext(255)) - client-9DC82E534C87->980d9c0c-33ac-4a22-b481-33b8b1eac469: receive RaftClientReply:client-9DC82E534C87->980d9c0c-33ac-4a22-b481-33b8b1eac469@group-23022C6A558E, cid=1360, SUCCESS, logIndex=1923, commits[980d9c0c-33ac-4a22-b481-33b8b1eac469:c1925, e00ee311-0ce1-4115-b4c1-69648d9d3094:c1922, bb9367ec-656d-4ade-92be-004a921408cc:c1922]
2019-08-06 03:26:21,175 INFO  client.GrpcClientProtocolClient (GrpcClientProtocolClient.java:onNext(255)) - client-9DC82E534C87->980d9c0c-33ac-4a22-b481-33b8b1eac469: receive RaftClientReply:client-9DC82E534C87->980d9c0c-33ac-4a22-b481-33b8b1eac469@group-23022C6A558E, cid=1361, SUCCESS, logIndex=1924, commits[980d9c0c-33ac-4a22-b481-33b8b1eac469:c1926, e00ee311-0ce1-4115-b4c1-69648d9d3094:c1922, bb9367ec-656d-4ade-92be-004a921408cc:c1922]
2019-08-06 03:26:21,176 INFO  client.GrpcClientProtocolClient (GrpcClientProtocolClient.java:onNext(255)) - client-9DC82E534C87->980d9c0c-33ac-4a22-b481-33b8b1eac469: receive RaftClientReply:client-9DC82E534C87->980d9c0c-33ac-4a22-b481-33b8b1eac469@group-23022C6A558E, cid=1362, SUCCESS, logIndex=1925, commits[980d9c0c-33ac-4a22-b481-33b8b1eac469:c1926, e00ee311-0ce1-4115-b4c1-69648d9d3094:c1922, bb9367ec-656d-4ade-92be-004a921408cc:c1922]
2019-08-06 03:26:21,176 INFO  client.GrpcClientProtocolClient (GrpcClientProtocolClient.java:onNext(255)) - client-9DC82E534C87->980d9c0c-33ac-4a22-b481-33b8b1eac469: receive RaftClientReply:client-9DC82E534C87->980d9c0c-33ac-4a22-b481-33b8b1eac469@group-23022C6A558E, cid=1363, SUCCESS, logIndex=1926, commits[980d9c0c-33ac-4a22-b481-33b8b1eac469:c1926, e00ee311-0ce1-4115-b4c1-69648d9d3094:c1922, bb9367ec-656d-4ade-92be-004a921408cc:c1922]
2019-08-06 03:26:21,189 INFO  client.GrpcClientProtocolClient (GrpcClientProtocolClient.java:onNext(255)) - client-9DC82E534C87->980d9c0c-33ac-4a22-b481-33b8b1eac469: receive RaftClientReply:client-9DC82E534C87->980d9c0c-33ac-4a22-b481-33b8b1eac469@group-23022C6A558E, cid=1364, SUCCESS, logIndex=0, commits[980d9c0c-33ac-4a22-b481-33b8b1eac469:c1929, e00ee311-0ce1-4115-b4c1-69648d9d3094:c1925, bb9367ec-656d-4ade-92be-004a921408cc:c1924]
2019-08-06 03:26:21,208 INFO  client.GrpcClientProtocolClient (GrpcClientProtocolClient.java:onNext(255)) - client-9DC82E534C87->980d9c0c-33ac-4a22-b481-33b8b1eac469: receive RaftClientReply:client-9DC82E534C87->980d9c0c-33ac-4a22-b481-33b8b1eac469@group-23022C6A558E, cid=1365, SUCCESS, logIndex=1931, commits[980d9c0c-33ac-4a22-b481-33b8b1eac469:c1932, e00ee311-0ce1-4115-b4c1-69648d9d3094:c1930, bb9367ec-656d-4ade-92be-004a921408cc:c1930]
2019-08-06 03:26:21,209 INFO  client.GrpcClientProtocolClient (GrpcClientProtocolClient.java:onNext(255)) - client-9DC82E534C87->980d9c0c-33ac-4a22-b481-33b8b1eac469: receive RaftClientReply:client-9DC82E534C87->980d9c0c-33ac-4a22-b481-33b8b1eac469@group-23022C6A558E, cid=1366, SUCCESS, logIndex=1932, commits[980d9c0c-33ac-4a22-b481-33b8b1eac469:c1932, e00ee311-0ce1-4115-b4c1-69648d9d3094:c1930, bb9367ec-656d-4ade-92be-004a921408cc:c1930]
2019-08-06 03:26:21,223 INFO  client.GrpcClientProtocolClient (GrpcClientProtocolClient.java:onNext(255)) - client-9DC82E534C87->980d9c0c-33ac-4a22-b481-33b8b1eac469: receive RaftClientReply:client-9DC82E534C87->980d9c0c-33ac-4a22-b481-33b8b1eac469@group-23022C6A558E, cid=1367, SUCCESS, logIndex=1935, commits[980d9c0c-33ac-4a22-b481-33b8b1eac469:c1936, e00ee311-0ce1-4115-b4c1-69648d9d3094:c1932, bb9367ec-656d-4ade-92be-004a921408cc:c1932]
2019-08-06 03:26:21,224 INFO  client.GrpcClientProtocolClient (GrpcClientProtocolClient.java:onNext(255)) - client-9DC82E534C87->980d9c0c-33ac-4a22-b481-33b8b1eac469: receive RaftClientReply:client-9DC82E534C87->980d9c0c-33ac-4a22-b481-33b8b1eac469@group-23022C6A558E, cid=1368, SUCCESS, logIndex=1936, commits[980d9c0c-33ac-4a22-b481-33b8b1eac469:c1936, e00ee311-0ce1-4115-b4c1-69648d9d3094:c1932, bb9367ec-656d-4ade-92be-004a921408cc:c1932]
2019-08-06 03:26:21,237 INFO  client.GrpcClientProtocolClient (GrpcClientProtocolClient.java:onNext(255)) - client-9DC82E534C87->980d9c0c-33ac-4a22-b481-33b8b1eac469: receive RaftClientReply:client-9DC82E534C87->980d9c0c-33ac-4a22-b481-33b8b1eac469@group-23022C6A558E, cid=1369, SUCCESS, logIndex=0, commits[980d9c0c-33ac-4a22-b481-33b8b1eac469:c1937, e00ee311-0ce1-4115-b4c1-69648d9d3094:c1936, bb9367ec-656d-4ade-92be-004a921408cc:c1936]
2019-08-06 03:26:21,261 INFO  client.GrpcClientProtocolClient (GrpcClientProtocolClient.java:onNext(255)) - client-9DC82E534C87->980d9c0c-33ac-4a22-b481-33b8b1eac469: receive RaftClientReply:client-9DC82E534C87->980d9c0c-33ac-4a22-b481-33b8b1eac469@group-23022C6A558E, cid=1370, SUCCESS, logIndex=1939, commits[980d9c0c-33ac-4a22-b481-33b8b1eac469:c1941, e00ee311-0ce1-4115-b4c1-69648d9d3094:c1938, bb9367ec-656d-4ade-92be-004a921408cc:c1938]
2019-08-06 03:26:21,261 INFO  client.GrpcClientProtocolClient (GrpcClientProtocolClient.java:onNext(255)) - client-9DC82E534C87->980d9c0c-33ac-4a22-b481-33b8b1eac469: receive RaftClientReply:client-9DC82E534C87->980d9c0c-33ac-4a22-b481-33b8b1eac469@group-23022C6A558E, cid=1371, SUCCESS, logIndex=1940, commits[980d9c0c-33ac-4a22-b481-33b8b1eac469:c1942, e00ee311-0ce1-4115-b4c1-69648d9d3094:c1938, bb9367ec-656d-4ade-92be-004a921408cc:c1938]
2019-08-06 03:26:21,262 INFO  client.GrpcClientProtocolClient (GrpcClientProtocolClient.java:onNext(255)) - client-9DC82E534C87->980d9c0c-33ac-4a22-b481-33b8b1eac469: receive RaftClientReply:client-9DC82E534C87->980d9c0c-33ac-4a22-b481-33b8b1eac469@group-23022C6A558E, cid=1372, SUCCESS, logIndex=1941, commits[980d9c0c-33ac-4a22-b481-33b8b1eac469:c1942, e00ee311-0ce1-4115-b4c1-69648d9d3094:c1938, bb9367ec-656d-4ade-92be-004a921408cc:c1938]
2019-08-06 03:26:21,262 INFO  client.GrpcClientProtocolClient (GrpcClientProtocolClient.java:onNext(255)) - client-9DC82E534C87->980d9c0c-33ac-4a22-b481-33b8b1eac469: receive RaftClientReply:client-9DC82E534C87->980d9c0c-33ac-4a22-b481-33b8b1eac469@group-23022C6A558E, cid=1373, SUCCESS, logIndex=1942, commits[980d9c0c-33ac-4a22-b481-33b8b1eac469:c1942, e00ee311-0ce1-4115-b4c1-69648d9d3094:c1938, bb9367ec-656d-4ade-92be-004a921408cc:c1938]
2019-08-06 03:26:21,264 INFO  client.GrpcClientProtocolClient (GrpcClientProtocolClient.java:onNext(255)) - client-9DC82E534C87->980d9c0c-33ac-4a22-b481-33b8b1eac469: receive RaftClientReply:client-9DC82E534C87->980d9c0c-33ac-4a22-b481-33b8b1eac469@group-23022C6A558E, cid=1374, SUCCESS, logIndex=0, commits[980d9c0c-33ac-4a22-b481-33b8b1eac469:c1944, e00ee311-0ce1-4115-b4c1-69648d9d3094:c1940, bb9367ec-656d-4ade-92be-004a921408cc:c1940]
2019-08-06 03:26:21,285 INFO  client.GrpcClientProtocolClient (GrpcClientProtocolClient.java:onNext(255)) - client-9DC82E534C87->980d9c0c-33ac-4a22-b481-33b8b1eac469: receive RaftClientReply:client-9DC82E534C87->980d9c0c-33ac-4a22-b481-33b8b1eac469@group-23022C6A558E, cid=1375, SUCCESS, logIndex=1947, commits[980d9c0c-33ac-4a22-b481-33b8b1eac469:c1948, e00ee311-0ce1-4115-b4c1-69648d9d3094:c1946, bb9367ec-656d-4ade-92be-004a921408cc:c1946]
2019-08-06 03:26:21,285 INFO  client.GrpcClientProtocolClient (GrpcClientProtocolClient.java:onNext(255)) - client-9DC82E534C87->980d9c0c-33ac-4a22-b481-33b8b1eac469: receive RaftClientReply:client-9DC82E534C87->980d9c0c-33ac-4a22-b481-33b8b1eac469@group-23022C6A558E, cid=1376, SUCCESS, logIndex=1948, commits[980d9c0c-33ac-4a22-b481-33b8b1eac469:c1948, e00ee311-0ce1-4115-b4c1-69648d9d3094:c1946, bb9367ec-656d-4ade-92be-004a921408cc:c1946]
2019-08-06 03:26:21,305 INFO  client.GrpcClientProtocolClient (GrpcClientProtocolClient.java:onNext(255)) - client-9DC82E534C87->980d9c0c-33ac-4a22-b481-33b8b1eac469: receive RaftClientReply:client-9DC82E534C87->980d9c0c-33ac-4a22-b481-33b8b1eac469@group-23022C6A558E, cid=1377, SUCCESS, logIndex=1951, commits[980d9c0c-33ac-4a22-b481-33b8b1eac469:c1952, e00ee311-0ce1-4115-b4c1-69648d9d3094:c1950, bb9367ec-656d-4ade-92be-004a921408cc:c1950]
2019-08-06 03:26:21,305 INFO  client.GrpcClientProtocolClient (GrpcClientProtocolClient.java:onNext(255)) - client-9DC82E534C87->980d9c0c-33ac-4a22-b481-33b8b1eac469: receive RaftClientReply:client-9DC82E534C87->980d9c0c-33ac-4a22-b481-33b8b1eac469@group-23022C6A558E, cid=1378, SUCCESS, logIndex=1952, commits[980d9c0c-33ac-4a22-b481-33b8b1eac469:c1952, e00ee311-0ce1-4115-b4c1-69648d9d3094:c1950, bb9367ec-656d-4ade-92be-004a921408cc:c1950]
2019-08-06 03:26:21,319 INFO  client.GrpcClientProtocolClient (GrpcClientProtocolClient.java:onNext(255)) - client-9DC82E534C87->980d9c0c-33ac-4a22-b481-33b8b1eac469: receive RaftClientReply:client-9DC82E534C87->980d9c0c-33ac-4a22-b481-33b8b1eac469@group-23022C6A558E, cid=1379, SUCCESS, logIndex=0, commits[980d9c0c-33ac-4a22-b481-33b8b1eac469:c1954, e00ee311-0ce1-4115-b4c1-69648d9d3094:c1952, bb9367ec-656d-4ade-92be-004a921408cc:c1952]
2019-08-06 03:26:21,347 INFO  client.GrpcClientProtocolClient (GrpcClientProtocolClient.java:onNext(255)) - client-9DC82E534C87->980d9c0c-33ac-4a22-b481-33b8b1eac469: receive RaftClientReply:client-9DC82E534C87->980d9c0c-33ac-4a22-b481-33b8b1eac469@group-23022C6A558E, cid=1380, SUCCESS, logIndex=1955, commits[980d9c0c-33ac-4a22-b481-33b8b1eac469:c1956, e00ee311-0ce1-4115-b4c1-69648d9d3094:c1954, bb9367ec-656d-4ade-92be-004a921408cc:c1954]
2019-08-06 03:26:21,347 INFO  client.GrpcClientProtocolClient (GrpcClientProtocolClient.java:onNext(255)) - client-9DC82E534C87->980d9c0c-33ac-4a22-b481-33b8b1eac469: receive RaftClientReply:client-9DC82E534C87->980d9c0c-33ac-4a22-b481-33b8b1eac469@group-23022C6A558E, cid=1381, SUCCESS, logIndex=1956, commits[980d9c0c-33ac-4a22-b481-33b8b1eac469:c1957, e00ee311-0ce1-4115-b4c1-69648d9d3094:c1954, bb9367ec-656d-4ade-92be-004a921408cc:c1954]
2019-08-06 03:26:21,347 INFO  client.GrpcClientProtocolClient (GrpcClientProtocolClient.java:onNext(255)) - client-9DC82E534C87->980d9c0c-33ac-4a22-b481-33b8b1eac469: receive RaftClientReply:client-9DC82E534C87->980d9c0c-33ac-4a22-b481-33b8b1eac469@group-23022C6A558E, cid=1382, SUCCESS, logIndex=1957, commits[980d9c0c-33ac-4a22-b481-33b8b1eac469:c1958, e00ee311-0ce1-4115-b4c1-69648d9d3094:c1954, bb9367ec-656d-4ade-92be-004a921408cc:c1954]
2019-08-06 03:26:21,348 INFO  client.GrpcClientProtocolClient (GrpcClientProtocolClient.java:onNext(255)) - client-9DC82E534C87->980d9c0c-33ac-4a22-b481-33b8b1eac469: receive RaftClientReply:client-9DC82E534C87->980d9c0c-33ac-4a22-b481-33b8b1eac469@group-23022C6A558E, cid=1383, SUCCESS, logIndex=1958, commits[980d9c0c-33ac-4a22-b481-33b8b1eac469:c1958, e00ee311-0ce1-4115-b4c1-69648d9d3094:c1954, bb9367ec-656d-4ade-92be-004a921408cc:c1954]
2019-08-06 03:26:21,361 INFO  client.GrpcClientProtocolClient (GrpcClientProtocolClient.java:onNext(255)) - client-9DC82E534C87->980d9c0c-33ac-4a22-b481-33b8b1eac469: receive RaftClientReply:client-9DC82E534C87->980d9c0c-33ac-4a22-b481-33b8b1eac469@group-23022C6A558E, cid=1384, SUCCESS, logIndex=0, commits[980d9c0c-33ac-4a22-b481-33b8b1eac469:c1960, e00ee311-0ce1-4115-b4c1-69648d9d3094:c1956, bb9367ec-656d-4ade-92be-004a921408cc:c1956]
2019-08-06 03:26:21,380 INFO  client.GrpcClientProtocolClient (GrpcClientProtocolClient.java:onNext(255)) - client-9DC82E534C87->980d9c0c-33ac-4a22-b481-33b8b1eac469: receive RaftClientReply:client-9DC82E534C87->980d9c0c-33ac-4a22-b481-33b8b1eac469@group-23022C6A558E, cid=1385, SUCCESS, logIndex=1963, commits[980d9c0c-33ac-4a22-b481-33b8b1eac469:c1964, e00ee311-0ce1-4115-b4c1-69648d9d3094:c1962, bb9367ec-656d-4ade-92be-004a921408cc:c1962]
2019-08-06 03:26:21,380 INFO  client.GrpcClientProtocolClient (GrpcClientProtocolClient.java:onNext(255)) - client-9DC82E534C87->980d9c0c-33ac-4a22-b481-33b8b1eac469: receive RaftClientReply:client-9DC82E534C87->980d9c0c-33ac-4a22-b481-33b8b1eac469@group-23022C6A558E, cid=1386, SUCCESS, logIndex=1964, commits[980d9c0c-33ac-4a22-b481-33b8b1eac469:c1964, e00ee311-0ce1-4115-b4c1-69648d9d3094:c1962, bb9367ec-656d-4ade-92be-004a921408cc:c1962]
2019-08-06 03:26:21,393 INFO  client.GrpcClientProtocolClient (GrpcClientProtocolClient.java:onNext(255)) - client-9DC82E534C87->980d9c0c-33ac-4a22-b481-33b8b1eac469: receive RaftClientReply:client-9DC82E534C87->980d9c0c-33ac-4a22-b481-33b8b1eac469@group-23022C6A558E, cid=1387, SUCCESS, logIndex=1967, commits[980d9c0c-33ac-4a22-b481-33b8b1eac469:c1968, e00ee311-0ce1-4115-b4c1-69648d9d3094:c1964, bb9367ec-656d-4ade-92be-004a921408cc:c1964]
2019-08-06 03:26:21,393 INFO  client.GrpcClientProtocolClient (GrpcClientProtocolClient.java:onNext(255)) - client-9DC82E534C87->980d9c0c-33ac-4a22-b481-33b8b1eac469: receive RaftClientReply:client-9DC82E534C87->980d9c0c-33ac-4a22-b481-33b8b1eac469@group-23022C6A558E, cid=1388, SUCCESS, logIndex=1968, commits[980d9c0c-33ac-4a22-b481-33b8b1eac469:c1968, e00ee311-0ce1-4115-b4c1-69648d9d3094:c1964, bb9367ec-656d-4ade-92be-004a921408cc:c1964]
2019-08-06 03:26:21,406 INFO  client.GrpcClientProtocolClient (GrpcClientProtocolClient.java:onNext(255)) - client-9DC82E534C87->980d9c0c-33ac-4a22-b481-33b8b1eac469: receive RaftClientReply:client-9DC82E534C87->980d9c0c-33ac-4a22-b481-33b8b1eac469@group-23022C6A558E, cid=1389, SUCCESS, logIndex=0, commits[980d9c0c-33ac-4a22-b481-33b8b1eac469:c1969, e00ee311-0ce1-4115-b4c1-69648d9d3094:c1968, bb9367ec-656d-4ade-92be-004a921408cc:c1968]
2019-08-06 03:26:21,432 INFO  client.GrpcClientProtocolClient (GrpcClientProtocolClient.java:onNext(255)) - client-9DC82E534C87->980d9c0c-33ac-4a22-b481-33b8b1eac469: receive RaftClientReply:client-9DC82E534C87->980d9c0c-33ac-4a22-b481-33b8b1eac469@group-23022C6A558E, cid=1390, SUCCESS, logIndex=1971, commits[980d9c0c-33ac-4a22-b481-33b8b1eac469:c1973, e00ee311-0ce1-4115-b4c1-69648d9d3094:c1970, bb9367ec-656d-4ade-92be-004a921408cc:c1970]
2019-08-06 03:26:21,432 INFO  client.GrpcClientProtocolClient (GrpcClientProtocolClient.java:onNext(255)) - client-9DC82E534C87->980d9c0c-33ac-4a22-b481-33b8b1eac469: receive RaftClientReply:client-9DC82E534C87->980d9c0c-33ac-4a22-b481-33b8b1eac469@group-23022C6A558E, cid=1391, SUCCESS, logIndex=1972, commits[980d9c0c-33ac-4a22-b481-33b8b1eac469:c1974, e00ee311-0ce1-4115-b4c1-69648d9d3094:c1970, bb9367ec-656d-4ade-92be-004a921408cc:c1970]
2019-08-06 03:26:21,433 INFO  client.GrpcClientProtocolClient (GrpcClientProtocolClient.java:onNext(255)) - client-9DC82E534C87->980d9c0c-33ac-4a22-b481-33b8b1eac469: receive RaftClientReply:client-9DC82E534C87->980d9c0c-33ac-4a22-b481-33b8b1eac469@group-23022C6A558E, cid=1392, SUCCESS, logIndex=1973, commits[980d9c0c-33ac-4a22-b481-33b8b1eac469:c1974, e00ee311-0ce1-4115-b4c1-69648d9d3094:c1970, bb9367ec-656d-4ade-92be-004a921408cc:c1970]
2019-08-06 03:26:21,433 INFO  client.GrpcClientProtocolClient (GrpcClientProtocolClient.java:onNext(255)) - client-9DC82E534C87->980d9c0c-33ac-4a22-b481-33b8b1eac469: receive RaftClientReply:client-9DC82E534C87->980d9c0c-33ac-4a22-b481-33b8b1eac469@group-23022C6A558E, cid=1393, SUCCESS, logIndex=1974, commits[980d9c0c-33ac-4a22-b481-33b8b1eac469:c1974, e00ee311-0ce1-4115-b4c1-69648d9d3094:c1970, bb9367ec-656d-4ade-92be-004a921408cc:c1970]
2019-08-06 03:26:21,447 INFO  client.GrpcClientProtocolClient (GrpcClientProtocolClient.java:onNext(255)) - client-9DC82E534C87->980d9c0c-33ac-4a22-b481-33b8b1eac469: receive RaftClientReply:client-9DC82E534C87->980d9c0c-33ac-4a22-b481-33b8b1eac469@group-23022C6A558E, cid=1394, SUCCESS, logIndex=0, commits[980d9c0c-33ac-4a22-b481-33b8b1eac469:c1978, e00ee311-0ce1-4115-b4c1-69648d9d3094:c1974, bb9367ec-656d-4ade-92be-004a921408cc:c1972]
2019-08-06 03:26:21,465 INFO  client.GrpcClientProtocolClient (GrpcClientProtocolClient.java:onNext(255)) - client-9DC82E534C87->980d9c0c-33ac-4a22-b481-33b8b1eac469: receive RaftClientReply:client-9DC82E534C87->980d9c0c-33ac-4a22-b481-33b8b1eac469@group-23022C6A558E, cid=1395, SUCCESS, logIndex=1979, commits[980d9c0c-33ac-4a22-b481-33b8b1eac469:c1980, e00ee311-0ce1-4115-b4c1-69648d9d3094:c1978, bb9367ec-656d-4ade-92be-004a921408cc:c1978]
2019-08-06 03:26:21,465 INFO  client.GrpcClientProtocolClient (GrpcClientProtocolClient.java:onNext(255)) - client-9DC82E534C87->980d9c0c-33ac-4a22-b481-33b8b1eac469: receive RaftClientReply:client-9DC82E534C87->980d9c0c-33ac-4a22-b481-33b8b1eac469@group-23022C6A558E, cid=1396, SUCCESS, logIndex=1980, commits[980d9c0c-33ac-4a22-b481-33b8b1eac469:c1980, e00ee311-0ce1-4115-b4c1-69648d9d3094:c1978, bb9367ec-656d-4ade-92be-004a921408cc:c1978]
2019-08-06 03:26:21,491 INFO  client.GrpcClientProtocolClient (GrpcClientProtocolClient.java:onNext(255)) - client-9DC82E534C87->980d9c0c-33ac-4a22-b481-33b8b1eac469: receive RaftClientReply:client-9DC82E534C87->980d9c0c-33ac-4a22-b481-33b8b1eac469@group-23022C6A558E, cid=1397, SUCCESS, logIndex=1983, commits[980d9c0c-33ac-4a22-b481-33b8b1eac469:c1984, e00ee311-0ce1-4115-b4c1-69648d9d3094:c1980, bb9367ec-656d-4ade-92be-004a921408cc:c1980]
2019-08-06 03:26:21,491 INFO  client.GrpcClientProtocolClient (GrpcClientProtocolClient.java:onNext(255)) - client-9DC82E534C87->980d9c0c-33ac-4a22-b481-33b8b1eac469: receive RaftClientReply:client-9DC82E534C87->980d9c0c-33ac-4a22-b481-33b8b1eac469@group-23022C6A558E, cid=1398, SUCCESS, logIndex=1984, commits[980d9c0c-33ac-4a22-b481-33b8b1eac469:c1984, e00ee311-0ce1-4115-b4c1-69648d9d3094:c1980, bb9367ec-656d-4ade-92be-004a921408cc:c1980]
2019-08-06 03:26:21,493 INFO  client.GrpcClientProtocolClient (GrpcClientProtocolClient.java:onNext(255)) - client-9DC82E534C87->980d9c0c-33ac-4a22-b481-33b8b1eac469: receive RaftClientReply:client-9DC82E534C87->980d9c0c-33ac-4a22-b481-33b8b1eac469@group-23022C6A558E, cid=1399, SUCCESS, logIndex=0, commits[980d9c0c-33ac-4a22-b481-33b8b1eac469:c1984, e00ee311-0ce1-4115-b4c1-69648d9d3094:c1984, bb9367ec-656d-4ade-92be-004a921408cc:c1984]
2019-08-06 03:26:21,512 INFO  client.GrpcClientProtocolClient (GrpcClientProtocolClient.java:onNext(255)) - client-9DC82E534C87->980d9c0c-33ac-4a22-b481-33b8b1eac469: receive RaftClientReply:client-9DC82E534C87->980d9c0c-33ac-4a22-b481-33b8b1eac469@group-23022C6A558E, cid=1400, SUCCESS, logIndex=1987, commits[980d9c0c-33ac-4a22-b481-33b8b1eac469:c1988, e00ee311-0ce1-4115-b4c1-69648d9d3094:c1984, bb9367ec-656d-4ade-92be-004a921408cc:c1986]
2019-08-06 03:26:21,512 INFO  client.GrpcClientProtocolClient (GrpcClientProtocolClient.java:onNext(255)) - client-9DC82E534C87->980d9c0c-33ac-4a22-b481-33b8b1eac469: receive RaftClientReply:client-9DC82E534C87->980d9c0c-33ac-4a22-b481-33b8b1eac469@group-23022C6A558E, cid=1401, SUCCESS, logIndex=1988, commits[980d9c0c-33ac-4a22-b481-33b8b1eac469:c1988, e00ee311-0ce1-4115-b4c1-69648d9d3094:c1986, bb9367ec-656d-4ade-92be-004a921408cc:c1986]
2019-08-06 03:26:21,514 INFO  client.GrpcClientProtocolClient (GrpcClientProtocolClient.java:onNext(255)) - client-9DC82E534C87->980d9c0c-33ac-4a22-b481-33b8b1eac469: receive RaftClientReply:client-9DC82E534C87->980d9c0c-33ac-4a22-b481-33b8b1eac469@group-23022C6A558E, cid=1402, SUCCESS, logIndex=1989, commits[980d9c0c-33ac-4a22-b481-33b8b1eac469:c1992, e00ee311-0ce1-4115-b4c1-69648d9d3094:c1986, bb9367ec-656d-4ade-92be-004a921408cc:c1988]
2019-08-06 03:26:21,514 INFO  client.GrpcClientProtocolClient (GrpcClientProtocolClient.java:onNext(255)) - client-9DC82E534C87->980d9c0c-33ac-4a22-b481-33b8b1eac469: receive RaftClientReply:client-9DC82E534C87->980d9c0c-33ac-4a22-b481-33b8b1eac469@group-23022C6A558E, cid=1403, SUCCESS, logIndex=1990, commits[980d9c0c-33ac-4a22-b481-33b8b1eac469:c1992, e00ee311-0ce1-4115-b4c1-69648d9d3094:c1988, bb9367ec-656d-4ade-92be-004a921408cc:c1988]
2019-08-06 03:26:21,546 INFO  client.GrpcClientProtocolClient (GrpcClientProtocolClient.java:onNext(255)) - client-9DC82E534C87->980d9c0c-33ac-4a22-b481-33b8b1eac469: receive RaftClientReply:client-9DC82E534C87->980d9c0c-33ac-4a22-b481-33b8b1eac469@group-23022C6A558E, cid=1404, SUCCESS, logIndex=1995, commits[980d9c0c-33ac-4a22-b481-33b8b1eac469:c1996, e00ee311-0ce1-4115-b4c1-69648d9d3094:c1994, bb9367ec-656d-4ade-92be-004a921408cc:c1994]
2019-08-06 03:26:21,546 INFO  client.GrpcClientProtocolClient (GrpcClientProtocolClient.java:onNext(255)) - client-9DC82E534C87->980d9c0c-33ac-4a22-b481-33b8b1eac469: receive RaftClientReply:client-9DC82E534C87->980d9c0c-33ac-4a22-b481-33b8b1eac469@group-23022C6A558E, cid=1405, SUCCESS, logIndex=1996, commits[980d9c0c-33ac-4a22-b481-33b8b1eac469:c1996, e00ee311-0ce1-4115-b4c1-69648d9d3094:c1994, bb9367ec-656d-4ade-92be-004a921408cc:c1994]
2019-08-06 03:26:21,559 INFO  client.GrpcClientProtocolClient (GrpcClientProtocolClient.java:onNext(255)) - client-9DC82E534C87->980d9c0c-33ac-4a22-b481-33b8b1eac469: receive RaftClientReply:client-9DC82E534C87->980d9c0c-33ac-4a22-b481-33b8b1eac469@group-23022C6A558E, cid=1406, SUCCESS, logIndex=1999, commits[980d9c0c-33ac-4a22-b481-33b8b1eac469:c2000, e00ee311-0ce1-4115-b4c1-69648d9d3094:c1996, bb9367ec-656d-4ade-92be-004a921408cc:c1996]
2019-08-06 03:26:21,560 INFO  client.GrpcClientProtocolClient (GrpcClientProtocolClient.java:onNext(255)) - client-9DC82E534C87->980d9c0c-33ac-4a22-b481-33b8b1eac469: receive RaftClientReply:client-9DC82E534C87->980d9c0c-33ac-4a22-b481-33b8b1eac469@group-23022C6A558E, cid=1407, SUCCESS, logIndex=2000, commits[980d9c0c-33ac-4a22-b481-33b8b1eac469:c2000, e00ee311-0ce1-4115-b4c1-69648d9d3094:c1996, bb9367ec-656d-4ade-92be-004a921408cc:c1996]
2019-08-06 03:26:21,582 INFO  client.GrpcClientProtocolClient (GrpcClientProtocolClient.java:onNext(255)) - client-9DC82E534C87->980d9c0c-33ac-4a22-b481-33b8b1eac469: receive RaftClientReply:client-9DC82E534C87->980d9c0c-33ac-4a22-b481-33b8b1eac469@group-23022C6A558E, cid=1408, SUCCESS, logIndex=0, commits[980d9c0c-33ac-4a22-b481-33b8b1eac469:c2002, e00ee311-0ce1-4115-b4c1-69648d9d3094:c2000, bb9367ec-656d-4ade-92be-004a921408cc:c2000]
2019-08-06 03:26:21,610 INFO  client.GrpcClientProtocolClient (GrpcClientProtocolClient.java:onNext(255)) - client-9DC82E534C87->980d9c0c-33ac-4a22-b481-33b8b1eac469: receive RaftClientReply:client-9DC82E534C87->980d9c0c-33ac-4a22-b481-33b8b1eac469@group-23022C6A558E, cid=1409, SUCCESS, logIndex=2003, commits[980d9c0c-33ac-4a22-b481-33b8b1eac469:c2003, e00ee311-0ce1-4115-b4c1-69648d9d3094:c2002, bb9367ec-656d-4ade-92be-004a921408cc:c2002]
2019-08-06 03:26:21,611 INFO  client.GrpcClientProtocolClient (GrpcClientProtocolClient.java:onNext(255)) - client-9DC82E534C87->980d9c0c-33ac-4a22-b481-33b8b1eac469: receive RaftClientReply:client-9DC82E534C87->980d9c0c-33ac-4a22-b481-33b8b1eac469@group-23022C6A558E, cid=1410, SUCCESS, logIndex=2004, commits[980d9c0c-33ac-4a22-b481-33b8b1eac469:c2004, e00ee311-0ce1-4115-b4c1-69648d9d3094:c2002, bb9367ec-656d-4ade-92be-004a921408cc:c2002]
2019-08-06 03:26:21,611 INFO  client.GrpcClientProtocolClient (GrpcClientProtocolClient.java:onNext(255)) - client-9DC82E534C87->980d9c0c-33ac-4a22-b481-33b8b1eac469: receive RaftClientReply:client-9DC82E534C87->980d9c0c-33ac-4a22-b481-33b8b1eac469@group-23022C6A558E, cid=1411, SUCCESS, logIndex=2005, commits[980d9c0c-33ac-4a22-b481-33b8b1eac469:c2005, e00ee311-0ce1-4115-b4c1-69648d9d3094:c2002, bb9367ec-656d-4ade-92be-004a921408cc:c2002]
2019-08-06 03:26:21,612 INFO  client.GrpcClientProtocolClient (GrpcClientProtocolClient.java:onNext(255)) - client-9DC82E534C87->980d9c0c-33ac-4a22-b481-33b8b1eac469: receive RaftClientReply:client-9DC82E534C87->980d9c0c-33ac-4a22-b481-33b8b1eac469@group-23022C6A558E, cid=1412, SUCCESS, logIndex=2006, commits[980d9c0c-33ac-4a22-b481-33b8b1eac469:c2006, e00ee311-0ce1-4115-b4c1-69648d9d3094:c2002, bb9367ec-656d-4ade-92be-004a921408cc:c2002]
2019-08-06 03:26:21,613 INFO  client.GrpcClientProtocolClient (GrpcClientProtocolClient.java:onNext(255)) - client-9DC82E534C87->980d9c0c-33ac-4a22-b481-33b8b1eac469: receive RaftClientReply:client-9DC82E534C87->980d9c0c-33ac-4a22-b481-33b8b1eac469@group-23022C6A558E, cid=1413, SUCCESS, logIndex=0, commits[980d9c0c-33ac-4a22-b481-33b8b1eac469:c2009, e00ee311-0ce1-4115-b4c1-69648d9d3094:c2005, bb9367ec-656d-4ade-92be-004a921408cc:c2004]
2019-08-06 03:26:21,732 INFO  client.GrpcClientProtocolClient (GrpcClientProtocolClient.java:onNext(255)) - client-9DC82E534C87->980d9c0c-33ac-4a22-b481-33b8b1eac469: receive RaftClientReply:client-9DC82E534C87->980d9c0c-33ac-4a22-b481-33b8b1eac469@group-23022C6A558E, cid=1414, SUCCESS, logIndex=2011, commits[980d9c0c-33ac-4a22-b481-33b8b1eac469:c2012, e00ee311-0ce1-4115-b4c1-69648d9d3094:c2010, bb9367ec-656d-4ade-92be-004a921408cc:c2010]
2019-08-06 03:26:21,732 INFO  client.GrpcClientProtocolClient (GrpcClientProtocolClient.java:onNext(255)) - client-9DC82E534C87->980d9c0c-33ac-4a22-b481-33b8b1eac469: receive RaftClientReply:client-9DC82E534C87->980d9c0c-33ac-4a22-b481-33b8b1eac469@group-23022C6A558E, cid=1415, SUCCESS, logIndex=2012, commits[980d9c0c-33ac-4a22-b481-33b8b1eac469:c2012, e00ee311-0ce1-4115-b4c1-69648d9d3094:c2010, bb9367ec-656d-4ade-92be-004a921408cc:c2010]
2019-08-06 03:26:21,757 INFO  client.GrpcClientProtocolClient (GrpcClientProtocolClient.java:onNext(255)) - client-9DC82E534C87->980d9c0c-33ac-4a22-b481-33b8b1eac469: receive RaftClientReply:client-9DC82E534C87->980d9c0c-33ac-4a22-b481-33b8b1eac469@group-23022C6A558E, cid=1416, SUCCESS, logIndex=2015, commits[980d9c0c-33ac-4a22-b481-33b8b1eac469:c2016, e00ee311-0ce1-4115-b4c1-69648d9d3094:c2012, bb9367ec-656d-4ade-92be-004a921408cc:c2012]
2019-08-06 03:26:21,758 INFO  client.GrpcClientProtocolClient (GrpcClientProtocolClient.java:onNext(255)) - client-9DC82E534C87->980d9c0c-33ac-4a22-b481-33b8b1eac469: receive RaftClientReply:client-9DC82E534C87->980d9c0c-33ac-4a22-b481-33b8b1eac469@group-23022C6A558E, cid=1417, SUCCESS, logIndex=2016, commits[980d9c0c-33ac-4a22-b481-33b8b1eac469:c2016, e00ee311-0ce1-4115-b4c1-69648d9d3094:c2012, bb9367ec-656d-4ade-92be-004a921408cc:c2012]
2019-08-06 03:26:21,769 INFO  client.GrpcClientProtocolClient (GrpcClientProtocolClient.java:onNext(255)) - client-9DC82E534C87->980d9c0c-33ac-4a22-b481-33b8b1eac469: receive RaftClientReply:client-9DC82E534C87->980d9c0c-33ac-4a22-b481-33b8b1eac469@group-23022C6A558E, cid=1418, SUCCESS, logIndex=0, commits[980d9c0c-33ac-4a22-b481-33b8b1eac469:c2017, e00ee311-0ce1-4115-b4c1-69648d9d3094:c2016, bb9367ec-656d-4ade-92be-004a921408cc:c2016]
2019-08-06 03:26:21,793 INFO  client.GrpcClientProtocolClient (GrpcClientProtocolClient.java:onNext(255)) - client-9DC82E534C87->980d9c0c-33ac-4a22-b481-33b8b1eac469: receive RaftClientReply:client-9DC82E534C87->980d9c0c-33ac-4a22-b481-33b8b1eac469@group-23022C6A558E, cid=1419, SUCCESS, logIndex=2019, commits[980d9c0c-33ac-4a22-b481-33b8b1eac469:c2020, e00ee311-0ce1-4115-b4c1-69648d9d3094:c2018, bb9367ec-656d-4ade-92be-004a921408cc:c2018]
2019-08-06 03:26:21,794 INFO  client.GrpcClientProtocolClient (GrpcClientProtocolClient.java:onNext(255)) - client-9DC82E534C87->980d9c0c-33ac-4a22-b481-33b8b1eac469: receive RaftClientReply:client-9DC82E534C87->980d9c0c-33ac-4a22-b481-33b8b1eac469@group-23022C6A558E, cid=1420, SUCCESS, logIndex=2020, commits[980d9c0c-33ac-4a22-b481-33b8b1eac469:c2020, e00ee311-0ce1-4115-b4c1-69648d9d3094:c2018, bb9367ec-656d-4ade-92be-004a921408cc:c2018]
2019-08-06 03:26:21,795 INFO  client.GrpcClientProtocolClient (GrpcClientProtocolClient.java:onNext(255)) - client-9DC82E534C87->980d9c0c-33ac-4a22-b481-33b8b1eac469: receive RaftClientReply:client-9DC82E534C87->980d9c0c-33ac-4a22-b481-33b8b1eac469@group-23022C6A558E, cid=1421, SUCCESS, logIndex=2021, commits[980d9c0c-33ac-4a22-b481-33b8b1eac469:c2023, e00ee311-0ce1-4115-b4c1-69648d9d3094:c2018, bb9367ec-656d-4ade-92be-004a921408cc:c2019]
2019-08-06 03:26:21,796 INFO  client.GrpcClientProtocolClient (GrpcClientProtocolClient.java:onNext(255)) - client-9DC82E534C87->980d9c0c-33ac-4a22-b481-33b8b1eac469: receive RaftClientReply:client-9DC82E534C87->980d9c0c-33ac-4a22-b481-33b8b1eac469@group-23022C6A558E, cid=1422, SUCCESS, logIndex=2022, commits[980d9c0c-33ac-4a22-b481-33b8b1eac469:c2024, e00ee311-0ce1-4115-b4c1-69648d9d3094:c2019, bb9367ec-656d-4ade-92be-004a921408cc:c2020]
2019-08-06 03:26:21,797 INFO  client.GrpcClientProtocolClient (GrpcClientProtocolClient.java:onNext(255)) - client-9DC82E534C87->980d9c0c-33ac-4a22-b481-33b8b1eac469: receive RaftClientReply:client-9DC82E534C87->980d9c0c-33ac-4a22-b481-33b8b1eac469@group-23022C6A558E, cid=1423, SUCCESS, logIndex=0, commits[980d9c0c-33ac-4a22-b481-33b8b1eac469:c2025, e00ee311-0ce1-4115-b4c1-69648d9d3094:c2020, bb9367ec-656d-4ade-92be-004a921408cc:c2022]
2019-08-06 03:26:21,820 INFO  client.GrpcClientProtocolClient (GrpcClientProtocolClient.java:onNext(255)) - client-9DC82E534C87->980d9c0c-33ac-4a22-b481-33b8b1eac469: receive RaftClientReply:client-9DC82E534C87->980d9c0c-33ac-4a22-b481-33b8b1eac469@group-23022C6A558E, cid=1424, SUCCESS, logIndex=2027, commits[980d9c0c-33ac-4a22-b481-33b8b1eac469:c2028, e00ee311-0ce1-4115-b4c1-69648d9d3094:c2026, bb9367ec-656d-4ade-92be-004a921408cc:c2026]
2019-08-06 03:26:21,821 INFO  client.GrpcClientProtocolClient (GrpcClientProtocolClient.java:onNext(255)) - client-9DC82E534C87->980d9c0c-33ac-4a22-b481-33b8b1eac469: receive RaftClientReply:client-9DC82E534C87->980d9c0c-33ac-4a22-b481-33b8b1eac469@group-23022C6A558E, cid=1425, SUCCESS, logIndex=2028, commits[980d9c0c-33ac-4a22-b481-33b8b1eac469:c2028, e00ee311-0ce1-4115-b4c1-69648d9d3094:c2026, bb9367ec-656d-4ade-92be-004a921408cc:c2026]
2019-08-06 03:26:21,834 INFO  client.GrpcClientProtocolClient (GrpcClientProtocolClient.java:onNext(255)) - client-9DC82E534C87->980d9c0c-33ac-4a22-b481-33b8b1eac469: receive RaftClientReply:client-9DC82E534C87->980d9c0c-33ac-4a22-b481-33b8b1eac469@group-23022C6A558E, cid=1426, SUCCESS, logIndex=2031, commits[980d9c0c-33ac-4a22-b481-33b8b1eac469:c2031, e00ee311-0ce1-4115-b4c1-69648d9d3094:c2028, bb9367ec-656d-4ade-92be-004a921408cc:c2028]
2019-08-06 03:26:21,835 INFO  client.GrpcClientProtocolClient (GrpcClientProtocolClient.java:onNext(255)) - client-9DC82E534C87->980d9c0c-33ac-4a22-b481-33b8b1eac469: receive RaftClientReply:client-9DC82E534C87->980d9c0c-33ac-4a22-b481-33b8b1eac469@group-23022C6A558E, cid=1427, SUCCESS, logIndex=2032, commits[980d9c0c-33ac-4a22-b481-33b8b1eac469:c2032, e00ee311-0ce1-4115-b4c1-69648d9d3094:c2028, bb9367ec-656d-4ade-92be-004a921408cc:c2028]
2019-08-06 03:26:21,848 INFO  client.GrpcClientProtocolClient (GrpcClientProtocolClient.java:onNext(255)) - client-9DC82E534C87->980d9c0c-33ac-4a22-b481-33b8b1eac469: receive RaftClientReply:client-9DC82E534C87->980d9c0c-33ac-4a22-b481-33b8b1eac469@group-23022C6A558E, cid=1428, SUCCESS, logIndex=0, commits[980d9c0c-33ac-4a22-b481-33b8b1eac469:c2034, e00ee311-0ce1-4115-b4c1-69648d9d3094:c2032, bb9367ec-656d-4ade-92be-004a921408cc:c2032]
2019-08-06 03:26:21,876 INFO  client.GrpcClientProtocolClient (GrpcClientProtocolClient.java:onNext(255)) - client-9DC82E534C87->980d9c0c-33ac-4a22-b481-33b8b1eac469: receive RaftClientReply:client-9DC82E534C87->980d9c0c-33ac-4a22-b481-33b8b1eac469@group-23022C6A558E, cid=1429, SUCCESS, logIndex=2035, commits[980d9c0c-33ac-4a22-b481-33b8b1eac469:c2036, e00ee311-0ce1-4115-b4c1-69648d9d3094:c2034, bb9367ec-656d-4ade-92be-004a921408cc:c2034]
2019-08-06 03:26:21,877 INFO  client.GrpcClientProtocolClient (GrpcClientProtocolClient.java:onNext(255)) - client-9DC82E534C87->980d9c0c-33ac-4a22-b481-33b8b1eac469: receive RaftClientReply:client-9DC82E534C87->980d9c0c-33ac-4a22-b481-33b8b1eac469@group-23022C6A558E, cid=1430, SUCCESS, logIndex=2036, commits[980d9c0c-33ac-4a22-b481-33b8b1eac469:c2037, e00ee311-0ce1-4115-b4c1-69648d9d3094:c2034, bb9367ec-656d-4ade-92be-004a921408cc:c2034]
2019-08-06 03:26:21,877 INFO  client.GrpcClientProtocolClient (GrpcClientProtocolClient.java:onNext(255)) - client-9DC82E534C87->980d9c0c-33ac-4a22-b481-33b8b1eac469: receive RaftClientReply:client-9DC82E534C87->980d9c0c-33ac-4a22-b481-33b8b1eac469@group-23022C6A558E, cid=1431, SUCCESS, logIndex=2037, commits[980d9c0c-33ac-4a22-b481-33b8b1eac469:c2038, e00ee311-0ce1-4115-b4c1-69648d9d3094:c2034, bb9367ec-656d-4ade-92be-004a921408cc:c2034]
2019-08-06 03:26:21,878 INFO  client.GrpcClientProtocolClient (GrpcClientProtocolClient.java:onNext(255)) - client-9DC82E534C87->980d9c0c-33ac-4a22-b481-33b8b1eac469: receive RaftClientReply:client-9DC82E534C87->980d9c0c-33ac-4a22-b481-33b8b1eac469@group-23022C6A558E, cid=1432, SUCCESS, logIndex=2038, commits[980d9c0c-33ac-4a22-b481-33b8b1eac469:c2038, e00ee311-0ce1-4115-b4c1-69648d9d3094:c2034, bb9367ec-656d-4ade-92be-004a921408cc:c2034]
2019-08-06 03:26:21,879 INFO  client.GrpcClientProtocolClient (GrpcClientProtocolClient.java:onNext(255)) - client-9DC82E534C87->980d9c0c-33ac-4a22-b481-33b8b1eac469: receive RaftClientReply:client-9DC82E534C87->980d9c0c-33ac-4a22-b481-33b8b1eac469@group-23022C6A558E, cid=1433, SUCCESS, logIndex=0, commits[980d9c0c-33ac-4a22-b481-33b8b1eac469:c2040, e00ee311-0ce1-4115-b4c1-69648d9d3094:c2036, bb9367ec-656d-4ade-92be-004a921408cc:c2036]
2019-08-06 03:26:21,899 INFO  client.GrpcClientProtocolClient (GrpcClientProtocolClient.java:onNext(255)) - client-9DC82E534C87->980d9c0c-33ac-4a22-b481-33b8b1eac469: receive RaftClientReply:client-9DC82E534C87->980d9c0c-33ac-4a22-b481-33b8b1eac469@group-23022C6A558E, cid=1434, SUCCESS, logIndex=2043, commits[980d9c0c-33ac-4a22-b481-33b8b1eac469:c2044, e00ee311-0ce1-4115-b4c1-69648d9d3094:c2042, bb9367ec-656d-4ade-92be-004a921408cc:c2042]
2019-08-06 03:26:21,899 INFO  client.GrpcClientProtocolClient (GrpcClientProtocolClient.java:onNext(255)) - client-9DC82E534C87->980d9c0c-33ac-4a22-b481-33b8b1eac469: receive RaftClientReply:client-9DC82E534C87->980d9c0c-33ac-4a22-b481-33b8b1eac469@group-23022C6A558E, cid=1435, SUCCESS, logIndex=2044, commits[980d9c0c-33ac-4a22-b481-33b8b1eac469:c2044, e00ee311-0ce1-4115-b4c1-69648d9d3094:c2042, bb9367ec-656d-4ade-92be-004a921408cc:c2042]
2019-08-06 03:26:21,913 INFO  client.GrpcClientProtocolClient (GrpcClientProtocolClient.java:onNext(255)) - client-9DC82E534C87->980d9c0c-33ac-4a22-b481-33b8b1eac469: receive RaftClientReply:client-9DC82E534C87->980d9c0c-33ac-4a22-b481-33b8b1eac469@group-23022C6A558E, cid=1436, SUCCESS, logIndex=2047, commits[980d9c0c-33ac-4a22-b481-33b8b1eac469:c2047, e00ee311-0ce1-4115-b4c1-69648d9d3094:c2044, bb9367ec-656d-4ade-92be-004a921408cc:c2044]
2019-08-06 03:26:21,913 INFO  client.GrpcClientProtocolClient (GrpcClientProtocolClient.java:onNext(255)) - client-9DC82E534C87->980d9c0c-33ac-4a22-b481-33b8b1eac469: receive RaftClientReply:client-9DC82E534C87->980d9c0c-33ac-4a22-b481-33b8b1eac469@group-23022C6A558E, cid=1437, SUCCESS, logIndex=2048, commits[980d9c0c-33ac-4a22-b481-33b8b1eac469:c2048, e00ee311-0ce1-4115-b4c1-69648d9d3094:c2044, bb9367ec-656d-4ade-92be-004a921408cc:c2044]
2019-08-06 03:26:21,925 INFO  client.GrpcClientProtocolClient (GrpcClientProtocolClient.java:onNext(255)) - client-9DC82E534C87->980d9c0c-33ac-4a22-b481-33b8b1eac469: receive RaftClientReply:client-9DC82E534C87->980d9c0c-33ac-4a22-b481-33b8b1eac469@group-23022C6A558E, cid=1438, SUCCESS, logIndex=0, commits[980d9c0c-33ac-4a22-b481-33b8b1eac469:c2050, e00ee311-0ce1-4115-b4c1-69648d9d3094:c2048, bb9367ec-656d-4ade-92be-004a921408cc:c2048]
2019-08-06 03:26:21,953 INFO  client.GrpcClientProtocolClient (GrpcClientProtocolClient.java:onNext(255)) - client-9DC82E534C87->980d9c0c-33ac-4a22-b481-33b8b1eac469: receive RaftClientReply:client-9DC82E534C87->980d9c0c-33ac-4a22-b481-33b8b1eac469@group-23022C6A558E, cid=1439, SUCCESS, logIndex=2051, commits[980d9c0c-33ac-4a22-b481-33b8b1eac469:c2053, e00ee311-0ce1-4115-b4c1-69648d9d3094:c2050, bb9367ec-656d-4ade-92be-004a921408cc:c2050]
2019-08-06 03:26:21,954 INFO  client.GrpcClientProtocolClient (GrpcClientProtocolClient.java:onNext(255)) - client-9DC82E534C87->980d9c0c-33ac-4a22-b481-33b8b1eac469: receive RaftClientReply:client-9DC82E534C87->980d9c0c-33ac-4a22-b481-33b8b1eac469@group-23022C6A558E, cid=1440, SUCCESS, logIndex=2052, commits[980d9c0c-33ac-4a22-b481-33b8b1eac469:c2054, e00ee311-0ce1-4115-b4c1-69648d9d3094:c2050, bb9367ec-656d-4ade-92be-004a921408cc:c2050]
2019-08-06 03:26:21,954 INFO  client.GrpcClientProtocolClient (GrpcClientProtocolClient.java:onNext(255)) - client-9DC82E534C87->980d9c0c-33ac-4a22-b481-33b8b1eac469: receive RaftClientReply:client-9DC82E534C87->980d9c0c-33ac-4a22-b481-33b8b1eac469@group-23022C6A558E, cid=1441, SUCCESS, logIndex=2053, commits[980d9c0c-33ac-4a22-b481-33b8b1eac469:c2054, e00ee311-0ce1-4115-b4c1-69648d9d3094:c2050, bb9367ec-656d-4ade-92be-004a921408cc:c2050]
2019-08-06 03:26:21,954 INFO  client.GrpcClientProtocolClient (GrpcClientProtocolClient.java:onNext(255)) - client-9DC82E534C87->980d9c0c-33ac-4a22-b481-33b8b1eac469: receive RaftClientReply:client-9DC82E534C87->980d9c0c-33ac-4a22-b481-33b8b1eac469@group-23022C6A558E, cid=1442, SUCCESS, logIndex=2054, commits[980d9c0c-33ac-4a22-b481-33b8b1eac469:c2054, e00ee311-0ce1-4115-b4c1-69648d9d3094:c2050, bb9367ec-656d-4ade-92be-004a921408cc:c2051]
2019-08-06 03:26:21,956 INFO  client.GrpcClientProtocolClient (GrpcClientProtocolClient.java:onNext(255)) - client-9DC82E534C87->980d9c0c-33ac-4a22-b481-33b8b1eac469: receive RaftClientReply:client-9DC82E534C87->980d9c0c-33ac-4a22-b481-33b8b1eac469@group-23022C6A558E, cid=1443, SUCCESS, logIndex=0, commits[980d9c0c-33ac-4a22-b481-33b8b1eac469:c2056, e00ee311-0ce1-4115-b4c1-69648d9d3094:c2052, bb9367ec-656d-4ade-92be-004a921408cc:c2052]
2019-08-06 03:26:21,975 INFO  client.GrpcClientProtocolClient (GrpcClientProtocolClient.java:onNext(255)) - client-9DC82E534C87->980d9c0c-33ac-4a22-b481-33b8b1eac469: receive RaftClientReply:client-9DC82E534C87->980d9c0c-33ac-4a22-b481-33b8b1eac469@group-23022C6A558E, cid=1444, SUCCESS, logIndex=2059, commits[980d9c0c-33ac-4a22-b481-33b8b1eac469:c2060, e00ee311-0ce1-4115-b4c1-69648d9d3094:c2058, bb9367ec-656d-4ade-92be-004a921408cc:c2058]
2019-08-06 03:26:21,976 INFO  client.GrpcClientProtocolClient (GrpcClientProtocolClient.java:onNext(255)) - client-9DC82E534C87->980d9c0c-33ac-4a22-b481-33b8b1eac469: receive RaftClientReply:client-9DC82E534C87->980d9c0c-33ac-4a22-b481-33b8b1eac469@group-23022C6A558E, cid=1445, SUCCESS, logIndex=2060, commits[980d9c0c-33ac-4a22-b481-33b8b1eac469:c2060, e00ee311-0ce1-4115-b4c1-69648d9d3094:c2058, bb9367ec-656d-4ade-92be-004a921408cc:c2058]
2019-08-06 03:26:21,990 INFO  client.GrpcClientProtocolClient (GrpcClientProtocolClient.java:onNext(255)) - client-9DC82E534C87->980d9c0c-33ac-4a22-b481-33b8b1eac469: receive RaftClientReply:client-9DC82E534C87->980d9c0c-33ac-4a22-b481-33b8b1eac469@group-23022C6A558E, cid=1446, SUCCESS, logIndex=2063, commits[980d9c0c-33ac-4a22-b481-33b8b1eac469:c2064, e00ee311-0ce1-4115-b4c1-69648d9d3094:c2060, bb9367ec-656d-4ade-92be-004a921408cc:c2060]
2019-08-06 03:26:21,991 INFO  client.GrpcClientProtocolClient (GrpcClientProtocolClient.java:onNext(255)) - client-9DC82E534C87->980d9c0c-33ac-4a22-b481-33b8b1eac469: receive RaftClientReply:client-9DC82E534C87->980d9c0c-33ac-4a22-b481-33b8b1eac469@group-23022C6A558E, cid=1447, SUCCESS, logIndex=2064, commits[980d9c0c-33ac-4a22-b481-33b8b1eac469:c2064, e00ee311-0ce1-4115-b4c1-69648d9d3094:c2060, bb9367ec-656d-4ade-92be-004a921408cc:c2060]
2019-08-06 03:26:22,004 INFO  client.GrpcClientProtocolClient (GrpcClientProtocolClient.java:onNext(255)) - client-9DC82E534C87->980d9c0c-33ac-4a22-b481-33b8b1eac469: receive RaftClientReply:client-9DC82E534C87->980d9c0c-33ac-4a22-b481-33b8b1eac469@group-23022C6A558E, cid=1448, SUCCESS, logIndex=0, commits[980d9c0c-33ac-4a22-b481-33b8b1eac469:c2066, e00ee311-0ce1-4115-b4c1-69648d9d3094:c2064, bb9367ec-656d-4ade-92be-004a921408cc:c2064]
2019-08-06 03:26:22,030 INFO  client.GrpcClientProtocolClient (GrpcClientProtocolClient.java:onNext(255)) - client-9DC82E534C87->980d9c0c-33ac-4a22-b481-33b8b1eac469: receive RaftClientReply:client-9DC82E534C87->980d9c0c-33ac-4a22-b481-33b8b1eac469@group-23022C6A558E, cid=1449, SUCCESS, logIndex=2067, commits[980d9c0c-33ac-4a22-b481-33b8b1eac469:c2068, e00ee311-0ce1-4115-b4c1-69648d9d3094:c2066, bb9367ec-656d-4ade-92be-004a921408cc:c2066]
2019-08-06 03:26:22,030 INFO  client.GrpcClientProtocolClient (GrpcClientProtocolClient.java:onNext(255)) - client-9DC82E534C87->980d9c0c-33ac-4a22-b481-33b8b1eac469: receive RaftClientReply:client-9DC82E534C87->980d9c0c-33ac-4a22-b481-33b8b1eac469@group-23022C6A558E, cid=1450, SUCCESS, logIndex=2068, commits[980d9c0c-33ac-4a22-b481-33b8b1eac469:c2070, e00ee311-0ce1-4115-b4c1-69648d9d3094:c2066, bb9367ec-656d-4ade-92be-004a921408cc:c2066]
2019-08-06 03:26:22,030 INFO  client.GrpcClientProtocolClient (GrpcClientProtocolClient.java:onNext(255)) - client-9DC82E534C87->980d9c0c-33ac-4a22-b481-33b8b1eac469: receive RaftClientReply:client-9DC82E534C87->980d9c0c-33ac-4a22-b481-33b8b1eac469@group-23022C6A558E, cid=1451, SUCCESS, logIndex=2069, commits[980d9c0c-33ac-4a22-b481-33b8b1eac469:c2070, e00ee311-0ce1-4115-b4c1-69648d9d3094:c2066, bb9367ec-656d-4ade-92be-004a921408cc:c2066]
2019-08-06 03:26:22,030 INFO  client.GrpcClientProtocolClient (GrpcClientProtocolClient.java:onNext(255)) - client-9DC82E534C87->980d9c0c-33ac-4a22-b481-33b8b1eac469: receive RaftClientReply:client-9DC82E534C87->980d9c0c-33ac-4a22-b481-33b8b1eac469@group-23022C6A558E, cid=1452, SUCCESS, logIndex=2070, commits[980d9c0c-33ac-4a22-b481-33b8b1eac469:c2070, e00ee311-0ce1-4115-b4c1-69648d9d3094:c2066, bb9367ec-656d-4ade-92be-004a921408cc:c2066]
2019-08-06 03:26:22,033 INFO  client.GrpcClientProtocolClient (GrpcClientProtocolClient.java:onNext(255)) - client-9DC82E534C87->980d9c0c-33ac-4a22-b481-33b8b1eac469: receive RaftClientReply:client-9DC82E534C87->980d9c0c-33ac-4a22-b481-33b8b1eac469@group-23022C6A558E, cid=1453, SUCCESS, logIndex=0, commits[980d9c0c-33ac-4a22-b481-33b8b1eac469:c2073, e00ee311-0ce1-4115-b4c1-69648d9d3094:c2070, bb9367ec-656d-4ade-92be-004a921408cc:c2068]
2019-08-06 03:26:22,056 INFO  client.GrpcClientProtocolClient (GrpcClientProtocolClient.java:onNext(255)) - client-9DC82E534C87->980d9c0c-33ac-4a22-b481-33b8b1eac469: receive RaftClientReply:client-9DC82E534C87->980d9c0c-33ac-4a22-b481-33b8b1eac469@group-23022C6A558E, cid=1454, SUCCESS, logIndex=2074, commits[980d9c0c-33ac-4a22-b481-33b8b1eac469:c2075, e00ee311-0ce1-4115-b4c1-69648d9d3094:c2073, bb9367ec-656d-4ade-92be-004a921408cc:c2073]
2019-08-06 03:26:22,057 INFO  client.GrpcClientProtocolClient (GrpcClientProtocolClient.java:onNext(255)) - client-9DC82E534C87->980d9c0c-33ac-4a22-b481-33b8b1eac469: receive RaftClientReply:client-9DC82E534C87->980d9c0c-33ac-4a22-b481-33b8b1eac469@group-23022C6A558E, cid=1455, SUCCESS, logIndex=2075, commits[980d9c0c-33ac-4a22-b481-33b8b1eac469:c2075, e00ee311-0ce1-4115-b4c1-69648d9d3094:c2073, bb9367ec-656d-4ade-92be-004a921408cc:c2073]
2019-08-06 03:26:22,070 INFO  client.GrpcClientProtocolClient (GrpcClientProtocolClient.java:onNext(255)) - client-9DC82E534C87->980d9c0c-33ac-4a22-b481-33b8b1eac469: receive RaftClientReply:client-9DC82E534C87->980d9c0c-33ac-4a22-b481-33b8b1eac469@group-23022C6A558E, cid=1456, SUCCESS, logIndex=2078, commits[980d9c0c-33ac-4a22-b481-33b8b1eac469:c2078, e00ee311-0ce1-4115-b4c1-69648d9d3094:c2075, bb9367ec-656d-4ade-92be-004a921408cc:c2075]
2019-08-06 03:26:22,071 INFO  client.GrpcClientProtocolClient (GrpcClientProtocolClient.java:onNext(255)) - client-9DC82E534C87->980d9c0c-33ac-4a22-b481-33b8b1eac469: receive RaftClientReply:client-9DC82E534C87->980d9c0c-33ac-4a22-b481-33b8b1eac469@group-23022C6A558E, cid=1457, SUCCESS, logIndex=2079, commits[980d9c0c-33ac-4a22-b481-33b8b1eac469:c2079, e00ee311-0ce1-4115-b4c1-69648d9d3094:c2075, bb9367ec-656d-4ade-92be-004a921408cc:c2075]
2019-08-06 03:26:22,085 INFO  client.GrpcClientProtocolClient (GrpcClientProtocolClient.java:onNext(255)) - client-9DC82E534C87->980d9c0c-33ac-4a22-b481-33b8b1eac469: receive RaftClientReply:client-9DC82E534C87->980d9c0c-33ac-4a22-b481-33b8b1eac469@group-23022C6A558E, cid=1458, SUCCESS, logIndex=0, commits[980d9c0c-33ac-4a22-b481-33b8b1eac469:c2081, e00ee311-0ce1-4115-b4c1-69648d9d3094:c2079, bb9367ec-656d-4ade-92be-004a921408cc:c2079]
2019-08-06 03:26:22,110 INFO  client.GrpcClientProtocolClient (GrpcClientProtocolClient.java:onNext(255)) - client-9DC82E534C87->980d9c0c-33ac-4a22-b481-33b8b1eac469: receive RaftClientReply:client-9DC82E534C87->980d9c0c-33ac-4a22-b481-33b8b1eac469@group-23022C6A558E, cid=1459, SUCCESS, logIndex=2082, commits[980d9c0c-33ac-4a22-b481-33b8b1eac469:c2083, e00ee311-0ce1-4115-b4c1-69648d9d3094:c2081, bb9367ec-656d-4ade-92be-004a921408cc:c2081]
2019-08-06 03:26:22,111 INFO  client.GrpcClientProtocolClient (GrpcClientProtocolClient.java:onNext(255)) - client-9DC82E534C87->980d9c0c-33ac-4a22-b481-33b8b1eac469: receive RaftClientReply:client-9DC82E534C87->980d9c0c-33ac-4a22-b481-33b8b1eac469@group-23022C6A558E, cid=1460, SUCCESS, logIndex=2083, commits[980d9c0c-33ac-4a22-b481-33b8b1eac469:c2083, e00ee311-0ce1-4115-b4c1-69648d9d3094:c2081, bb9367ec-656d-4ade-92be-004a921408cc:c2081]
2019-08-06 03:26:22,111 INFO  client.GrpcClientProtocolClient (GrpcClientProtocolClient.java:onNext(255)) - client-9DC82E534C87->980d9c0c-33ac-4a22-b481-33b8b1eac469: receive RaftClientReply:client-9DC82E534C87->980d9c0c-33ac-4a22-b481-33b8b1eac469@group-23022C6A558E, cid=1461, SUCCESS, logIndex=2084, commits[980d9c0c-33ac-4a22-b481-33b8b1eac469:c2085, e00ee311-0ce1-4115-b4c1-69648d9d3094:c2081, bb9367ec-656d-4ade-92be-004a921408cc:c2081]
2019-08-06 03:26:22,112 INFO  client.GrpcClientProtocolClient (GrpcClientProtocolClient.java:onNext(255)) - client-9DC82E534C87->980d9c0c-33ac-4a22-b481-33b8b1eac469: receive RaftClientReply:client-9DC82E534C87->980d9c0c-33ac-4a22-b481-33b8b1eac469@group-23022C6A558E, cid=1462, SUCCESS, logIndex=2085, commits[980d9c0c-33ac-4a22-b481-33b8b1eac469:c2085, e00ee311-0ce1-4115-b4c1-69648d9d3094:c2081, bb9367ec-656d-4ade-92be-004a921408cc:c2081]
2019-08-06 03:26:22,115 INFO  client.GrpcClientProtocolClient (GrpcClientProtocolClient.java:onNext(255)) - client-9DC82E534C87->980d9c0c-33ac-4a22-b481-33b8b1eac469: receive RaftClientReply:client-9DC82E534C87->980d9c0c-33ac-4a22-b481-33b8b1eac469@group-23022C6A558E, cid=1463, SUCCESS, logIndex=0, commits[980d9c0c-33ac-4a22-b481-33b8b1eac469:c2087, e00ee311-0ce1-4115-b4c1-69648d9d3094:c2083, bb9367ec-656d-4ade-92be-004a921408cc:c2083]
2019-08-06 03:26:22,128 INFO  client.GrpcClientProtocolClient (GrpcClientProtocolClient.java:onNext(255)) - client-9DC82E534C87->980d9c0c-33ac-4a22-b481-33b8b1eac469: receive RaftClientReply:client-9DC82E534C87->980d9c0c-33ac-4a22-b481-33b8b1eac469@group-23022C6A558E, cid=1464, SUCCESS, logIndex=2090, commits[980d9c0c-33ac-4a22-b481-33b8b1eac469:c2091, e00ee311-0ce1-4115-b4c1-69648d9d3094:c2085, bb9367ec-656d-4ade-92be-004a921408cc:c2087]
2019-08-06 03:26:22,128 INFO  client.GrpcClientProtocolClient (GrpcClientProtocolClient.java:onNext(255)) - client-9DC82E534C87->980d9c0c-33ac-4a22-b481-33b8b1eac469: receive RaftClientReply:client-9DC82E534C87->980d9c0c-33ac-4a22-b481-33b8b1eac469@group-23022C6A558E, cid=1465, SUCCESS, logIndex=2091, commits[980d9c0c-33ac-4a22-b481-33b8b1eac469:c2091, e00ee311-0ce1-4115-b4c1-69648d9d3094:c2087, bb9367ec-656d-4ade-92be-004a921408cc:c2087]
 0.00% |█                                                                                                    |  0/1 Time: 0:00:092019-08-06 03:26:22,143 INFO  client.GrpcClientProtocolClient (GrpcClientProtocolClient.java:onNext(255)) - client-9DC82E534C87->980d9c0c-33ac-4a22-b481-33b8b1eac469: receive RaftClientReply:client-9DC82E534C87->980d9c0c-33ac-4a22-b481-33b8b1eac469@group-23022C6A558E, cid=1466, SUCCESS, logIndex=2093, commits[980d9c0c-33ac-4a22-b481-33b8b1eac469:c2094, e00ee311-0ce1-4115-b4c1-69648d9d3094:c2091, bb9367ec-656d-4ade-92be-004a921408cc:c2091]
2019-08-06 03:26:22,143 INFO  client.GrpcClientProtocolClient (GrpcClientProtocolClient.java:onNext(255)) - client-9DC82E534C87->980d9c0c-33ac-4a22-b481-33b8b1eac469: receive RaftClientReply:client-9DC82E534C87->980d9c0c-33ac-4a22-b481-33b8b1eac469@group-23022C6A558E, cid=1467, SUCCESS, logIndex=2094, commits[980d9c0c-33ac-4a22-b481-33b8b1eac469:c2094, e00ee311-0ce1-4115-b4c1-69648d9d3094:c2091, bb9367ec-656d-4ade-92be-004a921408cc:c2091]
2019-08-06 03:26:22,155 INFO  client.GrpcClientProtocolClient (GrpcClientProtocolClient.java:onNext(255)) - client-9DC82E534C87->980d9c0c-33ac-4a22-b481-33b8b1eac469: receive RaftClientReply:client-9DC82E534C87->980d9c0c-33ac-4a22-b481-33b8b1eac469@group-23022C6A558E, cid=1468, SUCCESS, logIndex=0, commits[980d9c0c-33ac-4a22-b481-33b8b1eac469:c2096, e00ee311-0ce1-4115-b4c1-69648d9d3094:c2094, bb9367ec-656d-4ade-92be-004a921408cc:c2094]
2019-08-06 03:26:22,181 INFO  client.GrpcClientProtocolClient (GrpcClientProtocolClient.java:onNext(255)) - client-9DC82E534C87->980d9c0c-33ac-4a22-b481-33b8b1eac469: receive RaftClientReply:client-9DC82E534C87->980d9c0c-33ac-4a22-b481-33b8b1eac469@group-23022C6A558E, cid=1469, SUCCESS, logIndex=2097, commits[980d9c0c-33ac-4a22-b481-33b8b1eac469:c2098, e00ee311-0ce1-4115-b4c1-69648d9d3094:c2096, bb9367ec-656d-4ade-92be-004a921408cc:c2096]
2019-08-06 03:26:22,182 INFO  client.GrpcClientProtocolClient (GrpcClientProtocolClient.java:onNext(255)) - client-9DC82E534C87->980d9c0c-33ac-4a22-b481-33b8b1eac469: receive RaftClientReply:client-9DC82E534C87->980d9c0c-33ac-4a22-b481-33b8b1eac469@group-23022C6A558E, cid=1470, SUCCESS, logIndex=2098, commits[980d9c0c-33ac-4a22-b481-33b8b1eac469:c2099, e00ee311-0ce1-4115-b4c1-69648d9d3094:c2096, bb9367ec-656d-4ade-92be-004a921408cc:c2096]
2019-08-06 03:26:22,182 INFO  client.GrpcClientProtocolClient (GrpcClientProtocolClient.java:onNext(255)) - client-9DC82E534C87->980d9c0c-33ac-4a22-b481-33b8b1eac469: receive RaftClientReply:client-9DC82E534C87->980d9c0c-33ac-4a22-b481-33b8b1eac469@group-23022C6A558E, cid=1471, SUCCESS, logIndex=2099, commits[980d9c0c-33ac-4a22-b481-33b8b1eac469:c2100, e00ee311-0ce1-4115-b4c1-69648d9d3094:c2096, bb9367ec-656d-4ade-92be-004a921408cc:c2096]
2019-08-06 03:26:22,183 INFO  client.GrpcClientProtocolClient (GrpcClientProtocolClient.java:onNext(255)) - client-9DC82E534C87->980d9c0c-33ac-4a22-b481-33b8b1eac469: receive RaftClientReply:client-9DC82E534C87->980d9c0c-33ac-4a22-b481-33b8b1eac469@group-23022C6A558E, cid=1472, SUCCESS, logIndex=2100, commits[980d9c0c-33ac-4a22-b481-33b8b1eac469:c2100, e00ee311-0ce1-4115-b4c1-69648d9d3094:c2096, bb9367ec-656d-4ade-92be-004a921408cc:c2096]
2019-08-06 03:26:22,185 INFO  client.GrpcClientProtocolClient (GrpcClientProtocolClient.java:onNext(255)) - client-9DC82E534C87->980d9c0c-33ac-4a22-b481-33b8b1eac469: receive RaftClientReply:client-9DC82E534C87->980d9c0c-33ac-4a22-b481-33b8b1eac469@group-23022C6A558E, cid=1473, SUCCESS, logIndex=0, commits[980d9c0c-33ac-4a22-b481-33b8b1eac469:c2101, e00ee311-0ce1-4115-b4c1-69648d9d3094:c2098, bb9367ec-656d-4ade-92be-004a921408cc:c2098]
2019-08-06 03:26:22,198 INFO  client.GrpcClientProtocolClient (GrpcClientProtocolClient.java:onNext(255)) - client-9DC82E534C87->980d9c0c-33ac-4a22-b481-33b8b1eac469: receive RaftClientReply:client-9DC82E534C87->980d9c0c-33ac-4a22-b481-33b8b1eac469@group-23022C6A558E, cid=1474, SUCCESS, logIndex=2105, commits[980d9c0c-33ac-4a22-b481-33b8b1eac469:c2106, e00ee311-0ce1-4115-b4c1-69648d9d3094:c2101, bb9367ec-656d-4ade-92be-004a921408cc:c2100]
2019-08-06 03:26:22,198 INFO  client.GrpcClientProtocolClient (GrpcClientProtocolClient.java:onNext(255)) - client-9DC82E534C87->980d9c0c-33ac-4a22-b481-33b8b1eac469: receive RaftClientReply:client-9DC82E534C87->980d9c0c-33ac-4a22-b481-33b8b1eac469@group-23022C6A558E, cid=1475, SUCCESS, logIndex=2106, commits[980d9c0c-33ac-4a22-b481-33b8b1eac469:c2106, e00ee311-0ce1-4115-b4c1-69648d9d3094:c2101, bb9367ec-656d-4ade-92be-004a921408cc:c2101]
2019-08-06 03:26:22,214 INFO  client.GrpcClientProtocolClient (GrpcClientProtocolClient.java:onNext(255)) - client-9DC82E534C87->980d9c0c-33ac-4a22-b481-33b8b1eac469: receive RaftClientReply:client-9DC82E534C87->980d9c0c-33ac-4a22-b481-33b8b1eac469@group-23022C6A558E, cid=1476, SUCCESS, logIndex=2109, commits[980d9c0c-33ac-4a22-b481-33b8b1eac469:c2110, e00ee311-0ce1-4115-b4c1-69648d9d3094:c2107, bb9367ec-656d-4ade-92be-004a921408cc:c2107]
2019-08-06 03:26:22,214 INFO  client.GrpcClientProtocolClient (GrpcClientProtocolClient.java:onNext(255)) - client-9DC82E534C87->980d9c0c-33ac-4a22-b481-33b8b1eac469: receive RaftClientReply:client-9DC82E534C87->980d9c0c-33ac-4a22-b481-33b8b1eac469@group-23022C6A558E, cid=1477, SUCCESS, logIndex=2110, commits[980d9c0c-33ac-4a22-b481-33b8b1eac469:c2110, e00ee311-0ce1-4115-b4c1-69648d9d3094:c2107, bb9367ec-656d-4ade-92be-004a921408cc:c2107]
2019-08-06 03:26:22,228 INFO  client.GrpcClientProtocolClient (GrpcClientProtocolClient.java:onNext(255)) - client-9DC82E534C87->980d9c0c-33ac-4a22-b481-33b8b1eac469: receive RaftClientReply:client-9DC82E534C87->980d9c0c-33ac-4a22-b481-33b8b1eac469@group-23022C6A558E, cid=1478, SUCCESS, logIndex=0, commits[980d9c0c-33ac-4a22-b481-33b8b1eac469:c2112, e00ee311-0ce1-4115-b4c1-69648d9d3094:c2110, bb9367ec-656d-4ade-92be-004a921408cc:c2110]
2019-08-06 03:26:22,257 INFO  client.GrpcClientProtocolClient (GrpcClientProtocolClient.java:onNext(255)) - client-9DC82E534C87->980d9c0c-33ac-4a22-b481-33b8b1eac469: receive RaftClientReply:client-9DC82E534C87->980d9c0c-33ac-4a22-b481-33b8b1eac469@group-23022C6A558E, cid=1479, SUCCESS, logIndex=2113, commits[980d9c0c-33ac-4a22-b481-33b8b1eac469:c2114, e00ee311-0ce1-4115-b4c1-69648d9d3094:c2112, bb9367ec-656d-4ade-92be-004a921408cc:c2112]
2019-08-06 03:26:22,258 INFO  client.GrpcClientProtocolClient (GrpcClientProtocolClient.java:onNext(255)) - client-9DC82E534C87->980d9c0c-33ac-4a22-b481-33b8b1eac469: receive RaftClientReply:client-9DC82E534C87->980d9c0c-33ac-4a22-b481-33b8b1eac469@group-23022C6A558E, cid=1480, SUCCESS, logIndex=2114, commits[980d9c0c-33ac-4a22-b481-33b8b1eac469:c2114, e00ee311-0ce1-4115-b4c1-69648d9d3094:c2112, bb9367ec-656d-4ade-92be-004a921408cc:c2112]
2019-08-06 03:26:22,258 INFO  client.GrpcClientProtocolClient (GrpcClientProtocolClient.java:onNext(255)) - client-9DC82E534C87->980d9c0c-33ac-4a22-b481-33b8b1eac469: receive RaftClientReply:client-9DC82E534C87->980d9c0c-33ac-4a22-b481-33b8b1eac469@group-23022C6A558E, cid=1481, SUCCESS, logIndex=2115, commits[980d9c0c-33ac-4a22-b481-33b8b1eac469:c2116, e00ee311-0ce1-4115-b4c1-69648d9d3094:c2112, bb9367ec-656d-4ade-92be-004a921408cc:c2112]
2019-08-06 03:26:22,258 INFO  client.GrpcClientProtocolClient (GrpcClientProtocolClient.java:onNext(255)) - client-9DC82E534C87->980d9c0c-33ac-4a22-b481-33b8b1eac469: receive RaftClientReply:client-9DC82E534C87->980d9c0c-33ac-4a22-b481-33b8b1eac469@group-23022C6A558E, cid=1482, SUCCESS, logIndex=2116, commits[980d9c0c-33ac-4a22-b481-33b8b1eac469:c2116, e00ee311-0ce1-4115-b4c1-69648d9d3094:c2112, bb9367ec-656d-4ade-92be-004a921408cc:c2112]
2019-08-06 03:26:22,380 INFO  client.GrpcClientProtocolClient (GrpcClientProtocolClient.java:onNext(255)) - client-9DC82E534C87->980d9c0c-33ac-4a22-b481-33b8b1eac469: receive RaftClientReply:client-9DC82E534C87->980d9c0c-33ac-4a22-b481-33b8b1eac469@group-23022C6A558E, cid=1483, SUCCESS, logIndex=0, commits[980d9c0c-33ac-4a22-b481-33b8b1eac469:c2120, e00ee311-0ce1-4115-b4c1-69648d9d3094:c2116, bb9367ec-656d-4ade-92be-004a921408cc:c2114]
2019-08-06 03:26:22,403 INFO  client.GrpcClientProtocolClient (GrpcClientProtocolClient.java:onNext(255)) - client-9DC82E534C87->980d9c0c-33ac-4a22-b481-33b8b1eac469: receive RaftClientReply:client-9DC82E534C87->980d9c0c-33ac-4a22-b481-33b8b1eac469@group-23022C6A558E, cid=1484, SUCCESS, logIndex=2121, commits[980d9c0c-33ac-4a22-b481-33b8b1eac469:c2122, e00ee311-0ce1-4115-b4c1-69648d9d3094:c2120, bb9367ec-656d-4ade-92be-004a921408cc:c2120]
2019-08-06 03:26:22,403 INFO  client.GrpcClientProtocolClient (GrpcClientProtocolClient.java:onNext(255)) - client-9DC82E534C87->980d9c0c-33ac-4a22-b481-33b8b1eac469: receive RaftClientReply:client-9DC82E534C87->980d9c0c-33ac-4a22-b481-33b8b1eac469@group-23022C6A558E, cid=1485, SUCCESS, logIndex=2122, commits[980d9c0c-33ac-4a22-b481-33b8b1eac469:c2122, e00ee311-0ce1-4115-b4c1-69648d9d3094:c2120, bb9367ec-656d-4ade-92be-004a921408cc:c2120]
2019-08-06 03:26:22,416 INFO  client.GrpcClientProtocolClient (GrpcClientProtocolClient.java:onNext(255)) - client-9DC82E534C87->980d9c0c-33ac-4a22-b481-33b8b1eac469: receive RaftClientReply:client-9DC82E534C87->980d9c0c-33ac-4a22-b481-33b8b1eac469@group-23022C6A558E, cid=1486, SUCCESS, logIndex=2125, commits[980d9c0c-33ac-4a22-b481-33b8b1eac469:c2126, e00ee311-0ce1-4115-b4c1-69648d9d3094:c2122, bb9367ec-656d-4ade-92be-004a921408cc:c2122]
2019-08-06 03:26:22,416 INFO  client.GrpcClientProtocolClient (GrpcClientProtocolClient.java:onNext(255)) - client-9DC82E534C87->980d9c0c-33ac-4a22-b481-33b8b1eac469: receive RaftClientReply:client-9DC82E534C87->980d9c0c-33ac-4a22-b481-33b8b1eac469@group-23022C6A558E, cid=1487, SUCCESS, logIndex=2126, commits[980d9c0c-33ac-4a22-b481-33b8b1eac469:c2126, e00ee311-0ce1-4115-b4c1-69648d9d3094:c2122, bb9367ec-656d-4ade-92be-004a921408cc:c2122]
2019-08-06 03:26:22,431 INFO  client.GrpcClientProtocolClient (GrpcClientProtocolClient.java:onNext(255)) - client-9DC82E534C87->980d9c0c-33ac-4a22-b481-33b8b1eac469: receive RaftClientReply:client-9DC82E534C87->980d9c0c-33ac-4a22-b481-33b8b1eac469@group-23022C6A558E, cid=1488, SUCCESS, logIndex=0, commits[980d9c0c-33ac-4a22-b481-33b8b1eac469:c2128, e00ee311-0ce1-4115-b4c1-69648d9d3094:c2126, bb9367ec-656d-4ade-92be-004a921408cc:c2126]
2019-08-06 03:26:22,461 INFO  client.GrpcClientProtocolClient (GrpcClientProtocolClient.java:onNext(255)) - client-9DC82E534C87->980d9c0c-33ac-4a22-b481-33b8b1eac469: receive RaftClientReply:client-9DC82E534C87->980d9c0c-33ac-4a22-b481-33b8b1eac469@group-23022C6A558E, cid=1489, SUCCESS, logIndex=2129, commits[980d9c0c-33ac-4a22-b481-33b8b1eac469:c2129, e00ee311-0ce1-4115-b4c1-69648d9d3094:c2128, bb9367ec-656d-4ade-92be-004a921408cc:c2128]
2019-08-06 03:26:22,462 INFO  client.GrpcClientProtocolClient (GrpcClientProtocolClient.java:onNext(255)) - client-9DC82E534C87->980d9c0c-33ac-4a22-b481-33b8b1eac469: receive RaftClientReply:client-9DC82E534C87->980d9c0c-33ac-4a22-b481-33b8b1eac469@group-23022C6A558E, cid=1490, SUCCESS, logIndex=2130, commits[980d9c0c-33ac-4a22-b481-33b8b1eac469:c2132, e00ee311-0ce1-4115-b4c1-69648d9d3094:c2128, bb9367ec-656d-4ade-92be-004a921408cc:c2128]
2019-08-06 03:26:22,462 INFO  client.GrpcClientProtocolClient (GrpcClientProtocolClient.java:onNext(255)) - client-9DC82E534C87->980d9c0c-33ac-4a22-b481-33b8b1eac469: receive RaftClientReply:client-9DC82E534C87->980d9c0c-33ac-4a22-b481-33b8b1eac469@group-23022C6A558E, cid=1491, SUCCESS, logIndex=2131, commits[980d9c0c-33ac-4a22-b481-33b8b1eac469:c2132, e00ee311-0ce1-4115-b4c1-69648d9d3094:c2128, bb9367ec-656d-4ade-92be-004a921408cc:c2128]
2019-08-06 03:26:22,462 INFO  client.GrpcClientProtocolClient (GrpcClientProtocolClient.java:onNext(255)) - client-9DC82E534C87->980d9c0c-33ac-4a22-b481-33b8b1eac469: receive RaftClientReply:client-9DC82E534C87->980d9c0c-33ac-4a22-b481-33b8b1eac469@group-23022C6A558E, cid=1492, SUCCESS, logIndex=2132, commits[980d9c0c-33ac-4a22-b481-33b8b1eac469:c2132, e00ee311-0ce1-4115-b4c1-69648d9d3094:c2128, bb9367ec-656d-4ade-92be-004a921408cc:c2128]
2019-08-06 03:26:22,476 INFO  client.GrpcClientProtocolClient (GrpcClientProtocolClient.java:onNext(255)) - client-9DC82E534C87->980d9c0c-33ac-4a22-b481-33b8b1eac469: receive RaftClientReply:client-9DC82E534C87->980d9c0c-33ac-4a22-b481-33b8b1eac469@group-23022C6A558E, cid=1493, SUCCESS, logIndex=0, commits[980d9c0c-33ac-4a22-b481-33b8b1eac469:c2135, e00ee311-0ce1-4115-b4c1-69648d9d3094:c2131, bb9367ec-656d-4ade-92be-004a921408cc:c2132]
2019-08-06 03:26:22,496 INFO  client.GrpcClientProtocolClient (GrpcClientProtocolClient.java:onNext(255)) - client-9DC82E534C87->980d9c0c-33ac-4a22-b481-33b8b1eac469: receive RaftClientReply:client-9DC82E534C87->980d9c0c-33ac-4a22-b481-33b8b1eac469@group-23022C6A558E, cid=1494, SUCCESS, logIndex=2136, commits[980d9c0c-33ac-4a22-b481-33b8b1eac469:c2137, e00ee311-0ce1-4115-b4c1-69648d9d3094:c2135, bb9367ec-656d-4ade-92be-004a921408cc:c2135]
2019-08-06 03:26:22,496 INFO  client.GrpcClientProtocolClient (GrpcClientProtocolClient.java:onNext(255)) - client-9DC82E534C87->980d9c0c-33ac-4a22-b481-33b8b1eac469: receive RaftClientReply:client-9DC82E534C87->980d9c0c-33ac-4a22-b481-33b8b1eac469@group-23022C6A558E, cid=1495, SUCCESS, logIndex=2137, commits[980d9c0c-33ac-4a22-b481-33b8b1eac469:c2137, e00ee311-0ce1-4115-b4c1-69648d9d3094:c2135, bb9367ec-656d-4ade-92be-004a921408cc:c2135]
2019-08-06 03:26:22,510 INFO  client.GrpcClientProtocolClient (GrpcClientProtocolClient.java:onNext(255)) - client-9DC82E534C87->980d9c0c-33ac-4a22-b481-33b8b1eac469: receive RaftClientReply:client-9DC82E534C87->980d9c0c-33ac-4a22-b481-33b8b1eac469@group-23022C6A558E, cid=1496, SUCCESS, logIndex=2140, commits[980d9c0c-33ac-4a22-b481-33b8b1eac469:c2141, e00ee311-0ce1-4115-b4c1-69648d9d3094:c2137, bb9367ec-656d-4ade-92be-004a921408cc:c2137]
2019-08-06 03:26:22,511 INFO  client.GrpcClientProtocolClient (GrpcClientProtocolClient.java:onNext(255)) - client-9DC82E534C87->980d9c0c-33ac-4a22-b481-33b8b1eac469: receive RaftClientReply:client-9DC82E534C87->980d9c0c-33ac-4a22-b481-33b8b1eac469@group-23022C6A558E, cid=1497, SUCCESS, logIndex=2141, commits[980d9c0c-33ac-4a22-b481-33b8b1eac469:c2141, e00ee311-0ce1-4115-b4c1-69648d9d3094:c2137, bb9367ec-656d-4ade-92be-004a921408cc:c2137]
2019-08-06 03:26:22,522 INFO  client.GrpcClientProtocolClient (GrpcClientProtocolClient.java:onNext(255)) - client-9DC82E534C87->980d9c0c-33ac-4a22-b481-33b8b1eac469: receive RaftClientReply:client-9DC82E534C87->980d9c0c-33ac-4a22-b481-33b8b1eac469@group-23022C6A558E, cid=1498, SUCCESS, logIndex=0, commits[980d9c0c-33ac-4a22-b481-33b8b1eac469:c2141, e00ee311-0ce1-4115-b4c1-69648d9d3094:c2141, bb9367ec-656d-4ade-92be-004a921408cc:c2141]
2019-08-06 03:26:22,549 INFO  client.GrpcClientProtocolClient (GrpcClientProtocolClient.java:onNext(255)) - client-9DC82E534C87->980d9c0c-33ac-4a22-b481-33b8b1eac469: receive RaftClientReply:client-9DC82E534C87->980d9c0c-33ac-4a22-b481-33b8b1eac469@group-23022C6A558E, cid=1499, SUCCESS, logIndex=2144, commits[980d9c0c-33ac-4a22-b481-33b8b1eac469:c2145, e00ee311-0ce1-4115-b4c1-69648d9d3094:c2143, bb9367ec-656d-4ade-92be-004a921408cc:c2143]
2019-08-06 03:26:22,550 INFO  client.GrpcClientProtocolClient (GrpcClientProtocolClient.java:onNext(255)) - client-9DC82E534C87->980d9c0c-33ac-4a22-b481-33b8b1eac469: receive RaftClientReply:client-9DC82E534C87->980d9c0c-33ac-4a22-b481-33b8b1eac469@group-23022C6A558E, cid=1500, SUCCESS, logIndex=2145, commits[980d9c0c-33ac-4a22-b481-33b8b1eac469:c2145, e00ee311-0ce1-4115-b4c1-69648d9d3094:c2143, bb9367ec-656d-4ade-92be-004a921408cc:c2143]
2019-08-06 03:26:22,550 INFO  client.GrpcClientProtocolClient (GrpcClientProtocolClient.java:onNext(255)) - client-9DC82E534C87->980d9c0c-33ac-4a22-b481-33b8b1eac469: receive RaftClientReply:client-9DC82E534C87->980d9c0c-33ac-4a22-b481-33b8b1eac469@group-23022C6A558E, cid=1501, SUCCESS, logIndex=2146, commits[980d9c0c-33ac-4a22-b481-33b8b1eac469:c2147, e00ee311-0ce1-4115-b4c1-69648d9d3094:c2143, bb9367ec-656d-4ade-92be-004a921408cc:c2143]
2019-08-06 03:26:22,550 INFO  client.GrpcClientProtocolClient (GrpcClientProtocolClient.java:onNext(255)) - client-9DC82E534C87->980d9c0c-33ac-4a22-b481-33b8b1eac469: receive RaftClientReply:client-9DC82E534C87->980d9c0c-33ac-4a22-b481-33b8b1eac469@group-23022C6A558E, cid=1502, SUCCESS, logIndex=2147, commits[980d9c0c-33ac-4a22-b481-33b8b1eac469:c2147, e00ee311-0ce1-4115-b4c1-69648d9d3094:c2143, bb9367ec-656d-4ade-92be-004a921408cc:c2143]
2019-08-06 03:26:22,563 INFO  client.GrpcClientProtocolClient (GrpcClientProtocolClient.java:onNext(255)) - client-9DC82E534C87->980d9c0c-33ac-4a22-b481-33b8b1eac469: receive RaftClientReply:client-9DC82E534C87->980d9c0c-33ac-4a22-b481-33b8b1eac469@group-23022C6A558E, cid=1503, SUCCESS, logIndex=0, commits[980d9c0c-33ac-4a22-b481-33b8b1eac469:c2149, e00ee311-0ce1-4115-b4c1-69648d9d3094:c2145, bb9367ec-656d-4ade-92be-004a921408cc:c2145]
2019-08-06 03:26:22,584 INFO  client.GrpcClientProtocolClient (GrpcClientProtocolClient.java:onNext(255)) - client-9DC82E534C87->980d9c0c-33ac-4a22-b481-33b8b1eac469: receive RaftClientReply:client-9DC82E534C87->980d9c0c-33ac-4a22-b481-33b8b1eac469@group-23022C6A558E, cid=1504, SUCCESS, logIndex=2152, commits[980d9c0c-33ac-4a22-b481-33b8b1eac469:c2153, e00ee311-0ce1-4115-b4c1-69648d9d3094:c2147, bb9367ec-656d-4ade-92be-004a921408cc:c2151]
2019-08-06 03:26:22,585 INFO  client.GrpcClientProtocolClient (GrpcClientProtocolClient.java:onNext(255)) - client-9DC82E534C87->980d9c0c-33ac-4a22-b481-33b8b1eac469: receive RaftClientReply:client-9DC82E534C87->980d9c0c-33ac-4a22-b481-33b8b1eac469@group-23022C6A558E, cid=1505, SUCCESS, logIndex=2153, commits[980d9c0c-33ac-4a22-b481-33b8b1eac469:c2153, e00ee311-0ce1-4115-b4c1-69648d9d3094:c2151, bb9367ec-656d-4ade-92be-004a921408cc:c2151]
2019-08-06 03:26:22,601 INFO  client.GrpcClientProtocolClient (GrpcClientProtocolClient.java:onNext(255)) - client-9DC82E534C87->980d9c0c-33ac-4a22-b481-33b8b1eac469: receive RaftClientReply:client-9DC82E534C87->980d9c0c-33ac-4a22-b481-33b8b1eac469@group-23022C6A558E, cid=1506, SUCCESS, logIndex=2156, commits[980d9c0c-33ac-4a22-b481-33b8b1eac469:c2157, e00ee311-0ce1-4115-b4c1-69648d9d3094:c2152, bb9367ec-656d-4ade-92be-004a921408cc:c2153]
2019-08-06 03:26:22,601 INFO  client.GrpcClientProtocolClient (GrpcClientProtocolClient.java:onNext(255)) - client-9DC82E534C87->980d9c0c-33ac-4a22-b481-33b8b1eac469: receive RaftClientReply:client-9DC82E534C87->980d9c0c-33ac-4a22-b481-33b8b1eac469@group-23022C6A558E, cid=1507, SUCCESS, logIndex=2157, commits[980d9c0c-33ac-4a22-b481-33b8b1eac469:c2157, e00ee311-0ce1-4115-b4c1-69648d9d3094:c2153, bb9367ec-656d-4ade-92be-004a921408cc:c2153]
2019-08-06 03:26:22,613 INFO  client.GrpcClientProtocolClient (GrpcClientProtocolClient.java:onNext(255)) - client-9DC82E534C87->980d9c0c-33ac-4a22-b481-33b8b1eac469: receive RaftClientReply:client-9DC82E534C87->980d9c0c-33ac-4a22-b481-33b8b1eac469@group-23022C6A558E, cid=1508, SUCCESS, logIndex=0, commits[980d9c0c-33ac-4a22-b481-33b8b1eac469:c2158, e00ee311-0ce1-4115-b4c1-69648d9d3094:c2157, bb9367ec-656d-4ade-92be-004a921408cc:c2157]
2019-08-06 03:26:22,644 INFO  client.GrpcClientProtocolClient (GrpcClientProtocolClient.java:onNext(255)) - client-9DC82E534C87->980d9c0c-33ac-4a22-b481-33b8b1eac469: receive RaftClientReply:client-9DC82E534C87->980d9c0c-33ac-4a22-b481-33b8b1eac469@group-23022C6A558E, cid=1509, SUCCESS, logIndex=2159, commits[980d9c0c-33ac-4a22-b481-33b8b1eac469:c2160, e00ee311-0ce1-4115-b4c1-69648d9d3094:c2157, bb9367ec-656d-4ade-92be-004a921408cc:c2158]
2019-08-06 03:26:22,644 INFO  client.GrpcClientProtocolClient (GrpcClientProtocolClient.java:onNext(255)) - client-9DC82E534C87->980d9c0c-33ac-4a22-b481-33b8b1eac469: receive RaftClientReply:client-9DC82E534C87->980d9c0c-33ac-4a22-b481-33b8b1eac469@group-23022C6A558E, cid=1510, SUCCESS, logIndex=2160, commits[980d9c0c-33ac-4a22-b481-33b8b1eac469:c2160, e00ee311-0ce1-4115-b4c1-69648d9d3094:c2157, bb9367ec-656d-4ade-92be-004a921408cc:c2158]
2019-08-06 03:26:22,647 INFO  client.GrpcClientProtocolClient (GrpcClientProtocolClient.java:onNext(255)) - client-9DC82E534C87->980d9c0c-33ac-4a22-b481-33b8b1eac469: receive RaftClientReply:client-9DC82E534C87->980d9c0c-33ac-4a22-b481-33b8b1eac469@group-23022C6A558E, cid=1511, SUCCESS, logIndex=2161, commits[980d9c0c-33ac-4a22-b481-33b8b1eac469:c2164, e00ee311-0ce1-4115-b4c1-69648d9d3094:c2160, bb9367ec-656d-4ade-92be-004a921408cc:c2158]
2019-08-06 03:26:22,647 INFO  client.GrpcClientProtocolClient (GrpcClientProtocolClient.java:onNext(255)) - client-9DC82E534C87->980d9c0c-33ac-4a22-b481-33b8b1eac469: receive RaftClientReply:client-9DC82E534C87->980d9c0c-33ac-4a22-b481-33b8b1eac469@group-23022C6A558E, cid=1512, SUCCESS, logIndex=2162, commits[980d9c0c-33ac-4a22-b481-33b8b1eac469:c2164, e00ee311-0ce1-4115-b4c1-69648d9d3094:c2160, bb9367ec-656d-4ade-92be-004a921408cc:c2158]
2019-08-06 03:26:22,649 INFO  client.GrpcClientProtocolClient (GrpcClientProtocolClient.java:onNext(255)) - client-9DC82E534C87->980d9c0c-33ac-4a22-b481-33b8b1eac469: receive RaftClientReply:client-9DC82E534C87->980d9c0c-33ac-4a22-b481-33b8b1eac469@group-23022C6A558E, cid=1513, SUCCESS, logIndex=0, commits[980d9c0c-33ac-4a22-b481-33b8b1eac469:c2166, e00ee311-0ce1-4115-b4c1-69648d9d3094:c2162, bb9367ec-656d-4ade-92be-004a921408cc:c2160]
2019-08-06 03:26:22,662 INFO  client.GrpcClientProtocolClient (GrpcClientProtocolClient.java:onNext(255)) - client-9DC82E534C87->980d9c0c-33ac-4a22-b481-33b8b1eac469: receive RaftClientReply:client-9DC82E534C87->980d9c0c-33ac-4a22-b481-33b8b1eac469@group-23022C6A558E, cid=1514, SUCCESS, logIndex=2167, commits[980d9c0c-33ac-4a22-b481-33b8b1eac469:c2168, e00ee311-0ce1-4115-b4c1-69648d9d3094:c2166, bb9367ec-656d-4ade-92be-004a921408cc:c2166]
2019-08-06 03:26:22,663 INFO  client.GrpcClientProtocolClient (GrpcClientProtocolClient.java:onNext(255)) - client-9DC82E534C87->980d9c0c-33ac-4a22-b481-33b8b1eac469: receive RaftClientReply:client-9DC82E534C87->980d9c0c-33ac-4a22-b481-33b8b1eac469@group-23022C6A558E, cid=1515, SUCCESS, logIndex=2168, commits[980d9c0c-33ac-4a22-b481-33b8b1eac469:c2168, e00ee311-0ce1-4115-b4c1-69648d9d3094:c2166, bb9367ec-656d-4ade-92be-004a921408cc:c2166]
2019-08-06 03:26:22,676 INFO  client.GrpcClientProtocolClient (GrpcClientProtocolClient.java:onNext(255)) - client-9DC82E534C87->980d9c0c-33ac-4a22-b481-33b8b1eac469: receive RaftClientReply:client-9DC82E534C87->980d9c0c-33ac-4a22-b481-33b8b1eac469@group-23022C6A558E, cid=1516, SUCCESS, logIndex=2171, commits[980d9c0c-33ac-4a22-b481-33b8b1eac469:c2171, e00ee311-0ce1-4115-b4c1-69648d9d3094:c2168, bb9367ec-656d-4ade-92be-004a921408cc:c2168]
2019-08-06 03:26:22,676 INFO  client.GrpcClientProtocolClient (GrpcClientProtocolClient.java:onNext(255)) - client-9DC82E534C87->980d9c0c-33ac-4a22-b481-33b8b1eac469: receive RaftClientReply:client-9DC82E534C87->980d9c0c-33ac-4a22-b481-33b8b1eac469@group-23022C6A558E, cid=1517, SUCCESS, logIndex=2172, commits[980d9c0c-33ac-4a22-b481-33b8b1eac469:c2172, e00ee311-0ce1-4115-b4c1-69648d9d3094:c2168, bb9367ec-656d-4ade-92be-004a921408cc:c2168]
2019-08-06 03:26:22,689 INFO  client.GrpcClientProtocolClient (GrpcClientProtocolClient.java:onNext(255)) - client-9DC82E534C87->980d9c0c-33ac-4a22-b481-33b8b1eac469: receive RaftClientReply:client-9DC82E534C87->980d9c0c-33ac-4a22-b481-33b8b1eac469@group-23022C6A558E, cid=1518, SUCCESS, logIndex=0, commits[980d9c0c-33ac-4a22-b481-33b8b1eac469:c2174, e00ee311-0ce1-4115-b4c1-69648d9d3094:c2172, bb9367ec-656d-4ade-92be-004a921408cc:c2172]
2019-08-06 03:26:22,719 INFO  client.GrpcClientProtocolClient (GrpcClientProtocolClient.java:onNext(255)) - client-9DC82E534C87->980d9c0c-33ac-4a22-b481-33b8b1eac469: receive RaftClientReply:client-9DC82E534C87->980d9c0c-33ac-4a22-b481-33b8b1eac469@group-23022C6A558E, cid=1519, SUCCESS, logIndex=2175, commits[980d9c0c-33ac-4a22-b481-33b8b1eac469:c2177, e00ee311-0ce1-4115-b4c1-69648d9d3094:c2174, bb9367ec-656d-4ade-92be-004a921408cc:c2174]
2019-08-06 03:26:22,720 INFO  client.GrpcClientProtocolClient (GrpcClientProtocolClient.java:onNext(255)) - client-9DC82E534C87->980d9c0c-33ac-4a22-b481-33b8b1eac469: receive RaftClientReply:client-9DC82E534C87->980d9c0c-33ac-4a22-b481-33b8b1eac469@group-23022C6A558E, cid=1520, SUCCESS, logIndex=2176, commits[980d9c0c-33ac-4a22-b481-33b8b1eac469:c2178, e00ee311-0ce1-4115-b4c1-69648d9d3094:c2174, bb9367ec-656d-4ade-92be-004a921408cc:c2174]
2019-08-06 03:26:22,720 INFO  client.GrpcClientProtocolClient (GrpcClientProtocolClient.java:onNext(255)) - client-9DC82E534C87->980d9c0c-33ac-4a22-b481-33b8b1eac469: receive RaftClientReply:client-9DC82E534C87->980d9c0c-33ac-4a22-b481-33b8b1eac469@group-23022C6A558E, cid=1521, SUCCESS, logIndex=2177, commits[980d9c0c-33ac-4a22-b481-33b8b1eac469:c2178, e00ee311-0ce1-4115-b4c1-69648d9d3094:c2174, bb9367ec-656d-4ade-92be-004a921408cc:c2174]
2019-08-06 03:26:22,720 INFO  client.GrpcClientProtocolClient (GrpcClientProtocolClient.java:onNext(255)) - client-9DC82E534C87->980d9c0c-33ac-4a22-b481-33b8b1eac469: receive RaftClientReply:client-9DC82E534C87->980d9c0c-33ac-4a22-b481-33b8b1eac469@group-23022C6A558E, cid=1522, SUCCESS, logIndex=2178, commits[980d9c0c-33ac-4a22-b481-33b8b1eac469:c2178, e00ee311-0ce1-4115-b4c1-69648d9d3094:c2174, bb9367ec-656d-4ade-92be-004a921408cc:c2174]
2019-08-06 03:26:22,722 INFO  client.GrpcClientProtocolClient (GrpcClientProtocolClient.java:onNext(255)) - client-9DC82E534C87->980d9c0c-33ac-4a22-b481-33b8b1eac469: receive RaftClientReply:client-9DC82E534C87->980d9c0c-33ac-4a22-b481-33b8b1eac469@group-23022C6A558E, cid=1523, SUCCESS, logIndex=0, commits[980d9c0c-33ac-4a22-b481-33b8b1eac469:c2179, e00ee311-0ce1-4115-b4c1-69648d9d3094:c2176, bb9367ec-656d-4ade-92be-004a921408cc:c2176]
2019-08-06 03:26:22,735 INFO  client.GrpcClientProtocolClient (GrpcClientProtocolClient.java:onNext(255)) - client-9DC82E534C87->980d9c0c-33ac-4a22-b481-33b8b1eac469: receive RaftClientReply:client-9DC82E534C87->980d9c0c-33ac-4a22-b481-33b8b1eac469@group-23022C6A558E, cid=1524, SUCCESS, logIndex=2183, commits[980d9c0c-33ac-4a22-b481-33b8b1eac469:c2184, e00ee311-0ce1-4115-b4c1-69648d9d3094:c2178, bb9367ec-656d-4ade-92be-004a921408cc:c2179]
2019-08-06 03:26:22,736 INFO  client.GrpcClientProtocolClient (GrpcClientProtocolClient.java:onNext(255)) - client-9DC82E534C87->980d9c0c-33ac-4a22-b481-33b8b1eac469: receive RaftClientReply:client-9DC82E534C87->980d9c0c-33ac-4a22-b481-33b8b1eac469@group-23022C6A558E, cid=1525, SUCCESS, logIndex=2184, commits[980d9c0c-33ac-4a22-b481-33b8b1eac469:c2184, e00ee311-0ce1-4115-b4c1-69648d9d3094:c2179, bb9367ec-656d-4ade-92be-004a921408cc:c2179]
2019-08-06 03:26:22,750 INFO  client.GrpcClientProtocolClient (GrpcClientProtocolClient.java:onNext(255)) - client-9DC82E534C87->980d9c0c-33ac-4a22-b481-33b8b1eac469: receive RaftClientReply:client-9DC82E534C87->980d9c0c-33ac-4a22-b481-33b8b1eac469@group-23022C6A558E, cid=1526, SUCCESS, logIndex=2187, commits[980d9c0c-33ac-4a22-b481-33b8b1eac469:c2188, e00ee311-0ce1-4115-b4c1-69648d9d3094:c2185, bb9367ec-656d-4ade-92be-004a921408cc:c2184]
2019-08-06 03:26:22,750 INFO  client.GrpcClientProtocolClient (GrpcClientProtocolClient.java:onNext(255)) - client-9DC82E534C87->980d9c0c-33ac-4a22-b481-33b8b1eac469: receive RaftClientReply:client-9DC82E534C87->980d9c0c-33ac-4a22-b481-33b8b1eac469@group-23022C6A558E, cid=1527, SUCCESS, logIndex=2188, commits[980d9c0c-33ac-4a22-b481-33b8b1eac469:c2188, e00ee311-0ce1-4115-b4c1-69648d9d3094:c2185, bb9367ec-656d-4ade-92be-004a921408cc:c2185]
2019-08-06 03:26:22,752 INFO  client.GrpcClientProtocolClient (GrpcClientProtocolClient.java:onNext(255)) - client-9DC82E534C87->980d9c0c-33ac-4a22-b481-33b8b1eac469: receive RaftClientReply:client-9DC82E534C87->980d9c0c-33ac-4a22-b481-33b8b1eac469@group-23022C6A558E, cid=1528, SUCCESS, logIndex=0, commits[980d9c0c-33ac-4a22-b481-33b8b1eac469:c2189, e00ee311-0ce1-4115-b4c1-69648d9d3094:c2188, bb9367ec-656d-4ade-92be-004a921408cc:c2188]
2019-08-06 03:26:22,778 INFO  client.GrpcClientProtocolClient (GrpcClientProtocolClient.java:onNext(255)) - client-9DC82E534C87->980d9c0c-33ac-4a22-b481-33b8b1eac469: receive RaftClientReply:client-9DC82E534C87->980d9c0c-33ac-4a22-b481-33b8b1eac469@group-23022C6A558E, cid=1529, SUCCESS, logIndex=2191, commits[980d9c0c-33ac-4a22-b481-33b8b1eac469:c2192, e00ee311-0ce1-4115-b4c1-69648d9d3094:c2189, bb9367ec-656d-4ade-92be-004a921408cc:c2189]
2019-08-06 03:26:22,778 INFO  client.GrpcClientProtocolClient (GrpcClientProtocolClient.java:onNext(255)) - client-9DC82E534C87->980d9c0c-33ac-4a22-b481-33b8b1eac469: receive RaftClientReply:client-9DC82E534C87->980d9c0c-33ac-4a22-b481-33b8b1eac469@group-23022C6A558E, cid=1530, SUCCESS, logIndex=2192, commits[980d9c0c-33ac-4a22-b481-33b8b1eac469:c2192, e00ee311-0ce1-4115-b4c1-69648d9d3094:c2189, bb9367ec-656d-4ade-92be-004a921408cc:c2189]
2019-08-06 03:26:22,779 INFO  client.GrpcClientProtocolClient (GrpcClientProtocolClient.java:onNext(255)) - client-9DC82E534C87->980d9c0c-33ac-4a22-b481-33b8b1eac469: receive RaftClientReply:client-9DC82E534C87->980d9c0c-33ac-4a22-b481-33b8b1eac469@group-23022C6A558E, cid=1531, SUCCESS, logIndex=2193, commits[980d9c0c-33ac-4a22-b481-33b8b1eac469:c2194, e00ee311-0ce1-4115-b4c1-69648d9d3094:c2190, bb9367ec-656d-4ade-92be-004a921408cc:c2190]
2019-08-06 03:26:22,779 INFO  client.GrpcClientProtocolClient (GrpcClientProtocolClient.java:onNext(255)) - client-9DC82E534C87->980d9c0c-33ac-4a22-b481-33b8b1eac469: receive RaftClientReply:client-9DC82E534C87->980d9c0c-33ac-4a22-b481-33b8b1eac469@group-23022C6A558E, cid=1532, SUCCESS, logIndex=2194, commits[980d9c0c-33ac-4a22-b481-33b8b1eac469:c2194, e00ee311-0ce1-4115-b4c1-69648d9d3094:c2190, bb9367ec-656d-4ade-92be-004a921408cc:c2190]
2019-08-06 03:26:22,782 INFO  client.GrpcClientProtocolClient (GrpcClientProtocolClient.java:onNext(255)) - client-9DC82E534C87->980d9c0c-33ac-4a22-b481-33b8b1eac469: receive RaftClientReply:client-9DC82E534C87->980d9c0c-33ac-4a22-b481-33b8b1eac469@group-23022C6A558E, cid=1533, SUCCESS, logIndex=0, commits[980d9c0c-33ac-4a22-b481-33b8b1eac469:c2196, e00ee311-0ce1-4115-b4c1-69648d9d3094:c2192, bb9367ec-656d-4ade-92be-004a921408cc:c2192]
2019-08-06 03:26:22,796 INFO  client.GrpcClientProtocolClient (GrpcClientProtocolClient.java:onNext(255)) - client-9DC82E534C87->980d9c0c-33ac-4a22-b481-33b8b1eac469: receive RaftClientReply:client-9DC82E534C87->980d9c0c-33ac-4a22-b481-33b8b1eac469@group-23022C6A558E, cid=1534, SUCCESS, logIndex=2199, commits[980d9c0c-33ac-4a22-b481-33b8b1eac469:c2200, e00ee311-0ce1-4115-b4c1-69648d9d3094:c2196, bb9367ec-656d-4ade-92be-004a921408cc:c2194]
2019-08-06 03:26:22,797 INFO  client.GrpcClientProtocolClient (GrpcClientProtocolClient.java:onNext(255)) - client-9DC82E534C87->980d9c0c-33ac-4a22-b481-33b8b1eac469: receive RaftClientReply:client-9DC82E534C87->980d9c0c-33ac-4a22-b481-33b8b1eac469@group-23022C6A558E, cid=1535, SUCCESS, logIndex=2200, commits[980d9c0c-33ac-4a22-b481-33b8b1eac469:c2200, e00ee311-0ce1-4115-b4c1-69648d9d3094:c2196, bb9367ec-656d-4ade-92be-004a921408cc:c2196]
2019-08-06 03:26:22,808 INFO  client.GrpcClientProtocolClient (GrpcClientProtocolClient.java:onNext(255)) - client-9DC82E534C87->980d9c0c-33ac-4a22-b481-33b8b1eac469: receive RaftClientReply:client-9DC82E534C87->980d9c0c-33ac-4a22-b481-33b8b1eac469@group-23022C6A558E, cid=1536, SUCCESS, logIndex=2202, commits[980d9c0c-33ac-4a22-b481-33b8b1eac469:c2203, e00ee311-0ce1-4115-b4c1-69648d9d3094:c2201, bb9367ec-656d-4ade-92be-004a921408cc:c2201]
2019-08-06 03:26:22,808 INFO  client.GrpcClientProtocolClient (GrpcClientProtocolClient.java:onNext(255)) - client-9DC82E534C87->980d9c0c-33ac-4a22-b481-33b8b1eac469: receive RaftClientReply:client-9DC82E534C87->980d9c0c-33ac-4a22-b481-33b8b1eac469@group-23022C6A558E, cid=1537, SUCCESS, logIndex=2203, commits[980d9c0c-33ac-4a22-b481-33b8b1eac469:c2203, e00ee311-0ce1-4115-b4c1-69648d9d3094:c2201, bb9367ec-656d-4ade-92be-004a921408cc:c2201]
2019-08-06 03:26:22,810 INFO  client.GrpcClientProtocolClient (GrpcClientProtocolClient.java:onNext(255)) - client-9DC82E534C87->980d9c0c-33ac-4a22-b481-33b8b1eac469: receive RaftClientReply:client-9DC82E534C87->980d9c0c-33ac-4a22-b481-33b8b1eac469@group-23022C6A558E, cid=1538, SUCCESS, logIndex=0, commits[980d9c0c-33ac-4a22-b481-33b8b1eac469:c2204, e00ee311-0ce1-4115-b4c1-69648d9d3094:c2203, bb9367ec-656d-4ade-92be-004a921408cc:c2203]
2019-08-06 03:26:22,851 INFO  client.GrpcClientProtocolClient (GrpcClientProtocolClient.java:onNext(255)) - client-9DC82E534C87->980d9c0c-33ac-4a22-b481-33b8b1eac469: receive RaftClientReply:client-9DC82E534C87->980d9c0c-33ac-4a22-b481-33b8b1eac469@group-23022C6A558E, cid=1539, SUCCESS, logIndex=2206, commits[980d9c0c-33ac-4a22-b481-33b8b1eac469:c2207, e00ee311-0ce1-4115-b4c1-69648d9d3094:c2203, bb9367ec-656d-4ade-92be-004a921408cc:c2205]
2019-08-06 03:26:22,851 INFO  client.GrpcClientProtocolClient (GrpcClientProtocolClient.java:onNext(255)) - client-9DC82E534C87->980d9c0c-33ac-4a22-b481-33b8b1eac469: receive RaftClientReply:client-9DC82E534C87->980d9c0c-33ac-4a22-b481-33b8b1eac469@group-23022C6A558E, cid=1540, SUCCESS, logIndex=2207, commits[980d9c0c-33ac-4a22-b481-33b8b1eac469:c2207, e00ee311-0ce1-4115-b4c1-69648d9d3094:c2205, bb9367ec-656d-4ade-92be-004a921408cc:c2205]
2019-08-06 03:26:22,852 INFO  client.GrpcClientProtocolClient (GrpcClientProtocolClient.java:onNext(255)) - client-9DC82E534C87->980d9c0c-33ac-4a22-b481-33b8b1eac469: receive RaftClientReply:client-9DC82E534C87->980d9c0c-33ac-4a22-b481-33b8b1eac469@group-23022C6A558E, cid=1541, SUCCESS, logIndex=2208, commits[980d9c0c-33ac-4a22-b481-33b8b1eac469:c2209, e00ee311-0ce1-4115-b4c1-69648d9d3094:c2205, bb9367ec-656d-4ade-92be-004a921408cc:c2205]
2019-08-06 03:26:22,852 INFO  client.GrpcClientProtocolClient (GrpcClientProtocolClient.java:onNext(255)) - client-9DC82E534C87->980d9c0c-33ac-4a22-b481-33b8b1eac469: receive RaftClientReply:client-9DC82E534C87->980d9c0c-33ac-4a22-b481-33b8b1eac469@group-23022C6A558E, cid=1542, SUCCESS, logIndex=2209, commits[980d9c0c-33ac-4a22-b481-33b8b1eac469:c2209, e00ee311-0ce1-4115-b4c1-69648d9d3094:c2205, bb9367ec-656d-4ade-92be-004a921408cc:c2205]
2019-08-06 03:26:22,865 INFO  client.GrpcClientProtocolClient (GrpcClientProtocolClient.java:onNext(255)) - client-9DC82E534C87->980d9c0c-33ac-4a22-b481-33b8b1eac469: receive RaftClientReply:client-9DC82E534C87->980d9c0c-33ac-4a22-b481-33b8b1eac469@group-23022C6A558E, cid=1543, SUCCESS, logIndex=0, commits[980d9c0c-33ac-4a22-b481-33b8b1eac469:c2211, e00ee311-0ce1-4115-b4c1-69648d9d3094:c2207, bb9367ec-656d-4ade-92be-004a921408cc:c2207]
2019-08-06 03:26:22,881 INFO  client.GrpcClientProtocolClient (GrpcClientProtocolClient.java:onNext(255)) - client-9DC82E534C87->980d9c0c-33ac-4a22-b481-33b8b1eac469: receive RaftClientReply:client-9DC82E534C87->980d9c0c-33ac-4a22-b481-33b8b1eac469@group-23022C6A558E, cid=1544, SUCCESS, logIndex=2214, commits[980d9c0c-33ac-4a22-b481-33b8b1eac469:c2215, e00ee311-0ce1-4115-b4c1-69648d9d3094:c2213, bb9367ec-656d-4ade-92be-004a921408cc:c2209]
2019-08-06 03:26:22,882 INFO  client.GrpcClientProtocolClient (GrpcClientProtocolClient.java:onNext(255)) - client-9DC82E534C87->980d9c0c-33ac-4a22-b481-33b8b1eac469: receive RaftClientReply:client-9DC82E534C87->980d9c0c-33ac-4a22-b481-33b8b1eac469@group-23022C6A558E, cid=1545, SUCCESS, logIndex=2215, commits[980d9c0c-33ac-4a22-b481-33b8b1eac469:c2215, e00ee311-0ce1-4115-b4c1-69648d9d3094:c2213, bb9367ec-656d-4ade-92be-004a921408cc:c2213]
2019-08-06 03:26:22,896 INFO  client.GrpcClientProtocolClient (GrpcClientProtocolClient.java:onNext(255)) - client-9DC82E534C87->980d9c0c-33ac-4a22-b481-33b8b1eac469: receive RaftClientReply:client-9DC82E534C87->980d9c0c-33ac-4a22-b481-33b8b1eac469@group-23022C6A558E, cid=1546, SUCCESS, logIndex=2218, commits[980d9c0c-33ac-4a22-b481-33b8b1eac469:c2219, e00ee311-0ce1-4115-b4c1-69648d9d3094:c2215, bb9367ec-656d-4ade-92be-004a921408cc:c2215]
2019-08-06 03:26:22,896 INFO  client.GrpcClientProtocolClient (GrpcClientProtocolClient.java:onNext(255)) - client-9DC82E534C87->980d9c0c-33ac-4a22-b481-33b8b1eac469: receive RaftClientReply:client-9DC82E534C87->980d9c0c-33ac-4a22-b481-33b8b1eac469@group-23022C6A558E, cid=1547, SUCCESS, logIndex=2219, commits[980d9c0c-33ac-4a22-b481-33b8b1eac469:c2219, e00ee311-0ce1-4115-b4c1-69648d9d3094:c2215, bb9367ec-656d-4ade-92be-004a921408cc:c2215]
2019-08-06 03:26:22,898 INFO  client.GrpcClientProtocolClient (GrpcClientProtocolClient.java:onNext(255)) - client-9DC82E534C87->980d9c0c-33ac-4a22-b481-33b8b1eac469: receive RaftClientReply:client-9DC82E534C87->980d9c0c-33ac-4a22-b481-33b8b1eac469@group-23022C6A558E, cid=1548, SUCCESS, logIndex=0, commits[980d9c0c-33ac-4a22-b481-33b8b1eac469:c2220, e00ee311-0ce1-4115-b4c1-69648d9d3094:c2219, bb9367ec-656d-4ade-92be-004a921408cc:c2219]
2019-08-06 03:26:23,039 INFO  client.GrpcClientProtocolClient (GrpcClientProtocolClient.java:onNext(255)) - client-9DC82E534C87->980d9c0c-33ac-4a22-b481-33b8b1eac469: receive RaftClientReply:client-9DC82E534C87->980d9c0c-33ac-4a22-b481-33b8b1eac469@group-23022C6A558E, cid=1549, SUCCESS, logIndex=2222, commits[980d9c0c-33ac-4a22-b481-33b8b1eac469:c2223, e00ee311-0ce1-4115-b4c1-69648d9d3094:c2221, bb9367ec-656d-4ade-92be-004a921408cc:c2221]
2019-08-06 03:26:23,040 INFO  client.GrpcClientProtocolClient (GrpcClientProtocolClient.java:onNext(255)) - client-9DC82E534C87->980d9c0c-33ac-4a22-b481-33b8b1eac469: receive RaftClientReply:client-9DC82E534C87->980d9c0c-33ac-4a22-b481-33b8b1eac469@group-23022C6A558E, cid=1550, SUCCESS, logIndex=2223, commits[980d9c0c-33ac-4a22-b481-33b8b1eac469:c2223, e00ee311-0ce1-4115-b4c1-69648d9d3094:c2221, bb9367ec-656d-4ade-92be-004a921408cc:c2221]
2019-08-06 03:26:23,050 INFO  client.GrpcClientProtocolClient (GrpcClientProtocolClient.java:onNext(255)) - client-9DC82E534C87->980d9c0c-33ac-4a22-b481-33b8b1eac469: receive RaftClientReply:client-9DC82E534C87->980d9c0c-33ac-4a22-b481-33b8b1eac469@group-23022C6A558E, cid=1551, SUCCESS, logIndex=2224, commits[980d9c0c-33ac-4a22-b481-33b8b1eac469:c2225, e00ee311-0ce1-4115-b4c1-69648d9d3094:c2221, bb9367ec-656d-4ade-92be-004a921408cc:c2221]
2019-08-06 03:26:23,050 INFO  client.GrpcClientProtocolClient (GrpcClientProtocolClient.java:onNext(255)) - client-9DC82E534C87->980d9c0c-33ac-4a22-b481-33b8b1eac469: receive RaftClientReply:client-9DC82E534C87->980d9c0c-33ac-4a22-b481-33b8b1eac469@group-23022C6A558E, cid=1552, SUCCESS, logIndex=2225, commits[980d9c0c-33ac-4a22-b481-33b8b1eac469:c2225, e00ee311-0ce1-4115-b4c1-69648d9d3094:c2223, bb9367ec-656d-4ade-92be-004a921408cc:c2221]
2019-08-06 03:26:23,053 INFO  client.GrpcClientProtocolClient (GrpcClientProtocolClient.java:onNext(255)) - client-9DC82E534C87->980d9c0c-33ac-4a22-b481-33b8b1eac469: receive RaftClientReply:client-9DC82E534C87->980d9c0c-33ac-4a22-b481-33b8b1eac469@group-23022C6A558E, cid=1553, SUCCESS, logIndex=0, commits[980d9c0c-33ac-4a22-b481-33b8b1eac469:c2227, e00ee311-0ce1-4115-b4c1-69648d9d3094:c2223, bb9367ec-656d-4ade-92be-004a921408cc:c2223]
2019-08-06 03:26:23,077 INFO  client.GrpcClientProtocolClient (GrpcClientProtocolClient.java:onNext(255)) - client-9DC82E534C87->980d9c0c-33ac-4a22-b481-33b8b1eac469: receive RaftClientReply:client-9DC82E534C87->980d9c0c-33ac-4a22-b481-33b8b1eac469@group-23022C6A558E, cid=1554, SUCCESS, logIndex=2230, commits[980d9c0c-33ac-4a22-b481-33b8b1eac469:c2231, e00ee311-0ce1-4115-b4c1-69648d9d3094:c2227, bb9367ec-656d-4ade-92be-004a921408cc:c2225]
2019-08-06 03:26:23,078 INFO  client.GrpcClientProtocolClient (GrpcClientProtocolClient.java:onNext(255)) - client-9DC82E534C87->980d9c0c-33ac-4a22-b481-33b8b1eac469: receive RaftClientReply:client-9DC82E534C87->980d9c0c-33ac-4a22-b481-33b8b1eac469@group-23022C6A558E, cid=1555, SUCCESS, logIndex=2231, commits[980d9c0c-33ac-4a22-b481-33b8b1eac469:c2231, e00ee311-0ce1-4115-b4c1-69648d9d3094:c2227, bb9367ec-656d-4ade-92be-004a921408cc:c2227]
2019-08-06 03:26:23,094 INFO  client.GrpcClientProtocolClient (GrpcClientProtocolClient.java:onNext(255)) - client-9DC82E534C87->980d9c0c-33ac-4a22-b481-33b8b1eac469: receive RaftClientReply:client-9DC82E534C87->980d9c0c-33ac-4a22-b481-33b8b1eac469@group-23022C6A558E, cid=1556, SUCCESS, logIndex=2234, commits[980d9c0c-33ac-4a22-b481-33b8b1eac469:c2235, e00ee311-0ce1-4115-b4c1-69648d9d3094:c2231, bb9367ec-656d-4ade-92be-004a921408cc:c2231]
2019-08-06 03:26:23,095 INFO  client.GrpcClientProtocolClient (GrpcClientProtocolClient.java:onNext(255)) - client-9DC82E534C87->980d9c0c-33ac-4a22-b481-33b8b1eac469: receive RaftClientReply:client-9DC82E534C87->980d9c0c-33ac-4a22-b481-33b8b1eac469@group-23022C6A558E, cid=1557, SUCCESS, logIndex=2235, commits[980d9c0c-33ac-4a22-b481-33b8b1eac469:c2235, e00ee311-0ce1-4115-b4c1-69648d9d3094:c2231, bb9367ec-656d-4ade-92be-004a921408cc:c2231]
2019-08-06 03:26:23,106 INFO  client.GrpcClientProtocolClient (GrpcClientProtocolClient.java:onNext(255)) - client-9DC82E534C87->980d9c0c-33ac-4a22-b481-33b8b1eac469: receive RaftClientReply:client-9DC82E534C87->980d9c0c-33ac-4a22-b481-33b8b1eac469@group-23022C6A558E, cid=1558, SUCCESS, logIndex=0, commits[980d9c0c-33ac-4a22-b481-33b8b1eac469:c2236, e00ee311-0ce1-4115-b4c1-69648d9d3094:c2235, bb9367ec-656d-4ade-92be-004a921408cc:c2235]
 0.00% |█                                                                                                    |  0/1 Time: 0:00:102019-08-06 03:26:23,138 INFO  client.GrpcClientProtocolClient (GrpcClientProtocolClient.java:onNext(255)) - client-9DC82E534C87->980d9c0c-33ac-4a22-b481-33b8b1eac469: receive RaftClientReply:client-9DC82E534C87->980d9c0c-33ac-4a22-b481-33b8b1eac469@group-23022C6A558E, cid=1559, SUCCESS, logIndex=2237, commits[980d9c0c-33ac-4a22-b481-33b8b1eac469:c2238, e00ee311-0ce1-4115-b4c1-69648d9d3094:c2236, bb9367ec-656d-4ade-92be-004a921408cc:c2236]
2019-08-06 03:26:23,139 INFO  client.GrpcClientProtocolClient (GrpcClientProtocolClient.java:onNext(255)) - client-9DC82E534C87->980d9c0c-33ac-4a22-b481-33b8b1eac469: receive RaftClientReply:client-9DC82E534C87->980d9c0c-33ac-4a22-b481-33b8b1eac469@group-23022C6A558E, cid=1560, SUCCESS, logIndex=2238, commits[980d9c0c-33ac-4a22-b481-33b8b1eac469:c2238, e00ee311-0ce1-4115-b4c1-69648d9d3094:c2236, bb9367ec-656d-4ade-92be-004a921408cc:c2236]
2019-08-06 03:26:23,139 INFO  client.GrpcClientProtocolClient (GrpcClientProtocolClient.java:onNext(255)) - client-9DC82E534C87->980d9c0c-33ac-4a22-b481-33b8b1eac469: receive RaftClientReply:client-9DC82E534C87->980d9c0c-33ac-4a22-b481-33b8b1eac469@group-23022C6A558E, cid=1561, SUCCESS, logIndex=2239, commits[980d9c0c-33ac-4a22-b481-33b8b1eac469:c2239, e00ee311-0ce1-4115-b4c1-69648d9d3094:c2236, bb9367ec-656d-4ade-92be-004a921408cc:c2236]
2019-08-06 03:26:23,140 INFO  client.GrpcClientProtocolClient (GrpcClientProtocolClient.java:onNext(255)) - client-9DC82E534C87->980d9c0c-33ac-4a22-b481-33b8b1eac469: receive RaftClientReply:client-9DC82E534C87->980d9c0c-33ac-4a22-b481-33b8b1eac469@group-23022C6A558E, cid=1562, SUCCESS, logIndex=2240, commits[980d9c0c-33ac-4a22-b481-33b8b1eac469:c2240, e00ee311-0ce1-4115-b4c1-69648d9d3094:c2236, bb9367ec-656d-4ade-92be-004a921408cc:c2236]
2019-08-06 03:26:23,152 INFO  client.GrpcClientProtocolClient (GrpcClientProtocolClient.java:onNext(255)) - client-9DC82E534C87->980d9c0c-33ac-4a22-b481-33b8b1eac469: receive RaftClientReply:client-9DC82E534C87->980d9c0c-33ac-4a22-b481-33b8b1eac469@group-23022C6A558E, cid=1563, SUCCESS, logIndex=0, commits[980d9c0c-33ac-4a22-b481-33b8b1eac469:c2242, e00ee311-0ce1-4115-b4c1-69648d9d3094:c2238, bb9367ec-656d-4ade-92be-004a921408cc:c2238]
2019-08-06 03:26:23,173 INFO  client.GrpcClientProtocolClient (GrpcClientProtocolClient.java:onNext(255)) - client-9DC82E534C87->980d9c0c-33ac-4a22-b481-33b8b1eac469: receive RaftClientReply:client-9DC82E534C87->980d9c0c-33ac-4a22-b481-33b8b1eac469@group-23022C6A558E, cid=1564, SUCCESS, logIndex=2245, commits[980d9c0c-33ac-4a22-b481-33b8b1eac469:c2246, e00ee311-0ce1-4115-b4c1-69648d9d3094:c2244, bb9367ec-656d-4ade-92be-004a921408cc:c2244]
2019-08-06 03:26:23,174 INFO  client.GrpcClientProtocolClient (GrpcClientProtocolClient.java:onNext(255)) - client-9DC82E534C87->980d9c0c-33ac-4a22-b481-33b8b1eac469: receive RaftClientReply:client-9DC82E534C87->980d9c0c-33ac-4a22-b481-33b8b1eac469@group-23022C6A558E, cid=1565, SUCCESS, logIndex=2246, commits[980d9c0c-33ac-4a22-b481-33b8b1eac469:c2246, e00ee311-0ce1-4115-b4c1-69648d9d3094:c2244, bb9367ec-656d-4ade-92be-004a921408cc:c2244]
2019-08-06 03:26:23,188 INFO  client.GrpcClientProtocolClient (GrpcClientProtocolClient.java:onNext(255)) - client-9DC82E534C87->980d9c0c-33ac-4a22-b481-33b8b1eac469: receive RaftClientReply:client-9DC82E534C87->980d9c0c-33ac-4a22-b481-33b8b1eac469@group-23022C6A558E, cid=1566, SUCCESS, logIndex=2249, commits[980d9c0c-33ac-4a22-b481-33b8b1eac469:c2249, e00ee311-0ce1-4115-b4c1-69648d9d3094:c2246, bb9367ec-656d-4ade-92be-004a921408cc:c2246]
2019-08-06 03:26:23,188 INFO  client.GrpcClientProtocolClient (GrpcClientProtocolClient.java:onNext(255)) - client-9DC82E534C87->980d9c0c-33ac-4a22-b481-33b8b1eac469: receive RaftClientReply:client-9DC82E534C87->980d9c0c-33ac-4a22-b481-33b8b1eac469@group-23022C6A558E, cid=1567, SUCCESS, logIndex=2250, commits[980d9c0c-33ac-4a22-b481-33b8b1eac469:c2250, e00ee311-0ce1-4115-b4c1-69648d9d3094:c2246, bb9367ec-656d-4ade-92be-004a921408cc:c2246]
2019-08-06 03:26:23,202 INFO  client.GrpcClientProtocolClient (GrpcClientProtocolClient.java:onNext(255)) - client-9DC82E534C87->980d9c0c-33ac-4a22-b481-33b8b1eac469: receive RaftClientReply:client-9DC82E534C87->980d9c0c-33ac-4a22-b481-33b8b1eac469@group-23022C6A558E, cid=1568, SUCCESS, logIndex=0, commits[980d9c0c-33ac-4a22-b481-33b8b1eac469:c2252, e00ee311-0ce1-4115-b4c1-69648d9d3094:c2250, bb9367ec-656d-4ade-92be-004a921408cc:c2250]
2019-08-06 03:26:23,233 INFO  client.GrpcClientProtocolClient (GrpcClientProtocolClient.java:onNext(255)) - client-9DC82E534C87->980d9c0c-33ac-4a22-b481-33b8b1eac469: receive RaftClientReply:client-9DC82E534C87->980d9c0c-33ac-4a22-b481-33b8b1eac469@group-23022C6A558E, cid=1569, SUCCESS, logIndex=2253, commits[980d9c0c-33ac-4a22-b481-33b8b1eac469:c2254, e00ee311-0ce1-4115-b4c1-69648d9d3094:c2252, bb9367ec-656d-4ade-92be-004a921408cc:c2252]
2019-08-06 03:26:23,233 INFO  client.GrpcClientProtocolClient (GrpcClientProtocolClient.java:onNext(255)) - client-9DC82E534C87->980d9c0c-33ac-4a22-b481-33b8b1eac469: receive RaftClientReply:client-9DC82E534C87->980d9c0c-33ac-4a22-b481-33b8b1eac469@group-23022C6A558E, cid=1570, SUCCESS, logIndex=2254, commits[980d9c0c-33ac-4a22-b481-33b8b1eac469:c2254, e00ee311-0ce1-4115-b4c1-69648d9d3094:c2252, bb9367ec-656d-4ade-92be-004a921408cc:c2252]
2019-08-06 03:26:23,244 INFO  client.GrpcClientProtocolClient (GrpcClientProtocolClient.java:onNext(255)) - client-9DC82E534C87->980d9c0c-33ac-4a22-b481-33b8b1eac469: receive RaftClientReply:client-9DC82E534C87->980d9c0c-33ac-4a22-b481-33b8b1eac469@group-23022C6A558E, cid=1571, SUCCESS, logIndex=2255, commits[980d9c0c-33ac-4a22-b481-33b8b1eac469:c2256, e00ee311-0ce1-4115-b4c1-69648d9d3094:c2252, bb9367ec-656d-4ade-92be-004a921408cc:c2252]
2019-08-06 03:26:23,244 INFO  client.GrpcClientProtocolClient (GrpcClientProtocolClient.java:onNext(255)) - client-9DC82E534C87->980d9c0c-33ac-4a22-b481-33b8b1eac469: receive RaftClientReply:client-9DC82E534C87->980d9c0c-33ac-4a22-b481-33b8b1eac469@group-23022C6A558E, cid=1572, SUCCESS, logIndex=2256, commits[980d9c0c-33ac-4a22-b481-33b8b1eac469:c2256, e00ee311-0ce1-4115-b4c1-69648d9d3094:c2252, bb9367ec-656d-4ade-92be-004a921408cc:c2252]
2019-08-06 03:26:23,247 INFO  client.GrpcClientProtocolClient (GrpcClientProtocolClient.java:onNext(255)) - client-9DC82E534C87->980d9c0c-33ac-4a22-b481-33b8b1eac469: receive RaftClientReply:client-9DC82E534C87->980d9c0c-33ac-4a22-b481-33b8b1eac469@group-23022C6A558E, cid=1573, SUCCESS, logIndex=0, commits[980d9c0c-33ac-4a22-b481-33b8b1eac469:c2258, e00ee311-0ce1-4115-b4c1-69648d9d3094:c2254, bb9367ec-656d-4ade-92be-004a921408cc:c2254]
2019-08-06 03:26:23,261 INFO  client.GrpcClientProtocolClient (GrpcClientProtocolClient.java:onNext(255)) - client-9DC82E534C87->980d9c0c-33ac-4a22-b481-33b8b1eac469: receive RaftClientReply:client-9DC82E534C87->980d9c0c-33ac-4a22-b481-33b8b1eac469@group-23022C6A558E, cid=1574, SUCCESS, logIndex=2261, commits[980d9c0c-33ac-4a22-b481-33b8b1eac469:c2262, e00ee311-0ce1-4115-b4c1-69648d9d3094:c2258, bb9367ec-656d-4ade-92be-004a921408cc:c2258]
2019-08-06 03:26:23,262 INFO  client.GrpcClientProtocolClient (GrpcClientProtocolClient.java:onNext(255)) - client-9DC82E534C87->980d9c0c-33ac-4a22-b481-33b8b1eac469: receive RaftClientReply:client-9DC82E534C87->980d9c0c-33ac-4a22-b481-33b8b1eac469@group-23022C6A558E, cid=1575, SUCCESS, logIndex=2262, commits[980d9c0c-33ac-4a22-b481-33b8b1eac469:c2262, e00ee311-0ce1-4115-b4c1-69648d9d3094:c2258, bb9367ec-656d-4ade-92be-004a921408cc:c2258]
2019-08-06 03:26:23,277 INFO  client.GrpcClientProtocolClient (GrpcClientProtocolClient.java:onNext(255)) - client-9DC82E534C87->980d9c0c-33ac-4a22-b481-33b8b1eac469: receive RaftClientReply:client-9DC82E534C87->980d9c0c-33ac-4a22-b481-33b8b1eac469@group-23022C6A558E, cid=1576, SUCCESS, logIndex=2265, commits[980d9c0c-33ac-4a22-b481-33b8b1eac469:c2266, e00ee311-0ce1-4115-b4c1-69648d9d3094:c2262, bb9367ec-656d-4ade-92be-004a921408cc:c2262]
2019-08-06 03:26:23,277 INFO  client.GrpcClientProtocolClient (GrpcClientProtocolClient.java:onNext(255)) - client-9DC82E534C87->980d9c0c-33ac-4a22-b481-33b8b1eac469: receive RaftClientReply:client-9DC82E534C87->980d9c0c-33ac-4a22-b481-33b8b1eac469@group-23022C6A558E, cid=1577, SUCCESS, logIndex=2266, commits[980d9c0c-33ac-4a22-b481-33b8b1eac469:c2266, e00ee311-0ce1-4115-b4c1-69648d9d3094:c2262, bb9367ec-656d-4ade-92be-004a921408cc:c2262]
2019-08-06 03:26:23,289 INFO  client.GrpcClientProtocolClient (GrpcClientProtocolClient.java:onNext(255)) - client-9DC82E534C87->980d9c0c-33ac-4a22-b481-33b8b1eac469: receive RaftClientReply:client-9DC82E534C87->980d9c0c-33ac-4a22-b481-33b8b1eac469@group-23022C6A558E, cid=1578, SUCCESS, logIndex=0, commits[980d9c0c-33ac-4a22-b481-33b8b1eac469:c2267, e00ee311-0ce1-4115-b4c1-69648d9d3094:c2266, bb9367ec-656d-4ade-92be-004a921408cc:c2266]
2019-08-06 03:26:23,319 INFO  client.GrpcClientProtocolClient (GrpcClientProtocolClient.java:onNext(255)) - client-9DC82E534C87->980d9c0c-33ac-4a22-b481-33b8b1eac469: receive RaftClientReply:client-9DC82E534C87->980d9c0c-33ac-4a22-b481-33b8b1eac469@group-23022C6A558E, cid=1579, SUCCESS, logIndex=2269, commits[980d9c0c-33ac-4a22-b481-33b8b1eac469:c2270, e00ee311-0ce1-4115-b4c1-69648d9d3094:c2268, bb9367ec-656d-4ade-92be-004a921408cc:c2268]
2019-08-06 03:26:23,320 INFO  client.GrpcClientProtocolClient (GrpcClientProtocolClient.java:onNext(255)) - client-9DC82E534C87->980d9c0c-33ac-4a22-b481-33b8b1eac469: receive RaftClientReply:client-9DC82E534C87->980d9c0c-33ac-4a22-b481-33b8b1eac469@group-23022C6A558E, cid=1580, SUCCESS, logIndex=2270, commits[980d9c0c-33ac-4a22-b481-33b8b1eac469:c2270, e00ee311-0ce1-4115-b4c1-69648d9d3094:c2268, bb9367ec-656d-4ade-92be-004a921408cc:c2268]
2019-08-06 03:26:23,334 INFO  client.GrpcClientProtocolClient (GrpcClientProtocolClient.java:onNext(255)) - client-9DC82E534C87->980d9c0c-33ac-4a22-b481-33b8b1eac469: receive RaftClientReply:client-9DC82E534C87->980d9c0c-33ac-4a22-b481-33b8b1eac469@group-23022C6A558E, cid=1581, SUCCESS, logIndex=2271, commits[980d9c0c-33ac-4a22-b481-33b8b1eac469:c2272, e00ee311-0ce1-4115-b4c1-69648d9d3094:c2268, bb9367ec-656d-4ade-92be-004a921408cc:c2268]
2019-08-06 03:26:23,334 INFO  client.GrpcClientProtocolClient (GrpcClientProtocolClient.java:onNext(255)) - client-9DC82E534C87->980d9c0c-33ac-4a22-b481-33b8b1eac469: receive RaftClientReply:client-9DC82E534C87->980d9c0c-33ac-4a22-b481-33b8b1eac469@group-23022C6A558E, cid=1582, SUCCESS, logIndex=2272, commits[980d9c0c-33ac-4a22-b481-33b8b1eac469:c2272, e00ee311-0ce1-4115-b4c1-69648d9d3094:c2268, bb9367ec-656d-4ade-92be-004a921408cc:c2268]
2019-08-06 03:26:23,345 INFO  client.GrpcClientProtocolClient (GrpcClientProtocolClient.java:onNext(255)) - client-9DC82E534C87->980d9c0c-33ac-4a22-b481-33b8b1eac469: receive RaftClientReply:client-9DC82E534C87->980d9c0c-33ac-4a22-b481-33b8b1eac469@group-23022C6A558E, cid=1583, SUCCESS, logIndex=0, commits[980d9c0c-33ac-4a22-b481-33b8b1eac469:c2274, e00ee311-0ce1-4115-b4c1-69648d9d3094:c2270, bb9367ec-656d-4ade-92be-004a921408cc:c2270]
2019-08-06 03:26:23,368 INFO  client.GrpcClientProtocolClient (GrpcClientProtocolClient.java:onNext(255)) - client-9DC82E534C87->980d9c0c-33ac-4a22-b481-33b8b1eac469: receive RaftClientReply:client-9DC82E534C87->980d9c0c-33ac-4a22-b481-33b8b1eac469@group-23022C6A558E, cid=1584, SUCCESS, logIndex=2277, commits[980d9c0c-33ac-4a22-b481-33b8b1eac469:c2278, e00ee311-0ce1-4115-b4c1-69648d9d3094:c2276, bb9367ec-656d-4ade-92be-004a921408cc:c2276]
2019-08-06 03:26:23,368 INFO  client.GrpcClientProtocolClient (GrpcClientProtocolClient.java:onNext(255)) - client-9DC82E534C87->980d9c0c-33ac-4a22-b481-33b8b1eac469: receive RaftClientReply:client-9DC82E534C87->980d9c0c-33ac-4a22-b481-33b8b1eac469@group-23022C6A558E, cid=1585, SUCCESS, logIndex=2278, commits[980d9c0c-33ac-4a22-b481-33b8b1eac469:c2278, e00ee311-0ce1-4115-b4c1-69648d9d3094:c2276, bb9367ec-656d-4ade-92be-004a921408cc:c2276]
2019-08-06 03:26:23,389 INFO  client.GrpcClientProtocolClient (GrpcClientProtocolClient.java:onNext(255)) - client-9DC82E534C87->980d9c0c-33ac-4a22-b481-33b8b1eac469: receive RaftClientReply:client-9DC82E534C87->980d9c0c-33ac-4a22-b481-33b8b1eac469@group-23022C6A558E, cid=1586, SUCCESS, logIndex=2281, commits[980d9c0c-33ac-4a22-b481-33b8b1eac469:c2281, e00ee311-0ce1-4115-b4c1-69648d9d3094:c2280, bb9367ec-656d-4ade-92be-004a921408cc:c2280]
2019-08-06 03:26:23,389 INFO  client.GrpcClientProtocolClient (GrpcClientProtocolClient.java:onNext(255)) - client-9DC82E534C87->980d9c0c-33ac-4a22-b481-33b8b1eac469: receive RaftClientReply:client-9DC82E534C87->980d9c0c-33ac-4a22-b481-33b8b1eac469@group-23022C6A558E, cid=1587, SUCCESS, logIndex=2282, commits[980d9c0c-33ac-4a22-b481-33b8b1eac469:c2282, e00ee311-0ce1-4115-b4c1-69648d9d3094:c2280, bb9367ec-656d-4ade-92be-004a921408cc:c2280]
2019-08-06 03:26:23,409 INFO  client.GrpcClientProtocolClient (GrpcClientProtocolClient.java:onNext(255)) - client-9DC82E534C87->980d9c0c-33ac-4a22-b481-33b8b1eac469: receive RaftClientReply:client-9DC82E534C87->980d9c0c-33ac-4a22-b481-33b8b1eac469@group-23022C6A558E, cid=1588, SUCCESS, logIndex=0, commits[980d9c0c-33ac-4a22-b481-33b8b1eac469:c2284, e00ee311-0ce1-4115-b4c1-69648d9d3094:c2282, bb9367ec-656d-4ade-92be-004a921408cc:c2282]
2019-08-06 03:26:23,445 INFO  client.GrpcClientProtocolClient (GrpcClientProtocolClient.java:onNext(255)) - client-9DC82E534C87->980d9c0c-33ac-4a22-b481-33b8b1eac469: receive RaftClientReply:client-9DC82E534C87->980d9c0c-33ac-4a22-b481-33b8b1eac469@group-23022C6A558E, cid=1589, SUCCESS, logIndex=2285, commits[980d9c0c-33ac-4a22-b481-33b8b1eac469:c2287, e00ee311-0ce1-4115-b4c1-69648d9d3094:c2284, bb9367ec-656d-4ade-92be-004a921408cc:c2284]
2019-08-06 03:26:23,446 INFO  client.GrpcClientProtocolClient (GrpcClientProtocolClient.java:onNext(255)) - client-9DC82E534C87->980d9c0c-33ac-4a22-b481-33b8b1eac469: receive RaftClientReply:client-9DC82E534C87->980d9c0c-33ac-4a22-b481-33b8b1eac469@group-23022C6A558E, cid=1590, SUCCESS, logIndex=2286, commits[980d9c0c-33ac-4a22-b481-33b8b1eac469:c2288, e00ee311-0ce1-4115-b4c1-69648d9d3094:c2284, bb9367ec-656d-4ade-92be-004a921408cc:c2284]
2019-08-06 03:26:23,447 INFO  client.GrpcClientProtocolClient (GrpcClientProtocolClient.java:onNext(255)) - client-9DC82E534C87->980d9c0c-33ac-4a22-b481-33b8b1eac469: receive RaftClientReply:client-9DC82E534C87->980d9c0c-33ac-4a22-b481-33b8b1eac469@group-23022C6A558E, cid=1591, SUCCESS, logIndex=2287, commits[980d9c0c-33ac-4a22-b481-33b8b1eac469:c2288, e00ee311-0ce1-4115-b4c1-69648d9d3094:c2284, bb9367ec-656d-4ade-92be-004a921408cc:c2284]
2019-08-06 03:26:23,447 INFO  client.GrpcClientProtocolClient (GrpcClientProtocolClient.java:onNext(255)) - client-9DC82E534C87->980d9c0c-33ac-4a22-b481-33b8b1eac469: receive RaftClientReply:client-9DC82E534C87->980d9c0c-33ac-4a22-b481-33b8b1eac469@group-23022C6A558E, cid=1592, SUCCESS, logIndex=2288, commits[980d9c0c-33ac-4a22-b481-33b8b1eac469:c2288, e00ee311-0ce1-4115-b4c1-69648d9d3094:c2284, bb9367ec-656d-4ade-92be-004a921408cc:c2284]
2019-08-06 03:26:23,460 INFO  client.GrpcClientProtocolClient (GrpcClientProtocolClient.java:onNext(255)) - client-9DC82E534C87->980d9c0c-33ac-4a22-b481-33b8b1eac469: receive RaftClientReply:client-9DC82E534C87->980d9c0c-33ac-4a22-b481-33b8b1eac469@group-23022C6A558E, cid=1593, SUCCESS, logIndex=0, commits[980d9c0c-33ac-4a22-b481-33b8b1eac469:c2289, e00ee311-0ce1-4115-b4c1-69648d9d3094:c2286, bb9367ec-656d-4ade-92be-004a921408cc:c2286]
2019-08-06 03:26:23,482 INFO  client.GrpcClientProtocolClient (GrpcClientProtocolClient.java:onNext(255)) - client-9DC82E534C87->980d9c0c-33ac-4a22-b481-33b8b1eac469: receive RaftClientReply:client-9DC82E534C87->980d9c0c-33ac-4a22-b481-33b8b1eac469@group-23022C6A558E, cid=1594, SUCCESS, logIndex=2293, commits[980d9c0c-33ac-4a22-b481-33b8b1eac469:c2294, e00ee311-0ce1-4115-b4c1-69648d9d3094:c2292, bb9367ec-656d-4ade-92be-004a921408cc:c2292]
2019-08-06 03:26:23,483 INFO  client.GrpcClientProtocolClient (GrpcClientProtocolClient.java:onNext(255)) - client-9DC82E534C87->980d9c0c-33ac-4a22-b481-33b8b1eac469: receive RaftClientReply:client-9DC82E534C87->980d9c0c-33ac-4a22-b481-33b8b1eac469@group-23022C6A558E, cid=1595, SUCCESS, logIndex=2294, commits[980d9c0c-33ac-4a22-b481-33b8b1eac469:c2294, e00ee311-0ce1-4115-b4c1-69648d9d3094:c2292, bb9367ec-656d-4ade-92be-004a921408cc:c2292]
2019-08-06 03:26:23,496 INFO  client.GrpcClientProtocolClient (GrpcClientProtocolClient.java:onNext(255)) - client-9DC82E534C87->980d9c0c-33ac-4a22-b481-33b8b1eac469: receive RaftClientReply:client-9DC82E534C87->980d9c0c-33ac-4a22-b481-33b8b1eac469@group-23022C6A558E, cid=1596, SUCCESS, logIndex=2297, commits[980d9c0c-33ac-4a22-b481-33b8b1eac469:c2297, e00ee311-0ce1-4115-b4c1-69648d9d3094:c2294, bb9367ec-656d-4ade-92be-004a921408cc:c2293]
2019-08-06 03:26:23,496 INFO  client.GrpcClientProtocolClient (GrpcClientProtocolClient.java:onNext(255)) - client-9DC82E534C87->980d9c0c-33ac-4a22-b481-33b8b1eac469: receive RaftClientReply:client-9DC82E534C87->980d9c0c-33ac-4a22-b481-33b8b1eac469@group-23022C6A558E, cid=1597, SUCCESS, logIndex=2298, commits[980d9c0c-33ac-4a22-b481-33b8b1eac469:c2298, e00ee311-0ce1-4115-b4c1-69648d9d3094:c2294, bb9367ec-656d-4ade-92be-004a921408cc:c2294]
2019-08-06 03:26:23,511 INFO  client.GrpcClientProtocolClient (GrpcClientProtocolClient.java:onNext(255)) - client-9DC82E534C87->980d9c0c-33ac-4a22-b481-33b8b1eac469: receive RaftClientReply:client-9DC82E534C87->980d9c0c-33ac-4a22-b481-33b8b1eac469@group-23022C6A558E, cid=1598, SUCCESS, logIndex=0, commits[980d9c0c-33ac-4a22-b481-33b8b1eac469:c2300, e00ee311-0ce1-4115-b4c1-69648d9d3094:c2298, bb9367ec-656d-4ade-92be-004a921408cc:c2298]
2019-08-06 03:26:23,540 INFO  client.GrpcClientProtocolClient (GrpcClientProtocolClient.java:onNext(255)) - client-9DC82E534C87->980d9c0c-33ac-4a22-b481-33b8b1eac469: receive RaftClientReply:client-9DC82E534C87->980d9c0c-33ac-4a22-b481-33b8b1eac469@group-23022C6A558E, cid=1599, SUCCESS, logIndex=2301, commits[980d9c0c-33ac-4a22-b481-33b8b1eac469:c2302, e00ee311-0ce1-4115-b4c1-69648d9d3094:c2300, bb9367ec-656d-4ade-92be-004a921408cc:c2300]
2019-08-06 03:26:23,541 INFO  client.GrpcClientProtocolClient (GrpcClientProtocolClient.java:onNext(255)) - client-9DC82E534C87->980d9c0c-33ac-4a22-b481-33b8b1eac469: receive RaftClientReply:client-9DC82E534C87->980d9c0c-33ac-4a22-b481-33b8b1eac469@group-23022C6A558E, cid=1600, SUCCESS, logIndex=2302, commits[980d9c0c-33ac-4a22-b481-33b8b1eac469:c2302, e00ee311-0ce1-4115-b4c1-69648d9d3094:c2300, bb9367ec-656d-4ade-92be-004a921408cc:c2300]
2019-08-06 03:26:23,541 INFO  client.GrpcClientProtocolClient (GrpcClientProtocolClient.java:onNext(255)) - client-9DC82E534C87->980d9c0c-33ac-4a22-b481-33b8b1eac469: receive RaftClientReply:client-9DC82E534C87->980d9c0c-33ac-4a22-b481-33b8b1eac469@group-23022C6A558E, cid=1601, SUCCESS, logIndex=2303, commits[980d9c0c-33ac-4a22-b481-33b8b1eac469:c2304, e00ee311-0ce1-4115-b4c1-69648d9d3094:c2300, bb9367ec-656d-4ade-92be-004a921408cc:c2300]
2019-08-06 03:26:23,542 INFO  client.GrpcClientProtocolClient (GrpcClientProtocolClient.java:onNext(255)) - client-9DC82E534C87->980d9c0c-33ac-4a22-b481-33b8b1eac469: receive RaftClientReply:client-9DC82E534C87->980d9c0c-33ac-4a22-b481-33b8b1eac469@group-23022C6A558E, cid=1602, SUCCESS, logIndex=2304, commits[980d9c0c-33ac-4a22-b481-33b8b1eac469:c2304, e00ee311-0ce1-4115-b4c1-69648d9d3094:c2300, bb9367ec-656d-4ade-92be-004a921408cc:c2300]
2019-08-06 03:26:23,555 INFO  client.GrpcClientProtocolClient (GrpcClientProtocolClient.java:onNext(255)) - client-9DC82E534C87->980d9c0c-33ac-4a22-b481-33b8b1eac469: receive RaftClientReply:client-9DC82E534C87->980d9c0c-33ac-4a22-b481-33b8b1eac469@group-23022C6A558E, cid=1603, SUCCESS, logIndex=0, commits[980d9c0c-33ac-4a22-b481-33b8b1eac469:c2306, e00ee311-0ce1-4115-b4c1-69648d9d3094:c2302, bb9367ec-656d-4ade-92be-004a921408cc:c2302]
2019-08-06 03:26:23,575 INFO  client.GrpcClientProtocolClient (GrpcClientProtocolClient.java:onNext(255)) - client-9DC82E534C87->980d9c0c-33ac-4a22-b481-33b8b1eac469: receive RaftClientReply:client-9DC82E534C87->980d9c0c-33ac-4a22-b481-33b8b1eac469@group-23022C6A558E, cid=1604, SUCCESS, logIndex=2309, commits[980d9c0c-33ac-4a22-b481-33b8b1eac469:c2309, e00ee311-0ce1-4115-b4c1-69648d9d3094:c2308, bb9367ec-656d-4ade-92be-004a921408cc:c2304]
2019-08-06 03:26:23,575 INFO  client.GrpcClientProtocolClient (GrpcClientProtocolClient.java:onNext(255)) - client-9DC82E534C87->980d9c0c-33ac-4a22-b481-33b8b1eac469: receive RaftClientReply:client-9DC82E534C87->980d9c0c-33ac-4a22-b481-33b8b1eac469@group-23022C6A558E, cid=1605, SUCCESS, logIndex=2310, commits[980d9c0c-33ac-4a22-b481-33b8b1eac469:c2310, e00ee311-0ce1-4115-b4c1-69648d9d3094:c2308, bb9367ec-656d-4ade-92be-004a921408cc:c2308]
2019-08-06 03:26:23,602 INFO  client.GrpcClientProtocolClient (GrpcClientProtocolClient.java:onNext(255)) - client-9DC82E534C87->980d9c0c-33ac-4a22-b481-33b8b1eac469: receive RaftClientReply:client-9DC82E534C87->980d9c0c-33ac-4a22-b481-33b8b1eac469@group-23022C6A558E, cid=1606, SUCCESS, logIndex=2313, commits[980d9c0c-33ac-4a22-b481-33b8b1eac469:c2313, e00ee311-0ce1-4115-b4c1-69648d9d3094:c2310, bb9367ec-656d-4ade-92be-004a921408cc:c2310]
2019-08-06 03:26:23,602 INFO  client.GrpcClientProtocolClient (GrpcClientProtocolClient.java:onNext(255)) - client-9DC82E534C87->980d9c0c-33ac-4a22-b481-33b8b1eac469: receive RaftClientReply:client-9DC82E534C87->980d9c0c-33ac-4a22-b481-33b8b1eac469@group-23022C6A558E, cid=1607, SUCCESS, logIndex=2314, commits[980d9c0c-33ac-4a22-b481-33b8b1eac469:c2314, e00ee311-0ce1-4115-b4c1-69648d9d3094:c2310, bb9367ec-656d-4ade-92be-004a921408cc:c2310]
2019-08-06 03:26:23,605 INFO  client.GrpcClientProtocolClient (GrpcClientProtocolClient.java:onNext(255)) - client-9DC82E534C87->980d9c0c-33ac-4a22-b481-33b8b1eac469: receive RaftClientReply:client-9DC82E534C87->980d9c0c-33ac-4a22-b481-33b8b1eac469@group-23022C6A558E, cid=1608, SUCCESS, logIndex=0, commits[980d9c0c-33ac-4a22-b481-33b8b1eac469:c2316, e00ee311-0ce1-4115-b4c1-69648d9d3094:c2314, bb9367ec-656d-4ade-92be-004a921408cc:c2314]
2019-08-06 03:26:23,637 INFO  client.GrpcClientProtocolClient (GrpcClientProtocolClient.java:onNext(255)) - client-9DC82E534C87->980d9c0c-33ac-4a22-b481-33b8b1eac469: receive RaftClientReply:client-9DC82E534C87->980d9c0c-33ac-4a22-b481-33b8b1eac469@group-23022C6A558E, cid=1609, SUCCESS, logIndex=2317, commits[980d9c0c-33ac-4a22-b481-33b8b1eac469:c2320, e00ee311-0ce1-4115-b4c1-69648d9d3094:c2316, bb9367ec-656d-4ade-92be-004a921408cc:c2316]
2019-08-06 03:26:23,637 INFO  client.GrpcClientProtocolClient (GrpcClientProtocolClient.java:onNext(255)) - client-9DC82E534C87->980d9c0c-33ac-4a22-b481-33b8b1eac469: receive RaftClientReply:client-9DC82E534C87->980d9c0c-33ac-4a22-b481-33b8b1eac469@group-23022C6A558E, cid=1610, SUCCESS, logIndex=2318, commits[980d9c0c-33ac-4a22-b481-33b8b1eac469:c2320, e00ee311-0ce1-4115-b4c1-69648d9d3094:c2316, bb9367ec-656d-4ade-92be-004a921408cc:c2316]
2019-08-06 03:26:23,637 INFO  client.GrpcClientProtocolClient (GrpcClientProtocolClient.java:onNext(255)) - client-9DC82E534C87->980d9c0c-33ac-4a22-b481-33b8b1eac469: receive RaftClientReply:client-9DC82E534C87->980d9c0c-33ac-4a22-b481-33b8b1eac469@group-23022C6A558E, cid=1611, SUCCESS, logIndex=2319, commits[980d9c0c-33ac-4a22-b481-33b8b1eac469:c2320, e00ee311-0ce1-4115-b4c1-69648d9d3094:c2316, bb9367ec-656d-4ade-92be-004a921408cc:c2316]
2019-08-06 03:26:23,638 INFO  client.GrpcClientProtocolClient (GrpcClientProtocolClient.java:onNext(255)) - client-9DC82E534C87->980d9c0c-33ac-4a22-b481-33b8b1eac469: receive RaftClientReply:client-9DC82E534C87->980d9c0c-33ac-4a22-b481-33b8b1eac469@group-23022C6A558E, cid=1612, SUCCESS, logIndex=2320, commits[980d9c0c-33ac-4a22-b481-33b8b1eac469:c2320, e00ee311-0ce1-4115-b4c1-69648d9d3094:c2316, bb9367ec-656d-4ade-92be-004a921408cc:c2316]
2019-08-06 03:26:23,648 INFO  client.GrpcClientProtocolClient (GrpcClientProtocolClient.java:onNext(255)) - client-9DC82E534C87->980d9c0c-33ac-4a22-b481-33b8b1eac469: receive RaftClientReply:client-9DC82E534C87->980d9c0c-33ac-4a22-b481-33b8b1eac469@group-23022C6A558E, cid=1613, SUCCESS, logIndex=0, commits[980d9c0c-33ac-4a22-b481-33b8b1eac469:c2321, e00ee311-0ce1-4115-b4c1-69648d9d3094:c2318, bb9367ec-656d-4ade-92be-004a921408cc:c2318]
2019-08-06 03:26:23,669 INFO  client.GrpcClientProtocolClient (GrpcClientProtocolClient.java:onNext(255)) - client-9DC82E534C87->980d9c0c-33ac-4a22-b481-33b8b1eac469: receive RaftClientReply:client-9DC82E534C87->980d9c0c-33ac-4a22-b481-33b8b1eac469@group-23022C6A558E, cid=1614, SUCCESS, logIndex=2325, commits[980d9c0c-33ac-4a22-b481-33b8b1eac469:c2326, e00ee311-0ce1-4115-b4c1-69648d9d3094:c2324, bb9367ec-656d-4ade-92be-004a921408cc:c2324]
2019-08-06 03:26:23,669 INFO  client.GrpcClientProtocolClient (GrpcClientProtocolClient.java:onNext(255)) - client-9DC82E534C87->980d9c0c-33ac-4a22-b481-33b8b1eac469: receive RaftClientReply:client-9DC82E534C87->980d9c0c-33ac-4a22-b481-33b8b1eac469@group-23022C6A558E, cid=1615, SUCCESS, logIndex=2326, commits[980d9c0c-33ac-4a22-b481-33b8b1eac469:c2326, e00ee311-0ce1-4115-b4c1-69648d9d3094:c2324, bb9367ec-656d-4ade-92be-004a921408cc:c2324]
2019-08-06 03:26:23,683 INFO  client.GrpcClientProtocolClient (GrpcClientProtocolClient.java:onNext(255)) - client-9DC82E534C87->980d9c0c-33ac-4a22-b481-33b8b1eac469: receive RaftClientReply:client-9DC82E534C87->980d9c0c-33ac-4a22-b481-33b8b1eac469@group-23022C6A558E, cid=1616, SUCCESS, logIndex=2329, commits[980d9c0c-33ac-4a22-b481-33b8b1eac469:c2330, e00ee311-0ce1-4115-b4c1-69648d9d3094:c2326, bb9367ec-656d-4ade-92be-004a921408cc:c2326]
2019-08-06 03:26:23,683 INFO  client.GrpcClientProtocolClient (GrpcClientProtocolClient.java:onNext(255)) - client-9DC82E534C87->980d9c0c-33ac-4a22-b481-33b8b1eac469: receive RaftClientReply:client-9DC82E534C87->980d9c0c-33ac-4a22-b481-33b8b1eac469@group-23022C6A558E, cid=1617, SUCCESS, logIndex=2330, commits[980d9c0c-33ac-4a22-b481-33b8b1eac469:c2330, e00ee311-0ce1-4115-b4c1-69648d9d3094:c2326, bb9367ec-656d-4ade-92be-004a921408cc:c2326]
2019-08-06 03:26:23,697 INFO  client.GrpcClientProtocolClient (GrpcClientProtocolClient.java:onNext(255)) - client-9DC82E534C87->980d9c0c-33ac-4a22-b481-33b8b1eac469: receive RaftClientReply:client-9DC82E534C87->980d9c0c-33ac-4a22-b481-33b8b1eac469@group-23022C6A558E, cid=1618, SUCCESS, logIndex=0, commits[980d9c0c-33ac-4a22-b481-33b8b1eac469:c2331, e00ee311-0ce1-4115-b4c1-69648d9d3094:c2330, bb9367ec-656d-4ade-92be-004a921408cc:c2330]
2019-08-06 03:26:23,839 INFO  client.GrpcClientProtocolClient (GrpcClientProtocolClient.java:onNext(255)) - client-9DC82E534C87->980d9c0c-33ac-4a22-b481-33b8b1eac469: receive RaftClientReply:client-9DC82E534C87->980d9c0c-33ac-4a22-b481-33b8b1eac469@group-23022C6A558E, cid=1619, SUCCESS, logIndex=2333, commits[980d9c0c-33ac-4a22-b481-33b8b1eac469:c2334, e00ee311-0ce1-4115-b4c1-69648d9d3094:c2332, bb9367ec-656d-4ade-92be-004a921408cc:c2332]
2019-08-06 03:26:23,840 INFO  client.GrpcClientProtocolClient (GrpcClientProtocolClient.java:onNext(255)) - client-9DC82E534C87->980d9c0c-33ac-4a22-b481-33b8b1eac469: receive RaftClientReply:client-9DC82E534C87->980d9c0c-33ac-4a22-b481-33b8b1eac469@group-23022C6A558E, cid=1620, SUCCESS, logIndex=2334, commits[980d9c0c-33ac-4a22-b481-33b8b1eac469:c2335, e00ee311-0ce1-4115-b4c1-69648d9d3094:c2332, bb9367ec-656d-4ade-92be-004a921408cc:c2332]
2019-08-06 03:26:23,841 INFO  client.GrpcClientProtocolClient (GrpcClientProtocolClient.java:onNext(255)) - client-9DC82E534C87->980d9c0c-33ac-4a22-b481-33b8b1eac469: receive RaftClientReply:client-9DC82E534C87->980d9c0c-33ac-4a22-b481-33b8b1eac469@group-23022C6A558E, cid=1621, SUCCESS, logIndex=2335, commits[980d9c0c-33ac-4a22-b481-33b8b1eac469:c2336, e00ee311-0ce1-4115-b4c1-69648d9d3094:c2332, bb9367ec-656d-4ade-92be-004a921408cc:c2332]
2019-08-06 03:26:23,841 INFO  client.GrpcClientProtocolClient (GrpcClientProtocolClient.java:onNext(255)) - client-9DC82E534C87->980d9c0c-33ac-4a22-b481-33b8b1eac469: receive RaftClientReply:client-9DC82E534C87->980d9c0c-33ac-4a22-b481-33b8b1eac469@group-23022C6A558E, cid=1622, SUCCESS, logIndex=2336, commits[980d9c0c-33ac-4a22-b481-33b8b1eac469:c2336, e00ee311-0ce1-4115-b4c1-69648d9d3094:c2332, bb9367ec-656d-4ade-92be-004a921408cc:c2332]
2019-08-06 03:26:23,843 INFO  client.GrpcClientProtocolClient (GrpcClientProtocolClient.java:onNext(255)) - client-9DC82E534C87->980d9c0c-33ac-4a22-b481-33b8b1eac469: receive RaftClientReply:client-9DC82E534C87->980d9c0c-33ac-4a22-b481-33b8b1eac469@group-23022C6A558E, cid=1623, SUCCESS, logIndex=0, commits[980d9c0c-33ac-4a22-b481-33b8b1eac469:c2339, e00ee311-0ce1-4115-b4c1-69648d9d3094:c2334, bb9367ec-656d-4ade-92be-004a921408cc:c2335]
2019-08-06 03:26:23,866 INFO  client.GrpcClientProtocolClient (GrpcClientProtocolClient.java:onNext(255)) - client-9DC82E534C87->980d9c0c-33ac-4a22-b481-33b8b1eac469: receive RaftClientReply:client-9DC82E534C87->980d9c0c-33ac-4a22-b481-33b8b1eac469@group-23022C6A558E, cid=1624, SUCCESS, logIndex=2341, commits[980d9c0c-33ac-4a22-b481-33b8b1eac469:c2341, e00ee311-0ce1-4115-b4c1-69648d9d3094:c2340, bb9367ec-656d-4ade-92be-004a921408cc:c2340]
2019-08-06 03:26:23,866 INFO  client.GrpcClientProtocolClient (GrpcClientProtocolClient.java:onNext(255)) - client-9DC82E534C87->980d9c0c-33ac-4a22-b481-33b8b1eac469: receive RaftClientReply:client-9DC82E534C87->980d9c0c-33ac-4a22-b481-33b8b1eac469@group-23022C6A558E, cid=1625, SUCCESS, logIndex=2342, commits[980d9c0c-33ac-4a22-b481-33b8b1eac469:c2342, e00ee311-0ce1-4115-b4c1-69648d9d3094:c2340, bb9367ec-656d-4ade-92be-004a921408cc:c2340]
2019-08-06 03:26:23,880 INFO  client.GrpcClientProtocolClient (GrpcClientProtocolClient.java:onNext(255)) - client-9DC82E534C87->980d9c0c-33ac-4a22-b481-33b8b1eac469: receive RaftClientReply:client-9DC82E534C87->980d9c0c-33ac-4a22-b481-33b8b1eac469@group-23022C6A558E, cid=1626, SUCCESS, logIndex=2345, commits[980d9c0c-33ac-4a22-b481-33b8b1eac469:c2346, e00ee311-0ce1-4115-b4c1-69648d9d3094:c2342, bb9367ec-656d-4ade-92be-004a921408cc:c2342]
2019-08-06 03:26:23,880 INFO  client.GrpcClientProtocolClient (GrpcClientProtocolClient.java:onNext(255)) - client-9DC82E534C87->980d9c0c-33ac-4a22-b481-33b8b1eac469: receive RaftClientReply:client-9DC82E534C87->980d9c0c-33ac-4a22-b481-33b8b1eac469@group-23022C6A558E, cid=1627, SUCCESS, logIndex=2346, commits[980d9c0c-33ac-4a22-b481-33b8b1eac469:c2346, e00ee311-0ce1-4115-b4c1-69648d9d3094:c2342, bb9367ec-656d-4ade-92be-004a921408cc:c2342]
2019-08-06 03:26:23,890 INFO  client.GrpcClientProtocolClient (GrpcClientProtocolClient.java:onNext(255)) - client-9DC82E534C87->980d9c0c-33ac-4a22-b481-33b8b1eac469: receive RaftClientReply:client-9DC82E534C87->980d9c0c-33ac-4a22-b481-33b8b1eac469@group-23022C6A558E, cid=1628, SUCCESS, logIndex=0, commits[980d9c0c-33ac-4a22-b481-33b8b1eac469:c2347, e00ee311-0ce1-4115-b4c1-69648d9d3094:c2346, bb9367ec-656d-4ade-92be-004a921408cc:c2346]
2019-08-06 03:26:23,922 INFO  client.GrpcClientProtocolClient (GrpcClientProtocolClient.java:onNext(255)) - client-9DC82E534C87->980d9c0c-33ac-4a22-b481-33b8b1eac469: receive RaftClientReply:client-9DC82E534C87->980d9c0c-33ac-4a22-b481-33b8b1eac469@group-23022C6A558E, cid=1629, SUCCESS, logIndex=2349, commits[980d9c0c-33ac-4a22-b481-33b8b1eac469:c2350, e00ee311-0ce1-4115-b4c1-69648d9d3094:c2348, bb9367ec-656d-4ade-92be-004a921408cc:c2348]
2019-08-06 03:26:23,923 INFO  client.GrpcClientProtocolClient (GrpcClientProtocolClient.java:onNext(255)) - client-9DC82E534C87->980d9c0c-33ac-4a22-b481-33b8b1eac469: receive RaftClientReply:client-9DC82E534C87->980d9c0c-33ac-4a22-b481-33b8b1eac469@group-23022C6A558E, cid=1630, SUCCESS, logIndex=2350, commits[980d9c0c-33ac-4a22-b481-33b8b1eac469:c2351, e00ee311-0ce1-4115-b4c1-69648d9d3094:c2348, bb9367ec-656d-4ade-92be-004a921408cc:c2348]
2019-08-06 03:26:23,923 INFO  client.GrpcClientProtocolClient (GrpcClientProtocolClient.java:onNext(255)) - client-9DC82E534C87->980d9c0c-33ac-4a22-b481-33b8b1eac469: receive RaftClientReply:client-9DC82E534C87->980d9c0c-33ac-4a22-b481-33b8b1eac469@group-23022C6A558E, cid=1631, SUCCESS, logIndex=2351, commits[980d9c0c-33ac-4a22-b481-33b8b1eac469:c2352, e00ee311-0ce1-4115-b4c1-69648d9d3094:c2348, bb9367ec-656d-4ade-92be-004a921408cc:c2348]
2019-08-06 03:26:23,923 INFO  client.GrpcClientProtocolClient (GrpcClientProtocolClient.java:onNext(255)) - client-9DC82E534C87->980d9c0c-33ac-4a22-b481-33b8b1eac469: receive RaftClientReply:client-9DC82E534C87->980d9c0c-33ac-4a22-b481-33b8b1eac469@group-23022C6A558E, cid=1632, SUCCESS, logIndex=2352, commits[980d9c0c-33ac-4a22-b481-33b8b1eac469:c2352, e00ee311-0ce1-4115-b4c1-69648d9d3094:c2348, bb9367ec-656d-4ade-92be-004a921408cc:c2348]
2019-08-06 03:26:23,936 INFO  client.GrpcClientProtocolClient (GrpcClientProtocolClient.java:onNext(255)) - client-9DC82E534C87->980d9c0c-33ac-4a22-b481-33b8b1eac469: receive RaftClientReply:client-9DC82E534C87->980d9c0c-33ac-4a22-b481-33b8b1eac469@group-23022C6A558E, cid=1633, SUCCESS, logIndex=0, commits[980d9c0c-33ac-4a22-b481-33b8b1eac469:c2354, e00ee311-0ce1-4115-b4c1-69648d9d3094:c2350, bb9367ec-656d-4ade-92be-004a921408cc:c2350]
2019-08-06 03:26:23,957 INFO  client.GrpcClientProtocolClient (GrpcClientProtocolClient.java:onNext(255)) - client-9DC82E534C87->980d9c0c-33ac-4a22-b481-33b8b1eac469: receive RaftClientReply:client-9DC82E534C87->980d9c0c-33ac-4a22-b481-33b8b1eac469@group-23022C6A558E, cid=1634, SUCCESS, logIndex=2357, commits[980d9c0c-33ac-4a22-b481-33b8b1eac469:c2358, e00ee311-0ce1-4115-b4c1-69648d9d3094:c2356, bb9367ec-656d-4ade-92be-004a921408cc:c2356]
2019-08-06 03:26:23,958 INFO  client.GrpcClientProtocolClient (GrpcClientProtocolClient.java:onNext(255)) - client-9DC82E534C87->980d9c0c-33ac-4a22-b481-33b8b1eac469: receive RaftClientReply:client-9DC82E534C87->980d9c0c-33ac-4a22-b481-33b8b1eac469@group-23022C6A558E, cid=1635, SUCCESS, logIndex=2358, commits[980d9c0c-33ac-4a22-b481-33b8b1eac469:c2358, e00ee311-0ce1-4115-b4c1-69648d9d3094:c2356, bb9367ec-656d-4ade-92be-004a921408cc:c2356]
2019-08-06 03:26:23,981 INFO  client.GrpcClientProtocolClient (GrpcClientProtocolClient.java:onNext(255)) - client-9DC82E534C87->980d9c0c-33ac-4a22-b481-33b8b1eac469: receive RaftClientReply:client-9DC82E534C87->980d9c0c-33ac-4a22-b481-33b8b1eac469@group-23022C6A558E, cid=1636, SUCCESS, logIndex=2361, commits[980d9c0c-33ac-4a22-b481-33b8b1eac469:c2362, e00ee311-0ce1-4115-b4c1-69648d9d3094:c2358, bb9367ec-656d-4ade-92be-004a921408cc:c2358]
2019-08-06 03:26:23,982 INFO  client.GrpcClientProtocolClient (GrpcClientProtocolClient.java:onNext(255)) - client-9DC82E534C87->980d9c0c-33ac-4a22-b481-33b8b1eac469: receive RaftClientReply:client-9DC82E534C87->980d9c0c-33ac-4a22-b481-33b8b1eac469@group-23022C6A558E, cid=1637, SUCCESS, logIndex=2362, commits[980d9c0c-33ac-4a22-b481-33b8b1eac469:c2362, e00ee311-0ce1-4115-b4c1-69648d9d3094:c2358, bb9367ec-656d-4ade-92be-004a921408cc:c2358]
2019-08-06 03:26:23,983 INFO  client.GrpcClientProtocolClient (GrpcClientProtocolClient.java:onNext(255)) - client-9DC82E534C87->980d9c0c-33ac-4a22-b481-33b8b1eac469: receive RaftClientReply:client-9DC82E534C87->980d9c0c-33ac-4a22-b481-33b8b1eac469@group-23022C6A558E, cid=1638, SUCCESS, logIndex=0, commits[980d9c0c-33ac-4a22-b481-33b8b1eac469:c2363, e00ee311-0ce1-4115-b4c1-69648d9d3094:c2362, bb9367ec-656d-4ade-92be-004a921408cc:c2362]
2019-08-06 03:26:24,015 INFO  client.GrpcClientProtocolClient (GrpcClientProtocolClient.java:onNext(255)) - client-9DC82E534C87->980d9c0c-33ac-4a22-b481-33b8b1eac469: receive RaftClientReply:client-9DC82E534C87->980d9c0c-33ac-4a22-b481-33b8b1eac469@group-23022C6A558E, cid=1639, SUCCESS, logIndex=2365, commits[980d9c0c-33ac-4a22-b481-33b8b1eac469:c2367, e00ee311-0ce1-4115-b4c1-69648d9d3094:c2364, bb9367ec-656d-4ade-92be-004a921408cc:c2364]
2019-08-06 03:26:24,016 INFO  client.GrpcClientProtocolClient (GrpcClientProtocolClient.java:onNext(255)) - client-9DC82E534C87->980d9c0c-33ac-4a22-b481-33b8b1eac469: receive RaftClientReply:client-9DC82E534C87->980d9c0c-33ac-4a22-b481-33b8b1eac469@group-23022C6A558E, cid=1640, SUCCESS, logIndex=2366, commits[980d9c0c-33ac-4a22-b481-33b8b1eac469:c2367, e00ee311-0ce1-4115-b4c1-69648d9d3094:c2364, bb9367ec-656d-4ade-92be-004a921408cc:c2364]
2019-08-06 03:26:24,016 INFO  client.GrpcClientProtocolClient (GrpcClientProtocolClient.java:onNext(255)) - client-9DC82E534C87->980d9c0c-33ac-4a22-b481-33b8b1eac469: receive RaftClientReply:client-9DC82E534C87->980d9c0c-33ac-4a22-b481-33b8b1eac469@group-23022C6A558E, cid=1641, SUCCESS, logIndex=2367, commits[980d9c0c-33ac-4a22-b481-33b8b1eac469:c2368, e00ee311-0ce1-4115-b4c1-69648d9d3094:c2364, bb9367ec-656d-4ade-92be-004a921408cc:c2364]
2019-08-06 03:26:24,016 INFO  client.GrpcClientProtocolClient (GrpcClientProtocolClient.java:onNext(255)) - client-9DC82E534C87->980d9c0c-33ac-4a22-b481-33b8b1eac469: receive RaftClientReply:client-9DC82E534C87->980d9c0c-33ac-4a22-b481-33b8b1eac469@group-23022C6A558E, cid=1642, SUCCESS, logIndex=2368, commits[980d9c0c-33ac-4a22-b481-33b8b1eac469:c2368, e00ee311-0ce1-4115-b4c1-69648d9d3094:c2364, bb9367ec-656d-4ade-92be-004a921408cc:c2364]
2019-08-06 03:26:24,028 INFO  client.GrpcClientProtocolClient (GrpcClientProtocolClient.java:onNext(255)) - client-9DC82E534C87->980d9c0c-33ac-4a22-b481-33b8b1eac469: receive RaftClientReply:client-9DC82E534C87->980d9c0c-33ac-4a22-b481-33b8b1eac469@group-23022C6A558E, cid=1643, SUCCESS, logIndex=0, commits[980d9c0c-33ac-4a22-b481-33b8b1eac469:c2370, e00ee311-0ce1-4115-b4c1-69648d9d3094:c2366, bb9367ec-656d-4ade-92be-004a921408cc:c2366]
2019-08-06 03:26:24,048 INFO  client.GrpcClientProtocolClient (GrpcClientProtocolClient.java:onNext(255)) - client-9DC82E534C87->980d9c0c-33ac-4a22-b481-33b8b1eac469: receive RaftClientReply:client-9DC82E534C87->980d9c0c-33ac-4a22-b481-33b8b1eac469@group-23022C6A558E, cid=1644, SUCCESS, logIndex=2373, commits[980d9c0c-33ac-4a22-b481-33b8b1eac469:c2374, e00ee311-0ce1-4115-b4c1-69648d9d3094:c2372, bb9367ec-656d-4ade-92be-004a921408cc:c2372]
2019-08-06 03:26:24,048 INFO  client.GrpcClientProtocolClient (GrpcClientProtocolClient.java:onNext(255)) - client-9DC82E534C87->980d9c0c-33ac-4a22-b481-33b8b1eac469: receive RaftClientReply:client-9DC82E534C87->980d9c0c-33ac-4a22-b481-33b8b1eac469@group-23022C6A558E, cid=1645, SUCCESS, logIndex=2374, commits[980d9c0c-33ac-4a22-b481-33b8b1eac469:c2374, e00ee311-0ce1-4115-b4c1-69648d9d3094:c2372, bb9367ec-656d-4ade-92be-004a921408cc:c2372]
2019-08-06 03:26:24,063 INFO  client.GrpcClientProtocolClient (GrpcClientProtocolClient.java:onNext(255)) - client-9DC82E534C87->980d9c0c-33ac-4a22-b481-33b8b1eac469: receive RaftClientReply:client-9DC82E534C87->980d9c0c-33ac-4a22-b481-33b8b1eac469@group-23022C6A558E, cid=1646, SUCCESS, logIndex=2377, commits[980d9c0c-33ac-4a22-b481-33b8b1eac469:c2378, e00ee311-0ce1-4115-b4c1-69648d9d3094:c2374, bb9367ec-656d-4ade-92be-004a921408cc:c2373]
2019-08-06 03:26:24,063 INFO  client.GrpcClientProtocolClient (GrpcClientProtocolClient.java:onNext(255)) - client-9DC82E534C87->980d9c0c-33ac-4a22-b481-33b8b1eac469: receive RaftClientReply:client-9DC82E534C87->980d9c0c-33ac-4a22-b481-33b8b1eac469@group-23022C6A558E, cid=1647, SUCCESS, logIndex=2378, commits[980d9c0c-33ac-4a22-b481-33b8b1eac469:c2378, e00ee311-0ce1-4115-b4c1-69648d9d3094:c2374, bb9367ec-656d-4ade-92be-004a921408cc:c2374]
2019-08-06 03:26:24,077 INFO  client.GrpcClientProtocolClient (GrpcClientProtocolClient.java:onNext(255)) - client-9DC82E534C87->980d9c0c-33ac-4a22-b481-33b8b1eac469: receive RaftClientReply:client-9DC82E534C87->980d9c0c-33ac-4a22-b481-33b8b1eac469@group-23022C6A558E, cid=1648, SUCCESS, logIndex=0, commits[980d9c0c-33ac-4a22-b481-33b8b1eac469:c2380, e00ee311-0ce1-4115-b4c1-69648d9d3094:c2378, bb9367ec-656d-4ade-92be-004a921408cc:c2378]
2019-08-06 03:26:24,108 INFO  client.GrpcClientProtocolClient (GrpcClientProtocolClient.java:onNext(255)) - client-9DC82E534C87->980d9c0c-33ac-4a22-b481-33b8b1eac469: receive RaftClientReply:client-9DC82E534C87->980d9c0c-33ac-4a22-b481-33b8b1eac469@group-23022C6A558E, cid=1649, SUCCESS, logIndex=2381, commits[980d9c0c-33ac-4a22-b481-33b8b1eac469:c2381, e00ee311-0ce1-4115-b4c1-69648d9d3094:c2380, bb9367ec-656d-4ade-92be-004a921408cc:c2380]
2019-08-06 03:26:24,109 INFO  client.GrpcClientProtocolClient (GrpcClientProtocolClient.java:onNext(255)) - client-9DC82E534C87->980d9c0c-33ac-4a22-b481-33b8b1eac469: receive RaftClientReply:client-9DC82E534C87->980d9c0c-33ac-4a22-b481-33b8b1eac469@group-23022C6A558E, cid=1650, SUCCESS, logIndex=2382, commits[980d9c0c-33ac-4a22-b481-33b8b1eac469:c2382, e00ee311-0ce1-4115-b4c1-69648d9d3094:c2380, bb9367ec-656d-4ade-92be-004a921408cc:c2380]
2019-08-06 03:26:24,122 INFO  client.GrpcClientProtocolClient (GrpcClientProtocolClient.java:onNext(255)) - client-9DC82E534C87->980d9c0c-33ac-4a22-b481-33b8b1eac469: receive RaftClientReply:client-9DC82E534C87->980d9c0c-33ac-4a22-b481-33b8b1eac469@group-23022C6A558E, cid=1651, SUCCESS, logIndex=2383, commits[980d9c0c-33ac-4a22-b481-33b8b1eac469:c2384, e00ee311-0ce1-4115-b4c1-69648d9d3094:c2380, bb9367ec-656d-4ade-92be-004a921408cc:c2380]
2019-08-06 03:26:24,122 INFO  client.GrpcClientProtocolClient (GrpcClientProtocolClient.java:onNext(255)) - client-9DC82E534C87->980d9c0c-33ac-4a22-b481-33b8b1eac469: receive RaftClientReply:client-9DC82E534C87->980d9c0c-33ac-4a22-b481-33b8b1eac469@group-23022C6A558E, cid=1652, SUCCESS, logIndex=2384, commits[980d9c0c-33ac-4a22-b481-33b8b1eac469:c2384, e00ee311-0ce1-4115-b4c1-69648d9d3094:c2380, bb9367ec-656d-4ade-92be-004a921408cc:c2380]
2019-08-06 03:26:24,125 INFO  client.GrpcClientProtocolClient (GrpcClientProtocolClient.java:onNext(255)) - client-9DC82E534C87->980d9c0c-33ac-4a22-b481-33b8b1eac469: receive RaftClientReply:client-9DC82E534C87->980d9c0c-33ac-4a22-b481-33b8b1eac469@group-23022C6A558E, cid=1653, SUCCESS, logIndex=0, commits[980d9c0c-33ac-4a22-b481-33b8b1eac469:c2386, e00ee311-0ce1-4115-b4c1-69648d9d3094:c2382, bb9367ec-656d-4ade-92be-004a921408cc:c2382]
 0.00% |█                                                                                                    |  0/1 Time: 0:00:112019-08-06 03:26:24,152 INFO  client.GrpcClientProtocolClient (GrpcClientProtocolClient.java:onNext(255)) - client-9DC82E534C87->980d9c0c-33ac-4a22-b481-33b8b1eac469: receive RaftClientReply:client-9DC82E534C87->980d9c0c-33ac-4a22-b481-33b8b1eac469@group-23022C6A558E, cid=1654, SUCCESS, logIndex=2389, commits[980d9c0c-33ac-4a22-b481-33b8b1eac469:c2390, e00ee311-0ce1-4115-b4c1-69648d9d3094:c2388, bb9367ec-656d-4ade-92be-004a921408cc:c2388]
2019-08-06 03:26:24,152 INFO  client.GrpcClientProtocolClient (GrpcClientProtocolClient.java:onNext(255)) - client-9DC82E534C87->980d9c0c-33ac-4a22-b481-33b8b1eac469: receive RaftClientReply:client-9DC82E534C87->980d9c0c-33ac-4a22-b481-33b8b1eac469@group-23022C6A558E, cid=1655, SUCCESS, logIndex=2390, commits[980d9c0c-33ac-4a22-b481-33b8b1eac469:c2390, e00ee311-0ce1-4115-b4c1-69648d9d3094:c2388, bb9367ec-656d-4ade-92be-004a921408cc:c2388]
2019-08-06 03:26:24,167 INFO  client.GrpcClientProtocolClient (GrpcClientProtocolClient.java:onNext(255)) - client-9DC82E534C87->980d9c0c-33ac-4a22-b481-33b8b1eac469: receive RaftClientReply:client-9DC82E534C87->980d9c0c-33ac-4a22-b481-33b8b1eac469@group-23022C6A558E, cid=1656, SUCCESS, logIndex=2393, commits[980d9c0c-33ac-4a22-b481-33b8b1eac469:c2394, e00ee311-0ce1-4115-b4c1-69648d9d3094:c2390, bb9367ec-656d-4ade-92be-004a921408cc:c2391]
2019-08-06 03:26:24,167 INFO  client.GrpcClientProtocolClient (GrpcClientProtocolClient.java:onNext(255)) - client-9DC82E534C87->980d9c0c-33ac-4a22-b481-33b8b1eac469: receive RaftClientReply:client-9DC82E534C87->980d9c0c-33ac-4a22-b481-33b8b1eac469@group-23022C6A558E, cid=1657, SUCCESS, logIndex=2394, commits[980d9c0c-33ac-4a22-b481-33b8b1eac469:c2394, e00ee311-0ce1-4115-b4c1-69648d9d3094:c2391, bb9367ec-656d-4ade-92be-004a921408cc:c2391]
2019-08-06 03:26:24,170 INFO  client.GrpcClientProtocolClient (GrpcClientProtocolClient.java:onNext(255)) - client-9DC82E534C87->980d9c0c-33ac-4a22-b481-33b8b1eac469: receive RaftClientReply:client-9DC82E534C87->980d9c0c-33ac-4a22-b481-33b8b1eac469@group-23022C6A558E, cid=1658, SUCCESS, logIndex=0, commits[980d9c0c-33ac-4a22-b481-33b8b1eac469:c2396, e00ee311-0ce1-4115-b4c1-69648d9d3094:c2394, bb9367ec-656d-4ade-92be-004a921408cc:c2394]
2019-08-06 03:26:24,204 INFO  client.GrpcClientProtocolClient (GrpcClientProtocolClient.java:onNext(255)) - client-9DC82E534C87->980d9c0c-33ac-4a22-b481-33b8b1eac469: receive RaftClientReply:client-9DC82E534C87->980d9c0c-33ac-4a22-b481-33b8b1eac469@group-23022C6A558E, cid=1659, SUCCESS, logIndex=2397, commits[980d9c0c-33ac-4a22-b481-33b8b1eac469:c2398, e00ee311-0ce1-4115-b4c1-69648d9d3094:c2396, bb9367ec-656d-4ade-92be-004a921408cc:c2396]
2019-08-06 03:26:24,205 INFO  client.GrpcClientProtocolClient (GrpcClientProtocolClient.java:onNext(255)) - client-9DC82E534C87->980d9c0c-33ac-4a22-b481-33b8b1eac469: receive RaftClientReply:client-9DC82E534C87->980d9c0c-33ac-4a22-b481-33b8b1eac469@group-23022C6A558E, cid=1660, SUCCESS, logIndex=2398, commits[980d9c0c-33ac-4a22-b481-33b8b1eac469:c2400, e00ee311-0ce1-4115-b4c1-69648d9d3094:c2396, bb9367ec-656d-4ade-92be-004a921408cc:c2396]
2019-08-06 03:26:24,205 INFO  client.GrpcClientProtocolClient (GrpcClientProtocolClient.java:onNext(255)) - client-9DC82E534C87->980d9c0c-33ac-4a22-b481-33b8b1eac469: receive RaftClientReply:client-9DC82E534C87->980d9c0c-33ac-4a22-b481-33b8b1eac469@group-23022C6A558E, cid=1661, SUCCESS, logIndex=2399, commits[980d9c0c-33ac-4a22-b481-33b8b1eac469:c2400, e00ee311-0ce1-4115-b4c1-69648d9d3094:c2396, bb9367ec-656d-4ade-92be-004a921408cc:c2396]
2019-08-06 03:26:24,205 INFO  client.GrpcClientProtocolClient (GrpcClientProtocolClient.java:onNext(255)) - client-9DC82E534C87->980d9c0c-33ac-4a22-b481-33b8b1eac469: receive RaftClientReply:client-9DC82E534C87->980d9c0c-33ac-4a22-b481-33b8b1eac469@group-23022C6A558E, cid=1662, SUCCESS, logIndex=2400, commits[980d9c0c-33ac-4a22-b481-33b8b1eac469:c2400, e00ee311-0ce1-4115-b4c1-69648d9d3094:c2396, bb9367ec-656d-4ade-92be-004a921408cc:c2396]
2019-08-06 03:26:24,218 INFO  client.GrpcClientProtocolClient (GrpcClientProtocolClient.java:onNext(255)) - client-9DC82E534C87->980d9c0c-33ac-4a22-b481-33b8b1eac469: receive RaftClientReply:client-9DC82E534C87->980d9c0c-33ac-4a22-b481-33b8b1eac469@group-23022C6A558E, cid=1663, SUCCESS, logIndex=0, commits[980d9c0c-33ac-4a22-b481-33b8b1eac469:c2402, e00ee311-0ce1-4115-b4c1-69648d9d3094:c2399, bb9367ec-656d-4ade-92be-004a921408cc:c2399]
2019-08-06 03:26:24,238 INFO  client.GrpcClientProtocolClient (GrpcClientProtocolClient.java:onNext(255)) - client-9DC82E534C87->980d9c0c-33ac-4a22-b481-33b8b1eac469: receive RaftClientReply:client-9DC82E534C87->980d9c0c-33ac-4a22-b481-33b8b1eac469@group-23022C6A558E, cid=1664, SUCCESS, logIndex=2405, commits[980d9c0c-33ac-4a22-b481-33b8b1eac469:c2406, e00ee311-0ce1-4115-b4c1-69648d9d3094:c2404, bb9367ec-656d-4ade-92be-004a921408cc:c2404]
2019-08-06 03:26:24,238 INFO  client.GrpcClientProtocolClient (GrpcClientProtocolClient.java:onNext(255)) - client-9DC82E534C87->980d9c0c-33ac-4a22-b481-33b8b1eac469: receive RaftClientReply:client-9DC82E534C87->980d9c0c-33ac-4a22-b481-33b8b1eac469@group-23022C6A558E, cid=1665, SUCCESS, logIndex=2406, commits[980d9c0c-33ac-4a22-b481-33b8b1eac469:c2406, e00ee311-0ce1-4115-b4c1-69648d9d3094:c2404, bb9367ec-656d-4ade-92be-004a921408cc:c2404]
2019-08-06 03:26:24,261 INFO  client.GrpcClientProtocolClient (GrpcClientProtocolClient.java:onNext(255)) - client-9DC82E534C87->980d9c0c-33ac-4a22-b481-33b8b1eac469: receive RaftClientReply:client-9DC82E534C87->980d9c0c-33ac-4a22-b481-33b8b1eac469@group-23022C6A558E, cid=1666, SUCCESS, logIndex=2409, commits[980d9c0c-33ac-4a22-b481-33b8b1eac469:c2410, e00ee311-0ce1-4115-b4c1-69648d9d3094:c2406, bb9367ec-656d-4ade-92be-004a921408cc:c2406]
2019-08-06 03:26:24,262 INFO  client.GrpcClientProtocolClient (GrpcClientProtocolClient.java:onNext(255)) - client-9DC82E534C87->980d9c0c-33ac-4a22-b481-33b8b1eac469: receive RaftClientReply:client-9DC82E534C87->980d9c0c-33ac-4a22-b481-33b8b1eac469@group-23022C6A558E, cid=1667, SUCCESS, logIndex=2410, commits[980d9c0c-33ac-4a22-b481-33b8b1eac469:c2410, e00ee311-0ce1-4115-b4c1-69648d9d3094:c2406, bb9367ec-656d-4ade-92be-004a921408cc:c2406]
2019-08-06 03:26:24,274 INFO  client.GrpcClientProtocolClient (GrpcClientProtocolClient.java:onNext(255)) - client-9DC82E534C87->980d9c0c-33ac-4a22-b481-33b8b1eac469: receive RaftClientReply:client-9DC82E534C87->980d9c0c-33ac-4a22-b481-33b8b1eac469@group-23022C6A558E, cid=1668, SUCCESS, logIndex=0, commits[980d9c0c-33ac-4a22-b481-33b8b1eac469:c2411, e00ee311-0ce1-4115-b4c1-69648d9d3094:c2410, bb9367ec-656d-4ade-92be-004a921408cc:c2410]
2019-08-06 03:26:24,302 INFO  client.GrpcClientProtocolClient (GrpcClientProtocolClient.java:onNext(255)) - client-9DC82E534C87->980d9c0c-33ac-4a22-b481-33b8b1eac469: receive RaftClientReply:client-9DC82E534C87->980d9c0c-33ac-4a22-b481-33b8b1eac469@group-23022C6A558E, cid=1669, SUCCESS, logIndex=2413, commits[980d9c0c-33ac-4a22-b481-33b8b1eac469:c2414, e00ee311-0ce1-4115-b4c1-69648d9d3094:c2412, bb9367ec-656d-4ade-92be-004a921408cc:c2412]
2019-08-06 03:26:24,303 INFO  client.GrpcClientProtocolClient (GrpcClientProtocolClient.java:onNext(255)) - client-9DC82E534C87->980d9c0c-33ac-4a22-b481-33b8b1eac469: receive RaftClientReply:client-9DC82E534C87->980d9c0c-33ac-4a22-b481-33b8b1eac469@group-23022C6A558E, cid=1670, SUCCESS, logIndex=2414, commits[980d9c0c-33ac-4a22-b481-33b8b1eac469:c2416, e00ee311-0ce1-4115-b4c1-69648d9d3094:c2412, bb9367ec-656d-4ade-92be-004a921408cc:c2412]
2019-08-06 03:26:24,303 INFO  client.GrpcClientProtocolClient (GrpcClientProtocolClient.java:onNext(255)) - client-9DC82E534C87->980d9c0c-33ac-4a22-b481-33b8b1eac469: receive RaftClientReply:client-9DC82E534C87->980d9c0c-33ac-4a22-b481-33b8b1eac469@group-23022C6A558E, cid=1671, SUCCESS, logIndex=2415, commits[980d9c0c-33ac-4a22-b481-33b8b1eac469:c2416, e00ee311-0ce1-4115-b4c1-69648d9d3094:c2412, bb9367ec-656d-4ade-92be-004a921408cc:c2412]
2019-08-06 03:26:24,304 INFO  client.GrpcClientProtocolClient (GrpcClientProtocolClient.java:onNext(255)) - client-9DC82E534C87->980d9c0c-33ac-4a22-b481-33b8b1eac469: receive RaftClientReply:client-9DC82E534C87->980d9c0c-33ac-4a22-b481-33b8b1eac469@group-23022C6A558E, cid=1672, SUCCESS, logIndex=2416, commits[980d9c0c-33ac-4a22-b481-33b8b1eac469:c2416, e00ee311-0ce1-4115-b4c1-69648d9d3094:c2412, bb9367ec-656d-4ade-92be-004a921408cc:c2412]
2019-08-06 03:26:24,316 INFO  client.GrpcClientProtocolClient (GrpcClientProtocolClient.java:onNext(255)) - client-9DC82E534C87->980d9c0c-33ac-4a22-b481-33b8b1eac469: receive RaftClientReply:client-9DC82E534C87->980d9c0c-33ac-4a22-b481-33b8b1eac469@group-23022C6A558E, cid=1673, SUCCESS, logIndex=0, commits[980d9c0c-33ac-4a22-b481-33b8b1eac469:c2418, e00ee311-0ce1-4115-b4c1-69648d9d3094:c2414, bb9367ec-656d-4ade-92be-004a921408cc:c2414]
2019-08-06 03:26:24,336 INFO  client.GrpcClientProtocolClient (GrpcClientProtocolClient.java:onNext(255)) - client-9DC82E534C87->980d9c0c-33ac-4a22-b481-33b8b1eac469: receive RaftClientReply:client-9DC82E534C87->980d9c0c-33ac-4a22-b481-33b8b1eac469@group-23022C6A558E, cid=1674, SUCCESS, logIndex=2420, commits[980d9c0c-33ac-4a22-b481-33b8b1eac469:c2421, e00ee311-0ce1-4115-b4c1-69648d9d3094:c2419, bb9367ec-656d-4ade-92be-004a921408cc:c2419]
2019-08-06 03:26:24,336 INFO  client.GrpcClientProtocolClient (GrpcClientProtocolClient.java:onNext(255)) - client-9DC82E534C87->980d9c0c-33ac-4a22-b481-33b8b1eac469: receive RaftClientReply:client-9DC82E534C87->980d9c0c-33ac-4a22-b481-33b8b1eac469@group-23022C6A558E, cid=1675, SUCCESS, logIndex=2421, commits[980d9c0c-33ac-4a22-b481-33b8b1eac469:c2421, e00ee311-0ce1-4115-b4c1-69648d9d3094:c2419, bb9367ec-656d-4ade-92be-004a921408cc:c2419]
2019-08-06 03:26:24,362 INFO  client.GrpcClientProtocolClient (GrpcClientProtocolClient.java:onNext(255)) - client-9DC82E534C87->980d9c0c-33ac-4a22-b481-33b8b1eac469: receive RaftClientReply:client-9DC82E534C87->980d9c0c-33ac-4a22-b481-33b8b1eac469@group-23022C6A558E, cid=1676, SUCCESS, logIndex=2424, commits[980d9c0c-33ac-4a22-b481-33b8b1eac469:c2425, e00ee311-0ce1-4115-b4c1-69648d9d3094:c2421, bb9367ec-656d-4ade-92be-004a921408cc:c2421]
2019-08-06 03:26:24,362 INFO  client.GrpcClientProtocolClient (GrpcClientProtocolClient.java:onNext(255)) - client-9DC82E534C87->980d9c0c-33ac-4a22-b481-33b8b1eac469: receive RaftClientReply:client-9DC82E534C87->980d9c0c-33ac-4a22-b481-33b8b1eac469@group-23022C6A558E, cid=1677, SUCCESS, logIndex=2425, commits[980d9c0c-33ac-4a22-b481-33b8b1eac469:c2425, e00ee311-0ce1-4115-b4c1-69648d9d3094:c2421, bb9367ec-656d-4ade-92be-004a921408cc:c2421]
2019-08-06 03:26:24,388 INFO  client.GrpcClientProtocolClient (GrpcClientProtocolClient.java:onNext(255)) - client-9DC82E534C87->980d9c0c-33ac-4a22-b481-33b8b1eac469: receive RaftClientReply:client-9DC82E534C87->980d9c0c-33ac-4a22-b481-33b8b1eac469@group-23022C6A558E, cid=1678, SUCCESS, logIndex=0, commits[980d9c0c-33ac-4a22-b481-33b8b1eac469:c2426, e00ee311-0ce1-4115-b4c1-69648d9d3094:c2425, bb9367ec-656d-4ade-92be-004a921408cc:c2425]
2019-08-06 03:26:24,420 INFO  client.GrpcClientProtocolClient (GrpcClientProtocolClient.java:onNext(255)) - client-9DC82E534C87->980d9c0c-33ac-4a22-b481-33b8b1eac469: receive RaftClientReply:client-9DC82E534C87->980d9c0c-33ac-4a22-b481-33b8b1eac469@group-23022C6A558E, cid=1679, SUCCESS, logIndex=2428, commits[980d9c0c-33ac-4a22-b481-33b8b1eac469:c2430, e00ee311-0ce1-4115-b4c1-69648d9d3094:c2427, bb9367ec-656d-4ade-92be-004a921408cc:c2427]
2019-08-06 03:26:24,421 INFO  client.GrpcClientProtocolClient (GrpcClientProtocolClient.java:onNext(255)) - client-9DC82E534C87->980d9c0c-33ac-4a22-b481-33b8b1eac469: receive RaftClientReply:client-9DC82E534C87->980d9c0c-33ac-4a22-b481-33b8b1eac469@group-23022C6A558E, cid=1680, SUCCESS, logIndex=2429, commits[980d9c0c-33ac-4a22-b481-33b8b1eac469:c2431, e00ee311-0ce1-4115-b4c1-69648d9d3094:c2427, bb9367ec-656d-4ade-92be-004a921408cc:c2427]
2019-08-06 03:26:24,421 INFO  client.GrpcClientProtocolClient (GrpcClientProtocolClient.java:onNext(255)) - client-9DC82E534C87->980d9c0c-33ac-4a22-b481-33b8b1eac469: receive RaftClientReply:client-9DC82E534C87->980d9c0c-33ac-4a22-b481-33b8b1eac469@group-23022C6A558E, cid=1681, SUCCESS, logIndex=2430, commits[980d9c0c-33ac-4a22-b481-33b8b1eac469:c2431, e00ee311-0ce1-4115-b4c1-69648d9d3094:c2427, bb9367ec-656d-4ade-92be-004a921408cc:c2427]
2019-08-06 03:26:24,422 INFO  client.GrpcClientProtocolClient (GrpcClientProtocolClient.java:onNext(255)) - client-9DC82E534C87->980d9c0c-33ac-4a22-b481-33b8b1eac469: receive RaftClientReply:client-9DC82E534C87->980d9c0c-33ac-4a22-b481-33b8b1eac469@group-23022C6A558E, cid=1682, SUCCESS, logIndex=2431, commits[980d9c0c-33ac-4a22-b481-33b8b1eac469:c2431, e00ee311-0ce1-4115-b4c1-69648d9d3094:c2427, bb9367ec-656d-4ade-92be-004a921408cc:c2427]
2019-08-06 03:26:24,435 INFO  client.GrpcClientProtocolClient (GrpcClientProtocolClient.java:onNext(255)) - client-9DC82E534C87->980d9c0c-33ac-4a22-b481-33b8b1eac469: receive RaftClientReply:client-9DC82E534C87->980d9c0c-33ac-4a22-b481-33b8b1eac469@group-23022C6A558E, cid=1683, SUCCESS, logIndex=0, commits[980d9c0c-33ac-4a22-b481-33b8b1eac469:c2433, e00ee311-0ce1-4115-b4c1-69648d9d3094:c2430, bb9367ec-656d-4ade-92be-004a921408cc:c2430]
2019-08-06 03:26:24,455 INFO  client.GrpcClientProtocolClient (GrpcClientProtocolClient.java:onNext(255)) - client-9DC82E534C87->980d9c0c-33ac-4a22-b481-33b8b1eac469: receive RaftClientReply:client-9DC82E534C87->980d9c0c-33ac-4a22-b481-33b8b1eac469@group-23022C6A558E, cid=1684, SUCCESS, logIndex=2436, commits[980d9c0c-33ac-4a22-b481-33b8b1eac469:c2437, e00ee311-0ce1-4115-b4c1-69648d9d3094:c2435, bb9367ec-656d-4ade-92be-004a921408cc:c2435]
2019-08-06 03:26:24,455 INFO  client.GrpcClientProtocolClient (GrpcClientProtocolClient.java:onNext(255)) - client-9DC82E534C87->980d9c0c-33ac-4a22-b481-33b8b1eac469: receive RaftClientReply:client-9DC82E534C87->980d9c0c-33ac-4a22-b481-33b8b1eac469@group-23022C6A558E, cid=1685, SUCCESS, logIndex=2437, commits[980d9c0c-33ac-4a22-b481-33b8b1eac469:c2437, e00ee311-0ce1-4115-b4c1-69648d9d3094:c2435, bb9367ec-656d-4ade-92be-004a921408cc:c2435]
2019-08-06 03:26:24,565 INFO  client.GrpcClientProtocolClient (GrpcClientProtocolClient.java:onNext(255)) - client-9DC82E534C87->980d9c0c-33ac-4a22-b481-33b8b1eac469: receive RaftClientReply:client-9DC82E534C87->980d9c0c-33ac-4a22-b481-33b8b1eac469@group-23022C6A558E, cid=1686, SUCCESS, logIndex=2440, commits[980d9c0c-33ac-4a22-b481-33b8b1eac469:c2441, e00ee311-0ce1-4115-b4c1-69648d9d3094:c2438, bb9367ec-656d-4ade-92be-004a921408cc:c2438]
2019-08-06 03:26:24,566 INFO  client.GrpcClientProtocolClient (GrpcClientProtocolClient.java:onNext(255)) - client-9DC82E534C87->980d9c0c-33ac-4a22-b481-33b8b1eac469: receive RaftClientReply:client-9DC82E534C87->980d9c0c-33ac-4a22-b481-33b8b1eac469@group-23022C6A558E, cid=1687, SUCCESS, logIndex=2441, commits[980d9c0c-33ac-4a22-b481-33b8b1eac469:c2441, e00ee311-0ce1-4115-b4c1-69648d9d3094:c2438, bb9367ec-656d-4ade-92be-004a921408cc:c2438]
2019-08-06 03:26:24,590 INFO  client.GrpcClientProtocolClient (GrpcClientProtocolClient.java:onNext(255)) - client-9DC82E534C87->980d9c0c-33ac-4a22-b481-33b8b1eac469: receive RaftClientReply:client-9DC82E534C87->980d9c0c-33ac-4a22-b481-33b8b1eac469@group-23022C6A558E, cid=1688, SUCCESS, logIndex=0, commits[980d9c0c-33ac-4a22-b481-33b8b1eac469:c2443, e00ee311-0ce1-4115-b4c1-69648d9d3094:c2441, bb9367ec-656d-4ade-92be-004a921408cc:c2441]
2019-08-06 03:26:24,621 INFO  client.GrpcClientProtocolClient (GrpcClientProtocolClient.java:onNext(255)) - client-9DC82E534C87->980d9c0c-33ac-4a22-b481-33b8b1eac469: receive RaftClientReply:client-9DC82E534C87->980d9c0c-33ac-4a22-b481-33b8b1eac469@group-23022C6A558E, cid=1689, SUCCESS, logIndex=2444, commits[980d9c0c-33ac-4a22-b481-33b8b1eac469:c2445, e00ee311-0ce1-4115-b4c1-69648d9d3094:c2443, bb9367ec-656d-4ade-92be-004a921408cc:c2443]
2019-08-06 03:26:24,621 INFO  client.GrpcClientProtocolClient (GrpcClientProtocolClient.java:onNext(255)) - client-9DC82E534C87->980d9c0c-33ac-4a22-b481-33b8b1eac469: receive RaftClientReply:client-9DC82E534C87->980d9c0c-33ac-4a22-b481-33b8b1eac469@group-23022C6A558E, cid=1690, SUCCESS, logIndex=2445, commits[980d9c0c-33ac-4a22-b481-33b8b1eac469:c2446, e00ee311-0ce1-4115-b4c1-69648d9d3094:c2443, bb9367ec-656d-4ade-92be-004a921408cc:c2443]
2019-08-06 03:26:24,622 INFO  client.GrpcClientProtocolClient (GrpcClientProtocolClient.java:onNext(255)) - client-9DC82E534C87->980d9c0c-33ac-4a22-b481-33b8b1eac469: receive RaftClientReply:client-9DC82E534C87->980d9c0c-33ac-4a22-b481-33b8b1eac469@group-23022C6A558E, cid=1691, SUCCESS, logIndex=2446, commits[980d9c0c-33ac-4a22-b481-33b8b1eac469:c2447, e00ee311-0ce1-4115-b4c1-69648d9d3094:c2443, bb9367ec-656d-4ade-92be-004a921408cc:c2443]
2019-08-06 03:26:24,622 INFO  client.GrpcClientProtocolClient (GrpcClientProtocolClient.java:onNext(255)) - client-9DC82E534C87->980d9c0c-33ac-4a22-b481-33b8b1eac469: receive RaftClientReply:client-9DC82E534C87->980d9c0c-33ac-4a22-b481-33b8b1eac469@group-23022C6A558E, cid=1692, SUCCESS, logIndex=2447, commits[980d9c0c-33ac-4a22-b481-33b8b1eac469:c2447, e00ee311-0ce1-4115-b4c1-69648d9d3094:c2443, bb9367ec-656d-4ade-92be-004a921408cc:c2443]
2019-08-06 03:26:24,635 INFO  client.GrpcClientProtocolClient (GrpcClientProtocolClient.java:onNext(255)) - client-9DC82E534C87->980d9c0c-33ac-4a22-b481-33b8b1eac469: receive RaftClientReply:client-9DC82E534C87->980d9c0c-33ac-4a22-b481-33b8b1eac469@group-23022C6A558E, cid=1693, SUCCESS, logIndex=0, commits[980d9c0c-33ac-4a22-b481-33b8b1eac469:c2451, e00ee311-0ce1-4115-b4c1-69648d9d3094:c2445, bb9367ec-656d-4ade-92be-004a921408cc:c2447]
2019-08-06 03:26:24,660 INFO  client.GrpcClientProtocolClient (GrpcClientProtocolClient.java:onNext(255)) - client-9DC82E534C87->980d9c0c-33ac-4a22-b481-33b8b1eac469: receive RaftClientReply:client-9DC82E534C87->980d9c0c-33ac-4a22-b481-33b8b1eac469@group-23022C6A558E, cid=1694, SUCCESS, logIndex=2452, commits[980d9c0c-33ac-4a22-b481-33b8b1eac469:c2453, e00ee311-0ce1-4115-b4c1-69648d9d3094:c2451, bb9367ec-656d-4ade-92be-004a921408cc:c2451]
2019-08-06 03:26:24,661 INFO  client.GrpcClientProtocolClient (GrpcClientProtocolClient.java:onNext(255)) - client-9DC82E534C87->980d9c0c-33ac-4a22-b481-33b8b1eac469: receive RaftClientReply:client-9DC82E534C87->980d9c0c-33ac-4a22-b481-33b8b1eac469@group-23022C6A558E, cid=1695, SUCCESS, logIndex=2453, commits[980d9c0c-33ac-4a22-b481-33b8b1eac469:c2453, e00ee311-0ce1-4115-b4c1-69648d9d3094:c2451, bb9367ec-656d-4ade-92be-004a921408cc:c2451]
2019-08-06 03:26:24,683 INFO  client.GrpcClientProtocolClient (GrpcClientProtocolClient.java:onNext(255)) - client-9DC82E534C87->980d9c0c-33ac-4a22-b481-33b8b1eac469: receive RaftClientReply:client-9DC82E534C87->980d9c0c-33ac-4a22-b481-33b8b1eac469@group-23022C6A558E, cid=1696, SUCCESS, logIndex=2456, commits[980d9c0c-33ac-4a22-b481-33b8b1eac469:c2457, e00ee311-0ce1-4115-b4c1-69648d9d3094:c2455, bb9367ec-656d-4ade-92be-004a921408cc:c2455]
2019-08-06 03:26:24,684 INFO  client.GrpcClientProtocolClient (GrpcClientProtocolClient.java:onNext(255)) - client-9DC82E534C87->980d9c0c-33ac-4a22-b481-33b8b1eac469: receive RaftClientReply:client-9DC82E534C87->980d9c0c-33ac-4a22-b481-33b8b1eac469@group-23022C6A558E, cid=1697, SUCCESS, logIndex=2457, commits[980d9c0c-33ac-4a22-b481-33b8b1eac469:c2457, e00ee311-0ce1-4115-b4c1-69648d9d3094:c2455, bb9367ec-656d-4ade-92be-004a921408cc:c2455]
2019-08-06 03:26:24,698 INFO  client.GrpcClientProtocolClient (GrpcClientProtocolClient.java:onNext(255)) - client-9DC82E534C87->980d9c0c-33ac-4a22-b481-33b8b1eac469: receive RaftClientReply:client-9DC82E534C87->980d9c0c-33ac-4a22-b481-33b8b1eac469@group-23022C6A558E, cid=1698, SUCCESS, logIndex=0, commits[980d9c0c-33ac-4a22-b481-33b8b1eac469:c2459, e00ee311-0ce1-4115-b4c1-69648d9d3094:c2457, bb9367ec-656d-4ade-92be-004a921408cc:c2457]
2019-08-06 03:26:24,728 INFO  client.GrpcClientProtocolClient (GrpcClientProtocolClient.java:onNext(255)) - client-9DC82E534C87->980d9c0c-33ac-4a22-b481-33b8b1eac469: receive RaftClientReply:client-9DC82E534C87->980d9c0c-33ac-4a22-b481-33b8b1eac469@group-23022C6A558E, cid=1699, SUCCESS, logIndex=2460, commits[980d9c0c-33ac-4a22-b481-33b8b1eac469:c2462, e00ee311-0ce1-4115-b4c1-69648d9d3094:c2459, bb9367ec-656d-4ade-92be-004a921408cc:c2459]
2019-08-06 03:26:24,729 INFO  client.GrpcClientProtocolClient (GrpcClientProtocolClient.java:onNext(255)) - client-9DC82E534C87->980d9c0c-33ac-4a22-b481-33b8b1eac469: receive RaftClientReply:client-9DC82E534C87->980d9c0c-33ac-4a22-b481-33b8b1eac469@group-23022C6A558E, cid=1700, SUCCESS, logIndex=2461, commits[980d9c0c-33ac-4a22-b481-33b8b1eac469:c2463, e00ee311-0ce1-4115-b4c1-69648d9d3094:c2459, bb9367ec-656d-4ade-92be-004a921408cc:c2459]
2019-08-06 03:26:24,729 INFO  client.GrpcClientProtocolClient (GrpcClientProtocolClient.java:onNext(255)) - client-9DC82E534C87->980d9c0c-33ac-4a22-b481-33b8b1eac469: receive RaftClientReply:client-9DC82E534C87->980d9c0c-33ac-4a22-b481-33b8b1eac469@group-23022C6A558E, cid=1701, SUCCESS, logIndex=2462, commits[980d9c0c-33ac-4a22-b481-33b8b1eac469:c2463, e00ee311-0ce1-4115-b4c1-69648d9d3094:c2459, bb9367ec-656d-4ade-92be-004a921408cc:c2459]
2019-08-06 03:26:24,729 INFO  client.GrpcClientProtocolClient (GrpcClientProtocolClient.java:onNext(255)) - client-9DC82E534C87->980d9c0c-33ac-4a22-b481-33b8b1eac469: receive RaftClientReply:client-9DC82E534C87->980d9c0c-33ac-4a22-b481-33b8b1eac469@group-23022C6A558E, cid=1702, SUCCESS, logIndex=2463, commits[980d9c0c-33ac-4a22-b481-33b8b1eac469:c2463, e00ee311-0ce1-4115-b4c1-69648d9d3094:c2459, bb9367ec-656d-4ade-92be-004a921408cc:c2459]
2019-08-06 03:26:24,742 INFO  client.GrpcClientProtocolClient (GrpcClientProtocolClient.java:onNext(255)) - client-9DC82E534C87->980d9c0c-33ac-4a22-b481-33b8b1eac469: receive RaftClientReply:client-9DC82E534C87->980d9c0c-33ac-4a22-b481-33b8b1eac469@group-23022C6A558E, cid=1703, SUCCESS, logIndex=0, commits[980d9c0c-33ac-4a22-b481-33b8b1eac469:c2465, e00ee311-0ce1-4115-b4c1-69648d9d3094:c2461, bb9367ec-656d-4ade-92be-004a921408cc:c2461]
2019-08-06 03:26:24,762 INFO  client.GrpcClientProtocolClient (GrpcClientProtocolClient.java:onNext(255)) - client-9DC82E534C87->980d9c0c-33ac-4a22-b481-33b8b1eac469: receive RaftClientReply:client-9DC82E534C87->980d9c0c-33ac-4a22-b481-33b8b1eac469@group-23022C6A558E, cid=1704, SUCCESS, logIndex=2468, commits[980d9c0c-33ac-4a22-b481-33b8b1eac469:c2469, e00ee311-0ce1-4115-b4c1-69648d9d3094:c2467, bb9367ec-656d-4ade-92be-004a921408cc:c2467]
2019-08-06 03:26:24,763 INFO  client.GrpcClientProtocolClient (GrpcClientProtocolClient.java:onNext(255)) - client-9DC82E534C87->980d9c0c-33ac-4a22-b481-33b8b1eac469: receive RaftClientReply:client-9DC82E534C87->980d9c0c-33ac-4a22-b481-33b8b1eac469@group-23022C6A558E, cid=1705, SUCCESS, logIndex=2469, commits[980d9c0c-33ac-4a22-b481-33b8b1eac469:c2469, e00ee311-0ce1-4115-b4c1-69648d9d3094:c2467, bb9367ec-656d-4ade-92be-004a921408cc:c2467]
2019-08-06 03:26:24,776 INFO  client.GrpcClientProtocolClient (GrpcClientProtocolClient.java:onNext(255)) - client-9DC82E534C87->980d9c0c-33ac-4a22-b481-33b8b1eac469: receive RaftClientReply:client-9DC82E534C87->980d9c0c-33ac-4a22-b481-33b8b1eac469@group-23022C6A558E, cid=1706, SUCCESS, logIndex=2472, commits[980d9c0c-33ac-4a22-b481-33b8b1eac469:c2473, e00ee311-0ce1-4115-b4c1-69648d9d3094:c2468, bb9367ec-656d-4ade-92be-004a921408cc:c2469]
2019-08-06 03:26:24,776 INFO  client.GrpcClientProtocolClient (GrpcClientProtocolClient.java:onNext(255)) - client-9DC82E534C87->980d9c0c-33ac-4a22-b481-33b8b1eac469: receive RaftClientReply:client-9DC82E534C87->980d9c0c-33ac-4a22-b481-33b8b1eac469@group-23022C6A558E, cid=1707, SUCCESS, logIndex=2473, commits[980d9c0c-33ac-4a22-b481-33b8b1eac469:c2473, e00ee311-0ce1-4115-b4c1-69648d9d3094:c2468, bb9367ec-656d-4ade-92be-004a921408cc:c2469]
2019-08-06 03:26:24,778 INFO  client.GrpcClientProtocolClient (GrpcClientProtocolClient.java:onNext(255)) - client-9DC82E534C87->980d9c0c-33ac-4a22-b481-33b8b1eac469: receive RaftClientReply:client-9DC82E534C87->980d9c0c-33ac-4a22-b481-33b8b1eac469@group-23022C6A558E, cid=1708, SUCCESS, logIndex=0, commits[980d9c0c-33ac-4a22-b481-33b8b1eac469:c2473, e00ee311-0ce1-4115-b4c1-69648d9d3094:c2469, bb9367ec-656d-4ade-92be-004a921408cc:c2469]
2019-08-06 03:26:24,790 INFO  client.GrpcClientProtocolClient (GrpcClientProtocolClient.java:onNext(255)) - client-9DC82E534C87->980d9c0c-33ac-4a22-b481-33b8b1eac469: receive RaftClientReply:client-9DC82E534C87->980d9c0c-33ac-4a22-b481-33b8b1eac469@group-23022C6A558E, cid=1709, SUCCESS, logIndex=0, commits[980d9c0c-33ac-4a22-b481-33b8b1eac469:c2475, e00ee311-0ce1-4115-b4c1-69648d9d3094:c2473, bb9367ec-656d-4ade-92be-004a921408cc:c2473]
2019-08-06 03:26:24,819 INFO  client.GrpcClientProtocolClient (GrpcClientProtocolClient.java:onNext(255)) - client-9DC82E534C87->980d9c0c-33ac-4a22-b481-33b8b1eac469: receive RaftClientReply:client-9DC82E534C87->980d9c0c-33ac-4a22-b481-33b8b1eac469@group-23022C6A558E, cid=1710, SUCCESS, logIndex=2476, commits[980d9c0c-33ac-4a22-b481-33b8b1eac469:c2477, e00ee311-0ce1-4115-b4c1-69648d9d3094:c2475, bb9367ec-656d-4ade-92be-004a921408cc:c2475]
2019-08-06 03:26:24,820 INFO  client.GrpcClientProtocolClient (GrpcClientProtocolClient.java:onNext(255)) - client-9DC82E534C87->980d9c0c-33ac-4a22-b481-33b8b1eac469: receive RaftClientReply:client-9DC82E534C87->980d9c0c-33ac-4a22-b481-33b8b1eac469@group-23022C6A558E, cid=1711, SUCCESS, logIndex=2477, commits[980d9c0c-33ac-4a22-b481-33b8b1eac469:c2479, e00ee311-0ce1-4115-b4c1-69648d9d3094:c2475, bb9367ec-656d-4ade-92be-004a921408cc:c2475]
2019-08-06 03:26:24,821 INFO  client.GrpcClientProtocolClient (GrpcClientProtocolClient.java:onNext(255)) - client-9DC82E534C87->980d9c0c-33ac-4a22-b481-33b8b1eac469: receive RaftClientReply:client-9DC82E534C87->980d9c0c-33ac-4a22-b481-33b8b1eac469@group-23022C6A558E, cid=1712, SUCCESS, logIndex=2478, commits[980d9c0c-33ac-4a22-b481-33b8b1eac469:c2479, e00ee311-0ce1-4115-b4c1-69648d9d3094:c2475, bb9367ec-656d-4ade-92be-004a921408cc:c2475]
2019-08-06 03:26:24,821 INFO  client.GrpcClientProtocolClient (GrpcClientProtocolClient.java:onNext(255)) - client-9DC82E534C87->980d9c0c-33ac-4a22-b481-33b8b1eac469: receive RaftClientReply:client-9DC82E534C87->980d9c0c-33ac-4a22-b481-33b8b1eac469@group-23022C6A558E, cid=1713, SUCCESS, logIndex=2479, commits[980d9c0c-33ac-4a22-b481-33b8b1eac469:c2479, e00ee311-0ce1-4115-b4c1-69648d9d3094:c2475, bb9367ec-656d-4ade-92be-004a921408cc:c2475]
2019-08-06 03:26:24,834 INFO  client.GrpcClientProtocolClient (GrpcClientProtocolClient.java:onNext(255)) - client-9DC82E534C87->980d9c0c-33ac-4a22-b481-33b8b1eac469: receive RaftClientReply:client-9DC82E534C87->980d9c0c-33ac-4a22-b481-33b8b1eac469@group-23022C6A558E, cid=1714, SUCCESS, logIndex=0, commits[980d9c0c-33ac-4a22-b481-33b8b1eac469:c2481, e00ee311-0ce1-4115-b4c1-69648d9d3094:c2477, bb9367ec-656d-4ade-92be-004a921408cc:c2477]
2019-08-06 03:26:24,854 INFO  client.GrpcClientProtocolClient (GrpcClientProtocolClient.java:onNext(255)) - client-9DC82E534C87->980d9c0c-33ac-4a22-b481-33b8b1eac469: receive RaftClientReply:client-9DC82E534C87->980d9c0c-33ac-4a22-b481-33b8b1eac469@group-23022C6A558E, cid=1715, SUCCESS, logIndex=2484, commits[980d9c0c-33ac-4a22-b481-33b8b1eac469:c2485, e00ee311-0ce1-4115-b4c1-69648d9d3094:c2483, bb9367ec-656d-4ade-92be-004a921408cc:c2483]
2019-08-06 03:26:24,854 INFO  client.GrpcClientProtocolClient (GrpcClientProtocolClient.java:onNext(255)) - client-9DC82E534C87->980d9c0c-33ac-4a22-b481-33b8b1eac469: receive RaftClientReply:client-9DC82E534C87->980d9c0c-33ac-4a22-b481-33b8b1eac469@group-23022C6A558E, cid=1716, SUCCESS, logIndex=2485, commits[980d9c0c-33ac-4a22-b481-33b8b1eac469:c2485, e00ee311-0ce1-4115-b4c1-69648d9d3094:c2483, bb9367ec-656d-4ade-92be-004a921408cc:c2483]
2019-08-06 03:26:24,880 INFO  client.GrpcClientProtocolClient (GrpcClientProtocolClient.java:onNext(255)) - client-9DC82E534C87->980d9c0c-33ac-4a22-b481-33b8b1eac469: receive RaftClientReply:client-9DC82E534C87->980d9c0c-33ac-4a22-b481-33b8b1eac469@group-23022C6A558E, cid=1717, SUCCESS, logIndex=2488, commits[980d9c0c-33ac-4a22-b481-33b8b1eac469:c2489, e00ee311-0ce1-4115-b4c1-69648d9d3094:c2485, bb9367ec-656d-4ade-92be-004a921408cc:c2485]
2019-08-06 03:26:24,880 INFO  client.GrpcClientProtocolClient (GrpcClientProtocolClient.java:onNext(255)) - client-9DC82E534C87->980d9c0c-33ac-4a22-b481-33b8b1eac469: receive RaftClientReply:client-9DC82E534C87->980d9c0c-33ac-4a22-b481-33b8b1eac469@group-23022C6A558E, cid=1718, SUCCESS, logIndex=2489, commits[980d9c0c-33ac-4a22-b481-33b8b1eac469:c2489, e00ee311-0ce1-4115-b4c1-69648d9d3094:c2485, bb9367ec-656d-4ade-92be-004a921408cc:c2485]
2019-08-06 03:26:24,902 INFO  client.GrpcClientProtocolClient (GrpcClientProtocolClient.java:onNext(255)) - client-9DC82E534C87->980d9c0c-33ac-4a22-b481-33b8b1eac469: receive RaftClientReply:client-9DC82E534C87->980d9c0c-33ac-4a22-b481-33b8b1eac469@group-23022C6A558E, cid=1719, SUCCESS, logIndex=0, commits[980d9c0c-33ac-4a22-b481-33b8b1eac469:c2490, e00ee311-0ce1-4115-b4c1-69648d9d3094:c2489, bb9367ec-656d-4ade-92be-004a921408cc:c2489]
2019-08-06 03:26:24,933 INFO  client.GrpcClientProtocolClient (GrpcClientProtocolClient.java:onNext(255)) - client-9DC82E534C87->980d9c0c-33ac-4a22-b481-33b8b1eac469: receive RaftClientReply:client-9DC82E534C87->980d9c0c-33ac-4a22-b481-33b8b1eac469@group-23022C6A558E, cid=1720, SUCCESS, logIndex=2492, commits[980d9c0c-33ac-4a22-b481-33b8b1eac469:c2493, e00ee311-0ce1-4115-b4c1-69648d9d3094:c2489, bb9367ec-656d-4ade-92be-004a921408cc:c2491]
2019-08-06 03:26:24,934 INFO  client.GrpcClientProtocolClient (GrpcClientProtocolClient.java:onNext(255)) - client-9DC82E534C87->980d9c0c-33ac-4a22-b481-33b8b1eac469: receive RaftClientReply:client-9DC82E534C87->980d9c0c-33ac-4a22-b481-33b8b1eac469@group-23022C6A558E, cid=1721, SUCCESS, logIndex=2493, commits[980d9c0c-33ac-4a22-b481-33b8b1eac469:c2493, e00ee311-0ce1-4115-b4c1-69648d9d3094:c2489, bb9367ec-656d-4ade-92be-004a921408cc:c2491]
2019-08-06 03:26:24,937 INFO  client.GrpcClientProtocolClient (GrpcClientProtocolClient.java:onNext(255)) - client-9DC82E534C87->980d9c0c-33ac-4a22-b481-33b8b1eac469: receive RaftClientReply:client-9DC82E534C87->980d9c0c-33ac-4a22-b481-33b8b1eac469@group-23022C6A558E, cid=1722, SUCCESS, logIndex=2494, commits[980d9c0c-33ac-4a22-b481-33b8b1eac469:c2495, e00ee311-0ce1-4115-b4c1-69648d9d3094:c2491, bb9367ec-656d-4ade-92be-004a921408cc:c2491]
2019-08-06 03:26:24,937 INFO  client.GrpcClientProtocolClient (GrpcClientProtocolClient.java:onNext(255)) - client-9DC82E534C87->980d9c0c-33ac-4a22-b481-33b8b1eac469: receive RaftClientReply:client-9DC82E534C87->980d9c0c-33ac-4a22-b481-33b8b1eac469@group-23022C6A558E, cid=1723, SUCCESS, logIndex=2495, commits[980d9c0c-33ac-4a22-b481-33b8b1eac469:c2497, e00ee311-0ce1-4115-b4c1-69648d9d3094:c2493, bb9367ec-656d-4ade-92be-004a921408cc:c2491]
2019-08-06 03:26:24,949 INFO  client.GrpcClientProtocolClient (GrpcClientProtocolClient.java:onNext(255)) - client-9DC82E534C87->980d9c0c-33ac-4a22-b481-33b8b1eac469: receive RaftClientReply:client-9DC82E534C87->980d9c0c-33ac-4a22-b481-33b8b1eac469@group-23022C6A558E, cid=1724, SUCCESS, logIndex=0, commits[980d9c0c-33ac-4a22-b481-33b8b1eac469:c2499, e00ee311-0ce1-4115-b4c1-69648d9d3094:c2495, bb9367ec-656d-4ade-92be-004a921408cc:c2493]
2019-08-06 03:26:24,962 INFO  client.GrpcClientProtocolClient (GrpcClientProtocolClient.java:onNext(255)) - client-9DC82E534C87->980d9c0c-33ac-4a22-b481-33b8b1eac469: receive RaftClientReply:client-9DC82E534C87->980d9c0c-33ac-4a22-b481-33b8b1eac469@group-23022C6A558E, cid=1725, SUCCESS, logIndex=2500, commits[980d9c0c-33ac-4a22-b481-33b8b1eac469:c2501, e00ee311-0ce1-4115-b4c1-69648d9d3094:c2499, bb9367ec-656d-4ade-92be-004a921408cc:c2495]
2019-08-06 03:26:24,963 INFO  client.GrpcClientProtocolClient (GrpcClientProtocolClient.java:onNext(255)) - client-9DC82E534C87->980d9c0c-33ac-4a22-b481-33b8b1eac469: receive RaftClientReply:client-9DC82E534C87->980d9c0c-33ac-4a22-b481-33b8b1eac469@group-23022C6A558E, cid=1726, SUCCESS, logIndex=2501, commits[980d9c0c-33ac-4a22-b481-33b8b1eac469:c2501, e00ee311-0ce1-4115-b4c1-69648d9d3094:c2499, bb9367ec-656d-4ade-92be-004a921408cc:c2495]
2019-08-06 03:26:24,976 INFO  client.GrpcClientProtocolClient (GrpcClientProtocolClient.java:onNext(255)) - client-9DC82E534C87->980d9c0c-33ac-4a22-b481-33b8b1eac469: receive RaftClientReply:client-9DC82E534C87->980d9c0c-33ac-4a22-b481-33b8b1eac469@group-23022C6A558E, cid=1727, SUCCESS, logIndex=2504, commits[980d9c0c-33ac-4a22-b481-33b8b1eac469:c2504, e00ee311-0ce1-4115-b4c1-69648d9d3094:c2501, bb9367ec-656d-4ade-92be-004a921408cc:c2502]
2019-08-06 03:26:24,976 INFO  client.GrpcClientProtocolClient (GrpcClientProtocolClient.java:onNext(255)) - client-9DC82E534C87->980d9c0c-33ac-4a22-b481-33b8b1eac469: receive RaftClientReply:client-9DC82E534C87->980d9c0c-33ac-4a22-b481-33b8b1eac469@group-23022C6A558E, cid=1728, SUCCESS, logIndex=2505, commits[980d9c0c-33ac-4a22-b481-33b8b1eac469:c2505, e00ee311-0ce1-4115-b4c1-69648d9d3094:c2501, bb9367ec-656d-4ade-92be-004a921408cc:c2502]
2019-08-06 03:26:24,991 INFO  client.GrpcClientProtocolClient (GrpcClientProtocolClient.java:onNext(255)) - client-9DC82E534C87->980d9c0c-33ac-4a22-b481-33b8b1eac469: receive RaftClientReply:client-9DC82E534C87->980d9c0c-33ac-4a22-b481-33b8b1eac469@group-23022C6A558E, cid=1729, SUCCESS, logIndex=0, commits[980d9c0c-33ac-4a22-b481-33b8b1eac469:c2507, e00ee311-0ce1-4115-b4c1-69648d9d3094:c2505, bb9367ec-656d-4ade-92be-004a921408cc:c2505]
2019-08-06 03:26:25,022 INFO  client.GrpcClientProtocolClient (GrpcClientProtocolClient.java:onNext(255)) - client-9DC82E534C87->980d9c0c-33ac-4a22-b481-33b8b1eac469: receive RaftClientReply:client-9DC82E534C87->980d9c0c-33ac-4a22-b481-33b8b1eac469@group-23022C6A558E, cid=1730, SUCCESS, logIndex=2508, commits[980d9c0c-33ac-4a22-b481-33b8b1eac469:c2509, e00ee311-0ce1-4115-b4c1-69648d9d3094:c2507, bb9367ec-656d-4ade-92be-004a921408cc:c2507]
2019-08-06 03:26:25,022 INFO  client.GrpcClientProtocolClient (GrpcClientProtocolClient.java:onNext(255)) - client-9DC82E534C87->980d9c0c-33ac-4a22-b481-33b8b1eac469: receive RaftClientReply:client-9DC82E534C87->980d9c0c-33ac-4a22-b481-33b8b1eac469@group-23022C6A558E, cid=1731, SUCCESS, logIndex=2509, commits[980d9c0c-33ac-4a22-b481-33b8b1eac469:c2511, e00ee311-0ce1-4115-b4c1-69648d9d3094:c2507, bb9367ec-656d-4ade-92be-004a921408cc:c2507]
2019-08-06 03:26:25,023 INFO  client.GrpcClientProtocolClient (GrpcClientProtocolClient.java:onNext(255)) - client-9DC82E534C87->980d9c0c-33ac-4a22-b481-33b8b1eac469: receive RaftClientReply:client-9DC82E534C87->980d9c0c-33ac-4a22-b481-33b8b1eac469@group-23022C6A558E, cid=1732, SUCCESS, logIndex=2510, commits[980d9c0c-33ac-4a22-b481-33b8b1eac469:c2511, e00ee311-0ce1-4115-b4c1-69648d9d3094:c2507, bb9367ec-656d-4ade-92be-004a921408cc:c2507]
2019-08-06 03:26:25,023 INFO  client.GrpcClientProtocolClient (GrpcClientProtocolClient.java:onNext(255)) - client-9DC82E534C87->980d9c0c-33ac-4a22-b481-33b8b1eac469: receive RaftClientReply:client-9DC82E534C87->980d9c0c-33ac-4a22-b481-33b8b1eac469@group-23022C6A558E, cid=1733, SUCCESS, logIndex=2511, commits[980d9c0c-33ac-4a22-b481-33b8b1eac469:c2511, e00ee311-0ce1-4115-b4c1-69648d9d3094:c2507, bb9367ec-656d-4ade-92be-004a921408cc:c2507]
2019-08-06 03:26:25,033 INFO  client.GrpcClientProtocolClient (GrpcClientProtocolClient.java:onNext(255)) - client-9DC82E534C87->980d9c0c-33ac-4a22-b481-33b8b1eac469: receive RaftClientReply:client-9DC82E534C87->980d9c0c-33ac-4a22-b481-33b8b1eac469@group-23022C6A558E, cid=1734, SUCCESS, logIndex=0, commits[980d9c0c-33ac-4a22-b481-33b8b1eac469:c2512, e00ee311-0ce1-4115-b4c1-69648d9d3094:c2509, bb9367ec-656d-4ade-92be-004a921408cc:c2509]
2019-08-06 03:26:25,057 INFO  client.GrpcClientProtocolClient (GrpcClientProtocolClient.java:onNext(255)) - client-9DC82E534C87->980d9c0c-33ac-4a22-b481-33b8b1eac469: receive RaftClientReply:client-9DC82E534C87->980d9c0c-33ac-4a22-b481-33b8b1eac469@group-23022C6A558E, cid=1735, SUCCESS, logIndex=2515, commits[980d9c0c-33ac-4a22-b481-33b8b1eac469:c2516, e00ee311-0ce1-4115-b4c1-69648d9d3094:c2514, bb9367ec-656d-4ade-92be-004a921408cc:c2514]
2019-08-06 03:26:25,058 INFO  client.GrpcClientProtocolClient (GrpcClientProtocolClient.java:onNext(255)) - client-9DC82E534C87->980d9c0c-33ac-4a22-b481-33b8b1eac469: receive RaftClientReply:client-9DC82E534C87->980d9c0c-33ac-4a22-b481-33b8b1eac469@group-23022C6A558E, cid=1736, SUCCESS, logIndex=2516, commits[980d9c0c-33ac-4a22-b481-33b8b1eac469:c2516, e00ee311-0ce1-4115-b4c1-69648d9d3094:c2514, bb9367ec-656d-4ade-92be-004a921408cc:c2514]
2019-08-06 03:26:25,070 INFO  client.GrpcClientProtocolClient (GrpcClientProtocolClient.java:onNext(255)) - client-9DC82E534C87->980d9c0c-33ac-4a22-b481-33b8b1eac469: receive RaftClientReply:client-9DC82E534C87->980d9c0c-33ac-4a22-b481-33b8b1eac469@group-23022C6A558E, cid=1737, SUCCESS, logIndex=2519, commits[980d9c0c-33ac-4a22-b481-33b8b1eac469:c2519, e00ee311-0ce1-4115-b4c1-69648d9d3094:c2516, bb9367ec-656d-4ade-92be-004a921408cc:c2516]
2019-08-06 03:26:25,070 INFO  client.GrpcClientProtocolClient (GrpcClientProtocolClient.java:onNext(255)) - client-9DC82E534C87->980d9c0c-33ac-4a22-b481-33b8b1eac469: receive RaftClientReply:client-9DC82E534C87->980d9c0c-33ac-4a22-b481-33b8b1eac469@group-23022C6A558E, cid=1738, SUCCESS, logIndex=2520, commits[980d9c0c-33ac-4a22-b481-33b8b1eac469:c2520, e00ee311-0ce1-4115-b4c1-69648d9d3094:c2516, bb9367ec-656d-4ade-92be-004a921408cc:c2516]
2019-08-06 03:26:25,073 INFO  client.GrpcClientProtocolClient (GrpcClientProtocolClient.java:onNext(255)) - client-9DC82E534C87->980d9c0c-33ac-4a22-b481-33b8b1eac469: receive RaftClientReply:client-9DC82E534C87->980d9c0c-33ac-4a22-b481-33b8b1eac469@group-23022C6A558E, cid=1739, SUCCESS, logIndex=0, commits[980d9c0c-33ac-4a22-b481-33b8b1eac469:c2522, e00ee311-0ce1-4115-b4c1-69648d9d3094:c2520, bb9367ec-656d-4ade-92be-004a921408cc:c2520]
2019-08-06 03:26:25,105 INFO  client.GrpcClientProtocolClient (GrpcClientProtocolClient.java:onNext(255)) - client-9DC82E534C87->980d9c0c-33ac-4a22-b481-33b8b1eac469: receive RaftClientReply:client-9DC82E534C87->980d9c0c-33ac-4a22-b481-33b8b1eac469@group-23022C6A558E, cid=1740, SUCCESS, logIndex=2523, commits[980d9c0c-33ac-4a22-b481-33b8b1eac469:c2524, e00ee311-0ce1-4115-b4c1-69648d9d3094:c2522, bb9367ec-656d-4ade-92be-004a921408cc:c2522]
2019-08-06 03:26:25,105 INFO  client.GrpcClientProtocolClient (GrpcClientProtocolClient.java:onNext(255)) - client-9DC82E534C87->980d9c0c-33ac-4a22-b481-33b8b1eac469: receive RaftClientReply:client-9DC82E534C87->980d9c0c-33ac-4a22-b481-33b8b1eac469@group-23022C6A558E, cid=1741, SUCCESS, logIndex=2524, commits[980d9c0c-33ac-4a22-b481-33b8b1eac469:c2526, e00ee311-0ce1-4115-b4c1-69648d9d3094:c2522, bb9367ec-656d-4ade-92be-004a921408cc:c2522]
2019-08-06 03:26:25,106 INFO  client.GrpcClientProtocolClient (GrpcClientProtocolClient.java:onNext(255)) - client-9DC82E534C87->980d9c0c-33ac-4a22-b481-33b8b1eac469: receive RaftClientReply:client-9DC82E534C87->980d9c0c-33ac-4a22-b481-33b8b1eac469@group-23022C6A558E, cid=1742, SUCCESS, logIndex=2525, commits[980d9c0c-33ac-4a22-b481-33b8b1eac469:c2526, e00ee311-0ce1-4115-b4c1-69648d9d3094:c2522, bb9367ec-656d-4ade-92be-004a921408cc:c2522]
2019-08-06 03:26:25,106 INFO  client.GrpcClientProtocolClient (GrpcClientProtocolClient.java:onNext(255)) - client-9DC82E534C87->980d9c0c-33ac-4a22-b481-33b8b1eac469: receive RaftClientReply:client-9DC82E534C87->980d9c0c-33ac-4a22-b481-33b8b1eac469@group-23022C6A558E, cid=1743, SUCCESS, logIndex=2526, commits[980d9c0c-33ac-4a22-b481-33b8b1eac469:c2526, e00ee311-0ce1-4115-b4c1-69648d9d3094:c2522, bb9367ec-656d-4ade-92be-004a921408cc:c2522]
2019-08-06 03:26:25,107 INFO  client.GrpcClientProtocolClient (GrpcClientProtocolClient.java:onNext(255)) - client-9DC82E534C87->980d9c0c-33ac-4a22-b481-33b8b1eac469: receive RaftClientReply:client-9DC82E534C87->980d9c0c-33ac-4a22-b481-33b8b1eac469@group-23022C6A558E, cid=1744, SUCCESS, logIndex=0, commits[980d9c0c-33ac-4a22-b481-33b8b1eac469:c2528, e00ee311-0ce1-4115-b4c1-69648d9d3094:c2524, bb9367ec-656d-4ade-92be-004a921408cc:c2524]
2019-08-06 03:26:25,122 INFO  client.GrpcClientProtocolClient (GrpcClientProtocolClient.java:onNext(255)) - client-9DC82E534C87->980d9c0c-33ac-4a22-b481-33b8b1eac469: receive RaftClientReply:client-9DC82E534C87->980d9c0c-33ac-4a22-b481-33b8b1eac469@group-23022C6A558E, cid=1745, SUCCESS, logIndex=2531, commits[980d9c0c-33ac-4a22-b481-33b8b1eac469:c2532, e00ee311-0ce1-4115-b4c1-69648d9d3094:c2528, bb9367ec-656d-4ade-92be-004a921408cc:c2526]
2019-08-06 03:26:25,122 INFO  client.GrpcClientProtocolClient (GrpcClientProtocolClient.java:onNext(255)) - client-9DC82E534C87->980d9c0c-33ac-4a22-b481-33b8b1eac469: receive RaftClientReply:client-9DC82E534C87->980d9c0c-33ac-4a22-b481-33b8b1eac469@group-23022C6A558E, cid=1746, SUCCESS, logIndex=2532, commits[980d9c0c-33ac-4a22-b481-33b8b1eac469:c2532, e00ee311-0ce1-4115-b4c1-69648d9d3094:c2528, bb9367ec-656d-4ade-92be-004a921408cc:c2528]
 0.00% |█                                                                                                    |  0/1 Time: 0:00:122019-08-06 03:26:25,137 INFO  client.GrpcClientProtocolClient (GrpcClientProtocolClient.java:onNext(255)) - client-9DC82E534C87->980d9c0c-33ac-4a22-b481-33b8b1eac469: receive RaftClientReply:client-9DC82E534C87->980d9c0c-33ac-4a22-b481-33b8b1eac469@group-23022C6A558E, cid=1747, SUCCESS, logIndex=2534, commits[980d9c0c-33ac-4a22-b481-33b8b1eac469:c2535, e00ee311-0ce1-4115-b4c1-69648d9d3094:c2532, bb9367ec-656d-4ade-92be-004a921408cc:c2532]
2019-08-06 03:26:25,138 INFO  client.GrpcClientProtocolClient (GrpcClientProtocolClient.java:onNext(255)) - client-9DC82E534C87->980d9c0c-33ac-4a22-b481-33b8b1eac469: receive RaftClientReply:client-9DC82E534C87->980d9c0c-33ac-4a22-b481-33b8b1eac469@group-23022C6A558E, cid=1748, SUCCESS, logIndex=2535, commits[980d9c0c-33ac-4a22-b481-33b8b1eac469:c2535, e00ee311-0ce1-4115-b4c1-69648d9d3094:c2532, bb9367ec-656d-4ade-92be-004a921408cc:c2532]
2019-08-06 03:26:25,170 INFO  client.GrpcClientProtocolClient (GrpcClientProtocolClient.java:onNext(255)) - client-9DC82E534C87->980d9c0c-33ac-4a22-b481-33b8b1eac469: receive RaftClientReply:client-9DC82E534C87->980d9c0c-33ac-4a22-b481-33b8b1eac469@group-23022C6A558E, cid=1749, SUCCESS, logIndex=0, commits[980d9c0c-33ac-4a22-b481-33b8b1eac469:c2537, e00ee311-0ce1-4115-b4c1-69648d9d3094:c2535, bb9367ec-656d-4ade-92be-004a921408cc:c2535]
2019-08-06 03:26:25,308 INFO  client.GrpcClientProtocolClient (GrpcClientProtocolClient.java:onNext(255)) - client-9DC82E534C87->980d9c0c-33ac-4a22-b481-33b8b1eac469: receive RaftClientReply:client-9DC82E534C87->980d9c0c-33ac-4a22-b481-33b8b1eac469@group-23022C6A558E, cid=1750, SUCCESS, logIndex=2538, commits[980d9c0c-33ac-4a22-b481-33b8b1eac469:c2541, e00ee311-0ce1-4115-b4c1-69648d9d3094:c2537, bb9367ec-656d-4ade-92be-004a921408cc:c2537]
2019-08-06 03:26:25,309 INFO  client.GrpcClientProtocolClient (GrpcClientProtocolClient.java:onNext(255)) - client-9DC82E534C87->980d9c0c-33ac-4a22-b481-33b8b1eac469: receive RaftClientReply:client-9DC82E534C87->980d9c0c-33ac-4a22-b481-33b8b1eac469@group-23022C6A558E, cid=1751, SUCCESS, logIndex=2539, commits[980d9c0c-33ac-4a22-b481-33b8b1eac469:c2541, e00ee311-0ce1-4115-b4c1-69648d9d3094:c2537, bb9367ec-656d-4ade-92be-004a921408cc:c2537]
2019-08-06 03:26:25,310 INFO  client.GrpcClientProtocolClient (GrpcClientProtocolClient.java:onNext(255)) - client-9DC82E534C87->980d9c0c-33ac-4a22-b481-33b8b1eac469: receive RaftClientReply:client-9DC82E534C87->980d9c0c-33ac-4a22-b481-33b8b1eac469@group-23022C6A558E, cid=1752, SUCCESS, logIndex=2540, commits[980d9c0c-33ac-4a22-b481-33b8b1eac469:c2541, e00ee311-0ce1-4115-b4c1-69648d9d3094:c2537, bb9367ec-656d-4ade-92be-004a921408cc:c2537]
2019-08-06 03:26:25,310 INFO  client.GrpcClientProtocolClient (GrpcClientProtocolClient.java:onNext(255)) - client-9DC82E534C87->980d9c0c-33ac-4a22-b481-33b8b1eac469: receive RaftClientReply:client-9DC82E534C87->980d9c0c-33ac-4a22-b481-33b8b1eac469@group-23022C6A558E, cid=1753, SUCCESS, logIndex=2541, commits[980d9c0c-33ac-4a22-b481-33b8b1eac469:c2541, e00ee311-0ce1-4115-b4c1-69648d9d3094:c2537, bb9367ec-656d-4ade-92be-004a921408cc:c2537]
2019-08-06 03:26:25,321 INFO  client.GrpcClientProtocolClient (GrpcClientProtocolClient.java:onNext(255)) - client-9DC82E534C87->980d9c0c-33ac-4a22-b481-33b8b1eac469: receive RaftClientReply:client-9DC82E534C87->980d9c0c-33ac-4a22-b481-33b8b1eac469@group-23022C6A558E, cid=1754, SUCCESS, logIndex=0, commits[980d9c0c-33ac-4a22-b481-33b8b1eac469:c2545, e00ee311-0ce1-4115-b4c1-69648d9d3094:c2541, bb9367ec-656d-4ade-92be-004a921408cc:c2539]
2019-08-06 03:26:25,342 INFO  client.GrpcClientProtocolClient (GrpcClientProtocolClient.java:onNext(255)) - client-9DC82E534C87->980d9c0c-33ac-4a22-b481-33b8b1eac469: receive RaftClientReply:client-9DC82E534C87->980d9c0c-33ac-4a22-b481-33b8b1eac469@group-23022C6A558E, cid=1755, SUCCESS, logIndex=2546, commits[980d9c0c-33ac-4a22-b481-33b8b1eac469:c2547, e00ee311-0ce1-4115-b4c1-69648d9d3094:c2545, bb9367ec-656d-4ade-92be-004a921408cc:c2545]
2019-08-06 03:26:25,343 INFO  client.GrpcClientProtocolClient (GrpcClientProtocolClient.java:onNext(255)) - client-9DC82E534C87->980d9c0c-33ac-4a22-b481-33b8b1eac469: receive RaftClientReply:client-9DC82E534C87->980d9c0c-33ac-4a22-b481-33b8b1eac469@group-23022C6A558E, cid=1756, SUCCESS, logIndex=2547, commits[980d9c0c-33ac-4a22-b481-33b8b1eac469:c2547, e00ee311-0ce1-4115-b4c1-69648d9d3094:c2545, bb9367ec-656d-4ade-92be-004a921408cc:c2545]
2019-08-06 03:26:25,357 INFO  client.GrpcClientProtocolClient (GrpcClientProtocolClient.java:onNext(255)) - client-9DC82E534C87->980d9c0c-33ac-4a22-b481-33b8b1eac469: receive RaftClientReply:client-9DC82E534C87->980d9c0c-33ac-4a22-b481-33b8b1eac469@group-23022C6A558E, cid=1757, SUCCESS, logIndex=2550, commits[980d9c0c-33ac-4a22-b481-33b8b1eac469:c2551, e00ee311-0ce1-4115-b4c1-69648d9d3094:c2547, bb9367ec-656d-4ade-92be-004a921408cc:c2547]
2019-08-06 03:26:25,358 INFO  client.GrpcClientProtocolClient (GrpcClientProtocolClient.java:onNext(255)) - client-9DC82E534C87->980d9c0c-33ac-4a22-b481-33b8b1eac469: receive RaftClientReply:client-9DC82E534C87->980d9c0c-33ac-4a22-b481-33b8b1eac469@group-23022C6A558E, cid=1758, SUCCESS, logIndex=2551, commits[980d9c0c-33ac-4a22-b481-33b8b1eac469:c2551, e00ee311-0ce1-4115-b4c1-69648d9d3094:c2547, bb9367ec-656d-4ade-92be-004a921408cc:c2547]
2019-08-06 03:26:25,369 INFO  client.GrpcClientProtocolClient (GrpcClientProtocolClient.java:onNext(255)) - client-9DC82E534C87->980d9c0c-33ac-4a22-b481-33b8b1eac469: receive RaftClientReply:client-9DC82E534C87->980d9c0c-33ac-4a22-b481-33b8b1eac469@group-23022C6A558E, cid=1759, SUCCESS, logIndex=0, commits[980d9c0c-33ac-4a22-b481-33b8b1eac469:c2552, e00ee311-0ce1-4115-b4c1-69648d9d3094:c2551, bb9367ec-656d-4ade-92be-004a921408cc:c2551]
2019-08-06 03:26:25,403 INFO  client.GrpcClientProtocolClient (GrpcClientProtocolClient.java:onNext(255)) - client-9DC82E534C87->980d9c0c-33ac-4a22-b481-33b8b1eac469: receive RaftClientReply:client-9DC82E534C87->980d9c0c-33ac-4a22-b481-33b8b1eac469@group-23022C6A558E, cid=1760, SUCCESS, logIndex=2554, commits[980d9c0c-33ac-4a22-b481-33b8b1eac469:c2555, e00ee311-0ce1-4115-b4c1-69648d9d3094:c2553, bb9367ec-656d-4ade-92be-004a921408cc:c2553]
2019-08-06 03:26:25,404 INFO  client.GrpcClientProtocolClient (GrpcClientProtocolClient.java:onNext(255)) - client-9DC82E534C87->980d9c0c-33ac-4a22-b481-33b8b1eac469: receive RaftClientReply:client-9DC82E534C87->980d9c0c-33ac-4a22-b481-33b8b1eac469@group-23022C6A558E, cid=1761, SUCCESS, logIndex=2555, commits[980d9c0c-33ac-4a22-b481-33b8b1eac469:c2555, e00ee311-0ce1-4115-b4c1-69648d9d3094:c2553, bb9367ec-656d-4ade-92be-004a921408cc:c2553]
2019-08-06 03:26:25,414 INFO  client.GrpcClientProtocolClient (GrpcClientProtocolClient.java:onNext(255)) - client-9DC82E534C87->980d9c0c-33ac-4a22-b481-33b8b1eac469: receive RaftClientReply:client-9DC82E534C87->980d9c0c-33ac-4a22-b481-33b8b1eac469@group-23022C6A558E, cid=1762, SUCCESS, logIndex=2556, commits[980d9c0c-33ac-4a22-b481-33b8b1eac469:c2557, e00ee311-0ce1-4115-b4c1-69648d9d3094:c2553, bb9367ec-656d-4ade-92be-004a921408cc:c2553]
2019-08-06 03:26:25,414 INFO  client.GrpcClientProtocolClient (GrpcClientProtocolClient.java:onNext(255)) - client-9DC82E534C87->980d9c0c-33ac-4a22-b481-33b8b1eac469: receive RaftClientReply:client-9DC82E534C87->980d9c0c-33ac-4a22-b481-33b8b1eac469@group-23022C6A558E, cid=1763, SUCCESS, logIndex=2557, commits[980d9c0c-33ac-4a22-b481-33b8b1eac469:c2557, e00ee311-0ce1-4115-b4c1-69648d9d3094:c2553, bb9367ec-656d-4ade-92be-004a921408cc:c2553]
2019-08-06 03:26:25,417 INFO  client.GrpcClientProtocolClient (GrpcClientProtocolClient.java:onNext(255)) - client-9DC82E534C87->980d9c0c-33ac-4a22-b481-33b8b1eac469: receive RaftClientReply:client-9DC82E534C87->980d9c0c-33ac-4a22-b481-33b8b1eac469@group-23022C6A558E, cid=1764, SUCCESS, logIndex=0, commits[980d9c0c-33ac-4a22-b481-33b8b1eac469:c2559, e00ee311-0ce1-4115-b4c1-69648d9d3094:c2555, bb9367ec-656d-4ade-92be-004a921408cc:c2555]
2019-08-06 03:26:25,429 INFO  client.GrpcClientProtocolClient (GrpcClientProtocolClient.java:onNext(255)) - client-9DC82E534C87->980d9c0c-33ac-4a22-b481-33b8b1eac469: receive RaftClientReply:client-9DC82E534C87->980d9c0c-33ac-4a22-b481-33b8b1eac469@group-23022C6A558E, cid=1765, SUCCESS, logIndex=2562, commits[980d9c0c-33ac-4a22-b481-33b8b1eac469:c2563, e00ee311-0ce1-4115-b4c1-69648d9d3094:c2559, bb9367ec-656d-4ade-92be-004a921408cc:c2557]
2019-08-06 03:26:25,429 INFO  client.GrpcClientProtocolClient (GrpcClientProtocolClient.java:onNext(255)) - client-9DC82E534C87->980d9c0c-33ac-4a22-b481-33b8b1eac469: receive RaftClientReply:client-9DC82E534C87->980d9c0c-33ac-4a22-b481-33b8b1eac469@group-23022C6A558E, cid=1766, SUCCESS, logIndex=2563, commits[980d9c0c-33ac-4a22-b481-33b8b1eac469:c2563, e00ee311-0ce1-4115-b4c1-69648d9d3094:c2559, bb9367ec-656d-4ade-92be-004a921408cc:c2559]
2019-08-06 03:26:25,445 INFO  client.GrpcClientProtocolClient (GrpcClientProtocolClient.java:onNext(255)) - client-9DC82E534C87->980d9c0c-33ac-4a22-b481-33b8b1eac469: receive RaftClientReply:client-9DC82E534C87->980d9c0c-33ac-4a22-b481-33b8b1eac469@group-23022C6A558E, cid=1767, SUCCESS, logIndex=2566, commits[980d9c0c-33ac-4a22-b481-33b8b1eac469:c2567, e00ee311-0ce1-4115-b4c1-69648d9d3094:c2564, bb9367ec-656d-4ade-92be-004a921408cc:c2563]
2019-08-06 03:26:25,445 INFO  client.GrpcClientProtocolClient (GrpcClientProtocolClient.java:onNext(255)) - client-9DC82E534C87->980d9c0c-33ac-4a22-b481-33b8b1eac469: receive RaftClientReply:client-9DC82E534C87->980d9c0c-33ac-4a22-b481-33b8b1eac469@group-23022C6A558E, cid=1768, SUCCESS, logIndex=2567, commits[980d9c0c-33ac-4a22-b481-33b8b1eac469:c2567, e00ee311-0ce1-4115-b4c1-69648d9d3094:c2564, bb9367ec-656d-4ade-92be-004a921408cc:c2564]
2019-08-06 03:26:25,460 INFO  client.GrpcClientProtocolClient (GrpcClientProtocolClient.java:onNext(255)) - client-9DC82E534C87->980d9c0c-33ac-4a22-b481-33b8b1eac469: receive RaftClientReply:client-9DC82E534C87->980d9c0c-33ac-4a22-b481-33b8b1eac469@group-23022C6A558E, cid=1769, SUCCESS, logIndex=0, commits[980d9c0c-33ac-4a22-b481-33b8b1eac469:c2569, e00ee311-0ce1-4115-b4c1-69648d9d3094:c2567, bb9367ec-656d-4ade-92be-004a921408cc:c2567]
2019-08-06 03:26:25,483 INFO  client.GrpcClientProtocolClient (GrpcClientProtocolClient.java:onNext(255)) - client-9DC82E534C87->980d9c0c-33ac-4a22-b481-33b8b1eac469: receive RaftClientReply:client-9DC82E534C87->980d9c0c-33ac-4a22-b481-33b8b1eac469@group-23022C6A558E, cid=1770, SUCCESS, logIndex=2570, commits[980d9c0c-33ac-4a22-b481-33b8b1eac469:c2571, e00ee311-0ce1-4115-b4c1-69648d9d3094:c2569, bb9367ec-656d-4ade-92be-004a921408cc:c2569]
2019-08-06 03:26:25,483 INFO  client.GrpcClientProtocolClient (GrpcClientProtocolClient.java:onNext(255)) - client-9DC82E534C87->980d9c0c-33ac-4a22-b481-33b8b1eac469: receive RaftClientReply:client-9DC82E534C87->980d9c0c-33ac-4a22-b481-33b8b1eac469@group-23022C6A558E, cid=1771, SUCCESS, logIndex=2571, commits[980d9c0c-33ac-4a22-b481-33b8b1eac469:c2573, e00ee311-0ce1-4115-b4c1-69648d9d3094:c2569, bb9367ec-656d-4ade-92be-004a921408cc:c2569]
2019-08-06 03:26:25,483 INFO  client.GrpcClientProtocolClient (GrpcClientProtocolClient.java:onNext(255)) - client-9DC82E534C87->980d9c0c-33ac-4a22-b481-33b8b1eac469: receive RaftClientReply:client-9DC82E534C87->980d9c0c-33ac-4a22-b481-33b8b1eac469@group-23022C6A558E, cid=1772, SUCCESS, logIndex=2572, commits[980d9c0c-33ac-4a22-b481-33b8b1eac469:c2573, e00ee311-0ce1-4115-b4c1-69648d9d3094:c2569, bb9367ec-656d-4ade-92be-004a921408cc:c2569]
2019-08-06 03:26:25,484 INFO  client.GrpcClientProtocolClient (GrpcClientProtocolClient.java:onNext(255)) - client-9DC82E534C87->980d9c0c-33ac-4a22-b481-33b8b1eac469: receive RaftClientReply:client-9DC82E534C87->980d9c0c-33ac-4a22-b481-33b8b1eac469@group-23022C6A558E, cid=1773, SUCCESS, logIndex=2573, commits[980d9c0c-33ac-4a22-b481-33b8b1eac469:c2573, e00ee311-0ce1-4115-b4c1-69648d9d3094:c2569, bb9367ec-656d-4ade-92be-004a921408cc:c2569]
2019-08-06 03:26:25,496 INFO  client.GrpcClientProtocolClient (GrpcClientProtocolClient.java:onNext(255)) - client-9DC82E534C87->980d9c0c-33ac-4a22-b481-33b8b1eac469: receive RaftClientReply:client-9DC82E534C87->980d9c0c-33ac-4a22-b481-33b8b1eac469@group-23022C6A558E, cid=1774, SUCCESS, logIndex=0, commits[980d9c0c-33ac-4a22-b481-33b8b1eac469:c2575, e00ee311-0ce1-4115-b4c1-69648d9d3094:c2571, bb9367ec-656d-4ade-92be-004a921408cc:c2571]
2019-08-06 03:26:25,516 INFO  client.GrpcClientProtocolClient (GrpcClientProtocolClient.java:onNext(255)) - client-9DC82E534C87->980d9c0c-33ac-4a22-b481-33b8b1eac469: receive RaftClientReply:client-9DC82E534C87->980d9c0c-33ac-4a22-b481-33b8b1eac469@group-23022C6A558E, cid=1775, SUCCESS, logIndex=2578, commits[980d9c0c-33ac-4a22-b481-33b8b1eac469:c2579, e00ee311-0ce1-4115-b4c1-69648d9d3094:c2577, bb9367ec-656d-4ade-92be-004a921408cc:c2577]
2019-08-06 03:26:25,517 INFO  client.GrpcClientProtocolClient (GrpcClientProtocolClient.java:onNext(255)) - client-9DC82E534C87->980d9c0c-33ac-4a22-b481-33b8b1eac469: receive RaftClientReply:client-9DC82E534C87->980d9c0c-33ac-4a22-b481-33b8b1eac469@group-23022C6A558E, cid=1776, SUCCESS, logIndex=2579, commits[980d9c0c-33ac-4a22-b481-33b8b1eac469:c2579, e00ee311-0ce1-4115-b4c1-69648d9d3094:c2577, bb9367ec-656d-4ade-92be-004a921408cc:c2577]
2019-08-06 03:26:25,530 INFO  client.GrpcClientProtocolClient (GrpcClientProtocolClient.java:onNext(255)) - client-9DC82E534C87->980d9c0c-33ac-4a22-b481-33b8b1eac469: receive RaftClientReply:client-9DC82E534C87->980d9c0c-33ac-4a22-b481-33b8b1eac469@group-23022C6A558E, cid=1777, SUCCESS, logIndex=2582, commits[980d9c0c-33ac-4a22-b481-33b8b1eac469:c2583, e00ee311-0ce1-4115-b4c1-69648d9d3094:c2579, bb9367ec-656d-4ade-92be-004a921408cc:c2579]
2019-08-06 03:26:25,530 INFO  client.GrpcClientProtocolClient (GrpcClientProtocolClient.java:onNext(255)) - client-9DC82E534C87->980d9c0c-33ac-4a22-b481-33b8b1eac469: receive RaftClientReply:client-9DC82E534C87->980d9c0c-33ac-4a22-b481-33b8b1eac469@group-23022C6A558E, cid=1778, SUCCESS, logIndex=2583, commits[980d9c0c-33ac-4a22-b481-33b8b1eac469:c2583, e00ee311-0ce1-4115-b4c1-69648d9d3094:c2579, bb9367ec-656d-4ade-92be-004a921408cc:c2579]
2019-08-06 03:26:25,544 INFO  client.GrpcClientProtocolClient (GrpcClientProtocolClient.java:onNext(255)) - client-9DC82E534C87->980d9c0c-33ac-4a22-b481-33b8b1eac469: receive RaftClientReply:client-9DC82E534C87->980d9c0c-33ac-4a22-b481-33b8b1eac469@group-23022C6A558E, cid=1779, SUCCESS, logIndex=0, commits[980d9c0c-33ac-4a22-b481-33b8b1eac469:c2584, e00ee311-0ce1-4115-b4c1-69648d9d3094:c2583, bb9367ec-656d-4ade-92be-004a921408cc:c2583]
2019-08-06 03:26:25,574 INFO  client.GrpcClientProtocolClient (GrpcClientProtocolClient.java:onNext(255)) - client-9DC82E534C87->980d9c0c-33ac-4a22-b481-33b8b1eac469: receive RaftClientReply:client-9DC82E534C87->980d9c0c-33ac-4a22-b481-33b8b1eac469@group-23022C6A558E, cid=1780, SUCCESS, logIndex=2586, commits[980d9c0c-33ac-4a22-b481-33b8b1eac469:c2587, e00ee311-0ce1-4115-b4c1-69648d9d3094:c2585, bb9367ec-656d-4ade-92be-004a921408cc:c2585]
2019-08-06 03:26:25,575 INFO  client.GrpcClientProtocolClient (GrpcClientProtocolClient.java:onNext(255)) - client-9DC82E534C87->980d9c0c-33ac-4a22-b481-33b8b1eac469: receive RaftClientReply:client-9DC82E534C87->980d9c0c-33ac-4a22-b481-33b8b1eac469@group-23022C6A558E, cid=1781, SUCCESS, logIndex=2587, commits[980d9c0c-33ac-4a22-b481-33b8b1eac469:c2589, e00ee311-0ce1-4115-b4c1-69648d9d3094:c2585, bb9367ec-656d-4ade-92be-004a921408cc:c2585]
2019-08-06 03:26:25,575 INFO  client.GrpcClientProtocolClient (GrpcClientProtocolClient.java:onNext(255)) - client-9DC82E534C87->980d9c0c-33ac-4a22-b481-33b8b1eac469: receive RaftClientReply:client-9DC82E534C87->980d9c0c-33ac-4a22-b481-33b8b1eac469@group-23022C6A558E, cid=1782, SUCCESS, logIndex=2588, commits[980d9c0c-33ac-4a22-b481-33b8b1eac469:c2589, e00ee311-0ce1-4115-b4c1-69648d9d3094:c2585, bb9367ec-656d-4ade-92be-004a921408cc:c2585]
2019-08-06 03:26:25,575 INFO  client.GrpcClientProtocolClient (GrpcClientProtocolClient.java:onNext(255)) - client-9DC82E534C87->980d9c0c-33ac-4a22-b481-33b8b1eac469: receive RaftClientReply:client-9DC82E534C87->980d9c0c-33ac-4a22-b481-33b8b1eac469@group-23022C6A558E, cid=1783, SUCCESS, logIndex=2589, commits[980d9c0c-33ac-4a22-b481-33b8b1eac469:c2589, e00ee311-0ce1-4115-b4c1-69648d9d3094:c2585, bb9367ec-656d-4ade-92be-004a921408cc:c2585]
2019-08-06 03:26:25,588 INFO  client.GrpcClientProtocolClient (GrpcClientProtocolClient.java:onNext(255)) - client-9DC82E534C87->980d9c0c-33ac-4a22-b481-33b8b1eac469: receive RaftClientReply:client-9DC82E534C87->980d9c0c-33ac-4a22-b481-33b8b1eac469@group-23022C6A558E, cid=1784, SUCCESS, logIndex=0, commits[980d9c0c-33ac-4a22-b481-33b8b1eac469:c2593, e00ee311-0ce1-4115-b4c1-69648d9d3094:c2587, bb9367ec-656d-4ade-92be-004a921408cc:c2589]
2019-08-06 03:26:25,608 INFO  client.GrpcClientProtocolClient (GrpcClientProtocolClient.java:onNext(255)) - client-9DC82E534C87->980d9c0c-33ac-4a22-b481-33b8b1eac469: receive RaftClientReply:client-9DC82E534C87->980d9c0c-33ac-4a22-b481-33b8b1eac469@group-23022C6A558E, cid=1785, SUCCESS, logIndex=2594, commits[980d9c0c-33ac-4a22-b481-33b8b1eac469:c2595, e00ee311-0ce1-4115-b4c1-69648d9d3094:c2593, bb9367ec-656d-4ade-92be-004a921408cc:c2593]
2019-08-06 03:26:25,608 INFO  client.GrpcClientProtocolClient (GrpcClientProtocolClient.java:onNext(255)) - client-9DC82E534C87->980d9c0c-33ac-4a22-b481-33b8b1eac469: receive RaftClientReply:client-9DC82E534C87->980d9c0c-33ac-4a22-b481-33b8b1eac469@group-23022C6A558E, cid=1786, SUCCESS, logIndex=2595, commits[980d9c0c-33ac-4a22-b481-33b8b1eac469:c2595, e00ee311-0ce1-4115-b4c1-69648d9d3094:c2593, bb9367ec-656d-4ade-92be-004a921408cc:c2593]
2019-08-06 03:26:25,633 INFO  client.GrpcClientProtocolClient (GrpcClientProtocolClient.java:onNext(255)) - client-9DC82E534C87->980d9c0c-33ac-4a22-b481-33b8b1eac469: receive RaftClientReply:client-9DC82E534C87->980d9c0c-33ac-4a22-b481-33b8b1eac469@group-23022C6A558E, cid=1787, SUCCESS, logIndex=2598, commits[980d9c0c-33ac-4a22-b481-33b8b1eac469:c2599, e00ee311-0ce1-4115-b4c1-69648d9d3094:c2595, bb9367ec-656d-4ade-92be-004a921408cc:c2595]
2019-08-06 03:26:25,633 INFO  client.GrpcClientProtocolClient (GrpcClientProtocolClient.java:onNext(255)) - client-9DC82E534C87->980d9c0c-33ac-4a22-b481-33b8b1eac469: receive RaftClientReply:client-9DC82E534C87->980d9c0c-33ac-4a22-b481-33b8b1eac469@group-23022C6A558E, cid=1788, SUCCESS, logIndex=2599, commits[980d9c0c-33ac-4a22-b481-33b8b1eac469:c2599, e00ee311-0ce1-4115-b4c1-69648d9d3094:c2595, bb9367ec-656d-4ade-92be-004a921408cc:c2595]
2019-08-06 03:26:25,647 INFO  client.GrpcClientProtocolClient (GrpcClientProtocolClient.java:onNext(255)) - client-9DC82E534C87->980d9c0c-33ac-4a22-b481-33b8b1eac469: receive RaftClientReply:client-9DC82E534C87->980d9c0c-33ac-4a22-b481-33b8b1eac469@group-23022C6A558E, cid=1789, SUCCESS, logIndex=0, commits[980d9c0c-33ac-4a22-b481-33b8b1eac469:c2600, e00ee311-0ce1-4115-b4c1-69648d9d3094:c2599, bb9367ec-656d-4ade-92be-004a921408cc:c2599]
2019-08-06 03:26:25,675 INFO  client.GrpcClientProtocolClient (GrpcClientProtocolClient.java:onNext(255)) - client-9DC82E534C87->980d9c0c-33ac-4a22-b481-33b8b1eac469: receive RaftClientReply:client-9DC82E534C87->980d9c0c-33ac-4a22-b481-33b8b1eac469@group-23022C6A558E, cid=1790, SUCCESS, logIndex=2602, commits[980d9c0c-33ac-4a22-b481-33b8b1eac469:c2603, e00ee311-0ce1-4115-b4c1-69648d9d3094:c2601, bb9367ec-656d-4ade-92be-004a921408cc:c2601]
2019-08-06 03:26:25,676 INFO  client.GrpcClientProtocolClient (GrpcClientProtocolClient.java:onNext(255)) - client-9DC82E534C87->980d9c0c-33ac-4a22-b481-33b8b1eac469: receive RaftClientReply:client-9DC82E534C87->980d9c0c-33ac-4a22-b481-33b8b1eac469@group-23022C6A558E, cid=1791, SUCCESS, logIndex=2603, commits[980d9c0c-33ac-4a22-b481-33b8b1eac469:c2605, e00ee311-0ce1-4115-b4c1-69648d9d3094:c2601, bb9367ec-656d-4ade-92be-004a921408cc:c2601]
2019-08-06 03:26:25,676 INFO  client.GrpcClientProtocolClient (GrpcClientProtocolClient.java:onNext(255)) - client-9DC82E534C87->980d9c0c-33ac-4a22-b481-33b8b1eac469: receive RaftClientReply:client-9DC82E534C87->980d9c0c-33ac-4a22-b481-33b8b1eac469@group-23022C6A558E, cid=1792, SUCCESS, logIndex=2604, commits[980d9c0c-33ac-4a22-b481-33b8b1eac469:c2605, e00ee311-0ce1-4115-b4c1-69648d9d3094:c2601, bb9367ec-656d-4ade-92be-004a921408cc:c2601]
2019-08-06 03:26:25,676 INFO  client.GrpcClientProtocolClient (GrpcClientProtocolClient.java:onNext(255)) - client-9DC82E534C87->980d9c0c-33ac-4a22-b481-33b8b1eac469: receive RaftClientReply:client-9DC82E534C87->980d9c0c-33ac-4a22-b481-33b8b1eac469@group-23022C6A558E, cid=1793, SUCCESS, logIndex=2605, commits[980d9c0c-33ac-4a22-b481-33b8b1eac469:c2605, e00ee311-0ce1-4115-b4c1-69648d9d3094:c2601, bb9367ec-656d-4ade-92be-004a921408cc:c2601]
2019-08-06 03:26:25,686 INFO  client.GrpcClientProtocolClient (GrpcClientProtocolClient.java:onNext(255)) - client-9DC82E534C87->980d9c0c-33ac-4a22-b481-33b8b1eac469: receive RaftClientReply:client-9DC82E534C87->980d9c0c-33ac-4a22-b481-33b8b1eac469@group-23022C6A558E, cid=1794, SUCCESS, logIndex=0, commits[980d9c0c-33ac-4a22-b481-33b8b1eac469:c2606, e00ee311-0ce1-4115-b4c1-69648d9d3094:c2603, bb9367ec-656d-4ade-92be-004a921408cc:c2603]
2019-08-06 03:26:25,705 INFO  client.GrpcClientProtocolClient (GrpcClientProtocolClient.java:onNext(255)) - client-9DC82E534C87->980d9c0c-33ac-4a22-b481-33b8b1eac469: receive RaftClientReply:client-9DC82E534C87->980d9c0c-33ac-4a22-b481-33b8b1eac469@group-23022C6A558E, cid=1795, SUCCESS, logIndex=2610, commits[980d9c0c-33ac-4a22-b481-33b8b1eac469:c2611, e00ee311-0ce1-4115-b4c1-69648d9d3094:c2609, bb9367ec-656d-4ade-92be-004a921408cc:c2609]
2019-08-06 03:26:25,705 INFO  client.GrpcClientProtocolClient (GrpcClientProtocolClient.java:onNext(255)) - client-9DC82E534C87->980d9c0c-33ac-4a22-b481-33b8b1eac469: receive RaftClientReply:client-9DC82E534C87->980d9c0c-33ac-4a22-b481-33b8b1eac469@group-23022C6A558E, cid=1796, SUCCESS, logIndex=2611, commits[980d9c0c-33ac-4a22-b481-33b8b1eac469:c2611, e00ee311-0ce1-4115-b4c1-69648d9d3094:c2609, bb9367ec-656d-4ade-92be-004a921408cc:c2609]
2019-08-06 03:26:25,719 INFO  client.GrpcClientProtocolClient (GrpcClientProtocolClient.java:onNext(255)) - client-9DC82E534C87->980d9c0c-33ac-4a22-b481-33b8b1eac469: receive RaftClientReply:client-9DC82E534C87->980d9c0c-33ac-4a22-b481-33b8b1eac469@group-23022C6A558E, cid=1797, SUCCESS, logIndex=2614, commits[980d9c0c-33ac-4a22-b481-33b8b1eac469:c2614, e00ee311-0ce1-4115-b4c1-69648d9d3094:c2611, bb9367ec-656d-4ade-92be-004a921408cc:c2611]
2019-08-06 03:26:25,719 INFO  client.GrpcClientProtocolClient (GrpcClientProtocolClient.java:onNext(255)) - client-9DC82E534C87->980d9c0c-33ac-4a22-b481-33b8b1eac469: receive RaftClientReply:client-9DC82E534C87->980d9c0c-33ac-4a22-b481-33b8b1eac469@group-23022C6A558E, cid=1798, SUCCESS, logIndex=2615, commits[980d9c0c-33ac-4a22-b481-33b8b1eac469:c2615, e00ee311-0ce1-4115-b4c1-69648d9d3094:c2611, bb9367ec-656d-4ade-92be-004a921408cc:c2611]
2019-08-06 03:26:25,733 INFO  client.GrpcClientProtocolClient (GrpcClientProtocolClient.java:onNext(255)) - client-9DC82E534C87->980d9c0c-33ac-4a22-b481-33b8b1eac469: receive RaftClientReply:client-9DC82E534C87->980d9c0c-33ac-4a22-b481-33b8b1eac469@group-23022C6A558E, cid=1799, SUCCESS, logIndex=0, commits[980d9c0c-33ac-4a22-b481-33b8b1eac469:c2617, e00ee311-0ce1-4115-b4c1-69648d9d3094:c2615, bb9367ec-656d-4ade-92be-004a921408cc:c2615]
2019-08-06 03:26:25,760 INFO  client.GrpcClientProtocolClient (GrpcClientProtocolClient.java:onNext(255)) - client-9DC82E534C87->980d9c0c-33ac-4a22-b481-33b8b1eac469: receive RaftClientReply:client-9DC82E534C87->980d9c0c-33ac-4a22-b481-33b8b1eac469@group-23022C6A558E, cid=1800, SUCCESS, logIndex=2618, commits[980d9c0c-33ac-4a22-b481-33b8b1eac469:c2620, e00ee311-0ce1-4115-b4c1-69648d9d3094:c2617, bb9367ec-656d-4ade-92be-004a921408cc:c2617]
2019-08-06 03:26:25,760 INFO  client.GrpcClientProtocolClient (GrpcClientProtocolClient.java:onNext(255)) - client-9DC82E534C87->980d9c0c-33ac-4a22-b481-33b8b1eac469: receive RaftClientReply:client-9DC82E534C87->980d9c0c-33ac-4a22-b481-33b8b1eac469@group-23022C6A558E, cid=1801, SUCCESS, logIndex=2619, commits[980d9c0c-33ac-4a22-b481-33b8b1eac469:c2621, e00ee311-0ce1-4115-b4c1-69648d9d3094:c2617, bb9367ec-656d-4ade-92be-004a921408cc:c2617]
2019-08-06 03:26:25,761 INFO  client.GrpcClientProtocolClient (GrpcClientProtocolClient.java:onNext(255)) - client-9DC82E534C87->980d9c0c-33ac-4a22-b481-33b8b1eac469: receive RaftClientReply:client-9DC82E534C87->980d9c0c-33ac-4a22-b481-33b8b1eac469@group-23022C6A558E, cid=1802, SUCCESS, logIndex=2620, commits[980d9c0c-33ac-4a22-b481-33b8b1eac469:c2621, e00ee311-0ce1-4115-b4c1-69648d9d3094:c2617, bb9367ec-656d-4ade-92be-004a921408cc:c2617]
2019-08-06 03:26:25,761 INFO  client.GrpcClientProtocolClient (GrpcClientProtocolClient.java:onNext(255)) - client-9DC82E534C87->980d9c0c-33ac-4a22-b481-33b8b1eac469: receive RaftClientReply:client-9DC82E534C87->980d9c0c-33ac-4a22-b481-33b8b1eac469@group-23022C6A558E, cid=1803, SUCCESS, logIndex=2621, commits[980d9c0c-33ac-4a22-b481-33b8b1eac469:c2621, e00ee311-0ce1-4115-b4c1-69648d9d3094:c2617, bb9367ec-656d-4ade-92be-004a921408cc:c2617]
2019-08-06 03:26:25,773 INFO  client.GrpcClientProtocolClient (GrpcClientProtocolClient.java:onNext(255)) - client-9DC82E534C87->980d9c0c-33ac-4a22-b481-33b8b1eac469: receive RaftClientReply:client-9DC82E534C87->980d9c0c-33ac-4a22-b481-33b8b1eac469@group-23022C6A558E, cid=1804, SUCCESS, logIndex=0, commits[980d9c0c-33ac-4a22-b481-33b8b1eac469:c2625, e00ee311-0ce1-4115-b4c1-69648d9d3094:c2619, bb9367ec-656d-4ade-92be-004a921408cc:c2621]
2019-08-06 03:26:25,792 INFO  client.GrpcClientProtocolClient (GrpcClientProtocolClient.java:onNext(255)) - client-9DC82E534C87->980d9c0c-33ac-4a22-b481-33b8b1eac469: receive RaftClientReply:client-9DC82E534C87->980d9c0c-33ac-4a22-b481-33b8b1eac469@group-23022C6A558E, cid=1805, SUCCESS, logIndex=2626, commits[980d9c0c-33ac-4a22-b481-33b8b1eac469:c2627, e00ee311-0ce1-4115-b4c1-69648d9d3094:c2625, bb9367ec-656d-4ade-92be-004a921408cc:c2625]
2019-08-06 03:26:25,792 INFO  client.GrpcClientProtocolClient (GrpcClientProtocolClient.java:onNext(255)) - client-9DC82E534C87->980d9c0c-33ac-4a22-b481-33b8b1eac469: receive RaftClientReply:client-9DC82E534C87->980d9c0c-33ac-4a22-b481-33b8b1eac469@group-23022C6A558E, cid=1806, SUCCESS, logIndex=2627, commits[980d9c0c-33ac-4a22-b481-33b8b1eac469:c2627, e00ee311-0ce1-4115-b4c1-69648d9d3094:c2625, bb9367ec-656d-4ade-92be-004a921408cc:c2625]
2019-08-06 03:26:25,816 INFO  client.GrpcClientProtocolClient (GrpcClientProtocolClient.java:onNext(255)) - client-9DC82E534C87->980d9c0c-33ac-4a22-b481-33b8b1eac469: receive RaftClientReply:client-9DC82E534C87->980d9c0c-33ac-4a22-b481-33b8b1eac469@group-23022C6A558E, cid=1807, SUCCESS, logIndex=2630, commits[980d9c0c-33ac-4a22-b481-33b8b1eac469:c2631, e00ee311-0ce1-4115-b4c1-69648d9d3094:c2627, bb9367ec-656d-4ade-92be-004a921408cc:c2627]
2019-08-06 03:26:25,816 INFO  client.GrpcClientProtocolClient (GrpcClientProtocolClient.java:onNext(255)) - client-9DC82E534C87->980d9c0c-33ac-4a22-b481-33b8b1eac469: receive RaftClientReply:client-9DC82E534C87->980d9c0c-33ac-4a22-b481-33b8b1eac469@group-23022C6A558E, cid=1808, SUCCESS, logIndex=2631, commits[980d9c0c-33ac-4a22-b481-33b8b1eac469:c2631, e00ee311-0ce1-4115-b4c1-69648d9d3094:c2627, bb9367ec-656d-4ade-92be-004a921408cc:c2627]
2019-08-06 03:26:25,847 INFO  client.GrpcClientProtocolClient (GrpcClientProtocolClient.java:onNext(255)) - client-9DC82E534C87->980d9c0c-33ac-4a22-b481-33b8b1eac469: receive RaftClientReply:client-9DC82E534C87->980d9c0c-33ac-4a22-b481-33b8b1eac469@group-23022C6A558E, cid=1809, SUCCESS, logIndex=0, commits[980d9c0c-33ac-4a22-b481-33b8b1eac469:c2633, e00ee311-0ce1-4115-b4c1-69648d9d3094:c2631, bb9367ec-656d-4ade-92be-004a921408cc:c2631]
2019-08-06 03:26:25,873 INFO  client.GrpcClientProtocolClient (GrpcClientProtocolClient.java:onNext(255)) - client-9DC82E534C87->980d9c0c-33ac-4a22-b481-33b8b1eac469: receive RaftClientReply:client-9DC82E534C87->980d9c0c-33ac-4a22-b481-33b8b1eac469@group-23022C6A558E, cid=1810, SUCCESS, logIndex=2634, commits[980d9c0c-33ac-4a22-b481-33b8b1eac469:c2635, e00ee311-0ce1-4115-b4c1-69648d9d3094:c2633, bb9367ec-656d-4ade-92be-004a921408cc:c2633]
2019-08-06 03:26:25,873 INFO  client.GrpcClientProtocolClient (GrpcClientProtocolClient.java:onNext(255)) - client-9DC82E534C87->980d9c0c-33ac-4a22-b481-33b8b1eac469: receive RaftClientReply:client-9DC82E534C87->980d9c0c-33ac-4a22-b481-33b8b1eac469@group-23022C6A558E, cid=1811, SUCCESS, logIndex=2635, commits[980d9c0c-33ac-4a22-b481-33b8b1eac469:c2635, e00ee311-0ce1-4115-b4c1-69648d9d3094:c2633, bb9367ec-656d-4ade-92be-004a921408cc:c2633]
2019-08-06 03:26:25,894 INFO  client.GrpcClientProtocolClient (GrpcClientProtocolClient.java:onNext(255)) - client-9DC82E534C87->980d9c0c-33ac-4a22-b481-33b8b1eac469: receive RaftClientReply:client-9DC82E534C87->980d9c0c-33ac-4a22-b481-33b8b1eac469@group-23022C6A558E, cid=1812, SUCCESS, logIndex=2636, commits[980d9c0c-33ac-4a22-b481-33b8b1eac469:c2637, e00ee311-0ce1-4115-b4c1-69648d9d3094:c2633, bb9367ec-656d-4ade-92be-004a921408cc:c2633]
2019-08-06 03:26:25,895 INFO  client.GrpcClientProtocolClient (GrpcClientProtocolClient.java:onNext(255)) - client-9DC82E534C87->980d9c0c-33ac-4a22-b481-33b8b1eac469: receive RaftClientReply:client-9DC82E534C87->980d9c0c-33ac-4a22-b481-33b8b1eac469@group-23022C6A558E, cid=1813, SUCCESS, logIndex=2637, commits[980d9c0c-33ac-4a22-b481-33b8b1eac469:c2637, e00ee311-0ce1-4115-b4c1-69648d9d3094:c2633, bb9367ec-656d-4ade-92be-004a921408cc:c2633]
2019-08-06 03:26:25,896 INFO  client.GrpcClientProtocolClient (GrpcClientProtocolClient.java:onNext(255)) - client-9DC82E534C87->980d9c0c-33ac-4a22-b481-33b8b1eac469: receive RaftClientReply:client-9DC82E534C87->980d9c0c-33ac-4a22-b481-33b8b1eac469@group-23022C6A558E, cid=1814, SUCCESS, logIndex=0, commits[980d9c0c-33ac-4a22-b481-33b8b1eac469:c2639, e00ee311-0ce1-4115-b4c1-69648d9d3094:c2635, bb9367ec-656d-4ade-92be-004a921408cc:c2635]
2019-08-06 03:26:25,919 INFO  client.GrpcClientProtocolClient (GrpcClientProtocolClient.java:onNext(255)) - client-9DC82E534C87->980d9c0c-33ac-4a22-b481-33b8b1eac469: receive RaftClientReply:client-9DC82E534C87->980d9c0c-33ac-4a22-b481-33b8b1eac469@group-23022C6A558E, cid=1815, SUCCESS, logIndex=2642, commits[980d9c0c-33ac-4a22-b481-33b8b1eac469:c2643, e00ee311-0ce1-4115-b4c1-69648d9d3094:c2641, bb9367ec-656d-4ade-92be-004a921408cc:c2641]
2019-08-06 03:26:25,919 INFO  client.GrpcClientProtocolClient (GrpcClientProtocolClient.java:onNext(255)) - client-9DC82E534C87->980d9c0c-33ac-4a22-b481-33b8b1eac469: receive RaftClientReply:client-9DC82E534C87->980d9c0c-33ac-4a22-b481-33b8b1eac469@group-23022C6A558E, cid=1816, SUCCESS, logIndex=2643, commits[980d9c0c-33ac-4a22-b481-33b8b1eac469:c2643, e00ee311-0ce1-4115-b4c1-69648d9d3094:c2641, bb9367ec-656d-4ade-92be-004a921408cc:c2641]
2019-08-06 03:26:25,934 INFO  client.GrpcClientProtocolClient (GrpcClientProtocolClient.java:onNext(255)) - client-9DC82E534C87->980d9c0c-33ac-4a22-b481-33b8b1eac469: receive RaftClientReply:client-9DC82E534C87->980d9c0c-33ac-4a22-b481-33b8b1eac469@group-23022C6A558E, cid=1817, SUCCESS, logIndex=2646, commits[980d9c0c-33ac-4a22-b481-33b8b1eac469:c2646, e00ee311-0ce1-4115-b4c1-69648d9d3094:c2643, bb9367ec-656d-4ade-92be-004a921408cc:c2643]
2019-08-06 03:26:25,934 INFO  client.GrpcClientProtocolClient (GrpcClientProtocolClient.java:onNext(255)) - client-9DC82E534C87->980d9c0c-33ac-4a22-b481-33b8b1eac469: receive RaftClientReply:client-9DC82E534C87->980d9c0c-33ac-4a22-b481-33b8b1eac469@group-23022C6A558E, cid=1818, SUCCESS, logIndex=2647, commits[980d9c0c-33ac-4a22-b481-33b8b1eac469:c2647, e00ee311-0ce1-4115-b4c1-69648d9d3094:c2643, bb9367ec-656d-4ade-92be-004a921408cc:c2643]
2019-08-06 03:26:25,952 INFO  client.GrpcClientProtocolClient (GrpcClientProtocolClient.java:onNext(255)) - client-9DC82E534C87->980d9c0c-33ac-4a22-b481-33b8b1eac469: receive RaftClientReply:client-9DC82E534C87->980d9c0c-33ac-4a22-b481-33b8b1eac469@group-23022C6A558E, cid=1819, SUCCESS, logIndex=0, commits[980d9c0c-33ac-4a22-b481-33b8b1eac469:c2649, e00ee311-0ce1-4115-b4c1-69648d9d3094:c2647, bb9367ec-656d-4ade-92be-004a921408cc:c2647]
2019-08-06 03:26:26,081 INFO  client.GrpcClientProtocolClient (GrpcClientProtocolClient.java:onNext(255)) - client-9DC82E534C87->980d9c0c-33ac-4a22-b481-33b8b1eac469: receive RaftClientReply:client-9DC82E534C87->980d9c0c-33ac-4a22-b481-33b8b1eac469@group-23022C6A558E, cid=1820, SUCCESS, logIndex=2650, commits[980d9c0c-33ac-4a22-b481-33b8b1eac469:c2651, e00ee311-0ce1-4115-b4c1-69648d9d3094:c2649, bb9367ec-656d-4ade-92be-004a921408cc:c2649]
2019-08-06 03:26:26,082 INFO  client.GrpcClientProtocolClient (GrpcClientProtocolClient.java:onNext(255)) - client-9DC82E534C87->980d9c0c-33ac-4a22-b481-33b8b1eac469: receive RaftClientReply:client-9DC82E534C87->980d9c0c-33ac-4a22-b481-33b8b1eac469@group-23022C6A558E, cid=1821, SUCCESS, logIndex=2651, commits[980d9c0c-33ac-4a22-b481-33b8b1eac469:c2653, e00ee311-0ce1-4115-b4c1-69648d9d3094:c2649, bb9367ec-656d-4ade-92be-004a921408cc:c2649]
2019-08-06 03:26:26,082 INFO  client.GrpcClientProtocolClient (GrpcClientProtocolClient.java:onNext(255)) - client-9DC82E534C87->980d9c0c-33ac-4a22-b481-33b8b1eac469: receive RaftClientReply:client-9DC82E534C87->980d9c0c-33ac-4a22-b481-33b8b1eac469@group-23022C6A558E, cid=1822, SUCCESS, logIndex=2652, commits[980d9c0c-33ac-4a22-b481-33b8b1eac469:c2653, e00ee311-0ce1-4115-b4c1-69648d9d3094:c2649, bb9367ec-656d-4ade-92be-004a921408cc:c2649]
2019-08-06 03:26:26,082 INFO  client.GrpcClientProtocolClient (GrpcClientProtocolClient.java:onNext(255)) - client-9DC82E534C87->980d9c0c-33ac-4a22-b481-33b8b1eac469: receive RaftClientReply:client-9DC82E534C87->980d9c0c-33ac-4a22-b481-33b8b1eac469@group-23022C6A558E, cid=1823, SUCCESS, logIndex=2653, commits[980d9c0c-33ac-4a22-b481-33b8b1eac469:c2653, e00ee311-0ce1-4115-b4c1-69648d9d3094:c2649, bb9367ec-656d-4ade-92be-004a921408cc:c2649]
2019-08-06 03:26:26,096 INFO  client.GrpcClientProtocolClient (GrpcClientProtocolClient.java:onNext(255)) - client-9DC82E534C87->980d9c0c-33ac-4a22-b481-33b8b1eac469: receive RaftClientReply:client-9DC82E534C87->980d9c0c-33ac-4a22-b481-33b8b1eac469@group-23022C6A558E, cid=1824, SUCCESS, logIndex=0, commits[980d9c0c-33ac-4a22-b481-33b8b1eac469:c2655, e00ee311-0ce1-4115-b4c1-69648d9d3094:c2651, bb9367ec-656d-4ade-92be-004a921408cc:c2651]
2019-08-06 03:26:26,117 INFO  client.GrpcClientProtocolClient (GrpcClientProtocolClient.java:onNext(255)) - client-9DC82E534C87->980d9c0c-33ac-4a22-b481-33b8b1eac469: receive RaftClientReply:client-9DC82E534C87->980d9c0c-33ac-4a22-b481-33b8b1eac469@group-23022C6A558E, cid=1825, SUCCESS, logIndex=2658, commits[980d9c0c-33ac-4a22-b481-33b8b1eac469:c2659, e00ee311-0ce1-4115-b4c1-69648d9d3094:c2657, bb9367ec-656d-4ade-92be-004a921408cc:c2657]
2019-08-06 03:26:26,118 INFO  client.GrpcClientProtocolClient (GrpcClientProtocolClient.java:onNext(255)) - client-9DC82E534C87->980d9c0c-33ac-4a22-b481-33b8b1eac469: receive RaftClientReply:client-9DC82E534C87->980d9c0c-33ac-4a22-b481-33b8b1eac469@group-23022C6A558E, cid=1826, SUCCESS, logIndex=2659, commits[980d9c0c-33ac-4a22-b481-33b8b1eac469:c2659, e00ee311-0ce1-4115-b4c1-69648d9d3094:c2657, bb9367ec-656d-4ade-92be-004a921408cc:c2657]
 0.00% |█                                                                                                    |  0/1 Time: 0:00:132019-08-06 03:26:26,141 INFO  client.GrpcClientProtocolClient (GrpcClientProtocolClient.java:onNext(255)) - client-9DC82E534C87->980d9c0c-33ac-4a22-b481-33b8b1eac469: receive RaftClientReply:client-9DC82E534C87->980d9c0c-33ac-4a22-b481-33b8b1eac469@group-23022C6A558E, cid=1827, SUCCESS, logIndex=2662, commits[980d9c0c-33ac-4a22-b481-33b8b1eac469:c2663, e00ee311-0ce1-4115-b4c1-69648d9d3094:c2659, bb9367ec-656d-4ade-92be-004a921408cc:c2659]
2019-08-06 03:26:26,141 INFO  client.GrpcClientProtocolClient (GrpcClientProtocolClient.java:onNext(255)) - client-9DC82E534C87->980d9c0c-33ac-4a22-b481-33b8b1eac469: receive RaftClientReply:client-9DC82E534C87->980d9c0c-33ac-4a22-b481-33b8b1eac469@group-23022C6A558E, cid=1828, SUCCESS, logIndex=2663, commits[980d9c0c-33ac-4a22-b481-33b8b1eac469:c2663, e00ee311-0ce1-4115-b4c1-69648d9d3094:c2659, bb9367ec-656d-4ade-92be-004a921408cc:c2659]
2019-08-06 03:26:26,143 INFO  client.GrpcClientProtocolClient (GrpcClientProtocolClient.java:onNext(255)) - client-9DC82E534C87->980d9c0c-33ac-4a22-b481-33b8b1eac469: receive RaftClientReply:client-9DC82E534C87->980d9c0c-33ac-4a22-b481-33b8b1eac469@group-23022C6A558E, cid=1829, SUCCESS, logIndex=0, commits[980d9c0c-33ac-4a22-b481-33b8b1eac469:c2664, e00ee311-0ce1-4115-b4c1-69648d9d3094:c2663, bb9367ec-656d-4ade-92be-004a921408cc:c2663]
2019-08-06 03:26:26,172 INFO  client.GrpcClientProtocolClient (GrpcClientProtocolClient.java:onNext(255)) - client-9DC82E534C87->980d9c0c-33ac-4a22-b481-33b8b1eac469: receive RaftClientReply:client-9DC82E534C87->980d9c0c-33ac-4a22-b481-33b8b1eac469@group-23022C6A558E, cid=1830, SUCCESS, logIndex=2666, commits[980d9c0c-33ac-4a22-b481-33b8b1eac469:c2668, e00ee311-0ce1-4115-b4c1-69648d9d3094:c2665, bb9367ec-656d-4ade-92be-004a921408cc:c2665]
2019-08-06 03:26:26,173 INFO  client.GrpcClientProtocolClient (GrpcClientProtocolClient.java:onNext(255)) - client-9DC82E534C87->980d9c0c-33ac-4a22-b481-33b8b1eac469: receive RaftClientReply:client-9DC82E534C87->980d9c0c-33ac-4a22-b481-33b8b1eac469@group-23022C6A558E, cid=1831, SUCCESS, logIndex=2667, commits[980d9c0c-33ac-4a22-b481-33b8b1eac469:c2669, e00ee311-0ce1-4115-b4c1-69648d9d3094:c2665, bb9367ec-656d-4ade-92be-004a921408cc:c2665]
2019-08-06 03:26:26,174 INFO  client.GrpcClientProtocolClient (GrpcClientProtocolClient.java:onNext(255)) - client-9DC82E534C87->980d9c0c-33ac-4a22-b481-33b8b1eac469: receive RaftClientReply:client-9DC82E534C87->980d9c0c-33ac-4a22-b481-33b8b1eac469@group-23022C6A558E, cid=1832, SUCCESS, logIndex=2668, commits[980d9c0c-33ac-4a22-b481-33b8b1eac469:c2669, e00ee311-0ce1-4115-b4c1-69648d9d3094:c2665, bb9367ec-656d-4ade-92be-004a921408cc:c2665]
2019-08-06 03:26:26,174 INFO  client.GrpcClientProtocolClient (GrpcClientProtocolClient.java:onNext(255)) - client-9DC82E534C87->980d9c0c-33ac-4a22-b481-33b8b1eac469: receive RaftClientReply:client-9DC82E534C87->980d9c0c-33ac-4a22-b481-33b8b1eac469@group-23022C6A558E, cid=1833, SUCCESS, logIndex=2669, commits[980d9c0c-33ac-4a22-b481-33b8b1eac469:c2670, e00ee311-0ce1-4115-b4c1-69648d9d3094:c2666, bb9367ec-656d-4ade-92be-004a921408cc:c2665]
2019-08-06 03:26:26,177 INFO  client.GrpcClientProtocolClient (GrpcClientProtocolClient.java:onNext(255)) - client-9DC82E534C87->980d9c0c-33ac-4a22-b481-33b8b1eac469: receive RaftClientReply:client-9DC82E534C87->980d9c0c-33ac-4a22-b481-33b8b1eac469@group-23022C6A558E, cid=1834, SUCCESS, logIndex=0, commits[980d9c0c-33ac-4a22-b481-33b8b1eac469:c2673, e00ee311-0ce1-4115-b4c1-69648d9d3094:c2669, bb9367ec-656d-4ade-92be-004a921408cc:c2667]
2019-08-06 03:26:26,202 INFO  client.GrpcClientProtocolClient (GrpcClientProtocolClient.java:onNext(255)) - client-9DC82E534C87->980d9c0c-33ac-4a22-b481-33b8b1eac469: receive RaftClientReply:client-9DC82E534C87->980d9c0c-33ac-4a22-b481-33b8b1eac469@group-23022C6A558E, cid=1835, SUCCESS, logIndex=2674, commits[980d9c0c-33ac-4a22-b481-33b8b1eac469:c2675, e00ee311-0ce1-4115-b4c1-69648d9d3094:c2673, bb9367ec-656d-4ade-92be-004a921408cc:c2673]
2019-08-06 03:26:26,203 INFO  client.GrpcClientProtocolClient (GrpcClientProtocolClient.java:onNext(255)) - client-9DC82E534C87->980d9c0c-33ac-4a22-b481-33b8b1eac469: receive RaftClientReply:client-9DC82E534C87->980d9c0c-33ac-4a22-b481-33b8b1eac469@group-23022C6A558E, cid=1836, SUCCESS, logIndex=2675, commits[980d9c0c-33ac-4a22-b481-33b8b1eac469:c2675, e00ee311-0ce1-4115-b4c1-69648d9d3094:c2673, bb9367ec-656d-4ade-92be-004a921408cc:c2673]
2019-08-06 03:26:26,217 INFO  client.GrpcClientProtocolClient (GrpcClientProtocolClient.java:onNext(255)) - client-9DC82E534C87->980d9c0c-33ac-4a22-b481-33b8b1eac469: receive RaftClientReply:client-9DC82E534C87->980d9c0c-33ac-4a22-b481-33b8b1eac469@group-23022C6A558E, cid=1837, SUCCESS, logIndex=2678, commits[980d9c0c-33ac-4a22-b481-33b8b1eac469:c2679, e00ee311-0ce1-4115-b4c1-69648d9d3094:c2675, bb9367ec-656d-4ade-92be-004a921408cc:c2675]
2019-08-06 03:26:26,218 INFO  client.GrpcClientProtocolClient (GrpcClientProtocolClient.java:onNext(255)) - client-9DC82E534C87->980d9c0c-33ac-4a22-b481-33b8b1eac469: receive RaftClientReply:client-9DC82E534C87->980d9c0c-33ac-4a22-b481-33b8b1eac469@group-23022C6A558E, cid=1838, SUCCESS, logIndex=2679, commits[980d9c0c-33ac-4a22-b481-33b8b1eac469:c2679, e00ee311-0ce1-4115-b4c1-69648d9d3094:c2675, bb9367ec-656d-4ade-92be-004a921408cc:c2675]
2019-08-06 03:26:26,242 INFO  client.GrpcClientProtocolClient (GrpcClientProtocolClient.java:onNext(255)) - client-9DC82E534C87->980d9c0c-33ac-4a22-b481-33b8b1eac469: receive RaftClientReply:client-9DC82E534C87->980d9c0c-33ac-4a22-b481-33b8b1eac469@group-23022C6A558E, cid=1839, SUCCESS, logIndex=0, commits[980d9c0c-33ac-4a22-b481-33b8b1eac469:c2681, e00ee311-0ce1-4115-b4c1-69648d9d3094:c2679, bb9367ec-656d-4ade-92be-004a921408cc:c2679]
2019-08-06 03:26:26,269 INFO  client.GrpcClientProtocolClient (GrpcClientProtocolClient.java:onNext(255)) - client-9DC82E534C87->980d9c0c-33ac-4a22-b481-33b8b1eac469: receive RaftClientReply:client-9DC82E534C87->980d9c0c-33ac-4a22-b481-33b8b1eac469@group-23022C6A558E, cid=1840, SUCCESS, logIndex=2682, commits[980d9c0c-33ac-4a22-b481-33b8b1eac469:c2683, e00ee311-0ce1-4115-b4c1-69648d9d3094:c2681, bb9367ec-656d-4ade-92be-004a921408cc:c2681]
2019-08-06 03:26:26,270 INFO  client.GrpcClientProtocolClient (GrpcClientProtocolClient.java:onNext(255)) - client-9DC82E534C87->980d9c0c-33ac-4a22-b481-33b8b1eac469: receive RaftClientReply:client-9DC82E534C87->980d9c0c-33ac-4a22-b481-33b8b1eac469@group-23022C6A558E, cid=1841, SUCCESS, logIndex=2683, commits[980d9c0c-33ac-4a22-b481-33b8b1eac469:c2683, e00ee311-0ce1-4115-b4c1-69648d9d3094:c2681, bb9367ec-656d-4ade-92be-004a921408cc:c2681]
2019-08-06 03:26:26,270 INFO  client.GrpcClientProtocolClient (GrpcClientProtocolClient.java:onNext(255)) - client-9DC82E534C87->980d9c0c-33ac-4a22-b481-33b8b1eac469: receive RaftClientReply:client-9DC82E534C87->980d9c0c-33ac-4a22-b481-33b8b1eac469@group-23022C6A558E, cid=1842, SUCCESS, logIndex=2684, commits[980d9c0c-33ac-4a22-b481-33b8b1eac469:c2685, e00ee311-0ce1-4115-b4c1-69648d9d3094:c2681, bb9367ec-656d-4ade-92be-004a921408cc:c2681]
2019-08-06 03:26:26,271 INFO  client.GrpcClientProtocolClient (GrpcClientProtocolClient.java:onNext(255)) - client-9DC82E534C87->980d9c0c-33ac-4a22-b481-33b8b1eac469: receive RaftClientReply:client-9DC82E534C87->980d9c0c-33ac-4a22-b481-33b8b1eac469@group-23022C6A558E, cid=1843, SUCCESS, logIndex=2685, commits[980d9c0c-33ac-4a22-b481-33b8b1eac469:c2685, e00ee311-0ce1-4115-b4c1-69648d9d3094:c2681, bb9367ec-656d-4ade-92be-004a921408cc:c2681]
2019-08-06 03:26:26,283 INFO  client.GrpcClientProtocolClient (GrpcClientProtocolClient.java:onNext(255)) - client-9DC82E534C87->980d9c0c-33ac-4a22-b481-33b8b1eac469: receive RaftClientReply:client-9DC82E534C87->980d9c0c-33ac-4a22-b481-33b8b1eac469@group-23022C6A558E, cid=1844, SUCCESS, logIndex=0, commits[980d9c0c-33ac-4a22-b481-33b8b1eac469:c2687, e00ee311-0ce1-4115-b4c1-69648d9d3094:c2683, bb9367ec-656d-4ade-92be-004a921408cc:c2683]
2019-08-06 03:26:26,302 INFO  client.GrpcClientProtocolClient (GrpcClientProtocolClient.java:onNext(255)) - client-9DC82E534C87->980d9c0c-33ac-4a22-b481-33b8b1eac469: receive RaftClientReply:client-9DC82E534C87->980d9c0c-33ac-4a22-b481-33b8b1eac469@group-23022C6A558E, cid=1845, SUCCESS, logIndex=2690, commits[980d9c0c-33ac-4a22-b481-33b8b1eac469:c2690, e00ee311-0ce1-4115-b4c1-69648d9d3094:c2689, bb9367ec-656d-4ade-92be-004a921408cc:c2689]
2019-08-06 03:26:26,303 INFO  client.GrpcClientProtocolClient (GrpcClientProtocolClient.java:onNext(255)) - client-9DC82E534C87->980d9c0c-33ac-4a22-b481-33b8b1eac469: receive RaftClientReply:client-9DC82E534C87->980d9c0c-33ac-4a22-b481-33b8b1eac469@group-23022C6A558E, cid=1846, SUCCESS, logIndex=2691, commits[980d9c0c-33ac-4a22-b481-33b8b1eac469:c2691, e00ee311-0ce1-4115-b4c1-69648d9d3094:c2689, bb9367ec-656d-4ade-92be-004a921408cc:c2689]
2019-08-06 03:26:26,317 INFO  client.GrpcClientProtocolClient (GrpcClientProtocolClient.java:onNext(255)) - client-9DC82E534C87->980d9c0c-33ac-4a22-b481-33b8b1eac469: receive RaftClientReply:client-9DC82E534C87->980d9c0c-33ac-4a22-b481-33b8b1eac469@group-23022C6A558E, cid=1847, SUCCESS, logIndex=2694, commits[980d9c0c-33ac-4a22-b481-33b8b1eac469:c2695, e00ee311-0ce1-4115-b4c1-69648d9d3094:c2691, bb9367ec-656d-4ade-92be-004a921408cc:c2691]
2019-08-06 03:26:26,317 INFO  client.GrpcClientProtocolClient (GrpcClientProtocolClient.java:onNext(255)) - client-9DC82E534C87->980d9c0c-33ac-4a22-b481-33b8b1eac469: receive RaftClientReply:client-9DC82E534C87->980d9c0c-33ac-4a22-b481-33b8b1eac469@group-23022C6A558E, cid=1848, SUCCESS, logIndex=2695, commits[980d9c0c-33ac-4a22-b481-33b8b1eac469:c2695, e00ee311-0ce1-4115-b4c1-69648d9d3094:c2691, bb9367ec-656d-4ade-92be-004a921408cc:c2691]
2019-08-06 03:26:26,331 INFO  client.GrpcClientProtocolClient (GrpcClientProtocolClient.java:onNext(255)) - client-9DC82E534C87->980d9c0c-33ac-4a22-b481-33b8b1eac469: receive RaftClientReply:client-9DC82E534C87->980d9c0c-33ac-4a22-b481-33b8b1eac469@group-23022C6A558E, cid=1849, SUCCESS, logIndex=0, commits[980d9c0c-33ac-4a22-b481-33b8b1eac469:c2697, e00ee311-0ce1-4115-b4c1-69648d9d3094:c2695, bb9367ec-656d-4ade-92be-004a921408cc:c2695]
2019-08-06 03:26:26,359 INFO  client.GrpcClientProtocolClient (GrpcClientProtocolClient.java:onNext(255)) - client-9DC82E534C87->980d9c0c-33ac-4a22-b481-33b8b1eac469: receive RaftClientReply:client-9DC82E534C87->980d9c0c-33ac-4a22-b481-33b8b1eac469@group-23022C6A558E, cid=1850, SUCCESS, logIndex=2698, commits[980d9c0c-33ac-4a22-b481-33b8b1eac469:c2699, e00ee311-0ce1-4115-b4c1-69648d9d3094:c2697, bb9367ec-656d-4ade-92be-004a921408cc:c2697]
2019-08-06 03:26:26,360 INFO  client.GrpcClientProtocolClient (GrpcClientProtocolClient.java:onNext(255)) - client-9DC82E534C87->980d9c0c-33ac-4a22-b481-33b8b1eac469: receive RaftClientReply:client-9DC82E534C87->980d9c0c-33ac-4a22-b481-33b8b1eac469@group-23022C6A558E, cid=1851, SUCCESS, logIndex=2699, commits[980d9c0c-33ac-4a22-b481-33b8b1eac469:c2701, e00ee311-0ce1-4115-b4c1-69648d9d3094:c2697, bb9367ec-656d-4ade-92be-004a921408cc:c2697]
2019-08-06 03:26:26,360 INFO  client.GrpcClientProtocolClient (GrpcClientProtocolClient.java:onNext(255)) - client-9DC82E534C87->980d9c0c-33ac-4a22-b481-33b8b1eac469: receive RaftClientReply:client-9DC82E534C87->980d9c0c-33ac-4a22-b481-33b8b1eac469@group-23022C6A558E, cid=1852, SUCCESS, logIndex=2700, commits[980d9c0c-33ac-4a22-b481-33b8b1eac469:c2701, e00ee311-0ce1-4115-b4c1-69648d9d3094:c2697, bb9367ec-656d-4ade-92be-004a921408cc:c2697]
2019-08-06 03:26:26,361 INFO  client.GrpcClientProtocolClient (GrpcClientProtocolClient.java:onNext(255)) - client-9DC82E534C87->980d9c0c-33ac-4a22-b481-33b8b1eac469: receive RaftClientReply:client-9DC82E534C87->980d9c0c-33ac-4a22-b481-33b8b1eac469@group-23022C6A558E, cid=1853, SUCCESS, logIndex=2701, commits[980d9c0c-33ac-4a22-b481-33b8b1eac469:c2701, e00ee311-0ce1-4115-b4c1-69648d9d3094:c2698, bb9367ec-656d-4ade-92be-004a921408cc:c2697]
2019-08-06 03:26:26,374 INFO  client.GrpcClientProtocolClient (GrpcClientProtocolClient.java:onNext(255)) - client-9DC82E534C87->980d9c0c-33ac-4a22-b481-33b8b1eac469: receive RaftClientReply:client-9DC82E534C87->980d9c0c-33ac-4a22-b481-33b8b1eac469@group-23022C6A558E, cid=1854, SUCCESS, logIndex=0, commits[980d9c0c-33ac-4a22-b481-33b8b1eac469:c2703, e00ee311-0ce1-4115-b4c1-69648d9d3094:c2699, bb9367ec-656d-4ade-92be-004a921408cc:c2699]
2019-08-06 03:26:26,394 INFO  client.GrpcClientProtocolClient (GrpcClientProtocolClient.java:onNext(255)) - client-9DC82E534C87->980d9c0c-33ac-4a22-b481-33b8b1eac469: receive RaftClientReply:client-9DC82E534C87->980d9c0c-33ac-4a22-b481-33b8b1eac469@group-23022C6A558E, cid=1855, SUCCESS, logIndex=2706, commits[980d9c0c-33ac-4a22-b481-33b8b1eac469:c2707, e00ee311-0ce1-4115-b4c1-69648d9d3094:c2705, bb9367ec-656d-4ade-92be-004a921408cc:c2705]
2019-08-06 03:26:26,394 INFO  client.GrpcClientProtocolClient (GrpcClientProtocolClient.java:onNext(255)) - client-9DC82E534C87->980d9c0c-33ac-4a22-b481-33b8b1eac469: receive RaftClientReply:client-9DC82E534C87->980d9c0c-33ac-4a22-b481-33b8b1eac469@group-23022C6A558E, cid=1856, SUCCESS, logIndex=2707, commits[980d9c0c-33ac-4a22-b481-33b8b1eac469:c2707, e00ee311-0ce1-4115-b4c1-69648d9d3094:c2705, bb9367ec-656d-4ade-92be-004a921408cc:c2705]
2019-08-06 03:26:26,421 INFO  client.GrpcClientProtocolClient (GrpcClientProtocolClient.java:onNext(255)) - client-9DC82E534C87->980d9c0c-33ac-4a22-b481-33b8b1eac469: receive RaftClientReply:client-9DC82E534C87->980d9c0c-33ac-4a22-b481-33b8b1eac469@group-23022C6A558E, cid=1857, SUCCESS, logIndex=2710, commits[980d9c0c-33ac-4a22-b481-33b8b1eac469:c2711, e00ee311-0ce1-4115-b4c1-69648d9d3094:c2707, bb9367ec-656d-4ade-92be-004a921408cc:c2707]
2019-08-06 03:26:26,421 INFO  client.GrpcClientProtocolClient (GrpcClientProtocolClient.java:onNext(255)) - client-9DC82E534C87->980d9c0c-33ac-4a22-b481-33b8b1eac469: receive RaftClientReply:client-9DC82E534C87->980d9c0c-33ac-4a22-b481-33b8b1eac469@group-23022C6A558E, cid=1858, SUCCESS, logIndex=2711, commits[980d9c0c-33ac-4a22-b481-33b8b1eac469:c2711, e00ee311-0ce1-4115-b4c1-69648d9d3094:c2707, bb9367ec-656d-4ade-92be-004a921408cc:c2707]
2019-08-06 03:26:26,442 INFO  client.GrpcClientProtocolClient (GrpcClientProtocolClient.java:onNext(255)) - client-9DC82E534C87->980d9c0c-33ac-4a22-b481-33b8b1eac469: receive RaftClientReply:client-9DC82E534C87->980d9c0c-33ac-4a22-b481-33b8b1eac469@group-23022C6A558E, cid=1859, SUCCESS, logIndex=0, commits[980d9c0c-33ac-4a22-b481-33b8b1eac469:c2713, e00ee311-0ce1-4115-b4c1-69648d9d3094:c2711, bb9367ec-656d-4ade-92be-004a921408cc:c2711]
2019-08-06 03:26:26,476 INFO  client.GrpcClientProtocolClient (GrpcClientProtocolClient.java:onNext(255)) - client-9DC82E534C87->980d9c0c-33ac-4a22-b481-33b8b1eac469: receive RaftClientReply:client-9DC82E534C87->980d9c0c-33ac-4a22-b481-33b8b1eac469@group-23022C6A558E, cid=1860, SUCCESS, logIndex=2714, commits[980d9c0c-33ac-4a22-b481-33b8b1eac469:c2715, e00ee311-0ce1-4115-b4c1-69648d9d3094:c2713, bb9367ec-656d-4ade-92be-004a921408cc:c2713]
2019-08-06 03:26:26,476 INFO  client.GrpcClientProtocolClient (GrpcClientProtocolClient.java:onNext(255)) - client-9DC82E534C87->980d9c0c-33ac-4a22-b481-33b8b1eac469: receive RaftClientReply:client-9DC82E534C87->980d9c0c-33ac-4a22-b481-33b8b1eac469@group-23022C6A558E, cid=1861, SUCCESS, logIndex=2715, commits[980d9c0c-33ac-4a22-b481-33b8b1eac469:c2715, e00ee311-0ce1-4115-b4c1-69648d9d3094:c2713, bb9367ec-656d-4ade-92be-004a921408cc:c2713]
2019-08-06 03:26:26,477 INFO  client.GrpcClientProtocolClient (GrpcClientProtocolClient.java:onNext(255)) - client-9DC82E534C87->980d9c0c-33ac-4a22-b481-33b8b1eac469: receive RaftClientReply:client-9DC82E534C87->980d9c0c-33ac-4a22-b481-33b8b1eac469@group-23022C6A558E, cid=1862, SUCCESS, logIndex=2716, commits[980d9c0c-33ac-4a22-b481-33b8b1eac469:c2717, e00ee311-0ce1-4115-b4c1-69648d9d3094:c2713, bb9367ec-656d-4ade-92be-004a921408cc:c2713]
2019-08-06 03:26:26,477 INFO  client.GrpcClientProtocolClient (GrpcClientProtocolClient.java:onNext(255)) - client-9DC82E534C87->980d9c0c-33ac-4a22-b481-33b8b1eac469: receive RaftClientReply:client-9DC82E534C87->980d9c0c-33ac-4a22-b481-33b8b1eac469@group-23022C6A558E, cid=1863, SUCCESS, logIndex=2717, commits[980d9c0c-33ac-4a22-b481-33b8b1eac469:c2717, e00ee311-0ce1-4115-b4c1-69648d9d3094:c2713, bb9367ec-656d-4ade-92be-004a921408cc:c2713]
2019-08-06 03:26:26,478 INFO  client.GrpcClientProtocolClient (GrpcClientProtocolClient.java:onNext(255)) - client-9DC82E534C87->980d9c0c-33ac-4a22-b481-33b8b1eac469: receive RaftClientReply:client-9DC82E534C87->980d9c0c-33ac-4a22-b481-33b8b1eac469@group-23022C6A558E, cid=1864, SUCCESS, logIndex=0, commits[980d9c0c-33ac-4a22-b481-33b8b1eac469:c2719, e00ee311-0ce1-4115-b4c1-69648d9d3094:c2715, bb9367ec-656d-4ade-92be-004a921408cc:c2715]
2019-08-06 03:26:26,491 INFO  client.GrpcClientProtocolClient (GrpcClientProtocolClient.java:onNext(255)) - client-9DC82E534C87->980d9c0c-33ac-4a22-b481-33b8b1eac469: receive RaftClientReply:client-9DC82E534C87->980d9c0c-33ac-4a22-b481-33b8b1eac469@group-23022C6A558E, cid=1865, SUCCESS, logIndex=2722, commits[980d9c0c-33ac-4a22-b481-33b8b1eac469:c2723, e00ee311-0ce1-4115-b4c1-69648d9d3094:c2721, bb9367ec-656d-4ade-92be-004a921408cc:c2717]
2019-08-06 03:26:26,491 INFO  client.GrpcClientProtocolClient (GrpcClientProtocolClient.java:onNext(255)) - client-9DC82E534C87->980d9c0c-33ac-4a22-b481-33b8b1eac469: receive RaftClientReply:client-9DC82E534C87->980d9c0c-33ac-4a22-b481-33b8b1eac469@group-23022C6A558E, cid=1866, SUCCESS, logIndex=2723, commits[980d9c0c-33ac-4a22-b481-33b8b1eac469:c2723, e00ee311-0ce1-4115-b4c1-69648d9d3094:c2721, bb9367ec-656d-4ade-92be-004a921408cc:c2717]
2019-08-06 03:26:26,507 INFO  client.GrpcClientProtocolClient (GrpcClientProtocolClient.java:onNext(255)) - client-9DC82E534C87->980d9c0c-33ac-4a22-b481-33b8b1eac469: receive RaftClientReply:client-9DC82E534C87->980d9c0c-33ac-4a22-b481-33b8b1eac469@group-23022C6A558E, cid=1867, SUCCESS, logIndex=2726, commits[980d9c0c-33ac-4a22-b481-33b8b1eac469:c2727, e00ee311-0ce1-4115-b4c1-69648d9d3094:c2723, bb9367ec-656d-4ade-92be-004a921408cc:c2724]
2019-08-06 03:26:26,508 INFO  client.GrpcClientProtocolClient (GrpcClientProtocolClient.java:onNext(255)) - client-9DC82E534C87->980d9c0c-33ac-4a22-b481-33b8b1eac469: receive RaftClientReply:client-9DC82E534C87->980d9c0c-33ac-4a22-b481-33b8b1eac469@group-23022C6A558E, cid=1868, SUCCESS, logIndex=2727, commits[980d9c0c-33ac-4a22-b481-33b8b1eac469:c2727, e00ee311-0ce1-4115-b4c1-69648d9d3094:c2723, bb9367ec-656d-4ade-92be-004a921408cc:c2724]
2019-08-06 03:26:26,521 INFO  client.GrpcClientProtocolClient (GrpcClientProtocolClient.java:onNext(255)) - client-9DC82E534C87->980d9c0c-33ac-4a22-b481-33b8b1eac469: receive RaftClientReply:client-9DC82E534C87->980d9c0c-33ac-4a22-b481-33b8b1eac469@group-23022C6A558E, cid=1869, SUCCESS, logIndex=0, commits[980d9c0c-33ac-4a22-b481-33b8b1eac469:c2728, e00ee311-0ce1-4115-b4c1-69648d9d3094:c2727, bb9367ec-656d-4ade-92be-004a921408cc:c2727]
2019-08-06 03:26:26,549 INFO  client.GrpcClientProtocolClient (GrpcClientProtocolClient.java:onNext(255)) - client-9DC82E534C87->980d9c0c-33ac-4a22-b481-33b8b1eac469: receive RaftClientReply:client-9DC82E534C87->980d9c0c-33ac-4a22-b481-33b8b1eac469@group-23022C6A558E, cid=1870, SUCCESS, logIndex=2729, commits[980d9c0c-33ac-4a22-b481-33b8b1eac469:c2730, e00ee311-0ce1-4115-b4c1-69648d9d3094:c2728, bb9367ec-656d-4ade-92be-004a921408cc:c2728]
2019-08-06 03:26:26,550 INFO  client.GrpcClientProtocolClient (GrpcClientProtocolClient.java:onNext(255)) - client-9DC82E534C87->980d9c0c-33ac-4a22-b481-33b8b1eac469: receive RaftClientReply:client-9DC82E534C87->980d9c0c-33ac-4a22-b481-33b8b1eac469@group-23022C6A558E, cid=1871, SUCCESS, logIndex=2730, commits[980d9c0c-33ac-4a22-b481-33b8b1eac469:c2731, e00ee311-0ce1-4115-b4c1-69648d9d3094:c2728, bb9367ec-656d-4ade-92be-004a921408cc:c2728]
2019-08-06 03:26:26,550 INFO  client.GrpcClientProtocolClient (GrpcClientProtocolClient.java:onNext(255)) - client-9DC82E534C87->980d9c0c-33ac-4a22-b481-33b8b1eac469: receive RaftClientReply:client-9DC82E534C87->980d9c0c-33ac-4a22-b481-33b8b1eac469@group-23022C6A558E, cid=1872, SUCCESS, logIndex=2731, commits[980d9c0c-33ac-4a22-b481-33b8b1eac469:c2732, e00ee311-0ce1-4115-b4c1-69648d9d3094:c2728, bb9367ec-656d-4ade-92be-004a921408cc:c2728]
2019-08-06 03:26:26,550 INFO  client.GrpcClientProtocolClient (GrpcClientProtocolClient.java:onNext(255)) - client-9DC82E534C87->980d9c0c-33ac-4a22-b481-33b8b1eac469: receive RaftClientReply:client-9DC82E534C87->980d9c0c-33ac-4a22-b481-33b8b1eac469@group-23022C6A558E, cid=1873, SUCCESS, logIndex=2732, commits[980d9c0c-33ac-4a22-b481-33b8b1eac469:c2732, e00ee311-0ce1-4115-b4c1-69648d9d3094:c2728, bb9367ec-656d-4ade-92be-004a921408cc:c2728]
2019-08-06 03:26:26,565 INFO  client.GrpcClientProtocolClient (GrpcClientProtocolClient.java:onNext(255)) - client-9DC82E534C87->980d9c0c-33ac-4a22-b481-33b8b1eac469: receive RaftClientReply:client-9DC82E534C87->980d9c0c-33ac-4a22-b481-33b8b1eac469@group-23022C6A558E, cid=1874, SUCCESS, logIndex=0, commits[980d9c0c-33ac-4a22-b481-33b8b1eac469:c2734, e00ee311-0ce1-4115-b4c1-69648d9d3094:c2730, bb9367ec-656d-4ade-92be-004a921408cc:c2730]
2019-08-06 03:26:26,578 INFO  client.GrpcClientProtocolClient (GrpcClientProtocolClient.java:onNext(255)) - client-9DC82E534C87->980d9c0c-33ac-4a22-b481-33b8b1eac469: receive RaftClientReply:client-9DC82E534C87->980d9c0c-33ac-4a22-b481-33b8b1eac469@group-23022C6A558E, cid=1875, SUCCESS, logIndex=2737, commits[980d9c0c-33ac-4a22-b481-33b8b1eac469:c2738, e00ee311-0ce1-4115-b4c1-69648d9d3094:c2732, bb9367ec-656d-4ade-92be-004a921408cc:c2736]
2019-08-06 03:26:26,578 INFO  client.GrpcClientProtocolClient (GrpcClientProtocolClient.java:onNext(255)) - client-9DC82E534C87->980d9c0c-33ac-4a22-b481-33b8b1eac469: receive RaftClientReply:client-9DC82E534C87->980d9c0c-33ac-4a22-b481-33b8b1eac469@group-23022C6A558E, cid=1876, SUCCESS, logIndex=2738, commits[980d9c0c-33ac-4a22-b481-33b8b1eac469:c2738, e00ee311-0ce1-4115-b4c1-69648d9d3094:c2732, bb9367ec-656d-4ade-92be-004a921408cc:c2736]
2019-08-06 03:26:26,603 INFO  client.GrpcClientProtocolClient (GrpcClientProtocolClient.java:onNext(255)) - client-9DC82E534C87->980d9c0c-33ac-4a22-b481-33b8b1eac469: receive RaftClientReply:client-9DC82E534C87->980d9c0c-33ac-4a22-b481-33b8b1eac469@group-23022C6A558E, cid=1877, SUCCESS, logIndex=2741, commits[980d9c0c-33ac-4a22-b481-33b8b1eac469:c2742, e00ee311-0ce1-4115-b4c1-69648d9d3094:c2738, bb9367ec-656d-4ade-92be-004a921408cc:c2738]
2019-08-06 03:26:26,603 INFO  client.GrpcClientProtocolClient (GrpcClientProtocolClient.java:onNext(255)) - client-9DC82E534C87->980d9c0c-33ac-4a22-b481-33b8b1eac469: receive RaftClientReply:client-9DC82E534C87->980d9c0c-33ac-4a22-b481-33b8b1eac469@group-23022C6A558E, cid=1878, SUCCESS, logIndex=2742, commits[980d9c0c-33ac-4a22-b481-33b8b1eac469:c2742, e00ee311-0ce1-4115-b4c1-69648d9d3094:c2738, bb9367ec-656d-4ade-92be-004a921408cc:c2738]
2019-08-06 03:26:26,616 INFO  client.GrpcClientProtocolClient (GrpcClientProtocolClient.java:onNext(255)) - client-9DC82E534C87->980d9c0c-33ac-4a22-b481-33b8b1eac469: receive RaftClientReply:client-9DC82E534C87->980d9c0c-33ac-4a22-b481-33b8b1eac469@group-23022C6A558E, cid=1879, SUCCESS, logIndex=0, commits[980d9c0c-33ac-4a22-b481-33b8b1eac469:c2742, e00ee311-0ce1-4115-b4c1-69648d9d3094:c2742, bb9367ec-656d-4ade-92be-004a921408cc:c2742]
2019-08-06 03:26:26,646 INFO  client.GrpcClientProtocolClient (GrpcClientProtocolClient.java:onNext(255)) - client-9DC82E534C87->980d9c0c-33ac-4a22-b481-33b8b1eac469: receive RaftClientReply:client-9DC82E534C87->980d9c0c-33ac-4a22-b481-33b8b1eac469@group-23022C6A558E, cid=1880, SUCCESS, logIndex=2744, commits[980d9c0c-33ac-4a22-b481-33b8b1eac469:c2745, e00ee311-0ce1-4115-b4c1-69648d9d3094:c2743, bb9367ec-656d-4ade-92be-004a921408cc:c2743]
2019-08-06 03:26:26,647 INFO  client.GrpcClientProtocolClient (GrpcClientProtocolClient.java:onNext(255)) - client-9DC82E534C87->980d9c0c-33ac-4a22-b481-33b8b1eac469: receive RaftClientReply:client-9DC82E534C87->980d9c0c-33ac-4a22-b481-33b8b1eac469@group-23022C6A558E, cid=1881, SUCCESS, logIndex=2745, commits[980d9c0c-33ac-4a22-b481-33b8b1eac469:c2745, e00ee311-0ce1-4115-b4c1-69648d9d3094:c2743, bb9367ec-656d-4ade-92be-004a921408cc:c2743]
2019-08-06 03:26:26,647 INFO  client.GrpcClientProtocolClient (GrpcClientProtocolClient.java:onNext(255)) - client-9DC82E534C87->980d9c0c-33ac-4a22-b481-33b8b1eac469: receive RaftClientReply:client-9DC82E534C87->980d9c0c-33ac-4a22-b481-33b8b1eac469@group-23022C6A558E, cid=1882, SUCCESS, logIndex=2746, commits[980d9c0c-33ac-4a22-b481-33b8b1eac469:c2747, e00ee311-0ce1-4115-b4c1-69648d9d3094:c2743, bb9367ec-656d-4ade-92be-004a921408cc:c2743]
2019-08-06 03:26:26,648 INFO  client.GrpcClientProtocolClient (GrpcClientProtocolClient.java:onNext(255)) - client-9DC82E534C87->980d9c0c-33ac-4a22-b481-33b8b1eac469: receive RaftClientReply:client-9DC82E534C87->980d9c0c-33ac-4a22-b481-33b8b1eac469@group-23022C6A558E, cid=1883, SUCCESS, logIndex=2747, commits[980d9c0c-33ac-4a22-b481-33b8b1eac469:c2747, e00ee311-0ce1-4115-b4c1-69648d9d3094:c2743, bb9367ec-656d-4ade-92be-004a921408cc:c2743]
2019-08-06 03:26:26,662 INFO  client.GrpcClientProtocolClient (GrpcClientProtocolClient.java:onNext(255)) - client-9DC82E534C87->980d9c0c-33ac-4a22-b481-33b8b1eac469: receive RaftClientReply:client-9DC82E534C87->980d9c0c-33ac-4a22-b481-33b8b1eac469@group-23022C6A558E, cid=1884, SUCCESS, logIndex=0, commits[980d9c0c-33ac-4a22-b481-33b8b1eac469:c2749, e00ee311-0ce1-4115-b4c1-69648d9d3094:c2745, bb9367ec-656d-4ade-92be-004a921408cc:c2745]
2019-08-06 03:26:26,676 INFO  client.GrpcClientProtocolClient (GrpcClientProtocolClient.java:onNext(255)) - client-9DC82E534C87->980d9c0c-33ac-4a22-b481-33b8b1eac469: receive RaftClientReply:client-9DC82E534C87->980d9c0c-33ac-4a22-b481-33b8b1eac469@group-23022C6A558E, cid=1885, SUCCESS, logIndex=2752, commits[980d9c0c-33ac-4a22-b481-33b8b1eac469:c2753, e00ee311-0ce1-4115-b4c1-69648d9d3094:c2751, bb9367ec-656d-4ade-92be-004a921408cc:c2751]
2019-08-06 03:26:26,677 INFO  client.GrpcClientProtocolClient (GrpcClientProtocolClient.java:onNext(255)) - client-9DC82E534C87->980d9c0c-33ac-4a22-b481-33b8b1eac469: receive RaftClientReply:client-9DC82E534C87->980d9c0c-33ac-4a22-b481-33b8b1eac469@group-23022C6A558E, cid=1886, SUCCESS, logIndex=2753, commits[980d9c0c-33ac-4a22-b481-33b8b1eac469:c2753, e00ee311-0ce1-4115-b4c1-69648d9d3094:c2751, bb9367ec-656d-4ade-92be-004a921408cc:c2751]
 0.00% |█                                                                                                    |  0/1 Time: 0:00:142019-08-06 03:26:27,231 INFO  client.GrpcClientProtocolClient (GrpcClientProtocolClient.java:onNext(255)) - client-9DC82E534C87->980d9c0c-33ac-4a22-b481-33b8b1eac469: receive RaftClientReply:client-9DC82E534C87->980d9c0c-33ac-4a22-b481-33b8b1eac469@group-23022C6A558E, cid=1887, SUCCESS, logIndex=2756, commits[980d9c0c-33ac-4a22-b481-33b8b1eac469:c2757, e00ee311-0ce1-4115-b4c1-69648d9d3094:c2755, bb9367ec-656d-4ade-92be-004a921408cc:c2755]
2019-08-06 03:26:27,232 INFO  client.GrpcClientProtocolClient (GrpcClientProtocolClient.java:onNext(255)) - client-9DC82E534C87->980d9c0c-33ac-4a22-b481-33b8b1eac469: receive RaftClientReply:client-9DC82E534C87->980d9c0c-33ac-4a22-b481-33b8b1eac469@group-23022C6A558E, cid=1888, SUCCESS, logIndex=2757, commits[980d9c0c-33ac-4a22-b481-33b8b1eac469:c2757, e00ee311-0ce1-4115-b4c1-69648d9d3094:c2755, bb9367ec-656d-4ade-92be-004a921408cc:c2755]
2019-08-06 03:26:27,245 INFO  client.GrpcClientProtocolClient (GrpcClientProtocolClient.java:onNext(255)) - client-9DC82E534C87->980d9c0c-33ac-4a22-b481-33b8b1eac469: receive RaftClientReply:client-9DC82E534C87->980d9c0c-33ac-4a22-b481-33b8b1eac469@group-23022C6A558E, cid=1889, SUCCESS, logIndex=0, commits[980d9c0c-33ac-4a22-b481-33b8b1eac469:c2759, e00ee311-0ce1-4115-b4c1-69648d9d3094:c2757, bb9367ec-656d-4ade-92be-004a921408cc:c2757]
2019-08-06 03:26:27,277 INFO  client.GrpcClientProtocolClient (GrpcClientProtocolClient.java:onNext(255)) - client-9DC82E534C87->980d9c0c-33ac-4a22-b481-33b8b1eac469: receive RaftClientReply:client-9DC82E534C87->980d9c0c-33ac-4a22-b481-33b8b1eac469@group-23022C6A558E, cid=1890, SUCCESS, logIndex=2760, commits[980d9c0c-33ac-4a22-b481-33b8b1eac469:c2761, e00ee311-0ce1-4115-b4c1-69648d9d3094:c2759, bb9367ec-656d-4ade-92be-004a921408cc:c2759]
2019-08-06 03:26:27,277 INFO  client.GrpcClientProtocolClient (GrpcClientProtocolClient.java:onNext(255)) - client-9DC82E534C87->980d9c0c-33ac-4a22-b481-33b8b1eac469: receive RaftClientReply:client-9DC82E534C87->980d9c0c-33ac-4a22-b481-33b8b1eac469@group-23022C6A558E, cid=1891, SUCCESS, logIndex=2761, commits[980d9c0c-33ac-4a22-b481-33b8b1eac469:c2762, e00ee311-0ce1-4115-b4c1-69648d9d3094:c2759, bb9367ec-656d-4ade-92be-004a921408cc:c2759]
2019-08-06 03:26:27,278 INFO  client.GrpcClientProtocolClient (GrpcClientProtocolClient.java:onNext(255)) - client-9DC82E534C87->980d9c0c-33ac-4a22-b481-33b8b1eac469: receive RaftClientReply:client-9DC82E534C87->980d9c0c-33ac-4a22-b481-33b8b1eac469@group-23022C6A558E, cid=1892, SUCCESS, logIndex=2762, commits[980d9c0c-33ac-4a22-b481-33b8b1eac469:c2763, e00ee311-0ce1-4115-b4c1-69648d9d3094:c2759, bb9367ec-656d-4ade-92be-004a921408cc:c2759]
2019-08-06 03:26:27,278 INFO  client.GrpcClientProtocolClient (GrpcClientProtocolClient.java:onNext(255)) - client-9DC82E534C87->980d9c0c-33ac-4a22-b481-33b8b1eac469: receive RaftClientReply:client-9DC82E534C87->980d9c0c-33ac-4a22-b481-33b8b1eac469@group-23022C6A558E, cid=1893, SUCCESS, logIndex=2763, commits[980d9c0c-33ac-4a22-b481-33b8b1eac469:c2763, e00ee311-0ce1-4115-b4c1-69648d9d3094:c2759, bb9367ec-656d-4ade-92be-004a921408cc:c2759]
2019-08-06 03:26:27,291 INFO  client.GrpcClientProtocolClient (GrpcClientProtocolClient.java:onNext(255)) - client-9DC82E534C87->980d9c0c-33ac-4a22-b481-33b8b1eac469: receive RaftClientReply:client-9DC82E534C87->980d9c0c-33ac-4a22-b481-33b8b1eac469@group-23022C6A558E, cid=1894, SUCCESS, logIndex=0, commits[980d9c0c-33ac-4a22-b481-33b8b1eac469:c2765, e00ee311-0ce1-4115-b4c1-69648d9d3094:c2761, bb9367ec-656d-4ade-92be-004a921408cc:c2761]
2019-08-06 03:26:27,312 INFO  client.GrpcClientProtocolClient (GrpcClientProtocolClient.java:onNext(255)) - client-9DC82E534C87->980d9c0c-33ac-4a22-b481-33b8b1eac469: receive RaftClientReply:client-9DC82E534C87->980d9c0c-33ac-4a22-b481-33b8b1eac469@group-23022C6A558E, cid=1895, SUCCESS, logIndex=2768, commits[980d9c0c-33ac-4a22-b481-33b8b1eac469:c2769, e00ee311-0ce1-4115-b4c1-69648d9d3094:c2767, bb9367ec-656d-4ade-92be-004a921408cc:c2767]
2019-08-06 03:26:27,312 INFO  client.GrpcClientProtocolClient (GrpcClientProtocolClient.java:onNext(255)) - client-9DC82E534C87->980d9c0c-33ac-4a22-b481-33b8b1eac469: receive RaftClientReply:client-9DC82E534C87->980d9c0c-33ac-4a22-b481-33b8b1eac469@group-23022C6A558E, cid=1896, SUCCESS, logIndex=2769, commits[980d9c0c-33ac-4a22-b481-33b8b1eac469:c2769, e00ee311-0ce1-4115-b4c1-69648d9d3094:c2767, bb9367ec-656d-4ade-92be-004a921408cc:c2767]
2019-08-06 03:26:27,338 INFO  client.GrpcClientProtocolClient (GrpcClientProtocolClient.java:onNext(255)) - client-9DC82E534C87->980d9c0c-33ac-4a22-b481-33b8b1eac469: receive RaftClientReply:client-9DC82E534C87->980d9c0c-33ac-4a22-b481-33b8b1eac469@group-23022C6A558E, cid=1897, SUCCESS, logIndex=2772, commits[980d9c0c-33ac-4a22-b481-33b8b1eac469:c2773, e00ee311-0ce1-4115-b4c1-69648d9d3094:c2769, bb9367ec-656d-4ade-92be-004a921408cc:c2769]
2019-08-06 03:26:27,338 INFO  client.GrpcClientProtocolClient (GrpcClientProtocolClient.java:onNext(255)) - client-9DC82E534C87->980d9c0c-33ac-4a22-b481-33b8b1eac469: receive RaftClientReply:client-9DC82E534C87->980d9c0c-33ac-4a22-b481-33b8b1eac469@group-23022C6A558E, cid=1898, SUCCESS, logIndex=2773, commits[980d9c0c-33ac-4a22-b481-33b8b1eac469:c2773, e00ee311-0ce1-4115-b4c1-69648d9d3094:c2769, bb9367ec-656d-4ade-92be-004a921408cc:c2769]
2019-08-06 03:26:27,351 INFO  client.GrpcClientProtocolClient (GrpcClientProtocolClient.java:onNext(255)) - client-9DC82E534C87->980d9c0c-33ac-4a22-b481-33b8b1eac469: receive RaftClientReply:client-9DC82E534C87->980d9c0c-33ac-4a22-b481-33b8b1eac469@group-23022C6A558E, cid=1899, SUCCESS, logIndex=0, commits[980d9c0c-33ac-4a22-b481-33b8b1eac469:c2775, e00ee311-0ce1-4115-b4c1-69648d9d3094:c2773, bb9367ec-656d-4ade-92be-004a921408cc:c2773]
2019-08-06 03:26:27,379 INFO  client.GrpcClientProtocolClient (GrpcClientProtocolClient.java:onNext(255)) - client-9DC82E534C87->980d9c0c-33ac-4a22-b481-33b8b1eac469: receive RaftClientReply:client-9DC82E534C87->980d9c0c-33ac-4a22-b481-33b8b1eac469@group-23022C6A558E, cid=1900, SUCCESS, logIndex=2776, commits[980d9c0c-33ac-4a22-b481-33b8b1eac469:c2779, e00ee311-0ce1-4115-b4c1-69648d9d3094:c2775, bb9367ec-656d-4ade-92be-004a921408cc:c2773]
2019-08-06 03:26:27,380 INFO  client.GrpcClientProtocolClient (GrpcClientProtocolClient.java:onNext(255)) - client-9DC82E534C87->980d9c0c-33ac-4a22-b481-33b8b1eac469: receive RaftClientReply:client-9DC82E534C87->980d9c0c-33ac-4a22-b481-33b8b1eac469@group-23022C6A558E, cid=1901, SUCCESS, logIndex=2777, commits[980d9c0c-33ac-4a22-b481-33b8b1eac469:c2779, e00ee311-0ce1-4115-b4c1-69648d9d3094:c2775, bb9367ec-656d-4ade-92be-004a921408cc:c2775]
2019-08-06 03:26:27,380 INFO  client.GrpcClientProtocolClient (GrpcClientProtocolClient.java:onNext(255)) - client-9DC82E534C87->980d9c0c-33ac-4a22-b481-33b8b1eac469: receive RaftClientReply:client-9DC82E534C87->980d9c0c-33ac-4a22-b481-33b8b1eac469@group-23022C6A558E, cid=1902, SUCCESS, logIndex=2778, commits[980d9c0c-33ac-4a22-b481-33b8b1eac469:c2779, e00ee311-0ce1-4115-b4c1-69648d9d3094:c2775, bb9367ec-656d-4ade-92be-004a921408cc:c2775]
2019-08-06 03:26:27,380 INFO  client.GrpcClientProtocolClient (GrpcClientProtocolClient.java:onNext(255)) - client-9DC82E534C87->980d9c0c-33ac-4a22-b481-33b8b1eac469: receive RaftClientReply:client-9DC82E534C87->980d9c0c-33ac-4a22-b481-33b8b1eac469@group-23022C6A558E, cid=1903, SUCCESS, logIndex=2779, commits[980d9c0c-33ac-4a22-b481-33b8b1eac469:c2780, e00ee311-0ce1-4115-b4c1-69648d9d3094:c2777, bb9367ec-656d-4ade-92be-004a921408cc:c2775]
2019-08-06 03:26:27,382 INFO  client.GrpcClientProtocolClient (GrpcClientProtocolClient.java:onNext(255)) - client-9DC82E534C87->980d9c0c-33ac-4a22-b481-33b8b1eac469: receive RaftClientReply:client-9DC82E534C87->980d9c0c-33ac-4a22-b481-33b8b1eac469@group-23022C6A558E, cid=1904, SUCCESS, logIndex=0, commits[980d9c0c-33ac-4a22-b481-33b8b1eac469:c2780, e00ee311-0ce1-4115-b4c1-69648d9d3094:c2777, bb9367ec-656d-4ade-92be-004a921408cc:c2777]
2019-08-06 03:26:27,397 INFO  client.GrpcClientProtocolClient (GrpcClientProtocolClient.java:onNext(255)) - client-9DC82E534C87->980d9c0c-33ac-4a22-b481-33b8b1eac469: receive RaftClientReply:client-9DC82E534C87->980d9c0c-33ac-4a22-b481-33b8b1eac469@group-23022C6A558E, cid=1905, SUCCESS, logIndex=2783, commits[980d9c0c-33ac-4a22-b481-33b8b1eac469:c2784, e00ee311-0ce1-4115-b4c1-69648d9d3094:c2780, bb9367ec-656d-4ade-92be-004a921408cc:c2780]
2019-08-06 03:26:27,398 INFO  client.GrpcClientProtocolClient (GrpcClientProtocolClient.java:onNext(255)) - client-9DC82E534C87->980d9c0c-33ac-4a22-b481-33b8b1eac469: receive RaftClientReply:client-9DC82E534C87->980d9c0c-33ac-4a22-b481-33b8b1eac469@group-23022C6A558E, cid=1906, SUCCESS, logIndex=2784, commits[980d9c0c-33ac-4a22-b481-33b8b1eac469:c2784, e00ee311-0ce1-4115-b4c1-69648d9d3094:c2780, bb9367ec-656d-4ade-92be-004a921408cc:c2780]
2019-08-06 03:26:27,424 INFO  client.GrpcClientProtocolClient (GrpcClientProtocolClient.java:onNext(255)) - client-9DC82E534C87->980d9c0c-33ac-4a22-b481-33b8b1eac469: receive RaftClientReply:client-9DC82E534C87->980d9c0c-33ac-4a22-b481-33b8b1eac469@group-23022C6A558E, cid=1907, SUCCESS, logIndex=2787, commits[980d9c0c-33ac-4a22-b481-33b8b1eac469:c2788, e00ee311-0ce1-4115-b4c1-69648d9d3094:c2784, bb9367ec-656d-4ade-92be-004a921408cc:c2784]
2019-08-06 03:26:27,424 INFO  client.GrpcClientProtocolClient (GrpcClientProtocolClient.java:onNext(255)) - client-9DC82E534C87->980d9c0c-33ac-4a22-b481-33b8b1eac469: receive RaftClientReply:client-9DC82E534C87->980d9c0c-33ac-4a22-b481-33b8b1eac469@group-23022C6A558E, cid=1908, SUCCESS, logIndex=2788, commits[980d9c0c-33ac-4a22-b481-33b8b1eac469:c2788, e00ee311-0ce1-4115-b4c1-69648d9d3094:c2784, bb9367ec-656d-4ade-92be-004a921408cc:c2784]
2019-08-06 03:26:27,436 INFO  client.GrpcClientProtocolClient (GrpcClientProtocolClient.java:onNext(255)) - client-9DC82E534C87->980d9c0c-33ac-4a22-b481-33b8b1eac469: receive RaftClientReply:client-9DC82E534C87->980d9c0c-33ac-4a22-b481-33b8b1eac469@group-23022C6A558E, cid=1909, SUCCESS, logIndex=0, commits[980d9c0c-33ac-4a22-b481-33b8b1eac469:c2789, e00ee311-0ce1-4115-b4c1-69648d9d3094:c2788, bb9367ec-656d-4ade-92be-004a921408cc:c2788]
2019-08-06 03:26:27,458 INFO  client.GrpcClientProtocolClient (GrpcClientProtocolClient.java:onNext(255)) - client-9DC82E534C87->980d9c0c-33ac-4a22-b481-33b8b1eac469: receive RaftClientReply:client-9DC82E534C87->980d9c0c-33ac-4a22-b481-33b8b1eac469@group-23022C6A558E, cid=1910, SUCCESS, logIndex=2791, commits[980d9c0c-33ac-4a22-b481-33b8b1eac469:c2792, e00ee311-0ce1-4115-b4c1-69648d9d3094:c2788, bb9367ec-656d-4ade-92be-004a921408cc:c2790]
2019-08-06 03:26:27,459 INFO  client.GrpcClientProtocolClient (GrpcClientProtocolClient.java:onNext(255)) - client-9DC82E534C87->980d9c0c-33ac-4a22-b481-33b8b1eac469: receive RaftClientReply:client-9DC82E534C87->980d9c0c-33ac-4a22-b481-33b8b1eac469@group-23022C6A558E, cid=1911, SUCCESS, logIndex=2792, commits[980d9c0c-33ac-4a22-b481-33b8b1eac469:c2792, e00ee311-0ce1-4115-b4c1-69648d9d3094:c2790, bb9367ec-656d-4ade-92be-004a921408cc:c2790]
2019-08-06 03:26:27,461 INFO  client.GrpcClientProtocolClient (GrpcClientProtocolClient.java:onNext(255)) - client-9DC82E534C87->980d9c0c-33ac-4a22-b481-33b8b1eac469: receive RaftClientReply:client-9DC82E534C87->980d9c0c-33ac-4a22-b481-33b8b1eac469@group-23022C6A558E, cid=1912, SUCCESS, logIndex=2793, commits[980d9c0c-33ac-4a22-b481-33b8b1eac469:c2794, e00ee311-0ce1-4115-b4c1-69648d9d3094:c2790, bb9367ec-656d-4ade-92be-004a921408cc:c2790]
2019-08-06 03:26:27,461 INFO  client.GrpcClientProtocolClient (GrpcClientProtocolClient.java:onNext(255)) - client-9DC82E534C87->980d9c0c-33ac-4a22-b481-33b8b1eac469: receive RaftClientReply:client-9DC82E534C87->980d9c0c-33ac-4a22-b481-33b8b1eac469@group-23022C6A558E, cid=1913, SUCCESS, logIndex=2794, commits[980d9c0c-33ac-4a22-b481-33b8b1eac469:c2796, e00ee311-0ce1-4115-b4c1-69648d9d3094:c2790, bb9367ec-656d-4ade-92be-004a921408cc:c2792]
2019-08-06 03:26:27,462 INFO  client.GrpcClientProtocolClient (GrpcClientProtocolClient.java:onNext(255)) - client-9DC82E534C87->980d9c0c-33ac-4a22-b481-33b8b1eac469: receive RaftClientReply:client-9DC82E534C87->980d9c0c-33ac-4a22-b481-33b8b1eac469@group-23022C6A558E, cid=1914, SUCCESS, logIndex=0, commits[980d9c0c-33ac-4a22-b481-33b8b1eac469:c2797, e00ee311-0ce1-4115-b4c1-69648d9d3094:c2792, bb9367ec-656d-4ade-92be-004a921408cc:c2793]
2019-08-06 03:26:27,475 INFO  client.GrpcClientProtocolClient (GrpcClientProtocolClient.java:onNext(255)) - client-9DC82E534C87->980d9c0c-33ac-4a22-b481-33b8b1eac469: receive RaftClientReply:client-9DC82E534C87->980d9c0c-33ac-4a22-b481-33b8b1eac469@group-23022C6A558E, cid=1915, SUCCESS, logIndex=2799, commits[980d9c0c-33ac-4a22-b481-33b8b1eac469:c2800, e00ee311-0ce1-4115-b4c1-69648d9d3094:c2794, bb9367ec-656d-4ade-92be-004a921408cc:c2798]
2019-08-06 03:26:27,475 INFO  client.GrpcClientProtocolClient (GrpcClientProtocolClient.java:onNext(255)) - client-9DC82E534C87->980d9c0c-33ac-4a22-b481-33b8b1eac469: receive RaftClientReply:client-9DC82E534C87->980d9c0c-33ac-4a22-b481-33b8b1eac469@group-23022C6A558E, cid=1916, SUCCESS, logIndex=2800, commits[980d9c0c-33ac-4a22-b481-33b8b1eac469:c2800, e00ee311-0ce1-4115-b4c1-69648d9d3094:c2798, bb9367ec-656d-4ade-92be-004a921408cc:c2798]
2019-08-06 03:26:27,502 INFO  client.GrpcClientProtocolClient (GrpcClientProtocolClient.java:onNext(255)) - client-9DC82E534C87->980d9c0c-33ac-4a22-b481-33b8b1eac469: receive RaftClientReply:client-9DC82E534C87->980d9c0c-33ac-4a22-b481-33b8b1eac469@group-23022C6A558E, cid=1917, SUCCESS, logIndex=2803, commits[980d9c0c-33ac-4a22-b481-33b8b1eac469:c2804, e00ee311-0ce1-4115-b4c1-69648d9d3094:c2802, bb9367ec-656d-4ade-92be-004a921408cc:c2802]
2019-08-06 03:26:27,503 INFO  client.GrpcClientProtocolClient (GrpcClientProtocolClient.java:onNext(255)) - client-9DC82E534C87->980d9c0c-33ac-4a22-b481-33b8b1eac469: receive RaftClientReply:client-9DC82E534C87->980d9c0c-33ac-4a22-b481-33b8b1eac469@group-23022C6A558E, cid=1918, SUCCESS, logIndex=2804, commits[980d9c0c-33ac-4a22-b481-33b8b1eac469:c2804, e00ee311-0ce1-4115-b4c1-69648d9d3094:c2802, bb9367ec-656d-4ade-92be-004a921408cc:c2802]
2019-08-06 03:26:27,505 INFO  client.GrpcClientProtocolClient (GrpcClientProtocolClient.java:onNext(255)) - client-9DC82E534C87->980d9c0c-33ac-4a22-b481-33b8b1eac469: receive RaftClientReply:client-9DC82E534C87->980d9c0c-33ac-4a22-b481-33b8b1eac469@group-23022C6A558E, cid=1919, SUCCESS, logIndex=0, commits[980d9c0c-33ac-4a22-b481-33b8b1eac469:c2806, e00ee311-0ce1-4115-b4c1-69648d9d3094:c2804, bb9367ec-656d-4ade-92be-004a921408cc:c2804]
2019-08-06 03:26:27,533 INFO  client.GrpcClientProtocolClient (GrpcClientProtocolClient.java:onNext(255)) - client-9DC82E534C87->980d9c0c-33ac-4a22-b481-33b8b1eac469: receive RaftClientReply:client-9DC82E534C87->980d9c0c-33ac-4a22-b481-33b8b1eac469@group-23022C6A558E, cid=1920, SUCCESS, logIndex=2807, commits[980d9c0c-33ac-4a22-b481-33b8b1eac469:c2808, e00ee311-0ce1-4115-b4c1-69648d9d3094:c2806, bb9367ec-656d-4ade-92be-004a921408cc:c2806]
2019-08-06 03:26:27,534 INFO  client.GrpcClientProtocolClient (GrpcClientProtocolClient.java:onNext(255)) - client-9DC82E534C87->980d9c0c-33ac-4a22-b481-33b8b1eac469: receive RaftClientReply:client-9DC82E534C87->980d9c0c-33ac-4a22-b481-33b8b1eac469@group-23022C6A558E, cid=1921, SUCCESS, logIndex=2808, commits[980d9c0c-33ac-4a22-b481-33b8b1eac469:c2810, e00ee311-0ce1-4115-b4c1-69648d9d3094:c2806, bb9367ec-656d-4ade-92be-004a921408cc:c2806]
2019-08-06 03:26:27,534 INFO  client.GrpcClientProtocolClient (GrpcClientProtocolClient.java:onNext(255)) - client-9DC82E534C87->980d9c0c-33ac-4a22-b481-33b8b1eac469: receive RaftClientReply:client-9DC82E534C87->980d9c0c-33ac-4a22-b481-33b8b1eac469@group-23022C6A558E, cid=1922, SUCCESS, logIndex=2809, commits[980d9c0c-33ac-4a22-b481-33b8b1eac469:c2810, e00ee311-0ce1-4115-b4c1-69648d9d3094:c2806, bb9367ec-656d-4ade-92be-004a921408cc:c2806]
2019-08-06 03:26:27,535 INFO  client.GrpcClientProtocolClient (GrpcClientProtocolClient.java:onNext(255)) - client-9DC82E534C87->980d9c0c-33ac-4a22-b481-33b8b1eac469: receive RaftClientReply:client-9DC82E534C87->980d9c0c-33ac-4a22-b481-33b8b1eac469@group-23022C6A558E, cid=1923, SUCCESS, logIndex=2810, commits[980d9c0c-33ac-4a22-b481-33b8b1eac469:c2810, e00ee311-0ce1-4115-b4c1-69648d9d3094:c2806, bb9367ec-656d-4ade-92be-004a921408cc:c2806]
2019-08-06 03:26:27,547 INFO  client.GrpcClientProtocolClient (GrpcClientProtocolClient.java:onNext(255)) - client-9DC82E534C87->980d9c0c-33ac-4a22-b481-33b8b1eac469: receive RaftClientReply:client-9DC82E534C87->980d9c0c-33ac-4a22-b481-33b8b1eac469@group-23022C6A558E, cid=1924, SUCCESS, logIndex=0, commits[980d9c0c-33ac-4a22-b481-33b8b1eac469:c2814, e00ee311-0ce1-4115-b4c1-69648d9d3094:c2808, bb9367ec-656d-4ade-92be-004a921408cc:c2810]
2019-08-06 03:26:27,567 INFO  client.GrpcClientProtocolClient (GrpcClientProtocolClient.java:onNext(255)) - client-9DC82E534C87->980d9c0c-33ac-4a22-b481-33b8b1eac469: receive RaftClientReply:client-9DC82E534C87->980d9c0c-33ac-4a22-b481-33b8b1eac469@group-23022C6A558E, cid=1925, SUCCESS, logIndex=2815, commits[980d9c0c-33ac-4a22-b481-33b8b1eac469:c2816, e00ee311-0ce1-4115-b4c1-69648d9d3094:c2814, bb9367ec-656d-4ade-92be-004a921408cc:c2814]
2019-08-06 03:26:27,567 INFO  client.GrpcClientProtocolClient (GrpcClientProtocolClient.java:onNext(255)) - client-9DC82E534C87->980d9c0c-33ac-4a22-b481-33b8b1eac469: receive RaftClientReply:client-9DC82E534C87->980d9c0c-33ac-4a22-b481-33b8b1eac469@group-23022C6A558E, cid=1926, SUCCESS, logIndex=2816, commits[980d9c0c-33ac-4a22-b481-33b8b1eac469:c2816, e00ee311-0ce1-4115-b4c1-69648d9d3094:c2814, bb9367ec-656d-4ade-92be-004a921408cc:c2814]
2019-08-06 03:26:27,593 INFO  client.GrpcClientProtocolClient (GrpcClientProtocolClient.java:onNext(255)) - client-9DC82E534C87->980d9c0c-33ac-4a22-b481-33b8b1eac469: receive RaftClientReply:client-9DC82E534C87->980d9c0c-33ac-4a22-b481-33b8b1eac469@group-23022C6A558E, cid=1927, SUCCESS, logIndex=2819, commits[980d9c0c-33ac-4a22-b481-33b8b1eac469:c2820, e00ee311-0ce1-4115-b4c1-69648d9d3094:c2816, bb9367ec-656d-4ade-92be-004a921408cc:c2816]
2019-08-06 03:26:27,593 INFO  client.GrpcClientProtocolClient (GrpcClientProtocolClient.java:onNext(255)) - client-9DC82E534C87->980d9c0c-33ac-4a22-b481-33b8b1eac469: receive RaftClientReply:client-9DC82E534C87->980d9c0c-33ac-4a22-b481-33b8b1eac469@group-23022C6A558E, cid=1928, SUCCESS, logIndex=2820, commits[980d9c0c-33ac-4a22-b481-33b8b1eac469:c2820, e00ee311-0ce1-4115-b4c1-69648d9d3094:c2816, bb9367ec-656d-4ade-92be-004a921408cc:c2816]
2019-08-06 03:26:27,606 INFO  client.GrpcClientProtocolClient (GrpcClientProtocolClient.java:onNext(255)) - client-9DC82E534C87->980d9c0c-33ac-4a22-b481-33b8b1eac469: receive RaftClientReply:client-9DC82E534C87->980d9c0c-33ac-4a22-b481-33b8b1eac469@group-23022C6A558E, cid=1929, SUCCESS, logIndex=0, commits[980d9c0c-33ac-4a22-b481-33b8b1eac469:c2821, e00ee311-0ce1-4115-b4c1-69648d9d3094:c2820, bb9367ec-656d-4ade-92be-004a921408cc:c2820]
2019-08-06 03:26:27,638 INFO  client.GrpcClientProtocolClient (GrpcClientProtocolClient.java:onNext(255)) - client-9DC82E534C87->980d9c0c-33ac-4a22-b481-33b8b1eac469: receive RaftClientReply:client-9DC82E534C87->980d9c0c-33ac-4a22-b481-33b8b1eac469@group-23022C6A558E, cid=1930, SUCCESS, logIndex=2823, commits[980d9c0c-33ac-4a22-b481-33b8b1eac469:c2825, e00ee311-0ce1-4115-b4c1-69648d9d3094:c2822, bb9367ec-656d-4ade-92be-004a921408cc:c2822]
2019-08-06 03:26:27,639 INFO  client.GrpcClientProtocolClient (GrpcClientProtocolClient.java:onNext(255)) - client-9DC82E534C87->980d9c0c-33ac-4a22-b481-33b8b1eac469: receive RaftClientReply:client-9DC82E534C87->980d9c0c-33ac-4a22-b481-33b8b1eac469@group-23022C6A558E, cid=1931, SUCCESS, logIndex=2824, commits[980d9c0c-33ac-4a22-b481-33b8b1eac469:c2826, e00ee311-0ce1-4115-b4c1-69648d9d3094:c2822, bb9367ec-656d-4ade-92be-004a921408cc:c2822]
2019-08-06 03:26:27,639 INFO  client.GrpcClientProtocolClient (GrpcClientProtocolClient.java:onNext(255)) - client-9DC82E534C87->980d9c0c-33ac-4a22-b481-33b8b1eac469: receive RaftClientReply:client-9DC82E534C87->980d9c0c-33ac-4a22-b481-33b8b1eac469@group-23022C6A558E, cid=1932, SUCCESS, logIndex=2825, commits[980d9c0c-33ac-4a22-b481-33b8b1eac469:c2826, e00ee311-0ce1-4115-b4c1-69648d9d3094:c2822, bb9367ec-656d-4ade-92be-004a921408cc:c2822]
2019-08-06 03:26:27,639 INFO  client.GrpcClientProtocolClient (GrpcClientProtocolClient.java:onNext(255)) - client-9DC82E534C87->980d9c0c-33ac-4a22-b481-33b8b1eac469: receive RaftClientReply:client-9DC82E534C87->980d9c0c-33ac-4a22-b481-33b8b1eac469@group-23022C6A558E, cid=1933, SUCCESS, logIndex=2826, commits[980d9c0c-33ac-4a22-b481-33b8b1eac469:c2826, e00ee311-0ce1-4115-b4c1-69648d9d3094:c2822, bb9367ec-656d-4ade-92be-004a921408cc:c2822]
2019-08-06 03:26:27,663 INFO  client.GrpcClientProtocolClient (GrpcClientProtocolClient.java:onNext(255)) - client-9DC82E534C87->980d9c0c-33ac-4a22-b481-33b8b1eac469: receive RaftClientReply:client-9DC82E534C87->980d9c0c-33ac-4a22-b481-33b8b1eac469@group-23022C6A558E, cid=1934, SUCCESS, logIndex=0, commits[980d9c0c-33ac-4a22-b481-33b8b1eac469:c2828, e00ee311-0ce1-4115-b4c1-69648d9d3094:c2824, bb9367ec-656d-4ade-92be-004a921408cc:c2824]
2019-08-06 03:26:27,685 INFO  client.GrpcClientProtocolClient (GrpcClientProtocolClient.java:onNext(255)) - client-9DC82E534C87->980d9c0c-33ac-4a22-b481-33b8b1eac469: receive RaftClientReply:client-9DC82E534C87->980d9c0c-33ac-4a22-b481-33b8b1eac469@group-23022C6A558E, cid=1935, SUCCESS, logIndex=2831, commits[980d9c0c-33ac-4a22-b481-33b8b1eac469:c2832, e00ee311-0ce1-4115-b4c1-69648d9d3094:c2830, bb9367ec-656d-4ade-92be-004a921408cc:c2830]
2019-08-06 03:26:27,685 INFO  client.GrpcClientProtocolClient (GrpcClientProtocolClient.java:onNext(255)) - client-9DC82E534C87->980d9c0c-33ac-4a22-b481-33b8b1eac469: receive RaftClientReply:client-9DC82E534C87->980d9c0c-33ac-4a22-b481-33b8b1eac469@group-23022C6A558E, cid=1936, SUCCESS, logIndex=2832, commits[980d9c0c-33ac-4a22-b481-33b8b1eac469:c2832, e00ee311-0ce1-4115-b4c1-69648d9d3094:c2830, bb9367ec-656d-4ade-92be-004a921408cc:c2830]
2019-08-06 03:26:27,702 INFO  client.GrpcClientProtocolClient (GrpcClientProtocolClient.java:onNext(255)) - client-9DC82E534C87->980d9c0c-33ac-4a22-b481-33b8b1eac469: receive RaftClientReply:client-9DC82E534C87->980d9c0c-33ac-4a22-b481-33b8b1eac469@group-23022C6A558E, cid=1937, SUCCESS, logIndex=2835, commits[980d9c0c-33ac-4a22-b481-33b8b1eac469:c2836, e00ee311-0ce1-4115-b4c1-69648d9d3094:c2832, bb9367ec-656d-4ade-92be-004a921408cc:c2832]
2019-08-06 03:26:27,703 INFO  client.GrpcClientProtocolClient (GrpcClientProtocolClient.java:onNext(255)) - client-9DC82E534C87->980d9c0c-33ac-4a22-b481-33b8b1eac469: receive RaftClientReply:client-9DC82E534C87->980d9c0c-33ac-4a22-b481-33b8b1eac469@group-23022C6A558E, cid=1938, SUCCESS, logIndex=2836, commits[980d9c0c-33ac-4a22-b481-33b8b1eac469:c2836, e00ee311-0ce1-4115-b4c1-69648d9d3094:c2832, bb9367ec-656d-4ade-92be-004a921408cc:c2832]
2019-08-06 03:26:27,709 INFO  client.GrpcClientProtocolClient (GrpcClientProtocolClient.java:onNext(255)) - client-9DC82E534C87->980d9c0c-33ac-4a22-b481-33b8b1eac469: receive RaftClientReply:client-9DC82E534C87->980d9c0c-33ac-4a22-b481-33b8b1eac469@group-23022C6A558E, cid=1939, SUCCESS, logIndex=0, commits[980d9c0c-33ac-4a22-b481-33b8b1eac469:c2838, e00ee311-0ce1-4115-b4c1-69648d9d3094:c2836, bb9367ec-656d-4ade-92be-004a921408cc:c2836]
2019-08-06 03:26:27,729 INFO  client.GrpcClientProtocolClient (GrpcClientProtocolClient.java:onNext(255)) - client-9DC82E534C87->980d9c0c-33ac-4a22-b481-33b8b1eac469: receive RaftClientReply:client-9DC82E534C87->980d9c0c-33ac-4a22-b481-33b8b1eac469@group-23022C6A558E, cid=1940, SUCCESS, logIndex=2839, commits[980d9c0c-33ac-4a22-b481-33b8b1eac469:c2840, e00ee311-0ce1-4115-b4c1-69648d9d3094:c2838, bb9367ec-656d-4ade-92be-004a921408cc:c2838]
2019-08-06 03:26:27,730 INFO  client.GrpcClientProtocolClient (GrpcClientProtocolClient.java:onNext(255)) - client-9DC82E534C87->980d9c0c-33ac-4a22-b481-33b8b1eac469: receive RaftClientReply:client-9DC82E534C87->980d9c0c-33ac-4a22-b481-33b8b1eac469@group-23022C6A558E, cid=1941, SUCCESS, logIndex=2840, commits[980d9c0c-33ac-4a22-b481-33b8b1eac469:c2840, e00ee311-0ce1-4115-b4c1-69648d9d3094:c2838, bb9367ec-656d-4ade-92be-004a921408cc:c2838]
2019-08-06 03:26:27,733 INFO  client.GrpcClientProtocolClient (GrpcClientProtocolClient.java:onNext(255)) - client-9DC82E534C87->980d9c0c-33ac-4a22-b481-33b8b1eac469: receive RaftClientReply:client-9DC82E534C87->980d9c0c-33ac-4a22-b481-33b8b1eac469@group-23022C6A558E, cid=1942, SUCCESS, logIndex=2841, commits[980d9c0c-33ac-4a22-b481-33b8b1eac469:c2843, e00ee311-0ce1-4115-b4c1-69648d9d3094:c2840, bb9367ec-656d-4ade-92be-004a921408cc:c2838]
2019-08-06 03:26:27,734 INFO  client.GrpcClientProtocolClient (GrpcClientProtocolClient.java:onNext(255)) - client-9DC82E534C87->980d9c0c-33ac-4a22-b481-33b8b1eac469: receive RaftClientReply:client-9DC82E534C87->980d9c0c-33ac-4a22-b481-33b8b1eac469@group-23022C6A558E, cid=1943, SUCCESS, logIndex=2842, commits[980d9c0c-33ac-4a22-b481-33b8b1eac469:c2844, e00ee311-0ce1-4115-b4c1-69648d9d3094:c2840, bb9367ec-656d-4ade-92be-004a921408cc:c2839]
2019-08-06 03:26:27,735 INFO  client.GrpcClientProtocolClient (GrpcClientProtocolClient.java:onNext(255)) - client-9DC82E534C87->980d9c0c-33ac-4a22-b481-33b8b1eac469: receive RaftClientReply:client-9DC82E534C87->980d9c0c-33ac-4a22-b481-33b8b1eac469@group-23022C6A558E, cid=1944, SUCCESS, logIndex=0, commits[980d9c0c-33ac-4a22-b481-33b8b1eac469:c2844, e00ee311-0ce1-4115-b4c1-69648d9d3094:c2840, bb9367ec-656d-4ade-92be-004a921408cc:c2840]
2019-08-06 03:26:27,761 INFO  client.GrpcClientProtocolClient (GrpcClientProtocolClient.java:onNext(255)) - client-9DC82E534C87->980d9c0c-33ac-4a22-b481-33b8b1eac469: receive RaftClientReply:client-9DC82E534C87->980d9c0c-33ac-4a22-b481-33b8b1eac469@group-23022C6A558E, cid=1945, SUCCESS, logIndex=2847, commits[980d9c0c-33ac-4a22-b481-33b8b1eac469:c2848, e00ee311-0ce1-4115-b4c1-69648d9d3094:c2846, bb9367ec-656d-4ade-92be-004a921408cc:c2846]
2019-08-06 03:26:27,762 INFO  client.GrpcClientProtocolClient (GrpcClientProtocolClient.java:onNext(255)) - client-9DC82E534C87->980d9c0c-33ac-4a22-b481-33b8b1eac469: receive RaftClientReply:client-9DC82E534C87->980d9c0c-33ac-4a22-b481-33b8b1eac469@group-23022C6A558E, cid=1946, SUCCESS, logIndex=2848, commits[980d9c0c-33ac-4a22-b481-33b8b1eac469:c2848, e00ee311-0ce1-4115-b4c1-69648d9d3094:c2846, bb9367ec-656d-4ade-92be-004a921408cc:c2846]
2019-08-06 03:26:27,776 INFO  client.GrpcClientProtocolClient (GrpcClientProtocolClient.java:onNext(255)) - client-9DC82E534C87->980d9c0c-33ac-4a22-b481-33b8b1eac469: receive RaftClientReply:client-9DC82E534C87->980d9c0c-33ac-4a22-b481-33b8b1eac469@group-23022C6A558E, cid=1947, SUCCESS, logIndex=2851, commits[980d9c0c-33ac-4a22-b481-33b8b1eac469:c2852, e00ee311-0ce1-4115-b4c1-69648d9d3094:c2848, bb9367ec-656d-4ade-92be-004a921408cc:c2848]
2019-08-06 03:26:27,777 INFO  client.GrpcClientProtocolClient (GrpcClientProtocolClient.java:onNext(255)) - client-9DC82E534C87->980d9c0c-33ac-4a22-b481-33b8b1eac469: receive RaftClientReply:client-9DC82E534C87->980d9c0c-33ac-4a22-b481-33b8b1eac469@group-23022C6A558E, cid=1948, SUCCESS, logIndex=2852, commits[980d9c0c-33ac-4a22-b481-33b8b1eac469:c2852, e00ee311-0ce1-4115-b4c1-69648d9d3094:c2848, bb9367ec-656d-4ade-92be-004a921408cc:c2848]
2019-08-06 03:26:27,793 INFO  client.GrpcClientProtocolClient (GrpcClientProtocolClient.java:onNext(255)) - client-9DC82E534C87->980d9c0c-33ac-4a22-b481-33b8b1eac469: receive RaftClientReply:client-9DC82E534C87->980d9c0c-33ac-4a22-b481-33b8b1eac469@group-23022C6A558E, cid=1949, SUCCESS, logIndex=0, commits[980d9c0c-33ac-4a22-b481-33b8b1eac469:c2853, e00ee311-0ce1-4115-b4c1-69648d9d3094:c2852, bb9367ec-656d-4ade-92be-004a921408cc:c2852]
2019-08-06 03:26:27,886 INFO  client.GrpcClientProtocolClient (GrpcClientProtocolClient.java:onNext(255)) - client-9DC82E534C87->980d9c0c-33ac-4a22-b481-33b8b1eac469: receive RaftClientReply:client-9DC82E534C87->980d9c0c-33ac-4a22-b481-33b8b1eac469@group-23022C6A558E, cid=1950, SUCCESS, logIndex=2855, commits[980d9c0c-33ac-4a22-b481-33b8b1eac469:c2856, e00ee311-0ce1-4115-b4c1-69648d9d3094:c2854, bb9367ec-656d-4ade-92be-004a921408cc:c2854]
2019-08-06 03:26:27,887 INFO  client.GrpcClientProtocolClient (GrpcClientProtocolClient.java:onNext(255)) - client-9DC82E534C87->980d9c0c-33ac-4a22-b481-33b8b1eac469: receive RaftClientReply:client-9DC82E534C87->980d9c0c-33ac-4a22-b481-33b8b1eac469@group-23022C6A558E, cid=1951, SUCCESS, logIndex=2856, commits[980d9c0c-33ac-4a22-b481-33b8b1eac469:c2858, e00ee311-0ce1-4115-b4c1-69648d9d3094:c2854, bb9367ec-656d-4ade-92be-004a921408cc:c2854]
2019-08-06 03:26:27,887 INFO  client.GrpcClientProtocolClient (GrpcClientProtocolClient.java:onNext(255)) - client-9DC82E534C87->980d9c0c-33ac-4a22-b481-33b8b1eac469: receive RaftClientReply:client-9DC82E534C87->980d9c0c-33ac-4a22-b481-33b8b1eac469@group-23022C6A558E, cid=1952, SUCCESS, logIndex=2857, commits[980d9c0c-33ac-4a22-b481-33b8b1eac469:c2858, e00ee311-0ce1-4115-b4c1-69648d9d3094:c2854, bb9367ec-656d-4ade-92be-004a921408cc:c2854]
2019-08-06 03:26:27,887 INFO  client.GrpcClientProtocolClient (GrpcClientProtocolClient.java:onNext(255)) - client-9DC82E534C87->980d9c0c-33ac-4a22-b481-33b8b1eac469: receive RaftClientReply:client-9DC82E534C87->980d9c0c-33ac-4a22-b481-33b8b1eac469@group-23022C6A558E, cid=1953, SUCCESS, logIndex=2858, commits[980d9c0c-33ac-4a22-b481-33b8b1eac469:c2859, e00ee311-0ce1-4115-b4c1-69648d9d3094:c2854, bb9367ec-656d-4ade-92be-004a921408cc:c2856]
2019-08-06 03:26:27,889 INFO  client.GrpcClientProtocolClient (GrpcClientProtocolClient.java:onNext(255)) - client-9DC82E534C87->980d9c0c-33ac-4a22-b481-33b8b1eac469: receive RaftClientReply:client-9DC82E534C87->980d9c0c-33ac-4a22-b481-33b8b1eac469@group-23022C6A558E, cid=1954, SUCCESS, logIndex=0, commits[980d9c0c-33ac-4a22-b481-33b8b1eac469:c2859, e00ee311-0ce1-4115-b4c1-69648d9d3094:c2856, bb9367ec-656d-4ade-92be-004a921408cc:c2856]
2019-08-06 03:26:27,904 INFO  client.GrpcClientProtocolClient (GrpcClientProtocolClient.java:onNext(255)) - client-9DC82E534C87->980d9c0c-33ac-4a22-b481-33b8b1eac469: receive RaftClientReply:client-9DC82E534C87->980d9c0c-33ac-4a22-b481-33b8b1eac469@group-23022C6A558E, cid=1955, SUCCESS, logIndex=2863, commits[980d9c0c-33ac-4a22-b481-33b8b1eac469:c2864, e00ee311-0ce1-4115-b4c1-69648d9d3094:c2858, bb9367ec-656d-4ade-92be-004a921408cc:c2860]
2019-08-06 03:26:27,904 INFO  client.GrpcClientProtocolClient (GrpcClientProtocolClient.java:onNext(255)) - client-9DC82E534C87->980d9c0c-33ac-4a22-b481-33b8b1eac469: receive RaftClientReply:client-9DC82E534C87->980d9c0c-33ac-4a22-b481-33b8b1eac469@group-23022C6A558E, cid=1956, SUCCESS, logIndex=2864, commits[980d9c0c-33ac-4a22-b481-33b8b1eac469:c2864, e00ee311-0ce1-4115-b4c1-69648d9d3094:c2860, bb9367ec-656d-4ade-92be-004a921408cc:c2860]
2019-08-06 03:26:27,929 INFO  client.GrpcClientProtocolClient (GrpcClientProtocolClient.java:onNext(255)) - client-9DC82E534C87->980d9c0c-33ac-4a22-b481-33b8b1eac469: receive RaftClientReply:client-9DC82E534C87->980d9c0c-33ac-4a22-b481-33b8b1eac469@group-23022C6A558E, cid=1957, SUCCESS, logIndex=2866, commits[980d9c0c-33ac-4a22-b481-33b8b1eac469:c2867, e00ee311-0ce1-4115-b4c1-69648d9d3094:c2864, bb9367ec-656d-4ade-92be-004a921408cc:c2864]
2019-08-06 03:26:27,929 INFO  client.GrpcClientProtocolClient (GrpcClientProtocolClient.java:onNext(255)) - client-9DC82E534C87->980d9c0c-33ac-4a22-b481-33b8b1eac469: receive RaftClientReply:client-9DC82E534C87->980d9c0c-33ac-4a22-b481-33b8b1eac469@group-23022C6A558E, cid=1958, SUCCESS, logIndex=2867, commits[980d9c0c-33ac-4a22-b481-33b8b1eac469:c2867, e00ee311-0ce1-4115-b4c1-69648d9d3094:c2864, bb9367ec-656d-4ade-92be-004a921408cc:c2864]
2019-08-06 03:26:27,954 INFO  client.GrpcClientProtocolClient (GrpcClientProtocolClient.java:onNext(255)) - client-9DC82E534C87->980d9c0c-33ac-4a22-b481-33b8b1eac469: receive RaftClientReply:client-9DC82E534C87->980d9c0c-33ac-4a22-b481-33b8b1eac469@group-23022C6A558E, cid=1959, SUCCESS, logIndex=0, commits[980d9c0c-33ac-4a22-b481-33b8b1eac469:c2869, e00ee311-0ce1-4115-b4c1-69648d9d3094:c2867, bb9367ec-656d-4ade-92be-004a921408cc:c2867]
2019-08-06 03:26:27,987 INFO  client.GrpcClientProtocolClient (GrpcClientProtocolClient.java:onNext(255)) - client-9DC82E534C87->980d9c0c-33ac-4a22-b481-33b8b1eac469: receive RaftClientReply:client-9DC82E534C87->980d9c0c-33ac-4a22-b481-33b8b1eac469@group-23022C6A558E, cid=1960, SUCCESS, logIndex=2870, commits[980d9c0c-33ac-4a22-b481-33b8b1eac469:c2873, e00ee311-0ce1-4115-b4c1-69648d9d3094:c2869, bb9367ec-656d-4ade-92be-004a921408cc:c2869]
2019-08-06 03:26:27,987 INFO  client.GrpcClientProtocolClient (GrpcClientProtocolClient.java:onNext(255)) - client-9DC82E534C87->980d9c0c-33ac-4a22-b481-33b8b1eac469: receive RaftClientReply:client-9DC82E534C87->980d9c0c-33ac-4a22-b481-33b8b1eac469@group-23022C6A558E, cid=1961, SUCCESS, logIndex=2871, commits[980d9c0c-33ac-4a22-b481-33b8b1eac469:c2873, e00ee311-0ce1-4115-b4c1-69648d9d3094:c2869, bb9367ec-656d-4ade-92be-004a921408cc:c2869]
2019-08-06 03:26:27,988 INFO  client.GrpcClientProtocolClient (GrpcClientProtocolClient.java:onNext(255)) - client-9DC82E534C87->980d9c0c-33ac-4a22-b481-33b8b1eac469: receive RaftClientReply:client-9DC82E534C87->980d9c0c-33ac-4a22-b481-33b8b1eac469@group-23022C6A558E, cid=1962, SUCCESS, logIndex=2872, commits[980d9c0c-33ac-4a22-b481-33b8b1eac469:c2873, e00ee311-0ce1-4115-b4c1-69648d9d3094:c2869, bb9367ec-656d-4ade-92be-004a921408cc:c2869]
2019-08-06 03:26:27,988 INFO  client.GrpcClientProtocolClient (GrpcClientProtocolClient.java:onNext(255)) - client-9DC82E534C87->980d9c0c-33ac-4a22-b481-33b8b1eac469: receive RaftClientReply:client-9DC82E534C87->980d9c0c-33ac-4a22-b481-33b8b1eac469@group-23022C6A558E, cid=1963, SUCCESS, logIndex=2873, commits[980d9c0c-33ac-4a22-b481-33b8b1eac469:c2873, e00ee311-0ce1-4115-b4c1-69648d9d3094:c2869, bb9367ec-656d-4ade-92be-004a921408cc:c2869]
2019-08-06 03:26:28,013 INFO  client.GrpcClientProtocolClient (GrpcClientProtocolClient.java:onNext(255)) - client-9DC82E534C87->980d9c0c-33ac-4a22-b481-33b8b1eac469: receive RaftClientReply:client-9DC82E534C87->980d9c0c-33ac-4a22-b481-33b8b1eac469@group-23022C6A558E, cid=1964, SUCCESS, logIndex=0, commits[980d9c0c-33ac-4a22-b481-33b8b1eac469:c2875, e00ee311-0ce1-4115-b4c1-69648d9d3094:c2871, bb9367ec-656d-4ade-92be-004a921408cc:c2872]
2019-08-06 03:26:28,033 INFO  client.GrpcClientProtocolClient (GrpcClientProtocolClient.java:onNext(255)) - client-9DC82E534C87->980d9c0c-33ac-4a22-b481-33b8b1eac469: receive RaftClientReply:client-9DC82E534C87->980d9c0c-33ac-4a22-b481-33b8b1eac469@group-23022C6A558E, cid=1965, SUCCESS, logIndex=2878, commits[980d9c0c-33ac-4a22-b481-33b8b1eac469:c2879, e00ee311-0ce1-4115-b4c1-69648d9d3094:c2877, bb9367ec-656d-4ade-92be-004a921408cc:c2877]
2019-08-06 03:26:28,034 INFO  client.GrpcClientProtocolClient (GrpcClientProtocolClient.java:onNext(255)) - client-9DC82E534C87->980d9c0c-33ac-4a22-b481-33b8b1eac469: receive RaftClientReply:client-9DC82E534C87->980d9c0c-33ac-4a22-b481-33b8b1eac469@group-23022C6A558E, cid=1966, SUCCESS, logIndex=2879, commits[980d9c0c-33ac-4a22-b481-33b8b1eac469:c2879, e00ee311-0ce1-4115-b4c1-69648d9d3094:c2877, bb9367ec-656d-4ade-92be-004a921408cc:c2877]
2019-08-06 03:26:28,048 INFO  client.GrpcClientProtocolClient (GrpcClientProtocolClient.java:onNext(255)) - client-9DC82E534C87->980d9c0c-33ac-4a22-b481-33b8b1eac469: receive RaftClientReply:client-9DC82E534C87->980d9c0c-33ac-4a22-b481-33b8b1eac469@group-23022C6A558E, cid=1967, SUCCESS, logIndex=2882, commits[980d9c0c-33ac-4a22-b481-33b8b1eac469:c2883, e00ee311-0ce1-4115-b4c1-69648d9d3094:c2879, bb9367ec-656d-4ade-92be-004a921408cc:c2879]
2019-08-06 03:26:28,048 INFO  client.GrpcClientProtocolClient (GrpcClientProtocolClient.java:onNext(255)) - client-9DC82E534C87->980d9c0c-33ac-4a22-b481-33b8b1eac469: receive RaftClientReply:client-9DC82E534C87->980d9c0c-33ac-4a22-b481-33b8b1eac469@group-23022C6A558E, cid=1968, SUCCESS, logIndex=2883, commits[980d9c0c-33ac-4a22-b481-33b8b1eac469:c2883, e00ee311-0ce1-4115-b4c1-69648d9d3094:c2879, bb9367ec-656d-4ade-92be-004a921408cc:c2879]
2019-08-06 03:26:28,063 INFO  client.GrpcClientProtocolClient (GrpcClientProtocolClient.java:onNext(255)) - client-9DC82E534C87->980d9c0c-33ac-4a22-b481-33b8b1eac469: receive RaftClientReply:client-9DC82E534C87->980d9c0c-33ac-4a22-b481-33b8b1eac469@group-23022C6A558E, cid=1969, SUCCESS, logIndex=0, commits[980d9c0c-33ac-4a22-b481-33b8b1eac469:c2885, e00ee311-0ce1-4115-b4c1-69648d9d3094:c2883, bb9367ec-656d-4ade-92be-004a921408cc:c2883]
2019-08-06 03:26:28,092 INFO  client.GrpcClientProtocolClient (GrpcClientProtocolClient.java:onNext(255)) - client-9DC82E534C87->980d9c0c-33ac-4a22-b481-33b8b1eac469: receive RaftClientReply:client-9DC82E534C87->980d9c0c-33ac-4a22-b481-33b8b1eac469@group-23022C6A558E, cid=1970, SUCCESS, logIndex=2886, commits[980d9c0c-33ac-4a22-b481-33b8b1eac469:c2887, e00ee311-0ce1-4115-b4c1-69648d9d3094:c2885, bb9367ec-656d-4ade-92be-004a921408cc:c2885]
2019-08-06 03:26:28,092 INFO  client.GrpcClientProtocolClient (GrpcClientProtocolClient.java:onNext(255)) - client-9DC82E534C87->980d9c0c-33ac-4a22-b481-33b8b1eac469: receive RaftClientReply:client-9DC82E534C87->980d9c0c-33ac-4a22-b481-33b8b1eac469@group-23022C6A558E, cid=1971, SUCCESS, logIndex=2887, commits[980d9c0c-33ac-4a22-b481-33b8b1eac469:c2887, e00ee311-0ce1-4115-b4c1-69648d9d3094:c2885, bb9367ec-656d-4ade-92be-004a921408cc:c2885]
2019-08-06 03:26:28,101 INFO  client.GrpcClientProtocolClient (GrpcClientProtocolClient.java:onNext(255)) - client-9DC82E534C87->980d9c0c-33ac-4a22-b481-33b8b1eac469: receive RaftClientReply:client-9DC82E534C87->980d9c0c-33ac-4a22-b481-33b8b1eac469@group-23022C6A558E, cid=1972, SUCCESS, logIndex=2888, commits[980d9c0c-33ac-4a22-b481-33b8b1eac469:c2889, e00ee311-0ce1-4115-b4c1-69648d9d3094:c2885, bb9367ec-656d-4ade-92be-004a921408cc:c2885]
2019-08-06 03:26:28,102 INFO  client.GrpcClientProtocolClient (GrpcClientProtocolClient.java:onNext(255)) - client-9DC82E534C87->980d9c0c-33ac-4a22-b481-33b8b1eac469: receive RaftClientReply:client-9DC82E534C87->980d9c0c-33ac-4a22-b481-33b8b1eac469@group-23022C6A558E, cid=1973, SUCCESS, logIndex=2889, commits[980d9c0c-33ac-4a22-b481-33b8b1eac469:c2889, e00ee311-0ce1-4115-b4c1-69648d9d3094:c2885, bb9367ec-656d-4ade-92be-004a921408cc:c2885]
2019-08-06 03:26:28,103 INFO  client.GrpcClientProtocolClient (GrpcClientProtocolClient.java:onNext(255)) - client-9DC82E534C87->980d9c0c-33ac-4a22-b481-33b8b1eac469: receive RaftClientReply:client-9DC82E534C87->980d9c0c-33ac-4a22-b481-33b8b1eac469@group-23022C6A558E, cid=1974, SUCCESS, logIndex=0, commits[980d9c0c-33ac-4a22-b481-33b8b1eac469:c2891, e00ee311-0ce1-4115-b4c1-69648d9d3094:c2887, bb9367ec-656d-4ade-92be-004a921408cc:c2887]
2019-08-06 03:26:28,124 INFO  client.GrpcClientProtocolClient (GrpcClientProtocolClient.java:onNext(255)) - client-9DC82E534C87->980d9c0c-33ac-4a22-b481-33b8b1eac469: receive RaftClientReply:client-9DC82E534C87->980d9c0c-33ac-4a22-b481-33b8b1eac469@group-23022C6A558E, cid=1975, SUCCESS, logIndex=2894, commits[980d9c0c-33ac-4a22-b481-33b8b1eac469:c2894, e00ee311-0ce1-4115-b4c1-69648d9d3094:c2887, bb9367ec-656d-4ade-92be-004a921408cc:c2893]
2019-08-06 03:26:28,124 INFO  client.GrpcClientProtocolClient (GrpcClientProtocolClient.java:onNext(255)) - client-9DC82E534C87->980d9c0c-33ac-4a22-b481-33b8b1eac469: receive RaftClientReply:client-9DC82E534C87->980d9c0c-33ac-4a22-b481-33b8b1eac469@group-23022C6A558E, cid=1976, SUCCESS, logIndex=2895, commits[980d9c0c-33ac-4a22-b481-33b8b1eac469:c2895, e00ee311-0ce1-4115-b4c1-69648d9d3094:c2893, bb9367ec-656d-4ade-92be-004a921408cc:c2893]
2019-08-06 03:26:28,139 INFO  client.GrpcClientProtocolClient (GrpcClientProtocolClient.java:onNext(255)) - client-9DC82E534C87->980d9c0c-33ac-4a22-b481-33b8b1eac469: receive RaftClientReply:client-9DC82E534C87->980d9c0c-33ac-4a22-b481-33b8b1eac469@group-23022C6A558E, cid=1977, SUCCESS, logIndex=2898, commits[980d9c0c-33ac-4a22-b481-33b8b1eac469:c2899, e00ee311-0ce1-4115-b4c1-69648d9d3094:c2895, bb9367ec-656d-4ade-92be-004a921408cc:c2895]
2019-08-06 03:26:28,139 INFO  client.GrpcClientProtocolClient (GrpcClientProtocolClient.java:onNext(255)) - client-9DC82E534C87->980d9c0c-33ac-4a22-b481-33b8b1eac469: receive RaftClientReply:client-9DC82E534C87->980d9c0c-33ac-4a22-b481-33b8b1eac469@group-23022C6A558E, cid=1978, SUCCESS, logIndex=2899, commits[980d9c0c-33ac-4a22-b481-33b8b1eac469:c2899, e00ee311-0ce1-4115-b4c1-69648d9d3094:c2895, bb9367ec-656d-4ade-92be-004a921408cc:c2895]
2019-08-06 03:26:28,165 INFO  client.GrpcClientProtocolClient (GrpcClientProtocolClient.java:onNext(255)) - client-9DC82E534C87->980d9c0c-33ac-4a22-b481-33b8b1eac469: receive RaftClientReply:client-9DC82E534C87->980d9c0c-33ac-4a22-b481-33b8b1eac469@group-23022C6A558E, cid=1979, SUCCESS, logIndex=0, commits[980d9c0c-33ac-4a22-b481-33b8b1eac469:c2901, e00ee311-0ce1-4115-b4c1-69648d9d3094:c2899, bb9367ec-656d-4ade-92be-004a921408cc:c2899]
2019-08-06 03:26:28,192 INFO  client.GrpcClientProtocolClient (GrpcClientProtocolClient.java:onNext(255)) - client-9DC82E534C87->980d9c0c-33ac-4a22-b481-33b8b1eac469: receive RaftClientReply:client-9DC82E534C87->980d9c0c-33ac-4a22-b481-33b8b1eac469@group-23022C6A558E, cid=1980, SUCCESS, logIndex=2902, commits[980d9c0c-33ac-4a22-b481-33b8b1eac469:c2903, e00ee311-0ce1-4115-b4c1-69648d9d3094:c2901, bb9367ec-656d-4ade-92be-004a921408cc:c2901]
2019-08-06 03:26:28,192 INFO  client.GrpcClientProtocolClient (GrpcClientProtocolClient.java:onNext(255)) - client-9DC82E534C87->980d9c0c-33ac-4a22-b481-33b8b1eac469: receive RaftClientReply:client-9DC82E534C87->980d9c0c-33ac-4a22-b481-33b8b1eac469@group-23022C6A558E, cid=1981, SUCCESS, logIndex=2903, commits[980d9c0c-33ac-4a22-b481-33b8b1eac469:c2903, e00ee311-0ce1-4115-b4c1-69648d9d3094:c2901, bb9367ec-656d-4ade-92be-004a921408cc:c2901]
2019-08-06 03:26:28,202 INFO  client.GrpcClientProtocolClient (GrpcClientProtocolClient.java:onNext(255)) - client-9DC82E534C87->980d9c0c-33ac-4a22-b481-33b8b1eac469: receive RaftClientReply:client-9DC82E534C87->980d9c0c-33ac-4a22-b481-33b8b1eac469@group-23022C6A558E, cid=1982, SUCCESS, logIndex=2904, commits[980d9c0c-33ac-4a22-b481-33b8b1eac469:c2905, e00ee311-0ce1-4115-b4c1-69648d9d3094:c2901, bb9367ec-656d-4ade-92be-004a921408cc:c2901]
2019-08-06 03:26:28,202 INFO  client.GrpcClientProtocolClient (GrpcClientProtocolClient.java:onNext(255)) - client-9DC82E534C87->980d9c0c-33ac-4a22-b481-33b8b1eac469: receive RaftClientReply:client-9DC82E534C87->980d9c0c-33ac-4a22-b481-33b8b1eac469@group-23022C6A558E, cid=1983, SUCCESS, logIndex=2905, commits[980d9c0c-33ac-4a22-b481-33b8b1eac469:c2905, e00ee311-0ce1-4115-b4c1-69648d9d3094:c2901, bb9367ec-656d-4ade-92be-004a921408cc:c2901]
 0.00% |█                                                                                                    |  0/1 Time: 0:00:152019-08-06 03:26:28,217 INFO  client.GrpcClientProtocolClient (GrpcClientProtocolClient.java:onNext(255)) - client-9DC82E534C87->980d9c0c-33ac-4a22-b481-33b8b1eac469: receive RaftClientReply:client-9DC82E534C87->980d9c0c-33ac-4a22-b481-33b8b1eac469@group-23022C6A558E, cid=1984, SUCCESS, logIndex=0, commits[980d9c0c-33ac-4a22-b481-33b8b1eac469:c2907, e00ee311-0ce1-4115-b4c1-69648d9d3094:c2903, bb9367ec-656d-4ade-92be-004a921408cc:c2903]
2019-08-06 03:26:28,238 INFO  client.GrpcClientProtocolClient (GrpcClientProtocolClient.java:onNext(255)) - client-9DC82E534C87->980d9c0c-33ac-4a22-b481-33b8b1eac469: receive RaftClientReply:client-9DC82E534C87->980d9c0c-33ac-4a22-b481-33b8b1eac469@group-23022C6A558E, cid=1985, SUCCESS, logIndex=2910, commits[980d9c0c-33ac-4a22-b481-33b8b1eac469:c2911, e00ee311-0ce1-4115-b4c1-69648d9d3094:c2909, bb9367ec-656d-4ade-92be-004a921408cc:c2909]
2019-08-06 03:26:28,238 INFO  client.GrpcClientProtocolClient (GrpcClientProtocolClient.java:onNext(255)) - client-9DC82E534C87->980d9c0c-33ac-4a22-b481-33b8b1eac469: receive RaftClientReply:client-9DC82E534C87->980d9c0c-33ac-4a22-b481-33b8b1eac469@group-23022C6A558E, cid=1986, SUCCESS, logIndex=2911, commits[980d9c0c-33ac-4a22-b481-33b8b1eac469:c2911, e00ee311-0ce1-4115-b4c1-69648d9d3094:c2909, bb9367ec-656d-4ade-92be-004a921408cc:c2909]
2019-08-06 03:26:28,283 INFO  client.GrpcClientProtocolClient (GrpcClientProtocolClient.java:onNext(255)) - client-9DC82E534C87->980d9c0c-33ac-4a22-b481-33b8b1eac469: receive RaftClientReply:client-9DC82E534C87->980d9c0c-33ac-4a22-b481-33b8b1eac469@group-23022C6A558E, cid=1987, SUCCESS, logIndex=2914, commits[980d9c0c-33ac-4a22-b481-33b8b1eac469:c2915, e00ee311-0ce1-4115-b4c1-69648d9d3094:c2911, bb9367ec-656d-4ade-92be-004a921408cc:c2911]
2019-08-06 03:26:28,284 INFO  client.GrpcClientProtocolClient (GrpcClientProtocolClient.java:onNext(255)) - client-9DC82E534C87->980d9c0c-33ac-4a22-b481-33b8b1eac469: receive RaftClientReply:client-9DC82E534C87->980d9c0c-33ac-4a22-b481-33b8b1eac469@group-23022C6A558E, cid=1988, SUCCESS, logIndex=2915, commits[980d9c0c-33ac-4a22-b481-33b8b1eac469:c2915, e00ee311-0ce1-4115-b4c1-69648d9d3094:c2911, bb9367ec-656d-4ade-92be-004a921408cc:c2911]
2019-08-06 03:26:28,288 INFO  client.GrpcClientProtocolClient (GrpcClientProtocolClient.java:onNext(255)) - client-9DC82E534C87->980d9c0c-33ac-4a22-b481-33b8b1eac469: receive RaftClientReply:client-9DC82E534C87->980d9c0c-33ac-4a22-b481-33b8b1eac469@group-23022C6A558E, cid=1989, SUCCESS, logIndex=0, commits[980d9c0c-33ac-4a22-b481-33b8b1eac469:c2916, e00ee311-0ce1-4115-b4c1-69648d9d3094:c2915, bb9367ec-656d-4ade-92be-004a921408cc:c2915]
2019-08-06 03:26:28,318 INFO  client.GrpcClientProtocolClient (GrpcClientProtocolClient.java:onNext(255)) - client-9DC82E534C87->980d9c0c-33ac-4a22-b481-33b8b1eac469: receive RaftClientReply:client-9DC82E534C87->980d9c0c-33ac-4a22-b481-33b8b1eac469@group-23022C6A558E, cid=1990, SUCCESS, logIndex=2918, commits[980d9c0c-33ac-4a22-b481-33b8b1eac469:c2919, e00ee311-0ce1-4115-b4c1-69648d9d3094:c2917, bb9367ec-656d-4ade-92be-004a921408cc:c2917]
2019-08-06 03:26:28,319 INFO  client.GrpcClientProtocolClient (GrpcClientProtocolClient.java:onNext(255)) - client-9DC82E534C87->980d9c0c-33ac-4a22-b481-33b8b1eac469: receive RaftClientReply:client-9DC82E534C87->980d9c0c-33ac-4a22-b481-33b8b1eac469@group-23022C6A558E, cid=1991, SUCCESS, logIndex=2919, commits[980d9c0c-33ac-4a22-b481-33b8b1eac469:c2921, e00ee311-0ce1-4115-b4c1-69648d9d3094:c2917, bb9367ec-656d-4ade-92be-004a921408cc:c2917]
2019-08-06 03:26:28,319 INFO  client.GrpcClientProtocolClient (GrpcClientProtocolClient.java:onNext(255)) - client-9DC82E534C87->980d9c0c-33ac-4a22-b481-33b8b1eac469: receive RaftClientReply:client-9DC82E534C87->980d9c0c-33ac-4a22-b481-33b8b1eac469@group-23022C6A558E, cid=1992, SUCCESS, logIndex=2920, commits[980d9c0c-33ac-4a22-b481-33b8b1eac469:c2921, e00ee311-0ce1-4115-b4c1-69648d9d3094:c2917, bb9367ec-656d-4ade-92be-004a921408cc:c2917]
2019-08-06 03:26:28,319 INFO  client.GrpcClientProtocolClient (GrpcClientProtocolClient.java:onNext(255)) - client-9DC82E534C87->980d9c0c-33ac-4a22-b481-33b8b1eac469: receive RaftClientReply:client-9DC82E534C87->980d9c0c-33ac-4a22-b481-33b8b1eac469@group-23022C6A558E, cid=1993, SUCCESS, logIndex=2921, commits[980d9c0c-33ac-4a22-b481-33b8b1eac469:c2921, e00ee311-0ce1-4115-b4c1-69648d9d3094:c2917, bb9367ec-656d-4ade-92be-004a921408cc:c2917]
2019-08-06 03:26:28,323 INFO  client.GrpcClientProtocolClient (GrpcClientProtocolClient.java:onNext(255)) - client-9DC82E534C87->980d9c0c-33ac-4a22-b481-33b8b1eac469: receive RaftClientReply:client-9DC82E534C87->980d9c0c-33ac-4a22-b481-33b8b1eac469@group-23022C6A558E, cid=1994, SUCCESS, logIndex=0, commits[980d9c0c-33ac-4a22-b481-33b8b1eac469:c2925, e00ee311-0ce1-4115-b4c1-69648d9d3094:c2921, bb9367ec-656d-4ade-92be-004a921408cc:c2919]
2019-08-06 03:26:28,341 INFO  client.GrpcClientProtocolClient (GrpcClientProtocolClient.java:onNext(255)) - client-9DC82E534C87->980d9c0c-33ac-4a22-b481-33b8b1eac469: receive RaftClientReply:client-9DC82E534C87->980d9c0c-33ac-4a22-b481-33b8b1eac469@group-23022C6A558E, cid=1995, SUCCESS, logIndex=2926, commits[980d9c0c-33ac-4a22-b481-33b8b1eac469:c2927, e00ee311-0ce1-4115-b4c1-69648d9d3094:c2925, bb9367ec-656d-4ade-92be-004a921408cc:c2925]
2019-08-06 03:26:28,341 INFO  client.GrpcClientProtocolClient (GrpcClientProtocolClient.java:onNext(255)) - client-9DC82E534C87->980d9c0c-33ac-4a22-b481-33b8b1eac469: receive RaftClientReply:client-9DC82E534C87->980d9c0c-33ac-4a22-b481-33b8b1eac469@group-23022C6A558E, cid=1996, SUCCESS, logIndex=2927, commits[980d9c0c-33ac-4a22-b481-33b8b1eac469:c2927, e00ee311-0ce1-4115-b4c1-69648d9d3094:c2925, bb9367ec-656d-4ade-92be-004a921408cc:c2925]
2019-08-06 03:26:28,356 INFO  client.GrpcClientProtocolClient (GrpcClientProtocolClient.java:onNext(255)) - client-9DC82E534C87->980d9c0c-33ac-4a22-b481-33b8b1eac469: receive RaftClientReply:client-9DC82E534C87->980d9c0c-33ac-4a22-b481-33b8b1eac469@group-23022C6A558E, cid=1997, SUCCESS, logIndex=2930, commits[980d9c0c-33ac-4a22-b481-33b8b1eac469:c2930, e00ee311-0ce1-4115-b4c1-69648d9d3094:c2927, bb9367ec-656d-4ade-92be-004a921408cc:c2927]
2019-08-06 03:26:28,357 INFO  client.GrpcClientProtocolClient (GrpcClientProtocolClient.java:onNext(255)) - client-9DC82E534C87->980d9c0c-33ac-4a22-b481-33b8b1eac469: receive RaftClientReply:client-9DC82E534C87->980d9c0c-33ac-4a22-b481-33b8b1eac469@group-23022C6A558E, cid=1998, SUCCESS, logIndex=2931, commits[980d9c0c-33ac-4a22-b481-33b8b1eac469:c2931, e00ee311-0ce1-4115-b4c1-69648d9d3094:c2927, bb9367ec-656d-4ade-92be-004a921408cc:c2927]
2019-08-06 03:26:28,369 INFO  client.GrpcClientProtocolClient (GrpcClientProtocolClient.java:onNext(255)) - client-9DC82E534C87->980d9c0c-33ac-4a22-b481-33b8b1eac469: receive RaftClientReply:client-9DC82E534C87->980d9c0c-33ac-4a22-b481-33b8b1eac469@group-23022C6A558E, cid=1999, SUCCESS, logIndex=0, commits[980d9c0c-33ac-4a22-b481-33b8b1eac469:c2933, e00ee311-0ce1-4115-b4c1-69648d9d3094:c2931, bb9367ec-656d-4ade-92be-004a921408cc:c2931]
2019-08-06 03:26:28,398 INFO  client.GrpcClientProtocolClient (GrpcClientProtocolClient.java:onNext(255)) - client-9DC82E534C87->980d9c0c-33ac-4a22-b481-33b8b1eac469: receive RaftClientReply:client-9DC82E534C87->980d9c0c-33ac-4a22-b481-33b8b1eac469@group-23022C6A558E, cid=2000, SUCCESS, logIndex=2934, commits[980d9c0c-33ac-4a22-b481-33b8b1eac469:c2935, e00ee311-0ce1-4115-b4c1-69648d9d3094:c2933, bb9367ec-656d-4ade-92be-004a921408cc:c2931]
2019-08-06 03:26:28,399 INFO  client.GrpcClientProtocolClient (GrpcClientProtocolClient.java:onNext(255)) - client-9DC82E534C87->980d9c0c-33ac-4a22-b481-33b8b1eac469: receive RaftClientReply:client-9DC82E534C87->980d9c0c-33ac-4a22-b481-33b8b1eac469@group-23022C6A558E, cid=2001, SUCCESS, logIndex=2935, commits[980d9c0c-33ac-4a22-b481-33b8b1eac469:c2935, e00ee311-0ce1-4115-b4c1-69648d9d3094:c2933, bb9367ec-656d-4ade-92be-004a921408cc:c2933]
2019-08-06 03:26:28,399 INFO  client.GrpcClientProtocolClient (GrpcClientProtocolClient.java:onNext(255)) - client-9DC82E534C87->980d9c0c-33ac-4a22-b481-33b8b1eac469: receive RaftClientReply:client-9DC82E534C87->980d9c0c-33ac-4a22-b481-33b8b1eac469@group-23022C6A558E, cid=2002, SUCCESS, logIndex=2936, commits[980d9c0c-33ac-4a22-b481-33b8b1eac469:c2936, e00ee311-0ce1-4115-b4c1-69648d9d3094:c2933, bb9367ec-656d-4ade-92be-004a921408cc:c2933]
2019-08-06 03:26:28,399 INFO  client.GrpcClientProtocolClient (GrpcClientProtocolClient.java:onNext(255)) - client-9DC82E534C87->980d9c0c-33ac-4a22-b481-33b8b1eac469: receive RaftClientReply:client-9DC82E534C87->980d9c0c-33ac-4a22-b481-33b8b1eac469@group-23022C6A558E, cid=2003, SUCCESS, logIndex=2937, commits[980d9c0c-33ac-4a22-b481-33b8b1eac469:c2937, e00ee311-0ce1-4115-b4c1-69648d9d3094:c2933, bb9367ec-656d-4ade-92be-004a921408cc:c2933]
2019-08-06 03:26:28,401 INFO  client.GrpcClientProtocolClient (GrpcClientProtocolClient.java:onNext(255)) - client-9DC82E534C87->980d9c0c-33ac-4a22-b481-33b8b1eac469: receive RaftClientReply:client-9DC82E534C87->980d9c0c-33ac-4a22-b481-33b8b1eac469@group-23022C6A558E, cid=2004, SUCCESS, logIndex=0, commits[980d9c0c-33ac-4a22-b481-33b8b1eac469:c2939, e00ee311-0ce1-4115-b4c1-69648d9d3094:c2935, bb9367ec-656d-4ade-92be-004a921408cc:c2935]
2019-08-06 03:26:28,488 INFO  client.GrpcClientProtocolClient (GrpcClientProtocolClient.java:onNext(255)) - client-9DC82E534C87->980d9c0c-33ac-4a22-b481-33b8b1eac469: receive RaftClientReply:client-9DC82E534C87->980d9c0c-33ac-4a22-b481-33b8b1eac469@group-23022C6A558E, cid=2005, SUCCESS, logIndex=2942, commits[980d9c0c-33ac-4a22-b481-33b8b1eac469:c2943, e00ee311-0ce1-4115-b4c1-69648d9d3094:c2941, bb9367ec-656d-4ade-92be-004a921408cc:c2941]
2019-08-06 03:26:28,488 INFO  client.GrpcClientProtocolClient (GrpcClientProtocolClient.java:onNext(255)) - client-9DC82E534C87->980d9c0c-33ac-4a22-b481-33b8b1eac469: receive RaftClientReply:client-9DC82E534C87->980d9c0c-33ac-4a22-b481-33b8b1eac469@group-23022C6A558E, cid=2006, SUCCESS, logIndex=2943, commits[980d9c0c-33ac-4a22-b481-33b8b1eac469:c2943, e00ee311-0ce1-4115-b4c1-69648d9d3094:c2941, bb9367ec-656d-4ade-92be-004a921408cc:c2941]
2019-08-06 03:26:28,513 INFO  client.GrpcClientProtocolClient (GrpcClientProtocolClient.java:onNext(255)) - client-9DC82E534C87->980d9c0c-33ac-4a22-b481-33b8b1eac469: receive RaftClientReply:client-9DC82E534C87->980d9c0c-33ac-4a22-b481-33b8b1eac469@group-23022C6A558E, cid=2007, SUCCESS, logIndex=2946, commits[980d9c0c-33ac-4a22-b481-33b8b1eac469:c2947, e00ee311-0ce1-4115-b4c1-69648d9d3094:c2943, bb9367ec-656d-4ade-92be-004a921408cc:c2943]
2019-08-06 03:26:28,514 INFO  client.GrpcClientProtocolClient (GrpcClientProtocolClient.java:onNext(255)) - client-9DC82E534C87->980d9c0c-33ac-4a22-b481-33b8b1eac469: receive RaftClientReply:client-9DC82E534C87->980d9c0c-33ac-4a22-b481-33b8b1eac469@group-23022C6A558E, cid=2008, SUCCESS, logIndex=2947, commits[980d9c0c-33ac-4a22-b481-33b8b1eac469:c2947, e00ee311-0ce1-4115-b4c1-69648d9d3094:c2943, bb9367ec-656d-4ade-92be-004a921408cc:c2943]
2019-08-06 03:26:28,525 INFO  client.GrpcClientProtocolClient (GrpcClientProtocolClient.java:onNext(255)) - client-9DC82E534C87->980d9c0c-33ac-4a22-b481-33b8b1eac469: receive RaftClientReply:client-9DC82E534C87->980d9c0c-33ac-4a22-b481-33b8b1eac469@group-23022C6A558E, cid=2009, SUCCESS, logIndex=0, commits[980d9c0c-33ac-4a22-b481-33b8b1eac469:c2947, e00ee311-0ce1-4115-b4c1-69648d9d3094:c2947, bb9367ec-656d-4ade-92be-004a921408cc:c2947]
2019-08-06 03:26:28,555 INFO  client.GrpcClientProtocolClient (GrpcClientProtocolClient.java:onNext(255)) - client-9DC82E534C87->980d9c0c-33ac-4a22-b481-33b8b1eac469: receive RaftClientReply:client-9DC82E534C87->980d9c0c-33ac-4a22-b481-33b8b1eac469@group-23022C6A558E, cid=2010, SUCCESS, logIndex=2950, commits[980d9c0c-33ac-4a22-b481-33b8b1eac469:c2951, e00ee311-0ce1-4115-b4c1-69648d9d3094:c2949, bb9367ec-656d-4ade-92be-004a921408cc:c2949]
2019-08-06 03:26:28,555 INFO  client.GrpcClientProtocolClient (GrpcClientProtocolClient.java:onNext(255)) - client-9DC82E534C87->980d9c0c-33ac-4a22-b481-33b8b1eac469: receive RaftClientReply:client-9DC82E534C87->980d9c0c-33ac-4a22-b481-33b8b1eac469@group-23022C6A558E, cid=2011, SUCCESS, logIndex=2951, commits[980d9c0c-33ac-4a22-b481-33b8b1eac469:c2953, e00ee311-0ce1-4115-b4c1-69648d9d3094:c2949, bb9367ec-656d-4ade-92be-004a921408cc:c2949]
2019-08-06 03:26:28,555 INFO  client.GrpcClientProtocolClient (GrpcClientProtocolClient.java:onNext(255)) - client-9DC82E534C87->980d9c0c-33ac-4a22-b481-33b8b1eac469: receive RaftClientReply:client-9DC82E534C87->980d9c0c-33ac-4a22-b481-33b8b1eac469@group-23022C6A558E, cid=2012, SUCCESS, logIndex=2952, commits[980d9c0c-33ac-4a22-b481-33b8b1eac469:c2953, e00ee311-0ce1-4115-b4c1-69648d9d3094:c2949, bb9367ec-656d-4ade-92be-004a921408cc:c2949]
2019-08-06 03:26:28,556 INFO  client.GrpcClientProtocolClient (GrpcClientProtocolClient.java:onNext(255)) - client-9DC82E534C87->980d9c0c-33ac-4a22-b481-33b8b1eac469: receive RaftClientReply:client-9DC82E534C87->980d9c0c-33ac-4a22-b481-33b8b1eac469@group-23022C6A558E, cid=2013, SUCCESS, logIndex=2953, commits[980d9c0c-33ac-4a22-b481-33b8b1eac469:c2953, e00ee311-0ce1-4115-b4c1-69648d9d3094:c2949, bb9367ec-656d-4ade-92be-004a921408cc:c2949]
2019-08-06 03:26:28,570 INFO  client.GrpcClientProtocolClient (GrpcClientProtocolClient.java:onNext(255)) - client-9DC82E534C87->980d9c0c-33ac-4a22-b481-33b8b1eac469: receive RaftClientReply:client-9DC82E534C87->980d9c0c-33ac-4a22-b481-33b8b1eac469@group-23022C6A558E, cid=2014, SUCCESS, logIndex=0, commits[980d9c0c-33ac-4a22-b481-33b8b1eac469:c2956, e00ee311-0ce1-4115-b4c1-69648d9d3094:c2953, bb9367ec-656d-4ade-92be-004a921408cc:c2951]
2019-08-06 03:26:28,591 INFO  client.GrpcClientProtocolClient (GrpcClientProtocolClient.java:onNext(255)) - client-9DC82E534C87->980d9c0c-33ac-4a22-b481-33b8b1eac469: receive RaftClientReply:client-9DC82E534C87->980d9c0c-33ac-4a22-b481-33b8b1eac469@group-23022C6A558E, cid=2015, SUCCESS, logIndex=2957, commits[980d9c0c-33ac-4a22-b481-33b8b1eac469:c2957, e00ee311-0ce1-4115-b4c1-69648d9d3094:c2956, bb9367ec-656d-4ade-92be-004a921408cc:c2953]
2019-08-06 03:26:28,592 INFO  client.GrpcClientProtocolClient (GrpcClientProtocolClient.java:onNext(255)) - client-9DC82E534C87->980d9c0c-33ac-4a22-b481-33b8b1eac469: receive RaftClientReply:client-9DC82E534C87->980d9c0c-33ac-4a22-b481-33b8b1eac469@group-23022C6A558E, cid=2016, SUCCESS, logIndex=2958, commits[980d9c0c-33ac-4a22-b481-33b8b1eac469:c2958, e00ee311-0ce1-4115-b4c1-69648d9d3094:c2956, bb9367ec-656d-4ade-92be-004a921408cc:c2956]
2019-08-06 03:26:28,730 INFO  client.GrpcClientProtocolClient (GrpcClientProtocolClient.java:onNext(255)) - client-9DC82E534C87->980d9c0c-33ac-4a22-b481-33b8b1eac469: receive RaftClientReply:client-9DC82E534C87->980d9c0c-33ac-4a22-b481-33b8b1eac469@group-23022C6A558E, cid=2017, SUCCESS, logIndex=2961, commits[980d9c0c-33ac-4a22-b481-33b8b1eac469:c2962, e00ee311-0ce1-4115-b4c1-69648d9d3094:c2958, bb9367ec-656d-4ade-92be-004a921408cc:c2958]
2019-08-06 03:26:28,731 INFO  client.GrpcClientProtocolClient (GrpcClientProtocolClient.java:onNext(255)) - client-9DC82E534C87->980d9c0c-33ac-4a22-b481-33b8b1eac469: receive RaftClientReply:client-9DC82E534C87->980d9c0c-33ac-4a22-b481-33b8b1eac469@group-23022C6A558E, cid=2018, SUCCESS, logIndex=2962, commits[980d9c0c-33ac-4a22-b481-33b8b1eac469:c2962, e00ee311-0ce1-4115-b4c1-69648d9d3094:c2958, bb9367ec-656d-4ade-92be-004a921408cc:c2958]
2019-08-06 03:26:28,732 INFO  client.GrpcClientProtocolClient (GrpcClientProtocolClient.java:onNext(255)) - client-9DC82E534C87->980d9c0c-33ac-4a22-b481-33b8b1eac469: receive RaftClientReply:client-9DC82E534C87->980d9c0c-33ac-4a22-b481-33b8b1eac469@group-23022C6A558E, cid=2019, SUCCESS, logIndex=0, commits[980d9c0c-33ac-4a22-b481-33b8b1eac469:c2963, e00ee311-0ce1-4115-b4c1-69648d9d3094:c2962, bb9367ec-656d-4ade-92be-004a921408cc:c2962]
2019-08-06 03:26:28,764 INFO  client.GrpcClientProtocolClient (GrpcClientProtocolClient.java:onNext(255)) - client-9DC82E534C87->980d9c0c-33ac-4a22-b481-33b8b1eac469: receive RaftClientReply:client-9DC82E534C87->980d9c0c-33ac-4a22-b481-33b8b1eac469@group-23022C6A558E, cid=2020, SUCCESS, logIndex=2965, commits[980d9c0c-33ac-4a22-b481-33b8b1eac469:c2966, e00ee311-0ce1-4115-b4c1-69648d9d3094:c2964, bb9367ec-656d-4ade-92be-004a921408cc:c2964]
2019-08-06 03:26:28,765 INFO  client.GrpcClientProtocolClient (GrpcClientProtocolClient.java:onNext(255)) - client-9DC82E534C87->980d9c0c-33ac-4a22-b481-33b8b1eac469: receive RaftClientReply:client-9DC82E534C87->980d9c0c-33ac-4a22-b481-33b8b1eac469@group-23022C6A558E, cid=2021, SUCCESS, logIndex=2966, commits[980d9c0c-33ac-4a22-b481-33b8b1eac469:c2969, e00ee311-0ce1-4115-b4c1-69648d9d3094:c2965, bb9367ec-656d-4ade-92be-004a921408cc:c2964]
2019-08-06 03:26:28,765 INFO  client.GrpcClientProtocolClient (GrpcClientProtocolClient.java:onNext(255)) - client-9DC82E534C87->980d9c0c-33ac-4a22-b481-33b8b1eac469: receive RaftClientReply:client-9DC82E534C87->980d9c0c-33ac-4a22-b481-33b8b1eac469@group-23022C6A558E, cid=2022, SUCCESS, logIndex=2967, commits[980d9c0c-33ac-4a22-b481-33b8b1eac469:c2969, e00ee311-0ce1-4115-b4c1-69648d9d3094:c2965, bb9367ec-656d-4ade-92be-004a921408cc:c2965]
2019-08-06 03:26:28,766 INFO  client.GrpcClientProtocolClient (GrpcClientProtocolClient.java:onNext(255)) - client-9DC82E534C87->980d9c0c-33ac-4a22-b481-33b8b1eac469: receive RaftClientReply:client-9DC82E534C87->980d9c0c-33ac-4a22-b481-33b8b1eac469@group-23022C6A558E, cid=2023, SUCCESS, logIndex=2968, commits[980d9c0c-33ac-4a22-b481-33b8b1eac469:c2970, e00ee311-0ce1-4115-b4c1-69648d9d3094:c2965, bb9367ec-656d-4ade-92be-004a921408cc:c2966]
2019-08-06 03:26:28,767 INFO  client.GrpcClientProtocolClient (GrpcClientProtocolClient.java:onNext(255)) - client-9DC82E534C87->980d9c0c-33ac-4a22-b481-33b8b1eac469: receive RaftClientReply:client-9DC82E534C87->980d9c0c-33ac-4a22-b481-33b8b1eac469@group-23022C6A558E, cid=2024, SUCCESS, logIndex=0, commits[980d9c0c-33ac-4a22-b481-33b8b1eac469:c2970, e00ee311-0ce1-4115-b4c1-69648d9d3094:c2966, bb9367ec-656d-4ade-92be-004a921408cc:c2966]
2019-08-06 03:26:28,779 INFO  client.GrpcClientProtocolClient (GrpcClientProtocolClient.java:onNext(255)) - client-9DC82E534C87->980d9c0c-33ac-4a22-b481-33b8b1eac469: receive RaftClientReply:client-9DC82E534C87->980d9c0c-33ac-4a22-b481-33b8b1eac469@group-23022C6A558E, cid=2025, SUCCESS, logIndex=2973, commits[980d9c0c-33ac-4a22-b481-33b8b1eac469:c2974, e00ee311-0ce1-4115-b4c1-69648d9d3094:c2968, bb9367ec-656d-4ade-92be-004a921408cc:c2970]
2019-08-06 03:26:28,780 INFO  client.GrpcClientProtocolClient (GrpcClientProtocolClient.java:onNext(255)) - client-9DC82E534C87->980d9c0c-33ac-4a22-b481-33b8b1eac469: receive RaftClientReply:client-9DC82E534C87->980d9c0c-33ac-4a22-b481-33b8b1eac469@group-23022C6A558E, cid=2026, SUCCESS, logIndex=2974, commits[980d9c0c-33ac-4a22-b481-33b8b1eac469:c2974, e00ee311-0ce1-4115-b4c1-69648d9d3094:c2970, bb9367ec-656d-4ade-92be-004a921408cc:c2970]
2019-08-06 03:26:28,811 INFO  client.GrpcClientProtocolClient (GrpcClientProtocolClient.java:onNext(255)) - client-9DC82E534C87->980d9c0c-33ac-4a22-b481-33b8b1eac469: receive RaftClientReply:client-9DC82E534C87->980d9c0c-33ac-4a22-b481-33b8b1eac469@group-23022C6A558E, cid=2027, SUCCESS, logIndex=2977, commits[980d9c0c-33ac-4a22-b481-33b8b1eac469:c2978, e00ee311-0ce1-4115-b4c1-69648d9d3094:c2976, bb9367ec-656d-4ade-92be-004a921408cc:c2976]
2019-08-06 03:26:28,811 INFO  client.GrpcClientProtocolClient (GrpcClientProtocolClient.java:onNext(255)) - client-9DC82E534C87->980d9c0c-33ac-4a22-b481-33b8b1eac469: receive RaftClientReply:client-9DC82E534C87->980d9c0c-33ac-4a22-b481-33b8b1eac469@group-23022C6A558E, cid=2028, SUCCESS, logIndex=2978, commits[980d9c0c-33ac-4a22-b481-33b8b1eac469:c2978, e00ee311-0ce1-4115-b4c1-69648d9d3094:c2976, bb9367ec-656d-4ade-92be-004a921408cc:c2976]
2019-08-06 03:26:28,825 INFO  client.GrpcClientProtocolClient (GrpcClientProtocolClient.java:onNext(255)) - client-9DC82E534C87->980d9c0c-33ac-4a22-b481-33b8b1eac469: receive RaftClientReply:client-9DC82E534C87->980d9c0c-33ac-4a22-b481-33b8b1eac469@group-23022C6A558E, cid=2029, SUCCESS, logIndex=0, commits[980d9c0c-33ac-4a22-b481-33b8b1eac469:c2980, e00ee311-0ce1-4115-b4c1-69648d9d3094:c2978, bb9367ec-656d-4ade-92be-004a921408cc:c2978]
2019-08-06 03:26:28,857 INFO  client.GrpcClientProtocolClient (GrpcClientProtocolClient.java:onNext(255)) - client-9DC82E534C87->980d9c0c-33ac-4a22-b481-33b8b1eac469: receive RaftClientReply:client-9DC82E534C87->980d9c0c-33ac-4a22-b481-33b8b1eac469@group-23022C6A558E, cid=2030, SUCCESS, logIndex=2981, commits[980d9c0c-33ac-4a22-b481-33b8b1eac469:c2982, e00ee311-0ce1-4115-b4c1-69648d9d3094:c2980, bb9367ec-656d-4ade-92be-004a921408cc:c2980]
2019-08-06 03:26:28,858 INFO  client.GrpcClientProtocolClient (GrpcClientProtocolClient.java:onNext(255)) - client-9DC82E534C87->980d9c0c-33ac-4a22-b481-33b8b1eac469: receive RaftClientReply:client-9DC82E534C87->980d9c0c-33ac-4a22-b481-33b8b1eac469@group-23022C6A558E, cid=2031, SUCCESS, logIndex=2982, commits[980d9c0c-33ac-4a22-b481-33b8b1eac469:c2982, e00ee311-0ce1-4115-b4c1-69648d9d3094:c2980, bb9367ec-656d-4ade-92be-004a921408cc:c2980]
2019-08-06 03:26:28,858 INFO  client.GrpcClientProtocolClient (GrpcClientProtocolClient.java:onNext(255)) - client-9DC82E534C87->980d9c0c-33ac-4a22-b481-33b8b1eac469: receive RaftClientReply:client-9DC82E534C87->980d9c0c-33ac-4a22-b481-33b8b1eac469@group-23022C6A558E, cid=2032, SUCCESS, logIndex=2983, commits[980d9c0c-33ac-4a22-b481-33b8b1eac469:c2984, e00ee311-0ce1-4115-b4c1-69648d9d3094:c2980, bb9367ec-656d-4ade-92be-004a921408cc:c2980]
2019-08-06 03:26:28,859 INFO  client.GrpcClientProtocolClient (GrpcClientProtocolClient.java:onNext(255)) - client-9DC82E534C87->980d9c0c-33ac-4a22-b481-33b8b1eac469: receive RaftClientReply:client-9DC82E534C87->980d9c0c-33ac-4a22-b481-33b8b1eac469@group-23022C6A558E, cid=2033, SUCCESS, logIndex=2984, commits[980d9c0c-33ac-4a22-b481-33b8b1eac469:c2984, e00ee311-0ce1-4115-b4c1-69648d9d3094:c2980, bb9367ec-656d-4ade-92be-004a921408cc:c2980]
2019-08-06 03:26:28,873 INFO  client.GrpcClientProtocolClient (GrpcClientProtocolClient.java:onNext(255)) - client-9DC82E534C87->980d9c0c-33ac-4a22-b481-33b8b1eac469: receive RaftClientReply:client-9DC82E534C87->980d9c0c-33ac-4a22-b481-33b8b1eac469@group-23022C6A558E, cid=2034, SUCCESS, logIndex=0, commits[980d9c0c-33ac-4a22-b481-33b8b1eac469:c2986, e00ee311-0ce1-4115-b4c1-69648d9d3094:c2982, bb9367ec-656d-4ade-92be-004a921408cc:c2982]
2019-08-06 03:26:28,885 INFO  client.GrpcClientProtocolClient (GrpcClientProtocolClient.java:onNext(255)) - client-9DC82E534C87->980d9c0c-33ac-4a22-b481-33b8b1eac469: receive RaftClientReply:client-9DC82E534C87->980d9c0c-33ac-4a22-b481-33b8b1eac469@group-23022C6A558E, cid=2035, SUCCESS, logIndex=2989, commits[980d9c0c-33ac-4a22-b481-33b8b1eac469:c2990, e00ee311-0ce1-4115-b4c1-69648d9d3094:c2984, bb9367ec-656d-4ade-92be-004a921408cc:c2988]
2019-08-06 03:26:28,885 INFO  client.GrpcClientProtocolClient (GrpcClientProtocolClient.java:onNext(255)) - client-9DC82E534C87->980d9c0c-33ac-4a22-b481-33b8b1eac469: receive RaftClientReply:client-9DC82E534C87->980d9c0c-33ac-4a22-b481-33b8b1eac469@group-23022C6A558E, cid=2036, SUCCESS, logIndex=2990, commits[980d9c0c-33ac-4a22-b481-33b8b1eac469:c2990, e00ee311-0ce1-4115-b4c1-69648d9d3094:c2984, bb9367ec-656d-4ade-92be-004a921408cc:c2988]
2019-08-06 03:26:28,899 INFO  client.GrpcClientProtocolClient (GrpcClientProtocolClient.java:onNext(255)) - client-9DC82E534C87->980d9c0c-33ac-4a22-b481-33b8b1eac469: receive RaftClientReply:client-9DC82E534C87->980d9c0c-33ac-4a22-b481-33b8b1eac469@group-23022C6A558E, cid=2037, SUCCESS, logIndex=2993, commits[980d9c0c-33ac-4a22-b481-33b8b1eac469:c2994, e00ee311-0ce1-4115-b4c1-69648d9d3094:c2990, bb9367ec-656d-4ade-92be-004a921408cc:c2990]
2019-08-06 03:26:28,899 INFO  client.GrpcClientProtocolClient (GrpcClientProtocolClient.java:onNext(255)) - client-9DC82E534C87->980d9c0c-33ac-4a22-b481-33b8b1eac469: receive RaftClientReply:client-9DC82E534C87->980d9c0c-33ac-4a22-b481-33b8b1eac469@group-23022C6A558E, cid=2038, SUCCESS, logIndex=2994, commits[980d9c0c-33ac-4a22-b481-33b8b1eac469:c2994, e00ee311-0ce1-4115-b4c1-69648d9d3094:c2990, bb9367ec-656d-4ade-92be-004a921408cc:c2990]
2019-08-06 03:26:28,912 INFO  client.GrpcClientProtocolClient (GrpcClientProtocolClient.java:onNext(255)) - client-9DC82E534C87->980d9c0c-33ac-4a22-b481-33b8b1eac469: receive RaftClientReply:client-9DC82E534C87->980d9c0c-33ac-4a22-b481-33b8b1eac469@group-23022C6A558E, cid=2039, SUCCESS, logIndex=0, commits[980d9c0c-33ac-4a22-b481-33b8b1eac469:c2995, e00ee311-0ce1-4115-b4c1-69648d9d3094:c2994, bb9367ec-656d-4ade-92be-004a921408cc:c2994]
2019-08-06 03:26:28,946 INFO  client.GrpcClientProtocolClient (GrpcClientProtocolClient.java:onNext(255)) - client-9DC82E534C87->980d9c0c-33ac-4a22-b481-33b8b1eac469: receive RaftClientReply:client-9DC82E534C87->980d9c0c-33ac-4a22-b481-33b8b1eac469@group-23022C6A558E, cid=2040, SUCCESS, logIndex=2996, commits[980d9c0c-33ac-4a22-b481-33b8b1eac469:c2998, e00ee311-0ce1-4115-b4c1-69648d9d3094:c2995, bb9367ec-656d-4ade-92be-004a921408cc:c2995]
2019-08-06 03:26:28,947 INFO  client.GrpcClientProtocolClient (GrpcClientProtocolClient.java:onNext(255)) - client-9DC82E534C87->980d9c0c-33ac-4a22-b481-33b8b1eac469: receive RaftClientReply:client-9DC82E534C87->980d9c0c-33ac-4a22-b481-33b8b1eac469@group-23022C6A558E, cid=2041, SUCCESS, logIndex=2997, commits[980d9c0c-33ac-4a22-b481-33b8b1eac469:c2999, e00ee311-0ce1-4115-b4c1-69648d9d3094:c2995, bb9367ec-656d-4ade-92be-004a921408cc:c2995]
2019-08-06 03:26:28,947 INFO  client.GrpcClientProtocolClient (GrpcClientProtocolClient.java:onNext(255)) - client-9DC82E534C87->980d9c0c-33ac-4a22-b481-33b8b1eac469: receive RaftClientReply:client-9DC82E534C87->980d9c0c-33ac-4a22-b481-33b8b1eac469@group-23022C6A558E, cid=2042, SUCCESS, logIndex=2998, commits[980d9c0c-33ac-4a22-b481-33b8b1eac469:c2999, e00ee311-0ce1-4115-b4c1-69648d9d3094:c2995, bb9367ec-656d-4ade-92be-004a921408cc:c2995]
2019-08-06 03:26:28,947 INFO  client.GrpcClientProtocolClient (GrpcClientProtocolClient.java:onNext(255)) - client-9DC82E534C87->980d9c0c-33ac-4a22-b481-33b8b1eac469: receive RaftClientReply:client-9DC82E534C87->980d9c0c-33ac-4a22-b481-33b8b1eac469@group-23022C6A558E, cid=2043, SUCCESS, logIndex=2999, commits[980d9c0c-33ac-4a22-b481-33b8b1eac469:c2999, e00ee311-0ce1-4115-b4c1-69648d9d3094:c2995, bb9367ec-656d-4ade-92be-004a921408cc:c2995]
2019-08-06 03:26:28,972 INFO  client.GrpcClientProtocolClient (GrpcClientProtocolClient.java:onNext(255)) - client-9DC82E534C87->980d9c0c-33ac-4a22-b481-33b8b1eac469: receive RaftClientReply:client-9DC82E534C87->980d9c0c-33ac-4a22-b481-33b8b1eac469@group-23022C6A558E, cid=2044, SUCCESS, logIndex=0, commits[980d9c0c-33ac-4a22-b481-33b8b1eac469:c3002, e00ee311-0ce1-4115-b4c1-69648d9d3094:c2998, bb9367ec-656d-4ade-92be-004a921408cc:c2997]
2019-08-06 03:26:28,994 INFO  client.GrpcClientProtocolClient (GrpcClientProtocolClient.java:onNext(255)) - client-9DC82E534C87->980d9c0c-33ac-4a22-b481-33b8b1eac469: receive RaftClientReply:client-9DC82E534C87->980d9c0c-33ac-4a22-b481-33b8b1eac469@group-23022C6A558E, cid=2045, SUCCESS, logIndex=3004, commits[980d9c0c-33ac-4a22-b481-33b8b1eac469:c3005, e00ee311-0ce1-4115-b4c1-69648d9d3094:c3003, bb9367ec-656d-4ade-92be-004a921408cc:c3003]
2019-08-06 03:26:28,994 INFO  client.GrpcClientProtocolClient (GrpcClientProtocolClient.java:onNext(255)) - client-9DC82E534C87->980d9c0c-33ac-4a22-b481-33b8b1eac469: receive RaftClientReply:client-9DC82E534C87->980d9c0c-33ac-4a22-b481-33b8b1eac469@group-23022C6A558E, cid=2046, SUCCESS, logIndex=3005, commits[980d9c0c-33ac-4a22-b481-33b8b1eac469:c3005, e00ee311-0ce1-4115-b4c1-69648d9d3094:c3003, bb9367ec-656d-4ade-92be-004a921408cc:c3003]
2019-08-06 03:26:29,020 INFO  client.GrpcClientProtocolClient (GrpcClientProtocolClient.java:onNext(255)) - client-9DC82E534C87->980d9c0c-33ac-4a22-b481-33b8b1eac469: receive RaftClientReply:client-9DC82E534C87->980d9c0c-33ac-4a22-b481-33b8b1eac469@group-23022C6A558E, cid=2047, SUCCESS, logIndex=3008, commits[980d9c0c-33ac-4a22-b481-33b8b1eac469:c3009, e00ee311-0ce1-4115-b4c1-69648d9d3094:c3005, bb9367ec-656d-4ade-92be-004a921408cc:c3005]
2019-08-06 03:26:29,021 INFO  client.GrpcClientProtocolClient (GrpcClientProtocolClient.java:onNext(255)) - client-9DC82E534C87->980d9c0c-33ac-4a22-b481-33b8b1eac469: receive RaftClientReply:client-9DC82E534C87->980d9c0c-33ac-4a22-b481-33b8b1eac469@group-23022C6A558E, cid=2048, SUCCESS, logIndex=3009, commits[980d9c0c-33ac-4a22-b481-33b8b1eac469:c3009, e00ee311-0ce1-4115-b4c1-69648d9d3094:c3005, bb9367ec-656d-4ade-92be-004a921408cc:c3005]
2019-08-06 03:26:29,047 INFO  client.GrpcClientProtocolClient (GrpcClientProtocolClient.java:onNext(255)) - client-9DC82E534C87->980d9c0c-33ac-4a22-b481-33b8b1eac469: receive RaftClientReply:client-9DC82E534C87->980d9c0c-33ac-4a22-b481-33b8b1eac469@group-23022C6A558E, cid=2049, SUCCESS, logIndex=0, commits[980d9c0c-33ac-4a22-b481-33b8b1eac469:c3010, e00ee311-0ce1-4115-b4c1-69648d9d3094:c3009, bb9367ec-656d-4ade-92be-004a921408cc:c3009]
2019-08-06 03:26:29,074 INFO  client.GrpcClientProtocolClient (GrpcClientProtocolClient.java:onNext(255)) - client-9DC82E534C87->980d9c0c-33ac-4a22-b481-33b8b1eac469: receive RaftClientReply:client-9DC82E534C87->980d9c0c-33ac-4a22-b481-33b8b1eac469@group-23022C6A558E, cid=2050, SUCCESS, logIndex=3012, commits[980d9c0c-33ac-4a22-b481-33b8b1eac469:c3013, e00ee311-0ce1-4115-b4c1-69648d9d3094:c3011, bb9367ec-656d-4ade-92be-004a921408cc:c3011]
2019-08-06 03:26:29,074 INFO  client.GrpcClientProtocolClient (GrpcClientProtocolClient.java:onNext(255)) - client-9DC82E534C87->980d9c0c-33ac-4a22-b481-33b8b1eac469: receive RaftClientReply:client-9DC82E534C87->980d9c0c-33ac-4a22-b481-33b8b1eac469@group-23022C6A558E, cid=2051, SUCCESS, logIndex=3013, commits[980d9c0c-33ac-4a22-b481-33b8b1eac469:c3015, e00ee311-0ce1-4115-b4c1-69648d9d3094:c3011, bb9367ec-656d-4ade-92be-004a921408cc:c3011]
2019-08-06 03:26:29,075 INFO  client.GrpcClientProtocolClient (GrpcClientProtocolClient.java:onNext(255)) - client-9DC82E534C87->980d9c0c-33ac-4a22-b481-33b8b1eac469: receive RaftClientReply:client-9DC82E534C87->980d9c0c-33ac-4a22-b481-33b8b1eac469@group-23022C6A558E, cid=2052, SUCCESS, logIndex=3014, commits[980d9c0c-33ac-4a22-b481-33b8b1eac469:c3015, e00ee311-0ce1-4115-b4c1-69648d9d3094:c3011, bb9367ec-656d-4ade-92be-004a921408cc:c3011]
2019-08-06 03:26:29,075 INFO  client.GrpcClientProtocolClient (GrpcClientProtocolClient.java:onNext(255)) - client-9DC82E534C87->980d9c0c-33ac-4a22-b481-33b8b1eac469: receive RaftClientReply:client-9DC82E534C87->980d9c0c-33ac-4a22-b481-33b8b1eac469@group-23022C6A558E, cid=2053, SUCCESS, logIndex=3015, commits[980d9c0c-33ac-4a22-b481-33b8b1eac469:c3015, e00ee311-0ce1-4115-b4c1-69648d9d3094:c3012, bb9367ec-656d-4ade-92be-004a921408cc:c3011]
2019-08-06 03:26:29,078 INFO  client.GrpcClientProtocolClient (GrpcClientProtocolClient.java:onNext(255)) - client-9DC82E534C87->980d9c0c-33ac-4a22-b481-33b8b1eac469: receive RaftClientReply:client-9DC82E534C87->980d9c0c-33ac-4a22-b481-33b8b1eac469@group-23022C6A558E, cid=2054, SUCCESS, logIndex=0, commits[980d9c0c-33ac-4a22-b481-33b8b1eac469:c3018, e00ee311-0ce1-4115-b4c1-69648d9d3094:c3013, bb9367ec-656d-4ade-92be-004a921408cc:c3015]
2019-08-06 03:26:29,099 INFO  client.GrpcClientProtocolClient (GrpcClientProtocolClient.java:onNext(255)) - client-9DC82E534C87->980d9c0c-33ac-4a22-b481-33b8b1eac469: receive RaftClientReply:client-9DC82E534C87->980d9c0c-33ac-4a22-b481-33b8b1eac469@group-23022C6A558E, cid=2055, SUCCESS, logIndex=3019, commits[980d9c0c-33ac-4a22-b481-33b8b1eac469:c3020, e00ee311-0ce1-4115-b4c1-69648d9d3094:c3018, bb9367ec-656d-4ade-92be-004a921408cc:c3018]
2019-08-06 03:26:29,099 INFO  client.GrpcClientProtocolClient (GrpcClientProtocolClient.java:onNext(255)) - client-9DC82E534C87->980d9c0c-33ac-4a22-b481-33b8b1eac469: receive RaftClientReply:client-9DC82E534C87->980d9c0c-33ac-4a22-b481-33b8b1eac469@group-23022C6A558E, cid=2056, SUCCESS, logIndex=3020, commits[980d9c0c-33ac-4a22-b481-33b8b1eac469:c3020, e00ee311-0ce1-4115-b4c1-69648d9d3094:c3018, bb9367ec-656d-4ade-92be-004a921408cc:c3018]
2019-08-06 03:26:29,114 INFO  client.GrpcClientProtocolClient (GrpcClientProtocolClient.java:onNext(255)) - client-9DC82E534C87->980d9c0c-33ac-4a22-b481-33b8b1eac469: receive RaftClientReply:client-9DC82E534C87->980d9c0c-33ac-4a22-b481-33b8b1eac469@group-23022C6A558E, cid=2057, SUCCESS, logIndex=3023, commits[980d9c0c-33ac-4a22-b481-33b8b1eac469:c3024, e00ee311-0ce1-4115-b4c1-69648d9d3094:c3020, bb9367ec-656d-4ade-92be-004a921408cc:c3020]
2019-08-06 03:26:29,114 INFO  client.GrpcClientProtocolClient (GrpcClientProtocolClient.java:onNext(255)) - client-9DC82E534C87->980d9c0c-33ac-4a22-b481-33b8b1eac469: receive RaftClientReply:client-9DC82E534C87->980d9c0c-33ac-4a22-b481-33b8b1eac469@group-23022C6A558E, cid=2058, SUCCESS, logIndex=3024, commits[980d9c0c-33ac-4a22-b481-33b8b1eac469:c3024, e00ee311-0ce1-4115-b4c1-69648d9d3094:c3020, bb9367ec-656d-4ade-92be-004a921408cc:c3020]
2019-08-06 03:26:29,138 INFO  client.GrpcClientProtocolClient (GrpcClientProtocolClient.java:onNext(255)) - client-9DC82E534C87->980d9c0c-33ac-4a22-b481-33b8b1eac469: receive RaftClientReply:client-9DC82E534C87->980d9c0c-33ac-4a22-b481-33b8b1eac469@group-23022C6A558E, cid=2059, SUCCESS, logIndex=0, commits[980d9c0c-33ac-4a22-b481-33b8b1eac469:c3026, e00ee311-0ce1-4115-b4c1-69648d9d3094:c3024, bb9367ec-656d-4ade-92be-004a921408cc:c3024]
2019-08-06 03:26:29,169 INFO  client.GrpcClientProtocolClient (GrpcClientProtocolClient.java:onNext(255)) - client-9DC82E534C87->980d9c0c-33ac-4a22-b481-33b8b1eac469: receive RaftClientReply:client-9DC82E534C87->980d9c0c-33ac-4a22-b481-33b8b1eac469@group-23022C6A558E, cid=2060, SUCCESS, logIndex=3027, commits[980d9c0c-33ac-4a22-b481-33b8b1eac469:c3028, e00ee311-0ce1-4115-b4c1-69648d9d3094:c3026, bb9367ec-656d-4ade-92be-004a921408cc:c3026]
2019-08-06 03:26:29,171 INFO  client.GrpcClientProtocolClient (GrpcClientProtocolClient.java:onNext(255)) - client-9DC82E534C87->980d9c0c-33ac-4a22-b481-33b8b1eac469: receive RaftClientReply:client-9DC82E534C87->980d9c0c-33ac-4a22-b481-33b8b1eac469@group-23022C6A558E, cid=2061, SUCCESS, logIndex=3028, commits[980d9c0c-33ac-4a22-b481-33b8b1eac469:c3028, e00ee311-0ce1-4115-b4c1-69648d9d3094:c3026, bb9367ec-656d-4ade-92be-004a921408cc:c3026]
2019-08-06 03:26:29,182 INFO  client.GrpcClientProtocolClient (GrpcClientProtocolClient.java:onNext(255)) - client-9DC82E534C87->980d9c0c-33ac-4a22-b481-33b8b1eac469: receive RaftClientReply:client-9DC82E534C87->980d9c0c-33ac-4a22-b481-33b8b1eac469@group-23022C6A558E, cid=2062, SUCCESS, logIndex=3029, commits[980d9c0c-33ac-4a22-b481-33b8b1eac469:c3030, e00ee311-0ce1-4115-b4c1-69648d9d3094:c3026, bb9367ec-656d-4ade-92be-004a921408cc:c3026]
2019-08-06 03:26:29,182 INFO  client.GrpcClientProtocolClient (GrpcClientProtocolClient.java:onNext(255)) - client-9DC82E534C87->980d9c0c-33ac-4a22-b481-33b8b1eac469: receive RaftClientReply:client-9DC82E534C87->980d9c0c-33ac-4a22-b481-33b8b1eac469@group-23022C6A558E, cid=2063, SUCCESS, logIndex=3030, commits[980d9c0c-33ac-4a22-b481-33b8b1eac469:c3030, e00ee311-0ce1-4115-b4c1-69648d9d3094:c3026, bb9367ec-656d-4ade-92be-004a921408cc:c3026]
2019-08-06 03:26:29,194 INFO  client.GrpcClientProtocolClient (GrpcClientProtocolClient.java:onNext(255)) - client-9DC82E534C87->980d9c0c-33ac-4a22-b481-33b8b1eac469: receive RaftClientReply:client-9DC82E534C87->980d9c0c-33ac-4a22-b481-33b8b1eac469@group-23022C6A558E, cid=2064, SUCCESS, logIndex=0, commits[980d9c0c-33ac-4a22-b481-33b8b1eac469:c3032, e00ee311-0ce1-4115-b4c1-69648d9d3094:c3028, bb9367ec-656d-4ade-92be-004a921408cc:c3028]
 0.00% |█                                                                                                    |  0/1 Time: 0:00:162019-08-06 03:26:29,220 INFO  client.GrpcClientProtocolClient (GrpcClientProtocolClient.java:onNext(255)) - client-9DC82E534C87->980d9c0c-33ac-4a22-b481-33b8b1eac469: receive RaftClientReply:client-9DC82E534C87->980d9c0c-33ac-4a22-b481-33b8b1eac469@group-23022C6A558E, cid=2065, SUCCESS, logIndex=3035, commits[980d9c0c-33ac-4a22-b481-33b8b1eac469:c3036, e00ee311-0ce1-4115-b4c1-69648d9d3094:c3032, bb9367ec-656d-4ade-92be-004a921408cc:c3032]
2019-08-06 03:26:29,220 INFO  client.GrpcClientProtocolClient (GrpcClientProtocolClient.java:onNext(255)) - client-9DC82E534C87->980d9c0c-33ac-4a22-b481-33b8b1eac469: receive RaftClientReply:client-9DC82E534C87->980d9c0c-33ac-4a22-b481-33b8b1eac469@group-23022C6A558E, cid=2066, SUCCESS, logIndex=3036, commits[980d9c0c-33ac-4a22-b481-33b8b1eac469:c3036, e00ee311-0ce1-4115-b4c1-69648d9d3094:c3032, bb9367ec-656d-4ade-92be-004a921408cc:c3032]
2019-08-06 03:26:29,247 INFO  client.GrpcClientProtocolClient (GrpcClientProtocolClient.java:onNext(255)) - client-9DC82E534C87->980d9c0c-33ac-4a22-b481-33b8b1eac469: receive RaftClientReply:client-9DC82E534C87->980d9c0c-33ac-4a22-b481-33b8b1eac469@group-23022C6A558E, cid=2067, SUCCESS, logIndex=3039, commits[980d9c0c-33ac-4a22-b481-33b8b1eac469:c3040, e00ee311-0ce1-4115-b4c1-69648d9d3094:c3036, bb9367ec-656d-4ade-92be-004a921408cc:c3036]
2019-08-06 03:26:29,248 INFO  client.GrpcClientProtocolClient (GrpcClientProtocolClient.java:onNext(255)) - client-9DC82E534C87->980d9c0c-33ac-4a22-b481-33b8b1eac469: receive RaftClientReply:client-9DC82E534C87->980d9c0c-33ac-4a22-b481-33b8b1eac469@group-23022C6A558E, cid=2068, SUCCESS, logIndex=3040, commits[980d9c0c-33ac-4a22-b481-33b8b1eac469:c3040, e00ee311-0ce1-4115-b4c1-69648d9d3094:c3036, bb9367ec-656d-4ade-92be-004a921408cc:c3036]
2019-08-06 03:26:29,260 INFO  client.GrpcClientProtocolClient (GrpcClientProtocolClient.java:onNext(255)) - client-9DC82E534C87->980d9c0c-33ac-4a22-b481-33b8b1eac469: receive RaftClientReply:client-9DC82E534C87->980d9c0c-33ac-4a22-b481-33b8b1eac469@group-23022C6A558E, cid=2069, SUCCESS, logIndex=0, commits[980d9c0c-33ac-4a22-b481-33b8b1eac469:c3042, e00ee311-0ce1-4115-b4c1-69648d9d3094:c3040, bb9367ec-656d-4ade-92be-004a921408cc:c3040]
2019-08-06 03:26:29,287 INFO  client.GrpcClientProtocolClient (GrpcClientProtocolClient.java:onNext(255)) - client-9DC82E534C87->980d9c0c-33ac-4a22-b481-33b8b1eac469: receive RaftClientReply:client-9DC82E534C87->980d9c0c-33ac-4a22-b481-33b8b1eac469@group-23022C6A558E, cid=2070, SUCCESS, logIndex=3043, commits[980d9c0c-33ac-4a22-b481-33b8b1eac469:c3044, e00ee311-0ce1-4115-b4c1-69648d9d3094:c3042, bb9367ec-656d-4ade-92be-004a921408cc:c3042]
2019-08-06 03:26:29,287 INFO  client.GrpcClientProtocolClient (GrpcClientProtocolClient.java:onNext(255)) - client-9DC82E534C87->980d9c0c-33ac-4a22-b481-33b8b1eac469: receive RaftClientReply:client-9DC82E534C87->980d9c0c-33ac-4a22-b481-33b8b1eac469@group-23022C6A558E, cid=2071, SUCCESS, logIndex=3044, commits[980d9c0c-33ac-4a22-b481-33b8b1eac469:c3046, e00ee311-0ce1-4115-b4c1-69648d9d3094:c3042, bb9367ec-656d-4ade-92be-004a921408cc:c3042]
2019-08-06 03:26:29,288 INFO  client.GrpcClientProtocolClient (GrpcClientProtocolClient.java:onNext(255)) - client-9DC82E534C87->980d9c0c-33ac-4a22-b481-33b8b1eac469: receive RaftClientReply:client-9DC82E534C87->980d9c0c-33ac-4a22-b481-33b8b1eac469@group-23022C6A558E, cid=2072, SUCCESS, logIndex=3045, commits[980d9c0c-33ac-4a22-b481-33b8b1eac469:c3046, e00ee311-0ce1-4115-b4c1-69648d9d3094:c3042, bb9367ec-656d-4ade-92be-004a921408cc:c3042]
2019-08-06 03:26:29,288 INFO  client.GrpcClientProtocolClient (GrpcClientProtocolClient.java:onNext(255)) - client-9DC82E534C87->980d9c0c-33ac-4a22-b481-33b8b1eac469: receive RaftClientReply:client-9DC82E534C87->980d9c0c-33ac-4a22-b481-33b8b1eac469@group-23022C6A558E, cid=2073, SUCCESS, logIndex=3046, commits[980d9c0c-33ac-4a22-b481-33b8b1eac469:c3046, e00ee311-0ce1-4115-b4c1-69648d9d3094:c3042, bb9367ec-656d-4ade-92be-004a921408cc:c3042]
2019-08-06 03:26:29,301 INFO  client.GrpcClientProtocolClient (GrpcClientProtocolClient.java:onNext(255)) - client-9DC82E534C87->980d9c0c-33ac-4a22-b481-33b8b1eac469: receive RaftClientReply:client-9DC82E534C87->980d9c0c-33ac-4a22-b481-33b8b1eac469@group-23022C6A558E, cid=2074, SUCCESS, logIndex=0, commits[980d9c0c-33ac-4a22-b481-33b8b1eac469:c3048, e00ee311-0ce1-4115-b4c1-69648d9d3094:c3044, bb9367ec-656d-4ade-92be-004a921408cc:c3044]
2019-08-06 03:26:29,336 INFO  client.GrpcClientProtocolClient (GrpcClientProtocolClient.java:onNext(255)) - client-9DC82E534C87->980d9c0c-33ac-4a22-b481-33b8b1eac469: receive RaftClientReply:client-9DC82E534C87->980d9c0c-33ac-4a22-b481-33b8b1eac469@group-23022C6A558E, cid=2075, SUCCESS, logIndex=3050, commits[980d9c0c-33ac-4a22-b481-33b8b1eac469:c3051, e00ee311-0ce1-4115-b4c1-69648d9d3094:c3049, bb9367ec-656d-4ade-92be-004a921408cc:c3049]
2019-08-06 03:26:29,337 INFO  client.GrpcClientProtocolClient (GrpcClientProtocolClient.java:onNext(255)) - client-9DC82E534C87->980d9c0c-33ac-4a22-b481-33b8b1eac469: receive RaftClientReply:client-9DC82E534C87->980d9c0c-33ac-4a22-b481-33b8b1eac469@group-23022C6A558E, cid=2076, SUCCESS, logIndex=3051, commits[980d9c0c-33ac-4a22-b481-33b8b1eac469:c3051, e00ee311-0ce1-4115-b4c1-69648d9d3094:c3049, bb9367ec-656d-4ade-92be-004a921408cc:c3049]
2019-08-06 03:26:29,361 INFO  client.GrpcClientProtocolClient (GrpcClientProtocolClient.java:onNext(255)) - client-9DC82E534C87->980d9c0c-33ac-4a22-b481-33b8b1eac469: receive RaftClientReply:client-9DC82E534C87->980d9c0c-33ac-4a22-b481-33b8b1eac469@group-23022C6A558E, cid=2077, SUCCESS, logIndex=3054, commits[980d9c0c-33ac-4a22-b481-33b8b1eac469:c3055, e00ee311-0ce1-4115-b4c1-69648d9d3094:c3051, bb9367ec-656d-4ade-92be-004a921408cc:c3051]
2019-08-06 03:26:29,361 INFO  client.GrpcClientProtocolClient (GrpcClientProtocolClient.java:onNext(255)) - client-9DC82E534C87->980d9c0c-33ac-4a22-b481-33b8b1eac469: receive RaftClientReply:client-9DC82E534C87->980d9c0c-33ac-4a22-b481-33b8b1eac469@group-23022C6A558E, cid=2078, SUCCESS, logIndex=3055, commits[980d9c0c-33ac-4a22-b481-33b8b1eac469:c3055, e00ee311-0ce1-4115-b4c1-69648d9d3094:c3051, bb9367ec-656d-4ade-92be-004a921408cc:c3051]
2019-08-06 03:26:29,376 INFO  client.GrpcClientProtocolClient (GrpcClientProtocolClient.java:onNext(255)) - client-9DC82E534C87->980d9c0c-33ac-4a22-b481-33b8b1eac469: receive RaftClientReply:client-9DC82E534C87->980d9c0c-33ac-4a22-b481-33b8b1eac469@group-23022C6A558E, cid=2079, SUCCESS, logIndex=0, commits[980d9c0c-33ac-4a22-b481-33b8b1eac469:c3057, e00ee311-0ce1-4115-b4c1-69648d9d3094:c3055, bb9367ec-656d-4ade-92be-004a921408cc:c3055]
2019-08-06 03:26:29,493 INFO  client.GrpcClientProtocolClient (GrpcClientProtocolClient.java:onNext(255)) - client-9DC82E534C87->980d9c0c-33ac-4a22-b481-33b8b1eac469: receive RaftClientReply:client-9DC82E534C87->980d9c0c-33ac-4a22-b481-33b8b1eac469@group-23022C6A558E, cid=2080, SUCCESS, logIndex=3058, commits[980d9c0c-33ac-4a22-b481-33b8b1eac469:c3061, e00ee311-0ce1-4115-b4c1-69648d9d3094:c3057, bb9367ec-656d-4ade-92be-004a921408cc:c3057]
2019-08-06 03:26:29,495 INFO  client.GrpcClientProtocolClient (GrpcClientProtocolClient.java:onNext(255)) - client-9DC82E534C87->980d9c0c-33ac-4a22-b481-33b8b1eac469: receive RaftClientReply:client-9DC82E534C87->980d9c0c-33ac-4a22-b481-33b8b1eac469@group-23022C6A558E, cid=2081, SUCCESS, logIndex=3059, commits[980d9c0c-33ac-4a22-b481-33b8b1eac469:c3061, e00ee311-0ce1-4115-b4c1-69648d9d3094:c3057, bb9367ec-656d-4ade-92be-004a921408cc:c3057]
2019-08-06 03:26:29,495 INFO  client.GrpcClientProtocolClient (GrpcClientProtocolClient.java:onNext(255)) - client-9DC82E534C87->980d9c0c-33ac-4a22-b481-33b8b1eac469: receive RaftClientReply:client-9DC82E534C87->980d9c0c-33ac-4a22-b481-33b8b1eac469@group-23022C6A558E, cid=2082, SUCCESS, logIndex=3060, commits[980d9c0c-33ac-4a22-b481-33b8b1eac469:c3061, e00ee311-0ce1-4115-b4c1-69648d9d3094:c3057, bb9367ec-656d-4ade-92be-004a921408cc:c3057]
2019-08-06 03:26:29,495 INFO  client.GrpcClientProtocolClient (GrpcClientProtocolClient.java:onNext(255)) - client-9DC82E534C87->980d9c0c-33ac-4a22-b481-33b8b1eac469: receive RaftClientReply:client-9DC82E534C87->980d9c0c-33ac-4a22-b481-33b8b1eac469@group-23022C6A558E, cid=2083, SUCCESS, logIndex=3061, commits[980d9c0c-33ac-4a22-b481-33b8b1eac469:c3061, e00ee311-0ce1-4115-b4c1-69648d9d3094:c3057, bb9367ec-656d-4ade-92be-004a921408cc:c3057]
2019-08-06 03:26:29,517 INFO  client.GrpcClientProtocolClient (GrpcClientProtocolClient.java:onNext(255)) - client-9DC82E534C87->980d9c0c-33ac-4a22-b481-33b8b1eac469: receive RaftClientReply:client-9DC82E534C87->980d9c0c-33ac-4a22-b481-33b8b1eac469@group-23022C6A558E, cid=2084, SUCCESS, logIndex=0, commits[980d9c0c-33ac-4a22-b481-33b8b1eac469:c3062, e00ee311-0ce1-4115-b4c1-69648d9d3094:c3059, bb9367ec-656d-4ade-92be-004a921408cc:c3059]
2019-08-06 03:26:29,542 INFO  client.GrpcClientProtocolClient (GrpcClientProtocolClient.java:onNext(255)) - client-9DC82E534C87->980d9c0c-33ac-4a22-b481-33b8b1eac469: receive RaftClientReply:client-9DC82E534C87->980d9c0c-33ac-4a22-b481-33b8b1eac469@group-23022C6A558E, cid=2085, SUCCESS, logIndex=3066, commits[980d9c0c-33ac-4a22-b481-33b8b1eac469:c3067, e00ee311-0ce1-4115-b4c1-69648d9d3094:c3065, bb9367ec-656d-4ade-92be-004a921408cc:c3065]
2019-08-06 03:26:29,543 INFO  client.GrpcClientProtocolClient (GrpcClientProtocolClient.java:onNext(255)) - client-9DC82E534C87->980d9c0c-33ac-4a22-b481-33b8b1eac469: receive RaftClientReply:client-9DC82E534C87->980d9c0c-33ac-4a22-b481-33b8b1eac469@group-23022C6A558E, cid=2086, SUCCESS, logIndex=3067, commits[980d9c0c-33ac-4a22-b481-33b8b1eac469:c3067, e00ee311-0ce1-4115-b4c1-69648d9d3094:c3065, bb9367ec-656d-4ade-92be-004a921408cc:c3065]
2019-08-06 03:26:29,574 INFO  client.GrpcClientProtocolClient (GrpcClientProtocolClient.java:onNext(255)) - client-9DC82E534C87->980d9c0c-33ac-4a22-b481-33b8b1eac469: receive RaftClientReply:client-9DC82E534C87->980d9c0c-33ac-4a22-b481-33b8b1eac469@group-23022C6A558E, cid=2087, SUCCESS, logIndex=3070, commits[980d9c0c-33ac-4a22-b481-33b8b1eac469:c3071, e00ee311-0ce1-4115-b4c1-69648d9d3094:c3067, bb9367ec-656d-4ade-92be-004a921408cc:c3067]
2019-08-06 03:26:29,575 INFO  client.GrpcClientProtocolClient (GrpcClientProtocolClient.java:onNext(255)) - client-9DC82E534C87->980d9c0c-33ac-4a22-b481-33b8b1eac469: receive RaftClientReply:client-9DC82E534C87->980d9c0c-33ac-4a22-b481-33b8b1eac469@group-23022C6A558E, cid=2088, SUCCESS, logIndex=3071, commits[980d9c0c-33ac-4a22-b481-33b8b1eac469:c3071, e00ee311-0ce1-4115-b4c1-69648d9d3094:c3067, bb9367ec-656d-4ade-92be-004a921408cc:c3067]
2019-08-06 03:26:29,586 INFO  client.GrpcClientProtocolClient (GrpcClientProtocolClient.java:onNext(255)) - client-9DC82E534C87->980d9c0c-33ac-4a22-b481-33b8b1eac469: receive RaftClientReply:client-9DC82E534C87->980d9c0c-33ac-4a22-b481-33b8b1eac469@group-23022C6A558E, cid=2089, SUCCESS, logIndex=0, commits[980d9c0c-33ac-4a22-b481-33b8b1eac469:c3072, e00ee311-0ce1-4115-b4c1-69648d9d3094:c3071, bb9367ec-656d-4ade-92be-004a921408cc:c3071]
2019-08-06 03:26:29,624 INFO  client.GrpcClientProtocolClient (GrpcClientProtocolClient.java:onNext(255)) - client-9DC82E534C87->980d9c0c-33ac-4a22-b481-33b8b1eac469: receive RaftClientReply:client-9DC82E534C87->980d9c0c-33ac-4a22-b481-33b8b1eac469@group-23022C6A558E, cid=2090, SUCCESS, logIndex=3074, commits[980d9c0c-33ac-4a22-b481-33b8b1eac469:c3076, e00ee311-0ce1-4115-b4c1-69648d9d3094:c3073, bb9367ec-656d-4ade-92be-004a921408cc:c3073]
2019-08-06 03:26:29,625 INFO  client.GrpcClientProtocolClient (GrpcClientProtocolClient.java:onNext(255)) - client-9DC82E534C87->980d9c0c-33ac-4a22-b481-33b8b1eac469: receive RaftClientReply:client-9DC82E534C87->980d9c0c-33ac-4a22-b481-33b8b1eac469@group-23022C6A558E, cid=2091, SUCCESS, logIndex=3075, commits[980d9c0c-33ac-4a22-b481-33b8b1eac469:c3077, e00ee311-0ce1-4115-b4c1-69648d9d3094:c3073, bb9367ec-656d-4ade-92be-004a921408cc:c3073]
2019-08-06 03:26:29,625 INFO  client.GrpcClientProtocolClient (GrpcClientProtocolClient.java:onNext(255)) - client-9DC82E534C87->980d9c0c-33ac-4a22-b481-33b8b1eac469: receive RaftClientReply:client-9DC82E534C87->980d9c0c-33ac-4a22-b481-33b8b1eac469@group-23022C6A558E, cid=2092, SUCCESS, logIndex=3076, commits[980d9c0c-33ac-4a22-b481-33b8b1eac469:c3077, e00ee311-0ce1-4115-b4c1-69648d9d3094:c3073, bb9367ec-656d-4ade-92be-004a921408cc:c3073]
2019-08-06 03:26:29,625 INFO  client.GrpcClientProtocolClient (GrpcClientProtocolClient.java:onNext(255)) - client-9DC82E534C87->980d9c0c-33ac-4a22-b481-33b8b1eac469: receive RaftClientReply:client-9DC82E534C87->980d9c0c-33ac-4a22-b481-33b8b1eac469@group-23022C6A558E, cid=2093, SUCCESS, logIndex=3077, commits[980d9c0c-33ac-4a22-b481-33b8b1eac469:c3077, e00ee311-0ce1-4115-b4c1-69648d9d3094:c3073, bb9367ec-656d-4ade-92be-004a921408cc:c3073]
2019-08-06 03:26:29,651 INFO  client.GrpcClientProtocolClient (GrpcClientProtocolClient.java:onNext(255)) - client-9DC82E534C87->980d9c0c-33ac-4a22-b481-33b8b1eac469: receive RaftClientReply:client-9DC82E534C87->980d9c0c-33ac-4a22-b481-33b8b1eac469@group-23022C6A558E, cid=2094, SUCCESS, logIndex=0, commits[980d9c0c-33ac-4a22-b481-33b8b1eac469:c3080, e00ee311-0ce1-4115-b4c1-69648d9d3094:c3075, bb9367ec-656d-4ade-92be-004a921408cc:c3076]
2019-08-06 03:26:29,671 INFO  client.GrpcClientProtocolClient (GrpcClientProtocolClient.java:onNext(255)) - client-9DC82E534C87->980d9c0c-33ac-4a22-b481-33b8b1eac469: receive RaftClientReply:client-9DC82E534C87->980d9c0c-33ac-4a22-b481-33b8b1eac469@group-23022C6A558E, cid=2095, SUCCESS, logIndex=3082, commits[980d9c0c-33ac-4a22-b481-33b8b1eac469:c3083, e00ee311-0ce1-4115-b4c1-69648d9d3094:c3081, bb9367ec-656d-4ade-92be-004a921408cc:c3081]
2019-08-06 03:26:29,671 INFO  client.GrpcClientProtocolClient (GrpcClientProtocolClient.java:onNext(255)) - client-9DC82E534C87->980d9c0c-33ac-4a22-b481-33b8b1eac469: receive RaftClientReply:client-9DC82E534C87->980d9c0c-33ac-4a22-b481-33b8b1eac469@group-23022C6A558E, cid=2096, SUCCESS, logIndex=3083, commits[980d9c0c-33ac-4a22-b481-33b8b1eac469:c3083, e00ee311-0ce1-4115-b4c1-69648d9d3094:c3081, bb9367ec-656d-4ade-92be-004a921408cc:c3081]
2019-08-06 03:26:29,686 INFO  client.GrpcClientProtocolClient (GrpcClientProtocolClient.java:onNext(255)) - client-9DC82E534C87->980d9c0c-33ac-4a22-b481-33b8b1eac469: receive RaftClientReply:client-9DC82E534C87->980d9c0c-33ac-4a22-b481-33b8b1eac469@group-23022C6A558E, cid=2097, SUCCESS, logIndex=3086, commits[980d9c0c-33ac-4a22-b481-33b8b1eac469:c3087, e00ee311-0ce1-4115-b4c1-69648d9d3094:c3083, bb9367ec-656d-4ade-92be-004a921408cc:c3083]
2019-08-06 03:26:29,686 INFO  client.GrpcClientProtocolClient (GrpcClientProtocolClient.java:onNext(255)) - client-9DC82E534C87->980d9c0c-33ac-4a22-b481-33b8b1eac469: receive RaftClientReply:client-9DC82E534C87->980d9c0c-33ac-4a22-b481-33b8b1eac469@group-23022C6A558E, cid=2098, SUCCESS, logIndex=3087, commits[980d9c0c-33ac-4a22-b481-33b8b1eac469:c3087, e00ee311-0ce1-4115-b4c1-69648d9d3094:c3083, bb9367ec-656d-4ade-92be-004a921408cc:c3083]
2019-08-06 03:26:29,697 INFO  client.GrpcClientProtocolClient (GrpcClientProtocolClient.java:onNext(255)) - client-9DC82E534C87->980d9c0c-33ac-4a22-b481-33b8b1eac469: receive RaftClientReply:client-9DC82E534C87->980d9c0c-33ac-4a22-b481-33b8b1eac469@group-23022C6A558E, cid=2099, SUCCESS, logIndex=0, commits[980d9c0c-33ac-4a22-b481-33b8b1eac469:c3088, e00ee311-0ce1-4115-b4c1-69648d9d3094:c3087, bb9367ec-656d-4ade-92be-004a921408cc:c3087]
2019-08-06 03:26:29,726 INFO  client.GrpcClientProtocolClient (GrpcClientProtocolClient.java:onNext(255)) - client-9DC82E534C87->980d9c0c-33ac-4a22-b481-33b8b1eac469: receive RaftClientReply:client-9DC82E534C87->980d9c0c-33ac-4a22-b481-33b8b1eac469@group-23022C6A558E, cid=2100, SUCCESS, logIndex=3090, commits[980d9c0c-33ac-4a22-b481-33b8b1eac469:c3091, e00ee311-0ce1-4115-b4c1-69648d9d3094:c3089, bb9367ec-656d-4ade-92be-004a921408cc:c3089]
2019-08-06 03:26:29,726 INFO  client.GrpcClientProtocolClient (GrpcClientProtocolClient.java:onNext(255)) - client-9DC82E534C87->980d9c0c-33ac-4a22-b481-33b8b1eac469: receive RaftClientReply:client-9DC82E534C87->980d9c0c-33ac-4a22-b481-33b8b1eac469@group-23022C6A558E, cid=2101, SUCCESS, logIndex=3091, commits[980d9c0c-33ac-4a22-b481-33b8b1eac469:c3091, e00ee311-0ce1-4115-b4c1-69648d9d3094:c3089, bb9367ec-656d-4ade-92be-004a921408cc:c3089]
2019-08-06 03:26:29,736 INFO  client.GrpcClientProtocolClient (GrpcClientProtocolClient.java:onNext(255)) - client-9DC82E534C87->980d9c0c-33ac-4a22-b481-33b8b1eac469: receive RaftClientReply:client-9DC82E534C87->980d9c0c-33ac-4a22-b481-33b8b1eac469@group-23022C6A558E, cid=2102, SUCCESS, logIndex=3092, commits[980d9c0c-33ac-4a22-b481-33b8b1eac469:c3093, e00ee311-0ce1-4115-b4c1-69648d9d3094:c3089, bb9367ec-656d-4ade-92be-004a921408cc:c3089]
2019-08-06 03:26:29,736 INFO  client.GrpcClientProtocolClient (GrpcClientProtocolClient.java:onNext(255)) - client-9DC82E534C87->980d9c0c-33ac-4a22-b481-33b8b1eac469: receive RaftClientReply:client-9DC82E534C87->980d9c0c-33ac-4a22-b481-33b8b1eac469@group-23022C6A558E, cid=2103, SUCCESS, logIndex=3093, commits[980d9c0c-33ac-4a22-b481-33b8b1eac469:c3093, e00ee311-0ce1-4115-b4c1-69648d9d3094:c3089, bb9367ec-656d-4ade-92be-004a921408cc:c3089]
2019-08-06 03:26:29,752 INFO  client.GrpcClientProtocolClient (GrpcClientProtocolClient.java:onNext(255)) - client-9DC82E534C87->980d9c0c-33ac-4a22-b481-33b8b1eac469: receive RaftClientReply:client-9DC82E534C87->980d9c0c-33ac-4a22-b481-33b8b1eac469@group-23022C6A558E, cid=2104, SUCCESS, logIndex=0, commits[980d9c0c-33ac-4a22-b481-33b8b1eac469:c3095, e00ee311-0ce1-4115-b4c1-69648d9d3094:c3091, bb9367ec-656d-4ade-92be-004a921408cc:c3093]
2019-08-06 03:26:29,776 INFO  client.GrpcClientProtocolClient (GrpcClientProtocolClient.java:onNext(255)) - client-9DC82E534C87->980d9c0c-33ac-4a22-b481-33b8b1eac469: receive RaftClientReply:client-9DC82E534C87->980d9c0c-33ac-4a22-b481-33b8b1eac469@group-23022C6A558E, cid=2105, SUCCESS, logIndex=3097, commits[980d9c0c-33ac-4a22-b481-33b8b1eac469:c3098, e00ee311-0ce1-4115-b4c1-69648d9d3094:c3095, bb9367ec-656d-4ade-92be-004a921408cc:c3095]
2019-08-06 03:26:29,776 INFO  client.GrpcClientProtocolClient (GrpcClientProtocolClient.java:onNext(255)) - client-9DC82E534C87->980d9c0c-33ac-4a22-b481-33b8b1eac469: receive RaftClientReply:client-9DC82E534C87->980d9c0c-33ac-4a22-b481-33b8b1eac469@group-23022C6A558E, cid=2106, SUCCESS, logIndex=3098, commits[980d9c0c-33ac-4a22-b481-33b8b1eac469:c3098, e00ee311-0ce1-4115-b4c1-69648d9d3094:c3095, bb9367ec-656d-4ade-92be-004a921408cc:c3095]
2019-08-06 03:26:29,803 INFO  client.GrpcClientProtocolClient (GrpcClientProtocolClient.java:onNext(255)) - client-9DC82E534C87->980d9c0c-33ac-4a22-b481-33b8b1eac469: receive RaftClientReply:client-9DC82E534C87->980d9c0c-33ac-4a22-b481-33b8b1eac469@group-23022C6A558E, cid=2107, SUCCESS, logIndex=3101, commits[980d9c0c-33ac-4a22-b481-33b8b1eac469:c3102, e00ee311-0ce1-4115-b4c1-69648d9d3094:c3100, bb9367ec-656d-4ade-92be-004a921408cc:c3100]
2019-08-06 03:26:29,804 INFO  client.GrpcClientProtocolClient (GrpcClientProtocolClient.java:onNext(255)) - client-9DC82E534C87->980d9c0c-33ac-4a22-b481-33b8b1eac469: receive RaftClientReply:client-9DC82E534C87->980d9c0c-33ac-4a22-b481-33b8b1eac469@group-23022C6A558E, cid=2108, SUCCESS, logIndex=3102, commits[980d9c0c-33ac-4a22-b481-33b8b1eac469:c3102, e00ee311-0ce1-4115-b4c1-69648d9d3094:c3100, bb9367ec-656d-4ade-92be-004a921408cc:c3100]
2019-08-06 03:26:29,817 INFO  client.GrpcClientProtocolClient (GrpcClientProtocolClient.java:onNext(255)) - client-9DC82E534C87->980d9c0c-33ac-4a22-b481-33b8b1eac469: receive RaftClientReply:client-9DC82E534C87->980d9c0c-33ac-4a22-b481-33b8b1eac469@group-23022C6A558E, cid=2109, SUCCESS, logIndex=0, commits[980d9c0c-33ac-4a22-b481-33b8b1eac469:c3104, e00ee311-0ce1-4115-b4c1-69648d9d3094:c3102, bb9367ec-656d-4ade-92be-004a921408cc:c3102]
2019-08-06 03:26:29,852 INFO  client.GrpcClientProtocolClient (GrpcClientProtocolClient.java:onNext(255)) - client-9DC82E534C87->980d9c0c-33ac-4a22-b481-33b8b1eac469: receive RaftClientReply:client-9DC82E534C87->980d9c0c-33ac-4a22-b481-33b8b1eac469@group-23022C6A558E, cid=2110, SUCCESS, logIndex=3105, commits[980d9c0c-33ac-4a22-b481-33b8b1eac469:c3106, e00ee311-0ce1-4115-b4c1-69648d9d3094:c3104, bb9367ec-656d-4ade-92be-004a921408cc:c3104]
2019-08-06 03:26:29,853 INFO  client.GrpcClientProtocolClient (GrpcClientProtocolClient.java:onNext(255)) - client-9DC82E534C87->980d9c0c-33ac-4a22-b481-33b8b1eac469: receive RaftClientReply:client-9DC82E534C87->980d9c0c-33ac-4a22-b481-33b8b1eac469@group-23022C6A558E, cid=2111, SUCCESS, logIndex=3106, commits[980d9c0c-33ac-4a22-b481-33b8b1eac469:c3108, e00ee311-0ce1-4115-b4c1-69648d9d3094:c3104, bb9367ec-656d-4ade-92be-004a921408cc:c3104]
2019-08-06 03:26:29,853 INFO  client.GrpcClientProtocolClient (GrpcClientProtocolClient.java:onNext(255)) - client-9DC82E534C87->980d9c0c-33ac-4a22-b481-33b8b1eac469: receive RaftClientReply:client-9DC82E534C87->980d9c0c-33ac-4a22-b481-33b8b1eac469@group-23022C6A558E, cid=2112, SUCCESS, logIndex=3107, commits[980d9c0c-33ac-4a22-b481-33b8b1eac469:c3108, e00ee311-0ce1-4115-b4c1-69648d9d3094:c3104, bb9367ec-656d-4ade-92be-004a921408cc:c3104]
2019-08-06 03:26:29,854 INFO  client.GrpcClientProtocolClient (GrpcClientProtocolClient.java:onNext(255)) - client-9DC82E534C87->980d9c0c-33ac-4a22-b481-33b8b1eac469: receive RaftClientReply:client-9DC82E534C87->980d9c0c-33ac-4a22-b481-33b8b1eac469@group-23022C6A558E, cid=2113, SUCCESS, logIndex=3108, commits[980d9c0c-33ac-4a22-b481-33b8b1eac469:c3108, e00ee311-0ce1-4115-b4c1-69648d9d3094:c3104, bb9367ec-656d-4ade-92be-004a921408cc:c3104]
2019-08-06 03:26:29,866 INFO  client.GrpcClientProtocolClient (GrpcClientProtocolClient.java:onNext(255)) - client-9DC82E534C87->980d9c0c-33ac-4a22-b481-33b8b1eac469: receive RaftClientReply:client-9DC82E534C87->980d9c0c-33ac-4a22-b481-33b8b1eac469@group-23022C6A558E, cid=2114, SUCCESS, logIndex=0, commits[980d9c0c-33ac-4a22-b481-33b8b1eac469:c3110, e00ee311-0ce1-4115-b4c1-69648d9d3094:c3106, bb9367ec-656d-4ade-92be-004a921408cc:c3106]
2019-08-06 03:26:29,888 INFO  client.GrpcClientProtocolClient (GrpcClientProtocolClient.java:onNext(255)) - client-9DC82E534C87->980d9c0c-33ac-4a22-b481-33b8b1eac469: receive RaftClientReply:client-9DC82E534C87->980d9c0c-33ac-4a22-b481-33b8b1eac469@group-23022C6A558E, cid=2115, SUCCESS, logIndex=3112, commits[980d9c0c-33ac-4a22-b481-33b8b1eac469:c3113, e00ee311-0ce1-4115-b4c1-69648d9d3094:c3111, bb9367ec-656d-4ade-92be-004a921408cc:c3111]
2019-08-06 03:26:29,888 INFO  client.GrpcClientProtocolClient (GrpcClientProtocolClient.java:onNext(255)) - client-9DC82E534C87->980d9c0c-33ac-4a22-b481-33b8b1eac469: receive RaftClientReply:client-9DC82E534C87->980d9c0c-33ac-4a22-b481-33b8b1eac469@group-23022C6A558E, cid=2116, SUCCESS, logIndex=3113, commits[980d9c0c-33ac-4a22-b481-33b8b1eac469:c3113, e00ee311-0ce1-4115-b4c1-69648d9d3094:c3111, bb9367ec-656d-4ade-92be-004a921408cc:c3111]
2019-08-06 03:26:29,915 INFO  client.GrpcClientProtocolClient (GrpcClientProtocolClient.java:onNext(255)) - client-9DC82E534C87->980d9c0c-33ac-4a22-b481-33b8b1eac469: receive RaftClientReply:client-9DC82E534C87->980d9c0c-33ac-4a22-b481-33b8b1eac469@group-23022C6A558E, cid=2117, SUCCESS, logIndex=3116, commits[980d9c0c-33ac-4a22-b481-33b8b1eac469:c3117, e00ee311-0ce1-4115-b4c1-69648d9d3094:c3113, bb9367ec-656d-4ade-92be-004a921408cc:c3113]
2019-08-06 03:26:29,915 INFO  client.GrpcClientProtocolClient (GrpcClientProtocolClient.java:onNext(255)) - client-9DC82E534C87->980d9c0c-33ac-4a22-b481-33b8b1eac469: receive RaftClientReply:client-9DC82E534C87->980d9c0c-33ac-4a22-b481-33b8b1eac469@group-23022C6A558E, cid=2118, SUCCESS, logIndex=3117, commits[980d9c0c-33ac-4a22-b481-33b8b1eac469:c3117, e00ee311-0ce1-4115-b4c1-69648d9d3094:c3113, bb9367ec-656d-4ade-92be-004a921408cc:c3113]
2019-08-06 03:26:29,928 INFO  client.GrpcClientProtocolClient (GrpcClientProtocolClient.java:onNext(255)) - client-9DC82E534C87->980d9c0c-33ac-4a22-b481-33b8b1eac469: receive RaftClientReply:client-9DC82E534C87->980d9c0c-33ac-4a22-b481-33b8b1eac469@group-23022C6A558E, cid=2119, SUCCESS, logIndex=0, commits[980d9c0c-33ac-4a22-b481-33b8b1eac469:c3118, e00ee311-0ce1-4115-b4c1-69648d9d3094:c3117, bb9367ec-656d-4ade-92be-004a921408cc:c3117]
2019-08-06 03:26:29,963 INFO  client.GrpcClientProtocolClient (GrpcClientProtocolClient.java:onNext(255)) - client-9DC82E534C87->980d9c0c-33ac-4a22-b481-33b8b1eac469: receive RaftClientReply:client-9DC82E534C87->980d9c0c-33ac-4a22-b481-33b8b1eac469@group-23022C6A558E, cid=2120, SUCCESS, logIndex=3120, commits[980d9c0c-33ac-4a22-b481-33b8b1eac469:c3121, e00ee311-0ce1-4115-b4c1-69648d9d3094:c3119, bb9367ec-656d-4ade-92be-004a921408cc:c3119]
2019-08-06 03:26:29,963 INFO  client.GrpcClientProtocolClient (GrpcClientProtocolClient.java:onNext(255)) - client-9DC82E534C87->980d9c0c-33ac-4a22-b481-33b8b1eac469: receive RaftClientReply:client-9DC82E534C87->980d9c0c-33ac-4a22-b481-33b8b1eac469@group-23022C6A558E, cid=2121, SUCCESS, logIndex=3121, commits[980d9c0c-33ac-4a22-b481-33b8b1eac469:c3121, e00ee311-0ce1-4115-b4c1-69648d9d3094:c3119, bb9367ec-656d-4ade-92be-004a921408cc:c3119]
2019-08-06 03:26:29,975 INFO  client.GrpcClientProtocolClient (GrpcClientProtocolClient.java:onNext(255)) - client-9DC82E534C87->980d9c0c-33ac-4a22-b481-33b8b1eac469: receive RaftClientReply:client-9DC82E534C87->980d9c0c-33ac-4a22-b481-33b8b1eac469@group-23022C6A558E, cid=2122, SUCCESS, logIndex=3122, commits[980d9c0c-33ac-4a22-b481-33b8b1eac469:c3123, e00ee311-0ce1-4115-b4c1-69648d9d3094:c3119, bb9367ec-656d-4ade-92be-004a921408cc:c3119]
2019-08-06 03:26:29,976 INFO  client.GrpcClientProtocolClient (GrpcClientProtocolClient.java:onNext(255)) - client-9DC82E534C87->980d9c0c-33ac-4a22-b481-33b8b1eac469: receive RaftClientReply:client-9DC82E534C87->980d9c0c-33ac-4a22-b481-33b8b1eac469@group-23022C6A558E, cid=2123, SUCCESS, logIndex=3123, commits[980d9c0c-33ac-4a22-b481-33b8b1eac469:c3123, e00ee311-0ce1-4115-b4c1-69648d9d3094:c3119, bb9367ec-656d-4ade-92be-004a921408cc:c3119]
2019-08-06 03:26:29,988 INFO  client.GrpcClientProtocolClient (GrpcClientProtocolClient.java:onNext(255)) - client-9DC82E534C87->980d9c0c-33ac-4a22-b481-33b8b1eac469: receive RaftClientReply:client-9DC82E534C87->980d9c0c-33ac-4a22-b481-33b8b1eac469@group-23022C6A558E, cid=2124, SUCCESS, logIndex=0, commits[980d9c0c-33ac-4a22-b481-33b8b1eac469:c3125, e00ee311-0ce1-4115-b4c1-69648d9d3094:c3121, bb9367ec-656d-4ade-92be-004a921408cc:c3121]
2019-08-06 03:26:30,004 INFO  client.GrpcClientProtocolClient (GrpcClientProtocolClient.java:onNext(255)) - client-9DC82E534C87->980d9c0c-33ac-4a22-b481-33b8b1eac469: receive RaftClientReply:client-9DC82E534C87->980d9c0c-33ac-4a22-b481-33b8b1eac469@group-23022C6A558E, cid=2125, SUCCESS, logIndex=3128, commits[980d9c0c-33ac-4a22-b481-33b8b1eac469:c3129, e00ee311-0ce1-4115-b4c1-69648d9d3094:c3125, bb9367ec-656d-4ade-92be-004a921408cc:c3125]
2019-08-06 03:26:30,004 INFO  client.GrpcClientProtocolClient (GrpcClientProtocolClient.java:onNext(255)) - client-9DC82E534C87->980d9c0c-33ac-4a22-b481-33b8b1eac469: receive RaftClientReply:client-9DC82E534C87->980d9c0c-33ac-4a22-b481-33b8b1eac469@group-23022C6A558E, cid=2126, SUCCESS, logIndex=3129, commits[980d9c0c-33ac-4a22-b481-33b8b1eac469:c3129, e00ee311-0ce1-4115-b4c1-69648d9d3094:c3125, bb9367ec-656d-4ade-92be-004a921408cc:c3125]
2019-08-06 03:26:30,044 INFO  client.GrpcClientProtocolClient (GrpcClientProtocolClient.java:onNext(255)) - client-9DC82E534C87->980d9c0c-33ac-4a22-b481-33b8b1eac469: receive RaftClientReply:client-9DC82E534C87->980d9c0c-33ac-4a22-b481-33b8b1eac469@group-23022C6A558E, cid=2127, SUCCESS, logIndex=3132, commits[980d9c0c-33ac-4a22-b481-33b8b1eac469:c3133, e00ee311-0ce1-4115-b4c1-69648d9d3094:c3131, bb9367ec-656d-4ade-92be-004a921408cc:c3131]
2019-08-06 03:26:30,045 INFO  client.GrpcClientProtocolClient (GrpcClientProtocolClient.java:onNext(255)) - client-9DC82E534C87->980d9c0c-33ac-4a22-b481-33b8b1eac469: receive RaftClientReply:client-9DC82E534C87->980d9c0c-33ac-4a22-b481-33b8b1eac469@group-23022C6A558E, cid=2128, SUCCESS, logIndex=3133, commits[980d9c0c-33ac-4a22-b481-33b8b1eac469:c3133, e00ee311-0ce1-4115-b4c1-69648d9d3094:c3131, bb9367ec-656d-4ade-92be-004a921408cc:c3131]
2019-08-06 03:26:30,056 INFO  client.GrpcClientProtocolClient (GrpcClientProtocolClient.java:onNext(255)) - client-9DC82E534C87->980d9c0c-33ac-4a22-b481-33b8b1eac469: receive RaftClientReply:client-9DC82E534C87->980d9c0c-33ac-4a22-b481-33b8b1eac469@group-23022C6A558E, cid=2129, SUCCESS, logIndex=0, commits[980d9c0c-33ac-4a22-b481-33b8b1eac469:c3134, e00ee311-0ce1-4115-b4c1-69648d9d3094:c3133, bb9367ec-656d-4ade-92be-004a921408cc:c3133]
2019-08-06 03:26:30,087 INFO  client.GrpcClientProtocolClient (GrpcClientProtocolClient.java:onNext(255)) - client-9DC82E534C87->980d9c0c-33ac-4a22-b481-33b8b1eac469: receive RaftClientReply:client-9DC82E534C87->980d9c0c-33ac-4a22-b481-33b8b1eac469@group-23022C6A558E, cid=2130, SUCCESS, logIndex=3136, commits[980d9c0c-33ac-4a22-b481-33b8b1eac469:c3137, e00ee311-0ce1-4115-b4c1-69648d9d3094:c3135, bb9367ec-656d-4ade-92be-004a921408cc:c3135]
2019-08-06 03:26:30,088 INFO  client.GrpcClientProtocolClient (GrpcClientProtocolClient.java:onNext(255)) - client-9DC82E534C87->980d9c0c-33ac-4a22-b481-33b8b1eac469: receive RaftClientReply:client-9DC82E534C87->980d9c0c-33ac-4a22-b481-33b8b1eac469@group-23022C6A558E, cid=2131, SUCCESS, logIndex=3137, commits[980d9c0c-33ac-4a22-b481-33b8b1eac469:c3138, e00ee311-0ce1-4115-b4c1-69648d9d3094:c3135, bb9367ec-656d-4ade-92be-004a921408cc:c3135]
2019-08-06 03:26:30,088 INFO  client.GrpcClientProtocolClient (GrpcClientProtocolClient.java:onNext(255)) - client-9DC82E534C87->980d9c0c-33ac-4a22-b481-33b8b1eac469: receive RaftClientReply:client-9DC82E534C87->980d9c0c-33ac-4a22-b481-33b8b1eac469@group-23022C6A558E, cid=2132, SUCCESS, logIndex=3138, commits[980d9c0c-33ac-4a22-b481-33b8b1eac469:c3139, e00ee311-0ce1-4115-b4c1-69648d9d3094:c3135, bb9367ec-656d-4ade-92be-004a921408cc:c3135]
2019-08-06 03:26:30,089 INFO  client.GrpcClientProtocolClient (GrpcClientProtocolClient.java:onNext(255)) - client-9DC82E534C87->980d9c0c-33ac-4a22-b481-33b8b1eac469: receive RaftClientReply:client-9DC82E534C87->980d9c0c-33ac-4a22-b481-33b8b1eac469@group-23022C6A558E, cid=2133, SUCCESS, logIndex=3139, commits[980d9c0c-33ac-4a22-b481-33b8b1eac469:c3139, e00ee311-0ce1-4115-b4c1-69648d9d3094:c3135, bb9367ec-656d-4ade-92be-004a921408cc:c3135]
2019-08-06 03:26:30,102 INFO  client.GrpcClientProtocolClient (GrpcClientProtocolClient.java:onNext(255)) - client-9DC82E534C87->980d9c0c-33ac-4a22-b481-33b8b1eac469: receive RaftClientReply:client-9DC82E534C87->980d9c0c-33ac-4a22-b481-33b8b1eac469@group-23022C6A558E, cid=2134, SUCCESS, logIndex=0, commits[980d9c0c-33ac-4a22-b481-33b8b1eac469:c3141, e00ee311-0ce1-4115-b4c1-69648d9d3094:c3137, bb9367ec-656d-4ade-92be-004a921408cc:c3137]
2019-08-06 03:26:30,123 INFO  client.GrpcClientProtocolClient (GrpcClientProtocolClient.java:onNext(255)) - client-9DC82E534C87->980d9c0c-33ac-4a22-b481-33b8b1eac469: receive RaftClientReply:client-9DC82E534C87->980d9c0c-33ac-4a22-b481-33b8b1eac469@group-23022C6A558E, cid=2135, SUCCESS, logIndex=3144, commits[980d9c0c-33ac-4a22-b481-33b8b1eac469:c3145, e00ee311-0ce1-4115-b4c1-69648d9d3094:c3143, bb9367ec-656d-4ade-92be-004a921408cc:c3143]
2019-08-06 03:26:30,124 INFO  client.GrpcClientProtocolClient (GrpcClientProtocolClient.java:onNext(255)) - client-9DC82E534C87->980d9c0c-33ac-4a22-b481-33b8b1eac469: receive RaftClientReply:client-9DC82E534C87->980d9c0c-33ac-4a22-b481-33b8b1eac469@group-23022C6A558E, cid=2136, SUCCESS, logIndex=3145, commits[980d9c0c-33ac-4a22-b481-33b8b1eac469:c3145, e00ee311-0ce1-4115-b4c1-69648d9d3094:c3143, bb9367ec-656d-4ade-92be-004a921408cc:c3143]
2019-08-06 03:26:30,150 INFO  client.GrpcClientProtocolClient (GrpcClientProtocolClient.java:onNext(255)) - client-9DC82E534C87->980d9c0c-33ac-4a22-b481-33b8b1eac469: receive RaftClientReply:client-9DC82E534C87->980d9c0c-33ac-4a22-b481-33b8b1eac469@group-23022C6A558E, cid=2137, SUCCESS, logIndex=3148, commits[980d9c0c-33ac-4a22-b481-33b8b1eac469:c3149, e00ee311-0ce1-4115-b4c1-69648d9d3094:c3145, bb9367ec-656d-4ade-92be-004a921408cc:c3145]
2019-08-06 03:26:30,150 INFO  client.GrpcClientProtocolClient (GrpcClientProtocolClient.java:onNext(255)) - client-9DC82E534C87->980d9c0c-33ac-4a22-b481-33b8b1eac469: receive RaftClientReply:client-9DC82E534C87->980d9c0c-33ac-4a22-b481-33b8b1eac469@group-23022C6A558E, cid=2138, SUCCESS, logIndex=3149, commits[980d9c0c-33ac-4a22-b481-33b8b1eac469:c3149, e00ee311-0ce1-4115-b4c1-69648d9d3094:c3145, bb9367ec-656d-4ade-92be-004a921408cc:c3145]
2019-08-06 03:26:30,177 INFO  client.GrpcClientProtocolClient (GrpcClientProtocolClient.java:onNext(255)) - client-9DC82E534C87->980d9c0c-33ac-4a22-b481-33b8b1eac469: receive RaftClientReply:client-9DC82E534C87->980d9c0c-33ac-4a22-b481-33b8b1eac469@group-23022C6A558E, cid=2139, SUCCESS, logIndex=0, commits[980d9c0c-33ac-4a22-b481-33b8b1eac469:c3151, e00ee311-0ce1-4115-b4c1-69648d9d3094:c3149, bb9367ec-656d-4ade-92be-004a921408cc:c3149]
2019-08-06 03:26:30,208 INFO  client.GrpcClientProtocolClient (GrpcClientProtocolClient.java:onNext(255)) - client-9DC82E534C87->980d9c0c-33ac-4a22-b481-33b8b1eac469: receive RaftClientReply:client-9DC82E534C87->980d9c0c-33ac-4a22-b481-33b8b1eac469@group-23022C6A558E, cid=2140, SUCCESS, logIndex=3152, commits[980d9c0c-33ac-4a22-b481-33b8b1eac469:c3153, e00ee311-0ce1-4115-b4c1-69648d9d3094:c3151, bb9367ec-656d-4ade-92be-004a921408cc:c3151]
2019-08-06 03:26:30,209 INFO  client.GrpcClientProtocolClient (GrpcClientProtocolClient.java:onNext(255)) - client-9DC82E534C87->980d9c0c-33ac-4a22-b481-33b8b1eac469: receive RaftClientReply:client-9DC82E534C87->980d9c0c-33ac-4a22-b481-33b8b1eac469@group-23022C6A558E, cid=2141, SUCCESS, logIndex=3153, commits[980d9c0c-33ac-4a22-b481-33b8b1eac469:c3153, e00ee311-0ce1-4115-b4c1-69648d9d3094:c3151, bb9367ec-656d-4ade-92be-004a921408cc:c3151]
 0.00% |█                                                                                                    |  0/1 Time: 0:00:172019-08-06 03:26:30,218 INFO  client.GrpcClientProtocolClient (GrpcClientProtocolClient.java:onNext(255)) - client-9DC82E534C87->980d9c0c-33ac-4a22-b481-33b8b1eac469: receive RaftClientReply:client-9DC82E534C87->980d9c0c-33ac-4a22-b481-33b8b1eac469@group-23022C6A558E, cid=2142, SUCCESS, logIndex=3154, commits[980d9c0c-33ac-4a22-b481-33b8b1eac469:c3155, e00ee311-0ce1-4115-b4c1-69648d9d3094:c3151, bb9367ec-656d-4ade-92be-004a921408cc:c3151]
2019-08-06 03:26:30,219 INFO  client.GrpcClientProtocolClient (GrpcClientProtocolClient.java:onNext(255)) - client-9DC82E534C87->980d9c0c-33ac-4a22-b481-33b8b1eac469: receive RaftClientReply:client-9DC82E534C87->980d9c0c-33ac-4a22-b481-33b8b1eac469@group-23022C6A558E, cid=2143, SUCCESS, logIndex=3155, commits[980d9c0c-33ac-4a22-b481-33b8b1eac469:c3155, e00ee311-0ce1-4115-b4c1-69648d9d3094:c3151, bb9367ec-656d-4ade-92be-004a921408cc:c3151]
2019-08-06 03:26:30,234 INFO  client.GrpcClientProtocolClient (GrpcClientProtocolClient.java:onNext(255)) - client-9DC82E534C87->980d9c0c-33ac-4a22-b481-33b8b1eac469: receive RaftClientReply:client-9DC82E534C87->980d9c0c-33ac-4a22-b481-33b8b1eac469@group-23022C6A558E, cid=2144, SUCCESS, logIndex=0, commits[980d9c0c-33ac-4a22-b481-33b8b1eac469:c3158, e00ee311-0ce1-4115-b4c1-69648d9d3094:c3155, bb9367ec-656d-4ade-92be-004a921408cc:c3153]
2019-08-06 03:26:30,258 INFO  client.GrpcClientProtocolClient (GrpcClientProtocolClient.java:onNext(255)) - client-9DC82E534C87->980d9c0c-33ac-4a22-b481-33b8b1eac469: receive RaftClientReply:client-9DC82E534C87->980d9c0c-33ac-4a22-b481-33b8b1eac469@group-23022C6A558E, cid=2145, SUCCESS, logIndex=3159, commits[980d9c0c-33ac-4a22-b481-33b8b1eac469:c3160, e00ee311-0ce1-4115-b4c1-69648d9d3094:c3158, bb9367ec-656d-4ade-92be-004a921408cc:c3158]
2019-08-06 03:26:30,258 INFO  client.GrpcClientProtocolClient (GrpcClientProtocolClient.java:onNext(255)) - client-9DC82E534C87->980d9c0c-33ac-4a22-b481-33b8b1eac469: receive RaftClientReply:client-9DC82E534C87->980d9c0c-33ac-4a22-b481-33b8b1eac469@group-23022C6A558E, cid=2146, SUCCESS, logIndex=3160, commits[980d9c0c-33ac-4a22-b481-33b8b1eac469:c3160, e00ee311-0ce1-4115-b4c1-69648d9d3094:c3158, bb9367ec-656d-4ade-92be-004a921408cc:c3158]
2019-08-06 03:26:30,284 INFO  client.GrpcClientProtocolClient (GrpcClientProtocolClient.java:onNext(255)) - client-9DC82E534C87->980d9c0c-33ac-4a22-b481-33b8b1eac469: receive RaftClientReply:client-9DC82E534C87->980d9c0c-33ac-4a22-b481-33b8b1eac469@group-23022C6A558E, cid=2147, SUCCESS, logIndex=3163, commits[980d9c0c-33ac-4a22-b481-33b8b1eac469:c3164, e00ee311-0ce1-4115-b4c1-69648d9d3094:c3160, bb9367ec-656d-4ade-92be-004a921408cc:c3160]
2019-08-06 03:26:30,285 INFO  client.GrpcClientProtocolClient (GrpcClientProtocolClient.java:onNext(255)) - client-9DC82E534C87->980d9c0c-33ac-4a22-b481-33b8b1eac469: receive RaftClientReply:client-9DC82E534C87->980d9c0c-33ac-4a22-b481-33b8b1eac469@group-23022C6A558E, cid=2148, SUCCESS, logIndex=3164, commits[980d9c0c-33ac-4a22-b481-33b8b1eac469:c3164, e00ee311-0ce1-4115-b4c1-69648d9d3094:c3160, bb9367ec-656d-4ade-92be-004a921408cc:c3160]
2019-08-06 03:26:30,402 INFO  client.GrpcClientProtocolClient (GrpcClientProtocolClient.java:onNext(255)) - client-9DC82E534C87->980d9c0c-33ac-4a22-b481-33b8b1eac469: receive RaftClientReply:client-9DC82E534C87->980d9c0c-33ac-4a22-b481-33b8b1eac469@group-23022C6A558E, cid=2149, SUCCESS, logIndex=0, commits[980d9c0c-33ac-4a22-b481-33b8b1eac469:c3166, e00ee311-0ce1-4115-b4c1-69648d9d3094:c3164, bb9367ec-656d-4ade-92be-004a921408cc:c3164]
2019-08-06 03:26:30,437 INFO  client.GrpcClientProtocolClient (GrpcClientProtocolClient.java:onNext(255)) - client-9DC82E534C87->980d9c0c-33ac-4a22-b481-33b8b1eac469: receive RaftClientReply:client-9DC82E534C87->980d9c0c-33ac-4a22-b481-33b8b1eac469@group-23022C6A558E, cid=2150, SUCCESS, logIndex=3167, commits[980d9c0c-33ac-4a22-b481-33b8b1eac469:c3168, e00ee311-0ce1-4115-b4c1-69648d9d3094:c3166, bb9367ec-656d-4ade-92be-004a921408cc:c3166]
2019-08-06 03:26:30,437 INFO  client.GrpcClientProtocolClient (GrpcClientProtocolClient.java:onNext(255)) - client-9DC82E534C87->980d9c0c-33ac-4a22-b481-33b8b1eac469: receive RaftClientReply:client-9DC82E534C87->980d9c0c-33ac-4a22-b481-33b8b1eac469@group-23022C6A558E, cid=2151, SUCCESS, logIndex=3168, commits[980d9c0c-33ac-4a22-b481-33b8b1eac469:c3170, e00ee311-0ce1-4115-b4c1-69648d9d3094:c3166, bb9367ec-656d-4ade-92be-004a921408cc:c3166]
2019-08-06 03:26:30,438 INFO  client.GrpcClientProtocolClient (GrpcClientProtocolClient.java:onNext(255)) - client-9DC82E534C87->980d9c0c-33ac-4a22-b481-33b8b1eac469: receive RaftClientReply:client-9DC82E534C87->980d9c0c-33ac-4a22-b481-33b8b1eac469@group-23022C6A558E, cid=2152, SUCCESS, logIndex=3169, commits[980d9c0c-33ac-4a22-b481-33b8b1eac469:c3170, e00ee311-0ce1-4115-b4c1-69648d9d3094:c3166, bb9367ec-656d-4ade-92be-004a921408cc:c3166]
2019-08-06 03:26:30,438 INFO  client.GrpcClientProtocolClient (GrpcClientProtocolClient.java:onNext(255)) - client-9DC82E534C87->980d9c0c-33ac-4a22-b481-33b8b1eac469: receive RaftClientReply:client-9DC82E534C87->980d9c0c-33ac-4a22-b481-33b8b1eac469@group-23022C6A558E, cid=2153, SUCCESS, logIndex=3170, commits[980d9c0c-33ac-4a22-b481-33b8b1eac469:c3170, e00ee311-0ce1-4115-b4c1-69648d9d3094:c3166, bb9367ec-656d-4ade-92be-004a921408cc:c3166]
2019-08-06 03:26:30,449 INFO  client.GrpcClientProtocolClient (GrpcClientProtocolClient.java:onNext(255)) - client-9DC82E534C87->980d9c0c-33ac-4a22-b481-33b8b1eac469: receive RaftClientReply:client-9DC82E534C87->980d9c0c-33ac-4a22-b481-33b8b1eac469@group-23022C6A558E, cid=2154, SUCCESS, logIndex=0, commits[980d9c0c-33ac-4a22-b481-33b8b1eac469:c3173, e00ee311-0ce1-4115-b4c1-69648d9d3094:c3168, bb9367ec-656d-4ade-92be-004a921408cc:c3169]
2019-08-06 03:26:30,468 INFO  client.GrpcClientProtocolClient (GrpcClientProtocolClient.java:onNext(255)) - client-9DC82E534C87->980d9c0c-33ac-4a22-b481-33b8b1eac469: receive RaftClientReply:client-9DC82E534C87->980d9c0c-33ac-4a22-b481-33b8b1eac469@group-23022C6A558E, cid=2155, SUCCESS, logIndex=3175, commits[980d9c0c-33ac-4a22-b481-33b8b1eac469:c3176, e00ee311-0ce1-4115-b4c1-69648d9d3094:c3174, bb9367ec-656d-4ade-92be-004a921408cc:c3174]
2019-08-06 03:26:30,469 INFO  client.GrpcClientProtocolClient (GrpcClientProtocolClient.java:onNext(255)) - client-9DC82E534C87->980d9c0c-33ac-4a22-b481-33b8b1eac469: receive RaftClientReply:client-9DC82E534C87->980d9c0c-33ac-4a22-b481-33b8b1eac469@group-23022C6A558E, cid=2156, SUCCESS, logIndex=3176, commits[980d9c0c-33ac-4a22-b481-33b8b1eac469:c3176, e00ee311-0ce1-4115-b4c1-69648d9d3094:c3174, bb9367ec-656d-4ade-92be-004a921408cc:c3174]
2019-08-06 03:26:30,493 INFO  client.GrpcClientProtocolClient (GrpcClientProtocolClient.java:onNext(255)) - client-9DC82E534C87->980d9c0c-33ac-4a22-b481-33b8b1eac469: receive RaftClientReply:client-9DC82E534C87->980d9c0c-33ac-4a22-b481-33b8b1eac469@group-23022C6A558E, cid=2157, SUCCESS, logIndex=3179, commits[980d9c0c-33ac-4a22-b481-33b8b1eac469:c3179, e00ee311-0ce1-4115-b4c1-69648d9d3094:c3176, bb9367ec-656d-4ade-92be-004a921408cc:c3176]
2019-08-06 03:26:30,494 INFO  client.GrpcClientProtocolClient (GrpcClientProtocolClient.java:onNext(255)) - client-9DC82E534C87->980d9c0c-33ac-4a22-b481-33b8b1eac469: receive RaftClientReply:client-9DC82E534C87->980d9c0c-33ac-4a22-b481-33b8b1eac469@group-23022C6A558E, cid=2158, SUCCESS, logIndex=3180, commits[980d9c0c-33ac-4a22-b481-33b8b1eac469:c3180, e00ee311-0ce1-4115-b4c1-69648d9d3094:c3176, bb9367ec-656d-4ade-92be-004a921408cc:c3176]
2019-08-06 03:26:30,519 INFO  client.GrpcClientProtocolClient (GrpcClientProtocolClient.java:onNext(255)) - client-9DC82E534C87->980d9c0c-33ac-4a22-b481-33b8b1eac469: receive RaftClientReply:client-9DC82E534C87->980d9c0c-33ac-4a22-b481-33b8b1eac469@group-23022C6A558E, cid=2159, SUCCESS, logIndex=0, commits[980d9c0c-33ac-4a22-b481-33b8b1eac469:c3182, e00ee311-0ce1-4115-b4c1-69648d9d3094:c3180, bb9367ec-656d-4ade-92be-004a921408cc:c3180]
2019-08-06 03:26:30,552 INFO  client.GrpcClientProtocolClient (GrpcClientProtocolClient.java:onNext(255)) - client-9DC82E534C87->980d9c0c-33ac-4a22-b481-33b8b1eac469: receive RaftClientReply:client-9DC82E534C87->980d9c0c-33ac-4a22-b481-33b8b1eac469@group-23022C6A558E, cid=2160, SUCCESS, logIndex=3183, commits[980d9c0c-33ac-4a22-b481-33b8b1eac469:c3184, e00ee311-0ce1-4115-b4c1-69648d9d3094:c3182, bb9367ec-656d-4ade-92be-004a921408cc:c3182]
2019-08-06 03:26:30,552 INFO  client.GrpcClientProtocolClient (GrpcClientProtocolClient.java:onNext(255)) - client-9DC82E534C87->980d9c0c-33ac-4a22-b481-33b8b1eac469: receive RaftClientReply:client-9DC82E534C87->980d9c0c-33ac-4a22-b481-33b8b1eac469@group-23022C6A558E, cid=2161, SUCCESS, logIndex=3184, commits[980d9c0c-33ac-4a22-b481-33b8b1eac469:c3184, e00ee311-0ce1-4115-b4c1-69648d9d3094:c3182, bb9367ec-656d-4ade-92be-004a921408cc:c3182]
2019-08-06 03:26:30,563 INFO  client.GrpcClientProtocolClient (GrpcClientProtocolClient.java:onNext(255)) - client-9DC82E534C87->980d9c0c-33ac-4a22-b481-33b8b1eac469: receive RaftClientReply:client-9DC82E534C87->980d9c0c-33ac-4a22-b481-33b8b1eac469@group-23022C6A558E, cid=2162, SUCCESS, logIndex=3185, commits[980d9c0c-33ac-4a22-b481-33b8b1eac469:c3186, e00ee311-0ce1-4115-b4c1-69648d9d3094:c3182, bb9367ec-656d-4ade-92be-004a921408cc:c3182]
2019-08-06 03:26:30,564 INFO  client.GrpcClientProtocolClient (GrpcClientProtocolClient.java:onNext(255)) - client-9DC82E534C87->980d9c0c-33ac-4a22-b481-33b8b1eac469: receive RaftClientReply:client-9DC82E534C87->980d9c0c-33ac-4a22-b481-33b8b1eac469@group-23022C6A558E, cid=2163, SUCCESS, logIndex=3186, commits[980d9c0c-33ac-4a22-b481-33b8b1eac469:c3186, e00ee311-0ce1-4115-b4c1-69648d9d3094:c3182, bb9367ec-656d-4ade-92be-004a921408cc:c3182]
2019-08-06 03:26:30,576 INFO  client.GrpcClientProtocolClient (GrpcClientProtocolClient.java:onNext(255)) - client-9DC82E534C87->980d9c0c-33ac-4a22-b481-33b8b1eac469: receive RaftClientReply:client-9DC82E534C87->980d9c0c-33ac-4a22-b481-33b8b1eac469@group-23022C6A558E, cid=2164, SUCCESS, logIndex=0, commits[980d9c0c-33ac-4a22-b481-33b8b1eac469:c3188, e00ee311-0ce1-4115-b4c1-69648d9d3094:c3184, bb9367ec-656d-4ade-92be-004a921408cc:c3184]
2019-08-06 03:26:30,589 INFO  client.GrpcClientProtocolClient (GrpcClientProtocolClient.java:onNext(255)) - client-9DC82E534C87->980d9c0c-33ac-4a22-b481-33b8b1eac469: receive RaftClientReply:client-9DC82E534C87->980d9c0c-33ac-4a22-b481-33b8b1eac469@group-23022C6A558E, cid=2165, SUCCESS, logIndex=3191, commits[980d9c0c-33ac-4a22-b481-33b8b1eac469:c3192, e00ee311-0ce1-4115-b4c1-69648d9d3094:c3188, bb9367ec-656d-4ade-92be-004a921408cc:c3188]
2019-08-06 03:26:30,589 INFO  client.GrpcClientProtocolClient (GrpcClientProtocolClient.java:onNext(255)) - client-9DC82E534C87->980d9c0c-33ac-4a22-b481-33b8b1eac469: receive RaftClientReply:client-9DC82E534C87->980d9c0c-33ac-4a22-b481-33b8b1eac469@group-23022C6A558E, cid=2166, SUCCESS, logIndex=3192, commits[980d9c0c-33ac-4a22-b481-33b8b1eac469:c3192, e00ee311-0ce1-4115-b4c1-69648d9d3094:c3188, bb9367ec-656d-4ade-92be-004a921408cc:c3188]
2019-08-06 03:26:30,617 INFO  client.GrpcClientProtocolClient (GrpcClientProtocolClient.java:onNext(255)) - client-9DC82E534C87->980d9c0c-33ac-4a22-b481-33b8b1eac469: receive RaftClientReply:client-9DC82E534C87->980d9c0c-33ac-4a22-b481-33b8b1eac469@group-23022C6A558E, cid=2167, SUCCESS, logIndex=3195, commits[980d9c0c-33ac-4a22-b481-33b8b1eac469:c3196, e00ee311-0ce1-4115-b4c1-69648d9d3094:c3192, bb9367ec-656d-4ade-92be-004a921408cc:c3193]
2019-08-06 03:26:30,618 INFO  client.GrpcClientProtocolClient (GrpcClientProtocolClient.java:onNext(255)) - client-9DC82E534C87->980d9c0c-33ac-4a22-b481-33b8b1eac469: receive RaftClientReply:client-9DC82E534C87->980d9c0c-33ac-4a22-b481-33b8b1eac469@group-23022C6A558E, cid=2168, SUCCESS, logIndex=3196, commits[980d9c0c-33ac-4a22-b481-33b8b1eac469:c3196, e00ee311-0ce1-4115-b4c1-69648d9d3094:c3193, bb9367ec-656d-4ade-92be-004a921408cc:c3193]
2019-08-06 03:26:30,621 INFO  client.GrpcClientProtocolClient (GrpcClientProtocolClient.java:onNext(255)) - client-9DC82E534C87->980d9c0c-33ac-4a22-b481-33b8b1eac469: receive RaftClientReply:client-9DC82E534C87->980d9c0c-33ac-4a22-b481-33b8b1eac469@group-23022C6A558E, cid=2169, SUCCESS, logIndex=0, commits[980d9c0c-33ac-4a22-b481-33b8b1eac469:c3197, e00ee311-0ce1-4115-b4c1-69648d9d3094:c3196, bb9367ec-656d-4ade-92be-004a921408cc:c3196]
2019-08-06 03:26:30,655 INFO  client.GrpcClientProtocolClient (GrpcClientProtocolClient.java:onNext(255)) - client-9DC82E534C87->980d9c0c-33ac-4a22-b481-33b8b1eac469: receive RaftClientReply:client-9DC82E534C87->980d9c0c-33ac-4a22-b481-33b8b1eac469@group-23022C6A558E, cid=2170, SUCCESS, logIndex=3198, commits[980d9c0c-33ac-4a22-b481-33b8b1eac469:c3199, e00ee311-0ce1-4115-b4c1-69648d9d3094:c3197, bb9367ec-656d-4ade-92be-004a921408cc:c3197]
2019-08-06 03:26:30,655 INFO  client.GrpcClientProtocolClient (GrpcClientProtocolClient.java:onNext(255)) - client-9DC82E534C87->980d9c0c-33ac-4a22-b481-33b8b1eac469: receive RaftClientReply:client-9DC82E534C87->980d9c0c-33ac-4a22-b481-33b8b1eac469@group-23022C6A558E, cid=2171, SUCCESS, logIndex=3199, commits[980d9c0c-33ac-4a22-b481-33b8b1eac469:c3200, e00ee311-0ce1-4115-b4c1-69648d9d3094:c3197, bb9367ec-656d-4ade-92be-004a921408cc:c3197]
2019-08-06 03:26:30,655 INFO  client.GrpcClientProtocolClient (GrpcClientProtocolClient.java:onNext(255)) - client-9DC82E534C87->980d9c0c-33ac-4a22-b481-33b8b1eac469: receive RaftClientReply:client-9DC82E534C87->980d9c0c-33ac-4a22-b481-33b8b1eac469@group-23022C6A558E, cid=2172, SUCCESS, logIndex=3200, commits[980d9c0c-33ac-4a22-b481-33b8b1eac469:c3201, e00ee311-0ce1-4115-b4c1-69648d9d3094:c3197, bb9367ec-656d-4ade-92be-004a921408cc:c3197]
2019-08-06 03:26:30,656 INFO  client.GrpcClientProtocolClient (GrpcClientProtocolClient.java:onNext(255)) - client-9DC82E534C87->980d9c0c-33ac-4a22-b481-33b8b1eac469: receive RaftClientReply:client-9DC82E534C87->980d9c0c-33ac-4a22-b481-33b8b1eac469@group-23022C6A558E, cid=2173, SUCCESS, logIndex=3201, commits[980d9c0c-33ac-4a22-b481-33b8b1eac469:c3201, e00ee311-0ce1-4115-b4c1-69648d9d3094:c3197, bb9367ec-656d-4ade-92be-004a921408cc:c3197]
2019-08-06 03:26:30,668 INFO  client.GrpcClientProtocolClient (GrpcClientProtocolClient.java:onNext(255)) - client-9DC82E534C87->980d9c0c-33ac-4a22-b481-33b8b1eac469: receive RaftClientReply:client-9DC82E534C87->980d9c0c-33ac-4a22-b481-33b8b1eac469@group-23022C6A558E, cid=2174, SUCCESS, logIndex=0, commits[980d9c0c-33ac-4a22-b481-33b8b1eac469:c3203, e00ee311-0ce1-4115-b4c1-69648d9d3094:c3199, bb9367ec-656d-4ade-92be-004a921408cc:c3199]
2019-08-06 03:26:30,689 INFO  client.GrpcClientProtocolClient (GrpcClientProtocolClient.java:onNext(255)) - client-9DC82E534C87->980d9c0c-33ac-4a22-b481-33b8b1eac469: receive RaftClientReply:client-9DC82E534C87->980d9c0c-33ac-4a22-b481-33b8b1eac469@group-23022C6A558E, cid=2175, SUCCESS, logIndex=3206, commits[980d9c0c-33ac-4a22-b481-33b8b1eac469:c3207, e00ee311-0ce1-4115-b4c1-69648d9d3094:c3205, bb9367ec-656d-4ade-92be-004a921408cc:c3205]
2019-08-06 03:26:30,689 INFO  client.GrpcClientProtocolClient (GrpcClientProtocolClient.java:onNext(255)) - client-9DC82E534C87->980d9c0c-33ac-4a22-b481-33b8b1eac469: receive RaftClientReply:client-9DC82E534C87->980d9c0c-33ac-4a22-b481-33b8b1eac469@group-23022C6A558E, cid=2176, SUCCESS, logIndex=3207, commits[980d9c0c-33ac-4a22-b481-33b8b1eac469:c3207, e00ee311-0ce1-4115-b4c1-69648d9d3094:c3205, bb9367ec-656d-4ade-92be-004a921408cc:c3205]
2019-08-06 03:26:30,704 INFO  client.GrpcClientProtocolClient (GrpcClientProtocolClient.java:onNext(255)) - client-9DC82E534C87->980d9c0c-33ac-4a22-b481-33b8b1eac469: receive RaftClientReply:client-9DC82E534C87->980d9c0c-33ac-4a22-b481-33b8b1eac469@group-23022C6A558E, cid=2177, SUCCESS, logIndex=3210, commits[980d9c0c-33ac-4a22-b481-33b8b1eac469:c3210, e00ee311-0ce1-4115-b4c1-69648d9d3094:c3207, bb9367ec-656d-4ade-92be-004a921408cc:c3207]
2019-08-06 03:26:30,704 INFO  client.GrpcClientProtocolClient (GrpcClientProtocolClient.java:onNext(255)) - client-9DC82E534C87->980d9c0c-33ac-4a22-b481-33b8b1eac469: receive RaftClientReply:client-9DC82E534C87->980d9c0c-33ac-4a22-b481-33b8b1eac469@group-23022C6A558E, cid=2178, SUCCESS, logIndex=3211, commits[980d9c0c-33ac-4a22-b481-33b8b1eac469:c3211, e00ee311-0ce1-4115-b4c1-69648d9d3094:c3207, bb9367ec-656d-4ade-92be-004a921408cc:c3207]
2019-08-06 03:26:30,729 INFO  client.GrpcClientProtocolClient (GrpcClientProtocolClient.java:onNext(255)) - client-9DC82E534C87->980d9c0c-33ac-4a22-b481-33b8b1eac469: receive RaftClientReply:client-9DC82E534C87->980d9c0c-33ac-4a22-b481-33b8b1eac469@group-23022C6A558E, cid=2179, SUCCESS, logIndex=0, commits[980d9c0c-33ac-4a22-b481-33b8b1eac469:c3213, e00ee311-0ce1-4115-b4c1-69648d9d3094:c3211, bb9367ec-656d-4ade-92be-004a921408cc:c3211]
2019-08-06 03:26:30,760 INFO  client.GrpcClientProtocolClient (GrpcClientProtocolClient.java:onNext(255)) - client-9DC82E534C87->980d9c0c-33ac-4a22-b481-33b8b1eac469: receive RaftClientReply:client-9DC82E534C87->980d9c0c-33ac-4a22-b481-33b8b1eac469@group-23022C6A558E, cid=2180, SUCCESS, logIndex=3214, commits[980d9c0c-33ac-4a22-b481-33b8b1eac469:c3215, e00ee311-0ce1-4115-b4c1-69648d9d3094:c3213, bb9367ec-656d-4ade-92be-004a921408cc:c3213]
2019-08-06 03:26:30,761 INFO  client.GrpcClientProtocolClient (GrpcClientProtocolClient.java:onNext(255)) - client-9DC82E534C87->980d9c0c-33ac-4a22-b481-33b8b1eac469: receive RaftClientReply:client-9DC82E534C87->980d9c0c-33ac-4a22-b481-33b8b1eac469@group-23022C6A558E, cid=2181, SUCCESS, logIndex=3215, commits[980d9c0c-33ac-4a22-b481-33b8b1eac469:c3217, e00ee311-0ce1-4115-b4c1-69648d9d3094:c3213, bb9367ec-656d-4ade-92be-004a921408cc:c3213]
2019-08-06 03:26:30,761 INFO  client.GrpcClientProtocolClient (GrpcClientProtocolClient.java:onNext(255)) - client-9DC82E534C87->980d9c0c-33ac-4a22-b481-33b8b1eac469: receive RaftClientReply:client-9DC82E534C87->980d9c0c-33ac-4a22-b481-33b8b1eac469@group-23022C6A558E, cid=2182, SUCCESS, logIndex=3216, commits[980d9c0c-33ac-4a22-b481-33b8b1eac469:c3217, e00ee311-0ce1-4115-b4c1-69648d9d3094:c3213, bb9367ec-656d-4ade-92be-004a921408cc:c3213]
2019-08-06 03:26:30,762 INFO  client.GrpcClientProtocolClient (GrpcClientProtocolClient.java:onNext(255)) - client-9DC82E534C87->980d9c0c-33ac-4a22-b481-33b8b1eac469: receive RaftClientReply:client-9DC82E534C87->980d9c0c-33ac-4a22-b481-33b8b1eac469@group-23022C6A558E, cid=2183, SUCCESS, logIndex=3217, commits[980d9c0c-33ac-4a22-b481-33b8b1eac469:c3217, e00ee311-0ce1-4115-b4c1-69648d9d3094:c3213, bb9367ec-656d-4ade-92be-004a921408cc:c3213]
2019-08-06 03:26:30,775 INFO  client.GrpcClientProtocolClient (GrpcClientProtocolClient.java:onNext(255)) - client-9DC82E534C87->980d9c0c-33ac-4a22-b481-33b8b1eac469: receive RaftClientReply:client-9DC82E534C87->980d9c0c-33ac-4a22-b481-33b8b1eac469@group-23022C6A558E, cid=2184, SUCCESS, logIndex=0, commits[980d9c0c-33ac-4a22-b481-33b8b1eac469:c3219, e00ee311-0ce1-4115-b4c1-69648d9d3094:c3215, bb9367ec-656d-4ade-92be-004a921408cc:c3215]
2019-08-06 03:26:30,788 INFO  client.GrpcClientProtocolClient (GrpcClientProtocolClient.java:onNext(255)) - client-9DC82E534C87->980d9c0c-33ac-4a22-b481-33b8b1eac469: receive RaftClientReply:client-9DC82E534C87->980d9c0c-33ac-4a22-b481-33b8b1eac469@group-23022C6A558E, cid=2185, SUCCESS, logIndex=3222, commits[980d9c0c-33ac-4a22-b481-33b8b1eac469:c3223, e00ee311-0ce1-4115-b4c1-69648d9d3094:c3217, bb9367ec-656d-4ade-92be-004a921408cc:c3221]
2019-08-06 03:26:30,788 INFO  client.GrpcClientProtocolClient (GrpcClientProtocolClient.java:onNext(255)) - client-9DC82E534C87->980d9c0c-33ac-4a22-b481-33b8b1eac469: receive RaftClientReply:client-9DC82E534C87->980d9c0c-33ac-4a22-b481-33b8b1eac469@group-23022C6A558E, cid=2186, SUCCESS, logIndex=3223, commits[980d9c0c-33ac-4a22-b481-33b8b1eac469:c3223, e00ee311-0ce1-4115-b4c1-69648d9d3094:c3221, bb9367ec-656d-4ade-92be-004a921408cc:c3221]
2019-08-06 03:26:30,814 INFO  client.GrpcClientProtocolClient (GrpcClientProtocolClient.java:onNext(255)) - client-9DC82E534C87->980d9c0c-33ac-4a22-b481-33b8b1eac469: receive RaftClientReply:client-9DC82E534C87->980d9c0c-33ac-4a22-b481-33b8b1eac469@group-23022C6A558E, cid=2187, SUCCESS, logIndex=3226, commits[980d9c0c-33ac-4a22-b481-33b8b1eac469:c3227, e00ee311-0ce1-4115-b4c1-69648d9d3094:c3224, bb9367ec-656d-4ade-92be-004a921408cc:c3223]
2019-08-06 03:26:30,815 INFO  client.GrpcClientProtocolClient (GrpcClientProtocolClient.java:onNext(255)) - client-9DC82E534C87->980d9c0c-33ac-4a22-b481-33b8b1eac469: receive RaftClientReply:client-9DC82E534C87->980d9c0c-33ac-4a22-b481-33b8b1eac469@group-23022C6A558E, cid=2188, SUCCESS, logIndex=3227, commits[980d9c0c-33ac-4a22-b481-33b8b1eac469:c3227, e00ee311-0ce1-4115-b4c1-69648d9d3094:c3224, bb9367ec-656d-4ade-92be-004a921408cc:c3223]
2019-08-06 03:26:30,816 INFO  client.GrpcClientProtocolClient (GrpcClientProtocolClient.java:onNext(255)) - client-9DC82E534C87->980d9c0c-33ac-4a22-b481-33b8b1eac469: receive RaftClientReply:client-9DC82E534C87->980d9c0c-33ac-4a22-b481-33b8b1eac469@group-23022C6A558E, cid=2189, SUCCESS, logIndex=0, commits[980d9c0c-33ac-4a22-b481-33b8b1eac469:c3228, e00ee311-0ce1-4115-b4c1-69648d9d3094:c3227, bb9367ec-656d-4ade-92be-004a921408cc:c3227]
2019-08-06 03:26:30,850 INFO  client.GrpcClientProtocolClient (GrpcClientProtocolClient.java:onNext(255)) - client-9DC82E534C87->980d9c0c-33ac-4a22-b481-33b8b1eac469: receive RaftClientReply:client-9DC82E534C87->980d9c0c-33ac-4a22-b481-33b8b1eac469@group-23022C6A558E, cid=2190, SUCCESS, logIndex=3229, commits[980d9c0c-33ac-4a22-b481-33b8b1eac469:c3230, e00ee311-0ce1-4115-b4c1-69648d9d3094:c3228, bb9367ec-656d-4ade-92be-004a921408cc:c3228]
2019-08-06 03:26:30,851 INFO  client.GrpcClientProtocolClient (GrpcClientProtocolClient.java:onNext(255)) - client-9DC82E534C87->980d9c0c-33ac-4a22-b481-33b8b1eac469: receive RaftClientReply:client-9DC82E534C87->980d9c0c-33ac-4a22-b481-33b8b1eac469@group-23022C6A558E, cid=2191, SUCCESS, logIndex=3230, commits[980d9c0c-33ac-4a22-b481-33b8b1eac469:c3232, e00ee311-0ce1-4115-b4c1-69648d9d3094:c3228, bb9367ec-656d-4ade-92be-004a921408cc:c3228]
2019-08-06 03:26:30,851 INFO  client.GrpcClientProtocolClient (GrpcClientProtocolClient.java:onNext(255)) - client-9DC82E534C87->980d9c0c-33ac-4a22-b481-33b8b1eac469: receive RaftClientReply:client-9DC82E534C87->980d9c0c-33ac-4a22-b481-33b8b1eac469@group-23022C6A558E, cid=2192, SUCCESS, logIndex=3231, commits[980d9c0c-33ac-4a22-b481-33b8b1eac469:c3232, e00ee311-0ce1-4115-b4c1-69648d9d3094:c3228, bb9367ec-656d-4ade-92be-004a921408cc:c3228]
2019-08-06 03:26:30,851 INFO  client.GrpcClientProtocolClient (GrpcClientProtocolClient.java:onNext(255)) - client-9DC82E534C87->980d9c0c-33ac-4a22-b481-33b8b1eac469: receive RaftClientReply:client-9DC82E534C87->980d9c0c-33ac-4a22-b481-33b8b1eac469@group-23022C6A558E, cid=2193, SUCCESS, logIndex=3232, commits[980d9c0c-33ac-4a22-b481-33b8b1eac469:c3232, e00ee311-0ce1-4115-b4c1-69648d9d3094:c3228, bb9367ec-656d-4ade-92be-004a921408cc:c3230]
2019-08-06 03:26:30,853 INFO  client.GrpcClientProtocolClient (GrpcClientProtocolClient.java:onNext(255)) - client-9DC82E534C87->980d9c0c-33ac-4a22-b481-33b8b1eac469: receive RaftClientReply:client-9DC82E534C87->980d9c0c-33ac-4a22-b481-33b8b1eac469@group-23022C6A558E, cid=2194, SUCCESS, logIndex=0, commits[980d9c0c-33ac-4a22-b481-33b8b1eac469:c3234, e00ee311-0ce1-4115-b4c1-69648d9d3094:c3230, bb9367ec-656d-4ade-92be-004a921408cc:c3230]
2019-08-06 03:26:30,873 INFO  client.GrpcClientProtocolClient (GrpcClientProtocolClient.java:onNext(255)) - client-9DC82E534C87->980d9c0c-33ac-4a22-b481-33b8b1eac469: receive RaftClientReply:client-9DC82E534C87->980d9c0c-33ac-4a22-b481-33b8b1eac469@group-23022C6A558E, cid=2195, SUCCESS, logIndex=3237, commits[980d9c0c-33ac-4a22-b481-33b8b1eac469:c3238, e00ee311-0ce1-4115-b4c1-69648d9d3094:c3236, bb9367ec-656d-4ade-92be-004a921408cc:c3236]
2019-08-06 03:26:30,873 INFO  client.GrpcClientProtocolClient (GrpcClientProtocolClient.java:onNext(255)) - client-9DC82E534C87->980d9c0c-33ac-4a22-b481-33b8b1eac469: receive RaftClientReply:client-9DC82E534C87->980d9c0c-33ac-4a22-b481-33b8b1eac469@group-23022C6A558E, cid=2196, SUCCESS, logIndex=3238, commits[980d9c0c-33ac-4a22-b481-33b8b1eac469:c3238, e00ee311-0ce1-4115-b4c1-69648d9d3094:c3236, bb9367ec-656d-4ade-92be-004a921408cc:c3236]
2019-08-06 03:26:30,886 INFO  client.GrpcClientProtocolClient (GrpcClientProtocolClient.java:onNext(255)) - client-9DC82E534C87->980d9c0c-33ac-4a22-b481-33b8b1eac469: receive RaftClientReply:client-9DC82E534C87->980d9c0c-33ac-4a22-b481-33b8b1eac469@group-23022C6A558E, cid=2197, SUCCESS, logIndex=3241, commits[980d9c0c-33ac-4a22-b481-33b8b1eac469:c3242, e00ee311-0ce1-4115-b4c1-69648d9d3094:c3238, bb9367ec-656d-4ade-92be-004a921408cc:c3238]
2019-08-06 03:26:30,886 INFO  client.GrpcClientProtocolClient (GrpcClientProtocolClient.java:onNext(255)) - client-9DC82E534C87->980d9c0c-33ac-4a22-b481-33b8b1eac469: receive RaftClientReply:client-9DC82E534C87->980d9c0c-33ac-4a22-b481-33b8b1eac469@group-23022C6A558E, cid=2198, SUCCESS, logIndex=3242, commits[980d9c0c-33ac-4a22-b481-33b8b1eac469:c3242, e00ee311-0ce1-4115-b4c1-69648d9d3094:c3238, bb9367ec-656d-4ade-92be-004a921408cc:c3238]
2019-08-06 03:26:30,900 INFO  client.GrpcClientProtocolClient (GrpcClientProtocolClient.java:onNext(255)) - client-9DC82E534C87->980d9c0c-33ac-4a22-b481-33b8b1eac469: receive RaftClientReply:client-9DC82E534C87->980d9c0c-33ac-4a22-b481-33b8b1eac469@group-23022C6A558E, cid=2199, SUCCESS, logIndex=0, commits[980d9c0c-33ac-4a22-b481-33b8b1eac469:c3244, e00ee311-0ce1-4115-b4c1-69648d9d3094:c3242, bb9367ec-656d-4ade-92be-004a921408cc:c3242]
2019-08-06 03:26:30,931 INFO  client.GrpcClientProtocolClient (GrpcClientProtocolClient.java:onNext(255)) - client-9DC82E534C87->980d9c0c-33ac-4a22-b481-33b8b1eac469: receive RaftClientReply:client-9DC82E534C87->980d9c0c-33ac-4a22-b481-33b8b1eac469@group-23022C6A558E, cid=2200, SUCCESS, logIndex=3245, commits[980d9c0c-33ac-4a22-b481-33b8b1eac469:c3245, e00ee311-0ce1-4115-b4c1-69648d9d3094:c3244, bb9367ec-656d-4ade-92be-004a921408cc:c3244]
2019-08-06 03:26:30,931 INFO  client.GrpcClientProtocolClient (GrpcClientProtocolClient.java:onNext(255)) - client-9DC82E534C87->980d9c0c-33ac-4a22-b481-33b8b1eac469: receive RaftClientReply:client-9DC82E534C87->980d9c0c-33ac-4a22-b481-33b8b1eac469@group-23022C6A558E, cid=2201, SUCCESS, logIndex=3246, commits[980d9c0c-33ac-4a22-b481-33b8b1eac469:c3248, e00ee311-0ce1-4115-b4c1-69648d9d3094:c3244, bb9367ec-656d-4ade-92be-004a921408cc:c3244]
2019-08-06 03:26:30,932 INFO  client.GrpcClientProtocolClient (GrpcClientProtocolClient.java:onNext(255)) - client-9DC82E534C87->980d9c0c-33ac-4a22-b481-33b8b1eac469: receive RaftClientReply:client-9DC82E534C87->980d9c0c-33ac-4a22-b481-33b8b1eac469@group-23022C6A558E, cid=2202, SUCCESS, logIndex=3247, commits[980d9c0c-33ac-4a22-b481-33b8b1eac469:c3248, e00ee311-0ce1-4115-b4c1-69648d9d3094:c3244, bb9367ec-656d-4ade-92be-004a921408cc:c3244]
2019-08-06 03:26:30,932 INFO  client.GrpcClientProtocolClient (GrpcClientProtocolClient.java:onNext(255)) - client-9DC82E534C87->980d9c0c-33ac-4a22-b481-33b8b1eac469: receive RaftClientReply:client-9DC82E534C87->980d9c0c-33ac-4a22-b481-33b8b1eac469@group-23022C6A558E, cid=2203, SUCCESS, logIndex=3248, commits[980d9c0c-33ac-4a22-b481-33b8b1eac469:c3248, e00ee311-0ce1-4115-b4c1-69648d9d3094:c3244, bb9367ec-656d-4ade-92be-004a921408cc:c3244]
2019-08-06 03:26:30,957 INFO  client.GrpcClientProtocolClient (GrpcClientProtocolClient.java:onNext(255)) - client-9DC82E534C87->980d9c0c-33ac-4a22-b481-33b8b1eac469: receive RaftClientReply:client-9DC82E534C87->980d9c0c-33ac-4a22-b481-33b8b1eac469@group-23022C6A558E, cid=2204, SUCCESS, logIndex=0, commits[980d9c0c-33ac-4a22-b481-33b8b1eac469:c3251, e00ee311-0ce1-4115-b4c1-69648d9d3094:c3248, bb9367ec-656d-4ade-92be-004a921408cc:c3247]
2019-08-06 03:26:30,980 INFO  client.GrpcClientProtocolClient (GrpcClientProtocolClient.java:onNext(255)) - client-9DC82E534C87->980d9c0c-33ac-4a22-b481-33b8b1eac469: receive RaftClientReply:client-9DC82E534C87->980d9c0c-33ac-4a22-b481-33b8b1eac469@group-23022C6A558E, cid=2205, SUCCESS, logIndex=3252, commits[980d9c0c-33ac-4a22-b481-33b8b1eac469:c3253, e00ee311-0ce1-4115-b4c1-69648d9d3094:c3251, bb9367ec-656d-4ade-92be-004a921408cc:c3251]
2019-08-06 03:26:30,980 INFO  client.GrpcClientProtocolClient (GrpcClientProtocolClient.java:onNext(255)) - client-9DC82E534C87->980d9c0c-33ac-4a22-b481-33b8b1eac469: receive RaftClientReply:client-9DC82E534C87->980d9c0c-33ac-4a22-b481-33b8b1eac469@group-23022C6A558E, cid=2206, SUCCESS, logIndex=3253, commits[980d9c0c-33ac-4a22-b481-33b8b1eac469:c3253, e00ee311-0ce1-4115-b4c1-69648d9d3094:c3251, bb9367ec-656d-4ade-92be-004a921408cc:c3251]
2019-08-06 03:26:31,005 INFO  client.GrpcClientProtocolClient (GrpcClientProtocolClient.java:onNext(255)) - client-9DC82E534C87->980d9c0c-33ac-4a22-b481-33b8b1eac469: receive RaftClientReply:client-9DC82E534C87->980d9c0c-33ac-4a22-b481-33b8b1eac469@group-23022C6A558E, cid=2207, SUCCESS, logIndex=3256, commits[980d9c0c-33ac-4a22-b481-33b8b1eac469:c3257, e00ee311-0ce1-4115-b4c1-69648d9d3094:c3253, bb9367ec-656d-4ade-92be-004a921408cc:c3253]
2019-08-06 03:26:31,006 INFO  client.GrpcClientProtocolClient (GrpcClientProtocolClient.java:onNext(255)) - client-9DC82E534C87->980d9c0c-33ac-4a22-b481-33b8b1eac469: receive RaftClientReply:client-9DC82E534C87->980d9c0c-33ac-4a22-b481-33b8b1eac469@group-23022C6A558E, cid=2208, SUCCESS, logIndex=3257, commits[980d9c0c-33ac-4a22-b481-33b8b1eac469:c3257, e00ee311-0ce1-4115-b4c1-69648d9d3094:c3253, bb9367ec-656d-4ade-92be-004a921408cc:c3253]
2019-08-06 03:26:31,030 INFO  client.GrpcClientProtocolClient (GrpcClientProtocolClient.java:onNext(255)) - client-9DC82E534C87->980d9c0c-33ac-4a22-b481-33b8b1eac469: receive RaftClientReply:client-9DC82E534C87->980d9c0c-33ac-4a22-b481-33b8b1eac469@group-23022C6A558E, cid=2209, SUCCESS, logIndex=0, commits[980d9c0c-33ac-4a22-b481-33b8b1eac469:c3259, e00ee311-0ce1-4115-b4c1-69648d9d3094:c3257, bb9367ec-656d-4ade-92be-004a921408cc:c3257]
2019-08-06 03:26:31,062 INFO  client.GrpcClientProtocolClient (GrpcClientProtocolClient.java:onNext(255)) - client-9DC82E534C87->980d9c0c-33ac-4a22-b481-33b8b1eac469: receive RaftClientReply:client-9DC82E534C87->980d9c0c-33ac-4a22-b481-33b8b1eac469@group-23022C6A558E, cid=2210, SUCCESS, logIndex=3260, commits[980d9c0c-33ac-4a22-b481-33b8b1eac469:c3261, e00ee311-0ce1-4115-b4c1-69648d9d3094:c3259, bb9367ec-656d-4ade-92be-004a921408cc:c3259]
2019-08-06 03:26:31,062 INFO  client.GrpcClientProtocolClient (GrpcClientProtocolClient.java:onNext(255)) - client-9DC82E534C87->980d9c0c-33ac-4a22-b481-33b8b1eac469: receive RaftClientReply:client-9DC82E534C87->980d9c0c-33ac-4a22-b481-33b8b1eac469@group-23022C6A558E, cid=2211, SUCCESS, logIndex=3261, commits[980d9c0c-33ac-4a22-b481-33b8b1eac469:c3262, e00ee311-0ce1-4115-b4c1-69648d9d3094:c3259, bb9367ec-656d-4ade-92be-004a921408cc:c3259]
2019-08-06 03:26:31,063 INFO  client.GrpcClientProtocolClient (GrpcClientProtocolClient.java:onNext(255)) - client-9DC82E534C87->980d9c0c-33ac-4a22-b481-33b8b1eac469: receive RaftClientReply:client-9DC82E534C87->980d9c0c-33ac-4a22-b481-33b8b1eac469@group-23022C6A558E, cid=2212, SUCCESS, logIndex=3262, commits[980d9c0c-33ac-4a22-b481-33b8b1eac469:c3263, e00ee311-0ce1-4115-b4c1-69648d9d3094:c3259, bb9367ec-656d-4ade-92be-004a921408cc:c3259]
2019-08-06 03:26:31,063 INFO  client.GrpcClientProtocolClient (GrpcClientProtocolClient.java:onNext(255)) - client-9DC82E534C87->980d9c0c-33ac-4a22-b481-33b8b1eac469: receive RaftClientReply:client-9DC82E534C87->980d9c0c-33ac-4a22-b481-33b8b1eac469@group-23022C6A558E, cid=2213, SUCCESS, logIndex=3263, commits[980d9c0c-33ac-4a22-b481-33b8b1eac469:c3263, e00ee311-0ce1-4115-b4c1-69648d9d3094:c3259, bb9367ec-656d-4ade-92be-004a921408cc:c3259]
2019-08-06 03:26:31,066 INFO  client.GrpcClientProtocolClient (GrpcClientProtocolClient.java:onNext(255)) - client-9DC82E534C87->980d9c0c-33ac-4a22-b481-33b8b1eac469: receive RaftClientReply:client-9DC82E534C87->980d9c0c-33ac-4a22-b481-33b8b1eac469@group-23022C6A558E, cid=2214, SUCCESS, logIndex=0, commits[980d9c0c-33ac-4a22-b481-33b8b1eac469:c3265, e00ee311-0ce1-4115-b4c1-69648d9d3094:c3261, bb9367ec-656d-4ade-92be-004a921408cc:c3261]
2019-08-06 03:26:31,103 INFO  client.GrpcClientProtocolClient (GrpcClientProtocolClient.java:onNext(255)) - client-9DC82E534C87->980d9c0c-33ac-4a22-b481-33b8b1eac469: receive RaftClientReply:client-9DC82E534C87->980d9c0c-33ac-4a22-b481-33b8b1eac469@group-23022C6A558E, cid=2215, SUCCESS, logIndex=3268, commits[980d9c0c-33ac-4a22-b481-33b8b1eac469:c3269, e00ee311-0ce1-4115-b4c1-69648d9d3094:c3267, bb9367ec-656d-4ade-92be-004a921408cc:c3267]
2019-08-06 03:26:31,103 INFO  client.GrpcClientProtocolClient (GrpcClientProtocolClient.java:onNext(255)) - client-9DC82E534C87->980d9c0c-33ac-4a22-b481-33b8b1eac469: receive RaftClientReply:client-9DC82E534C87->980d9c0c-33ac-4a22-b481-33b8b1eac469@group-23022C6A558E, cid=2216, SUCCESS, logIndex=3269, commits[980d9c0c-33ac-4a22-b481-33b8b1eac469:c3269, e00ee311-0ce1-4115-b4c1-69648d9d3094:c3267, bb9367ec-656d-4ade-92be-004a921408cc:c3267]
2019-08-06 03:26:31,127 INFO  client.GrpcClientProtocolClient (GrpcClientProtocolClient.java:onNext(255)) - client-9DC82E534C87->980d9c0c-33ac-4a22-b481-33b8b1eac469: receive RaftClientReply:client-9DC82E534C87->980d9c0c-33ac-4a22-b481-33b8b1eac469@group-23022C6A558E, cid=2217, SUCCESS, logIndex=3272, commits[980d9c0c-33ac-4a22-b481-33b8b1eac469:c3273, e00ee311-0ce1-4115-b4c1-69648d9d3094:c3269, bb9367ec-656d-4ade-92be-004a921408cc:c3268]
2019-08-06 03:26:31,127 INFO  client.GrpcClientProtocolClient (GrpcClientProtocolClient.java:onNext(255)) - client-9DC82E534C87->980d9c0c-33ac-4a22-b481-33b8b1eac469: receive RaftClientReply:client-9DC82E534C87->980d9c0c-33ac-4a22-b481-33b8b1eac469@group-23022C6A558E, cid=2218, SUCCESS, logIndex=3273, commits[980d9c0c-33ac-4a22-b481-33b8b1eac469:c3273, e00ee311-0ce1-4115-b4c1-69648d9d3094:c3269, bb9367ec-656d-4ade-92be-004a921408cc:c3268]
2019-08-06 03:26:31,128 INFO  client.GrpcClientProtocolClient (GrpcClientProtocolClient.java:onNext(255)) - client-9DC82E534C87->980d9c0c-33ac-4a22-b481-33b8b1eac469: receive RaftClientReply:client-9DC82E534C87->980d9c0c-33ac-4a22-b481-33b8b1eac469@group-23022C6A558E, cid=2219, SUCCESS, logIndex=0, commits[980d9c0c-33ac-4a22-b481-33b8b1eac469:c3273, e00ee311-0ce1-4115-b4c1-69648d9d3094:c3269, bb9367ec-656d-4ade-92be-004a921408cc:c3269]
2019-08-06 03:26:31,138 INFO  client.GrpcClientProtocolClient (GrpcClientProtocolClient.java:onNext(255)) - client-9DC82E534C87->980d9c0c-33ac-4a22-b481-33b8b1eac469: receive RaftClientReply:client-9DC82E534C87->980d9c0c-33ac-4a22-b481-33b8b1eac469@group-23022C6A558E, cid=2220, SUCCESS, logIndex=0, commits[980d9c0c-33ac-4a22-b481-33b8b1eac469:c3274, e00ee311-0ce1-4115-b4c1-69648d9d3094:c3273, bb9367ec-656d-4ade-92be-004a921408cc:c3273]
 0.00% |█                                                                                                    |  0/1 Time: 0:00:182019-08-06 03:26:31,264 INFO  client.GrpcClientProtocolClient (GrpcClientProtocolClient.java:onNext(255)) - client-9DC82E534C87->980d9c0c-33ac-4a22-b481-33b8b1eac469: receive RaftClientReply:client-9DC82E534C87->980d9c0c-33ac-4a22-b481-33b8b1eac469@group-23022C6A558E, cid=2221, SUCCESS, logIndex=3275, commits[980d9c0c-33ac-4a22-b481-33b8b1eac469:c3276, e00ee311-0ce1-4115-b4c1-69648d9d3094:c3274, bb9367ec-656d-4ade-92be-004a921408cc:c3274]
2019-08-06 03:26:31,265 INFO  client.GrpcClientProtocolClient (GrpcClientProtocolClient.java:onNext(255)) - client-9DC82E534C87->980d9c0c-33ac-4a22-b481-33b8b1eac469: receive RaftClientReply:client-9DC82E534C87->980d9c0c-33ac-4a22-b481-33b8b1eac469@group-23022C6A558E, cid=2222, SUCCESS, logIndex=3276, commits[980d9c0c-33ac-4a22-b481-33b8b1eac469:c3276, e00ee311-0ce1-4115-b4c1-69648d9d3094:c3274, bb9367ec-656d-4ade-92be-004a921408cc:c3274]
2019-08-06 03:26:31,285 INFO  client.GrpcClientProtocolClient (GrpcClientProtocolClient.java:onNext(255)) - client-9DC82E534C87->980d9c0c-33ac-4a22-b481-33b8b1eac469: receive RaftClientReply:client-9DC82E534C87->980d9c0c-33ac-4a22-b481-33b8b1eac469@group-23022C6A558E, cid=2223, SUCCESS, logIndex=3277, commits[980d9c0c-33ac-4a22-b481-33b8b1eac469:c3278, e00ee311-0ce1-4115-b4c1-69648d9d3094:c3274, bb9367ec-656d-4ade-92be-004a921408cc:c3274]
2019-08-06 03:26:31,286 INFO  client.GrpcClientProtocolClient (GrpcClientProtocolClient.java:onNext(255)) - client-9DC82E534C87->980d9c0c-33ac-4a22-b481-33b8b1eac469: receive RaftClientReply:client-9DC82E534C87->980d9c0c-33ac-4a22-b481-33b8b1eac469@group-23022C6A558E, cid=2224, SUCCESS, logIndex=3278, commits[980d9c0c-33ac-4a22-b481-33b8b1eac469:c3278, e00ee311-0ce1-4115-b4c1-69648d9d3094:c3274, bb9367ec-656d-4ade-92be-004a921408cc:c3274]
2019-08-06 03:26:31,287 INFO  client.GrpcClientProtocolClient (GrpcClientProtocolClient.java:onNext(255)) - client-9DC82E534C87->980d9c0c-33ac-4a22-b481-33b8b1eac469: receive RaftClientReply:client-9DC82E534C87->980d9c0c-33ac-4a22-b481-33b8b1eac469@group-23022C6A558E, cid=2225, SUCCESS, logIndex=0, commits[980d9c0c-33ac-4a22-b481-33b8b1eac469:c3280, e00ee311-0ce1-4115-b4c1-69648d9d3094:c3276, bb9367ec-656d-4ade-92be-004a921408cc:c3276]
2019-08-06 03:26:31,301 INFO  client.GrpcClientProtocolClient (GrpcClientProtocolClient.java:onNext(255)) - client-9DC82E534C87->980d9c0c-33ac-4a22-b481-33b8b1eac469: receive RaftClientReply:client-9DC82E534C87->980d9c0c-33ac-4a22-b481-33b8b1eac469@group-23022C6A558E, cid=2226, SUCCESS, logIndex=3283, commits[980d9c0c-33ac-4a22-b481-33b8b1eac469:c3284, e00ee311-0ce1-4115-b4c1-69648d9d3094:c3282, bb9367ec-656d-4ade-92be-004a921408cc:c3278]
2019-08-06 03:26:31,301 INFO  client.GrpcClientProtocolClient (GrpcClientProtocolClient.java:onNext(255)) - client-9DC82E534C87->980d9c0c-33ac-4a22-b481-33b8b1eac469: receive RaftClientReply:client-9DC82E534C87->980d9c0c-33ac-4a22-b481-33b8b1eac469@group-23022C6A558E, cid=2227, SUCCESS, logIndex=3284, commits[980d9c0c-33ac-4a22-b481-33b8b1eac469:c3284, e00ee311-0ce1-4115-b4c1-69648d9d3094:c3282, bb9367ec-656d-4ade-92be-004a921408cc:c3282]
2019-08-06 03:26:31,317 INFO  client.GrpcClientProtocolClient (GrpcClientProtocolClient.java:onNext(255)) - client-9DC82E534C87->980d9c0c-33ac-4a22-b481-33b8b1eac469: receive RaftClientReply:client-9DC82E534C87->980d9c0c-33ac-4a22-b481-33b8b1eac469@group-23022C6A558E, cid=2228, SUCCESS, logIndex=3287, commits[980d9c0c-33ac-4a22-b481-33b8b1eac469:c3288, e00ee311-0ce1-4115-b4c1-69648d9d3094:c3285, bb9367ec-656d-4ade-92be-004a921408cc:c3284]
2019-08-06 03:26:31,318 INFO  client.GrpcClientProtocolClient (GrpcClientProtocolClient.java:onNext(255)) - client-9DC82E534C87->980d9c0c-33ac-4a22-b481-33b8b1eac469: receive RaftClientReply:client-9DC82E534C87->980d9c0c-33ac-4a22-b481-33b8b1eac469@group-23022C6A558E, cid=2229, SUCCESS, logIndex=3288, commits[980d9c0c-33ac-4a22-b481-33b8b1eac469:c3288, e00ee311-0ce1-4115-b4c1-69648d9d3094:c3285, bb9367ec-656d-4ade-92be-004a921408cc:c3285]
2019-08-06 03:26:31,319 INFO  client.GrpcClientProtocolClient (GrpcClientProtocolClient.java:onNext(255)) - client-9DC82E534C87->980d9c0c-33ac-4a22-b481-33b8b1eac469: receive RaftClientReply:client-9DC82E534C87->980d9c0c-33ac-4a22-b481-33b8b1eac469@group-23022C6A558E, cid=2230, SUCCESS, logIndex=0, commits[980d9c0c-33ac-4a22-b481-33b8b1eac469:c3289, e00ee311-0ce1-4115-b4c1-69648d9d3094:c3288, bb9367ec-656d-4ade-92be-004a921408cc:c3288]
2019-08-06 03:26:31,352 INFO  client.GrpcClientProtocolClient (GrpcClientProtocolClient.java:onNext(255)) - client-9DC82E534C87->980d9c0c-33ac-4a22-b481-33b8b1eac469: receive RaftClientReply:client-9DC82E534C87->980d9c0c-33ac-4a22-b481-33b8b1eac469@group-23022C6A558E, cid=2231, SUCCESS, logIndex=3291, commits[980d9c0c-33ac-4a22-b481-33b8b1eac469:c3292, e00ee311-0ce1-4115-b4c1-69648d9d3094:c3290, bb9367ec-656d-4ade-92be-004a921408cc:c3290]
2019-08-06 03:26:31,353 INFO  client.GrpcClientProtocolClient (GrpcClientProtocolClient.java:onNext(255)) - client-9DC82E534C87->980d9c0c-33ac-4a22-b481-33b8b1eac469: receive RaftClientReply:client-9DC82E534C87->980d9c0c-33ac-4a22-b481-33b8b1eac469@group-23022C6A558E, cid=2232, SUCCESS, logIndex=3292, commits[980d9c0c-33ac-4a22-b481-33b8b1eac469:c3294, e00ee311-0ce1-4115-b4c1-69648d9d3094:c3290, bb9367ec-656d-4ade-92be-004a921408cc:c3290]
2019-08-06 03:26:31,353 INFO  client.GrpcClientProtocolClient (GrpcClientProtocolClient.java:onNext(255)) - client-9DC82E534C87->980d9c0c-33ac-4a22-b481-33b8b1eac469: receive RaftClientReply:client-9DC82E534C87->980d9c0c-33ac-4a22-b481-33b8b1eac469@group-23022C6A558E, cid=2233, SUCCESS, logIndex=3293, commits[980d9c0c-33ac-4a22-b481-33b8b1eac469:c3294, e00ee311-0ce1-4115-b4c1-69648d9d3094:c3290, bb9367ec-656d-4ade-92be-004a921408cc:c3290]
2019-08-06 03:26:31,354 INFO  client.GrpcClientProtocolClient (GrpcClientProtocolClient.java:onNext(255)) - client-9DC82E534C87->980d9c0c-33ac-4a22-b481-33b8b1eac469: receive RaftClientReply:client-9DC82E534C87->980d9c0c-33ac-4a22-b481-33b8b1eac469@group-23022C6A558E, cid=2234, SUCCESS, logIndex=3294, commits[980d9c0c-33ac-4a22-b481-33b8b1eac469:c3294, e00ee311-0ce1-4115-b4c1-69648d9d3094:c3290, bb9367ec-656d-4ade-92be-004a921408cc:c3290]
2019-08-06 03:26:31,355 INFO  client.GrpcClientProtocolClient (GrpcClientProtocolClient.java:onNext(255)) - client-9DC82E534C87->980d9c0c-33ac-4a22-b481-33b8b1eac469: receive RaftClientReply:client-9DC82E534C87->980d9c0c-33ac-4a22-b481-33b8b1eac469@group-23022C6A558E, cid=2235, SUCCESS, logIndex=0, commits[980d9c0c-33ac-4a22-b481-33b8b1eac469:c3298, e00ee311-0ce1-4115-b4c1-69648d9d3094:c3292, bb9367ec-656d-4ade-92be-004a921408cc:c3294]
2019-08-06 03:26:31,376 INFO  client.GrpcClientProtocolClient (GrpcClientProtocolClient.java:onNext(255)) - client-9DC82E534C87->980d9c0c-33ac-4a22-b481-33b8b1eac469: receive RaftClientReply:client-9DC82E534C87->980d9c0c-33ac-4a22-b481-33b8b1eac469@group-23022C6A558E, cid=2236, SUCCESS, logIndex=3299, commits[980d9c0c-33ac-4a22-b481-33b8b1eac469:c3300, e00ee311-0ce1-4115-b4c1-69648d9d3094:c3298, bb9367ec-656d-4ade-92be-004a921408cc:c3298]
2019-08-06 03:26:31,376 INFO  client.GrpcClientProtocolClient (GrpcClientProtocolClient.java:onNext(255)) - client-9DC82E534C87->980d9c0c-33ac-4a22-b481-33b8b1eac469: receive RaftClientReply:client-9DC82E534C87->980d9c0c-33ac-4a22-b481-33b8b1eac469@group-23022C6A558E, cid=2237, SUCCESS, logIndex=3300, commits[980d9c0c-33ac-4a22-b481-33b8b1eac469:c3300, e00ee311-0ce1-4115-b4c1-69648d9d3094:c3298, bb9367ec-656d-4ade-92be-004a921408cc:c3298]
2019-08-06 03:26:31,390 INFO  client.GrpcClientProtocolClient (GrpcClientProtocolClient.java:onNext(255)) - client-9DC82E534C87->980d9c0c-33ac-4a22-b481-33b8b1eac469: receive RaftClientReply:client-9DC82E534C87->980d9c0c-33ac-4a22-b481-33b8b1eac469@group-23022C6A558E, cid=2238, SUCCESS, logIndex=3303, commits[980d9c0c-33ac-4a22-b481-33b8b1eac469:c3303, e00ee311-0ce1-4115-b4c1-69648d9d3094:c3300, bb9367ec-656d-4ade-92be-004a921408cc:c3300]
2019-08-06 03:26:31,391 INFO  client.GrpcClientProtocolClient (GrpcClientProtocolClient.java:onNext(255)) - client-9DC82E534C87->980d9c0c-33ac-4a22-b481-33b8b1eac469: receive RaftClientReply:client-9DC82E534C87->980d9c0c-33ac-4a22-b481-33b8b1eac469@group-23022C6A558E, cid=2239, SUCCESS, logIndex=3304, commits[980d9c0c-33ac-4a22-b481-33b8b1eac469:c3304, e00ee311-0ce1-4115-b4c1-69648d9d3094:c3300, bb9367ec-656d-4ade-92be-004a921408cc:c3300]
2019-08-06 03:26:31,405 INFO  client.GrpcClientProtocolClient (GrpcClientProtocolClient.java:onNext(255)) - client-9DC82E534C87->980d9c0c-33ac-4a22-b481-33b8b1eac469: receive RaftClientReply:client-9DC82E534C87->980d9c0c-33ac-4a22-b481-33b8b1eac469@group-23022C6A558E, cid=2240, SUCCESS, logIndex=0, commits[980d9c0c-33ac-4a22-b481-33b8b1eac469:c3306, e00ee311-0ce1-4115-b4c1-69648d9d3094:c3304, bb9367ec-656d-4ade-92be-004a921408cc:c3304]
2019-08-06 03:26:31,432 INFO  client.GrpcClientProtocolClient (GrpcClientProtocolClient.java:onNext(255)) - client-9DC82E534C87->980d9c0c-33ac-4a22-b481-33b8b1eac469: receive RaftClientReply:client-9DC82E534C87->980d9c0c-33ac-4a22-b481-33b8b1eac469@group-23022C6A558E, cid=2241, SUCCESS, logIndex=3307, commits[980d9c0c-33ac-4a22-b481-33b8b1eac469:c3308, e00ee311-0ce1-4115-b4c1-69648d9d3094:c3306, bb9367ec-656d-4ade-92be-004a921408cc:c3306]
2019-08-06 03:26:31,432 INFO  client.GrpcClientProtocolClient (GrpcClientProtocolClient.java:onNext(255)) - client-9DC82E534C87->980d9c0c-33ac-4a22-b481-33b8b1eac469: receive RaftClientReply:client-9DC82E534C87->980d9c0c-33ac-4a22-b481-33b8b1eac469@group-23022C6A558E, cid=2242, SUCCESS, logIndex=3308, commits[980d9c0c-33ac-4a22-b481-33b8b1eac469:c3310, e00ee311-0ce1-4115-b4c1-69648d9d3094:c3306, bb9367ec-656d-4ade-92be-004a921408cc:c3306]
2019-08-06 03:26:31,433 INFO  client.GrpcClientProtocolClient (GrpcClientProtocolClient.java:onNext(255)) - client-9DC82E534C87->980d9c0c-33ac-4a22-b481-33b8b1eac469: receive RaftClientReply:client-9DC82E534C87->980d9c0c-33ac-4a22-b481-33b8b1eac469@group-23022C6A558E, cid=2243, SUCCESS, logIndex=3309, commits[980d9c0c-33ac-4a22-b481-33b8b1eac469:c3310, e00ee311-0ce1-4115-b4c1-69648d9d3094:c3306, bb9367ec-656d-4ade-92be-004a921408cc:c3306]
2019-08-06 03:26:31,433 INFO  client.GrpcClientProtocolClient (GrpcClientProtocolClient.java:onNext(255)) - client-9DC82E534C87->980d9c0c-33ac-4a22-b481-33b8b1eac469: receive RaftClientReply:client-9DC82E534C87->980d9c0c-33ac-4a22-b481-33b8b1eac469@group-23022C6A558E, cid=2244, SUCCESS, logIndex=3310, commits[980d9c0c-33ac-4a22-b481-33b8b1eac469:c3310, e00ee311-0ce1-4115-b4c1-69648d9d3094:c3306, bb9367ec-656d-4ade-92be-004a921408cc:c3306]
2019-08-06 03:26:31,449 INFO  client.GrpcClientProtocolClient (GrpcClientProtocolClient.java:onNext(255)) - client-9DC82E534C87->980d9c0c-33ac-4a22-b481-33b8b1eac469: receive RaftClientReply:client-9DC82E534C87->980d9c0c-33ac-4a22-b481-33b8b1eac469@group-23022C6A558E, cid=2245, SUCCESS, logIndex=0, commits[980d9c0c-33ac-4a22-b481-33b8b1eac469:c3313, e00ee311-0ce1-4115-b4c1-69648d9d3094:c3309, bb9367ec-656d-4ade-92be-004a921408cc:c3308]
2019-08-06 03:26:31,468 INFO  client.GrpcClientProtocolClient (GrpcClientProtocolClient.java:onNext(255)) - client-9DC82E534C87->980d9c0c-33ac-4a22-b481-33b8b1eac469: receive RaftClientReply:client-9DC82E534C87->980d9c0c-33ac-4a22-b481-33b8b1eac469@group-23022C6A558E, cid=2246, SUCCESS, logIndex=3315, commits[980d9c0c-33ac-4a22-b481-33b8b1eac469:c3316, e00ee311-0ce1-4115-b4c1-69648d9d3094:c3314, bb9367ec-656d-4ade-92be-004a921408cc:c3314]
2019-08-06 03:26:31,469 INFO  client.GrpcClientProtocolClient (GrpcClientProtocolClient.java:onNext(255)) - client-9DC82E534C87->980d9c0c-33ac-4a22-b481-33b8b1eac469: receive RaftClientReply:client-9DC82E534C87->980d9c0c-33ac-4a22-b481-33b8b1eac469@group-23022C6A558E, cid=2247, SUCCESS, logIndex=3316, commits[980d9c0c-33ac-4a22-b481-33b8b1eac469:c3316, e00ee311-0ce1-4115-b4c1-69648d9d3094:c3314, bb9367ec-656d-4ade-92be-004a921408cc:c3314]
2019-08-06 03:26:31,493 INFO  client.GrpcClientProtocolClient (GrpcClientProtocolClient.java:onNext(255)) - client-9DC82E534C87->980d9c0c-33ac-4a22-b481-33b8b1eac469: receive RaftClientReply:client-9DC82E534C87->980d9c0c-33ac-4a22-b481-33b8b1eac469@group-23022C6A558E, cid=2248, SUCCESS, logIndex=3319, commits[980d9c0c-33ac-4a22-b481-33b8b1eac469:c3320, e00ee311-0ce1-4115-b4c1-69648d9d3094:c3316, bb9367ec-656d-4ade-92be-004a921408cc:c3316]
2019-08-06 03:26:31,493 INFO  client.GrpcClientProtocolClient (GrpcClientProtocolClient.java:onNext(255)) - client-9DC82E534C87->980d9c0c-33ac-4a22-b481-33b8b1eac469: receive RaftClientReply:client-9DC82E534C87->980d9c0c-33ac-4a22-b481-33b8b1eac469@group-23022C6A558E, cid=2249, SUCCESS, logIndex=3320, commits[980d9c0c-33ac-4a22-b481-33b8b1eac469:c3320, e00ee311-0ce1-4115-b4c1-69648d9d3094:c3316, bb9367ec-656d-4ade-92be-004a921408cc:c3316]
2019-08-06 03:26:31,508 INFO  client.GrpcClientProtocolClient (GrpcClientProtocolClient.java:onNext(255)) - client-9DC82E534C87->980d9c0c-33ac-4a22-b481-33b8b1eac469: receive RaftClientReply:client-9DC82E534C87->980d9c0c-33ac-4a22-b481-33b8b1eac469@group-23022C6A558E, cid=2250, SUCCESS, logIndex=0, commits[980d9c0c-33ac-4a22-b481-33b8b1eac469:c3322, e00ee311-0ce1-4115-b4c1-69648d9d3094:c3320, bb9367ec-656d-4ade-92be-004a921408cc:c3320]
2019-08-06 03:26:31,537 INFO  client.GrpcClientProtocolClient (GrpcClientProtocolClient.java:onNext(255)) - client-9DC82E534C87->980d9c0c-33ac-4a22-b481-33b8b1eac469: receive RaftClientReply:client-9DC82E534C87->980d9c0c-33ac-4a22-b481-33b8b1eac469@group-23022C6A558E, cid=2251, SUCCESS, logIndex=3323, commits[980d9c0c-33ac-4a22-b481-33b8b1eac469:c3324, e00ee311-0ce1-4115-b4c1-69648d9d3094:c3322, bb9367ec-656d-4ade-92be-004a921408cc:c3322]
2019-08-06 03:26:31,538 INFO  client.GrpcClientProtocolClient (GrpcClientProtocolClient.java:onNext(255)) - client-9DC82E534C87->980d9c0c-33ac-4a22-b481-33b8b1eac469: receive RaftClientReply:client-9DC82E534C87->980d9c0c-33ac-4a22-b481-33b8b1eac469@group-23022C6A558E, cid=2252, SUCCESS, logIndex=3324, commits[980d9c0c-33ac-4a22-b481-33b8b1eac469:c3326, e00ee311-0ce1-4115-b4c1-69648d9d3094:c3322, bb9367ec-656d-4ade-92be-004a921408cc:c3322]
2019-08-06 03:26:31,538 INFO  client.GrpcClientProtocolClient (GrpcClientProtocolClient.java:onNext(255)) - client-9DC82E534C87->980d9c0c-33ac-4a22-b481-33b8b1eac469: receive RaftClientReply:client-9DC82E534C87->980d9c0c-33ac-4a22-b481-33b8b1eac469@group-23022C6A558E, cid=2253, SUCCESS, logIndex=3325, commits[980d9c0c-33ac-4a22-b481-33b8b1eac469:c3326, e00ee311-0ce1-4115-b4c1-69648d9d3094:c3322, bb9367ec-656d-4ade-92be-004a921408cc:c3322]
2019-08-06 03:26:31,538 INFO  client.GrpcClientProtocolClient (GrpcClientProtocolClient.java:onNext(255)) - client-9DC82E534C87->980d9c0c-33ac-4a22-b481-33b8b1eac469: receive RaftClientReply:client-9DC82E534C87->980d9c0c-33ac-4a22-b481-33b8b1eac469@group-23022C6A558E, cid=2254, SUCCESS, logIndex=3326, commits[980d9c0c-33ac-4a22-b481-33b8b1eac469:c3326, e00ee311-0ce1-4115-b4c1-69648d9d3094:c3322, bb9367ec-656d-4ade-92be-004a921408cc:c3322]
2019-08-06 03:26:31,553 INFO  client.GrpcClientProtocolClient (GrpcClientProtocolClient.java:onNext(255)) - client-9DC82E534C87->980d9c0c-33ac-4a22-b481-33b8b1eac469: receive RaftClientReply:client-9DC82E534C87->980d9c0c-33ac-4a22-b481-33b8b1eac469@group-23022C6A558E, cid=2255, SUCCESS, logIndex=0, commits[980d9c0c-33ac-4a22-b481-33b8b1eac469:c3329, e00ee311-0ce1-4115-b4c1-69648d9d3094:c3325, bb9367ec-656d-4ade-92be-004a921408cc:c3324]
2019-08-06 03:26:31,566 INFO  client.GrpcClientProtocolClient (GrpcClientProtocolClient.java:onNext(255)) - client-9DC82E534C87->980d9c0c-33ac-4a22-b481-33b8b1eac469: receive RaftClientReply:client-9DC82E534C87->980d9c0c-33ac-4a22-b481-33b8b1eac469@group-23022C6A558E, cid=2256, SUCCESS, logIndex=3331, commits[980d9c0c-33ac-4a22-b481-33b8b1eac469:c3332, e00ee311-0ce1-4115-b4c1-69648d9d3094:c3326, bb9367ec-656d-4ade-92be-004a921408cc:c3330]
2019-08-06 03:26:31,566 INFO  client.GrpcClientProtocolClient (GrpcClientProtocolClient.java:onNext(255)) - client-9DC82E534C87->980d9c0c-33ac-4a22-b481-33b8b1eac469: receive RaftClientReply:client-9DC82E534C87->980d9c0c-33ac-4a22-b481-33b8b1eac469@group-23022C6A558E, cid=2257, SUCCESS, logIndex=3332, commits[980d9c0c-33ac-4a22-b481-33b8b1eac469:c3332, e00ee311-0ce1-4115-b4c1-69648d9d3094:c3326, bb9367ec-656d-4ade-92be-004a921408cc:c3330]
2019-08-06 03:26:31,581 INFO  client.GrpcClientProtocolClient (GrpcClientProtocolClient.java:onNext(255)) - client-9DC82E534C87->980d9c0c-33ac-4a22-b481-33b8b1eac469: receive RaftClientReply:client-9DC82E534C87->980d9c0c-33ac-4a22-b481-33b8b1eac469@group-23022C6A558E, cid=2258, SUCCESS, logIndex=3335, commits[980d9c0c-33ac-4a22-b481-33b8b1eac469:c3336, e00ee311-0ce1-4115-b4c1-69648d9d3094:c3332, bb9367ec-656d-4ade-92be-004a921408cc:c3332]
2019-08-06 03:26:31,582 INFO  client.GrpcClientProtocolClient (GrpcClientProtocolClient.java:onNext(255)) - client-9DC82E534C87->980d9c0c-33ac-4a22-b481-33b8b1eac469: receive RaftClientReply:client-9DC82E534C87->980d9c0c-33ac-4a22-b481-33b8b1eac469@group-23022C6A558E, cid=2259, SUCCESS, logIndex=3336, commits[980d9c0c-33ac-4a22-b481-33b8b1eac469:c3336, e00ee311-0ce1-4115-b4c1-69648d9d3094:c3332, bb9367ec-656d-4ade-92be-004a921408cc:c3332]
2019-08-06 03:26:31,585 INFO  client.GrpcClientProtocolClient (GrpcClientProtocolClient.java:onNext(255)) - client-9DC82E534C87->980d9c0c-33ac-4a22-b481-33b8b1eac469: receive RaftClientReply:client-9DC82E534C87->980d9c0c-33ac-4a22-b481-33b8b1eac469@group-23022C6A558E, cid=2260, SUCCESS, logIndex=0, commits[980d9c0c-33ac-4a22-b481-33b8b1eac469:c3337, e00ee311-0ce1-4115-b4c1-69648d9d3094:c3336, bb9367ec-656d-4ade-92be-004a921408cc:c3336]
2019-08-06 03:26:31,612 INFO  client.GrpcClientProtocolClient (GrpcClientProtocolClient.java:onNext(255)) - client-9DC82E534C87->980d9c0c-33ac-4a22-b481-33b8b1eac469: receive RaftClientReply:client-9DC82E534C87->980d9c0c-33ac-4a22-b481-33b8b1eac469@group-23022C6A558E, cid=2261, SUCCESS, logIndex=3338, commits[980d9c0c-33ac-4a22-b481-33b8b1eac469:c3339, e00ee311-0ce1-4115-b4c1-69648d9d3094:c3337, bb9367ec-656d-4ade-92be-004a921408cc:c3337]
2019-08-06 03:26:31,612 INFO  client.GrpcClientProtocolClient (GrpcClientProtocolClient.java:onNext(255)) - client-9DC82E534C87->980d9c0c-33ac-4a22-b481-33b8b1eac469: receive RaftClientReply:client-9DC82E534C87->980d9c0c-33ac-4a22-b481-33b8b1eac469@group-23022C6A558E, cid=2262, SUCCESS, logIndex=3339, commits[980d9c0c-33ac-4a22-b481-33b8b1eac469:c3340, e00ee311-0ce1-4115-b4c1-69648d9d3094:c3337, bb9367ec-656d-4ade-92be-004a921408cc:c3337]
2019-08-06 03:26:31,612 INFO  client.GrpcClientProtocolClient (GrpcClientProtocolClient.java:onNext(255)) - client-9DC82E534C87->980d9c0c-33ac-4a22-b481-33b8b1eac469: receive RaftClientReply:client-9DC82E534C87->980d9c0c-33ac-4a22-b481-33b8b1eac469@group-23022C6A558E, cid=2263, SUCCESS, logIndex=3340, commits[980d9c0c-33ac-4a22-b481-33b8b1eac469:c3341, e00ee311-0ce1-4115-b4c1-69648d9d3094:c3337, bb9367ec-656d-4ade-92be-004a921408cc:c3337]
2019-08-06 03:26:31,613 INFO  client.GrpcClientProtocolClient (GrpcClientProtocolClient.java:onNext(255)) - client-9DC82E534C87->980d9c0c-33ac-4a22-b481-33b8b1eac469: receive RaftClientReply:client-9DC82E534C87->980d9c0c-33ac-4a22-b481-33b8b1eac469@group-23022C6A558E, cid=2264, SUCCESS, logIndex=3341, commits[980d9c0c-33ac-4a22-b481-33b8b1eac469:c3341, e00ee311-0ce1-4115-b4c1-69648d9d3094:c3337, bb9367ec-656d-4ade-92be-004a921408cc:c3337]
2019-08-06 03:26:31,625 INFO  client.GrpcClientProtocolClient (GrpcClientProtocolClient.java:onNext(255)) - client-9DC82E534C87->980d9c0c-33ac-4a22-b481-33b8b1eac469: receive RaftClientReply:client-9DC82E534C87->980d9c0c-33ac-4a22-b481-33b8b1eac469@group-23022C6A558E, cid=2265, SUCCESS, logIndex=0, commits[980d9c0c-33ac-4a22-b481-33b8b1eac469:c3343, e00ee311-0ce1-4115-b4c1-69648d9d3094:c3339, bb9367ec-656d-4ade-92be-004a921408cc:c3339]
2019-08-06 03:26:31,642 INFO  client.GrpcClientProtocolClient (GrpcClientProtocolClient.java:onNext(255)) - client-9DC82E534C87->980d9c0c-33ac-4a22-b481-33b8b1eac469: receive RaftClientReply:client-9DC82E534C87->980d9c0c-33ac-4a22-b481-33b8b1eac469@group-23022C6A558E, cid=2266, SUCCESS, logIndex=3346, commits[980d9c0c-33ac-4a22-b481-33b8b1eac469:c3347, e00ee311-0ce1-4115-b4c1-69648d9d3094:c3345, bb9367ec-656d-4ade-92be-004a921408cc:c3345]
2019-08-06 03:26:31,643 INFO  client.GrpcClientProtocolClient (GrpcClientProtocolClient.java:onNext(255)) - client-9DC82E534C87->980d9c0c-33ac-4a22-b481-33b8b1eac469: receive RaftClientReply:client-9DC82E534C87->980d9c0c-33ac-4a22-b481-33b8b1eac469@group-23022C6A558E, cid=2267, SUCCESS, logIndex=3347, commits[980d9c0c-33ac-4a22-b481-33b8b1eac469:c3347, e00ee311-0ce1-4115-b4c1-69648d9d3094:c3345, bb9367ec-656d-4ade-92be-004a921408cc:c3345]
2019-08-06 03:26:31,655 INFO  client.GrpcClientProtocolClient (GrpcClientProtocolClient.java:onNext(255)) - client-9DC82E534C87->980d9c0c-33ac-4a22-b481-33b8b1eac469: receive RaftClientReply:client-9DC82E534C87->980d9c0c-33ac-4a22-b481-33b8b1eac469@group-23022C6A558E, cid=2268, SUCCESS, logIndex=3350, commits[980d9c0c-33ac-4a22-b481-33b8b1eac469:c3351, e00ee311-0ce1-4115-b4c1-69648d9d3094:c3347, bb9367ec-656d-4ade-92be-004a921408cc:c3347]
2019-08-06 03:26:31,656 INFO  client.GrpcClientProtocolClient (GrpcClientProtocolClient.java:onNext(255)) - client-9DC82E534C87->980d9c0c-33ac-4a22-b481-33b8b1eac469: receive RaftClientReply:client-9DC82E534C87->980d9c0c-33ac-4a22-b481-33b8b1eac469@group-23022C6A558E, cid=2269, SUCCESS, logIndex=3351, commits[980d9c0c-33ac-4a22-b481-33b8b1eac469:c3351, e00ee311-0ce1-4115-b4c1-69648d9d3094:c3347, bb9367ec-656d-4ade-92be-004a921408cc:c3347]
2019-08-06 03:26:31,670 INFO  client.GrpcClientProtocolClient (GrpcClientProtocolClient.java:onNext(255)) - client-9DC82E534C87->980d9c0c-33ac-4a22-b481-33b8b1eac469: receive RaftClientReply:client-9DC82E534C87->980d9c0c-33ac-4a22-b481-33b8b1eac469@group-23022C6A558E, cid=2270, SUCCESS, logIndex=0, commits[980d9c0c-33ac-4a22-b481-33b8b1eac469:c3352, e00ee311-0ce1-4115-b4c1-69648d9d3094:c3351, bb9367ec-656d-4ade-92be-004a921408cc:c3351]
2019-08-06 03:26:31,699 INFO  client.GrpcClientProtocolClient (GrpcClientProtocolClient.java:onNext(255)) - client-9DC82E534C87->980d9c0c-33ac-4a22-b481-33b8b1eac469: receive RaftClientReply:client-9DC82E534C87->980d9c0c-33ac-4a22-b481-33b8b1eac469@group-23022C6A558E, cid=2271, SUCCESS, logIndex=3353, commits[980d9c0c-33ac-4a22-b481-33b8b1eac469:c3354, e00ee311-0ce1-4115-b4c1-69648d9d3094:c3352, bb9367ec-656d-4ade-92be-004a921408cc:c3352]
2019-08-06 03:26:31,699 INFO  client.GrpcClientProtocolClient (GrpcClientProtocolClient.java:onNext(255)) - client-9DC82E534C87->980d9c0c-33ac-4a22-b481-33b8b1eac469: receive RaftClientReply:client-9DC82E534C87->980d9c0c-33ac-4a22-b481-33b8b1eac469@group-23022C6A558E, cid=2272, SUCCESS, logIndex=3354, commits[980d9c0c-33ac-4a22-b481-33b8b1eac469:c3356, e00ee311-0ce1-4115-b4c1-69648d9d3094:c3352, bb9367ec-656d-4ade-92be-004a921408cc:c3352]
2019-08-06 03:26:31,700 INFO  client.GrpcClientProtocolClient (GrpcClientProtocolClient.java:onNext(255)) - client-9DC82E534C87->980d9c0c-33ac-4a22-b481-33b8b1eac469: receive RaftClientReply:client-9DC82E534C87->980d9c0c-33ac-4a22-b481-33b8b1eac469@group-23022C6A558E, cid=2273, SUCCESS, logIndex=3355, commits[980d9c0c-33ac-4a22-b481-33b8b1eac469:c3356, e00ee311-0ce1-4115-b4c1-69648d9d3094:c3352, bb9367ec-656d-4ade-92be-004a921408cc:c3352]
2019-08-06 03:26:31,700 INFO  client.GrpcClientProtocolClient (GrpcClientProtocolClient.java:onNext(255)) - client-9DC82E534C87->980d9c0c-33ac-4a22-b481-33b8b1eac469: receive RaftClientReply:client-9DC82E534C87->980d9c0c-33ac-4a22-b481-33b8b1eac469@group-23022C6A558E, cid=2274, SUCCESS, logIndex=3356, commits[980d9c0c-33ac-4a22-b481-33b8b1eac469:c3357, e00ee311-0ce1-4115-b4c1-69648d9d3094:c3353, bb9367ec-656d-4ade-92be-004a921408cc:c3352]
2019-08-06 03:26:31,713 INFO  client.GrpcClientProtocolClient (GrpcClientProtocolClient.java:onNext(255)) - client-9DC82E534C87->980d9c0c-33ac-4a22-b481-33b8b1eac469: receive RaftClientReply:client-9DC82E534C87->980d9c0c-33ac-4a22-b481-33b8b1eac469@group-23022C6A558E, cid=2275, SUCCESS, logIndex=0, commits[980d9c0c-33ac-4a22-b481-33b8b1eac469:c3358, e00ee311-0ce1-4115-b4c1-69648d9d3094:c3354, bb9367ec-656d-4ade-92be-004a921408cc:c3354]
2019-08-06 03:26:31,733 INFO  client.GrpcClientProtocolClient (GrpcClientProtocolClient.java:onNext(255)) - client-9DC82E534C87->980d9c0c-33ac-4a22-b481-33b8b1eac469: receive RaftClientReply:client-9DC82E534C87->980d9c0c-33ac-4a22-b481-33b8b1eac469@group-23022C6A558E, cid=2276, SUCCESS, logIndex=3361, commits[980d9c0c-33ac-4a22-b481-33b8b1eac469:c3362, e00ee311-0ce1-4115-b4c1-69648d9d3094:c3360, bb9367ec-656d-4ade-92be-004a921408cc:c3360]
2019-08-06 03:26:31,733 INFO  client.GrpcClientProtocolClient (GrpcClientProtocolClient.java:onNext(255)) - client-9DC82E534C87->980d9c0c-33ac-4a22-b481-33b8b1eac469: receive RaftClientReply:client-9DC82E534C87->980d9c0c-33ac-4a22-b481-33b8b1eac469@group-23022C6A558E, cid=2277, SUCCESS, logIndex=3362, commits[980d9c0c-33ac-4a22-b481-33b8b1eac469:c3362, e00ee311-0ce1-4115-b4c1-69648d9d3094:c3360, bb9367ec-656d-4ade-92be-004a921408cc:c3360]
2019-08-06 03:26:31,748 INFO  client.GrpcClientProtocolClient (GrpcClientProtocolClient.java:onNext(255)) - client-9DC82E534C87->980d9c0c-33ac-4a22-b481-33b8b1eac469: receive RaftClientReply:client-9DC82E534C87->980d9c0c-33ac-4a22-b481-33b8b1eac469@group-23022C6A558E, cid=2278, SUCCESS, logIndex=3365, commits[980d9c0c-33ac-4a22-b481-33b8b1eac469:c3365, e00ee311-0ce1-4115-b4c1-69648d9d3094:c3362, bb9367ec-656d-4ade-92be-004a921408cc:c3362]
2019-08-06 03:26:31,749 INFO  client.GrpcClientProtocolClient (GrpcClientProtocolClient.java:onNext(255)) - client-9DC82E534C87->980d9c0c-33ac-4a22-b481-33b8b1eac469: receive RaftClientReply:client-9DC82E534C87->980d9c0c-33ac-4a22-b481-33b8b1eac469@group-23022C6A558E, cid=2279, SUCCESS, logIndex=3366, commits[980d9c0c-33ac-4a22-b481-33b8b1eac469:c3366, e00ee311-0ce1-4115-b4c1-69648d9d3094:c3362, bb9367ec-656d-4ade-92be-004a921408cc:c3362]
2019-08-06 03:26:31,778 INFO  client.GrpcClientProtocolClient (GrpcClientProtocolClient.java:onNext(255)) - client-9DC82E534C87->980d9c0c-33ac-4a22-b481-33b8b1eac469: receive RaftClientReply:client-9DC82E534C87->980d9c0c-33ac-4a22-b481-33b8b1eac469@group-23022C6A558E, cid=2280, SUCCESS, logIndex=0, commits[980d9c0c-33ac-4a22-b481-33b8b1eac469:c3367, e00ee311-0ce1-4115-b4c1-69648d9d3094:c3366, bb9367ec-656d-4ade-92be-004a921408cc:c3366]
2019-08-06 03:26:31,808 INFO  client.GrpcClientProtocolClient (GrpcClientProtocolClient.java:onNext(255)) - client-9DC82E534C87->980d9c0c-33ac-4a22-b481-33b8b1eac469: receive RaftClientReply:client-9DC82E534C87->980d9c0c-33ac-4a22-b481-33b8b1eac469@group-23022C6A558E, cid=2281, SUCCESS, logIndex=3369, commits[980d9c0c-33ac-4a22-b481-33b8b1eac469:c3370, e00ee311-0ce1-4115-b4c1-69648d9d3094:c3368, bb9367ec-656d-4ade-92be-004a921408cc:c3368]
2019-08-06 03:26:31,808 INFO  client.GrpcClientProtocolClient (GrpcClientProtocolClient.java:onNext(255)) - client-9DC82E534C87->980d9c0c-33ac-4a22-b481-33b8b1eac469: receive RaftClientReply:client-9DC82E534C87->980d9c0c-33ac-4a22-b481-33b8b1eac469@group-23022C6A558E, cid=2282, SUCCESS, logIndex=3370, commits[980d9c0c-33ac-4a22-b481-33b8b1eac469:c3370, e00ee311-0ce1-4115-b4c1-69648d9d3094:c3368, bb9367ec-656d-4ade-92be-004a921408cc:c3368]
2019-08-06 03:26:31,820 INFO  client.GrpcClientProtocolClient (GrpcClientProtocolClient.java:onNext(255)) - client-9DC82E534C87->980d9c0c-33ac-4a22-b481-33b8b1eac469: receive RaftClientReply:client-9DC82E534C87->980d9c0c-33ac-4a22-b481-33b8b1eac469@group-23022C6A558E, cid=2283, SUCCESS, logIndex=3371, commits[980d9c0c-33ac-4a22-b481-33b8b1eac469:c3372, e00ee311-0ce1-4115-b4c1-69648d9d3094:c3368, bb9367ec-656d-4ade-92be-004a921408cc:c3368]
2019-08-06 03:26:31,821 INFO  client.GrpcClientProtocolClient (GrpcClientProtocolClient.java:onNext(255)) - client-9DC82E534C87->980d9c0c-33ac-4a22-b481-33b8b1eac469: receive RaftClientReply:client-9DC82E534C87->980d9c0c-33ac-4a22-b481-33b8b1eac469@group-23022C6A558E, cid=2284, SUCCESS, logIndex=3372, commits[980d9c0c-33ac-4a22-b481-33b8b1eac469:c3372, e00ee311-0ce1-4115-b4c1-69648d9d3094:c3368, bb9367ec-656d-4ade-92be-004a921408cc:c3368]
2019-08-06 03:26:31,833 INFO  client.GrpcClientProtocolClient (GrpcClientProtocolClient.java:onNext(255)) - client-9DC82E534C87->980d9c0c-33ac-4a22-b481-33b8b1eac469: receive RaftClientReply:client-9DC82E534C87->980d9c0c-33ac-4a22-b481-33b8b1eac469@group-23022C6A558E, cid=2285, SUCCESS, logIndex=0, commits[980d9c0c-33ac-4a22-b481-33b8b1eac469:c3373, e00ee311-0ce1-4115-b4c1-69648d9d3094:c3370, bb9367ec-656d-4ade-92be-004a921408cc:c3370]
2019-08-06 03:26:31,852 INFO  client.GrpcClientProtocolClient (GrpcClientProtocolClient.java:onNext(255)) - client-9DC82E534C87->980d9c0c-33ac-4a22-b481-33b8b1eac469: receive RaftClientReply:client-9DC82E534C87->980d9c0c-33ac-4a22-b481-33b8b1eac469@group-23022C6A558E, cid=2286, SUCCESS, logIndex=3377, commits[980d9c0c-33ac-4a22-b481-33b8b1eac469:c3377, e00ee311-0ce1-4115-b4c1-69648d9d3094:c3374, bb9367ec-656d-4ade-92be-004a921408cc:c3374]
2019-08-06 03:26:31,852 INFO  client.GrpcClientProtocolClient (GrpcClientProtocolClient.java:onNext(255)) - client-9DC82E534C87->980d9c0c-33ac-4a22-b481-33b8b1eac469: receive RaftClientReply:client-9DC82E534C87->980d9c0c-33ac-4a22-b481-33b8b1eac469@group-23022C6A558E, cid=2287, SUCCESS, logIndex=3378, commits[980d9c0c-33ac-4a22-b481-33b8b1eac469:c3378, e00ee311-0ce1-4115-b4c1-69648d9d3094:c3374, bb9367ec-656d-4ade-92be-004a921408cc:c3374]
2019-08-06 03:26:31,872 INFO  client.GrpcClientProtocolClient (GrpcClientProtocolClient.java:onNext(255)) - client-9DC82E534C87->980d9c0c-33ac-4a22-b481-33b8b1eac469: receive RaftClientReply:client-9DC82E534C87->980d9c0c-33ac-4a22-b481-33b8b1eac469@group-23022C6A558E, cid=2288, SUCCESS, logIndex=3381, commits[980d9c0c-33ac-4a22-b481-33b8b1eac469:c3381, e00ee311-0ce1-4115-b4c1-69648d9d3094:c3378, bb9367ec-656d-4ade-92be-004a921408cc:c3378]
2019-08-06 03:26:31,873 INFO  client.GrpcClientProtocolClient (GrpcClientProtocolClient.java:onNext(255)) - client-9DC82E534C87->980d9c0c-33ac-4a22-b481-33b8b1eac469: receive RaftClientReply:client-9DC82E534C87->980d9c0c-33ac-4a22-b481-33b8b1eac469@group-23022C6A558E, cid=2289, SUCCESS, logIndex=3382, commits[980d9c0c-33ac-4a22-b481-33b8b1eac469:c3382, e00ee311-0ce1-4115-b4c1-69648d9d3094:c3378, bb9367ec-656d-4ade-92be-004a921408cc:c3378]
2019-08-06 03:26:31,895 INFO  client.GrpcClientProtocolClient (GrpcClientProtocolClient.java:onNext(255)) - client-9DC82E534C87->980d9c0c-33ac-4a22-b481-33b8b1eac469: receive RaftClientReply:client-9DC82E534C87->980d9c0c-33ac-4a22-b481-33b8b1eac469@group-23022C6A558E, cid=2290, SUCCESS, logIndex=0, commits[980d9c0c-33ac-4a22-b481-33b8b1eac469:c3384, e00ee311-0ce1-4115-b4c1-69648d9d3094:c3382, bb9367ec-656d-4ade-92be-004a921408cc:c3382]
2019-08-06 03:26:32,041 INFO  client.GrpcClientProtocolClient (GrpcClientProtocolClient.java:onNext(255)) - client-9DC82E534C87->980d9c0c-33ac-4a22-b481-33b8b1eac469: receive RaftClientReply:client-9DC82E534C87->980d9c0c-33ac-4a22-b481-33b8b1eac469@group-23022C6A558E, cid=2291, SUCCESS, logIndex=3385, commits[980d9c0c-33ac-4a22-b481-33b8b1eac469:c3388, e00ee311-0ce1-4115-b4c1-69648d9d3094:c3384, bb9367ec-656d-4ade-92be-004a921408cc:c3384]
2019-08-06 03:26:32,042 INFO  client.GrpcClientProtocolClient (GrpcClientProtocolClient.java:onNext(255)) - client-9DC82E534C87->980d9c0c-33ac-4a22-b481-33b8b1eac469: receive RaftClientReply:client-9DC82E534C87->980d9c0c-33ac-4a22-b481-33b8b1eac469@group-23022C6A558E, cid=2292, SUCCESS, logIndex=3386, commits[980d9c0c-33ac-4a22-b481-33b8b1eac469:c3388, e00ee311-0ce1-4115-b4c1-69648d9d3094:c3384, bb9367ec-656d-4ade-92be-004a921408cc:c3384]
2019-08-06 03:26:32,042 INFO  client.GrpcClientProtocolClient (GrpcClientProtocolClient.java:onNext(255)) - client-9DC82E534C87->980d9c0c-33ac-4a22-b481-33b8b1eac469: receive RaftClientReply:client-9DC82E534C87->980d9c0c-33ac-4a22-b481-33b8b1eac469@group-23022C6A558E, cid=2293, SUCCESS, logIndex=3387, commits[980d9c0c-33ac-4a22-b481-33b8b1eac469:c3388, e00ee311-0ce1-4115-b4c1-69648d9d3094:c3384, bb9367ec-656d-4ade-92be-004a921408cc:c3384]
2019-08-06 03:26:32,042 INFO  client.GrpcClientProtocolClient (GrpcClientProtocolClient.java:onNext(255)) - client-9DC82E534C87->980d9c0c-33ac-4a22-b481-33b8b1eac469: receive RaftClientReply:client-9DC82E534C87->980d9c0c-33ac-4a22-b481-33b8b1eac469@group-23022C6A558E, cid=2294, SUCCESS, logIndex=3388, commits[980d9c0c-33ac-4a22-b481-33b8b1eac469:c3388, e00ee311-0ce1-4115-b4c1-69648d9d3094:c3384, bb9367ec-656d-4ade-92be-004a921408cc:c3384]
2019-08-06 03:26:32,064 INFO  client.GrpcClientProtocolClient (GrpcClientProtocolClient.java:onNext(255)) - client-9DC82E534C87->980d9c0c-33ac-4a22-b481-33b8b1eac469: receive RaftClientReply:client-9DC82E534C87->980d9c0c-33ac-4a22-b481-33b8b1eac469@group-23022C6A558E, cid=2295, SUCCESS, logIndex=0, commits[980d9c0c-33ac-4a22-b481-33b8b1eac469:c3389, e00ee311-0ce1-4115-b4c1-69648d9d3094:c3387, bb9367ec-656d-4ade-92be-004a921408cc:c3387]
2019-08-06 03:26:32,086 INFO  client.GrpcClientProtocolClient (GrpcClientProtocolClient.java:onNext(255)) - client-9DC82E534C87->980d9c0c-33ac-4a22-b481-33b8b1eac469: receive RaftClientReply:client-9DC82E534C87->980d9c0c-33ac-4a22-b481-33b8b1eac469@group-23022C6A558E, cid=2296, SUCCESS, logIndex=3393, commits[980d9c0c-33ac-4a22-b481-33b8b1eac469:c3393, e00ee311-0ce1-4115-b4c1-69648d9d3094:c3392, bb9367ec-656d-4ade-92be-004a921408cc:c3392]
2019-08-06 03:26:32,086 INFO  client.GrpcClientProtocolClient (GrpcClientProtocolClient.java:onNext(255)) - client-9DC82E534C87->980d9c0c-33ac-4a22-b481-33b8b1eac469: receive RaftClientReply:client-9DC82E534C87->980d9c0c-33ac-4a22-b481-33b8b1eac469@group-23022C6A558E, cid=2297, SUCCESS, logIndex=3394, commits[980d9c0c-33ac-4a22-b481-33b8b1eac469:c3394, e00ee311-0ce1-4115-b4c1-69648d9d3094:c3392, bb9367ec-656d-4ade-92be-004a921408cc:c3392]
2019-08-06 03:26:32,123 INFO  client.GrpcClientProtocolClient (GrpcClientProtocolClient.java:onNext(255)) - client-9DC82E534C87->980d9c0c-33ac-4a22-b481-33b8b1eac469: receive RaftClientReply:client-9DC82E534C87->980d9c0c-33ac-4a22-b481-33b8b1eac469@group-23022C6A558E, cid=2298, SUCCESS, logIndex=3397, commits[980d9c0c-33ac-4a22-b481-33b8b1eac469:c3398, e00ee311-0ce1-4115-b4c1-69648d9d3094:c3394, bb9367ec-656d-4ade-92be-004a921408cc:c3393]
2019-08-06 03:26:32,124 INFO  client.GrpcClientProtocolClient (GrpcClientProtocolClient.java:onNext(255)) - client-9DC82E534C87->980d9c0c-33ac-4a22-b481-33b8b1eac469: receive RaftClientReply:client-9DC82E534C87->980d9c0c-33ac-4a22-b481-33b8b1eac469@group-23022C6A558E, cid=2299, SUCCESS, logIndex=3398, commits[980d9c0c-33ac-4a22-b481-33b8b1eac469:c3398, e00ee311-0ce1-4115-b4c1-69648d9d3094:c3394, bb9367ec-656d-4ade-92be-004a921408cc:c3394]
2019-08-06 03:26:32,135 INFO  client.GrpcClientProtocolClient (GrpcClientProtocolClient.java:onNext(255)) - client-9DC82E534C87->980d9c0c-33ac-4a22-b481-33b8b1eac469: receive RaftClientReply:client-9DC82E534C87->980d9c0c-33ac-4a22-b481-33b8b1eac469@group-23022C6A558E, cid=2300, SUCCESS, logIndex=0, commits[980d9c0c-33ac-4a22-b481-33b8b1eac469:c3398, e00ee311-0ce1-4115-b4c1-69648d9d3094:c3398, bb9367ec-656d-4ade-92be-004a921408cc:c3398]
2019-08-06 03:26:32,169 INFO  client.GrpcClientProtocolClient (GrpcClientProtocolClient.java:onNext(255)) - client-9DC82E534C87->980d9c0c-33ac-4a22-b481-33b8b1eac469: receive RaftClientReply:client-9DC82E534C87->980d9c0c-33ac-4a22-b481-33b8b1eac469@group-23022C6A558E, cid=2301, SUCCESS, logIndex=3401, commits[980d9c0c-33ac-4a22-b481-33b8b1eac469:c3404, e00ee311-0ce1-4115-b4c1-69648d9d3094:c3400, bb9367ec-656d-4ade-92be-004a921408cc:c3400]
2019-08-06 03:26:32,169 INFO  client.GrpcClientProtocolClient (GrpcClientProtocolClient.java:onNext(255)) - client-9DC82E534C87->980d9c0c-33ac-4a22-b481-33b8b1eac469: receive RaftClientReply:client-9DC82E534C87->980d9c0c-33ac-4a22-b481-33b8b1eac469@group-23022C6A558E, cid=2302, SUCCESS, logIndex=3402, commits[980d9c0c-33ac-4a22-b481-33b8b1eac469:c3404, e00ee311-0ce1-4115-b4c1-69648d9d3094:c3400, bb9367ec-656d-4ade-92be-004a921408cc:c3400]
2019-08-06 03:26:32,170 INFO  client.GrpcClientProtocolClient (GrpcClientProtocolClient.java:onNext(255)) - client-9DC82E534C87->980d9c0c-33ac-4a22-b481-33b8b1eac469: receive RaftClientReply:client-9DC82E534C87->980d9c0c-33ac-4a22-b481-33b8b1eac469@group-23022C6A558E, cid=2303, SUCCESS, logIndex=3403, commits[980d9c0c-33ac-4a22-b481-33b8b1eac469:c3404, e00ee311-0ce1-4115-b4c1-69648d9d3094:c3400, bb9367ec-656d-4ade-92be-004a921408cc:c3400]
2019-08-06 03:26:32,170 INFO  client.GrpcClientProtocolClient (GrpcClientProtocolClient.java:onNext(255)) - client-9DC82E534C87->980d9c0c-33ac-4a22-b481-33b8b1eac469: receive RaftClientReply:client-9DC82E534C87->980d9c0c-33ac-4a22-b481-33b8b1eac469@group-23022C6A558E, cid=2304, SUCCESS, logIndex=3404, commits[980d9c0c-33ac-4a22-b481-33b8b1eac469:c3404, e00ee311-0ce1-4115-b4c1-69648d9d3094:c3400, bb9367ec-656d-4ade-92be-004a921408cc:c3400]
2019-08-06 03:26:32,181 INFO  client.GrpcClientProtocolClient (GrpcClientProtocolClient.java:onNext(255)) - client-9DC82E534C87->980d9c0c-33ac-4a22-b481-33b8b1eac469: receive RaftClientReply:client-9DC82E534C87->980d9c0c-33ac-4a22-b481-33b8b1eac469@group-23022C6A558E, cid=2305, SUCCESS, logIndex=0, commits[980d9c0c-33ac-4a22-b481-33b8b1eac469:c3406, e00ee311-0ce1-4115-b4c1-69648d9d3094:c3402, bb9367ec-656d-4ade-92be-004a921408cc:c3402]
2019-08-06 03:26:32,203 INFO  client.GrpcClientProtocolClient (GrpcClientProtocolClient.java:onNext(255)) - client-9DC82E534C87->980d9c0c-33ac-4a22-b481-33b8b1eac469: receive RaftClientReply:client-9DC82E534C87->980d9c0c-33ac-4a22-b481-33b8b1eac469@group-23022C6A558E, cid=2306, SUCCESS, logIndex=3409, commits[980d9c0c-33ac-4a22-b481-33b8b1eac469:c3410, e00ee311-0ce1-4115-b4c1-69648d9d3094:c3408, bb9367ec-656d-4ade-92be-004a921408cc:c3408]
2019-08-06 03:26:32,203 INFO  client.GrpcClientProtocolClient (GrpcClientProtocolClient.java:onNext(255)) - client-9DC82E534C87->980d9c0c-33ac-4a22-b481-33b8b1eac469: receive RaftClientReply:client-9DC82E534C87->980d9c0c-33ac-4a22-b481-33b8b1eac469@group-23022C6A558E, cid=2307, SUCCESS, logIndex=3410, commits[980d9c0c-33ac-4a22-b481-33b8b1eac469:c3410, e00ee311-0ce1-4115-b4c1-69648d9d3094:c3408, bb9367ec-656d-4ade-92be-004a921408cc:c3408]
2019-08-06 03:26:32,217 INFO  client.GrpcClientProtocolClient (GrpcClientProtocolClient.java:onNext(255)) - client-9DC82E534C87->980d9c0c-33ac-4a22-b481-33b8b1eac469: receive RaftClientReply:client-9DC82E534C87->980d9c0c-33ac-4a22-b481-33b8b1eac469@group-23022C6A558E, cid=2308, SUCCESS, logIndex=3413, commits[980d9c0c-33ac-4a22-b481-33b8b1eac469:c3414, e00ee311-0ce1-4115-b4c1-69648d9d3094:c3409, bb9367ec-656d-4ade-92be-004a921408cc:c3410]
2019-08-06 03:26:32,217 INFO  client.GrpcClientProtocolClient (GrpcClientProtocolClient.java:onNext(255)) - client-9DC82E534C87->980d9c0c-33ac-4a22-b481-33b8b1eac469: receive RaftClientReply:client-9DC82E534C87->980d9c0c-33ac-4a22-b481-33b8b1eac469@group-23022C6A558E, cid=2309, SUCCESS, logIndex=3414, commits[980d9c0c-33ac-4a22-b481-33b8b1eac469:c3414, e00ee311-0ce1-4115-b4c1-69648d9d3094:c3410, bb9367ec-656d-4ade-92be-004a921408cc:c3410]
2019-08-06 03:26:32,220 INFO  client.GrpcClientProtocolClient (GrpcClientProtocolClient.java:onNext(255)) - client-9DC82E534C87->980d9c0c-33ac-4a22-b481-33b8b1eac469: receive RaftClientReply:client-9DC82E534C87->980d9c0c-33ac-4a22-b481-33b8b1eac469@group-23022C6A558E, cid=2310, SUCCESS, logIndex=0, commits[980d9c0c-33ac-4a22-b481-33b8b1eac469:c3415, e00ee311-0ce1-4115-b4c1-69648d9d3094:c3414, bb9367ec-656d-4ade-92be-004a921408cc:c3414]
 0.00% |█                                                                                                    |  0/1 Time: 0:00:192019-08-06 03:26:32,251 INFO  client.GrpcClientProtocolClient (GrpcClientProtocolClient.java:onNext(255)) - client-9DC82E534C87->980d9c0c-33ac-4a22-b481-33b8b1eac469: receive RaftClientReply:client-9DC82E534C87->980d9c0c-33ac-4a22-b481-33b8b1eac469@group-23022C6A558E, cid=2311, SUCCESS, logIndex=3417, commits[980d9c0c-33ac-4a22-b481-33b8b1eac469:c3418, e00ee311-0ce1-4115-b4c1-69648d9d3094:c3416, bb9367ec-656d-4ade-92be-004a921408cc:c3416]
2019-08-06 03:26:32,252 INFO  client.GrpcClientProtocolClient (GrpcClientProtocolClient.java:onNext(255)) - client-9DC82E534C87->980d9c0c-33ac-4a22-b481-33b8b1eac469: receive RaftClientReply:client-9DC82E534C87->980d9c0c-33ac-4a22-b481-33b8b1eac469@group-23022C6A558E, cid=2312, SUCCESS, logIndex=3418, commits[980d9c0c-33ac-4a22-b481-33b8b1eac469:c3420, e00ee311-0ce1-4115-b4c1-69648d9d3094:c3416, bb9367ec-656d-4ade-92be-004a921408cc:c3416]
2019-08-06 03:26:32,252 INFO  client.GrpcClientProtocolClient (GrpcClientProtocolClient.java:onNext(255)) - client-9DC82E534C87->980d9c0c-33ac-4a22-b481-33b8b1eac469: receive RaftClientReply:client-9DC82E534C87->980d9c0c-33ac-4a22-b481-33b8b1eac469@group-23022C6A558E, cid=2313, SUCCESS, logIndex=3419, commits[980d9c0c-33ac-4a22-b481-33b8b1eac469:c3420, e00ee311-0ce1-4115-b4c1-69648d9d3094:c3416, bb9367ec-656d-4ade-92be-004a921408cc:c3416]
2019-08-06 03:26:32,253 INFO  client.GrpcClientProtocolClient (GrpcClientProtocolClient.java:onNext(255)) - client-9DC82E534C87->980d9c0c-33ac-4a22-b481-33b8b1eac469: receive RaftClientReply:client-9DC82E534C87->980d9c0c-33ac-4a22-b481-33b8b1eac469@group-23022C6A558E, cid=2314, SUCCESS, logIndex=3420, commits[980d9c0c-33ac-4a22-b481-33b8b1eac469:c3420, e00ee311-0ce1-4115-b4c1-69648d9d3094:c3416, bb9367ec-656d-4ade-92be-004a921408cc:c3416]
2019-08-06 03:26:32,265 INFO  client.GrpcClientProtocolClient (GrpcClientProtocolClient.java:onNext(255)) - client-9DC82E534C87->980d9c0c-33ac-4a22-b481-33b8b1eac469: receive RaftClientReply:client-9DC82E534C87->980d9c0c-33ac-4a22-b481-33b8b1eac469@group-23022C6A558E, cid=2315, SUCCESS, logIndex=0, commits[980d9c0c-33ac-4a22-b481-33b8b1eac469:c3423, e00ee311-0ce1-4115-b4c1-69648d9d3094:c3418, bb9367ec-656d-4ade-92be-004a921408cc:c3419]
2019-08-06 03:26:32,286 INFO  client.GrpcClientProtocolClient (GrpcClientProtocolClient.java:onNext(255)) - client-9DC82E534C87->980d9c0c-33ac-4a22-b481-33b8b1eac469: receive RaftClientReply:client-9DC82E534C87->980d9c0c-33ac-4a22-b481-33b8b1eac469@group-23022C6A558E, cid=2316, SUCCESS, logIndex=3425, commits[980d9c0c-33ac-4a22-b481-33b8b1eac469:c3426, e00ee311-0ce1-4115-b4c1-69648d9d3094:c3424, bb9367ec-656d-4ade-92be-004a921408cc:c3424]
2019-08-06 03:26:32,286 INFO  client.GrpcClientProtocolClient (GrpcClientProtocolClient.java:onNext(255)) - client-9DC82E534C87->980d9c0c-33ac-4a22-b481-33b8b1eac469: receive RaftClientReply:client-9DC82E534C87->980d9c0c-33ac-4a22-b481-33b8b1eac469@group-23022C6A558E, cid=2317, SUCCESS, logIndex=3426, commits[980d9c0c-33ac-4a22-b481-33b8b1eac469:c3426, e00ee311-0ce1-4115-b4c1-69648d9d3094:c3424, bb9367ec-656d-4ade-92be-004a921408cc:c3424]
2019-08-06 03:26:32,299 INFO  client.GrpcClientProtocolClient (GrpcClientProtocolClient.java:onNext(255)) - client-9DC82E534C87->980d9c0c-33ac-4a22-b481-33b8b1eac469: receive RaftClientReply:client-9DC82E534C87->980d9c0c-33ac-4a22-b481-33b8b1eac469@group-23022C6A558E, cid=2318, SUCCESS, logIndex=3429, commits[980d9c0c-33ac-4a22-b481-33b8b1eac469:c3430, e00ee311-0ce1-4115-b4c1-69648d9d3094:c3425, bb9367ec-656d-4ade-92be-004a921408cc:c3426]
2019-08-06 03:26:32,300 INFO  client.GrpcClientProtocolClient (GrpcClientProtocolClient.java:onNext(255)) - client-9DC82E534C87->980d9c0c-33ac-4a22-b481-33b8b1eac469: receive RaftClientReply:client-9DC82E534C87->980d9c0c-33ac-4a22-b481-33b8b1eac469@group-23022C6A558E, cid=2319, SUCCESS, logIndex=3430, commits[980d9c0c-33ac-4a22-b481-33b8b1eac469:c3430, e00ee311-0ce1-4115-b4c1-69648d9d3094:c3426, bb9367ec-656d-4ade-92be-004a921408cc:c3426]
2019-08-06 03:26:32,302 INFO  client.GrpcClientProtocolClient (GrpcClientProtocolClient.java:onNext(255)) - client-9DC82E534C87->980d9c0c-33ac-4a22-b481-33b8b1eac469: receive RaftClientReply:client-9DC82E534C87->980d9c0c-33ac-4a22-b481-33b8b1eac469@group-23022C6A558E, cid=2320, SUCCESS, logIndex=0, commits[980d9c0c-33ac-4a22-b481-33b8b1eac469:c3431, e00ee311-0ce1-4115-b4c1-69648d9d3094:c3430, bb9367ec-656d-4ade-92be-004a921408cc:c3430]
2019-08-06 03:26:32,330 INFO  client.GrpcClientProtocolClient (GrpcClientProtocolClient.java:onNext(255)) - client-9DC82E534C87->980d9c0c-33ac-4a22-b481-33b8b1eac469: receive RaftClientReply:client-9DC82E534C87->980d9c0c-33ac-4a22-b481-33b8b1eac469@group-23022C6A558E, cid=2321, SUCCESS, logIndex=3433, commits[980d9c0c-33ac-4a22-b481-33b8b1eac469:c3434, e00ee311-0ce1-4115-b4c1-69648d9d3094:c3432, bb9367ec-656d-4ade-92be-004a921408cc:c3432]
2019-08-06 03:26:32,331 INFO  client.GrpcClientProtocolClient (GrpcClientProtocolClient.java:onNext(255)) - client-9DC82E534C87->980d9c0c-33ac-4a22-b481-33b8b1eac469: receive RaftClientReply:client-9DC82E534C87->980d9c0c-33ac-4a22-b481-33b8b1eac469@group-23022C6A558E, cid=2322, SUCCESS, logIndex=3434, commits[980d9c0c-33ac-4a22-b481-33b8b1eac469:c3436, e00ee311-0ce1-4115-b4c1-69648d9d3094:c3432, bb9367ec-656d-4ade-92be-004a921408cc:c3432]
2019-08-06 03:26:32,331 INFO  client.GrpcClientProtocolClient (GrpcClientProtocolClient.java:onNext(255)) - client-9DC82E534C87->980d9c0c-33ac-4a22-b481-33b8b1eac469: receive RaftClientReply:client-9DC82E534C87->980d9c0c-33ac-4a22-b481-33b8b1eac469@group-23022C6A558E, cid=2323, SUCCESS, logIndex=3435, commits[980d9c0c-33ac-4a22-b481-33b8b1eac469:c3436, e00ee311-0ce1-4115-b4c1-69648d9d3094:c3432, bb9367ec-656d-4ade-92be-004a921408cc:c3432]
2019-08-06 03:26:32,331 INFO  client.GrpcClientProtocolClient (GrpcClientProtocolClient.java:onNext(255)) - client-9DC82E534C87->980d9c0c-33ac-4a22-b481-33b8b1eac469: receive RaftClientReply:client-9DC82E534C87->980d9c0c-33ac-4a22-b481-33b8b1eac469@group-23022C6A558E, cid=2324, SUCCESS, logIndex=3436, commits[980d9c0c-33ac-4a22-b481-33b8b1eac469:c3436, e00ee311-0ce1-4115-b4c1-69648d9d3094:c3432, bb9367ec-656d-4ade-92be-004a921408cc:c3432]
2019-08-06 03:26:32,346 INFO  client.GrpcClientProtocolClient (GrpcClientProtocolClient.java:onNext(255)) - client-9DC82E534C87->980d9c0c-33ac-4a22-b481-33b8b1eac469: receive RaftClientReply:client-9DC82E534C87->980d9c0c-33ac-4a22-b481-33b8b1eac469@group-23022C6A558E, cid=2325, SUCCESS, logIndex=0, commits[980d9c0c-33ac-4a22-b481-33b8b1eac469:c3438, e00ee311-0ce1-4115-b4c1-69648d9d3094:c3434, bb9367ec-656d-4ade-92be-004a921408cc:c3434]
2019-08-06 03:26:32,370 INFO  client.GrpcClientProtocolClient (GrpcClientProtocolClient.java:onNext(255)) - client-9DC82E534C87->980d9c0c-33ac-4a22-b481-33b8b1eac469: receive RaftClientReply:client-9DC82E534C87->980d9c0c-33ac-4a22-b481-33b8b1eac469@group-23022C6A558E, cid=2326, SUCCESS, logIndex=3440, commits[980d9c0c-33ac-4a22-b481-33b8b1eac469:c3441, e00ee311-0ce1-4115-b4c1-69648d9d3094:c3439, bb9367ec-656d-4ade-92be-004a921408cc:c3439]
2019-08-06 03:26:32,371 INFO  client.GrpcClientProtocolClient (GrpcClientProtocolClient.java:onNext(255)) - client-9DC82E534C87->980d9c0c-33ac-4a22-b481-33b8b1eac469: receive RaftClientReply:client-9DC82E534C87->980d9c0c-33ac-4a22-b481-33b8b1eac469@group-23022C6A558E, cid=2327, SUCCESS, logIndex=3441, commits[980d9c0c-33ac-4a22-b481-33b8b1eac469:c3441, e00ee311-0ce1-4115-b4c1-69648d9d3094:c3439, bb9367ec-656d-4ade-92be-004a921408cc:c3439]
2019-08-06 03:26:32,384 INFO  client.GrpcClientProtocolClient (GrpcClientProtocolClient.java:onNext(255)) - client-9DC82E534C87->980d9c0c-33ac-4a22-b481-33b8b1eac469: receive RaftClientReply:client-9DC82E534C87->980d9c0c-33ac-4a22-b481-33b8b1eac469@group-23022C6A558E, cid=2328, SUCCESS, logIndex=3444, commits[980d9c0c-33ac-4a22-b481-33b8b1eac469:c3445, e00ee311-0ce1-4115-b4c1-69648d9d3094:c3441, bb9367ec-656d-4ade-92be-004a921408cc:c3440]
2019-08-06 03:26:32,384 INFO  client.GrpcClientProtocolClient (GrpcClientProtocolClient.java:onNext(255)) - client-9DC82E534C87->980d9c0c-33ac-4a22-b481-33b8b1eac469: receive RaftClientReply:client-9DC82E534C87->980d9c0c-33ac-4a22-b481-33b8b1eac469@group-23022C6A558E, cid=2329, SUCCESS, logIndex=3445, commits[980d9c0c-33ac-4a22-b481-33b8b1eac469:c3445, e00ee311-0ce1-4115-b4c1-69648d9d3094:c3441, bb9367ec-656d-4ade-92be-004a921408cc:c3441]
2019-08-06 03:26:32,398 INFO  client.GrpcClientProtocolClient (GrpcClientProtocolClient.java:onNext(255)) - client-9DC82E534C87->980d9c0c-33ac-4a22-b481-33b8b1eac469: receive RaftClientReply:client-9DC82E534C87->980d9c0c-33ac-4a22-b481-33b8b1eac469@group-23022C6A558E, cid=2330, SUCCESS, logIndex=0, commits[980d9c0c-33ac-4a22-b481-33b8b1eac469:c3447, e00ee311-0ce1-4115-b4c1-69648d9d3094:c3445, bb9367ec-656d-4ade-92be-004a921408cc:c3445]
2019-08-06 03:26:32,428 INFO  client.GrpcClientProtocolClient (GrpcClientProtocolClient.java:onNext(255)) - client-9DC82E534C87->980d9c0c-33ac-4a22-b481-33b8b1eac469: receive RaftClientReply:client-9DC82E534C87->980d9c0c-33ac-4a22-b481-33b8b1eac469@group-23022C6A558E, cid=2331, SUCCESS, logIndex=3448, commits[980d9c0c-33ac-4a22-b481-33b8b1eac469:c3450, e00ee311-0ce1-4115-b4c1-69648d9d3094:c3447, bb9367ec-656d-4ade-92be-004a921408cc:c3447]
2019-08-06 03:26:32,428 INFO  client.GrpcClientProtocolClient (GrpcClientProtocolClient.java:onNext(255)) - client-9DC82E534C87->980d9c0c-33ac-4a22-b481-33b8b1eac469: receive RaftClientReply:client-9DC82E534C87->980d9c0c-33ac-4a22-b481-33b8b1eac469@group-23022C6A558E, cid=2332, SUCCESS, logIndex=3449, commits[980d9c0c-33ac-4a22-b481-33b8b1eac469:c3451, e00ee311-0ce1-4115-b4c1-69648d9d3094:c3447, bb9367ec-656d-4ade-92be-004a921408cc:c3447]
2019-08-06 03:26:32,429 INFO  client.GrpcClientProtocolClient (GrpcClientProtocolClient.java:onNext(255)) - client-9DC82E534C87->980d9c0c-33ac-4a22-b481-33b8b1eac469: receive RaftClientReply:client-9DC82E534C87->980d9c0c-33ac-4a22-b481-33b8b1eac469@group-23022C6A558E, cid=2333, SUCCESS, logIndex=3450, commits[980d9c0c-33ac-4a22-b481-33b8b1eac469:c3451, e00ee311-0ce1-4115-b4c1-69648d9d3094:c3447, bb9367ec-656d-4ade-92be-004a921408cc:c3447]
2019-08-06 03:26:32,429 INFO  client.GrpcClientProtocolClient (GrpcClientProtocolClient.java:onNext(255)) - client-9DC82E534C87->980d9c0c-33ac-4a22-b481-33b8b1eac469: receive RaftClientReply:client-9DC82E534C87->980d9c0c-33ac-4a22-b481-33b8b1eac469@group-23022C6A558E, cid=2334, SUCCESS, logIndex=3451, commits[980d9c0c-33ac-4a22-b481-33b8b1eac469:c3452, e00ee311-0ce1-4115-b4c1-69648d9d3094:c3447, bb9367ec-656d-4ade-92be-004a921408cc:c3448]
2019-08-06 03:26:32,430 INFO  client.GrpcClientProtocolClient (GrpcClientProtocolClient.java:onNext(255)) - client-9DC82E534C87->980d9c0c-33ac-4a22-b481-33b8b1eac469: receive RaftClientReply:client-9DC82E534C87->980d9c0c-33ac-4a22-b481-33b8b1eac469@group-23022C6A558E, cid=2335, SUCCESS, logIndex=0, commits[980d9c0c-33ac-4a22-b481-33b8b1eac469:c3454, e00ee311-0ce1-4115-b4c1-69648d9d3094:c3450, bb9367ec-656d-4ade-92be-004a921408cc:c3449]
2019-08-06 03:26:32,450 INFO  client.GrpcClientProtocolClient (GrpcClientProtocolClient.java:onNext(255)) - client-9DC82E534C87->980d9c0c-33ac-4a22-b481-33b8b1eac469: receive RaftClientReply:client-9DC82E534C87->980d9c0c-33ac-4a22-b481-33b8b1eac469@group-23022C6A558E, cid=2336, SUCCESS, logIndex=3456, commits[980d9c0c-33ac-4a22-b481-33b8b1eac469:c3457, e00ee311-0ce1-4115-b4c1-69648d9d3094:c3455, bb9367ec-656d-4ade-92be-004a921408cc:c3455]
2019-08-06 03:26:32,451 INFO  client.GrpcClientProtocolClient (GrpcClientProtocolClient.java:onNext(255)) - client-9DC82E534C87->980d9c0c-33ac-4a22-b481-33b8b1eac469: receive RaftClientReply:client-9DC82E534C87->980d9c0c-33ac-4a22-b481-33b8b1eac469@group-23022C6A558E, cid=2337, SUCCESS, logIndex=3457, commits[980d9c0c-33ac-4a22-b481-33b8b1eac469:c3457, e00ee311-0ce1-4115-b4c1-69648d9d3094:c3455, bb9367ec-656d-4ade-92be-004a921408cc:c3455]
2019-08-06 03:26:32,464 INFO  client.GrpcClientProtocolClient (GrpcClientProtocolClient.java:onNext(255)) - client-9DC82E534C87->980d9c0c-33ac-4a22-b481-33b8b1eac469: receive RaftClientReply:client-9DC82E534C87->980d9c0c-33ac-4a22-b481-33b8b1eac469@group-23022C6A558E, cid=2338, SUCCESS, logIndex=3460, commits[980d9c0c-33ac-4a22-b481-33b8b1eac469:c3461, e00ee311-0ce1-4115-b4c1-69648d9d3094:c3457, bb9367ec-656d-4ade-92be-004a921408cc:c3457]
2019-08-06 03:26:32,464 INFO  client.GrpcClientProtocolClient (GrpcClientProtocolClient.java:onNext(255)) - client-9DC82E534C87->980d9c0c-33ac-4a22-b481-33b8b1eac469: receive RaftClientReply:client-9DC82E534C87->980d9c0c-33ac-4a22-b481-33b8b1eac469@group-23022C6A558E, cid=2339, SUCCESS, logIndex=3461, commits[980d9c0c-33ac-4a22-b481-33b8b1eac469:c3461, e00ee311-0ce1-4115-b4c1-69648d9d3094:c3457, bb9367ec-656d-4ade-92be-004a921408cc:c3457]
2019-08-06 03:26:32,477 INFO  client.GrpcClientProtocolClient (GrpcClientProtocolClient.java:onNext(255)) - client-9DC82E534C87->980d9c0c-33ac-4a22-b481-33b8b1eac469: receive RaftClientReply:client-9DC82E534C87->980d9c0c-33ac-4a22-b481-33b8b1eac469@group-23022C6A558E, cid=2340, SUCCESS, logIndex=0, commits[980d9c0c-33ac-4a22-b481-33b8b1eac469:c3463, e00ee311-0ce1-4115-b4c1-69648d9d3094:c3461, bb9367ec-656d-4ade-92be-004a921408cc:c3461]
2019-08-06 03:26:32,504 INFO  client.GrpcClientProtocolClient (GrpcClientProtocolClient.java:onNext(255)) - client-9DC82E534C87->980d9c0c-33ac-4a22-b481-33b8b1eac469: receive RaftClientReply:client-9DC82E534C87->980d9c0c-33ac-4a22-b481-33b8b1eac469@group-23022C6A558E, cid=2341, SUCCESS, logIndex=3464, commits[980d9c0c-33ac-4a22-b481-33b8b1eac469:c3465, e00ee311-0ce1-4115-b4c1-69648d9d3094:c3463, bb9367ec-656d-4ade-92be-004a921408cc:c3463]
2019-08-06 03:26:32,505 INFO  client.GrpcClientProtocolClient (GrpcClientProtocolClient.java:onNext(255)) - client-9DC82E534C87->980d9c0c-33ac-4a22-b481-33b8b1eac469: receive RaftClientReply:client-9DC82E534C87->980d9c0c-33ac-4a22-b481-33b8b1eac469@group-23022C6A558E, cid=2342, SUCCESS, logIndex=3465, commits[980d9c0c-33ac-4a22-b481-33b8b1eac469:c3466, e00ee311-0ce1-4115-b4c1-69648d9d3094:c3463, bb9367ec-656d-4ade-92be-004a921408cc:c3463]
2019-08-06 03:26:32,505 INFO  client.GrpcClientProtocolClient (GrpcClientProtocolClient.java:onNext(255)) - client-9DC82E534C87->980d9c0c-33ac-4a22-b481-33b8b1eac469: receive RaftClientReply:client-9DC82E534C87->980d9c0c-33ac-4a22-b481-33b8b1eac469@group-23022C6A558E, cid=2343, SUCCESS, logIndex=3466, commits[980d9c0c-33ac-4a22-b481-33b8b1eac469:c3467, e00ee311-0ce1-4115-b4c1-69648d9d3094:c3463, bb9367ec-656d-4ade-92be-004a921408cc:c3463]
2019-08-06 03:26:32,505 INFO  client.GrpcClientProtocolClient (GrpcClientProtocolClient.java:onNext(255)) - client-9DC82E534C87->980d9c0c-33ac-4a22-b481-33b8b1eac469: receive RaftClientReply:client-9DC82E534C87->980d9c0c-33ac-4a22-b481-33b8b1eac469@group-23022C6A558E, cid=2344, SUCCESS, logIndex=3467, commits[980d9c0c-33ac-4a22-b481-33b8b1eac469:c3467, e00ee311-0ce1-4115-b4c1-69648d9d3094:c3463, bb9367ec-656d-4ade-92be-004a921408cc:c3463]
2019-08-06 03:26:32,519 INFO  client.GrpcClientProtocolClient (GrpcClientProtocolClient.java:onNext(255)) - client-9DC82E534C87->980d9c0c-33ac-4a22-b481-33b8b1eac469: receive RaftClientReply:client-9DC82E534C87->980d9c0c-33ac-4a22-b481-33b8b1eac469@group-23022C6A558E, cid=2345, SUCCESS, logIndex=0, commits[980d9c0c-33ac-4a22-b481-33b8b1eac469:c3469, e00ee311-0ce1-4115-b4c1-69648d9d3094:c3465, bb9367ec-656d-4ade-92be-004a921408cc:c3465]
2019-08-06 03:26:32,538 INFO  client.GrpcClientProtocolClient (GrpcClientProtocolClient.java:onNext(255)) - client-9DC82E534C87->980d9c0c-33ac-4a22-b481-33b8b1eac469: receive RaftClientReply:client-9DC82E534C87->980d9c0c-33ac-4a22-b481-33b8b1eac469@group-23022C6A558E, cid=2346, SUCCESS, logIndex=3472, commits[980d9c0c-33ac-4a22-b481-33b8b1eac469:c3472, e00ee311-0ce1-4115-b4c1-69648d9d3094:c3471, bb9367ec-656d-4ade-92be-004a921408cc:c3471]
2019-08-06 03:26:32,538 INFO  client.GrpcClientProtocolClient (GrpcClientProtocolClient.java:onNext(255)) - client-9DC82E534C87->980d9c0c-33ac-4a22-b481-33b8b1eac469: receive RaftClientReply:client-9DC82E534C87->980d9c0c-33ac-4a22-b481-33b8b1eac469@group-23022C6A558E, cid=2347, SUCCESS, logIndex=3473, commits[980d9c0c-33ac-4a22-b481-33b8b1eac469:c3473, e00ee311-0ce1-4115-b4c1-69648d9d3094:c3471, bb9367ec-656d-4ade-92be-004a921408cc:c3471]
2019-08-06 03:26:32,551 INFO  client.GrpcClientProtocolClient (GrpcClientProtocolClient.java:onNext(255)) - client-9DC82E534C87->980d9c0c-33ac-4a22-b481-33b8b1eac469: receive RaftClientReply:client-9DC82E534C87->980d9c0c-33ac-4a22-b481-33b8b1eac469@group-23022C6A558E, cid=2348, SUCCESS, logIndex=3476, commits[980d9c0c-33ac-4a22-b481-33b8b1eac469:c3477, e00ee311-0ce1-4115-b4c1-69648d9d3094:c3473, bb9367ec-656d-4ade-92be-004a921408cc:c3472]
2019-08-06 03:26:32,551 INFO  client.GrpcClientProtocolClient (GrpcClientProtocolClient.java:onNext(255)) - client-9DC82E534C87->980d9c0c-33ac-4a22-b481-33b8b1eac469: receive RaftClientReply:client-9DC82E534C87->980d9c0c-33ac-4a22-b481-33b8b1eac469@group-23022C6A558E, cid=2349, SUCCESS, logIndex=3477, commits[980d9c0c-33ac-4a22-b481-33b8b1eac469:c3477, e00ee311-0ce1-4115-b4c1-69648d9d3094:c3473, bb9367ec-656d-4ade-92be-004a921408cc:c3473]
2019-08-06 03:26:32,554 INFO  client.GrpcClientProtocolClient (GrpcClientProtocolClient.java:onNext(255)) - client-9DC82E534C87->980d9c0c-33ac-4a22-b481-33b8b1eac469: receive RaftClientReply:client-9DC82E534C87->980d9c0c-33ac-4a22-b481-33b8b1eac469@group-23022C6A558E, cid=2350, SUCCESS, logIndex=0, commits[980d9c0c-33ac-4a22-b481-33b8b1eac469:c3478, e00ee311-0ce1-4115-b4c1-69648d9d3094:c3477, bb9367ec-656d-4ade-92be-004a921408cc:c3477]
2019-08-06 03:26:32,588 INFO  client.GrpcClientProtocolClient (GrpcClientProtocolClient.java:onNext(255)) - client-9DC82E534C87->980d9c0c-33ac-4a22-b481-33b8b1eac469: receive RaftClientReply:client-9DC82E534C87->980d9c0c-33ac-4a22-b481-33b8b1eac469@group-23022C6A558E, cid=2351, SUCCESS, logIndex=3480, commits[980d9c0c-33ac-4a22-b481-33b8b1eac469:c3481, e00ee311-0ce1-4115-b4c1-69648d9d3094:c3479, bb9367ec-656d-4ade-92be-004a921408cc:c3479]
2019-08-06 03:26:32,588 INFO  client.GrpcClientProtocolClient (GrpcClientProtocolClient.java:onNext(255)) - client-9DC82E534C87->980d9c0c-33ac-4a22-b481-33b8b1eac469: receive RaftClientReply:client-9DC82E534C87->980d9c0c-33ac-4a22-b481-33b8b1eac469@group-23022C6A558E, cid=2352, SUCCESS, logIndex=3481, commits[980d9c0c-33ac-4a22-b481-33b8b1eac469:c3483, e00ee311-0ce1-4115-b4c1-69648d9d3094:c3479, bb9367ec-656d-4ade-92be-004a921408cc:c3479]
2019-08-06 03:26:32,589 INFO  client.GrpcClientProtocolClient (GrpcClientProtocolClient.java:onNext(255)) - client-9DC82E534C87->980d9c0c-33ac-4a22-b481-33b8b1eac469: receive RaftClientReply:client-9DC82E534C87->980d9c0c-33ac-4a22-b481-33b8b1eac469@group-23022C6A558E, cid=2353, SUCCESS, logIndex=3482, commits[980d9c0c-33ac-4a22-b481-33b8b1eac469:c3483, e00ee311-0ce1-4115-b4c1-69648d9d3094:c3479, bb9367ec-656d-4ade-92be-004a921408cc:c3479]
2019-08-06 03:26:32,589 INFO  client.GrpcClientProtocolClient (GrpcClientProtocolClient.java:onNext(255)) - client-9DC82E534C87->980d9c0c-33ac-4a22-b481-33b8b1eac469: receive RaftClientReply:client-9DC82E534C87->980d9c0c-33ac-4a22-b481-33b8b1eac469@group-23022C6A558E, cid=2354, SUCCESS, logIndex=3483, commits[980d9c0c-33ac-4a22-b481-33b8b1eac469:c3483, e00ee311-0ce1-4115-b4c1-69648d9d3094:c3479, bb9367ec-656d-4ade-92be-004a921408cc:c3479]
2019-08-06 03:26:32,592 INFO  client.GrpcClientProtocolClient (GrpcClientProtocolClient.java:onNext(255)) - client-9DC82E534C87->980d9c0c-33ac-4a22-b481-33b8b1eac469: receive RaftClientReply:client-9DC82E534C87->980d9c0c-33ac-4a22-b481-33b8b1eac469@group-23022C6A558E, cid=2355, SUCCESS, logIndex=0, commits[980d9c0c-33ac-4a22-b481-33b8b1eac469:c3485, e00ee311-0ce1-4115-b4c1-69648d9d3094:c3481, bb9367ec-656d-4ade-92be-004a921408cc:c3481]
2019-08-06 03:26:32,636 INFO  client.GrpcClientProtocolClient (GrpcClientProtocolClient.java:onNext(255)) - client-9DC82E534C87->980d9c0c-33ac-4a22-b481-33b8b1eac469: receive RaftClientReply:client-9DC82E534C87->980d9c0c-33ac-4a22-b481-33b8b1eac469@group-23022C6A558E, cid=2356, SUCCESS, logIndex=3488, commits[980d9c0c-33ac-4a22-b481-33b8b1eac469:c3489, e00ee311-0ce1-4115-b4c1-69648d9d3094:c3487, bb9367ec-656d-4ade-92be-004a921408cc:c3487]
2019-08-06 03:26:32,636 INFO  client.GrpcClientProtocolClient (GrpcClientProtocolClient.java:onNext(255)) - client-9DC82E534C87->980d9c0c-33ac-4a22-b481-33b8b1eac469: receive RaftClientReply:client-9DC82E534C87->980d9c0c-33ac-4a22-b481-33b8b1eac469@group-23022C6A558E, cid=2357, SUCCESS, logIndex=3489, commits[980d9c0c-33ac-4a22-b481-33b8b1eac469:c3489, e00ee311-0ce1-4115-b4c1-69648d9d3094:c3487, bb9367ec-656d-4ade-92be-004a921408cc:c3487]
2019-08-06 03:26:32,661 INFO  client.GrpcClientProtocolClient (GrpcClientProtocolClient.java:onNext(255)) - client-9DC82E534C87->980d9c0c-33ac-4a22-b481-33b8b1eac469: receive RaftClientReply:client-9DC82E534C87->980d9c0c-33ac-4a22-b481-33b8b1eac469@group-23022C6A558E, cid=2358, SUCCESS, logIndex=3492, commits[980d9c0c-33ac-4a22-b481-33b8b1eac469:c3493, e00ee311-0ce1-4115-b4c1-69648d9d3094:c3488, bb9367ec-656d-4ade-92be-004a921408cc:c3489]
2019-08-06 03:26:32,661 INFO  client.GrpcClientProtocolClient (GrpcClientProtocolClient.java:onNext(255)) - client-9DC82E534C87->980d9c0c-33ac-4a22-b481-33b8b1eac469: receive RaftClientReply:client-9DC82E534C87->980d9c0c-33ac-4a22-b481-33b8b1eac469@group-23022C6A558E, cid=2359, SUCCESS, logIndex=3493, commits[980d9c0c-33ac-4a22-b481-33b8b1eac469:c3493, e00ee311-0ce1-4115-b4c1-69648d9d3094:c3489, bb9367ec-656d-4ade-92be-004a921408cc:c3489]
2019-08-06 03:26:32,674 INFO  client.GrpcClientProtocolClient (GrpcClientProtocolClient.java:onNext(255)) - client-9DC82E534C87->980d9c0c-33ac-4a22-b481-33b8b1eac469: receive RaftClientReply:client-9DC82E534C87->980d9c0c-33ac-4a22-b481-33b8b1eac469@group-23022C6A558E, cid=2360, SUCCESS, logIndex=0, commits[980d9c0c-33ac-4a22-b481-33b8b1eac469:c3495, e00ee311-0ce1-4115-b4c1-69648d9d3094:c3493, bb9367ec-656d-4ade-92be-004a921408cc:c3493]
2019-08-06 03:26:32,706 INFO  client.GrpcClientProtocolClient (GrpcClientProtocolClient.java:onNext(255)) - client-9DC82E534C87->980d9c0c-33ac-4a22-b481-33b8b1eac469: receive RaftClientReply:client-9DC82E534C87->980d9c0c-33ac-4a22-b481-33b8b1eac469@group-23022C6A558E, cid=2361, SUCCESS, logIndex=3496, commits[980d9c0c-33ac-4a22-b481-33b8b1eac469:c3497, e00ee311-0ce1-4115-b4c1-69648d9d3094:c3495, bb9367ec-656d-4ade-92be-004a921408cc:c3495]
2019-08-06 03:26:32,706 INFO  client.GrpcClientProtocolClient (GrpcClientProtocolClient.java:onNext(255)) - client-9DC82E534C87->980d9c0c-33ac-4a22-b481-33b8b1eac469: receive RaftClientReply:client-9DC82E534C87->980d9c0c-33ac-4a22-b481-33b8b1eac469@group-23022C6A558E, cid=2362, SUCCESS, logIndex=3497, commits[980d9c0c-33ac-4a22-b481-33b8b1eac469:c3499, e00ee311-0ce1-4115-b4c1-69648d9d3094:c3495, bb9367ec-656d-4ade-92be-004a921408cc:c3495]
2019-08-06 03:26:32,707 INFO  client.GrpcClientProtocolClient (GrpcClientProtocolClient.java:onNext(255)) - client-9DC82E534C87->980d9c0c-33ac-4a22-b481-33b8b1eac469: receive RaftClientReply:client-9DC82E534C87->980d9c0c-33ac-4a22-b481-33b8b1eac469@group-23022C6A558E, cid=2363, SUCCESS, logIndex=3498, commits[980d9c0c-33ac-4a22-b481-33b8b1eac469:c3499, e00ee311-0ce1-4115-b4c1-69648d9d3094:c3495, bb9367ec-656d-4ade-92be-004a921408cc:c3495]
2019-08-06 03:26:32,708 INFO  client.GrpcClientProtocolClient (GrpcClientProtocolClient.java:onNext(255)) - client-9DC82E534C87->980d9c0c-33ac-4a22-b481-33b8b1eac469: receive RaftClientReply:client-9DC82E534C87->980d9c0c-33ac-4a22-b481-33b8b1eac469@group-23022C6A558E, cid=2364, SUCCESS, logIndex=3499, commits[980d9c0c-33ac-4a22-b481-33b8b1eac469:c3499, e00ee311-0ce1-4115-b4c1-69648d9d3094:c3495, bb9367ec-656d-4ade-92be-004a921408cc:c3495]
2019-08-06 03:26:32,709 INFO  client.GrpcClientProtocolClient (GrpcClientProtocolClient.java:onNext(255)) - client-9DC82E534C87->980d9c0c-33ac-4a22-b481-33b8b1eac469: receive RaftClientReply:client-9DC82E534C87->980d9c0c-33ac-4a22-b481-33b8b1eac469@group-23022C6A558E, cid=2365, SUCCESS, logIndex=0, commits[980d9c0c-33ac-4a22-b481-33b8b1eac469:c3501, e00ee311-0ce1-4115-b4c1-69648d9d3094:c3497, bb9367ec-656d-4ade-92be-004a921408cc:c3497]
2019-08-06 03:26:32,732 INFO  client.GrpcClientProtocolClient (GrpcClientProtocolClient.java:onNext(255)) - client-9DC82E534C87->980d9c0c-33ac-4a22-b481-33b8b1eac469: receive RaftClientReply:client-9DC82E534C87->980d9c0c-33ac-4a22-b481-33b8b1eac469@group-23022C6A558E, cid=2366, SUCCESS, logIndex=3504, commits[980d9c0c-33ac-4a22-b481-33b8b1eac469:c3505, e00ee311-0ce1-4115-b4c1-69648d9d3094:c3503, bb9367ec-656d-4ade-92be-004a921408cc:c3503]
2019-08-06 03:26:32,732 INFO  client.GrpcClientProtocolClient (GrpcClientProtocolClient.java:onNext(255)) - client-9DC82E534C87->980d9c0c-33ac-4a22-b481-33b8b1eac469: receive RaftClientReply:client-9DC82E534C87->980d9c0c-33ac-4a22-b481-33b8b1eac469@group-23022C6A558E, cid=2367, SUCCESS, logIndex=3505, commits[980d9c0c-33ac-4a22-b481-33b8b1eac469:c3505, e00ee311-0ce1-4115-b4c1-69648d9d3094:c3503, bb9367ec-656d-4ade-92be-004a921408cc:c3503]
2019-08-06 03:26:32,745 INFO  client.GrpcClientProtocolClient (GrpcClientProtocolClient.java:onNext(255)) - client-9DC82E534C87->980d9c0c-33ac-4a22-b481-33b8b1eac469: receive RaftClientReply:client-9DC82E534C87->980d9c0c-33ac-4a22-b481-33b8b1eac469@group-23022C6A558E, cid=2368, SUCCESS, logIndex=3508, commits[980d9c0c-33ac-4a22-b481-33b8b1eac469:c3509, e00ee311-0ce1-4115-b4c1-69648d9d3094:c3504, bb9367ec-656d-4ade-92be-004a921408cc:c3505]
2019-08-06 03:26:32,745 INFO  client.GrpcClientProtocolClient (GrpcClientProtocolClient.java:onNext(255)) - client-9DC82E534C87->980d9c0c-33ac-4a22-b481-33b8b1eac469: receive RaftClientReply:client-9DC82E534C87->980d9c0c-33ac-4a22-b481-33b8b1eac469@group-23022C6A558E, cid=2369, SUCCESS, logIndex=3509, commits[980d9c0c-33ac-4a22-b481-33b8b1eac469:c3509, e00ee311-0ce1-4115-b4c1-69648d9d3094:c3505, bb9367ec-656d-4ade-92be-004a921408cc:c3505]
2019-08-06 03:26:32,747 INFO  client.GrpcClientProtocolClient (GrpcClientProtocolClient.java:onNext(255)) - client-9DC82E534C87->980d9c0c-33ac-4a22-b481-33b8b1eac469: receive RaftClientReply:client-9DC82E534C87->980d9c0c-33ac-4a22-b481-33b8b1eac469@group-23022C6A558E, cid=2370, SUCCESS, logIndex=0, commits[980d9c0c-33ac-4a22-b481-33b8b1eac469:c3511, e00ee311-0ce1-4115-b4c1-69648d9d3094:c3509, bb9367ec-656d-4ade-92be-004a921408cc:c3509]
2019-08-06 03:26:32,893 INFO  client.GrpcClientProtocolClient (GrpcClientProtocolClient.java:onNext(255)) - client-9DC82E534C87->980d9c0c-33ac-4a22-b481-33b8b1eac469: receive RaftClientReply:client-9DC82E534C87->980d9c0c-33ac-4a22-b481-33b8b1eac469@group-23022C6A558E, cid=2371, SUCCESS, logIndex=3512, commits[980d9c0c-33ac-4a22-b481-33b8b1eac469:c3513, e00ee311-0ce1-4115-b4c1-69648d9d3094:c3509, bb9367ec-656d-4ade-92be-004a921408cc:c3511]
2019-08-06 03:26:32,894 INFO  client.GrpcClientProtocolClient (GrpcClientProtocolClient.java:onNext(255)) - client-9DC82E534C87->980d9c0c-33ac-4a22-b481-33b8b1eac469: receive RaftClientReply:client-9DC82E534C87->980d9c0c-33ac-4a22-b481-33b8b1eac469@group-23022C6A558E, cid=2372, SUCCESS, logIndex=3513, commits[980d9c0c-33ac-4a22-b481-33b8b1eac469:c3515, e00ee311-0ce1-4115-b4c1-69648d9d3094:c3511, bb9367ec-656d-4ade-92be-004a921408cc:c3511]
2019-08-06 03:26:32,895 INFO  client.GrpcClientProtocolClient (GrpcClientProtocolClient.java:onNext(255)) - client-9DC82E534C87->980d9c0c-33ac-4a22-b481-33b8b1eac469: receive RaftClientReply:client-9DC82E534C87->980d9c0c-33ac-4a22-b481-33b8b1eac469@group-23022C6A558E, cid=2373, SUCCESS, logIndex=3514, commits[980d9c0c-33ac-4a22-b481-33b8b1eac469:c3515, e00ee311-0ce1-4115-b4c1-69648d9d3094:c3511, bb9367ec-656d-4ade-92be-004a921408cc:c3511]
2019-08-06 03:26:32,895 INFO  client.GrpcClientProtocolClient (GrpcClientProtocolClient.java:onNext(255)) - client-9DC82E534C87->980d9c0c-33ac-4a22-b481-33b8b1eac469: receive RaftClientReply:client-9DC82E534C87->980d9c0c-33ac-4a22-b481-33b8b1eac469@group-23022C6A558E, cid=2374, SUCCESS, logIndex=3515, commits[980d9c0c-33ac-4a22-b481-33b8b1eac469:c3516, e00ee311-0ce1-4115-b4c1-69648d9d3094:c3512, bb9367ec-656d-4ade-92be-004a921408cc:c3512]
2019-08-06 03:26:32,896 INFO  client.GrpcClientProtocolClient (GrpcClientProtocolClient.java:onNext(255)) - client-9DC82E534C87->980d9c0c-33ac-4a22-b481-33b8b1eac469: receive RaftClientReply:client-9DC82E534C87->980d9c0c-33ac-4a22-b481-33b8b1eac469@group-23022C6A558E, cid=2375, SUCCESS, logIndex=0, commits[980d9c0c-33ac-4a22-b481-33b8b1eac469:c3517, e00ee311-0ce1-4115-b4c1-69648d9d3094:c3513, bb9367ec-656d-4ade-92be-004a921408cc:c3513]
2019-08-06 03:26:32,918 INFO  client.GrpcClientProtocolClient (GrpcClientProtocolClient.java:onNext(255)) - client-9DC82E534C87->980d9c0c-33ac-4a22-b481-33b8b1eac469: receive RaftClientReply:client-9DC82E534C87->980d9c0c-33ac-4a22-b481-33b8b1eac469@group-23022C6A558E, cid=2376, SUCCESS, logIndex=3520, commits[980d9c0c-33ac-4a22-b481-33b8b1eac469:c3520, e00ee311-0ce1-4115-b4c1-69648d9d3094:c3519, bb9367ec-656d-4ade-92be-004a921408cc:c3519]
2019-08-06 03:26:32,919 INFO  client.GrpcClientProtocolClient (GrpcClientProtocolClient.java:onNext(255)) - client-9DC82E534C87->980d9c0c-33ac-4a22-b481-33b8b1eac469: receive RaftClientReply:client-9DC82E534C87->980d9c0c-33ac-4a22-b481-33b8b1eac469@group-23022C6A558E, cid=2377, SUCCESS, logIndex=3521, commits[980d9c0c-33ac-4a22-b481-33b8b1eac469:c3521, e00ee311-0ce1-4115-b4c1-69648d9d3094:c3519, bb9367ec-656d-4ade-92be-004a921408cc:c3519]
2019-08-06 03:26:32,933 INFO  client.GrpcClientProtocolClient (GrpcClientProtocolClient.java:onNext(255)) - client-9DC82E534C87->980d9c0c-33ac-4a22-b481-33b8b1eac469: receive RaftClientReply:client-9DC82E534C87->980d9c0c-33ac-4a22-b481-33b8b1eac469@group-23022C6A558E, cid=2378, SUCCESS, logIndex=3524, commits[980d9c0c-33ac-4a22-b481-33b8b1eac469:c3525, e00ee311-0ce1-4115-b4c1-69648d9d3094:c3521, bb9367ec-656d-4ade-92be-004a921408cc:c3521]
2019-08-06 03:26:32,934 INFO  client.GrpcClientProtocolClient (GrpcClientProtocolClient.java:onNext(255)) - client-9DC82E534C87->980d9c0c-33ac-4a22-b481-33b8b1eac469: receive RaftClientReply:client-9DC82E534C87->980d9c0c-33ac-4a22-b481-33b8b1eac469@group-23022C6A558E, cid=2379, SUCCESS, logIndex=3525, commits[980d9c0c-33ac-4a22-b481-33b8b1eac469:c3525, e00ee311-0ce1-4115-b4c1-69648d9d3094:c3521, bb9367ec-656d-4ade-92be-004a921408cc:c3521]
2019-08-06 03:26:32,945 INFO  client.GrpcClientProtocolClient (GrpcClientProtocolClient.java:onNext(255)) - client-9DC82E534C87->980d9c0c-33ac-4a22-b481-33b8b1eac469: receive RaftClientReply:client-9DC82E534C87->980d9c0c-33ac-4a22-b481-33b8b1eac469@group-23022C6A558E, cid=2380, SUCCESS, logIndex=0, commits[980d9c0c-33ac-4a22-b481-33b8b1eac469:c3526, e00ee311-0ce1-4115-b4c1-69648d9d3094:c3525, bb9367ec-656d-4ade-92be-004a921408cc:c3525]
2019-08-06 03:26:32,976 INFO  client.GrpcClientProtocolClient (GrpcClientProtocolClient.java:onNext(255)) - client-9DC82E534C87->980d9c0c-33ac-4a22-b481-33b8b1eac469: receive RaftClientReply:client-9DC82E534C87->980d9c0c-33ac-4a22-b481-33b8b1eac469@group-23022C6A558E, cid=2381, SUCCESS, logIndex=3528, commits[980d9c0c-33ac-4a22-b481-33b8b1eac469:c3530, e00ee311-0ce1-4115-b4c1-69648d9d3094:c3527, bb9367ec-656d-4ade-92be-004a921408cc:c3527]
2019-08-06 03:26:32,977 INFO  client.GrpcClientProtocolClient (GrpcClientProtocolClient.java:onNext(255)) - client-9DC82E534C87->980d9c0c-33ac-4a22-b481-33b8b1eac469: receive RaftClientReply:client-9DC82E534C87->980d9c0c-33ac-4a22-b481-33b8b1eac469@group-23022C6A558E, cid=2382, SUCCESS, logIndex=3529, commits[980d9c0c-33ac-4a22-b481-33b8b1eac469:c3531, e00ee311-0ce1-4115-b4c1-69648d9d3094:c3527, bb9367ec-656d-4ade-92be-004a921408cc:c3527]
2019-08-06 03:26:32,977 INFO  client.GrpcClientProtocolClient (GrpcClientProtocolClient.java:onNext(255)) - client-9DC82E534C87->980d9c0c-33ac-4a22-b481-33b8b1eac469: receive RaftClientReply:client-9DC82E534C87->980d9c0c-33ac-4a22-b481-33b8b1eac469@group-23022C6A558E, cid=2383, SUCCESS, logIndex=3530, commits[980d9c0c-33ac-4a22-b481-33b8b1eac469:c3531, e00ee311-0ce1-4115-b4c1-69648d9d3094:c3527, bb9367ec-656d-4ade-92be-004a921408cc:c3527]
2019-08-06 03:26:32,977 INFO  client.GrpcClientProtocolClient (GrpcClientProtocolClient.java:onNext(255)) - client-9DC82E534C87->980d9c0c-33ac-4a22-b481-33b8b1eac469: receive RaftClientReply:client-9DC82E534C87->980d9c0c-33ac-4a22-b481-33b8b1eac469@group-23022C6A558E, cid=2384, SUCCESS, logIndex=3531, commits[980d9c0c-33ac-4a22-b481-33b8b1eac469:c3531, e00ee311-0ce1-4115-b4c1-69648d9d3094:c3527, bb9367ec-656d-4ade-92be-004a921408cc:c3527]
2019-08-06 03:26:32,991 INFO  client.GrpcClientProtocolClient (GrpcClientProtocolClient.java:onNext(255)) - client-9DC82E534C87->980d9c0c-33ac-4a22-b481-33b8b1eac469: receive RaftClientReply:client-9DC82E534C87->980d9c0c-33ac-4a22-b481-33b8b1eac469@group-23022C6A558E, cid=2385, SUCCESS, logIndex=0, commits[980d9c0c-33ac-4a22-b481-33b8b1eac469:c3533, e00ee311-0ce1-4115-b4c1-69648d9d3094:c3529, bb9367ec-656d-4ade-92be-004a921408cc:c3529]
2019-08-06 03:26:33,011 INFO  client.GrpcClientProtocolClient (GrpcClientProtocolClient.java:onNext(255)) - client-9DC82E534C87->980d9c0c-33ac-4a22-b481-33b8b1eac469: receive RaftClientReply:client-9DC82E534C87->980d9c0c-33ac-4a22-b481-33b8b1eac469@group-23022C6A558E, cid=2386, SUCCESS, logIndex=3536, commits[980d9c0c-33ac-4a22-b481-33b8b1eac469:c3537, e00ee311-0ce1-4115-b4c1-69648d9d3094:c3535, bb9367ec-656d-4ade-92be-004a921408cc:c3535]
2019-08-06 03:26:33,011 INFO  client.GrpcClientProtocolClient (GrpcClientProtocolClient.java:onNext(255)) - client-9DC82E534C87->980d9c0c-33ac-4a22-b481-33b8b1eac469: receive RaftClientReply:client-9DC82E534C87->980d9c0c-33ac-4a22-b481-33b8b1eac469@group-23022C6A558E, cid=2387, SUCCESS, logIndex=3537, commits[980d9c0c-33ac-4a22-b481-33b8b1eac469:c3537, e00ee311-0ce1-4115-b4c1-69648d9d3094:c3535, bb9367ec-656d-4ade-92be-004a921408cc:c3535]
2019-08-06 03:26:33,025 INFO  client.GrpcClientProtocolClient (GrpcClientProtocolClient.java:onNext(255)) - client-9DC82E534C87->980d9c0c-33ac-4a22-b481-33b8b1eac469: receive RaftClientReply:client-9DC82E534C87->980d9c0c-33ac-4a22-b481-33b8b1eac469@group-23022C6A558E, cid=2388, SUCCESS, logIndex=3540, commits[980d9c0c-33ac-4a22-b481-33b8b1eac469:c3541, e00ee311-0ce1-4115-b4c1-69648d9d3094:c3537, bb9367ec-656d-4ade-92be-004a921408cc:c3537]
2019-08-06 03:26:33,026 INFO  client.GrpcClientProtocolClient (GrpcClientProtocolClient.java:onNext(255)) - client-9DC82E534C87->980d9c0c-33ac-4a22-b481-33b8b1eac469: receive RaftClientReply:client-9DC82E534C87->980d9c0c-33ac-4a22-b481-33b8b1eac469@group-23022C6A558E, cid=2389, SUCCESS, logIndex=3541, commits[980d9c0c-33ac-4a22-b481-33b8b1eac469:c3541, e00ee311-0ce1-4115-b4c1-69648d9d3094:c3537, bb9367ec-656d-4ade-92be-004a921408cc:c3537]
2019-08-06 03:26:33,039 INFO  client.GrpcClientProtocolClient (GrpcClientProtocolClient.java:onNext(255)) - client-9DC82E534C87->980d9c0c-33ac-4a22-b481-33b8b1eac469: receive RaftClientReply:client-9DC82E534C87->980d9c0c-33ac-4a22-b481-33b8b1eac469@group-23022C6A558E, cid=2390, SUCCESS, logIndex=0, commits[980d9c0c-33ac-4a22-b481-33b8b1eac469:c3543, e00ee311-0ce1-4115-b4c1-69648d9d3094:c3541, bb9367ec-656d-4ade-92be-004a921408cc:c3541]
2019-08-06 03:26:33,066 INFO  client.GrpcClientProtocolClient (GrpcClientProtocolClient.java:onNext(255)) - client-9DC82E534C87->980d9c0c-33ac-4a22-b481-33b8b1eac469: receive RaftClientReply:client-9DC82E534C87->980d9c0c-33ac-4a22-b481-33b8b1eac469@group-23022C6A558E, cid=2391, SUCCESS, logIndex=3544, commits[980d9c0c-33ac-4a22-b481-33b8b1eac469:c3545, e00ee311-0ce1-4115-b4c1-69648d9d3094:c3543, bb9367ec-656d-4ade-92be-004a921408cc:c3543]
2019-08-06 03:26:33,066 INFO  client.GrpcClientProtocolClient (GrpcClientProtocolClient.java:onNext(255)) - client-9DC82E534C87->980d9c0c-33ac-4a22-b481-33b8b1eac469: receive RaftClientReply:client-9DC82E534C87->980d9c0c-33ac-4a22-b481-33b8b1eac469@group-23022C6A558E, cid=2392, SUCCESS, logIndex=3545, commits[980d9c0c-33ac-4a22-b481-33b8b1eac469:c3545, e00ee311-0ce1-4115-b4c1-69648d9d3094:c3543, bb9367ec-656d-4ade-92be-004a921408cc:c3543]
2019-08-06 03:26:33,067 INFO  client.GrpcClientProtocolClient (GrpcClientProtocolClient.java:onNext(255)) - client-9DC82E534C87->980d9c0c-33ac-4a22-b481-33b8b1eac469: receive RaftClientReply:client-9DC82E534C87->980d9c0c-33ac-4a22-b481-33b8b1eac469@group-23022C6A558E, cid=2393, SUCCESS, logIndex=3546, commits[980d9c0c-33ac-4a22-b481-33b8b1eac469:c3547, e00ee311-0ce1-4115-b4c1-69648d9d3094:c3543, bb9367ec-656d-4ade-92be-004a921408cc:c3543]
2019-08-06 03:26:33,067 INFO  client.GrpcClientProtocolClient (GrpcClientProtocolClient.java:onNext(255)) - client-9DC82E534C87->980d9c0c-33ac-4a22-b481-33b8b1eac469: receive RaftClientReply:client-9DC82E534C87->980d9c0c-33ac-4a22-b481-33b8b1eac469@group-23022C6A558E, cid=2394, SUCCESS, logIndex=3547, commits[980d9c0c-33ac-4a22-b481-33b8b1eac469:c3547, e00ee311-0ce1-4115-b4c1-69648d9d3094:c3543, bb9367ec-656d-4ade-92be-004a921408cc:c3543]
2019-08-06 03:26:33,069 INFO  client.GrpcClientProtocolClient (GrpcClientProtocolClient.java:onNext(255)) - client-9DC82E534C87->980d9c0c-33ac-4a22-b481-33b8b1eac469: receive RaftClientReply:client-9DC82E534C87->980d9c0c-33ac-4a22-b481-33b8b1eac469@group-23022C6A558E, cid=2395, SUCCESS, logIndex=0, commits[980d9c0c-33ac-4a22-b481-33b8b1eac469:c3549, e00ee311-0ce1-4115-b4c1-69648d9d3094:c3545, bb9367ec-656d-4ade-92be-004a921408cc:c3545]
2019-08-06 03:26:33,088 INFO  client.GrpcClientProtocolClient (GrpcClientProtocolClient.java:onNext(255)) - client-9DC82E534C87->980d9c0c-33ac-4a22-b481-33b8b1eac469: receive RaftClientReply:client-9DC82E534C87->980d9c0c-33ac-4a22-b481-33b8b1eac469@group-23022C6A558E, cid=2396, SUCCESS, logIndex=3552, commits[980d9c0c-33ac-4a22-b481-33b8b1eac469:c3553, e00ee311-0ce1-4115-b4c1-69648d9d3094:c3551, bb9367ec-656d-4ade-92be-004a921408cc:c3551]
2019-08-06 03:26:33,089 INFO  client.GrpcClientProtocolClient (GrpcClientProtocolClient.java:onNext(255)) - client-9DC82E534C87->980d9c0c-33ac-4a22-b481-33b8b1eac469: receive RaftClientReply:client-9DC82E534C87->980d9c0c-33ac-4a22-b481-33b8b1eac469@group-23022C6A558E, cid=2397, SUCCESS, logIndex=3553, commits[980d9c0c-33ac-4a22-b481-33b8b1eac469:c3553, e00ee311-0ce1-4115-b4c1-69648d9d3094:c3551, bb9367ec-656d-4ade-92be-004a921408cc:c3551]
2019-08-06 03:26:33,104 INFO  client.GrpcClientProtocolClient (GrpcClientProtocolClient.java:onNext(255)) - client-9DC82E534C87->980d9c0c-33ac-4a22-b481-33b8b1eac469: receive RaftClientReply:client-9DC82E534C87->980d9c0c-33ac-4a22-b481-33b8b1eac469@group-23022C6A558E, cid=2398, SUCCESS, logIndex=3556, commits[980d9c0c-33ac-4a22-b481-33b8b1eac469:c3556, e00ee311-0ce1-4115-b4c1-69648d9d3094:c3553, bb9367ec-656d-4ade-92be-004a921408cc:c3553]
2019-08-06 03:26:33,104 INFO  client.GrpcClientProtocolClient (GrpcClientProtocolClient.java:onNext(255)) - client-9DC82E534C87->980d9c0c-33ac-4a22-b481-33b8b1eac469: receive RaftClientReply:client-9DC82E534C87->980d9c0c-33ac-4a22-b481-33b8b1eac469@group-23022C6A558E, cid=2399, SUCCESS, logIndex=3557, commits[980d9c0c-33ac-4a22-b481-33b8b1eac469:c3557, e00ee311-0ce1-4115-b4c1-69648d9d3094:c3553, bb9367ec-656d-4ade-92be-004a921408cc:c3553]
2019-08-06 03:26:33,119 INFO  client.GrpcClientProtocolClient (GrpcClientProtocolClient.java:onNext(255)) - client-9DC82E534C87->980d9c0c-33ac-4a22-b481-33b8b1eac469: receive RaftClientReply:client-9DC82E534C87->980d9c0c-33ac-4a22-b481-33b8b1eac469@group-23022C6A558E, cid=2400, SUCCESS, logIndex=0, commits[980d9c0c-33ac-4a22-b481-33b8b1eac469:c3559, e00ee311-0ce1-4115-b4c1-69648d9d3094:c3557, bb9367ec-656d-4ade-92be-004a921408cc:c3557]
2019-08-06 03:26:33,154 INFO  client.GrpcClientProtocolClient (GrpcClientProtocolClient.java:onNext(255)) - client-9DC82E534C87->980d9c0c-33ac-4a22-b481-33b8b1eac469: receive RaftClientReply:client-9DC82E534C87->980d9c0c-33ac-4a22-b481-33b8b1eac469@group-23022C6A558E, cid=2401, SUCCESS, logIndex=3560, commits[980d9c0c-33ac-4a22-b481-33b8b1eac469:c3562, e00ee311-0ce1-4115-b4c1-69648d9d3094:c3559, bb9367ec-656d-4ade-92be-004a921408cc:c3559]
2019-08-06 03:26:33,154 INFO  client.GrpcClientProtocolClient (GrpcClientProtocolClient.java:onNext(255)) - client-9DC82E534C87->980d9c0c-33ac-4a22-b481-33b8b1eac469: receive RaftClientReply:client-9DC82E534C87->980d9c0c-33ac-4a22-b481-33b8b1eac469@group-23022C6A558E, cid=2402, SUCCESS, logIndex=3561, commits[980d9c0c-33ac-4a22-b481-33b8b1eac469:c3563, e00ee311-0ce1-4115-b4c1-69648d9d3094:c3559, bb9367ec-656d-4ade-92be-004a921408cc:c3559]
2019-08-06 03:26:33,155 INFO  client.GrpcClientProtocolClient (GrpcClientProtocolClient.java:onNext(255)) - client-9DC82E534C87->980d9c0c-33ac-4a22-b481-33b8b1eac469: receive RaftClientReply:client-9DC82E534C87->980d9c0c-33ac-4a22-b481-33b8b1eac469@group-23022C6A558E, cid=2403, SUCCESS, logIndex=3562, commits[980d9c0c-33ac-4a22-b481-33b8b1eac469:c3563, e00ee311-0ce1-4115-b4c1-69648d9d3094:c3559, bb9367ec-656d-4ade-92be-004a921408cc:c3559]
2019-08-06 03:26:33,155 INFO  client.GrpcClientProtocolClient (GrpcClientProtocolClient.java:onNext(255)) - client-9DC82E534C87->980d9c0c-33ac-4a22-b481-33b8b1eac469: receive RaftClientReply:client-9DC82E534C87->980d9c0c-33ac-4a22-b481-33b8b1eac469@group-23022C6A558E, cid=2404, SUCCESS, logIndex=3563, commits[980d9c0c-33ac-4a22-b481-33b8b1eac469:c3563, e00ee311-0ce1-4115-b4c1-69648d9d3094:c3559, bb9367ec-656d-4ade-92be-004a921408cc:c3559]
2019-08-06 03:26:33,166 INFO  client.GrpcClientProtocolClient (GrpcClientProtocolClient.java:onNext(255)) - client-9DC82E534C87->980d9c0c-33ac-4a22-b481-33b8b1eac469: receive RaftClientReply:client-9DC82E534C87->980d9c0c-33ac-4a22-b481-33b8b1eac469@group-23022C6A558E, cid=2405, SUCCESS, logIndex=0, commits[980d9c0c-33ac-4a22-b481-33b8b1eac469:c3565, e00ee311-0ce1-4115-b4c1-69648d9d3094:c3562, bb9367ec-656d-4ade-92be-004a921408cc:c3562]
2019-08-06 03:26:33,187 INFO  client.GrpcClientProtocolClient (GrpcClientProtocolClient.java:onNext(255)) - client-9DC82E534C87->980d9c0c-33ac-4a22-b481-33b8b1eac469: receive RaftClientReply:client-9DC82E534C87->980d9c0c-33ac-4a22-b481-33b8b1eac469@group-23022C6A558E, cid=2406, SUCCESS, logIndex=3567, commits[980d9c0c-33ac-4a22-b481-33b8b1eac469:c3568, e00ee311-0ce1-4115-b4c1-69648d9d3094:c3566, bb9367ec-656d-4ade-92be-004a921408cc:c3566]
2019-08-06 03:26:33,188 INFO  client.GrpcClientProtocolClient (GrpcClientProtocolClient.java:onNext(255)) - client-9DC82E534C87->980d9c0c-33ac-4a22-b481-33b8b1eac469: receive RaftClientReply:client-9DC82E534C87->980d9c0c-33ac-4a22-b481-33b8b1eac469@group-23022C6A558E, cid=2407, SUCCESS, logIndex=3568, commits[980d9c0c-33ac-4a22-b481-33b8b1eac469:c3568, e00ee311-0ce1-4115-b4c1-69648d9d3094:c3566, bb9367ec-656d-4ade-92be-004a921408cc:c3566]
2019-08-06 03:26:33,201 INFO  client.GrpcClientProtocolClient (GrpcClientProtocolClient.java:onNext(255)) - client-9DC82E534C87->980d9c0c-33ac-4a22-b481-33b8b1eac469: receive RaftClientReply:client-9DC82E534C87->980d9c0c-33ac-4a22-b481-33b8b1eac469@group-23022C6A558E, cid=2408, SUCCESS, logIndex=3571, commits[980d9c0c-33ac-4a22-b481-33b8b1eac469:c3572, e00ee311-0ce1-4115-b4c1-69648d9d3094:c3568, bb9367ec-656d-4ade-92be-004a921408cc:c3568]
2019-08-06 03:26:33,201 INFO  client.GrpcClientProtocolClient (GrpcClientProtocolClient.java:onNext(255)) - client-9DC82E534C87->980d9c0c-33ac-4a22-b481-33b8b1eac469: receive RaftClientReply:client-9DC82E534C87->980d9c0c-33ac-4a22-b481-33b8b1eac469@group-23022C6A558E, cid=2409, SUCCESS, logIndex=3572, commits[980d9c0c-33ac-4a22-b481-33b8b1eac469:c3572, e00ee311-0ce1-4115-b4c1-69648d9d3094:c3568, bb9367ec-656d-4ade-92be-004a921408cc:c3568]
2019-08-06 03:26:33,213 INFO  client.GrpcClientProtocolClient (GrpcClientProtocolClient.java:onNext(255)) - client-9DC82E534C87->980d9c0c-33ac-4a22-b481-33b8b1eac469: receive RaftClientReply:client-9DC82E534C87->980d9c0c-33ac-4a22-b481-33b8b1eac469@group-23022C6A558E, cid=2410, SUCCESS, logIndex=0, commits[980d9c0c-33ac-4a22-b481-33b8b1eac469:c3574, e00ee311-0ce1-4115-b4c1-69648d9d3094:c3572, bb9367ec-656d-4ade-92be-004a921408cc:c3572]
2019-08-06 03:26:33,247 INFO  client.GrpcClientProtocolClient (GrpcClientProtocolClient.java:onNext(255)) - client-9DC82E534C87->980d9c0c-33ac-4a22-b481-33b8b1eac469: receive RaftClientReply:client-9DC82E534C87->980d9c0c-33ac-4a22-b481-33b8b1eac469@group-23022C6A558E, cid=2411, SUCCESS, logIndex=3575, commits[980d9c0c-33ac-4a22-b481-33b8b1eac469:c3576, e00ee311-0ce1-4115-b4c1-69648d9d3094:c3574, bb9367ec-656d-4ade-92be-004a921408cc:c3574]
2019-08-06 03:26:33,247 INFO  client.GrpcClientProtocolClient (GrpcClientProtocolClient.java:onNext(255)) - client-9DC82E534C87->980d9c0c-33ac-4a22-b481-33b8b1eac469: receive RaftClientReply:client-9DC82E534C87->980d9c0c-33ac-4a22-b481-33b8b1eac469@group-23022C6A558E, cid=2412, SUCCESS, logIndex=3576, commits[980d9c0c-33ac-4a22-b481-33b8b1eac469:c3578, e00ee311-0ce1-4115-b4c1-69648d9d3094:c3574, bb9367ec-656d-4ade-92be-004a921408cc:c3574]
2019-08-06 03:26:33,248 INFO  client.GrpcClientProtocolClient (GrpcClientProtocolClient.java:onNext(255)) - client-9DC82E534C87->980d9c0c-33ac-4a22-b481-33b8b1eac469: receive RaftClientReply:client-9DC82E534C87->980d9c0c-33ac-4a22-b481-33b8b1eac469@group-23022C6A558E, cid=2413, SUCCESS, logIndex=3577, commits[980d9c0c-33ac-4a22-b481-33b8b1eac469:c3578, e00ee311-0ce1-4115-b4c1-69648d9d3094:c3574, bb9367ec-656d-4ade-92be-004a921408cc:c3574]
2019-08-06 03:26:33,248 INFO  client.GrpcClientProtocolClient (GrpcClientProtocolClient.java:onNext(255)) - client-9DC82E534C87->980d9c0c-33ac-4a22-b481-33b8b1eac469: receive RaftClientReply:client-9DC82E534C87->980d9c0c-33ac-4a22-b481-33b8b1eac469@group-23022C6A558E, cid=2414, SUCCESS, logIndex=3578, commits[980d9c0c-33ac-4a22-b481-33b8b1eac469:c3578, e00ee311-0ce1-4115-b4c1-69648d9d3094:c3574, bb9367ec-656d-4ade-92be-004a921408cc:c3574]
 0.00% |█                                                                                                    |  0/1 Time: 0:00:202019-08-06 03:26:33,260 INFO  client.GrpcClientProtocolClient (GrpcClientProtocolClient.java:onNext(255)) - client-9DC82E534C87->980d9c0c-33ac-4a22-b481-33b8b1eac469: receive RaftClientReply:client-9DC82E534C87->980d9c0c-33ac-4a22-b481-33b8b1eac469@group-23022C6A558E, cid=2415, SUCCESS, logIndex=0, commits[980d9c0c-33ac-4a22-b481-33b8b1eac469:c3580, e00ee311-0ce1-4115-b4c1-69648d9d3094:c3576, bb9367ec-656d-4ade-92be-004a921408cc:c3576]
2019-08-06 03:26:33,279 INFO  client.GrpcClientProtocolClient (GrpcClientProtocolClient.java:onNext(255)) - client-9DC82E534C87->980d9c0c-33ac-4a22-b481-33b8b1eac469: receive RaftClientReply:client-9DC82E534C87->980d9c0c-33ac-4a22-b481-33b8b1eac469@group-23022C6A558E, cid=2416, SUCCESS, logIndex=3582, commits[980d9c0c-33ac-4a22-b481-33b8b1eac469:c3583, e00ee311-0ce1-4115-b4c1-69648d9d3094:c3581, bb9367ec-656d-4ade-92be-004a921408cc:c3581]
2019-08-06 03:26:33,279 INFO  client.GrpcClientProtocolClient (GrpcClientProtocolClient.java:onNext(255)) - client-9DC82E534C87->980d9c0c-33ac-4a22-b481-33b8b1eac469: receive RaftClientReply:client-9DC82E534C87->980d9c0c-33ac-4a22-b481-33b8b1eac469@group-23022C6A558E, cid=2417, SUCCESS, logIndex=3583, commits[980d9c0c-33ac-4a22-b481-33b8b1eac469:c3583, e00ee311-0ce1-4115-b4c1-69648d9d3094:c3581, bb9367ec-656d-4ade-92be-004a921408cc:c3581]
2019-08-06 03:26:33,292 INFO  client.GrpcClientProtocolClient (GrpcClientProtocolClient.java:onNext(255)) - client-9DC82E534C87->980d9c0c-33ac-4a22-b481-33b8b1eac469: receive RaftClientReply:client-9DC82E534C87->980d9c0c-33ac-4a22-b481-33b8b1eac469@group-23022C6A558E, cid=2418, SUCCESS, logIndex=3586, commits[980d9c0c-33ac-4a22-b481-33b8b1eac469:c3587, e00ee311-0ce1-4115-b4c1-69648d9d3094:c3583, bb9367ec-656d-4ade-92be-004a921408cc:c3582]
2019-08-06 03:26:33,292 INFO  client.GrpcClientProtocolClient (GrpcClientProtocolClient.java:onNext(255)) - client-9DC82E534C87->980d9c0c-33ac-4a22-b481-33b8b1eac469: receive RaftClientReply:client-9DC82E534C87->980d9c0c-33ac-4a22-b481-33b8b1eac469@group-23022C6A558E, cid=2419, SUCCESS, logIndex=3587, commits[980d9c0c-33ac-4a22-b481-33b8b1eac469:c3587, e00ee311-0ce1-4115-b4c1-69648d9d3094:c3583, bb9367ec-656d-4ade-92be-004a921408cc:c3583]
2019-08-06 03:26:33,295 INFO  client.GrpcClientProtocolClient (GrpcClientProtocolClient.java:onNext(255)) - client-9DC82E534C87->980d9c0c-33ac-4a22-b481-33b8b1eac469: receive RaftClientReply:client-9DC82E534C87->980d9c0c-33ac-4a22-b481-33b8b1eac469@group-23022C6A558E, cid=2420, SUCCESS, logIndex=0, commits[980d9c0c-33ac-4a22-b481-33b8b1eac469:c3588, e00ee311-0ce1-4115-b4c1-69648d9d3094:c3587, bb9367ec-656d-4ade-92be-004a921408cc:c3587]
2019-08-06 03:26:33,324 INFO  client.GrpcClientProtocolClient (GrpcClientProtocolClient.java:onNext(255)) - client-9DC82E534C87->980d9c0c-33ac-4a22-b481-33b8b1eac469: receive RaftClientReply:client-9DC82E534C87->980d9c0c-33ac-4a22-b481-33b8b1eac469@group-23022C6A558E, cid=2421, SUCCESS, logIndex=3590, commits[980d9c0c-33ac-4a22-b481-33b8b1eac469:c3592, e00ee311-0ce1-4115-b4c1-69648d9d3094:c3589, bb9367ec-656d-4ade-92be-004a921408cc:c3589]
2019-08-06 03:26:33,324 INFO  client.GrpcClientProtocolClient (GrpcClientProtocolClient.java:onNext(255)) - client-9DC82E534C87->980d9c0c-33ac-4a22-b481-33b8b1eac469: receive RaftClientReply:client-9DC82E534C87->980d9c0c-33ac-4a22-b481-33b8b1eac469@group-23022C6A558E, cid=2422, SUCCESS, logIndex=3591, commits[980d9c0c-33ac-4a22-b481-33b8b1eac469:c3593, e00ee311-0ce1-4115-b4c1-69648d9d3094:c3589, bb9367ec-656d-4ade-92be-004a921408cc:c3589]
2019-08-06 03:26:33,324 INFO  client.GrpcClientProtocolClient (GrpcClientProtocolClient.java:onNext(255)) - client-9DC82E534C87->980d9c0c-33ac-4a22-b481-33b8b1eac469: receive RaftClientReply:client-9DC82E534C87->980d9c0c-33ac-4a22-b481-33b8b1eac469@group-23022C6A558E, cid=2423, SUCCESS, logIndex=3592, commits[980d9c0c-33ac-4a22-b481-33b8b1eac469:c3593, e00ee311-0ce1-4115-b4c1-69648d9d3094:c3589, bb9367ec-656d-4ade-92be-004a921408cc:c3589]
2019-08-06 03:26:33,325 INFO  client.GrpcClientProtocolClient (GrpcClientProtocolClient.java:onNext(255)) - client-9DC82E534C87->980d9c0c-33ac-4a22-b481-33b8b1eac469: receive RaftClientReply:client-9DC82E534C87->980d9c0c-33ac-4a22-b481-33b8b1eac469@group-23022C6A558E, cid=2424, SUCCESS, logIndex=3593, commits[980d9c0c-33ac-4a22-b481-33b8b1eac469:c3594, e00ee311-0ce1-4115-b4c1-69648d9d3094:c3590, bb9367ec-656d-4ade-92be-004a921408cc:c3589]
2019-08-06 03:26:33,325 INFO  client.GrpcClientProtocolClient (GrpcClientProtocolClient.java:onNext(255)) - client-9DC82E534C87->980d9c0c-33ac-4a22-b481-33b8b1eac469: receive RaftClientReply:client-9DC82E534C87->980d9c0c-33ac-4a22-b481-33b8b1eac469@group-23022C6A558E, cid=2425, SUCCESS, logIndex=0, commits[980d9c0c-33ac-4a22-b481-33b8b1eac469:c3596, e00ee311-0ce1-4115-b4c1-69648d9d3094:c3591, bb9367ec-656d-4ade-92be-004a921408cc:c3592]
2019-08-06 03:26:33,340 INFO  client.GrpcClientProtocolClient (GrpcClientProtocolClient.java:onNext(255)) - client-9DC82E534C87->980d9c0c-33ac-4a22-b481-33b8b1eac469: receive RaftClientReply:client-9DC82E534C87->980d9c0c-33ac-4a22-b481-33b8b1eac469@group-23022C6A558E, cid=2426, SUCCESS, logIndex=3598, commits[980d9c0c-33ac-4a22-b481-33b8b1eac469:c3599, e00ee311-0ce1-4115-b4c1-69648d9d3094:c3597, bb9367ec-656d-4ade-92be-004a921408cc:c3593]
2019-08-06 03:26:33,340 INFO  client.GrpcClientProtocolClient (GrpcClientProtocolClient.java:onNext(255)) - client-9DC82E534C87->980d9c0c-33ac-4a22-b481-33b8b1eac469: receive RaftClientReply:client-9DC82E534C87->980d9c0c-33ac-4a22-b481-33b8b1eac469@group-23022C6A558E, cid=2427, SUCCESS, logIndex=3599, commits[980d9c0c-33ac-4a22-b481-33b8b1eac469:c3599, e00ee311-0ce1-4115-b4c1-69648d9d3094:c3597, bb9367ec-656d-4ade-92be-004a921408cc:c3597]
2019-08-06 03:26:33,356 INFO  client.GrpcClientProtocolClient (GrpcClientProtocolClient.java:onNext(255)) - client-9DC82E534C87->980d9c0c-33ac-4a22-b481-33b8b1eac469: receive RaftClientReply:client-9DC82E534C87->980d9c0c-33ac-4a22-b481-33b8b1eac469@group-23022C6A558E, cid=2428, SUCCESS, logIndex=3602, commits[980d9c0c-33ac-4a22-b481-33b8b1eac469:c3603, e00ee311-0ce1-4115-b4c1-69648d9d3094:c3599, bb9367ec-656d-4ade-92be-004a921408cc:c3599]
2019-08-06 03:26:33,356 INFO  client.GrpcClientProtocolClient (GrpcClientProtocolClient.java:onNext(255)) - client-9DC82E534C87->980d9c0c-33ac-4a22-b481-33b8b1eac469: receive RaftClientReply:client-9DC82E534C87->980d9c0c-33ac-4a22-b481-33b8b1eac469@group-23022C6A558E, cid=2429, SUCCESS, logIndex=3603, commits[980d9c0c-33ac-4a22-b481-33b8b1eac469:c3603, e00ee311-0ce1-4115-b4c1-69648d9d3094:c3599, bb9367ec-656d-4ade-92be-004a921408cc:c3599]
2019-08-06 03:26:33,359 INFO  client.GrpcClientProtocolClient (GrpcClientProtocolClient.java:onNext(255)) - client-9DC82E534C87->980d9c0c-33ac-4a22-b481-33b8b1eac469: receive RaftClientReply:client-9DC82E534C87->980d9c0c-33ac-4a22-b481-33b8b1eac469@group-23022C6A558E, cid=2430, SUCCESS, logIndex=0, commits[980d9c0c-33ac-4a22-b481-33b8b1eac469:c3605, e00ee311-0ce1-4115-b4c1-69648d9d3094:c3603, bb9367ec-656d-4ade-92be-004a921408cc:c3603]
2019-08-06 03:26:33,402 INFO  client.GrpcClientProtocolClient (GrpcClientProtocolClient.java:onNext(255)) - client-9DC82E534C87->980d9c0c-33ac-4a22-b481-33b8b1eac469: receive RaftClientReply:client-9DC82E534C87->980d9c0c-33ac-4a22-b481-33b8b1eac469@group-23022C6A558E, cid=2431, SUCCESS, logIndex=3606, commits[980d9c0c-33ac-4a22-b481-33b8b1eac469:c3607, e00ee311-0ce1-4115-b4c1-69648d9d3094:c3605, bb9367ec-656d-4ade-92be-004a921408cc:c3605]
2019-08-06 03:26:33,403 INFO  client.GrpcClientProtocolClient (GrpcClientProtocolClient.java:onNext(255)) - client-9DC82E534C87->980d9c0c-33ac-4a22-b481-33b8b1eac469: receive RaftClientReply:client-9DC82E534C87->980d9c0c-33ac-4a22-b481-33b8b1eac469@group-23022C6A558E, cid=2432, SUCCESS, logIndex=3607, commits[980d9c0c-33ac-4a22-b481-33b8b1eac469:c3608, e00ee311-0ce1-4115-b4c1-69648d9d3094:c3605, bb9367ec-656d-4ade-92be-004a921408cc:c3605]
2019-08-06 03:26:33,403 INFO  client.GrpcClientProtocolClient (GrpcClientProtocolClient.java:onNext(255)) - client-9DC82E534C87->980d9c0c-33ac-4a22-b481-33b8b1eac469: receive RaftClientReply:client-9DC82E534C87->980d9c0c-33ac-4a22-b481-33b8b1eac469@group-23022C6A558E, cid=2433, SUCCESS, logIndex=3608, commits[980d9c0c-33ac-4a22-b481-33b8b1eac469:c3609, e00ee311-0ce1-4115-b4c1-69648d9d3094:c3605, bb9367ec-656d-4ade-92be-004a921408cc:c3605]
2019-08-06 03:26:33,403 INFO  client.GrpcClientProtocolClient (GrpcClientProtocolClient.java:onNext(255)) - client-9DC82E534C87->980d9c0c-33ac-4a22-b481-33b8b1eac469: receive RaftClientReply:client-9DC82E534C87->980d9c0c-33ac-4a22-b481-33b8b1eac469@group-23022C6A558E, cid=2434, SUCCESS, logIndex=3609, commits[980d9c0c-33ac-4a22-b481-33b8b1eac469:c3609, e00ee311-0ce1-4115-b4c1-69648d9d3094:c3605, bb9367ec-656d-4ade-92be-004a921408cc:c3605]
2019-08-06 03:26:33,412 INFO  client.GrpcClientProtocolClient (GrpcClientProtocolClient.java:onNext(255)) - client-9DC82E534C87->980d9c0c-33ac-4a22-b481-33b8b1eac469: receive RaftClientReply:client-9DC82E534C87->980d9c0c-33ac-4a22-b481-33b8b1eac469@group-23022C6A558E, cid=2435, SUCCESS, logIndex=0, commits[980d9c0c-33ac-4a22-b481-33b8b1eac469:c3610, e00ee311-0ce1-4115-b4c1-69648d9d3094:c3607, bb9367ec-656d-4ade-92be-004a921408cc:c3607]
2019-08-06 03:26:33,431 INFO  client.GrpcClientProtocolClient (GrpcClientProtocolClient.java:onNext(255)) - client-9DC82E534C87->980d9c0c-33ac-4a22-b481-33b8b1eac469: receive RaftClientReply:client-9DC82E534C87->980d9c0c-33ac-4a22-b481-33b8b1eac469@group-23022C6A558E, cid=2436, SUCCESS, logIndex=3614, commits[980d9c0c-33ac-4a22-b481-33b8b1eac469:c3615, e00ee311-0ce1-4115-b4c1-69648d9d3094:c3613, bb9367ec-656d-4ade-92be-004a921408cc:c3613]
2019-08-06 03:26:33,432 INFO  client.GrpcClientProtocolClient (GrpcClientProtocolClient.java:onNext(255)) - client-9DC82E534C87->980d9c0c-33ac-4a22-b481-33b8b1eac469: receive RaftClientReply:client-9DC82E534C87->980d9c0c-33ac-4a22-b481-33b8b1eac469@group-23022C6A558E, cid=2437, SUCCESS, logIndex=3615, commits[980d9c0c-33ac-4a22-b481-33b8b1eac469:c3615, e00ee311-0ce1-4115-b4c1-69648d9d3094:c3613, bb9367ec-656d-4ade-92be-004a921408cc:c3613]
2019-08-06 03:26:33,446 INFO  client.GrpcClientProtocolClient (GrpcClientProtocolClient.java:onNext(255)) - client-9DC82E534C87->980d9c0c-33ac-4a22-b481-33b8b1eac469: receive RaftClientReply:client-9DC82E534C87->980d9c0c-33ac-4a22-b481-33b8b1eac469@group-23022C6A558E, cid=2438, SUCCESS, logIndex=3618, commits[980d9c0c-33ac-4a22-b481-33b8b1eac469:c3618, e00ee311-0ce1-4115-b4c1-69648d9d3094:c3615, bb9367ec-656d-4ade-92be-004a921408cc:c3615]
2019-08-06 03:26:33,447 INFO  client.GrpcClientProtocolClient (GrpcClientProtocolClient.java:onNext(255)) - client-9DC82E534C87->980d9c0c-33ac-4a22-b481-33b8b1eac469: receive RaftClientReply:client-9DC82E534C87->980d9c0c-33ac-4a22-b481-33b8b1eac469@group-23022C6A558E, cid=2439, SUCCESS, logIndex=3619, commits[980d9c0c-33ac-4a22-b481-33b8b1eac469:c3619, e00ee311-0ce1-4115-b4c1-69648d9d3094:c3615, bb9367ec-656d-4ade-92be-004a921408cc:c3615]
2019-08-06 03:26:33,459 INFO  client.GrpcClientProtocolClient (GrpcClientProtocolClient.java:onNext(255)) - client-9DC82E534C87->980d9c0c-33ac-4a22-b481-33b8b1eac469: receive RaftClientReply:client-9DC82E534C87->980d9c0c-33ac-4a22-b481-33b8b1eac469@group-23022C6A558E, cid=2440, SUCCESS, logIndex=0, commits[980d9c0c-33ac-4a22-b481-33b8b1eac469:c3621, e00ee311-0ce1-4115-b4c1-69648d9d3094:c3619, bb9367ec-656d-4ade-92be-004a921408cc:c3619]
2019-08-06 03:26:33,491 INFO  client.GrpcClientProtocolClient (GrpcClientProtocolClient.java:onNext(255)) - client-9DC82E534C87->980d9c0c-33ac-4a22-b481-33b8b1eac469: receive RaftClientReply:client-9DC82E534C87->980d9c0c-33ac-4a22-b481-33b8b1eac469@group-23022C6A558E, cid=2441, SUCCESS, logIndex=3622, commits[980d9c0c-33ac-4a22-b481-33b8b1eac469:c3623, e00ee311-0ce1-4115-b4c1-69648d9d3094:c3621, bb9367ec-656d-4ade-92be-004a921408cc:c3621]
2019-08-06 03:26:33,492 INFO  client.GrpcClientProtocolClient (GrpcClientProtocolClient.java:onNext(255)) - client-9DC82E534C87->980d9c0c-33ac-4a22-b481-33b8b1eac469: receive RaftClientReply:client-9DC82E534C87->980d9c0c-33ac-4a22-b481-33b8b1eac469@group-23022C6A558E, cid=2442, SUCCESS, logIndex=3623, commits[980d9c0c-33ac-4a22-b481-33b8b1eac469:c3623, e00ee311-0ce1-4115-b4c1-69648d9d3094:c3621, bb9367ec-656d-4ade-92be-004a921408cc:c3621]
2019-08-06 03:26:33,493 INFO  client.GrpcClientProtocolClient (GrpcClientProtocolClient.java:onNext(255)) - client-9DC82E534C87->980d9c0c-33ac-4a22-b481-33b8b1eac469: receive RaftClientReply:client-9DC82E534C87->980d9c0c-33ac-4a22-b481-33b8b1eac469@group-23022C6A558E, cid=2443, SUCCESS, logIndex=3624, commits[980d9c0c-33ac-4a22-b481-33b8b1eac469:c3625, e00ee311-0ce1-4115-b4c1-69648d9d3094:c3621, bb9367ec-656d-4ade-92be-004a921408cc:c3621]
2019-08-06 03:26:33,493 INFO  client.GrpcClientProtocolClient (GrpcClientProtocolClient.java:onNext(255)) - client-9DC82E534C87->980d9c0c-33ac-4a22-b481-33b8b1eac469: receive RaftClientReply:client-9DC82E534C87->980d9c0c-33ac-4a22-b481-33b8b1eac469@group-23022C6A558E, cid=2444, SUCCESS, logIndex=3625, commits[980d9c0c-33ac-4a22-b481-33b8b1eac469:c3625, e00ee311-0ce1-4115-b4c1-69648d9d3094:c3621, bb9367ec-656d-4ade-92be-004a921408cc:c3621]
2019-08-06 03:26:33,496 INFO  client.GrpcClientProtocolClient (GrpcClientProtocolClient.java:onNext(255)) - client-9DC82E534C87->980d9c0c-33ac-4a22-b481-33b8b1eac469: receive RaftClientReply:client-9DC82E534C87->980d9c0c-33ac-4a22-b481-33b8b1eac469@group-23022C6A558E, cid=2445, SUCCESS, logIndex=0, commits[980d9c0c-33ac-4a22-b481-33b8b1eac469:c3627, e00ee311-0ce1-4115-b4c1-69648d9d3094:c3623, bb9367ec-656d-4ade-92be-004a921408cc:c3623]
2019-08-06 03:26:33,508 INFO  client.GrpcClientProtocolClient (GrpcClientProtocolClient.java:onNext(255)) - client-9DC82E534C87->980d9c0c-33ac-4a22-b481-33b8b1eac469: receive RaftClientReply:client-9DC82E534C87->980d9c0c-33ac-4a22-b481-33b8b1eac469@group-23022C6A558E, cid=2446, SUCCESS, logIndex=3630, commits[980d9c0c-33ac-4a22-b481-33b8b1eac469:c3631, e00ee311-0ce1-4115-b4c1-69648d9d3094:c3627, bb9367ec-656d-4ade-92be-004a921408cc:c3625]
2019-08-06 03:26:33,509 INFO  client.GrpcClientProtocolClient (GrpcClientProtocolClient.java:onNext(255)) - client-9DC82E534C87->980d9c0c-33ac-4a22-b481-33b8b1eac469: receive RaftClientReply:client-9DC82E534C87->980d9c0c-33ac-4a22-b481-33b8b1eac469@group-23022C6A558E, cid=2447, SUCCESS, logIndex=3631, commits[980d9c0c-33ac-4a22-b481-33b8b1eac469:c3631, e00ee311-0ce1-4115-b4c1-69648d9d3094:c3627, bb9367ec-656d-4ade-92be-004a921408cc:c3627]
2019-08-06 03:26:33,528 INFO  client.GrpcClientProtocolClient (GrpcClientProtocolClient.java:onNext(255)) - client-9DC82E534C87->980d9c0c-33ac-4a22-b481-33b8b1eac469: receive RaftClientReply:client-9DC82E534C87->980d9c0c-33ac-4a22-b481-33b8b1eac469@group-23022C6A558E, cid=2448, SUCCESS, logIndex=3634, commits[980d9c0c-33ac-4a22-b481-33b8b1eac469:c3635, e00ee311-0ce1-4115-b4c1-69648d9d3094:c3633, bb9367ec-656d-4ade-92be-004a921408cc:c3633]
2019-08-06 03:26:33,529 INFO  client.GrpcClientProtocolClient (GrpcClientProtocolClient.java:onNext(255)) - client-9DC82E534C87->980d9c0c-33ac-4a22-b481-33b8b1eac469: receive RaftClientReply:client-9DC82E534C87->980d9c0c-33ac-4a22-b481-33b8b1eac469@group-23022C6A558E, cid=2449, SUCCESS, logIndex=3635, commits[980d9c0c-33ac-4a22-b481-33b8b1eac469:c3635, e00ee311-0ce1-4115-b4c1-69648d9d3094:c3633, bb9367ec-656d-4ade-92be-004a921408cc:c3633]
2019-08-06 03:26:33,543 INFO  client.GrpcClientProtocolClient (GrpcClientProtocolClient.java:onNext(255)) - client-9DC82E534C87->980d9c0c-33ac-4a22-b481-33b8b1eac469: receive RaftClientReply:client-9DC82E534C87->980d9c0c-33ac-4a22-b481-33b8b1eac469@group-23022C6A558E, cid=2450, SUCCESS, logIndex=0, commits[980d9c0c-33ac-4a22-b481-33b8b1eac469:c3637, e00ee311-0ce1-4115-b4c1-69648d9d3094:c3635, bb9367ec-656d-4ade-92be-004a921408cc:c3635]
2019-08-06 03:26:33,663 INFO  client.GrpcClientProtocolClient (GrpcClientProtocolClient.java:onNext(255)) - client-9DC82E534C87->980d9c0c-33ac-4a22-b481-33b8b1eac469: receive RaftClientReply:client-9DC82E534C87->980d9c0c-33ac-4a22-b481-33b8b1eac469@group-23022C6A558E, cid=2451, SUCCESS, logIndex=3638, commits[980d9c0c-33ac-4a22-b481-33b8b1eac469:c3639, e00ee311-0ce1-4115-b4c1-69648d9d3094:c3637, bb9367ec-656d-4ade-92be-004a921408cc:c3637]
2019-08-06 03:26:33,663 INFO  client.GrpcClientProtocolClient (GrpcClientProtocolClient.java:onNext(255)) - client-9DC82E534C87->980d9c0c-33ac-4a22-b481-33b8b1eac469: receive RaftClientReply:client-9DC82E534C87->980d9c0c-33ac-4a22-b481-33b8b1eac469@group-23022C6A558E, cid=2452, SUCCESS, logIndex=3639, commits[980d9c0c-33ac-4a22-b481-33b8b1eac469:c3640, e00ee311-0ce1-4115-b4c1-69648d9d3094:c3637, bb9367ec-656d-4ade-92be-004a921408cc:c3637]
2019-08-06 03:26:33,664 INFO  client.GrpcClientProtocolClient (GrpcClientProtocolClient.java:onNext(255)) - client-9DC82E534C87->980d9c0c-33ac-4a22-b481-33b8b1eac469: receive RaftClientReply:client-9DC82E534C87->980d9c0c-33ac-4a22-b481-33b8b1eac469@group-23022C6A558E, cid=2453, SUCCESS, logIndex=3640, commits[980d9c0c-33ac-4a22-b481-33b8b1eac469:c3641, e00ee311-0ce1-4115-b4c1-69648d9d3094:c3637, bb9367ec-656d-4ade-92be-004a921408cc:c3637]
2019-08-06 03:26:33,664 INFO  client.GrpcClientProtocolClient (GrpcClientProtocolClient.java:onNext(255)) - client-9DC82E534C87->980d9c0c-33ac-4a22-b481-33b8b1eac469: receive RaftClientReply:client-9DC82E534C87->980d9c0c-33ac-4a22-b481-33b8b1eac469@group-23022C6A558E, cid=2454, SUCCESS, logIndex=3641, commits[980d9c0c-33ac-4a22-b481-33b8b1eac469:c3641, e00ee311-0ce1-4115-b4c1-69648d9d3094:c3637, bb9367ec-656d-4ade-92be-004a921408cc:c3637]
2019-08-06 03:26:33,676 INFO  client.GrpcClientProtocolClient (GrpcClientProtocolClient.java:onNext(255)) - client-9DC82E534C87->980d9c0c-33ac-4a22-b481-33b8b1eac469: receive RaftClientReply:client-9DC82E534C87->980d9c0c-33ac-4a22-b481-33b8b1eac469@group-23022C6A558E, cid=2455, SUCCESS, logIndex=0, commits[980d9c0c-33ac-4a22-b481-33b8b1eac469:c3643, e00ee311-0ce1-4115-b4c1-69648d9d3094:c3639, bb9367ec-656d-4ade-92be-004a921408cc:c3639]
2019-08-06 03:26:33,707 INFO  client.GrpcClientProtocolClient (GrpcClientProtocolClient.java:onNext(255)) - client-9DC82E534C87->980d9c0c-33ac-4a22-b481-33b8b1eac469: receive RaftClientReply:client-9DC82E534C87->980d9c0c-33ac-4a22-b481-33b8b1eac469@group-23022C6A558E, cid=2456, SUCCESS, logIndex=3646, commits[980d9c0c-33ac-4a22-b481-33b8b1eac469:c3647, e00ee311-0ce1-4115-b4c1-69648d9d3094:c3645, bb9367ec-656d-4ade-92be-004a921408cc:c3645]
2019-08-06 03:26:33,707 INFO  client.GrpcClientProtocolClient (GrpcClientProtocolClient.java:onNext(255)) - client-9DC82E534C87->980d9c0c-33ac-4a22-b481-33b8b1eac469: receive RaftClientReply:client-9DC82E534C87->980d9c0c-33ac-4a22-b481-33b8b1eac469@group-23022C6A558E, cid=2457, SUCCESS, logIndex=3647, commits[980d9c0c-33ac-4a22-b481-33b8b1eac469:c3647, e00ee311-0ce1-4115-b4c1-69648d9d3094:c3645, bb9367ec-656d-4ade-92be-004a921408cc:c3645]
2019-08-06 03:26:33,735 INFO  client.GrpcClientProtocolClient (GrpcClientProtocolClient.java:onNext(255)) - client-9DC82E534C87->980d9c0c-33ac-4a22-b481-33b8b1eac469: receive RaftClientReply:client-9DC82E534C87->980d9c0c-33ac-4a22-b481-33b8b1eac469@group-23022C6A558E, cid=2458, SUCCESS, logIndex=3650, commits[980d9c0c-33ac-4a22-b481-33b8b1eac469:c3651, e00ee311-0ce1-4115-b4c1-69648d9d3094:c3647, bb9367ec-656d-4ade-92be-004a921408cc:c3646]
2019-08-06 03:26:33,736 INFO  client.GrpcClientProtocolClient (GrpcClientProtocolClient.java:onNext(255)) - client-9DC82E534C87->980d9c0c-33ac-4a22-b481-33b8b1eac469: receive RaftClientReply:client-9DC82E534C87->980d9c0c-33ac-4a22-b481-33b8b1eac469@group-23022C6A558E, cid=2459, SUCCESS, logIndex=3651, commits[980d9c0c-33ac-4a22-b481-33b8b1eac469:c3651, e00ee311-0ce1-4115-b4c1-69648d9d3094:c3647, bb9367ec-656d-4ade-92be-004a921408cc:c3647]
2019-08-06 03:26:33,749 INFO  client.GrpcClientProtocolClient (GrpcClientProtocolClient.java:onNext(255)) - client-9DC82E534C87->980d9c0c-33ac-4a22-b481-33b8b1eac469: receive RaftClientReply:client-9DC82E534C87->980d9c0c-33ac-4a22-b481-33b8b1eac469@group-23022C6A558E, cid=2460, SUCCESS, logIndex=0, commits[980d9c0c-33ac-4a22-b481-33b8b1eac469:c3653, e00ee311-0ce1-4115-b4c1-69648d9d3094:c3651, bb9367ec-656d-4ade-92be-004a921408cc:c3651]
2019-08-06 03:26:33,782 INFO  client.GrpcClientProtocolClient (GrpcClientProtocolClient.java:onNext(255)) - client-9DC82E534C87->980d9c0c-33ac-4a22-b481-33b8b1eac469: receive RaftClientReply:client-9DC82E534C87->980d9c0c-33ac-4a22-b481-33b8b1eac469@group-23022C6A558E, cid=2461, SUCCESS, logIndex=3654, commits[980d9c0c-33ac-4a22-b481-33b8b1eac469:c3655, e00ee311-0ce1-4115-b4c1-69648d9d3094:c3653, bb9367ec-656d-4ade-92be-004a921408cc:c3653]
2019-08-06 03:26:33,783 INFO  client.GrpcClientProtocolClient (GrpcClientProtocolClient.java:onNext(255)) - client-9DC82E534C87->980d9c0c-33ac-4a22-b481-33b8b1eac469: receive RaftClientReply:client-9DC82E534C87->980d9c0c-33ac-4a22-b481-33b8b1eac469@group-23022C6A558E, cid=2462, SUCCESS, logIndex=3655, commits[980d9c0c-33ac-4a22-b481-33b8b1eac469:c3657, e00ee311-0ce1-4115-b4c1-69648d9d3094:c3653, bb9367ec-656d-4ade-92be-004a921408cc:c3653]
2019-08-06 03:26:33,783 INFO  client.GrpcClientProtocolClient (GrpcClientProtocolClient.java:onNext(255)) - client-9DC82E534C87->980d9c0c-33ac-4a22-b481-33b8b1eac469: receive RaftClientReply:client-9DC82E534C87->980d9c0c-33ac-4a22-b481-33b8b1eac469@group-23022C6A558E, cid=2463, SUCCESS, logIndex=3656, commits[980d9c0c-33ac-4a22-b481-33b8b1eac469:c3657, e00ee311-0ce1-4115-b4c1-69648d9d3094:c3653, bb9367ec-656d-4ade-92be-004a921408cc:c3653]
2019-08-06 03:26:33,783 INFO  client.GrpcClientProtocolClient (GrpcClientProtocolClient.java:onNext(255)) - client-9DC82E534C87->980d9c0c-33ac-4a22-b481-33b8b1eac469: receive RaftClientReply:client-9DC82E534C87->980d9c0c-33ac-4a22-b481-33b8b1eac469@group-23022C6A558E, cid=2464, SUCCESS, logIndex=3657, commits[980d9c0c-33ac-4a22-b481-33b8b1eac469:c3657, e00ee311-0ce1-4115-b4c1-69648d9d3094:c3653, bb9367ec-656d-4ade-92be-004a921408cc:c3653]
2019-08-06 03:26:33,796 INFO  client.GrpcClientProtocolClient (GrpcClientProtocolClient.java:onNext(255)) - client-9DC82E534C87->980d9c0c-33ac-4a22-b481-33b8b1eac469: receive RaftClientReply:client-9DC82E534C87->980d9c0c-33ac-4a22-b481-33b8b1eac469@group-23022C6A558E, cid=2465, SUCCESS, logIndex=0, commits[980d9c0c-33ac-4a22-b481-33b8b1eac469:c3659, e00ee311-0ce1-4115-b4c1-69648d9d3094:c3655, bb9367ec-656d-4ade-92be-004a921408cc:c3655]
2019-08-06 03:26:33,817 INFO  client.GrpcClientProtocolClient (GrpcClientProtocolClient.java:onNext(255)) - client-9DC82E534C87->980d9c0c-33ac-4a22-b481-33b8b1eac469: receive RaftClientReply:client-9DC82E534C87->980d9c0c-33ac-4a22-b481-33b8b1eac469@group-23022C6A558E, cid=2466, SUCCESS, logIndex=3662, commits[980d9c0c-33ac-4a22-b481-33b8b1eac469:c3663, e00ee311-0ce1-4115-b4c1-69648d9d3094:c3661, bb9367ec-656d-4ade-92be-004a921408cc:c3661]
2019-08-06 03:26:33,818 INFO  client.GrpcClientProtocolClient (GrpcClientProtocolClient.java:onNext(255)) - client-9DC82E534C87->980d9c0c-33ac-4a22-b481-33b8b1eac469: receive RaftClientReply:client-9DC82E534C87->980d9c0c-33ac-4a22-b481-33b8b1eac469@group-23022C6A558E, cid=2467, SUCCESS, logIndex=3663, commits[980d9c0c-33ac-4a22-b481-33b8b1eac469:c3663, e00ee311-0ce1-4115-b4c1-69648d9d3094:c3661, bb9367ec-656d-4ade-92be-004a921408cc:c3661]
2019-08-06 03:26:33,832 INFO  client.GrpcClientProtocolClient (GrpcClientProtocolClient.java:onNext(255)) - client-9DC82E534C87->980d9c0c-33ac-4a22-b481-33b8b1eac469: receive RaftClientReply:client-9DC82E534C87->980d9c0c-33ac-4a22-b481-33b8b1eac469@group-23022C6A558E, cid=2468, SUCCESS, logIndex=3666, commits[980d9c0c-33ac-4a22-b481-33b8b1eac469:c3667, e00ee311-0ce1-4115-b4c1-69648d9d3094:c3663, bb9367ec-656d-4ade-92be-004a921408cc:c3663]
2019-08-06 03:26:33,832 INFO  client.GrpcClientProtocolClient (GrpcClientProtocolClient.java:onNext(255)) - client-9DC82E534C87->980d9c0c-33ac-4a22-b481-33b8b1eac469: receive RaftClientReply:client-9DC82E534C87->980d9c0c-33ac-4a22-b481-33b8b1eac469@group-23022C6A558E, cid=2469, SUCCESS, logIndex=3667, commits[980d9c0c-33ac-4a22-b481-33b8b1eac469:c3667, e00ee311-0ce1-4115-b4c1-69648d9d3094:c3663, bb9367ec-656d-4ade-92be-004a921408cc:c3663]
2019-08-06 03:26:33,846 INFO  client.GrpcClientProtocolClient (GrpcClientProtocolClient.java:onNext(255)) - client-9DC82E534C87->980d9c0c-33ac-4a22-b481-33b8b1eac469: receive RaftClientReply:client-9DC82E534C87->980d9c0c-33ac-4a22-b481-33b8b1eac469@group-23022C6A558E, cid=2470, SUCCESS, logIndex=0, commits[980d9c0c-33ac-4a22-b481-33b8b1eac469:c3669, e00ee311-0ce1-4115-b4c1-69648d9d3094:c3667, bb9367ec-656d-4ade-92be-004a921408cc:c3667]
2019-08-06 03:26:33,877 INFO  client.GrpcClientProtocolClient (GrpcClientProtocolClient.java:onNext(255)) - client-9DC82E534C87->980d9c0c-33ac-4a22-b481-33b8b1eac469: receive RaftClientReply:client-9DC82E534C87->980d9c0c-33ac-4a22-b481-33b8b1eac469@group-23022C6A558E, cid=2471, SUCCESS, logIndex=3670, commits[980d9c0c-33ac-4a22-b481-33b8b1eac469:c3671, e00ee311-0ce1-4115-b4c1-69648d9d3094:c3669, bb9367ec-656d-4ade-92be-004a921408cc:c3669]
2019-08-06 03:26:33,877 INFO  client.GrpcClientProtocolClient (GrpcClientProtocolClient.java:onNext(255)) - client-9DC82E534C87->980d9c0c-33ac-4a22-b481-33b8b1eac469: receive RaftClientReply:client-9DC82E534C87->980d9c0c-33ac-4a22-b481-33b8b1eac469@group-23022C6A558E, cid=2472, SUCCESS, logIndex=3671, commits[980d9c0c-33ac-4a22-b481-33b8b1eac469:c3671, e00ee311-0ce1-4115-b4c1-69648d9d3094:c3669, bb9367ec-656d-4ade-92be-004a921408cc:c3669]
2019-08-06 03:26:33,888 INFO  client.GrpcClientProtocolClient (GrpcClientProtocolClient.java:onNext(255)) - client-9DC82E534C87->980d9c0c-33ac-4a22-b481-33b8b1eac469: receive RaftClientReply:client-9DC82E534C87->980d9c0c-33ac-4a22-b481-33b8b1eac469@group-23022C6A558E, cid=2473, SUCCESS, logIndex=3672, commits[980d9c0c-33ac-4a22-b481-33b8b1eac469:c3673, e00ee311-0ce1-4115-b4c1-69648d9d3094:c3669, bb9367ec-656d-4ade-92be-004a921408cc:c3669]
2019-08-06 03:26:33,888 INFO  client.GrpcClientProtocolClient (GrpcClientProtocolClient.java:onNext(255)) - client-9DC82E534C87->980d9c0c-33ac-4a22-b481-33b8b1eac469: receive RaftClientReply:client-9DC82E534C87->980d9c0c-33ac-4a22-b481-33b8b1eac469@group-23022C6A558E, cid=2474, SUCCESS, logIndex=3673, commits[980d9c0c-33ac-4a22-b481-33b8b1eac469:c3673, e00ee311-0ce1-4115-b4c1-69648d9d3094:c3669, bb9367ec-656d-4ade-92be-004a921408cc:c3669]
2019-08-06 03:26:33,889 INFO  client.GrpcClientProtocolClient (GrpcClientProtocolClient.java:onNext(255)) - client-9DC82E534C87->980d9c0c-33ac-4a22-b481-33b8b1eac469: receive RaftClientReply:client-9DC82E534C87->980d9c0c-33ac-4a22-b481-33b8b1eac469@group-23022C6A558E, cid=2475, SUCCESS, logIndex=0, commits[980d9c0c-33ac-4a22-b481-33b8b1eac469:c3675, e00ee311-0ce1-4115-b4c1-69648d9d3094:c3671, bb9367ec-656d-4ade-92be-004a921408cc:c3671]
2019-08-06 03:26:33,909 INFO  client.GrpcClientProtocolClient (GrpcClientProtocolClient.java:onNext(255)) - client-9DC82E534C87->980d9c0c-33ac-4a22-b481-33b8b1eac469: receive RaftClientReply:client-9DC82E534C87->980d9c0c-33ac-4a22-b481-33b8b1eac469@group-23022C6A558E, cid=2476, SUCCESS, logIndex=3678, commits[980d9c0c-33ac-4a22-b481-33b8b1eac469:c3679, e00ee311-0ce1-4115-b4c1-69648d9d3094:c3677, bb9367ec-656d-4ade-92be-004a921408cc:c3677]
2019-08-06 03:26:33,910 INFO  client.GrpcClientProtocolClient (GrpcClientProtocolClient.java:onNext(255)) - client-9DC82E534C87->980d9c0c-33ac-4a22-b481-33b8b1eac469: receive RaftClientReply:client-9DC82E534C87->980d9c0c-33ac-4a22-b481-33b8b1eac469@group-23022C6A558E, cid=2477, SUCCESS, logIndex=3679, commits[980d9c0c-33ac-4a22-b481-33b8b1eac469:c3679, e00ee311-0ce1-4115-b4c1-69648d9d3094:c3677, bb9367ec-656d-4ade-92be-004a921408cc:c3677]
2019-08-06 03:26:33,934 INFO  client.GrpcClientProtocolClient (GrpcClientProtocolClient.java:onNext(255)) - client-9DC82E534C87->980d9c0c-33ac-4a22-b481-33b8b1eac469: receive RaftClientReply:client-9DC82E534C87->980d9c0c-33ac-4a22-b481-33b8b1eac469@group-23022C6A558E, cid=2478, SUCCESS, logIndex=3682, commits[980d9c0c-33ac-4a22-b481-33b8b1eac469:c3683, e00ee311-0ce1-4115-b4c1-69648d9d3094:c3678, bb9367ec-656d-4ade-92be-004a921408cc:c3679]
2019-08-06 03:26:33,935 INFO  client.GrpcClientProtocolClient (GrpcClientProtocolClient.java:onNext(255)) - client-9DC82E534C87->980d9c0c-33ac-4a22-b481-33b8b1eac469: receive RaftClientReply:client-9DC82E534C87->980d9c0c-33ac-4a22-b481-33b8b1eac469@group-23022C6A558E, cid=2479, SUCCESS, logIndex=3683, commits[980d9c0c-33ac-4a22-b481-33b8b1eac469:c3683, e00ee311-0ce1-4115-b4c1-69648d9d3094:c3679, bb9367ec-656d-4ade-92be-004a921408cc:c3679]
2019-08-06 03:26:33,945 INFO  client.GrpcClientProtocolClient (GrpcClientProtocolClient.java:onNext(255)) - client-9DC82E534C87->980d9c0c-33ac-4a22-b481-33b8b1eac469: receive RaftClientReply:client-9DC82E534C87->980d9c0c-33ac-4a22-b481-33b8b1eac469@group-23022C6A558E, cid=2480, SUCCESS, logIndex=0, commits[980d9c0c-33ac-4a22-b481-33b8b1eac469:c3685, e00ee311-0ce1-4115-b4c1-69648d9d3094:c3683, bb9367ec-656d-4ade-92be-004a921408cc:c3683]
2019-08-06 03:26:33,975 INFO  client.GrpcClientProtocolClient (GrpcClientProtocolClient.java:onNext(255)) - client-9DC82E534C87->980d9c0c-33ac-4a22-b481-33b8b1eac469: receive RaftClientReply:client-9DC82E534C87->980d9c0c-33ac-4a22-b481-33b8b1eac469@group-23022C6A558E, cid=2481, SUCCESS, logIndex=3686, commits[980d9c0c-33ac-4a22-b481-33b8b1eac469:c3687, e00ee311-0ce1-4115-b4c1-69648d9d3094:c3685, bb9367ec-656d-4ade-92be-004a921408cc:c3685]
2019-08-06 03:26:33,975 INFO  client.GrpcClientProtocolClient (GrpcClientProtocolClient.java:onNext(255)) - client-9DC82E534C87->980d9c0c-33ac-4a22-b481-33b8b1eac469: receive RaftClientReply:client-9DC82E534C87->980d9c0c-33ac-4a22-b481-33b8b1eac469@group-23022C6A558E, cid=2482, SUCCESS, logIndex=3687, commits[980d9c0c-33ac-4a22-b481-33b8b1eac469:c3689, e00ee311-0ce1-4115-b4c1-69648d9d3094:c3685, bb9367ec-656d-4ade-92be-004a921408cc:c3685]
2019-08-06 03:26:33,976 INFO  client.GrpcClientProtocolClient (GrpcClientProtocolClient.java:onNext(255)) - client-9DC82E534C87->980d9c0c-33ac-4a22-b481-33b8b1eac469: receive RaftClientReply:client-9DC82E534C87->980d9c0c-33ac-4a22-b481-33b8b1eac469@group-23022C6A558E, cid=2483, SUCCESS, logIndex=3688, commits[980d9c0c-33ac-4a22-b481-33b8b1eac469:c3689, e00ee311-0ce1-4115-b4c1-69648d9d3094:c3685, bb9367ec-656d-4ade-92be-004a921408cc:c3685]
2019-08-06 03:26:33,976 INFO  client.GrpcClientProtocolClient (GrpcClientProtocolClient.java:onNext(255)) - client-9DC82E534C87->980d9c0c-33ac-4a22-b481-33b8b1eac469: receive RaftClientReply:client-9DC82E534C87->980d9c0c-33ac-4a22-b481-33b8b1eac469@group-23022C6A558E, cid=2484, SUCCESS, logIndex=3689, commits[980d9c0c-33ac-4a22-b481-33b8b1eac469:c3689, e00ee311-0ce1-4115-b4c1-69648d9d3094:c3685, bb9367ec-656d-4ade-92be-004a921408cc:c3685]
2019-08-06 03:26:33,977 INFO  client.GrpcClientProtocolClient (GrpcClientProtocolClient.java:onNext(255)) - client-9DC82E534C87->980d9c0c-33ac-4a22-b481-33b8b1eac469: receive RaftClientReply:client-9DC82E534C87->980d9c0c-33ac-4a22-b481-33b8b1eac469@group-23022C6A558E, cid=2485, SUCCESS, logIndex=0, commits[980d9c0c-33ac-4a22-b481-33b8b1eac469:c3693, e00ee311-0ce1-4115-b4c1-69648d9d3094:c3689, bb9367ec-656d-4ade-92be-004a921408cc:c3689]
2019-08-06 03:26:33,996 INFO  client.GrpcClientProtocolClient (GrpcClientProtocolClient.java:onNext(255)) - client-9DC82E534C87->980d9c0c-33ac-4a22-b481-33b8b1eac469: receive RaftClientReply:client-9DC82E534C87->980d9c0c-33ac-4a22-b481-33b8b1eac469@group-23022C6A558E, cid=2486, SUCCESS, logIndex=3694, commits[980d9c0c-33ac-4a22-b481-33b8b1eac469:c3695, e00ee311-0ce1-4115-b4c1-69648d9d3094:c3693, bb9367ec-656d-4ade-92be-004a921408cc:c3693]
2019-08-06 03:26:33,996 INFO  client.GrpcClientProtocolClient (GrpcClientProtocolClient.java:onNext(255)) - client-9DC82E534C87->980d9c0c-33ac-4a22-b481-33b8b1eac469: receive RaftClientReply:client-9DC82E534C87->980d9c0c-33ac-4a22-b481-33b8b1eac469@group-23022C6A558E, cid=2487, SUCCESS, logIndex=3695, commits[980d9c0c-33ac-4a22-b481-33b8b1eac469:c3695, e00ee311-0ce1-4115-b4c1-69648d9d3094:c3693, bb9367ec-656d-4ade-92be-004a921408cc:c3693]
2019-08-06 03:26:34,011 INFO  client.GrpcClientProtocolClient (GrpcClientProtocolClient.java:onNext(255)) - client-9DC82E534C87->980d9c0c-33ac-4a22-b481-33b8b1eac469: receive RaftClientReply:client-9DC82E534C87->980d9c0c-33ac-4a22-b481-33b8b1eac469@group-23022C6A558E, cid=2488, SUCCESS, logIndex=3698, commits[980d9c0c-33ac-4a22-b481-33b8b1eac469:c3699, e00ee311-0ce1-4115-b4c1-69648d9d3094:c3695, bb9367ec-656d-4ade-92be-004a921408cc:c3695]
2019-08-06 03:26:34,011 INFO  client.GrpcClientProtocolClient (GrpcClientProtocolClient.java:onNext(255)) - client-9DC82E534C87->980d9c0c-33ac-4a22-b481-33b8b1eac469: receive RaftClientReply:client-9DC82E534C87->980d9c0c-33ac-4a22-b481-33b8b1eac469@group-23022C6A558E, cid=2489, SUCCESS, logIndex=3699, commits[980d9c0c-33ac-4a22-b481-33b8b1eac469:c3699, e00ee311-0ce1-4115-b4c1-69648d9d3094:c3695, bb9367ec-656d-4ade-92be-004a921408cc:c3695]
2019-08-06 03:26:34,025 INFO  client.GrpcClientProtocolClient (GrpcClientProtocolClient.java:onNext(255)) - client-9DC82E534C87->980d9c0c-33ac-4a22-b481-33b8b1eac469: receive RaftClientReply:client-9DC82E534C87->980d9c0c-33ac-4a22-b481-33b8b1eac469@group-23022C6A558E, cid=2490, SUCCESS, logIndex=0, commits[980d9c0c-33ac-4a22-b481-33b8b1eac469:c3701, e00ee311-0ce1-4115-b4c1-69648d9d3094:c3699, bb9367ec-656d-4ade-92be-004a921408cc:c3699]
2019-08-06 03:26:34,053 INFO  client.GrpcClientProtocolClient (GrpcClientProtocolClient.java:onNext(255)) - client-9DC82E534C87->980d9c0c-33ac-4a22-b481-33b8b1eac469: receive RaftClientReply:client-9DC82E534C87->980d9c0c-33ac-4a22-b481-33b8b1eac469@group-23022C6A558E, cid=2491, SUCCESS, logIndex=3702, commits[980d9c0c-33ac-4a22-b481-33b8b1eac469:c3703, e00ee311-0ce1-4115-b4c1-69648d9d3094:c3701, bb9367ec-656d-4ade-92be-004a921408cc:c3701]
2019-08-06 03:26:34,054 INFO  client.GrpcClientProtocolClient (GrpcClientProtocolClient.java:onNext(255)) - client-9DC82E534C87->980d9c0c-33ac-4a22-b481-33b8b1eac469: receive RaftClientReply:client-9DC82E534C87->980d9c0c-33ac-4a22-b481-33b8b1eac469@group-23022C6A558E, cid=2492, SUCCESS, logIndex=3703, commits[980d9c0c-33ac-4a22-b481-33b8b1eac469:c3705, e00ee311-0ce1-4115-b4c1-69648d9d3094:c3701, bb9367ec-656d-4ade-92be-004a921408cc:c3701]
2019-08-06 03:26:34,054 INFO  client.GrpcClientProtocolClient (GrpcClientProtocolClient.java:onNext(255)) - client-9DC82E534C87->980d9c0c-33ac-4a22-b481-33b8b1eac469: receive RaftClientReply:client-9DC82E534C87->980d9c0c-33ac-4a22-b481-33b8b1eac469@group-23022C6A558E, cid=2493, SUCCESS, logIndex=3704, commits[980d9c0c-33ac-4a22-b481-33b8b1eac469:c3705, e00ee311-0ce1-4115-b4c1-69648d9d3094:c3701, bb9367ec-656d-4ade-92be-004a921408cc:c3701]
2019-08-06 03:26:34,054 INFO  client.GrpcClientProtocolClient (GrpcClientProtocolClient.java:onNext(255)) - client-9DC82E534C87->980d9c0c-33ac-4a22-b481-33b8b1eac469: receive RaftClientReply:client-9DC82E534C87->980d9c0c-33ac-4a22-b481-33b8b1eac469@group-23022C6A558E, cid=2494, SUCCESS, logIndex=3705, commits[980d9c0c-33ac-4a22-b481-33b8b1eac469:c3705, e00ee311-0ce1-4115-b4c1-69648d9d3094:c3701, bb9367ec-656d-4ade-92be-004a921408cc:c3701]
2019-08-06 03:26:34,067 INFO  client.GrpcClientProtocolClient (GrpcClientProtocolClient.java:onNext(255)) - client-9DC82E534C87->980d9c0c-33ac-4a22-b481-33b8b1eac469: receive RaftClientReply:client-9DC82E534C87->980d9c0c-33ac-4a22-b481-33b8b1eac469@group-23022C6A558E, cid=2495, SUCCESS, logIndex=0, commits[980d9c0c-33ac-4a22-b481-33b8b1eac469:c3706, e00ee311-0ce1-4115-b4c1-69648d9d3094:c3703, bb9367ec-656d-4ade-92be-004a921408cc:c3703]
2019-08-06 03:26:34,087 INFO  client.GrpcClientProtocolClient (GrpcClientProtocolClient.java:onNext(255)) - client-9DC82E534C87->980d9c0c-33ac-4a22-b481-33b8b1eac469: receive RaftClientReply:client-9DC82E534C87->980d9c0c-33ac-4a22-b481-33b8b1eac469@group-23022C6A558E, cid=2496, SUCCESS, logIndex=3710, commits[980d9c0c-33ac-4a22-b481-33b8b1eac469:c3711, e00ee311-0ce1-4115-b4c1-69648d9d3094:c3709, bb9367ec-656d-4ade-92be-004a921408cc:c3709]
2019-08-06 03:26:34,087 INFO  client.GrpcClientProtocolClient (GrpcClientProtocolClient.java:onNext(255)) - client-9DC82E534C87->980d9c0c-33ac-4a22-b481-33b8b1eac469: receive RaftClientReply:client-9DC82E534C87->980d9c0c-33ac-4a22-b481-33b8b1eac469@group-23022C6A558E, cid=2497, SUCCESS, logIndex=3711, commits[980d9c0c-33ac-4a22-b481-33b8b1eac469:c3711, e00ee311-0ce1-4115-b4c1-69648d9d3094:c3709, bb9367ec-656d-4ade-92be-004a921408cc:c3709]
2019-08-06 03:26:34,103 INFO  client.GrpcClientProtocolClient (GrpcClientProtocolClient.java:onNext(255)) - client-9DC82E534C87->980d9c0c-33ac-4a22-b481-33b8b1eac469: receive RaftClientReply:client-9DC82E534C87->980d9c0c-33ac-4a22-b481-33b8b1eac469@group-23022C6A558E, cid=2498, SUCCESS, logIndex=3714, commits[980d9c0c-33ac-4a22-b481-33b8b1eac469:c3715, e00ee311-0ce1-4115-b4c1-69648d9d3094:c3710, bb9367ec-656d-4ade-92be-004a921408cc:c3711]
2019-08-06 03:26:34,103 INFO  client.GrpcClientProtocolClient (GrpcClientProtocolClient.java:onNext(255)) - client-9DC82E534C87->980d9c0c-33ac-4a22-b481-33b8b1eac469: receive RaftClientReply:client-9DC82E534C87->980d9c0c-33ac-4a22-b481-33b8b1eac469@group-23022C6A558E, cid=2499, SUCCESS, logIndex=3715, commits[980d9c0c-33ac-4a22-b481-33b8b1eac469:c3715, e00ee311-0ce1-4115-b4c1-69648d9d3094:c3710, bb9367ec-656d-4ade-92be-004a921408cc:c3711]
2019-08-06 03:26:34,118 INFO  client.GrpcClientProtocolClient (GrpcClientProtocolClient.java:onNext(255)) - client-9DC82E534C87->980d9c0c-33ac-4a22-b481-33b8b1eac469: receive RaftClientReply:client-9DC82E534C87->980d9c0c-33ac-4a22-b481-33b8b1eac469@group-23022C6A558E, cid=2500, SUCCESS, logIndex=0, commits[980d9c0c-33ac-4a22-b481-33b8b1eac469:c3717, e00ee311-0ce1-4115-b4c1-69648d9d3094:c3711, bb9367ec-656d-4ade-92be-004a921408cc:c3715]
2019-08-06 03:26:34,129 INFO  client.GrpcClientProtocolClient (GrpcClientProtocolClient.java:onNext(255)) - client-9DC82E534C87->980d9c0c-33ac-4a22-b481-33b8b1eac469: receive RaftClientReply:client-9DC82E534C87->980d9c0c-33ac-4a22-b481-33b8b1eac469@group-23022C6A558E, cid=2501, SUCCESS, logIndex=0, commits[980d9c0c-33ac-4a22-b481-33b8b1eac469:c3717, e00ee311-0ce1-4115-b4c1-69648d9d3094:c3715, bb9367ec-656d-4ade-92be-004a921408cc:c3715]
2019-08-06 03:26:34,158 INFO  client.GrpcClientProtocolClient (GrpcClientProtocolClient.java:onNext(255)) - client-9DC82E534C87->980d9c0c-33ac-4a22-b481-33b8b1eac469: receive RaftClientReply:client-9DC82E534C87->980d9c0c-33ac-4a22-b481-33b8b1eac469@group-23022C6A558E, cid=2502, SUCCESS, logIndex=3718, commits[980d9c0c-33ac-4a22-b481-33b8b1eac469:c3719, e00ee311-0ce1-4115-b4c1-69648d9d3094:c3717, bb9367ec-656d-4ade-92be-004a921408cc:c3717]
2019-08-06 03:26:34,158 INFO  client.GrpcClientProtocolClient (GrpcClientProtocolClient.java:onNext(255)) - client-9DC82E534C87->980d9c0c-33ac-4a22-b481-33b8b1eac469: receive RaftClientReply:client-9DC82E534C87->980d9c0c-33ac-4a22-b481-33b8b1eac469@group-23022C6A558E, cid=2503, SUCCESS, logIndex=3719, commits[980d9c0c-33ac-4a22-b481-33b8b1eac469:c3720, e00ee311-0ce1-4115-b4c1-69648d9d3094:c3717, bb9367ec-656d-4ade-92be-004a921408cc:c3717]
2019-08-06 03:26:34,159 INFO  client.GrpcClientProtocolClient (GrpcClientProtocolClient.java:onNext(255)) - client-9DC82E534C87->980d9c0c-33ac-4a22-b481-33b8b1eac469: receive RaftClientReply:client-9DC82E534C87->980d9c0c-33ac-4a22-b481-33b8b1eac469@group-23022C6A558E, cid=2504, SUCCESS, logIndex=3720, commits[980d9c0c-33ac-4a22-b481-33b8b1eac469:c3721, e00ee311-0ce1-4115-b4c1-69648d9d3094:c3717, bb9367ec-656d-4ade-92be-004a921408cc:c3717]
2019-08-06 03:26:34,159 INFO  client.GrpcClientProtocolClient (GrpcClientProtocolClient.java:onNext(255)) - client-9DC82E534C87->980d9c0c-33ac-4a22-b481-33b8b1eac469: receive RaftClientReply:client-9DC82E534C87->980d9c0c-33ac-4a22-b481-33b8b1eac469@group-23022C6A558E, cid=2505, SUCCESS, logIndex=3721, commits[980d9c0c-33ac-4a22-b481-33b8b1eac469:c3721, e00ee311-0ce1-4115-b4c1-69648d9d3094:c3717, bb9367ec-656d-4ade-92be-004a921408cc:c3717]
2019-08-06 03:26:34,161 INFO  client.GrpcClientProtocolClient (GrpcClientProtocolClient.java:onNext(255)) - client-9DC82E534C87->980d9c0c-33ac-4a22-b481-33b8b1eac469: receive RaftClientReply:client-9DC82E534C87->980d9c0c-33ac-4a22-b481-33b8b1eac469@group-23022C6A558E, cid=2506, SUCCESS, logIndex=0, commits[980d9c0c-33ac-4a22-b481-33b8b1eac469:c3723, e00ee311-0ce1-4115-b4c1-69648d9d3094:c3719, bb9367ec-656d-4ade-92be-004a921408cc:c3719]
2019-08-06 03:26:34,186 INFO  client.GrpcClientProtocolClient (GrpcClientProtocolClient.java:onNext(255)) - client-9DC82E534C87->980d9c0c-33ac-4a22-b481-33b8b1eac469: receive RaftClientReply:client-9DC82E534C87->980d9c0c-33ac-4a22-b481-33b8b1eac469@group-23022C6A558E, cid=2507, SUCCESS, logIndex=3726, commits[980d9c0c-33ac-4a22-b481-33b8b1eac469:c3727, e00ee311-0ce1-4115-b4c1-69648d9d3094:c3725, bb9367ec-656d-4ade-92be-004a921408cc:c3721]
2019-08-06 03:26:34,187 INFO  client.GrpcClientProtocolClient (GrpcClientProtocolClient.java:onNext(255)) - client-9DC82E534C87->980d9c0c-33ac-4a22-b481-33b8b1eac469: receive RaftClientReply:client-9DC82E534C87->980d9c0c-33ac-4a22-b481-33b8b1eac469@group-23022C6A558E, cid=2508, SUCCESS, logIndex=3727, commits[980d9c0c-33ac-4a22-b481-33b8b1eac469:c3727, e00ee311-0ce1-4115-b4c1-69648d9d3094:c3725, bb9367ec-656d-4ade-92be-004a921408cc:c3725]
2019-08-06 03:26:34,201 INFO  client.GrpcClientProtocolClient (GrpcClientProtocolClient.java:onNext(255)) - client-9DC82E534C87->980d9c0c-33ac-4a22-b481-33b8b1eac469: receive RaftClientReply:client-9DC82E534C87->980d9c0c-33ac-4a22-b481-33b8b1eac469@group-23022C6A558E, cid=2509, SUCCESS, logIndex=3729, commits[980d9c0c-33ac-4a22-b481-33b8b1eac469:c3730, e00ee311-0ce1-4115-b4c1-69648d9d3094:c3727, bb9367ec-656d-4ade-92be-004a921408cc:c3727]
2019-08-06 03:26:34,202 INFO  client.GrpcClientProtocolClient (GrpcClientProtocolClient.java:onNext(255)) - client-9DC82E534C87->980d9c0c-33ac-4a22-b481-33b8b1eac469: receive RaftClientReply:client-9DC82E534C87->980d9c0c-33ac-4a22-b481-33b8b1eac469@group-23022C6A558E, cid=2510, SUCCESS, logIndex=3730, commits[980d9c0c-33ac-4a22-b481-33b8b1eac469:c3730, e00ee311-0ce1-4115-b4c1-69648d9d3094:c3727, bb9367ec-656d-4ade-92be-004a921408cc:c3727]
2019-08-06 03:26:34,216 INFO  client.GrpcClientProtocolClient (GrpcClientProtocolClient.java:onNext(255)) - client-9DC82E534C87->980d9c0c-33ac-4a22-b481-33b8b1eac469: receive RaftClientReply:client-9DC82E534C87->980d9c0c-33ac-4a22-b481-33b8b1eac469@group-23022C6A558E, cid=2511, SUCCESS, logIndex=0, commits[980d9c0c-33ac-4a22-b481-33b8b1eac469:c3732, e00ee311-0ce1-4115-b4c1-69648d9d3094:c3730, bb9367ec-656d-4ade-92be-004a921408cc:c3730]
2019-08-06 03:26:34,243 INFO  client.GrpcClientProtocolClient (GrpcClientProtocolClient.java:onNext(255)) - client-9DC82E534C87->980d9c0c-33ac-4a22-b481-33b8b1eac469: receive RaftClientReply:client-9DC82E534C87->980d9c0c-33ac-4a22-b481-33b8b1eac469@group-23022C6A558E, cid=2512, SUCCESS, logIndex=3733, commits[980d9c0c-33ac-4a22-b481-33b8b1eac469:c3734, e00ee311-0ce1-4115-b4c1-69648d9d3094:c3732, bb9367ec-656d-4ade-92be-004a921408cc:c3732]
2019-08-06 03:26:34,244 INFO  client.GrpcClientProtocolClient (GrpcClientProtocolClient.java:onNext(255)) - client-9DC82E534C87->980d9c0c-33ac-4a22-b481-33b8b1eac469: receive RaftClientReply:client-9DC82E534C87->980d9c0c-33ac-4a22-b481-33b8b1eac469@group-23022C6A558E, cid=2513, SUCCESS, logIndex=3734, commits[980d9c0c-33ac-4a22-b481-33b8b1eac469:c3736, e00ee311-0ce1-4115-b4c1-69648d9d3094:c3732, bb9367ec-656d-4ade-92be-004a921408cc:c3732]
2019-08-06 03:26:34,244 INFO  client.GrpcClientProtocolClient (GrpcClientProtocolClient.java:onNext(255)) - client-9DC82E534C87->980d9c0c-33ac-4a22-b481-33b8b1eac469: receive RaftClientReply:client-9DC82E534C87->980d9c0c-33ac-4a22-b481-33b8b1eac469@group-23022C6A558E, cid=2514, SUCCESS, logIndex=3735, commits[980d9c0c-33ac-4a22-b481-33b8b1eac469:c3736, e00ee311-0ce1-4115-b4c1-69648d9d3094:c3732, bb9367ec-656d-4ade-92be-004a921408cc:c3732]
2019-08-06 03:26:34,245 INFO  client.GrpcClientProtocolClient (GrpcClientProtocolClient.java:onNext(255)) - client-9DC82E534C87->980d9c0c-33ac-4a22-b481-33b8b1eac469: receive RaftClientReply:client-9DC82E534C87->980d9c0c-33ac-4a22-b481-33b8b1eac469@group-23022C6A558E, cid=2515, SUCCESS, logIndex=3736, commits[980d9c0c-33ac-4a22-b481-33b8b1eac469:c3736, e00ee311-0ce1-4115-b4c1-69648d9d3094:c3732, bb9367ec-656d-4ade-92be-004a921408cc:c3732]
 0.00% |█                                                                                                    |  0/1 Time: 0:00:212019-08-06 03:26:34,258 INFO  client.GrpcClientProtocolClient (GrpcClientProtocolClient.java:onNext(255)) - client-9DC82E534C87->980d9c0c-33ac-4a22-b481-33b8b1eac469: receive RaftClientReply:client-9DC82E534C87->980d9c0c-33ac-4a22-b481-33b8b1eac469@group-23022C6A558E, cid=2516, SUCCESS, logIndex=0, commits[980d9c0c-33ac-4a22-b481-33b8b1eac469:c3739, e00ee311-0ce1-4115-b4c1-69648d9d3094:c3735, bb9367ec-656d-4ade-92be-004a921408cc:c3734]
2019-08-06 03:26:34,277 INFO  client.GrpcClientProtocolClient (GrpcClientProtocolClient.java:onNext(255)) - client-9DC82E534C87->980d9c0c-33ac-4a22-b481-33b8b1eac469: receive RaftClientReply:client-9DC82E534C87->980d9c0c-33ac-4a22-b481-33b8b1eac469@group-23022C6A558E, cid=2517, SUCCESS, logIndex=3741, commits[980d9c0c-33ac-4a22-b481-33b8b1eac469:c3742, e00ee311-0ce1-4115-b4c1-69648d9d3094:c3740, bb9367ec-656d-4ade-92be-004a921408cc:c3740]
2019-08-06 03:26:34,278 INFO  client.GrpcClientProtocolClient (GrpcClientProtocolClient.java:onNext(255)) - client-9DC82E534C87->980d9c0c-33ac-4a22-b481-33b8b1eac469: receive RaftClientReply:client-9DC82E534C87->980d9c0c-33ac-4a22-b481-33b8b1eac469@group-23022C6A558E, cid=2518, SUCCESS, logIndex=3742, commits[980d9c0c-33ac-4a22-b481-33b8b1eac469:c3742, e00ee311-0ce1-4115-b4c1-69648d9d3094:c3740, bb9367ec-656d-4ade-92be-004a921408cc:c3740]
2019-08-06 03:26:34,292 INFO  client.GrpcClientProtocolClient (GrpcClientProtocolClient.java:onNext(255)) - client-9DC82E534C87->980d9c0c-33ac-4a22-b481-33b8b1eac469: receive RaftClientReply:client-9DC82E534C87->980d9c0c-33ac-4a22-b481-33b8b1eac469@group-23022C6A558E, cid=2519, SUCCESS, logIndex=3745, commits[980d9c0c-33ac-4a22-b481-33b8b1eac469:c3746, e00ee311-0ce1-4115-b4c1-69648d9d3094:c3742, bb9367ec-656d-4ade-92be-004a921408cc:c3742]
2019-08-06 03:26:34,292 INFO  client.GrpcClientProtocolClient (GrpcClientProtocolClient.java:onNext(255)) - client-9DC82E534C87->980d9c0c-33ac-4a22-b481-33b8b1eac469: receive RaftClientReply:client-9DC82E534C87->980d9c0c-33ac-4a22-b481-33b8b1eac469@group-23022C6A558E, cid=2520, SUCCESS, logIndex=3746, commits[980d9c0c-33ac-4a22-b481-33b8b1eac469:c3746, e00ee311-0ce1-4115-b4c1-69648d9d3094:c3742, bb9367ec-656d-4ade-92be-004a921408cc:c3742]
2019-08-06 03:26:34,306 INFO  client.GrpcClientProtocolClient (GrpcClientProtocolClient.java:onNext(255)) - client-9DC82E534C87->980d9c0c-33ac-4a22-b481-33b8b1eac469: receive RaftClientReply:client-9DC82E534C87->980d9c0c-33ac-4a22-b481-33b8b1eac469@group-23022C6A558E, cid=2521, SUCCESS, logIndex=0, commits[980d9c0c-33ac-4a22-b481-33b8b1eac469:c3748, e00ee311-0ce1-4115-b4c1-69648d9d3094:c3746, bb9367ec-656d-4ade-92be-004a921408cc:c3746]
2019-08-06 03:26:34,335 INFO  client.GrpcClientProtocolClient (GrpcClientProtocolClient.java:onNext(255)) - client-9DC82E534C87->980d9c0c-33ac-4a22-b481-33b8b1eac469: receive RaftClientReply:client-9DC82E534C87->980d9c0c-33ac-4a22-b481-33b8b1eac469@group-23022C6A558E, cid=2522, SUCCESS, logIndex=3749, commits[980d9c0c-33ac-4a22-b481-33b8b1eac469:c3751, e00ee311-0ce1-4115-b4c1-69648d9d3094:c3748, bb9367ec-656d-4ade-92be-004a921408cc:c3748]
2019-08-06 03:26:34,336 INFO  client.GrpcClientProtocolClient (GrpcClientProtocolClient.java:onNext(255)) - client-9DC82E534C87->980d9c0c-33ac-4a22-b481-33b8b1eac469: receive RaftClientReply:client-9DC82E534C87->980d9c0c-33ac-4a22-b481-33b8b1eac469@group-23022C6A558E, cid=2523, SUCCESS, logIndex=3750, commits[980d9c0c-33ac-4a22-b481-33b8b1eac469:c3752, e00ee311-0ce1-4115-b4c1-69648d9d3094:c3748, bb9367ec-656d-4ade-92be-004a921408cc:c3748]
2019-08-06 03:26:34,336 INFO  client.GrpcClientProtocolClient (GrpcClientProtocolClient.java:onNext(255)) - client-9DC82E534C87->980d9c0c-33ac-4a22-b481-33b8b1eac469: receive RaftClientReply:client-9DC82E534C87->980d9c0c-33ac-4a22-b481-33b8b1eac469@group-23022C6A558E, cid=2524, SUCCESS, logIndex=3751, commits[980d9c0c-33ac-4a22-b481-33b8b1eac469:c3752, e00ee311-0ce1-4115-b4c1-69648d9d3094:c3748, bb9367ec-656d-4ade-92be-004a921408cc:c3748]
2019-08-06 03:26:34,336 INFO  client.GrpcClientProtocolClient (GrpcClientProtocolClient.java:onNext(255)) - client-9DC82E534C87->980d9c0c-33ac-4a22-b481-33b8b1eac469: receive RaftClientReply:client-9DC82E534C87->980d9c0c-33ac-4a22-b481-33b8b1eac469@group-23022C6A558E, cid=2525, SUCCESS, logIndex=3752, commits[980d9c0c-33ac-4a22-b481-33b8b1eac469:c3752, e00ee311-0ce1-4115-b4c1-69648d9d3094:c3749, bb9367ec-656d-4ade-92be-004a921408cc:c3748]
2019-08-06 03:26:34,350 INFO  client.GrpcClientProtocolClient (GrpcClientProtocolClient.java:onNext(255)) - client-9DC82E534C87->980d9c0c-33ac-4a22-b481-33b8b1eac469: receive RaftClientReply:client-9DC82E534C87->980d9c0c-33ac-4a22-b481-33b8b1eac469@group-23022C6A558E, cid=2526, SUCCESS, logIndex=0, commits[980d9c0c-33ac-4a22-b481-33b8b1eac469:c3755, e00ee311-0ce1-4115-b4c1-69648d9d3094:c3750, bb9367ec-656d-4ade-92be-004a921408cc:c3751]
2019-08-06 03:26:34,369 INFO  client.GrpcClientProtocolClient (GrpcClientProtocolClient.java:onNext(255)) - client-9DC82E534C87->980d9c0c-33ac-4a22-b481-33b8b1eac469: receive RaftClientReply:client-9DC82E534C87->980d9c0c-33ac-4a22-b481-33b8b1eac469@group-23022C6A558E, cid=2527, SUCCESS, logIndex=3757, commits[980d9c0c-33ac-4a22-b481-33b8b1eac469:c3758, e00ee311-0ce1-4115-b4c1-69648d9d3094:c3756, bb9367ec-656d-4ade-92be-004a921408cc:c3756]
2019-08-06 03:26:34,369 INFO  client.GrpcClientProtocolClient (GrpcClientProtocolClient.java:onNext(255)) - client-9DC82E534C87->980d9c0c-33ac-4a22-b481-33b8b1eac469: receive RaftClientReply:client-9DC82E534C87->980d9c0c-33ac-4a22-b481-33b8b1eac469@group-23022C6A558E, cid=2528, SUCCESS, logIndex=3758, commits[980d9c0c-33ac-4a22-b481-33b8b1eac469:c3758, e00ee311-0ce1-4115-b4c1-69648d9d3094:c3756, bb9367ec-656d-4ade-92be-004a921408cc:c3756]
2019-08-06 03:26:34,384 INFO  client.GrpcClientProtocolClient (GrpcClientProtocolClient.java:onNext(255)) - client-9DC82E534C87->980d9c0c-33ac-4a22-b481-33b8b1eac469: receive RaftClientReply:client-9DC82E534C87->980d9c0c-33ac-4a22-b481-33b8b1eac469@group-23022C6A558E, cid=2529, SUCCESS, logIndex=3761, commits[980d9c0c-33ac-4a22-b481-33b8b1eac469:c3762, e00ee311-0ce1-4115-b4c1-69648d9d3094:c3758, bb9367ec-656d-4ade-92be-004a921408cc:c3758]
2019-08-06 03:26:34,384 INFO  client.GrpcClientProtocolClient (GrpcClientProtocolClient.java:onNext(255)) - client-9DC82E534C87->980d9c0c-33ac-4a22-b481-33b8b1eac469: receive RaftClientReply:client-9DC82E534C87->980d9c0c-33ac-4a22-b481-33b8b1eac469@group-23022C6A558E, cid=2530, SUCCESS, logIndex=3762, commits[980d9c0c-33ac-4a22-b481-33b8b1eac469:c3762, e00ee311-0ce1-4115-b4c1-69648d9d3094:c3758, bb9367ec-656d-4ade-92be-004a921408cc:c3758]
2019-08-06 03:26:34,398 INFO  client.GrpcClientProtocolClient (GrpcClientProtocolClient.java:onNext(255)) - client-9DC82E534C87->980d9c0c-33ac-4a22-b481-33b8b1eac469: receive RaftClientReply:client-9DC82E534C87->980d9c0c-33ac-4a22-b481-33b8b1eac469@group-23022C6A558E, cid=2531, SUCCESS, logIndex=0, commits[980d9c0c-33ac-4a22-b481-33b8b1eac469:c3764, e00ee311-0ce1-4115-b4c1-69648d9d3094:c3762, bb9367ec-656d-4ade-92be-004a921408cc:c3762]
2019-08-06 03:26:34,442 INFO  client.GrpcClientProtocolClient (GrpcClientProtocolClient.java:onNext(255)) - client-9DC82E534C87->980d9c0c-33ac-4a22-b481-33b8b1eac469: receive RaftClientReply:client-9DC82E534C87->980d9c0c-33ac-4a22-b481-33b8b1eac469@group-23022C6A558E, cid=2532, SUCCESS, logIndex=3765, commits[980d9c0c-33ac-4a22-b481-33b8b1eac469:c3766, e00ee311-0ce1-4115-b4c1-69648d9d3094:c3764, bb9367ec-656d-4ade-92be-004a921408cc:c3764]
2019-08-06 03:26:34,442 INFO  client.GrpcClientProtocolClient (GrpcClientProtocolClient.java:onNext(255)) - client-9DC82E534C87->980d9c0c-33ac-4a22-b481-33b8b1eac469: receive RaftClientReply:client-9DC82E534C87->980d9c0c-33ac-4a22-b481-33b8b1eac469@group-23022C6A558E, cid=2533, SUCCESS, logIndex=3766, commits[980d9c0c-33ac-4a22-b481-33b8b1eac469:c3768, e00ee311-0ce1-4115-b4c1-69648d9d3094:c3764, bb9367ec-656d-4ade-92be-004a921408cc:c3764]
2019-08-06 03:26:34,443 INFO  client.GrpcClientProtocolClient (GrpcClientProtocolClient.java:onNext(255)) - client-9DC82E534C87->980d9c0c-33ac-4a22-b481-33b8b1eac469: receive RaftClientReply:client-9DC82E534C87->980d9c0c-33ac-4a22-b481-33b8b1eac469@group-23022C6A558E, cid=2534, SUCCESS, logIndex=3767, commits[980d9c0c-33ac-4a22-b481-33b8b1eac469:c3768, e00ee311-0ce1-4115-b4c1-69648d9d3094:c3764, bb9367ec-656d-4ade-92be-004a921408cc:c3764]
2019-08-06 03:26:34,443 INFO  client.GrpcClientProtocolClient (GrpcClientProtocolClient.java:onNext(255)) - client-9DC82E534C87->980d9c0c-33ac-4a22-b481-33b8b1eac469: receive RaftClientReply:client-9DC82E534C87->980d9c0c-33ac-4a22-b481-33b8b1eac469@group-23022C6A558E, cid=2535, SUCCESS, logIndex=3768, commits[980d9c0c-33ac-4a22-b481-33b8b1eac469:c3768, e00ee311-0ce1-4115-b4c1-69648d9d3094:c3764, bb9367ec-656d-4ade-92be-004a921408cc:c3764]
2019-08-06 03:26:34,453 INFO  client.GrpcClientProtocolClient (GrpcClientProtocolClient.java:onNext(255)) - client-9DC82E534C87->980d9c0c-33ac-4a22-b481-33b8b1eac469: receive RaftClientReply:client-9DC82E534C87->980d9c0c-33ac-4a22-b481-33b8b1eac469@group-23022C6A558E, cid=2536, SUCCESS, logIndex=0, commits[980d9c0c-33ac-4a22-b481-33b8b1eac469:c3770, e00ee311-0ce1-4115-b4c1-69648d9d3094:c3767, bb9367ec-656d-4ade-92be-004a921408cc:c3766]
2019-08-06 03:26:34,471 INFO  client.GrpcClientProtocolClient (GrpcClientProtocolClient.java:onNext(255)) - client-9DC82E534C87->980d9c0c-33ac-4a22-b481-33b8b1eac469: receive RaftClientReply:client-9DC82E534C87->980d9c0c-33ac-4a22-b481-33b8b1eac469@group-23022C6A558E, cid=2537, SUCCESS, logIndex=3773, commits[980d9c0c-33ac-4a22-b481-33b8b1eac469:c3774, e00ee311-0ce1-4115-b4c1-69648d9d3094:c3772, bb9367ec-656d-4ade-92be-004a921408cc:c3772]
2019-08-06 03:26:34,471 INFO  client.GrpcClientProtocolClient (GrpcClientProtocolClient.java:onNext(255)) - client-9DC82E534C87->980d9c0c-33ac-4a22-b481-33b8b1eac469: receive RaftClientReply:client-9DC82E534C87->980d9c0c-33ac-4a22-b481-33b8b1eac469@group-23022C6A558E, cid=2538, SUCCESS, logIndex=3774, commits[980d9c0c-33ac-4a22-b481-33b8b1eac469:c3774, e00ee311-0ce1-4115-b4c1-69648d9d3094:c3772, bb9367ec-656d-4ade-92be-004a921408cc:c3772]
2019-08-06 03:26:34,603 INFO  client.GrpcClientProtocolClient (GrpcClientProtocolClient.java:onNext(255)) - client-9DC82E534C87->980d9c0c-33ac-4a22-b481-33b8b1eac469: receive RaftClientReply:client-9DC82E534C87->980d9c0c-33ac-4a22-b481-33b8b1eac469@group-23022C6A558E, cid=2539, SUCCESS, logIndex=3777, commits[980d9c0c-33ac-4a22-b481-33b8b1eac469:c3778, e00ee311-0ce1-4115-b4c1-69648d9d3094:c3775, bb9367ec-656d-4ade-92be-004a921408cc:c3775]
2019-08-06 03:26:34,604 INFO  client.GrpcClientProtocolClient (GrpcClientProtocolClient.java:onNext(255)) - client-9DC82E534C87->980d9c0c-33ac-4a22-b481-33b8b1eac469: receive RaftClientReply:client-9DC82E534C87->980d9c0c-33ac-4a22-b481-33b8b1eac469@group-23022C6A558E, cid=2540, SUCCESS, logIndex=3778, commits[980d9c0c-33ac-4a22-b481-33b8b1eac469:c3778, e00ee311-0ce1-4115-b4c1-69648d9d3094:c3775, bb9367ec-656d-4ade-92be-004a921408cc:c3775]
2019-08-06 03:26:34,617 INFO  client.GrpcClientProtocolClient (GrpcClientProtocolClient.java:onNext(255)) - client-9DC82E534C87->980d9c0c-33ac-4a22-b481-33b8b1eac469: receive RaftClientReply:client-9DC82E534C87->980d9c0c-33ac-4a22-b481-33b8b1eac469@group-23022C6A558E, cid=2541, SUCCESS, logIndex=0, commits[980d9c0c-33ac-4a22-b481-33b8b1eac469:c3780, e00ee311-0ce1-4115-b4c1-69648d9d3094:c3778, bb9367ec-656d-4ade-92be-004a921408cc:c3778]
2019-08-06 03:26:34,649 INFO  client.GrpcClientProtocolClient (GrpcClientProtocolClient.java:onNext(255)) - client-9DC82E534C87->980d9c0c-33ac-4a22-b481-33b8b1eac469: receive RaftClientReply:client-9DC82E534C87->980d9c0c-33ac-4a22-b481-33b8b1eac469@group-23022C6A558E, cid=2542, SUCCESS, logIndex=3781, commits[980d9c0c-33ac-4a22-b481-33b8b1eac469:c3782, e00ee311-0ce1-4115-b4c1-69648d9d3094:c3780, bb9367ec-656d-4ade-92be-004a921408cc:c3780]
2019-08-06 03:26:34,650 INFO  client.GrpcClientProtocolClient (GrpcClientProtocolClient.java:onNext(255)) - client-9DC82E534C87->980d9c0c-33ac-4a22-b481-33b8b1eac469: receive RaftClientReply:client-9DC82E534C87->980d9c0c-33ac-4a22-b481-33b8b1eac469@group-23022C6A558E, cid=2543, SUCCESS, logIndex=3782, commits[980d9c0c-33ac-4a22-b481-33b8b1eac469:c3782, e00ee311-0ce1-4115-b4c1-69648d9d3094:c3780, bb9367ec-656d-4ade-92be-004a921408cc:c3780]
2019-08-06 03:26:34,650 INFO  client.GrpcClientProtocolClient (GrpcClientProtocolClient.java:onNext(255)) - client-9DC82E534C87->980d9c0c-33ac-4a22-b481-33b8b1eac469: receive RaftClientReply:client-9DC82E534C87->980d9c0c-33ac-4a22-b481-33b8b1eac469@group-23022C6A558E, cid=2544, SUCCESS, logIndex=3783, commits[980d9c0c-33ac-4a22-b481-33b8b1eac469:c3784, e00ee311-0ce1-4115-b4c1-69648d9d3094:c3780, bb9367ec-656d-4ade-92be-004a921408cc:c3780]
2019-08-06 03:26:34,651 INFO  client.GrpcClientProtocolClient (GrpcClientProtocolClient.java:onNext(255)) - client-9DC82E534C87->980d9c0c-33ac-4a22-b481-33b8b1eac469: receive RaftClientReply:client-9DC82E534C87->980d9c0c-33ac-4a22-b481-33b8b1eac469@group-23022C6A558E, cid=2545, SUCCESS, logIndex=3784, commits[980d9c0c-33ac-4a22-b481-33b8b1eac469:c3784, e00ee311-0ce1-4115-b4c1-69648d9d3094:c3780, bb9367ec-656d-4ade-92be-004a921408cc:c3780]
2019-08-06 03:26:34,664 INFO  client.GrpcClientProtocolClient (GrpcClientProtocolClient.java:onNext(255)) - client-9DC82E534C87->980d9c0c-33ac-4a22-b481-33b8b1eac469: receive RaftClientReply:client-9DC82E534C87->980d9c0c-33ac-4a22-b481-33b8b1eac469@group-23022C6A558E, cid=2546, SUCCESS, logIndex=0, commits[980d9c0c-33ac-4a22-b481-33b8b1eac469:c3786, e00ee311-0ce1-4115-b4c1-69648d9d3094:c3782, bb9367ec-656d-4ade-92be-004a921408cc:c3782]
2019-08-06 03:26:34,686 INFO  client.GrpcClientProtocolClient (GrpcClientProtocolClient.java:onNext(255)) - client-9DC82E534C87->980d9c0c-33ac-4a22-b481-33b8b1eac469: receive RaftClientReply:client-9DC82E534C87->980d9c0c-33ac-4a22-b481-33b8b1eac469@group-23022C6A558E, cid=2547, SUCCESS, logIndex=3789, commits[980d9c0c-33ac-4a22-b481-33b8b1eac469:c3790, e00ee311-0ce1-4115-b4c1-69648d9d3094:c3788, bb9367ec-656d-4ade-92be-004a921408cc:c3788]
2019-08-06 03:26:34,687 INFO  client.GrpcClientProtocolClient (GrpcClientProtocolClient.java:onNext(255)) - client-9DC82E534C87->980d9c0c-33ac-4a22-b481-33b8b1eac469: receive RaftClientReply:client-9DC82E534C87->980d9c0c-33ac-4a22-b481-33b8b1eac469@group-23022C6A558E, cid=2548, SUCCESS, logIndex=3790, commits[980d9c0c-33ac-4a22-b481-33b8b1eac469:c3790, e00ee311-0ce1-4115-b4c1-69648d9d3094:c3788, bb9367ec-656d-4ade-92be-004a921408cc:c3788]
2019-08-06 03:26:34,715 INFO  client.GrpcClientProtocolClient (GrpcClientProtocolClient.java:onNext(255)) - client-9DC82E534C87->980d9c0c-33ac-4a22-b481-33b8b1eac469: receive RaftClientReply:client-9DC82E534C87->980d9c0c-33ac-4a22-b481-33b8b1eac469@group-23022C6A558E, cid=2549, SUCCESS, logIndex=3793, commits[980d9c0c-33ac-4a22-b481-33b8b1eac469:c3794, e00ee311-0ce1-4115-b4c1-69648d9d3094:c3789, bb9367ec-656d-4ade-92be-004a921408cc:c3790]
2019-08-06 03:26:34,715 INFO  client.GrpcClientProtocolClient (GrpcClientProtocolClient.java:onNext(255)) - client-9DC82E534C87->980d9c0c-33ac-4a22-b481-33b8b1eac469: receive RaftClientReply:client-9DC82E534C87->980d9c0c-33ac-4a22-b481-33b8b1eac469@group-23022C6A558E, cid=2550, SUCCESS, logIndex=3794, commits[980d9c0c-33ac-4a22-b481-33b8b1eac469:c3794, e00ee311-0ce1-4115-b4c1-69648d9d3094:c3790, bb9367ec-656d-4ade-92be-004a921408cc:c3790]
2019-08-06 03:26:34,729 INFO  client.GrpcClientProtocolClient (GrpcClientProtocolClient.java:onNext(255)) - client-9DC82E534C87->980d9c0c-33ac-4a22-b481-33b8b1eac469: receive RaftClientReply:client-9DC82E534C87->980d9c0c-33ac-4a22-b481-33b8b1eac469@group-23022C6A558E, cid=2551, SUCCESS, logIndex=0, commits[980d9c0c-33ac-4a22-b481-33b8b1eac469:c3796, e00ee311-0ce1-4115-b4c1-69648d9d3094:c3794, bb9367ec-656d-4ade-92be-004a921408cc:c3794]
2019-08-06 03:26:34,761 INFO  client.GrpcClientProtocolClient (GrpcClientProtocolClient.java:onNext(255)) - client-9DC82E534C87->980d9c0c-33ac-4a22-b481-33b8b1eac469: receive RaftClientReply:client-9DC82E534C87->980d9c0c-33ac-4a22-b481-33b8b1eac469@group-23022C6A558E, cid=2552, SUCCESS, logIndex=3797, commits[980d9c0c-33ac-4a22-b481-33b8b1eac469:c3798, e00ee311-0ce1-4115-b4c1-69648d9d3094:c3796, bb9367ec-656d-4ade-92be-004a921408cc:c3796]
2019-08-06 03:26:34,761 INFO  client.GrpcClientProtocolClient (GrpcClientProtocolClient.java:onNext(255)) - client-9DC82E534C87->980d9c0c-33ac-4a22-b481-33b8b1eac469: receive RaftClientReply:client-9DC82E534C87->980d9c0c-33ac-4a22-b481-33b8b1eac469@group-23022C6A558E, cid=2553, SUCCESS, logIndex=3798, commits[980d9c0c-33ac-4a22-b481-33b8b1eac469:c3799, e00ee311-0ce1-4115-b4c1-69648d9d3094:c3796, bb9367ec-656d-4ade-92be-004a921408cc:c3796]
2019-08-06 03:26:34,762 INFO  client.GrpcClientProtocolClient (GrpcClientProtocolClient.java:onNext(255)) - client-9DC82E534C87->980d9c0c-33ac-4a22-b481-33b8b1eac469: receive RaftClientReply:client-9DC82E534C87->980d9c0c-33ac-4a22-b481-33b8b1eac469@group-23022C6A558E, cid=2554, SUCCESS, logIndex=3799, commits[980d9c0c-33ac-4a22-b481-33b8b1eac469:c3800, e00ee311-0ce1-4115-b4c1-69648d9d3094:c3796, bb9367ec-656d-4ade-92be-004a921408cc:c3796]
2019-08-06 03:26:34,762 INFO  client.GrpcClientProtocolClient (GrpcClientProtocolClient.java:onNext(255)) - client-9DC82E534C87->980d9c0c-33ac-4a22-b481-33b8b1eac469: receive RaftClientReply:client-9DC82E534C87->980d9c0c-33ac-4a22-b481-33b8b1eac469@group-23022C6A558E, cid=2555, SUCCESS, logIndex=3800, commits[980d9c0c-33ac-4a22-b481-33b8b1eac469:c3800, e00ee311-0ce1-4115-b4c1-69648d9d3094:c3796, bb9367ec-656d-4ade-92be-004a921408cc:c3796]
2019-08-06 03:26:34,774 INFO  client.GrpcClientProtocolClient (GrpcClientProtocolClient.java:onNext(255)) - client-9DC82E534C87->980d9c0c-33ac-4a22-b481-33b8b1eac469: receive RaftClientReply:client-9DC82E534C87->980d9c0c-33ac-4a22-b481-33b8b1eac469@group-23022C6A558E, cid=2556, SUCCESS, logIndex=0, commits[980d9c0c-33ac-4a22-b481-33b8b1eac469:c3802, e00ee311-0ce1-4115-b4c1-69648d9d3094:c3798, bb9367ec-656d-4ade-92be-004a921408cc:c3798]
2019-08-06 03:26:34,792 INFO  client.GrpcClientProtocolClient (GrpcClientProtocolClient.java:onNext(255)) - client-9DC82E534C87->980d9c0c-33ac-4a22-b481-33b8b1eac469: receive RaftClientReply:client-9DC82E534C87->980d9c0c-33ac-4a22-b481-33b8b1eac469@group-23022C6A558E, cid=2557, SUCCESS, logIndex=3805, commits[980d9c0c-33ac-4a22-b481-33b8b1eac469:c3806, e00ee311-0ce1-4115-b4c1-69648d9d3094:c3804, bb9367ec-656d-4ade-92be-004a921408cc:c3804]
2019-08-06 03:26:34,792 INFO  client.GrpcClientProtocolClient (GrpcClientProtocolClient.java:onNext(255)) - client-9DC82E534C87->980d9c0c-33ac-4a22-b481-33b8b1eac469: receive RaftClientReply:client-9DC82E534C87->980d9c0c-33ac-4a22-b481-33b8b1eac469@group-23022C6A558E, cid=2558, SUCCESS, logIndex=3806, commits[980d9c0c-33ac-4a22-b481-33b8b1eac469:c3806, e00ee311-0ce1-4115-b4c1-69648d9d3094:c3804, bb9367ec-656d-4ade-92be-004a921408cc:c3804]
2019-08-06 03:26:34,805 INFO  client.GrpcClientProtocolClient (GrpcClientProtocolClient.java:onNext(255)) - client-9DC82E534C87->980d9c0c-33ac-4a22-b481-33b8b1eac469: receive RaftClientReply:client-9DC82E534C87->980d9c0c-33ac-4a22-b481-33b8b1eac469@group-23022C6A558E, cid=2559, SUCCESS, logIndex=3809, commits[980d9c0c-33ac-4a22-b481-33b8b1eac469:c3809, e00ee311-0ce1-4115-b4c1-69648d9d3094:c3806, bb9367ec-656d-4ade-92be-004a921408cc:c3806]
2019-08-06 03:26:34,806 INFO  client.GrpcClientProtocolClient (GrpcClientProtocolClient.java:onNext(255)) - client-9DC82E534C87->980d9c0c-33ac-4a22-b481-33b8b1eac469: receive RaftClientReply:client-9DC82E534C87->980d9c0c-33ac-4a22-b481-33b8b1eac469@group-23022C6A558E, cid=2560, SUCCESS, logIndex=3810, commits[980d9c0c-33ac-4a22-b481-33b8b1eac469:c3810, e00ee311-0ce1-4115-b4c1-69648d9d3094:c3806, bb9367ec-656d-4ade-92be-004a921408cc:c3806]
2019-08-06 03:26:34,820 INFO  client.GrpcClientProtocolClient (GrpcClientProtocolClient.java:onNext(255)) - client-9DC82E534C87->980d9c0c-33ac-4a22-b481-33b8b1eac469: receive RaftClientReply:client-9DC82E534C87->980d9c0c-33ac-4a22-b481-33b8b1eac469@group-23022C6A558E, cid=2561, SUCCESS, logIndex=0, commits[980d9c0c-33ac-4a22-b481-33b8b1eac469:c3812, e00ee311-0ce1-4115-b4c1-69648d9d3094:c3810, bb9367ec-656d-4ade-92be-004a921408cc:c3810]
2019-08-06 03:26:34,849 INFO  client.GrpcClientProtocolClient (GrpcClientProtocolClient.java:onNext(255)) - client-9DC82E534C87->980d9c0c-33ac-4a22-b481-33b8b1eac469: receive RaftClientReply:client-9DC82E534C87->980d9c0c-33ac-4a22-b481-33b8b1eac469@group-23022C6A558E, cid=2562, SUCCESS, logIndex=3813, commits[980d9c0c-33ac-4a22-b481-33b8b1eac469:c3814, e00ee311-0ce1-4115-b4c1-69648d9d3094:c3812, bb9367ec-656d-4ade-92be-004a921408cc:c3812]
2019-08-06 03:26:34,850 INFO  client.GrpcClientProtocolClient (GrpcClientProtocolClient.java:onNext(255)) - client-9DC82E534C87->980d9c0c-33ac-4a22-b481-33b8b1eac469: receive RaftClientReply:client-9DC82E534C87->980d9c0c-33ac-4a22-b481-33b8b1eac469@group-23022C6A558E, cid=2563, SUCCESS, logIndex=3814, commits[980d9c0c-33ac-4a22-b481-33b8b1eac469:c3816, e00ee311-0ce1-4115-b4c1-69648d9d3094:c3812, bb9367ec-656d-4ade-92be-004a921408cc:c3812]
2019-08-06 03:26:34,850 INFO  client.GrpcClientProtocolClient (GrpcClientProtocolClient.java:onNext(255)) - client-9DC82E534C87->980d9c0c-33ac-4a22-b481-33b8b1eac469: receive RaftClientReply:client-9DC82E534C87->980d9c0c-33ac-4a22-b481-33b8b1eac469@group-23022C6A558E, cid=2564, SUCCESS, logIndex=3815, commits[980d9c0c-33ac-4a22-b481-33b8b1eac469:c3816, e00ee311-0ce1-4115-b4c1-69648d9d3094:c3812, bb9367ec-656d-4ade-92be-004a921408cc:c3812]
2019-08-06 03:26:34,850 INFO  client.GrpcClientProtocolClient (GrpcClientProtocolClient.java:onNext(255)) - client-9DC82E534C87->980d9c0c-33ac-4a22-b481-33b8b1eac469: receive RaftClientReply:client-9DC82E534C87->980d9c0c-33ac-4a22-b481-33b8b1eac469@group-23022C6A558E, cid=2565, SUCCESS, logIndex=3816, commits[980d9c0c-33ac-4a22-b481-33b8b1eac469:c3817, e00ee311-0ce1-4115-b4c1-69648d9d3094:c3813, bb9367ec-656d-4ade-92be-004a921408cc:c3812]
2019-08-06 03:26:34,851 INFO  client.GrpcClientProtocolClient (GrpcClientProtocolClient.java:onNext(255)) - client-9DC82E534C87->980d9c0c-33ac-4a22-b481-33b8b1eac469: receive RaftClientReply:client-9DC82E534C87->980d9c0c-33ac-4a22-b481-33b8b1eac469@group-23022C6A558E, cid=2566, SUCCESS, logIndex=0, commits[980d9c0c-33ac-4a22-b481-33b8b1eac469:c3818, e00ee311-0ce1-4115-b4c1-69648d9d3094:c3814, bb9367ec-656d-4ade-92be-004a921408cc:c3814]
2019-08-06 03:26:34,871 INFO  client.GrpcClientProtocolClient (GrpcClientProtocolClient.java:onNext(255)) - client-9DC82E534C87->980d9c0c-33ac-4a22-b481-33b8b1eac469: receive RaftClientReply:client-9DC82E534C87->980d9c0c-33ac-4a22-b481-33b8b1eac469@group-23022C6A558E, cid=2567, SUCCESS, logIndex=3821, commits[980d9c0c-33ac-4a22-b481-33b8b1eac469:c3822, e00ee311-0ce1-4115-b4c1-69648d9d3094:c3820, bb9367ec-656d-4ade-92be-004a921408cc:c3820]
2019-08-06 03:26:34,871 INFO  client.GrpcClientProtocolClient (GrpcClientProtocolClient.java:onNext(255)) - client-9DC82E534C87->980d9c0c-33ac-4a22-b481-33b8b1eac469: receive RaftClientReply:client-9DC82E534C87->980d9c0c-33ac-4a22-b481-33b8b1eac469@group-23022C6A558E, cid=2568, SUCCESS, logIndex=3822, commits[980d9c0c-33ac-4a22-b481-33b8b1eac469:c3822, e00ee311-0ce1-4115-b4c1-69648d9d3094:c3820, bb9367ec-656d-4ade-92be-004a921408cc:c3820]
2019-08-06 03:26:34,887 INFO  client.GrpcClientProtocolClient (GrpcClientProtocolClient.java:onNext(255)) - client-9DC82E534C87->980d9c0c-33ac-4a22-b481-33b8b1eac469: receive RaftClientReply:client-9DC82E534C87->980d9c0c-33ac-4a22-b481-33b8b1eac469@group-23022C6A558E, cid=2569, SUCCESS, logIndex=3825, commits[980d9c0c-33ac-4a22-b481-33b8b1eac469:c3825, e00ee311-0ce1-4115-b4c1-69648d9d3094:c3822, bb9367ec-656d-4ade-92be-004a921408cc:c3822]
2019-08-06 03:26:34,888 INFO  client.GrpcClientProtocolClient (GrpcClientProtocolClient.java:onNext(255)) - client-9DC82E534C87->980d9c0c-33ac-4a22-b481-33b8b1eac469: receive RaftClientReply:client-9DC82E534C87->980d9c0c-33ac-4a22-b481-33b8b1eac469@group-23022C6A558E, cid=2570, SUCCESS, logIndex=3826, commits[980d9c0c-33ac-4a22-b481-33b8b1eac469:c3826, e00ee311-0ce1-4115-b4c1-69648d9d3094:c3822, bb9367ec-656d-4ade-92be-004a921408cc:c3822]
2019-08-06 03:26:34,902 INFO  client.GrpcClientProtocolClient (GrpcClientProtocolClient.java:onNext(255)) - client-9DC82E534C87->980d9c0c-33ac-4a22-b481-33b8b1eac469: receive RaftClientReply:client-9DC82E534C87->980d9c0c-33ac-4a22-b481-33b8b1eac469@group-23022C6A558E, cid=2571, SUCCESS, logIndex=0, commits[980d9c0c-33ac-4a22-b481-33b8b1eac469:c3828, e00ee311-0ce1-4115-b4c1-69648d9d3094:c3826, bb9367ec-656d-4ade-92be-004a921408cc:c3826]
2019-08-06 03:26:34,933 INFO  client.GrpcClientProtocolClient (GrpcClientProtocolClient.java:onNext(255)) - client-9DC82E534C87->980d9c0c-33ac-4a22-b481-33b8b1eac469: receive RaftClientReply:client-9DC82E534C87->980d9c0c-33ac-4a22-b481-33b8b1eac469@group-23022C6A558E, cid=2572, SUCCESS, logIndex=3829, commits[980d9c0c-33ac-4a22-b481-33b8b1eac469:c3830, e00ee311-0ce1-4115-b4c1-69648d9d3094:c3828, bb9367ec-656d-4ade-92be-004a921408cc:c3828]
2019-08-06 03:26:34,934 INFO  client.GrpcClientProtocolClient (GrpcClientProtocolClient.java:onNext(255)) - client-9DC82E534C87->980d9c0c-33ac-4a22-b481-33b8b1eac469: receive RaftClientReply:client-9DC82E534C87->980d9c0c-33ac-4a22-b481-33b8b1eac469@group-23022C6A558E, cid=2573, SUCCESS, logIndex=3830, commits[980d9c0c-33ac-4a22-b481-33b8b1eac469:c3832, e00ee311-0ce1-4115-b4c1-69648d9d3094:c3828, bb9367ec-656d-4ade-92be-004a921408cc:c3828]
2019-08-06 03:26:34,934 INFO  client.GrpcClientProtocolClient (GrpcClientProtocolClient.java:onNext(255)) - client-9DC82E534C87->980d9c0c-33ac-4a22-b481-33b8b1eac469: receive RaftClientReply:client-9DC82E534C87->980d9c0c-33ac-4a22-b481-33b8b1eac469@group-23022C6A558E, cid=2574, SUCCESS, logIndex=3831, commits[980d9c0c-33ac-4a22-b481-33b8b1eac469:c3832, e00ee311-0ce1-4115-b4c1-69648d9d3094:c3828, bb9367ec-656d-4ade-92be-004a921408cc:c3828]
2019-08-06 03:26:34,935 INFO  client.GrpcClientProtocolClient (GrpcClientProtocolClient.java:onNext(255)) - client-9DC82E534C87->980d9c0c-33ac-4a22-b481-33b8b1eac469: receive RaftClientReply:client-9DC82E534C87->980d9c0c-33ac-4a22-b481-33b8b1eac469@group-23022C6A558E, cid=2575, SUCCESS, logIndex=3832, commits[980d9c0c-33ac-4a22-b481-33b8b1eac469:c3833, e00ee311-0ce1-4115-b4c1-69648d9d3094:c3830, bb9367ec-656d-4ade-92be-004a921408cc:c3828]
2019-08-06 03:26:34,937 INFO  client.GrpcClientProtocolClient (GrpcClientProtocolClient.java:onNext(255)) - client-9DC82E534C87->980d9c0c-33ac-4a22-b481-33b8b1eac469: receive RaftClientReply:client-9DC82E534C87->980d9c0c-33ac-4a22-b481-33b8b1eac469@group-23022C6A558E, cid=2576, SUCCESS, logIndex=0, commits[980d9c0c-33ac-4a22-b481-33b8b1eac469:c3834, e00ee311-0ce1-4115-b4c1-69648d9d3094:c3830, bb9367ec-656d-4ade-92be-004a921408cc:c3830]
2019-08-06 03:26:34,950 INFO  client.GrpcClientProtocolClient (GrpcClientProtocolClient.java:onNext(255)) - client-9DC82E534C87->980d9c0c-33ac-4a22-b481-33b8b1eac469: receive RaftClientReply:client-9DC82E534C87->980d9c0c-33ac-4a22-b481-33b8b1eac469@group-23022C6A558E, cid=2577, SUCCESS, logIndex=3837, commits[980d9c0c-33ac-4a22-b481-33b8b1eac469:c3838, e00ee311-0ce1-4115-b4c1-69648d9d3094:c3834, bb9367ec-656d-4ade-92be-004a921408cc:c3832]
2019-08-06 03:26:34,950 INFO  client.GrpcClientProtocolClient (GrpcClientProtocolClient.java:onNext(255)) - client-9DC82E534C87->980d9c0c-33ac-4a22-b481-33b8b1eac469: receive RaftClientReply:client-9DC82E534C87->980d9c0c-33ac-4a22-b481-33b8b1eac469@group-23022C6A558E, cid=2578, SUCCESS, logIndex=3838, commits[980d9c0c-33ac-4a22-b481-33b8b1eac469:c3838, e00ee311-0ce1-4115-b4c1-69648d9d3094:c3834, bb9367ec-656d-4ade-92be-004a921408cc:c3834]
2019-08-06 03:26:34,983 INFO  client.GrpcClientProtocolClient (GrpcClientProtocolClient.java:onNext(255)) - client-9DC82E534C87->980d9c0c-33ac-4a22-b481-33b8b1eac469: receive RaftClientReply:client-9DC82E534C87->980d9c0c-33ac-4a22-b481-33b8b1eac469@group-23022C6A558E, cid=2579, SUCCESS, logIndex=3841, commits[980d9c0c-33ac-4a22-b481-33b8b1eac469:c3842, e00ee311-0ce1-4115-b4c1-69648d9d3094:c3838, bb9367ec-656d-4ade-92be-004a921408cc:c3840]
2019-08-06 03:26:34,983 INFO  client.GrpcClientProtocolClient (GrpcClientProtocolClient.java:onNext(255)) - client-9DC82E534C87->980d9c0c-33ac-4a22-b481-33b8b1eac469: receive RaftClientReply:client-9DC82E534C87->980d9c0c-33ac-4a22-b481-33b8b1eac469@group-23022C6A558E, cid=2580, SUCCESS, logIndex=3842, commits[980d9c0c-33ac-4a22-b481-33b8b1eac469:c3842, e00ee311-0ce1-4115-b4c1-69648d9d3094:c3840, bb9367ec-656d-4ade-92be-004a921408cc:c3840]
2019-08-06 03:26:34,995 INFO  client.GrpcClientProtocolClient (GrpcClientProtocolClient.java:onNext(255)) - client-9DC82E534C87->980d9c0c-33ac-4a22-b481-33b8b1eac469: receive RaftClientReply:client-9DC82E534C87->980d9c0c-33ac-4a22-b481-33b8b1eac469@group-23022C6A558E, cid=2581, SUCCESS, logIndex=0, commits[980d9c0c-33ac-4a22-b481-33b8b1eac469:c3843, e00ee311-0ce1-4115-b4c1-69648d9d3094:c3842, bb9367ec-656d-4ade-92be-004a921408cc:c3842]
2019-08-06 03:26:35,040 INFO  client.GrpcClientProtocolClient (GrpcClientProtocolClient.java:onNext(255)) - client-9DC82E534C87->980d9c0c-33ac-4a22-b481-33b8b1eac469: receive RaftClientReply:client-9DC82E534C87->980d9c0c-33ac-4a22-b481-33b8b1eac469@group-23022C6A558E, cid=2582, SUCCESS, logIndex=3844, commits[980d9c0c-33ac-4a22-b481-33b8b1eac469:c3847, e00ee311-0ce1-4115-b4c1-69648d9d3094:c3843, bb9367ec-656d-4ade-92be-004a921408cc:c3843]
2019-08-06 03:26:35,042 INFO  client.GrpcClientProtocolClient (GrpcClientProtocolClient.java:onNext(255)) - client-9DC82E534C87->980d9c0c-33ac-4a22-b481-33b8b1eac469: receive RaftClientReply:client-9DC82E534C87->980d9c0c-33ac-4a22-b481-33b8b1eac469@group-23022C6A558E, cid=2583, SUCCESS, logIndex=3845, commits[980d9c0c-33ac-4a22-b481-33b8b1eac469:c3847, e00ee311-0ce1-4115-b4c1-69648d9d3094:c3843, bb9367ec-656d-4ade-92be-004a921408cc:c3843]
2019-08-06 03:26:35,043 INFO  client.GrpcClientProtocolClient (GrpcClientProtocolClient.java:onNext(255)) - client-9DC82E534C87->980d9c0c-33ac-4a22-b481-33b8b1eac469: receive RaftClientReply:client-9DC82E534C87->980d9c0c-33ac-4a22-b481-33b8b1eac469@group-23022C6A558E, cid=2584, SUCCESS, logIndex=3846, commits[980d9c0c-33ac-4a22-b481-33b8b1eac469:c3849, e00ee311-0ce1-4115-b4c1-69648d9d3094:c3845, bb9367ec-656d-4ade-92be-004a921408cc:c3845]
2019-08-06 03:26:35,044 INFO  client.GrpcClientProtocolClient (GrpcClientProtocolClient.java:onNext(255)) - client-9DC82E534C87->980d9c0c-33ac-4a22-b481-33b8b1eac469: receive RaftClientReply:client-9DC82E534C87->980d9c0c-33ac-4a22-b481-33b8b1eac469@group-23022C6A558E, cid=2585, SUCCESS, logIndex=3847, commits[980d9c0c-33ac-4a22-b481-33b8b1eac469:c3850, e00ee311-0ce1-4115-b4c1-69648d9d3094:c3845, bb9367ec-656d-4ade-92be-004a921408cc:c3847]
2019-08-06 03:26:35,068 INFO  client.GrpcClientProtocolClient (GrpcClientProtocolClient.java:onNext(255)) - client-9DC82E534C87->980d9c0c-33ac-4a22-b481-33b8b1eac469: receive RaftClientReply:client-9DC82E534C87->980d9c0c-33ac-4a22-b481-33b8b1eac469@group-23022C6A558E, cid=2586, SUCCESS, logIndex=3852, commits[980d9c0c-33ac-4a22-b481-33b8b1eac469:c3853, e00ee311-0ce1-4115-b4c1-69648d9d3094:c3851, bb9367ec-656d-4ade-92be-004a921408cc:c3851]
2019-08-06 03:26:35,068 INFO  client.GrpcClientProtocolClient (GrpcClientProtocolClient.java:onNext(255)) - client-9DC82E534C87->980d9c0c-33ac-4a22-b481-33b8b1eac469: receive RaftClientReply:client-9DC82E534C87->980d9c0c-33ac-4a22-b481-33b8b1eac469@group-23022C6A558E, cid=2587, SUCCESS, logIndex=3853, commits[980d9c0c-33ac-4a22-b481-33b8b1eac469:c3853, e00ee311-0ce1-4115-b4c1-69648d9d3094:c3851, bb9367ec-656d-4ade-92be-004a921408cc:c3851]
2019-08-06 03:26:35,093 INFO  client.GrpcClientProtocolClient (GrpcClientProtocolClient.java:onNext(255)) - client-9DC82E534C87->980d9c0c-33ac-4a22-b481-33b8b1eac469: receive RaftClientReply:client-9DC82E534C87->980d9c0c-33ac-4a22-b481-33b8b1eac469@group-23022C6A558E, cid=2588, SUCCESS, logIndex=3856, commits[980d9c0c-33ac-4a22-b481-33b8b1eac469:c3857, e00ee311-0ce1-4115-b4c1-69648d9d3094:c3853, bb9367ec-656d-4ade-92be-004a921408cc:c3853]
2019-08-06 03:26:35,093 INFO  client.GrpcClientProtocolClient (GrpcClientProtocolClient.java:onNext(255)) - client-9DC82E534C87->980d9c0c-33ac-4a22-b481-33b8b1eac469: receive RaftClientReply:client-9DC82E534C87->980d9c0c-33ac-4a22-b481-33b8b1eac469@group-23022C6A558E, cid=2589, SUCCESS, logIndex=3857, commits[980d9c0c-33ac-4a22-b481-33b8b1eac469:c3857, e00ee311-0ce1-4115-b4c1-69648d9d3094:c3853, bb9367ec-656d-4ade-92be-004a921408cc:c3853]
2019-08-06 03:26:35,095 INFO  client.GrpcClientProtocolClient (GrpcClientProtocolClient.java:onNext(255)) - client-9DC82E534C87->980d9c0c-33ac-4a22-b481-33b8b1eac469: receive RaftClientReply:client-9DC82E534C87->980d9c0c-33ac-4a22-b481-33b8b1eac469@group-23022C6A558E, cid=2590, SUCCESS, logIndex=0, commits[980d9c0c-33ac-4a22-b481-33b8b1eac469:c3858, e00ee311-0ce1-4115-b4c1-69648d9d3094:c3857, bb9367ec-656d-4ade-92be-004a921408cc:c3857]
2019-08-06 03:26:35,127 INFO  client.GrpcClientProtocolClient (GrpcClientProtocolClient.java:onNext(255)) - client-9DC82E534C87->980d9c0c-33ac-4a22-b481-33b8b1eac469: receive RaftClientReply:client-9DC82E534C87->980d9c0c-33ac-4a22-b481-33b8b1eac469@group-23022C6A558E, cid=2591, SUCCESS, logIndex=3860, commits[980d9c0c-33ac-4a22-b481-33b8b1eac469:c3861, e00ee311-0ce1-4115-b4c1-69648d9d3094:c3859, bb9367ec-656d-4ade-92be-004a921408cc:c3859]
2019-08-06 03:26:35,128 INFO  client.GrpcClientProtocolClient (GrpcClientProtocolClient.java:onNext(255)) - client-9DC82E534C87->980d9c0c-33ac-4a22-b481-33b8b1eac469: receive RaftClientReply:client-9DC82E534C87->980d9c0c-33ac-4a22-b481-33b8b1eac469@group-23022C6A558E, cid=2592, SUCCESS, logIndex=3861, commits[980d9c0c-33ac-4a22-b481-33b8b1eac469:c3861, e00ee311-0ce1-4115-b4c1-69648d9d3094:c3859, bb9367ec-656d-4ade-92be-004a921408cc:c3859]
2019-08-06 03:26:35,129 INFO  client.GrpcClientProtocolClient (GrpcClientProtocolClient.java:onNext(255)) - client-9DC82E534C87->980d9c0c-33ac-4a22-b481-33b8b1eac469: receive RaftClientReply:client-9DC82E534C87->980d9c0c-33ac-4a22-b481-33b8b1eac469@group-23022C6A558E, cid=2593, SUCCESS, logIndex=3862, commits[980d9c0c-33ac-4a22-b481-33b8b1eac469:c3863, e00ee311-0ce1-4115-b4c1-69648d9d3094:c3859, bb9367ec-656d-4ade-92be-004a921408cc:c3859]
2019-08-06 03:26:35,130 INFO  client.GrpcClientProtocolClient (GrpcClientProtocolClient.java:onNext(255)) - client-9DC82E534C87->980d9c0c-33ac-4a22-b481-33b8b1eac469: receive RaftClientReply:client-9DC82E534C87->980d9c0c-33ac-4a22-b481-33b8b1eac469@group-23022C6A558E, cid=2594, SUCCESS, logIndex=3863, commits[980d9c0c-33ac-4a22-b481-33b8b1eac469:c3863, e00ee311-0ce1-4115-b4c1-69648d9d3094:c3859, bb9367ec-656d-4ade-92be-004a921408cc:c3859]
2019-08-06 03:26:35,141 INFO  client.GrpcClientProtocolClient (GrpcClientProtocolClient.java:onNext(255)) - client-9DC82E534C87->980d9c0c-33ac-4a22-b481-33b8b1eac469: receive RaftClientReply:client-9DC82E534C87->980d9c0c-33ac-4a22-b481-33b8b1eac469@group-23022C6A558E, cid=2595, SUCCESS, logIndex=0, commits[980d9c0c-33ac-4a22-b481-33b8b1eac469:c3865, e00ee311-0ce1-4115-b4c1-69648d9d3094:c3861, bb9367ec-656d-4ade-92be-004a921408cc:c3861]
2019-08-06 03:26:35,162 INFO  client.GrpcClientProtocolClient (GrpcClientProtocolClient.java:onNext(255)) - client-9DC82E534C87->980d9c0c-33ac-4a22-b481-33b8b1eac469: receive RaftClientReply:client-9DC82E534C87->980d9c0c-33ac-4a22-b481-33b8b1eac469@group-23022C6A558E, cid=2596, SUCCESS, logIndex=3868, commits[980d9c0c-33ac-4a22-b481-33b8b1eac469:c3869, e00ee311-0ce1-4115-b4c1-69648d9d3094:c3867, bb9367ec-656d-4ade-92be-004a921408cc:c3867]
2019-08-06 03:26:35,162 INFO  client.GrpcClientProtocolClient (GrpcClientProtocolClient.java:onNext(255)) - client-9DC82E534C87->980d9c0c-33ac-4a22-b481-33b8b1eac469: receive RaftClientReply:client-9DC82E534C87->980d9c0c-33ac-4a22-b481-33b8b1eac469@group-23022C6A558E, cid=2597, SUCCESS, logIndex=3869, commits[980d9c0c-33ac-4a22-b481-33b8b1eac469:c3869, e00ee311-0ce1-4115-b4c1-69648d9d3094:c3867, bb9367ec-656d-4ade-92be-004a921408cc:c3867]
2019-08-06 03:26:35,188 INFO  client.GrpcClientProtocolClient (GrpcClientProtocolClient.java:onNext(255)) - client-9DC82E534C87->980d9c0c-33ac-4a22-b481-33b8b1eac469: receive RaftClientReply:client-9DC82E534C87->980d9c0c-33ac-4a22-b481-33b8b1eac469@group-23022C6A558E, cid=2598, SUCCESS, logIndex=3872, commits[980d9c0c-33ac-4a22-b481-33b8b1eac469:c3873, e00ee311-0ce1-4115-b4c1-69648d9d3094:c3868, bb9367ec-656d-4ade-92be-004a921408cc:c3869]
2019-08-06 03:26:35,188 INFO  client.GrpcClientProtocolClient (GrpcClientProtocolClient.java:onNext(255)) - client-9DC82E534C87->980d9c0c-33ac-4a22-b481-33b8b1eac469: receive RaftClientReply:client-9DC82E534C87->980d9c0c-33ac-4a22-b481-33b8b1eac469@group-23022C6A558E, cid=2599, SUCCESS, logIndex=3873, commits[980d9c0c-33ac-4a22-b481-33b8b1eac469:c3873, e00ee311-0ce1-4115-b4c1-69648d9d3094:c3869, bb9367ec-656d-4ade-92be-004a921408cc:c3869]
2019-08-06 03:26:35,190 INFO  client.GrpcClientProtocolClient (GrpcClientProtocolClient.java:onNext(255)) - client-9DC82E534C87->980d9c0c-33ac-4a22-b481-33b8b1eac469: receive RaftClientReply:client-9DC82E534C87->980d9c0c-33ac-4a22-b481-33b8b1eac469@group-23022C6A558E, cid=2600, SUCCESS, logIndex=0, commits[980d9c0c-33ac-4a22-b481-33b8b1eac469:c3874, e00ee311-0ce1-4115-b4c1-69648d9d3094:c3873, bb9367ec-656d-4ade-92be-004a921408cc:c3873]
2019-08-06 03:26:35,224 INFO  client.GrpcClientProtocolClient (GrpcClientProtocolClient.java:onNext(255)) - client-9DC82E534C87->980d9c0c-33ac-4a22-b481-33b8b1eac469: receive RaftClientReply:client-9DC82E534C87->980d9c0c-33ac-4a22-b481-33b8b1eac469@group-23022C6A558E, cid=2601, SUCCESS, logIndex=3876, commits[980d9c0c-33ac-4a22-b481-33b8b1eac469:c3877, e00ee311-0ce1-4115-b4c1-69648d9d3094:c3875, bb9367ec-656d-4ade-92be-004a921408cc:c3875]
2019-08-06 03:26:35,225 INFO  client.GrpcClientProtocolClient (GrpcClientProtocolClient.java:onNext(255)) - client-9DC82E534C87->980d9c0c-33ac-4a22-b481-33b8b1eac469: receive RaftClientReply:client-9DC82E534C87->980d9c0c-33ac-4a22-b481-33b8b1eac469@group-23022C6A558E, cid=2602, SUCCESS, logIndex=3877, commits[980d9c0c-33ac-4a22-b481-33b8b1eac469:c3879, e00ee311-0ce1-4115-b4c1-69648d9d3094:c3875, bb9367ec-656d-4ade-92be-004a921408cc:c3875]
2019-08-06 03:26:35,225 INFO  client.GrpcClientProtocolClient (GrpcClientProtocolClient.java:onNext(255)) - client-9DC82E534C87->980d9c0c-33ac-4a22-b481-33b8b1eac469: receive RaftClientReply:client-9DC82E534C87->980d9c0c-33ac-4a22-b481-33b8b1eac469@group-23022C6A558E, cid=2603, SUCCESS, logIndex=3878, commits[980d9c0c-33ac-4a22-b481-33b8b1eac469:c3879, e00ee311-0ce1-4115-b4c1-69648d9d3094:c3875, bb9367ec-656d-4ade-92be-004a921408cc:c3875]
2019-08-06 03:26:35,226 INFO  client.GrpcClientProtocolClient (GrpcClientProtocolClient.java:onNext(255)) - client-9DC82E534C87->980d9c0c-33ac-4a22-b481-33b8b1eac469: receive RaftClientReply:client-9DC82E534C87->980d9c0c-33ac-4a22-b481-33b8b1eac469@group-23022C6A558E, cid=2604, SUCCESS, logIndex=3879, commits[980d9c0c-33ac-4a22-b481-33b8b1eac469:c3879, e00ee311-0ce1-4115-b4c1-69648d9d3094:c3875, bb9367ec-656d-4ade-92be-004a921408cc:c3875]
2019-08-06 03:26:35,236 INFO  client.GrpcClientProtocolClient (GrpcClientProtocolClient.java:onNext(255)) - client-9DC82E534C87->980d9c0c-33ac-4a22-b481-33b8b1eac469: receive RaftClientReply:client-9DC82E534C87->980d9c0c-33ac-4a22-b481-33b8b1eac469@group-23022C6A558E, cid=2605, SUCCESS, logIndex=0, commits[980d9c0c-33ac-4a22-b481-33b8b1eac469:c3881, e00ee311-0ce1-4115-b4c1-69648d9d3094:c3877, bb9367ec-656d-4ade-92be-004a921408cc:c3877]
 0.00% |█                                                                                                    |  0/1 Time: 0:00:222019-08-06 03:26:35,258 INFO  client.GrpcClientProtocolClient (GrpcClientProtocolClient.java:onNext(255)) - client-9DC82E534C87->980d9c0c-33ac-4a22-b481-33b8b1eac469: receive RaftClientReply:client-9DC82E534C87->980d9c0c-33ac-4a22-b481-33b8b1eac469@group-23022C6A558E, cid=2606, SUCCESS, logIndex=3884, commits[980d9c0c-33ac-4a22-b481-33b8b1eac469:c3885, e00ee311-0ce1-4115-b4c1-69648d9d3094:c3883, bb9367ec-656d-4ade-92be-004a921408cc:c3883]
2019-08-06 03:26:35,259 INFO  client.GrpcClientProtocolClient (GrpcClientProtocolClient.java:onNext(255)) - client-9DC82E534C87->980d9c0c-33ac-4a22-b481-33b8b1eac469: receive RaftClientReply:client-9DC82E534C87->980d9c0c-33ac-4a22-b481-33b8b1eac469@group-23022C6A558E, cid=2607, SUCCESS, logIndex=3885, commits[980d9c0c-33ac-4a22-b481-33b8b1eac469:c3885, e00ee311-0ce1-4115-b4c1-69648d9d3094:c3883, bb9367ec-656d-4ade-92be-004a921408cc:c3883]
2019-08-06 03:26:35,283 INFO  client.GrpcClientProtocolClient (GrpcClientProtocolClient.java:onNext(255)) - client-9DC82E534C87->980d9c0c-33ac-4a22-b481-33b8b1eac469: receive RaftClientReply:client-9DC82E534C87->980d9c0c-33ac-4a22-b481-33b8b1eac469@group-23022C6A558E, cid=2608, SUCCESS, logIndex=3888, commits[980d9c0c-33ac-4a22-b481-33b8b1eac469:c3889, e00ee311-0ce1-4115-b4c1-69648d9d3094:c3885, bb9367ec-656d-4ade-92be-004a921408cc:c3885]
2019-08-06 03:26:35,284 INFO  client.GrpcClientProtocolClient (GrpcClientProtocolClient.java:onNext(255)) - client-9DC82E534C87->980d9c0c-33ac-4a22-b481-33b8b1eac469: receive RaftClientReply:client-9DC82E534C87->980d9c0c-33ac-4a22-b481-33b8b1eac469@group-23022C6A558E, cid=2609, SUCCESS, logIndex=3889, commits[980d9c0c-33ac-4a22-b481-33b8b1eac469:c3889, e00ee311-0ce1-4115-b4c1-69648d9d3094:c3885, bb9367ec-656d-4ade-92be-004a921408cc:c3885]
2019-08-06 03:26:35,286 INFO  client.GrpcClientProtocolClient (GrpcClientProtocolClient.java:onNext(255)) - client-9DC82E534C87->980d9c0c-33ac-4a22-b481-33b8b1eac469: receive RaftClientReply:client-9DC82E534C87->980d9c0c-33ac-4a22-b481-33b8b1eac469@group-23022C6A558E, cid=2610, SUCCESS, logIndex=0, commits[980d9c0c-33ac-4a22-b481-33b8b1eac469:c3891, e00ee311-0ce1-4115-b4c1-69648d9d3094:c3889, bb9367ec-656d-4ade-92be-004a921408cc:c3889]
2019-08-06 03:26:35,315 INFO  client.GrpcClientProtocolClient (GrpcClientProtocolClient.java:onNext(255)) - client-9DC82E534C87->980d9c0c-33ac-4a22-b481-33b8b1eac469: receive RaftClientReply:client-9DC82E534C87->980d9c0c-33ac-4a22-b481-33b8b1eac469@group-23022C6A558E, cid=2611, SUCCESS, logIndex=3892, commits[980d9c0c-33ac-4a22-b481-33b8b1eac469:c3893, e00ee311-0ce1-4115-b4c1-69648d9d3094:c3891, bb9367ec-656d-4ade-92be-004a921408cc:c3891]
2019-08-06 03:26:35,316 INFO  client.GrpcClientProtocolClient (GrpcClientProtocolClient.java:onNext(255)) - client-9DC82E534C87->980d9c0c-33ac-4a22-b481-33b8b1eac469: receive RaftClientReply:client-9DC82E534C87->980d9c0c-33ac-4a22-b481-33b8b1eac469@group-23022C6A558E, cid=2612, SUCCESS, logIndex=3893, commits[980d9c0c-33ac-4a22-b481-33b8b1eac469:c3893, e00ee311-0ce1-4115-b4c1-69648d9d3094:c3891, bb9367ec-656d-4ade-92be-004a921408cc:c3891]
2019-08-06 03:26:35,316 INFO  client.GrpcClientProtocolClient (GrpcClientProtocolClient.java:onNext(255)) - client-9DC82E534C87->980d9c0c-33ac-4a22-b481-33b8b1eac469: receive RaftClientReply:client-9DC82E534C87->980d9c0c-33ac-4a22-b481-33b8b1eac469@group-23022C6A558E, cid=2613, SUCCESS, logIndex=3894, commits[980d9c0c-33ac-4a22-b481-33b8b1eac469:c3895, e00ee311-0ce1-4115-b4c1-69648d9d3094:c3891, bb9367ec-656d-4ade-92be-004a921408cc:c3891]
2019-08-06 03:26:35,317 INFO  client.GrpcClientProtocolClient (GrpcClientProtocolClient.java:onNext(255)) - client-9DC82E534C87->980d9c0c-33ac-4a22-b481-33b8b1eac469: receive RaftClientReply:client-9DC82E534C87->980d9c0c-33ac-4a22-b481-33b8b1eac469@group-23022C6A558E, cid=2614, SUCCESS, logIndex=3895, commits[980d9c0c-33ac-4a22-b481-33b8b1eac469:c3895, e00ee311-0ce1-4115-b4c1-69648d9d3094:c3891, bb9367ec-656d-4ade-92be-004a921408cc:c3891]
2019-08-06 03:26:35,329 INFO  client.GrpcClientProtocolClient (GrpcClientProtocolClient.java:onNext(255)) - client-9DC82E534C87->980d9c0c-33ac-4a22-b481-33b8b1eac469: receive RaftClientReply:client-9DC82E534C87->980d9c0c-33ac-4a22-b481-33b8b1eac469@group-23022C6A558E, cid=2615, SUCCESS, logIndex=0, commits[980d9c0c-33ac-4a22-b481-33b8b1eac469:c3897, e00ee311-0ce1-4115-b4c1-69648d9d3094:c3893, bb9367ec-656d-4ade-92be-004a921408cc:c3893]
2019-08-06 03:26:35,351 INFO  client.GrpcClientProtocolClient (GrpcClientProtocolClient.java:onNext(255)) - client-9DC82E534C87->980d9c0c-33ac-4a22-b481-33b8b1eac469: receive RaftClientReply:client-9DC82E534C87->980d9c0c-33ac-4a22-b481-33b8b1eac469@group-23022C6A558E, cid=2616, SUCCESS, logIndex=3900, commits[980d9c0c-33ac-4a22-b481-33b8b1eac469:c3901, e00ee311-0ce1-4115-b4c1-69648d9d3094:c3899, bb9367ec-656d-4ade-92be-004a921408cc:c3899]
2019-08-06 03:26:35,352 INFO  client.GrpcClientProtocolClient (GrpcClientProtocolClient.java:onNext(255)) - client-9DC82E534C87->980d9c0c-33ac-4a22-b481-33b8b1eac469: receive RaftClientReply:client-9DC82E534C87->980d9c0c-33ac-4a22-b481-33b8b1eac469@group-23022C6A558E, cid=2617, SUCCESS, logIndex=3901, commits[980d9c0c-33ac-4a22-b481-33b8b1eac469:c3901, e00ee311-0ce1-4115-b4c1-69648d9d3094:c3899, bb9367ec-656d-4ade-92be-004a921408cc:c3899]
2019-08-06 03:26:35,375 INFO  client.GrpcClientProtocolClient (GrpcClientProtocolClient.java:onNext(255)) - client-9DC82E534C87->980d9c0c-33ac-4a22-b481-33b8b1eac469: receive RaftClientReply:client-9DC82E534C87->980d9c0c-33ac-4a22-b481-33b8b1eac469@group-23022C6A558E, cid=2618, SUCCESS, logIndex=3904, commits[980d9c0c-33ac-4a22-b481-33b8b1eac469:c3905, e00ee311-0ce1-4115-b4c1-69648d9d3094:c3900, bb9367ec-656d-4ade-92be-004a921408cc:c3901]
2019-08-06 03:26:35,376 INFO  client.GrpcClientProtocolClient (GrpcClientProtocolClient.java:onNext(255)) - client-9DC82E534C87->980d9c0c-33ac-4a22-b481-33b8b1eac469: receive RaftClientReply:client-9DC82E534C87->980d9c0c-33ac-4a22-b481-33b8b1eac469@group-23022C6A558E, cid=2619, SUCCESS, logIndex=3905, commits[980d9c0c-33ac-4a22-b481-33b8b1eac469:c3905, e00ee311-0ce1-4115-b4c1-69648d9d3094:c3901, bb9367ec-656d-4ade-92be-004a921408cc:c3901]
2019-08-06 03:26:35,378 INFO  client.GrpcClientProtocolClient (GrpcClientProtocolClient.java:onNext(255)) - client-9DC82E534C87->980d9c0c-33ac-4a22-b481-33b8b1eac469: receive RaftClientReply:client-9DC82E534C87->980d9c0c-33ac-4a22-b481-33b8b1eac469@group-23022C6A558E, cid=2620, SUCCESS, logIndex=0, commits[980d9c0c-33ac-4a22-b481-33b8b1eac469:c3907, e00ee311-0ce1-4115-b4c1-69648d9d3094:c3905, bb9367ec-656d-4ade-92be-004a921408cc:c3905]
2019-08-06 03:26:35,534 INFO  client.GrpcClientProtocolClient (GrpcClientProtocolClient.java:onNext(255)) - client-9DC82E534C87->980d9c0c-33ac-4a22-b481-33b8b1eac469: receive RaftClientReply:client-9DC82E534C87->980d9c0c-33ac-4a22-b481-33b8b1eac469@group-23022C6A558E, cid=2621, SUCCESS, logIndex=3908, commits[980d9c0c-33ac-4a22-b481-33b8b1eac469:c3911, e00ee311-0ce1-4115-b4c1-69648d9d3094:c3907, bb9367ec-656d-4ade-92be-004a921408cc:c3907]
2019-08-06 03:26:35,535 INFO  client.GrpcClientProtocolClient (GrpcClientProtocolClient.java:onNext(255)) - client-9DC82E534C87->980d9c0c-33ac-4a22-b481-33b8b1eac469: receive RaftClientReply:client-9DC82E534C87->980d9c0c-33ac-4a22-b481-33b8b1eac469@group-23022C6A558E, cid=2622, SUCCESS, logIndex=3909, commits[980d9c0c-33ac-4a22-b481-33b8b1eac469:c3911, e00ee311-0ce1-4115-b4c1-69648d9d3094:c3907, bb9367ec-656d-4ade-92be-004a921408cc:c3907]
2019-08-06 03:26:35,535 INFO  client.GrpcClientProtocolClient (GrpcClientProtocolClient.java:onNext(255)) - client-9DC82E534C87->980d9c0c-33ac-4a22-b481-33b8b1eac469: receive RaftClientReply:client-9DC82E534C87->980d9c0c-33ac-4a22-b481-33b8b1eac469@group-23022C6A558E, cid=2623, SUCCESS, logIndex=3910, commits[980d9c0c-33ac-4a22-b481-33b8b1eac469:c3911, e00ee311-0ce1-4115-b4c1-69648d9d3094:c3907, bb9367ec-656d-4ade-92be-004a921408cc:c3907]
2019-08-06 03:26:35,536 INFO  client.GrpcClientProtocolClient (GrpcClientProtocolClient.java:onNext(255)) - client-9DC82E534C87->980d9c0c-33ac-4a22-b481-33b8b1eac469: receive RaftClientReply:client-9DC82E534C87->980d9c0c-33ac-4a22-b481-33b8b1eac469@group-23022C6A558E, cid=2624, SUCCESS, logIndex=3911, commits[980d9c0c-33ac-4a22-b481-33b8b1eac469:c3911, e00ee311-0ce1-4115-b4c1-69648d9d3094:c3907, bb9367ec-656d-4ade-92be-004a921408cc:c3907]
2019-08-06 03:26:35,546 INFO  client.GrpcClientProtocolClient (GrpcClientProtocolClient.java:onNext(255)) - client-9DC82E534C87->980d9c0c-33ac-4a22-b481-33b8b1eac469: receive RaftClientReply:client-9DC82E534C87->980d9c0c-33ac-4a22-b481-33b8b1eac469@group-23022C6A558E, cid=2625, SUCCESS, logIndex=0, commits[980d9c0c-33ac-4a22-b481-33b8b1eac469:c3913, e00ee311-0ce1-4115-b4c1-69648d9d3094:c3909, bb9367ec-656d-4ade-92be-004a921408cc:c3909]
2019-08-06 03:26:35,568 INFO  client.GrpcClientProtocolClient (GrpcClientProtocolClient.java:onNext(255)) - client-9DC82E534C87->980d9c0c-33ac-4a22-b481-33b8b1eac469: receive RaftClientReply:client-9DC82E534C87->980d9c0c-33ac-4a22-b481-33b8b1eac469@group-23022C6A558E, cid=2626, SUCCESS, logIndex=3916, commits[980d9c0c-33ac-4a22-b481-33b8b1eac469:c3917, e00ee311-0ce1-4115-b4c1-69648d9d3094:c3915, bb9367ec-656d-4ade-92be-004a921408cc:c3915]
2019-08-06 03:26:35,568 INFO  client.GrpcClientProtocolClient (GrpcClientProtocolClient.java:onNext(255)) - client-9DC82E534C87->980d9c0c-33ac-4a22-b481-33b8b1eac469: receive RaftClientReply:client-9DC82E534C87->980d9c0c-33ac-4a22-b481-33b8b1eac469@group-23022C6A558E, cid=2627, SUCCESS, logIndex=3917, commits[980d9c0c-33ac-4a22-b481-33b8b1eac469:c3917, e00ee311-0ce1-4115-b4c1-69648d9d3094:c3915, bb9367ec-656d-4ade-92be-004a921408cc:c3915]
2019-08-06 03:26:35,581 INFO  client.GrpcClientProtocolClient (GrpcClientProtocolClient.java:onNext(255)) - client-9DC82E534C87->980d9c0c-33ac-4a22-b481-33b8b1eac469: receive RaftClientReply:client-9DC82E534C87->980d9c0c-33ac-4a22-b481-33b8b1eac469@group-23022C6A558E, cid=2628, SUCCESS, logIndex=3920, commits[980d9c0c-33ac-4a22-b481-33b8b1eac469:c3921, e00ee311-0ce1-4115-b4c1-69648d9d3094:c3917, bb9367ec-656d-4ade-92be-004a921408cc:c3916]
2019-08-06 03:26:35,582 INFO  client.GrpcClientProtocolClient (GrpcClientProtocolClient.java:onNext(255)) - client-9DC82E534C87->980d9c0c-33ac-4a22-b481-33b8b1eac469: receive RaftClientReply:client-9DC82E534C87->980d9c0c-33ac-4a22-b481-33b8b1eac469@group-23022C6A558E, cid=2629, SUCCESS, logIndex=3921, commits[980d9c0c-33ac-4a22-b481-33b8b1eac469:c3921, e00ee311-0ce1-4115-b4c1-69648d9d3094:c3917, bb9367ec-656d-4ade-92be-004a921408cc:c3917]
2019-08-06 03:26:35,583 INFO  client.GrpcClientProtocolClient (GrpcClientProtocolClient.java:onNext(255)) - client-9DC82E534C87->980d9c0c-33ac-4a22-b481-33b8b1eac469: receive RaftClientReply:client-9DC82E534C87->980d9c0c-33ac-4a22-b481-33b8b1eac469@group-23022C6A558E, cid=2630, SUCCESS, logIndex=0, commits[980d9c0c-33ac-4a22-b481-33b8b1eac469:c3922, e00ee311-0ce1-4115-b4c1-69648d9d3094:c3921, bb9367ec-656d-4ade-92be-004a921408cc:c3921]
2019-08-06 03:26:35,617 INFO  client.GrpcClientProtocolClient (GrpcClientProtocolClient.java:onNext(255)) - client-9DC82E534C87->980d9c0c-33ac-4a22-b481-33b8b1eac469: receive RaftClientReply:client-9DC82E534C87->980d9c0c-33ac-4a22-b481-33b8b1eac469@group-23022C6A558E, cid=2631, SUCCESS, logIndex=3924, commits[980d9c0c-33ac-4a22-b481-33b8b1eac469:c3925, e00ee311-0ce1-4115-b4c1-69648d9d3094:c3923, bb9367ec-656d-4ade-92be-004a921408cc:c3923]
2019-08-06 03:26:35,618 INFO  client.GrpcClientProtocolClient (GrpcClientProtocolClient.java:onNext(255)) - client-9DC82E534C87->980d9c0c-33ac-4a22-b481-33b8b1eac469: receive RaftClientReply:client-9DC82E534C87->980d9c0c-33ac-4a22-b481-33b8b1eac469@group-23022C6A558E, cid=2632, SUCCESS, logIndex=3925, commits[980d9c0c-33ac-4a22-b481-33b8b1eac469:c3927, e00ee311-0ce1-4115-b4c1-69648d9d3094:c3923, bb9367ec-656d-4ade-92be-004a921408cc:c3923]
2019-08-06 03:26:35,618 INFO  client.GrpcClientProtocolClient (GrpcClientProtocolClient.java:onNext(255)) - client-9DC82E534C87->980d9c0c-33ac-4a22-b481-33b8b1eac469: receive RaftClientReply:client-9DC82E534C87->980d9c0c-33ac-4a22-b481-33b8b1eac469@group-23022C6A558E, cid=2633, SUCCESS, logIndex=3926, commits[980d9c0c-33ac-4a22-b481-33b8b1eac469:c3927, e00ee311-0ce1-4115-b4c1-69648d9d3094:c3923, bb9367ec-656d-4ade-92be-004a921408cc:c3923]
2019-08-06 03:26:35,618 INFO  client.GrpcClientProtocolClient (GrpcClientProtocolClient.java:onNext(255)) - client-9DC82E534C87->980d9c0c-33ac-4a22-b481-33b8b1eac469: receive RaftClientReply:client-9DC82E534C87->980d9c0c-33ac-4a22-b481-33b8b1eac469@group-23022C6A558E, cid=2634, SUCCESS, logIndex=3927, commits[980d9c0c-33ac-4a22-b481-33b8b1eac469:c3927, e00ee311-0ce1-4115-b4c1-69648d9d3094:c3923, bb9367ec-656d-4ade-92be-004a921408cc:c3923]
2019-08-06 03:26:35,619 INFO  client.GrpcClientProtocolClient (GrpcClientProtocolClient.java:onNext(255)) - client-9DC82E534C87->980d9c0c-33ac-4a22-b481-33b8b1eac469: receive RaftClientReply:client-9DC82E534C87->980d9c0c-33ac-4a22-b481-33b8b1eac469@group-23022C6A558E, cid=2635, SUCCESS, logIndex=0, commits[980d9c0c-33ac-4a22-b481-33b8b1eac469:c3930, e00ee311-0ce1-4115-b4c1-69648d9d3094:c3926, bb9367ec-656d-4ade-92be-004a921408cc:c3925]
2019-08-06 03:26:35,639 INFO  client.GrpcClientProtocolClient (GrpcClientProtocolClient.java:onNext(255)) - client-9DC82E534C87->980d9c0c-33ac-4a22-b481-33b8b1eac469: receive RaftClientReply:client-9DC82E534C87->980d9c0c-33ac-4a22-b481-33b8b1eac469@group-23022C6A558E, cid=2636, SUCCESS, logIndex=3932, commits[980d9c0c-33ac-4a22-b481-33b8b1eac469:c3933, e00ee311-0ce1-4115-b4c1-69648d9d3094:c3931, bb9367ec-656d-4ade-92be-004a921408cc:c3931]
2019-08-06 03:26:35,639 INFO  client.GrpcClientProtocolClient (GrpcClientProtocolClient.java:onNext(255)) - client-9DC82E534C87->980d9c0c-33ac-4a22-b481-33b8b1eac469: receive RaftClientReply:client-9DC82E534C87->980d9c0c-33ac-4a22-b481-33b8b1eac469@group-23022C6A558E, cid=2637, SUCCESS, logIndex=3933, commits[980d9c0c-33ac-4a22-b481-33b8b1eac469:c3933, e00ee311-0ce1-4115-b4c1-69648d9d3094:c3931, bb9367ec-656d-4ade-92be-004a921408cc:c3931]
2019-08-06 03:26:35,655 INFO  client.GrpcClientProtocolClient (GrpcClientProtocolClient.java:onNext(255)) - client-9DC82E534C87->980d9c0c-33ac-4a22-b481-33b8b1eac469: receive RaftClientReply:client-9DC82E534C87->980d9c0c-33ac-4a22-b481-33b8b1eac469@group-23022C6A558E, cid=2638, SUCCESS, logIndex=3936, commits[980d9c0c-33ac-4a22-b481-33b8b1eac469:c3936, e00ee311-0ce1-4115-b4c1-69648d9d3094:c3933, bb9367ec-656d-4ade-92be-004a921408cc:c3933]
2019-08-06 03:26:35,656 INFO  client.GrpcClientProtocolClient (GrpcClientProtocolClient.java:onNext(255)) - client-9DC82E534C87->980d9c0c-33ac-4a22-b481-33b8b1eac469: receive RaftClientReply:client-9DC82E534C87->980d9c0c-33ac-4a22-b481-33b8b1eac469@group-23022C6A558E, cid=2639, SUCCESS, logIndex=3937, commits[980d9c0c-33ac-4a22-b481-33b8b1eac469:c3937, e00ee311-0ce1-4115-b4c1-69648d9d3094:c3933, bb9367ec-656d-4ade-92be-004a921408cc:c3933]
2019-08-06 03:26:35,668 INFO  client.GrpcClientProtocolClient (GrpcClientProtocolClient.java:onNext(255)) - client-9DC82E534C87->980d9c0c-33ac-4a22-b481-33b8b1eac469: receive RaftClientReply:client-9DC82E534C87->980d9c0c-33ac-4a22-b481-33b8b1eac469@group-23022C6A558E, cid=2640, SUCCESS, logIndex=0, commits[980d9c0c-33ac-4a22-b481-33b8b1eac469:c3938, e00ee311-0ce1-4115-b4c1-69648d9d3094:c3937, bb9367ec-656d-4ade-92be-004a921408cc:c3937]
2019-08-06 03:26:35,698 INFO  client.GrpcClientProtocolClient (GrpcClientProtocolClient.java:onNext(255)) - client-9DC82E534C87->980d9c0c-33ac-4a22-b481-33b8b1eac469: receive RaftClientReply:client-9DC82E534C87->980d9c0c-33ac-4a22-b481-33b8b1eac469@group-23022C6A558E, cid=2641, SUCCESS, logIndex=3940, commits[980d9c0c-33ac-4a22-b481-33b8b1eac469:c3941, e00ee311-0ce1-4115-b4c1-69648d9d3094:c3939, bb9367ec-656d-4ade-92be-004a921408cc:c3939]
2019-08-06 03:26:35,699 INFO  client.GrpcClientProtocolClient (GrpcClientProtocolClient.java:onNext(255)) - client-9DC82E534C87->980d9c0c-33ac-4a22-b481-33b8b1eac469: receive RaftClientReply:client-9DC82E534C87->980d9c0c-33ac-4a22-b481-33b8b1eac469@group-23022C6A558E, cid=2642, SUCCESS, logIndex=3941, commits[980d9c0c-33ac-4a22-b481-33b8b1eac469:c3943, e00ee311-0ce1-4115-b4c1-69648d9d3094:c3939, bb9367ec-656d-4ade-92be-004a921408cc:c3939]
2019-08-06 03:26:35,699 INFO  client.GrpcClientProtocolClient (GrpcClientProtocolClient.java:onNext(255)) - client-9DC82E534C87->980d9c0c-33ac-4a22-b481-33b8b1eac469: receive RaftClientReply:client-9DC82E534C87->980d9c0c-33ac-4a22-b481-33b8b1eac469@group-23022C6A558E, cid=2643, SUCCESS, logIndex=3942, commits[980d9c0c-33ac-4a22-b481-33b8b1eac469:c3943, e00ee311-0ce1-4115-b4c1-69648d9d3094:c3939, bb9367ec-656d-4ade-92be-004a921408cc:c3939]
2019-08-06 03:26:35,700 INFO  client.GrpcClientProtocolClient (GrpcClientProtocolClient.java:onNext(255)) - client-9DC82E534C87->980d9c0c-33ac-4a22-b481-33b8b1eac469: receive RaftClientReply:client-9DC82E534C87->980d9c0c-33ac-4a22-b481-33b8b1eac469@group-23022C6A558E, cid=2644, SUCCESS, logIndex=3943, commits[980d9c0c-33ac-4a22-b481-33b8b1eac469:c3943, e00ee311-0ce1-4115-b4c1-69648d9d3094:c3939, bb9367ec-656d-4ade-92be-004a921408cc:c3939]
2019-08-06 03:26:35,700 INFO  client.GrpcClientProtocolClient (GrpcClientProtocolClient.java:onNext(255)) - client-9DC82E534C87->980d9c0c-33ac-4a22-b481-33b8b1eac469: receive RaftClientReply:client-9DC82E534C87->980d9c0c-33ac-4a22-b481-33b8b1eac469@group-23022C6A558E, cid=2645, SUCCESS, logIndex=0, commits[980d9c0c-33ac-4a22-b481-33b8b1eac469:c3945, e00ee311-0ce1-4115-b4c1-69648d9d3094:c3941, bb9367ec-656d-4ade-92be-004a921408cc:c3941]
2019-08-06 03:26:35,722 INFO  client.GrpcClientProtocolClient (GrpcClientProtocolClient.java:onNext(255)) - client-9DC82E534C87->980d9c0c-33ac-4a22-b481-33b8b1eac469: receive RaftClientReply:client-9DC82E534C87->980d9c0c-33ac-4a22-b481-33b8b1eac469@group-23022C6A558E, cid=2646, SUCCESS, logIndex=3947, commits[980d9c0c-33ac-4a22-b481-33b8b1eac469:c3948, e00ee311-0ce1-4115-b4c1-69648d9d3094:c3946, bb9367ec-656d-4ade-92be-004a921408cc:c3946]
2019-08-06 03:26:35,722 INFO  client.GrpcClientProtocolClient (GrpcClientProtocolClient.java:onNext(255)) - client-9DC82E534C87->980d9c0c-33ac-4a22-b481-33b8b1eac469: receive RaftClientReply:client-9DC82E534C87->980d9c0c-33ac-4a22-b481-33b8b1eac469@group-23022C6A558E, cid=2647, SUCCESS, logIndex=3948, commits[980d9c0c-33ac-4a22-b481-33b8b1eac469:c3948, e00ee311-0ce1-4115-b4c1-69648d9d3094:c3946, bb9367ec-656d-4ade-92be-004a921408cc:c3946]
2019-08-06 03:26:35,742 INFO  client.GrpcClientProtocolClient (GrpcClientProtocolClient.java:onNext(255)) - client-9DC82E534C87->980d9c0c-33ac-4a22-b481-33b8b1eac469: receive RaftClientReply:client-9DC82E534C87->980d9c0c-33ac-4a22-b481-33b8b1eac469@group-23022C6A558E, cid=2648, SUCCESS, logIndex=3951, commits[980d9c0c-33ac-4a22-b481-33b8b1eac469:c3951, e00ee311-0ce1-4115-b4c1-69648d9d3094:c3948, bb9367ec-656d-4ade-92be-004a921408cc:c3948]
2019-08-06 03:26:35,742 INFO  client.GrpcClientProtocolClient (GrpcClientProtocolClient.java:onNext(255)) - client-9DC82E534C87->980d9c0c-33ac-4a22-b481-33b8b1eac469: receive RaftClientReply:client-9DC82E534C87->980d9c0c-33ac-4a22-b481-33b8b1eac469@group-23022C6A558E, cid=2649, SUCCESS, logIndex=3952, commits[980d9c0c-33ac-4a22-b481-33b8b1eac469:c3952, e00ee311-0ce1-4115-b4c1-69648d9d3094:c3948, bb9367ec-656d-4ade-92be-004a921408cc:c3948]
2019-08-06 03:26:35,755 INFO  client.GrpcClientProtocolClient (GrpcClientProtocolClient.java:onNext(255)) - client-9DC82E534C87->980d9c0c-33ac-4a22-b481-33b8b1eac469: receive RaftClientReply:client-9DC82E534C87->980d9c0c-33ac-4a22-b481-33b8b1eac469@group-23022C6A558E, cid=2650, SUCCESS, logIndex=0, commits[980d9c0c-33ac-4a22-b481-33b8b1eac469:c3954, e00ee311-0ce1-4115-b4c1-69648d9d3094:c3952, bb9367ec-656d-4ade-92be-004a921408cc:c3952]
2019-08-06 03:26:35,782 INFO  client.GrpcClientProtocolClient (GrpcClientProtocolClient.java:onNext(255)) - client-9DC82E534C87->980d9c0c-33ac-4a22-b481-33b8b1eac469: receive RaftClientReply:client-9DC82E534C87->980d9c0c-33ac-4a22-b481-33b8b1eac469@group-23022C6A558E, cid=2651, SUCCESS, logIndex=3955, commits[980d9c0c-33ac-4a22-b481-33b8b1eac469:c3956, e00ee311-0ce1-4115-b4c1-69648d9d3094:c3954, bb9367ec-656d-4ade-92be-004a921408cc:c3954]
2019-08-06 03:26:35,783 INFO  client.GrpcClientProtocolClient (GrpcClientProtocolClient.java:onNext(255)) - client-9DC82E534C87->980d9c0c-33ac-4a22-b481-33b8b1eac469: receive RaftClientReply:client-9DC82E534C87->980d9c0c-33ac-4a22-b481-33b8b1eac469@group-23022C6A558E, cid=2652, SUCCESS, logIndex=3956, commits[980d9c0c-33ac-4a22-b481-33b8b1eac469:c3958, e00ee311-0ce1-4115-b4c1-69648d9d3094:c3954, bb9367ec-656d-4ade-92be-004a921408cc:c3954]
2019-08-06 03:26:35,783 INFO  client.GrpcClientProtocolClient (GrpcClientProtocolClient.java:onNext(255)) - client-9DC82E534C87->980d9c0c-33ac-4a22-b481-33b8b1eac469: receive RaftClientReply:client-9DC82E534C87->980d9c0c-33ac-4a22-b481-33b8b1eac469@group-23022C6A558E, cid=2653, SUCCESS, logIndex=3957, commits[980d9c0c-33ac-4a22-b481-33b8b1eac469:c3958, e00ee311-0ce1-4115-b4c1-69648d9d3094:c3954, bb9367ec-656d-4ade-92be-004a921408cc:c3954]
2019-08-06 03:26:35,783 INFO  client.GrpcClientProtocolClient (GrpcClientProtocolClient.java:onNext(255)) - client-9DC82E534C87->980d9c0c-33ac-4a22-b481-33b8b1eac469: receive RaftClientReply:client-9DC82E534C87->980d9c0c-33ac-4a22-b481-33b8b1eac469@group-23022C6A558E, cid=2654, SUCCESS, logIndex=3958, commits[980d9c0c-33ac-4a22-b481-33b8b1eac469:c3958, e00ee311-0ce1-4115-b4c1-69648d9d3094:c3954, bb9367ec-656d-4ade-92be-004a921408cc:c3954]
2019-08-06 03:26:35,784 INFO  client.GrpcClientProtocolClient (GrpcClientProtocolClient.java:onNext(255)) - client-9DC82E534C87->980d9c0c-33ac-4a22-b481-33b8b1eac469: receive RaftClientReply:client-9DC82E534C87->980d9c0c-33ac-4a22-b481-33b8b1eac469@group-23022C6A558E, cid=2655, SUCCESS, logIndex=0, commits[980d9c0c-33ac-4a22-b481-33b8b1eac469:c3960, e00ee311-0ce1-4115-b4c1-69648d9d3094:c3956, bb9367ec-656d-4ade-92be-004a921408cc:c3956]
2019-08-06 03:26:35,804 INFO  client.GrpcClientProtocolClient (GrpcClientProtocolClient.java:onNext(255)) - client-9DC82E534C87->980d9c0c-33ac-4a22-b481-33b8b1eac469: receive RaftClientReply:client-9DC82E534C87->980d9c0c-33ac-4a22-b481-33b8b1eac469@group-23022C6A558E, cid=2656, SUCCESS, logIndex=3962, commits[980d9c0c-33ac-4a22-b481-33b8b1eac469:c3963, e00ee311-0ce1-4115-b4c1-69648d9d3094:c3961, bb9367ec-656d-4ade-92be-004a921408cc:c3961]
2019-08-06 03:26:35,804 INFO  client.GrpcClientProtocolClient (GrpcClientProtocolClient.java:onNext(255)) - client-9DC82E534C87->980d9c0c-33ac-4a22-b481-33b8b1eac469: receive RaftClientReply:client-9DC82E534C87->980d9c0c-33ac-4a22-b481-33b8b1eac469@group-23022C6A558E, cid=2657, SUCCESS, logIndex=3963, commits[980d9c0c-33ac-4a22-b481-33b8b1eac469:c3963, e00ee311-0ce1-4115-b4c1-69648d9d3094:c3961, bb9367ec-656d-4ade-92be-004a921408cc:c3961]
2019-08-06 03:26:35,818 INFO  client.GrpcClientProtocolClient (GrpcClientProtocolClient.java:onNext(255)) - client-9DC82E534C87->980d9c0c-33ac-4a22-b481-33b8b1eac469: receive RaftClientReply:client-9DC82E534C87->980d9c0c-33ac-4a22-b481-33b8b1eac469@group-23022C6A558E, cid=2658, SUCCESS, logIndex=3966, commits[980d9c0c-33ac-4a22-b481-33b8b1eac469:c3967, e00ee311-0ce1-4115-b4c1-69648d9d3094:c3962, bb9367ec-656d-4ade-92be-004a921408cc:c3963]
2019-08-06 03:26:35,819 INFO  client.GrpcClientProtocolClient (GrpcClientProtocolClient.java:onNext(255)) - client-9DC82E534C87->980d9c0c-33ac-4a22-b481-33b8b1eac469: receive RaftClientReply:client-9DC82E534C87->980d9c0c-33ac-4a22-b481-33b8b1eac469@group-23022C6A558E, cid=2659, SUCCESS, logIndex=3967, commits[980d9c0c-33ac-4a22-b481-33b8b1eac469:c3967, e00ee311-0ce1-4115-b4c1-69648d9d3094:c3963, bb9367ec-656d-4ade-92be-004a921408cc:c3963]
2019-08-06 03:26:35,820 INFO  client.GrpcClientProtocolClient (GrpcClientProtocolClient.java:onNext(255)) - client-9DC82E534C87->980d9c0c-33ac-4a22-b481-33b8b1eac469: receive RaftClientReply:client-9DC82E534C87->980d9c0c-33ac-4a22-b481-33b8b1eac469@group-23022C6A558E, cid=2660, SUCCESS, logIndex=0, commits[980d9c0c-33ac-4a22-b481-33b8b1eac469:c3969, e00ee311-0ce1-4115-b4c1-69648d9d3094:c3967, bb9367ec-656d-4ade-92be-004a921408cc:c3967]
2019-08-06 03:26:35,847 INFO  client.GrpcClientProtocolClient (GrpcClientProtocolClient.java:onNext(255)) - client-9DC82E534C87->980d9c0c-33ac-4a22-b481-33b8b1eac469: receive RaftClientReply:client-9DC82E534C87->980d9c0c-33ac-4a22-b481-33b8b1eac469@group-23022C6A558E, cid=2661, SUCCESS, logIndex=3970, commits[980d9c0c-33ac-4a22-b481-33b8b1eac469:c3971, e00ee311-0ce1-4115-b4c1-69648d9d3094:c3969, bb9367ec-656d-4ade-92be-004a921408cc:c3969]
2019-08-06 03:26:35,847 INFO  client.GrpcClientProtocolClient (GrpcClientProtocolClient.java:onNext(255)) - client-9DC82E534C87->980d9c0c-33ac-4a22-b481-33b8b1eac469: receive RaftClientReply:client-9DC82E534C87->980d9c0c-33ac-4a22-b481-33b8b1eac469@group-23022C6A558E, cid=2662, SUCCESS, logIndex=3971, commits[980d9c0c-33ac-4a22-b481-33b8b1eac469:c3971, e00ee311-0ce1-4115-b4c1-69648d9d3094:c3969, bb9367ec-656d-4ade-92be-004a921408cc:c3969]
2019-08-06 03:26:35,848 INFO  client.GrpcClientProtocolClient (GrpcClientProtocolClient.java:onNext(255)) - client-9DC82E534C87->980d9c0c-33ac-4a22-b481-33b8b1eac469: receive RaftClientReply:client-9DC82E534C87->980d9c0c-33ac-4a22-b481-33b8b1eac469@group-23022C6A558E, cid=2663, SUCCESS, logIndex=3972, commits[980d9c0c-33ac-4a22-b481-33b8b1eac469:c3973, e00ee311-0ce1-4115-b4c1-69648d9d3094:c3969, bb9367ec-656d-4ade-92be-004a921408cc:c3969]
2019-08-06 03:26:35,848 INFO  client.GrpcClientProtocolClient (GrpcClientProtocolClient.java:onNext(255)) - client-9DC82E534C87->980d9c0c-33ac-4a22-b481-33b8b1eac469: receive RaftClientReply:client-9DC82E534C87->980d9c0c-33ac-4a22-b481-33b8b1eac469@group-23022C6A558E, cid=2664, SUCCESS, logIndex=3973, commits[980d9c0c-33ac-4a22-b481-33b8b1eac469:c3973, e00ee311-0ce1-4115-b4c1-69648d9d3094:c3969, bb9367ec-656d-4ade-92be-004a921408cc:c3969]
2019-08-06 03:26:35,849 INFO  client.GrpcClientProtocolClient (GrpcClientProtocolClient.java:onNext(255)) - client-9DC82E534C87->980d9c0c-33ac-4a22-b481-33b8b1eac469: receive RaftClientReply:client-9DC82E534C87->980d9c0c-33ac-4a22-b481-33b8b1eac469@group-23022C6A558E, cid=2665, SUCCESS, logIndex=0, commits[980d9c0c-33ac-4a22-b481-33b8b1eac469:c3975, e00ee311-0ce1-4115-b4c1-69648d9d3094:c3971, bb9367ec-656d-4ade-92be-004a921408cc:c3971]
2019-08-06 03:26:35,868 INFO  client.GrpcClientProtocolClient (GrpcClientProtocolClient.java:onNext(255)) - client-9DC82E534C87->980d9c0c-33ac-4a22-b481-33b8b1eac469: receive RaftClientReply:client-9DC82E534C87->980d9c0c-33ac-4a22-b481-33b8b1eac469@group-23022C6A558E, cid=2666, SUCCESS, logIndex=3978, commits[980d9c0c-33ac-4a22-b481-33b8b1eac469:c3979, e00ee311-0ce1-4115-b4c1-69648d9d3094:c3977, bb9367ec-656d-4ade-92be-004a921408cc:c3977]
2019-08-06 03:26:35,868 INFO  client.GrpcClientProtocolClient (GrpcClientProtocolClient.java:onNext(255)) - client-9DC82E534C87->980d9c0c-33ac-4a22-b481-33b8b1eac469: receive RaftClientReply:client-9DC82E534C87->980d9c0c-33ac-4a22-b481-33b8b1eac469@group-23022C6A558E, cid=2667, SUCCESS, logIndex=3979, commits[980d9c0c-33ac-4a22-b481-33b8b1eac469:c3979, e00ee311-0ce1-4115-b4c1-69648d9d3094:c3977, bb9367ec-656d-4ade-92be-004a921408cc:c3977]
2019-08-06 03:26:35,881 INFO  client.GrpcClientProtocolClient (GrpcClientProtocolClient.java:onNext(255)) - client-9DC82E534C87->980d9c0c-33ac-4a22-b481-33b8b1eac469: receive RaftClientReply:client-9DC82E534C87->980d9c0c-33ac-4a22-b481-33b8b1eac469@group-23022C6A558E, cid=2668, SUCCESS, logIndex=3982, commits[980d9c0c-33ac-4a22-b481-33b8b1eac469:c3983, e00ee311-0ce1-4115-b4c1-69648d9d3094:c3979, bb9367ec-656d-4ade-92be-004a921408cc:c3979]
2019-08-06 03:26:35,881 INFO  client.GrpcClientProtocolClient (GrpcClientProtocolClient.java:onNext(255)) - client-9DC82E534C87->980d9c0c-33ac-4a22-b481-33b8b1eac469: receive RaftClientReply:client-9DC82E534C87->980d9c0c-33ac-4a22-b481-33b8b1eac469@group-23022C6A558E, cid=2669, SUCCESS, logIndex=3983, commits[980d9c0c-33ac-4a22-b481-33b8b1eac469:c3983, e00ee311-0ce1-4115-b4c1-69648d9d3094:c3979, bb9367ec-656d-4ade-92be-004a921408cc:c3979]
2019-08-06 03:26:35,895 INFO  client.GrpcClientProtocolClient (GrpcClientProtocolClient.java:onNext(255)) - client-9DC82E534C87->980d9c0c-33ac-4a22-b481-33b8b1eac469: receive RaftClientReply:client-9DC82E534C87->980d9c0c-33ac-4a22-b481-33b8b1eac469@group-23022C6A558E, cid=2670, SUCCESS, logIndex=0, commits[980d9c0c-33ac-4a22-b481-33b8b1eac469:c3985, e00ee311-0ce1-4115-b4c1-69648d9d3094:c3983, bb9367ec-656d-4ade-92be-004a921408cc:c3983]
2019-08-06 03:26:35,923 INFO  client.GrpcClientProtocolClient (GrpcClientProtocolClient.java:onNext(255)) - client-9DC82E534C87->980d9c0c-33ac-4a22-b481-33b8b1eac469: receive RaftClientReply:client-9DC82E534C87->980d9c0c-33ac-4a22-b481-33b8b1eac469@group-23022C6A558E, cid=2671, SUCCESS, logIndex=3986, commits[980d9c0c-33ac-4a22-b481-33b8b1eac469:c3987, e00ee311-0ce1-4115-b4c1-69648d9d3094:c3985, bb9367ec-656d-4ade-92be-004a921408cc:c3985]
2019-08-06 03:26:35,924 INFO  client.GrpcClientProtocolClient (GrpcClientProtocolClient.java:onNext(255)) - client-9DC82E534C87->980d9c0c-33ac-4a22-b481-33b8b1eac469: receive RaftClientReply:client-9DC82E534C87->980d9c0c-33ac-4a22-b481-33b8b1eac469@group-23022C6A558E, cid=2672, SUCCESS, logIndex=3987, commits[980d9c0c-33ac-4a22-b481-33b8b1eac469:c3989, e00ee311-0ce1-4115-b4c1-69648d9d3094:c3985, bb9367ec-656d-4ade-92be-004a921408cc:c3985]
2019-08-06 03:26:35,924 INFO  client.GrpcClientProtocolClient (GrpcClientProtocolClient.java:onNext(255)) - client-9DC82E534C87->980d9c0c-33ac-4a22-b481-33b8b1eac469: receive RaftClientReply:client-9DC82E534C87->980d9c0c-33ac-4a22-b481-33b8b1eac469@group-23022C6A558E, cid=2673, SUCCESS, logIndex=3988, commits[980d9c0c-33ac-4a22-b481-33b8b1eac469:c3989, e00ee311-0ce1-4115-b4c1-69648d9d3094:c3985, bb9367ec-656d-4ade-92be-004a921408cc:c3985]
2019-08-06 03:26:35,924 INFO  client.GrpcClientProtocolClient (GrpcClientProtocolClient.java:onNext(255)) - client-9DC82E534C87->980d9c0c-33ac-4a22-b481-33b8b1eac469: receive RaftClientReply:client-9DC82E534C87->980d9c0c-33ac-4a22-b481-33b8b1eac469@group-23022C6A558E, cid=2674, SUCCESS, logIndex=3989, commits[980d9c0c-33ac-4a22-b481-33b8b1eac469:c3989, e00ee311-0ce1-4115-b4c1-69648d9d3094:c3985, bb9367ec-656d-4ade-92be-004a921408cc:c3985]
2019-08-06 03:26:35,925 INFO  client.GrpcClientProtocolClient (GrpcClientProtocolClient.java:onNext(255)) - client-9DC82E534C87->980d9c0c-33ac-4a22-b481-33b8b1eac469: receive RaftClientReply:client-9DC82E534C87->980d9c0c-33ac-4a22-b481-33b8b1eac469@group-23022C6A558E, cid=2675, SUCCESS, logIndex=0, commits[980d9c0c-33ac-4a22-b481-33b8b1eac469:c3992, e00ee311-0ce1-4115-b4c1-69648d9d3094:c3987, bb9367ec-656d-4ade-92be-004a921408cc:c3989]
2019-08-06 03:26:35,935 INFO  client.GrpcClientProtocolClient (GrpcClientProtocolClient.java:onNext(255)) - client-9DC82E534C87->980d9c0c-33ac-4a22-b481-33b8b1eac469: receive RaftClientReply:client-9DC82E534C87->980d9c0c-33ac-4a22-b481-33b8b1eac469@group-23022C6A558E, cid=2676, SUCCESS, logIndex=3993, commits[980d9c0c-33ac-4a22-b481-33b8b1eac469:c3994, e00ee311-0ce1-4115-b4c1-69648d9d3094:c3992, bb9367ec-656d-4ade-92be-004a921408cc:c3992]
2019-08-06 03:26:35,936 INFO  client.GrpcClientProtocolClient (GrpcClientProtocolClient.java:onNext(255)) - client-9DC82E534C87->980d9c0c-33ac-4a22-b481-33b8b1eac469: receive RaftClientReply:client-9DC82E534C87->980d9c0c-33ac-4a22-b481-33b8b1eac469@group-23022C6A558E, cid=2677, SUCCESS, logIndex=3994, commits[980d9c0c-33ac-4a22-b481-33b8b1eac469:c3994, e00ee311-0ce1-4115-b4c1-69648d9d3094:c3992, bb9367ec-656d-4ade-92be-004a921408cc:c3992]
2019-08-06 03:26:35,946 INFO  client.GrpcClientProtocolClient (GrpcClientProtocolClient.java:onNext(255)) - client-9DC82E534C87->980d9c0c-33ac-4a22-b481-33b8b1eac469: receive RaftClientReply:client-9DC82E534C87->980d9c0c-33ac-4a22-b481-33b8b1eac469@group-23022C6A558E, cid=2678, SUCCESS, logIndex=3997, commits[980d9c0c-33ac-4a22-b481-33b8b1eac469:c3998, e00ee311-0ce1-4115-b4c1-69648d9d3094:c3996, bb9367ec-656d-4ade-92be-004a921408cc:c3994]
2019-08-06 03:26:35,946 INFO  client.GrpcClientProtocolClient (GrpcClientProtocolClient.java:onNext(255)) - client-9DC82E534C87->980d9c0c-33ac-4a22-b481-33b8b1eac469: receive RaftClientReply:client-9DC82E534C87->980d9c0c-33ac-4a22-b481-33b8b1eac469@group-23022C6A558E, cid=2679, SUCCESS, logIndex=3998, commits[980d9c0c-33ac-4a22-b481-33b8b1eac469:c3998, e00ee311-0ce1-4115-b4c1-69648d9d3094:c3996, bb9367ec-656d-4ade-92be-004a921408cc:c3996]
2019-08-06 03:26:35,948 INFO  client.GrpcClientProtocolClient (GrpcClientProtocolClient.java:onNext(255)) - client-9DC82E534C87->980d9c0c-33ac-4a22-b481-33b8b1eac469: receive RaftClientReply:client-9DC82E534C87->980d9c0c-33ac-4a22-b481-33b8b1eac469@group-23022C6A558E, cid=2680, SUCCESS, logIndex=0, commits[980d9c0c-33ac-4a22-b481-33b8b1eac469:c4000, e00ee311-0ce1-4115-b4c1-69648d9d3094:c3998, bb9367ec-656d-4ade-92be-004a921408cc:c3998]
2019-08-06 03:26:35,969 INFO  client.GrpcClientProtocolClient (GrpcClientProtocolClient.java:onNext(255)) - client-9DC82E534C87->980d9c0c-33ac-4a22-b481-33b8b1eac469: receive RaftClientReply:client-9DC82E534C87->980d9c0c-33ac-4a22-b481-33b8b1eac469@group-23022C6A558E, cid=2681, SUCCESS, logIndex=4001, commits[980d9c0c-33ac-4a22-b481-33b8b1eac469:c4004, e00ee311-0ce1-4115-b4c1-69648d9d3094:c4000, bb9367ec-656d-4ade-92be-004a921408cc:c3998]
2019-08-06 03:26:35,970 INFO  client.GrpcClientProtocolClient (GrpcClientProtocolClient.java:onNext(255)) - client-9DC82E534C87->980d9c0c-33ac-4a22-b481-33b8b1eac469: receive RaftClientReply:client-9DC82E534C87->980d9c0c-33ac-4a22-b481-33b8b1eac469@group-23022C6A558E, cid=2682, SUCCESS, logIndex=4002, commits[980d9c0c-33ac-4a22-b481-33b8b1eac469:c4004, e00ee311-0ce1-4115-b4c1-69648d9d3094:c4000, bb9367ec-656d-4ade-92be-004a921408cc:c4000]
2019-08-06 03:26:35,970 INFO  client.GrpcClientProtocolClient (GrpcClientProtocolClient.java:onNext(255)) - client-9DC82E534C87->980d9c0c-33ac-4a22-b481-33b8b1eac469: receive RaftClientReply:client-9DC82E534C87->980d9c0c-33ac-4a22-b481-33b8b1eac469@group-23022C6A558E, cid=2683, SUCCESS, logIndex=4003, commits[980d9c0c-33ac-4a22-b481-33b8b1eac469:c4004, e00ee311-0ce1-4115-b4c1-69648d9d3094:c4000, bb9367ec-656d-4ade-92be-004a921408cc:c4000]
2019-08-06 03:26:35,970 INFO  client.GrpcClientProtocolClient (GrpcClientProtocolClient.java:onNext(255)) - client-9DC82E534C87->980d9c0c-33ac-4a22-b481-33b8b1eac469: receive RaftClientReply:client-9DC82E534C87->980d9c0c-33ac-4a22-b481-33b8b1eac469@group-23022C6A558E, cid=2684, SUCCESS, logIndex=4004, commits[980d9c0c-33ac-4a22-b481-33b8b1eac469:c4004, e00ee311-0ce1-4115-b4c1-69648d9d3094:c4000, bb9367ec-656d-4ade-92be-004a921408cc:c4000]
2019-08-06 03:26:35,971 INFO  client.GrpcClientProtocolClient (GrpcClientProtocolClient.java:onNext(255)) - client-9DC82E534C87->980d9c0c-33ac-4a22-b481-33b8b1eac469: receive RaftClientReply:client-9DC82E534C87->980d9c0c-33ac-4a22-b481-33b8b1eac469@group-23022C6A558E, cid=2685, SUCCESS, logIndex=0, commits[980d9c0c-33ac-4a22-b481-33b8b1eac469:c4007, e00ee311-0ce1-4115-b4c1-69648d9d3094:c4002, bb9367ec-656d-4ade-92be-004a921408cc:c4004]
2019-08-06 03:26:35,997 INFO  client.GrpcClientProtocolClient (GrpcClientProtocolClient.java:onNext(255)) - client-9DC82E534C87->980d9c0c-33ac-4a22-b481-33b8b1eac469: receive RaftClientReply:client-9DC82E534C87->980d9c0c-33ac-4a22-b481-33b8b1eac469@group-23022C6A558E, cid=2686, SUCCESS, logIndex=4008, commits[980d9c0c-33ac-4a22-b481-33b8b1eac469:c4009, e00ee311-0ce1-4115-b4c1-69648d9d3094:c4004, bb9367ec-656d-4ade-92be-004a921408cc:c4007]
2019-08-06 03:26:35,997 INFO  client.GrpcClientProtocolClient (GrpcClientProtocolClient.java:onNext(255)) - client-9DC82E534C87->980d9c0c-33ac-4a22-b481-33b8b1eac469: receive RaftClientReply:client-9DC82E534C87->980d9c0c-33ac-4a22-b481-33b8b1eac469@group-23022C6A558E, cid=2687, SUCCESS, logIndex=4009, commits[980d9c0c-33ac-4a22-b481-33b8b1eac469:c4009, e00ee311-0ce1-4115-b4c1-69648d9d3094:c4007, bb9367ec-656d-4ade-92be-004a921408cc:c4007]
2019-08-06 03:26:36,017 INFO  client.GrpcClientProtocolClient (GrpcClientProtocolClient.java:onNext(255)) - client-9DC82E534C87->980d9c0c-33ac-4a22-b481-33b8b1eac469: receive RaftClientReply:client-9DC82E534C87->980d9c0c-33ac-4a22-b481-33b8b1eac469@group-23022C6A558E, cid=2688, SUCCESS, logIndex=4011, commits[980d9c0c-33ac-4a22-b481-33b8b1eac469:c4011, e00ee311-0ce1-4115-b4c1-69648d9d3094:c4010, bb9367ec-656d-4ade-92be-004a921408cc:c4010]
2019-08-06 03:26:36,017 INFO  client.GrpcClientProtocolClient (GrpcClientProtocolClient.java:onNext(255)) - client-9DC82E534C87->980d9c0c-33ac-4a22-b481-33b8b1eac469: receive RaftClientReply:client-9DC82E534C87->980d9c0c-33ac-4a22-b481-33b8b1eac469@group-23022C6A558E, cid=2689, SUCCESS, logIndex=4012, commits[980d9c0c-33ac-4a22-b481-33b8b1eac469:c4012, e00ee311-0ce1-4115-b4c1-69648d9d3094:c4010, bb9367ec-656d-4ade-92be-004a921408cc:c4010]
2019-08-06 03:26:36,030 INFO  client.GrpcClientProtocolClient (GrpcClientProtocolClient.java:onNext(255)) - client-9DC82E534C87->980d9c0c-33ac-4a22-b481-33b8b1eac469: receive RaftClientReply:client-9DC82E534C87->980d9c0c-33ac-4a22-b481-33b8b1eac469@group-23022C6A558E, cid=2690, SUCCESS, logIndex=0, commits[980d9c0c-33ac-4a22-b481-33b8b1eac469:c4014, e00ee311-0ce1-4115-b4c1-69648d9d3094:c4012, bb9367ec-656d-4ade-92be-004a921408cc:c4012]
2019-08-06 03:26:36,063 INFO  client.GrpcClientProtocolClient (GrpcClientProtocolClient.java:onNext(255)) - client-9DC82E534C87->980d9c0c-33ac-4a22-b481-33b8b1eac469: receive RaftClientReply:client-9DC82E534C87->980d9c0c-33ac-4a22-b481-33b8b1eac469@group-23022C6A558E, cid=2691, SUCCESS, logIndex=4015, commits[980d9c0c-33ac-4a22-b481-33b8b1eac469:c4016, e00ee311-0ce1-4115-b4c1-69648d9d3094:c4014, bb9367ec-656d-4ade-92be-004a921408cc:c4012]
2019-08-06 03:26:36,063 INFO  client.GrpcClientProtocolClient (GrpcClientProtocolClient.java:onNext(255)) - client-9DC82E534C87->980d9c0c-33ac-4a22-b481-33b8b1eac469: receive RaftClientReply:client-9DC82E534C87->980d9c0c-33ac-4a22-b481-33b8b1eac469@group-23022C6A558E, cid=2692, SUCCESS, logIndex=4016, commits[980d9c0c-33ac-4a22-b481-33b8b1eac469:c4018, e00ee311-0ce1-4115-b4c1-69648d9d3094:c4014, bb9367ec-656d-4ade-92be-004a921408cc:c4014]
2019-08-06 03:26:36,063 INFO  client.GrpcClientProtocolClient (GrpcClientProtocolClient.java:onNext(255)) - client-9DC82E534C87->980d9c0c-33ac-4a22-b481-33b8b1eac469: receive RaftClientReply:client-9DC82E534C87->980d9c0c-33ac-4a22-b481-33b8b1eac469@group-23022C6A558E, cid=2693, SUCCESS, logIndex=4017, commits[980d9c0c-33ac-4a22-b481-33b8b1eac469:c4018, e00ee311-0ce1-4115-b4c1-69648d9d3094:c4014, bb9367ec-656d-4ade-92be-004a921408cc:c4014]
2019-08-06 03:26:36,064 INFO  client.GrpcClientProtocolClient (GrpcClientProtocolClient.java:onNext(255)) - client-9DC82E534C87->980d9c0c-33ac-4a22-b481-33b8b1eac469: receive RaftClientReply:client-9DC82E534C87->980d9c0c-33ac-4a22-b481-33b8b1eac469@group-23022C6A558E, cid=2694, SUCCESS, logIndex=4018, commits[980d9c0c-33ac-4a22-b481-33b8b1eac469:c4018, e00ee311-0ce1-4115-b4c1-69648d9d3094:c4014, bb9367ec-656d-4ade-92be-004a921408cc:c4014]
2019-08-06 03:26:36,066 INFO  client.GrpcClientProtocolClient (GrpcClientProtocolClient.java:onNext(255)) - client-9DC82E534C87->980d9c0c-33ac-4a22-b481-33b8b1eac469: receive RaftClientReply:client-9DC82E534C87->980d9c0c-33ac-4a22-b481-33b8b1eac469@group-23022C6A558E, cid=2695, SUCCESS, logIndex=0, commits[980d9c0c-33ac-4a22-b481-33b8b1eac469:c4020, e00ee311-0ce1-4115-b4c1-69648d9d3094:c4016, bb9367ec-656d-4ade-92be-004a921408cc:c4016]
2019-08-06 03:26:36,080 INFO  client.GrpcClientProtocolClient (GrpcClientProtocolClient.java:onNext(255)) - client-9DC82E534C87->980d9c0c-33ac-4a22-b481-33b8b1eac469: receive RaftClientReply:client-9DC82E534C87->980d9c0c-33ac-4a22-b481-33b8b1eac469@group-23022C6A558E, cid=2696, SUCCESS, logIndex=4023, commits[980d9c0c-33ac-4a22-b481-33b8b1eac469:c4024, e00ee311-0ce1-4115-b4c1-69648d9d3094:c4020, bb9367ec-656d-4ade-92be-004a921408cc:c4018]
2019-08-06 03:26:36,080 INFO  client.GrpcClientProtocolClient (GrpcClientProtocolClient.java:onNext(255)) - client-9DC82E534C87->980d9c0c-33ac-4a22-b481-33b8b1eac469: receive RaftClientReply:client-9DC82E534C87->980d9c0c-33ac-4a22-b481-33b8b1eac469@group-23022C6A558E, cid=2697, SUCCESS, logIndex=4024, commits[980d9c0c-33ac-4a22-b481-33b8b1eac469:c4024, e00ee311-0ce1-4115-b4c1-69648d9d3094:c4020, bb9367ec-656d-4ade-92be-004a921408cc:c4020]
2019-08-06 03:26:36,094 INFO  client.GrpcClientProtocolClient (GrpcClientProtocolClient.java:onNext(255)) - client-9DC82E534C87->980d9c0c-33ac-4a22-b481-33b8b1eac469: receive RaftClientReply:client-9DC82E534C87->980d9c0c-33ac-4a22-b481-33b8b1eac469@group-23022C6A558E, cid=2698, SUCCESS, logIndex=4026, commits[980d9c0c-33ac-4a22-b481-33b8b1eac469:c4027, e00ee311-0ce1-4115-b4c1-69648d9d3094:c4024, bb9367ec-656d-4ade-92be-004a921408cc:c4024]
2019-08-06 03:26:36,094 INFO  client.GrpcClientProtocolClient (GrpcClientProtocolClient.java:onNext(255)) - client-9DC82E534C87->980d9c0c-33ac-4a22-b481-33b8b1eac469: receive RaftClientReply:client-9DC82E534C87->980d9c0c-33ac-4a22-b481-33b8b1eac469@group-23022C6A558E, cid=2699, SUCCESS, logIndex=4027, commits[980d9c0c-33ac-4a22-b481-33b8b1eac469:c4027, e00ee311-0ce1-4115-b4c1-69648d9d3094:c4024, bb9367ec-656d-4ade-92be-004a921408cc:c4024]
2019-08-06 03:26:36,108 INFO  client.GrpcClientProtocolClient (GrpcClientProtocolClient.java:onNext(255)) - client-9DC82E534C87->980d9c0c-33ac-4a22-b481-33b8b1eac469: receive RaftClientReply:client-9DC82E534C87->980d9c0c-33ac-4a22-b481-33b8b1eac469@group-23022C6A558E, cid=2700, SUCCESS, logIndex=0, commits[980d9c0c-33ac-4a22-b481-33b8b1eac469:c4029, e00ee311-0ce1-4115-b4c1-69648d9d3094:c4027, bb9367ec-656d-4ade-92be-004a921408cc:c4027]
2019-08-06 03:26:36,141 INFO  client.GrpcClientProtocolClient (GrpcClientProtocolClient.java:onNext(255)) - client-9DC82E534C87->980d9c0c-33ac-4a22-b481-33b8b1eac469: receive RaftClientReply:client-9DC82E534C87->980d9c0c-33ac-4a22-b481-33b8b1eac469@group-23022C6A558E, cid=2701, SUCCESS, logIndex=4030, commits[980d9c0c-33ac-4a22-b481-33b8b1eac469:c4033, e00ee311-0ce1-4115-b4c1-69648d9d3094:c4029, bb9367ec-656d-4ade-92be-004a921408cc:c4029]
2019-08-06 03:26:36,142 INFO  client.GrpcClientProtocolClient (GrpcClientProtocolClient.java:onNext(255)) - client-9DC82E534C87->980d9c0c-33ac-4a22-b481-33b8b1eac469: receive RaftClientReply:client-9DC82E534C87->980d9c0c-33ac-4a22-b481-33b8b1eac469@group-23022C6A558E, cid=2702, SUCCESS, logIndex=4031, commits[980d9c0c-33ac-4a22-b481-33b8b1eac469:c4033, e00ee311-0ce1-4115-b4c1-69648d9d3094:c4029, bb9367ec-656d-4ade-92be-004a921408cc:c4029]
2019-08-06 03:26:36,142 INFO  client.GrpcClientProtocolClient (GrpcClientProtocolClient.java:onNext(255)) - client-9DC82E534C87->980d9c0c-33ac-4a22-b481-33b8b1eac469: receive RaftClientReply:client-9DC82E534C87->980d9c0c-33ac-4a22-b481-33b8b1eac469@group-23022C6A558E, cid=2703, SUCCESS, logIndex=4032, commits[980d9c0c-33ac-4a22-b481-33b8b1eac469:c4033, e00ee311-0ce1-4115-b4c1-69648d9d3094:c4029, bb9367ec-656d-4ade-92be-004a921408cc:c4029]
2019-08-06 03:26:36,143 INFO  client.GrpcClientProtocolClient (GrpcClientProtocolClient.java:onNext(255)) - client-9DC82E534C87->980d9c0c-33ac-4a22-b481-33b8b1eac469: receive RaftClientReply:client-9DC82E534C87->980d9c0c-33ac-4a22-b481-33b8b1eac469@group-23022C6A558E, cid=2704, SUCCESS, logIndex=4033, commits[980d9c0c-33ac-4a22-b481-33b8b1eac469:c4034, e00ee311-0ce1-4115-b4c1-69648d9d3094:c4031, bb9367ec-656d-4ade-92be-004a921408cc:c4029]
2019-08-06 03:26:36,144 INFO  client.GrpcClientProtocolClient (GrpcClientProtocolClient.java:onNext(255)) - client-9DC82E534C87->980d9c0c-33ac-4a22-b481-33b8b1eac469: receive RaftClientReply:client-9DC82E534C87->980d9c0c-33ac-4a22-b481-33b8b1eac469@group-23022C6A558E, cid=2705, SUCCESS, logIndex=0, commits[980d9c0c-33ac-4a22-b481-33b8b1eac469:c4036, e00ee311-0ce1-4115-b4c1-69648d9d3094:c4033, bb9367ec-656d-4ade-92be-004a921408cc:c4032]
2019-08-06 03:26:36,164 INFO  client.GrpcClientProtocolClient (GrpcClientProtocolClient.java:onNext(255)) - client-9DC82E534C87->980d9c0c-33ac-4a22-b481-33b8b1eac469: receive RaftClientReply:client-9DC82E534C87->980d9c0c-33ac-4a22-b481-33b8b1eac469@group-23022C6A558E, cid=2706, SUCCESS, logIndex=4038, commits[980d9c0c-33ac-4a22-b481-33b8b1eac469:c4039, e00ee311-0ce1-4115-b4c1-69648d9d3094:c4037, bb9367ec-656d-4ade-92be-004a921408cc:c4037]
2019-08-06 03:26:36,164 INFO  client.GrpcClientProtocolClient (GrpcClientProtocolClient.java:onNext(255)) - client-9DC82E534C87->980d9c0c-33ac-4a22-b481-33b8b1eac469: receive RaftClientReply:client-9DC82E534C87->980d9c0c-33ac-4a22-b481-33b8b1eac469@group-23022C6A558E, cid=2707, SUCCESS, logIndex=4039, commits[980d9c0c-33ac-4a22-b481-33b8b1eac469:c4039, e00ee311-0ce1-4115-b4c1-69648d9d3094:c4037, bb9367ec-656d-4ade-92be-004a921408cc:c4037]
2019-08-06 03:26:36,180 INFO  client.GrpcClientProtocolClient (GrpcClientProtocolClient.java:onNext(255)) - client-9DC82E534C87->980d9c0c-33ac-4a22-b481-33b8b1eac469: receive RaftClientReply:client-9DC82E534C87->980d9c0c-33ac-4a22-b481-33b8b1eac469@group-23022C6A558E, cid=2708, SUCCESS, logIndex=4042, commits[980d9c0c-33ac-4a22-b481-33b8b1eac469:c4043, e00ee311-0ce1-4115-b4c1-69648d9d3094:c4039, bb9367ec-656d-4ade-92be-004a921408cc:c4039]
2019-08-06 03:26:36,180 INFO  client.GrpcClientProtocolClient (GrpcClientProtocolClient.java:onNext(255)) - client-9DC82E534C87->980d9c0c-33ac-4a22-b481-33b8b1eac469: receive RaftClientReply:client-9DC82E534C87->980d9c0c-33ac-4a22-b481-33b8b1eac469@group-23022C6A558E, cid=2709, SUCCESS, logIndex=4043, commits[980d9c0c-33ac-4a22-b481-33b8b1eac469:c4043, e00ee311-0ce1-4115-b4c1-69648d9d3094:c4039, bb9367ec-656d-4ade-92be-004a921408cc:c4039]
2019-08-06 03:26:36,191 INFO  client.GrpcClientProtocolClient (GrpcClientProtocolClient.java:onNext(255)) - client-9DC82E534C87->980d9c0c-33ac-4a22-b481-33b8b1eac469: receive RaftClientReply:client-9DC82E534C87->980d9c0c-33ac-4a22-b481-33b8b1eac469@group-23022C6A558E, cid=2710, SUCCESS, logIndex=0, commits[980d9c0c-33ac-4a22-b481-33b8b1eac469:c4044, e00ee311-0ce1-4115-b4c1-69648d9d3094:c4043, bb9367ec-656d-4ade-92be-004a921408cc:c4043]
 0.00% |█                                                                                                    |  0/1 Time: 0:00:232019-08-06 03:26:36,339 INFO  client.GrpcClientProtocolClient (GrpcClientProtocolClient.java:onNext(255)) - client-9DC82E534C87->980d9c0c-33ac-4a22-b481-33b8b1eac469: receive RaftClientReply:client-9DC82E534C87->980d9c0c-33ac-4a22-b481-33b8b1eac469@group-23022C6A558E, cid=2711, SUCCESS, logIndex=4046, commits[980d9c0c-33ac-4a22-b481-33b8b1eac469:c4047, e00ee311-0ce1-4115-b4c1-69648d9d3094:c4045, bb9367ec-656d-4ade-92be-004a921408cc:c4045]
2019-08-06 03:26:36,340 INFO  client.GrpcClientProtocolClient (GrpcClientProtocolClient.java:onNext(255)) - client-9DC82E534C87->980d9c0c-33ac-4a22-b481-33b8b1eac469: receive RaftClientReply:client-9DC82E534C87->980d9c0c-33ac-4a22-b481-33b8b1eac469@group-23022C6A558E, cid=2712, SUCCESS, logIndex=4047, commits[980d9c0c-33ac-4a22-b481-33b8b1eac469:c4047, e00ee311-0ce1-4115-b4c1-69648d9d3094:c4045, bb9367ec-656d-4ade-92be-004a921408cc:c4045]
2019-08-06 03:26:36,341 INFO  client.GrpcClientProtocolClient (GrpcClientProtocolClient.java:onNext(255)) - client-9DC82E534C87->980d9c0c-33ac-4a22-b481-33b8b1eac469: receive RaftClientReply:client-9DC82E534C87->980d9c0c-33ac-4a22-b481-33b8b1eac469@group-23022C6A558E, cid=2713, SUCCESS, logIndex=4048, commits[980d9c0c-33ac-4a22-b481-33b8b1eac469:c4049, e00ee311-0ce1-4115-b4c1-69648d9d3094:c4045, bb9367ec-656d-4ade-92be-004a921408cc:c4045]
2019-08-06 03:26:36,342 INFO  client.GrpcClientProtocolClient (GrpcClientProtocolClient.java:onNext(255)) - client-9DC82E534C87->980d9c0c-33ac-4a22-b481-33b8b1eac469: receive RaftClientReply:client-9DC82E534C87->980d9c0c-33ac-4a22-b481-33b8b1eac469@group-23022C6A558E, cid=2714, SUCCESS, logIndex=4049, commits[980d9c0c-33ac-4a22-b481-33b8b1eac469:c4049, e00ee311-0ce1-4115-b4c1-69648d9d3094:c4045, bb9367ec-656d-4ade-92be-004a921408cc:c4045]
2019-08-06 03:26:36,343 INFO  client.GrpcClientProtocolClient (GrpcClientProtocolClient.java:onNext(255)) - client-9DC82E534C87->980d9c0c-33ac-4a22-b481-33b8b1eac469: receive RaftClientReply:client-9DC82E534C87->980d9c0c-33ac-4a22-b481-33b8b1eac469@group-23022C6A558E, cid=2715, SUCCESS, logIndex=0, commits[980d9c0c-33ac-4a22-b481-33b8b1eac469:c4053, e00ee311-0ce1-4115-b4c1-69648d9d3094:c4049, bb9367ec-656d-4ade-92be-004a921408cc:c4047]
2019-08-06 03:26:36,367 INFO  client.GrpcClientProtocolClient (GrpcClientProtocolClient.java:onNext(255)) - client-9DC82E534C87->980d9c0c-33ac-4a22-b481-33b8b1eac469: receive RaftClientReply:client-9DC82E534C87->980d9c0c-33ac-4a22-b481-33b8b1eac469@group-23022C6A558E, cid=2716, SUCCESS, logIndex=4054, commits[980d9c0c-33ac-4a22-b481-33b8b1eac469:c4055, e00ee311-0ce1-4115-b4c1-69648d9d3094:c4053, bb9367ec-656d-4ade-92be-004a921408cc:c4053]
2019-08-06 03:26:36,368 INFO  client.GrpcClientProtocolClient (GrpcClientProtocolClient.java:onNext(255)) - client-9DC82E534C87->980d9c0c-33ac-4a22-b481-33b8b1eac469: receive RaftClientReply:client-9DC82E534C87->980d9c0c-33ac-4a22-b481-33b8b1eac469@group-23022C6A558E, cid=2717, SUCCESS, logIndex=4055, commits[980d9c0c-33ac-4a22-b481-33b8b1eac469:c4055, e00ee311-0ce1-4115-b4c1-69648d9d3094:c4053, bb9367ec-656d-4ade-92be-004a921408cc:c4053]
2019-08-06 03:26:36,393 INFO  client.GrpcClientProtocolClient (GrpcClientProtocolClient.java:onNext(255)) - client-9DC82E534C87->980d9c0c-33ac-4a22-b481-33b8b1eac469: receive RaftClientReply:client-9DC82E534C87->980d9c0c-33ac-4a22-b481-33b8b1eac469@group-23022C6A558E, cid=2718, SUCCESS, logIndex=4058, commits[980d9c0c-33ac-4a22-b481-33b8b1eac469:c4059, e00ee311-0ce1-4115-b4c1-69648d9d3094:c4055, bb9367ec-656d-4ade-92be-004a921408cc:c4055]
2019-08-06 03:26:36,394 INFO  client.GrpcClientProtocolClient (GrpcClientProtocolClient.java:onNext(255)) - client-9DC82E534C87->980d9c0c-33ac-4a22-b481-33b8b1eac469: receive RaftClientReply:client-9DC82E534C87->980d9c0c-33ac-4a22-b481-33b8b1eac469@group-23022C6A558E, cid=2719, SUCCESS, logIndex=4059, commits[980d9c0c-33ac-4a22-b481-33b8b1eac469:c4059, e00ee311-0ce1-4115-b4c1-69648d9d3094:c4055, bb9367ec-656d-4ade-92be-004a921408cc:c4055]
2019-08-06 03:26:36,395 INFO  client.GrpcClientProtocolClient (GrpcClientProtocolClient.java:onNext(255)) - client-9DC82E534C87->980d9c0c-33ac-4a22-b481-33b8b1eac469: receive RaftClientReply:client-9DC82E534C87->980d9c0c-33ac-4a22-b481-33b8b1eac469@group-23022C6A558E, cid=2720, SUCCESS, logIndex=0, commits[980d9c0c-33ac-4a22-b481-33b8b1eac469:c4061, e00ee311-0ce1-4115-b4c1-69648d9d3094:c4059, bb9367ec-656d-4ade-92be-004a921408cc:c4059]
2019-08-06 03:26:36,428 INFO  client.GrpcClientProtocolClient (GrpcClientProtocolClient.java:onNext(255)) - client-9DC82E534C87->980d9c0c-33ac-4a22-b481-33b8b1eac469: receive RaftClientReply:client-9DC82E534C87->980d9c0c-33ac-4a22-b481-33b8b1eac469@group-23022C6A558E, cid=2721, SUCCESS, logIndex=4062, commits[980d9c0c-33ac-4a22-b481-33b8b1eac469:c4063, e00ee311-0ce1-4115-b4c1-69648d9d3094:c4061, bb9367ec-656d-4ade-92be-004a921408cc:c4061]
2019-08-06 03:26:36,429 INFO  client.GrpcClientProtocolClient (GrpcClientProtocolClient.java:onNext(255)) - client-9DC82E534C87->980d9c0c-33ac-4a22-b481-33b8b1eac469: receive RaftClientReply:client-9DC82E534C87->980d9c0c-33ac-4a22-b481-33b8b1eac469@group-23022C6A558E, cid=2722, SUCCESS, logIndex=4063, commits[980d9c0c-33ac-4a22-b481-33b8b1eac469:c4065, e00ee311-0ce1-4115-b4c1-69648d9d3094:c4061, bb9367ec-656d-4ade-92be-004a921408cc:c4061]
2019-08-06 03:26:36,429 INFO  client.GrpcClientProtocolClient (GrpcClientProtocolClient.java:onNext(255)) - client-9DC82E534C87->980d9c0c-33ac-4a22-b481-33b8b1eac469: receive RaftClientReply:client-9DC82E534C87->980d9c0c-33ac-4a22-b481-33b8b1eac469@group-23022C6A558E, cid=2723, SUCCESS, logIndex=4064, commits[980d9c0c-33ac-4a22-b481-33b8b1eac469:c4065, e00ee311-0ce1-4115-b4c1-69648d9d3094:c4061, bb9367ec-656d-4ade-92be-004a921408cc:c4061]
2019-08-06 03:26:36,430 INFO  client.GrpcClientProtocolClient (GrpcClientProtocolClient.java:onNext(255)) - client-9DC82E534C87->980d9c0c-33ac-4a22-b481-33b8b1eac469: receive RaftClientReply:client-9DC82E534C87->980d9c0c-33ac-4a22-b481-33b8b1eac469@group-23022C6A558E, cid=2724, SUCCESS, logIndex=4065, commits[980d9c0c-33ac-4a22-b481-33b8b1eac469:c4066, e00ee311-0ce1-4115-b4c1-69648d9d3094:c4062, bb9367ec-656d-4ade-92be-004a921408cc:c4061]
2019-08-06 03:26:36,431 INFO  client.GrpcClientProtocolClient (GrpcClientProtocolClient.java:onNext(255)) - client-9DC82E534C87->980d9c0c-33ac-4a22-b481-33b8b1eac469: receive RaftClientReply:client-9DC82E534C87->980d9c0c-33ac-4a22-b481-33b8b1eac469@group-23022C6A558E, cid=2725, SUCCESS, logIndex=0, commits[980d9c0c-33ac-4a22-b481-33b8b1eac469:c4067, e00ee311-0ce1-4115-b4c1-69648d9d3094:c4063, bb9367ec-656d-4ade-92be-004a921408cc:c4063]
2019-08-06 03:26:36,451 INFO  client.GrpcClientProtocolClient (GrpcClientProtocolClient.java:onNext(255)) - client-9DC82E534C87->980d9c0c-33ac-4a22-b481-33b8b1eac469: receive RaftClientReply:client-9DC82E534C87->980d9c0c-33ac-4a22-b481-33b8b1eac469@group-23022C6A558E, cid=2726, SUCCESS, logIndex=4070, commits[980d9c0c-33ac-4a22-b481-33b8b1eac469:c4071, e00ee311-0ce1-4115-b4c1-69648d9d3094:c4069, bb9367ec-656d-4ade-92be-004a921408cc:c4069]
2019-08-06 03:26:36,451 INFO  client.GrpcClientProtocolClient (GrpcClientProtocolClient.java:onNext(255)) - client-9DC82E534C87->980d9c0c-33ac-4a22-b481-33b8b1eac469: receive RaftClientReply:client-9DC82E534C87->980d9c0c-33ac-4a22-b481-33b8b1eac469@group-23022C6A558E, cid=2727, SUCCESS, logIndex=4071, commits[980d9c0c-33ac-4a22-b481-33b8b1eac469:c4071, e00ee311-0ce1-4115-b4c1-69648d9d3094:c4069, bb9367ec-656d-4ade-92be-004a921408cc:c4069]
2019-08-06 03:26:36,464 INFO  client.GrpcClientProtocolClient (GrpcClientProtocolClient.java:onNext(255)) - client-9DC82E534C87->980d9c0c-33ac-4a22-b481-33b8b1eac469: receive RaftClientReply:client-9DC82E534C87->980d9c0c-33ac-4a22-b481-33b8b1eac469@group-23022C6A558E, cid=2728, SUCCESS, logIndex=4074, commits[980d9c0c-33ac-4a22-b481-33b8b1eac469:c4074, e00ee311-0ce1-4115-b4c1-69648d9d3094:c4071, bb9367ec-656d-4ade-92be-004a921408cc:c4071]
2019-08-06 03:26:36,464 INFO  client.GrpcClientProtocolClient (GrpcClientProtocolClient.java:onNext(255)) - client-9DC82E534C87->980d9c0c-33ac-4a22-b481-33b8b1eac469: receive RaftClientReply:client-9DC82E534C87->980d9c0c-33ac-4a22-b481-33b8b1eac469@group-23022C6A558E, cid=2729, SUCCESS, logIndex=4075, commits[980d9c0c-33ac-4a22-b481-33b8b1eac469:c4075, e00ee311-0ce1-4115-b4c1-69648d9d3094:c4071, bb9367ec-656d-4ade-92be-004a921408cc:c4071]
2019-08-06 03:26:36,477 INFO  client.GrpcClientProtocolClient (GrpcClientProtocolClient.java:onNext(255)) - client-9DC82E534C87->980d9c0c-33ac-4a22-b481-33b8b1eac469: receive RaftClientReply:client-9DC82E534C87->980d9c0c-33ac-4a22-b481-33b8b1eac469@group-23022C6A558E, cid=2730, SUCCESS, logIndex=0, commits[980d9c0c-33ac-4a22-b481-33b8b1eac469:c4077, e00ee311-0ce1-4115-b4c1-69648d9d3094:c4075, bb9367ec-656d-4ade-92be-004a921408cc:c4075]
2019-08-06 03:26:36,507 INFO  client.GrpcClientProtocolClient (GrpcClientProtocolClient.java:onNext(255)) - client-9DC82E534C87->980d9c0c-33ac-4a22-b481-33b8b1eac469: receive RaftClientReply:client-9DC82E534C87->980d9c0c-33ac-4a22-b481-33b8b1eac469@group-23022C6A558E, cid=2731, SUCCESS, logIndex=4078, commits[980d9c0c-33ac-4a22-b481-33b8b1eac469:c4079, e00ee311-0ce1-4115-b4c1-69648d9d3094:c4077, bb9367ec-656d-4ade-92be-004a921408cc:c4077]
2019-08-06 03:26:36,507 INFO  client.GrpcClientProtocolClient (GrpcClientProtocolClient.java:onNext(255)) - client-9DC82E534C87->980d9c0c-33ac-4a22-b481-33b8b1eac469: receive RaftClientReply:client-9DC82E534C87->980d9c0c-33ac-4a22-b481-33b8b1eac469@group-23022C6A558E, cid=2732, SUCCESS, logIndex=4079, commits[980d9c0c-33ac-4a22-b481-33b8b1eac469:c4081, e00ee311-0ce1-4115-b4c1-69648d9d3094:c4077, bb9367ec-656d-4ade-92be-004a921408cc:c4077]
2019-08-06 03:26:36,507 INFO  client.GrpcClientProtocolClient (GrpcClientProtocolClient.java:onNext(255)) - client-9DC82E534C87->980d9c0c-33ac-4a22-b481-33b8b1eac469: receive RaftClientReply:client-9DC82E534C87->980d9c0c-33ac-4a22-b481-33b8b1eac469@group-23022C6A558E, cid=2733, SUCCESS, logIndex=4080, commits[980d9c0c-33ac-4a22-b481-33b8b1eac469:c4081, e00ee311-0ce1-4115-b4c1-69648d9d3094:c4077, bb9367ec-656d-4ade-92be-004a921408cc:c4077]
2019-08-06 03:26:36,508 INFO  client.GrpcClientProtocolClient (GrpcClientProtocolClient.java:onNext(255)) - client-9DC82E534C87->980d9c0c-33ac-4a22-b481-33b8b1eac469: receive RaftClientReply:client-9DC82E534C87->980d9c0c-33ac-4a22-b481-33b8b1eac469@group-23022C6A558E, cid=2734, SUCCESS, logIndex=4081, commits[980d9c0c-33ac-4a22-b481-33b8b1eac469:c4081, e00ee311-0ce1-4115-b4c1-69648d9d3094:c4077, bb9367ec-656d-4ade-92be-004a921408cc:c4077]
2019-08-06 03:26:36,510 INFO  client.GrpcClientProtocolClient (GrpcClientProtocolClient.java:onNext(255)) - client-9DC82E534C87->980d9c0c-33ac-4a22-b481-33b8b1eac469: receive RaftClientReply:client-9DC82E534C87->980d9c0c-33ac-4a22-b481-33b8b1eac469@group-23022C6A558E, cid=2735, SUCCESS, logIndex=0, commits[980d9c0c-33ac-4a22-b481-33b8b1eac469:c4082, e00ee311-0ce1-4115-b4c1-69648d9d3094:c4079, bb9367ec-656d-4ade-92be-004a921408cc:c4079]
2019-08-06 03:26:36,523 INFO  client.GrpcClientProtocolClient (GrpcClientProtocolClient.java:onNext(255)) - client-9DC82E534C87->980d9c0c-33ac-4a22-b481-33b8b1eac469: receive RaftClientReply:client-9DC82E534C87->980d9c0c-33ac-4a22-b481-33b8b1eac469@group-23022C6A558E, cid=2736, SUCCESS, logIndex=4085, commits[980d9c0c-33ac-4a22-b481-33b8b1eac469:c4086, e00ee311-0ce1-4115-b4c1-69648d9d3094:c4082, bb9367ec-656d-4ade-92be-004a921408cc:c4081]
2019-08-06 03:26:36,523 INFO  client.GrpcClientProtocolClient (GrpcClientProtocolClient.java:onNext(255)) - client-9DC82E534C87->980d9c0c-33ac-4a22-b481-33b8b1eac469: receive RaftClientReply:client-9DC82E534C87->980d9c0c-33ac-4a22-b481-33b8b1eac469@group-23022C6A558E, cid=2737, SUCCESS, logIndex=4086, commits[980d9c0c-33ac-4a22-b481-33b8b1eac469:c4086, e00ee311-0ce1-4115-b4c1-69648d9d3094:c4082, bb9367ec-656d-4ade-92be-004a921408cc:c4082]
2019-08-06 03:26:36,538 INFO  client.GrpcClientProtocolClient (GrpcClientProtocolClient.java:onNext(255)) - client-9DC82E534C87->980d9c0c-33ac-4a22-b481-33b8b1eac469: receive RaftClientReply:client-9DC82E534C87->980d9c0c-33ac-4a22-b481-33b8b1eac469@group-23022C6A558E, cid=2738, SUCCESS, logIndex=4089, commits[980d9c0c-33ac-4a22-b481-33b8b1eac469:c4090, e00ee311-0ce1-4115-b4c1-69648d9d3094:c4086, bb9367ec-656d-4ade-92be-004a921408cc:c4087]
2019-08-06 03:26:36,538 INFO  client.GrpcClientProtocolClient (GrpcClientProtocolClient.java:onNext(255)) - client-9DC82E534C87->980d9c0c-33ac-4a22-b481-33b8b1eac469: receive RaftClientReply:client-9DC82E534C87->980d9c0c-33ac-4a22-b481-33b8b1eac469@group-23022C6A558E, cid=2739, SUCCESS, logIndex=4090, commits[980d9c0c-33ac-4a22-b481-33b8b1eac469:c4090, e00ee311-0ce1-4115-b4c1-69648d9d3094:c4086, bb9367ec-656d-4ade-92be-004a921408cc:c4087]
2019-08-06 03:26:36,551 INFO  client.GrpcClientProtocolClient (GrpcClientProtocolClient.java:onNext(255)) - client-9DC82E534C87->980d9c0c-33ac-4a22-b481-33b8b1eac469: receive RaftClientReply:client-9DC82E534C87->980d9c0c-33ac-4a22-b481-33b8b1eac469@group-23022C6A558E, cid=2740, SUCCESS, logIndex=0, commits[980d9c0c-33ac-4a22-b481-33b8b1eac469:c4091, e00ee311-0ce1-4115-b4c1-69648d9d3094:c4090, bb9367ec-656d-4ade-92be-004a921408cc:c4090]
2019-08-06 03:26:36,573 INFO  client.GrpcClientProtocolClient (GrpcClientProtocolClient.java:onNext(255)) - client-9DC82E534C87->980d9c0c-33ac-4a22-b481-33b8b1eac469: receive RaftClientReply:client-9DC82E534C87->980d9c0c-33ac-4a22-b481-33b8b1eac469@group-23022C6A558E, cid=2741, SUCCESS, logIndex=4092, commits[980d9c0c-33ac-4a22-b481-33b8b1eac469:c4093, e00ee311-0ce1-4115-b4c1-69648d9d3094:c4091, bb9367ec-656d-4ade-92be-004a921408cc:c4091]
2019-08-06 03:26:36,574 INFO  client.GrpcClientProtocolClient (GrpcClientProtocolClient.java:onNext(255)) - client-9DC82E534C87->980d9c0c-33ac-4a22-b481-33b8b1eac469: receive RaftClientReply:client-9DC82E534C87->980d9c0c-33ac-4a22-b481-33b8b1eac469@group-23022C6A558E, cid=2742, SUCCESS, logIndex=4093, commits[980d9c0c-33ac-4a22-b481-33b8b1eac469:c4094, e00ee311-0ce1-4115-b4c1-69648d9d3094:c4091, bb9367ec-656d-4ade-92be-004a921408cc:c4091]
2019-08-06 03:26:36,574 INFO  client.GrpcClientProtocolClient (GrpcClientProtocolClient.java:onNext(255)) - client-9DC82E534C87->980d9c0c-33ac-4a22-b481-33b8b1eac469: receive RaftClientReply:client-9DC82E534C87->980d9c0c-33ac-4a22-b481-33b8b1eac469@group-23022C6A558E, cid=2743, SUCCESS, logIndex=4094, commits[980d9c0c-33ac-4a22-b481-33b8b1eac469:c4095, e00ee311-0ce1-4115-b4c1-69648d9d3094:c4091, bb9367ec-656d-4ade-92be-004a921408cc:c4091]
2019-08-06 03:26:36,574 INFO  client.GrpcClientProtocolClient (GrpcClientProtocolClient.java:onNext(255)) - client-9DC82E534C87->980d9c0c-33ac-4a22-b481-33b8b1eac469: receive RaftClientReply:client-9DC82E534C87->980d9c0c-33ac-4a22-b481-33b8b1eac469@group-23022C6A558E, cid=2744, SUCCESS, logIndex=4095, commits[980d9c0c-33ac-4a22-b481-33b8b1eac469:c4095, e00ee311-0ce1-4115-b4c1-69648d9d3094:c4091, bb9367ec-656d-4ade-92be-004a921408cc:c4091]
2019-08-06 03:26:36,576 INFO  client.GrpcClientProtocolClient (GrpcClientProtocolClient.java:onNext(255)) - client-9DC82E534C87->980d9c0c-33ac-4a22-b481-33b8b1eac469: receive RaftClientReply:client-9DC82E534C87->980d9c0c-33ac-4a22-b481-33b8b1eac469@group-23022C6A558E, cid=2745, SUCCESS, logIndex=0, commits[980d9c0c-33ac-4a22-b481-33b8b1eac469:c4099, e00ee311-0ce1-4115-b4c1-69648d9d3094:c4093, bb9367ec-656d-4ade-92be-004a921408cc:c4095]
2019-08-06 03:26:36,596 INFO  client.GrpcClientProtocolClient (GrpcClientProtocolClient.java:onNext(255)) - client-9DC82E534C87->980d9c0c-33ac-4a22-b481-33b8b1eac469: receive RaftClientReply:client-9DC82E534C87->980d9c0c-33ac-4a22-b481-33b8b1eac469@group-23022C6A558E, cid=2746, SUCCESS, logIndex=4100, commits[980d9c0c-33ac-4a22-b481-33b8b1eac469:c4100, e00ee311-0ce1-4115-b4c1-69648d9d3094:c4099, bb9367ec-656d-4ade-92be-004a921408cc:c4099]
2019-08-06 03:26:36,596 INFO  client.GrpcClientProtocolClient (GrpcClientProtocolClient.java:onNext(255)) - client-9DC82E534C87->980d9c0c-33ac-4a22-b481-33b8b1eac469: receive RaftClientReply:client-9DC82E534C87->980d9c0c-33ac-4a22-b481-33b8b1eac469@group-23022C6A558E, cid=2747, SUCCESS, logIndex=4101, commits[980d9c0c-33ac-4a22-b481-33b8b1eac469:c4101, e00ee311-0ce1-4115-b4c1-69648d9d3094:c4099, bb9367ec-656d-4ade-92be-004a921408cc:c4099]
2019-08-06 03:26:36,610 INFO  client.GrpcClientProtocolClient (GrpcClientProtocolClient.java:onNext(255)) - client-9DC82E534C87->980d9c0c-33ac-4a22-b481-33b8b1eac469: receive RaftClientReply:client-9DC82E534C87->980d9c0c-33ac-4a22-b481-33b8b1eac469@group-23022C6A558E, cid=2748, SUCCESS, logIndex=4104, commits[980d9c0c-33ac-4a22-b481-33b8b1eac469:c4105, e00ee311-0ce1-4115-b4c1-69648d9d3094:c4101, bb9367ec-656d-4ade-92be-004a921408cc:c4100]
2019-08-06 03:26:36,611 INFO  client.GrpcClientProtocolClient (GrpcClientProtocolClient.java:onNext(255)) - client-9DC82E534C87->980d9c0c-33ac-4a22-b481-33b8b1eac469: receive RaftClientReply:client-9DC82E534C87->980d9c0c-33ac-4a22-b481-33b8b1eac469@group-23022C6A558E, cid=2749, SUCCESS, logIndex=4105, commits[980d9c0c-33ac-4a22-b481-33b8b1eac469:c4105, e00ee311-0ce1-4115-b4c1-69648d9d3094:c4101, bb9367ec-656d-4ade-92be-004a921408cc:c4101]
2019-08-06 03:26:36,612 INFO  client.GrpcClientProtocolClient (GrpcClientProtocolClient.java:onNext(255)) - client-9DC82E534C87->980d9c0c-33ac-4a22-b481-33b8b1eac469: receive RaftClientReply:client-9DC82E534C87->980d9c0c-33ac-4a22-b481-33b8b1eac469@group-23022C6A558E, cid=2750, SUCCESS, logIndex=0, commits[980d9c0c-33ac-4a22-b481-33b8b1eac469:c4106, e00ee311-0ce1-4115-b4c1-69648d9d3094:c4105, bb9367ec-656d-4ade-92be-004a921408cc:c4105]
2019-08-06 03:26:36,642 INFO  client.GrpcClientProtocolClient (GrpcClientProtocolClient.java:onNext(255)) - client-9DC82E534C87->980d9c0c-33ac-4a22-b481-33b8b1eac469: receive RaftClientReply:client-9DC82E534C87->980d9c0c-33ac-4a22-b481-33b8b1eac469@group-23022C6A558E, cid=2751, SUCCESS, logIndex=4107, commits[980d9c0c-33ac-4a22-b481-33b8b1eac469:c4108, e00ee311-0ce1-4115-b4c1-69648d9d3094:c4106, bb9367ec-656d-4ade-92be-004a921408cc:c4106]
2019-08-06 03:26:36,643 INFO  client.GrpcClientProtocolClient (GrpcClientProtocolClient.java:onNext(255)) - client-9DC82E534C87->980d9c0c-33ac-4a22-b481-33b8b1eac469: receive RaftClientReply:client-9DC82E534C87->980d9c0c-33ac-4a22-b481-33b8b1eac469@group-23022C6A558E, cid=2752, SUCCESS, logIndex=4108, commits[980d9c0c-33ac-4a22-b481-33b8b1eac469:c4110, e00ee311-0ce1-4115-b4c1-69648d9d3094:c4106, bb9367ec-656d-4ade-92be-004a921408cc:c4106]
2019-08-06 03:26:36,644 INFO  client.GrpcClientProtocolClient (GrpcClientProtocolClient.java:onNext(255)) - client-9DC82E534C87->980d9c0c-33ac-4a22-b481-33b8b1eac469: receive RaftClientReply:client-9DC82E534C87->980d9c0c-33ac-4a22-b481-33b8b1eac469@group-23022C6A558E, cid=2753, SUCCESS, logIndex=4109, commits[980d9c0c-33ac-4a22-b481-33b8b1eac469:c4110, e00ee311-0ce1-4115-b4c1-69648d9d3094:c4106, bb9367ec-656d-4ade-92be-004a921408cc:c4106]
2019-08-06 03:26:36,644 INFO  client.GrpcClientProtocolClient (GrpcClientProtocolClient.java:onNext(255)) - client-9DC82E534C87->980d9c0c-33ac-4a22-b481-33b8b1eac469: receive RaftClientReply:client-9DC82E534C87->980d9c0c-33ac-4a22-b481-33b8b1eac469@group-23022C6A558E, cid=2754, SUCCESS, logIndex=4110, commits[980d9c0c-33ac-4a22-b481-33b8b1eac469:c4111, e00ee311-0ce1-4115-b4c1-69648d9d3094:c4107, bb9367ec-656d-4ade-92be-004a921408cc:c4106]
2019-08-06 03:26:36,646 INFO  client.GrpcClientProtocolClient (GrpcClientProtocolClient.java:onNext(255)) - client-9DC82E534C87->980d9c0c-33ac-4a22-b481-33b8b1eac469: receive RaftClientReply:client-9DC82E534C87->980d9c0c-33ac-4a22-b481-33b8b1eac469@group-23022C6A558E, cid=2755, SUCCESS, logIndex=0, commits[980d9c0c-33ac-4a22-b481-33b8b1eac469:c4112, e00ee311-0ce1-4115-b4c1-69648d9d3094:c4108, bb9367ec-656d-4ade-92be-004a921408cc:c4108]
2019-08-06 03:26:36,659 INFO  client.GrpcClientProtocolClient (GrpcClientProtocolClient.java:onNext(255)) - client-9DC82E534C87->980d9c0c-33ac-4a22-b481-33b8b1eac469: receive RaftClientReply:client-9DC82E534C87->980d9c0c-33ac-4a22-b481-33b8b1eac469@group-23022C6A558E, cid=2756, SUCCESS, logIndex=4115, commits[980d9c0c-33ac-4a22-b481-33b8b1eac469:c4116, e00ee311-0ce1-4115-b4c1-69648d9d3094:c4113, bb9367ec-656d-4ade-92be-004a921408cc:c4110]
2019-08-06 03:26:36,659 INFO  client.GrpcClientProtocolClient (GrpcClientProtocolClient.java:onNext(255)) - client-9DC82E534C87->980d9c0c-33ac-4a22-b481-33b8b1eac469: receive RaftClientReply:client-9DC82E534C87->980d9c0c-33ac-4a22-b481-33b8b1eac469@group-23022C6A558E, cid=2757, SUCCESS, logIndex=4116, commits[980d9c0c-33ac-4a22-b481-33b8b1eac469:c4116, e00ee311-0ce1-4115-b4c1-69648d9d3094:c4113, bb9367ec-656d-4ade-92be-004a921408cc:c4110]
2019-08-06 03:26:36,677 INFO  client.GrpcClientProtocolClient (GrpcClientProtocolClient.java:onNext(255)) - client-9DC82E534C87->980d9c0c-33ac-4a22-b481-33b8b1eac469: receive RaftClientReply:client-9DC82E534C87->980d9c0c-33ac-4a22-b481-33b8b1eac469@group-23022C6A558E, cid=2758, SUCCESS, logIndex=4119, commits[980d9c0c-33ac-4a22-b481-33b8b1eac469:c4120, e00ee311-0ce1-4115-b4c1-69648d9d3094:c4118, bb9367ec-656d-4ade-92be-004a921408cc:c4118]
2019-08-06 03:26:36,677 INFO  client.GrpcClientProtocolClient (GrpcClientProtocolClient.java:onNext(255)) - client-9DC82E534C87->980d9c0c-33ac-4a22-b481-33b8b1eac469: receive RaftClientReply:client-9DC82E534C87->980d9c0c-33ac-4a22-b481-33b8b1eac469@group-23022C6A558E, cid=2759, SUCCESS, logIndex=4120, commits[980d9c0c-33ac-4a22-b481-33b8b1eac469:c4120, e00ee311-0ce1-4115-b4c1-69648d9d3094:c4118, bb9367ec-656d-4ade-92be-004a921408cc:c4118]
2019-08-06 03:26:36,692 INFO  client.GrpcClientProtocolClient (GrpcClientProtocolClient.java:onNext(255)) - client-9DC82E534C87->980d9c0c-33ac-4a22-b481-33b8b1eac469: receive RaftClientReply:client-9DC82E534C87->980d9c0c-33ac-4a22-b481-33b8b1eac469@group-23022C6A558E, cid=2760, SUCCESS, logIndex=0, commits[980d9c0c-33ac-4a22-b481-33b8b1eac469:c4121, e00ee311-0ce1-4115-b4c1-69648d9d3094:c4120, bb9367ec-656d-4ade-92be-004a921408cc:c4120]
2019-08-06 03:26:36,720 INFO  client.GrpcClientProtocolClient (GrpcClientProtocolClient.java:onNext(255)) - client-9DC82E534C87->980d9c0c-33ac-4a22-b481-33b8b1eac469: receive RaftClientReply:client-9DC82E534C87->980d9c0c-33ac-4a22-b481-33b8b1eac469@group-23022C6A558E, cid=2761, SUCCESS, logIndex=4123, commits[980d9c0c-33ac-4a22-b481-33b8b1eac469:c4124, e00ee311-0ce1-4115-b4c1-69648d9d3094:c4122, bb9367ec-656d-4ade-92be-004a921408cc:c4122]
2019-08-06 03:26:36,721 INFO  client.GrpcClientProtocolClient (GrpcClientProtocolClient.java:onNext(255)) - client-9DC82E534C87->980d9c0c-33ac-4a22-b481-33b8b1eac469: receive RaftClientReply:client-9DC82E534C87->980d9c0c-33ac-4a22-b481-33b8b1eac469@group-23022C6A558E, cid=2762, SUCCESS, logIndex=4124, commits[980d9c0c-33ac-4a22-b481-33b8b1eac469:c4126, e00ee311-0ce1-4115-b4c1-69648d9d3094:c4122, bb9367ec-656d-4ade-92be-004a921408cc:c4122]
2019-08-06 03:26:36,721 INFO  client.GrpcClientProtocolClient (GrpcClientProtocolClient.java:onNext(255)) - client-9DC82E534C87->980d9c0c-33ac-4a22-b481-33b8b1eac469: receive RaftClientReply:client-9DC82E534C87->980d9c0c-33ac-4a22-b481-33b8b1eac469@group-23022C6A558E, cid=2763, SUCCESS, logIndex=4125, commits[980d9c0c-33ac-4a22-b481-33b8b1eac469:c4126, e00ee311-0ce1-4115-b4c1-69648d9d3094:c4122, bb9367ec-656d-4ade-92be-004a921408cc:c4122]
2019-08-06 03:26:36,721 INFO  client.GrpcClientProtocolClient (GrpcClientProtocolClient.java:onNext(255)) - client-9DC82E534C87->980d9c0c-33ac-4a22-b481-33b8b1eac469: receive RaftClientReply:client-9DC82E534C87->980d9c0c-33ac-4a22-b481-33b8b1eac469@group-23022C6A558E, cid=2764, SUCCESS, logIndex=4126, commits[980d9c0c-33ac-4a22-b481-33b8b1eac469:c4126, e00ee311-0ce1-4115-b4c1-69648d9d3094:c4122, bb9367ec-656d-4ade-92be-004a921408cc:c4122]
2019-08-06 03:26:36,722 INFO  client.GrpcClientProtocolClient (GrpcClientProtocolClient.java:onNext(255)) - client-9DC82E534C87->980d9c0c-33ac-4a22-b481-33b8b1eac469: receive RaftClientReply:client-9DC82E534C87->980d9c0c-33ac-4a22-b481-33b8b1eac469@group-23022C6A558E, cid=2765, SUCCESS, logIndex=0, commits[980d9c0c-33ac-4a22-b481-33b8b1eac469:c4128, e00ee311-0ce1-4115-b4c1-69648d9d3094:c4124, bb9367ec-656d-4ade-92be-004a921408cc:c4124]
2019-08-06 03:26:36,740 INFO  client.GrpcClientProtocolClient (GrpcClientProtocolClient.java:onNext(255)) - client-9DC82E534C87->980d9c0c-33ac-4a22-b481-33b8b1eac469: receive RaftClientReply:client-9DC82E534C87->980d9c0c-33ac-4a22-b481-33b8b1eac469@group-23022C6A558E, cid=2766, SUCCESS, logIndex=4130, commits[980d9c0c-33ac-4a22-b481-33b8b1eac469:c4131, e00ee311-0ce1-4115-b4c1-69648d9d3094:c4129, bb9367ec-656d-4ade-92be-004a921408cc:c4129]
2019-08-06 03:26:36,740 INFO  client.GrpcClientProtocolClient (GrpcClientProtocolClient.java:onNext(255)) - client-9DC82E534C87->980d9c0c-33ac-4a22-b481-33b8b1eac469: receive RaftClientReply:client-9DC82E534C87->980d9c0c-33ac-4a22-b481-33b8b1eac469@group-23022C6A558E, cid=2767, SUCCESS, logIndex=4131, commits[980d9c0c-33ac-4a22-b481-33b8b1eac469:c4131, e00ee311-0ce1-4115-b4c1-69648d9d3094:c4129, bb9367ec-656d-4ade-92be-004a921408cc:c4129]
2019-08-06 03:26:36,755 INFO  client.GrpcClientProtocolClient (GrpcClientProtocolClient.java:onNext(255)) - client-9DC82E534C87->980d9c0c-33ac-4a22-b481-33b8b1eac469: receive RaftClientReply:client-9DC82E534C87->980d9c0c-33ac-4a22-b481-33b8b1eac469@group-23022C6A558E, cid=2768, SUCCESS, logIndex=4134, commits[980d9c0c-33ac-4a22-b481-33b8b1eac469:c4135, e00ee311-0ce1-4115-b4c1-69648d9d3094:c4131, bb9367ec-656d-4ade-92be-004a921408cc:c4131]
2019-08-06 03:26:36,755 INFO  client.GrpcClientProtocolClient (GrpcClientProtocolClient.java:onNext(255)) - client-9DC82E534C87->980d9c0c-33ac-4a22-b481-33b8b1eac469: receive RaftClientReply:client-9DC82E534C87->980d9c0c-33ac-4a22-b481-33b8b1eac469@group-23022C6A558E, cid=2769, SUCCESS, logIndex=4135, commits[980d9c0c-33ac-4a22-b481-33b8b1eac469:c4135, e00ee311-0ce1-4115-b4c1-69648d9d3094:c4131, bb9367ec-656d-4ade-92be-004a921408cc:c4131]
2019-08-06 03:26:36,769 INFO  client.GrpcClientProtocolClient (GrpcClientProtocolClient.java:onNext(255)) - client-9DC82E534C87->980d9c0c-33ac-4a22-b481-33b8b1eac469: receive RaftClientReply:client-9DC82E534C87->980d9c0c-33ac-4a22-b481-33b8b1eac469@group-23022C6A558E, cid=2770, SUCCESS, logIndex=0, commits[980d9c0c-33ac-4a22-b481-33b8b1eac469:c4137, e00ee311-0ce1-4115-b4c1-69648d9d3094:c4135, bb9367ec-656d-4ade-92be-004a921408cc:c4135]
2019-08-06 03:26:36,798 INFO  client.GrpcClientProtocolClient (GrpcClientProtocolClient.java:onNext(255)) - client-9DC82E534C87->980d9c0c-33ac-4a22-b481-33b8b1eac469: receive RaftClientReply:client-9DC82E534C87->980d9c0c-33ac-4a22-b481-33b8b1eac469@group-23022C6A558E, cid=2771, SUCCESS, logIndex=4138, commits[980d9c0c-33ac-4a22-b481-33b8b1eac469:c4139, e00ee311-0ce1-4115-b4c1-69648d9d3094:c4137, bb9367ec-656d-4ade-92be-004a921408cc:c4137]
2019-08-06 03:26:36,799 INFO  client.GrpcClientProtocolClient (GrpcClientProtocolClient.java:onNext(255)) - client-9DC82E534C87->980d9c0c-33ac-4a22-b481-33b8b1eac469: receive RaftClientReply:client-9DC82E534C87->980d9c0c-33ac-4a22-b481-33b8b1eac469@group-23022C6A558E, cid=2772, SUCCESS, logIndex=4139, commits[980d9c0c-33ac-4a22-b481-33b8b1eac469:c4141, e00ee311-0ce1-4115-b4c1-69648d9d3094:c4137, bb9367ec-656d-4ade-92be-004a921408cc:c4137]
2019-08-06 03:26:36,799 INFO  client.GrpcClientProtocolClient (GrpcClientProtocolClient.java:onNext(255)) - client-9DC82E534C87->980d9c0c-33ac-4a22-b481-33b8b1eac469: receive RaftClientReply:client-9DC82E534C87->980d9c0c-33ac-4a22-b481-33b8b1eac469@group-23022C6A558E, cid=2773, SUCCESS, logIndex=4140, commits[980d9c0c-33ac-4a22-b481-33b8b1eac469:c4141, e00ee311-0ce1-4115-b4c1-69648d9d3094:c4137, bb9367ec-656d-4ade-92be-004a921408cc:c4137]
2019-08-06 03:26:36,799 INFO  client.GrpcClientProtocolClient (GrpcClientProtocolClient.java:onNext(255)) - client-9DC82E534C87->980d9c0c-33ac-4a22-b481-33b8b1eac469: receive RaftClientReply:client-9DC82E534C87->980d9c0c-33ac-4a22-b481-33b8b1eac469@group-23022C6A558E, cid=2774, SUCCESS, logIndex=4141, commits[980d9c0c-33ac-4a22-b481-33b8b1eac469:c4141, e00ee311-0ce1-4115-b4c1-69648d9d3094:c4137, bb9367ec-656d-4ade-92be-004a921408cc:c4137]
2019-08-06 03:26:36,801 INFO  client.GrpcClientProtocolClient (GrpcClientProtocolClient.java:onNext(255)) - client-9DC82E534C87->980d9c0c-33ac-4a22-b481-33b8b1eac469: receive RaftClientReply:client-9DC82E534C87->980d9c0c-33ac-4a22-b481-33b8b1eac469@group-23022C6A558E, cid=2775, SUCCESS, logIndex=0, commits[980d9c0c-33ac-4a22-b481-33b8b1eac469:c4143, e00ee311-0ce1-4115-b4c1-69648d9d3094:c4139, bb9367ec-656d-4ade-92be-004a921408cc:c4139]
2019-08-06 03:26:36,820 INFO  client.GrpcClientProtocolClient (GrpcClientProtocolClient.java:onNext(255)) - client-9DC82E534C87->980d9c0c-33ac-4a22-b481-33b8b1eac469: receive RaftClientReply:client-9DC82E534C87->980d9c0c-33ac-4a22-b481-33b8b1eac469@group-23022C6A558E, cid=2776, SUCCESS, logIndex=4146, commits[980d9c0c-33ac-4a22-b481-33b8b1eac469:c4147, e00ee311-0ce1-4115-b4c1-69648d9d3094:c4145, bb9367ec-656d-4ade-92be-004a921408cc:c4145]
2019-08-06 03:26:36,820 INFO  client.GrpcClientProtocolClient (GrpcClientProtocolClient.java:onNext(255)) - client-9DC82E534C87->980d9c0c-33ac-4a22-b481-33b8b1eac469: receive RaftClientReply:client-9DC82E534C87->980d9c0c-33ac-4a22-b481-33b8b1eac469@group-23022C6A558E, cid=2777, SUCCESS, logIndex=4147, commits[980d9c0c-33ac-4a22-b481-33b8b1eac469:c4147, e00ee311-0ce1-4115-b4c1-69648d9d3094:c4145, bb9367ec-656d-4ade-92be-004a921408cc:c4145]
2019-08-06 03:26:36,848 INFO  client.GrpcClientProtocolClient (GrpcClientProtocolClient.java:onNext(255)) - client-9DC82E534C87->980d9c0c-33ac-4a22-b481-33b8b1eac469: receive RaftClientReply:client-9DC82E534C87->980d9c0c-33ac-4a22-b481-33b8b1eac469@group-23022C6A558E, cid=2778, SUCCESS, logIndex=4150, commits[980d9c0c-33ac-4a22-b481-33b8b1eac469:c4151, e00ee311-0ce1-4115-b4c1-69648d9d3094:c4147, bb9367ec-656d-4ade-92be-004a921408cc:c4147]
2019-08-06 03:26:36,848 INFO  client.GrpcClientProtocolClient (GrpcClientProtocolClient.java:onNext(255)) - client-9DC82E534C87->980d9c0c-33ac-4a22-b481-33b8b1eac469: receive RaftClientReply:client-9DC82E534C87->980d9c0c-33ac-4a22-b481-33b8b1eac469@group-23022C6A558E, cid=2779, SUCCESS, logIndex=4151, commits[980d9c0c-33ac-4a22-b481-33b8b1eac469:c4151, e00ee311-0ce1-4115-b4c1-69648d9d3094:c4147, bb9367ec-656d-4ade-92be-004a921408cc:c4147]
2019-08-06 03:26:36,859 INFO  client.GrpcClientProtocolClient (GrpcClientProtocolClient.java:onNext(255)) - client-9DC82E534C87->980d9c0c-33ac-4a22-b481-33b8b1eac469: receive RaftClientReply:client-9DC82E534C87->980d9c0c-33ac-4a22-b481-33b8b1eac469@group-23022C6A558E, cid=2780, SUCCESS, logIndex=0, commits[980d9c0c-33ac-4a22-b481-33b8b1eac469:c4152, e00ee311-0ce1-4115-b4c1-69648d9d3094:c4151, bb9367ec-656d-4ade-92be-004a921408cc:c4151]
2019-08-06 03:26:36,888 INFO  client.GrpcClientProtocolClient (GrpcClientProtocolClient.java:onNext(255)) - client-9DC82E534C87->980d9c0c-33ac-4a22-b481-33b8b1eac469: receive RaftClientReply:client-9DC82E534C87->980d9c0c-33ac-4a22-b481-33b8b1eac469@group-23022C6A558E, cid=2781, SUCCESS, logIndex=4154, commits[980d9c0c-33ac-4a22-b481-33b8b1eac469:c4155, e00ee311-0ce1-4115-b4c1-69648d9d3094:c4153, bb9367ec-656d-4ade-92be-004a921408cc:c4153]
2019-08-06 03:26:36,888 INFO  client.GrpcClientProtocolClient (GrpcClientProtocolClient.java:onNext(255)) - client-9DC82E534C87->980d9c0c-33ac-4a22-b481-33b8b1eac469: receive RaftClientReply:client-9DC82E534C87->980d9c0c-33ac-4a22-b481-33b8b1eac469@group-23022C6A558E, cid=2782, SUCCESS, logIndex=4155, commits[980d9c0c-33ac-4a22-b481-33b8b1eac469:c4157, e00ee311-0ce1-4115-b4c1-69648d9d3094:c4153, bb9367ec-656d-4ade-92be-004a921408cc:c4153]
2019-08-06 03:26:36,889 INFO  client.GrpcClientProtocolClient (GrpcClientProtocolClient.java:onNext(255)) - client-9DC82E534C87->980d9c0c-33ac-4a22-b481-33b8b1eac469: receive RaftClientReply:client-9DC82E534C87->980d9c0c-33ac-4a22-b481-33b8b1eac469@group-23022C6A558E, cid=2783, SUCCESS, logIndex=4156, commits[980d9c0c-33ac-4a22-b481-33b8b1eac469:c4157, e00ee311-0ce1-4115-b4c1-69648d9d3094:c4153, bb9367ec-656d-4ade-92be-004a921408cc:c4153]
2019-08-06 03:26:36,889 INFO  client.GrpcClientProtocolClient (GrpcClientProtocolClient.java:onNext(255)) - client-9DC82E534C87->980d9c0c-33ac-4a22-b481-33b8b1eac469: receive RaftClientReply:client-9DC82E534C87->980d9c0c-33ac-4a22-b481-33b8b1eac469@group-23022C6A558E, cid=2784, SUCCESS, logIndex=4157, commits[980d9c0c-33ac-4a22-b481-33b8b1eac469:c4157, e00ee311-0ce1-4115-b4c1-69648d9d3094:c4153, bb9367ec-656d-4ade-92be-004a921408cc:c4153]
2019-08-06 03:26:36,902 INFO  client.GrpcClientProtocolClient (GrpcClientProtocolClient.java:onNext(255)) - client-9DC82E534C87->980d9c0c-33ac-4a22-b481-33b8b1eac469: receive RaftClientReply:client-9DC82E534C87->980d9c0c-33ac-4a22-b481-33b8b1eac469@group-23022C6A558E, cid=2785, SUCCESS, logIndex=0, commits[980d9c0c-33ac-4a22-b481-33b8b1eac469:c4160, e00ee311-0ce1-4115-b4c1-69648d9d3094:c4156, bb9367ec-656d-4ade-92be-004a921408cc:c4156]
2019-08-06 03:26:36,921 INFO  client.GrpcClientProtocolClient (GrpcClientProtocolClient.java:onNext(255)) - client-9DC82E534C87->980d9c0c-33ac-4a22-b481-33b8b1eac469: receive RaftClientReply:client-9DC82E534C87->980d9c0c-33ac-4a22-b481-33b8b1eac469@group-23022C6A558E, cid=2786, SUCCESS, logIndex=4162, commits[980d9c0c-33ac-4a22-b481-33b8b1eac469:c4162, e00ee311-0ce1-4115-b4c1-69648d9d3094:c4161, bb9367ec-656d-4ade-92be-004a921408cc:c4161]
2019-08-06 03:26:36,922 INFO  client.GrpcClientProtocolClient (GrpcClientProtocolClient.java:onNext(255)) - client-9DC82E534C87->980d9c0c-33ac-4a22-b481-33b8b1eac469: receive RaftClientReply:client-9DC82E534C87->980d9c0c-33ac-4a22-b481-33b8b1eac469@group-23022C6A558E, cid=2787, SUCCESS, logIndex=4163, commits[980d9c0c-33ac-4a22-b481-33b8b1eac469:c4163, e00ee311-0ce1-4115-b4c1-69648d9d3094:c4161, bb9367ec-656d-4ade-92be-004a921408cc:c4161]
2019-08-06 03:26:36,936 INFO  client.GrpcClientProtocolClient (GrpcClientProtocolClient.java:onNext(255)) - client-9DC82E534C87->980d9c0c-33ac-4a22-b481-33b8b1eac469: receive RaftClientReply:client-9DC82E534C87->980d9c0c-33ac-4a22-b481-33b8b1eac469@group-23022C6A558E, cid=2788, SUCCESS, logIndex=4166, commits[980d9c0c-33ac-4a22-b481-33b8b1eac469:c4166, e00ee311-0ce1-4115-b4c1-69648d9d3094:c4163, bb9367ec-656d-4ade-92be-004a921408cc:c4163]
2019-08-06 03:26:36,936 INFO  client.GrpcClientProtocolClient (GrpcClientProtocolClient.java:onNext(255)) - client-9DC82E534C87->980d9c0c-33ac-4a22-b481-33b8b1eac469: receive RaftClientReply:client-9DC82E534C87->980d9c0c-33ac-4a22-b481-33b8b1eac469@group-23022C6A558E, cid=2789, SUCCESS, logIndex=4167, commits[980d9c0c-33ac-4a22-b481-33b8b1eac469:c4167, e00ee311-0ce1-4115-b4c1-69648d9d3094:c4163, bb9367ec-656d-4ade-92be-004a921408cc:c4163]
2019-08-06 03:26:36,950 INFO  client.GrpcClientProtocolClient (GrpcClientProtocolClient.java:onNext(255)) - client-9DC82E534C87->980d9c0c-33ac-4a22-b481-33b8b1eac469: receive RaftClientReply:client-9DC82E534C87->980d9c0c-33ac-4a22-b481-33b8b1eac469@group-23022C6A558E, cid=2790, SUCCESS, logIndex=0, commits[980d9c0c-33ac-4a22-b481-33b8b1eac469:c4169, e00ee311-0ce1-4115-b4c1-69648d9d3094:c4167, bb9367ec-656d-4ade-92be-004a921408cc:c4167]
2019-08-06 03:26:36,978 INFO  client.GrpcClientProtocolClient (GrpcClientProtocolClient.java:onNext(255)) - client-9DC82E534C87->980d9c0c-33ac-4a22-b481-33b8b1eac469: receive RaftClientReply:client-9DC82E534C87->980d9c0c-33ac-4a22-b481-33b8b1eac469@group-23022C6A558E, cid=2791, SUCCESS, logIndex=4170, commits[980d9c0c-33ac-4a22-b481-33b8b1eac469:c4171, e00ee311-0ce1-4115-b4c1-69648d9d3094:c4169, bb9367ec-656d-4ade-92be-004a921408cc:c4169]
2019-08-06 03:26:36,979 INFO  client.GrpcClientProtocolClient (GrpcClientProtocolClient.java:onNext(255)) - client-9DC82E534C87->980d9c0c-33ac-4a22-b481-33b8b1eac469: receive RaftClientReply:client-9DC82E534C87->980d9c0c-33ac-4a22-b481-33b8b1eac469@group-23022C6A558E, cid=2792, SUCCESS, logIndex=4171, commits[980d9c0c-33ac-4a22-b481-33b8b1eac469:c4173, e00ee311-0ce1-4115-b4c1-69648d9d3094:c4169, bb9367ec-656d-4ade-92be-004a921408cc:c4169]
2019-08-06 03:26:36,979 INFO  client.GrpcClientProtocolClient (GrpcClientProtocolClient.java:onNext(255)) - client-9DC82E534C87->980d9c0c-33ac-4a22-b481-33b8b1eac469: receive RaftClientReply:client-9DC82E534C87->980d9c0c-33ac-4a22-b481-33b8b1eac469@group-23022C6A558E, cid=2793, SUCCESS, logIndex=4172, commits[980d9c0c-33ac-4a22-b481-33b8b1eac469:c4173, e00ee311-0ce1-4115-b4c1-69648d9d3094:c4169, bb9367ec-656d-4ade-92be-004a921408cc:c4169]
2019-08-06 03:26:36,979 INFO  client.GrpcClientProtocolClient (GrpcClientProtocolClient.java:onNext(255)) - client-9DC82E534C87->980d9c0c-33ac-4a22-b481-33b8b1eac469: receive RaftClientReply:client-9DC82E534C87->980d9c0c-33ac-4a22-b481-33b8b1eac469@group-23022C6A558E, cid=2794, SUCCESS, logIndex=4173, commits[980d9c0c-33ac-4a22-b481-33b8b1eac469:c4173, e00ee311-0ce1-4115-b4c1-69648d9d3094:c4169, bb9367ec-656d-4ade-92be-004a921408cc:c4169]
2019-08-06 03:26:37,003 INFO  client.GrpcClientProtocolClient (GrpcClientProtocolClient.java:onNext(255)) - client-9DC82E534C87->980d9c0c-33ac-4a22-b481-33b8b1eac469: receive RaftClientReply:client-9DC82E534C87->980d9c0c-33ac-4a22-b481-33b8b1eac469@group-23022C6A558E, cid=2795, SUCCESS, logIndex=0, commits[980d9c0c-33ac-4a22-b481-33b8b1eac469:c4174, e00ee311-0ce1-4115-b4c1-69648d9d3094:c4171, bb9367ec-656d-4ade-92be-004a921408cc:c4171]
2019-08-06 03:26:37,013 INFO  client.GrpcClientProtocolClient (GrpcClientProtocolClient.java:onNext(255)) - client-9DC82E534C87->980d9c0c-33ac-4a22-b481-33b8b1eac469: receive RaftClientReply:client-9DC82E534C87->980d9c0c-33ac-4a22-b481-33b8b1eac469@group-23022C6A558E, cid=2796, SUCCESS, logIndex=4177, commits[980d9c0c-33ac-4a22-b481-33b8b1eac469:c4178, e00ee311-0ce1-4115-b4c1-69648d9d3094:c4173, bb9367ec-656d-4ade-92be-004a921408cc:c4176]
2019-08-06 03:26:37,013 INFO  client.GrpcClientProtocolClient (GrpcClientProtocolClient.java:onNext(255)) - client-9DC82E534C87->980d9c0c-33ac-4a22-b481-33b8b1eac469: receive RaftClientReply:client-9DC82E534C87->980d9c0c-33ac-4a22-b481-33b8b1eac469@group-23022C6A558E, cid=2797, SUCCESS, logIndex=4178, commits[980d9c0c-33ac-4a22-b481-33b8b1eac469:c4178, e00ee311-0ce1-4115-b4c1-69648d9d3094:c4176, bb9367ec-656d-4ade-92be-004a921408cc:c4176]
2019-08-06 03:26:37,115 INFO  client.GrpcClientProtocolClient (GrpcClientProtocolClient.java:onNext(255)) - client-9DC82E534C87->980d9c0c-33ac-4a22-b481-33b8b1eac469: receive RaftClientReply:client-9DC82E534C87->980d9c0c-33ac-4a22-b481-33b8b1eac469@group-23022C6A558E, cid=2798, SUCCESS, logIndex=4181, commits[980d9c0c-33ac-4a22-b481-33b8b1eac469:c4182, e00ee311-0ce1-4115-b4c1-69648d9d3094:c4180, bb9367ec-656d-4ade-92be-004a921408cc:c4179]
2019-08-06 03:26:37,115 INFO  client.GrpcClientProtocolClient (GrpcClientProtocolClient.java:onNext(255)) - client-9DC82E534C87->980d9c0c-33ac-4a22-b481-33b8b1eac469: receive RaftClientReply:client-9DC82E534C87->980d9c0c-33ac-4a22-b481-33b8b1eac469@group-23022C6A558E, cid=2799, SUCCESS, logIndex=4182, commits[980d9c0c-33ac-4a22-b481-33b8b1eac469:c4182, e00ee311-0ce1-4115-b4c1-69648d9d3094:c4180, bb9367ec-656d-4ade-92be-004a921408cc:c4180]
2019-08-06 03:26:37,129 INFO  client.GrpcClientProtocolClient (GrpcClientProtocolClient.java:onNext(255)) - client-9DC82E534C87->980d9c0c-33ac-4a22-b481-33b8b1eac469: receive RaftClientReply:client-9DC82E534C87->980d9c0c-33ac-4a22-b481-33b8b1eac469@group-23022C6A558E, cid=2800, SUCCESS, logIndex=0, commits[980d9c0c-33ac-4a22-b481-33b8b1eac469:c4184, e00ee311-0ce1-4115-b4c1-69648d9d3094:c4182, bb9367ec-656d-4ade-92be-004a921408cc:c4182]
2019-08-06 03:26:37,159 INFO  client.GrpcClientProtocolClient (GrpcClientProtocolClient.java:onNext(255)) - client-9DC82E534C87->980d9c0c-33ac-4a22-b481-33b8b1eac469: receive RaftClientReply:client-9DC82E534C87->980d9c0c-33ac-4a22-b481-33b8b1eac469@group-23022C6A558E, cid=2801, SUCCESS, logIndex=4185, commits[980d9c0c-33ac-4a22-b481-33b8b1eac469:c4186, e00ee311-0ce1-4115-b4c1-69648d9d3094:c4184, bb9367ec-656d-4ade-92be-004a921408cc:c4184]
2019-08-06 03:26:37,160 INFO  client.GrpcClientProtocolClient (GrpcClientProtocolClient.java:onNext(255)) - client-9DC82E534C87->980d9c0c-33ac-4a22-b481-33b8b1eac469: receive RaftClientReply:client-9DC82E534C87->980d9c0c-33ac-4a22-b481-33b8b1eac469@group-23022C6A558E, cid=2802, SUCCESS, logIndex=4186, commits[980d9c0c-33ac-4a22-b481-33b8b1eac469:c4186, e00ee311-0ce1-4115-b4c1-69648d9d3094:c4184, bb9367ec-656d-4ade-92be-004a921408cc:c4184]
2019-08-06 03:26:37,160 INFO  client.GrpcClientProtocolClient (GrpcClientProtocolClient.java:onNext(255)) - client-9DC82E534C87->980d9c0c-33ac-4a22-b481-33b8b1eac469: receive RaftClientReply:client-9DC82E534C87->980d9c0c-33ac-4a22-b481-33b8b1eac469@group-23022C6A558E, cid=2803, SUCCESS, logIndex=4187, commits[980d9c0c-33ac-4a22-b481-33b8b1eac469:c4188, e00ee311-0ce1-4115-b4c1-69648d9d3094:c4184, bb9367ec-656d-4ade-92be-004a921408cc:c4184]
2019-08-06 03:26:37,160 INFO  client.GrpcClientProtocolClient (GrpcClientProtocolClient.java:onNext(255)) - client-9DC82E534C87->980d9c0c-33ac-4a22-b481-33b8b1eac469: receive RaftClientReply:client-9DC82E534C87->980d9c0c-33ac-4a22-b481-33b8b1eac469@group-23022C6A558E, cid=2804, SUCCESS, logIndex=4188, commits[980d9c0c-33ac-4a22-b481-33b8b1eac469:c4188, e00ee311-0ce1-4115-b4c1-69648d9d3094:c4184, bb9367ec-656d-4ade-92be-004a921408cc:c4184]
2019-08-06 03:26:37,173 INFO  client.GrpcClientProtocolClient (GrpcClientProtocolClient.java:onNext(255)) - client-9DC82E534C87->980d9c0c-33ac-4a22-b481-33b8b1eac469: receive RaftClientReply:client-9DC82E534C87->980d9c0c-33ac-4a22-b481-33b8b1eac469@group-23022C6A558E, cid=2805, SUCCESS, logIndex=0, commits[980d9c0c-33ac-4a22-b481-33b8b1eac469:c4190, e00ee311-0ce1-4115-b4c1-69648d9d3094:c4186, bb9367ec-656d-4ade-92be-004a921408cc:c4186]
2019-08-06 03:26:37,192 INFO  client.GrpcClientProtocolClient (GrpcClientProtocolClient.java:onNext(255)) - client-9DC82E534C87->980d9c0c-33ac-4a22-b481-33b8b1eac469: receive RaftClientReply:client-9DC82E534C87->980d9c0c-33ac-4a22-b481-33b8b1eac469@group-23022C6A558E, cid=2806, SUCCESS, logIndex=4193, commits[980d9c0c-33ac-4a22-b481-33b8b1eac469:c4194, e00ee311-0ce1-4115-b4c1-69648d9d3094:c4192, bb9367ec-656d-4ade-92be-004a921408cc:c4192]
2019-08-06 03:26:37,193 INFO  client.GrpcClientProtocolClient (GrpcClientProtocolClient.java:onNext(255)) - client-9DC82E534C87->980d9c0c-33ac-4a22-b481-33b8b1eac469: receive RaftClientReply:client-9DC82E534C87->980d9c0c-33ac-4a22-b481-33b8b1eac469@group-23022C6A558E, cid=2807, SUCCESS, logIndex=4194, commits[980d9c0c-33ac-4a22-b481-33b8b1eac469:c4194, e00ee311-0ce1-4115-b4c1-69648d9d3094:c4192, bb9367ec-656d-4ade-92be-004a921408cc:c4192]
2019-08-06 03:26:37,218 INFO  client.GrpcClientProtocolClient (GrpcClientProtocolClient.java:onNext(255)) - client-9DC82E534C87->980d9c0c-33ac-4a22-b481-33b8b1eac469: receive RaftClientReply:client-9DC82E534C87->980d9c0c-33ac-4a22-b481-33b8b1eac469@group-23022C6A558E, cid=2808, SUCCESS, logIndex=4197, commits[980d9c0c-33ac-4a22-b481-33b8b1eac469:c4198, e00ee311-0ce1-4115-b4c1-69648d9d3094:c4194, bb9367ec-656d-4ade-92be-004a921408cc:c4194]
2019-08-06 03:26:37,218 INFO  client.GrpcClientProtocolClient (GrpcClientProtocolClient.java:onNext(255)) - client-9DC82E534C87->980d9c0c-33ac-4a22-b481-33b8b1eac469: receive RaftClientReply:client-9DC82E534C87->980d9c0c-33ac-4a22-b481-33b8b1eac469@group-23022C6A558E, cid=2809, SUCCESS, logIndex=4198, commits[980d9c0c-33ac-4a22-b481-33b8b1eac469:c4198, e00ee311-0ce1-4115-b4c1-69648d9d3094:c4194, bb9367ec-656d-4ade-92be-004a921408cc:c4194]
2019-08-06 03:26:37,232 INFO  client.GrpcClientProtocolClient (GrpcClientProtocolClient.java:onNext(255)) - client-9DC82E534C87->980d9c0c-33ac-4a22-b481-33b8b1eac469: receive RaftClientReply:client-9DC82E534C87->980d9c0c-33ac-4a22-b481-33b8b1eac469@group-23022C6A558E, cid=2810, SUCCESS, logIndex=0, commits[980d9c0c-33ac-4a22-b481-33b8b1eac469:c4200, e00ee311-0ce1-4115-b4c1-69648d9d3094:c4198, bb9367ec-656d-4ade-92be-004a921408cc:c4198]
2019-08-06 03:26:37,264 INFO  client.GrpcClientProtocolClient (GrpcClientProtocolClient.java:onNext(255)) - client-9DC82E534C87->980d9c0c-33ac-4a22-b481-33b8b1eac469: receive RaftClientReply:client-9DC82E534C87->980d9c0c-33ac-4a22-b481-33b8b1eac469@group-23022C6A558E, cid=2811, SUCCESS, logIndex=4201, commits[980d9c0c-33ac-4a22-b481-33b8b1eac469:c4202, e00ee311-0ce1-4115-b4c1-69648d9d3094:c4200, bb9367ec-656d-4ade-92be-004a921408cc:c4200]
2019-08-06 03:26:37,265 INFO  client.GrpcClientProtocolClient (GrpcClientProtocolClient.java:onNext(255)) - client-9DC82E534C87->980d9c0c-33ac-4a22-b481-33b8b1eac469: receive RaftClientReply:client-9DC82E534C87->980d9c0c-33ac-4a22-b481-33b8b1eac469@group-23022C6A558E, cid=2812, SUCCESS, logIndex=4202, commits[980d9c0c-33ac-4a22-b481-33b8b1eac469:c4203, e00ee311-0ce1-4115-b4c1-69648d9d3094:c4200, bb9367ec-656d-4ade-92be-004a921408cc:c4200]
2019-08-06 03:26:37,265 INFO  client.GrpcClientProtocolClient (GrpcClientProtocolClient.java:onNext(255)) - client-9DC82E534C87->980d9c0c-33ac-4a22-b481-33b8b1eac469: receive RaftClientReply:client-9DC82E534C87->980d9c0c-33ac-4a22-b481-33b8b1eac469@group-23022C6A558E, cid=2813, SUCCESS, logIndex=4203, commits[980d9c0c-33ac-4a22-b481-33b8b1eac469:c4204, e00ee311-0ce1-4115-b4c1-69648d9d3094:c4200, bb9367ec-656d-4ade-92be-004a921408cc:c4200]
2019-08-06 03:26:37,265 INFO  client.GrpcClientProtocolClient (GrpcClientProtocolClient.java:onNext(255)) - client-9DC82E534C87->980d9c0c-33ac-4a22-b481-33b8b1eac469: receive RaftClientReply:client-9DC82E534C87->980d9c0c-33ac-4a22-b481-33b8b1eac469@group-23022C6A558E, cid=2814, SUCCESS, logIndex=4204, commits[980d9c0c-33ac-4a22-b481-33b8b1eac469:c4204, e00ee311-0ce1-4115-b4c1-69648d9d3094:c4200, bb9367ec-656d-4ade-92be-004a921408cc:c4200]
2019-08-06 03:26:37,278 INFO  client.GrpcClientProtocolClient (GrpcClientProtocolClient.java:onNext(255)) - client-9DC82E534C87->980d9c0c-33ac-4a22-b481-33b8b1eac469: receive RaftClientReply:client-9DC82E534C87->980d9c0c-33ac-4a22-b481-33b8b1eac469@group-23022C6A558E, cid=2815, SUCCESS, logIndex=0, commits[980d9c0c-33ac-4a22-b481-33b8b1eac469:c4206, e00ee311-0ce1-4115-b4c1-69648d9d3094:c4203, bb9367ec-656d-4ade-92be-004a921408cc:c4202]
2019-08-06 03:26:37,298 INFO  client.GrpcClientProtocolClient (GrpcClientProtocolClient.java:onNext(255)) - client-9DC82E534C87->980d9c0c-33ac-4a22-b481-33b8b1eac469: receive RaftClientReply:client-9DC82E534C87->980d9c0c-33ac-4a22-b481-33b8b1eac469@group-23022C6A558E, cid=2816, SUCCESS, logIndex=4209, commits[980d9c0c-33ac-4a22-b481-33b8b1eac469:c4210, e00ee311-0ce1-4115-b4c1-69648d9d3094:c4208, bb9367ec-656d-4ade-92be-004a921408cc:c4208]
2019-08-06 03:26:37,298 INFO  client.GrpcClientProtocolClient (GrpcClientProtocolClient.java:onNext(255)) - client-9DC82E534C87->980d9c0c-33ac-4a22-b481-33b8b1eac469: receive RaftClientReply:client-9DC82E534C87->980d9c0c-33ac-4a22-b481-33b8b1eac469@group-23022C6A558E, cid=2817, SUCCESS, logIndex=4210, commits[980d9c0c-33ac-4a22-b481-33b8b1eac469:c4210, e00ee311-0ce1-4115-b4c1-69648d9d3094:c4208, bb9367ec-656d-4ade-92be-004a921408cc:c4208]
2019-08-06 03:26:37,313 INFO  client.GrpcClientProtocolClient (GrpcClientProtocolClient.java:onNext(255)) - client-9DC82E534C87->980d9c0c-33ac-4a22-b481-33b8b1eac469: receive RaftClientReply:client-9DC82E534C87->980d9c0c-33ac-4a22-b481-33b8b1eac469@group-23022C6A558E, cid=2818, SUCCESS, logIndex=4213, commits[980d9c0c-33ac-4a22-b481-33b8b1eac469:c4213, e00ee311-0ce1-4115-b4c1-69648d9d3094:c4210, bb9367ec-656d-4ade-92be-004a921408cc:c4210]
2019-08-06 03:26:37,313 INFO  client.GrpcClientProtocolClient (GrpcClientProtocolClient.java:onNext(255)) - client-9DC82E534C87->980d9c0c-33ac-4a22-b481-33b8b1eac469: receive RaftClientReply:client-9DC82E534C87->980d9c0c-33ac-4a22-b481-33b8b1eac469@group-23022C6A558E, cid=2819, SUCCESS, logIndex=4214, commits[980d9c0c-33ac-4a22-b481-33b8b1eac469:c4214, e00ee311-0ce1-4115-b4c1-69648d9d3094:c4210, bb9367ec-656d-4ade-92be-004a921408cc:c4210]
 0.00% |█                                                                                                    |  0/1 Time: 0:00:242019-08-06 03:26:37,342 INFO  client.GrpcClientProtocolClient (GrpcClientProtocolClient.java:onNext(255)) - client-9DC82E534C87->980d9c0c-33ac-4a22-b481-33b8b1eac469: receive RaftClientReply:client-9DC82E534C87->980d9c0c-33ac-4a22-b481-33b8b1eac469@group-23022C6A558E, cid=2820, SUCCESS, logIndex=0, commits[980d9c0c-33ac-4a22-b481-33b8b1eac469:c4216, e00ee311-0ce1-4115-b4c1-69648d9d3094:c4214, bb9367ec-656d-4ade-92be-004a921408cc:c4214]
2019-08-06 03:26:37,378 INFO  client.GrpcClientProtocolClient (GrpcClientProtocolClient.java:onNext(255)) - client-9DC82E534C87->980d9c0c-33ac-4a22-b481-33b8b1eac469: receive RaftClientReply:client-9DC82E534C87->980d9c0c-33ac-4a22-b481-33b8b1eac469@group-23022C6A558E, cid=2821, SUCCESS, logIndex=4217, commits[980d9c0c-33ac-4a22-b481-33b8b1eac469:c4219, e00ee311-0ce1-4115-b4c1-69648d9d3094:c4216, bb9367ec-656d-4ade-92be-004a921408cc:c4216]
2019-08-06 03:26:37,379 INFO  client.GrpcClientProtocolClient (GrpcClientProtocolClient.java:onNext(255)) - client-9DC82E534C87->980d9c0c-33ac-4a22-b481-33b8b1eac469: receive RaftClientReply:client-9DC82E534C87->980d9c0c-33ac-4a22-b481-33b8b1eac469@group-23022C6A558E, cid=2822, SUCCESS, logIndex=4218, commits[980d9c0c-33ac-4a22-b481-33b8b1eac469:c4220, e00ee311-0ce1-4115-b4c1-69648d9d3094:c4216, bb9367ec-656d-4ade-92be-004a921408cc:c4216]
2019-08-06 03:26:37,379 INFO  client.GrpcClientProtocolClient (GrpcClientProtocolClient.java:onNext(255)) - client-9DC82E534C87->980d9c0c-33ac-4a22-b481-33b8b1eac469: receive RaftClientReply:client-9DC82E534C87->980d9c0c-33ac-4a22-b481-33b8b1eac469@group-23022C6A558E, cid=2823, SUCCESS, logIndex=4219, commits[980d9c0c-33ac-4a22-b481-33b8b1eac469:c4220, e00ee311-0ce1-4115-b4c1-69648d9d3094:c4216, bb9367ec-656d-4ade-92be-004a921408cc:c4216]
2019-08-06 03:26:37,379 INFO  client.GrpcClientProtocolClient (GrpcClientProtocolClient.java:onNext(255)) - client-9DC82E534C87->980d9c0c-33ac-4a22-b481-33b8b1eac469: receive RaftClientReply:client-9DC82E534C87->980d9c0c-33ac-4a22-b481-33b8b1eac469@group-23022C6A558E, cid=2824, SUCCESS, logIndex=4220, commits[980d9c0c-33ac-4a22-b481-33b8b1eac469:c4220, e00ee311-0ce1-4115-b4c1-69648d9d3094:c4216, bb9367ec-656d-4ade-92be-004a921408cc:c4216]
2019-08-06 03:26:37,390 INFO  client.GrpcClientProtocolClient (GrpcClientProtocolClient.java:onNext(255)) - client-9DC82E534C87->980d9c0c-33ac-4a22-b481-33b8b1eac469: receive RaftClientReply:client-9DC82E534C87->980d9c0c-33ac-4a22-b481-33b8b1eac469@group-23022C6A558E, cid=2825, SUCCESS, logIndex=0, commits[980d9c0c-33ac-4a22-b481-33b8b1eac469:c4222, e00ee311-0ce1-4115-b4c1-69648d9d3094:c4218, bb9367ec-656d-4ade-92be-004a921408cc:c4218]
2019-08-06 03:26:37,410 INFO  client.GrpcClientProtocolClient (GrpcClientProtocolClient.java:onNext(255)) - client-9DC82E534C87->980d9c0c-33ac-4a22-b481-33b8b1eac469: receive RaftClientReply:client-9DC82E534C87->980d9c0c-33ac-4a22-b481-33b8b1eac469@group-23022C6A558E, cid=2826, SUCCESS, logIndex=4225, commits[980d9c0c-33ac-4a22-b481-33b8b1eac469:c4226, e00ee311-0ce1-4115-b4c1-69648d9d3094:c4224, bb9367ec-656d-4ade-92be-004a921408cc:c4224]
2019-08-06 03:26:37,410 INFO  client.GrpcClientProtocolClient (GrpcClientProtocolClient.java:onNext(255)) - client-9DC82E534C87->980d9c0c-33ac-4a22-b481-33b8b1eac469: receive RaftClientReply:client-9DC82E534C87->980d9c0c-33ac-4a22-b481-33b8b1eac469@group-23022C6A558E, cid=2827, SUCCESS, logIndex=4226, commits[980d9c0c-33ac-4a22-b481-33b8b1eac469:c4226, e00ee311-0ce1-4115-b4c1-69648d9d3094:c4224, bb9367ec-656d-4ade-92be-004a921408cc:c4224]
2019-08-06 03:26:37,423 INFO  client.GrpcClientProtocolClient (GrpcClientProtocolClient.java:onNext(255)) - client-9DC82E534C87->980d9c0c-33ac-4a22-b481-33b8b1eac469: receive RaftClientReply:client-9DC82E534C87->980d9c0c-33ac-4a22-b481-33b8b1eac469@group-23022C6A558E, cid=2828, SUCCESS, logIndex=4229, commits[980d9c0c-33ac-4a22-b481-33b8b1eac469:c4230, e00ee311-0ce1-4115-b4c1-69648d9d3094:c4226, bb9367ec-656d-4ade-92be-004a921408cc:c4225]
2019-08-06 03:26:37,424 INFO  client.GrpcClientProtocolClient (GrpcClientProtocolClient.java:onNext(255)) - client-9DC82E534C87->980d9c0c-33ac-4a22-b481-33b8b1eac469: receive RaftClientReply:client-9DC82E534C87->980d9c0c-33ac-4a22-b481-33b8b1eac469@group-23022C6A558E, cid=2829, SUCCESS, logIndex=4230, commits[980d9c0c-33ac-4a22-b481-33b8b1eac469:c4230, e00ee311-0ce1-4115-b4c1-69648d9d3094:c4226, bb9367ec-656d-4ade-92be-004a921408cc:c4226]
2019-08-06 03:26:37,436 INFO  client.GrpcClientProtocolClient (GrpcClientProtocolClient.java:onNext(255)) - client-9DC82E534C87->980d9c0c-33ac-4a22-b481-33b8b1eac469: receive RaftClientReply:client-9DC82E534C87->980d9c0c-33ac-4a22-b481-33b8b1eac469@group-23022C6A558E, cid=2830, SUCCESS, logIndex=0, commits[980d9c0c-33ac-4a22-b481-33b8b1eac469:c4232, e00ee311-0ce1-4115-b4c1-69648d9d3094:c4230, bb9367ec-656d-4ade-92be-004a921408cc:c4230]
2019-08-06 03:26:37,464 INFO  client.GrpcClientProtocolClient (GrpcClientProtocolClient.java:onNext(255)) - client-9DC82E534C87->980d9c0c-33ac-4a22-b481-33b8b1eac469: receive RaftClientReply:client-9DC82E534C87->980d9c0c-33ac-4a22-b481-33b8b1eac469@group-23022C6A558E, cid=2831, SUCCESS, logIndex=4233, commits[980d9c0c-33ac-4a22-b481-33b8b1eac469:c4234, e00ee311-0ce1-4115-b4c1-69648d9d3094:c4232, bb9367ec-656d-4ade-92be-004a921408cc:c4232]
2019-08-06 03:26:37,465 INFO  client.GrpcClientProtocolClient (GrpcClientProtocolClient.java:onNext(255)) - client-9DC82E534C87->980d9c0c-33ac-4a22-b481-33b8b1eac469: receive RaftClientReply:client-9DC82E534C87->980d9c0c-33ac-4a22-b481-33b8b1eac469@group-23022C6A558E, cid=2832, SUCCESS, logIndex=4234, commits[980d9c0c-33ac-4a22-b481-33b8b1eac469:c4235, e00ee311-0ce1-4115-b4c1-69648d9d3094:c4232, bb9367ec-656d-4ade-92be-004a921408cc:c4232]
2019-08-06 03:26:37,465 INFO  client.GrpcClientProtocolClient (GrpcClientProtocolClient.java:onNext(255)) - client-9DC82E534C87->980d9c0c-33ac-4a22-b481-33b8b1eac469: receive RaftClientReply:client-9DC82E534C87->980d9c0c-33ac-4a22-b481-33b8b1eac469@group-23022C6A558E, cid=2833, SUCCESS, logIndex=4235, commits[980d9c0c-33ac-4a22-b481-33b8b1eac469:c4236, e00ee311-0ce1-4115-b4c1-69648d9d3094:c4232, bb9367ec-656d-4ade-92be-004a921408cc:c4232]
2019-08-06 03:26:37,465 INFO  client.GrpcClientProtocolClient (GrpcClientProtocolClient.java:onNext(255)) - client-9DC82E534C87->980d9c0c-33ac-4a22-b481-33b8b1eac469: receive RaftClientReply:client-9DC82E534C87->980d9c0c-33ac-4a22-b481-33b8b1eac469@group-23022C6A558E, cid=2834, SUCCESS, logIndex=4236, commits[980d9c0c-33ac-4a22-b481-33b8b1eac469:c4236, e00ee311-0ce1-4115-b4c1-69648d9d3094:c4232, bb9367ec-656d-4ade-92be-004a921408cc:c4232]
2019-08-06 03:26:37,479 INFO  client.GrpcClientProtocolClient (GrpcClientProtocolClient.java:onNext(255)) - client-9DC82E534C87->980d9c0c-33ac-4a22-b481-33b8b1eac469: receive RaftClientReply:client-9DC82E534C87->980d9c0c-33ac-4a22-b481-33b8b1eac469@group-23022C6A558E, cid=2835, SUCCESS, logIndex=0, commits[980d9c0c-33ac-4a22-b481-33b8b1eac469:c4239, e00ee311-0ce1-4115-b4c1-69648d9d3094:c4235, bb9367ec-656d-4ade-92be-004a921408cc:c4235]
2019-08-06 03:26:37,499 INFO  client.GrpcClientProtocolClient (GrpcClientProtocolClient.java:onNext(255)) - client-9DC82E534C87->980d9c0c-33ac-4a22-b481-33b8b1eac469: receive RaftClientReply:client-9DC82E534C87->980d9c0c-33ac-4a22-b481-33b8b1eac469@group-23022C6A558E, cid=2836, SUCCESS, logIndex=4241, commits[980d9c0c-33ac-4a22-b481-33b8b1eac469:c4242, e00ee311-0ce1-4115-b4c1-69648d9d3094:c4240, bb9367ec-656d-4ade-92be-004a921408cc:c4240]
2019-08-06 03:26:37,499 INFO  client.GrpcClientProtocolClient (GrpcClientProtocolClient.java:onNext(255)) - client-9DC82E534C87->980d9c0c-33ac-4a22-b481-33b8b1eac469: receive RaftClientReply:client-9DC82E534C87->980d9c0c-33ac-4a22-b481-33b8b1eac469@group-23022C6A558E, cid=2837, SUCCESS, logIndex=4242, commits[980d9c0c-33ac-4a22-b481-33b8b1eac469:c4242, e00ee311-0ce1-4115-b4c1-69648d9d3094:c4240, bb9367ec-656d-4ade-92be-004a921408cc:c4240]
2019-08-06 03:26:37,515 INFO  client.GrpcClientProtocolClient (GrpcClientProtocolClient.java:onNext(255)) - client-9DC82E534C87->980d9c0c-33ac-4a22-b481-33b8b1eac469: receive RaftClientReply:client-9DC82E534C87->980d9c0c-33ac-4a22-b481-33b8b1eac469@group-23022C6A558E, cid=2838, SUCCESS, logIndex=4245, commits[980d9c0c-33ac-4a22-b481-33b8b1eac469:c4246, e00ee311-0ce1-4115-b4c1-69648d9d3094:c4242, bb9367ec-656d-4ade-92be-004a921408cc:c4242]
2019-08-06 03:26:37,515 INFO  client.GrpcClientProtocolClient (GrpcClientProtocolClient.java:onNext(255)) - client-9DC82E534C87->980d9c0c-33ac-4a22-b481-33b8b1eac469: receive RaftClientReply:client-9DC82E534C87->980d9c0c-33ac-4a22-b481-33b8b1eac469@group-23022C6A558E, cid=2839, SUCCESS, logIndex=4246, commits[980d9c0c-33ac-4a22-b481-33b8b1eac469:c4246, e00ee311-0ce1-4115-b4c1-69648d9d3094:c4242, bb9367ec-656d-4ade-92be-004a921408cc:c4242]
2019-08-06 03:26:37,529 INFO  client.GrpcClientProtocolClient (GrpcClientProtocolClient.java:onNext(255)) - client-9DC82E534C87->980d9c0c-33ac-4a22-b481-33b8b1eac469: receive RaftClientReply:client-9DC82E534C87->980d9c0c-33ac-4a22-b481-33b8b1eac469@group-23022C6A558E, cid=2840, SUCCESS, logIndex=0, commits[980d9c0c-33ac-4a22-b481-33b8b1eac469:c4248, e00ee311-0ce1-4115-b4c1-69648d9d3094:c4246, bb9367ec-656d-4ade-92be-004a921408cc:c4246]
2019-08-06 03:26:37,559 INFO  client.GrpcClientProtocolClient (GrpcClientProtocolClient.java:onNext(255)) - client-9DC82E534C87->980d9c0c-33ac-4a22-b481-33b8b1eac469: receive RaftClientReply:client-9DC82E534C87->980d9c0c-33ac-4a22-b481-33b8b1eac469@group-23022C6A558E, cid=2841, SUCCESS, logIndex=4249, commits[980d9c0c-33ac-4a22-b481-33b8b1eac469:c4250, e00ee311-0ce1-4115-b4c1-69648d9d3094:c4248, bb9367ec-656d-4ade-92be-004a921408cc:c4248]
2019-08-06 03:26:37,560 INFO  client.GrpcClientProtocolClient (GrpcClientProtocolClient.java:onNext(255)) - client-9DC82E534C87->980d9c0c-33ac-4a22-b481-33b8b1eac469: receive RaftClientReply:client-9DC82E534C87->980d9c0c-33ac-4a22-b481-33b8b1eac469@group-23022C6A558E, cid=2842, SUCCESS, logIndex=4250, commits[980d9c0c-33ac-4a22-b481-33b8b1eac469:c4250, e00ee311-0ce1-4115-b4c1-69648d9d3094:c4248, bb9367ec-656d-4ade-92be-004a921408cc:c4248]
2019-08-06 03:26:37,570 INFO  client.GrpcClientProtocolClient (GrpcClientProtocolClient.java:onNext(255)) - client-9DC82E534C87->980d9c0c-33ac-4a22-b481-33b8b1eac469: receive RaftClientReply:client-9DC82E534C87->980d9c0c-33ac-4a22-b481-33b8b1eac469@group-23022C6A558E, cid=2843, SUCCESS, logIndex=4251, commits[980d9c0c-33ac-4a22-b481-33b8b1eac469:c4252, e00ee311-0ce1-4115-b4c1-69648d9d3094:c4248, bb9367ec-656d-4ade-92be-004a921408cc:c4248]
2019-08-06 03:26:37,570 INFO  client.GrpcClientProtocolClient (GrpcClientProtocolClient.java:onNext(255)) - client-9DC82E534C87->980d9c0c-33ac-4a22-b481-33b8b1eac469: receive RaftClientReply:client-9DC82E534C87->980d9c0c-33ac-4a22-b481-33b8b1eac469@group-23022C6A558E, cid=2844, SUCCESS, logIndex=4252, commits[980d9c0c-33ac-4a22-b481-33b8b1eac469:c4252, e00ee311-0ce1-4115-b4c1-69648d9d3094:c4248, bb9367ec-656d-4ade-92be-004a921408cc:c4248]
2019-08-06 03:26:37,571 INFO  client.GrpcClientProtocolClient (GrpcClientProtocolClient.java:onNext(255)) - client-9DC82E534C87->980d9c0c-33ac-4a22-b481-33b8b1eac469: receive RaftClientReply:client-9DC82E534C87->980d9c0c-33ac-4a22-b481-33b8b1eac469@group-23022C6A558E, cid=2845, SUCCESS, logIndex=0, commits[980d9c0c-33ac-4a22-b481-33b8b1eac469:c4253, e00ee311-0ce1-4115-b4c1-69648d9d3094:c4250, bb9367ec-656d-4ade-92be-004a921408cc:c4250]
2019-08-06 03:26:37,599 INFO  client.GrpcClientProtocolClient (GrpcClientProtocolClient.java:onNext(255)) - client-9DC82E534C87->980d9c0c-33ac-4a22-b481-33b8b1eac469: receive RaftClientReply:client-9DC82E534C87->980d9c0c-33ac-4a22-b481-33b8b1eac469@group-23022C6A558E, cid=2846, SUCCESS, logIndex=4257, commits[980d9c0c-33ac-4a22-b481-33b8b1eac469:c4257, e00ee311-0ce1-4115-b4c1-69648d9d3094:c4256, bb9367ec-656d-4ade-92be-004a921408cc:c4256]
2019-08-06 03:26:37,599 INFO  client.GrpcClientProtocolClient (GrpcClientProtocolClient.java:onNext(255)) - client-9DC82E534C87->980d9c0c-33ac-4a22-b481-33b8b1eac469: receive RaftClientReply:client-9DC82E534C87->980d9c0c-33ac-4a22-b481-33b8b1eac469@group-23022C6A558E, cid=2847, SUCCESS, logIndex=4258, commits[980d9c0c-33ac-4a22-b481-33b8b1eac469:c4258, e00ee311-0ce1-4115-b4c1-69648d9d3094:c4256, bb9367ec-656d-4ade-92be-004a921408cc:c4256]
2019-08-06 03:26:37,629 INFO  client.GrpcClientProtocolClient (GrpcClientProtocolClient.java:onNext(255)) - client-9DC82E534C87->980d9c0c-33ac-4a22-b481-33b8b1eac469: receive RaftClientReply:client-9DC82E534C87->980d9c0c-33ac-4a22-b481-33b8b1eac469@group-23022C6A558E, cid=2848, SUCCESS, logIndex=4261, commits[980d9c0c-33ac-4a22-b481-33b8b1eac469:c4262, e00ee311-0ce1-4115-b4c1-69648d9d3094:c4258, bb9367ec-656d-4ade-92be-004a921408cc:c4258]
2019-08-06 03:26:37,629 INFO  client.GrpcClientProtocolClient (GrpcClientProtocolClient.java:onNext(255)) - client-9DC82E534C87->980d9c0c-33ac-4a22-b481-33b8b1eac469: receive RaftClientReply:client-9DC82E534C87->980d9c0c-33ac-4a22-b481-33b8b1eac469@group-23022C6A558E, cid=2849, SUCCESS, logIndex=4262, commits[980d9c0c-33ac-4a22-b481-33b8b1eac469:c4262, e00ee311-0ce1-4115-b4c1-69648d9d3094:c4258, bb9367ec-656d-4ade-92be-004a921408cc:c4258]
2019-08-06 03:26:37,644 INFO  client.GrpcClientProtocolClient (GrpcClientProtocolClient.java:onNext(255)) - client-9DC82E534C87->980d9c0c-33ac-4a22-b481-33b8b1eac469: receive RaftClientReply:client-9DC82E534C87->980d9c0c-33ac-4a22-b481-33b8b1eac469@group-23022C6A558E, cid=2850, SUCCESS, logIndex=0, commits[980d9c0c-33ac-4a22-b481-33b8b1eac469:c4264, e00ee311-0ce1-4115-b4c1-69648d9d3094:c4262, bb9367ec-656d-4ade-92be-004a921408cc:c4262]
2019-08-06 03:26:37,677 INFO  client.GrpcClientProtocolClient (GrpcClientProtocolClient.java:onNext(255)) - client-9DC82E534C87->980d9c0c-33ac-4a22-b481-33b8b1eac469: receive RaftClientReply:client-9DC82E534C87->980d9c0c-33ac-4a22-b481-33b8b1eac469@group-23022C6A558E, cid=2851, SUCCESS, logIndex=4265, commits[980d9c0c-33ac-4a22-b481-33b8b1eac469:c4267, e00ee311-0ce1-4115-b4c1-69648d9d3094:c4264, bb9367ec-656d-4ade-92be-004a921408cc:c4264]
2019-08-06 03:26:37,678 INFO  client.GrpcClientProtocolClient (GrpcClientProtocolClient.java:onNext(255)) - client-9DC82E534C87->980d9c0c-33ac-4a22-b481-33b8b1eac469: receive RaftClientReply:client-9DC82E534C87->980d9c0c-33ac-4a22-b481-33b8b1eac469@group-23022C6A558E, cid=2852, SUCCESS, logIndex=4266, commits[980d9c0c-33ac-4a22-b481-33b8b1eac469:c4268, e00ee311-0ce1-4115-b4c1-69648d9d3094:c4264, bb9367ec-656d-4ade-92be-004a921408cc:c4264]
2019-08-06 03:26:37,678 INFO  client.GrpcClientProtocolClient (GrpcClientProtocolClient.java:onNext(255)) - client-9DC82E534C87->980d9c0c-33ac-4a22-b481-33b8b1eac469: receive RaftClientReply:client-9DC82E534C87->980d9c0c-33ac-4a22-b481-33b8b1eac469@group-23022C6A558E, cid=2853, SUCCESS, logIndex=4267, commits[980d9c0c-33ac-4a22-b481-33b8b1eac469:c4268, e00ee311-0ce1-4115-b4c1-69648d9d3094:c4265, bb9367ec-656d-4ade-92be-004a921408cc:c4264]
2019-08-06 03:26:37,679 INFO  client.GrpcClientProtocolClient (GrpcClientProtocolClient.java:onNext(255)) - client-9DC82E534C87->980d9c0c-33ac-4a22-b481-33b8b1eac469: receive RaftClientReply:client-9DC82E534C87->980d9c0c-33ac-4a22-b481-33b8b1eac469@group-23022C6A558E, cid=2854, SUCCESS, logIndex=4268, commits[980d9c0c-33ac-4a22-b481-33b8b1eac469:c4269, e00ee311-0ce1-4115-b4c1-69648d9d3094:c4265, bb9367ec-656d-4ade-92be-004a921408cc:c4265]
2019-08-06 03:26:37,680 INFO  client.GrpcClientProtocolClient (GrpcClientProtocolClient.java:onNext(255)) - client-9DC82E534C87->980d9c0c-33ac-4a22-b481-33b8b1eac469: receive RaftClientReply:client-9DC82E534C87->980d9c0c-33ac-4a22-b481-33b8b1eac469@group-23022C6A558E, cid=2855, SUCCESS, logIndex=0, commits[980d9c0c-33ac-4a22-b481-33b8b1eac469:c4272, e00ee311-0ce1-4115-b4c1-69648d9d3094:c4268, bb9367ec-656d-4ade-92be-004a921408cc:c4268]
2019-08-06 03:26:37,701 INFO  client.GrpcClientProtocolClient (GrpcClientProtocolClient.java:onNext(255)) - client-9DC82E534C87->980d9c0c-33ac-4a22-b481-33b8b1eac469: receive RaftClientReply:client-9DC82E534C87->980d9c0c-33ac-4a22-b481-33b8b1eac469@group-23022C6A558E, cid=2856, SUCCESS, logIndex=4273, commits[980d9c0c-33ac-4a22-b481-33b8b1eac469:c4274, e00ee311-0ce1-4115-b4c1-69648d9d3094:c4272, bb9367ec-656d-4ade-92be-004a921408cc:c4272]
2019-08-06 03:26:37,701 INFO  client.GrpcClientProtocolClient (GrpcClientProtocolClient.java:onNext(255)) - client-9DC82E534C87->980d9c0c-33ac-4a22-b481-33b8b1eac469: receive RaftClientReply:client-9DC82E534C87->980d9c0c-33ac-4a22-b481-33b8b1eac469@group-23022C6A558E, cid=2857, SUCCESS, logIndex=4274, commits[980d9c0c-33ac-4a22-b481-33b8b1eac469:c4274, e00ee311-0ce1-4115-b4c1-69648d9d3094:c4272, bb9367ec-656d-4ade-92be-004a921408cc:c4272]
2019-08-06 03:26:37,714 INFO  client.GrpcClientProtocolClient (GrpcClientProtocolClient.java:onNext(255)) - client-9DC82E534C87->980d9c0c-33ac-4a22-b481-33b8b1eac469: receive RaftClientReply:client-9DC82E534C87->980d9c0c-33ac-4a22-b481-33b8b1eac469@group-23022C6A558E, cid=2858, SUCCESS, logIndex=4277, commits[980d9c0c-33ac-4a22-b481-33b8b1eac469:c4278, e00ee311-0ce1-4115-b4c1-69648d9d3094:c4274, bb9367ec-656d-4ade-92be-004a921408cc:c4273]
2019-08-06 03:26:37,715 INFO  client.GrpcClientProtocolClient (GrpcClientProtocolClient.java:onNext(255)) - client-9DC82E534C87->980d9c0c-33ac-4a22-b481-33b8b1eac469: receive RaftClientReply:client-9DC82E534C87->980d9c0c-33ac-4a22-b481-33b8b1eac469@group-23022C6A558E, cid=2859, SUCCESS, logIndex=4278, commits[980d9c0c-33ac-4a22-b481-33b8b1eac469:c4278, e00ee311-0ce1-4115-b4c1-69648d9d3094:c4274, bb9367ec-656d-4ade-92be-004a921408cc:c4274]
2019-08-06 03:26:37,716 INFO  client.GrpcClientProtocolClient (GrpcClientProtocolClient.java:onNext(255)) - client-9DC82E534C87->980d9c0c-33ac-4a22-b481-33b8b1eac469: receive RaftClientReply:client-9DC82E534C87->980d9c0c-33ac-4a22-b481-33b8b1eac469@group-23022C6A558E, cid=2860, SUCCESS, logIndex=0, commits[980d9c0c-33ac-4a22-b481-33b8b1eac469:c4279, e00ee311-0ce1-4115-b4c1-69648d9d3094:c4278, bb9367ec-656d-4ade-92be-004a921408cc:c4278]
2019-08-06 03:26:37,747 INFO  client.GrpcClientProtocolClient (GrpcClientProtocolClient.java:onNext(255)) - client-9DC82E534C87->980d9c0c-33ac-4a22-b481-33b8b1eac469: receive RaftClientReply:client-9DC82E534C87->980d9c0c-33ac-4a22-b481-33b8b1eac469@group-23022C6A558E, cid=2861, SUCCESS, logIndex=4281, commits[980d9c0c-33ac-4a22-b481-33b8b1eac469:c4282, e00ee311-0ce1-4115-b4c1-69648d9d3094:c4280, bb9367ec-656d-4ade-92be-004a921408cc:c4280]
2019-08-06 03:26:37,748 INFO  client.GrpcClientProtocolClient (GrpcClientProtocolClient.java:onNext(255)) - client-9DC82E534C87->980d9c0c-33ac-4a22-b481-33b8b1eac469: receive RaftClientReply:client-9DC82E534C87->980d9c0c-33ac-4a22-b481-33b8b1eac469@group-23022C6A558E, cid=2862, SUCCESS, logIndex=4282, commits[980d9c0c-33ac-4a22-b481-33b8b1eac469:c4282, e00ee311-0ce1-4115-b4c1-69648d9d3094:c4280, bb9367ec-656d-4ade-92be-004a921408cc:c4280]
2019-08-06 03:26:37,748 INFO  client.GrpcClientProtocolClient (GrpcClientProtocolClient.java:onNext(255)) - client-9DC82E534C87->980d9c0c-33ac-4a22-b481-33b8b1eac469: receive RaftClientReply:client-9DC82E534C87->980d9c0c-33ac-4a22-b481-33b8b1eac469@group-23022C6A558E, cid=2863, SUCCESS, logIndex=4283, commits[980d9c0c-33ac-4a22-b481-33b8b1eac469:c4284, e00ee311-0ce1-4115-b4c1-69648d9d3094:c4280, bb9367ec-656d-4ade-92be-004a921408cc:c4280]
2019-08-06 03:26:37,749 INFO  client.GrpcClientProtocolClient (GrpcClientProtocolClient.java:onNext(255)) - client-9DC82E534C87->980d9c0c-33ac-4a22-b481-33b8b1eac469: receive RaftClientReply:client-9DC82E534C87->980d9c0c-33ac-4a22-b481-33b8b1eac469@group-23022C6A558E, cid=2864, SUCCESS, logIndex=4284, commits[980d9c0c-33ac-4a22-b481-33b8b1eac469:c4284, e00ee311-0ce1-4115-b4c1-69648d9d3094:c4280, bb9367ec-656d-4ade-92be-004a921408cc:c4280]
2019-08-06 03:26:37,762 INFO  client.GrpcClientProtocolClient (GrpcClientProtocolClient.java:onNext(255)) - client-9DC82E534C87->980d9c0c-33ac-4a22-b481-33b8b1eac469: receive RaftClientReply:client-9DC82E534C87->980d9c0c-33ac-4a22-b481-33b8b1eac469@group-23022C6A558E, cid=2865, SUCCESS, logIndex=0, commits[980d9c0c-33ac-4a22-b481-33b8b1eac469:c4286, e00ee311-0ce1-4115-b4c1-69648d9d3094:c4282, bb9367ec-656d-4ade-92be-004a921408cc:c4282]
2019-08-06 03:26:37,782 INFO  client.GrpcClientProtocolClient (GrpcClientProtocolClient.java:onNext(255)) - client-9DC82E534C87->980d9c0c-33ac-4a22-b481-33b8b1eac469: receive RaftClientReply:client-9DC82E534C87->980d9c0c-33ac-4a22-b481-33b8b1eac469@group-23022C6A558E, cid=2866, SUCCESS, logIndex=4289, commits[980d9c0c-33ac-4a22-b481-33b8b1eac469:c4290, e00ee311-0ce1-4115-b4c1-69648d9d3094:c4288, bb9367ec-656d-4ade-92be-004a921408cc:c4288]
2019-08-06 03:26:37,782 INFO  client.GrpcClientProtocolClient (GrpcClientProtocolClient.java:onNext(255)) - client-9DC82E534C87->980d9c0c-33ac-4a22-b481-33b8b1eac469: receive RaftClientReply:client-9DC82E534C87->980d9c0c-33ac-4a22-b481-33b8b1eac469@group-23022C6A558E, cid=2867, SUCCESS, logIndex=4290, commits[980d9c0c-33ac-4a22-b481-33b8b1eac469:c4290, e00ee311-0ce1-4115-b4c1-69648d9d3094:c4288, bb9367ec-656d-4ade-92be-004a921408cc:c4288]
2019-08-06 03:26:37,795 INFO  client.GrpcClientProtocolClient (GrpcClientProtocolClient.java:onNext(255)) - client-9DC82E534C87->980d9c0c-33ac-4a22-b481-33b8b1eac469: receive RaftClientReply:client-9DC82E534C87->980d9c0c-33ac-4a22-b481-33b8b1eac469@group-23022C6A558E, cid=2868, SUCCESS, logIndex=4293, commits[980d9c0c-33ac-4a22-b481-33b8b1eac469:c4293, e00ee311-0ce1-4115-b4c1-69648d9d3094:c4290, bb9367ec-656d-4ade-92be-004a921408cc:c4290]
2019-08-06 03:26:37,796 INFO  client.GrpcClientProtocolClient (GrpcClientProtocolClient.java:onNext(255)) - client-9DC82E534C87->980d9c0c-33ac-4a22-b481-33b8b1eac469: receive RaftClientReply:client-9DC82E534C87->980d9c0c-33ac-4a22-b481-33b8b1eac469@group-23022C6A558E, cid=2869, SUCCESS, logIndex=4294, commits[980d9c0c-33ac-4a22-b481-33b8b1eac469:c4294, e00ee311-0ce1-4115-b4c1-69648d9d3094:c4290, bb9367ec-656d-4ade-92be-004a921408cc:c4290]
2019-08-06 03:26:37,810 INFO  client.GrpcClientProtocolClient (GrpcClientProtocolClient.java:onNext(255)) - client-9DC82E534C87->980d9c0c-33ac-4a22-b481-33b8b1eac469: receive RaftClientReply:client-9DC82E534C87->980d9c0c-33ac-4a22-b481-33b8b1eac469@group-23022C6A558E, cid=2870, SUCCESS, logIndex=0, commits[980d9c0c-33ac-4a22-b481-33b8b1eac469:c4296, e00ee311-0ce1-4115-b4c1-69648d9d3094:c4294, bb9367ec-656d-4ade-92be-004a921408cc:c4294]
2019-08-06 03:26:37,841 INFO  client.GrpcClientProtocolClient (GrpcClientProtocolClient.java:onNext(255)) - client-9DC82E534C87->980d9c0c-33ac-4a22-b481-33b8b1eac469: receive RaftClientReply:client-9DC82E534C87->980d9c0c-33ac-4a22-b481-33b8b1eac469@group-23022C6A558E, cid=2871, SUCCESS, logIndex=4297, commits[980d9c0c-33ac-4a22-b481-33b8b1eac469:c4299, e00ee311-0ce1-4115-b4c1-69648d9d3094:c4296, bb9367ec-656d-4ade-92be-004a921408cc:c4296]
2019-08-06 03:26:37,841 INFO  client.GrpcClientProtocolClient (GrpcClientProtocolClient.java:onNext(255)) - client-9DC82E534C87->980d9c0c-33ac-4a22-b481-33b8b1eac469: receive RaftClientReply:client-9DC82E534C87->980d9c0c-33ac-4a22-b481-33b8b1eac469@group-23022C6A558E, cid=2872, SUCCESS, logIndex=4298, commits[980d9c0c-33ac-4a22-b481-33b8b1eac469:c4300, e00ee311-0ce1-4115-b4c1-69648d9d3094:c4296, bb9367ec-656d-4ade-92be-004a921408cc:c4296]
2019-08-06 03:26:37,842 INFO  client.GrpcClientProtocolClient (GrpcClientProtocolClient.java:onNext(255)) - client-9DC82E534C87->980d9c0c-33ac-4a22-b481-33b8b1eac469: receive RaftClientReply:client-9DC82E534C87->980d9c0c-33ac-4a22-b481-33b8b1eac469@group-23022C6A558E, cid=2873, SUCCESS, logIndex=4299, commits[980d9c0c-33ac-4a22-b481-33b8b1eac469:c4300, e00ee311-0ce1-4115-b4c1-69648d9d3094:c4296, bb9367ec-656d-4ade-92be-004a921408cc:c4296]
2019-08-06 03:26:37,842 INFO  client.GrpcClientProtocolClient (GrpcClientProtocolClient.java:onNext(255)) - client-9DC82E534C87->980d9c0c-33ac-4a22-b481-33b8b1eac469: receive RaftClientReply:client-9DC82E534C87->980d9c0c-33ac-4a22-b481-33b8b1eac469@group-23022C6A558E, cid=2874, SUCCESS, logIndex=4300, commits[980d9c0c-33ac-4a22-b481-33b8b1eac469:c4301, e00ee311-0ce1-4115-b4c1-69648d9d3094:c4297, bb9367ec-656d-4ade-92be-004a921408cc:c4296]
2019-08-06 03:26:37,843 INFO  client.GrpcClientProtocolClient (GrpcClientProtocolClient.java:onNext(255)) - client-9DC82E534C87->980d9c0c-33ac-4a22-b481-33b8b1eac469: receive RaftClientReply:client-9DC82E534C87->980d9c0c-33ac-4a22-b481-33b8b1eac469@group-23022C6A558E, cid=2875, SUCCESS, logIndex=0, commits[980d9c0c-33ac-4a22-b481-33b8b1eac469:c4303, e00ee311-0ce1-4115-b4c1-69648d9d3094:c4298, bb9367ec-656d-4ade-92be-004a921408cc:c4299]
2019-08-06 03:26:37,869 INFO  client.GrpcClientProtocolClient (GrpcClientProtocolClient.java:onNext(255)) - client-9DC82E534C87->980d9c0c-33ac-4a22-b481-33b8b1eac469: receive RaftClientReply:client-9DC82E534C87->980d9c0c-33ac-4a22-b481-33b8b1eac469@group-23022C6A558E, cid=2876, SUCCESS, logIndex=4305, commits[980d9c0c-33ac-4a22-b481-33b8b1eac469:c4306, e00ee311-0ce1-4115-b4c1-69648d9d3094:c4304, bb9367ec-656d-4ade-92be-004a921408cc:c4304]
2019-08-06 03:26:37,869 INFO  client.GrpcClientProtocolClient (GrpcClientProtocolClient.java:onNext(255)) - client-9DC82E534C87->980d9c0c-33ac-4a22-b481-33b8b1eac469: receive RaftClientReply:client-9DC82E534C87->980d9c0c-33ac-4a22-b481-33b8b1eac469@group-23022C6A558E, cid=2877, SUCCESS, logIndex=4306, commits[980d9c0c-33ac-4a22-b481-33b8b1eac469:c4306, e00ee311-0ce1-4115-b4c1-69648d9d3094:c4304, bb9367ec-656d-4ade-92be-004a921408cc:c4304]
2019-08-06 03:26:37,882 INFO  client.GrpcClientProtocolClient (GrpcClientProtocolClient.java:onNext(255)) - client-9DC82E534C87->980d9c0c-33ac-4a22-b481-33b8b1eac469: receive RaftClientReply:client-9DC82E534C87->980d9c0c-33ac-4a22-b481-33b8b1eac469@group-23022C6A558E, cid=2878, SUCCESS, logIndex=4309, commits[980d9c0c-33ac-4a22-b481-33b8b1eac469:c4310, e00ee311-0ce1-4115-b4c1-69648d9d3094:c4306, bb9367ec-656d-4ade-92be-004a921408cc:c4306]
2019-08-06 03:26:37,882 INFO  client.GrpcClientProtocolClient (GrpcClientProtocolClient.java:onNext(255)) - client-9DC82E534C87->980d9c0c-33ac-4a22-b481-33b8b1eac469: receive RaftClientReply:client-9DC82E534C87->980d9c0c-33ac-4a22-b481-33b8b1eac469@group-23022C6A558E, cid=2879, SUCCESS, logIndex=4310, commits[980d9c0c-33ac-4a22-b481-33b8b1eac469:c4310, e00ee311-0ce1-4115-b4c1-69648d9d3094:c4306, bb9367ec-656d-4ade-92be-004a921408cc:c4306]
2019-08-06 03:26:37,894 INFO  client.GrpcClientProtocolClient (GrpcClientProtocolClient.java:onNext(255)) - client-9DC82E534C87->980d9c0c-33ac-4a22-b481-33b8b1eac469: receive RaftClientReply:client-9DC82E534C87->980d9c0c-33ac-4a22-b481-33b8b1eac469@group-23022C6A558E, cid=2880, SUCCESS, logIndex=0, commits[980d9c0c-33ac-4a22-b481-33b8b1eac469:c4311, e00ee311-0ce1-4115-b4c1-69648d9d3094:c4310, bb9367ec-656d-4ade-92be-004a921408cc:c4310]
2019-08-06 03:26:38,014 INFO  client.GrpcClientProtocolClient (GrpcClientProtocolClient.java:onNext(255)) - client-9DC82E534C87->980d9c0c-33ac-4a22-b481-33b8b1eac469: receive RaftClientReply:client-9DC82E534C87->980d9c0c-33ac-4a22-b481-33b8b1eac469@group-23022C6A558E, cid=2881, SUCCESS, logIndex=4313, commits[980d9c0c-33ac-4a22-b481-33b8b1eac469:c4314, e00ee311-0ce1-4115-b4c1-69648d9d3094:c4312, bb9367ec-656d-4ade-92be-004a921408cc:c4312]
2019-08-06 03:26:38,014 INFO  client.GrpcClientProtocolClient (GrpcClientProtocolClient.java:onNext(255)) - client-9DC82E534C87->980d9c0c-33ac-4a22-b481-33b8b1eac469: receive RaftClientReply:client-9DC82E534C87->980d9c0c-33ac-4a22-b481-33b8b1eac469@group-23022C6A558E, cid=2882, SUCCESS, logIndex=4314, commits[980d9c0c-33ac-4a22-b481-33b8b1eac469:c4316, e00ee311-0ce1-4115-b4c1-69648d9d3094:c4312, bb9367ec-656d-4ade-92be-004a921408cc:c4312]
2019-08-06 03:26:38,015 INFO  client.GrpcClientProtocolClient (GrpcClientProtocolClient.java:onNext(255)) - client-9DC82E534C87->980d9c0c-33ac-4a22-b481-33b8b1eac469: receive RaftClientReply:client-9DC82E534C87->980d9c0c-33ac-4a22-b481-33b8b1eac469@group-23022C6A558E, cid=2883, SUCCESS, logIndex=4315, commits[980d9c0c-33ac-4a22-b481-33b8b1eac469:c4316, e00ee311-0ce1-4115-b4c1-69648d9d3094:c4312, bb9367ec-656d-4ade-92be-004a921408cc:c4312]
2019-08-06 03:26:38,015 INFO  client.GrpcClientProtocolClient (GrpcClientProtocolClient.java:onNext(255)) - client-9DC82E534C87->980d9c0c-33ac-4a22-b481-33b8b1eac469: receive RaftClientReply:client-9DC82E534C87->980d9c0c-33ac-4a22-b481-33b8b1eac469@group-23022C6A558E, cid=2884, SUCCESS, logIndex=4316, commits[980d9c0c-33ac-4a22-b481-33b8b1eac469:c4316, e00ee311-0ce1-4115-b4c1-69648d9d3094:c4312, bb9367ec-656d-4ade-92be-004a921408cc:c4312]
2019-08-06 03:26:38,028 INFO  client.GrpcClientProtocolClient (GrpcClientProtocolClient.java:onNext(255)) - client-9DC82E534C87->980d9c0c-33ac-4a22-b481-33b8b1eac469: receive RaftClientReply:client-9DC82E534C87->980d9c0c-33ac-4a22-b481-33b8b1eac469@group-23022C6A558E, cid=2885, SUCCESS, logIndex=0, commits[980d9c0c-33ac-4a22-b481-33b8b1eac469:c4318, e00ee311-0ce1-4115-b4c1-69648d9d3094:c4314, bb9367ec-656d-4ade-92be-004a921408cc:c4314]
2019-08-06 03:26:38,044 INFO  client.GrpcClientProtocolClient (GrpcClientProtocolClient.java:onNext(255)) - client-9DC82E534C87->980d9c0c-33ac-4a22-b481-33b8b1eac469: receive RaftClientReply:client-9DC82E534C87->980d9c0c-33ac-4a22-b481-33b8b1eac469@group-23022C6A558E, cid=2886, SUCCESS, logIndex=4321, commits[980d9c0c-33ac-4a22-b481-33b8b1eac469:c4322, e00ee311-0ce1-4115-b4c1-69648d9d3094:c4320, bb9367ec-656d-4ade-92be-004a921408cc:c4320]
2019-08-06 03:26:38,044 INFO  client.GrpcClientProtocolClient (GrpcClientProtocolClient.java:onNext(255)) - client-9DC82E534C87->980d9c0c-33ac-4a22-b481-33b8b1eac469: receive RaftClientReply:client-9DC82E534C87->980d9c0c-33ac-4a22-b481-33b8b1eac469@group-23022C6A558E, cid=2887, SUCCESS, logIndex=4322, commits[980d9c0c-33ac-4a22-b481-33b8b1eac469:c4322, e00ee311-0ce1-4115-b4c1-69648d9d3094:c4320, bb9367ec-656d-4ade-92be-004a921408cc:c4320]
2019-08-06 03:26:38,069 INFO  client.GrpcClientProtocolClient (GrpcClientProtocolClient.java:onNext(255)) - client-9DC82E534C87->980d9c0c-33ac-4a22-b481-33b8b1eac469: receive RaftClientReply:client-9DC82E534C87->980d9c0c-33ac-4a22-b481-33b8b1eac469@group-23022C6A558E, cid=2888, SUCCESS, logIndex=4325, commits[980d9c0c-33ac-4a22-b481-33b8b1eac469:c4326, e00ee311-0ce1-4115-b4c1-69648d9d3094:c4322, bb9367ec-656d-4ade-92be-004a921408cc:c4322]
2019-08-06 03:26:38,070 INFO  client.GrpcClientProtocolClient (GrpcClientProtocolClient.java:onNext(255)) - client-9DC82E534C87->980d9c0c-33ac-4a22-b481-33b8b1eac469: receive RaftClientReply:client-9DC82E534C87->980d9c0c-33ac-4a22-b481-33b8b1eac469@group-23022C6A558E, cid=2889, SUCCESS, logIndex=4326, commits[980d9c0c-33ac-4a22-b481-33b8b1eac469:c4326, e00ee311-0ce1-4115-b4c1-69648d9d3094:c4322, bb9367ec-656d-4ade-92be-004a921408cc:c4322]
2019-08-06 03:26:38,082 INFO  client.GrpcClientProtocolClient (GrpcClientProtocolClient.java:onNext(255)) - client-9DC82E534C87->980d9c0c-33ac-4a22-b481-33b8b1eac469: receive RaftClientReply:client-9DC82E534C87->980d9c0c-33ac-4a22-b481-33b8b1eac469@group-23022C6A558E, cid=2890, SUCCESS, logIndex=0, commits[980d9c0c-33ac-4a22-b481-33b8b1eac469:c4327, e00ee311-0ce1-4115-b4c1-69648d9d3094:c4326, bb9367ec-656d-4ade-92be-004a921408cc:c4326]
2019-08-06 03:26:38,127 INFO  client.GrpcClientProtocolClient (GrpcClientProtocolClient.java:onNext(255)) - client-9DC82E534C87->980d9c0c-33ac-4a22-b481-33b8b1eac469: receive RaftClientReply:client-9DC82E534C87->980d9c0c-33ac-4a22-b481-33b8b1eac469@group-23022C6A558E, cid=2891, SUCCESS, logIndex=4329, commits[980d9c0c-33ac-4a22-b481-33b8b1eac469:c4330, e00ee311-0ce1-4115-b4c1-69648d9d3094:c4328, bb9367ec-656d-4ade-92be-004a921408cc:c4328]
2019-08-06 03:26:38,128 INFO  client.GrpcClientProtocolClient (GrpcClientProtocolClient.java:onNext(255)) - client-9DC82E534C87->980d9c0c-33ac-4a22-b481-33b8b1eac469: receive RaftClientReply:client-9DC82E534C87->980d9c0c-33ac-4a22-b481-33b8b1eac469@group-23022C6A558E, cid=2892, SUCCESS, logIndex=4330, commits[980d9c0c-33ac-4a22-b481-33b8b1eac469:c4331, e00ee311-0ce1-4115-b4c1-69648d9d3094:c4328, bb9367ec-656d-4ade-92be-004a921408cc:c4328]
2019-08-06 03:26:38,129 INFO  client.GrpcClientProtocolClient (GrpcClientProtocolClient.java:onNext(255)) - client-9DC82E534C87->980d9c0c-33ac-4a22-b481-33b8b1eac469: receive RaftClientReply:client-9DC82E534C87->980d9c0c-33ac-4a22-b481-33b8b1eac469@group-23022C6A558E, cid=2893, SUCCESS, logIndex=4331, commits[980d9c0c-33ac-4a22-b481-33b8b1eac469:c4332, e00ee311-0ce1-4115-b4c1-69648d9d3094:c4328, bb9367ec-656d-4ade-92be-004a921408cc:c4328]
2019-08-06 03:26:38,129 INFO  client.GrpcClientProtocolClient (GrpcClientProtocolClient.java:onNext(255)) - client-9DC82E534C87->980d9c0c-33ac-4a22-b481-33b8b1eac469: receive RaftClientReply:client-9DC82E534C87->980d9c0c-33ac-4a22-b481-33b8b1eac469@group-23022C6A558E, cid=2894, SUCCESS, logIndex=4332, commits[980d9c0c-33ac-4a22-b481-33b8b1eac469:c4332, e00ee311-0ce1-4115-b4c1-69648d9d3094:c4328, bb9367ec-656d-4ade-92be-004a921408cc:c4328]
2019-08-06 03:26:38,131 INFO  client.GrpcClientProtocolClient (GrpcClientProtocolClient.java:onNext(255)) - client-9DC82E534C87->980d9c0c-33ac-4a22-b481-33b8b1eac469: receive RaftClientReply:client-9DC82E534C87->980d9c0c-33ac-4a22-b481-33b8b1eac469@group-23022C6A558E, cid=2895, SUCCESS, logIndex=0, commits[980d9c0c-33ac-4a22-b481-33b8b1eac469:c4334, e00ee311-0ce1-4115-b4c1-69648d9d3094:c4330, bb9367ec-656d-4ade-92be-004a921408cc:c4330]
2019-08-06 03:26:38,143 INFO  client.GrpcClientProtocolClient (GrpcClientProtocolClient.java:onNext(255)) - client-9DC82E534C87->980d9c0c-33ac-4a22-b481-33b8b1eac469: receive RaftClientReply:client-9DC82E534C87->980d9c0c-33ac-4a22-b481-33b8b1eac469@group-23022C6A558E, cid=2896, SUCCESS, logIndex=4337, commits[980d9c0c-33ac-4a22-b481-33b8b1eac469:c4338, e00ee311-0ce1-4115-b4c1-69648d9d3094:c4335, bb9367ec-656d-4ade-92be-004a921408cc:c4335]
2019-08-06 03:26:38,143 INFO  client.GrpcClientProtocolClient (GrpcClientProtocolClient.java:onNext(255)) - client-9DC82E534C87->980d9c0c-33ac-4a22-b481-33b8b1eac469: receive RaftClientReply:client-9DC82E534C87->980d9c0c-33ac-4a22-b481-33b8b1eac469@group-23022C6A558E, cid=2897, SUCCESS, logIndex=4338, commits[980d9c0c-33ac-4a22-b481-33b8b1eac469:c4338, e00ee311-0ce1-4115-b4c1-69648d9d3094:c4335, bb9367ec-656d-4ade-92be-004a921408cc:c4335]
2019-08-06 03:26:38,162 INFO  client.GrpcClientProtocolClient (GrpcClientProtocolClient.java:onNext(255)) - client-9DC82E534C87->980d9c0c-33ac-4a22-b481-33b8b1eac469: receive RaftClientReply:client-9DC82E534C87->980d9c0c-33ac-4a22-b481-33b8b1eac469@group-23022C6A558E, cid=2898, SUCCESS, logIndex=4340, commits[980d9c0c-33ac-4a22-b481-33b8b1eac469:c4341, e00ee311-0ce1-4115-b4c1-69648d9d3094:c4339, bb9367ec-656d-4ade-92be-004a921408cc:c4339]
2019-08-06 03:26:38,162 INFO  client.GrpcClientProtocolClient (GrpcClientProtocolClient.java:onNext(255)) - client-9DC82E534C87->980d9c0c-33ac-4a22-b481-33b8b1eac469: receive RaftClientReply:client-9DC82E534C87->980d9c0c-33ac-4a22-b481-33b8b1eac469@group-23022C6A558E, cid=2899, SUCCESS, logIndex=4341, commits[980d9c0c-33ac-4a22-b481-33b8b1eac469:c4341, e00ee311-0ce1-4115-b4c1-69648d9d3094:c4339, bb9367ec-656d-4ade-92be-004a921408cc:c4339]
2019-08-06 03:26:38,176 INFO  client.GrpcClientProtocolClient (GrpcClientProtocolClient.java:onNext(255)) - client-9DC82E534C87->980d9c0c-33ac-4a22-b481-33b8b1eac469: receive RaftClientReply:client-9DC82E534C87->980d9c0c-33ac-4a22-b481-33b8b1eac469@group-23022C6A558E, cid=2900, SUCCESS, logIndex=0, commits[980d9c0c-33ac-4a22-b481-33b8b1eac469:c4342, e00ee311-0ce1-4115-b4c1-69648d9d3094:c4341, bb9367ec-656d-4ade-92be-004a921408cc:c4341]
2019-08-06 03:26:38,206 INFO  client.GrpcClientProtocolClient (GrpcClientProtocolClient.java:onNext(255)) - client-9DC82E534C87->980d9c0c-33ac-4a22-b481-33b8b1eac469: receive RaftClientReply:client-9DC82E534C87->980d9c0c-33ac-4a22-b481-33b8b1eac469@group-23022C6A558E, cid=2901, SUCCESS, logIndex=4344, commits[980d9c0c-33ac-4a22-b481-33b8b1eac469:c4345, e00ee311-0ce1-4115-b4c1-69648d9d3094:c4343, bb9367ec-656d-4ade-92be-004a921408cc:c4343]
2019-08-06 03:26:38,207 INFO  client.GrpcClientProtocolClient (GrpcClientProtocolClient.java:onNext(255)) - client-9DC82E534C87->980d9c0c-33ac-4a22-b481-33b8b1eac469: receive RaftClientReply:client-9DC82E534C87->980d9c0c-33ac-4a22-b481-33b8b1eac469@group-23022C6A558E, cid=2902, SUCCESS, logIndex=4345, commits[980d9c0c-33ac-4a22-b481-33b8b1eac469:c4345, e00ee311-0ce1-4115-b4c1-69648d9d3094:c4343, bb9367ec-656d-4ade-92be-004a921408cc:c4343]
2019-08-06 03:26:38,216 INFO  client.GrpcClientProtocolClient (GrpcClientProtocolClient.java:onNext(255)) - client-9DC82E534C87->980d9c0c-33ac-4a22-b481-33b8b1eac469: receive RaftClientReply:client-9DC82E534C87->980d9c0c-33ac-4a22-b481-33b8b1eac469@group-23022C6A558E, cid=2903, SUCCESS, logIndex=4346, commits[980d9c0c-33ac-4a22-b481-33b8b1eac469:c4347, e00ee311-0ce1-4115-b4c1-69648d9d3094:c4343, bb9367ec-656d-4ade-92be-004a921408cc:c4343]
2019-08-06 03:26:38,217 INFO  client.GrpcClientProtocolClient (GrpcClientProtocolClient.java:onNext(255)) - client-9DC82E534C87->980d9c0c-33ac-4a22-b481-33b8b1eac469: receive RaftClientReply:client-9DC82E534C87->980d9c0c-33ac-4a22-b481-33b8b1eac469@group-23022C6A558E, cid=2904, SUCCESS, logIndex=4347, commits[980d9c0c-33ac-4a22-b481-33b8b1eac469:c4347, e00ee311-0ce1-4115-b4c1-69648d9d3094:c4343, bb9367ec-656d-4ade-92be-004a921408cc:c4343]
2019-08-06 03:26:38,220 INFO  client.GrpcClientProtocolClient (GrpcClientProtocolClient.java:onNext(255)) - client-9DC82E534C87->980d9c0c-33ac-4a22-b481-33b8b1eac469: receive RaftClientReply:client-9DC82E534C87->980d9c0c-33ac-4a22-b481-33b8b1eac469@group-23022C6A558E, cid=2905, SUCCESS, logIndex=0, commits[980d9c0c-33ac-4a22-b481-33b8b1eac469:c4349, e00ee311-0ce1-4115-b4c1-69648d9d3094:c4345, bb9367ec-656d-4ade-92be-004a921408cc:c4345]
2019-08-06 03:26:38,233 INFO  client.GrpcClientProtocolClient (GrpcClientProtocolClient.java:onNext(255)) - client-9DC82E534C87->980d9c0c-33ac-4a22-b481-33b8b1eac469: receive RaftClientReply:client-9DC82E534C87->980d9c0c-33ac-4a22-b481-33b8b1eac469@group-23022C6A558E, cid=2906, SUCCESS, logIndex=4352, commits[980d9c0c-33ac-4a22-b481-33b8b1eac469:c4352, e00ee311-0ce1-4115-b4c1-69648d9d3094:c4351, bb9367ec-656d-4ade-92be-004a921408cc:c4351]
2019-08-06 03:26:38,234 INFO  client.GrpcClientProtocolClient (GrpcClientProtocolClient.java:onNext(255)) - client-9DC82E534C87->980d9c0c-33ac-4a22-b481-33b8b1eac469: receive RaftClientReply:client-9DC82E534C87->980d9c0c-33ac-4a22-b481-33b8b1eac469@group-23022C6A558E, cid=2907, SUCCESS, logIndex=4353, commits[980d9c0c-33ac-4a22-b481-33b8b1eac469:c4353, e00ee311-0ce1-4115-b4c1-69648d9d3094:c4351, bb9367ec-656d-4ade-92be-004a921408cc:c4351]
2019-08-06 03:26:38,260 INFO  client.GrpcClientProtocolClient (GrpcClientProtocolClient.java:onNext(255)) - client-9DC82E534C87->980d9c0c-33ac-4a22-b481-33b8b1eac469: receive RaftClientReply:client-9DC82E534C87->980d9c0c-33ac-4a22-b481-33b8b1eac469@group-23022C6A558E, cid=2908, SUCCESS, logIndex=4356, commits[980d9c0c-33ac-4a22-b481-33b8b1eac469:c4356, e00ee311-0ce1-4115-b4c1-69648d9d3094:c4353, bb9367ec-656d-4ade-92be-004a921408cc:c4353]
2019-08-06 03:26:38,260 INFO  client.GrpcClientProtocolClient (GrpcClientProtocolClient.java:onNext(255)) - client-9DC82E534C87->980d9c0c-33ac-4a22-b481-33b8b1eac469: receive RaftClientReply:client-9DC82E534C87->980d9c0c-33ac-4a22-b481-33b8b1eac469@group-23022C6A558E, cid=2909, SUCCESS, logIndex=4357, commits[980d9c0c-33ac-4a22-b481-33b8b1eac469:c4357, e00ee311-0ce1-4115-b4c1-69648d9d3094:c4353, bb9367ec-656d-4ade-92be-004a921408cc:c4353]
2019-08-06 03:26:38,286 INFO  client.GrpcClientProtocolClient (GrpcClientProtocolClient.java:onNext(255)) - client-9DC82E534C87->980d9c0c-33ac-4a22-b481-33b8b1eac469: receive RaftClientReply:client-9DC82E534C87->980d9c0c-33ac-4a22-b481-33b8b1eac469@group-23022C6A558E, cid=2910, SUCCESS, logIndex=0, commits[980d9c0c-33ac-4a22-b481-33b8b1eac469:c4359, e00ee311-0ce1-4115-b4c1-69648d9d3094:c4357, bb9367ec-656d-4ade-92be-004a921408cc:c4357]
2019-08-06 03:26:38,316 INFO  client.GrpcClientProtocolClient (GrpcClientProtocolClient.java:onNext(255)) - client-9DC82E534C87->980d9c0c-33ac-4a22-b481-33b8b1eac469: receive RaftClientReply:client-9DC82E534C87->980d9c0c-33ac-4a22-b481-33b8b1eac469@group-23022C6A558E, cid=2911, SUCCESS, logIndex=4360, commits[980d9c0c-33ac-4a22-b481-33b8b1eac469:c4361, e00ee311-0ce1-4115-b4c1-69648d9d3094:c4359, bb9367ec-656d-4ade-92be-004a921408cc:c4359]
2019-08-06 03:26:38,317 INFO  client.GrpcClientProtocolClient (GrpcClientProtocolClient.java:onNext(255)) - client-9DC82E534C87->980d9c0c-33ac-4a22-b481-33b8b1eac469: receive RaftClientReply:client-9DC82E534C87->980d9c0c-33ac-4a22-b481-33b8b1eac469@group-23022C6A558E, cid=2912, SUCCESS, logIndex=4361, commits[980d9c0c-33ac-4a22-b481-33b8b1eac469:c4361, e00ee311-0ce1-4115-b4c1-69648d9d3094:c4359, bb9367ec-656d-4ade-92be-004a921408cc:c4359]
 0.00% |█                                                                                                    |  0/1 Time: 0:00:252019-08-06 03:26:38,327 INFO  client.GrpcClientProtocolClient (GrpcClientProtocolClient.java:onNext(255)) - client-9DC82E534C87->980d9c0c-33ac-4a22-b481-33b8b1eac469: receive RaftClientReply:client-9DC82E534C87->980d9c0c-33ac-4a22-b481-33b8b1eac469@group-23022C6A558E, cid=2913, SUCCESS, logIndex=4362, commits[980d9c0c-33ac-4a22-b481-33b8b1eac469:c4363, e00ee311-0ce1-4115-b4c1-69648d9d3094:c4359, bb9367ec-656d-4ade-92be-004a921408cc:c4359]
2019-08-06 03:26:38,327 INFO  client.GrpcClientProtocolClient (GrpcClientProtocolClient.java:onNext(255)) - client-9DC82E534C87->980d9c0c-33ac-4a22-b481-33b8b1eac469: receive RaftClientReply:client-9DC82E534C87->980d9c0c-33ac-4a22-b481-33b8b1eac469@group-23022C6A558E, cid=2914, SUCCESS, logIndex=4363, commits[980d9c0c-33ac-4a22-b481-33b8b1eac469:c4363, e00ee311-0ce1-4115-b4c1-69648d9d3094:c4359, bb9367ec-656d-4ade-92be-004a921408cc:c4359]
2019-08-06 03:26:38,331 INFO  client.GrpcClientProtocolClient (GrpcClientProtocolClient.java:onNext(255)) - client-9DC82E534C87->980d9c0c-33ac-4a22-b481-33b8b1eac469: receive RaftClientReply:client-9DC82E534C87->980d9c0c-33ac-4a22-b481-33b8b1eac469@group-23022C6A558E, cid=2915, SUCCESS, logIndex=0, commits[980d9c0c-33ac-4a22-b481-33b8b1eac469:c4365, e00ee311-0ce1-4115-b4c1-69648d9d3094:c4361, bb9367ec-656d-4ade-92be-004a921408cc:c4361]
2019-08-06 03:26:38,359 INFO  client.GrpcClientProtocolClient (GrpcClientProtocolClient.java:onNext(255)) - client-9DC82E534C87->980d9c0c-33ac-4a22-b481-33b8b1eac469: receive RaftClientReply:client-9DC82E534C87->980d9c0c-33ac-4a22-b481-33b8b1eac469@group-23022C6A558E, cid=2916, SUCCESS, logIndex=4368, commits[980d9c0c-33ac-4a22-b481-33b8b1eac469:c4369, e00ee311-0ce1-4115-b4c1-69648d9d3094:c4367, bb9367ec-656d-4ade-92be-004a921408cc:c4367]
2019-08-06 03:26:38,359 INFO  client.GrpcClientProtocolClient (GrpcClientProtocolClient.java:onNext(255)) - client-9DC82E534C87->980d9c0c-33ac-4a22-b481-33b8b1eac469: receive RaftClientReply:client-9DC82E534C87->980d9c0c-33ac-4a22-b481-33b8b1eac469@group-23022C6A558E, cid=2917, SUCCESS, logIndex=4369, commits[980d9c0c-33ac-4a22-b481-33b8b1eac469:c4369, e00ee311-0ce1-4115-b4c1-69648d9d3094:c4367, bb9367ec-656d-4ade-92be-004a921408cc:c4367]
2019-08-06 03:26:38,372 INFO  client.GrpcClientProtocolClient (GrpcClientProtocolClient.java:onNext(255)) - client-9DC82E534C87->980d9c0c-33ac-4a22-b481-33b8b1eac469: receive RaftClientReply:client-9DC82E534C87->980d9c0c-33ac-4a22-b481-33b8b1eac469@group-23022C6A558E, cid=2918, SUCCESS, logIndex=4372, commits[980d9c0c-33ac-4a22-b481-33b8b1eac469:c4373, e00ee311-0ce1-4115-b4c1-69648d9d3094:c4369, bb9367ec-656d-4ade-92be-004a921408cc:c4369]
2019-08-06 03:26:38,372 INFO  client.GrpcClientProtocolClient (GrpcClientProtocolClient.java:onNext(255)) - client-9DC82E534C87->980d9c0c-33ac-4a22-b481-33b8b1eac469: receive RaftClientReply:client-9DC82E534C87->980d9c0c-33ac-4a22-b481-33b8b1eac469@group-23022C6A558E, cid=2919, SUCCESS, logIndex=4373, commits[980d9c0c-33ac-4a22-b481-33b8b1eac469:c4373, e00ee311-0ce1-4115-b4c1-69648d9d3094:c4369, bb9367ec-656d-4ade-92be-004a921408cc:c4369]
2019-08-06 03:26:38,375 INFO  client.GrpcClientProtocolClient (GrpcClientProtocolClient.java:onNext(255)) - client-9DC82E534C87->980d9c0c-33ac-4a22-b481-33b8b1eac469: receive RaftClientReply:client-9DC82E534C87->980d9c0c-33ac-4a22-b481-33b8b1eac469@group-23022C6A558E, cid=2920, SUCCESS, logIndex=0, commits[980d9c0c-33ac-4a22-b481-33b8b1eac469:c4374, e00ee311-0ce1-4115-b4c1-69648d9d3094:c4373, bb9367ec-656d-4ade-92be-004a921408cc:c4373]
2019-08-06 03:26:38,420 INFO  client.GrpcClientProtocolClient (GrpcClientProtocolClient.java:onNext(255)) - client-9DC82E534C87->980d9c0c-33ac-4a22-b481-33b8b1eac469: receive RaftClientReply:client-9DC82E534C87->980d9c0c-33ac-4a22-b481-33b8b1eac469@group-23022C6A558E, cid=2921, SUCCESS, logIndex=4376, commits[980d9c0c-33ac-4a22-b481-33b8b1eac469:c4377, e00ee311-0ce1-4115-b4c1-69648d9d3094:c4375, bb9367ec-656d-4ade-92be-004a921408cc:c4375]
2019-08-06 03:26:38,421 INFO  client.GrpcClientProtocolClient (GrpcClientProtocolClient.java:onNext(255)) - client-9DC82E534C87->980d9c0c-33ac-4a22-b481-33b8b1eac469: receive RaftClientReply:client-9DC82E534C87->980d9c0c-33ac-4a22-b481-33b8b1eac469@group-23022C6A558E, cid=2922, SUCCESS, logIndex=4377, commits[980d9c0c-33ac-4a22-b481-33b8b1eac469:c4378, e00ee311-0ce1-4115-b4c1-69648d9d3094:c4375, bb9367ec-656d-4ade-92be-004a921408cc:c4375]
2019-08-06 03:26:38,421 INFO  client.GrpcClientProtocolClient (GrpcClientProtocolClient.java:onNext(255)) - client-9DC82E534C87->980d9c0c-33ac-4a22-b481-33b8b1eac469: receive RaftClientReply:client-9DC82E534C87->980d9c0c-33ac-4a22-b481-33b8b1eac469@group-23022C6A558E, cid=2923, SUCCESS, logIndex=4378, commits[980d9c0c-33ac-4a22-b481-33b8b1eac469:c4379, e00ee311-0ce1-4115-b4c1-69648d9d3094:c4375, bb9367ec-656d-4ade-92be-004a921408cc:c4375]
2019-08-06 03:26:38,422 INFO  client.GrpcClientProtocolClient (GrpcClientProtocolClient.java:onNext(255)) - client-9DC82E534C87->980d9c0c-33ac-4a22-b481-33b8b1eac469: receive RaftClientReply:client-9DC82E534C87->980d9c0c-33ac-4a22-b481-33b8b1eac469@group-23022C6A558E, cid=2924, SUCCESS, logIndex=4379, commits[980d9c0c-33ac-4a22-b481-33b8b1eac469:c4379, e00ee311-0ce1-4115-b4c1-69648d9d3094:c4375, bb9367ec-656d-4ade-92be-004a921408cc:c4375]
2019-08-06 03:26:38,423 INFO  client.GrpcClientProtocolClient (GrpcClientProtocolClient.java:onNext(255)) - client-9DC82E534C87->980d9c0c-33ac-4a22-b481-33b8b1eac469: receive RaftClientReply:client-9DC82E534C87->980d9c0c-33ac-4a22-b481-33b8b1eac469@group-23022C6A558E, cid=2925, SUCCESS, logIndex=0, commits[980d9c0c-33ac-4a22-b481-33b8b1eac469:c4381, e00ee311-0ce1-4115-b4c1-69648d9d3094:c4377, bb9367ec-656d-4ade-92be-004a921408cc:c4377]
2019-08-06 03:26:38,459 INFO  client.GrpcClientProtocolClient (GrpcClientProtocolClient.java:onNext(255)) - client-9DC82E534C87->980d9c0c-33ac-4a22-b481-33b8b1eac469: receive RaftClientReply:client-9DC82E534C87->980d9c0c-33ac-4a22-b481-33b8b1eac469@group-23022C6A558E, cid=2926, SUCCESS, logIndex=4384, commits[980d9c0c-33ac-4a22-b481-33b8b1eac469:c4385, e00ee311-0ce1-4115-b4c1-69648d9d3094:c4383, bb9367ec-656d-4ade-92be-004a921408cc:c4383]
2019-08-06 03:26:38,460 INFO  client.GrpcClientProtocolClient (GrpcClientProtocolClient.java:onNext(255)) - client-9DC82E534C87->980d9c0c-33ac-4a22-b481-33b8b1eac469: receive RaftClientReply:client-9DC82E534C87->980d9c0c-33ac-4a22-b481-33b8b1eac469@group-23022C6A558E, cid=2927, SUCCESS, logIndex=4385, commits[980d9c0c-33ac-4a22-b481-33b8b1eac469:c4385, e00ee311-0ce1-4115-b4c1-69648d9d3094:c4383, bb9367ec-656d-4ade-92be-004a921408cc:c4383]
2019-08-06 03:26:38,485 INFO  client.GrpcClientProtocolClient (GrpcClientProtocolClient.java:onNext(255)) - client-9DC82E534C87->980d9c0c-33ac-4a22-b481-33b8b1eac469: receive RaftClientReply:client-9DC82E534C87->980d9c0c-33ac-4a22-b481-33b8b1eac469@group-23022C6A558E, cid=2928, SUCCESS, logIndex=4388, commits[980d9c0c-33ac-4a22-b481-33b8b1eac469:c4389, e00ee311-0ce1-4115-b4c1-69648d9d3094:c4385, bb9367ec-656d-4ade-92be-004a921408cc:c4385]
2019-08-06 03:26:38,485 INFO  client.GrpcClientProtocolClient (GrpcClientProtocolClient.java:onNext(255)) - client-9DC82E534C87->980d9c0c-33ac-4a22-b481-33b8b1eac469: receive RaftClientReply:client-9DC82E534C87->980d9c0c-33ac-4a22-b481-33b8b1eac469@group-23022C6A558E, cid=2929, SUCCESS, logIndex=4389, commits[980d9c0c-33ac-4a22-b481-33b8b1eac469:c4389, e00ee311-0ce1-4115-b4c1-69648d9d3094:c4385, bb9367ec-656d-4ade-92be-004a921408cc:c4385]
2019-08-06 03:26:38,492 INFO  client.GrpcClientProtocolClient (GrpcClientProtocolClient.java:onNext(255)) - client-9DC82E534C87->980d9c0c-33ac-4a22-b481-33b8b1eac469: receive RaftClientReply:client-9DC82E534C87->980d9c0c-33ac-4a22-b481-33b8b1eac469@group-23022C6A558E, cid=2930, SUCCESS, logIndex=0, commits[980d9c0c-33ac-4a22-b481-33b8b1eac469:c4391, e00ee311-0ce1-4115-b4c1-69648d9d3094:c4389, bb9367ec-656d-4ade-92be-004a921408cc:c4389]
2019-08-06 03:26:38,523 INFO  client.GrpcClientProtocolClient (GrpcClientProtocolClient.java:onNext(255)) - client-9DC82E534C87->980d9c0c-33ac-4a22-b481-33b8b1eac469: receive RaftClientReply:client-9DC82E534C87->980d9c0c-33ac-4a22-b481-33b8b1eac469@group-23022C6A558E, cid=2931, SUCCESS, logIndex=4392, commits[980d9c0c-33ac-4a22-b481-33b8b1eac469:c4394, e00ee311-0ce1-4115-b4c1-69648d9d3094:c4391, bb9367ec-656d-4ade-92be-004a921408cc:c4391]
2019-08-06 03:26:38,524 INFO  client.GrpcClientProtocolClient (GrpcClientProtocolClient.java:onNext(255)) - client-9DC82E534C87->980d9c0c-33ac-4a22-b481-33b8b1eac469: receive RaftClientReply:client-9DC82E534C87->980d9c0c-33ac-4a22-b481-33b8b1eac469@group-23022C6A558E, cid=2932, SUCCESS, logIndex=4393, commits[980d9c0c-33ac-4a22-b481-33b8b1eac469:c4395, e00ee311-0ce1-4115-b4c1-69648d9d3094:c4391, bb9367ec-656d-4ade-92be-004a921408cc:c4391]
2019-08-06 03:26:38,524 INFO  client.GrpcClientProtocolClient (GrpcClientProtocolClient.java:onNext(255)) - client-9DC82E534C87->980d9c0c-33ac-4a22-b481-33b8b1eac469: receive RaftClientReply:client-9DC82E534C87->980d9c0c-33ac-4a22-b481-33b8b1eac469@group-23022C6A558E, cid=2933, SUCCESS, logIndex=4394, commits[980d9c0c-33ac-4a22-b481-33b8b1eac469:c4395, e00ee311-0ce1-4115-b4c1-69648d9d3094:c4391, bb9367ec-656d-4ade-92be-004a921408cc:c4391]
2019-08-06 03:26:38,524 INFO  client.GrpcClientProtocolClient (GrpcClientProtocolClient.java:onNext(255)) - client-9DC82E534C87->980d9c0c-33ac-4a22-b481-33b8b1eac469: receive RaftClientReply:client-9DC82E534C87->980d9c0c-33ac-4a22-b481-33b8b1eac469@group-23022C6A558E, cid=2934, SUCCESS, logIndex=4395, commits[980d9c0c-33ac-4a22-b481-33b8b1eac469:c4395, e00ee311-0ce1-4115-b4c1-69648d9d3094:c4391, bb9367ec-656d-4ade-92be-004a921408cc:c4391]
2019-08-06 03:26:38,526 INFO  client.GrpcClientProtocolClient (GrpcClientProtocolClient.java:onNext(255)) - client-9DC82E534C87->980d9c0c-33ac-4a22-b481-33b8b1eac469: receive RaftClientReply:client-9DC82E534C87->980d9c0c-33ac-4a22-b481-33b8b1eac469@group-23022C6A558E, cid=2935, SUCCESS, logIndex=0, commits[980d9c0c-33ac-4a22-b481-33b8b1eac469:c4397, e00ee311-0ce1-4115-b4c1-69648d9d3094:c4393, bb9367ec-656d-4ade-92be-004a921408cc:c4393]
2019-08-06 03:26:38,541 INFO  client.GrpcClientProtocolClient (GrpcClientProtocolClient.java:onNext(255)) - client-9DC82E534C87->980d9c0c-33ac-4a22-b481-33b8b1eac469: receive RaftClientReply:client-9DC82E534C87->980d9c0c-33ac-4a22-b481-33b8b1eac469@group-23022C6A558E, cid=2936, SUCCESS, logIndex=4400, commits[980d9c0c-33ac-4a22-b481-33b8b1eac469:c4401, e00ee311-0ce1-4115-b4c1-69648d9d3094:c4395, bb9367ec-656d-4ade-92be-004a921408cc:c4399]
2019-08-06 03:26:38,542 INFO  client.GrpcClientProtocolClient (GrpcClientProtocolClient.java:onNext(255)) - client-9DC82E534C87->980d9c0c-33ac-4a22-b481-33b8b1eac469: receive RaftClientReply:client-9DC82E534C87->980d9c0c-33ac-4a22-b481-33b8b1eac469@group-23022C6A558E, cid=2937, SUCCESS, logIndex=4401, commits[980d9c0c-33ac-4a22-b481-33b8b1eac469:c4401, e00ee311-0ce1-4115-b4c1-69648d9d3094:c4399, bb9367ec-656d-4ade-92be-004a921408cc:c4399]
2019-08-06 03:26:38,556 INFO  client.GrpcClientProtocolClient (GrpcClientProtocolClient.java:onNext(255)) - client-9DC82E534C87->980d9c0c-33ac-4a22-b481-33b8b1eac469: receive RaftClientReply:client-9DC82E534C87->980d9c0c-33ac-4a22-b481-33b8b1eac469@group-23022C6A558E, cid=2938, SUCCESS, logIndex=4404, commits[980d9c0c-33ac-4a22-b481-33b8b1eac469:c4405, e00ee311-0ce1-4115-b4c1-69648d9d3094:c4401, bb9367ec-656d-4ade-92be-004a921408cc:c4403]
2019-08-06 03:26:38,557 INFO  client.GrpcClientProtocolClient (GrpcClientProtocolClient.java:onNext(255)) - client-9DC82E534C87->980d9c0c-33ac-4a22-b481-33b8b1eac469: receive RaftClientReply:client-9DC82E534C87->980d9c0c-33ac-4a22-b481-33b8b1eac469@group-23022C6A558E, cid=2939, SUCCESS, logIndex=4405, commits[980d9c0c-33ac-4a22-b481-33b8b1eac469:c4405, e00ee311-0ce1-4115-b4c1-69648d9d3094:c4403, bb9367ec-656d-4ade-92be-004a921408cc:c4403]
2019-08-06 03:26:38,560 INFO  client.GrpcClientProtocolClient (GrpcClientProtocolClient.java:onNext(255)) - client-9DC82E534C87->980d9c0c-33ac-4a22-b481-33b8b1eac469: receive RaftClientReply:client-9DC82E534C87->980d9c0c-33ac-4a22-b481-33b8b1eac469@group-23022C6A558E, cid=2940, SUCCESS, logIndex=0, commits[980d9c0c-33ac-4a22-b481-33b8b1eac469:c4406, e00ee311-0ce1-4115-b4c1-69648d9d3094:c4405, bb9367ec-656d-4ade-92be-004a921408cc:c4405]
2019-08-06 03:26:38,586 INFO  client.GrpcClientProtocolClient (GrpcClientProtocolClient.java:onNext(255)) - client-9DC82E534C87->980d9c0c-33ac-4a22-b481-33b8b1eac469: receive RaftClientReply:client-9DC82E534C87->980d9c0c-33ac-4a22-b481-33b8b1eac469@group-23022C6A558E, cid=2941, SUCCESS, logIndex=4408, commits[980d9c0c-33ac-4a22-b481-33b8b1eac469:c4409, e00ee311-0ce1-4115-b4c1-69648d9d3094:c4407, bb9367ec-656d-4ade-92be-004a921408cc:c4405]
2019-08-06 03:26:38,587 INFO  client.GrpcClientProtocolClient (GrpcClientProtocolClient.java:onNext(255)) - client-9DC82E534C87->980d9c0c-33ac-4a22-b481-33b8b1eac469: receive RaftClientReply:client-9DC82E534C87->980d9c0c-33ac-4a22-b481-33b8b1eac469@group-23022C6A558E, cid=2942, SUCCESS, logIndex=4409, commits[980d9c0c-33ac-4a22-b481-33b8b1eac469:c4409, e00ee311-0ce1-4115-b4c1-69648d9d3094:c4407, bb9367ec-656d-4ade-92be-004a921408cc:c4405]
2019-08-06 03:26:38,589 INFO  client.GrpcClientProtocolClient (GrpcClientProtocolClient.java:onNext(255)) - client-9DC82E534C87->980d9c0c-33ac-4a22-b481-33b8b1eac469: receive RaftClientReply:client-9DC82E534C87->980d9c0c-33ac-4a22-b481-33b8b1eac469@group-23022C6A558E, cid=2943, SUCCESS, logIndex=4410, commits[980d9c0c-33ac-4a22-b481-33b8b1eac469:c4411, e00ee311-0ce1-4115-b4c1-69648d9d3094:c4408, bb9367ec-656d-4ade-92be-004a921408cc:c4407]
2019-08-06 03:26:38,589 INFO  client.GrpcClientProtocolClient (GrpcClientProtocolClient.java:onNext(255)) - client-9DC82E534C87->980d9c0c-33ac-4a22-b481-33b8b1eac469: receive RaftClientReply:client-9DC82E534C87->980d9c0c-33ac-4a22-b481-33b8b1eac469@group-23022C6A558E, cid=2944, SUCCESS, logIndex=4411, commits[980d9c0c-33ac-4a22-b481-33b8b1eac469:c4411, e00ee311-0ce1-4115-b4c1-69648d9d3094:c4409, bb9367ec-656d-4ade-92be-004a921408cc:c4407]
2019-08-06 03:26:38,591 INFO  client.GrpcClientProtocolClient (GrpcClientProtocolClient.java:onNext(255)) - client-9DC82E534C87->980d9c0c-33ac-4a22-b481-33b8b1eac469: receive RaftClientReply:client-9DC82E534C87->980d9c0c-33ac-4a22-b481-33b8b1eac469@group-23022C6A558E, cid=2945, SUCCESS, logIndex=0, commits[980d9c0c-33ac-4a22-b481-33b8b1eac469:c4413, e00ee311-0ce1-4115-b4c1-69648d9d3094:c4409, bb9367ec-656d-4ade-92be-004a921408cc:c4409]
2019-08-06 03:26:38,630 INFO  client.GrpcClientProtocolClient (GrpcClientProtocolClient.java:onNext(255)) - client-9DC82E534C87->980d9c0c-33ac-4a22-b481-33b8b1eac469: receive RaftClientReply:client-9DC82E534C87->980d9c0c-33ac-4a22-b481-33b8b1eac469@group-23022C6A558E, cid=2946, SUCCESS, logIndex=4416, commits[980d9c0c-33ac-4a22-b481-33b8b1eac469:c4417, e00ee311-0ce1-4115-b4c1-69648d9d3094:c4415, bb9367ec-656d-4ade-92be-004a921408cc:c4415]
2019-08-06 03:26:38,630 INFO  client.GrpcClientProtocolClient (GrpcClientProtocolClient.java:onNext(255)) - client-9DC82E534C87->980d9c0c-33ac-4a22-b481-33b8b1eac469: receive RaftClientReply:client-9DC82E534C87->980d9c0c-33ac-4a22-b481-33b8b1eac469@group-23022C6A558E, cid=2947, SUCCESS, logIndex=4417, commits[980d9c0c-33ac-4a22-b481-33b8b1eac469:c4417, e00ee311-0ce1-4115-b4c1-69648d9d3094:c4415, bb9367ec-656d-4ade-92be-004a921408cc:c4415]
2019-08-06 03:26:38,646 INFO  client.GrpcClientProtocolClient (GrpcClientProtocolClient.java:onNext(255)) - client-9DC82E534C87->980d9c0c-33ac-4a22-b481-33b8b1eac469: receive RaftClientReply:client-9DC82E534C87->980d9c0c-33ac-4a22-b481-33b8b1eac469@group-23022C6A558E, cid=2948, SUCCESS, logIndex=4420, commits[980d9c0c-33ac-4a22-b481-33b8b1eac469:c4421, e00ee311-0ce1-4115-b4c1-69648d9d3094:c4417, bb9367ec-656d-4ade-92be-004a921408cc:c4417]
2019-08-06 03:26:38,647 INFO  client.GrpcClientProtocolClient (GrpcClientProtocolClient.java:onNext(255)) - client-9DC82E534C87->980d9c0c-33ac-4a22-b481-33b8b1eac469: receive RaftClientReply:client-9DC82E534C87->980d9c0c-33ac-4a22-b481-33b8b1eac469@group-23022C6A558E, cid=2949, SUCCESS, logIndex=4421, commits[980d9c0c-33ac-4a22-b481-33b8b1eac469:c4421, e00ee311-0ce1-4115-b4c1-69648d9d3094:c4417, bb9367ec-656d-4ade-92be-004a921408cc:c4417]
2019-08-06 03:26:38,658 INFO  client.GrpcClientProtocolClient (GrpcClientProtocolClient.java:onNext(255)) - client-9DC82E534C87->980d9c0c-33ac-4a22-b481-33b8b1eac469: receive RaftClientReply:client-9DC82E534C87->980d9c0c-33ac-4a22-b481-33b8b1eac469@group-23022C6A558E, cid=2950, SUCCESS, logIndex=0, commits[980d9c0c-33ac-4a22-b481-33b8b1eac469:c4422, e00ee311-0ce1-4115-b4c1-69648d9d3094:c4421, bb9367ec-656d-4ade-92be-004a921408cc:c4421]
2019-08-06 03:26:38,693 INFO  client.GrpcClientProtocolClient (GrpcClientProtocolClient.java:onNext(255)) - client-9DC82E534C87->980d9c0c-33ac-4a22-b481-33b8b1eac469: receive RaftClientReply:client-9DC82E534C87->980d9c0c-33ac-4a22-b481-33b8b1eac469@group-23022C6A558E, cid=2951, SUCCESS, logIndex=4423, commits[980d9c0c-33ac-4a22-b481-33b8b1eac469:c4424, e00ee311-0ce1-4115-b4c1-69648d9d3094:c4422, bb9367ec-656d-4ade-92be-004a921408cc:c4422]
2019-08-06 03:26:38,693 INFO  client.GrpcClientProtocolClient (GrpcClientProtocolClient.java:onNext(255)) - client-9DC82E534C87->980d9c0c-33ac-4a22-b481-33b8b1eac469: receive RaftClientReply:client-9DC82E534C87->980d9c0c-33ac-4a22-b481-33b8b1eac469@group-23022C6A558E, cid=2952, SUCCESS, logIndex=4424, commits[980d9c0c-33ac-4a22-b481-33b8b1eac469:c4426, e00ee311-0ce1-4115-b4c1-69648d9d3094:c4422, bb9367ec-656d-4ade-92be-004a921408cc:c4422]
2019-08-06 03:26:38,693 INFO  client.GrpcClientProtocolClient (GrpcClientProtocolClient.java:onNext(255)) - client-9DC82E534C87->980d9c0c-33ac-4a22-b481-33b8b1eac469: receive RaftClientReply:client-9DC82E534C87->980d9c0c-33ac-4a22-b481-33b8b1eac469@group-23022C6A558E, cid=2953, SUCCESS, logIndex=4425, commits[980d9c0c-33ac-4a22-b481-33b8b1eac469:c4426, e00ee311-0ce1-4115-b4c1-69648d9d3094:c4422, bb9367ec-656d-4ade-92be-004a921408cc:c4422]
2019-08-06 03:26:38,694 INFO  client.GrpcClientProtocolClient (GrpcClientProtocolClient.java:onNext(255)) - client-9DC82E534C87->980d9c0c-33ac-4a22-b481-33b8b1eac469: receive RaftClientReply:client-9DC82E534C87->980d9c0c-33ac-4a22-b481-33b8b1eac469@group-23022C6A558E, cid=2954, SUCCESS, logIndex=4426, commits[980d9c0c-33ac-4a22-b481-33b8b1eac469:c4426, e00ee311-0ce1-4115-b4c1-69648d9d3094:c4422, bb9367ec-656d-4ade-92be-004a921408cc:c4422]
2019-08-06 03:26:38,707 INFO  client.GrpcClientProtocolClient (GrpcClientProtocolClient.java:onNext(255)) - client-9DC82E534C87->980d9c0c-33ac-4a22-b481-33b8b1eac469: receive RaftClientReply:client-9DC82E534C87->980d9c0c-33ac-4a22-b481-33b8b1eac469@group-23022C6A558E, cid=2955, SUCCESS, logIndex=0, commits[980d9c0c-33ac-4a22-b481-33b8b1eac469:c4429, e00ee311-0ce1-4115-b4c1-69648d9d3094:c4424, bb9367ec-656d-4ade-92be-004a921408cc:c4426]
2019-08-06 03:26:38,728 INFO  client.GrpcClientProtocolClient (GrpcClientProtocolClient.java:onNext(255)) - client-9DC82E534C87->980d9c0c-33ac-4a22-b481-33b8b1eac469: receive RaftClientReply:client-9DC82E534C87->980d9c0c-33ac-4a22-b481-33b8b1eac469@group-23022C6A558E, cid=2956, SUCCESS, logIndex=4430, commits[980d9c0c-33ac-4a22-b481-33b8b1eac469:c4431, e00ee311-0ce1-4115-b4c1-69648d9d3094:c4429, bb9367ec-656d-4ade-92be-004a921408cc:c4429]
2019-08-06 03:26:38,729 INFO  client.GrpcClientProtocolClient (GrpcClientProtocolClient.java:onNext(255)) - client-9DC82E534C87->980d9c0c-33ac-4a22-b481-33b8b1eac469: receive RaftClientReply:client-9DC82E534C87->980d9c0c-33ac-4a22-b481-33b8b1eac469@group-23022C6A558E, cid=2957, SUCCESS, logIndex=4431, commits[980d9c0c-33ac-4a22-b481-33b8b1eac469:c4431, e00ee311-0ce1-4115-b4c1-69648d9d3094:c4429, bb9367ec-656d-4ade-92be-004a921408cc:c4429]
2019-08-06 03:26:38,754 INFO  client.GrpcClientProtocolClient (GrpcClientProtocolClient.java:onNext(255)) - client-9DC82E534C87->980d9c0c-33ac-4a22-b481-33b8b1eac469: receive RaftClientReply:client-9DC82E534C87->980d9c0c-33ac-4a22-b481-33b8b1eac469@group-23022C6A558E, cid=2958, SUCCESS, logIndex=4434, commits[980d9c0c-33ac-4a22-b481-33b8b1eac469:c4434, e00ee311-0ce1-4115-b4c1-69648d9d3094:c4431, bb9367ec-656d-4ade-92be-004a921408cc:c4431]
2019-08-06 03:26:38,754 INFO  client.GrpcClientProtocolClient (GrpcClientProtocolClient.java:onNext(255)) - client-9DC82E534C87->980d9c0c-33ac-4a22-b481-33b8b1eac469: receive RaftClientReply:client-9DC82E534C87->980d9c0c-33ac-4a22-b481-33b8b1eac469@group-23022C6A558E, cid=2959, SUCCESS, logIndex=4435, commits[980d9c0c-33ac-4a22-b481-33b8b1eac469:c4435, e00ee311-0ce1-4115-b4c1-69648d9d3094:c4431, bb9367ec-656d-4ade-92be-004a921408cc:c4431]
2019-08-06 03:26:38,780 INFO  client.GrpcClientProtocolClient (GrpcClientProtocolClient.java:onNext(255)) - client-9DC82E534C87->980d9c0c-33ac-4a22-b481-33b8b1eac469: receive RaftClientReply:client-9DC82E534C87->980d9c0c-33ac-4a22-b481-33b8b1eac469@group-23022C6A558E, cid=2960, SUCCESS, logIndex=0, commits[980d9c0c-33ac-4a22-b481-33b8b1eac469:c4437, e00ee311-0ce1-4115-b4c1-69648d9d3094:c4435, bb9367ec-656d-4ade-92be-004a921408cc:c4435]
2019-08-06 03:26:38,812 INFO  client.GrpcClientProtocolClient (GrpcClientProtocolClient.java:onNext(255)) - client-9DC82E534C87->980d9c0c-33ac-4a22-b481-33b8b1eac469: receive RaftClientReply:client-9DC82E534C87->980d9c0c-33ac-4a22-b481-33b8b1eac469@group-23022C6A558E, cid=2961, SUCCESS, logIndex=4438, commits[980d9c0c-33ac-4a22-b481-33b8b1eac469:c4439, e00ee311-0ce1-4115-b4c1-69648d9d3094:c4437, bb9367ec-656d-4ade-92be-004a921408cc:c4437]
2019-08-06 03:26:38,813 INFO  client.GrpcClientProtocolClient (GrpcClientProtocolClient.java:onNext(255)) - client-9DC82E534C87->980d9c0c-33ac-4a22-b481-33b8b1eac469: receive RaftClientReply:client-9DC82E534C87->980d9c0c-33ac-4a22-b481-33b8b1eac469@group-23022C6A558E, cid=2962, SUCCESS, logIndex=4439, commits[980d9c0c-33ac-4a22-b481-33b8b1eac469:c4439, e00ee311-0ce1-4115-b4c1-69648d9d3094:c4437, bb9367ec-656d-4ade-92be-004a921408cc:c4437]
2019-08-06 03:26:38,824 INFO  client.GrpcClientProtocolClient (GrpcClientProtocolClient.java:onNext(255)) - client-9DC82E534C87->980d9c0c-33ac-4a22-b481-33b8b1eac469: receive RaftClientReply:client-9DC82E534C87->980d9c0c-33ac-4a22-b481-33b8b1eac469@group-23022C6A558E, cid=2963, SUCCESS, logIndex=4440, commits[980d9c0c-33ac-4a22-b481-33b8b1eac469:c4441, e00ee311-0ce1-4115-b4c1-69648d9d3094:c4437, bb9367ec-656d-4ade-92be-004a921408cc:c4437]
2019-08-06 03:26:38,825 INFO  client.GrpcClientProtocolClient (GrpcClientProtocolClient.java:onNext(255)) - client-9DC82E534C87->980d9c0c-33ac-4a22-b481-33b8b1eac469: receive RaftClientReply:client-9DC82E534C87->980d9c0c-33ac-4a22-b481-33b8b1eac469@group-23022C6A558E, cid=2964, SUCCESS, logIndex=4441, commits[980d9c0c-33ac-4a22-b481-33b8b1eac469:c4441, e00ee311-0ce1-4115-b4c1-69648d9d3094:c4437, bb9367ec-656d-4ade-92be-004a921408cc:c4437]
2019-08-06 03:26:38,837 INFO  client.GrpcClientProtocolClient (GrpcClientProtocolClient.java:onNext(255)) - client-9DC82E534C87->980d9c0c-33ac-4a22-b481-33b8b1eac469: receive RaftClientReply:client-9DC82E534C87->980d9c0c-33ac-4a22-b481-33b8b1eac469@group-23022C6A558E, cid=2965, SUCCESS, logIndex=0, commits[980d9c0c-33ac-4a22-b481-33b8b1eac469:c4443, e00ee311-0ce1-4115-b4c1-69648d9d3094:c4439, bb9367ec-656d-4ade-92be-004a921408cc:c4439]
2019-08-06 03:26:38,850 INFO  client.GrpcClientProtocolClient (GrpcClientProtocolClient.java:onNext(255)) - client-9DC82E534C87->980d9c0c-33ac-4a22-b481-33b8b1eac469: receive RaftClientReply:client-9DC82E534C87->980d9c0c-33ac-4a22-b481-33b8b1eac469@group-23022C6A558E, cid=2966, SUCCESS, logIndex=4446, commits[980d9c0c-33ac-4a22-b481-33b8b1eac469:c4447, e00ee311-0ce1-4115-b4c1-69648d9d3094:c4443, bb9367ec-656d-4ade-92be-004a921408cc:c4441]
2019-08-06 03:26:38,850 INFO  client.GrpcClientProtocolClient (GrpcClientProtocolClient.java:onNext(255)) - client-9DC82E534C87->980d9c0c-33ac-4a22-b481-33b8b1eac469: receive RaftClientReply:client-9DC82E534C87->980d9c0c-33ac-4a22-b481-33b8b1eac469@group-23022C6A558E, cid=2967, SUCCESS, logIndex=4447, commits[980d9c0c-33ac-4a22-b481-33b8b1eac469:c4447, e00ee311-0ce1-4115-b4c1-69648d9d3094:c4443, bb9367ec-656d-4ade-92be-004a921408cc:c4443]
2019-08-06 03:26:38,874 INFO  client.GrpcClientProtocolClient (GrpcClientProtocolClient.java:onNext(255)) - client-9DC82E534C87->980d9c0c-33ac-4a22-b481-33b8b1eac469: receive RaftClientReply:client-9DC82E534C87->980d9c0c-33ac-4a22-b481-33b8b1eac469@group-23022C6A558E, cid=2968, SUCCESS, logIndex=4450, commits[980d9c0c-33ac-4a22-b481-33b8b1eac469:c4451, e00ee311-0ce1-4115-b4c1-69648d9d3094:c4449, bb9367ec-656d-4ade-92be-004a921408cc:c4449]
2019-08-06 03:26:38,874 INFO  client.GrpcClientProtocolClient (GrpcClientProtocolClient.java:onNext(255)) - client-9DC82E534C87->980d9c0c-33ac-4a22-b481-33b8b1eac469: receive RaftClientReply:client-9DC82E534C87->980d9c0c-33ac-4a22-b481-33b8b1eac469@group-23022C6A558E, cid=2969, SUCCESS, logIndex=4451, commits[980d9c0c-33ac-4a22-b481-33b8b1eac469:c4451, e00ee311-0ce1-4115-b4c1-69648d9d3094:c4449, bb9367ec-656d-4ade-92be-004a921408cc:c4449]
2019-08-06 03:26:38,894 INFO  client.GrpcClientProtocolClient (GrpcClientProtocolClient.java:onNext(255)) - client-9DC82E534C87->980d9c0c-33ac-4a22-b481-33b8b1eac469: receive RaftClientReply:client-9DC82E534C87->980d9c0c-33ac-4a22-b481-33b8b1eac469@group-23022C6A558E, cid=2970, SUCCESS, logIndex=0, commits[980d9c0c-33ac-4a22-b481-33b8b1eac469:c4453, e00ee311-0ce1-4115-b4c1-69648d9d3094:c4451, bb9367ec-656d-4ade-92be-004a921408cc:c4451]
2019-08-06 03:26:39,051 INFO  client.GrpcClientProtocolClient (GrpcClientProtocolClient.java:onNext(255)) - client-9DC82E534C87->980d9c0c-33ac-4a22-b481-33b8b1eac469: receive RaftClientReply:client-9DC82E534C87->980d9c0c-33ac-4a22-b481-33b8b1eac469@group-23022C6A558E, cid=2971, SUCCESS, logIndex=4454, commits[980d9c0c-33ac-4a22-b481-33b8b1eac469:c4455, e00ee311-0ce1-4115-b4c1-69648d9d3094:c4453, bb9367ec-656d-4ade-92be-004a921408cc:c4453]
2019-08-06 03:26:39,052 INFO  client.GrpcClientProtocolClient (GrpcClientProtocolClient.java:onNext(255)) - client-9DC82E534C87->980d9c0c-33ac-4a22-b481-33b8b1eac469: receive RaftClientReply:client-9DC82E534C87->980d9c0c-33ac-4a22-b481-33b8b1eac469@group-23022C6A558E, cid=2972, SUCCESS, logIndex=4455, commits[980d9c0c-33ac-4a22-b481-33b8b1eac469:c4455, e00ee311-0ce1-4115-b4c1-69648d9d3094:c4453, bb9367ec-656d-4ade-92be-004a921408cc:c4453]
2019-08-06 03:26:39,052 INFO  client.GrpcClientProtocolClient (GrpcClientProtocolClient.java:onNext(255)) - client-9DC82E534C87->980d9c0c-33ac-4a22-b481-33b8b1eac469: receive RaftClientReply:client-9DC82E534C87->980d9c0c-33ac-4a22-b481-33b8b1eac469@group-23022C6A558E, cid=2973, SUCCESS, logIndex=4456, commits[980d9c0c-33ac-4a22-b481-33b8b1eac469:c4457, e00ee311-0ce1-4115-b4c1-69648d9d3094:c4453, bb9367ec-656d-4ade-92be-004a921408cc:c4453]
2019-08-06 03:26:39,052 INFO  client.GrpcClientProtocolClient (GrpcClientProtocolClient.java:onNext(255)) - client-9DC82E534C87->980d9c0c-33ac-4a22-b481-33b8b1eac469: receive RaftClientReply:client-9DC82E534C87->980d9c0c-33ac-4a22-b481-33b8b1eac469@group-23022C6A558E, cid=2974, SUCCESS, logIndex=4457, commits[980d9c0c-33ac-4a22-b481-33b8b1eac469:c4457, e00ee311-0ce1-4115-b4c1-69648d9d3094:c4453, bb9367ec-656d-4ade-92be-004a921408cc:c4453]
2019-08-06 03:26:39,067 INFO  client.GrpcClientProtocolClient (GrpcClientProtocolClient.java:onNext(255)) - client-9DC82E534C87->980d9c0c-33ac-4a22-b481-33b8b1eac469: receive RaftClientReply:client-9DC82E534C87->980d9c0c-33ac-4a22-b481-33b8b1eac469@group-23022C6A558E, cid=2975, SUCCESS, logIndex=0, commits[980d9c0c-33ac-4a22-b481-33b8b1eac469:c4459, e00ee311-0ce1-4115-b4c1-69648d9d3094:c4455, bb9367ec-656d-4ade-92be-004a921408cc:c4455]
2019-08-06 03:26:39,089 INFO  client.GrpcClientProtocolClient (GrpcClientProtocolClient.java:onNext(255)) - client-9DC82E534C87->980d9c0c-33ac-4a22-b481-33b8b1eac469: receive RaftClientReply:client-9DC82E534C87->980d9c0c-33ac-4a22-b481-33b8b1eac469@group-23022C6A558E, cid=2976, SUCCESS, logIndex=4462, commits[980d9c0c-33ac-4a22-b481-33b8b1eac469:c4463, e00ee311-0ce1-4115-b4c1-69648d9d3094:c4461, bb9367ec-656d-4ade-92be-004a921408cc:c4461]
2019-08-06 03:26:39,090 INFO  client.GrpcClientProtocolClient (GrpcClientProtocolClient.java:onNext(255)) - client-9DC82E534C87->980d9c0c-33ac-4a22-b481-33b8b1eac469: receive RaftClientReply:client-9DC82E534C87->980d9c0c-33ac-4a22-b481-33b8b1eac469@group-23022C6A558E, cid=2977, SUCCESS, logIndex=4463, commits[980d9c0c-33ac-4a22-b481-33b8b1eac469:c4463, e00ee311-0ce1-4115-b4c1-69648d9d3094:c4461, bb9367ec-656d-4ade-92be-004a921408cc:c4461]
2019-08-06 03:26:39,109 INFO  client.GrpcClientProtocolClient (GrpcClientProtocolClient.java:onNext(255)) - client-9DC82E534C87->980d9c0c-33ac-4a22-b481-33b8b1eac469: receive RaftClientReply:client-9DC82E534C87->980d9c0c-33ac-4a22-b481-33b8b1eac469@group-23022C6A558E, cid=2978, SUCCESS, logIndex=4466, commits[980d9c0c-33ac-4a22-b481-33b8b1eac469:c4467, e00ee311-0ce1-4115-b4c1-69648d9d3094:c4463, bb9367ec-656d-4ade-92be-004a921408cc:c4463]
2019-08-06 03:26:39,109 INFO  client.GrpcClientProtocolClient (GrpcClientProtocolClient.java:onNext(255)) - client-9DC82E534C87->980d9c0c-33ac-4a22-b481-33b8b1eac469: receive RaftClientReply:client-9DC82E534C87->980d9c0c-33ac-4a22-b481-33b8b1eac469@group-23022C6A558E, cid=2979, SUCCESS, logIndex=4467, commits[980d9c0c-33ac-4a22-b481-33b8b1eac469:c4467, e00ee311-0ce1-4115-b4c1-69648d9d3094:c4463, bb9367ec-656d-4ade-92be-004a921408cc:c4463]
2019-08-06 03:26:39,112 INFO  client.GrpcClientProtocolClient (GrpcClientProtocolClient.java:onNext(255)) - client-9DC82E534C87->980d9c0c-33ac-4a22-b481-33b8b1eac469: receive RaftClientReply:client-9DC82E534C87->980d9c0c-33ac-4a22-b481-33b8b1eac469@group-23022C6A558E, cid=2980, SUCCESS, logIndex=0, commits[980d9c0c-33ac-4a22-b481-33b8b1eac469:c4469, e00ee311-0ce1-4115-b4c1-69648d9d3094:c4467, bb9367ec-656d-4ade-92be-004a921408cc:c4467]
2019-08-06 03:26:39,145 INFO  client.GrpcClientProtocolClient (GrpcClientProtocolClient.java:onNext(255)) - client-9DC82E534C87->980d9c0c-33ac-4a22-b481-33b8b1eac469: receive RaftClientReply:client-9DC82E534C87->980d9c0c-33ac-4a22-b481-33b8b1eac469@group-23022C6A558E, cid=2981, SUCCESS, logIndex=4470, commits[980d9c0c-33ac-4a22-b481-33b8b1eac469:c4472, e00ee311-0ce1-4115-b4c1-69648d9d3094:c4469, bb9367ec-656d-4ade-92be-004a921408cc:c4469]
2019-08-06 03:26:39,146 INFO  client.GrpcClientProtocolClient (GrpcClientProtocolClient.java:onNext(255)) - client-9DC82E534C87->980d9c0c-33ac-4a22-b481-33b8b1eac469: receive RaftClientReply:client-9DC82E534C87->980d9c0c-33ac-4a22-b481-33b8b1eac469@group-23022C6A558E, cid=2982, SUCCESS, logIndex=4471, commits[980d9c0c-33ac-4a22-b481-33b8b1eac469:c4473, e00ee311-0ce1-4115-b4c1-69648d9d3094:c4469, bb9367ec-656d-4ade-92be-004a921408cc:c4469]
2019-08-06 03:26:39,146 INFO  client.GrpcClientProtocolClient (GrpcClientProtocolClient.java:onNext(255)) - client-9DC82E534C87->980d9c0c-33ac-4a22-b481-33b8b1eac469: receive RaftClientReply:client-9DC82E534C87->980d9c0c-33ac-4a22-b481-33b8b1eac469@group-23022C6A558E, cid=2983, SUCCESS, logIndex=4472, commits[980d9c0c-33ac-4a22-b481-33b8b1eac469:c4473, e00ee311-0ce1-4115-b4c1-69648d9d3094:c4469, bb9367ec-656d-4ade-92be-004a921408cc:c4469]
2019-08-06 03:26:39,146 INFO  client.GrpcClientProtocolClient (GrpcClientProtocolClient.java:onNext(255)) - client-9DC82E534C87->980d9c0c-33ac-4a22-b481-33b8b1eac469: receive RaftClientReply:client-9DC82E534C87->980d9c0c-33ac-4a22-b481-33b8b1eac469@group-23022C6A558E, cid=2984, SUCCESS, logIndex=4473, commits[980d9c0c-33ac-4a22-b481-33b8b1eac469:c4473, e00ee311-0ce1-4115-b4c1-69648d9d3094:c4469, bb9367ec-656d-4ade-92be-004a921408cc:c4469]
2019-08-06 03:26:39,161 INFO  client.GrpcClientProtocolClient (GrpcClientProtocolClient.java:onNext(255)) - client-9DC82E534C87->980d9c0c-33ac-4a22-b481-33b8b1eac469: receive RaftClientReply:client-9DC82E534C87->980d9c0c-33ac-4a22-b481-33b8b1eac469@group-23022C6A558E, cid=2985, SUCCESS, logIndex=0, commits[980d9c0c-33ac-4a22-b481-33b8b1eac469:c4475, e00ee311-0ce1-4115-b4c1-69648d9d3094:c4472, bb9367ec-656d-4ade-92be-004a921408cc:c4472]
2019-08-06 03:26:39,181 INFO  client.GrpcClientProtocolClient (GrpcClientProtocolClient.java:onNext(255)) - client-9DC82E534C87->980d9c0c-33ac-4a22-b481-33b8b1eac469: receive RaftClientReply:client-9DC82E534C87->980d9c0c-33ac-4a22-b481-33b8b1eac469@group-23022C6A558E, cid=2986, SUCCESS, logIndex=4478, commits[980d9c0c-33ac-4a22-b481-33b8b1eac469:c4479, e00ee311-0ce1-4115-b4c1-69648d9d3094:c4477, bb9367ec-656d-4ade-92be-004a921408cc:c4477]
2019-08-06 03:26:39,182 INFO  client.GrpcClientProtocolClient (GrpcClientProtocolClient.java:onNext(255)) - client-9DC82E534C87->980d9c0c-33ac-4a22-b481-33b8b1eac469: receive RaftClientReply:client-9DC82E534C87->980d9c0c-33ac-4a22-b481-33b8b1eac469@group-23022C6A558E, cid=2987, SUCCESS, logIndex=4479, commits[980d9c0c-33ac-4a22-b481-33b8b1eac469:c4479, e00ee311-0ce1-4115-b4c1-69648d9d3094:c4477, bb9367ec-656d-4ade-92be-004a921408cc:c4477]
2019-08-06 03:26:39,195 INFO  client.GrpcClientProtocolClient (GrpcClientProtocolClient.java:onNext(255)) - client-9DC82E534C87->980d9c0c-33ac-4a22-b481-33b8b1eac469: receive RaftClientReply:client-9DC82E534C87->980d9c0c-33ac-4a22-b481-33b8b1eac469@group-23022C6A558E, cid=2988, SUCCESS, logIndex=4482, commits[980d9c0c-33ac-4a22-b481-33b8b1eac469:c4482, e00ee311-0ce1-4115-b4c1-69648d9d3094:c4479, bb9367ec-656d-4ade-92be-004a921408cc:c4479]
2019-08-06 03:26:39,196 INFO  client.GrpcClientProtocolClient (GrpcClientProtocolClient.java:onNext(255)) - client-9DC82E534C87->980d9c0c-33ac-4a22-b481-33b8b1eac469: receive RaftClientReply:client-9DC82E534C87->980d9c0c-33ac-4a22-b481-33b8b1eac469@group-23022C6A558E, cid=2989, SUCCESS, logIndex=4483, commits[980d9c0c-33ac-4a22-b481-33b8b1eac469:c4483, e00ee311-0ce1-4115-b4c1-69648d9d3094:c4479, bb9367ec-656d-4ade-92be-004a921408cc:c4479]
2019-08-06 03:26:39,210 INFO  client.GrpcClientProtocolClient (GrpcClientProtocolClient.java:onNext(255)) - client-9DC82E534C87->980d9c0c-33ac-4a22-b481-33b8b1eac469: receive RaftClientReply:client-9DC82E534C87->980d9c0c-33ac-4a22-b481-33b8b1eac469@group-23022C6A558E, cid=2990, SUCCESS, logIndex=0, commits[980d9c0c-33ac-4a22-b481-33b8b1eac469:c4485, e00ee311-0ce1-4115-b4c1-69648d9d3094:c4483, bb9367ec-656d-4ade-92be-004a921408cc:c4483]
2019-08-06 03:26:39,256 INFO  client.GrpcClientProtocolClient (GrpcClientProtocolClient.java:onNext(255)) - client-9DC82E534C87->980d9c0c-33ac-4a22-b481-33b8b1eac469: receive RaftClientReply:client-9DC82E534C87->980d9c0c-33ac-4a22-b481-33b8b1eac469@group-23022C6A558E, cid=2991, SUCCESS, logIndex=4486, commits[980d9c0c-33ac-4a22-b481-33b8b1eac469:c4487, e00ee311-0ce1-4115-b4c1-69648d9d3094:c4485, bb9367ec-656d-4ade-92be-004a921408cc:c4485]
2019-08-06 03:26:39,257 INFO  client.GrpcClientProtocolClient (GrpcClientProtocolClient.java:onNext(255)) - client-9DC82E534C87->980d9c0c-33ac-4a22-b481-33b8b1eac469: receive RaftClientReply:client-9DC82E534C87->980d9c0c-33ac-4a22-b481-33b8b1eac469@group-23022C6A558E, cid=2992, SUCCESS, logIndex=4487, commits[980d9c0c-33ac-4a22-b481-33b8b1eac469:c4487, e00ee311-0ce1-4115-b4c1-69648d9d3094:c4485, bb9367ec-656d-4ade-92be-004a921408cc:c4485]
2019-08-06 03:26:39,269 INFO  client.GrpcClientProtocolClient (GrpcClientProtocolClient.java:onNext(255)) - client-9DC82E534C87->980d9c0c-33ac-4a22-b481-33b8b1eac469: receive RaftClientReply:client-9DC82E534C87->980d9c0c-33ac-4a22-b481-33b8b1eac469@group-23022C6A558E, cid=2993, SUCCESS, logIndex=4488, commits[980d9c0c-33ac-4a22-b481-33b8b1eac469:c4489, e00ee311-0ce1-4115-b4c1-69648d9d3094:c4485, bb9367ec-656d-4ade-92be-004a921408cc:c4485]
2019-08-06 03:26:39,269 INFO  client.GrpcClientProtocolClient (GrpcClientProtocolClient.java:onNext(255)) - client-9DC82E534C87->980d9c0c-33ac-4a22-b481-33b8b1eac469: receive RaftClientReply:client-9DC82E534C87->980d9c0c-33ac-4a22-b481-33b8b1eac469@group-23022C6A558E, cid=2994, SUCCESS, logIndex=4489, commits[980d9c0c-33ac-4a22-b481-33b8b1eac469:c4489, e00ee311-0ce1-4115-b4c1-69648d9d3094:c4485, bb9367ec-656d-4ade-92be-004a921408cc:c4485]
2019-08-06 03:26:39,284 INFO  client.GrpcClientProtocolClient (GrpcClientProtocolClient.java:onNext(255)) - client-9DC82E534C87->980d9c0c-33ac-4a22-b481-33b8b1eac469: receive RaftClientReply:client-9DC82E534C87->980d9c0c-33ac-4a22-b481-33b8b1eac469@group-23022C6A558E, cid=2995, SUCCESS, logIndex=0, commits[980d9c0c-33ac-4a22-b481-33b8b1eac469:c4491, e00ee311-0ce1-4115-b4c1-69648d9d3094:c4487, bb9367ec-656d-4ade-92be-004a921408cc:c4487]
2019-08-06 03:26:39,297 INFO  client.GrpcClientProtocolClient (GrpcClientProtocolClient.java:onNext(255)) - client-9DC82E534C87->980d9c0c-33ac-4a22-b481-33b8b1eac469: receive RaftClientReply:client-9DC82E534C87->980d9c0c-33ac-4a22-b481-33b8b1eac469@group-23022C6A558E, cid=2996, SUCCESS, logIndex=4494, commits[980d9c0c-33ac-4a22-b481-33b8b1eac469:c4495, e00ee311-0ce1-4115-b4c1-69648d9d3094:c4493, bb9367ec-656d-4ade-92be-004a921408cc:c4489]
2019-08-06 03:26:39,297 INFO  client.GrpcClientProtocolClient (GrpcClientProtocolClient.java:onNext(255)) - client-9DC82E534C87->980d9c0c-33ac-4a22-b481-33b8b1eac469: receive RaftClientReply:client-9DC82E534C87->980d9c0c-33ac-4a22-b481-33b8b1eac469@group-23022C6A558E, cid=2997, SUCCESS, logIndex=4495, commits[980d9c0c-33ac-4a22-b481-33b8b1eac469:c4495, e00ee311-0ce1-4115-b4c1-69648d9d3094:c4493, bb9367ec-656d-4ade-92be-004a921408cc:c4489]
2019-08-06 03:26:39,323 INFO  client.GrpcClientProtocolClient (GrpcClientProtocolClient.java:onNext(255)) - client-9DC82E534C87->980d9c0c-33ac-4a22-b481-33b8b1eac469: receive RaftClientReply:client-9DC82E534C87->980d9c0c-33ac-4a22-b481-33b8b1eac469@group-23022C6A558E, cid=2998, SUCCESS, logIndex=4498, commits[980d9c0c-33ac-4a22-b481-33b8b1eac469:c4499, e00ee311-0ce1-4115-b4c1-69648d9d3094:c4494, bb9367ec-656d-4ade-92be-004a921408cc:c4495]
2019-08-06 03:26:39,323 INFO  client.GrpcClientProtocolClient (GrpcClientProtocolClient.java:onNext(255)) - client-9DC82E534C87->980d9c0c-33ac-4a22-b481-33b8b1eac469: receive RaftClientReply:client-9DC82E534C87->980d9c0c-33ac-4a22-b481-33b8b1eac469@group-23022C6A558E, cid=2999, SUCCESS, logIndex=4499, commits[980d9c0c-33ac-4a22-b481-33b8b1eac469:c4499, e00ee311-0ce1-4115-b4c1-69648d9d3094:c4495, bb9367ec-656d-4ade-92be-004a921408cc:c4495]
 0.00% |█                                                                                                    |  0/1 Time: 0:00:262019-08-06 03:26:39,326 INFO  client.GrpcClientProtocolClient (GrpcClientProtocolClient.java:onNext(255)) - client-9DC82E534C87->980d9c0c-33ac-4a22-b481-33b8b1eac469: receive RaftClientReply:client-9DC82E534C87->980d9c0c-33ac-4a22-b481-33b8b1eac469@group-23022C6A558E, cid=3000, SUCCESS, logIndex=0, commits[980d9c0c-33ac-4a22-b481-33b8b1eac469:c4500, e00ee311-0ce1-4115-b4c1-69648d9d3094:c4499, bb9367ec-656d-4ade-92be-004a921408cc:c4499]
2019-08-06 03:26:39,382 INFO  client.GrpcClientProtocolClient (GrpcClientProtocolClient.java:onNext(255)) - client-9DC82E534C87->980d9c0c-33ac-4a22-b481-33b8b1eac469: receive RaftClientReply:client-9DC82E534C87->980d9c0c-33ac-4a22-b481-33b8b1eac469@group-23022C6A558E, cid=3001, SUCCESS, logIndex=4501, commits[980d9c0c-33ac-4a22-b481-33b8b1eac469:c4502, e00ee311-0ce1-4115-b4c1-69648d9d3094:c4500, bb9367ec-656d-4ade-92be-004a921408cc:c4499]
2019-08-06 03:26:39,383 INFO  client.GrpcClientProtocolClient (GrpcClientProtocolClient.java:onNext(255)) - client-9DC82E534C87->980d9c0c-33ac-4a22-b481-33b8b1eac469: receive RaftClientReply:client-9DC82E534C87->980d9c0c-33ac-4a22-b481-33b8b1eac469@group-23022C6A558E, cid=3002, SUCCESS, logIndex=4502, commits[980d9c0c-33ac-4a22-b481-33b8b1eac469:c4502, e00ee311-0ce1-4115-b4c1-69648d9d3094:c4500, bb9367ec-656d-4ade-92be-004a921408cc:c4499]
2019-08-06 03:26:39,385 INFO  client.GrpcClientProtocolClient (GrpcClientProtocolClient.java:onNext(255)) - client-9DC82E534C87->980d9c0c-33ac-4a22-b481-33b8b1eac469: receive RaftClientReply:client-9DC82E534C87->980d9c0c-33ac-4a22-b481-33b8b1eac469@group-23022C6A558E, cid=3003, SUCCESS, logIndex=4503, commits[980d9c0c-33ac-4a22-b481-33b8b1eac469:c4504, e00ee311-0ce1-4115-b4c1-69648d9d3094:c4500, bb9367ec-656d-4ade-92be-004a921408cc:c4499]
2019-08-06 03:26:39,385 INFO  client.GrpcClientProtocolClient (GrpcClientProtocolClient.java:onNext(255)) - client-9DC82E534C87->980d9c0c-33ac-4a22-b481-33b8b1eac469: receive RaftClientReply:client-9DC82E534C87->980d9c0c-33ac-4a22-b481-33b8b1eac469@group-23022C6A558E, cid=3004, SUCCESS, logIndex=4504, commits[980d9c0c-33ac-4a22-b481-33b8b1eac469:c4504, e00ee311-0ce1-4115-b4c1-69648d9d3094:c4500, bb9367ec-656d-4ade-92be-004a921408cc:c4500]
2019-08-06 03:26:39,396 INFO  client.GrpcClientProtocolClient (GrpcClientProtocolClient.java:onNext(255)) - client-9DC82E534C87->980d9c0c-33ac-4a22-b481-33b8b1eac469: receive RaftClientReply:client-9DC82E534C87->980d9c0c-33ac-4a22-b481-33b8b1eac469@group-23022C6A558E, cid=3005, SUCCESS, logIndex=0, commits[980d9c0c-33ac-4a22-b481-33b8b1eac469:c4505, e00ee311-0ce1-4115-b4c1-69648d9d3094:c4502, bb9367ec-656d-4ade-92be-004a921408cc:c4502]
2019-08-06 03:26:39,418 INFO  client.GrpcClientProtocolClient (GrpcClientProtocolClient.java:onNext(255)) - client-9DC82E534C87->980d9c0c-33ac-4a22-b481-33b8b1eac469: receive RaftClientReply:client-9DC82E534C87->980d9c0c-33ac-4a22-b481-33b8b1eac469@group-23022C6A558E, cid=3006, SUCCESS, logIndex=4507, commits[980d9c0c-33ac-4a22-b481-33b8b1eac469:c4508, e00ee311-0ce1-4115-b4c1-69648d9d3094:c4506, bb9367ec-656d-4ade-92be-004a921408cc:c4506]
2019-08-06 03:26:39,419 INFO  client.GrpcClientProtocolClient (GrpcClientProtocolClient.java:onNext(255)) - client-9DC82E534C87->980d9c0c-33ac-4a22-b481-33b8b1eac469: receive RaftClientReply:client-9DC82E534C87->980d9c0c-33ac-4a22-b481-33b8b1eac469@group-23022C6A558E, cid=3007, SUCCESS, logIndex=4508, commits[980d9c0c-33ac-4a22-b481-33b8b1eac469:c4508, e00ee311-0ce1-4115-b4c1-69648d9d3094:c4506, bb9367ec-656d-4ade-92be-004a921408cc:c4506]
2019-08-06 03:26:39,432 INFO  client.GrpcClientProtocolClient (GrpcClientProtocolClient.java:onNext(255)) - client-9DC82E534C87->980d9c0c-33ac-4a22-b481-33b8b1eac469: receive RaftClientReply:client-9DC82E534C87->980d9c0c-33ac-4a22-b481-33b8b1eac469@group-23022C6A558E, cid=3008, SUCCESS, logIndex=4511, commits[980d9c0c-33ac-4a22-b481-33b8b1eac469:c4512, e00ee311-0ce1-4115-b4c1-69648d9d3094:c4507, bb9367ec-656d-4ade-92be-004a921408cc:c4508]
2019-08-06 03:26:39,433 INFO  client.GrpcClientProtocolClient (GrpcClientProtocolClient.java:onNext(255)) - client-9DC82E534C87->980d9c0c-33ac-4a22-b481-33b8b1eac469: receive RaftClientReply:client-9DC82E534C87->980d9c0c-33ac-4a22-b481-33b8b1eac469@group-23022C6A558E, cid=3009, SUCCESS, logIndex=4512, commits[980d9c0c-33ac-4a22-b481-33b8b1eac469:c4512, e00ee311-0ce1-4115-b4c1-69648d9d3094:c4507, bb9367ec-656d-4ade-92be-004a921408cc:c4508]
2019-08-06 03:26:39,434 INFO  client.GrpcClientProtocolClient (GrpcClientProtocolClient.java:onNext(255)) - client-9DC82E534C87->980d9c0c-33ac-4a22-b481-33b8b1eac469: receive RaftClientReply:client-9DC82E534C87->980d9c0c-33ac-4a22-b481-33b8b1eac469@group-23022C6A558E, cid=3010, SUCCESS, logIndex=0, commits[980d9c0c-33ac-4a22-b481-33b8b1eac469:c4512, e00ee311-0ce1-4115-b4c1-69648d9d3094:c4508, bb9367ec-656d-4ade-92be-004a921408cc:c4511]
2019-08-06 03:26:39,446 INFO  client.GrpcClientProtocolClient (GrpcClientProtocolClient.java:onNext(255)) - client-9DC82E534C87->980d9c0c-33ac-4a22-b481-33b8b1eac469: receive RaftClientReply:client-9DC82E534C87->980d9c0c-33ac-4a22-b481-33b8b1eac469@group-23022C6A558E, cid=3011, SUCCESS, logIndex=0, commits[980d9c0c-33ac-4a22-b481-33b8b1eac469:c4514, e00ee311-0ce1-4115-b4c1-69648d9d3094:c4512, bb9367ec-656d-4ade-92be-004a921408cc:c4512]
2019-08-06 03:26:39,480 INFO  client.GrpcClientProtocolClient (GrpcClientProtocolClient.java:onNext(255)) - client-9DC82E534C87->980d9c0c-33ac-4a22-b481-33b8b1eac469: receive RaftClientReply:client-9DC82E534C87->980d9c0c-33ac-4a22-b481-33b8b1eac469@group-23022C6A558E, cid=3012, SUCCESS, logIndex=4515, commits[980d9c0c-33ac-4a22-b481-33b8b1eac469:c4516, e00ee311-0ce1-4115-b4c1-69648d9d3094:c4514, bb9367ec-656d-4ade-92be-004a921408cc:c4514]
2019-08-06 03:26:39,481 INFO  client.GrpcClientProtocolClient (GrpcClientProtocolClient.java:onNext(255)) - client-9DC82E534C87->980d9c0c-33ac-4a22-b481-33b8b1eac469: receive RaftClientReply:client-9DC82E534C87->980d9c0c-33ac-4a22-b481-33b8b1eac469@group-23022C6A558E, cid=3013, SUCCESS, logIndex=4516, commits[980d9c0c-33ac-4a22-b481-33b8b1eac469:c4518, e00ee311-0ce1-4115-b4c1-69648d9d3094:c4514, bb9367ec-656d-4ade-92be-004a921408cc:c4514]
2019-08-06 03:26:39,481 INFO  client.GrpcClientProtocolClient (GrpcClientProtocolClient.java:onNext(255)) - client-9DC82E534C87->980d9c0c-33ac-4a22-b481-33b8b1eac469: receive RaftClientReply:client-9DC82E534C87->980d9c0c-33ac-4a22-b481-33b8b1eac469@group-23022C6A558E, cid=3014, SUCCESS, logIndex=4517, commits[980d9c0c-33ac-4a22-b481-33b8b1eac469:c4518, e00ee311-0ce1-4115-b4c1-69648d9d3094:c4514, bb9367ec-656d-4ade-92be-004a921408cc:c4514]
2019-08-06 03:26:39,481 INFO  client.GrpcClientProtocolClient (GrpcClientProtocolClient.java:onNext(255)) - client-9DC82E534C87->980d9c0c-33ac-4a22-b481-33b8b1eac469: receive RaftClientReply:client-9DC82E534C87->980d9c0c-33ac-4a22-b481-33b8b1eac469@group-23022C6A558E, cid=3015, SUCCESS, logIndex=4518, commits[980d9c0c-33ac-4a22-b481-33b8b1eac469:c4518, e00ee311-0ce1-4115-b4c1-69648d9d3094:c4514, bb9367ec-656d-4ade-92be-004a921408cc:c4514]
2019-08-06 03:26:39,506 INFO  client.GrpcClientProtocolClient (GrpcClientProtocolClient.java:onNext(255)) - client-9DC82E534C87->980d9c0c-33ac-4a22-b481-33b8b1eac469: receive RaftClientReply:client-9DC82E534C87->980d9c0c-33ac-4a22-b481-33b8b1eac469@group-23022C6A558E, cid=3016, SUCCESS, logIndex=0, commits[980d9c0c-33ac-4a22-b481-33b8b1eac469:c4522, e00ee311-0ce1-4115-b4c1-69648d9d3094:c4516, bb9367ec-656d-4ade-92be-004a921408cc:c4518]
2019-08-06 03:26:39,527 INFO  client.GrpcClientProtocolClient (GrpcClientProtocolClient.java:onNext(255)) - client-9DC82E534C87->980d9c0c-33ac-4a22-b481-33b8b1eac469: receive RaftClientReply:client-9DC82E534C87->980d9c0c-33ac-4a22-b481-33b8b1eac469@group-23022C6A558E, cid=3017, SUCCESS, logIndex=4523, commits[980d9c0c-33ac-4a22-b481-33b8b1eac469:c4524, e00ee311-0ce1-4115-b4c1-69648d9d3094:c4522, bb9367ec-656d-4ade-92be-004a921408cc:c4522]
2019-08-06 03:26:39,527 INFO  client.GrpcClientProtocolClient (GrpcClientProtocolClient.java:onNext(255)) - client-9DC82E534C87->980d9c0c-33ac-4a22-b481-33b8b1eac469: receive RaftClientReply:client-9DC82E534C87->980d9c0c-33ac-4a22-b481-33b8b1eac469@group-23022C6A558E, cid=3018, SUCCESS, logIndex=4524, commits[980d9c0c-33ac-4a22-b481-33b8b1eac469:c4524, e00ee311-0ce1-4115-b4c1-69648d9d3094:c4522, bb9367ec-656d-4ade-92be-004a921408cc:c4522]
2019-08-06 03:26:39,540 INFO  client.GrpcClientProtocolClient (GrpcClientProtocolClient.java:onNext(255)) - client-9DC82E534C87->980d9c0c-33ac-4a22-b481-33b8b1eac469: receive RaftClientReply:client-9DC82E534C87->980d9c0c-33ac-4a22-b481-33b8b1eac469@group-23022C6A558E, cid=3019, SUCCESS, logIndex=4527, commits[980d9c0c-33ac-4a22-b481-33b8b1eac469:c4528, e00ee311-0ce1-4115-b4c1-69648d9d3094:c4523, bb9367ec-656d-4ade-92be-004a921408cc:c4524]
2019-08-06 03:26:39,541 INFO  client.GrpcClientProtocolClient (GrpcClientProtocolClient.java:onNext(255)) - client-9DC82E534C87->980d9c0c-33ac-4a22-b481-33b8b1eac469: receive RaftClientReply:client-9DC82E534C87->980d9c0c-33ac-4a22-b481-33b8b1eac469@group-23022C6A558E, cid=3020, SUCCESS, logIndex=4528, commits[980d9c0c-33ac-4a22-b481-33b8b1eac469:c4528, e00ee311-0ce1-4115-b4c1-69648d9d3094:c4524, bb9367ec-656d-4ade-92be-004a921408cc:c4524]
2019-08-06 03:26:39,544 INFO  client.GrpcClientProtocolClient (GrpcClientProtocolClient.java:onNext(255)) - client-9DC82E534C87->980d9c0c-33ac-4a22-b481-33b8b1eac469: receive RaftClientReply:client-9DC82E534C87->980d9c0c-33ac-4a22-b481-33b8b1eac469@group-23022C6A558E, cid=3021, SUCCESS, logIndex=0, commits[980d9c0c-33ac-4a22-b481-33b8b1eac469:c4529, e00ee311-0ce1-4115-b4c1-69648d9d3094:c4528, bb9367ec-656d-4ade-92be-004a921408cc:c4528]
2019-08-06 03:26:39,573 INFO  client.GrpcClientProtocolClient (GrpcClientProtocolClient.java:onNext(255)) - client-9DC82E534C87->980d9c0c-33ac-4a22-b481-33b8b1eac469: receive RaftClientReply:client-9DC82E534C87->980d9c0c-33ac-4a22-b481-33b8b1eac469@group-23022C6A558E, cid=3022, SUCCESS, logIndex=4531, commits[980d9c0c-33ac-4a22-b481-33b8b1eac469:c4532, e00ee311-0ce1-4115-b4c1-69648d9d3094:c4530, bb9367ec-656d-4ade-92be-004a921408cc:c4530]
2019-08-06 03:26:39,574 INFO  client.GrpcClientProtocolClient (GrpcClientProtocolClient.java:onNext(255)) - client-9DC82E534C87->980d9c0c-33ac-4a22-b481-33b8b1eac469: receive RaftClientReply:client-9DC82E534C87->980d9c0c-33ac-4a22-b481-33b8b1eac469@group-23022C6A558E, cid=3023, SUCCESS, logIndex=4532, commits[980d9c0c-33ac-4a22-b481-33b8b1eac469:c4532, e00ee311-0ce1-4115-b4c1-69648d9d3094:c4530, bb9367ec-656d-4ade-92be-004a921408cc:c4530]
2019-08-06 03:26:39,574 INFO  client.GrpcClientProtocolClient (GrpcClientProtocolClient.java:onNext(255)) - client-9DC82E534C87->980d9c0c-33ac-4a22-b481-33b8b1eac469: receive RaftClientReply:client-9DC82E534C87->980d9c0c-33ac-4a22-b481-33b8b1eac469@group-23022C6A558E, cid=3024, SUCCESS, logIndex=4533, commits[980d9c0c-33ac-4a22-b481-33b8b1eac469:c4534, e00ee311-0ce1-4115-b4c1-69648d9d3094:c4530, bb9367ec-656d-4ade-92be-004a921408cc:c4530]
2019-08-06 03:26:39,575 INFO  client.GrpcClientProtocolClient (GrpcClientProtocolClient.java:onNext(255)) - client-9DC82E534C87->980d9c0c-33ac-4a22-b481-33b8b1eac469: receive RaftClientReply:client-9DC82E534C87->980d9c0c-33ac-4a22-b481-33b8b1eac469@group-23022C6A558E, cid=3025, SUCCESS, logIndex=4534, commits[980d9c0c-33ac-4a22-b481-33b8b1eac469:c4534, e00ee311-0ce1-4115-b4c1-69648d9d3094:c4530, bb9367ec-656d-4ade-92be-004a921408cc:c4530]
2019-08-06 03:26:39,588 INFO  client.GrpcClientProtocolClient (GrpcClientProtocolClient.java:onNext(255)) - client-9DC82E534C87->980d9c0c-33ac-4a22-b481-33b8b1eac469: receive RaftClientReply:client-9DC82E534C87->980d9c0c-33ac-4a22-b481-33b8b1eac469@group-23022C6A558E, cid=3026, SUCCESS, logIndex=0, commits[980d9c0c-33ac-4a22-b481-33b8b1eac469:c4536, e00ee311-0ce1-4115-b4c1-69648d9d3094:c4532, bb9367ec-656d-4ade-92be-004a921408cc:c4532]
2019-08-06 03:26:39,608 INFO  client.GrpcClientProtocolClient (GrpcClientProtocolClient.java:onNext(255)) - client-9DC82E534C87->980d9c0c-33ac-4a22-b481-33b8b1eac469: receive RaftClientReply:client-9DC82E534C87->980d9c0c-33ac-4a22-b481-33b8b1eac469@group-23022C6A558E, cid=3027, SUCCESS, logIndex=4539, commits[980d9c0c-33ac-4a22-b481-33b8b1eac469:c4540, e00ee311-0ce1-4115-b4c1-69648d9d3094:c4538, bb9367ec-656d-4ade-92be-004a921408cc:c4538]
2019-08-06 03:26:39,608 INFO  client.GrpcClientProtocolClient (GrpcClientProtocolClient.java:onNext(255)) - client-9DC82E534C87->980d9c0c-33ac-4a22-b481-33b8b1eac469: receive RaftClientReply:client-9DC82E534C87->980d9c0c-33ac-4a22-b481-33b8b1eac469@group-23022C6A558E, cid=3028, SUCCESS, logIndex=4540, commits[980d9c0c-33ac-4a22-b481-33b8b1eac469:c4540, e00ee311-0ce1-4115-b4c1-69648d9d3094:c4538, bb9367ec-656d-4ade-92be-004a921408cc:c4538]
2019-08-06 03:26:39,641 INFO  client.GrpcClientProtocolClient (GrpcClientProtocolClient.java:onNext(255)) - client-9DC82E534C87->980d9c0c-33ac-4a22-b481-33b8b1eac469: receive RaftClientReply:client-9DC82E534C87->980d9c0c-33ac-4a22-b481-33b8b1eac469@group-23022C6A558E, cid=3029, SUCCESS, logIndex=4543, commits[980d9c0c-33ac-4a22-b481-33b8b1eac469:c4544, e00ee311-0ce1-4115-b4c1-69648d9d3094:c4540, bb9367ec-656d-4ade-92be-004a921408cc:c4542]
2019-08-06 03:26:39,641 INFO  client.GrpcClientProtocolClient (GrpcClientProtocolClient.java:onNext(255)) - client-9DC82E534C87->980d9c0c-33ac-4a22-b481-33b8b1eac469: receive RaftClientReply:client-9DC82E534C87->980d9c0c-33ac-4a22-b481-33b8b1eac469@group-23022C6A558E, cid=3030, SUCCESS, logIndex=4544, commits[980d9c0c-33ac-4a22-b481-33b8b1eac469:c4544, e00ee311-0ce1-4115-b4c1-69648d9d3094:c4542, bb9367ec-656d-4ade-92be-004a921408cc:c4542]
2019-08-06 03:26:39,652 INFO  client.GrpcClientProtocolClient (GrpcClientProtocolClient.java:onNext(255)) - client-9DC82E534C87->980d9c0c-33ac-4a22-b481-33b8b1eac469: receive RaftClientReply:client-9DC82E534C87->980d9c0c-33ac-4a22-b481-33b8b1eac469@group-23022C6A558E, cid=3031, SUCCESS, logIndex=0, commits[980d9c0c-33ac-4a22-b481-33b8b1eac469:c4545, e00ee311-0ce1-4115-b4c1-69648d9d3094:c4544, bb9367ec-656d-4ade-92be-004a921408cc:c4544]
2019-08-06 03:26:39,683 INFO  client.GrpcClientProtocolClient (GrpcClientProtocolClient.java:onNext(255)) - client-9DC82E534C87->980d9c0c-33ac-4a22-b481-33b8b1eac469: receive RaftClientReply:client-9DC82E534C87->980d9c0c-33ac-4a22-b481-33b8b1eac469@group-23022C6A558E, cid=3032, SUCCESS, logIndex=4546, commits[980d9c0c-33ac-4a22-b481-33b8b1eac469:c4547, e00ee311-0ce1-4115-b4c1-69648d9d3094:c4545, bb9367ec-656d-4ade-92be-004a921408cc:c4545]
2019-08-06 03:26:39,683 INFO  client.GrpcClientProtocolClient (GrpcClientProtocolClient.java:onNext(255)) - client-9DC82E534C87->980d9c0c-33ac-4a22-b481-33b8b1eac469: receive RaftClientReply:client-9DC82E534C87->980d9c0c-33ac-4a22-b481-33b8b1eac469@group-23022C6A558E, cid=3033, SUCCESS, logIndex=4547, commits[980d9c0c-33ac-4a22-b481-33b8b1eac469:c4547, e00ee311-0ce1-4115-b4c1-69648d9d3094:c4545, bb9367ec-656d-4ade-92be-004a921408cc:c4545]
2019-08-06 03:26:39,684 INFO  client.GrpcClientProtocolClient (GrpcClientProtocolClient.java:onNext(255)) - client-9DC82E534C87->980d9c0c-33ac-4a22-b481-33b8b1eac469: receive RaftClientReply:client-9DC82E534C87->980d9c0c-33ac-4a22-b481-33b8b1eac469@group-23022C6A558E, cid=3034, SUCCESS, logIndex=4548, commits[980d9c0c-33ac-4a22-b481-33b8b1eac469:c4549, e00ee311-0ce1-4115-b4c1-69648d9d3094:c4545, bb9367ec-656d-4ade-92be-004a921408cc:c4545]
2019-08-06 03:26:39,684 INFO  client.GrpcClientProtocolClient (GrpcClientProtocolClient.java:onNext(255)) - client-9DC82E534C87->980d9c0c-33ac-4a22-b481-33b8b1eac469: receive RaftClientReply:client-9DC82E534C87->980d9c0c-33ac-4a22-b481-33b8b1eac469@group-23022C6A558E, cid=3035, SUCCESS, logIndex=4549, commits[980d9c0c-33ac-4a22-b481-33b8b1eac469:c4549, e00ee311-0ce1-4115-b4c1-69648d9d3094:c4545, bb9367ec-656d-4ade-92be-004a921408cc:c4545]
2019-08-06 03:26:39,686 INFO  client.GrpcClientProtocolClient (GrpcClientProtocolClient.java:onNext(255)) - client-9DC82E534C87->980d9c0c-33ac-4a22-b481-33b8b1eac469: receive RaftClientReply:client-9DC82E534C87->980d9c0c-33ac-4a22-b481-33b8b1eac469@group-23022C6A558E, cid=3036, SUCCESS, logIndex=0, commits[980d9c0c-33ac-4a22-b481-33b8b1eac469:c4553, e00ee311-0ce1-4115-b4c1-69648d9d3094:c4549, bb9367ec-656d-4ade-92be-004a921408cc:c4547]
2019-08-06 03:26:39,705 INFO  client.GrpcClientProtocolClient (GrpcClientProtocolClient.java:onNext(255)) - client-9DC82E534C87->980d9c0c-33ac-4a22-b481-33b8b1eac469: receive RaftClientReply:client-9DC82E534C87->980d9c0c-33ac-4a22-b481-33b8b1eac469@group-23022C6A558E, cid=3037, SUCCESS, logIndex=4554, commits[980d9c0c-33ac-4a22-b481-33b8b1eac469:c4555, e00ee311-0ce1-4115-b4c1-69648d9d3094:c4553, bb9367ec-656d-4ade-92be-004a921408cc:c4553]
2019-08-06 03:26:39,706 INFO  client.GrpcClientProtocolClient (GrpcClientProtocolClient.java:onNext(255)) - client-9DC82E534C87->980d9c0c-33ac-4a22-b481-33b8b1eac469: receive RaftClientReply:client-9DC82E534C87->980d9c0c-33ac-4a22-b481-33b8b1eac469@group-23022C6A558E, cid=3038, SUCCESS, logIndex=4555, commits[980d9c0c-33ac-4a22-b481-33b8b1eac469:c4555, e00ee311-0ce1-4115-b4c1-69648d9d3094:c4553, bb9367ec-656d-4ade-92be-004a921408cc:c4553]
2019-08-06 03:26:39,718 INFO  client.GrpcClientProtocolClient (GrpcClientProtocolClient.java:onNext(255)) - client-9DC82E534C87->980d9c0c-33ac-4a22-b481-33b8b1eac469: receive RaftClientReply:client-9DC82E534C87->980d9c0c-33ac-4a22-b481-33b8b1eac469@group-23022C6A558E, cid=3039, SUCCESS, logIndex=4558, commits[980d9c0c-33ac-4a22-b481-33b8b1eac469:c4559, e00ee311-0ce1-4115-b4c1-69648d9d3094:c4555, bb9367ec-656d-4ade-92be-004a921408cc:c4555]
2019-08-06 03:26:39,719 INFO  client.GrpcClientProtocolClient (GrpcClientProtocolClient.java:onNext(255)) - client-9DC82E534C87->980d9c0c-33ac-4a22-b481-33b8b1eac469: receive RaftClientReply:client-9DC82E534C87->980d9c0c-33ac-4a22-b481-33b8b1eac469@group-23022C6A558E, cid=3040, SUCCESS, logIndex=4559, commits[980d9c0c-33ac-4a22-b481-33b8b1eac469:c4559, e00ee311-0ce1-4115-b4c1-69648d9d3094:c4555, bb9367ec-656d-4ade-92be-004a921408cc:c4555]
2019-08-06 03:26:39,733 INFO  client.GrpcClientProtocolClient (GrpcClientProtocolClient.java:onNext(255)) - client-9DC82E534C87->980d9c0c-33ac-4a22-b481-33b8b1eac469: receive RaftClientReply:client-9DC82E534C87->980d9c0c-33ac-4a22-b481-33b8b1eac469@group-23022C6A558E, cid=3041, SUCCESS, logIndex=0, commits[980d9c0c-33ac-4a22-b481-33b8b1eac469:c4561, e00ee311-0ce1-4115-b4c1-69648d9d3094:c4559, bb9367ec-656d-4ade-92be-004a921408cc:c4559]
2019-08-06 03:26:39,762 INFO  client.GrpcClientProtocolClient (GrpcClientProtocolClient.java:onNext(255)) - client-9DC82E534C87->980d9c0c-33ac-4a22-b481-33b8b1eac469: receive RaftClientReply:client-9DC82E534C87->980d9c0c-33ac-4a22-b481-33b8b1eac469@group-23022C6A558E, cid=3042, SUCCESS, logIndex=4562, commits[980d9c0c-33ac-4a22-b481-33b8b1eac469:c4564, e00ee311-0ce1-4115-b4c1-69648d9d3094:c4561, bb9367ec-656d-4ade-92be-004a921408cc:c4561]
2019-08-06 03:26:39,762 INFO  client.GrpcClientProtocolClient (GrpcClientProtocolClient.java:onNext(255)) - client-9DC82E534C87->980d9c0c-33ac-4a22-b481-33b8b1eac469: receive RaftClientReply:client-9DC82E534C87->980d9c0c-33ac-4a22-b481-33b8b1eac469@group-23022C6A558E, cid=3043, SUCCESS, logIndex=4563, commits[980d9c0c-33ac-4a22-b481-33b8b1eac469:c4565, e00ee311-0ce1-4115-b4c1-69648d9d3094:c4561, bb9367ec-656d-4ade-92be-004a921408cc:c4561]
2019-08-06 03:26:39,763 INFO  client.GrpcClientProtocolClient (GrpcClientProtocolClient.java:onNext(255)) - client-9DC82E534C87->980d9c0c-33ac-4a22-b481-33b8b1eac469: receive RaftClientReply:client-9DC82E534C87->980d9c0c-33ac-4a22-b481-33b8b1eac469@group-23022C6A558E, cid=3044, SUCCESS, logIndex=4564, commits[980d9c0c-33ac-4a22-b481-33b8b1eac469:c4565, e00ee311-0ce1-4115-b4c1-69648d9d3094:c4561, bb9367ec-656d-4ade-92be-004a921408cc:c4561]
2019-08-06 03:26:39,763 INFO  client.GrpcClientProtocolClient (GrpcClientProtocolClient.java:onNext(255)) - client-9DC82E534C87->980d9c0c-33ac-4a22-b481-33b8b1eac469: receive RaftClientReply:client-9DC82E534C87->980d9c0c-33ac-4a22-b481-33b8b1eac469@group-23022C6A558E, cid=3045, SUCCESS, logIndex=4565, commits[980d9c0c-33ac-4a22-b481-33b8b1eac469:c4566, e00ee311-0ce1-4115-b4c1-69648d9d3094:c4562, bb9367ec-656d-4ade-92be-004a921408cc:c4561]
2019-08-06 03:26:39,775 INFO  client.GrpcClientProtocolClient (GrpcClientProtocolClient.java:onNext(255)) - client-9DC82E534C87->980d9c0c-33ac-4a22-b481-33b8b1eac469: receive RaftClientReply:client-9DC82E534C87->980d9c0c-33ac-4a22-b481-33b8b1eac469@group-23022C6A558E, cid=3046, SUCCESS, logIndex=0, commits[980d9c0c-33ac-4a22-b481-33b8b1eac469:c4569, e00ee311-0ce1-4115-b4c1-69648d9d3094:c4565, bb9367ec-656d-4ade-92be-004a921408cc:c4564]
2019-08-06 03:26:39,794 INFO  client.GrpcClientProtocolClient (GrpcClientProtocolClient.java:onNext(255)) - client-9DC82E534C87->980d9c0c-33ac-4a22-b481-33b8b1eac469: receive RaftClientReply:client-9DC82E534C87->980d9c0c-33ac-4a22-b481-33b8b1eac469@group-23022C6A558E, cid=3047, SUCCESS, logIndex=4570, commits[980d9c0c-33ac-4a22-b481-33b8b1eac469:c4571, e00ee311-0ce1-4115-b4c1-69648d9d3094:c4569, bb9367ec-656d-4ade-92be-004a921408cc:c4569]
2019-08-06 03:26:39,794 INFO  client.GrpcClientProtocolClient (GrpcClientProtocolClient.java:onNext(255)) - client-9DC82E534C87->980d9c0c-33ac-4a22-b481-33b8b1eac469: receive RaftClientReply:client-9DC82E534C87->980d9c0c-33ac-4a22-b481-33b8b1eac469@group-23022C6A558E, cid=3048, SUCCESS, logIndex=4571, commits[980d9c0c-33ac-4a22-b481-33b8b1eac469:c4571, e00ee311-0ce1-4115-b4c1-69648d9d3094:c4569, bb9367ec-656d-4ade-92be-004a921408cc:c4569]
2019-08-06 03:26:39,807 INFO  client.GrpcClientProtocolClient (GrpcClientProtocolClient.java:onNext(255)) - client-9DC82E534C87->980d9c0c-33ac-4a22-b481-33b8b1eac469: receive RaftClientReply:client-9DC82E534C87->980d9c0c-33ac-4a22-b481-33b8b1eac469@group-23022C6A558E, cid=3049, SUCCESS, logIndex=4574, commits[980d9c0c-33ac-4a22-b481-33b8b1eac469:c4574, e00ee311-0ce1-4115-b4c1-69648d9d3094:c4571, bb9367ec-656d-4ade-92be-004a921408cc:c4571]
2019-08-06 03:26:39,807 INFO  client.GrpcClientProtocolClient (GrpcClientProtocolClient.java:onNext(255)) - client-9DC82E534C87->980d9c0c-33ac-4a22-b481-33b8b1eac469: receive RaftClientReply:client-9DC82E534C87->980d9c0c-33ac-4a22-b481-33b8b1eac469@group-23022C6A558E, cid=3050, SUCCESS, logIndex=4575, commits[980d9c0c-33ac-4a22-b481-33b8b1eac469:c4575, e00ee311-0ce1-4115-b4c1-69648d9d3094:c4571, bb9367ec-656d-4ade-92be-004a921408cc:c4571]
2019-08-06 03:26:39,820 INFO  client.GrpcClientProtocolClient (GrpcClientProtocolClient.java:onNext(255)) - client-9DC82E534C87->980d9c0c-33ac-4a22-b481-33b8b1eac469: receive RaftClientReply:client-9DC82E534C87->980d9c0c-33ac-4a22-b481-33b8b1eac469@group-23022C6A558E, cid=3051, SUCCESS, logIndex=0, commits[980d9c0c-33ac-4a22-b481-33b8b1eac469:c4577, e00ee311-0ce1-4115-b4c1-69648d9d3094:c4575, bb9367ec-656d-4ade-92be-004a921408cc:c4575]
2019-08-06 03:26:39,850 INFO  client.GrpcClientProtocolClient (GrpcClientProtocolClient.java:onNext(255)) - client-9DC82E534C87->980d9c0c-33ac-4a22-b481-33b8b1eac469: receive RaftClientReply:client-9DC82E534C87->980d9c0c-33ac-4a22-b481-33b8b1eac469@group-23022C6A558E, cid=3052, SUCCESS, logIndex=4578, commits[980d9c0c-33ac-4a22-b481-33b8b1eac469:c4579, e00ee311-0ce1-4115-b4c1-69648d9d3094:c4577, bb9367ec-656d-4ade-92be-004a921408cc:c4577]
2019-08-06 03:26:39,850 INFO  client.GrpcClientProtocolClient (GrpcClientProtocolClient.java:onNext(255)) - client-9DC82E534C87->980d9c0c-33ac-4a22-b481-33b8b1eac469: receive RaftClientReply:client-9DC82E534C87->980d9c0c-33ac-4a22-b481-33b8b1eac469@group-23022C6A558E, cid=3053, SUCCESS, logIndex=4579, commits[980d9c0c-33ac-4a22-b481-33b8b1eac469:c4579, e00ee311-0ce1-4115-b4c1-69648d9d3094:c4577, bb9367ec-656d-4ade-92be-004a921408cc:c4577]
2019-08-06 03:26:39,851 INFO  client.GrpcClientProtocolClient (GrpcClientProtocolClient.java:onNext(255)) - client-9DC82E534C87->980d9c0c-33ac-4a22-b481-33b8b1eac469: receive RaftClientReply:client-9DC82E534C87->980d9c0c-33ac-4a22-b481-33b8b1eac469@group-23022C6A558E, cid=3054, SUCCESS, logIndex=4580, commits[980d9c0c-33ac-4a22-b481-33b8b1eac469:c4581, e00ee311-0ce1-4115-b4c1-69648d9d3094:c4577, bb9367ec-656d-4ade-92be-004a921408cc:c4577]
2019-08-06 03:26:39,851 INFO  client.GrpcClientProtocolClient (GrpcClientProtocolClient.java:onNext(255)) - client-9DC82E534C87->980d9c0c-33ac-4a22-b481-33b8b1eac469: receive RaftClientReply:client-9DC82E534C87->980d9c0c-33ac-4a22-b481-33b8b1eac469@group-23022C6A558E, cid=3055, SUCCESS, logIndex=4581, commits[980d9c0c-33ac-4a22-b481-33b8b1eac469:c4581, e00ee311-0ce1-4115-b4c1-69648d9d3094:c4577, bb9367ec-656d-4ade-92be-004a921408cc:c4577]
2019-08-06 03:26:39,864 INFO  client.GrpcClientProtocolClient (GrpcClientProtocolClient.java:onNext(255)) - client-9DC82E534C87->980d9c0c-33ac-4a22-b481-33b8b1eac469: receive RaftClientReply:client-9DC82E534C87->980d9c0c-33ac-4a22-b481-33b8b1eac469@group-23022C6A558E, cid=3056, SUCCESS, logIndex=0, commits[980d9c0c-33ac-4a22-b481-33b8b1eac469:c4583, e00ee311-0ce1-4115-b4c1-69648d9d3094:c4579, bb9367ec-656d-4ade-92be-004a921408cc:c4579]
2019-08-06 03:26:39,889 INFO  client.GrpcClientProtocolClient (GrpcClientProtocolClient.java:onNext(255)) - client-9DC82E534C87->980d9c0c-33ac-4a22-b481-33b8b1eac469: receive RaftClientReply:client-9DC82E534C87->980d9c0c-33ac-4a22-b481-33b8b1eac469@group-23022C6A558E, cid=3057, SUCCESS, logIndex=4586, commits[980d9c0c-33ac-4a22-b481-33b8b1eac469:c4587, e00ee311-0ce1-4115-b4c1-69648d9d3094:c4581, bb9367ec-656d-4ade-92be-004a921408cc:c4585]
2019-08-06 03:26:39,890 INFO  client.GrpcClientProtocolClient (GrpcClientProtocolClient.java:onNext(255)) - client-9DC82E534C87->980d9c0c-33ac-4a22-b481-33b8b1eac469: receive RaftClientReply:client-9DC82E534C87->980d9c0c-33ac-4a22-b481-33b8b1eac469@group-23022C6A558E, cid=3058, SUCCESS, logIndex=4587, commits[980d9c0c-33ac-4a22-b481-33b8b1eac469:c4587, e00ee311-0ce1-4115-b4c1-69648d9d3094:c4585, bb9367ec-656d-4ade-92be-004a921408cc:c4585]
2019-08-06 03:26:40,016 INFO  client.GrpcClientProtocolClient (GrpcClientProtocolClient.java:onNext(255)) - client-9DC82E534C87->980d9c0c-33ac-4a22-b481-33b8b1eac469: receive RaftClientReply:client-9DC82E534C87->980d9c0c-33ac-4a22-b481-33b8b1eac469@group-23022C6A558E, cid=3059, SUCCESS, logIndex=4589, commits[980d9c0c-33ac-4a22-b481-33b8b1eac469:c4590, e00ee311-0ce1-4115-b4c1-69648d9d3094:c4588, bb9367ec-656d-4ade-92be-004a921408cc:c4588]
2019-08-06 03:26:40,017 INFO  client.GrpcClientProtocolClient (GrpcClientProtocolClient.java:onNext(255)) - client-9DC82E534C87->980d9c0c-33ac-4a22-b481-33b8b1eac469: receive RaftClientReply:client-9DC82E534C87->980d9c0c-33ac-4a22-b481-33b8b1eac469@group-23022C6A558E, cid=3060, SUCCESS, logIndex=4590, commits[980d9c0c-33ac-4a22-b481-33b8b1eac469:c4590, e00ee311-0ce1-4115-b4c1-69648d9d3094:c4588, bb9367ec-656d-4ade-92be-004a921408cc:c4588]
2019-08-06 03:26:40,031 INFO  client.GrpcClientProtocolClient (GrpcClientProtocolClient.java:onNext(255)) - client-9DC82E534C87->980d9c0c-33ac-4a22-b481-33b8b1eac469: receive RaftClientReply:client-9DC82E534C87->980d9c0c-33ac-4a22-b481-33b8b1eac469@group-23022C6A558E, cid=3061, SUCCESS, logIndex=0, commits[980d9c0c-33ac-4a22-b481-33b8b1eac469:c4592, e00ee311-0ce1-4115-b4c1-69648d9d3094:c4590, bb9367ec-656d-4ade-92be-004a921408cc:c4590]
2019-08-06 03:26:40,077 INFO  client.GrpcClientProtocolClient (GrpcClientProtocolClient.java:onNext(255)) - client-9DC82E534C87->980d9c0c-33ac-4a22-b481-33b8b1eac469: receive RaftClientReply:client-9DC82E534C87->980d9c0c-33ac-4a22-b481-33b8b1eac469@group-23022C6A558E, cid=3062, SUCCESS, logIndex=4593, commits[980d9c0c-33ac-4a22-b481-33b8b1eac469:c4594, e00ee311-0ce1-4115-b4c1-69648d9d3094:c4592, bb9367ec-656d-4ade-92be-004a921408cc:c4592]
2019-08-06 03:26:40,078 INFO  client.GrpcClientProtocolClient (GrpcClientProtocolClient.java:onNext(255)) - client-9DC82E534C87->980d9c0c-33ac-4a22-b481-33b8b1eac469: receive RaftClientReply:client-9DC82E534C87->980d9c0c-33ac-4a22-b481-33b8b1eac469@group-23022C6A558E, cid=3063, SUCCESS, logIndex=4594, commits[980d9c0c-33ac-4a22-b481-33b8b1eac469:c4594, e00ee311-0ce1-4115-b4c1-69648d9d3094:c4592, bb9367ec-656d-4ade-92be-004a921408cc:c4592]
2019-08-06 03:26:40,079 INFO  client.GrpcClientProtocolClient (GrpcClientProtocolClient.java:onNext(255)) - client-9DC82E534C87->980d9c0c-33ac-4a22-b481-33b8b1eac469: receive RaftClientReply:client-9DC82E534C87->980d9c0c-33ac-4a22-b481-33b8b1eac469@group-23022C6A558E, cid=3064, SUCCESS, logIndex=4595, commits[980d9c0c-33ac-4a22-b481-33b8b1eac469:c4596, e00ee311-0ce1-4115-b4c1-69648d9d3094:c4592, bb9367ec-656d-4ade-92be-004a921408cc:c4592]
2019-08-06 03:26:40,079 INFO  client.GrpcClientProtocolClient (GrpcClientProtocolClient.java:onNext(255)) - client-9DC82E534C87->980d9c0c-33ac-4a22-b481-33b8b1eac469: receive RaftClientReply:client-9DC82E534C87->980d9c0c-33ac-4a22-b481-33b8b1eac469@group-23022C6A558E, cid=3065, SUCCESS, logIndex=4596, commits[980d9c0c-33ac-4a22-b481-33b8b1eac469:c4596, e00ee311-0ce1-4115-b4c1-69648d9d3094:c4592, bb9367ec-656d-4ade-92be-004a921408cc:c4592]
2019-08-06 03:26:40,080 INFO  client.GrpcClientProtocolClient (GrpcClientProtocolClient.java:onNext(255)) - client-9DC82E534C87->980d9c0c-33ac-4a22-b481-33b8b1eac469: receive RaftClientReply:client-9DC82E534C87->980d9c0c-33ac-4a22-b481-33b8b1eac469@group-23022C6A558E, cid=3066, SUCCESS, logIndex=0, commits[980d9c0c-33ac-4a22-b481-33b8b1eac469:c4598, e00ee311-0ce1-4115-b4c1-69648d9d3094:c4594, bb9367ec-656d-4ade-92be-004a921408cc:c4594]
2019-08-06 03:26:40,101 INFO  client.GrpcClientProtocolClient (GrpcClientProtocolClient.java:onNext(255)) - client-9DC82E534C87->980d9c0c-33ac-4a22-b481-33b8b1eac469: receive RaftClientReply:client-9DC82E534C87->980d9c0c-33ac-4a22-b481-33b8b1eac469@group-23022C6A558E, cid=3067, SUCCESS, logIndex=4601, commits[980d9c0c-33ac-4a22-b481-33b8b1eac469:c4602, e00ee311-0ce1-4115-b4c1-69648d9d3094:c4600, bb9367ec-656d-4ade-92be-004a921408cc:c4600]
2019-08-06 03:26:40,101 INFO  client.GrpcClientProtocolClient (GrpcClientProtocolClient.java:onNext(255)) - client-9DC82E534C87->980d9c0c-33ac-4a22-b481-33b8b1eac469: receive RaftClientReply:client-9DC82E534C87->980d9c0c-33ac-4a22-b481-33b8b1eac469@group-23022C6A558E, cid=3068, SUCCESS, logIndex=4602, commits[980d9c0c-33ac-4a22-b481-33b8b1eac469:c4602, e00ee311-0ce1-4115-b4c1-69648d9d3094:c4600, bb9367ec-656d-4ade-92be-004a921408cc:c4600]
2019-08-06 03:26:40,115 INFO  client.GrpcClientProtocolClient (GrpcClientProtocolClient.java:onNext(255)) - client-9DC82E534C87->980d9c0c-33ac-4a22-b481-33b8b1eac469: receive RaftClientReply:client-9DC82E534C87->980d9c0c-33ac-4a22-b481-33b8b1eac469@group-23022C6A558E, cid=3069, SUCCESS, logIndex=4605, commits[980d9c0c-33ac-4a22-b481-33b8b1eac469:c4606, e00ee311-0ce1-4115-b4c1-69648d9d3094:c4602, bb9367ec-656d-4ade-92be-004a921408cc:c4602]
2019-08-06 03:26:40,115 INFO  client.GrpcClientProtocolClient (GrpcClientProtocolClient.java:onNext(255)) - client-9DC82E534C87->980d9c0c-33ac-4a22-b481-33b8b1eac469: receive RaftClientReply:client-9DC82E534C87->980d9c0c-33ac-4a22-b481-33b8b1eac469@group-23022C6A558E, cid=3070, SUCCESS, logIndex=4606, commits[980d9c0c-33ac-4a22-b481-33b8b1eac469:c4606, e00ee311-0ce1-4115-b4c1-69648d9d3094:c4602, bb9367ec-656d-4ade-92be-004a921408cc:c4602]
2019-08-06 03:26:40,136 INFO  client.GrpcClientProtocolClient (GrpcClientProtocolClient.java:onNext(255)) - client-9DC82E534C87->980d9c0c-33ac-4a22-b481-33b8b1eac469: receive RaftClientReply:client-9DC82E534C87->980d9c0c-33ac-4a22-b481-33b8b1eac469@group-23022C6A558E, cid=3071, SUCCESS, logIndex=0, commits[980d9c0c-33ac-4a22-b481-33b8b1eac469:c4607, e00ee311-0ce1-4115-b4c1-69648d9d3094:c4606, bb9367ec-656d-4ade-92be-004a921408cc:c4606]
2019-08-06 03:26:40,173 INFO  client.GrpcClientProtocolClient (GrpcClientProtocolClient.java:onNext(255)) - client-9DC82E534C87->980d9c0c-33ac-4a22-b481-33b8b1eac469: receive RaftClientReply:client-9DC82E534C87->980d9c0c-33ac-4a22-b481-33b8b1eac469@group-23022C6A558E, cid=3072, SUCCESS, logIndex=4609, commits[980d9c0c-33ac-4a22-b481-33b8b1eac469:c4611, e00ee311-0ce1-4115-b4c1-69648d9d3094:c4608, bb9367ec-656d-4ade-92be-004a921408cc:c4608]
2019-08-06 03:26:40,174 INFO  client.GrpcClientProtocolClient (GrpcClientProtocolClient.java:onNext(255)) - client-9DC82E534C87->980d9c0c-33ac-4a22-b481-33b8b1eac469: receive RaftClientReply:client-9DC82E534C87->980d9c0c-33ac-4a22-b481-33b8b1eac469@group-23022C6A558E, cid=3073, SUCCESS, logIndex=4610, commits[980d9c0c-33ac-4a22-b481-33b8b1eac469:c4612, e00ee311-0ce1-4115-b4c1-69648d9d3094:c4608, bb9367ec-656d-4ade-92be-004a921408cc:c4608]
2019-08-06 03:26:40,174 INFO  client.GrpcClientProtocolClient (GrpcClientProtocolClient.java:onNext(255)) - client-9DC82E534C87->980d9c0c-33ac-4a22-b481-33b8b1eac469: receive RaftClientReply:client-9DC82E534C87->980d9c0c-33ac-4a22-b481-33b8b1eac469@group-23022C6A558E, cid=3074, SUCCESS, logIndex=4611, commits[980d9c0c-33ac-4a22-b481-33b8b1eac469:c4612, e00ee311-0ce1-4115-b4c1-69648d9d3094:c4608, bb9367ec-656d-4ade-92be-004a921408cc:c4608]
2019-08-06 03:26:40,174 INFO  client.GrpcClientProtocolClient (GrpcClientProtocolClient.java:onNext(255)) - client-9DC82E534C87->980d9c0c-33ac-4a22-b481-33b8b1eac469: receive RaftClientReply:client-9DC82E534C87->980d9c0c-33ac-4a22-b481-33b8b1eac469@group-23022C6A558E, cid=3075, SUCCESS, logIndex=4612, commits[980d9c0c-33ac-4a22-b481-33b8b1eac469:c4612, e00ee311-0ce1-4115-b4c1-69648d9d3094:c4608, bb9367ec-656d-4ade-92be-004a921408cc:c4608]
2019-08-06 03:26:40,186 INFO  client.GrpcClientProtocolClient (GrpcClientProtocolClient.java:onNext(255)) - client-9DC82E534C87->980d9c0c-33ac-4a22-b481-33b8b1eac469: receive RaftClientReply:client-9DC82E534C87->980d9c0c-33ac-4a22-b481-33b8b1eac469@group-23022C6A558E, cid=3076, SUCCESS, logIndex=0, commits[980d9c0c-33ac-4a22-b481-33b8b1eac469:c4614, e00ee311-0ce1-4115-b4c1-69648d9d3094:c4610, bb9367ec-656d-4ade-92be-004a921408cc:c4610]
2019-08-06 03:26:40,205 INFO  client.GrpcClientProtocolClient (GrpcClientProtocolClient.java:onNext(255)) - client-9DC82E534C87->980d9c0c-33ac-4a22-b481-33b8b1eac469: receive RaftClientReply:client-9DC82E534C87->980d9c0c-33ac-4a22-b481-33b8b1eac469@group-23022C6A558E, cid=3077, SUCCESS, logIndex=4617, commits[980d9c0c-33ac-4a22-b481-33b8b1eac469:c4618, e00ee311-0ce1-4115-b4c1-69648d9d3094:c4616, bb9367ec-656d-4ade-92be-004a921408cc:c4616]
2019-08-06 03:26:40,206 INFO  client.GrpcClientProtocolClient (GrpcClientProtocolClient.java:onNext(255)) - client-9DC82E534C87->980d9c0c-33ac-4a22-b481-33b8b1eac469: receive RaftClientReply:client-9DC82E534C87->980d9c0c-33ac-4a22-b481-33b8b1eac469@group-23022C6A558E, cid=3078, SUCCESS, logIndex=4618, commits[980d9c0c-33ac-4a22-b481-33b8b1eac469:c4618, e00ee311-0ce1-4115-b4c1-69648d9d3094:c4616, bb9367ec-656d-4ade-92be-004a921408cc:c4616]
2019-08-06 03:26:40,239 INFO  client.GrpcClientProtocolClient (GrpcClientProtocolClient.java:onNext(255)) - client-9DC82E534C87->980d9c0c-33ac-4a22-b481-33b8b1eac469: receive RaftClientReply:client-9DC82E534C87->980d9c0c-33ac-4a22-b481-33b8b1eac469@group-23022C6A558E, cid=3079, SUCCESS, logIndex=4621, commits[980d9c0c-33ac-4a22-b481-33b8b1eac469:c4622, e00ee311-0ce1-4115-b4c1-69648d9d3094:c4618, bb9367ec-656d-4ade-92be-004a921408cc:c4617]
2019-08-06 03:26:40,240 INFO  client.GrpcClientProtocolClient (GrpcClientProtocolClient.java:onNext(255)) - client-9DC82E534C87->980d9c0c-33ac-4a22-b481-33b8b1eac469: receive RaftClientReply:client-9DC82E534C87->980d9c0c-33ac-4a22-b481-33b8b1eac469@group-23022C6A558E, cid=3080, SUCCESS, logIndex=4622, commits[980d9c0c-33ac-4a22-b481-33b8b1eac469:c4622, e00ee311-0ce1-4115-b4c1-69648d9d3094:c4618, bb9367ec-656d-4ade-92be-004a921408cc:c4618]
2019-08-06 03:26:40,254 INFO  client.GrpcClientProtocolClient (GrpcClientProtocolClient.java:onNext(255)) - client-9DC82E534C87->980d9c0c-33ac-4a22-b481-33b8b1eac469: receive RaftClientReply:client-9DC82E534C87->980d9c0c-33ac-4a22-b481-33b8b1eac469@group-23022C6A558E, cid=3081, SUCCESS, logIndex=0, commits[980d9c0c-33ac-4a22-b481-33b8b1eac469:c4624, e00ee311-0ce1-4115-b4c1-69648d9d3094:c4622, bb9367ec-656d-4ade-92be-004a921408cc:c4622]
2019-08-06 03:26:40,288 INFO  client.GrpcClientProtocolClient (GrpcClientProtocolClient.java:onNext(255)) - client-9DC82E534C87->980d9c0c-33ac-4a22-b481-33b8b1eac469: receive RaftClientReply:client-9DC82E534C87->980d9c0c-33ac-4a22-b481-33b8b1eac469@group-23022C6A558E, cid=3082, SUCCESS, logIndex=4625, commits[980d9c0c-33ac-4a22-b481-33b8b1eac469:c4627, e00ee311-0ce1-4115-b4c1-69648d9d3094:c4624, bb9367ec-656d-4ade-92be-004a921408cc:c4624]
2019-08-06 03:26:40,288 INFO  client.GrpcClientProtocolClient (GrpcClientProtocolClient.java:onNext(255)) - client-9DC82E534C87->980d9c0c-33ac-4a22-b481-33b8b1eac469: receive RaftClientReply:client-9DC82E534C87->980d9c0c-33ac-4a22-b481-33b8b1eac469@group-23022C6A558E, cid=3083, SUCCESS, logIndex=4626, commits[980d9c0c-33ac-4a22-b481-33b8b1eac469:c4628, e00ee311-0ce1-4115-b4c1-69648d9d3094:c4624, bb9367ec-656d-4ade-92be-004a921408cc:c4624]
2019-08-06 03:26:40,289 INFO  client.GrpcClientProtocolClient (GrpcClientProtocolClient.java:onNext(255)) - client-9DC82E534C87->980d9c0c-33ac-4a22-b481-33b8b1eac469: receive RaftClientReply:client-9DC82E534C87->980d9c0c-33ac-4a22-b481-33b8b1eac469@group-23022C6A558E, cid=3084, SUCCESS, logIndex=4627, commits[980d9c0c-33ac-4a22-b481-33b8b1eac469:c4628, e00ee311-0ce1-4115-b4c1-69648d9d3094:c4624, bb9367ec-656d-4ade-92be-004a921408cc:c4624]
2019-08-06 03:26:40,289 INFO  client.GrpcClientProtocolClient (GrpcClientProtocolClient.java:onNext(255)) - client-9DC82E534C87->980d9c0c-33ac-4a22-b481-33b8b1eac469: receive RaftClientReply:client-9DC82E534C87->980d9c0c-33ac-4a22-b481-33b8b1eac469@group-23022C6A558E, cid=3085, SUCCESS, logIndex=4628, commits[980d9c0c-33ac-4a22-b481-33b8b1eac469:c4628, e00ee311-0ce1-4115-b4c1-69648d9d3094:c4624, bb9367ec-656d-4ade-92be-004a921408cc:c4624]
2019-08-06 03:26:40,302 INFO  client.GrpcClientProtocolClient (GrpcClientProtocolClient.java:onNext(255)) - client-9DC82E534C87->980d9c0c-33ac-4a22-b481-33b8b1eac469: receive RaftClientReply:client-9DC82E534C87->980d9c0c-33ac-4a22-b481-33b8b1eac469@group-23022C6A558E, cid=3086, SUCCESS, logIndex=0, commits[980d9c0c-33ac-4a22-b481-33b8b1eac469:c4629, e00ee311-0ce1-4115-b4c1-69648d9d3094:c4626, bb9367ec-656d-4ade-92be-004a921408cc:c4626]
2019-08-06 03:26:40,321 INFO  client.GrpcClientProtocolClient (GrpcClientProtocolClient.java:onNext(255)) - client-9DC82E534C87->980d9c0c-33ac-4a22-b481-33b8b1eac469: receive RaftClientReply:client-9DC82E534C87->980d9c0c-33ac-4a22-b481-33b8b1eac469@group-23022C6A558E, cid=3087, SUCCESS, logIndex=4633, commits[980d9c0c-33ac-4a22-b481-33b8b1eac469:c4634, e00ee311-0ce1-4115-b4c1-69648d9d3094:c4632, bb9367ec-656d-4ade-92be-004a921408cc:c4632]
2019-08-06 03:26:40,321 INFO  client.GrpcClientProtocolClient (GrpcClientProtocolClient.java:onNext(255)) - client-9DC82E534C87->980d9c0c-33ac-4a22-b481-33b8b1eac469: receive RaftClientReply:client-9DC82E534C87->980d9c0c-33ac-4a22-b481-33b8b1eac469@group-23022C6A558E, cid=3088, SUCCESS, logIndex=4634, commits[980d9c0c-33ac-4a22-b481-33b8b1eac469:c4634, e00ee311-0ce1-4115-b4c1-69648d9d3094:c4632, bb9367ec-656d-4ade-92be-004a921408cc:c4632]
 0.00% |█                                                                                                    |  0/1 Time: 0:00:272019-08-06 03:26:40,336 INFO  client.GrpcClientProtocolClient (GrpcClientProtocolClient.java:onNext(255)) - client-9DC82E534C87->980d9c0c-33ac-4a22-b481-33b8b1eac469: receive RaftClientReply:client-9DC82E534C87->980d9c0c-33ac-4a22-b481-33b8b1eac469@group-23022C6A558E, cid=3089, SUCCESS, logIndex=4637, commits[980d9c0c-33ac-4a22-b481-33b8b1eac469:c4637, e00ee311-0ce1-4115-b4c1-69648d9d3094:c4634, bb9367ec-656d-4ade-92be-004a921408cc:c4634]
2019-08-06 03:26:40,336 INFO  client.GrpcClientProtocolClient (GrpcClientProtocolClient.java:onNext(255)) - client-9DC82E534C87->980d9c0c-33ac-4a22-b481-33b8b1eac469: receive RaftClientReply:client-9DC82E534C87->980d9c0c-33ac-4a22-b481-33b8b1eac469@group-23022C6A558E, cid=3090, SUCCESS, logIndex=4638, commits[980d9c0c-33ac-4a22-b481-33b8b1eac469:c4638, e00ee311-0ce1-4115-b4c1-69648d9d3094:c4634, bb9367ec-656d-4ade-92be-004a921408cc:c4634]
2019-08-06 03:26:40,349 INFO  client.GrpcClientProtocolClient (GrpcClientProtocolClient.java:onNext(255)) - client-9DC82E534C87->980d9c0c-33ac-4a22-b481-33b8b1eac469: receive RaftClientReply:client-9DC82E534C87->980d9c0c-33ac-4a22-b481-33b8b1eac469@group-23022C6A558E, cid=3091, SUCCESS, logIndex=0, commits[980d9c0c-33ac-4a22-b481-33b8b1eac469:c4639, e00ee311-0ce1-4115-b4c1-69648d9d3094:c4638, bb9367ec-656d-4ade-92be-004a921408cc:c4638]
2019-08-06 03:26:40,376 INFO  client.GrpcClientProtocolClient (GrpcClientProtocolClient.java:onNext(255)) - client-9DC82E534C87->980d9c0c-33ac-4a22-b481-33b8b1eac469: receive RaftClientReply:client-9DC82E534C87->980d9c0c-33ac-4a22-b481-33b8b1eac469@group-23022C6A558E, cid=3092, SUCCESS, logIndex=4641, commits[980d9c0c-33ac-4a22-b481-33b8b1eac469:c4642, e00ee311-0ce1-4115-b4c1-69648d9d3094:c4640, bb9367ec-656d-4ade-92be-004a921408cc:c4640]
2019-08-06 03:26:40,377 INFO  client.GrpcClientProtocolClient (GrpcClientProtocolClient.java:onNext(255)) - client-9DC82E534C87->980d9c0c-33ac-4a22-b481-33b8b1eac469: receive RaftClientReply:client-9DC82E534C87->980d9c0c-33ac-4a22-b481-33b8b1eac469@group-23022C6A558E, cid=3093, SUCCESS, logIndex=4642, commits[980d9c0c-33ac-4a22-b481-33b8b1eac469:c4644, e00ee311-0ce1-4115-b4c1-69648d9d3094:c4640, bb9367ec-656d-4ade-92be-004a921408cc:c4640]
2019-08-06 03:26:40,377 INFO  client.GrpcClientProtocolClient (GrpcClientProtocolClient.java:onNext(255)) - client-9DC82E534C87->980d9c0c-33ac-4a22-b481-33b8b1eac469: receive RaftClientReply:client-9DC82E534C87->980d9c0c-33ac-4a22-b481-33b8b1eac469@group-23022C6A558E, cid=3094, SUCCESS, logIndex=4643, commits[980d9c0c-33ac-4a22-b481-33b8b1eac469:c4644, e00ee311-0ce1-4115-b4c1-69648d9d3094:c4640, bb9367ec-656d-4ade-92be-004a921408cc:c4640]
2019-08-06 03:26:40,377 INFO  client.GrpcClientProtocolClient (GrpcClientProtocolClient.java:onNext(255)) - client-9DC82E534C87->980d9c0c-33ac-4a22-b481-33b8b1eac469: receive RaftClientReply:client-9DC82E534C87->980d9c0c-33ac-4a22-b481-33b8b1eac469@group-23022C6A558E, cid=3095, SUCCESS, logIndex=4644, commits[980d9c0c-33ac-4a22-b481-33b8b1eac469:c4646, e00ee311-0ce1-4115-b4c1-69648d9d3094:c4642, bb9367ec-656d-4ade-92be-004a921408cc:c4640]
2019-08-06 03:26:40,379 INFO  client.GrpcClientProtocolClient (GrpcClientProtocolClient.java:onNext(255)) - client-9DC82E534C87->980d9c0c-33ac-4a22-b481-33b8b1eac469: receive RaftClientReply:client-9DC82E534C87->980d9c0c-33ac-4a22-b481-33b8b1eac469@group-23022C6A558E, cid=3096, SUCCESS, logIndex=0, commits[980d9c0c-33ac-4a22-b481-33b8b1eac469:c4647, e00ee311-0ce1-4115-b4c1-69648d9d3094:c4644, bb9367ec-656d-4ade-92be-004a921408cc:c4642]
2019-08-06 03:26:40,400 INFO  client.GrpcClientProtocolClient (GrpcClientProtocolClient.java:onNext(255)) - client-9DC82E534C87->980d9c0c-33ac-4a22-b481-33b8b1eac469: receive RaftClientReply:client-9DC82E534C87->980d9c0c-33ac-4a22-b481-33b8b1eac469@group-23022C6A558E, cid=3097, SUCCESS, logIndex=4648, commits[980d9c0c-33ac-4a22-b481-33b8b1eac469:c4649, e00ee311-0ce1-4115-b4c1-69648d9d3094:c4647, bb9367ec-656d-4ade-92be-004a921408cc:c4647]
2019-08-06 03:26:40,400 INFO  client.GrpcClientProtocolClient (GrpcClientProtocolClient.java:onNext(255)) - client-9DC82E534C87->980d9c0c-33ac-4a22-b481-33b8b1eac469: receive RaftClientReply:client-9DC82E534C87->980d9c0c-33ac-4a22-b481-33b8b1eac469@group-23022C6A558E, cid=3098, SUCCESS, logIndex=4649, commits[980d9c0c-33ac-4a22-b481-33b8b1eac469:c4649, e00ee311-0ce1-4115-b4c1-69648d9d3094:c4647, bb9367ec-656d-4ade-92be-004a921408cc:c4647]
2019-08-06 03:26:40,411 INFO  client.GrpcClientProtocolClient (GrpcClientProtocolClient.java:onNext(255)) - client-9DC82E534C87->980d9c0c-33ac-4a22-b481-33b8b1eac469: receive RaftClientReply:client-9DC82E534C87->980d9c0c-33ac-4a22-b481-33b8b1eac469@group-23022C6A558E, cid=3099, SUCCESS, logIndex=4652, commits[980d9c0c-33ac-4a22-b481-33b8b1eac469:c4653, e00ee311-0ce1-4115-b4c1-69648d9d3094:c4649, bb9367ec-656d-4ade-92be-004a921408cc:c4649]
2019-08-06 03:26:40,412 INFO  client.GrpcClientProtocolClient (GrpcClientProtocolClient.java:onNext(255)) - client-9DC82E534C87->980d9c0c-33ac-4a22-b481-33b8b1eac469: receive RaftClientReply:client-9DC82E534C87->980d9c0c-33ac-4a22-b481-33b8b1eac469@group-23022C6A558E, cid=3100, SUCCESS, logIndex=4653, commits[980d9c0c-33ac-4a22-b481-33b8b1eac469:c4653, e00ee311-0ce1-4115-b4c1-69648d9d3094:c4649, bb9367ec-656d-4ade-92be-004a921408cc:c4649]
2019-08-06 03:26:40,423 INFO  client.GrpcClientProtocolClient (GrpcClientProtocolClient.java:onNext(255)) - client-9DC82E534C87->980d9c0c-33ac-4a22-b481-33b8b1eac469: receive RaftClientReply:client-9DC82E534C87->980d9c0c-33ac-4a22-b481-33b8b1eac469@group-23022C6A558E, cid=3101, SUCCESS, logIndex=0, commits[980d9c0c-33ac-4a22-b481-33b8b1eac469:c4654, e00ee311-0ce1-4115-b4c1-69648d9d3094:c4653, bb9367ec-656d-4ade-92be-004a921408cc:c4653]
2019-08-06 03:26:40,453 INFO  client.GrpcClientProtocolClient (GrpcClientProtocolClient.java:onNext(255)) - client-9DC82E534C87->980d9c0c-33ac-4a22-b481-33b8b1eac469: receive RaftClientReply:client-9DC82E534C87->980d9c0c-33ac-4a22-b481-33b8b1eac469@group-23022C6A558E, cid=3102, SUCCESS, logIndex=4655, commits[980d9c0c-33ac-4a22-b481-33b8b1eac469:c4656, e00ee311-0ce1-4115-b4c1-69648d9d3094:c4654, bb9367ec-656d-4ade-92be-004a921408cc:c4654]
2019-08-06 03:26:40,453 INFO  client.GrpcClientProtocolClient (GrpcClientProtocolClient.java:onNext(255)) - client-9DC82E534C87->980d9c0c-33ac-4a22-b481-33b8b1eac469: receive RaftClientReply:client-9DC82E534C87->980d9c0c-33ac-4a22-b481-33b8b1eac469@group-23022C6A558E, cid=3103, SUCCESS, logIndex=4656, commits[980d9c0c-33ac-4a22-b481-33b8b1eac469:c4658, e00ee311-0ce1-4115-b4c1-69648d9d3094:c4654, bb9367ec-656d-4ade-92be-004a921408cc:c4654]
2019-08-06 03:26:40,454 INFO  client.GrpcClientProtocolClient (GrpcClientProtocolClient.java:onNext(255)) - client-9DC82E534C87->980d9c0c-33ac-4a22-b481-33b8b1eac469: receive RaftClientReply:client-9DC82E534C87->980d9c0c-33ac-4a22-b481-33b8b1eac469@group-23022C6A558E, cid=3104, SUCCESS, logIndex=4657, commits[980d9c0c-33ac-4a22-b481-33b8b1eac469:c4658, e00ee311-0ce1-4115-b4c1-69648d9d3094:c4654, bb9367ec-656d-4ade-92be-004a921408cc:c4654]
2019-08-06 03:26:40,454 INFO  client.GrpcClientProtocolClient (GrpcClientProtocolClient.java:onNext(255)) - client-9DC82E534C87->980d9c0c-33ac-4a22-b481-33b8b1eac469: receive RaftClientReply:client-9DC82E534C87->980d9c0c-33ac-4a22-b481-33b8b1eac469@group-23022C6A558E, cid=3105, SUCCESS, logIndex=4658, commits[980d9c0c-33ac-4a22-b481-33b8b1eac469:c4658, e00ee311-0ce1-4115-b4c1-69648d9d3094:c4654, bb9367ec-656d-4ade-92be-004a921408cc:c4654]
2019-08-06 03:26:40,455 INFO  client.GrpcClientProtocolClient (GrpcClientProtocolClient.java:onNext(255)) - client-9DC82E534C87->980d9c0c-33ac-4a22-b481-33b8b1eac469: receive RaftClientReply:client-9DC82E534C87->980d9c0c-33ac-4a22-b481-33b8b1eac469@group-23022C6A558E, cid=3106, SUCCESS, logIndex=0, commits[980d9c0c-33ac-4a22-b481-33b8b1eac469:c4660, e00ee311-0ce1-4115-b4c1-69648d9d3094:c4656, bb9367ec-656d-4ade-92be-004a921408cc:c4656]
2019-08-06 03:26:40,474 INFO  client.GrpcClientProtocolClient (GrpcClientProtocolClient.java:onNext(255)) - client-9DC82E534C87->980d9c0c-33ac-4a22-b481-33b8b1eac469: receive RaftClientReply:client-9DC82E534C87->980d9c0c-33ac-4a22-b481-33b8b1eac469@group-23022C6A558E, cid=3107, SUCCESS, logIndex=4663, commits[980d9c0c-33ac-4a22-b481-33b8b1eac469:c4664, e00ee311-0ce1-4115-b4c1-69648d9d3094:c4662, bb9367ec-656d-4ade-92be-004a921408cc:c4662]
2019-08-06 03:26:40,474 INFO  client.GrpcClientProtocolClient (GrpcClientProtocolClient.java:onNext(255)) - client-9DC82E534C87->980d9c0c-33ac-4a22-b481-33b8b1eac469: receive RaftClientReply:client-9DC82E534C87->980d9c0c-33ac-4a22-b481-33b8b1eac469@group-23022C6A558E, cid=3108, SUCCESS, logIndex=4664, commits[980d9c0c-33ac-4a22-b481-33b8b1eac469:c4664, e00ee311-0ce1-4115-b4c1-69648d9d3094:c4662, bb9367ec-656d-4ade-92be-004a921408cc:c4662]
2019-08-06 03:26:40,487 INFO  client.GrpcClientProtocolClient (GrpcClientProtocolClient.java:onNext(255)) - client-9DC82E534C87->980d9c0c-33ac-4a22-b481-33b8b1eac469: receive RaftClientReply:client-9DC82E534C87->980d9c0c-33ac-4a22-b481-33b8b1eac469@group-23022C6A558E, cid=3109, SUCCESS, logIndex=4666, commits[980d9c0c-33ac-4a22-b481-33b8b1eac469:c4667, e00ee311-0ce1-4115-b4c1-69648d9d3094:c4664, bb9367ec-656d-4ade-92be-004a921408cc:c4664]
2019-08-06 03:26:40,487 INFO  client.GrpcClientProtocolClient (GrpcClientProtocolClient.java:onNext(255)) - client-9DC82E534C87->980d9c0c-33ac-4a22-b481-33b8b1eac469: receive RaftClientReply:client-9DC82E534C87->980d9c0c-33ac-4a22-b481-33b8b1eac469@group-23022C6A558E, cid=3110, SUCCESS, logIndex=4667, commits[980d9c0c-33ac-4a22-b481-33b8b1eac469:c4667, e00ee311-0ce1-4115-b4c1-69648d9d3094:c4664, bb9367ec-656d-4ade-92be-004a921408cc:c4664]
2019-08-06 03:26:40,499 INFO  client.GrpcClientProtocolClient (GrpcClientProtocolClient.java:onNext(255)) - client-9DC82E534C87->980d9c0c-33ac-4a22-b481-33b8b1eac469: receive RaftClientReply:client-9DC82E534C87->980d9c0c-33ac-4a22-b481-33b8b1eac469@group-23022C6A558E, cid=3111, SUCCESS, logIndex=0, commits[980d9c0c-33ac-4a22-b481-33b8b1eac469:c4669, e00ee311-0ce1-4115-b4c1-69648d9d3094:c4667, bb9367ec-656d-4ade-92be-004a921408cc:c4667]
2019-08-06 03:26:40,525 INFO  client.GrpcClientProtocolClient (GrpcClientProtocolClient.java:onNext(255)) - client-9DC82E534C87->980d9c0c-33ac-4a22-b481-33b8b1eac469: receive RaftClientReply:client-9DC82E534C87->980d9c0c-33ac-4a22-b481-33b8b1eac469@group-23022C6A558E, cid=3112, SUCCESS, logIndex=4670, commits[980d9c0c-33ac-4a22-b481-33b8b1eac469:c4670, e00ee311-0ce1-4115-b4c1-69648d9d3094:c4669, bb9367ec-656d-4ade-92be-004a921408cc:c4669]
2019-08-06 03:26:40,526 INFO  client.GrpcClientProtocolClient (GrpcClientProtocolClient.java:onNext(255)) - client-9DC82E534C87->980d9c0c-33ac-4a22-b481-33b8b1eac469: receive RaftClientReply:client-9DC82E534C87->980d9c0c-33ac-4a22-b481-33b8b1eac469@group-23022C6A558E, cid=3113, SUCCESS, logIndex=4671, commits[980d9c0c-33ac-4a22-b481-33b8b1eac469:c4672, e00ee311-0ce1-4115-b4c1-69648d9d3094:c4669, bb9367ec-656d-4ade-92be-004a921408cc:c4669]
2019-08-06 03:26:40,526 INFO  client.GrpcClientProtocolClient (GrpcClientProtocolClient.java:onNext(255)) - client-9DC82E534C87->980d9c0c-33ac-4a22-b481-33b8b1eac469: receive RaftClientReply:client-9DC82E534C87->980d9c0c-33ac-4a22-b481-33b8b1eac469@group-23022C6A558E, cid=3114, SUCCESS, logIndex=4672, commits[980d9c0c-33ac-4a22-b481-33b8b1eac469:c4673, e00ee311-0ce1-4115-b4c1-69648d9d3094:c4669, bb9367ec-656d-4ade-92be-004a921408cc:c4669]
2019-08-06 03:26:40,526 INFO  client.GrpcClientProtocolClient (GrpcClientProtocolClient.java:onNext(255)) - client-9DC82E534C87->980d9c0c-33ac-4a22-b481-33b8b1eac469: receive RaftClientReply:client-9DC82E534C87->980d9c0c-33ac-4a22-b481-33b8b1eac469@group-23022C6A558E, cid=3115, SUCCESS, logIndex=4673, commits[980d9c0c-33ac-4a22-b481-33b8b1eac469:c4673, e00ee311-0ce1-4115-b4c1-69648d9d3094:c4669, bb9367ec-656d-4ade-92be-004a921408cc:c4669]
2019-08-06 03:26:40,528 INFO  client.GrpcClientProtocolClient (GrpcClientProtocolClient.java:onNext(255)) - client-9DC82E534C87->980d9c0c-33ac-4a22-b481-33b8b1eac469: receive RaftClientReply:client-9DC82E534C87->980d9c0c-33ac-4a22-b481-33b8b1eac469@group-23022C6A558E, cid=3116, SUCCESS, logIndex=0, commits[980d9c0c-33ac-4a22-b481-33b8b1eac469:c4676, e00ee311-0ce1-4115-b4c1-69648d9d3094:c4672, bb9367ec-656d-4ade-92be-004a921408cc:c4671]
2019-08-06 03:26:40,546 INFO  client.GrpcClientProtocolClient (GrpcClientProtocolClient.java:onNext(255)) - client-9DC82E534C87->980d9c0c-33ac-4a22-b481-33b8b1eac469: receive RaftClientReply:client-9DC82E534C87->980d9c0c-33ac-4a22-b481-33b8b1eac469@group-23022C6A558E, cid=3117, SUCCESS, logIndex=4678, commits[980d9c0c-33ac-4a22-b481-33b8b1eac469:c4679, e00ee311-0ce1-4115-b4c1-69648d9d3094:c4677, bb9367ec-656d-4ade-92be-004a921408cc:c4673]
2019-08-06 03:26:40,546 INFO  client.GrpcClientProtocolClient (GrpcClientProtocolClient.java:onNext(255)) - client-9DC82E534C87->980d9c0c-33ac-4a22-b481-33b8b1eac469: receive RaftClientReply:client-9DC82E534C87->980d9c0c-33ac-4a22-b481-33b8b1eac469@group-23022C6A558E, cid=3118, SUCCESS, logIndex=4679, commits[980d9c0c-33ac-4a22-b481-33b8b1eac469:c4679, e00ee311-0ce1-4115-b4c1-69648d9d3094:c4677, bb9367ec-656d-4ade-92be-004a921408cc:c4677]
2019-08-06 03:26:40,559 INFO  client.GrpcClientProtocolClient (GrpcClientProtocolClient.java:onNext(255)) - client-9DC82E534C87->980d9c0c-33ac-4a22-b481-33b8b1eac469: receive RaftClientReply:client-9DC82E534C87->980d9c0c-33ac-4a22-b481-33b8b1eac469@group-23022C6A558E, cid=3119, SUCCESS, logIndex=4682, commits[980d9c0c-33ac-4a22-b481-33b8b1eac469:c4683, e00ee311-0ce1-4115-b4c1-69648d9d3094:c4679, bb9367ec-656d-4ade-92be-004a921408cc:c4679]
2019-08-06 03:26:40,559 INFO  client.GrpcClientProtocolClient (GrpcClientProtocolClient.java:onNext(255)) - client-9DC82E534C87->980d9c0c-33ac-4a22-b481-33b8b1eac469: receive RaftClientReply:client-9DC82E534C87->980d9c0c-33ac-4a22-b481-33b8b1eac469@group-23022C6A558E, cid=3120, SUCCESS, logIndex=4683, commits[980d9c0c-33ac-4a22-b481-33b8b1eac469:c4683, e00ee311-0ce1-4115-b4c1-69648d9d3094:c4679, bb9367ec-656d-4ade-92be-004a921408cc:c4679]
2019-08-06 03:26:40,572 INFO  client.GrpcClientProtocolClient (GrpcClientProtocolClient.java:onNext(255)) - client-9DC82E534C87->980d9c0c-33ac-4a22-b481-33b8b1eac469: receive RaftClientReply:client-9DC82E534C87->980d9c0c-33ac-4a22-b481-33b8b1eac469@group-23022C6A558E, cid=3121, SUCCESS, logIndex=0, commits[980d9c0c-33ac-4a22-b481-33b8b1eac469:c4685, e00ee311-0ce1-4115-b4c1-69648d9d3094:c4683, bb9367ec-656d-4ade-92be-004a921408cc:c4683]
2019-08-06 03:26:40,600 INFO  client.GrpcClientProtocolClient (GrpcClientProtocolClient.java:onNext(255)) - client-9DC82E534C87->980d9c0c-33ac-4a22-b481-33b8b1eac469: receive RaftClientReply:client-9DC82E534C87->980d9c0c-33ac-4a22-b481-33b8b1eac469@group-23022C6A558E, cid=3122, SUCCESS, logIndex=4686, commits[980d9c0c-33ac-4a22-b481-33b8b1eac469:c4688, e00ee311-0ce1-4115-b4c1-69648d9d3094:c4685, bb9367ec-656d-4ade-92be-004a921408cc:c4685]
2019-08-06 03:26:40,600 INFO  client.GrpcClientProtocolClient (GrpcClientProtocolClient.java:onNext(255)) - client-9DC82E534C87->980d9c0c-33ac-4a22-b481-33b8b1eac469: receive RaftClientReply:client-9DC82E534C87->980d9c0c-33ac-4a22-b481-33b8b1eac469@group-23022C6A558E, cid=3123, SUCCESS, logIndex=4687, commits[980d9c0c-33ac-4a22-b481-33b8b1eac469:c4689, e00ee311-0ce1-4115-b4c1-69648d9d3094:c4685, bb9367ec-656d-4ade-92be-004a921408cc:c4685]
2019-08-06 03:26:40,601 INFO  client.GrpcClientProtocolClient (GrpcClientProtocolClient.java:onNext(255)) - client-9DC82E534C87->980d9c0c-33ac-4a22-b481-33b8b1eac469: receive RaftClientReply:client-9DC82E534C87->980d9c0c-33ac-4a22-b481-33b8b1eac469@group-23022C6A558E, cid=3124, SUCCESS, logIndex=4688, commits[980d9c0c-33ac-4a22-b481-33b8b1eac469:c4689, e00ee311-0ce1-4115-b4c1-69648d9d3094:c4685, bb9367ec-656d-4ade-92be-004a921408cc:c4685]
2019-08-06 03:26:40,601 INFO  client.GrpcClientProtocolClient (GrpcClientProtocolClient.java:onNext(255)) - client-9DC82E534C87->980d9c0c-33ac-4a22-b481-33b8b1eac469: receive RaftClientReply:client-9DC82E534C87->980d9c0c-33ac-4a22-b481-33b8b1eac469@group-23022C6A558E, cid=3125, SUCCESS, logIndex=4689, commits[980d9c0c-33ac-4a22-b481-33b8b1eac469:c4691, e00ee311-0ce1-4115-b4c1-69648d9d3094:c4687, bb9367ec-656d-4ade-92be-004a921408cc:c4685]
2019-08-06 03:26:40,602 INFO  client.GrpcClientProtocolClient (GrpcClientProtocolClient.java:onNext(255)) - client-9DC82E534C87->980d9c0c-33ac-4a22-b481-33b8b1eac469: receive RaftClientReply:client-9DC82E534C87->980d9c0c-33ac-4a22-b481-33b8b1eac469@group-23022C6A558E, cid=3126, SUCCESS, logIndex=0, commits[980d9c0c-33ac-4a22-b481-33b8b1eac469:c4693, e00ee311-0ce1-4115-b4c1-69648d9d3094:c4689, bb9367ec-656d-4ade-92be-004a921408cc:c4688]
2019-08-06 03:26:40,622 INFO  client.GrpcClientProtocolClient (GrpcClientProtocolClient.java:onNext(255)) - client-9DC82E534C87->980d9c0c-33ac-4a22-b481-33b8b1eac469: receive RaftClientReply:client-9DC82E534C87->980d9c0c-33ac-4a22-b481-33b8b1eac469@group-23022C6A558E, cid=3127, SUCCESS, logIndex=4694, commits[980d9c0c-33ac-4a22-b481-33b8b1eac469:c4695, e00ee311-0ce1-4115-b4c1-69648d9d3094:c4693, bb9367ec-656d-4ade-92be-004a921408cc:c4693]
2019-08-06 03:26:40,622 INFO  client.GrpcClientProtocolClient (GrpcClientProtocolClient.java:onNext(255)) - client-9DC82E534C87->980d9c0c-33ac-4a22-b481-33b8b1eac469: receive RaftClientReply:client-9DC82E534C87->980d9c0c-33ac-4a22-b481-33b8b1eac469@group-23022C6A558E, cid=3128, SUCCESS, logIndex=4695, commits[980d9c0c-33ac-4a22-b481-33b8b1eac469:c4695, e00ee311-0ce1-4115-b4c1-69648d9d3094:c4693, bb9367ec-656d-4ade-92be-004a921408cc:c4693]
2019-08-06 03:26:40,694 INFO  client.GrpcClientProtocolClient (GrpcClientProtocolClient.java:onNext(255)) - client-9DC82E534C87->980d9c0c-33ac-4a22-b481-33b8b1eac469: receive RaftClientReply:client-9DC82E534C87->980d9c0c-33ac-4a22-b481-33b8b1eac469@group-23022C6A558E, cid=3129, SUCCESS, logIndex=4698, commits[980d9c0c-33ac-4a22-b481-33b8b1eac469:c4699, e00ee311-0ce1-4115-b4c1-69648d9d3094:c4695, bb9367ec-656d-4ade-92be-004a921408cc:c4695]
2019-08-06 03:26:40,695 INFO  client.GrpcClientProtocolClient (GrpcClientProtocolClient.java:onNext(255)) - client-9DC82E534C87->980d9c0c-33ac-4a22-b481-33b8b1eac469: receive RaftClientReply:client-9DC82E534C87->980d9c0c-33ac-4a22-b481-33b8b1eac469@group-23022C6A558E, cid=3130, SUCCESS, logIndex=4699, commits[980d9c0c-33ac-4a22-b481-33b8b1eac469:c4699, e00ee311-0ce1-4115-b4c1-69648d9d3094:c4695, bb9367ec-656d-4ade-92be-004a921408cc:c4695]
2019-08-06 03:26:40,726 INFO  client.GrpcClientProtocolClient (GrpcClientProtocolClient.java:onNext(255)) - client-9DC82E534C87->980d9c0c-33ac-4a22-b481-33b8b1eac469: receive RaftClientReply:client-9DC82E534C87->980d9c0c-33ac-4a22-b481-33b8b1eac469@group-23022C6A558E, cid=3131, SUCCESS, logIndex=0, commits[980d9c0c-33ac-4a22-b481-33b8b1eac469:c4701, e00ee311-0ce1-4115-b4c1-69648d9d3094:c4699, bb9367ec-656d-4ade-92be-004a921408cc:c4699]
2019-08-06 03:26:40,782 INFO  client.GrpcClientProtocolClient (GrpcClientProtocolClient.java:onNext(255)) - client-9DC82E534C87->980d9c0c-33ac-4a22-b481-33b8b1eac469: receive RaftClientReply:client-9DC82E534C87->980d9c0c-33ac-4a22-b481-33b8b1eac469@group-23022C6A558E, cid=3132, SUCCESS, logIndex=4702, commits[980d9c0c-33ac-4a22-b481-33b8b1eac469:c4704, e00ee311-0ce1-4115-b4c1-69648d9d3094:c4701, bb9367ec-656d-4ade-92be-004a921408cc:c4701]
2019-08-06 03:26:40,783 INFO  client.GrpcClientProtocolClient (GrpcClientProtocolClient.java:onNext(255)) - client-9DC82E534C87->980d9c0c-33ac-4a22-b481-33b8b1eac469: receive RaftClientReply:client-9DC82E534C87->980d9c0c-33ac-4a22-b481-33b8b1eac469@group-23022C6A558E, cid=3133, SUCCESS, logIndex=4703, commits[980d9c0c-33ac-4a22-b481-33b8b1eac469:c4705, e00ee311-0ce1-4115-b4c1-69648d9d3094:c4701, bb9367ec-656d-4ade-92be-004a921408cc:c4701]
2019-08-06 03:26:40,783 INFO  client.GrpcClientProtocolClient (GrpcClientProtocolClient.java:onNext(255)) - client-9DC82E534C87->980d9c0c-33ac-4a22-b481-33b8b1eac469: receive RaftClientReply:client-9DC82E534C87->980d9c0c-33ac-4a22-b481-33b8b1eac469@group-23022C6A558E, cid=3134, SUCCESS, logIndex=4704, commits[980d9c0c-33ac-4a22-b481-33b8b1eac469:c4705, e00ee311-0ce1-4115-b4c1-69648d9d3094:c4701, bb9367ec-656d-4ade-92be-004a921408cc:c4701]
2019-08-06 03:26:40,783 INFO  client.GrpcClientProtocolClient (GrpcClientProtocolClient.java:onNext(255)) - client-9DC82E534C87->980d9c0c-33ac-4a22-b481-33b8b1eac469: receive RaftClientReply:client-9DC82E534C87->980d9c0c-33ac-4a22-b481-33b8b1eac469@group-23022C6A558E, cid=3135, SUCCESS, logIndex=4705, commits[980d9c0c-33ac-4a22-b481-33b8b1eac469:c4705, e00ee311-0ce1-4115-b4c1-69648d9d3094:c4701, bb9367ec-656d-4ade-92be-004a921408cc:c4701]
2019-08-06 03:26:40,794 INFO  client.GrpcClientProtocolClient (GrpcClientProtocolClient.java:onNext(255)) - client-9DC82E534C87->980d9c0c-33ac-4a22-b481-33b8b1eac469: receive RaftClientReply:client-9DC82E534C87->980d9c0c-33ac-4a22-b481-33b8b1eac469@group-23022C6A558E, cid=3136, SUCCESS, logIndex=0, commits[980d9c0c-33ac-4a22-b481-33b8b1eac469:c4707, e00ee311-0ce1-4115-b4c1-69648d9d3094:c4703, bb9367ec-656d-4ade-92be-004a921408cc:c4703]
2019-08-06 03:26:40,808 INFO  client.GrpcClientProtocolClient (GrpcClientProtocolClient.java:onNext(255)) - client-9DC82E534C87->980d9c0c-33ac-4a22-b481-33b8b1eac469: receive RaftClientReply:client-9DC82E534C87->980d9c0c-33ac-4a22-b481-33b8b1eac469@group-23022C6A558E, cid=3137, SUCCESS, logIndex=4710, commits[980d9c0c-33ac-4a22-b481-33b8b1eac469:c4711, e00ee311-0ce1-4115-b4c1-69648d9d3094:c4709, bb9367ec-656d-4ade-92be-004a921408cc:c4709]
2019-08-06 03:26:40,809 INFO  client.GrpcClientProtocolClient (GrpcClientProtocolClient.java:onNext(255)) - client-9DC82E534C87->980d9c0c-33ac-4a22-b481-33b8b1eac469: receive RaftClientReply:client-9DC82E534C87->980d9c0c-33ac-4a22-b481-33b8b1eac469@group-23022C6A558E, cid=3138, SUCCESS, logIndex=4711, commits[980d9c0c-33ac-4a22-b481-33b8b1eac469:c4711, e00ee311-0ce1-4115-b4c1-69648d9d3094:c4709, bb9367ec-656d-4ade-92be-004a921408cc:c4709]
2019-08-06 03:26:40,822 INFO  client.GrpcClientProtocolClient (GrpcClientProtocolClient.java:onNext(255)) - client-9DC82E534C87->980d9c0c-33ac-4a22-b481-33b8b1eac469: receive RaftClientReply:client-9DC82E534C87->980d9c0c-33ac-4a22-b481-33b8b1eac469@group-23022C6A558E, cid=3139, SUCCESS, logIndex=4714, commits[980d9c0c-33ac-4a22-b481-33b8b1eac469:c4715, e00ee311-0ce1-4115-b4c1-69648d9d3094:c4710, bb9367ec-656d-4ade-92be-004a921408cc:c4711]
2019-08-06 03:26:40,822 INFO  client.GrpcClientProtocolClient (GrpcClientProtocolClient.java:onNext(255)) - client-9DC82E534C87->980d9c0c-33ac-4a22-b481-33b8b1eac469: receive RaftClientReply:client-9DC82E534C87->980d9c0c-33ac-4a22-b481-33b8b1eac469@group-23022C6A558E, cid=3140, SUCCESS, logIndex=4715, commits[980d9c0c-33ac-4a22-b481-33b8b1eac469:c4715, e00ee311-0ce1-4115-b4c1-69648d9d3094:c4711, bb9367ec-656d-4ade-92be-004a921408cc:c4711]
2019-08-06 03:26:40,846 INFO  client.GrpcClientProtocolClient (GrpcClientProtocolClient.java:onNext(255)) - client-9DC82E534C87->980d9c0c-33ac-4a22-b481-33b8b1eac469: receive RaftClientReply:client-9DC82E534C87->980d9c0c-33ac-4a22-b481-33b8b1eac469@group-23022C6A558E, cid=3141, SUCCESS, logIndex=0, commits[980d9c0c-33ac-4a22-b481-33b8b1eac469:c4717, e00ee311-0ce1-4115-b4c1-69648d9d3094:c4715, bb9367ec-656d-4ade-92be-004a921408cc:c4715]
2019-08-06 03:26:40,879 INFO  client.GrpcClientProtocolClient (GrpcClientProtocolClient.java:onNext(255)) - client-9DC82E534C87->980d9c0c-33ac-4a22-b481-33b8b1eac469: receive RaftClientReply:client-9DC82E534C87->980d9c0c-33ac-4a22-b481-33b8b1eac469@group-23022C6A558E, cid=3142, SUCCESS, logIndex=4718, commits[980d9c0c-33ac-4a22-b481-33b8b1eac469:c4719, e00ee311-0ce1-4115-b4c1-69648d9d3094:c4717, bb9367ec-656d-4ade-92be-004a921408cc:c4717]
2019-08-06 03:26:40,880 INFO  client.GrpcClientProtocolClient (GrpcClientProtocolClient.java:onNext(255)) - client-9DC82E534C87->980d9c0c-33ac-4a22-b481-33b8b1eac469: receive RaftClientReply:client-9DC82E534C87->980d9c0c-33ac-4a22-b481-33b8b1eac469@group-23022C6A558E, cid=3143, SUCCESS, logIndex=4719, commits[980d9c0c-33ac-4a22-b481-33b8b1eac469:c4721, e00ee311-0ce1-4115-b4c1-69648d9d3094:c4717, bb9367ec-656d-4ade-92be-004a921408cc:c4717]
2019-08-06 03:26:40,880 INFO  client.GrpcClientProtocolClient (GrpcClientProtocolClient.java:onNext(255)) - client-9DC82E534C87->980d9c0c-33ac-4a22-b481-33b8b1eac469: receive RaftClientReply:client-9DC82E534C87->980d9c0c-33ac-4a22-b481-33b8b1eac469@group-23022C6A558E, cid=3144, SUCCESS, logIndex=4720, commits[980d9c0c-33ac-4a22-b481-33b8b1eac469:c4721, e00ee311-0ce1-4115-b4c1-69648d9d3094:c4717, bb9367ec-656d-4ade-92be-004a921408cc:c4717]
2019-08-06 03:26:40,881 INFO  client.GrpcClientProtocolClient (GrpcClientProtocolClient.java:onNext(255)) - client-9DC82E534C87->980d9c0c-33ac-4a22-b481-33b8b1eac469: receive RaftClientReply:client-9DC82E534C87->980d9c0c-33ac-4a22-b481-33b8b1eac469@group-23022C6A558E, cid=3145, SUCCESS, logIndex=4721, commits[980d9c0c-33ac-4a22-b481-33b8b1eac469:c4721, e00ee311-0ce1-4115-b4c1-69648d9d3094:c4717, bb9367ec-656d-4ade-92be-004a921408cc:c4717]
2019-08-06 03:26:40,894 INFO  client.GrpcClientProtocolClient (GrpcClientProtocolClient.java:onNext(255)) - client-9DC82E534C87->980d9c0c-33ac-4a22-b481-33b8b1eac469: receive RaftClientReply:client-9DC82E534C87->980d9c0c-33ac-4a22-b481-33b8b1eac469@group-23022C6A558E, cid=3146, SUCCESS, logIndex=0, commits[980d9c0c-33ac-4a22-b481-33b8b1eac469:c4724, e00ee311-0ce1-4115-b4c1-69648d9d3094:c4721, bb9367ec-656d-4ade-92be-004a921408cc:c4719]
2019-08-06 03:26:41,009 INFO  client.GrpcClientProtocolClient (GrpcClientProtocolClient.java:onNext(255)) - client-9DC82E534C87->980d9c0c-33ac-4a22-b481-33b8b1eac469: receive RaftClientReply:client-9DC82E534C87->980d9c0c-33ac-4a22-b481-33b8b1eac469@group-23022C6A558E, cid=3147, SUCCESS, logIndex=4725, commits[980d9c0c-33ac-4a22-b481-33b8b1eac469:c4726, e00ee311-0ce1-4115-b4c1-69648d9d3094:c4724, bb9367ec-656d-4ade-92be-004a921408cc:c4724]
2019-08-06 03:26:41,009 INFO  client.GrpcClientProtocolClient (GrpcClientProtocolClient.java:onNext(255)) - client-9DC82E534C87->980d9c0c-33ac-4a22-b481-33b8b1eac469: receive RaftClientReply:client-9DC82E534C87->980d9c0c-33ac-4a22-b481-33b8b1eac469@group-23022C6A558E, cid=3148, SUCCESS, logIndex=4726, commits[980d9c0c-33ac-4a22-b481-33b8b1eac469:c4726, e00ee311-0ce1-4115-b4c1-69648d9d3094:c4724, bb9367ec-656d-4ade-92be-004a921408cc:c4724]
2019-08-06 03:26:41,024 INFO  client.GrpcClientProtocolClient (GrpcClientProtocolClient.java:onNext(255)) - client-9DC82E534C87->980d9c0c-33ac-4a22-b481-33b8b1eac469: receive RaftClientReply:client-9DC82E534C87->980d9c0c-33ac-4a22-b481-33b8b1eac469@group-23022C6A558E, cid=3149, SUCCESS, logIndex=4729, commits[980d9c0c-33ac-4a22-b481-33b8b1eac469:c4729, e00ee311-0ce1-4115-b4c1-69648d9d3094:c4726, bb9367ec-656d-4ade-92be-004a921408cc:c4726]
2019-08-06 03:26:41,025 INFO  client.GrpcClientProtocolClient (GrpcClientProtocolClient.java:onNext(255)) - client-9DC82E534C87->980d9c0c-33ac-4a22-b481-33b8b1eac469: receive RaftClientReply:client-9DC82E534C87->980d9c0c-33ac-4a22-b481-33b8b1eac469@group-23022C6A558E, cid=3150, SUCCESS, logIndex=4730, commits[980d9c0c-33ac-4a22-b481-33b8b1eac469:c4730, e00ee311-0ce1-4115-b4c1-69648d9d3094:c4726, bb9367ec-656d-4ade-92be-004a921408cc:c4726]
2019-08-06 03:26:41,039 INFO  client.GrpcClientProtocolClient (GrpcClientProtocolClient.java:onNext(255)) - client-9DC82E534C87->980d9c0c-33ac-4a22-b481-33b8b1eac469: receive RaftClientReply:client-9DC82E534C87->980d9c0c-33ac-4a22-b481-33b8b1eac469@group-23022C6A558E, cid=3151, SUCCESS, logIndex=0, commits[980d9c0c-33ac-4a22-b481-33b8b1eac469:c4732, e00ee311-0ce1-4115-b4c1-69648d9d3094:c4730, bb9367ec-656d-4ade-92be-004a921408cc:c4730]
2019-08-06 03:26:41,070 INFO  client.GrpcClientProtocolClient (GrpcClientProtocolClient.java:onNext(255)) - client-9DC82E534C87->980d9c0c-33ac-4a22-b481-33b8b1eac469: receive RaftClientReply:client-9DC82E534C87->980d9c0c-33ac-4a22-b481-33b8b1eac469@group-23022C6A558E, cid=3152, SUCCESS, logIndex=4733, commits[980d9c0c-33ac-4a22-b481-33b8b1eac469:c4734, e00ee311-0ce1-4115-b4c1-69648d9d3094:c4732, bb9367ec-656d-4ade-92be-004a921408cc:c4732]
2019-08-06 03:26:41,071 INFO  client.GrpcClientProtocolClient (GrpcClientProtocolClient.java:onNext(255)) - client-9DC82E534C87->980d9c0c-33ac-4a22-b481-33b8b1eac469: receive RaftClientReply:client-9DC82E534C87->980d9c0c-33ac-4a22-b481-33b8b1eac469@group-23022C6A558E, cid=3153, SUCCESS, logIndex=4734, commits[980d9c0c-33ac-4a22-b481-33b8b1eac469:c4734, e00ee311-0ce1-4115-b4c1-69648d9d3094:c4732, bb9367ec-656d-4ade-92be-004a921408cc:c4732]
2019-08-06 03:26:41,080 INFO  client.GrpcClientProtocolClient (GrpcClientProtocolClient.java:onNext(255)) - client-9DC82E534C87->980d9c0c-33ac-4a22-b481-33b8b1eac469: receive RaftClientReply:client-9DC82E534C87->980d9c0c-33ac-4a22-b481-33b8b1eac469@group-23022C6A558E, cid=3154, SUCCESS, logIndex=4735, commits[980d9c0c-33ac-4a22-b481-33b8b1eac469:c4736, e00ee311-0ce1-4115-b4c1-69648d9d3094:c4732, bb9367ec-656d-4ade-92be-004a921408cc:c4732]
2019-08-06 03:26:41,081 INFO  client.GrpcClientProtocolClient (GrpcClientProtocolClient.java:onNext(255)) - client-9DC82E534C87->980d9c0c-33ac-4a22-b481-33b8b1eac469: receive RaftClientReply:client-9DC82E534C87->980d9c0c-33ac-4a22-b481-33b8b1eac469@group-23022C6A558E, cid=3155, SUCCESS, logIndex=4736, commits[980d9c0c-33ac-4a22-b481-33b8b1eac469:c4736, e00ee311-0ce1-4115-b4c1-69648d9d3094:c4732, bb9367ec-656d-4ade-92be-004a921408cc:c4732]
2019-08-06 03:26:41,096 INFO  client.GrpcClientProtocolClient (GrpcClientProtocolClient.java:onNext(255)) - client-9DC82E534C87->980d9c0c-33ac-4a22-b481-33b8b1eac469: receive RaftClientReply:client-9DC82E534C87->980d9c0c-33ac-4a22-b481-33b8b1eac469@group-23022C6A558E, cid=3156, SUCCESS, logIndex=0, commits[980d9c0c-33ac-4a22-b481-33b8b1eac469:c4738, e00ee311-0ce1-4115-b4c1-69648d9d3094:c4736, bb9367ec-656d-4ade-92be-004a921408cc:c4734]
2019-08-06 03:26:41,109 INFO  client.GrpcClientProtocolClient (GrpcClientProtocolClient.java:onNext(255)) - client-9DC82E534C87->980d9c0c-33ac-4a22-b481-33b8b1eac469: receive RaftClientReply:client-9DC82E534C87->980d9c0c-33ac-4a22-b481-33b8b1eac469@group-23022C6A558E, cid=3157, SUCCESS, logIndex=4740, commits[980d9c0c-33ac-4a22-b481-33b8b1eac469:c4741, e00ee311-0ce1-4115-b4c1-69648d9d3094:c4736, bb9367ec-656d-4ade-92be-004a921408cc:c4738]
2019-08-06 03:26:41,109 INFO  client.GrpcClientProtocolClient (GrpcClientProtocolClient.java:onNext(255)) - client-9DC82E534C87->980d9c0c-33ac-4a22-b481-33b8b1eac469: receive RaftClientReply:client-9DC82E534C87->980d9c0c-33ac-4a22-b481-33b8b1eac469@group-23022C6A558E, cid=3158, SUCCESS, logIndex=4741, commits[980d9c0c-33ac-4a22-b481-33b8b1eac469:c4741, e00ee311-0ce1-4115-b4c1-69648d9d3094:c4736, bb9367ec-656d-4ade-92be-004a921408cc:c4738]
2019-08-06 03:26:41,134 INFO  client.GrpcClientProtocolClient (GrpcClientProtocolClient.java:onNext(255)) - client-9DC82E534C87->980d9c0c-33ac-4a22-b481-33b8b1eac469: receive RaftClientReply:client-9DC82E534C87->980d9c0c-33ac-4a22-b481-33b8b1eac469@group-23022C6A558E, cid=3159, SUCCESS, logIndex=4744, commits[980d9c0c-33ac-4a22-b481-33b8b1eac469:c4745, e00ee311-0ce1-4115-b4c1-69648d9d3094:c4741, bb9367ec-656d-4ade-92be-004a921408cc:c4741]
2019-08-06 03:26:41,134 INFO  client.GrpcClientProtocolClient (GrpcClientProtocolClient.java:onNext(255)) - client-9DC82E534C87->980d9c0c-33ac-4a22-b481-33b8b1eac469: receive RaftClientReply:client-9DC82E534C87->980d9c0c-33ac-4a22-b481-33b8b1eac469@group-23022C6A558E, cid=3160, SUCCESS, logIndex=4745, commits[980d9c0c-33ac-4a22-b481-33b8b1eac469:c4745, e00ee311-0ce1-4115-b4c1-69648d9d3094:c4741, bb9367ec-656d-4ade-92be-004a921408cc:c4741]
2019-08-06 03:26:41,147 INFO  client.GrpcClientProtocolClient (GrpcClientProtocolClient.java:onNext(255)) - client-9DC82E534C87->980d9c0c-33ac-4a22-b481-33b8b1eac469: receive RaftClientReply:client-9DC82E534C87->980d9c0c-33ac-4a22-b481-33b8b1eac469@group-23022C6A558E, cid=3161, SUCCESS, logIndex=0, commits[980d9c0c-33ac-4a22-b481-33b8b1eac469:c4746, e00ee311-0ce1-4115-b4c1-69648d9d3094:c4745, bb9367ec-656d-4ade-92be-004a921408cc:c4745]
2019-08-06 03:26:41,189 INFO  client.GrpcClientProtocolClient (GrpcClientProtocolClient.java:onNext(255)) - client-9DC82E534C87->980d9c0c-33ac-4a22-b481-33b8b1eac469: receive RaftClientReply:client-9DC82E534C87->980d9c0c-33ac-4a22-b481-33b8b1eac469@group-23022C6A558E, cid=3162, SUCCESS, logIndex=4747, commits[980d9c0c-33ac-4a22-b481-33b8b1eac469:c4748, e00ee311-0ce1-4115-b4c1-69648d9d3094:c4746, bb9367ec-656d-4ade-92be-004a921408cc:c4746]
2019-08-06 03:26:41,190 INFO  client.GrpcClientProtocolClient (GrpcClientProtocolClient.java:onNext(255)) - client-9DC82E534C87->980d9c0c-33ac-4a22-b481-33b8b1eac469: receive RaftClientReply:client-9DC82E534C87->980d9c0c-33ac-4a22-b481-33b8b1eac469@group-23022C6A558E, cid=3163, SUCCESS, logIndex=4748, commits[980d9c0c-33ac-4a22-b481-33b8b1eac469:c4749, e00ee311-0ce1-4115-b4c1-69648d9d3094:c4746, bb9367ec-656d-4ade-92be-004a921408cc:c4746]
2019-08-06 03:26:41,190 INFO  client.GrpcClientProtocolClient (GrpcClientProtocolClient.java:onNext(255)) - client-9DC82E534C87->980d9c0c-33ac-4a22-b481-33b8b1eac469: receive RaftClientReply:client-9DC82E534C87->980d9c0c-33ac-4a22-b481-33b8b1eac469@group-23022C6A558E, cid=3164, SUCCESS, logIndex=4749, commits[980d9c0c-33ac-4a22-b481-33b8b1eac469:c4750, e00ee311-0ce1-4115-b4c1-69648d9d3094:c4746, bb9367ec-656d-4ade-92be-004a921408cc:c4746]
2019-08-06 03:26:41,190 INFO  client.GrpcClientProtocolClient (GrpcClientProtocolClient.java:onNext(255)) - client-9DC82E534C87->980d9c0c-33ac-4a22-b481-33b8b1eac469: receive RaftClientReply:client-9DC82E534C87->980d9c0c-33ac-4a22-b481-33b8b1eac469@group-23022C6A558E, cid=3165, SUCCESS, logIndex=4750, commits[980d9c0c-33ac-4a22-b481-33b8b1eac469:c4750, e00ee311-0ce1-4115-b4c1-69648d9d3094:c4746, bb9367ec-656d-4ade-92be-004a921408cc:c4746]
2019-08-06 03:26:41,205 INFO  client.GrpcClientProtocolClient (GrpcClientProtocolClient.java:onNext(255)) - client-9DC82E534C87->980d9c0c-33ac-4a22-b481-33b8b1eac469: receive RaftClientReply:client-9DC82E534C87->980d9c0c-33ac-4a22-b481-33b8b1eac469@group-23022C6A558E, cid=3166, SUCCESS, logIndex=0, commits[980d9c0c-33ac-4a22-b481-33b8b1eac469:c4752, e00ee311-0ce1-4115-b4c1-69648d9d3094:c4748, bb9367ec-656d-4ade-92be-004a921408cc:c4748]
2019-08-06 03:26:41,235 INFO  client.GrpcClientProtocolClient (GrpcClientProtocolClient.java:onNext(255)) - client-9DC82E534C87->980d9c0c-33ac-4a22-b481-33b8b1eac469: receive RaftClientReply:client-9DC82E534C87->980d9c0c-33ac-4a22-b481-33b8b1eac469@group-23022C6A558E, cid=3167, SUCCESS, logIndex=4755, commits[980d9c0c-33ac-4a22-b481-33b8b1eac469:c4756, e00ee311-0ce1-4115-b4c1-69648d9d3094:c4750, bb9367ec-656d-4ade-92be-004a921408cc:c4754]
2019-08-06 03:26:41,235 INFO  client.GrpcClientProtocolClient (GrpcClientProtocolClient.java:onNext(255)) - client-9DC82E534C87->980d9c0c-33ac-4a22-b481-33b8b1eac469: receive RaftClientReply:client-9DC82E534C87->980d9c0c-33ac-4a22-b481-33b8b1eac469@group-23022C6A558E, cid=3168, SUCCESS, logIndex=4756, commits[980d9c0c-33ac-4a22-b481-33b8b1eac469:c4756, e00ee311-0ce1-4115-b4c1-69648d9d3094:c4754, bb9367ec-656d-4ade-92be-004a921408cc:c4754]
2019-08-06 03:26:41,250 INFO  client.GrpcClientProtocolClient (GrpcClientProtocolClient.java:onNext(255)) - client-9DC82E534C87->980d9c0c-33ac-4a22-b481-33b8b1eac469: receive RaftClientReply:client-9DC82E534C87->980d9c0c-33ac-4a22-b481-33b8b1eac469@group-23022C6A558E, cid=3169, SUCCESS, logIndex=4758, commits[980d9c0c-33ac-4a22-b481-33b8b1eac469:c4759, e00ee311-0ce1-4115-b4c1-69648d9d3094:c4756, bb9367ec-656d-4ade-92be-004a921408cc:c4756]
2019-08-06 03:26:41,250 INFO  client.GrpcClientProtocolClient (GrpcClientProtocolClient.java:onNext(255)) - client-9DC82E534C87->980d9c0c-33ac-4a22-b481-33b8b1eac469: receive RaftClientReply:client-9DC82E534C87->980d9c0c-33ac-4a22-b481-33b8b1eac469@group-23022C6A558E, cid=3170, SUCCESS, logIndex=4759, commits[980d9c0c-33ac-4a22-b481-33b8b1eac469:c4759, e00ee311-0ce1-4115-b4c1-69648d9d3094:c4756, bb9367ec-656d-4ade-92be-004a921408cc:c4756]
2019-08-06 03:26:41,264 INFO  client.GrpcClientProtocolClient (GrpcClientProtocolClient.java:onNext(255)) - client-9DC82E534C87->980d9c0c-33ac-4a22-b481-33b8b1eac469: receive RaftClientReply:client-9DC82E534C87->980d9c0c-33ac-4a22-b481-33b8b1eac469@group-23022C6A558E, cid=3171, SUCCESS, logIndex=0, commits[980d9c0c-33ac-4a22-b481-33b8b1eac469:c4760, e00ee311-0ce1-4115-b4c1-69648d9d3094:c4759, bb9367ec-656d-4ade-92be-004a921408cc:c4759]
2019-08-06 03:26:41,299 INFO  client.GrpcClientProtocolClient (GrpcClientProtocolClient.java:onNext(255)) - client-9DC82E534C87->980d9c0c-33ac-4a22-b481-33b8b1eac469: receive RaftClientReply:client-9DC82E534C87->980d9c0c-33ac-4a22-b481-33b8b1eac469@group-23022C6A558E, cid=3172, SUCCESS, logIndex=4762, commits[980d9c0c-33ac-4a22-b481-33b8b1eac469:c4763, e00ee311-0ce1-4115-b4c1-69648d9d3094:c4761, bb9367ec-656d-4ade-92be-004a921408cc:c4761]
2019-08-06 03:26:41,300 INFO  client.GrpcClientProtocolClient (GrpcClientProtocolClient.java:onNext(255)) - client-9DC82E534C87->980d9c0c-33ac-4a22-b481-33b8b1eac469: receive RaftClientReply:client-9DC82E534C87->980d9c0c-33ac-4a22-b481-33b8b1eac469@group-23022C6A558E, cid=3173, SUCCESS, logIndex=4763, commits[980d9c0c-33ac-4a22-b481-33b8b1eac469:c4765, e00ee311-0ce1-4115-b4c1-69648d9d3094:c4761, bb9367ec-656d-4ade-92be-004a921408cc:c4761]
2019-08-06 03:26:41,300 INFO  client.GrpcClientProtocolClient (GrpcClientProtocolClient.java:onNext(255)) - client-9DC82E534C87->980d9c0c-33ac-4a22-b481-33b8b1eac469: receive RaftClientReply:client-9DC82E534C87->980d9c0c-33ac-4a22-b481-33b8b1eac469@group-23022C6A558E, cid=3174, SUCCESS, logIndex=4764, commits[980d9c0c-33ac-4a22-b481-33b8b1eac469:c4765, e00ee311-0ce1-4115-b4c1-69648d9d3094:c4761, bb9367ec-656d-4ade-92be-004a921408cc:c4761]
2019-08-06 03:26:41,300 INFO  client.GrpcClientProtocolClient (GrpcClientProtocolClient.java:onNext(255)) - client-9DC82E534C87->980d9c0c-33ac-4a22-b481-33b8b1eac469: receive RaftClientReply:client-9DC82E534C87->980d9c0c-33ac-4a22-b481-33b8b1eac469@group-23022C6A558E, cid=3175, SUCCESS, logIndex=4765, commits[980d9c0c-33ac-4a22-b481-33b8b1eac469:c4765, e00ee311-0ce1-4115-b4c1-69648d9d3094:c4761, bb9367ec-656d-4ade-92be-004a921408cc:c4761]
2019-08-06 03:26:41,311 INFO  client.GrpcClientProtocolClient (GrpcClientProtocolClient.java:onNext(255)) - client-9DC82E534C87->980d9c0c-33ac-4a22-b481-33b8b1eac469: receive RaftClientReply:client-9DC82E534C87->980d9c0c-33ac-4a22-b481-33b8b1eac469@group-23022C6A558E, cid=3176, SUCCESS, logIndex=0, commits[980d9c0c-33ac-4a22-b481-33b8b1eac469:c4767, e00ee311-0ce1-4115-b4c1-69648d9d3094:c4763, bb9367ec-656d-4ade-92be-004a921408cc:c4763]
 0.00% |█                                                                                                    |  0/1 Time: 0:00:282019-08-06 03:26:41,332 INFO  client.GrpcClientProtocolClient (GrpcClientProtocolClient.java:onNext(255)) - client-9DC82E534C87->980d9c0c-33ac-4a22-b481-33b8b1eac469: receive RaftClientReply:client-9DC82E534C87->980d9c0c-33ac-4a22-b481-33b8b1eac469@group-23022C6A558E, cid=3177, SUCCESS, logIndex=4770, commits[980d9c0c-33ac-4a22-b481-33b8b1eac469:c4771, e00ee311-0ce1-4115-b4c1-69648d9d3094:c4769, bb9367ec-656d-4ade-92be-004a921408cc:c4769]
2019-08-06 03:26:41,333 INFO  client.GrpcClientProtocolClient (GrpcClientProtocolClient.java:onNext(255)) - client-9DC82E534C87->980d9c0c-33ac-4a22-b481-33b8b1eac469: receive RaftClientReply:client-9DC82E534C87->980d9c0c-33ac-4a22-b481-33b8b1eac469@group-23022C6A558E, cid=3178, SUCCESS, logIndex=4771, commits[980d9c0c-33ac-4a22-b481-33b8b1eac469:c4771, e00ee311-0ce1-4115-b4c1-69648d9d3094:c4769, bb9367ec-656d-4ade-92be-004a921408cc:c4769]
2019-08-06 03:26:41,345 INFO  client.GrpcClientProtocolClient (GrpcClientProtocolClient.java:onNext(255)) - client-9DC82E534C87->980d9c0c-33ac-4a22-b481-33b8b1eac469: receive RaftClientReply:client-9DC82E534C87->980d9c0c-33ac-4a22-b481-33b8b1eac469@group-23022C6A558E, cid=3179, SUCCESS, logIndex=4774, commits[980d9c0c-33ac-4a22-b481-33b8b1eac469:c4775, e00ee311-0ce1-4115-b4c1-69648d9d3094:c4770, bb9367ec-656d-4ade-92be-004a921408cc:c4771]
2019-08-06 03:26:41,346 INFO  client.GrpcClientProtocolClient (GrpcClientProtocolClient.java:onNext(255)) - client-9DC82E534C87->980d9c0c-33ac-4a22-b481-33b8b1eac469: receive RaftClientReply:client-9DC82E534C87->980d9c0c-33ac-4a22-b481-33b8b1eac469@group-23022C6A558E, cid=3180, SUCCESS, logIndex=4775, commits[980d9c0c-33ac-4a22-b481-33b8b1eac469:c4775, e00ee311-0ce1-4115-b4c1-69648d9d3094:c4770, bb9367ec-656d-4ade-92be-004a921408cc:c4771]
2019-08-06 03:26:41,347 INFO  client.GrpcClientProtocolClient (GrpcClientProtocolClient.java:onNext(255)) - client-9DC82E534C87->980d9c0c-33ac-4a22-b481-33b8b1eac469: receive RaftClientReply:client-9DC82E534C87->980d9c0c-33ac-4a22-b481-33b8b1eac469@group-23022C6A558E, cid=3181, SUCCESS, logIndex=0, commits[980d9c0c-33ac-4a22-b481-33b8b1eac469:c4775, e00ee311-0ce1-4115-b4c1-69648d9d3094:c4771, bb9367ec-656d-4ade-92be-004a921408cc:c4771]
2019-08-06 03:26:41,372 INFO  client.GrpcClientProtocolClient (GrpcClientProtocolClient.java:onNext(255)) - client-9DC82E534C87->980d9c0c-33ac-4a22-b481-33b8b1eac469: receive RaftClientReply:client-9DC82E534C87->980d9c0c-33ac-4a22-b481-33b8b1eac469@group-23022C6A558E, cid=3182, SUCCESS, logIndex=0, commits[980d9c0c-33ac-4a22-b481-33b8b1eac469:c4777, e00ee311-0ce1-4115-b4c1-69648d9d3094:c4775, bb9367ec-656d-4ade-92be-004a921408cc:c4775]
2019-08-06 03:26:41,406 INFO  client.GrpcClientProtocolClient (GrpcClientProtocolClient.java:onNext(255)) - client-9DC82E534C87->980d9c0c-33ac-4a22-b481-33b8b1eac469: receive RaftClientReply:client-9DC82E534C87->980d9c0c-33ac-4a22-b481-33b8b1eac469@group-23022C6A558E, cid=3183, SUCCESS, logIndex=4778, commits[980d9c0c-33ac-4a22-b481-33b8b1eac469:c4779, e00ee311-0ce1-4115-b4c1-69648d9d3094:c4777, bb9367ec-656d-4ade-92be-004a921408cc:c4777]
2019-08-06 03:26:41,406 INFO  client.GrpcClientProtocolClient (GrpcClientProtocolClient.java:onNext(255)) - client-9DC82E534C87->980d9c0c-33ac-4a22-b481-33b8b1eac469: receive RaftClientReply:client-9DC82E534C87->980d9c0c-33ac-4a22-b481-33b8b1eac469@group-23022C6A558E, cid=3184, SUCCESS, logIndex=4779, commits[980d9c0c-33ac-4a22-b481-33b8b1eac469:c4779, e00ee311-0ce1-4115-b4c1-69648d9d3094:c4777, bb9367ec-656d-4ade-92be-004a921408cc:c4777]
2019-08-06 03:26:41,418 INFO  client.GrpcClientProtocolClient (GrpcClientProtocolClient.java:onNext(255)) - client-9DC82E534C87->980d9c0c-33ac-4a22-b481-33b8b1eac469: receive RaftClientReply:client-9DC82E534C87->980d9c0c-33ac-4a22-b481-33b8b1eac469@group-23022C6A558E, cid=3185, SUCCESS, logIndex=4780, commits[980d9c0c-33ac-4a22-b481-33b8b1eac469:c4781, e00ee311-0ce1-4115-b4c1-69648d9d3094:c4777, bb9367ec-656d-4ade-92be-004a921408cc:c4777]
2019-08-06 03:26:41,419 INFO  client.GrpcClientProtocolClient (GrpcClientProtocolClient.java:onNext(255)) - client-9DC82E534C87->980d9c0c-33ac-4a22-b481-33b8b1eac469: receive RaftClientReply:client-9DC82E534C87->980d9c0c-33ac-4a22-b481-33b8b1eac469@group-23022C6A558E, cid=3186, SUCCESS, logIndex=4781, commits[980d9c0c-33ac-4a22-b481-33b8b1eac469:c4781, e00ee311-0ce1-4115-b4c1-69648d9d3094:c4777, bb9367ec-656d-4ade-92be-004a921408cc:c4777]
2019-08-06 03:26:41,431 INFO  client.GrpcClientProtocolClient (GrpcClientProtocolClient.java:onNext(255)) - client-9DC82E534C87->980d9c0c-33ac-4a22-b481-33b8b1eac469: receive RaftClientReply:client-9DC82E534C87->980d9c0c-33ac-4a22-b481-33b8b1eac469@group-23022C6A558E, cid=3187, SUCCESS, logIndex=0, commits[980d9c0c-33ac-4a22-b481-33b8b1eac469:c4783, e00ee311-0ce1-4115-b4c1-69648d9d3094:c4779, bb9367ec-656d-4ade-92be-004a921408cc:c4779]
2019-08-06 03:26:41,456 INFO  client.GrpcClientProtocolClient (GrpcClientProtocolClient.java:onNext(255)) - client-9DC82E534C87->980d9c0c-33ac-4a22-b481-33b8b1eac469: receive RaftClientReply:client-9DC82E534C87->980d9c0c-33ac-4a22-b481-33b8b1eac469@group-23022C6A558E, cid=3188, SUCCESS, logIndex=4786, commits[980d9c0c-33ac-4a22-b481-33b8b1eac469:c4787, e00ee311-0ce1-4115-b4c1-69648d9d3094:c4783, bb9367ec-656d-4ade-92be-004a921408cc:c4783]
2019-08-06 03:26:41,456 INFO  client.GrpcClientProtocolClient (GrpcClientProtocolClient.java:onNext(255)) - client-9DC82E534C87->980d9c0c-33ac-4a22-b481-33b8b1eac469: receive RaftClientReply:client-9DC82E534C87->980d9c0c-33ac-4a22-b481-33b8b1eac469@group-23022C6A558E, cid=3189, SUCCESS, logIndex=4787, commits[980d9c0c-33ac-4a22-b481-33b8b1eac469:c4787, e00ee311-0ce1-4115-b4c1-69648d9d3094:c4783, bb9367ec-656d-4ade-92be-004a921408cc:c4783]
2019-08-06 03:26:41,474 INFO  client.GrpcClientProtocolClient (GrpcClientProtocolClient.java:onNext(255)) - client-9DC82E534C87->980d9c0c-33ac-4a22-b481-33b8b1eac469: receive RaftClientReply:client-9DC82E534C87->980d9c0c-33ac-4a22-b481-33b8b1eac469@group-23022C6A558E, cid=3190, SUCCESS, logIndex=4790, commits[980d9c0c-33ac-4a22-b481-33b8b1eac469:c4791, e00ee311-0ce1-4115-b4c1-69648d9d3094:c4787, bb9367ec-656d-4ade-92be-004a921408cc:c4787]
2019-08-06 03:26:41,474 INFO  client.GrpcClientProtocolClient (GrpcClientProtocolClient.java:onNext(255)) - client-9DC82E534C87->980d9c0c-33ac-4a22-b481-33b8b1eac469: receive RaftClientReply:client-9DC82E534C87->980d9c0c-33ac-4a22-b481-33b8b1eac469@group-23022C6A558E, cid=3191, SUCCESS, logIndex=4791, commits[980d9c0c-33ac-4a22-b481-33b8b1eac469:c4791, e00ee311-0ce1-4115-b4c1-69648d9d3094:c4787, bb9367ec-656d-4ade-92be-004a921408cc:c4787]
2019-08-06 03:26:41,496 INFO  client.GrpcClientProtocolClient (GrpcClientProtocolClient.java:onNext(255)) - client-9DC82E534C87->980d9c0c-33ac-4a22-b481-33b8b1eac469: receive RaftClientReply:client-9DC82E534C87->980d9c0c-33ac-4a22-b481-33b8b1eac469@group-23022C6A558E, cid=3192, SUCCESS, logIndex=0, commits[980d9c0c-33ac-4a22-b481-33b8b1eac469:c4793, e00ee311-0ce1-4115-b4c1-69648d9d3094:c4791, bb9367ec-656d-4ade-92be-004a921408cc:c4791]
2019-08-06 03:26:41,524 INFO  client.GrpcClientProtocolClient (GrpcClientProtocolClient.java:onNext(255)) - client-9DC82E534C87->980d9c0c-33ac-4a22-b481-33b8b1eac469: receive RaftClientReply:client-9DC82E534C87->980d9c0c-33ac-4a22-b481-33b8b1eac469@group-23022C6A558E, cid=3193, SUCCESS, logIndex=4794, commits[980d9c0c-33ac-4a22-b481-33b8b1eac469:c4795, e00ee311-0ce1-4115-b4c1-69648d9d3094:c4793, bb9367ec-656d-4ade-92be-004a921408cc:c4793]
2019-08-06 03:26:41,525 INFO  client.GrpcClientProtocolClient (GrpcClientProtocolClient.java:onNext(255)) - client-9DC82E534C87->980d9c0c-33ac-4a22-b481-33b8b1eac469: receive RaftClientReply:client-9DC82E534C87->980d9c0c-33ac-4a22-b481-33b8b1eac469@group-23022C6A558E, cid=3194, SUCCESS, logIndex=4795, commits[980d9c0c-33ac-4a22-b481-33b8b1eac469:c4797, e00ee311-0ce1-4115-b4c1-69648d9d3094:c4793, bb9367ec-656d-4ade-92be-004a921408cc:c4793]
2019-08-06 03:26:41,525 INFO  client.GrpcClientProtocolClient (GrpcClientProtocolClient.java:onNext(255)) - client-9DC82E534C87->980d9c0c-33ac-4a22-b481-33b8b1eac469: receive RaftClientReply:client-9DC82E534C87->980d9c0c-33ac-4a22-b481-33b8b1eac469@group-23022C6A558E, cid=3195, SUCCESS, logIndex=4796, commits[980d9c0c-33ac-4a22-b481-33b8b1eac469:c4797, e00ee311-0ce1-4115-b4c1-69648d9d3094:c4793, bb9367ec-656d-4ade-92be-004a921408cc:c4793]
2019-08-06 03:26:41,525 INFO  client.GrpcClientProtocolClient (GrpcClientProtocolClient.java:onNext(255)) - client-9DC82E534C87->980d9c0c-33ac-4a22-b481-33b8b1eac469: receive RaftClientReply:client-9DC82E534C87->980d9c0c-33ac-4a22-b481-33b8b1eac469@group-23022C6A558E, cid=3196, SUCCESS, logIndex=4797, commits[980d9c0c-33ac-4a22-b481-33b8b1eac469:c4797, e00ee311-0ce1-4115-b4c1-69648d9d3094:c4793, bb9367ec-656d-4ade-92be-004a921408cc:c4793]
2019-08-06 03:26:41,538 INFO  client.GrpcClientProtocolClient (GrpcClientProtocolClient.java:onNext(255)) - client-9DC82E534C87->980d9c0c-33ac-4a22-b481-33b8b1eac469: receive RaftClientReply:client-9DC82E534C87->980d9c0c-33ac-4a22-b481-33b8b1eac469@group-23022C6A558E, cid=3197, SUCCESS, logIndex=0, commits[980d9c0c-33ac-4a22-b481-33b8b1eac469:c4799, e00ee311-0ce1-4115-b4c1-69648d9d3094:c4795, bb9367ec-656d-4ade-92be-004a921408cc:c4795]
2019-08-06 03:26:41,559 INFO  client.GrpcClientProtocolClient (GrpcClientProtocolClient.java:onNext(255)) - client-9DC82E534C87->980d9c0c-33ac-4a22-b481-33b8b1eac469: receive RaftClientReply:client-9DC82E534C87->980d9c0c-33ac-4a22-b481-33b8b1eac469@group-23022C6A558E, cid=3198, SUCCESS, logIndex=4802, commits[980d9c0c-33ac-4a22-b481-33b8b1eac469:c4803, e00ee311-0ce1-4115-b4c1-69648d9d3094:c4801, bb9367ec-656d-4ade-92be-004a921408cc:c4801]
2019-08-06 03:26:41,560 INFO  client.GrpcClientProtocolClient (GrpcClientProtocolClient.java:onNext(255)) - client-9DC82E534C87->980d9c0c-33ac-4a22-b481-33b8b1eac469: receive RaftClientReply:client-9DC82E534C87->980d9c0c-33ac-4a22-b481-33b8b1eac469@group-23022C6A558E, cid=3199, SUCCESS, logIndex=4803, commits[980d9c0c-33ac-4a22-b481-33b8b1eac469:c4803, e00ee311-0ce1-4115-b4c1-69648d9d3094:c4801, bb9367ec-656d-4ade-92be-004a921408cc:c4801]
2019-08-06 03:26:41,586 INFO  client.GrpcClientProtocolClient (GrpcClientProtocolClient.java:onNext(255)) - client-9DC82E534C87->980d9c0c-33ac-4a22-b481-33b8b1eac469: receive RaftClientReply:client-9DC82E534C87->980d9c0c-33ac-4a22-b481-33b8b1eac469@group-23022C6A558E, cid=3200, SUCCESS, logIndex=4806, commits[980d9c0c-33ac-4a22-b481-33b8b1eac469:c4807, e00ee311-0ce1-4115-b4c1-69648d9d3094:c4803, bb9367ec-656d-4ade-92be-004a921408cc:c4803]
2019-08-06 03:26:41,587 INFO  client.GrpcClientProtocolClient (GrpcClientProtocolClient.java:onNext(255)) - client-9DC82E534C87->980d9c0c-33ac-4a22-b481-33b8b1eac469: receive RaftClientReply:client-9DC82E534C87->980d9c0c-33ac-4a22-b481-33b8b1eac469@group-23022C6A558E, cid=3201, SUCCESS, logIndex=4807, commits[980d9c0c-33ac-4a22-b481-33b8b1eac469:c4807, e00ee311-0ce1-4115-b4c1-69648d9d3094:c4803, bb9367ec-656d-4ade-92be-004a921408cc:c4803]
2019-08-06 03:26:41,613 INFO  client.GrpcClientProtocolClient (GrpcClientProtocolClient.java:onNext(255)) - client-9DC82E534C87->980d9c0c-33ac-4a22-b481-33b8b1eac469: receive RaftClientReply:client-9DC82E534C87->980d9c0c-33ac-4a22-b481-33b8b1eac469@group-23022C6A558E, cid=3202, SUCCESS, logIndex=0, commits[980d9c0c-33ac-4a22-b481-33b8b1eac469:c4808, e00ee311-0ce1-4115-b4c1-69648d9d3094:c4807, bb9367ec-656d-4ade-92be-004a921408cc:c4807]
2019-08-06 03:26:41,661 INFO  client.GrpcClientProtocolClient (GrpcClientProtocolClient.java:onNext(255)) - client-9DC82E534C87->980d9c0c-33ac-4a22-b481-33b8b1eac469: receive RaftClientReply:client-9DC82E534C87->980d9c0c-33ac-4a22-b481-33b8b1eac469@group-23022C6A558E, cid=3203, SUCCESS, logIndex=4810, commits[980d9c0c-33ac-4a22-b481-33b8b1eac469:c4812, e00ee311-0ce1-4115-b4c1-69648d9d3094:c4809, bb9367ec-656d-4ade-92be-004a921408cc:c4809]
2019-08-06 03:26:41,661 INFO  client.GrpcClientProtocolClient (GrpcClientProtocolClient.java:onNext(255)) - client-9DC82E534C87->980d9c0c-33ac-4a22-b481-33b8b1eac469: receive RaftClientReply:client-9DC82E534C87->980d9c0c-33ac-4a22-b481-33b8b1eac469@group-23022C6A558E, cid=3204, SUCCESS, logIndex=4811, commits[980d9c0c-33ac-4a22-b481-33b8b1eac469:c4813, e00ee311-0ce1-4115-b4c1-69648d9d3094:c4809, bb9367ec-656d-4ade-92be-004a921408cc:c4809]
2019-08-06 03:26:41,661 INFO  client.GrpcClientProtocolClient (GrpcClientProtocolClient.java:onNext(255)) - client-9DC82E534C87->980d9c0c-33ac-4a22-b481-33b8b1eac469: receive RaftClientReply:client-9DC82E534C87->980d9c0c-33ac-4a22-b481-33b8b1eac469@group-23022C6A558E, cid=3205, SUCCESS, logIndex=4812, commits[980d9c0c-33ac-4a22-b481-33b8b1eac469:c4813, e00ee311-0ce1-4115-b4c1-69648d9d3094:c4809, bb9367ec-656d-4ade-92be-004a921408cc:c4809]
2019-08-06 03:26:41,662 INFO  client.GrpcClientProtocolClient (GrpcClientProtocolClient.java:onNext(255)) - client-9DC82E534C87->980d9c0c-33ac-4a22-b481-33b8b1eac469: receive RaftClientReply:client-9DC82E534C87->980d9c0c-33ac-4a22-b481-33b8b1eac469@group-23022C6A558E, cid=3206, SUCCESS, logIndex=4813, commits[980d9c0c-33ac-4a22-b481-33b8b1eac469:c4813, e00ee311-0ce1-4115-b4c1-69648d9d3094:c4809, bb9367ec-656d-4ade-92be-004a921408cc:c4809]
2019-08-06 03:26:41,687 INFO  client.GrpcClientProtocolClient (GrpcClientProtocolClient.java:onNext(255)) - client-9DC82E534C87->980d9c0c-33ac-4a22-b481-33b8b1eac469: receive RaftClientReply:client-9DC82E534C87->980d9c0c-33ac-4a22-b481-33b8b1eac469@group-23022C6A558E, cid=3207, SUCCESS, logIndex=0, commits[980d9c0c-33ac-4a22-b481-33b8b1eac469:c4815, e00ee311-0ce1-4115-b4c1-69648d9d3094:c4812, bb9367ec-656d-4ade-92be-004a921408cc:c4812]
2019-08-06 03:26:41,710 INFO  client.GrpcClientProtocolClient (GrpcClientProtocolClient.java:onNext(255)) - client-9DC82E534C87->980d9c0c-33ac-4a22-b481-33b8b1eac469: receive RaftClientReply:client-9DC82E534C87->980d9c0c-33ac-4a22-b481-33b8b1eac469@group-23022C6A558E, cid=3208, SUCCESS, logIndex=4818, commits[980d9c0c-33ac-4a22-b481-33b8b1eac469:c4819, e00ee311-0ce1-4115-b4c1-69648d9d3094:c4817, bb9367ec-656d-4ade-92be-004a921408cc:c4817]
2019-08-06 03:26:41,710 INFO  client.GrpcClientProtocolClient (GrpcClientProtocolClient.java:onNext(255)) - client-9DC82E534C87->980d9c0c-33ac-4a22-b481-33b8b1eac469: receive RaftClientReply:client-9DC82E534C87->980d9c0c-33ac-4a22-b481-33b8b1eac469@group-23022C6A558E, cid=3209, SUCCESS, logIndex=4819, commits[980d9c0c-33ac-4a22-b481-33b8b1eac469:c4819, e00ee311-0ce1-4115-b4c1-69648d9d3094:c4817, bb9367ec-656d-4ade-92be-004a921408cc:c4817]
2019-08-06 03:26:41,721 INFO  client.GrpcClientProtocolClient (GrpcClientProtocolClient.java:onNext(255)) - client-9DC82E534C87->980d9c0c-33ac-4a22-b481-33b8b1eac469: receive RaftClientReply:client-9DC82E534C87->980d9c0c-33ac-4a22-b481-33b8b1eac469@group-23022C6A558E, cid=3210, SUCCESS, logIndex=4822, commits[980d9c0c-33ac-4a22-b481-33b8b1eac469:c4823, e00ee311-0ce1-4115-b4c1-69648d9d3094:c4821, bb9367ec-656d-4ade-92be-004a921408cc:c4821]
2019-08-06 03:26:41,721 INFO  client.GrpcClientProtocolClient (GrpcClientProtocolClient.java:onNext(255)) - client-9DC82E534C87->980d9c0c-33ac-4a22-b481-33b8b1eac469: receive RaftClientReply:client-9DC82E534C87->980d9c0c-33ac-4a22-b481-33b8b1eac469@group-23022C6A558E, cid=3211, SUCCESS, logIndex=4823, commits[980d9c0c-33ac-4a22-b481-33b8b1eac469:c4823, e00ee311-0ce1-4115-b4c1-69648d9d3094:c4821, bb9367ec-656d-4ade-92be-004a921408cc:c4821]
2019-08-06 03:26:41,724 INFO  client.GrpcClientProtocolClient (GrpcClientProtocolClient.java:onNext(255)) - client-9DC82E534C87->980d9c0c-33ac-4a22-b481-33b8b1eac469: receive RaftClientReply:client-9DC82E534C87->980d9c0c-33ac-4a22-b481-33b8b1eac469@group-23022C6A558E, cid=3212, SUCCESS, logIndex=0, commits[980d9c0c-33ac-4a22-b481-33b8b1eac469:c4825, e00ee311-0ce1-4115-b4c1-69648d9d3094:c4823, bb9367ec-656d-4ade-92be-004a921408cc:c4823]
2019-08-06 03:26:41,757 INFO  client.GrpcClientProtocolClient (GrpcClientProtocolClient.java:onNext(255)) - client-9DC82E534C87->980d9c0c-33ac-4a22-b481-33b8b1eac469: receive RaftClientReply:client-9DC82E534C87->980d9c0c-33ac-4a22-b481-33b8b1eac469@group-23022C6A558E, cid=3213, SUCCESS, logIndex=4826, commits[980d9c0c-33ac-4a22-b481-33b8b1eac469:c4828, e00ee311-0ce1-4115-b4c1-69648d9d3094:c4825, bb9367ec-656d-4ade-92be-004a921408cc:c4825]
2019-08-06 03:26:41,758 INFO  client.GrpcClientProtocolClient (GrpcClientProtocolClient.java:onNext(255)) - client-9DC82E534C87->980d9c0c-33ac-4a22-b481-33b8b1eac469: receive RaftClientReply:client-9DC82E534C87->980d9c0c-33ac-4a22-b481-33b8b1eac469@group-23022C6A558E, cid=3214, SUCCESS, logIndex=4827, commits[980d9c0c-33ac-4a22-b481-33b8b1eac469:c4829, e00ee311-0ce1-4115-b4c1-69648d9d3094:c4825, bb9367ec-656d-4ade-92be-004a921408cc:c4825]
2019-08-06 03:26:41,758 INFO  client.GrpcClientProtocolClient (GrpcClientProtocolClient.java:onNext(255)) - client-9DC82E534C87->980d9c0c-33ac-4a22-b481-33b8b1eac469: receive RaftClientReply:client-9DC82E534C87->980d9c0c-33ac-4a22-b481-33b8b1eac469@group-23022C6A558E, cid=3215, SUCCESS, logIndex=4828, commits[980d9c0c-33ac-4a22-b481-33b8b1eac469:c4829, e00ee311-0ce1-4115-b4c1-69648d9d3094:c4825, bb9367ec-656d-4ade-92be-004a921408cc:c4825]
2019-08-06 03:26:41,758 INFO  client.GrpcClientProtocolClient (GrpcClientProtocolClient.java:onNext(255)) - client-9DC82E534C87->980d9c0c-33ac-4a22-b481-33b8b1eac469: receive RaftClientReply:client-9DC82E534C87->980d9c0c-33ac-4a22-b481-33b8b1eac469@group-23022C6A558E, cid=3216, SUCCESS, logIndex=4829, commits[980d9c0c-33ac-4a22-b481-33b8b1eac469:c4829, e00ee311-0ce1-4115-b4c1-69648d9d3094:c4825, bb9367ec-656d-4ade-92be-004a921408cc:c4826]
2019-08-06 03:26:41,772 INFO  client.GrpcClientProtocolClient (GrpcClientProtocolClient.java:onNext(255)) - client-9DC82E534C87->980d9c0c-33ac-4a22-b481-33b8b1eac469: receive RaftClientReply:client-9DC82E534C87->980d9c0c-33ac-4a22-b481-33b8b1eac469@group-23022C6A558E, cid=3217, SUCCESS, logIndex=0, commits[980d9c0c-33ac-4a22-b481-33b8b1eac469:c4832, e00ee311-0ce1-4115-b4c1-69648d9d3094:c4828, bb9367ec-656d-4ade-92be-004a921408cc:c4827]
2019-08-06 03:26:41,795 INFO  client.GrpcClientProtocolClient (GrpcClientProtocolClient.java:onNext(255)) - client-9DC82E534C87->980d9c0c-33ac-4a22-b481-33b8b1eac469: receive RaftClientReply:client-9DC82E534C87->980d9c0c-33ac-4a22-b481-33b8b1eac469@group-23022C6A558E, cid=3218, SUCCESS, logIndex=4834, commits[980d9c0c-33ac-4a22-b481-33b8b1eac469:c4835, e00ee311-0ce1-4115-b4c1-69648d9d3094:c4833, bb9367ec-656d-4ade-92be-004a921408cc:c4833]
2019-08-06 03:26:41,795 INFO  client.GrpcClientProtocolClient (GrpcClientProtocolClient.java:onNext(255)) - client-9DC82E534C87->980d9c0c-33ac-4a22-b481-33b8b1eac469: receive RaftClientReply:client-9DC82E534C87->980d9c0c-33ac-4a22-b481-33b8b1eac469@group-23022C6A558E, cid=3219, SUCCESS, logIndex=4835, commits[980d9c0c-33ac-4a22-b481-33b8b1eac469:c4835, e00ee311-0ce1-4115-b4c1-69648d9d3094:c4833, bb9367ec-656d-4ade-92be-004a921408cc:c4833]
2019-08-06 03:26:41,808 INFO  client.GrpcClientProtocolClient (GrpcClientProtocolClient.java:onNext(255)) - client-9DC82E534C87->980d9c0c-33ac-4a22-b481-33b8b1eac469: receive RaftClientReply:client-9DC82E534C87->980d9c0c-33ac-4a22-b481-33b8b1eac469@group-23022C6A558E, cid=3220, SUCCESS, logIndex=4838, commits[980d9c0c-33ac-4a22-b481-33b8b1eac469:c4839, e00ee311-0ce1-4115-b4c1-69648d9d3094:c4835, bb9367ec-656d-4ade-92be-004a921408cc:c4835]
2019-08-06 03:26:41,808 INFO  client.GrpcClientProtocolClient (GrpcClientProtocolClient.java:onNext(255)) - client-9DC82E534C87->980d9c0c-33ac-4a22-b481-33b8b1eac469: receive RaftClientReply:client-9DC82E534C87->980d9c0c-33ac-4a22-b481-33b8b1eac469@group-23022C6A558E, cid=3221, SUCCESS, logIndex=4839, commits[980d9c0c-33ac-4a22-b481-33b8b1eac469:c4839, e00ee311-0ce1-4115-b4c1-69648d9d3094:c4835, bb9367ec-656d-4ade-92be-004a921408cc:c4835]
2019-08-06 03:26:41,834 INFO  client.GrpcClientProtocolClient (GrpcClientProtocolClient.java:onNext(255)) - client-9DC82E534C87->980d9c0c-33ac-4a22-b481-33b8b1eac469: receive RaftClientReply:client-9DC82E534C87->980d9c0c-33ac-4a22-b481-33b8b1eac469@group-23022C6A558E, cid=3222, SUCCESS, logIndex=0, commits[980d9c0c-33ac-4a22-b481-33b8b1eac469:c4840, e00ee311-0ce1-4115-b4c1-69648d9d3094:c4839, bb9367ec-656d-4ade-92be-004a921408cc:c4839]
2019-08-06 03:26:41,870 INFO  client.GrpcClientProtocolClient (GrpcClientProtocolClient.java:onNext(255)) - client-9DC82E534C87->980d9c0c-33ac-4a22-b481-33b8b1eac469: receive RaftClientReply:client-9DC82E534C87->980d9c0c-33ac-4a22-b481-33b8b1eac469@group-23022C6A558E, cid=3223, SUCCESS, logIndex=4842, commits[980d9c0c-33ac-4a22-b481-33b8b1eac469:c4843, e00ee311-0ce1-4115-b4c1-69648d9d3094:c4841, bb9367ec-656d-4ade-92be-004a921408cc:c4841]
2019-08-06 03:26:41,871 INFO  client.GrpcClientProtocolClient (GrpcClientProtocolClient.java:onNext(255)) - client-9DC82E534C87->980d9c0c-33ac-4a22-b481-33b8b1eac469: receive RaftClientReply:client-9DC82E534C87->980d9c0c-33ac-4a22-b481-33b8b1eac469@group-23022C6A558E, cid=3224, SUCCESS, logIndex=4843, commits[980d9c0c-33ac-4a22-b481-33b8b1eac469:c4843, e00ee311-0ce1-4115-b4c1-69648d9d3094:c4841, bb9367ec-656d-4ade-92be-004a921408cc:c4841]
2019-08-06 03:26:41,883 INFO  client.GrpcClientProtocolClient (GrpcClientProtocolClient.java:onNext(255)) - client-9DC82E534C87->980d9c0c-33ac-4a22-b481-33b8b1eac469: receive RaftClientReply:client-9DC82E534C87->980d9c0c-33ac-4a22-b481-33b8b1eac469@group-23022C6A558E, cid=3225, SUCCESS, logIndex=4844, commits[980d9c0c-33ac-4a22-b481-33b8b1eac469:c4844, e00ee311-0ce1-4115-b4c1-69648d9d3094:c4841, bb9367ec-656d-4ade-92be-004a921408cc:c4841]
2019-08-06 03:26:41,883 INFO  client.GrpcClientProtocolClient (GrpcClientProtocolClient.java:onNext(255)) - client-9DC82E534C87->980d9c0c-33ac-4a22-b481-33b8b1eac469: receive RaftClientReply:client-9DC82E534C87->980d9c0c-33ac-4a22-b481-33b8b1eac469@group-23022C6A558E, cid=3226, SUCCESS, logIndex=4845, commits[980d9c0c-33ac-4a22-b481-33b8b1eac469:c4845, e00ee311-0ce1-4115-b4c1-69648d9d3094:c4841, bb9367ec-656d-4ade-92be-004a921408cc:c4841]
2019-08-06 03:26:41,894 INFO  client.GrpcClientProtocolClient (GrpcClientProtocolClient.java:onNext(255)) - client-9DC82E534C87->980d9c0c-33ac-4a22-b481-33b8b1eac469: receive RaftClientReply:client-9DC82E534C87->980d9c0c-33ac-4a22-b481-33b8b1eac469@group-23022C6A558E, cid=3227, SUCCESS, logIndex=0, commits[980d9c0c-33ac-4a22-b481-33b8b1eac469:c4847, e00ee311-0ce1-4115-b4c1-69648d9d3094:c4843, bb9367ec-656d-4ade-92be-004a921408cc:c4843]
2019-08-06 03:26:41,919 INFO  client.GrpcClientProtocolClient (GrpcClientProtocolClient.java:onNext(255)) - client-9DC82E534C87->980d9c0c-33ac-4a22-b481-33b8b1eac469: receive RaftClientReply:client-9DC82E534C87->980d9c0c-33ac-4a22-b481-33b8b1eac469@group-23022C6A558E, cid=3228, SUCCESS, logIndex=4850, commits[980d9c0c-33ac-4a22-b481-33b8b1eac469:c4851, e00ee311-0ce1-4115-b4c1-69648d9d3094:c4849, bb9367ec-656d-4ade-92be-004a921408cc:c4849]
2019-08-06 03:26:41,920 INFO  client.GrpcClientProtocolClient (GrpcClientProtocolClient.java:onNext(255)) - client-9DC82E534C87->980d9c0c-33ac-4a22-b481-33b8b1eac469: receive RaftClientReply:client-9DC82E534C87->980d9c0c-33ac-4a22-b481-33b8b1eac469@group-23022C6A558E, cid=3229, SUCCESS, logIndex=4851, commits[980d9c0c-33ac-4a22-b481-33b8b1eac469:c4851, e00ee311-0ce1-4115-b4c1-69648d9d3094:c4849, bb9367ec-656d-4ade-92be-004a921408cc:c4849]
2019-08-06 03:26:41,939 INFO  client.GrpcClientProtocolClient (GrpcClientProtocolClient.java:onNext(255)) - client-9DC82E534C87->980d9c0c-33ac-4a22-b481-33b8b1eac469: receive RaftClientReply:client-9DC82E534C87->980d9c0c-33ac-4a22-b481-33b8b1eac469@group-23022C6A558E, cid=3230, SUCCESS, logIndex=4854, commits[980d9c0c-33ac-4a22-b481-33b8b1eac469:c4855, e00ee311-0ce1-4115-b4c1-69648d9d3094:c4852, bb9367ec-656d-4ade-92be-004a921408cc:c4852]
2019-08-06 03:26:41,939 INFO  client.GrpcClientProtocolClient (GrpcClientProtocolClient.java:onNext(255)) - client-9DC82E534C87->980d9c0c-33ac-4a22-b481-33b8b1eac469: receive RaftClientReply:client-9DC82E534C87->980d9c0c-33ac-4a22-b481-33b8b1eac469@group-23022C6A558E, cid=3231, SUCCESS, logIndex=4855, commits[980d9c0c-33ac-4a22-b481-33b8b1eac469:c4855, e00ee311-0ce1-4115-b4c1-69648d9d3094:c4852, bb9367ec-656d-4ade-92be-004a921408cc:c4852]
2019-08-06 03:26:41,946 INFO  client.GrpcClientProtocolClient (GrpcClientProtocolClient.java:onNext(255)) - client-9DC82E534C87->980d9c0c-33ac-4a22-b481-33b8b1eac469: receive RaftClientReply:client-9DC82E534C87->980d9c0c-33ac-4a22-b481-33b8b1eac469@group-23022C6A558E, cid=3232, SUCCESS, logIndex=0, commits[980d9c0c-33ac-4a22-b481-33b8b1eac469:c4857, e00ee311-0ce1-4115-b4c1-69648d9d3094:c4855, bb9367ec-656d-4ade-92be-004a921408cc:c4855]
 0.00% |█                                                                                                    |  0/1 Time: 0:00:292019-08-06 03:26:42,510 INFO  client.GrpcClientProtocolClient (GrpcClientProtocolClient.java:onNext(255)) - client-9DC82E534C87->980d9c0c-33ac-4a22-b481-33b8b1eac469: receive RaftClientReply:client-9DC82E534C87->980d9c0c-33ac-4a22-b481-33b8b1eac469@group-23022C6A558E, cid=3233, SUCCESS, logIndex=4858, commits[980d9c0c-33ac-4a22-b481-33b8b1eac469:c4859, e00ee311-0ce1-4115-b4c1-69648d9d3094:c4857, bb9367ec-656d-4ade-92be-004a921408cc:c4857]
2019-08-06 03:26:42,511 INFO  client.GrpcClientProtocolClient (GrpcClientProtocolClient.java:onNext(255)) - client-9DC82E534C87->980d9c0c-33ac-4a22-b481-33b8b1eac469: receive RaftClientReply:client-9DC82E534C87->980d9c0c-33ac-4a22-b481-33b8b1eac469@group-23022C6A558E, cid=3234, SUCCESS, logIndex=4859, commits[980d9c0c-33ac-4a22-b481-33b8b1eac469:c4861, e00ee311-0ce1-4115-b4c1-69648d9d3094:c4857, bb9367ec-656d-4ade-92be-004a921408cc:c4857]
2019-08-06 03:26:42,511 INFO  client.GrpcClientProtocolClient (GrpcClientProtocolClient.java:onNext(255)) - client-9DC82E534C87->980d9c0c-33ac-4a22-b481-33b8b1eac469: receive RaftClientReply:client-9DC82E534C87->980d9c0c-33ac-4a22-b481-33b8b1eac469@group-23022C6A558E, cid=3235, SUCCESS, logIndex=4860, commits[980d9c0c-33ac-4a22-b481-33b8b1eac469:c4861, e00ee311-0ce1-4115-b4c1-69648d9d3094:c4857, bb9367ec-656d-4ade-92be-004a921408cc:c4857]
2019-08-06 03:26:42,511 INFO  client.GrpcClientProtocolClient (GrpcClientProtocolClient.java:onNext(255)) - client-9DC82E534C87->980d9c0c-33ac-4a22-b481-33b8b1eac469: receive RaftClientReply:client-9DC82E534C87->980d9c0c-33ac-4a22-b481-33b8b1eac469@group-23022C6A558E, cid=3236, SUCCESS, logIndex=4861, commits[980d9c0c-33ac-4a22-b481-33b8b1eac469:c4861, e00ee311-0ce1-4115-b4c1-69648d9d3094:c4857, bb9367ec-656d-4ade-92be-004a921408cc:c4857]
2019-08-06 03:26:42,524 INFO  client.GrpcClientProtocolClient (GrpcClientProtocolClient.java:onNext(255)) - client-9DC82E534C87->980d9c0c-33ac-4a22-b481-33b8b1eac469: receive RaftClientReply:client-9DC82E534C87->980d9c0c-33ac-4a22-b481-33b8b1eac469@group-23022C6A558E, cid=3237, SUCCESS, logIndex=0, commits[980d9c0c-33ac-4a22-b481-33b8b1eac469:c4863, e00ee311-0ce1-4115-b4c1-69648d9d3094:c4859, bb9367ec-656d-4ade-92be-004a921408cc:c4859]
2019-08-06 03:26:42,542 INFO  client.GrpcClientProtocolClient (GrpcClientProtocolClient.java:onNext(255)) - client-9DC82E534C87->980d9c0c-33ac-4a22-b481-33b8b1eac469: receive RaftClientReply:client-9DC82E534C87->980d9c0c-33ac-4a22-b481-33b8b1eac469@group-23022C6A558E, cid=3238, SUCCESS, logIndex=4865, commits[980d9c0c-33ac-4a22-b481-33b8b1eac469:c4866, e00ee311-0ce1-4115-b4c1-69648d9d3094:c4864, bb9367ec-656d-4ade-92be-004a921408cc:c4864]
2019-08-06 03:26:42,542 INFO  client.GrpcClientProtocolClient (GrpcClientProtocolClient.java:onNext(255)) - client-9DC82E534C87->980d9c0c-33ac-4a22-b481-33b8b1eac469: receive RaftClientReply:client-9DC82E534C87->980d9c0c-33ac-4a22-b481-33b8b1eac469@group-23022C6A558E, cid=3239, SUCCESS, logIndex=4866, commits[980d9c0c-33ac-4a22-b481-33b8b1eac469:c4866, e00ee311-0ce1-4115-b4c1-69648d9d3094:c4864, bb9367ec-656d-4ade-92be-004a921408cc:c4864]
2019-08-06 03:26:42,565 INFO  client.GrpcClientProtocolClient (GrpcClientProtocolClient.java:onNext(255)) - client-9DC82E534C87->980d9c0c-33ac-4a22-b481-33b8b1eac469: receive RaftClientReply:client-9DC82E534C87->980d9c0c-33ac-4a22-b481-33b8b1eac469@group-23022C6A558E, cid=3240, SUCCESS, logIndex=4869, commits[980d9c0c-33ac-4a22-b481-33b8b1eac469:c4870, e00ee311-0ce1-4115-b4c1-69648d9d3094:c4866, bb9367ec-656d-4ade-92be-004a921408cc:c4866]
2019-08-06 03:26:42,566 INFO  client.GrpcClientProtocolClient (GrpcClientProtocolClient.java:onNext(255)) - client-9DC82E534C87->980d9c0c-33ac-4a22-b481-33b8b1eac469: receive RaftClientReply:client-9DC82E534C87->980d9c0c-33ac-4a22-b481-33b8b1eac469@group-23022C6A558E, cid=3241, SUCCESS, logIndex=4870, commits[980d9c0c-33ac-4a22-b481-33b8b1eac469:c4870, e00ee311-0ce1-4115-b4c1-69648d9d3094:c4866, bb9367ec-656d-4ade-92be-004a921408cc:c4866]
2019-08-06 03:26:42,580 INFO  client.GrpcClientProtocolClient (GrpcClientProtocolClient.java:onNext(255)) - client-9DC82E534C87->980d9c0c-33ac-4a22-b481-33b8b1eac469: receive RaftClientReply:client-9DC82E534C87->980d9c0c-33ac-4a22-b481-33b8b1eac469@group-23022C6A558E, cid=3242, SUCCESS, logIndex=0, commits[980d9c0c-33ac-4a22-b481-33b8b1eac469:c4872, e00ee311-0ce1-4115-b4c1-69648d9d3094:c4870, bb9367ec-656d-4ade-92be-004a921408cc:c4870]
2019-08-06 03:26:42,616 INFO  client.GrpcClientProtocolClient (GrpcClientProtocolClient.java:onNext(255)) - client-9DC82E534C87->980d9c0c-33ac-4a22-b481-33b8b1eac469: receive RaftClientReply:client-9DC82E534C87->980d9c0c-33ac-4a22-b481-33b8b1eac469@group-23022C6A558E, cid=3243, SUCCESS, logIndex=4873, commits[980d9c0c-33ac-4a22-b481-33b8b1eac469:c4874, e00ee311-0ce1-4115-b4c1-69648d9d3094:c4872, bb9367ec-656d-4ade-92be-004a921408cc:c4870]
2019-08-06 03:26:42,617 INFO  client.GrpcClientProtocolClient (GrpcClientProtocolClient.java:onNext(255)) - client-9DC82E534C87->980d9c0c-33ac-4a22-b481-33b8b1eac469: receive RaftClientReply:client-9DC82E534C87->980d9c0c-33ac-4a22-b481-33b8b1eac469@group-23022C6A558E, cid=3244, SUCCESS, logIndex=4874, commits[980d9c0c-33ac-4a22-b481-33b8b1eac469:c4874, e00ee311-0ce1-4115-b4c1-69648d9d3094:c4872, bb9367ec-656d-4ade-92be-004a921408cc:c4872]
2019-08-06 03:26:42,617 INFO  client.GrpcClientProtocolClient (GrpcClientProtocolClient.java:onNext(255)) - client-9DC82E534C87->980d9c0c-33ac-4a22-b481-33b8b1eac469: receive RaftClientReply:client-9DC82E534C87->980d9c0c-33ac-4a22-b481-33b8b1eac469@group-23022C6A558E, cid=3245, SUCCESS, logIndex=4875, commits[980d9c0c-33ac-4a22-b481-33b8b1eac469:c4876, e00ee311-0ce1-4115-b4c1-69648d9d3094:c4872, bb9367ec-656d-4ade-92be-004a921408cc:c4872]
2019-08-06 03:26:42,617 INFO  client.GrpcClientProtocolClient (GrpcClientProtocolClient.java:onNext(255)) - client-9DC82E534C87->980d9c0c-33ac-4a22-b481-33b8b1eac469: receive RaftClientReply:client-9DC82E534C87->980d9c0c-33ac-4a22-b481-33b8b1eac469@group-23022C6A558E, cid=3246, SUCCESS, logIndex=4876, commits[980d9c0c-33ac-4a22-b481-33b8b1eac469:c4876, e00ee311-0ce1-4115-b4c1-69648d9d3094:c4872, bb9367ec-656d-4ade-92be-004a921408cc:c4872]
2019-08-06 03:26:42,630 INFO  client.GrpcClientProtocolClient (GrpcClientProtocolClient.java:onNext(255)) - client-9DC82E534C87->980d9c0c-33ac-4a22-b481-33b8b1eac469: receive RaftClientReply:client-9DC82E534C87->980d9c0c-33ac-4a22-b481-33b8b1eac469@group-23022C6A558E, cid=3247, SUCCESS, logIndex=0, commits[980d9c0c-33ac-4a22-b481-33b8b1eac469:c4878, e00ee311-0ce1-4115-b4c1-69648d9d3094:c4874, bb9367ec-656d-4ade-92be-004a921408cc:c4874]
2019-08-06 03:26:42,652 INFO  client.GrpcClientProtocolClient (GrpcClientProtocolClient.java:onNext(255)) - client-9DC82E534C87->980d9c0c-33ac-4a22-b481-33b8b1eac469: receive RaftClientReply:client-9DC82E534C87->980d9c0c-33ac-4a22-b481-33b8b1eac469@group-23022C6A558E, cid=3248, SUCCESS, logIndex=4881, commits[980d9c0c-33ac-4a22-b481-33b8b1eac469:c4881, e00ee311-0ce1-4115-b4c1-69648d9d3094:c4880, bb9367ec-656d-4ade-92be-004a921408cc:c4880]
2019-08-06 03:26:42,652 INFO  client.GrpcClientProtocolClient (GrpcClientProtocolClient.java:onNext(255)) - client-9DC82E534C87->980d9c0c-33ac-4a22-b481-33b8b1eac469: receive RaftClientReply:client-9DC82E534C87->980d9c0c-33ac-4a22-b481-33b8b1eac469@group-23022C6A558E, cid=3249, SUCCESS, logIndex=4882, commits[980d9c0c-33ac-4a22-b481-33b8b1eac469:c4882, e00ee311-0ce1-4115-b4c1-69648d9d3094:c4880, bb9367ec-656d-4ade-92be-004a921408cc:c4880]
2019-08-06 03:26:42,679 INFO  client.GrpcClientProtocolClient (GrpcClientProtocolClient.java:onNext(255)) - client-9DC82E534C87->980d9c0c-33ac-4a22-b481-33b8b1eac469: receive RaftClientReply:client-9DC82E534C87->980d9c0c-33ac-4a22-b481-33b8b1eac469@group-23022C6A558E, cid=3250, SUCCESS, logIndex=4885, commits[980d9c0c-33ac-4a22-b481-33b8b1eac469:c4886, e00ee311-0ce1-4115-b4c1-69648d9d3094:c4882, bb9367ec-656d-4ade-92be-004a921408cc:c4882]
2019-08-06 03:26:42,680 INFO  client.GrpcClientProtocolClient (GrpcClientProtocolClient.java:onNext(255)) - client-9DC82E534C87->980d9c0c-33ac-4a22-b481-33b8b1eac469: receive RaftClientReply:client-9DC82E534C87->980d9c0c-33ac-4a22-b481-33b8b1eac469@group-23022C6A558E, cid=3251, SUCCESS, logIndex=4886, commits[980d9c0c-33ac-4a22-b481-33b8b1eac469:c4886, e00ee311-0ce1-4115-b4c1-69648d9d3094:c4882, bb9367ec-656d-4ade-92be-004a921408cc:c4882]
2019-08-06 03:26:42,705 INFO  client.GrpcClientProtocolClient (GrpcClientProtocolClient.java:onNext(255)) - client-9DC82E534C87->980d9c0c-33ac-4a22-b481-33b8b1eac469: receive RaftClientReply:client-9DC82E534C87->980d9c0c-33ac-4a22-b481-33b8b1eac469@group-23022C6A558E, cid=3252, SUCCESS, logIndex=0, commits[980d9c0c-33ac-4a22-b481-33b8b1eac469:c4888, e00ee311-0ce1-4115-b4c1-69648d9d3094:c4886, bb9367ec-656d-4ade-92be-004a921408cc:c4886]
2019-08-06 03:26:42,738 INFO  client.GrpcClientProtocolClient (GrpcClientProtocolClient.java:onNext(255)) - client-9DC82E534C87->980d9c0c-33ac-4a22-b481-33b8b1eac469: receive RaftClientReply:client-9DC82E534C87->980d9c0c-33ac-4a22-b481-33b8b1eac469@group-23022C6A558E, cid=3253, SUCCESS, logIndex=4889, commits[980d9c0c-33ac-4a22-b481-33b8b1eac469:c4890, e00ee311-0ce1-4115-b4c1-69648d9d3094:c4888, bb9367ec-656d-4ade-92be-004a921408cc:c4888]
2019-08-06 03:26:42,739 INFO  client.GrpcClientProtocolClient (GrpcClientProtocolClient.java:onNext(255)) - client-9DC82E534C87->980d9c0c-33ac-4a22-b481-33b8b1eac469: receive RaftClientReply:client-9DC82E534C87->980d9c0c-33ac-4a22-b481-33b8b1eac469@group-23022C6A558E, cid=3254, SUCCESS, logIndex=4890, commits[980d9c0c-33ac-4a22-b481-33b8b1eac469:c4890, e00ee311-0ce1-4115-b4c1-69648d9d3094:c4888, bb9367ec-656d-4ade-92be-004a921408cc:c4888]
2019-08-06 03:26:42,751 INFO  client.GrpcClientProtocolClient (GrpcClientProtocolClient.java:onNext(255)) - client-9DC82E534C87->980d9c0c-33ac-4a22-b481-33b8b1eac469: receive RaftClientReply:client-9DC82E534C87->980d9c0c-33ac-4a22-b481-33b8b1eac469@group-23022C6A558E, cid=3255, SUCCESS, logIndex=4891, commits[980d9c0c-33ac-4a22-b481-33b8b1eac469:c4892, e00ee311-0ce1-4115-b4c1-69648d9d3094:c4888, bb9367ec-656d-4ade-92be-004a921408cc:c4888]
2019-08-06 03:26:42,751 INFO  client.GrpcClientProtocolClient (GrpcClientProtocolClient.java:onNext(255)) - client-9DC82E534C87->980d9c0c-33ac-4a22-b481-33b8b1eac469: receive RaftClientReply:client-9DC82E534C87->980d9c0c-33ac-4a22-b481-33b8b1eac469@group-23022C6A558E, cid=3256, SUCCESS, logIndex=4892, commits[980d9c0c-33ac-4a22-b481-33b8b1eac469:c4892, e00ee311-0ce1-4115-b4c1-69648d9d3094:c4888, bb9367ec-656d-4ade-92be-004a921408cc:c4888]
2019-08-06 03:26:42,764 INFO  client.GrpcClientProtocolClient (GrpcClientProtocolClient.java:onNext(255)) - client-9DC82E534C87->980d9c0c-33ac-4a22-b481-33b8b1eac469: receive RaftClientReply:client-9DC82E534C87->980d9c0c-33ac-4a22-b481-33b8b1eac469@group-23022C6A558E, cid=3257, SUCCESS, logIndex=0, commits[980d9c0c-33ac-4a22-b481-33b8b1eac469:c4894, e00ee311-0ce1-4115-b4c1-69648d9d3094:c4890, bb9367ec-656d-4ade-92be-004a921408cc:c4890]
2019-08-06 03:26:42,800 INFO  client.GrpcClientProtocolClient (GrpcClientProtocolClient.java:onNext(255)) - client-9DC82E534C87->980d9c0c-33ac-4a22-b481-33b8b1eac469: receive RaftClientReply:client-9DC82E534C87->980d9c0c-33ac-4a22-b481-33b8b1eac469@group-23022C6A558E, cid=3258, SUCCESS, logIndex=4897, commits[980d9c0c-33ac-4a22-b481-33b8b1eac469:c4898, e00ee311-0ce1-4115-b4c1-69648d9d3094:c4894, bb9367ec-656d-4ade-92be-004a921408cc:c4894]
2019-08-06 03:26:42,800 INFO  client.GrpcClientProtocolClient (GrpcClientProtocolClient.java:onNext(255)) - client-9DC82E534C87->980d9c0c-33ac-4a22-b481-33b8b1eac469: receive RaftClientReply:client-9DC82E534C87->980d9c0c-33ac-4a22-b481-33b8b1eac469@group-23022C6A558E, cid=3259, SUCCESS, logIndex=4898, commits[980d9c0c-33ac-4a22-b481-33b8b1eac469:c4898, e00ee311-0ce1-4115-b4c1-69648d9d3094:c4894, bb9367ec-656d-4ade-92be-004a921408cc:c4894]
2019-08-06 03:26:42,817 INFO  client.GrpcClientProtocolClient (GrpcClientProtocolClient.java:onNext(255)) - client-9DC82E534C87->980d9c0c-33ac-4a22-b481-33b8b1eac469: receive RaftClientReply:client-9DC82E534C87->980d9c0c-33ac-4a22-b481-33b8b1eac469@group-23022C6A558E, cid=3260, SUCCESS, logIndex=4901, commits[980d9c0c-33ac-4a22-b481-33b8b1eac469:c4902, e00ee311-0ce1-4115-b4c1-69648d9d3094:c4898, bb9367ec-656d-4ade-92be-004a921408cc:c4898]
2019-08-06 03:26:42,817 INFO  client.GrpcClientProtocolClient (GrpcClientProtocolClient.java:onNext(255)) - client-9DC82E534C87->980d9c0c-33ac-4a22-b481-33b8b1eac469: receive RaftClientReply:client-9DC82E534C87->980d9c0c-33ac-4a22-b481-33b8b1eac469@group-23022C6A558E, cid=3261, SUCCESS, logIndex=4902, commits[980d9c0c-33ac-4a22-b481-33b8b1eac469:c4902, e00ee311-0ce1-4115-b4c1-69648d9d3094:c4898, bb9367ec-656d-4ade-92be-004a921408cc:c4898]
2019-08-06 03:26:42,828 INFO  client.GrpcClientProtocolClient (GrpcClientProtocolClient.java:onNext(255)) - client-9DC82E534C87->980d9c0c-33ac-4a22-b481-33b8b1eac469: receive RaftClientReply:client-9DC82E534C87->980d9c0c-33ac-4a22-b481-33b8b1eac469@group-23022C6A558E, cid=3262, SUCCESS, logIndex=0, commits[980d9c0c-33ac-4a22-b481-33b8b1eac469:c4903, e00ee311-0ce1-4115-b4c1-69648d9d3094:c4902, bb9367ec-656d-4ade-92be-004a921408cc:c4902]
2019-08-06 03:26:42,864 INFO  client.GrpcClientProtocolClient (GrpcClientProtocolClient.java:onNext(255)) - client-9DC82E534C87->980d9c0c-33ac-4a22-b481-33b8b1eac469: receive RaftClientReply:client-9DC82E534C87->980d9c0c-33ac-4a22-b481-33b8b1eac469@group-23022C6A558E, cid=3263, SUCCESS, logIndex=4904, commits[980d9c0c-33ac-4a22-b481-33b8b1eac469:c4905, e00ee311-0ce1-4115-b4c1-69648d9d3094:c4903, bb9367ec-656d-4ade-92be-004a921408cc:c4903]
2019-08-06 03:26:42,864 INFO  client.GrpcClientProtocolClient (GrpcClientProtocolClient.java:onNext(255)) - client-9DC82E534C87->980d9c0c-33ac-4a22-b481-33b8b1eac469: receive RaftClientReply:client-9DC82E534C87->980d9c0c-33ac-4a22-b481-33b8b1eac469@group-23022C6A558E, cid=3264, SUCCESS, logIndex=4905, commits[980d9c0c-33ac-4a22-b481-33b8b1eac469:c4907, e00ee311-0ce1-4115-b4c1-69648d9d3094:c4903, bb9367ec-656d-4ade-92be-004a921408cc:c4903]
2019-08-06 03:26:42,865 INFO  client.GrpcClientProtocolClient (GrpcClientProtocolClient.java:onNext(255)) - client-9DC82E534C87->980d9c0c-33ac-4a22-b481-33b8b1eac469: receive RaftClientReply:client-9DC82E534C87->980d9c0c-33ac-4a22-b481-33b8b1eac469@group-23022C6A558E, cid=3265, SUCCESS, logIndex=4906, commits[980d9c0c-33ac-4a22-b481-33b8b1eac469:c4907, e00ee311-0ce1-4115-b4c1-69648d9d3094:c4903, bb9367ec-656d-4ade-92be-004a921408cc:c4903]
2019-08-06 03:26:42,865 INFO  client.GrpcClientProtocolClient (GrpcClientProtocolClient.java:onNext(255)) - client-9DC82E534C87->980d9c0c-33ac-4a22-b481-33b8b1eac469: receive RaftClientReply:client-9DC82E534C87->980d9c0c-33ac-4a22-b481-33b8b1eac469@group-23022C6A558E, cid=3266, SUCCESS, logIndex=4907, commits[980d9c0c-33ac-4a22-b481-33b8b1eac469:c4907, e00ee311-0ce1-4115-b4c1-69648d9d3094:c4903, bb9367ec-656d-4ade-92be-004a921408cc:c4903]
2019-08-06 03:26:42,877 INFO  client.GrpcClientProtocolClient (GrpcClientProtocolClient.java:onNext(255)) - client-9DC82E534C87->980d9c0c-33ac-4a22-b481-33b8b1eac469: receive RaftClientReply:client-9DC82E534C87->980d9c0c-33ac-4a22-b481-33b8b1eac469@group-23022C6A558E, cid=3267, SUCCESS, logIndex=0, commits[980d9c0c-33ac-4a22-b481-33b8b1eac469:c4908, e00ee311-0ce1-4115-b4c1-69648d9d3094:c4905, bb9367ec-656d-4ade-92be-004a921408cc:c4905]
2019-08-06 03:26:42,899 INFO  client.GrpcClientProtocolClient (GrpcClientProtocolClient.java:onNext(255)) - client-9DC82E534C87->980d9c0c-33ac-4a22-b481-33b8b1eac469: receive RaftClientReply:client-9DC82E534C87->980d9c0c-33ac-4a22-b481-33b8b1eac469@group-23022C6A558E, cid=3268, SUCCESS, logIndex=4911, commits[980d9c0c-33ac-4a22-b481-33b8b1eac469:c4912, e00ee311-0ce1-4115-b4c1-69648d9d3094:c4910, bb9367ec-656d-4ade-92be-004a921408cc:c4910]
2019-08-06 03:26:42,899 INFO  client.GrpcClientProtocolClient (GrpcClientProtocolClient.java:onNext(255)) - client-9DC82E534C87->980d9c0c-33ac-4a22-b481-33b8b1eac469: receive RaftClientReply:client-9DC82E534C87->980d9c0c-33ac-4a22-b481-33b8b1eac469@group-23022C6A558E, cid=3269, SUCCESS, logIndex=4912, commits[980d9c0c-33ac-4a22-b481-33b8b1eac469:c4912, e00ee311-0ce1-4115-b4c1-69648d9d3094:c4910, bb9367ec-656d-4ade-92be-004a921408cc:c4910]
2019-08-06 03:26:42,925 INFO  client.GrpcClientProtocolClient (GrpcClientProtocolClient.java:onNext(255)) - client-9DC82E534C87->980d9c0c-33ac-4a22-b481-33b8b1eac469: receive RaftClientReply:client-9DC82E534C87->980d9c0c-33ac-4a22-b481-33b8b1eac469@group-23022C6A558E, cid=3270, SUCCESS, logIndex=4915, commits[980d9c0c-33ac-4a22-b481-33b8b1eac469:c4916, e00ee311-0ce1-4115-b4c1-69648d9d3094:c4912, bb9367ec-656d-4ade-92be-004a921408cc:c4912]
2019-08-06 03:26:42,926 INFO  client.GrpcClientProtocolClient (GrpcClientProtocolClient.java:onNext(255)) - client-9DC82E534C87->980d9c0c-33ac-4a22-b481-33b8b1eac469: receive RaftClientReply:client-9DC82E534C87->980d9c0c-33ac-4a22-b481-33b8b1eac469@group-23022C6A558E, cid=3271, SUCCESS, logIndex=4916, commits[980d9c0c-33ac-4a22-b481-33b8b1eac469:c4916, e00ee311-0ce1-4115-b4c1-69648d9d3094:c4912, bb9367ec-656d-4ade-92be-004a921408cc:c4912]
2019-08-06 03:26:42,938 INFO  client.GrpcClientProtocolClient (GrpcClientProtocolClient.java:onNext(255)) - client-9DC82E534C87->980d9c0c-33ac-4a22-b481-33b8b1eac469: receive RaftClientReply:client-9DC82E534C87->980d9c0c-33ac-4a22-b481-33b8b1eac469@group-23022C6A558E, cid=3272, SUCCESS, logIndex=0, commits[980d9c0c-33ac-4a22-b481-33b8b1eac469:c4917, e00ee311-0ce1-4115-b4c1-69648d9d3094:c4916, bb9367ec-656d-4ade-92be-004a921408cc:c4916]
2019-08-06 03:26:42,974 INFO  client.GrpcClientProtocolClient (GrpcClientProtocolClient.java:onNext(255)) - client-9DC82E534C87->980d9c0c-33ac-4a22-b481-33b8b1eac469: receive RaftClientReply:client-9DC82E534C87->980d9c0c-33ac-4a22-b481-33b8b1eac469@group-23022C6A558E, cid=3273, SUCCESS, logIndex=4919, commits[980d9c0c-33ac-4a22-b481-33b8b1eac469:c4920, e00ee311-0ce1-4115-b4c1-69648d9d3094:c4918, bb9367ec-656d-4ade-92be-004a921408cc:c4918]
2019-08-06 03:26:42,974 INFO  client.GrpcClientProtocolClient (GrpcClientProtocolClient.java:onNext(255)) - client-9DC82E534C87->980d9c0c-33ac-4a22-b481-33b8b1eac469: receive RaftClientReply:client-9DC82E534C87->980d9c0c-33ac-4a22-b481-33b8b1eac469@group-23022C6A558E, cid=3274, SUCCESS, logIndex=4920, commits[980d9c0c-33ac-4a22-b481-33b8b1eac469:c4920, e00ee311-0ce1-4115-b4c1-69648d9d3094:c4918, bb9367ec-656d-4ade-92be-004a921408cc:c4918]
2019-08-06 03:26:42,999 INFO  client.GrpcClientProtocolClient (GrpcClientProtocolClient.java:onNext(255)) - client-9DC82E534C87->980d9c0c-33ac-4a22-b481-33b8b1eac469: receive RaftClientReply:client-9DC82E534C87->980d9c0c-33ac-4a22-b481-33b8b1eac469@group-23022C6A558E, cid=3275, SUCCESS, logIndex=4921, commits[980d9c0c-33ac-4a22-b481-33b8b1eac469:c4921, e00ee311-0ce1-4115-b4c1-69648d9d3094:c4918, bb9367ec-656d-4ade-92be-004a921408cc:c4918]
2019-08-06 03:26:42,999 INFO  client.GrpcClientProtocolClient (GrpcClientProtocolClient.java:onNext(255)) - client-9DC82E534C87->980d9c0c-33ac-4a22-b481-33b8b1eac469: receive RaftClientReply:client-9DC82E534C87->980d9c0c-33ac-4a22-b481-33b8b1eac469@group-23022C6A558E, cid=3276, SUCCESS, logIndex=4922, commits[980d9c0c-33ac-4a22-b481-33b8b1eac469:c4923, e00ee311-0ce1-4115-b4c1-69648d9d3094:c4918, bb9367ec-656d-4ade-92be-004a921408cc:c4919]
2019-08-06 03:26:43,013 INFO  client.GrpcClientProtocolClient (GrpcClientProtocolClient.java:onNext(255)) - client-9DC82E534C87->980d9c0c-33ac-4a22-b481-33b8b1eac469: receive RaftClientReply:client-9DC82E534C87->980d9c0c-33ac-4a22-b481-33b8b1eac469@group-23022C6A558E, cid=3277, SUCCESS, logIndex=0, commits[980d9c0c-33ac-4a22-b481-33b8b1eac469:c4925, e00ee311-0ce1-4115-b4c1-69648d9d3094:c4920, bb9367ec-656d-4ade-92be-004a921408cc:c4921]
2019-08-06 03:26:43,041 INFO  client.GrpcClientProtocolClient (GrpcClientProtocolClient.java:onNext(255)) - client-9DC82E534C87->980d9c0c-33ac-4a22-b481-33b8b1eac469: receive RaftClientReply:client-9DC82E534C87->980d9c0c-33ac-4a22-b481-33b8b1eac469@group-23022C6A558E, cid=3278, SUCCESS, logIndex=4927, commits[980d9c0c-33ac-4a22-b481-33b8b1eac469:c4928, e00ee311-0ce1-4115-b4c1-69648d9d3094:c4926, bb9367ec-656d-4ade-92be-004a921408cc:c4926]
2019-08-06 03:26:43,041 INFO  client.GrpcClientProtocolClient (GrpcClientProtocolClient.java:onNext(255)) - client-9DC82E534C87->980d9c0c-33ac-4a22-b481-33b8b1eac469: receive RaftClientReply:client-9DC82E534C87->980d9c0c-33ac-4a22-b481-33b8b1eac469@group-23022C6A558E, cid=3279, SUCCESS, logIndex=4928, commits[980d9c0c-33ac-4a22-b481-33b8b1eac469:c4928, e00ee311-0ce1-4115-b4c1-69648d9d3094:c4926, bb9367ec-656d-4ade-92be-004a921408cc:c4926]
2019-08-06 03:26:43,064 INFO  client.GrpcClientProtocolClient (GrpcClientProtocolClient.java:onNext(255)) - client-9DC82E534C87->980d9c0c-33ac-4a22-b481-33b8b1eac469: receive RaftClientReply:client-9DC82E534C87->980d9c0c-33ac-4a22-b481-33b8b1eac469@group-23022C6A558E, cid=3280, SUCCESS, logIndex=4931, commits[980d9c0c-33ac-4a22-b481-33b8b1eac469:c4931, e00ee311-0ce1-4115-b4c1-69648d9d3094:c4928, bb9367ec-656d-4ade-92be-004a921408cc:c4928]
2019-08-06 03:26:43,065 INFO  client.GrpcClientProtocolClient (GrpcClientProtocolClient.java:onNext(255)) - client-9DC82E534C87->980d9c0c-33ac-4a22-b481-33b8b1eac469: receive RaftClientReply:client-9DC82E534C87->980d9c0c-33ac-4a22-b481-33b8b1eac469@group-23022C6A558E, cid=3281, SUCCESS, logIndex=4932, commits[980d9c0c-33ac-4a22-b481-33b8b1eac469:c4932, e00ee311-0ce1-4115-b4c1-69648d9d3094:c4928, bb9367ec-656d-4ade-92be-004a921408cc:c4928]
2019-08-06 03:26:43,079 INFO  client.GrpcClientProtocolClient (GrpcClientProtocolClient.java:onNext(255)) - client-9DC82E534C87->980d9c0c-33ac-4a22-b481-33b8b1eac469: receive RaftClientReply:client-9DC82E534C87->980d9c0c-33ac-4a22-b481-33b8b1eac469@group-23022C6A558E, cid=3282, SUCCESS, logIndex=0, commits[980d9c0c-33ac-4a22-b481-33b8b1eac469:c4934, e00ee311-0ce1-4115-b4c1-69648d9d3094:c4932, bb9367ec-656d-4ade-92be-004a921408cc:c4932]
2019-08-06 03:26:43,114 INFO  client.GrpcClientProtocolClient (GrpcClientProtocolClient.java:onNext(255)) - client-9DC82E534C87->980d9c0c-33ac-4a22-b481-33b8b1eac469: receive RaftClientReply:client-9DC82E534C87->980d9c0c-33ac-4a22-b481-33b8b1eac469@group-23022C6A558E, cid=3283, SUCCESS, logIndex=4935, commits[980d9c0c-33ac-4a22-b481-33b8b1eac469:c4936, e00ee311-0ce1-4115-b4c1-69648d9d3094:c4934, bb9367ec-656d-4ade-92be-004a921408cc:c4934]
2019-08-06 03:26:43,115 INFO  client.GrpcClientProtocolClient (GrpcClientProtocolClient.java:onNext(255)) - client-9DC82E534C87->980d9c0c-33ac-4a22-b481-33b8b1eac469: receive RaftClientReply:client-9DC82E534C87->980d9c0c-33ac-4a22-b481-33b8b1eac469@group-23022C6A558E, cid=3284, SUCCESS, logIndex=4936, commits[980d9c0c-33ac-4a22-b481-33b8b1eac469:c4938, e00ee311-0ce1-4115-b4c1-69648d9d3094:c4934, bb9367ec-656d-4ade-92be-004a921408cc:c4934]
2019-08-06 03:26:43,115 INFO  client.GrpcClientProtocolClient (GrpcClientProtocolClient.java:onNext(255)) - client-9DC82E534C87->980d9c0c-33ac-4a22-b481-33b8b1eac469: receive RaftClientReply:client-9DC82E534C87->980d9c0c-33ac-4a22-b481-33b8b1eac469@group-23022C6A558E, cid=3285, SUCCESS, logIndex=4937, commits[980d9c0c-33ac-4a22-b481-33b8b1eac469:c4938, e00ee311-0ce1-4115-b4c1-69648d9d3094:c4934, bb9367ec-656d-4ade-92be-004a921408cc:c4934]
2019-08-06 03:26:43,116 INFO  client.GrpcClientProtocolClient (GrpcClientProtocolClient.java:onNext(255)) - client-9DC82E534C87->980d9c0c-33ac-4a22-b481-33b8b1eac469: receive RaftClientReply:client-9DC82E534C87->980d9c0c-33ac-4a22-b481-33b8b1eac469@group-23022C6A558E, cid=3286, SUCCESS, logIndex=4938, commits[980d9c0c-33ac-4a22-b481-33b8b1eac469:c4938, e00ee311-0ce1-4115-b4c1-69648d9d3094:c4934, bb9367ec-656d-4ade-92be-004a921408cc:c4934]
2019-08-06 03:26:43,118 INFO  client.GrpcClientProtocolClient (GrpcClientProtocolClient.java:onNext(255)) - client-9DC82E534C87->980d9c0c-33ac-4a22-b481-33b8b1eac469: receive RaftClientReply:client-9DC82E534C87->980d9c0c-33ac-4a22-b481-33b8b1eac469@group-23022C6A558E, cid=3287, SUCCESS, logIndex=0, commits[980d9c0c-33ac-4a22-b481-33b8b1eac469:c4939, e00ee311-0ce1-4115-b4c1-69648d9d3094:c4936, bb9367ec-656d-4ade-92be-004a921408cc:c4936]
2019-08-06 03:26:43,133 INFO  client.GrpcClientProtocolClient (GrpcClientProtocolClient.java:onNext(255)) - client-9DC82E534C87->980d9c0c-33ac-4a22-b481-33b8b1eac469: receive RaftClientReply:client-9DC82E534C87->980d9c0c-33ac-4a22-b481-33b8b1eac469@group-23022C6A558E, cid=3288, SUCCESS, logIndex=4942, commits[980d9c0c-33ac-4a22-b481-33b8b1eac469:c4943, e00ee311-0ce1-4115-b4c1-69648d9d3094:c4939, bb9367ec-656d-4ade-92be-004a921408cc:c4939]
2019-08-06 03:26:43,133 INFO  client.GrpcClientProtocolClient (GrpcClientProtocolClient.java:onNext(255)) - client-9DC82E534C87->980d9c0c-33ac-4a22-b481-33b8b1eac469: receive RaftClientReply:client-9DC82E534C87->980d9c0c-33ac-4a22-b481-33b8b1eac469@group-23022C6A558E, cid=3289, SUCCESS, logIndex=4943, commits[980d9c0c-33ac-4a22-b481-33b8b1eac469:c4943, e00ee311-0ce1-4115-b4c1-69648d9d3094:c4939, bb9367ec-656d-4ade-92be-004a921408cc:c4939]
2019-08-06 03:26:43,158 INFO  client.GrpcClientProtocolClient (GrpcClientProtocolClient.java:onNext(255)) - client-9DC82E534C87->980d9c0c-33ac-4a22-b481-33b8b1eac469: receive RaftClientReply:client-9DC82E534C87->980d9c0c-33ac-4a22-b481-33b8b1eac469@group-23022C6A558E, cid=3290, SUCCESS, logIndex=4946, commits[980d9c0c-33ac-4a22-b481-33b8b1eac469:c4946, e00ee311-0ce1-4115-b4c1-69648d9d3094:c4943, bb9367ec-656d-4ade-92be-004a921408cc:c4943]
2019-08-06 03:26:43,158 INFO  client.GrpcClientProtocolClient (GrpcClientProtocolClient.java:onNext(255)) - client-9DC82E534C87->980d9c0c-33ac-4a22-b481-33b8b1eac469: receive RaftClientReply:client-9DC82E534C87->980d9c0c-33ac-4a22-b481-33b8b1eac469@group-23022C6A558E, cid=3291, SUCCESS, logIndex=4947, commits[980d9c0c-33ac-4a22-b481-33b8b1eac469:c4947, e00ee311-0ce1-4115-b4c1-69648d9d3094:c4943, bb9367ec-656d-4ade-92be-004a921408cc:c4943]
2019-08-06 03:26:43,183 INFO  client.GrpcClientProtocolClient (GrpcClientProtocolClient.java:onNext(255)) - client-9DC82E534C87->980d9c0c-33ac-4a22-b481-33b8b1eac469: receive RaftClientReply:client-9DC82E534C87->980d9c0c-33ac-4a22-b481-33b8b1eac469@group-23022C6A558E, cid=3292, SUCCESS, logIndex=0, commits[980d9c0c-33ac-4a22-b481-33b8b1eac469:c4949, e00ee311-0ce1-4115-b4c1-69648d9d3094:c4947, bb9367ec-656d-4ade-92be-004a921408cc:c4947]
2019-08-06 03:26:43,216 INFO  client.GrpcClientProtocolClient (GrpcClientProtocolClient.java:onNext(255)) - client-9DC82E534C87->980d9c0c-33ac-4a22-b481-33b8b1eac469: receive RaftClientReply:client-9DC82E534C87->980d9c0c-33ac-4a22-b481-33b8b1eac469@group-23022C6A558E, cid=3293, SUCCESS, logIndex=4950, commits[980d9c0c-33ac-4a22-b481-33b8b1eac469:c4951, e00ee311-0ce1-4115-b4c1-69648d9d3094:c4949, bb9367ec-656d-4ade-92be-004a921408cc:c4949]
2019-08-06 03:26:43,217 INFO  client.GrpcClientProtocolClient (GrpcClientProtocolClient.java:onNext(255)) - client-9DC82E534C87->980d9c0c-33ac-4a22-b481-33b8b1eac469: receive RaftClientReply:client-9DC82E534C87->980d9c0c-33ac-4a22-b481-33b8b1eac469@group-23022C6A558E, cid=3294, SUCCESS, logIndex=4951, commits[980d9c0c-33ac-4a22-b481-33b8b1eac469:c4952, e00ee311-0ce1-4115-b4c1-69648d9d3094:c4949, bb9367ec-656d-4ade-92be-004a921408cc:c4949]
2019-08-06 03:26:43,217 INFO  client.GrpcClientProtocolClient (GrpcClientProtocolClient.java:onNext(255)) - client-9DC82E534C87->980d9c0c-33ac-4a22-b481-33b8b1eac469: receive RaftClientReply:client-9DC82E534C87->980d9c0c-33ac-4a22-b481-33b8b1eac469@group-23022C6A558E, cid=3295, SUCCESS, logIndex=4952, commits[980d9c0c-33ac-4a22-b481-33b8b1eac469:c4953, e00ee311-0ce1-4115-b4c1-69648d9d3094:c4949, bb9367ec-656d-4ade-92be-004a921408cc:c4949]
2019-08-06 03:26:43,218 INFO  client.GrpcClientProtocolClient (GrpcClientProtocolClient.java:onNext(255)) - client-9DC82E534C87->980d9c0c-33ac-4a22-b481-33b8b1eac469: receive RaftClientReply:client-9DC82E534C87->980d9c0c-33ac-4a22-b481-33b8b1eac469@group-23022C6A558E, cid=3296, SUCCESS, logIndex=4953, commits[980d9c0c-33ac-4a22-b481-33b8b1eac469:c4953, e00ee311-0ce1-4115-b4c1-69648d9d3094:c4949, bb9367ec-656d-4ade-92be-004a921408cc:c4949]
2019-08-06 03:26:43,232 INFO  client.GrpcClientProtocolClient (GrpcClientProtocolClient.java:onNext(255)) - client-9DC82E534C87->980d9c0c-33ac-4a22-b481-33b8b1eac469: receive RaftClientReply:client-9DC82E534C87->980d9c0c-33ac-4a22-b481-33b8b1eac469@group-23022C6A558E, cid=3297, SUCCESS, logIndex=0, commits[980d9c0c-33ac-4a22-b481-33b8b1eac469:c4955, e00ee311-0ce1-4115-b4c1-69648d9d3094:c4951, bb9367ec-656d-4ade-92be-004a921408cc:c4951]
2019-08-06 03:26:43,256 INFO  client.GrpcClientProtocolClient (GrpcClientProtocolClient.java:onNext(255)) - client-9DC82E534C87->980d9c0c-33ac-4a22-b481-33b8b1eac469: receive RaftClientReply:client-9DC82E534C87->980d9c0c-33ac-4a22-b481-33b8b1eac469@group-23022C6A558E, cid=3298, SUCCESS, logIndex=4958, commits[980d9c0c-33ac-4a22-b481-33b8b1eac469:c4959, e00ee311-0ce1-4115-b4c1-69648d9d3094:c4957, bb9367ec-656d-4ade-92be-004a921408cc:c4957]
2019-08-06 03:26:43,256 INFO  client.GrpcClientProtocolClient (GrpcClientProtocolClient.java:onNext(255)) - client-9DC82E534C87->980d9c0c-33ac-4a22-b481-33b8b1eac469: receive RaftClientReply:client-9DC82E534C87->980d9c0c-33ac-4a22-b481-33b8b1eac469@group-23022C6A558E, cid=3299, SUCCESS, logIndex=4959, commits[980d9c0c-33ac-4a22-b481-33b8b1eac469:c4959, e00ee311-0ce1-4115-b4c1-69648d9d3094:c4957, bb9367ec-656d-4ade-92be-004a921408cc:c4957]
2019-08-06 03:26:43,283 INFO  client.GrpcClientProtocolClient (GrpcClientProtocolClient.java:onNext(255)) - client-9DC82E534C87->980d9c0c-33ac-4a22-b481-33b8b1eac469: receive RaftClientReply:client-9DC82E534C87->980d9c0c-33ac-4a22-b481-33b8b1eac469@group-23022C6A558E, cid=3300, SUCCESS, logIndex=4962, commits[980d9c0c-33ac-4a22-b481-33b8b1eac469:c4963, e00ee311-0ce1-4115-b4c1-69648d9d3094:c4959, bb9367ec-656d-4ade-92be-004a921408cc:c4959]
2019-08-06 03:26:43,283 INFO  client.GrpcClientProtocolClient (GrpcClientProtocolClient.java:onNext(255)) - client-9DC82E534C87->980d9c0c-33ac-4a22-b481-33b8b1eac469: receive RaftClientReply:client-9DC82E534C87->980d9c0c-33ac-4a22-b481-33b8b1eac469@group-23022C6A558E, cid=3301, SUCCESS, logIndex=4963, commits[980d9c0c-33ac-4a22-b481-33b8b1eac469:c4963, e00ee311-0ce1-4115-b4c1-69648d9d3094:c4959, bb9367ec-656d-4ade-92be-004a921408cc:c4959]
2019-08-06 03:26:43,311 INFO  client.GrpcClientProtocolClient (GrpcClientProtocolClient.java:onNext(255)) - client-9DC82E534C87->980d9c0c-33ac-4a22-b481-33b8b1eac469: receive RaftClientReply:client-9DC82E534C87->980d9c0c-33ac-4a22-b481-33b8b1eac469@group-23022C6A558E, cid=3302, SUCCESS, logIndex=0, commits[980d9c0c-33ac-4a22-b481-33b8b1eac469:c4963, e00ee311-0ce1-4115-b4c1-69648d9d3094:c4963, bb9367ec-656d-4ade-92be-004a921408cc:c4963]
2019-08-06 03:26:43,350 INFO  client.GrpcClientProtocolClient (GrpcClientProtocolClient.java:onNext(255)) - client-9DC82E534C87->980d9c0c-33ac-4a22-b481-33b8b1eac469: receive RaftClientReply:client-9DC82E534C87->980d9c0c-33ac-4a22-b481-33b8b1eac469@group-23022C6A558E, cid=3303, SUCCESS, logIndex=4966, commits[980d9c0c-33ac-4a22-b481-33b8b1eac469:c4967, e00ee311-0ce1-4115-b4c1-69648d9d3094:c4965, bb9367ec-656d-4ade-92be-004a921408cc:c4965]
2019-08-06 03:26:43,351 INFO  client.GrpcClientProtocolClient (GrpcClientProtocolClient.java:onNext(255)) - client-9DC82E534C87->980d9c0c-33ac-4a22-b481-33b8b1eac469: receive RaftClientReply:client-9DC82E534C87->980d9c0c-33ac-4a22-b481-33b8b1eac469@group-23022C6A558E, cid=3304, SUCCESS, logIndex=4967, commits[980d9c0c-33ac-4a22-b481-33b8b1eac469:c4969, e00ee311-0ce1-4115-b4c1-69648d9d3094:c4965, bb9367ec-656d-4ade-92be-004a921408cc:c4965]
2019-08-06 03:26:43,351 INFO  client.GrpcClientProtocolClient (GrpcClientProtocolClient.java:onNext(255)) - client-9DC82E534C87->980d9c0c-33ac-4a22-b481-33b8b1eac469: receive RaftClientReply:client-9DC82E534C87->980d9c0c-33ac-4a22-b481-33b8b1eac469@group-23022C6A558E, cid=3305, SUCCESS, logIndex=4968, commits[980d9c0c-33ac-4a22-b481-33b8b1eac469:c4969, e00ee311-0ce1-4115-b4c1-69648d9d3094:c4965, bb9367ec-656d-4ade-92be-004a921408cc:c4965]
2019-08-06 03:26:43,351 INFO  client.GrpcClientProtocolClient (GrpcClientProtocolClient.java:onNext(255)) - client-9DC82E534C87->980d9c0c-33ac-4a22-b481-33b8b1eac469: receive RaftClientReply:client-9DC82E534C87->980d9c0c-33ac-4a22-b481-33b8b1eac469@group-23022C6A558E, cid=3306, SUCCESS, logIndex=4969, commits[980d9c0c-33ac-4a22-b481-33b8b1eac469:c4969, e00ee311-0ce1-4115-b4c1-69648d9d3094:c4965, bb9367ec-656d-4ade-92be-004a921408cc:c4965]
2019-08-06 03:26:43,363 INFO  client.GrpcClientProtocolClient (GrpcClientProtocolClient.java:onNext(255)) - client-9DC82E534C87->980d9c0c-33ac-4a22-b481-33b8b1eac469: receive RaftClientReply:client-9DC82E534C87->980d9c0c-33ac-4a22-b481-33b8b1eac469@group-23022C6A558E, cid=3307, SUCCESS, logIndex=0, commits[980d9c0c-33ac-4a22-b481-33b8b1eac469:c4970, e00ee311-0ce1-4115-b4c1-69648d9d3094:c4967, bb9367ec-656d-4ade-92be-004a921408cc:c4967]
2019-08-06 03:26:43,378 INFO  client.GrpcClientProtocolClient (GrpcClientProtocolClient.java:onNext(255)) - client-9DC82E534C87->980d9c0c-33ac-4a22-b481-33b8b1eac469: receive RaftClientReply:client-9DC82E534C87->980d9c0c-33ac-4a22-b481-33b8b1eac469@group-23022C6A558E, cid=3308, SUCCESS, logIndex=4974, commits[980d9c0c-33ac-4a22-b481-33b8b1eac469:c4975, e00ee311-0ce1-4115-b4c1-69648d9d3094:c4973, bb9367ec-656d-4ade-92be-004a921408cc:c4969]
2019-08-06 03:26:43,378 INFO  client.GrpcClientProtocolClient (GrpcClientProtocolClient.java:onNext(255)) - client-9DC82E534C87->980d9c0c-33ac-4a22-b481-33b8b1eac469: receive RaftClientReply:client-9DC82E534C87->980d9c0c-33ac-4a22-b481-33b8b1eac469@group-23022C6A558E, cid=3309, SUCCESS, logIndex=4975, commits[980d9c0c-33ac-4a22-b481-33b8b1eac469:c4975, e00ee311-0ce1-4115-b4c1-69648d9d3094:c4973, bb9367ec-656d-4ade-92be-004a921408cc:c4969]
2019-08-06 03:26:43,402 INFO  client.GrpcClientProtocolClient (GrpcClientProtocolClient.java:onNext(255)) - client-9DC82E534C87->980d9c0c-33ac-4a22-b481-33b8b1eac469: receive RaftClientReply:client-9DC82E534C87->980d9c0c-33ac-4a22-b481-33b8b1eac469@group-23022C6A558E, cid=3310, SUCCESS, logIndex=4978, commits[980d9c0c-33ac-4a22-b481-33b8b1eac469:c4979, e00ee311-0ce1-4115-b4c1-69648d9d3094:c4975, bb9367ec-656d-4ade-92be-004a921408cc:c4975]
2019-08-06 03:26:43,403 INFO  client.GrpcClientProtocolClient (GrpcClientProtocolClient.java:onNext(255)) - client-9DC82E534C87->980d9c0c-33ac-4a22-b481-33b8b1eac469: receive RaftClientReply:client-9DC82E534C87->980d9c0c-33ac-4a22-b481-33b8b1eac469@group-23022C6A558E, cid=3311, SUCCESS, logIndex=4979, commits[980d9c0c-33ac-4a22-b481-33b8b1eac469:c4979, e00ee311-0ce1-4115-b4c1-69648d9d3094:c4975, bb9367ec-656d-4ade-92be-004a921408cc:c4975]
2019-08-06 03:26:43,429 INFO  client.GrpcClientProtocolClient (GrpcClientProtocolClient.java:onNext(255)) - client-9DC82E534C87->980d9c0c-33ac-4a22-b481-33b8b1eac469: receive RaftClientReply:client-9DC82E534C87->980d9c0c-33ac-4a22-b481-33b8b1eac469@group-23022C6A558E, cid=3312, SUCCESS, logIndex=0, commits[980d9c0c-33ac-4a22-b481-33b8b1eac469:c4981, e00ee311-0ce1-4115-b4c1-69648d9d3094:c4979, bb9367ec-656d-4ade-92be-004a921408cc:c4979]
2019-08-06 03:26:43,464 INFO  client.GrpcClientProtocolClient (GrpcClientProtocolClient.java:onNext(255)) - client-9DC82E534C87->980d9c0c-33ac-4a22-b481-33b8b1eac469: receive RaftClientReply:client-9DC82E534C87->980d9c0c-33ac-4a22-b481-33b8b1eac469@group-23022C6A558E, cid=3313, SUCCESS, logIndex=4982, commits[980d9c0c-33ac-4a22-b481-33b8b1eac469:c4983, e00ee311-0ce1-4115-b4c1-69648d9d3094:c4981, bb9367ec-656d-4ade-92be-004a921408cc:c4981]
2019-08-06 03:26:43,465 INFO  client.GrpcClientProtocolClient (GrpcClientProtocolClient.java:onNext(255)) - client-9DC82E534C87->980d9c0c-33ac-4a22-b481-33b8b1eac469: receive RaftClientReply:client-9DC82E534C87->980d9c0c-33ac-4a22-b481-33b8b1eac469@group-23022C6A558E, cid=3314, SUCCESS, logIndex=4983, commits[980d9c0c-33ac-4a22-b481-33b8b1eac469:c4983, e00ee311-0ce1-4115-b4c1-69648d9d3094:c4981, bb9367ec-656d-4ade-92be-004a921408cc:c4981]
2019-08-06 03:26:43,474 INFO  client.GrpcClientProtocolClient (GrpcClientProtocolClient.java:onNext(255)) - client-9DC82E534C87->980d9c0c-33ac-4a22-b481-33b8b1eac469: receive RaftClientReply:client-9DC82E534C87->980d9c0c-33ac-4a22-b481-33b8b1eac469@group-23022C6A558E, cid=3315, SUCCESS, logIndex=4984, commits[980d9c0c-33ac-4a22-b481-33b8b1eac469:c4985, e00ee311-0ce1-4115-b4c1-69648d9d3094:c4981, bb9367ec-656d-4ade-92be-004a921408cc:c4981]
2019-08-06 03:26:43,475 INFO  client.GrpcClientProtocolClient (GrpcClientProtocolClient.java:onNext(255)) - client-9DC82E534C87->980d9c0c-33ac-4a22-b481-33b8b1eac469: receive RaftClientReply:client-9DC82E534C87->980d9c0c-33ac-4a22-b481-33b8b1eac469@group-23022C6A558E, cid=3316, SUCCESS, logIndex=4985, commits[980d9c0c-33ac-4a22-b481-33b8b1eac469:c4985, e00ee311-0ce1-4115-b4c1-69648d9d3094:c4981, bb9367ec-656d-4ade-92be-004a921408cc:c4981]
2019-08-06 03:26:43,490 INFO  client.GrpcClientProtocolClient (GrpcClientProtocolClient.java:onNext(255)) - client-9DC82E534C87->980d9c0c-33ac-4a22-b481-33b8b1eac469: receive RaftClientReply:client-9DC82E534C87->980d9c0c-33ac-4a22-b481-33b8b1eac469@group-23022C6A558E, cid=3317, SUCCESS, logIndex=0, commits[980d9c0c-33ac-4a22-b481-33b8b1eac469:c4987, e00ee311-0ce1-4115-b4c1-69648d9d3094:c4983, bb9367ec-656d-4ade-92be-004a921408cc:c4983]
 0.00% |█                                                                                                    |  0/1 Time: 0:00:302019-08-06 03:26:43,516 INFO  client.GrpcClientProtocolClient (GrpcClientProtocolClient.java:onNext(255)) - client-9DC82E534C87->980d9c0c-33ac-4a22-b481-33b8b1eac469: receive RaftClientReply:client-9DC82E534C87->980d9c0c-33ac-4a22-b481-33b8b1eac469@group-23022C6A558E, cid=3318, SUCCESS, logIndex=4990, commits[980d9c0c-33ac-4a22-b481-33b8b1eac469:c4991, e00ee311-0ce1-4115-b4c1-69648d9d3094:c4989, bb9367ec-656d-4ade-92be-004a921408cc:c4989]
2019-08-06 03:26:43,517 INFO  client.GrpcClientProtocolClient (GrpcClientProtocolClient.java:onNext(255)) - client-9DC82E534C87->980d9c0c-33ac-4a22-b481-33b8b1eac469: receive RaftClientReply:client-9DC82E534C87->980d9c0c-33ac-4a22-b481-33b8b1eac469@group-23022C6A558E, cid=3319, SUCCESS, logIndex=4991, commits[980d9c0c-33ac-4a22-b481-33b8b1eac469:c4991, e00ee311-0ce1-4115-b4c1-69648d9d3094:c4989, bb9367ec-656d-4ade-92be-004a921408cc:c4989]
2019-08-06 03:26:43,541 INFO  client.GrpcClientProtocolClient (GrpcClientProtocolClient.java:onNext(255)) - client-9DC82E534C87->980d9c0c-33ac-4a22-b481-33b8b1eac469: receive RaftClientReply:client-9DC82E534C87->980d9c0c-33ac-4a22-b481-33b8b1eac469@group-23022C6A558E, cid=3320, SUCCESS, logIndex=4994, commits[980d9c0c-33ac-4a22-b481-33b8b1eac469:c4995, e00ee311-0ce1-4115-b4c1-69648d9d3094:c4990, bb9367ec-656d-4ade-92be-004a921408cc:c4991]
2019-08-06 03:26:43,542 INFO  client.GrpcClientProtocolClient (GrpcClientProtocolClient.java:onNext(255)) - client-9DC82E534C87->980d9c0c-33ac-4a22-b481-33b8b1eac469: receive RaftClientReply:client-9DC82E534C87->980d9c0c-33ac-4a22-b481-33b8b1eac469@group-23022C6A558E, cid=3321, SUCCESS, logIndex=4995, commits[980d9c0c-33ac-4a22-b481-33b8b1eac469:c4995, e00ee311-0ce1-4115-b4c1-69648d9d3094:c4991, bb9367ec-656d-4ade-92be-004a921408cc:c4991]
2019-08-06 03:26:43,547 INFO  client.GrpcClientProtocolClient (GrpcClientProtocolClient.java:onNext(255)) - client-9DC82E534C87->980d9c0c-33ac-4a22-b481-33b8b1eac469: receive RaftClientReply:client-9DC82E534C87->980d9c0c-33ac-4a22-b481-33b8b1eac469@group-23022C6A558E, cid=3322, SUCCESS, logIndex=0, commits[980d9c0c-33ac-4a22-b481-33b8b1eac469:c4997, e00ee311-0ce1-4115-b4c1-69648d9d3094:c4995, bb9367ec-656d-4ade-92be-004a921408cc:c4995]
2019-08-06 03:26:43,675 INFO  client.GrpcClientProtocolClient (GrpcClientProtocolClient.java:onNext(255)) - client-9DC82E534C87->980d9c0c-33ac-4a22-b481-33b8b1eac469: receive RaftClientReply:client-9DC82E534C87->980d9c0c-33ac-4a22-b481-33b8b1eac469@group-23022C6A558E, cid=3323, SUCCESS, logIndex=4998, commits[980d9c0c-33ac-4a22-b481-33b8b1eac469:c4999, e00ee311-0ce1-4115-b4c1-69648d9d3094:c4997, bb9367ec-656d-4ade-92be-004a921408cc:c4997]
2019-08-06 03:26:43,676 INFO  client.GrpcClientProtocolClient (GrpcClientProtocolClient.java:onNext(255)) - client-9DC82E534C87->980d9c0c-33ac-4a22-b481-33b8b1eac469: receive RaftClientReply:client-9DC82E534C87->980d9c0c-33ac-4a22-b481-33b8b1eac469@group-23022C6A558E, cid=3324, SUCCESS, logIndex=4999, commits[980d9c0c-33ac-4a22-b481-33b8b1eac469:c4999, e00ee311-0ce1-4115-b4c1-69648d9d3094:c4997, bb9367ec-656d-4ade-92be-004a921408cc:c4997]
2019-08-06 03:26:43,676 INFO  client.GrpcClientProtocolClient (GrpcClientProtocolClient.java:onNext(255)) - client-9DC82E534C87->980d9c0c-33ac-4a22-b481-33b8b1eac469: receive RaftClientReply:client-9DC82E534C87->980d9c0c-33ac-4a22-b481-33b8b1eac469@group-23022C6A558E, cid=3325, SUCCESS, logIndex=5000, commits[980d9c0c-33ac-4a22-b481-33b8b1eac469:c5001, e00ee311-0ce1-4115-b4c1-69648d9d3094:c4997, bb9367ec-656d-4ade-92be-004a921408cc:c4997]
2019-08-06 03:26:43,677 INFO  client.GrpcClientProtocolClient (GrpcClientProtocolClient.java:onNext(255)) - client-9DC82E534C87->980d9c0c-33ac-4a22-b481-33b8b1eac469: receive RaftClientReply:client-9DC82E534C87->980d9c0c-33ac-4a22-b481-33b8b1eac469@group-23022C6A558E, cid=3326, SUCCESS, logIndex=5001, commits[980d9c0c-33ac-4a22-b481-33b8b1eac469:c5001, e00ee311-0ce1-4115-b4c1-69648d9d3094:c4997, bb9367ec-656d-4ade-92be-004a921408cc:c4997]
2019-08-06 03:26:43,698 INFO  client.GrpcClientProtocolClient (GrpcClientProtocolClient.java:onNext(255)) - client-9DC82E534C87->980d9c0c-33ac-4a22-b481-33b8b1eac469: receive RaftClientReply:client-9DC82E534C87->980d9c0c-33ac-4a22-b481-33b8b1eac469@group-23022C6A558E, cid=3327, SUCCESS, logIndex=0, commits[980d9c0c-33ac-4a22-b481-33b8b1eac469:c5005, e00ee311-0ce1-4115-b4c1-69648d9d3094:c5001, bb9367ec-656d-4ade-92be-004a921408cc:c4999]
2019-08-06 03:26:43,719 INFO  client.GrpcClientProtocolClient (GrpcClientProtocolClient.java:onNext(255)) - client-9DC82E534C87->980d9c0c-33ac-4a22-b481-33b8b1eac469: receive RaftClientReply:client-9DC82E534C87->980d9c0c-33ac-4a22-b481-33b8b1eac469@group-23022C6A558E, cid=3328, SUCCESS, logIndex=5006, commits[980d9c0c-33ac-4a22-b481-33b8b1eac469:c5007, e00ee311-0ce1-4115-b4c1-69648d9d3094:c5005, bb9367ec-656d-4ade-92be-004a921408cc:c5005]
2019-08-06 03:26:43,720 INFO  client.GrpcClientProtocolClient (GrpcClientProtocolClient.java:onNext(255)) - client-9DC82E534C87->980d9c0c-33ac-4a22-b481-33b8b1eac469: receive RaftClientReply:client-9DC82E534C87->980d9c0c-33ac-4a22-b481-33b8b1eac469@group-23022C6A558E, cid=3329, SUCCESS, logIndex=5007, commits[980d9c0c-33ac-4a22-b481-33b8b1eac469:c5007, e00ee311-0ce1-4115-b4c1-69648d9d3094:c5005, bb9367ec-656d-4ade-92be-004a921408cc:c5005]
2019-08-06 03:26:43,732 INFO  client.GrpcClientProtocolClient (GrpcClientProtocolClient.java:onNext(255)) - client-9DC82E534C87->980d9c0c-33ac-4a22-b481-33b8b1eac469: receive RaftClientReply:client-9DC82E534C87->980d9c0c-33ac-4a22-b481-33b8b1eac469@group-23022C6A558E, cid=3330, SUCCESS, logIndex=5010, commits[980d9c0c-33ac-4a22-b481-33b8b1eac469:c5011, e00ee311-0ce1-4115-b4c1-69648d9d3094:c5007, bb9367ec-656d-4ade-92be-004a921408cc:c5006]
2019-08-06 03:26:43,733 INFO  client.GrpcClientProtocolClient (GrpcClientProtocolClient.java:onNext(255)) - client-9DC82E534C87->980d9c0c-33ac-4a22-b481-33b8b1eac469: receive RaftClientReply:client-9DC82E534C87->980d9c0c-33ac-4a22-b481-33b8b1eac469@group-23022C6A558E, cid=3331, SUCCESS, logIndex=5011, commits[980d9c0c-33ac-4a22-b481-33b8b1eac469:c5011, e00ee311-0ce1-4115-b4c1-69648d9d3094:c5007, bb9367ec-656d-4ade-92be-004a921408cc:c5007]
2019-08-06 03:26:43,734 INFO  client.GrpcClientProtocolClient (GrpcClientProtocolClient.java:onNext(255)) - client-9DC82E534C87->980d9c0c-33ac-4a22-b481-33b8b1eac469: receive RaftClientReply:client-9DC82E534C87->980d9c0c-33ac-4a22-b481-33b8b1eac469@group-23022C6A558E, cid=3332, SUCCESS, logIndex=0, commits[980d9c0c-33ac-4a22-b481-33b8b1eac469:c5012, e00ee311-0ce1-4115-b4c1-69648d9d3094:c5011, bb9367ec-656d-4ade-92be-004a921408cc:c5011]
2019-08-06 03:26:43,770 INFO  client.GrpcClientProtocolClient (GrpcClientProtocolClient.java:onNext(255)) - client-9DC82E534C87->980d9c0c-33ac-4a22-b481-33b8b1eac469: receive RaftClientReply:client-9DC82E534C87->980d9c0c-33ac-4a22-b481-33b8b1eac469@group-23022C6A558E, cid=3333, SUCCESS, logIndex=5014, commits[980d9c0c-33ac-4a22-b481-33b8b1eac469:c5015, e00ee311-0ce1-4115-b4c1-69648d9d3094:c5013, bb9367ec-656d-4ade-92be-004a921408cc:c5013]
2019-08-06 03:26:43,771 INFO  client.GrpcClientProtocolClient (GrpcClientProtocolClient.java:onNext(255)) - client-9DC82E534C87->980d9c0c-33ac-4a22-b481-33b8b1eac469: receive RaftClientReply:client-9DC82E534C87->980d9c0c-33ac-4a22-b481-33b8b1eac469@group-23022C6A558E, cid=3334, SUCCESS, logIndex=5015, commits[980d9c0c-33ac-4a22-b481-33b8b1eac469:c5015, e00ee311-0ce1-4115-b4c1-69648d9d3094:c5013, bb9367ec-656d-4ade-92be-004a921408cc:c5013]
2019-08-06 03:26:43,771 INFO  client.GrpcClientProtocolClient (GrpcClientProtocolClient.java:onNext(255)) - client-9DC82E534C87->980d9c0c-33ac-4a22-b481-33b8b1eac469: receive RaftClientReply:client-9DC82E534C87->980d9c0c-33ac-4a22-b481-33b8b1eac469@group-23022C6A558E, cid=3335, SUCCESS, logIndex=5016, commits[980d9c0c-33ac-4a22-b481-33b8b1eac469:c5017, e00ee311-0ce1-4115-b4c1-69648d9d3094:c5013, bb9367ec-656d-4ade-92be-004a921408cc:c5013]
2019-08-06 03:26:43,771 INFO  client.GrpcClientProtocolClient (GrpcClientProtocolClient.java:onNext(255)) - client-9DC82E534C87->980d9c0c-33ac-4a22-b481-33b8b1eac469: receive RaftClientReply:client-9DC82E534C87->980d9c0c-33ac-4a22-b481-33b8b1eac469@group-23022C6A558E, cid=3336, SUCCESS, logIndex=5017, commits[980d9c0c-33ac-4a22-b481-33b8b1eac469:c5017, e00ee311-0ce1-4115-b4c1-69648d9d3094:c5013, bb9367ec-656d-4ade-92be-004a921408cc:c5013]
2019-08-06 03:26:43,772 INFO  client.GrpcClientProtocolClient (GrpcClientProtocolClient.java:onNext(255)) - client-9DC82E534C87->980d9c0c-33ac-4a22-b481-33b8b1eac469: receive RaftClientReply:client-9DC82E534C87->980d9c0c-33ac-4a22-b481-33b8b1eac469@group-23022C6A558E, cid=3337, SUCCESS, logIndex=0, commits[980d9c0c-33ac-4a22-b481-33b8b1eac469:c5019, e00ee311-0ce1-4115-b4c1-69648d9d3094:c5015, bb9367ec-656d-4ade-92be-004a921408cc:c5015]
2019-08-06 03:26:43,792 INFO  client.GrpcClientProtocolClient (GrpcClientProtocolClient.java:onNext(255)) - client-9DC82E534C87->980d9c0c-33ac-4a22-b481-33b8b1eac469: receive RaftClientReply:client-9DC82E534C87->980d9c0c-33ac-4a22-b481-33b8b1eac469@group-23022C6A558E, cid=3338, SUCCESS, logIndex=5022, commits[980d9c0c-33ac-4a22-b481-33b8b1eac469:c5023, e00ee311-0ce1-4115-b4c1-69648d9d3094:c5021, bb9367ec-656d-4ade-92be-004a921408cc:c5021]
2019-08-06 03:26:43,793 INFO  client.GrpcClientProtocolClient (GrpcClientProtocolClient.java:onNext(255)) - client-9DC82E534C87->980d9c0c-33ac-4a22-b481-33b8b1eac469: receive RaftClientReply:client-9DC82E534C87->980d9c0c-33ac-4a22-b481-33b8b1eac469@group-23022C6A558E, cid=3339, SUCCESS, logIndex=5023, commits[980d9c0c-33ac-4a22-b481-33b8b1eac469:c5023, e00ee311-0ce1-4115-b4c1-69648d9d3094:c5021, bb9367ec-656d-4ade-92be-004a921408cc:c5021]
2019-08-06 03:26:43,808 INFO  client.GrpcClientProtocolClient (GrpcClientProtocolClient.java:onNext(255)) - client-9DC82E534C87->980d9c0c-33ac-4a22-b481-33b8b1eac469: receive RaftClientReply:client-9DC82E534C87->980d9c0c-33ac-4a22-b481-33b8b1eac469@group-23022C6A558E, cid=3340, SUCCESS, logIndex=5026, commits[980d9c0c-33ac-4a22-b481-33b8b1eac469:c5027, e00ee311-0ce1-4115-b4c1-69648d9d3094:c5023, bb9367ec-656d-4ade-92be-004a921408cc:c5023]
2019-08-06 03:26:43,809 INFO  client.GrpcClientProtocolClient (GrpcClientProtocolClient.java:onNext(255)) - client-9DC82E534C87->980d9c0c-33ac-4a22-b481-33b8b1eac469: receive RaftClientReply:client-9DC82E534C87->980d9c0c-33ac-4a22-b481-33b8b1eac469@group-23022C6A558E, cid=3341, SUCCESS, logIndex=5027, commits[980d9c0c-33ac-4a22-b481-33b8b1eac469:c5027, e00ee311-0ce1-4115-b4c1-69648d9d3094:c5023, bb9367ec-656d-4ade-92be-004a921408cc:c5023]
2019-08-06 03:26:43,827 INFO  client.GrpcClientProtocolClient (GrpcClientProtocolClient.java:onNext(255)) - client-9DC82E534C87->980d9c0c-33ac-4a22-b481-33b8b1eac469: receive RaftClientReply:client-9DC82E534C87->980d9c0c-33ac-4a22-b481-33b8b1eac469@group-23022C6A558E, cid=3342, SUCCESS, logIndex=0, commits[980d9c0c-33ac-4a22-b481-33b8b1eac469:c5028, e00ee311-0ce1-4115-b4c1-69648d9d3094:c5027, bb9367ec-656d-4ade-92be-004a921408cc:c5027]
2019-08-06 03:26:43,860 INFO  client.GrpcClientProtocolClient (GrpcClientProtocolClient.java:onNext(255)) - client-9DC82E534C87->980d9c0c-33ac-4a22-b481-33b8b1eac469: receive RaftClientReply:client-9DC82E534C87->980d9c0c-33ac-4a22-b481-33b8b1eac469@group-23022C6A558E, cid=3343, SUCCESS, logIndex=5030, commits[980d9c0c-33ac-4a22-b481-33b8b1eac469:c5031, e00ee311-0ce1-4115-b4c1-69648d9d3094:c5029, bb9367ec-656d-4ade-92be-004a921408cc:c5029]
2019-08-06 03:26:43,861 INFO  client.GrpcClientProtocolClient (GrpcClientProtocolClient.java:onNext(255)) - client-9DC82E534C87->980d9c0c-33ac-4a22-b481-33b8b1eac469: receive RaftClientReply:client-9DC82E534C87->980d9c0c-33ac-4a22-b481-33b8b1eac469@group-23022C6A558E, cid=3344, SUCCESS, logIndex=5031, commits[980d9c0c-33ac-4a22-b481-33b8b1eac469:c5031, e00ee311-0ce1-4115-b4c1-69648d9d3094:c5029, bb9367ec-656d-4ade-92be-004a921408cc:c5029]
2019-08-06 03:26:43,862 INFO  client.GrpcClientProtocolClient (GrpcClientProtocolClient.java:onNext(255)) - client-9DC82E534C87->980d9c0c-33ac-4a22-b481-33b8b1eac469: receive RaftClientReply:client-9DC82E534C87->980d9c0c-33ac-4a22-b481-33b8b1eac469@group-23022C6A558E, cid=3345, SUCCESS, logIndex=5032, commits[980d9c0c-33ac-4a22-b481-33b8b1eac469:c5033, e00ee311-0ce1-4115-b4c1-69648d9d3094:c5029, bb9367ec-656d-4ade-92be-004a921408cc:c5029]
2019-08-06 03:26:43,863 INFO  client.GrpcClientProtocolClient (GrpcClientProtocolClient.java:onNext(255)) - client-9DC82E534C87->980d9c0c-33ac-4a22-b481-33b8b1eac469: receive RaftClientReply:client-9DC82E534C87->980d9c0c-33ac-4a22-b481-33b8b1eac469@group-23022C6A558E, cid=3346, SUCCESS, logIndex=5033, commits[980d9c0c-33ac-4a22-b481-33b8b1eac469:c5033, e00ee311-0ce1-4115-b4c1-69648d9d3094:c5029, bb9367ec-656d-4ade-92be-004a921408cc:c5029]
2019-08-06 03:26:43,865 INFO  client.GrpcClientProtocolClient (GrpcClientProtocolClient.java:onNext(255)) - client-9DC82E534C87->980d9c0c-33ac-4a22-b481-33b8b1eac469: receive RaftClientReply:client-9DC82E534C87->980d9c0c-33ac-4a22-b481-33b8b1eac469@group-23022C6A558E, cid=3347, SUCCESS, logIndex=0, commits[980d9c0c-33ac-4a22-b481-33b8b1eac469:c5035, e00ee311-0ce1-4115-b4c1-69648d9d3094:c5031, bb9367ec-656d-4ade-92be-004a921408cc:c5031]
2019-08-06 03:26:43,887 INFO  client.GrpcClientProtocolClient (GrpcClientProtocolClient.java:onNext(255)) - client-9DC82E534C87->980d9c0c-33ac-4a22-b481-33b8b1eac469: receive RaftClientReply:client-9DC82E534C87->980d9c0c-33ac-4a22-b481-33b8b1eac469@group-23022C6A558E, cid=3348, SUCCESS, logIndex=5038, commits[980d9c0c-33ac-4a22-b481-33b8b1eac469:c5039, e00ee311-0ce1-4115-b4c1-69648d9d3094:c5037, bb9367ec-656d-4ade-92be-004a921408cc:c5037]
2019-08-06 03:26:43,887 INFO  client.GrpcClientProtocolClient (GrpcClientProtocolClient.java:onNext(255)) - client-9DC82E534C87->980d9c0c-33ac-4a22-b481-33b8b1eac469: receive RaftClientReply:client-9DC82E534C87->980d9c0c-33ac-4a22-b481-33b8b1eac469@group-23022C6A558E, cid=3349, SUCCESS, logIndex=5039, commits[980d9c0c-33ac-4a22-b481-33b8b1eac469:c5039, e00ee311-0ce1-4115-b4c1-69648d9d3094:c5037, bb9367ec-656d-4ade-92be-004a921408cc:c5037]
2019-08-06 03:26:43,900 INFO  client.GrpcClientProtocolClient (GrpcClientProtocolClient.java:onNext(255)) - client-9DC82E534C87->980d9c0c-33ac-4a22-b481-33b8b1eac469: receive RaftClientReply:client-9DC82E534C87->980d9c0c-33ac-4a22-b481-33b8b1eac469@group-23022C6A558E, cid=3350, SUCCESS, logIndex=5042, commits[980d9c0c-33ac-4a22-b481-33b8b1eac469:c5043, e00ee311-0ce1-4115-b4c1-69648d9d3094:c5038, bb9367ec-656d-4ade-92be-004a921408cc:c5039]
2019-08-06 03:26:43,900 INFO  client.GrpcClientProtocolClient (GrpcClientProtocolClient.java:onNext(255)) - client-9DC82E534C87->980d9c0c-33ac-4a22-b481-33b8b1eac469: receive RaftClientReply:client-9DC82E534C87->980d9c0c-33ac-4a22-b481-33b8b1eac469@group-23022C6A558E, cid=3351, SUCCESS, logIndex=5043, commits[980d9c0c-33ac-4a22-b481-33b8b1eac469:c5043, e00ee311-0ce1-4115-b4c1-69648d9d3094:c5039, bb9367ec-656d-4ade-92be-004a921408cc:c5039]
2019-08-06 03:26:43,901 INFO  client.GrpcClientProtocolClient (GrpcClientProtocolClient.java:onNext(255)) - client-9DC82E534C87->980d9c0c-33ac-4a22-b481-33b8b1eac469: receive RaftClientReply:client-9DC82E534C87->980d9c0c-33ac-4a22-b481-33b8b1eac469@group-23022C6A558E, cid=3352, SUCCESS, logIndex=0, commits[980d9c0c-33ac-4a22-b481-33b8b1eac469:c5044, e00ee311-0ce1-4115-b4c1-69648d9d3094:c5043, bb9367ec-656d-4ade-92be-004a921408cc:c5043]
2019-08-06 03:26:43,935 INFO  client.GrpcClientProtocolClient (GrpcClientProtocolClient.java:onNext(255)) - client-9DC82E534C87->980d9c0c-33ac-4a22-b481-33b8b1eac469: receive RaftClientReply:client-9DC82E534C87->980d9c0c-33ac-4a22-b481-33b8b1eac469@group-23022C6A558E, cid=3353, SUCCESS, logIndex=5046, commits[980d9c0c-33ac-4a22-b481-33b8b1eac469:c5046, e00ee311-0ce1-4115-b4c1-69648d9d3094:c5045, bb9367ec-656d-4ade-92be-004a921408cc:c5045]
2019-08-06 03:26:43,936 INFO  client.GrpcClientProtocolClient (GrpcClientProtocolClient.java:onNext(255)) - client-9DC82E534C87->980d9c0c-33ac-4a22-b481-33b8b1eac469: receive RaftClientReply:client-9DC82E534C87->980d9c0c-33ac-4a22-b481-33b8b1eac469@group-23022C6A558E, cid=3354, SUCCESS, logIndex=5047, commits[980d9c0c-33ac-4a22-b481-33b8b1eac469:c5049, e00ee311-0ce1-4115-b4c1-69648d9d3094:c5045, bb9367ec-656d-4ade-92be-004a921408cc:c5045]
2019-08-06 03:26:43,936 INFO  client.GrpcClientProtocolClient (GrpcClientProtocolClient.java:onNext(255)) - client-9DC82E534C87->980d9c0c-33ac-4a22-b481-33b8b1eac469: receive RaftClientReply:client-9DC82E534C87->980d9c0c-33ac-4a22-b481-33b8b1eac469@group-23022C6A558E, cid=3355, SUCCESS, logIndex=5048, commits[980d9c0c-33ac-4a22-b481-33b8b1eac469:c5049, e00ee311-0ce1-4115-b4c1-69648d9d3094:c5045, bb9367ec-656d-4ade-92be-004a921408cc:c5045]
2019-08-06 03:26:43,937 INFO  client.GrpcClientProtocolClient (GrpcClientProtocolClient.java:onNext(255)) - client-9DC82E534C87->980d9c0c-33ac-4a22-b481-33b8b1eac469: receive RaftClientReply:client-9DC82E534C87->980d9c0c-33ac-4a22-b481-33b8b1eac469@group-23022C6A558E, cid=3356, SUCCESS, logIndex=5049, commits[980d9c0c-33ac-4a22-b481-33b8b1eac469:c5049, e00ee311-0ce1-4115-b4c1-69648d9d3094:c5045, bb9367ec-656d-4ade-92be-004a921408cc:c5045]
2019-08-06 03:26:43,939 INFO  client.GrpcClientProtocolClient (GrpcClientProtocolClient.java:onNext(255)) - client-9DC82E534C87->980d9c0c-33ac-4a22-b481-33b8b1eac469: receive RaftClientReply:client-9DC82E534C87->980d9c0c-33ac-4a22-b481-33b8b1eac469@group-23022C6A558E, cid=3357, SUCCESS, logIndex=0, commits[980d9c0c-33ac-4a22-b481-33b8b1eac469:c5052, e00ee311-0ce1-4115-b4c1-69648d9d3094:c5048, bb9367ec-656d-4ade-92be-004a921408cc:c5049]
2019-08-06 03:26:43,960 INFO  client.GrpcClientProtocolClient (GrpcClientProtocolClient.java:onNext(255)) - client-9DC82E534C87->980d9c0c-33ac-4a22-b481-33b8b1eac469: receive RaftClientReply:client-9DC82E534C87->980d9c0c-33ac-4a22-b481-33b8b1eac469@group-23022C6A558E, cid=3358, SUCCESS, logIndex=5053, commits[980d9c0c-33ac-4a22-b481-33b8b1eac469:c5054, e00ee311-0ce1-4115-b4c1-69648d9d3094:c5052, bb9367ec-656d-4ade-92be-004a921408cc:c5049]
2019-08-06 03:26:43,960 INFO  client.GrpcClientProtocolClient (GrpcClientProtocolClient.java:onNext(255)) - client-9DC82E534C87->980d9c0c-33ac-4a22-b481-33b8b1eac469: receive RaftClientReply:client-9DC82E534C87->980d9c0c-33ac-4a22-b481-33b8b1eac469@group-23022C6A558E, cid=3359, SUCCESS, logIndex=5054, commits[980d9c0c-33ac-4a22-b481-33b8b1eac469:c5054, e00ee311-0ce1-4115-b4c1-69648d9d3094:c5052, bb9367ec-656d-4ade-92be-004a921408cc:c5052]
2019-08-06 03:26:43,973 INFO  client.GrpcClientProtocolClient (GrpcClientProtocolClient.java:onNext(255)) - client-9DC82E534C87->980d9c0c-33ac-4a22-b481-33b8b1eac469: receive RaftClientReply:client-9DC82E534C87->980d9c0c-33ac-4a22-b481-33b8b1eac469@group-23022C6A558E, cid=3360, SUCCESS, logIndex=5057, commits[980d9c0c-33ac-4a22-b481-33b8b1eac469:c5058, e00ee311-0ce1-4115-b4c1-69648d9d3094:c5054, bb9367ec-656d-4ade-92be-004a921408cc:c5054]
2019-08-06 03:26:43,973 INFO  client.GrpcClientProtocolClient (GrpcClientProtocolClient.java:onNext(255)) - client-9DC82E534C87->980d9c0c-33ac-4a22-b481-33b8b1eac469: receive RaftClientReply:client-9DC82E534C87->980d9c0c-33ac-4a22-b481-33b8b1eac469@group-23022C6A558E, cid=3361, SUCCESS, logIndex=5058, commits[980d9c0c-33ac-4a22-b481-33b8b1eac469:c5058, e00ee311-0ce1-4115-b4c1-69648d9d3094:c5054, bb9367ec-656d-4ade-92be-004a921408cc:c5054]
2019-08-06 03:26:43,985 INFO  client.GrpcClientProtocolClient (GrpcClientProtocolClient.java:onNext(255)) - client-9DC82E534C87->980d9c0c-33ac-4a22-b481-33b8b1eac469: receive RaftClientReply:client-9DC82E534C87->980d9c0c-33ac-4a22-b481-33b8b1eac469@group-23022C6A558E, cid=3362, SUCCESS, logIndex=0, commits[980d9c0c-33ac-4a22-b481-33b8b1eac469:c5059, e00ee311-0ce1-4115-b4c1-69648d9d3094:c5058, bb9367ec-656d-4ade-92be-004a921408cc:c5058]
2019-08-06 03:26:44,018 INFO  client.GrpcClientProtocolClient (GrpcClientProtocolClient.java:onNext(255)) - client-9DC82E534C87->980d9c0c-33ac-4a22-b481-33b8b1eac469: receive RaftClientReply:client-9DC82E534C87->980d9c0c-33ac-4a22-b481-33b8b1eac469@group-23022C6A558E, cid=3363, SUCCESS, logIndex=5060, commits[980d9c0c-33ac-4a22-b481-33b8b1eac469:c5061, e00ee311-0ce1-4115-b4c1-69648d9d3094:c5059, bb9367ec-656d-4ade-92be-004a921408cc:c5059]
2019-08-06 03:26:44,019 INFO  client.GrpcClientProtocolClient (GrpcClientProtocolClient.java:onNext(255)) - client-9DC82E534C87->980d9c0c-33ac-4a22-b481-33b8b1eac469: receive RaftClientReply:client-9DC82E534C87->980d9c0c-33ac-4a22-b481-33b8b1eac469@group-23022C6A558E, cid=3364, SUCCESS, logIndex=5061, commits[980d9c0c-33ac-4a22-b481-33b8b1eac469:c5062, e00ee311-0ce1-4115-b4c1-69648d9d3094:c5059, bb9367ec-656d-4ade-92be-004a921408cc:c5059]
2019-08-06 03:26:44,019 INFO  client.GrpcClientProtocolClient (GrpcClientProtocolClient.java:onNext(255)) - client-9DC82E534C87->980d9c0c-33ac-4a22-b481-33b8b1eac469: receive RaftClientReply:client-9DC82E534C87->980d9c0c-33ac-4a22-b481-33b8b1eac469@group-23022C6A558E, cid=3365, SUCCESS, logIndex=5062, commits[980d9c0c-33ac-4a22-b481-33b8b1eac469:c5063, e00ee311-0ce1-4115-b4c1-69648d9d3094:c5059, bb9367ec-656d-4ade-92be-004a921408cc:c5059]
2019-08-06 03:26:44,019 INFO  client.GrpcClientProtocolClient (GrpcClientProtocolClient.java:onNext(255)) - client-9DC82E534C87->980d9c0c-33ac-4a22-b481-33b8b1eac469: receive RaftClientReply:client-9DC82E534C87->980d9c0c-33ac-4a22-b481-33b8b1eac469@group-23022C6A558E, cid=3366, SUCCESS, logIndex=5063, commits[980d9c0c-33ac-4a22-b481-33b8b1eac469:c5063, e00ee311-0ce1-4115-b4c1-69648d9d3094:c5059, bb9367ec-656d-4ade-92be-004a921408cc:c5059]
2019-08-06 03:26:44,022 INFO  client.GrpcClientProtocolClient (GrpcClientProtocolClient.java:onNext(255)) - client-9DC82E534C87->980d9c0c-33ac-4a22-b481-33b8b1eac469: receive RaftClientReply:client-9DC82E534C87->980d9c0c-33ac-4a22-b481-33b8b1eac469@group-23022C6A558E, cid=3367, SUCCESS, logIndex=0, commits[980d9c0c-33ac-4a22-b481-33b8b1eac469:c5065, e00ee311-0ce1-4115-b4c1-69648d9d3094:c5061, bb9367ec-656d-4ade-92be-004a921408cc:c5061]
2019-08-06 03:26:44,034 INFO  client.GrpcClientProtocolClient (GrpcClientProtocolClient.java:onNext(255)) - client-9DC82E534C87->980d9c0c-33ac-4a22-b481-33b8b1eac469: receive RaftClientReply:client-9DC82E534C87->980d9c0c-33ac-4a22-b481-33b8b1eac469@group-23022C6A558E, cid=3368, SUCCESS, logIndex=5068, commits[980d9c0c-33ac-4a22-b481-33b8b1eac469:c5069, e00ee311-0ce1-4115-b4c1-69648d9d3094:c5066, bb9367ec-656d-4ade-92be-004a921408cc:c5066]
2019-08-06 03:26:44,035 INFO  client.GrpcClientProtocolClient (GrpcClientProtocolClient.java:onNext(255)) - client-9DC82E534C87->980d9c0c-33ac-4a22-b481-33b8b1eac469: receive RaftClientReply:client-9DC82E534C87->980d9c0c-33ac-4a22-b481-33b8b1eac469@group-23022C6A558E, cid=3369, SUCCESS, logIndex=5069, commits[980d9c0c-33ac-4a22-b481-33b8b1eac469:c5069, e00ee311-0ce1-4115-b4c1-69648d9d3094:c5066, bb9367ec-656d-4ade-92be-004a921408cc:c5066]
2019-08-06 03:26:44,057 INFO  client.GrpcClientProtocolClient (GrpcClientProtocolClient.java:onNext(255)) - client-9DC82E534C87->980d9c0c-33ac-4a22-b481-33b8b1eac469: receive RaftClientReply:client-9DC82E534C87->980d9c0c-33ac-4a22-b481-33b8b1eac469@group-23022C6A558E, cid=3370, SUCCESS, logIndex=5071, commits[980d9c0c-33ac-4a22-b481-33b8b1eac469:c5072, e00ee311-0ce1-4115-b4c1-69648d9d3094:c5070, bb9367ec-656d-4ade-92be-004a921408cc:c5070]
2019-08-06 03:26:44,058 INFO  client.GrpcClientProtocolClient (GrpcClientProtocolClient.java:onNext(255)) - client-9DC82E534C87->980d9c0c-33ac-4a22-b481-33b8b1eac469: receive RaftClientReply:client-9DC82E534C87->980d9c0c-33ac-4a22-b481-33b8b1eac469@group-23022C6A558E, cid=3371, SUCCESS, logIndex=5072, commits[980d9c0c-33ac-4a22-b481-33b8b1eac469:c5072, e00ee311-0ce1-4115-b4c1-69648d9d3094:c5070, bb9367ec-656d-4ade-92be-004a921408cc:c5070]
2019-08-06 03:26:44,070 INFO  client.GrpcClientProtocolClient (GrpcClientProtocolClient.java:onNext(255)) - client-9DC82E534C87->980d9c0c-33ac-4a22-b481-33b8b1eac469: receive RaftClientReply:client-9DC82E534C87->980d9c0c-33ac-4a22-b481-33b8b1eac469@group-23022C6A558E, cid=3372, SUCCESS, logIndex=0, commits[980d9c0c-33ac-4a22-b481-33b8b1eac469:c5074, e00ee311-0ce1-4115-b4c1-69648d9d3094:c5072, bb9367ec-656d-4ade-92be-004a921408cc:c5072]
2019-08-06 03:26:44,105 INFO  client.GrpcClientProtocolClient (GrpcClientProtocolClient.java:onNext(255)) - client-9DC82E534C87->980d9c0c-33ac-4a22-b481-33b8b1eac469: receive RaftClientReply:client-9DC82E534C87->980d9c0c-33ac-4a22-b481-33b8b1eac469@group-23022C6A558E, cid=3373, SUCCESS, logIndex=5075, commits[980d9c0c-33ac-4a22-b481-33b8b1eac469:c5076, e00ee311-0ce1-4115-b4c1-69648d9d3094:c5074, bb9367ec-656d-4ade-92be-004a921408cc:c5074]
2019-08-06 03:26:44,105 INFO  client.GrpcClientProtocolClient (GrpcClientProtocolClient.java:onNext(255)) - client-9DC82E534C87->980d9c0c-33ac-4a22-b481-33b8b1eac469: receive RaftClientReply:client-9DC82E534C87->980d9c0c-33ac-4a22-b481-33b8b1eac469@group-23022C6A558E, cid=3374, SUCCESS, logIndex=5076, commits[980d9c0c-33ac-4a22-b481-33b8b1eac469:c5076, e00ee311-0ce1-4115-b4c1-69648d9d3094:c5074, bb9367ec-656d-4ade-92be-004a921408cc:c5074]
2019-08-06 03:26:44,106 INFO  client.GrpcClientProtocolClient (GrpcClientProtocolClient.java:onNext(255)) - client-9DC82E534C87->980d9c0c-33ac-4a22-b481-33b8b1eac469: receive RaftClientReply:client-9DC82E534C87->980d9c0c-33ac-4a22-b481-33b8b1eac469@group-23022C6A558E, cid=3375, SUCCESS, logIndex=5077, commits[980d9c0c-33ac-4a22-b481-33b8b1eac469:c5078, e00ee311-0ce1-4115-b4c1-69648d9d3094:c5074, bb9367ec-656d-4ade-92be-004a921408cc:c5074]
2019-08-06 03:26:44,106 INFO  client.GrpcClientProtocolClient (GrpcClientProtocolClient.java:onNext(255)) - client-9DC82E534C87->980d9c0c-33ac-4a22-b481-33b8b1eac469: receive RaftClientReply:client-9DC82E534C87->980d9c0c-33ac-4a22-b481-33b8b1eac469@group-23022C6A558E, cid=3376, SUCCESS, logIndex=5078, commits[980d9c0c-33ac-4a22-b481-33b8b1eac469:c5078, e00ee311-0ce1-4115-b4c1-69648d9d3094:c5074, bb9367ec-656d-4ade-92be-004a921408cc:c5074]
2019-08-06 03:26:44,107 INFO  client.GrpcClientProtocolClient (GrpcClientProtocolClient.java:onNext(255)) - client-9DC82E534C87->980d9c0c-33ac-4a22-b481-33b8b1eac469: receive RaftClientReply:client-9DC82E534C87->980d9c0c-33ac-4a22-b481-33b8b1eac469@group-23022C6A558E, cid=3377, SUCCESS, logIndex=0, commits[980d9c0c-33ac-4a22-b481-33b8b1eac469:c5080, e00ee311-0ce1-4115-b4c1-69648d9d3094:c5076, bb9367ec-656d-4ade-92be-004a921408cc:c5076]
2019-08-06 03:26:44,127 INFO  client.GrpcClientProtocolClient (GrpcClientProtocolClient.java:onNext(255)) - client-9DC82E534C87->980d9c0c-33ac-4a22-b481-33b8b1eac469: receive RaftClientReply:client-9DC82E534C87->980d9c0c-33ac-4a22-b481-33b8b1eac469@group-23022C6A558E, cid=3378, SUCCESS, logIndex=5083, commits[980d9c0c-33ac-4a22-b481-33b8b1eac469:c5084, e00ee311-0ce1-4115-b4c1-69648d9d3094:c5082, bb9367ec-656d-4ade-92be-004a921408cc:c5082]
2019-08-06 03:26:44,128 INFO  client.GrpcClientProtocolClient (GrpcClientProtocolClient.java:onNext(255)) - client-9DC82E534C87->980d9c0c-33ac-4a22-b481-33b8b1eac469: receive RaftClientReply:client-9DC82E534C87->980d9c0c-33ac-4a22-b481-33b8b1eac469@group-23022C6A558E, cid=3379, SUCCESS, logIndex=5084, commits[980d9c0c-33ac-4a22-b481-33b8b1eac469:c5084, e00ee311-0ce1-4115-b4c1-69648d9d3094:c5082, bb9367ec-656d-4ade-92be-004a921408cc:c5082]
2019-08-06 03:26:44,141 INFO  client.GrpcClientProtocolClient (GrpcClientProtocolClient.java:onNext(255)) - client-9DC82E534C87->980d9c0c-33ac-4a22-b481-33b8b1eac469: receive RaftClientReply:client-9DC82E534C87->980d9c0c-33ac-4a22-b481-33b8b1eac469@group-23022C6A558E, cid=3380, SUCCESS, logIndex=5087, commits[980d9c0c-33ac-4a22-b481-33b8b1eac469:c5088, e00ee311-0ce1-4115-b4c1-69648d9d3094:c5084, bb9367ec-656d-4ade-92be-004a921408cc:c5084]
2019-08-06 03:26:44,141 INFO  client.GrpcClientProtocolClient (GrpcClientProtocolClient.java:onNext(255)) - client-9DC82E534C87->980d9c0c-33ac-4a22-b481-33b8b1eac469: receive RaftClientReply:client-9DC82E534C87->980d9c0c-33ac-4a22-b481-33b8b1eac469@group-23022C6A558E, cid=3381, SUCCESS, logIndex=5088, commits[980d9c0c-33ac-4a22-b481-33b8b1eac469:c5088, e00ee311-0ce1-4115-b4c1-69648d9d3094:c5084, bb9367ec-656d-4ade-92be-004a921408cc:c5084]
2019-08-06 03:26:44,155 INFO  client.GrpcClientProtocolClient (GrpcClientProtocolClient.java:onNext(255)) - client-9DC82E534C87->980d9c0c-33ac-4a22-b481-33b8b1eac469: receive RaftClientReply:client-9DC82E534C87->980d9c0c-33ac-4a22-b481-33b8b1eac469@group-23022C6A558E, cid=3382, SUCCESS, logIndex=0, commits[980d9c0c-33ac-4a22-b481-33b8b1eac469:c5090, e00ee311-0ce1-4115-b4c1-69648d9d3094:c5088, bb9367ec-656d-4ade-92be-004a921408cc:c5088]
2019-08-06 03:26:44,184 INFO  client.GrpcClientProtocolClient (GrpcClientProtocolClient.java:onNext(255)) - client-9DC82E534C87->980d9c0c-33ac-4a22-b481-33b8b1eac469: receive RaftClientReply:client-9DC82E534C87->980d9c0c-33ac-4a22-b481-33b8b1eac469@group-23022C6A558E, cid=3383, SUCCESS, logIndex=5091, commits[980d9c0c-33ac-4a22-b481-33b8b1eac469:c5091, e00ee311-0ce1-4115-b4c1-69648d9d3094:c5090, bb9367ec-656d-4ade-92be-004a921408cc:c5090]
2019-08-06 03:26:44,185 INFO  client.GrpcClientProtocolClient (GrpcClientProtocolClient.java:onNext(255)) - client-9DC82E534C87->980d9c0c-33ac-4a22-b481-33b8b1eac469: receive RaftClientReply:client-9DC82E534C87->980d9c0c-33ac-4a22-b481-33b8b1eac469@group-23022C6A558E, cid=3384, SUCCESS, logIndex=5092, commits[980d9c0c-33ac-4a22-b481-33b8b1eac469:c5092, e00ee311-0ce1-4115-b4c1-69648d9d3094:c5090, bb9367ec-656d-4ade-92be-004a921408cc:c5090]
2019-08-06 03:26:44,185 INFO  client.GrpcClientProtocolClient (GrpcClientProtocolClient.java:onNext(255)) - client-9DC82E534C87->980d9c0c-33ac-4a22-b481-33b8b1eac469: receive RaftClientReply:client-9DC82E534C87->980d9c0c-33ac-4a22-b481-33b8b1eac469@group-23022C6A558E, cid=3385, SUCCESS, logIndex=5093, commits[980d9c0c-33ac-4a22-b481-33b8b1eac469:c5094, e00ee311-0ce1-4115-b4c1-69648d9d3094:c5090, bb9367ec-656d-4ade-92be-004a921408cc:c5090]
2019-08-06 03:26:44,186 INFO  client.GrpcClientProtocolClient (GrpcClientProtocolClient.java:onNext(255)) - client-9DC82E534C87->980d9c0c-33ac-4a22-b481-33b8b1eac469: receive RaftClientReply:client-9DC82E534C87->980d9c0c-33ac-4a22-b481-33b8b1eac469@group-23022C6A558E, cid=3386, SUCCESS, logIndex=5094, commits[980d9c0c-33ac-4a22-b481-33b8b1eac469:c5094, e00ee311-0ce1-4115-b4c1-69648d9d3094:c5090, bb9367ec-656d-4ade-92be-004a921408cc:c5090]
2019-08-06 03:26:44,199 INFO  client.GrpcClientProtocolClient (GrpcClientProtocolClient.java:onNext(255)) - client-9DC82E534C87->980d9c0c-33ac-4a22-b481-33b8b1eac469: receive RaftClientReply:client-9DC82E534C87->980d9c0c-33ac-4a22-b481-33b8b1eac469@group-23022C6A558E, cid=3387, SUCCESS, logIndex=0, commits[980d9c0c-33ac-4a22-b481-33b8b1eac469:c5096, e00ee311-0ce1-4115-b4c1-69648d9d3094:c5092, bb9367ec-656d-4ade-92be-004a921408cc:c5092]
2019-08-06 03:26:44,220 INFO  client.GrpcClientProtocolClient (GrpcClientProtocolClient.java:onNext(255)) - client-9DC82E534C87->980d9c0c-33ac-4a22-b481-33b8b1eac469: receive RaftClientReply:client-9DC82E534C87->980d9c0c-33ac-4a22-b481-33b8b1eac469@group-23022C6A558E, cid=3388, SUCCESS, logIndex=5099, commits[980d9c0c-33ac-4a22-b481-33b8b1eac469:c5100, e00ee311-0ce1-4115-b4c1-69648d9d3094:c5098, bb9367ec-656d-4ade-92be-004a921408cc:c5098]
2019-08-06 03:26:44,220 INFO  client.GrpcClientProtocolClient (GrpcClientProtocolClient.java:onNext(255)) - client-9DC82E534C87->980d9c0c-33ac-4a22-b481-33b8b1eac469: receive RaftClientReply:client-9DC82E534C87->980d9c0c-33ac-4a22-b481-33b8b1eac469@group-23022C6A558E, cid=3389, SUCCESS, logIndex=5100, commits[980d9c0c-33ac-4a22-b481-33b8b1eac469:c5100, e00ee311-0ce1-4115-b4c1-69648d9d3094:c5098, bb9367ec-656d-4ade-92be-004a921408cc:c5098]
2019-08-06 03:26:44,233 INFO  client.GrpcClientProtocolClient (GrpcClientProtocolClient.java:onNext(255)) - client-9DC82E534C87->980d9c0c-33ac-4a22-b481-33b8b1eac469: receive RaftClientReply:client-9DC82E534C87->980d9c0c-33ac-4a22-b481-33b8b1eac469@group-23022C6A558E, cid=3390, SUCCESS, logIndex=5103, commits[980d9c0c-33ac-4a22-b481-33b8b1eac469:c5104, e00ee311-0ce1-4115-b4c1-69648d9d3094:c5100, bb9367ec-656d-4ade-92be-004a921408cc:c5099]
2019-08-06 03:26:44,233 INFO  client.GrpcClientProtocolClient (GrpcClientProtocolClient.java:onNext(255)) - client-9DC82E534C87->980d9c0c-33ac-4a22-b481-33b8b1eac469: receive RaftClientReply:client-9DC82E534C87->980d9c0c-33ac-4a22-b481-33b8b1eac469@group-23022C6A558E, cid=3391, SUCCESS, logIndex=5104, commits[980d9c0c-33ac-4a22-b481-33b8b1eac469:c5104, e00ee311-0ce1-4115-b4c1-69648d9d3094:c5100, bb9367ec-656d-4ade-92be-004a921408cc:c5100]
2019-08-06 03:26:44,236 INFO  client.GrpcClientProtocolClient (GrpcClientProtocolClient.java:onNext(255)) - client-9DC82E534C87->980d9c0c-33ac-4a22-b481-33b8b1eac469: receive RaftClientReply:client-9DC82E534C87->980d9c0c-33ac-4a22-b481-33b8b1eac469@group-23022C6A558E, cid=3392, SUCCESS, logIndex=0, commits[980d9c0c-33ac-4a22-b481-33b8b1eac469:c5105, e00ee311-0ce1-4115-b4c1-69648d9d3094:c5104, bb9367ec-656d-4ade-92be-004a921408cc:c5104]
2019-08-06 03:26:44,271 INFO  client.GrpcClientProtocolClient (GrpcClientProtocolClient.java:onNext(255)) - client-9DC82E534C87->980d9c0c-33ac-4a22-b481-33b8b1eac469: receive RaftClientReply:client-9DC82E534C87->980d9c0c-33ac-4a22-b481-33b8b1eac469@group-23022C6A558E, cid=3393, SUCCESS, logIndex=5107, commits[980d9c0c-33ac-4a22-b481-33b8b1eac469:c5108, e00ee311-0ce1-4115-b4c1-69648d9d3094:c5106, bb9367ec-656d-4ade-92be-004a921408cc:c5106]
2019-08-06 03:26:44,272 INFO  client.GrpcClientProtocolClient (GrpcClientProtocolClient.java:onNext(255)) - client-9DC82E534C87->980d9c0c-33ac-4a22-b481-33b8b1eac469: receive RaftClientReply:client-9DC82E534C87->980d9c0c-33ac-4a22-b481-33b8b1eac469@group-23022C6A558E, cid=3394, SUCCESS, logIndex=5108, commits[980d9c0c-33ac-4a22-b481-33b8b1eac469:c5109, e00ee311-0ce1-4115-b4c1-69648d9d3094:c5106, bb9367ec-656d-4ade-92be-004a921408cc:c5106]
2019-08-06 03:26:44,272 INFO  client.GrpcClientProtocolClient (GrpcClientProtocolClient.java:onNext(255)) - client-9DC82E534C87->980d9c0c-33ac-4a22-b481-33b8b1eac469: receive RaftClientReply:client-9DC82E534C87->980d9c0c-33ac-4a22-b481-33b8b1eac469@group-23022C6A558E, cid=3395, SUCCESS, logIndex=5109, commits[980d9c0c-33ac-4a22-b481-33b8b1eac469:c5110, e00ee311-0ce1-4115-b4c1-69648d9d3094:c5106, bb9367ec-656d-4ade-92be-004a921408cc:c5106]
2019-08-06 03:26:44,272 INFO  client.GrpcClientProtocolClient (GrpcClientProtocolClient.java:onNext(255)) - client-9DC82E534C87->980d9c0c-33ac-4a22-b481-33b8b1eac469: receive RaftClientReply:client-9DC82E534C87->980d9c0c-33ac-4a22-b481-33b8b1eac469@group-23022C6A558E, cid=3396, SUCCESS, logIndex=5110, commits[980d9c0c-33ac-4a22-b481-33b8b1eac469:c5110, e00ee311-0ce1-4115-b4c1-69648d9d3094:c5106, bb9367ec-656d-4ade-92be-004a921408cc:c5106]
2019-08-06 03:26:44,285 INFO  client.GrpcClientProtocolClient (GrpcClientProtocolClient.java:onNext(255)) - client-9DC82E534C87->980d9c0c-33ac-4a22-b481-33b8b1eac469: receive RaftClientReply:client-9DC82E534C87->980d9c0c-33ac-4a22-b481-33b8b1eac469@group-23022C6A558E, cid=3397, SUCCESS, logIndex=0, commits[980d9c0c-33ac-4a22-b481-33b8b1eac469:c5112, e00ee311-0ce1-4115-b4c1-69648d9d3094:c5108, bb9367ec-656d-4ade-92be-004a921408cc:c5108]
2019-08-06 03:26:44,306 INFO  client.GrpcClientProtocolClient (GrpcClientProtocolClient.java:onNext(255)) - client-9DC82E534C87->980d9c0c-33ac-4a22-b481-33b8b1eac469: receive RaftClientReply:client-9DC82E534C87->980d9c0c-33ac-4a22-b481-33b8b1eac469@group-23022C6A558E, cid=3398, SUCCESS, logIndex=5115, commits[980d9c0c-33ac-4a22-b481-33b8b1eac469:c5116, e00ee311-0ce1-4115-b4c1-69648d9d3094:c5114, bb9367ec-656d-4ade-92be-004a921408cc:c5114]
2019-08-06 03:26:44,306 INFO  client.GrpcClientProtocolClient (GrpcClientProtocolClient.java:onNext(255)) - client-9DC82E534C87->980d9c0c-33ac-4a22-b481-33b8b1eac469: receive RaftClientReply:client-9DC82E534C87->980d9c0c-33ac-4a22-b481-33b8b1eac469@group-23022C6A558E, cid=3399, SUCCESS, logIndex=5116, commits[980d9c0c-33ac-4a22-b481-33b8b1eac469:c5116, e00ee311-0ce1-4115-b4c1-69648d9d3094:c5114, bb9367ec-656d-4ade-92be-004a921408cc:c5114]
2019-08-06 03:26:44,325 INFO  client.GrpcClientProtocolClient (GrpcClientProtocolClient.java:onNext(255)) - client-9DC82E534C87->980d9c0c-33ac-4a22-b481-33b8b1eac469: receive RaftClientReply:client-9DC82E534C87->980d9c0c-33ac-4a22-b481-33b8b1eac469@group-23022C6A558E, cid=3400, SUCCESS, logIndex=5119, commits[980d9c0c-33ac-4a22-b481-33b8b1eac469:c5120, e00ee311-0ce1-4115-b4c1-69648d9d3094:c5116, bb9367ec-656d-4ade-92be-004a921408cc:c5116]
2019-08-06 03:26:44,326 INFO  client.GrpcClientProtocolClient (GrpcClientProtocolClient.java:onNext(255)) - client-9DC82E534C87->980d9c0c-33ac-4a22-b481-33b8b1eac469: receive RaftClientReply:client-9DC82E534C87->980d9c0c-33ac-4a22-b481-33b8b1eac469@group-23022C6A558E, cid=3401, SUCCESS, logIndex=5120, commits[980d9c0c-33ac-4a22-b481-33b8b1eac469:c5120, e00ee311-0ce1-4115-b4c1-69648d9d3094:c5116, bb9367ec-656d-4ade-92be-004a921408cc:c5116]
2019-08-06 03:26:44,337 INFO  client.GrpcClientProtocolClient (GrpcClientProtocolClient.java:onNext(255)) - client-9DC82E534C87->980d9c0c-33ac-4a22-b481-33b8b1eac469: receive RaftClientReply:client-9DC82E534C87->980d9c0c-33ac-4a22-b481-33b8b1eac469@group-23022C6A558E, cid=3402, SUCCESS, logIndex=0, commits[980d9c0c-33ac-4a22-b481-33b8b1eac469:c5122, e00ee311-0ce1-4115-b4c1-69648d9d3094:c5120, bb9367ec-656d-4ade-92be-004a921408cc:c5120]
2019-08-06 03:26:44,371 INFO  client.GrpcClientProtocolClient (GrpcClientProtocolClient.java:onNext(255)) - client-9DC82E534C87->980d9c0c-33ac-4a22-b481-33b8b1eac469: receive RaftClientReply:client-9DC82E534C87->980d9c0c-33ac-4a22-b481-33b8b1eac469@group-23022C6A558E, cid=3403, SUCCESS, logIndex=5123, commits[980d9c0c-33ac-4a22-b481-33b8b1eac469:c5124, e00ee311-0ce1-4115-b4c1-69648d9d3094:c5122, bb9367ec-656d-4ade-92be-004a921408cc:c5122]
2019-08-06 03:26:44,372 INFO  client.GrpcClientProtocolClient (GrpcClientProtocolClient.java:onNext(255)) - client-9DC82E534C87->980d9c0c-33ac-4a22-b481-33b8b1eac469: receive RaftClientReply:client-9DC82E534C87->980d9c0c-33ac-4a22-b481-33b8b1eac469@group-23022C6A558E, cid=3404, SUCCESS, logIndex=5124, commits[980d9c0c-33ac-4a22-b481-33b8b1eac469:c5125, e00ee311-0ce1-4115-b4c1-69648d9d3094:c5122, bb9367ec-656d-4ade-92be-004a921408cc:c5122]
2019-08-06 03:26:44,372 INFO  client.GrpcClientProtocolClient (GrpcClientProtocolClient.java:onNext(255)) - client-9DC82E534C87->980d9c0c-33ac-4a22-b481-33b8b1eac469: receive RaftClientReply:client-9DC82E534C87->980d9c0c-33ac-4a22-b481-33b8b1eac469@group-23022C6A558E, cid=3405, SUCCESS, logIndex=5125, commits[980d9c0c-33ac-4a22-b481-33b8b1eac469:c5126, e00ee311-0ce1-4115-b4c1-69648d9d3094:c5122, bb9367ec-656d-4ade-92be-004a921408cc:c5122]
2019-08-06 03:26:44,373 INFO  client.GrpcClientProtocolClient (GrpcClientProtocolClient.java:onNext(255)) - client-9DC82E534C87->980d9c0c-33ac-4a22-b481-33b8b1eac469: receive RaftClientReply:client-9DC82E534C87->980d9c0c-33ac-4a22-b481-33b8b1eac469@group-23022C6A558E, cid=3406, SUCCESS, logIndex=5126, commits[980d9c0c-33ac-4a22-b481-33b8b1eac469:c5126, e00ee311-0ce1-4115-b4c1-69648d9d3094:c5122, bb9367ec-656d-4ade-92be-004a921408cc:c5122]
2019-08-06 03:26:44,387 INFO  client.GrpcClientProtocolClient (GrpcClientProtocolClient.java:onNext(255)) - client-9DC82E534C87->980d9c0c-33ac-4a22-b481-33b8b1eac469: receive RaftClientReply:client-9DC82E534C87->980d9c0c-33ac-4a22-b481-33b8b1eac469@group-23022C6A558E, cid=3407, SUCCESS, logIndex=0, commits[980d9c0c-33ac-4a22-b481-33b8b1eac469:c5128, e00ee311-0ce1-4115-b4c1-69648d9d3094:c5124, bb9367ec-656d-4ade-92be-004a921408cc:c5124]
 0.00% |█                                                                                                    |  0/1 Time: 0:00:312019-08-06 03:26:44,525 INFO  client.GrpcClientProtocolClient (GrpcClientProtocolClient.java:onNext(255)) - client-9DC82E534C87->980d9c0c-33ac-4a22-b481-33b8b1eac469: receive RaftClientReply:client-9DC82E534C87->980d9c0c-33ac-4a22-b481-33b8b1eac469@group-23022C6A558E, cid=3408, SUCCESS, logIndex=5131, commits[980d9c0c-33ac-4a22-b481-33b8b1eac469:c5132, e00ee311-0ce1-4115-b4c1-69648d9d3094:c5130, bb9367ec-656d-4ade-92be-004a921408cc:c5130]
2019-08-06 03:26:44,526 INFO  client.GrpcClientProtocolClient (GrpcClientProtocolClient.java:onNext(255)) - client-9DC82E534C87->980d9c0c-33ac-4a22-b481-33b8b1eac469: receive RaftClientReply:client-9DC82E534C87->980d9c0c-33ac-4a22-b481-33b8b1eac469@group-23022C6A558E, cid=3409, SUCCESS, logIndex=5132, commits[980d9c0c-33ac-4a22-b481-33b8b1eac469:c5132, e00ee311-0ce1-4115-b4c1-69648d9d3094:c5130, bb9367ec-656d-4ade-92be-004a921408cc:c5130]
2019-08-06 03:26:44,539 INFO  client.GrpcClientProtocolClient (GrpcClientProtocolClient.java:onNext(255)) - client-9DC82E534C87->980d9c0c-33ac-4a22-b481-33b8b1eac469: receive RaftClientReply:client-9DC82E534C87->980d9c0c-33ac-4a22-b481-33b8b1eac469@group-23022C6A558E, cid=3410, SUCCESS, logIndex=5135, commits[980d9c0c-33ac-4a22-b481-33b8b1eac469:c5136, e00ee311-0ce1-4115-b4c1-69648d9d3094:c5132, bb9367ec-656d-4ade-92be-004a921408cc:c5132]
2019-08-06 03:26:44,539 INFO  client.GrpcClientProtocolClient (GrpcClientProtocolClient.java:onNext(255)) - client-9DC82E534C87->980d9c0c-33ac-4a22-b481-33b8b1eac469: receive RaftClientReply:client-9DC82E534C87->980d9c0c-33ac-4a22-b481-33b8b1eac469@group-23022C6A558E, cid=3411, SUCCESS, logIndex=5136, commits[980d9c0c-33ac-4a22-b481-33b8b1eac469:c5136, e00ee311-0ce1-4115-b4c1-69648d9d3094:c5132, bb9367ec-656d-4ade-92be-004a921408cc:c5132]
2019-08-06 03:26:44,553 INFO  client.GrpcClientProtocolClient (GrpcClientProtocolClient.java:onNext(255)) - client-9DC82E534C87->980d9c0c-33ac-4a22-b481-33b8b1eac469: receive RaftClientReply:client-9DC82E534C87->980d9c0c-33ac-4a22-b481-33b8b1eac469@group-23022C6A558E, cid=3412, SUCCESS, logIndex=0, commits[980d9c0c-33ac-4a22-b481-33b8b1eac469:c5138, e00ee311-0ce1-4115-b4c1-69648d9d3094:c5136, bb9367ec-656d-4ade-92be-004a921408cc:c5136]
2019-08-06 03:26:44,587 INFO  client.GrpcClientProtocolClient (GrpcClientProtocolClient.java:onNext(255)) - client-9DC82E534C87->980d9c0c-33ac-4a22-b481-33b8b1eac469: receive RaftClientReply:client-9DC82E534C87->980d9c0c-33ac-4a22-b481-33b8b1eac469@group-23022C6A558E, cid=3413, SUCCESS, logIndex=5139, commits[980d9c0c-33ac-4a22-b481-33b8b1eac469:c5139, e00ee311-0ce1-4115-b4c1-69648d9d3094:c5138, bb9367ec-656d-4ade-92be-004a921408cc:c5138]
2019-08-06 03:26:44,591 INFO  client.GrpcClientProtocolClient (GrpcClientProtocolClient.java:onNext(255)) - client-9DC82E534C87->980d9c0c-33ac-4a22-b481-33b8b1eac469: receive RaftClientReply:client-9DC82E534C87->980d9c0c-33ac-4a22-b481-33b8b1eac469@group-23022C6A558E, cid=3414, SUCCESS, logIndex=5140, commits[980d9c0c-33ac-4a22-b481-33b8b1eac469:c5140, e00ee311-0ce1-4115-b4c1-69648d9d3094:c5138, bb9367ec-656d-4ade-92be-004a921408cc:c5138]
2019-08-06 03:26:44,595 INFO  client.GrpcClientProtocolClient (GrpcClientProtocolClient.java:onNext(255)) - client-9DC82E534C87->980d9c0c-33ac-4a22-b481-33b8b1eac469: receive RaftClientReply:client-9DC82E534C87->980d9c0c-33ac-4a22-b481-33b8b1eac469@group-23022C6A558E, cid=3415, SUCCESS, logIndex=5141, commits[980d9c0c-33ac-4a22-b481-33b8b1eac469:c5142, e00ee311-0ce1-4115-b4c1-69648d9d3094:c5138, bb9367ec-656d-4ade-92be-004a921408cc:c5138]
2019-08-06 03:26:44,595 INFO  client.GrpcClientProtocolClient (GrpcClientProtocolClient.java:onNext(255)) - client-9DC82E534C87->980d9c0c-33ac-4a22-b481-33b8b1eac469: receive RaftClientReply:client-9DC82E534C87->980d9c0c-33ac-4a22-b481-33b8b1eac469@group-23022C6A558E, cid=3416, SUCCESS, logIndex=5142, commits[980d9c0c-33ac-4a22-b481-33b8b1eac469:c5142, e00ee311-0ce1-4115-b4c1-69648d9d3094:c5138, bb9367ec-656d-4ade-92be-004a921408cc:c5138]
2019-08-06 03:26:44,608 INFO  client.GrpcClientProtocolClient (GrpcClientProtocolClient.java:onNext(255)) - client-9DC82E534C87->980d9c0c-33ac-4a22-b481-33b8b1eac469: receive RaftClientReply:client-9DC82E534C87->980d9c0c-33ac-4a22-b481-33b8b1eac469@group-23022C6A558E, cid=3417, SUCCESS, logIndex=0, commits[980d9c0c-33ac-4a22-b481-33b8b1eac469:c5144, e00ee311-0ce1-4115-b4c1-69648d9d3094:c5140, bb9367ec-656d-4ade-92be-004a921408cc:c5140]
2019-08-06 03:26:44,628 INFO  client.GrpcClientProtocolClient (GrpcClientProtocolClient.java:onNext(255)) - client-9DC82E534C87->980d9c0c-33ac-4a22-b481-33b8b1eac469: receive RaftClientReply:client-9DC82E534C87->980d9c0c-33ac-4a22-b481-33b8b1eac469@group-23022C6A558E, cid=3418, SUCCESS, logIndex=5147, commits[980d9c0c-33ac-4a22-b481-33b8b1eac469:c5148, e00ee311-0ce1-4115-b4c1-69648d9d3094:c5146, bb9367ec-656d-4ade-92be-004a921408cc:c5146]
2019-08-06 03:26:44,628 INFO  client.GrpcClientProtocolClient (GrpcClientProtocolClient.java:onNext(255)) - client-9DC82E534C87->980d9c0c-33ac-4a22-b481-33b8b1eac469: receive RaftClientReply:client-9DC82E534C87->980d9c0c-33ac-4a22-b481-33b8b1eac469@group-23022C6A558E, cid=3419, SUCCESS, logIndex=5148, commits[980d9c0c-33ac-4a22-b481-33b8b1eac469:c5148, e00ee311-0ce1-4115-b4c1-69648d9d3094:c5146, bb9367ec-656d-4ade-92be-004a921408cc:c5146]
2019-08-06 03:26:44,642 INFO  client.GrpcClientProtocolClient (GrpcClientProtocolClient.java:onNext(255)) - client-9DC82E534C87->980d9c0c-33ac-4a22-b481-33b8b1eac469: receive RaftClientReply:client-9DC82E534C87->980d9c0c-33ac-4a22-b481-33b8b1eac469@group-23022C6A558E, cid=3420, SUCCESS, logIndex=5151, commits[980d9c0c-33ac-4a22-b481-33b8b1eac469:c5152, e00ee311-0ce1-4115-b4c1-69648d9d3094:c5148, bb9367ec-656d-4ade-92be-004a921408cc:c5148]
2019-08-06 03:26:44,642 INFO  client.GrpcClientProtocolClient (GrpcClientProtocolClient.java:onNext(255)) - client-9DC82E534C87->980d9c0c-33ac-4a22-b481-33b8b1eac469: receive RaftClientReply:client-9DC82E534C87->980d9c0c-33ac-4a22-b481-33b8b1eac469@group-23022C6A558E, cid=3421, SUCCESS, logIndex=5152, commits[980d9c0c-33ac-4a22-b481-33b8b1eac469:c5152, e00ee311-0ce1-4115-b4c1-69648d9d3094:c5148, bb9367ec-656d-4ade-92be-004a921408cc:c5148]
2019-08-06 03:26:44,653 INFO  client.GrpcClientProtocolClient (GrpcClientProtocolClient.java:onNext(255)) - client-9DC82E534C87->980d9c0c-33ac-4a22-b481-33b8b1eac469: receive RaftClientReply:client-9DC82E534C87->980d9c0c-33ac-4a22-b481-33b8b1eac469@group-23022C6A558E, cid=3422, SUCCESS, logIndex=0, commits[980d9c0c-33ac-4a22-b481-33b8b1eac469:c5153, e00ee311-0ce1-4115-b4c1-69648d9d3094:c5152, bb9367ec-656d-4ade-92be-004a921408cc:c5152]
2019-08-06 03:26:44,690 INFO  client.GrpcClientProtocolClient (GrpcClientProtocolClient.java:onNext(255)) - client-9DC82E534C87->980d9c0c-33ac-4a22-b481-33b8b1eac469: receive RaftClientReply:client-9DC82E534C87->980d9c0c-33ac-4a22-b481-33b8b1eac469@group-23022C6A558E, cid=3423, SUCCESS, logIndex=5155, commits[980d9c0c-33ac-4a22-b481-33b8b1eac469:c5156, e00ee311-0ce1-4115-b4c1-69648d9d3094:c5154, bb9367ec-656d-4ade-92be-004a921408cc:c5154]
2019-08-06 03:26:44,690 INFO  client.GrpcClientProtocolClient (GrpcClientProtocolClient.java:onNext(255)) - client-9DC82E534C87->980d9c0c-33ac-4a22-b481-33b8b1eac469: receive RaftClientReply:client-9DC82E534C87->980d9c0c-33ac-4a22-b481-33b8b1eac469@group-23022C6A558E, cid=3424, SUCCESS, logIndex=5156, commits[980d9c0c-33ac-4a22-b481-33b8b1eac469:c5156, e00ee311-0ce1-4115-b4c1-69648d9d3094:c5154, bb9367ec-656d-4ade-92be-004a921408cc:c5154]
2019-08-06 03:26:44,701 INFO  client.GrpcClientProtocolClient (GrpcClientProtocolClient.java:onNext(255)) - client-9DC82E534C87->980d9c0c-33ac-4a22-b481-33b8b1eac469: receive RaftClientReply:client-9DC82E534C87->980d9c0c-33ac-4a22-b481-33b8b1eac469@group-23022C6A558E, cid=3425, SUCCESS, logIndex=5157, commits[980d9c0c-33ac-4a22-b481-33b8b1eac469:c5158, e00ee311-0ce1-4115-b4c1-69648d9d3094:c5154, bb9367ec-656d-4ade-92be-004a921408cc:c5154]
2019-08-06 03:26:44,701 INFO  client.GrpcClientProtocolClient (GrpcClientProtocolClient.java:onNext(255)) - client-9DC82E534C87->980d9c0c-33ac-4a22-b481-33b8b1eac469: receive RaftClientReply:client-9DC82E534C87->980d9c0c-33ac-4a22-b481-33b8b1eac469@group-23022C6A558E, cid=3426, SUCCESS, logIndex=5158, commits[980d9c0c-33ac-4a22-b481-33b8b1eac469:c5158, e00ee311-0ce1-4115-b4c1-69648d9d3094:c5154, bb9367ec-656d-4ade-92be-004a921408cc:c5154]
2019-08-06 03:26:44,704 INFO  client.GrpcClientProtocolClient (GrpcClientProtocolClient.java:onNext(255)) - client-9DC82E534C87->980d9c0c-33ac-4a22-b481-33b8b1eac469: receive RaftClientReply:client-9DC82E534C87->980d9c0c-33ac-4a22-b481-33b8b1eac469@group-23022C6A558E, cid=3427, SUCCESS, logIndex=0, commits[980d9c0c-33ac-4a22-b481-33b8b1eac469:c5160, e00ee311-0ce1-4115-b4c1-69648d9d3094:c5156, bb9367ec-656d-4ade-92be-004a921408cc:c5156]
2019-08-06 03:26:44,718 INFO  client.GrpcClientProtocolClient (GrpcClientProtocolClient.java:onNext(255)) - client-9DC82E534C87->980d9c0c-33ac-4a22-b481-33b8b1eac469: receive RaftClientReply:client-9DC82E534C87->980d9c0c-33ac-4a22-b481-33b8b1eac469@group-23022C6A558E, cid=3428, SUCCESS, logIndex=5163, commits[980d9c0c-33ac-4a22-b481-33b8b1eac469:c5164, e00ee311-0ce1-4115-b4c1-69648d9d3094:c5160, bb9367ec-656d-4ade-92be-004a921408cc:c5160]
2019-08-06 03:26:44,718 INFO  client.GrpcClientProtocolClient (GrpcClientProtocolClient.java:onNext(255)) - client-9DC82E534C87->980d9c0c-33ac-4a22-b481-33b8b1eac469: receive RaftClientReply:client-9DC82E534C87->980d9c0c-33ac-4a22-b481-33b8b1eac469@group-23022C6A558E, cid=3429, SUCCESS, logIndex=5164, commits[980d9c0c-33ac-4a22-b481-33b8b1eac469:c5164, e00ee311-0ce1-4115-b4c1-69648d9d3094:c5160, bb9367ec-656d-4ade-92be-004a921408cc:c5160]
2019-08-06 03:26:44,731 INFO  client.GrpcClientProtocolClient (GrpcClientProtocolClient.java:onNext(255)) - client-9DC82E534C87->980d9c0c-33ac-4a22-b481-33b8b1eac469: receive RaftClientReply:client-9DC82E534C87->980d9c0c-33ac-4a22-b481-33b8b1eac469@group-23022C6A558E, cid=3430, SUCCESS, logIndex=5167, commits[980d9c0c-33ac-4a22-b481-33b8b1eac469:c5168, e00ee311-0ce1-4115-b4c1-69648d9d3094:c5164, bb9367ec-656d-4ade-92be-004a921408cc:c5164]
2019-08-06 03:26:44,732 INFO  client.GrpcClientProtocolClient (GrpcClientProtocolClient.java:onNext(255)) - client-9DC82E534C87->980d9c0c-33ac-4a22-b481-33b8b1eac469: receive RaftClientReply:client-9DC82E534C87->980d9c0c-33ac-4a22-b481-33b8b1eac469@group-23022C6A558E, cid=3431, SUCCESS, logIndex=5168, commits[980d9c0c-33ac-4a22-b481-33b8b1eac469:c5168, e00ee311-0ce1-4115-b4c1-69648d9d3094:c5164, bb9367ec-656d-4ade-92be-004a921408cc:c5164]
2019-08-06 03:26:44,746 INFO  client.GrpcClientProtocolClient (GrpcClientProtocolClient.java:onNext(255)) - client-9DC82E534C87->980d9c0c-33ac-4a22-b481-33b8b1eac469: receive RaftClientReply:client-9DC82E534C87->980d9c0c-33ac-4a22-b481-33b8b1eac469@group-23022C6A558E, cid=3432, SUCCESS, logIndex=0, commits[980d9c0c-33ac-4a22-b481-33b8b1eac469:c5170, e00ee311-0ce1-4115-b4c1-69648d9d3094:c5168, bb9367ec-656d-4ade-92be-004a921408cc:c5168]
2019-08-06 03:26:44,777 INFO  client.GrpcClientProtocolClient (GrpcClientProtocolClient.java:onNext(255)) - client-9DC82E534C87->980d9c0c-33ac-4a22-b481-33b8b1eac469: receive RaftClientReply:client-9DC82E534C87->980d9c0c-33ac-4a22-b481-33b8b1eac469@group-23022C6A558E, cid=3433, SUCCESS, logIndex=5171, commits[980d9c0c-33ac-4a22-b481-33b8b1eac469:c5172, e00ee311-0ce1-4115-b4c1-69648d9d3094:c5170, bb9367ec-656d-4ade-92be-004a921408cc:c5170]
2019-08-06 03:26:44,778 INFO  client.GrpcClientProtocolClient (GrpcClientProtocolClient.java:onNext(255)) - client-9DC82E534C87->980d9c0c-33ac-4a22-b481-33b8b1eac469: receive RaftClientReply:client-9DC82E534C87->980d9c0c-33ac-4a22-b481-33b8b1eac469@group-23022C6A558E, cid=3434, SUCCESS, logIndex=5172, commits[980d9c0c-33ac-4a22-b481-33b8b1eac469:c5172, e00ee311-0ce1-4115-b4c1-69648d9d3094:c5170, bb9367ec-656d-4ade-92be-004a921408cc:c5170]
2019-08-06 03:26:44,778 INFO  client.GrpcClientProtocolClient (GrpcClientProtocolClient.java:onNext(255)) - client-9DC82E534C87->980d9c0c-33ac-4a22-b481-33b8b1eac469: receive RaftClientReply:client-9DC82E534C87->980d9c0c-33ac-4a22-b481-33b8b1eac469@group-23022C6A558E, cid=3435, SUCCESS, logIndex=5173, commits[980d9c0c-33ac-4a22-b481-33b8b1eac469:c5174, e00ee311-0ce1-4115-b4c1-69648d9d3094:c5170, bb9367ec-656d-4ade-92be-004a921408cc:c5170]
2019-08-06 03:26:44,779 INFO  client.GrpcClientProtocolClient (GrpcClientProtocolClient.java:onNext(255)) - client-9DC82E534C87->980d9c0c-33ac-4a22-b481-33b8b1eac469: receive RaftClientReply:client-9DC82E534C87->980d9c0c-33ac-4a22-b481-33b8b1eac469@group-23022C6A558E, cid=3436, SUCCESS, logIndex=5174, commits[980d9c0c-33ac-4a22-b481-33b8b1eac469:c5174, e00ee311-0ce1-4115-b4c1-69648d9d3094:c5170, bb9367ec-656d-4ade-92be-004a921408cc:c5170]
2019-08-06 03:26:44,791 INFO  client.GrpcClientProtocolClient (GrpcClientProtocolClient.java:onNext(255)) - client-9DC82E534C87->980d9c0c-33ac-4a22-b481-33b8b1eac469: receive RaftClientReply:client-9DC82E534C87->980d9c0c-33ac-4a22-b481-33b8b1eac469@group-23022C6A558E, cid=3437, SUCCESS, logIndex=0, commits[980d9c0c-33ac-4a22-b481-33b8b1eac469:c5176, e00ee311-0ce1-4115-b4c1-69648d9d3094:c5172, bb9367ec-656d-4ade-92be-004a921408cc:c5172]
2019-08-06 03:26:44,811 INFO  client.GrpcClientProtocolClient (GrpcClientProtocolClient.java:onNext(255)) - client-9DC82E534C87->980d9c0c-33ac-4a22-b481-33b8b1eac469: receive RaftClientReply:client-9DC82E534C87->980d9c0c-33ac-4a22-b481-33b8b1eac469@group-23022C6A558E, cid=3438, SUCCESS, logIndex=5179, commits[980d9c0c-33ac-4a22-b481-33b8b1eac469:c5180, e00ee311-0ce1-4115-b4c1-69648d9d3094:c5178, bb9367ec-656d-4ade-92be-004a921408cc:c5178]
2019-08-06 03:26:44,811 INFO  client.GrpcClientProtocolClient (GrpcClientProtocolClient.java:onNext(255)) - client-9DC82E534C87->980d9c0c-33ac-4a22-b481-33b8b1eac469: receive RaftClientReply:client-9DC82E534C87->980d9c0c-33ac-4a22-b481-33b8b1eac469@group-23022C6A558E, cid=3439, SUCCESS, logIndex=5180, commits[980d9c0c-33ac-4a22-b481-33b8b1eac469:c5180, e00ee311-0ce1-4115-b4c1-69648d9d3094:c5178, bb9367ec-656d-4ade-92be-004a921408cc:c5178]
2019-08-06 03:26:44,844 INFO  client.GrpcClientProtocolClient (GrpcClientProtocolClient.java:onNext(255)) - client-9DC82E534C87->980d9c0c-33ac-4a22-b481-33b8b1eac469: receive RaftClientReply:client-9DC82E534C87->980d9c0c-33ac-4a22-b481-33b8b1eac469@group-23022C6A558E, cid=3440, SUCCESS, logIndex=5183, commits[980d9c0c-33ac-4a22-b481-33b8b1eac469:c5184, e00ee311-0ce1-4115-b4c1-69648d9d3094:c5182, bb9367ec-656d-4ade-92be-004a921408cc:c5182]
2019-08-06 03:26:44,844 INFO  client.GrpcClientProtocolClient (GrpcClientProtocolClient.java:onNext(255)) - client-9DC82E534C87->980d9c0c-33ac-4a22-b481-33b8b1eac469: receive RaftClientReply:client-9DC82E534C87->980d9c0c-33ac-4a22-b481-33b8b1eac469@group-23022C6A558E, cid=3441, SUCCESS, logIndex=5184, commits[980d9c0c-33ac-4a22-b481-33b8b1eac469:c5184, e00ee311-0ce1-4115-b4c1-69648d9d3094:c5182, bb9367ec-656d-4ade-92be-004a921408cc:c5182]
2019-08-06 03:26:44,858 INFO  client.GrpcClientProtocolClient (GrpcClientProtocolClient.java:onNext(255)) - client-9DC82E534C87->980d9c0c-33ac-4a22-b481-33b8b1eac469: receive RaftClientReply:client-9DC82E534C87->980d9c0c-33ac-4a22-b481-33b8b1eac469@group-23022C6A558E, cid=3442, SUCCESS, logIndex=0, commits[980d9c0c-33ac-4a22-b481-33b8b1eac469:c5186, e00ee311-0ce1-4115-b4c1-69648d9d3094:c5184, bb9367ec-656d-4ade-92be-004a921408cc:c5184]
2019-08-06 03:26:44,892 INFO  client.GrpcClientProtocolClient (GrpcClientProtocolClient.java:onNext(255)) - client-9DC82E534C87->980d9c0c-33ac-4a22-b481-33b8b1eac469: receive RaftClientReply:client-9DC82E534C87->980d9c0c-33ac-4a22-b481-33b8b1eac469@group-23022C6A558E, cid=3443, SUCCESS, logIndex=5187, commits[980d9c0c-33ac-4a22-b481-33b8b1eac469:c5188, e00ee311-0ce1-4115-b4c1-69648d9d3094:c5186, bb9367ec-656d-4ade-92be-004a921408cc:c5186]
2019-08-06 03:26:44,892 INFO  client.GrpcClientProtocolClient (GrpcClientProtocolClient.java:onNext(255)) - client-9DC82E534C87->980d9c0c-33ac-4a22-b481-33b8b1eac469: receive RaftClientReply:client-9DC82E534C87->980d9c0c-33ac-4a22-b481-33b8b1eac469@group-23022C6A558E, cid=3444, SUCCESS, logIndex=5188, commits[980d9c0c-33ac-4a22-b481-33b8b1eac469:c5188, e00ee311-0ce1-4115-b4c1-69648d9d3094:c5186, bb9367ec-656d-4ade-92be-004a921408cc:c5186]
2019-08-06 03:26:44,893 INFO  client.GrpcClientProtocolClient (GrpcClientProtocolClient.java:onNext(255)) - client-9DC82E534C87->980d9c0c-33ac-4a22-b481-33b8b1eac469: receive RaftClientReply:client-9DC82E534C87->980d9c0c-33ac-4a22-b481-33b8b1eac469@group-23022C6A558E, cid=3445, SUCCESS, logIndex=5189, commits[980d9c0c-33ac-4a22-b481-33b8b1eac469:c5189, e00ee311-0ce1-4115-b4c1-69648d9d3094:c5186, bb9367ec-656d-4ade-92be-004a921408cc:c5186]
2019-08-06 03:26:44,893 INFO  client.GrpcClientProtocolClient (GrpcClientProtocolClient.java:onNext(255)) - client-9DC82E534C87->980d9c0c-33ac-4a22-b481-33b8b1eac469: receive RaftClientReply:client-9DC82E534C87->980d9c0c-33ac-4a22-b481-33b8b1eac469@group-23022C6A558E, cid=3446, SUCCESS, logIndex=5190, commits[980d9c0c-33ac-4a22-b481-33b8b1eac469:c5190, e00ee311-0ce1-4115-b4c1-69648d9d3094:c5186, bb9367ec-656d-4ade-92be-004a921408cc:c5186]
2019-08-06 03:26:44,894 INFO  client.GrpcClientProtocolClient (GrpcClientProtocolClient.java:onNext(255)) - client-9DC82E534C87->980d9c0c-33ac-4a22-b481-33b8b1eac469: receive RaftClientReply:client-9DC82E534C87->980d9c0c-33ac-4a22-b481-33b8b1eac469@group-23022C6A558E, cid=3447, SUCCESS, logIndex=0, commits[980d9c0c-33ac-4a22-b481-33b8b1eac469:c5192, e00ee311-0ce1-4115-b4c1-69648d9d3094:c5188, bb9367ec-656d-4ade-92be-004a921408cc:c5188]
2019-08-06 03:26:44,931 INFO  client.GrpcClientProtocolClient (GrpcClientProtocolClient.java:onNext(255)) - client-9DC82E534C87->980d9c0c-33ac-4a22-b481-33b8b1eac469: receive RaftClientReply:client-9DC82E534C87->980d9c0c-33ac-4a22-b481-33b8b1eac469@group-23022C6A558E, cid=3448, SUCCESS, logIndex=5195, commits[980d9c0c-33ac-4a22-b481-33b8b1eac469:c5195, e00ee311-0ce1-4115-b4c1-69648d9d3094:c5194, bb9367ec-656d-4ade-92be-004a921408cc:c5194]
2019-08-06 03:26:44,931 INFO  client.GrpcClientProtocolClient (GrpcClientProtocolClient.java:onNext(255)) - client-9DC82E534C87->980d9c0c-33ac-4a22-b481-33b8b1eac469: receive RaftClientReply:client-9DC82E534C87->980d9c0c-33ac-4a22-b481-33b8b1eac469@group-23022C6A558E, cid=3449, SUCCESS, logIndex=5196, commits[980d9c0c-33ac-4a22-b481-33b8b1eac469:c5196, e00ee311-0ce1-4115-b4c1-69648d9d3094:c5194, bb9367ec-656d-4ade-92be-004a921408cc:c5194]
2019-08-06 03:26:44,944 INFO  client.GrpcClientProtocolClient (GrpcClientProtocolClient.java:onNext(255)) - client-9DC82E534C87->980d9c0c-33ac-4a22-b481-33b8b1eac469: receive RaftClientReply:client-9DC82E534C87->980d9c0c-33ac-4a22-b481-33b8b1eac469@group-23022C6A558E, cid=3450, SUCCESS, logIndex=5199, commits[980d9c0c-33ac-4a22-b481-33b8b1eac469:c5200, e00ee311-0ce1-4115-b4c1-69648d9d3094:c5196, bb9367ec-656d-4ade-92be-004a921408cc:c5196]
2019-08-06 03:26:44,945 INFO  client.GrpcClientProtocolClient (GrpcClientProtocolClient.java:onNext(255)) - client-9DC82E534C87->980d9c0c-33ac-4a22-b481-33b8b1eac469: receive RaftClientReply:client-9DC82E534C87->980d9c0c-33ac-4a22-b481-33b8b1eac469@group-23022C6A558E, cid=3451, SUCCESS, logIndex=5200, commits[980d9c0c-33ac-4a22-b481-33b8b1eac469:c5200, e00ee311-0ce1-4115-b4c1-69648d9d3094:c5196, bb9367ec-656d-4ade-92be-004a921408cc:c5196]
2019-08-06 03:26:44,958 INFO  client.GrpcClientProtocolClient (GrpcClientProtocolClient.java:onNext(255)) - client-9DC82E534C87->980d9c0c-33ac-4a22-b481-33b8b1eac469: receive RaftClientReply:client-9DC82E534C87->980d9c0c-33ac-4a22-b481-33b8b1eac469@group-23022C6A558E, cid=3452, SUCCESS, logIndex=0, commits[980d9c0c-33ac-4a22-b481-33b8b1eac469:c5202, e00ee311-0ce1-4115-b4c1-69648d9d3094:c5200, bb9367ec-656d-4ade-92be-004a921408cc:c5200]
2019-08-06 03:26:44,991 INFO  client.GrpcClientProtocolClient (GrpcClientProtocolClient.java:onNext(255)) - client-9DC82E534C87->980d9c0c-33ac-4a22-b481-33b8b1eac469: receive RaftClientReply:client-9DC82E534C87->980d9c0c-33ac-4a22-b481-33b8b1eac469@group-23022C6A558E, cid=3453, SUCCESS, logIndex=5203, commits[980d9c0c-33ac-4a22-b481-33b8b1eac469:c5205, e00ee311-0ce1-4115-b4c1-69648d9d3094:c5202, bb9367ec-656d-4ade-92be-004a921408cc:c5202]
2019-08-06 03:26:44,991 INFO  client.GrpcClientProtocolClient (GrpcClientProtocolClient.java:onNext(255)) - client-9DC82E534C87->980d9c0c-33ac-4a22-b481-33b8b1eac469: receive RaftClientReply:client-9DC82E534C87->980d9c0c-33ac-4a22-b481-33b8b1eac469@group-23022C6A558E, cid=3454, SUCCESS, logIndex=5204, commits[980d9c0c-33ac-4a22-b481-33b8b1eac469:c5206, e00ee311-0ce1-4115-b4c1-69648d9d3094:c5202, bb9367ec-656d-4ade-92be-004a921408cc:c5202]
2019-08-06 03:26:44,992 INFO  client.GrpcClientProtocolClient (GrpcClientProtocolClient.java:onNext(255)) - client-9DC82E534C87->980d9c0c-33ac-4a22-b481-33b8b1eac469: receive RaftClientReply:client-9DC82E534C87->980d9c0c-33ac-4a22-b481-33b8b1eac469@group-23022C6A558E, cid=3455, SUCCESS, logIndex=5205, commits[980d9c0c-33ac-4a22-b481-33b8b1eac469:c5206, e00ee311-0ce1-4115-b4c1-69648d9d3094:c5202, bb9367ec-656d-4ade-92be-004a921408cc:c5202]
2019-08-06 03:26:44,992 INFO  client.GrpcClientProtocolClient (GrpcClientProtocolClient.java:onNext(255)) - client-9DC82E534C87->980d9c0c-33ac-4a22-b481-33b8b1eac469: receive RaftClientReply:client-9DC82E534C87->980d9c0c-33ac-4a22-b481-33b8b1eac469@group-23022C6A558E, cid=3456, SUCCESS, logIndex=5206, commits[980d9c0c-33ac-4a22-b481-33b8b1eac469:c5206, e00ee311-0ce1-4115-b4c1-69648d9d3094:c5202, bb9367ec-656d-4ade-92be-004a921408cc:c5202]
2019-08-06 03:26:45,005 INFO  client.GrpcClientProtocolClient (GrpcClientProtocolClient.java:onNext(255)) - client-9DC82E534C87->980d9c0c-33ac-4a22-b481-33b8b1eac469: receive RaftClientReply:client-9DC82E534C87->980d9c0c-33ac-4a22-b481-33b8b1eac469@group-23022C6A558E, cid=3457, SUCCESS, logIndex=0, commits[980d9c0c-33ac-4a22-b481-33b8b1eac469:c5208, e00ee311-0ce1-4115-b4c1-69648d9d3094:c5204, bb9367ec-656d-4ade-92be-004a921408cc:c5204]
2019-08-06 03:26:45,024 INFO  client.GrpcClientProtocolClient (GrpcClientProtocolClient.java:onNext(255)) - client-9DC82E534C87->980d9c0c-33ac-4a22-b481-33b8b1eac469: receive RaftClientReply:client-9DC82E534C87->980d9c0c-33ac-4a22-b481-33b8b1eac469@group-23022C6A558E, cid=3458, SUCCESS, logIndex=5211, commits[980d9c0c-33ac-4a22-b481-33b8b1eac469:c5212, e00ee311-0ce1-4115-b4c1-69648d9d3094:c5210, bb9367ec-656d-4ade-92be-004a921408cc:c5210]
2019-08-06 03:26:45,025 INFO  client.GrpcClientProtocolClient (GrpcClientProtocolClient.java:onNext(255)) - client-9DC82E534C87->980d9c0c-33ac-4a22-b481-33b8b1eac469: receive RaftClientReply:client-9DC82E534C87->980d9c0c-33ac-4a22-b481-33b8b1eac469@group-23022C6A558E, cid=3459, SUCCESS, logIndex=5212, commits[980d9c0c-33ac-4a22-b481-33b8b1eac469:c5212, e00ee311-0ce1-4115-b4c1-69648d9d3094:c5210, bb9367ec-656d-4ade-92be-004a921408cc:c5210]
2019-08-06 03:26:45,039 INFO  client.GrpcClientProtocolClient (GrpcClientProtocolClient.java:onNext(255)) - client-9DC82E534C87->980d9c0c-33ac-4a22-b481-33b8b1eac469: receive RaftClientReply:client-9DC82E534C87->980d9c0c-33ac-4a22-b481-33b8b1eac469@group-23022C6A558E, cid=3460, SUCCESS, logIndex=5215, commits[980d9c0c-33ac-4a22-b481-33b8b1eac469:c5216, e00ee311-0ce1-4115-b4c1-69648d9d3094:c5212, bb9367ec-656d-4ade-92be-004a921408cc:c5212]
2019-08-06 03:26:45,039 INFO  client.GrpcClientProtocolClient (GrpcClientProtocolClient.java:onNext(255)) - client-9DC82E534C87->980d9c0c-33ac-4a22-b481-33b8b1eac469: receive RaftClientReply:client-9DC82E534C87->980d9c0c-33ac-4a22-b481-33b8b1eac469@group-23022C6A558E, cid=3461, SUCCESS, logIndex=5216, commits[980d9c0c-33ac-4a22-b481-33b8b1eac469:c5216, e00ee311-0ce1-4115-b4c1-69648d9d3094:c5212, bb9367ec-656d-4ade-92be-004a921408cc:c5212]
2019-08-06 03:26:45,053 INFO  client.GrpcClientProtocolClient (GrpcClientProtocolClient.java:onNext(255)) - client-9DC82E534C87->980d9c0c-33ac-4a22-b481-33b8b1eac469: receive RaftClientReply:client-9DC82E534C87->980d9c0c-33ac-4a22-b481-33b8b1eac469@group-23022C6A558E, cid=3462, SUCCESS, logIndex=0, commits[980d9c0c-33ac-4a22-b481-33b8b1eac469:c5218, e00ee311-0ce1-4115-b4c1-69648d9d3094:c5216, bb9367ec-656d-4ade-92be-004a921408cc:c5216]
2019-08-06 03:26:45,084 INFO  client.GrpcClientProtocolClient (GrpcClientProtocolClient.java:onNext(255)) - client-9DC82E534C87->980d9c0c-33ac-4a22-b481-33b8b1eac469: receive RaftClientReply:client-9DC82E534C87->980d9c0c-33ac-4a22-b481-33b8b1eac469@group-23022C6A558E, cid=3463, SUCCESS, logIndex=5219, commits[980d9c0c-33ac-4a22-b481-33b8b1eac469:c5220, e00ee311-0ce1-4115-b4c1-69648d9d3094:c5218, bb9367ec-656d-4ade-92be-004a921408cc:c5218]
2019-08-06 03:26:45,084 INFO  client.GrpcClientProtocolClient (GrpcClientProtocolClient.java:onNext(255)) - client-9DC82E534C87->980d9c0c-33ac-4a22-b481-33b8b1eac469: receive RaftClientReply:client-9DC82E534C87->980d9c0c-33ac-4a22-b481-33b8b1eac469@group-23022C6A558E, cid=3464, SUCCESS, logIndex=5220, commits[980d9c0c-33ac-4a22-b481-33b8b1eac469:c5222, e00ee311-0ce1-4115-b4c1-69648d9d3094:c5218, bb9367ec-656d-4ade-92be-004a921408cc:c5218]
2019-08-06 03:26:45,084 INFO  client.GrpcClientProtocolClient (GrpcClientProtocolClient.java:onNext(255)) - client-9DC82E534C87->980d9c0c-33ac-4a22-b481-33b8b1eac469: receive RaftClientReply:client-9DC82E534C87->980d9c0c-33ac-4a22-b481-33b8b1eac469@group-23022C6A558E, cid=3465, SUCCESS, logIndex=5221, commits[980d9c0c-33ac-4a22-b481-33b8b1eac469:c5222, e00ee311-0ce1-4115-b4c1-69648d9d3094:c5218, bb9367ec-656d-4ade-92be-004a921408cc:c5218]
2019-08-06 03:26:45,085 INFO  client.GrpcClientProtocolClient (GrpcClientProtocolClient.java:onNext(255)) - client-9DC82E534C87->980d9c0c-33ac-4a22-b481-33b8b1eac469: receive RaftClientReply:client-9DC82E534C87->980d9c0c-33ac-4a22-b481-33b8b1eac469@group-23022C6A558E, cid=3466, SUCCESS, logIndex=5222, commits[980d9c0c-33ac-4a22-b481-33b8b1eac469:c5222, e00ee311-0ce1-4115-b4c1-69648d9d3094:c5218, bb9367ec-656d-4ade-92be-004a921408cc:c5218]
2019-08-06 03:26:45,097 INFO  client.GrpcClientProtocolClient (GrpcClientProtocolClient.java:onNext(255)) - client-9DC82E534C87->980d9c0c-33ac-4a22-b481-33b8b1eac469: receive RaftClientReply:client-9DC82E534C87->980d9c0c-33ac-4a22-b481-33b8b1eac469@group-23022C6A558E, cid=3467, SUCCESS, logIndex=0, commits[980d9c0c-33ac-4a22-b481-33b8b1eac469:c5224, e00ee311-0ce1-4115-b4c1-69648d9d3094:c5220, bb9367ec-656d-4ade-92be-004a921408cc:c5220]
2019-08-06 03:26:45,125 INFO  client.GrpcClientProtocolClient (GrpcClientProtocolClient.java:onNext(255)) - client-9DC82E534C87->980d9c0c-33ac-4a22-b481-33b8b1eac469: receive RaftClientReply:client-9DC82E534C87->980d9c0c-33ac-4a22-b481-33b8b1eac469@group-23022C6A558E, cid=3468, SUCCESS, logIndex=5227, commits[980d9c0c-33ac-4a22-b481-33b8b1eac469:c5228, e00ee311-0ce1-4115-b4c1-69648d9d3094:c5222, bb9367ec-656d-4ade-92be-004a921408cc:c5226]
2019-08-06 03:26:45,126 INFO  client.GrpcClientProtocolClient (GrpcClientProtocolClient.java:onNext(255)) - client-9DC82E534C87->980d9c0c-33ac-4a22-b481-33b8b1eac469: receive RaftClientReply:client-9DC82E534C87->980d9c0c-33ac-4a22-b481-33b8b1eac469@group-23022C6A558E, cid=3469, SUCCESS, logIndex=5228, commits[980d9c0c-33ac-4a22-b481-33b8b1eac469:c5228, e00ee311-0ce1-4115-b4c1-69648d9d3094:c5226, bb9367ec-656d-4ade-92be-004a921408cc:c5226]
2019-08-06 03:26:45,138 INFO  client.GrpcClientProtocolClient (GrpcClientProtocolClient.java:onNext(255)) - client-9DC82E534C87->980d9c0c-33ac-4a22-b481-33b8b1eac469: receive RaftClientReply:client-9DC82E534C87->980d9c0c-33ac-4a22-b481-33b8b1eac469@group-23022C6A558E, cid=3470, SUCCESS, logIndex=5230, commits[980d9c0c-33ac-4a22-b481-33b8b1eac469:c5231, e00ee311-0ce1-4115-b4c1-69648d9d3094:c5228, bb9367ec-656d-4ade-92be-004a921408cc:c5228]
2019-08-06 03:26:45,138 INFO  client.GrpcClientProtocolClient (GrpcClientProtocolClient.java:onNext(255)) - client-9DC82E534C87->980d9c0c-33ac-4a22-b481-33b8b1eac469: receive RaftClientReply:client-9DC82E534C87->980d9c0c-33ac-4a22-b481-33b8b1eac469@group-23022C6A558E, cid=3471, SUCCESS, logIndex=5231, commits[980d9c0c-33ac-4a22-b481-33b8b1eac469:c5231, e00ee311-0ce1-4115-b4c1-69648d9d3094:c5228, bb9367ec-656d-4ade-92be-004a921408cc:c5228]
2019-08-06 03:26:45,140 INFO  client.GrpcClientProtocolClient (GrpcClientProtocolClient.java:onNext(255)) - client-9DC82E534C87->980d9c0c-33ac-4a22-b481-33b8b1eac469: receive RaftClientReply:client-9DC82E534C87->980d9c0c-33ac-4a22-b481-33b8b1eac469@group-23022C6A558E, cid=3472, SUCCESS, logIndex=0, commits[980d9c0c-33ac-4a22-b481-33b8b1eac469:c5232, e00ee311-0ce1-4115-b4c1-69648d9d3094:c5231, bb9367ec-656d-4ade-92be-004a921408cc:c5231]
2019-08-06 03:26:45,178 INFO  client.GrpcClientProtocolClient (GrpcClientProtocolClient.java:onNext(255)) - client-9DC82E534C87->980d9c0c-33ac-4a22-b481-33b8b1eac469: receive RaftClientReply:client-9DC82E534C87->980d9c0c-33ac-4a22-b481-33b8b1eac469@group-23022C6A558E, cid=3473, SUCCESS, logIndex=5234, commits[980d9c0c-33ac-4a22-b481-33b8b1eac469:c5235, e00ee311-0ce1-4115-b4c1-69648d9d3094:c5233, bb9367ec-656d-4ade-92be-004a921408cc:c5233]
2019-08-06 03:26:45,179 INFO  client.GrpcClientProtocolClient (GrpcClientProtocolClient.java:onNext(255)) - client-9DC82E534C87->980d9c0c-33ac-4a22-b481-33b8b1eac469: receive RaftClientReply:client-9DC82E534C87->980d9c0c-33ac-4a22-b481-33b8b1eac469@group-23022C6A558E, cid=3474, SUCCESS, logIndex=5235, commits[980d9c0c-33ac-4a22-b481-33b8b1eac469:c5237, e00ee311-0ce1-4115-b4c1-69648d9d3094:c5233, bb9367ec-656d-4ade-92be-004a921408cc:c5233]
2019-08-06 03:26:45,179 INFO  client.GrpcClientProtocolClient (GrpcClientProtocolClient.java:onNext(255)) - client-9DC82E534C87->980d9c0c-33ac-4a22-b481-33b8b1eac469: receive RaftClientReply:client-9DC82E534C87->980d9c0c-33ac-4a22-b481-33b8b1eac469@group-23022C6A558E, cid=3475, SUCCESS, logIndex=5236, commits[980d9c0c-33ac-4a22-b481-33b8b1eac469:c5237, e00ee311-0ce1-4115-b4c1-69648d9d3094:c5233, bb9367ec-656d-4ade-92be-004a921408cc:c5233]
2019-08-06 03:26:45,179 INFO  client.GrpcClientProtocolClient (GrpcClientProtocolClient.java:onNext(255)) - client-9DC82E534C87->980d9c0c-33ac-4a22-b481-33b8b1eac469: receive RaftClientReply:client-9DC82E534C87->980d9c0c-33ac-4a22-b481-33b8b1eac469@group-23022C6A558E, cid=3476, SUCCESS, logIndex=5237, commits[980d9c0c-33ac-4a22-b481-33b8b1eac469:c5237, e00ee311-0ce1-4115-b4c1-69648d9d3094:c5233, bb9367ec-656d-4ade-92be-004a921408cc:c5233]
2019-08-06 03:26:45,201 INFO  client.GrpcClientProtocolClient (GrpcClientProtocolClient.java:onNext(255)) - client-9DC82E534C87->980d9c0c-33ac-4a22-b481-33b8b1eac469: receive RaftClientReply:client-9DC82E534C87->980d9c0c-33ac-4a22-b481-33b8b1eac469@group-23022C6A558E, cid=3477, SUCCESS, logIndex=0, commits[980d9c0c-33ac-4a22-b481-33b8b1eac469:c5241, e00ee311-0ce1-4115-b4c1-69648d9d3094:c5237, bb9367ec-656d-4ade-92be-004a921408cc:c5235]
2019-08-06 03:26:45,223 INFO  client.GrpcClientProtocolClient (GrpcClientProtocolClient.java:onNext(255)) - client-9DC82E534C87->980d9c0c-33ac-4a22-b481-33b8b1eac469: receive RaftClientReply:client-9DC82E534C87->980d9c0c-33ac-4a22-b481-33b8b1eac469@group-23022C6A558E, cid=3478, SUCCESS, logIndex=5242, commits[980d9c0c-33ac-4a22-b481-33b8b1eac469:c5243, e00ee311-0ce1-4115-b4c1-69648d9d3094:c5241, bb9367ec-656d-4ade-92be-004a921408cc:c5241]
2019-08-06 03:26:45,223 INFO  client.GrpcClientProtocolClient (GrpcClientProtocolClient.java:onNext(255)) - client-9DC82E534C87->980d9c0c-33ac-4a22-b481-33b8b1eac469: receive RaftClientReply:client-9DC82E534C87->980d9c0c-33ac-4a22-b481-33b8b1eac469@group-23022C6A558E, cid=3479, SUCCESS, logIndex=5243, commits[980d9c0c-33ac-4a22-b481-33b8b1eac469:c5243, e00ee311-0ce1-4115-b4c1-69648d9d3094:c5241, bb9367ec-656d-4ade-92be-004a921408cc:c5241]
2019-08-06 03:26:45,236 INFO  client.GrpcClientProtocolClient (GrpcClientProtocolClient.java:onNext(255)) - client-9DC82E534C87->980d9c0c-33ac-4a22-b481-33b8b1eac469: receive RaftClientReply:client-9DC82E534C87->980d9c0c-33ac-4a22-b481-33b8b1eac469@group-23022C6A558E, cid=3480, SUCCESS, logIndex=5246, commits[980d9c0c-33ac-4a22-b481-33b8b1eac469:c5247, e00ee311-0ce1-4115-b4c1-69648d9d3094:c5242, bb9367ec-656d-4ade-92be-004a921408cc:c5243]
2019-08-06 03:26:45,237 INFO  client.GrpcClientProtocolClient (GrpcClientProtocolClient.java:onNext(255)) - client-9DC82E534C87->980d9c0c-33ac-4a22-b481-33b8b1eac469: receive RaftClientReply:client-9DC82E534C87->980d9c0c-33ac-4a22-b481-33b8b1eac469@group-23022C6A558E, cid=3481, SUCCESS, logIndex=5247, commits[980d9c0c-33ac-4a22-b481-33b8b1eac469:c5247, e00ee311-0ce1-4115-b4c1-69648d9d3094:c5243, bb9367ec-656d-4ade-92be-004a921408cc:c5243]
2019-08-06 03:26:45,240 INFO  client.GrpcClientProtocolClient (GrpcClientProtocolClient.java:onNext(255)) - client-9DC82E534C87->980d9c0c-33ac-4a22-b481-33b8b1eac469: receive RaftClientReply:client-9DC82E534C87->980d9c0c-33ac-4a22-b481-33b8b1eac469@group-23022C6A558E, cid=3482, SUCCESS, logIndex=0, commits[980d9c0c-33ac-4a22-b481-33b8b1eac469:c5248, e00ee311-0ce1-4115-b4c1-69648d9d3094:c5247, bb9367ec-656d-4ade-92be-004a921408cc:c5247]
2019-08-06 03:26:45,279 INFO  client.GrpcClientProtocolClient (GrpcClientProtocolClient.java:onNext(255)) - client-9DC82E534C87->980d9c0c-33ac-4a22-b481-33b8b1eac469: receive RaftClientReply:client-9DC82E534C87->980d9c0c-33ac-4a22-b481-33b8b1eac469@group-23022C6A558E, cid=3483, SUCCESS, logIndex=5250, commits[980d9c0c-33ac-4a22-b481-33b8b1eac469:c5252, e00ee311-0ce1-4115-b4c1-69648d9d3094:c5249, bb9367ec-656d-4ade-92be-004a921408cc:c5249]
2019-08-06 03:26:45,280 INFO  client.GrpcClientProtocolClient (GrpcClientProtocolClient.java:onNext(255)) - client-9DC82E534C87->980d9c0c-33ac-4a22-b481-33b8b1eac469: receive RaftClientReply:client-9DC82E534C87->980d9c0c-33ac-4a22-b481-33b8b1eac469@group-23022C6A558E, cid=3484, SUCCESS, logIndex=5251, commits[980d9c0c-33ac-4a22-b481-33b8b1eac469:c5253, e00ee311-0ce1-4115-b4c1-69648d9d3094:c5249, bb9367ec-656d-4ade-92be-004a921408cc:c5249]
2019-08-06 03:26:45,280 INFO  client.GrpcClientProtocolClient (GrpcClientProtocolClient.java:onNext(255)) - client-9DC82E534C87->980d9c0c-33ac-4a22-b481-33b8b1eac469: receive RaftClientReply:client-9DC82E534C87->980d9c0c-33ac-4a22-b481-33b8b1eac469@group-23022C6A558E, cid=3485, SUCCESS, logIndex=5252, commits[980d9c0c-33ac-4a22-b481-33b8b1eac469:c5253, e00ee311-0ce1-4115-b4c1-69648d9d3094:c5249, bb9367ec-656d-4ade-92be-004a921408cc:c5249]
2019-08-06 03:26:45,280 INFO  client.GrpcClientProtocolClient (GrpcClientProtocolClient.java:onNext(255)) - client-9DC82E534C87->980d9c0c-33ac-4a22-b481-33b8b1eac469: receive RaftClientReply:client-9DC82E534C87->980d9c0c-33ac-4a22-b481-33b8b1eac469@group-23022C6A558E, cid=3486, SUCCESS, logIndex=5253, commits[980d9c0c-33ac-4a22-b481-33b8b1eac469:c5253, e00ee311-0ce1-4115-b4c1-69648d9d3094:c5249, bb9367ec-656d-4ade-92be-004a921408cc:c5249]
2019-08-06 03:26:45,290 INFO  client.GrpcClientProtocolClient (GrpcClientProtocolClient.java:onNext(255)) - client-9DC82E534C87->980d9c0c-33ac-4a22-b481-33b8b1eac469: receive RaftClientReply:client-9DC82E534C87->980d9c0c-33ac-4a22-b481-33b8b1eac469@group-23022C6A558E, cid=3487, SUCCESS, logIndex=0, commits[980d9c0c-33ac-4a22-b481-33b8b1eac469:c5254, e00ee311-0ce1-4115-b4c1-69648d9d3094:c5251, bb9367ec-656d-4ade-92be-004a921408cc:c5251]
2019-08-06 03:26:45,310 INFO  client.GrpcClientProtocolClient (GrpcClientProtocolClient.java:onNext(255)) - client-9DC82E534C87->980d9c0c-33ac-4a22-b481-33b8b1eac469: receive RaftClientReply:client-9DC82E534C87->980d9c0c-33ac-4a22-b481-33b8b1eac469@group-23022C6A558E, cid=3488, SUCCESS, logIndex=5258, commits[980d9c0c-33ac-4a22-b481-33b8b1eac469:c5259, e00ee311-0ce1-4115-b4c1-69648d9d3094:c5257, bb9367ec-656d-4ade-92be-004a921408cc:c5257]
2019-08-06 03:26:45,311 INFO  client.GrpcClientProtocolClient (GrpcClientProtocolClient.java:onNext(255)) - client-9DC82E534C87->980d9c0c-33ac-4a22-b481-33b8b1eac469: receive RaftClientReply:client-9DC82E534C87->980d9c0c-33ac-4a22-b481-33b8b1eac469@group-23022C6A558E, cid=3489, SUCCESS, logIndex=5259, commits[980d9c0c-33ac-4a22-b481-33b8b1eac469:c5259, e00ee311-0ce1-4115-b4c1-69648d9d3094:c5257, bb9367ec-656d-4ade-92be-004a921408cc:c5257]
2019-08-06 03:26:45,326 INFO  client.GrpcClientProtocolClient (GrpcClientProtocolClient.java:onNext(255)) - client-9DC82E534C87->980d9c0c-33ac-4a22-b481-33b8b1eac469: receive RaftClientReply:client-9DC82E534C87->980d9c0c-33ac-4a22-b481-33b8b1eac469@group-23022C6A558E, cid=3490, SUCCESS, logIndex=5262, commits[980d9c0c-33ac-4a22-b481-33b8b1eac469:c5263, e00ee311-0ce1-4115-b4c1-69648d9d3094:c5259, bb9367ec-656d-4ade-92be-004a921408cc:c5259]
2019-08-06 03:26:45,326 INFO  client.GrpcClientProtocolClient (GrpcClientProtocolClient.java:onNext(255)) - client-9DC82E534C87->980d9c0c-33ac-4a22-b481-33b8b1eac469: receive RaftClientReply:client-9DC82E534C87->980d9c0c-33ac-4a22-b481-33b8b1eac469@group-23022C6A558E, cid=3491, SUCCESS, logIndex=5263, commits[980d9c0c-33ac-4a22-b481-33b8b1eac469:c5263, e00ee311-0ce1-4115-b4c1-69648d9d3094:c5259, bb9367ec-656d-4ade-92be-004a921408cc:c5259]
2019-08-06 03:26:45,348 INFO  client.GrpcClientProtocolClient (GrpcClientProtocolClient.java:onNext(255)) - client-9DC82E534C87->980d9c0c-33ac-4a22-b481-33b8b1eac469: receive RaftClientReply:client-9DC82E534C87->980d9c0c-33ac-4a22-b481-33b8b1eac469@group-23022C6A558E, cid=3492, SUCCESS, logIndex=0, commits[980d9c0c-33ac-4a22-b481-33b8b1eac469:c5264, e00ee311-0ce1-4115-b4c1-69648d9d3094:c5263, bb9367ec-656d-4ade-92be-004a921408cc:c5263]
2019-08-06 03:26:45,502 INFO  client.GrpcClientProtocolClient (GrpcClientProtocolClient.java:onNext(255)) - client-9DC82E534C87->980d9c0c-33ac-4a22-b481-33b8b1eac469: receive RaftClientReply:client-9DC82E534C87->980d9c0c-33ac-4a22-b481-33b8b1eac469@group-23022C6A558E, cid=3493, SUCCESS, logIndex=5266, commits[980d9c0c-33ac-4a22-b481-33b8b1eac469:c5267, e00ee311-0ce1-4115-b4c1-69648d9d3094:c5265, bb9367ec-656d-4ade-92be-004a921408cc:c5265]
2019-08-06 03:26:45,502 INFO  client.GrpcClientProtocolClient (GrpcClientProtocolClient.java:onNext(255)) - client-9DC82E534C87->980d9c0c-33ac-4a22-b481-33b8b1eac469: receive RaftClientReply:client-9DC82E534C87->980d9c0c-33ac-4a22-b481-33b8b1eac469@group-23022C6A558E, cid=3494, SUCCESS, logIndex=5267, commits[980d9c0c-33ac-4a22-b481-33b8b1eac469:c5268, e00ee311-0ce1-4115-b4c1-69648d9d3094:c5265, bb9367ec-656d-4ade-92be-004a921408cc:c5265]
2019-08-06 03:26:45,503 INFO  client.GrpcClientProtocolClient (GrpcClientProtocolClient.java:onNext(255)) - client-9DC82E534C87->980d9c0c-33ac-4a22-b481-33b8b1eac469: receive RaftClientReply:client-9DC82E534C87->980d9c0c-33ac-4a22-b481-33b8b1eac469@group-23022C6A558E, cid=3495, SUCCESS, logIndex=5268, commits[980d9c0c-33ac-4a22-b481-33b8b1eac469:c5270, e00ee311-0ce1-4115-b4c1-69648d9d3094:c5265, bb9367ec-656d-4ade-92be-004a921408cc:c5267]
2019-08-06 03:26:45,503 INFO  client.GrpcClientProtocolClient (GrpcClientProtocolClient.java:onNext(255)) - client-9DC82E534C87->980d9c0c-33ac-4a22-b481-33b8b1eac469: receive RaftClientReply:client-9DC82E534C87->980d9c0c-33ac-4a22-b481-33b8b1eac469@group-23022C6A558E, cid=3496, SUCCESS, logIndex=5269, commits[980d9c0c-33ac-4a22-b481-33b8b1eac469:c5270, e00ee311-0ce1-4115-b4c1-69648d9d3094:c5265, bb9367ec-656d-4ade-92be-004a921408cc:c5267]
 0.00% |█                                                                                                    |  0/1 Time: 0:00:322019-08-06 03:26:45,514 INFO  client.GrpcClientProtocolClient (GrpcClientProtocolClient.java:onNext(255)) - client-9DC82E534C87->980d9c0c-33ac-4a22-b481-33b8b1eac469: receive RaftClientReply:client-9DC82E534C87->980d9c0c-33ac-4a22-b481-33b8b1eac469@group-23022C6A558E, cid=3497, SUCCESS, logIndex=0, commits[980d9c0c-33ac-4a22-b481-33b8b1eac469:c5271, e00ee311-0ce1-4115-b4c1-69648d9d3094:c5267, bb9367ec-656d-4ade-92be-004a921408cc:c5267]
2019-08-06 03:26:45,535 INFO  client.GrpcClientProtocolClient (GrpcClientProtocolClient.java:onNext(255)) - client-9DC82E534C87->980d9c0c-33ac-4a22-b481-33b8b1eac469: receive RaftClientReply:client-9DC82E534C87->980d9c0c-33ac-4a22-b481-33b8b1eac469@group-23022C6A558E, cid=3498, SUCCESS, logIndex=5273, commits[980d9c0c-33ac-4a22-b481-33b8b1eac469:c5274, e00ee311-0ce1-4115-b4c1-69648d9d3094:c5272, bb9367ec-656d-4ade-92be-004a921408cc:c5272]
2019-08-06 03:26:45,536 INFO  client.GrpcClientProtocolClient (GrpcClientProtocolClient.java:onNext(255)) - client-9DC82E534C87->980d9c0c-33ac-4a22-b481-33b8b1eac469: receive RaftClientReply:client-9DC82E534C87->980d9c0c-33ac-4a22-b481-33b8b1eac469@group-23022C6A558E, cid=3499, SUCCESS, logIndex=5274, commits[980d9c0c-33ac-4a22-b481-33b8b1eac469:c5274, e00ee311-0ce1-4115-b4c1-69648d9d3094:c5272, bb9367ec-656d-4ade-92be-004a921408cc:c5272]
2019-08-06 03:26:45,549 INFO  client.GrpcClientProtocolClient (GrpcClientProtocolClient.java:onNext(255)) - client-9DC82E534C87->980d9c0c-33ac-4a22-b481-33b8b1eac469: receive RaftClientReply:client-9DC82E534C87->980d9c0c-33ac-4a22-b481-33b8b1eac469@group-23022C6A558E, cid=3500, SUCCESS, logIndex=5277, commits[980d9c0c-33ac-4a22-b481-33b8b1eac469:c5278, e00ee311-0ce1-4115-b4c1-69648d9d3094:c5274, bb9367ec-656d-4ade-92be-004a921408cc:c5274]
2019-08-06 03:26:45,549 INFO  client.GrpcClientProtocolClient (GrpcClientProtocolClient.java:onNext(255)) - client-9DC82E534C87->980d9c0c-33ac-4a22-b481-33b8b1eac469: receive RaftClientReply:client-9DC82E534C87->980d9c0c-33ac-4a22-b481-33b8b1eac469@group-23022C6A558E, cid=3501, SUCCESS, logIndex=5278, commits[980d9c0c-33ac-4a22-b481-33b8b1eac469:c5278, e00ee311-0ce1-4115-b4c1-69648d9d3094:c5274, bb9367ec-656d-4ade-92be-004a921408cc:c5274]
2019-08-06 03:26:45,553 INFO  client.GrpcClientProtocolClient (GrpcClientProtocolClient.java:onNext(255)) - client-9DC82E534C87->980d9c0c-33ac-4a22-b481-33b8b1eac469: receive RaftClientReply:client-9DC82E534C87->980d9c0c-33ac-4a22-b481-33b8b1eac469@group-23022C6A558E, cid=3502, SUCCESS, logIndex=0, commits[980d9c0c-33ac-4a22-b481-33b8b1eac469:c5280, e00ee311-0ce1-4115-b4c1-69648d9d3094:c5278, bb9367ec-656d-4ade-92be-004a921408cc:c5278]
2019-08-06 03:26:45,588 INFO  client.GrpcClientProtocolClient (GrpcClientProtocolClient.java:onNext(255)) - client-9DC82E534C87->980d9c0c-33ac-4a22-b481-33b8b1eac469: receive RaftClientReply:client-9DC82E534C87->980d9c0c-33ac-4a22-b481-33b8b1eac469@group-23022C6A558E, cid=3503, SUCCESS, logIndex=5281, commits[980d9c0c-33ac-4a22-b481-33b8b1eac469:c5282, e00ee311-0ce1-4115-b4c1-69648d9d3094:c5280, bb9367ec-656d-4ade-92be-004a921408cc:c5280]
2019-08-06 03:26:45,589 INFO  client.GrpcClientProtocolClient (GrpcClientProtocolClient.java:onNext(255)) - client-9DC82E534C87->980d9c0c-33ac-4a22-b481-33b8b1eac469: receive RaftClientReply:client-9DC82E534C87->980d9c0c-33ac-4a22-b481-33b8b1eac469@group-23022C6A558E, cid=3504, SUCCESS, logIndex=5282, commits[980d9c0c-33ac-4a22-b481-33b8b1eac469:c5282, e00ee311-0ce1-4115-b4c1-69648d9d3094:c5280, bb9367ec-656d-4ade-92be-004a921408cc:c5280]
2019-08-06 03:26:45,589 INFO  client.GrpcClientProtocolClient (GrpcClientProtocolClient.java:onNext(255)) - client-9DC82E534C87->980d9c0c-33ac-4a22-b481-33b8b1eac469: receive RaftClientReply:client-9DC82E534C87->980d9c0c-33ac-4a22-b481-33b8b1eac469@group-23022C6A558E, cid=3505, SUCCESS, logIndex=5283, commits[980d9c0c-33ac-4a22-b481-33b8b1eac469:c5284, e00ee311-0ce1-4115-b4c1-69648d9d3094:c5280, bb9367ec-656d-4ade-92be-004a921408cc:c5280]
2019-08-06 03:26:45,589 INFO  client.GrpcClientProtocolClient (GrpcClientProtocolClient.java:onNext(255)) - client-9DC82E534C87->980d9c0c-33ac-4a22-b481-33b8b1eac469: receive RaftClientReply:client-9DC82E534C87->980d9c0c-33ac-4a22-b481-33b8b1eac469@group-23022C6A558E, cid=3506, SUCCESS, logIndex=5284, commits[980d9c0c-33ac-4a22-b481-33b8b1eac469:c5284, e00ee311-0ce1-4115-b4c1-69648d9d3094:c5280, bb9367ec-656d-4ade-92be-004a921408cc:c5280]
2019-08-06 03:26:45,592 INFO  client.GrpcClientProtocolClient (GrpcClientProtocolClient.java:onNext(255)) - client-9DC82E534C87->980d9c0c-33ac-4a22-b481-33b8b1eac469: receive RaftClientReply:client-9DC82E534C87->980d9c0c-33ac-4a22-b481-33b8b1eac469@group-23022C6A558E, cid=3507, SUCCESS, logIndex=0, commits[980d9c0c-33ac-4a22-b481-33b8b1eac469:c5286, e00ee311-0ce1-4115-b4c1-69648d9d3094:c5282, bb9367ec-656d-4ade-92be-004a921408cc:c5282]
2019-08-06 03:26:45,606 INFO  client.GrpcClientProtocolClient (GrpcClientProtocolClient.java:onNext(255)) - client-9DC82E534C87->980d9c0c-33ac-4a22-b481-33b8b1eac469: receive RaftClientReply:client-9DC82E534C87->980d9c0c-33ac-4a22-b481-33b8b1eac469@group-23022C6A558E, cid=3508, SUCCESS, logIndex=5289, commits[980d9c0c-33ac-4a22-b481-33b8b1eac469:c5290, e00ee311-0ce1-4115-b4c1-69648d9d3094:c5286, bb9367ec-656d-4ade-92be-004a921408cc:c5284]
2019-08-06 03:26:45,607 INFO  client.GrpcClientProtocolClient (GrpcClientProtocolClient.java:onNext(255)) - client-9DC82E534C87->980d9c0c-33ac-4a22-b481-33b8b1eac469: receive RaftClientReply:client-9DC82E534C87->980d9c0c-33ac-4a22-b481-33b8b1eac469@group-23022C6A558E, cid=3509, SUCCESS, logIndex=5290, commits[980d9c0c-33ac-4a22-b481-33b8b1eac469:c5290, e00ee311-0ce1-4115-b4c1-69648d9d3094:c5286, bb9367ec-656d-4ade-92be-004a921408cc:c5286]
2019-08-06 03:26:45,621 INFO  client.GrpcClientProtocolClient (GrpcClientProtocolClient.java:onNext(255)) - client-9DC82E534C87->980d9c0c-33ac-4a22-b481-33b8b1eac469: receive RaftClientReply:client-9DC82E534C87->980d9c0c-33ac-4a22-b481-33b8b1eac469@group-23022C6A558E, cid=3510, SUCCESS, logIndex=5292, commits[980d9c0c-33ac-4a22-b481-33b8b1eac469:c5293, e00ee311-0ce1-4115-b4c1-69648d9d3094:c5290, bb9367ec-656d-4ade-92be-004a921408cc:c5290]
2019-08-06 03:26:45,622 INFO  client.GrpcClientProtocolClient (GrpcClientProtocolClient.java:onNext(255)) - client-9DC82E534C87->980d9c0c-33ac-4a22-b481-33b8b1eac469: receive RaftClientReply:client-9DC82E534C87->980d9c0c-33ac-4a22-b481-33b8b1eac469@group-23022C6A558E, cid=3511, SUCCESS, logIndex=5293, commits[980d9c0c-33ac-4a22-b481-33b8b1eac469:c5293, e00ee311-0ce1-4115-b4c1-69648d9d3094:c5290, bb9367ec-656d-4ade-92be-004a921408cc:c5290]
2019-08-06 03:26:45,654 INFO  client.GrpcClientProtocolClient (GrpcClientProtocolClient.java:onNext(255)) - client-9DC82E534C87->980d9c0c-33ac-4a22-b481-33b8b1eac469: receive RaftClientReply:client-9DC82E534C87->980d9c0c-33ac-4a22-b481-33b8b1eac469@group-23022C6A558E, cid=3512, SUCCESS, logIndex=0, commits[980d9c0c-33ac-4a22-b481-33b8b1eac469:c5295, e00ee311-0ce1-4115-b4c1-69648d9d3094:c5293, bb9367ec-656d-4ade-92be-004a921408cc:c5293]
 0.00% |█                                                                                                    |  0/1 Time: 0:00:332019-08-06 03:26:46,631 INFO  client.GrpcClientProtocolClient (GrpcClientProtocolClient.java:onNext(255)) - client-9DC82E534C87->980d9c0c-33ac-4a22-b481-33b8b1eac469: receive RaftClientReply:client-9DC82E534C87->980d9c0c-33ac-4a22-b481-33b8b1eac469@group-23022C6A558E, cid=3513, SUCCESS, logIndex=5296, commits[980d9c0c-33ac-4a22-b481-33b8b1eac469:c5297, e00ee311-0ce1-4115-b4c1-69648d9d3094:c5295, bb9367ec-656d-4ade-92be-004a921408cc:c5295]
2019-08-06 03:26:46,631 INFO  client.GrpcClientProtocolClient (GrpcClientProtocolClient.java:onNext(255)) - client-9DC82E534C87->980d9c0c-33ac-4a22-b481-33b8b1eac469: receive RaftClientReply:client-9DC82E534C87->980d9c0c-33ac-4a22-b481-33b8b1eac469@group-23022C6A558E, cid=3514, SUCCESS, logIndex=5297, commits[980d9c0c-33ac-4a22-b481-33b8b1eac469:c5297, e00ee311-0ce1-4115-b4c1-69648d9d3094:c5295, bb9367ec-656d-4ade-92be-004a921408cc:c5295]
2019-08-06 03:26:47,434 INFO  client.GrpcClientProtocolClient (GrpcClientProtocolClient.java:onNext(255)) - client-9DC82E534C87->980d9c0c-33ac-4a22-b481-33b8b1eac469: receive RaftClientReply:client-9DC82E534C87->980d9c0c-33ac-4a22-b481-33b8b1eac469@group-23022C6A558E, cid=3515, SUCCESS, logIndex=5298, commits[980d9c0c-33ac-4a22-b481-33b8b1eac469:c5299, e00ee311-0ce1-4115-b4c1-69648d9d3094:c5297, bb9367ec-656d-4ade-92be-004a921408cc:c5295]
2019-08-06 03:26:47,434 INFO  client.GrpcClientProtocolClient (GrpcClientProtocolClient.java:onNext(255)) - client-9DC82E534C87->980d9c0c-33ac-4a22-b481-33b8b1eac469: receive RaftClientReply:client-9DC82E534C87->980d9c0c-33ac-4a22-b481-33b8b1eac469@group-23022C6A558E, cid=3516, SUCCESS, logIndex=5299, commits[980d9c0c-33ac-4a22-b481-33b8b1eac469:c5299, e00ee311-0ce1-4115-b4c1-69648d9d3094:c5297, bb9367ec-656d-4ade-92be-004a921408cc:c5295]
 0.00% |█                                                                                                    |  0/1 Time: 0:00:342019-08-06 03:26:48,432 INFO  client.GrpcClientProtocolClient (GrpcClientProtocolClient.java:onNext(255)) - client-9DC82E534C87->980d9c0c-33ac-4a22-b481-33b8b1eac469: receive RaftClientReply:client-9DC82E534C87->980d9c0c-33ac-4a22-b481-33b8b1eac469@group-23022C6A558E, cid=3517, SUCCESS, logIndex=0, commits[980d9c0c-33ac-4a22-b481-33b8b1eac469:c5301, e00ee311-0ce1-4115-b4c1-69648d9d3094:c5297, bb9367ec-656d-4ade-92be-004a921408cc:c5297]
2019-08-06 03:26:48,456 INFO  client.GrpcClientProtocolClient (GrpcClientProtocolClient.java:onNext(255)) - client-9DC82E534C87->980d9c0c-33ac-4a22-b481-33b8b1eac469: receive RaftClientReply:client-9DC82E534C87->980d9c0c-33ac-4a22-b481-33b8b1eac469@group-23022C6A558E, cid=3518, SUCCESS, logIndex=5303, commits[980d9c0c-33ac-4a22-b481-33b8b1eac469:c5304, e00ee311-0ce1-4115-b4c1-69648d9d3094:c5302, bb9367ec-656d-4ade-92be-004a921408cc:c5302]
2019-08-06 03:26:48,456 INFO  client.GrpcClientProtocolClient (GrpcClientProtocolClient.java:onNext(255)) - client-9DC82E534C87->980d9c0c-33ac-4a22-b481-33b8b1eac469: receive RaftClientReply:client-9DC82E534C87->980d9c0c-33ac-4a22-b481-33b8b1eac469@group-23022C6A558E, cid=3519, SUCCESS, logIndex=5304, commits[980d9c0c-33ac-4a22-b481-33b8b1eac469:c5304, e00ee311-0ce1-4115-b4c1-69648d9d3094:c5302, bb9367ec-656d-4ade-92be-004a921408cc:c5302]
2019-08-06 03:26:48,490 INFO  client.GrpcClientProtocolClient (GrpcClientProtocolClient.java:onNext(255)) - client-9DC82E534C87->980d9c0c-33ac-4a22-b481-33b8b1eac469: receive RaftClientReply:client-9DC82E534C87->980d9c0c-33ac-4a22-b481-33b8b1eac469@group-23022C6A558E, cid=3520, SUCCESS, logIndex=5307, commits[980d9c0c-33ac-4a22-b481-33b8b1eac469:c5308, e00ee311-0ce1-4115-b4c1-69648d9d3094:c5304, bb9367ec-656d-4ade-92be-004a921408cc:c5304]
2019-08-06 03:26:48,490 INFO  client.GrpcClientProtocolClient (GrpcClientProtocolClient.java:onNext(255)) - client-9DC82E534C87->980d9c0c-33ac-4a22-b481-33b8b1eac469: receive RaftClientReply:client-9DC82E534C87->980d9c0c-33ac-4a22-b481-33b8b1eac469@group-23022C6A558E, cid=3521, SUCCESS, logIndex=5308, commits[980d9c0c-33ac-4a22-b481-33b8b1eac469:c5308, e00ee311-0ce1-4115-b4c1-69648d9d3094:c5304, bb9367ec-656d-4ade-92be-004a921408cc:c5304]
2019-08-06 03:26:48,492 INFO  client.GrpcClientProtocolClient (GrpcClientProtocolClient.java:onNext(255)) - client-9DC82E534C87->980d9c0c-33ac-4a22-b481-33b8b1eac469: receive RaftClientReply:client-9DC82E534C87->980d9c0c-33ac-4a22-b481-33b8b1eac469@group-23022C6A558E, cid=3522, SUCCESS, logIndex=0, commits[980d9c0c-33ac-4a22-b481-33b8b1eac469:c5309, e00ee311-0ce1-4115-b4c1-69648d9d3094:c5308, bb9367ec-656d-4ade-92be-004a921408cc:c5308]
 0.00% |█                                                                                                    |  0/1 Time: 0:00:352019-08-06 03:26:48,529 INFO  client.GrpcClientProtocolClient (GrpcClientProtocolClient.java:onNext(255)) - client-9DC82E534C87->980d9c0c-33ac-4a22-b481-33b8b1eac469: receive RaftClientReply:client-9DC82E534C87->980d9c0c-33ac-4a22-b481-33b8b1eac469@group-23022C6A558E, cid=3523, SUCCESS, logIndex=5311, commits[980d9c0c-33ac-4a22-b481-33b8b1eac469:c5312, e00ee311-0ce1-4115-b4c1-69648d9d3094:c5310, bb9367ec-656d-4ade-92be-004a921408cc:c5310]
2019-08-06 03:26:48,530 INFO  client.GrpcClientProtocolClient (GrpcClientProtocolClient.java:onNext(255)) - client-9DC82E534C87->980d9c0c-33ac-4a22-b481-33b8b1eac469: receive RaftClientReply:client-9DC82E534C87->980d9c0c-33ac-4a22-b481-33b8b1eac469@group-23022C6A558E, cid=3524, SUCCESS, logIndex=5312, commits[980d9c0c-33ac-4a22-b481-33b8b1eac469:c5314, e00ee311-0ce1-4115-b4c1-69648d9d3094:c5310, bb9367ec-656d-4ade-92be-004a921408cc:c5310]
2019-08-06 03:26:48,530 INFO  client.GrpcClientProtocolClient (GrpcClientProtocolClient.java:onNext(255)) - client-9DC82E534C87->980d9c0c-33ac-4a22-b481-33b8b1eac469: receive RaftClientReply:client-9DC82E534C87->980d9c0c-33ac-4a22-b481-33b8b1eac469@group-23022C6A558E, cid=3525, SUCCESS, logIndex=5313, commits[980d9c0c-33ac-4a22-b481-33b8b1eac469:c5314, e00ee311-0ce1-4115-b4c1-69648d9d3094:c5310, bb9367ec-656d-4ade-92be-004a921408cc:c5310]
2019-08-06 03:26:48,530 INFO  client.GrpcClientProtocolClient (GrpcClientProtocolClient.java:onNext(255)) - client-9DC82E534C87->980d9c0c-33ac-4a22-b481-33b8b1eac469: receive RaftClientReply:client-9DC82E534C87->980d9c0c-33ac-4a22-b481-33b8b1eac469@group-23022C6A558E, cid=3526, SUCCESS, logIndex=5314, commits[980d9c0c-33ac-4a22-b481-33b8b1eac469:c5314, e00ee311-0ce1-4115-b4c1-69648d9d3094:c5310, bb9367ec-656d-4ade-92be-004a921408cc:c5310]
2019-08-06 03:26:48,532 INFO  client.GrpcClientProtocolClient (GrpcClientProtocolClient.java:onNext(255)) - client-9DC82E534C87->980d9c0c-33ac-4a22-b481-33b8b1eac469: receive RaftClientReply:client-9DC82E534C87->980d9c0c-33ac-4a22-b481-33b8b1eac469@group-23022C6A558E, cid=3527, SUCCESS, logIndex=0, commits[980d9c0c-33ac-4a22-b481-33b8b1eac469:c5317, e00ee311-0ce1-4115-b4c1-69648d9d3094:c5313, bb9367ec-656d-4ade-92be-004a921408cc:c5312]
2019-08-06 03:26:48,566 INFO  client.GrpcClientProtocolClient (GrpcClientProtocolClient.java:onNext(255)) - client-9DC82E534C87->980d9c0c-33ac-4a22-b481-33b8b1eac469: receive RaftClientReply:client-9DC82E534C87->980d9c0c-33ac-4a22-b481-33b8b1eac469@group-23022C6A558E, cid=3528, SUCCESS, logIndex=5319, commits[980d9c0c-33ac-4a22-b481-33b8b1eac469:c5320, e00ee311-0ce1-4115-b4c1-69648d9d3094:c5314, bb9367ec-656d-4ade-92be-004a921408cc:c5318]
2019-08-06 03:26:48,566 INFO  client.GrpcClientProtocolClient (GrpcClientProtocolClient.java:onNext(255)) - client-9DC82E534C87->980d9c0c-33ac-4a22-b481-33b8b1eac469: receive RaftClientReply:client-9DC82E534C87->980d9c0c-33ac-4a22-b481-33b8b1eac469@group-23022C6A558E, cid=3529, SUCCESS, logIndex=5320, commits[980d9c0c-33ac-4a22-b481-33b8b1eac469:c5320, e00ee311-0ce1-4115-b4c1-69648d9d3094:c5318, bb9367ec-656d-4ade-92be-004a921408cc:c5318]
2019-08-06 03:26:48,586 INFO  client.GrpcClientProtocolClient (GrpcClientProtocolClient.java:onNext(255)) - client-9DC82E534C87->980d9c0c-33ac-4a22-b481-33b8b1eac469: receive RaftClientReply:client-9DC82E534C87->980d9c0c-33ac-4a22-b481-33b8b1eac469@group-23022C6A558E, cid=3530, SUCCESS, logIndex=5323, commits[980d9c0c-33ac-4a22-b481-33b8b1eac469:c5324, e00ee311-0ce1-4115-b4c1-69648d9d3094:c5322, bb9367ec-656d-4ade-92be-004a921408cc:c5322]
2019-08-06 03:26:48,586 INFO  client.GrpcClientProtocolClient (GrpcClientProtocolClient.java:onNext(255)) - client-9DC82E534C87->980d9c0c-33ac-4a22-b481-33b8b1eac469: receive RaftClientReply:client-9DC82E534C87->980d9c0c-33ac-4a22-b481-33b8b1eac469@group-23022C6A558E, cid=3531, SUCCESS, logIndex=5324, commits[980d9c0c-33ac-4a22-b481-33b8b1eac469:c5324, e00ee311-0ce1-4115-b4c1-69648d9d3094:c5322, bb9367ec-656d-4ade-92be-004a921408cc:c5322]
2019-08-06 03:26:48,604 INFO  client.GrpcClientProtocolClient (GrpcClientProtocolClient.java:onNext(255)) - client-9DC82E534C87->980d9c0c-33ac-4a22-b481-33b8b1eac469: receive RaftClientReply:client-9DC82E534C87->980d9c0c-33ac-4a22-b481-33b8b1eac469@group-23022C6A558E, cid=3532, SUCCESS, logIndex=0, commits[980d9c0c-33ac-4a22-b481-33b8b1eac469:c5326, e00ee311-0ce1-4115-b4c1-69648d9d3094:c5324, bb9367ec-656d-4ade-92be-004a921408cc:c5324]
2019-08-06 03:26:48,646 INFO  client.GrpcClientProtocolClient (GrpcClientProtocolClient.java:onNext(255)) - client-9DC82E534C87->980d9c0c-33ac-4a22-b481-33b8b1eac469: receive RaftClientReply:client-9DC82E534C87->980d9c0c-33ac-4a22-b481-33b8b1eac469@group-23022C6A558E, cid=3533, SUCCESS, logIndex=5327, commits[980d9c0c-33ac-4a22-b481-33b8b1eac469:c5328, e00ee311-0ce1-4115-b4c1-69648d9d3094:c5326, bb9367ec-656d-4ade-92be-004a921408cc:c5326]
2019-08-06 03:26:48,647 INFO  client.GrpcClientProtocolClient (GrpcClientProtocolClient.java:onNext(255)) - client-9DC82E534C87->980d9c0c-33ac-4a22-b481-33b8b1eac469: receive RaftClientReply:client-9DC82E534C87->980d9c0c-33ac-4a22-b481-33b8b1eac469@group-23022C6A558E, cid=3534, SUCCESS, logIndex=5328, commits[980d9c0c-33ac-4a22-b481-33b8b1eac469:c5330, e00ee311-0ce1-4115-b4c1-69648d9d3094:c5326, bb9367ec-656d-4ade-92be-004a921408cc:c5326]
2019-08-06 03:26:48,647 INFO  client.GrpcClientProtocolClient (GrpcClientProtocolClient.java:onNext(255)) - client-9DC82E534C87->980d9c0c-33ac-4a22-b481-33b8b1eac469: receive RaftClientReply:client-9DC82E534C87->980d9c0c-33ac-4a22-b481-33b8b1eac469@group-23022C6A558E, cid=3535, SUCCESS, logIndex=5329, commits[980d9c0c-33ac-4a22-b481-33b8b1eac469:c5330, e00ee311-0ce1-4115-b4c1-69648d9d3094:c5326, bb9367ec-656d-4ade-92be-004a921408cc:c5326]
2019-08-06 03:26:48,648 INFO  client.GrpcClientProtocolClient (GrpcClientProtocolClient.java:onNext(255)) - client-9DC82E534C87->980d9c0c-33ac-4a22-b481-33b8b1eac469: receive RaftClientReply:client-9DC82E534C87->980d9c0c-33ac-4a22-b481-33b8b1eac469@group-23022C6A558E, cid=3536, SUCCESS, logIndex=5330, commits[980d9c0c-33ac-4a22-b481-33b8b1eac469:c5331, e00ee311-0ce1-4115-b4c1-69648d9d3094:c5328, bb9367ec-656d-4ade-92be-004a921408cc:c5326]
2019-08-06 03:26:48,649 INFO  client.GrpcClientProtocolClient (GrpcClientProtocolClient.java:onNext(255)) - client-9DC82E534C87->980d9c0c-33ac-4a22-b481-33b8b1eac469: receive RaftClientReply:client-9DC82E534C87->980d9c0c-33ac-4a22-b481-33b8b1eac469@group-23022C6A558E, cid=3537, SUCCESS, logIndex=0, commits[980d9c0c-33ac-4a22-b481-33b8b1eac469:c5331, e00ee311-0ce1-4115-b4c1-69648d9d3094:c5328, bb9367ec-656d-4ade-92be-004a921408cc:c5328]
2019-08-06 03:26:48,666 INFO  client.GrpcClientProtocolClient (GrpcClientProtocolClient.java:onNext(255)) - client-9DC82E534C87->980d9c0c-33ac-4a22-b481-33b8b1eac469: receive RaftClientReply:client-9DC82E534C87->980d9c0c-33ac-4a22-b481-33b8b1eac469@group-23022C6A558E, cid=3538, SUCCESS, logIndex=5334, commits[980d9c0c-33ac-4a22-b481-33b8b1eac469:c5335, e00ee311-0ce1-4115-b4c1-69648d9d3094:c5333, bb9367ec-656d-4ade-92be-004a921408cc:c5333]
2019-08-06 03:26:48,667 INFO  client.GrpcClientProtocolClient (GrpcClientProtocolClient.java:onNext(255)) - client-9DC82E534C87->980d9c0c-33ac-4a22-b481-33b8b1eac469: receive RaftClientReply:client-9DC82E534C87->980d9c0c-33ac-4a22-b481-33b8b1eac469@group-23022C6A558E, cid=3539, SUCCESS, logIndex=5335, commits[980d9c0c-33ac-4a22-b481-33b8b1eac469:c5335, e00ee311-0ce1-4115-b4c1-69648d9d3094:c5333, bb9367ec-656d-4ade-92be-004a921408cc:c5333]
2019-08-06 03:26:48,693 INFO  client.GrpcClientProtocolClient (GrpcClientProtocolClient.java:onNext(255)) - client-9DC82E534C87->980d9c0c-33ac-4a22-b481-33b8b1eac469: receive RaftClientReply:client-9DC82E534C87->980d9c0c-33ac-4a22-b481-33b8b1eac469@group-23022C6A558E, cid=3540, SUCCESS, logIndex=5338, commits[980d9c0c-33ac-4a22-b481-33b8b1eac469:c5339, e00ee311-0ce1-4115-b4c1-69648d9d3094:c5337, bb9367ec-656d-4ade-92be-004a921408cc:c5337]
2019-08-06 03:26:48,693 INFO  client.GrpcClientProtocolClient (GrpcClientProtocolClient.java:onNext(255)) - client-9DC82E534C87->980d9c0c-33ac-4a22-b481-33b8b1eac469: receive RaftClientReply:client-9DC82E534C87->980d9c0c-33ac-4a22-b481-33b8b1eac469@group-23022C6A558E, cid=3541, SUCCESS, logIndex=5339, commits[980d9c0c-33ac-4a22-b481-33b8b1eac469:c5339, e00ee311-0ce1-4115-b4c1-69648d9d3094:c5337, bb9367ec-656d-4ade-92be-004a921408cc:c5337]
2019-08-06 03:26:48,704 INFO  client.GrpcClientProtocolClient (GrpcClientProtocolClient.java:onNext(255)) - client-9DC82E534C87->980d9c0c-33ac-4a22-b481-33b8b1eac469: receive RaftClientReply:client-9DC82E534C87->980d9c0c-33ac-4a22-b481-33b8b1eac469@group-23022C6A558E, cid=3542, SUCCESS, logIndex=0, commits[980d9c0c-33ac-4a22-b481-33b8b1eac469:c5341, e00ee311-0ce1-4115-b4c1-69648d9d3094:c5339, bb9367ec-656d-4ade-92be-004a921408cc:c5339]
2019-08-06 03:26:48,737 INFO  client.GrpcClientProtocolClient (GrpcClientProtocolClient.java:onNext(255)) - client-9DC82E534C87->980d9c0c-33ac-4a22-b481-33b8b1eac469: receive RaftClientReply:client-9DC82E534C87->980d9c0c-33ac-4a22-b481-33b8b1eac469@group-23022C6A558E, cid=3543, SUCCESS, logIndex=5342, commits[980d9c0c-33ac-4a22-b481-33b8b1eac469:c5344, e00ee311-0ce1-4115-b4c1-69648d9d3094:c5339, bb9367ec-656d-4ade-92be-004a921408cc:c5341]
2019-08-06 03:26:48,739 INFO  client.GrpcClientProtocolClient (GrpcClientProtocolClient.java:onNext(255)) - client-9DC82E534C87->980d9c0c-33ac-4a22-b481-33b8b1eac469: receive RaftClientReply:client-9DC82E534C87->980d9c0c-33ac-4a22-b481-33b8b1eac469@group-23022C6A558E, cid=3544, SUCCESS, logIndex=5343, commits[980d9c0c-33ac-4a22-b481-33b8b1eac469:c5345, e00ee311-0ce1-4115-b4c1-69648d9d3094:c5341, bb9367ec-656d-4ade-92be-004a921408cc:c5341]
2019-08-06 03:26:48,739 INFO  client.GrpcClientProtocolClient (GrpcClientProtocolClient.java:onNext(255)) - client-9DC82E534C87->980d9c0c-33ac-4a22-b481-33b8b1eac469: receive RaftClientReply:client-9DC82E534C87->980d9c0c-33ac-4a22-b481-33b8b1eac469@group-23022C6A558E, cid=3545, SUCCESS, logIndex=5344, commits[980d9c0c-33ac-4a22-b481-33b8b1eac469:c5345, e00ee311-0ce1-4115-b4c1-69648d9d3094:c5341, bb9367ec-656d-4ade-92be-004a921408cc:c5341]
2019-08-06 03:26:48,740 INFO  client.GrpcClientProtocolClient (GrpcClientProtocolClient.java:onNext(255)) - client-9DC82E534C87->980d9c0c-33ac-4a22-b481-33b8b1eac469: receive RaftClientReply:client-9DC82E534C87->980d9c0c-33ac-4a22-b481-33b8b1eac469@group-23022C6A558E, cid=3546, SUCCESS, logIndex=5345, commits[980d9c0c-33ac-4a22-b481-33b8b1eac469:c5345, e00ee311-0ce1-4115-b4c1-69648d9d3094:c5341, bb9367ec-656d-4ade-92be-004a921408cc:c5341]
2019-08-06 03:26:48,741 INFO  client.GrpcClientProtocolClient (GrpcClientProtocolClient.java:onNext(255)) - client-9DC82E534C87->980d9c0c-33ac-4a22-b481-33b8b1eac469: receive RaftClientReply:client-9DC82E534C87->980d9c0c-33ac-4a22-b481-33b8b1eac469@group-23022C6A558E, cid=3547, SUCCESS, logIndex=0, commits[980d9c0c-33ac-4a22-b481-33b8b1eac469:c5348, e00ee311-0ce1-4115-b4c1-69648d9d3094:c5343, bb9367ec-656d-4ade-92be-004a921408cc:c5344]
2019-08-06 03:26:48,754 INFO  client.GrpcClientProtocolClient (GrpcClientProtocolClient.java:onNext(255)) - client-9DC82E534C87->980d9c0c-33ac-4a22-b481-33b8b1eac469: receive RaftClientReply:client-9DC82E534C87->980d9c0c-33ac-4a22-b481-33b8b1eac469@group-23022C6A558E, cid=3548, SUCCESS, logIndex=5350, commits[980d9c0c-33ac-4a22-b481-33b8b1eac469:c5351, e00ee311-0ce1-4115-b4c1-69648d9d3094:c5349, bb9367ec-656d-4ade-92be-004a921408cc:c5349]
2019-08-06 03:26:48,754 INFO  client.GrpcClientProtocolClient (GrpcClientProtocolClient.java:onNext(255)) - client-9DC82E534C87->980d9c0c-33ac-4a22-b481-33b8b1eac469: receive RaftClientReply:client-9DC82E534C87->980d9c0c-33ac-4a22-b481-33b8b1eac469@group-23022C6A558E, cid=3549, SUCCESS, logIndex=5351, commits[980d9c0c-33ac-4a22-b481-33b8b1eac469:c5351, e00ee311-0ce1-4115-b4c1-69648d9d3094:c5349, bb9367ec-656d-4ade-92be-004a921408cc:c5349]
2019-08-06 03:26:48,767 INFO  client.GrpcClientProtocolClient (GrpcClientProtocolClient.java:onNext(255)) - client-9DC82E534C87->980d9c0c-33ac-4a22-b481-33b8b1eac469: receive RaftClientReply:client-9DC82E534C87->980d9c0c-33ac-4a22-b481-33b8b1eac469@group-23022C6A558E, cid=3550, SUCCESS, logIndex=5354, commits[980d9c0c-33ac-4a22-b481-33b8b1eac469:c5355, e00ee311-0ce1-4115-b4c1-69648d9d3094:c5351, bb9367ec-656d-4ade-92be-004a921408cc:c5351]
2019-08-06 03:26:48,767 INFO  client.GrpcClientProtocolClient (GrpcClientProtocolClient.java:onNext(255)) - client-9DC82E534C87->980d9c0c-33ac-4a22-b481-33b8b1eac469: receive RaftClientReply:client-9DC82E534C87->980d9c0c-33ac-4a22-b481-33b8b1eac469@group-23022C6A558E, cid=3551, SUCCESS, logIndex=5355, commits[980d9c0c-33ac-4a22-b481-33b8b1eac469:c5355, e00ee311-0ce1-4115-b4c1-69648d9d3094:c5351, bb9367ec-656d-4ade-92be-004a921408cc:c5351]
2019-08-06 03:26:48,780 INFO  client.GrpcClientProtocolClient (GrpcClientProtocolClient.java:onNext(255)) - client-9DC82E534C87->980d9c0c-33ac-4a22-b481-33b8b1eac469: receive RaftClientReply:client-9DC82E534C87->980d9c0c-33ac-4a22-b481-33b8b1eac469@group-23022C6A558E, cid=3552, SUCCESS, logIndex=0, commits[980d9c0c-33ac-4a22-b481-33b8b1eac469:c5357, e00ee311-0ce1-4115-b4c1-69648d9d3094:c5355, bb9367ec-656d-4ade-92be-004a921408cc:c5355]
2019-08-06 03:26:48,828 INFO  client.GrpcClientProtocolClient (GrpcClientProtocolClient.java:onNext(255)) - client-9DC82E534C87->980d9c0c-33ac-4a22-b481-33b8b1eac469: receive RaftClientReply:client-9DC82E534C87->980d9c0c-33ac-4a22-b481-33b8b1eac469@group-23022C6A558E, cid=3553, SUCCESS, logIndex=5358, commits[980d9c0c-33ac-4a22-b481-33b8b1eac469:c5360, e00ee311-0ce1-4115-b4c1-69648d9d3094:c5357, bb9367ec-656d-4ade-92be-004a921408cc:c5357]
2019-08-06 03:26:48,828 INFO  client.GrpcClientProtocolClient (GrpcClientProtocolClient.java:onNext(255)) - client-9DC82E534C87->980d9c0c-33ac-4a22-b481-33b8b1eac469: receive RaftClientReply:client-9DC82E534C87->980d9c0c-33ac-4a22-b481-33b8b1eac469@group-23022C6A558E, cid=3554, SUCCESS, logIndex=5359, commits[980d9c0c-33ac-4a22-b481-33b8b1eac469:c5361, e00ee311-0ce1-4115-b4c1-69648d9d3094:c5357, bb9367ec-656d-4ade-92be-004a921408cc:c5357]
2019-08-06 03:26:48,829 INFO  client.GrpcClientProtocolClient (GrpcClientProtocolClient.java:onNext(255)) - client-9DC82E534C87->980d9c0c-33ac-4a22-b481-33b8b1eac469: receive RaftClientReply:client-9DC82E534C87->980d9c0c-33ac-4a22-b481-33b8b1eac469@group-23022C6A558E, cid=3555, SUCCESS, logIndex=5360, commits[980d9c0c-33ac-4a22-b481-33b8b1eac469:c5361, e00ee311-0ce1-4115-b4c1-69648d9d3094:c5357, bb9367ec-656d-4ade-92be-004a921408cc:c5357]
2019-08-06 03:26:48,829 INFO  client.GrpcClientProtocolClient (GrpcClientProtocolClient.java:onNext(255)) - client-9DC82E534C87->980d9c0c-33ac-4a22-b481-33b8b1eac469: receive RaftClientReply:client-9DC82E534C87->980d9c0c-33ac-4a22-b481-33b8b1eac469@group-23022C6A558E, cid=3556, SUCCESS, logIndex=5361, commits[980d9c0c-33ac-4a22-b481-33b8b1eac469:c5361, e00ee311-0ce1-4115-b4c1-69648d9d3094:c5357, bb9367ec-656d-4ade-92be-004a921408cc:c5357]
2019-08-06 03:26:48,845 INFO  client.GrpcClientProtocolClient (GrpcClientProtocolClient.java:onNext(255)) - client-9DC82E534C87->980d9c0c-33ac-4a22-b481-33b8b1eac469: receive RaftClientReply:client-9DC82E534C87->980d9c0c-33ac-4a22-b481-33b8b1eac469@group-23022C6A558E, cid=3557, SUCCESS, logIndex=0, commits[980d9c0c-33ac-4a22-b481-33b8b1eac469:c5365, e00ee311-0ce1-4115-b4c1-69648d9d3094:c5361, bb9367ec-656d-4ade-92be-004a921408cc:c5359]
2019-08-06 03:26:48,865 INFO  client.GrpcClientProtocolClient (GrpcClientProtocolClient.java:onNext(255)) - client-9DC82E534C87->980d9c0c-33ac-4a22-b481-33b8b1eac469: receive RaftClientReply:client-9DC82E534C87->980d9c0c-33ac-4a22-b481-33b8b1eac469@group-23022C6A558E, cid=3558, SUCCESS, logIndex=5366, commits[980d9c0c-33ac-4a22-b481-33b8b1eac469:c5367, e00ee311-0ce1-4115-b4c1-69648d9d3094:c5365, bb9367ec-656d-4ade-92be-004a921408cc:c5365]
2019-08-06 03:26:48,865 INFO  client.GrpcClientProtocolClient (GrpcClientProtocolClient.java:onNext(255)) - client-9DC82E534C87->980d9c0c-33ac-4a22-b481-33b8b1eac469: receive RaftClientReply:client-9DC82E534C87->980d9c0c-33ac-4a22-b481-33b8b1eac469@group-23022C6A558E, cid=3559, SUCCESS, logIndex=5367, commits[980d9c0c-33ac-4a22-b481-33b8b1eac469:c5367, e00ee311-0ce1-4115-b4c1-69648d9d3094:c5365, bb9367ec-656d-4ade-92be-004a921408cc:c5365]
2019-08-06 03:26:48,879 INFO  client.GrpcClientProtocolClient (GrpcClientProtocolClient.java:onNext(255)) - client-9DC82E534C87->980d9c0c-33ac-4a22-b481-33b8b1eac469: receive RaftClientReply:client-9DC82E534C87->980d9c0c-33ac-4a22-b481-33b8b1eac469@group-23022C6A558E, cid=3560, SUCCESS, logIndex=5370, commits[980d9c0c-33ac-4a22-b481-33b8b1eac469:c5371, e00ee311-0ce1-4115-b4c1-69648d9d3094:c5367, bb9367ec-656d-4ade-92be-004a921408cc:c5367]
2019-08-06 03:26:48,879 INFO  client.GrpcClientProtocolClient (GrpcClientProtocolClient.java:onNext(255)) - client-9DC82E534C87->980d9c0c-33ac-4a22-b481-33b8b1eac469: receive RaftClientReply:client-9DC82E534C87->980d9c0c-33ac-4a22-b481-33b8b1eac469@group-23022C6A558E, cid=3561, SUCCESS, logIndex=5371, commits[980d9c0c-33ac-4a22-b481-33b8b1eac469:c5371, e00ee311-0ce1-4115-b4c1-69648d9d3094:c5367, bb9367ec-656d-4ade-92be-004a921408cc:c5367]
2019-08-06 03:26:48,889 INFO  client.GrpcClientProtocolClient (GrpcClientProtocolClient.java:onNext(255)) - client-9DC82E534C87->980d9c0c-33ac-4a22-b481-33b8b1eac469: receive RaftClientReply:client-9DC82E534C87->980d9c0c-33ac-4a22-b481-33b8b1eac469@group-23022C6A558E, cid=3562, SUCCESS, logIndex=0, commits[980d9c0c-33ac-4a22-b481-33b8b1eac469:c5373, e00ee311-0ce1-4115-b4c1-69648d9d3094:c5371, bb9367ec-656d-4ade-92be-004a921408cc:c5371]
2019-08-06 03:26:48,929 INFO  client.GrpcClientProtocolClient (GrpcClientProtocolClient.java:onNext(255)) - client-9DC82E534C87->980d9c0c-33ac-4a22-b481-33b8b1eac469: receive RaftClientReply:client-9DC82E534C87->980d9c0c-33ac-4a22-b481-33b8b1eac469@group-23022C6A558E, cid=3563, SUCCESS, logIndex=5374, commits[980d9c0c-33ac-4a22-b481-33b8b1eac469:c5375, e00ee311-0ce1-4115-b4c1-69648d9d3094:c5373, bb9367ec-656d-4ade-92be-004a921408cc:c5373]
2019-08-06 03:26:48,930 INFO  client.GrpcClientProtocolClient (GrpcClientProtocolClient.java:onNext(255)) - client-9DC82E534C87->980d9c0c-33ac-4a22-b481-33b8b1eac469: receive RaftClientReply:client-9DC82E534C87->980d9c0c-33ac-4a22-b481-33b8b1eac469@group-23022C6A558E, cid=3564, SUCCESS, logIndex=5375, commits[980d9c0c-33ac-4a22-b481-33b8b1eac469:c5375, e00ee311-0ce1-4115-b4c1-69648d9d3094:c5373, bb9367ec-656d-4ade-92be-004a921408cc:c5373]
2019-08-06 03:26:48,940 INFO  client.GrpcClientProtocolClient (GrpcClientProtocolClient.java:onNext(255)) - client-9DC82E534C87->980d9c0c-33ac-4a22-b481-33b8b1eac469: receive RaftClientReply:client-9DC82E534C87->980d9c0c-33ac-4a22-b481-33b8b1eac469@group-23022C6A558E, cid=3565, SUCCESS, logIndex=5376, commits[980d9c0c-33ac-4a22-b481-33b8b1eac469:c5377, e00ee311-0ce1-4115-b4c1-69648d9d3094:c5373, bb9367ec-656d-4ade-92be-004a921408cc:c5373]
2019-08-06 03:26:48,941 INFO  client.GrpcClientProtocolClient (GrpcClientProtocolClient.java:onNext(255)) - client-9DC82E534C87->980d9c0c-33ac-4a22-b481-33b8b1eac469: receive RaftClientReply:client-9DC82E534C87->980d9c0c-33ac-4a22-b481-33b8b1eac469@group-23022C6A558E, cid=3566, SUCCESS, logIndex=5377, commits[980d9c0c-33ac-4a22-b481-33b8b1eac469:c5377, e00ee311-0ce1-4115-b4c1-69648d9d3094:c5373, bb9367ec-656d-4ade-92be-004a921408cc:c5373]
2019-08-06 03:26:48,942 INFO  client.GrpcClientProtocolClient (GrpcClientProtocolClient.java:onNext(255)) - client-9DC82E534C87->980d9c0c-33ac-4a22-b481-33b8b1eac469: receive RaftClientReply:client-9DC82E534C87->980d9c0c-33ac-4a22-b481-33b8b1eac469@group-23022C6A558E, cid=3567, SUCCESS, logIndex=0, commits[980d9c0c-33ac-4a22-b481-33b8b1eac469:c5379, e00ee311-0ce1-4115-b4c1-69648d9d3094:c5375, bb9367ec-656d-4ade-92be-004a921408cc:c5375]
2019-08-06 03:26:48,966 INFO  client.GrpcClientProtocolClient (GrpcClientProtocolClient.java:onNext(255)) - client-9DC82E534C87->980d9c0c-33ac-4a22-b481-33b8b1eac469: receive RaftClientReply:client-9DC82E534C87->980d9c0c-33ac-4a22-b481-33b8b1eac469@group-23022C6A558E, cid=3568, SUCCESS, logIndex=5382, commits[980d9c0c-33ac-4a22-b481-33b8b1eac469:c5383, e00ee311-0ce1-4115-b4c1-69648d9d3094:c5381, bb9367ec-656d-4ade-92be-004a921408cc:c5381]
2019-08-06 03:26:48,966 INFO  client.GrpcClientProtocolClient (GrpcClientProtocolClient.java:onNext(255)) - client-9DC82E534C87->980d9c0c-33ac-4a22-b481-33b8b1eac469: receive RaftClientReply:client-9DC82E534C87->980d9c0c-33ac-4a22-b481-33b8b1eac469@group-23022C6A558E, cid=3569, SUCCESS, logIndex=5383, commits[980d9c0c-33ac-4a22-b481-33b8b1eac469:c5383, e00ee311-0ce1-4115-b4c1-69648d9d3094:c5381, bb9367ec-656d-4ade-92be-004a921408cc:c5381]
2019-08-06 03:26:49,029 INFO  client.GrpcClientProtocolClient (GrpcClientProtocolClient.java:onNext(255)) - client-9DC82E534C87->980d9c0c-33ac-4a22-b481-33b8b1eac469: receive RaftClientReply:client-9DC82E534C87->980d9c0c-33ac-4a22-b481-33b8b1eac469@group-23022C6A558E, cid=3570, SUCCESS, logIndex=5386, commits[980d9c0c-33ac-4a22-b481-33b8b1eac469:c5387, e00ee311-0ce1-4115-b4c1-69648d9d3094:c5383, bb9367ec-656d-4ade-92be-004a921408cc:c5383]
2019-08-06 03:26:49,030 INFO  client.GrpcClientProtocolClient (GrpcClientProtocolClient.java:onNext(255)) - client-9DC82E534C87->980d9c0c-33ac-4a22-b481-33b8b1eac469: receive RaftClientReply:client-9DC82E534C87->980d9c0c-33ac-4a22-b481-33b8b1eac469@group-23022C6A558E, cid=3571, SUCCESS, logIndex=5387, commits[980d9c0c-33ac-4a22-b481-33b8b1eac469:c5387, e00ee311-0ce1-4115-b4c1-69648d9d3094:c5383, bb9367ec-656d-4ade-92be-004a921408cc:c5383]
2019-08-06 03:26:49,043 INFO  client.GrpcClientProtocolClient (GrpcClientProtocolClient.java:onNext(255)) - client-9DC82E534C87->980d9c0c-33ac-4a22-b481-33b8b1eac469: receive RaftClientReply:client-9DC82E534C87->980d9c0c-33ac-4a22-b481-33b8b1eac469@group-23022C6A558E, cid=3572, SUCCESS, logIndex=0, commits[980d9c0c-33ac-4a22-b481-33b8b1eac469:c5389, e00ee311-0ce1-4115-b4c1-69648d9d3094:c5387, bb9367ec-656d-4ade-92be-004a921408cc:c5387]
2019-08-06 03:26:49,078 INFO  client.GrpcClientProtocolClient (GrpcClientProtocolClient.java:onNext(255)) - client-9DC82E534C87->980d9c0c-33ac-4a22-b481-33b8b1eac469: receive RaftClientReply:client-9DC82E534C87->980d9c0c-33ac-4a22-b481-33b8b1eac469@group-23022C6A558E, cid=3573, SUCCESS, logIndex=5390, commits[980d9c0c-33ac-4a22-b481-33b8b1eac469:c5391, e00ee311-0ce1-4115-b4c1-69648d9d3094:c5389, bb9367ec-656d-4ade-92be-004a921408cc:c5389]
2019-08-06 03:26:49,079 INFO  client.GrpcClientProtocolClient (GrpcClientProtocolClient.java:onNext(255)) - client-9DC82E534C87->980d9c0c-33ac-4a22-b481-33b8b1eac469: receive RaftClientReply:client-9DC82E534C87->980d9c0c-33ac-4a22-b481-33b8b1eac469@group-23022C6A558E, cid=3574, SUCCESS, logIndex=5391, commits[980d9c0c-33ac-4a22-b481-33b8b1eac469:c5393, e00ee311-0ce1-4115-b4c1-69648d9d3094:c5389, bb9367ec-656d-4ade-92be-004a921408cc:c5389]
2019-08-06 03:26:49,083 INFO  client.GrpcClientProtocolClient (GrpcClientProtocolClient.java:onNext(255)) - client-9DC82E534C87->980d9c0c-33ac-4a22-b481-33b8b1eac469: receive RaftClientReply:client-9DC82E534C87->980d9c0c-33ac-4a22-b481-33b8b1eac469@group-23022C6A558E, cid=3575, SUCCESS, logIndex=5392, commits[980d9c0c-33ac-4a22-b481-33b8b1eac469:c5393, e00ee311-0ce1-4115-b4c1-69648d9d3094:c5389, bb9367ec-656d-4ade-92be-004a921408cc:c5389]
2019-08-06 03:26:49,083 INFO  client.GrpcClientProtocolClient (GrpcClientProtocolClient.java:onNext(255)) - client-9DC82E534C87->980d9c0c-33ac-4a22-b481-33b8b1eac469: receive RaftClientReply:client-9DC82E534C87->980d9c0c-33ac-4a22-b481-33b8b1eac469@group-23022C6A558E, cid=3576, SUCCESS, logIndex=5393, commits[980d9c0c-33ac-4a22-b481-33b8b1eac469:c5393, e00ee311-0ce1-4115-b4c1-69648d9d3094:c5389, bb9367ec-656d-4ade-92be-004a921408cc:c5389]
2019-08-06 03:26:49,084 INFO  client.GrpcClientProtocolClient (GrpcClientProtocolClient.java:onNext(255)) - client-9DC82E534C87->980d9c0c-33ac-4a22-b481-33b8b1eac469: receive RaftClientReply:client-9DC82E534C87->980d9c0c-33ac-4a22-b481-33b8b1eac469@group-23022C6A558E, cid=3577, SUCCESS, logIndex=0, commits[980d9c0c-33ac-4a22-b481-33b8b1eac469:c5396, e00ee311-0ce1-4115-b4c1-69648d9d3094:c5393, bb9367ec-656d-4ade-92be-004a921408cc:c5391]
2019-08-06 03:26:49,112 INFO  client.GrpcClientProtocolClient (GrpcClientProtocolClient.java:onNext(255)) - client-9DC82E534C87->980d9c0c-33ac-4a22-b481-33b8b1eac469: receive RaftClientReply:client-9DC82E534C87->980d9c0c-33ac-4a22-b481-33b8b1eac469@group-23022C6A558E, cid=3578, SUCCESS, logIndex=5397, commits[980d9c0c-33ac-4a22-b481-33b8b1eac469:c5398, e00ee311-0ce1-4115-b4c1-69648d9d3094:c5396, bb9367ec-656d-4ade-92be-004a921408cc:c5396]
2019-08-06 03:26:49,112 INFO  client.GrpcClientProtocolClient (GrpcClientProtocolClient.java:onNext(255)) - client-9DC82E534C87->980d9c0c-33ac-4a22-b481-33b8b1eac469: receive RaftClientReply:client-9DC82E534C87->980d9c0c-33ac-4a22-b481-33b8b1eac469@group-23022C6A558E, cid=3579, SUCCESS, logIndex=5398, commits[980d9c0c-33ac-4a22-b481-33b8b1eac469:c5398, e00ee311-0ce1-4115-b4c1-69648d9d3094:c5396, bb9367ec-656d-4ade-92be-004a921408cc:c5396]
2019-08-06 03:26:49,133 INFO  client.GrpcClientProtocolClient (GrpcClientProtocolClient.java:onNext(255)) - client-9DC82E534C87->980d9c0c-33ac-4a22-b481-33b8b1eac469: receive RaftClientReply:client-9DC82E534C87->980d9c0c-33ac-4a22-b481-33b8b1eac469@group-23022C6A558E, cid=3580, SUCCESS, logIndex=5401, commits[980d9c0c-33ac-4a22-b481-33b8b1eac469:c5402, e00ee311-0ce1-4115-b4c1-69648d9d3094:c5398, bb9367ec-656d-4ade-92be-004a921408cc:c5398]
2019-08-06 03:26:49,134 INFO  client.GrpcClientProtocolClient (GrpcClientProtocolClient.java:onNext(255)) - client-9DC82E534C87->980d9c0c-33ac-4a22-b481-33b8b1eac469: receive RaftClientReply:client-9DC82E534C87->980d9c0c-33ac-4a22-b481-33b8b1eac469@group-23022C6A558E, cid=3581, SUCCESS, logIndex=5402, commits[980d9c0c-33ac-4a22-b481-33b8b1eac469:c5402, e00ee311-0ce1-4115-b4c1-69648d9d3094:c5398, bb9367ec-656d-4ade-92be-004a921408cc:c5398]
2019-08-06 03:26:49,135 INFO  client.GrpcClientProtocolClient (GrpcClientProtocolClient.java:onNext(255)) - client-9DC82E534C87->980d9c0c-33ac-4a22-b481-33b8b1eac469: receive RaftClientReply:client-9DC82E534C87->980d9c0c-33ac-4a22-b481-33b8b1eac469@group-23022C6A558E, cid=3582, SUCCESS, logIndex=0, commits[980d9c0c-33ac-4a22-b481-33b8b1eac469:c5403, e00ee311-0ce1-4115-b4c1-69648d9d3094:c5402, bb9367ec-656d-4ade-92be-004a921408cc:c5402]
2019-08-06 03:26:49,299 INFO  client.GrpcClientProtocolClient (GrpcClientProtocolClient.java:onNext(255)) - client-9DC82E534C87->980d9c0c-33ac-4a22-b481-33b8b1eac469: receive RaftClientReply:client-9DC82E534C87->980d9c0c-33ac-4a22-b481-33b8b1eac469@group-23022C6A558E, cid=3583, SUCCESS, logIndex=5405, commits[980d9c0c-33ac-4a22-b481-33b8b1eac469:c5406, e00ee311-0ce1-4115-b4c1-69648d9d3094:c5404, bb9367ec-656d-4ade-92be-004a921408cc:c5404]
2019-08-06 03:26:49,300 INFO  client.GrpcClientProtocolClient (GrpcClientProtocolClient.java:onNext(255)) - client-9DC82E534C87->980d9c0c-33ac-4a22-b481-33b8b1eac469: receive RaftClientReply:client-9DC82E534C87->980d9c0c-33ac-4a22-b481-33b8b1eac469@group-23022C6A558E, cid=3584, SUCCESS, logIndex=5406, commits[980d9c0c-33ac-4a22-b481-33b8b1eac469:c5408, e00ee311-0ce1-4115-b4c1-69648d9d3094:c5404, bb9367ec-656d-4ade-92be-004a921408cc:c5404]
2019-08-06 03:26:49,300 INFO  client.GrpcClientProtocolClient (GrpcClientProtocolClient.java:onNext(255)) - client-9DC82E534C87->980d9c0c-33ac-4a22-b481-33b8b1eac469: receive RaftClientReply:client-9DC82E534C87->980d9c0c-33ac-4a22-b481-33b8b1eac469@group-23022C6A558E, cid=3585, SUCCESS, logIndex=5407, commits[980d9c0c-33ac-4a22-b481-33b8b1eac469:c5408, e00ee311-0ce1-4115-b4c1-69648d9d3094:c5404, bb9367ec-656d-4ade-92be-004a921408cc:c5404]
2019-08-06 03:26:49,300 INFO  client.GrpcClientProtocolClient (GrpcClientProtocolClient.java:onNext(255)) - client-9DC82E534C87->980d9c0c-33ac-4a22-b481-33b8b1eac469: receive RaftClientReply:client-9DC82E534C87->980d9c0c-33ac-4a22-b481-33b8b1eac469@group-23022C6A558E, cid=3586, SUCCESS, logIndex=5408, commits[980d9c0c-33ac-4a22-b481-33b8b1eac469:c5408, e00ee311-0ce1-4115-b4c1-69648d9d3094:c5404, bb9367ec-656d-4ade-92be-004a921408cc:c5404]
2019-08-06 03:26:49,302 INFO  client.GrpcClientProtocolClient (GrpcClientProtocolClient.java:onNext(255)) - client-9DC82E534C87->980d9c0c-33ac-4a22-b481-33b8b1eac469: receive RaftClientReply:client-9DC82E534C87->980d9c0c-33ac-4a22-b481-33b8b1eac469@group-23022C6A558E, cid=3587, SUCCESS, logIndex=0, commits[980d9c0c-33ac-4a22-b481-33b8b1eac469:c5412, e00ee311-0ce1-4115-b4c1-69648d9d3094:c5406, bb9367ec-656d-4ade-92be-004a921408cc:c5408]
2019-08-06 03:26:49,319 INFO  client.GrpcClientProtocolClient (GrpcClientProtocolClient.java:onNext(255)) - client-9DC82E534C87->980d9c0c-33ac-4a22-b481-33b8b1eac469: receive RaftClientReply:client-9DC82E534C87->980d9c0c-33ac-4a22-b481-33b8b1eac469@group-23022C6A558E, cid=3588, SUCCESS, logIndex=5413, commits[980d9c0c-33ac-4a22-b481-33b8b1eac469:c5414, e00ee311-0ce1-4115-b4c1-69648d9d3094:c5412, bb9367ec-656d-4ade-92be-004a921408cc:c5412]
2019-08-06 03:26:49,320 INFO  client.GrpcClientProtocolClient (GrpcClientProtocolClient.java:onNext(255)) - client-9DC82E534C87->980d9c0c-33ac-4a22-b481-33b8b1eac469: receive RaftClientReply:client-9DC82E534C87->980d9c0c-33ac-4a22-b481-33b8b1eac469@group-23022C6A558E, cid=3589, SUCCESS, logIndex=5414, commits[980d9c0c-33ac-4a22-b481-33b8b1eac469:c5414, e00ee311-0ce1-4115-b4c1-69648d9d3094:c5412, bb9367ec-656d-4ade-92be-004a921408cc:c5412]
2019-08-06 03:26:49,359 INFO  client.GrpcClientProtocolClient (GrpcClientProtocolClient.java:onNext(255)) - client-9DC82E534C87->980d9c0c-33ac-4a22-b481-33b8b1eac469: receive RaftClientReply:client-9DC82E534C87->980d9c0c-33ac-4a22-b481-33b8b1eac469@group-23022C6A558E, cid=3590, SUCCESS, logIndex=5417, commits[980d9c0c-33ac-4a22-b481-33b8b1eac469:c5418, e00ee311-0ce1-4115-b4c1-69648d9d3094:c5413, bb9367ec-656d-4ade-92be-004a921408cc:c5414]
2019-08-06 03:26:49,359 INFO  client.GrpcClientProtocolClient (GrpcClientProtocolClient.java:onNext(255)) - client-9DC82E534C87->980d9c0c-33ac-4a22-b481-33b8b1eac469: receive RaftClientReply:client-9DC82E534C87->980d9c0c-33ac-4a22-b481-33b8b1eac469@group-23022C6A558E, cid=3591, SUCCESS, logIndex=5418, commits[980d9c0c-33ac-4a22-b481-33b8b1eac469:c5418, e00ee311-0ce1-4115-b4c1-69648d9d3094:c5414, bb9367ec-656d-4ade-92be-004a921408cc:c5414]
2019-08-06 03:26:49,371 INFO  client.GrpcClientProtocolClient (GrpcClientProtocolClient.java:onNext(255)) - client-9DC82E534C87->980d9c0c-33ac-4a22-b481-33b8b1eac469: receive RaftClientReply:client-9DC82E534C87->980d9c0c-33ac-4a22-b481-33b8b1eac469@group-23022C6A558E, cid=3592, SUCCESS, logIndex=0, commits[980d9c0c-33ac-4a22-b481-33b8b1eac469:c5420, e00ee311-0ce1-4115-b4c1-69648d9d3094:c5418, bb9367ec-656d-4ade-92be-004a921408cc:c5418]
2019-08-06 03:26:49,409 INFO  client.GrpcClientProtocolClient (GrpcClientProtocolClient.java:onNext(255)) - client-9DC82E534C87->980d9c0c-33ac-4a22-b481-33b8b1eac469: receive RaftClientReply:client-9DC82E534C87->980d9c0c-33ac-4a22-b481-33b8b1eac469@group-23022C6A558E, cid=3593, SUCCESS, logIndex=5421, commits[980d9c0c-33ac-4a22-b481-33b8b1eac469:c5422, e00ee311-0ce1-4115-b4c1-69648d9d3094:c5420, bb9367ec-656d-4ade-92be-004a921408cc:c5420]
2019-08-06 03:26:49,410 INFO  client.GrpcClientProtocolClient (GrpcClientProtocolClient.java:onNext(255)) - client-9DC82E534C87->980d9c0c-33ac-4a22-b481-33b8b1eac469: receive RaftClientReply:client-9DC82E534C87->980d9c0c-33ac-4a22-b481-33b8b1eac469@group-23022C6A558E, cid=3594, SUCCESS, logIndex=5422, commits[980d9c0c-33ac-4a22-b481-33b8b1eac469:c5424, e00ee311-0ce1-4115-b4c1-69648d9d3094:c5420, bb9367ec-656d-4ade-92be-004a921408cc:c5420]
2019-08-06 03:26:49,410 INFO  client.GrpcClientProtocolClient (GrpcClientProtocolClient.java:onNext(255)) - client-9DC82E534C87->980d9c0c-33ac-4a22-b481-33b8b1eac469: receive RaftClientReply:client-9DC82E534C87->980d9c0c-33ac-4a22-b481-33b8b1eac469@group-23022C6A558E, cid=3595, SUCCESS, logIndex=5423, commits[980d9c0c-33ac-4a22-b481-33b8b1eac469:c5424, e00ee311-0ce1-4115-b4c1-69648d9d3094:c5420, bb9367ec-656d-4ade-92be-004a921408cc:c5420]
2019-08-06 03:26:49,410 INFO  client.GrpcClientProtocolClient (GrpcClientProtocolClient.java:onNext(255)) - client-9DC82E534C87->980d9c0c-33ac-4a22-b481-33b8b1eac469: receive RaftClientReply:client-9DC82E534C87->980d9c0c-33ac-4a22-b481-33b8b1eac469@group-23022C6A558E, cid=3596, SUCCESS, logIndex=5424, commits[980d9c0c-33ac-4a22-b481-33b8b1eac469:c5426, e00ee311-0ce1-4115-b4c1-69648d9d3094:c5422, bb9367ec-656d-4ade-92be-004a921408cc:c5420]
2019-08-06 03:26:49,412 INFO  client.GrpcClientProtocolClient (GrpcClientProtocolClient.java:onNext(255)) - client-9DC82E534C87->980d9c0c-33ac-4a22-b481-33b8b1eac469: receive RaftClientReply:client-9DC82E534C87->980d9c0c-33ac-4a22-b481-33b8b1eac469@group-23022C6A558E, cid=3597, SUCCESS, logIndex=0, commits[980d9c0c-33ac-4a22-b481-33b8b1eac469:c5427, e00ee311-0ce1-4115-b4c1-69648d9d3094:c5424, bb9367ec-656d-4ade-92be-004a921408cc:c5423]
2019-08-06 03:26:49,434 INFO  client.GrpcClientProtocolClient (GrpcClientProtocolClient.java:onNext(255)) - client-9DC82E534C87->980d9c0c-33ac-4a22-b481-33b8b1eac469: receive RaftClientReply:client-9DC82E534C87->980d9c0c-33ac-4a22-b481-33b8b1eac469@group-23022C6A558E, cid=3598, SUCCESS, logIndex=5429, commits[980d9c0c-33ac-4a22-b481-33b8b1eac469:c5430, e00ee311-0ce1-4115-b4c1-69648d9d3094:c5428, bb9367ec-656d-4ade-92be-004a921408cc:c5428]
2019-08-06 03:26:49,434 INFO  client.GrpcClientProtocolClient (GrpcClientProtocolClient.java:onNext(255)) - client-9DC82E534C87->980d9c0c-33ac-4a22-b481-33b8b1eac469: receive RaftClientReply:client-9DC82E534C87->980d9c0c-33ac-4a22-b481-33b8b1eac469@group-23022C6A558E, cid=3599, SUCCESS, logIndex=5430, commits[980d9c0c-33ac-4a22-b481-33b8b1eac469:c5430, e00ee311-0ce1-4115-b4c1-69648d9d3094:c5428, bb9367ec-656d-4ade-92be-004a921408cc:c5428]
2019-08-06 03:26:49,458 INFO  client.GrpcClientProtocolClient (GrpcClientProtocolClient.java:onNext(255)) - client-9DC82E534C87->980d9c0c-33ac-4a22-b481-33b8b1eac469: receive RaftClientReply:client-9DC82E534C87->980d9c0c-33ac-4a22-b481-33b8b1eac469@group-23022C6A558E, cid=3600, SUCCESS, logIndex=5433, commits[980d9c0c-33ac-4a22-b481-33b8b1eac469:c5434, e00ee311-0ce1-4115-b4c1-69648d9d3094:c5430, bb9367ec-656d-4ade-92be-004a921408cc:c5430]
2019-08-06 03:26:49,459 INFO  client.GrpcClientProtocolClient (GrpcClientProtocolClient.java:onNext(255)) - client-9DC82E534C87->980d9c0c-33ac-4a22-b481-33b8b1eac469: receive RaftClientReply:client-9DC82E534C87->980d9c0c-33ac-4a22-b481-33b8b1eac469@group-23022C6A558E, cid=3601, SUCCESS, logIndex=5434, commits[980d9c0c-33ac-4a22-b481-33b8b1eac469:c5434, e00ee311-0ce1-4115-b4c1-69648d9d3094:c5430, bb9367ec-656d-4ade-92be-004a921408cc:c5430]
2019-08-06 03:26:49,470 INFO  client.GrpcClientProtocolClient (GrpcClientProtocolClient.java:onNext(255)) - client-9DC82E534C87->980d9c0c-33ac-4a22-b481-33b8b1eac469: receive RaftClientReply:client-9DC82E534C87->980d9c0c-33ac-4a22-b481-33b8b1eac469@group-23022C6A558E, cid=3602, SUCCESS, logIndex=0, commits[980d9c0c-33ac-4a22-b481-33b8b1eac469:c5435, e00ee311-0ce1-4115-b4c1-69648d9d3094:c5434, bb9367ec-656d-4ade-92be-004a921408cc:c5434]
2019-08-06 03:26:49,504 INFO  client.GrpcClientProtocolClient (GrpcClientProtocolClient.java:onNext(255)) - client-9DC82E534C87->980d9c0c-33ac-4a22-b481-33b8b1eac469: receive RaftClientReply:client-9DC82E534C87->980d9c0c-33ac-4a22-b481-33b8b1eac469@group-23022C6A558E, cid=3603, SUCCESS, logIndex=5436, commits[980d9c0c-33ac-4a22-b481-33b8b1eac469:c5437, e00ee311-0ce1-4115-b4c1-69648d9d3094:c5435, bb9367ec-656d-4ade-92be-004a921408cc:c5435]
2019-08-06 03:26:49,505 INFO  client.GrpcClientProtocolClient (GrpcClientProtocolClient.java:onNext(255)) - client-9DC82E534C87->980d9c0c-33ac-4a22-b481-33b8b1eac469: receive RaftClientReply:client-9DC82E534C87->980d9c0c-33ac-4a22-b481-33b8b1eac469@group-23022C6A558E, cid=3604, SUCCESS, logIndex=5437, commits[980d9c0c-33ac-4a22-b481-33b8b1eac469:c5437, e00ee311-0ce1-4115-b4c1-69648d9d3094:c5435, bb9367ec-656d-4ade-92be-004a921408cc:c5435]
2019-08-06 03:26:49,505 INFO  client.GrpcClientProtocolClient (GrpcClientProtocolClient.java:onNext(255)) - client-9DC82E534C87->980d9c0c-33ac-4a22-b481-33b8b1eac469: receive RaftClientReply:client-9DC82E534C87->980d9c0c-33ac-4a22-b481-33b8b1eac469@group-23022C6A558E, cid=3605, SUCCESS, logIndex=5438, commits[980d9c0c-33ac-4a22-b481-33b8b1eac469:c5439, e00ee311-0ce1-4115-b4c1-69648d9d3094:c5435, bb9367ec-656d-4ade-92be-004a921408cc:c5435]
2019-08-06 03:26:49,506 INFO  client.GrpcClientProtocolClient (GrpcClientProtocolClient.java:onNext(255)) - client-9DC82E534C87->980d9c0c-33ac-4a22-b481-33b8b1eac469: receive RaftClientReply:client-9DC82E534C87->980d9c0c-33ac-4a22-b481-33b8b1eac469@group-23022C6A558E, cid=3606, SUCCESS, logIndex=5439, commits[980d9c0c-33ac-4a22-b481-33b8b1eac469:c5439, e00ee311-0ce1-4115-b4c1-69648d9d3094:c5435, bb9367ec-656d-4ade-92be-004a921408cc:c5435]
2019-08-06 03:26:49,507 INFO  client.GrpcClientProtocolClient (GrpcClientProtocolClient.java:onNext(255)) - client-9DC82E534C87->980d9c0c-33ac-4a22-b481-33b8b1eac469: receive RaftClientReply:client-9DC82E534C87->980d9c0c-33ac-4a22-b481-33b8b1eac469@group-23022C6A558E, cid=3607, SUCCESS, logIndex=0, commits[980d9c0c-33ac-4a22-b481-33b8b1eac469:c5441, e00ee311-0ce1-4115-b4c1-69648d9d3094:c5439, bb9367ec-656d-4ade-92be-004a921408cc:c5437]
 0.00% |█                                                                                                    |  0/1 Time: 0:00:362019-08-06 03:26:49,528 INFO  client.GrpcClientProtocolClient (GrpcClientProtocolClient.java:onNext(255)) - client-9DC82E534C87->980d9c0c-33ac-4a22-b481-33b8b1eac469: receive RaftClientReply:client-9DC82E534C87->980d9c0c-33ac-4a22-b481-33b8b1eac469@group-23022C6A558E, cid=3608, SUCCESS, logIndex=5444, commits[980d9c0c-33ac-4a22-b481-33b8b1eac469:c5445, e00ee311-0ce1-4115-b4c1-69648d9d3094:c5443, bb9367ec-656d-4ade-92be-004a921408cc:c5443]
2019-08-06 03:26:49,528 INFO  client.GrpcClientProtocolClient (GrpcClientProtocolClient.java:onNext(255)) - client-9DC82E534C87->980d9c0c-33ac-4a22-b481-33b8b1eac469: receive RaftClientReply:client-9DC82E534C87->980d9c0c-33ac-4a22-b481-33b8b1eac469@group-23022C6A558E, cid=3609, SUCCESS, logIndex=5445, commits[980d9c0c-33ac-4a22-b481-33b8b1eac469:c5445, e00ee311-0ce1-4115-b4c1-69648d9d3094:c5443, bb9367ec-656d-4ade-92be-004a921408cc:c5443]
2019-08-06 03:26:49,541 INFO  client.GrpcClientProtocolClient (GrpcClientProtocolClient.java:onNext(255)) - client-9DC82E534C87->980d9c0c-33ac-4a22-b481-33b8b1eac469: receive RaftClientReply:client-9DC82E534C87->980d9c0c-33ac-4a22-b481-33b8b1eac469@group-23022C6A558E, cid=3610, SUCCESS, logIndex=5448, commits[980d9c0c-33ac-4a22-b481-33b8b1eac469:c5449, e00ee311-0ce1-4115-b4c1-69648d9d3094:c5445, bb9367ec-656d-4ade-92be-004a921408cc:c5445]
2019-08-06 03:26:49,542 INFO  client.GrpcClientProtocolClient (GrpcClientProtocolClient.java:onNext(255)) - client-9DC82E534C87->980d9c0c-33ac-4a22-b481-33b8b1eac469: receive RaftClientReply:client-9DC82E534C87->980d9c0c-33ac-4a22-b481-33b8b1eac469@group-23022C6A558E, cid=3611, SUCCESS, logIndex=5449, commits[980d9c0c-33ac-4a22-b481-33b8b1eac469:c5449, e00ee311-0ce1-4115-b4c1-69648d9d3094:c5445, bb9367ec-656d-4ade-92be-004a921408cc:c5445]
2019-08-06 03:26:49,554 INFO  client.GrpcClientProtocolClient (GrpcClientProtocolClient.java:onNext(255)) - client-9DC82E534C87->980d9c0c-33ac-4a22-b481-33b8b1eac469: receive RaftClientReply:client-9DC82E534C87->980d9c0c-33ac-4a22-b481-33b8b1eac469@group-23022C6A558E, cid=3612, SUCCESS, logIndex=0, commits[980d9c0c-33ac-4a22-b481-33b8b1eac469:c5450, e00ee311-0ce1-4115-b4c1-69648d9d3094:c5449, bb9367ec-656d-4ade-92be-004a921408cc:c5449]
2019-08-06 03:26:49,586 INFO  client.GrpcClientProtocolClient (GrpcClientProtocolClient.java:onNext(255)) - client-9DC82E534C87->980d9c0c-33ac-4a22-b481-33b8b1eac469: receive RaftClientReply:client-9DC82E534C87->980d9c0c-33ac-4a22-b481-33b8b1eac469@group-23022C6A558E, cid=3613, SUCCESS, logIndex=5452, commits[980d9c0c-33ac-4a22-b481-33b8b1eac469:c5453, e00ee311-0ce1-4115-b4c1-69648d9d3094:c5451, bb9367ec-656d-4ade-92be-004a921408cc:c5451]
2019-08-06 03:26:49,587 INFO  client.GrpcClientProtocolClient (GrpcClientProtocolClient.java:onNext(255)) - client-9DC82E534C87->980d9c0c-33ac-4a22-b481-33b8b1eac469: receive RaftClientReply:client-9DC82E534C87->980d9c0c-33ac-4a22-b481-33b8b1eac469@group-23022C6A558E, cid=3614, SUCCESS, logIndex=5453, commits[980d9c0c-33ac-4a22-b481-33b8b1eac469:c5455, e00ee311-0ce1-4115-b4c1-69648d9d3094:c5451, bb9367ec-656d-4ade-92be-004a921408cc:c5451]
2019-08-06 03:26:49,587 INFO  client.GrpcClientProtocolClient (GrpcClientProtocolClient.java:onNext(255)) - client-9DC82E534C87->980d9c0c-33ac-4a22-b481-33b8b1eac469: receive RaftClientReply:client-9DC82E534C87->980d9c0c-33ac-4a22-b481-33b8b1eac469@group-23022C6A558E, cid=3615, SUCCESS, logIndex=5454, commits[980d9c0c-33ac-4a22-b481-33b8b1eac469:c5455, e00ee311-0ce1-4115-b4c1-69648d9d3094:c5451, bb9367ec-656d-4ade-92be-004a921408cc:c5451]
2019-08-06 03:26:49,588 INFO  client.GrpcClientProtocolClient (GrpcClientProtocolClient.java:onNext(255)) - client-9DC82E534C87->980d9c0c-33ac-4a22-b481-33b8b1eac469: receive RaftClientReply:client-9DC82E534C87->980d9c0c-33ac-4a22-b481-33b8b1eac469@group-23022C6A558E, cid=3616, SUCCESS, logIndex=5455, commits[980d9c0c-33ac-4a22-b481-33b8b1eac469:c5455, e00ee311-0ce1-4115-b4c1-69648d9d3094:c5451, bb9367ec-656d-4ade-92be-004a921408cc:c5451]
2019-08-06 03:26:49,589 INFO  client.GrpcClientProtocolClient (GrpcClientProtocolClient.java:onNext(255)) - client-9DC82E534C87->980d9c0c-33ac-4a22-b481-33b8b1eac469: receive RaftClientReply:client-9DC82E534C87->980d9c0c-33ac-4a22-b481-33b8b1eac469@group-23022C6A558E, cid=3617, SUCCESS, logIndex=0, commits[980d9c0c-33ac-4a22-b481-33b8b1eac469:c5458, e00ee311-0ce1-4115-b4c1-69648d9d3094:c5453, bb9367ec-656d-4ade-92be-004a921408cc:c5454]
2019-08-06 03:26:49,626 INFO  client.GrpcClientProtocolClient (GrpcClientProtocolClient.java:onNext(255)) - client-9DC82E534C87->980d9c0c-33ac-4a22-b481-33b8b1eac469: receive RaftClientReply:client-9DC82E534C87->980d9c0c-33ac-4a22-b481-33b8b1eac469@group-23022C6A558E, cid=3618, SUCCESS, logIndex=5460, commits[980d9c0c-33ac-4a22-b481-33b8b1eac469:c5461, e00ee311-0ce1-4115-b4c1-69648d9d3094:c5459, bb9367ec-656d-4ade-92be-004a921408cc:c5459]
2019-08-06 03:26:49,626 INFO  client.GrpcClientProtocolClient (GrpcClientProtocolClient.java:onNext(255)) - client-9DC82E534C87->980d9c0c-33ac-4a22-b481-33b8b1eac469: receive RaftClientReply:client-9DC82E534C87->980d9c0c-33ac-4a22-b481-33b8b1eac469@group-23022C6A558E, cid=3619, SUCCESS, logIndex=5461, commits[980d9c0c-33ac-4a22-b481-33b8b1eac469:c5461, e00ee311-0ce1-4115-b4c1-69648d9d3094:c5459, bb9367ec-656d-4ade-92be-004a921408cc:c5459]
2019-08-06 03:26:49,653 INFO  client.GrpcClientProtocolClient (GrpcClientProtocolClient.java:onNext(255)) - client-9DC82E534C87->980d9c0c-33ac-4a22-b481-33b8b1eac469: receive RaftClientReply:client-9DC82E534C87->980d9c0c-33ac-4a22-b481-33b8b1eac469@group-23022C6A558E, cid=3620, SUCCESS, logIndex=5464, commits[980d9c0c-33ac-4a22-b481-33b8b1eac469:c5465, e00ee311-0ce1-4115-b4c1-69648d9d3094:c5461, bb9367ec-656d-4ade-92be-004a921408cc:c5461]
2019-08-06 03:26:49,654 INFO  client.GrpcClientProtocolClient (GrpcClientProtocolClient.java:onNext(255)) - client-9DC82E534C87->980d9c0c-33ac-4a22-b481-33b8b1eac469: receive RaftClientReply:client-9DC82E534C87->980d9c0c-33ac-4a22-b481-33b8b1eac469@group-23022C6A558E, cid=3621, SUCCESS, logIndex=5465, commits[980d9c0c-33ac-4a22-b481-33b8b1eac469:c5465, e00ee311-0ce1-4115-b4c1-69648d9d3094:c5461, bb9367ec-656d-4ade-92be-004a921408cc:c5461]
2019-08-06 03:26:49,665 INFO  client.GrpcClientProtocolClient (GrpcClientProtocolClient.java:onNext(255)) - client-9DC82E534C87->980d9c0c-33ac-4a22-b481-33b8b1eac469: receive RaftClientReply:client-9DC82E534C87->980d9c0c-33ac-4a22-b481-33b8b1eac469@group-23022C6A558E, cid=3622, SUCCESS, logIndex=0, commits[980d9c0c-33ac-4a22-b481-33b8b1eac469:c5466, e00ee311-0ce1-4115-b4c1-69648d9d3094:c5465, bb9367ec-656d-4ade-92be-004a921408cc:c5465]
2019-08-06 03:26:49,698 INFO  client.GrpcClientProtocolClient (GrpcClientProtocolClient.java:onNext(255)) - client-9DC82E534C87->980d9c0c-33ac-4a22-b481-33b8b1eac469: receive RaftClientReply:client-9DC82E534C87->980d9c0c-33ac-4a22-b481-33b8b1eac469@group-23022C6A558E, cid=3623, SUCCESS, logIndex=5468, commits[980d9c0c-33ac-4a22-b481-33b8b1eac469:c5469, e00ee311-0ce1-4115-b4c1-69648d9d3094:c5467, bb9367ec-656d-4ade-92be-004a921408cc:c5467]
2019-08-06 03:26:49,699 INFO  client.GrpcClientProtocolClient (GrpcClientProtocolClient.java:onNext(255)) - client-9DC82E534C87->980d9c0c-33ac-4a22-b481-33b8b1eac469: receive RaftClientReply:client-9DC82E534C87->980d9c0c-33ac-4a22-b481-33b8b1eac469@group-23022C6A558E, cid=3624, SUCCESS, logIndex=5469, commits[980d9c0c-33ac-4a22-b481-33b8b1eac469:c5469, e00ee311-0ce1-4115-b4c1-69648d9d3094:c5467, bb9367ec-656d-4ade-92be-004a921408cc:c5467]
2019-08-06 03:26:49,699 INFO  client.GrpcClientProtocolClient (GrpcClientProtocolClient.java:onNext(255)) - client-9DC82E534C87->980d9c0c-33ac-4a22-b481-33b8b1eac469: receive RaftClientReply:client-9DC82E534C87->980d9c0c-33ac-4a22-b481-33b8b1eac469@group-23022C6A558E, cid=3625, SUCCESS, logIndex=5470, commits[980d9c0c-33ac-4a22-b481-33b8b1eac469:c5471, e00ee311-0ce1-4115-b4c1-69648d9d3094:c5467, bb9367ec-656d-4ade-92be-004a921408cc:c5467]
2019-08-06 03:26:49,700 INFO  client.GrpcClientProtocolClient (GrpcClientProtocolClient.java:onNext(255)) - client-9DC82E534C87->980d9c0c-33ac-4a22-b481-33b8b1eac469: receive RaftClientReply:client-9DC82E534C87->980d9c0c-33ac-4a22-b481-33b8b1eac469@group-23022C6A558E, cid=3626, SUCCESS, logIndex=5471, commits[980d9c0c-33ac-4a22-b481-33b8b1eac469:c5471, e00ee311-0ce1-4115-b4c1-69648d9d3094:c5467, bb9367ec-656d-4ade-92be-004a921408cc:c5467]
2019-08-06 03:26:49,701 INFO  client.GrpcClientProtocolClient (GrpcClientProtocolClient.java:onNext(255)) - client-9DC82E534C87->980d9c0c-33ac-4a22-b481-33b8b1eac469: receive RaftClientReply:client-9DC82E534C87->980d9c0c-33ac-4a22-b481-33b8b1eac469@group-23022C6A558E, cid=3627, SUCCESS, logIndex=0, commits[980d9c0c-33ac-4a22-b481-33b8b1eac469:c5473, e00ee311-0ce1-4115-b4c1-69648d9d3094:c5469, bb9367ec-656d-4ade-92be-004a921408cc:c5470]
2019-08-06 03:26:49,737 INFO  client.GrpcClientProtocolClient (GrpcClientProtocolClient.java:onNext(255)) - client-9DC82E534C87->980d9c0c-33ac-4a22-b481-33b8b1eac469: receive RaftClientReply:client-9DC82E534C87->980d9c0c-33ac-4a22-b481-33b8b1eac469@group-23022C6A558E, cid=3628, SUCCESS, logIndex=5476, commits[980d9c0c-33ac-4a22-b481-33b8b1eac469:c5476, e00ee311-0ce1-4115-b4c1-69648d9d3094:c5475, bb9367ec-656d-4ade-92be-004a921408cc:c5475]
2019-08-06 03:26:49,737 INFO  client.GrpcClientProtocolClient (GrpcClientProtocolClient.java:onNext(255)) - client-9DC82E534C87->980d9c0c-33ac-4a22-b481-33b8b1eac469: receive RaftClientReply:client-9DC82E534C87->980d9c0c-33ac-4a22-b481-33b8b1eac469@group-23022C6A558E, cid=3629, SUCCESS, logIndex=5477, commits[980d9c0c-33ac-4a22-b481-33b8b1eac469:c5477, e00ee311-0ce1-4115-b4c1-69648d9d3094:c5475, bb9367ec-656d-4ade-92be-004a921408cc:c5475]
2019-08-06 03:26:49,752 INFO  client.GrpcClientProtocolClient (GrpcClientProtocolClient.java:onNext(255)) - client-9DC82E534C87->980d9c0c-33ac-4a22-b481-33b8b1eac469: receive RaftClientReply:client-9DC82E534C87->980d9c0c-33ac-4a22-b481-33b8b1eac469@group-23022C6A558E, cid=3630, SUCCESS, logIndex=5480, commits[980d9c0c-33ac-4a22-b481-33b8b1eac469:c5481, e00ee311-0ce1-4115-b4c1-69648d9d3094:c5477, bb9367ec-656d-4ade-92be-004a921408cc:c5477]
2019-08-06 03:26:49,752 INFO  client.GrpcClientProtocolClient (GrpcClientProtocolClient.java:onNext(255)) - client-9DC82E534C87->980d9c0c-33ac-4a22-b481-33b8b1eac469: receive RaftClientReply:client-9DC82E534C87->980d9c0c-33ac-4a22-b481-33b8b1eac469@group-23022C6A558E, cid=3631, SUCCESS, logIndex=5481, commits[980d9c0c-33ac-4a22-b481-33b8b1eac469:c5481, e00ee311-0ce1-4115-b4c1-69648d9d3094:c5477, bb9367ec-656d-4ade-92be-004a921408cc:c5477]
2019-08-06 03:26:49,764 INFO  client.GrpcClientProtocolClient (GrpcClientProtocolClient.java:onNext(255)) - client-9DC82E534C87->980d9c0c-33ac-4a22-b481-33b8b1eac469: receive RaftClientReply:client-9DC82E534C87->980d9c0c-33ac-4a22-b481-33b8b1eac469@group-23022C6A558E, cid=3632, SUCCESS, logIndex=0, commits[980d9c0c-33ac-4a22-b481-33b8b1eac469:c5482, e00ee311-0ce1-4115-b4c1-69648d9d3094:c5481, bb9367ec-656d-4ade-92be-004a921408cc:c5481]
2019-08-06 03:26:49,799 INFO  client.GrpcClientProtocolClient (GrpcClientProtocolClient.java:onNext(255)) - client-9DC82E534C87->980d9c0c-33ac-4a22-b481-33b8b1eac469: receive RaftClientReply:client-9DC82E534C87->980d9c0c-33ac-4a22-b481-33b8b1eac469@group-23022C6A558E, cid=3633, SUCCESS, logIndex=5484, commits[980d9c0c-33ac-4a22-b481-33b8b1eac469:c5485, e00ee311-0ce1-4115-b4c1-69648d9d3094:c5483, bb9367ec-656d-4ade-92be-004a921408cc:c5483]
2019-08-06 03:26:49,800 INFO  client.GrpcClientProtocolClient (GrpcClientProtocolClient.java:onNext(255)) - client-9DC82E534C87->980d9c0c-33ac-4a22-b481-33b8b1eac469: receive RaftClientReply:client-9DC82E534C87->980d9c0c-33ac-4a22-b481-33b8b1eac469@group-23022C6A558E, cid=3634, SUCCESS, logIndex=5485, commits[980d9c0c-33ac-4a22-b481-33b8b1eac469:c5485, e00ee311-0ce1-4115-b4c1-69648d9d3094:c5483, bb9367ec-656d-4ade-92be-004a921408cc:c5483]
2019-08-06 03:26:49,800 INFO  client.GrpcClientProtocolClient (GrpcClientProtocolClient.java:onNext(255)) - client-9DC82E534C87->980d9c0c-33ac-4a22-b481-33b8b1eac469: receive RaftClientReply:client-9DC82E534C87->980d9c0c-33ac-4a22-b481-33b8b1eac469@group-23022C6A558E, cid=3635, SUCCESS, logIndex=5486, commits[980d9c0c-33ac-4a22-b481-33b8b1eac469:c5487, e00ee311-0ce1-4115-b4c1-69648d9d3094:c5483, bb9367ec-656d-4ade-92be-004a921408cc:c5483]
2019-08-06 03:26:49,800 INFO  client.GrpcClientProtocolClient (GrpcClientProtocolClient.java:onNext(255)) - client-9DC82E534C87->980d9c0c-33ac-4a22-b481-33b8b1eac469: receive RaftClientReply:client-9DC82E534C87->980d9c0c-33ac-4a22-b481-33b8b1eac469@group-23022C6A558E, cid=3636, SUCCESS, logIndex=5487, commits[980d9c0c-33ac-4a22-b481-33b8b1eac469:c5487, e00ee311-0ce1-4115-b4c1-69648d9d3094:c5483, bb9367ec-656d-4ade-92be-004a921408cc:c5483]
2019-08-06 03:26:49,814 INFO  client.GrpcClientProtocolClient (GrpcClientProtocolClient.java:onNext(255)) - client-9DC82E534C87->980d9c0c-33ac-4a22-b481-33b8b1eac469: receive RaftClientReply:client-9DC82E534C87->980d9c0c-33ac-4a22-b481-33b8b1eac469@group-23022C6A558E, cid=3637, SUCCESS, logIndex=0, commits[980d9c0c-33ac-4a22-b481-33b8b1eac469:c5489, e00ee311-0ce1-4115-b4c1-69648d9d3094:c5485, bb9367ec-656d-4ade-92be-004a921408cc:c5485]
2019-08-06 03:26:49,826 INFO  client.GrpcClientProtocolClient (GrpcClientProtocolClient.java:onNext(255)) - client-9DC82E534C87->980d9c0c-33ac-4a22-b481-33b8b1eac469: receive RaftClientReply:client-9DC82E534C87->980d9c0c-33ac-4a22-b481-33b8b1eac469@group-23022C6A558E, cid=3638, SUCCESS, logIndex=5492, commits[980d9c0c-33ac-4a22-b481-33b8b1eac469:c5493, e00ee311-0ce1-4115-b4c1-69648d9d3094:c5487, bb9367ec-656d-4ade-92be-004a921408cc:c5491]
2019-08-06 03:26:49,826 INFO  client.GrpcClientProtocolClient (GrpcClientProtocolClient.java:onNext(255)) - client-9DC82E534C87->980d9c0c-33ac-4a22-b481-33b8b1eac469: receive RaftClientReply:client-9DC82E534C87->980d9c0c-33ac-4a22-b481-33b8b1eac469@group-23022C6A558E, cid=3639, SUCCESS, logIndex=5493, commits[980d9c0c-33ac-4a22-b481-33b8b1eac469:c5493, e00ee311-0ce1-4115-b4c1-69648d9d3094:c5491, bb9367ec-656d-4ade-92be-004a921408cc:c5491]
2019-08-06 03:26:49,846 INFO  client.GrpcClientProtocolClient (GrpcClientProtocolClient.java:onNext(255)) - client-9DC82E534C87->980d9c0c-33ac-4a22-b481-33b8b1eac469: receive RaftClientReply:client-9DC82E534C87->980d9c0c-33ac-4a22-b481-33b8b1eac469@group-23022C6A558E, cid=3640, SUCCESS, logIndex=5496, commits[980d9c0c-33ac-4a22-b481-33b8b1eac469:c5497, e00ee311-0ce1-4115-b4c1-69648d9d3094:c5495, bb9367ec-656d-4ade-92be-004a921408cc:c5495]
2019-08-06 03:26:49,846 INFO  client.GrpcClientProtocolClient (GrpcClientProtocolClient.java:onNext(255)) - client-9DC82E534C87->980d9c0c-33ac-4a22-b481-33b8b1eac469: receive RaftClientReply:client-9DC82E534C87->980d9c0c-33ac-4a22-b481-33b8b1eac469@group-23022C6A558E, cid=3641, SUCCESS, logIndex=5497, commits[980d9c0c-33ac-4a22-b481-33b8b1eac469:c5497, e00ee311-0ce1-4115-b4c1-69648d9d3094:c5495, bb9367ec-656d-4ade-92be-004a921408cc:c5495]
2019-08-06 03:26:49,904 INFO  client.GrpcClientProtocolClient (GrpcClientProtocolClient.java:onNext(255)) - client-9DC82E534C87->980d9c0c-33ac-4a22-b481-33b8b1eac469: receive RaftClientReply:client-9DC82E534C87->980d9c0c-33ac-4a22-b481-33b8b1eac469@group-23022C6A558E, cid=3642, SUCCESS, logIndex=0, commits[980d9c0c-33ac-4a22-b481-33b8b1eac469:c5499, e00ee311-0ce1-4115-b4c1-69648d9d3094:c5497, bb9367ec-656d-4ade-92be-004a921408cc:c5497]
2019-08-06 03:26:49,939 INFO  client.GrpcClientProtocolClient (GrpcClientProtocolClient.java:onNext(255)) - client-9DC82E534C87->980d9c0c-33ac-4a22-b481-33b8b1eac469: receive RaftClientReply:client-9DC82E534C87->980d9c0c-33ac-4a22-b481-33b8b1eac469@group-23022C6A558E, cid=3643, SUCCESS, logIndex=5500, commits[980d9c0c-33ac-4a22-b481-33b8b1eac469:c5501, e00ee311-0ce1-4115-b4c1-69648d9d3094:c5499, bb9367ec-656d-4ade-92be-004a921408cc:c5499]
2019-08-06 03:26:49,940 INFO  client.GrpcClientProtocolClient (GrpcClientProtocolClient.java:onNext(255)) - client-9DC82E534C87->980d9c0c-33ac-4a22-b481-33b8b1eac469: receive RaftClientReply:client-9DC82E534C87->980d9c0c-33ac-4a22-b481-33b8b1eac469@group-23022C6A558E, cid=3644, SUCCESS, logIndex=5501, commits[980d9c0c-33ac-4a22-b481-33b8b1eac469:c5501, e00ee311-0ce1-4115-b4c1-69648d9d3094:c5499, bb9367ec-656d-4ade-92be-004a921408cc:c5499]
2019-08-06 03:26:49,940 INFO  client.GrpcClientProtocolClient (GrpcClientProtocolClient.java:onNext(255)) - client-9DC82E534C87->980d9c0c-33ac-4a22-b481-33b8b1eac469: receive RaftClientReply:client-9DC82E534C87->980d9c0c-33ac-4a22-b481-33b8b1eac469@group-23022C6A558E, cid=3645, SUCCESS, logIndex=5502, commits[980d9c0c-33ac-4a22-b481-33b8b1eac469:c5503, e00ee311-0ce1-4115-b4c1-69648d9d3094:c5499, bb9367ec-656d-4ade-92be-004a921408cc:c5499]
2019-08-06 03:26:49,941 INFO  client.GrpcClientProtocolClient (GrpcClientProtocolClient.java:onNext(255)) - client-9DC82E534C87->980d9c0c-33ac-4a22-b481-33b8b1eac469: receive RaftClientReply:client-9DC82E534C87->980d9c0c-33ac-4a22-b481-33b8b1eac469@group-23022C6A558E, cid=3646, SUCCESS, logIndex=5503, commits[980d9c0c-33ac-4a22-b481-33b8b1eac469:c5503, e00ee311-0ce1-4115-b4c1-69648d9d3094:c5499, bb9367ec-656d-4ade-92be-004a921408cc:c5499]
2019-08-06 03:26:49,943 INFO  client.GrpcClientProtocolClient (GrpcClientProtocolClient.java:onNext(255)) - client-9DC82E534C87->980d9c0c-33ac-4a22-b481-33b8b1eac469: receive RaftClientReply:client-9DC82E534C87->980d9c0c-33ac-4a22-b481-33b8b1eac469@group-23022C6A558E, cid=3647, SUCCESS, logIndex=0, commits[980d9c0c-33ac-4a22-b481-33b8b1eac469:c5505, e00ee311-0ce1-4115-b4c1-69648d9d3094:c5501, bb9367ec-656d-4ade-92be-004a921408cc:c5501]
2019-08-06 03:26:49,955 INFO  client.GrpcClientProtocolClient (GrpcClientProtocolClient.java:onNext(255)) - client-9DC82E534C87->980d9c0c-33ac-4a22-b481-33b8b1eac469: receive RaftClientReply:client-9DC82E534C87->980d9c0c-33ac-4a22-b481-33b8b1eac469@group-23022C6A558E, cid=3648, SUCCESS, logIndex=5508, commits[980d9c0c-33ac-4a22-b481-33b8b1eac469:c5509, e00ee311-0ce1-4115-b4c1-69648d9d3094:c5505, bb9367ec-656d-4ade-92be-004a921408cc:c5503]
2019-08-06 03:26:49,955 INFO  client.GrpcClientProtocolClient (GrpcClientProtocolClient.java:onNext(255)) - client-9DC82E534C87->980d9c0c-33ac-4a22-b481-33b8b1eac469: receive RaftClientReply:client-9DC82E534C87->980d9c0c-33ac-4a22-b481-33b8b1eac469@group-23022C6A558E, cid=3649, SUCCESS, logIndex=5509, commits[980d9c0c-33ac-4a22-b481-33b8b1eac469:c5509, e00ee311-0ce1-4115-b4c1-69648d9d3094:c5505, bb9367ec-656d-4ade-92be-004a921408cc:c5505]
2019-08-06 03:26:49,977 INFO  client.GrpcClientProtocolClient (GrpcClientProtocolClient.java:onNext(255)) - client-9DC82E534C87->980d9c0c-33ac-4a22-b481-33b8b1eac469: receive RaftClientReply:client-9DC82E534C87->980d9c0c-33ac-4a22-b481-33b8b1eac469@group-23022C6A558E, cid=3650, SUCCESS, logIndex=5511, commits[980d9c0c-33ac-4a22-b481-33b8b1eac469:c5512, e00ee311-0ce1-4115-b4c1-69648d9d3094:c5510, bb9367ec-656d-4ade-92be-004a921408cc:c5510]
2019-08-06 03:26:49,978 INFO  client.GrpcClientProtocolClient (GrpcClientProtocolClient.java:onNext(255)) - client-9DC82E534C87->980d9c0c-33ac-4a22-b481-33b8b1eac469: receive RaftClientReply:client-9DC82E534C87->980d9c0c-33ac-4a22-b481-33b8b1eac469@group-23022C6A558E, cid=3651, SUCCESS, logIndex=5512, commits[980d9c0c-33ac-4a22-b481-33b8b1eac469:c5512, e00ee311-0ce1-4115-b4c1-69648d9d3094:c5510, bb9367ec-656d-4ade-92be-004a921408cc:c5510]
2019-08-06 03:26:49,989 INFO  client.GrpcClientProtocolClient (GrpcClientProtocolClient.java:onNext(255)) - client-9DC82E534C87->980d9c0c-33ac-4a22-b481-33b8b1eac469: receive RaftClientReply:client-9DC82E534C87->980d9c0c-33ac-4a22-b481-33b8b1eac469@group-23022C6A558E, cid=3652, SUCCESS, logIndex=0, commits[980d9c0c-33ac-4a22-b481-33b8b1eac469:c5513, e00ee311-0ce1-4115-b4c1-69648d9d3094:c5512, bb9367ec-656d-4ade-92be-004a921408cc:c5512]
2019-08-06 03:26:50,022 INFO  client.GrpcClientProtocolClient (GrpcClientProtocolClient.java:onNext(255)) - client-9DC82E534C87->980d9c0c-33ac-4a22-b481-33b8b1eac469: receive RaftClientReply:client-9DC82E534C87->980d9c0c-33ac-4a22-b481-33b8b1eac469@group-23022C6A558E, cid=3653, SUCCESS, logIndex=5515, commits[980d9c0c-33ac-4a22-b481-33b8b1eac469:c5516, e00ee311-0ce1-4115-b4c1-69648d9d3094:c5514, bb9367ec-656d-4ade-92be-004a921408cc:c5514]
2019-08-06 03:26:50,023 INFO  client.GrpcClientProtocolClient (GrpcClientProtocolClient.java:onNext(255)) - client-9DC82E534C87->980d9c0c-33ac-4a22-b481-33b8b1eac469: receive RaftClientReply:client-9DC82E534C87->980d9c0c-33ac-4a22-b481-33b8b1eac469@group-23022C6A558E, cid=3654, SUCCESS, logIndex=5516, commits[980d9c0c-33ac-4a22-b481-33b8b1eac469:c5516, e00ee311-0ce1-4115-b4c1-69648d9d3094:c5514, bb9367ec-656d-4ade-92be-004a921408cc:c5514]
2019-08-06 03:26:50,033 INFO  client.GrpcClientProtocolClient (GrpcClientProtocolClient.java:onNext(255)) - client-9DC82E534C87->980d9c0c-33ac-4a22-b481-33b8b1eac469: receive RaftClientReply:client-9DC82E534C87->980d9c0c-33ac-4a22-b481-33b8b1eac469@group-23022C6A558E, cid=3655, SUCCESS, logIndex=5517, commits[980d9c0c-33ac-4a22-b481-33b8b1eac469:c5518, e00ee311-0ce1-4115-b4c1-69648d9d3094:c5514, bb9367ec-656d-4ade-92be-004a921408cc:c5514]
2019-08-06 03:26:50,033 INFO  client.GrpcClientProtocolClient (GrpcClientProtocolClient.java:onNext(255)) - client-9DC82E534C87->980d9c0c-33ac-4a22-b481-33b8b1eac469: receive RaftClientReply:client-9DC82E534C87->980d9c0c-33ac-4a22-b481-33b8b1eac469@group-23022C6A558E, cid=3656, SUCCESS, logIndex=5518, commits[980d9c0c-33ac-4a22-b481-33b8b1eac469:c5518, e00ee311-0ce1-4115-b4c1-69648d9d3094:c5514, bb9367ec-656d-4ade-92be-004a921408cc:c5514]
2019-08-06 03:26:50,046 INFO  client.GrpcClientProtocolClient (GrpcClientProtocolClient.java:onNext(255)) - client-9DC82E534C87->980d9c0c-33ac-4a22-b481-33b8b1eac469: receive RaftClientReply:client-9DC82E534C87->980d9c0c-33ac-4a22-b481-33b8b1eac469@group-23022C6A558E, cid=3657, SUCCESS, logIndex=0, commits[980d9c0c-33ac-4a22-b481-33b8b1eac469:c5521, e00ee311-0ce1-4115-b4c1-69648d9d3094:c5516, bb9367ec-656d-4ade-92be-004a921408cc:c5516]
2019-08-06 03:26:50,067 INFO  client.GrpcClientProtocolClient (GrpcClientProtocolClient.java:onNext(255)) - client-9DC82E534C87->980d9c0c-33ac-4a22-b481-33b8b1eac469: receive RaftClientReply:client-9DC82E534C87->980d9c0c-33ac-4a22-b481-33b8b1eac469@group-23022C6A558E, cid=3658, SUCCESS, logIndex=5523, commits[980d9c0c-33ac-4a22-b481-33b8b1eac469:c5524, e00ee311-0ce1-4115-b4c1-69648d9d3094:c5522, bb9367ec-656d-4ade-92be-004a921408cc:c5522]
2019-08-06 03:26:50,067 INFO  client.GrpcClientProtocolClient (GrpcClientProtocolClient.java:onNext(255)) - client-9DC82E534C87->980d9c0c-33ac-4a22-b481-33b8b1eac469: receive RaftClientReply:client-9DC82E534C87->980d9c0c-33ac-4a22-b481-33b8b1eac469@group-23022C6A558E, cid=3659, SUCCESS, logIndex=5524, commits[980d9c0c-33ac-4a22-b481-33b8b1eac469:c5524, e00ee311-0ce1-4115-b4c1-69648d9d3094:c5522, bb9367ec-656d-4ade-92be-004a921408cc:c5522]
2019-08-06 03:26:50,092 INFO  client.GrpcClientProtocolClient (GrpcClientProtocolClient.java:onNext(255)) - client-9DC82E534C87->980d9c0c-33ac-4a22-b481-33b8b1eac469: receive RaftClientReply:client-9DC82E534C87->980d9c0c-33ac-4a22-b481-33b8b1eac469@group-23022C6A558E, cid=3660, SUCCESS, logIndex=5527, commits[980d9c0c-33ac-4a22-b481-33b8b1eac469:c5528, e00ee311-0ce1-4115-b4c1-69648d9d3094:c5524, bb9367ec-656d-4ade-92be-004a921408cc:c5524]
2019-08-06 03:26:50,092 INFO  client.GrpcClientProtocolClient (GrpcClientProtocolClient.java:onNext(255)) - client-9DC82E534C87->980d9c0c-33ac-4a22-b481-33b8b1eac469: receive RaftClientReply:client-9DC82E534C87->980d9c0c-33ac-4a22-b481-33b8b1eac469@group-23022C6A558E, cid=3661, SUCCESS, logIndex=5528, commits[980d9c0c-33ac-4a22-b481-33b8b1eac469:c5528, e00ee311-0ce1-4115-b4c1-69648d9d3094:c5524, bb9367ec-656d-4ade-92be-004a921408cc:c5524]
2019-08-06 03:26:50,106 INFO  client.GrpcClientProtocolClient (GrpcClientProtocolClient.java:onNext(255)) - client-9DC82E534C87->980d9c0c-33ac-4a22-b481-33b8b1eac469: receive RaftClientReply:client-9DC82E534C87->980d9c0c-33ac-4a22-b481-33b8b1eac469@group-23022C6A558E, cid=3662, SUCCESS, logIndex=0, commits[980d9c0c-33ac-4a22-b481-33b8b1eac469:c5530, e00ee311-0ce1-4115-b4c1-69648d9d3094:c5528, bb9367ec-656d-4ade-92be-004a921408cc:c5528]
2019-08-06 03:26:50,142 INFO  client.GrpcClientProtocolClient (GrpcClientProtocolClient.java:onNext(255)) - client-9DC82E534C87->980d9c0c-33ac-4a22-b481-33b8b1eac469: receive RaftClientReply:client-9DC82E534C87->980d9c0c-33ac-4a22-b481-33b8b1eac469@group-23022C6A558E, cid=3663, SUCCESS, logIndex=5531, commits[980d9c0c-33ac-4a22-b481-33b8b1eac469:c5532, e00ee311-0ce1-4115-b4c1-69648d9d3094:c5530, bb9367ec-656d-4ade-92be-004a921408cc:c5530]
2019-08-06 03:26:50,142 INFO  client.GrpcClientProtocolClient (GrpcClientProtocolClient.java:onNext(255)) - client-9DC82E534C87->980d9c0c-33ac-4a22-b481-33b8b1eac469: receive RaftClientReply:client-9DC82E534C87->980d9c0c-33ac-4a22-b481-33b8b1eac469@group-23022C6A558E, cid=3664, SUCCESS, logIndex=5532, commits[980d9c0c-33ac-4a22-b481-33b8b1eac469:c5532, e00ee311-0ce1-4115-b4c1-69648d9d3094:c5530, bb9367ec-656d-4ade-92be-004a921408cc:c5530]
2019-08-06 03:26:50,153 INFO  client.GrpcClientProtocolClient (GrpcClientProtocolClient.java:onNext(255)) - client-9DC82E534C87->980d9c0c-33ac-4a22-b481-33b8b1eac469: receive RaftClientReply:client-9DC82E534C87->980d9c0c-33ac-4a22-b481-33b8b1eac469@group-23022C6A558E, cid=3665, SUCCESS, logIndex=5533, commits[980d9c0c-33ac-4a22-b481-33b8b1eac469:c5534, e00ee311-0ce1-4115-b4c1-69648d9d3094:c5530, bb9367ec-656d-4ade-92be-004a921408cc:c5530]
2019-08-06 03:26:50,153 INFO  client.GrpcClientProtocolClient (GrpcClientProtocolClient.java:onNext(255)) - client-9DC82E534C87->980d9c0c-33ac-4a22-b481-33b8b1eac469: receive RaftClientReply:client-9DC82E534C87->980d9c0c-33ac-4a22-b481-33b8b1eac469@group-23022C6A558E, cid=3666, SUCCESS, logIndex=5534, commits[980d9c0c-33ac-4a22-b481-33b8b1eac469:c5534, e00ee311-0ce1-4115-b4c1-69648d9d3094:c5530, bb9367ec-656d-4ade-92be-004a921408cc:c5530]
2019-08-06 03:26:50,156 INFO  client.GrpcClientProtocolClient (GrpcClientProtocolClient.java:onNext(255)) - client-9DC82E534C87->980d9c0c-33ac-4a22-b481-33b8b1eac469: receive RaftClientReply:client-9DC82E534C87->980d9c0c-33ac-4a22-b481-33b8b1eac469@group-23022C6A558E, cid=3667, SUCCESS, logIndex=0, commits[980d9c0c-33ac-4a22-b481-33b8b1eac469:c5536, e00ee311-0ce1-4115-b4c1-69648d9d3094:c5532, bb9367ec-656d-4ade-92be-004a921408cc:c5532]
2019-08-06 03:26:50,180 INFO  client.GrpcClientProtocolClient (GrpcClientProtocolClient.java:onNext(255)) - client-9DC82E534C87->980d9c0c-33ac-4a22-b481-33b8b1eac469: receive RaftClientReply:client-9DC82E534C87->980d9c0c-33ac-4a22-b481-33b8b1eac469@group-23022C6A558E, cid=3668, SUCCESS, logIndex=5539, commits[980d9c0c-33ac-4a22-b481-33b8b1eac469:c5540, e00ee311-0ce1-4115-b4c1-69648d9d3094:c5536, bb9367ec-656d-4ade-92be-004a921408cc:c5534]
2019-08-06 03:26:50,181 INFO  client.GrpcClientProtocolClient (GrpcClientProtocolClient.java:onNext(255)) - client-9DC82E534C87->980d9c0c-33ac-4a22-b481-33b8b1eac469: receive RaftClientReply:client-9DC82E534C87->980d9c0c-33ac-4a22-b481-33b8b1eac469@group-23022C6A558E, cid=3669, SUCCESS, logIndex=5540, commits[980d9c0c-33ac-4a22-b481-33b8b1eac469:c5540, e00ee311-0ce1-4115-b4c1-69648d9d3094:c5536, bb9367ec-656d-4ade-92be-004a921408cc:c5536]
2019-08-06 03:26:50,311 INFO  client.GrpcClientProtocolClient (GrpcClientProtocolClient.java:onNext(255)) - client-9DC82E534C87->980d9c0c-33ac-4a22-b481-33b8b1eac469: receive RaftClientReply:client-9DC82E534C87->980d9c0c-33ac-4a22-b481-33b8b1eac469@group-23022C6A558E, cid=3670, SUCCESS, logIndex=5542, commits[980d9c0c-33ac-4a22-b481-33b8b1eac469:c5543, e00ee311-0ce1-4115-b4c1-69648d9d3094:c5540, bb9367ec-656d-4ade-92be-004a921408cc:c5540]
2019-08-06 03:26:50,312 INFO  client.GrpcClientProtocolClient (GrpcClientProtocolClient.java:onNext(255)) - client-9DC82E534C87->980d9c0c-33ac-4a22-b481-33b8b1eac469: receive RaftClientReply:client-9DC82E534C87->980d9c0c-33ac-4a22-b481-33b8b1eac469@group-23022C6A558E, cid=3671, SUCCESS, logIndex=5543, commits[980d9c0c-33ac-4a22-b481-33b8b1eac469:c5543, e00ee311-0ce1-4115-b4c1-69648d9d3094:c5540, bb9367ec-656d-4ade-92be-004a921408cc:c5540]
2019-08-06 03:26:50,326 INFO  client.GrpcClientProtocolClient (GrpcClientProtocolClient.java:onNext(255)) - client-9DC82E534C87->980d9c0c-33ac-4a22-b481-33b8b1eac469: receive RaftClientReply:client-9DC82E534C87->980d9c0c-33ac-4a22-b481-33b8b1eac469@group-23022C6A558E, cid=3672, SUCCESS, logIndex=0, commits[980d9c0c-33ac-4a22-b481-33b8b1eac469:c5545, e00ee311-0ce1-4115-b4c1-69648d9d3094:c5543, bb9367ec-656d-4ade-92be-004a921408cc:c5543]
2019-08-06 03:26:50,365 INFO  client.GrpcClientProtocolClient (GrpcClientProtocolClient.java:onNext(255)) - client-9DC82E534C87->980d9c0c-33ac-4a22-b481-33b8b1eac469: receive RaftClientReply:client-9DC82E534C87->980d9c0c-33ac-4a22-b481-33b8b1eac469@group-23022C6A558E, cid=3673, SUCCESS, logIndex=5546, commits[980d9c0c-33ac-4a22-b481-33b8b1eac469:c5547, e00ee311-0ce1-4115-b4c1-69648d9d3094:c5545, bb9367ec-656d-4ade-92be-004a921408cc:c5545]
2019-08-06 03:26:50,365 INFO  client.GrpcClientProtocolClient (GrpcClientProtocolClient.java:onNext(255)) - client-9DC82E534C87->980d9c0c-33ac-4a22-b481-33b8b1eac469: receive RaftClientReply:client-9DC82E534C87->980d9c0c-33ac-4a22-b481-33b8b1eac469@group-23022C6A558E, cid=3674, SUCCESS, logIndex=5547, commits[980d9c0c-33ac-4a22-b481-33b8b1eac469:c5547, e00ee311-0ce1-4115-b4c1-69648d9d3094:c5545, bb9367ec-656d-4ade-92be-004a921408cc:c5545]
2019-08-06 03:26:50,378 INFO  client.GrpcClientProtocolClient (GrpcClientProtocolClient.java:onNext(255)) - client-9DC82E534C87->980d9c0c-33ac-4a22-b481-33b8b1eac469: receive RaftClientReply:client-9DC82E534C87->980d9c0c-33ac-4a22-b481-33b8b1eac469@group-23022C6A558E, cid=3675, SUCCESS, logIndex=5548, commits[980d9c0c-33ac-4a22-b481-33b8b1eac469:c5548, e00ee311-0ce1-4115-b4c1-69648d9d3094:c5545, bb9367ec-656d-4ade-92be-004a921408cc:c5545]
2019-08-06 03:26:50,378 INFO  client.GrpcClientProtocolClient (GrpcClientProtocolClient.java:onNext(255)) - client-9DC82E534C87->980d9c0c-33ac-4a22-b481-33b8b1eac469: receive RaftClientReply:client-9DC82E534C87->980d9c0c-33ac-4a22-b481-33b8b1eac469@group-23022C6A558E, cid=3676, SUCCESS, logIndex=5549, commits[980d9c0c-33ac-4a22-b481-33b8b1eac469:c5549, e00ee311-0ce1-4115-b4c1-69648d9d3094:c5545, bb9367ec-656d-4ade-92be-004a921408cc:c5545]
2019-08-06 03:26:50,391 INFO  client.GrpcClientProtocolClient (GrpcClientProtocolClient.java:onNext(255)) - client-9DC82E534C87->980d9c0c-33ac-4a22-b481-33b8b1eac469: receive RaftClientReply:client-9DC82E534C87->980d9c0c-33ac-4a22-b481-33b8b1eac469@group-23022C6A558E, cid=3677, SUCCESS, logIndex=0, commits[980d9c0c-33ac-4a22-b481-33b8b1eac469:c5551, e00ee311-0ce1-4115-b4c1-69648d9d3094:c5547, bb9367ec-656d-4ade-92be-004a921408cc:c5547]
2019-08-06 03:26:50,415 INFO  client.GrpcClientProtocolClient (GrpcClientProtocolClient.java:onNext(255)) - client-9DC82E534C87->980d9c0c-33ac-4a22-b481-33b8b1eac469: receive RaftClientReply:client-9DC82E534C87->980d9c0c-33ac-4a22-b481-33b8b1eac469@group-23022C6A558E, cid=3678, SUCCESS, logIndex=5554, commits[980d9c0c-33ac-4a22-b481-33b8b1eac469:c5554, e00ee311-0ce1-4115-b4c1-69648d9d3094:c5551, bb9367ec-656d-4ade-92be-004a921408cc:c5551]
2019-08-06 03:26:50,415 INFO  client.GrpcClientProtocolClient (GrpcClientProtocolClient.java:onNext(255)) - client-9DC82E534C87->980d9c0c-33ac-4a22-b481-33b8b1eac469: receive RaftClientReply:client-9DC82E534C87->980d9c0c-33ac-4a22-b481-33b8b1eac469@group-23022C6A558E, cid=3679, SUCCESS, logIndex=5555, commits[980d9c0c-33ac-4a22-b481-33b8b1eac469:c5555, e00ee311-0ce1-4115-b4c1-69648d9d3094:c5551, bb9367ec-656d-4ade-92be-004a921408cc:c5551]
2019-08-06 03:26:50,439 INFO  client.GrpcClientProtocolClient (GrpcClientProtocolClient.java:onNext(255)) - client-9DC82E534C87->980d9c0c-33ac-4a22-b481-33b8b1eac469: receive RaftClientReply:client-9DC82E534C87->980d9c0c-33ac-4a22-b481-33b8b1eac469@group-23022C6A558E, cid=3680, SUCCESS, logIndex=5558, commits[980d9c0c-33ac-4a22-b481-33b8b1eac469:c5558, e00ee311-0ce1-4115-b4c1-69648d9d3094:c5555, bb9367ec-656d-4ade-92be-004a921408cc:c5555]
2019-08-06 03:26:50,439 INFO  client.GrpcClientProtocolClient (GrpcClientProtocolClient.java:onNext(255)) - client-9DC82E534C87->980d9c0c-33ac-4a22-b481-33b8b1eac469: receive RaftClientReply:client-9DC82E534C87->980d9c0c-33ac-4a22-b481-33b8b1eac469@group-23022C6A558E, cid=3681, SUCCESS, logIndex=5559, commits[980d9c0c-33ac-4a22-b481-33b8b1eac469:c5559, e00ee311-0ce1-4115-b4c1-69648d9d3094:c5555, bb9367ec-656d-4ade-92be-004a921408cc:c5555]
2019-08-06 03:26:50,453 INFO  client.GrpcClientProtocolClient (GrpcClientProtocolClient.java:onNext(255)) - client-9DC82E534C87->980d9c0c-33ac-4a22-b481-33b8b1eac469: receive RaftClientReply:client-9DC82E534C87->980d9c0c-33ac-4a22-b481-33b8b1eac469@group-23022C6A558E, cid=3682, SUCCESS, logIndex=0, commits[980d9c0c-33ac-4a22-b481-33b8b1eac469:c5561, e00ee311-0ce1-4115-b4c1-69648d9d3094:c5559, bb9367ec-656d-4ade-92be-004a921408cc:c5559]
2019-08-06 03:26:50,491 INFO  client.GrpcClientProtocolClient (GrpcClientProtocolClient.java:onNext(255)) - client-9DC82E534C87->980d9c0c-33ac-4a22-b481-33b8b1eac469: receive RaftClientReply:client-9DC82E534C87->980d9c0c-33ac-4a22-b481-33b8b1eac469@group-23022C6A558E, cid=3683, SUCCESS, logIndex=5562, commits[980d9c0c-33ac-4a22-b481-33b8b1eac469:c5563, e00ee311-0ce1-4115-b4c1-69648d9d3094:c5561, bb9367ec-656d-4ade-92be-004a921408cc:c5561]
2019-08-06 03:26:50,492 INFO  client.GrpcClientProtocolClient (GrpcClientProtocolClient.java:onNext(255)) - client-9DC82E534C87->980d9c0c-33ac-4a22-b481-33b8b1eac469: receive RaftClientReply:client-9DC82E534C87->980d9c0c-33ac-4a22-b481-33b8b1eac469@group-23022C6A558E, cid=3684, SUCCESS, logIndex=5563, commits[980d9c0c-33ac-4a22-b481-33b8b1eac469:c5565, e00ee311-0ce1-4115-b4c1-69648d9d3094:c5561, bb9367ec-656d-4ade-92be-004a921408cc:c5561]
2019-08-06 03:26:50,492 INFO  client.GrpcClientProtocolClient (GrpcClientProtocolClient.java:onNext(255)) - client-9DC82E534C87->980d9c0c-33ac-4a22-b481-33b8b1eac469: receive RaftClientReply:client-9DC82E534C87->980d9c0c-33ac-4a22-b481-33b8b1eac469@group-23022C6A558E, cid=3685, SUCCESS, logIndex=5564, commits[980d9c0c-33ac-4a22-b481-33b8b1eac469:c5565, e00ee311-0ce1-4115-b4c1-69648d9d3094:c5561, bb9367ec-656d-4ade-92be-004a921408cc:c5561]
2019-08-06 03:26:50,493 INFO  client.GrpcClientProtocolClient (GrpcClientProtocolClient.java:onNext(255)) - client-9DC82E534C87->980d9c0c-33ac-4a22-b481-33b8b1eac469: receive RaftClientReply:client-9DC82E534C87->980d9c0c-33ac-4a22-b481-33b8b1eac469@group-23022C6A558E, cid=3686, SUCCESS, logIndex=5565, commits[980d9c0c-33ac-4a22-b481-33b8b1eac469:c5565, e00ee311-0ce1-4115-b4c1-69648d9d3094:c5561, bb9367ec-656d-4ade-92be-004a921408cc:c5561]
2019-08-06 03:26:50,505 INFO  client.GrpcClientProtocolClient (GrpcClientProtocolClient.java:onNext(255)) - client-9DC82E534C87->980d9c0c-33ac-4a22-b481-33b8b1eac469: receive RaftClientReply:client-9DC82E534C87->980d9c0c-33ac-4a22-b481-33b8b1eac469@group-23022C6A558E, cid=3687, SUCCESS, logIndex=0, commits[980d9c0c-33ac-4a22-b481-33b8b1eac469:c5569, e00ee311-0ce1-4115-b4c1-69648d9d3094:c5563, bb9367ec-656d-4ade-92be-004a921408cc:c5565]
 0.00% |█                                                                                                    |  0/1 Time: 0:00:372019-08-06 03:26:50,526 INFO  client.GrpcClientProtocolClient (GrpcClientProtocolClient.java:onNext(255)) - client-9DC82E534C87->980d9c0c-33ac-4a22-b481-33b8b1eac469: receive RaftClientReply:client-9DC82E534C87->980d9c0c-33ac-4a22-b481-33b8b1eac469@group-23022C6A558E, cid=3688, SUCCESS, logIndex=5570, commits[980d9c0c-33ac-4a22-b481-33b8b1eac469:c5571, e00ee311-0ce1-4115-b4c1-69648d9d3094:c5569, bb9367ec-656d-4ade-92be-004a921408cc:c5569]
2019-08-06 03:26:50,526 INFO  client.GrpcClientProtocolClient (GrpcClientProtocolClient.java:onNext(255)) - client-9DC82E534C87->980d9c0c-33ac-4a22-b481-33b8b1eac469: receive RaftClientReply:client-9DC82E534C87->980d9c0c-33ac-4a22-b481-33b8b1eac469@group-23022C6A558E, cid=3689, SUCCESS, logIndex=5571, commits[980d9c0c-33ac-4a22-b481-33b8b1eac469:c5571, e00ee311-0ce1-4115-b4c1-69648d9d3094:c5569, bb9367ec-656d-4ade-92be-004a921408cc:c5569]
2019-08-06 03:26:50,540 INFO  client.GrpcClientProtocolClient (GrpcClientProtocolClient.java:onNext(255)) - client-9DC82E534C87->980d9c0c-33ac-4a22-b481-33b8b1eac469: receive RaftClientReply:client-9DC82E534C87->980d9c0c-33ac-4a22-b481-33b8b1eac469@group-23022C6A558E, cid=3690, SUCCESS, logIndex=5574, commits[980d9c0c-33ac-4a22-b481-33b8b1eac469:c5574, e00ee311-0ce1-4115-b4c1-69648d9d3094:c5571, bb9367ec-656d-4ade-92be-004a921408cc:c5571]
2019-08-06 03:26:50,540 INFO  client.GrpcClientProtocolClient (GrpcClientProtocolClient.java:onNext(255)) - client-9DC82E534C87->980d9c0c-33ac-4a22-b481-33b8b1eac469: receive RaftClientReply:client-9DC82E534C87->980d9c0c-33ac-4a22-b481-33b8b1eac469@group-23022C6A558E, cid=3691, SUCCESS, logIndex=5575, commits[980d9c0c-33ac-4a22-b481-33b8b1eac469:c5575, e00ee311-0ce1-4115-b4c1-69648d9d3094:c5571, bb9367ec-656d-4ade-92be-004a921408cc:c5571]
2019-08-06 03:26:50,566 INFO  client.GrpcClientProtocolClient (GrpcClientProtocolClient.java:onNext(255)) - client-9DC82E534C87->980d9c0c-33ac-4a22-b481-33b8b1eac469: receive RaftClientReply:client-9DC82E534C87->980d9c0c-33ac-4a22-b481-33b8b1eac469@group-23022C6A558E, cid=3692, SUCCESS, logIndex=0, commits[980d9c0c-33ac-4a22-b481-33b8b1eac469:c5576, e00ee311-0ce1-4115-b4c1-69648d9d3094:c5575, bb9367ec-656d-4ade-92be-004a921408cc:c5575]
2019-08-06 03:26:50,603 INFO  client.GrpcClientProtocolClient (GrpcClientProtocolClient.java:onNext(255)) - client-9DC82E534C87->980d9c0c-33ac-4a22-b481-33b8b1eac469: receive RaftClientReply:client-9DC82E534C87->980d9c0c-33ac-4a22-b481-33b8b1eac469@group-23022C6A558E, cid=3693, SUCCESS, logIndex=5578, commits[980d9c0c-33ac-4a22-b481-33b8b1eac469:c5579, e00ee311-0ce1-4115-b4c1-69648d9d3094:c5577, bb9367ec-656d-4ade-92be-004a921408cc:c5577]
2019-08-06 03:26:50,604 INFO  client.GrpcClientProtocolClient (GrpcClientProtocolClient.java:onNext(255)) - client-9DC82E534C87->980d9c0c-33ac-4a22-b481-33b8b1eac469: receive RaftClientReply:client-9DC82E534C87->980d9c0c-33ac-4a22-b481-33b8b1eac469@group-23022C6A558E, cid=3694, SUCCESS, logIndex=5579, commits[980d9c0c-33ac-4a22-b481-33b8b1eac469:c5579, e00ee311-0ce1-4115-b4c1-69648d9d3094:c5577, bb9367ec-656d-4ade-92be-004a921408cc:c5577]
2019-08-06 03:26:50,616 INFO  client.GrpcClientProtocolClient (GrpcClientProtocolClient.java:onNext(255)) - client-9DC82E534C87->980d9c0c-33ac-4a22-b481-33b8b1eac469: receive RaftClientReply:client-9DC82E534C87->980d9c0c-33ac-4a22-b481-33b8b1eac469@group-23022C6A558E, cid=3695, SUCCESS, logIndex=5580, commits[980d9c0c-33ac-4a22-b481-33b8b1eac469:c5581, e00ee311-0ce1-4115-b4c1-69648d9d3094:c5577, bb9367ec-656d-4ade-92be-004a921408cc:c5577]
2019-08-06 03:26:50,616 INFO  client.GrpcClientProtocolClient (GrpcClientProtocolClient.java:onNext(255)) - client-9DC82E534C87->980d9c0c-33ac-4a22-b481-33b8b1eac469: receive RaftClientReply:client-9DC82E534C87->980d9c0c-33ac-4a22-b481-33b8b1eac469@group-23022C6A558E, cid=3696, SUCCESS, logIndex=5581, commits[980d9c0c-33ac-4a22-b481-33b8b1eac469:c5581, e00ee311-0ce1-4115-b4c1-69648d9d3094:c5577, bb9367ec-656d-4ade-92be-004a921408cc:c5577]
2019-08-06 03:26:50,629 INFO  client.GrpcClientProtocolClient (GrpcClientProtocolClient.java:onNext(255)) - client-9DC82E534C87->980d9c0c-33ac-4a22-b481-33b8b1eac469: receive RaftClientReply:client-9DC82E534C87->980d9c0c-33ac-4a22-b481-33b8b1eac469@group-23022C6A558E, cid=3697, SUCCESS, logIndex=0, commits[980d9c0c-33ac-4a22-b481-33b8b1eac469:c5583, e00ee311-0ce1-4115-b4c1-69648d9d3094:c5579, bb9367ec-656d-4ade-92be-004a921408cc:c5579]
2019-08-06 03:26:50,657 INFO  client.GrpcClientProtocolClient (GrpcClientProtocolClient.java:onNext(255)) - client-9DC82E534C87->980d9c0c-33ac-4a22-b481-33b8b1eac469: receive RaftClientReply:client-9DC82E534C87->980d9c0c-33ac-4a22-b481-33b8b1eac469@group-23022C6A558E, cid=3698, SUCCESS, logIndex=5586, commits[980d9c0c-33ac-4a22-b481-33b8b1eac469:c5587, e00ee311-0ce1-4115-b4c1-69648d9d3094:c5583, bb9367ec-656d-4ade-92be-004a921408cc:c5583]
2019-08-06 03:26:50,657 INFO  client.GrpcClientProtocolClient (GrpcClientProtocolClient.java:onNext(255)) - client-9DC82E534C87->980d9c0c-33ac-4a22-b481-33b8b1eac469: receive RaftClientReply:client-9DC82E534C87->980d9c0c-33ac-4a22-b481-33b8b1eac469@group-23022C6A558E, cid=3699, SUCCESS, logIndex=5587, commits[980d9c0c-33ac-4a22-b481-33b8b1eac469:c5587, e00ee311-0ce1-4115-b4c1-69648d9d3094:c5583, bb9367ec-656d-4ade-92be-004a921408cc:c5583]
2019-08-06 03:26:50,689 INFO  client.GrpcClientProtocolClient (GrpcClientProtocolClient.java:onNext(255)) - client-9DC82E534C87->980d9c0c-33ac-4a22-b481-33b8b1eac469: receive RaftClientReply:client-9DC82E534C87->980d9c0c-33ac-4a22-b481-33b8b1eac469@group-23022C6A558E, cid=3700, SUCCESS, logIndex=5590, commits[980d9c0c-33ac-4a22-b481-33b8b1eac469:c5591, e00ee311-0ce1-4115-b4c1-69648d9d3094:c5587, bb9367ec-656d-4ade-92be-004a921408cc:c5586]
2019-08-06 03:26:50,689 INFO  client.GrpcClientProtocolClient (GrpcClientProtocolClient.java:onNext(255)) - client-9DC82E534C87->980d9c0c-33ac-4a22-b481-33b8b1eac469: receive RaftClientReply:client-9DC82E534C87->980d9c0c-33ac-4a22-b481-33b8b1eac469@group-23022C6A558E, cid=3701, SUCCESS, logIndex=5591, commits[980d9c0c-33ac-4a22-b481-33b8b1eac469:c5591, e00ee311-0ce1-4115-b4c1-69648d9d3094:c5587, bb9367ec-656d-4ade-92be-004a921408cc:c5587]
2019-08-06 03:26:50,690 INFO  client.GrpcClientProtocolClient (GrpcClientProtocolClient.java:onNext(255)) - client-9DC82E534C87->980d9c0c-33ac-4a22-b481-33b8b1eac469: receive RaftClientReply:client-9DC82E534C87->980d9c0c-33ac-4a22-b481-33b8b1eac469@group-23022C6A558E, cid=3702, SUCCESS, logIndex=0, commits[980d9c0c-33ac-4a22-b481-33b8b1eac469:c5592, e00ee311-0ce1-4115-b4c1-69648d9d3094:c5591, bb9367ec-656d-4ade-92be-004a921408cc:c5591]
2019-08-06 03:26:50,728 INFO  client.GrpcClientProtocolClient (GrpcClientProtocolClient.java:onNext(255)) - client-9DC82E534C87->980d9c0c-33ac-4a22-b481-33b8b1eac469: receive RaftClientReply:client-9DC82E534C87->980d9c0c-33ac-4a22-b481-33b8b1eac469@group-23022C6A558E, cid=3703, SUCCESS, logIndex=5594, commits[980d9c0c-33ac-4a22-b481-33b8b1eac469:c5595, e00ee311-0ce1-4115-b4c1-69648d9d3094:c5593, bb9367ec-656d-4ade-92be-004a921408cc:c5593]
2019-08-06 03:26:50,729 INFO  client.GrpcClientProtocolClient (GrpcClientProtocolClient.java:onNext(255)) - client-9DC82E534C87->980d9c0c-33ac-4a22-b481-33b8b1eac469: receive RaftClientReply:client-9DC82E534C87->980d9c0c-33ac-4a22-b481-33b8b1eac469@group-23022C6A558E, cid=3704, SUCCESS, logIndex=5595, commits[980d9c0c-33ac-4a22-b481-33b8b1eac469:c5595, e00ee311-0ce1-4115-b4c1-69648d9d3094:c5593, bb9367ec-656d-4ade-92be-004a921408cc:c5593]
2019-08-06 03:26:50,740 INFO  client.GrpcClientProtocolClient (GrpcClientProtocolClient.java:onNext(255)) - client-9DC82E534C87->980d9c0c-33ac-4a22-b481-33b8b1eac469: receive RaftClientReply:client-9DC82E534C87->980d9c0c-33ac-4a22-b481-33b8b1eac469@group-23022C6A558E, cid=3705, SUCCESS, logIndex=5596, commits[980d9c0c-33ac-4a22-b481-33b8b1eac469:c5597, e00ee311-0ce1-4115-b4c1-69648d9d3094:c5593, bb9367ec-656d-4ade-92be-004a921408cc:c5593]
2019-08-06 03:26:50,740 INFO  client.GrpcClientProtocolClient (GrpcClientProtocolClient.java:onNext(255)) - client-9DC82E534C87->980d9c0c-33ac-4a22-b481-33b8b1eac469: receive RaftClientReply:client-9DC82E534C87->980d9c0c-33ac-4a22-b481-33b8b1eac469@group-23022C6A558E, cid=3706, SUCCESS, logIndex=5597, commits[980d9c0c-33ac-4a22-b481-33b8b1eac469:c5597, e00ee311-0ce1-4115-b4c1-69648d9d3094:c5593, bb9367ec-656d-4ade-92be-004a921408cc:c5593]
2019-08-06 03:26:50,743 INFO  client.GrpcClientProtocolClient (GrpcClientProtocolClient.java:onNext(255)) - client-9DC82E534C87->980d9c0c-33ac-4a22-b481-33b8b1eac469: receive RaftClientReply:client-9DC82E534C87->980d9c0c-33ac-4a22-b481-33b8b1eac469@group-23022C6A558E, cid=3707, SUCCESS, logIndex=0, commits[980d9c0c-33ac-4a22-b481-33b8b1eac469:c5599, e00ee311-0ce1-4115-b4c1-69648d9d3094:c5595, bb9367ec-656d-4ade-92be-004a921408cc:c5595]
2019-08-06 03:26:50,757 INFO  client.GrpcClientProtocolClient (GrpcClientProtocolClient.java:onNext(255)) - client-9DC82E534C87->980d9c0c-33ac-4a22-b481-33b8b1eac469: receive RaftClientReply:client-9DC82E534C87->980d9c0c-33ac-4a22-b481-33b8b1eac469@group-23022C6A558E, cid=3708, SUCCESS, logIndex=5602, commits[980d9c0c-33ac-4a22-b481-33b8b1eac469:c5603, e00ee311-0ce1-4115-b4c1-69648d9d3094:c5597, bb9367ec-656d-4ade-92be-004a921408cc:c5599]
2019-08-06 03:26:50,757 INFO  client.GrpcClientProtocolClient (GrpcClientProtocolClient.java:onNext(255)) - client-9DC82E534C87->980d9c0c-33ac-4a22-b481-33b8b1eac469: receive RaftClientReply:client-9DC82E534C87->980d9c0c-33ac-4a22-b481-33b8b1eac469@group-23022C6A558E, cid=3709, SUCCESS, logIndex=5603, commits[980d9c0c-33ac-4a22-b481-33b8b1eac469:c5603, e00ee311-0ce1-4115-b4c1-69648d9d3094:c5599, bb9367ec-656d-4ade-92be-004a921408cc:c5599]
2019-08-06 03:26:50,771 INFO  client.GrpcClientProtocolClient (GrpcClientProtocolClient.java:onNext(255)) - client-9DC82E534C87->980d9c0c-33ac-4a22-b481-33b8b1eac469: receive RaftClientReply:client-9DC82E534C87->980d9c0c-33ac-4a22-b481-33b8b1eac469@group-23022C6A558E, cid=3710, SUCCESS, logIndex=5605, commits[980d9c0c-33ac-4a22-b481-33b8b1eac469:c5606, e00ee311-0ce1-4115-b4c1-69648d9d3094:c5603, bb9367ec-656d-4ade-92be-004a921408cc:c5603]
2019-08-06 03:26:50,772 INFO  client.GrpcClientProtocolClient (GrpcClientProtocolClient.java:onNext(255)) - client-9DC82E534C87->980d9c0c-33ac-4a22-b481-33b8b1eac469: receive RaftClientReply:client-9DC82E534C87->980d9c0c-33ac-4a22-b481-33b8b1eac469@group-23022C6A558E, cid=3711, SUCCESS, logIndex=5606, commits[980d9c0c-33ac-4a22-b481-33b8b1eac469:c5606, e00ee311-0ce1-4115-b4c1-69648d9d3094:c5603, bb9367ec-656d-4ade-92be-004a921408cc:c5603]
2019-08-06 03:26:50,798 INFO  client.GrpcClientProtocolClient (GrpcClientProtocolClient.java:onNext(255)) - client-9DC82E534C87->980d9c0c-33ac-4a22-b481-33b8b1eac469: receive RaftClientReply:client-9DC82E534C87->980d9c0c-33ac-4a22-b481-33b8b1eac469@group-23022C6A558E, cid=3712, SUCCESS, logIndex=0, commits[980d9c0c-33ac-4a22-b481-33b8b1eac469:c5607, e00ee311-0ce1-4115-b4c1-69648d9d3094:c5606, bb9367ec-656d-4ade-92be-004a921408cc:c5606]
2019-08-06 03:26:50,836 INFO  client.GrpcClientProtocolClient (GrpcClientProtocolClient.java:onNext(255)) - client-9DC82E534C87->980d9c0c-33ac-4a22-b481-33b8b1eac469: receive RaftClientReply:client-9DC82E534C87->980d9c0c-33ac-4a22-b481-33b8b1eac469@group-23022C6A558E, cid=3713, SUCCESS, logIndex=5609, commits[980d9c0c-33ac-4a22-b481-33b8b1eac469:c5610, e00ee311-0ce1-4115-b4c1-69648d9d3094:c5608, bb9367ec-656d-4ade-92be-004a921408cc:c5608]
2019-08-06 03:26:50,836 INFO  client.GrpcClientProtocolClient (GrpcClientProtocolClient.java:onNext(255)) - client-9DC82E534C87->980d9c0c-33ac-4a22-b481-33b8b1eac469: receive RaftClientReply:client-9DC82E534C87->980d9c0c-33ac-4a22-b481-33b8b1eac469@group-23022C6A558E, cid=3714, SUCCESS, logIndex=5610, commits[980d9c0c-33ac-4a22-b481-33b8b1eac469:c5612, e00ee311-0ce1-4115-b4c1-69648d9d3094:c5608, bb9367ec-656d-4ade-92be-004a921408cc:c5608]
2019-08-06 03:26:50,837 INFO  client.GrpcClientProtocolClient (GrpcClientProtocolClient.java:onNext(255)) - client-9DC82E534C87->980d9c0c-33ac-4a22-b481-33b8b1eac469: receive RaftClientReply:client-9DC82E534C87->980d9c0c-33ac-4a22-b481-33b8b1eac469@group-23022C6A558E, cid=3715, SUCCESS, logIndex=5611, commits[980d9c0c-33ac-4a22-b481-33b8b1eac469:c5612, e00ee311-0ce1-4115-b4c1-69648d9d3094:c5608, bb9367ec-656d-4ade-92be-004a921408cc:c5608]
2019-08-06 03:26:50,837 INFO  client.GrpcClientProtocolClient (GrpcClientProtocolClient.java:onNext(255)) - client-9DC82E534C87->980d9c0c-33ac-4a22-b481-33b8b1eac469: receive RaftClientReply:client-9DC82E534C87->980d9c0c-33ac-4a22-b481-33b8b1eac469@group-23022C6A558E, cid=3716, SUCCESS, logIndex=5612, commits[980d9c0c-33ac-4a22-b481-33b8b1eac469:c5612, e00ee311-0ce1-4115-b4c1-69648d9d3094:c5608, bb9367ec-656d-4ade-92be-004a921408cc:c5608]
2019-08-06 03:26:50,862 INFO  client.GrpcClientProtocolClient (GrpcClientProtocolClient.java:onNext(255)) - client-9DC82E534C87->980d9c0c-33ac-4a22-b481-33b8b1eac469: receive RaftClientReply:client-9DC82E534C87->980d9c0c-33ac-4a22-b481-33b8b1eac469@group-23022C6A558E, cid=3717, SUCCESS, logIndex=0, commits[980d9c0c-33ac-4a22-b481-33b8b1eac469:c5616, e00ee311-0ce1-4115-b4c1-69648d9d3094:c5610, bb9367ec-656d-4ade-92be-004a921408cc:c5612]
2019-08-06 03:26:50,885 INFO  client.GrpcClientProtocolClient (GrpcClientProtocolClient.java:onNext(255)) - client-9DC82E534C87->980d9c0c-33ac-4a22-b481-33b8b1eac469: receive RaftClientReply:client-9DC82E534C87->980d9c0c-33ac-4a22-b481-33b8b1eac469@group-23022C6A558E, cid=3718, SUCCESS, logIndex=5617, commits[980d9c0c-33ac-4a22-b481-33b8b1eac469:c5618, e00ee311-0ce1-4115-b4c1-69648d9d3094:c5616, bb9367ec-656d-4ade-92be-004a921408cc:c5616]
2019-08-06 03:26:50,885 INFO  client.GrpcClientProtocolClient (GrpcClientProtocolClient.java:onNext(255)) - client-9DC82E534C87->980d9c0c-33ac-4a22-b481-33b8b1eac469: receive RaftClientReply:client-9DC82E534C87->980d9c0c-33ac-4a22-b481-33b8b1eac469@group-23022C6A558E, cid=3719, SUCCESS, logIndex=5618, commits[980d9c0c-33ac-4a22-b481-33b8b1eac469:c5618, e00ee311-0ce1-4115-b4c1-69648d9d3094:c5616, bb9367ec-656d-4ade-92be-004a921408cc:c5616]
2019-08-06 03:26:50,917 INFO  client.GrpcClientProtocolClient (GrpcClientProtocolClient.java:onNext(255)) - client-9DC82E534C87->980d9c0c-33ac-4a22-b481-33b8b1eac469: receive RaftClientReply:client-9DC82E534C87->980d9c0c-33ac-4a22-b481-33b8b1eac469@group-23022C6A558E, cid=3720, SUCCESS, logIndex=5621, commits[980d9c0c-33ac-4a22-b481-33b8b1eac469:c5622, e00ee311-0ce1-4115-b4c1-69648d9d3094:c5617, bb9367ec-656d-4ade-92be-004a921408cc:c5618]
2019-08-06 03:26:50,917 INFO  client.GrpcClientProtocolClient (GrpcClientProtocolClient.java:onNext(255)) - client-9DC82E534C87->980d9c0c-33ac-4a22-b481-33b8b1eac469: receive RaftClientReply:client-9DC82E534C87->980d9c0c-33ac-4a22-b481-33b8b1eac469@group-23022C6A558E, cid=3721, SUCCESS, logIndex=5622, commits[980d9c0c-33ac-4a22-b481-33b8b1eac469:c5622, e00ee311-0ce1-4115-b4c1-69648d9d3094:c5617, bb9367ec-656d-4ade-92be-004a921408cc:c5618]
2019-08-06 03:26:50,926 INFO  client.GrpcClientProtocolClient (GrpcClientProtocolClient.java:onNext(255)) - client-9DC82E534C87->980d9c0c-33ac-4a22-b481-33b8b1eac469: receive RaftClientReply:client-9DC82E534C87->980d9c0c-33ac-4a22-b481-33b8b1eac469@group-23022C6A558E, cid=3722, SUCCESS, logIndex=0, commits[980d9c0c-33ac-4a22-b481-33b8b1eac469:c5622, e00ee311-0ce1-4115-b4c1-69648d9d3094:c5618, bb9367ec-656d-4ade-92be-004a921408cc:c5618]
2019-08-06 03:26:50,928 INFO  client.GrpcClientProtocolClient (GrpcClientProtocolClient.java:onNext(255)) - client-9DC82E534C87->980d9c0c-33ac-4a22-b481-33b8b1eac469: receive RaftClientReply:client-9DC82E534C87->980d9c0c-33ac-4a22-b481-33b8b1eac469@group-23022C6A558E, cid=3723, SUCCESS, logIndex=0, commits[980d9c0c-33ac-4a22-b481-33b8b1eac469:c5624, e00ee311-0ce1-4115-b4c1-69648d9d3094:c5622, bb9367ec-656d-4ade-92be-004a921408cc:c5622]
2019-08-06 03:26:50,966 INFO  client.GrpcClientProtocolClient (GrpcClientProtocolClient.java:onNext(255)) - client-9DC82E534C87->980d9c0c-33ac-4a22-b481-33b8b1eac469: receive RaftClientReply:client-9DC82E534C87->980d9c0c-33ac-4a22-b481-33b8b1eac469@group-23022C6A558E, cid=3724, SUCCESS, logIndex=5625, commits[980d9c0c-33ac-4a22-b481-33b8b1eac469:c5626, e00ee311-0ce1-4115-b4c1-69648d9d3094:c5624, bb9367ec-656d-4ade-92be-004a921408cc:c5624]
2019-08-06 03:26:50,967 INFO  client.GrpcClientProtocolClient (GrpcClientProtocolClient.java:onNext(255)) - client-9DC82E534C87->980d9c0c-33ac-4a22-b481-33b8b1eac469: receive RaftClientReply:client-9DC82E534C87->980d9c0c-33ac-4a22-b481-33b8b1eac469@group-23022C6A558E, cid=3725, SUCCESS, logIndex=5626, commits[980d9c0c-33ac-4a22-b481-33b8b1eac469:c5628, e00ee311-0ce1-4115-b4c1-69648d9d3094:c5624, bb9367ec-656d-4ade-92be-004a921408cc:c5624]
2019-08-06 03:26:50,967 INFO  client.GrpcClientProtocolClient (GrpcClientProtocolClient.java:onNext(255)) - client-9DC82E534C87->980d9c0c-33ac-4a22-b481-33b8b1eac469: receive RaftClientReply:client-9DC82E534C87->980d9c0c-33ac-4a22-b481-33b8b1eac469@group-23022C6A558E, cid=3726, SUCCESS, logIndex=5627, commits[980d9c0c-33ac-4a22-b481-33b8b1eac469:c5628, e00ee311-0ce1-4115-b4c1-69648d9d3094:c5624, bb9367ec-656d-4ade-92be-004a921408cc:c5624]
2019-08-06 03:26:50,968 INFO  client.GrpcClientProtocolClient (GrpcClientProtocolClient.java:onNext(255)) - client-9DC82E534C87->980d9c0c-33ac-4a22-b481-33b8b1eac469: receive RaftClientReply:client-9DC82E534C87->980d9c0c-33ac-4a22-b481-33b8b1eac469@group-23022C6A558E, cid=3727, SUCCESS, logIndex=5628, commits[980d9c0c-33ac-4a22-b481-33b8b1eac469:c5628, e00ee311-0ce1-4115-b4c1-69648d9d3094:c5624, bb9367ec-656d-4ade-92be-004a921408cc:c5624]
2019-08-06 03:26:50,982 INFO  client.GrpcClientProtocolClient (GrpcClientProtocolClient.java:onNext(255)) - client-9DC82E534C87->980d9c0c-33ac-4a22-b481-33b8b1eac469: receive RaftClientReply:client-9DC82E534C87->980d9c0c-33ac-4a22-b481-33b8b1eac469@group-23022C6A558E, cid=3728, SUCCESS, logIndex=0, commits[980d9c0c-33ac-4a22-b481-33b8b1eac469:c5630, e00ee311-0ce1-4115-b4c1-69648d9d3094:c5627, bb9367ec-656d-4ade-92be-004a921408cc:c5626]
2019-08-06 03:26:51,005 INFO  client.GrpcClientProtocolClient (GrpcClientProtocolClient.java:onNext(255)) - client-9DC82E534C87->980d9c0c-33ac-4a22-b481-33b8b1eac469: receive RaftClientReply:client-9DC82E534C87->980d9c0c-33ac-4a22-b481-33b8b1eac469@group-23022C6A558E, cid=3729, SUCCESS, logIndex=5633, commits[980d9c0c-33ac-4a22-b481-33b8b1eac469:c5634, e00ee311-0ce1-4115-b4c1-69648d9d3094:c5630, bb9367ec-656d-4ade-92be-004a921408cc:c5630]
2019-08-06 03:26:51,006 INFO  client.GrpcClientProtocolClient (GrpcClientProtocolClient.java:onNext(255)) - client-9DC82E534C87->980d9c0c-33ac-4a22-b481-33b8b1eac469: receive RaftClientReply:client-9DC82E534C87->980d9c0c-33ac-4a22-b481-33b8b1eac469@group-23022C6A558E, cid=3730, SUCCESS, logIndex=5634, commits[980d9c0c-33ac-4a22-b481-33b8b1eac469:c5634, e00ee311-0ce1-4115-b4c1-69648d9d3094:c5630, bb9367ec-656d-4ade-92be-004a921408cc:c5630]
2019-08-06 03:26:51,034 INFO  client.GrpcClientProtocolClient (GrpcClientProtocolClient.java:onNext(255)) - client-9DC82E534C87->980d9c0c-33ac-4a22-b481-33b8b1eac469: receive RaftClientReply:client-9DC82E534C87->980d9c0c-33ac-4a22-b481-33b8b1eac469@group-23022C6A558E, cid=3731, SUCCESS, logIndex=5637, commits[980d9c0c-33ac-4a22-b481-33b8b1eac469:c5638, e00ee311-0ce1-4115-b4c1-69648d9d3094:c5635, bb9367ec-656d-4ade-92be-004a921408cc:c5634]
2019-08-06 03:26:51,034 INFO  client.GrpcClientProtocolClient (GrpcClientProtocolClient.java:onNext(255)) - client-9DC82E534C87->980d9c0c-33ac-4a22-b481-33b8b1eac469: receive RaftClientReply:client-9DC82E534C87->980d9c0c-33ac-4a22-b481-33b8b1eac469@group-23022C6A558E, cid=3732, SUCCESS, logIndex=5638, commits[980d9c0c-33ac-4a22-b481-33b8b1eac469:c5638, e00ee311-0ce1-4115-b4c1-69648d9d3094:c5635, bb9367ec-656d-4ade-92be-004a921408cc:c5634]
2019-08-06 03:26:51,047 INFO  client.GrpcClientProtocolClient (GrpcClientProtocolClient.java:onNext(255)) - client-9DC82E534C87->980d9c0c-33ac-4a22-b481-33b8b1eac469: receive RaftClientReply:client-9DC82E534C87->980d9c0c-33ac-4a22-b481-33b8b1eac469@group-23022C6A558E, cid=3733, SUCCESS, logIndex=0, commits[980d9c0c-33ac-4a22-b481-33b8b1eac469:c5639, e00ee311-0ce1-4115-b4c1-69648d9d3094:c5638, bb9367ec-656d-4ade-92be-004a921408cc:c5638]
2019-08-06 03:26:51,084 INFO  client.GrpcClientProtocolClient (GrpcClientProtocolClient.java:onNext(255)) - client-9DC82E534C87->980d9c0c-33ac-4a22-b481-33b8b1eac469: receive RaftClientReply:client-9DC82E534C87->980d9c0c-33ac-4a22-b481-33b8b1eac469@group-23022C6A558E, cid=3734, SUCCESS, logIndex=5640, commits[980d9c0c-33ac-4a22-b481-33b8b1eac469:c5641, e00ee311-0ce1-4115-b4c1-69648d9d3094:c5639, bb9367ec-656d-4ade-92be-004a921408cc:c5639]
2019-08-06 03:26:51,085 INFO  client.GrpcClientProtocolClient (GrpcClientProtocolClient.java:onNext(255)) - client-9DC82E534C87->980d9c0c-33ac-4a22-b481-33b8b1eac469: receive RaftClientReply:client-9DC82E534C87->980d9c0c-33ac-4a22-b481-33b8b1eac469@group-23022C6A558E, cid=3735, SUCCESS, logIndex=5641, commits[980d9c0c-33ac-4a22-b481-33b8b1eac469:c5641, e00ee311-0ce1-4115-b4c1-69648d9d3094:c5639, bb9367ec-656d-4ade-92be-004a921408cc:c5639]
2019-08-06 03:26:51,097 INFO  client.GrpcClientProtocolClient (GrpcClientProtocolClient.java:onNext(255)) - client-9DC82E534C87->980d9c0c-33ac-4a22-b481-33b8b1eac469: receive RaftClientReply:client-9DC82E534C87->980d9c0c-33ac-4a22-b481-33b8b1eac469@group-23022C6A558E, cid=3736, SUCCESS, logIndex=5642, commits[980d9c0c-33ac-4a22-b481-33b8b1eac469:c5643, e00ee311-0ce1-4115-b4c1-69648d9d3094:c5639, bb9367ec-656d-4ade-92be-004a921408cc:c5639]
2019-08-06 03:26:51,097 INFO  client.GrpcClientProtocolClient (GrpcClientProtocolClient.java:onNext(255)) - client-9DC82E534C87->980d9c0c-33ac-4a22-b481-33b8b1eac469: receive RaftClientReply:client-9DC82E534C87->980d9c0c-33ac-4a22-b481-33b8b1eac469@group-23022C6A558E, cid=3737, SUCCESS, logIndex=5643, commits[980d9c0c-33ac-4a22-b481-33b8b1eac469:c5643, e00ee311-0ce1-4115-b4c1-69648d9d3094:c5639, bb9367ec-656d-4ade-92be-004a921408cc:c5639]
2019-08-06 03:26:51,110 INFO  client.GrpcClientProtocolClient (GrpcClientProtocolClient.java:onNext(255)) - client-9DC82E534C87->980d9c0c-33ac-4a22-b481-33b8b1eac469: receive RaftClientReply:client-9DC82E534C87->980d9c0c-33ac-4a22-b481-33b8b1eac469@group-23022C6A558E, cid=3738, SUCCESS, logIndex=0, commits[980d9c0c-33ac-4a22-b481-33b8b1eac469:c5645, e00ee311-0ce1-4115-b4c1-69648d9d3094:c5641, bb9367ec-656d-4ade-92be-004a921408cc:c5641]
2019-08-06 03:26:51,132 INFO  client.GrpcClientProtocolClient (GrpcClientProtocolClient.java:onNext(255)) - client-9DC82E534C87->980d9c0c-33ac-4a22-b481-33b8b1eac469: receive RaftClientReply:client-9DC82E534C87->980d9c0c-33ac-4a22-b481-33b8b1eac469@group-23022C6A558E, cid=3739, SUCCESS, logIndex=5648, commits[980d9c0c-33ac-4a22-b481-33b8b1eac469:c5649, e00ee311-0ce1-4115-b4c1-69648d9d3094:c5645, bb9367ec-656d-4ade-92be-004a921408cc:c5645]
2019-08-06 03:26:51,133 INFO  client.GrpcClientProtocolClient (GrpcClientProtocolClient.java:onNext(255)) - client-9DC82E534C87->980d9c0c-33ac-4a22-b481-33b8b1eac469: receive RaftClientReply:client-9DC82E534C87->980d9c0c-33ac-4a22-b481-33b8b1eac469@group-23022C6A558E, cid=3740, SUCCESS, logIndex=5649, commits[980d9c0c-33ac-4a22-b481-33b8b1eac469:c5649, e00ee311-0ce1-4115-b4c1-69648d9d3094:c5645, bb9367ec-656d-4ade-92be-004a921408cc:c5645]
2019-08-06 03:26:51,146 INFO  client.GrpcClientProtocolClient (GrpcClientProtocolClient.java:onNext(255)) - client-9DC82E534C87->980d9c0c-33ac-4a22-b481-33b8b1eac469: receive RaftClientReply:client-9DC82E534C87->980d9c0c-33ac-4a22-b481-33b8b1eac469@group-23022C6A558E, cid=3741, SUCCESS, logIndex=5652, commits[980d9c0c-33ac-4a22-b481-33b8b1eac469:c5652, e00ee311-0ce1-4115-b4c1-69648d9d3094:c5648, bb9367ec-656d-4ade-92be-004a921408cc:c5649]
2019-08-06 03:26:51,147 INFO  client.GrpcClientProtocolClient (GrpcClientProtocolClient.java:onNext(255)) - client-9DC82E534C87->980d9c0c-33ac-4a22-b481-33b8b1eac469: receive RaftClientReply:client-9DC82E534C87->980d9c0c-33ac-4a22-b481-33b8b1eac469@group-23022C6A558E, cid=3742, SUCCESS, logIndex=5653, commits[980d9c0c-33ac-4a22-b481-33b8b1eac469:c5653, e00ee311-0ce1-4115-b4c1-69648d9d3094:c5648, bb9367ec-656d-4ade-92be-004a921408cc:c5649]
2019-08-06 03:26:51,148 INFO  client.GrpcClientProtocolClient (GrpcClientProtocolClient.java:onNext(255)) - client-9DC82E534C87->980d9c0c-33ac-4a22-b481-33b8b1eac469: receive RaftClientReply:client-9DC82E534C87->980d9c0c-33ac-4a22-b481-33b8b1eac469@group-23022C6A558E, cid=3743, SUCCESS, logIndex=0, commits[980d9c0c-33ac-4a22-b481-33b8b1eac469:c5654, e00ee311-0ce1-4115-b4c1-69648d9d3094:c5649, bb9367ec-656d-4ade-92be-004a921408cc:c5652]
2019-08-06 03:26:51,149 INFO  client.GrpcClientProtocolClient (GrpcClientProtocolClient.java:onNext(255)) - client-9DC82E534C87->980d9c0c-33ac-4a22-b481-33b8b1eac469: receive RaftClientReply:client-9DC82E534C87->980d9c0c-33ac-4a22-b481-33b8b1eac469@group-23022C6A558E, cid=3744, SUCCESS, logIndex=0, commits[980d9c0c-33ac-4a22-b481-33b8b1eac469:c5655, e00ee311-0ce1-4115-b4c1-69648d9d3094:c5653, bb9367ec-656d-4ade-92be-004a921408cc:c5653]
2019-08-06 03:26:51,186 INFO  client.GrpcClientProtocolClient (GrpcClientProtocolClient.java:onNext(255)) - client-9DC82E534C87->980d9c0c-33ac-4a22-b481-33b8b1eac469: receive RaftClientReply:client-9DC82E534C87->980d9c0c-33ac-4a22-b481-33b8b1eac469@group-23022C6A558E, cid=3745, SUCCESS, logIndex=5656, commits[980d9c0c-33ac-4a22-b481-33b8b1eac469:c5657, e00ee311-0ce1-4115-b4c1-69648d9d3094:c5655, bb9367ec-656d-4ade-92be-004a921408cc:c5655]
2019-08-06 03:26:51,186 INFO  client.GrpcClientProtocolClient (GrpcClientProtocolClient.java:onNext(255)) - client-9DC82E534C87->980d9c0c-33ac-4a22-b481-33b8b1eac469: receive RaftClientReply:client-9DC82E534C87->980d9c0c-33ac-4a22-b481-33b8b1eac469@group-23022C6A558E, cid=3746, SUCCESS, logIndex=5657, commits[980d9c0c-33ac-4a22-b481-33b8b1eac469:c5657, e00ee311-0ce1-4115-b4c1-69648d9d3094:c5655, bb9367ec-656d-4ade-92be-004a921408cc:c5655]
2019-08-06 03:26:51,187 INFO  client.GrpcClientProtocolClient (GrpcClientProtocolClient.java:onNext(255)) - client-9DC82E534C87->980d9c0c-33ac-4a22-b481-33b8b1eac469: receive RaftClientReply:client-9DC82E534C87->980d9c0c-33ac-4a22-b481-33b8b1eac469@group-23022C6A558E, cid=3747, SUCCESS, logIndex=5658, commits[980d9c0c-33ac-4a22-b481-33b8b1eac469:c5659, e00ee311-0ce1-4115-b4c1-69648d9d3094:c5655, bb9367ec-656d-4ade-92be-004a921408cc:c5655]
2019-08-06 03:26:51,187 INFO  client.GrpcClientProtocolClient (GrpcClientProtocolClient.java:onNext(255)) - client-9DC82E534C87->980d9c0c-33ac-4a22-b481-33b8b1eac469: receive RaftClientReply:client-9DC82E534C87->980d9c0c-33ac-4a22-b481-33b8b1eac469@group-23022C6A558E, cid=3748, SUCCESS, logIndex=5659, commits[980d9c0c-33ac-4a22-b481-33b8b1eac469:c5659, e00ee311-0ce1-4115-b4c1-69648d9d3094:c5655, bb9367ec-656d-4ade-92be-004a921408cc:c5655]
2019-08-06 03:26:51,200 INFO  client.GrpcClientProtocolClient (GrpcClientProtocolClient.java:onNext(255)) - client-9DC82E534C87->980d9c0c-33ac-4a22-b481-33b8b1eac469: receive RaftClientReply:client-9DC82E534C87->980d9c0c-33ac-4a22-b481-33b8b1eac469@group-23022C6A558E, cid=3749, SUCCESS, logIndex=0, commits[980d9c0c-33ac-4a22-b481-33b8b1eac469:c5661, e00ee311-0ce1-4115-b4c1-69648d9d3094:c5657, bb9367ec-656d-4ade-92be-004a921408cc:c5657]
2019-08-06 03:26:51,221 INFO  client.GrpcClientProtocolClient (GrpcClientProtocolClient.java:onNext(255)) - client-9DC82E534C87->980d9c0c-33ac-4a22-b481-33b8b1eac469: receive RaftClientReply:client-9DC82E534C87->980d9c0c-33ac-4a22-b481-33b8b1eac469@group-23022C6A558E, cid=3750, SUCCESS, logIndex=5664, commits[980d9c0c-33ac-4a22-b481-33b8b1eac469:c5665, e00ee311-0ce1-4115-b4c1-69648d9d3094:c5663, bb9367ec-656d-4ade-92be-004a921408cc:c5663]
2019-08-06 03:26:51,222 INFO  client.GrpcClientProtocolClient (GrpcClientProtocolClient.java:onNext(255)) - client-9DC82E534C87->980d9c0c-33ac-4a22-b481-33b8b1eac469: receive RaftClientReply:client-9DC82E534C87->980d9c0c-33ac-4a22-b481-33b8b1eac469@group-23022C6A558E, cid=3751, SUCCESS, logIndex=5665, commits[980d9c0c-33ac-4a22-b481-33b8b1eac469:c5665, e00ee311-0ce1-4115-b4c1-69648d9d3094:c5663, bb9367ec-656d-4ade-92be-004a921408cc:c5663]
2019-08-06 03:26:51,246 INFO  client.GrpcClientProtocolClient (GrpcClientProtocolClient.java:onNext(255)) - client-9DC82E534C87->980d9c0c-33ac-4a22-b481-33b8b1eac469: receive RaftClientReply:client-9DC82E534C87->980d9c0c-33ac-4a22-b481-33b8b1eac469@group-23022C6A558E, cid=3752, SUCCESS, logIndex=5668, commits[980d9c0c-33ac-4a22-b481-33b8b1eac469:c5668, e00ee311-0ce1-4115-b4c1-69648d9d3094:c5665, bb9367ec-656d-4ade-92be-004a921408cc:c5665]
2019-08-06 03:26:51,246 INFO  client.GrpcClientProtocolClient (GrpcClientProtocolClient.java:onNext(255)) - client-9DC82E534C87->980d9c0c-33ac-4a22-b481-33b8b1eac469: receive RaftClientReply:client-9DC82E534C87->980d9c0c-33ac-4a22-b481-33b8b1eac469@group-23022C6A558E, cid=3753, SUCCESS, logIndex=5669, commits[980d9c0c-33ac-4a22-b481-33b8b1eac469:c5669, e00ee311-0ce1-4115-b4c1-69648d9d3094:c5665, bb9367ec-656d-4ade-92be-004a921408cc:c5665]
2019-08-06 03:26:51,272 INFO  client.GrpcClientProtocolClient (GrpcClientProtocolClient.java:onNext(255)) - client-9DC82E534C87->980d9c0c-33ac-4a22-b481-33b8b1eac469: receive RaftClientReply:client-9DC82E534C87->980d9c0c-33ac-4a22-b481-33b8b1eac469@group-23022C6A558E, cid=3754, SUCCESS, logIndex=0, commits[980d9c0c-33ac-4a22-b481-33b8b1eac469:c5671, e00ee311-0ce1-4115-b4c1-69648d9d3094:c5669, bb9367ec-656d-4ade-92be-004a921408cc:c5669]
2019-08-06 03:26:51,306 INFO  client.GrpcClientProtocolClient (GrpcClientProtocolClient.java:onNext(255)) - client-9DC82E534C87->980d9c0c-33ac-4a22-b481-33b8b1eac469: receive RaftClientReply:client-9DC82E534C87->980d9c0c-33ac-4a22-b481-33b8b1eac469@group-23022C6A558E, cid=3755, SUCCESS, logIndex=5672, commits[980d9c0c-33ac-4a22-b481-33b8b1eac469:c5673, e00ee311-0ce1-4115-b4c1-69648d9d3094:c5671, bb9367ec-656d-4ade-92be-004a921408cc:c5671]
2019-08-06 03:26:51,307 INFO  client.GrpcClientProtocolClient (GrpcClientProtocolClient.java:onNext(255)) - client-9DC82E534C87->980d9c0c-33ac-4a22-b481-33b8b1eac469: receive RaftClientReply:client-9DC82E534C87->980d9c0c-33ac-4a22-b481-33b8b1eac469@group-23022C6A558E, cid=3756, SUCCESS, logIndex=5673, commits[980d9c0c-33ac-4a22-b481-33b8b1eac469:c5673, e00ee311-0ce1-4115-b4c1-69648d9d3094:c5671, bb9367ec-656d-4ade-92be-004a921408cc:c5671]
2019-08-06 03:26:51,308 INFO  client.GrpcClientProtocolClient (GrpcClientProtocolClient.java:onNext(255)) - client-9DC82E534C87->980d9c0c-33ac-4a22-b481-33b8b1eac469: receive RaftClientReply:client-9DC82E534C87->980d9c0c-33ac-4a22-b481-33b8b1eac469@group-23022C6A558E, cid=3757, SUCCESS, logIndex=5674, commits[980d9c0c-33ac-4a22-b481-33b8b1eac469:c5674, e00ee311-0ce1-4115-b4c1-69648d9d3094:c5671, bb9367ec-656d-4ade-92be-004a921408cc:c5671]
2019-08-06 03:26:51,308 INFO  client.GrpcClientProtocolClient (GrpcClientProtocolClient.java:onNext(255)) - client-9DC82E534C87->980d9c0c-33ac-4a22-b481-33b8b1eac469: receive RaftClientReply:client-9DC82E534C87->980d9c0c-33ac-4a22-b481-33b8b1eac469@group-23022C6A558E, cid=3758, SUCCESS, logIndex=5675, commits[980d9c0c-33ac-4a22-b481-33b8b1eac469:c5675, e00ee311-0ce1-4115-b4c1-69648d9d3094:c5671, bb9367ec-656d-4ade-92be-004a921408cc:c5671]
2019-08-06 03:26:51,309 INFO  client.GrpcClientProtocolClient (GrpcClientProtocolClient.java:onNext(255)) - client-9DC82E534C87->980d9c0c-33ac-4a22-b481-33b8b1eac469: receive RaftClientReply:client-9DC82E534C87->980d9c0c-33ac-4a22-b481-33b8b1eac469@group-23022C6A558E, cid=3759, SUCCESS, logIndex=0, commits[980d9c0c-33ac-4a22-b481-33b8b1eac469:c5677, e00ee311-0ce1-4115-b4c1-69648d9d3094:c5673, bb9367ec-656d-4ade-92be-004a921408cc:c5673]
2019-08-06 03:26:51,444 INFO  client.GrpcClientProtocolClient (GrpcClientProtocolClient.java:onNext(255)) - client-9DC82E534C87->980d9c0c-33ac-4a22-b481-33b8b1eac469: receive RaftClientReply:client-9DC82E534C87->980d9c0c-33ac-4a22-b481-33b8b1eac469@group-23022C6A558E, cid=3760, SUCCESS, logIndex=5680, commits[980d9c0c-33ac-4a22-b481-33b8b1eac469:c5681, e00ee311-0ce1-4115-b4c1-69648d9d3094:c5679, bb9367ec-656d-4ade-92be-004a921408cc:c5679]
2019-08-06 03:26:51,444 INFO  client.GrpcClientProtocolClient (GrpcClientProtocolClient.java:onNext(255)) - client-9DC82E534C87->980d9c0c-33ac-4a22-b481-33b8b1eac469: receive RaftClientReply:client-9DC82E534C87->980d9c0c-33ac-4a22-b481-33b8b1eac469@group-23022C6A558E, cid=3761, SUCCESS, logIndex=5681, commits[980d9c0c-33ac-4a22-b481-33b8b1eac469:c5681, e00ee311-0ce1-4115-b4c1-69648d9d3094:c5679, bb9367ec-656d-4ade-92be-004a921408cc:c5679]
2019-08-06 03:26:51,456 INFO  client.GrpcClientProtocolClient (GrpcClientProtocolClient.java:onNext(255)) - client-9DC82E534C87->980d9c0c-33ac-4a22-b481-33b8b1eac469: receive RaftClientReply:client-9DC82E534C87->980d9c0c-33ac-4a22-b481-33b8b1eac469@group-23022C6A558E, cid=3762, SUCCESS, logIndex=5684, commits[980d9c0c-33ac-4a22-b481-33b8b1eac469:c5685, e00ee311-0ce1-4115-b4c1-69648d9d3094:c5681, bb9367ec-656d-4ade-92be-004a921408cc:c5680]
2019-08-06 03:26:51,457 INFO  client.GrpcClientProtocolClient (GrpcClientProtocolClient.java:onNext(255)) - client-9DC82E534C87->980d9c0c-33ac-4a22-b481-33b8b1eac469: receive RaftClientReply:client-9DC82E534C87->980d9c0c-33ac-4a22-b481-33b8b1eac469@group-23022C6A558E, cid=3763, SUCCESS, logIndex=5685, commits[980d9c0c-33ac-4a22-b481-33b8b1eac469:c5685, e00ee311-0ce1-4115-b4c1-69648d9d3094:c5681, bb9367ec-656d-4ade-92be-004a921408cc:c5680]
2019-08-06 03:26:51,458 INFO  client.GrpcClientProtocolClient (GrpcClientProtocolClient.java:onNext(255)) - client-9DC82E534C87->980d9c0c-33ac-4a22-b481-33b8b1eac469: receive RaftClientReply:client-9DC82E534C87->980d9c0c-33ac-4a22-b481-33b8b1eac469@group-23022C6A558E, cid=3764, SUCCESS, logIndex=0, commits[980d9c0c-33ac-4a22-b481-33b8b1eac469:c5685, e00ee311-0ce1-4115-b4c1-69648d9d3094:c5681, bb9367ec-656d-4ade-92be-004a921408cc:c5681]
2019-08-06 03:26:51,470 INFO  client.GrpcClientProtocolClient (GrpcClientProtocolClient.java:onNext(255)) - client-9DC82E534C87->980d9c0c-33ac-4a22-b481-33b8b1eac469: receive RaftClientReply:client-9DC82E534C87->980d9c0c-33ac-4a22-b481-33b8b1eac469@group-23022C6A558E, cid=3765, SUCCESS, logIndex=0, commits[980d9c0c-33ac-4a22-b481-33b8b1eac469:c5687, e00ee311-0ce1-4115-b4c1-69648d9d3094:c5685, bb9367ec-656d-4ade-92be-004a921408cc:c5685]
 0.00% |█                                                                                                    |  0/1 Time: 0:00:382019-08-06 03:26:51,549 INFO  client.GrpcClientProtocolClient (GrpcClientProtocolClient.java:onNext(255)) - client-9DC82E534C87->980d9c0c-33ac-4a22-b481-33b8b1eac469: receive RaftClientReply:client-9DC82E534C87->980d9c0c-33ac-4a22-b481-33b8b1eac469@group-23022C6A558E, cid=3766, SUCCESS, logIndex=5688, commits[980d9c0c-33ac-4a22-b481-33b8b1eac469:c5688, e00ee311-0ce1-4115-b4c1-69648d9d3094:c5687, bb9367ec-656d-4ade-92be-004a921408cc:c5687]
2019-08-06 03:26:51,550 INFO  client.GrpcClientProtocolClient (GrpcClientProtocolClient.java:onNext(255)) - client-9DC82E534C87->980d9c0c-33ac-4a22-b481-33b8b1eac469: receive RaftClientReply:client-9DC82E534C87->980d9c0c-33ac-4a22-b481-33b8b1eac469@group-23022C6A558E, cid=3767, SUCCESS, logIndex=5689, commits[980d9c0c-33ac-4a22-b481-33b8b1eac469:c5689, e00ee311-0ce1-4115-b4c1-69648d9d3094:c5687, bb9367ec-656d-4ade-92be-004a921408cc:c5687]
2019-08-06 03:26:51,550 INFO  client.GrpcClientProtocolClient (GrpcClientProtocolClient.java:onNext(255)) - client-9DC82E534C87->980d9c0c-33ac-4a22-b481-33b8b1eac469: receive RaftClientReply:client-9DC82E534C87->980d9c0c-33ac-4a22-b481-33b8b1eac469@group-23022C6A558E, cid=3768, SUCCESS, logIndex=5690, commits[980d9c0c-33ac-4a22-b481-33b8b1eac469:c5691, e00ee311-0ce1-4115-b4c1-69648d9d3094:c5687, bb9367ec-656d-4ade-92be-004a921408cc:c5687]
2019-08-06 03:26:51,550 INFO  client.GrpcClientProtocolClient (GrpcClientProtocolClient.java:onNext(255)) - client-9DC82E534C87->980d9c0c-33ac-4a22-b481-33b8b1eac469: receive RaftClientReply:client-9DC82E534C87->980d9c0c-33ac-4a22-b481-33b8b1eac469@group-23022C6A558E, cid=3769, SUCCESS, logIndex=5691, commits[980d9c0c-33ac-4a22-b481-33b8b1eac469:c5691, e00ee311-0ce1-4115-b4c1-69648d9d3094:c5687, bb9367ec-656d-4ade-92be-004a921408cc:c5687]
2019-08-06 03:26:51,563 INFO  client.GrpcClientProtocolClient (GrpcClientProtocolClient.java:onNext(255)) - client-9DC82E534C87->980d9c0c-33ac-4a22-b481-33b8b1eac469: receive RaftClientReply:client-9DC82E534C87->980d9c0c-33ac-4a22-b481-33b8b1eac469@group-23022C6A558E, cid=3770, SUCCESS, logIndex=0, commits[980d9c0c-33ac-4a22-b481-33b8b1eac469:c5695, e00ee311-0ce1-4115-b4c1-69648d9d3094:c5691, bb9367ec-656d-4ade-92be-004a921408cc:c5689]
2019-08-06 03:26:51,599 INFO  client.GrpcClientProtocolClient (GrpcClientProtocolClient.java:onNext(255)) - client-9DC82E534C87->980d9c0c-33ac-4a22-b481-33b8b1eac469: receive RaftClientReply:client-9DC82E534C87->980d9c0c-33ac-4a22-b481-33b8b1eac469@group-23022C6A558E, cid=3771, SUCCESS, logIndex=5696, commits[980d9c0c-33ac-4a22-b481-33b8b1eac469:c5697, e00ee311-0ce1-4115-b4c1-69648d9d3094:c5695, bb9367ec-656d-4ade-92be-004a921408cc:c5695]
2019-08-06 03:26:51,600 INFO  client.GrpcClientProtocolClient (GrpcClientProtocolClient.java:onNext(255)) - client-9DC82E534C87->980d9c0c-33ac-4a22-b481-33b8b1eac469: receive RaftClientReply:client-9DC82E534C87->980d9c0c-33ac-4a22-b481-33b8b1eac469@group-23022C6A558E, cid=3772, SUCCESS, logIndex=5697, commits[980d9c0c-33ac-4a22-b481-33b8b1eac469:c5697, e00ee311-0ce1-4115-b4c1-69648d9d3094:c5695, bb9367ec-656d-4ade-92be-004a921408cc:c5695]
2019-08-06 03:26:51,624 INFO  client.GrpcClientProtocolClient (GrpcClientProtocolClient.java:onNext(255)) - client-9DC82E534C87->980d9c0c-33ac-4a22-b481-33b8b1eac469: receive RaftClientReply:client-9DC82E534C87->980d9c0c-33ac-4a22-b481-33b8b1eac469@group-23022C6A558E, cid=3773, SUCCESS, logIndex=5700, commits[980d9c0c-33ac-4a22-b481-33b8b1eac469:c5701, e00ee311-0ce1-4115-b4c1-69648d9d3094:c5697, bb9367ec-656d-4ade-92be-004a921408cc:c5697]
2019-08-06 03:26:51,625 INFO  client.GrpcClientProtocolClient (GrpcClientProtocolClient.java:onNext(255)) - client-9DC82E534C87->980d9c0c-33ac-4a22-b481-33b8b1eac469: receive RaftClientReply:client-9DC82E534C87->980d9c0c-33ac-4a22-b481-33b8b1eac469@group-23022C6A558E, cid=3774, SUCCESS, logIndex=5701, commits[980d9c0c-33ac-4a22-b481-33b8b1eac469:c5701, e00ee311-0ce1-4115-b4c1-69648d9d3094:c5697, bb9367ec-656d-4ade-92be-004a921408cc:c5697]
2019-08-06 03:26:51,650 INFO  client.GrpcClientProtocolClient (GrpcClientProtocolClient.java:onNext(255)) - client-9DC82E534C87->980d9c0c-33ac-4a22-b481-33b8b1eac469: receive RaftClientReply:client-9DC82E534C87->980d9c0c-33ac-4a22-b481-33b8b1eac469@group-23022C6A558E, cid=3775, SUCCESS, logIndex=0, commits[980d9c0c-33ac-4a22-b481-33b8b1eac469:c5702, e00ee311-0ce1-4115-b4c1-69648d9d3094:c5701, bb9367ec-656d-4ade-92be-004a921408cc:c5701]
2019-08-06 03:26:51,687 INFO  client.GrpcClientProtocolClient (GrpcClientProtocolClient.java:onNext(255)) - client-9DC82E534C87->980d9c0c-33ac-4a22-b481-33b8b1eac469: receive RaftClientReply:client-9DC82E534C87->980d9c0c-33ac-4a22-b481-33b8b1eac469@group-23022C6A558E, cid=3776, SUCCESS, logIndex=5704, commits[980d9c0c-33ac-4a22-b481-33b8b1eac469:c5705, e00ee311-0ce1-4115-b4c1-69648d9d3094:c5703, bb9367ec-656d-4ade-92be-004a921408cc:c5703]
2019-08-06 03:26:51,688 INFO  client.GrpcClientProtocolClient (GrpcClientProtocolClient.java:onNext(255)) - client-9DC82E534C87->980d9c0c-33ac-4a22-b481-33b8b1eac469: receive RaftClientReply:client-9DC82E534C87->980d9c0c-33ac-4a22-b481-33b8b1eac469@group-23022C6A558E, cid=3777, SUCCESS, logIndex=5705, commits[980d9c0c-33ac-4a22-b481-33b8b1eac469:c5705, e00ee311-0ce1-4115-b4c1-69648d9d3094:c5703, bb9367ec-656d-4ade-92be-004a921408cc:c5703]
2019-08-06 03:26:51,697 INFO  client.GrpcClientProtocolClient (GrpcClientProtocolClient.java:onNext(255)) - client-9DC82E534C87->980d9c0c-33ac-4a22-b481-33b8b1eac469: receive RaftClientReply:client-9DC82E534C87->980d9c0c-33ac-4a22-b481-33b8b1eac469@group-23022C6A558E, cid=3778, SUCCESS, logIndex=5706, commits[980d9c0c-33ac-4a22-b481-33b8b1eac469:c5707, e00ee311-0ce1-4115-b4c1-69648d9d3094:c5703, bb9367ec-656d-4ade-92be-004a921408cc:c5703]
2019-08-06 03:26:51,698 INFO  client.GrpcClientProtocolClient (GrpcClientProtocolClient.java:onNext(255)) - client-9DC82E534C87->980d9c0c-33ac-4a22-b481-33b8b1eac469: receive RaftClientReply:client-9DC82E534C87->980d9c0c-33ac-4a22-b481-33b8b1eac469@group-23022C6A558E, cid=3779, SUCCESS, logIndex=5707, commits[980d9c0c-33ac-4a22-b481-33b8b1eac469:c5707, e00ee311-0ce1-4115-b4c1-69648d9d3094:c5703, bb9367ec-656d-4ade-92be-004a921408cc:c5703]
2019-08-06 03:26:51,700 INFO  client.GrpcClientProtocolClient (GrpcClientProtocolClient.java:onNext(255)) - client-9DC82E534C87->980d9c0c-33ac-4a22-b481-33b8b1eac469: receive RaftClientReply:client-9DC82E534C87->980d9c0c-33ac-4a22-b481-33b8b1eac469@group-23022C6A558E, cid=3780, SUCCESS, logIndex=0, commits[980d9c0c-33ac-4a22-b481-33b8b1eac469:c5709, e00ee311-0ce1-4115-b4c1-69648d9d3094:c5705, bb9367ec-656d-4ade-92be-004a921408cc:c5705]
2019-08-06 03:26:51,723 INFO  client.GrpcClientProtocolClient (GrpcClientProtocolClient.java:onNext(255)) - client-9DC82E534C87->980d9c0c-33ac-4a22-b481-33b8b1eac469: receive RaftClientReply:client-9DC82E534C87->980d9c0c-33ac-4a22-b481-33b8b1eac469@group-23022C6A558E, cid=3781, SUCCESS, logIndex=5712, commits[980d9c0c-33ac-4a22-b481-33b8b1eac469:c5712, e00ee311-0ce1-4115-b4c1-69648d9d3094:c5711, bb9367ec-656d-4ade-92be-004a921408cc:c5711]
2019-08-06 03:26:51,723 INFO  client.GrpcClientProtocolClient (GrpcClientProtocolClient.java:onNext(255)) - client-9DC82E534C87->980d9c0c-33ac-4a22-b481-33b8b1eac469: receive RaftClientReply:client-9DC82E534C87->980d9c0c-33ac-4a22-b481-33b8b1eac469@group-23022C6A558E, cid=3782, SUCCESS, logIndex=5713, commits[980d9c0c-33ac-4a22-b481-33b8b1eac469:c5713, e00ee311-0ce1-4115-b4c1-69648d9d3094:c5711, bb9367ec-656d-4ade-92be-004a921408cc:c5711]
2019-08-06 03:26:51,738 INFO  client.GrpcClientProtocolClient (GrpcClientProtocolClient.java:onNext(255)) - client-9DC82E534C87->980d9c0c-33ac-4a22-b481-33b8b1eac469: receive RaftClientReply:client-9DC82E534C87->980d9c0c-33ac-4a22-b481-33b8b1eac469@group-23022C6A558E, cid=3783, SUCCESS, logIndex=5716, commits[980d9c0c-33ac-4a22-b481-33b8b1eac469:c5717, e00ee311-0ce1-4115-b4c1-69648d9d3094:c5713, bb9367ec-656d-4ade-92be-004a921408cc:c5713]
2019-08-06 03:26:51,739 INFO  client.GrpcClientProtocolClient (GrpcClientProtocolClient.java:onNext(255)) - client-9DC82E534C87->980d9c0c-33ac-4a22-b481-33b8b1eac469: receive RaftClientReply:client-9DC82E534C87->980d9c0c-33ac-4a22-b481-33b8b1eac469@group-23022C6A558E, cid=3784, SUCCESS, logIndex=5717, commits[980d9c0c-33ac-4a22-b481-33b8b1eac469:c5717, e00ee311-0ce1-4115-b4c1-69648d9d3094:c5713, bb9367ec-656d-4ade-92be-004a921408cc:c5713]
2019-08-06 03:26:51,753 INFO  client.GrpcClientProtocolClient (GrpcClientProtocolClient.java:onNext(255)) - client-9DC82E534C87->980d9c0c-33ac-4a22-b481-33b8b1eac469: receive RaftClientReply:client-9DC82E534C87->980d9c0c-33ac-4a22-b481-33b8b1eac469@group-23022C6A558E, cid=3785, SUCCESS, logIndex=0, commits[980d9c0c-33ac-4a22-b481-33b8b1eac469:c5718, e00ee311-0ce1-4115-b4c1-69648d9d3094:c5717, bb9367ec-656d-4ade-92be-004a921408cc:c5717]
2019-08-06 03:26:51,785 INFO  client.GrpcClientProtocolClient (GrpcClientProtocolClient.java:onNext(255)) - client-9DC82E534C87->980d9c0c-33ac-4a22-b481-33b8b1eac469: receive RaftClientReply:client-9DC82E534C87->980d9c0c-33ac-4a22-b481-33b8b1eac469@group-23022C6A558E, cid=3786, SUCCESS, logIndex=5720, commits[980d9c0c-33ac-4a22-b481-33b8b1eac469:c5721, e00ee311-0ce1-4115-b4c1-69648d9d3094:c5719, bb9367ec-656d-4ade-92be-004a921408cc:c5719]
2019-08-06 03:26:51,786 INFO  client.GrpcClientProtocolClient (GrpcClientProtocolClient.java:onNext(255)) - client-9DC82E534C87->980d9c0c-33ac-4a22-b481-33b8b1eac469: receive RaftClientReply:client-9DC82E534C87->980d9c0c-33ac-4a22-b481-33b8b1eac469@group-23022C6A558E, cid=3787, SUCCESS, logIndex=5721, commits[980d9c0c-33ac-4a22-b481-33b8b1eac469:c5723, e00ee311-0ce1-4115-b4c1-69648d9d3094:c5719, bb9367ec-656d-4ade-92be-004a921408cc:c5719]
2019-08-06 03:26:51,786 INFO  client.GrpcClientProtocolClient (GrpcClientProtocolClient.java:onNext(255)) - client-9DC82E534C87->980d9c0c-33ac-4a22-b481-33b8b1eac469: receive RaftClientReply:client-9DC82E534C87->980d9c0c-33ac-4a22-b481-33b8b1eac469@group-23022C6A558E, cid=3788, SUCCESS, logIndex=5722, commits[980d9c0c-33ac-4a22-b481-33b8b1eac469:c5723, e00ee311-0ce1-4115-b4c1-69648d9d3094:c5719, bb9367ec-656d-4ade-92be-004a921408cc:c5719]
2019-08-06 03:26:51,787 INFO  client.GrpcClientProtocolClient (GrpcClientProtocolClient.java:onNext(255)) - client-9DC82E534C87->980d9c0c-33ac-4a22-b481-33b8b1eac469: receive RaftClientReply:client-9DC82E534C87->980d9c0c-33ac-4a22-b481-33b8b1eac469@group-23022C6A558E, cid=3789, SUCCESS, logIndex=5723, commits[980d9c0c-33ac-4a22-b481-33b8b1eac469:c5723, e00ee311-0ce1-4115-b4c1-69648d9d3094:c5719, bb9367ec-656d-4ade-92be-004a921408cc:c5719]
2019-08-06 03:26:51,789 INFO  client.GrpcClientProtocolClient (GrpcClientProtocolClient.java:onNext(255)) - client-9DC82E534C87->980d9c0c-33ac-4a22-b481-33b8b1eac469: receive RaftClientReply:client-9DC82E534C87->980d9c0c-33ac-4a22-b481-33b8b1eac469@group-23022C6A558E, cid=3790, SUCCESS, logIndex=0, commits[980d9c0c-33ac-4a22-b481-33b8b1eac469:c5725, e00ee311-0ce1-4115-b4c1-69648d9d3094:c5721, bb9367ec-656d-4ade-92be-004a921408cc:c5721]
2019-08-06 03:26:51,802 INFO  client.GrpcClientProtocolClient (GrpcClientProtocolClient.java:onNext(255)) - client-9DC82E534C87->980d9c0c-33ac-4a22-b481-33b8b1eac469: receive RaftClientReply:client-9DC82E534C87->980d9c0c-33ac-4a22-b481-33b8b1eac469@group-23022C6A558E, cid=3791, SUCCESS, logIndex=5728, commits[980d9c0c-33ac-4a22-b481-33b8b1eac469:c5729, e00ee311-0ce1-4115-b4c1-69648d9d3094:c5723, bb9367ec-656d-4ade-92be-004a921408cc:c5725]
2019-08-06 03:26:51,802 INFO  client.GrpcClientProtocolClient (GrpcClientProtocolClient.java:onNext(255)) - client-9DC82E534C87->980d9c0c-33ac-4a22-b481-33b8b1eac469: receive RaftClientReply:client-9DC82E534C87->980d9c0c-33ac-4a22-b481-33b8b1eac469@group-23022C6A558E, cid=3792, SUCCESS, logIndex=5729, commits[980d9c0c-33ac-4a22-b481-33b8b1eac469:c5729, e00ee311-0ce1-4115-b4c1-69648d9d3094:c5725, bb9367ec-656d-4ade-92be-004a921408cc:c5725]
2019-08-06 03:26:51,819 INFO  client.GrpcClientProtocolClient (GrpcClientProtocolClient.java:onNext(255)) - client-9DC82E534C87->980d9c0c-33ac-4a22-b481-33b8b1eac469: receive RaftClientReply:client-9DC82E534C87->980d9c0c-33ac-4a22-b481-33b8b1eac469@group-23022C6A558E, cid=3793, SUCCESS, logIndex=5732, commits[980d9c0c-33ac-4a22-b481-33b8b1eac469:c5733, e00ee311-0ce1-4115-b4c1-69648d9d3094:c5730, bb9367ec-656d-4ade-92be-004a921408cc:c5730]
2019-08-06 03:26:51,820 INFO  client.GrpcClientProtocolClient (GrpcClientProtocolClient.java:onNext(255)) - client-9DC82E534C87->980d9c0c-33ac-4a22-b481-33b8b1eac469: receive RaftClientReply:client-9DC82E534C87->980d9c0c-33ac-4a22-b481-33b8b1eac469@group-23022C6A558E, cid=3794, SUCCESS, logIndex=5733, commits[980d9c0c-33ac-4a22-b481-33b8b1eac469:c5733, e00ee311-0ce1-4115-b4c1-69648d9d3094:c5730, bb9367ec-656d-4ade-92be-004a921408cc:c5730]
2019-08-06 03:26:51,845 INFO  client.GrpcClientProtocolClient (GrpcClientProtocolClient.java:onNext(255)) - client-9DC82E534C87->980d9c0c-33ac-4a22-b481-33b8b1eac469: receive RaftClientReply:client-9DC82E534C87->980d9c0c-33ac-4a22-b481-33b8b1eac469@group-23022C6A558E, cid=3795, SUCCESS, logIndex=0, commits[980d9c0c-33ac-4a22-b481-33b8b1eac469:c5735, e00ee311-0ce1-4115-b4c1-69648d9d3094:c5733, bb9367ec-656d-4ade-92be-004a921408cc:c5733]
2019-08-06 03:26:51,881 INFO  client.GrpcClientProtocolClient (GrpcClientProtocolClient.java:onNext(255)) - client-9DC82E534C87->980d9c0c-33ac-4a22-b481-33b8b1eac469: receive RaftClientReply:client-9DC82E534C87->980d9c0c-33ac-4a22-b481-33b8b1eac469@group-23022C6A558E, cid=3796, SUCCESS, logIndex=5736, commits[980d9c0c-33ac-4a22-b481-33b8b1eac469:c5737, e00ee311-0ce1-4115-b4c1-69648d9d3094:c5735, bb9367ec-656d-4ade-92be-004a921408cc:c5735]
2019-08-06 03:26:51,881 INFO  client.GrpcClientProtocolClient (GrpcClientProtocolClient.java:onNext(255)) - client-9DC82E534C87->980d9c0c-33ac-4a22-b481-33b8b1eac469: receive RaftClientReply:client-9DC82E534C87->980d9c0c-33ac-4a22-b481-33b8b1eac469@group-23022C6A558E, cid=3797, SUCCESS, logIndex=5737, commits[980d9c0c-33ac-4a22-b481-33b8b1eac469:c5737, e00ee311-0ce1-4115-b4c1-69648d9d3094:c5735, bb9367ec-656d-4ade-92be-004a921408cc:c5735]
2019-08-06 03:26:51,893 INFO  client.GrpcClientProtocolClient (GrpcClientProtocolClient.java:onNext(255)) - client-9DC82E534C87->980d9c0c-33ac-4a22-b481-33b8b1eac469: receive RaftClientReply:client-9DC82E534C87->980d9c0c-33ac-4a22-b481-33b8b1eac469@group-23022C6A558E, cid=3798, SUCCESS, logIndex=5738, commits[980d9c0c-33ac-4a22-b481-33b8b1eac469:c5739, e00ee311-0ce1-4115-b4c1-69648d9d3094:c5735, bb9367ec-656d-4ade-92be-004a921408cc:c5735]
2019-08-06 03:26:51,894 INFO  client.GrpcClientProtocolClient (GrpcClientProtocolClient.java:onNext(255)) - client-9DC82E534C87->980d9c0c-33ac-4a22-b481-33b8b1eac469: receive RaftClientReply:client-9DC82E534C87->980d9c0c-33ac-4a22-b481-33b8b1eac469@group-23022C6A558E, cid=3799, SUCCESS, logIndex=5739, commits[980d9c0c-33ac-4a22-b481-33b8b1eac469:c5739, e00ee311-0ce1-4115-b4c1-69648d9d3094:c5735, bb9367ec-656d-4ade-92be-004a921408cc:c5735]
2019-08-06 03:26:51,906 INFO  client.GrpcClientProtocolClient (GrpcClientProtocolClient.java:onNext(255)) - client-9DC82E534C87->980d9c0c-33ac-4a22-b481-33b8b1eac469: receive RaftClientReply:client-9DC82E534C87->980d9c0c-33ac-4a22-b481-33b8b1eac469@group-23022C6A558E, cid=3800, SUCCESS, logIndex=0, commits[980d9c0c-33ac-4a22-b481-33b8b1eac469:c5741, e00ee311-0ce1-4115-b4c1-69648d9d3094:c5737, bb9367ec-656d-4ade-92be-004a921408cc:c5737]
2019-08-06 03:26:51,932 INFO  client.GrpcClientProtocolClient (GrpcClientProtocolClient.java:onNext(255)) - client-9DC82E534C87->980d9c0c-33ac-4a22-b481-33b8b1eac469: receive RaftClientReply:client-9DC82E534C87->980d9c0c-33ac-4a22-b481-33b8b1eac469@group-23022C6A558E, cid=3801, SUCCESS, logIndex=5744, commits[980d9c0c-33ac-4a22-b481-33b8b1eac469:c5745, e00ee311-0ce1-4115-b4c1-69648d9d3094:c5741, bb9367ec-656d-4ade-92be-004a921408cc:c5741]
2019-08-06 03:26:51,933 INFO  client.GrpcClientProtocolClient (GrpcClientProtocolClient.java:onNext(255)) - client-9DC82E534C87->980d9c0c-33ac-4a22-b481-33b8b1eac469: receive RaftClientReply:client-9DC82E534C87->980d9c0c-33ac-4a22-b481-33b8b1eac469@group-23022C6A558E, cid=3802, SUCCESS, logIndex=5745, commits[980d9c0c-33ac-4a22-b481-33b8b1eac469:c5745, e00ee311-0ce1-4115-b4c1-69648d9d3094:c5741, bb9367ec-656d-4ade-92be-004a921408cc:c5741]
2019-08-06 03:26:51,970 INFO  client.GrpcClientProtocolClient (GrpcClientProtocolClient.java:onNext(255)) - client-9DC82E534C87->980d9c0c-33ac-4a22-b481-33b8b1eac469: receive RaftClientReply:client-9DC82E534C87->980d9c0c-33ac-4a22-b481-33b8b1eac469@group-23022C6A558E, cid=3803, SUCCESS, logIndex=5748, commits[980d9c0c-33ac-4a22-b481-33b8b1eac469:c5749, e00ee311-0ce1-4115-b4c1-69648d9d3094:c5745, bb9367ec-656d-4ade-92be-004a921408cc:c5745]
2019-08-06 03:26:51,970 INFO  client.GrpcClientProtocolClient (GrpcClientProtocolClient.java:onNext(255)) - client-9DC82E534C87->980d9c0c-33ac-4a22-b481-33b8b1eac469: receive RaftClientReply:client-9DC82E534C87->980d9c0c-33ac-4a22-b481-33b8b1eac469@group-23022C6A558E, cid=3804, SUCCESS, logIndex=5749, commits[980d9c0c-33ac-4a22-b481-33b8b1eac469:c5749, e00ee311-0ce1-4115-b4c1-69648d9d3094:c5745, bb9367ec-656d-4ade-92be-004a921408cc:c5745]
2019-08-06 03:26:51,985 INFO  client.GrpcClientProtocolClient (GrpcClientProtocolClient.java:onNext(255)) - client-9DC82E534C87->980d9c0c-33ac-4a22-b481-33b8b1eac469: receive RaftClientReply:client-9DC82E534C87->980d9c0c-33ac-4a22-b481-33b8b1eac469@group-23022C6A558E, cid=3805, SUCCESS, logIndex=0, commits[980d9c0c-33ac-4a22-b481-33b8b1eac469:c5751, e00ee311-0ce1-4115-b4c1-69648d9d3094:c5749, bb9367ec-656d-4ade-92be-004a921408cc:c5749]
2019-08-06 03:26:52,022 INFO  client.GrpcClientProtocolClient (GrpcClientProtocolClient.java:onNext(255)) - client-9DC82E534C87->980d9c0c-33ac-4a22-b481-33b8b1eac469: receive RaftClientReply:client-9DC82E534C87->980d9c0c-33ac-4a22-b481-33b8b1eac469@group-23022C6A558E, cid=3806, SUCCESS, logIndex=5752, commits[980d9c0c-33ac-4a22-b481-33b8b1eac469:c5753, e00ee311-0ce1-4115-b4c1-69648d9d3094:c5751, bb9367ec-656d-4ade-92be-004a921408cc:c5751]
2019-08-06 03:26:52,023 INFO  client.GrpcClientProtocolClient (GrpcClientProtocolClient.java:onNext(255)) - client-9DC82E534C87->980d9c0c-33ac-4a22-b481-33b8b1eac469: receive RaftClientReply:client-9DC82E534C87->980d9c0c-33ac-4a22-b481-33b8b1eac469@group-23022C6A558E, cid=3807, SUCCESS, logIndex=5753, commits[980d9c0c-33ac-4a22-b481-33b8b1eac469:c5753, e00ee311-0ce1-4115-b4c1-69648d9d3094:c5751, bb9367ec-656d-4ade-92be-004a921408cc:c5751]
2019-08-06 03:26:52,023 INFO  client.GrpcClientProtocolClient (GrpcClientProtocolClient.java:onNext(255)) - client-9DC82E534C87->980d9c0c-33ac-4a22-b481-33b8b1eac469: receive RaftClientReply:client-9DC82E534C87->980d9c0c-33ac-4a22-b481-33b8b1eac469@group-23022C6A558E, cid=3808, SUCCESS, logIndex=5754, commits[980d9c0c-33ac-4a22-b481-33b8b1eac469:c5755, e00ee311-0ce1-4115-b4c1-69648d9d3094:c5751, bb9367ec-656d-4ade-92be-004a921408cc:c5751]
2019-08-06 03:26:52,024 INFO  client.GrpcClientProtocolClient (GrpcClientProtocolClient.java:onNext(255)) - client-9DC82E534C87->980d9c0c-33ac-4a22-b481-33b8b1eac469: receive RaftClientReply:client-9DC82E534C87->980d9c0c-33ac-4a22-b481-33b8b1eac469@group-23022C6A558E, cid=3809, SUCCESS, logIndex=5755, commits[980d9c0c-33ac-4a22-b481-33b8b1eac469:c5755, e00ee311-0ce1-4115-b4c1-69648d9d3094:c5751, bb9367ec-656d-4ade-92be-004a921408cc:c5751]
2019-08-06 03:26:52,037 INFO  client.GrpcClientProtocolClient (GrpcClientProtocolClient.java:onNext(255)) - client-9DC82E534C87->980d9c0c-33ac-4a22-b481-33b8b1eac469: receive RaftClientReply:client-9DC82E534C87->980d9c0c-33ac-4a22-b481-33b8b1eac469@group-23022C6A558E, cid=3810, SUCCESS, logIndex=0, commits[980d9c0c-33ac-4a22-b481-33b8b1eac469:c5757, e00ee311-0ce1-4115-b4c1-69648d9d3094:c5753, bb9367ec-656d-4ade-92be-004a921408cc:c5753]
2019-08-06 03:26:52,059 INFO  client.GrpcClientProtocolClient (GrpcClientProtocolClient.java:onNext(255)) - client-9DC82E534C87->980d9c0c-33ac-4a22-b481-33b8b1eac469: receive RaftClientReply:client-9DC82E534C87->980d9c0c-33ac-4a22-b481-33b8b1eac469@group-23022C6A558E, cid=3811, SUCCESS, logIndex=5760, commits[980d9c0c-33ac-4a22-b481-33b8b1eac469:c5761, e00ee311-0ce1-4115-b4c1-69648d9d3094:c5759, bb9367ec-656d-4ade-92be-004a921408cc:c5759]
2019-08-06 03:26:52,060 INFO  client.GrpcClientProtocolClient (GrpcClientProtocolClient.java:onNext(255)) - client-9DC82E534C87->980d9c0c-33ac-4a22-b481-33b8b1eac469: receive RaftClientReply:client-9DC82E534C87->980d9c0c-33ac-4a22-b481-33b8b1eac469@group-23022C6A558E, cid=3812, SUCCESS, logIndex=5761, commits[980d9c0c-33ac-4a22-b481-33b8b1eac469:c5761, e00ee311-0ce1-4115-b4c1-69648d9d3094:c5759, bb9367ec-656d-4ade-92be-004a921408cc:c5759]
2019-08-06 03:26:52,086 INFO  client.GrpcClientProtocolClient (GrpcClientProtocolClient.java:onNext(255)) - client-9DC82E534C87->980d9c0c-33ac-4a22-b481-33b8b1eac469: receive RaftClientReply:client-9DC82E534C87->980d9c0c-33ac-4a22-b481-33b8b1eac469@group-23022C6A558E, cid=3813, SUCCESS, logIndex=5764, commits[980d9c0c-33ac-4a22-b481-33b8b1eac469:c5764, e00ee311-0ce1-4115-b4c1-69648d9d3094:c5761, bb9367ec-656d-4ade-92be-004a921408cc:c5761]
2019-08-06 03:26:52,086 INFO  client.GrpcClientProtocolClient (GrpcClientProtocolClient.java:onNext(255)) - client-9DC82E534C87->980d9c0c-33ac-4a22-b481-33b8b1eac469: receive RaftClientReply:client-9DC82E534C87->980d9c0c-33ac-4a22-b481-33b8b1eac469@group-23022C6A558E, cid=3814, SUCCESS, logIndex=5765, commits[980d9c0c-33ac-4a22-b481-33b8b1eac469:c5765, e00ee311-0ce1-4115-b4c1-69648d9d3094:c5761, bb9367ec-656d-4ade-92be-004a921408cc:c5761]
2019-08-06 03:26:52,112 INFO  client.GrpcClientProtocolClient (GrpcClientProtocolClient.java:onNext(255)) - client-9DC82E534C87->980d9c0c-33ac-4a22-b481-33b8b1eac469: receive RaftClientReply:client-9DC82E534C87->980d9c0c-33ac-4a22-b481-33b8b1eac469@group-23022C6A558E, cid=3815, SUCCESS, logIndex=0, commits[980d9c0c-33ac-4a22-b481-33b8b1eac469:c5767, e00ee311-0ce1-4115-b4c1-69648d9d3094:c5765, bb9367ec-656d-4ade-92be-004a921408cc:c5765]
2019-08-06 03:26:52,150 INFO  client.GrpcClientProtocolClient (GrpcClientProtocolClient.java:onNext(255)) - client-9DC82E534C87->980d9c0c-33ac-4a22-b481-33b8b1eac469: receive RaftClientReply:client-9DC82E534C87->980d9c0c-33ac-4a22-b481-33b8b1eac469@group-23022C6A558E, cid=3816, SUCCESS, logIndex=5768, commits[980d9c0c-33ac-4a22-b481-33b8b1eac469:c5769, e00ee311-0ce1-4115-b4c1-69648d9d3094:c5767, bb9367ec-656d-4ade-92be-004a921408cc:c5767]
2019-08-06 03:26:52,151 INFO  client.GrpcClientProtocolClient (GrpcClientProtocolClient.java:onNext(255)) - client-9DC82E534C87->980d9c0c-33ac-4a22-b481-33b8b1eac469: receive RaftClientReply:client-9DC82E534C87->980d9c0c-33ac-4a22-b481-33b8b1eac469@group-23022C6A558E, cid=3817, SUCCESS, logIndex=5769, commits[980d9c0c-33ac-4a22-b481-33b8b1eac469:c5769, e00ee311-0ce1-4115-b4c1-69648d9d3094:c5767, bb9367ec-656d-4ade-92be-004a921408cc:c5767]
2019-08-06 03:26:52,163 INFO  client.GrpcClientProtocolClient (GrpcClientProtocolClient.java:onNext(255)) - client-9DC82E534C87->980d9c0c-33ac-4a22-b481-33b8b1eac469: receive RaftClientReply:client-9DC82E534C87->980d9c0c-33ac-4a22-b481-33b8b1eac469@group-23022C6A558E, cid=3818, SUCCESS, logIndex=5770, commits[980d9c0c-33ac-4a22-b481-33b8b1eac469:c5770, e00ee311-0ce1-4115-b4c1-69648d9d3094:c5767, bb9367ec-656d-4ade-92be-004a921408cc:c5767]
2019-08-06 03:26:52,163 INFO  client.GrpcClientProtocolClient (GrpcClientProtocolClient.java:onNext(255)) - client-9DC82E534C87->980d9c0c-33ac-4a22-b481-33b8b1eac469: receive RaftClientReply:client-9DC82E534C87->980d9c0c-33ac-4a22-b481-33b8b1eac469@group-23022C6A558E, cid=3819, SUCCESS, logIndex=5771, commits[980d9c0c-33ac-4a22-b481-33b8b1eac469:c5771, e00ee311-0ce1-4115-b4c1-69648d9d3094:c5767, bb9367ec-656d-4ade-92be-004a921408cc:c5767]
2019-08-06 03:26:52,176 INFO  client.GrpcClientProtocolClient (GrpcClientProtocolClient.java:onNext(255)) - client-9DC82E534C87->980d9c0c-33ac-4a22-b481-33b8b1eac469: receive RaftClientReply:client-9DC82E534C87->980d9c0c-33ac-4a22-b481-33b8b1eac469@group-23022C6A558E, cid=3820, SUCCESS, logIndex=0, commits[980d9c0c-33ac-4a22-b481-33b8b1eac469:c5773, e00ee311-0ce1-4115-b4c1-69648d9d3094:c5769, bb9367ec-656d-4ade-92be-004a921408cc:c5769]
2019-08-06 03:26:52,197 INFO  client.GrpcClientProtocolClient (GrpcClientProtocolClient.java:onNext(255)) - client-9DC82E534C87->980d9c0c-33ac-4a22-b481-33b8b1eac469: receive RaftClientReply:client-9DC82E534C87->980d9c0c-33ac-4a22-b481-33b8b1eac469@group-23022C6A558E, cid=3821, SUCCESS, logIndex=5776, commits[980d9c0c-33ac-4a22-b481-33b8b1eac469:c5777, e00ee311-0ce1-4115-b4c1-69648d9d3094:c5771, bb9367ec-656d-4ade-92be-004a921408cc:c5773]
2019-08-06 03:26:52,197 INFO  client.GrpcClientProtocolClient (GrpcClientProtocolClient.java:onNext(255)) - client-9DC82E534C87->980d9c0c-33ac-4a22-b481-33b8b1eac469: receive RaftClientReply:client-9DC82E534C87->980d9c0c-33ac-4a22-b481-33b8b1eac469@group-23022C6A558E, cid=3822, SUCCESS, logIndex=5777, commits[980d9c0c-33ac-4a22-b481-33b8b1eac469:c5777, e00ee311-0ce1-4115-b4c1-69648d9d3094:c5773, bb9367ec-656d-4ade-92be-004a921408cc:c5773]
2019-08-06 03:26:52,225 INFO  client.GrpcClientProtocolClient (GrpcClientProtocolClient.java:onNext(255)) - client-9DC82E534C87->980d9c0c-33ac-4a22-b481-33b8b1eac469: receive RaftClientReply:client-9DC82E534C87->980d9c0c-33ac-4a22-b481-33b8b1eac469@group-23022C6A558E, cid=3823, SUCCESS, logIndex=5780, commits[980d9c0c-33ac-4a22-b481-33b8b1eac469:c5781, e00ee311-0ce1-4115-b4c1-69648d9d3094:c5779, bb9367ec-656d-4ade-92be-004a921408cc:c5779]
2019-08-06 03:26:52,225 INFO  client.GrpcClientProtocolClient (GrpcClientProtocolClient.java:onNext(255)) - client-9DC82E534C87->980d9c0c-33ac-4a22-b481-33b8b1eac469: receive RaftClientReply:client-9DC82E534C87->980d9c0c-33ac-4a22-b481-33b8b1eac469@group-23022C6A558E, cid=3824, SUCCESS, logIndex=5781, commits[980d9c0c-33ac-4a22-b481-33b8b1eac469:c5781, e00ee311-0ce1-4115-b4c1-69648d9d3094:c5779, bb9367ec-656d-4ade-92be-004a921408cc:c5779]
2019-08-06 03:26:52,239 INFO  client.GrpcClientProtocolClient (GrpcClientProtocolClient.java:onNext(255)) - client-9DC82E534C87->980d9c0c-33ac-4a22-b481-33b8b1eac469: receive RaftClientReply:client-9DC82E534C87->980d9c0c-33ac-4a22-b481-33b8b1eac469@group-23022C6A558E, cid=3825, SUCCESS, logIndex=0, commits[980d9c0c-33ac-4a22-b481-33b8b1eac469:c5783, e00ee311-0ce1-4115-b4c1-69648d9d3094:c5781, bb9367ec-656d-4ade-92be-004a921408cc:c5781]
2019-08-06 03:26:52,276 INFO  client.GrpcClientProtocolClient (GrpcClientProtocolClient.java:onNext(255)) - client-9DC82E534C87->980d9c0c-33ac-4a22-b481-33b8b1eac469: receive RaftClientReply:client-9DC82E534C87->980d9c0c-33ac-4a22-b481-33b8b1eac469@group-23022C6A558E, cid=3826, SUCCESS, logIndex=5784, commits[980d9c0c-33ac-4a22-b481-33b8b1eac469:c5785, e00ee311-0ce1-4115-b4c1-69648d9d3094:c5783, bb9367ec-656d-4ade-92be-004a921408cc:c5783]
2019-08-06 03:26:52,276 INFO  client.GrpcClientProtocolClient (GrpcClientProtocolClient.java:onNext(255)) - client-9DC82E534C87->980d9c0c-33ac-4a22-b481-33b8b1eac469: receive RaftClientReply:client-9DC82E534C87->980d9c0c-33ac-4a22-b481-33b8b1eac469@group-23022C6A558E, cid=3827, SUCCESS, logIndex=5785, commits[980d9c0c-33ac-4a22-b481-33b8b1eac469:c5785, e00ee311-0ce1-4115-b4c1-69648d9d3094:c5783, bb9367ec-656d-4ade-92be-004a921408cc:c5783]
2019-08-06 03:26:52,277 INFO  client.GrpcClientProtocolClient (GrpcClientProtocolClient.java:onNext(255)) - client-9DC82E534C87->980d9c0c-33ac-4a22-b481-33b8b1eac469: receive RaftClientReply:client-9DC82E534C87->980d9c0c-33ac-4a22-b481-33b8b1eac469@group-23022C6A558E, cid=3828, SUCCESS, logIndex=5786, commits[980d9c0c-33ac-4a22-b481-33b8b1eac469:c5787, e00ee311-0ce1-4115-b4c1-69648d9d3094:c5783, bb9367ec-656d-4ade-92be-004a921408cc:c5783]
2019-08-06 03:26:52,277 INFO  client.GrpcClientProtocolClient (GrpcClientProtocolClient.java:onNext(255)) - client-9DC82E534C87->980d9c0c-33ac-4a22-b481-33b8b1eac469: receive RaftClientReply:client-9DC82E534C87->980d9c0c-33ac-4a22-b481-33b8b1eac469@group-23022C6A558E, cid=3829, SUCCESS, logIndex=5787, commits[980d9c0c-33ac-4a22-b481-33b8b1eac469:c5787, e00ee311-0ce1-4115-b4c1-69648d9d3094:c5783, bb9367ec-656d-4ade-92be-004a921408cc:c5783]
2019-08-06 03:26:52,289 INFO  client.GrpcClientProtocolClient (GrpcClientProtocolClient.java:onNext(255)) - client-9DC82E534C87->980d9c0c-33ac-4a22-b481-33b8b1eac469: receive RaftClientReply:client-9DC82E534C87->980d9c0c-33ac-4a22-b481-33b8b1eac469@group-23022C6A558E, cid=3830, SUCCESS, logIndex=0, commits[980d9c0c-33ac-4a22-b481-33b8b1eac469:c5789, e00ee311-0ce1-4115-b4c1-69648d9d3094:c5785, bb9367ec-656d-4ade-92be-004a921408cc:c5785]
2019-08-06 03:26:52,310 INFO  client.GrpcClientProtocolClient (GrpcClientProtocolClient.java:onNext(255)) - client-9DC82E534C87->980d9c0c-33ac-4a22-b481-33b8b1eac469: receive RaftClientReply:client-9DC82E534C87->980d9c0c-33ac-4a22-b481-33b8b1eac469@group-23022C6A558E, cid=3831, SUCCESS, logIndex=5792, commits[980d9c0c-33ac-4a22-b481-33b8b1eac469:c5793, e00ee311-0ce1-4115-b4c1-69648d9d3094:c5791, bb9367ec-656d-4ade-92be-004a921408cc:c5791]
2019-08-06 03:26:52,311 INFO  client.GrpcClientProtocolClient (GrpcClientProtocolClient.java:onNext(255)) - client-9DC82E534C87->980d9c0c-33ac-4a22-b481-33b8b1eac469: receive RaftClientReply:client-9DC82E534C87->980d9c0c-33ac-4a22-b481-33b8b1eac469@group-23022C6A558E, cid=3832, SUCCESS, logIndex=5793, commits[980d9c0c-33ac-4a22-b481-33b8b1eac469:c5793, e00ee311-0ce1-4115-b4c1-69648d9d3094:c5791, bb9367ec-656d-4ade-92be-004a921408cc:c5791]
2019-08-06 03:26:52,325 INFO  client.GrpcClientProtocolClient (GrpcClientProtocolClient.java:onNext(255)) - client-9DC82E534C87->980d9c0c-33ac-4a22-b481-33b8b1eac469: receive RaftClientReply:client-9DC82E534C87->980d9c0c-33ac-4a22-b481-33b8b1eac469@group-23022C6A558E, cid=3833, SUCCESS, logIndex=5796, commits[980d9c0c-33ac-4a22-b481-33b8b1eac469:c5797, e00ee311-0ce1-4115-b4c1-69648d9d3094:c5793, bb9367ec-656d-4ade-92be-004a921408cc:c5793]
2019-08-06 03:26:52,325 INFO  client.GrpcClientProtocolClient (GrpcClientProtocolClient.java:onNext(255)) - client-9DC82E534C87->980d9c0c-33ac-4a22-b481-33b8b1eac469: receive RaftClientReply:client-9DC82E534C87->980d9c0c-33ac-4a22-b481-33b8b1eac469@group-23022C6A558E, cid=3834, SUCCESS, logIndex=5797, commits[980d9c0c-33ac-4a22-b481-33b8b1eac469:c5797, e00ee311-0ce1-4115-b4c1-69648d9d3094:c5793, bb9367ec-656d-4ade-92be-004a921408cc:c5793]
2019-08-06 03:26:52,337 INFO  client.GrpcClientProtocolClient (GrpcClientProtocolClient.java:onNext(255)) - client-9DC82E534C87->980d9c0c-33ac-4a22-b481-33b8b1eac469: receive RaftClientReply:client-9DC82E534C87->980d9c0c-33ac-4a22-b481-33b8b1eac469@group-23022C6A558E, cid=3835, SUCCESS, logIndex=0, commits[980d9c0c-33ac-4a22-b481-33b8b1eac469:c5798, e00ee311-0ce1-4115-b4c1-69648d9d3094:c5797, bb9367ec-656d-4ade-92be-004a921408cc:c5797]
2019-08-06 03:26:52,374 INFO  client.GrpcClientProtocolClient (GrpcClientProtocolClient.java:onNext(255)) - client-9DC82E534C87->980d9c0c-33ac-4a22-b481-33b8b1eac469: receive RaftClientReply:client-9DC82E534C87->980d9c0c-33ac-4a22-b481-33b8b1eac469@group-23022C6A558E, cid=3836, SUCCESS, logIndex=5800, commits[980d9c0c-33ac-4a22-b481-33b8b1eac469:c5800, e00ee311-0ce1-4115-b4c1-69648d9d3094:c5799, bb9367ec-656d-4ade-92be-004a921408cc:c5799]
2019-08-06 03:26:52,375 INFO  client.GrpcClientProtocolClient (GrpcClientProtocolClient.java:onNext(255)) - client-9DC82E534C87->980d9c0c-33ac-4a22-b481-33b8b1eac469: receive RaftClientReply:client-9DC82E534C87->980d9c0c-33ac-4a22-b481-33b8b1eac469@group-23022C6A558E, cid=3837, SUCCESS, logIndex=5801, commits[980d9c0c-33ac-4a22-b481-33b8b1eac469:c5801, e00ee311-0ce1-4115-b4c1-69648d9d3094:c5799, bb9367ec-656d-4ade-92be-004a921408cc:c5799]
2019-08-06 03:26:52,383 INFO  client.GrpcClientProtocolClient (GrpcClientProtocolClient.java:onNext(255)) - client-9DC82E534C87->980d9c0c-33ac-4a22-b481-33b8b1eac469: receive RaftClientReply:client-9DC82E534C87->980d9c0c-33ac-4a22-b481-33b8b1eac469@group-23022C6A558E, cid=3838, SUCCESS, logIndex=5802, commits[980d9c0c-33ac-4a22-b481-33b8b1eac469:c5803, e00ee311-0ce1-4115-b4c1-69648d9d3094:c5799, bb9367ec-656d-4ade-92be-004a921408cc:c5799]
2019-08-06 03:26:52,384 INFO  client.GrpcClientProtocolClient (GrpcClientProtocolClient.java:onNext(255)) - client-9DC82E534C87->980d9c0c-33ac-4a22-b481-33b8b1eac469: receive RaftClientReply:client-9DC82E534C87->980d9c0c-33ac-4a22-b481-33b8b1eac469@group-23022C6A558E, cid=3839, SUCCESS, logIndex=5803, commits[980d9c0c-33ac-4a22-b481-33b8b1eac469:c5803, e00ee311-0ce1-4115-b4c1-69648d9d3094:c5799, bb9367ec-656d-4ade-92be-004a921408cc:c5799]
2019-08-06 03:26:52,386 INFO  client.GrpcClientProtocolClient (GrpcClientProtocolClient.java:onNext(255)) - client-9DC82E534C87->980d9c0c-33ac-4a22-b481-33b8b1eac469: receive RaftClientReply:client-9DC82E534C87->980d9c0c-33ac-4a22-b481-33b8b1eac469@group-23022C6A558E, cid=3840, SUCCESS, logIndex=0, commits[980d9c0c-33ac-4a22-b481-33b8b1eac469:c5803, e00ee311-0ce1-4115-b4c1-69648d9d3094:c5801, bb9367ec-656d-4ade-92be-004a921408cc:c5801]
2019-08-06 03:26:52,415 INFO  client.GrpcClientProtocolClient (GrpcClientProtocolClient.java:onNext(255)) - client-9DC82E534C87->980d9c0c-33ac-4a22-b481-33b8b1eac469: receive RaftClientReply:client-9DC82E534C87->980d9c0c-33ac-4a22-b481-33b8b1eac469@group-23022C6A558E, cid=3841, SUCCESS, logIndex=5808, commits[980d9c0c-33ac-4a22-b481-33b8b1eac469:c5809, e00ee311-0ce1-4115-b4c1-69648d9d3094:c5803, bb9367ec-656d-4ade-92be-004a921408cc:c5803]
2019-08-06 03:26:52,415 INFO  client.GrpcClientProtocolClient (GrpcClientProtocolClient.java:onNext(255)) - client-9DC82E534C87->980d9c0c-33ac-4a22-b481-33b8b1eac469: receive RaftClientReply:client-9DC82E534C87->980d9c0c-33ac-4a22-b481-33b8b1eac469@group-23022C6A558E, cid=3842, SUCCESS, logIndex=5809, commits[980d9c0c-33ac-4a22-b481-33b8b1eac469:c5809, e00ee311-0ce1-4115-b4c1-69648d9d3094:c5803, bb9367ec-656d-4ade-92be-004a921408cc:c5803]
2019-08-06 03:26:52,442 INFO  client.GrpcClientProtocolClient (GrpcClientProtocolClient.java:onNext(255)) - client-9DC82E534C87->980d9c0c-33ac-4a22-b481-33b8b1eac469: receive RaftClientReply:client-9DC82E534C87->980d9c0c-33ac-4a22-b481-33b8b1eac469@group-23022C6A558E, cid=3843, SUCCESS, logIndex=5812, commits[980d9c0c-33ac-4a22-b481-33b8b1eac469:c5813, e00ee311-0ce1-4115-b4c1-69648d9d3094:c5809, bb9367ec-656d-4ade-92be-004a921408cc:c5808]
2019-08-06 03:26:52,442 INFO  client.GrpcClientProtocolClient (GrpcClientProtocolClient.java:onNext(255)) - client-9DC82E534C87->980d9c0c-33ac-4a22-b481-33b8b1eac469: receive RaftClientReply:client-9DC82E534C87->980d9c0c-33ac-4a22-b481-33b8b1eac469@group-23022C6A558E, cid=3844, SUCCESS, logIndex=5813, commits[980d9c0c-33ac-4a22-b481-33b8b1eac469:c5813, e00ee311-0ce1-4115-b4c1-69648d9d3094:c5809, bb9367ec-656d-4ade-92be-004a921408cc:c5809]
2019-08-06 03:26:52,449 INFO  client.GrpcClientProtocolClient (GrpcClientProtocolClient.java:onNext(255)) - client-9DC82E534C87->980d9c0c-33ac-4a22-b481-33b8b1eac469: receive RaftClientReply:client-9DC82E534C87->980d9c0c-33ac-4a22-b481-33b8b1eac469@group-23022C6A558E, cid=3845, SUCCESS, logIndex=0, commits[980d9c0c-33ac-4a22-b481-33b8b1eac469:c5814, e00ee311-0ce1-4115-b4c1-69648d9d3094:c5813, bb9367ec-656d-4ade-92be-004a921408cc:c5813]
 0.00% |█                                                                                                    |  0/1 Time: 0:00:392019-08-06 03:26:52,600 INFO  client.GrpcClientProtocolClient (GrpcClientProtocolClient.java:onNext(255)) - client-9DC82E534C87->980d9c0c-33ac-4a22-b481-33b8b1eac469: receive RaftClientReply:client-9DC82E534C87->980d9c0c-33ac-4a22-b481-33b8b1eac469@group-23022C6A558E, cid=3846, SUCCESS, logIndex=5816, commits[980d9c0c-33ac-4a22-b481-33b8b1eac469:c5816, e00ee311-0ce1-4115-b4c1-69648d9d3094:c5813, bb9367ec-656d-4ade-92be-004a921408cc:c5815]
2019-08-06 03:26:52,608 INFO  client.GrpcClientProtocolClient (GrpcClientProtocolClient.java:onNext(255)) - client-9DC82E534C87->980d9c0c-33ac-4a22-b481-33b8b1eac469: receive RaftClientReply:client-9DC82E534C87->980d9c0c-33ac-4a22-b481-33b8b1eac469@group-23022C6A558E, cid=3847, SUCCESS, logIndex=5817, commits[980d9c0c-33ac-4a22-b481-33b8b1eac469:c5817, e00ee311-0ce1-4115-b4c1-69648d9d3094:c5815, bb9367ec-656d-4ade-92be-004a921408cc:c5815]
2019-08-06 03:26:52,609 INFO  client.GrpcClientProtocolClient (GrpcClientProtocolClient.java:onNext(255)) - client-9DC82E534C87->980d9c0c-33ac-4a22-b481-33b8b1eac469: receive RaftClientReply:client-9DC82E534C87->980d9c0c-33ac-4a22-b481-33b8b1eac469@group-23022C6A558E, cid=3848, SUCCESS, logIndex=5818, commits[980d9c0c-33ac-4a22-b481-33b8b1eac469:c5819, e00ee311-0ce1-4115-b4c1-69648d9d3094:c5815, bb9367ec-656d-4ade-92be-004a921408cc:c5815]
2019-08-06 03:26:52,609 INFO  client.GrpcClientProtocolClient (GrpcClientProtocolClient.java:onNext(255)) - client-9DC82E534C87->980d9c0c-33ac-4a22-b481-33b8b1eac469: receive RaftClientReply:client-9DC82E534C87->980d9c0c-33ac-4a22-b481-33b8b1eac469@group-23022C6A558E, cid=3849, SUCCESS, logIndex=5819, commits[980d9c0c-33ac-4a22-b481-33b8b1eac469:c5819, e00ee311-0ce1-4115-b4c1-69648d9d3094:c5815, bb9367ec-656d-4ade-92be-004a921408cc:c5815]
2019-08-06 03:26:52,623 INFO  client.GrpcClientProtocolClient (GrpcClientProtocolClient.java:onNext(255)) - client-9DC82E534C87->980d9c0c-33ac-4a22-b481-33b8b1eac469: receive RaftClientReply:client-9DC82E534C87->980d9c0c-33ac-4a22-b481-33b8b1eac469@group-23022C6A558E, cid=3850, SUCCESS, logIndex=0, commits[980d9c0c-33ac-4a22-b481-33b8b1eac469:c5823, e00ee311-0ce1-4115-b4c1-69648d9d3094:c5819, bb9367ec-656d-4ade-92be-004a921408cc:c5817]
2019-08-06 03:26:52,644 INFO  client.GrpcClientProtocolClient (GrpcClientProtocolClient.java:onNext(255)) - client-9DC82E534C87->980d9c0c-33ac-4a22-b481-33b8b1eac469: receive RaftClientReply:client-9DC82E534C87->980d9c0c-33ac-4a22-b481-33b8b1eac469@group-23022C6A558E, cid=3851, SUCCESS, logIndex=5824, commits[980d9c0c-33ac-4a22-b481-33b8b1eac469:c5825, e00ee311-0ce1-4115-b4c1-69648d9d3094:c5823, bb9367ec-656d-4ade-92be-004a921408cc:c5823]
2019-08-06 03:26:52,644 INFO  client.GrpcClientProtocolClient (GrpcClientProtocolClient.java:onNext(255)) - client-9DC82E534C87->980d9c0c-33ac-4a22-b481-33b8b1eac469: receive RaftClientReply:client-9DC82E534C87->980d9c0c-33ac-4a22-b481-33b8b1eac469@group-23022C6A558E, cid=3852, SUCCESS, logIndex=5825, commits[980d9c0c-33ac-4a22-b481-33b8b1eac469:c5825, e00ee311-0ce1-4115-b4c1-69648d9d3094:c5823, bb9367ec-656d-4ade-92be-004a921408cc:c5823]
2019-08-06 03:26:52,672 INFO  client.GrpcClientProtocolClient (GrpcClientProtocolClient.java:onNext(255)) - client-9DC82E534C87->980d9c0c-33ac-4a22-b481-33b8b1eac469: receive RaftClientReply:client-9DC82E534C87->980d9c0c-33ac-4a22-b481-33b8b1eac469@group-23022C6A558E, cid=3853, SUCCESS, logIndex=5828, commits[980d9c0c-33ac-4a22-b481-33b8b1eac469:c5829, e00ee311-0ce1-4115-b4c1-69648d9d3094:c5825, bb9367ec-656d-4ade-92be-004a921408cc:c5825]
2019-08-06 03:26:52,672 INFO  client.GrpcClientProtocolClient (GrpcClientProtocolClient.java:onNext(255)) - client-9DC82E534C87->980d9c0c-33ac-4a22-b481-33b8b1eac469: receive RaftClientReply:client-9DC82E534C87->980d9c0c-33ac-4a22-b481-33b8b1eac469@group-23022C6A558E, cid=3854, SUCCESS, logIndex=5829, commits[980d9c0c-33ac-4a22-b481-33b8b1eac469:c5829, e00ee311-0ce1-4115-b4c1-69648d9d3094:c5825, bb9367ec-656d-4ade-92be-004a921408cc:c5825]
2019-08-06 03:26:52,685 INFO  client.GrpcClientProtocolClient (GrpcClientProtocolClient.java:onNext(255)) - client-9DC82E534C87->980d9c0c-33ac-4a22-b481-33b8b1eac469: receive RaftClientReply:client-9DC82E534C87->980d9c0c-33ac-4a22-b481-33b8b1eac469@group-23022C6A558E, cid=3855, SUCCESS, logIndex=0, commits[980d9c0c-33ac-4a22-b481-33b8b1eac469:c5831, e00ee311-0ce1-4115-b4c1-69648d9d3094:c5829, bb9367ec-656d-4ade-92be-004a921408cc:c5829]
2019-08-06 03:26:52,722 INFO  client.GrpcClientProtocolClient (GrpcClientProtocolClient.java:onNext(255)) - client-9DC82E534C87->980d9c0c-33ac-4a22-b481-33b8b1eac469: receive RaftClientReply:client-9DC82E534C87->980d9c0c-33ac-4a22-b481-33b8b1eac469@group-23022C6A558E, cid=3856, SUCCESS, logIndex=5832, commits[980d9c0c-33ac-4a22-b481-33b8b1eac469:c5833, e00ee311-0ce1-4115-b4c1-69648d9d3094:c5831, bb9367ec-656d-4ade-92be-004a921408cc:c5831]
2019-08-06 03:26:52,722 INFO  client.GrpcClientProtocolClient (GrpcClientProtocolClient.java:onNext(255)) - client-9DC82E534C87->980d9c0c-33ac-4a22-b481-33b8b1eac469: receive RaftClientReply:client-9DC82E534C87->980d9c0c-33ac-4a22-b481-33b8b1eac469@group-23022C6A558E, cid=3857, SUCCESS, logIndex=5833, commits[980d9c0c-33ac-4a22-b481-33b8b1eac469:c5833, e00ee311-0ce1-4115-b4c1-69648d9d3094:c5831, bb9367ec-656d-4ade-92be-004a921408cc:c5831]
2019-08-06 03:26:52,733 INFO  client.GrpcClientProtocolClient (GrpcClientProtocolClient.java:onNext(255)) - client-9DC82E534C87->980d9c0c-33ac-4a22-b481-33b8b1eac469: receive RaftClientReply:client-9DC82E534C87->980d9c0c-33ac-4a22-b481-33b8b1eac469@group-23022C6A558E, cid=3858, SUCCESS, logIndex=5834, commits[980d9c0c-33ac-4a22-b481-33b8b1eac469:c5834, e00ee311-0ce1-4115-b4c1-69648d9d3094:c5831, bb9367ec-656d-4ade-92be-004a921408cc:c5831]
2019-08-06 03:26:52,733 INFO  client.GrpcClientProtocolClient (GrpcClientProtocolClient.java:onNext(255)) - client-9DC82E534C87->980d9c0c-33ac-4a22-b481-33b8b1eac469: receive RaftClientReply:client-9DC82E534C87->980d9c0c-33ac-4a22-b481-33b8b1eac469@group-23022C6A558E, cid=3859, SUCCESS, logIndex=5835, commits[980d9c0c-33ac-4a22-b481-33b8b1eac469:c5835, e00ee311-0ce1-4115-b4c1-69648d9d3094:c5831, bb9367ec-656d-4ade-92be-004a921408cc:c5831]
2019-08-06 03:26:52,747 INFO  client.GrpcClientProtocolClient (GrpcClientProtocolClient.java:onNext(255)) - client-9DC82E534C87->980d9c0c-33ac-4a22-b481-33b8b1eac469: receive RaftClientReply:client-9DC82E534C87->980d9c0c-33ac-4a22-b481-33b8b1eac469@group-23022C6A558E, cid=3860, SUCCESS, logIndex=0, commits[980d9c0c-33ac-4a22-b481-33b8b1eac469:c5837, e00ee311-0ce1-4115-b4c1-69648d9d3094:c5833, bb9367ec-656d-4ade-92be-004a921408cc:c5833]
2019-08-06 03:26:52,773 INFO  client.GrpcClientProtocolClient (GrpcClientProtocolClient.java:onNext(255)) - client-9DC82E534C87->980d9c0c-33ac-4a22-b481-33b8b1eac469: receive RaftClientReply:client-9DC82E534C87->980d9c0c-33ac-4a22-b481-33b8b1eac469@group-23022C6A558E, cid=3861, SUCCESS, logIndex=5840, commits[980d9c0c-33ac-4a22-b481-33b8b1eac469:c5841, e00ee311-0ce1-4115-b4c1-69648d9d3094:c5835, bb9367ec-656d-4ade-92be-004a921408cc:c5837]
2019-08-06 03:26:52,773 INFO  client.GrpcClientProtocolClient (GrpcClientProtocolClient.java:onNext(255)) - client-9DC82E534C87->980d9c0c-33ac-4a22-b481-33b8b1eac469: receive RaftClientReply:client-9DC82E534C87->980d9c0c-33ac-4a22-b481-33b8b1eac469@group-23022C6A558E, cid=3862, SUCCESS, logIndex=5841, commits[980d9c0c-33ac-4a22-b481-33b8b1eac469:c5841, e00ee311-0ce1-4115-b4c1-69648d9d3094:c5837, bb9367ec-656d-4ade-92be-004a921408cc:c5837]
2019-08-06 03:26:52,789 INFO  client.GrpcClientProtocolClient (GrpcClientProtocolClient.java:onNext(255)) - client-9DC82E534C87->980d9c0c-33ac-4a22-b481-33b8b1eac469: receive RaftClientReply:client-9DC82E534C87->980d9c0c-33ac-4a22-b481-33b8b1eac469@group-23022C6A558E, cid=3863, SUCCESS, logIndex=5843, commits[980d9c0c-33ac-4a22-b481-33b8b1eac469:c5843, e00ee311-0ce1-4115-b4c1-69648d9d3094:c5841, bb9367ec-656d-4ade-92be-004a921408cc:c5841]
2019-08-06 03:26:52,790 INFO  client.GrpcClientProtocolClient (GrpcClientProtocolClient.java:onNext(255)) - client-9DC82E534C87->980d9c0c-33ac-4a22-b481-33b8b1eac469: receive RaftClientReply:client-9DC82E534C87->980d9c0c-33ac-4a22-b481-33b8b1eac469@group-23022C6A558E, cid=3864, SUCCESS, logIndex=5844, commits[980d9c0c-33ac-4a22-b481-33b8b1eac469:c5844, e00ee311-0ce1-4115-b4c1-69648d9d3094:c5841, bb9367ec-656d-4ade-92be-004a921408cc:c5841]
2019-08-06 03:26:52,810 INFO  client.GrpcClientProtocolClient (GrpcClientProtocolClient.java:onNext(255)) - client-9DC82E534C87->980d9c0c-33ac-4a22-b481-33b8b1eac469: receive RaftClientReply:client-9DC82E534C87->980d9c0c-33ac-4a22-b481-33b8b1eac469@group-23022C6A558E, cid=3865, SUCCESS, logIndex=0, commits[980d9c0c-33ac-4a22-b481-33b8b1eac469:c5846, e00ee311-0ce1-4115-b4c1-69648d9d3094:c5844, bb9367ec-656d-4ade-92be-004a921408cc:c5844]
2019-08-06 03:26:52,841 INFO  client.GrpcClientProtocolClient (GrpcClientProtocolClient.java:onNext(255)) - client-9DC82E534C87->980d9c0c-33ac-4a22-b481-33b8b1eac469: receive RaftClientReply:client-9DC82E534C87->980d9c0c-33ac-4a22-b481-33b8b1eac469@group-23022C6A558E, cid=3866, SUCCESS, logIndex=5847, commits[980d9c0c-33ac-4a22-b481-33b8b1eac469:c5848, e00ee311-0ce1-4115-b4c1-69648d9d3094:c5846, bb9367ec-656d-4ade-92be-004a921408cc:c5846]
2019-08-06 03:26:52,842 INFO  client.GrpcClientProtocolClient (GrpcClientProtocolClient.java:onNext(255)) - client-9DC82E534C87->980d9c0c-33ac-4a22-b481-33b8b1eac469: receive RaftClientReply:client-9DC82E534C87->980d9c0c-33ac-4a22-b481-33b8b1eac469@group-23022C6A558E, cid=3867, SUCCESS, logIndex=5848, commits[980d9c0c-33ac-4a22-b481-33b8b1eac469:c5850, e00ee311-0ce1-4115-b4c1-69648d9d3094:c5846, bb9367ec-656d-4ade-92be-004a921408cc:c5846]
2019-08-06 03:26:52,842 INFO  client.GrpcClientProtocolClient (GrpcClientProtocolClient.java:onNext(255)) - client-9DC82E534C87->980d9c0c-33ac-4a22-b481-33b8b1eac469: receive RaftClientReply:client-9DC82E534C87->980d9c0c-33ac-4a22-b481-33b8b1eac469@group-23022C6A558E, cid=3868, SUCCESS, logIndex=5849, commits[980d9c0c-33ac-4a22-b481-33b8b1eac469:c5850, e00ee311-0ce1-4115-b4c1-69648d9d3094:c5846, bb9367ec-656d-4ade-92be-004a921408cc:c5846]
2019-08-06 03:26:52,842 INFO  client.GrpcClientProtocolClient (GrpcClientProtocolClient.java:onNext(255)) - client-9DC82E534C87->980d9c0c-33ac-4a22-b481-33b8b1eac469: receive RaftClientReply:client-9DC82E534C87->980d9c0c-33ac-4a22-b481-33b8b1eac469@group-23022C6A558E, cid=3869, SUCCESS, logIndex=5850, commits[980d9c0c-33ac-4a22-b481-33b8b1eac469:c5850, e00ee311-0ce1-4115-b4c1-69648d9d3094:c5846, bb9367ec-656d-4ade-92be-004a921408cc:c5846]
2019-08-06 03:26:52,857 INFO  client.GrpcClientProtocolClient (GrpcClientProtocolClient.java:onNext(255)) - client-9DC82E534C87->980d9c0c-33ac-4a22-b481-33b8b1eac469: receive RaftClientReply:client-9DC82E534C87->980d9c0c-33ac-4a22-b481-33b8b1eac469@group-23022C6A558E, cid=3870, SUCCESS, logIndex=0, commits[980d9c0c-33ac-4a22-b481-33b8b1eac469:c5854, e00ee311-0ce1-4115-b4c1-69648d9d3094:c5848, bb9367ec-656d-4ade-92be-004a921408cc:c5850]
2019-08-06 03:26:52,877 INFO  client.GrpcClientProtocolClient (GrpcClientProtocolClient.java:onNext(255)) - client-9DC82E534C87->980d9c0c-33ac-4a22-b481-33b8b1eac469: receive RaftClientReply:client-9DC82E534C87->980d9c0c-33ac-4a22-b481-33b8b1eac469@group-23022C6A558E, cid=3871, SUCCESS, logIndex=5855, commits[980d9c0c-33ac-4a22-b481-33b8b1eac469:c5856, e00ee311-0ce1-4115-b4c1-69648d9d3094:c5854, bb9367ec-656d-4ade-92be-004a921408cc:c5854]
2019-08-06 03:26:52,877 INFO  client.GrpcClientProtocolClient (GrpcClientProtocolClient.java:onNext(255)) - client-9DC82E534C87->980d9c0c-33ac-4a22-b481-33b8b1eac469: receive RaftClientReply:client-9DC82E534C87->980d9c0c-33ac-4a22-b481-33b8b1eac469@group-23022C6A558E, cid=3872, SUCCESS, logIndex=5856, commits[980d9c0c-33ac-4a22-b481-33b8b1eac469:c5856, e00ee311-0ce1-4115-b4c1-69648d9d3094:c5854, bb9367ec-656d-4ade-92be-004a921408cc:c5854]
2019-08-06 03:26:52,891 INFO  client.GrpcClientProtocolClient (GrpcClientProtocolClient.java:onNext(255)) - client-9DC82E534C87->980d9c0c-33ac-4a22-b481-33b8b1eac469: receive RaftClientReply:client-9DC82E534C87->980d9c0c-33ac-4a22-b481-33b8b1eac469@group-23022C6A558E, cid=3873, SUCCESS, logIndex=5859, commits[980d9c0c-33ac-4a22-b481-33b8b1eac469:c5860, e00ee311-0ce1-4115-b4c1-69648d9d3094:c5856, bb9367ec-656d-4ade-92be-004a921408cc:c5856]
2019-08-06 03:26:52,891 INFO  client.GrpcClientProtocolClient (GrpcClientProtocolClient.java:onNext(255)) - client-9DC82E534C87->980d9c0c-33ac-4a22-b481-33b8b1eac469: receive RaftClientReply:client-9DC82E534C87->980d9c0c-33ac-4a22-b481-33b8b1eac469@group-23022C6A558E, cid=3874, SUCCESS, logIndex=5860, commits[980d9c0c-33ac-4a22-b481-33b8b1eac469:c5860, e00ee311-0ce1-4115-b4c1-69648d9d3094:c5856, bb9367ec-656d-4ade-92be-004a921408cc:c5856]
2019-08-06 03:26:52,906 INFO  client.GrpcClientProtocolClient (GrpcClientProtocolClient.java:onNext(255)) - client-9DC82E534C87->980d9c0c-33ac-4a22-b481-33b8b1eac469: receive RaftClientReply:client-9DC82E534C87->980d9c0c-33ac-4a22-b481-33b8b1eac469@group-23022C6A558E, cid=3875, SUCCESS, logIndex=0, commits[980d9c0c-33ac-4a22-b481-33b8b1eac469:c5862, e00ee311-0ce1-4115-b4c1-69648d9d3094:c5860, bb9367ec-656d-4ade-92be-004a921408cc:c5860]
2019-08-06 03:26:52,945 INFO  client.GrpcClientProtocolClient (GrpcClientProtocolClient.java:onNext(255)) - client-9DC82E534C87->980d9c0c-33ac-4a22-b481-33b8b1eac469: receive RaftClientReply:client-9DC82E534C87->980d9c0c-33ac-4a22-b481-33b8b1eac469@group-23022C6A558E, cid=3876, SUCCESS, logIndex=5863, commits[980d9c0c-33ac-4a22-b481-33b8b1eac469:c5864, e00ee311-0ce1-4115-b4c1-69648d9d3094:c5862, bb9367ec-656d-4ade-92be-004a921408cc:c5862]
2019-08-06 03:26:52,945 INFO  client.GrpcClientProtocolClient (GrpcClientProtocolClient.java:onNext(255)) - client-9DC82E534C87->980d9c0c-33ac-4a22-b481-33b8b1eac469: receive RaftClientReply:client-9DC82E534C87->980d9c0c-33ac-4a22-b481-33b8b1eac469@group-23022C6A558E, cid=3877, SUCCESS, logIndex=5864, commits[980d9c0c-33ac-4a22-b481-33b8b1eac469:c5864, e00ee311-0ce1-4115-b4c1-69648d9d3094:c5862, bb9367ec-656d-4ade-92be-004a921408cc:c5862]
2019-08-06 03:26:52,955 INFO  client.GrpcClientProtocolClient (GrpcClientProtocolClient.java:onNext(255)) - client-9DC82E534C87->980d9c0c-33ac-4a22-b481-33b8b1eac469: receive RaftClientReply:client-9DC82E534C87->980d9c0c-33ac-4a22-b481-33b8b1eac469@group-23022C6A558E, cid=3878, SUCCESS, logIndex=5865, commits[980d9c0c-33ac-4a22-b481-33b8b1eac469:c5866, e00ee311-0ce1-4115-b4c1-69648d9d3094:c5862, bb9367ec-656d-4ade-92be-004a921408cc:c5862]
2019-08-06 03:26:52,955 INFO  client.GrpcClientProtocolClient (GrpcClientProtocolClient.java:onNext(255)) - client-9DC82E534C87->980d9c0c-33ac-4a22-b481-33b8b1eac469: receive RaftClientReply:client-9DC82E534C87->980d9c0c-33ac-4a22-b481-33b8b1eac469@group-23022C6A558E, cid=3879, SUCCESS, logIndex=5866, commits[980d9c0c-33ac-4a22-b481-33b8b1eac469:c5866, e00ee311-0ce1-4115-b4c1-69648d9d3094:c5862, bb9367ec-656d-4ade-92be-004a921408cc:c5862]
2019-08-06 03:26:52,957 INFO  client.GrpcClientProtocolClient (GrpcClientProtocolClient.java:onNext(255)) - client-9DC82E534C87->980d9c0c-33ac-4a22-b481-33b8b1eac469: receive RaftClientReply:client-9DC82E534C87->980d9c0c-33ac-4a22-b481-33b8b1eac469@group-23022C6A558E, cid=3880, SUCCESS, logIndex=0, commits[980d9c0c-33ac-4a22-b481-33b8b1eac469:c5868, e00ee311-0ce1-4115-b4c1-69648d9d3094:c5864, bb9367ec-656d-4ade-92be-004a921408cc:c5864]
2019-08-06 03:26:52,975 INFO  client.GrpcClientProtocolClient (GrpcClientProtocolClient.java:onNext(255)) - client-9DC82E534C87->980d9c0c-33ac-4a22-b481-33b8b1eac469: receive RaftClientReply:client-9DC82E534C87->980d9c0c-33ac-4a22-b481-33b8b1eac469@group-23022C6A558E, cid=3881, SUCCESS, logIndex=5871, commits[980d9c0c-33ac-4a22-b481-33b8b1eac469:c5872, e00ee311-0ce1-4115-b4c1-69648d9d3094:c5870, bb9367ec-656d-4ade-92be-004a921408cc:c5870]
2019-08-06 03:26:52,975 INFO  client.GrpcClientProtocolClient (GrpcClientProtocolClient.java:onNext(255)) - client-9DC82E534C87->980d9c0c-33ac-4a22-b481-33b8b1eac469: receive RaftClientReply:client-9DC82E534C87->980d9c0c-33ac-4a22-b481-33b8b1eac469@group-23022C6A558E, cid=3882, SUCCESS, logIndex=5872, commits[980d9c0c-33ac-4a22-b481-33b8b1eac469:c5872, e00ee311-0ce1-4115-b4c1-69648d9d3094:c5870, bb9367ec-656d-4ade-92be-004a921408cc:c5870]
2019-08-06 03:26:52,998 INFO  client.GrpcClientProtocolClient (GrpcClientProtocolClient.java:onNext(255)) - client-9DC82E534C87->980d9c0c-33ac-4a22-b481-33b8b1eac469: receive RaftClientReply:client-9DC82E534C87->980d9c0c-33ac-4a22-b481-33b8b1eac469@group-23022C6A558E, cid=3883, SUCCESS, logIndex=5875, commits[980d9c0c-33ac-4a22-b481-33b8b1eac469:c5876, e00ee311-0ce1-4115-b4c1-69648d9d3094:c5871, bb9367ec-656d-4ade-92be-004a921408cc:c5872]
2019-08-06 03:26:52,998 INFO  client.GrpcClientProtocolClient (GrpcClientProtocolClient.java:onNext(255)) - client-9DC82E534C87->980d9c0c-33ac-4a22-b481-33b8b1eac469: receive RaftClientReply:client-9DC82E534C87->980d9c0c-33ac-4a22-b481-33b8b1eac469@group-23022C6A558E, cid=3884, SUCCESS, logIndex=5876, commits[980d9c0c-33ac-4a22-b481-33b8b1eac469:c5876, e00ee311-0ce1-4115-b4c1-69648d9d3094:c5872, bb9367ec-656d-4ade-92be-004a921408cc:c5872]
2019-08-06 03:26:53,009 INFO  client.GrpcClientProtocolClient (GrpcClientProtocolClient.java:onNext(255)) - client-9DC82E534C87->980d9c0c-33ac-4a22-b481-33b8b1eac469: receive RaftClientReply:client-9DC82E534C87->980d9c0c-33ac-4a22-b481-33b8b1eac469@group-23022C6A558E, cid=3885, SUCCESS, logIndex=0, commits[980d9c0c-33ac-4a22-b481-33b8b1eac469:c5877, e00ee311-0ce1-4115-b4c1-69648d9d3094:c5876, bb9367ec-656d-4ade-92be-004a921408cc:c5876]
2019-08-06 03:26:53,046 INFO  client.GrpcClientProtocolClient (GrpcClientProtocolClient.java:onNext(255)) - client-9DC82E534C87->980d9c0c-33ac-4a22-b481-33b8b1eac469: receive RaftClientReply:client-9DC82E534C87->980d9c0c-33ac-4a22-b481-33b8b1eac469@group-23022C6A558E, cid=3886, SUCCESS, logIndex=5878, commits[980d9c0c-33ac-4a22-b481-33b8b1eac469:c5879, e00ee311-0ce1-4115-b4c1-69648d9d3094:c5877, bb9367ec-656d-4ade-92be-004a921408cc:c5877]
2019-08-06 03:26:53,046 INFO  client.GrpcClientProtocolClient (GrpcClientProtocolClient.java:onNext(255)) - client-9DC82E534C87->980d9c0c-33ac-4a22-b481-33b8b1eac469: receive RaftClientReply:client-9DC82E534C87->980d9c0c-33ac-4a22-b481-33b8b1eac469@group-23022C6A558E, cid=3887, SUCCESS, logIndex=5879, commits[980d9c0c-33ac-4a22-b481-33b8b1eac469:c5879, e00ee311-0ce1-4115-b4c1-69648d9d3094:c5877, bb9367ec-656d-4ade-92be-004a921408cc:c5877]
 0.00% |█                                                                                                    |  0/1 Time: 0:00:40 0.00% |█                                                                                                    |  0/1 Time: 0:00:412019-08-06 03:26:55,404 INFO  client.GrpcClientProtocolClient (GrpcClientProtocolClient.java:onNext(255)) - client-9DC82E534C87->980d9c0c-33ac-4a22-b481-33b8b1eac469: receive RaftClientReply:client-9DC82E534C87->980d9c0c-33ac-4a22-b481-33b8b1eac469@group-23022C6A558E, cid=3888, SUCCESS, logIndex=5880, commits[980d9c0c-33ac-4a22-b481-33b8b1eac469:c5881, e00ee311-0ce1-4115-b4c1-69648d9d3094:c5877, bb9367ec-656d-4ade-92be-004a921408cc:c5877]
2019-08-06 03:26:55,405 INFO  client.GrpcClientProtocolClient (GrpcClientProtocolClient.java:onNext(255)) - client-9DC82E534C87->980d9c0c-33ac-4a22-b481-33b8b1eac469: receive RaftClientReply:client-9DC82E534C87->980d9c0c-33ac-4a22-b481-33b8b1eac469@group-23022C6A558E, cid=3889, SUCCESS, logIndex=5881, commits[980d9c0c-33ac-4a22-b481-33b8b1eac469:c5881, e00ee311-0ce1-4115-b4c1-69648d9d3094:c5877, bb9367ec-656d-4ade-92be-004a921408cc:c5877]
 0.00% |█                                                                                                    |  0/1 Time: 0:00:422019-08-06 03:26:56,046 WARN  server.GrpcLogAppender (GrpcLogAppender.java:timeoutAppendRequest(200)) - GrpcLogAppender(980d9c0c-33ac-4a22-b481-33b8b1eac469->e00ee311-0ce1-4115-b4c1-69648d9d3094): appendEntries Timeout, request=980d9c0c-33ac-4a22-b481-33b8b1eac469->e00ee311-0ce1-4115-b4c1-69648d9d3094#5889-t1, previous=(t:1, i:5881), leaderCommit=5878, initializing? false, entries: size=1, first=(t:1, i:5882), METADATAENTRY(c5878)
2019-08-06 03:26:56,046 WARN  server.GrpcLogAppender (GrpcLogAppender.java:timeoutAppendRequest(200)) - GrpcLogAppender(980d9c0c-33ac-4a22-b481-33b8b1eac469->bb9367ec-656d-4ade-92be-004a921408cc): appendEntries Timeout, request=980d9c0c-33ac-4a22-b481-33b8b1eac469->bb9367ec-656d-4ade-92be-004a921408cc#5889-t1, previous=(t:1, i:5881), leaderCommit=5878, initializing? false, entries: size=1, first=(t:1, i:5882), METADATAENTRY(c5878)
2019-08-06 03:26:56,048 WARN  server.GrpcLogAppender (GrpcLogAppender.java:timeoutAppendRequest(200)) - GrpcLogAppender(980d9c0c-33ac-4a22-b481-33b8b1eac469->e00ee311-0ce1-4115-b4c1-69648d9d3094): appendEntries Timeout, request=980d9c0c-33ac-4a22-b481-33b8b1eac469->e00ee311-0ce1-4115-b4c1-69648d9d3094#5890-t1, previous=(t:1, i:5882), leaderCommit=5879, initializing? false, entries: size=1, first=(t:1, i:5883), METADATAENTRY(c5879)
2019-08-06 03:26:56,048 WARN  server.GrpcLogAppender (GrpcLogAppender.java:timeoutAppendRequest(200)) - GrpcLogAppender(980d9c0c-33ac-4a22-b481-33b8b1eac469->bb9367ec-656d-4ade-92be-004a921408cc): appendEntries Timeout, request=980d9c0c-33ac-4a22-b481-33b8b1eac469->bb9367ec-656d-4ade-92be-004a921408cc#5890-t1, previous=(t:1, i:5882), leaderCommit=5879, initializing? false, entries: size=1, first=(t:1, i:5883), METADATAENTRY(c5879)
2019-08-06 03:26:56,455 WARN  server.GrpcLogAppender (GrpcLogAppender.java:onNextImpl(250)) - org.apache.ratis.grpc.server.GrpcLogAppender$AppendLogResponseHandler@317a16fc: Request not found, ignoring reply: 980d9c0c-33ac-4a22-b481-33b8b1eac469<-bb9367ec-656d-4ade-92be-004a921408cc#5889:OK,SUCCESS,nextIndex:5883,term:1,followerCommit:5878
2019-08-06 03:26:56,456 WARN  server.GrpcLogAppender (GrpcLogAppender.java:onNextImpl(250)) - org.apache.ratis.grpc.server.GrpcLogAppender$AppendLogResponseHandler@317a16fc: Request not found, ignoring reply: 980d9c0c-33ac-4a22-b481-33b8b1eac469<-bb9367ec-656d-4ade-92be-004a921408cc#5890:OK,SUCCESS,nextIndex:5884,term:1,followerCommit:5879
2019-08-06 03:26:56,457 WARN  server.GrpcLogAppender (GrpcLogAppender.java:onNextImpl(250)) - org.apache.ratis.grpc.server.GrpcLogAppender$AppendLogResponseHandler@14a48dbd: Request not found, ignoring reply: 980d9c0c-33ac-4a22-b481-33b8b1eac469<-e00ee311-0ce1-4115-b4c1-69648d9d3094#5889:OK,SUCCESS,nextIndex:5883,term:1,followerCommit:5878
2019-08-06 03:26:56,457 WARN  server.GrpcLogAppender (GrpcLogAppender.java:onNextImpl(250)) - org.apache.ratis.grpc.server.GrpcLogAppender$AppendLogResponseHandler@14a48dbd: Request not found, ignoring reply: 980d9c0c-33ac-4a22-b481-33b8b1eac469<-e00ee311-0ce1-4115-b4c1-69648d9d3094#5890:OK,SUCCESS,nextIndex:5884,term:1,followerCommit:5879
 0.00% |█                                                                                                    |  0/1 Time: 0:00:43 0.00% |█                                                                                                    |  0/1 Time: 0:00:442019-08-06 03:26:58,403 WARN  server.GrpcLogAppender (GrpcLogAppender.java:timeoutAppendRequest(200)) - GrpcLogAppender(980d9c0c-33ac-4a22-b481-33b8b1eac469->bb9367ec-656d-4ade-92be-004a921408cc): appendEntries Timeout, request=980d9c0c-33ac-4a22-b481-33b8b1eac469->bb9367ec-656d-4ade-92be-004a921408cc#5891-t1, previous=(t:1, i:5883), leaderCommit=5881, initializing? false, entries: size=1, first=(t:1, i:5884), METADATAENTRY(c5880)
2019-08-06 03:26:58,403 WARN  server.GrpcLogAppender (GrpcLogAppender.java:timeoutAppendRequest(200)) - GrpcLogAppender(980d9c0c-33ac-4a22-b481-33b8b1eac469->e00ee311-0ce1-4115-b4c1-69648d9d3094): appendEntries Timeout, request=980d9c0c-33ac-4a22-b481-33b8b1eac469->e00ee311-0ce1-4115-b4c1-69648d9d3094#5891-t1, previous=(t:1, i:5883), leaderCommit=5881, initializing? false, entries: size=1, first=(t:1, i:5884), METADATAENTRY(c5880)
2019-08-06 03:26:58,404 WARN  server.GrpcLogAppender (GrpcLogAppender.java:timeoutAppendRequest(200)) - GrpcLogAppender(980d9c0c-33ac-4a22-b481-33b8b1eac469->bb9367ec-656d-4ade-92be-004a921408cc): appendEntries Timeout, request=980d9c0c-33ac-4a22-b481-33b8b1eac469->bb9367ec-656d-4ade-92be-004a921408cc#5892-t1, previous=(t:1, i:5884), leaderCommit=5881, initializing? false, entries: size=1, first=(t:1, i:5885), METADATAENTRY(c5881)
2019-08-06 03:26:58,404 WARN  server.GrpcLogAppender (GrpcLogAppender.java:timeoutAppendRequest(200)) - GrpcLogAppender(980d9c0c-33ac-4a22-b481-33b8b1eac469->e00ee311-0ce1-4115-b4c1-69648d9d3094): appendEntries Timeout, request=980d9c0c-33ac-4a22-b481-33b8b1eac469->e00ee311-0ce1-4115-b4c1-69648d9d3094#5892-t1, previous=(t:1, i:5884), leaderCommit=5881, initializing? false, entries: size=1, first=(t:1, i:5885), METADATAENTRY(c5881)
 0.00% |█                                                                                                    |  0/1 Time: 0:00:452019-08-06 03:26:58,658 WARN  server.GrpcLogAppender (GrpcLogAppender.java:onNextImpl(250)) - org.apache.ratis.grpc.server.GrpcLogAppender$AppendLogResponseHandler@317a16fc: Request not found, ignoring reply: 980d9c0c-33ac-4a22-b481-33b8b1eac469<-bb9367ec-656d-4ade-92be-004a921408cc#5891:OK,SUCCESS,nextIndex:5885,term:1,followerCommit:5881
2019-08-06 03:26:58,658 WARN  server.GrpcLogAppender (GrpcLogAppender.java:onNextImpl(250)) - org.apache.ratis.grpc.server.GrpcLogAppender$AppendLogResponseHandler@317a16fc: Request not found, ignoring reply: 980d9c0c-33ac-4a22-b481-33b8b1eac469<-bb9367ec-656d-4ade-92be-004a921408cc#5892:OK,SUCCESS,nextIndex:5886,term:1,followerCommit:5881
2019-08-06 03:26:58,782 WARN  server.GrpcLogAppender (GrpcLogAppender.java:onNextImpl(250)) - org.apache.ratis.grpc.server.GrpcLogAppender$AppendLogResponseHandler@14a48dbd: Request not found, ignoring reply: 980d9c0c-33ac-4a22-b481-33b8b1eac469<-e00ee311-0ce1-4115-b4c1-69648d9d3094#5891:OK,SUCCESS,nextIndex:5885,term:1,followerCommit:5881
2019-08-06 03:26:58,782 WARN  server.GrpcLogAppender (GrpcLogAppender.java:onNextImpl(250)) - org.apache.ratis.grpc.server.GrpcLogAppender$AppendLogResponseHandler@14a48dbd: Request not found, ignoring reply: 980d9c0c-33ac-4a22-b481-33b8b1eac469<-e00ee311-0ce1-4115-b4c1-69648d9d3094#5892:OK,SUCCESS,nextIndex:5886,term:1,followerCommit:5881
 0.00% |█                                                                                                    |  0/1 Time: 0:00:462019-08-06 03:27:00,408 WARN  scm.XceiverClientRatis (XceiverClientRatis.java:watchForCommit(262)) - 3 way commit failed on pipeline Pipeline[ Id: 7b6d81b6-e62b-494f-9b27-23022c6a558e, Nodes: bb9367ec-656d-4ade-92be-004a921408cc{ip: 192.168.69.92, host: byscane-nightly-vxsck-1572169872, networkLocation: /default-rack, certSerialId: null}980d9c0c-33ac-4a22-b481-33b8b1eac469{ip: 192.168.69.92, host: byscane-nightly-vxsck-1572169872, networkLocation: /default-rack, certSerialId: null}e00ee311-0ce1-4115-b4c1-69648d9d3094{ip: 192.168.69.92, host: byscane-nightly-vxsck-1572169872, networkLocation: /default-rack, certSerialId: null}, Type:RATIS, Factor:THREE, State:OPEN]
java.util.concurrent.TimeoutException
	at java.util.concurrent.CompletableFuture.timedGet(CompletableFuture.java:1771)
	at java.util.concurrent.CompletableFuture.get(CompletableFuture.java:1915)
	at org.apache.hadoop.hdds.scm.XceiverClientRatis.watchForCommit(XceiverClientRatis.java:259)
	at org.apache.hadoop.hdds.scm.storage.CommitWatcher.watchForCommit(CommitWatcher.java:194)
	at org.apache.hadoop.hdds.scm.storage.CommitWatcher.watchOnFirstIndex(CommitWatcher.java:135)
	at org.apache.hadoop.hdds.scm.storage.BlockOutputStream.watchForCommit(BlockOutputStream.java:347)
	at org.apache.hadoop.hdds.scm.storage.BlockOutputStream.handleFullBuffer(BlockOutputStream.java:324)
	at org.apache.hadoop.hdds.scm.storage.BlockOutputStream.write(BlockOutputStream.java:251)
	at org.apache.hadoop.ozone.client.io.BlockOutputStreamEntry.write(BlockOutputStreamEntry.java:129)
	at org.apache.hadoop.ozone.client.io.KeyOutputStream.handleWrite(KeyOutputStream.java:211)
	at org.apache.hadoop.ozone.client.io.KeyOutputStream.write(KeyOutputStream.java:193)
	at org.apache.hadoop.ozone.client.io.OzoneOutputStream.write(OzoneOutputStream.java:49)
	at org.apache.hadoop.ozone.freon.RandomKeyGenerator.createKey(RandomKeyGenerator.java:703)
	at org.apache.hadoop.ozone.freon.RandomKeyGenerator.access$1100(RandomKeyGenerator.java:88)
	at org.apache.hadoop.ozone.freon.RandomKeyGenerator$ObjectCreator.run(RandomKeyGenerator.java:609)
	at java.util.concurrent.Executors$RunnableAdapter.call(Executors.java:511)
	at java.util.concurrent.FutureTask.run(FutureTask.java:266)
	at java.util.concurrent.ThreadPoolExecutor.runWorker(ThreadPoolExecutor.java:1149)
	at java.util.concurrent.ThreadPoolExecutor$Worker.run(ThreadPoolExecutor.java:624)
	at java.lang.Thread.run(Thread.java:748)
 0.00% |█                                                                                                    |  0/1 Time: 0:00:472019-08-06 03:27:01,161 INFO  client.GrpcClientProtocolClient (GrpcClientProtocolClient.java:onNext(255)) - client-9DC82E534C87->980d9c0c-33ac-4a22-b481-33b8b1eac469: receive RaftClientReply:client-9DC82E534C87->980d9c0c-33ac-4a22-b481-33b8b1eac469@group-23022C6A558E, cid=3891, SUCCESS, logIndex=0, commits[980d9c0c-33ac-4a22-b481-33b8b1eac469:c5881, e00ee311-0ce1-4115-b4c1-69648d9d3094:c5877, bb9367ec-656d-4ade-92be-004a921408cc:c5881]
2019-08-06 03:27:01,165 INFO  scm.XceiverClientRatis (XceiverClientRatis.java:lambda$watchForCommit$7(280)) - Could not commit index 5879 on pipeline Pipeline[ Id: 7b6d81b6-e62b-494f-9b27-23022c6a558e, Nodes: bb9367ec-656d-4ade-92be-004a921408cc{ip: 192.168.69.92, host: byscane-nightly-vxsck-1572169872, networkLocation: /default-rack, certSerialId: null}980d9c0c-33ac-4a22-b481-33b8b1eac469{ip: 192.168.69.92, host: byscane-nightly-vxsck-1572169872, networkLocation: /default-rack, certSerialId: null}e00ee311-0ce1-4115-b4c1-69648d9d3094{ip: 192.168.69.92, host: byscane-nightly-vxsck-1572169872, networkLocation: /default-rack, certSerialId: null}, Type:RATIS, Factor:THREE, State:OPEN] to all the nodes. Server e00ee311-0ce1-4115-b4c1-69648d9d3094 has failed. Committed by majority.
2019-08-06 03:27:01,168 WARN  storage.BlockOutputStream (BlockOutputStream.java:watchForCommit(353)) - Failed to commit BlockId conID: 1 locID: 102567904085148379 bcsId: 5881 on Pipeline[ Id: 7b6d81b6-e62b-494f-9b27-23022c6a558e, Nodes: bb9367ec-656d-4ade-92be-004a921408cc{ip: 192.168.69.92, host: byscane-nightly-vxsck-1572169872, networkLocation: /default-rack, certSerialId: null}980d9c0c-33ac-4a22-b481-33b8b1eac469{ip: 192.168.69.92, host: byscane-nightly-vxsck-1572169872, networkLocation: /default-rack, certSerialId: null}e00ee311-0ce1-4115-b4c1-69648d9d3094{ip: 192.168.69.92, host: byscane-nightly-vxsck-1572169872, networkLocation: /default-rack, certSerialId: null}, Type:RATIS, Factor:THREE, State:OPEN]. Failed nodes: [e00ee311-0ce1-4115-b4c1-69648d9d3094{ip: null, host: null, networkLocation: /default-rack, certSerialId: null}]
 0.00% |█                                                                                                    |  0/1 Time: 0:00:48 0.00% |█                                                                                                    |  0/1 Time: 0:00:492019-08-06 03:27:02,628 INFO  client.GrpcClientProtocolClient (GrpcClientProtocolClient.java:onNext(255)) - client-9DC82E534C87->980d9c0c-33ac-4a22-b481-33b8b1eac469: receive RaftClientReply:client-9DC82E534C87->980d9c0c-33ac-4a22-b481-33b8b1eac469@group-23022C6A558E, cid=3890, SUCCESS, logIndex=0, commits[980d9c0c-33ac-4a22-b481-33b8b1eac469:c5886, e00ee311-0ce1-4115-b4c1-69648d9d3094:c5885, bb9367ec-656d-4ade-92be-004a921408cc:c5885]
2019-08-06 03:27:02,631 INFO  client.GrpcClientProtocolClient (GrpcClientProtocolClient.java:onNext(255)) - client-9DC82E534C87->980d9c0c-33ac-4a22-b481-33b8b1eac469: receive RaftClientReply:client-9DC82E534C87->980d9c0c-33ac-4a22-b481-33b8b1eac469@group-23022C6A558E, cid=3892, SUCCESS, logIndex=5886, commits[980d9c0c-33ac-4a22-b481-33b8b1eac469:c5887, e00ee311-0ce1-4115-b4c1-69648d9d3094:c5885, bb9367ec-656d-4ade-92be-004a921408cc:c5885]
2019-08-06 03:27:02,633 INFO  client.GrpcClientProtocolClient (GrpcClientProtocolClient.java:onNext(255)) - client-9DC82E534C87->980d9c0c-33ac-4a22-b481-33b8b1eac469: receive RaftClientReply:client-9DC82E534C87->980d9c0c-33ac-4a22-b481-33b8b1eac469@group-23022C6A558E, cid=3890, SUCCESS, logIndex=0, commits[980d9c0c-33ac-4a22-b481-33b8b1eac469:c5887, e00ee311-0ce1-4115-b4c1-69648d9d3094:c5885, bb9367ec-656d-4ade-92be-004a921408cc:c5885]
2019-08-06 03:27:02,633 INFO  client.GrpcClientProtocolClient (GrpcClientProtocolClient.java:onNext(255)) - client-9DC82E534C87->980d9c0c-33ac-4a22-b481-33b8b1eac469: receive RaftClientReply:client-9DC82E534C87->980d9c0c-33ac-4a22-b481-33b8b1eac469@group-23022C6A558E, cid=3893, SUCCESS, logIndex=5887, commits[980d9c0c-33ac-4a22-b481-33b8b1eac469:c5887, e00ee311-0ce1-4115-b4c1-69648d9d3094:c5885, bb9367ec-656d-4ade-92be-004a921408cc:c5885]
2019-08-06 03:27:03,423 INFO  client.GrpcClientProtocolClient (GrpcClientProtocolClient.java:onNext(255)) - client-9DC82E534C87->980d9c0c-33ac-4a22-b481-33b8b1eac469: receive RaftClientReply:client-9DC82E534C87->980d9c0c-33ac-4a22-b481-33b8b1eac469@group-23022C6A558E, cid=3890, SUCCESS, logIndex=0, commits[980d9c0c-33ac-4a22-b481-33b8b1eac469:c5887, e00ee311-0ce1-4115-b4c1-69648d9d3094:c5885, bb9367ec-656d-4ade-92be-004a921408cc:c5885]
 0.00% |█                                                                                                    |  0/1 Time: 0:00:50 0.00% |█                                                                                                    |  0/1 Time: 0:00:51 0.00% |█                                                                                                    |  0/1 Time: 0:00:522019-08-06 03:27:05,628 WARN  server.GrpcLogAppender (GrpcLogAppender.java:timeoutAppendRequest(200)) - GrpcLogAppender(980d9c0c-33ac-4a22-b481-33b8b1eac469->bb9367ec-656d-4ade-92be-004a921408cc): appendEntries Timeout, request=980d9c0c-33ac-4a22-b481-33b8b1eac469->bb9367ec-656d-4ade-92be-004a921408cc#5897-t1, previous=(t:1, i:5888), leaderCommit=5887, initializing? false, entries: size=1, first=(t:1, i:5889), METADATAENTRY(c5887)
2019-08-06 03:27:05,628 WARN  server.GrpcLogAppender (GrpcLogAppender.java:timeoutAppendRequest(200)) - GrpcLogAppender(980d9c0c-33ac-4a22-b481-33b8b1eac469->e00ee311-0ce1-4115-b4c1-69648d9d3094): appendEntries Timeout, request=980d9c0c-33ac-4a22-b481-33b8b1eac469->e00ee311-0ce1-4115-b4c1-69648d9d3094#5896-t1, previous=(t:1, i:5888), leaderCommit=5887, initializing? false, entries: size=1, first=(t:1, i:5889), METADATAENTRY(c5887)
2019-08-06 03:27:05,641 WARN  server.GrpcLogAppender (GrpcLogAppender.java:timeoutAppendRequest(200)) - GrpcLogAppender(980d9c0c-33ac-4a22-b481-33b8b1eac469->bb9367ec-656d-4ade-92be-004a921408cc): appendEntries Timeout, request=980d9c0c-33ac-4a22-b481-33b8b1eac469->bb9367ec-656d-4ade-92be-004a921408cc#5898-t1, previous=(t:1, i:5889), leaderCommit=5887, initializing? false, entries: size=1, first=(t:1, i:5890), STATEMACHINELOGENTRY, client-9DC82E534C87, cid=3894
2019-08-06 03:27:05,641 WARN  server.GrpcLogAppender (GrpcLogAppender.java:timeoutAppendRequest(200)) - GrpcLogAppender(980d9c0c-33ac-4a22-b481-33b8b1eac469->e00ee311-0ce1-4115-b4c1-69648d9d3094): appendEntries Timeout, request=980d9c0c-33ac-4a22-b481-33b8b1eac469->e00ee311-0ce1-4115-b4c1-69648d9d3094#5897-t1, previous=(t:1, i:5889), leaderCommit=5887, initializing? false, entries: size=1, first=(t:1, i:5890), STATEMACHINELOGENTRY, client-9DC82E534C87, cid=3894
2019-08-06 03:27:05,642 WARN  server.GrpcLogAppender (GrpcLogAppender.java:timeoutAppendRequest(200)) - GrpcLogAppender(980d9c0c-33ac-4a22-b481-33b8b1eac469->bb9367ec-656d-4ade-92be-004a921408cc): appendEntries Timeout, request=980d9c0c-33ac-4a22-b481-33b8b1eac469->bb9367ec-656d-4ade-92be-004a921408cc#5899-t1, previous=(t:1, i:5890), leaderCommit=5887, initializing? false, entries: size=1, first=(t:1, i:5891), STATEMACHINELOGENTRY, client-9DC82E534C87, cid=3895
2019-08-06 03:27:05,642 WARN  server.GrpcLogAppender (GrpcLogAppender.java:timeoutAppendRequest(200)) - GrpcLogAppender(980d9c0c-33ac-4a22-b481-33b8b1eac469->e00ee311-0ce1-4115-b4c1-69648d9d3094): appendEntries Timeout, request=980d9c0c-33ac-4a22-b481-33b8b1eac469->e00ee311-0ce1-4115-b4c1-69648d9d3094#5898-t1, previous=(t:1, i:5890), leaderCommit=5887, initializing? false, entries: size=1, first=(t:1, i:5891), STATEMACHINELOGENTRY, client-9DC82E534C87, cid=3895
 0.00% |█                                                                                                    |  0/1 Time: 0:00:53 0.00% |█                                                                                                    |  0/1 Time: 0:00:542019-08-06 03:27:07,724 INFO  client.GrpcClientProtocolClient (GrpcClientProtocolClient.java:onNext(255)) - client-9DC82E534C87->bb9367ec-656d-4ade-92be-004a921408cc: receive RaftClientReply:client-9DC82E534C87->bb9367ec-656d-4ade-92be-004a921408cc@group-23022C6A558E, cid=3894, FAILED org.apache.ratis.protocol.NotLeaderException: Server bb9367ec-656d-4ade-92be-004a921408cc is not the leader (980d9c0c-33ac-4a22-b481-33b8b1eac469:192.168.69.92:38552). Request must be sent to leader., logIndex=0, commits[bb9367ec-656d-4ade-92be-004a921408cc:c5888, 980d9c0c-33ac-4a22-b481-33b8b1eac469:c5888, e00ee311-0ce1-4115-b4c1-69648d9d3094:c5887]
2019-08-06 03:27:08,142 WARN  server.GrpcLogAppender (GrpcLogAppender.java:timeoutAppendRequest(200)) - GrpcLogAppender(980d9c0c-33ac-4a22-b481-33b8b1eac469->e00ee311-0ce1-4115-b4c1-69648d9d3094): appendEntries Timeout, request=980d9c0c-33ac-4a22-b481-33b8b1eac469->e00ee311-0ce1-4115-b4c1-69648d9d3094#5899-t1, previous=(t:1, i:5891), leaderCommit=5887, initializing? false, entries: <empty>
2019-08-06 03:27:08,142 WARN  server.GrpcLogAppender (GrpcLogAppender.java:timeoutAppendRequest(200)) - GrpcLogAppender(980d9c0c-33ac-4a22-b481-33b8b1eac469->bb9367ec-656d-4ade-92be-004a921408cc): appendEntries Timeout, request=980d9c0c-33ac-4a22-b481-33b8b1eac469->bb9367ec-656d-4ade-92be-004a921408cc#5900-t1, previous=(t:1, i:5891), leaderCommit=5887, initializing? false, entries: <empty>
 0.00% |█                                                                                                    |  0/1 Time: 0:00:552019-08-06 03:27:08,928 WARN  server.GrpcLogAppender (GrpcLogAppender.java:onNextImpl(250)) - org.apache.ratis.grpc.server.GrpcLogAppender$AppendLogResponseHandler@317a16fc: Request not found, ignoring reply: 980d9c0c-33ac-4a22-b481-33b8b1eac469<-bb9367ec-656d-4ade-92be-004a921408cc#5897:OK,SUCCESS,nextIndex:5890,term:1,followerCommit:5888
2019-08-06 03:27:08,928 WARN  server.GrpcLogAppender (GrpcLogAppender.java:onNextImpl(250)) - org.apache.ratis.grpc.server.GrpcLogAppender$AppendLogResponseHandler@14a48dbd: Request not found, ignoring reply: 980d9c0c-33ac-4a22-b481-33b8b1eac469<-e00ee311-0ce1-4115-b4c1-69648d9d3094#5896:OK,SUCCESS,nextIndex:5890,term:1,followerCommit:5888
2019-08-06 03:27:08,928 WARN  server.GrpcLogAppender (GrpcLogAppender.java:onNextImpl(250)) - org.apache.ratis.grpc.server.GrpcLogAppender$AppendLogResponseHandler@317a16fc: Request not found, ignoring reply: 980d9c0c-33ac-4a22-b481-33b8b1eac469<-bb9367ec-656d-4ade-92be-004a921408cc#5898:OK,SUCCESS,nextIndex:5891,term:1,followerCommit:5888
2019-08-06 03:27:08,929 WARN  server.GrpcLogAppender (GrpcLogAppender.java:onNextImpl(250)) - org.apache.ratis.grpc.server.GrpcLogAppender$AppendLogResponseHandler@14a48dbd: Request not found, ignoring reply: 980d9c0c-33ac-4a22-b481-33b8b1eac469<-e00ee311-0ce1-4115-b4c1-69648d9d3094#5897:OK,SUCCESS,nextIndex:5891,term:1,followerCommit:5888
2019-08-06 03:27:08,929 WARN  server.GrpcLogAppender (GrpcLogAppender.java:onNextImpl(250)) - org.apache.ratis.grpc.server.GrpcLogAppender$AppendLogResponseHandler@317a16fc: Request not found, ignoring reply: 980d9c0c-33ac-4a22-b481-33b8b1eac469<-bb9367ec-656d-4ade-92be-004a921408cc#5899:OK,SUCCESS,nextIndex:5892,term:1,followerCommit:5888
2019-08-06 03:27:08,929 WARN  server.GrpcLogAppender (GrpcLogAppender.java:onNextImpl(250)) - org.apache.ratis.grpc.server.GrpcLogAppender$AppendLogResponseHandler@14a48dbd: Request not found, ignoring reply: 980d9c0c-33ac-4a22-b481-33b8b1eac469<-e00ee311-0ce1-4115-b4c1-69648d9d3094#5898:OK,SUCCESS,nextIndex:5892,term:1,followerCommit:5888
2019-08-06 03:27:08,929 WARN  server.GrpcLogAppender (GrpcLogAppender.java:onNextImpl(250)) - org.apache.ratis.grpc.server.GrpcLogAppender$AppendLogResponseHandler@317a16fc: Request not found, ignoring reply: 980d9c0c-33ac-4a22-b481-33b8b1eac469<-bb9367ec-656d-4ade-92be-004a921408cc#5900:OK,SUCCESS,nextIndex:5892,term:1,followerCommit:5887
2019-08-06 03:27:08,929 WARN  server.GrpcLogAppender (GrpcLogAppender.java:onNextImpl(250)) - org.apache.ratis.grpc.server.GrpcLogAppender$AppendLogResponseHandler@14a48dbd: Request not found, ignoring reply: 980d9c0c-33ac-4a22-b481-33b8b1eac469<-e00ee311-0ce1-4115-b4c1-69648d9d3094#5899:OK,SUCCESS,nextIndex:5892,term:1,followerCommit:5887
2019-08-06 03:27:08,955 INFO  client.GrpcClientProtocolClient (GrpcClientProtocolClient.java:onNext(255)) - client-9DC82E534C87->980d9c0c-33ac-4a22-b481-33b8b1eac469: receive RaftClientReply:client-9DC82E534C87->980d9c0c-33ac-4a22-b481-33b8b1eac469@group-23022C6A558E, cid=3894, SUCCESS, logIndex=5890, commits[980d9c0c-33ac-4a22-b481-33b8b1eac469:c5891, e00ee311-0ce1-4115-b4c1-69648d9d3094:c5888, bb9367ec-656d-4ade-92be-004a921408cc:c5888]
2019-08-06 03:27:08,975 INFO  client.GrpcClientProtocolClient (GrpcClientProtocolClient.java:onNext(255)) - client-9DC82E534C87->980d9c0c-33ac-4a22-b481-33b8b1eac469: receive RaftClientReply:client-9DC82E534C87->980d9c0c-33ac-4a22-b481-33b8b1eac469@group-23022C6A558E, cid=3895, SUCCESS, logIndex=5891, commits[980d9c0c-33ac-4a22-b481-33b8b1eac469:c5891, e00ee311-0ce1-4115-b4c1-69648d9d3094:c5888, bb9367ec-656d-4ade-92be-004a921408cc:c5888]
 0.00% |█                                                                                                    |  0/1 Time: 0:00:56 0.00% |█                                                                                                    |  0/1 Time: 0:00:57 0.00% |█                                                                                                    |  0/1 Time: 0:00:582019-08-06 03:27:11,931 WARN  server.GrpcLogAppender (GrpcLogAppender.java:timeoutAppendRequest(200)) - GrpcLogAppender(980d9c0c-33ac-4a22-b481-33b8b1eac469->bb9367ec-656d-4ade-92be-004a921408cc): appendEntries Timeout, request=980d9c0c-33ac-4a22-b481-33b8b1eac469->bb9367ec-656d-4ade-92be-004a921408cc#5902-t1, previous=(t:1, i:5891), leaderCommit=5888, initializing? false, entries: size=1, first=(t:1, i:5892), METADATAENTRY(c5891)
2019-08-06 03:27:11,932 WARN  server.GrpcLogAppender (GrpcLogAppender.java:timeoutAppendRequest(200)) - GrpcLogAppender(980d9c0c-33ac-4a22-b481-33b8b1eac469->e00ee311-0ce1-4115-b4c1-69648d9d3094): appendEntries Timeout, request=980d9c0c-33ac-4a22-b481-33b8b1eac469->e00ee311-0ce1-4115-b4c1-69648d9d3094#5901-t1, previous=(t:1, i:5891), leaderCommit=5888, initializing? false, entries: size=1, first=(t:1, i:5892), METADATAENTRY(c5891)
 0.00% |█                                                                                                    |  0/1 Time: 0:00:59 0.00% |█                                                                                                    |  0/1 Time: 0:01:002019-08-06 03:27:13,979 WARN  scm.XceiverClientRatis (XceiverClientRatis.java:watchForCommit(262)) - 3 way commit failed on pipeline Pipeline[ Id: 7b6d81b6-e62b-494f-9b27-23022c6a558e, Nodes: bb9367ec-656d-4ade-92be-004a921408cc{ip: 192.168.69.92, host: byscane-nightly-vxsck-1572169872, networkLocation: /default-rack, certSerialId: null}980d9c0c-33ac-4a22-b481-33b8b1eac469{ip: 192.168.69.92, host: byscane-nightly-vxsck-1572169872, networkLocation: /default-rack, certSerialId: null}e00ee311-0ce1-4115-b4c1-69648d9d3094{ip: 192.168.69.92, host: byscane-nightly-vxsck-1572169872, networkLocation: /default-rack, certSerialId: null}, Type:RATIS, Factor:THREE, State:OPEN]
java.util.concurrent.TimeoutException
	at java.util.concurrent.CompletableFuture.timedGet(CompletableFuture.java:1771)
	at java.util.concurrent.CompletableFuture.get(CompletableFuture.java:1915)
	at org.apache.hadoop.hdds.scm.XceiverClientRatis.watchForCommit(XceiverClientRatis.java:259)
	at org.apache.hadoop.hdds.scm.storage.CommitWatcher.watchForCommit(CommitWatcher.java:194)
	at org.apache.hadoop.hdds.scm.storage.CommitWatcher.watchOnLastIndex(CommitWatcher.java:157)
	at org.apache.hadoop.hdds.scm.storage.BlockOutputStream.watchForCommit(BlockOutputStream.java:347)
	at org.apache.hadoop.hdds.scm.storage.BlockOutputStream.handleFlush(BlockOutputStream.java:479)
	at org.apache.hadoop.hdds.scm.storage.BlockOutputStream.close(BlockOutputStream.java:493)
	at org.apache.hadoop.ozone.client.io.BlockOutputStreamEntry.close(BlockOutputStreamEntry.java:143)
	at org.apache.hadoop.ozone.client.io.KeyOutputStream.handleFlushOrClose(KeyOutputStream.java:438)
	at org.apache.hadoop.ozone.client.io.KeyOutputStream.handleWrite(KeyOutputStream.java:235)
	at org.apache.hadoop.ozone.client.io.KeyOutputStream.write(KeyOutputStream.java:193)
	at org.apache.hadoop.ozone.client.io.OzoneOutputStream.write(OzoneOutputStream.java:49)
	at org.apache.hadoop.ozone.freon.RandomKeyGenerator.createKey(RandomKeyGenerator.java:703)
	at org.apache.hadoop.ozone.freon.RandomKeyGenerator.access$1100(RandomKeyGenerator.java:88)
	at org.apache.hadoop.ozone.freon.RandomKeyGenerator$ObjectCreator.run(RandomKeyGenerator.java:609)
	at java.util.concurrent.Executors$RunnableAdapter.call(Executors.java:511)
	at java.util.concurrent.FutureTask.run(FutureTask.java:266)
	at java.util.concurrent.ThreadPoolExecutor.runWorker(ThreadPoolExecutor.java:1149)
	at java.util.concurrent.ThreadPoolExecutor$Worker.run(ThreadPoolExecutor.java:624)
	at java.lang.Thread.run(Thread.java:748)
2019-08-06 03:27:14,189 WARN  server.GrpcLogAppender (GrpcLogAppender.java:onNextImpl(250)) - org.apache.ratis.grpc.server.GrpcLogAppender$AppendLogResponseHandler@14a48dbd: Request not found, ignoring reply: 980d9c0c-33ac-4a22-b481-33b8b1eac469<-e00ee311-0ce1-4115-b4c1-69648d9d3094#5901:OK,SUCCESS,nextIndex:5893,term:1,followerCommit:5891
2019-08-06 03:27:14,189 WARN  server.GrpcLogAppender (GrpcLogAppender.java:onNextImpl(250)) - org.apache.ratis.grpc.server.GrpcLogAppender$AppendLogResponseHandler@317a16fc: Request not found, ignoring reply: 980d9c0c-33ac-4a22-b481-33b8b1eac469<-bb9367ec-656d-4ade-92be-004a921408cc#5902:OK,SUCCESS,nextIndex:5893,term:1,followerCommit:5891
2019-08-06 03:27:14,193 INFO  client.GrpcClientProtocolClient (GrpcClientProtocolClient.java:onNext(255)) - client-9DC82E534C87->980d9c0c-33ac-4a22-b481-33b8b1eac469: receive RaftClientReply:client-9DC82E534C87->980d9c0c-33ac-4a22-b481-33b8b1eac469@group-23022C6A558E, cid=3897, SUCCESS, logIndex=0, commits[980d9c0c-33ac-4a22-b481-33b8b1eac469:c5891, e00ee311-0ce1-4115-b4c1-69648d9d3094:c5891, bb9367ec-656d-4ade-92be-004a921408cc:c5888]
2019-08-06 03:27:14,194 INFO  client.GrpcClientProtocolClient (GrpcClientProtocolClient.java:onNext(255)) - client-9DC82E534C87->980d9c0c-33ac-4a22-b481-33b8b1eac469: receive RaftClientReply:client-9DC82E534C87->980d9c0c-33ac-4a22-b481-33b8b1eac469@group-23022C6A558E, cid=3896, SUCCESS, logIndex=0, commits[980d9c0c-33ac-4a22-b481-33b8b1eac469:c5892, e00ee311-0ce1-4115-b4c1-69648d9d3094:c5891, bb9367ec-656d-4ade-92be-004a921408cc:c5891]
2019-08-06 03:27:14,194 INFO  scm.XceiverClientRatis (XceiverClientRatis.java:lambda$watchForCommit$7(280)) - Could not commit index 5891 on pipeline Pipeline[ Id: 7b6d81b6-e62b-494f-9b27-23022c6a558e, Nodes: bb9367ec-656d-4ade-92be-004a921408cc{ip: 192.168.69.92, host: byscane-nightly-vxsck-1572169872, networkLocation: /default-rack, certSerialId: null}980d9c0c-33ac-4a22-b481-33b8b1eac469{ip: 192.168.69.92, host: byscane-nightly-vxsck-1572169872, networkLocation: /default-rack, certSerialId: null}e00ee311-0ce1-4115-b4c1-69648d9d3094{ip: 192.168.69.92, host: byscane-nightly-vxsck-1572169872, networkLocation: /default-rack, certSerialId: null}, Type:RATIS, Factor:THREE, State:OPEN] to all the nodes. Server bb9367ec-656d-4ade-92be-004a921408cc has failed. Committed by majority.
2019-08-06 03:27:14,194 INFO  client.GrpcClientProtocolClient (GrpcClientProtocolClient.java:onNext(255)) - client-9DC82E534C87->980d9c0c-33ac-4a22-b481-33b8b1eac469: receive RaftClientReply:client-9DC82E534C87->980d9c0c-33ac-4a22-b481-33b8b1eac469@group-23022C6A558E, cid=3896, SUCCESS, logIndex=0, commits[980d9c0c-33ac-4a22-b481-33b8b1eac469:c5892, e00ee311-0ce1-4115-b4c1-69648d9d3094:c5891, bb9367ec-656d-4ade-92be-004a921408cc:c5891]
2019-08-06 03:27:14,194 WARN  storage.BlockOutputStream (BlockOutputStream.java:watchForCommit(353)) - Failed to commit BlockId conID: 1 locID: 102567904085148379 bcsId: 5891 on Pipeline[ Id: 7b6d81b6-e62b-494f-9b27-23022c6a558e, Nodes: bb9367ec-656d-4ade-92be-004a921408cc{ip: 192.168.69.92, host: byscane-nightly-vxsck-1572169872, networkLocation: /default-rack, certSerialId: null}980d9c0c-33ac-4a22-b481-33b8b1eac469{ip: 192.168.69.92, host: byscane-nightly-vxsck-1572169872, networkLocation: /default-rack, certSerialId: null}e00ee311-0ce1-4115-b4c1-69648d9d3094{ip: 192.168.69.92, host: byscane-nightly-vxsck-1572169872, networkLocation: /default-rack, certSerialId: null}, Type:RATIS, Factor:THREE, State:OPEN]. Failed nodes: [bb9367ec-656d-4ade-92be-004a921408cc{ip: null, host: null, networkLocation: /default-rack, certSerialId: null}]
2019-08-06 03:27:14,239 WARN  block.BlockManagerImpl (BlockManagerImpl.java:allocateBlock(192)) - Pipeline creation failed for type:RATIS factor:THREE. Retrying get pipelines call once.
org.apache.hadoop.hdds.scm.pipeline.InsufficientDatanodesException: Cannot create pipeline of factor 3 using 2 nodes.
	at org.apache.hadoop.hdds.scm.pipeline.RatisPipelineProvider.create(RatisPipelineProvider.java:151)
	at org.apache.hadoop.hdds.scm.pipeline.PipelineFactory.create(PipelineFactory.java:57)
	at org.apache.hadoop.hdds.scm.pipeline.SCMPipelineManager.createPipeline(SCMPipelineManager.java:149)
	at org.apache.hadoop.hdds.scm.block.BlockManagerImpl.allocateBlock(BlockManagerImpl.java:190)
	at org.apache.hadoop.hdds.scm.server.SCMBlockProtocolServer.allocateBlock(SCMBlockProtocolServer.java:175)
	at org.apache.hadoop.ozone.protocolPB.ScmBlockLocationProtocolServerSideTranslatorPB.allocateScmBlock(ScmBlockLocationProtocolServerSideTranslatorPB.java:153)
	at org.apache.hadoop.ozone.protocolPB.ScmBlockLocationProtocolServerSideTranslatorPB.send(ScmBlockLocationProtocolServerSideTranslatorPB.java:112)
	at org.apache.hadoop.hdds.protocol.proto.ScmBlockLocationProtocolProtos$ScmBlockLocationProtocolService$2.callBlockingMethod(ScmBlockLocationProtocolProtos.java:13157)
	at org.apache.hadoop.ipc.ProtobufRpcEngine$Server$ProtoBufRpcInvoker.call(ProtobufRpcEngine.java:524)
	at org.apache.hadoop.ipc.RPC$Server.call(RPC.java:1025)
	at org.apache.hadoop.ipc.Server$RpcCall.run(Server.java:876)
	at org.apache.hadoop.ipc.Server$RpcCall.run(Server.java:822)
	at java.security.AccessController.doPrivileged(Native Method)
	at javax.security.auth.Subject.doAs(Subject.java:422)
	at org.apache.hadoop.security.UserGroupInformation.doAs(UserGroupInformation.java:1730)
	at org.apache.hadoop.ipc.Server$Handler.run(Server.java:2682)
2019-08-06 03:27:14,240 INFO  block.BlockManagerImpl (BlockManagerImpl.java:allocateBlock(198)) - Could not find available pipeline of type:RATIS and factor:THREE even after retrying
2019-08-06 03:27:14,241 ERROR block.BlockManagerImpl (BlockManagerImpl.java:allocateBlock(222)) - Unable to allocate a block for the size: 4194304, type: RATIS, factor: THREE
03:27:14.248 [IPC Server handler 16 on 44164] ERROR OMAudit - user=jenkins1000 | ip=127.0.0.1 | op=ALLOCATE_BLOCK {volume=vol-0-66424, bucket=bucket-0-60401, key=key-0-59272, dataSize=0, replicationType=null, replicationFactor=null, keyLocationInfo=null, clientID=102567901468492178} | ret=FAILURE
org.apache.hadoop.hdds.scm.exceptions.SCMException: Allocated 0 blocks. Requested 1 blocks
	at org.apache.hadoop.hdds.scm.protocolPB.ScmBlockLocationProtocolClientSideTranslatorPB.handleError(ScmBlockLocationProtocolClientSideTranslatorPB.java:118) ~[classes/:?]
	at org.apache.hadoop.hdds.scm.protocolPB.ScmBlockLocationProtocolClientSideTranslatorPB.allocateBlock(ScmBlockLocationProtocolClientSideTranslatorPB.java:156) ~[classes/:?]
	at sun.reflect.GeneratedMethodAccessor51.invoke(Unknown Source) ~[?:?]
	at sun.reflect.DelegatingMethodAccessorImpl.invoke(DelegatingMethodAccessorImpl.java:43) ~[?:1.8.0_212]
	at java.lang.reflect.Method.invoke(Method.java:498) ~[?:1.8.0_212]
	at org.apache.hadoop.hdds.tracing.TraceAllMethod.invoke(TraceAllMethod.java:66) ~[classes/:?]
	at com.sun.proxy.$Proxy27.allocateBlock(Unknown Source) ~[?:?]
	at org.apache.hadoop.ozone.om.KeyManagerImpl.allocateBlock(KeyManagerImpl.java:333) ~[classes/:?]
	at org.apache.hadoop.ozone.om.KeyManagerImpl.allocateBlock(KeyManagerImpl.java:304) ~[classes/:?]
	at org.apache.hadoop.ozone.om.OzoneManager.allocateBlock(OzoneManager.java:2291) [classes/:?]
	at org.apache.hadoop.ozone.protocolPB.OzoneManagerRequestHandler.allocateBlock(OzoneManagerRequestHandler.java:717) [classes/:?]
	at org.apache.hadoop.ozone.protocolPB.OzoneManagerRequestHandler.handle(OzoneManagerRequestHandler.java:240) [classes/:?]
	at org.apache.hadoop.ozone.protocolPB.OzoneManagerProtocolServerSideTranslatorPB.submitRequestDirectlyToOM(OzoneManagerProtocolServerSideTranslatorPB.java:192) [classes/:?]
	at org.apache.hadoop.ozone.protocolPB.OzoneManagerProtocolServerSideTranslatorPB.submitRequest(OzoneManagerProtocolServerSideTranslatorPB.java:110) [classes/:?]
	at org.apache.hadoop.ozone.protocol.proto.OzoneManagerProtocolProtos$OzoneManagerService$2.callBlockingMethod(OzoneManagerProtocolProtos.java) [classes/:?]
	at org.apache.hadoop.ipc.ProtobufRpcEngine$Server$ProtoBufRpcInvoker.call(ProtobufRpcEngine.java:524) [hadoop-common-3.2.0.jar:?]
	at org.apache.hadoop.ipc.RPC$Server.call(RPC.java:1025) [hadoop-common-3.2.0.jar:?]
	at org.apache.hadoop.ipc.Server$RpcCall.run(Server.java:876) [hadoop-common-3.2.0.jar:?]
	at org.apache.hadoop.ipc.Server$RpcCall.run(Server.java:822) [hadoop-common-3.2.0.jar:?]
	at java.security.AccessController.doPrivileged(Native Method) [?:1.8.0_212]
	at javax.security.auth.Subject.doAs(Subject.java:422) [?:1.8.0_212]
	at org.apache.hadoop.security.UserGroupInformation.doAs(UserGroupInformation.java:1730) [hadoop-common-3.2.0.jar:?]
	at org.apache.hadoop.ipc.Server$Handler.run(Server.java:2682) [hadoop-common-3.2.0.jar:?]
2019-08-06 03:27:14,273 ERROR io.BlockOutputStreamEntryPool (BlockOutputStreamEntryPool.java:allocateBlockIfNeeded(299)) - Try to allocate more blocks for write failed, already allocated 0 blocks for this write.
INTERNAL_ERROR org.apache.hadoop.ozone.om.exceptions.OMException: Allocated 0 blocks. Requested 1 blocks
	at org.apache.hadoop.ozone.om.protocolPB.OzoneManagerProtocolClientSideTranslatorPB.handleError(OzoneManagerProtocolClientSideTranslatorPB.java:720)
	at org.apache.hadoop.ozone.om.protocolPB.OzoneManagerProtocolClientSideTranslatorPB.allocateBlock(OzoneManagerProtocolClientSideTranslatorPB.java:752)
	at org.apache.hadoop.ozone.client.io.BlockOutputStreamEntryPool.allocateNewBlock(BlockOutputStreamEntryPool.java:248)
	at org.apache.hadoop.ozone.client.io.BlockOutputStreamEntryPool.allocateBlockIfNeeded(BlockOutputStreamEntryPool.java:296)
	at org.apache.hadoop.ozone.client.io.KeyOutputStream.handleWrite(KeyOutputStream.java:201)
	at org.apache.hadoop.ozone.client.io.KeyOutputStream.write(KeyOutputStream.java:193)
	at org.apache.hadoop.ozone.client.io.OzoneOutputStream.write(OzoneOutputStream.java:49)
	at org.apache.hadoop.ozone.freon.RandomKeyGenerator.createKey(RandomKeyGenerator.java:703)
	at org.apache.hadoop.ozone.freon.RandomKeyGenerator.access$1100(RandomKeyGenerator.java:88)
	at org.apache.hadoop.ozone.freon.RandomKeyGenerator$ObjectCreator.run(RandomKeyGenerator.java:609)
	at java.util.concurrent.Executors$RunnableAdapter.call(Executors.java:511)
	at java.util.concurrent.FutureTask.run(FutureTask.java:266)
	at java.util.concurrent.ThreadPoolExecutor.runWorker(ThreadPoolExecutor.java:1149)
	at java.util.concurrent.ThreadPoolExecutor$Worker.run(ThreadPoolExecutor.java:624)
	at java.lang.Thread.run(Thread.java:748)
2019-08-06 03:27:14,276 ERROR freon.RandomKeyGenerator (RandomKeyGenerator.java:createKey(730)) - Exception while adding key: key-0-59272 in bucket: bucket-0-60401 of volume: vol-0-66424.
INTERNAL_ERROR org.apache.hadoop.ozone.om.exceptions.OMException: Allocated 0 blocks. Requested 1 blocks
	at org.apache.hadoop.ozone.om.protocolPB.OzoneManagerProtocolClientSideTranslatorPB.handleError(OzoneManagerProtocolClientSideTranslatorPB.java:720)
	at org.apache.hadoop.ozone.om.protocolPB.OzoneManagerProtocolClientSideTranslatorPB.allocateBlock(OzoneManagerProtocolClientSideTranslatorPB.java:752)
	at org.apache.hadoop.ozone.client.io.BlockOutputStreamEntryPool.allocateNewBlock(BlockOutputStreamEntryPool.java:248)
	at org.apache.hadoop.ozone.client.io.BlockOutputStreamEntryPool.allocateBlockIfNeeded(BlockOutputStreamEntryPool.java:296)
	at org.apache.hadoop.ozone.client.io.KeyOutputStream.handleWrite(KeyOutputStream.java:201)
	at org.apache.hadoop.ozone.client.io.KeyOutputStream.write(KeyOutputStream.java:193)
	at org.apache.hadoop.ozone.client.io.OzoneOutputStream.write(OzoneOutputStream.java:49)
	at org.apache.hadoop.ozone.freon.RandomKeyGenerator.createKey(RandomKeyGenerator.java:703)
	at org.apache.hadoop.ozone.freon.RandomKeyGenerator.access$1100(RandomKeyGenerator.java:88)
	at org.apache.hadoop.ozone.freon.RandomKeyGenerator$ObjectCreator.run(RandomKeyGenerator.java:609)
	at java.util.concurrent.Executors$RunnableAdapter.call(Executors.java:511)
	at java.util.concurrent.FutureTask.run(FutureTask.java:266)
	at java.util.concurrent.ThreadPoolExecutor.runWorker(ThreadPoolExecutor.java:1149)
	at java.util.concurrent.ThreadPoolExecutor$Worker.run(ThreadPoolExecutor.java:624)
	at java.lang.Thread.run(Thread.java:748)
 0.00% |█                                                                                                    |  0/1 Time: 0:01:01 0.00% |█                                                                                                    |  0/1 Time: 0:01:02 0.00% |█                                                                                                    |  0/1 Time: 0:01:03 0.00% |█                                                                                                    |  0/1 Time: 0:01:04 100.00% |█████████████████████████████████████████████████████████████████████████████████████████████████████|  1/1 Time: 0:01:05
]]></system-out>
  </testcase>
  <testcase name="multiThread" classname="org.apache.hadoop.ozone.freon.TestRandomKeyGenerator" time="15.042"/>
</testsuite>