<?xml version="1.0" encoding="UTF-8"?>
<testsuite xmlns:xsi="http://www.w3.org/2001/XMLSchema-instance" xsi:noNamespaceSchemaLocation="https://maven.apache.org/surefire/maven-surefire-plugin/xsd/surefire-test-report.xsd" name="org.apache.hadoop.ozone.freon.TestRandomKeyGenerator" time="112.44" tests="5" errors="1" skipped="0" failures="0">
  <properties>
    <property name="awt.toolkit" value="sun.awt.X11.XToolkit"/>
    <property name="file.encoding.pkg" value="sun.io"/>
    <property name="java.specification.version" value="1.8"/>
    <property name="sun.cpu.isalist" value=""/>
    <property name="sun.jnu.encoding" value="UTF-8"/>
    <property name="java.class.path" value="/tmp/workdir/hadoop-ozone/tools/target/test-classes:/tmp/workdir/hadoop-ozone/tools/target/classes:/tmp/workdir/hadoop-ozone/ozone-manager/target/classes:/tmp/workdir/hadoop-hdds/docs/target/classes:/home/user/.m2/repository/org/bouncycastle/bcprov-jdk15on/1.60/bcprov-jdk15on-1.60.jar:/tmp/workdir/hadoop-ozone/common/target/classes:/home/user/.m2/repository/org/apache/commons/commons-compress/1.4.1/commons-compress-1.4.1.jar:/home/user/.m2/repository/org/tukaani/xz/1.0/xz-1.0.jar:/home/user/.m2/repository/org/apache/hadoop/hadoop-hdfs-client/3.2.0/hadoop-hdfs-client-3.2.0.jar:/home/user/.m2/repository/com/fasterxml/jackson/core/jackson-annotations/2.9.5/jackson-annotations-2.9.5.jar:/tmp/workdir/hadoop-hdds/common/target/classes:/tmp/workdir/hadoop-hdds/config/target/classes:/home/user/.m2/repository/javax/annotation/javax.annotation-api/1.2/javax.annotation-api-1.2.jar:/home/user/.m2/repository/org/apache/ratis/ratis-server/0.4.0-2337318-SNAPSHOT/ratis-server-0.4.0-2337318-SNAPSHOT.jar:/home/user/.m2/repository/org/apache/ratis/ratis-thirdparty-misc/0.2.0/ratis-thirdparty-misc-0.2.0.jar:/home/user/.m2/repository/org/apache/ratis/ratis-proto/0.4.0-2337318-SNAPSHOT/ratis-proto-0.4.0-2337318-SNAPSHOT.jar:/home/user/.m2/repository/org/apache/ratis/ratis-common/0.4.0-2337318-SNAPSHOT/ratis-common-0.4.0-2337318-SNAPSHOT.jar:/home/user/.m2/repository/org/apache/ratis/ratis-client/0.4.0-2337318-SNAPSHOT/ratis-client-0.4.0-2337318-SNAPSHOT.jar:/home/user/.m2/repository/org/apache/ratis/ratis-metrics/0.4.0-2337318-SNAPSHOT/ratis-metrics-0.4.0-2337318-SNAPSHOT.jar:/home/user/.m2/repository/org/apache/ratis/ratis-netty/0.4.0-2337318-SNAPSHOT/ratis-netty-0.4.0-2337318-SNAPSHOT.jar:/home/user/.m2/repository/org/apache/ratis/ratis-grpc/0.4.0-2337318-SNAPSHOT/ratis-grpc-0.4.0-2337318-SNAPSHOT.jar:/home/user/.m2/repository/org/rocksdb/rocksdbjni/6.0.1/rocksdbjni-6.0.1.jar:/home/user/.m2/repository/org/apache/logging/log4j/log4j-api/2.11.0/log4j-api-2.11.0.jar:/home/user/.m2/repository/org/apache/logging/log4j/log4j-core/2.11.0/log4j-core-2.11.0.jar:/home/user/.m2/repository/com/lmax/disruptor/3.4.2/disruptor-3.4.2.jar:/home/user/.m2/repository/org/apache/commons/commons-pool2/2.6.0/commons-pool2-2.6.0.jar:/home/user/.m2/repository/org/bouncycastle/bcpkix-jdk15on/1.60/bcpkix-jdk15on-1.60.jar:/home/user/.m2/repository/commons-validator/commons-validator/1.6/commons-validator-1.6.jar:/home/user/.m2/repository/commons-digester/commons-digester/1.8.1/commons-digester-1.8.1.jar:/home/user/.m2/repository/io/jaegertracing/jaeger-client/0.33.1/jaeger-client-0.33.1.jar:/home/user/.m2/repository/io/jaegertracing/jaeger-thrift/0.33.1/jaeger-thrift-0.33.1.jar:/home/user/.m2/repository/org/apache/thrift/libthrift/0.11.0/libthrift-0.11.0.jar:/home/user/.m2/repository/com/squareup/okhttp3/okhttp/3.9.0/okhttp-3.9.0.jar:/home/user/.m2/repository/com/squareup/okio/okio/1.13.0/okio-1.13.0.jar:/home/user/.m2/repository/io/jaegertracing/jaeger-core/0.33.1/jaeger-core-0.33.1.jar:/home/user/.m2/repository/io/jaegertracing/jaeger-tracerresolver/0.33.1/jaeger-tracerresolver-0.33.1.jar:/home/user/.m2/repository/io/opentracing/contrib/opentracing-tracerresolver/0.1.5/opentracing-tracerresolver-0.1.5.jar:/home/user/.m2/repository/io/opentracing/opentracing-util/0.31.0/opentracing-util-0.31.0.jar:/home/user/.m2/repository/io/opentracing/opentracing-api/0.31.0/opentracing-api-0.31.0.jar:/home/user/.m2/repository/io/opentracing/opentracing-noop/0.31.0/opentracing-noop-0.31.0.jar:/home/user/.m2/repository/org/yaml/snakeyaml/1.16/snakeyaml-1.16.jar:/tmp/workdir/hadoop-hdds/container-service/target/classes:/tmp/workdir/hadoop-hdds/client/target/classes:/tmp/workdir/hadoop-hdds/tools/target/classes:/home/user/.m2/repository/org/xerial/sqlite-jdbc/3.25.2/sqlite-jdbc-3.25.2.jar:/tmp/workdir/hadoop-hdds/server-scm/target/classes:/home/user/.m2/repository/org/hamcrest/hamcrest-all/1.3/hamcrest-all-1.3.jar:/home/user/.m2/repository/info/picocli/picocli/3.9.6/picocli-3.9.6.jar:/home/user/.m2/repository/com/google/protobuf/protobuf-java/2.5.0/protobuf-java-2.5.0.jar:/home/user/.m2/repository/com/google/guava/guava/11.0.2/guava-11.0.2.jar:/tmp/workdir/hadoop-ozone/client/target/classes:/home/user/.m2/repository/org/apache/hadoop/hadoop-ozone-filesystem/0.5.0-SNAPSHOT/hadoop-ozone-filesystem-0.5.0-SNAPSHOT.jar:/tmp/workdir/hadoop-hdds/framework/target/classes:/home/user/.m2/repository/org/apache/hadoop/hadoop-common/3.2.0/hadoop-common-3.2.0.jar:/home/user/.m2/repository/org/apache/hadoop/hadoop-annotations/3.2.0/hadoop-annotations-3.2.0.jar:/usr/lib/jvm/java-1.8-openjdk/jre/../lib/tools.jar:/home/user/.m2/repository/commons-cli/commons-cli/1.2/commons-cli-1.2.jar:/home/user/.m2/repository/org/apache/commons/commons-math3/3.1.1/commons-math3-3.1.1.jar:/home/user/.m2/repository/org/apache/httpcomponents/httpclient/4.5.2/httpclient-4.5.2.jar:/home/user/.m2/repository/org/apache/httpcomponents/httpcore/4.4.4/httpcore-4.4.4.jar:/home/user/.m2/repository/commons-codec/commons-codec/1.11/commons-codec-1.11.jar:/home/user/.m2/repository/commons-io/commons-io/2.5/commons-io-2.5.jar:/home/user/.m2/repository/commons-net/commons-net/3.6/commons-net-3.6.jar:/home/user/.m2/repository/commons-collections/commons-collections/3.2.2/commons-collections-3.2.2.jar:/home/user/.m2/repository/javax/servlet/javax.servlet-api/3.1.0/javax.servlet-api-3.1.0.jar:/home/user/.m2/repository/org/eclipse/jetty/jetty-server/9.3.24.v20180605/jetty-server-9.3.24.v20180605.jar:/home/user/.m2/repository/org/eclipse/jetty/jetty-http/9.3.24.v20180605/jetty-http-9.3.24.v20180605.jar:/home/user/.m2/repository/org/eclipse/jetty/jetty-io/9.3.24.v20180605/jetty-io-9.3.24.v20180605.jar:/home/user/.m2/repository/org/eclipse/jetty/jetty-util/9.3.24.v20180605/jetty-util-9.3.24.v20180605.jar:/home/user/.m2/repository/org/eclipse/jetty/jetty-servlet/9.3.24.v20180605/jetty-servlet-9.3.24.v20180605.jar:/home/user/.m2/repository/org/eclipse/jetty/jetty-security/9.3.24.v20180605/jetty-security-9.3.24.v20180605.jar:/home/user/.m2/repository/org/eclipse/jetty/jetty-webapp/9.3.24.v20180605/jetty-webapp-9.3.24.v20180605.jar:/home/user/.m2/repository/org/eclipse/jetty/jetty-xml/9.3.24.v20180605/jetty-xml-9.3.24.v20180605.jar:/home/user/.m2/repository/javax/servlet/jsp/jsp-api/2.1/jsp-api-2.1.jar:/home/user/.m2/repository/com/sun/jersey/jersey-core/1.19/jersey-core-1.19.jar:/home/user/.m2/repository/javax/ws/rs/jsr311-api/1.1.1/jsr311-api-1.1.1.jar:/home/user/.m2/repository/com/sun/jersey/jersey-servlet/1.19/jersey-servlet-1.19.jar:/home/user/.m2/repository/com/sun/jersey/jersey-json/1.19/jersey-json-1.19.jar:/home/user/.m2/repository/org/codehaus/jettison/jettison/1.1/jettison-1.1.jar:/home/user/.m2/repository/com/sun/xml/bind/jaxb-impl/2.3.0.1/jaxb-impl-2.3.0.1.jar:/home/user/.m2/repository/org/codehaus/jackson/jackson-core-asl/1.9.13/jackson-core-asl-1.9.13.jar:/home/user/.m2/repository/org/codehaus/jackson/jackson-mapper-asl/1.9.13/jackson-mapper-asl-1.9.13.jar:/home/user/.m2/repository/org/codehaus/jackson/jackson-jaxrs/1.9.13/jackson-jaxrs-1.9.13.jar:/home/user/.m2/repository/org/codehaus/jackson/jackson-xc/1.9.13/jackson-xc-1.9.13.jar:/home/user/.m2/repository/com/sun/jersey/jersey-server/1.19/jersey-server-1.19.jar:/home/user/.m2/repository/commons-logging/commons-logging/1.1.3/commons-logging-1.1.3.jar:/home/user/.m2/repository/log4j/log4j/1.2.17/log4j-1.2.17.jar:/home/user/.m2/repository/commons-beanutils/commons-beanutils/1.9.3/commons-beanutils-1.9.3.jar:/home/user/.m2/repository/org/apache/commons/commons-configuration2/2.1.1/commons-configuration2-2.1.1.jar:/home/user/.m2/repository/org/apache/commons/commons-lang3/3.7/commons-lang3-3.7.jar:/home/user/.m2/repository/org/apache/commons/commons-text/1.4/commons-text-1.4.jar:/home/user/.m2/repository/org/slf4j/slf4j-api/1.7.25/slf4j-api-1.7.25.jar:/home/user/.m2/repository/org/slf4j/slf4j-log4j12/1.7.25/slf4j-log4j12-1.7.25.jar:/home/user/.m2/repository/org/apache/avro/avro/1.7.7/avro-1.7.7.jar:/home/user/.m2/repository/com/thoughtworks/paranamer/paranamer/2.3/paranamer-2.3.jar:/home/user/.m2/repository/org/xerial/snappy/snappy-java/1.0.5/snappy-java-1.0.5.jar:/home/user/.m2/repository/com/google/re2j/re2j/1.1/re2j-1.1.jar:/home/user/.m2/repository/com/google/code/gson/gson/2.2.4/gson-2.2.4.jar:/home/user/.m2/repository/org/apache/hadoop/hadoop-auth/3.2.0/hadoop-auth-3.2.0.jar:/home/user/.m2/repository/com/nimbusds/nimbus-jose-jwt/4.41.1/nimbus-jose-jwt-4.41.1.jar:/home/user/.m2/repository/com/github/stephenc/jcip/jcip-annotations/1.0-1/jcip-annotations-1.0-1.jar:/home/user/.m2/repository/net/minidev/json-smart/2.3/json-smart-2.3.jar:/home/user/.m2/repository/net/minidev/accessors-smart/1.2/accessors-smart-1.2.jar:/home/user/.m2/repository/org/apache/curator/curator-framework/2.12.0/curator-framework-2.12.0.jar:/home/user/.m2/repository/com/jcraft/jsch/0.1.54/jsch-0.1.54.jar:/home/user/.m2/repository/org/apache/curator/curator-client/2.12.0/curator-client-2.12.0.jar:/home/user/.m2/repository/org/apache/curator/curator-recipes/2.12.0/curator-recipes-2.12.0.jar:/home/user/.m2/repository/com/google/code/findbugs/jsr305/3.0.0/jsr305-3.0.0.jar:/home/user/.m2/repository/org/apache/htrace/htrace-core4/4.1.0-incubating/htrace-core4-4.1.0-incubating.jar:/home/user/.m2/repository/org/apache/zookeeper/zookeeper/3.4.13/zookeeper-3.4.13.jar:/home/user/.m2/repository/org/apache/yetus/audience-annotations/0.5.0/audience-annotations-0.5.0.jar:/home/user/.m2/repository/org/apache/kerby/kerb-simplekdc/1.0.1/kerb-simplekdc-1.0.1.jar:/home/user/.m2/repository/org/apache/kerby/kerb-client/1.0.1/kerb-client-1.0.1.jar:/home/user/.m2/repository/org/apache/kerby/kerby-config/1.0.1/kerby-config-1.0.1.jar:/home/user/.m2/repository/org/apache/kerby/kerb-core/1.0.1/kerb-core-1.0.1.jar:/home/user/.m2/repository/org/apache/kerby/kerby-pkix/1.0.1/kerby-pkix-1.0.1.jar:/home/user/.m2/repository/org/apache/kerby/kerby-asn1/1.0.1/kerby-asn1-1.0.1.jar:/home/user/.m2/repository/org/apache/kerby/kerby-util/1.0.1/kerby-util-1.0.1.jar:/home/user/.m2/repository/org/apache/kerby/kerb-common/1.0.1/kerb-common-1.0.1.jar:/home/user/.m2/repository/org/apache/kerby/kerb-crypto/1.0.1/kerb-crypto-1.0.1.jar:/home/user/.m2/repository/org/apache/kerby/kerb-util/1.0.1/kerb-util-1.0.1.jar:/home/user/.m2/repository/org/apache/kerby/token-provider/1.0.1/token-provider-1.0.1.jar:/home/user/.m2/repository/org/apache/kerby/kerb-admin/1.0.1/kerb-admin-1.0.1.jar:/home/user/.m2/repository/org/apache/kerby/kerb-server/1.0.1/kerb-server-1.0.1.jar:/home/user/.m2/repository/org/apache/kerby/kerb-identity/1.0.1/kerb-identity-1.0.1.jar:/home/user/.m2/repository/org/apache/kerby/kerby-xdr/1.0.1/kerby-xdr-1.0.1.jar:/home/user/.m2/repository/com/fasterxml/jackson/core/jackson-databind/2.9.5/jackson-databind-2.9.5.jar:/home/user/.m2/repository/com/fasterxml/jackson/core/jackson-core/2.9.5/jackson-core-2.9.5.jar:/home/user/.m2/repository/org/codehaus/woodstox/stax2-api/3.1.4/stax2-api-3.1.4.jar:/home/user/.m2/repository/com/fasterxml/woodstox/woodstox-core/5.0.3/woodstox-core-5.0.3.jar:/home/user/.m2/repository/dnsjava/dnsjava/2.1.7/dnsjava-2.1.7.jar:/home/user/.m2/repository/org/apache/hadoop/hadoop-hdfs/3.2.0/hadoop-hdfs-3.2.0.jar:/home/user/.m2/repository/org/eclipse/jetty/jetty-util-ajax/9.3.24.v20180605/jetty-util-ajax-9.3.24.v20180605.jar:/home/user/.m2/repository/commons-daemon/commons-daemon/1.0.13/commons-daemon-1.0.13.jar:/home/user/.m2/repository/io/netty/netty/3.10.5.Final/netty-3.10.5.Final.jar:/home/user/.m2/repository/io/netty/netty-all/4.0.52.Final/netty-all-4.0.52.Final.jar:/home/user/.m2/repository/org/fusesource/leveldbjni/leveldbjni-all/1.8/leveldbjni-all-1.8.jar:/home/user/.m2/repository/com/sun/xml/bind/jaxb-core/2.3.0.1/jaxb-core-2.3.0.1.jar:/home/user/.m2/repository/javax/xml/bind/jaxb-api/2.3.0/jaxb-api-2.3.0.jar:/home/user/.m2/repository/javax/activation/activation/1.1.1/activation-1.1.1.jar:/home/user/.m2/repository/io/dropwizard/metrics/metrics-core/3.2.4/metrics-core-3.2.4.jar:/home/user/.m2/repository/org/openjdk/jmh/jmh-core/1.19/jmh-core-1.19.jar:/home/user/.m2/repository/net/sf/jopt-simple/jopt-simple/4.6/jopt-simple-4.6.jar:/home/user/.m2/repository/org/openjdk/jmh/jmh-generator-annprocess/1.19/jmh-generator-annprocess-1.19.jar:/home/user/.m2/repository/com/google/code/findbugs/findbugs/3.0.1/findbugs-3.0.1.jar:/home/user/.m2/repository/net/jcip/jcip-annotations/1.0/jcip-annotations-1.0.jar:/home/user/.m2/repository/com/google/code/findbugs/bcel-findbugs/6.0/bcel-findbugs-6.0.jar:/home/user/.m2/repository/com/google/code/findbugs/jFormatString/2.0.1/jFormatString-2.0.1.jar:/home/user/.m2/repository/dom4j/dom4j/1.6.1/dom4j-1.6.1.jar:/home/user/.m2/repository/xml-apis/xml-apis/1.0.b2/xml-apis-1.0.b2.jar:/home/user/.m2/repository/org/ow2/asm/asm-debug-all/5.0.2/asm-debug-all-5.0.2.jar:/home/user/.m2/repository/org/ow2/asm/asm-commons/5.0.2/asm-commons-5.0.2.jar:/home/user/.m2/repository/org/ow2/asm/asm-tree/5.0.2/asm-tree-5.0.2.jar:/home/user/.m2/repository/org/ow2/asm/asm/5.0.4/asm-5.0.4.jar:/home/user/.m2/repository/commons-lang/commons-lang/2.6/commons-lang-2.6.jar:/home/user/.m2/repository/com/apple/AppleJavaExtensions/1.4/AppleJavaExtensions-1.4.jar:/home/user/.m2/repository/jaxen/jaxen/1.1.6/jaxen-1.1.6.jar:/home/user/.m2/repository/junit/junit/4.11/junit-4.11.jar:/home/user/.m2/repository/org/hamcrest/hamcrest-core/1.3/hamcrest-core-1.3.jar:/home/user/.m2/repository/org/apache/hadoop/hadoop-common/3.2.0/hadoop-common-3.2.0-tests.jar:/home/user/.m2/repository/org/apache/hadoop/hadoop-ozone-integration-test/0.5.0-SNAPSHOT/hadoop-ozone-integration-test-0.5.0-SNAPSHOT-tests.jar:/tmp/workdir/hadoop-ozone/objectstore-service/target/classes:/tmp/workdir/hadoop-ozone/s3gateway/target/classes:/home/user/.m2/repository/org/jboss/weld/servlet/weld-servlet/2.4.7.Final/weld-servlet-2.4.7.Final.jar:/home/user/.m2/repository/org/glassfish/jersey/containers/jersey-container-servlet-core/2.27/jersey-container-servlet-core-2.27.jar:/home/user/.m2/repository/org/glassfish/hk2/external/javax.inject/2.5.0-b42/javax.inject-2.5.0-b42.jar:/home/user/.m2/repository/org/glassfish/jersey/core/jersey-common/2.27/jersey-common-2.27.jar:/home/user/.m2/repository/org/glassfish/hk2/osgi-resource-locator/1.0.1/osgi-resource-locator-1.0.1.jar:/home/user/.m2/repository/javax/ws/rs/javax.ws.rs-api/2.1/javax.ws.rs-api-2.1.jar:/home/user/.m2/repository/org/glassfish/jersey/ext/cdi/jersey-cdi1x/2.27/jersey-cdi1x-2.27.jar:/home/user/.m2/repository/org/glassfish/jersey/inject/jersey-hk2/2.27/jersey-hk2-2.27.jar:/home/user/.m2/repository/org/glassfish/hk2/hk2-locator/2.5.0-b42/hk2-locator-2.5.0-b42.jar:/home/user/.m2/repository/org/javassist/javassist/3.22.0-CR2/javassist-3.22.0-CR2.jar:/home/user/.m2/repository/org/glassfish/hk2/hk2-api/2.5.0/hk2-api-2.5.0.jar:/home/user/.m2/repository/org/glassfish/hk2/external/jakarta.inject/2.5.0/jakarta.inject-2.5.0.jar:/home/user/.m2/repository/org/glassfish/hk2/hk2-utils/2.5.0/hk2-utils-2.5.0.jar:/home/user/.m2/repository/jakarta/annotation/jakarta.annotation-api/1.3.4/jakarta.annotation-api-1.3.4.jar:/home/user/.m2/repository/org/glassfish/hk2/external/aopalliance-repackaged/2.5.0/aopalliance-repackaged-2.5.0.jar:/home/user/.m2/repository/com/fasterxml/jackson/dataformat/jackson-dataformat-xml/2.9.0/jackson-dataformat-xml-2.9.0.jar:/home/user/.m2/repository/com/fasterxml/jackson/module/jackson-module-jaxb-annotations/2.9.5/jackson-module-jaxb-annotations-2.9.5.jar:/home/user/.m2/repository/javax/enterprise/cdi-api/1.2/cdi-api-1.2.jar:/home/user/.m2/repository/javax/el/javax.el-api/3.0.0/javax.el-api-3.0.0.jar:/home/user/.m2/repository/javax/interceptor/javax.interceptor-api/1.2/javax.interceptor-api-1.2.jar:/home/user/.m2/repository/javax/inject/javax.inject/1/javax.inject-1.jar:/tmp/workdir/hadoop-ozone/csi/target/classes:/home/user/.m2/repository/com/google/protobuf/protobuf-java-util/3.5.1/protobuf-java-util-3.5.1.jar:/home/user/.m2/repository/io/grpc/grpc-netty/1.17.1/grpc-netty-1.17.1.jar:/home/user/.m2/repository/io/grpc/grpc-core/1.17.1/grpc-core-1.17.1.jar:/home/user/.m2/repository/io/grpc/grpc-context/1.17.1/grpc-context-1.17.1.jar:/home/user/.m2/repository/com/google/errorprone/error_prone_annotations/2.2.0/error_prone_annotations-2.2.0.jar:/home/user/.m2/repository/org/codehaus/mojo/animal-sniffer-annotations/1.17/animal-sniffer-annotations-1.17.jar:/home/user/.m2/repository/io/opencensus/opencensus-api/0.17.0/opencensus-api-0.17.0.jar:/home/user/.m2/repository/io/opencensus/opencensus-contrib-grpc-metrics/0.17.0/opencensus-contrib-grpc-metrics-0.17.0.jar:/home/user/.m2/repository/io/netty/netty-codec-http2/4.1.30.Final/netty-codec-http2-4.1.30.Final.jar:/home/user/.m2/repository/io/netty/netty-codec-http/4.1.30.Final/netty-codec-http-4.1.30.Final.jar:/home/user/.m2/repository/io/netty/netty-codec/4.1.30.Final/netty-codec-4.1.30.Final.jar:/home/user/.m2/repository/io/netty/netty-handler/4.1.30.Final/netty-handler-4.1.30.Final.jar:/home/user/.m2/repository/io/netty/netty-handler-proxy/4.1.30.Final/netty-handler-proxy-4.1.30.Final.jar:/home/user/.m2/repository/io/netty/netty-codec-socks/4.1.30.Final/netty-codec-socks-4.1.30.Final.jar:/home/user/.m2/repository/io/netty/netty-transport-native-epoll/4.1.30.Final/netty-transport-native-epoll-4.1.30.Final.jar:/home/user/.m2/repository/io/netty/netty-common/4.1.30.Final/netty-common-4.1.30.Final.jar:/home/user/.m2/repository/io/netty/netty-buffer/4.1.30.Final/netty-buffer-4.1.30.Final.jar:/home/user/.m2/repository/io/netty/netty-transport/4.1.30.Final/netty-transport-4.1.30.Final.jar:/home/user/.m2/repository/io/netty/netty-resolver/4.1.30.Final/netty-resolver-4.1.30.Final.jar:/home/user/.m2/repository/io/netty/netty-transport-native-unix-common/4.1.30.Final/netty-transport-native-unix-common-4.1.30.Final.jar:/home/user/.m2/repository/io/grpc/grpc-protobuf/1.17.1/grpc-protobuf-1.17.1.jar:/home/user/.m2/repository/com/google/api/grpc/proto-google-common-protos/1.0.0/proto-google-common-protos-1.0.0.jar:/home/user/.m2/repository/io/grpc/grpc-protobuf-lite/1.17.1/grpc-protobuf-lite-1.17.1.jar:/home/user/.m2/repository/io/grpc/grpc-stub/1.17.1/grpc-stub-1.17.1.jar:/tmp/workdir/hadoop-ozone/ozone-recon/target/classes:/tmp/workdir/hadoop-ozone/ozone-recon-codegen/target/classes:/home/user/.m2/repository/com/google/inject/extensions/guice-multibindings/4.0/guice-multibindings-4.0.jar:/home/user/.m2/repository/com/google/inject/guice/4.0/guice-4.0.jar:/home/user/.m2/repository/aopalliance/aopalliance/1.0/aopalliance-1.0.jar:/home/user/.m2/repository/com/google/inject/extensions/guice-servlet/4.0/guice-servlet-4.0.jar:/home/user/.m2/repository/org/glassfish/jersey/containers/jersey-container-servlet/2.27/jersey-container-servlet-2.27.jar:/home/user/.m2/repository/org/glassfish/hk2/guice-bridge/2.5.0/guice-bridge-2.5.0.jar:/home/user/.m2/repository/org/glassfish/jersey/core/jersey-server/2.27/jersey-server-2.27.jar:/home/user/.m2/repository/org/glassfish/jersey/core/jersey-client/2.27/jersey-client-2.27.jar:/home/user/.m2/repository/org/glassfish/jersey/media/jersey-media-jaxb/2.27/jersey-media-jaxb-2.27.jar:/home/user/.m2/repository/javax/validation/validation-api/1.1.0.Final/validation-api-1.1.0.Final.jar:/home/user/.m2/repository/org/glassfish/jersey/media/jersey-media-json-jackson/2.27/jersey-media-json-jackson-2.27.jar:/home/user/.m2/repository/org/glassfish/jersey/ext/jersey-entity-filtering/2.27/jersey-entity-filtering-2.27.jar:/home/user/.m2/repository/com/google/inject/extensions/guice-assistedinject/4.0/guice-assistedinject-4.0.jar:/home/user/.m2/repository/org/jooq/jooq/3.11.10/jooq-3.11.10.jar:/home/user/.m2/repository/org/jooq/jooq-meta/3.11.10/jooq-meta-3.11.10.jar:/home/user/.m2/repository/org/jooq/jooq-codegen/3.11.10/jooq-codegen-3.11.10.jar:/home/user/.m2/repository/com/jolbox/bonecp/0.8.0.RELEASE/bonecp-0.8.0.RELEASE.jar:/home/user/.m2/repository/org/springframework/spring-jdbc/5.1.3.RELEASE/spring-jdbc-5.1.3.RELEASE.jar:/home/user/.m2/repository/org/springframework/spring-beans/5.1.3.RELEASE/spring-beans-5.1.3.RELEASE.jar:/home/user/.m2/repository/org/springframework/spring-core/5.1.3.RELEASE/spring-core-5.1.3.RELEASE.jar:/home/user/.m2/repository/org/springframework/spring-jcl/5.1.3.RELEASE/spring-jcl-5.1.3.RELEASE.jar:/home/user/.m2/repository/org/springframework/spring-tx/5.1.3.RELEASE/spring-tx-5.1.3.RELEASE.jar:/home/user/.m2/repository/org/mockito/mockito-core/2.15.0/mockito-core-2.15.0.jar:/home/user/.m2/repository/net/bytebuddy/byte-buddy/1.7.9/byte-buddy-1.7.9.jar:/home/user/.m2/repository/net/bytebuddy/byte-buddy-agent/1.7.9/byte-buddy-agent-1.7.9.jar:/home/user/.m2/repository/org/objenesis/objenesis/1.0/objenesis-1.0.jar:"/>
    <property name="java.vm.vendor" value="IcedTea"/>
    <property name="sun.arch.data.model" value="64"/>
    <property name="test.build.dir" value="/tmp/workdir/hadoop-ozone/tools/target/test-dir"/>
    <property name="test.cache.data" value=""/>
    <property name="java.vendor.url" value="https://icedtea.classpath.org"/>
    <property name="user.timezone" value=""/>
    <property name="java.vm.specification.version" value="1.8"/>
    <property name="os.name" value="Linux"/>
    <property name="test.build.data" value="/tmp/workdir/hadoop-ozone/tools/target/test-dir"/>
    <property name="user.country" value="US"/>
    <property name="sun.java.launcher" value="SUN_STANDARD"/>
    <property name="sun.boot.library.path" value="/usr/lib/jvm/java-1.8-openjdk/jre/lib/amd64"/>
    <property name="sun.java.command" value="/tmp/workdir/hadoop-ozone/tools/target/surefire/surefirebooter7173632435607619584.jar /tmp/workdir/hadoop-ozone/tools/target/surefire 2019-07-08T22-53-57_781-jvmRun1 surefire4173803055799379522tmp surefire_1001434128558269898496tmp"/>
    <property name="surefire.test.class.path" value="/tmp/workdir/hadoop-ozone/tools/target/test-classes:/tmp/workdir/hadoop-ozone/tools/target/classes:/tmp/workdir/hadoop-ozone/ozone-manager/target/classes:/tmp/workdir/hadoop-hdds/docs/target/classes:/home/user/.m2/repository/org/bouncycastle/bcprov-jdk15on/1.60/bcprov-jdk15on-1.60.jar:/tmp/workdir/hadoop-ozone/common/target/classes:/home/user/.m2/repository/org/apache/commons/commons-compress/1.4.1/commons-compress-1.4.1.jar:/home/user/.m2/repository/org/tukaani/xz/1.0/xz-1.0.jar:/home/user/.m2/repository/org/apache/hadoop/hadoop-hdfs-client/3.2.0/hadoop-hdfs-client-3.2.0.jar:/home/user/.m2/repository/com/fasterxml/jackson/core/jackson-annotations/2.9.5/jackson-annotations-2.9.5.jar:/tmp/workdir/hadoop-hdds/common/target/classes:/tmp/workdir/hadoop-hdds/config/target/classes:/home/user/.m2/repository/javax/annotation/javax.annotation-api/1.2/javax.annotation-api-1.2.jar:/home/user/.m2/repository/org/apache/ratis/ratis-server/0.4.0-2337318-SNAPSHOT/ratis-server-0.4.0-2337318-SNAPSHOT.jar:/home/user/.m2/repository/org/apache/ratis/ratis-thirdparty-misc/0.2.0/ratis-thirdparty-misc-0.2.0.jar:/home/user/.m2/repository/org/apache/ratis/ratis-proto/0.4.0-2337318-SNAPSHOT/ratis-proto-0.4.0-2337318-SNAPSHOT.jar:/home/user/.m2/repository/org/apache/ratis/ratis-common/0.4.0-2337318-SNAPSHOT/ratis-common-0.4.0-2337318-SNAPSHOT.jar:/home/user/.m2/repository/org/apache/ratis/ratis-client/0.4.0-2337318-SNAPSHOT/ratis-client-0.4.0-2337318-SNAPSHOT.jar:/home/user/.m2/repository/org/apache/ratis/ratis-metrics/0.4.0-2337318-SNAPSHOT/ratis-metrics-0.4.0-2337318-SNAPSHOT.jar:/home/user/.m2/repository/org/apache/ratis/ratis-netty/0.4.0-2337318-SNAPSHOT/ratis-netty-0.4.0-2337318-SNAPSHOT.jar:/home/user/.m2/repository/org/apache/ratis/ratis-grpc/0.4.0-2337318-SNAPSHOT/ratis-grpc-0.4.0-2337318-SNAPSHOT.jar:/home/user/.m2/repository/org/rocksdb/rocksdbjni/6.0.1/rocksdbjni-6.0.1.jar:/home/user/.m2/repository/org/apache/logging/log4j/log4j-api/2.11.0/log4j-api-2.11.0.jar:/home/user/.m2/repository/org/apache/logging/log4j/log4j-core/2.11.0/log4j-core-2.11.0.jar:/home/user/.m2/repository/com/lmax/disruptor/3.4.2/disruptor-3.4.2.jar:/home/user/.m2/repository/org/apache/commons/commons-pool2/2.6.0/commons-pool2-2.6.0.jar:/home/user/.m2/repository/org/bouncycastle/bcpkix-jdk15on/1.60/bcpkix-jdk15on-1.60.jar:/home/user/.m2/repository/commons-validator/commons-validator/1.6/commons-validator-1.6.jar:/home/user/.m2/repository/commons-digester/commons-digester/1.8.1/commons-digester-1.8.1.jar:/home/user/.m2/repository/io/jaegertracing/jaeger-client/0.33.1/jaeger-client-0.33.1.jar:/home/user/.m2/repository/io/jaegertracing/jaeger-thrift/0.33.1/jaeger-thrift-0.33.1.jar:/home/user/.m2/repository/org/apache/thrift/libthrift/0.11.0/libthrift-0.11.0.jar:/home/user/.m2/repository/com/squareup/okhttp3/okhttp/3.9.0/okhttp-3.9.0.jar:/home/user/.m2/repository/com/squareup/okio/okio/1.13.0/okio-1.13.0.jar:/home/user/.m2/repository/io/jaegertracing/jaeger-core/0.33.1/jaeger-core-0.33.1.jar:/home/user/.m2/repository/io/jaegertracing/jaeger-tracerresolver/0.33.1/jaeger-tracerresolver-0.33.1.jar:/home/user/.m2/repository/io/opentracing/contrib/opentracing-tracerresolver/0.1.5/opentracing-tracerresolver-0.1.5.jar:/home/user/.m2/repository/io/opentracing/opentracing-util/0.31.0/opentracing-util-0.31.0.jar:/home/user/.m2/repository/io/opentracing/opentracing-api/0.31.0/opentracing-api-0.31.0.jar:/home/user/.m2/repository/io/opentracing/opentracing-noop/0.31.0/opentracing-noop-0.31.0.jar:/home/user/.m2/repository/org/yaml/snakeyaml/1.16/snakeyaml-1.16.jar:/tmp/workdir/hadoop-hdds/container-service/target/classes:/tmp/workdir/hadoop-hdds/client/target/classes:/tmp/workdir/hadoop-hdds/tools/target/classes:/home/user/.m2/repository/org/xerial/sqlite-jdbc/3.25.2/sqlite-jdbc-3.25.2.jar:/tmp/workdir/hadoop-hdds/server-scm/target/classes:/home/user/.m2/repository/org/hamcrest/hamcrest-all/1.3/hamcrest-all-1.3.jar:/home/user/.m2/repository/info/picocli/picocli/3.9.6/picocli-3.9.6.jar:/home/user/.m2/repository/com/google/protobuf/protobuf-java/2.5.0/protobuf-java-2.5.0.jar:/home/user/.m2/repository/com/google/guava/guava/11.0.2/guava-11.0.2.jar:/tmp/workdir/hadoop-ozone/client/target/classes:/home/user/.m2/repository/org/apache/hadoop/hadoop-ozone-filesystem/0.5.0-SNAPSHOT/hadoop-ozone-filesystem-0.5.0-SNAPSHOT.jar:/tmp/workdir/hadoop-hdds/framework/target/classes:/home/user/.m2/repository/org/apache/hadoop/hadoop-common/3.2.0/hadoop-common-3.2.0.jar:/home/user/.m2/repository/org/apache/hadoop/hadoop-annotations/3.2.0/hadoop-annotations-3.2.0.jar:/usr/lib/jvm/java-1.8-openjdk/jre/../lib/tools.jar:/home/user/.m2/repository/commons-cli/commons-cli/1.2/commons-cli-1.2.jar:/home/user/.m2/repository/org/apache/commons/commons-math3/3.1.1/commons-math3-3.1.1.jar:/home/user/.m2/repository/org/apache/httpcomponents/httpclient/4.5.2/httpclient-4.5.2.jar:/home/user/.m2/repository/org/apache/httpcomponents/httpcore/4.4.4/httpcore-4.4.4.jar:/home/user/.m2/repository/commons-codec/commons-codec/1.11/commons-codec-1.11.jar:/home/user/.m2/repository/commons-io/commons-io/2.5/commons-io-2.5.jar:/home/user/.m2/repository/commons-net/commons-net/3.6/commons-net-3.6.jar:/home/user/.m2/repository/commons-collections/commons-collections/3.2.2/commons-collections-3.2.2.jar:/home/user/.m2/repository/javax/servlet/javax.servlet-api/3.1.0/javax.servlet-api-3.1.0.jar:/home/user/.m2/repository/org/eclipse/jetty/jetty-server/9.3.24.v20180605/jetty-server-9.3.24.v20180605.jar:/home/user/.m2/repository/org/eclipse/jetty/jetty-http/9.3.24.v20180605/jetty-http-9.3.24.v20180605.jar:/home/user/.m2/repository/org/eclipse/jetty/jetty-io/9.3.24.v20180605/jetty-io-9.3.24.v20180605.jar:/home/user/.m2/repository/org/eclipse/jetty/jetty-util/9.3.24.v20180605/jetty-util-9.3.24.v20180605.jar:/home/user/.m2/repository/org/eclipse/jetty/jetty-servlet/9.3.24.v20180605/jetty-servlet-9.3.24.v20180605.jar:/home/user/.m2/repository/org/eclipse/jetty/jetty-security/9.3.24.v20180605/jetty-security-9.3.24.v20180605.jar:/home/user/.m2/repository/org/eclipse/jetty/jetty-webapp/9.3.24.v20180605/jetty-webapp-9.3.24.v20180605.jar:/home/user/.m2/repository/org/eclipse/jetty/jetty-xml/9.3.24.v20180605/jetty-xml-9.3.24.v20180605.jar:/home/user/.m2/repository/javax/servlet/jsp/jsp-api/2.1/jsp-api-2.1.jar:/home/user/.m2/repository/com/sun/jersey/jersey-core/1.19/jersey-core-1.19.jar:/home/user/.m2/repository/javax/ws/rs/jsr311-api/1.1.1/jsr311-api-1.1.1.jar:/home/user/.m2/repository/com/sun/jersey/jersey-servlet/1.19/jersey-servlet-1.19.jar:/home/user/.m2/repository/com/sun/jersey/jersey-json/1.19/jersey-json-1.19.jar:/home/user/.m2/repository/org/codehaus/jettison/jettison/1.1/jettison-1.1.jar:/home/user/.m2/repository/com/sun/xml/bind/jaxb-impl/2.3.0.1/jaxb-impl-2.3.0.1.jar:/home/user/.m2/repository/org/codehaus/jackson/jackson-core-asl/1.9.13/jackson-core-asl-1.9.13.jar:/home/user/.m2/repository/org/codehaus/jackson/jackson-mapper-asl/1.9.13/jackson-mapper-asl-1.9.13.jar:/home/user/.m2/repository/org/codehaus/jackson/jackson-jaxrs/1.9.13/jackson-jaxrs-1.9.13.jar:/home/user/.m2/repository/org/codehaus/jackson/jackson-xc/1.9.13/jackson-xc-1.9.13.jar:/home/user/.m2/repository/com/sun/jersey/jersey-server/1.19/jersey-server-1.19.jar:/home/user/.m2/repository/commons-logging/commons-logging/1.1.3/commons-logging-1.1.3.jar:/home/user/.m2/repository/log4j/log4j/1.2.17/log4j-1.2.17.jar:/home/user/.m2/repository/commons-beanutils/commons-beanutils/1.9.3/commons-beanutils-1.9.3.jar:/home/user/.m2/repository/org/apache/commons/commons-configuration2/2.1.1/commons-configuration2-2.1.1.jar:/home/user/.m2/repository/org/apache/commons/commons-lang3/3.7/commons-lang3-3.7.jar:/home/user/.m2/repository/org/apache/commons/commons-text/1.4/commons-text-1.4.jar:/home/user/.m2/repository/org/slf4j/slf4j-api/1.7.25/slf4j-api-1.7.25.jar:/home/user/.m2/repository/org/slf4j/slf4j-log4j12/1.7.25/slf4j-log4j12-1.7.25.jar:/home/user/.m2/repository/org/apache/avro/avro/1.7.7/avro-1.7.7.jar:/home/user/.m2/repository/com/thoughtworks/paranamer/paranamer/2.3/paranamer-2.3.jar:/home/user/.m2/repository/org/xerial/snappy/snappy-java/1.0.5/snappy-java-1.0.5.jar:/home/user/.m2/repository/com/google/re2j/re2j/1.1/re2j-1.1.jar:/home/user/.m2/repository/com/google/code/gson/gson/2.2.4/gson-2.2.4.jar:/home/user/.m2/repository/org/apache/hadoop/hadoop-auth/3.2.0/hadoop-auth-3.2.0.jar:/home/user/.m2/repository/com/nimbusds/nimbus-jose-jwt/4.41.1/nimbus-jose-jwt-4.41.1.jar:/home/user/.m2/repository/com/github/stephenc/jcip/jcip-annotations/1.0-1/jcip-annotations-1.0-1.jar:/home/user/.m2/repository/net/minidev/json-smart/2.3/json-smart-2.3.jar:/home/user/.m2/repository/net/minidev/accessors-smart/1.2/accessors-smart-1.2.jar:/home/user/.m2/repository/org/apache/curator/curator-framework/2.12.0/curator-framework-2.12.0.jar:/home/user/.m2/repository/com/jcraft/jsch/0.1.54/jsch-0.1.54.jar:/home/user/.m2/repository/org/apache/curator/curator-client/2.12.0/curator-client-2.12.0.jar:/home/user/.m2/repository/org/apache/curator/curator-recipes/2.12.0/curator-recipes-2.12.0.jar:/home/user/.m2/repository/com/google/code/findbugs/jsr305/3.0.0/jsr305-3.0.0.jar:/home/user/.m2/repository/org/apache/htrace/htrace-core4/4.1.0-incubating/htrace-core4-4.1.0-incubating.jar:/home/user/.m2/repository/org/apache/zookeeper/zookeeper/3.4.13/zookeeper-3.4.13.jar:/home/user/.m2/repository/org/apache/yetus/audience-annotations/0.5.0/audience-annotations-0.5.0.jar:/home/user/.m2/repository/org/apache/kerby/kerb-simplekdc/1.0.1/kerb-simplekdc-1.0.1.jar:/home/user/.m2/repository/org/apache/kerby/kerb-client/1.0.1/kerb-client-1.0.1.jar:/home/user/.m2/repository/org/apache/kerby/kerby-config/1.0.1/kerby-config-1.0.1.jar:/home/user/.m2/repository/org/apache/kerby/kerb-core/1.0.1/kerb-core-1.0.1.jar:/home/user/.m2/repository/org/apache/kerby/kerby-pkix/1.0.1/kerby-pkix-1.0.1.jar:/home/user/.m2/repository/org/apache/kerby/kerby-asn1/1.0.1/kerby-asn1-1.0.1.jar:/home/user/.m2/repository/org/apache/kerby/kerby-util/1.0.1/kerby-util-1.0.1.jar:/home/user/.m2/repository/org/apache/kerby/kerb-common/1.0.1/kerb-common-1.0.1.jar:/home/user/.m2/repository/org/apache/kerby/kerb-crypto/1.0.1/kerb-crypto-1.0.1.jar:/home/user/.m2/repository/org/apache/kerby/kerb-util/1.0.1/kerb-util-1.0.1.jar:/home/user/.m2/repository/org/apache/kerby/token-provider/1.0.1/token-provider-1.0.1.jar:/home/user/.m2/repository/org/apache/kerby/kerb-admin/1.0.1/kerb-admin-1.0.1.jar:/home/user/.m2/repository/org/apache/kerby/kerb-server/1.0.1/kerb-server-1.0.1.jar:/home/user/.m2/repository/org/apache/kerby/kerb-identity/1.0.1/kerb-identity-1.0.1.jar:/home/user/.m2/repository/org/apache/kerby/kerby-xdr/1.0.1/kerby-xdr-1.0.1.jar:/home/user/.m2/repository/com/fasterxml/jackson/core/jackson-databind/2.9.5/jackson-databind-2.9.5.jar:/home/user/.m2/repository/com/fasterxml/jackson/core/jackson-core/2.9.5/jackson-core-2.9.5.jar:/home/user/.m2/repository/org/codehaus/woodstox/stax2-api/3.1.4/stax2-api-3.1.4.jar:/home/user/.m2/repository/com/fasterxml/woodstox/woodstox-core/5.0.3/woodstox-core-5.0.3.jar:/home/user/.m2/repository/dnsjava/dnsjava/2.1.7/dnsjava-2.1.7.jar:/home/user/.m2/repository/org/apache/hadoop/hadoop-hdfs/3.2.0/hadoop-hdfs-3.2.0.jar:/home/user/.m2/repository/org/eclipse/jetty/jetty-util-ajax/9.3.24.v20180605/jetty-util-ajax-9.3.24.v20180605.jar:/home/user/.m2/repository/commons-daemon/commons-daemon/1.0.13/commons-daemon-1.0.13.jar:/home/user/.m2/repository/io/netty/netty/3.10.5.Final/netty-3.10.5.Final.jar:/home/user/.m2/repository/io/netty/netty-all/4.0.52.Final/netty-all-4.0.52.Final.jar:/home/user/.m2/repository/org/fusesource/leveldbjni/leveldbjni-all/1.8/leveldbjni-all-1.8.jar:/home/user/.m2/repository/com/sun/xml/bind/jaxb-core/2.3.0.1/jaxb-core-2.3.0.1.jar:/home/user/.m2/repository/javax/xml/bind/jaxb-api/2.3.0/jaxb-api-2.3.0.jar:/home/user/.m2/repository/javax/activation/activation/1.1.1/activation-1.1.1.jar:/home/user/.m2/repository/io/dropwizard/metrics/metrics-core/3.2.4/metrics-core-3.2.4.jar:/home/user/.m2/repository/org/openjdk/jmh/jmh-core/1.19/jmh-core-1.19.jar:/home/user/.m2/repository/net/sf/jopt-simple/jopt-simple/4.6/jopt-simple-4.6.jar:/home/user/.m2/repository/org/openjdk/jmh/jmh-generator-annprocess/1.19/jmh-generator-annprocess-1.19.jar:/home/user/.m2/repository/com/google/code/findbugs/findbugs/3.0.1/findbugs-3.0.1.jar:/home/user/.m2/repository/net/jcip/jcip-annotations/1.0/jcip-annotations-1.0.jar:/home/user/.m2/repository/com/google/code/findbugs/bcel-findbugs/6.0/bcel-findbugs-6.0.jar:/home/user/.m2/repository/com/google/code/findbugs/jFormatString/2.0.1/jFormatString-2.0.1.jar:/home/user/.m2/repository/dom4j/dom4j/1.6.1/dom4j-1.6.1.jar:/home/user/.m2/repository/xml-apis/xml-apis/1.0.b2/xml-apis-1.0.b2.jar:/home/user/.m2/repository/org/ow2/asm/asm-debug-all/5.0.2/asm-debug-all-5.0.2.jar:/home/user/.m2/repository/org/ow2/asm/asm-commons/5.0.2/asm-commons-5.0.2.jar:/home/user/.m2/repository/org/ow2/asm/asm-tree/5.0.2/asm-tree-5.0.2.jar:/home/user/.m2/repository/org/ow2/asm/asm/5.0.4/asm-5.0.4.jar:/home/user/.m2/repository/commons-lang/commons-lang/2.6/commons-lang-2.6.jar:/home/user/.m2/repository/com/apple/AppleJavaExtensions/1.4/AppleJavaExtensions-1.4.jar:/home/user/.m2/repository/jaxen/jaxen/1.1.6/jaxen-1.1.6.jar:/home/user/.m2/repository/junit/junit/4.11/junit-4.11.jar:/home/user/.m2/repository/org/hamcrest/hamcrest-core/1.3/hamcrest-core-1.3.jar:/home/user/.m2/repository/org/apache/hadoop/hadoop-common/3.2.0/hadoop-common-3.2.0-tests.jar:/home/user/.m2/repository/org/apache/hadoop/hadoop-ozone-integration-test/0.5.0-SNAPSHOT/hadoop-ozone-integration-test-0.5.0-SNAPSHOT-tests.jar:/tmp/workdir/hadoop-ozone/objectstore-service/target/classes:/tmp/workdir/hadoop-ozone/s3gateway/target/classes:/home/user/.m2/repository/org/jboss/weld/servlet/weld-servlet/2.4.7.Final/weld-servlet-2.4.7.Final.jar:/home/user/.m2/repository/org/glassfish/jersey/containers/jersey-container-servlet-core/2.27/jersey-container-servlet-core-2.27.jar:/home/user/.m2/repository/org/glassfish/hk2/external/javax.inject/2.5.0-b42/javax.inject-2.5.0-b42.jar:/home/user/.m2/repository/org/glassfish/jersey/core/jersey-common/2.27/jersey-common-2.27.jar:/home/user/.m2/repository/org/glassfish/hk2/osgi-resource-locator/1.0.1/osgi-resource-locator-1.0.1.jar:/home/user/.m2/repository/javax/ws/rs/javax.ws.rs-api/2.1/javax.ws.rs-api-2.1.jar:/home/user/.m2/repository/org/glassfish/jersey/ext/cdi/jersey-cdi1x/2.27/jersey-cdi1x-2.27.jar:/home/user/.m2/repository/org/glassfish/jersey/inject/jersey-hk2/2.27/jersey-hk2-2.27.jar:/home/user/.m2/repository/org/glassfish/hk2/hk2-locator/2.5.0-b42/hk2-locator-2.5.0-b42.jar:/home/user/.m2/repository/org/javassist/javassist/3.22.0-CR2/javassist-3.22.0-CR2.jar:/home/user/.m2/repository/org/glassfish/hk2/hk2-api/2.5.0/hk2-api-2.5.0.jar:/home/user/.m2/repository/org/glassfish/hk2/external/jakarta.inject/2.5.0/jakarta.inject-2.5.0.jar:/home/user/.m2/repository/org/glassfish/hk2/hk2-utils/2.5.0/hk2-utils-2.5.0.jar:/home/user/.m2/repository/jakarta/annotation/jakarta.annotation-api/1.3.4/jakarta.annotation-api-1.3.4.jar:/home/user/.m2/repository/org/glassfish/hk2/external/aopalliance-repackaged/2.5.0/aopalliance-repackaged-2.5.0.jar:/home/user/.m2/repository/com/fasterxml/jackson/dataformat/jackson-dataformat-xml/2.9.0/jackson-dataformat-xml-2.9.0.jar:/home/user/.m2/repository/com/fasterxml/jackson/module/jackson-module-jaxb-annotations/2.9.5/jackson-module-jaxb-annotations-2.9.5.jar:/home/user/.m2/repository/javax/enterprise/cdi-api/1.2/cdi-api-1.2.jar:/home/user/.m2/repository/javax/el/javax.el-api/3.0.0/javax.el-api-3.0.0.jar:/home/user/.m2/repository/javax/interceptor/javax.interceptor-api/1.2/javax.interceptor-api-1.2.jar:/home/user/.m2/repository/javax/inject/javax.inject/1/javax.inject-1.jar:/tmp/workdir/hadoop-ozone/csi/target/classes:/home/user/.m2/repository/com/google/protobuf/protobuf-java-util/3.5.1/protobuf-java-util-3.5.1.jar:/home/user/.m2/repository/io/grpc/grpc-netty/1.17.1/grpc-netty-1.17.1.jar:/home/user/.m2/repository/io/grpc/grpc-core/1.17.1/grpc-core-1.17.1.jar:/home/user/.m2/repository/io/grpc/grpc-context/1.17.1/grpc-context-1.17.1.jar:/home/user/.m2/repository/com/google/errorprone/error_prone_annotations/2.2.0/error_prone_annotations-2.2.0.jar:/home/user/.m2/repository/org/codehaus/mojo/animal-sniffer-annotations/1.17/animal-sniffer-annotations-1.17.jar:/home/user/.m2/repository/io/opencensus/opencensus-api/0.17.0/opencensus-api-0.17.0.jar:/home/user/.m2/repository/io/opencensus/opencensus-contrib-grpc-metrics/0.17.0/opencensus-contrib-grpc-metrics-0.17.0.jar:/home/user/.m2/repository/io/netty/netty-codec-http2/4.1.30.Final/netty-codec-http2-4.1.30.Final.jar:/home/user/.m2/repository/io/netty/netty-codec-http/4.1.30.Final/netty-codec-http-4.1.30.Final.jar:/home/user/.m2/repository/io/netty/netty-codec/4.1.30.Final/netty-codec-4.1.30.Final.jar:/home/user/.m2/repository/io/netty/netty-handler/4.1.30.Final/netty-handler-4.1.30.Final.jar:/home/user/.m2/repository/io/netty/netty-handler-proxy/4.1.30.Final/netty-handler-proxy-4.1.30.Final.jar:/home/user/.m2/repository/io/netty/netty-codec-socks/4.1.30.Final/netty-codec-socks-4.1.30.Final.jar:/home/user/.m2/repository/io/netty/netty-transport-native-epoll/4.1.30.Final/netty-transport-native-epoll-4.1.30.Final.jar:/home/user/.m2/repository/io/netty/netty-common/4.1.30.Final/netty-common-4.1.30.Final.jar:/home/user/.m2/repository/io/netty/netty-buffer/4.1.30.Final/netty-buffer-4.1.30.Final.jar:/home/user/.m2/repository/io/netty/netty-transport/4.1.30.Final/netty-transport-4.1.30.Final.jar:/home/user/.m2/repository/io/netty/netty-resolver/4.1.30.Final/netty-resolver-4.1.30.Final.jar:/home/user/.m2/repository/io/netty/netty-transport-native-unix-common/4.1.30.Final/netty-transport-native-unix-common-4.1.30.Final.jar:/home/user/.m2/repository/io/grpc/grpc-protobuf/1.17.1/grpc-protobuf-1.17.1.jar:/home/user/.m2/repository/com/google/api/grpc/proto-google-common-protos/1.0.0/proto-google-common-protos-1.0.0.jar:/home/user/.m2/repository/io/grpc/grpc-protobuf-lite/1.17.1/grpc-protobuf-lite-1.17.1.jar:/home/user/.m2/repository/io/grpc/grpc-stub/1.17.1/grpc-stub-1.17.1.jar:/tmp/workdir/hadoop-ozone/ozone-recon/target/classes:/tmp/workdir/hadoop-ozone/ozone-recon-codegen/target/classes:/home/user/.m2/repository/com/google/inject/extensions/guice-multibindings/4.0/guice-multibindings-4.0.jar:/home/user/.m2/repository/com/google/inject/guice/4.0/guice-4.0.jar:/home/user/.m2/repository/aopalliance/aopalliance/1.0/aopalliance-1.0.jar:/home/user/.m2/repository/com/google/inject/extensions/guice-servlet/4.0/guice-servlet-4.0.jar:/home/user/.m2/repository/org/glassfish/jersey/containers/jersey-container-servlet/2.27/jersey-container-servlet-2.27.jar:/home/user/.m2/repository/org/glassfish/hk2/guice-bridge/2.5.0/guice-bridge-2.5.0.jar:/home/user/.m2/repository/org/glassfish/jersey/core/jersey-server/2.27/jersey-server-2.27.jar:/home/user/.m2/repository/org/glassfish/jersey/core/jersey-client/2.27/jersey-client-2.27.jar:/home/user/.m2/repository/org/glassfish/jersey/media/jersey-media-jaxb/2.27/jersey-media-jaxb-2.27.jar:/home/user/.m2/repository/javax/validation/validation-api/1.1.0.Final/validation-api-1.1.0.Final.jar:/home/user/.m2/repository/org/glassfish/jersey/media/jersey-media-json-jackson/2.27/jersey-media-json-jackson-2.27.jar:/home/user/.m2/repository/org/glassfish/jersey/ext/jersey-entity-filtering/2.27/jersey-entity-filtering-2.27.jar:/home/user/.m2/repository/com/google/inject/extensions/guice-assistedinject/4.0/guice-assistedinject-4.0.jar:/home/user/.m2/repository/org/jooq/jooq/3.11.10/jooq-3.11.10.jar:/home/user/.m2/repository/org/jooq/jooq-meta/3.11.10/jooq-meta-3.11.10.jar:/home/user/.m2/repository/org/jooq/jooq-codegen/3.11.10/jooq-codegen-3.11.10.jar:/home/user/.m2/repository/com/jolbox/bonecp/0.8.0.RELEASE/bonecp-0.8.0.RELEASE.jar:/home/user/.m2/repository/org/springframework/spring-jdbc/5.1.3.RELEASE/spring-jdbc-5.1.3.RELEASE.jar:/home/user/.m2/repository/org/springframework/spring-beans/5.1.3.RELEASE/spring-beans-5.1.3.RELEASE.jar:/home/user/.m2/repository/org/springframework/spring-core/5.1.3.RELEASE/spring-core-5.1.3.RELEASE.jar:/home/user/.m2/repository/org/springframework/spring-jcl/5.1.3.RELEASE/spring-jcl-5.1.3.RELEASE.jar:/home/user/.m2/repository/org/springframework/spring-tx/5.1.3.RELEASE/spring-tx-5.1.3.RELEASE.jar:/home/user/.m2/repository/org/mockito/mockito-core/2.15.0/mockito-core-2.15.0.jar:/home/user/.m2/repository/net/bytebuddy/byte-buddy/1.7.9/byte-buddy-1.7.9.jar:/home/user/.m2/repository/net/bytebuddy/byte-buddy-agent/1.7.9/byte-buddy-agent-1.7.9.jar:/home/user/.m2/repository/org/objenesis/objenesis/1.0/objenesis-1.0.jar:"/>
    <property name="sun.cpu.endian" value="little"/>
    <property name="user.home" value="/home/user"/>
    <property name="user.language" value="en"/>
    <property name="java.specification.vendor" value="Oracle Corporation"/>
    <property name="java.home" value="/usr/lib/jvm/java-1.8-openjdk/jre"/>
    <property name="java.security.krb5.conf" value="/tmp/workdir/hadoop-ozone/tools/target/test-classes/krb5.conf"/>
    <property name="basedir" value="/tmp/workdir/hadoop-ozone/tools"/>
    <property name="file.separator" value="/"/>
    <property name="line.separator" value="&#10;"/>
    <property name="java.vm.specification.vendor" value="Oracle Corporation"/>
    <property name="java.specification.name" value="Java Platform API Specification"/>
    <property name="java.awt.graphicsenv" value="sun.awt.X11GraphicsEnvironment"/>
    <property name="surefire.real.class.path" value="/tmp/workdir/hadoop-ozone/tools/target/surefire/surefirebooter7173632435607619584.jar"/>
    <property name="hadoop.log.dir" value="/tmp/workdir/hadoop-ozone/tools/target/log"/>
    <property name="sun.boot.class.path" value="/usr/lib/jvm/java-1.8-openjdk/jre/lib/resources.jar:/usr/lib/jvm/java-1.8-openjdk/jre/lib/rt.jar:/usr/lib/jvm/java-1.8-openjdk/jre/lib/sunrsasign.jar:/usr/lib/jvm/java-1.8-openjdk/jre/lib/jsse.jar:/usr/lib/jvm/java-1.8-openjdk/jre/lib/jce.jar:/usr/lib/jvm/java-1.8-openjdk/jre/lib/charsets.jar:/usr/lib/jvm/java-1.8-openjdk/jre/lib/jfr.jar:/usr/lib/jvm/java-1.8-openjdk/jre/classes"/>
    <property name="sun.management.compiler" value="HotSpot 64-Bit Tiered Compilers"/>
    <property name="java.runtime.version" value="1.8.0_212-b04"/>
    <property name="java.net.preferIPv4Stack" value="true"/>
    <property name="user.name" value="jenkins1000"/>
    <property name="path.separator" value=":"/>
    <property name="java.security.egd" value="file:///dev/urandom"/>
    <property name="os.version" value="3.10.0-957.12.2.el7.x86_64"/>
    <property name="java.endorsed.dirs" value="/usr/lib/jvm/java-1.8-openjdk/jre/lib/endorsed"/>
    <property name="java.runtime.name" value="OpenJDK Runtime Environment"/>
    <property name="file.encoding" value="UTF-8"/>
    <property name="java.vm.name" value="OpenJDK 64-Bit Server VM"/>
    <property name="test.build.webapps" value=""/>
    <property name="localRepository" value="/home/user/.m2/repository"/>
    <property name="java.vendor.url.bug" value="https://icedtea.classpath.org/bugzilla"/>
    <property name="java.io.tmpdir" value="/tmp"/>
    <property name="require.test.libhadoop" value=""/>
    <property name="java.version" value="1.8.0_212"/>
    <property name="user.dir" value="/tmp/workdir/hadoop-ozone/tools"/>
    <property name="os.arch" value="amd64"/>
    <property name="java.vm.specification.name" value="Java Virtual Machine Specification"/>
    <property name="test.build.classes" value="/tmp/workdir/hadoop-ozone/tools/target/test-classes"/>
    <property name="java.awt.printerjob" value="sun.print.PSPrinterJob"/>
    <property name="sun.os.patch.level" value="unknown"/>
    <property name="hadoop.tmp.dir" value="/tmp/workdir/hadoop-ozone/tools/target/tmp"/>
    <property name="java.library.path" value="/usr/lib/jvm/java-1.8-openjdk/jre/lib/amd64/server:/usr/lib/jvm/java-1.8-openjdk/jre/lib/amd64:/usr/lib/jvm/java-1.8-openjdk/jre/../lib/amd64:/tmp/workdir/hadoop-ozone/tools/target/native/target/usr/local/lib:/tmp/workdir/hadoop-ozone/tools/../../hadoop-common-project/hadoop-common/target/native/target/usr/local/lib:/usr/java/packages/lib/amd64:/usr/lib64:/lib64:/lib:/usr/lib"/>
    <property name="java.vm.info" value="mixed mode"/>
    <property name="java.vendor" value="IcedTea"/>
    <property name="java.vm.version" value="25.212-b04"/>
    <property name="java.ext.dirs" value="/usr/lib/jvm/java-1.8-openjdk/jre/lib/ext:/usr/java/packages/lib/ext"/>
    <property name="sun.io.unicode.encoding" value="UnicodeLittle"/>
    <property name="java.class.version" value="52.0"/>
  </properties>
  <testcase name="ratisTest3" classname="org.apache.hadoop.ozone.freon.TestRandomKeyGenerator" time="5.346"/>
  <testcase name="testThreadPoolSize" classname="org.apache.hadoop.ozone.freon.TestRandomKeyGenerator" time="5.051"/>
  <testcase name="defaultTest" classname="org.apache.hadoop.ozone.freon.TestRandomKeyGenerator" time="5.025"/>
  <testcase name="bigFileThan2GB" classname="org.apache.hadoop.ozone.freon.TestRandomKeyGenerator" time="78.224">
    <error message="Allocated 0 blocks. Requested 1 blocks" type="INTERNAL_ERROR org.apache.hadoop.ozone.om.exceptions.OMException">INTERNAL_ERROR org.apache.hadoop.ozone.om.exceptions.OMException: Allocated 0 blocks. Requested 1 blocks
	at org.apache.hadoop.ozone.om.protocolPB.OzoneManagerProtocolClientSideTranslatorPB.handleError(OzoneManagerProtocolClientSideTranslatorPB.java:720)
	at org.apache.hadoop.ozone.om.protocolPB.OzoneManagerProtocolClientSideTranslatorPB.allocateBlock(OzoneManagerProtocolClientSideTranslatorPB.java:752)
	at org.apache.hadoop.ozone.client.io.BlockOutputStreamEntryPool.allocateNewBlock(BlockOutputStreamEntryPool.java:248)
	at org.apache.hadoop.ozone.client.io.BlockOutputStreamEntryPool.allocateBlockIfNeeded(BlockOutputStreamEntryPool.java:296)
	at org.apache.hadoop.ozone.client.io.KeyOutputStream.handleWrite(KeyOutputStream.java:201)
	at org.apache.hadoop.ozone.client.io.KeyOutputStream.write(KeyOutputStream.java:193)
	at org.apache.hadoop.ozone.client.io.OzoneOutputStream.write(OzoneOutputStream.java:49)
	at org.apache.hadoop.ozone.freon.RandomKeyGenerator$KeyProcessor.run(RandomKeyGenerator.java:693)
	at java.util.concurrent.Executors$RunnableAdapter.call(Executors.java:511)
	at java.util.concurrent.FutureTask.run(FutureTask.java:266)
	at java.util.concurrent.ThreadPoolExecutor.runWorker(ThreadPoolExecutor.java:1149)
	at java.util.concurrent.ThreadPoolExecutor$Worker.run(ThreadPoolExecutor.java:624)
	at java.lang.Thread.run(Thread.java:748)
</error>
    <system-out><![CDATA[2019-07-08 23:04:50,878 INFO  freon.RandomKeyGenerator (RandomKeyGenerator.java:call(262)) - Number of Threads: 1
2019-07-08 23:04:50,879 INFO  freon.RandomKeyGenerator (RandomKeyGenerator.java:call(267)) - Number of Volumes: 1.
2019-07-08 23:04:50,879 INFO  freon.RandomKeyGenerator (RandomKeyGenerator.java:call(268)) - Number of Buckets per Volume: 1.
2019-07-08 23:04:50,879 INFO  freon.RandomKeyGenerator (RandomKeyGenerator.java:call(269)) - Number of Keys per Bucket: 1.
2019-07-08 23:04:50,879 INFO  freon.RandomKeyGenerator (RandomKeyGenerator.java:call(270)) - Key size: 2147483657 bytes
2019-07-08 23:04:50,880 INFO  freon.RandomKeyGenerator (RandomKeyGenerator.java:call(271)) - Buffer size: 4096 bytes
2019-07-08 23:04:50,881 INFO  rpc.RpcClient (RpcClient.java:createVolume(289)) - Creating Volume: vol-0-13779, with jenkins1000 as owner.
2019-07-08 23:04:50,882 INFO  freon.RandomKeyGenerator (RandomKeyGenerator.java:call(286)) - Data validation is enabled.
2019-07-08 23:04:50,882 INFO  freon.RandomKeyGenerator (RandomKeyGenerator.java:call(299)) - Starting progress bar Thread.

 0.00% |█                                                                                                    |  0/1 Time: 0:00:002019-07-08 23:04:50,893 INFO  rpc.RpcClient (RpcClient.java:createBucket(426)) - Creating Bucket: vol-0-13779/bucket-0-47182, with Versioning false and Storage Type set to DISK and Encryption set to false 
2019-07-08 23:04:51,296 INFO  client.GrpcClientProtocolClient (GrpcClientProtocolClient.java:onNext(255)) - client-CEF4D3493DC0->4ee04582-2825-4055-a051-0465d62eb5ca: receive RaftClientReply:client-CEF4D3493DC0->4ee04582-2825-4055-a051-0465d62eb5ca@group-78E0FE5F723E, cid=600, SUCCESS, logIndex=738, commits[4ee04582-2825-4055-a051-0465d62eb5ca:c738, 97f5b9f0-d9ef-40b5-ba79-7414923e623f:c737, 7d686585-d831-45bc-93fc-0a553b604b0e:c737]
2019-07-08 23:04:51,310 INFO  client.GrpcClientProtocolClient (GrpcClientProtocolClient.java:onNext(255)) - client-CEF4D3493DC0->4ee04582-2825-4055-a051-0465d62eb5ca: receive RaftClientReply:client-CEF4D3493DC0->4ee04582-2825-4055-a051-0465d62eb5ca@group-78E0FE5F723E, cid=601, SUCCESS, logIndex=740, commits[4ee04582-2825-4055-a051-0465d62eb5ca:c740, 97f5b9f0-d9ef-40b5-ba79-7414923e623f:c738, 7d686585-d831-45bc-93fc-0a553b604b0e:c739]
2019-07-08 23:04:51,323 INFO  client.GrpcClientProtocolClient (GrpcClientProtocolClient.java:onNext(255)) - client-CEF4D3493DC0->4ee04582-2825-4055-a051-0465d62eb5ca: receive RaftClientReply:client-CEF4D3493DC0->4ee04582-2825-4055-a051-0465d62eb5ca@group-78E0FE5F723E, cid=602, SUCCESS, logIndex=742, commits[4ee04582-2825-4055-a051-0465d62eb5ca:c743, 97f5b9f0-d9ef-40b5-ba79-7414923e623f:c740, 7d686585-d831-45bc-93fc-0a553b604b0e:c740]
2019-07-08 23:04:51,324 INFO  client.GrpcClientProtocolClient (GrpcClientProtocolClient.java:onNext(255)) - client-CEF4D3493DC0->4ee04582-2825-4055-a051-0465d62eb5ca: receive RaftClientReply:client-CEF4D3493DC0->4ee04582-2825-4055-a051-0465d62eb5ca@group-78E0FE5F723E, cid=603, SUCCESS, logIndex=743, commits[4ee04582-2825-4055-a051-0465d62eb5ca:c743, 97f5b9f0-d9ef-40b5-ba79-7414923e623f:c740, 7d686585-d831-45bc-93fc-0a553b604b0e:c740]
2019-07-08 23:04:51,348 INFO  client.GrpcClientProtocolClient (GrpcClientProtocolClient.java:onNext(255)) - client-CEF4D3493DC0->4ee04582-2825-4055-a051-0465d62eb5ca: receive RaftClientReply:client-CEF4D3493DC0->4ee04582-2825-4055-a051-0465d62eb5ca@group-78E0FE5F723E, cid=604, SUCCESS, logIndex=746, commits[4ee04582-2825-4055-a051-0465d62eb5ca:c747, 97f5b9f0-d9ef-40b5-ba79-7414923e623f:c745, 7d686585-d831-45bc-93fc-0a553b604b0e:c745]
2019-07-08 23:04:51,349 INFO  client.GrpcClientProtocolClient (GrpcClientProtocolClient.java:onNext(255)) - client-CEF4D3493DC0->4ee04582-2825-4055-a051-0465d62eb5ca: receive RaftClientReply:client-CEF4D3493DC0->4ee04582-2825-4055-a051-0465d62eb5ca@group-78E0FE5F723E, cid=605, SUCCESS, logIndex=747, commits[4ee04582-2825-4055-a051-0465d62eb5ca:c747, 97f5b9f0-d9ef-40b5-ba79-7414923e623f:c745, 7d686585-d831-45bc-93fc-0a553b604b0e:c745]
2019-07-08 23:04:51,370 INFO  client.GrpcClientProtocolClient (GrpcClientProtocolClient.java:onNext(255)) - client-CEF4D3493DC0->4ee04582-2825-4055-a051-0465d62eb5ca: receive RaftClientReply:client-CEF4D3493DC0->4ee04582-2825-4055-a051-0465d62eb5ca@group-78E0FE5F723E, cid=606, SUCCESS, logIndex=750, commits[4ee04582-2825-4055-a051-0465d62eb5ca:c751, 97f5b9f0-d9ef-40b5-ba79-7414923e623f:c749, 7d686585-d831-45bc-93fc-0a553b604b0e:c749]
2019-07-08 23:04:51,371 INFO  client.GrpcClientProtocolClient (GrpcClientProtocolClient.java:onNext(255)) - client-CEF4D3493DC0->4ee04582-2825-4055-a051-0465d62eb5ca: receive RaftClientReply:client-CEF4D3493DC0->4ee04582-2825-4055-a051-0465d62eb5ca@group-78E0FE5F723E, cid=607, SUCCESS, logIndex=751, commits[4ee04582-2825-4055-a051-0465d62eb5ca:c751, 97f5b9f0-d9ef-40b5-ba79-7414923e623f:c749, 7d686585-d831-45bc-93fc-0a553b604b0e:c749]
2019-07-08 23:04:51,377 INFO  client.GrpcClientProtocolClient (GrpcClientProtocolClient.java:onNext(255)) - client-CEF4D3493DC0->4ee04582-2825-4055-a051-0465d62eb5ca: receive RaftClientReply:client-CEF4D3493DC0->4ee04582-2825-4055-a051-0465d62eb5ca@group-78E0FE5F723E, cid=608, SUCCESS, logIndex=0, commits[4ee04582-2825-4055-a051-0465d62eb5ca:c753, 97f5b9f0-d9ef-40b5-ba79-7414923e623f:c751, 7d686585-d831-45bc-93fc-0a553b604b0e:c751]
2019-07-08 23:04:51,399 INFO  client.GrpcClientProtocolClient (GrpcClientProtocolClient.java:onNext(255)) - client-CEF4D3493DC0->4ee04582-2825-4055-a051-0465d62eb5ca: receive RaftClientReply:client-CEF4D3493DC0->4ee04582-2825-4055-a051-0465d62eb5ca@group-78E0FE5F723E, cid=609, SUCCESS, logIndex=754, commits[4ee04582-2825-4055-a051-0465d62eb5ca:c755, 97f5b9f0-d9ef-40b5-ba79-7414923e623f:c753, 7d686585-d831-45bc-93fc-0a553b604b0e:c753]
2019-07-08 23:04:51,400 INFO  client.GrpcClientProtocolClient (GrpcClientProtocolClient.java:onNext(255)) - client-CEF4D3493DC0->4ee04582-2825-4055-a051-0465d62eb5ca: receive RaftClientReply:client-CEF4D3493DC0->4ee04582-2825-4055-a051-0465d62eb5ca@group-78E0FE5F723E, cid=610, SUCCESS, logIndex=755, commits[4ee04582-2825-4055-a051-0465d62eb5ca:c757, 97f5b9f0-d9ef-40b5-ba79-7414923e623f:c753, 7d686585-d831-45bc-93fc-0a553b604b0e:c753]
2019-07-08 23:04:51,401 INFO  client.GrpcClientProtocolClient (GrpcClientProtocolClient.java:onNext(255)) - client-CEF4D3493DC0->4ee04582-2825-4055-a051-0465d62eb5ca: receive RaftClientReply:client-CEF4D3493DC0->4ee04582-2825-4055-a051-0465d62eb5ca@group-78E0FE5F723E, cid=611, SUCCESS, logIndex=756, commits[4ee04582-2825-4055-a051-0465d62eb5ca:c757, 97f5b9f0-d9ef-40b5-ba79-7414923e623f:c753, 7d686585-d831-45bc-93fc-0a553b604b0e:c753]
2019-07-08 23:04:51,401 INFO  client.GrpcClientProtocolClient (GrpcClientProtocolClient.java:onNext(255)) - client-CEF4D3493DC0->4ee04582-2825-4055-a051-0465d62eb5ca: receive RaftClientReply:client-CEF4D3493DC0->4ee04582-2825-4055-a051-0465d62eb5ca@group-78E0FE5F723E, cid=612, SUCCESS, logIndex=757, commits[4ee04582-2825-4055-a051-0465d62eb5ca:c757, 97f5b9f0-d9ef-40b5-ba79-7414923e623f:c753, 7d686585-d831-45bc-93fc-0a553b604b0e:c753]
2019-07-08 23:04:51,406 INFO  client.GrpcClientProtocolClient (GrpcClientProtocolClient.java:onNext(255)) - client-CEF4D3493DC0->4ee04582-2825-4055-a051-0465d62eb5ca: receive RaftClientReply:client-CEF4D3493DC0->4ee04582-2825-4055-a051-0465d62eb5ca@group-78E0FE5F723E, cid=613, SUCCESS, logIndex=0, commits[4ee04582-2825-4055-a051-0465d62eb5ca:c760, 97f5b9f0-d9ef-40b5-ba79-7414923e623f:c757, 7d686585-d831-45bc-93fc-0a553b604b0e:c755]
2019-07-08 23:04:51,522 INFO  client.GrpcClientProtocolClient (GrpcClientProtocolClient.java:onNext(255)) - client-CEF4D3493DC0->4ee04582-2825-4055-a051-0465d62eb5ca: receive RaftClientReply:client-CEF4D3493DC0->4ee04582-2825-4055-a051-0465d62eb5ca@group-78E0FE5F723E, cid=614, SUCCESS, logIndex=762, commits[4ee04582-2825-4055-a051-0465d62eb5ca:c763, 97f5b9f0-d9ef-40b5-ba79-7414923e623f:c761, 7d686585-d831-45bc-93fc-0a553b604b0e:c761]
2019-07-08 23:04:51,523 INFO  client.GrpcClientProtocolClient (GrpcClientProtocolClient.java:onNext(255)) - client-CEF4D3493DC0->4ee04582-2825-4055-a051-0465d62eb5ca: receive RaftClientReply:client-CEF4D3493DC0->4ee04582-2825-4055-a051-0465d62eb5ca@group-78E0FE5F723E, cid=615, SUCCESS, logIndex=763, commits[4ee04582-2825-4055-a051-0465d62eb5ca:c763, 97f5b9f0-d9ef-40b5-ba79-7414923e623f:c761, 7d686585-d831-45bc-93fc-0a553b604b0e:c761]
2019-07-08 23:04:51,542 INFO  client.GrpcClientProtocolClient (GrpcClientProtocolClient.java:onNext(255)) - client-CEF4D3493DC0->4ee04582-2825-4055-a051-0465d62eb5ca: receive RaftClientReply:client-CEF4D3493DC0->4ee04582-2825-4055-a051-0465d62eb5ca@group-78E0FE5F723E, cid=616, SUCCESS, logIndex=766, commits[4ee04582-2825-4055-a051-0465d62eb5ca:c767, 97f5b9f0-d9ef-40b5-ba79-7414923e623f:c765, 7d686585-d831-45bc-93fc-0a553b604b0e:c763]
2019-07-08 23:04:51,543 INFO  client.GrpcClientProtocolClient (GrpcClientProtocolClient.java:onNext(255)) - client-CEF4D3493DC0->4ee04582-2825-4055-a051-0465d62eb5ca: receive RaftClientReply:client-CEF4D3493DC0->4ee04582-2825-4055-a051-0465d62eb5ca@group-78E0FE5F723E, cid=617, SUCCESS, logIndex=767, commits[4ee04582-2825-4055-a051-0465d62eb5ca:c767, 97f5b9f0-d9ef-40b5-ba79-7414923e623f:c765, 7d686585-d831-45bc-93fc-0a553b604b0e:c765]
2019-07-08 23:04:51,544 INFO  client.GrpcClientProtocolClient (GrpcClientProtocolClient.java:onNext(255)) - client-CEF4D3493DC0->4ee04582-2825-4055-a051-0465d62eb5ca: receive RaftClientReply:client-CEF4D3493DC0->4ee04582-2825-4055-a051-0465d62eb5ca@group-78E0FE5F723E, cid=618, SUCCESS, logIndex=0, commits[4ee04582-2825-4055-a051-0465d62eb5ca:c768, 97f5b9f0-d9ef-40b5-ba79-7414923e623f:c767, 7d686585-d831-45bc-93fc-0a553b604b0e:c767]
2019-07-08 23:04:51,563 INFO  client.GrpcClientProtocolClient (GrpcClientProtocolClient.java:onNext(255)) - client-CEF4D3493DC0->4ee04582-2825-4055-a051-0465d62eb5ca: receive RaftClientReply:client-CEF4D3493DC0->4ee04582-2825-4055-a051-0465d62eb5ca@group-78E0FE5F723E, cid=619, SUCCESS, logIndex=770, commits[4ee04582-2825-4055-a051-0465d62eb5ca:c771, 97f5b9f0-d9ef-40b5-ba79-7414923e623f:c769, 7d686585-d831-45bc-93fc-0a553b604b0e:c769]
2019-07-08 23:04:51,563 INFO  client.GrpcClientProtocolClient (GrpcClientProtocolClient.java:onNext(255)) - client-CEF4D3493DC0->4ee04582-2825-4055-a051-0465d62eb5ca: receive RaftClientReply:client-CEF4D3493DC0->4ee04582-2825-4055-a051-0465d62eb5ca@group-78E0FE5F723E, cid=620, SUCCESS, logIndex=771, commits[4ee04582-2825-4055-a051-0465d62eb5ca:c771, 97f5b9f0-d9ef-40b5-ba79-7414923e623f:c769, 7d686585-d831-45bc-93fc-0a553b604b0e:c769]
2019-07-08 23:04:51,564 INFO  client.GrpcClientProtocolClient (GrpcClientProtocolClient.java:onNext(255)) - client-CEF4D3493DC0->4ee04582-2825-4055-a051-0465d62eb5ca: receive RaftClientReply:client-CEF4D3493DC0->4ee04582-2825-4055-a051-0465d62eb5ca@group-78E0FE5F723E, cid=621, SUCCESS, logIndex=772, commits[4ee04582-2825-4055-a051-0465d62eb5ca:c773, 97f5b9f0-d9ef-40b5-ba79-7414923e623f:c769, 7d686585-d831-45bc-93fc-0a553b604b0e:c769]
2019-07-08 23:04:51,565 INFO  client.GrpcClientProtocolClient (GrpcClientProtocolClient.java:onNext(255)) - client-CEF4D3493DC0->4ee04582-2825-4055-a051-0465d62eb5ca: receive RaftClientReply:client-CEF4D3493DC0->4ee04582-2825-4055-a051-0465d62eb5ca@group-78E0FE5F723E, cid=622, SUCCESS, logIndex=773, commits[4ee04582-2825-4055-a051-0465d62eb5ca:c773, 97f5b9f0-d9ef-40b5-ba79-7414923e623f:c769, 7d686585-d831-45bc-93fc-0a553b604b0e:c769]
2019-07-08 23:04:51,567 INFO  client.GrpcClientProtocolClient (GrpcClientProtocolClient.java:onNext(255)) - client-CEF4D3493DC0->4ee04582-2825-4055-a051-0465d62eb5ca: receive RaftClientReply:client-CEF4D3493DC0->4ee04582-2825-4055-a051-0465d62eb5ca@group-78E0FE5F723E, cid=623, SUCCESS, logIndex=0, commits[4ee04582-2825-4055-a051-0465d62eb5ca:c775, 97f5b9f0-d9ef-40b5-ba79-7414923e623f:c771, 7d686585-d831-45bc-93fc-0a553b604b0e:c771]
2019-07-08 23:04:51,587 INFO  client.GrpcClientProtocolClient (GrpcClientProtocolClient.java:onNext(255)) - client-CEF4D3493DC0->4ee04582-2825-4055-a051-0465d62eb5ca: receive RaftClientReply:client-CEF4D3493DC0->4ee04582-2825-4055-a051-0465d62eb5ca@group-78E0FE5F723E, cid=624, SUCCESS, logIndex=778, commits[4ee04582-2825-4055-a051-0465d62eb5ca:c779, 97f5b9f0-d9ef-40b5-ba79-7414923e623f:c777, 7d686585-d831-45bc-93fc-0a553b604b0e:c777]
2019-07-08 23:04:51,588 INFO  client.GrpcClientProtocolClient (GrpcClientProtocolClient.java:onNext(255)) - client-CEF4D3493DC0->4ee04582-2825-4055-a051-0465d62eb5ca: receive RaftClientReply:client-CEF4D3493DC0->4ee04582-2825-4055-a051-0465d62eb5ca@group-78E0FE5F723E, cid=625, SUCCESS, logIndex=779, commits[4ee04582-2825-4055-a051-0465d62eb5ca:c779, 97f5b9f0-d9ef-40b5-ba79-7414923e623f:c777, 7d686585-d831-45bc-93fc-0a553b604b0e:c777]
2019-07-08 23:04:51,606 INFO  client.GrpcClientProtocolClient (GrpcClientProtocolClient.java:onNext(255)) - client-CEF4D3493DC0->4ee04582-2825-4055-a051-0465d62eb5ca: receive RaftClientReply:client-CEF4D3493DC0->4ee04582-2825-4055-a051-0465d62eb5ca@group-78E0FE5F723E, cid=626, SUCCESS, logIndex=782, commits[4ee04582-2825-4055-a051-0465d62eb5ca:c783, 97f5b9f0-d9ef-40b5-ba79-7414923e623f:c780, 7d686585-d831-45bc-93fc-0a553b604b0e:c780]
2019-07-08 23:04:51,606 INFO  client.GrpcClientProtocolClient (GrpcClientProtocolClient.java:onNext(255)) - client-CEF4D3493DC0->4ee04582-2825-4055-a051-0465d62eb5ca: receive RaftClientReply:client-CEF4D3493DC0->4ee04582-2825-4055-a051-0465d62eb5ca@group-78E0FE5F723E, cid=627, SUCCESS, logIndex=783, commits[4ee04582-2825-4055-a051-0465d62eb5ca:c783, 97f5b9f0-d9ef-40b5-ba79-7414923e623f:c780, 7d686585-d831-45bc-93fc-0a553b604b0e:c780]
2019-07-08 23:04:51,608 INFO  client.GrpcClientProtocolClient (GrpcClientProtocolClient.java:onNext(255)) - client-CEF4D3493DC0->4ee04582-2825-4055-a051-0465d62eb5ca: receive RaftClientReply:client-CEF4D3493DC0->4ee04582-2825-4055-a051-0465d62eb5ca@group-78E0FE5F723E, cid=628, SUCCESS, logIndex=0, commits[4ee04582-2825-4055-a051-0465d62eb5ca:c784, 97f5b9f0-d9ef-40b5-ba79-7414923e623f:c783, 7d686585-d831-45bc-93fc-0a553b604b0e:c783]
2019-07-08 23:04:51,624 INFO  client.GrpcClientProtocolClient (GrpcClientProtocolClient.java:onNext(255)) - client-CEF4D3493DC0->4ee04582-2825-4055-a051-0465d62eb5ca: receive RaftClientReply:client-CEF4D3493DC0->4ee04582-2825-4055-a051-0465d62eb5ca@group-78E0FE5F723E, cid=629, SUCCESS, logIndex=786, commits[4ee04582-2825-4055-a051-0465d62eb5ca:c787, 97f5b9f0-d9ef-40b5-ba79-7414923e623f:c785, 7d686585-d831-45bc-93fc-0a553b604b0e:c785]
2019-07-08 23:04:51,624 INFO  client.GrpcClientProtocolClient (GrpcClientProtocolClient.java:onNext(255)) - client-CEF4D3493DC0->4ee04582-2825-4055-a051-0465d62eb5ca: receive RaftClientReply:client-CEF4D3493DC0->4ee04582-2825-4055-a051-0465d62eb5ca@group-78E0FE5F723E, cid=630, SUCCESS, logIndex=787, commits[4ee04582-2825-4055-a051-0465d62eb5ca:c787, 97f5b9f0-d9ef-40b5-ba79-7414923e623f:c785, 7d686585-d831-45bc-93fc-0a553b604b0e:c785]
2019-07-08 23:04:51,626 INFO  client.GrpcClientProtocolClient (GrpcClientProtocolClient.java:onNext(255)) - client-CEF4D3493DC0->4ee04582-2825-4055-a051-0465d62eb5ca: receive RaftClientReply:client-CEF4D3493DC0->4ee04582-2825-4055-a051-0465d62eb5ca@group-78E0FE5F723E, cid=631, SUCCESS, logIndex=788, commits[4ee04582-2825-4055-a051-0465d62eb5ca:c789, 97f5b9f0-d9ef-40b5-ba79-7414923e623f:c785, 7d686585-d831-45bc-93fc-0a553b604b0e:c785]
2019-07-08 23:04:51,627 INFO  client.GrpcClientProtocolClient (GrpcClientProtocolClient.java:onNext(255)) - client-CEF4D3493DC0->4ee04582-2825-4055-a051-0465d62eb5ca: receive RaftClientReply:client-CEF4D3493DC0->4ee04582-2825-4055-a051-0465d62eb5ca@group-78E0FE5F723E, cid=632, SUCCESS, logIndex=789, commits[4ee04582-2825-4055-a051-0465d62eb5ca:c791, 97f5b9f0-d9ef-40b5-ba79-7414923e623f:c787, 7d686585-d831-45bc-93fc-0a553b604b0e:c785]
2019-07-08 23:04:51,628 INFO  client.GrpcClientProtocolClient (GrpcClientProtocolClient.java:onNext(255)) - client-CEF4D3493DC0->4ee04582-2825-4055-a051-0465d62eb5ca: receive RaftClientReply:client-CEF4D3493DC0->4ee04582-2825-4055-a051-0465d62eb5ca@group-78E0FE5F723E, cid=633, SUCCESS, logIndex=0, commits[4ee04582-2825-4055-a051-0465d62eb5ca:c792, 97f5b9f0-d9ef-40b5-ba79-7414923e623f:c788, 7d686585-d831-45bc-93fc-0a553b604b0e:c787]
2019-07-08 23:04:51,644 INFO  client.GrpcClientProtocolClient (GrpcClientProtocolClient.java:onNext(255)) - client-CEF4D3493DC0->4ee04582-2825-4055-a051-0465d62eb5ca: receive RaftClientReply:client-CEF4D3493DC0->4ee04582-2825-4055-a051-0465d62eb5ca@group-78E0FE5F723E, cid=634, SUCCESS, logIndex=794, commits[4ee04582-2825-4055-a051-0465d62eb5ca:c795, 97f5b9f0-d9ef-40b5-ba79-7414923e623f:c793, 7d686585-d831-45bc-93fc-0a553b604b0e:c793]
2019-07-08 23:04:51,645 INFO  client.GrpcClientProtocolClient (GrpcClientProtocolClient.java:onNext(255)) - client-CEF4D3493DC0->4ee04582-2825-4055-a051-0465d62eb5ca: receive RaftClientReply:client-CEF4D3493DC0->4ee04582-2825-4055-a051-0465d62eb5ca@group-78E0FE5F723E, cid=635, SUCCESS, logIndex=795, commits[4ee04582-2825-4055-a051-0465d62eb5ca:c795, 97f5b9f0-d9ef-40b5-ba79-7414923e623f:c793, 7d686585-d831-45bc-93fc-0a553b604b0e:c793]
2019-07-08 23:04:51,661 INFO  client.GrpcClientProtocolClient (GrpcClientProtocolClient.java:onNext(255)) - client-CEF4D3493DC0->4ee04582-2825-4055-a051-0465d62eb5ca: receive RaftClientReply:client-CEF4D3493DC0->4ee04582-2825-4055-a051-0465d62eb5ca@group-78E0FE5F723E, cid=636, SUCCESS, logIndex=798, commits[4ee04582-2825-4055-a051-0465d62eb5ca:c799, 97f5b9f0-d9ef-40b5-ba79-7414923e623f:c795, 7d686585-d831-45bc-93fc-0a553b604b0e:c797]
2019-07-08 23:04:51,661 INFO  client.GrpcClientProtocolClient (GrpcClientProtocolClient.java:onNext(255)) - client-CEF4D3493DC0->4ee04582-2825-4055-a051-0465d62eb5ca: receive RaftClientReply:client-CEF4D3493DC0->4ee04582-2825-4055-a051-0465d62eb5ca@group-78E0FE5F723E, cid=637, SUCCESS, logIndex=799, commits[4ee04582-2825-4055-a051-0465d62eb5ca:c799, 97f5b9f0-d9ef-40b5-ba79-7414923e623f:c795, 7d686585-d831-45bc-93fc-0a553b604b0e:c797]
2019-07-08 23:04:51,664 INFO  client.GrpcClientProtocolClient (GrpcClientProtocolClient.java:onNext(255)) - client-CEF4D3493DC0->4ee04582-2825-4055-a051-0465d62eb5ca: receive RaftClientReply:client-CEF4D3493DC0->4ee04582-2825-4055-a051-0465d62eb5ca@group-78E0FE5F723E, cid=638, SUCCESS, logIndex=0, commits[4ee04582-2825-4055-a051-0465d62eb5ca:c800, 97f5b9f0-d9ef-40b5-ba79-7414923e623f:c799, 7d686585-d831-45bc-93fc-0a553b604b0e:c799]
2019-07-08 23:04:51,680 INFO  client.GrpcClientProtocolClient (GrpcClientProtocolClient.java:onNext(255)) - client-CEF4D3493DC0->4ee04582-2825-4055-a051-0465d62eb5ca: receive RaftClientReply:client-CEF4D3493DC0->4ee04582-2825-4055-a051-0465d62eb5ca@group-78E0FE5F723E, cid=639, SUCCESS, logIndex=802, commits[4ee04582-2825-4055-a051-0465d62eb5ca:c803, 97f5b9f0-d9ef-40b5-ba79-7414923e623f:c801, 7d686585-d831-45bc-93fc-0a553b604b0e:c799]
2019-07-08 23:04:51,681 INFO  client.GrpcClientProtocolClient (GrpcClientProtocolClient.java:onNext(255)) - client-CEF4D3493DC0->4ee04582-2825-4055-a051-0465d62eb5ca: receive RaftClientReply:client-CEF4D3493DC0->4ee04582-2825-4055-a051-0465d62eb5ca@group-78E0FE5F723E, cid=640, SUCCESS, logIndex=803, commits[4ee04582-2825-4055-a051-0465d62eb5ca:c803, 97f5b9f0-d9ef-40b5-ba79-7414923e623f:c801, 7d686585-d831-45bc-93fc-0a553b604b0e:c801]
2019-07-08 23:04:51,682 INFO  client.GrpcClientProtocolClient (GrpcClientProtocolClient.java:onNext(255)) - client-CEF4D3493DC0->4ee04582-2825-4055-a051-0465d62eb5ca: receive RaftClientReply:client-CEF4D3493DC0->4ee04582-2825-4055-a051-0465d62eb5ca@group-78E0FE5F723E, cid=641, SUCCESS, logIndex=804, commits[4ee04582-2825-4055-a051-0465d62eb5ca:c805, 97f5b9f0-d9ef-40b5-ba79-7414923e623f:c801, 7d686585-d831-45bc-93fc-0a553b604b0e:c801]
2019-07-08 23:04:51,682 INFO  client.GrpcClientProtocolClient (GrpcClientProtocolClient.java:onNext(255)) - client-CEF4D3493DC0->4ee04582-2825-4055-a051-0465d62eb5ca: receive RaftClientReply:client-CEF4D3493DC0->4ee04582-2825-4055-a051-0465d62eb5ca@group-78E0FE5F723E, cid=642, SUCCESS, logIndex=805, commits[4ee04582-2825-4055-a051-0465d62eb5ca:c806, 97f5b9f0-d9ef-40b5-ba79-7414923e623f:c802, 7d686585-d831-45bc-93fc-0a553b604b0e:c801]
2019-07-08 23:04:51,684 INFO  client.GrpcClientProtocolClient (GrpcClientProtocolClient.java:onNext(255)) - client-CEF4D3493DC0->4ee04582-2825-4055-a051-0465d62eb5ca: receive RaftClientReply:client-CEF4D3493DC0->4ee04582-2825-4055-a051-0465d62eb5ca@group-78E0FE5F723E, cid=643, SUCCESS, logIndex=0, commits[4ee04582-2825-4055-a051-0465d62eb5ca:c808, 97f5b9f0-d9ef-40b5-ba79-7414923e623f:c804, 7d686585-d831-45bc-93fc-0a553b604b0e:c803]
2019-07-08 23:04:51,699 INFO  client.GrpcClientProtocolClient (GrpcClientProtocolClient.java:onNext(255)) - client-CEF4D3493DC0->4ee04582-2825-4055-a051-0465d62eb5ca: receive RaftClientReply:client-CEF4D3493DC0->4ee04582-2825-4055-a051-0465d62eb5ca@group-78E0FE5F723E, cid=644, SUCCESS, logIndex=810, commits[4ee04582-2825-4055-a051-0465d62eb5ca:c811, 97f5b9f0-d9ef-40b5-ba79-7414923e623f:c809, 7d686585-d831-45bc-93fc-0a553b604b0e:c809]
2019-07-08 23:04:51,699 INFO  client.GrpcClientProtocolClient (GrpcClientProtocolClient.java:onNext(255)) - client-CEF4D3493DC0->4ee04582-2825-4055-a051-0465d62eb5ca: receive RaftClientReply:client-CEF4D3493DC0->4ee04582-2825-4055-a051-0465d62eb5ca@group-78E0FE5F723E, cid=645, SUCCESS, logIndex=811, commits[4ee04582-2825-4055-a051-0465d62eb5ca:c811, 97f5b9f0-d9ef-40b5-ba79-7414923e623f:c809, 7d686585-d831-45bc-93fc-0a553b604b0e:c809]
2019-07-08 23:04:51,713 INFO  client.GrpcClientProtocolClient (GrpcClientProtocolClient.java:onNext(255)) - client-CEF4D3493DC0->4ee04582-2825-4055-a051-0465d62eb5ca: receive RaftClientReply:client-CEF4D3493DC0->4ee04582-2825-4055-a051-0465d62eb5ca@group-78E0FE5F723E, cid=646, SUCCESS, logIndex=814, commits[4ee04582-2825-4055-a051-0465d62eb5ca:c815, 97f5b9f0-d9ef-40b5-ba79-7414923e623f:c813, 7d686585-d831-45bc-93fc-0a553b604b0e:c811]
2019-07-08 23:04:51,713 INFO  client.GrpcClientProtocolClient (GrpcClientProtocolClient.java:onNext(255)) - client-CEF4D3493DC0->4ee04582-2825-4055-a051-0465d62eb5ca: receive RaftClientReply:client-CEF4D3493DC0->4ee04582-2825-4055-a051-0465d62eb5ca@group-78E0FE5F723E, cid=647, SUCCESS, logIndex=815, commits[4ee04582-2825-4055-a051-0465d62eb5ca:c815, 97f5b9f0-d9ef-40b5-ba79-7414923e623f:c813, 7d686585-d831-45bc-93fc-0a553b604b0e:c813]
2019-07-08 23:04:51,717 INFO  client.GrpcClientProtocolClient (GrpcClientProtocolClient.java:onNext(255)) - client-CEF4D3493DC0->4ee04582-2825-4055-a051-0465d62eb5ca: receive RaftClientReply:client-CEF4D3493DC0->4ee04582-2825-4055-a051-0465d62eb5ca@group-78E0FE5F723E, cid=648, SUCCESS, logIndex=0, commits[4ee04582-2825-4055-a051-0465d62eb5ca:c816, 97f5b9f0-d9ef-40b5-ba79-7414923e623f:c815, 7d686585-d831-45bc-93fc-0a553b604b0e:c815]
2019-07-08 23:04:51,741 INFO  client.GrpcClientProtocolClient (GrpcClientProtocolClient.java:onNext(255)) - client-CEF4D3493DC0->4ee04582-2825-4055-a051-0465d62eb5ca: receive RaftClientReply:client-CEF4D3493DC0->4ee04582-2825-4055-a051-0465d62eb5ca@group-78E0FE5F723E, cid=649, SUCCESS, logIndex=818, commits[4ee04582-2825-4055-a051-0465d62eb5ca:c819, 97f5b9f0-d9ef-40b5-ba79-7414923e623f:c817, 7d686585-d831-45bc-93fc-0a553b604b0e:c817]
2019-07-08 23:04:51,741 INFO  client.GrpcClientProtocolClient (GrpcClientProtocolClient.java:onNext(255)) - client-CEF4D3493DC0->4ee04582-2825-4055-a051-0465d62eb5ca: receive RaftClientReply:client-CEF4D3493DC0->4ee04582-2825-4055-a051-0465d62eb5ca@group-78E0FE5F723E, cid=650, SUCCESS, logIndex=819, commits[4ee04582-2825-4055-a051-0465d62eb5ca:c821, 97f5b9f0-d9ef-40b5-ba79-7414923e623f:c817, 7d686585-d831-45bc-93fc-0a553b604b0e:c817]
2019-07-08 23:04:51,742 INFO  client.GrpcClientProtocolClient (GrpcClientProtocolClient.java:onNext(255)) - client-CEF4D3493DC0->4ee04582-2825-4055-a051-0465d62eb5ca: receive RaftClientReply:client-CEF4D3493DC0->4ee04582-2825-4055-a051-0465d62eb5ca@group-78E0FE5F723E, cid=651, SUCCESS, logIndex=820, commits[4ee04582-2825-4055-a051-0465d62eb5ca:c821, 97f5b9f0-d9ef-40b5-ba79-7414923e623f:c817, 7d686585-d831-45bc-93fc-0a553b604b0e:c817]
2019-07-08 23:04:51,742 INFO  client.GrpcClientProtocolClient (GrpcClientProtocolClient.java:onNext(255)) - client-CEF4D3493DC0->4ee04582-2825-4055-a051-0465d62eb5ca: receive RaftClientReply:client-CEF4D3493DC0->4ee04582-2825-4055-a051-0465d62eb5ca@group-78E0FE5F723E, cid=652, SUCCESS, logIndex=821, commits[4ee04582-2825-4055-a051-0465d62eb5ca:c821, 97f5b9f0-d9ef-40b5-ba79-7414923e623f:c817, 7d686585-d831-45bc-93fc-0a553b604b0e:c817]
2019-07-08 23:04:51,743 INFO  client.GrpcClientProtocolClient (GrpcClientProtocolClient.java:onNext(255)) - client-CEF4D3493DC0->4ee04582-2825-4055-a051-0465d62eb5ca: receive RaftClientReply:client-CEF4D3493DC0->4ee04582-2825-4055-a051-0465d62eb5ca@group-78E0FE5F723E, cid=653, SUCCESS, logIndex=0, commits[4ee04582-2825-4055-a051-0465d62eb5ca:c822, 97f5b9f0-d9ef-40b5-ba79-7414923e623f:c819, 7d686585-d831-45bc-93fc-0a553b604b0e:c819]
2019-07-08 23:04:51,758 INFO  client.GrpcClientProtocolClient (GrpcClientProtocolClient.java:onNext(255)) - client-CEF4D3493DC0->4ee04582-2825-4055-a051-0465d62eb5ca: receive RaftClientReply:client-CEF4D3493DC0->4ee04582-2825-4055-a051-0465d62eb5ca@group-78E0FE5F723E, cid=654, SUCCESS, logIndex=826, commits[4ee04582-2825-4055-a051-0465d62eb5ca:c827, 97f5b9f0-d9ef-40b5-ba79-7414923e623f:c825, 7d686585-d831-45bc-93fc-0a553b604b0e:c825]
2019-07-08 23:04:51,758 INFO  client.GrpcClientProtocolClient (GrpcClientProtocolClient.java:onNext(255)) - client-CEF4D3493DC0->4ee04582-2825-4055-a051-0465d62eb5ca: receive RaftClientReply:client-CEF4D3493DC0->4ee04582-2825-4055-a051-0465d62eb5ca@group-78E0FE5F723E, cid=655, SUCCESS, logIndex=827, commits[4ee04582-2825-4055-a051-0465d62eb5ca:c827, 97f5b9f0-d9ef-40b5-ba79-7414923e623f:c825, 7d686585-d831-45bc-93fc-0a553b604b0e:c825]
2019-07-08 23:04:51,773 INFO  client.GrpcClientProtocolClient (GrpcClientProtocolClient.java:onNext(255)) - client-CEF4D3493DC0->4ee04582-2825-4055-a051-0465d62eb5ca: receive RaftClientReply:client-CEF4D3493DC0->4ee04582-2825-4055-a051-0465d62eb5ca@group-78E0FE5F723E, cid=656, SUCCESS, logIndex=830, commits[4ee04582-2825-4055-a051-0465d62eb5ca:c831, 97f5b9f0-d9ef-40b5-ba79-7414923e623f:c827, 7d686585-d831-45bc-93fc-0a553b604b0e:c827]
2019-07-08 23:04:51,773 INFO  client.GrpcClientProtocolClient (GrpcClientProtocolClient.java:onNext(255)) - client-CEF4D3493DC0->4ee04582-2825-4055-a051-0465d62eb5ca: receive RaftClientReply:client-CEF4D3493DC0->4ee04582-2825-4055-a051-0465d62eb5ca@group-78E0FE5F723E, cid=657, SUCCESS, logIndex=831, commits[4ee04582-2825-4055-a051-0465d62eb5ca:c831, 97f5b9f0-d9ef-40b5-ba79-7414923e623f:c827, 7d686585-d831-45bc-93fc-0a553b604b0e:c827]
2019-07-08 23:04:51,776 INFO  client.GrpcClientProtocolClient (GrpcClientProtocolClient.java:onNext(255)) - client-CEF4D3493DC0->4ee04582-2825-4055-a051-0465d62eb5ca: receive RaftClientReply:client-CEF4D3493DC0->4ee04582-2825-4055-a051-0465d62eb5ca@group-78E0FE5F723E, cid=658, SUCCESS, logIndex=0, commits[4ee04582-2825-4055-a051-0465d62eb5ca:c832, 97f5b9f0-d9ef-40b5-ba79-7414923e623f:c831, 7d686585-d831-45bc-93fc-0a553b604b0e:c831]
2019-07-08 23:04:51,793 INFO  client.GrpcClientProtocolClient (GrpcClientProtocolClient.java:onNext(255)) - client-CEF4D3493DC0->4ee04582-2825-4055-a051-0465d62eb5ca: receive RaftClientReply:client-CEF4D3493DC0->4ee04582-2825-4055-a051-0465d62eb5ca@group-78E0FE5F723E, cid=659, SUCCESS, logIndex=834, commits[4ee04582-2825-4055-a051-0465d62eb5ca:c835, 97f5b9f0-d9ef-40b5-ba79-7414923e623f:c833, 7d686585-d831-45bc-93fc-0a553b604b0e:c833]
2019-07-08 23:04:51,794 INFO  client.GrpcClientProtocolClient (GrpcClientProtocolClient.java:onNext(255)) - client-CEF4D3493DC0->4ee04582-2825-4055-a051-0465d62eb5ca: receive RaftClientReply:client-CEF4D3493DC0->4ee04582-2825-4055-a051-0465d62eb5ca@group-78E0FE5F723E, cid=660, SUCCESS, logIndex=835, commits[4ee04582-2825-4055-a051-0465d62eb5ca:c835, 97f5b9f0-d9ef-40b5-ba79-7414923e623f:c833, 7d686585-d831-45bc-93fc-0a553b604b0e:c833]
2019-07-08 23:04:51,795 INFO  client.GrpcClientProtocolClient (GrpcClientProtocolClient.java:onNext(255)) - client-CEF4D3493DC0->4ee04582-2825-4055-a051-0465d62eb5ca: receive RaftClientReply:client-CEF4D3493DC0->4ee04582-2825-4055-a051-0465d62eb5ca@group-78E0FE5F723E, cid=661, SUCCESS, logIndex=836, commits[4ee04582-2825-4055-a051-0465d62eb5ca:c837, 97f5b9f0-d9ef-40b5-ba79-7414923e623f:c833, 7d686585-d831-45bc-93fc-0a553b604b0e:c833]
2019-07-08 23:04:51,795 INFO  client.GrpcClientProtocolClient (GrpcClientProtocolClient.java:onNext(255)) - client-CEF4D3493DC0->4ee04582-2825-4055-a051-0465d62eb5ca: receive RaftClientReply:client-CEF4D3493DC0->4ee04582-2825-4055-a051-0465d62eb5ca@group-78E0FE5F723E, cid=662, SUCCESS, logIndex=837, commits[4ee04582-2825-4055-a051-0465d62eb5ca:c837, 97f5b9f0-d9ef-40b5-ba79-7414923e623f:c833, 7d686585-d831-45bc-93fc-0a553b604b0e:c833]
2019-07-08 23:04:51,798 INFO  client.GrpcClientProtocolClient (GrpcClientProtocolClient.java:onNext(255)) - client-CEF4D3493DC0->4ee04582-2825-4055-a051-0465d62eb5ca: receive RaftClientReply:client-CEF4D3493DC0->4ee04582-2825-4055-a051-0465d62eb5ca@group-78E0FE5F723E, cid=663, SUCCESS, logIndex=0, commits[4ee04582-2825-4055-a051-0465d62eb5ca:c839, 97f5b9f0-d9ef-40b5-ba79-7414923e623f:c835, 7d686585-d831-45bc-93fc-0a553b604b0e:c835]
2019-07-08 23:04:51,811 INFO  client.GrpcClientProtocolClient (GrpcClientProtocolClient.java:onNext(255)) - client-CEF4D3493DC0->4ee04582-2825-4055-a051-0465d62eb5ca: receive RaftClientReply:client-CEF4D3493DC0->4ee04582-2825-4055-a051-0465d62eb5ca@group-78E0FE5F723E, cid=664, SUCCESS, logIndex=842, commits[4ee04582-2825-4055-a051-0465d62eb5ca:c843, 97f5b9f0-d9ef-40b5-ba79-7414923e623f:c841, 7d686585-d831-45bc-93fc-0a553b604b0e:c841]
2019-07-08 23:04:51,811 INFO  client.GrpcClientProtocolClient (GrpcClientProtocolClient.java:onNext(255)) - client-CEF4D3493DC0->4ee04582-2825-4055-a051-0465d62eb5ca: receive RaftClientReply:client-CEF4D3493DC0->4ee04582-2825-4055-a051-0465d62eb5ca@group-78E0FE5F723E, cid=665, SUCCESS, logIndex=843, commits[4ee04582-2825-4055-a051-0465d62eb5ca:c843, 97f5b9f0-d9ef-40b5-ba79-7414923e623f:c841, 7d686585-d831-45bc-93fc-0a553b604b0e:c841]
2019-07-08 23:04:51,824 INFO  client.GrpcClientProtocolClient (GrpcClientProtocolClient.java:onNext(255)) - client-CEF4D3493DC0->4ee04582-2825-4055-a051-0465d62eb5ca: receive RaftClientReply:client-CEF4D3493DC0->4ee04582-2825-4055-a051-0465d62eb5ca@group-78E0FE5F723E, cid=666, SUCCESS, logIndex=846, commits[4ee04582-2825-4055-a051-0465d62eb5ca:c847, 97f5b9f0-d9ef-40b5-ba79-7414923e623f:c845, 7d686585-d831-45bc-93fc-0a553b604b0e:c843]
2019-07-08 23:04:51,825 INFO  client.GrpcClientProtocolClient (GrpcClientProtocolClient.java:onNext(255)) - client-CEF4D3493DC0->4ee04582-2825-4055-a051-0465d62eb5ca: receive RaftClientReply:client-CEF4D3493DC0->4ee04582-2825-4055-a051-0465d62eb5ca@group-78E0FE5F723E, cid=667, SUCCESS, logIndex=847, commits[4ee04582-2825-4055-a051-0465d62eb5ca:c847, 97f5b9f0-d9ef-40b5-ba79-7414923e623f:c845, 7d686585-d831-45bc-93fc-0a553b604b0e:c845]
2019-07-08 23:04:51,829 INFO  client.GrpcClientProtocolClient (GrpcClientProtocolClient.java:onNext(255)) - client-CEF4D3493DC0->4ee04582-2825-4055-a051-0465d62eb5ca: receive RaftClientReply:client-CEF4D3493DC0->4ee04582-2825-4055-a051-0465d62eb5ca@group-78E0FE5F723E, cid=668, SUCCESS, logIndex=0, commits[4ee04582-2825-4055-a051-0465d62eb5ca:c848, 97f5b9f0-d9ef-40b5-ba79-7414923e623f:c847, 7d686585-d831-45bc-93fc-0a553b604b0e:c847]
2019-07-08 23:04:51,849 INFO  client.GrpcClientProtocolClient (GrpcClientProtocolClient.java:onNext(255)) - client-CEF4D3493DC0->4ee04582-2825-4055-a051-0465d62eb5ca: receive RaftClientReply:client-CEF4D3493DC0->4ee04582-2825-4055-a051-0465d62eb5ca@group-78E0FE5F723E, cid=669, SUCCESS, logIndex=850, commits[4ee04582-2825-4055-a051-0465d62eb5ca:c851, 97f5b9f0-d9ef-40b5-ba79-7414923e623f:c849, 7d686585-d831-45bc-93fc-0a553b604b0e:c849]
2019-07-08 23:04:51,850 INFO  client.GrpcClientProtocolClient (GrpcClientProtocolClient.java:onNext(255)) - client-CEF4D3493DC0->4ee04582-2825-4055-a051-0465d62eb5ca: receive RaftClientReply:client-CEF4D3493DC0->4ee04582-2825-4055-a051-0465d62eb5ca@group-78E0FE5F723E, cid=670, SUCCESS, logIndex=851, commits[4ee04582-2825-4055-a051-0465d62eb5ca:c853, 97f5b9f0-d9ef-40b5-ba79-7414923e623f:c849, 7d686585-d831-45bc-93fc-0a553b604b0e:c849]
2019-07-08 23:04:51,850 INFO  client.GrpcClientProtocolClient (GrpcClientProtocolClient.java:onNext(255)) - client-CEF4D3493DC0->4ee04582-2825-4055-a051-0465d62eb5ca: receive RaftClientReply:client-CEF4D3493DC0->4ee04582-2825-4055-a051-0465d62eb5ca@group-78E0FE5F723E, cid=671, SUCCESS, logIndex=852, commits[4ee04582-2825-4055-a051-0465d62eb5ca:c853, 97f5b9f0-d9ef-40b5-ba79-7414923e623f:c849, 7d686585-d831-45bc-93fc-0a553b604b0e:c849]
2019-07-08 23:04:51,850 INFO  client.GrpcClientProtocolClient (GrpcClientProtocolClient.java:onNext(255)) - client-CEF4D3493DC0->4ee04582-2825-4055-a051-0465d62eb5ca: receive RaftClientReply:client-CEF4D3493DC0->4ee04582-2825-4055-a051-0465d62eb5ca@group-78E0FE5F723E, cid=672, SUCCESS, logIndex=853, commits[4ee04582-2825-4055-a051-0465d62eb5ca:c853, 97f5b9f0-d9ef-40b5-ba79-7414923e623f:c849, 7d686585-d831-45bc-93fc-0a553b604b0e:c849]
2019-07-08 23:04:51,854 INFO  client.GrpcClientProtocolClient (GrpcClientProtocolClient.java:onNext(255)) - client-CEF4D3493DC0->4ee04582-2825-4055-a051-0465d62eb5ca: receive RaftClientReply:client-CEF4D3493DC0->4ee04582-2825-4055-a051-0465d62eb5ca@group-78E0FE5F723E, cid=673, SUCCESS, logIndex=0, commits[4ee04582-2825-4055-a051-0465d62eb5ca:c855, 97f5b9f0-d9ef-40b5-ba79-7414923e623f:c851, 7d686585-d831-45bc-93fc-0a553b604b0e:c851]
2019-07-08 23:04:51,869 INFO  client.GrpcClientProtocolClient (GrpcClientProtocolClient.java:onNext(255)) - client-CEF4D3493DC0->4ee04582-2825-4055-a051-0465d62eb5ca: receive RaftClientReply:client-CEF4D3493DC0->4ee04582-2825-4055-a051-0465d62eb5ca@group-78E0FE5F723E, cid=674, SUCCESS, logIndex=858, commits[4ee04582-2825-4055-a051-0465d62eb5ca:c859, 97f5b9f0-d9ef-40b5-ba79-7414923e623f:c857, 7d686585-d831-45bc-93fc-0a553b604b0e:c857]
2019-07-08 23:04:51,869 INFO  client.GrpcClientProtocolClient (GrpcClientProtocolClient.java:onNext(255)) - client-CEF4D3493DC0->4ee04582-2825-4055-a051-0465d62eb5ca: receive RaftClientReply:client-CEF4D3493DC0->4ee04582-2825-4055-a051-0465d62eb5ca@group-78E0FE5F723E, cid=675, SUCCESS, logIndex=859, commits[4ee04582-2825-4055-a051-0465d62eb5ca:c859, 97f5b9f0-d9ef-40b5-ba79-7414923e623f:c857, 7d686585-d831-45bc-93fc-0a553b604b0e:c857]
 0.00% |█                                                                                                    |  0/1 Time: 0:00:012019-07-08 23:04:51,891 INFO  client.GrpcClientProtocolClient (GrpcClientProtocolClient.java:onNext(255)) - client-CEF4D3493DC0->4ee04582-2825-4055-a051-0465d62eb5ca: receive RaftClientReply:client-CEF4D3493DC0->4ee04582-2825-4055-a051-0465d62eb5ca@group-78E0FE5F723E, cid=676, SUCCESS, logIndex=862, commits[4ee04582-2825-4055-a051-0465d62eb5ca:c863, 97f5b9f0-d9ef-40b5-ba79-7414923e623f:c861, 7d686585-d831-45bc-93fc-0a553b604b0e:c861]
2019-07-08 23:04:51,891 INFO  client.GrpcClientProtocolClient (GrpcClientProtocolClient.java:onNext(255)) - client-CEF4D3493DC0->4ee04582-2825-4055-a051-0465d62eb5ca: receive RaftClientReply:client-CEF4D3493DC0->4ee04582-2825-4055-a051-0465d62eb5ca@group-78E0FE5F723E, cid=677, SUCCESS, logIndex=863, commits[4ee04582-2825-4055-a051-0465d62eb5ca:c863, 97f5b9f0-d9ef-40b5-ba79-7414923e623f:c861, 7d686585-d831-45bc-93fc-0a553b604b0e:c861]
2019-07-08 23:04:51,965 INFO  client.GrpcClientProtocolClient (GrpcClientProtocolClient.java:onNext(255)) - client-CEF4D3493DC0->4ee04582-2825-4055-a051-0465d62eb5ca: receive RaftClientReply:client-CEF4D3493DC0->4ee04582-2825-4055-a051-0465d62eb5ca@group-78E0FE5F723E, cid=678, SUCCESS, logIndex=0, commits[4ee04582-2825-4055-a051-0465d62eb5ca:c863, 97f5b9f0-d9ef-40b5-ba79-7414923e623f:c863, 7d686585-d831-45bc-93fc-0a553b604b0e:c863]
2019-07-08 23:04:52,092 INFO  client.GrpcClientProtocolClient (GrpcClientProtocolClient.java:onNext(255)) - client-CEF4D3493DC0->4ee04582-2825-4055-a051-0465d62eb5ca: receive RaftClientReply:client-CEF4D3493DC0->4ee04582-2825-4055-a051-0465d62eb5ca@group-78E0FE5F723E, cid=679, SUCCESS, logIndex=866, commits[4ee04582-2825-4055-a051-0465d62eb5ca:c867, 97f5b9f0-d9ef-40b5-ba79-7414923e623f:c865, 7d686585-d831-45bc-93fc-0a553b604b0e:c865]
2019-07-08 23:04:52,093 INFO  client.GrpcClientProtocolClient (GrpcClientProtocolClient.java:onNext(255)) - client-CEF4D3493DC0->4ee04582-2825-4055-a051-0465d62eb5ca: receive RaftClientReply:client-CEF4D3493DC0->4ee04582-2825-4055-a051-0465d62eb5ca@group-78E0FE5F723E, cid=680, SUCCESS, logIndex=867, commits[4ee04582-2825-4055-a051-0465d62eb5ca:c867, 97f5b9f0-d9ef-40b5-ba79-7414923e623f:c865, 7d686585-d831-45bc-93fc-0a553b604b0e:c865]
2019-07-08 23:04:52,094 INFO  client.GrpcClientProtocolClient (GrpcClientProtocolClient.java:onNext(255)) - client-CEF4D3493DC0->4ee04582-2825-4055-a051-0465d62eb5ca: receive RaftClientReply:client-CEF4D3493DC0->4ee04582-2825-4055-a051-0465d62eb5ca@group-78E0FE5F723E, cid=681, SUCCESS, logIndex=868, commits[4ee04582-2825-4055-a051-0465d62eb5ca:c869, 97f5b9f0-d9ef-40b5-ba79-7414923e623f:c865, 7d686585-d831-45bc-93fc-0a553b604b0e:c865]
2019-07-08 23:04:52,094 INFO  client.GrpcClientProtocolClient (GrpcClientProtocolClient.java:onNext(255)) - client-CEF4D3493DC0->4ee04582-2825-4055-a051-0465d62eb5ca: receive RaftClientReply:client-CEF4D3493DC0->4ee04582-2825-4055-a051-0465d62eb5ca@group-78E0FE5F723E, cid=682, SUCCESS, logIndex=869, commits[4ee04582-2825-4055-a051-0465d62eb5ca:c869, 97f5b9f0-d9ef-40b5-ba79-7414923e623f:c865, 7d686585-d831-45bc-93fc-0a553b604b0e:c865]
2019-07-08 23:04:52,097 INFO  client.GrpcClientProtocolClient (GrpcClientProtocolClient.java:onNext(255)) - client-CEF4D3493DC0->4ee04582-2825-4055-a051-0465d62eb5ca: receive RaftClientReply:client-CEF4D3493DC0->4ee04582-2825-4055-a051-0465d62eb5ca@group-78E0FE5F723E, cid=683, SUCCESS, logIndex=0, commits[4ee04582-2825-4055-a051-0465d62eb5ca:c871, 97f5b9f0-d9ef-40b5-ba79-7414923e623f:c867, 7d686585-d831-45bc-93fc-0a553b604b0e:c867]
2019-07-08 23:04:52,119 INFO  client.GrpcClientProtocolClient (GrpcClientProtocolClient.java:onNext(255)) - client-CEF4D3493DC0->4ee04582-2825-4055-a051-0465d62eb5ca: receive RaftClientReply:client-CEF4D3493DC0->4ee04582-2825-4055-a051-0465d62eb5ca@group-78E0FE5F723E, cid=684, SUCCESS, logIndex=874, commits[4ee04582-2825-4055-a051-0465d62eb5ca:c875, 97f5b9f0-d9ef-40b5-ba79-7414923e623f:c873, 7d686585-d831-45bc-93fc-0a553b604b0e:c873]
2019-07-08 23:04:52,119 INFO  client.GrpcClientProtocolClient (GrpcClientProtocolClient.java:onNext(255)) - client-CEF4D3493DC0->4ee04582-2825-4055-a051-0465d62eb5ca: receive RaftClientReply:client-CEF4D3493DC0->4ee04582-2825-4055-a051-0465d62eb5ca@group-78E0FE5F723E, cid=685, SUCCESS, logIndex=875, commits[4ee04582-2825-4055-a051-0465d62eb5ca:c875, 97f5b9f0-d9ef-40b5-ba79-7414923e623f:c873, 7d686585-d831-45bc-93fc-0a553b604b0e:c873]
2019-07-08 23:04:52,135 INFO  client.GrpcClientProtocolClient (GrpcClientProtocolClient.java:onNext(255)) - client-CEF4D3493DC0->4ee04582-2825-4055-a051-0465d62eb5ca: receive RaftClientReply:client-CEF4D3493DC0->4ee04582-2825-4055-a051-0465d62eb5ca@group-78E0FE5F723E, cid=686, SUCCESS, logIndex=878, commits[4ee04582-2825-4055-a051-0465d62eb5ca:c879, 97f5b9f0-d9ef-40b5-ba79-7414923e623f:c877, 7d686585-d831-45bc-93fc-0a553b604b0e:c877]
2019-07-08 23:04:52,136 INFO  client.GrpcClientProtocolClient (GrpcClientProtocolClient.java:onNext(255)) - client-CEF4D3493DC0->4ee04582-2825-4055-a051-0465d62eb5ca: receive RaftClientReply:client-CEF4D3493DC0->4ee04582-2825-4055-a051-0465d62eb5ca@group-78E0FE5F723E, cid=687, SUCCESS, logIndex=879, commits[4ee04582-2825-4055-a051-0465d62eb5ca:c879, 97f5b9f0-d9ef-40b5-ba79-7414923e623f:c877, 7d686585-d831-45bc-93fc-0a553b604b0e:c877]
2019-07-08 23:04:52,139 INFO  client.GrpcClientProtocolClient (GrpcClientProtocolClient.java:onNext(255)) - client-CEF4D3493DC0->4ee04582-2825-4055-a051-0465d62eb5ca: receive RaftClientReply:client-CEF4D3493DC0->4ee04582-2825-4055-a051-0465d62eb5ca@group-78E0FE5F723E, cid=688, SUCCESS, logIndex=0, commits[4ee04582-2825-4055-a051-0465d62eb5ca:c880, 97f5b9f0-d9ef-40b5-ba79-7414923e623f:c879, 7d686585-d831-45bc-93fc-0a553b604b0e:c879]
2019-07-08 23:04:52,158 INFO  client.GrpcClientProtocolClient (GrpcClientProtocolClient.java:onNext(255)) - client-CEF4D3493DC0->4ee04582-2825-4055-a051-0465d62eb5ca: receive RaftClientReply:client-CEF4D3493DC0->4ee04582-2825-4055-a051-0465d62eb5ca@group-78E0FE5F723E, cid=689, SUCCESS, logIndex=882, commits[4ee04582-2825-4055-a051-0465d62eb5ca:c884, 97f5b9f0-d9ef-40b5-ba79-7414923e623f:c881, 7d686585-d831-45bc-93fc-0a553b604b0e:c879]
2019-07-08 23:04:52,159 INFO  client.GrpcClientProtocolClient (GrpcClientProtocolClient.java:onNext(255)) - client-CEF4D3493DC0->4ee04582-2825-4055-a051-0465d62eb5ca: receive RaftClientReply:client-CEF4D3493DC0->4ee04582-2825-4055-a051-0465d62eb5ca@group-78E0FE5F723E, cid=690, SUCCESS, logIndex=883, commits[4ee04582-2825-4055-a051-0465d62eb5ca:c885, 97f5b9f0-d9ef-40b5-ba79-7414923e623f:c881, 7d686585-d831-45bc-93fc-0a553b604b0e:c881]
2019-07-08 23:04:52,159 INFO  client.GrpcClientProtocolClient (GrpcClientProtocolClient.java:onNext(255)) - client-CEF4D3493DC0->4ee04582-2825-4055-a051-0465d62eb5ca: receive RaftClientReply:client-CEF4D3493DC0->4ee04582-2825-4055-a051-0465d62eb5ca@group-78E0FE5F723E, cid=691, SUCCESS, logIndex=884, commits[4ee04582-2825-4055-a051-0465d62eb5ca:c885, 97f5b9f0-d9ef-40b5-ba79-7414923e623f:c881, 7d686585-d831-45bc-93fc-0a553b604b0e:c881]
2019-07-08 23:04:52,160 INFO  client.GrpcClientProtocolClient (GrpcClientProtocolClient.java:onNext(255)) - client-CEF4D3493DC0->4ee04582-2825-4055-a051-0465d62eb5ca: receive RaftClientReply:client-CEF4D3493DC0->4ee04582-2825-4055-a051-0465d62eb5ca@group-78E0FE5F723E, cid=692, SUCCESS, logIndex=885, commits[4ee04582-2825-4055-a051-0465d62eb5ca:c885, 97f5b9f0-d9ef-40b5-ba79-7414923e623f:c881, 7d686585-d831-45bc-93fc-0a553b604b0e:c881]
2019-07-08 23:04:52,164 INFO  client.GrpcClientProtocolClient (GrpcClientProtocolClient.java:onNext(255)) - client-CEF4D3493DC0->4ee04582-2825-4055-a051-0465d62eb5ca: receive RaftClientReply:client-CEF4D3493DC0->4ee04582-2825-4055-a051-0465d62eb5ca@group-78E0FE5F723E, cid=693, SUCCESS, logIndex=0, commits[4ee04582-2825-4055-a051-0465d62eb5ca:c886, 97f5b9f0-d9ef-40b5-ba79-7414923e623f:c884, 7d686585-d831-45bc-93fc-0a553b604b0e:c883]
2019-07-08 23:04:52,179 INFO  client.GrpcClientProtocolClient (GrpcClientProtocolClient.java:onNext(255)) - client-CEF4D3493DC0->4ee04582-2825-4055-a051-0465d62eb5ca: receive RaftClientReply:client-CEF4D3493DC0->4ee04582-2825-4055-a051-0465d62eb5ca@group-78E0FE5F723E, cid=694, SUCCESS, logIndex=890, commits[4ee04582-2825-4055-a051-0465d62eb5ca:c891, 97f5b9f0-d9ef-40b5-ba79-7414923e623f:c889, 7d686585-d831-45bc-93fc-0a553b604b0e:c889]
2019-07-08 23:04:52,180 INFO  client.GrpcClientProtocolClient (GrpcClientProtocolClient.java:onNext(255)) - client-CEF4D3493DC0->4ee04582-2825-4055-a051-0465d62eb5ca: receive RaftClientReply:client-CEF4D3493DC0->4ee04582-2825-4055-a051-0465d62eb5ca@group-78E0FE5F723E, cid=695, SUCCESS, logIndex=891, commits[4ee04582-2825-4055-a051-0465d62eb5ca:c891, 97f5b9f0-d9ef-40b5-ba79-7414923e623f:c889, 7d686585-d831-45bc-93fc-0a553b604b0e:c889]
2019-07-08 23:04:52,195 INFO  client.GrpcClientProtocolClient (GrpcClientProtocolClient.java:onNext(255)) - client-CEF4D3493DC0->4ee04582-2825-4055-a051-0465d62eb5ca: receive RaftClientReply:client-CEF4D3493DC0->4ee04582-2825-4055-a051-0465d62eb5ca@group-78E0FE5F723E, cid=696, SUCCESS, logIndex=894, commits[4ee04582-2825-4055-a051-0465d62eb5ca:c895, 97f5b9f0-d9ef-40b5-ba79-7414923e623f:c893, 7d686585-d831-45bc-93fc-0a553b604b0e:c893]
2019-07-08 23:04:52,196 INFO  client.GrpcClientProtocolClient (GrpcClientProtocolClient.java:onNext(255)) - client-CEF4D3493DC0->4ee04582-2825-4055-a051-0465d62eb5ca: receive RaftClientReply:client-CEF4D3493DC0->4ee04582-2825-4055-a051-0465d62eb5ca@group-78E0FE5F723E, cid=697, SUCCESS, logIndex=895, commits[4ee04582-2825-4055-a051-0465d62eb5ca:c895, 97f5b9f0-d9ef-40b5-ba79-7414923e623f:c893, 7d686585-d831-45bc-93fc-0a553b604b0e:c893]
2019-07-08 23:04:52,207 INFO  client.GrpcClientProtocolClient (GrpcClientProtocolClient.java:onNext(255)) - client-CEF4D3493DC0->4ee04582-2825-4055-a051-0465d62eb5ca: receive RaftClientReply:client-CEF4D3493DC0->4ee04582-2825-4055-a051-0465d62eb5ca@group-78E0FE5F723E, cid=698, SUCCESS, logIndex=0, commits[4ee04582-2825-4055-a051-0465d62eb5ca:c896, 97f5b9f0-d9ef-40b5-ba79-7414923e623f:c895, 7d686585-d831-45bc-93fc-0a553b604b0e:c895]
2019-07-08 23:04:52,225 INFO  client.GrpcClientProtocolClient (GrpcClientProtocolClient.java:onNext(255)) - client-CEF4D3493DC0->4ee04582-2825-4055-a051-0465d62eb5ca: receive RaftClientReply:client-CEF4D3493DC0->4ee04582-2825-4055-a051-0465d62eb5ca@group-78E0FE5F723E, cid=699, SUCCESS, logIndex=898, commits[4ee04582-2825-4055-a051-0465d62eb5ca:c899, 97f5b9f0-d9ef-40b5-ba79-7414923e623f:c897, 7d686585-d831-45bc-93fc-0a553b604b0e:c897]
2019-07-08 23:04:52,226 INFO  client.GrpcClientProtocolClient (GrpcClientProtocolClient.java:onNext(255)) - client-CEF4D3493DC0->4ee04582-2825-4055-a051-0465d62eb5ca: receive RaftClientReply:client-CEF4D3493DC0->4ee04582-2825-4055-a051-0465d62eb5ca@group-78E0FE5F723E, cid=700, SUCCESS, logIndex=899, commits[4ee04582-2825-4055-a051-0465d62eb5ca:c899, 97f5b9f0-d9ef-40b5-ba79-7414923e623f:c897, 7d686585-d831-45bc-93fc-0a553b604b0e:c897]
2019-07-08 23:04:52,226 INFO  client.GrpcClientProtocolClient (GrpcClientProtocolClient.java:onNext(255)) - client-CEF4D3493DC0->4ee04582-2825-4055-a051-0465d62eb5ca: receive RaftClientReply:client-CEF4D3493DC0->4ee04582-2825-4055-a051-0465d62eb5ca@group-78E0FE5F723E, cid=701, SUCCESS, logIndex=900, commits[4ee04582-2825-4055-a051-0465d62eb5ca:c901, 97f5b9f0-d9ef-40b5-ba79-7414923e623f:c897, 7d686585-d831-45bc-93fc-0a553b604b0e:c897]
2019-07-08 23:04:52,226 INFO  client.GrpcClientProtocolClient (GrpcClientProtocolClient.java:onNext(255)) - client-CEF4D3493DC0->4ee04582-2825-4055-a051-0465d62eb5ca: receive RaftClientReply:client-CEF4D3493DC0->4ee04582-2825-4055-a051-0465d62eb5ca@group-78E0FE5F723E, cid=702, SUCCESS, logIndex=901, commits[4ee04582-2825-4055-a051-0465d62eb5ca:c901, 97f5b9f0-d9ef-40b5-ba79-7414923e623f:c897, 7d686585-d831-45bc-93fc-0a553b604b0e:c897]
2019-07-08 23:04:52,228 INFO  client.GrpcClientProtocolClient (GrpcClientProtocolClient.java:onNext(255)) - client-CEF4D3493DC0->4ee04582-2825-4055-a051-0465d62eb5ca: receive RaftClientReply:client-CEF4D3493DC0->4ee04582-2825-4055-a051-0465d62eb5ca@group-78E0FE5F723E, cid=703, SUCCESS, logIndex=0, commits[4ee04582-2825-4055-a051-0465d62eb5ca:c903, 97f5b9f0-d9ef-40b5-ba79-7414923e623f:c899, 7d686585-d831-45bc-93fc-0a553b604b0e:c899]
2019-07-08 23:04:52,246 INFO  client.GrpcClientProtocolClient (GrpcClientProtocolClient.java:onNext(255)) - client-CEF4D3493DC0->4ee04582-2825-4055-a051-0465d62eb5ca: receive RaftClientReply:client-CEF4D3493DC0->4ee04582-2825-4055-a051-0465d62eb5ca@group-78E0FE5F723E, cid=704, SUCCESS, logIndex=906, commits[4ee04582-2825-4055-a051-0465d62eb5ca:c907, 97f5b9f0-d9ef-40b5-ba79-7414923e623f:c905, 7d686585-d831-45bc-93fc-0a553b604b0e:c905]
2019-07-08 23:04:52,246 INFO  client.GrpcClientProtocolClient (GrpcClientProtocolClient.java:onNext(255)) - client-CEF4D3493DC0->4ee04582-2825-4055-a051-0465d62eb5ca: receive RaftClientReply:client-CEF4D3493DC0->4ee04582-2825-4055-a051-0465d62eb5ca@group-78E0FE5F723E, cid=705, SUCCESS, logIndex=907, commits[4ee04582-2825-4055-a051-0465d62eb5ca:c907, 97f5b9f0-d9ef-40b5-ba79-7414923e623f:c905, 7d686585-d831-45bc-93fc-0a553b604b0e:c905]
2019-07-08 23:04:52,260 INFO  client.GrpcClientProtocolClient (GrpcClientProtocolClient.java:onNext(255)) - client-CEF4D3493DC0->4ee04582-2825-4055-a051-0465d62eb5ca: receive RaftClientReply:client-CEF4D3493DC0->4ee04582-2825-4055-a051-0465d62eb5ca@group-78E0FE5F723E, cid=706, SUCCESS, logIndex=910, commits[4ee04582-2825-4055-a051-0465d62eb5ca:c911, 97f5b9f0-d9ef-40b5-ba79-7414923e623f:c909, 7d686585-d831-45bc-93fc-0a553b604b0e:c907]
2019-07-08 23:04:52,260 INFO  client.GrpcClientProtocolClient (GrpcClientProtocolClient.java:onNext(255)) - client-CEF4D3493DC0->4ee04582-2825-4055-a051-0465d62eb5ca: receive RaftClientReply:client-CEF4D3493DC0->4ee04582-2825-4055-a051-0465d62eb5ca@group-78E0FE5F723E, cid=707, SUCCESS, logIndex=911, commits[4ee04582-2825-4055-a051-0465d62eb5ca:c911, 97f5b9f0-d9ef-40b5-ba79-7414923e623f:c909, 7d686585-d831-45bc-93fc-0a553b604b0e:c907]
2019-07-08 23:04:52,265 INFO  client.GrpcClientProtocolClient (GrpcClientProtocolClient.java:onNext(255)) - client-CEF4D3493DC0->4ee04582-2825-4055-a051-0465d62eb5ca: receive RaftClientReply:client-CEF4D3493DC0->4ee04582-2825-4055-a051-0465d62eb5ca@group-78E0FE5F723E, cid=708, SUCCESS, logIndex=0, commits[4ee04582-2825-4055-a051-0465d62eb5ca:c912, 97f5b9f0-d9ef-40b5-ba79-7414923e623f:c911, 7d686585-d831-45bc-93fc-0a553b604b0e:c911]
2019-07-08 23:04:52,283 INFO  client.GrpcClientProtocolClient (GrpcClientProtocolClient.java:onNext(255)) - client-CEF4D3493DC0->4ee04582-2825-4055-a051-0465d62eb5ca: receive RaftClientReply:client-CEF4D3493DC0->4ee04582-2825-4055-a051-0465d62eb5ca@group-78E0FE5F723E, cid=709, SUCCESS, logIndex=914, commits[4ee04582-2825-4055-a051-0465d62eb5ca:c917, 97f5b9f0-d9ef-40b5-ba79-7414923e623f:c913, 7d686585-d831-45bc-93fc-0a553b604b0e:c911]
2019-07-08 23:04:52,283 INFO  client.GrpcClientProtocolClient (GrpcClientProtocolClient.java:onNext(255)) - client-CEF4D3493DC0->4ee04582-2825-4055-a051-0465d62eb5ca: receive RaftClientReply:client-CEF4D3493DC0->4ee04582-2825-4055-a051-0465d62eb5ca@group-78E0FE5F723E, cid=710, SUCCESS, logIndex=915, commits[4ee04582-2825-4055-a051-0465d62eb5ca:c917, 97f5b9f0-d9ef-40b5-ba79-7414923e623f:c913, 7d686585-d831-45bc-93fc-0a553b604b0e:c913]
2019-07-08 23:04:52,283 INFO  client.GrpcClientProtocolClient (GrpcClientProtocolClient.java:onNext(255)) - client-CEF4D3493DC0->4ee04582-2825-4055-a051-0465d62eb5ca: receive RaftClientReply:client-CEF4D3493DC0->4ee04582-2825-4055-a051-0465d62eb5ca@group-78E0FE5F723E, cid=711, SUCCESS, logIndex=916, commits[4ee04582-2825-4055-a051-0465d62eb5ca:c917, 97f5b9f0-d9ef-40b5-ba79-7414923e623f:c913, 7d686585-d831-45bc-93fc-0a553b604b0e:c913]
2019-07-08 23:04:52,284 INFO  client.GrpcClientProtocolClient (GrpcClientProtocolClient.java:onNext(255)) - client-CEF4D3493DC0->4ee04582-2825-4055-a051-0465d62eb5ca: receive RaftClientReply:client-CEF4D3493DC0->4ee04582-2825-4055-a051-0465d62eb5ca@group-78E0FE5F723E, cid=712, SUCCESS, logIndex=917, commits[4ee04582-2825-4055-a051-0465d62eb5ca:c917, 97f5b9f0-d9ef-40b5-ba79-7414923e623f:c913, 7d686585-d831-45bc-93fc-0a553b604b0e:c913]
2019-07-08 23:04:52,286 INFO  client.GrpcClientProtocolClient (GrpcClientProtocolClient.java:onNext(255)) - client-CEF4D3493DC0->4ee04582-2825-4055-a051-0465d62eb5ca: receive RaftClientReply:client-CEF4D3493DC0->4ee04582-2825-4055-a051-0465d62eb5ca@group-78E0FE5F723E, cid=713, SUCCESS, logIndex=0, commits[4ee04582-2825-4055-a051-0465d62eb5ca:c918, 97f5b9f0-d9ef-40b5-ba79-7414923e623f:c915, 7d686585-d831-45bc-93fc-0a553b604b0e:c915]
2019-07-08 23:04:52,299 INFO  client.GrpcClientProtocolClient (GrpcClientProtocolClient.java:onNext(255)) - client-CEF4D3493DC0->4ee04582-2825-4055-a051-0465d62eb5ca: receive RaftClientReply:client-CEF4D3493DC0->4ee04582-2825-4055-a051-0465d62eb5ca@group-78E0FE5F723E, cid=714, SUCCESS, logIndex=922, commits[4ee04582-2825-4055-a051-0465d62eb5ca:c923, 97f5b9f0-d9ef-40b5-ba79-7414923e623f:c921, 7d686585-d831-45bc-93fc-0a553b604b0e:c917]
2019-07-08 23:04:52,299 INFO  client.GrpcClientProtocolClient (GrpcClientProtocolClient.java:onNext(255)) - client-CEF4D3493DC0->4ee04582-2825-4055-a051-0465d62eb5ca: receive RaftClientReply:client-CEF4D3493DC0->4ee04582-2825-4055-a051-0465d62eb5ca@group-78E0FE5F723E, cid=715, SUCCESS, logIndex=923, commits[4ee04582-2825-4055-a051-0465d62eb5ca:c923, 97f5b9f0-d9ef-40b5-ba79-7414923e623f:c921, 7d686585-d831-45bc-93fc-0a553b604b0e:c921]
2019-07-08 23:04:52,319 INFO  client.GrpcClientProtocolClient (GrpcClientProtocolClient.java:onNext(255)) - client-CEF4D3493DC0->4ee04582-2825-4055-a051-0465d62eb5ca: receive RaftClientReply:client-CEF4D3493DC0->4ee04582-2825-4055-a051-0465d62eb5ca@group-78E0FE5F723E, cid=716, SUCCESS, logIndex=926, commits[4ee04582-2825-4055-a051-0465d62eb5ca:c927, 97f5b9f0-d9ef-40b5-ba79-7414923e623f:c925, 7d686585-d831-45bc-93fc-0a553b604b0e:c925]
2019-07-08 23:04:52,319 INFO  client.GrpcClientProtocolClient (GrpcClientProtocolClient.java:onNext(255)) - client-CEF4D3493DC0->4ee04582-2825-4055-a051-0465d62eb5ca: receive RaftClientReply:client-CEF4D3493DC0->4ee04582-2825-4055-a051-0465d62eb5ca@group-78E0FE5F723E, cid=717, SUCCESS, logIndex=927, commits[4ee04582-2825-4055-a051-0465d62eb5ca:c927, 97f5b9f0-d9ef-40b5-ba79-7414923e623f:c925, 7d686585-d831-45bc-93fc-0a553b604b0e:c925]
2019-07-08 23:04:52,324 INFO  client.GrpcClientProtocolClient (GrpcClientProtocolClient.java:onNext(255)) - client-CEF4D3493DC0->4ee04582-2825-4055-a051-0465d62eb5ca: receive RaftClientReply:client-CEF4D3493DC0->4ee04582-2825-4055-a051-0465d62eb5ca@group-78E0FE5F723E, cid=718, SUCCESS, logIndex=0, commits[4ee04582-2825-4055-a051-0465d62eb5ca:c929, 97f5b9f0-d9ef-40b5-ba79-7414923e623f:c927, 7d686585-d831-45bc-93fc-0a553b604b0e:c927]
2019-07-08 23:04:52,337 INFO  client.GrpcClientProtocolClient (GrpcClientProtocolClient.java:onNext(255)) - client-CEF4D3493DC0->4ee04582-2825-4055-a051-0465d62eb5ca: receive RaftClientReply:client-CEF4D3493DC0->4ee04582-2825-4055-a051-0465d62eb5ca@group-78E0FE5F723E, cid=719, SUCCESS, logIndex=930, commits[4ee04582-2825-4055-a051-0465d62eb5ca:c931, 97f5b9f0-d9ef-40b5-ba79-7414923e623f:c929, 7d686585-d831-45bc-93fc-0a553b604b0e:c927]
2019-07-08 23:04:52,337 INFO  client.GrpcClientProtocolClient (GrpcClientProtocolClient.java:onNext(255)) - client-CEF4D3493DC0->4ee04582-2825-4055-a051-0465d62eb5ca: receive RaftClientReply:client-CEF4D3493DC0->4ee04582-2825-4055-a051-0465d62eb5ca@group-78E0FE5F723E, cid=720, SUCCESS, logIndex=931, commits[4ee04582-2825-4055-a051-0465d62eb5ca:c931, 97f5b9f0-d9ef-40b5-ba79-7414923e623f:c929, 7d686585-d831-45bc-93fc-0a553b604b0e:c927]
2019-07-08 23:04:52,339 INFO  client.GrpcClientProtocolClient (GrpcClientProtocolClient.java:onNext(255)) - client-CEF4D3493DC0->4ee04582-2825-4055-a051-0465d62eb5ca: receive RaftClientReply:client-CEF4D3493DC0->4ee04582-2825-4055-a051-0465d62eb5ca@group-78E0FE5F723E, cid=721, SUCCESS, logIndex=932, commits[4ee04582-2825-4055-a051-0465d62eb5ca:c934, 97f5b9f0-d9ef-40b5-ba79-7414923e623f:c929, 7d686585-d831-45bc-93fc-0a553b604b0e:c931]
2019-07-08 23:04:52,340 INFO  client.GrpcClientProtocolClient (GrpcClientProtocolClient.java:onNext(255)) - client-CEF4D3493DC0->4ee04582-2825-4055-a051-0465d62eb5ca: receive RaftClientReply:client-CEF4D3493DC0->4ee04582-2825-4055-a051-0465d62eb5ca@group-78E0FE5F723E, cid=722, SUCCESS, logIndex=933, commits[4ee04582-2825-4055-a051-0465d62eb5ca:c935, 97f5b9f0-d9ef-40b5-ba79-7414923e623f:c931, 7d686585-d831-45bc-93fc-0a553b604b0e:c931]
2019-07-08 23:04:52,358 INFO  client.GrpcClientProtocolClient (GrpcClientProtocolClient.java:onNext(255)) - client-CEF4D3493DC0->4ee04582-2825-4055-a051-0465d62eb5ca: receive RaftClientReply:client-CEF4D3493DC0->4ee04582-2825-4055-a051-0465d62eb5ca@group-78E0FE5F723E, cid=723, SUCCESS, logIndex=938, commits[4ee04582-2825-4055-a051-0465d62eb5ca:c938, 97f5b9f0-d9ef-40b5-ba79-7414923e623f:c937, 7d686585-d831-45bc-93fc-0a553b604b0e:c937]
2019-07-08 23:04:52,358 INFO  client.GrpcClientProtocolClient (GrpcClientProtocolClient.java:onNext(255)) - client-CEF4D3493DC0->4ee04582-2825-4055-a051-0465d62eb5ca: receive RaftClientReply:client-CEF4D3493DC0->4ee04582-2825-4055-a051-0465d62eb5ca@group-78E0FE5F723E, cid=724, SUCCESS, logIndex=939, commits[4ee04582-2825-4055-a051-0465d62eb5ca:c939, 97f5b9f0-d9ef-40b5-ba79-7414923e623f:c937, 7d686585-d831-45bc-93fc-0a553b604b0e:c937]
2019-07-08 23:04:52,371 INFO  client.GrpcClientProtocolClient (GrpcClientProtocolClient.java:onNext(255)) - client-CEF4D3493DC0->4ee04582-2825-4055-a051-0465d62eb5ca: receive RaftClientReply:client-CEF4D3493DC0->4ee04582-2825-4055-a051-0465d62eb5ca@group-78E0FE5F723E, cid=725, SUCCESS, logIndex=942, commits[4ee04582-2825-4055-a051-0465d62eb5ca:c943, 97f5b9f0-d9ef-40b5-ba79-7414923e623f:c941, 7d686585-d831-45bc-93fc-0a553b604b0e:c941]
2019-07-08 23:04:52,372 INFO  client.GrpcClientProtocolClient (GrpcClientProtocolClient.java:onNext(255)) - client-CEF4D3493DC0->4ee04582-2825-4055-a051-0465d62eb5ca: receive RaftClientReply:client-CEF4D3493DC0->4ee04582-2825-4055-a051-0465d62eb5ca@group-78E0FE5F723E, cid=726, SUCCESS, logIndex=943, commits[4ee04582-2825-4055-a051-0465d62eb5ca:c943, 97f5b9f0-d9ef-40b5-ba79-7414923e623f:c941, 7d686585-d831-45bc-93fc-0a553b604b0e:c941]
2019-07-08 23:04:52,376 INFO  client.GrpcClientProtocolClient (GrpcClientProtocolClient.java:onNext(255)) - client-CEF4D3493DC0->4ee04582-2825-4055-a051-0465d62eb5ca: receive RaftClientReply:client-CEF4D3493DC0->4ee04582-2825-4055-a051-0465d62eb5ca@group-78E0FE5F723E, cid=727, SUCCESS, logIndex=0, commits[4ee04582-2825-4055-a051-0465d62eb5ca:c944, 97f5b9f0-d9ef-40b5-ba79-7414923e623f:c943, 7d686585-d831-45bc-93fc-0a553b604b0e:c943]
2019-07-08 23:04:52,432 INFO  client.GrpcClientProtocolClient (GrpcClientProtocolClient.java:onNext(255)) - client-CEF4D3493DC0->4ee04582-2825-4055-a051-0465d62eb5ca: receive RaftClientReply:client-CEF4D3493DC0->4ee04582-2825-4055-a051-0465d62eb5ca@group-78E0FE5F723E, cid=728, SUCCESS, logIndex=946, commits[4ee04582-2825-4055-a051-0465d62eb5ca:c948, 97f5b9f0-d9ef-40b5-ba79-7414923e623f:c945, 7d686585-d831-45bc-93fc-0a553b604b0e:c945]
2019-07-08 23:04:52,433 INFO  client.GrpcClientProtocolClient (GrpcClientProtocolClient.java:onNext(255)) - client-CEF4D3493DC0->4ee04582-2825-4055-a051-0465d62eb5ca: receive RaftClientReply:client-CEF4D3493DC0->4ee04582-2825-4055-a051-0465d62eb5ca@group-78E0FE5F723E, cid=729, SUCCESS, logIndex=947, commits[4ee04582-2825-4055-a051-0465d62eb5ca:c949, 97f5b9f0-d9ef-40b5-ba79-7414923e623f:c945, 7d686585-d831-45bc-93fc-0a553b604b0e:c945]
2019-07-08 23:04:52,433 INFO  client.GrpcClientProtocolClient (GrpcClientProtocolClient.java:onNext(255)) - client-CEF4D3493DC0->4ee04582-2825-4055-a051-0465d62eb5ca: receive RaftClientReply:client-CEF4D3493DC0->4ee04582-2825-4055-a051-0465d62eb5ca@group-78E0FE5F723E, cid=730, SUCCESS, logIndex=948, commits[4ee04582-2825-4055-a051-0465d62eb5ca:c949, 97f5b9f0-d9ef-40b5-ba79-7414923e623f:c945, 7d686585-d831-45bc-93fc-0a553b604b0e:c945]
2019-07-08 23:04:52,433 INFO  client.GrpcClientProtocolClient (GrpcClientProtocolClient.java:onNext(255)) - client-CEF4D3493DC0->4ee04582-2825-4055-a051-0465d62eb5ca: receive RaftClientReply:client-CEF4D3493DC0->4ee04582-2825-4055-a051-0465d62eb5ca@group-78E0FE5F723E, cid=731, SUCCESS, logIndex=949, commits[4ee04582-2825-4055-a051-0465d62eb5ca:c949, 97f5b9f0-d9ef-40b5-ba79-7414923e623f:c945, 7d686585-d831-45bc-93fc-0a553b604b0e:c945]
2019-07-08 23:04:52,437 INFO  client.GrpcClientProtocolClient (GrpcClientProtocolClient.java:onNext(255)) - client-CEF4D3493DC0->4ee04582-2825-4055-a051-0465d62eb5ca: receive RaftClientReply:client-CEF4D3493DC0->4ee04582-2825-4055-a051-0465d62eb5ca@group-78E0FE5F723E, cid=732, SUCCESS, logIndex=0, commits[4ee04582-2825-4055-a051-0465d62eb5ca:c950, 97f5b9f0-d9ef-40b5-ba79-7414923e623f:c947, 7d686585-d831-45bc-93fc-0a553b604b0e:c947]
2019-07-08 23:04:52,454 INFO  client.GrpcClientProtocolClient (GrpcClientProtocolClient.java:onNext(255)) - client-CEF4D3493DC0->4ee04582-2825-4055-a051-0465d62eb5ca: receive RaftClientReply:client-CEF4D3493DC0->4ee04582-2825-4055-a051-0465d62eb5ca@group-78E0FE5F723E, cid=733, SUCCESS, logIndex=954, commits[4ee04582-2825-4055-a051-0465d62eb5ca:c955, 97f5b9f0-d9ef-40b5-ba79-7414923e623f:c953, 7d686585-d831-45bc-93fc-0a553b604b0e:c953]
2019-07-08 23:04:52,455 INFO  client.GrpcClientProtocolClient (GrpcClientProtocolClient.java:onNext(255)) - client-CEF4D3493DC0->4ee04582-2825-4055-a051-0465d62eb5ca: receive RaftClientReply:client-CEF4D3493DC0->4ee04582-2825-4055-a051-0465d62eb5ca@group-78E0FE5F723E, cid=734, SUCCESS, logIndex=955, commits[4ee04582-2825-4055-a051-0465d62eb5ca:c955, 97f5b9f0-d9ef-40b5-ba79-7414923e623f:c953, 7d686585-d831-45bc-93fc-0a553b604b0e:c953]
2019-07-08 23:04:52,471 INFO  client.GrpcClientProtocolClient (GrpcClientProtocolClient.java:onNext(255)) - client-CEF4D3493DC0->4ee04582-2825-4055-a051-0465d62eb5ca: receive RaftClientReply:client-CEF4D3493DC0->4ee04582-2825-4055-a051-0465d62eb5ca@group-78E0FE5F723E, cid=735, SUCCESS, logIndex=958, commits[4ee04582-2825-4055-a051-0465d62eb5ca:c959, 97f5b9f0-d9ef-40b5-ba79-7414923e623f:c957, 7d686585-d831-45bc-93fc-0a553b604b0e:c957]
2019-07-08 23:04:52,472 INFO  client.GrpcClientProtocolClient (GrpcClientProtocolClient.java:onNext(255)) - client-CEF4D3493DC0->4ee04582-2825-4055-a051-0465d62eb5ca: receive RaftClientReply:client-CEF4D3493DC0->4ee04582-2825-4055-a051-0465d62eb5ca@group-78E0FE5F723E, cid=736, SUCCESS, logIndex=959, commits[4ee04582-2825-4055-a051-0465d62eb5ca:c959, 97f5b9f0-d9ef-40b5-ba79-7414923e623f:c957, 7d686585-d831-45bc-93fc-0a553b604b0e:c957]
2019-07-08 23:04:52,477 INFO  client.GrpcClientProtocolClient (GrpcClientProtocolClient.java:onNext(255)) - client-CEF4D3493DC0->4ee04582-2825-4055-a051-0465d62eb5ca: receive RaftClientReply:client-CEF4D3493DC0->4ee04582-2825-4055-a051-0465d62eb5ca@group-78E0FE5F723E, cid=737, SUCCESS, logIndex=0, commits[4ee04582-2825-4055-a051-0465d62eb5ca:c960, 97f5b9f0-d9ef-40b5-ba79-7414923e623f:c959, 7d686585-d831-45bc-93fc-0a553b604b0e:c959]
2019-07-08 23:04:52,494 INFO  client.GrpcClientProtocolClient (GrpcClientProtocolClient.java:onNext(255)) - client-CEF4D3493DC0->4ee04582-2825-4055-a051-0465d62eb5ca: receive RaftClientReply:client-CEF4D3493DC0->4ee04582-2825-4055-a051-0465d62eb5ca@group-78E0FE5F723E, cid=738, SUCCESS, logIndex=962, commits[4ee04582-2825-4055-a051-0465d62eb5ca:c963, 97f5b9f0-d9ef-40b5-ba79-7414923e623f:c961, 7d686585-d831-45bc-93fc-0a553b604b0e:c959]
2019-07-08 23:04:52,495 INFO  client.GrpcClientProtocolClient (GrpcClientProtocolClient.java:onNext(255)) - client-CEF4D3493DC0->4ee04582-2825-4055-a051-0465d62eb5ca: receive RaftClientReply:client-CEF4D3493DC0->4ee04582-2825-4055-a051-0465d62eb5ca@group-78E0FE5F723E, cid=739, SUCCESS, logIndex=963, commits[4ee04582-2825-4055-a051-0465d62eb5ca:c963, 97f5b9f0-d9ef-40b5-ba79-7414923e623f:c961, 7d686585-d831-45bc-93fc-0a553b604b0e:c959]
2019-07-08 23:04:52,499 INFO  client.GrpcClientProtocolClient (GrpcClientProtocolClient.java:onNext(255)) - client-CEF4D3493DC0->4ee04582-2825-4055-a051-0465d62eb5ca: receive RaftClientReply:client-CEF4D3493DC0->4ee04582-2825-4055-a051-0465d62eb5ca@group-78E0FE5F723E, cid=740, SUCCESS, logIndex=964, commits[4ee04582-2825-4055-a051-0465d62eb5ca:c966, 97f5b9f0-d9ef-40b5-ba79-7414923e623f:c962, 7d686585-d831-45bc-93fc-0a553b604b0e:c961]
2019-07-08 23:04:52,499 INFO  client.GrpcClientProtocolClient (GrpcClientProtocolClient.java:onNext(255)) - client-CEF4D3493DC0->4ee04582-2825-4055-a051-0465d62eb5ca: receive RaftClientReply:client-CEF4D3493DC0->4ee04582-2825-4055-a051-0465d62eb5ca@group-78E0FE5F723E, cid=741, SUCCESS, logIndex=965, commits[4ee04582-2825-4055-a051-0465d62eb5ca:c967, 97f5b9f0-d9ef-40b5-ba79-7414923e623f:c963, 7d686585-d831-45bc-93fc-0a553b604b0e:c963]
2019-07-08 23:04:52,514 INFO  client.GrpcClientProtocolClient (GrpcClientProtocolClient.java:onNext(255)) - client-CEF4D3493DC0->4ee04582-2825-4055-a051-0465d62eb5ca: receive RaftClientReply:client-CEF4D3493DC0->4ee04582-2825-4055-a051-0465d62eb5ca@group-78E0FE5F723E, cid=742, SUCCESS, logIndex=970, commits[4ee04582-2825-4055-a051-0465d62eb5ca:c971, 97f5b9f0-d9ef-40b5-ba79-7414923e623f:c969, 7d686585-d831-45bc-93fc-0a553b604b0e:c969]
2019-07-08 23:04:52,515 INFO  client.GrpcClientProtocolClient (GrpcClientProtocolClient.java:onNext(255)) - client-CEF4D3493DC0->4ee04582-2825-4055-a051-0465d62eb5ca: receive RaftClientReply:client-CEF4D3493DC0->4ee04582-2825-4055-a051-0465d62eb5ca@group-78E0FE5F723E, cid=743, SUCCESS, logIndex=971, commits[4ee04582-2825-4055-a051-0465d62eb5ca:c971, 97f5b9f0-d9ef-40b5-ba79-7414923e623f:c969, 7d686585-d831-45bc-93fc-0a553b604b0e:c969]
2019-07-08 23:04:52,529 INFO  client.GrpcClientProtocolClient (GrpcClientProtocolClient.java:onNext(255)) - client-CEF4D3493DC0->4ee04582-2825-4055-a051-0465d62eb5ca: receive RaftClientReply:client-CEF4D3493DC0->4ee04582-2825-4055-a051-0465d62eb5ca@group-78E0FE5F723E, cid=744, SUCCESS, logIndex=974, commits[4ee04582-2825-4055-a051-0465d62eb5ca:c975, 97f5b9f0-d9ef-40b5-ba79-7414923e623f:c973, 7d686585-d831-45bc-93fc-0a553b604b0e:c973]
2019-07-08 23:04:52,529 INFO  client.GrpcClientProtocolClient (GrpcClientProtocolClient.java:onNext(255)) - client-CEF4D3493DC0->4ee04582-2825-4055-a051-0465d62eb5ca: receive RaftClientReply:client-CEF4D3493DC0->4ee04582-2825-4055-a051-0465d62eb5ca@group-78E0FE5F723E, cid=745, SUCCESS, logIndex=975, commits[4ee04582-2825-4055-a051-0465d62eb5ca:c975, 97f5b9f0-d9ef-40b5-ba79-7414923e623f:c973, 7d686585-d831-45bc-93fc-0a553b604b0e:c973]
2019-07-08 23:04:52,534 INFO  client.GrpcClientProtocolClient (GrpcClientProtocolClient.java:onNext(255)) - client-CEF4D3493DC0->4ee04582-2825-4055-a051-0465d62eb5ca: receive RaftClientReply:client-CEF4D3493DC0->4ee04582-2825-4055-a051-0465d62eb5ca@group-78E0FE5F723E, cid=746, SUCCESS, logIndex=0, commits[4ee04582-2825-4055-a051-0465d62eb5ca:c976, 97f5b9f0-d9ef-40b5-ba79-7414923e623f:c975, 7d686585-d831-45bc-93fc-0a553b604b0e:c975]
2019-07-08 23:04:52,548 INFO  client.GrpcClientProtocolClient (GrpcClientProtocolClient.java:onNext(255)) - client-CEF4D3493DC0->4ee04582-2825-4055-a051-0465d62eb5ca: receive RaftClientReply:client-CEF4D3493DC0->4ee04582-2825-4055-a051-0465d62eb5ca@group-78E0FE5F723E, cid=747, SUCCESS, logIndex=978, commits[4ee04582-2825-4055-a051-0465d62eb5ca:c979, 97f5b9f0-d9ef-40b5-ba79-7414923e623f:c977, 7d686585-d831-45bc-93fc-0a553b604b0e:c975]
2019-07-08 23:04:52,549 INFO  client.GrpcClientProtocolClient (GrpcClientProtocolClient.java:onNext(255)) - client-CEF4D3493DC0->4ee04582-2825-4055-a051-0465d62eb5ca: receive RaftClientReply:client-CEF4D3493DC0->4ee04582-2825-4055-a051-0465d62eb5ca@group-78E0FE5F723E, cid=748, SUCCESS, logIndex=979, commits[4ee04582-2825-4055-a051-0465d62eb5ca:c979, 97f5b9f0-d9ef-40b5-ba79-7414923e623f:c977, 7d686585-d831-45bc-93fc-0a553b604b0e:c975]
2019-07-08 23:04:52,551 INFO  client.GrpcClientProtocolClient (GrpcClientProtocolClient.java:onNext(255)) - client-CEF4D3493DC0->4ee04582-2825-4055-a051-0465d62eb5ca: receive RaftClientReply:client-CEF4D3493DC0->4ee04582-2825-4055-a051-0465d62eb5ca@group-78E0FE5F723E, cid=749, SUCCESS, logIndex=980, commits[4ee04582-2825-4055-a051-0465d62eb5ca:c982, 97f5b9f0-d9ef-40b5-ba79-7414923e623f:c978, 7d686585-d831-45bc-93fc-0a553b604b0e:c977]
2019-07-08 23:04:52,552 INFO  client.GrpcClientProtocolClient (GrpcClientProtocolClient.java:onNext(255)) - client-CEF4D3493DC0->4ee04582-2825-4055-a051-0465d62eb5ca: receive RaftClientReply:client-CEF4D3493DC0->4ee04582-2825-4055-a051-0465d62eb5ca@group-78E0FE5F723E, cid=750, SUCCESS, logIndex=981, commits[4ee04582-2825-4055-a051-0465d62eb5ca:c982, 97f5b9f0-d9ef-40b5-ba79-7414923e623f:c978, 7d686585-d831-45bc-93fc-0a553b604b0e:c977]
2019-07-08 23:04:52,553 INFO  client.GrpcClientProtocolClient (GrpcClientProtocolClient.java:onNext(255)) - client-CEF4D3493DC0->4ee04582-2825-4055-a051-0465d62eb5ca: receive RaftClientReply:client-CEF4D3493DC0->4ee04582-2825-4055-a051-0465d62eb5ca@group-78E0FE5F723E, cid=751, SUCCESS, logIndex=0, commits[4ee04582-2825-4055-a051-0465d62eb5ca:c983, 97f5b9f0-d9ef-40b5-ba79-7414923e623f:c979, 7d686585-d831-45bc-93fc-0a553b604b0e:c979]
2019-07-08 23:04:52,566 INFO  client.GrpcClientProtocolClient (GrpcClientProtocolClient.java:onNext(255)) - client-CEF4D3493DC0->4ee04582-2825-4055-a051-0465d62eb5ca: receive RaftClientReply:client-CEF4D3493DC0->4ee04582-2825-4055-a051-0465d62eb5ca@group-78E0FE5F723E, cid=752, SUCCESS, logIndex=986, commits[4ee04582-2825-4055-a051-0465d62eb5ca:c987, 97f5b9f0-d9ef-40b5-ba79-7414923e623f:c985, 7d686585-d831-45bc-93fc-0a553b604b0e:c982]
2019-07-08 23:04:52,567 INFO  client.GrpcClientProtocolClient (GrpcClientProtocolClient.java:onNext(255)) - client-CEF4D3493DC0->4ee04582-2825-4055-a051-0465d62eb5ca: receive RaftClientReply:client-CEF4D3493DC0->4ee04582-2825-4055-a051-0465d62eb5ca@group-78E0FE5F723E, cid=753, SUCCESS, logIndex=987, commits[4ee04582-2825-4055-a051-0465d62eb5ca:c987, 97f5b9f0-d9ef-40b5-ba79-7414923e623f:c985, 7d686585-d831-45bc-93fc-0a553b604b0e:c985]
2019-07-08 23:04:52,579 INFO  client.GrpcClientProtocolClient (GrpcClientProtocolClient.java:onNext(255)) - client-CEF4D3493DC0->4ee04582-2825-4055-a051-0465d62eb5ca: receive RaftClientReply:client-CEF4D3493DC0->4ee04582-2825-4055-a051-0465d62eb5ca@group-78E0FE5F723E, cid=754, SUCCESS, logIndex=990, commits[4ee04582-2825-4055-a051-0465d62eb5ca:c991, 97f5b9f0-d9ef-40b5-ba79-7414923e623f:c989, 7d686585-d831-45bc-93fc-0a553b604b0e:c989]
2019-07-08 23:04:52,580 INFO  client.GrpcClientProtocolClient (GrpcClientProtocolClient.java:onNext(255)) - client-CEF4D3493DC0->4ee04582-2825-4055-a051-0465d62eb5ca: receive RaftClientReply:client-CEF4D3493DC0->4ee04582-2825-4055-a051-0465d62eb5ca@group-78E0FE5F723E, cid=755, SUCCESS, logIndex=991, commits[4ee04582-2825-4055-a051-0465d62eb5ca:c991, 97f5b9f0-d9ef-40b5-ba79-7414923e623f:c989, 7d686585-d831-45bc-93fc-0a553b604b0e:c989]
2019-07-08 23:04:52,586 INFO  client.GrpcClientProtocolClient (GrpcClientProtocolClient.java:onNext(255)) - client-CEF4D3493DC0->4ee04582-2825-4055-a051-0465d62eb5ca: receive RaftClientReply:client-CEF4D3493DC0->4ee04582-2825-4055-a051-0465d62eb5ca@group-78E0FE5F723E, cid=756, SUCCESS, logIndex=0, commits[4ee04582-2825-4055-a051-0465d62eb5ca:c993, 97f5b9f0-d9ef-40b5-ba79-7414923e623f:c991, 7d686585-d831-45bc-93fc-0a553b604b0e:c991]
2019-07-08 23:04:52,601 INFO  client.GrpcClientProtocolClient (GrpcClientProtocolClient.java:onNext(255)) - client-CEF4D3493DC0->4ee04582-2825-4055-a051-0465d62eb5ca: receive RaftClientReply:client-CEF4D3493DC0->4ee04582-2825-4055-a051-0465d62eb5ca@group-78E0FE5F723E, cid=757, SUCCESS, logIndex=994, commits[4ee04582-2825-4055-a051-0465d62eb5ca:c995, 97f5b9f0-d9ef-40b5-ba79-7414923e623f:c993, 7d686585-d831-45bc-93fc-0a553b604b0e:c991]
2019-07-08 23:04:52,602 INFO  client.GrpcClientProtocolClient (GrpcClientProtocolClient.java:onNext(255)) - client-CEF4D3493DC0->4ee04582-2825-4055-a051-0465d62eb5ca: receive RaftClientReply:client-CEF4D3493DC0->4ee04582-2825-4055-a051-0465d62eb5ca@group-78E0FE5F723E, cid=758, SUCCESS, logIndex=995, commits[4ee04582-2825-4055-a051-0465d62eb5ca:c995, 97f5b9f0-d9ef-40b5-ba79-7414923e623f:c993, 7d686585-d831-45bc-93fc-0a553b604b0e:c993]
2019-07-08 23:04:52,602 INFO  client.GrpcClientProtocolClient (GrpcClientProtocolClient.java:onNext(255)) - client-CEF4D3493DC0->4ee04582-2825-4055-a051-0465d62eb5ca: receive RaftClientReply:client-CEF4D3493DC0->4ee04582-2825-4055-a051-0465d62eb5ca@group-78E0FE5F723E, cid=759, SUCCESS, logIndex=996, commits[4ee04582-2825-4055-a051-0465d62eb5ca:c997, 97f5b9f0-d9ef-40b5-ba79-7414923e623f:c993, 7d686585-d831-45bc-93fc-0a553b604b0e:c993]
2019-07-08 23:04:52,603 INFO  client.GrpcClientProtocolClient (GrpcClientProtocolClient.java:onNext(255)) - client-CEF4D3493DC0->4ee04582-2825-4055-a051-0465d62eb5ca: receive RaftClientReply:client-CEF4D3493DC0->4ee04582-2825-4055-a051-0465d62eb5ca@group-78E0FE5F723E, cid=760, SUCCESS, logIndex=997, commits[4ee04582-2825-4055-a051-0465d62eb5ca:c997, 97f5b9f0-d9ef-40b5-ba79-7414923e623f:c993, 7d686585-d831-45bc-93fc-0a553b604b0e:c993]
2019-07-08 23:04:52,607 INFO  client.GrpcClientProtocolClient (GrpcClientProtocolClient.java:onNext(255)) - client-CEF4D3493DC0->4ee04582-2825-4055-a051-0465d62eb5ca: receive RaftClientReply:client-CEF4D3493DC0->4ee04582-2825-4055-a051-0465d62eb5ca@group-78E0FE5F723E, cid=761, SUCCESS, logIndex=0, commits[4ee04582-2825-4055-a051-0465d62eb5ca:c999, 97f5b9f0-d9ef-40b5-ba79-7414923e623f:c995, 7d686585-d831-45bc-93fc-0a553b604b0e:c995]
2019-07-08 23:04:52,719 INFO  client.GrpcClientProtocolClient (GrpcClientProtocolClient.java:onNext(255)) - client-CEF4D3493DC0->4ee04582-2825-4055-a051-0465d62eb5ca: receive RaftClientReply:client-CEF4D3493DC0->4ee04582-2825-4055-a051-0465d62eb5ca@group-78E0FE5F723E, cid=762, SUCCESS, logIndex=1002, commits[4ee04582-2825-4055-a051-0465d62eb5ca:c1003, 97f5b9f0-d9ef-40b5-ba79-7414923e623f:c1001, 7d686585-d831-45bc-93fc-0a553b604b0e:c997]
2019-07-08 23:04:52,720 INFO  client.GrpcClientProtocolClient (GrpcClientProtocolClient.java:onNext(255)) - client-CEF4D3493DC0->4ee04582-2825-4055-a051-0465d62eb5ca: receive RaftClientReply:client-CEF4D3493DC0->4ee04582-2825-4055-a051-0465d62eb5ca@group-78E0FE5F723E, cid=763, SUCCESS, logIndex=1003, commits[4ee04582-2825-4055-a051-0465d62eb5ca:c1003, 97f5b9f0-d9ef-40b5-ba79-7414923e623f:c1001, 7d686585-d831-45bc-93fc-0a553b604b0e:c997]
2019-07-08 23:04:52,735 INFO  client.GrpcClientProtocolClient (GrpcClientProtocolClient.java:onNext(255)) - client-CEF4D3493DC0->4ee04582-2825-4055-a051-0465d62eb5ca: receive RaftClientReply:client-CEF4D3493DC0->4ee04582-2825-4055-a051-0465d62eb5ca@group-78E0FE5F723E, cid=764, SUCCESS, logIndex=1006, commits[4ee04582-2825-4055-a051-0465d62eb5ca:c1007, 97f5b9f0-d9ef-40b5-ba79-7414923e623f:c1005, 7d686585-d831-45bc-93fc-0a553b604b0e:c1003]
2019-07-08 23:04:52,736 INFO  client.GrpcClientProtocolClient (GrpcClientProtocolClient.java:onNext(255)) - client-CEF4D3493DC0->4ee04582-2825-4055-a051-0465d62eb5ca: receive RaftClientReply:client-CEF4D3493DC0->4ee04582-2825-4055-a051-0465d62eb5ca@group-78E0FE5F723E, cid=765, SUCCESS, logIndex=1007, commits[4ee04582-2825-4055-a051-0465d62eb5ca:c1007, 97f5b9f0-d9ef-40b5-ba79-7414923e623f:c1005, 7d686585-d831-45bc-93fc-0a553b604b0e:c1005]
2019-07-08 23:04:52,741 INFO  client.GrpcClientProtocolClient (GrpcClientProtocolClient.java:onNext(255)) - client-CEF4D3493DC0->4ee04582-2825-4055-a051-0465d62eb5ca: receive RaftClientReply:client-CEF4D3493DC0->4ee04582-2825-4055-a051-0465d62eb5ca@group-78E0FE5F723E, cid=766, SUCCESS, logIndex=0, commits[4ee04582-2825-4055-a051-0465d62eb5ca:c1008, 97f5b9f0-d9ef-40b5-ba79-7414923e623f:c1007, 7d686585-d831-45bc-93fc-0a553b604b0e:c1007]
2019-07-08 23:04:52,758 INFO  client.GrpcClientProtocolClient (GrpcClientProtocolClient.java:onNext(255)) - client-CEF4D3493DC0->4ee04582-2825-4055-a051-0465d62eb5ca: receive RaftClientReply:client-CEF4D3493DC0->4ee04582-2825-4055-a051-0465d62eb5ca@group-78E0FE5F723E, cid=767, SUCCESS, logIndex=1010, commits[4ee04582-2825-4055-a051-0465d62eb5ca:c1011, 97f5b9f0-d9ef-40b5-ba79-7414923e623f:c1009, 7d686585-d831-45bc-93fc-0a553b604b0e:c1007]
2019-07-08 23:04:52,759 INFO  client.GrpcClientProtocolClient (GrpcClientProtocolClient.java:onNext(255)) - client-CEF4D3493DC0->4ee04582-2825-4055-a051-0465d62eb5ca: receive RaftClientReply:client-CEF4D3493DC0->4ee04582-2825-4055-a051-0465d62eb5ca@group-78E0FE5F723E, cid=768, SUCCESS, logIndex=1011, commits[4ee04582-2825-4055-a051-0465d62eb5ca:c1011, 97f5b9f0-d9ef-40b5-ba79-7414923e623f:c1009, 7d686585-d831-45bc-93fc-0a553b604b0e:c1009]
2019-07-08 23:04:52,762 INFO  client.GrpcClientProtocolClient (GrpcClientProtocolClient.java:onNext(255)) - client-CEF4D3493DC0->4ee04582-2825-4055-a051-0465d62eb5ca: receive RaftClientReply:client-CEF4D3493DC0->4ee04582-2825-4055-a051-0465d62eb5ca@group-78E0FE5F723E, cid=769, SUCCESS, logIndex=1012, commits[4ee04582-2825-4055-a051-0465d62eb5ca:c1013, 97f5b9f0-d9ef-40b5-ba79-7414923e623f:c1009, 7d686585-d831-45bc-93fc-0a553b604b0e:c1009]
2019-07-08 23:04:52,763 INFO  client.GrpcClientProtocolClient (GrpcClientProtocolClient.java:onNext(255)) - client-CEF4D3493DC0->4ee04582-2825-4055-a051-0465d62eb5ca: receive RaftClientReply:client-CEF4D3493DC0->4ee04582-2825-4055-a051-0465d62eb5ca@group-78E0FE5F723E, cid=770, SUCCESS, logIndex=1013, commits[4ee04582-2825-4055-a051-0465d62eb5ca:c1015, 97f5b9f0-d9ef-40b5-ba79-7414923e623f:c1011, 7d686585-d831-45bc-93fc-0a553b604b0e:c1009]
2019-07-08 23:04:52,765 INFO  client.GrpcClientProtocolClient (GrpcClientProtocolClient.java:onNext(255)) - client-CEF4D3493DC0->4ee04582-2825-4055-a051-0465d62eb5ca: receive RaftClientReply:client-CEF4D3493DC0->4ee04582-2825-4055-a051-0465d62eb5ca@group-78E0FE5F723E, cid=771, SUCCESS, logIndex=0, commits[4ee04582-2825-4055-a051-0465d62eb5ca:c1015, 97f5b9f0-d9ef-40b5-ba79-7414923e623f:c1011, 7d686585-d831-45bc-93fc-0a553b604b0e:c1011]
2019-07-08 23:04:52,780 INFO  client.GrpcClientProtocolClient (GrpcClientProtocolClient.java:onNext(255)) - client-CEF4D3493DC0->4ee04582-2825-4055-a051-0465d62eb5ca: receive RaftClientReply:client-CEF4D3493DC0->4ee04582-2825-4055-a051-0465d62eb5ca@group-78E0FE5F723E, cid=772, SUCCESS, logIndex=1018, commits[4ee04582-2825-4055-a051-0465d62eb5ca:c1019, 97f5b9f0-d9ef-40b5-ba79-7414923e623f:c1017, 7d686585-d831-45bc-93fc-0a553b604b0e:c1017]
2019-07-08 23:04:52,781 INFO  client.GrpcClientProtocolClient (GrpcClientProtocolClient.java:onNext(255)) - client-CEF4D3493DC0->4ee04582-2825-4055-a051-0465d62eb5ca: receive RaftClientReply:client-CEF4D3493DC0->4ee04582-2825-4055-a051-0465d62eb5ca@group-78E0FE5F723E, cid=773, SUCCESS, logIndex=1019, commits[4ee04582-2825-4055-a051-0465d62eb5ca:c1019, 97f5b9f0-d9ef-40b5-ba79-7414923e623f:c1017, 7d686585-d831-45bc-93fc-0a553b604b0e:c1017]
2019-07-08 23:04:52,796 INFO  client.GrpcClientProtocolClient (GrpcClientProtocolClient.java:onNext(255)) - client-CEF4D3493DC0->4ee04582-2825-4055-a051-0465d62eb5ca: receive RaftClientReply:client-CEF4D3493DC0->4ee04582-2825-4055-a051-0465d62eb5ca@group-78E0FE5F723E, cid=774, SUCCESS, logIndex=1022, commits[4ee04582-2825-4055-a051-0465d62eb5ca:c1023, 97f5b9f0-d9ef-40b5-ba79-7414923e623f:c1021, 7d686585-d831-45bc-93fc-0a553b604b0e:c1019]
2019-07-08 23:04:52,797 INFO  client.GrpcClientProtocolClient (GrpcClientProtocolClient.java:onNext(255)) - client-CEF4D3493DC0->4ee04582-2825-4055-a051-0465d62eb5ca: receive RaftClientReply:client-CEF4D3493DC0->4ee04582-2825-4055-a051-0465d62eb5ca@group-78E0FE5F723E, cid=775, SUCCESS, logIndex=1023, commits[4ee04582-2825-4055-a051-0465d62eb5ca:c1023, 97f5b9f0-d9ef-40b5-ba79-7414923e623f:c1021, 7d686585-d831-45bc-93fc-0a553b604b0e:c1019]
2019-07-08 23:04:52,800 INFO  client.GrpcClientProtocolClient (GrpcClientProtocolClient.java:onNext(255)) - client-CEF4D3493DC0->4ee04582-2825-4055-a051-0465d62eb5ca: receive RaftClientReply:client-CEF4D3493DC0->4ee04582-2825-4055-a051-0465d62eb5ca@group-78E0FE5F723E, cid=776, SUCCESS, logIndex=0, commits[4ee04582-2825-4055-a051-0465d62eb5ca:c1024, 97f5b9f0-d9ef-40b5-ba79-7414923e623f:c1023, 7d686585-d831-45bc-93fc-0a553b604b0e:c1023]
2019-07-08 23:04:52,816 INFO  client.GrpcClientProtocolClient (GrpcClientProtocolClient.java:onNext(255)) - client-CEF4D3493DC0->4ee04582-2825-4055-a051-0465d62eb5ca: receive RaftClientReply:client-CEF4D3493DC0->4ee04582-2825-4055-a051-0465d62eb5ca@group-78E0FE5F723E, cid=777, SUCCESS, logIndex=1026, commits[4ee04582-2825-4055-a051-0465d62eb5ca:c1027, 97f5b9f0-d9ef-40b5-ba79-7414923e623f:c1025, 7d686585-d831-45bc-93fc-0a553b604b0e:c1025]
2019-07-08 23:04:52,817 INFO  client.GrpcClientProtocolClient (GrpcClientProtocolClient.java:onNext(255)) - client-CEF4D3493DC0->4ee04582-2825-4055-a051-0465d62eb5ca: receive RaftClientReply:client-CEF4D3493DC0->4ee04582-2825-4055-a051-0465d62eb5ca@group-78E0FE5F723E, cid=778, SUCCESS, logIndex=1027, commits[4ee04582-2825-4055-a051-0465d62eb5ca:c1027, 97f5b9f0-d9ef-40b5-ba79-7414923e623f:c1025, 7d686585-d831-45bc-93fc-0a553b604b0e:c1025]
2019-07-08 23:04:52,822 INFO  client.GrpcClientProtocolClient (GrpcClientProtocolClient.java:onNext(255)) - client-CEF4D3493DC0->4ee04582-2825-4055-a051-0465d62eb5ca: receive RaftClientReply:client-CEF4D3493DC0->4ee04582-2825-4055-a051-0465d62eb5ca@group-78E0FE5F723E, cid=779, SUCCESS, logIndex=1028, commits[4ee04582-2825-4055-a051-0465d62eb5ca:c1028, 97f5b9f0-d9ef-40b5-ba79-7414923e623f:c1025, 7d686585-d831-45bc-93fc-0a553b604b0e:c1025]
2019-07-08 23:04:52,823 INFO  client.GrpcClientProtocolClient (GrpcClientProtocolClient.java:onNext(255)) - client-CEF4D3493DC0->4ee04582-2825-4055-a051-0465d62eb5ca: receive RaftClientReply:client-CEF4D3493DC0->4ee04582-2825-4055-a051-0465d62eb5ca@group-78E0FE5F723E, cid=780, SUCCESS, logIndex=1029, commits[4ee04582-2825-4055-a051-0465d62eb5ca:c1031, 97f5b9f0-d9ef-40b5-ba79-7414923e623f:c1027, 7d686585-d831-45bc-93fc-0a553b604b0e:c1027]
2019-07-08 23:04:52,837 INFO  client.GrpcClientProtocolClient (GrpcClientProtocolClient.java:onNext(255)) - client-CEF4D3493DC0->4ee04582-2825-4055-a051-0465d62eb5ca: receive RaftClientReply:client-CEF4D3493DC0->4ee04582-2825-4055-a051-0465d62eb5ca@group-78E0FE5F723E, cid=781, SUCCESS, logIndex=1033, commits[4ee04582-2825-4055-a051-0465d62eb5ca:c1034, 97f5b9f0-d9ef-40b5-ba79-7414923e623f:c1032, 7d686585-d831-45bc-93fc-0a553b604b0e:c1032]
2019-07-08 23:04:52,837 INFO  client.GrpcClientProtocolClient (GrpcClientProtocolClient.java:onNext(255)) - client-CEF4D3493DC0->4ee04582-2825-4055-a051-0465d62eb5ca: receive RaftClientReply:client-CEF4D3493DC0->4ee04582-2825-4055-a051-0465d62eb5ca@group-78E0FE5F723E, cid=782, SUCCESS, logIndex=1034, commits[4ee04582-2825-4055-a051-0465d62eb5ca:c1034, 97f5b9f0-d9ef-40b5-ba79-7414923e623f:c1032, 7d686585-d831-45bc-93fc-0a553b604b0e:c1032]
2019-07-08 23:04:52,858 INFO  client.GrpcClientProtocolClient (GrpcClientProtocolClient.java:onNext(255)) - client-CEF4D3493DC0->4ee04582-2825-4055-a051-0465d62eb5ca: receive RaftClientReply:client-CEF4D3493DC0->4ee04582-2825-4055-a051-0465d62eb5ca@group-78E0FE5F723E, cid=783, SUCCESS, logIndex=1037, commits[4ee04582-2825-4055-a051-0465d62eb5ca:c1038, 97f5b9f0-d9ef-40b5-ba79-7414923e623f:c1036, 7d686585-d831-45bc-93fc-0a553b604b0e:c1034]
2019-07-08 23:04:52,858 INFO  client.GrpcClientProtocolClient (GrpcClientProtocolClient.java:onNext(255)) - client-CEF4D3493DC0->4ee04582-2825-4055-a051-0465d62eb5ca: receive RaftClientReply:client-CEF4D3493DC0->4ee04582-2825-4055-a051-0465d62eb5ca@group-78E0FE5F723E, cid=784, SUCCESS, logIndex=1038, commits[4ee04582-2825-4055-a051-0465d62eb5ca:c1038, 97f5b9f0-d9ef-40b5-ba79-7414923e623f:c1036, 7d686585-d831-45bc-93fc-0a553b604b0e:c1036]
2019-07-08 23:04:52,860 INFO  client.GrpcClientProtocolClient (GrpcClientProtocolClient.java:onNext(255)) - client-CEF4D3493DC0->4ee04582-2825-4055-a051-0465d62eb5ca: receive RaftClientReply:client-CEF4D3493DC0->4ee04582-2825-4055-a051-0465d62eb5ca@group-78E0FE5F723E, cid=785, SUCCESS, logIndex=0, commits[4ee04582-2825-4055-a051-0465d62eb5ca:c1039, 97f5b9f0-d9ef-40b5-ba79-7414923e623f:c1038, 7d686585-d831-45bc-93fc-0a553b604b0e:c1038]
2019-07-08 23:04:52,877 INFO  client.GrpcClientProtocolClient (GrpcClientProtocolClient.java:onNext(255)) - client-CEF4D3493DC0->4ee04582-2825-4055-a051-0465d62eb5ca: receive RaftClientReply:client-CEF4D3493DC0->4ee04582-2825-4055-a051-0465d62eb5ca@group-78E0FE5F723E, cid=786, SUCCESS, logIndex=1041, commits[4ee04582-2825-4055-a051-0465d62eb5ca:c1042, 97f5b9f0-d9ef-40b5-ba79-7414923e623f:c1040, 7d686585-d831-45bc-93fc-0a553b604b0e:c1038]
2019-07-08 23:04:52,878 INFO  client.GrpcClientProtocolClient (GrpcClientProtocolClient.java:onNext(255)) - client-CEF4D3493DC0->4ee04582-2825-4055-a051-0465d62eb5ca: receive RaftClientReply:client-CEF4D3493DC0->4ee04582-2825-4055-a051-0465d62eb5ca@group-78E0FE5F723E, cid=787, SUCCESS, logIndex=1042, commits[4ee04582-2825-4055-a051-0465d62eb5ca:c1042, 97f5b9f0-d9ef-40b5-ba79-7414923e623f:c1040, 7d686585-d831-45bc-93fc-0a553b604b0e:c1038]
2019-07-08 23:04:52,879 INFO  client.GrpcClientProtocolClient (GrpcClientProtocolClient.java:onNext(255)) - client-CEF4D3493DC0->4ee04582-2825-4055-a051-0465d62eb5ca: receive RaftClientReply:client-CEF4D3493DC0->4ee04582-2825-4055-a051-0465d62eb5ca@group-78E0FE5F723E, cid=788, SUCCESS, logIndex=1043, commits[4ee04582-2825-4055-a051-0465d62eb5ca:c1044, 97f5b9f0-d9ef-40b5-ba79-7414923e623f:c1040, 7d686585-d831-45bc-93fc-0a553b604b0e:c1038]
2019-07-08 23:04:52,879 INFO  client.GrpcClientProtocolClient (GrpcClientProtocolClient.java:onNext(255)) - client-CEF4D3493DC0->4ee04582-2825-4055-a051-0465d62eb5ca: receive RaftClientReply:client-CEF4D3493DC0->4ee04582-2825-4055-a051-0465d62eb5ca@group-78E0FE5F723E, cid=789, SUCCESS, logIndex=1044, commits[4ee04582-2825-4055-a051-0465d62eb5ca:c1044, 97f5b9f0-d9ef-40b5-ba79-7414923e623f:c1040, 7d686585-d831-45bc-93fc-0a553b604b0e:c1040]
2019-07-08 23:04:52,883 INFO  client.GrpcClientProtocolClient (GrpcClientProtocolClient.java:onNext(255)) - client-CEF4D3493DC0->4ee04582-2825-4055-a051-0465d62eb5ca: receive RaftClientReply:client-CEF4D3493DC0->4ee04582-2825-4055-a051-0465d62eb5ca@group-78E0FE5F723E, cid=790, SUCCESS, logIndex=0, commits[4ee04582-2825-4055-a051-0465d62eb5ca:c1047, 97f5b9f0-d9ef-40b5-ba79-7414923e623f:c1044, 7d686585-d831-45bc-93fc-0a553b604b0e:c1042]
 0.00% |█                                                                                                    |  0/1 Time: 0:00:022019-07-08 23:04:52,897 INFO  client.GrpcClientProtocolClient (GrpcClientProtocolClient.java:onNext(255)) - client-CEF4D3493DC0->4ee04582-2825-4055-a051-0465d62eb5ca: receive RaftClientReply:client-CEF4D3493DC0->4ee04582-2825-4055-a051-0465d62eb5ca@group-78E0FE5F723E, cid=791, SUCCESS, logIndex=1048, commits[4ee04582-2825-4055-a051-0465d62eb5ca:c1049, 97f5b9f0-d9ef-40b5-ba79-7414923e623f:c1044, 7d686585-d831-45bc-93fc-0a553b604b0e:c1047]
2019-07-08 23:04:52,897 INFO  client.GrpcClientProtocolClient (GrpcClientProtocolClient.java:onNext(255)) - client-CEF4D3493DC0->4ee04582-2825-4055-a051-0465d62eb5ca: receive RaftClientReply:client-CEF4D3493DC0->4ee04582-2825-4055-a051-0465d62eb5ca@group-78E0FE5F723E, cid=792, SUCCESS, logIndex=1049, commits[4ee04582-2825-4055-a051-0465d62eb5ca:c1049, 97f5b9f0-d9ef-40b5-ba79-7414923e623f:c1047, 7d686585-d831-45bc-93fc-0a553b604b0e:c1047]
2019-07-08 23:04:52,911 INFO  client.GrpcClientProtocolClient (GrpcClientProtocolClient.java:onNext(255)) - client-CEF4D3493DC0->4ee04582-2825-4055-a051-0465d62eb5ca: receive RaftClientReply:client-CEF4D3493DC0->4ee04582-2825-4055-a051-0465d62eb5ca@group-78E0FE5F723E, cid=793, SUCCESS, logIndex=1052, commits[4ee04582-2825-4055-a051-0465d62eb5ca:c1053, 97f5b9f0-d9ef-40b5-ba79-7414923e623f:c1049, 7d686585-d831-45bc-93fc-0a553b604b0e:c1051]
2019-07-08 23:04:52,911 INFO  client.GrpcClientProtocolClient (GrpcClientProtocolClient.java:onNext(255)) - client-CEF4D3493DC0->4ee04582-2825-4055-a051-0465d62eb5ca: receive RaftClientReply:client-CEF4D3493DC0->4ee04582-2825-4055-a051-0465d62eb5ca@group-78E0FE5F723E, cid=794, SUCCESS, logIndex=1053, commits[4ee04582-2825-4055-a051-0465d62eb5ca:c1053, 97f5b9f0-d9ef-40b5-ba79-7414923e623f:c1051, 7d686585-d831-45bc-93fc-0a553b604b0e:c1051]
2019-07-08 23:04:52,914 INFO  client.GrpcClientProtocolClient (GrpcClientProtocolClient.java:onNext(255)) - client-CEF4D3493DC0->4ee04582-2825-4055-a051-0465d62eb5ca: receive RaftClientReply:client-CEF4D3493DC0->4ee04582-2825-4055-a051-0465d62eb5ca@group-78E0FE5F723E, cid=795, SUCCESS, logIndex=0, commits[4ee04582-2825-4055-a051-0465d62eb5ca:c1054, 97f5b9f0-d9ef-40b5-ba79-7414923e623f:c1053, 7d686585-d831-45bc-93fc-0a553b604b0e:c1053]
2019-07-08 23:04:52,935 INFO  client.GrpcClientProtocolClient (GrpcClientProtocolClient.java:onNext(255)) - client-CEF4D3493DC0->4ee04582-2825-4055-a051-0465d62eb5ca: receive RaftClientReply:client-CEF4D3493DC0->4ee04582-2825-4055-a051-0465d62eb5ca@group-78E0FE5F723E, cid=796, SUCCESS, logIndex=1056, commits[4ee04582-2825-4055-a051-0465d62eb5ca:c1057, 97f5b9f0-d9ef-40b5-ba79-7414923e623f:c1055, 7d686585-d831-45bc-93fc-0a553b604b0e:c1055]
2019-07-08 23:04:52,935 INFO  client.GrpcClientProtocolClient (GrpcClientProtocolClient.java:onNext(255)) - client-CEF4D3493DC0->4ee04582-2825-4055-a051-0465d62eb5ca: receive RaftClientReply:client-CEF4D3493DC0->4ee04582-2825-4055-a051-0465d62eb5ca@group-78E0FE5F723E, cid=797, SUCCESS, logIndex=1057, commits[4ee04582-2825-4055-a051-0465d62eb5ca:c1059, 97f5b9f0-d9ef-40b5-ba79-7414923e623f:c1055, 7d686585-d831-45bc-93fc-0a553b604b0e:c1055]
2019-07-08 23:04:52,935 INFO  client.GrpcClientProtocolClient (GrpcClientProtocolClient.java:onNext(255)) - client-CEF4D3493DC0->4ee04582-2825-4055-a051-0465d62eb5ca: receive RaftClientReply:client-CEF4D3493DC0->4ee04582-2825-4055-a051-0465d62eb5ca@group-78E0FE5F723E, cid=798, SUCCESS, logIndex=1058, commits[4ee04582-2825-4055-a051-0465d62eb5ca:c1059, 97f5b9f0-d9ef-40b5-ba79-7414923e623f:c1055, 7d686585-d831-45bc-93fc-0a553b604b0e:c1055]
2019-07-08 23:04:52,936 INFO  client.GrpcClientProtocolClient (GrpcClientProtocolClient.java:onNext(255)) - client-CEF4D3493DC0->4ee04582-2825-4055-a051-0465d62eb5ca: receive RaftClientReply:client-CEF4D3493DC0->4ee04582-2825-4055-a051-0465d62eb5ca@group-78E0FE5F723E, cid=799, SUCCESS, logIndex=1059, commits[4ee04582-2825-4055-a051-0465d62eb5ca:c1059, 97f5b9f0-d9ef-40b5-ba79-7414923e623f:c1055, 7d686585-d831-45bc-93fc-0a553b604b0e:c1055]
2019-07-08 23:04:52,939 INFO  client.GrpcClientProtocolClient (GrpcClientProtocolClient.java:onNext(255)) - client-CEF4D3493DC0->4ee04582-2825-4055-a051-0465d62eb5ca: receive RaftClientReply:client-CEF4D3493DC0->4ee04582-2825-4055-a051-0465d62eb5ca@group-78E0FE5F723E, cid=800, SUCCESS, logIndex=0, commits[4ee04582-2825-4055-a051-0465d62eb5ca:c1061, 97f5b9f0-d9ef-40b5-ba79-7414923e623f:c1057, 7d686585-d831-45bc-93fc-0a553b604b0e:c1057]
2019-07-08 23:04:52,953 INFO  client.GrpcClientProtocolClient (GrpcClientProtocolClient.java:onNext(255)) - client-CEF4D3493DC0->4ee04582-2825-4055-a051-0465d62eb5ca: receive RaftClientReply:client-CEF4D3493DC0->4ee04582-2825-4055-a051-0465d62eb5ca@group-78E0FE5F723E, cid=801, SUCCESS, logIndex=1064, commits[4ee04582-2825-4055-a051-0465d62eb5ca:c1065, 97f5b9f0-d9ef-40b5-ba79-7414923e623f:c1063, 7d686585-d831-45bc-93fc-0a553b604b0e:c1063]
2019-07-08 23:04:52,954 INFO  client.GrpcClientProtocolClient (GrpcClientProtocolClient.java:onNext(255)) - client-CEF4D3493DC0->4ee04582-2825-4055-a051-0465d62eb5ca: receive RaftClientReply:client-CEF4D3493DC0->4ee04582-2825-4055-a051-0465d62eb5ca@group-78E0FE5F723E, cid=802, SUCCESS, logIndex=1065, commits[4ee04582-2825-4055-a051-0465d62eb5ca:c1065, 97f5b9f0-d9ef-40b5-ba79-7414923e623f:c1063, 7d686585-d831-45bc-93fc-0a553b604b0e:c1063]
2019-07-08 23:04:52,966 INFO  client.GrpcClientProtocolClient (GrpcClientProtocolClient.java:onNext(255)) - client-CEF4D3493DC0->4ee04582-2825-4055-a051-0465d62eb5ca: receive RaftClientReply:client-CEF4D3493DC0->4ee04582-2825-4055-a051-0465d62eb5ca@group-78E0FE5F723E, cid=803, SUCCESS, logIndex=1068, commits[4ee04582-2825-4055-a051-0465d62eb5ca:c1069, 97f5b9f0-d9ef-40b5-ba79-7414923e623f:c1067, 7d686585-d831-45bc-93fc-0a553b604b0e:c1065]
2019-07-08 23:04:52,967 INFO  client.GrpcClientProtocolClient (GrpcClientProtocolClient.java:onNext(255)) - client-CEF4D3493DC0->4ee04582-2825-4055-a051-0465d62eb5ca: receive RaftClientReply:client-CEF4D3493DC0->4ee04582-2825-4055-a051-0465d62eb5ca@group-78E0FE5F723E, cid=804, SUCCESS, logIndex=1069, commits[4ee04582-2825-4055-a051-0465d62eb5ca:c1069, 97f5b9f0-d9ef-40b5-ba79-7414923e623f:c1067, 7d686585-d831-45bc-93fc-0a553b604b0e:c1067]
2019-07-08 23:04:52,969 INFO  client.GrpcClientProtocolClient (GrpcClientProtocolClient.java:onNext(255)) - client-CEF4D3493DC0->4ee04582-2825-4055-a051-0465d62eb5ca: receive RaftClientReply:client-CEF4D3493DC0->4ee04582-2825-4055-a051-0465d62eb5ca@group-78E0FE5F723E, cid=805, SUCCESS, logIndex=0, commits[4ee04582-2825-4055-a051-0465d62eb5ca:c1070, 97f5b9f0-d9ef-40b5-ba79-7414923e623f:c1069, 7d686585-d831-45bc-93fc-0a553b604b0e:c1069]
2019-07-08 23:04:52,984 INFO  client.GrpcClientProtocolClient (GrpcClientProtocolClient.java:onNext(255)) - client-CEF4D3493DC0->4ee04582-2825-4055-a051-0465d62eb5ca: receive RaftClientReply:client-CEF4D3493DC0->4ee04582-2825-4055-a051-0465d62eb5ca@group-78E0FE5F723E, cid=806, SUCCESS, logIndex=1072, commits[4ee04582-2825-4055-a051-0465d62eb5ca:c1073, 97f5b9f0-d9ef-40b5-ba79-7414923e623f:c1071, 7d686585-d831-45bc-93fc-0a553b604b0e:c1071]
2019-07-08 23:04:52,984 INFO  client.GrpcClientProtocolClient (GrpcClientProtocolClient.java:onNext(255)) - client-CEF4D3493DC0->4ee04582-2825-4055-a051-0465d62eb5ca: receive RaftClientReply:client-CEF4D3493DC0->4ee04582-2825-4055-a051-0465d62eb5ca@group-78E0FE5F723E, cid=807, SUCCESS, logIndex=1073, commits[4ee04582-2825-4055-a051-0465d62eb5ca:c1073, 97f5b9f0-d9ef-40b5-ba79-7414923e623f:c1071, 7d686585-d831-45bc-93fc-0a553b604b0e:c1071]
2019-07-08 23:04:52,985 INFO  client.GrpcClientProtocolClient (GrpcClientProtocolClient.java:onNext(255)) - client-CEF4D3493DC0->4ee04582-2825-4055-a051-0465d62eb5ca: receive RaftClientReply:client-CEF4D3493DC0->4ee04582-2825-4055-a051-0465d62eb5ca@group-78E0FE5F723E, cid=808, SUCCESS, logIndex=1074, commits[4ee04582-2825-4055-a051-0465d62eb5ca:c1075, 97f5b9f0-d9ef-40b5-ba79-7414923e623f:c1071, 7d686585-d831-45bc-93fc-0a553b604b0e:c1071]
2019-07-08 23:04:52,985 INFO  client.GrpcClientProtocolClient (GrpcClientProtocolClient.java:onNext(255)) - client-CEF4D3493DC0->4ee04582-2825-4055-a051-0465d62eb5ca: receive RaftClientReply:client-CEF4D3493DC0->4ee04582-2825-4055-a051-0465d62eb5ca@group-78E0FE5F723E, cid=809, SUCCESS, logIndex=1075, commits[4ee04582-2825-4055-a051-0465d62eb5ca:c1075, 97f5b9f0-d9ef-40b5-ba79-7414923e623f:c1071, 7d686585-d831-45bc-93fc-0a553b604b0e:c1071]
2019-07-08 23:04:52,989 INFO  client.GrpcClientProtocolClient (GrpcClientProtocolClient.java:onNext(255)) - client-CEF4D3493DC0->4ee04582-2825-4055-a051-0465d62eb5ca: receive RaftClientReply:client-CEF4D3493DC0->4ee04582-2825-4055-a051-0465d62eb5ca@group-78E0FE5F723E, cid=810, SUCCESS, logIndex=0, commits[4ee04582-2825-4055-a051-0465d62eb5ca:c1077, 97f5b9f0-d9ef-40b5-ba79-7414923e623f:c1073, 7d686585-d831-45bc-93fc-0a553b604b0e:c1073]
2019-07-08 23:04:53,001 INFO  client.GrpcClientProtocolClient (GrpcClientProtocolClient.java:onNext(255)) - client-CEF4D3493DC0->4ee04582-2825-4055-a051-0465d62eb5ca: receive RaftClientReply:client-CEF4D3493DC0->4ee04582-2825-4055-a051-0465d62eb5ca@group-78E0FE5F723E, cid=811, SUCCESS, logIndex=1080, commits[4ee04582-2825-4055-a051-0465d62eb5ca:c1081, 97f5b9f0-d9ef-40b5-ba79-7414923e623f:c1079, 7d686585-d831-45bc-93fc-0a553b604b0e:c1079]
2019-07-08 23:04:53,001 INFO  client.GrpcClientProtocolClient (GrpcClientProtocolClient.java:onNext(255)) - client-CEF4D3493DC0->4ee04582-2825-4055-a051-0465d62eb5ca: receive RaftClientReply:client-CEF4D3493DC0->4ee04582-2825-4055-a051-0465d62eb5ca@group-78E0FE5F723E, cid=812, SUCCESS, logIndex=1081, commits[4ee04582-2825-4055-a051-0465d62eb5ca:c1081, 97f5b9f0-d9ef-40b5-ba79-7414923e623f:c1079, 7d686585-d831-45bc-93fc-0a553b604b0e:c1079]
2019-07-08 23:04:53,014 INFO  client.GrpcClientProtocolClient (GrpcClientProtocolClient.java:onNext(255)) - client-CEF4D3493DC0->4ee04582-2825-4055-a051-0465d62eb5ca: receive RaftClientReply:client-CEF4D3493DC0->4ee04582-2825-4055-a051-0465d62eb5ca@group-78E0FE5F723E, cid=813, SUCCESS, logIndex=1084, commits[4ee04582-2825-4055-a051-0465d62eb5ca:c1085, 97f5b9f0-d9ef-40b5-ba79-7414923e623f:c1083, 7d686585-d831-45bc-93fc-0a553b604b0e:c1081]
2019-07-08 23:04:53,014 INFO  client.GrpcClientProtocolClient (GrpcClientProtocolClient.java:onNext(255)) - client-CEF4D3493DC0->4ee04582-2825-4055-a051-0465d62eb5ca: receive RaftClientReply:client-CEF4D3493DC0->4ee04582-2825-4055-a051-0465d62eb5ca@group-78E0FE5F723E, cid=814, SUCCESS, logIndex=1085, commits[4ee04582-2825-4055-a051-0465d62eb5ca:c1085, 97f5b9f0-d9ef-40b5-ba79-7414923e623f:c1083, 7d686585-d831-45bc-93fc-0a553b604b0e:c1083]
2019-07-08 23:04:53,016 INFO  client.GrpcClientProtocolClient (GrpcClientProtocolClient.java:onNext(255)) - client-CEF4D3493DC0->4ee04582-2825-4055-a051-0465d62eb5ca: receive RaftClientReply:client-CEF4D3493DC0->4ee04582-2825-4055-a051-0465d62eb5ca@group-78E0FE5F723E, cid=815, SUCCESS, logIndex=0, commits[4ee04582-2825-4055-a051-0465d62eb5ca:c1087, 97f5b9f0-d9ef-40b5-ba79-7414923e623f:c1085, 7d686585-d831-45bc-93fc-0a553b604b0e:c1085]
2019-07-08 23:04:53,029 INFO  client.GrpcClientProtocolClient (GrpcClientProtocolClient.java:onNext(255)) - client-CEF4D3493DC0->4ee04582-2825-4055-a051-0465d62eb5ca: receive RaftClientReply:client-CEF4D3493DC0->4ee04582-2825-4055-a051-0465d62eb5ca@group-78E0FE5F723E, cid=816, SUCCESS, logIndex=1088, commits[4ee04582-2825-4055-a051-0465d62eb5ca:c1089, 97f5b9f0-d9ef-40b5-ba79-7414923e623f:c1087, 7d686585-d831-45bc-93fc-0a553b604b0e:c1085]
2019-07-08 23:04:53,030 INFO  client.GrpcClientProtocolClient (GrpcClientProtocolClient.java:onNext(255)) - client-CEF4D3493DC0->4ee04582-2825-4055-a051-0465d62eb5ca: receive RaftClientReply:client-CEF4D3493DC0->4ee04582-2825-4055-a051-0465d62eb5ca@group-78E0FE5F723E, cid=817, SUCCESS, logIndex=1089, commits[4ee04582-2825-4055-a051-0465d62eb5ca:c1089, 97f5b9f0-d9ef-40b5-ba79-7414923e623f:c1087, 7d686585-d831-45bc-93fc-0a553b604b0e:c1085]
2019-07-08 23:04:53,034 INFO  client.GrpcClientProtocolClient (GrpcClientProtocolClient.java:onNext(255)) - client-CEF4D3493DC0->4ee04582-2825-4055-a051-0465d62eb5ca: receive RaftClientReply:client-CEF4D3493DC0->4ee04582-2825-4055-a051-0465d62eb5ca@group-78E0FE5F723E, cid=818, SUCCESS, logIndex=1090, commits[4ee04582-2825-4055-a051-0465d62eb5ca:c1092, 97f5b9f0-d9ef-40b5-ba79-7414923e623f:c1089, 7d686585-d831-45bc-93fc-0a553b604b0e:c1087]
2019-07-08 23:04:53,035 INFO  client.GrpcClientProtocolClient (GrpcClientProtocolClient.java:onNext(255)) - client-CEF4D3493DC0->4ee04582-2825-4055-a051-0465d62eb5ca: receive RaftClientReply:client-CEF4D3493DC0->4ee04582-2825-4055-a051-0465d62eb5ca@group-78E0FE5F723E, cid=819, SUCCESS, logIndex=1091, commits[4ee04582-2825-4055-a051-0465d62eb5ca:c1093, 97f5b9f0-d9ef-40b5-ba79-7414923e623f:c1089, 7d686585-d831-45bc-93fc-0a553b604b0e:c1087]
2019-07-08 23:04:53,036 INFO  client.GrpcClientProtocolClient (GrpcClientProtocolClient.java:onNext(255)) - client-CEF4D3493DC0->4ee04582-2825-4055-a051-0465d62eb5ca: receive RaftClientReply:client-CEF4D3493DC0->4ee04582-2825-4055-a051-0465d62eb5ca@group-78E0FE5F723E, cid=820, SUCCESS, logIndex=0, commits[4ee04582-2825-4055-a051-0465d62eb5ca:c1094, 97f5b9f0-d9ef-40b5-ba79-7414923e623f:c1091, 7d686585-d831-45bc-93fc-0a553b604b0e:c1089]
2019-07-08 23:04:53,049 INFO  client.GrpcClientProtocolClient (GrpcClientProtocolClient.java:onNext(255)) - client-CEF4D3493DC0->4ee04582-2825-4055-a051-0465d62eb5ca: receive RaftClientReply:client-CEF4D3493DC0->4ee04582-2825-4055-a051-0465d62eb5ca@group-78E0FE5F723E, cid=821, SUCCESS, logIndex=1096, commits[4ee04582-2825-4055-a051-0465d62eb5ca:c1097, 97f5b9f0-d9ef-40b5-ba79-7414923e623f:c1095, 7d686585-d831-45bc-93fc-0a553b604b0e:c1092]
2019-07-08 23:04:53,050 INFO  client.GrpcClientProtocolClient (GrpcClientProtocolClient.java:onNext(255)) - client-CEF4D3493DC0->4ee04582-2825-4055-a051-0465d62eb5ca: receive RaftClientReply:client-CEF4D3493DC0->4ee04582-2825-4055-a051-0465d62eb5ca@group-78E0FE5F723E, cid=822, SUCCESS, logIndex=1097, commits[4ee04582-2825-4055-a051-0465d62eb5ca:c1097, 97f5b9f0-d9ef-40b5-ba79-7414923e623f:c1095, 7d686585-d831-45bc-93fc-0a553b604b0e:c1095]
2019-07-08 23:04:53,062 INFO  client.GrpcClientProtocolClient (GrpcClientProtocolClient.java:onNext(255)) - client-CEF4D3493DC0->4ee04582-2825-4055-a051-0465d62eb5ca: receive RaftClientReply:client-CEF4D3493DC0->4ee04582-2825-4055-a051-0465d62eb5ca@group-78E0FE5F723E, cid=823, SUCCESS, logIndex=1100, commits[4ee04582-2825-4055-a051-0465d62eb5ca:c1101, 97f5b9f0-d9ef-40b5-ba79-7414923e623f:c1099, 7d686585-d831-45bc-93fc-0a553b604b0e:c1097]
2019-07-08 23:04:53,062 INFO  client.GrpcClientProtocolClient (GrpcClientProtocolClient.java:onNext(255)) - client-CEF4D3493DC0->4ee04582-2825-4055-a051-0465d62eb5ca: receive RaftClientReply:client-CEF4D3493DC0->4ee04582-2825-4055-a051-0465d62eb5ca@group-78E0FE5F723E, cid=824, SUCCESS, logIndex=1101, commits[4ee04582-2825-4055-a051-0465d62eb5ca:c1101, 97f5b9f0-d9ef-40b5-ba79-7414923e623f:c1099, 7d686585-d831-45bc-93fc-0a553b604b0e:c1099]
2019-07-08 23:04:53,065 INFO  client.GrpcClientProtocolClient (GrpcClientProtocolClient.java:onNext(255)) - client-CEF4D3493DC0->4ee04582-2825-4055-a051-0465d62eb5ca: receive RaftClientReply:client-CEF4D3493DC0->4ee04582-2825-4055-a051-0465d62eb5ca@group-78E0FE5F723E, cid=825, SUCCESS, logIndex=0, commits[4ee04582-2825-4055-a051-0465d62eb5ca:c1102, 97f5b9f0-d9ef-40b5-ba79-7414923e623f:c1101, 7d686585-d831-45bc-93fc-0a553b604b0e:c1101]
2019-07-08 23:04:53,083 INFO  client.GrpcClientProtocolClient (GrpcClientProtocolClient.java:onNext(255)) - client-CEF4D3493DC0->4ee04582-2825-4055-a051-0465d62eb5ca: receive RaftClientReply:client-CEF4D3493DC0->4ee04582-2825-4055-a051-0465d62eb5ca@group-78E0FE5F723E, cid=826, SUCCESS, logIndex=1104, commits[4ee04582-2825-4055-a051-0465d62eb5ca:c1105, 97f5b9f0-d9ef-40b5-ba79-7414923e623f:c1101, 7d686585-d831-45bc-93fc-0a553b604b0e:c1102]
2019-07-08 23:04:53,085 INFO  client.GrpcClientProtocolClient (GrpcClientProtocolClient.java:onNext(255)) - client-CEF4D3493DC0->4ee04582-2825-4055-a051-0465d62eb5ca: receive RaftClientReply:client-CEF4D3493DC0->4ee04582-2825-4055-a051-0465d62eb5ca@group-78E0FE5F723E, cid=827, SUCCESS, logIndex=1105, commits[4ee04582-2825-4055-a051-0465d62eb5ca:c1105, 97f5b9f0-d9ef-40b5-ba79-7414923e623f:c1102, 7d686585-d831-45bc-93fc-0a553b604b0e:c1102]
2019-07-08 23:04:53,086 INFO  client.GrpcClientProtocolClient (GrpcClientProtocolClient.java:onNext(255)) - client-CEF4D3493DC0->4ee04582-2825-4055-a051-0465d62eb5ca: receive RaftClientReply:client-CEF4D3493DC0->4ee04582-2825-4055-a051-0465d62eb5ca@group-78E0FE5F723E, cid=828, SUCCESS, logIndex=1106, commits[4ee04582-2825-4055-a051-0465d62eb5ca:c1108, 97f5b9f0-d9ef-40b5-ba79-7414923e623f:c1104, 7d686585-d831-45bc-93fc-0a553b604b0e:c1102]
2019-07-08 23:04:53,086 INFO  client.GrpcClientProtocolClient (GrpcClientProtocolClient.java:onNext(255)) - client-CEF4D3493DC0->4ee04582-2825-4055-a051-0465d62eb5ca: receive RaftClientReply:client-CEF4D3493DC0->4ee04582-2825-4055-a051-0465d62eb5ca@group-78E0FE5F723E, cid=829, SUCCESS, logIndex=1107, commits[4ee04582-2825-4055-a051-0465d62eb5ca:c1109, 97f5b9f0-d9ef-40b5-ba79-7414923e623f:c1105, 7d686585-d831-45bc-93fc-0a553b604b0e:c1104]
2019-07-08 23:04:53,087 INFO  client.GrpcClientProtocolClient (GrpcClientProtocolClient.java:onNext(255)) - client-CEF4D3493DC0->4ee04582-2825-4055-a051-0465d62eb5ca: receive RaftClientReply:client-CEF4D3493DC0->4ee04582-2825-4055-a051-0465d62eb5ca@group-78E0FE5F723E, cid=830, SUCCESS, logIndex=0, commits[4ee04582-2825-4055-a051-0465d62eb5ca:c1110, 97f5b9f0-d9ef-40b5-ba79-7414923e623f:c1106, 7d686585-d831-45bc-93fc-0a553b604b0e:c1105]
2019-07-08 23:04:53,107 INFO  client.GrpcClientProtocolClient (GrpcClientProtocolClient.java:onNext(255)) - client-CEF4D3493DC0->4ee04582-2825-4055-a051-0465d62eb5ca: receive RaftClientReply:client-CEF4D3493DC0->4ee04582-2825-4055-a051-0465d62eb5ca@group-78E0FE5F723E, cid=831, SUCCESS, logIndex=1112, commits[4ee04582-2825-4055-a051-0465d62eb5ca:c1113, 97f5b9f0-d9ef-40b5-ba79-7414923e623f:c1111, 7d686585-d831-45bc-93fc-0a553b604b0e:c1111]
2019-07-08 23:04:53,107 INFO  client.GrpcClientProtocolClient (GrpcClientProtocolClient.java:onNext(255)) - client-CEF4D3493DC0->4ee04582-2825-4055-a051-0465d62eb5ca: receive RaftClientReply:client-CEF4D3493DC0->4ee04582-2825-4055-a051-0465d62eb5ca@group-78E0FE5F723E, cid=832, SUCCESS, logIndex=1113, commits[4ee04582-2825-4055-a051-0465d62eb5ca:c1113, 97f5b9f0-d9ef-40b5-ba79-7414923e623f:c1111, 7d686585-d831-45bc-93fc-0a553b604b0e:c1111]
2019-07-08 23:04:53,229 INFO  client.GrpcClientProtocolClient (GrpcClientProtocolClient.java:onNext(255)) - client-CEF4D3493DC0->4ee04582-2825-4055-a051-0465d62eb5ca: receive RaftClientReply:client-CEF4D3493DC0->4ee04582-2825-4055-a051-0465d62eb5ca@group-78E0FE5F723E, cid=833, SUCCESS, logIndex=1116, commits[4ee04582-2825-4055-a051-0465d62eb5ca:c1117, 97f5b9f0-d9ef-40b5-ba79-7414923e623f:c1115, 7d686585-d831-45bc-93fc-0a553b604b0e:c1113]
2019-07-08 23:04:53,230 INFO  client.GrpcClientProtocolClient (GrpcClientProtocolClient.java:onNext(255)) - client-CEF4D3493DC0->4ee04582-2825-4055-a051-0465d62eb5ca: receive RaftClientReply:client-CEF4D3493DC0->4ee04582-2825-4055-a051-0465d62eb5ca@group-78E0FE5F723E, cid=834, SUCCESS, logIndex=1117, commits[4ee04582-2825-4055-a051-0465d62eb5ca:c1117, 97f5b9f0-d9ef-40b5-ba79-7414923e623f:c1115, 7d686585-d831-45bc-93fc-0a553b604b0e:c1115]
2019-07-08 23:04:53,234 INFO  client.GrpcClientProtocolClient (GrpcClientProtocolClient.java:onNext(255)) - client-CEF4D3493DC0->4ee04582-2825-4055-a051-0465d62eb5ca: receive RaftClientReply:client-CEF4D3493DC0->4ee04582-2825-4055-a051-0465d62eb5ca@group-78E0FE5F723E, cid=835, SUCCESS, logIndex=0, commits[4ee04582-2825-4055-a051-0465d62eb5ca:c1118, 97f5b9f0-d9ef-40b5-ba79-7414923e623f:c1117, 7d686585-d831-45bc-93fc-0a553b604b0e:c1117]
2019-07-08 23:04:53,248 INFO  client.GrpcClientProtocolClient (GrpcClientProtocolClient.java:onNext(255)) - client-CEF4D3493DC0->4ee04582-2825-4055-a051-0465d62eb5ca: receive RaftClientReply:client-CEF4D3493DC0->4ee04582-2825-4055-a051-0465d62eb5ca@group-78E0FE5F723E, cid=836, SUCCESS, logIndex=1120, commits[4ee04582-2825-4055-a051-0465d62eb5ca:c1121, 97f5b9f0-d9ef-40b5-ba79-7414923e623f:c1119, 7d686585-d831-45bc-93fc-0a553b604b0e:c1119]
2019-07-08 23:04:53,249 INFO  client.GrpcClientProtocolClient (GrpcClientProtocolClient.java:onNext(255)) - client-CEF4D3493DC0->4ee04582-2825-4055-a051-0465d62eb5ca: receive RaftClientReply:client-CEF4D3493DC0->4ee04582-2825-4055-a051-0465d62eb5ca@group-78E0FE5F723E, cid=837, SUCCESS, logIndex=1121, commits[4ee04582-2825-4055-a051-0465d62eb5ca:c1121, 97f5b9f0-d9ef-40b5-ba79-7414923e623f:c1119, 7d686585-d831-45bc-93fc-0a553b604b0e:c1119]
2019-07-08 23:04:53,250 INFO  client.GrpcClientProtocolClient (GrpcClientProtocolClient.java:onNext(255)) - client-CEF4D3493DC0->4ee04582-2825-4055-a051-0465d62eb5ca: receive RaftClientReply:client-CEF4D3493DC0->4ee04582-2825-4055-a051-0465d62eb5ca@group-78E0FE5F723E, cid=838, SUCCESS, logIndex=1122, commits[4ee04582-2825-4055-a051-0465d62eb5ca:c1123, 97f5b9f0-d9ef-40b5-ba79-7414923e623f:c1120, 7d686585-d831-45bc-93fc-0a553b604b0e:c1119]
2019-07-08 23:04:53,251 INFO  client.GrpcClientProtocolClient (GrpcClientProtocolClient.java:onNext(255)) - client-CEF4D3493DC0->4ee04582-2825-4055-a051-0465d62eb5ca: receive RaftClientReply:client-CEF4D3493DC0->4ee04582-2825-4055-a051-0465d62eb5ca@group-78E0FE5F723E, cid=839, SUCCESS, logIndex=1123, commits[4ee04582-2825-4055-a051-0465d62eb5ca:c1125, 97f5b9f0-d9ef-40b5-ba79-7414923e623f:c1121, 7d686585-d831-45bc-93fc-0a553b604b0e:c1119]
2019-07-08 23:04:53,253 INFO  client.GrpcClientProtocolClient (GrpcClientProtocolClient.java:onNext(255)) - client-CEF4D3493DC0->4ee04582-2825-4055-a051-0465d62eb5ca: receive RaftClientReply:client-CEF4D3493DC0->4ee04582-2825-4055-a051-0465d62eb5ca@group-78E0FE5F723E, cid=840, SUCCESS, logIndex=0, commits[4ee04582-2825-4055-a051-0465d62eb5ca:c1125, 97f5b9f0-d9ef-40b5-ba79-7414923e623f:c1121, 7d686585-d831-45bc-93fc-0a553b604b0e:c1121]
2019-07-08 23:04:53,267 INFO  client.GrpcClientProtocolClient (GrpcClientProtocolClient.java:onNext(255)) - client-CEF4D3493DC0->4ee04582-2825-4055-a051-0465d62eb5ca: receive RaftClientReply:client-CEF4D3493DC0->4ee04582-2825-4055-a051-0465d62eb5ca@group-78E0FE5F723E, cid=841, SUCCESS, logIndex=1128, commits[4ee04582-2825-4055-a051-0465d62eb5ca:c1129, 97f5b9f0-d9ef-40b5-ba79-7414923e623f:c1127, 7d686585-d831-45bc-93fc-0a553b604b0e:c1123]
2019-07-08 23:04:53,267 INFO  client.GrpcClientProtocolClient (GrpcClientProtocolClient.java:onNext(255)) - client-CEF4D3493DC0->4ee04582-2825-4055-a051-0465d62eb5ca: receive RaftClientReply:client-CEF4D3493DC0->4ee04582-2825-4055-a051-0465d62eb5ca@group-78E0FE5F723E, cid=842, SUCCESS, logIndex=1129, commits[4ee04582-2825-4055-a051-0465d62eb5ca:c1129, 97f5b9f0-d9ef-40b5-ba79-7414923e623f:c1127, 7d686585-d831-45bc-93fc-0a553b604b0e:c1127]
2019-07-08 23:04:53,280 INFO  client.GrpcClientProtocolClient (GrpcClientProtocolClient.java:onNext(255)) - client-CEF4D3493DC0->4ee04582-2825-4055-a051-0465d62eb5ca: receive RaftClientReply:client-CEF4D3493DC0->4ee04582-2825-4055-a051-0465d62eb5ca@group-78E0FE5F723E, cid=843, SUCCESS, logIndex=1132, commits[4ee04582-2825-4055-a051-0465d62eb5ca:c1133, 97f5b9f0-d9ef-40b5-ba79-7414923e623f:c1131, 7d686585-d831-45bc-93fc-0a553b604b0e:c1129]
2019-07-08 23:04:53,281 INFO  client.GrpcClientProtocolClient (GrpcClientProtocolClient.java:onNext(255)) - client-CEF4D3493DC0->4ee04582-2825-4055-a051-0465d62eb5ca: receive RaftClientReply:client-CEF4D3493DC0->4ee04582-2825-4055-a051-0465d62eb5ca@group-78E0FE5F723E, cid=844, SUCCESS, logIndex=1133, commits[4ee04582-2825-4055-a051-0465d62eb5ca:c1133, 97f5b9f0-d9ef-40b5-ba79-7414923e623f:c1131, 7d686585-d831-45bc-93fc-0a553b604b0e:c1131]
2019-07-08 23:04:53,283 INFO  client.GrpcClientProtocolClient (GrpcClientProtocolClient.java:onNext(255)) - client-CEF4D3493DC0->4ee04582-2825-4055-a051-0465d62eb5ca: receive RaftClientReply:client-CEF4D3493DC0->4ee04582-2825-4055-a051-0465d62eb5ca@group-78E0FE5F723E, cid=845, SUCCESS, logIndex=0, commits[4ee04582-2825-4055-a051-0465d62eb5ca:c1134, 97f5b9f0-d9ef-40b5-ba79-7414923e623f:c1133, 7d686585-d831-45bc-93fc-0a553b604b0e:c1133]
2019-07-08 23:04:53,299 INFO  client.GrpcClientProtocolClient (GrpcClientProtocolClient.java:onNext(255)) - client-CEF4D3493DC0->4ee04582-2825-4055-a051-0465d62eb5ca: receive RaftClientReply:client-CEF4D3493DC0->4ee04582-2825-4055-a051-0465d62eb5ca@group-78E0FE5F723E, cid=846, SUCCESS, logIndex=1136, commits[4ee04582-2825-4055-a051-0465d62eb5ca:c1137, 97f5b9f0-d9ef-40b5-ba79-7414923e623f:c1135, 7d686585-d831-45bc-93fc-0a553b604b0e:c1135]
2019-07-08 23:04:53,300 INFO  client.GrpcClientProtocolClient (GrpcClientProtocolClient.java:onNext(255)) - client-CEF4D3493DC0->4ee04582-2825-4055-a051-0465d62eb5ca: receive RaftClientReply:client-CEF4D3493DC0->4ee04582-2825-4055-a051-0465d62eb5ca@group-78E0FE5F723E, cid=847, SUCCESS, logIndex=1137, commits[4ee04582-2825-4055-a051-0465d62eb5ca:c1137, 97f5b9f0-d9ef-40b5-ba79-7414923e623f:c1135, 7d686585-d831-45bc-93fc-0a553b604b0e:c1135]
2019-07-08 23:04:53,300 INFO  client.GrpcClientProtocolClient (GrpcClientProtocolClient.java:onNext(255)) - client-CEF4D3493DC0->4ee04582-2825-4055-a051-0465d62eb5ca: receive RaftClientReply:client-CEF4D3493DC0->4ee04582-2825-4055-a051-0465d62eb5ca@group-78E0FE5F723E, cid=848, SUCCESS, logIndex=1138, commits[4ee04582-2825-4055-a051-0465d62eb5ca:c1139, 97f5b9f0-d9ef-40b5-ba79-7414923e623f:c1135, 7d686585-d831-45bc-93fc-0a553b604b0e:c1135]
2019-07-08 23:04:53,301 INFO  client.GrpcClientProtocolClient (GrpcClientProtocolClient.java:onNext(255)) - client-CEF4D3493DC0->4ee04582-2825-4055-a051-0465d62eb5ca: receive RaftClientReply:client-CEF4D3493DC0->4ee04582-2825-4055-a051-0465d62eb5ca@group-78E0FE5F723E, cid=849, SUCCESS, logIndex=1139, commits[4ee04582-2825-4055-a051-0465d62eb5ca:c1139, 97f5b9f0-d9ef-40b5-ba79-7414923e623f:c1135, 7d686585-d831-45bc-93fc-0a553b604b0e:c1135]
2019-07-08 23:04:53,303 INFO  client.GrpcClientProtocolClient (GrpcClientProtocolClient.java:onNext(255)) - client-CEF4D3493DC0->4ee04582-2825-4055-a051-0465d62eb5ca: receive RaftClientReply:client-CEF4D3493DC0->4ee04582-2825-4055-a051-0465d62eb5ca@group-78E0FE5F723E, cid=850, SUCCESS, logIndex=0, commits[4ee04582-2825-4055-a051-0465d62eb5ca:c1140, 97f5b9f0-d9ef-40b5-ba79-7414923e623f:c1137, 7d686585-d831-45bc-93fc-0a553b604b0e:c1137]
2019-07-08 23:04:53,316 INFO  client.GrpcClientProtocolClient (GrpcClientProtocolClient.java:onNext(255)) - client-CEF4D3493DC0->4ee04582-2825-4055-a051-0465d62eb5ca: receive RaftClientReply:client-CEF4D3493DC0->4ee04582-2825-4055-a051-0465d62eb5ca@group-78E0FE5F723E, cid=851, SUCCESS, logIndex=1144, commits[4ee04582-2825-4055-a051-0465d62eb5ca:c1145, 97f5b9f0-d9ef-40b5-ba79-7414923e623f:c1143, 7d686585-d831-45bc-93fc-0a553b604b0e:c1139]
2019-07-08 23:04:53,317 INFO  client.GrpcClientProtocolClient (GrpcClientProtocolClient.java:onNext(255)) - client-CEF4D3493DC0->4ee04582-2825-4055-a051-0465d62eb5ca: receive RaftClientReply:client-CEF4D3493DC0->4ee04582-2825-4055-a051-0465d62eb5ca@group-78E0FE5F723E, cid=852, SUCCESS, logIndex=1145, commits[4ee04582-2825-4055-a051-0465d62eb5ca:c1145, 97f5b9f0-d9ef-40b5-ba79-7414923e623f:c1143, 7d686585-d831-45bc-93fc-0a553b604b0e:c1143]
2019-07-08 23:04:53,340 INFO  client.GrpcClientProtocolClient (GrpcClientProtocolClient.java:onNext(255)) - client-CEF4D3493DC0->4ee04582-2825-4055-a051-0465d62eb5ca: receive RaftClientReply:client-CEF4D3493DC0->4ee04582-2825-4055-a051-0465d62eb5ca@group-78E0FE5F723E, cid=853, SUCCESS, logIndex=1148, commits[4ee04582-2825-4055-a051-0465d62eb5ca:c1149, 97f5b9f0-d9ef-40b5-ba79-7414923e623f:c1147, 7d686585-d831-45bc-93fc-0a553b604b0e:c1147]
2019-07-08 23:04:53,340 INFO  client.GrpcClientProtocolClient (GrpcClientProtocolClient.java:onNext(255)) - client-CEF4D3493DC0->4ee04582-2825-4055-a051-0465d62eb5ca: receive RaftClientReply:client-CEF4D3493DC0->4ee04582-2825-4055-a051-0465d62eb5ca@group-78E0FE5F723E, cid=854, SUCCESS, logIndex=1149, commits[4ee04582-2825-4055-a051-0465d62eb5ca:c1149, 97f5b9f0-d9ef-40b5-ba79-7414923e623f:c1147, 7d686585-d831-45bc-93fc-0a553b604b0e:c1147]
2019-07-08 23:04:53,343 INFO  client.GrpcClientProtocolClient (GrpcClientProtocolClient.java:onNext(255)) - client-CEF4D3493DC0->4ee04582-2825-4055-a051-0465d62eb5ca: receive RaftClientReply:client-CEF4D3493DC0->4ee04582-2825-4055-a051-0465d62eb5ca@group-78E0FE5F723E, cid=855, SUCCESS, logIndex=0, commits[4ee04582-2825-4055-a051-0465d62eb5ca:c1150, 97f5b9f0-d9ef-40b5-ba79-7414923e623f:c1149, 7d686585-d831-45bc-93fc-0a553b604b0e:c1149]
2019-07-08 23:04:53,362 INFO  client.GrpcClientProtocolClient (GrpcClientProtocolClient.java:onNext(255)) - client-CEF4D3493DC0->4ee04582-2825-4055-a051-0465d62eb5ca: receive RaftClientReply:client-CEF4D3493DC0->4ee04582-2825-4055-a051-0465d62eb5ca@group-78E0FE5F723E, cid=856, SUCCESS, logIndex=1152, commits[4ee04582-2825-4055-a051-0465d62eb5ca:c1153, 97f5b9f0-d9ef-40b5-ba79-7414923e623f:c1151, 7d686585-d831-45bc-93fc-0a553b604b0e:c1149]
2019-07-08 23:04:53,363 INFO  client.GrpcClientProtocolClient (GrpcClientProtocolClient.java:onNext(255)) - client-CEF4D3493DC0->4ee04582-2825-4055-a051-0465d62eb5ca: receive RaftClientReply:client-CEF4D3493DC0->4ee04582-2825-4055-a051-0465d62eb5ca@group-78E0FE5F723E, cid=857, SUCCESS, logIndex=1153, commits[4ee04582-2825-4055-a051-0465d62eb5ca:c1153, 97f5b9f0-d9ef-40b5-ba79-7414923e623f:c1151, 7d686585-d831-45bc-93fc-0a553b604b0e:c1151]
2019-07-08 23:04:53,363 INFO  client.GrpcClientProtocolClient (GrpcClientProtocolClient.java:onNext(255)) - client-CEF4D3493DC0->4ee04582-2825-4055-a051-0465d62eb5ca: receive RaftClientReply:client-CEF4D3493DC0->4ee04582-2825-4055-a051-0465d62eb5ca@group-78E0FE5F723E, cid=858, SUCCESS, logIndex=1154, commits[4ee04582-2825-4055-a051-0465d62eb5ca:c1155, 97f5b9f0-d9ef-40b5-ba79-7414923e623f:c1151, 7d686585-d831-45bc-93fc-0a553b604b0e:c1151]
2019-07-08 23:04:53,363 INFO  client.GrpcClientProtocolClient (GrpcClientProtocolClient.java:onNext(255)) - client-CEF4D3493DC0->4ee04582-2825-4055-a051-0465d62eb5ca: receive RaftClientReply:client-CEF4D3493DC0->4ee04582-2825-4055-a051-0465d62eb5ca@group-78E0FE5F723E, cid=859, SUCCESS, logIndex=1155, commits[4ee04582-2825-4055-a051-0465d62eb5ca:c1155, 97f5b9f0-d9ef-40b5-ba79-7414923e623f:c1151, 7d686585-d831-45bc-93fc-0a553b604b0e:c1151]
2019-07-08 23:04:53,366 INFO  client.GrpcClientProtocolClient (GrpcClientProtocolClient.java:onNext(255)) - client-CEF4D3493DC0->4ee04582-2825-4055-a051-0465d62eb5ca: receive RaftClientReply:client-CEF4D3493DC0->4ee04582-2825-4055-a051-0465d62eb5ca@group-78E0FE5F723E, cid=860, SUCCESS, logIndex=0, commits[4ee04582-2825-4055-a051-0465d62eb5ca:c1157, 97f5b9f0-d9ef-40b5-ba79-7414923e623f:c1153, 7d686585-d831-45bc-93fc-0a553b604b0e:c1153]
2019-07-08 23:04:53,378 INFO  client.GrpcClientProtocolClient (GrpcClientProtocolClient.java:onNext(255)) - client-CEF4D3493DC0->4ee04582-2825-4055-a051-0465d62eb5ca: receive RaftClientReply:client-CEF4D3493DC0->4ee04582-2825-4055-a051-0465d62eb5ca@group-78E0FE5F723E, cid=861, SUCCESS, logIndex=1160, commits[4ee04582-2825-4055-a051-0465d62eb5ca:c1161, 97f5b9f0-d9ef-40b5-ba79-7414923e623f:c1159, 7d686585-d831-45bc-93fc-0a553b604b0e:c1155]
2019-07-08 23:04:53,378 INFO  client.GrpcClientProtocolClient (GrpcClientProtocolClient.java:onNext(255)) - client-CEF4D3493DC0->4ee04582-2825-4055-a051-0465d62eb5ca: receive RaftClientReply:client-CEF4D3493DC0->4ee04582-2825-4055-a051-0465d62eb5ca@group-78E0FE5F723E, cid=862, SUCCESS, logIndex=1161, commits[4ee04582-2825-4055-a051-0465d62eb5ca:c1161, 97f5b9f0-d9ef-40b5-ba79-7414923e623f:c1159, 7d686585-d831-45bc-93fc-0a553b604b0e:c1159]
2019-07-08 23:04:53,392 INFO  client.GrpcClientProtocolClient (GrpcClientProtocolClient.java:onNext(255)) - client-CEF4D3493DC0->4ee04582-2825-4055-a051-0465d62eb5ca: receive RaftClientReply:client-CEF4D3493DC0->4ee04582-2825-4055-a051-0465d62eb5ca@group-78E0FE5F723E, cid=863, SUCCESS, logIndex=1164, commits[4ee04582-2825-4055-a051-0465d62eb5ca:c1165, 97f5b9f0-d9ef-40b5-ba79-7414923e623f:c1163, 7d686585-d831-45bc-93fc-0a553b604b0e:c1163]
2019-07-08 23:04:53,392 INFO  client.GrpcClientProtocolClient (GrpcClientProtocolClient.java:onNext(255)) - client-CEF4D3493DC0->4ee04582-2825-4055-a051-0465d62eb5ca: receive RaftClientReply:client-CEF4D3493DC0->4ee04582-2825-4055-a051-0465d62eb5ca@group-78E0FE5F723E, cid=864, SUCCESS, logIndex=1165, commits[4ee04582-2825-4055-a051-0465d62eb5ca:c1165, 97f5b9f0-d9ef-40b5-ba79-7414923e623f:c1163, 7d686585-d831-45bc-93fc-0a553b604b0e:c1163]
2019-07-08 23:04:53,396 INFO  client.GrpcClientProtocolClient (GrpcClientProtocolClient.java:onNext(255)) - client-CEF4D3493DC0->4ee04582-2825-4055-a051-0465d62eb5ca: receive RaftClientReply:client-CEF4D3493DC0->4ee04582-2825-4055-a051-0465d62eb5ca@group-78E0FE5F723E, cid=865, SUCCESS, logIndex=0, commits[4ee04582-2825-4055-a051-0465d62eb5ca:c1166, 97f5b9f0-d9ef-40b5-ba79-7414923e623f:c1165, 7d686585-d831-45bc-93fc-0a553b604b0e:c1165]
2019-07-08 23:04:53,417 INFO  client.GrpcClientProtocolClient (GrpcClientProtocolClient.java:onNext(255)) - client-CEF4D3493DC0->4ee04582-2825-4055-a051-0465d62eb5ca: receive RaftClientReply:client-CEF4D3493DC0->4ee04582-2825-4055-a051-0465d62eb5ca@group-78E0FE5F723E, cid=866, SUCCESS, logIndex=1168, commits[4ee04582-2825-4055-a051-0465d62eb5ca:c1169, 97f5b9f0-d9ef-40b5-ba79-7414923e623f:c1167, 7d686585-d831-45bc-93fc-0a553b604b0e:c1167]
2019-07-08 23:04:53,418 INFO  client.GrpcClientProtocolClient (GrpcClientProtocolClient.java:onNext(255)) - client-CEF4D3493DC0->4ee04582-2825-4055-a051-0465d62eb5ca: receive RaftClientReply:client-CEF4D3493DC0->4ee04582-2825-4055-a051-0465d62eb5ca@group-78E0FE5F723E, cid=867, SUCCESS, logIndex=1169, commits[4ee04582-2825-4055-a051-0465d62eb5ca:c1169, 97f5b9f0-d9ef-40b5-ba79-7414923e623f:c1167, 7d686585-d831-45bc-93fc-0a553b604b0e:c1167]
2019-07-08 23:04:53,419 INFO  client.GrpcClientProtocolClient (GrpcClientProtocolClient.java:onNext(255)) - client-CEF4D3493DC0->4ee04582-2825-4055-a051-0465d62eb5ca: receive RaftClientReply:client-CEF4D3493DC0->4ee04582-2825-4055-a051-0465d62eb5ca@group-78E0FE5F723E, cid=868, SUCCESS, logIndex=1170, commits[4ee04582-2825-4055-a051-0465d62eb5ca:c1171, 97f5b9f0-d9ef-40b5-ba79-7414923e623f:c1167, 7d686585-d831-45bc-93fc-0a553b604b0e:c1167]
2019-07-08 23:04:53,419 INFO  client.GrpcClientProtocolClient (GrpcClientProtocolClient.java:onNext(255)) - client-CEF4D3493DC0->4ee04582-2825-4055-a051-0465d62eb5ca: receive RaftClientReply:client-CEF4D3493DC0->4ee04582-2825-4055-a051-0465d62eb5ca@group-78E0FE5F723E, cid=869, SUCCESS, logIndex=1171, commits[4ee04582-2825-4055-a051-0465d62eb5ca:c1171, 97f5b9f0-d9ef-40b5-ba79-7414923e623f:c1167, 7d686585-d831-45bc-93fc-0a553b604b0e:c1167]
2019-07-08 23:04:53,422 INFO  client.GrpcClientProtocolClient (GrpcClientProtocolClient.java:onNext(255)) - client-CEF4D3493DC0->4ee04582-2825-4055-a051-0465d62eb5ca: receive RaftClientReply:client-CEF4D3493DC0->4ee04582-2825-4055-a051-0465d62eb5ca@group-78E0FE5F723E, cid=870, SUCCESS, logIndex=0, commits[4ee04582-2825-4055-a051-0465d62eb5ca:c1173, 97f5b9f0-d9ef-40b5-ba79-7414923e623f:c1169, 7d686585-d831-45bc-93fc-0a553b604b0e:c1169]
2019-07-08 23:04:53,435 INFO  client.GrpcClientProtocolClient (GrpcClientProtocolClient.java:onNext(255)) - client-CEF4D3493DC0->4ee04582-2825-4055-a051-0465d62eb5ca: receive RaftClientReply:client-CEF4D3493DC0->4ee04582-2825-4055-a051-0465d62eb5ca@group-78E0FE5F723E, cid=871, SUCCESS, logIndex=1176, commits[4ee04582-2825-4055-a051-0465d62eb5ca:c1177, 97f5b9f0-d9ef-40b5-ba79-7414923e623f:c1175, 7d686585-d831-45bc-93fc-0a553b604b0e:c1171]
2019-07-08 23:04:53,435 INFO  client.GrpcClientProtocolClient (GrpcClientProtocolClient.java:onNext(255)) - client-CEF4D3493DC0->4ee04582-2825-4055-a051-0465d62eb5ca: receive RaftClientReply:client-CEF4D3493DC0->4ee04582-2825-4055-a051-0465d62eb5ca@group-78E0FE5F723E, cid=872, SUCCESS, logIndex=1177, commits[4ee04582-2825-4055-a051-0465d62eb5ca:c1177, 97f5b9f0-d9ef-40b5-ba79-7414923e623f:c1175, 7d686585-d831-45bc-93fc-0a553b604b0e:c1175]
2019-07-08 23:04:53,448 INFO  client.GrpcClientProtocolClient (GrpcClientProtocolClient.java:onNext(255)) - client-CEF4D3493DC0->4ee04582-2825-4055-a051-0465d62eb5ca: receive RaftClientReply:client-CEF4D3493DC0->4ee04582-2825-4055-a051-0465d62eb5ca@group-78E0FE5F723E, cid=873, SUCCESS, logIndex=1180, commits[4ee04582-2825-4055-a051-0465d62eb5ca:c1181, 97f5b9f0-d9ef-40b5-ba79-7414923e623f:c1179, 7d686585-d831-45bc-93fc-0a553b604b0e:c1177]
2019-07-08 23:04:53,448 INFO  client.GrpcClientProtocolClient (GrpcClientProtocolClient.java:onNext(255)) - client-CEF4D3493DC0->4ee04582-2825-4055-a051-0465d62eb5ca: receive RaftClientReply:client-CEF4D3493DC0->4ee04582-2825-4055-a051-0465d62eb5ca@group-78E0FE5F723E, cid=874, SUCCESS, logIndex=1181, commits[4ee04582-2825-4055-a051-0465d62eb5ca:c1181, 97f5b9f0-d9ef-40b5-ba79-7414923e623f:c1179, 7d686585-d831-45bc-93fc-0a553b604b0e:c1179]
2019-07-08 23:04:53,456 INFO  client.GrpcClientProtocolClient (GrpcClientProtocolClient.java:onNext(255)) - client-CEF4D3493DC0->4ee04582-2825-4055-a051-0465d62eb5ca: receive RaftClientReply:client-CEF4D3493DC0->4ee04582-2825-4055-a051-0465d62eb5ca@group-78E0FE5F723E, cid=875, SUCCESS, logIndex=0, commits[4ee04582-2825-4055-a051-0465d62eb5ca:c1183, 97f5b9f0-d9ef-40b5-ba79-7414923e623f:c1181, 7d686585-d831-45bc-93fc-0a553b604b0e:c1181]
2019-07-08 23:04:53,469 INFO  client.GrpcClientProtocolClient (GrpcClientProtocolClient.java:onNext(255)) - client-CEF4D3493DC0->4ee04582-2825-4055-a051-0465d62eb5ca: receive RaftClientReply:client-CEF4D3493DC0->4ee04582-2825-4055-a051-0465d62eb5ca@group-78E0FE5F723E, cid=876, SUCCESS, logIndex=1184, commits[4ee04582-2825-4055-a051-0465d62eb5ca:c1185, 97f5b9f0-d9ef-40b5-ba79-7414923e623f:c1183, 7d686585-d831-45bc-93fc-0a553b604b0e:c1181]
2019-07-08 23:04:53,470 INFO  client.GrpcClientProtocolClient (GrpcClientProtocolClient.java:onNext(255)) - client-CEF4D3493DC0->4ee04582-2825-4055-a051-0465d62eb5ca: receive RaftClientReply:client-CEF4D3493DC0->4ee04582-2825-4055-a051-0465d62eb5ca@group-78E0FE5F723E, cid=877, SUCCESS, logIndex=1185, commits[4ee04582-2825-4055-a051-0465d62eb5ca:c1185, 97f5b9f0-d9ef-40b5-ba79-7414923e623f:c1183, 7d686585-d831-45bc-93fc-0a553b604b0e:c1181]
2019-07-08 23:04:53,474 INFO  client.GrpcClientProtocolClient (GrpcClientProtocolClient.java:onNext(255)) - client-CEF4D3493DC0->4ee04582-2825-4055-a051-0465d62eb5ca: receive RaftClientReply:client-CEF4D3493DC0->4ee04582-2825-4055-a051-0465d62eb5ca@group-78E0FE5F723E, cid=878, SUCCESS, logIndex=1186, commits[4ee04582-2825-4055-a051-0465d62eb5ca:c1187, 97f5b9f0-d9ef-40b5-ba79-7414923e623f:c1184, 7d686585-d831-45bc-93fc-0a553b604b0e:c1183]
2019-07-08 23:04:53,474 INFO  client.GrpcClientProtocolClient (GrpcClientProtocolClient.java:onNext(255)) - client-CEF4D3493DC0->4ee04582-2825-4055-a051-0465d62eb5ca: receive RaftClientReply:client-CEF4D3493DC0->4ee04582-2825-4055-a051-0465d62eb5ca@group-78E0FE5F723E, cid=879, SUCCESS, logIndex=1187, commits[4ee04582-2825-4055-a051-0465d62eb5ca:c1189, 97f5b9f0-d9ef-40b5-ba79-7414923e623f:c1185, 7d686585-d831-45bc-93fc-0a553b604b0e:c1183]
2019-07-08 23:04:53,476 INFO  client.GrpcClientProtocolClient (GrpcClientProtocolClient.java:onNext(255)) - client-CEF4D3493DC0->4ee04582-2825-4055-a051-0465d62eb5ca: receive RaftClientReply:client-CEF4D3493DC0->4ee04582-2825-4055-a051-0465d62eb5ca@group-78E0FE5F723E, cid=880, SUCCESS, logIndex=0, commits[4ee04582-2825-4055-a051-0465d62eb5ca:c1190, 97f5b9f0-d9ef-40b5-ba79-7414923e623f:c1186, 7d686585-d831-45bc-93fc-0a553b604b0e:c1185]
2019-07-08 23:04:53,493 INFO  client.GrpcClientProtocolClient (GrpcClientProtocolClient.java:onNext(255)) - client-CEF4D3493DC0->4ee04582-2825-4055-a051-0465d62eb5ca: receive RaftClientReply:client-CEF4D3493DC0->4ee04582-2825-4055-a051-0465d62eb5ca@group-78E0FE5F723E, cid=881, SUCCESS, logIndex=1192, commits[4ee04582-2825-4055-a051-0465d62eb5ca:c1193, 97f5b9f0-d9ef-40b5-ba79-7414923e623f:c1191, 7d686585-d831-45bc-93fc-0a553b604b0e:c1191]
2019-07-08 23:04:53,494 INFO  client.GrpcClientProtocolClient (GrpcClientProtocolClient.java:onNext(255)) - client-CEF4D3493DC0->4ee04582-2825-4055-a051-0465d62eb5ca: receive RaftClientReply:client-CEF4D3493DC0->4ee04582-2825-4055-a051-0465d62eb5ca@group-78E0FE5F723E, cid=882, SUCCESS, logIndex=1193, commits[4ee04582-2825-4055-a051-0465d62eb5ca:c1193, 97f5b9f0-d9ef-40b5-ba79-7414923e623f:c1191, 7d686585-d831-45bc-93fc-0a553b604b0e:c1191]
2019-07-08 23:04:53,513 INFO  client.GrpcClientProtocolClient (GrpcClientProtocolClient.java:onNext(255)) - client-CEF4D3493DC0->4ee04582-2825-4055-a051-0465d62eb5ca: receive RaftClientReply:client-CEF4D3493DC0->4ee04582-2825-4055-a051-0465d62eb5ca@group-78E0FE5F723E, cid=883, SUCCESS, logIndex=1196, commits[4ee04582-2825-4055-a051-0465d62eb5ca:c1197, 97f5b9f0-d9ef-40b5-ba79-7414923e623f:c1195, 7d686585-d831-45bc-93fc-0a553b604b0e:c1195]
2019-07-08 23:04:53,513 INFO  client.GrpcClientProtocolClient (GrpcClientProtocolClient.java:onNext(255)) - client-CEF4D3493DC0->4ee04582-2825-4055-a051-0465d62eb5ca: receive RaftClientReply:client-CEF4D3493DC0->4ee04582-2825-4055-a051-0465d62eb5ca@group-78E0FE5F723E, cid=884, SUCCESS, logIndex=1197, commits[4ee04582-2825-4055-a051-0465d62eb5ca:c1197, 97f5b9f0-d9ef-40b5-ba79-7414923e623f:c1195, 7d686585-d831-45bc-93fc-0a553b604b0e:c1195]
2019-07-08 23:04:53,517 INFO  client.GrpcClientProtocolClient (GrpcClientProtocolClient.java:onNext(255)) - client-CEF4D3493DC0->4ee04582-2825-4055-a051-0465d62eb5ca: receive RaftClientReply:client-CEF4D3493DC0->4ee04582-2825-4055-a051-0465d62eb5ca@group-78E0FE5F723E, cid=885, SUCCESS, logIndex=0, commits[4ee04582-2825-4055-a051-0465d62eb5ca:c1198, 97f5b9f0-d9ef-40b5-ba79-7414923e623f:c1197, 7d686585-d831-45bc-93fc-0a553b604b0e:c1197]
2019-07-08 23:04:53,532 INFO  client.GrpcClientProtocolClient (GrpcClientProtocolClient.java:onNext(255)) - client-CEF4D3493DC0->4ee04582-2825-4055-a051-0465d62eb5ca: receive RaftClientReply:client-CEF4D3493DC0->4ee04582-2825-4055-a051-0465d62eb5ca@group-78E0FE5F723E, cid=886, SUCCESS, logIndex=1200, commits[4ee04582-2825-4055-a051-0465d62eb5ca:c1201, 97f5b9f0-d9ef-40b5-ba79-7414923e623f:c1199, 7d686585-d831-45bc-93fc-0a553b604b0e:c1197]
2019-07-08 23:04:53,532 INFO  client.GrpcClientProtocolClient (GrpcClientProtocolClient.java:onNext(255)) - client-CEF4D3493DC0->4ee04582-2825-4055-a051-0465d62eb5ca: receive RaftClientReply:client-CEF4D3493DC0->4ee04582-2825-4055-a051-0465d62eb5ca@group-78E0FE5F723E, cid=887, SUCCESS, logIndex=1201, commits[4ee04582-2825-4055-a051-0465d62eb5ca:c1201, 97f5b9f0-d9ef-40b5-ba79-7414923e623f:c1199, 7d686585-d831-45bc-93fc-0a553b604b0e:c1199]
2019-07-08 23:04:53,536 INFO  client.GrpcClientProtocolClient (GrpcClientProtocolClient.java:onNext(255)) - client-CEF4D3493DC0->4ee04582-2825-4055-a051-0465d62eb5ca: receive RaftClientReply:client-CEF4D3493DC0->4ee04582-2825-4055-a051-0465d62eb5ca@group-78E0FE5F723E, cid=888, SUCCESS, logIndex=1202, commits[4ee04582-2825-4055-a051-0465d62eb5ca:c1204, 97f5b9f0-d9ef-40b5-ba79-7414923e623f:c1200, 7d686585-d831-45bc-93fc-0a553b604b0e:c1199]
2019-07-08 23:04:53,536 INFO  client.GrpcClientProtocolClient (GrpcClientProtocolClient.java:onNext(255)) - client-CEF4D3493DC0->4ee04582-2825-4055-a051-0465d62eb5ca: receive RaftClientReply:client-CEF4D3493DC0->4ee04582-2825-4055-a051-0465d62eb5ca@group-78E0FE5F723E, cid=889, SUCCESS, logIndex=1203, commits[4ee04582-2825-4055-a051-0465d62eb5ca:c1205, 97f5b9f0-d9ef-40b5-ba79-7414923e623f:c1201, 7d686585-d831-45bc-93fc-0a553b604b0e:c1201]
2019-07-08 23:04:53,549 INFO  client.GrpcClientProtocolClient (GrpcClientProtocolClient.java:onNext(255)) - client-CEF4D3493DC0->4ee04582-2825-4055-a051-0465d62eb5ca: receive RaftClientReply:client-CEF4D3493DC0->4ee04582-2825-4055-a051-0465d62eb5ca@group-78E0FE5F723E, cid=890, SUCCESS, logIndex=1208, commits[4ee04582-2825-4055-a051-0465d62eb5ca:c1209, 97f5b9f0-d9ef-40b5-ba79-7414923e623f:c1207, 7d686585-d831-45bc-93fc-0a553b604b0e:c1207]
2019-07-08 23:04:53,549 INFO  client.GrpcClientProtocolClient (GrpcClientProtocolClient.java:onNext(255)) - client-CEF4D3493DC0->4ee04582-2825-4055-a051-0465d62eb5ca: receive RaftClientReply:client-CEF4D3493DC0->4ee04582-2825-4055-a051-0465d62eb5ca@group-78E0FE5F723E, cid=891, SUCCESS, logIndex=1209, commits[4ee04582-2825-4055-a051-0465d62eb5ca:c1209, 97f5b9f0-d9ef-40b5-ba79-7414923e623f:c1207, 7d686585-d831-45bc-93fc-0a553b604b0e:c1207]
2019-07-08 23:04:53,561 INFO  client.GrpcClientProtocolClient (GrpcClientProtocolClient.java:onNext(255)) - client-CEF4D3493DC0->4ee04582-2825-4055-a051-0465d62eb5ca: receive RaftClientReply:client-CEF4D3493DC0->4ee04582-2825-4055-a051-0465d62eb5ca@group-78E0FE5F723E, cid=892, SUCCESS, logIndex=1212, commits[4ee04582-2825-4055-a051-0465d62eb5ca:c1213, 97f5b9f0-d9ef-40b5-ba79-7414923e623f:c1211, 7d686585-d831-45bc-93fc-0a553b604b0e:c1209]
2019-07-08 23:04:53,562 INFO  client.GrpcClientProtocolClient (GrpcClientProtocolClient.java:onNext(255)) - client-CEF4D3493DC0->4ee04582-2825-4055-a051-0465d62eb5ca: receive RaftClientReply:client-CEF4D3493DC0->4ee04582-2825-4055-a051-0465d62eb5ca@group-78E0FE5F723E, cid=893, SUCCESS, logIndex=1213, commits[4ee04582-2825-4055-a051-0465d62eb5ca:c1213, 97f5b9f0-d9ef-40b5-ba79-7414923e623f:c1211, 7d686585-d831-45bc-93fc-0a553b604b0e:c1211]
2019-07-08 23:04:53,564 INFO  client.GrpcClientProtocolClient (GrpcClientProtocolClient.java:onNext(255)) - client-CEF4D3493DC0->4ee04582-2825-4055-a051-0465d62eb5ca: receive RaftClientReply:client-CEF4D3493DC0->4ee04582-2825-4055-a051-0465d62eb5ca@group-78E0FE5F723E, cid=894, SUCCESS, logIndex=0, commits[4ee04582-2825-4055-a051-0465d62eb5ca:c1214, 97f5b9f0-d9ef-40b5-ba79-7414923e623f:c1213, 7d686585-d831-45bc-93fc-0a553b604b0e:c1213]
2019-07-08 23:04:53,579 INFO  client.GrpcClientProtocolClient (GrpcClientProtocolClient.java:onNext(255)) - client-CEF4D3493DC0->4ee04582-2825-4055-a051-0465d62eb5ca: receive RaftClientReply:client-CEF4D3493DC0->4ee04582-2825-4055-a051-0465d62eb5ca@group-78E0FE5F723E, cid=895, SUCCESS, logIndex=1216, commits[4ee04582-2825-4055-a051-0465d62eb5ca:c1217, 97f5b9f0-d9ef-40b5-ba79-7414923e623f:c1215, 7d686585-d831-45bc-93fc-0a553b604b0e:c1213]
2019-07-08 23:04:53,579 INFO  client.GrpcClientProtocolClient (GrpcClientProtocolClient.java:onNext(255)) - client-CEF4D3493DC0->4ee04582-2825-4055-a051-0465d62eb5ca: receive RaftClientReply:client-CEF4D3493DC0->4ee04582-2825-4055-a051-0465d62eb5ca@group-78E0FE5F723E, cid=896, SUCCESS, logIndex=1217, commits[4ee04582-2825-4055-a051-0465d62eb5ca:c1217, 97f5b9f0-d9ef-40b5-ba79-7414923e623f:c1215, 7d686585-d831-45bc-93fc-0a553b604b0e:c1215]
2019-07-08 23:04:53,581 INFO  client.GrpcClientProtocolClient (GrpcClientProtocolClient.java:onNext(255)) - client-CEF4D3493DC0->4ee04582-2825-4055-a051-0465d62eb5ca: receive RaftClientReply:client-CEF4D3493DC0->4ee04582-2825-4055-a051-0465d62eb5ca@group-78E0FE5F723E, cid=897, SUCCESS, logIndex=1218, commits[4ee04582-2825-4055-a051-0465d62eb5ca:c1219, 97f5b9f0-d9ef-40b5-ba79-7414923e623f:c1216, 7d686585-d831-45bc-93fc-0a553b604b0e:c1215]
2019-07-08 23:04:53,582 INFO  client.GrpcClientProtocolClient (GrpcClientProtocolClient.java:onNext(255)) - client-CEF4D3493DC0->4ee04582-2825-4055-a051-0465d62eb5ca: receive RaftClientReply:client-CEF4D3493DC0->4ee04582-2825-4055-a051-0465d62eb5ca@group-78E0FE5F723E, cid=898, SUCCESS, logIndex=1219, commits[4ee04582-2825-4055-a051-0465d62eb5ca:c1221, 97f5b9f0-d9ef-40b5-ba79-7414923e623f:c1217, 7d686585-d831-45bc-93fc-0a553b604b0e:c1215]
2019-07-08 23:04:53,583 INFO  client.GrpcClientProtocolClient (GrpcClientProtocolClient.java:onNext(255)) - client-CEF4D3493DC0->4ee04582-2825-4055-a051-0465d62eb5ca: receive RaftClientReply:client-CEF4D3493DC0->4ee04582-2825-4055-a051-0465d62eb5ca@group-78E0FE5F723E, cid=899, SUCCESS, logIndex=0, commits[4ee04582-2825-4055-a051-0465d62eb5ca:c1222, 97f5b9f0-d9ef-40b5-ba79-7414923e623f:c1218, 7d686585-d831-45bc-93fc-0a553b604b0e:c1217]
2019-07-08 23:04:53,596 INFO  client.GrpcClientProtocolClient (GrpcClientProtocolClient.java:onNext(255)) - client-CEF4D3493DC0->4ee04582-2825-4055-a051-0465d62eb5ca: receive RaftClientReply:client-CEF4D3493DC0->4ee04582-2825-4055-a051-0465d62eb5ca@group-78E0FE5F723E, cid=900, SUCCESS, logIndex=1224, commits[4ee04582-2825-4055-a051-0465d62eb5ca:c1225, 97f5b9f0-d9ef-40b5-ba79-7414923e623f:c1223, 7d686585-d831-45bc-93fc-0a553b604b0e:c1219]
2019-07-08 23:04:53,597 INFO  client.GrpcClientProtocolClient (GrpcClientProtocolClient.java:onNext(255)) - client-CEF4D3493DC0->4ee04582-2825-4055-a051-0465d62eb5ca: receive RaftClientReply:client-CEF4D3493DC0->4ee04582-2825-4055-a051-0465d62eb5ca@group-78E0FE5F723E, cid=901, SUCCESS, logIndex=1225, commits[4ee04582-2825-4055-a051-0465d62eb5ca:c1225, 97f5b9f0-d9ef-40b5-ba79-7414923e623f:c1223, 7d686585-d831-45bc-93fc-0a553b604b0e:c1223]
2019-07-08 23:04:53,721 INFO  client.GrpcClientProtocolClient (GrpcClientProtocolClient.java:onNext(255)) - client-CEF4D3493DC0->4ee04582-2825-4055-a051-0465d62eb5ca: receive RaftClientReply:client-CEF4D3493DC0->4ee04582-2825-4055-a051-0465d62eb5ca@group-78E0FE5F723E, cid=902, SUCCESS, logIndex=1228, commits[4ee04582-2825-4055-a051-0465d62eb5ca:c1229, 97f5b9f0-d9ef-40b5-ba79-7414923e623f:c1227, 7d686585-d831-45bc-93fc-0a553b604b0e:c1227]
2019-07-08 23:04:53,721 INFO  client.GrpcClientProtocolClient (GrpcClientProtocolClient.java:onNext(255)) - client-CEF4D3493DC0->4ee04582-2825-4055-a051-0465d62eb5ca: receive RaftClientReply:client-CEF4D3493DC0->4ee04582-2825-4055-a051-0465d62eb5ca@group-78E0FE5F723E, cid=903, SUCCESS, logIndex=1229, commits[4ee04582-2825-4055-a051-0465d62eb5ca:c1229, 97f5b9f0-d9ef-40b5-ba79-7414923e623f:c1227, 7d686585-d831-45bc-93fc-0a553b604b0e:c1227]
2019-07-08 23:04:53,723 INFO  client.GrpcClientProtocolClient (GrpcClientProtocolClient.java:onNext(255)) - client-CEF4D3493DC0->4ee04582-2825-4055-a051-0465d62eb5ca: receive RaftClientReply:client-CEF4D3493DC0->4ee04582-2825-4055-a051-0465d62eb5ca@group-78E0FE5F723E, cid=904, SUCCESS, logIndex=0, commits[4ee04582-2825-4055-a051-0465d62eb5ca:c1230, 97f5b9f0-d9ef-40b5-ba79-7414923e623f:c1229, 7d686585-d831-45bc-93fc-0a553b604b0e:c1229]
2019-07-08 23:04:53,741 INFO  client.GrpcClientProtocolClient (GrpcClientProtocolClient.java:onNext(255)) - client-CEF4D3493DC0->4ee04582-2825-4055-a051-0465d62eb5ca: receive RaftClientReply:client-CEF4D3493DC0->4ee04582-2825-4055-a051-0465d62eb5ca@group-78E0FE5F723E, cid=905, SUCCESS, logIndex=1232, commits[4ee04582-2825-4055-a051-0465d62eb5ca:c1233, 97f5b9f0-d9ef-40b5-ba79-7414923e623f:c1231, 7d686585-d831-45bc-93fc-0a553b604b0e:c1229]
2019-07-08 23:04:53,741 INFO  client.GrpcClientProtocolClient (GrpcClientProtocolClient.java:onNext(255)) - client-CEF4D3493DC0->4ee04582-2825-4055-a051-0465d62eb5ca: receive RaftClientReply:client-CEF4D3493DC0->4ee04582-2825-4055-a051-0465d62eb5ca@group-78E0FE5F723E, cid=906, SUCCESS, logIndex=1233, commits[4ee04582-2825-4055-a051-0465d62eb5ca:c1233, 97f5b9f0-d9ef-40b5-ba79-7414923e623f:c1231, 7d686585-d831-45bc-93fc-0a553b604b0e:c1231]
2019-07-08 23:04:53,743 INFO  client.GrpcClientProtocolClient (GrpcClientProtocolClient.java:onNext(255)) - client-CEF4D3493DC0->4ee04582-2825-4055-a051-0465d62eb5ca: receive RaftClientReply:client-CEF4D3493DC0->4ee04582-2825-4055-a051-0465d62eb5ca@group-78E0FE5F723E, cid=907, SUCCESS, logIndex=1234, commits[4ee04582-2825-4055-a051-0465d62eb5ca:c1235, 97f5b9f0-d9ef-40b5-ba79-7414923e623f:c1231, 7d686585-d831-45bc-93fc-0a553b604b0e:c1231]
2019-07-08 23:04:53,743 INFO  client.GrpcClientProtocolClient (GrpcClientProtocolClient.java:onNext(255)) - client-CEF4D3493DC0->4ee04582-2825-4055-a051-0465d62eb5ca: receive RaftClientReply:client-CEF4D3493DC0->4ee04582-2825-4055-a051-0465d62eb5ca@group-78E0FE5F723E, cid=908, SUCCESS, logIndex=1235, commits[4ee04582-2825-4055-a051-0465d62eb5ca:c1237, 97f5b9f0-d9ef-40b5-ba79-7414923e623f:c1233, 7d686585-d831-45bc-93fc-0a553b604b0e:c1231]
2019-07-08 23:04:53,745 INFO  client.GrpcClientProtocolClient (GrpcClientProtocolClient.java:onNext(255)) - client-CEF4D3493DC0->4ee04582-2825-4055-a051-0465d62eb5ca: receive RaftClientReply:client-CEF4D3493DC0->4ee04582-2825-4055-a051-0465d62eb5ca@group-78E0FE5F723E, cid=909, SUCCESS, logIndex=0, commits[4ee04582-2825-4055-a051-0465d62eb5ca:c1237, 97f5b9f0-d9ef-40b5-ba79-7414923e623f:c1233, 7d686585-d831-45bc-93fc-0a553b604b0e:c1233]
2019-07-08 23:04:53,761 INFO  client.GrpcClientProtocolClient (GrpcClientProtocolClient.java:onNext(255)) - client-CEF4D3493DC0->4ee04582-2825-4055-a051-0465d62eb5ca: receive RaftClientReply:client-CEF4D3493DC0->4ee04582-2825-4055-a051-0465d62eb5ca@group-78E0FE5F723E, cid=910, SUCCESS, logIndex=1240, commits[4ee04582-2825-4055-a051-0465d62eb5ca:c1241, 97f5b9f0-d9ef-40b5-ba79-7414923e623f:c1239, 7d686585-d831-45bc-93fc-0a553b604b0e:c1239]
2019-07-08 23:04:53,762 INFO  client.GrpcClientProtocolClient (GrpcClientProtocolClient.java:onNext(255)) - client-CEF4D3493DC0->4ee04582-2825-4055-a051-0465d62eb5ca: receive RaftClientReply:client-CEF4D3493DC0->4ee04582-2825-4055-a051-0465d62eb5ca@group-78E0FE5F723E, cid=911, SUCCESS, logIndex=1241, commits[4ee04582-2825-4055-a051-0465d62eb5ca:c1241, 97f5b9f0-d9ef-40b5-ba79-7414923e623f:c1239, 7d686585-d831-45bc-93fc-0a553b604b0e:c1239]
2019-07-08 23:04:53,775 INFO  client.GrpcClientProtocolClient (GrpcClientProtocolClient.java:onNext(255)) - client-CEF4D3493DC0->4ee04582-2825-4055-a051-0465d62eb5ca: receive RaftClientReply:client-CEF4D3493DC0->4ee04582-2825-4055-a051-0465d62eb5ca@group-78E0FE5F723E, cid=912, SUCCESS, logIndex=1244, commits[4ee04582-2825-4055-a051-0465d62eb5ca:c1245, 97f5b9f0-d9ef-40b5-ba79-7414923e623f:c1243, 7d686585-d831-45bc-93fc-0a553b604b0e:c1241]
2019-07-08 23:04:53,776 INFO  client.GrpcClientProtocolClient (GrpcClientProtocolClient.java:onNext(255)) - client-CEF4D3493DC0->4ee04582-2825-4055-a051-0465d62eb5ca: receive RaftClientReply:client-CEF4D3493DC0->4ee04582-2825-4055-a051-0465d62eb5ca@group-78E0FE5F723E, cid=913, SUCCESS, logIndex=1245, commits[4ee04582-2825-4055-a051-0465d62eb5ca:c1245, 97f5b9f0-d9ef-40b5-ba79-7414923e623f:c1243, 7d686585-d831-45bc-93fc-0a553b604b0e:c1243]
2019-07-08 23:04:53,780 INFO  client.GrpcClientProtocolClient (GrpcClientProtocolClient.java:onNext(255)) - client-CEF4D3493DC0->4ee04582-2825-4055-a051-0465d62eb5ca: receive RaftClientReply:client-CEF4D3493DC0->4ee04582-2825-4055-a051-0465d62eb5ca@group-78E0FE5F723E, cid=914, SUCCESS, logIndex=0, commits[4ee04582-2825-4055-a051-0465d62eb5ca:c1247, 97f5b9f0-d9ef-40b5-ba79-7414923e623f:c1245, 7d686585-d831-45bc-93fc-0a553b604b0e:c1245]
2019-07-08 23:04:53,795 INFO  client.GrpcClientProtocolClient (GrpcClientProtocolClient.java:onNext(255)) - client-CEF4D3493DC0->4ee04582-2825-4055-a051-0465d62eb5ca: receive RaftClientReply:client-CEF4D3493DC0->4ee04582-2825-4055-a051-0465d62eb5ca@group-78E0FE5F723E, cid=915, SUCCESS, logIndex=1248, commits[4ee04582-2825-4055-a051-0465d62eb5ca:c1249, 97f5b9f0-d9ef-40b5-ba79-7414923e623f:c1247, 7d686585-d831-45bc-93fc-0a553b604b0e:c1245]
2019-07-08 23:04:53,796 INFO  client.GrpcClientProtocolClient (GrpcClientProtocolClient.java:onNext(255)) - client-CEF4D3493DC0->4ee04582-2825-4055-a051-0465d62eb5ca: receive RaftClientReply:client-CEF4D3493DC0->4ee04582-2825-4055-a051-0465d62eb5ca@group-78E0FE5F723E, cid=916, SUCCESS, logIndex=1249, commits[4ee04582-2825-4055-a051-0465d62eb5ca:c1249, 97f5b9f0-d9ef-40b5-ba79-7414923e623f:c1247, 7d686585-d831-45bc-93fc-0a553b604b0e:c1247]
2019-07-08 23:04:53,797 INFO  client.GrpcClientProtocolClient (GrpcClientProtocolClient.java:onNext(255)) - client-CEF4D3493DC0->4ee04582-2825-4055-a051-0465d62eb5ca: receive RaftClientReply:client-CEF4D3493DC0->4ee04582-2825-4055-a051-0465d62eb5ca@group-78E0FE5F723E, cid=917, SUCCESS, logIndex=1250, commits[4ee04582-2825-4055-a051-0465d62eb5ca:c1253, 97f5b9f0-d9ef-40b5-ba79-7414923e623f:c1249, 7d686585-d831-45bc-93fc-0a553b604b0e:c1247]
2019-07-08 23:04:53,797 INFO  client.GrpcClientProtocolClient (GrpcClientProtocolClient.java:onNext(255)) - client-CEF4D3493DC0->4ee04582-2825-4055-a051-0465d62eb5ca: receive RaftClientReply:client-CEF4D3493DC0->4ee04582-2825-4055-a051-0465d62eb5ca@group-78E0FE5F723E, cid=918, SUCCESS, logIndex=1251, commits[4ee04582-2825-4055-a051-0465d62eb5ca:c1253, 97f5b9f0-d9ef-40b5-ba79-7414923e623f:c1249, 7d686585-d831-45bc-93fc-0a553b604b0e:c1247]
2019-07-08 23:04:53,799 INFO  client.GrpcClientProtocolClient (GrpcClientProtocolClient.java:onNext(255)) - client-CEF4D3493DC0->4ee04582-2825-4055-a051-0465d62eb5ca: receive RaftClientReply:client-CEF4D3493DC0->4ee04582-2825-4055-a051-0465d62eb5ca@group-78E0FE5F723E, cid=919, SUCCESS, logIndex=0, commits[4ee04582-2825-4055-a051-0465d62eb5ca:c1253, 97f5b9f0-d9ef-40b5-ba79-7414923e623f:c1249, 7d686585-d831-45bc-93fc-0a553b604b0e:c1249]
2019-07-08 23:04:53,812 INFO  client.GrpcClientProtocolClient (GrpcClientProtocolClient.java:onNext(255)) - client-CEF4D3493DC0->4ee04582-2825-4055-a051-0465d62eb5ca: receive RaftClientReply:client-CEF4D3493DC0->4ee04582-2825-4055-a051-0465d62eb5ca@group-78E0FE5F723E, cid=920, SUCCESS, logIndex=1256, commits[4ee04582-2825-4055-a051-0465d62eb5ca:c1257, 97f5b9f0-d9ef-40b5-ba79-7414923e623f:c1255, 7d686585-d831-45bc-93fc-0a553b604b0e:c1255]
2019-07-08 23:04:53,813 INFO  client.GrpcClientProtocolClient (GrpcClientProtocolClient.java:onNext(255)) - client-CEF4D3493DC0->4ee04582-2825-4055-a051-0465d62eb5ca: receive RaftClientReply:client-CEF4D3493DC0->4ee04582-2825-4055-a051-0465d62eb5ca@group-78E0FE5F723E, cid=921, SUCCESS, logIndex=1257, commits[4ee04582-2825-4055-a051-0465d62eb5ca:c1257, 97f5b9f0-d9ef-40b5-ba79-7414923e623f:c1255, 7d686585-d831-45bc-93fc-0a553b604b0e:c1255]
2019-07-08 23:04:53,825 INFO  client.GrpcClientProtocolClient (GrpcClientProtocolClient.java:onNext(255)) - client-CEF4D3493DC0->4ee04582-2825-4055-a051-0465d62eb5ca: receive RaftClientReply:client-CEF4D3493DC0->4ee04582-2825-4055-a051-0465d62eb5ca@group-78E0FE5F723E, cid=922, SUCCESS, logIndex=1260, commits[4ee04582-2825-4055-a051-0465d62eb5ca:c1261, 97f5b9f0-d9ef-40b5-ba79-7414923e623f:c1259, 7d686585-d831-45bc-93fc-0a553b604b0e:c1257]
2019-07-08 23:04:53,825 INFO  client.GrpcClientProtocolClient (GrpcClientProtocolClient.java:onNext(255)) - client-CEF4D3493DC0->4ee04582-2825-4055-a051-0465d62eb5ca: receive RaftClientReply:client-CEF4D3493DC0->4ee04582-2825-4055-a051-0465d62eb5ca@group-78E0FE5F723E, cid=923, SUCCESS, logIndex=1261, commits[4ee04582-2825-4055-a051-0465d62eb5ca:c1261, 97f5b9f0-d9ef-40b5-ba79-7414923e623f:c1259, 7d686585-d831-45bc-93fc-0a553b604b0e:c1257]
2019-07-08 23:04:53,830 INFO  client.GrpcClientProtocolClient (GrpcClientProtocolClient.java:onNext(255)) - client-CEF4D3493DC0->4ee04582-2825-4055-a051-0465d62eb5ca: receive RaftClientReply:client-CEF4D3493DC0->4ee04582-2825-4055-a051-0465d62eb5ca@group-78E0FE5F723E, cid=924, SUCCESS, logIndex=0, commits[4ee04582-2825-4055-a051-0465d62eb5ca:c1263, 97f5b9f0-d9ef-40b5-ba79-7414923e623f:c1261, 7d686585-d831-45bc-93fc-0a553b604b0e:c1261]
2019-07-08 23:04:53,852 INFO  client.GrpcClientProtocolClient (GrpcClientProtocolClient.java:onNext(255)) - client-CEF4D3493DC0->4ee04582-2825-4055-a051-0465d62eb5ca: receive RaftClientReply:client-CEF4D3493DC0->4ee04582-2825-4055-a051-0465d62eb5ca@group-78E0FE5F723E, cid=925, SUCCESS, logIndex=1264, commits[4ee04582-2825-4055-a051-0465d62eb5ca:c1265, 97f5b9f0-d9ef-40b5-ba79-7414923e623f:c1263, 7d686585-d831-45bc-93fc-0a553b604b0e:c1261]
2019-07-08 23:04:53,853 INFO  client.GrpcClientProtocolClient (GrpcClientProtocolClient.java:onNext(255)) - client-CEF4D3493DC0->4ee04582-2825-4055-a051-0465d62eb5ca: receive RaftClientReply:client-CEF4D3493DC0->4ee04582-2825-4055-a051-0465d62eb5ca@group-78E0FE5F723E, cid=926, SUCCESS, logIndex=1265, commits[4ee04582-2825-4055-a051-0465d62eb5ca:c1265, 97f5b9f0-d9ef-40b5-ba79-7414923e623f:c1263, 7d686585-d831-45bc-93fc-0a553b604b0e:c1261]
2019-07-08 23:04:53,855 INFO  client.GrpcClientProtocolClient (GrpcClientProtocolClient.java:onNext(255)) - client-CEF4D3493DC0->4ee04582-2825-4055-a051-0465d62eb5ca: receive RaftClientReply:client-CEF4D3493DC0->4ee04582-2825-4055-a051-0465d62eb5ca@group-78E0FE5F723E, cid=927, SUCCESS, logIndex=1266, commits[4ee04582-2825-4055-a051-0465d62eb5ca:c1267, 97f5b9f0-d9ef-40b5-ba79-7414923e623f:c1263, 7d686585-d831-45bc-93fc-0a553b604b0e:c1263]
2019-07-08 23:04:53,855 INFO  client.GrpcClientProtocolClient (GrpcClientProtocolClient.java:onNext(255)) - client-CEF4D3493DC0->4ee04582-2825-4055-a051-0465d62eb5ca: receive RaftClientReply:client-CEF4D3493DC0->4ee04582-2825-4055-a051-0465d62eb5ca@group-78E0FE5F723E, cid=928, SUCCESS, logIndex=1267, commits[4ee04582-2825-4055-a051-0465d62eb5ca:c1267, 97f5b9f0-d9ef-40b5-ba79-7414923e623f:c1263, 7d686585-d831-45bc-93fc-0a553b604b0e:c1263]
2019-07-08 23:04:53,856 INFO  client.GrpcClientProtocolClient (GrpcClientProtocolClient.java:onNext(255)) - client-CEF4D3493DC0->4ee04582-2825-4055-a051-0465d62eb5ca: receive RaftClientReply:client-CEF4D3493DC0->4ee04582-2825-4055-a051-0465d62eb5ca@group-78E0FE5F723E, cid=929, SUCCESS, logIndex=0, commits[4ee04582-2825-4055-a051-0465d62eb5ca:c1269, 97f5b9f0-d9ef-40b5-ba79-7414923e623f:c1265, 7d686585-d831-45bc-93fc-0a553b604b0e:c1265]
2019-07-08 23:04:53,870 INFO  client.GrpcClientProtocolClient (GrpcClientProtocolClient.java:onNext(255)) - client-CEF4D3493DC0->4ee04582-2825-4055-a051-0465d62eb5ca: receive RaftClientReply:client-CEF4D3493DC0->4ee04582-2825-4055-a051-0465d62eb5ca@group-78E0FE5F723E, cid=930, SUCCESS, logIndex=1272, commits[4ee04582-2825-4055-a051-0465d62eb5ca:c1273, 97f5b9f0-d9ef-40b5-ba79-7414923e623f:c1271, 7d686585-d831-45bc-93fc-0a553b604b0e:c1267]
2019-07-08 23:04:53,870 INFO  client.GrpcClientProtocolClient (GrpcClientProtocolClient.java:onNext(255)) - client-CEF4D3493DC0->4ee04582-2825-4055-a051-0465d62eb5ca: receive RaftClientReply:client-CEF4D3493DC0->4ee04582-2825-4055-a051-0465d62eb5ca@group-78E0FE5F723E, cid=931, SUCCESS, logIndex=1273, commits[4ee04582-2825-4055-a051-0465d62eb5ca:c1273, 97f5b9f0-d9ef-40b5-ba79-7414923e623f:c1271, 7d686585-d831-45bc-93fc-0a553b604b0e:c1267]
2019-07-08 23:04:53,885 INFO  client.GrpcClientProtocolClient (GrpcClientProtocolClient.java:onNext(255)) - client-CEF4D3493DC0->4ee04582-2825-4055-a051-0465d62eb5ca: receive RaftClientReply:client-CEF4D3493DC0->4ee04582-2825-4055-a051-0465d62eb5ca@group-78E0FE5F723E, cid=932, SUCCESS, logIndex=1276, commits[4ee04582-2825-4055-a051-0465d62eb5ca:c1277, 97f5b9f0-d9ef-40b5-ba79-7414923e623f:c1275, 7d686585-d831-45bc-93fc-0a553b604b0e:c1275]
2019-07-08 23:04:53,885 INFO  client.GrpcClientProtocolClient (GrpcClientProtocolClient.java:onNext(255)) - client-CEF4D3493DC0->4ee04582-2825-4055-a051-0465d62eb5ca: receive RaftClientReply:client-CEF4D3493DC0->4ee04582-2825-4055-a051-0465d62eb5ca@group-78E0FE5F723E, cid=933, SUCCESS, logIndex=1277, commits[4ee04582-2825-4055-a051-0465d62eb5ca:c1277, 97f5b9f0-d9ef-40b5-ba79-7414923e623f:c1275, 7d686585-d831-45bc-93fc-0a553b604b0e:c1275]
 0.00% |█                                                                                                    |  0/1 Time: 0:00:032019-07-08 23:04:53,892 INFO  client.GrpcClientProtocolClient (GrpcClientProtocolClient.java:onNext(255)) - client-CEF4D3493DC0->4ee04582-2825-4055-a051-0465d62eb5ca: receive RaftClientReply:client-CEF4D3493DC0->4ee04582-2825-4055-a051-0465d62eb5ca@group-78E0FE5F723E, cid=934, SUCCESS, logIndex=0, commits[4ee04582-2825-4055-a051-0465d62eb5ca:c1279, 97f5b9f0-d9ef-40b5-ba79-7414923e623f:c1277, 7d686585-d831-45bc-93fc-0a553b604b0e:c1277]
2019-07-08 23:04:53,906 INFO  client.GrpcClientProtocolClient (GrpcClientProtocolClient.java:onNext(255)) - client-CEF4D3493DC0->4ee04582-2825-4055-a051-0465d62eb5ca: receive RaftClientReply:client-CEF4D3493DC0->4ee04582-2825-4055-a051-0465d62eb5ca@group-78E0FE5F723E, cid=935, SUCCESS, logIndex=1280, commits[4ee04582-2825-4055-a051-0465d62eb5ca:c1281, 97f5b9f0-d9ef-40b5-ba79-7414923e623f:c1279, 7d686585-d831-45bc-93fc-0a553b604b0e:c1279]
2019-07-08 23:04:53,906 INFO  client.GrpcClientProtocolClient (GrpcClientProtocolClient.java:onNext(255)) - client-CEF4D3493DC0->4ee04582-2825-4055-a051-0465d62eb5ca: receive RaftClientReply:client-CEF4D3493DC0->4ee04582-2825-4055-a051-0465d62eb5ca@group-78E0FE5F723E, cid=936, SUCCESS, logIndex=1281, commits[4ee04582-2825-4055-a051-0465d62eb5ca:c1281, 97f5b9f0-d9ef-40b5-ba79-7414923e623f:c1279, 7d686585-d831-45bc-93fc-0a553b604b0e:c1279]
2019-07-08 23:04:53,908 INFO  client.GrpcClientProtocolClient (GrpcClientProtocolClient.java:onNext(255)) - client-CEF4D3493DC0->4ee04582-2825-4055-a051-0465d62eb5ca: receive RaftClientReply:client-CEF4D3493DC0->4ee04582-2825-4055-a051-0465d62eb5ca@group-78E0FE5F723E, cid=937, SUCCESS, logIndex=1282, commits[4ee04582-2825-4055-a051-0465d62eb5ca:c1283, 97f5b9f0-d9ef-40b5-ba79-7414923e623f:c1279, 7d686585-d831-45bc-93fc-0a553b604b0e:c1279]
2019-07-08 23:04:53,908 INFO  client.GrpcClientProtocolClient (GrpcClientProtocolClient.java:onNext(255)) - client-CEF4D3493DC0->4ee04582-2825-4055-a051-0465d62eb5ca: receive RaftClientReply:client-CEF4D3493DC0->4ee04582-2825-4055-a051-0465d62eb5ca@group-78E0FE5F723E, cid=938, SUCCESS, logIndex=1283, commits[4ee04582-2825-4055-a051-0465d62eb5ca:c1285, 97f5b9f0-d9ef-40b5-ba79-7414923e623f:c1281, 7d686585-d831-45bc-93fc-0a553b604b0e:c1279]
2019-07-08 23:04:53,910 INFO  client.GrpcClientProtocolClient (GrpcClientProtocolClient.java:onNext(255)) - client-CEF4D3493DC0->4ee04582-2825-4055-a051-0465d62eb5ca: receive RaftClientReply:client-CEF4D3493DC0->4ee04582-2825-4055-a051-0465d62eb5ca@group-78E0FE5F723E, cid=939, SUCCESS, logIndex=0, commits[4ee04582-2825-4055-a051-0465d62eb5ca:c1286, 97f5b9f0-d9ef-40b5-ba79-7414923e623f:c1282, 7d686585-d831-45bc-93fc-0a553b604b0e:c1281]
2019-07-08 23:04:53,922 INFO  client.GrpcClientProtocolClient (GrpcClientProtocolClient.java:onNext(255)) - client-CEF4D3493DC0->4ee04582-2825-4055-a051-0465d62eb5ca: receive RaftClientReply:client-CEF4D3493DC0->4ee04582-2825-4055-a051-0465d62eb5ca@group-78E0FE5F723E, cid=940, SUCCESS, logIndex=1288, commits[4ee04582-2825-4055-a051-0465d62eb5ca:c1289, 97f5b9f0-d9ef-40b5-ba79-7414923e623f:c1287, 7d686585-d831-45bc-93fc-0a553b604b0e:c1283]
2019-07-08 23:04:53,922 INFO  client.GrpcClientProtocolClient (GrpcClientProtocolClient.java:onNext(255)) - client-CEF4D3493DC0->4ee04582-2825-4055-a051-0465d62eb5ca: receive RaftClientReply:client-CEF4D3493DC0->4ee04582-2825-4055-a051-0465d62eb5ca@group-78E0FE5F723E, cid=941, SUCCESS, logIndex=1289, commits[4ee04582-2825-4055-a051-0465d62eb5ca:c1289, 97f5b9f0-d9ef-40b5-ba79-7414923e623f:c1287, 7d686585-d831-45bc-93fc-0a553b604b0e:c1287]
2019-07-08 23:04:53,934 INFO  client.GrpcClientProtocolClient (GrpcClientProtocolClient.java:onNext(255)) - client-CEF4D3493DC0->4ee04582-2825-4055-a051-0465d62eb5ca: receive RaftClientReply:client-CEF4D3493DC0->4ee04582-2825-4055-a051-0465d62eb5ca@group-78E0FE5F723E, cid=942, SUCCESS, logIndex=1292, commits[4ee04582-2825-4055-a051-0465d62eb5ca:c1293, 97f5b9f0-d9ef-40b5-ba79-7414923e623f:c1291, 7d686585-d831-45bc-93fc-0a553b604b0e:c1289]
2019-07-08 23:04:53,934 INFO  client.GrpcClientProtocolClient (GrpcClientProtocolClient.java:onNext(255)) - client-CEF4D3493DC0->4ee04582-2825-4055-a051-0465d62eb5ca: receive RaftClientReply:client-CEF4D3493DC0->4ee04582-2825-4055-a051-0465d62eb5ca@group-78E0FE5F723E, cid=943, SUCCESS, logIndex=1293, commits[4ee04582-2825-4055-a051-0465d62eb5ca:c1293, 97f5b9f0-d9ef-40b5-ba79-7414923e623f:c1291, 7d686585-d831-45bc-93fc-0a553b604b0e:c1291]
2019-07-08 23:04:53,938 INFO  client.GrpcClientProtocolClient (GrpcClientProtocolClient.java:onNext(255)) - client-CEF4D3493DC0->4ee04582-2825-4055-a051-0465d62eb5ca: receive RaftClientReply:client-CEF4D3493DC0->4ee04582-2825-4055-a051-0465d62eb5ca@group-78E0FE5F723E, cid=944, SUCCESS, logIndex=0, commits[4ee04582-2825-4055-a051-0465d62eb5ca:c1294, 97f5b9f0-d9ef-40b5-ba79-7414923e623f:c1293, 7d686585-d831-45bc-93fc-0a553b604b0e:c1293]
2019-07-08 23:04:53,952 INFO  client.GrpcClientProtocolClient (GrpcClientProtocolClient.java:onNext(255)) - client-CEF4D3493DC0->4ee04582-2825-4055-a051-0465d62eb5ca: receive RaftClientReply:client-CEF4D3493DC0->4ee04582-2825-4055-a051-0465d62eb5ca@group-78E0FE5F723E, cid=945, SUCCESS, logIndex=1296, commits[4ee04582-2825-4055-a051-0465d62eb5ca:c1298, 97f5b9f0-d9ef-40b5-ba79-7414923e623f:c1293, 7d686585-d831-45bc-93fc-0a553b604b0e:c1295]
2019-07-08 23:04:53,953 INFO  client.GrpcClientProtocolClient (GrpcClientProtocolClient.java:onNext(255)) - client-CEF4D3493DC0->4ee04582-2825-4055-a051-0465d62eb5ca: receive RaftClientReply:client-CEF4D3493DC0->4ee04582-2825-4055-a051-0465d62eb5ca@group-78E0FE5F723E, cid=946, SUCCESS, logIndex=1297, commits[4ee04582-2825-4055-a051-0465d62eb5ca:c1299, 97f5b9f0-d9ef-40b5-ba79-7414923e623f:c1295, 7d686585-d831-45bc-93fc-0a553b604b0e:c1295]
2019-07-08 23:04:53,953 INFO  client.GrpcClientProtocolClient (GrpcClientProtocolClient.java:onNext(255)) - client-CEF4D3493DC0->4ee04582-2825-4055-a051-0465d62eb5ca: receive RaftClientReply:client-CEF4D3493DC0->4ee04582-2825-4055-a051-0465d62eb5ca@group-78E0FE5F723E, cid=947, SUCCESS, logIndex=1298, commits[4ee04582-2825-4055-a051-0465d62eb5ca:c1299, 97f5b9f0-d9ef-40b5-ba79-7414923e623f:c1295, 7d686585-d831-45bc-93fc-0a553b604b0e:c1295]
2019-07-08 23:04:53,954 INFO  client.GrpcClientProtocolClient (GrpcClientProtocolClient.java:onNext(255)) - client-CEF4D3493DC0->4ee04582-2825-4055-a051-0465d62eb5ca: receive RaftClientReply:client-CEF4D3493DC0->4ee04582-2825-4055-a051-0465d62eb5ca@group-78E0FE5F723E, cid=948, SUCCESS, logIndex=1299, commits[4ee04582-2825-4055-a051-0465d62eb5ca:c1300, 97f5b9f0-d9ef-40b5-ba79-7414923e623f:c1295, 7d686585-d831-45bc-93fc-0a553b604b0e:c1296]
2019-07-08 23:04:53,957 INFO  client.GrpcClientProtocolClient (GrpcClientProtocolClient.java:onNext(255)) - client-CEF4D3493DC0->4ee04582-2825-4055-a051-0465d62eb5ca: receive RaftClientReply:client-CEF4D3493DC0->4ee04582-2825-4055-a051-0465d62eb5ca@group-78E0FE5F723E, cid=949, SUCCESS, logIndex=0, commits[4ee04582-2825-4055-a051-0465d62eb5ca:c1300, 97f5b9f0-d9ef-40b5-ba79-7414923e623f:c1297, 7d686585-d831-45bc-93fc-0a553b604b0e:c1297]
2019-07-08 23:04:53,968 INFO  client.GrpcClientProtocolClient (GrpcClientProtocolClient.java:onNext(255)) - client-CEF4D3493DC0->4ee04582-2825-4055-a051-0465d62eb5ca: receive RaftClientReply:client-CEF4D3493DC0->4ee04582-2825-4055-a051-0465d62eb5ca@group-78E0FE5F723E, cid=950, SUCCESS, logIndex=1304, commits[4ee04582-2825-4055-a051-0465d62eb5ca:c1305, 97f5b9f0-d9ef-40b5-ba79-7414923e623f:c1303, 7d686585-d831-45bc-93fc-0a553b604b0e:c1299]
2019-07-08 23:04:53,968 INFO  client.GrpcClientProtocolClient (GrpcClientProtocolClient.java:onNext(255)) - client-CEF4D3493DC0->4ee04582-2825-4055-a051-0465d62eb5ca: receive RaftClientReply:client-CEF4D3493DC0->4ee04582-2825-4055-a051-0465d62eb5ca@group-78E0FE5F723E, cid=951, SUCCESS, logIndex=1305, commits[4ee04582-2825-4055-a051-0465d62eb5ca:c1305, 97f5b9f0-d9ef-40b5-ba79-7414923e623f:c1303, 7d686585-d831-45bc-93fc-0a553b604b0e:c1303]
2019-07-08 23:04:53,980 INFO  client.GrpcClientProtocolClient (GrpcClientProtocolClient.java:onNext(255)) - client-CEF4D3493DC0->4ee04582-2825-4055-a051-0465d62eb5ca: receive RaftClientReply:client-CEF4D3493DC0->4ee04582-2825-4055-a051-0465d62eb5ca@group-78E0FE5F723E, cid=952, SUCCESS, logIndex=1308, commits[4ee04582-2825-4055-a051-0465d62eb5ca:c1309, 97f5b9f0-d9ef-40b5-ba79-7414923e623f:c1307, 7d686585-d831-45bc-93fc-0a553b604b0e:c1307]
2019-07-08 23:04:53,980 INFO  client.GrpcClientProtocolClient (GrpcClientProtocolClient.java:onNext(255)) - client-CEF4D3493DC0->4ee04582-2825-4055-a051-0465d62eb5ca: receive RaftClientReply:client-CEF4D3493DC0->4ee04582-2825-4055-a051-0465d62eb5ca@group-78E0FE5F723E, cid=953, SUCCESS, logIndex=1309, commits[4ee04582-2825-4055-a051-0465d62eb5ca:c1309, 97f5b9f0-d9ef-40b5-ba79-7414923e623f:c1307, 7d686585-d831-45bc-93fc-0a553b604b0e:c1307]
2019-07-08 23:04:53,983 INFO  client.GrpcClientProtocolClient (GrpcClientProtocolClient.java:onNext(255)) - client-CEF4D3493DC0->4ee04582-2825-4055-a051-0465d62eb5ca: receive RaftClientReply:client-CEF4D3493DC0->4ee04582-2825-4055-a051-0465d62eb5ca@group-78E0FE5F723E, cid=954, SUCCESS, logIndex=0, commits[4ee04582-2825-4055-a051-0465d62eb5ca:c1310, 97f5b9f0-d9ef-40b5-ba79-7414923e623f:c1309, 7d686585-d831-45bc-93fc-0a553b604b0e:c1309]
2019-07-08 23:04:53,996 INFO  client.GrpcClientProtocolClient (GrpcClientProtocolClient.java:onNext(255)) - client-CEF4D3493DC0->4ee04582-2825-4055-a051-0465d62eb5ca: receive RaftClientReply:client-CEF4D3493DC0->4ee04582-2825-4055-a051-0465d62eb5ca@group-78E0FE5F723E, cid=955, SUCCESS, logIndex=1312, commits[4ee04582-2825-4055-a051-0465d62eb5ca:c1313, 97f5b9f0-d9ef-40b5-ba79-7414923e623f:c1311, 7d686585-d831-45bc-93fc-0a553b604b0e:c1309]
2019-07-08 23:04:53,996 INFO  client.GrpcClientProtocolClient (GrpcClientProtocolClient.java:onNext(255)) - client-CEF4D3493DC0->4ee04582-2825-4055-a051-0465d62eb5ca: receive RaftClientReply:client-CEF4D3493DC0->4ee04582-2825-4055-a051-0465d62eb5ca@group-78E0FE5F723E, cid=956, SUCCESS, logIndex=1313, commits[4ee04582-2825-4055-a051-0465d62eb5ca:c1313, 97f5b9f0-d9ef-40b5-ba79-7414923e623f:c1311, 7d686585-d831-45bc-93fc-0a553b604b0e:c1311]
2019-07-08 23:04:53,997 INFO  client.GrpcClientProtocolClient (GrpcClientProtocolClient.java:onNext(255)) - client-CEF4D3493DC0->4ee04582-2825-4055-a051-0465d62eb5ca: receive RaftClientReply:client-CEF4D3493DC0->4ee04582-2825-4055-a051-0465d62eb5ca@group-78E0FE5F723E, cid=957, SUCCESS, logIndex=1314, commits[4ee04582-2825-4055-a051-0465d62eb5ca:c1315, 97f5b9f0-d9ef-40b5-ba79-7414923e623f:c1311, 7d686585-d831-45bc-93fc-0a553b604b0e:c1311]
2019-07-08 23:04:53,998 INFO  client.GrpcClientProtocolClient (GrpcClientProtocolClient.java:onNext(255)) - client-CEF4D3493DC0->4ee04582-2825-4055-a051-0465d62eb5ca: receive RaftClientReply:client-CEF4D3493DC0->4ee04582-2825-4055-a051-0465d62eb5ca@group-78E0FE5F723E, cid=958, SUCCESS, logIndex=1315, commits[4ee04582-2825-4055-a051-0465d62eb5ca:c1315, 97f5b9f0-d9ef-40b5-ba79-7414923e623f:c1311, 7d686585-d831-45bc-93fc-0a553b604b0e:c1311]
2019-07-08 23:04:54,000 INFO  client.GrpcClientProtocolClient (GrpcClientProtocolClient.java:onNext(255)) - client-CEF4D3493DC0->4ee04582-2825-4055-a051-0465d62eb5ca: receive RaftClientReply:client-CEF4D3493DC0->4ee04582-2825-4055-a051-0465d62eb5ca@group-78E0FE5F723E, cid=959, SUCCESS, logIndex=0, commits[4ee04582-2825-4055-a051-0465d62eb5ca:c1317, 97f5b9f0-d9ef-40b5-ba79-7414923e623f:c1313, 7d686585-d831-45bc-93fc-0a553b604b0e:c1313]
2019-07-08 23:04:54,012 INFO  client.GrpcClientProtocolClient (GrpcClientProtocolClient.java:onNext(255)) - client-CEF4D3493DC0->4ee04582-2825-4055-a051-0465d62eb5ca: receive RaftClientReply:client-CEF4D3493DC0->4ee04582-2825-4055-a051-0465d62eb5ca@group-78E0FE5F723E, cid=960, SUCCESS, logIndex=1320, commits[4ee04582-2825-4055-a051-0465d62eb5ca:c1321, 97f5b9f0-d9ef-40b5-ba79-7414923e623f:c1319, 7d686585-d831-45bc-93fc-0a553b604b0e:c1315]
2019-07-08 23:04:54,012 INFO  client.GrpcClientProtocolClient (GrpcClientProtocolClient.java:onNext(255)) - client-CEF4D3493DC0->4ee04582-2825-4055-a051-0465d62eb5ca: receive RaftClientReply:client-CEF4D3493DC0->4ee04582-2825-4055-a051-0465d62eb5ca@group-78E0FE5F723E, cid=961, SUCCESS, logIndex=1321, commits[4ee04582-2825-4055-a051-0465d62eb5ca:c1321, 97f5b9f0-d9ef-40b5-ba79-7414923e623f:c1319, 7d686585-d831-45bc-93fc-0a553b604b0e:c1319]
2019-07-08 23:04:54,024 INFO  client.GrpcClientProtocolClient (GrpcClientProtocolClient.java:onNext(255)) - client-CEF4D3493DC0->4ee04582-2825-4055-a051-0465d62eb5ca: receive RaftClientReply:client-CEF4D3493DC0->4ee04582-2825-4055-a051-0465d62eb5ca@group-78E0FE5F723E, cid=962, SUCCESS, logIndex=1324, commits[4ee04582-2825-4055-a051-0465d62eb5ca:c1325, 97f5b9f0-d9ef-40b5-ba79-7414923e623f:c1323, 7d686585-d831-45bc-93fc-0a553b604b0e:c1321]
2019-07-08 23:04:54,024 INFO  client.GrpcClientProtocolClient (GrpcClientProtocolClient.java:onNext(255)) - client-CEF4D3493DC0->4ee04582-2825-4055-a051-0465d62eb5ca: receive RaftClientReply:client-CEF4D3493DC0->4ee04582-2825-4055-a051-0465d62eb5ca@group-78E0FE5F723E, cid=963, SUCCESS, logIndex=1325, commits[4ee04582-2825-4055-a051-0465d62eb5ca:c1325, 97f5b9f0-d9ef-40b5-ba79-7414923e623f:c1323, 7d686585-d831-45bc-93fc-0a553b604b0e:c1323]
2019-07-08 23:04:54,029 INFO  client.GrpcClientProtocolClient (GrpcClientProtocolClient.java:onNext(255)) - client-CEF4D3493DC0->4ee04582-2825-4055-a051-0465d62eb5ca: receive RaftClientReply:client-CEF4D3493DC0->4ee04582-2825-4055-a051-0465d62eb5ca@group-78E0FE5F723E, cid=964, SUCCESS, logIndex=0, commits[4ee04582-2825-4055-a051-0465d62eb5ca:c1326, 97f5b9f0-d9ef-40b5-ba79-7414923e623f:c1325, 7d686585-d831-45bc-93fc-0a553b604b0e:c1325]
2019-07-08 23:04:54,043 INFO  client.GrpcClientProtocolClient (GrpcClientProtocolClient.java:onNext(255)) - client-CEF4D3493DC0->4ee04582-2825-4055-a051-0465d62eb5ca: receive RaftClientReply:client-CEF4D3493DC0->4ee04582-2825-4055-a051-0465d62eb5ca@group-78E0FE5F723E, cid=965, SUCCESS, logIndex=1328, commits[4ee04582-2825-4055-a051-0465d62eb5ca:c1329, 97f5b9f0-d9ef-40b5-ba79-7414923e623f:c1327, 7d686585-d831-45bc-93fc-0a553b604b0e:c1327]
2019-07-08 23:04:54,043 INFO  client.GrpcClientProtocolClient (GrpcClientProtocolClient.java:onNext(255)) - client-CEF4D3493DC0->4ee04582-2825-4055-a051-0465d62eb5ca: receive RaftClientReply:client-CEF4D3493DC0->4ee04582-2825-4055-a051-0465d62eb5ca@group-78E0FE5F723E, cid=966, SUCCESS, logIndex=1329, commits[4ee04582-2825-4055-a051-0465d62eb5ca:c1329, 97f5b9f0-d9ef-40b5-ba79-7414923e623f:c1327, 7d686585-d831-45bc-93fc-0a553b604b0e:c1327]
2019-07-08 23:04:54,046 INFO  client.GrpcClientProtocolClient (GrpcClientProtocolClient.java:onNext(255)) - client-CEF4D3493DC0->4ee04582-2825-4055-a051-0465d62eb5ca: receive RaftClientReply:client-CEF4D3493DC0->4ee04582-2825-4055-a051-0465d62eb5ca@group-78E0FE5F723E, cid=967, SUCCESS, logIndex=1330, commits[4ee04582-2825-4055-a051-0465d62eb5ca:c1330, 97f5b9f0-d9ef-40b5-ba79-7414923e623f:c1327, 7d686585-d831-45bc-93fc-0a553b604b0e:c1327]
2019-07-08 23:04:54,047 INFO  client.GrpcClientProtocolClient (GrpcClientProtocolClient.java:onNext(255)) - client-CEF4D3493DC0->4ee04582-2825-4055-a051-0465d62eb5ca: receive RaftClientReply:client-CEF4D3493DC0->4ee04582-2825-4055-a051-0465d62eb5ca@group-78E0FE5F723E, cid=968, SUCCESS, logIndex=1331, commits[4ee04582-2825-4055-a051-0465d62eb5ca:c1333, 97f5b9f0-d9ef-40b5-ba79-7414923e623f:c1329, 7d686585-d831-45bc-93fc-0a553b604b0e:c1329]
2019-07-08 23:04:54,058 INFO  client.GrpcClientProtocolClient (GrpcClientProtocolClient.java:onNext(255)) - client-CEF4D3493DC0->4ee04582-2825-4055-a051-0465d62eb5ca: receive RaftClientReply:client-CEF4D3493DC0->4ee04582-2825-4055-a051-0465d62eb5ca@group-78E0FE5F723E, cid=969, SUCCESS, logIndex=1335, commits[4ee04582-2825-4055-a051-0465d62eb5ca:c1336, 97f5b9f0-d9ef-40b5-ba79-7414923e623f:c1334, 7d686585-d831-45bc-93fc-0a553b604b0e:c1334]
2019-07-08 23:04:54,058 INFO  client.GrpcClientProtocolClient (GrpcClientProtocolClient.java:onNext(255)) - client-CEF4D3493DC0->4ee04582-2825-4055-a051-0465d62eb5ca: receive RaftClientReply:client-CEF4D3493DC0->4ee04582-2825-4055-a051-0465d62eb5ca@group-78E0FE5F723E, cid=970, SUCCESS, logIndex=1336, commits[4ee04582-2825-4055-a051-0465d62eb5ca:c1336, 97f5b9f0-d9ef-40b5-ba79-7414923e623f:c1334, 7d686585-d831-45bc-93fc-0a553b604b0e:c1334]
2019-07-08 23:04:54,076 INFO  client.GrpcClientProtocolClient (GrpcClientProtocolClient.java:onNext(255)) - client-CEF4D3493DC0->4ee04582-2825-4055-a051-0465d62eb5ca: receive RaftClientReply:client-CEF4D3493DC0->4ee04582-2825-4055-a051-0465d62eb5ca@group-78E0FE5F723E, cid=971, SUCCESS, logIndex=1339, commits[4ee04582-2825-4055-a051-0465d62eb5ca:c1340, 97f5b9f0-d9ef-40b5-ba79-7414923e623f:c1338, 7d686585-d831-45bc-93fc-0a553b604b0e:c1338]
2019-07-08 23:04:54,076 INFO  client.GrpcClientProtocolClient (GrpcClientProtocolClient.java:onNext(255)) - client-CEF4D3493DC0->4ee04582-2825-4055-a051-0465d62eb5ca: receive RaftClientReply:client-CEF4D3493DC0->4ee04582-2825-4055-a051-0465d62eb5ca@group-78E0FE5F723E, cid=972, SUCCESS, logIndex=1340, commits[4ee04582-2825-4055-a051-0465d62eb5ca:c1340, 97f5b9f0-d9ef-40b5-ba79-7414923e623f:c1338, 7d686585-d831-45bc-93fc-0a553b604b0e:c1338]
2019-07-08 23:04:54,078 INFO  client.GrpcClientProtocolClient (GrpcClientProtocolClient.java:onNext(255)) - client-CEF4D3493DC0->4ee04582-2825-4055-a051-0465d62eb5ca: receive RaftClientReply:client-CEF4D3493DC0->4ee04582-2825-4055-a051-0465d62eb5ca@group-78E0FE5F723E, cid=973, SUCCESS, logIndex=0, commits[4ee04582-2825-4055-a051-0465d62eb5ca:c1341, 97f5b9f0-d9ef-40b5-ba79-7414923e623f:c1340, 7d686585-d831-45bc-93fc-0a553b604b0e:c1340]
2019-07-08 23:04:54,215 INFO  client.GrpcClientProtocolClient (GrpcClientProtocolClient.java:onNext(255)) - client-CEF4D3493DC0->4ee04582-2825-4055-a051-0465d62eb5ca: receive RaftClientReply:client-CEF4D3493DC0->4ee04582-2825-4055-a051-0465d62eb5ca@group-78E0FE5F723E, cid=974, SUCCESS, logIndex=1343, commits[4ee04582-2825-4055-a051-0465d62eb5ca:c1344, 97f5b9f0-d9ef-40b5-ba79-7414923e623f:c1342, 7d686585-d831-45bc-93fc-0a553b604b0e:c1340]
2019-07-08 23:04:54,216 INFO  client.GrpcClientProtocolClient (GrpcClientProtocolClient.java:onNext(255)) - client-CEF4D3493DC0->4ee04582-2825-4055-a051-0465d62eb5ca: receive RaftClientReply:client-CEF4D3493DC0->4ee04582-2825-4055-a051-0465d62eb5ca@group-78E0FE5F723E, cid=975, SUCCESS, logIndex=1344, commits[4ee04582-2825-4055-a051-0465d62eb5ca:c1344, 97f5b9f0-d9ef-40b5-ba79-7414923e623f:c1342, 7d686585-d831-45bc-93fc-0a553b604b0e:c1340]
2019-07-08 23:04:54,219 INFO  client.GrpcClientProtocolClient (GrpcClientProtocolClient.java:onNext(255)) - client-CEF4D3493DC0->4ee04582-2825-4055-a051-0465d62eb5ca: receive RaftClientReply:client-CEF4D3493DC0->4ee04582-2825-4055-a051-0465d62eb5ca@group-78E0FE5F723E, cid=976, SUCCESS, logIndex=1345, commits[4ee04582-2825-4055-a051-0465d62eb5ca:c1347, 97f5b9f0-d9ef-40b5-ba79-7414923e623f:c1344, 7d686585-d831-45bc-93fc-0a553b604b0e:c1342]
2019-07-08 23:04:54,219 INFO  client.GrpcClientProtocolClient (GrpcClientProtocolClient.java:onNext(255)) - client-CEF4D3493DC0->4ee04582-2825-4055-a051-0465d62eb5ca: receive RaftClientReply:client-CEF4D3493DC0->4ee04582-2825-4055-a051-0465d62eb5ca@group-78E0FE5F723E, cid=977, SUCCESS, logIndex=1346, commits[4ee04582-2825-4055-a051-0465d62eb5ca:c1348, 97f5b9f0-d9ef-40b5-ba79-7414923e623f:c1344, 7d686585-d831-45bc-93fc-0a553b604b0e:c1342]
2019-07-08 23:04:54,221 INFO  client.GrpcClientProtocolClient (GrpcClientProtocolClient.java:onNext(255)) - client-CEF4D3493DC0->4ee04582-2825-4055-a051-0465d62eb5ca: receive RaftClientReply:client-CEF4D3493DC0->4ee04582-2825-4055-a051-0465d62eb5ca@group-78E0FE5F723E, cid=978, SUCCESS, logIndex=0, commits[4ee04582-2825-4055-a051-0465d62eb5ca:c1348, 97f5b9f0-d9ef-40b5-ba79-7414923e623f:c1344, 7d686585-d831-45bc-93fc-0a553b604b0e:c1344]
2019-07-08 23:04:54,237 INFO  client.GrpcClientProtocolClient (GrpcClientProtocolClient.java:onNext(255)) - client-CEF4D3493DC0->4ee04582-2825-4055-a051-0465d62eb5ca: receive RaftClientReply:client-CEF4D3493DC0->4ee04582-2825-4055-a051-0465d62eb5ca@group-78E0FE5F723E, cid=979, SUCCESS, logIndex=1351, commits[4ee04582-2825-4055-a051-0465d62eb5ca:c1352, 97f5b9f0-d9ef-40b5-ba79-7414923e623f:c1350, 7d686585-d831-45bc-93fc-0a553b604b0e:c1350]
2019-07-08 23:04:54,238 INFO  client.GrpcClientProtocolClient (GrpcClientProtocolClient.java:onNext(255)) - client-CEF4D3493DC0->4ee04582-2825-4055-a051-0465d62eb5ca: receive RaftClientReply:client-CEF4D3493DC0->4ee04582-2825-4055-a051-0465d62eb5ca@group-78E0FE5F723E, cid=980, SUCCESS, logIndex=1352, commits[4ee04582-2825-4055-a051-0465d62eb5ca:c1352, 97f5b9f0-d9ef-40b5-ba79-7414923e623f:c1350, 7d686585-d831-45bc-93fc-0a553b604b0e:c1350]
2019-07-08 23:04:54,253 INFO  client.GrpcClientProtocolClient (GrpcClientProtocolClient.java:onNext(255)) - client-CEF4D3493DC0->4ee04582-2825-4055-a051-0465d62eb5ca: receive RaftClientReply:client-CEF4D3493DC0->4ee04582-2825-4055-a051-0465d62eb5ca@group-78E0FE5F723E, cid=981, SUCCESS, logIndex=1355, commits[4ee04582-2825-4055-a051-0465d62eb5ca:c1356, 97f5b9f0-d9ef-40b5-ba79-7414923e623f:c1354, 7d686585-d831-45bc-93fc-0a553b604b0e:c1352]
2019-07-08 23:04:54,253 INFO  client.GrpcClientProtocolClient (GrpcClientProtocolClient.java:onNext(255)) - client-CEF4D3493DC0->4ee04582-2825-4055-a051-0465d62eb5ca: receive RaftClientReply:client-CEF4D3493DC0->4ee04582-2825-4055-a051-0465d62eb5ca@group-78E0FE5F723E, cid=982, SUCCESS, logIndex=1356, commits[4ee04582-2825-4055-a051-0465d62eb5ca:c1356, 97f5b9f0-d9ef-40b5-ba79-7414923e623f:c1354, 7d686585-d831-45bc-93fc-0a553b604b0e:c1354]
2019-07-08 23:04:54,255 INFO  client.GrpcClientProtocolClient (GrpcClientProtocolClient.java:onNext(255)) - client-CEF4D3493DC0->4ee04582-2825-4055-a051-0465d62eb5ca: receive RaftClientReply:client-CEF4D3493DC0->4ee04582-2825-4055-a051-0465d62eb5ca@group-78E0FE5F723E, cid=983, SUCCESS, logIndex=0, commits[4ee04582-2825-4055-a051-0465d62eb5ca:c1357, 97f5b9f0-d9ef-40b5-ba79-7414923e623f:c1356, 7d686585-d831-45bc-93fc-0a553b604b0e:c1356]
2019-07-08 23:04:54,278 INFO  client.GrpcClientProtocolClient (GrpcClientProtocolClient.java:onNext(255)) - client-CEF4D3493DC0->4ee04582-2825-4055-a051-0465d62eb5ca: receive RaftClientReply:client-CEF4D3493DC0->4ee04582-2825-4055-a051-0465d62eb5ca@group-78E0FE5F723E, cid=984, SUCCESS, logIndex=1359, commits[4ee04582-2825-4055-a051-0465d62eb5ca:c1360, 97f5b9f0-d9ef-40b5-ba79-7414923e623f:c1358, 7d686585-d831-45bc-93fc-0a553b604b0e:c1358]
2019-07-08 23:04:54,279 INFO  client.GrpcClientProtocolClient (GrpcClientProtocolClient.java:onNext(255)) - client-CEF4D3493DC0->4ee04582-2825-4055-a051-0465d62eb5ca: receive RaftClientReply:client-CEF4D3493DC0->4ee04582-2825-4055-a051-0465d62eb5ca@group-78E0FE5F723E, cid=985, SUCCESS, logIndex=1360, commits[4ee04582-2825-4055-a051-0465d62eb5ca:c1360, 97f5b9f0-d9ef-40b5-ba79-7414923e623f:c1358, 7d686585-d831-45bc-93fc-0a553b604b0e:c1358]
2019-07-08 23:04:54,280 INFO  client.GrpcClientProtocolClient (GrpcClientProtocolClient.java:onNext(255)) - client-CEF4D3493DC0->4ee04582-2825-4055-a051-0465d62eb5ca: receive RaftClientReply:client-CEF4D3493DC0->4ee04582-2825-4055-a051-0465d62eb5ca@group-78E0FE5F723E, cid=986, SUCCESS, logIndex=1361, commits[4ee04582-2825-4055-a051-0465d62eb5ca:c1362, 97f5b9f0-d9ef-40b5-ba79-7414923e623f:c1358, 7d686585-d831-45bc-93fc-0a553b604b0e:c1358]
2019-07-08 23:04:54,281 INFO  client.GrpcClientProtocolClient (GrpcClientProtocolClient.java:onNext(255)) - client-CEF4D3493DC0->4ee04582-2825-4055-a051-0465d62eb5ca: receive RaftClientReply:client-CEF4D3493DC0->4ee04582-2825-4055-a051-0465d62eb5ca@group-78E0FE5F723E, cid=987, SUCCESS, logIndex=1362, commits[4ee04582-2825-4055-a051-0465d62eb5ca:c1362, 97f5b9f0-d9ef-40b5-ba79-7414923e623f:c1358, 7d686585-d831-45bc-93fc-0a553b604b0e:c1358]
2019-07-08 23:04:54,283 INFO  client.GrpcClientProtocolClient (GrpcClientProtocolClient.java:onNext(255)) - client-CEF4D3493DC0->4ee04582-2825-4055-a051-0465d62eb5ca: receive RaftClientReply:client-CEF4D3493DC0->4ee04582-2825-4055-a051-0465d62eb5ca@group-78E0FE5F723E, cid=988, SUCCESS, logIndex=0, commits[4ee04582-2825-4055-a051-0465d62eb5ca:c1364, 97f5b9f0-d9ef-40b5-ba79-7414923e623f:c1360, 7d686585-d831-45bc-93fc-0a553b604b0e:c1360]
2019-07-08 23:04:54,307 INFO  client.GrpcClientProtocolClient (GrpcClientProtocolClient.java:onNext(255)) - client-CEF4D3493DC0->4ee04582-2825-4055-a051-0465d62eb5ca: receive RaftClientReply:client-CEF4D3493DC0->4ee04582-2825-4055-a051-0465d62eb5ca@group-78E0FE5F723E, cid=989, SUCCESS, logIndex=1367, commits[4ee04582-2825-4055-a051-0465d62eb5ca:c1368, 97f5b9f0-d9ef-40b5-ba79-7414923e623f:c1366, 7d686585-d831-45bc-93fc-0a553b604b0e:c1366]
2019-07-08 23:04:54,307 INFO  client.GrpcClientProtocolClient (GrpcClientProtocolClient.java:onNext(255)) - client-CEF4D3493DC0->4ee04582-2825-4055-a051-0465d62eb5ca: receive RaftClientReply:client-CEF4D3493DC0->4ee04582-2825-4055-a051-0465d62eb5ca@group-78E0FE5F723E, cid=990, SUCCESS, logIndex=1368, commits[4ee04582-2825-4055-a051-0465d62eb5ca:c1368, 97f5b9f0-d9ef-40b5-ba79-7414923e623f:c1366, 7d686585-d831-45bc-93fc-0a553b604b0e:c1366]
2019-07-08 23:04:54,321 INFO  client.GrpcClientProtocolClient (GrpcClientProtocolClient.java:onNext(255)) - client-CEF4D3493DC0->4ee04582-2825-4055-a051-0465d62eb5ca: receive RaftClientReply:client-CEF4D3493DC0->4ee04582-2825-4055-a051-0465d62eb5ca@group-78E0FE5F723E, cid=991, SUCCESS, logIndex=1371, commits[4ee04582-2825-4055-a051-0465d62eb5ca:c1372, 97f5b9f0-d9ef-40b5-ba79-7414923e623f:c1370, 7d686585-d831-45bc-93fc-0a553b604b0e:c1370]
2019-07-08 23:04:54,321 INFO  client.GrpcClientProtocolClient (GrpcClientProtocolClient.java:onNext(255)) - client-CEF4D3493DC0->4ee04582-2825-4055-a051-0465d62eb5ca: receive RaftClientReply:client-CEF4D3493DC0->4ee04582-2825-4055-a051-0465d62eb5ca@group-78E0FE5F723E, cid=992, SUCCESS, logIndex=1372, commits[4ee04582-2825-4055-a051-0465d62eb5ca:c1372, 97f5b9f0-d9ef-40b5-ba79-7414923e623f:c1370, 7d686585-d831-45bc-93fc-0a553b604b0e:c1370]
2019-07-08 23:04:54,322 INFO  client.GrpcClientProtocolClient (GrpcClientProtocolClient.java:onNext(255)) - client-CEF4D3493DC0->4ee04582-2825-4055-a051-0465d62eb5ca: receive RaftClientReply:client-CEF4D3493DC0->4ee04582-2825-4055-a051-0465d62eb5ca@group-78E0FE5F723E, cid=993, SUCCESS, logIndex=0, commits[4ee04582-2825-4055-a051-0465d62eb5ca:c1373, 97f5b9f0-d9ef-40b5-ba79-7414923e623f:c1372, 7d686585-d831-45bc-93fc-0a553b604b0e:c1372]
2019-07-08 23:04:54,337 INFO  client.GrpcClientProtocolClient (GrpcClientProtocolClient.java:onNext(255)) - client-CEF4D3493DC0->4ee04582-2825-4055-a051-0465d62eb5ca: receive RaftClientReply:client-CEF4D3493DC0->4ee04582-2825-4055-a051-0465d62eb5ca@group-78E0FE5F723E, cid=994, SUCCESS, logIndex=1375, commits[4ee04582-2825-4055-a051-0465d62eb5ca:c1376, 97f5b9f0-d9ef-40b5-ba79-7414923e623f:c1374, 7d686585-d831-45bc-93fc-0a553b604b0e:c1372]
2019-07-08 23:04:54,338 INFO  client.GrpcClientProtocolClient (GrpcClientProtocolClient.java:onNext(255)) - client-CEF4D3493DC0->4ee04582-2825-4055-a051-0465d62eb5ca: receive RaftClientReply:client-CEF4D3493DC0->4ee04582-2825-4055-a051-0465d62eb5ca@group-78E0FE5F723E, cid=995, SUCCESS, logIndex=1376, commits[4ee04582-2825-4055-a051-0465d62eb5ca:c1376, 97f5b9f0-d9ef-40b5-ba79-7414923e623f:c1374, 7d686585-d831-45bc-93fc-0a553b604b0e:c1374]
2019-07-08 23:04:54,339 INFO  client.GrpcClientProtocolClient (GrpcClientProtocolClient.java:onNext(255)) - client-CEF4D3493DC0->4ee04582-2825-4055-a051-0465d62eb5ca: receive RaftClientReply:client-CEF4D3493DC0->4ee04582-2825-4055-a051-0465d62eb5ca@group-78E0FE5F723E, cid=996, SUCCESS, logIndex=1377, commits[4ee04582-2825-4055-a051-0465d62eb5ca:c1377, 97f5b9f0-d9ef-40b5-ba79-7414923e623f:c1374, 7d686585-d831-45bc-93fc-0a553b604b0e:c1375]
2019-07-08 23:04:54,340 INFO  client.GrpcClientProtocolClient (GrpcClientProtocolClient.java:onNext(255)) - client-CEF4D3493DC0->4ee04582-2825-4055-a051-0465d62eb5ca: receive RaftClientReply:client-CEF4D3493DC0->4ee04582-2825-4055-a051-0465d62eb5ca@group-78E0FE5F723E, cid=997, SUCCESS, logIndex=1378, commits[4ee04582-2825-4055-a051-0465d62eb5ca:c1380, 97f5b9f0-d9ef-40b5-ba79-7414923e623f:c1376, 7d686585-d831-45bc-93fc-0a553b604b0e:c1376]
2019-07-08 23:04:54,353 INFO  client.GrpcClientProtocolClient (GrpcClientProtocolClient.java:onNext(255)) - client-CEF4D3493DC0->4ee04582-2825-4055-a051-0465d62eb5ca: receive RaftClientReply:client-CEF4D3493DC0->4ee04582-2825-4055-a051-0465d62eb5ca@group-78E0FE5F723E, cid=998, SUCCESS, logIndex=1383, commits[4ee04582-2825-4055-a051-0465d62eb5ca:c1384, 97f5b9f0-d9ef-40b5-ba79-7414923e623f:c1382, 7d686585-d831-45bc-93fc-0a553b604b0e:c1379]
2019-07-08 23:04:54,353 INFO  client.GrpcClientProtocolClient (GrpcClientProtocolClient.java:onNext(255)) - client-CEF4D3493DC0->4ee04582-2825-4055-a051-0465d62eb5ca: receive RaftClientReply:client-CEF4D3493DC0->4ee04582-2825-4055-a051-0465d62eb5ca@group-78E0FE5F723E, cid=999, SUCCESS, logIndex=1384, commits[4ee04582-2825-4055-a051-0465d62eb5ca:c1384, 97f5b9f0-d9ef-40b5-ba79-7414923e623f:c1382, 7d686585-d831-45bc-93fc-0a553b604b0e:c1382]
2019-07-08 23:04:54,366 INFO  client.GrpcClientProtocolClient (GrpcClientProtocolClient.java:onNext(255)) - client-CEF4D3493DC0->4ee04582-2825-4055-a051-0465d62eb5ca: receive RaftClientReply:client-CEF4D3493DC0->4ee04582-2825-4055-a051-0465d62eb5ca@group-78E0FE5F723E, cid=1000, SUCCESS, logIndex=1387, commits[4ee04582-2825-4055-a051-0465d62eb5ca:c1388, 97f5b9f0-d9ef-40b5-ba79-7414923e623f:c1386, 7d686585-d831-45bc-93fc-0a553b604b0e:c1386]
2019-07-08 23:04:54,366 INFO  client.GrpcClientProtocolClient (GrpcClientProtocolClient.java:onNext(255)) - client-CEF4D3493DC0->4ee04582-2825-4055-a051-0465d62eb5ca: receive RaftClientReply:client-CEF4D3493DC0->4ee04582-2825-4055-a051-0465d62eb5ca@group-78E0FE5F723E, cid=1001, SUCCESS, logIndex=1388, commits[4ee04582-2825-4055-a051-0465d62eb5ca:c1388, 97f5b9f0-d9ef-40b5-ba79-7414923e623f:c1386, 7d686585-d831-45bc-93fc-0a553b604b0e:c1386]
2019-07-08 23:04:54,369 INFO  client.GrpcClientProtocolClient (GrpcClientProtocolClient.java:onNext(255)) - client-CEF4D3493DC0->4ee04582-2825-4055-a051-0465d62eb5ca: receive RaftClientReply:client-CEF4D3493DC0->4ee04582-2825-4055-a051-0465d62eb5ca@group-78E0FE5F723E, cid=1002, SUCCESS, logIndex=0, commits[4ee04582-2825-4055-a051-0465d62eb5ca:c1389, 97f5b9f0-d9ef-40b5-ba79-7414923e623f:c1388, 7d686585-d831-45bc-93fc-0a553b604b0e:c1388]
2019-07-08 23:04:54,382 INFO  client.GrpcClientProtocolClient (GrpcClientProtocolClient.java:onNext(255)) - client-CEF4D3493DC0->4ee04582-2825-4055-a051-0465d62eb5ca: receive RaftClientReply:client-CEF4D3493DC0->4ee04582-2825-4055-a051-0465d62eb5ca@group-78E0FE5F723E, cid=1003, SUCCESS, logIndex=1391, commits[4ee04582-2825-4055-a051-0465d62eb5ca:c1392, 97f5b9f0-d9ef-40b5-ba79-7414923e623f:c1390, 7d686585-d831-45bc-93fc-0a553b604b0e:c1388]
2019-07-08 23:04:54,383 INFO  client.GrpcClientProtocolClient (GrpcClientProtocolClient.java:onNext(255)) - client-CEF4D3493DC0->4ee04582-2825-4055-a051-0465d62eb5ca: receive RaftClientReply:client-CEF4D3493DC0->4ee04582-2825-4055-a051-0465d62eb5ca@group-78E0FE5F723E, cid=1004, SUCCESS, logIndex=1392, commits[4ee04582-2825-4055-a051-0465d62eb5ca:c1392, 97f5b9f0-d9ef-40b5-ba79-7414923e623f:c1390, 7d686585-d831-45bc-93fc-0a553b604b0e:c1390]
2019-07-08 23:04:54,385 INFO  client.GrpcClientProtocolClient (GrpcClientProtocolClient.java:onNext(255)) - client-CEF4D3493DC0->4ee04582-2825-4055-a051-0465d62eb5ca: receive RaftClientReply:client-CEF4D3493DC0->4ee04582-2825-4055-a051-0465d62eb5ca@group-78E0FE5F723E, cid=1005, SUCCESS, logIndex=1393, commits[4ee04582-2825-4055-a051-0465d62eb5ca:c1395, 97f5b9f0-d9ef-40b5-ba79-7414923e623f:c1392, 7d686585-d831-45bc-93fc-0a553b604b0e:c1390]
2019-07-08 23:04:54,386 INFO  client.GrpcClientProtocolClient (GrpcClientProtocolClient.java:onNext(255)) - client-CEF4D3493DC0->4ee04582-2825-4055-a051-0465d62eb5ca: receive RaftClientReply:client-CEF4D3493DC0->4ee04582-2825-4055-a051-0465d62eb5ca@group-78E0FE5F723E, cid=1006, SUCCESS, logIndex=1394, commits[4ee04582-2825-4055-a051-0465d62eb5ca:c1396, 97f5b9f0-d9ef-40b5-ba79-7414923e623f:c1392, 7d686585-d831-45bc-93fc-0a553b604b0e:c1392]
2019-07-08 23:04:54,398 INFO  client.GrpcClientProtocolClient (GrpcClientProtocolClient.java:onNext(255)) - client-CEF4D3493DC0->4ee04582-2825-4055-a051-0465d62eb5ca: receive RaftClientReply:client-CEF4D3493DC0->4ee04582-2825-4055-a051-0465d62eb5ca@group-78E0FE5F723E, cid=1007, SUCCESS, logIndex=1399, commits[4ee04582-2825-4055-a051-0465d62eb5ca:c1400, 97f5b9f0-d9ef-40b5-ba79-7414923e623f:c1398, 7d686585-d831-45bc-93fc-0a553b604b0e:c1394]
2019-07-08 23:04:54,398 INFO  client.GrpcClientProtocolClient (GrpcClientProtocolClient.java:onNext(255)) - client-CEF4D3493DC0->4ee04582-2825-4055-a051-0465d62eb5ca: receive RaftClientReply:client-CEF4D3493DC0->4ee04582-2825-4055-a051-0465d62eb5ca@group-78E0FE5F723E, cid=1008, SUCCESS, logIndex=1400, commits[4ee04582-2825-4055-a051-0465d62eb5ca:c1400, 97f5b9f0-d9ef-40b5-ba79-7414923e623f:c1398, 7d686585-d831-45bc-93fc-0a553b604b0e:c1394]
2019-07-08 23:04:54,411 INFO  client.GrpcClientProtocolClient (GrpcClientProtocolClient.java:onNext(255)) - client-CEF4D3493DC0->4ee04582-2825-4055-a051-0465d62eb5ca: receive RaftClientReply:client-CEF4D3493DC0->4ee04582-2825-4055-a051-0465d62eb5ca@group-78E0FE5F723E, cid=1009, SUCCESS, logIndex=1403, commits[4ee04582-2825-4055-a051-0465d62eb5ca:c1404, 97f5b9f0-d9ef-40b5-ba79-7414923e623f:c1402, 7d686585-d831-45bc-93fc-0a553b604b0e:c1402]
2019-07-08 23:04:54,411 INFO  client.GrpcClientProtocolClient (GrpcClientProtocolClient.java:onNext(255)) - client-CEF4D3493DC0->4ee04582-2825-4055-a051-0465d62eb5ca: receive RaftClientReply:client-CEF4D3493DC0->4ee04582-2825-4055-a051-0465d62eb5ca@group-78E0FE5F723E, cid=1010, SUCCESS, logIndex=1404, commits[4ee04582-2825-4055-a051-0465d62eb5ca:c1404, 97f5b9f0-d9ef-40b5-ba79-7414923e623f:c1402, 7d686585-d831-45bc-93fc-0a553b604b0e:c1402]
2019-07-08 23:04:54,413 INFO  client.GrpcClientProtocolClient (GrpcClientProtocolClient.java:onNext(255)) - client-CEF4D3493DC0->4ee04582-2825-4055-a051-0465d62eb5ca: receive RaftClientReply:client-CEF4D3493DC0->4ee04582-2825-4055-a051-0465d62eb5ca@group-78E0FE5F723E, cid=1011, SUCCESS, logIndex=0, commits[4ee04582-2825-4055-a051-0465d62eb5ca:c1405, 97f5b9f0-d9ef-40b5-ba79-7414923e623f:c1404, 7d686585-d831-45bc-93fc-0a553b604b0e:c1404]
2019-07-08 23:04:54,428 INFO  client.GrpcClientProtocolClient (GrpcClientProtocolClient.java:onNext(255)) - client-CEF4D3493DC0->4ee04582-2825-4055-a051-0465d62eb5ca: receive RaftClientReply:client-CEF4D3493DC0->4ee04582-2825-4055-a051-0465d62eb5ca@group-78E0FE5F723E, cid=1012, SUCCESS, logIndex=1407, commits[4ee04582-2825-4055-a051-0465d62eb5ca:c1410, 97f5b9f0-d9ef-40b5-ba79-7414923e623f:c1404, 7d686585-d831-45bc-93fc-0a553b604b0e:c1406]
2019-07-08 23:04:54,429 INFO  client.GrpcClientProtocolClient (GrpcClientProtocolClient.java:onNext(255)) - client-CEF4D3493DC0->4ee04582-2825-4055-a051-0465d62eb5ca: receive RaftClientReply:client-CEF4D3493DC0->4ee04582-2825-4055-a051-0465d62eb5ca@group-78E0FE5F723E, cid=1013, SUCCESS, logIndex=1408, commits[4ee04582-2825-4055-a051-0465d62eb5ca:c1410, 97f5b9f0-d9ef-40b5-ba79-7414923e623f:c1406, 7d686585-d831-45bc-93fc-0a553b604b0e:c1406]
2019-07-08 23:04:54,429 INFO  client.GrpcClientProtocolClient (GrpcClientProtocolClient.java:onNext(255)) - client-CEF4D3493DC0->4ee04582-2825-4055-a051-0465d62eb5ca: receive RaftClientReply:client-CEF4D3493DC0->4ee04582-2825-4055-a051-0465d62eb5ca@group-78E0FE5F723E, cid=1014, SUCCESS, logIndex=1409, commits[4ee04582-2825-4055-a051-0465d62eb5ca:c1410, 97f5b9f0-d9ef-40b5-ba79-7414923e623f:c1406, 7d686585-d831-45bc-93fc-0a553b604b0e:c1406]
2019-07-08 23:04:54,429 INFO  client.GrpcClientProtocolClient (GrpcClientProtocolClient.java:onNext(255)) - client-CEF4D3493DC0->4ee04582-2825-4055-a051-0465d62eb5ca: receive RaftClientReply:client-CEF4D3493DC0->4ee04582-2825-4055-a051-0465d62eb5ca@group-78E0FE5F723E, cid=1015, SUCCESS, logIndex=1410, commits[4ee04582-2825-4055-a051-0465d62eb5ca:c1410, 97f5b9f0-d9ef-40b5-ba79-7414923e623f:c1406, 7d686585-d831-45bc-93fc-0a553b604b0e:c1406]
2019-07-08 23:04:54,435 INFO  client.GrpcClientProtocolClient (GrpcClientProtocolClient.java:onNext(255)) - client-CEF4D3493DC0->4ee04582-2825-4055-a051-0465d62eb5ca: receive RaftClientReply:client-CEF4D3493DC0->4ee04582-2825-4055-a051-0465d62eb5ca@group-78E0FE5F723E, cid=1016, SUCCESS, logIndex=0, commits[4ee04582-2825-4055-a051-0465d62eb5ca:c1412, 97f5b9f0-d9ef-40b5-ba79-7414923e623f:c1409, 7d686585-d831-45bc-93fc-0a553b604b0e:c1408]
2019-07-08 23:04:54,450 INFO  client.GrpcClientProtocolClient (GrpcClientProtocolClient.java:onNext(255)) - client-CEF4D3493DC0->4ee04582-2825-4055-a051-0465d62eb5ca: receive RaftClientReply:client-CEF4D3493DC0->4ee04582-2825-4055-a051-0465d62eb5ca@group-78E0FE5F723E, cid=1017, SUCCESS, logIndex=1415, commits[4ee04582-2825-4055-a051-0465d62eb5ca:c1416, 97f5b9f0-d9ef-40b5-ba79-7414923e623f:c1414, 7d686585-d831-45bc-93fc-0a553b604b0e:c1414]
2019-07-08 23:04:54,450 INFO  client.GrpcClientProtocolClient (GrpcClientProtocolClient.java:onNext(255)) - client-CEF4D3493DC0->4ee04582-2825-4055-a051-0465d62eb5ca: receive RaftClientReply:client-CEF4D3493DC0->4ee04582-2825-4055-a051-0465d62eb5ca@group-78E0FE5F723E, cid=1018, SUCCESS, logIndex=1416, commits[4ee04582-2825-4055-a051-0465d62eb5ca:c1416, 97f5b9f0-d9ef-40b5-ba79-7414923e623f:c1414, 7d686585-d831-45bc-93fc-0a553b604b0e:c1414]
2019-07-08 23:04:54,462 INFO  client.GrpcClientProtocolClient (GrpcClientProtocolClient.java:onNext(255)) - client-CEF4D3493DC0->4ee04582-2825-4055-a051-0465d62eb5ca: receive RaftClientReply:client-CEF4D3493DC0->4ee04582-2825-4055-a051-0465d62eb5ca@group-78E0FE5F723E, cid=1019, SUCCESS, logIndex=1419, commits[4ee04582-2825-4055-a051-0465d62eb5ca:c1420, 97f5b9f0-d9ef-40b5-ba79-7414923e623f:c1416, 7d686585-d831-45bc-93fc-0a553b604b0e:c1416]
2019-07-08 23:04:54,462 INFO  client.GrpcClientProtocolClient (GrpcClientProtocolClient.java:onNext(255)) - client-CEF4D3493DC0->4ee04582-2825-4055-a051-0465d62eb5ca: receive RaftClientReply:client-CEF4D3493DC0->4ee04582-2825-4055-a051-0465d62eb5ca@group-78E0FE5F723E, cid=1020, SUCCESS, logIndex=1420, commits[4ee04582-2825-4055-a051-0465d62eb5ca:c1420, 97f5b9f0-d9ef-40b5-ba79-7414923e623f:c1416, 7d686585-d831-45bc-93fc-0a553b604b0e:c1416]
2019-07-08 23:04:54,464 INFO  client.GrpcClientProtocolClient (GrpcClientProtocolClient.java:onNext(255)) - client-CEF4D3493DC0->4ee04582-2825-4055-a051-0465d62eb5ca: receive RaftClientReply:client-CEF4D3493DC0->4ee04582-2825-4055-a051-0465d62eb5ca@group-78E0FE5F723E, cid=1021, SUCCESS, logIndex=0, commits[4ee04582-2825-4055-a051-0465d62eb5ca:c1420, 97f5b9f0-d9ef-40b5-ba79-7414923e623f:c1420, 7d686585-d831-45bc-93fc-0a553b604b0e:c1420]
2019-07-08 23:04:54,476 INFO  client.GrpcClientProtocolClient (GrpcClientProtocolClient.java:onNext(255)) - client-CEF4D3493DC0->4ee04582-2825-4055-a051-0465d62eb5ca: receive RaftClientReply:client-CEF4D3493DC0->4ee04582-2825-4055-a051-0465d62eb5ca@group-78E0FE5F723E, cid=1022, SUCCESS, logIndex=1423, commits[4ee04582-2825-4055-a051-0465d62eb5ca:c1424, 97f5b9f0-d9ef-40b5-ba79-7414923e623f:c1420, 7d686585-d831-45bc-93fc-0a553b604b0e:c1422]
2019-07-08 23:04:54,477 INFO  client.GrpcClientProtocolClient (GrpcClientProtocolClient.java:onNext(255)) - client-CEF4D3493DC0->4ee04582-2825-4055-a051-0465d62eb5ca: receive RaftClientReply:client-CEF4D3493DC0->4ee04582-2825-4055-a051-0465d62eb5ca@group-78E0FE5F723E, cid=1023, SUCCESS, logIndex=1424, commits[4ee04582-2825-4055-a051-0465d62eb5ca:c1424, 97f5b9f0-d9ef-40b5-ba79-7414923e623f:c1420, 7d686585-d831-45bc-93fc-0a553b604b0e:c1422]
2019-07-08 23:04:54,478 INFO  client.GrpcClientProtocolClient (GrpcClientProtocolClient.java:onNext(255)) - client-CEF4D3493DC0->4ee04582-2825-4055-a051-0465d62eb5ca: receive RaftClientReply:client-CEF4D3493DC0->4ee04582-2825-4055-a051-0465d62eb5ca@group-78E0FE5F723E, cid=1024, SUCCESS, logIndex=1425, commits[4ee04582-2825-4055-a051-0465d62eb5ca:c1426, 97f5b9f0-d9ef-40b5-ba79-7414923e623f:c1422, 7d686585-d831-45bc-93fc-0a553b604b0e:c1422]
2019-07-08 23:04:54,478 INFO  client.GrpcClientProtocolClient (GrpcClientProtocolClient.java:onNext(255)) - client-CEF4D3493DC0->4ee04582-2825-4055-a051-0465d62eb5ca: receive RaftClientReply:client-CEF4D3493DC0->4ee04582-2825-4055-a051-0465d62eb5ca@group-78E0FE5F723E, cid=1025, SUCCESS, logIndex=1426, commits[4ee04582-2825-4055-a051-0465d62eb5ca:c1427, 97f5b9f0-d9ef-40b5-ba79-7414923e623f:c1424, 7d686585-d831-45bc-93fc-0a553b604b0e:c1422]
2019-07-08 23:04:54,479 INFO  client.GrpcClientProtocolClient (GrpcClientProtocolClient.java:onNext(255)) - client-CEF4D3493DC0->4ee04582-2825-4055-a051-0465d62eb5ca: receive RaftClientReply:client-CEF4D3493DC0->4ee04582-2825-4055-a051-0465d62eb5ca@group-78E0FE5F723E, cid=1026, SUCCESS, logIndex=0, commits[4ee04582-2825-4055-a051-0465d62eb5ca:c1430, 97f5b9f0-d9ef-40b5-ba79-7414923e623f:c1426, 7d686585-d831-45bc-93fc-0a553b604b0e:c1424]
2019-07-08 23:04:54,490 INFO  client.GrpcClientProtocolClient (GrpcClientProtocolClient.java:onNext(255)) - client-CEF4D3493DC0->4ee04582-2825-4055-a051-0465d62eb5ca: receive RaftClientReply:client-CEF4D3493DC0->4ee04582-2825-4055-a051-0465d62eb5ca@group-78E0FE5F723E, cid=1027, SUCCESS, logIndex=1431, commits[4ee04582-2825-4055-a051-0465d62eb5ca:c1432, 97f5b9f0-d9ef-40b5-ba79-7414923e623f:c1430, 7d686585-d831-45bc-93fc-0a553b604b0e:c1430]
2019-07-08 23:04:54,490 INFO  client.GrpcClientProtocolClient (GrpcClientProtocolClient.java:onNext(255)) - client-CEF4D3493DC0->4ee04582-2825-4055-a051-0465d62eb5ca: receive RaftClientReply:client-CEF4D3493DC0->4ee04582-2825-4055-a051-0465d62eb5ca@group-78E0FE5F723E, cid=1028, SUCCESS, logIndex=1432, commits[4ee04582-2825-4055-a051-0465d62eb5ca:c1432, 97f5b9f0-d9ef-40b5-ba79-7414923e623f:c1430, 7d686585-d831-45bc-93fc-0a553b604b0e:c1430]
2019-07-08 23:04:54,502 INFO  client.GrpcClientProtocolClient (GrpcClientProtocolClient.java:onNext(255)) - client-CEF4D3493DC0->4ee04582-2825-4055-a051-0465d62eb5ca: receive RaftClientReply:client-CEF4D3493DC0->4ee04582-2825-4055-a051-0465d62eb5ca@group-78E0FE5F723E, cid=1029, SUCCESS, logIndex=1435, commits[4ee04582-2825-4055-a051-0465d62eb5ca:c1436, 97f5b9f0-d9ef-40b5-ba79-7414923e623f:c1434, 7d686585-d831-45bc-93fc-0a553b604b0e:c1432]
2019-07-08 23:04:54,503 INFO  client.GrpcClientProtocolClient (GrpcClientProtocolClient.java:onNext(255)) - client-CEF4D3493DC0->4ee04582-2825-4055-a051-0465d62eb5ca: receive RaftClientReply:client-CEF4D3493DC0->4ee04582-2825-4055-a051-0465d62eb5ca@group-78E0FE5F723E, cid=1030, SUCCESS, logIndex=1436, commits[4ee04582-2825-4055-a051-0465d62eb5ca:c1436, 97f5b9f0-d9ef-40b5-ba79-7414923e623f:c1434, 7d686585-d831-45bc-93fc-0a553b604b0e:c1432]
2019-07-08 23:04:54,507 INFO  client.GrpcClientProtocolClient (GrpcClientProtocolClient.java:onNext(255)) - client-CEF4D3493DC0->4ee04582-2825-4055-a051-0465d62eb5ca: receive RaftClientReply:client-CEF4D3493DC0->4ee04582-2825-4055-a051-0465d62eb5ca@group-78E0FE5F723E, cid=1031, SUCCESS, logIndex=0, commits[4ee04582-2825-4055-a051-0465d62eb5ca:c1438, 97f5b9f0-d9ef-40b5-ba79-7414923e623f:c1436, 7d686585-d831-45bc-93fc-0a553b604b0e:c1436]
2019-07-08 23:04:54,523 INFO  client.GrpcClientProtocolClient (GrpcClientProtocolClient.java:onNext(255)) - client-CEF4D3493DC0->4ee04582-2825-4055-a051-0465d62eb5ca: receive RaftClientReply:client-CEF4D3493DC0->4ee04582-2825-4055-a051-0465d62eb5ca@group-78E0FE5F723E, cid=1032, SUCCESS, logIndex=1439, commits[4ee04582-2825-4055-a051-0465d62eb5ca:c1441, 97f5b9f0-d9ef-40b5-ba79-7414923e623f:c1438, 7d686585-d831-45bc-93fc-0a553b604b0e:c1438]
2019-07-08 23:04:54,524 INFO  client.GrpcClientProtocolClient (GrpcClientProtocolClient.java:onNext(255)) - client-CEF4D3493DC0->4ee04582-2825-4055-a051-0465d62eb5ca: receive RaftClientReply:client-CEF4D3493DC0->4ee04582-2825-4055-a051-0465d62eb5ca@group-78E0FE5F723E, cid=1033, SUCCESS, logIndex=1440, commits[4ee04582-2825-4055-a051-0465d62eb5ca:c1442, 97f5b9f0-d9ef-40b5-ba79-7414923e623f:c1438, 7d686585-d831-45bc-93fc-0a553b604b0e:c1438]
2019-07-08 23:04:54,524 INFO  client.GrpcClientProtocolClient (GrpcClientProtocolClient.java:onNext(255)) - client-CEF4D3493DC0->4ee04582-2825-4055-a051-0465d62eb5ca: receive RaftClientReply:client-CEF4D3493DC0->4ee04582-2825-4055-a051-0465d62eb5ca@group-78E0FE5F723E, cid=1034, SUCCESS, logIndex=1441, commits[4ee04582-2825-4055-a051-0465d62eb5ca:c1442, 97f5b9f0-d9ef-40b5-ba79-7414923e623f:c1438, 7d686585-d831-45bc-93fc-0a553b604b0e:c1438]
2019-07-08 23:04:54,525 INFO  client.GrpcClientProtocolClient (GrpcClientProtocolClient.java:onNext(255)) - client-CEF4D3493DC0->4ee04582-2825-4055-a051-0465d62eb5ca: receive RaftClientReply:client-CEF4D3493DC0->4ee04582-2825-4055-a051-0465d62eb5ca@group-78E0FE5F723E, cid=1035, SUCCESS, logIndex=1442, commits[4ee04582-2825-4055-a051-0465d62eb5ca:c1442, 97f5b9f0-d9ef-40b5-ba79-7414923e623f:c1438, 7d686585-d831-45bc-93fc-0a553b604b0e:c1438]
2019-07-08 23:04:54,529 INFO  client.GrpcClientProtocolClient (GrpcClientProtocolClient.java:onNext(255)) - client-CEF4D3493DC0->4ee04582-2825-4055-a051-0465d62eb5ca: receive RaftClientReply:client-CEF4D3493DC0->4ee04582-2825-4055-a051-0465d62eb5ca@group-78E0FE5F723E, cid=1036, SUCCESS, logIndex=0, commits[4ee04582-2825-4055-a051-0465d62eb5ca:c1445, 97f5b9f0-d9ef-40b5-ba79-7414923e623f:c1441, 7d686585-d831-45bc-93fc-0a553b604b0e:c1440]
2019-07-08 23:04:54,541 INFO  client.GrpcClientProtocolClient (GrpcClientProtocolClient.java:onNext(255)) - client-CEF4D3493DC0->4ee04582-2825-4055-a051-0465d62eb5ca: receive RaftClientReply:client-CEF4D3493DC0->4ee04582-2825-4055-a051-0465d62eb5ca@group-78E0FE5F723E, cid=1037, SUCCESS, logIndex=1447, commits[4ee04582-2825-4055-a051-0465d62eb5ca:c1448, 97f5b9f0-d9ef-40b5-ba79-7414923e623f:c1446, 7d686585-d831-45bc-93fc-0a553b604b0e:c1446]
2019-07-08 23:04:54,542 INFO  client.GrpcClientProtocolClient (GrpcClientProtocolClient.java:onNext(255)) - client-CEF4D3493DC0->4ee04582-2825-4055-a051-0465d62eb5ca: receive RaftClientReply:client-CEF4D3493DC0->4ee04582-2825-4055-a051-0465d62eb5ca@group-78E0FE5F723E, cid=1038, SUCCESS, logIndex=1448, commits[4ee04582-2825-4055-a051-0465d62eb5ca:c1448, 97f5b9f0-d9ef-40b5-ba79-7414923e623f:c1446, 7d686585-d831-45bc-93fc-0a553b604b0e:c1446]
2019-07-08 23:04:54,554 INFO  client.GrpcClientProtocolClient (GrpcClientProtocolClient.java:onNext(255)) - client-CEF4D3493DC0->4ee04582-2825-4055-a051-0465d62eb5ca: receive RaftClientReply:client-CEF4D3493DC0->4ee04582-2825-4055-a051-0465d62eb5ca@group-78E0FE5F723E, cid=1039, SUCCESS, logIndex=1451, commits[4ee04582-2825-4055-a051-0465d62eb5ca:c1452, 97f5b9f0-d9ef-40b5-ba79-7414923e623f:c1450, 7d686585-d831-45bc-93fc-0a553b604b0e:c1450]
2019-07-08 23:04:54,554 INFO  client.GrpcClientProtocolClient (GrpcClientProtocolClient.java:onNext(255)) - client-CEF4D3493DC0->4ee04582-2825-4055-a051-0465d62eb5ca: receive RaftClientReply:client-CEF4D3493DC0->4ee04582-2825-4055-a051-0465d62eb5ca@group-78E0FE5F723E, cid=1040, SUCCESS, logIndex=1452, commits[4ee04582-2825-4055-a051-0465d62eb5ca:c1452, 97f5b9f0-d9ef-40b5-ba79-7414923e623f:c1450, 7d686585-d831-45bc-93fc-0a553b604b0e:c1450]
2019-07-08 23:04:54,556 INFO  client.GrpcClientProtocolClient (GrpcClientProtocolClient.java:onNext(255)) - client-CEF4D3493DC0->4ee04582-2825-4055-a051-0465d62eb5ca: receive RaftClientReply:client-CEF4D3493DC0->4ee04582-2825-4055-a051-0465d62eb5ca@group-78E0FE5F723E, cid=1041, SUCCESS, logIndex=0, commits[4ee04582-2825-4055-a051-0465d62eb5ca:c1453, 97f5b9f0-d9ef-40b5-ba79-7414923e623f:c1452, 7d686585-d831-45bc-93fc-0a553b604b0e:c1452]
2019-07-08 23:04:54,680 INFO  client.GrpcClientProtocolClient (GrpcClientProtocolClient.java:onNext(255)) - client-CEF4D3493DC0->4ee04582-2825-4055-a051-0465d62eb5ca: receive RaftClientReply:client-CEF4D3493DC0->4ee04582-2825-4055-a051-0465d62eb5ca@group-78E0FE5F723E, cid=1042, SUCCESS, logIndex=1455, commits[4ee04582-2825-4055-a051-0465d62eb5ca:c1456, 97f5b9f0-d9ef-40b5-ba79-7414923e623f:c1454, 7d686585-d831-45bc-93fc-0a553b604b0e:c1452]
2019-07-08 23:04:54,680 INFO  client.GrpcClientProtocolClient (GrpcClientProtocolClient.java:onNext(255)) - client-CEF4D3493DC0->4ee04582-2825-4055-a051-0465d62eb5ca: receive RaftClientReply:client-CEF4D3493DC0->4ee04582-2825-4055-a051-0465d62eb5ca@group-78E0FE5F723E, cid=1043, SUCCESS, logIndex=1456, commits[4ee04582-2825-4055-a051-0465d62eb5ca:c1456, 97f5b9f0-d9ef-40b5-ba79-7414923e623f:c1454, 7d686585-d831-45bc-93fc-0a553b604b0e:c1454]
2019-07-08 23:04:54,682 INFO  client.GrpcClientProtocolClient (GrpcClientProtocolClient.java:onNext(255)) - client-CEF4D3493DC0->4ee04582-2825-4055-a051-0465d62eb5ca: receive RaftClientReply:client-CEF4D3493DC0->4ee04582-2825-4055-a051-0465d62eb5ca@group-78E0FE5F723E, cid=1044, SUCCESS, logIndex=1457, commits[4ee04582-2825-4055-a051-0465d62eb5ca:c1457, 97f5b9f0-d9ef-40b5-ba79-7414923e623f:c1454, 7d686585-d831-45bc-93fc-0a553b604b0e:c1454]
2019-07-08 23:04:54,683 INFO  client.GrpcClientProtocolClient (GrpcClientProtocolClient.java:onNext(255)) - client-CEF4D3493DC0->4ee04582-2825-4055-a051-0465d62eb5ca: receive RaftClientReply:client-CEF4D3493DC0->4ee04582-2825-4055-a051-0465d62eb5ca@group-78E0FE5F723E, cid=1045, SUCCESS, logIndex=1458, commits[4ee04582-2825-4055-a051-0465d62eb5ca:c1458, 97f5b9f0-d9ef-40b5-ba79-7414923e623f:c1454, 7d686585-d831-45bc-93fc-0a553b604b0e:c1454]
2019-07-08 23:04:54,684 INFO  client.GrpcClientProtocolClient (GrpcClientProtocolClient.java:onNext(255)) - client-CEF4D3493DC0->4ee04582-2825-4055-a051-0465d62eb5ca: receive RaftClientReply:client-CEF4D3493DC0->4ee04582-2825-4055-a051-0465d62eb5ca@group-78E0FE5F723E, cid=1046, SUCCESS, logIndex=0, commits[4ee04582-2825-4055-a051-0465d62eb5ca:c1460, 97f5b9f0-d9ef-40b5-ba79-7414923e623f:c1456, 7d686585-d831-45bc-93fc-0a553b604b0e:c1456]
2019-07-08 23:04:54,707 INFO  client.GrpcClientProtocolClient (GrpcClientProtocolClient.java:onNext(255)) - client-CEF4D3493DC0->4ee04582-2825-4055-a051-0465d62eb5ca: receive RaftClientReply:client-CEF4D3493DC0->4ee04582-2825-4055-a051-0465d62eb5ca@group-78E0FE5F723E, cid=1047, SUCCESS, logIndex=1463, commits[4ee04582-2825-4055-a051-0465d62eb5ca:c1464, 97f5b9f0-d9ef-40b5-ba79-7414923e623f:c1462, 7d686585-d831-45bc-93fc-0a553b604b0e:c1462]
2019-07-08 23:04:54,708 INFO  client.GrpcClientProtocolClient (GrpcClientProtocolClient.java:onNext(255)) - client-CEF4D3493DC0->4ee04582-2825-4055-a051-0465d62eb5ca: receive RaftClientReply:client-CEF4D3493DC0->4ee04582-2825-4055-a051-0465d62eb5ca@group-78E0FE5F723E, cid=1048, SUCCESS, logIndex=1464, commits[4ee04582-2825-4055-a051-0465d62eb5ca:c1464, 97f5b9f0-d9ef-40b5-ba79-7414923e623f:c1462, 7d686585-d831-45bc-93fc-0a553b604b0e:c1462]
2019-07-08 23:04:54,722 INFO  client.GrpcClientProtocolClient (GrpcClientProtocolClient.java:onNext(255)) - client-CEF4D3493DC0->4ee04582-2825-4055-a051-0465d62eb5ca: receive RaftClientReply:client-CEF4D3493DC0->4ee04582-2825-4055-a051-0465d62eb5ca@group-78E0FE5F723E, cid=1049, SUCCESS, logIndex=1467, commits[4ee04582-2825-4055-a051-0465d62eb5ca:c1468, 97f5b9f0-d9ef-40b5-ba79-7414923e623f:c1466, 7d686585-d831-45bc-93fc-0a553b604b0e:c1464]
2019-07-08 23:04:54,723 INFO  client.GrpcClientProtocolClient (GrpcClientProtocolClient.java:onNext(255)) - client-CEF4D3493DC0->4ee04582-2825-4055-a051-0465d62eb5ca: receive RaftClientReply:client-CEF4D3493DC0->4ee04582-2825-4055-a051-0465d62eb5ca@group-78E0FE5F723E, cid=1050, SUCCESS, logIndex=1468, commits[4ee04582-2825-4055-a051-0465d62eb5ca:c1468, 97f5b9f0-d9ef-40b5-ba79-7414923e623f:c1466, 7d686585-d831-45bc-93fc-0a553b604b0e:c1466]
2019-07-08 23:04:54,724 INFO  client.GrpcClientProtocolClient (GrpcClientProtocolClient.java:onNext(255)) - client-CEF4D3493DC0->4ee04582-2825-4055-a051-0465d62eb5ca: receive RaftClientReply:client-CEF4D3493DC0->4ee04582-2825-4055-a051-0465d62eb5ca@group-78E0FE5F723E, cid=1051, SUCCESS, logIndex=0, commits[4ee04582-2825-4055-a051-0465d62eb5ca:c1469, 97f5b9f0-d9ef-40b5-ba79-7414923e623f:c1468, 7d686585-d831-45bc-93fc-0a553b604b0e:c1468]
2019-07-08 23:04:54,740 INFO  client.GrpcClientProtocolClient (GrpcClientProtocolClient.java:onNext(255)) - client-CEF4D3493DC0->4ee04582-2825-4055-a051-0465d62eb5ca: receive RaftClientReply:client-CEF4D3493DC0->4ee04582-2825-4055-a051-0465d62eb5ca@group-78E0FE5F723E, cid=1052, SUCCESS, logIndex=1471, commits[4ee04582-2825-4055-a051-0465d62eb5ca:c1472, 97f5b9f0-d9ef-40b5-ba79-7414923e623f:c1470, 7d686585-d831-45bc-93fc-0a553b604b0e:c1468]
2019-07-08 23:04:54,740 INFO  client.GrpcClientProtocolClient (GrpcClientProtocolClient.java:onNext(255)) - client-CEF4D3493DC0->4ee04582-2825-4055-a051-0465d62eb5ca: receive RaftClientReply:client-CEF4D3493DC0->4ee04582-2825-4055-a051-0465d62eb5ca@group-78E0FE5F723E, cid=1053, SUCCESS, logIndex=1472, commits[4ee04582-2825-4055-a051-0465d62eb5ca:c1472, 97f5b9f0-d9ef-40b5-ba79-7414923e623f:c1470, 7d686585-d831-45bc-93fc-0a553b604b0e:c1468]
2019-07-08 23:04:54,745 INFO  client.GrpcClientProtocolClient (GrpcClientProtocolClient.java:onNext(255)) - client-CEF4D3493DC0->4ee04582-2825-4055-a051-0465d62eb5ca: receive RaftClientReply:client-CEF4D3493DC0->4ee04582-2825-4055-a051-0465d62eb5ca@group-78E0FE5F723E, cid=1054, SUCCESS, logIndex=1473, commits[4ee04582-2825-4055-a051-0465d62eb5ca:c1473, 97f5b9f0-d9ef-40b5-ba79-7414923e623f:c1470, 7d686585-d831-45bc-93fc-0a553b604b0e:c1470]
2019-07-08 23:04:54,746 INFO  client.GrpcClientProtocolClient (GrpcClientProtocolClient.java:onNext(255)) - client-CEF4D3493DC0->4ee04582-2825-4055-a051-0465d62eb5ca: receive RaftClientReply:client-CEF4D3493DC0->4ee04582-2825-4055-a051-0465d62eb5ca@group-78E0FE5F723E, cid=1055, SUCCESS, logIndex=1474, commits[4ee04582-2825-4055-a051-0465d62eb5ca:c1476, 97f5b9f0-d9ef-40b5-ba79-7414923e623f:c1472, 7d686585-d831-45bc-93fc-0a553b604b0e:c1472]
2019-07-08 23:04:54,760 INFO  client.GrpcClientProtocolClient (GrpcClientProtocolClient.java:onNext(255)) - client-CEF4D3493DC0->4ee04582-2825-4055-a051-0465d62eb5ca: receive RaftClientReply:client-CEF4D3493DC0->4ee04582-2825-4055-a051-0465d62eb5ca@group-78E0FE5F723E, cid=1056, SUCCESS, logIndex=1478, commits[4ee04582-2825-4055-a051-0465d62eb5ca:c1479, 97f5b9f0-d9ef-40b5-ba79-7414923e623f:c1477, 7d686585-d831-45bc-93fc-0a553b604b0e:c1477]
2019-07-08 23:04:54,760 INFO  client.GrpcClientProtocolClient (GrpcClientProtocolClient.java:onNext(255)) - client-CEF4D3493DC0->4ee04582-2825-4055-a051-0465d62eb5ca: receive RaftClientReply:client-CEF4D3493DC0->4ee04582-2825-4055-a051-0465d62eb5ca@group-78E0FE5F723E, cid=1057, SUCCESS, logIndex=1479, commits[4ee04582-2825-4055-a051-0465d62eb5ca:c1479, 97f5b9f0-d9ef-40b5-ba79-7414923e623f:c1477, 7d686585-d831-45bc-93fc-0a553b604b0e:c1477]
2019-07-08 23:04:54,773 INFO  client.GrpcClientProtocolClient (GrpcClientProtocolClient.java:onNext(255)) - client-CEF4D3493DC0->4ee04582-2825-4055-a051-0465d62eb5ca: receive RaftClientReply:client-CEF4D3493DC0->4ee04582-2825-4055-a051-0465d62eb5ca@group-78E0FE5F723E, cid=1058, SUCCESS, logIndex=1482, commits[4ee04582-2825-4055-a051-0465d62eb5ca:c1483, 97f5b9f0-d9ef-40b5-ba79-7414923e623f:c1481, 7d686585-d831-45bc-93fc-0a553b604b0e:c1479]
2019-07-08 23:04:54,774 INFO  client.GrpcClientProtocolClient (GrpcClientProtocolClient.java:onNext(255)) - client-CEF4D3493DC0->4ee04582-2825-4055-a051-0465d62eb5ca: receive RaftClientReply:client-CEF4D3493DC0->4ee04582-2825-4055-a051-0465d62eb5ca@group-78E0FE5F723E, cid=1059, SUCCESS, logIndex=1483, commits[4ee04582-2825-4055-a051-0465d62eb5ca:c1483, 97f5b9f0-d9ef-40b5-ba79-7414923e623f:c1481, 7d686585-d831-45bc-93fc-0a553b604b0e:c1479]
2019-07-08 23:04:54,780 INFO  client.GrpcClientProtocolClient (GrpcClientProtocolClient.java:onNext(255)) - client-CEF4D3493DC0->4ee04582-2825-4055-a051-0465d62eb5ca: receive RaftClientReply:client-CEF4D3493DC0->4ee04582-2825-4055-a051-0465d62eb5ca@group-78E0FE5F723E, cid=1060, SUCCESS, logIndex=0, commits[4ee04582-2825-4055-a051-0465d62eb5ca:c1485, 97f5b9f0-d9ef-40b5-ba79-7414923e623f:c1483, 7d686585-d831-45bc-93fc-0a553b604b0e:c1483]
2019-07-08 23:04:54,793 INFO  client.GrpcClientProtocolClient (GrpcClientProtocolClient.java:onNext(255)) - client-CEF4D3493DC0->4ee04582-2825-4055-a051-0465d62eb5ca: receive RaftClientReply:client-CEF4D3493DC0->4ee04582-2825-4055-a051-0465d62eb5ca@group-78E0FE5F723E, cid=1061, SUCCESS, logIndex=1486, commits[4ee04582-2825-4055-a051-0465d62eb5ca:c1487, 97f5b9f0-d9ef-40b5-ba79-7414923e623f:c1485, 7d686585-d831-45bc-93fc-0a553b604b0e:c1483]
2019-07-08 23:04:54,794 INFO  client.GrpcClientProtocolClient (GrpcClientProtocolClient.java:onNext(255)) - client-CEF4D3493DC0->4ee04582-2825-4055-a051-0465d62eb5ca: receive RaftClientReply:client-CEF4D3493DC0->4ee04582-2825-4055-a051-0465d62eb5ca@group-78E0FE5F723E, cid=1062, SUCCESS, logIndex=1487, commits[4ee04582-2825-4055-a051-0465d62eb5ca:c1487, 97f5b9f0-d9ef-40b5-ba79-7414923e623f:c1485, 7d686585-d831-45bc-93fc-0a553b604b0e:c1483]
2019-07-08 23:04:54,797 INFO  client.GrpcClientProtocolClient (GrpcClientProtocolClient.java:onNext(255)) - client-CEF4D3493DC0->4ee04582-2825-4055-a051-0465d62eb5ca: receive RaftClientReply:client-CEF4D3493DC0->4ee04582-2825-4055-a051-0465d62eb5ca@group-78E0FE5F723E, cid=1063, SUCCESS, logIndex=1488, commits[4ee04582-2825-4055-a051-0465d62eb5ca:c1490, 97f5b9f0-d9ef-40b5-ba79-7414923e623f:c1487, 7d686585-d831-45bc-93fc-0a553b604b0e:c1485]
2019-07-08 23:04:54,797 INFO  client.GrpcClientProtocolClient (GrpcClientProtocolClient.java:onNext(255)) - client-CEF4D3493DC0->4ee04582-2825-4055-a051-0465d62eb5ca: receive RaftClientReply:client-CEF4D3493DC0->4ee04582-2825-4055-a051-0465d62eb5ca@group-78E0FE5F723E, cid=1064, SUCCESS, logIndex=1489, commits[4ee04582-2825-4055-a051-0465d62eb5ca:c1491, 97f5b9f0-d9ef-40b5-ba79-7414923e623f:c1487, 7d686585-d831-45bc-93fc-0a553b604b0e:c1485]
2019-07-08 23:04:54,798 INFO  client.GrpcClientProtocolClient (GrpcClientProtocolClient.java:onNext(255)) - client-CEF4D3493DC0->4ee04582-2825-4055-a051-0465d62eb5ca: receive RaftClientReply:client-CEF4D3493DC0->4ee04582-2825-4055-a051-0465d62eb5ca@group-78E0FE5F723E, cid=1065, SUCCESS, logIndex=0, commits[4ee04582-2825-4055-a051-0465d62eb5ca:c1491, 97f5b9f0-d9ef-40b5-ba79-7414923e623f:c1487, 7d686585-d831-45bc-93fc-0a553b604b0e:c1487]
2019-07-08 23:04:54,811 INFO  client.GrpcClientProtocolClient (GrpcClientProtocolClient.java:onNext(255)) - client-CEF4D3493DC0->4ee04582-2825-4055-a051-0465d62eb5ca: receive RaftClientReply:client-CEF4D3493DC0->4ee04582-2825-4055-a051-0465d62eb5ca@group-78E0FE5F723E, cid=1066, SUCCESS, logIndex=1494, commits[4ee04582-2825-4055-a051-0465d62eb5ca:c1495, 97f5b9f0-d9ef-40b5-ba79-7414923e623f:c1489, 7d686585-d831-45bc-93fc-0a553b604b0e:c1493]
2019-07-08 23:04:54,812 INFO  client.GrpcClientProtocolClient (GrpcClientProtocolClient.java:onNext(255)) - client-CEF4D3493DC0->4ee04582-2825-4055-a051-0465d62eb5ca: receive RaftClientReply:client-CEF4D3493DC0->4ee04582-2825-4055-a051-0465d62eb5ca@group-78E0FE5F723E, cid=1067, SUCCESS, logIndex=1495, commits[4ee04582-2825-4055-a051-0465d62eb5ca:c1495, 97f5b9f0-d9ef-40b5-ba79-7414923e623f:c1493, 7d686585-d831-45bc-93fc-0a553b604b0e:c1493]
2019-07-08 23:04:54,833 INFO  client.GrpcClientProtocolClient (GrpcClientProtocolClient.java:onNext(255)) - client-CEF4D3493DC0->4ee04582-2825-4055-a051-0465d62eb5ca: receive RaftClientReply:client-CEF4D3493DC0->4ee04582-2825-4055-a051-0465d62eb5ca@group-78E0FE5F723E, cid=1068, SUCCESS, logIndex=1498, commits[4ee04582-2825-4055-a051-0465d62eb5ca:c1499, 97f5b9f0-d9ef-40b5-ba79-7414923e623f:c1497, 7d686585-d831-45bc-93fc-0a553b604b0e:c1495]
2019-07-08 23:04:54,834 INFO  client.GrpcClientProtocolClient (GrpcClientProtocolClient.java:onNext(255)) - client-CEF4D3493DC0->4ee04582-2825-4055-a051-0465d62eb5ca: receive RaftClientReply:client-CEF4D3493DC0->4ee04582-2825-4055-a051-0465d62eb5ca@group-78E0FE5F723E, cid=1069, SUCCESS, logIndex=1499, commits[4ee04582-2825-4055-a051-0465d62eb5ca:c1499, 97f5b9f0-d9ef-40b5-ba79-7414923e623f:c1497, 7d686585-d831-45bc-93fc-0a553b604b0e:c1495]
2019-07-08 23:04:54,837 INFO  client.GrpcClientProtocolClient (GrpcClientProtocolClient.java:onNext(255)) - client-CEF4D3493DC0->4ee04582-2825-4055-a051-0465d62eb5ca: receive RaftClientReply:client-CEF4D3493DC0->4ee04582-2825-4055-a051-0465d62eb5ca@group-78E0FE5F723E, cid=1070, SUCCESS, logIndex=0, commits[4ee04582-2825-4055-a051-0465d62eb5ca:c1500, 97f5b9f0-d9ef-40b5-ba79-7414923e623f:c1499, 7d686585-d831-45bc-93fc-0a553b604b0e:c1499]
2019-07-08 23:04:54,858 INFO  client.GrpcClientProtocolClient (GrpcClientProtocolClient.java:onNext(255)) - client-CEF4D3493DC0->4ee04582-2825-4055-a051-0465d62eb5ca: receive RaftClientReply:client-CEF4D3493DC0->4ee04582-2825-4055-a051-0465d62eb5ca@group-78E0FE5F723E, cid=1071, SUCCESS, logIndex=1502, commits[4ee04582-2825-4055-a051-0465d62eb5ca:c1503, 97f5b9f0-d9ef-40b5-ba79-7414923e623f:c1501, 7d686585-d831-45bc-93fc-0a553b604b0e:c1501]
2019-07-08 23:04:54,859 INFO  client.GrpcClientProtocolClient (GrpcClientProtocolClient.java:onNext(255)) - client-CEF4D3493DC0->4ee04582-2825-4055-a051-0465d62eb5ca: receive RaftClientReply:client-CEF4D3493DC0->4ee04582-2825-4055-a051-0465d62eb5ca@group-78E0FE5F723E, cid=1072, SUCCESS, logIndex=1503, commits[4ee04582-2825-4055-a051-0465d62eb5ca:c1504, 97f5b9f0-d9ef-40b5-ba79-7414923e623f:c1501, 7d686585-d831-45bc-93fc-0a553b604b0e:c1501]
2019-07-08 23:04:54,859 INFO  client.GrpcClientProtocolClient (GrpcClientProtocolClient.java:onNext(255)) - client-CEF4D3493DC0->4ee04582-2825-4055-a051-0465d62eb5ca: receive RaftClientReply:client-CEF4D3493DC0->4ee04582-2825-4055-a051-0465d62eb5ca@group-78E0FE5F723E, cid=1073, SUCCESS, logIndex=1504, commits[4ee04582-2825-4055-a051-0465d62eb5ca:c1505, 97f5b9f0-d9ef-40b5-ba79-7414923e623f:c1501, 7d686585-d831-45bc-93fc-0a553b604b0e:c1501]
2019-07-08 23:04:54,860 INFO  client.GrpcClientProtocolClient (GrpcClientProtocolClient.java:onNext(255)) - client-CEF4D3493DC0->4ee04582-2825-4055-a051-0465d62eb5ca: receive RaftClientReply:client-CEF4D3493DC0->4ee04582-2825-4055-a051-0465d62eb5ca@group-78E0FE5F723E, cid=1074, SUCCESS, logIndex=1505, commits[4ee04582-2825-4055-a051-0465d62eb5ca:c1505, 97f5b9f0-d9ef-40b5-ba79-7414923e623f:c1501, 7d686585-d831-45bc-93fc-0a553b604b0e:c1501]
2019-07-08 23:04:54,865 INFO  client.GrpcClientProtocolClient (GrpcClientProtocolClient.java:onNext(255)) - client-CEF4D3493DC0->4ee04582-2825-4055-a051-0465d62eb5ca: receive RaftClientReply:client-CEF4D3493DC0->4ee04582-2825-4055-a051-0465d62eb5ca@group-78E0FE5F723E, cid=1075, SUCCESS, logIndex=0, commits[4ee04582-2825-4055-a051-0465d62eb5ca:c1506, 97f5b9f0-d9ef-40b5-ba79-7414923e623f:c1503, 7d686585-d831-45bc-93fc-0a553b604b0e:c1503]
2019-07-08 23:04:54,877 INFO  client.GrpcClientProtocolClient (GrpcClientProtocolClient.java:onNext(255)) - client-CEF4D3493DC0->4ee04582-2825-4055-a051-0465d62eb5ca: receive RaftClientReply:client-CEF4D3493DC0->4ee04582-2825-4055-a051-0465d62eb5ca@group-78E0FE5F723E, cid=1076, SUCCESS, logIndex=1510, commits[4ee04582-2825-4055-a051-0465d62eb5ca:c1511, 97f5b9f0-d9ef-40b5-ba79-7414923e623f:c1509, 7d686585-d831-45bc-93fc-0a553b604b0e:c1505]
2019-07-08 23:04:54,877 INFO  client.GrpcClientProtocolClient (GrpcClientProtocolClient.java:onNext(255)) - client-CEF4D3493DC0->4ee04582-2825-4055-a051-0465d62eb5ca: receive RaftClientReply:client-CEF4D3493DC0->4ee04582-2825-4055-a051-0465d62eb5ca@group-78E0FE5F723E, cid=1077, SUCCESS, logIndex=1511, commits[4ee04582-2825-4055-a051-0465d62eb5ca:c1511, 97f5b9f0-d9ef-40b5-ba79-7414923e623f:c1509, 7d686585-d831-45bc-93fc-0a553b604b0e:c1509]
 0.00% |█                                                                                                    |  0/1 Time: 0:00:042019-07-08 23:04:54,937 INFO  client.GrpcClientProtocolClient (GrpcClientProtocolClient.java:onNext(255)) - client-CEF4D3493DC0->4ee04582-2825-4055-a051-0465d62eb5ca: receive RaftClientReply:client-CEF4D3493DC0->4ee04582-2825-4055-a051-0465d62eb5ca@group-78E0FE5F723E, cid=1078, SUCCESS, logIndex=1514, commits[4ee04582-2825-4055-a051-0465d62eb5ca:c1515, 97f5b9f0-d9ef-40b5-ba79-7414923e623f:c1512, 7d686585-d831-45bc-93fc-0a553b604b0e:c1512]
2019-07-08 23:04:54,937 INFO  client.GrpcClientProtocolClient (GrpcClientProtocolClient.java:onNext(255)) - client-CEF4D3493DC0->4ee04582-2825-4055-a051-0465d62eb5ca: receive RaftClientReply:client-CEF4D3493DC0->4ee04582-2825-4055-a051-0465d62eb5ca@group-78E0FE5F723E, cid=1079, SUCCESS, logIndex=1515, commits[4ee04582-2825-4055-a051-0465d62eb5ca:c1515, 97f5b9f0-d9ef-40b5-ba79-7414923e623f:c1512, 7d686585-d831-45bc-93fc-0a553b604b0e:c1512]
2019-07-08 23:04:54,948 INFO  client.GrpcClientProtocolClient (GrpcClientProtocolClient.java:onNext(255)) - client-CEF4D3493DC0->4ee04582-2825-4055-a051-0465d62eb5ca: receive RaftClientReply:client-CEF4D3493DC0->4ee04582-2825-4055-a051-0465d62eb5ca@group-78E0FE5F723E, cid=1080, SUCCESS, logIndex=0, commits[4ee04582-2825-4055-a051-0465d62eb5ca:c1516, 97f5b9f0-d9ef-40b5-ba79-7414923e623f:c1515, 7d686585-d831-45bc-93fc-0a553b604b0e:c1515]
2019-07-08 23:04:54,966 INFO  client.GrpcClientProtocolClient (GrpcClientProtocolClient.java:onNext(255)) - client-CEF4D3493DC0->4ee04582-2825-4055-a051-0465d62eb5ca: receive RaftClientReply:client-CEF4D3493DC0->4ee04582-2825-4055-a051-0465d62eb5ca@group-78E0FE5F723E, cid=1081, SUCCESS, logIndex=1518, commits[4ee04582-2825-4055-a051-0465d62eb5ca:c1521, 97f5b9f0-d9ef-40b5-ba79-7414923e623f:c1517, 7d686585-d831-45bc-93fc-0a553b604b0e:c1517]
2019-07-08 23:04:54,967 INFO  client.GrpcClientProtocolClient (GrpcClientProtocolClient.java:onNext(255)) - client-CEF4D3493DC0->4ee04582-2825-4055-a051-0465d62eb5ca: receive RaftClientReply:client-CEF4D3493DC0->4ee04582-2825-4055-a051-0465d62eb5ca@group-78E0FE5F723E, cid=1082, SUCCESS, logIndex=1519, commits[4ee04582-2825-4055-a051-0465d62eb5ca:c1521, 97f5b9f0-d9ef-40b5-ba79-7414923e623f:c1517, 7d686585-d831-45bc-93fc-0a553b604b0e:c1517]
2019-07-08 23:04:54,967 INFO  client.GrpcClientProtocolClient (GrpcClientProtocolClient.java:onNext(255)) - client-CEF4D3493DC0->4ee04582-2825-4055-a051-0465d62eb5ca: receive RaftClientReply:client-CEF4D3493DC0->4ee04582-2825-4055-a051-0465d62eb5ca@group-78E0FE5F723E, cid=1083, SUCCESS, logIndex=1520, commits[4ee04582-2825-4055-a051-0465d62eb5ca:c1521, 97f5b9f0-d9ef-40b5-ba79-7414923e623f:c1517, 7d686585-d831-45bc-93fc-0a553b604b0e:c1517]
2019-07-08 23:04:54,968 INFO  client.GrpcClientProtocolClient (GrpcClientProtocolClient.java:onNext(255)) - client-CEF4D3493DC0->4ee04582-2825-4055-a051-0465d62eb5ca: receive RaftClientReply:client-CEF4D3493DC0->4ee04582-2825-4055-a051-0465d62eb5ca@group-78E0FE5F723E, cid=1084, SUCCESS, logIndex=1521, commits[4ee04582-2825-4055-a051-0465d62eb5ca:c1521, 97f5b9f0-d9ef-40b5-ba79-7414923e623f:c1517, 7d686585-d831-45bc-93fc-0a553b604b0e:c1517]
2019-07-08 23:04:54,974 INFO  client.GrpcClientProtocolClient (GrpcClientProtocolClient.java:onNext(255)) - client-CEF4D3493DC0->4ee04582-2825-4055-a051-0465d62eb5ca: receive RaftClientReply:client-CEF4D3493DC0->4ee04582-2825-4055-a051-0465d62eb5ca@group-78E0FE5F723E, cid=1085, SUCCESS, logIndex=0, commits[4ee04582-2825-4055-a051-0465d62eb5ca:c1523, 97f5b9f0-d9ef-40b5-ba79-7414923e623f:c1519, 7d686585-d831-45bc-93fc-0a553b604b0e:c1519]
2019-07-08 23:04:54,996 INFO  client.GrpcClientProtocolClient (GrpcClientProtocolClient.java:onNext(255)) - client-CEF4D3493DC0->4ee04582-2825-4055-a051-0465d62eb5ca: receive RaftClientReply:client-CEF4D3493DC0->4ee04582-2825-4055-a051-0465d62eb5ca@group-78E0FE5F723E, cid=1086, SUCCESS, logIndex=1526, commits[4ee04582-2825-4055-a051-0465d62eb5ca:c1527, 97f5b9f0-d9ef-40b5-ba79-7414923e623f:c1525, 7d686585-d831-45bc-93fc-0a553b604b0e:c1525]
2019-07-08 23:04:54,996 INFO  client.GrpcClientProtocolClient (GrpcClientProtocolClient.java:onNext(255)) - client-CEF4D3493DC0->4ee04582-2825-4055-a051-0465d62eb5ca: receive RaftClientReply:client-CEF4D3493DC0->4ee04582-2825-4055-a051-0465d62eb5ca@group-78E0FE5F723E, cid=1087, SUCCESS, logIndex=1527, commits[4ee04582-2825-4055-a051-0465d62eb5ca:c1527, 97f5b9f0-d9ef-40b5-ba79-7414923e623f:c1525, 7d686585-d831-45bc-93fc-0a553b604b0e:c1525]
2019-07-08 23:04:55,010 INFO  client.GrpcClientProtocolClient (GrpcClientProtocolClient.java:onNext(255)) - client-CEF4D3493DC0->4ee04582-2825-4055-a051-0465d62eb5ca: receive RaftClientReply:client-CEF4D3493DC0->4ee04582-2825-4055-a051-0465d62eb5ca@group-78E0FE5F723E, cid=1088, SUCCESS, logIndex=1530, commits[4ee04582-2825-4055-a051-0465d62eb5ca:c1531, 97f5b9f0-d9ef-40b5-ba79-7414923e623f:c1529, 7d686585-d831-45bc-93fc-0a553b604b0e:c1527]
2019-07-08 23:04:55,010 INFO  client.GrpcClientProtocolClient (GrpcClientProtocolClient.java:onNext(255)) - client-CEF4D3493DC0->4ee04582-2825-4055-a051-0465d62eb5ca: receive RaftClientReply:client-CEF4D3493DC0->4ee04582-2825-4055-a051-0465d62eb5ca@group-78E0FE5F723E, cid=1089, SUCCESS, logIndex=1531, commits[4ee04582-2825-4055-a051-0465d62eb5ca:c1531, 97f5b9f0-d9ef-40b5-ba79-7414923e623f:c1529, 7d686585-d831-45bc-93fc-0a553b604b0e:c1527]
2019-07-08 23:04:55,013 INFO  client.GrpcClientProtocolClient (GrpcClientProtocolClient.java:onNext(255)) - client-CEF4D3493DC0->4ee04582-2825-4055-a051-0465d62eb5ca: receive RaftClientReply:client-CEF4D3493DC0->4ee04582-2825-4055-a051-0465d62eb5ca@group-78E0FE5F723E, cid=1090, SUCCESS, logIndex=0, commits[4ee04582-2825-4055-a051-0465d62eb5ca:c1532, 97f5b9f0-d9ef-40b5-ba79-7414923e623f:c1531, 7d686585-d831-45bc-93fc-0a553b604b0e:c1531]
2019-07-08 23:04:55,027 INFO  client.GrpcClientProtocolClient (GrpcClientProtocolClient.java:onNext(255)) - client-CEF4D3493DC0->4ee04582-2825-4055-a051-0465d62eb5ca: receive RaftClientReply:client-CEF4D3493DC0->4ee04582-2825-4055-a051-0465d62eb5ca@group-78E0FE5F723E, cid=1091, SUCCESS, logIndex=1534, commits[4ee04582-2825-4055-a051-0465d62eb5ca:c1535, 97f5b9f0-d9ef-40b5-ba79-7414923e623f:c1533, 7d686585-d831-45bc-93fc-0a553b604b0e:c1531]
2019-07-08 23:04:55,028 INFO  client.GrpcClientProtocolClient (GrpcClientProtocolClient.java:onNext(255)) - client-CEF4D3493DC0->4ee04582-2825-4055-a051-0465d62eb5ca: receive RaftClientReply:client-CEF4D3493DC0->4ee04582-2825-4055-a051-0465d62eb5ca@group-78E0FE5F723E, cid=1092, SUCCESS, logIndex=1535, commits[4ee04582-2825-4055-a051-0465d62eb5ca:c1535, 97f5b9f0-d9ef-40b5-ba79-7414923e623f:c1533, 7d686585-d831-45bc-93fc-0a553b604b0e:c1531]
2019-07-08 23:04:55,031 INFO  client.GrpcClientProtocolClient (GrpcClientProtocolClient.java:onNext(255)) - client-CEF4D3493DC0->4ee04582-2825-4055-a051-0465d62eb5ca: receive RaftClientReply:client-CEF4D3493DC0->4ee04582-2825-4055-a051-0465d62eb5ca@group-78E0FE5F723E, cid=1093, SUCCESS, logIndex=1536, commits[4ee04582-2825-4055-a051-0465d62eb5ca:c1537, 97f5b9f0-d9ef-40b5-ba79-7414923e623f:c1535, 7d686585-d831-45bc-93fc-0a553b604b0e:c1533]
2019-07-08 23:04:55,031 INFO  client.GrpcClientProtocolClient (GrpcClientProtocolClient.java:onNext(255)) - client-CEF4D3493DC0->4ee04582-2825-4055-a051-0465d62eb5ca: receive RaftClientReply:client-CEF4D3493DC0->4ee04582-2825-4055-a051-0465d62eb5ca@group-78E0FE5F723E, cid=1094, SUCCESS, logIndex=1537, commits[4ee04582-2825-4055-a051-0465d62eb5ca:c1537, 97f5b9f0-d9ef-40b5-ba79-7414923e623f:c1535, 7d686585-d831-45bc-93fc-0a553b604b0e:c1533]
2019-07-08 23:04:55,033 INFO  client.GrpcClientProtocolClient (GrpcClientProtocolClient.java:onNext(255)) - client-CEF4D3493DC0->4ee04582-2825-4055-a051-0465d62eb5ca: receive RaftClientReply:client-CEF4D3493DC0->4ee04582-2825-4055-a051-0465d62eb5ca@group-78E0FE5F723E, cid=1095, SUCCESS, logIndex=0, commits[4ee04582-2825-4055-a051-0465d62eb5ca:c1539, 97f5b9f0-d9ef-40b5-ba79-7414923e623f:c1535, 7d686585-d831-45bc-93fc-0a553b604b0e:c1535]
2019-07-08 23:04:55,046 INFO  client.GrpcClientProtocolClient (GrpcClientProtocolClient.java:onNext(255)) - client-CEF4D3493DC0->4ee04582-2825-4055-a051-0465d62eb5ca: receive RaftClientReply:client-CEF4D3493DC0->4ee04582-2825-4055-a051-0465d62eb5ca@group-78E0FE5F723E, cid=1096, SUCCESS, logIndex=1542, commits[4ee04582-2825-4055-a051-0465d62eb5ca:c1543, 97f5b9f0-d9ef-40b5-ba79-7414923e623f:c1537, 7d686585-d831-45bc-93fc-0a553b604b0e:c1541]
2019-07-08 23:04:55,046 INFO  client.GrpcClientProtocolClient (GrpcClientProtocolClient.java:onNext(255)) - client-CEF4D3493DC0->4ee04582-2825-4055-a051-0465d62eb5ca: receive RaftClientReply:client-CEF4D3493DC0->4ee04582-2825-4055-a051-0465d62eb5ca@group-78E0FE5F723E, cid=1097, SUCCESS, logIndex=1543, commits[4ee04582-2825-4055-a051-0465d62eb5ca:c1543, 97f5b9f0-d9ef-40b5-ba79-7414923e623f:c1537, 7d686585-d831-45bc-93fc-0a553b604b0e:c1541]
2019-07-08 23:04:55,058 INFO  client.GrpcClientProtocolClient (GrpcClientProtocolClient.java:onNext(255)) - client-CEF4D3493DC0->4ee04582-2825-4055-a051-0465d62eb5ca: receive RaftClientReply:client-CEF4D3493DC0->4ee04582-2825-4055-a051-0465d62eb5ca@group-78E0FE5F723E, cid=1098, SUCCESS, logIndex=1546, commits[4ee04582-2825-4055-a051-0465d62eb5ca:c1547, 97f5b9f0-d9ef-40b5-ba79-7414923e623f:c1543, 7d686585-d831-45bc-93fc-0a553b604b0e:c1545]
2019-07-08 23:04:55,059 INFO  client.GrpcClientProtocolClient (GrpcClientProtocolClient.java:onNext(255)) - client-CEF4D3493DC0->4ee04582-2825-4055-a051-0465d62eb5ca: receive RaftClientReply:client-CEF4D3493DC0->4ee04582-2825-4055-a051-0465d62eb5ca@group-78E0FE5F723E, cid=1099, SUCCESS, logIndex=1547, commits[4ee04582-2825-4055-a051-0465d62eb5ca:c1547, 97f5b9f0-d9ef-40b5-ba79-7414923e623f:c1545, 7d686585-d831-45bc-93fc-0a553b604b0e:c1545]
2019-07-08 23:04:55,064 INFO  client.GrpcClientProtocolClient (GrpcClientProtocolClient.java:onNext(255)) - client-CEF4D3493DC0->4ee04582-2825-4055-a051-0465d62eb5ca: receive RaftClientReply:client-CEF4D3493DC0->4ee04582-2825-4055-a051-0465d62eb5ca@group-78E0FE5F723E, cid=1100, SUCCESS, logIndex=0, commits[4ee04582-2825-4055-a051-0465d62eb5ca:c1549, 97f5b9f0-d9ef-40b5-ba79-7414923e623f:c1547, 7d686585-d831-45bc-93fc-0a553b604b0e:c1547]
2019-07-08 23:04:55,077 INFO  client.GrpcClientProtocolClient (GrpcClientProtocolClient.java:onNext(255)) - client-CEF4D3493DC0->4ee04582-2825-4055-a051-0465d62eb5ca: receive RaftClientReply:client-CEF4D3493DC0->4ee04582-2825-4055-a051-0465d62eb5ca@group-78E0FE5F723E, cid=1101, SUCCESS, logIndex=1550, commits[4ee04582-2825-4055-a051-0465d62eb5ca:c1551, 97f5b9f0-d9ef-40b5-ba79-7414923e623f:c1549, 7d686585-d831-45bc-93fc-0a553b604b0e:c1547]
2019-07-08 23:04:55,078 INFO  client.GrpcClientProtocolClient (GrpcClientProtocolClient.java:onNext(255)) - client-CEF4D3493DC0->4ee04582-2825-4055-a051-0465d62eb5ca: receive RaftClientReply:client-CEF4D3493DC0->4ee04582-2825-4055-a051-0465d62eb5ca@group-78E0FE5F723E, cid=1102, SUCCESS, logIndex=1551, commits[4ee04582-2825-4055-a051-0465d62eb5ca:c1551, 97f5b9f0-d9ef-40b5-ba79-7414923e623f:c1549, 7d686585-d831-45bc-93fc-0a553b604b0e:c1549]
2019-07-08 23:04:55,081 INFO  client.GrpcClientProtocolClient (GrpcClientProtocolClient.java:onNext(255)) - client-CEF4D3493DC0->4ee04582-2825-4055-a051-0465d62eb5ca: receive RaftClientReply:client-CEF4D3493DC0->4ee04582-2825-4055-a051-0465d62eb5ca@group-78E0FE5F723E, cid=1103, SUCCESS, logIndex=1552, commits[4ee04582-2825-4055-a051-0465d62eb5ca:c1553, 97f5b9f0-d9ef-40b5-ba79-7414923e623f:c1549, 7d686585-d831-45bc-93fc-0a553b604b0e:c1549]
2019-07-08 23:04:55,081 INFO  client.GrpcClientProtocolClient (GrpcClientProtocolClient.java:onNext(255)) - client-CEF4D3493DC0->4ee04582-2825-4055-a051-0465d62eb5ca: receive RaftClientReply:client-CEF4D3493DC0->4ee04582-2825-4055-a051-0465d62eb5ca@group-78E0FE5F723E, cid=1104, SUCCESS, logIndex=1553, commits[4ee04582-2825-4055-a051-0465d62eb5ca:c1555, 97f5b9f0-d9ef-40b5-ba79-7414923e623f:c1551, 7d686585-d831-45bc-93fc-0a553b604b0e:c1549]
2019-07-08 23:04:55,082 INFO  client.GrpcClientProtocolClient (GrpcClientProtocolClient.java:onNext(255)) - client-CEF4D3493DC0->4ee04582-2825-4055-a051-0465d62eb5ca: receive RaftClientReply:client-CEF4D3493DC0->4ee04582-2825-4055-a051-0465d62eb5ca@group-78E0FE5F723E, cid=1105, SUCCESS, logIndex=0, commits[4ee04582-2825-4055-a051-0465d62eb5ca:c1556, 97f5b9f0-d9ef-40b5-ba79-7414923e623f:c1553, 7d686585-d831-45bc-93fc-0a553b604b0e:c1551]
2019-07-08 23:04:55,095 INFO  client.GrpcClientProtocolClient (GrpcClientProtocolClient.java:onNext(255)) - client-CEF4D3493DC0->4ee04582-2825-4055-a051-0465d62eb5ca: receive RaftClientReply:client-CEF4D3493DC0->4ee04582-2825-4055-a051-0465d62eb5ca@group-78E0FE5F723E, cid=1106, SUCCESS, logIndex=1558, commits[4ee04582-2825-4055-a051-0465d62eb5ca:c1559, 97f5b9f0-d9ef-40b5-ba79-7414923e623f:c1557, 7d686585-d831-45bc-93fc-0a553b604b0e:c1553]
2019-07-08 23:04:55,096 INFO  client.GrpcClientProtocolClient (GrpcClientProtocolClient.java:onNext(255)) - client-CEF4D3493DC0->4ee04582-2825-4055-a051-0465d62eb5ca: receive RaftClientReply:client-CEF4D3493DC0->4ee04582-2825-4055-a051-0465d62eb5ca@group-78E0FE5F723E, cid=1107, SUCCESS, logIndex=1559, commits[4ee04582-2825-4055-a051-0465d62eb5ca:c1559, 97f5b9f0-d9ef-40b5-ba79-7414923e623f:c1557, 7d686585-d831-45bc-93fc-0a553b604b0e:c1557]
2019-07-08 23:04:55,110 INFO  client.GrpcClientProtocolClient (GrpcClientProtocolClient.java:onNext(255)) - client-CEF4D3493DC0->4ee04582-2825-4055-a051-0465d62eb5ca: receive RaftClientReply:client-CEF4D3493DC0->4ee04582-2825-4055-a051-0465d62eb5ca@group-78E0FE5F723E, cid=1108, SUCCESS, logIndex=1562, commits[4ee04582-2825-4055-a051-0465d62eb5ca:c1563, 97f5b9f0-d9ef-40b5-ba79-7414923e623f:c1561, 7d686585-d831-45bc-93fc-0a553b604b0e:c1561]
2019-07-08 23:04:55,110 INFO  client.GrpcClientProtocolClient (GrpcClientProtocolClient.java:onNext(255)) - client-CEF4D3493DC0->4ee04582-2825-4055-a051-0465d62eb5ca: receive RaftClientReply:client-CEF4D3493DC0->4ee04582-2825-4055-a051-0465d62eb5ca@group-78E0FE5F723E, cid=1109, SUCCESS, logIndex=1563, commits[4ee04582-2825-4055-a051-0465d62eb5ca:c1563, 97f5b9f0-d9ef-40b5-ba79-7414923e623f:c1561, 7d686585-d831-45bc-93fc-0a553b604b0e:c1561]
2019-07-08 23:04:55,111 INFO  client.GrpcClientProtocolClient (GrpcClientProtocolClient.java:onNext(255)) - client-CEF4D3493DC0->4ee04582-2825-4055-a051-0465d62eb5ca: receive RaftClientReply:client-CEF4D3493DC0->4ee04582-2825-4055-a051-0465d62eb5ca@group-78E0FE5F723E, cid=1110, SUCCESS, logIndex=0, commits[4ee04582-2825-4055-a051-0465d62eb5ca:c1565, 97f5b9f0-d9ef-40b5-ba79-7414923e623f:c1563, 7d686585-d831-45bc-93fc-0a553b604b0e:c1563]
2019-07-08 23:04:55,126 INFO  client.GrpcClientProtocolClient (GrpcClientProtocolClient.java:onNext(255)) - client-CEF4D3493DC0->4ee04582-2825-4055-a051-0465d62eb5ca: receive RaftClientReply:client-CEF4D3493DC0->4ee04582-2825-4055-a051-0465d62eb5ca@group-78E0FE5F723E, cid=1111, SUCCESS, logIndex=1566, commits[4ee04582-2825-4055-a051-0465d62eb5ca:c1567, 97f5b9f0-d9ef-40b5-ba79-7414923e623f:c1563, 7d686585-d831-45bc-93fc-0a553b604b0e:c1565]
2019-07-08 23:04:55,219 INFO  client.GrpcClientProtocolClient (GrpcClientProtocolClient.java:onNext(255)) - client-CEF4D3493DC0->4ee04582-2825-4055-a051-0465d62eb5ca: receive RaftClientReply:client-CEF4D3493DC0->4ee04582-2825-4055-a051-0465d62eb5ca@group-78E0FE5F723E, cid=1112, SUCCESS, logIndex=1567, commits[4ee04582-2825-4055-a051-0465d62eb5ca:c1568, 97f5b9f0-d9ef-40b5-ba79-7414923e623f:c1563, 7d686585-d831-45bc-93fc-0a553b604b0e:c1565]
2019-07-08 23:04:55,219 INFO  client.GrpcClientProtocolClient (GrpcClientProtocolClient.java:onNext(255)) - client-CEF4D3493DC0->4ee04582-2825-4055-a051-0465d62eb5ca: receive RaftClientReply:client-CEF4D3493DC0->4ee04582-2825-4055-a051-0465d62eb5ca@group-78E0FE5F723E, cid=1113, SUCCESS, logIndex=1568, commits[4ee04582-2825-4055-a051-0465d62eb5ca:c1569, 97f5b9f0-d9ef-40b5-ba79-7414923e623f:c1565, 7d686585-d831-45bc-93fc-0a553b604b0e:c1565]
2019-07-08 23:04:55,220 INFO  client.GrpcClientProtocolClient (GrpcClientProtocolClient.java:onNext(255)) - client-CEF4D3493DC0->4ee04582-2825-4055-a051-0465d62eb5ca: receive RaftClientReply:client-CEF4D3493DC0->4ee04582-2825-4055-a051-0465d62eb5ca@group-78E0FE5F723E, cid=1114, SUCCESS, logIndex=1569, commits[4ee04582-2825-4055-a051-0465d62eb5ca:c1569, 97f5b9f0-d9ef-40b5-ba79-7414923e623f:c1565, 7d686585-d831-45bc-93fc-0a553b604b0e:c1565]
2019-07-08 23:04:55,236 INFO  client.GrpcClientProtocolClient (GrpcClientProtocolClient.java:onNext(255)) - client-CEF4D3493DC0->4ee04582-2825-4055-a051-0465d62eb5ca: receive RaftClientReply:client-CEF4D3493DC0->4ee04582-2825-4055-a051-0465d62eb5ca@group-78E0FE5F723E, cid=1115, SUCCESS, logIndex=0, commits[4ee04582-2825-4055-a051-0465d62eb5ca:c1571, 97f5b9f0-d9ef-40b5-ba79-7414923e623f:c1567, 7d686585-d831-45bc-93fc-0a553b604b0e:c1567]
2019-07-08 23:04:55,253 INFO  client.GrpcClientProtocolClient (GrpcClientProtocolClient.java:onNext(255)) - client-CEF4D3493DC0->4ee04582-2825-4055-a051-0465d62eb5ca: receive RaftClientReply:client-CEF4D3493DC0->4ee04582-2825-4055-a051-0465d62eb5ca@group-78E0FE5F723E, cid=1116, SUCCESS, logIndex=1574, commits[4ee04582-2825-4055-a051-0465d62eb5ca:c1575, 97f5b9f0-d9ef-40b5-ba79-7414923e623f:c1573, 7d686585-d831-45bc-93fc-0a553b604b0e:c1573]
2019-07-08 23:04:55,253 INFO  client.GrpcClientProtocolClient (GrpcClientProtocolClient.java:onNext(255)) - client-CEF4D3493DC0->4ee04582-2825-4055-a051-0465d62eb5ca: receive RaftClientReply:client-CEF4D3493DC0->4ee04582-2825-4055-a051-0465d62eb5ca@group-78E0FE5F723E, cid=1117, SUCCESS, logIndex=1575, commits[4ee04582-2825-4055-a051-0465d62eb5ca:c1575, 97f5b9f0-d9ef-40b5-ba79-7414923e623f:c1573, 7d686585-d831-45bc-93fc-0a553b604b0e:c1573]
2019-07-08 23:04:55,277 INFO  client.GrpcClientProtocolClient (GrpcClientProtocolClient.java:onNext(255)) - client-CEF4D3493DC0->4ee04582-2825-4055-a051-0465d62eb5ca: receive RaftClientReply:client-CEF4D3493DC0->4ee04582-2825-4055-a051-0465d62eb5ca@group-78E0FE5F723E, cid=1118, SUCCESS, logIndex=1578, commits[4ee04582-2825-4055-a051-0465d62eb5ca:c1579, 97f5b9f0-d9ef-40b5-ba79-7414923e623f:c1577, 7d686585-d831-45bc-93fc-0a553b604b0e:c1575]
2019-07-08 23:04:55,277 INFO  client.GrpcClientProtocolClient (GrpcClientProtocolClient.java:onNext(255)) - client-CEF4D3493DC0->4ee04582-2825-4055-a051-0465d62eb5ca: receive RaftClientReply:client-CEF4D3493DC0->4ee04582-2825-4055-a051-0465d62eb5ca@group-78E0FE5F723E, cid=1119, SUCCESS, logIndex=1579, commits[4ee04582-2825-4055-a051-0465d62eb5ca:c1579, 97f5b9f0-d9ef-40b5-ba79-7414923e623f:c1577, 7d686585-d831-45bc-93fc-0a553b604b0e:c1577]
2019-07-08 23:04:55,279 INFO  client.GrpcClientProtocolClient (GrpcClientProtocolClient.java:onNext(255)) - client-CEF4D3493DC0->4ee04582-2825-4055-a051-0465d62eb5ca: receive RaftClientReply:client-CEF4D3493DC0->4ee04582-2825-4055-a051-0465d62eb5ca@group-78E0FE5F723E, cid=1120, SUCCESS, logIndex=0, commits[4ee04582-2825-4055-a051-0465d62eb5ca:c1580, 97f5b9f0-d9ef-40b5-ba79-7414923e623f:c1579, 7d686585-d831-45bc-93fc-0a553b604b0e:c1579]
2019-07-08 23:04:55,295 INFO  client.GrpcClientProtocolClient (GrpcClientProtocolClient.java:onNext(255)) - client-CEF4D3493DC0->4ee04582-2825-4055-a051-0465d62eb5ca: receive RaftClientReply:client-CEF4D3493DC0->4ee04582-2825-4055-a051-0465d62eb5ca@group-78E0FE5F723E, cid=1121, SUCCESS, logIndex=1582, commits[4ee04582-2825-4055-a051-0465d62eb5ca:c1583, 97f5b9f0-d9ef-40b5-ba79-7414923e623f:c1581, 7d686585-d831-45bc-93fc-0a553b604b0e:c1581]
2019-07-08 23:04:55,295 INFO  client.GrpcClientProtocolClient (GrpcClientProtocolClient.java:onNext(255)) - client-CEF4D3493DC0->4ee04582-2825-4055-a051-0465d62eb5ca: receive RaftClientReply:client-CEF4D3493DC0->4ee04582-2825-4055-a051-0465d62eb5ca@group-78E0FE5F723E, cid=1122, SUCCESS, logIndex=1583, commits[4ee04582-2825-4055-a051-0465d62eb5ca:c1583, 97f5b9f0-d9ef-40b5-ba79-7414923e623f:c1581, 7d686585-d831-45bc-93fc-0a553b604b0e:c1581]
2019-07-08 23:04:55,298 INFO  client.GrpcClientProtocolClient (GrpcClientProtocolClient.java:onNext(255)) - client-CEF4D3493DC0->4ee04582-2825-4055-a051-0465d62eb5ca: receive RaftClientReply:client-CEF4D3493DC0->4ee04582-2825-4055-a051-0465d62eb5ca@group-78E0FE5F723E, cid=1123, SUCCESS, logIndex=1584, commits[4ee04582-2825-4055-a051-0465d62eb5ca:c1586, 97f5b9f0-d9ef-40b5-ba79-7414923e623f:c1583, 7d686585-d831-45bc-93fc-0a553b604b0e:c1581]
2019-07-08 23:04:55,298 INFO  client.GrpcClientProtocolClient (GrpcClientProtocolClient.java:onNext(255)) - client-CEF4D3493DC0->4ee04582-2825-4055-a051-0465d62eb5ca: receive RaftClientReply:client-CEF4D3493DC0->4ee04582-2825-4055-a051-0465d62eb5ca@group-78E0FE5F723E, cid=1124, SUCCESS, logIndex=1585, commits[4ee04582-2825-4055-a051-0465d62eb5ca:c1587, 97f5b9f0-d9ef-40b5-ba79-7414923e623f:c1583, 7d686585-d831-45bc-93fc-0a553b604b0e:c1581]
2019-07-08 23:04:55,299 INFO  client.GrpcClientProtocolClient (GrpcClientProtocolClient.java:onNext(255)) - client-CEF4D3493DC0->4ee04582-2825-4055-a051-0465d62eb5ca: receive RaftClientReply:client-CEF4D3493DC0->4ee04582-2825-4055-a051-0465d62eb5ca@group-78E0FE5F723E, cid=1125, SUCCESS, logIndex=0, commits[4ee04582-2825-4055-a051-0465d62eb5ca:c1587, 97f5b9f0-d9ef-40b5-ba79-7414923e623f:c1583, 7d686585-d831-45bc-93fc-0a553b604b0e:c1583]
2019-07-08 23:04:55,314 INFO  client.GrpcClientProtocolClient (GrpcClientProtocolClient.java:onNext(255)) - client-CEF4D3493DC0->4ee04582-2825-4055-a051-0465d62eb5ca: receive RaftClientReply:client-CEF4D3493DC0->4ee04582-2825-4055-a051-0465d62eb5ca@group-78E0FE5F723E, cid=1126, SUCCESS, logIndex=1590, commits[4ee04582-2825-4055-a051-0465d62eb5ca:c1591, 97f5b9f0-d9ef-40b5-ba79-7414923e623f:c1589, 7d686585-d831-45bc-93fc-0a553b604b0e:c1589]
2019-07-08 23:04:55,314 INFO  client.GrpcClientProtocolClient (GrpcClientProtocolClient.java:onNext(255)) - client-CEF4D3493DC0->4ee04582-2825-4055-a051-0465d62eb5ca: receive RaftClientReply:client-CEF4D3493DC0->4ee04582-2825-4055-a051-0465d62eb5ca@group-78E0FE5F723E, cid=1127, SUCCESS, logIndex=1591, commits[4ee04582-2825-4055-a051-0465d62eb5ca:c1591, 97f5b9f0-d9ef-40b5-ba79-7414923e623f:c1589, 7d686585-d831-45bc-93fc-0a553b604b0e:c1589]
2019-07-08 23:04:55,327 INFO  client.GrpcClientProtocolClient (GrpcClientProtocolClient.java:onNext(255)) - client-CEF4D3493DC0->4ee04582-2825-4055-a051-0465d62eb5ca: receive RaftClientReply:client-CEF4D3493DC0->4ee04582-2825-4055-a051-0465d62eb5ca@group-78E0FE5F723E, cid=1128, SUCCESS, logIndex=1594, commits[4ee04582-2825-4055-a051-0465d62eb5ca:c1595, 97f5b9f0-d9ef-40b5-ba79-7414923e623f:c1593, 7d686585-d831-45bc-93fc-0a553b604b0e:c1591]
2019-07-08 23:04:55,327 INFO  client.GrpcClientProtocolClient (GrpcClientProtocolClient.java:onNext(255)) - client-CEF4D3493DC0->4ee04582-2825-4055-a051-0465d62eb5ca: receive RaftClientReply:client-CEF4D3493DC0->4ee04582-2825-4055-a051-0465d62eb5ca@group-78E0FE5F723E, cid=1129, SUCCESS, logIndex=1595, commits[4ee04582-2825-4055-a051-0465d62eb5ca:c1595, 97f5b9f0-d9ef-40b5-ba79-7414923e623f:c1593, 7d686585-d831-45bc-93fc-0a553b604b0e:c1591]
2019-07-08 23:04:55,329 INFO  client.GrpcClientProtocolClient (GrpcClientProtocolClient.java:onNext(255)) - client-CEF4D3493DC0->4ee04582-2825-4055-a051-0465d62eb5ca: receive RaftClientReply:client-CEF4D3493DC0->4ee04582-2825-4055-a051-0465d62eb5ca@group-78E0FE5F723E, cid=1130, SUCCESS, logIndex=0, commits[4ee04582-2825-4055-a051-0465d62eb5ca:c1596, 97f5b9f0-d9ef-40b5-ba79-7414923e623f:c1595, 7d686585-d831-45bc-93fc-0a553b604b0e:c1595]
2019-07-08 23:04:55,342 INFO  client.GrpcClientProtocolClient (GrpcClientProtocolClient.java:onNext(255)) - client-CEF4D3493DC0->4ee04582-2825-4055-a051-0465d62eb5ca: receive RaftClientReply:client-CEF4D3493DC0->4ee04582-2825-4055-a051-0465d62eb5ca@group-78E0FE5F723E, cid=1131, SUCCESS, logIndex=1598, commits[4ee04582-2825-4055-a051-0465d62eb5ca:c1599, 97f5b9f0-d9ef-40b5-ba79-7414923e623f:c1597, 7d686585-d831-45bc-93fc-0a553b604b0e:c1597]
2019-07-08 23:04:55,343 INFO  client.GrpcClientProtocolClient (GrpcClientProtocolClient.java:onNext(255)) - client-CEF4D3493DC0->4ee04582-2825-4055-a051-0465d62eb5ca: receive RaftClientReply:client-CEF4D3493DC0->4ee04582-2825-4055-a051-0465d62eb5ca@group-78E0FE5F723E, cid=1132, SUCCESS, logIndex=1599, commits[4ee04582-2825-4055-a051-0465d62eb5ca:c1599, 97f5b9f0-d9ef-40b5-ba79-7414923e623f:c1597, 7d686585-d831-45bc-93fc-0a553b604b0e:c1597]
2019-07-08 23:04:55,346 INFO  client.GrpcClientProtocolClient (GrpcClientProtocolClient.java:onNext(255)) - client-CEF4D3493DC0->4ee04582-2825-4055-a051-0465d62eb5ca: receive RaftClientReply:client-CEF4D3493DC0->4ee04582-2825-4055-a051-0465d62eb5ca@group-78E0FE5F723E, cid=1133, SUCCESS, logIndex=1600, commits[4ee04582-2825-4055-a051-0465d62eb5ca:c1603, 97f5b9f0-d9ef-40b5-ba79-7414923e623f:c1599, 7d686585-d831-45bc-93fc-0a553b604b0e:c1597]
2019-07-08 23:04:55,346 INFO  client.GrpcClientProtocolClient (GrpcClientProtocolClient.java:onNext(255)) - client-CEF4D3493DC0->4ee04582-2825-4055-a051-0465d62eb5ca: receive RaftClientReply:client-CEF4D3493DC0->4ee04582-2825-4055-a051-0465d62eb5ca@group-78E0FE5F723E, cid=1134, SUCCESS, logIndex=1601, commits[4ee04582-2825-4055-a051-0465d62eb5ca:c1603, 97f5b9f0-d9ef-40b5-ba79-7414923e623f:c1599, 7d686585-d831-45bc-93fc-0a553b604b0e:c1599]
2019-07-08 23:04:55,368 INFO  client.GrpcClientProtocolClient (GrpcClientProtocolClient.java:onNext(255)) - client-CEF4D3493DC0->4ee04582-2825-4055-a051-0465d62eb5ca: receive RaftClientReply:client-CEF4D3493DC0->4ee04582-2825-4055-a051-0465d62eb5ca@group-78E0FE5F723E, cid=1135, SUCCESS, logIndex=1606, commits[4ee04582-2825-4055-a051-0465d62eb5ca:c1607, 97f5b9f0-d9ef-40b5-ba79-7414923e623f:c1605, 7d686585-d831-45bc-93fc-0a553b604b0e:c1605]
2019-07-08 23:04:55,368 INFO  client.GrpcClientProtocolClient (GrpcClientProtocolClient.java:onNext(255)) - client-CEF4D3493DC0->4ee04582-2825-4055-a051-0465d62eb5ca: receive RaftClientReply:client-CEF4D3493DC0->4ee04582-2825-4055-a051-0465d62eb5ca@group-78E0FE5F723E, cid=1136, SUCCESS, logIndex=1607, commits[4ee04582-2825-4055-a051-0465d62eb5ca:c1607, 97f5b9f0-d9ef-40b5-ba79-7414923e623f:c1605, 7d686585-d831-45bc-93fc-0a553b604b0e:c1605]
2019-07-08 23:04:55,382 INFO  client.GrpcClientProtocolClient (GrpcClientProtocolClient.java:onNext(255)) - client-CEF4D3493DC0->4ee04582-2825-4055-a051-0465d62eb5ca: receive RaftClientReply:client-CEF4D3493DC0->4ee04582-2825-4055-a051-0465d62eb5ca@group-78E0FE5F723E, cid=1137, SUCCESS, logIndex=1610, commits[4ee04582-2825-4055-a051-0465d62eb5ca:c1611, 97f5b9f0-d9ef-40b5-ba79-7414923e623f:c1609, 7d686585-d831-45bc-93fc-0a553b604b0e:c1607]
2019-07-08 23:04:55,383 INFO  client.GrpcClientProtocolClient (GrpcClientProtocolClient.java:onNext(255)) - client-CEF4D3493DC0->4ee04582-2825-4055-a051-0465d62eb5ca: receive RaftClientReply:client-CEF4D3493DC0->4ee04582-2825-4055-a051-0465d62eb5ca@group-78E0FE5F723E, cid=1138, SUCCESS, logIndex=1611, commits[4ee04582-2825-4055-a051-0465d62eb5ca:c1611, 97f5b9f0-d9ef-40b5-ba79-7414923e623f:c1609, 7d686585-d831-45bc-93fc-0a553b604b0e:c1607]
2019-07-08 23:04:55,384 INFO  client.GrpcClientProtocolClient (GrpcClientProtocolClient.java:onNext(255)) - client-CEF4D3493DC0->4ee04582-2825-4055-a051-0465d62eb5ca: receive RaftClientReply:client-CEF4D3493DC0->4ee04582-2825-4055-a051-0465d62eb5ca@group-78E0FE5F723E, cid=1139, SUCCESS, logIndex=0, commits[4ee04582-2825-4055-a051-0465d62eb5ca:c1612, 97f5b9f0-d9ef-40b5-ba79-7414923e623f:c1611, 7d686585-d831-45bc-93fc-0a553b604b0e:c1611]
2019-07-08 23:04:55,398 INFO  client.GrpcClientProtocolClient (GrpcClientProtocolClient.java:onNext(255)) - client-CEF4D3493DC0->4ee04582-2825-4055-a051-0465d62eb5ca: receive RaftClientReply:client-CEF4D3493DC0->4ee04582-2825-4055-a051-0465d62eb5ca@group-78E0FE5F723E, cid=1140, SUCCESS, logIndex=1614, commits[4ee04582-2825-4055-a051-0465d62eb5ca:c1615, 97f5b9f0-d9ef-40b5-ba79-7414923e623f:c1613, 7d686585-d831-45bc-93fc-0a553b604b0e:c1611]
2019-07-08 23:04:55,399 INFO  client.GrpcClientProtocolClient (GrpcClientProtocolClient.java:onNext(255)) - client-CEF4D3493DC0->4ee04582-2825-4055-a051-0465d62eb5ca: receive RaftClientReply:client-CEF4D3493DC0->4ee04582-2825-4055-a051-0465d62eb5ca@group-78E0FE5F723E, cid=1141, SUCCESS, logIndex=1615, commits[4ee04582-2825-4055-a051-0465d62eb5ca:c1615, 97f5b9f0-d9ef-40b5-ba79-7414923e623f:c1613, 7d686585-d831-45bc-93fc-0a553b604b0e:c1611]
2019-07-08 23:04:55,402 INFO  client.GrpcClientProtocolClient (GrpcClientProtocolClient.java:onNext(255)) - client-CEF4D3493DC0->4ee04582-2825-4055-a051-0465d62eb5ca: receive RaftClientReply:client-CEF4D3493DC0->4ee04582-2825-4055-a051-0465d62eb5ca@group-78E0FE5F723E, cid=1142, SUCCESS, logIndex=1616, commits[4ee04582-2825-4055-a051-0465d62eb5ca:c1617, 97f5b9f0-d9ef-40b5-ba79-7414923e623f:c1613, 7d686585-d831-45bc-93fc-0a553b604b0e:c1613]
2019-07-08 23:04:55,402 INFO  client.GrpcClientProtocolClient (GrpcClientProtocolClient.java:onNext(255)) - client-CEF4D3493DC0->4ee04582-2825-4055-a051-0465d62eb5ca: receive RaftClientReply:client-CEF4D3493DC0->4ee04582-2825-4055-a051-0465d62eb5ca@group-78E0FE5F723E, cid=1143, SUCCESS, logIndex=1617, commits[4ee04582-2825-4055-a051-0465d62eb5ca:c1617, 97f5b9f0-d9ef-40b5-ba79-7414923e623f:c1613, 7d686585-d831-45bc-93fc-0a553b604b0e:c1613]
2019-07-08 23:04:55,405 INFO  client.GrpcClientProtocolClient (GrpcClientProtocolClient.java:onNext(255)) - client-CEF4D3493DC0->4ee04582-2825-4055-a051-0465d62eb5ca: receive RaftClientReply:client-CEF4D3493DC0->4ee04582-2825-4055-a051-0465d62eb5ca@group-78E0FE5F723E, cid=1144, SUCCESS, logIndex=0, commits[4ee04582-2825-4055-a051-0465d62eb5ca:c1619, 97f5b9f0-d9ef-40b5-ba79-7414923e623f:c1615, 7d686585-d831-45bc-93fc-0a553b604b0e:c1615]
2019-07-08 23:04:55,417 INFO  client.GrpcClientProtocolClient (GrpcClientProtocolClient.java:onNext(255)) - client-CEF4D3493DC0->4ee04582-2825-4055-a051-0465d62eb5ca: receive RaftClientReply:client-CEF4D3493DC0->4ee04582-2825-4055-a051-0465d62eb5ca@group-78E0FE5F723E, cid=1145, SUCCESS, logIndex=1622, commits[4ee04582-2825-4055-a051-0465d62eb5ca:c1623, 97f5b9f0-d9ef-40b5-ba79-7414923e623f:c1621, 7d686585-d831-45bc-93fc-0a553b604b0e:c1617]
2019-07-08 23:04:55,418 INFO  client.GrpcClientProtocolClient (GrpcClientProtocolClient.java:onNext(255)) - client-CEF4D3493DC0->4ee04582-2825-4055-a051-0465d62eb5ca: receive RaftClientReply:client-CEF4D3493DC0->4ee04582-2825-4055-a051-0465d62eb5ca@group-78E0FE5F723E, cid=1146, SUCCESS, logIndex=1623, commits[4ee04582-2825-4055-a051-0465d62eb5ca:c1623, 97f5b9f0-d9ef-40b5-ba79-7414923e623f:c1621, 7d686585-d831-45bc-93fc-0a553b604b0e:c1621]
2019-07-08 23:04:55,431 INFO  client.GrpcClientProtocolClient (GrpcClientProtocolClient.java:onNext(255)) - client-CEF4D3493DC0->4ee04582-2825-4055-a051-0465d62eb5ca: receive RaftClientReply:client-CEF4D3493DC0->4ee04582-2825-4055-a051-0465d62eb5ca@group-78E0FE5F723E, cid=1147, SUCCESS, logIndex=1626, commits[4ee04582-2825-4055-a051-0465d62eb5ca:c1627, 97f5b9f0-d9ef-40b5-ba79-7414923e623f:c1625, 7d686585-d831-45bc-93fc-0a553b604b0e:c1623]
2019-07-08 23:04:55,431 INFO  client.GrpcClientProtocolClient (GrpcClientProtocolClient.java:onNext(255)) - client-CEF4D3493DC0->4ee04582-2825-4055-a051-0465d62eb5ca: receive RaftClientReply:client-CEF4D3493DC0->4ee04582-2825-4055-a051-0465d62eb5ca@group-78E0FE5F723E, cid=1148, SUCCESS, logIndex=1627, commits[4ee04582-2825-4055-a051-0465d62eb5ca:c1627, 97f5b9f0-d9ef-40b5-ba79-7414923e623f:c1625, 7d686585-d831-45bc-93fc-0a553b604b0e:c1625]
2019-07-08 23:04:55,433 INFO  client.GrpcClientProtocolClient (GrpcClientProtocolClient.java:onNext(255)) - client-CEF4D3493DC0->4ee04582-2825-4055-a051-0465d62eb5ca: receive RaftClientReply:client-CEF4D3493DC0->4ee04582-2825-4055-a051-0465d62eb5ca@group-78E0FE5F723E, cid=1149, SUCCESS, logIndex=0, commits[4ee04582-2825-4055-a051-0465d62eb5ca:c1629, 97f5b9f0-d9ef-40b5-ba79-7414923e623f:c1627, 7d686585-d831-45bc-93fc-0a553b604b0e:c1627]
2019-07-08 23:04:55,446 INFO  client.GrpcClientProtocolClient (GrpcClientProtocolClient.java:onNext(255)) - client-CEF4D3493DC0->4ee04582-2825-4055-a051-0465d62eb5ca: receive RaftClientReply:client-CEF4D3493DC0->4ee04582-2825-4055-a051-0465d62eb5ca@group-78E0FE5F723E, cid=1150, SUCCESS, logIndex=1630, commits[4ee04582-2825-4055-a051-0465d62eb5ca:c1631, 97f5b9f0-d9ef-40b5-ba79-7414923e623f:c1629, 7d686585-d831-45bc-93fc-0a553b604b0e:c1627]
2019-07-08 23:04:55,446 INFO  client.GrpcClientProtocolClient (GrpcClientProtocolClient.java:onNext(255)) - client-CEF4D3493DC0->4ee04582-2825-4055-a051-0465d62eb5ca: receive RaftClientReply:client-CEF4D3493DC0->4ee04582-2825-4055-a051-0465d62eb5ca@group-78E0FE5F723E, cid=1151, SUCCESS, logIndex=1631, commits[4ee04582-2825-4055-a051-0465d62eb5ca:c1631, 97f5b9f0-d9ef-40b5-ba79-7414923e623f:c1629, 7d686585-d831-45bc-93fc-0a553b604b0e:c1627]
2019-07-08 23:04:55,452 INFO  client.GrpcClientProtocolClient (GrpcClientProtocolClient.java:onNext(255)) - client-CEF4D3493DC0->4ee04582-2825-4055-a051-0465d62eb5ca: receive RaftClientReply:client-CEF4D3493DC0->4ee04582-2825-4055-a051-0465d62eb5ca@group-78E0FE5F723E, cid=1152, SUCCESS, logIndex=1632, commits[4ee04582-2825-4055-a051-0465d62eb5ca:c1632, 97f5b9f0-d9ef-40b5-ba79-7414923e623f:c1629, 7d686585-d831-45bc-93fc-0a553b604b0e:c1629]
2019-07-08 23:04:55,452 INFO  client.GrpcClientProtocolClient (GrpcClientProtocolClient.java:onNext(255)) - client-CEF4D3493DC0->4ee04582-2825-4055-a051-0465d62eb5ca: receive RaftClientReply:client-CEF4D3493DC0->4ee04582-2825-4055-a051-0465d62eb5ca@group-78E0FE5F723E, cid=1153, SUCCESS, logIndex=1633, commits[4ee04582-2825-4055-a051-0465d62eb5ca:c1634, 97f5b9f0-d9ef-40b5-ba79-7414923e623f:c1631, 7d686585-d831-45bc-93fc-0a553b604b0e:c1630]
2019-07-08 23:04:55,453 INFO  client.GrpcClientProtocolClient (GrpcClientProtocolClient.java:onNext(255)) - client-CEF4D3493DC0->4ee04582-2825-4055-a051-0465d62eb5ca: receive RaftClientReply:client-CEF4D3493DC0->4ee04582-2825-4055-a051-0465d62eb5ca@group-78E0FE5F723E, cid=1154, SUCCESS, logIndex=0, commits[4ee04582-2825-4055-a051-0465d62eb5ca:c1635, 97f5b9f0-d9ef-40b5-ba79-7414923e623f:c1631, 7d686585-d831-45bc-93fc-0a553b604b0e:c1631]
2019-07-08 23:04:55,471 INFO  client.GrpcClientProtocolClient (GrpcClientProtocolClient.java:onNext(255)) - client-CEF4D3493DC0->4ee04582-2825-4055-a051-0465d62eb5ca: receive RaftClientReply:client-CEF4D3493DC0->4ee04582-2825-4055-a051-0465d62eb5ca@group-78E0FE5F723E, cid=1155, SUCCESS, logIndex=1638, commits[4ee04582-2825-4055-a051-0465d62eb5ca:c1639, 97f5b9f0-d9ef-40b5-ba79-7414923e623f:c1637, 7d686585-d831-45bc-93fc-0a553b604b0e:c1637]
2019-07-08 23:04:55,472 INFO  client.GrpcClientProtocolClient (GrpcClientProtocolClient.java:onNext(255)) - client-CEF4D3493DC0->4ee04582-2825-4055-a051-0465d62eb5ca: receive RaftClientReply:client-CEF4D3493DC0->4ee04582-2825-4055-a051-0465d62eb5ca@group-78E0FE5F723E, cid=1156, SUCCESS, logIndex=1639, commits[4ee04582-2825-4055-a051-0465d62eb5ca:c1639, 97f5b9f0-d9ef-40b5-ba79-7414923e623f:c1637, 7d686585-d831-45bc-93fc-0a553b604b0e:c1637]
2019-07-08 23:04:55,482 INFO  client.GrpcClientProtocolClient (GrpcClientProtocolClient.java:onNext(255)) - client-CEF4D3493DC0->4ee04582-2825-4055-a051-0465d62eb5ca: receive RaftClientReply:client-CEF4D3493DC0->4ee04582-2825-4055-a051-0465d62eb5ca@group-78E0FE5F723E, cid=1157, SUCCESS, logIndex=1642, commits[4ee04582-2825-4055-a051-0465d62eb5ca:c1643, 97f5b9f0-d9ef-40b5-ba79-7414923e623f:c1640, 7d686585-d831-45bc-93fc-0a553b604b0e:c1639]
2019-07-08 23:04:55,483 INFO  client.GrpcClientProtocolClient (GrpcClientProtocolClient.java:onNext(255)) - client-CEF4D3493DC0->4ee04582-2825-4055-a051-0465d62eb5ca: receive RaftClientReply:client-CEF4D3493DC0->4ee04582-2825-4055-a051-0465d62eb5ca@group-78E0FE5F723E, cid=1158, SUCCESS, logIndex=1643, commits[4ee04582-2825-4055-a051-0465d62eb5ca:c1643, 97f5b9f0-d9ef-40b5-ba79-7414923e623f:c1640, 7d686585-d831-45bc-93fc-0a553b604b0e:c1639]
2019-07-08 23:04:55,490 INFO  client.GrpcClientProtocolClient (GrpcClientProtocolClient.java:onNext(255)) - client-CEF4D3493DC0->4ee04582-2825-4055-a051-0465d62eb5ca: receive RaftClientReply:client-CEF4D3493DC0->4ee04582-2825-4055-a051-0465d62eb5ca@group-78E0FE5F723E, cid=1159, SUCCESS, logIndex=0, commits[4ee04582-2825-4055-a051-0465d62eb5ca:c1645, 97f5b9f0-d9ef-40b5-ba79-7414923e623f:c1643, 7d686585-d831-45bc-93fc-0a553b604b0e:c1643]
2019-07-08 23:04:55,507 INFO  client.GrpcClientProtocolClient (GrpcClientProtocolClient.java:onNext(255)) - client-CEF4D3493DC0->4ee04582-2825-4055-a051-0465d62eb5ca: receive RaftClientReply:client-CEF4D3493DC0->4ee04582-2825-4055-a051-0465d62eb5ca@group-78E0FE5F723E, cid=1160, SUCCESS, logIndex=1646, commits[4ee04582-2825-4055-a051-0465d62eb5ca:c1649, 97f5b9f0-d9ef-40b5-ba79-7414923e623f:c1645, 7d686585-d831-45bc-93fc-0a553b604b0e:c1645]
2019-07-08 23:04:55,507 INFO  client.GrpcClientProtocolClient (GrpcClientProtocolClient.java:onNext(255)) - client-CEF4D3493DC0->4ee04582-2825-4055-a051-0465d62eb5ca: receive RaftClientReply:client-CEF4D3493DC0->4ee04582-2825-4055-a051-0465d62eb5ca@group-78E0FE5F723E, cid=1161, SUCCESS, logIndex=1647, commits[4ee04582-2825-4055-a051-0465d62eb5ca:c1649, 97f5b9f0-d9ef-40b5-ba79-7414923e623f:c1645, 7d686585-d831-45bc-93fc-0a553b604b0e:c1645]
2019-07-08 23:04:55,508 INFO  client.GrpcClientProtocolClient (GrpcClientProtocolClient.java:onNext(255)) - client-CEF4D3493DC0->4ee04582-2825-4055-a051-0465d62eb5ca: receive RaftClientReply:client-CEF4D3493DC0->4ee04582-2825-4055-a051-0465d62eb5ca@group-78E0FE5F723E, cid=1162, SUCCESS, logIndex=1648, commits[4ee04582-2825-4055-a051-0465d62eb5ca:c1649, 97f5b9f0-d9ef-40b5-ba79-7414923e623f:c1645, 7d686585-d831-45bc-93fc-0a553b604b0e:c1645]
2019-07-08 23:04:55,508 INFO  client.GrpcClientProtocolClient (GrpcClientProtocolClient.java:onNext(255)) - client-CEF4D3493DC0->4ee04582-2825-4055-a051-0465d62eb5ca: receive RaftClientReply:client-CEF4D3493DC0->4ee04582-2825-4055-a051-0465d62eb5ca@group-78E0FE5F723E, cid=1163, SUCCESS, logIndex=1649, commits[4ee04582-2825-4055-a051-0465d62eb5ca:c1649, 97f5b9f0-d9ef-40b5-ba79-7414923e623f:c1645, 7d686585-d831-45bc-93fc-0a553b604b0e:c1645]
2019-07-08 23:04:55,509 INFO  client.GrpcClientProtocolClient (GrpcClientProtocolClient.java:onNext(255)) - client-CEF4D3493DC0->4ee04582-2825-4055-a051-0465d62eb5ca: receive RaftClientReply:client-CEF4D3493DC0->4ee04582-2825-4055-a051-0465d62eb5ca@group-78E0FE5F723E, cid=1164, SUCCESS, logIndex=0, commits[4ee04582-2825-4055-a051-0465d62eb5ca:c1650, 97f5b9f0-d9ef-40b5-ba79-7414923e623f:c1647, 7d686585-d831-45bc-93fc-0a553b604b0e:c1647]
2019-07-08 23:04:55,521 INFO  client.GrpcClientProtocolClient (GrpcClientProtocolClient.java:onNext(255)) - client-CEF4D3493DC0->4ee04582-2825-4055-a051-0465d62eb5ca: receive RaftClientReply:client-CEF4D3493DC0->4ee04582-2825-4055-a051-0465d62eb5ca@group-78E0FE5F723E, cid=1165, SUCCESS, logIndex=1654, commits[4ee04582-2825-4055-a051-0465d62eb5ca:c1655, 97f5b9f0-d9ef-40b5-ba79-7414923e623f:c1653, 7d686585-d831-45bc-93fc-0a553b604b0e:c1653]
2019-07-08 23:04:55,522 INFO  client.GrpcClientProtocolClient (GrpcClientProtocolClient.java:onNext(255)) - client-CEF4D3493DC0->4ee04582-2825-4055-a051-0465d62eb5ca: receive RaftClientReply:client-CEF4D3493DC0->4ee04582-2825-4055-a051-0465d62eb5ca@group-78E0FE5F723E, cid=1166, SUCCESS, logIndex=1655, commits[4ee04582-2825-4055-a051-0465d62eb5ca:c1655, 97f5b9f0-d9ef-40b5-ba79-7414923e623f:c1653, 7d686585-d831-45bc-93fc-0a553b604b0e:c1653]
2019-07-08 23:04:55,534 INFO  client.GrpcClientProtocolClient (GrpcClientProtocolClient.java:onNext(255)) - client-CEF4D3493DC0->4ee04582-2825-4055-a051-0465d62eb5ca: receive RaftClientReply:client-CEF4D3493DC0->4ee04582-2825-4055-a051-0465d62eb5ca@group-78E0FE5F723E, cid=1167, SUCCESS, logIndex=1658, commits[4ee04582-2825-4055-a051-0465d62eb5ca:c1659, 97f5b9f0-d9ef-40b5-ba79-7414923e623f:c1657, 7d686585-d831-45bc-93fc-0a553b604b0e:c1657]
2019-07-08 23:04:55,534 INFO  client.GrpcClientProtocolClient (GrpcClientProtocolClient.java:onNext(255)) - client-CEF4D3493DC0->4ee04582-2825-4055-a051-0465d62eb5ca: receive RaftClientReply:client-CEF4D3493DC0->4ee04582-2825-4055-a051-0465d62eb5ca@group-78E0FE5F723E, cid=1168, SUCCESS, logIndex=1659, commits[4ee04582-2825-4055-a051-0465d62eb5ca:c1659, 97f5b9f0-d9ef-40b5-ba79-7414923e623f:c1657, 7d686585-d831-45bc-93fc-0a553b604b0e:c1657]
2019-07-08 23:04:55,538 INFO  client.GrpcClientProtocolClient (GrpcClientProtocolClient.java:onNext(255)) - client-CEF4D3493DC0->4ee04582-2825-4055-a051-0465d62eb5ca: receive RaftClientReply:client-CEF4D3493DC0->4ee04582-2825-4055-a051-0465d62eb5ca@group-78E0FE5F723E, cid=1169, SUCCESS, logIndex=0, commits[4ee04582-2825-4055-a051-0465d62eb5ca:c1660, 97f5b9f0-d9ef-40b5-ba79-7414923e623f:c1659, 7d686585-d831-45bc-93fc-0a553b604b0e:c1659]
2019-07-08 23:04:55,552 INFO  client.GrpcClientProtocolClient (GrpcClientProtocolClient.java:onNext(255)) - client-CEF4D3493DC0->4ee04582-2825-4055-a051-0465d62eb5ca: receive RaftClientReply:client-CEF4D3493DC0->4ee04582-2825-4055-a051-0465d62eb5ca@group-78E0FE5F723E, cid=1170, SUCCESS, logIndex=1662, commits[4ee04582-2825-4055-a051-0465d62eb5ca:c1665, 97f5b9f0-d9ef-40b5-ba79-7414923e623f:c1661, 7d686585-d831-45bc-93fc-0a553b604b0e:c1659]
2019-07-08 23:04:55,553 INFO  client.GrpcClientProtocolClient (GrpcClientProtocolClient.java:onNext(255)) - client-CEF4D3493DC0->4ee04582-2825-4055-a051-0465d62eb5ca: receive RaftClientReply:client-CEF4D3493DC0->4ee04582-2825-4055-a051-0465d62eb5ca@group-78E0FE5F723E, cid=1171, SUCCESS, logIndex=1663, commits[4ee04582-2825-4055-a051-0465d62eb5ca:c1665, 97f5b9f0-d9ef-40b5-ba79-7414923e623f:c1661, 7d686585-d831-45bc-93fc-0a553b604b0e:c1661]
2019-07-08 23:04:55,553 INFO  client.GrpcClientProtocolClient (GrpcClientProtocolClient.java:onNext(255)) - client-CEF4D3493DC0->4ee04582-2825-4055-a051-0465d62eb5ca: receive RaftClientReply:client-CEF4D3493DC0->4ee04582-2825-4055-a051-0465d62eb5ca@group-78E0FE5F723E, cid=1172, SUCCESS, logIndex=1664, commits[4ee04582-2825-4055-a051-0465d62eb5ca:c1665, 97f5b9f0-d9ef-40b5-ba79-7414923e623f:c1661, 7d686585-d831-45bc-93fc-0a553b604b0e:c1661]
2019-07-08 23:04:55,553 INFO  client.GrpcClientProtocolClient (GrpcClientProtocolClient.java:onNext(255)) - client-CEF4D3493DC0->4ee04582-2825-4055-a051-0465d62eb5ca: receive RaftClientReply:client-CEF4D3493DC0->4ee04582-2825-4055-a051-0465d62eb5ca@group-78E0FE5F723E, cid=1173, SUCCESS, logIndex=1665, commits[4ee04582-2825-4055-a051-0465d62eb5ca:c1665, 97f5b9f0-d9ef-40b5-ba79-7414923e623f:c1661, 7d686585-d831-45bc-93fc-0a553b604b0e:c1661]
2019-07-08 23:04:55,556 INFO  client.GrpcClientProtocolClient (GrpcClientProtocolClient.java:onNext(255)) - client-CEF4D3493DC0->4ee04582-2825-4055-a051-0465d62eb5ca: receive RaftClientReply:client-CEF4D3493DC0->4ee04582-2825-4055-a051-0465d62eb5ca@group-78E0FE5F723E, cid=1174, SUCCESS, logIndex=0, commits[4ee04582-2825-4055-a051-0465d62eb5ca:c1666, 97f5b9f0-d9ef-40b5-ba79-7414923e623f:c1663, 7d686585-d831-45bc-93fc-0a553b604b0e:c1663]
2019-07-08 23:04:55,568 INFO  client.GrpcClientProtocolClient (GrpcClientProtocolClient.java:onNext(255)) - client-CEF4D3493DC0->4ee04582-2825-4055-a051-0465d62eb5ca: receive RaftClientReply:client-CEF4D3493DC0->4ee04582-2825-4055-a051-0465d62eb5ca@group-78E0FE5F723E, cid=1175, SUCCESS, logIndex=1670, commits[4ee04582-2825-4055-a051-0465d62eb5ca:c1671, 97f5b9f0-d9ef-40b5-ba79-7414923e623f:c1669, 7d686585-d831-45bc-93fc-0a553b604b0e:c1665]
2019-07-08 23:04:55,569 INFO  client.GrpcClientProtocolClient (GrpcClientProtocolClient.java:onNext(255)) - client-CEF4D3493DC0->4ee04582-2825-4055-a051-0465d62eb5ca: receive RaftClientReply:client-CEF4D3493DC0->4ee04582-2825-4055-a051-0465d62eb5ca@group-78E0FE5F723E, cid=1176, SUCCESS, logIndex=1671, commits[4ee04582-2825-4055-a051-0465d62eb5ca:c1671, 97f5b9f0-d9ef-40b5-ba79-7414923e623f:c1669, 7d686585-d831-45bc-93fc-0a553b604b0e:c1669]
2019-07-08 23:04:55,580 INFO  client.GrpcClientProtocolClient (GrpcClientProtocolClient.java:onNext(255)) - client-CEF4D3493DC0->4ee04582-2825-4055-a051-0465d62eb5ca: receive RaftClientReply:client-CEF4D3493DC0->4ee04582-2825-4055-a051-0465d62eb5ca@group-78E0FE5F723E, cid=1177, SUCCESS, logIndex=1674, commits[4ee04582-2825-4055-a051-0465d62eb5ca:c1675, 97f5b9f0-d9ef-40b5-ba79-7414923e623f:c1673, 7d686585-d831-45bc-93fc-0a553b604b0e:c1671]
2019-07-08 23:04:55,581 INFO  client.GrpcClientProtocolClient (GrpcClientProtocolClient.java:onNext(255)) - client-CEF4D3493DC0->4ee04582-2825-4055-a051-0465d62eb5ca: receive RaftClientReply:client-CEF4D3493DC0->4ee04582-2825-4055-a051-0465d62eb5ca@group-78E0FE5F723E, cid=1178, SUCCESS, logIndex=1675, commits[4ee04582-2825-4055-a051-0465d62eb5ca:c1675, 97f5b9f0-d9ef-40b5-ba79-7414923e623f:c1673, 7d686585-d831-45bc-93fc-0a553b604b0e:c1673]
2019-07-08 23:04:55,583 INFO  client.GrpcClientProtocolClient (GrpcClientProtocolClient.java:onNext(255)) - client-CEF4D3493DC0->4ee04582-2825-4055-a051-0465d62eb5ca: receive RaftClientReply:client-CEF4D3493DC0->4ee04582-2825-4055-a051-0465d62eb5ca@group-78E0FE5F723E, cid=1179, SUCCESS, logIndex=0, commits[4ee04582-2825-4055-a051-0465d62eb5ca:c1676, 97f5b9f0-d9ef-40b5-ba79-7414923e623f:c1675, 7d686585-d831-45bc-93fc-0a553b604b0e:c1675]
2019-07-08 23:04:55,594 INFO  client.GrpcClientProtocolClient (GrpcClientProtocolClient.java:onNext(255)) - client-CEF4D3493DC0->4ee04582-2825-4055-a051-0465d62eb5ca: receive RaftClientReply:client-CEF4D3493DC0->4ee04582-2825-4055-a051-0465d62eb5ca@group-78E0FE5F723E, cid=1180, SUCCESS, logIndex=1678, commits[4ee04582-2825-4055-a051-0465d62eb5ca:c1679, 97f5b9f0-d9ef-40b5-ba79-7414923e623f:c1677, 7d686585-d831-45bc-93fc-0a553b604b0e:c1675]
2019-07-08 23:04:55,595 INFO  client.GrpcClientProtocolClient (GrpcClientProtocolClient.java:onNext(255)) - client-CEF4D3493DC0->4ee04582-2825-4055-a051-0465d62eb5ca: receive RaftClientReply:client-CEF4D3493DC0->4ee04582-2825-4055-a051-0465d62eb5ca@group-78E0FE5F723E, cid=1181, SUCCESS, logIndex=1679, commits[4ee04582-2825-4055-a051-0465d62eb5ca:c1679, 97f5b9f0-d9ef-40b5-ba79-7414923e623f:c1677, 7d686585-d831-45bc-93fc-0a553b604b0e:c1675]
2019-07-08 23:04:55,599 INFO  client.GrpcClientProtocolClient (GrpcClientProtocolClient.java:onNext(255)) - client-CEF4D3493DC0->4ee04582-2825-4055-a051-0465d62eb5ca: receive RaftClientReply:client-CEF4D3493DC0->4ee04582-2825-4055-a051-0465d62eb5ca@group-78E0FE5F723E, cid=1182, SUCCESS, logIndex=1680, commits[4ee04582-2825-4055-a051-0465d62eb5ca:c1682, 97f5b9f0-d9ef-40b5-ba79-7414923e623f:c1679, 7d686585-d831-45bc-93fc-0a553b604b0e:c1677]
2019-07-08 23:04:55,600 INFO  client.GrpcClientProtocolClient (GrpcClientProtocolClient.java:onNext(255)) - client-CEF4D3493DC0->4ee04582-2825-4055-a051-0465d62eb5ca: receive RaftClientReply:client-CEF4D3493DC0->4ee04582-2825-4055-a051-0465d62eb5ca@group-78E0FE5F723E, cid=1183, SUCCESS, logIndex=1681, commits[4ee04582-2825-4055-a051-0465d62eb5ca:c1683, 97f5b9f0-d9ef-40b5-ba79-7414923e623f:c1679, 7d686585-d831-45bc-93fc-0a553b604b0e:c1677]
2019-07-08 23:04:55,601 INFO  client.GrpcClientProtocolClient (GrpcClientProtocolClient.java:onNext(255)) - client-CEF4D3493DC0->4ee04582-2825-4055-a051-0465d62eb5ca: receive RaftClientReply:client-CEF4D3493DC0->4ee04582-2825-4055-a051-0465d62eb5ca@group-78E0FE5F723E, cid=1184, SUCCESS, logIndex=0, commits[4ee04582-2825-4055-a051-0465d62eb5ca:c1683, 97f5b9f0-d9ef-40b5-ba79-7414923e623f:c1679, 7d686585-d831-45bc-93fc-0a553b604b0e:c1679]
2019-07-08 23:04:55,612 INFO  client.GrpcClientProtocolClient (GrpcClientProtocolClient.java:onNext(255)) - client-CEF4D3493DC0->4ee04582-2825-4055-a051-0465d62eb5ca: receive RaftClientReply:client-CEF4D3493DC0->4ee04582-2825-4055-a051-0465d62eb5ca@group-78E0FE5F723E, cid=1185, SUCCESS, logIndex=1686, commits[4ee04582-2825-4055-a051-0465d62eb5ca:c1687, 97f5b9f0-d9ef-40b5-ba79-7414923e623f:c1685, 7d686585-d831-45bc-93fc-0a553b604b0e:c1685]
2019-07-08 23:04:55,613 INFO  client.GrpcClientProtocolClient (GrpcClientProtocolClient.java:onNext(255)) - client-CEF4D3493DC0->4ee04582-2825-4055-a051-0465d62eb5ca: receive RaftClientReply:client-CEF4D3493DC0->4ee04582-2825-4055-a051-0465d62eb5ca@group-78E0FE5F723E, cid=1186, SUCCESS, logIndex=1687, commits[4ee04582-2825-4055-a051-0465d62eb5ca:c1687, 97f5b9f0-d9ef-40b5-ba79-7414923e623f:c1685, 7d686585-d831-45bc-93fc-0a553b604b0e:c1685]
2019-07-08 23:04:55,733 INFO  client.GrpcClientProtocolClient (GrpcClientProtocolClient.java:onNext(255)) - client-CEF4D3493DC0->4ee04582-2825-4055-a051-0465d62eb5ca: receive RaftClientReply:client-CEF4D3493DC0->4ee04582-2825-4055-a051-0465d62eb5ca@group-78E0FE5F723E, cid=1187, SUCCESS, logIndex=1690, commits[4ee04582-2825-4055-a051-0465d62eb5ca:c1691, 97f5b9f0-d9ef-40b5-ba79-7414923e623f:c1689, 7d686585-d831-45bc-93fc-0a553b604b0e:c1689]
2019-07-08 23:04:55,733 INFO  client.GrpcClientProtocolClient (GrpcClientProtocolClient.java:onNext(255)) - client-CEF4D3493DC0->4ee04582-2825-4055-a051-0465d62eb5ca: receive RaftClientReply:client-CEF4D3493DC0->4ee04582-2825-4055-a051-0465d62eb5ca@group-78E0FE5F723E, cid=1188, SUCCESS, logIndex=1691, commits[4ee04582-2825-4055-a051-0465d62eb5ca:c1691, 97f5b9f0-d9ef-40b5-ba79-7414923e623f:c1689, 7d686585-d831-45bc-93fc-0a553b604b0e:c1689]
2019-07-08 23:04:55,744 INFO  client.GrpcClientProtocolClient (GrpcClientProtocolClient.java:onNext(255)) - client-CEF4D3493DC0->4ee04582-2825-4055-a051-0465d62eb5ca: receive RaftClientReply:client-CEF4D3493DC0->4ee04582-2825-4055-a051-0465d62eb5ca@group-78E0FE5F723E, cid=1189, SUCCESS, logIndex=0, commits[4ee04582-2825-4055-a051-0465d62eb5ca:c1693, 97f5b9f0-d9ef-40b5-ba79-7414923e623f:c1691, 7d686585-d831-45bc-93fc-0a553b604b0e:c1691]
2019-07-08 23:04:55,759 INFO  client.GrpcClientProtocolClient (GrpcClientProtocolClient.java:onNext(255)) - client-CEF4D3493DC0->4ee04582-2825-4055-a051-0465d62eb5ca: receive RaftClientReply:client-CEF4D3493DC0->4ee04582-2825-4055-a051-0465d62eb5ca@group-78E0FE5F723E, cid=1190, SUCCESS, logIndex=1694, commits[4ee04582-2825-4055-a051-0465d62eb5ca:c1695, 97f5b9f0-d9ef-40b5-ba79-7414923e623f:c1693, 7d686585-d831-45bc-93fc-0a553b604b0e:c1691]
2019-07-08 23:04:55,760 INFO  client.GrpcClientProtocolClient (GrpcClientProtocolClient.java:onNext(255)) - client-CEF4D3493DC0->4ee04582-2825-4055-a051-0465d62eb5ca: receive RaftClientReply:client-CEF4D3493DC0->4ee04582-2825-4055-a051-0465d62eb5ca@group-78E0FE5F723E, cid=1191, SUCCESS, logIndex=1695, commits[4ee04582-2825-4055-a051-0465d62eb5ca:c1695, 97f5b9f0-d9ef-40b5-ba79-7414923e623f:c1693, 7d686585-d831-45bc-93fc-0a553b604b0e:c1691]
2019-07-08 23:04:55,762 INFO  client.GrpcClientProtocolClient (GrpcClientProtocolClient.java:onNext(255)) - client-CEF4D3493DC0->4ee04582-2825-4055-a051-0465d62eb5ca: receive RaftClientReply:client-CEF4D3493DC0->4ee04582-2825-4055-a051-0465d62eb5ca@group-78E0FE5F723E, cid=1192, SUCCESS, logIndex=1696, commits[4ee04582-2825-4055-a051-0465d62eb5ca:c1696, 97f5b9f0-d9ef-40b5-ba79-7414923e623f:c1693, 7d686585-d831-45bc-93fc-0a553b604b0e:c1691]
2019-07-08 23:04:55,762 INFO  client.GrpcClientProtocolClient (GrpcClientProtocolClient.java:onNext(255)) - client-CEF4D3493DC0->4ee04582-2825-4055-a051-0465d62eb5ca: receive RaftClientReply:client-CEF4D3493DC0->4ee04582-2825-4055-a051-0465d62eb5ca@group-78E0FE5F723E, cid=1193, SUCCESS, logIndex=1697, commits[4ee04582-2825-4055-a051-0465d62eb5ca:c1699, 97f5b9f0-d9ef-40b5-ba79-7414923e623f:c1695, 7d686585-d831-45bc-93fc-0a553b604b0e:c1691]
2019-07-08 23:04:55,764 INFO  client.GrpcClientProtocolClient (GrpcClientProtocolClient.java:onNext(255)) - client-CEF4D3493DC0->4ee04582-2825-4055-a051-0465d62eb5ca: receive RaftClientReply:client-CEF4D3493DC0->4ee04582-2825-4055-a051-0465d62eb5ca@group-78E0FE5F723E, cid=1194, SUCCESS, logIndex=0, commits[4ee04582-2825-4055-a051-0465d62eb5ca:c1699, 97f5b9f0-d9ef-40b5-ba79-7414923e623f:c1695, 7d686585-d831-45bc-93fc-0a553b604b0e:c1695]
2019-07-08 23:04:55,778 INFO  client.GrpcClientProtocolClient (GrpcClientProtocolClient.java:onNext(255)) - client-CEF4D3493DC0->4ee04582-2825-4055-a051-0465d62eb5ca: receive RaftClientReply:client-CEF4D3493DC0->4ee04582-2825-4055-a051-0465d62eb5ca@group-78E0FE5F723E, cid=1195, SUCCESS, logIndex=1701, commits[4ee04582-2825-4055-a051-0465d62eb5ca:c1702, 97f5b9f0-d9ef-40b5-ba79-7414923e623f:c1700, 7d686585-d831-45bc-93fc-0a553b604b0e:c1700]
2019-07-08 23:04:55,779 INFO  client.GrpcClientProtocolClient (GrpcClientProtocolClient.java:onNext(255)) - client-CEF4D3493DC0->4ee04582-2825-4055-a051-0465d62eb5ca: receive RaftClientReply:client-CEF4D3493DC0->4ee04582-2825-4055-a051-0465d62eb5ca@group-78E0FE5F723E, cid=1196, SUCCESS, logIndex=1702, commits[4ee04582-2825-4055-a051-0465d62eb5ca:c1702, 97f5b9f0-d9ef-40b5-ba79-7414923e623f:c1700, 7d686585-d831-45bc-93fc-0a553b604b0e:c1700]
2019-07-08 23:04:55,793 INFO  client.GrpcClientProtocolClient (GrpcClientProtocolClient.java:onNext(255)) - client-CEF4D3493DC0->4ee04582-2825-4055-a051-0465d62eb5ca: receive RaftClientReply:client-CEF4D3493DC0->4ee04582-2825-4055-a051-0465d62eb5ca@group-78E0FE5F723E, cid=1197, SUCCESS, logIndex=1705, commits[4ee04582-2825-4055-a051-0465d62eb5ca:c1706, 97f5b9f0-d9ef-40b5-ba79-7414923e623f:c1702, 7d686585-d831-45bc-93fc-0a553b604b0e:c1704]
2019-07-08 23:04:55,793 INFO  client.GrpcClientProtocolClient (GrpcClientProtocolClient.java:onNext(255)) - client-CEF4D3493DC0->4ee04582-2825-4055-a051-0465d62eb5ca: receive RaftClientReply:client-CEF4D3493DC0->4ee04582-2825-4055-a051-0465d62eb5ca@group-78E0FE5F723E, cid=1198, SUCCESS, logIndex=1706, commits[4ee04582-2825-4055-a051-0465d62eb5ca:c1706, 97f5b9f0-d9ef-40b5-ba79-7414923e623f:c1704, 7d686585-d831-45bc-93fc-0a553b604b0e:c1704]
2019-07-08 23:04:55,798 INFO  client.GrpcClientProtocolClient (GrpcClientProtocolClient.java:onNext(255)) - client-CEF4D3493DC0->4ee04582-2825-4055-a051-0465d62eb5ca: receive RaftClientReply:client-CEF4D3493DC0->4ee04582-2825-4055-a051-0465d62eb5ca@group-78E0FE5F723E, cid=1199, SUCCESS, logIndex=0, commits[4ee04582-2825-4055-a051-0465d62eb5ca:c1707, 97f5b9f0-d9ef-40b5-ba79-7414923e623f:c1706, 7d686585-d831-45bc-93fc-0a553b604b0e:c1706]
2019-07-08 23:04:55,812 INFO  client.GrpcClientProtocolClient (GrpcClientProtocolClient.java:onNext(255)) - client-CEF4D3493DC0->4ee04582-2825-4055-a051-0465d62eb5ca: receive RaftClientReply:client-CEF4D3493DC0->4ee04582-2825-4055-a051-0465d62eb5ca@group-78E0FE5F723E, cid=1200, SUCCESS, logIndex=1709, commits[4ee04582-2825-4055-a051-0465d62eb5ca:c1710, 97f5b9f0-d9ef-40b5-ba79-7414923e623f:c1708, 7d686585-d831-45bc-93fc-0a553b604b0e:c1706]
2019-07-08 23:04:55,812 INFO  client.GrpcClientProtocolClient (GrpcClientProtocolClient.java:onNext(255)) - client-CEF4D3493DC0->4ee04582-2825-4055-a051-0465d62eb5ca: receive RaftClientReply:client-CEF4D3493DC0->4ee04582-2825-4055-a051-0465d62eb5ca@group-78E0FE5F723E, cid=1201, SUCCESS, logIndex=1710, commits[4ee04582-2825-4055-a051-0465d62eb5ca:c1710, 97f5b9f0-d9ef-40b5-ba79-7414923e623f:c1708, 7d686585-d831-45bc-93fc-0a553b604b0e:c1708]
2019-07-08 23:04:55,814 INFO  client.GrpcClientProtocolClient (GrpcClientProtocolClient.java:onNext(255)) - client-CEF4D3493DC0->4ee04582-2825-4055-a051-0465d62eb5ca: receive RaftClientReply:client-CEF4D3493DC0->4ee04582-2825-4055-a051-0465d62eb5ca@group-78E0FE5F723E, cid=1202, SUCCESS, logIndex=1711, commits[4ee04582-2825-4055-a051-0465d62eb5ca:c1712, 97f5b9f0-d9ef-40b5-ba79-7414923e623f:c1708, 7d686585-d831-45bc-93fc-0a553b604b0e:c1708]
2019-07-08 23:04:55,815 INFO  client.GrpcClientProtocolClient (GrpcClientProtocolClient.java:onNext(255)) - client-CEF4D3493DC0->4ee04582-2825-4055-a051-0465d62eb5ca: receive RaftClientReply:client-CEF4D3493DC0->4ee04582-2825-4055-a051-0465d62eb5ca@group-78E0FE5F723E, cid=1203, SUCCESS, logIndex=1712, commits[4ee04582-2825-4055-a051-0465d62eb5ca:c1714, 97f5b9f0-d9ef-40b5-ba79-7414923e623f:c1710, 7d686585-d831-45bc-93fc-0a553b604b0e:c1708]
2019-07-08 23:04:55,816 INFO  client.GrpcClientProtocolClient (GrpcClientProtocolClient.java:onNext(255)) - client-CEF4D3493DC0->4ee04582-2825-4055-a051-0465d62eb5ca: receive RaftClientReply:client-CEF4D3493DC0->4ee04582-2825-4055-a051-0465d62eb5ca@group-78E0FE5F723E, cid=1204, SUCCESS, logIndex=0, commits[4ee04582-2825-4055-a051-0465d62eb5ca:c1714, 97f5b9f0-d9ef-40b5-ba79-7414923e623f:c1710, 7d686585-d831-45bc-93fc-0a553b604b0e:c1710]
2019-07-08 23:04:55,829 INFO  client.GrpcClientProtocolClient (GrpcClientProtocolClient.java:onNext(255)) - client-CEF4D3493DC0->4ee04582-2825-4055-a051-0465d62eb5ca: receive RaftClientReply:client-CEF4D3493DC0->4ee04582-2825-4055-a051-0465d62eb5ca@group-78E0FE5F723E, cid=1205, SUCCESS, logIndex=1717, commits[4ee04582-2825-4055-a051-0465d62eb5ca:c1718, 97f5b9f0-d9ef-40b5-ba79-7414923e623f:c1716, 7d686585-d831-45bc-93fc-0a553b604b0e:c1712]
2019-07-08 23:04:55,829 INFO  client.GrpcClientProtocolClient (GrpcClientProtocolClient.java:onNext(255)) - client-CEF4D3493DC0->4ee04582-2825-4055-a051-0465d62eb5ca: receive RaftClientReply:client-CEF4D3493DC0->4ee04582-2825-4055-a051-0465d62eb5ca@group-78E0FE5F723E, cid=1206, SUCCESS, logIndex=1718, commits[4ee04582-2825-4055-a051-0465d62eb5ca:c1718, 97f5b9f0-d9ef-40b5-ba79-7414923e623f:c1716, 7d686585-d831-45bc-93fc-0a553b604b0e:c1716]
2019-07-08 23:04:55,849 INFO  client.GrpcClientProtocolClient (GrpcClientProtocolClient.java:onNext(255)) - client-CEF4D3493DC0->4ee04582-2825-4055-a051-0465d62eb5ca: receive RaftClientReply:client-CEF4D3493DC0->4ee04582-2825-4055-a051-0465d62eb5ca@group-78E0FE5F723E, cid=1207, SUCCESS, logIndex=1721, commits[4ee04582-2825-4055-a051-0465d62eb5ca:c1722, 97f5b9f0-d9ef-40b5-ba79-7414923e623f:c1720, 7d686585-d831-45bc-93fc-0a553b604b0e:c1720]
2019-07-08 23:04:55,850 INFO  client.GrpcClientProtocolClient (GrpcClientProtocolClient.java:onNext(255)) - client-CEF4D3493DC0->4ee04582-2825-4055-a051-0465d62eb5ca: receive RaftClientReply:client-CEF4D3493DC0->4ee04582-2825-4055-a051-0465d62eb5ca@group-78E0FE5F723E, cid=1208, SUCCESS, logIndex=1722, commits[4ee04582-2825-4055-a051-0465d62eb5ca:c1722, 97f5b9f0-d9ef-40b5-ba79-7414923e623f:c1720, 7d686585-d831-45bc-93fc-0a553b604b0e:c1720]
2019-07-08 23:04:55,856 INFO  client.GrpcClientProtocolClient (GrpcClientProtocolClient.java:onNext(255)) - client-CEF4D3493DC0->4ee04582-2825-4055-a051-0465d62eb5ca: receive RaftClientReply:client-CEF4D3493DC0->4ee04582-2825-4055-a051-0465d62eb5ca@group-78E0FE5F723E, cid=1209, SUCCESS, logIndex=0, commits[4ee04582-2825-4055-a051-0465d62eb5ca:c1724, 97f5b9f0-d9ef-40b5-ba79-7414923e623f:c1722, 7d686585-d831-45bc-93fc-0a553b604b0e:c1722]
2019-07-08 23:04:55,870 INFO  client.GrpcClientProtocolClient (GrpcClientProtocolClient.java:onNext(255)) - client-CEF4D3493DC0->4ee04582-2825-4055-a051-0465d62eb5ca: receive RaftClientReply:client-CEF4D3493DC0->4ee04582-2825-4055-a051-0465d62eb5ca@group-78E0FE5F723E, cid=1210, SUCCESS, logIndex=1725, commits[4ee04582-2825-4055-a051-0465d62eb5ca:c1726, 97f5b9f0-d9ef-40b5-ba79-7414923e623f:c1724, 7d686585-d831-45bc-93fc-0a553b604b0e:c1724]
2019-07-08 23:04:55,871 INFO  client.GrpcClientProtocolClient (GrpcClientProtocolClient.java:onNext(255)) - client-CEF4D3493DC0->4ee04582-2825-4055-a051-0465d62eb5ca: receive RaftClientReply:client-CEF4D3493DC0->4ee04582-2825-4055-a051-0465d62eb5ca@group-78E0FE5F723E, cid=1211, SUCCESS, logIndex=1726, commits[4ee04582-2825-4055-a051-0465d62eb5ca:c1726, 97f5b9f0-d9ef-40b5-ba79-7414923e623f:c1724, 7d686585-d831-45bc-93fc-0a553b604b0e:c1724]
2019-07-08 23:04:55,872 INFO  client.GrpcClientProtocolClient (GrpcClientProtocolClient.java:onNext(255)) - client-CEF4D3493DC0->4ee04582-2825-4055-a051-0465d62eb5ca: receive RaftClientReply:client-CEF4D3493DC0->4ee04582-2825-4055-a051-0465d62eb5ca@group-78E0FE5F723E, cid=1212, SUCCESS, logIndex=1727, commits[4ee04582-2825-4055-a051-0465d62eb5ca:c1727, 97f5b9f0-d9ef-40b5-ba79-7414923e623f:c1724, 7d686585-d831-45bc-93fc-0a553b604b0e:c1724]
2019-07-08 23:04:55,872 INFO  client.GrpcClientProtocolClient (GrpcClientProtocolClient.java:onNext(255)) - client-CEF4D3493DC0->4ee04582-2825-4055-a051-0465d62eb5ca: receive RaftClientReply:client-CEF4D3493DC0->4ee04582-2825-4055-a051-0465d62eb5ca@group-78E0FE5F723E, cid=1213, SUCCESS, logIndex=1728, commits[4ee04582-2825-4055-a051-0465d62eb5ca:c1728, 97f5b9f0-d9ef-40b5-ba79-7414923e623f:c1724, 7d686585-d831-45bc-93fc-0a553b604b0e:c1724]
2019-07-08 23:04:55,877 INFO  client.GrpcClientProtocolClient (GrpcClientProtocolClient.java:onNext(255)) - client-CEF4D3493DC0->4ee04582-2825-4055-a051-0465d62eb5ca: receive RaftClientReply:client-CEF4D3493DC0->4ee04582-2825-4055-a051-0465d62eb5ca@group-78E0FE5F723E, cid=1214, SUCCESS, logIndex=0, commits[4ee04582-2825-4055-a051-0465d62eb5ca:c1730, 97f5b9f0-d9ef-40b5-ba79-7414923e623f:c1726, 7d686585-d831-45bc-93fc-0a553b604b0e:c1726]
 0.00% |█                                                                                                    |  0/1 Time: 0:00:052019-07-08 23:04:55,896 INFO  client.GrpcClientProtocolClient (GrpcClientProtocolClient.java:onNext(255)) - client-CEF4D3493DC0->4ee04582-2825-4055-a051-0465d62eb5ca: receive RaftClientReply:client-CEF4D3493DC0->4ee04582-2825-4055-a051-0465d62eb5ca@group-78E0FE5F723E, cid=1215, SUCCESS, logIndex=1733, commits[4ee04582-2825-4055-a051-0465d62eb5ca:c1734, 97f5b9f0-d9ef-40b5-ba79-7414923e623f:c1732, 7d686585-d831-45bc-93fc-0a553b604b0e:c1732]
2019-07-08 23:04:55,896 INFO  client.GrpcClientProtocolClient (GrpcClientProtocolClient.java:onNext(255)) - client-CEF4D3493DC0->4ee04582-2825-4055-a051-0465d62eb5ca: receive RaftClientReply:client-CEF4D3493DC0->4ee04582-2825-4055-a051-0465d62eb5ca@group-78E0FE5F723E, cid=1216, SUCCESS, logIndex=1734, commits[4ee04582-2825-4055-a051-0465d62eb5ca:c1734, 97f5b9f0-d9ef-40b5-ba79-7414923e623f:c1732, 7d686585-d831-45bc-93fc-0a553b604b0e:c1732]
2019-07-08 23:04:55,908 INFO  client.GrpcClientProtocolClient (GrpcClientProtocolClient.java:onNext(255)) - client-CEF4D3493DC0->4ee04582-2825-4055-a051-0465d62eb5ca: receive RaftClientReply:client-CEF4D3493DC0->4ee04582-2825-4055-a051-0465d62eb5ca@group-78E0FE5F723E, cid=1217, SUCCESS, logIndex=1737, commits[4ee04582-2825-4055-a051-0465d62eb5ca:c1738, 97f5b9f0-d9ef-40b5-ba79-7414923e623f:c1736, 7d686585-d831-45bc-93fc-0a553b604b0e:c1734]
2019-07-08 23:04:55,909 INFO  client.GrpcClientProtocolClient (GrpcClientProtocolClient.java:onNext(255)) - client-CEF4D3493DC0->4ee04582-2825-4055-a051-0465d62eb5ca: receive RaftClientReply:client-CEF4D3493DC0->4ee04582-2825-4055-a051-0465d62eb5ca@group-78E0FE5F723E, cid=1218, SUCCESS, logIndex=1738, commits[4ee04582-2825-4055-a051-0465d62eb5ca:c1738, 97f5b9f0-d9ef-40b5-ba79-7414923e623f:c1736, 7d686585-d831-45bc-93fc-0a553b604b0e:c1736]
2019-07-08 23:04:55,912 INFO  client.GrpcClientProtocolClient (GrpcClientProtocolClient.java:onNext(255)) - client-CEF4D3493DC0->4ee04582-2825-4055-a051-0465d62eb5ca: receive RaftClientReply:client-CEF4D3493DC0->4ee04582-2825-4055-a051-0465d62eb5ca@group-78E0FE5F723E, cid=1219, SUCCESS, logIndex=0, commits[4ee04582-2825-4055-a051-0465d62eb5ca:c1739, 97f5b9f0-d9ef-40b5-ba79-7414923e623f:c1738, 7d686585-d831-45bc-93fc-0a553b604b0e:c1738]
2019-07-08 23:04:55,924 INFO  client.GrpcClientProtocolClient (GrpcClientProtocolClient.java:onNext(255)) - client-CEF4D3493DC0->4ee04582-2825-4055-a051-0465d62eb5ca: receive RaftClientReply:client-CEF4D3493DC0->4ee04582-2825-4055-a051-0465d62eb5ca@group-78E0FE5F723E, cid=1220, SUCCESS, logIndex=1741, commits[4ee04582-2825-4055-a051-0465d62eb5ca:c1742, 97f5b9f0-d9ef-40b5-ba79-7414923e623f:c1740, 7d686585-d831-45bc-93fc-0a553b604b0e:c1738]
2019-07-08 23:04:55,925 INFO  client.GrpcClientProtocolClient (GrpcClientProtocolClient.java:onNext(255)) - client-CEF4D3493DC0->4ee04582-2825-4055-a051-0465d62eb5ca: receive RaftClientReply:client-CEF4D3493DC0->4ee04582-2825-4055-a051-0465d62eb5ca@group-78E0FE5F723E, cid=1221, SUCCESS, logIndex=1742, commits[4ee04582-2825-4055-a051-0465d62eb5ca:c1742, 97f5b9f0-d9ef-40b5-ba79-7414923e623f:c1740, 7d686585-d831-45bc-93fc-0a553b604b0e:c1738]
2019-07-08 23:04:55,929 INFO  client.GrpcClientProtocolClient (GrpcClientProtocolClient.java:onNext(255)) - client-CEF4D3493DC0->4ee04582-2825-4055-a051-0465d62eb5ca: receive RaftClientReply:client-CEF4D3493DC0->4ee04582-2825-4055-a051-0465d62eb5ca@group-78E0FE5F723E, cid=1222, SUCCESS, logIndex=1743, commits[4ee04582-2825-4055-a051-0465d62eb5ca:c1744, 97f5b9f0-d9ef-40b5-ba79-7414923e623f:c1740, 7d686585-d831-45bc-93fc-0a553b604b0e:c1740]
2019-07-08 23:04:55,929 INFO  client.GrpcClientProtocolClient (GrpcClientProtocolClient.java:onNext(255)) - client-CEF4D3493DC0->4ee04582-2825-4055-a051-0465d62eb5ca: receive RaftClientReply:client-CEF4D3493DC0->4ee04582-2825-4055-a051-0465d62eb5ca@group-78E0FE5F723E, cid=1223, SUCCESS, logIndex=1744, commits[4ee04582-2825-4055-a051-0465d62eb5ca:c1745, 97f5b9f0-d9ef-40b5-ba79-7414923e623f:c1740, 7d686585-d831-45bc-93fc-0a553b604b0e:c1741]
2019-07-08 23:04:55,931 INFO  client.GrpcClientProtocolClient (GrpcClientProtocolClient.java:onNext(255)) - client-CEF4D3493DC0->4ee04582-2825-4055-a051-0465d62eb5ca: receive RaftClientReply:client-CEF4D3493DC0->4ee04582-2825-4055-a051-0465d62eb5ca@group-78E0FE5F723E, cid=1224, SUCCESS, logIndex=0, commits[4ee04582-2825-4055-a051-0465d62eb5ca:c1746, 97f5b9f0-d9ef-40b5-ba79-7414923e623f:c1742, 7d686585-d831-45bc-93fc-0a553b604b0e:c1742]
2019-07-08 23:04:55,948 INFO  client.GrpcClientProtocolClient (GrpcClientProtocolClient.java:onNext(255)) - client-CEF4D3493DC0->4ee04582-2825-4055-a051-0465d62eb5ca: receive RaftClientReply:client-CEF4D3493DC0->4ee04582-2825-4055-a051-0465d62eb5ca@group-78E0FE5F723E, cid=1225, SUCCESS, logIndex=1749, commits[4ee04582-2825-4055-a051-0465d62eb5ca:c1750, 97f5b9f0-d9ef-40b5-ba79-7414923e623f:c1747, 7d686585-d831-45bc-93fc-0a553b604b0e:c1744]
2019-07-08 23:04:55,948 INFO  client.GrpcClientProtocolClient (GrpcClientProtocolClient.java:onNext(255)) - client-CEF4D3493DC0->4ee04582-2825-4055-a051-0465d62eb5ca: receive RaftClientReply:client-CEF4D3493DC0->4ee04582-2825-4055-a051-0465d62eb5ca@group-78E0FE5F723E, cid=1226, SUCCESS, logIndex=1750, commits[4ee04582-2825-4055-a051-0465d62eb5ca:c1750, 97f5b9f0-d9ef-40b5-ba79-7414923e623f:c1747, 7d686585-d831-45bc-93fc-0a553b604b0e:c1744]
2019-07-08 23:04:55,966 INFO  client.GrpcClientProtocolClient (GrpcClientProtocolClient.java:onNext(255)) - client-CEF4D3493DC0->4ee04582-2825-4055-a051-0465d62eb5ca: receive RaftClientReply:client-CEF4D3493DC0->4ee04582-2825-4055-a051-0465d62eb5ca@group-78E0FE5F723E, cid=1227, SUCCESS, logIndex=1752, commits[4ee04582-2825-4055-a051-0465d62eb5ca:c1753, 97f5b9f0-d9ef-40b5-ba79-7414923e623f:c1751, 7d686585-d831-45bc-93fc-0a553b604b0e:c1751]
2019-07-08 23:04:55,966 INFO  client.GrpcClientProtocolClient (GrpcClientProtocolClient.java:onNext(255)) - client-CEF4D3493DC0->4ee04582-2825-4055-a051-0465d62eb5ca: receive RaftClientReply:client-CEF4D3493DC0->4ee04582-2825-4055-a051-0465d62eb5ca@group-78E0FE5F723E, cid=1228, SUCCESS, logIndex=1753, commits[4ee04582-2825-4055-a051-0465d62eb5ca:c1753, 97f5b9f0-d9ef-40b5-ba79-7414923e623f:c1751, 7d686585-d831-45bc-93fc-0a553b604b0e:c1751]
2019-07-08 23:04:55,969 INFO  client.GrpcClientProtocolClient (GrpcClientProtocolClient.java:onNext(255)) - client-CEF4D3493DC0->4ee04582-2825-4055-a051-0465d62eb5ca: receive RaftClientReply:client-CEF4D3493DC0->4ee04582-2825-4055-a051-0465d62eb5ca@group-78E0FE5F723E, cid=1229, SUCCESS, logIndex=0, commits[4ee04582-2825-4055-a051-0465d62eb5ca:c1754, 97f5b9f0-d9ef-40b5-ba79-7414923e623f:c1753, 7d686585-d831-45bc-93fc-0a553b604b0e:c1753]
2019-07-08 23:04:56,008 INFO  client.GrpcClientProtocolClient (GrpcClientProtocolClient.java:onNext(255)) - client-CEF4D3493DC0->4ee04582-2825-4055-a051-0465d62eb5ca: receive RaftClientReply:client-CEF4D3493DC0->4ee04582-2825-4055-a051-0465d62eb5ca@group-78E0FE5F723E, cid=1230, SUCCESS, logIndex=1756, commits[4ee04582-2825-4055-a051-0465d62eb5ca:c1756, 97f5b9f0-d9ef-40b5-ba79-7414923e623f:c1755, 7d686585-d831-45bc-93fc-0a553b604b0e:c1755]
2019-07-08 23:04:56,009 INFO  client.GrpcClientProtocolClient (GrpcClientProtocolClient.java:onNext(255)) - client-CEF4D3493DC0->4ee04582-2825-4055-a051-0465d62eb5ca: receive RaftClientReply:client-CEF4D3493DC0->4ee04582-2825-4055-a051-0465d62eb5ca@group-78E0FE5F723E, cid=1231, SUCCESS, logIndex=1757, commits[4ee04582-2825-4055-a051-0465d62eb5ca:c1758, 97f5b9f0-d9ef-40b5-ba79-7414923e623f:c1755, 7d686585-d831-45bc-93fc-0a553b604b0e:c1755]
2019-07-08 23:04:56,009 INFO  client.GrpcClientProtocolClient (GrpcClientProtocolClient.java:onNext(255)) - client-CEF4D3493DC0->4ee04582-2825-4055-a051-0465d62eb5ca: receive RaftClientReply:client-CEF4D3493DC0->4ee04582-2825-4055-a051-0465d62eb5ca@group-78E0FE5F723E, cid=1232, SUCCESS, logIndex=1758, commits[4ee04582-2825-4055-a051-0465d62eb5ca:c1759, 97f5b9f0-d9ef-40b5-ba79-7414923e623f:c1755, 7d686585-d831-45bc-93fc-0a553b604b0e:c1755]
2019-07-08 23:04:56,009 INFO  client.GrpcClientProtocolClient (GrpcClientProtocolClient.java:onNext(255)) - client-CEF4D3493DC0->4ee04582-2825-4055-a051-0465d62eb5ca: receive RaftClientReply:client-CEF4D3493DC0->4ee04582-2825-4055-a051-0465d62eb5ca@group-78E0FE5F723E, cid=1233, SUCCESS, logIndex=1759, commits[4ee04582-2825-4055-a051-0465d62eb5ca:c1759, 97f5b9f0-d9ef-40b5-ba79-7414923e623f:c1755, 7d686585-d831-45bc-93fc-0a553b604b0e:c1755]
2019-07-08 23:04:56,014 INFO  client.GrpcClientProtocolClient (GrpcClientProtocolClient.java:onNext(255)) - client-CEF4D3493DC0->4ee04582-2825-4055-a051-0465d62eb5ca: receive RaftClientReply:client-CEF4D3493DC0->4ee04582-2825-4055-a051-0465d62eb5ca@group-78E0FE5F723E, cid=1234, SUCCESS, logIndex=0, commits[4ee04582-2825-4055-a051-0465d62eb5ca:c1763, 97f5b9f0-d9ef-40b5-ba79-7414923e623f:c1757, 7d686585-d831-45bc-93fc-0a553b604b0e:c1759]
2019-07-08 23:04:56,026 INFO  client.GrpcClientProtocolClient (GrpcClientProtocolClient.java:onNext(255)) - client-CEF4D3493DC0->4ee04582-2825-4055-a051-0465d62eb5ca: receive RaftClientReply:client-CEF4D3493DC0->4ee04582-2825-4055-a051-0465d62eb5ca@group-78E0FE5F723E, cid=1235, SUCCESS, logIndex=1764, commits[4ee04582-2825-4055-a051-0465d62eb5ca:c1765, 97f5b9f0-d9ef-40b5-ba79-7414923e623f:c1763, 7d686585-d831-45bc-93fc-0a553b604b0e:c1759]
2019-07-08 23:04:56,026 INFO  client.GrpcClientProtocolClient (GrpcClientProtocolClient.java:onNext(255)) - client-CEF4D3493DC0->4ee04582-2825-4055-a051-0465d62eb5ca: receive RaftClientReply:client-CEF4D3493DC0->4ee04582-2825-4055-a051-0465d62eb5ca@group-78E0FE5F723E, cid=1236, SUCCESS, logIndex=1765, commits[4ee04582-2825-4055-a051-0465d62eb5ca:c1765, 97f5b9f0-d9ef-40b5-ba79-7414923e623f:c1763, 7d686585-d831-45bc-93fc-0a553b604b0e:c1763]
2019-07-08 23:04:56,049 INFO  client.GrpcClientProtocolClient (GrpcClientProtocolClient.java:onNext(255)) - client-CEF4D3493DC0->4ee04582-2825-4055-a051-0465d62eb5ca: receive RaftClientReply:client-CEF4D3493DC0->4ee04582-2825-4055-a051-0465d62eb5ca@group-78E0FE5F723E, cid=1237, SUCCESS, logIndex=1768, commits[4ee04582-2825-4055-a051-0465d62eb5ca:c1769, 97f5b9f0-d9ef-40b5-ba79-7414923e623f:c1767, 7d686585-d831-45bc-93fc-0a553b604b0e:c1767]
2019-07-08 23:04:56,050 INFO  client.GrpcClientProtocolClient (GrpcClientProtocolClient.java:onNext(255)) - client-CEF4D3493DC0->4ee04582-2825-4055-a051-0465d62eb5ca: receive RaftClientReply:client-CEF4D3493DC0->4ee04582-2825-4055-a051-0465d62eb5ca@group-78E0FE5F723E, cid=1238, SUCCESS, logIndex=1769, commits[4ee04582-2825-4055-a051-0465d62eb5ca:c1769, 97f5b9f0-d9ef-40b5-ba79-7414923e623f:c1767, 7d686585-d831-45bc-93fc-0a553b604b0e:c1767]
2019-07-08 23:04:56,061 INFO  client.GrpcClientProtocolClient (GrpcClientProtocolClient.java:onNext(255)) - client-CEF4D3493DC0->4ee04582-2825-4055-a051-0465d62eb5ca: receive RaftClientReply:client-CEF4D3493DC0->4ee04582-2825-4055-a051-0465d62eb5ca@group-78E0FE5F723E, cid=1239, SUCCESS, logIndex=0, commits[4ee04582-2825-4055-a051-0465d62eb5ca:c1770, 97f5b9f0-d9ef-40b5-ba79-7414923e623f:c1769, 7d686585-d831-45bc-93fc-0a553b604b0e:c1769]
2019-07-08 23:04:56,093 INFO  client.GrpcClientProtocolClient (GrpcClientProtocolClient.java:onNext(255)) - client-CEF4D3493DC0->4ee04582-2825-4055-a051-0465d62eb5ca: receive RaftClientReply:client-CEF4D3493DC0->4ee04582-2825-4055-a051-0465d62eb5ca@group-78E0FE5F723E, cid=1240, SUCCESS, logIndex=1772, commits[4ee04582-2825-4055-a051-0465d62eb5ca:c1773, 97f5b9f0-d9ef-40b5-ba79-7414923e623f:c1771, 7d686585-d831-45bc-93fc-0a553b604b0e:c1771]
2019-07-08 23:04:56,093 INFO  client.GrpcClientProtocolClient (GrpcClientProtocolClient.java:onNext(255)) - client-CEF4D3493DC0->4ee04582-2825-4055-a051-0465d62eb5ca: receive RaftClientReply:client-CEF4D3493DC0->4ee04582-2825-4055-a051-0465d62eb5ca@group-78E0FE5F723E, cid=1241, SUCCESS, logIndex=1773, commits[4ee04582-2825-4055-a051-0465d62eb5ca:c1773, 97f5b9f0-d9ef-40b5-ba79-7414923e623f:c1771, 7d686585-d831-45bc-93fc-0a553b604b0e:c1771]
2019-07-08 23:04:56,093 INFO  client.GrpcClientProtocolClient (GrpcClientProtocolClient.java:onNext(255)) - client-CEF4D3493DC0->4ee04582-2825-4055-a051-0465d62eb5ca: receive RaftClientReply:client-CEF4D3493DC0->4ee04582-2825-4055-a051-0465d62eb5ca@group-78E0FE5F723E, cid=1242, SUCCESS, logIndex=1774, commits[4ee04582-2825-4055-a051-0465d62eb5ca:c1775, 97f5b9f0-d9ef-40b5-ba79-7414923e623f:c1771, 7d686585-d831-45bc-93fc-0a553b604b0e:c1771]
2019-07-08 23:04:56,094 INFO  client.GrpcClientProtocolClient (GrpcClientProtocolClient.java:onNext(255)) - client-CEF4D3493DC0->4ee04582-2825-4055-a051-0465d62eb5ca: receive RaftClientReply:client-CEF4D3493DC0->4ee04582-2825-4055-a051-0465d62eb5ca@group-78E0FE5F723E, cid=1243, SUCCESS, logIndex=1775, commits[4ee04582-2825-4055-a051-0465d62eb5ca:c1775, 97f5b9f0-d9ef-40b5-ba79-7414923e623f:c1771, 7d686585-d831-45bc-93fc-0a553b604b0e:c1771]
2019-07-08 23:04:56,108 INFO  client.GrpcClientProtocolClient (GrpcClientProtocolClient.java:onNext(255)) - client-CEF4D3493DC0->4ee04582-2825-4055-a051-0465d62eb5ca: receive RaftClientReply:client-CEF4D3493DC0->4ee04582-2825-4055-a051-0465d62eb5ca@group-78E0FE5F723E, cid=1244, SUCCESS, logIndex=0, commits[4ee04582-2825-4055-a051-0465d62eb5ca:c1777, 97f5b9f0-d9ef-40b5-ba79-7414923e623f:c1773, 7d686585-d831-45bc-93fc-0a553b604b0e:c1773]
2019-07-08 23:04:56,122 INFO  client.GrpcClientProtocolClient (GrpcClientProtocolClient.java:onNext(255)) - client-CEF4D3493DC0->4ee04582-2825-4055-a051-0465d62eb5ca: receive RaftClientReply:client-CEF4D3493DC0->4ee04582-2825-4055-a051-0465d62eb5ca@group-78E0FE5F723E, cid=1245, SUCCESS, logIndex=1780, commits[4ee04582-2825-4055-a051-0465d62eb5ca:c1781, 97f5b9f0-d9ef-40b5-ba79-7414923e623f:c1775, 7d686585-d831-45bc-93fc-0a553b604b0e:c1779]
2019-07-08 23:04:56,122 INFO  client.GrpcClientProtocolClient (GrpcClientProtocolClient.java:onNext(255)) - client-CEF4D3493DC0->4ee04582-2825-4055-a051-0465d62eb5ca: receive RaftClientReply:client-CEF4D3493DC0->4ee04582-2825-4055-a051-0465d62eb5ca@group-78E0FE5F723E, cid=1246, SUCCESS, logIndex=1781, commits[4ee04582-2825-4055-a051-0465d62eb5ca:c1781, 97f5b9f0-d9ef-40b5-ba79-7414923e623f:c1775, 7d686585-d831-45bc-93fc-0a553b604b0e:c1779]
2019-07-08 23:04:56,134 INFO  client.GrpcClientProtocolClient (GrpcClientProtocolClient.java:onNext(255)) - client-CEF4D3493DC0->4ee04582-2825-4055-a051-0465d62eb5ca: receive RaftClientReply:client-CEF4D3493DC0->4ee04582-2825-4055-a051-0465d62eb5ca@group-78E0FE5F723E, cid=1247, SUCCESS, logIndex=1784, commits[4ee04582-2825-4055-a051-0465d62eb5ca:c1785, 97f5b9f0-d9ef-40b5-ba79-7414923e623f:c1783, 7d686585-d831-45bc-93fc-0a553b604b0e:c1783]
2019-07-08 23:04:56,134 INFO  client.GrpcClientProtocolClient (GrpcClientProtocolClient.java:onNext(255)) - client-CEF4D3493DC0->4ee04582-2825-4055-a051-0465d62eb5ca: receive RaftClientReply:client-CEF4D3493DC0->4ee04582-2825-4055-a051-0465d62eb5ca@group-78E0FE5F723E, cid=1248, SUCCESS, logIndex=1785, commits[4ee04582-2825-4055-a051-0465d62eb5ca:c1785, 97f5b9f0-d9ef-40b5-ba79-7414923e623f:c1783, 7d686585-d831-45bc-93fc-0a553b604b0e:c1783]
2019-07-08 23:04:56,135 INFO  client.GrpcClientProtocolClient (GrpcClientProtocolClient.java:onNext(255)) - client-CEF4D3493DC0->4ee04582-2825-4055-a051-0465d62eb5ca: receive RaftClientReply:client-CEF4D3493DC0->4ee04582-2825-4055-a051-0465d62eb5ca@group-78E0FE5F723E, cid=1249, SUCCESS, logIndex=0, commits[4ee04582-2825-4055-a051-0465d62eb5ca:c1786, 97f5b9f0-d9ef-40b5-ba79-7414923e623f:c1785, 7d686585-d831-45bc-93fc-0a553b604b0e:c1785]
2019-07-08 23:04:56,158 INFO  client.GrpcClientProtocolClient (GrpcClientProtocolClient.java:onNext(255)) - client-CEF4D3493DC0->4ee04582-2825-4055-a051-0465d62eb5ca: receive RaftClientReply:client-CEF4D3493DC0->4ee04582-2825-4055-a051-0465d62eb5ca@group-78E0FE5F723E, cid=1250, SUCCESS, logIndex=1788, commits[4ee04582-2825-4055-a051-0465d62eb5ca:c1789, 97f5b9f0-d9ef-40b5-ba79-7414923e623f:c1787, 7d686585-d831-45bc-93fc-0a553b604b0e:c1785]
2019-07-08 23:04:56,159 INFO  client.GrpcClientProtocolClient (GrpcClientProtocolClient.java:onNext(255)) - client-CEF4D3493DC0->4ee04582-2825-4055-a051-0465d62eb5ca: receive RaftClientReply:client-CEF4D3493DC0->4ee04582-2825-4055-a051-0465d62eb5ca@group-78E0FE5F723E, cid=1251, SUCCESS, logIndex=1789, commits[4ee04582-2825-4055-a051-0465d62eb5ca:c1789, 97f5b9f0-d9ef-40b5-ba79-7414923e623f:c1787, 7d686585-d831-45bc-93fc-0a553b604b0e:c1787]
2019-07-08 23:04:56,159 INFO  client.GrpcClientProtocolClient (GrpcClientProtocolClient.java:onNext(255)) - client-CEF4D3493DC0->4ee04582-2825-4055-a051-0465d62eb5ca: receive RaftClientReply:client-CEF4D3493DC0->4ee04582-2825-4055-a051-0465d62eb5ca@group-78E0FE5F723E, cid=1252, SUCCESS, logIndex=1790, commits[4ee04582-2825-4055-a051-0465d62eb5ca:c1790, 97f5b9f0-d9ef-40b5-ba79-7414923e623f:c1787, 7d686585-d831-45bc-93fc-0a553b604b0e:c1787]
2019-07-08 23:04:56,160 INFO  client.GrpcClientProtocolClient (GrpcClientProtocolClient.java:onNext(255)) - client-CEF4D3493DC0->4ee04582-2825-4055-a051-0465d62eb5ca: receive RaftClientReply:client-CEF4D3493DC0->4ee04582-2825-4055-a051-0465d62eb5ca@group-78E0FE5F723E, cid=1253, SUCCESS, logIndex=1791, commits[4ee04582-2825-4055-a051-0465d62eb5ca:c1791, 97f5b9f0-d9ef-40b5-ba79-7414923e623f:c1787, 7d686585-d831-45bc-93fc-0a553b604b0e:c1787]
2019-07-08 23:04:56,162 INFO  client.GrpcClientProtocolClient (GrpcClientProtocolClient.java:onNext(255)) - client-CEF4D3493DC0->4ee04582-2825-4055-a051-0465d62eb5ca: receive RaftClientReply:client-CEF4D3493DC0->4ee04582-2825-4055-a051-0465d62eb5ca@group-78E0FE5F723E, cid=1254, SUCCESS, logIndex=0, commits[4ee04582-2825-4055-a051-0465d62eb5ca:c1793, 97f5b9f0-d9ef-40b5-ba79-7414923e623f:c1789, 7d686585-d831-45bc-93fc-0a553b604b0e:c1789]
2019-07-08 23:04:56,173 INFO  client.GrpcClientProtocolClient (GrpcClientProtocolClient.java:onNext(255)) - client-CEF4D3493DC0->4ee04582-2825-4055-a051-0465d62eb5ca: receive RaftClientReply:client-CEF4D3493DC0->4ee04582-2825-4055-a051-0465d62eb5ca@group-78E0FE5F723E, cid=1255, SUCCESS, logIndex=1796, commits[4ee04582-2825-4055-a051-0465d62eb5ca:c1797, 97f5b9f0-d9ef-40b5-ba79-7414923e623f:c1795, 7d686585-d831-45bc-93fc-0a553b604b0e:c1791]
2019-07-08 23:04:56,174 INFO  client.GrpcClientProtocolClient (GrpcClientProtocolClient.java:onNext(255)) - client-CEF4D3493DC0->4ee04582-2825-4055-a051-0465d62eb5ca: receive RaftClientReply:client-CEF4D3493DC0->4ee04582-2825-4055-a051-0465d62eb5ca@group-78E0FE5F723E, cid=1256, SUCCESS, logIndex=1797, commits[4ee04582-2825-4055-a051-0465d62eb5ca:c1797, 97f5b9f0-d9ef-40b5-ba79-7414923e623f:c1795, 7d686585-d831-45bc-93fc-0a553b604b0e:c1795]
2019-07-08 23:04:56,184 INFO  client.GrpcClientProtocolClient (GrpcClientProtocolClient.java:onNext(255)) - client-CEF4D3493DC0->4ee04582-2825-4055-a051-0465d62eb5ca: receive RaftClientReply:client-CEF4D3493DC0->4ee04582-2825-4055-a051-0465d62eb5ca@group-78E0FE5F723E, cid=1257, SUCCESS, logIndex=1800, commits[4ee04582-2825-4055-a051-0465d62eb5ca:c1801, 97f5b9f0-d9ef-40b5-ba79-7414923e623f:c1799, 7d686585-d831-45bc-93fc-0a553b604b0e:c1797]
2019-07-08 23:04:56,185 INFO  client.GrpcClientProtocolClient (GrpcClientProtocolClient.java:onNext(255)) - client-CEF4D3493DC0->4ee04582-2825-4055-a051-0465d62eb5ca: receive RaftClientReply:client-CEF4D3493DC0->4ee04582-2825-4055-a051-0465d62eb5ca@group-78E0FE5F723E, cid=1258, SUCCESS, logIndex=1801, commits[4ee04582-2825-4055-a051-0465d62eb5ca:c1801, 97f5b9f0-d9ef-40b5-ba79-7414923e623f:c1799, 7d686585-d831-45bc-93fc-0a553b604b0e:c1799]
2019-07-08 23:04:56,188 INFO  client.GrpcClientProtocolClient (GrpcClientProtocolClient.java:onNext(255)) - client-CEF4D3493DC0->4ee04582-2825-4055-a051-0465d62eb5ca: receive RaftClientReply:client-CEF4D3493DC0->4ee04582-2825-4055-a051-0465d62eb5ca@group-78E0FE5F723E, cid=1259, SUCCESS, logIndex=0, commits[4ee04582-2825-4055-a051-0465d62eb5ca:c1802, 97f5b9f0-d9ef-40b5-ba79-7414923e623f:c1801, 7d686585-d831-45bc-93fc-0a553b604b0e:c1801]
2019-07-08 23:04:56,308 INFO  client.GrpcClientProtocolClient (GrpcClientProtocolClient.java:onNext(255)) - client-CEF4D3493DC0->4ee04582-2825-4055-a051-0465d62eb5ca: receive RaftClientReply:client-CEF4D3493DC0->4ee04582-2825-4055-a051-0465d62eb5ca@group-78E0FE5F723E, cid=1260, SUCCESS, logIndex=1804, commits[4ee04582-2825-4055-a051-0465d62eb5ca:c1805, 97f5b9f0-d9ef-40b5-ba79-7414923e623f:c1801, 7d686585-d831-45bc-93fc-0a553b604b0e:c1803]
2019-07-08 23:04:56,309 INFO  client.GrpcClientProtocolClient (GrpcClientProtocolClient.java:onNext(255)) - client-CEF4D3493DC0->4ee04582-2825-4055-a051-0465d62eb5ca: receive RaftClientReply:client-CEF4D3493DC0->4ee04582-2825-4055-a051-0465d62eb5ca@group-78E0FE5F723E, cid=1261, SUCCESS, logIndex=1805, commits[4ee04582-2825-4055-a051-0465d62eb5ca:c1805, 97f5b9f0-d9ef-40b5-ba79-7414923e623f:c1803, 7d686585-d831-45bc-93fc-0a553b604b0e:c1803]
2019-07-08 23:04:56,310 INFO  client.GrpcClientProtocolClient (GrpcClientProtocolClient.java:onNext(255)) - client-CEF4D3493DC0->4ee04582-2825-4055-a051-0465d62eb5ca: receive RaftClientReply:client-CEF4D3493DC0->4ee04582-2825-4055-a051-0465d62eb5ca@group-78E0FE5F723E, cid=1262, SUCCESS, logIndex=1806, commits[4ee04582-2825-4055-a051-0465d62eb5ca:c1807, 97f5b9f0-d9ef-40b5-ba79-7414923e623f:c1803, 7d686585-d831-45bc-93fc-0a553b604b0e:c1803]
2019-07-08 23:04:56,310 INFO  client.GrpcClientProtocolClient (GrpcClientProtocolClient.java:onNext(255)) - client-CEF4D3493DC0->4ee04582-2825-4055-a051-0465d62eb5ca: receive RaftClientReply:client-CEF4D3493DC0->4ee04582-2825-4055-a051-0465d62eb5ca@group-78E0FE5F723E, cid=1263, SUCCESS, logIndex=1807, commits[4ee04582-2825-4055-a051-0465d62eb5ca:c1807, 97f5b9f0-d9ef-40b5-ba79-7414923e623f:c1803, 7d686585-d831-45bc-93fc-0a553b604b0e:c1803]
2019-07-08 23:04:56,315 INFO  client.GrpcClientProtocolClient (GrpcClientProtocolClient.java:onNext(255)) - client-CEF4D3493DC0->4ee04582-2825-4055-a051-0465d62eb5ca: receive RaftClientReply:client-CEF4D3493DC0->4ee04582-2825-4055-a051-0465d62eb5ca@group-78E0FE5F723E, cid=1264, SUCCESS, logIndex=0, commits[4ee04582-2825-4055-a051-0465d62eb5ca:c1809, 97f5b9f0-d9ef-40b5-ba79-7414923e623f:c1805, 7d686585-d831-45bc-93fc-0a553b604b0e:c1805]
2019-07-08 23:04:56,328 INFO  client.GrpcClientProtocolClient (GrpcClientProtocolClient.java:onNext(255)) - client-CEF4D3493DC0->4ee04582-2825-4055-a051-0465d62eb5ca: receive RaftClientReply:client-CEF4D3493DC0->4ee04582-2825-4055-a051-0465d62eb5ca@group-78E0FE5F723E, cid=1265, SUCCESS, logIndex=1812, commits[4ee04582-2825-4055-a051-0465d62eb5ca:c1813, 97f5b9f0-d9ef-40b5-ba79-7414923e623f:c1811, 7d686585-d831-45bc-93fc-0a553b604b0e:c1807]
2019-07-08 23:04:56,328 INFO  client.GrpcClientProtocolClient (GrpcClientProtocolClient.java:onNext(255)) - client-CEF4D3493DC0->4ee04582-2825-4055-a051-0465d62eb5ca: receive RaftClientReply:client-CEF4D3493DC0->4ee04582-2825-4055-a051-0465d62eb5ca@group-78E0FE5F723E, cid=1266, SUCCESS, logIndex=1813, commits[4ee04582-2825-4055-a051-0465d62eb5ca:c1813, 97f5b9f0-d9ef-40b5-ba79-7414923e623f:c1811, 7d686585-d831-45bc-93fc-0a553b604b0e:c1811]
2019-07-08 23:04:56,341 INFO  client.GrpcClientProtocolClient (GrpcClientProtocolClient.java:onNext(255)) - client-CEF4D3493DC0->4ee04582-2825-4055-a051-0465d62eb5ca: receive RaftClientReply:client-CEF4D3493DC0->4ee04582-2825-4055-a051-0465d62eb5ca@group-78E0FE5F723E, cid=1267, SUCCESS, logIndex=1816, commits[4ee04582-2825-4055-a051-0465d62eb5ca:c1817, 97f5b9f0-d9ef-40b5-ba79-7414923e623f:c1815, 7d686585-d831-45bc-93fc-0a553b604b0e:c1815]
2019-07-08 23:04:56,342 INFO  client.GrpcClientProtocolClient (GrpcClientProtocolClient.java:onNext(255)) - client-CEF4D3493DC0->4ee04582-2825-4055-a051-0465d62eb5ca: receive RaftClientReply:client-CEF4D3493DC0->4ee04582-2825-4055-a051-0465d62eb5ca@group-78E0FE5F723E, cid=1268, SUCCESS, logIndex=1817, commits[4ee04582-2825-4055-a051-0465d62eb5ca:c1817, 97f5b9f0-d9ef-40b5-ba79-7414923e623f:c1815, 7d686585-d831-45bc-93fc-0a553b604b0e:c1815]
2019-07-08 23:04:56,343 INFO  client.GrpcClientProtocolClient (GrpcClientProtocolClient.java:onNext(255)) - client-CEF4D3493DC0->4ee04582-2825-4055-a051-0465d62eb5ca: receive RaftClientReply:client-CEF4D3493DC0->4ee04582-2825-4055-a051-0465d62eb5ca@group-78E0FE5F723E, cid=1269, SUCCESS, logIndex=0, commits[4ee04582-2825-4055-a051-0465d62eb5ca:c1818, 97f5b9f0-d9ef-40b5-ba79-7414923e623f:c1817, 7d686585-d831-45bc-93fc-0a553b604b0e:c1817]
2019-07-08 23:04:56,367 INFO  client.GrpcClientProtocolClient (GrpcClientProtocolClient.java:onNext(255)) - client-CEF4D3493DC0->4ee04582-2825-4055-a051-0465d62eb5ca: receive RaftClientReply:client-CEF4D3493DC0->4ee04582-2825-4055-a051-0465d62eb5ca@group-78E0FE5F723E, cid=1270, SUCCESS, logIndex=1820, commits[4ee04582-2825-4055-a051-0465d62eb5ca:c1822, 97f5b9f0-d9ef-40b5-ba79-7414923e623f:c1819, 7d686585-d831-45bc-93fc-0a553b604b0e:c1819]
2019-07-08 23:04:56,368 INFO  client.GrpcClientProtocolClient (GrpcClientProtocolClient.java:onNext(255)) - client-CEF4D3493DC0->4ee04582-2825-4055-a051-0465d62eb5ca: receive RaftClientReply:client-CEF4D3493DC0->4ee04582-2825-4055-a051-0465d62eb5ca@group-78E0FE5F723E, cid=1271, SUCCESS, logIndex=1821, commits[4ee04582-2825-4055-a051-0465d62eb5ca:c1823, 97f5b9f0-d9ef-40b5-ba79-7414923e623f:c1819, 7d686585-d831-45bc-93fc-0a553b604b0e:c1819]
2019-07-08 23:04:56,368 INFO  client.GrpcClientProtocolClient (GrpcClientProtocolClient.java:onNext(255)) - client-CEF4D3493DC0->4ee04582-2825-4055-a051-0465d62eb5ca: receive RaftClientReply:client-CEF4D3493DC0->4ee04582-2825-4055-a051-0465d62eb5ca@group-78E0FE5F723E, cid=1272, SUCCESS, logIndex=1822, commits[4ee04582-2825-4055-a051-0465d62eb5ca:c1823, 97f5b9f0-d9ef-40b5-ba79-7414923e623f:c1819, 7d686585-d831-45bc-93fc-0a553b604b0e:c1819]
2019-07-08 23:04:56,369 INFO  client.GrpcClientProtocolClient (GrpcClientProtocolClient.java:onNext(255)) - client-CEF4D3493DC0->4ee04582-2825-4055-a051-0465d62eb5ca: receive RaftClientReply:client-CEF4D3493DC0->4ee04582-2825-4055-a051-0465d62eb5ca@group-78E0FE5F723E, cid=1273, SUCCESS, logIndex=1823, commits[4ee04582-2825-4055-a051-0465d62eb5ca:c1823, 97f5b9f0-d9ef-40b5-ba79-7414923e623f:c1819, 7d686585-d831-45bc-93fc-0a553b604b0e:c1819]
2019-07-08 23:04:56,374 INFO  client.GrpcClientProtocolClient (GrpcClientProtocolClient.java:onNext(255)) - client-CEF4D3493DC0->4ee04582-2825-4055-a051-0465d62eb5ca: receive RaftClientReply:client-CEF4D3493DC0->4ee04582-2825-4055-a051-0465d62eb5ca@group-78E0FE5F723E, cid=1274, SUCCESS, logIndex=0, commits[4ee04582-2825-4055-a051-0465d62eb5ca:c1826, 97f5b9f0-d9ef-40b5-ba79-7414923e623f:c1823, 7d686585-d831-45bc-93fc-0a553b604b0e:c1822]
2019-07-08 23:04:56,387 INFO  client.GrpcClientProtocolClient (GrpcClientProtocolClient.java:onNext(255)) - client-CEF4D3493DC0->4ee04582-2825-4055-a051-0465d62eb5ca: receive RaftClientReply:client-CEF4D3493DC0->4ee04582-2825-4055-a051-0465d62eb5ca@group-78E0FE5F723E, cid=1275, SUCCESS, logIndex=1828, commits[4ee04582-2825-4055-a051-0465d62eb5ca:c1829, 97f5b9f0-d9ef-40b5-ba79-7414923e623f:c1827, 7d686585-d831-45bc-93fc-0a553b604b0e:c1827]
2019-07-08 23:04:56,388 INFO  client.GrpcClientProtocolClient (GrpcClientProtocolClient.java:onNext(255)) - client-CEF4D3493DC0->4ee04582-2825-4055-a051-0465d62eb5ca: receive RaftClientReply:client-CEF4D3493DC0->4ee04582-2825-4055-a051-0465d62eb5ca@group-78E0FE5F723E, cid=1276, SUCCESS, logIndex=1829, commits[4ee04582-2825-4055-a051-0465d62eb5ca:c1829, 97f5b9f0-d9ef-40b5-ba79-7414923e623f:c1827, 7d686585-d831-45bc-93fc-0a553b604b0e:c1827]
2019-07-08 23:04:56,401 INFO  client.GrpcClientProtocolClient (GrpcClientProtocolClient.java:onNext(255)) - client-CEF4D3493DC0->4ee04582-2825-4055-a051-0465d62eb5ca: receive RaftClientReply:client-CEF4D3493DC0->4ee04582-2825-4055-a051-0465d62eb5ca@group-78E0FE5F723E, cid=1277, SUCCESS, logIndex=1832, commits[4ee04582-2825-4055-a051-0465d62eb5ca:c1833, 97f5b9f0-d9ef-40b5-ba79-7414923e623f:c1831, 7d686585-d831-45bc-93fc-0a553b604b0e:c1831]
2019-07-08 23:04:56,401 INFO  client.GrpcClientProtocolClient (GrpcClientProtocolClient.java:onNext(255)) - client-CEF4D3493DC0->4ee04582-2825-4055-a051-0465d62eb5ca: receive RaftClientReply:client-CEF4D3493DC0->4ee04582-2825-4055-a051-0465d62eb5ca@group-78E0FE5F723E, cid=1278, SUCCESS, logIndex=1833, commits[4ee04582-2825-4055-a051-0465d62eb5ca:c1833, 97f5b9f0-d9ef-40b5-ba79-7414923e623f:c1831, 7d686585-d831-45bc-93fc-0a553b604b0e:c1831]
2019-07-08 23:04:56,405 INFO  client.GrpcClientProtocolClient (GrpcClientProtocolClient.java:onNext(255)) - client-CEF4D3493DC0->4ee04582-2825-4055-a051-0465d62eb5ca: receive RaftClientReply:client-CEF4D3493DC0->4ee04582-2825-4055-a051-0465d62eb5ca@group-78E0FE5F723E, cid=1279, SUCCESS, logIndex=0, commits[4ee04582-2825-4055-a051-0465d62eb5ca:c1834, 97f5b9f0-d9ef-40b5-ba79-7414923e623f:c1833, 7d686585-d831-45bc-93fc-0a553b604b0e:c1833]
2019-07-08 23:04:56,426 INFO  client.GrpcClientProtocolClient (GrpcClientProtocolClient.java:onNext(255)) - client-CEF4D3493DC0->4ee04582-2825-4055-a051-0465d62eb5ca: receive RaftClientReply:client-CEF4D3493DC0->4ee04582-2825-4055-a051-0465d62eb5ca@group-78E0FE5F723E, cid=1280, SUCCESS, logIndex=1836, commits[4ee04582-2825-4055-a051-0465d62eb5ca:c1837, 97f5b9f0-d9ef-40b5-ba79-7414923e623f:c1835, 7d686585-d831-45bc-93fc-0a553b604b0e:c1833]
2019-07-08 23:04:56,427 INFO  client.GrpcClientProtocolClient (GrpcClientProtocolClient.java:onNext(255)) - client-CEF4D3493DC0->4ee04582-2825-4055-a051-0465d62eb5ca: receive RaftClientReply:client-CEF4D3493DC0->4ee04582-2825-4055-a051-0465d62eb5ca@group-78E0FE5F723E, cid=1281, SUCCESS, logIndex=1837, commits[4ee04582-2825-4055-a051-0465d62eb5ca:c1837, 97f5b9f0-d9ef-40b5-ba79-7414923e623f:c1835, 7d686585-d831-45bc-93fc-0a553b604b0e:c1833]
2019-07-08 23:04:56,428 INFO  client.GrpcClientProtocolClient (GrpcClientProtocolClient.java:onNext(255)) - client-CEF4D3493DC0->4ee04582-2825-4055-a051-0465d62eb5ca: receive RaftClientReply:client-CEF4D3493DC0->4ee04582-2825-4055-a051-0465d62eb5ca@group-78E0FE5F723E, cid=1282, SUCCESS, logIndex=1838, commits[4ee04582-2825-4055-a051-0465d62eb5ca:c1839, 97f5b9f0-d9ef-40b5-ba79-7414923e623f:c1835, 7d686585-d831-45bc-93fc-0a553b604b0e:c1833]
2019-07-08 23:04:56,428 INFO  client.GrpcClientProtocolClient (GrpcClientProtocolClient.java:onNext(255)) - client-CEF4D3493DC0->4ee04582-2825-4055-a051-0465d62eb5ca: receive RaftClientReply:client-CEF4D3493DC0->4ee04582-2825-4055-a051-0465d62eb5ca@group-78E0FE5F723E, cid=1283, SUCCESS, logIndex=1839, commits[4ee04582-2825-4055-a051-0465d62eb5ca:c1839, 97f5b9f0-d9ef-40b5-ba79-7414923e623f:c1835, 7d686585-d831-45bc-93fc-0a553b604b0e:c1833]
2019-07-08 23:04:56,429 INFO  client.GrpcClientProtocolClient (GrpcClientProtocolClient.java:onNext(255)) - client-CEF4D3493DC0->4ee04582-2825-4055-a051-0465d62eb5ca: receive RaftClientReply:client-CEF4D3493DC0->4ee04582-2825-4055-a051-0465d62eb5ca@group-78E0FE5F723E, cid=1284, SUCCESS, logIndex=0, commits[4ee04582-2825-4055-a051-0465d62eb5ca:c1841, 97f5b9f0-d9ef-40b5-ba79-7414923e623f:c1837, 7d686585-d831-45bc-93fc-0a553b604b0e:c1837]
2019-07-08 23:04:56,483 INFO  client.GrpcClientProtocolClient (GrpcClientProtocolClient.java:onNext(255)) - client-CEF4D3493DC0->4ee04582-2825-4055-a051-0465d62eb5ca: receive RaftClientReply:client-CEF4D3493DC0->4ee04582-2825-4055-a051-0465d62eb5ca@group-78E0FE5F723E, cid=1285, SUCCESS, logIndex=1844, commits[4ee04582-2825-4055-a051-0465d62eb5ca:c1845, 97f5b9f0-d9ef-40b5-ba79-7414923e623f:c1843, 7d686585-d831-45bc-93fc-0a553b604b0e:c1843]
2019-07-08 23:04:56,484 INFO  client.GrpcClientProtocolClient (GrpcClientProtocolClient.java:onNext(255)) - client-CEF4D3493DC0->4ee04582-2825-4055-a051-0465d62eb5ca: receive RaftClientReply:client-CEF4D3493DC0->4ee04582-2825-4055-a051-0465d62eb5ca@group-78E0FE5F723E, cid=1286, SUCCESS, logIndex=1845, commits[4ee04582-2825-4055-a051-0465d62eb5ca:c1845, 97f5b9f0-d9ef-40b5-ba79-7414923e623f:c1843, 7d686585-d831-45bc-93fc-0a553b604b0e:c1843]
2019-07-08 23:04:56,503 INFO  client.GrpcClientProtocolClient (GrpcClientProtocolClient.java:onNext(255)) - client-CEF4D3493DC0->4ee04582-2825-4055-a051-0465d62eb5ca: receive RaftClientReply:client-CEF4D3493DC0->4ee04582-2825-4055-a051-0465d62eb5ca@group-78E0FE5F723E, cid=1287, SUCCESS, logIndex=1848, commits[4ee04582-2825-4055-a051-0465d62eb5ca:c1849, 97f5b9f0-d9ef-40b5-ba79-7414923e623f:c1847, 7d686585-d831-45bc-93fc-0a553b604b0e:c1847]
2019-07-08 23:04:56,504 INFO  client.GrpcClientProtocolClient (GrpcClientProtocolClient.java:onNext(255)) - client-CEF4D3493DC0->4ee04582-2825-4055-a051-0465d62eb5ca: receive RaftClientReply:client-CEF4D3493DC0->4ee04582-2825-4055-a051-0465d62eb5ca@group-78E0FE5F723E, cid=1288, SUCCESS, logIndex=1849, commits[4ee04582-2825-4055-a051-0465d62eb5ca:c1849, 97f5b9f0-d9ef-40b5-ba79-7414923e623f:c1847, 7d686585-d831-45bc-93fc-0a553b604b0e:c1847]
2019-07-08 23:04:56,572 INFO  client.GrpcClientProtocolClient (GrpcClientProtocolClient.java:onNext(255)) - client-CEF4D3493DC0->4ee04582-2825-4055-a051-0465d62eb5ca: receive RaftClientReply:client-CEF4D3493DC0->4ee04582-2825-4055-a051-0465d62eb5ca@group-78E0FE5F723E, cid=1289, SUCCESS, logIndex=0, commits[4ee04582-2825-4055-a051-0465d62eb5ca:c1850, 97f5b9f0-d9ef-40b5-ba79-7414923e623f:c1849, 7d686585-d831-45bc-93fc-0a553b604b0e:c1849]
2019-07-08 23:04:56,600 INFO  client.GrpcClientProtocolClient (GrpcClientProtocolClient.java:onNext(255)) - client-CEF4D3493DC0->4ee04582-2825-4055-a051-0465d62eb5ca: receive RaftClientReply:client-CEF4D3493DC0->4ee04582-2825-4055-a051-0465d62eb5ca@group-78E0FE5F723E, cid=1290, SUCCESS, logIndex=1852, commits[4ee04582-2825-4055-a051-0465d62eb5ca:c1853, 97f5b9f0-d9ef-40b5-ba79-7414923e623f:c1851, 7d686585-d831-45bc-93fc-0a553b604b0e:c1849]
2019-07-08 23:04:56,601 INFO  client.GrpcClientProtocolClient (GrpcClientProtocolClient.java:onNext(255)) - client-CEF4D3493DC0->4ee04582-2825-4055-a051-0465d62eb5ca: receive RaftClientReply:client-CEF4D3493DC0->4ee04582-2825-4055-a051-0465d62eb5ca@group-78E0FE5F723E, cid=1291, SUCCESS, logIndex=1853, commits[4ee04582-2825-4055-a051-0465d62eb5ca:c1853, 97f5b9f0-d9ef-40b5-ba79-7414923e623f:c1851, 7d686585-d831-45bc-93fc-0a553b604b0e:c1849]
2019-07-08 23:04:56,607 INFO  client.GrpcClientProtocolClient (GrpcClientProtocolClient.java:onNext(255)) - client-CEF4D3493DC0->4ee04582-2825-4055-a051-0465d62eb5ca: receive RaftClientReply:client-CEF4D3493DC0->4ee04582-2825-4055-a051-0465d62eb5ca@group-78E0FE5F723E, cid=1292, SUCCESS, logIndex=1854, commits[4ee04582-2825-4055-a051-0465d62eb5ca:c1855, 97f5b9f0-d9ef-40b5-ba79-7414923e623f:c1851, 7d686585-d831-45bc-93fc-0a553b604b0e:c1851]
2019-07-08 23:04:56,608 INFO  client.GrpcClientProtocolClient (GrpcClientProtocolClient.java:onNext(255)) - client-CEF4D3493DC0->4ee04582-2825-4055-a051-0465d62eb5ca: receive RaftClientReply:client-CEF4D3493DC0->4ee04582-2825-4055-a051-0465d62eb5ca@group-78E0FE5F723E, cid=1293, SUCCESS, logIndex=1855, commits[4ee04582-2825-4055-a051-0465d62eb5ca:c1855, 97f5b9f0-d9ef-40b5-ba79-7414923e623f:c1851, 7d686585-d831-45bc-93fc-0a553b604b0e:c1851]
2019-07-08 23:04:56,609 INFO  client.GrpcClientProtocolClient (GrpcClientProtocolClient.java:onNext(255)) - client-CEF4D3493DC0->4ee04582-2825-4055-a051-0465d62eb5ca: receive RaftClientReply:client-CEF4D3493DC0->4ee04582-2825-4055-a051-0465d62eb5ca@group-78E0FE5F723E, cid=1294, SUCCESS, logIndex=0, commits[4ee04582-2825-4055-a051-0465d62eb5ca:c1857, 97f5b9f0-d9ef-40b5-ba79-7414923e623f:c1853, 7d686585-d831-45bc-93fc-0a553b604b0e:c1853]
2019-07-08 23:04:56,674 INFO  client.GrpcClientProtocolClient (GrpcClientProtocolClient.java:onNext(255)) - client-CEF4D3493DC0->4ee04582-2825-4055-a051-0465d62eb5ca: receive RaftClientReply:client-CEF4D3493DC0->4ee04582-2825-4055-a051-0465d62eb5ca@group-78E0FE5F723E, cid=1295, SUCCESS, logIndex=1860, commits[4ee04582-2825-4055-a051-0465d62eb5ca:c1861, 97f5b9f0-d9ef-40b5-ba79-7414923e623f:c1857, 7d686585-d831-45bc-93fc-0a553b604b0e:c1855]
2019-07-08 23:04:56,674 INFO  client.GrpcClientProtocolClient (GrpcClientProtocolClient.java:onNext(255)) - client-CEF4D3493DC0->4ee04582-2825-4055-a051-0465d62eb5ca: receive RaftClientReply:client-CEF4D3493DC0->4ee04582-2825-4055-a051-0465d62eb5ca@group-78E0FE5F723E, cid=1296, SUCCESS, logIndex=1861, commits[4ee04582-2825-4055-a051-0465d62eb5ca:c1861, 97f5b9f0-d9ef-40b5-ba79-7414923e623f:c1857, 7d686585-d831-45bc-93fc-0a553b604b0e:c1857]
2019-07-08 23:04:56,691 INFO  client.GrpcClientProtocolClient (GrpcClientProtocolClient.java:onNext(255)) - client-CEF4D3493DC0->4ee04582-2825-4055-a051-0465d62eb5ca: receive RaftClientReply:client-CEF4D3493DC0->4ee04582-2825-4055-a051-0465d62eb5ca@group-78E0FE5F723E, cid=1297, SUCCESS, logIndex=1864, commits[4ee04582-2825-4055-a051-0465d62eb5ca:c1865, 97f5b9f0-d9ef-40b5-ba79-7414923e623f:c1863, 7d686585-d831-45bc-93fc-0a553b604b0e:c1863]
2019-07-08 23:04:56,691 INFO  client.GrpcClientProtocolClient (GrpcClientProtocolClient.java:onNext(255)) - client-CEF4D3493DC0->4ee04582-2825-4055-a051-0465d62eb5ca: receive RaftClientReply:client-CEF4D3493DC0->4ee04582-2825-4055-a051-0465d62eb5ca@group-78E0FE5F723E, cid=1298, SUCCESS, logIndex=1865, commits[4ee04582-2825-4055-a051-0465d62eb5ca:c1865, 97f5b9f0-d9ef-40b5-ba79-7414923e623f:c1863, 7d686585-d831-45bc-93fc-0a553b604b0e:c1863]
2019-07-08 23:04:56,694 INFO  client.GrpcClientProtocolClient (GrpcClientProtocolClient.java:onNext(255)) - client-CEF4D3493DC0->4ee04582-2825-4055-a051-0465d62eb5ca: receive RaftClientReply:client-CEF4D3493DC0->4ee04582-2825-4055-a051-0465d62eb5ca@group-78E0FE5F723E, cid=1299, SUCCESS, logIndex=0, commits[4ee04582-2825-4055-a051-0465d62eb5ca:c1866, 97f5b9f0-d9ef-40b5-ba79-7414923e623f:c1865, 7d686585-d831-45bc-93fc-0a553b604b0e:c1865]
2019-07-08 23:04:56,719 INFO  client.GrpcClientProtocolClient (GrpcClientProtocolClient.java:onNext(255)) - client-CEF4D3493DC0->4ee04582-2825-4055-a051-0465d62eb5ca: receive RaftClientReply:client-CEF4D3493DC0->4ee04582-2825-4055-a051-0465d62eb5ca@group-78E0FE5F723E, cid=1300, SUCCESS, logIndex=1868, commits[4ee04582-2825-4055-a051-0465d62eb5ca:c1869, 97f5b9f0-d9ef-40b5-ba79-7414923e623f:c1867, 7d686585-d831-45bc-93fc-0a553b604b0e:c1865]
2019-07-08 23:04:56,719 INFO  client.GrpcClientProtocolClient (GrpcClientProtocolClient.java:onNext(255)) - client-CEF4D3493DC0->4ee04582-2825-4055-a051-0465d62eb5ca: receive RaftClientReply:client-CEF4D3493DC0->4ee04582-2825-4055-a051-0465d62eb5ca@group-78E0FE5F723E, cid=1301, SUCCESS, logIndex=1869, commits[4ee04582-2825-4055-a051-0465d62eb5ca:c1869, 97f5b9f0-d9ef-40b5-ba79-7414923e623f:c1867, 7d686585-d831-45bc-93fc-0a553b604b0e:c1865]
2019-07-08 23:04:56,725 INFO  client.GrpcClientProtocolClient (GrpcClientProtocolClient.java:onNext(255)) - client-CEF4D3493DC0->4ee04582-2825-4055-a051-0465d62eb5ca: receive RaftClientReply:client-CEF4D3493DC0->4ee04582-2825-4055-a051-0465d62eb5ca@group-78E0FE5F723E, cid=1302, SUCCESS, logIndex=1870, commits[4ee04582-2825-4055-a051-0465d62eb5ca:c1872, 97f5b9f0-d9ef-40b5-ba79-7414923e623f:c1868, 7d686585-d831-45bc-93fc-0a553b604b0e:c1867]
2019-07-08 23:04:56,725 INFO  client.GrpcClientProtocolClient (GrpcClientProtocolClient.java:onNext(255)) - client-CEF4D3493DC0->4ee04582-2825-4055-a051-0465d62eb5ca: receive RaftClientReply:client-CEF4D3493DC0->4ee04582-2825-4055-a051-0465d62eb5ca@group-78E0FE5F723E, cid=1303, SUCCESS, logIndex=1871, commits[4ee04582-2825-4055-a051-0465d62eb5ca:c1872, 97f5b9f0-d9ef-40b5-ba79-7414923e623f:c1869, 7d686585-d831-45bc-93fc-0a553b604b0e:c1869]
2019-07-08 23:04:56,747 INFO  client.GrpcClientProtocolClient (GrpcClientProtocolClient.java:onNext(255)) - client-CEF4D3493DC0->4ee04582-2825-4055-a051-0465d62eb5ca: receive RaftClientReply:client-CEF4D3493DC0->4ee04582-2825-4055-a051-0465d62eb5ca@group-78E0FE5F723E, cid=1304, SUCCESS, logIndex=1876, commits[4ee04582-2825-4055-a051-0465d62eb5ca:c1877, 97f5b9f0-d9ef-40b5-ba79-7414923e623f:c1875, 7d686585-d831-45bc-93fc-0a553b604b0e:c1875]
2019-07-08 23:04:56,749 INFO  client.GrpcClientProtocolClient (GrpcClientProtocolClient.java:onNext(255)) - client-CEF4D3493DC0->4ee04582-2825-4055-a051-0465d62eb5ca: receive RaftClientReply:client-CEF4D3493DC0->4ee04582-2825-4055-a051-0465d62eb5ca@group-78E0FE5F723E, cid=1305, SUCCESS, logIndex=1877, commits[4ee04582-2825-4055-a051-0465d62eb5ca:c1877, 97f5b9f0-d9ef-40b5-ba79-7414923e623f:c1875, 7d686585-d831-45bc-93fc-0a553b604b0e:c1875]
2019-07-08 23:04:56,762 INFO  client.GrpcClientProtocolClient (GrpcClientProtocolClient.java:onNext(255)) - client-CEF4D3493DC0->4ee04582-2825-4055-a051-0465d62eb5ca: receive RaftClientReply:client-CEF4D3493DC0->4ee04582-2825-4055-a051-0465d62eb5ca@group-78E0FE5F723E, cid=1306, SUCCESS, logIndex=1880, commits[4ee04582-2825-4055-a051-0465d62eb5ca:c1881, 97f5b9f0-d9ef-40b5-ba79-7414923e623f:c1879, 7d686585-d831-45bc-93fc-0a553b604b0e:c1879]
2019-07-08 23:04:56,763 INFO  client.GrpcClientProtocolClient (GrpcClientProtocolClient.java:onNext(255)) - client-CEF4D3493DC0->4ee04582-2825-4055-a051-0465d62eb5ca: receive RaftClientReply:client-CEF4D3493DC0->4ee04582-2825-4055-a051-0465d62eb5ca@group-78E0FE5F723E, cid=1307, SUCCESS, logIndex=1881, commits[4ee04582-2825-4055-a051-0465d62eb5ca:c1881, 97f5b9f0-d9ef-40b5-ba79-7414923e623f:c1879, 7d686585-d831-45bc-93fc-0a553b604b0e:c1879]
2019-07-08 23:04:56,768 INFO  client.GrpcClientProtocolClient (GrpcClientProtocolClient.java:onNext(255)) - client-CEF4D3493DC0->4ee04582-2825-4055-a051-0465d62eb5ca: receive RaftClientReply:client-CEF4D3493DC0->4ee04582-2825-4055-a051-0465d62eb5ca@group-78E0FE5F723E, cid=1308, SUCCESS, logIndex=0, commits[4ee04582-2825-4055-a051-0465d62eb5ca:c1882, 97f5b9f0-d9ef-40b5-ba79-7414923e623f:c1881, 7d686585-d831-45bc-93fc-0a553b604b0e:c1881]
2019-07-08 23:04:56,832 INFO  client.GrpcClientProtocolClient (GrpcClientProtocolClient.java:onNext(255)) - client-CEF4D3493DC0->4ee04582-2825-4055-a051-0465d62eb5ca: receive RaftClientReply:client-CEF4D3493DC0->4ee04582-2825-4055-a051-0465d62eb5ca@group-78E0FE5F723E, cid=1309, SUCCESS, logIndex=1884, commits[4ee04582-2825-4055-a051-0465d62eb5ca:c1885, 97f5b9f0-d9ef-40b5-ba79-7414923e623f:c1883, 7d686585-d831-45bc-93fc-0a553b604b0e:c1883]
2019-07-08 23:04:56,833 INFO  client.GrpcClientProtocolClient (GrpcClientProtocolClient.java:onNext(255)) - client-CEF4D3493DC0->4ee04582-2825-4055-a051-0465d62eb5ca: receive RaftClientReply:client-CEF4D3493DC0->4ee04582-2825-4055-a051-0465d62eb5ca@group-78E0FE5F723E, cid=1310, SUCCESS, logIndex=1885, commits[4ee04582-2825-4055-a051-0465d62eb5ca:c1885, 97f5b9f0-d9ef-40b5-ba79-7414923e623f:c1883, 7d686585-d831-45bc-93fc-0a553b604b0e:c1883]
2019-07-08 23:04:56,835 INFO  client.GrpcClientProtocolClient (GrpcClientProtocolClient.java:onNext(255)) - client-CEF4D3493DC0->4ee04582-2825-4055-a051-0465d62eb5ca: receive RaftClientReply:client-CEF4D3493DC0->4ee04582-2825-4055-a051-0465d62eb5ca@group-78E0FE5F723E, cid=1311, SUCCESS, logIndex=1886, commits[4ee04582-2825-4055-a051-0465d62eb5ca:c1887, 97f5b9f0-d9ef-40b5-ba79-7414923e623f:c1883, 7d686585-d831-45bc-93fc-0a553b604b0e:c1883]
2019-07-08 23:04:56,835 INFO  client.GrpcClientProtocolClient (GrpcClientProtocolClient.java:onNext(255)) - client-CEF4D3493DC0->4ee04582-2825-4055-a051-0465d62eb5ca: receive RaftClientReply:client-CEF4D3493DC0->4ee04582-2825-4055-a051-0465d62eb5ca@group-78E0FE5F723E, cid=1312, SUCCESS, logIndex=1887, commits[4ee04582-2825-4055-a051-0465d62eb5ca:c1887, 97f5b9f0-d9ef-40b5-ba79-7414923e623f:c1883, 7d686585-d831-45bc-93fc-0a553b604b0e:c1883]
2019-07-08 23:04:56,838 INFO  client.GrpcClientProtocolClient (GrpcClientProtocolClient.java:onNext(255)) - client-CEF4D3493DC0->4ee04582-2825-4055-a051-0465d62eb5ca: receive RaftClientReply:client-CEF4D3493DC0->4ee04582-2825-4055-a051-0465d62eb5ca@group-78E0FE5F723E, cid=1313, SUCCESS, logIndex=0, commits[4ee04582-2825-4055-a051-0465d62eb5ca:c1889, 97f5b9f0-d9ef-40b5-ba79-7414923e623f:c1885, 7d686585-d831-45bc-93fc-0a553b604b0e:c1885]
2019-07-08 23:04:56,862 INFO  client.GrpcClientProtocolClient (GrpcClientProtocolClient.java:onNext(255)) - client-CEF4D3493DC0->4ee04582-2825-4055-a051-0465d62eb5ca: receive RaftClientReply:client-CEF4D3493DC0->4ee04582-2825-4055-a051-0465d62eb5ca@group-78E0FE5F723E, cid=1314, SUCCESS, logIndex=1892, commits[4ee04582-2825-4055-a051-0465d62eb5ca:c1893, 97f5b9f0-d9ef-40b5-ba79-7414923e623f:c1891, 7d686585-d831-45bc-93fc-0a553b604b0e:c1891]
2019-07-08 23:04:56,863 INFO  client.GrpcClientProtocolClient (GrpcClientProtocolClient.java:onNext(255)) - client-CEF4D3493DC0->4ee04582-2825-4055-a051-0465d62eb5ca: receive RaftClientReply:client-CEF4D3493DC0->4ee04582-2825-4055-a051-0465d62eb5ca@group-78E0FE5F723E, cid=1315, SUCCESS, logIndex=1893, commits[4ee04582-2825-4055-a051-0465d62eb5ca:c1893, 97f5b9f0-d9ef-40b5-ba79-7414923e623f:c1891, 7d686585-d831-45bc-93fc-0a553b604b0e:c1891]
2019-07-08 23:04:56,875 INFO  client.GrpcClientProtocolClient (GrpcClientProtocolClient.java:onNext(255)) - client-CEF4D3493DC0->4ee04582-2825-4055-a051-0465d62eb5ca: receive RaftClientReply:client-CEF4D3493DC0->4ee04582-2825-4055-a051-0465d62eb5ca@group-78E0FE5F723E, cid=1316, SUCCESS, logIndex=1896, commits[4ee04582-2825-4055-a051-0465d62eb5ca:c1897, 97f5b9f0-d9ef-40b5-ba79-7414923e623f:c1895, 7d686585-d831-45bc-93fc-0a553b604b0e:c1895]
2019-07-08 23:04:56,876 INFO  client.GrpcClientProtocolClient (GrpcClientProtocolClient.java:onNext(255)) - client-CEF4D3493DC0->4ee04582-2825-4055-a051-0465d62eb5ca: receive RaftClientReply:client-CEF4D3493DC0->4ee04582-2825-4055-a051-0465d62eb5ca@group-78E0FE5F723E, cid=1317, SUCCESS, logIndex=1897, commits[4ee04582-2825-4055-a051-0465d62eb5ca:c1897, 97f5b9f0-d9ef-40b5-ba79-7414923e623f:c1895, 7d686585-d831-45bc-93fc-0a553b604b0e:c1895]
2019-07-08 23:04:56,877 INFO  client.GrpcClientProtocolClient (GrpcClientProtocolClient.java:onNext(255)) - client-CEF4D3493DC0->4ee04582-2825-4055-a051-0465d62eb5ca: receive RaftClientReply:client-CEF4D3493DC0->4ee04582-2825-4055-a051-0465d62eb5ca@group-78E0FE5F723E, cid=1318, SUCCESS, logIndex=0, commits[4ee04582-2825-4055-a051-0465d62eb5ca:c1898, 97f5b9f0-d9ef-40b5-ba79-7414923e623f:c1897, 7d686585-d831-45bc-93fc-0a553b604b0e:c1897]
 0.00% |█                                                                                                    |  0/1 Time: 0:00:062019-07-08 23:04:56,899 INFO  client.GrpcClientProtocolClient (GrpcClientProtocolClient.java:onNext(255)) - client-CEF4D3493DC0->4ee04582-2825-4055-a051-0465d62eb5ca: receive RaftClientReply:client-CEF4D3493DC0->4ee04582-2825-4055-a051-0465d62eb5ca@group-78E0FE5F723E, cid=1319, SUCCESS, logIndex=1900, commits[4ee04582-2825-4055-a051-0465d62eb5ca:c1901, 97f5b9f0-d9ef-40b5-ba79-7414923e623f:c1899, 7d686585-d831-45bc-93fc-0a553b604b0e:c1897]
2019-07-08 23:04:56,900 INFO  client.GrpcClientProtocolClient (GrpcClientProtocolClient.java:onNext(255)) - client-CEF4D3493DC0->4ee04582-2825-4055-a051-0465d62eb5ca: receive RaftClientReply:client-CEF4D3493DC0->4ee04582-2825-4055-a051-0465d62eb5ca@group-78E0FE5F723E, cid=1320, SUCCESS, logIndex=1901, commits[4ee04582-2825-4055-a051-0465d62eb5ca:c1901, 97f5b9f0-d9ef-40b5-ba79-7414923e623f:c1899, 7d686585-d831-45bc-93fc-0a553b604b0e:c1897]
2019-07-08 23:04:56,901 INFO  client.GrpcClientProtocolClient (GrpcClientProtocolClient.java:onNext(255)) - client-CEF4D3493DC0->4ee04582-2825-4055-a051-0465d62eb5ca: receive RaftClientReply:client-CEF4D3493DC0->4ee04582-2825-4055-a051-0465d62eb5ca@group-78E0FE5F723E, cid=1321, SUCCESS, logIndex=1902, commits[4ee04582-2825-4055-a051-0465d62eb5ca:c1903, 97f5b9f0-d9ef-40b5-ba79-7414923e623f:c1899, 7d686585-d831-45bc-93fc-0a553b604b0e:c1899]
2019-07-08 23:04:56,902 INFO  client.GrpcClientProtocolClient (GrpcClientProtocolClient.java:onNext(255)) - client-CEF4D3493DC0->4ee04582-2825-4055-a051-0465d62eb5ca: receive RaftClientReply:client-CEF4D3493DC0->4ee04582-2825-4055-a051-0465d62eb5ca@group-78E0FE5F723E, cid=1322, SUCCESS, logIndex=1903, commits[4ee04582-2825-4055-a051-0465d62eb5ca:c1903, 97f5b9f0-d9ef-40b5-ba79-7414923e623f:c1899, 7d686585-d831-45bc-93fc-0a553b604b0e:c1899]
2019-07-08 23:04:56,903 INFO  client.GrpcClientProtocolClient (GrpcClientProtocolClient.java:onNext(255)) - client-CEF4D3493DC0->4ee04582-2825-4055-a051-0465d62eb5ca: receive RaftClientReply:client-CEF4D3493DC0->4ee04582-2825-4055-a051-0465d62eb5ca@group-78E0FE5F723E, cid=1323, SUCCESS, logIndex=0, commits[4ee04582-2825-4055-a051-0465d62eb5ca:c1905, 97f5b9f0-d9ef-40b5-ba79-7414923e623f:c1901, 7d686585-d831-45bc-93fc-0a553b604b0e:c1901]
2019-07-08 23:04:56,923 INFO  client.GrpcClientProtocolClient (GrpcClientProtocolClient.java:onNext(255)) - client-CEF4D3493DC0->4ee04582-2825-4055-a051-0465d62eb5ca: receive RaftClientReply:client-CEF4D3493DC0->4ee04582-2825-4055-a051-0465d62eb5ca@group-78E0FE5F723E, cid=1324, SUCCESS, logIndex=1908, commits[4ee04582-2825-4055-a051-0465d62eb5ca:c1909, 97f5b9f0-d9ef-40b5-ba79-7414923e623f:c1907, 7d686585-d831-45bc-93fc-0a553b604b0e:c1907]
2019-07-08 23:04:56,924 INFO  client.GrpcClientProtocolClient (GrpcClientProtocolClient.java:onNext(255)) - client-CEF4D3493DC0->4ee04582-2825-4055-a051-0465d62eb5ca: receive RaftClientReply:client-CEF4D3493DC0->4ee04582-2825-4055-a051-0465d62eb5ca@group-78E0FE5F723E, cid=1325, SUCCESS, logIndex=1909, commits[4ee04582-2825-4055-a051-0465d62eb5ca:c1909, 97f5b9f0-d9ef-40b5-ba79-7414923e623f:c1907, 7d686585-d831-45bc-93fc-0a553b604b0e:c1907]
2019-07-08 23:04:57,041 INFO  client.GrpcClientProtocolClient (GrpcClientProtocolClient.java:onNext(255)) - client-CEF4D3493DC0->4ee04582-2825-4055-a051-0465d62eb5ca: receive RaftClientReply:client-CEF4D3493DC0->4ee04582-2825-4055-a051-0465d62eb5ca@group-78E0FE5F723E, cid=1326, SUCCESS, logIndex=1912, commits[4ee04582-2825-4055-a051-0465d62eb5ca:c1913, 97f5b9f0-d9ef-40b5-ba79-7414923e623f:c1911, 7d686585-d831-45bc-93fc-0a553b604b0e:c1911]
2019-07-08 23:04:57,042 INFO  client.GrpcClientProtocolClient (GrpcClientProtocolClient.java:onNext(255)) - client-CEF4D3493DC0->4ee04582-2825-4055-a051-0465d62eb5ca: receive RaftClientReply:client-CEF4D3493DC0->4ee04582-2825-4055-a051-0465d62eb5ca@group-78E0FE5F723E, cid=1327, SUCCESS, logIndex=1913, commits[4ee04582-2825-4055-a051-0465d62eb5ca:c1913, 97f5b9f0-d9ef-40b5-ba79-7414923e623f:c1911, 7d686585-d831-45bc-93fc-0a553b604b0e:c1911]
2019-07-08 23:04:57,045 INFO  client.GrpcClientProtocolClient (GrpcClientProtocolClient.java:onNext(255)) - client-CEF4D3493DC0->4ee04582-2825-4055-a051-0465d62eb5ca: receive RaftClientReply:client-CEF4D3493DC0->4ee04582-2825-4055-a051-0465d62eb5ca@group-78E0FE5F723E, cid=1328, SUCCESS, logIndex=0, commits[4ee04582-2825-4055-a051-0465d62eb5ca:c1914, 97f5b9f0-d9ef-40b5-ba79-7414923e623f:c1913, 7d686585-d831-45bc-93fc-0a553b604b0e:c1913]
2019-07-08 23:04:57,070 INFO  client.GrpcClientProtocolClient (GrpcClientProtocolClient.java:onNext(255)) - client-CEF4D3493DC0->4ee04582-2825-4055-a051-0465d62eb5ca: receive RaftClientReply:client-CEF4D3493DC0->4ee04582-2825-4055-a051-0465d62eb5ca@group-78E0FE5F723E, cid=1329, SUCCESS, logIndex=1916, commits[4ee04582-2825-4055-a051-0465d62eb5ca:c1917, 97f5b9f0-d9ef-40b5-ba79-7414923e623f:c1915, 7d686585-d831-45bc-93fc-0a553b604b0e:c1915]
2019-07-08 23:04:57,071 INFO  client.GrpcClientProtocolClient (GrpcClientProtocolClient.java:onNext(255)) - client-CEF4D3493DC0->4ee04582-2825-4055-a051-0465d62eb5ca: receive RaftClientReply:client-CEF4D3493DC0->4ee04582-2825-4055-a051-0465d62eb5ca@group-78E0FE5F723E, cid=1330, SUCCESS, logIndex=1917, commits[4ee04582-2825-4055-a051-0465d62eb5ca:c1917, 97f5b9f0-d9ef-40b5-ba79-7414923e623f:c1915, 7d686585-d831-45bc-93fc-0a553b604b0e:c1915]
2019-07-08 23:04:57,074 INFO  client.GrpcClientProtocolClient (GrpcClientProtocolClient.java:onNext(255)) - client-CEF4D3493DC0->4ee04582-2825-4055-a051-0465d62eb5ca: receive RaftClientReply:client-CEF4D3493DC0->4ee04582-2825-4055-a051-0465d62eb5ca@group-78E0FE5F723E, cid=1331, SUCCESS, logIndex=1918, commits[4ee04582-2825-4055-a051-0465d62eb5ca:c1921, 97f5b9f0-d9ef-40b5-ba79-7414923e623f:c1917, 7d686585-d831-45bc-93fc-0a553b604b0e:c1915]
2019-07-08 23:04:57,075 INFO  client.GrpcClientProtocolClient (GrpcClientProtocolClient.java:onNext(255)) - client-CEF4D3493DC0->4ee04582-2825-4055-a051-0465d62eb5ca: receive RaftClientReply:client-CEF4D3493DC0->4ee04582-2825-4055-a051-0465d62eb5ca@group-78E0FE5F723E, cid=1332, SUCCESS, logIndex=1919, commits[4ee04582-2825-4055-a051-0465d62eb5ca:c1921, 97f5b9f0-d9ef-40b5-ba79-7414923e623f:c1917, 7d686585-d831-45bc-93fc-0a553b604b0e:c1915]
2019-07-08 23:04:57,076 INFO  client.GrpcClientProtocolClient (GrpcClientProtocolClient.java:onNext(255)) - client-CEF4D3493DC0->4ee04582-2825-4055-a051-0465d62eb5ca: receive RaftClientReply:client-CEF4D3493DC0->4ee04582-2825-4055-a051-0465d62eb5ca@group-78E0FE5F723E, cid=1333, SUCCESS, logIndex=0, commits[4ee04582-2825-4055-a051-0465d62eb5ca:c1922, 97f5b9f0-d9ef-40b5-ba79-7414923e623f:c1918, 7d686585-d831-45bc-93fc-0a553b604b0e:c1917]
2019-07-08 23:04:57,094 INFO  client.GrpcClientProtocolClient (GrpcClientProtocolClient.java:onNext(255)) - client-CEF4D3493DC0->4ee04582-2825-4055-a051-0465d62eb5ca: receive RaftClientReply:client-CEF4D3493DC0->4ee04582-2825-4055-a051-0465d62eb5ca@group-78E0FE5F723E, cid=1334, SUCCESS, logIndex=1924, commits[4ee04582-2825-4055-a051-0465d62eb5ca:c1925, 97f5b9f0-d9ef-40b5-ba79-7414923e623f:c1923, 7d686585-d831-45bc-93fc-0a553b604b0e:c1923]
2019-07-08 23:04:57,095 INFO  client.GrpcClientProtocolClient (GrpcClientProtocolClient.java:onNext(255)) - client-CEF4D3493DC0->4ee04582-2825-4055-a051-0465d62eb5ca: receive RaftClientReply:client-CEF4D3493DC0->4ee04582-2825-4055-a051-0465d62eb5ca@group-78E0FE5F723E, cid=1335, SUCCESS, logIndex=1925, commits[4ee04582-2825-4055-a051-0465d62eb5ca:c1925, 97f5b9f0-d9ef-40b5-ba79-7414923e623f:c1923, 7d686585-d831-45bc-93fc-0a553b604b0e:c1923]
2019-07-08 23:04:57,110 INFO  client.GrpcClientProtocolClient (GrpcClientProtocolClient.java:onNext(255)) - client-CEF4D3493DC0->4ee04582-2825-4055-a051-0465d62eb5ca: receive RaftClientReply:client-CEF4D3493DC0->4ee04582-2825-4055-a051-0465d62eb5ca@group-78E0FE5F723E, cid=1336, SUCCESS, logIndex=1928, commits[4ee04582-2825-4055-a051-0465d62eb5ca:c1929, 97f5b9f0-d9ef-40b5-ba79-7414923e623f:c1927, 7d686585-d831-45bc-93fc-0a553b604b0e:c1925]
2019-07-08 23:04:57,111 INFO  client.GrpcClientProtocolClient (GrpcClientProtocolClient.java:onNext(255)) - client-CEF4D3493DC0->4ee04582-2825-4055-a051-0465d62eb5ca: receive RaftClientReply:client-CEF4D3493DC0->4ee04582-2825-4055-a051-0465d62eb5ca@group-78E0FE5F723E, cid=1337, SUCCESS, logIndex=1929, commits[4ee04582-2825-4055-a051-0465d62eb5ca:c1929, 97f5b9f0-d9ef-40b5-ba79-7414923e623f:c1927, 7d686585-d831-45bc-93fc-0a553b604b0e:c1927]
2019-07-08 23:04:57,117 INFO  client.GrpcClientProtocolClient (GrpcClientProtocolClient.java:onNext(255)) - client-CEF4D3493DC0->4ee04582-2825-4055-a051-0465d62eb5ca: receive RaftClientReply:client-CEF4D3493DC0->4ee04582-2825-4055-a051-0465d62eb5ca@group-78E0FE5F723E, cid=1338, SUCCESS, logIndex=0, commits[4ee04582-2825-4055-a051-0465d62eb5ca:c1930, 97f5b9f0-d9ef-40b5-ba79-7414923e623f:c1929, 7d686585-d831-45bc-93fc-0a553b604b0e:c1929]
2019-07-08 23:04:57,148 INFO  client.GrpcClientProtocolClient (GrpcClientProtocolClient.java:onNext(255)) - client-CEF4D3493DC0->4ee04582-2825-4055-a051-0465d62eb5ca: receive RaftClientReply:client-CEF4D3493DC0->4ee04582-2825-4055-a051-0465d62eb5ca@group-78E0FE5F723E, cid=1339, SUCCESS, logIndex=1932, commits[4ee04582-2825-4055-a051-0465d62eb5ca:c1933, 97f5b9f0-d9ef-40b5-ba79-7414923e623f:c1931, 7d686585-d831-45bc-93fc-0a553b604b0e:c1931]
2019-07-08 23:04:57,148 INFO  client.GrpcClientProtocolClient (GrpcClientProtocolClient.java:onNext(255)) - client-CEF4D3493DC0->4ee04582-2825-4055-a051-0465d62eb5ca: receive RaftClientReply:client-CEF4D3493DC0->4ee04582-2825-4055-a051-0465d62eb5ca@group-78E0FE5F723E, cid=1340, SUCCESS, logIndex=1933, commits[4ee04582-2825-4055-a051-0465d62eb5ca:c1933, 97f5b9f0-d9ef-40b5-ba79-7414923e623f:c1931, 7d686585-d831-45bc-93fc-0a553b604b0e:c1931]
2019-07-08 23:04:57,151 INFO  client.GrpcClientProtocolClient (GrpcClientProtocolClient.java:onNext(255)) - client-CEF4D3493DC0->4ee04582-2825-4055-a051-0465d62eb5ca: receive RaftClientReply:client-CEF4D3493DC0->4ee04582-2825-4055-a051-0465d62eb5ca@group-78E0FE5F723E, cid=1341, SUCCESS, logIndex=1934, commits[4ee04582-2825-4055-a051-0465d62eb5ca:c1934, 97f5b9f0-d9ef-40b5-ba79-7414923e623f:c1931, 7d686585-d831-45bc-93fc-0a553b604b0e:c1931]
2019-07-08 23:04:57,151 INFO  client.GrpcClientProtocolClient (GrpcClientProtocolClient.java:onNext(255)) - client-CEF4D3493DC0->4ee04582-2825-4055-a051-0465d62eb5ca: receive RaftClientReply:client-CEF4D3493DC0->4ee04582-2825-4055-a051-0465d62eb5ca@group-78E0FE5F723E, cid=1342, SUCCESS, logIndex=1935, commits[4ee04582-2825-4055-a051-0465d62eb5ca:c1935, 97f5b9f0-d9ef-40b5-ba79-7414923e623f:c1931, 7d686585-d831-45bc-93fc-0a553b604b0e:c1931]
2019-07-08 23:04:57,154 INFO  client.GrpcClientProtocolClient (GrpcClientProtocolClient.java:onNext(255)) - client-CEF4D3493DC0->4ee04582-2825-4055-a051-0465d62eb5ca: receive RaftClientReply:client-CEF4D3493DC0->4ee04582-2825-4055-a051-0465d62eb5ca@group-78E0FE5F723E, cid=1343, SUCCESS, logIndex=0, commits[4ee04582-2825-4055-a051-0465d62eb5ca:c1937, 97f5b9f0-d9ef-40b5-ba79-7414923e623f:c1933, 7d686585-d831-45bc-93fc-0a553b604b0e:c1933]
2019-07-08 23:04:57,173 INFO  client.GrpcClientProtocolClient (GrpcClientProtocolClient.java:onNext(255)) - client-CEF4D3493DC0->4ee04582-2825-4055-a051-0465d62eb5ca: receive RaftClientReply:client-CEF4D3493DC0->4ee04582-2825-4055-a051-0465d62eb5ca@group-78E0FE5F723E, cid=1344, SUCCESS, logIndex=1940, commits[4ee04582-2825-4055-a051-0465d62eb5ca:c1941, 97f5b9f0-d9ef-40b5-ba79-7414923e623f:c1939, 7d686585-d831-45bc-93fc-0a553b604b0e:c1939]
2019-07-08 23:04:57,174 INFO  client.GrpcClientProtocolClient (GrpcClientProtocolClient.java:onNext(255)) - client-CEF4D3493DC0->4ee04582-2825-4055-a051-0465d62eb5ca: receive RaftClientReply:client-CEF4D3493DC0->4ee04582-2825-4055-a051-0465d62eb5ca@group-78E0FE5F723E, cid=1345, SUCCESS, logIndex=1941, commits[4ee04582-2825-4055-a051-0465d62eb5ca:c1941, 97f5b9f0-d9ef-40b5-ba79-7414923e623f:c1939, 7d686585-d831-45bc-93fc-0a553b604b0e:c1939]
2019-07-08 23:04:57,194 INFO  client.GrpcClientProtocolClient (GrpcClientProtocolClient.java:onNext(255)) - client-CEF4D3493DC0->4ee04582-2825-4055-a051-0465d62eb5ca: receive RaftClientReply:client-CEF4D3493DC0->4ee04582-2825-4055-a051-0465d62eb5ca@group-78E0FE5F723E, cid=1346, SUCCESS, logIndex=1944, commits[4ee04582-2825-4055-a051-0465d62eb5ca:c1945, 97f5b9f0-d9ef-40b5-ba79-7414923e623f:c1943, 7d686585-d831-45bc-93fc-0a553b604b0e:c1943]
2019-07-08 23:04:57,194 INFO  client.GrpcClientProtocolClient (GrpcClientProtocolClient.java:onNext(255)) - client-CEF4D3493DC0->4ee04582-2825-4055-a051-0465d62eb5ca: receive RaftClientReply:client-CEF4D3493DC0->4ee04582-2825-4055-a051-0465d62eb5ca@group-78E0FE5F723E, cid=1347, SUCCESS, logIndex=1945, commits[4ee04582-2825-4055-a051-0465d62eb5ca:c1945, 97f5b9f0-d9ef-40b5-ba79-7414923e623f:c1943, 7d686585-d831-45bc-93fc-0a553b604b0e:c1943]
2019-07-08 23:04:57,198 INFO  client.GrpcClientProtocolClient (GrpcClientProtocolClient.java:onNext(255)) - client-CEF4D3493DC0->4ee04582-2825-4055-a051-0465d62eb5ca: receive RaftClientReply:client-CEF4D3493DC0->4ee04582-2825-4055-a051-0465d62eb5ca@group-78E0FE5F723E, cid=1348, SUCCESS, logIndex=0, commits[4ee04582-2825-4055-a051-0465d62eb5ca:c1947, 97f5b9f0-d9ef-40b5-ba79-7414923e623f:c1945, 7d686585-d831-45bc-93fc-0a553b604b0e:c1945]
2019-07-08 23:04:57,221 INFO  client.GrpcClientProtocolClient (GrpcClientProtocolClient.java:onNext(255)) - client-CEF4D3493DC0->4ee04582-2825-4055-a051-0465d62eb5ca: receive RaftClientReply:client-CEF4D3493DC0->4ee04582-2825-4055-a051-0465d62eb5ca@group-78E0FE5F723E, cid=1349, SUCCESS, logIndex=1948, commits[4ee04582-2825-4055-a051-0465d62eb5ca:c1949, 97f5b9f0-d9ef-40b5-ba79-7414923e623f:c1947, 7d686585-d831-45bc-93fc-0a553b604b0e:c1947]
2019-07-08 23:04:57,222 INFO  client.GrpcClientProtocolClient (GrpcClientProtocolClient.java:onNext(255)) - client-CEF4D3493DC0->4ee04582-2825-4055-a051-0465d62eb5ca: receive RaftClientReply:client-CEF4D3493DC0->4ee04582-2825-4055-a051-0465d62eb5ca@group-78E0FE5F723E, cid=1350, SUCCESS, logIndex=1949, commits[4ee04582-2825-4055-a051-0465d62eb5ca:c1949, 97f5b9f0-d9ef-40b5-ba79-7414923e623f:c1947, 7d686585-d831-45bc-93fc-0a553b604b0e:c1947]
2019-07-08 23:04:57,222 INFO  client.GrpcClientProtocolClient (GrpcClientProtocolClient.java:onNext(255)) - client-CEF4D3493DC0->4ee04582-2825-4055-a051-0465d62eb5ca: receive RaftClientReply:client-CEF4D3493DC0->4ee04582-2825-4055-a051-0465d62eb5ca@group-78E0FE5F723E, cid=1351, SUCCESS, logIndex=1950, commits[4ee04582-2825-4055-a051-0465d62eb5ca:c1951, 97f5b9f0-d9ef-40b5-ba79-7414923e623f:c1947, 7d686585-d831-45bc-93fc-0a553b604b0e:c1947]
2019-07-08 23:04:57,222 INFO  client.GrpcClientProtocolClient (GrpcClientProtocolClient.java:onNext(255)) - client-CEF4D3493DC0->4ee04582-2825-4055-a051-0465d62eb5ca: receive RaftClientReply:client-CEF4D3493DC0->4ee04582-2825-4055-a051-0465d62eb5ca@group-78E0FE5F723E, cid=1352, SUCCESS, logIndex=1951, commits[4ee04582-2825-4055-a051-0465d62eb5ca:c1951, 97f5b9f0-d9ef-40b5-ba79-7414923e623f:c1947, 7d686585-d831-45bc-93fc-0a553b604b0e:c1947]
2019-07-08 23:04:57,227 INFO  client.GrpcClientProtocolClient (GrpcClientProtocolClient.java:onNext(255)) - client-CEF4D3493DC0->4ee04582-2825-4055-a051-0465d62eb5ca: receive RaftClientReply:client-CEF4D3493DC0->4ee04582-2825-4055-a051-0465d62eb5ca@group-78E0FE5F723E, cid=1353, SUCCESS, logIndex=0, commits[4ee04582-2825-4055-a051-0465d62eb5ca:c1953, 97f5b9f0-d9ef-40b5-ba79-7414923e623f:c1949, 7d686585-d831-45bc-93fc-0a553b604b0e:c1949]
2019-07-08 23:04:57,239 INFO  client.GrpcClientProtocolClient (GrpcClientProtocolClient.java:onNext(255)) - client-CEF4D3493DC0->4ee04582-2825-4055-a051-0465d62eb5ca: receive RaftClientReply:client-CEF4D3493DC0->4ee04582-2825-4055-a051-0465d62eb5ca@group-78E0FE5F723E, cid=1354, SUCCESS, logIndex=1956, commits[4ee04582-2825-4055-a051-0465d62eb5ca:c1957, 97f5b9f0-d9ef-40b5-ba79-7414923e623f:c1955, 7d686585-d831-45bc-93fc-0a553b604b0e:c1951]
2019-07-08 23:04:57,239 INFO  client.GrpcClientProtocolClient (GrpcClientProtocolClient.java:onNext(255)) - client-CEF4D3493DC0->4ee04582-2825-4055-a051-0465d62eb5ca: receive RaftClientReply:client-CEF4D3493DC0->4ee04582-2825-4055-a051-0465d62eb5ca@group-78E0FE5F723E, cid=1355, SUCCESS, logIndex=1957, commits[4ee04582-2825-4055-a051-0465d62eb5ca:c1957, 97f5b9f0-d9ef-40b5-ba79-7414923e623f:c1955, 7d686585-d831-45bc-93fc-0a553b604b0e:c1951]
2019-07-08 23:04:57,251 INFO  client.GrpcClientProtocolClient (GrpcClientProtocolClient.java:onNext(255)) - client-CEF4D3493DC0->4ee04582-2825-4055-a051-0465d62eb5ca: receive RaftClientReply:client-CEF4D3493DC0->4ee04582-2825-4055-a051-0465d62eb5ca@group-78E0FE5F723E, cid=1356, SUCCESS, logIndex=1960, commits[4ee04582-2825-4055-a051-0465d62eb5ca:c1961, 97f5b9f0-d9ef-40b5-ba79-7414923e623f:c1959, 7d686585-d831-45bc-93fc-0a553b604b0e:c1957]
2019-07-08 23:04:57,251 INFO  client.GrpcClientProtocolClient (GrpcClientProtocolClient.java:onNext(255)) - client-CEF4D3493DC0->4ee04582-2825-4055-a051-0465d62eb5ca: receive RaftClientReply:client-CEF4D3493DC0->4ee04582-2825-4055-a051-0465d62eb5ca@group-78E0FE5F723E, cid=1357, SUCCESS, logIndex=1961, commits[4ee04582-2825-4055-a051-0465d62eb5ca:c1961, 97f5b9f0-d9ef-40b5-ba79-7414923e623f:c1959, 7d686585-d831-45bc-93fc-0a553b604b0e:c1959]
2019-07-08 23:04:57,253 INFO  client.GrpcClientProtocolClient (GrpcClientProtocolClient.java:onNext(255)) - client-CEF4D3493DC0->4ee04582-2825-4055-a051-0465d62eb5ca: receive RaftClientReply:client-CEF4D3493DC0->4ee04582-2825-4055-a051-0465d62eb5ca@group-78E0FE5F723E, cid=1358, SUCCESS, logIndex=0, commits[4ee04582-2825-4055-a051-0465d62eb5ca:c1962, 97f5b9f0-d9ef-40b5-ba79-7414923e623f:c1961, 7d686585-d831-45bc-93fc-0a553b604b0e:c1961]
2019-07-08 23:04:57,278 INFO  client.GrpcClientProtocolClient (GrpcClientProtocolClient.java:onNext(255)) - client-CEF4D3493DC0->4ee04582-2825-4055-a051-0465d62eb5ca: receive RaftClientReply:client-CEF4D3493DC0->4ee04582-2825-4055-a051-0465d62eb5ca@group-78E0FE5F723E, cid=1359, SUCCESS, logIndex=1964, commits[4ee04582-2825-4055-a051-0465d62eb5ca:c1965, 97f5b9f0-d9ef-40b5-ba79-7414923e623f:c1963, 7d686585-d831-45bc-93fc-0a553b604b0e:c1963]
2019-07-08 23:04:57,279 INFO  client.GrpcClientProtocolClient (GrpcClientProtocolClient.java:onNext(255)) - client-CEF4D3493DC0->4ee04582-2825-4055-a051-0465d62eb5ca: receive RaftClientReply:client-CEF4D3493DC0->4ee04582-2825-4055-a051-0465d62eb5ca@group-78E0FE5F723E, cid=1360, SUCCESS, logIndex=1965, commits[4ee04582-2825-4055-a051-0465d62eb5ca:c1965, 97f5b9f0-d9ef-40b5-ba79-7414923e623f:c1963, 7d686585-d831-45bc-93fc-0a553b604b0e:c1963]
2019-07-08 23:04:57,281 INFO  client.GrpcClientProtocolClient (GrpcClientProtocolClient.java:onNext(255)) - client-CEF4D3493DC0->4ee04582-2825-4055-a051-0465d62eb5ca: receive RaftClientReply:client-CEF4D3493DC0->4ee04582-2825-4055-a051-0465d62eb5ca@group-78E0FE5F723E, cid=1361, SUCCESS, logIndex=1966, commits[4ee04582-2825-4055-a051-0465d62eb5ca:c1966, 97f5b9f0-d9ef-40b5-ba79-7414923e623f:c1963, 7d686585-d831-45bc-93fc-0a553b604b0e:c1963]
2019-07-08 23:04:57,282 INFO  client.GrpcClientProtocolClient (GrpcClientProtocolClient.java:onNext(255)) - client-CEF4D3493DC0->4ee04582-2825-4055-a051-0465d62eb5ca: receive RaftClientReply:client-CEF4D3493DC0->4ee04582-2825-4055-a051-0465d62eb5ca@group-78E0FE5F723E, cid=1362, SUCCESS, logIndex=1967, commits[4ee04582-2825-4055-a051-0465d62eb5ca:c1967, 97f5b9f0-d9ef-40b5-ba79-7414923e623f:c1963, 7d686585-d831-45bc-93fc-0a553b604b0e:c1963]
2019-07-08 23:04:57,285 INFO  client.GrpcClientProtocolClient (GrpcClientProtocolClient.java:onNext(255)) - client-CEF4D3493DC0->4ee04582-2825-4055-a051-0465d62eb5ca: receive RaftClientReply:client-CEF4D3493DC0->4ee04582-2825-4055-a051-0465d62eb5ca@group-78E0FE5F723E, cid=1363, SUCCESS, logIndex=0, commits[4ee04582-2825-4055-a051-0465d62eb5ca:c1969, 97f5b9f0-d9ef-40b5-ba79-7414923e623f:c1965, 7d686585-d831-45bc-93fc-0a553b604b0e:c1965]
2019-07-08 23:04:57,300 INFO  client.GrpcClientProtocolClient (GrpcClientProtocolClient.java:onNext(255)) - client-CEF4D3493DC0->4ee04582-2825-4055-a051-0465d62eb5ca: receive RaftClientReply:client-CEF4D3493DC0->4ee04582-2825-4055-a051-0465d62eb5ca@group-78E0FE5F723E, cid=1364, SUCCESS, logIndex=1972, commits[4ee04582-2825-4055-a051-0465d62eb5ca:c1973, 97f5b9f0-d9ef-40b5-ba79-7414923e623f:c1969, 7d686585-d831-45bc-93fc-0a553b604b0e:c1969]
2019-07-08 23:04:57,300 INFO  client.GrpcClientProtocolClient (GrpcClientProtocolClient.java:onNext(255)) - client-CEF4D3493DC0->4ee04582-2825-4055-a051-0465d62eb5ca: receive RaftClientReply:client-CEF4D3493DC0->4ee04582-2825-4055-a051-0465d62eb5ca@group-78E0FE5F723E, cid=1365, SUCCESS, logIndex=1973, commits[4ee04582-2825-4055-a051-0465d62eb5ca:c1973, 97f5b9f0-d9ef-40b5-ba79-7414923e623f:c1969, 7d686585-d831-45bc-93fc-0a553b604b0e:c1969]
2019-07-08 23:04:57,317 INFO  client.GrpcClientProtocolClient (GrpcClientProtocolClient.java:onNext(255)) - client-CEF4D3493DC0->4ee04582-2825-4055-a051-0465d62eb5ca: receive RaftClientReply:client-CEF4D3493DC0->4ee04582-2825-4055-a051-0465d62eb5ca@group-78E0FE5F723E, cid=1366, SUCCESS, logIndex=1976, commits[4ee04582-2825-4055-a051-0465d62eb5ca:c1977, 97f5b9f0-d9ef-40b5-ba79-7414923e623f:c1974, 7d686585-d831-45bc-93fc-0a553b604b0e:c1974]
2019-07-08 23:04:57,318 INFO  client.GrpcClientProtocolClient (GrpcClientProtocolClient.java:onNext(255)) - client-CEF4D3493DC0->4ee04582-2825-4055-a051-0465d62eb5ca: receive RaftClientReply:client-CEF4D3493DC0->4ee04582-2825-4055-a051-0465d62eb5ca@group-78E0FE5F723E, cid=1367, SUCCESS, logIndex=1977, commits[4ee04582-2825-4055-a051-0465d62eb5ca:c1977, 97f5b9f0-d9ef-40b5-ba79-7414923e623f:c1974, 7d686585-d831-45bc-93fc-0a553b604b0e:c1974]
2019-07-08 23:04:57,324 INFO  client.GrpcClientProtocolClient (GrpcClientProtocolClient.java:onNext(255)) - client-CEF4D3493DC0->4ee04582-2825-4055-a051-0465d62eb5ca: receive RaftClientReply:client-CEF4D3493DC0->4ee04582-2825-4055-a051-0465d62eb5ca@group-78E0FE5F723E, cid=1368, SUCCESS, logIndex=0, commits[4ee04582-2825-4055-a051-0465d62eb5ca:c1979, 97f5b9f0-d9ef-40b5-ba79-7414923e623f:c1977, 7d686585-d831-45bc-93fc-0a553b604b0e:c1977]
2019-07-08 23:04:57,362 INFO  client.GrpcClientProtocolClient (GrpcClientProtocolClient.java:onNext(255)) - client-CEF4D3493DC0->4ee04582-2825-4055-a051-0465d62eb5ca: receive RaftClientReply:client-CEF4D3493DC0->4ee04582-2825-4055-a051-0465d62eb5ca@group-78E0FE5F723E, cid=1369, SUCCESS, logIndex=1980, commits[4ee04582-2825-4055-a051-0465d62eb5ca:c1983, 97f5b9f0-d9ef-40b5-ba79-7414923e623f:c1979, 7d686585-d831-45bc-93fc-0a553b604b0e:c1979]
2019-07-08 23:04:57,362 INFO  client.GrpcClientProtocolClient (GrpcClientProtocolClient.java:onNext(255)) - client-CEF4D3493DC0->4ee04582-2825-4055-a051-0465d62eb5ca: receive RaftClientReply:client-CEF4D3493DC0->4ee04582-2825-4055-a051-0465d62eb5ca@group-78E0FE5F723E, cid=1370, SUCCESS, logIndex=1981, commits[4ee04582-2825-4055-a051-0465d62eb5ca:c1983, 97f5b9f0-d9ef-40b5-ba79-7414923e623f:c1979, 7d686585-d831-45bc-93fc-0a553b604b0e:c1979]
2019-07-08 23:04:57,363 INFO  client.GrpcClientProtocolClient (GrpcClientProtocolClient.java:onNext(255)) - client-CEF4D3493DC0->4ee04582-2825-4055-a051-0465d62eb5ca: receive RaftClientReply:client-CEF4D3493DC0->4ee04582-2825-4055-a051-0465d62eb5ca@group-78E0FE5F723E, cid=1371, SUCCESS, logIndex=1982, commits[4ee04582-2825-4055-a051-0465d62eb5ca:c1983, 97f5b9f0-d9ef-40b5-ba79-7414923e623f:c1979, 7d686585-d831-45bc-93fc-0a553b604b0e:c1979]
2019-07-08 23:04:57,363 INFO  client.GrpcClientProtocolClient (GrpcClientProtocolClient.java:onNext(255)) - client-CEF4D3493DC0->4ee04582-2825-4055-a051-0465d62eb5ca: receive RaftClientReply:client-CEF4D3493DC0->4ee04582-2825-4055-a051-0465d62eb5ca@group-78E0FE5F723E, cid=1372, SUCCESS, logIndex=1983, commits[4ee04582-2825-4055-a051-0465d62eb5ca:c1983, 97f5b9f0-d9ef-40b5-ba79-7414923e623f:c1979, 7d686585-d831-45bc-93fc-0a553b604b0e:c1979]
2019-07-08 23:04:57,374 INFO  client.GrpcClientProtocolClient (GrpcClientProtocolClient.java:onNext(255)) - client-CEF4D3493DC0->4ee04582-2825-4055-a051-0465d62eb5ca: receive RaftClientReply:client-CEF4D3493DC0->4ee04582-2825-4055-a051-0465d62eb5ca@group-78E0FE5F723E, cid=1373, SUCCESS, logIndex=0, commits[4ee04582-2825-4055-a051-0465d62eb5ca:c1984, 97f5b9f0-d9ef-40b5-ba79-7414923e623f:c1982, 7d686585-d831-45bc-93fc-0a553b604b0e:c1982]
2019-07-08 23:04:57,384 INFO  client.GrpcClientProtocolClient (GrpcClientProtocolClient.java:onNext(255)) - client-CEF4D3493DC0->4ee04582-2825-4055-a051-0465d62eb5ca: receive RaftClientReply:client-CEF4D3493DC0->4ee04582-2825-4055-a051-0465d62eb5ca@group-78E0FE5F723E, cid=1374, SUCCESS, logIndex=1987, commits[4ee04582-2825-4055-a051-0465d62eb5ca:c1988, 97f5b9f0-d9ef-40b5-ba79-7414923e623f:c1983, 7d686585-d831-45bc-93fc-0a553b604b0e:c1986]
2019-07-08 23:04:57,385 INFO  client.GrpcClientProtocolClient (GrpcClientProtocolClient.java:onNext(255)) - client-CEF4D3493DC0->4ee04582-2825-4055-a051-0465d62eb5ca: receive RaftClientReply:client-CEF4D3493DC0->4ee04582-2825-4055-a051-0465d62eb5ca@group-78E0FE5F723E, cid=1375, SUCCESS, logIndex=1988, commits[4ee04582-2825-4055-a051-0465d62eb5ca:c1988, 97f5b9f0-d9ef-40b5-ba79-7414923e623f:c1986, 7d686585-d831-45bc-93fc-0a553b604b0e:c1986]
2019-07-08 23:04:57,396 INFO  client.GrpcClientProtocolClient (GrpcClientProtocolClient.java:onNext(255)) - client-CEF4D3493DC0->4ee04582-2825-4055-a051-0465d62eb5ca: receive RaftClientReply:client-CEF4D3493DC0->4ee04582-2825-4055-a051-0465d62eb5ca@group-78E0FE5F723E, cid=1376, SUCCESS, logIndex=1991, commits[4ee04582-2825-4055-a051-0465d62eb5ca:c1992, 97f5b9f0-d9ef-40b5-ba79-7414923e623f:c1990, 7d686585-d831-45bc-93fc-0a553b604b0e:c1988]
2019-07-08 23:04:57,396 INFO  client.GrpcClientProtocolClient (GrpcClientProtocolClient.java:onNext(255)) - client-CEF4D3493DC0->4ee04582-2825-4055-a051-0465d62eb5ca: receive RaftClientReply:client-CEF4D3493DC0->4ee04582-2825-4055-a051-0465d62eb5ca@group-78E0FE5F723E, cid=1377, SUCCESS, logIndex=1992, commits[4ee04582-2825-4055-a051-0465d62eb5ca:c1992, 97f5b9f0-d9ef-40b5-ba79-7414923e623f:c1990, 7d686585-d831-45bc-93fc-0a553b604b0e:c1990]
2019-07-08 23:04:57,399 INFO  client.GrpcClientProtocolClient (GrpcClientProtocolClient.java:onNext(255)) - client-CEF4D3493DC0->4ee04582-2825-4055-a051-0465d62eb5ca: receive RaftClientReply:client-CEF4D3493DC0->4ee04582-2825-4055-a051-0465d62eb5ca@group-78E0FE5F723E, cid=1378, SUCCESS, logIndex=0, commits[4ee04582-2825-4055-a051-0465d62eb5ca:c1993, 97f5b9f0-d9ef-40b5-ba79-7414923e623f:c1992, 7d686585-d831-45bc-93fc-0a553b604b0e:c1992]
2019-07-08 23:04:57,420 INFO  client.GrpcClientProtocolClient (GrpcClientProtocolClient.java:onNext(255)) - client-CEF4D3493DC0->4ee04582-2825-4055-a051-0465d62eb5ca: receive RaftClientReply:client-CEF4D3493DC0->4ee04582-2825-4055-a051-0465d62eb5ca@group-78E0FE5F723E, cid=1379, SUCCESS, logIndex=1995, commits[4ee04582-2825-4055-a051-0465d62eb5ca:c1996, 97f5b9f0-d9ef-40b5-ba79-7414923e623f:c1992, 7d686585-d831-45bc-93fc-0a553b604b0e:c1994]
2019-07-08 23:04:57,421 INFO  client.GrpcClientProtocolClient (GrpcClientProtocolClient.java:onNext(255)) - client-CEF4D3493DC0->4ee04582-2825-4055-a051-0465d62eb5ca: receive RaftClientReply:client-CEF4D3493DC0->4ee04582-2825-4055-a051-0465d62eb5ca@group-78E0FE5F723E, cid=1380, SUCCESS, logIndex=1996, commits[4ee04582-2825-4055-a051-0465d62eb5ca:c1996, 97f5b9f0-d9ef-40b5-ba79-7414923e623f:c1992, 7d686585-d831-45bc-93fc-0a553b604b0e:c1994]
2019-07-08 23:04:57,423 INFO  client.GrpcClientProtocolClient (GrpcClientProtocolClient.java:onNext(255)) - client-CEF4D3493DC0->4ee04582-2825-4055-a051-0465d62eb5ca: receive RaftClientReply:client-CEF4D3493DC0->4ee04582-2825-4055-a051-0465d62eb5ca@group-78E0FE5F723E, cid=1381, SUCCESS, logIndex=1997, commits[4ee04582-2825-4055-a051-0465d62eb5ca:c1998, 97f5b9f0-d9ef-40b5-ba79-7414923e623f:c1994, 7d686585-d831-45bc-93fc-0a553b604b0e:c1994]
2019-07-08 23:04:57,423 INFO  client.GrpcClientProtocolClient (GrpcClientProtocolClient.java:onNext(255)) - client-CEF4D3493DC0->4ee04582-2825-4055-a051-0465d62eb5ca: receive RaftClientReply:client-CEF4D3493DC0->4ee04582-2825-4055-a051-0465d62eb5ca@group-78E0FE5F723E, cid=1382, SUCCESS, logIndex=1998, commits[4ee04582-2825-4055-a051-0465d62eb5ca:c2000, 97f5b9f0-d9ef-40b5-ba79-7414923e623f:c1996, 7d686585-d831-45bc-93fc-0a553b604b0e:c1994]
2019-07-08 23:04:57,424 INFO  client.GrpcClientProtocolClient (GrpcClientProtocolClient.java:onNext(255)) - client-CEF4D3493DC0->4ee04582-2825-4055-a051-0465d62eb5ca: receive RaftClientReply:client-CEF4D3493DC0->4ee04582-2825-4055-a051-0465d62eb5ca@group-78E0FE5F723E, cid=1383, SUCCESS, logIndex=0, commits[4ee04582-2825-4055-a051-0465d62eb5ca:c2000, 97f5b9f0-d9ef-40b5-ba79-7414923e623f:c1996, 7d686585-d831-45bc-93fc-0a553b604b0e:c1996]
2019-07-08 23:04:57,434 INFO  client.GrpcClientProtocolClient (GrpcClientProtocolClient.java:onNext(255)) - client-CEF4D3493DC0->4ee04582-2825-4055-a051-0465d62eb5ca: receive RaftClientReply:client-CEF4D3493DC0->4ee04582-2825-4055-a051-0465d62eb5ca@group-78E0FE5F723E, cid=1384, SUCCESS, logIndex=2003, commits[4ee04582-2825-4055-a051-0465d62eb5ca:c2004, 97f5b9f0-d9ef-40b5-ba79-7414923e623f:c2002, 7d686585-d831-45bc-93fc-0a553b604b0e:c1998]
2019-07-08 23:04:57,434 INFO  client.GrpcClientProtocolClient (GrpcClientProtocolClient.java:onNext(255)) - client-CEF4D3493DC0->4ee04582-2825-4055-a051-0465d62eb5ca: receive RaftClientReply:client-CEF4D3493DC0->4ee04582-2825-4055-a051-0465d62eb5ca@group-78E0FE5F723E, cid=1385, SUCCESS, logIndex=2004, commits[4ee04582-2825-4055-a051-0465d62eb5ca:c2004, 97f5b9f0-d9ef-40b5-ba79-7414923e623f:c2002, 7d686585-d831-45bc-93fc-0a553b604b0e:c1998]
2019-07-08 23:04:57,443 INFO  client.GrpcClientProtocolClient (GrpcClientProtocolClient.java:onNext(255)) - client-CEF4D3493DC0->4ee04582-2825-4055-a051-0465d62eb5ca: receive RaftClientReply:client-CEF4D3493DC0->4ee04582-2825-4055-a051-0465d62eb5ca@group-78E0FE5F723E, cid=1386, SUCCESS, logIndex=2007, commits[4ee04582-2825-4055-a051-0465d62eb5ca:c2008, 97f5b9f0-d9ef-40b5-ba79-7414923e623f:c2006, 7d686585-d831-45bc-93fc-0a553b604b0e:c2004]
2019-07-08 23:04:57,444 INFO  client.GrpcClientProtocolClient (GrpcClientProtocolClient.java:onNext(255)) - client-CEF4D3493DC0->4ee04582-2825-4055-a051-0465d62eb5ca: receive RaftClientReply:client-CEF4D3493DC0->4ee04582-2825-4055-a051-0465d62eb5ca@group-78E0FE5F723E, cid=1387, SUCCESS, logIndex=2008, commits[4ee04582-2825-4055-a051-0465d62eb5ca:c2008, 97f5b9f0-d9ef-40b5-ba79-7414923e623f:c2006, 7d686585-d831-45bc-93fc-0a553b604b0e:c2006]
2019-07-08 23:04:57,445 INFO  client.GrpcClientProtocolClient (GrpcClientProtocolClient.java:onNext(255)) - client-CEF4D3493DC0->4ee04582-2825-4055-a051-0465d62eb5ca: receive RaftClientReply:client-CEF4D3493DC0->4ee04582-2825-4055-a051-0465d62eb5ca@group-78E0FE5F723E, cid=1388, SUCCESS, logIndex=0, commits[4ee04582-2825-4055-a051-0465d62eb5ca:c2009, 97f5b9f0-d9ef-40b5-ba79-7414923e623f:c2008, 7d686585-d831-45bc-93fc-0a553b604b0e:c2008]
2019-07-08 23:04:57,464 INFO  client.GrpcClientProtocolClient (GrpcClientProtocolClient.java:onNext(255)) - client-CEF4D3493DC0->4ee04582-2825-4055-a051-0465d62eb5ca: receive RaftClientReply:client-CEF4D3493DC0->4ee04582-2825-4055-a051-0465d62eb5ca@group-78E0FE5F723E, cid=1389, SUCCESS, logIndex=2011, commits[4ee04582-2825-4055-a051-0465d62eb5ca:c2012, 97f5b9f0-d9ef-40b5-ba79-7414923e623f:c2010, 7d686585-d831-45bc-93fc-0a553b604b0e:c2010]
2019-07-08 23:04:57,465 INFO  client.GrpcClientProtocolClient (GrpcClientProtocolClient.java:onNext(255)) - client-CEF4D3493DC0->4ee04582-2825-4055-a051-0465d62eb5ca: receive RaftClientReply:client-CEF4D3493DC0->4ee04582-2825-4055-a051-0465d62eb5ca@group-78E0FE5F723E, cid=1390, SUCCESS, logIndex=2012, commits[4ee04582-2825-4055-a051-0465d62eb5ca:c2012, 97f5b9f0-d9ef-40b5-ba79-7414923e623f:c2010, 7d686585-d831-45bc-93fc-0a553b604b0e:c2010]
2019-07-08 23:04:57,466 INFO  client.GrpcClientProtocolClient (GrpcClientProtocolClient.java:onNext(255)) - client-CEF4D3493DC0->4ee04582-2825-4055-a051-0465d62eb5ca: receive RaftClientReply:client-CEF4D3493DC0->4ee04582-2825-4055-a051-0465d62eb5ca@group-78E0FE5F723E, cid=1391, SUCCESS, logIndex=2013, commits[4ee04582-2825-4055-a051-0465d62eb5ca:c2015, 97f5b9f0-d9ef-40b5-ba79-7414923e623f:c2012, 7d686585-d831-45bc-93fc-0a553b604b0e:c2010]
2019-07-08 23:04:57,466 INFO  client.GrpcClientProtocolClient (GrpcClientProtocolClient.java:onNext(255)) - client-CEF4D3493DC0->4ee04582-2825-4055-a051-0465d62eb5ca: receive RaftClientReply:client-CEF4D3493DC0->4ee04582-2825-4055-a051-0465d62eb5ca@group-78E0FE5F723E, cid=1392, SUCCESS, logIndex=2014, commits[4ee04582-2825-4055-a051-0465d62eb5ca:c2015, 97f5b9f0-d9ef-40b5-ba79-7414923e623f:c2012, 7d686585-d831-45bc-93fc-0a553b604b0e:c2010]
2019-07-08 23:04:57,467 INFO  client.GrpcClientProtocolClient (GrpcClientProtocolClient.java:onNext(255)) - client-CEF4D3493DC0->4ee04582-2825-4055-a051-0465d62eb5ca: receive RaftClientReply:client-CEF4D3493DC0->4ee04582-2825-4055-a051-0465d62eb5ca@group-78E0FE5F723E, cid=1393, SUCCESS, logIndex=0, commits[4ee04582-2825-4055-a051-0465d62eb5ca:c2018, 97f5b9f0-d9ef-40b5-ba79-7414923e623f:c2012, 7d686585-d831-45bc-93fc-0a553b604b0e:c2014]
2019-07-08 23:04:57,481 INFO  client.GrpcClientProtocolClient (GrpcClientProtocolClient.java:onNext(255)) - client-CEF4D3493DC0->4ee04582-2825-4055-a051-0465d62eb5ca: receive RaftClientReply:client-CEF4D3493DC0->4ee04582-2825-4055-a051-0465d62eb5ca@group-78E0FE5F723E, cid=1394, SUCCESS, logIndex=2019, commits[4ee04582-2825-4055-a051-0465d62eb5ca:c2020, 97f5b9f0-d9ef-40b5-ba79-7414923e623f:c2018, 7d686585-d831-45bc-93fc-0a553b604b0e:c2018]
2019-07-08 23:04:57,482 INFO  client.GrpcClientProtocolClient (GrpcClientProtocolClient.java:onNext(255)) - client-CEF4D3493DC0->4ee04582-2825-4055-a051-0465d62eb5ca: receive RaftClientReply:client-CEF4D3493DC0->4ee04582-2825-4055-a051-0465d62eb5ca@group-78E0FE5F723E, cid=1395, SUCCESS, logIndex=2020, commits[4ee04582-2825-4055-a051-0465d62eb5ca:c2020, 97f5b9f0-d9ef-40b5-ba79-7414923e623f:c2018, 7d686585-d831-45bc-93fc-0a553b604b0e:c2018]
2019-07-08 23:04:57,592 INFO  client.GrpcClientProtocolClient (GrpcClientProtocolClient.java:onNext(255)) - client-CEF4D3493DC0->4ee04582-2825-4055-a051-0465d62eb5ca: receive RaftClientReply:client-CEF4D3493DC0->4ee04582-2825-4055-a051-0465d62eb5ca@group-78E0FE5F723E, cid=1396, SUCCESS, logIndex=2023, commits[4ee04582-2825-4055-a051-0465d62eb5ca:c2024, 97f5b9f0-d9ef-40b5-ba79-7414923e623f:c2020, 7d686585-d831-45bc-93fc-0a553b604b0e:c2021]
2019-07-08 23:04:57,593 INFO  client.GrpcClientProtocolClient (GrpcClientProtocolClient.java:onNext(255)) - client-CEF4D3493DC0->4ee04582-2825-4055-a051-0465d62eb5ca: receive RaftClientReply:client-CEF4D3493DC0->4ee04582-2825-4055-a051-0465d62eb5ca@group-78E0FE5F723E, cid=1397, SUCCESS, logIndex=2024, commits[4ee04582-2825-4055-a051-0465d62eb5ca:c2024, 97f5b9f0-d9ef-40b5-ba79-7414923e623f:c2020, 7d686585-d831-45bc-93fc-0a553b604b0e:c2021]
2019-07-08 23:04:57,595 INFO  client.GrpcClientProtocolClient (GrpcClientProtocolClient.java:onNext(255)) - client-CEF4D3493DC0->4ee04582-2825-4055-a051-0465d62eb5ca: receive RaftClientReply:client-CEF4D3493DC0->4ee04582-2825-4055-a051-0465d62eb5ca@group-78E0FE5F723E, cid=1398, SUCCESS, logIndex=0, commits[4ee04582-2825-4055-a051-0465d62eb5ca:c2025, 97f5b9f0-d9ef-40b5-ba79-7414923e623f:c2024, 7d686585-d831-45bc-93fc-0a553b604b0e:c2024]
2019-07-08 23:04:57,620 INFO  client.GrpcClientProtocolClient (GrpcClientProtocolClient.java:onNext(255)) - client-CEF4D3493DC0->4ee04582-2825-4055-a051-0465d62eb5ca: receive RaftClientReply:client-CEF4D3493DC0->4ee04582-2825-4055-a051-0465d62eb5ca@group-78E0FE5F723E, cid=1399, SUCCESS, logIndex=2027, commits[4ee04582-2825-4055-a051-0465d62eb5ca:c2028, 97f5b9f0-d9ef-40b5-ba79-7414923e623f:c2026, 7d686585-d831-45bc-93fc-0a553b604b0e:c2024]
2019-07-08 23:04:57,622 INFO  client.GrpcClientProtocolClient (GrpcClientProtocolClient.java:onNext(255)) - client-CEF4D3493DC0->4ee04582-2825-4055-a051-0465d62eb5ca: receive RaftClientReply:client-CEF4D3493DC0->4ee04582-2825-4055-a051-0465d62eb5ca@group-78E0FE5F723E, cid=1400, SUCCESS, logIndex=2028, commits[4ee04582-2825-4055-a051-0465d62eb5ca:c2028, 97f5b9f0-d9ef-40b5-ba79-7414923e623f:c2026, 7d686585-d831-45bc-93fc-0a553b604b0e:c2026]
2019-07-08 23:04:57,623 INFO  client.GrpcClientProtocolClient (GrpcClientProtocolClient.java:onNext(255)) - client-CEF4D3493DC0->4ee04582-2825-4055-a051-0465d62eb5ca: receive RaftClientReply:client-CEF4D3493DC0->4ee04582-2825-4055-a051-0465d62eb5ca@group-78E0FE5F723E, cid=1401, SUCCESS, logIndex=2029, commits[4ee04582-2825-4055-a051-0465d62eb5ca:c2031, 97f5b9f0-d9ef-40b5-ba79-7414923e623f:c2027, 7d686585-d831-45bc-93fc-0a553b604b0e:c2026]
2019-07-08 23:04:57,623 INFO  client.GrpcClientProtocolClient (GrpcClientProtocolClient.java:onNext(255)) - client-CEF4D3493DC0->4ee04582-2825-4055-a051-0465d62eb5ca: receive RaftClientReply:client-CEF4D3493DC0->4ee04582-2825-4055-a051-0465d62eb5ca@group-78E0FE5F723E, cid=1402, SUCCESS, logIndex=2030, commits[4ee04582-2825-4055-a051-0465d62eb5ca:c2032, 97f5b9f0-d9ef-40b5-ba79-7414923e623f:c2028, 7d686585-d831-45bc-93fc-0a553b604b0e:c2026]
2019-07-08 23:04:57,624 INFO  client.GrpcClientProtocolClient (GrpcClientProtocolClient.java:onNext(255)) - client-CEF4D3493DC0->4ee04582-2825-4055-a051-0465d62eb5ca: receive RaftClientReply:client-CEF4D3493DC0->4ee04582-2825-4055-a051-0465d62eb5ca@group-78E0FE5F723E, cid=1403, SUCCESS, logIndex=0, commits[4ee04582-2825-4055-a051-0465d62eb5ca:c2032, 97f5b9f0-d9ef-40b5-ba79-7414923e623f:c2028, 7d686585-d831-45bc-93fc-0a553b604b0e:c2028]
2019-07-08 23:04:57,639 INFO  client.GrpcClientProtocolClient (GrpcClientProtocolClient.java:onNext(255)) - client-CEF4D3493DC0->4ee04582-2825-4055-a051-0465d62eb5ca: receive RaftClientReply:client-CEF4D3493DC0->4ee04582-2825-4055-a051-0465d62eb5ca@group-78E0FE5F723E, cid=1404, SUCCESS, logIndex=2035, commits[4ee04582-2825-4055-a051-0465d62eb5ca:c2036, 97f5b9f0-d9ef-40b5-ba79-7414923e623f:c2034, 7d686585-d831-45bc-93fc-0a553b604b0e:c2031]
2019-07-08 23:04:57,639 INFO  client.GrpcClientProtocolClient (GrpcClientProtocolClient.java:onNext(255)) - client-CEF4D3493DC0->4ee04582-2825-4055-a051-0465d62eb5ca: receive RaftClientReply:client-CEF4D3493DC0->4ee04582-2825-4055-a051-0465d62eb5ca@group-78E0FE5F723E, cid=1405, SUCCESS, logIndex=2036, commits[4ee04582-2825-4055-a051-0465d62eb5ca:c2036, 97f5b9f0-d9ef-40b5-ba79-7414923e623f:c2034, 7d686585-d831-45bc-93fc-0a553b604b0e:c2034]
2019-07-08 23:04:57,652 INFO  client.GrpcClientProtocolClient (GrpcClientProtocolClient.java:onNext(255)) - client-CEF4D3493DC0->4ee04582-2825-4055-a051-0465d62eb5ca: receive RaftClientReply:client-CEF4D3493DC0->4ee04582-2825-4055-a051-0465d62eb5ca@group-78E0FE5F723E, cid=1406, SUCCESS, logIndex=2039, commits[4ee04582-2825-4055-a051-0465d62eb5ca:c2040, 97f5b9f0-d9ef-40b5-ba79-7414923e623f:c2038, 7d686585-d831-45bc-93fc-0a553b604b0e:c2036]
2019-07-08 23:04:57,652 INFO  client.GrpcClientProtocolClient (GrpcClientProtocolClient.java:onNext(255)) - client-CEF4D3493DC0->4ee04582-2825-4055-a051-0465d62eb5ca: receive RaftClientReply:client-CEF4D3493DC0->4ee04582-2825-4055-a051-0465d62eb5ca@group-78E0FE5F723E, cid=1407, SUCCESS, logIndex=2040, commits[4ee04582-2825-4055-a051-0465d62eb5ca:c2040, 97f5b9f0-d9ef-40b5-ba79-7414923e623f:c2038, 7d686585-d831-45bc-93fc-0a553b604b0e:c2036]
2019-07-08 23:04:57,654 INFO  client.GrpcClientProtocolClient (GrpcClientProtocolClient.java:onNext(255)) - client-CEF4D3493DC0->4ee04582-2825-4055-a051-0465d62eb5ca: receive RaftClientReply:client-CEF4D3493DC0->4ee04582-2825-4055-a051-0465d62eb5ca@group-78E0FE5F723E, cid=1408, SUCCESS, logIndex=0, commits[4ee04582-2825-4055-a051-0465d62eb5ca:c2041, 97f5b9f0-d9ef-40b5-ba79-7414923e623f:c2040, 7d686585-d831-45bc-93fc-0a553b604b0e:c2040]
2019-07-08 23:04:57,680 INFO  client.GrpcClientProtocolClient (GrpcClientProtocolClient.java:onNext(255)) - client-CEF4D3493DC0->4ee04582-2825-4055-a051-0465d62eb5ca: receive RaftClientReply:client-CEF4D3493DC0->4ee04582-2825-4055-a051-0465d62eb5ca@group-78E0FE5F723E, cid=1409, SUCCESS, logIndex=2043, commits[4ee04582-2825-4055-a051-0465d62eb5ca:c2044, 97f5b9f0-d9ef-40b5-ba79-7414923e623f:c2042, 7d686585-d831-45bc-93fc-0a553b604b0e:c2042]
2019-07-08 23:04:57,681 INFO  client.GrpcClientProtocolClient (GrpcClientProtocolClient.java:onNext(255)) - client-CEF4D3493DC0->4ee04582-2825-4055-a051-0465d62eb5ca: receive RaftClientReply:client-CEF4D3493DC0->4ee04582-2825-4055-a051-0465d62eb5ca@group-78E0FE5F723E, cid=1410, SUCCESS, logIndex=2044, commits[4ee04582-2825-4055-a051-0465d62eb5ca:c2044, 97f5b9f0-d9ef-40b5-ba79-7414923e623f:c2042, 7d686585-d831-45bc-93fc-0a553b604b0e:c2042]
2019-07-08 23:04:57,682 INFO  client.GrpcClientProtocolClient (GrpcClientProtocolClient.java:onNext(255)) - client-CEF4D3493DC0->4ee04582-2825-4055-a051-0465d62eb5ca: receive RaftClientReply:client-CEF4D3493DC0->4ee04582-2825-4055-a051-0465d62eb5ca@group-78E0FE5F723E, cid=1411, SUCCESS, logIndex=2045, commits[4ee04582-2825-4055-a051-0465d62eb5ca:c2046, 97f5b9f0-d9ef-40b5-ba79-7414923e623f:c2042, 7d686585-d831-45bc-93fc-0a553b604b0e:c2042]
2019-07-08 23:04:57,682 INFO  client.GrpcClientProtocolClient (GrpcClientProtocolClient.java:onNext(255)) - client-CEF4D3493DC0->4ee04582-2825-4055-a051-0465d62eb5ca: receive RaftClientReply:client-CEF4D3493DC0->4ee04582-2825-4055-a051-0465d62eb5ca@group-78E0FE5F723E, cid=1412, SUCCESS, logIndex=2046, commits[4ee04582-2825-4055-a051-0465d62eb5ca:c2046, 97f5b9f0-d9ef-40b5-ba79-7414923e623f:c2042, 7d686585-d831-45bc-93fc-0a553b604b0e:c2042]
2019-07-08 23:04:57,686 INFO  client.GrpcClientProtocolClient (GrpcClientProtocolClient.java:onNext(255)) - client-CEF4D3493DC0->4ee04582-2825-4055-a051-0465d62eb5ca: receive RaftClientReply:client-CEF4D3493DC0->4ee04582-2825-4055-a051-0465d62eb5ca@group-78E0FE5F723E, cid=1413, SUCCESS, logIndex=0, commits[4ee04582-2825-4055-a051-0465d62eb5ca:c2048, 97f5b9f0-d9ef-40b5-ba79-7414923e623f:c2044, 7d686585-d831-45bc-93fc-0a553b604b0e:c2044]
2019-07-08 23:04:57,699 INFO  client.GrpcClientProtocolClient (GrpcClientProtocolClient.java:onNext(255)) - client-CEF4D3493DC0->4ee04582-2825-4055-a051-0465d62eb5ca: receive RaftClientReply:client-CEF4D3493DC0->4ee04582-2825-4055-a051-0465d62eb5ca@group-78E0FE5F723E, cid=1414, SUCCESS, logIndex=2051, commits[4ee04582-2825-4055-a051-0465d62eb5ca:c2052, 97f5b9f0-d9ef-40b5-ba79-7414923e623f:c2050, 7d686585-d831-45bc-93fc-0a553b604b0e:c2046]
2019-07-08 23:04:57,699 INFO  client.GrpcClientProtocolClient (GrpcClientProtocolClient.java:onNext(255)) - client-CEF4D3493DC0->4ee04582-2825-4055-a051-0465d62eb5ca: receive RaftClientReply:client-CEF4D3493DC0->4ee04582-2825-4055-a051-0465d62eb5ca@group-78E0FE5F723E, cid=1415, SUCCESS, logIndex=2052, commits[4ee04582-2825-4055-a051-0465d62eb5ca:c2052, 97f5b9f0-d9ef-40b5-ba79-7414923e623f:c2050, 7d686585-d831-45bc-93fc-0a553b604b0e:c2050]
2019-07-08 23:04:57,720 INFO  client.GrpcClientProtocolClient (GrpcClientProtocolClient.java:onNext(255)) - client-CEF4D3493DC0->4ee04582-2825-4055-a051-0465d62eb5ca: receive RaftClientReply:client-CEF4D3493DC0->4ee04582-2825-4055-a051-0465d62eb5ca@group-78E0FE5F723E, cid=1416, SUCCESS, logIndex=2055, commits[4ee04582-2825-4055-a051-0465d62eb5ca:c2056, 97f5b9f0-d9ef-40b5-ba79-7414923e623f:c2054, 7d686585-d831-45bc-93fc-0a553b604b0e:c2054]
2019-07-08 23:04:57,720 INFO  client.GrpcClientProtocolClient (GrpcClientProtocolClient.java:onNext(255)) - client-CEF4D3493DC0->4ee04582-2825-4055-a051-0465d62eb5ca: receive RaftClientReply:client-CEF4D3493DC0->4ee04582-2825-4055-a051-0465d62eb5ca@group-78E0FE5F723E, cid=1417, SUCCESS, logIndex=2056, commits[4ee04582-2825-4055-a051-0465d62eb5ca:c2056, 97f5b9f0-d9ef-40b5-ba79-7414923e623f:c2054, 7d686585-d831-45bc-93fc-0a553b604b0e:c2054]
2019-07-08 23:04:57,723 INFO  client.GrpcClientProtocolClient (GrpcClientProtocolClient.java:onNext(255)) - client-CEF4D3493DC0->4ee04582-2825-4055-a051-0465d62eb5ca: receive RaftClientReply:client-CEF4D3493DC0->4ee04582-2825-4055-a051-0465d62eb5ca@group-78E0FE5F723E, cid=1418, SUCCESS, logIndex=0, commits[4ee04582-2825-4055-a051-0465d62eb5ca:c2057, 97f5b9f0-d9ef-40b5-ba79-7414923e623f:c2056, 7d686585-d831-45bc-93fc-0a553b604b0e:c2056]
2019-07-08 23:04:57,746 INFO  client.GrpcClientProtocolClient (GrpcClientProtocolClient.java:onNext(255)) - client-CEF4D3493DC0->4ee04582-2825-4055-a051-0465d62eb5ca: receive RaftClientReply:client-CEF4D3493DC0->4ee04582-2825-4055-a051-0465d62eb5ca@group-78E0FE5F723E, cid=1419, SUCCESS, logIndex=2059, commits[4ee04582-2825-4055-a051-0465d62eb5ca:c2060, 97f5b9f0-d9ef-40b5-ba79-7414923e623f:c2056, 7d686585-d831-45bc-93fc-0a553b604b0e:c2058]
2019-07-08 23:04:57,747 INFO  client.GrpcClientProtocolClient (GrpcClientProtocolClient.java:onNext(255)) - client-CEF4D3493DC0->4ee04582-2825-4055-a051-0465d62eb5ca: receive RaftClientReply:client-CEF4D3493DC0->4ee04582-2825-4055-a051-0465d62eb5ca@group-78E0FE5F723E, cid=1420, SUCCESS, logIndex=2060, commits[4ee04582-2825-4055-a051-0465d62eb5ca:c2060, 97f5b9f0-d9ef-40b5-ba79-7414923e623f:c2056, 7d686585-d831-45bc-93fc-0a553b604b0e:c2058]
2019-07-08 23:04:57,750 INFO  client.GrpcClientProtocolClient (GrpcClientProtocolClient.java:onNext(255)) - client-CEF4D3493DC0->4ee04582-2825-4055-a051-0465d62eb5ca: receive RaftClientReply:client-CEF4D3493DC0->4ee04582-2825-4055-a051-0465d62eb5ca@group-78E0FE5F723E, cid=1421, SUCCESS, logIndex=2061, commits[4ee04582-2825-4055-a051-0465d62eb5ca:c2062, 97f5b9f0-d9ef-40b5-ba79-7414923e623f:c2058, 7d686585-d831-45bc-93fc-0a553b604b0e:c2058]
2019-07-08 23:04:57,750 INFO  client.GrpcClientProtocolClient (GrpcClientProtocolClient.java:onNext(255)) - client-CEF4D3493DC0->4ee04582-2825-4055-a051-0465d62eb5ca: receive RaftClientReply:client-CEF4D3493DC0->4ee04582-2825-4055-a051-0465d62eb5ca@group-78E0FE5F723E, cid=1422, SUCCESS, logIndex=2062, commits[4ee04582-2825-4055-a051-0465d62eb5ca:c2063, 97f5b9f0-d9ef-40b5-ba79-7414923e623f:c2060, 7d686585-d831-45bc-93fc-0a553b604b0e:c2060]
2019-07-08 23:04:57,764 INFO  client.GrpcClientProtocolClient (GrpcClientProtocolClient.java:onNext(255)) - client-CEF4D3493DC0->4ee04582-2825-4055-a051-0465d62eb5ca: receive RaftClientReply:client-CEF4D3493DC0->4ee04582-2825-4055-a051-0465d62eb5ca@group-78E0FE5F723E, cid=1423, SUCCESS, logIndex=2067, commits[4ee04582-2825-4055-a051-0465d62eb5ca:c2068, 97f5b9f0-d9ef-40b5-ba79-7414923e623f:c2066, 7d686585-d831-45bc-93fc-0a553b604b0e:c2066]
2019-07-08 23:04:57,764 INFO  client.GrpcClientProtocolClient (GrpcClientProtocolClient.java:onNext(255)) - client-CEF4D3493DC0->4ee04582-2825-4055-a051-0465d62eb5ca: receive RaftClientReply:client-CEF4D3493DC0->4ee04582-2825-4055-a051-0465d62eb5ca@group-78E0FE5F723E, cid=1424, SUCCESS, logIndex=2068, commits[4ee04582-2825-4055-a051-0465d62eb5ca:c2068, 97f5b9f0-d9ef-40b5-ba79-7414923e623f:c2066, 7d686585-d831-45bc-93fc-0a553b604b0e:c2066]
2019-07-08 23:04:57,777 INFO  client.GrpcClientProtocolClient (GrpcClientProtocolClient.java:onNext(255)) - client-CEF4D3493DC0->4ee04582-2825-4055-a051-0465d62eb5ca: receive RaftClientReply:client-CEF4D3493DC0->4ee04582-2825-4055-a051-0465d62eb5ca@group-78E0FE5F723E, cid=1425, SUCCESS, logIndex=2071, commits[4ee04582-2825-4055-a051-0465d62eb5ca:c2072, 97f5b9f0-d9ef-40b5-ba79-7414923e623f:c2068, 7d686585-d831-45bc-93fc-0a553b604b0e:c2070]
2019-07-08 23:04:57,778 INFO  client.GrpcClientProtocolClient (GrpcClientProtocolClient.java:onNext(255)) - client-CEF4D3493DC0->4ee04582-2825-4055-a051-0465d62eb5ca: receive RaftClientReply:client-CEF4D3493DC0->4ee04582-2825-4055-a051-0465d62eb5ca@group-78E0FE5F723E, cid=1426, SUCCESS, logIndex=2072, commits[4ee04582-2825-4055-a051-0465d62eb5ca:c2072, 97f5b9f0-d9ef-40b5-ba79-7414923e623f:c2070, 7d686585-d831-45bc-93fc-0a553b604b0e:c2070]
2019-07-08 23:04:57,779 INFO  client.GrpcClientProtocolClient (GrpcClientProtocolClient.java:onNext(255)) - client-CEF4D3493DC0->4ee04582-2825-4055-a051-0465d62eb5ca: receive RaftClientReply:client-CEF4D3493DC0->4ee04582-2825-4055-a051-0465d62eb5ca@group-78E0FE5F723E, cid=1427, SUCCESS, logIndex=0, commits[4ee04582-2825-4055-a051-0465d62eb5ca:c2073, 97f5b9f0-d9ef-40b5-ba79-7414923e623f:c2072, 7d686585-d831-45bc-93fc-0a553b604b0e:c2072]
2019-07-08 23:04:57,802 INFO  client.GrpcClientProtocolClient (GrpcClientProtocolClient.java:onNext(255)) - client-CEF4D3493DC0->4ee04582-2825-4055-a051-0465d62eb5ca: receive RaftClientReply:client-CEF4D3493DC0->4ee04582-2825-4055-a051-0465d62eb5ca@group-78E0FE5F723E, cid=1428, SUCCESS, logIndex=2075, commits[4ee04582-2825-4055-a051-0465d62eb5ca:c2076, 97f5b9f0-d9ef-40b5-ba79-7414923e623f:c2074, 7d686585-d831-45bc-93fc-0a553b604b0e:c2072]
2019-07-08 23:04:57,802 INFO  client.GrpcClientProtocolClient (GrpcClientProtocolClient.java:onNext(255)) - client-CEF4D3493DC0->4ee04582-2825-4055-a051-0465d62eb5ca: receive RaftClientReply:client-CEF4D3493DC0->4ee04582-2825-4055-a051-0465d62eb5ca@group-78E0FE5F723E, cid=1429, SUCCESS, logIndex=2076, commits[4ee04582-2825-4055-a051-0465d62eb5ca:c2076, 97f5b9f0-d9ef-40b5-ba79-7414923e623f:c2074, 7d686585-d831-45bc-93fc-0a553b604b0e:c2074]
2019-07-08 23:04:57,803 INFO  client.GrpcClientProtocolClient (GrpcClientProtocolClient.java:onNext(255)) - client-CEF4D3493DC0->4ee04582-2825-4055-a051-0465d62eb5ca: receive RaftClientReply:client-CEF4D3493DC0->4ee04582-2825-4055-a051-0465d62eb5ca@group-78E0FE5F723E, cid=1430, SUCCESS, logIndex=2077, commits[4ee04582-2825-4055-a051-0465d62eb5ca:c2078, 97f5b9f0-d9ef-40b5-ba79-7414923e623f:c2074, 7d686585-d831-45bc-93fc-0a553b604b0e:c2074]
2019-07-08 23:04:57,803 INFO  client.GrpcClientProtocolClient (GrpcClientProtocolClient.java:onNext(255)) - client-CEF4D3493DC0->4ee04582-2825-4055-a051-0465d62eb5ca: receive RaftClientReply:client-CEF4D3493DC0->4ee04582-2825-4055-a051-0465d62eb5ca@group-78E0FE5F723E, cid=1431, SUCCESS, logIndex=2078, commits[4ee04582-2825-4055-a051-0465d62eb5ca:c2078, 97f5b9f0-d9ef-40b5-ba79-7414923e623f:c2074, 7d686585-d831-45bc-93fc-0a553b604b0e:c2074]
2019-07-08 23:04:57,807 INFO  client.GrpcClientProtocolClient (GrpcClientProtocolClient.java:onNext(255)) - client-CEF4D3493DC0->4ee04582-2825-4055-a051-0465d62eb5ca: receive RaftClientReply:client-CEF4D3493DC0->4ee04582-2825-4055-a051-0465d62eb5ca@group-78E0FE5F723E, cid=1432, SUCCESS, logIndex=0, commits[4ee04582-2825-4055-a051-0465d62eb5ca:c2079, 97f5b9f0-d9ef-40b5-ba79-7414923e623f:c2076, 7d686585-d831-45bc-93fc-0a553b604b0e:c2076]
2019-07-08 23:04:57,819 INFO  client.GrpcClientProtocolClient (GrpcClientProtocolClient.java:onNext(255)) - client-CEF4D3493DC0->4ee04582-2825-4055-a051-0465d62eb5ca: receive RaftClientReply:client-CEF4D3493DC0->4ee04582-2825-4055-a051-0465d62eb5ca@group-78E0FE5F723E, cid=1433, SUCCESS, logIndex=2082, commits[4ee04582-2825-4055-a051-0465d62eb5ca:c2083, 97f5b9f0-d9ef-40b5-ba79-7414923e623f:c2081, 7d686585-d831-45bc-93fc-0a553b604b0e:c2081]
2019-07-08 23:04:57,820 INFO  client.GrpcClientProtocolClient (GrpcClientProtocolClient.java:onNext(255)) - client-CEF4D3493DC0->4ee04582-2825-4055-a051-0465d62eb5ca: receive RaftClientReply:client-CEF4D3493DC0->4ee04582-2825-4055-a051-0465d62eb5ca@group-78E0FE5F723E, cid=1434, SUCCESS, logIndex=2083, commits[4ee04582-2825-4055-a051-0465d62eb5ca:c2083, 97f5b9f0-d9ef-40b5-ba79-7414923e623f:c2081, 7d686585-d831-45bc-93fc-0a553b604b0e:c2081]
2019-07-08 23:04:57,832 INFO  client.GrpcClientProtocolClient (GrpcClientProtocolClient.java:onNext(255)) - client-CEF4D3493DC0->4ee04582-2825-4055-a051-0465d62eb5ca: receive RaftClientReply:client-CEF4D3493DC0->4ee04582-2825-4055-a051-0465d62eb5ca@group-78E0FE5F723E, cid=1435, SUCCESS, logIndex=2086, commits[4ee04582-2825-4055-a051-0465d62eb5ca:c2087, 97f5b9f0-d9ef-40b5-ba79-7414923e623f:c2085, 7d686585-d831-45bc-93fc-0a553b604b0e:c2083]
2019-07-08 23:04:57,832 INFO  client.GrpcClientProtocolClient (GrpcClientProtocolClient.java:onNext(255)) - client-CEF4D3493DC0->4ee04582-2825-4055-a051-0465d62eb5ca: receive RaftClientReply:client-CEF4D3493DC0->4ee04582-2825-4055-a051-0465d62eb5ca@group-78E0FE5F723E, cid=1436, SUCCESS, logIndex=2087, commits[4ee04582-2825-4055-a051-0465d62eb5ca:c2087, 97f5b9f0-d9ef-40b5-ba79-7414923e623f:c2085, 7d686585-d831-45bc-93fc-0a553b604b0e:c2085]
2019-07-08 23:04:57,835 INFO  client.GrpcClientProtocolClient (GrpcClientProtocolClient.java:onNext(255)) - client-CEF4D3493DC0->4ee04582-2825-4055-a051-0465d62eb5ca: receive RaftClientReply:client-CEF4D3493DC0->4ee04582-2825-4055-a051-0465d62eb5ca@group-78E0FE5F723E, cid=1437, SUCCESS, logIndex=0, commits[4ee04582-2825-4055-a051-0465d62eb5ca:c2088, 97f5b9f0-d9ef-40b5-ba79-7414923e623f:c2087, 7d686585-d831-45bc-93fc-0a553b604b0e:c2087]
2019-07-08 23:04:57,862 INFO  client.GrpcClientProtocolClient (GrpcClientProtocolClient.java:onNext(255)) - client-CEF4D3493DC0->4ee04582-2825-4055-a051-0465d62eb5ca: receive RaftClientReply:client-CEF4D3493DC0->4ee04582-2825-4055-a051-0465d62eb5ca@group-78E0FE5F723E, cid=1438, SUCCESS, logIndex=2090, commits[4ee04582-2825-4055-a051-0465d62eb5ca:c2091, 97f5b9f0-d9ef-40b5-ba79-7414923e623f:c2089, 7d686585-d831-45bc-93fc-0a553b604b0e:c2089]
2019-07-08 23:04:57,862 INFO  client.GrpcClientProtocolClient (GrpcClientProtocolClient.java:onNext(255)) - client-CEF4D3493DC0->4ee04582-2825-4055-a051-0465d62eb5ca: receive RaftClientReply:client-CEF4D3493DC0->4ee04582-2825-4055-a051-0465d62eb5ca@group-78E0FE5F723E, cid=1439, SUCCESS, logIndex=2091, commits[4ee04582-2825-4055-a051-0465d62eb5ca:c2093, 97f5b9f0-d9ef-40b5-ba79-7414923e623f:c2089, 7d686585-d831-45bc-93fc-0a553b604b0e:c2089]
2019-07-08 23:04:57,863 INFO  client.GrpcClientProtocolClient (GrpcClientProtocolClient.java:onNext(255)) - client-CEF4D3493DC0->4ee04582-2825-4055-a051-0465d62eb5ca: receive RaftClientReply:client-CEF4D3493DC0->4ee04582-2825-4055-a051-0465d62eb5ca@group-78E0FE5F723E, cid=1440, SUCCESS, logIndex=2092, commits[4ee04582-2825-4055-a051-0465d62eb5ca:c2093, 97f5b9f0-d9ef-40b5-ba79-7414923e623f:c2089, 7d686585-d831-45bc-93fc-0a553b604b0e:c2089]
2019-07-08 23:04:57,863 INFO  client.GrpcClientProtocolClient (GrpcClientProtocolClient.java:onNext(255)) - client-CEF4D3493DC0->4ee04582-2825-4055-a051-0465d62eb5ca: receive RaftClientReply:client-CEF4D3493DC0->4ee04582-2825-4055-a051-0465d62eb5ca@group-78E0FE5F723E, cid=1441, SUCCESS, logIndex=2093, commits[4ee04582-2825-4055-a051-0465d62eb5ca:c2093, 97f5b9f0-d9ef-40b5-ba79-7414923e623f:c2089, 7d686585-d831-45bc-93fc-0a553b604b0e:c2089]
2019-07-08 23:04:57,868 INFO  client.GrpcClientProtocolClient (GrpcClientProtocolClient.java:onNext(255)) - client-CEF4D3493DC0->4ee04582-2825-4055-a051-0465d62eb5ca: receive RaftClientReply:client-CEF4D3493DC0->4ee04582-2825-4055-a051-0465d62eb5ca@group-78E0FE5F723E, cid=1442, SUCCESS, logIndex=0, commits[4ee04582-2825-4055-a051-0465d62eb5ca:c2097, 97f5b9f0-d9ef-40b5-ba79-7414923e623f:c2093, 7d686585-d831-45bc-93fc-0a553b604b0e:c2091]
 0.00% |█                                                                                                    |  0/1 Time: 0:00:072019-07-08 23:04:57,889 INFO  client.GrpcClientProtocolClient (GrpcClientProtocolClient.java:onNext(255)) - client-CEF4D3493DC0->4ee04582-2825-4055-a051-0465d62eb5ca: receive RaftClientReply:client-CEF4D3493DC0->4ee04582-2825-4055-a051-0465d62eb5ca@group-78E0FE5F723E, cid=1443, SUCCESS, logIndex=2098, commits[4ee04582-2825-4055-a051-0465d62eb5ca:c2099, 97f5b9f0-d9ef-40b5-ba79-7414923e623f:c2097, 7d686585-d831-45bc-93fc-0a553b604b0e:c2093]
2019-07-08 23:04:57,889 INFO  client.GrpcClientProtocolClient (GrpcClientProtocolClient.java:onNext(255)) - client-CEF4D3493DC0->4ee04582-2825-4055-a051-0465d62eb5ca: receive RaftClientReply:client-CEF4D3493DC0->4ee04582-2825-4055-a051-0465d62eb5ca@group-78E0FE5F723E, cid=1444, SUCCESS, logIndex=2099, commits[4ee04582-2825-4055-a051-0465d62eb5ca:c2099, 97f5b9f0-d9ef-40b5-ba79-7414923e623f:c2097, 7d686585-d831-45bc-93fc-0a553b604b0e:c2097]
2019-07-08 23:04:57,905 INFO  client.GrpcClientProtocolClient (GrpcClientProtocolClient.java:onNext(255)) - client-CEF4D3493DC0->4ee04582-2825-4055-a051-0465d62eb5ca: receive RaftClientReply:client-CEF4D3493DC0->4ee04582-2825-4055-a051-0465d62eb5ca@group-78E0FE5F723E, cid=1445, SUCCESS, logIndex=2102, commits[4ee04582-2825-4055-a051-0465d62eb5ca:c2103, 97f5b9f0-d9ef-40b5-ba79-7414923e623f:c2101, 7d686585-d831-45bc-93fc-0a553b604b0e:c2099]
2019-07-08 23:04:57,905 INFO  client.GrpcClientProtocolClient (GrpcClientProtocolClient.java:onNext(255)) - client-CEF4D3493DC0->4ee04582-2825-4055-a051-0465d62eb5ca: receive RaftClientReply:client-CEF4D3493DC0->4ee04582-2825-4055-a051-0465d62eb5ca@group-78E0FE5F723E, cid=1446, SUCCESS, logIndex=2103, commits[4ee04582-2825-4055-a051-0465d62eb5ca:c2103, 97f5b9f0-d9ef-40b5-ba79-7414923e623f:c2101, 7d686585-d831-45bc-93fc-0a553b604b0e:c2099]
2019-07-08 23:04:57,909 INFO  client.GrpcClientProtocolClient (GrpcClientProtocolClient.java:onNext(255)) - client-CEF4D3493DC0->4ee04582-2825-4055-a051-0465d62eb5ca: receive RaftClientReply:client-CEF4D3493DC0->4ee04582-2825-4055-a051-0465d62eb5ca@group-78E0FE5F723E, cid=1447, SUCCESS, logIndex=0, commits[4ee04582-2825-4055-a051-0465d62eb5ca:c2105, 97f5b9f0-d9ef-40b5-ba79-7414923e623f:c2103, 7d686585-d831-45bc-93fc-0a553b604b0e:c2103]
2019-07-08 23:04:57,927 INFO  client.GrpcClientProtocolClient (GrpcClientProtocolClient.java:onNext(255)) - client-CEF4D3493DC0->4ee04582-2825-4055-a051-0465d62eb5ca: receive RaftClientReply:client-CEF4D3493DC0->4ee04582-2825-4055-a051-0465d62eb5ca@group-78E0FE5F723E, cid=1448, SUCCESS, logIndex=2106, commits[4ee04582-2825-4055-a051-0465d62eb5ca:c2107, 97f5b9f0-d9ef-40b5-ba79-7414923e623f:c2105, 7d686585-d831-45bc-93fc-0a553b604b0e:c2103]
2019-07-08 23:04:57,928 INFO  client.GrpcClientProtocolClient (GrpcClientProtocolClient.java:onNext(255)) - client-CEF4D3493DC0->4ee04582-2825-4055-a051-0465d62eb5ca: receive RaftClientReply:client-CEF4D3493DC0->4ee04582-2825-4055-a051-0465d62eb5ca@group-78E0FE5F723E, cid=1449, SUCCESS, logIndex=2107, commits[4ee04582-2825-4055-a051-0465d62eb5ca:c2107, 97f5b9f0-d9ef-40b5-ba79-7414923e623f:c2105, 7d686585-d831-45bc-93fc-0a553b604b0e:c2103]
2019-07-08 23:04:57,930 INFO  client.GrpcClientProtocolClient (GrpcClientProtocolClient.java:onNext(255)) - client-CEF4D3493DC0->4ee04582-2825-4055-a051-0465d62eb5ca: receive RaftClientReply:client-CEF4D3493DC0->4ee04582-2825-4055-a051-0465d62eb5ca@group-78E0FE5F723E, cid=1450, SUCCESS, logIndex=2108, commits[4ee04582-2825-4055-a051-0465d62eb5ca:c2111, 97f5b9f0-d9ef-40b5-ba79-7414923e623f:c2107, 7d686585-d831-45bc-93fc-0a553b604b0e:c2105]
2019-07-08 23:04:57,930 INFO  client.GrpcClientProtocolClient (GrpcClientProtocolClient.java:onNext(255)) - client-CEF4D3493DC0->4ee04582-2825-4055-a051-0465d62eb5ca: receive RaftClientReply:client-CEF4D3493DC0->4ee04582-2825-4055-a051-0465d62eb5ca@group-78E0FE5F723E, cid=1451, SUCCESS, logIndex=2109, commits[4ee04582-2825-4055-a051-0465d62eb5ca:c2111, 97f5b9f0-d9ef-40b5-ba79-7414923e623f:c2107, 7d686585-d831-45bc-93fc-0a553b604b0e:c2105]
2019-07-08 23:04:57,932 INFO  client.GrpcClientProtocolClient (GrpcClientProtocolClient.java:onNext(255)) - client-CEF4D3493DC0->4ee04582-2825-4055-a051-0465d62eb5ca: receive RaftClientReply:client-CEF4D3493DC0->4ee04582-2825-4055-a051-0465d62eb5ca@group-78E0FE5F723E, cid=1452, SUCCESS, logIndex=0, commits[4ee04582-2825-4055-a051-0465d62eb5ca:c2111, 97f5b9f0-d9ef-40b5-ba79-7414923e623f:c2107, 7d686585-d831-45bc-93fc-0a553b604b0e:c2107]
2019-07-08 23:04:57,941 INFO  client.GrpcClientProtocolClient (GrpcClientProtocolClient.java:onNext(255)) - client-CEF4D3493DC0->4ee04582-2825-4055-a051-0465d62eb5ca: receive RaftClientReply:client-CEF4D3493DC0->4ee04582-2825-4055-a051-0465d62eb5ca@group-78E0FE5F723E, cid=1453, SUCCESS, logIndex=2114, commits[4ee04582-2825-4055-a051-0465d62eb5ca:c2115, 97f5b9f0-d9ef-40b5-ba79-7414923e623f:c2113, 7d686585-d831-45bc-93fc-0a553b604b0e:c2110]
2019-07-08 23:04:57,942 INFO  client.GrpcClientProtocolClient (GrpcClientProtocolClient.java:onNext(255)) - client-CEF4D3493DC0->4ee04582-2825-4055-a051-0465d62eb5ca: receive RaftClientReply:client-CEF4D3493DC0->4ee04582-2825-4055-a051-0465d62eb5ca@group-78E0FE5F723E, cid=1454, SUCCESS, logIndex=2115, commits[4ee04582-2825-4055-a051-0465d62eb5ca:c2115, 97f5b9f0-d9ef-40b5-ba79-7414923e623f:c2113, 7d686585-d831-45bc-93fc-0a553b604b0e:c2110]
2019-07-08 23:04:57,961 INFO  client.GrpcClientProtocolClient (GrpcClientProtocolClient.java:onNext(255)) - client-CEF4D3493DC0->4ee04582-2825-4055-a051-0465d62eb5ca: receive RaftClientReply:client-CEF4D3493DC0->4ee04582-2825-4055-a051-0465d62eb5ca@group-78E0FE5F723E, cid=1455, SUCCESS, logIndex=2118, commits[4ee04582-2825-4055-a051-0465d62eb5ca:c2119, 97f5b9f0-d9ef-40b5-ba79-7414923e623f:c2117, 7d686585-d831-45bc-93fc-0a553b604b0e:c2117]
2019-07-08 23:04:57,961 INFO  client.GrpcClientProtocolClient (GrpcClientProtocolClient.java:onNext(255)) - client-CEF4D3493DC0->4ee04582-2825-4055-a051-0465d62eb5ca: receive RaftClientReply:client-CEF4D3493DC0->4ee04582-2825-4055-a051-0465d62eb5ca@group-78E0FE5F723E, cid=1456, SUCCESS, logIndex=2119, commits[4ee04582-2825-4055-a051-0465d62eb5ca:c2119, 97f5b9f0-d9ef-40b5-ba79-7414923e623f:c2117, 7d686585-d831-45bc-93fc-0a553b604b0e:c2117]
2019-07-08 23:04:57,968 INFO  client.GrpcClientProtocolClient (GrpcClientProtocolClient.java:onNext(255)) - client-CEF4D3493DC0->4ee04582-2825-4055-a051-0465d62eb5ca: receive RaftClientReply:client-CEF4D3493DC0->4ee04582-2825-4055-a051-0465d62eb5ca@group-78E0FE5F723E, cid=1457, SUCCESS, logIndex=0, commits[4ee04582-2825-4055-a051-0465d62eb5ca:c2121, 97f5b9f0-d9ef-40b5-ba79-7414923e623f:c2119, 7d686585-d831-45bc-93fc-0a553b604b0e:c2119]
2019-07-08 23:04:57,988 INFO  client.GrpcClientProtocolClient (GrpcClientProtocolClient.java:onNext(255)) - client-CEF4D3493DC0->4ee04582-2825-4055-a051-0465d62eb5ca: receive RaftClientReply:client-CEF4D3493DC0->4ee04582-2825-4055-a051-0465d62eb5ca@group-78E0FE5F723E, cid=1458, SUCCESS, logIndex=2122, commits[4ee04582-2825-4055-a051-0465d62eb5ca:c2123, 97f5b9f0-d9ef-40b5-ba79-7414923e623f:c2121, 7d686585-d831-45bc-93fc-0a553b604b0e:c2121]
2019-07-08 23:04:57,989 INFO  client.GrpcClientProtocolClient (GrpcClientProtocolClient.java:onNext(255)) - client-CEF4D3493DC0->4ee04582-2825-4055-a051-0465d62eb5ca: receive RaftClientReply:client-CEF4D3493DC0->4ee04582-2825-4055-a051-0465d62eb5ca@group-78E0FE5F723E, cid=1459, SUCCESS, logIndex=2123, commits[4ee04582-2825-4055-a051-0465d62eb5ca:c2123, 97f5b9f0-d9ef-40b5-ba79-7414923e623f:c2121, 7d686585-d831-45bc-93fc-0a553b604b0e:c2121]
2019-07-08 23:04:57,989 INFO  client.GrpcClientProtocolClient (GrpcClientProtocolClient.java:onNext(255)) - client-CEF4D3493DC0->4ee04582-2825-4055-a051-0465d62eb5ca: receive RaftClientReply:client-CEF4D3493DC0->4ee04582-2825-4055-a051-0465d62eb5ca@group-78E0FE5F723E, cid=1460, SUCCESS, logIndex=2124, commits[4ee04582-2825-4055-a051-0465d62eb5ca:c2125, 97f5b9f0-d9ef-40b5-ba79-7414923e623f:c2121, 7d686585-d831-45bc-93fc-0a553b604b0e:c2121]
2019-07-08 23:04:57,990 INFO  client.GrpcClientProtocolClient (GrpcClientProtocolClient.java:onNext(255)) - client-CEF4D3493DC0->4ee04582-2825-4055-a051-0465d62eb5ca: receive RaftClientReply:client-CEF4D3493DC0->4ee04582-2825-4055-a051-0465d62eb5ca@group-78E0FE5F723E, cid=1461, SUCCESS, logIndex=2125, commits[4ee04582-2825-4055-a051-0465d62eb5ca:c2125, 97f5b9f0-d9ef-40b5-ba79-7414923e623f:c2121, 7d686585-d831-45bc-93fc-0a553b604b0e:c2121]
2019-07-08 23:04:57,995 INFO  client.GrpcClientProtocolClient (GrpcClientProtocolClient.java:onNext(255)) - client-CEF4D3493DC0->4ee04582-2825-4055-a051-0465d62eb5ca: receive RaftClientReply:client-CEF4D3493DC0->4ee04582-2825-4055-a051-0465d62eb5ca@group-78E0FE5F723E, cid=1462, SUCCESS, logIndex=0, commits[4ee04582-2825-4055-a051-0465d62eb5ca:c2127, 97f5b9f0-d9ef-40b5-ba79-7414923e623f:c2123, 7d686585-d831-45bc-93fc-0a553b604b0e:c2123]
2019-07-08 23:04:58,097 INFO  client.GrpcClientProtocolClient (GrpcClientProtocolClient.java:onNext(255)) - client-CEF4D3493DC0->4ee04582-2825-4055-a051-0465d62eb5ca: receive RaftClientReply:client-CEF4D3493DC0->4ee04582-2825-4055-a051-0465d62eb5ca@group-78E0FE5F723E, cid=1463, SUCCESS, logIndex=2130, commits[4ee04582-2825-4055-a051-0465d62eb5ca:c2131, 97f5b9f0-d9ef-40b5-ba79-7414923e623f:c2129, 7d686585-d831-45bc-93fc-0a553b604b0e:c2129]
2019-07-08 23:04:58,098 INFO  client.GrpcClientProtocolClient (GrpcClientProtocolClient.java:onNext(255)) - client-CEF4D3493DC0->4ee04582-2825-4055-a051-0465d62eb5ca: receive RaftClientReply:client-CEF4D3493DC0->4ee04582-2825-4055-a051-0465d62eb5ca@group-78E0FE5F723E, cid=1464, SUCCESS, logIndex=2131, commits[4ee04582-2825-4055-a051-0465d62eb5ca:c2131, 97f5b9f0-d9ef-40b5-ba79-7414923e623f:c2129, 7d686585-d831-45bc-93fc-0a553b604b0e:c2129]
2019-07-08 23:04:58,113 INFO  client.GrpcClientProtocolClient (GrpcClientProtocolClient.java:onNext(255)) - client-CEF4D3493DC0->4ee04582-2825-4055-a051-0465d62eb5ca: receive RaftClientReply:client-CEF4D3493DC0->4ee04582-2825-4055-a051-0465d62eb5ca@group-78E0FE5F723E, cid=1465, SUCCESS, logIndex=2134, commits[4ee04582-2825-4055-a051-0465d62eb5ca:c2135, 97f5b9f0-d9ef-40b5-ba79-7414923e623f:c2132, 7d686585-d831-45bc-93fc-0a553b604b0e:c2132]
2019-07-08 23:04:58,113 INFO  client.GrpcClientProtocolClient (GrpcClientProtocolClient.java:onNext(255)) - client-CEF4D3493DC0->4ee04582-2825-4055-a051-0465d62eb5ca: receive RaftClientReply:client-CEF4D3493DC0->4ee04582-2825-4055-a051-0465d62eb5ca@group-78E0FE5F723E, cid=1466, SUCCESS, logIndex=2135, commits[4ee04582-2825-4055-a051-0465d62eb5ca:c2135, 97f5b9f0-d9ef-40b5-ba79-7414923e623f:c2132, 7d686585-d831-45bc-93fc-0a553b604b0e:c2132]
2019-07-08 23:04:58,118 INFO  client.GrpcClientProtocolClient (GrpcClientProtocolClient.java:onNext(255)) - client-CEF4D3493DC0->4ee04582-2825-4055-a051-0465d62eb5ca: receive RaftClientReply:client-CEF4D3493DC0->4ee04582-2825-4055-a051-0465d62eb5ca@group-78E0FE5F723E, cid=1467, SUCCESS, logIndex=0, commits[4ee04582-2825-4055-a051-0465d62eb5ca:c2136, 97f5b9f0-d9ef-40b5-ba79-7414923e623f:c2135, 7d686585-d831-45bc-93fc-0a553b604b0e:c2135]
2019-07-08 23:04:58,143 INFO  client.GrpcClientProtocolClient (GrpcClientProtocolClient.java:onNext(255)) - client-CEF4D3493DC0->4ee04582-2825-4055-a051-0465d62eb5ca: receive RaftClientReply:client-CEF4D3493DC0->4ee04582-2825-4055-a051-0465d62eb5ca@group-78E0FE5F723E, cid=1468, SUCCESS, logIndex=2138, commits[4ee04582-2825-4055-a051-0465d62eb5ca:c2139, 97f5b9f0-d9ef-40b5-ba79-7414923e623f:c2137, 7d686585-d831-45bc-93fc-0a553b604b0e:c2135]
2019-07-08 23:04:58,144 INFO  client.GrpcClientProtocolClient (GrpcClientProtocolClient.java:onNext(255)) - client-CEF4D3493DC0->4ee04582-2825-4055-a051-0465d62eb5ca: receive RaftClientReply:client-CEF4D3493DC0->4ee04582-2825-4055-a051-0465d62eb5ca@group-78E0FE5F723E, cid=1469, SUCCESS, logIndex=2139, commits[4ee04582-2825-4055-a051-0465d62eb5ca:c2139, 97f5b9f0-d9ef-40b5-ba79-7414923e623f:c2137, 7d686585-d831-45bc-93fc-0a553b604b0e:c2135]
2019-07-08 23:04:58,144 INFO  client.GrpcClientProtocolClient (GrpcClientProtocolClient.java:onNext(255)) - client-CEF4D3493DC0->4ee04582-2825-4055-a051-0465d62eb5ca: receive RaftClientReply:client-CEF4D3493DC0->4ee04582-2825-4055-a051-0465d62eb5ca@group-78E0FE5F723E, cid=1470, SUCCESS, logIndex=2140, commits[4ee04582-2825-4055-a051-0465d62eb5ca:c2141, 97f5b9f0-d9ef-40b5-ba79-7414923e623f:c2137, 7d686585-d831-45bc-93fc-0a553b604b0e:c2135]
2019-07-08 23:04:58,145 INFO  client.GrpcClientProtocolClient (GrpcClientProtocolClient.java:onNext(255)) - client-CEF4D3493DC0->4ee04582-2825-4055-a051-0465d62eb5ca: receive RaftClientReply:client-CEF4D3493DC0->4ee04582-2825-4055-a051-0465d62eb5ca@group-78E0FE5F723E, cid=1471, SUCCESS, logIndex=2141, commits[4ee04582-2825-4055-a051-0465d62eb5ca:c2141, 97f5b9f0-d9ef-40b5-ba79-7414923e623f:c2137, 7d686585-d831-45bc-93fc-0a553b604b0e:c2135]
2019-07-08 23:04:58,150 INFO  client.GrpcClientProtocolClient (GrpcClientProtocolClient.java:onNext(255)) - client-CEF4D3493DC0->4ee04582-2825-4055-a051-0465d62eb5ca: receive RaftClientReply:client-CEF4D3493DC0->4ee04582-2825-4055-a051-0465d62eb5ca@group-78E0FE5F723E, cid=1472, SUCCESS, logIndex=0, commits[4ee04582-2825-4055-a051-0465d62eb5ca:c2143, 97f5b9f0-d9ef-40b5-ba79-7414923e623f:c2139, 7d686585-d831-45bc-93fc-0a553b604b0e:c2139]
2019-07-08 23:04:58,163 INFO  client.GrpcClientProtocolClient (GrpcClientProtocolClient.java:onNext(255)) - client-CEF4D3493DC0->4ee04582-2825-4055-a051-0465d62eb5ca: receive RaftClientReply:client-CEF4D3493DC0->4ee04582-2825-4055-a051-0465d62eb5ca@group-78E0FE5F723E, cid=1473, SUCCESS, logIndex=2146, commits[4ee04582-2825-4055-a051-0465d62eb5ca:c2147, 97f5b9f0-d9ef-40b5-ba79-7414923e623f:c2145, 7d686585-d831-45bc-93fc-0a553b604b0e:c2141]
2019-07-08 23:04:58,164 INFO  client.GrpcClientProtocolClient (GrpcClientProtocolClient.java:onNext(255)) - client-CEF4D3493DC0->4ee04582-2825-4055-a051-0465d62eb5ca: receive RaftClientReply:client-CEF4D3493DC0->4ee04582-2825-4055-a051-0465d62eb5ca@group-78E0FE5F723E, cid=1474, SUCCESS, logIndex=2147, commits[4ee04582-2825-4055-a051-0465d62eb5ca:c2147, 97f5b9f0-d9ef-40b5-ba79-7414923e623f:c2145, 7d686585-d831-45bc-93fc-0a553b604b0e:c2145]
2019-07-08 23:04:58,176 INFO  client.GrpcClientProtocolClient (GrpcClientProtocolClient.java:onNext(255)) - client-CEF4D3493DC0->4ee04582-2825-4055-a051-0465d62eb5ca: receive RaftClientReply:client-CEF4D3493DC0->4ee04582-2825-4055-a051-0465d62eb5ca@group-78E0FE5F723E, cid=1475, SUCCESS, logIndex=2150, commits[4ee04582-2825-4055-a051-0465d62eb5ca:c2151, 97f5b9f0-d9ef-40b5-ba79-7414923e623f:c2149, 7d686585-d831-45bc-93fc-0a553b604b0e:c2147]
2019-07-08 23:04:58,177 INFO  client.GrpcClientProtocolClient (GrpcClientProtocolClient.java:onNext(255)) - client-CEF4D3493DC0->4ee04582-2825-4055-a051-0465d62eb5ca: receive RaftClientReply:client-CEF4D3493DC0->4ee04582-2825-4055-a051-0465d62eb5ca@group-78E0FE5F723E, cid=1476, SUCCESS, logIndex=2151, commits[4ee04582-2825-4055-a051-0465d62eb5ca:c2151, 97f5b9f0-d9ef-40b5-ba79-7414923e623f:c2149, 7d686585-d831-45bc-93fc-0a553b604b0e:c2149]
2019-07-08 23:04:58,181 INFO  client.GrpcClientProtocolClient (GrpcClientProtocolClient.java:onNext(255)) - client-CEF4D3493DC0->4ee04582-2825-4055-a051-0465d62eb5ca: receive RaftClientReply:client-CEF4D3493DC0->4ee04582-2825-4055-a051-0465d62eb5ca@group-78E0FE5F723E, cid=1477, SUCCESS, logIndex=0, commits[4ee04582-2825-4055-a051-0465d62eb5ca:c2152, 97f5b9f0-d9ef-40b5-ba79-7414923e623f:c2151, 7d686585-d831-45bc-93fc-0a553b604b0e:c2151]
2019-07-08 23:04:58,205 INFO  client.GrpcClientProtocolClient (GrpcClientProtocolClient.java:onNext(255)) - client-CEF4D3493DC0->4ee04582-2825-4055-a051-0465d62eb5ca: receive RaftClientReply:client-CEF4D3493DC0->4ee04582-2825-4055-a051-0465d62eb5ca@group-78E0FE5F723E, cid=1478, SUCCESS, logIndex=2154, commits[4ee04582-2825-4055-a051-0465d62eb5ca:c2155, 97f5b9f0-d9ef-40b5-ba79-7414923e623f:c2153, 7d686585-d831-45bc-93fc-0a553b604b0e:c2151]
2019-07-08 23:04:58,205 INFO  client.GrpcClientProtocolClient (GrpcClientProtocolClient.java:onNext(255)) - client-CEF4D3493DC0->4ee04582-2825-4055-a051-0465d62eb5ca: receive RaftClientReply:client-CEF4D3493DC0->4ee04582-2825-4055-a051-0465d62eb5ca@group-78E0FE5F723E, cid=1479, SUCCESS, logIndex=2155, commits[4ee04582-2825-4055-a051-0465d62eb5ca:c2155, 97f5b9f0-d9ef-40b5-ba79-7414923e623f:c2153, 7d686585-d831-45bc-93fc-0a553b604b0e:c2151]
2019-07-08 23:04:58,208 INFO  client.GrpcClientProtocolClient (GrpcClientProtocolClient.java:onNext(255)) - client-CEF4D3493DC0->4ee04582-2825-4055-a051-0465d62eb5ca: receive RaftClientReply:client-CEF4D3493DC0->4ee04582-2825-4055-a051-0465d62eb5ca@group-78E0FE5F723E, cid=1480, SUCCESS, logIndex=2156, commits[4ee04582-2825-4055-a051-0465d62eb5ca:c2157, 97f5b9f0-d9ef-40b5-ba79-7414923e623f:c2153, 7d686585-d831-45bc-93fc-0a553b604b0e:c2153]
2019-07-08 23:04:58,208 INFO  client.GrpcClientProtocolClient (GrpcClientProtocolClient.java:onNext(255)) - client-CEF4D3493DC0->4ee04582-2825-4055-a051-0465d62eb5ca: receive RaftClientReply:client-CEF4D3493DC0->4ee04582-2825-4055-a051-0465d62eb5ca@group-78E0FE5F723E, cid=1481, SUCCESS, logIndex=2157, commits[4ee04582-2825-4055-a051-0465d62eb5ca:c2157, 97f5b9f0-d9ef-40b5-ba79-7414923e623f:c2153, 7d686585-d831-45bc-93fc-0a553b604b0e:c2153]
2019-07-08 23:04:58,219 INFO  client.GrpcClientProtocolClient (GrpcClientProtocolClient.java:onNext(255)) - client-CEF4D3493DC0->4ee04582-2825-4055-a051-0465d62eb5ca: receive RaftClientReply:client-CEF4D3493DC0->4ee04582-2825-4055-a051-0465d62eb5ca@group-78E0FE5F723E, cid=1482, SUCCESS, logIndex=0, commits[4ee04582-2825-4055-a051-0465d62eb5ca:c2159, 97f5b9f0-d9ef-40b5-ba79-7414923e623f:c2155, 7d686585-d831-45bc-93fc-0a553b604b0e:c2155]
2019-07-08 23:04:58,231 INFO  client.GrpcClientProtocolClient (GrpcClientProtocolClient.java:onNext(255)) - client-CEF4D3493DC0->4ee04582-2825-4055-a051-0465d62eb5ca: receive RaftClientReply:client-CEF4D3493DC0->4ee04582-2825-4055-a051-0465d62eb5ca@group-78E0FE5F723E, cid=1483, SUCCESS, logIndex=2162, commits[4ee04582-2825-4055-a051-0465d62eb5ca:c2163, 97f5b9f0-d9ef-40b5-ba79-7414923e623f:c2161, 7d686585-d831-45bc-93fc-0a553b604b0e:c2157]
2019-07-08 23:04:58,231 INFO  client.GrpcClientProtocolClient (GrpcClientProtocolClient.java:onNext(255)) - client-CEF4D3493DC0->4ee04582-2825-4055-a051-0465d62eb5ca: receive RaftClientReply:client-CEF4D3493DC0->4ee04582-2825-4055-a051-0465d62eb5ca@group-78E0FE5F723E, cid=1484, SUCCESS, logIndex=2163, commits[4ee04582-2825-4055-a051-0465d62eb5ca:c2163, 97f5b9f0-d9ef-40b5-ba79-7414923e623f:c2161, 7d686585-d831-45bc-93fc-0a553b604b0e:c2161]
2019-07-08 23:04:58,244 INFO  client.GrpcClientProtocolClient (GrpcClientProtocolClient.java:onNext(255)) - client-CEF4D3493DC0->4ee04582-2825-4055-a051-0465d62eb5ca: receive RaftClientReply:client-CEF4D3493DC0->4ee04582-2825-4055-a051-0465d62eb5ca@group-78E0FE5F723E, cid=1485, SUCCESS, logIndex=2166, commits[4ee04582-2825-4055-a051-0465d62eb5ca:c2167, 97f5b9f0-d9ef-40b5-ba79-7414923e623f:c2165, 7d686585-d831-45bc-93fc-0a553b604b0e:c2165]
2019-07-08 23:04:58,244 INFO  client.GrpcClientProtocolClient (GrpcClientProtocolClient.java:onNext(255)) - client-CEF4D3493DC0->4ee04582-2825-4055-a051-0465d62eb5ca: receive RaftClientReply:client-CEF4D3493DC0->4ee04582-2825-4055-a051-0465d62eb5ca@group-78E0FE5F723E, cid=1486, SUCCESS, logIndex=2167, commits[4ee04582-2825-4055-a051-0465d62eb5ca:c2167, 97f5b9f0-d9ef-40b5-ba79-7414923e623f:c2165, 7d686585-d831-45bc-93fc-0a553b604b0e:c2165]
2019-07-08 23:04:58,249 INFO  client.GrpcClientProtocolClient (GrpcClientProtocolClient.java:onNext(255)) - client-CEF4D3493DC0->4ee04582-2825-4055-a051-0465d62eb5ca: receive RaftClientReply:client-CEF4D3493DC0->4ee04582-2825-4055-a051-0465d62eb5ca@group-78E0FE5F723E, cid=1487, SUCCESS, logIndex=0, commits[4ee04582-2825-4055-a051-0465d62eb5ca:c2168, 97f5b9f0-d9ef-40b5-ba79-7414923e623f:c2167, 7d686585-d831-45bc-93fc-0a553b604b0e:c2167]
2019-07-08 23:04:58,272 INFO  client.GrpcClientProtocolClient (GrpcClientProtocolClient.java:onNext(255)) - client-CEF4D3493DC0->4ee04582-2825-4055-a051-0465d62eb5ca: receive RaftClientReply:client-CEF4D3493DC0->4ee04582-2825-4055-a051-0465d62eb5ca@group-78E0FE5F723E, cid=1488, SUCCESS, logIndex=2170, commits[4ee04582-2825-4055-a051-0465d62eb5ca:c2173, 97f5b9f0-d9ef-40b5-ba79-7414923e623f:c2169, 7d686585-d831-45bc-93fc-0a553b604b0e:c2167]
2019-07-08 23:04:58,273 INFO  client.GrpcClientProtocolClient (GrpcClientProtocolClient.java:onNext(255)) - client-CEF4D3493DC0->4ee04582-2825-4055-a051-0465d62eb5ca: receive RaftClientReply:client-CEF4D3493DC0->4ee04582-2825-4055-a051-0465d62eb5ca@group-78E0FE5F723E, cid=1489, SUCCESS, logIndex=2171, commits[4ee04582-2825-4055-a051-0465d62eb5ca:c2173, 97f5b9f0-d9ef-40b5-ba79-7414923e623f:c2169, 7d686585-d831-45bc-93fc-0a553b604b0e:c2169]
2019-07-08 23:04:58,273 INFO  client.GrpcClientProtocolClient (GrpcClientProtocolClient.java:onNext(255)) - client-CEF4D3493DC0->4ee04582-2825-4055-a051-0465d62eb5ca: receive RaftClientReply:client-CEF4D3493DC0->4ee04582-2825-4055-a051-0465d62eb5ca@group-78E0FE5F723E, cid=1490, SUCCESS, logIndex=2172, commits[4ee04582-2825-4055-a051-0465d62eb5ca:c2173, 97f5b9f0-d9ef-40b5-ba79-7414923e623f:c2169, 7d686585-d831-45bc-93fc-0a553b604b0e:c2169]
2019-07-08 23:04:58,273 INFO  client.GrpcClientProtocolClient (GrpcClientProtocolClient.java:onNext(255)) - client-CEF4D3493DC0->4ee04582-2825-4055-a051-0465d62eb5ca: receive RaftClientReply:client-CEF4D3493DC0->4ee04582-2825-4055-a051-0465d62eb5ca@group-78E0FE5F723E, cid=1491, SUCCESS, logIndex=2173, commits[4ee04582-2825-4055-a051-0465d62eb5ca:c2173, 97f5b9f0-d9ef-40b5-ba79-7414923e623f:c2171, 7d686585-d831-45bc-93fc-0a553b604b0e:c2169]
2019-07-08 23:04:58,275 INFO  client.GrpcClientProtocolClient (GrpcClientProtocolClient.java:onNext(255)) - client-CEF4D3493DC0->4ee04582-2825-4055-a051-0465d62eb5ca: receive RaftClientReply:client-CEF4D3493DC0->4ee04582-2825-4055-a051-0465d62eb5ca@group-78E0FE5F723E, cid=1492, SUCCESS, logIndex=0, commits[4ee04582-2825-4055-a051-0465d62eb5ca:c2174, 97f5b9f0-d9ef-40b5-ba79-7414923e623f:c2171, 7d686585-d831-45bc-93fc-0a553b604b0e:c2171]
2019-07-08 23:04:58,287 INFO  client.GrpcClientProtocolClient (GrpcClientProtocolClient.java:onNext(255)) - client-CEF4D3493DC0->4ee04582-2825-4055-a051-0465d62eb5ca: receive RaftClientReply:client-CEF4D3493DC0->4ee04582-2825-4055-a051-0465d62eb5ca@group-78E0FE5F723E, cid=1493, SUCCESS, logIndex=2178, commits[4ee04582-2825-4055-a051-0465d62eb5ca:c2179, 97f5b9f0-d9ef-40b5-ba79-7414923e623f:c2177, 7d686585-d831-45bc-93fc-0a553b604b0e:c2177]
2019-07-08 23:04:58,287 INFO  client.GrpcClientProtocolClient (GrpcClientProtocolClient.java:onNext(255)) - client-CEF4D3493DC0->4ee04582-2825-4055-a051-0465d62eb5ca: receive RaftClientReply:client-CEF4D3493DC0->4ee04582-2825-4055-a051-0465d62eb5ca@group-78E0FE5F723E, cid=1494, SUCCESS, logIndex=2179, commits[4ee04582-2825-4055-a051-0465d62eb5ca:c2179, 97f5b9f0-d9ef-40b5-ba79-7414923e623f:c2177, 7d686585-d831-45bc-93fc-0a553b604b0e:c2177]
2019-07-08 23:04:58,300 INFO  client.GrpcClientProtocolClient (GrpcClientProtocolClient.java:onNext(255)) - client-CEF4D3493DC0->4ee04582-2825-4055-a051-0465d62eb5ca: receive RaftClientReply:client-CEF4D3493DC0->4ee04582-2825-4055-a051-0465d62eb5ca@group-78E0FE5F723E, cid=1495, SUCCESS, logIndex=2182, commits[4ee04582-2825-4055-a051-0465d62eb5ca:c2183, 97f5b9f0-d9ef-40b5-ba79-7414923e623f:c2181, 7d686585-d831-45bc-93fc-0a553b604b0e:c2179]
2019-07-08 23:04:58,301 INFO  client.GrpcClientProtocolClient (GrpcClientProtocolClient.java:onNext(255)) - client-CEF4D3493DC0->4ee04582-2825-4055-a051-0465d62eb5ca: receive RaftClientReply:client-CEF4D3493DC0->4ee04582-2825-4055-a051-0465d62eb5ca@group-78E0FE5F723E, cid=1496, SUCCESS, logIndex=2183, commits[4ee04582-2825-4055-a051-0465d62eb5ca:c2183, 97f5b9f0-d9ef-40b5-ba79-7414923e623f:c2181, 7d686585-d831-45bc-93fc-0a553b604b0e:c2181]
2019-07-08 23:04:58,302 INFO  client.GrpcClientProtocolClient (GrpcClientProtocolClient.java:onNext(255)) - client-CEF4D3493DC0->4ee04582-2825-4055-a051-0465d62eb5ca: receive RaftClientReply:client-CEF4D3493DC0->4ee04582-2825-4055-a051-0465d62eb5ca@group-78E0FE5F723E, cid=1497, SUCCESS, logIndex=0, commits[4ee04582-2825-4055-a051-0465d62eb5ca:c2184, 97f5b9f0-d9ef-40b5-ba79-7414923e623f:c2183, 7d686585-d831-45bc-93fc-0a553b604b0e:c2183]
2019-07-08 23:04:58,329 INFO  client.GrpcClientProtocolClient (GrpcClientProtocolClient.java:onNext(255)) - client-CEF4D3493DC0->4ee04582-2825-4055-a051-0465d62eb5ca: receive RaftClientReply:client-CEF4D3493DC0->4ee04582-2825-4055-a051-0465d62eb5ca@group-78E0FE5F723E, cid=1498, SUCCESS, logIndex=2186, commits[4ee04582-2825-4055-a051-0465d62eb5ca:c2189, 97f5b9f0-d9ef-40b5-ba79-7414923e623f:c2185, 7d686585-d831-45bc-93fc-0a553b604b0e:c2183]
2019-07-08 23:04:58,330 INFO  client.GrpcClientProtocolClient (GrpcClientProtocolClient.java:onNext(255)) - client-CEF4D3493DC0->4ee04582-2825-4055-a051-0465d62eb5ca: receive RaftClientReply:client-CEF4D3493DC0->4ee04582-2825-4055-a051-0465d62eb5ca@group-78E0FE5F723E, cid=1499, SUCCESS, logIndex=2187, commits[4ee04582-2825-4055-a051-0465d62eb5ca:c2189, 97f5b9f0-d9ef-40b5-ba79-7414923e623f:c2185, 7d686585-d831-45bc-93fc-0a553b604b0e:c2183]
2019-07-08 23:04:58,330 INFO  client.GrpcClientProtocolClient (GrpcClientProtocolClient.java:onNext(255)) - client-CEF4D3493DC0->4ee04582-2825-4055-a051-0465d62eb5ca: receive RaftClientReply:client-CEF4D3493DC0->4ee04582-2825-4055-a051-0465d62eb5ca@group-78E0FE5F723E, cid=1500, SUCCESS, logIndex=2188, commits[4ee04582-2825-4055-a051-0465d62eb5ca:c2189, 97f5b9f0-d9ef-40b5-ba79-7414923e623f:c2185, 7d686585-d831-45bc-93fc-0a553b604b0e:c2183]
2019-07-08 23:04:58,330 INFO  client.GrpcClientProtocolClient (GrpcClientProtocolClient.java:onNext(255)) - client-CEF4D3493DC0->4ee04582-2825-4055-a051-0465d62eb5ca: receive RaftClientReply:client-CEF4D3493DC0->4ee04582-2825-4055-a051-0465d62eb5ca@group-78E0FE5F723E, cid=1501, SUCCESS, logIndex=2189, commits[4ee04582-2825-4055-a051-0465d62eb5ca:c2190, 97f5b9f0-d9ef-40b5-ba79-7414923e623f:c2187, 7d686585-d831-45bc-93fc-0a553b604b0e:c2185]
2019-07-08 23:04:58,334 INFO  client.GrpcClientProtocolClient (GrpcClientProtocolClient.java:onNext(255)) - client-CEF4D3493DC0->4ee04582-2825-4055-a051-0465d62eb5ca: receive RaftClientReply:client-CEF4D3493DC0->4ee04582-2825-4055-a051-0465d62eb5ca@group-78E0FE5F723E, cid=1502, SUCCESS, logIndex=0, commits[4ee04582-2825-4055-a051-0465d62eb5ca:c2192, 97f5b9f0-d9ef-40b5-ba79-7414923e623f:c2189, 7d686585-d831-45bc-93fc-0a553b604b0e:c2187]
2019-07-08 23:04:58,345 INFO  client.GrpcClientProtocolClient (GrpcClientProtocolClient.java:onNext(255)) - client-CEF4D3493DC0->4ee04582-2825-4055-a051-0465d62eb5ca: receive RaftClientReply:client-CEF4D3493DC0->4ee04582-2825-4055-a051-0465d62eb5ca@group-78E0FE5F723E, cid=1503, SUCCESS, logIndex=2193, commits[4ee04582-2825-4055-a051-0465d62eb5ca:c2194, 97f5b9f0-d9ef-40b5-ba79-7414923e623f:c2192, 7d686585-d831-45bc-93fc-0a553b604b0e:c2189]
2019-07-08 23:04:58,346 INFO  client.GrpcClientProtocolClient (GrpcClientProtocolClient.java:onNext(255)) - client-CEF4D3493DC0->4ee04582-2825-4055-a051-0465d62eb5ca: receive RaftClientReply:client-CEF4D3493DC0->4ee04582-2825-4055-a051-0465d62eb5ca@group-78E0FE5F723E, cid=1504, SUCCESS, logIndex=2194, commits[4ee04582-2825-4055-a051-0465d62eb5ca:c2194, 97f5b9f0-d9ef-40b5-ba79-7414923e623f:c2192, 7d686585-d831-45bc-93fc-0a553b604b0e:c2189]
2019-07-08 23:04:58,359 INFO  client.GrpcClientProtocolClient (GrpcClientProtocolClient.java:onNext(255)) - client-CEF4D3493DC0->4ee04582-2825-4055-a051-0465d62eb5ca: receive RaftClientReply:client-CEF4D3493DC0->4ee04582-2825-4055-a051-0465d62eb5ca@group-78E0FE5F723E, cid=1505, SUCCESS, logIndex=2197, commits[4ee04582-2825-4055-a051-0465d62eb5ca:c2198, 97f5b9f0-d9ef-40b5-ba79-7414923e623f:c2194, 7d686585-d831-45bc-93fc-0a553b604b0e:c2196]
2019-07-08 23:04:58,360 INFO  client.GrpcClientProtocolClient (GrpcClientProtocolClient.java:onNext(255)) - client-CEF4D3493DC0->4ee04582-2825-4055-a051-0465d62eb5ca: receive RaftClientReply:client-CEF4D3493DC0->4ee04582-2825-4055-a051-0465d62eb5ca@group-78E0FE5F723E, cid=1506, SUCCESS, logIndex=2198, commits[4ee04582-2825-4055-a051-0465d62eb5ca:c2198, 97f5b9f0-d9ef-40b5-ba79-7414923e623f:c2194, 7d686585-d831-45bc-93fc-0a553b604b0e:c2196]
2019-07-08 23:04:58,363 INFO  client.GrpcClientProtocolClient (GrpcClientProtocolClient.java:onNext(255)) - client-CEF4D3493DC0->4ee04582-2825-4055-a051-0465d62eb5ca: receive RaftClientReply:client-CEF4D3493DC0->4ee04582-2825-4055-a051-0465d62eb5ca@group-78E0FE5F723E, cid=1507, SUCCESS, logIndex=0, commits[4ee04582-2825-4055-a051-0465d62eb5ca:c2200, 97f5b9f0-d9ef-40b5-ba79-7414923e623f:c2198, 7d686585-d831-45bc-93fc-0a553b604b0e:c2198]
2019-07-08 23:04:58,385 INFO  client.GrpcClientProtocolClient (GrpcClientProtocolClient.java:onNext(255)) - client-CEF4D3493DC0->4ee04582-2825-4055-a051-0465d62eb5ca: receive RaftClientReply:client-CEF4D3493DC0->4ee04582-2825-4055-a051-0465d62eb5ca@group-78E0FE5F723E, cid=1508, SUCCESS, logIndex=2201, commits[4ee04582-2825-4055-a051-0465d62eb5ca:c2204, 97f5b9f0-d9ef-40b5-ba79-7414923e623f:c2200, 7d686585-d831-45bc-93fc-0a553b604b0e:c2200]
2019-07-08 23:04:58,386 INFO  client.GrpcClientProtocolClient (GrpcClientProtocolClient.java:onNext(255)) - client-CEF4D3493DC0->4ee04582-2825-4055-a051-0465d62eb5ca: receive RaftClientReply:client-CEF4D3493DC0->4ee04582-2825-4055-a051-0465d62eb5ca@group-78E0FE5F723E, cid=1509, SUCCESS, logIndex=2202, commits[4ee04582-2825-4055-a051-0465d62eb5ca:c2204, 97f5b9f0-d9ef-40b5-ba79-7414923e623f:c2200, 7d686585-d831-45bc-93fc-0a553b604b0e:c2200]
2019-07-08 23:04:58,386 INFO  client.GrpcClientProtocolClient (GrpcClientProtocolClient.java:onNext(255)) - client-CEF4D3493DC0->4ee04582-2825-4055-a051-0465d62eb5ca: receive RaftClientReply:client-CEF4D3493DC0->4ee04582-2825-4055-a051-0465d62eb5ca@group-78E0FE5F723E, cid=1510, SUCCESS, logIndex=2203, commits[4ee04582-2825-4055-a051-0465d62eb5ca:c2204, 97f5b9f0-d9ef-40b5-ba79-7414923e623f:c2200, 7d686585-d831-45bc-93fc-0a553b604b0e:c2200]
2019-07-08 23:04:58,386 INFO  client.GrpcClientProtocolClient (GrpcClientProtocolClient.java:onNext(255)) - client-CEF4D3493DC0->4ee04582-2825-4055-a051-0465d62eb5ca: receive RaftClientReply:client-CEF4D3493DC0->4ee04582-2825-4055-a051-0465d62eb5ca@group-78E0FE5F723E, cid=1511, SUCCESS, logIndex=2204, commits[4ee04582-2825-4055-a051-0465d62eb5ca:c2204, 97f5b9f0-d9ef-40b5-ba79-7414923e623f:c2200, 7d686585-d831-45bc-93fc-0a553b604b0e:c2200]
2019-07-08 23:04:58,390 INFO  client.GrpcClientProtocolClient (GrpcClientProtocolClient.java:onNext(255)) - client-CEF4D3493DC0->4ee04582-2825-4055-a051-0465d62eb5ca: receive RaftClientReply:client-CEF4D3493DC0->4ee04582-2825-4055-a051-0465d62eb5ca@group-78E0FE5F723E, cid=1512, SUCCESS, logIndex=0, commits[4ee04582-2825-4055-a051-0465d62eb5ca:c2205, 97f5b9f0-d9ef-40b5-ba79-7414923e623f:c2202, 7d686585-d831-45bc-93fc-0a553b604b0e:c2202]
2019-07-08 23:04:58,401 INFO  client.GrpcClientProtocolClient (GrpcClientProtocolClient.java:onNext(255)) - client-CEF4D3493DC0->4ee04582-2825-4055-a051-0465d62eb5ca: receive RaftClientReply:client-CEF4D3493DC0->4ee04582-2825-4055-a051-0465d62eb5ca@group-78E0FE5F723E, cid=1513, SUCCESS, logIndex=2209, commits[4ee04582-2825-4055-a051-0465d62eb5ca:c2210, 97f5b9f0-d9ef-40b5-ba79-7414923e623f:c2208, 7d686585-d831-45bc-93fc-0a553b604b0e:c2208]
2019-07-08 23:04:58,401 INFO  client.GrpcClientProtocolClient (GrpcClientProtocolClient.java:onNext(255)) - client-CEF4D3493DC0->4ee04582-2825-4055-a051-0465d62eb5ca: receive RaftClientReply:client-CEF4D3493DC0->4ee04582-2825-4055-a051-0465d62eb5ca@group-78E0FE5F723E, cid=1514, SUCCESS, logIndex=2210, commits[4ee04582-2825-4055-a051-0465d62eb5ca:c2210, 97f5b9f0-d9ef-40b5-ba79-7414923e623f:c2208, 7d686585-d831-45bc-93fc-0a553b604b0e:c2208]
2019-07-08 23:04:58,412 INFO  client.GrpcClientProtocolClient (GrpcClientProtocolClient.java:onNext(255)) - client-CEF4D3493DC0->4ee04582-2825-4055-a051-0465d62eb5ca: receive RaftClientReply:client-CEF4D3493DC0->4ee04582-2825-4055-a051-0465d62eb5ca@group-78E0FE5F723E, cid=1515, SUCCESS, logIndex=2213, commits[4ee04582-2825-4055-a051-0465d62eb5ca:c2214, 97f5b9f0-d9ef-40b5-ba79-7414923e623f:c2211, 7d686585-d831-45bc-93fc-0a553b604b0e:c2211]
2019-07-08 23:04:58,412 INFO  client.GrpcClientProtocolClient (GrpcClientProtocolClient.java:onNext(255)) - client-CEF4D3493DC0->4ee04582-2825-4055-a051-0465d62eb5ca: receive RaftClientReply:client-CEF4D3493DC0->4ee04582-2825-4055-a051-0465d62eb5ca@group-78E0FE5F723E, cid=1516, SUCCESS, logIndex=2214, commits[4ee04582-2825-4055-a051-0465d62eb5ca:c2214, 97f5b9f0-d9ef-40b5-ba79-7414923e623f:c2211, 7d686585-d831-45bc-93fc-0a553b604b0e:c2211]
2019-07-08 23:04:58,414 INFO  client.GrpcClientProtocolClient (GrpcClientProtocolClient.java:onNext(255)) - client-CEF4D3493DC0->4ee04582-2825-4055-a051-0465d62eb5ca: receive RaftClientReply:client-CEF4D3493DC0->4ee04582-2825-4055-a051-0465d62eb5ca@group-78E0FE5F723E, cid=1517, SUCCESS, logIndex=0, commits[4ee04582-2825-4055-a051-0465d62eb5ca:c2215, 97f5b9f0-d9ef-40b5-ba79-7414923e623f:c2214, 7d686585-d831-45bc-93fc-0a553b604b0e:c2214]
2019-07-08 23:04:58,432 INFO  client.GrpcClientProtocolClient (GrpcClientProtocolClient.java:onNext(255)) - client-CEF4D3493DC0->4ee04582-2825-4055-a051-0465d62eb5ca: receive RaftClientReply:client-CEF4D3493DC0->4ee04582-2825-4055-a051-0465d62eb5ca@group-78E0FE5F723E, cid=1518, SUCCESS, logIndex=2217, commits[4ee04582-2825-4055-a051-0465d62eb5ca:c2220, 97f5b9f0-d9ef-40b5-ba79-7414923e623f:c2216, 7d686585-d831-45bc-93fc-0a553b604b0e:c2214]
2019-07-08 23:04:58,432 INFO  client.GrpcClientProtocolClient (GrpcClientProtocolClient.java:onNext(255)) - client-CEF4D3493DC0->4ee04582-2825-4055-a051-0465d62eb5ca: receive RaftClientReply:client-CEF4D3493DC0->4ee04582-2825-4055-a051-0465d62eb5ca@group-78E0FE5F723E, cid=1519, SUCCESS, logIndex=2218, commits[4ee04582-2825-4055-a051-0465d62eb5ca:c2220, 97f5b9f0-d9ef-40b5-ba79-7414923e623f:c2216, 7d686585-d831-45bc-93fc-0a553b604b0e:c2214]
2019-07-08 23:04:58,433 INFO  client.GrpcClientProtocolClient (GrpcClientProtocolClient.java:onNext(255)) - client-CEF4D3493DC0->4ee04582-2825-4055-a051-0465d62eb5ca: receive RaftClientReply:client-CEF4D3493DC0->4ee04582-2825-4055-a051-0465d62eb5ca@group-78E0FE5F723E, cid=1520, SUCCESS, logIndex=2219, commits[4ee04582-2825-4055-a051-0465d62eb5ca:c2220, 97f5b9f0-d9ef-40b5-ba79-7414923e623f:c2216, 7d686585-d831-45bc-93fc-0a553b604b0e:c2216]
2019-07-08 23:04:58,433 INFO  client.GrpcClientProtocolClient (GrpcClientProtocolClient.java:onNext(255)) - client-CEF4D3493DC0->4ee04582-2825-4055-a051-0465d62eb5ca: receive RaftClientReply:client-CEF4D3493DC0->4ee04582-2825-4055-a051-0465d62eb5ca@group-78E0FE5F723E, cid=1521, SUCCESS, logIndex=2220, commits[4ee04582-2825-4055-a051-0465d62eb5ca:c2220, 97f5b9f0-d9ef-40b5-ba79-7414923e623f:c2216, 7d686585-d831-45bc-93fc-0a553b604b0e:c2216]
2019-07-08 23:04:58,436 INFO  client.GrpcClientProtocolClient (GrpcClientProtocolClient.java:onNext(255)) - client-CEF4D3493DC0->4ee04582-2825-4055-a051-0465d62eb5ca: receive RaftClientReply:client-CEF4D3493DC0->4ee04582-2825-4055-a051-0465d62eb5ca@group-78E0FE5F723E, cid=1522, SUCCESS, logIndex=0, commits[4ee04582-2825-4055-a051-0465d62eb5ca:c2221, 97f5b9f0-d9ef-40b5-ba79-7414923e623f:c2218, 7d686585-d831-45bc-93fc-0a553b604b0e:c2218]
2019-07-08 23:04:58,446 INFO  client.GrpcClientProtocolClient (GrpcClientProtocolClient.java:onNext(255)) - client-CEF4D3493DC0->4ee04582-2825-4055-a051-0465d62eb5ca: receive RaftClientReply:client-CEF4D3493DC0->4ee04582-2825-4055-a051-0465d62eb5ca@group-78E0FE5F723E, cid=1523, SUCCESS, logIndex=2225, commits[4ee04582-2825-4055-a051-0465d62eb5ca:c2226, 97f5b9f0-d9ef-40b5-ba79-7414923e623f:c2224, 7d686585-d831-45bc-93fc-0a553b604b0e:c2220]
2019-07-08 23:04:58,446 INFO  client.GrpcClientProtocolClient (GrpcClientProtocolClient.java:onNext(255)) - client-CEF4D3493DC0->4ee04582-2825-4055-a051-0465d62eb5ca: receive RaftClientReply:client-CEF4D3493DC0->4ee04582-2825-4055-a051-0465d62eb5ca@group-78E0FE5F723E, cid=1524, SUCCESS, logIndex=2226, commits[4ee04582-2825-4055-a051-0465d62eb5ca:c2226, 97f5b9f0-d9ef-40b5-ba79-7414923e623f:c2224, 7d686585-d831-45bc-93fc-0a553b604b0e:c2224]
2019-07-08 23:04:58,456 INFO  client.GrpcClientProtocolClient (GrpcClientProtocolClient.java:onNext(255)) - client-CEF4D3493DC0->4ee04582-2825-4055-a051-0465d62eb5ca: receive RaftClientReply:client-CEF4D3493DC0->4ee04582-2825-4055-a051-0465d62eb5ca@group-78E0FE5F723E, cid=1525, SUCCESS, logIndex=2229, commits[4ee04582-2825-4055-a051-0465d62eb5ca:c2230, 97f5b9f0-d9ef-40b5-ba79-7414923e623f:c2228, 7d686585-d831-45bc-93fc-0a553b604b0e:c2226]
2019-07-08 23:04:58,456 INFO  client.GrpcClientProtocolClient (GrpcClientProtocolClient.java:onNext(255)) - client-CEF4D3493DC0->4ee04582-2825-4055-a051-0465d62eb5ca: receive RaftClientReply:client-CEF4D3493DC0->4ee04582-2825-4055-a051-0465d62eb5ca@group-78E0FE5F723E, cid=1526, SUCCESS, logIndex=2230, commits[4ee04582-2825-4055-a051-0465d62eb5ca:c2230, 97f5b9f0-d9ef-40b5-ba79-7414923e623f:c2228, 7d686585-d831-45bc-93fc-0a553b604b0e:c2226]
2019-07-08 23:04:58,460 INFO  client.GrpcClientProtocolClient (GrpcClientProtocolClient.java:onNext(255)) - client-CEF4D3493DC0->4ee04582-2825-4055-a051-0465d62eb5ca: receive RaftClientReply:client-CEF4D3493DC0->4ee04582-2825-4055-a051-0465d62eb5ca@group-78E0FE5F723E, cid=1527, SUCCESS, logIndex=0, commits[4ee04582-2825-4055-a051-0465d62eb5ca:c2232, 97f5b9f0-d9ef-40b5-ba79-7414923e623f:c2230, 7d686585-d831-45bc-93fc-0a553b604b0e:c2230]
2019-07-08 23:04:58,481 INFO  client.GrpcClientProtocolClient (GrpcClientProtocolClient.java:onNext(255)) - client-CEF4D3493DC0->4ee04582-2825-4055-a051-0465d62eb5ca: receive RaftClientReply:client-CEF4D3493DC0->4ee04582-2825-4055-a051-0465d62eb5ca@group-78E0FE5F723E, cid=1528, SUCCESS, logIndex=2233, commits[4ee04582-2825-4055-a051-0465d62eb5ca:c2236, 97f5b9f0-d9ef-40b5-ba79-7414923e623f:c2232, 7d686585-d831-45bc-93fc-0a553b604b0e:c2232]
2019-07-08 23:04:58,481 INFO  client.GrpcClientProtocolClient (GrpcClientProtocolClient.java:onNext(255)) - client-CEF4D3493DC0->4ee04582-2825-4055-a051-0465d62eb5ca: receive RaftClientReply:client-CEF4D3493DC0->4ee04582-2825-4055-a051-0465d62eb5ca@group-78E0FE5F723E, cid=1529, SUCCESS, logIndex=2234, commits[4ee04582-2825-4055-a051-0465d62eb5ca:c2236, 97f5b9f0-d9ef-40b5-ba79-7414923e623f:c2232, 7d686585-d831-45bc-93fc-0a553b604b0e:c2232]
2019-07-08 23:04:58,481 INFO  client.GrpcClientProtocolClient (GrpcClientProtocolClient.java:onNext(255)) - client-CEF4D3493DC0->4ee04582-2825-4055-a051-0465d62eb5ca: receive RaftClientReply:client-CEF4D3493DC0->4ee04582-2825-4055-a051-0465d62eb5ca@group-78E0FE5F723E, cid=1530, SUCCESS, logIndex=2235, commits[4ee04582-2825-4055-a051-0465d62eb5ca:c2236, 97f5b9f0-d9ef-40b5-ba79-7414923e623f:c2232, 7d686585-d831-45bc-93fc-0a553b604b0e:c2232]
2019-07-08 23:04:58,481 INFO  client.GrpcClientProtocolClient (GrpcClientProtocolClient.java:onNext(255)) - client-CEF4D3493DC0->4ee04582-2825-4055-a051-0465d62eb5ca: receive RaftClientReply:client-CEF4D3493DC0->4ee04582-2825-4055-a051-0465d62eb5ca@group-78E0FE5F723E, cid=1531, SUCCESS, logIndex=2236, commits[4ee04582-2825-4055-a051-0465d62eb5ca:c2236, 97f5b9f0-d9ef-40b5-ba79-7414923e623f:c2232, 7d686585-d831-45bc-93fc-0a553b604b0e:c2232]
2019-07-08 23:04:58,488 INFO  client.GrpcClientProtocolClient (GrpcClientProtocolClient.java:onNext(255)) - client-CEF4D3493DC0->4ee04582-2825-4055-a051-0465d62eb5ca: receive RaftClientReply:client-CEF4D3493DC0->4ee04582-2825-4055-a051-0465d62eb5ca@group-78E0FE5F723E, cid=1532, SUCCESS, logIndex=0, commits[4ee04582-2825-4055-a051-0465d62eb5ca:c2237, 97f5b9f0-d9ef-40b5-ba79-7414923e623f:c2236, 7d686585-d831-45bc-93fc-0a553b604b0e:c2236]
2019-07-08 23:04:58,600 INFO  client.GrpcClientProtocolClient (GrpcClientProtocolClient.java:onNext(255)) - client-CEF4D3493DC0->4ee04582-2825-4055-a051-0465d62eb5ca: receive RaftClientReply:client-CEF4D3493DC0->4ee04582-2825-4055-a051-0465d62eb5ca@group-78E0FE5F723E, cid=1533, SUCCESS, logIndex=2240, commits[4ee04582-2825-4055-a051-0465d62eb5ca:c2241, 97f5b9f0-d9ef-40b5-ba79-7414923e623f:c2239, 7d686585-d831-45bc-93fc-0a553b604b0e:c2239]
2019-07-08 23:04:58,601 INFO  client.GrpcClientProtocolClient (GrpcClientProtocolClient.java:onNext(255)) - client-CEF4D3493DC0->4ee04582-2825-4055-a051-0465d62eb5ca: receive RaftClientReply:client-CEF4D3493DC0->4ee04582-2825-4055-a051-0465d62eb5ca@group-78E0FE5F723E, cid=1534, SUCCESS, logIndex=2241, commits[4ee04582-2825-4055-a051-0465d62eb5ca:c2241, 97f5b9f0-d9ef-40b5-ba79-7414923e623f:c2239, 7d686585-d831-45bc-93fc-0a553b604b0e:c2239]
2019-07-08 23:04:58,625 INFO  client.GrpcClientProtocolClient (GrpcClientProtocolClient.java:onNext(255)) - client-CEF4D3493DC0->4ee04582-2825-4055-a051-0465d62eb5ca: receive RaftClientReply:client-CEF4D3493DC0->4ee04582-2825-4055-a051-0465d62eb5ca@group-78E0FE5F723E, cid=1535, SUCCESS, logIndex=2244, commits[4ee04582-2825-4055-a051-0465d62eb5ca:c2245, 97f5b9f0-d9ef-40b5-ba79-7414923e623f:c2243, 7d686585-d831-45bc-93fc-0a553b604b0e:c2243]
2019-07-08 23:04:58,625 INFO  client.GrpcClientProtocolClient (GrpcClientProtocolClient.java:onNext(255)) - client-CEF4D3493DC0->4ee04582-2825-4055-a051-0465d62eb5ca: receive RaftClientReply:client-CEF4D3493DC0->4ee04582-2825-4055-a051-0465d62eb5ca@group-78E0FE5F723E, cid=1536, SUCCESS, logIndex=2245, commits[4ee04582-2825-4055-a051-0465d62eb5ca:c2245, 97f5b9f0-d9ef-40b5-ba79-7414923e623f:c2243, 7d686585-d831-45bc-93fc-0a553b604b0e:c2243]
2019-07-08 23:04:58,629 INFO  client.GrpcClientProtocolClient (GrpcClientProtocolClient.java:onNext(255)) - client-CEF4D3493DC0->4ee04582-2825-4055-a051-0465d62eb5ca: receive RaftClientReply:client-CEF4D3493DC0->4ee04582-2825-4055-a051-0465d62eb5ca@group-78E0FE5F723E, cid=1537, SUCCESS, logIndex=0, commits[4ee04582-2825-4055-a051-0465d62eb5ca:c2246, 97f5b9f0-d9ef-40b5-ba79-7414923e623f:c2245, 7d686585-d831-45bc-93fc-0a553b604b0e:c2245]
2019-07-08 23:04:58,655 INFO  client.GrpcClientProtocolClient (GrpcClientProtocolClient.java:onNext(255)) - client-CEF4D3493DC0->4ee04582-2825-4055-a051-0465d62eb5ca: receive RaftClientReply:client-CEF4D3493DC0->4ee04582-2825-4055-a051-0465d62eb5ca@group-78E0FE5F723E, cid=1538, SUCCESS, logIndex=2248, commits[4ee04582-2825-4055-a051-0465d62eb5ca:c2251, 97f5b9f0-d9ef-40b5-ba79-7414923e623f:c2245, 7d686585-d831-45bc-93fc-0a553b604b0e:c2247]
2019-07-08 23:04:58,656 INFO  client.GrpcClientProtocolClient (GrpcClientProtocolClient.java:onNext(255)) - client-CEF4D3493DC0->4ee04582-2825-4055-a051-0465d62eb5ca: receive RaftClientReply:client-CEF4D3493DC0->4ee04582-2825-4055-a051-0465d62eb5ca@group-78E0FE5F723E, cid=1539, SUCCESS, logIndex=2249, commits[4ee04582-2825-4055-a051-0465d62eb5ca:c2251, 97f5b9f0-d9ef-40b5-ba79-7414923e623f:c2245, 7d686585-d831-45bc-93fc-0a553b604b0e:c2247]
2019-07-08 23:04:58,657 INFO  client.GrpcClientProtocolClient (GrpcClientProtocolClient.java:onNext(255)) - client-CEF4D3493DC0->4ee04582-2825-4055-a051-0465d62eb5ca: receive RaftClientReply:client-CEF4D3493DC0->4ee04582-2825-4055-a051-0465d62eb5ca@group-78E0FE5F723E, cid=1540, SUCCESS, logIndex=2250, commits[4ee04582-2825-4055-a051-0465d62eb5ca:c2251, 97f5b9f0-d9ef-40b5-ba79-7414923e623f:c2245, 7d686585-d831-45bc-93fc-0a553b604b0e:c2247]
2019-07-08 23:04:58,657 INFO  client.GrpcClientProtocolClient (GrpcClientProtocolClient.java:onNext(255)) - client-CEF4D3493DC0->4ee04582-2825-4055-a051-0465d62eb5ca: receive RaftClientReply:client-CEF4D3493DC0->4ee04582-2825-4055-a051-0465d62eb5ca@group-78E0FE5F723E, cid=1541, SUCCESS, logIndex=2251, commits[4ee04582-2825-4055-a051-0465d62eb5ca:c2251, 97f5b9f0-d9ef-40b5-ba79-7414923e623f:c2247, 7d686585-d831-45bc-93fc-0a553b604b0e:c2247]
2019-07-08 23:04:58,661 INFO  client.GrpcClientProtocolClient (GrpcClientProtocolClient.java:onNext(255)) - client-CEF4D3493DC0->4ee04582-2825-4055-a051-0465d62eb5ca: receive RaftClientReply:client-CEF4D3493DC0->4ee04582-2825-4055-a051-0465d62eb5ca@group-78E0FE5F723E, cid=1542, SUCCESS, logIndex=0, commits[4ee04582-2825-4055-a051-0465d62eb5ca:c2255, 97f5b9f0-d9ef-40b5-ba79-7414923e623f:c2251, 7d686585-d831-45bc-93fc-0a553b604b0e:c2251]
2019-07-08 23:04:58,673 INFO  client.GrpcClientProtocolClient (GrpcClientProtocolClient.java:onNext(255)) - client-CEF4D3493DC0->4ee04582-2825-4055-a051-0465d62eb5ca: receive RaftClientReply:client-CEF4D3493DC0->4ee04582-2825-4055-a051-0465d62eb5ca@group-78E0FE5F723E, cid=1543, SUCCESS, logIndex=2256, commits[4ee04582-2825-4055-a051-0465d62eb5ca:c2257, 97f5b9f0-d9ef-40b5-ba79-7414923e623f:c2255, 7d686585-d831-45bc-93fc-0a553b604b0e:c2255]
2019-07-08 23:04:58,674 INFO  client.GrpcClientProtocolClient (GrpcClientProtocolClient.java:onNext(255)) - client-CEF4D3493DC0->4ee04582-2825-4055-a051-0465d62eb5ca: receive RaftClientReply:client-CEF4D3493DC0->4ee04582-2825-4055-a051-0465d62eb5ca@group-78E0FE5F723E, cid=1544, SUCCESS, logIndex=2257, commits[4ee04582-2825-4055-a051-0465d62eb5ca:c2257, 97f5b9f0-d9ef-40b5-ba79-7414923e623f:c2255, 7d686585-d831-45bc-93fc-0a553b604b0e:c2255]
2019-07-08 23:04:58,685 INFO  client.GrpcClientProtocolClient (GrpcClientProtocolClient.java:onNext(255)) - client-CEF4D3493DC0->4ee04582-2825-4055-a051-0465d62eb5ca: receive RaftClientReply:client-CEF4D3493DC0->4ee04582-2825-4055-a051-0465d62eb5ca@group-78E0FE5F723E, cid=1545, SUCCESS, logIndex=2260, commits[4ee04582-2825-4055-a051-0465d62eb5ca:c2261, 97f5b9f0-d9ef-40b5-ba79-7414923e623f:c2259, 7d686585-d831-45bc-93fc-0a553b604b0e:c2257]
2019-07-08 23:04:58,686 INFO  client.GrpcClientProtocolClient (GrpcClientProtocolClient.java:onNext(255)) - client-CEF4D3493DC0->4ee04582-2825-4055-a051-0465d62eb5ca: receive RaftClientReply:client-CEF4D3493DC0->4ee04582-2825-4055-a051-0465d62eb5ca@group-78E0FE5F723E, cid=1546, SUCCESS, logIndex=2261, commits[4ee04582-2825-4055-a051-0465d62eb5ca:c2261, 97f5b9f0-d9ef-40b5-ba79-7414923e623f:c2259, 7d686585-d831-45bc-93fc-0a553b604b0e:c2259]
2019-07-08 23:04:58,687 INFO  client.GrpcClientProtocolClient (GrpcClientProtocolClient.java:onNext(255)) - client-CEF4D3493DC0->4ee04582-2825-4055-a051-0465d62eb5ca: receive RaftClientReply:client-CEF4D3493DC0->4ee04582-2825-4055-a051-0465d62eb5ca@group-78E0FE5F723E, cid=1547, SUCCESS, logIndex=0, commits[4ee04582-2825-4055-a051-0465d62eb5ca:c2262, 97f5b9f0-d9ef-40b5-ba79-7414923e623f:c2261, 7d686585-d831-45bc-93fc-0a553b604b0e:c2261]
2019-07-08 23:04:58,707 INFO  client.GrpcClientProtocolClient (GrpcClientProtocolClient.java:onNext(255)) - client-CEF4D3493DC0->4ee04582-2825-4055-a051-0465d62eb5ca: receive RaftClientReply:client-CEF4D3493DC0->4ee04582-2825-4055-a051-0465d62eb5ca@group-78E0FE5F723E, cid=1548, SUCCESS, logIndex=2264, commits[4ee04582-2825-4055-a051-0465d62eb5ca:c2265, 97f5b9f0-d9ef-40b5-ba79-7414923e623f:c2263, 7d686585-d831-45bc-93fc-0a553b604b0e:c2261]
2019-07-08 23:04:58,710 INFO  client.GrpcClientProtocolClient (GrpcClientProtocolClient.java:onNext(255)) - client-CEF4D3493DC0->4ee04582-2825-4055-a051-0465d62eb5ca: receive RaftClientReply:client-CEF4D3493DC0->4ee04582-2825-4055-a051-0465d62eb5ca@group-78E0FE5F723E, cid=1549, SUCCESS, logIndex=2265, commits[4ee04582-2825-4055-a051-0465d62eb5ca:c2265, 97f5b9f0-d9ef-40b5-ba79-7414923e623f:c2263, 7d686585-d831-45bc-93fc-0a553b604b0e:c2263]
2019-07-08 23:04:58,713 INFO  client.GrpcClientProtocolClient (GrpcClientProtocolClient.java:onNext(255)) - client-CEF4D3493DC0->4ee04582-2825-4055-a051-0465d62eb5ca: receive RaftClientReply:client-CEF4D3493DC0->4ee04582-2825-4055-a051-0465d62eb5ca@group-78E0FE5F723E, cid=1550, SUCCESS, logIndex=2266, commits[4ee04582-2825-4055-a051-0465d62eb5ca:c2267, 97f5b9f0-d9ef-40b5-ba79-7414923e623f:c2263, 7d686585-d831-45bc-93fc-0a553b604b0e:c2263]
2019-07-08 23:04:58,713 INFO  client.GrpcClientProtocolClient (GrpcClientProtocolClient.java:onNext(255)) - client-CEF4D3493DC0->4ee04582-2825-4055-a051-0465d62eb5ca: receive RaftClientReply:client-CEF4D3493DC0->4ee04582-2825-4055-a051-0465d62eb5ca@group-78E0FE5F723E, cid=1551, SUCCESS, logIndex=2267, commits[4ee04582-2825-4055-a051-0465d62eb5ca:c2267, 97f5b9f0-d9ef-40b5-ba79-7414923e623f:c2263, 7d686585-d831-45bc-93fc-0a553b604b0e:c2263]
2019-07-08 23:04:58,717 INFO  client.GrpcClientProtocolClient (GrpcClientProtocolClient.java:onNext(255)) - client-CEF4D3493DC0->4ee04582-2825-4055-a051-0465d62eb5ca: receive RaftClientReply:client-CEF4D3493DC0->4ee04582-2825-4055-a051-0465d62eb5ca@group-78E0FE5F723E, cid=1552, SUCCESS, logIndex=0, commits[4ee04582-2825-4055-a051-0465d62eb5ca:c2268, 97f5b9f0-d9ef-40b5-ba79-7414923e623f:c2265, 7d686585-d831-45bc-93fc-0a553b604b0e:c2265]
2019-07-08 23:04:58,727 INFO  client.GrpcClientProtocolClient (GrpcClientProtocolClient.java:onNext(255)) - client-CEF4D3493DC0->4ee04582-2825-4055-a051-0465d62eb5ca: receive RaftClientReply:client-CEF4D3493DC0->4ee04582-2825-4055-a051-0465d62eb5ca@group-78E0FE5F723E, cid=1553, SUCCESS, logIndex=2272, commits[4ee04582-2825-4055-a051-0465d62eb5ca:c2273, 97f5b9f0-d9ef-40b5-ba79-7414923e623f:c2271, 7d686585-d831-45bc-93fc-0a553b604b0e:c2267]
2019-07-08 23:04:58,727 INFO  client.GrpcClientProtocolClient (GrpcClientProtocolClient.java:onNext(255)) - client-CEF4D3493DC0->4ee04582-2825-4055-a051-0465d62eb5ca: receive RaftClientReply:client-CEF4D3493DC0->4ee04582-2825-4055-a051-0465d62eb5ca@group-78E0FE5F723E, cid=1554, SUCCESS, logIndex=2273, commits[4ee04582-2825-4055-a051-0465d62eb5ca:c2273, 97f5b9f0-d9ef-40b5-ba79-7414923e623f:c2271, 7d686585-d831-45bc-93fc-0a553b604b0e:c2271]
2019-07-08 23:04:58,738 INFO  client.GrpcClientProtocolClient (GrpcClientProtocolClient.java:onNext(255)) - client-CEF4D3493DC0->4ee04582-2825-4055-a051-0465d62eb5ca: receive RaftClientReply:client-CEF4D3493DC0->4ee04582-2825-4055-a051-0465d62eb5ca@group-78E0FE5F723E, cid=1555, SUCCESS, logIndex=2276, commits[4ee04582-2825-4055-a051-0465d62eb5ca:c2277, 97f5b9f0-d9ef-40b5-ba79-7414923e623f:c2275, 7d686585-d831-45bc-93fc-0a553b604b0e:c2273]
2019-07-08 23:04:58,738 INFO  client.GrpcClientProtocolClient (GrpcClientProtocolClient.java:onNext(255)) - client-CEF4D3493DC0->4ee04582-2825-4055-a051-0465d62eb5ca: receive RaftClientReply:client-CEF4D3493DC0->4ee04582-2825-4055-a051-0465d62eb5ca@group-78E0FE5F723E, cid=1556, SUCCESS, logIndex=2277, commits[4ee04582-2825-4055-a051-0465d62eb5ca:c2277, 97f5b9f0-d9ef-40b5-ba79-7414923e623f:c2275, 7d686585-d831-45bc-93fc-0a553b604b0e:c2275]
2019-07-08 23:04:58,743 INFO  client.GrpcClientProtocolClient (GrpcClientProtocolClient.java:onNext(255)) - client-CEF4D3493DC0->4ee04582-2825-4055-a051-0465d62eb5ca: receive RaftClientReply:client-CEF4D3493DC0->4ee04582-2825-4055-a051-0465d62eb5ca@group-78E0FE5F723E, cid=1557, SUCCESS, logIndex=0, commits[4ee04582-2825-4055-a051-0465d62eb5ca:c2278, 97f5b9f0-d9ef-40b5-ba79-7414923e623f:c2277, 7d686585-d831-45bc-93fc-0a553b604b0e:c2277]
2019-07-08 23:04:58,761 INFO  client.GrpcClientProtocolClient (GrpcClientProtocolClient.java:onNext(255)) - client-CEF4D3493DC0->4ee04582-2825-4055-a051-0465d62eb5ca: receive RaftClientReply:client-CEF4D3493DC0->4ee04582-2825-4055-a051-0465d62eb5ca@group-78E0FE5F723E, cid=1558, SUCCESS, logIndex=2280, commits[4ee04582-2825-4055-a051-0465d62eb5ca:c2281, 97f5b9f0-d9ef-40b5-ba79-7414923e623f:c2279, 7d686585-d831-45bc-93fc-0a553b604b0e:c2277]
2019-07-08 23:04:58,762 INFO  client.GrpcClientProtocolClient (GrpcClientProtocolClient.java:onNext(255)) - client-CEF4D3493DC0->4ee04582-2825-4055-a051-0465d62eb5ca: receive RaftClientReply:client-CEF4D3493DC0->4ee04582-2825-4055-a051-0465d62eb5ca@group-78E0FE5F723E, cid=1559, SUCCESS, logIndex=2281, commits[4ee04582-2825-4055-a051-0465d62eb5ca:c2281, 97f5b9f0-d9ef-40b5-ba79-7414923e623f:c2279, 7d686585-d831-45bc-93fc-0a553b604b0e:c2277]
2019-07-08 23:04:58,765 INFO  client.GrpcClientProtocolClient (GrpcClientProtocolClient.java:onNext(255)) - client-CEF4D3493DC0->4ee04582-2825-4055-a051-0465d62eb5ca: receive RaftClientReply:client-CEF4D3493DC0->4ee04582-2825-4055-a051-0465d62eb5ca@group-78E0FE5F723E, cid=1560, SUCCESS, logIndex=2282, commits[4ee04582-2825-4055-a051-0465d62eb5ca:c2283, 97f5b9f0-d9ef-40b5-ba79-7414923e623f:c2279, 7d686585-d831-45bc-93fc-0a553b604b0e:c2279]
2019-07-08 23:04:58,765 INFO  client.GrpcClientProtocolClient (GrpcClientProtocolClient.java:onNext(255)) - client-CEF4D3493DC0->4ee04582-2825-4055-a051-0465d62eb5ca: receive RaftClientReply:client-CEF4D3493DC0->4ee04582-2825-4055-a051-0465d62eb5ca@group-78E0FE5F723E, cid=1561, SUCCESS, logIndex=2283, commits[4ee04582-2825-4055-a051-0465d62eb5ca:c2283, 97f5b9f0-d9ef-40b5-ba79-7414923e623f:c2279, 7d686585-d831-45bc-93fc-0a553b604b0e:c2279]
2019-07-08 23:04:58,768 INFO  client.GrpcClientProtocolClient (GrpcClientProtocolClient.java:onNext(255)) - client-CEF4D3493DC0->4ee04582-2825-4055-a051-0465d62eb5ca: receive RaftClientReply:client-CEF4D3493DC0->4ee04582-2825-4055-a051-0465d62eb5ca@group-78E0FE5F723E, cid=1562, SUCCESS, logIndex=0, commits[4ee04582-2825-4055-a051-0465d62eb5ca:c2285, 97f5b9f0-d9ef-40b5-ba79-7414923e623f:c2281, 7d686585-d831-45bc-93fc-0a553b604b0e:c2281]
2019-07-08 23:04:58,778 INFO  client.GrpcClientProtocolClient (GrpcClientProtocolClient.java:onNext(255)) - client-CEF4D3493DC0->4ee04582-2825-4055-a051-0465d62eb5ca: receive RaftClientReply:client-CEF4D3493DC0->4ee04582-2825-4055-a051-0465d62eb5ca@group-78E0FE5F723E, cid=1563, SUCCESS, logIndex=2288, commits[4ee04582-2825-4055-a051-0465d62eb5ca:c2289, 97f5b9f0-d9ef-40b5-ba79-7414923e623f:c2287, 7d686585-d831-45bc-93fc-0a553b604b0e:c2283]
2019-07-08 23:04:58,778 INFO  client.GrpcClientProtocolClient (GrpcClientProtocolClient.java:onNext(255)) - client-CEF4D3493DC0->4ee04582-2825-4055-a051-0465d62eb5ca: receive RaftClientReply:client-CEF4D3493DC0->4ee04582-2825-4055-a051-0465d62eb5ca@group-78E0FE5F723E, cid=1564, SUCCESS, logIndex=2289, commits[4ee04582-2825-4055-a051-0465d62eb5ca:c2289, 97f5b9f0-d9ef-40b5-ba79-7414923e623f:c2287, 7d686585-d831-45bc-93fc-0a553b604b0e:c2283]
2019-07-08 23:04:58,789 INFO  client.GrpcClientProtocolClient (GrpcClientProtocolClient.java:onNext(255)) - client-CEF4D3493DC0->4ee04582-2825-4055-a051-0465d62eb5ca: receive RaftClientReply:client-CEF4D3493DC0->4ee04582-2825-4055-a051-0465d62eb5ca@group-78E0FE5F723E, cid=1565, SUCCESS, logIndex=2292, commits[4ee04582-2825-4055-a051-0465d62eb5ca:c2293, 97f5b9f0-d9ef-40b5-ba79-7414923e623f:c2291, 7d686585-d831-45bc-93fc-0a553b604b0e:c2289]
2019-07-08 23:04:58,789 INFO  client.GrpcClientProtocolClient (GrpcClientProtocolClient.java:onNext(255)) - client-CEF4D3493DC0->4ee04582-2825-4055-a051-0465d62eb5ca: receive RaftClientReply:client-CEF4D3493DC0->4ee04582-2825-4055-a051-0465d62eb5ca@group-78E0FE5F723E, cid=1566, SUCCESS, logIndex=2293, commits[4ee04582-2825-4055-a051-0465d62eb5ca:c2293, 97f5b9f0-d9ef-40b5-ba79-7414923e623f:c2291, 7d686585-d831-45bc-93fc-0a553b604b0e:c2291]
2019-07-08 23:04:58,795 INFO  client.GrpcClientProtocolClient (GrpcClientProtocolClient.java:onNext(255)) - client-CEF4D3493DC0->4ee04582-2825-4055-a051-0465d62eb5ca: receive RaftClientReply:client-CEF4D3493DC0->4ee04582-2825-4055-a051-0465d62eb5ca@group-78E0FE5F723E, cid=1567, SUCCESS, logIndex=0, commits[4ee04582-2825-4055-a051-0465d62eb5ca:c2294, 97f5b9f0-d9ef-40b5-ba79-7414923e623f:c2293, 7d686585-d831-45bc-93fc-0a553b604b0e:c2293]
2019-07-08 23:04:58,815 INFO  client.GrpcClientProtocolClient (GrpcClientProtocolClient.java:onNext(255)) - client-CEF4D3493DC0->4ee04582-2825-4055-a051-0465d62eb5ca: receive RaftClientReply:client-CEF4D3493DC0->4ee04582-2825-4055-a051-0465d62eb5ca@group-78E0FE5F723E, cid=1568, SUCCESS, logIndex=2296, commits[4ee04582-2825-4055-a051-0465d62eb5ca:c2297, 97f5b9f0-d9ef-40b5-ba79-7414923e623f:c2293, 7d686585-d831-45bc-93fc-0a553b604b0e:c2295]
2019-07-08 23:04:58,816 INFO  client.GrpcClientProtocolClient (GrpcClientProtocolClient.java:onNext(255)) - client-CEF4D3493DC0->4ee04582-2825-4055-a051-0465d62eb5ca: receive RaftClientReply:client-CEF4D3493DC0->4ee04582-2825-4055-a051-0465d62eb5ca@group-78E0FE5F723E, cid=1569, SUCCESS, logIndex=2297, commits[4ee04582-2825-4055-a051-0465d62eb5ca:c2297, 97f5b9f0-d9ef-40b5-ba79-7414923e623f:c2293, 7d686585-d831-45bc-93fc-0a553b604b0e:c2295]
2019-07-08 23:04:58,818 INFO  client.GrpcClientProtocolClient (GrpcClientProtocolClient.java:onNext(255)) - client-CEF4D3493DC0->4ee04582-2825-4055-a051-0465d62eb5ca: receive RaftClientReply:client-CEF4D3493DC0->4ee04582-2825-4055-a051-0465d62eb5ca@group-78E0FE5F723E, cid=1570, SUCCESS, logIndex=2298, commits[4ee04582-2825-4055-a051-0465d62eb5ca:c2299, 97f5b9f0-d9ef-40b5-ba79-7414923e623f:c2295, 7d686585-d831-45bc-93fc-0a553b604b0e:c2295]
2019-07-08 23:04:58,818 INFO  client.GrpcClientProtocolClient (GrpcClientProtocolClient.java:onNext(255)) - client-CEF4D3493DC0->4ee04582-2825-4055-a051-0465d62eb5ca: receive RaftClientReply:client-CEF4D3493DC0->4ee04582-2825-4055-a051-0465d62eb5ca@group-78E0FE5F723E, cid=1571, SUCCESS, logIndex=2299, commits[4ee04582-2825-4055-a051-0465d62eb5ca:c2299, 97f5b9f0-d9ef-40b5-ba79-7414923e623f:c2295, 7d686585-d831-45bc-93fc-0a553b604b0e:c2295]
2019-07-08 23:04:58,822 INFO  client.GrpcClientProtocolClient (GrpcClientProtocolClient.java:onNext(255)) - client-CEF4D3493DC0->4ee04582-2825-4055-a051-0465d62eb5ca: receive RaftClientReply:client-CEF4D3493DC0->4ee04582-2825-4055-a051-0465d62eb5ca@group-78E0FE5F723E, cid=1572, SUCCESS, logIndex=0, commits[4ee04582-2825-4055-a051-0465d62eb5ca:c2301, 97f5b9f0-d9ef-40b5-ba79-7414923e623f:c2297, 7d686585-d831-45bc-93fc-0a553b604b0e:c2297]
2019-07-08 23:04:58,833 INFO  client.GrpcClientProtocolClient (GrpcClientProtocolClient.java:onNext(255)) - client-CEF4D3493DC0->4ee04582-2825-4055-a051-0465d62eb5ca: receive RaftClientReply:client-CEF4D3493DC0->4ee04582-2825-4055-a051-0465d62eb5ca@group-78E0FE5F723E, cid=1573, SUCCESS, logIndex=2304, commits[4ee04582-2825-4055-a051-0465d62eb5ca:c2305, 97f5b9f0-d9ef-40b5-ba79-7414923e623f:c2303, 7d686585-d831-45bc-93fc-0a553b604b0e:c2299]
2019-07-08 23:04:58,833 INFO  client.GrpcClientProtocolClient (GrpcClientProtocolClient.java:onNext(255)) - client-CEF4D3493DC0->4ee04582-2825-4055-a051-0465d62eb5ca: receive RaftClientReply:client-CEF4D3493DC0->4ee04582-2825-4055-a051-0465d62eb5ca@group-78E0FE5F723E, cid=1574, SUCCESS, logIndex=2305, commits[4ee04582-2825-4055-a051-0465d62eb5ca:c2305, 97f5b9f0-d9ef-40b5-ba79-7414923e623f:c2303, 7d686585-d831-45bc-93fc-0a553b604b0e:c2303]
2019-07-08 23:04:58,853 INFO  client.GrpcClientProtocolClient (GrpcClientProtocolClient.java:onNext(255)) - client-CEF4D3493DC0->4ee04582-2825-4055-a051-0465d62eb5ca: receive RaftClientReply:client-CEF4D3493DC0->4ee04582-2825-4055-a051-0465d62eb5ca@group-78E0FE5F723E, cid=1575, SUCCESS, logIndex=2308, commits[4ee04582-2825-4055-a051-0465d62eb5ca:c2309, 97f5b9f0-d9ef-40b5-ba79-7414923e623f:c2307, 7d686585-d831-45bc-93fc-0a553b604b0e:c2307]
2019-07-08 23:04:58,853 INFO  client.GrpcClientProtocolClient (GrpcClientProtocolClient.java:onNext(255)) - client-CEF4D3493DC0->4ee04582-2825-4055-a051-0465d62eb5ca: receive RaftClientReply:client-CEF4D3493DC0->4ee04582-2825-4055-a051-0465d62eb5ca@group-78E0FE5F723E, cid=1576, SUCCESS, logIndex=2309, commits[4ee04582-2825-4055-a051-0465d62eb5ca:c2309, 97f5b9f0-d9ef-40b5-ba79-7414923e623f:c2307, 7d686585-d831-45bc-93fc-0a553b604b0e:c2307]
2019-07-08 23:04:58,860 INFO  client.GrpcClientProtocolClient (GrpcClientProtocolClient.java:onNext(255)) - client-CEF4D3493DC0->4ee04582-2825-4055-a051-0465d62eb5ca: receive RaftClientReply:client-CEF4D3493DC0->4ee04582-2825-4055-a051-0465d62eb5ca@group-78E0FE5F723E, cid=1577, SUCCESS, logIndex=0, commits[4ee04582-2825-4055-a051-0465d62eb5ca:c2311, 97f5b9f0-d9ef-40b5-ba79-7414923e623f:c2309, 7d686585-d831-45bc-93fc-0a553b604b0e:c2309]
 0.00% |█                                                                                                    |  0/1 Time: 0:00:082019-07-08 23:04:58,892 INFO  client.GrpcClientProtocolClient (GrpcClientProtocolClient.java:onNext(255)) - client-CEF4D3493DC0->4ee04582-2825-4055-a051-0465d62eb5ca: receive RaftClientReply:client-CEF4D3493DC0->4ee04582-2825-4055-a051-0465d62eb5ca@group-78E0FE5F723E, cid=1578, SUCCESS, logIndex=2312, commits[4ee04582-2825-4055-a051-0465d62eb5ca:c2315, 97f5b9f0-d9ef-40b5-ba79-7414923e623f:c2311, 7d686585-d831-45bc-93fc-0a553b604b0e:c2311]
2019-07-08 23:04:58,893 INFO  client.GrpcClientProtocolClient (GrpcClientProtocolClient.java:onNext(255)) - client-CEF4D3493DC0->4ee04582-2825-4055-a051-0465d62eb5ca: receive RaftClientReply:client-CEF4D3493DC0->4ee04582-2825-4055-a051-0465d62eb5ca@group-78E0FE5F723E, cid=1579, SUCCESS, logIndex=2313, commits[4ee04582-2825-4055-a051-0465d62eb5ca:c2315, 97f5b9f0-d9ef-40b5-ba79-7414923e623f:c2311, 7d686585-d831-45bc-93fc-0a553b604b0e:c2311]
2019-07-08 23:04:58,893 INFO  client.GrpcClientProtocolClient (GrpcClientProtocolClient.java:onNext(255)) - client-CEF4D3493DC0->4ee04582-2825-4055-a051-0465d62eb5ca: receive RaftClientReply:client-CEF4D3493DC0->4ee04582-2825-4055-a051-0465d62eb5ca@group-78E0FE5F723E, cid=1580, SUCCESS, logIndex=2314, commits[4ee04582-2825-4055-a051-0465d62eb5ca:c2315, 97f5b9f0-d9ef-40b5-ba79-7414923e623f:c2311, 7d686585-d831-45bc-93fc-0a553b604b0e:c2311]
2019-07-08 23:04:58,894 INFO  client.GrpcClientProtocolClient (GrpcClientProtocolClient.java:onNext(255)) - client-CEF4D3493DC0->4ee04582-2825-4055-a051-0465d62eb5ca: receive RaftClientReply:client-CEF4D3493DC0->4ee04582-2825-4055-a051-0465d62eb5ca@group-78E0FE5F723E, cid=1581, SUCCESS, logIndex=2315, commits[4ee04582-2825-4055-a051-0465d62eb5ca:c2315, 97f5b9f0-d9ef-40b5-ba79-7414923e623f:c2311, 7d686585-d831-45bc-93fc-0a553b604b0e:c2311]
2019-07-08 23:04:58,895 INFO  client.GrpcClientProtocolClient (GrpcClientProtocolClient.java:onNext(255)) - client-CEF4D3493DC0->4ee04582-2825-4055-a051-0465d62eb5ca: receive RaftClientReply:client-CEF4D3493DC0->4ee04582-2825-4055-a051-0465d62eb5ca@group-78E0FE5F723E, cid=1582, SUCCESS, logIndex=0, commits[4ee04582-2825-4055-a051-0465d62eb5ca:c2316, 97f5b9f0-d9ef-40b5-ba79-7414923e623f:c2314, 7d686585-d831-45bc-93fc-0a553b604b0e:c2314]
2019-07-08 23:04:58,908 INFO  client.GrpcClientProtocolClient (GrpcClientProtocolClient.java:onNext(255)) - client-CEF4D3493DC0->4ee04582-2825-4055-a051-0465d62eb5ca: receive RaftClientReply:client-CEF4D3493DC0->4ee04582-2825-4055-a051-0465d62eb5ca@group-78E0FE5F723E, cid=1583, SUCCESS, logIndex=2319, commits[4ee04582-2825-4055-a051-0465d62eb5ca:c2320, 97f5b9f0-d9ef-40b5-ba79-7414923e623f:c2318, 7d686585-d831-45bc-93fc-0a553b604b0e:c2315]
2019-07-08 23:04:58,908 INFO  client.GrpcClientProtocolClient (GrpcClientProtocolClient.java:onNext(255)) - client-CEF4D3493DC0->4ee04582-2825-4055-a051-0465d62eb5ca: receive RaftClientReply:client-CEF4D3493DC0->4ee04582-2825-4055-a051-0465d62eb5ca@group-78E0FE5F723E, cid=1584, SUCCESS, logIndex=2320, commits[4ee04582-2825-4055-a051-0465d62eb5ca:c2320, 97f5b9f0-d9ef-40b5-ba79-7414923e623f:c2318, 7d686585-d831-45bc-93fc-0a553b604b0e:c2318]
2019-07-08 23:04:58,921 INFO  client.GrpcClientProtocolClient (GrpcClientProtocolClient.java:onNext(255)) - client-CEF4D3493DC0->4ee04582-2825-4055-a051-0465d62eb5ca: receive RaftClientReply:client-CEF4D3493DC0->4ee04582-2825-4055-a051-0465d62eb5ca@group-78E0FE5F723E, cid=1585, SUCCESS, logIndex=2323, commits[4ee04582-2825-4055-a051-0465d62eb5ca:c2324, 97f5b9f0-d9ef-40b5-ba79-7414923e623f:c2322, 7d686585-d831-45bc-93fc-0a553b604b0e:c2322]
2019-07-08 23:04:58,921 INFO  client.GrpcClientProtocolClient (GrpcClientProtocolClient.java:onNext(255)) - client-CEF4D3493DC0->4ee04582-2825-4055-a051-0465d62eb5ca: receive RaftClientReply:client-CEF4D3493DC0->4ee04582-2825-4055-a051-0465d62eb5ca@group-78E0FE5F723E, cid=1586, SUCCESS, logIndex=2324, commits[4ee04582-2825-4055-a051-0465d62eb5ca:c2324, 97f5b9f0-d9ef-40b5-ba79-7414923e623f:c2322, 7d686585-d831-45bc-93fc-0a553b604b0e:c2322]
2019-07-08 23:04:58,922 INFO  client.GrpcClientProtocolClient (GrpcClientProtocolClient.java:onNext(255)) - client-CEF4D3493DC0->4ee04582-2825-4055-a051-0465d62eb5ca: receive RaftClientReply:client-CEF4D3493DC0->4ee04582-2825-4055-a051-0465d62eb5ca@group-78E0FE5F723E, cid=1587, SUCCESS, logIndex=0, commits[4ee04582-2825-4055-a051-0465d62eb5ca:c2326, 97f5b9f0-d9ef-40b5-ba79-7414923e623f:c2324, 7d686585-d831-45bc-93fc-0a553b604b0e:c2324]
2019-07-08 23:04:58,941 INFO  client.GrpcClientProtocolClient (GrpcClientProtocolClient.java:onNext(255)) - client-CEF4D3493DC0->4ee04582-2825-4055-a051-0465d62eb5ca: receive RaftClientReply:client-CEF4D3493DC0->4ee04582-2825-4055-a051-0465d62eb5ca@group-78E0FE5F723E, cid=1588, SUCCESS, logIndex=2327, commits[4ee04582-2825-4055-a051-0465d62eb5ca:c2328, 97f5b9f0-d9ef-40b5-ba79-7414923e623f:c2326, 7d686585-d831-45bc-93fc-0a553b604b0e:c2324]
2019-07-08 23:04:58,942 INFO  client.GrpcClientProtocolClient (GrpcClientProtocolClient.java:onNext(255)) - client-CEF4D3493DC0->4ee04582-2825-4055-a051-0465d62eb5ca: receive RaftClientReply:client-CEF4D3493DC0->4ee04582-2825-4055-a051-0465d62eb5ca@group-78E0FE5F723E, cid=1589, SUCCESS, logIndex=2328, commits[4ee04582-2825-4055-a051-0465d62eb5ca:c2328, 97f5b9f0-d9ef-40b5-ba79-7414923e623f:c2326, 7d686585-d831-45bc-93fc-0a553b604b0e:c2324]
2019-07-08 23:04:58,945 INFO  client.GrpcClientProtocolClient (GrpcClientProtocolClient.java:onNext(255)) - client-CEF4D3493DC0->4ee04582-2825-4055-a051-0465d62eb5ca: receive RaftClientReply:client-CEF4D3493DC0->4ee04582-2825-4055-a051-0465d62eb5ca@group-78E0FE5F723E, cid=1590, SUCCESS, logIndex=2329, commits[4ee04582-2825-4055-a051-0465d62eb5ca:c2330, 97f5b9f0-d9ef-40b5-ba79-7414923e623f:c2326, 7d686585-d831-45bc-93fc-0a553b604b0e:c2326]
2019-07-08 23:04:58,945 INFO  client.GrpcClientProtocolClient (GrpcClientProtocolClient.java:onNext(255)) - client-CEF4D3493DC0->4ee04582-2825-4055-a051-0465d62eb5ca: receive RaftClientReply:client-CEF4D3493DC0->4ee04582-2825-4055-a051-0465d62eb5ca@group-78E0FE5F723E, cid=1591, SUCCESS, logIndex=2330, commits[4ee04582-2825-4055-a051-0465d62eb5ca:c2330, 97f5b9f0-d9ef-40b5-ba79-7414923e623f:c2326, 7d686585-d831-45bc-93fc-0a553b604b0e:c2328]
2019-07-08 23:04:58,946 INFO  client.GrpcClientProtocolClient (GrpcClientProtocolClient.java:onNext(255)) - client-CEF4D3493DC0->4ee04582-2825-4055-a051-0465d62eb5ca: receive RaftClientReply:client-CEF4D3493DC0->4ee04582-2825-4055-a051-0465d62eb5ca@group-78E0FE5F723E, cid=1592, SUCCESS, logIndex=0, commits[4ee04582-2825-4055-a051-0465d62eb5ca:c2332, 97f5b9f0-d9ef-40b5-ba79-7414923e623f:c2328, 7d686585-d831-45bc-93fc-0a553b604b0e:c2328]
2019-07-08 23:04:58,958 INFO  client.GrpcClientProtocolClient (GrpcClientProtocolClient.java:onNext(255)) - client-CEF4D3493DC0->4ee04582-2825-4055-a051-0465d62eb5ca: receive RaftClientReply:client-CEF4D3493DC0->4ee04582-2825-4055-a051-0465d62eb5ca@group-78E0FE5F723E, cid=1593, SUCCESS, logIndex=2335, commits[4ee04582-2825-4055-a051-0465d62eb5ca:c2336, 97f5b9f0-d9ef-40b5-ba79-7414923e623f:c2334, 7d686585-d831-45bc-93fc-0a553b604b0e:c2330]
2019-07-08 23:04:58,958 INFO  client.GrpcClientProtocolClient (GrpcClientProtocolClient.java:onNext(255)) - client-CEF4D3493DC0->4ee04582-2825-4055-a051-0465d62eb5ca: receive RaftClientReply:client-CEF4D3493DC0->4ee04582-2825-4055-a051-0465d62eb5ca@group-78E0FE5F723E, cid=1594, SUCCESS, logIndex=2336, commits[4ee04582-2825-4055-a051-0465d62eb5ca:c2336, 97f5b9f0-d9ef-40b5-ba79-7414923e623f:c2334, 7d686585-d831-45bc-93fc-0a553b604b0e:c2334]
2019-07-08 23:04:58,969 INFO  client.GrpcClientProtocolClient (GrpcClientProtocolClient.java:onNext(255)) - client-CEF4D3493DC0->4ee04582-2825-4055-a051-0465d62eb5ca: receive RaftClientReply:client-CEF4D3493DC0->4ee04582-2825-4055-a051-0465d62eb5ca@group-78E0FE5F723E, cid=1595, SUCCESS, logIndex=2339, commits[4ee04582-2825-4055-a051-0465d62eb5ca:c2340, 97f5b9f0-d9ef-40b5-ba79-7414923e623f:c2337, 7d686585-d831-45bc-93fc-0a553b604b0e:c2336]
2019-07-08 23:04:58,969 INFO  client.GrpcClientProtocolClient (GrpcClientProtocolClient.java:onNext(255)) - client-CEF4D3493DC0->4ee04582-2825-4055-a051-0465d62eb5ca: receive RaftClientReply:client-CEF4D3493DC0->4ee04582-2825-4055-a051-0465d62eb5ca@group-78E0FE5F723E, cid=1596, SUCCESS, logIndex=2340, commits[4ee04582-2825-4055-a051-0465d62eb5ca:c2340, 97f5b9f0-d9ef-40b5-ba79-7414923e623f:c2337, 7d686585-d831-45bc-93fc-0a553b604b0e:c2337]
2019-07-08 23:04:58,970 INFO  client.GrpcClientProtocolClient (GrpcClientProtocolClient.java:onNext(255)) - client-CEF4D3493DC0->4ee04582-2825-4055-a051-0465d62eb5ca: receive RaftClientReply:client-CEF4D3493DC0->4ee04582-2825-4055-a051-0465d62eb5ca@group-78E0FE5F723E, cid=1597, SUCCESS, logIndex=0, commits[4ee04582-2825-4055-a051-0465d62eb5ca:c2341, 97f5b9f0-d9ef-40b5-ba79-7414923e623f:c2340, 7d686585-d831-45bc-93fc-0a553b604b0e:c2340]
2019-07-08 23:04:58,997 INFO  client.GrpcClientProtocolClient (GrpcClientProtocolClient.java:onNext(255)) - client-CEF4D3493DC0->4ee04582-2825-4055-a051-0465d62eb5ca: receive RaftClientReply:client-CEF4D3493DC0->4ee04582-2825-4055-a051-0465d62eb5ca@group-78E0FE5F723E, cid=1598, SUCCESS, logIndex=2343, commits[4ee04582-2825-4055-a051-0465d62eb5ca:c2344, 97f5b9f0-d9ef-40b5-ba79-7414923e623f:c2342, 7d686585-d831-45bc-93fc-0a553b604b0e:c2342]
2019-07-08 23:04:58,997 INFO  client.GrpcClientProtocolClient (GrpcClientProtocolClient.java:onNext(255)) - client-CEF4D3493DC0->4ee04582-2825-4055-a051-0465d62eb5ca: receive RaftClientReply:client-CEF4D3493DC0->4ee04582-2825-4055-a051-0465d62eb5ca@group-78E0FE5F723E, cid=1599, SUCCESS, logIndex=2344, commits[4ee04582-2825-4055-a051-0465d62eb5ca:c2344, 97f5b9f0-d9ef-40b5-ba79-7414923e623f:c2342, 7d686585-d831-45bc-93fc-0a553b604b0e:c2342]
2019-07-08 23:04:59,000 INFO  client.GrpcClientProtocolClient (GrpcClientProtocolClient.java:onNext(255)) - client-CEF4D3493DC0->4ee04582-2825-4055-a051-0465d62eb5ca: receive RaftClientReply:client-CEF4D3493DC0->4ee04582-2825-4055-a051-0465d62eb5ca@group-78E0FE5F723E, cid=1600, SUCCESS, logIndex=2345, commits[4ee04582-2825-4055-a051-0465d62eb5ca:c2345, 97f5b9f0-d9ef-40b5-ba79-7414923e623f:c2342, 7d686585-d831-45bc-93fc-0a553b604b0e:c2342]
2019-07-08 23:04:59,000 INFO  client.GrpcClientProtocolClient (GrpcClientProtocolClient.java:onNext(255)) - client-CEF4D3493DC0->4ee04582-2825-4055-a051-0465d62eb5ca: receive RaftClientReply:client-CEF4D3493DC0->4ee04582-2825-4055-a051-0465d62eb5ca@group-78E0FE5F723E, cid=1601, SUCCESS, logIndex=2346, commits[4ee04582-2825-4055-a051-0465d62eb5ca:c2346, 97f5b9f0-d9ef-40b5-ba79-7414923e623f:c2342, 7d686585-d831-45bc-93fc-0a553b604b0e:c2342]
2019-07-08 23:04:59,003 INFO  client.GrpcClientProtocolClient (GrpcClientProtocolClient.java:onNext(255)) - client-CEF4D3493DC0->4ee04582-2825-4055-a051-0465d62eb5ca: receive RaftClientReply:client-CEF4D3493DC0->4ee04582-2825-4055-a051-0465d62eb5ca@group-78E0FE5F723E, cid=1602, SUCCESS, logIndex=0, commits[4ee04582-2825-4055-a051-0465d62eb5ca:c2348, 97f5b9f0-d9ef-40b5-ba79-7414923e623f:c2344, 7d686585-d831-45bc-93fc-0a553b604b0e:c2344]
2019-07-08 23:04:59,101 INFO  client.GrpcClientProtocolClient (GrpcClientProtocolClient.java:onNext(255)) - client-CEF4D3493DC0->4ee04582-2825-4055-a051-0465d62eb5ca: receive RaftClientReply:client-CEF4D3493DC0->4ee04582-2825-4055-a051-0465d62eb5ca@group-78E0FE5F723E, cid=1603, SUCCESS, logIndex=2351, commits[4ee04582-2825-4055-a051-0465d62eb5ca:c2352, 97f5b9f0-d9ef-40b5-ba79-7414923e623f:c2350, 7d686585-d831-45bc-93fc-0a553b604b0e:c2350]
2019-07-08 23:04:59,102 INFO  client.GrpcClientProtocolClient (GrpcClientProtocolClient.java:onNext(255)) - client-CEF4D3493DC0->4ee04582-2825-4055-a051-0465d62eb5ca: receive RaftClientReply:client-CEF4D3493DC0->4ee04582-2825-4055-a051-0465d62eb5ca@group-78E0FE5F723E, cid=1604, SUCCESS, logIndex=2352, commits[4ee04582-2825-4055-a051-0465d62eb5ca:c2352, 97f5b9f0-d9ef-40b5-ba79-7414923e623f:c2350, 7d686585-d831-45bc-93fc-0a553b604b0e:c2350]
2019-07-08 23:04:59,117 INFO  client.GrpcClientProtocolClient (GrpcClientProtocolClient.java:onNext(255)) - client-CEF4D3493DC0->4ee04582-2825-4055-a051-0465d62eb5ca: receive RaftClientReply:client-CEF4D3493DC0->4ee04582-2825-4055-a051-0465d62eb5ca@group-78E0FE5F723E, cid=1605, SUCCESS, logIndex=2355, commits[4ee04582-2825-4055-a051-0465d62eb5ca:c2356, 97f5b9f0-d9ef-40b5-ba79-7414923e623f:c2354, 7d686585-d831-45bc-93fc-0a553b604b0e:c2352]
2019-07-08 23:04:59,117 INFO  client.GrpcClientProtocolClient (GrpcClientProtocolClient.java:onNext(255)) - client-CEF4D3493DC0->4ee04582-2825-4055-a051-0465d62eb5ca: receive RaftClientReply:client-CEF4D3493DC0->4ee04582-2825-4055-a051-0465d62eb5ca@group-78E0FE5F723E, cid=1606, SUCCESS, logIndex=2356, commits[4ee04582-2825-4055-a051-0465d62eb5ca:c2356, 97f5b9f0-d9ef-40b5-ba79-7414923e623f:c2354, 7d686585-d831-45bc-93fc-0a553b604b0e:c2352]
2019-07-08 23:04:59,121 INFO  client.GrpcClientProtocolClient (GrpcClientProtocolClient.java:onNext(255)) - client-CEF4D3493DC0->4ee04582-2825-4055-a051-0465d62eb5ca: receive RaftClientReply:client-CEF4D3493DC0->4ee04582-2825-4055-a051-0465d62eb5ca@group-78E0FE5F723E, cid=1607, SUCCESS, logIndex=0, commits[4ee04582-2825-4055-a051-0465d62eb5ca:c2357, 97f5b9f0-d9ef-40b5-ba79-7414923e623f:c2356, 7d686585-d831-45bc-93fc-0a553b604b0e:c2356]
2019-07-08 23:04:59,151 INFO  client.GrpcClientProtocolClient (GrpcClientProtocolClient.java:onNext(255)) - client-CEF4D3493DC0->4ee04582-2825-4055-a051-0465d62eb5ca: receive RaftClientReply:client-CEF4D3493DC0->4ee04582-2825-4055-a051-0465d62eb5ca@group-78E0FE5F723E, cid=1608, SUCCESS, logIndex=2359, commits[4ee04582-2825-4055-a051-0465d62eb5ca:c2360, 97f5b9f0-d9ef-40b5-ba79-7414923e623f:c2358, 7d686585-d831-45bc-93fc-0a553b604b0e:c2356]
2019-07-08 23:04:59,151 INFO  client.GrpcClientProtocolClient (GrpcClientProtocolClient.java:onNext(255)) - client-CEF4D3493DC0->4ee04582-2825-4055-a051-0465d62eb5ca: receive RaftClientReply:client-CEF4D3493DC0->4ee04582-2825-4055-a051-0465d62eb5ca@group-78E0FE5F723E, cid=1609, SUCCESS, logIndex=2360, commits[4ee04582-2825-4055-a051-0465d62eb5ca:c2360, 97f5b9f0-d9ef-40b5-ba79-7414923e623f:c2358, 7d686585-d831-45bc-93fc-0a553b604b0e:c2358]
2019-07-08 23:04:59,152 INFO  client.GrpcClientProtocolClient (GrpcClientProtocolClient.java:onNext(255)) - client-CEF4D3493DC0->4ee04582-2825-4055-a051-0465d62eb5ca: receive RaftClientReply:client-CEF4D3493DC0->4ee04582-2825-4055-a051-0465d62eb5ca@group-78E0FE5F723E, cid=1610, SUCCESS, logIndex=2361, commits[4ee04582-2825-4055-a051-0465d62eb5ca:c2362, 97f5b9f0-d9ef-40b5-ba79-7414923e623f:c2358, 7d686585-d831-45bc-93fc-0a553b604b0e:c2358]
2019-07-08 23:04:59,152 INFO  client.GrpcClientProtocolClient (GrpcClientProtocolClient.java:onNext(255)) - client-CEF4D3493DC0->4ee04582-2825-4055-a051-0465d62eb5ca: receive RaftClientReply:client-CEF4D3493DC0->4ee04582-2825-4055-a051-0465d62eb5ca@group-78E0FE5F723E, cid=1611, SUCCESS, logIndex=2362, commits[4ee04582-2825-4055-a051-0465d62eb5ca:c2362, 97f5b9f0-d9ef-40b5-ba79-7414923e623f:c2358, 7d686585-d831-45bc-93fc-0a553b604b0e:c2358]
2019-07-08 23:04:59,157 INFO  client.GrpcClientProtocolClient (GrpcClientProtocolClient.java:onNext(255)) - client-CEF4D3493DC0->4ee04582-2825-4055-a051-0465d62eb5ca: receive RaftClientReply:client-CEF4D3493DC0->4ee04582-2825-4055-a051-0465d62eb5ca@group-78E0FE5F723E, cid=1612, SUCCESS, logIndex=0, commits[4ee04582-2825-4055-a051-0465d62eb5ca:c2364, 97f5b9f0-d9ef-40b5-ba79-7414923e623f:c2360, 7d686585-d831-45bc-93fc-0a553b604b0e:c2360]
2019-07-08 23:04:59,170 INFO  client.GrpcClientProtocolClient (GrpcClientProtocolClient.java:onNext(255)) - client-CEF4D3493DC0->4ee04582-2825-4055-a051-0465d62eb5ca: receive RaftClientReply:client-CEF4D3493DC0->4ee04582-2825-4055-a051-0465d62eb5ca@group-78E0FE5F723E, cid=1613, SUCCESS, logIndex=2367, commits[4ee04582-2825-4055-a051-0465d62eb5ca:c2368, 97f5b9f0-d9ef-40b5-ba79-7414923e623f:c2366, 7d686585-d831-45bc-93fc-0a553b604b0e:c2366]
2019-07-08 23:04:59,171 INFO  client.GrpcClientProtocolClient (GrpcClientProtocolClient.java:onNext(255)) - client-CEF4D3493DC0->4ee04582-2825-4055-a051-0465d62eb5ca: receive RaftClientReply:client-CEF4D3493DC0->4ee04582-2825-4055-a051-0465d62eb5ca@group-78E0FE5F723E, cid=1614, SUCCESS, logIndex=2368, commits[4ee04582-2825-4055-a051-0465d62eb5ca:c2368, 97f5b9f0-d9ef-40b5-ba79-7414923e623f:c2366, 7d686585-d831-45bc-93fc-0a553b604b0e:c2366]
2019-07-08 23:04:59,190 INFO  client.GrpcClientProtocolClient (GrpcClientProtocolClient.java:onNext(255)) - client-CEF4D3493DC0->4ee04582-2825-4055-a051-0465d62eb5ca: receive RaftClientReply:client-CEF4D3493DC0->4ee04582-2825-4055-a051-0465d62eb5ca@group-78E0FE5F723E, cid=1615, SUCCESS, logIndex=2371, commits[4ee04582-2825-4055-a051-0465d62eb5ca:c2372, 97f5b9f0-d9ef-40b5-ba79-7414923e623f:c2370, 7d686585-d831-45bc-93fc-0a553b604b0e:c2370]
2019-07-08 23:04:59,190 INFO  client.GrpcClientProtocolClient (GrpcClientProtocolClient.java:onNext(255)) - client-CEF4D3493DC0->4ee04582-2825-4055-a051-0465d62eb5ca: receive RaftClientReply:client-CEF4D3493DC0->4ee04582-2825-4055-a051-0465d62eb5ca@group-78E0FE5F723E, cid=1616, SUCCESS, logIndex=2372, commits[4ee04582-2825-4055-a051-0465d62eb5ca:c2372, 97f5b9f0-d9ef-40b5-ba79-7414923e623f:c2370, 7d686585-d831-45bc-93fc-0a553b604b0e:c2370]
2019-07-08 23:04:59,194 INFO  client.GrpcClientProtocolClient (GrpcClientProtocolClient.java:onNext(255)) - client-CEF4D3493DC0->4ee04582-2825-4055-a051-0465d62eb5ca: receive RaftClientReply:client-CEF4D3493DC0->4ee04582-2825-4055-a051-0465d62eb5ca@group-78E0FE5F723E, cid=1617, SUCCESS, logIndex=0, commits[4ee04582-2825-4055-a051-0465d62eb5ca:c2374, 97f5b9f0-d9ef-40b5-ba79-7414923e623f:c2372, 7d686585-d831-45bc-93fc-0a553b604b0e:c2372]
2019-07-08 23:04:59,218 INFO  client.GrpcClientProtocolClient (GrpcClientProtocolClient.java:onNext(255)) - client-CEF4D3493DC0->4ee04582-2825-4055-a051-0465d62eb5ca: receive RaftClientReply:client-CEF4D3493DC0->4ee04582-2825-4055-a051-0465d62eb5ca@group-78E0FE5F723E, cid=1618, SUCCESS, logIndex=2375, commits[4ee04582-2825-4055-a051-0465d62eb5ca:c2376, 97f5b9f0-d9ef-40b5-ba79-7414923e623f:c2372, 7d686585-d831-45bc-93fc-0a553b604b0e:c2374]
2019-07-08 23:04:59,218 INFO  client.GrpcClientProtocolClient (GrpcClientProtocolClient.java:onNext(255)) - client-CEF4D3493DC0->4ee04582-2825-4055-a051-0465d62eb5ca: receive RaftClientReply:client-CEF4D3493DC0->4ee04582-2825-4055-a051-0465d62eb5ca@group-78E0FE5F723E, cid=1619, SUCCESS, logIndex=2376, commits[4ee04582-2825-4055-a051-0465d62eb5ca:c2376, 97f5b9f0-d9ef-40b5-ba79-7414923e623f:c2374, 7d686585-d831-45bc-93fc-0a553b604b0e:c2374]
2019-07-08 23:04:59,219 INFO  client.GrpcClientProtocolClient (GrpcClientProtocolClient.java:onNext(255)) - client-CEF4D3493DC0->4ee04582-2825-4055-a051-0465d62eb5ca: receive RaftClientReply:client-CEF4D3493DC0->4ee04582-2825-4055-a051-0465d62eb5ca@group-78E0FE5F723E, cid=1620, SUCCESS, logIndex=2377, commits[4ee04582-2825-4055-a051-0465d62eb5ca:c2378, 97f5b9f0-d9ef-40b5-ba79-7414923e623f:c2374, 7d686585-d831-45bc-93fc-0a553b604b0e:c2374]
2019-07-08 23:04:59,220 INFO  client.GrpcClientProtocolClient (GrpcClientProtocolClient.java:onNext(255)) - client-CEF4D3493DC0->4ee04582-2825-4055-a051-0465d62eb5ca: receive RaftClientReply:client-CEF4D3493DC0->4ee04582-2825-4055-a051-0465d62eb5ca@group-78E0FE5F723E, cid=1621, SUCCESS, logIndex=2378, commits[4ee04582-2825-4055-a051-0465d62eb5ca:c2378, 97f5b9f0-d9ef-40b5-ba79-7414923e623f:c2374, 7d686585-d831-45bc-93fc-0a553b604b0e:c2374]
2019-07-08 23:04:59,222 INFO  client.GrpcClientProtocolClient (GrpcClientProtocolClient.java:onNext(255)) - client-CEF4D3493DC0->4ee04582-2825-4055-a051-0465d62eb5ca: receive RaftClientReply:client-CEF4D3493DC0->4ee04582-2825-4055-a051-0465d62eb5ca@group-78E0FE5F723E, cid=1622, SUCCESS, logIndex=0, commits[4ee04582-2825-4055-a051-0465d62eb5ca:c2380, 97f5b9f0-d9ef-40b5-ba79-7414923e623f:c2376, 7d686585-d831-45bc-93fc-0a553b604b0e:c2376]
2019-07-08 23:04:59,235 INFO  client.GrpcClientProtocolClient (GrpcClientProtocolClient.java:onNext(255)) - client-CEF4D3493DC0->4ee04582-2825-4055-a051-0465d62eb5ca: receive RaftClientReply:client-CEF4D3493DC0->4ee04582-2825-4055-a051-0465d62eb5ca@group-78E0FE5F723E, cid=1623, SUCCESS, logIndex=2383, commits[4ee04582-2825-4055-a051-0465d62eb5ca:c2384, 97f5b9f0-d9ef-40b5-ba79-7414923e623f:c2382, 7d686585-d831-45bc-93fc-0a553b604b0e:c2378]
2019-07-08 23:04:59,235 INFO  client.GrpcClientProtocolClient (GrpcClientProtocolClient.java:onNext(255)) - client-CEF4D3493DC0->4ee04582-2825-4055-a051-0465d62eb5ca: receive RaftClientReply:client-CEF4D3493DC0->4ee04582-2825-4055-a051-0465d62eb5ca@group-78E0FE5F723E, cid=1624, SUCCESS, logIndex=2384, commits[4ee04582-2825-4055-a051-0465d62eb5ca:c2384, 97f5b9f0-d9ef-40b5-ba79-7414923e623f:c2382, 7d686585-d831-45bc-93fc-0a553b604b0e:c2382]
2019-07-08 23:04:59,248 INFO  client.GrpcClientProtocolClient (GrpcClientProtocolClient.java:onNext(255)) - client-CEF4D3493DC0->4ee04582-2825-4055-a051-0465d62eb5ca: receive RaftClientReply:client-CEF4D3493DC0->4ee04582-2825-4055-a051-0465d62eb5ca@group-78E0FE5F723E, cid=1625, SUCCESS, logIndex=2387, commits[4ee04582-2825-4055-a051-0465d62eb5ca:c2388, 97f5b9f0-d9ef-40b5-ba79-7414923e623f:c2384, 7d686585-d831-45bc-93fc-0a553b604b0e:c2386]
2019-07-08 23:04:59,248 INFO  client.GrpcClientProtocolClient (GrpcClientProtocolClient.java:onNext(255)) - client-CEF4D3493DC0->4ee04582-2825-4055-a051-0465d62eb5ca: receive RaftClientReply:client-CEF4D3493DC0->4ee04582-2825-4055-a051-0465d62eb5ca@group-78E0FE5F723E, cid=1626, SUCCESS, logIndex=2388, commits[4ee04582-2825-4055-a051-0465d62eb5ca:c2388, 97f5b9f0-d9ef-40b5-ba79-7414923e623f:c2386, 7d686585-d831-45bc-93fc-0a553b604b0e:c2386]
2019-07-08 23:04:59,250 INFO  client.GrpcClientProtocolClient (GrpcClientProtocolClient.java:onNext(255)) - client-CEF4D3493DC0->4ee04582-2825-4055-a051-0465d62eb5ca: receive RaftClientReply:client-CEF4D3493DC0->4ee04582-2825-4055-a051-0465d62eb5ca@group-78E0FE5F723E, cid=1627, SUCCESS, logIndex=0, commits[4ee04582-2825-4055-a051-0465d62eb5ca:c2389, 97f5b9f0-d9ef-40b5-ba79-7414923e623f:c2388, 7d686585-d831-45bc-93fc-0a553b604b0e:c2388]
2019-07-08 23:04:59,270 INFO  client.GrpcClientProtocolClient (GrpcClientProtocolClient.java:onNext(255)) - client-CEF4D3493DC0->4ee04582-2825-4055-a051-0465d62eb5ca: receive RaftClientReply:client-CEF4D3493DC0->4ee04582-2825-4055-a051-0465d62eb5ca@group-78E0FE5F723E, cid=1628, SUCCESS, logIndex=2391, commits[4ee04582-2825-4055-a051-0465d62eb5ca:c2392, 97f5b9f0-d9ef-40b5-ba79-7414923e623f:c2390, 7d686585-d831-45bc-93fc-0a553b604b0e:c2390]
2019-07-08 23:04:59,271 INFO  client.GrpcClientProtocolClient (GrpcClientProtocolClient.java:onNext(255)) - client-CEF4D3493DC0->4ee04582-2825-4055-a051-0465d62eb5ca: receive RaftClientReply:client-CEF4D3493DC0->4ee04582-2825-4055-a051-0465d62eb5ca@group-78E0FE5F723E, cid=1629, SUCCESS, logIndex=2392, commits[4ee04582-2825-4055-a051-0465d62eb5ca:c2392, 97f5b9f0-d9ef-40b5-ba79-7414923e623f:c2390, 7d686585-d831-45bc-93fc-0a553b604b0e:c2390]
2019-07-08 23:04:59,272 INFO  client.GrpcClientProtocolClient (GrpcClientProtocolClient.java:onNext(255)) - client-CEF4D3493DC0->4ee04582-2825-4055-a051-0465d62eb5ca: receive RaftClientReply:client-CEF4D3493DC0->4ee04582-2825-4055-a051-0465d62eb5ca@group-78E0FE5F723E, cid=1630, SUCCESS, logIndex=2393, commits[4ee04582-2825-4055-a051-0465d62eb5ca:c2394, 97f5b9f0-d9ef-40b5-ba79-7414923e623f:c2390, 7d686585-d831-45bc-93fc-0a553b604b0e:c2390]
2019-07-08 23:04:59,272 INFO  client.GrpcClientProtocolClient (GrpcClientProtocolClient.java:onNext(255)) - client-CEF4D3493DC0->4ee04582-2825-4055-a051-0465d62eb5ca: receive RaftClientReply:client-CEF4D3493DC0->4ee04582-2825-4055-a051-0465d62eb5ca@group-78E0FE5F723E, cid=1631, SUCCESS, logIndex=2394, commits[4ee04582-2825-4055-a051-0465d62eb5ca:c2394, 97f5b9f0-d9ef-40b5-ba79-7414923e623f:c2390, 7d686585-d831-45bc-93fc-0a553b604b0e:c2390]
2019-07-08 23:04:59,273 INFO  client.GrpcClientProtocolClient (GrpcClientProtocolClient.java:onNext(255)) - client-CEF4D3493DC0->4ee04582-2825-4055-a051-0465d62eb5ca: receive RaftClientReply:client-CEF4D3493DC0->4ee04582-2825-4055-a051-0465d62eb5ca@group-78E0FE5F723E, cid=1632, SUCCESS, logIndex=0, commits[4ee04582-2825-4055-a051-0465d62eb5ca:c2396, 97f5b9f0-d9ef-40b5-ba79-7414923e623f:c2392, 7d686585-d831-45bc-93fc-0a553b604b0e:c2392]
2019-07-08 23:04:59,285 INFO  client.GrpcClientProtocolClient (GrpcClientProtocolClient.java:onNext(255)) - client-CEF4D3493DC0->4ee04582-2825-4055-a051-0465d62eb5ca: receive RaftClientReply:client-CEF4D3493DC0->4ee04582-2825-4055-a051-0465d62eb5ca@group-78E0FE5F723E, cid=1633, SUCCESS, logIndex=2398, commits[4ee04582-2825-4055-a051-0465d62eb5ca:c2399, 97f5b9f0-d9ef-40b5-ba79-7414923e623f:c2397, 7d686585-d831-45bc-93fc-0a553b604b0e:c2394]
2019-07-08 23:04:59,286 INFO  client.GrpcClientProtocolClient (GrpcClientProtocolClient.java:onNext(255)) - client-CEF4D3493DC0->4ee04582-2825-4055-a051-0465d62eb5ca: receive RaftClientReply:client-CEF4D3493DC0->4ee04582-2825-4055-a051-0465d62eb5ca@group-78E0FE5F723E, cid=1634, SUCCESS, logIndex=2399, commits[4ee04582-2825-4055-a051-0465d62eb5ca:c2399, 97f5b9f0-d9ef-40b5-ba79-7414923e623f:c2397, 7d686585-d831-45bc-93fc-0a553b604b0e:c2397]
2019-07-08 23:04:59,297 INFO  client.GrpcClientProtocolClient (GrpcClientProtocolClient.java:onNext(255)) - client-CEF4D3493DC0->4ee04582-2825-4055-a051-0465d62eb5ca: receive RaftClientReply:client-CEF4D3493DC0->4ee04582-2825-4055-a051-0465d62eb5ca@group-78E0FE5F723E, cid=1635, SUCCESS, logIndex=2402, commits[4ee04582-2825-4055-a051-0465d62eb5ca:c2403, 97f5b9f0-d9ef-40b5-ba79-7414923e623f:c2401, 7d686585-d831-45bc-93fc-0a553b604b0e:c2399]
2019-07-08 23:04:59,298 INFO  client.GrpcClientProtocolClient (GrpcClientProtocolClient.java:onNext(255)) - client-CEF4D3493DC0->4ee04582-2825-4055-a051-0465d62eb5ca: receive RaftClientReply:client-CEF4D3493DC0->4ee04582-2825-4055-a051-0465d62eb5ca@group-78E0FE5F723E, cid=1636, SUCCESS, logIndex=2403, commits[4ee04582-2825-4055-a051-0465d62eb5ca:c2403, 97f5b9f0-d9ef-40b5-ba79-7414923e623f:c2401, 7d686585-d831-45bc-93fc-0a553b604b0e:c2399]
2019-07-08 23:04:59,300 INFO  client.GrpcClientProtocolClient (GrpcClientProtocolClient.java:onNext(255)) - client-CEF4D3493DC0->4ee04582-2825-4055-a051-0465d62eb5ca: receive RaftClientReply:client-CEF4D3493DC0->4ee04582-2825-4055-a051-0465d62eb5ca@group-78E0FE5F723E, cid=1637, SUCCESS, logIndex=0, commits[4ee04582-2825-4055-a051-0465d62eb5ca:c2404, 97f5b9f0-d9ef-40b5-ba79-7414923e623f:c2403, 7d686585-d831-45bc-93fc-0a553b604b0e:c2403]
2019-07-08 23:04:59,320 INFO  client.GrpcClientProtocolClient (GrpcClientProtocolClient.java:onNext(255)) - client-CEF4D3493DC0->4ee04582-2825-4055-a051-0465d62eb5ca: receive RaftClientReply:client-CEF4D3493DC0->4ee04582-2825-4055-a051-0465d62eb5ca@group-78E0FE5F723E, cid=1638, SUCCESS, logIndex=2406, commits[4ee04582-2825-4055-a051-0465d62eb5ca:c2407, 97f5b9f0-d9ef-40b5-ba79-7414923e623f:c2405, 7d686585-d831-45bc-93fc-0a553b604b0e:c2403]
2019-07-08 23:04:59,321 INFO  client.GrpcClientProtocolClient (GrpcClientProtocolClient.java:onNext(255)) - client-CEF4D3493DC0->4ee04582-2825-4055-a051-0465d62eb5ca: receive RaftClientReply:client-CEF4D3493DC0->4ee04582-2825-4055-a051-0465d62eb5ca@group-78E0FE5F723E, cid=1639, SUCCESS, logIndex=2407, commits[4ee04582-2825-4055-a051-0465d62eb5ca:c2407, 97f5b9f0-d9ef-40b5-ba79-7414923e623f:c2405, 7d686585-d831-45bc-93fc-0a553b604b0e:c2403]
2019-07-08 23:04:59,323 INFO  client.GrpcClientProtocolClient (GrpcClientProtocolClient.java:onNext(255)) - client-CEF4D3493DC0->4ee04582-2825-4055-a051-0465d62eb5ca: receive RaftClientReply:client-CEF4D3493DC0->4ee04582-2825-4055-a051-0465d62eb5ca@group-78E0FE5F723E, cid=1640, SUCCESS, logIndex=2408, commits[4ee04582-2825-4055-a051-0465d62eb5ca:c2410, 97f5b9f0-d9ef-40b5-ba79-7414923e623f:c2407, 7d686585-d831-45bc-93fc-0a553b604b0e:c2403]
2019-07-08 23:04:59,323 INFO  client.GrpcClientProtocolClient (GrpcClientProtocolClient.java:onNext(255)) - client-CEF4D3493DC0->4ee04582-2825-4055-a051-0465d62eb5ca: receive RaftClientReply:client-CEF4D3493DC0->4ee04582-2825-4055-a051-0465d62eb5ca@group-78E0FE5F723E, cid=1641, SUCCESS, logIndex=2409, commits[4ee04582-2825-4055-a051-0465d62eb5ca:c2411, 97f5b9f0-d9ef-40b5-ba79-7414923e623f:c2407, 7d686585-d831-45bc-93fc-0a553b604b0e:c2405]
2019-07-08 23:04:59,324 INFO  client.GrpcClientProtocolClient (GrpcClientProtocolClient.java:onNext(255)) - client-CEF4D3493DC0->4ee04582-2825-4055-a051-0465d62eb5ca: receive RaftClientReply:client-CEF4D3493DC0->4ee04582-2825-4055-a051-0465d62eb5ca@group-78E0FE5F723E, cid=1642, SUCCESS, logIndex=0, commits[4ee04582-2825-4055-a051-0465d62eb5ca:c2412, 97f5b9f0-d9ef-40b5-ba79-7414923e623f:c2408, 7d686585-d831-45bc-93fc-0a553b604b0e:c2407]
2019-07-08 23:04:59,336 INFO  client.GrpcClientProtocolClient (GrpcClientProtocolClient.java:onNext(255)) - client-CEF4D3493DC0->4ee04582-2825-4055-a051-0465d62eb5ca: receive RaftClientReply:client-CEF4D3493DC0->4ee04582-2825-4055-a051-0465d62eb5ca@group-78E0FE5F723E, cid=1643, SUCCESS, logIndex=2414, commits[4ee04582-2825-4055-a051-0465d62eb5ca:c2415, 97f5b9f0-d9ef-40b5-ba79-7414923e623f:c2409, 7d686585-d831-45bc-93fc-0a553b604b0e:c2413]
2019-07-08 23:04:59,336 INFO  client.GrpcClientProtocolClient (GrpcClientProtocolClient.java:onNext(255)) - client-CEF4D3493DC0->4ee04582-2825-4055-a051-0465d62eb5ca: receive RaftClientReply:client-CEF4D3493DC0->4ee04582-2825-4055-a051-0465d62eb5ca@group-78E0FE5F723E, cid=1644, SUCCESS, logIndex=2415, commits[4ee04582-2825-4055-a051-0465d62eb5ca:c2415, 97f5b9f0-d9ef-40b5-ba79-7414923e623f:c2409, 7d686585-d831-45bc-93fc-0a553b604b0e:c2413]
2019-07-08 23:04:59,348 INFO  client.GrpcClientProtocolClient (GrpcClientProtocolClient.java:onNext(255)) - client-CEF4D3493DC0->4ee04582-2825-4055-a051-0465d62eb5ca: receive RaftClientReply:client-CEF4D3493DC0->4ee04582-2825-4055-a051-0465d62eb5ca@group-78E0FE5F723E, cid=1645, SUCCESS, logIndex=2418, commits[4ee04582-2825-4055-a051-0465d62eb5ca:c2419, 97f5b9f0-d9ef-40b5-ba79-7414923e623f:c2417, 7d686585-d831-45bc-93fc-0a553b604b0e:c2415]
2019-07-08 23:04:59,349 INFO  client.GrpcClientProtocolClient (GrpcClientProtocolClient.java:onNext(255)) - client-CEF4D3493DC0->4ee04582-2825-4055-a051-0465d62eb5ca: receive RaftClientReply:client-CEF4D3493DC0->4ee04582-2825-4055-a051-0465d62eb5ca@group-78E0FE5F723E, cid=1646, SUCCESS, logIndex=2419, commits[4ee04582-2825-4055-a051-0465d62eb5ca:c2419, 97f5b9f0-d9ef-40b5-ba79-7414923e623f:c2417, 7d686585-d831-45bc-93fc-0a553b604b0e:c2415]
2019-07-08 23:04:59,352 INFO  client.GrpcClientProtocolClient (GrpcClientProtocolClient.java:onNext(255)) - client-CEF4D3493DC0->4ee04582-2825-4055-a051-0465d62eb5ca: receive RaftClientReply:client-CEF4D3493DC0->4ee04582-2825-4055-a051-0465d62eb5ca@group-78E0FE5F723E, cid=1647, SUCCESS, logIndex=0, commits[4ee04582-2825-4055-a051-0465d62eb5ca:c2420, 97f5b9f0-d9ef-40b5-ba79-7414923e623f:c2419, 7d686585-d831-45bc-93fc-0a553b604b0e:c2419]
2019-07-08 23:04:59,381 INFO  client.GrpcClientProtocolClient (GrpcClientProtocolClient.java:onNext(255)) - client-CEF4D3493DC0->4ee04582-2825-4055-a051-0465d62eb5ca: receive RaftClientReply:client-CEF4D3493DC0->4ee04582-2825-4055-a051-0465d62eb5ca@group-78E0FE5F723E, cid=1648, SUCCESS, logIndex=2422, commits[4ee04582-2825-4055-a051-0465d62eb5ca:c2423, 97f5b9f0-d9ef-40b5-ba79-7414923e623f:c2421, 7d686585-d831-45bc-93fc-0a553b604b0e:c2421]
2019-07-08 23:04:59,382 INFO  client.GrpcClientProtocolClient (GrpcClientProtocolClient.java:onNext(255)) - client-CEF4D3493DC0->4ee04582-2825-4055-a051-0465d62eb5ca: receive RaftClientReply:client-CEF4D3493DC0->4ee04582-2825-4055-a051-0465d62eb5ca@group-78E0FE5F723E, cid=1649, SUCCESS, logIndex=2423, commits[4ee04582-2825-4055-a051-0465d62eb5ca:c2423, 97f5b9f0-d9ef-40b5-ba79-7414923e623f:c2421, 7d686585-d831-45bc-93fc-0a553b604b0e:c2421]
2019-07-08 23:04:59,383 INFO  client.GrpcClientProtocolClient (GrpcClientProtocolClient.java:onNext(255)) - client-CEF4D3493DC0->4ee04582-2825-4055-a051-0465d62eb5ca: receive RaftClientReply:client-CEF4D3493DC0->4ee04582-2825-4055-a051-0465d62eb5ca@group-78E0FE5F723E, cid=1650, SUCCESS, logIndex=2424, commits[4ee04582-2825-4055-a051-0465d62eb5ca:c2425, 97f5b9f0-d9ef-40b5-ba79-7414923e623f:c2421, 7d686585-d831-45bc-93fc-0a553b604b0e:c2421]
2019-07-08 23:04:59,383 INFO  client.GrpcClientProtocolClient (GrpcClientProtocolClient.java:onNext(255)) - client-CEF4D3493DC0->4ee04582-2825-4055-a051-0465d62eb5ca: receive RaftClientReply:client-CEF4D3493DC0->4ee04582-2825-4055-a051-0465d62eb5ca@group-78E0FE5F723E, cid=1651, SUCCESS, logIndex=2425, commits[4ee04582-2825-4055-a051-0465d62eb5ca:c2425, 97f5b9f0-d9ef-40b5-ba79-7414923e623f:c2421, 7d686585-d831-45bc-93fc-0a553b604b0e:c2421]
2019-07-08 23:04:59,385 INFO  client.GrpcClientProtocolClient (GrpcClientProtocolClient.java:onNext(255)) - client-CEF4D3493DC0->4ee04582-2825-4055-a051-0465d62eb5ca: receive RaftClientReply:client-CEF4D3493DC0->4ee04582-2825-4055-a051-0465d62eb5ca@group-78E0FE5F723E, cid=1652, SUCCESS, logIndex=0, commits[4ee04582-2825-4055-a051-0465d62eb5ca:c2426, 97f5b9f0-d9ef-40b5-ba79-7414923e623f:c2423, 7d686585-d831-45bc-93fc-0a553b604b0e:c2423]
2019-07-08 23:04:59,401 INFO  client.GrpcClientProtocolClient (GrpcClientProtocolClient.java:onNext(255)) - client-CEF4D3493DC0->4ee04582-2825-4055-a051-0465d62eb5ca: receive RaftClientReply:client-CEF4D3493DC0->4ee04582-2825-4055-a051-0465d62eb5ca@group-78E0FE5F723E, cid=1653, SUCCESS, logIndex=2430, commits[4ee04582-2825-4055-a051-0465d62eb5ca:c2431, 97f5b9f0-d9ef-40b5-ba79-7414923e623f:c2425, 7d686585-d831-45bc-93fc-0a553b604b0e:c2429]
2019-07-08 23:04:59,401 INFO  client.GrpcClientProtocolClient (GrpcClientProtocolClient.java:onNext(255)) - client-CEF4D3493DC0->4ee04582-2825-4055-a051-0465d62eb5ca: receive RaftClientReply:client-CEF4D3493DC0->4ee04582-2825-4055-a051-0465d62eb5ca@group-78E0FE5F723E, cid=1654, SUCCESS, logIndex=2431, commits[4ee04582-2825-4055-a051-0465d62eb5ca:c2431, 97f5b9f0-d9ef-40b5-ba79-7414923e623f:c2429, 7d686585-d831-45bc-93fc-0a553b604b0e:c2429]
2019-07-08 23:04:59,415 INFO  client.GrpcClientProtocolClient (GrpcClientProtocolClient.java:onNext(255)) - client-CEF4D3493DC0->4ee04582-2825-4055-a051-0465d62eb5ca: receive RaftClientReply:client-CEF4D3493DC0->4ee04582-2825-4055-a051-0465d62eb5ca@group-78E0FE5F723E, cid=1655, SUCCESS, logIndex=2434, commits[4ee04582-2825-4055-a051-0465d62eb5ca:c2435, 97f5b9f0-d9ef-40b5-ba79-7414923e623f:c2433, 7d686585-d831-45bc-93fc-0a553b604b0e:c2433]
2019-07-08 23:04:59,416 INFO  client.GrpcClientProtocolClient (GrpcClientProtocolClient.java:onNext(255)) - client-CEF4D3493DC0->4ee04582-2825-4055-a051-0465d62eb5ca: receive RaftClientReply:client-CEF4D3493DC0->4ee04582-2825-4055-a051-0465d62eb5ca@group-78E0FE5F723E, cid=1656, SUCCESS, logIndex=2435, commits[4ee04582-2825-4055-a051-0465d62eb5ca:c2435, 97f5b9f0-d9ef-40b5-ba79-7414923e623f:c2433, 7d686585-d831-45bc-93fc-0a553b604b0e:c2433]
2019-07-08 23:04:59,419 INFO  client.GrpcClientProtocolClient (GrpcClientProtocolClient.java:onNext(255)) - client-CEF4D3493DC0->4ee04582-2825-4055-a051-0465d62eb5ca: receive RaftClientReply:client-CEF4D3493DC0->4ee04582-2825-4055-a051-0465d62eb5ca@group-78E0FE5F723E, cid=1657, SUCCESS, logIndex=0, commits[4ee04582-2825-4055-a051-0465d62eb5ca:c2436, 97f5b9f0-d9ef-40b5-ba79-7414923e623f:c2435, 7d686585-d831-45bc-93fc-0a553b604b0e:c2435]
2019-07-08 23:04:59,439 INFO  client.GrpcClientProtocolClient (GrpcClientProtocolClient.java:onNext(255)) - client-CEF4D3493DC0->4ee04582-2825-4055-a051-0465d62eb5ca: receive RaftClientReply:client-CEF4D3493DC0->4ee04582-2825-4055-a051-0465d62eb5ca@group-78E0FE5F723E, cid=1658, SUCCESS, logIndex=2438, commits[4ee04582-2825-4055-a051-0465d62eb5ca:c2439, 97f5b9f0-d9ef-40b5-ba79-7414923e623f:c2437, 7d686585-d831-45bc-93fc-0a553b604b0e:c2435]
2019-07-08 23:04:59,439 INFO  client.GrpcClientProtocolClient (GrpcClientProtocolClient.java:onNext(255)) - client-CEF4D3493DC0->4ee04582-2825-4055-a051-0465d62eb5ca: receive RaftClientReply:client-CEF4D3493DC0->4ee04582-2825-4055-a051-0465d62eb5ca@group-78E0FE5F723E, cid=1659, SUCCESS, logIndex=2439, commits[4ee04582-2825-4055-a051-0465d62eb5ca:c2439, 97f5b9f0-d9ef-40b5-ba79-7414923e623f:c2437, 7d686585-d831-45bc-93fc-0a553b604b0e:c2435]
2019-07-08 23:04:59,441 INFO  client.GrpcClientProtocolClient (GrpcClientProtocolClient.java:onNext(255)) - client-CEF4D3493DC0->4ee04582-2825-4055-a051-0465d62eb5ca: receive RaftClientReply:client-CEF4D3493DC0->4ee04582-2825-4055-a051-0465d62eb5ca@group-78E0FE5F723E, cid=1660, SUCCESS, logIndex=2440, commits[4ee04582-2825-4055-a051-0465d62eb5ca:c2442, 97f5b9f0-d9ef-40b5-ba79-7414923e623f:c2437, 7d686585-d831-45bc-93fc-0a553b604b0e:c2439]
2019-07-08 23:04:59,442 INFO  client.GrpcClientProtocolClient (GrpcClientProtocolClient.java:onNext(255)) - client-CEF4D3493DC0->4ee04582-2825-4055-a051-0465d62eb5ca: receive RaftClientReply:client-CEF4D3493DC0->4ee04582-2825-4055-a051-0465d62eb5ca@group-78E0FE5F723E, cid=1661, SUCCESS, logIndex=2441, commits[4ee04582-2825-4055-a051-0465d62eb5ca:c2443, 97f5b9f0-d9ef-40b5-ba79-7414923e623f:c2437, 7d686585-d831-45bc-93fc-0a553b604b0e:c2439]
2019-07-08 23:04:59,442 INFO  client.GrpcClientProtocolClient (GrpcClientProtocolClient.java:onNext(255)) - client-CEF4D3493DC0->4ee04582-2825-4055-a051-0465d62eb5ca: receive RaftClientReply:client-CEF4D3493DC0->4ee04582-2825-4055-a051-0465d62eb5ca@group-78E0FE5F723E, cid=1662, SUCCESS, logIndex=0, commits[4ee04582-2825-4055-a051-0465d62eb5ca:c2443, 97f5b9f0-d9ef-40b5-ba79-7414923e623f:c2439, 7d686585-d831-45bc-93fc-0a553b604b0e:c2439]
2019-07-08 23:04:59,461 INFO  client.GrpcClientProtocolClient (GrpcClientProtocolClient.java:onNext(255)) - client-CEF4D3493DC0->4ee04582-2825-4055-a051-0465d62eb5ca: receive RaftClientReply:client-CEF4D3493DC0->4ee04582-2825-4055-a051-0465d62eb5ca@group-78E0FE5F723E, cid=1663, SUCCESS, logIndex=2446, commits[4ee04582-2825-4055-a051-0465d62eb5ca:c2447, 97f5b9f0-d9ef-40b5-ba79-7414923e623f:c2445, 7d686585-d831-45bc-93fc-0a553b604b0e:c2445]
2019-07-08 23:04:59,462 INFO  client.GrpcClientProtocolClient (GrpcClientProtocolClient.java:onNext(255)) - client-CEF4D3493DC0->4ee04582-2825-4055-a051-0465d62eb5ca: receive RaftClientReply:client-CEF4D3493DC0->4ee04582-2825-4055-a051-0465d62eb5ca@group-78E0FE5F723E, cid=1664, SUCCESS, logIndex=2447, commits[4ee04582-2825-4055-a051-0465d62eb5ca:c2447, 97f5b9f0-d9ef-40b5-ba79-7414923e623f:c2445, 7d686585-d831-45bc-93fc-0a553b604b0e:c2445]
2019-07-08 23:04:59,473 INFO  client.GrpcClientProtocolClient (GrpcClientProtocolClient.java:onNext(255)) - client-CEF4D3493DC0->4ee04582-2825-4055-a051-0465d62eb5ca: receive RaftClientReply:client-CEF4D3493DC0->4ee04582-2825-4055-a051-0465d62eb5ca@group-78E0FE5F723E, cid=1665, SUCCESS, logIndex=2450, commits[4ee04582-2825-4055-a051-0465d62eb5ca:c2451, 97f5b9f0-d9ef-40b5-ba79-7414923e623f:c2448, 7d686585-d831-45bc-93fc-0a553b604b0e:c2447]
2019-07-08 23:04:59,473 INFO  client.GrpcClientProtocolClient (GrpcClientProtocolClient.java:onNext(255)) - client-CEF4D3493DC0->4ee04582-2825-4055-a051-0465d62eb5ca: receive RaftClientReply:client-CEF4D3493DC0->4ee04582-2825-4055-a051-0465d62eb5ca@group-78E0FE5F723E, cid=1666, SUCCESS, logIndex=2451, commits[4ee04582-2825-4055-a051-0465d62eb5ca:c2451, 97f5b9f0-d9ef-40b5-ba79-7414923e623f:c2448, 7d686585-d831-45bc-93fc-0a553b604b0e:c2448]
2019-07-08 23:04:59,476 INFO  client.GrpcClientProtocolClient (GrpcClientProtocolClient.java:onNext(255)) - client-CEF4D3493DC0->4ee04582-2825-4055-a051-0465d62eb5ca: receive RaftClientReply:client-CEF4D3493DC0->4ee04582-2825-4055-a051-0465d62eb5ca@group-78E0FE5F723E, cid=1667, SUCCESS, logIndex=0, commits[4ee04582-2825-4055-a051-0465d62eb5ca:c2452, 97f5b9f0-d9ef-40b5-ba79-7414923e623f:c2451, 7d686585-d831-45bc-93fc-0a553b604b0e:c2451]
2019-07-08 23:04:59,495 INFO  client.GrpcClientProtocolClient (GrpcClientProtocolClient.java:onNext(255)) - client-CEF4D3493DC0->4ee04582-2825-4055-a051-0465d62eb5ca: receive RaftClientReply:client-CEF4D3493DC0->4ee04582-2825-4055-a051-0465d62eb5ca@group-78E0FE5F723E, cid=1668, SUCCESS, logIndex=2454, commits[4ee04582-2825-4055-a051-0465d62eb5ca:c2455, 97f5b9f0-d9ef-40b5-ba79-7414923e623f:c2453, 7d686585-d831-45bc-93fc-0a553b604b0e:c2451]
2019-07-08 23:04:59,496 INFO  client.GrpcClientProtocolClient (GrpcClientProtocolClient.java:onNext(255)) - client-CEF4D3493DC0->4ee04582-2825-4055-a051-0465d62eb5ca: receive RaftClientReply:client-CEF4D3493DC0->4ee04582-2825-4055-a051-0465d62eb5ca@group-78E0FE5F723E, cid=1669, SUCCESS, logIndex=2455, commits[4ee04582-2825-4055-a051-0465d62eb5ca:c2455, 97f5b9f0-d9ef-40b5-ba79-7414923e623f:c2453, 7d686585-d831-45bc-93fc-0a553b604b0e:c2451]
2019-07-08 23:04:59,497 INFO  client.GrpcClientProtocolClient (GrpcClientProtocolClient.java:onNext(255)) - client-CEF4D3493DC0->4ee04582-2825-4055-a051-0465d62eb5ca: receive RaftClientReply:client-CEF4D3493DC0->4ee04582-2825-4055-a051-0465d62eb5ca@group-78E0FE5F723E, cid=1670, SUCCESS, logIndex=2456, commits[4ee04582-2825-4055-a051-0465d62eb5ca:c2458, 97f5b9f0-d9ef-40b5-ba79-7414923e623f:c2454, 7d686585-d831-45bc-93fc-0a553b604b0e:c2451]
2019-07-08 23:04:59,498 INFO  client.GrpcClientProtocolClient (GrpcClientProtocolClient.java:onNext(255)) - client-CEF4D3493DC0->4ee04582-2825-4055-a051-0465d62eb5ca: receive RaftClientReply:client-CEF4D3493DC0->4ee04582-2825-4055-a051-0465d62eb5ca@group-78E0FE5F723E, cid=1671, SUCCESS, logIndex=2457, commits[4ee04582-2825-4055-a051-0465d62eb5ca:c2459, 97f5b9f0-d9ef-40b5-ba79-7414923e623f:c2455, 7d686585-d831-45bc-93fc-0a553b604b0e:c2453]
2019-07-08 23:04:59,499 INFO  client.GrpcClientProtocolClient (GrpcClientProtocolClient.java:onNext(255)) - client-CEF4D3493DC0->4ee04582-2825-4055-a051-0465d62eb5ca: receive RaftClientReply:client-CEF4D3493DC0->4ee04582-2825-4055-a051-0465d62eb5ca@group-78E0FE5F723E, cid=1672, SUCCESS, logIndex=0, commits[4ee04582-2825-4055-a051-0465d62eb5ca:c2459, 97f5b9f0-d9ef-40b5-ba79-7414923e623f:c2455, 7d686585-d831-45bc-93fc-0a553b604b0e:c2455]
2019-07-08 23:04:59,593 INFO  client.GrpcClientProtocolClient (GrpcClientProtocolClient.java:onNext(255)) - client-CEF4D3493DC0->4ee04582-2825-4055-a051-0465d62eb5ca: receive RaftClientReply:client-CEF4D3493DC0->4ee04582-2825-4055-a051-0465d62eb5ca@group-78E0FE5F723E, cid=1673, SUCCESS, logIndex=2462, commits[4ee04582-2825-4055-a051-0465d62eb5ca:c2463, 97f5b9f0-d9ef-40b5-ba79-7414923e623f:c2461, 7d686585-d831-45bc-93fc-0a553b604b0e:c2461]
2019-07-08 23:04:59,593 INFO  client.GrpcClientProtocolClient (GrpcClientProtocolClient.java:onNext(255)) - client-CEF4D3493DC0->4ee04582-2825-4055-a051-0465d62eb5ca: receive RaftClientReply:client-CEF4D3493DC0->4ee04582-2825-4055-a051-0465d62eb5ca@group-78E0FE5F723E, cid=1674, SUCCESS, logIndex=2463, commits[4ee04582-2825-4055-a051-0465d62eb5ca:c2463, 97f5b9f0-d9ef-40b5-ba79-7414923e623f:c2461, 7d686585-d831-45bc-93fc-0a553b604b0e:c2461]
2019-07-08 23:04:59,606 INFO  client.GrpcClientProtocolClient (GrpcClientProtocolClient.java:onNext(255)) - client-CEF4D3493DC0->4ee04582-2825-4055-a051-0465d62eb5ca: receive RaftClientReply:client-CEF4D3493DC0->4ee04582-2825-4055-a051-0465d62eb5ca@group-78E0FE5F723E, cid=1675, SUCCESS, logIndex=2466, commits[4ee04582-2825-4055-a051-0465d62eb5ca:c2467, 97f5b9f0-d9ef-40b5-ba79-7414923e623f:c2464, 7d686585-d831-45bc-93fc-0a553b604b0e:c2463]
2019-07-08 23:04:59,606 INFO  client.GrpcClientProtocolClient (GrpcClientProtocolClient.java:onNext(255)) - client-CEF4D3493DC0->4ee04582-2825-4055-a051-0465d62eb5ca: receive RaftClientReply:client-CEF4D3493DC0->4ee04582-2825-4055-a051-0465d62eb5ca@group-78E0FE5F723E, cid=1676, SUCCESS, logIndex=2467, commits[4ee04582-2825-4055-a051-0465d62eb5ca:c2467, 97f5b9f0-d9ef-40b5-ba79-7414923e623f:c2464, 7d686585-d831-45bc-93fc-0a553b604b0e:c2463]
2019-07-08 23:04:59,607 INFO  client.GrpcClientProtocolClient (GrpcClientProtocolClient.java:onNext(255)) - client-CEF4D3493DC0->4ee04582-2825-4055-a051-0465d62eb5ca: receive RaftClientReply:client-CEF4D3493DC0->4ee04582-2825-4055-a051-0465d62eb5ca@group-78E0FE5F723E, cid=1677, SUCCESS, logIndex=0, commits[4ee04582-2825-4055-a051-0465d62eb5ca:c2468, 97f5b9f0-d9ef-40b5-ba79-7414923e623f:c2467, 7d686585-d831-45bc-93fc-0a553b604b0e:c2467]
2019-07-08 23:04:59,628 INFO  client.GrpcClientProtocolClient (GrpcClientProtocolClient.java:onNext(255)) - client-CEF4D3493DC0->4ee04582-2825-4055-a051-0465d62eb5ca: receive RaftClientReply:client-CEF4D3493DC0->4ee04582-2825-4055-a051-0465d62eb5ca@group-78E0FE5F723E, cid=1678, SUCCESS, logIndex=2470, commits[4ee04582-2825-4055-a051-0465d62eb5ca:c2471, 97f5b9f0-d9ef-40b5-ba79-7414923e623f:c2469, 7d686585-d831-45bc-93fc-0a553b604b0e:c2467]
2019-07-08 23:04:59,628 INFO  client.GrpcClientProtocolClient (GrpcClientProtocolClient.java:onNext(255)) - client-CEF4D3493DC0->4ee04582-2825-4055-a051-0465d62eb5ca: receive RaftClientReply:client-CEF4D3493DC0->4ee04582-2825-4055-a051-0465d62eb5ca@group-78E0FE5F723E, cid=1679, SUCCESS, logIndex=2471, commits[4ee04582-2825-4055-a051-0465d62eb5ca:c2471, 97f5b9f0-d9ef-40b5-ba79-7414923e623f:c2469, 7d686585-d831-45bc-93fc-0a553b604b0e:c2467]
2019-07-08 23:04:59,631 INFO  client.GrpcClientProtocolClient (GrpcClientProtocolClient.java:onNext(255)) - client-CEF4D3493DC0->4ee04582-2825-4055-a051-0465d62eb5ca: receive RaftClientReply:client-CEF4D3493DC0->4ee04582-2825-4055-a051-0465d62eb5ca@group-78E0FE5F723E, cid=1680, SUCCESS, logIndex=2472, commits[4ee04582-2825-4055-a051-0465d62eb5ca:c2474, 97f5b9f0-d9ef-40b5-ba79-7414923e623f:c2471, 7d686585-d831-45bc-93fc-0a553b604b0e:c2469]
2019-07-08 23:04:59,631 INFO  client.GrpcClientProtocolClient (GrpcClientProtocolClient.java:onNext(255)) - client-CEF4D3493DC0->4ee04582-2825-4055-a051-0465d62eb5ca: receive RaftClientReply:client-CEF4D3493DC0->4ee04582-2825-4055-a051-0465d62eb5ca@group-78E0FE5F723E, cid=1681, SUCCESS, logIndex=2473, commits[4ee04582-2825-4055-a051-0465d62eb5ca:c2474, 97f5b9f0-d9ef-40b5-ba79-7414923e623f:c2471, 7d686585-d831-45bc-93fc-0a553b604b0e:c2469]
2019-07-08 23:04:59,634 INFO  client.GrpcClientProtocolClient (GrpcClientProtocolClient.java:onNext(255)) - client-CEF4D3493DC0->4ee04582-2825-4055-a051-0465d62eb5ca: receive RaftClientReply:client-CEF4D3493DC0->4ee04582-2825-4055-a051-0465d62eb5ca@group-78E0FE5F723E, cid=1682, SUCCESS, logIndex=0, commits[4ee04582-2825-4055-a051-0465d62eb5ca:c2475, 97f5b9f0-d9ef-40b5-ba79-7414923e623f:c2471, 7d686585-d831-45bc-93fc-0a553b604b0e:c2471]
2019-07-08 23:04:59,650 INFO  client.GrpcClientProtocolClient (GrpcClientProtocolClient.java:onNext(255)) - client-CEF4D3493DC0->4ee04582-2825-4055-a051-0465d62eb5ca: receive RaftClientReply:client-CEF4D3493DC0->4ee04582-2825-4055-a051-0465d62eb5ca@group-78E0FE5F723E, cid=1683, SUCCESS, logIndex=2478, commits[4ee04582-2825-4055-a051-0465d62eb5ca:c2479, 97f5b9f0-d9ef-40b5-ba79-7414923e623f:c2477, 7d686585-d831-45bc-93fc-0a553b604b0e:c2477]
2019-07-08 23:04:59,650 INFO  client.GrpcClientProtocolClient (GrpcClientProtocolClient.java:onNext(255)) - client-CEF4D3493DC0->4ee04582-2825-4055-a051-0465d62eb5ca: receive RaftClientReply:client-CEF4D3493DC0->4ee04582-2825-4055-a051-0465d62eb5ca@group-78E0FE5F723E, cid=1684, SUCCESS, logIndex=2479, commits[4ee04582-2825-4055-a051-0465d62eb5ca:c2479, 97f5b9f0-d9ef-40b5-ba79-7414923e623f:c2477, 7d686585-d831-45bc-93fc-0a553b604b0e:c2477]
2019-07-08 23:04:59,665 INFO  client.GrpcClientProtocolClient (GrpcClientProtocolClient.java:onNext(255)) - client-CEF4D3493DC0->4ee04582-2825-4055-a051-0465d62eb5ca: receive RaftClientReply:client-CEF4D3493DC0->4ee04582-2825-4055-a051-0465d62eb5ca@group-78E0FE5F723E, cid=1685, SUCCESS, logIndex=2482, commits[4ee04582-2825-4055-a051-0465d62eb5ca:c2483, 97f5b9f0-d9ef-40b5-ba79-7414923e623f:c2481, 7d686585-d831-45bc-93fc-0a553b604b0e:c2481]
2019-07-08 23:04:59,665 INFO  client.GrpcClientProtocolClient (GrpcClientProtocolClient.java:onNext(255)) - client-CEF4D3493DC0->4ee04582-2825-4055-a051-0465d62eb5ca: receive RaftClientReply:client-CEF4D3493DC0->4ee04582-2825-4055-a051-0465d62eb5ca@group-78E0FE5F723E, cid=1686, SUCCESS, logIndex=2483, commits[4ee04582-2825-4055-a051-0465d62eb5ca:c2483, 97f5b9f0-d9ef-40b5-ba79-7414923e623f:c2481, 7d686585-d831-45bc-93fc-0a553b604b0e:c2481]
2019-07-08 23:04:59,669 INFO  client.GrpcClientProtocolClient (GrpcClientProtocolClient.java:onNext(255)) - client-CEF4D3493DC0->4ee04582-2825-4055-a051-0465d62eb5ca: receive RaftClientReply:client-CEF4D3493DC0->4ee04582-2825-4055-a051-0465d62eb5ca@group-78E0FE5F723E, cid=1687, SUCCESS, logIndex=0, commits[4ee04582-2825-4055-a051-0465d62eb5ca:c2485, 97f5b9f0-d9ef-40b5-ba79-7414923e623f:c2483, 7d686585-d831-45bc-93fc-0a553b604b0e:c2483]
2019-07-08 23:04:59,691 INFO  client.GrpcClientProtocolClient (GrpcClientProtocolClient.java:onNext(255)) - client-CEF4D3493DC0->4ee04582-2825-4055-a051-0465d62eb5ca: receive RaftClientReply:client-CEF4D3493DC0->4ee04582-2825-4055-a051-0465d62eb5ca@group-78E0FE5F723E, cid=1688, SUCCESS, logIndex=2486, commits[4ee04582-2825-4055-a051-0465d62eb5ca:c2487, 97f5b9f0-d9ef-40b5-ba79-7414923e623f:c2485, 7d686585-d831-45bc-93fc-0a553b604b0e:c2483]
2019-07-08 23:04:59,692 INFO  client.GrpcClientProtocolClient (GrpcClientProtocolClient.java:onNext(255)) - client-CEF4D3493DC0->4ee04582-2825-4055-a051-0465d62eb5ca: receive RaftClientReply:client-CEF4D3493DC0->4ee04582-2825-4055-a051-0465d62eb5ca@group-78E0FE5F723E, cid=1689, SUCCESS, logIndex=2487, commits[4ee04582-2825-4055-a051-0465d62eb5ca:c2487, 97f5b9f0-d9ef-40b5-ba79-7414923e623f:c2485, 7d686585-d831-45bc-93fc-0a553b604b0e:c2483]
2019-07-08 23:04:59,695 INFO  client.GrpcClientProtocolClient (GrpcClientProtocolClient.java:onNext(255)) - client-CEF4D3493DC0->4ee04582-2825-4055-a051-0465d62eb5ca: receive RaftClientReply:client-CEF4D3493DC0->4ee04582-2825-4055-a051-0465d62eb5ca@group-78E0FE5F723E, cid=1690, SUCCESS, logIndex=2488, commits[4ee04582-2825-4055-a051-0465d62eb5ca:c2489, 97f5b9f0-d9ef-40b5-ba79-7414923e623f:c2485, 7d686585-d831-45bc-93fc-0a553b604b0e:c2485]
2019-07-08 23:04:59,696 INFO  client.GrpcClientProtocolClient (GrpcClientProtocolClient.java:onNext(255)) - client-CEF4D3493DC0->4ee04582-2825-4055-a051-0465d62eb5ca: receive RaftClientReply:client-CEF4D3493DC0->4ee04582-2825-4055-a051-0465d62eb5ca@group-78E0FE5F723E, cid=1691, SUCCESS, logIndex=2489, commits[4ee04582-2825-4055-a051-0465d62eb5ca:c2491, 97f5b9f0-d9ef-40b5-ba79-7414923e623f:c2487, 7d686585-d831-45bc-93fc-0a553b604b0e:c2487]
2019-07-08 23:04:59,708 INFO  client.GrpcClientProtocolClient (GrpcClientProtocolClient.java:onNext(255)) - client-CEF4D3493DC0->4ee04582-2825-4055-a051-0465d62eb5ca: receive RaftClientReply:client-CEF4D3493DC0->4ee04582-2825-4055-a051-0465d62eb5ca@group-78E0FE5F723E, cid=1692, SUCCESS, logIndex=2494, commits[4ee04582-2825-4055-a051-0465d62eb5ca:c2495, 97f5b9f0-d9ef-40b5-ba79-7414923e623f:c2492, 7d686585-d831-45bc-93fc-0a553b604b0e:c2492]
2019-07-08 23:04:59,708 INFO  client.GrpcClientProtocolClient (GrpcClientProtocolClient.java:onNext(255)) - client-CEF4D3493DC0->4ee04582-2825-4055-a051-0465d62eb5ca: receive RaftClientReply:client-CEF4D3493DC0->4ee04582-2825-4055-a051-0465d62eb5ca@group-78E0FE5F723E, cid=1693, SUCCESS, logIndex=2495, commits[4ee04582-2825-4055-a051-0465d62eb5ca:c2495, 97f5b9f0-d9ef-40b5-ba79-7414923e623f:c2492, 7d686585-d831-45bc-93fc-0a553b604b0e:c2492]
2019-07-08 23:04:59,720 INFO  client.GrpcClientProtocolClient (GrpcClientProtocolClient.java:onNext(255)) - client-CEF4D3493DC0->4ee04582-2825-4055-a051-0465d62eb5ca: receive RaftClientReply:client-CEF4D3493DC0->4ee04582-2825-4055-a051-0465d62eb5ca@group-78E0FE5F723E, cid=1694, SUCCESS, logIndex=2498, commits[4ee04582-2825-4055-a051-0465d62eb5ca:c2499, 97f5b9f0-d9ef-40b5-ba79-7414923e623f:c2497, 7d686585-d831-45bc-93fc-0a553b604b0e:c2495]
2019-07-08 23:04:59,720 INFO  client.GrpcClientProtocolClient (GrpcClientProtocolClient.java:onNext(255)) - client-CEF4D3493DC0->4ee04582-2825-4055-a051-0465d62eb5ca: receive RaftClientReply:client-CEF4D3493DC0->4ee04582-2825-4055-a051-0465d62eb5ca@group-78E0FE5F723E, cid=1695, SUCCESS, logIndex=2499, commits[4ee04582-2825-4055-a051-0465d62eb5ca:c2499, 97f5b9f0-d9ef-40b5-ba79-7414923e623f:c2497, 7d686585-d831-45bc-93fc-0a553b604b0e:c2495]
2019-07-08 23:04:59,722 INFO  client.GrpcClientProtocolClient (GrpcClientProtocolClient.java:onNext(255)) - client-CEF4D3493DC0->4ee04582-2825-4055-a051-0465d62eb5ca: receive RaftClientReply:client-CEF4D3493DC0->4ee04582-2825-4055-a051-0465d62eb5ca@group-78E0FE5F723E, cid=1696, SUCCESS, logIndex=0, commits[4ee04582-2825-4055-a051-0465d62eb5ca:c2501, 97f5b9f0-d9ef-40b5-ba79-7414923e623f:c2499, 7d686585-d831-45bc-93fc-0a553b604b0e:c2499]
2019-07-08 23:04:59,741 INFO  client.GrpcClientProtocolClient (GrpcClientProtocolClient.java:onNext(255)) - client-CEF4D3493DC0->4ee04582-2825-4055-a051-0465d62eb5ca: receive RaftClientReply:client-CEF4D3493DC0->4ee04582-2825-4055-a051-0465d62eb5ca@group-78E0FE5F723E, cid=1697, SUCCESS, logIndex=2502, commits[4ee04582-2825-4055-a051-0465d62eb5ca:c2503, 97f5b9f0-d9ef-40b5-ba79-7414923e623f:c2501, 7d686585-d831-45bc-93fc-0a553b604b0e:c2501]
2019-07-08 23:04:59,741 INFO  client.GrpcClientProtocolClient (GrpcClientProtocolClient.java:onNext(255)) - client-CEF4D3493DC0->4ee04582-2825-4055-a051-0465d62eb5ca: receive RaftClientReply:client-CEF4D3493DC0->4ee04582-2825-4055-a051-0465d62eb5ca@group-78E0FE5F723E, cid=1698, SUCCESS, logIndex=2503, commits[4ee04582-2825-4055-a051-0465d62eb5ca:c2503, 97f5b9f0-d9ef-40b5-ba79-7414923e623f:c2501, 7d686585-d831-45bc-93fc-0a553b604b0e:c2501]
2019-07-08 23:04:59,743 INFO  client.GrpcClientProtocolClient (GrpcClientProtocolClient.java:onNext(255)) - client-CEF4D3493DC0->4ee04582-2825-4055-a051-0465d62eb5ca: receive RaftClientReply:client-CEF4D3493DC0->4ee04582-2825-4055-a051-0465d62eb5ca@group-78E0FE5F723E, cid=1699, SUCCESS, logIndex=2504, commits[4ee04582-2825-4055-a051-0465d62eb5ca:c2507, 97f5b9f0-d9ef-40b5-ba79-7414923e623f:c2501, 7d686585-d831-45bc-93fc-0a553b604b0e:c2503]
2019-07-08 23:04:59,744 INFO  client.GrpcClientProtocolClient (GrpcClientProtocolClient.java:onNext(255)) - client-CEF4D3493DC0->4ee04582-2825-4055-a051-0465d62eb5ca: receive RaftClientReply:client-CEF4D3493DC0->4ee04582-2825-4055-a051-0465d62eb5ca@group-78E0FE5F723E, cid=1700, SUCCESS, logIndex=2505, commits[4ee04582-2825-4055-a051-0465d62eb5ca:c2507, 97f5b9f0-d9ef-40b5-ba79-7414923e623f:c2501, 7d686585-d831-45bc-93fc-0a553b604b0e:c2503]
2019-07-08 23:04:59,745 INFO  client.GrpcClientProtocolClient (GrpcClientProtocolClient.java:onNext(255)) - client-CEF4D3493DC0->4ee04582-2825-4055-a051-0465d62eb5ca: receive RaftClientReply:client-CEF4D3493DC0->4ee04582-2825-4055-a051-0465d62eb5ca@group-78E0FE5F723E, cid=1701, SUCCESS, logIndex=0, commits[4ee04582-2825-4055-a051-0465d62eb5ca:c2507, 97f5b9f0-d9ef-40b5-ba79-7414923e623f:c2503, 7d686585-d831-45bc-93fc-0a553b604b0e:c2503]
2019-07-08 23:04:59,756 INFO  client.GrpcClientProtocolClient (GrpcClientProtocolClient.java:onNext(255)) - client-CEF4D3493DC0->4ee04582-2825-4055-a051-0465d62eb5ca: receive RaftClientReply:client-CEF4D3493DC0->4ee04582-2825-4055-a051-0465d62eb5ca@group-78E0FE5F723E, cid=1702, SUCCESS, logIndex=2510, commits[4ee04582-2825-4055-a051-0465d62eb5ca:c2511, 97f5b9f0-d9ef-40b5-ba79-7414923e623f:c2509, 7d686585-d831-45bc-93fc-0a553b604b0e:c2509]
2019-07-08 23:04:59,757 INFO  client.GrpcClientProtocolClient (GrpcClientProtocolClient.java:onNext(255)) - client-CEF4D3493DC0->4ee04582-2825-4055-a051-0465d62eb5ca: receive RaftClientReply:client-CEF4D3493DC0->4ee04582-2825-4055-a051-0465d62eb5ca@group-78E0FE5F723E, cid=1703, SUCCESS, logIndex=2511, commits[4ee04582-2825-4055-a051-0465d62eb5ca:c2511, 97f5b9f0-d9ef-40b5-ba79-7414923e623f:c2509, 7d686585-d831-45bc-93fc-0a553b604b0e:c2509]
2019-07-08 23:04:59,773 INFO  client.GrpcClientProtocolClient (GrpcClientProtocolClient.java:onNext(255)) - client-CEF4D3493DC0->4ee04582-2825-4055-a051-0465d62eb5ca: receive RaftClientReply:client-CEF4D3493DC0->4ee04582-2825-4055-a051-0465d62eb5ca@group-78E0FE5F723E, cid=1704, SUCCESS, logIndex=2514, commits[4ee04582-2825-4055-a051-0465d62eb5ca:c2515, 97f5b9f0-d9ef-40b5-ba79-7414923e623f:c2512, 7d686585-d831-45bc-93fc-0a553b604b0e:c2512]
2019-07-08 23:04:59,774 INFO  client.GrpcClientProtocolClient (GrpcClientProtocolClient.java:onNext(255)) - client-CEF4D3493DC0->4ee04582-2825-4055-a051-0465d62eb5ca: receive RaftClientReply:client-CEF4D3493DC0->4ee04582-2825-4055-a051-0465d62eb5ca@group-78E0FE5F723E, cid=1705, SUCCESS, logIndex=2515, commits[4ee04582-2825-4055-a051-0465d62eb5ca:c2515, 97f5b9f0-d9ef-40b5-ba79-7414923e623f:c2512, 7d686585-d831-45bc-93fc-0a553b604b0e:c2512]
2019-07-08 23:04:59,777 INFO  client.GrpcClientProtocolClient (GrpcClientProtocolClient.java:onNext(255)) - client-CEF4D3493DC0->4ee04582-2825-4055-a051-0465d62eb5ca: receive RaftClientReply:client-CEF4D3493DC0->4ee04582-2825-4055-a051-0465d62eb5ca@group-78E0FE5F723E, cid=1706, SUCCESS, logIndex=0, commits[4ee04582-2825-4055-a051-0465d62eb5ca:c2516, 97f5b9f0-d9ef-40b5-ba79-7414923e623f:c2515, 7d686585-d831-45bc-93fc-0a553b604b0e:c2515]
2019-07-08 23:04:59,798 INFO  client.GrpcClientProtocolClient (GrpcClientProtocolClient.java:onNext(255)) - client-CEF4D3493DC0->4ee04582-2825-4055-a051-0465d62eb5ca: receive RaftClientReply:client-CEF4D3493DC0->4ee04582-2825-4055-a051-0465d62eb5ca@group-78E0FE5F723E, cid=1707, SUCCESS, logIndex=2518, commits[4ee04582-2825-4055-a051-0465d62eb5ca:c2519, 97f5b9f0-d9ef-40b5-ba79-7414923e623f:c2517, 7d686585-d831-45bc-93fc-0a553b604b0e:c2515]
2019-07-08 23:04:59,798 INFO  client.GrpcClientProtocolClient (GrpcClientProtocolClient.java:onNext(255)) - client-CEF4D3493DC0->4ee04582-2825-4055-a051-0465d62eb5ca: receive RaftClientReply:client-CEF4D3493DC0->4ee04582-2825-4055-a051-0465d62eb5ca@group-78E0FE5F723E, cid=1708, SUCCESS, logIndex=2519, commits[4ee04582-2825-4055-a051-0465d62eb5ca:c2519, 97f5b9f0-d9ef-40b5-ba79-7414923e623f:c2517, 7d686585-d831-45bc-93fc-0a553b604b0e:c2517]
2019-07-08 23:04:59,799 INFO  client.GrpcClientProtocolClient (GrpcClientProtocolClient.java:onNext(255)) - client-CEF4D3493DC0->4ee04582-2825-4055-a051-0465d62eb5ca: receive RaftClientReply:client-CEF4D3493DC0->4ee04582-2825-4055-a051-0465d62eb5ca@group-78E0FE5F723E, cid=1709, SUCCESS, logIndex=2520, commits[4ee04582-2825-4055-a051-0465d62eb5ca:c2521, 97f5b9f0-d9ef-40b5-ba79-7414923e623f:c2517, 7d686585-d831-45bc-93fc-0a553b604b0e:c2517]
2019-07-08 23:04:59,800 INFO  client.GrpcClientProtocolClient (GrpcClientProtocolClient.java:onNext(255)) - client-CEF4D3493DC0->4ee04582-2825-4055-a051-0465d62eb5ca: receive RaftClientReply:client-CEF4D3493DC0->4ee04582-2825-4055-a051-0465d62eb5ca@group-78E0FE5F723E, cid=1710, SUCCESS, logIndex=2521, commits[4ee04582-2825-4055-a051-0465d62eb5ca:c2521, 97f5b9f0-d9ef-40b5-ba79-7414923e623f:c2517, 7d686585-d831-45bc-93fc-0a553b604b0e:c2517]
2019-07-08 23:04:59,802 INFO  client.GrpcClientProtocolClient (GrpcClientProtocolClient.java:onNext(255)) - client-CEF4D3493DC0->4ee04582-2825-4055-a051-0465d62eb5ca: receive RaftClientReply:client-CEF4D3493DC0->4ee04582-2825-4055-a051-0465d62eb5ca@group-78E0FE5F723E, cid=1711, SUCCESS, logIndex=0, commits[4ee04582-2825-4055-a051-0465d62eb5ca:c2523, 97f5b9f0-d9ef-40b5-ba79-7414923e623f:c2519, 7d686585-d831-45bc-93fc-0a553b604b0e:c2519]
2019-07-08 23:04:59,814 INFO  client.GrpcClientProtocolClient (GrpcClientProtocolClient.java:onNext(255)) - client-CEF4D3493DC0->4ee04582-2825-4055-a051-0465d62eb5ca: receive RaftClientReply:client-CEF4D3493DC0->4ee04582-2825-4055-a051-0465d62eb5ca@group-78E0FE5F723E, cid=1712, SUCCESS, logIndex=2526, commits[4ee04582-2825-4055-a051-0465d62eb5ca:c2527, 97f5b9f0-d9ef-40b5-ba79-7414923e623f:c2521, 7d686585-d831-45bc-93fc-0a553b604b0e:c2525]
2019-07-08 23:04:59,814 INFO  client.GrpcClientProtocolClient (GrpcClientProtocolClient.java:onNext(255)) - client-CEF4D3493DC0->4ee04582-2825-4055-a051-0465d62eb5ca: receive RaftClientReply:client-CEF4D3493DC0->4ee04582-2825-4055-a051-0465d62eb5ca@group-78E0FE5F723E, cid=1713, SUCCESS, logIndex=2527, commits[4ee04582-2825-4055-a051-0465d62eb5ca:c2527, 97f5b9f0-d9ef-40b5-ba79-7414923e623f:c2525, 7d686585-d831-45bc-93fc-0a553b604b0e:c2525]
2019-07-08 23:04:59,825 INFO  client.GrpcClientProtocolClient (GrpcClientProtocolClient.java:onNext(255)) - client-CEF4D3493DC0->4ee04582-2825-4055-a051-0465d62eb5ca: receive RaftClientReply:client-CEF4D3493DC0->4ee04582-2825-4055-a051-0465d62eb5ca@group-78E0FE5F723E, cid=1714, SUCCESS, logIndex=2530, commits[4ee04582-2825-4055-a051-0465d62eb5ca:c2531, 97f5b9f0-d9ef-40b5-ba79-7414923e623f:c2527, 7d686585-d831-45bc-93fc-0a553b604b0e:c2529]
2019-07-08 23:04:59,826 INFO  client.GrpcClientProtocolClient (GrpcClientProtocolClient.java:onNext(255)) - client-CEF4D3493DC0->4ee04582-2825-4055-a051-0465d62eb5ca: receive RaftClientReply:client-CEF4D3493DC0->4ee04582-2825-4055-a051-0465d62eb5ca@group-78E0FE5F723E, cid=1715, SUCCESS, logIndex=2531, commits[4ee04582-2825-4055-a051-0465d62eb5ca:c2531, 97f5b9f0-d9ef-40b5-ba79-7414923e623f:c2529, 7d686585-d831-45bc-93fc-0a553b604b0e:c2529]
2019-07-08 23:04:59,828 INFO  client.GrpcClientProtocolClient (GrpcClientProtocolClient.java:onNext(255)) - client-CEF4D3493DC0->4ee04582-2825-4055-a051-0465d62eb5ca: receive RaftClientReply:client-CEF4D3493DC0->4ee04582-2825-4055-a051-0465d62eb5ca@group-78E0FE5F723E, cid=1716, SUCCESS, logIndex=0, commits[4ee04582-2825-4055-a051-0465d62eb5ca:c2532, 97f5b9f0-d9ef-40b5-ba79-7414923e623f:c2531, 7d686585-d831-45bc-93fc-0a553b604b0e:c2531]
2019-07-08 23:04:59,849 INFO  client.GrpcClientProtocolClient (GrpcClientProtocolClient.java:onNext(255)) - client-CEF4D3493DC0->4ee04582-2825-4055-a051-0465d62eb5ca: receive RaftClientReply:client-CEF4D3493DC0->4ee04582-2825-4055-a051-0465d62eb5ca@group-78E0FE5F723E, cid=1717, SUCCESS, logIndex=2534, commits[4ee04582-2825-4055-a051-0465d62eb5ca:c2535, 97f5b9f0-d9ef-40b5-ba79-7414923e623f:c2533, 7d686585-d831-45bc-93fc-0a553b604b0e:c2531]
2019-07-08 23:04:59,849 INFO  client.GrpcClientProtocolClient (GrpcClientProtocolClient.java:onNext(255)) - client-CEF4D3493DC0->4ee04582-2825-4055-a051-0465d62eb5ca: receive RaftClientReply:client-CEF4D3493DC0->4ee04582-2825-4055-a051-0465d62eb5ca@group-78E0FE5F723E, cid=1718, SUCCESS, logIndex=2535, commits[4ee04582-2825-4055-a051-0465d62eb5ca:c2535, 97f5b9f0-d9ef-40b5-ba79-7414923e623f:c2533, 7d686585-d831-45bc-93fc-0a553b604b0e:c2531]
2019-07-08 23:04:59,852 INFO  client.GrpcClientProtocolClient (GrpcClientProtocolClient.java:onNext(255)) - client-CEF4D3493DC0->4ee04582-2825-4055-a051-0465d62eb5ca: receive RaftClientReply:client-CEF4D3493DC0->4ee04582-2825-4055-a051-0465d62eb5ca@group-78E0FE5F723E, cid=1719, SUCCESS, logIndex=2536, commits[4ee04582-2825-4055-a051-0465d62eb5ca:c2537, 97f5b9f0-d9ef-40b5-ba79-7414923e623f:c2533, 7d686585-d831-45bc-93fc-0a553b604b0e:c2533]
2019-07-08 23:04:59,852 INFO  client.GrpcClientProtocolClient (GrpcClientProtocolClient.java:onNext(255)) - client-CEF4D3493DC0->4ee04582-2825-4055-a051-0465d62eb5ca: receive RaftClientReply:client-CEF4D3493DC0->4ee04582-2825-4055-a051-0465d62eb5ca@group-78E0FE5F723E, cid=1720, SUCCESS, logIndex=2537, commits[4ee04582-2825-4055-a051-0465d62eb5ca:c2538, 97f5b9f0-d9ef-40b5-ba79-7414923e623f:c2533, 7d686585-d831-45bc-93fc-0a553b604b0e:c2535]
2019-07-08 23:04:59,854 INFO  client.GrpcClientProtocolClient (GrpcClientProtocolClient.java:onNext(255)) - client-CEF4D3493DC0->4ee04582-2825-4055-a051-0465d62eb5ca: receive RaftClientReply:client-CEF4D3493DC0->4ee04582-2825-4055-a051-0465d62eb5ca@group-78E0FE5F723E, cid=1721, SUCCESS, logIndex=0, commits[4ee04582-2825-4055-a051-0465d62eb5ca:c2539, 97f5b9f0-d9ef-40b5-ba79-7414923e623f:c2535, 7d686585-d831-45bc-93fc-0a553b604b0e:c2535]
2019-07-08 23:04:59,865 INFO  client.GrpcClientProtocolClient (GrpcClientProtocolClient.java:onNext(255)) - client-CEF4D3493DC0->4ee04582-2825-4055-a051-0465d62eb5ca: receive RaftClientReply:client-CEF4D3493DC0->4ee04582-2825-4055-a051-0465d62eb5ca@group-78E0FE5F723E, cid=1722, SUCCESS, logIndex=2542, commits[4ee04582-2825-4055-a051-0465d62eb5ca:c2543, 97f5b9f0-d9ef-40b5-ba79-7414923e623f:c2541, 7d686585-d831-45bc-93fc-0a553b604b0e:c2541]
2019-07-08 23:04:59,865 INFO  client.GrpcClientProtocolClient (GrpcClientProtocolClient.java:onNext(255)) - client-CEF4D3493DC0->4ee04582-2825-4055-a051-0465d62eb5ca: receive RaftClientReply:client-CEF4D3493DC0->4ee04582-2825-4055-a051-0465d62eb5ca@group-78E0FE5F723E, cid=1723, SUCCESS, logIndex=2543, commits[4ee04582-2825-4055-a051-0465d62eb5ca:c2543, 97f5b9f0-d9ef-40b5-ba79-7414923e623f:c2541, 7d686585-d831-45bc-93fc-0a553b604b0e:c2541]
2019-07-08 23:04:59,885 INFO  client.GrpcClientProtocolClient (GrpcClientProtocolClient.java:onNext(255)) - client-CEF4D3493DC0->4ee04582-2825-4055-a051-0465d62eb5ca: receive RaftClientReply:client-CEF4D3493DC0->4ee04582-2825-4055-a051-0465d62eb5ca@group-78E0FE5F723E, cid=1724, SUCCESS, logIndex=2546, commits[4ee04582-2825-4055-a051-0465d62eb5ca:c2547, 97f5b9f0-d9ef-40b5-ba79-7414923e623f:c2545, 7d686585-d831-45bc-93fc-0a553b604b0e:c2545]
2019-07-08 23:04:59,885 INFO  client.GrpcClientProtocolClient (GrpcClientProtocolClient.java:onNext(255)) - client-CEF4D3493DC0->4ee04582-2825-4055-a051-0465d62eb5ca: receive RaftClientReply:client-CEF4D3493DC0->4ee04582-2825-4055-a051-0465d62eb5ca@group-78E0FE5F723E, cid=1725, SUCCESS, logIndex=2547, commits[4ee04582-2825-4055-a051-0465d62eb5ca:c2547, 97f5b9f0-d9ef-40b5-ba79-7414923e623f:c2545, 7d686585-d831-45bc-93fc-0a553b604b0e:c2545]
 0.00% |█                                                                                                    |  0/1 Time: 0:00:092019-07-08 23:04:59,891 INFO  client.GrpcClientProtocolClient (GrpcClientProtocolClient.java:onNext(255)) - client-CEF4D3493DC0->4ee04582-2825-4055-a051-0465d62eb5ca: receive RaftClientReply:client-CEF4D3493DC0->4ee04582-2825-4055-a051-0465d62eb5ca@group-78E0FE5F723E, cid=1726, SUCCESS, logIndex=0, commits[4ee04582-2825-4055-a051-0465d62eb5ca:c2549, 97f5b9f0-d9ef-40b5-ba79-7414923e623f:c2547, 7d686585-d831-45bc-93fc-0a553b604b0e:c2547]
2019-07-08 23:04:59,923 INFO  client.GrpcClientProtocolClient (GrpcClientProtocolClient.java:onNext(255)) - client-CEF4D3493DC0->4ee04582-2825-4055-a051-0465d62eb5ca: receive RaftClientReply:client-CEF4D3493DC0->4ee04582-2825-4055-a051-0465d62eb5ca@group-78E0FE5F723E, cid=1727, SUCCESS, logIndex=2550, commits[4ee04582-2825-4055-a051-0465d62eb5ca:c2553, 97f5b9f0-d9ef-40b5-ba79-7414923e623f:c2549, 7d686585-d831-45bc-93fc-0a553b604b0e:c2547]
2019-07-08 23:04:59,924 INFO  client.GrpcClientProtocolClient (GrpcClientProtocolClient.java:onNext(255)) - client-CEF4D3493DC0->4ee04582-2825-4055-a051-0465d62eb5ca: receive RaftClientReply:client-CEF4D3493DC0->4ee04582-2825-4055-a051-0465d62eb5ca@group-78E0FE5F723E, cid=1728, SUCCESS, logIndex=2551, commits[4ee04582-2825-4055-a051-0465d62eb5ca:c2553, 97f5b9f0-d9ef-40b5-ba79-7414923e623f:c2549, 7d686585-d831-45bc-93fc-0a553b604b0e:c2549]
2019-07-08 23:04:59,924 INFO  client.GrpcClientProtocolClient (GrpcClientProtocolClient.java:onNext(255)) - client-CEF4D3493DC0->4ee04582-2825-4055-a051-0465d62eb5ca: receive RaftClientReply:client-CEF4D3493DC0->4ee04582-2825-4055-a051-0465d62eb5ca@group-78E0FE5F723E, cid=1729, SUCCESS, logIndex=2552, commits[4ee04582-2825-4055-a051-0465d62eb5ca:c2553, 97f5b9f0-d9ef-40b5-ba79-7414923e623f:c2549, 7d686585-d831-45bc-93fc-0a553b604b0e:c2549]
2019-07-08 23:04:59,924 INFO  client.GrpcClientProtocolClient (GrpcClientProtocolClient.java:onNext(255)) - client-CEF4D3493DC0->4ee04582-2825-4055-a051-0465d62eb5ca: receive RaftClientReply:client-CEF4D3493DC0->4ee04582-2825-4055-a051-0465d62eb5ca@group-78E0FE5F723E, cid=1730, SUCCESS, logIndex=2553, commits[4ee04582-2825-4055-a051-0465d62eb5ca:c2553, 97f5b9f0-d9ef-40b5-ba79-7414923e623f:c2549, 7d686585-d831-45bc-93fc-0a553b604b0e:c2549]
2019-07-08 23:04:59,929 INFO  client.GrpcClientProtocolClient (GrpcClientProtocolClient.java:onNext(255)) - client-CEF4D3493DC0->4ee04582-2825-4055-a051-0465d62eb5ca: receive RaftClientReply:client-CEF4D3493DC0->4ee04582-2825-4055-a051-0465d62eb5ca@group-78E0FE5F723E, cid=1731, SUCCESS, logIndex=0, commits[4ee04582-2825-4055-a051-0465d62eb5ca:c2554, 97f5b9f0-d9ef-40b5-ba79-7414923e623f:c2551, 7d686585-d831-45bc-93fc-0a553b604b0e:c2551]
2019-07-08 23:04:59,940 INFO  client.GrpcClientProtocolClient (GrpcClientProtocolClient.java:onNext(255)) - client-CEF4D3493DC0->4ee04582-2825-4055-a051-0465d62eb5ca: receive RaftClientReply:client-CEF4D3493DC0->4ee04582-2825-4055-a051-0465d62eb5ca@group-78E0FE5F723E, cid=1732, SUCCESS, logIndex=2558, commits[4ee04582-2825-4055-a051-0465d62eb5ca:c2559, 97f5b9f0-d9ef-40b5-ba79-7414923e623f:c2557, 7d686585-d831-45bc-93fc-0a553b604b0e:c2553]
2019-07-08 23:04:59,941 INFO  client.GrpcClientProtocolClient (GrpcClientProtocolClient.java:onNext(255)) - client-CEF4D3493DC0->4ee04582-2825-4055-a051-0465d62eb5ca: receive RaftClientReply:client-CEF4D3493DC0->4ee04582-2825-4055-a051-0465d62eb5ca@group-78E0FE5F723E, cid=1733, SUCCESS, logIndex=2559, commits[4ee04582-2825-4055-a051-0465d62eb5ca:c2559, 97f5b9f0-d9ef-40b5-ba79-7414923e623f:c2557, 7d686585-d831-45bc-93fc-0a553b604b0e:c2553]
2019-07-08 23:04:59,957 INFO  client.GrpcClientProtocolClient (GrpcClientProtocolClient.java:onNext(255)) - client-CEF4D3493DC0->4ee04582-2825-4055-a051-0465d62eb5ca: receive RaftClientReply:client-CEF4D3493DC0->4ee04582-2825-4055-a051-0465d62eb5ca@group-78E0FE5F723E, cid=1734, SUCCESS, logIndex=2562, commits[4ee04582-2825-4055-a051-0465d62eb5ca:c2563, 97f5b9f0-d9ef-40b5-ba79-7414923e623f:c2561, 7d686585-d831-45bc-93fc-0a553b604b0e:c2561]
2019-07-08 23:04:59,958 INFO  client.GrpcClientProtocolClient (GrpcClientProtocolClient.java:onNext(255)) - client-CEF4D3493DC0->4ee04582-2825-4055-a051-0465d62eb5ca: receive RaftClientReply:client-CEF4D3493DC0->4ee04582-2825-4055-a051-0465d62eb5ca@group-78E0FE5F723E, cid=1735, SUCCESS, logIndex=2563, commits[4ee04582-2825-4055-a051-0465d62eb5ca:c2563, 97f5b9f0-d9ef-40b5-ba79-7414923e623f:c2561, 7d686585-d831-45bc-93fc-0a553b604b0e:c2561]
2019-07-08 23:04:59,962 INFO  client.GrpcClientProtocolClient (GrpcClientProtocolClient.java:onNext(255)) - client-CEF4D3493DC0->4ee04582-2825-4055-a051-0465d62eb5ca: receive RaftClientReply:client-CEF4D3493DC0->4ee04582-2825-4055-a051-0465d62eb5ca@group-78E0FE5F723E, cid=1736, SUCCESS, logIndex=0, commits[4ee04582-2825-4055-a051-0465d62eb5ca:c2564, 97f5b9f0-d9ef-40b5-ba79-7414923e623f:c2563, 7d686585-d831-45bc-93fc-0a553b604b0e:c2563]
2019-07-08 23:04:59,982 INFO  client.GrpcClientProtocolClient (GrpcClientProtocolClient.java:onNext(255)) - client-CEF4D3493DC0->4ee04582-2825-4055-a051-0465d62eb5ca: receive RaftClientReply:client-CEF4D3493DC0->4ee04582-2825-4055-a051-0465d62eb5ca@group-78E0FE5F723E, cid=1737, SUCCESS, logIndex=2566, commits[4ee04582-2825-4055-a051-0465d62eb5ca:c2567, 97f5b9f0-d9ef-40b5-ba79-7414923e623f:c2565, 7d686585-d831-45bc-93fc-0a553b604b0e:c2563]
2019-07-08 23:04:59,982 INFO  client.GrpcClientProtocolClient (GrpcClientProtocolClient.java:onNext(255)) - client-CEF4D3493DC0->4ee04582-2825-4055-a051-0465d62eb5ca: receive RaftClientReply:client-CEF4D3493DC0->4ee04582-2825-4055-a051-0465d62eb5ca@group-78E0FE5F723E, cid=1738, SUCCESS, logIndex=2567, commits[4ee04582-2825-4055-a051-0465d62eb5ca:c2567, 97f5b9f0-d9ef-40b5-ba79-7414923e623f:c2565, 7d686585-d831-45bc-93fc-0a553b604b0e:c2565]
2019-07-08 23:04:59,984 INFO  client.GrpcClientProtocolClient (GrpcClientProtocolClient.java:onNext(255)) - client-CEF4D3493DC0->4ee04582-2825-4055-a051-0465d62eb5ca: receive RaftClientReply:client-CEF4D3493DC0->4ee04582-2825-4055-a051-0465d62eb5ca@group-78E0FE5F723E, cid=1739, SUCCESS, logIndex=2568, commits[4ee04582-2825-4055-a051-0465d62eb5ca:c2571, 97f5b9f0-d9ef-40b5-ba79-7414923e623f:c2567, 7d686585-d831-45bc-93fc-0a553b604b0e:c2565]
2019-07-08 23:04:59,984 INFO  client.GrpcClientProtocolClient (GrpcClientProtocolClient.java:onNext(255)) - client-CEF4D3493DC0->4ee04582-2825-4055-a051-0465d62eb5ca: receive RaftClientReply:client-CEF4D3493DC0->4ee04582-2825-4055-a051-0465d62eb5ca@group-78E0FE5F723E, cid=1740, SUCCESS, logIndex=2569, commits[4ee04582-2825-4055-a051-0465d62eb5ca:c2571, 97f5b9f0-d9ef-40b5-ba79-7414923e623f:c2567, 7d686585-d831-45bc-93fc-0a553b604b0e:c2565]
2019-07-08 23:04:59,986 INFO  client.GrpcClientProtocolClient (GrpcClientProtocolClient.java:onNext(255)) - client-CEF4D3493DC0->4ee04582-2825-4055-a051-0465d62eb5ca: receive RaftClientReply:client-CEF4D3493DC0->4ee04582-2825-4055-a051-0465d62eb5ca@group-78E0FE5F723E, cid=1741, SUCCESS, logIndex=0, commits[4ee04582-2825-4055-a051-0465d62eb5ca:c2571, 97f5b9f0-d9ef-40b5-ba79-7414923e623f:c2567, 7d686585-d831-45bc-93fc-0a553b604b0e:c2567]
2019-07-08 23:05:00,087 INFO  client.GrpcClientProtocolClient (GrpcClientProtocolClient.java:onNext(255)) - client-CEF4D3493DC0->4ee04582-2825-4055-a051-0465d62eb5ca: receive RaftClientReply:client-CEF4D3493DC0->4ee04582-2825-4055-a051-0465d62eb5ca@group-78E0FE5F723E, cid=1742, SUCCESS, logIndex=2572, commits[4ee04582-2825-4055-a051-0465d62eb5ca:c2573, 97f5b9f0-d9ef-40b5-ba79-7414923e623f:c2571, 7d686585-d831-45bc-93fc-0a553b604b0e:c2567]
2019-07-08 23:05:00,088 INFO  client.GrpcClientProtocolClient (GrpcClientProtocolClient.java:onNext(255)) - client-CEF4D3493DC0->4ee04582-2825-4055-a051-0465d62eb5ca: receive RaftClientReply:client-CEF4D3493DC0->4ee04582-2825-4055-a051-0465d62eb5ca@group-78E0FE5F723E, cid=1743, SUCCESS, logIndex=2573, commits[4ee04582-2825-4055-a051-0465d62eb5ca:c2573, 97f5b9f0-d9ef-40b5-ba79-7414923e623f:c2571, 7d686585-d831-45bc-93fc-0a553b604b0e:c2571]
2019-07-08 23:05:00,108 INFO  client.GrpcClientProtocolClient (GrpcClientProtocolClient.java:onNext(255)) - client-CEF4D3493DC0->4ee04582-2825-4055-a051-0465d62eb5ca: receive RaftClientReply:client-CEF4D3493DC0->4ee04582-2825-4055-a051-0465d62eb5ca@group-78E0FE5F723E, cid=1744, SUCCESS, logIndex=2576, commits[4ee04582-2825-4055-a051-0465d62eb5ca:c2576, 97f5b9f0-d9ef-40b5-ba79-7414923e623f:c2575, 7d686585-d831-45bc-93fc-0a553b604b0e:c2575]
2019-07-08 23:05:00,108 INFO  client.GrpcClientProtocolClient (GrpcClientProtocolClient.java:onNext(255)) - client-CEF4D3493DC0->4ee04582-2825-4055-a051-0465d62eb5ca: receive RaftClientReply:client-CEF4D3493DC0->4ee04582-2825-4055-a051-0465d62eb5ca@group-78E0FE5F723E, cid=1745, SUCCESS, logIndex=2577, commits[4ee04582-2825-4055-a051-0465d62eb5ca:c2577, 97f5b9f0-d9ef-40b5-ba79-7414923e623f:c2575, 7d686585-d831-45bc-93fc-0a553b604b0e:c2575]
2019-07-08 23:05:00,114 INFO  client.GrpcClientProtocolClient (GrpcClientProtocolClient.java:onNext(255)) - client-CEF4D3493DC0->4ee04582-2825-4055-a051-0465d62eb5ca: receive RaftClientReply:client-CEF4D3493DC0->4ee04582-2825-4055-a051-0465d62eb5ca@group-78E0FE5F723E, cid=1746, SUCCESS, logIndex=0, commits[4ee04582-2825-4055-a051-0465d62eb5ca:c2579, 97f5b9f0-d9ef-40b5-ba79-7414923e623f:c2577, 7d686585-d831-45bc-93fc-0a553b604b0e:c2577]
2019-07-08 23:05:00,138 INFO  client.GrpcClientProtocolClient (GrpcClientProtocolClient.java:onNext(255)) - client-CEF4D3493DC0->4ee04582-2825-4055-a051-0465d62eb5ca: receive RaftClientReply:client-CEF4D3493DC0->4ee04582-2825-4055-a051-0465d62eb5ca@group-78E0FE5F723E, cid=1747, SUCCESS, logIndex=2580, commits[4ee04582-2825-4055-a051-0465d62eb5ca:c2583, 97f5b9f0-d9ef-40b5-ba79-7414923e623f:c2579, 7d686585-d831-45bc-93fc-0a553b604b0e:c2577]
2019-07-08 23:05:00,139 INFO  client.GrpcClientProtocolClient (GrpcClientProtocolClient.java:onNext(255)) - client-CEF4D3493DC0->4ee04582-2825-4055-a051-0465d62eb5ca: receive RaftClientReply:client-CEF4D3493DC0->4ee04582-2825-4055-a051-0465d62eb5ca@group-78E0FE5F723E, cid=1748, SUCCESS, logIndex=2581, commits[4ee04582-2825-4055-a051-0465d62eb5ca:c2583, 97f5b9f0-d9ef-40b5-ba79-7414923e623f:c2579, 7d686585-d831-45bc-93fc-0a553b604b0e:c2579]
2019-07-08 23:05:00,139 INFO  client.GrpcClientProtocolClient (GrpcClientProtocolClient.java:onNext(255)) - client-CEF4D3493DC0->4ee04582-2825-4055-a051-0465d62eb5ca: receive RaftClientReply:client-CEF4D3493DC0->4ee04582-2825-4055-a051-0465d62eb5ca@group-78E0FE5F723E, cid=1749, SUCCESS, logIndex=2582, commits[4ee04582-2825-4055-a051-0465d62eb5ca:c2583, 97f5b9f0-d9ef-40b5-ba79-7414923e623f:c2579, 7d686585-d831-45bc-93fc-0a553b604b0e:c2579]
2019-07-08 23:05:00,139 INFO  client.GrpcClientProtocolClient (GrpcClientProtocolClient.java:onNext(255)) - client-CEF4D3493DC0->4ee04582-2825-4055-a051-0465d62eb5ca: receive RaftClientReply:client-CEF4D3493DC0->4ee04582-2825-4055-a051-0465d62eb5ca@group-78E0FE5F723E, cid=1750, SUCCESS, logIndex=2583, commits[4ee04582-2825-4055-a051-0465d62eb5ca:c2583, 97f5b9f0-d9ef-40b5-ba79-7414923e623f:c2579, 7d686585-d831-45bc-93fc-0a553b604b0e:c2579]
2019-07-08 23:05:00,141 INFO  client.GrpcClientProtocolClient (GrpcClientProtocolClient.java:onNext(255)) - client-CEF4D3493DC0->4ee04582-2825-4055-a051-0465d62eb5ca: receive RaftClientReply:client-CEF4D3493DC0->4ee04582-2825-4055-a051-0465d62eb5ca@group-78E0FE5F723E, cid=1751, SUCCESS, logIndex=0, commits[4ee04582-2825-4055-a051-0465d62eb5ca:c2584, 97f5b9f0-d9ef-40b5-ba79-7414923e623f:c2581, 7d686585-d831-45bc-93fc-0a553b604b0e:c2581]
2019-07-08 23:05:00,153 INFO  client.GrpcClientProtocolClient (GrpcClientProtocolClient.java:onNext(255)) - client-CEF4D3493DC0->4ee04582-2825-4055-a051-0465d62eb5ca: receive RaftClientReply:client-CEF4D3493DC0->4ee04582-2825-4055-a051-0465d62eb5ca@group-78E0FE5F723E, cid=1752, SUCCESS, logIndex=2588, commits[4ee04582-2825-4055-a051-0465d62eb5ca:c2589, 97f5b9f0-d9ef-40b5-ba79-7414923e623f:c2587, 7d686585-d831-45bc-93fc-0a553b604b0e:c2583]
2019-07-08 23:05:00,153 INFO  client.GrpcClientProtocolClient (GrpcClientProtocolClient.java:onNext(255)) - client-CEF4D3493DC0->4ee04582-2825-4055-a051-0465d62eb5ca: receive RaftClientReply:client-CEF4D3493DC0->4ee04582-2825-4055-a051-0465d62eb5ca@group-78E0FE5F723E, cid=1753, SUCCESS, logIndex=2589, commits[4ee04582-2825-4055-a051-0465d62eb5ca:c2589, 97f5b9f0-d9ef-40b5-ba79-7414923e623f:c2587, 7d686585-d831-45bc-93fc-0a553b604b0e:c2587]
2019-07-08 23:05:00,168 INFO  client.GrpcClientProtocolClient (GrpcClientProtocolClient.java:onNext(255)) - client-CEF4D3493DC0->4ee04582-2825-4055-a051-0465d62eb5ca: receive RaftClientReply:client-CEF4D3493DC0->4ee04582-2825-4055-a051-0465d62eb5ca@group-78E0FE5F723E, cid=1754, SUCCESS, logIndex=2592, commits[4ee04582-2825-4055-a051-0465d62eb5ca:c2593, 97f5b9f0-d9ef-40b5-ba79-7414923e623f:c2589, 7d686585-d831-45bc-93fc-0a553b604b0e:c2591]
2019-07-08 23:05:00,169 INFO  client.GrpcClientProtocolClient (GrpcClientProtocolClient.java:onNext(255)) - client-CEF4D3493DC0->4ee04582-2825-4055-a051-0465d62eb5ca: receive RaftClientReply:client-CEF4D3493DC0->4ee04582-2825-4055-a051-0465d62eb5ca@group-78E0FE5F723E, cid=1755, SUCCESS, logIndex=2593, commits[4ee04582-2825-4055-a051-0465d62eb5ca:c2593, 97f5b9f0-d9ef-40b5-ba79-7414923e623f:c2591, 7d686585-d831-45bc-93fc-0a553b604b0e:c2591]
2019-07-08 23:05:00,171 INFO  client.GrpcClientProtocolClient (GrpcClientProtocolClient.java:onNext(255)) - client-CEF4D3493DC0->4ee04582-2825-4055-a051-0465d62eb5ca: receive RaftClientReply:client-CEF4D3493DC0->4ee04582-2825-4055-a051-0465d62eb5ca@group-78E0FE5F723E, cid=1756, SUCCESS, logIndex=0, commits[4ee04582-2825-4055-a051-0465d62eb5ca:c2594, 97f5b9f0-d9ef-40b5-ba79-7414923e623f:c2593, 7d686585-d831-45bc-93fc-0a553b604b0e:c2593]
2019-07-08 23:05:00,198 INFO  client.GrpcClientProtocolClient (GrpcClientProtocolClient.java:onNext(255)) - client-CEF4D3493DC0->4ee04582-2825-4055-a051-0465d62eb5ca: receive RaftClientReply:client-CEF4D3493DC0->4ee04582-2825-4055-a051-0465d62eb5ca@group-78E0FE5F723E, cid=1757, SUCCESS, logIndex=2596, commits[4ee04582-2825-4055-a051-0465d62eb5ca:c2596, 97f5b9f0-d9ef-40b5-ba79-7414923e623f:c2593, 7d686585-d831-45bc-93fc-0a553b604b0e:c2595]
2019-07-08 23:05:00,198 INFO  client.GrpcClientProtocolClient (GrpcClientProtocolClient.java:onNext(255)) - client-CEF4D3493DC0->4ee04582-2825-4055-a051-0465d62eb5ca: receive RaftClientReply:client-CEF4D3493DC0->4ee04582-2825-4055-a051-0465d62eb5ca@group-78E0FE5F723E, cid=1758, SUCCESS, logIndex=2597, commits[4ee04582-2825-4055-a051-0465d62eb5ca:c2599, 97f5b9f0-d9ef-40b5-ba79-7414923e623f:c2595, 7d686585-d831-45bc-93fc-0a553b604b0e:c2595]
2019-07-08 23:05:00,199 INFO  client.GrpcClientProtocolClient (GrpcClientProtocolClient.java:onNext(255)) - client-CEF4D3493DC0->4ee04582-2825-4055-a051-0465d62eb5ca: receive RaftClientReply:client-CEF4D3493DC0->4ee04582-2825-4055-a051-0465d62eb5ca@group-78E0FE5F723E, cid=1759, SUCCESS, logIndex=2598, commits[4ee04582-2825-4055-a051-0465d62eb5ca:c2599, 97f5b9f0-d9ef-40b5-ba79-7414923e623f:c2595, 7d686585-d831-45bc-93fc-0a553b604b0e:c2595]
2019-07-08 23:05:00,199 INFO  client.GrpcClientProtocolClient (GrpcClientProtocolClient.java:onNext(255)) - client-CEF4D3493DC0->4ee04582-2825-4055-a051-0465d62eb5ca: receive RaftClientReply:client-CEF4D3493DC0->4ee04582-2825-4055-a051-0465d62eb5ca@group-78E0FE5F723E, cid=1760, SUCCESS, logIndex=2599, commits[4ee04582-2825-4055-a051-0465d62eb5ca:c2599, 97f5b9f0-d9ef-40b5-ba79-7414923e623f:c2595, 7d686585-d831-45bc-93fc-0a553b604b0e:c2595]
2019-07-08 23:05:00,206 INFO  client.GrpcClientProtocolClient (GrpcClientProtocolClient.java:onNext(255)) - client-CEF4D3493DC0->4ee04582-2825-4055-a051-0465d62eb5ca: receive RaftClientReply:client-CEF4D3493DC0->4ee04582-2825-4055-a051-0465d62eb5ca@group-78E0FE5F723E, cid=1761, SUCCESS, logIndex=0, commits[4ee04582-2825-4055-a051-0465d62eb5ca:c2600, 97f5b9f0-d9ef-40b5-ba79-7414923e623f:c2598, 7d686585-d831-45bc-93fc-0a553b604b0e:c2598]
2019-07-08 23:05:00,219 INFO  client.GrpcClientProtocolClient (GrpcClientProtocolClient.java:onNext(255)) - client-CEF4D3493DC0->4ee04582-2825-4055-a051-0465d62eb5ca: receive RaftClientReply:client-CEF4D3493DC0->4ee04582-2825-4055-a051-0465d62eb5ca@group-78E0FE5F723E, cid=1762, SUCCESS, logIndex=2603, commits[4ee04582-2825-4055-a051-0465d62eb5ca:c2604, 97f5b9f0-d9ef-40b5-ba79-7414923e623f:c2602, 7d686585-d831-45bc-93fc-0a553b604b0e:c2602]
2019-07-08 23:05:00,219 INFO  client.GrpcClientProtocolClient (GrpcClientProtocolClient.java:onNext(255)) - client-CEF4D3493DC0->4ee04582-2825-4055-a051-0465d62eb5ca: receive RaftClientReply:client-CEF4D3493DC0->4ee04582-2825-4055-a051-0465d62eb5ca@group-78E0FE5F723E, cid=1763, SUCCESS, logIndex=2604, commits[4ee04582-2825-4055-a051-0465d62eb5ca:c2604, 97f5b9f0-d9ef-40b5-ba79-7414923e623f:c2602, 7d686585-d831-45bc-93fc-0a553b604b0e:c2602]
2019-07-08 23:05:00,231 INFO  client.GrpcClientProtocolClient (GrpcClientProtocolClient.java:onNext(255)) - client-CEF4D3493DC0->4ee04582-2825-4055-a051-0465d62eb5ca: receive RaftClientReply:client-CEF4D3493DC0->4ee04582-2825-4055-a051-0465d62eb5ca@group-78E0FE5F723E, cid=1764, SUCCESS, logIndex=2607, commits[4ee04582-2825-4055-a051-0465d62eb5ca:c2608, 97f5b9f0-d9ef-40b5-ba79-7414923e623f:c2605, 7d686585-d831-45bc-93fc-0a553b604b0e:c2604]
2019-07-08 23:05:00,232 INFO  client.GrpcClientProtocolClient (GrpcClientProtocolClient.java:onNext(255)) - client-CEF4D3493DC0->4ee04582-2825-4055-a051-0465d62eb5ca: receive RaftClientReply:client-CEF4D3493DC0->4ee04582-2825-4055-a051-0465d62eb5ca@group-78E0FE5F723E, cid=1765, SUCCESS, logIndex=2608, commits[4ee04582-2825-4055-a051-0465d62eb5ca:c2608, 97f5b9f0-d9ef-40b5-ba79-7414923e623f:c2605, 7d686585-d831-45bc-93fc-0a553b604b0e:c2605]
2019-07-08 23:05:00,234 INFO  client.GrpcClientProtocolClient (GrpcClientProtocolClient.java:onNext(255)) - client-CEF4D3493DC0->4ee04582-2825-4055-a051-0465d62eb5ca: receive RaftClientReply:client-CEF4D3493DC0->4ee04582-2825-4055-a051-0465d62eb5ca@group-78E0FE5F723E, cid=1766, SUCCESS, logIndex=0, commits[4ee04582-2825-4055-a051-0465d62eb5ca:c2609, 97f5b9f0-d9ef-40b5-ba79-7414923e623f:c2608, 7d686585-d831-45bc-93fc-0a553b604b0e:c2608]
2019-07-08 23:05:00,258 INFO  client.GrpcClientProtocolClient (GrpcClientProtocolClient.java:onNext(255)) - client-CEF4D3493DC0->4ee04582-2825-4055-a051-0465d62eb5ca: receive RaftClientReply:client-CEF4D3493DC0->4ee04582-2825-4055-a051-0465d62eb5ca@group-78E0FE5F723E, cid=1767, SUCCESS, logIndex=2611, commits[4ee04582-2825-4055-a051-0465d62eb5ca:c2614, 97f5b9f0-d9ef-40b5-ba79-7414923e623f:c2610, 7d686585-d831-45bc-93fc-0a553b604b0e:c2608]
2019-07-08 23:05:00,259 INFO  client.GrpcClientProtocolClient (GrpcClientProtocolClient.java:onNext(255)) - client-CEF4D3493DC0->4ee04582-2825-4055-a051-0465d62eb5ca: receive RaftClientReply:client-CEF4D3493DC0->4ee04582-2825-4055-a051-0465d62eb5ca@group-78E0FE5F723E, cid=1768, SUCCESS, logIndex=2612, commits[4ee04582-2825-4055-a051-0465d62eb5ca:c2614, 97f5b9f0-d9ef-40b5-ba79-7414923e623f:c2610, 7d686585-d831-45bc-93fc-0a553b604b0e:c2610]
2019-07-08 23:05:00,259 INFO  client.GrpcClientProtocolClient (GrpcClientProtocolClient.java:onNext(255)) - client-CEF4D3493DC0->4ee04582-2825-4055-a051-0465d62eb5ca: receive RaftClientReply:client-CEF4D3493DC0->4ee04582-2825-4055-a051-0465d62eb5ca@group-78E0FE5F723E, cid=1769, SUCCESS, logIndex=2613, commits[4ee04582-2825-4055-a051-0465d62eb5ca:c2614, 97f5b9f0-d9ef-40b5-ba79-7414923e623f:c2610, 7d686585-d831-45bc-93fc-0a553b604b0e:c2610]
2019-07-08 23:05:00,259 INFO  client.GrpcClientProtocolClient (GrpcClientProtocolClient.java:onNext(255)) - client-CEF4D3493DC0->4ee04582-2825-4055-a051-0465d62eb5ca: receive RaftClientReply:client-CEF4D3493DC0->4ee04582-2825-4055-a051-0465d62eb5ca@group-78E0FE5F723E, cid=1770, SUCCESS, logIndex=2614, commits[4ee04582-2825-4055-a051-0465d62eb5ca:c2614, 97f5b9f0-d9ef-40b5-ba79-7414923e623f:c2610, 7d686585-d831-45bc-93fc-0a553b604b0e:c2610]
2019-07-08 23:05:00,263 INFO  client.GrpcClientProtocolClient (GrpcClientProtocolClient.java:onNext(255)) - client-CEF4D3493DC0->4ee04582-2825-4055-a051-0465d62eb5ca: receive RaftClientReply:client-CEF4D3493DC0->4ee04582-2825-4055-a051-0465d62eb5ca@group-78E0FE5F723E, cid=1771, SUCCESS, logIndex=0, commits[4ee04582-2825-4055-a051-0465d62eb5ca:c2615, 97f5b9f0-d9ef-40b5-ba79-7414923e623f:c2613, 7d686585-d831-45bc-93fc-0a553b604b0e:c2614]
2019-07-08 23:05:00,273 INFO  client.GrpcClientProtocolClient (GrpcClientProtocolClient.java:onNext(255)) - client-CEF4D3493DC0->4ee04582-2825-4055-a051-0465d62eb5ca: receive RaftClientReply:client-CEF4D3493DC0->4ee04582-2825-4055-a051-0465d62eb5ca@group-78E0FE5F723E, cid=1772, SUCCESS, logIndex=2618, commits[4ee04582-2825-4055-a051-0465d62eb5ca:c2619, 97f5b9f0-d9ef-40b5-ba79-7414923e623f:c2617, 7d686585-d831-45bc-93fc-0a553b604b0e:c2614]
2019-07-08 23:05:00,273 INFO  client.GrpcClientProtocolClient (GrpcClientProtocolClient.java:onNext(255)) - client-CEF4D3493DC0->4ee04582-2825-4055-a051-0465d62eb5ca: receive RaftClientReply:client-CEF4D3493DC0->4ee04582-2825-4055-a051-0465d62eb5ca@group-78E0FE5F723E, cid=1773, SUCCESS, logIndex=2619, commits[4ee04582-2825-4055-a051-0465d62eb5ca:c2619, 97f5b9f0-d9ef-40b5-ba79-7414923e623f:c2617, 7d686585-d831-45bc-93fc-0a553b604b0e:c2614]
2019-07-08 23:05:00,285 INFO  client.GrpcClientProtocolClient (GrpcClientProtocolClient.java:onNext(255)) - client-CEF4D3493DC0->4ee04582-2825-4055-a051-0465d62eb5ca: receive RaftClientReply:client-CEF4D3493DC0->4ee04582-2825-4055-a051-0465d62eb5ca@group-78E0FE5F723E, cid=1774, SUCCESS, logIndex=2622, commits[4ee04582-2825-4055-a051-0465d62eb5ca:c2623, 97f5b9f0-d9ef-40b5-ba79-7414923e623f:c2620, 7d686585-d831-45bc-93fc-0a553b604b0e:c2619]
2019-07-08 23:05:00,285 INFO  client.GrpcClientProtocolClient (GrpcClientProtocolClient.java:onNext(255)) - client-CEF4D3493DC0->4ee04582-2825-4055-a051-0465d62eb5ca: receive RaftClientReply:client-CEF4D3493DC0->4ee04582-2825-4055-a051-0465d62eb5ca@group-78E0FE5F723E, cid=1775, SUCCESS, logIndex=2623, commits[4ee04582-2825-4055-a051-0465d62eb5ca:c2623, 97f5b9f0-d9ef-40b5-ba79-7414923e623f:c2620, 7d686585-d831-45bc-93fc-0a553b604b0e:c2620]
2019-07-08 23:05:00,291 INFO  client.GrpcClientProtocolClient (GrpcClientProtocolClient.java:onNext(255)) - client-CEF4D3493DC0->4ee04582-2825-4055-a051-0465d62eb5ca: receive RaftClientReply:client-CEF4D3493DC0->4ee04582-2825-4055-a051-0465d62eb5ca@group-78E0FE5F723E, cid=1776, SUCCESS, logIndex=0, commits[4ee04582-2825-4055-a051-0465d62eb5ca:c2624, 97f5b9f0-d9ef-40b5-ba79-7414923e623f:c2623, 7d686585-d831-45bc-93fc-0a553b604b0e:c2623]
2019-07-08 23:05:00,311 INFO  client.GrpcClientProtocolClient (GrpcClientProtocolClient.java:onNext(255)) - client-CEF4D3493DC0->4ee04582-2825-4055-a051-0465d62eb5ca: receive RaftClientReply:client-CEF4D3493DC0->4ee04582-2825-4055-a051-0465d62eb5ca@group-78E0FE5F723E, cid=1777, SUCCESS, logIndex=2626, commits[4ee04582-2825-4055-a051-0465d62eb5ca:c2627, 97f5b9f0-d9ef-40b5-ba79-7414923e623f:c2623, 7d686585-d831-45bc-93fc-0a553b604b0e:c2625]
2019-07-08 23:05:00,312 INFO  client.GrpcClientProtocolClient (GrpcClientProtocolClient.java:onNext(255)) - client-CEF4D3493DC0->4ee04582-2825-4055-a051-0465d62eb5ca: receive RaftClientReply:client-CEF4D3493DC0->4ee04582-2825-4055-a051-0465d62eb5ca@group-78E0FE5F723E, cid=1778, SUCCESS, logIndex=2627, commits[4ee04582-2825-4055-a051-0465d62eb5ca:c2628, 97f5b9f0-d9ef-40b5-ba79-7414923e623f:c2625, 7d686585-d831-45bc-93fc-0a553b604b0e:c2625]
2019-07-08 23:05:00,312 INFO  client.GrpcClientProtocolClient (GrpcClientProtocolClient.java:onNext(255)) - client-CEF4D3493DC0->4ee04582-2825-4055-a051-0465d62eb5ca: receive RaftClientReply:client-CEF4D3493DC0->4ee04582-2825-4055-a051-0465d62eb5ca@group-78E0FE5F723E, cid=1779, SUCCESS, logIndex=2628, commits[4ee04582-2825-4055-a051-0465d62eb5ca:c2629, 97f5b9f0-d9ef-40b5-ba79-7414923e623f:c2625, 7d686585-d831-45bc-93fc-0a553b604b0e:c2625]
2019-07-08 23:05:00,312 INFO  client.GrpcClientProtocolClient (GrpcClientProtocolClient.java:onNext(255)) - client-CEF4D3493DC0->4ee04582-2825-4055-a051-0465d62eb5ca: receive RaftClientReply:client-CEF4D3493DC0->4ee04582-2825-4055-a051-0465d62eb5ca@group-78E0FE5F723E, cid=1780, SUCCESS, logIndex=2629, commits[4ee04582-2825-4055-a051-0465d62eb5ca:c2629, 97f5b9f0-d9ef-40b5-ba79-7414923e623f:c2625, 7d686585-d831-45bc-93fc-0a553b604b0e:c2625]
2019-07-08 23:05:00,316 INFO  client.GrpcClientProtocolClient (GrpcClientProtocolClient.java:onNext(255)) - client-CEF4D3493DC0->4ee04582-2825-4055-a051-0465d62eb5ca: receive RaftClientReply:client-CEF4D3493DC0->4ee04582-2825-4055-a051-0465d62eb5ca@group-78E0FE5F723E, cid=1781, SUCCESS, logIndex=0, commits[4ee04582-2825-4055-a051-0465d62eb5ca:c2630, 97f5b9f0-d9ef-40b5-ba79-7414923e623f:c2627, 7d686585-d831-45bc-93fc-0a553b604b0e:c2627]
2019-07-08 23:05:00,326 INFO  client.GrpcClientProtocolClient (GrpcClientProtocolClient.java:onNext(255)) - client-CEF4D3493DC0->4ee04582-2825-4055-a051-0465d62eb5ca: receive RaftClientReply:client-CEF4D3493DC0->4ee04582-2825-4055-a051-0465d62eb5ca@group-78E0FE5F723E, cid=1782, SUCCESS, logIndex=2634, commits[4ee04582-2825-4055-a051-0465d62eb5ca:c2635, 97f5b9f0-d9ef-40b5-ba79-7414923e623f:c2633, 7d686585-d831-45bc-93fc-0a553b604b0e:c2629]
2019-07-08 23:05:00,327 INFO  client.GrpcClientProtocolClient (GrpcClientProtocolClient.java:onNext(255)) - client-CEF4D3493DC0->4ee04582-2825-4055-a051-0465d62eb5ca: receive RaftClientReply:client-CEF4D3493DC0->4ee04582-2825-4055-a051-0465d62eb5ca@group-78E0FE5F723E, cid=1783, SUCCESS, logIndex=2635, commits[4ee04582-2825-4055-a051-0465d62eb5ca:c2635, 97f5b9f0-d9ef-40b5-ba79-7414923e623f:c2633, 7d686585-d831-45bc-93fc-0a553b604b0e:c2633]
2019-07-08 23:05:00,337 INFO  client.GrpcClientProtocolClient (GrpcClientProtocolClient.java:onNext(255)) - client-CEF4D3493DC0->4ee04582-2825-4055-a051-0465d62eb5ca: receive RaftClientReply:client-CEF4D3493DC0->4ee04582-2825-4055-a051-0465d62eb5ca@group-78E0FE5F723E, cid=1784, SUCCESS, logIndex=2637, commits[4ee04582-2825-4055-a051-0465d62eb5ca:c2638, 97f5b9f0-d9ef-40b5-ba79-7414923e623f:c2636, 7d686585-d831-45bc-93fc-0a553b604b0e:c2635]
2019-07-08 23:05:00,338 INFO  client.GrpcClientProtocolClient (GrpcClientProtocolClient.java:onNext(255)) - client-CEF4D3493DC0->4ee04582-2825-4055-a051-0465d62eb5ca: receive RaftClientReply:client-CEF4D3493DC0->4ee04582-2825-4055-a051-0465d62eb5ca@group-78E0FE5F723E, cid=1785, SUCCESS, logIndex=2638, commits[4ee04582-2825-4055-a051-0465d62eb5ca:c2638, 97f5b9f0-d9ef-40b5-ba79-7414923e623f:c2636, 7d686585-d831-45bc-93fc-0a553b604b0e:c2636]
2019-07-08 23:05:00,342 INFO  client.GrpcClientProtocolClient (GrpcClientProtocolClient.java:onNext(255)) - client-CEF4D3493DC0->4ee04582-2825-4055-a051-0465d62eb5ca: receive RaftClientReply:client-CEF4D3493DC0->4ee04582-2825-4055-a051-0465d62eb5ca@group-78E0FE5F723E, cid=1786, SUCCESS, logIndex=0, commits[4ee04582-2825-4055-a051-0465d62eb5ca:c2639, 97f5b9f0-d9ef-40b5-ba79-7414923e623f:c2638, 7d686585-d831-45bc-93fc-0a553b604b0e:c2638]
2019-07-08 23:05:00,363 INFO  client.GrpcClientProtocolClient (GrpcClientProtocolClient.java:onNext(255)) - client-CEF4D3493DC0->4ee04582-2825-4055-a051-0465d62eb5ca: receive RaftClientReply:client-CEF4D3493DC0->4ee04582-2825-4055-a051-0465d62eb5ca@group-78E0FE5F723E, cid=1787, SUCCESS, logIndex=2641, commits[4ee04582-2825-4055-a051-0465d62eb5ca:c2642, 97f5b9f0-d9ef-40b5-ba79-7414923e623f:c2638, 7d686585-d831-45bc-93fc-0a553b604b0e:c2640]
2019-07-08 23:05:00,363 INFO  client.GrpcClientProtocolClient (GrpcClientProtocolClient.java:onNext(255)) - client-CEF4D3493DC0->4ee04582-2825-4055-a051-0465d62eb5ca: receive RaftClientReply:client-CEF4D3493DC0->4ee04582-2825-4055-a051-0465d62eb5ca@group-78E0FE5F723E, cid=1788, SUCCESS, logIndex=2642, commits[4ee04582-2825-4055-a051-0465d62eb5ca:c2642, 97f5b9f0-d9ef-40b5-ba79-7414923e623f:c2638, 7d686585-d831-45bc-93fc-0a553b604b0e:c2640]
2019-07-08 23:05:00,365 INFO  client.GrpcClientProtocolClient (GrpcClientProtocolClient.java:onNext(255)) - client-CEF4D3493DC0->4ee04582-2825-4055-a051-0465d62eb5ca: receive RaftClientReply:client-CEF4D3493DC0->4ee04582-2825-4055-a051-0465d62eb5ca@group-78E0FE5F723E, cid=1789, SUCCESS, logIndex=2643, commits[4ee04582-2825-4055-a051-0465d62eb5ca:c2644, 97f5b9f0-d9ef-40b5-ba79-7414923e623f:c2640, 7d686585-d831-45bc-93fc-0a553b604b0e:c2640]
2019-07-08 23:05:00,365 INFO  client.GrpcClientProtocolClient (GrpcClientProtocolClient.java:onNext(255)) - client-CEF4D3493DC0->4ee04582-2825-4055-a051-0465d62eb5ca: receive RaftClientReply:client-CEF4D3493DC0->4ee04582-2825-4055-a051-0465d62eb5ca@group-78E0FE5F723E, cid=1790, SUCCESS, logIndex=2644, commits[4ee04582-2825-4055-a051-0465d62eb5ca:c2644, 97f5b9f0-d9ef-40b5-ba79-7414923e623f:c2640, 7d686585-d831-45bc-93fc-0a553b604b0e:c2640]
2019-07-08 23:05:00,368 INFO  client.GrpcClientProtocolClient (GrpcClientProtocolClient.java:onNext(255)) - client-CEF4D3493DC0->4ee04582-2825-4055-a051-0465d62eb5ca: receive RaftClientReply:client-CEF4D3493DC0->4ee04582-2825-4055-a051-0465d62eb5ca@group-78E0FE5F723E, cid=1791, SUCCESS, logIndex=0, commits[4ee04582-2825-4055-a051-0465d62eb5ca:c2646, 97f5b9f0-d9ef-40b5-ba79-7414923e623f:c2642, 7d686585-d831-45bc-93fc-0a553b604b0e:c2642]
2019-07-08 23:05:00,380 INFO  client.GrpcClientProtocolClient (GrpcClientProtocolClient.java:onNext(255)) - client-CEF4D3493DC0->4ee04582-2825-4055-a051-0465d62eb5ca: receive RaftClientReply:client-CEF4D3493DC0->4ee04582-2825-4055-a051-0465d62eb5ca@group-78E0FE5F723E, cid=1792, SUCCESS, logIndex=2649, commits[4ee04582-2825-4055-a051-0465d62eb5ca:c2650, 97f5b9f0-d9ef-40b5-ba79-7414923e623f:c2648, 7d686585-d831-45bc-93fc-0a553b604b0e:c2644]
2019-07-08 23:05:00,380 INFO  client.GrpcClientProtocolClient (GrpcClientProtocolClient.java:onNext(255)) - client-CEF4D3493DC0->4ee04582-2825-4055-a051-0465d62eb5ca: receive RaftClientReply:client-CEF4D3493DC0->4ee04582-2825-4055-a051-0465d62eb5ca@group-78E0FE5F723E, cid=1793, SUCCESS, logIndex=2650, commits[4ee04582-2825-4055-a051-0465d62eb5ca:c2650, 97f5b9f0-d9ef-40b5-ba79-7414923e623f:c2648, 7d686585-d831-45bc-93fc-0a553b604b0e:c2648]
2019-07-08 23:05:00,392 INFO  client.GrpcClientProtocolClient (GrpcClientProtocolClient.java:onNext(255)) - client-CEF4D3493DC0->4ee04582-2825-4055-a051-0465d62eb5ca: receive RaftClientReply:client-CEF4D3493DC0->4ee04582-2825-4055-a051-0465d62eb5ca@group-78E0FE5F723E, cid=1794, SUCCESS, logIndex=2653, commits[4ee04582-2825-4055-a051-0465d62eb5ca:c2654, 97f5b9f0-d9ef-40b5-ba79-7414923e623f:c2650, 7d686585-d831-45bc-93fc-0a553b604b0e:c2652]
2019-07-08 23:05:00,392 INFO  client.GrpcClientProtocolClient (GrpcClientProtocolClient.java:onNext(255)) - client-CEF4D3493DC0->4ee04582-2825-4055-a051-0465d62eb5ca: receive RaftClientReply:client-CEF4D3493DC0->4ee04582-2825-4055-a051-0465d62eb5ca@group-78E0FE5F723E, cid=1795, SUCCESS, logIndex=2654, commits[4ee04582-2825-4055-a051-0465d62eb5ca:c2654, 97f5b9f0-d9ef-40b5-ba79-7414923e623f:c2652, 7d686585-d831-45bc-93fc-0a553b604b0e:c2652]
2019-07-08 23:05:00,396 INFO  client.GrpcClientProtocolClient (GrpcClientProtocolClient.java:onNext(255)) - client-CEF4D3493DC0->4ee04582-2825-4055-a051-0465d62eb5ca: receive RaftClientReply:client-CEF4D3493DC0->4ee04582-2825-4055-a051-0465d62eb5ca@group-78E0FE5F723E, cid=1796, SUCCESS, logIndex=0, commits[4ee04582-2825-4055-a051-0465d62eb5ca:c2655, 97f5b9f0-d9ef-40b5-ba79-7414923e623f:c2654, 7d686585-d831-45bc-93fc-0a553b604b0e:c2654]
2019-07-08 23:05:00,426 INFO  client.GrpcClientProtocolClient (GrpcClientProtocolClient.java:onNext(255)) - client-CEF4D3493DC0->4ee04582-2825-4055-a051-0465d62eb5ca: receive RaftClientReply:client-CEF4D3493DC0->4ee04582-2825-4055-a051-0465d62eb5ca@group-78E0FE5F723E, cid=1797, SUCCESS, logIndex=2657, commits[4ee04582-2825-4055-a051-0465d62eb5ca:c2658, 97f5b9f0-d9ef-40b5-ba79-7414923e623f:c2656, 7d686585-d831-45bc-93fc-0a553b604b0e:c2656]
2019-07-08 23:05:00,426 INFO  client.GrpcClientProtocolClient (GrpcClientProtocolClient.java:onNext(255)) - client-CEF4D3493DC0->4ee04582-2825-4055-a051-0465d62eb5ca: receive RaftClientReply:client-CEF4D3493DC0->4ee04582-2825-4055-a051-0465d62eb5ca@group-78E0FE5F723E, cid=1798, SUCCESS, logIndex=2658, commits[4ee04582-2825-4055-a051-0465d62eb5ca:c2660, 97f5b9f0-d9ef-40b5-ba79-7414923e623f:c2656, 7d686585-d831-45bc-93fc-0a553b604b0e:c2656]
2019-07-08 23:05:00,426 INFO  client.GrpcClientProtocolClient (GrpcClientProtocolClient.java:onNext(255)) - client-CEF4D3493DC0->4ee04582-2825-4055-a051-0465d62eb5ca: receive RaftClientReply:client-CEF4D3493DC0->4ee04582-2825-4055-a051-0465d62eb5ca@group-78E0FE5F723E, cid=1799, SUCCESS, logIndex=2659, commits[4ee04582-2825-4055-a051-0465d62eb5ca:c2660, 97f5b9f0-d9ef-40b5-ba79-7414923e623f:c2656, 7d686585-d831-45bc-93fc-0a553b604b0e:c2656]
2019-07-08 23:05:00,427 INFO  client.GrpcClientProtocolClient (GrpcClientProtocolClient.java:onNext(255)) - client-CEF4D3493DC0->4ee04582-2825-4055-a051-0465d62eb5ca: receive RaftClientReply:client-CEF4D3493DC0->4ee04582-2825-4055-a051-0465d62eb5ca@group-78E0FE5F723E, cid=1800, SUCCESS, logIndex=2660, commits[4ee04582-2825-4055-a051-0465d62eb5ca:c2660, 97f5b9f0-d9ef-40b5-ba79-7414923e623f:c2656, 7d686585-d831-45bc-93fc-0a553b604b0e:c2656]
2019-07-08 23:05:00,429 INFO  client.GrpcClientProtocolClient (GrpcClientProtocolClient.java:onNext(255)) - client-CEF4D3493DC0->4ee04582-2825-4055-a051-0465d62eb5ca: receive RaftClientReply:client-CEF4D3493DC0->4ee04582-2825-4055-a051-0465d62eb5ca@group-78E0FE5F723E, cid=1801, SUCCESS, logIndex=0, commits[4ee04582-2825-4055-a051-0465d62eb5ca:c2661, 97f5b9f0-d9ef-40b5-ba79-7414923e623f:c2658, 7d686585-d831-45bc-93fc-0a553b604b0e:c2658]
2019-07-08 23:05:00,442 INFO  client.GrpcClientProtocolClient (GrpcClientProtocolClient.java:onNext(255)) - client-CEF4D3493DC0->4ee04582-2825-4055-a051-0465d62eb5ca: receive RaftClientReply:client-CEF4D3493DC0->4ee04582-2825-4055-a051-0465d62eb5ca@group-78E0FE5F723E, cid=1802, SUCCESS, logIndex=2665, commits[4ee04582-2825-4055-a051-0465d62eb5ca:c2666, 97f5b9f0-d9ef-40b5-ba79-7414923e623f:c2664, 7d686585-d831-45bc-93fc-0a553b604b0e:c2660]
2019-07-08 23:05:00,442 INFO  client.GrpcClientProtocolClient (GrpcClientProtocolClient.java:onNext(255)) - client-CEF4D3493DC0->4ee04582-2825-4055-a051-0465d62eb5ca: receive RaftClientReply:client-CEF4D3493DC0->4ee04582-2825-4055-a051-0465d62eb5ca@group-78E0FE5F723E, cid=1803, SUCCESS, logIndex=2666, commits[4ee04582-2825-4055-a051-0465d62eb5ca:c2666, 97f5b9f0-d9ef-40b5-ba79-7414923e623f:c2664, 7d686585-d831-45bc-93fc-0a553b604b0e:c2664]
2019-07-08 23:05:00,454 INFO  client.GrpcClientProtocolClient (GrpcClientProtocolClient.java:onNext(255)) - client-CEF4D3493DC0->4ee04582-2825-4055-a051-0465d62eb5ca: receive RaftClientReply:client-CEF4D3493DC0->4ee04582-2825-4055-a051-0465d62eb5ca@group-78E0FE5F723E, cid=1804, SUCCESS, logIndex=2669, commits[4ee04582-2825-4055-a051-0465d62eb5ca:c2670, 97f5b9f0-d9ef-40b5-ba79-7414923e623f:c2668, 7d686585-d831-45bc-93fc-0a553b604b0e:c2666]
2019-07-08 23:05:00,455 INFO  client.GrpcClientProtocolClient (GrpcClientProtocolClient.java:onNext(255)) - client-CEF4D3493DC0->4ee04582-2825-4055-a051-0465d62eb5ca: receive RaftClientReply:client-CEF4D3493DC0->4ee04582-2825-4055-a051-0465d62eb5ca@group-78E0FE5F723E, cid=1805, SUCCESS, logIndex=2670, commits[4ee04582-2825-4055-a051-0465d62eb5ca:c2670, 97f5b9f0-d9ef-40b5-ba79-7414923e623f:c2668, 7d686585-d831-45bc-93fc-0a553b604b0e:c2666]
2019-07-08 23:05:00,458 INFO  client.GrpcClientProtocolClient (GrpcClientProtocolClient.java:onNext(255)) - client-CEF4D3493DC0->4ee04582-2825-4055-a051-0465d62eb5ca: receive RaftClientReply:client-CEF4D3493DC0->4ee04582-2825-4055-a051-0465d62eb5ca@group-78E0FE5F723E, cid=1806, SUCCESS, logIndex=0, commits[4ee04582-2825-4055-a051-0465d62eb5ca:c2671, 97f5b9f0-d9ef-40b5-ba79-7414923e623f:c2670, 7d686585-d831-45bc-93fc-0a553b604b0e:c2670]
2019-07-08 23:05:00,481 INFO  client.GrpcClientProtocolClient (GrpcClientProtocolClient.java:onNext(255)) - client-CEF4D3493DC0->4ee04582-2825-4055-a051-0465d62eb5ca: receive RaftClientReply:client-CEF4D3493DC0->4ee04582-2825-4055-a051-0465d62eb5ca@group-78E0FE5F723E, cid=1807, SUCCESS, logIndex=2673, commits[4ee04582-2825-4055-a051-0465d62eb5ca:c2674, 97f5b9f0-d9ef-40b5-ba79-7414923e623f:c2672, 7d686585-d831-45bc-93fc-0a553b604b0e:c2672]
2019-07-08 23:05:00,481 INFO  client.GrpcClientProtocolClient (GrpcClientProtocolClient.java:onNext(255)) - client-CEF4D3493DC0->4ee04582-2825-4055-a051-0465d62eb5ca: receive RaftClientReply:client-CEF4D3493DC0->4ee04582-2825-4055-a051-0465d62eb5ca@group-78E0FE5F723E, cid=1808, SUCCESS, logIndex=2674, commits[4ee04582-2825-4055-a051-0465d62eb5ca:c2674, 97f5b9f0-d9ef-40b5-ba79-7414923e623f:c2672, 7d686585-d831-45bc-93fc-0a553b604b0e:c2672]
2019-07-08 23:05:00,482 INFO  client.GrpcClientProtocolClient (GrpcClientProtocolClient.java:onNext(255)) - client-CEF4D3493DC0->4ee04582-2825-4055-a051-0465d62eb5ca: receive RaftClientReply:client-CEF4D3493DC0->4ee04582-2825-4055-a051-0465d62eb5ca@group-78E0FE5F723E, cid=1809, SUCCESS, logIndex=2675, commits[4ee04582-2825-4055-a051-0465d62eb5ca:c2676, 97f5b9f0-d9ef-40b5-ba79-7414923e623f:c2672, 7d686585-d831-45bc-93fc-0a553b604b0e:c2672]
2019-07-08 23:05:00,483 INFO  client.GrpcClientProtocolClient (GrpcClientProtocolClient.java:onNext(255)) - client-CEF4D3493DC0->4ee04582-2825-4055-a051-0465d62eb5ca: receive RaftClientReply:client-CEF4D3493DC0->4ee04582-2825-4055-a051-0465d62eb5ca@group-78E0FE5F723E, cid=1810, SUCCESS, logIndex=2676, commits[4ee04582-2825-4055-a051-0465d62eb5ca:c2676, 97f5b9f0-d9ef-40b5-ba79-7414923e623f:c2672, 7d686585-d831-45bc-93fc-0a553b604b0e:c2672]
2019-07-08 23:05:00,484 INFO  client.GrpcClientProtocolClient (GrpcClientProtocolClient.java:onNext(255)) - client-CEF4D3493DC0->4ee04582-2825-4055-a051-0465d62eb5ca: receive RaftClientReply:client-CEF4D3493DC0->4ee04582-2825-4055-a051-0465d62eb5ca@group-78E0FE5F723E, cid=1811, SUCCESS, logIndex=0, commits[4ee04582-2825-4055-a051-0465d62eb5ca:c2678, 97f5b9f0-d9ef-40b5-ba79-7414923e623f:c2674, 7d686585-d831-45bc-93fc-0a553b604b0e:c2674]
2019-07-08 23:05:00,496 INFO  client.GrpcClientProtocolClient (GrpcClientProtocolClient.java:onNext(255)) - client-CEF4D3493DC0->4ee04582-2825-4055-a051-0465d62eb5ca: receive RaftClientReply:client-CEF4D3493DC0->4ee04582-2825-4055-a051-0465d62eb5ca@group-78E0FE5F723E, cid=1812, SUCCESS, logIndex=2680, commits[4ee04582-2825-4055-a051-0465d62eb5ca:c2681, 97f5b9f0-d9ef-40b5-ba79-7414923e623f:c2679, 7d686585-d831-45bc-93fc-0a553b604b0e:c2676]
2019-07-08 23:05:00,496 INFO  client.GrpcClientProtocolClient (GrpcClientProtocolClient.java:onNext(255)) - client-CEF4D3493DC0->4ee04582-2825-4055-a051-0465d62eb5ca: receive RaftClientReply:client-CEF4D3493DC0->4ee04582-2825-4055-a051-0465d62eb5ca@group-78E0FE5F723E, cid=1813, SUCCESS, logIndex=2681, commits[4ee04582-2825-4055-a051-0465d62eb5ca:c2681, 97f5b9f0-d9ef-40b5-ba79-7414923e623f:c2679, 7d686585-d831-45bc-93fc-0a553b604b0e:c2679]
2019-07-08 23:05:00,590 INFO  client.GrpcClientProtocolClient (GrpcClientProtocolClient.java:onNext(255)) - client-CEF4D3493DC0->4ee04582-2825-4055-a051-0465d62eb5ca: receive RaftClientReply:client-CEF4D3493DC0->4ee04582-2825-4055-a051-0465d62eb5ca@group-78E0FE5F723E, cid=1814, SUCCESS, logIndex=2684, commits[4ee04582-2825-4055-a051-0465d62eb5ca:c2685, 97f5b9f0-d9ef-40b5-ba79-7414923e623f:c2682, 7d686585-d831-45bc-93fc-0a553b604b0e:c2682]
2019-07-08 23:05:00,591 INFO  client.GrpcClientProtocolClient (GrpcClientProtocolClient.java:onNext(255)) - client-CEF4D3493DC0->4ee04582-2825-4055-a051-0465d62eb5ca: receive RaftClientReply:client-CEF4D3493DC0->4ee04582-2825-4055-a051-0465d62eb5ca@group-78E0FE5F723E, cid=1815, SUCCESS, logIndex=2685, commits[4ee04582-2825-4055-a051-0465d62eb5ca:c2685, 97f5b9f0-d9ef-40b5-ba79-7414923e623f:c2682, 7d686585-d831-45bc-93fc-0a553b604b0e:c2682]
2019-07-08 23:05:00,602 INFO  client.GrpcClientProtocolClient (GrpcClientProtocolClient.java:onNext(255)) - client-CEF4D3493DC0->4ee04582-2825-4055-a051-0465d62eb5ca: receive RaftClientReply:client-CEF4D3493DC0->4ee04582-2825-4055-a051-0465d62eb5ca@group-78E0FE5F723E, cid=1816, SUCCESS, logIndex=0, commits[4ee04582-2825-4055-a051-0465d62eb5ca:c2686, 97f5b9f0-d9ef-40b5-ba79-7414923e623f:c2685, 7d686585-d831-45bc-93fc-0a553b604b0e:c2685]
2019-07-08 23:05:00,630 INFO  client.GrpcClientProtocolClient (GrpcClientProtocolClient.java:onNext(255)) - client-CEF4D3493DC0->4ee04582-2825-4055-a051-0465d62eb5ca: receive RaftClientReply:client-CEF4D3493DC0->4ee04582-2825-4055-a051-0465d62eb5ca@group-78E0FE5F723E, cid=1817, SUCCESS, logIndex=2688, commits[4ee04582-2825-4055-a051-0465d62eb5ca:c2689, 97f5b9f0-d9ef-40b5-ba79-7414923e623f:c2687, 7d686585-d831-45bc-93fc-0a553b604b0e:c2687]
2019-07-08 23:05:00,631 INFO  client.GrpcClientProtocolClient (GrpcClientProtocolClient.java:onNext(255)) - client-CEF4D3493DC0->4ee04582-2825-4055-a051-0465d62eb5ca: receive RaftClientReply:client-CEF4D3493DC0->4ee04582-2825-4055-a051-0465d62eb5ca@group-78E0FE5F723E, cid=1818, SUCCESS, logIndex=2689, commits[4ee04582-2825-4055-a051-0465d62eb5ca:c2691, 97f5b9f0-d9ef-40b5-ba79-7414923e623f:c2687, 7d686585-d831-45bc-93fc-0a553b604b0e:c2687]
2019-07-08 23:05:00,631 INFO  client.GrpcClientProtocolClient (GrpcClientProtocolClient.java:onNext(255)) - client-CEF4D3493DC0->4ee04582-2825-4055-a051-0465d62eb5ca: receive RaftClientReply:client-CEF4D3493DC0->4ee04582-2825-4055-a051-0465d62eb5ca@group-78E0FE5F723E, cid=1819, SUCCESS, logIndex=2690, commits[4ee04582-2825-4055-a051-0465d62eb5ca:c2691, 97f5b9f0-d9ef-40b5-ba79-7414923e623f:c2687, 7d686585-d831-45bc-93fc-0a553b604b0e:c2687]
2019-07-08 23:05:00,631 INFO  client.GrpcClientProtocolClient (GrpcClientProtocolClient.java:onNext(255)) - client-CEF4D3493DC0->4ee04582-2825-4055-a051-0465d62eb5ca: receive RaftClientReply:client-CEF4D3493DC0->4ee04582-2825-4055-a051-0465d62eb5ca@group-78E0FE5F723E, cid=1820, SUCCESS, logIndex=2691, commits[4ee04582-2825-4055-a051-0465d62eb5ca:c2691, 97f5b9f0-d9ef-40b5-ba79-7414923e623f:c2687, 7d686585-d831-45bc-93fc-0a553b604b0e:c2687]
2019-07-08 23:05:00,636 INFO  client.GrpcClientProtocolClient (GrpcClientProtocolClient.java:onNext(255)) - client-CEF4D3493DC0->4ee04582-2825-4055-a051-0465d62eb5ca: receive RaftClientReply:client-CEF4D3493DC0->4ee04582-2825-4055-a051-0465d62eb5ca@group-78E0FE5F723E, cid=1821, SUCCESS, logIndex=0, commits[4ee04582-2825-4055-a051-0465d62eb5ca:c2695, 97f5b9f0-d9ef-40b5-ba79-7414923e623f:c2689, 7d686585-d831-45bc-93fc-0a553b604b0e:c2691]
2019-07-08 23:05:00,650 INFO  client.GrpcClientProtocolClient (GrpcClientProtocolClient.java:onNext(255)) - client-CEF4D3493DC0->4ee04582-2825-4055-a051-0465d62eb5ca: receive RaftClientReply:client-CEF4D3493DC0->4ee04582-2825-4055-a051-0465d62eb5ca@group-78E0FE5F723E, cid=1822, SUCCESS, logIndex=2696, commits[4ee04582-2825-4055-a051-0465d62eb5ca:c2697, 97f5b9f0-d9ef-40b5-ba79-7414923e623f:c2695, 7d686585-d831-45bc-93fc-0a553b604b0e:c2695]
2019-07-08 23:05:00,650 INFO  client.GrpcClientProtocolClient (GrpcClientProtocolClient.java:onNext(255)) - client-CEF4D3493DC0->4ee04582-2825-4055-a051-0465d62eb5ca: receive RaftClientReply:client-CEF4D3493DC0->4ee04582-2825-4055-a051-0465d62eb5ca@group-78E0FE5F723E, cid=1823, SUCCESS, logIndex=2697, commits[4ee04582-2825-4055-a051-0465d62eb5ca:c2697, 97f5b9f0-d9ef-40b5-ba79-7414923e623f:c2695, 7d686585-d831-45bc-93fc-0a553b604b0e:c2695]
2019-07-08 23:05:00,663 INFO  client.GrpcClientProtocolClient (GrpcClientProtocolClient.java:onNext(255)) - client-CEF4D3493DC0->4ee04582-2825-4055-a051-0465d62eb5ca: receive RaftClientReply:client-CEF4D3493DC0->4ee04582-2825-4055-a051-0465d62eb5ca@group-78E0FE5F723E, cid=1824, SUCCESS, logIndex=2700, commits[4ee04582-2825-4055-a051-0465d62eb5ca:c2701, 97f5b9f0-d9ef-40b5-ba79-7414923e623f:c2699, 7d686585-d831-45bc-93fc-0a553b604b0e:c2697]
2019-07-08 23:05:00,664 INFO  client.GrpcClientProtocolClient (GrpcClientProtocolClient.java:onNext(255)) - client-CEF4D3493DC0->4ee04582-2825-4055-a051-0465d62eb5ca: receive RaftClientReply:client-CEF4D3493DC0->4ee04582-2825-4055-a051-0465d62eb5ca@group-78E0FE5F723E, cid=1825, SUCCESS, logIndex=2701, commits[4ee04582-2825-4055-a051-0465d62eb5ca:c2701, 97f5b9f0-d9ef-40b5-ba79-7414923e623f:c2699, 7d686585-d831-45bc-93fc-0a553b604b0e:c2699]
2019-07-08 23:05:00,667 INFO  client.GrpcClientProtocolClient (GrpcClientProtocolClient.java:onNext(255)) - client-CEF4D3493DC0->4ee04582-2825-4055-a051-0465d62eb5ca: receive RaftClientReply:client-CEF4D3493DC0->4ee04582-2825-4055-a051-0465d62eb5ca@group-78E0FE5F723E, cid=1826, SUCCESS, logIndex=0, commits[4ee04582-2825-4055-a051-0465d62eb5ca:c2702, 97f5b9f0-d9ef-40b5-ba79-7414923e623f:c2701, 7d686585-d831-45bc-93fc-0a553b604b0e:c2701]
2019-07-08 23:05:00,698 INFO  client.GrpcClientProtocolClient (GrpcClientProtocolClient.java:onNext(255)) - client-CEF4D3493DC0->4ee04582-2825-4055-a051-0465d62eb5ca: receive RaftClientReply:client-CEF4D3493DC0->4ee04582-2825-4055-a051-0465d62eb5ca@group-78E0FE5F723E, cid=1827, SUCCESS, logIndex=2704, commits[4ee04582-2825-4055-a051-0465d62eb5ca:c2705, 97f5b9f0-d9ef-40b5-ba79-7414923e623f:c2703, 7d686585-d831-45bc-93fc-0a553b604b0e:c2703]
2019-07-08 23:05:00,698 INFO  client.GrpcClientProtocolClient (GrpcClientProtocolClient.java:onNext(255)) - client-CEF4D3493DC0->4ee04582-2825-4055-a051-0465d62eb5ca: receive RaftClientReply:client-CEF4D3493DC0->4ee04582-2825-4055-a051-0465d62eb5ca@group-78E0FE5F723E, cid=1828, SUCCESS, logIndex=2705, commits[4ee04582-2825-4055-a051-0465d62eb5ca:c2706, 97f5b9f0-d9ef-40b5-ba79-7414923e623f:c2703, 7d686585-d831-45bc-93fc-0a553b604b0e:c2703]
2019-07-08 23:05:00,699 INFO  client.GrpcClientProtocolClient (GrpcClientProtocolClient.java:onNext(255)) - client-CEF4D3493DC0->4ee04582-2825-4055-a051-0465d62eb5ca: receive RaftClientReply:client-CEF4D3493DC0->4ee04582-2825-4055-a051-0465d62eb5ca@group-78E0FE5F723E, cid=1829, SUCCESS, logIndex=2706, commits[4ee04582-2825-4055-a051-0465d62eb5ca:c2707, 97f5b9f0-d9ef-40b5-ba79-7414923e623f:c2703, 7d686585-d831-45bc-93fc-0a553b604b0e:c2703]
2019-07-08 23:05:00,699 INFO  client.GrpcClientProtocolClient (GrpcClientProtocolClient.java:onNext(255)) - client-CEF4D3493DC0->4ee04582-2825-4055-a051-0465d62eb5ca: receive RaftClientReply:client-CEF4D3493DC0->4ee04582-2825-4055-a051-0465d62eb5ca@group-78E0FE5F723E, cid=1830, SUCCESS, logIndex=2707, commits[4ee04582-2825-4055-a051-0465d62eb5ca:c2707, 97f5b9f0-d9ef-40b5-ba79-7414923e623f:c2703, 7d686585-d831-45bc-93fc-0a553b604b0e:c2703]
2019-07-08 23:05:00,704 INFO  client.GrpcClientProtocolClient (GrpcClientProtocolClient.java:onNext(255)) - client-CEF4D3493DC0->4ee04582-2825-4055-a051-0465d62eb5ca: receive RaftClientReply:client-CEF4D3493DC0->4ee04582-2825-4055-a051-0465d62eb5ca@group-78E0FE5F723E, cid=1831, SUCCESS, logIndex=0, commits[4ee04582-2825-4055-a051-0465d62eb5ca:c2708, 97f5b9f0-d9ef-40b5-ba79-7414923e623f:c2705, 7d686585-d831-45bc-93fc-0a553b604b0e:c2705]
2019-07-08 23:05:00,716 INFO  client.GrpcClientProtocolClient (GrpcClientProtocolClient.java:onNext(255)) - client-CEF4D3493DC0->4ee04582-2825-4055-a051-0465d62eb5ca: receive RaftClientReply:client-CEF4D3493DC0->4ee04582-2825-4055-a051-0465d62eb5ca@group-78E0FE5F723E, cid=1832, SUCCESS, logIndex=2712, commits[4ee04582-2825-4055-a051-0465d62eb5ca:c2713, 97f5b9f0-d9ef-40b5-ba79-7414923e623f:c2711, 7d686585-d831-45bc-93fc-0a553b604b0e:c2711]
2019-07-08 23:05:00,717 INFO  client.GrpcClientProtocolClient (GrpcClientProtocolClient.java:onNext(255)) - client-CEF4D3493DC0->4ee04582-2825-4055-a051-0465d62eb5ca: receive RaftClientReply:client-CEF4D3493DC0->4ee04582-2825-4055-a051-0465d62eb5ca@group-78E0FE5F723E, cid=1833, SUCCESS, logIndex=2713, commits[4ee04582-2825-4055-a051-0465d62eb5ca:c2713, 97f5b9f0-d9ef-40b5-ba79-7414923e623f:c2711, 7d686585-d831-45bc-93fc-0a553b604b0e:c2711]
2019-07-08 23:05:00,728 INFO  client.GrpcClientProtocolClient (GrpcClientProtocolClient.java:onNext(255)) - client-CEF4D3493DC0->4ee04582-2825-4055-a051-0465d62eb5ca: receive RaftClientReply:client-CEF4D3493DC0->4ee04582-2825-4055-a051-0465d62eb5ca@group-78E0FE5F723E, cid=1834, SUCCESS, logIndex=2716, commits[4ee04582-2825-4055-a051-0465d62eb5ca:c2717, 97f5b9f0-d9ef-40b5-ba79-7414923e623f:c2715, 7d686585-d831-45bc-93fc-0a553b604b0e:c2713]
2019-07-08 23:05:00,728 INFO  client.GrpcClientProtocolClient (GrpcClientProtocolClient.java:onNext(255)) - client-CEF4D3493DC0->4ee04582-2825-4055-a051-0465d62eb5ca: receive RaftClientReply:client-CEF4D3493DC0->4ee04582-2825-4055-a051-0465d62eb5ca@group-78E0FE5F723E, cid=1835, SUCCESS, logIndex=2717, commits[4ee04582-2825-4055-a051-0465d62eb5ca:c2717, 97f5b9f0-d9ef-40b5-ba79-7414923e623f:c2715, 7d686585-d831-45bc-93fc-0a553b604b0e:c2715]
2019-07-08 23:05:00,734 INFO  client.GrpcClientProtocolClient (GrpcClientProtocolClient.java:onNext(255)) - client-CEF4D3493DC0->4ee04582-2825-4055-a051-0465d62eb5ca: receive RaftClientReply:client-CEF4D3493DC0->4ee04582-2825-4055-a051-0465d62eb5ca@group-78E0FE5F723E, cid=1836, SUCCESS, logIndex=0, commits[4ee04582-2825-4055-a051-0465d62eb5ca:c2718, 97f5b9f0-d9ef-40b5-ba79-7414923e623f:c2717, 7d686585-d831-45bc-93fc-0a553b604b0e:c2717]
2019-07-08 23:05:00,754 INFO  client.GrpcClientProtocolClient (GrpcClientProtocolClient.java:onNext(255)) - client-CEF4D3493DC0->4ee04582-2825-4055-a051-0465d62eb5ca: receive RaftClientReply:client-CEF4D3493DC0->4ee04582-2825-4055-a051-0465d62eb5ca@group-78E0FE5F723E, cid=1837, SUCCESS, logIndex=2720, commits[4ee04582-2825-4055-a051-0465d62eb5ca:c2721, 97f5b9f0-d9ef-40b5-ba79-7414923e623f:c2719, 7d686585-d831-45bc-93fc-0a553b604b0e:c2717]
2019-07-08 23:05:00,755 INFO  client.GrpcClientProtocolClient (GrpcClientProtocolClient.java:onNext(255)) - client-CEF4D3493DC0->4ee04582-2825-4055-a051-0465d62eb5ca: receive RaftClientReply:client-CEF4D3493DC0->4ee04582-2825-4055-a051-0465d62eb5ca@group-78E0FE5F723E, cid=1838, SUCCESS, logIndex=2721, commits[4ee04582-2825-4055-a051-0465d62eb5ca:c2721, 97f5b9f0-d9ef-40b5-ba79-7414923e623f:c2719, 7d686585-d831-45bc-93fc-0a553b604b0e:c2717]
2019-07-08 23:05:00,757 INFO  client.GrpcClientProtocolClient (GrpcClientProtocolClient.java:onNext(255)) - client-CEF4D3493DC0->4ee04582-2825-4055-a051-0465d62eb5ca: receive RaftClientReply:client-CEF4D3493DC0->4ee04582-2825-4055-a051-0465d62eb5ca@group-78E0FE5F723E, cid=1839, SUCCESS, logIndex=2722, commits[4ee04582-2825-4055-a051-0465d62eb5ca:c2724, 97f5b9f0-d9ef-40b5-ba79-7414923e623f:c2721, 7d686585-d831-45bc-93fc-0a553b604b0e:c2719]
2019-07-08 23:05:00,758 INFO  client.GrpcClientProtocolClient (GrpcClientProtocolClient.java:onNext(255)) - client-CEF4D3493DC0->4ee04582-2825-4055-a051-0465d62eb5ca: receive RaftClientReply:client-CEF4D3493DC0->4ee04582-2825-4055-a051-0465d62eb5ca@group-78E0FE5F723E, cid=1840, SUCCESS, logIndex=2723, commits[4ee04582-2825-4055-a051-0465d62eb5ca:c2725, 97f5b9f0-d9ef-40b5-ba79-7414923e623f:c2721, 7d686585-d831-45bc-93fc-0a553b604b0e:c2719]
2019-07-08 23:05:00,759 INFO  client.GrpcClientProtocolClient (GrpcClientProtocolClient.java:onNext(255)) - client-CEF4D3493DC0->4ee04582-2825-4055-a051-0465d62eb5ca: receive RaftClientReply:client-CEF4D3493DC0->4ee04582-2825-4055-a051-0465d62eb5ca@group-78E0FE5F723E, cid=1841, SUCCESS, logIndex=0, commits[4ee04582-2825-4055-a051-0465d62eb5ca:c2726, 97f5b9f0-d9ef-40b5-ba79-7414923e623f:c2723, 7d686585-d831-45bc-93fc-0a553b604b0e:c2721]
2019-07-08 23:05:00,771 INFO  client.GrpcClientProtocolClient (GrpcClientProtocolClient.java:onNext(255)) - client-CEF4D3493DC0->4ee04582-2825-4055-a051-0465d62eb5ca: receive RaftClientReply:client-CEF4D3493DC0->4ee04582-2825-4055-a051-0465d62eb5ca@group-78E0FE5F723E, cid=1842, SUCCESS, logIndex=2728, commits[4ee04582-2825-4055-a051-0465d62eb5ca:c2729, 97f5b9f0-d9ef-40b5-ba79-7414923e623f:c2727, 7d686585-d831-45bc-93fc-0a553b604b0e:c2727]
2019-07-08 23:05:00,772 INFO  client.GrpcClientProtocolClient (GrpcClientProtocolClient.java:onNext(255)) - client-CEF4D3493DC0->4ee04582-2825-4055-a051-0465d62eb5ca: receive RaftClientReply:client-CEF4D3493DC0->4ee04582-2825-4055-a051-0465d62eb5ca@group-78E0FE5F723E, cid=1843, SUCCESS, logIndex=2729, commits[4ee04582-2825-4055-a051-0465d62eb5ca:c2729, 97f5b9f0-d9ef-40b5-ba79-7414923e623f:c2727, 7d686585-d831-45bc-93fc-0a553b604b0e:c2727]
2019-07-08 23:05:00,791 INFO  client.GrpcClientProtocolClient (GrpcClientProtocolClient.java:onNext(255)) - client-CEF4D3493DC0->4ee04582-2825-4055-a051-0465d62eb5ca: receive RaftClientReply:client-CEF4D3493DC0->4ee04582-2825-4055-a051-0465d62eb5ca@group-78E0FE5F723E, cid=1844, SUCCESS, logIndex=2732, commits[4ee04582-2825-4055-a051-0465d62eb5ca:c2732, 97f5b9f0-d9ef-40b5-ba79-7414923e623f:c2731, 7d686585-d831-45bc-93fc-0a553b604b0e:c2731]
2019-07-08 23:05:00,792 INFO  client.GrpcClientProtocolClient (GrpcClientProtocolClient.java:onNext(255)) - client-CEF4D3493DC0->4ee04582-2825-4055-a051-0465d62eb5ca: receive RaftClientReply:client-CEF4D3493DC0->4ee04582-2825-4055-a051-0465d62eb5ca@group-78E0FE5F723E, cid=1845, SUCCESS, logIndex=2733, commits[4ee04582-2825-4055-a051-0465d62eb5ca:c2733, 97f5b9f0-d9ef-40b5-ba79-7414923e623f:c2731, 7d686585-d831-45bc-93fc-0a553b604b0e:c2731]
2019-07-08 23:05:00,799 INFO  client.GrpcClientProtocolClient (GrpcClientProtocolClient.java:onNext(255)) - client-CEF4D3493DC0->4ee04582-2825-4055-a051-0465d62eb5ca: receive RaftClientReply:client-CEF4D3493DC0->4ee04582-2825-4055-a051-0465d62eb5ca@group-78E0FE5F723E, cid=1846, SUCCESS, logIndex=0, commits[4ee04582-2825-4055-a051-0465d62eb5ca:c2734, 97f5b9f0-d9ef-40b5-ba79-7414923e623f:c2733, 7d686585-d831-45bc-93fc-0a553b604b0e:c2733]
2019-07-08 23:05:00,820 INFO  client.GrpcClientProtocolClient (GrpcClientProtocolClient.java:onNext(255)) - client-CEF4D3493DC0->4ee04582-2825-4055-a051-0465d62eb5ca: receive RaftClientReply:client-CEF4D3493DC0->4ee04582-2825-4055-a051-0465d62eb5ca@group-78E0FE5F723E, cid=1847, SUCCESS, logIndex=2736, commits[4ee04582-2825-4055-a051-0465d62eb5ca:c2737, 97f5b9f0-d9ef-40b5-ba79-7414923e623f:c2735, 7d686585-d831-45bc-93fc-0a553b604b0e:c2733]
2019-07-08 23:05:00,820 INFO  client.GrpcClientProtocolClient (GrpcClientProtocolClient.java:onNext(255)) - client-CEF4D3493DC0->4ee04582-2825-4055-a051-0465d62eb5ca: receive RaftClientReply:client-CEF4D3493DC0->4ee04582-2825-4055-a051-0465d62eb5ca@group-78E0FE5F723E, cid=1848, SUCCESS, logIndex=2737, commits[4ee04582-2825-4055-a051-0465d62eb5ca:c2737, 97f5b9f0-d9ef-40b5-ba79-7414923e623f:c2735, 7d686585-d831-45bc-93fc-0a553b604b0e:c2733]
2019-07-08 23:05:00,824 INFO  client.GrpcClientProtocolClient (GrpcClientProtocolClient.java:onNext(255)) - client-CEF4D3493DC0->4ee04582-2825-4055-a051-0465d62eb5ca: receive RaftClientReply:client-CEF4D3493DC0->4ee04582-2825-4055-a051-0465d62eb5ca@group-78E0FE5F723E, cid=1849, SUCCESS, logIndex=2738, commits[4ee04582-2825-4055-a051-0465d62eb5ca:c2739, 97f5b9f0-d9ef-40b5-ba79-7414923e623f:c2735, 7d686585-d831-45bc-93fc-0a553b604b0e:c2735]
2019-07-08 23:05:00,824 INFO  client.GrpcClientProtocolClient (GrpcClientProtocolClient.java:onNext(255)) - client-CEF4D3493DC0->4ee04582-2825-4055-a051-0465d62eb5ca: receive RaftClientReply:client-CEF4D3493DC0->4ee04582-2825-4055-a051-0465d62eb5ca@group-78E0FE5F723E, cid=1850, SUCCESS, logIndex=2739, commits[4ee04582-2825-4055-a051-0465d62eb5ca:c2739, 97f5b9f0-d9ef-40b5-ba79-7414923e623f:c2735, 7d686585-d831-45bc-93fc-0a553b604b0e:c2735]
2019-07-08 23:05:00,825 INFO  client.GrpcClientProtocolClient (GrpcClientProtocolClient.java:onNext(255)) - client-CEF4D3493DC0->4ee04582-2825-4055-a051-0465d62eb5ca: receive RaftClientReply:client-CEF4D3493DC0->4ee04582-2825-4055-a051-0465d62eb5ca@group-78E0FE5F723E, cid=1851, SUCCESS, logIndex=0, commits[4ee04582-2825-4055-a051-0465d62eb5ca:c2743, 97f5b9f0-d9ef-40b5-ba79-7414923e623f:c2739, 7d686585-d831-45bc-93fc-0a553b604b0e:c2737]
2019-07-08 23:05:00,879 INFO  client.GrpcClientProtocolClient (GrpcClientProtocolClient.java:onNext(255)) - client-CEF4D3493DC0->4ee04582-2825-4055-a051-0465d62eb5ca: receive RaftClientReply:client-CEF4D3493DC0->4ee04582-2825-4055-a051-0465d62eb5ca@group-78E0FE5F723E, cid=1852, SUCCESS, logIndex=2744, commits[4ee04582-2825-4055-a051-0465d62eb5ca:c2744, 97f5b9f0-d9ef-40b5-ba79-7414923e623f:c2743, 7d686585-d831-45bc-93fc-0a553b604b0e:c2743]
2019-07-08 23:05:00,879 INFO  client.GrpcClientProtocolClient (GrpcClientProtocolClient.java:onNext(255)) - client-CEF4D3493DC0->4ee04582-2825-4055-a051-0465d62eb5ca: receive RaftClientReply:client-CEF4D3493DC0->4ee04582-2825-4055-a051-0465d62eb5ca@group-78E0FE5F723E, cid=1853, SUCCESS, logIndex=2745, commits[4ee04582-2825-4055-a051-0465d62eb5ca:c2745, 97f5b9f0-d9ef-40b5-ba79-7414923e623f:c2743, 7d686585-d831-45bc-93fc-0a553b604b0e:c2743]
 0.00% |█                                                                                                    |  0/1 Time: 0:00:102019-07-08 23:05:00,893 INFO  client.GrpcClientProtocolClient (GrpcClientProtocolClient.java:onNext(255)) - client-CEF4D3493DC0->4ee04582-2825-4055-a051-0465d62eb5ca: receive RaftClientReply:client-CEF4D3493DC0->4ee04582-2825-4055-a051-0465d62eb5ca@group-78E0FE5F723E, cid=1854, SUCCESS, logIndex=2748, commits[4ee04582-2825-4055-a051-0465d62eb5ca:c2749, 97f5b9f0-d9ef-40b5-ba79-7414923e623f:c2747, 7d686585-d831-45bc-93fc-0a553b604b0e:c2745]
2019-07-08 23:05:00,894 INFO  client.GrpcClientProtocolClient (GrpcClientProtocolClient.java:onNext(255)) - client-CEF4D3493DC0->4ee04582-2825-4055-a051-0465d62eb5ca: receive RaftClientReply:client-CEF4D3493DC0->4ee04582-2825-4055-a051-0465d62eb5ca@group-78E0FE5F723E, cid=1855, SUCCESS, logIndex=2749, commits[4ee04582-2825-4055-a051-0465d62eb5ca:c2749, 97f5b9f0-d9ef-40b5-ba79-7414923e623f:c2747, 7d686585-d831-45bc-93fc-0a553b604b0e:c2747]
2019-07-08 23:05:00,895 INFO  client.GrpcClientProtocolClient (GrpcClientProtocolClient.java:onNext(255)) - client-CEF4D3493DC0->4ee04582-2825-4055-a051-0465d62eb5ca: receive RaftClientReply:client-CEF4D3493DC0->4ee04582-2825-4055-a051-0465d62eb5ca@group-78E0FE5F723E, cid=1856, SUCCESS, logIndex=0, commits[4ee04582-2825-4055-a051-0465d62eb5ca:c2750, 97f5b9f0-d9ef-40b5-ba79-7414923e623f:c2749, 7d686585-d831-45bc-93fc-0a553b604b0e:c2749]
2019-07-08 23:05:00,926 INFO  client.GrpcClientProtocolClient (GrpcClientProtocolClient.java:onNext(255)) - client-CEF4D3493DC0->4ee04582-2825-4055-a051-0465d62eb5ca: receive RaftClientReply:client-CEF4D3493DC0->4ee04582-2825-4055-a051-0465d62eb5ca@group-78E0FE5F723E, cid=1857, SUCCESS, logIndex=2752, commits[4ee04582-2825-4055-a051-0465d62eb5ca:c2753, 97f5b9f0-d9ef-40b5-ba79-7414923e623f:c2751, 7d686585-d831-45bc-93fc-0a553b604b0e:c2749]
2019-07-08 23:05:00,927 INFO  client.GrpcClientProtocolClient (GrpcClientProtocolClient.java:onNext(255)) - client-CEF4D3493DC0->4ee04582-2825-4055-a051-0465d62eb5ca: receive RaftClientReply:client-CEF4D3493DC0->4ee04582-2825-4055-a051-0465d62eb5ca@group-78E0FE5F723E, cid=1858, SUCCESS, logIndex=2753, commits[4ee04582-2825-4055-a051-0465d62eb5ca:c2753, 97f5b9f0-d9ef-40b5-ba79-7414923e623f:c2751, 7d686585-d831-45bc-93fc-0a553b604b0e:c2749]
2019-07-08 23:05:00,929 INFO  client.GrpcClientProtocolClient (GrpcClientProtocolClient.java:onNext(255)) - client-CEF4D3493DC0->4ee04582-2825-4055-a051-0465d62eb5ca: receive RaftClientReply:client-CEF4D3493DC0->4ee04582-2825-4055-a051-0465d62eb5ca@group-78E0FE5F723E, cid=1859, SUCCESS, logIndex=2754, commits[4ee04582-2825-4055-a051-0465d62eb5ca:c2755, 97f5b9f0-d9ef-40b5-ba79-7414923e623f:c2751, 7d686585-d831-45bc-93fc-0a553b604b0e:c2751]
2019-07-08 23:05:00,930 INFO  client.GrpcClientProtocolClient (GrpcClientProtocolClient.java:onNext(255)) - client-CEF4D3493DC0->4ee04582-2825-4055-a051-0465d62eb5ca: receive RaftClientReply:client-CEF4D3493DC0->4ee04582-2825-4055-a051-0465d62eb5ca@group-78E0FE5F723E, cid=1860, SUCCESS, logIndex=2755, commits[4ee04582-2825-4055-a051-0465d62eb5ca:c2755, 97f5b9f0-d9ef-40b5-ba79-7414923e623f:c2751, 7d686585-d831-45bc-93fc-0a553b604b0e:c2751]
2019-07-08 23:05:00,932 INFO  client.GrpcClientProtocolClient (GrpcClientProtocolClient.java:onNext(255)) - client-CEF4D3493DC0->4ee04582-2825-4055-a051-0465d62eb5ca: receive RaftClientReply:client-CEF4D3493DC0->4ee04582-2825-4055-a051-0465d62eb5ca@group-78E0FE5F723E, cid=1861, SUCCESS, logIndex=0, commits[4ee04582-2825-4055-a051-0465d62eb5ca:c2757, 97f5b9f0-d9ef-40b5-ba79-7414923e623f:c2753, 7d686585-d831-45bc-93fc-0a553b604b0e:c2753]
2019-07-08 23:05:00,969 INFO  client.GrpcClientProtocolClient (GrpcClientProtocolClient.java:onNext(255)) - client-CEF4D3493DC0->4ee04582-2825-4055-a051-0465d62eb5ca: receive RaftClientReply:client-CEF4D3493DC0->4ee04582-2825-4055-a051-0465d62eb5ca@group-78E0FE5F723E, cid=1862, SUCCESS, logIndex=2760, commits[4ee04582-2825-4055-a051-0465d62eb5ca:c2760, 97f5b9f0-d9ef-40b5-ba79-7414923e623f:c2759, 7d686585-d831-45bc-93fc-0a553b604b0e:c2759]
2019-07-08 23:05:00,969 INFO  client.GrpcClientProtocolClient (GrpcClientProtocolClient.java:onNext(255)) - client-CEF4D3493DC0->4ee04582-2825-4055-a051-0465d62eb5ca: receive RaftClientReply:client-CEF4D3493DC0->4ee04582-2825-4055-a051-0465d62eb5ca@group-78E0FE5F723E, cid=1863, SUCCESS, logIndex=2761, commits[4ee04582-2825-4055-a051-0465d62eb5ca:c2761, 97f5b9f0-d9ef-40b5-ba79-7414923e623f:c2759, 7d686585-d831-45bc-93fc-0a553b604b0e:c2759]
2019-07-08 23:05:00,989 INFO  client.GrpcClientProtocolClient (GrpcClientProtocolClient.java:onNext(255)) - client-CEF4D3493DC0->4ee04582-2825-4055-a051-0465d62eb5ca: receive RaftClientReply:client-CEF4D3493DC0->4ee04582-2825-4055-a051-0465d62eb5ca@group-78E0FE5F723E, cid=1864, SUCCESS, logIndex=2764, commits[4ee04582-2825-4055-a051-0465d62eb5ca:c2765, 97f5b9f0-d9ef-40b5-ba79-7414923e623f:c2763, 7d686585-d831-45bc-93fc-0a553b604b0e:c2763]
2019-07-08 23:05:00,989 INFO  client.GrpcClientProtocolClient (GrpcClientProtocolClient.java:onNext(255)) - client-CEF4D3493DC0->4ee04582-2825-4055-a051-0465d62eb5ca: receive RaftClientReply:client-CEF4D3493DC0->4ee04582-2825-4055-a051-0465d62eb5ca@group-78E0FE5F723E, cid=1865, SUCCESS, logIndex=2765, commits[4ee04582-2825-4055-a051-0465d62eb5ca:c2765, 97f5b9f0-d9ef-40b5-ba79-7414923e623f:c2763, 7d686585-d831-45bc-93fc-0a553b604b0e:c2763]
2019-07-08 23:05:01,004 INFO  client.GrpcClientProtocolClient (GrpcClientProtocolClient.java:onNext(255)) - client-CEF4D3493DC0->4ee04582-2825-4055-a051-0465d62eb5ca: receive RaftClientReply:client-CEF4D3493DC0->4ee04582-2825-4055-a051-0465d62eb5ca@group-78E0FE5F723E, cid=1866, SUCCESS, logIndex=0, commits[4ee04582-2825-4055-a051-0465d62eb5ca:c2767, 97f5b9f0-d9ef-40b5-ba79-7414923e623f:c2765, 7d686585-d831-45bc-93fc-0a553b604b0e:c2765]
2019-07-08 23:05:01,036 INFO  client.GrpcClientProtocolClient (GrpcClientProtocolClient.java:onNext(255)) - client-CEF4D3493DC0->4ee04582-2825-4055-a051-0465d62eb5ca: receive RaftClientReply:client-CEF4D3493DC0->4ee04582-2825-4055-a051-0465d62eb5ca@group-78E0FE5F723E, cid=1867, SUCCESS, logIndex=2768, commits[4ee04582-2825-4055-a051-0465d62eb5ca:c2769, 97f5b9f0-d9ef-40b5-ba79-7414923e623f:c2767, 7d686585-d831-45bc-93fc-0a553b604b0e:c2767]
2019-07-08 23:05:01,037 INFO  client.GrpcClientProtocolClient (GrpcClientProtocolClient.java:onNext(255)) - client-CEF4D3493DC0->4ee04582-2825-4055-a051-0465d62eb5ca: receive RaftClientReply:client-CEF4D3493DC0->4ee04582-2825-4055-a051-0465d62eb5ca@group-78E0FE5F723E, cid=1868, SUCCESS, logIndex=2769, commits[4ee04582-2825-4055-a051-0465d62eb5ca:c2771, 97f5b9f0-d9ef-40b5-ba79-7414923e623f:c2767, 7d686585-d831-45bc-93fc-0a553b604b0e:c2767]
2019-07-08 23:05:01,037 INFO  client.GrpcClientProtocolClient (GrpcClientProtocolClient.java:onNext(255)) - client-CEF4D3493DC0->4ee04582-2825-4055-a051-0465d62eb5ca: receive RaftClientReply:client-CEF4D3493DC0->4ee04582-2825-4055-a051-0465d62eb5ca@group-78E0FE5F723E, cid=1869, SUCCESS, logIndex=2770, commits[4ee04582-2825-4055-a051-0465d62eb5ca:c2771, 97f5b9f0-d9ef-40b5-ba79-7414923e623f:c2767, 7d686585-d831-45bc-93fc-0a553b604b0e:c2767]
2019-07-08 23:05:01,037 INFO  client.GrpcClientProtocolClient (GrpcClientProtocolClient.java:onNext(255)) - client-CEF4D3493DC0->4ee04582-2825-4055-a051-0465d62eb5ca: receive RaftClientReply:client-CEF4D3493DC0->4ee04582-2825-4055-a051-0465d62eb5ca@group-78E0FE5F723E, cid=1870, SUCCESS, logIndex=2771, commits[4ee04582-2825-4055-a051-0465d62eb5ca:c2771, 97f5b9f0-d9ef-40b5-ba79-7414923e623f:c2767, 7d686585-d831-45bc-93fc-0a553b604b0e:c2767]
2019-07-08 23:05:01,060 INFO  client.GrpcClientProtocolClient (GrpcClientProtocolClient.java:onNext(255)) - client-CEF4D3493DC0->4ee04582-2825-4055-a051-0465d62eb5ca: receive RaftClientReply:client-CEF4D3493DC0->4ee04582-2825-4055-a051-0465d62eb5ca@group-78E0FE5F723E, cid=1871, SUCCESS, logIndex=0, commits[4ee04582-2825-4055-a051-0465d62eb5ca:c2775, 97f5b9f0-d9ef-40b5-ba79-7414923e623f:c2771, 7d686585-d831-45bc-93fc-0a553b604b0e:c2769]
2019-07-08 23:05:01,073 INFO  client.GrpcClientProtocolClient (GrpcClientProtocolClient.java:onNext(255)) - client-CEF4D3493DC0->4ee04582-2825-4055-a051-0465d62eb5ca: receive RaftClientReply:client-CEF4D3493DC0->4ee04582-2825-4055-a051-0465d62eb5ca@group-78E0FE5F723E, cid=1872, SUCCESS, logIndex=2776, commits[4ee04582-2825-4055-a051-0465d62eb5ca:c2777, 97f5b9f0-d9ef-40b5-ba79-7414923e623f:c2775, 7d686585-d831-45bc-93fc-0a553b604b0e:c2775]
2019-07-08 23:05:01,073 INFO  client.GrpcClientProtocolClient (GrpcClientProtocolClient.java:onNext(255)) - client-CEF4D3493DC0->4ee04582-2825-4055-a051-0465d62eb5ca: receive RaftClientReply:client-CEF4D3493DC0->4ee04582-2825-4055-a051-0465d62eb5ca@group-78E0FE5F723E, cid=1873, SUCCESS, logIndex=2777, commits[4ee04582-2825-4055-a051-0465d62eb5ca:c2777, 97f5b9f0-d9ef-40b5-ba79-7414923e623f:c2775, 7d686585-d831-45bc-93fc-0a553b604b0e:c2775]
2019-07-08 23:05:01,086 INFO  client.GrpcClientProtocolClient (GrpcClientProtocolClient.java:onNext(255)) - client-CEF4D3493DC0->4ee04582-2825-4055-a051-0465d62eb5ca: receive RaftClientReply:client-CEF4D3493DC0->4ee04582-2825-4055-a051-0465d62eb5ca@group-78E0FE5F723E, cid=1874, SUCCESS, logIndex=2780, commits[4ee04582-2825-4055-a051-0465d62eb5ca:c2781, 97f5b9f0-d9ef-40b5-ba79-7414923e623f:c2779, 7d686585-d831-45bc-93fc-0a553b604b0e:c2777]
2019-07-08 23:05:01,087 INFO  client.GrpcClientProtocolClient (GrpcClientProtocolClient.java:onNext(255)) - client-CEF4D3493DC0->4ee04582-2825-4055-a051-0465d62eb5ca: receive RaftClientReply:client-CEF4D3493DC0->4ee04582-2825-4055-a051-0465d62eb5ca@group-78E0FE5F723E, cid=1875, SUCCESS, logIndex=2781, commits[4ee04582-2825-4055-a051-0465d62eb5ca:c2781, 97f5b9f0-d9ef-40b5-ba79-7414923e623f:c2779, 7d686585-d831-45bc-93fc-0a553b604b0e:c2779]
2019-07-08 23:05:01,089 INFO  client.GrpcClientProtocolClient (GrpcClientProtocolClient.java:onNext(255)) - client-CEF4D3493DC0->4ee04582-2825-4055-a051-0465d62eb5ca: receive RaftClientReply:client-CEF4D3493DC0->4ee04582-2825-4055-a051-0465d62eb5ca@group-78E0FE5F723E, cid=1876, SUCCESS, logIndex=0, commits[4ee04582-2825-4055-a051-0465d62eb5ca:c2782, 97f5b9f0-d9ef-40b5-ba79-7414923e623f:c2781, 7d686585-d831-45bc-93fc-0a553b604b0e:c2781]
2019-07-08 23:05:01,111 INFO  client.GrpcClientProtocolClient (GrpcClientProtocolClient.java:onNext(255)) - client-CEF4D3493DC0->4ee04582-2825-4055-a051-0465d62eb5ca: receive RaftClientReply:client-CEF4D3493DC0->4ee04582-2825-4055-a051-0465d62eb5ca@group-78E0FE5F723E, cid=1877, SUCCESS, logIndex=2784, commits[4ee04582-2825-4055-a051-0465d62eb5ca:c2785, 97f5b9f0-d9ef-40b5-ba79-7414923e623f:c2783, 7d686585-d831-45bc-93fc-0a553b604b0e:c2781]
2019-07-08 23:05:01,111 INFO  client.GrpcClientProtocolClient (GrpcClientProtocolClient.java:onNext(255)) - client-CEF4D3493DC0->4ee04582-2825-4055-a051-0465d62eb5ca: receive RaftClientReply:client-CEF4D3493DC0->4ee04582-2825-4055-a051-0465d62eb5ca@group-78E0FE5F723E, cid=1878, SUCCESS, logIndex=2785, commits[4ee04582-2825-4055-a051-0465d62eb5ca:c2785, 97f5b9f0-d9ef-40b5-ba79-7414923e623f:c2783, 7d686585-d831-45bc-93fc-0a553b604b0e:c2781]
2019-07-08 23:05:01,116 INFO  client.GrpcClientProtocolClient (GrpcClientProtocolClient.java:onNext(255)) - client-CEF4D3493DC0->4ee04582-2825-4055-a051-0465d62eb5ca: receive RaftClientReply:client-CEF4D3493DC0->4ee04582-2825-4055-a051-0465d62eb5ca@group-78E0FE5F723E, cid=1879, SUCCESS, logIndex=2786, commits[4ee04582-2825-4055-a051-0465d62eb5ca:c2787, 97f5b9f0-d9ef-40b5-ba79-7414923e623f:c2783, 7d686585-d831-45bc-93fc-0a553b604b0e:c2783]
2019-07-08 23:05:01,116 INFO  client.GrpcClientProtocolClient (GrpcClientProtocolClient.java:onNext(255)) - client-CEF4D3493DC0->4ee04582-2825-4055-a051-0465d62eb5ca: receive RaftClientReply:client-CEF4D3493DC0->4ee04582-2825-4055-a051-0465d62eb5ca@group-78E0FE5F723E, cid=1880, SUCCESS, logIndex=2787, commits[4ee04582-2825-4055-a051-0465d62eb5ca:c2788, 97f5b9f0-d9ef-40b5-ba79-7414923e623f:c2783, 7d686585-d831-45bc-93fc-0a553b604b0e:c2785]
2019-07-08 23:05:01,119 INFO  client.GrpcClientProtocolClient (GrpcClientProtocolClient.java:onNext(255)) - client-CEF4D3493DC0->4ee04582-2825-4055-a051-0465d62eb5ca: receive RaftClientReply:client-CEF4D3493DC0->4ee04582-2825-4055-a051-0465d62eb5ca@group-78E0FE5F723E, cid=1881, SUCCESS, logIndex=0, commits[4ee04582-2825-4055-a051-0465d62eb5ca:c2789, 97f5b9f0-d9ef-40b5-ba79-7414923e623f:c2785, 7d686585-d831-45bc-93fc-0a553b604b0e:c2785]
2019-07-08 23:05:01,131 INFO  client.GrpcClientProtocolClient (GrpcClientProtocolClient.java:onNext(255)) - client-CEF4D3493DC0->4ee04582-2825-4055-a051-0465d62eb5ca: receive RaftClientReply:client-CEF4D3493DC0->4ee04582-2825-4055-a051-0465d62eb5ca@group-78E0FE5F723E, cid=1882, SUCCESS, logIndex=2792, commits[4ee04582-2825-4055-a051-0465d62eb5ca:c2793, 97f5b9f0-d9ef-40b5-ba79-7414923e623f:c2791, 7d686585-d831-45bc-93fc-0a553b604b0e:c2787]
2019-07-08 23:05:01,132 INFO  client.GrpcClientProtocolClient (GrpcClientProtocolClient.java:onNext(255)) - client-CEF4D3493DC0->4ee04582-2825-4055-a051-0465d62eb5ca: receive RaftClientReply:client-CEF4D3493DC0->4ee04582-2825-4055-a051-0465d62eb5ca@group-78E0FE5F723E, cid=1883, SUCCESS, logIndex=2793, commits[4ee04582-2825-4055-a051-0465d62eb5ca:c2793, 97f5b9f0-d9ef-40b5-ba79-7414923e623f:c2791, 7d686585-d831-45bc-93fc-0a553b604b0e:c2791]
2019-07-08 23:05:01,143 INFO  client.GrpcClientProtocolClient (GrpcClientProtocolClient.java:onNext(255)) - client-CEF4D3493DC0->4ee04582-2825-4055-a051-0465d62eb5ca: receive RaftClientReply:client-CEF4D3493DC0->4ee04582-2825-4055-a051-0465d62eb5ca@group-78E0FE5F723E, cid=1884, SUCCESS, logIndex=2796, commits[4ee04582-2825-4055-a051-0465d62eb5ca:c2797, 97f5b9f0-d9ef-40b5-ba79-7414923e623f:c2795, 7d686585-d831-45bc-93fc-0a553b604b0e:c2793]
2019-07-08 23:05:01,144 INFO  client.GrpcClientProtocolClient (GrpcClientProtocolClient.java:onNext(255)) - client-CEF4D3493DC0->4ee04582-2825-4055-a051-0465d62eb5ca: receive RaftClientReply:client-CEF4D3493DC0->4ee04582-2825-4055-a051-0465d62eb5ca@group-78E0FE5F723E, cid=1885, SUCCESS, logIndex=2797, commits[4ee04582-2825-4055-a051-0465d62eb5ca:c2797, 97f5b9f0-d9ef-40b5-ba79-7414923e623f:c2795, 7d686585-d831-45bc-93fc-0a553b604b0e:c2795]
2019-07-08 23:05:01,147 INFO  client.GrpcClientProtocolClient (GrpcClientProtocolClient.java:onNext(255)) - client-CEF4D3493DC0->4ee04582-2825-4055-a051-0465d62eb5ca: receive RaftClientReply:client-CEF4D3493DC0->4ee04582-2825-4055-a051-0465d62eb5ca@group-78E0FE5F723E, cid=1886, SUCCESS, logIndex=0, commits[4ee04582-2825-4055-a051-0465d62eb5ca:c2798, 97f5b9f0-d9ef-40b5-ba79-7414923e623f:c2797, 7d686585-d831-45bc-93fc-0a553b604b0e:c2797]
2019-07-08 23:05:01,670 INFO  client.GrpcClientProtocolClient (GrpcClientProtocolClient.java:onNext(255)) - client-CEF4D3493DC0->4ee04582-2825-4055-a051-0465d62eb5ca: receive RaftClientReply:client-CEF4D3493DC0->4ee04582-2825-4055-a051-0465d62eb5ca@group-78E0FE5F723E, cid=1887, SUCCESS, logIndex=2800, commits[4ee04582-2825-4055-a051-0465d62eb5ca:c2801, 97f5b9f0-d9ef-40b5-ba79-7414923e623f:c2799, 7d686585-d831-45bc-93fc-0a553b604b0e:c2798]
2019-07-08 23:05:01,670 INFO  client.GrpcClientProtocolClient (GrpcClientProtocolClient.java:onNext(255)) - client-CEF4D3493DC0->4ee04582-2825-4055-a051-0465d62eb5ca: receive RaftClientReply:client-CEF4D3493DC0->4ee04582-2825-4055-a051-0465d62eb5ca@group-78E0FE5F723E, cid=1888, SUCCESS, logIndex=2801, commits[4ee04582-2825-4055-a051-0465d62eb5ca:c2801, 97f5b9f0-d9ef-40b5-ba79-7414923e623f:c2799, 7d686585-d831-45bc-93fc-0a553b604b0e:c2798]
2019-07-08 23:05:01,671 INFO  client.GrpcClientProtocolClient (GrpcClientProtocolClient.java:onNext(255)) - client-CEF4D3493DC0->4ee04582-2825-4055-a051-0465d62eb5ca: receive RaftClientReply:client-CEF4D3493DC0->4ee04582-2825-4055-a051-0465d62eb5ca@group-78E0FE5F723E, cid=1889, SUCCESS, logIndex=2802, commits[4ee04582-2825-4055-a051-0465d62eb5ca:c2803, 97f5b9f0-d9ef-40b5-ba79-7414923e623f:c2799, 7d686585-d831-45bc-93fc-0a553b604b0e:c2798]
2019-07-08 23:05:01,671 INFO  client.GrpcClientProtocolClient (GrpcClientProtocolClient.java:onNext(255)) - client-CEF4D3493DC0->4ee04582-2825-4055-a051-0465d62eb5ca: receive RaftClientReply:client-CEF4D3493DC0->4ee04582-2825-4055-a051-0465d62eb5ca@group-78E0FE5F723E, cid=1890, SUCCESS, logIndex=2803, commits[4ee04582-2825-4055-a051-0465d62eb5ca:c2803, 97f5b9f0-d9ef-40b5-ba79-7414923e623f:c2799, 7d686585-d831-45bc-93fc-0a553b604b0e:c2798]
2019-07-08 23:05:01,678 INFO  client.GrpcClientProtocolClient (GrpcClientProtocolClient.java:onNext(255)) - client-CEF4D3493DC0->4ee04582-2825-4055-a051-0465d62eb5ca: receive RaftClientReply:client-CEF4D3493DC0->4ee04582-2825-4055-a051-0465d62eb5ca@group-78E0FE5F723E, cid=1891, SUCCESS, logIndex=0, commits[4ee04582-2825-4055-a051-0465d62eb5ca:c2805, 97f5b9f0-d9ef-40b5-ba79-7414923e623f:c2801, 7d686585-d831-45bc-93fc-0a553b604b0e:c2801]
2019-07-08 23:05:01,689 INFO  client.GrpcClientProtocolClient (GrpcClientProtocolClient.java:onNext(255)) - client-CEF4D3493DC0->4ee04582-2825-4055-a051-0465d62eb5ca: receive RaftClientReply:client-CEF4D3493DC0->4ee04582-2825-4055-a051-0465d62eb5ca@group-78E0FE5F723E, cid=1892, SUCCESS, logIndex=2808, commits[4ee04582-2825-4055-a051-0465d62eb5ca:c2809, 97f5b9f0-d9ef-40b5-ba79-7414923e623f:c2807, 7d686585-d831-45bc-93fc-0a553b604b0e:c2803]
2019-07-08 23:05:01,690 INFO  client.GrpcClientProtocolClient (GrpcClientProtocolClient.java:onNext(255)) - client-CEF4D3493DC0->4ee04582-2825-4055-a051-0465d62eb5ca: receive RaftClientReply:client-CEF4D3493DC0->4ee04582-2825-4055-a051-0465d62eb5ca@group-78E0FE5F723E, cid=1893, SUCCESS, logIndex=2809, commits[4ee04582-2825-4055-a051-0465d62eb5ca:c2809, 97f5b9f0-d9ef-40b5-ba79-7414923e623f:c2807, 7d686585-d831-45bc-93fc-0a553b604b0e:c2807]
2019-07-08 23:05:01,701 INFO  client.GrpcClientProtocolClient (GrpcClientProtocolClient.java:onNext(255)) - client-CEF4D3493DC0->4ee04582-2825-4055-a051-0465d62eb5ca: receive RaftClientReply:client-CEF4D3493DC0->4ee04582-2825-4055-a051-0465d62eb5ca@group-78E0FE5F723E, cid=1894, SUCCESS, logIndex=2812, commits[4ee04582-2825-4055-a051-0465d62eb5ca:c2813, 97f5b9f0-d9ef-40b5-ba79-7414923e623f:c2811, 7d686585-d831-45bc-93fc-0a553b604b0e:c2809]
2019-07-08 23:05:01,701 INFO  client.GrpcClientProtocolClient (GrpcClientProtocolClient.java:onNext(255)) - client-CEF4D3493DC0->4ee04582-2825-4055-a051-0465d62eb5ca: receive RaftClientReply:client-CEF4D3493DC0->4ee04582-2825-4055-a051-0465d62eb5ca@group-78E0FE5F723E, cid=1895, SUCCESS, logIndex=2813, commits[4ee04582-2825-4055-a051-0465d62eb5ca:c2813, 97f5b9f0-d9ef-40b5-ba79-7414923e623f:c2811, 7d686585-d831-45bc-93fc-0a553b604b0e:c2811]
2019-07-08 23:05:01,706 INFO  client.GrpcClientProtocolClient (GrpcClientProtocolClient.java:onNext(255)) - client-CEF4D3493DC0->4ee04582-2825-4055-a051-0465d62eb5ca: receive RaftClientReply:client-CEF4D3493DC0->4ee04582-2825-4055-a051-0465d62eb5ca@group-78E0FE5F723E, cid=1896, SUCCESS, logIndex=0, commits[4ee04582-2825-4055-a051-0465d62eb5ca:c2814, 97f5b9f0-d9ef-40b5-ba79-7414923e623f:c2813, 7d686585-d831-45bc-93fc-0a553b604b0e:c2813]
2019-07-08 23:05:01,727 INFO  client.GrpcClientProtocolClient (GrpcClientProtocolClient.java:onNext(255)) - client-CEF4D3493DC0->4ee04582-2825-4055-a051-0465d62eb5ca: receive RaftClientReply:client-CEF4D3493DC0->4ee04582-2825-4055-a051-0465d62eb5ca@group-78E0FE5F723E, cid=1897, SUCCESS, logIndex=2816, commits[4ee04582-2825-4055-a051-0465d62eb5ca:c2817, 97f5b9f0-d9ef-40b5-ba79-7414923e623f:c2815, 7d686585-d831-45bc-93fc-0a553b604b0e:c2813]
2019-07-08 23:05:01,727 INFO  client.GrpcClientProtocolClient (GrpcClientProtocolClient.java:onNext(255)) - client-CEF4D3493DC0->4ee04582-2825-4055-a051-0465d62eb5ca: receive RaftClientReply:client-CEF4D3493DC0->4ee04582-2825-4055-a051-0465d62eb5ca@group-78E0FE5F723E, cid=1898, SUCCESS, logIndex=2817, commits[4ee04582-2825-4055-a051-0465d62eb5ca:c2817, 97f5b9f0-d9ef-40b5-ba79-7414923e623f:c2815, 7d686585-d831-45bc-93fc-0a553b604b0e:c2813]
2019-07-08 23:05:01,733 INFO  client.GrpcClientProtocolClient (GrpcClientProtocolClient.java:onNext(255)) - client-CEF4D3493DC0->4ee04582-2825-4055-a051-0465d62eb5ca: receive RaftClientReply:client-CEF4D3493DC0->4ee04582-2825-4055-a051-0465d62eb5ca@group-78E0FE5F723E, cid=1899, SUCCESS, logIndex=2818, commits[4ee04582-2825-4055-a051-0465d62eb5ca:c2819, 97f5b9f0-d9ef-40b5-ba79-7414923e623f:c2815, 7d686585-d831-45bc-93fc-0a553b604b0e:c2815]
2019-07-08 23:05:01,733 INFO  client.GrpcClientProtocolClient (GrpcClientProtocolClient.java:onNext(255)) - client-CEF4D3493DC0->4ee04582-2825-4055-a051-0465d62eb5ca: receive RaftClientReply:client-CEF4D3493DC0->4ee04582-2825-4055-a051-0465d62eb5ca@group-78E0FE5F723E, cid=1900, SUCCESS, logIndex=2819, commits[4ee04582-2825-4055-a051-0465d62eb5ca:c2820, 97f5b9f0-d9ef-40b5-ba79-7414923e623f:c2816, 7d686585-d831-45bc-93fc-0a553b604b0e:c2817]
2019-07-08 23:05:01,734 INFO  client.GrpcClientProtocolClient (GrpcClientProtocolClient.java:onNext(255)) - client-CEF4D3493DC0->4ee04582-2825-4055-a051-0465d62eb5ca: receive RaftClientReply:client-CEF4D3493DC0->4ee04582-2825-4055-a051-0465d62eb5ca@group-78E0FE5F723E, cid=1901, SUCCESS, logIndex=0, commits[4ee04582-2825-4055-a051-0465d62eb5ca:c2821, 97f5b9f0-d9ef-40b5-ba79-7414923e623f:c2818, 7d686585-d831-45bc-93fc-0a553b604b0e:c2817]
2019-07-08 23:05:01,754 INFO  client.GrpcClientProtocolClient (GrpcClientProtocolClient.java:onNext(255)) - client-CEF4D3493DC0->4ee04582-2825-4055-a051-0465d62eb5ca: receive RaftClientReply:client-CEF4D3493DC0->4ee04582-2825-4055-a051-0465d62eb5ca@group-78E0FE5F723E, cid=1902, SUCCESS, logIndex=2824, commits[4ee04582-2825-4055-a051-0465d62eb5ca:c2825, 97f5b9f0-d9ef-40b5-ba79-7414923e623f:c2823, 7d686585-d831-45bc-93fc-0a553b604b0e:c2819]
2019-07-08 23:05:01,754 INFO  client.GrpcClientProtocolClient (GrpcClientProtocolClient.java:onNext(255)) - client-CEF4D3493DC0->4ee04582-2825-4055-a051-0465d62eb5ca: receive RaftClientReply:client-CEF4D3493DC0->4ee04582-2825-4055-a051-0465d62eb5ca@group-78E0FE5F723E, cid=1903, SUCCESS, logIndex=2825, commits[4ee04582-2825-4055-a051-0465d62eb5ca:c2825, 97f5b9f0-d9ef-40b5-ba79-7414923e623f:c2823, 7d686585-d831-45bc-93fc-0a553b604b0e:c2823]
2019-07-08 23:05:01,765 INFO  client.GrpcClientProtocolClient (GrpcClientProtocolClient.java:onNext(255)) - client-CEF4D3493DC0->4ee04582-2825-4055-a051-0465d62eb5ca: receive RaftClientReply:client-CEF4D3493DC0->4ee04582-2825-4055-a051-0465d62eb5ca@group-78E0FE5F723E, cid=1904, SUCCESS, logIndex=2828, commits[4ee04582-2825-4055-a051-0465d62eb5ca:c2829, 97f5b9f0-d9ef-40b5-ba79-7414923e623f:c2826, 7d686585-d831-45bc-93fc-0a553b604b0e:c2825]
2019-07-08 23:05:01,766 INFO  client.GrpcClientProtocolClient (GrpcClientProtocolClient.java:onNext(255)) - client-CEF4D3493DC0->4ee04582-2825-4055-a051-0465d62eb5ca: receive RaftClientReply:client-CEF4D3493DC0->4ee04582-2825-4055-a051-0465d62eb5ca@group-78E0FE5F723E, cid=1905, SUCCESS, logIndex=2829, commits[4ee04582-2825-4055-a051-0465d62eb5ca:c2829, 97f5b9f0-d9ef-40b5-ba79-7414923e623f:c2826, 7d686585-d831-45bc-93fc-0a553b604b0e:c2825]
2019-07-08 23:05:01,769 INFO  client.GrpcClientProtocolClient (GrpcClientProtocolClient.java:onNext(255)) - client-CEF4D3493DC0->4ee04582-2825-4055-a051-0465d62eb5ca: receive RaftClientReply:client-CEF4D3493DC0->4ee04582-2825-4055-a051-0465d62eb5ca@group-78E0FE5F723E, cid=1906, SUCCESS, logIndex=0, commits[4ee04582-2825-4055-a051-0465d62eb5ca:c2830, 97f5b9f0-d9ef-40b5-ba79-7414923e623f:c2829, 7d686585-d831-45bc-93fc-0a553b604b0e:c2829]
2019-07-08 23:05:01,794 INFO  client.GrpcClientProtocolClient (GrpcClientProtocolClient.java:onNext(255)) - client-CEF4D3493DC0->4ee04582-2825-4055-a051-0465d62eb5ca: receive RaftClientReply:client-CEF4D3493DC0->4ee04582-2825-4055-a051-0465d62eb5ca@group-78E0FE5F723E, cid=1907, SUCCESS, logIndex=2832, commits[4ee04582-2825-4055-a051-0465d62eb5ca:c2833, 97f5b9f0-d9ef-40b5-ba79-7414923e623f:c2831, 7d686585-d831-45bc-93fc-0a553b604b0e:c2829]
2019-07-08 23:05:01,794 INFO  client.GrpcClientProtocolClient (GrpcClientProtocolClient.java:onNext(255)) - client-CEF4D3493DC0->4ee04582-2825-4055-a051-0465d62eb5ca: receive RaftClientReply:client-CEF4D3493DC0->4ee04582-2825-4055-a051-0465d62eb5ca@group-78E0FE5F723E, cid=1908, SUCCESS, logIndex=2833, commits[4ee04582-2825-4055-a051-0465d62eb5ca:c2834, 97f5b9f0-d9ef-40b5-ba79-7414923e623f:c2831, 7d686585-d831-45bc-93fc-0a553b604b0e:c2831]
2019-07-08 23:05:01,794 INFO  client.GrpcClientProtocolClient (GrpcClientProtocolClient.java:onNext(255)) - client-CEF4D3493DC0->4ee04582-2825-4055-a051-0465d62eb5ca: receive RaftClientReply:client-CEF4D3493DC0->4ee04582-2825-4055-a051-0465d62eb5ca@group-78E0FE5F723E, cid=1909, SUCCESS, logIndex=2834, commits[4ee04582-2825-4055-a051-0465d62eb5ca:c2835, 97f5b9f0-d9ef-40b5-ba79-7414923e623f:c2831, 7d686585-d831-45bc-93fc-0a553b604b0e:c2831]
2019-07-08 23:05:01,795 INFO  client.GrpcClientProtocolClient (GrpcClientProtocolClient.java:onNext(255)) - client-CEF4D3493DC0->4ee04582-2825-4055-a051-0465d62eb5ca: receive RaftClientReply:client-CEF4D3493DC0->4ee04582-2825-4055-a051-0465d62eb5ca@group-78E0FE5F723E, cid=1910, SUCCESS, logIndex=2835, commits[4ee04582-2825-4055-a051-0465d62eb5ca:c2835, 97f5b9f0-d9ef-40b5-ba79-7414923e623f:c2831, 7d686585-d831-45bc-93fc-0a553b604b0e:c2831]
2019-07-08 23:05:01,798 INFO  client.GrpcClientProtocolClient (GrpcClientProtocolClient.java:onNext(255)) - client-CEF4D3493DC0->4ee04582-2825-4055-a051-0465d62eb5ca: receive RaftClientReply:client-CEF4D3493DC0->4ee04582-2825-4055-a051-0465d62eb5ca@group-78E0FE5F723E, cid=1911, SUCCESS, logIndex=0, commits[4ee04582-2825-4055-a051-0465d62eb5ca:c2836, 97f5b9f0-d9ef-40b5-ba79-7414923e623f:c2833, 7d686585-d831-45bc-93fc-0a553b604b0e:c2833]
2019-07-08 23:05:01,816 INFO  client.GrpcClientProtocolClient (GrpcClientProtocolClient.java:onNext(255)) - client-CEF4D3493DC0->4ee04582-2825-4055-a051-0465d62eb5ca: receive RaftClientReply:client-CEF4D3493DC0->4ee04582-2825-4055-a051-0465d62eb5ca@group-78E0FE5F723E, cid=1912, SUCCESS, logIndex=2840, commits[4ee04582-2825-4055-a051-0465d62eb5ca:c2841, 97f5b9f0-d9ef-40b5-ba79-7414923e623f:c2839, 7d686585-d831-45bc-93fc-0a553b604b0e:c2839]
2019-07-08 23:05:01,816 INFO  client.GrpcClientProtocolClient (GrpcClientProtocolClient.java:onNext(255)) - client-CEF4D3493DC0->4ee04582-2825-4055-a051-0465d62eb5ca: receive RaftClientReply:client-CEF4D3493DC0->4ee04582-2825-4055-a051-0465d62eb5ca@group-78E0FE5F723E, cid=1913, SUCCESS, logIndex=2841, commits[4ee04582-2825-4055-a051-0465d62eb5ca:c2841, 97f5b9f0-d9ef-40b5-ba79-7414923e623f:c2839, 7d686585-d831-45bc-93fc-0a553b604b0e:c2839]
2019-07-08 23:05:01,834 INFO  client.GrpcClientProtocolClient (GrpcClientProtocolClient.java:onNext(255)) - client-CEF4D3493DC0->4ee04582-2825-4055-a051-0465d62eb5ca: receive RaftClientReply:client-CEF4D3493DC0->4ee04582-2825-4055-a051-0465d62eb5ca@group-78E0FE5F723E, cid=1914, SUCCESS, logIndex=2844, commits[4ee04582-2825-4055-a051-0465d62eb5ca:c2845, 97f5b9f0-d9ef-40b5-ba79-7414923e623f:c2842, 7d686585-d831-45bc-93fc-0a553b604b0e:c2842]
2019-07-08 23:05:01,834 INFO  client.GrpcClientProtocolClient (GrpcClientProtocolClient.java:onNext(255)) - client-CEF4D3493DC0->4ee04582-2825-4055-a051-0465d62eb5ca: receive RaftClientReply:client-CEF4D3493DC0->4ee04582-2825-4055-a051-0465d62eb5ca@group-78E0FE5F723E, cid=1915, SUCCESS, logIndex=2845, commits[4ee04582-2825-4055-a051-0465d62eb5ca:c2845, 97f5b9f0-d9ef-40b5-ba79-7414923e623f:c2842, 7d686585-d831-45bc-93fc-0a553b604b0e:c2842]
2019-07-08 23:05:01,837 INFO  client.GrpcClientProtocolClient (GrpcClientProtocolClient.java:onNext(255)) - client-CEF4D3493DC0->4ee04582-2825-4055-a051-0465d62eb5ca: receive RaftClientReply:client-CEF4D3493DC0->4ee04582-2825-4055-a051-0465d62eb5ca@group-78E0FE5F723E, cid=1916, SUCCESS, logIndex=0, commits[4ee04582-2825-4055-a051-0465d62eb5ca:c2846, 97f5b9f0-d9ef-40b5-ba79-7414923e623f:c2845, 7d686585-d831-45bc-93fc-0a553b604b0e:c2845]
2019-07-08 23:05:01,855 INFO  client.GrpcClientProtocolClient (GrpcClientProtocolClient.java:onNext(255)) - client-CEF4D3493DC0->4ee04582-2825-4055-a051-0465d62eb5ca: receive RaftClientReply:client-CEF4D3493DC0->4ee04582-2825-4055-a051-0465d62eb5ca@group-78E0FE5F723E, cid=1917, SUCCESS, logIndex=2848, commits[4ee04582-2825-4055-a051-0465d62eb5ca:c2849, 97f5b9f0-d9ef-40b5-ba79-7414923e623f:c2847, 7d686585-d831-45bc-93fc-0a553b604b0e:c2845]
2019-07-08 23:05:01,856 INFO  client.GrpcClientProtocolClient (GrpcClientProtocolClient.java:onNext(255)) - client-CEF4D3493DC0->4ee04582-2825-4055-a051-0465d62eb5ca: receive RaftClientReply:client-CEF4D3493DC0->4ee04582-2825-4055-a051-0465d62eb5ca@group-78E0FE5F723E, cid=1918, SUCCESS, logIndex=2849, commits[4ee04582-2825-4055-a051-0465d62eb5ca:c2851, 97f5b9f0-d9ef-40b5-ba79-7414923e623f:c2847, 7d686585-d831-45bc-93fc-0a553b604b0e:c2847]
2019-07-08 23:05:01,856 INFO  client.GrpcClientProtocolClient (GrpcClientProtocolClient.java:onNext(255)) - client-CEF4D3493DC0->4ee04582-2825-4055-a051-0465d62eb5ca: receive RaftClientReply:client-CEF4D3493DC0->4ee04582-2825-4055-a051-0465d62eb5ca@group-78E0FE5F723E, cid=1919, SUCCESS, logIndex=2850, commits[4ee04582-2825-4055-a051-0465d62eb5ca:c2851, 97f5b9f0-d9ef-40b5-ba79-7414923e623f:c2847, 7d686585-d831-45bc-93fc-0a553b604b0e:c2847]
2019-07-08 23:05:01,856 INFO  client.GrpcClientProtocolClient (GrpcClientProtocolClient.java:onNext(255)) - client-CEF4D3493DC0->4ee04582-2825-4055-a051-0465d62eb5ca: receive RaftClientReply:client-CEF4D3493DC0->4ee04582-2825-4055-a051-0465d62eb5ca@group-78E0FE5F723E, cid=1920, SUCCESS, logIndex=2851, commits[4ee04582-2825-4055-a051-0465d62eb5ca:c2851, 97f5b9f0-d9ef-40b5-ba79-7414923e623f:c2847, 7d686585-d831-45bc-93fc-0a553b604b0e:c2847]
2019-07-08 23:05:01,860 INFO  client.GrpcClientProtocolClient (GrpcClientProtocolClient.java:onNext(255)) - client-CEF4D3493DC0->4ee04582-2825-4055-a051-0465d62eb5ca: receive RaftClientReply:client-CEF4D3493DC0->4ee04582-2825-4055-a051-0465d62eb5ca@group-78E0FE5F723E, cid=1921, SUCCESS, logIndex=0, commits[4ee04582-2825-4055-a051-0465d62eb5ca:c2852, 97f5b9f0-d9ef-40b5-ba79-7414923e623f:c2849, 7d686585-d831-45bc-93fc-0a553b604b0e:c2849]
2019-07-08 23:05:01,870 INFO  client.GrpcClientProtocolClient (GrpcClientProtocolClient.java:onNext(255)) - client-CEF4D3493DC0->4ee04582-2825-4055-a051-0465d62eb5ca: receive RaftClientReply:client-CEF4D3493DC0->4ee04582-2825-4055-a051-0465d62eb5ca@group-78E0FE5F723E, cid=1922, SUCCESS, logIndex=2856, commits[4ee04582-2825-4055-a051-0465d62eb5ca:c2857, 97f5b9f0-d9ef-40b5-ba79-7414923e623f:c2855, 7d686585-d831-45bc-93fc-0a553b604b0e:c2851]
2019-07-08 23:05:01,870 INFO  client.GrpcClientProtocolClient (GrpcClientProtocolClient.java:onNext(255)) - client-CEF4D3493DC0->4ee04582-2825-4055-a051-0465d62eb5ca: receive RaftClientReply:client-CEF4D3493DC0->4ee04582-2825-4055-a051-0465d62eb5ca@group-78E0FE5F723E, cid=1923, SUCCESS, logIndex=2857, commits[4ee04582-2825-4055-a051-0465d62eb5ca:c2857, 97f5b9f0-d9ef-40b5-ba79-7414923e623f:c2855, 7d686585-d831-45bc-93fc-0a553b604b0e:c2855]
2019-07-08 23:05:01,880 INFO  client.GrpcClientProtocolClient (GrpcClientProtocolClient.java:onNext(255)) - client-CEF4D3493DC0->4ee04582-2825-4055-a051-0465d62eb5ca: receive RaftClientReply:client-CEF4D3493DC0->4ee04582-2825-4055-a051-0465d62eb5ca@group-78E0FE5F723E, cid=1924, SUCCESS, logIndex=2860, commits[4ee04582-2825-4055-a051-0465d62eb5ca:c2861, 97f5b9f0-d9ef-40b5-ba79-7414923e623f:c2859, 7d686585-d831-45bc-93fc-0a553b604b0e:c2859]
2019-07-08 23:05:01,881 INFO  client.GrpcClientProtocolClient (GrpcClientProtocolClient.java:onNext(255)) - client-CEF4D3493DC0->4ee04582-2825-4055-a051-0465d62eb5ca: receive RaftClientReply:client-CEF4D3493DC0->4ee04582-2825-4055-a051-0465d62eb5ca@group-78E0FE5F723E, cid=1925, SUCCESS, logIndex=2861, commits[4ee04582-2825-4055-a051-0465d62eb5ca:c2861, 97f5b9f0-d9ef-40b5-ba79-7414923e623f:c2859, 7d686585-d831-45bc-93fc-0a553b604b0e:c2859]
2019-07-08 23:05:01,882 INFO  client.GrpcClientProtocolClient (GrpcClientProtocolClient.java:onNext(255)) - client-CEF4D3493DC0->4ee04582-2825-4055-a051-0465d62eb5ca: receive RaftClientReply:client-CEF4D3493DC0->4ee04582-2825-4055-a051-0465d62eb5ca@group-78E0FE5F723E, cid=1926, SUCCESS, logIndex=0, commits[4ee04582-2825-4055-a051-0465d62eb5ca:c2862, 97f5b9f0-d9ef-40b5-ba79-7414923e623f:c2861, 7d686585-d831-45bc-93fc-0a553b604b0e:c2861]
 0.00% |█                                                                                                    |  0/1 Time: 0:00:112019-07-08 23:05:01,899 INFO  client.GrpcClientProtocolClient (GrpcClientProtocolClient.java:onNext(255)) - client-CEF4D3493DC0->4ee04582-2825-4055-a051-0465d62eb5ca: receive RaftClientReply:client-CEF4D3493DC0->4ee04582-2825-4055-a051-0465d62eb5ca@group-78E0FE5F723E, cid=1927, SUCCESS, logIndex=2864, commits[4ee04582-2825-4055-a051-0465d62eb5ca:c2865, 97f5b9f0-d9ef-40b5-ba79-7414923e623f:c2863, 7d686585-d831-45bc-93fc-0a553b604b0e:c2861]
2019-07-08 23:05:01,900 INFO  client.GrpcClientProtocolClient (GrpcClientProtocolClient.java:onNext(255)) - client-CEF4D3493DC0->4ee04582-2825-4055-a051-0465d62eb5ca: receive RaftClientReply:client-CEF4D3493DC0->4ee04582-2825-4055-a051-0465d62eb5ca@group-78E0FE5F723E, cid=1928, SUCCESS, logIndex=2865, commits[4ee04582-2825-4055-a051-0465d62eb5ca:c2865, 97f5b9f0-d9ef-40b5-ba79-7414923e623f:c2863, 7d686585-d831-45bc-93fc-0a553b604b0e:c2861]
2019-07-08 23:05:01,900 INFO  client.GrpcClientProtocolClient (GrpcClientProtocolClient.java:onNext(255)) - client-CEF4D3493DC0->4ee04582-2825-4055-a051-0465d62eb5ca: receive RaftClientReply:client-CEF4D3493DC0->4ee04582-2825-4055-a051-0465d62eb5ca@group-78E0FE5F723E, cid=1929, SUCCESS, logIndex=2866, commits[4ee04582-2825-4055-a051-0465d62eb5ca:c2866, 97f5b9f0-d9ef-40b5-ba79-7414923e623f:c2863, 7d686585-d831-45bc-93fc-0a553b604b0e:c2863]
2019-07-08 23:05:01,901 INFO  client.GrpcClientProtocolClient (GrpcClientProtocolClient.java:onNext(255)) - client-CEF4D3493DC0->4ee04582-2825-4055-a051-0465d62eb5ca: receive RaftClientReply:client-CEF4D3493DC0->4ee04582-2825-4055-a051-0465d62eb5ca@group-78E0FE5F723E, cid=1930, SUCCESS, logIndex=2867, commits[4ee04582-2825-4055-a051-0465d62eb5ca:c2867, 97f5b9f0-d9ef-40b5-ba79-7414923e623f:c2863, 7d686585-d831-45bc-93fc-0a553b604b0e:c2863]
2019-07-08 23:05:01,903 INFO  client.GrpcClientProtocolClient (GrpcClientProtocolClient.java:onNext(255)) - client-CEF4D3493DC0->4ee04582-2825-4055-a051-0465d62eb5ca: receive RaftClientReply:client-CEF4D3493DC0->4ee04582-2825-4055-a051-0465d62eb5ca@group-78E0FE5F723E, cid=1931, SUCCESS, logIndex=0, commits[4ee04582-2825-4055-a051-0465d62eb5ca:c2869, 97f5b9f0-d9ef-40b5-ba79-7414923e623f:c2865, 7d686585-d831-45bc-93fc-0a553b604b0e:c2865]
2019-07-08 23:05:01,913 INFO  client.GrpcClientProtocolClient (GrpcClientProtocolClient.java:onNext(255)) - client-CEF4D3493DC0->4ee04582-2825-4055-a051-0465d62eb5ca: receive RaftClientReply:client-CEF4D3493DC0->4ee04582-2825-4055-a051-0465d62eb5ca@group-78E0FE5F723E, cid=1932, SUCCESS, logIndex=2872, commits[4ee04582-2825-4055-a051-0465d62eb5ca:c2873, 97f5b9f0-d9ef-40b5-ba79-7414923e623f:c2871, 7d686585-d831-45bc-93fc-0a553b604b0e:c2867]
2019-07-08 23:05:01,913 INFO  client.GrpcClientProtocolClient (GrpcClientProtocolClient.java:onNext(255)) - client-CEF4D3493DC0->4ee04582-2825-4055-a051-0465d62eb5ca: receive RaftClientReply:client-CEF4D3493DC0->4ee04582-2825-4055-a051-0465d62eb5ca@group-78E0FE5F723E, cid=1933, SUCCESS, logIndex=2873, commits[4ee04582-2825-4055-a051-0465d62eb5ca:c2873, 97f5b9f0-d9ef-40b5-ba79-7414923e623f:c2871, 7d686585-d831-45bc-93fc-0a553b604b0e:c2867]
2019-07-08 23:05:01,923 INFO  client.GrpcClientProtocolClient (GrpcClientProtocolClient.java:onNext(255)) - client-CEF4D3493DC0->4ee04582-2825-4055-a051-0465d62eb5ca: receive RaftClientReply:client-CEF4D3493DC0->4ee04582-2825-4055-a051-0465d62eb5ca@group-78E0FE5F723E, cid=1934, SUCCESS, logIndex=2876, commits[4ee04582-2825-4055-a051-0465d62eb5ca:c2877, 97f5b9f0-d9ef-40b5-ba79-7414923e623f:c2875, 7d686585-d831-45bc-93fc-0a553b604b0e:c2873]
2019-07-08 23:05:01,923 INFO  client.GrpcClientProtocolClient (GrpcClientProtocolClient.java:onNext(255)) - client-CEF4D3493DC0->4ee04582-2825-4055-a051-0465d62eb5ca: receive RaftClientReply:client-CEF4D3493DC0->4ee04582-2825-4055-a051-0465d62eb5ca@group-78E0FE5F723E, cid=1935, SUCCESS, logIndex=2877, commits[4ee04582-2825-4055-a051-0465d62eb5ca:c2877, 97f5b9f0-d9ef-40b5-ba79-7414923e623f:c2875, 7d686585-d831-45bc-93fc-0a553b604b0e:c2875]
2019-07-08 23:05:01,926 INFO  client.GrpcClientProtocolClient (GrpcClientProtocolClient.java:onNext(255)) - client-CEF4D3493DC0->4ee04582-2825-4055-a051-0465d62eb5ca: receive RaftClientReply:client-CEF4D3493DC0->4ee04582-2825-4055-a051-0465d62eb5ca@group-78E0FE5F723E, cid=1936, SUCCESS, logIndex=0, commits[4ee04582-2825-4055-a051-0465d62eb5ca:c2878, 97f5b9f0-d9ef-40b5-ba79-7414923e623f:c2877, 7d686585-d831-45bc-93fc-0a553b604b0e:c2877]
2019-07-08 23:05:01,944 INFO  client.GrpcClientProtocolClient (GrpcClientProtocolClient.java:onNext(255)) - client-CEF4D3493DC0->4ee04582-2825-4055-a051-0465d62eb5ca: receive RaftClientReply:client-CEF4D3493DC0->4ee04582-2825-4055-a051-0465d62eb5ca@group-78E0FE5F723E, cid=1937, SUCCESS, logIndex=2880, commits[4ee04582-2825-4055-a051-0465d62eb5ca:c2881, 97f5b9f0-d9ef-40b5-ba79-7414923e623f:c2879, 7d686585-d831-45bc-93fc-0a553b604b0e:c2877]
2019-07-08 23:05:01,944 INFO  client.GrpcClientProtocolClient (GrpcClientProtocolClient.java:onNext(255)) - client-CEF4D3493DC0->4ee04582-2825-4055-a051-0465d62eb5ca: receive RaftClientReply:client-CEF4D3493DC0->4ee04582-2825-4055-a051-0465d62eb5ca@group-78E0FE5F723E, cid=1938, SUCCESS, logIndex=2881, commits[4ee04582-2825-4055-a051-0465d62eb5ca:c2881, 97f5b9f0-d9ef-40b5-ba79-7414923e623f:c2879, 7d686585-d831-45bc-93fc-0a553b604b0e:c2877]
2019-07-08 23:05:01,947 INFO  client.GrpcClientProtocolClient (GrpcClientProtocolClient.java:onNext(255)) - client-CEF4D3493DC0->4ee04582-2825-4055-a051-0465d62eb5ca: receive RaftClientReply:client-CEF4D3493DC0->4ee04582-2825-4055-a051-0465d62eb5ca@group-78E0FE5F723E, cid=1939, SUCCESS, logIndex=2882, commits[4ee04582-2825-4055-a051-0465d62eb5ca:c2883, 97f5b9f0-d9ef-40b5-ba79-7414923e623f:c2879, 7d686585-d831-45bc-93fc-0a553b604b0e:c2879]
2019-07-08 23:05:01,947 INFO  client.GrpcClientProtocolClient (GrpcClientProtocolClient.java:onNext(255)) - client-CEF4D3493DC0->4ee04582-2825-4055-a051-0465d62eb5ca: receive RaftClientReply:client-CEF4D3493DC0->4ee04582-2825-4055-a051-0465d62eb5ca@group-78E0FE5F723E, cid=1940, SUCCESS, logIndex=2883, commits[4ee04582-2825-4055-a051-0465d62eb5ca:c2883, 97f5b9f0-d9ef-40b5-ba79-7414923e623f:c2879, 7d686585-d831-45bc-93fc-0a553b604b0e:c2879]
2019-07-08 23:05:01,949 INFO  client.GrpcClientProtocolClient (GrpcClientProtocolClient.java:onNext(255)) - client-CEF4D3493DC0->4ee04582-2825-4055-a051-0465d62eb5ca: receive RaftClientReply:client-CEF4D3493DC0->4ee04582-2825-4055-a051-0465d62eb5ca@group-78E0FE5F723E, cid=1941, SUCCESS, logIndex=0, commits[4ee04582-2825-4055-a051-0465d62eb5ca:c2885, 97f5b9f0-d9ef-40b5-ba79-7414923e623f:c2881, 7d686585-d831-45bc-93fc-0a553b604b0e:c2881]
2019-07-08 23:05:01,959 INFO  client.GrpcClientProtocolClient (GrpcClientProtocolClient.java:onNext(255)) - client-CEF4D3493DC0->4ee04582-2825-4055-a051-0465d62eb5ca: receive RaftClientReply:client-CEF4D3493DC0->4ee04582-2825-4055-a051-0465d62eb5ca@group-78E0FE5F723E, cid=1942, SUCCESS, logIndex=2888, commits[4ee04582-2825-4055-a051-0465d62eb5ca:c2889, 97f5b9f0-d9ef-40b5-ba79-7414923e623f:c2883, 7d686585-d831-45bc-93fc-0a553b604b0e:c2887]
2019-07-08 23:05:01,960 INFO  client.GrpcClientProtocolClient (GrpcClientProtocolClient.java:onNext(255)) - client-CEF4D3493DC0->4ee04582-2825-4055-a051-0465d62eb5ca: receive RaftClientReply:client-CEF4D3493DC0->4ee04582-2825-4055-a051-0465d62eb5ca@group-78E0FE5F723E, cid=1943, SUCCESS, logIndex=2889, commits[4ee04582-2825-4055-a051-0465d62eb5ca:c2889, 97f5b9f0-d9ef-40b5-ba79-7414923e623f:c2887, 7d686585-d831-45bc-93fc-0a553b604b0e:c2887]
2019-07-08 23:05:01,970 INFO  client.GrpcClientProtocolClient (GrpcClientProtocolClient.java:onNext(255)) - client-CEF4D3493DC0->4ee04582-2825-4055-a051-0465d62eb5ca: receive RaftClientReply:client-CEF4D3493DC0->4ee04582-2825-4055-a051-0465d62eb5ca@group-78E0FE5F723E, cid=1944, SUCCESS, logIndex=2892, commits[4ee04582-2825-4055-a051-0465d62eb5ca:c2893, 97f5b9f0-d9ef-40b5-ba79-7414923e623f:c2889, 7d686585-d831-45bc-93fc-0a553b604b0e:c2891]
2019-07-08 23:05:01,970 INFO  client.GrpcClientProtocolClient (GrpcClientProtocolClient.java:onNext(255)) - client-CEF4D3493DC0->4ee04582-2825-4055-a051-0465d62eb5ca: receive RaftClientReply:client-CEF4D3493DC0->4ee04582-2825-4055-a051-0465d62eb5ca@group-78E0FE5F723E, cid=1945, SUCCESS, logIndex=2893, commits[4ee04582-2825-4055-a051-0465d62eb5ca:c2893, 97f5b9f0-d9ef-40b5-ba79-7414923e623f:c2891, 7d686585-d831-45bc-93fc-0a553b604b0e:c2891]
2019-07-08 23:05:01,973 INFO  client.GrpcClientProtocolClient (GrpcClientProtocolClient.java:onNext(255)) - client-CEF4D3493DC0->4ee04582-2825-4055-a051-0465d62eb5ca: receive RaftClientReply:client-CEF4D3493DC0->4ee04582-2825-4055-a051-0465d62eb5ca@group-78E0FE5F723E, cid=1946, SUCCESS, logIndex=0, commits[4ee04582-2825-4055-a051-0465d62eb5ca:c2895, 97f5b9f0-d9ef-40b5-ba79-7414923e623f:c2893, 7d686585-d831-45bc-93fc-0a553b604b0e:c2893]
2019-07-08 23:05:01,998 INFO  client.GrpcClientProtocolClient (GrpcClientProtocolClient.java:onNext(255)) - client-CEF4D3493DC0->4ee04582-2825-4055-a051-0465d62eb5ca: receive RaftClientReply:client-CEF4D3493DC0->4ee04582-2825-4055-a051-0465d62eb5ca@group-78E0FE5F723E, cid=1947, SUCCESS, logIndex=2896, commits[4ee04582-2825-4055-a051-0465d62eb5ca:c2897, 97f5b9f0-d9ef-40b5-ba79-7414923e623f:c2895, 7d686585-d831-45bc-93fc-0a553b604b0e:c2893]
2019-07-08 23:05:01,998 INFO  client.GrpcClientProtocolClient (GrpcClientProtocolClient.java:onNext(255)) - client-CEF4D3493DC0->4ee04582-2825-4055-a051-0465d62eb5ca: receive RaftClientReply:client-CEF4D3493DC0->4ee04582-2825-4055-a051-0465d62eb5ca@group-78E0FE5F723E, cid=1948, SUCCESS, logIndex=2897, commits[4ee04582-2825-4055-a051-0465d62eb5ca:c2897, 97f5b9f0-d9ef-40b5-ba79-7414923e623f:c2895, 7d686585-d831-45bc-93fc-0a553b604b0e:c2893]
2019-07-08 23:05:02,001 INFO  client.GrpcClientProtocolClient (GrpcClientProtocolClient.java:onNext(255)) - client-CEF4D3493DC0->4ee04582-2825-4055-a051-0465d62eb5ca: receive RaftClientReply:client-CEF4D3493DC0->4ee04582-2825-4055-a051-0465d62eb5ca@group-78E0FE5F723E, cid=1949, SUCCESS, logIndex=2898, commits[4ee04582-2825-4055-a051-0465d62eb5ca:c2899, 97f5b9f0-d9ef-40b5-ba79-7414923e623f:c2895, 7d686585-d831-45bc-93fc-0a553b604b0e:c2895]
2019-07-08 23:05:02,001 INFO  client.GrpcClientProtocolClient (GrpcClientProtocolClient.java:onNext(255)) - client-CEF4D3493DC0->4ee04582-2825-4055-a051-0465d62eb5ca: receive RaftClientReply:client-CEF4D3493DC0->4ee04582-2825-4055-a051-0465d62eb5ca@group-78E0FE5F723E, cid=1950, SUCCESS, logIndex=2899, commits[4ee04582-2825-4055-a051-0465d62eb5ca:c2899, 97f5b9f0-d9ef-40b5-ba79-7414923e623f:c2895, 7d686585-d831-45bc-93fc-0a553b604b0e:c2895]
2019-07-08 23:05:02,002 INFO  client.GrpcClientProtocolClient (GrpcClientProtocolClient.java:onNext(255)) - client-CEF4D3493DC0->4ee04582-2825-4055-a051-0465d62eb5ca: receive RaftClientReply:client-CEF4D3493DC0->4ee04582-2825-4055-a051-0465d62eb5ca@group-78E0FE5F723E, cid=1951, SUCCESS, logIndex=0, commits[4ee04582-2825-4055-a051-0465d62eb5ca:c2901, 97f5b9f0-d9ef-40b5-ba79-7414923e623f:c2897, 7d686585-d831-45bc-93fc-0a553b604b0e:c2897]
2019-07-08 23:05:02,013 INFO  client.GrpcClientProtocolClient (GrpcClientProtocolClient.java:onNext(255)) - client-CEF4D3493DC0->4ee04582-2825-4055-a051-0465d62eb5ca: receive RaftClientReply:client-CEF4D3493DC0->4ee04582-2825-4055-a051-0465d62eb5ca@group-78E0FE5F723E, cid=1952, SUCCESS, logIndex=2904, commits[4ee04582-2825-4055-a051-0465d62eb5ca:c2905, 97f5b9f0-d9ef-40b5-ba79-7414923e623f:c2903, 7d686585-d831-45bc-93fc-0a553b604b0e:c2899]
2019-07-08 23:05:02,014 INFO  client.GrpcClientProtocolClient (GrpcClientProtocolClient.java:onNext(255)) - client-CEF4D3493DC0->4ee04582-2825-4055-a051-0465d62eb5ca: receive RaftClientReply:client-CEF4D3493DC0->4ee04582-2825-4055-a051-0465d62eb5ca@group-78E0FE5F723E, cid=1953, SUCCESS, logIndex=2905, commits[4ee04582-2825-4055-a051-0465d62eb5ca:c2905, 97f5b9f0-d9ef-40b5-ba79-7414923e623f:c2903, 7d686585-d831-45bc-93fc-0a553b604b0e:c2903]
2019-07-08 23:05:02,023 INFO  client.GrpcClientProtocolClient (GrpcClientProtocolClient.java:onNext(255)) - client-CEF4D3493DC0->4ee04582-2825-4055-a051-0465d62eb5ca: receive RaftClientReply:client-CEF4D3493DC0->4ee04582-2825-4055-a051-0465d62eb5ca@group-78E0FE5F723E, cid=1954, SUCCESS, logIndex=2908, commits[4ee04582-2825-4055-a051-0465d62eb5ca:c2909, 97f5b9f0-d9ef-40b5-ba79-7414923e623f:c2907, 7d686585-d831-45bc-93fc-0a553b604b0e:c2905]
2019-07-08 23:05:02,023 INFO  client.GrpcClientProtocolClient (GrpcClientProtocolClient.java:onNext(255)) - client-CEF4D3493DC0->4ee04582-2825-4055-a051-0465d62eb5ca: receive RaftClientReply:client-CEF4D3493DC0->4ee04582-2825-4055-a051-0465d62eb5ca@group-78E0FE5F723E, cid=1955, SUCCESS, logIndex=2909, commits[4ee04582-2825-4055-a051-0465d62eb5ca:c2909, 97f5b9f0-d9ef-40b5-ba79-7414923e623f:c2907, 7d686585-d831-45bc-93fc-0a553b604b0e:c2907]
2019-07-08 23:05:02,029 INFO  client.GrpcClientProtocolClient (GrpcClientProtocolClient.java:onNext(255)) - client-CEF4D3493DC0->4ee04582-2825-4055-a051-0465d62eb5ca: receive RaftClientReply:client-CEF4D3493DC0->4ee04582-2825-4055-a051-0465d62eb5ca@group-78E0FE5F723E, cid=1956, SUCCESS, logIndex=0, commits[4ee04582-2825-4055-a051-0465d62eb5ca:c2911, 97f5b9f0-d9ef-40b5-ba79-7414923e623f:c2909, 7d686585-d831-45bc-93fc-0a553b604b0e:c2909]
2019-07-08 23:05:02,109 INFO  client.GrpcClientProtocolClient (GrpcClientProtocolClient.java:onNext(255)) - client-CEF4D3493DC0->4ee04582-2825-4055-a051-0465d62eb5ca: receive RaftClientReply:client-CEF4D3493DC0->4ee04582-2825-4055-a051-0465d62eb5ca@group-78E0FE5F723E, cid=1957, SUCCESS, logIndex=2912, commits[4ee04582-2825-4055-a051-0465d62eb5ca:c2913, 97f5b9f0-d9ef-40b5-ba79-7414923e623f:c2911, 7d686585-d831-45bc-93fc-0a553b604b0e:c2911]
2019-07-08 23:05:02,110 INFO  client.GrpcClientProtocolClient (GrpcClientProtocolClient.java:onNext(255)) - client-CEF4D3493DC0->4ee04582-2825-4055-a051-0465d62eb5ca: receive RaftClientReply:client-CEF4D3493DC0->4ee04582-2825-4055-a051-0465d62eb5ca@group-78E0FE5F723E, cid=1958, SUCCESS, logIndex=2913, commits[4ee04582-2825-4055-a051-0465d62eb5ca:c2913, 97f5b9f0-d9ef-40b5-ba79-7414923e623f:c2911, 7d686585-d831-45bc-93fc-0a553b604b0e:c2911]
2019-07-08 23:05:02,112 INFO  client.GrpcClientProtocolClient (GrpcClientProtocolClient.java:onNext(255)) - client-CEF4D3493DC0->4ee04582-2825-4055-a051-0465d62eb5ca: receive RaftClientReply:client-CEF4D3493DC0->4ee04582-2825-4055-a051-0465d62eb5ca@group-78E0FE5F723E, cid=1959, SUCCESS, logIndex=2914, commits[4ee04582-2825-4055-a051-0465d62eb5ca:c2916, 97f5b9f0-d9ef-40b5-ba79-7414923e623f:c2913, 7d686585-d831-45bc-93fc-0a553b604b0e:c2911]
2019-07-08 23:05:02,113 INFO  client.GrpcClientProtocolClient (GrpcClientProtocolClient.java:onNext(255)) - client-CEF4D3493DC0->4ee04582-2825-4055-a051-0465d62eb5ca: receive RaftClientReply:client-CEF4D3493DC0->4ee04582-2825-4055-a051-0465d62eb5ca@group-78E0FE5F723E, cid=1960, SUCCESS, logIndex=2915, commits[4ee04582-2825-4055-a051-0465d62eb5ca:c2917, 97f5b9f0-d9ef-40b5-ba79-7414923e623f:c2913, 7d686585-d831-45bc-93fc-0a553b604b0e:c2911]
2019-07-08 23:05:02,114 INFO  client.GrpcClientProtocolClient (GrpcClientProtocolClient.java:onNext(255)) - client-CEF4D3493DC0->4ee04582-2825-4055-a051-0465d62eb5ca: receive RaftClientReply:client-CEF4D3493DC0->4ee04582-2825-4055-a051-0465d62eb5ca@group-78E0FE5F723E, cid=1961, SUCCESS, logIndex=0, commits[4ee04582-2825-4055-a051-0465d62eb5ca:c2917, 97f5b9f0-d9ef-40b5-ba79-7414923e623f:c2913, 7d686585-d831-45bc-93fc-0a553b604b0e:c2913]
2019-07-08 23:05:02,126 INFO  client.GrpcClientProtocolClient (GrpcClientProtocolClient.java:onNext(255)) - client-CEF4D3493DC0->4ee04582-2825-4055-a051-0465d62eb5ca: receive RaftClientReply:client-CEF4D3493DC0->4ee04582-2825-4055-a051-0465d62eb5ca@group-78E0FE5F723E, cid=1962, SUCCESS, logIndex=2920, commits[4ee04582-2825-4055-a051-0465d62eb5ca:c2921, 97f5b9f0-d9ef-40b5-ba79-7414923e623f:c2919, 7d686585-d831-45bc-93fc-0a553b604b0e:c2916]
2019-07-08 23:05:02,127 INFO  client.GrpcClientProtocolClient (GrpcClientProtocolClient.java:onNext(255)) - client-CEF4D3493DC0->4ee04582-2825-4055-a051-0465d62eb5ca: receive RaftClientReply:client-CEF4D3493DC0->4ee04582-2825-4055-a051-0465d62eb5ca@group-78E0FE5F723E, cid=1963, SUCCESS, logIndex=2921, commits[4ee04582-2825-4055-a051-0465d62eb5ca:c2921, 97f5b9f0-d9ef-40b5-ba79-7414923e623f:c2919, 7d686585-d831-45bc-93fc-0a553b604b0e:c2919]
2019-07-08 23:05:02,149 INFO  client.GrpcClientProtocolClient (GrpcClientProtocolClient.java:onNext(255)) - client-CEF4D3493DC0->4ee04582-2825-4055-a051-0465d62eb5ca: receive RaftClientReply:client-CEF4D3493DC0->4ee04582-2825-4055-a051-0465d62eb5ca@group-78E0FE5F723E, cid=1964, SUCCESS, logIndex=2924, commits[4ee04582-2825-4055-a051-0465d62eb5ca:c2925, 97f5b9f0-d9ef-40b5-ba79-7414923e623f:c2923, 7d686585-d831-45bc-93fc-0a553b604b0e:c2923]
2019-07-08 23:05:02,149 INFO  client.GrpcClientProtocolClient (GrpcClientProtocolClient.java:onNext(255)) - client-CEF4D3493DC0->4ee04582-2825-4055-a051-0465d62eb5ca: receive RaftClientReply:client-CEF4D3493DC0->4ee04582-2825-4055-a051-0465d62eb5ca@group-78E0FE5F723E, cid=1965, SUCCESS, logIndex=2925, commits[4ee04582-2825-4055-a051-0465d62eb5ca:c2925, 97f5b9f0-d9ef-40b5-ba79-7414923e623f:c2923, 7d686585-d831-45bc-93fc-0a553b604b0e:c2923]
2019-07-08 23:05:02,155 INFO  client.GrpcClientProtocolClient (GrpcClientProtocolClient.java:onNext(255)) - client-CEF4D3493DC0->4ee04582-2825-4055-a051-0465d62eb5ca: receive RaftClientReply:client-CEF4D3493DC0->4ee04582-2825-4055-a051-0465d62eb5ca@group-78E0FE5F723E, cid=1966, SUCCESS, logIndex=0, commits[4ee04582-2825-4055-a051-0465d62eb5ca:c2926, 97f5b9f0-d9ef-40b5-ba79-7414923e623f:c2925, 7d686585-d831-45bc-93fc-0a553b604b0e:c2925]
2019-07-08 23:05:02,184 INFO  client.GrpcClientProtocolClient (GrpcClientProtocolClient.java:onNext(255)) - client-CEF4D3493DC0->4ee04582-2825-4055-a051-0465d62eb5ca: receive RaftClientReply:client-CEF4D3493DC0->4ee04582-2825-4055-a051-0465d62eb5ca@group-78E0FE5F723E, cid=1967, SUCCESS, logIndex=2928, commits[4ee04582-2825-4055-a051-0465d62eb5ca:c2929, 97f5b9f0-d9ef-40b5-ba79-7414923e623f:c2927, 7d686585-d831-45bc-93fc-0a553b604b0e:c2925]
2019-07-08 23:05:02,185 INFO  client.GrpcClientProtocolClient (GrpcClientProtocolClient.java:onNext(255)) - client-CEF4D3493DC0->4ee04582-2825-4055-a051-0465d62eb5ca: receive RaftClientReply:client-CEF4D3493DC0->4ee04582-2825-4055-a051-0465d62eb5ca@group-78E0FE5F723E, cid=1968, SUCCESS, logIndex=2929, commits[4ee04582-2825-4055-a051-0465d62eb5ca:c2929, 97f5b9f0-d9ef-40b5-ba79-7414923e623f:c2927, 7d686585-d831-45bc-93fc-0a553b604b0e:c2927]
2019-07-08 23:05:02,186 INFO  client.GrpcClientProtocolClient (GrpcClientProtocolClient.java:onNext(255)) - client-CEF4D3493DC0->4ee04582-2825-4055-a051-0465d62eb5ca: receive RaftClientReply:client-CEF4D3493DC0->4ee04582-2825-4055-a051-0465d62eb5ca@group-78E0FE5F723E, cid=1969, SUCCESS, logIndex=2930, commits[4ee04582-2825-4055-a051-0465d62eb5ca:c2930, 97f5b9f0-d9ef-40b5-ba79-7414923e623f:c2927, 7d686585-d831-45bc-93fc-0a553b604b0e:c2927]
2019-07-08 23:05:02,187 INFO  client.GrpcClientProtocolClient (GrpcClientProtocolClient.java:onNext(255)) - client-CEF4D3493DC0->4ee04582-2825-4055-a051-0465d62eb5ca: receive RaftClientReply:client-CEF4D3493DC0->4ee04582-2825-4055-a051-0465d62eb5ca@group-78E0FE5F723E, cid=1970, SUCCESS, logIndex=2931, commits[4ee04582-2825-4055-a051-0465d62eb5ca:c2931, 97f5b9f0-d9ef-40b5-ba79-7414923e623f:c2927, 7d686585-d831-45bc-93fc-0a553b604b0e:c2927]
2019-07-08 23:05:02,190 INFO  client.GrpcClientProtocolClient (GrpcClientProtocolClient.java:onNext(255)) - client-CEF4D3493DC0->4ee04582-2825-4055-a051-0465d62eb5ca: receive RaftClientReply:client-CEF4D3493DC0->4ee04582-2825-4055-a051-0465d62eb5ca@group-78E0FE5F723E, cid=1971, SUCCESS, logIndex=0, commits[4ee04582-2825-4055-a051-0465d62eb5ca:c2933, 97f5b9f0-d9ef-40b5-ba79-7414923e623f:c2929, 7d686585-d831-45bc-93fc-0a553b604b0e:c2929]
2019-07-08 23:05:02,204 INFO  client.GrpcClientProtocolClient (GrpcClientProtocolClient.java:onNext(255)) - client-CEF4D3493DC0->4ee04582-2825-4055-a051-0465d62eb5ca: receive RaftClientReply:client-CEF4D3493DC0->4ee04582-2825-4055-a051-0465d62eb5ca@group-78E0FE5F723E, cid=1972, SUCCESS, logIndex=2936, commits[4ee04582-2825-4055-a051-0465d62eb5ca:c2937, 97f5b9f0-d9ef-40b5-ba79-7414923e623f:c2935, 7d686585-d831-45bc-93fc-0a553b604b0e:c2931]
2019-07-08 23:05:02,205 INFO  client.GrpcClientProtocolClient (GrpcClientProtocolClient.java:onNext(255)) - client-CEF4D3493DC0->4ee04582-2825-4055-a051-0465d62eb5ca: receive RaftClientReply:client-CEF4D3493DC0->4ee04582-2825-4055-a051-0465d62eb5ca@group-78E0FE5F723E, cid=1973, SUCCESS, logIndex=2937, commits[4ee04582-2825-4055-a051-0465d62eb5ca:c2937, 97f5b9f0-d9ef-40b5-ba79-7414923e623f:c2935, 7d686585-d831-45bc-93fc-0a553b604b0e:c2935]
2019-07-08 23:05:02,219 INFO  client.GrpcClientProtocolClient (GrpcClientProtocolClient.java:onNext(255)) - client-CEF4D3493DC0->4ee04582-2825-4055-a051-0465d62eb5ca: receive RaftClientReply:client-CEF4D3493DC0->4ee04582-2825-4055-a051-0465d62eb5ca@group-78E0FE5F723E, cid=1974, SUCCESS, logIndex=2940, commits[4ee04582-2825-4055-a051-0465d62eb5ca:c2941, 97f5b9f0-d9ef-40b5-ba79-7414923e623f:c2939, 7d686585-d831-45bc-93fc-0a553b604b0e:c2937]
2019-07-08 23:05:02,219 INFO  client.GrpcClientProtocolClient (GrpcClientProtocolClient.java:onNext(255)) - client-CEF4D3493DC0->4ee04582-2825-4055-a051-0465d62eb5ca: receive RaftClientReply:client-CEF4D3493DC0->4ee04582-2825-4055-a051-0465d62eb5ca@group-78E0FE5F723E, cid=1975, SUCCESS, logIndex=2941, commits[4ee04582-2825-4055-a051-0465d62eb5ca:c2941, 97f5b9f0-d9ef-40b5-ba79-7414923e623f:c2939, 7d686585-d831-45bc-93fc-0a553b604b0e:c2939]
2019-07-08 23:05:02,226 INFO  client.GrpcClientProtocolClient (GrpcClientProtocolClient.java:onNext(255)) - client-CEF4D3493DC0->4ee04582-2825-4055-a051-0465d62eb5ca: receive RaftClientReply:client-CEF4D3493DC0->4ee04582-2825-4055-a051-0465d62eb5ca@group-78E0FE5F723E, cid=1976, SUCCESS, logIndex=0, commits[4ee04582-2825-4055-a051-0465d62eb5ca:c2943, 97f5b9f0-d9ef-40b5-ba79-7414923e623f:c2941, 7d686585-d831-45bc-93fc-0a553b604b0e:c2941]
2019-07-08 23:05:02,251 INFO  client.GrpcClientProtocolClient (GrpcClientProtocolClient.java:onNext(255)) - client-CEF4D3493DC0->4ee04582-2825-4055-a051-0465d62eb5ca: receive RaftClientReply:client-CEF4D3493DC0->4ee04582-2825-4055-a051-0465d62eb5ca@group-78E0FE5F723E, cid=1977, SUCCESS, logIndex=2944, commits[4ee04582-2825-4055-a051-0465d62eb5ca:c2945, 97f5b9f0-d9ef-40b5-ba79-7414923e623f:c2943, 7d686585-d831-45bc-93fc-0a553b604b0e:c2941]
2019-07-08 23:05:02,251 INFO  client.GrpcClientProtocolClient (GrpcClientProtocolClient.java:onNext(255)) - client-CEF4D3493DC0->4ee04582-2825-4055-a051-0465d62eb5ca: receive RaftClientReply:client-CEF4D3493DC0->4ee04582-2825-4055-a051-0465d62eb5ca@group-78E0FE5F723E, cid=1978, SUCCESS, logIndex=2945, commits[4ee04582-2825-4055-a051-0465d62eb5ca:c2945, 97f5b9f0-d9ef-40b5-ba79-7414923e623f:c2943, 7d686585-d831-45bc-93fc-0a553b604b0e:c2941]
2019-07-08 23:05:02,253 INFO  client.GrpcClientProtocolClient (GrpcClientProtocolClient.java:onNext(255)) - client-CEF4D3493DC0->4ee04582-2825-4055-a051-0465d62eb5ca: receive RaftClientReply:client-CEF4D3493DC0->4ee04582-2825-4055-a051-0465d62eb5ca@group-78E0FE5F723E, cid=1979, SUCCESS, logIndex=2946, commits[4ee04582-2825-4055-a051-0465d62eb5ca:c2947, 97f5b9f0-d9ef-40b5-ba79-7414923e623f:c2943, 7d686585-d831-45bc-93fc-0a553b604b0e:c2941]
2019-07-08 23:05:02,254 INFO  client.GrpcClientProtocolClient (GrpcClientProtocolClient.java:onNext(255)) - client-CEF4D3493DC0->4ee04582-2825-4055-a051-0465d62eb5ca: receive RaftClientReply:client-CEF4D3493DC0->4ee04582-2825-4055-a051-0465d62eb5ca@group-78E0FE5F723E, cid=1980, SUCCESS, logIndex=2947, commits[4ee04582-2825-4055-a051-0465d62eb5ca:c2949, 97f5b9f0-d9ef-40b5-ba79-7414923e623f:c2945, 7d686585-d831-45bc-93fc-0a553b604b0e:c2943]
2019-07-08 23:05:02,255 INFO  client.GrpcClientProtocolClient (GrpcClientProtocolClient.java:onNext(255)) - client-CEF4D3493DC0->4ee04582-2825-4055-a051-0465d62eb5ca: receive RaftClientReply:client-CEF4D3493DC0->4ee04582-2825-4055-a051-0465d62eb5ca@group-78E0FE5F723E, cid=1981, SUCCESS, logIndex=0, commits[4ee04582-2825-4055-a051-0465d62eb5ca:c2949, 97f5b9f0-d9ef-40b5-ba79-7414923e623f:c2945, 7d686585-d831-45bc-93fc-0a553b604b0e:c2945]
2019-07-08 23:05:02,268 INFO  client.GrpcClientProtocolClient (GrpcClientProtocolClient.java:onNext(255)) - client-CEF4D3493DC0->4ee04582-2825-4055-a051-0465d62eb5ca: receive RaftClientReply:client-CEF4D3493DC0->4ee04582-2825-4055-a051-0465d62eb5ca@group-78E0FE5F723E, cid=1982, SUCCESS, logIndex=2952, commits[4ee04582-2825-4055-a051-0465d62eb5ca:c2953, 97f5b9f0-d9ef-40b5-ba79-7414923e623f:c2951, 7d686585-d831-45bc-93fc-0a553b604b0e:c2947]
2019-07-08 23:05:02,269 INFO  client.GrpcClientProtocolClient (GrpcClientProtocolClient.java:onNext(255)) - client-CEF4D3493DC0->4ee04582-2825-4055-a051-0465d62eb5ca: receive RaftClientReply:client-CEF4D3493DC0->4ee04582-2825-4055-a051-0465d62eb5ca@group-78E0FE5F723E, cid=1983, SUCCESS, logIndex=2953, commits[4ee04582-2825-4055-a051-0465d62eb5ca:c2953, 97f5b9f0-d9ef-40b5-ba79-7414923e623f:c2951, 7d686585-d831-45bc-93fc-0a553b604b0e:c2951]
2019-07-08 23:05:02,281 INFO  client.GrpcClientProtocolClient (GrpcClientProtocolClient.java:onNext(255)) - client-CEF4D3493DC0->4ee04582-2825-4055-a051-0465d62eb5ca: receive RaftClientReply:client-CEF4D3493DC0->4ee04582-2825-4055-a051-0465d62eb5ca@group-78E0FE5F723E, cid=1984, SUCCESS, logIndex=2956, commits[4ee04582-2825-4055-a051-0465d62eb5ca:c2957, 97f5b9f0-d9ef-40b5-ba79-7414923e623f:c2955, 7d686585-d831-45bc-93fc-0a553b604b0e:c2953]
2019-07-08 23:05:02,281 INFO  client.GrpcClientProtocolClient (GrpcClientProtocolClient.java:onNext(255)) - client-CEF4D3493DC0->4ee04582-2825-4055-a051-0465d62eb5ca: receive RaftClientReply:client-CEF4D3493DC0->4ee04582-2825-4055-a051-0465d62eb5ca@group-78E0FE5F723E, cid=1985, SUCCESS, logIndex=2957, commits[4ee04582-2825-4055-a051-0465d62eb5ca:c2957, 97f5b9f0-d9ef-40b5-ba79-7414923e623f:c2955, 7d686585-d831-45bc-93fc-0a553b604b0e:c2953]
2019-07-08 23:05:02,285 INFO  client.GrpcClientProtocolClient (GrpcClientProtocolClient.java:onNext(255)) - client-CEF4D3493DC0->4ee04582-2825-4055-a051-0465d62eb5ca: receive RaftClientReply:client-CEF4D3493DC0->4ee04582-2825-4055-a051-0465d62eb5ca@group-78E0FE5F723E, cid=1986, SUCCESS, logIndex=0, commits[4ee04582-2825-4055-a051-0465d62eb5ca:c2958, 97f5b9f0-d9ef-40b5-ba79-7414923e623f:c2957, 7d686585-d831-45bc-93fc-0a553b604b0e:c2957]
2019-07-08 23:05:02,317 INFO  client.GrpcClientProtocolClient (GrpcClientProtocolClient.java:onNext(255)) - client-CEF4D3493DC0->4ee04582-2825-4055-a051-0465d62eb5ca: receive RaftClientReply:client-CEF4D3493DC0->4ee04582-2825-4055-a051-0465d62eb5ca@group-78E0FE5F723E, cid=1987, SUCCESS, logIndex=2960, commits[4ee04582-2825-4055-a051-0465d62eb5ca:c2963, 97f5b9f0-d9ef-40b5-ba79-7414923e623f:c2959, 7d686585-d831-45bc-93fc-0a553b604b0e:c2959]
2019-07-08 23:05:02,318 INFO  client.GrpcClientProtocolClient (GrpcClientProtocolClient.java:onNext(255)) - client-CEF4D3493DC0->4ee04582-2825-4055-a051-0465d62eb5ca: receive RaftClientReply:client-CEF4D3493DC0->4ee04582-2825-4055-a051-0465d62eb5ca@group-78E0FE5F723E, cid=1988, SUCCESS, logIndex=2961, commits[4ee04582-2825-4055-a051-0465d62eb5ca:c2963, 97f5b9f0-d9ef-40b5-ba79-7414923e623f:c2959, 7d686585-d831-45bc-93fc-0a553b604b0e:c2959]
2019-07-08 23:05:02,318 INFO  client.GrpcClientProtocolClient (GrpcClientProtocolClient.java:onNext(255)) - client-CEF4D3493DC0->4ee04582-2825-4055-a051-0465d62eb5ca: receive RaftClientReply:client-CEF4D3493DC0->4ee04582-2825-4055-a051-0465d62eb5ca@group-78E0FE5F723E, cid=1989, SUCCESS, logIndex=2962, commits[4ee04582-2825-4055-a051-0465d62eb5ca:c2963, 97f5b9f0-d9ef-40b5-ba79-7414923e623f:c2959, 7d686585-d831-45bc-93fc-0a553b604b0e:c2959]
2019-07-08 23:05:02,319 INFO  client.GrpcClientProtocolClient (GrpcClientProtocolClient.java:onNext(255)) - client-CEF4D3493DC0->4ee04582-2825-4055-a051-0465d62eb5ca: receive RaftClientReply:client-CEF4D3493DC0->4ee04582-2825-4055-a051-0465d62eb5ca@group-78E0FE5F723E, cid=1990, SUCCESS, logIndex=2963, commits[4ee04582-2825-4055-a051-0465d62eb5ca:c2963, 97f5b9f0-d9ef-40b5-ba79-7414923e623f:c2959, 7d686585-d831-45bc-93fc-0a553b604b0e:c2959]
2019-07-08 23:05:02,320 INFO  client.GrpcClientProtocolClient (GrpcClientProtocolClient.java:onNext(255)) - client-CEF4D3493DC0->4ee04582-2825-4055-a051-0465d62eb5ca: receive RaftClientReply:client-CEF4D3493DC0->4ee04582-2825-4055-a051-0465d62eb5ca@group-78E0FE5F723E, cid=1991, SUCCESS, logIndex=0, commits[4ee04582-2825-4055-a051-0465d62eb5ca:c2964, 97f5b9f0-d9ef-40b5-ba79-7414923e623f:c2961, 7d686585-d831-45bc-93fc-0a553b604b0e:c2961]
2019-07-08 23:05:02,336 INFO  client.GrpcClientProtocolClient (GrpcClientProtocolClient.java:onNext(255)) - client-CEF4D3493DC0->4ee04582-2825-4055-a051-0465d62eb5ca: receive RaftClientReply:client-CEF4D3493DC0->4ee04582-2825-4055-a051-0465d62eb5ca@group-78E0FE5F723E, cid=1992, SUCCESS, logIndex=2968, commits[4ee04582-2825-4055-a051-0465d62eb5ca:c2969, 97f5b9f0-d9ef-40b5-ba79-7414923e623f:c2967, 7d686585-d831-45bc-93fc-0a553b604b0e:c2967]
2019-07-08 23:05:02,336 INFO  client.GrpcClientProtocolClient (GrpcClientProtocolClient.java:onNext(255)) - client-CEF4D3493DC0->4ee04582-2825-4055-a051-0465d62eb5ca: receive RaftClientReply:client-CEF4D3493DC0->4ee04582-2825-4055-a051-0465d62eb5ca@group-78E0FE5F723E, cid=1993, SUCCESS, logIndex=2969, commits[4ee04582-2825-4055-a051-0465d62eb5ca:c2969, 97f5b9f0-d9ef-40b5-ba79-7414923e623f:c2967, 7d686585-d831-45bc-93fc-0a553b604b0e:c2967]
2019-07-08 23:05:02,350 INFO  client.GrpcClientProtocolClient (GrpcClientProtocolClient.java:onNext(255)) - client-CEF4D3493DC0->4ee04582-2825-4055-a051-0465d62eb5ca: receive RaftClientReply:client-CEF4D3493DC0->4ee04582-2825-4055-a051-0465d62eb5ca@group-78E0FE5F723E, cid=1994, SUCCESS, logIndex=2972, commits[4ee04582-2825-4055-a051-0465d62eb5ca:c2973, 97f5b9f0-d9ef-40b5-ba79-7414923e623f:c2971, 7d686585-d831-45bc-93fc-0a553b604b0e:c2969]
2019-07-08 23:05:02,350 INFO  client.GrpcClientProtocolClient (GrpcClientProtocolClient.java:onNext(255)) - client-CEF4D3493DC0->4ee04582-2825-4055-a051-0465d62eb5ca: receive RaftClientReply:client-CEF4D3493DC0->4ee04582-2825-4055-a051-0465d62eb5ca@group-78E0FE5F723E, cid=1995, SUCCESS, logIndex=2973, commits[4ee04582-2825-4055-a051-0465d62eb5ca:c2973, 97f5b9f0-d9ef-40b5-ba79-7414923e623f:c2971, 7d686585-d831-45bc-93fc-0a553b604b0e:c2969]
2019-07-08 23:05:02,354 INFO  client.GrpcClientProtocolClient (GrpcClientProtocolClient.java:onNext(255)) - client-CEF4D3493DC0->4ee04582-2825-4055-a051-0465d62eb5ca: receive RaftClientReply:client-CEF4D3493DC0->4ee04582-2825-4055-a051-0465d62eb5ca@group-78E0FE5F723E, cid=1996, SUCCESS, logIndex=0, commits[4ee04582-2825-4055-a051-0465d62eb5ca:c2974, 97f5b9f0-d9ef-40b5-ba79-7414923e623f:c2973, 7d686585-d831-45bc-93fc-0a553b604b0e:c2973]
2019-07-08 23:05:02,381 INFO  client.GrpcClientProtocolClient (GrpcClientProtocolClient.java:onNext(255)) - client-CEF4D3493DC0->4ee04582-2825-4055-a051-0465d62eb5ca: receive RaftClientReply:client-CEF4D3493DC0->4ee04582-2825-4055-a051-0465d62eb5ca@group-78E0FE5F723E, cid=1997, SUCCESS, logIndex=2976, commits[4ee04582-2825-4055-a051-0465d62eb5ca:c2979, 97f5b9f0-d9ef-40b5-ba79-7414923e623f:c2975, 7d686585-d831-45bc-93fc-0a553b604b0e:c2975]
2019-07-08 23:05:02,381 INFO  client.GrpcClientProtocolClient (GrpcClientProtocolClient.java:onNext(255)) - client-CEF4D3493DC0->4ee04582-2825-4055-a051-0465d62eb5ca: receive RaftClientReply:client-CEF4D3493DC0->4ee04582-2825-4055-a051-0465d62eb5ca@group-78E0FE5F723E, cid=1998, SUCCESS, logIndex=2977, commits[4ee04582-2825-4055-a051-0465d62eb5ca:c2979, 97f5b9f0-d9ef-40b5-ba79-7414923e623f:c2975, 7d686585-d831-45bc-93fc-0a553b604b0e:c2975]
2019-07-08 23:05:02,382 INFO  client.GrpcClientProtocolClient (GrpcClientProtocolClient.java:onNext(255)) - client-CEF4D3493DC0->4ee04582-2825-4055-a051-0465d62eb5ca: receive RaftClientReply:client-CEF4D3493DC0->4ee04582-2825-4055-a051-0465d62eb5ca@group-78E0FE5F723E, cid=1999, SUCCESS, logIndex=2978, commits[4ee04582-2825-4055-a051-0465d62eb5ca:c2979, 97f5b9f0-d9ef-40b5-ba79-7414923e623f:c2975, 7d686585-d831-45bc-93fc-0a553b604b0e:c2975]
2019-07-08 23:05:02,382 INFO  client.GrpcClientProtocolClient (GrpcClientProtocolClient.java:onNext(255)) - client-CEF4D3493DC0->4ee04582-2825-4055-a051-0465d62eb5ca: receive RaftClientReply:client-CEF4D3493DC0->4ee04582-2825-4055-a051-0465d62eb5ca@group-78E0FE5F723E, cid=2000, SUCCESS, logIndex=2979, commits[4ee04582-2825-4055-a051-0465d62eb5ca:c2979, 97f5b9f0-d9ef-40b5-ba79-7414923e623f:c2975, 7d686585-d831-45bc-93fc-0a553b604b0e:c2975]
2019-07-08 23:05:02,384 INFO  client.GrpcClientProtocolClient (GrpcClientProtocolClient.java:onNext(255)) - client-CEF4D3493DC0->4ee04582-2825-4055-a051-0465d62eb5ca: receive RaftClientReply:client-CEF4D3493DC0->4ee04582-2825-4055-a051-0465d62eb5ca@group-78E0FE5F723E, cid=2001, SUCCESS, logIndex=0, commits[4ee04582-2825-4055-a051-0465d62eb5ca:c2980, 97f5b9f0-d9ef-40b5-ba79-7414923e623f:c2977, 7d686585-d831-45bc-93fc-0a553b604b0e:c2977]
2019-07-08 23:05:02,396 INFO  client.GrpcClientProtocolClient (GrpcClientProtocolClient.java:onNext(255)) - client-CEF4D3493DC0->4ee04582-2825-4055-a051-0465d62eb5ca: receive RaftClientReply:client-CEF4D3493DC0->4ee04582-2825-4055-a051-0465d62eb5ca@group-78E0FE5F723E, cid=2002, SUCCESS, logIndex=2984, commits[4ee04582-2825-4055-a051-0465d62eb5ca:c2985, 97f5b9f0-d9ef-40b5-ba79-7414923e623f:c2979, 7d686585-d831-45bc-93fc-0a553b604b0e:c2983]
2019-07-08 23:05:02,397 INFO  client.GrpcClientProtocolClient (GrpcClientProtocolClient.java:onNext(255)) - client-CEF4D3493DC0->4ee04582-2825-4055-a051-0465d62eb5ca: receive RaftClientReply:client-CEF4D3493DC0->4ee04582-2825-4055-a051-0465d62eb5ca@group-78E0FE5F723E, cid=2003, SUCCESS, logIndex=2985, commits[4ee04582-2825-4055-a051-0465d62eb5ca:c2985, 97f5b9f0-d9ef-40b5-ba79-7414923e623f:c2983, 7d686585-d831-45bc-93fc-0a553b604b0e:c2983]
2019-07-08 23:05:02,409 INFO  client.GrpcClientProtocolClient (GrpcClientProtocolClient.java:onNext(255)) - client-CEF4D3493DC0->4ee04582-2825-4055-a051-0465d62eb5ca: receive RaftClientReply:client-CEF4D3493DC0->4ee04582-2825-4055-a051-0465d62eb5ca@group-78E0FE5F723E, cid=2004, SUCCESS, logIndex=2988, commits[4ee04582-2825-4055-a051-0465d62eb5ca:c2989, 97f5b9f0-d9ef-40b5-ba79-7414923e623f:c2987, 7d686585-d831-45bc-93fc-0a553b604b0e:c2985]
2019-07-08 23:05:02,410 INFO  client.GrpcClientProtocolClient (GrpcClientProtocolClient.java:onNext(255)) - client-CEF4D3493DC0->4ee04582-2825-4055-a051-0465d62eb5ca: receive RaftClientReply:client-CEF4D3493DC0->4ee04582-2825-4055-a051-0465d62eb5ca@group-78E0FE5F723E, cid=2005, SUCCESS, logIndex=2989, commits[4ee04582-2825-4055-a051-0465d62eb5ca:c2989, 97f5b9f0-d9ef-40b5-ba79-7414923e623f:c2987, 7d686585-d831-45bc-93fc-0a553b604b0e:c2987]
2019-07-08 23:05:02,414 INFO  client.GrpcClientProtocolClient (GrpcClientProtocolClient.java:onNext(255)) - client-CEF4D3493DC0->4ee04582-2825-4055-a051-0465d62eb5ca: receive RaftClientReply:client-CEF4D3493DC0->4ee04582-2825-4055-a051-0465d62eb5ca@group-78E0FE5F723E, cid=2006, SUCCESS, logIndex=0, commits[4ee04582-2825-4055-a051-0465d62eb5ca:c2991, 97f5b9f0-d9ef-40b5-ba79-7414923e623f:c2989, 7d686585-d831-45bc-93fc-0a553b604b0e:c2989]
2019-07-08 23:05:02,437 INFO  client.GrpcClientProtocolClient (GrpcClientProtocolClient.java:onNext(255)) - client-CEF4D3493DC0->4ee04582-2825-4055-a051-0465d62eb5ca: receive RaftClientReply:client-CEF4D3493DC0->4ee04582-2825-4055-a051-0465d62eb5ca@group-78E0FE5F723E, cid=2007, SUCCESS, logIndex=2992, commits[4ee04582-2825-4055-a051-0465d62eb5ca:c2993, 97f5b9f0-d9ef-40b5-ba79-7414923e623f:c2989, 7d686585-d831-45bc-93fc-0a553b604b0e:c2991]
2019-07-08 23:05:02,438 INFO  client.GrpcClientProtocolClient (GrpcClientProtocolClient.java:onNext(255)) - client-CEF4D3493DC0->4ee04582-2825-4055-a051-0465d62eb5ca: receive RaftClientReply:client-CEF4D3493DC0->4ee04582-2825-4055-a051-0465d62eb5ca@group-78E0FE5F723E, cid=2008, SUCCESS, logIndex=2993, commits[4ee04582-2825-4055-a051-0465d62eb5ca:c2993, 97f5b9f0-d9ef-40b5-ba79-7414923e623f:c2989, 7d686585-d831-45bc-93fc-0a553b604b0e:c2991]
2019-07-08 23:05:02,439 INFO  client.GrpcClientProtocolClient (GrpcClientProtocolClient.java:onNext(255)) - client-CEF4D3493DC0->4ee04582-2825-4055-a051-0465d62eb5ca: receive RaftClientReply:client-CEF4D3493DC0->4ee04582-2825-4055-a051-0465d62eb5ca@group-78E0FE5F723E, cid=2009, SUCCESS, logIndex=2994, commits[4ee04582-2825-4055-a051-0465d62eb5ca:c2995, 97f5b9f0-d9ef-40b5-ba79-7414923e623f:c2991, 7d686585-d831-45bc-93fc-0a553b604b0e:c2991]
2019-07-08 23:05:02,439 INFO  client.GrpcClientProtocolClient (GrpcClientProtocolClient.java:onNext(255)) - client-CEF4D3493DC0->4ee04582-2825-4055-a051-0465d62eb5ca: receive RaftClientReply:client-CEF4D3493DC0->4ee04582-2825-4055-a051-0465d62eb5ca@group-78E0FE5F723E, cid=2010, SUCCESS, logIndex=2995, commits[4ee04582-2825-4055-a051-0465d62eb5ca:c2995, 97f5b9f0-d9ef-40b5-ba79-7414923e623f:c2991, 7d686585-d831-45bc-93fc-0a553b604b0e:c2991]
2019-07-08 23:05:02,442 INFO  client.GrpcClientProtocolClient (GrpcClientProtocolClient.java:onNext(255)) - client-CEF4D3493DC0->4ee04582-2825-4055-a051-0465d62eb5ca: receive RaftClientReply:client-CEF4D3493DC0->4ee04582-2825-4055-a051-0465d62eb5ca@group-78E0FE5F723E, cid=2011, SUCCESS, logIndex=0, commits[4ee04582-2825-4055-a051-0465d62eb5ca:c2997, 97f5b9f0-d9ef-40b5-ba79-7414923e623f:c2993, 7d686585-d831-45bc-93fc-0a553b604b0e:c2993]
2019-07-08 23:05:02,454 INFO  client.GrpcClientProtocolClient (GrpcClientProtocolClient.java:onNext(255)) - client-CEF4D3493DC0->4ee04582-2825-4055-a051-0465d62eb5ca: receive RaftClientReply:client-CEF4D3493DC0->4ee04582-2825-4055-a051-0465d62eb5ca@group-78E0FE5F723E, cid=2012, SUCCESS, logIndex=3000, commits[4ee04582-2825-4055-a051-0465d62eb5ca:c3001, 97f5b9f0-d9ef-40b5-ba79-7414923e623f:c2999, 7d686585-d831-45bc-93fc-0a553b604b0e:c2999]
2019-07-08 23:05:02,455 INFO  client.GrpcClientProtocolClient (GrpcClientProtocolClient.java:onNext(255)) - client-CEF4D3493DC0->4ee04582-2825-4055-a051-0465d62eb5ca: receive RaftClientReply:client-CEF4D3493DC0->4ee04582-2825-4055-a051-0465d62eb5ca@group-78E0FE5F723E, cid=2013, SUCCESS, logIndex=3001, commits[4ee04582-2825-4055-a051-0465d62eb5ca:c3001, 97f5b9f0-d9ef-40b5-ba79-7414923e623f:c2999, 7d686585-d831-45bc-93fc-0a553b604b0e:c2999]
2019-07-08 23:05:02,476 INFO  client.GrpcClientProtocolClient (GrpcClientProtocolClient.java:onNext(255)) - client-CEF4D3493DC0->4ee04582-2825-4055-a051-0465d62eb5ca: receive RaftClientReply:client-CEF4D3493DC0->4ee04582-2825-4055-a051-0465d62eb5ca@group-78E0FE5F723E, cid=2014, SUCCESS, logIndex=3004, commits[4ee04582-2825-4055-a051-0465d62eb5ca:c3005, 97f5b9f0-d9ef-40b5-ba79-7414923e623f:c3002, 7d686585-d831-45bc-93fc-0a553b604b0e:c3001]
2019-07-08 23:05:02,476 INFO  client.GrpcClientProtocolClient (GrpcClientProtocolClient.java:onNext(255)) - client-CEF4D3493DC0->4ee04582-2825-4055-a051-0465d62eb5ca: receive RaftClientReply:client-CEF4D3493DC0->4ee04582-2825-4055-a051-0465d62eb5ca@group-78E0FE5F723E, cid=2015, SUCCESS, logIndex=3005, commits[4ee04582-2825-4055-a051-0465d62eb5ca:c3005, 97f5b9f0-d9ef-40b5-ba79-7414923e623f:c3002, 7d686585-d831-45bc-93fc-0a553b604b0e:c3002]
2019-07-08 23:05:02,477 INFO  client.GrpcClientProtocolClient (GrpcClientProtocolClient.java:onNext(255)) - client-CEF4D3493DC0->4ee04582-2825-4055-a051-0465d62eb5ca: receive RaftClientReply:client-CEF4D3493DC0->4ee04582-2825-4055-a051-0465d62eb5ca@group-78E0FE5F723E, cid=2016, SUCCESS, logIndex=0, commits[4ee04582-2825-4055-a051-0465d62eb5ca:c3006, 97f5b9f0-d9ef-40b5-ba79-7414923e623f:c3005, 7d686585-d831-45bc-93fc-0a553b604b0e:c3005]
2019-07-08 23:05:02,507 INFO  client.GrpcClientProtocolClient (GrpcClientProtocolClient.java:onNext(255)) - client-CEF4D3493DC0->4ee04582-2825-4055-a051-0465d62eb5ca: receive RaftClientReply:client-CEF4D3493DC0->4ee04582-2825-4055-a051-0465d62eb5ca@group-78E0FE5F723E, cid=2017, SUCCESS, logIndex=3008, commits[4ee04582-2825-4055-a051-0465d62eb5ca:c3009, 97f5b9f0-d9ef-40b5-ba79-7414923e623f:c3007, 7d686585-d831-45bc-93fc-0a553b604b0e:c3007]
2019-07-08 23:05:02,508 INFO  client.GrpcClientProtocolClient (GrpcClientProtocolClient.java:onNext(255)) - client-CEF4D3493DC0->4ee04582-2825-4055-a051-0465d62eb5ca: receive RaftClientReply:client-CEF4D3493DC0->4ee04582-2825-4055-a051-0465d62eb5ca@group-78E0FE5F723E, cid=2018, SUCCESS, logIndex=3009, commits[4ee04582-2825-4055-a051-0465d62eb5ca:c3011, 97f5b9f0-d9ef-40b5-ba79-7414923e623f:c3007, 7d686585-d831-45bc-93fc-0a553b604b0e:c3007]
2019-07-08 23:05:02,508 INFO  client.GrpcClientProtocolClient (GrpcClientProtocolClient.java:onNext(255)) - client-CEF4D3493DC0->4ee04582-2825-4055-a051-0465d62eb5ca: receive RaftClientReply:client-CEF4D3493DC0->4ee04582-2825-4055-a051-0465d62eb5ca@group-78E0FE5F723E, cid=2019, SUCCESS, logIndex=3010, commits[4ee04582-2825-4055-a051-0465d62eb5ca:c3011, 97f5b9f0-d9ef-40b5-ba79-7414923e623f:c3007, 7d686585-d831-45bc-93fc-0a553b604b0e:c3007]
2019-07-08 23:05:02,509 INFO  client.GrpcClientProtocolClient (GrpcClientProtocolClient.java:onNext(255)) - client-CEF4D3493DC0->4ee04582-2825-4055-a051-0465d62eb5ca: receive RaftClientReply:client-CEF4D3493DC0->4ee04582-2825-4055-a051-0465d62eb5ca@group-78E0FE5F723E, cid=2020, SUCCESS, logIndex=3011, commits[4ee04582-2825-4055-a051-0465d62eb5ca:c3011, 97f5b9f0-d9ef-40b5-ba79-7414923e623f:c3007, 7d686585-d831-45bc-93fc-0a553b604b0e:c3007]
2019-07-08 23:05:02,514 INFO  client.GrpcClientProtocolClient (GrpcClientProtocolClient.java:onNext(255)) - client-CEF4D3493DC0->4ee04582-2825-4055-a051-0465d62eb5ca: receive RaftClientReply:client-CEF4D3493DC0->4ee04582-2825-4055-a051-0465d62eb5ca@group-78E0FE5F723E, cid=2021, SUCCESS, logIndex=0, commits[4ee04582-2825-4055-a051-0465d62eb5ca:c3015, 97f5b9f0-d9ef-40b5-ba79-7414923e623f:c3011, 7d686585-d831-45bc-93fc-0a553b604b0e:c3009]
2019-07-08 23:05:02,528 INFO  client.GrpcClientProtocolClient (GrpcClientProtocolClient.java:onNext(255)) - client-CEF4D3493DC0->4ee04582-2825-4055-a051-0465d62eb5ca: receive RaftClientReply:client-CEF4D3493DC0->4ee04582-2825-4055-a051-0465d62eb5ca@group-78E0FE5F723E, cid=2022, SUCCESS, logIndex=3016, commits[4ee04582-2825-4055-a051-0465d62eb5ca:c3017, 97f5b9f0-d9ef-40b5-ba79-7414923e623f:c3015, 7d686585-d831-45bc-93fc-0a553b604b0e:c3015]
2019-07-08 23:05:02,528 INFO  client.GrpcClientProtocolClient (GrpcClientProtocolClient.java:onNext(255)) - client-CEF4D3493DC0->4ee04582-2825-4055-a051-0465d62eb5ca: receive RaftClientReply:client-CEF4D3493DC0->4ee04582-2825-4055-a051-0465d62eb5ca@group-78E0FE5F723E, cid=2023, SUCCESS, logIndex=3017, commits[4ee04582-2825-4055-a051-0465d62eb5ca:c3017, 97f5b9f0-d9ef-40b5-ba79-7414923e623f:c3015, 7d686585-d831-45bc-93fc-0a553b604b0e:c3015]
2019-07-08 23:05:02,549 INFO  client.GrpcClientProtocolClient (GrpcClientProtocolClient.java:onNext(255)) - client-CEF4D3493DC0->4ee04582-2825-4055-a051-0465d62eb5ca: receive RaftClientReply:client-CEF4D3493DC0->4ee04582-2825-4055-a051-0465d62eb5ca@group-78E0FE5F723E, cid=2024, SUCCESS, logIndex=3020, commits[4ee04582-2825-4055-a051-0465d62eb5ca:c3021, 97f5b9f0-d9ef-40b5-ba79-7414923e623f:c3019, 7d686585-d831-45bc-93fc-0a553b604b0e:c3019]
2019-07-08 23:05:02,550 INFO  client.GrpcClientProtocolClient (GrpcClientProtocolClient.java:onNext(255)) - client-CEF4D3493DC0->4ee04582-2825-4055-a051-0465d62eb5ca: receive RaftClientReply:client-CEF4D3493DC0->4ee04582-2825-4055-a051-0465d62eb5ca@group-78E0FE5F723E, cid=2025, SUCCESS, logIndex=3021, commits[4ee04582-2825-4055-a051-0465d62eb5ca:c3021, 97f5b9f0-d9ef-40b5-ba79-7414923e623f:c3019, 7d686585-d831-45bc-93fc-0a553b604b0e:c3019]
2019-07-08 23:05:02,556 INFO  client.GrpcClientProtocolClient (GrpcClientProtocolClient.java:onNext(255)) - client-CEF4D3493DC0->4ee04582-2825-4055-a051-0465d62eb5ca: receive RaftClientReply:client-CEF4D3493DC0->4ee04582-2825-4055-a051-0465d62eb5ca@group-78E0FE5F723E, cid=2026, SUCCESS, logIndex=0, commits[4ee04582-2825-4055-a051-0465d62eb5ca:c3023, 97f5b9f0-d9ef-40b5-ba79-7414923e623f:c3021, 7d686585-d831-45bc-93fc-0a553b604b0e:c3021]
2019-07-08 23:05:02,580 INFO  client.GrpcClientProtocolClient (GrpcClientProtocolClient.java:onNext(255)) - client-CEF4D3493DC0->4ee04582-2825-4055-a051-0465d62eb5ca: receive RaftClientReply:client-CEF4D3493DC0->4ee04582-2825-4055-a051-0465d62eb5ca@group-78E0FE5F723E, cid=2027, SUCCESS, logIndex=3024, commits[4ee04582-2825-4055-a051-0465d62eb5ca:c3025, 97f5b9f0-d9ef-40b5-ba79-7414923e623f:c3023, 7d686585-d831-45bc-93fc-0a553b604b0e:c3021]
2019-07-08 23:05:02,581 INFO  client.GrpcClientProtocolClient (GrpcClientProtocolClient.java:onNext(255)) - client-CEF4D3493DC0->4ee04582-2825-4055-a051-0465d62eb5ca: receive RaftClientReply:client-CEF4D3493DC0->4ee04582-2825-4055-a051-0465d62eb5ca@group-78E0FE5F723E, cid=2028, SUCCESS, logIndex=3025, commits[4ee04582-2825-4055-a051-0465d62eb5ca:c3025, 97f5b9f0-d9ef-40b5-ba79-7414923e623f:c3023, 7d686585-d831-45bc-93fc-0a553b604b0e:c3021]
2019-07-08 23:05:02,584 INFO  client.GrpcClientProtocolClient (GrpcClientProtocolClient.java:onNext(255)) - client-CEF4D3493DC0->4ee04582-2825-4055-a051-0465d62eb5ca: receive RaftClientReply:client-CEF4D3493DC0->4ee04582-2825-4055-a051-0465d62eb5ca@group-78E0FE5F723E, cid=2029, SUCCESS, logIndex=3026, commits[4ee04582-2825-4055-a051-0465d62eb5ca:c3029, 97f5b9f0-d9ef-40b5-ba79-7414923e623f:c3025, 7d686585-d831-45bc-93fc-0a553b604b0e:c3021]
2019-07-08 23:05:02,585 INFO  client.GrpcClientProtocolClient (GrpcClientProtocolClient.java:onNext(255)) - client-CEF4D3493DC0->4ee04582-2825-4055-a051-0465d62eb5ca: receive RaftClientReply:client-CEF4D3493DC0->4ee04582-2825-4055-a051-0465d62eb5ca@group-78E0FE5F723E, cid=2030, SUCCESS, logIndex=3027, commits[4ee04582-2825-4055-a051-0465d62eb5ca:c3029, 97f5b9f0-d9ef-40b5-ba79-7414923e623f:c3025, 7d686585-d831-45bc-93fc-0a553b604b0e:c3021]
2019-07-08 23:05:02,586 INFO  client.GrpcClientProtocolClient (GrpcClientProtocolClient.java:onNext(255)) - client-CEF4D3493DC0->4ee04582-2825-4055-a051-0465d62eb5ca: receive RaftClientReply:client-CEF4D3493DC0->4ee04582-2825-4055-a051-0465d62eb5ca@group-78E0FE5F723E, cid=2031, SUCCESS, logIndex=0, commits[4ee04582-2825-4055-a051-0465d62eb5ca:c3029, 97f5b9f0-d9ef-40b5-ba79-7414923e623f:c3025, 7d686585-d831-45bc-93fc-0a553b604b0e:c3025]
2019-07-08 23:05:02,710 INFO  client.GrpcClientProtocolClient (GrpcClientProtocolClient.java:onNext(255)) - client-CEF4D3493DC0->4ee04582-2825-4055-a051-0465d62eb5ca: receive RaftClientReply:client-CEF4D3493DC0->4ee04582-2825-4055-a051-0465d62eb5ca@group-78E0FE5F723E, cid=2032, SUCCESS, logIndex=3032, commits[4ee04582-2825-4055-a051-0465d62eb5ca:c3033, 97f5b9f0-d9ef-40b5-ba79-7414923e623f:c3031, 7d686585-d831-45bc-93fc-0a553b604b0e:c3031]
2019-07-08 23:05:02,710 INFO  client.GrpcClientProtocolClient (GrpcClientProtocolClient.java:onNext(255)) - client-CEF4D3493DC0->4ee04582-2825-4055-a051-0465d62eb5ca: receive RaftClientReply:client-CEF4D3493DC0->4ee04582-2825-4055-a051-0465d62eb5ca@group-78E0FE5F723E, cid=2033, SUCCESS, logIndex=3033, commits[4ee04582-2825-4055-a051-0465d62eb5ca:c3033, 97f5b9f0-d9ef-40b5-ba79-7414923e623f:c3031, 7d686585-d831-45bc-93fc-0a553b604b0e:c3031]
2019-07-08 23:05:02,724 INFO  client.GrpcClientProtocolClient (GrpcClientProtocolClient.java:onNext(255)) - client-CEF4D3493DC0->4ee04582-2825-4055-a051-0465d62eb5ca: receive RaftClientReply:client-CEF4D3493DC0->4ee04582-2825-4055-a051-0465d62eb5ca@group-78E0FE5F723E, cid=2034, SUCCESS, logIndex=3036, commits[4ee04582-2825-4055-a051-0465d62eb5ca:c3037, 97f5b9f0-d9ef-40b5-ba79-7414923e623f:c3035, 7d686585-d831-45bc-93fc-0a553b604b0e:c3033]
2019-07-08 23:05:02,725 INFO  client.GrpcClientProtocolClient (GrpcClientProtocolClient.java:onNext(255)) - client-CEF4D3493DC0->4ee04582-2825-4055-a051-0465d62eb5ca: receive RaftClientReply:client-CEF4D3493DC0->4ee04582-2825-4055-a051-0465d62eb5ca@group-78E0FE5F723E, cid=2035, SUCCESS, logIndex=3037, commits[4ee04582-2825-4055-a051-0465d62eb5ca:c3037, 97f5b9f0-d9ef-40b5-ba79-7414923e623f:c3035, 7d686585-d831-45bc-93fc-0a553b604b0e:c3035]
2019-07-08 23:05:02,726 INFO  client.GrpcClientProtocolClient (GrpcClientProtocolClient.java:onNext(255)) - client-CEF4D3493DC0->4ee04582-2825-4055-a051-0465d62eb5ca: receive RaftClientReply:client-CEF4D3493DC0->4ee04582-2825-4055-a051-0465d62eb5ca@group-78E0FE5F723E, cid=2036, SUCCESS, logIndex=0, commits[4ee04582-2825-4055-a051-0465d62eb5ca:c3038, 97f5b9f0-d9ef-40b5-ba79-7414923e623f:c3037, 7d686585-d831-45bc-93fc-0a553b604b0e:c3037]
2019-07-08 23:05:02,753 INFO  client.GrpcClientProtocolClient (GrpcClientProtocolClient.java:onNext(255)) - client-CEF4D3493DC0->4ee04582-2825-4055-a051-0465d62eb5ca: receive RaftClientReply:client-CEF4D3493DC0->4ee04582-2825-4055-a051-0465d62eb5ca@group-78E0FE5F723E, cid=2037, SUCCESS, logIndex=3040, commits[4ee04582-2825-4055-a051-0465d62eb5ca:c3043, 97f5b9f0-d9ef-40b5-ba79-7414923e623f:c3037, 7d686585-d831-45bc-93fc-0a553b604b0e:c3039]
2019-07-08 23:05:02,753 INFO  client.GrpcClientProtocolClient (GrpcClientProtocolClient.java:onNext(255)) - client-CEF4D3493DC0->4ee04582-2825-4055-a051-0465d62eb5ca: receive RaftClientReply:client-CEF4D3493DC0->4ee04582-2825-4055-a051-0465d62eb5ca@group-78E0FE5F723E, cid=2038, SUCCESS, logIndex=3041, commits[4ee04582-2825-4055-a051-0465d62eb5ca:c3043, 97f5b9f0-d9ef-40b5-ba79-7414923e623f:c3039, 7d686585-d831-45bc-93fc-0a553b604b0e:c3039]
2019-07-08 23:05:02,754 INFO  client.GrpcClientProtocolClient (GrpcClientProtocolClient.java:onNext(255)) - client-CEF4D3493DC0->4ee04582-2825-4055-a051-0465d62eb5ca: receive RaftClientReply:client-CEF4D3493DC0->4ee04582-2825-4055-a051-0465d62eb5ca@group-78E0FE5F723E, cid=2039, SUCCESS, logIndex=3042, commits[4ee04582-2825-4055-a051-0465d62eb5ca:c3043, 97f5b9f0-d9ef-40b5-ba79-7414923e623f:c3039, 7d686585-d831-45bc-93fc-0a553b604b0e:c3039]
2019-07-08 23:05:02,754 INFO  client.GrpcClientProtocolClient (GrpcClientProtocolClient.java:onNext(255)) - client-CEF4D3493DC0->4ee04582-2825-4055-a051-0465d62eb5ca: receive RaftClientReply:client-CEF4D3493DC0->4ee04582-2825-4055-a051-0465d62eb5ca@group-78E0FE5F723E, cid=2040, SUCCESS, logIndex=3043, commits[4ee04582-2825-4055-a051-0465d62eb5ca:c3043, 97f5b9f0-d9ef-40b5-ba79-7414923e623f:c3039, 7d686585-d831-45bc-93fc-0a553b604b0e:c3039]
2019-07-08 23:05:02,756 INFO  client.GrpcClientProtocolClient (GrpcClientProtocolClient.java:onNext(255)) - client-CEF4D3493DC0->4ee04582-2825-4055-a051-0465d62eb5ca: receive RaftClientReply:client-CEF4D3493DC0->4ee04582-2825-4055-a051-0465d62eb5ca@group-78E0FE5F723E, cid=2041, SUCCESS, logIndex=0, commits[4ee04582-2825-4055-a051-0465d62eb5ca:c3044, 97f5b9f0-d9ef-40b5-ba79-7414923e623f:c3041, 7d686585-d831-45bc-93fc-0a553b604b0e:c3041]
2019-07-08 23:05:02,772 INFO  client.GrpcClientProtocolClient (GrpcClientProtocolClient.java:onNext(255)) - client-CEF4D3493DC0->4ee04582-2825-4055-a051-0465d62eb5ca: receive RaftClientReply:client-CEF4D3493DC0->4ee04582-2825-4055-a051-0465d62eb5ca@group-78E0FE5F723E, cid=2042, SUCCESS, logIndex=3048, commits[4ee04582-2825-4055-a051-0465d62eb5ca:c3049, 97f5b9f0-d9ef-40b5-ba79-7414923e623f:c3047, 7d686585-d831-45bc-93fc-0a553b604b0e:c3047]
2019-07-08 23:05:02,772 INFO  client.GrpcClientProtocolClient (GrpcClientProtocolClient.java:onNext(255)) - client-CEF4D3493DC0->4ee04582-2825-4055-a051-0465d62eb5ca: receive RaftClientReply:client-CEF4D3493DC0->4ee04582-2825-4055-a051-0465d62eb5ca@group-78E0FE5F723E, cid=2043, SUCCESS, logIndex=3049, commits[4ee04582-2825-4055-a051-0465d62eb5ca:c3049, 97f5b9f0-d9ef-40b5-ba79-7414923e623f:c3047, 7d686585-d831-45bc-93fc-0a553b604b0e:c3047]
2019-07-08 23:05:02,839 INFO  client.GrpcClientProtocolClient (GrpcClientProtocolClient.java:onNext(255)) - client-CEF4D3493DC0->4ee04582-2825-4055-a051-0465d62eb5ca: receive RaftClientReply:client-CEF4D3493DC0->4ee04582-2825-4055-a051-0465d62eb5ca@group-78E0FE5F723E, cid=2044, SUCCESS, logIndex=3052, commits[4ee04582-2825-4055-a051-0465d62eb5ca:c3053, 97f5b9f0-d9ef-40b5-ba79-7414923e623f:c3051, 7d686585-d831-45bc-93fc-0a553b604b0e:c3049]
2019-07-08 23:05:02,839 INFO  client.GrpcClientProtocolClient (GrpcClientProtocolClient.java:onNext(255)) - client-CEF4D3493DC0->4ee04582-2825-4055-a051-0465d62eb5ca: receive RaftClientReply:client-CEF4D3493DC0->4ee04582-2825-4055-a051-0465d62eb5ca@group-78E0FE5F723E, cid=2045, SUCCESS, logIndex=3053, commits[4ee04582-2825-4055-a051-0465d62eb5ca:c3053, 97f5b9f0-d9ef-40b5-ba79-7414923e623f:c3051, 7d686585-d831-45bc-93fc-0a553b604b0e:c3051]
2019-07-08 23:05:02,842 INFO  client.GrpcClientProtocolClient (GrpcClientProtocolClient.java:onNext(255)) - client-CEF4D3493DC0->4ee04582-2825-4055-a051-0465d62eb5ca: receive RaftClientReply:client-CEF4D3493DC0->4ee04582-2825-4055-a051-0465d62eb5ca@group-78E0FE5F723E, cid=2046, SUCCESS, logIndex=0, commits[4ee04582-2825-4055-a051-0465d62eb5ca:c3054, 97f5b9f0-d9ef-40b5-ba79-7414923e623f:c3053, 7d686585-d831-45bc-93fc-0a553b604b0e:c3053]
2019-07-08 23:05:02,866 INFO  client.GrpcClientProtocolClient (GrpcClientProtocolClient.java:onNext(255)) - client-CEF4D3493DC0->4ee04582-2825-4055-a051-0465d62eb5ca: receive RaftClientReply:client-CEF4D3493DC0->4ee04582-2825-4055-a051-0465d62eb5ca@group-78E0FE5F723E, cid=2047, SUCCESS, logIndex=3056, commits[4ee04582-2825-4055-a051-0465d62eb5ca:c3057, 97f5b9f0-d9ef-40b5-ba79-7414923e623f:c3055, 7d686585-d831-45bc-93fc-0a553b604b0e:c3053]
2019-07-08 23:05:02,866 INFO  client.GrpcClientProtocolClient (GrpcClientProtocolClient.java:onNext(255)) - client-CEF4D3493DC0->4ee04582-2825-4055-a051-0465d62eb5ca: receive RaftClientReply:client-CEF4D3493DC0->4ee04582-2825-4055-a051-0465d62eb5ca@group-78E0FE5F723E, cid=2048, SUCCESS, logIndex=3057, commits[4ee04582-2825-4055-a051-0465d62eb5ca:c3057, 97f5b9f0-d9ef-40b5-ba79-7414923e623f:c3055, 7d686585-d831-45bc-93fc-0a553b604b0e:c3053]
2019-07-08 23:05:02,869 INFO  client.GrpcClientProtocolClient (GrpcClientProtocolClient.java:onNext(255)) - client-CEF4D3493DC0->4ee04582-2825-4055-a051-0465d62eb5ca: receive RaftClientReply:client-CEF4D3493DC0->4ee04582-2825-4055-a051-0465d62eb5ca@group-78E0FE5F723E, cid=2049, SUCCESS, logIndex=3058, commits[4ee04582-2825-4055-a051-0465d62eb5ca:c3060, 97f5b9f0-d9ef-40b5-ba79-7414923e623f:c3056, 7d686585-d831-45bc-93fc-0a553b604b0e:c3055]
2019-07-08 23:05:02,870 INFO  client.GrpcClientProtocolClient (GrpcClientProtocolClient.java:onNext(255)) - client-CEF4D3493DC0->4ee04582-2825-4055-a051-0465d62eb5ca: receive RaftClientReply:client-CEF4D3493DC0->4ee04582-2825-4055-a051-0465d62eb5ca@group-78E0FE5F723E, cid=2050, SUCCESS, logIndex=3059, commits[4ee04582-2825-4055-a051-0465d62eb5ca:c3061, 97f5b9f0-d9ef-40b5-ba79-7414923e623f:c3057, 7d686585-d831-45bc-93fc-0a553b604b0e:c3055]
2019-07-08 23:05:02,871 INFO  client.GrpcClientProtocolClient (GrpcClientProtocolClient.java:onNext(255)) - client-CEF4D3493DC0->4ee04582-2825-4055-a051-0465d62eb5ca: receive RaftClientReply:client-CEF4D3493DC0->4ee04582-2825-4055-a051-0465d62eb5ca@group-78E0FE5F723E, cid=2051, SUCCESS, logIndex=0, commits[4ee04582-2825-4055-a051-0465d62eb5ca:c3062, 97f5b9f0-d9ef-40b5-ba79-7414923e623f:c3059, 7d686585-d831-45bc-93fc-0a553b604b0e:c3060]
2019-07-08 23:05:02,885 INFO  client.GrpcClientProtocolClient (GrpcClientProtocolClient.java:onNext(255)) - client-CEF4D3493DC0->4ee04582-2825-4055-a051-0465d62eb5ca: receive RaftClientReply:client-CEF4D3493DC0->4ee04582-2825-4055-a051-0465d62eb5ca@group-78E0FE5F723E, cid=2052, SUCCESS, logIndex=3064, commits[4ee04582-2825-4055-a051-0465d62eb5ca:c3065, 97f5b9f0-d9ef-40b5-ba79-7414923e623f:c3063, 7d686585-d831-45bc-93fc-0a553b604b0e:c3063]
2019-07-08 23:05:02,885 INFO  client.GrpcClientProtocolClient (GrpcClientProtocolClient.java:onNext(255)) - client-CEF4D3493DC0->4ee04582-2825-4055-a051-0465d62eb5ca: receive RaftClientReply:client-CEF4D3493DC0->4ee04582-2825-4055-a051-0465d62eb5ca@group-78E0FE5F723E, cid=2053, SUCCESS, logIndex=3065, commits[4ee04582-2825-4055-a051-0465d62eb5ca:c3065, 97f5b9f0-d9ef-40b5-ba79-7414923e623f:c3063, 7d686585-d831-45bc-93fc-0a553b604b0e:c3063]
 0.00% |█                                                                                                    |  0/1 Time: 0:00:122019-07-08 23:05:02,900 INFO  client.GrpcClientProtocolClient (GrpcClientProtocolClient.java:onNext(255)) - client-CEF4D3493DC0->4ee04582-2825-4055-a051-0465d62eb5ca: receive RaftClientReply:client-CEF4D3493DC0->4ee04582-2825-4055-a051-0465d62eb5ca@group-78E0FE5F723E, cid=2054, SUCCESS, logIndex=3068, commits[4ee04582-2825-4055-a051-0465d62eb5ca:c3069, 97f5b9f0-d9ef-40b5-ba79-7414923e623f:c3066, 7d686585-d831-45bc-93fc-0a553b604b0e:c3066]
2019-07-08 23:05:02,901 INFO  client.GrpcClientProtocolClient (GrpcClientProtocolClient.java:onNext(255)) - client-CEF4D3493DC0->4ee04582-2825-4055-a051-0465d62eb5ca: receive RaftClientReply:client-CEF4D3493DC0->4ee04582-2825-4055-a051-0465d62eb5ca@group-78E0FE5F723E, cid=2055, SUCCESS, logIndex=3069, commits[4ee04582-2825-4055-a051-0465d62eb5ca:c3069, 97f5b9f0-d9ef-40b5-ba79-7414923e623f:c3066, 7d686585-d831-45bc-93fc-0a553b604b0e:c3066]
2019-07-08 23:05:02,903 INFO  client.GrpcClientProtocolClient (GrpcClientProtocolClient.java:onNext(255)) - client-CEF4D3493DC0->4ee04582-2825-4055-a051-0465d62eb5ca: receive RaftClientReply:client-CEF4D3493DC0->4ee04582-2825-4055-a051-0465d62eb5ca@group-78E0FE5F723E, cid=2056, SUCCESS, logIndex=0, commits[4ee04582-2825-4055-a051-0465d62eb5ca:c3070, 97f5b9f0-d9ef-40b5-ba79-7414923e623f:c3069, 7d686585-d831-45bc-93fc-0a553b604b0e:c3069]
2019-07-08 23:05:02,925 INFO  client.GrpcClientProtocolClient (GrpcClientProtocolClient.java:onNext(255)) - client-CEF4D3493DC0->4ee04582-2825-4055-a051-0465d62eb5ca: receive RaftClientReply:client-CEF4D3493DC0->4ee04582-2825-4055-a051-0465d62eb5ca@group-78E0FE5F723E, cid=2057, SUCCESS, logIndex=3071, commits[4ee04582-2825-4055-a051-0465d62eb5ca:c3072, 97f5b9f0-d9ef-40b5-ba79-7414923e623f:c3070, 7d686585-d831-45bc-93fc-0a553b604b0e:c3070]
2019-07-08 23:05:02,925 INFO  client.GrpcClientProtocolClient (GrpcClientProtocolClient.java:onNext(255)) - client-CEF4D3493DC0->4ee04582-2825-4055-a051-0465d62eb5ca: receive RaftClientReply:client-CEF4D3493DC0->4ee04582-2825-4055-a051-0465d62eb5ca@group-78E0FE5F723E, cid=2058, SUCCESS, logIndex=3072, commits[4ee04582-2825-4055-a051-0465d62eb5ca:c3072, 97f5b9f0-d9ef-40b5-ba79-7414923e623f:c3070, 7d686585-d831-45bc-93fc-0a553b604b0e:c3070]
2019-07-08 23:05:02,927 INFO  client.GrpcClientProtocolClient (GrpcClientProtocolClient.java:onNext(255)) - client-CEF4D3493DC0->4ee04582-2825-4055-a051-0465d62eb5ca: receive RaftClientReply:client-CEF4D3493DC0->4ee04582-2825-4055-a051-0465d62eb5ca@group-78E0FE5F723E, cid=2059, SUCCESS, logIndex=3073, commits[4ee04582-2825-4055-a051-0465d62eb5ca:c3075, 97f5b9f0-d9ef-40b5-ba79-7414923e623f:c3072, 7d686585-d831-45bc-93fc-0a553b604b0e:c3070]
2019-07-08 23:05:02,927 INFO  client.GrpcClientProtocolClient (GrpcClientProtocolClient.java:onNext(255)) - client-CEF4D3493DC0->4ee04582-2825-4055-a051-0465d62eb5ca: receive RaftClientReply:client-CEF4D3493DC0->4ee04582-2825-4055-a051-0465d62eb5ca@group-78E0FE5F723E, cid=2060, SUCCESS, logIndex=3074, commits[4ee04582-2825-4055-a051-0465d62eb5ca:c3075, 97f5b9f0-d9ef-40b5-ba79-7414923e623f:c3072, 7d686585-d831-45bc-93fc-0a553b604b0e:c3070]
2019-07-08 23:05:02,928 INFO  client.GrpcClientProtocolClient (GrpcClientProtocolClient.java:onNext(255)) - client-CEF4D3493DC0->4ee04582-2825-4055-a051-0465d62eb5ca: receive RaftClientReply:client-CEF4D3493DC0->4ee04582-2825-4055-a051-0465d62eb5ca@group-78E0FE5F723E, cid=2061, SUCCESS, logIndex=0, commits[4ee04582-2825-4055-a051-0465d62eb5ca:c3076, 97f5b9f0-d9ef-40b5-ba79-7414923e623f:c3072, 7d686585-d831-45bc-93fc-0a553b604b0e:c3072]
2019-07-08 23:05:02,941 INFO  client.GrpcClientProtocolClient (GrpcClientProtocolClient.java:onNext(255)) - client-CEF4D3493DC0->4ee04582-2825-4055-a051-0465d62eb5ca: receive RaftClientReply:client-CEF4D3493DC0->4ee04582-2825-4055-a051-0465d62eb5ca@group-78E0FE5F723E, cid=2062, SUCCESS, logIndex=3079, commits[4ee04582-2825-4055-a051-0465d62eb5ca:c3080, 97f5b9f0-d9ef-40b5-ba79-7414923e623f:c3078, 7d686585-d831-45bc-93fc-0a553b604b0e:c3075]
2019-07-08 23:05:02,941 INFO  client.GrpcClientProtocolClient (GrpcClientProtocolClient.java:onNext(255)) - client-CEF4D3493DC0->4ee04582-2825-4055-a051-0465d62eb5ca: receive RaftClientReply:client-CEF4D3493DC0->4ee04582-2825-4055-a051-0465d62eb5ca@group-78E0FE5F723E, cid=2063, SUCCESS, logIndex=3080, commits[4ee04582-2825-4055-a051-0465d62eb5ca:c3080, 97f5b9f0-d9ef-40b5-ba79-7414923e623f:c3078, 7d686585-d831-45bc-93fc-0a553b604b0e:c3078]
2019-07-08 23:05:02,952 INFO  client.GrpcClientProtocolClient (GrpcClientProtocolClient.java:onNext(255)) - client-CEF4D3493DC0->4ee04582-2825-4055-a051-0465d62eb5ca: receive RaftClientReply:client-CEF4D3493DC0->4ee04582-2825-4055-a051-0465d62eb5ca@group-78E0FE5F723E, cid=2064, SUCCESS, logIndex=3083, commits[4ee04582-2825-4055-a051-0465d62eb5ca:c3084, 97f5b9f0-d9ef-40b5-ba79-7414923e623f:c3081, 7d686585-d831-45bc-93fc-0a553b604b0e:c3081]
2019-07-08 23:05:02,953 INFO  client.GrpcClientProtocolClient (GrpcClientProtocolClient.java:onNext(255)) - client-CEF4D3493DC0->4ee04582-2825-4055-a051-0465d62eb5ca: receive RaftClientReply:client-CEF4D3493DC0->4ee04582-2825-4055-a051-0465d62eb5ca@group-78E0FE5F723E, cid=2065, SUCCESS, logIndex=3084, commits[4ee04582-2825-4055-a051-0465d62eb5ca:c3084, 97f5b9f0-d9ef-40b5-ba79-7414923e623f:c3081, 7d686585-d831-45bc-93fc-0a553b604b0e:c3081]
2019-07-08 23:05:02,958 INFO  client.GrpcClientProtocolClient (GrpcClientProtocolClient.java:onNext(255)) - client-CEF4D3493DC0->4ee04582-2825-4055-a051-0465d62eb5ca: receive RaftClientReply:client-CEF4D3493DC0->4ee04582-2825-4055-a051-0465d62eb5ca@group-78E0FE5F723E, cid=2066, SUCCESS, logIndex=0, commits[4ee04582-2825-4055-a051-0465d62eb5ca:c3086, 97f5b9f0-d9ef-40b5-ba79-7414923e623f:c3084, 7d686585-d831-45bc-93fc-0a553b604b0e:c3084]
2019-07-08 23:05:02,984 INFO  client.GrpcClientProtocolClient (GrpcClientProtocolClient.java:onNext(255)) - client-CEF4D3493DC0->4ee04582-2825-4055-a051-0465d62eb5ca: receive RaftClientReply:client-CEF4D3493DC0->4ee04582-2825-4055-a051-0465d62eb5ca@group-78E0FE5F723E, cid=2067, SUCCESS, logIndex=3087, commits[4ee04582-2825-4055-a051-0465d62eb5ca:c3089, 97f5b9f0-d9ef-40b5-ba79-7414923e623f:c3086, 7d686585-d831-45bc-93fc-0a553b604b0e:c3086]
2019-07-08 23:05:02,985 INFO  client.GrpcClientProtocolClient (GrpcClientProtocolClient.java:onNext(255)) - client-CEF4D3493DC0->4ee04582-2825-4055-a051-0465d62eb5ca: receive RaftClientReply:client-CEF4D3493DC0->4ee04582-2825-4055-a051-0465d62eb5ca@group-78E0FE5F723E, cid=2068, SUCCESS, logIndex=3088, commits[4ee04582-2825-4055-a051-0465d62eb5ca:c3090, 97f5b9f0-d9ef-40b5-ba79-7414923e623f:c3086, 7d686585-d831-45bc-93fc-0a553b604b0e:c3086]
2019-07-08 23:05:02,985 INFO  client.GrpcClientProtocolClient (GrpcClientProtocolClient.java:onNext(255)) - client-CEF4D3493DC0->4ee04582-2825-4055-a051-0465d62eb5ca: receive RaftClientReply:client-CEF4D3493DC0->4ee04582-2825-4055-a051-0465d62eb5ca@group-78E0FE5F723E, cid=2069, SUCCESS, logIndex=3089, commits[4ee04582-2825-4055-a051-0465d62eb5ca:c3090, 97f5b9f0-d9ef-40b5-ba79-7414923e623f:c3086, 7d686585-d831-45bc-93fc-0a553b604b0e:c3086]
2019-07-08 23:05:02,985 INFO  client.GrpcClientProtocolClient (GrpcClientProtocolClient.java:onNext(255)) - client-CEF4D3493DC0->4ee04582-2825-4055-a051-0465d62eb5ca: receive RaftClientReply:client-CEF4D3493DC0->4ee04582-2825-4055-a051-0465d62eb5ca@group-78E0FE5F723E, cid=2070, SUCCESS, logIndex=3090, commits[4ee04582-2825-4055-a051-0465d62eb5ca:c3090, 97f5b9f0-d9ef-40b5-ba79-7414923e623f:c3086, 7d686585-d831-45bc-93fc-0a553b604b0e:c3086]
2019-07-08 23:05:02,992 INFO  client.GrpcClientProtocolClient (GrpcClientProtocolClient.java:onNext(255)) - client-CEF4D3493DC0->4ee04582-2825-4055-a051-0465d62eb5ca: receive RaftClientReply:client-CEF4D3493DC0->4ee04582-2825-4055-a051-0465d62eb5ca@group-78E0FE5F723E, cid=2071, SUCCESS, logIndex=0, commits[4ee04582-2825-4055-a051-0465d62eb5ca:c3093, 97f5b9f0-d9ef-40b5-ba79-7414923e623f:c3089, 7d686585-d831-45bc-93fc-0a553b604b0e:c3088]
2019-07-08 23:05:03,003 INFO  client.GrpcClientProtocolClient (GrpcClientProtocolClient.java:onNext(255)) - client-CEF4D3493DC0->4ee04582-2825-4055-a051-0465d62eb5ca: receive RaftClientReply:client-CEF4D3493DC0->4ee04582-2825-4055-a051-0465d62eb5ca@group-78E0FE5F723E, cid=2072, SUCCESS, logIndex=3095, commits[4ee04582-2825-4055-a051-0465d62eb5ca:c3096, 97f5b9f0-d9ef-40b5-ba79-7414923e623f:c3094, 7d686585-d831-45bc-93fc-0a553b604b0e:c3090]
2019-07-08 23:05:03,003 INFO  client.GrpcClientProtocolClient (GrpcClientProtocolClient.java:onNext(255)) - client-CEF4D3493DC0->4ee04582-2825-4055-a051-0465d62eb5ca: receive RaftClientReply:client-CEF4D3493DC0->4ee04582-2825-4055-a051-0465d62eb5ca@group-78E0FE5F723E, cid=2073, SUCCESS, logIndex=3096, commits[4ee04582-2825-4055-a051-0465d62eb5ca:c3096, 97f5b9f0-d9ef-40b5-ba79-7414923e623f:c3094, 7d686585-d831-45bc-93fc-0a553b604b0e:c3094]
2019-07-08 23:05:03,014 INFO  client.GrpcClientProtocolClient (GrpcClientProtocolClient.java:onNext(255)) - client-CEF4D3493DC0->4ee04582-2825-4055-a051-0465d62eb5ca: receive RaftClientReply:client-CEF4D3493DC0->4ee04582-2825-4055-a051-0465d62eb5ca@group-78E0FE5F723E, cid=2074, SUCCESS, logIndex=3099, commits[4ee04582-2825-4055-a051-0465d62eb5ca:c3100, 97f5b9f0-d9ef-40b5-ba79-7414923e623f:c3098, 7d686585-d831-45bc-93fc-0a553b604b0e:c3096]
2019-07-08 23:05:03,014 INFO  client.GrpcClientProtocolClient (GrpcClientProtocolClient.java:onNext(255)) - client-CEF4D3493DC0->4ee04582-2825-4055-a051-0465d62eb5ca: receive RaftClientReply:client-CEF4D3493DC0->4ee04582-2825-4055-a051-0465d62eb5ca@group-78E0FE5F723E, cid=2075, SUCCESS, logIndex=3100, commits[4ee04582-2825-4055-a051-0465d62eb5ca:c3100, 97f5b9f0-d9ef-40b5-ba79-7414923e623f:c3098, 7d686585-d831-45bc-93fc-0a553b604b0e:c3096]
2019-07-08 23:05:03,019 INFO  client.GrpcClientProtocolClient (GrpcClientProtocolClient.java:onNext(255)) - client-CEF4D3493DC0->4ee04582-2825-4055-a051-0465d62eb5ca: receive RaftClientReply:client-CEF4D3493DC0->4ee04582-2825-4055-a051-0465d62eb5ca@group-78E0FE5F723E, cid=2076, SUCCESS, logIndex=0, commits[4ee04582-2825-4055-a051-0465d62eb5ca:c3101, 97f5b9f0-d9ef-40b5-ba79-7414923e623f:c3100, 7d686585-d831-45bc-93fc-0a553b604b0e:c3100]
2019-07-08 23:05:03,037 INFO  client.GrpcClientProtocolClient (GrpcClientProtocolClient.java:onNext(255)) - client-CEF4D3493DC0->4ee04582-2825-4055-a051-0465d62eb5ca: receive RaftClientReply:client-CEF4D3493DC0->4ee04582-2825-4055-a051-0465d62eb5ca@group-78E0FE5F723E, cid=2077, SUCCESS, logIndex=3103, commits[4ee04582-2825-4055-a051-0465d62eb5ca:c3104, 97f5b9f0-d9ef-40b5-ba79-7414923e623f:c3102, 7d686585-d831-45bc-93fc-0a553b604b0e:c3100]
2019-07-08 23:05:03,037 INFO  client.GrpcClientProtocolClient (GrpcClientProtocolClient.java:onNext(255)) - client-CEF4D3493DC0->4ee04582-2825-4055-a051-0465d62eb5ca: receive RaftClientReply:client-CEF4D3493DC0->4ee04582-2825-4055-a051-0465d62eb5ca@group-78E0FE5F723E, cid=2078, SUCCESS, logIndex=3104, commits[4ee04582-2825-4055-a051-0465d62eb5ca:c3104, 97f5b9f0-d9ef-40b5-ba79-7414923e623f:c3102, 7d686585-d831-45bc-93fc-0a553b604b0e:c3100]
2019-07-08 23:05:03,039 INFO  client.GrpcClientProtocolClient (GrpcClientProtocolClient.java:onNext(255)) - client-CEF4D3493DC0->4ee04582-2825-4055-a051-0465d62eb5ca: receive RaftClientReply:client-CEF4D3493DC0->4ee04582-2825-4055-a051-0465d62eb5ca@group-78E0FE5F723E, cid=2079, SUCCESS, logIndex=3105, commits[4ee04582-2825-4055-a051-0465d62eb5ca:c3108, 97f5b9f0-d9ef-40b5-ba79-7414923e623f:c3102, 7d686585-d831-45bc-93fc-0a553b604b0e:c3104]
2019-07-08 23:05:03,040 INFO  client.GrpcClientProtocolClient (GrpcClientProtocolClient.java:onNext(255)) - client-CEF4D3493DC0->4ee04582-2825-4055-a051-0465d62eb5ca: receive RaftClientReply:client-CEF4D3493DC0->4ee04582-2825-4055-a051-0465d62eb5ca@group-78E0FE5F723E, cid=2080, SUCCESS, logIndex=3106, commits[4ee04582-2825-4055-a051-0465d62eb5ca:c3108, 97f5b9f0-d9ef-40b5-ba79-7414923e623f:c3102, 7d686585-d831-45bc-93fc-0a553b604b0e:c3104]
2019-07-08 23:05:03,040 INFO  client.GrpcClientProtocolClient (GrpcClientProtocolClient.java:onNext(255)) - client-CEF4D3493DC0->4ee04582-2825-4055-a051-0465d62eb5ca: receive RaftClientReply:client-CEF4D3493DC0->4ee04582-2825-4055-a051-0465d62eb5ca@group-78E0FE5F723E, cid=2081, SUCCESS, logIndex=0, commits[4ee04582-2825-4055-a051-0465d62eb5ca:c3108, 97f5b9f0-d9ef-40b5-ba79-7414923e623f:c3104, 7d686585-d831-45bc-93fc-0a553b604b0e:c3104]
2019-07-08 23:05:03,051 INFO  client.GrpcClientProtocolClient (GrpcClientProtocolClient.java:onNext(255)) - client-CEF4D3493DC0->4ee04582-2825-4055-a051-0465d62eb5ca: receive RaftClientReply:client-CEF4D3493DC0->4ee04582-2825-4055-a051-0465d62eb5ca@group-78E0FE5F723E, cid=2082, SUCCESS, logIndex=3111, commits[4ee04582-2825-4055-a051-0465d62eb5ca:c3112, 97f5b9f0-d9ef-40b5-ba79-7414923e623f:c3110, 7d686585-d831-45bc-93fc-0a553b604b0e:c3106]
2019-07-08 23:05:03,051 INFO  client.GrpcClientProtocolClient (GrpcClientProtocolClient.java:onNext(255)) - client-CEF4D3493DC0->4ee04582-2825-4055-a051-0465d62eb5ca: receive RaftClientReply:client-CEF4D3493DC0->4ee04582-2825-4055-a051-0465d62eb5ca@group-78E0FE5F723E, cid=2083, SUCCESS, logIndex=3112, commits[4ee04582-2825-4055-a051-0465d62eb5ca:c3112, 97f5b9f0-d9ef-40b5-ba79-7414923e623f:c3110, 7d686585-d831-45bc-93fc-0a553b604b0e:c3110]
2019-07-08 23:05:03,062 INFO  client.GrpcClientProtocolClient (GrpcClientProtocolClient.java:onNext(255)) - client-CEF4D3493DC0->4ee04582-2825-4055-a051-0465d62eb5ca: receive RaftClientReply:client-CEF4D3493DC0->4ee04582-2825-4055-a051-0465d62eb5ca@group-78E0FE5F723E, cid=2084, SUCCESS, logIndex=3115, commits[4ee04582-2825-4055-a051-0465d62eb5ca:c3116, 97f5b9f0-d9ef-40b5-ba79-7414923e623f:c3114, 7d686585-d831-45bc-93fc-0a553b604b0e:c3112]
2019-07-08 23:05:03,062 INFO  client.GrpcClientProtocolClient (GrpcClientProtocolClient.java:onNext(255)) - client-CEF4D3493DC0->4ee04582-2825-4055-a051-0465d62eb5ca: receive RaftClientReply:client-CEF4D3493DC0->4ee04582-2825-4055-a051-0465d62eb5ca@group-78E0FE5F723E, cid=2085, SUCCESS, logIndex=3116, commits[4ee04582-2825-4055-a051-0465d62eb5ca:c3116, 97f5b9f0-d9ef-40b5-ba79-7414923e623f:c3114, 7d686585-d831-45bc-93fc-0a553b604b0e:c3114]
2019-07-08 23:05:03,066 INFO  client.GrpcClientProtocolClient (GrpcClientProtocolClient.java:onNext(255)) - client-CEF4D3493DC0->4ee04582-2825-4055-a051-0465d62eb5ca: receive RaftClientReply:client-CEF4D3493DC0->4ee04582-2825-4055-a051-0465d62eb5ca@group-78E0FE5F723E, cid=2086, SUCCESS, logIndex=0, commits[4ee04582-2825-4055-a051-0465d62eb5ca:c3117, 97f5b9f0-d9ef-40b5-ba79-7414923e623f:c3116, 7d686585-d831-45bc-93fc-0a553b604b0e:c3116]
2019-07-08 23:05:03,094 INFO  client.GrpcClientProtocolClient (GrpcClientProtocolClient.java:onNext(255)) - client-CEF4D3493DC0->4ee04582-2825-4055-a051-0465d62eb5ca: receive RaftClientReply:client-CEF4D3493DC0->4ee04582-2825-4055-a051-0465d62eb5ca@group-78E0FE5F723E, cid=2087, SUCCESS, logIndex=3119, commits[4ee04582-2825-4055-a051-0465d62eb5ca:c3120, 97f5b9f0-d9ef-40b5-ba79-7414923e623f:c3118, 7d686585-d831-45bc-93fc-0a553b604b0e:c3118]
2019-07-08 23:05:03,095 INFO  client.GrpcClientProtocolClient (GrpcClientProtocolClient.java:onNext(255)) - client-CEF4D3493DC0->4ee04582-2825-4055-a051-0465d62eb5ca: receive RaftClientReply:client-CEF4D3493DC0->4ee04582-2825-4055-a051-0465d62eb5ca@group-78E0FE5F723E, cid=2088, SUCCESS, logIndex=3120, commits[4ee04582-2825-4055-a051-0465d62eb5ca:c3122, 97f5b9f0-d9ef-40b5-ba79-7414923e623f:c3118, 7d686585-d831-45bc-93fc-0a553b604b0e:c3118]
2019-07-08 23:05:03,095 INFO  client.GrpcClientProtocolClient (GrpcClientProtocolClient.java:onNext(255)) - client-CEF4D3493DC0->4ee04582-2825-4055-a051-0465d62eb5ca: receive RaftClientReply:client-CEF4D3493DC0->4ee04582-2825-4055-a051-0465d62eb5ca@group-78E0FE5F723E, cid=2089, SUCCESS, logIndex=3121, commits[4ee04582-2825-4055-a051-0465d62eb5ca:c3122, 97f5b9f0-d9ef-40b5-ba79-7414923e623f:c3118, 7d686585-d831-45bc-93fc-0a553b604b0e:c3118]
2019-07-08 23:05:03,095 INFO  client.GrpcClientProtocolClient (GrpcClientProtocolClient.java:onNext(255)) - client-CEF4D3493DC0->4ee04582-2825-4055-a051-0465d62eb5ca: receive RaftClientReply:client-CEF4D3493DC0->4ee04582-2825-4055-a051-0465d62eb5ca@group-78E0FE5F723E, cid=2090, SUCCESS, logIndex=3122, commits[4ee04582-2825-4055-a051-0465d62eb5ca:c3122, 97f5b9f0-d9ef-40b5-ba79-7414923e623f:c3118, 7d686585-d831-45bc-93fc-0a553b604b0e:c3118]
2019-07-08 23:05:03,101 INFO  client.GrpcClientProtocolClient (GrpcClientProtocolClient.java:onNext(255)) - client-CEF4D3493DC0->4ee04582-2825-4055-a051-0465d62eb5ca: receive RaftClientReply:client-CEF4D3493DC0->4ee04582-2825-4055-a051-0465d62eb5ca@group-78E0FE5F723E, cid=2091, SUCCESS, logIndex=0, commits[4ee04582-2825-4055-a051-0465d62eb5ca:c3125, 97f5b9f0-d9ef-40b5-ba79-7414923e623f:c3121, 7d686585-d831-45bc-93fc-0a553b604b0e:c3120]
2019-07-08 23:05:03,114 INFO  client.GrpcClientProtocolClient (GrpcClientProtocolClient.java:onNext(255)) - client-CEF4D3493DC0->4ee04582-2825-4055-a051-0465d62eb5ca: receive RaftClientReply:client-CEF4D3493DC0->4ee04582-2825-4055-a051-0465d62eb5ca@group-78E0FE5F723E, cid=2092, SUCCESS, logIndex=3127, commits[4ee04582-2825-4055-a051-0465d62eb5ca:c3128, 97f5b9f0-d9ef-40b5-ba79-7414923e623f:c3126, 7d686585-d831-45bc-93fc-0a553b604b0e:c3126]
2019-07-08 23:05:03,115 INFO  client.GrpcClientProtocolClient (GrpcClientProtocolClient.java:onNext(255)) - client-CEF4D3493DC0->4ee04582-2825-4055-a051-0465d62eb5ca: receive RaftClientReply:client-CEF4D3493DC0->4ee04582-2825-4055-a051-0465d62eb5ca@group-78E0FE5F723E, cid=2093, SUCCESS, logIndex=3128, commits[4ee04582-2825-4055-a051-0465d62eb5ca:c3128, 97f5b9f0-d9ef-40b5-ba79-7414923e623f:c3126, 7d686585-d831-45bc-93fc-0a553b604b0e:c3126]
2019-07-08 23:05:03,134 INFO  client.GrpcClientProtocolClient (GrpcClientProtocolClient.java:onNext(255)) - client-CEF4D3493DC0->4ee04582-2825-4055-a051-0465d62eb5ca: receive RaftClientReply:client-CEF4D3493DC0->4ee04582-2825-4055-a051-0465d62eb5ca@group-78E0FE5F723E, cid=2094, SUCCESS, logIndex=3131, commits[4ee04582-2825-4055-a051-0465d62eb5ca:c3132, 97f5b9f0-d9ef-40b5-ba79-7414923e623f:c3130, 7d686585-d831-45bc-93fc-0a553b604b0e:c3130]
2019-07-08 23:05:03,134 INFO  client.GrpcClientProtocolClient (GrpcClientProtocolClient.java:onNext(255)) - client-CEF4D3493DC0->4ee04582-2825-4055-a051-0465d62eb5ca: receive RaftClientReply:client-CEF4D3493DC0->4ee04582-2825-4055-a051-0465d62eb5ca@group-78E0FE5F723E, cid=2095, SUCCESS, logIndex=3132, commits[4ee04582-2825-4055-a051-0465d62eb5ca:c3132, 97f5b9f0-d9ef-40b5-ba79-7414923e623f:c3130, 7d686585-d831-45bc-93fc-0a553b604b0e:c3130]
2019-07-08 23:05:03,136 INFO  client.GrpcClientProtocolClient (GrpcClientProtocolClient.java:onNext(255)) - client-CEF4D3493DC0->4ee04582-2825-4055-a051-0465d62eb5ca: receive RaftClientReply:client-CEF4D3493DC0->4ee04582-2825-4055-a051-0465d62eb5ca@group-78E0FE5F723E, cid=2096, SUCCESS, logIndex=0, commits[4ee04582-2825-4055-a051-0465d62eb5ca:c3132, 97f5b9f0-d9ef-40b5-ba79-7414923e623f:c3132, 7d686585-d831-45bc-93fc-0a553b604b0e:c3132]
2019-07-08 23:05:03,157 INFO  client.GrpcClientProtocolClient (GrpcClientProtocolClient.java:onNext(255)) - client-CEF4D3493DC0->4ee04582-2825-4055-a051-0465d62eb5ca: receive RaftClientReply:client-CEF4D3493DC0->4ee04582-2825-4055-a051-0465d62eb5ca@group-78E0FE5F723E, cid=2097, SUCCESS, logIndex=3135, commits[4ee04582-2825-4055-a051-0465d62eb5ca:c3138, 97f5b9f0-d9ef-40b5-ba79-7414923e623f:c3134, 7d686585-d831-45bc-93fc-0a553b604b0e:c3132]
2019-07-08 23:05:03,157 INFO  client.GrpcClientProtocolClient (GrpcClientProtocolClient.java:onNext(255)) - client-CEF4D3493DC0->4ee04582-2825-4055-a051-0465d62eb5ca: receive RaftClientReply:client-CEF4D3493DC0->4ee04582-2825-4055-a051-0465d62eb5ca@group-78E0FE5F723E, cid=2098, SUCCESS, logIndex=3136, commits[4ee04582-2825-4055-a051-0465d62eb5ca:c3138, 97f5b9f0-d9ef-40b5-ba79-7414923e623f:c3134, 7d686585-d831-45bc-93fc-0a553b604b0e:c3134]
2019-07-08 23:05:03,157 INFO  client.GrpcClientProtocolClient (GrpcClientProtocolClient.java:onNext(255)) - client-CEF4D3493DC0->4ee04582-2825-4055-a051-0465d62eb5ca: receive RaftClientReply:client-CEF4D3493DC0->4ee04582-2825-4055-a051-0465d62eb5ca@group-78E0FE5F723E, cid=2099, SUCCESS, logIndex=3137, commits[4ee04582-2825-4055-a051-0465d62eb5ca:c3138, 97f5b9f0-d9ef-40b5-ba79-7414923e623f:c3134, 7d686585-d831-45bc-93fc-0a553b604b0e:c3134]
2019-07-08 23:05:03,157 INFO  client.GrpcClientProtocolClient (GrpcClientProtocolClient.java:onNext(255)) - client-CEF4D3493DC0->4ee04582-2825-4055-a051-0465d62eb5ca: receive RaftClientReply:client-CEF4D3493DC0->4ee04582-2825-4055-a051-0465d62eb5ca@group-78E0FE5F723E, cid=2100, SUCCESS, logIndex=3138, commits[4ee04582-2825-4055-a051-0465d62eb5ca:c3138, 97f5b9f0-d9ef-40b5-ba79-7414923e623f:c3134, 7d686585-d831-45bc-93fc-0a553b604b0e:c3134]
2019-07-08 23:05:03,161 INFO  client.GrpcClientProtocolClient (GrpcClientProtocolClient.java:onNext(255)) - client-CEF4D3493DC0->4ee04582-2825-4055-a051-0465d62eb5ca: receive RaftClientReply:client-CEF4D3493DC0->4ee04582-2825-4055-a051-0465d62eb5ca@group-78E0FE5F723E, cid=2101, SUCCESS, logIndex=0, commits[4ee04582-2825-4055-a051-0465d62eb5ca:c3139, 97f5b9f0-d9ef-40b5-ba79-7414923e623f:c3137, 7d686585-d831-45bc-93fc-0a553b604b0e:c3137]
2019-07-08 23:05:03,173 INFO  client.GrpcClientProtocolClient (GrpcClientProtocolClient.java:onNext(255)) - client-CEF4D3493DC0->4ee04582-2825-4055-a051-0465d62eb5ca: receive RaftClientReply:client-CEF4D3493DC0->4ee04582-2825-4055-a051-0465d62eb5ca@group-78E0FE5F723E, cid=2102, SUCCESS, logIndex=3142, commits[4ee04582-2825-4055-a051-0465d62eb5ca:c3143, 97f5b9f0-d9ef-40b5-ba79-7414923e623f:c3141, 7d686585-d831-45bc-93fc-0a553b604b0e:c3138]
2019-07-08 23:05:03,173 INFO  client.GrpcClientProtocolClient (GrpcClientProtocolClient.java:onNext(255)) - client-CEF4D3493DC0->4ee04582-2825-4055-a051-0465d62eb5ca: receive RaftClientReply:client-CEF4D3493DC0->4ee04582-2825-4055-a051-0465d62eb5ca@group-78E0FE5F723E, cid=2103, SUCCESS, logIndex=3143, commits[4ee04582-2825-4055-a051-0465d62eb5ca:c3143, 97f5b9f0-d9ef-40b5-ba79-7414923e623f:c3141, 7d686585-d831-45bc-93fc-0a553b604b0e:c3138]
2019-07-08 23:05:03,185 INFO  client.GrpcClientProtocolClient (GrpcClientProtocolClient.java:onNext(255)) - client-CEF4D3493DC0->4ee04582-2825-4055-a051-0465d62eb5ca: receive RaftClientReply:client-CEF4D3493DC0->4ee04582-2825-4055-a051-0465d62eb5ca@group-78E0FE5F723E, cid=2104, SUCCESS, logIndex=3146, commits[4ee04582-2825-4055-a051-0465d62eb5ca:c3147, 97f5b9f0-d9ef-40b5-ba79-7414923e623f:c3145, 7d686585-d831-45bc-93fc-0a553b604b0e:c3143]
2019-07-08 23:05:03,185 INFO  client.GrpcClientProtocolClient (GrpcClientProtocolClient.java:onNext(255)) - client-CEF4D3493DC0->4ee04582-2825-4055-a051-0465d62eb5ca: receive RaftClientReply:client-CEF4D3493DC0->4ee04582-2825-4055-a051-0465d62eb5ca@group-78E0FE5F723E, cid=2105, SUCCESS, logIndex=3147, commits[4ee04582-2825-4055-a051-0465d62eb5ca:c3147, 97f5b9f0-d9ef-40b5-ba79-7414923e623f:c3145, 7d686585-d831-45bc-93fc-0a553b604b0e:c3143]
2019-07-08 23:05:03,190 INFO  client.GrpcClientProtocolClient (GrpcClientProtocolClient.java:onNext(255)) - client-CEF4D3493DC0->4ee04582-2825-4055-a051-0465d62eb5ca: receive RaftClientReply:client-CEF4D3493DC0->4ee04582-2825-4055-a051-0465d62eb5ca@group-78E0FE5F723E, cid=2106, SUCCESS, logIndex=0, commits[4ee04582-2825-4055-a051-0465d62eb5ca:c3148, 97f5b9f0-d9ef-40b5-ba79-7414923e623f:c3147, 7d686585-d831-45bc-93fc-0a553b604b0e:c3147]
2019-07-08 23:05:03,211 INFO  client.GrpcClientProtocolClient (GrpcClientProtocolClient.java:onNext(255)) - client-CEF4D3493DC0->4ee04582-2825-4055-a051-0465d62eb5ca: receive RaftClientReply:client-CEF4D3493DC0->4ee04582-2825-4055-a051-0465d62eb5ca@group-78E0FE5F723E, cid=2107, SUCCESS, logIndex=3150, commits[4ee04582-2825-4055-a051-0465d62eb5ca:c3152, 97f5b9f0-d9ef-40b5-ba79-7414923e623f:c3149, 7d686585-d831-45bc-93fc-0a553b604b0e:c3147]
2019-07-08 23:05:03,211 INFO  client.GrpcClientProtocolClient (GrpcClientProtocolClient.java:onNext(255)) - client-CEF4D3493DC0->4ee04582-2825-4055-a051-0465d62eb5ca: receive RaftClientReply:client-CEF4D3493DC0->4ee04582-2825-4055-a051-0465d62eb5ca@group-78E0FE5F723E, cid=2108, SUCCESS, logIndex=3151, commits[4ee04582-2825-4055-a051-0465d62eb5ca:c3153, 97f5b9f0-d9ef-40b5-ba79-7414923e623f:c3149, 7d686585-d831-45bc-93fc-0a553b604b0e:c3149]
2019-07-08 23:05:03,212 INFO  client.GrpcClientProtocolClient (GrpcClientProtocolClient.java:onNext(255)) - client-CEF4D3493DC0->4ee04582-2825-4055-a051-0465d62eb5ca: receive RaftClientReply:client-CEF4D3493DC0->4ee04582-2825-4055-a051-0465d62eb5ca@group-78E0FE5F723E, cid=2109, SUCCESS, logIndex=3152, commits[4ee04582-2825-4055-a051-0465d62eb5ca:c3153, 97f5b9f0-d9ef-40b5-ba79-7414923e623f:c3149, 7d686585-d831-45bc-93fc-0a553b604b0e:c3149]
2019-07-08 23:05:03,212 INFO  client.GrpcClientProtocolClient (GrpcClientProtocolClient.java:onNext(255)) - client-CEF4D3493DC0->4ee04582-2825-4055-a051-0465d62eb5ca: receive RaftClientReply:client-CEF4D3493DC0->4ee04582-2825-4055-a051-0465d62eb5ca@group-78E0FE5F723E, cid=2110, SUCCESS, logIndex=3153, commits[4ee04582-2825-4055-a051-0465d62eb5ca:c3153, 97f5b9f0-d9ef-40b5-ba79-7414923e623f:c3149, 7d686585-d831-45bc-93fc-0a553b604b0e:c3149]
2019-07-08 23:05:03,215 INFO  client.GrpcClientProtocolClient (GrpcClientProtocolClient.java:onNext(255)) - client-CEF4D3493DC0->4ee04582-2825-4055-a051-0465d62eb5ca: receive RaftClientReply:client-CEF4D3493DC0->4ee04582-2825-4055-a051-0465d62eb5ca@group-78E0FE5F723E, cid=2111, SUCCESS, logIndex=0, commits[4ee04582-2825-4055-a051-0465d62eb5ca:c3154, 97f5b9f0-d9ef-40b5-ba79-7414923e623f:c3151, 7d686585-d831-45bc-93fc-0a553b604b0e:c3151]
2019-07-08 23:05:03,227 INFO  client.GrpcClientProtocolClient (GrpcClientProtocolClient.java:onNext(255)) - client-CEF4D3493DC0->4ee04582-2825-4055-a051-0465d62eb5ca: receive RaftClientReply:client-CEF4D3493DC0->4ee04582-2825-4055-a051-0465d62eb5ca@group-78E0FE5F723E, cid=2112, SUCCESS, logIndex=3158, commits[4ee04582-2825-4055-a051-0465d62eb5ca:c3159, 97f5b9f0-d9ef-40b5-ba79-7414923e623f:c3153, 7d686585-d831-45bc-93fc-0a553b604b0e:c3157]
2019-07-08 23:05:03,227 INFO  client.GrpcClientProtocolClient (GrpcClientProtocolClient.java:onNext(255)) - client-CEF4D3493DC0->4ee04582-2825-4055-a051-0465d62eb5ca: receive RaftClientReply:client-CEF4D3493DC0->4ee04582-2825-4055-a051-0465d62eb5ca@group-78E0FE5F723E, cid=2113, SUCCESS, logIndex=3159, commits[4ee04582-2825-4055-a051-0465d62eb5ca:c3159, 97f5b9f0-d9ef-40b5-ba79-7414923e623f:c3157, 7d686585-d831-45bc-93fc-0a553b604b0e:c3157]
2019-07-08 23:05:03,240 INFO  client.GrpcClientProtocolClient (GrpcClientProtocolClient.java:onNext(255)) - client-CEF4D3493DC0->4ee04582-2825-4055-a051-0465d62eb5ca: receive RaftClientReply:client-CEF4D3493DC0->4ee04582-2825-4055-a051-0465d62eb5ca@group-78E0FE5F723E, cid=2114, SUCCESS, logIndex=3162, commits[4ee04582-2825-4055-a051-0465d62eb5ca:c3163, 97f5b9f0-d9ef-40b5-ba79-7414923e623f:c3161, 7d686585-d831-45bc-93fc-0a553b604b0e:c3159]
2019-07-08 23:05:03,240 INFO  client.GrpcClientProtocolClient (GrpcClientProtocolClient.java:onNext(255)) - client-CEF4D3493DC0->4ee04582-2825-4055-a051-0465d62eb5ca: receive RaftClientReply:client-CEF4D3493DC0->4ee04582-2825-4055-a051-0465d62eb5ca@group-78E0FE5F723E, cid=2115, SUCCESS, logIndex=3163, commits[4ee04582-2825-4055-a051-0465d62eb5ca:c3163, 97f5b9f0-d9ef-40b5-ba79-7414923e623f:c3161, 7d686585-d831-45bc-93fc-0a553b604b0e:c3161]
2019-07-08 23:05:03,244 INFO  client.GrpcClientProtocolClient (GrpcClientProtocolClient.java:onNext(255)) - client-CEF4D3493DC0->4ee04582-2825-4055-a051-0465d62eb5ca: receive RaftClientReply:client-CEF4D3493DC0->4ee04582-2825-4055-a051-0465d62eb5ca@group-78E0FE5F723E, cid=2116, SUCCESS, logIndex=0, commits[4ee04582-2825-4055-a051-0465d62eb5ca:c3164, 97f5b9f0-d9ef-40b5-ba79-7414923e623f:c3163, 7d686585-d831-45bc-93fc-0a553b604b0e:c3163]
2019-07-08 23:05:03,366 INFO  client.GrpcClientProtocolClient (GrpcClientProtocolClient.java:onNext(255)) - client-CEF4D3493DC0->4ee04582-2825-4055-a051-0465d62eb5ca: receive RaftClientReply:client-CEF4D3493DC0->4ee04582-2825-4055-a051-0465d62eb5ca@group-78E0FE5F723E, cid=2117, SUCCESS, logIndex=3166, commits[4ee04582-2825-4055-a051-0465d62eb5ca:c3167, 97f5b9f0-d9ef-40b5-ba79-7414923e623f:c3165, 7d686585-d831-45bc-93fc-0a553b604b0e:c3165]
2019-07-08 23:05:03,367 INFO  client.GrpcClientProtocolClient (GrpcClientProtocolClient.java:onNext(255)) - client-CEF4D3493DC0->4ee04582-2825-4055-a051-0465d62eb5ca: receive RaftClientReply:client-CEF4D3493DC0->4ee04582-2825-4055-a051-0465d62eb5ca@group-78E0FE5F723E, cid=2118, SUCCESS, logIndex=3167, commits[4ee04582-2825-4055-a051-0465d62eb5ca:c3169, 97f5b9f0-d9ef-40b5-ba79-7414923e623f:c3165, 7d686585-d831-45bc-93fc-0a553b604b0e:c3165]
2019-07-08 23:05:03,367 INFO  client.GrpcClientProtocolClient (GrpcClientProtocolClient.java:onNext(255)) - client-CEF4D3493DC0->4ee04582-2825-4055-a051-0465d62eb5ca: receive RaftClientReply:client-CEF4D3493DC0->4ee04582-2825-4055-a051-0465d62eb5ca@group-78E0FE5F723E, cid=2119, SUCCESS, logIndex=3168, commits[4ee04582-2825-4055-a051-0465d62eb5ca:c3169, 97f5b9f0-d9ef-40b5-ba79-7414923e623f:c3165, 7d686585-d831-45bc-93fc-0a553b604b0e:c3165]
2019-07-08 23:05:03,367 INFO  client.GrpcClientProtocolClient (GrpcClientProtocolClient.java:onNext(255)) - client-CEF4D3493DC0->4ee04582-2825-4055-a051-0465d62eb5ca: receive RaftClientReply:client-CEF4D3493DC0->4ee04582-2825-4055-a051-0465d62eb5ca@group-78E0FE5F723E, cid=2120, SUCCESS, logIndex=3169, commits[4ee04582-2825-4055-a051-0465d62eb5ca:c3169, 97f5b9f0-d9ef-40b5-ba79-7414923e623f:c3165, 7d686585-d831-45bc-93fc-0a553b604b0e:c3165]
2019-07-08 23:05:03,369 INFO  client.GrpcClientProtocolClient (GrpcClientProtocolClient.java:onNext(255)) - client-CEF4D3493DC0->4ee04582-2825-4055-a051-0465d62eb5ca: receive RaftClientReply:client-CEF4D3493DC0->4ee04582-2825-4055-a051-0465d62eb5ca@group-78E0FE5F723E, cid=2121, SUCCESS, logIndex=0, commits[4ee04582-2825-4055-a051-0465d62eb5ca:c3170, 97f5b9f0-d9ef-40b5-ba79-7414923e623f:c3167, 7d686585-d831-45bc-93fc-0a553b604b0e:c3167]
2019-07-08 23:05:03,387 INFO  client.GrpcClientProtocolClient (GrpcClientProtocolClient.java:onNext(255)) - client-CEF4D3493DC0->4ee04582-2825-4055-a051-0465d62eb5ca: receive RaftClientReply:client-CEF4D3493DC0->4ee04582-2825-4055-a051-0465d62eb5ca@group-78E0FE5F723E, cid=2122, SUCCESS, logIndex=3174, commits[4ee04582-2825-4055-a051-0465d62eb5ca:c3175, 97f5b9f0-d9ef-40b5-ba79-7414923e623f:c3169, 7d686585-d831-45bc-93fc-0a553b604b0e:c3173]
2019-07-08 23:05:03,387 INFO  client.GrpcClientProtocolClient (GrpcClientProtocolClient.java:onNext(255)) - client-CEF4D3493DC0->4ee04582-2825-4055-a051-0465d62eb5ca: receive RaftClientReply:client-CEF4D3493DC0->4ee04582-2825-4055-a051-0465d62eb5ca@group-78E0FE5F723E, cid=2123, SUCCESS, logIndex=3175, commits[4ee04582-2825-4055-a051-0465d62eb5ca:c3175, 97f5b9f0-d9ef-40b5-ba79-7414923e623f:c3173, 7d686585-d831-45bc-93fc-0a553b604b0e:c3173]
2019-07-08 23:05:03,399 INFO  client.GrpcClientProtocolClient (GrpcClientProtocolClient.java:onNext(255)) - client-CEF4D3493DC0->4ee04582-2825-4055-a051-0465d62eb5ca: receive RaftClientReply:client-CEF4D3493DC0->4ee04582-2825-4055-a051-0465d62eb5ca@group-78E0FE5F723E, cid=2124, SUCCESS, logIndex=3178, commits[4ee04582-2825-4055-a051-0465d62eb5ca:c3179, 97f5b9f0-d9ef-40b5-ba79-7414923e623f:c3177, 7d686585-d831-45bc-93fc-0a553b604b0e:c3177]
2019-07-08 23:05:03,399 INFO  client.GrpcClientProtocolClient (GrpcClientProtocolClient.java:onNext(255)) - client-CEF4D3493DC0->4ee04582-2825-4055-a051-0465d62eb5ca: receive RaftClientReply:client-CEF4D3493DC0->4ee04582-2825-4055-a051-0465d62eb5ca@group-78E0FE5F723E, cid=2125, SUCCESS, logIndex=3179, commits[4ee04582-2825-4055-a051-0465d62eb5ca:c3179, 97f5b9f0-d9ef-40b5-ba79-7414923e623f:c3177, 7d686585-d831-45bc-93fc-0a553b604b0e:c3177]
2019-07-08 23:05:03,401 INFO  client.GrpcClientProtocolClient (GrpcClientProtocolClient.java:onNext(255)) - client-CEF4D3493DC0->4ee04582-2825-4055-a051-0465d62eb5ca: receive RaftClientReply:client-CEF4D3493DC0->4ee04582-2825-4055-a051-0465d62eb5ca@group-78E0FE5F723E, cid=2126, SUCCESS, logIndex=0, commits[4ee04582-2825-4055-a051-0465d62eb5ca:c3180, 97f5b9f0-d9ef-40b5-ba79-7414923e623f:c3179, 7d686585-d831-45bc-93fc-0a553b604b0e:c3179]
2019-07-08 23:05:03,423 INFO  client.GrpcClientProtocolClient (GrpcClientProtocolClient.java:onNext(255)) - client-CEF4D3493DC0->4ee04582-2825-4055-a051-0465d62eb5ca: receive RaftClientReply:client-CEF4D3493DC0->4ee04582-2825-4055-a051-0465d62eb5ca@group-78E0FE5F723E, cid=2127, SUCCESS, logIndex=3182, commits[4ee04582-2825-4055-a051-0465d62eb5ca:c3183, 97f5b9f0-d9ef-40b5-ba79-7414923e623f:c3181, 7d686585-d831-45bc-93fc-0a553b604b0e:c3181]
2019-07-08 23:05:03,424 INFO  client.GrpcClientProtocolClient (GrpcClientProtocolClient.java:onNext(255)) - client-CEF4D3493DC0->4ee04582-2825-4055-a051-0465d62eb5ca: receive RaftClientReply:client-CEF4D3493DC0->4ee04582-2825-4055-a051-0465d62eb5ca@group-78E0FE5F723E, cid=2128, SUCCESS, logIndex=3183, commits[4ee04582-2825-4055-a051-0465d62eb5ca:c3185, 97f5b9f0-d9ef-40b5-ba79-7414923e623f:c3181, 7d686585-d831-45bc-93fc-0a553b604b0e:c3181]
2019-07-08 23:05:03,424 INFO  client.GrpcClientProtocolClient (GrpcClientProtocolClient.java:onNext(255)) - client-CEF4D3493DC0->4ee04582-2825-4055-a051-0465d62eb5ca: receive RaftClientReply:client-CEF4D3493DC0->4ee04582-2825-4055-a051-0465d62eb5ca@group-78E0FE5F723E, cid=2129, SUCCESS, logIndex=3184, commits[4ee04582-2825-4055-a051-0465d62eb5ca:c3185, 97f5b9f0-d9ef-40b5-ba79-7414923e623f:c3181, 7d686585-d831-45bc-93fc-0a553b604b0e:c3181]
2019-07-08 23:05:03,425 INFO  client.GrpcClientProtocolClient (GrpcClientProtocolClient.java:onNext(255)) - client-CEF4D3493DC0->4ee04582-2825-4055-a051-0465d62eb5ca: receive RaftClientReply:client-CEF4D3493DC0->4ee04582-2825-4055-a051-0465d62eb5ca@group-78E0FE5F723E, cid=2130, SUCCESS, logIndex=3185, commits[4ee04582-2825-4055-a051-0465d62eb5ca:c3185, 97f5b9f0-d9ef-40b5-ba79-7414923e623f:c3181, 7d686585-d831-45bc-93fc-0a553b604b0e:c3181]
2019-07-08 23:05:03,429 INFO  client.GrpcClientProtocolClient (GrpcClientProtocolClient.java:onNext(255)) - client-CEF4D3493DC0->4ee04582-2825-4055-a051-0465d62eb5ca: receive RaftClientReply:client-CEF4D3493DC0->4ee04582-2825-4055-a051-0465d62eb5ca@group-78E0FE5F723E, cid=2131, SUCCESS, logIndex=0, commits[4ee04582-2825-4055-a051-0465d62eb5ca:c3186, 97f5b9f0-d9ef-40b5-ba79-7414923e623f:c3183, 7d686585-d831-45bc-93fc-0a553b604b0e:c3183]
2019-07-08 23:05:03,440 INFO  client.GrpcClientProtocolClient (GrpcClientProtocolClient.java:onNext(255)) - client-CEF4D3493DC0->4ee04582-2825-4055-a051-0465d62eb5ca: receive RaftClientReply:client-CEF4D3493DC0->4ee04582-2825-4055-a051-0465d62eb5ca@group-78E0FE5F723E, cid=2132, SUCCESS, logIndex=3190, commits[4ee04582-2825-4055-a051-0465d62eb5ca:c3191, 97f5b9f0-d9ef-40b5-ba79-7414923e623f:c3189, 7d686585-d831-45bc-93fc-0a553b604b0e:c3185]
2019-07-08 23:05:03,441 INFO  client.GrpcClientProtocolClient (GrpcClientProtocolClient.java:onNext(255)) - client-CEF4D3493DC0->4ee04582-2825-4055-a051-0465d62eb5ca: receive RaftClientReply:client-CEF4D3493DC0->4ee04582-2825-4055-a051-0465d62eb5ca@group-78E0FE5F723E, cid=2133, SUCCESS, logIndex=3191, commits[4ee04582-2825-4055-a051-0465d62eb5ca:c3191, 97f5b9f0-d9ef-40b5-ba79-7414923e623f:c3189, 7d686585-d831-45bc-93fc-0a553b604b0e:c3189]
2019-07-08 23:05:03,450 INFO  client.GrpcClientProtocolClient (GrpcClientProtocolClient.java:onNext(255)) - client-CEF4D3493DC0->4ee04582-2825-4055-a051-0465d62eb5ca: receive RaftClientReply:client-CEF4D3493DC0->4ee04582-2825-4055-a051-0465d62eb5ca@group-78E0FE5F723E, cid=2134, SUCCESS, logIndex=3194, commits[4ee04582-2825-4055-a051-0465d62eb5ca:c3195, 97f5b9f0-d9ef-40b5-ba79-7414923e623f:c3193, 7d686585-d831-45bc-93fc-0a553b604b0e:c3191]
2019-07-08 23:05:03,450 INFO  client.GrpcClientProtocolClient (GrpcClientProtocolClient.java:onNext(255)) - client-CEF4D3493DC0->4ee04582-2825-4055-a051-0465d62eb5ca: receive RaftClientReply:client-CEF4D3493DC0->4ee04582-2825-4055-a051-0465d62eb5ca@group-78E0FE5F723E, cid=2135, SUCCESS, logIndex=3195, commits[4ee04582-2825-4055-a051-0465d62eb5ca:c3195, 97f5b9f0-d9ef-40b5-ba79-7414923e623f:c3193, 7d686585-d831-45bc-93fc-0a553b604b0e:c3193]
2019-07-08 23:05:03,452 INFO  client.GrpcClientProtocolClient (GrpcClientProtocolClient.java:onNext(255)) - client-CEF4D3493DC0->4ee04582-2825-4055-a051-0465d62eb5ca: receive RaftClientReply:client-CEF4D3493DC0->4ee04582-2825-4055-a051-0465d62eb5ca@group-78E0FE5F723E, cid=2136, SUCCESS, logIndex=0, commits[4ee04582-2825-4055-a051-0465d62eb5ca:c3196, 97f5b9f0-d9ef-40b5-ba79-7414923e623f:c3195, 7d686585-d831-45bc-93fc-0a553b604b0e:c3195]
2019-07-08 23:05:03,476 INFO  client.GrpcClientProtocolClient (GrpcClientProtocolClient.java:onNext(255)) - client-CEF4D3493DC0->4ee04582-2825-4055-a051-0465d62eb5ca: receive RaftClientReply:client-CEF4D3493DC0->4ee04582-2825-4055-a051-0465d62eb5ca@group-78E0FE5F723E, cid=2137, SUCCESS, logIndex=3198, commits[4ee04582-2825-4055-a051-0465d62eb5ca:c3199, 97f5b9f0-d9ef-40b5-ba79-7414923e623f:c3197, 7d686585-d831-45bc-93fc-0a553b604b0e:c3197]
2019-07-08 23:05:03,477 INFO  client.GrpcClientProtocolClient (GrpcClientProtocolClient.java:onNext(255)) - client-CEF4D3493DC0->4ee04582-2825-4055-a051-0465d62eb5ca: receive RaftClientReply:client-CEF4D3493DC0->4ee04582-2825-4055-a051-0465d62eb5ca@group-78E0FE5F723E, cid=2138, SUCCESS, logIndex=3199, commits[4ee04582-2825-4055-a051-0465d62eb5ca:c3201, 97f5b9f0-d9ef-40b5-ba79-7414923e623f:c3197, 7d686585-d831-45bc-93fc-0a553b604b0e:c3197]
2019-07-08 23:05:03,477 INFO  client.GrpcClientProtocolClient (GrpcClientProtocolClient.java:onNext(255)) - client-CEF4D3493DC0->4ee04582-2825-4055-a051-0465d62eb5ca: receive RaftClientReply:client-CEF4D3493DC0->4ee04582-2825-4055-a051-0465d62eb5ca@group-78E0FE5F723E, cid=2139, SUCCESS, logIndex=3200, commits[4ee04582-2825-4055-a051-0465d62eb5ca:c3201, 97f5b9f0-d9ef-40b5-ba79-7414923e623f:c3197, 7d686585-d831-45bc-93fc-0a553b604b0e:c3197]
2019-07-08 23:05:03,477 INFO  client.GrpcClientProtocolClient (GrpcClientProtocolClient.java:onNext(255)) - client-CEF4D3493DC0->4ee04582-2825-4055-a051-0465d62eb5ca: receive RaftClientReply:client-CEF4D3493DC0->4ee04582-2825-4055-a051-0465d62eb5ca@group-78E0FE5F723E, cid=2140, SUCCESS, logIndex=3201, commits[4ee04582-2825-4055-a051-0465d62eb5ca:c3201, 97f5b9f0-d9ef-40b5-ba79-7414923e623f:c3198, 7d686585-d831-45bc-93fc-0a553b604b0e:c3197]
2019-07-08 23:05:03,481 INFO  client.GrpcClientProtocolClient (GrpcClientProtocolClient.java:onNext(255)) - client-CEF4D3493DC0->4ee04582-2825-4055-a051-0465d62eb5ca: receive RaftClientReply:client-CEF4D3493DC0->4ee04582-2825-4055-a051-0465d62eb5ca@group-78E0FE5F723E, cid=2141, SUCCESS, logIndex=0, commits[4ee04582-2825-4055-a051-0465d62eb5ca:c3203, 97f5b9f0-d9ef-40b5-ba79-7414923e623f:c3199, 7d686585-d831-45bc-93fc-0a553b604b0e:c3199]
2019-07-08 23:05:03,499 INFO  client.GrpcClientProtocolClient (GrpcClientProtocolClient.java:onNext(255)) - client-CEF4D3493DC0->4ee04582-2825-4055-a051-0465d62eb5ca: receive RaftClientReply:client-CEF4D3493DC0->4ee04582-2825-4055-a051-0465d62eb5ca@group-78E0FE5F723E, cid=2142, SUCCESS, logIndex=3206, commits[4ee04582-2825-4055-a051-0465d62eb5ca:c3207, 97f5b9f0-d9ef-40b5-ba79-7414923e623f:c3205, 7d686585-d831-45bc-93fc-0a553b604b0e:c3205]
2019-07-08 23:05:03,500 INFO  client.GrpcClientProtocolClient (GrpcClientProtocolClient.java:onNext(255)) - client-CEF4D3493DC0->4ee04582-2825-4055-a051-0465d62eb5ca: receive RaftClientReply:client-CEF4D3493DC0->4ee04582-2825-4055-a051-0465d62eb5ca@group-78E0FE5F723E, cid=2143, SUCCESS, logIndex=3207, commits[4ee04582-2825-4055-a051-0465d62eb5ca:c3207, 97f5b9f0-d9ef-40b5-ba79-7414923e623f:c3205, 7d686585-d831-45bc-93fc-0a553b604b0e:c3205]
2019-07-08 23:05:03,511 INFO  client.GrpcClientProtocolClient (GrpcClientProtocolClient.java:onNext(255)) - client-CEF4D3493DC0->4ee04582-2825-4055-a051-0465d62eb5ca: receive RaftClientReply:client-CEF4D3493DC0->4ee04582-2825-4055-a051-0465d62eb5ca@group-78E0FE5F723E, cid=2144, SUCCESS, logIndex=3210, commits[4ee04582-2825-4055-a051-0465d62eb5ca:c3211, 97f5b9f0-d9ef-40b5-ba79-7414923e623f:c3209, 7d686585-d831-45bc-93fc-0a553b604b0e:c3209]
2019-07-08 23:05:03,512 INFO  client.GrpcClientProtocolClient (GrpcClientProtocolClient.java:onNext(255)) - client-CEF4D3493DC0->4ee04582-2825-4055-a051-0465d62eb5ca: receive RaftClientReply:client-CEF4D3493DC0->4ee04582-2825-4055-a051-0465d62eb5ca@group-78E0FE5F723E, cid=2145, SUCCESS, logIndex=3211, commits[4ee04582-2825-4055-a051-0465d62eb5ca:c3211, 97f5b9f0-d9ef-40b5-ba79-7414923e623f:c3209, 7d686585-d831-45bc-93fc-0a553b604b0e:c3209]
2019-07-08 23:05:03,517 INFO  client.GrpcClientProtocolClient (GrpcClientProtocolClient.java:onNext(255)) - client-CEF4D3493DC0->4ee04582-2825-4055-a051-0465d62eb5ca: receive RaftClientReply:client-CEF4D3493DC0->4ee04582-2825-4055-a051-0465d62eb5ca@group-78E0FE5F723E, cid=2146, SUCCESS, logIndex=0, commits[4ee04582-2825-4055-a051-0465d62eb5ca:c3212, 97f5b9f0-d9ef-40b5-ba79-7414923e623f:c3211, 7d686585-d831-45bc-93fc-0a553b604b0e:c3211]
2019-07-08 23:05:03,538 INFO  client.GrpcClientProtocolClient (GrpcClientProtocolClient.java:onNext(255)) - client-CEF4D3493DC0->4ee04582-2825-4055-a051-0465d62eb5ca: receive RaftClientReply:client-CEF4D3493DC0->4ee04582-2825-4055-a051-0465d62eb5ca@group-78E0FE5F723E, cid=2147, SUCCESS, logIndex=3214, commits[4ee04582-2825-4055-a051-0465d62eb5ca:c3215, 97f5b9f0-d9ef-40b5-ba79-7414923e623f:c3213, 7d686585-d831-45bc-93fc-0a553b604b0e:c3213]
2019-07-08 23:05:03,538 INFO  client.GrpcClientProtocolClient (GrpcClientProtocolClient.java:onNext(255)) - client-CEF4D3493DC0->4ee04582-2825-4055-a051-0465d62eb5ca: receive RaftClientReply:client-CEF4D3493DC0->4ee04582-2825-4055-a051-0465d62eb5ca@group-78E0FE5F723E, cid=2148, SUCCESS, logIndex=3215, commits[4ee04582-2825-4055-a051-0465d62eb5ca:c3215, 97f5b9f0-d9ef-40b5-ba79-7414923e623f:c3213, 7d686585-d831-45bc-93fc-0a553b604b0e:c3213]
2019-07-08 23:05:03,542 INFO  client.GrpcClientProtocolClient (GrpcClientProtocolClient.java:onNext(255)) - client-CEF4D3493DC0->4ee04582-2825-4055-a051-0465d62eb5ca: receive RaftClientReply:client-CEF4D3493DC0->4ee04582-2825-4055-a051-0465d62eb5ca@group-78E0FE5F723E, cid=2149, SUCCESS, logIndex=3216, commits[4ee04582-2825-4055-a051-0465d62eb5ca:c3217, 97f5b9f0-d9ef-40b5-ba79-7414923e623f:c3215, 7d686585-d831-45bc-93fc-0a553b604b0e:c3213]
2019-07-08 23:05:03,542 INFO  client.GrpcClientProtocolClient (GrpcClientProtocolClient.java:onNext(255)) - client-CEF4D3493DC0->4ee04582-2825-4055-a051-0465d62eb5ca: receive RaftClientReply:client-CEF4D3493DC0->4ee04582-2825-4055-a051-0465d62eb5ca@group-78E0FE5F723E, cid=2150, SUCCESS, logIndex=3217, commits[4ee04582-2825-4055-a051-0465d62eb5ca:c3218, 97f5b9f0-d9ef-40b5-ba79-7414923e623f:c3215, 7d686585-d831-45bc-93fc-0a553b604b0e:c3213]
2019-07-08 23:05:03,544 INFO  client.GrpcClientProtocolClient (GrpcClientProtocolClient.java:onNext(255)) - client-CEF4D3493DC0->4ee04582-2825-4055-a051-0465d62eb5ca: receive RaftClientReply:client-CEF4D3493DC0->4ee04582-2825-4055-a051-0465d62eb5ca@group-78E0FE5F723E, cid=2151, SUCCESS, logIndex=0, commits[4ee04582-2825-4055-a051-0465d62eb5ca:c3218, 97f5b9f0-d9ef-40b5-ba79-7414923e623f:c3215, 7d686585-d831-45bc-93fc-0a553b604b0e:c3215]
2019-07-08 23:05:03,553 INFO  client.GrpcClientProtocolClient (GrpcClientProtocolClient.java:onNext(255)) - client-CEF4D3493DC0->4ee04582-2825-4055-a051-0465d62eb5ca: receive RaftClientReply:client-CEF4D3493DC0->4ee04582-2825-4055-a051-0465d62eb5ca@group-78E0FE5F723E, cid=2152, SUCCESS, logIndex=3222, commits[4ee04582-2825-4055-a051-0465d62eb5ca:c3223, 97f5b9f0-d9ef-40b5-ba79-7414923e623f:c3221, 7d686585-d831-45bc-93fc-0a553b604b0e:c3217]
2019-07-08 23:05:03,554 INFO  client.GrpcClientProtocolClient (GrpcClientProtocolClient.java:onNext(255)) - client-CEF4D3493DC0->4ee04582-2825-4055-a051-0465d62eb5ca: receive RaftClientReply:client-CEF4D3493DC0->4ee04582-2825-4055-a051-0465d62eb5ca@group-78E0FE5F723E, cid=2153, SUCCESS, logIndex=3223, commits[4ee04582-2825-4055-a051-0465d62eb5ca:c3223, 97f5b9f0-d9ef-40b5-ba79-7414923e623f:c3221, 7d686585-d831-45bc-93fc-0a553b604b0e:c3221]
2019-07-08 23:05:03,564 INFO  client.GrpcClientProtocolClient (GrpcClientProtocolClient.java:onNext(255)) - client-CEF4D3493DC0->4ee04582-2825-4055-a051-0465d62eb5ca: receive RaftClientReply:client-CEF4D3493DC0->4ee04582-2825-4055-a051-0465d62eb5ca@group-78E0FE5F723E, cid=2154, SUCCESS, logIndex=3226, commits[4ee04582-2825-4055-a051-0465d62eb5ca:c3227, 97f5b9f0-d9ef-40b5-ba79-7414923e623f:c3225, 7d686585-d831-45bc-93fc-0a553b604b0e:c3225]
2019-07-08 23:05:03,564 INFO  client.GrpcClientProtocolClient (GrpcClientProtocolClient.java:onNext(255)) - client-CEF4D3493DC0->4ee04582-2825-4055-a051-0465d62eb5ca: receive RaftClientReply:client-CEF4D3493DC0->4ee04582-2825-4055-a051-0465d62eb5ca@group-78E0FE5F723E, cid=2155, SUCCESS, logIndex=3227, commits[4ee04582-2825-4055-a051-0465d62eb5ca:c3227, 97f5b9f0-d9ef-40b5-ba79-7414923e623f:c3225, 7d686585-d831-45bc-93fc-0a553b604b0e:c3225]
2019-07-08 23:05:03,565 INFO  client.GrpcClientProtocolClient (GrpcClientProtocolClient.java:onNext(255)) - client-CEF4D3493DC0->4ee04582-2825-4055-a051-0465d62eb5ca: receive RaftClientReply:client-CEF4D3493DC0->4ee04582-2825-4055-a051-0465d62eb5ca@group-78E0FE5F723E, cid=2156, SUCCESS, logIndex=0, commits[4ee04582-2825-4055-a051-0465d62eb5ca:c3228, 97f5b9f0-d9ef-40b5-ba79-7414923e623f:c3227, 7d686585-d831-45bc-93fc-0a553b604b0e:c3227]
2019-07-08 23:05:03,583 INFO  client.GrpcClientProtocolClient (GrpcClientProtocolClient.java:onNext(255)) - client-CEF4D3493DC0->4ee04582-2825-4055-a051-0465d62eb5ca: receive RaftClientReply:client-CEF4D3493DC0->4ee04582-2825-4055-a051-0465d62eb5ca@group-78E0FE5F723E, cid=2157, SUCCESS, logIndex=3230, commits[4ee04582-2825-4055-a051-0465d62eb5ca:c3231, 97f5b9f0-d9ef-40b5-ba79-7414923e623f:c3229, 7d686585-d831-45bc-93fc-0a553b604b0e:c3227]
2019-07-08 23:05:03,583 INFO  client.GrpcClientProtocolClient (GrpcClientProtocolClient.java:onNext(255)) - client-CEF4D3493DC0->4ee04582-2825-4055-a051-0465d62eb5ca: receive RaftClientReply:client-CEF4D3493DC0->4ee04582-2825-4055-a051-0465d62eb5ca@group-78E0FE5F723E, cid=2158, SUCCESS, logIndex=3231, commits[4ee04582-2825-4055-a051-0465d62eb5ca:c3231, 97f5b9f0-d9ef-40b5-ba79-7414923e623f:c3229, 7d686585-d831-45bc-93fc-0a553b604b0e:c3227]
2019-07-08 23:05:03,586 INFO  client.GrpcClientProtocolClient (GrpcClientProtocolClient.java:onNext(255)) - client-CEF4D3493DC0->4ee04582-2825-4055-a051-0465d62eb5ca: receive RaftClientReply:client-CEF4D3493DC0->4ee04582-2825-4055-a051-0465d62eb5ca@group-78E0FE5F723E, cid=2159, SUCCESS, logIndex=3232, commits[4ee04582-2825-4055-a051-0465d62eb5ca:c3234, 97f5b9f0-d9ef-40b5-ba79-7414923e623f:c3231, 7d686585-d831-45bc-93fc-0a553b604b0e:c3229]
2019-07-08 23:05:03,586 INFO  client.GrpcClientProtocolClient (GrpcClientProtocolClient.java:onNext(255)) - client-CEF4D3493DC0->4ee04582-2825-4055-a051-0465d62eb5ca: receive RaftClientReply:client-CEF4D3493DC0->4ee04582-2825-4055-a051-0465d62eb5ca@group-78E0FE5F723E, cid=2160, SUCCESS, logIndex=3233, commits[4ee04582-2825-4055-a051-0465d62eb5ca:c3234, 97f5b9f0-d9ef-40b5-ba79-7414923e623f:c3231, 7d686585-d831-45bc-93fc-0a553b604b0e:c3229]
2019-07-08 23:05:03,587 INFO  client.GrpcClientProtocolClient (GrpcClientProtocolClient.java:onNext(255)) - client-CEF4D3493DC0->4ee04582-2825-4055-a051-0465d62eb5ca: receive RaftClientReply:client-CEF4D3493DC0->4ee04582-2825-4055-a051-0465d62eb5ca@group-78E0FE5F723E, cid=2161, SUCCESS, logIndex=0, commits[4ee04582-2825-4055-a051-0465d62eb5ca:c3234, 97f5b9f0-d9ef-40b5-ba79-7414923e623f:c3231, 7d686585-d831-45bc-93fc-0a553b604b0e:c3231]
2019-07-08 23:05:03,598 INFO  client.GrpcClientProtocolClient (GrpcClientProtocolClient.java:onNext(255)) - client-CEF4D3493DC0->4ee04582-2825-4055-a051-0465d62eb5ca: receive RaftClientReply:client-CEF4D3493DC0->4ee04582-2825-4055-a051-0465d62eb5ca@group-78E0FE5F723E, cid=2162, SUCCESS, logIndex=3237, commits[4ee04582-2825-4055-a051-0465d62eb5ca:c3238, 97f5b9f0-d9ef-40b5-ba79-7414923e623f:c3233, 7d686585-d831-45bc-93fc-0a553b604b0e:c3235]
2019-07-08 23:05:03,598 INFO  client.GrpcClientProtocolClient (GrpcClientProtocolClient.java:onNext(255)) - client-CEF4D3493DC0->4ee04582-2825-4055-a051-0465d62eb5ca: receive RaftClientReply:client-CEF4D3493DC0->4ee04582-2825-4055-a051-0465d62eb5ca@group-78E0FE5F723E, cid=2163, SUCCESS, logIndex=3238, commits[4ee04582-2825-4055-a051-0465d62eb5ca:c3238, 97f5b9f0-d9ef-40b5-ba79-7414923e623f:c3235, 7d686585-d831-45bc-93fc-0a553b604b0e:c3235]
2019-07-08 23:05:03,609 INFO  client.GrpcClientProtocolClient (GrpcClientProtocolClient.java:onNext(255)) - client-CEF4D3493DC0->4ee04582-2825-4055-a051-0465d62eb5ca: receive RaftClientReply:client-CEF4D3493DC0->4ee04582-2825-4055-a051-0465d62eb5ca@group-78E0FE5F723E, cid=2164, SUCCESS, logIndex=3240, commits[4ee04582-2825-4055-a051-0465d62eb5ca:c3241, 97f5b9f0-d9ef-40b5-ba79-7414923e623f:c3239, 7d686585-d831-45bc-93fc-0a553b604b0e:c3238]
2019-07-08 23:05:03,610 INFO  client.GrpcClientProtocolClient (GrpcClientProtocolClient.java:onNext(255)) - client-CEF4D3493DC0->4ee04582-2825-4055-a051-0465d62eb5ca: receive RaftClientReply:client-CEF4D3493DC0->4ee04582-2825-4055-a051-0465d62eb5ca@group-78E0FE5F723E, cid=2165, SUCCESS, logIndex=3241, commits[4ee04582-2825-4055-a051-0465d62eb5ca:c3241, 97f5b9f0-d9ef-40b5-ba79-7414923e623f:c3239, 7d686585-d831-45bc-93fc-0a553b604b0e:c3239]
2019-07-08 23:05:03,615 INFO  client.GrpcClientProtocolClient (GrpcClientProtocolClient.java:onNext(255)) - client-CEF4D3493DC0->4ee04582-2825-4055-a051-0465d62eb5ca: receive RaftClientReply:client-CEF4D3493DC0->4ee04582-2825-4055-a051-0465d62eb5ca@group-78E0FE5F723E, cid=2166, SUCCESS, logIndex=0, commits[4ee04582-2825-4055-a051-0465d62eb5ca:c3242, 97f5b9f0-d9ef-40b5-ba79-7414923e623f:c3241, 7d686585-d831-45bc-93fc-0a553b604b0e:c3241]
2019-07-08 23:05:03,638 INFO  client.GrpcClientProtocolClient (GrpcClientProtocolClient.java:onNext(255)) - client-CEF4D3493DC0->4ee04582-2825-4055-a051-0465d62eb5ca: receive RaftClientReply:client-CEF4D3493DC0->4ee04582-2825-4055-a051-0465d62eb5ca@group-78E0FE5F723E, cid=2167, SUCCESS, logIndex=3244, commits[4ee04582-2825-4055-a051-0465d62eb5ca:c3245, 97f5b9f0-d9ef-40b5-ba79-7414923e623f:c3243, 7d686585-d831-45bc-93fc-0a553b604b0e:c3243]
2019-07-08 23:05:03,638 INFO  client.GrpcClientProtocolClient (GrpcClientProtocolClient.java:onNext(255)) - client-CEF4D3493DC0->4ee04582-2825-4055-a051-0465d62eb5ca: receive RaftClientReply:client-CEF4D3493DC0->4ee04582-2825-4055-a051-0465d62eb5ca@group-78E0FE5F723E, cid=2168, SUCCESS, logIndex=3245, commits[4ee04582-2825-4055-a051-0465d62eb5ca:c3247, 97f5b9f0-d9ef-40b5-ba79-7414923e623f:c3243, 7d686585-d831-45bc-93fc-0a553b604b0e:c3243]
2019-07-08 23:05:03,639 INFO  client.GrpcClientProtocolClient (GrpcClientProtocolClient.java:onNext(255)) - client-CEF4D3493DC0->4ee04582-2825-4055-a051-0465d62eb5ca: receive RaftClientReply:client-CEF4D3493DC0->4ee04582-2825-4055-a051-0465d62eb5ca@group-78E0FE5F723E, cid=2169, SUCCESS, logIndex=3246, commits[4ee04582-2825-4055-a051-0465d62eb5ca:c3247, 97f5b9f0-d9ef-40b5-ba79-7414923e623f:c3243, 7d686585-d831-45bc-93fc-0a553b604b0e:c3243]
2019-07-08 23:05:03,639 INFO  client.GrpcClientProtocolClient (GrpcClientProtocolClient.java:onNext(255)) - client-CEF4D3493DC0->4ee04582-2825-4055-a051-0465d62eb5ca: receive RaftClientReply:client-CEF4D3493DC0->4ee04582-2825-4055-a051-0465d62eb5ca@group-78E0FE5F723E, cid=2170, SUCCESS, logIndex=3247, commits[4ee04582-2825-4055-a051-0465d62eb5ca:c3248, 97f5b9f0-d9ef-40b5-ba79-7414923e623f:c3244, 7d686585-d831-45bc-93fc-0a553b604b0e:c3244]
2019-07-08 23:05:03,640 INFO  client.GrpcClientProtocolClient (GrpcClientProtocolClient.java:onNext(255)) - client-CEF4D3493DC0->4ee04582-2825-4055-a051-0465d62eb5ca: receive RaftClientReply:client-CEF4D3493DC0->4ee04582-2825-4055-a051-0465d62eb5ca@group-78E0FE5F723E, cid=2171, SUCCESS, logIndex=0, commits[4ee04582-2825-4055-a051-0465d62eb5ca:c3251, 97f5b9f0-d9ef-40b5-ba79-7414923e623f:c3247, 7d686585-d831-45bc-93fc-0a553b604b0e:c3245]
2019-07-08 23:05:03,658 INFO  client.GrpcClientProtocolClient (GrpcClientProtocolClient.java:onNext(255)) - client-CEF4D3493DC0->4ee04582-2825-4055-a051-0465d62eb5ca: receive RaftClientReply:client-CEF4D3493DC0->4ee04582-2825-4055-a051-0465d62eb5ca@group-78E0FE5F723E, cid=2172, SUCCESS, logIndex=3252, commits[4ee04582-2825-4055-a051-0465d62eb5ca:c3253, 97f5b9f0-d9ef-40b5-ba79-7414923e623f:c3251, 7d686585-d831-45bc-93fc-0a553b604b0e:c3251]
2019-07-08 23:05:03,658 INFO  client.GrpcClientProtocolClient (GrpcClientProtocolClient.java:onNext(255)) - client-CEF4D3493DC0->4ee04582-2825-4055-a051-0465d62eb5ca: receive RaftClientReply:client-CEF4D3493DC0->4ee04582-2825-4055-a051-0465d62eb5ca@group-78E0FE5F723E, cid=2173, SUCCESS, logIndex=3253, commits[4ee04582-2825-4055-a051-0465d62eb5ca:c3253, 97f5b9f0-d9ef-40b5-ba79-7414923e623f:c3251, 7d686585-d831-45bc-93fc-0a553b604b0e:c3251]
2019-07-08 23:05:03,672 INFO  client.GrpcClientProtocolClient (GrpcClientProtocolClient.java:onNext(255)) - client-CEF4D3493DC0->4ee04582-2825-4055-a051-0465d62eb5ca: receive RaftClientReply:client-CEF4D3493DC0->4ee04582-2825-4055-a051-0465d62eb5ca@group-78E0FE5F723E, cid=2174, SUCCESS, logIndex=3256, commits[4ee04582-2825-4055-a051-0465d62eb5ca:c3257, 97f5b9f0-d9ef-40b5-ba79-7414923e623f:c3255, 7d686585-d831-45bc-93fc-0a553b604b0e:c3253]
2019-07-08 23:05:03,673 INFO  client.GrpcClientProtocolClient (GrpcClientProtocolClient.java:onNext(255)) - client-CEF4D3493DC0->4ee04582-2825-4055-a051-0465d62eb5ca: receive RaftClientReply:client-CEF4D3493DC0->4ee04582-2825-4055-a051-0465d62eb5ca@group-78E0FE5F723E, cid=2175, SUCCESS, logIndex=3257, commits[4ee04582-2825-4055-a051-0465d62eb5ca:c3257, 97f5b9f0-d9ef-40b5-ba79-7414923e623f:c3255, 7d686585-d831-45bc-93fc-0a553b604b0e:c3253]
2019-07-08 23:05:03,674 INFO  client.GrpcClientProtocolClient (GrpcClientProtocolClient.java:onNext(255)) - client-CEF4D3493DC0->4ee04582-2825-4055-a051-0465d62eb5ca: receive RaftClientReply:client-CEF4D3493DC0->4ee04582-2825-4055-a051-0465d62eb5ca@group-78E0FE5F723E, cid=2176, SUCCESS, logIndex=0, commits[4ee04582-2825-4055-a051-0465d62eb5ca:c3258, 97f5b9f0-d9ef-40b5-ba79-7414923e623f:c3257, 7d686585-d831-45bc-93fc-0a553b604b0e:c3257]
2019-07-08 23:05:03,697 INFO  client.GrpcClientProtocolClient (GrpcClientProtocolClient.java:onNext(255)) - client-CEF4D3493DC0->4ee04582-2825-4055-a051-0465d62eb5ca: receive RaftClientReply:client-CEF4D3493DC0->4ee04582-2825-4055-a051-0465d62eb5ca@group-78E0FE5F723E, cid=2177, SUCCESS, logIndex=3260, commits[4ee04582-2825-4055-a051-0465d62eb5ca:c3261, 97f5b9f0-d9ef-40b5-ba79-7414923e623f:c3259, 7d686585-d831-45bc-93fc-0a553b604b0e:c3259]
2019-07-08 23:05:03,697 INFO  client.GrpcClientProtocolClient (GrpcClientProtocolClient.java:onNext(255)) - client-CEF4D3493DC0->4ee04582-2825-4055-a051-0465d62eb5ca: receive RaftClientReply:client-CEF4D3493DC0->4ee04582-2825-4055-a051-0465d62eb5ca@group-78E0FE5F723E, cid=2178, SUCCESS, logIndex=3261, commits[4ee04582-2825-4055-a051-0465d62eb5ca:c3263, 97f5b9f0-d9ef-40b5-ba79-7414923e623f:c3259, 7d686585-d831-45bc-93fc-0a553b604b0e:c3259]
2019-07-08 23:05:03,697 INFO  client.GrpcClientProtocolClient (GrpcClientProtocolClient.java:onNext(255)) - client-CEF4D3493DC0->4ee04582-2825-4055-a051-0465d62eb5ca: receive RaftClientReply:client-CEF4D3493DC0->4ee04582-2825-4055-a051-0465d62eb5ca@group-78E0FE5F723E, cid=2179, SUCCESS, logIndex=3262, commits[4ee04582-2825-4055-a051-0465d62eb5ca:c3263, 97f5b9f0-d9ef-40b5-ba79-7414923e623f:c3259, 7d686585-d831-45bc-93fc-0a553b604b0e:c3259]
2019-07-08 23:05:03,698 INFO  client.GrpcClientProtocolClient (GrpcClientProtocolClient.java:onNext(255)) - client-CEF4D3493DC0->4ee04582-2825-4055-a051-0465d62eb5ca: receive RaftClientReply:client-CEF4D3493DC0->4ee04582-2825-4055-a051-0465d62eb5ca@group-78E0FE5F723E, cid=2180, SUCCESS, logIndex=3263, commits[4ee04582-2825-4055-a051-0465d62eb5ca:c3263, 97f5b9f0-d9ef-40b5-ba79-7414923e623f:c3259, 7d686585-d831-45bc-93fc-0a553b604b0e:c3259]
2019-07-08 23:05:03,700 INFO  client.GrpcClientProtocolClient (GrpcClientProtocolClient.java:onNext(255)) - client-CEF4D3493DC0->4ee04582-2825-4055-a051-0465d62eb5ca: receive RaftClientReply:client-CEF4D3493DC0->4ee04582-2825-4055-a051-0465d62eb5ca@group-78E0FE5F723E, cid=2181, SUCCESS, logIndex=0, commits[4ee04582-2825-4055-a051-0465d62eb5ca:c3264, 97f5b9f0-d9ef-40b5-ba79-7414923e623f:c3261, 7d686585-d831-45bc-93fc-0a553b604b0e:c3261]
2019-07-08 23:05:03,712 INFO  client.GrpcClientProtocolClient (GrpcClientProtocolClient.java:onNext(255)) - client-CEF4D3493DC0->4ee04582-2825-4055-a051-0465d62eb5ca: receive RaftClientReply:client-CEF4D3493DC0->4ee04582-2825-4055-a051-0465d62eb5ca@group-78E0FE5F723E, cid=2182, SUCCESS, logIndex=3267, commits[4ee04582-2825-4055-a051-0465d62eb5ca:c3268, 97f5b9f0-d9ef-40b5-ba79-7414923e623f:c3266, 7d686585-d831-45bc-93fc-0a553b604b0e:c3263]
2019-07-08 23:05:03,713 INFO  client.GrpcClientProtocolClient (GrpcClientProtocolClient.java:onNext(255)) - client-CEF4D3493DC0->4ee04582-2825-4055-a051-0465d62eb5ca: receive RaftClientReply:client-CEF4D3493DC0->4ee04582-2825-4055-a051-0465d62eb5ca@group-78E0FE5F723E, cid=2183, SUCCESS, logIndex=3268, commits[4ee04582-2825-4055-a051-0465d62eb5ca:c3268, 97f5b9f0-d9ef-40b5-ba79-7414923e623f:c3266, 7d686585-d831-45bc-93fc-0a553b604b0e:c3266]
2019-07-08 23:05:03,723 INFO  client.GrpcClientProtocolClient (GrpcClientProtocolClient.java:onNext(255)) - client-CEF4D3493DC0->4ee04582-2825-4055-a051-0465d62eb5ca: receive RaftClientReply:client-CEF4D3493DC0->4ee04582-2825-4055-a051-0465d62eb5ca@group-78E0FE5F723E, cid=2184, SUCCESS, logIndex=3271, commits[4ee04582-2825-4055-a051-0465d62eb5ca:c3272, 97f5b9f0-d9ef-40b5-ba79-7414923e623f:c3270, 7d686585-d831-45bc-93fc-0a553b604b0e:c3268]
2019-07-08 23:05:03,723 INFO  client.GrpcClientProtocolClient (GrpcClientProtocolClient.java:onNext(255)) - client-CEF4D3493DC0->4ee04582-2825-4055-a051-0465d62eb5ca: receive RaftClientReply:client-CEF4D3493DC0->4ee04582-2825-4055-a051-0465d62eb5ca@group-78E0FE5F723E, cid=2185, SUCCESS, logIndex=3272, commits[4ee04582-2825-4055-a051-0465d62eb5ca:c3272, 97f5b9f0-d9ef-40b5-ba79-7414923e623f:c3270, 7d686585-d831-45bc-93fc-0a553b604b0e:c3268]
2019-07-08 23:05:03,729 INFO  client.GrpcClientProtocolClient (GrpcClientProtocolClient.java:onNext(255)) - client-CEF4D3493DC0->4ee04582-2825-4055-a051-0465d62eb5ca: receive RaftClientReply:client-CEF4D3493DC0->4ee04582-2825-4055-a051-0465d62eb5ca@group-78E0FE5F723E, cid=2186, SUCCESS, logIndex=0, commits[4ee04582-2825-4055-a051-0465d62eb5ca:c3274, 97f5b9f0-d9ef-40b5-ba79-7414923e623f:c3272, 7d686585-d831-45bc-93fc-0a553b604b0e:c3272]
2019-07-08 23:05:03,749 INFO  client.GrpcClientProtocolClient (GrpcClientProtocolClient.java:onNext(255)) - client-CEF4D3493DC0->4ee04582-2825-4055-a051-0465d62eb5ca: receive RaftClientReply:client-CEF4D3493DC0->4ee04582-2825-4055-a051-0465d62eb5ca@group-78E0FE5F723E, cid=2187, SUCCESS, logIndex=3275, commits[4ee04582-2825-4055-a051-0465d62eb5ca:c3276, 97f5b9f0-d9ef-40b5-ba79-7414923e623f:c3272, 7d686585-d831-45bc-93fc-0a553b604b0e:c3274]
2019-07-08 23:05:03,749 INFO  client.GrpcClientProtocolClient (GrpcClientProtocolClient.java:onNext(255)) - client-CEF4D3493DC0->4ee04582-2825-4055-a051-0465d62eb5ca: receive RaftClientReply:client-CEF4D3493DC0->4ee04582-2825-4055-a051-0465d62eb5ca@group-78E0FE5F723E, cid=2188, SUCCESS, logIndex=3276, commits[4ee04582-2825-4055-a051-0465d62eb5ca:c3276, 97f5b9f0-d9ef-40b5-ba79-7414923e623f:c3274, 7d686585-d831-45bc-93fc-0a553b604b0e:c3274]
2019-07-08 23:05:03,751 INFO  client.GrpcClientProtocolClient (GrpcClientProtocolClient.java:onNext(255)) - client-CEF4D3493DC0->4ee04582-2825-4055-a051-0465d62eb5ca: receive RaftClientReply:client-CEF4D3493DC0->4ee04582-2825-4055-a051-0465d62eb5ca@group-78E0FE5F723E, cid=2189, SUCCESS, logIndex=3277, commits[4ee04582-2825-4055-a051-0465d62eb5ca:c3279, 97f5b9f0-d9ef-40b5-ba79-7414923e623f:c3276, 7d686585-d831-45bc-93fc-0a553b604b0e:c3276]
2019-07-08 23:05:03,751 INFO  client.GrpcClientProtocolClient (GrpcClientProtocolClient.java:onNext(255)) - client-CEF4D3493DC0->4ee04582-2825-4055-a051-0465d62eb5ca: receive RaftClientReply:client-CEF4D3493DC0->4ee04582-2825-4055-a051-0465d62eb5ca@group-78E0FE5F723E, cid=2190, SUCCESS, logIndex=3278, commits[4ee04582-2825-4055-a051-0465d62eb5ca:c3280, 97f5b9f0-d9ef-40b5-ba79-7414923e623f:c3276, 7d686585-d831-45bc-93fc-0a553b604b0e:c3276]
2019-07-08 23:05:03,763 INFO  client.GrpcClientProtocolClient (GrpcClientProtocolClient.java:onNext(255)) - client-CEF4D3493DC0->4ee04582-2825-4055-a051-0465d62eb5ca: receive RaftClientReply:client-CEF4D3493DC0->4ee04582-2825-4055-a051-0465d62eb5ca@group-78E0FE5F723E, cid=2191, SUCCESS, logIndex=3283, commits[4ee04582-2825-4055-a051-0465d62eb5ca:c3284, 97f5b9f0-d9ef-40b5-ba79-7414923e623f:c3281, 7d686585-d831-45bc-93fc-0a553b604b0e:c3278]
2019-07-08 23:05:03,763 INFO  client.GrpcClientProtocolClient (GrpcClientProtocolClient.java:onNext(255)) - client-CEF4D3493DC0->4ee04582-2825-4055-a051-0465d62eb5ca: receive RaftClientReply:client-CEF4D3493DC0->4ee04582-2825-4055-a051-0465d62eb5ca@group-78E0FE5F723E, cid=2192, SUCCESS, logIndex=3284, commits[4ee04582-2825-4055-a051-0465d62eb5ca:c3284, 97f5b9f0-d9ef-40b5-ba79-7414923e623f:c3281, 7d686585-d831-45bc-93fc-0a553b604b0e:c3281]
2019-07-08 23:05:03,774 INFO  client.GrpcClientProtocolClient (GrpcClientProtocolClient.java:onNext(255)) - client-CEF4D3493DC0->4ee04582-2825-4055-a051-0465d62eb5ca: receive RaftClientReply:client-CEF4D3493DC0->4ee04582-2825-4055-a051-0465d62eb5ca@group-78E0FE5F723E, cid=2193, SUCCESS, logIndex=3287, commits[4ee04582-2825-4055-a051-0465d62eb5ca:c3288, 97f5b9f0-d9ef-40b5-ba79-7414923e623f:c3285, 7d686585-d831-45bc-93fc-0a553b604b0e:c3284]
2019-07-08 23:05:03,774 INFO  client.GrpcClientProtocolClient (GrpcClientProtocolClient.java:onNext(255)) - client-CEF4D3493DC0->4ee04582-2825-4055-a051-0465d62eb5ca: receive RaftClientReply:client-CEF4D3493DC0->4ee04582-2825-4055-a051-0465d62eb5ca@group-78E0FE5F723E, cid=2194, SUCCESS, logIndex=3288, commits[4ee04582-2825-4055-a051-0465d62eb5ca:c3288, 97f5b9f0-d9ef-40b5-ba79-7414923e623f:c3285, 7d686585-d831-45bc-93fc-0a553b604b0e:c3285]
2019-07-08 23:05:03,777 INFO  client.GrpcClientProtocolClient (GrpcClientProtocolClient.java:onNext(255)) - client-CEF4D3493DC0->4ee04582-2825-4055-a051-0465d62eb5ca: receive RaftClientReply:client-CEF4D3493DC0->4ee04582-2825-4055-a051-0465d62eb5ca@group-78E0FE5F723E, cid=2195, SUCCESS, logIndex=0, commits[4ee04582-2825-4055-a051-0465d62eb5ca:c3289, 97f5b9f0-d9ef-40b5-ba79-7414923e623f:c3288, 7d686585-d831-45bc-93fc-0a553b604b0e:c3288]
 0.00% |█                                                                                                    |  0/1 Time: 0:00:132019-07-08 23:05:03,896 INFO  client.GrpcClientProtocolClient (GrpcClientProtocolClient.java:onNext(255)) - client-CEF4D3493DC0->4ee04582-2825-4055-a051-0465d62eb5ca: receive RaftClientReply:client-CEF4D3493DC0->4ee04582-2825-4055-a051-0465d62eb5ca@group-78E0FE5F723E, cid=2196, SUCCESS, logIndex=3291, commits[4ee04582-2825-4055-a051-0465d62eb5ca:c3292, 97f5b9f0-d9ef-40b5-ba79-7414923e623f:c3290, 7d686585-d831-45bc-93fc-0a553b604b0e:c3290]
2019-07-08 23:05:03,897 INFO  client.GrpcClientProtocolClient (GrpcClientProtocolClient.java:onNext(255)) - client-CEF4D3493DC0->4ee04582-2825-4055-a051-0465d62eb5ca: receive RaftClientReply:client-CEF4D3493DC0->4ee04582-2825-4055-a051-0465d62eb5ca@group-78E0FE5F723E, cid=2197, SUCCESS, logIndex=3292, commits[4ee04582-2825-4055-a051-0465d62eb5ca:c3292, 97f5b9f0-d9ef-40b5-ba79-7414923e623f:c3290, 7d686585-d831-45bc-93fc-0a553b604b0e:c3290]
2019-07-08 23:05:03,899 INFO  client.GrpcClientProtocolClient (GrpcClientProtocolClient.java:onNext(255)) - client-CEF4D3493DC0->4ee04582-2825-4055-a051-0465d62eb5ca: receive RaftClientReply:client-CEF4D3493DC0->4ee04582-2825-4055-a051-0465d62eb5ca@group-78E0FE5F723E, cid=2198, SUCCESS, logIndex=3293, commits[4ee04582-2825-4055-a051-0465d62eb5ca:c3293, 97f5b9f0-d9ef-40b5-ba79-7414923e623f:c3290, 7d686585-d831-45bc-93fc-0a553b604b0e:c3290]
2019-07-08 23:05:03,899 INFO  client.GrpcClientProtocolClient (GrpcClientProtocolClient.java:onNext(255)) - client-CEF4D3493DC0->4ee04582-2825-4055-a051-0465d62eb5ca: receive RaftClientReply:client-CEF4D3493DC0->4ee04582-2825-4055-a051-0465d62eb5ca@group-78E0FE5F723E, cid=2199, SUCCESS, logIndex=3294, commits[4ee04582-2825-4055-a051-0465d62eb5ca:c3295, 97f5b9f0-d9ef-40b5-ba79-7414923e623f:c3292, 7d686585-d831-45bc-93fc-0a553b604b0e:c3292]
2019-07-08 23:05:03,920 INFO  client.GrpcClientProtocolClient (GrpcClientProtocolClient.java:onNext(255)) - client-CEF4D3493DC0->4ee04582-2825-4055-a051-0465d62eb5ca: receive RaftClientReply:client-CEF4D3493DC0->4ee04582-2825-4055-a051-0465d62eb5ca@group-78E0FE5F723E, cid=2200, SUCCESS, logIndex=3298, commits[4ee04582-2825-4055-a051-0465d62eb5ca:c3299, 97f5b9f0-d9ef-40b5-ba79-7414923e623f:c3297, 7d686585-d831-45bc-93fc-0a553b604b0e:c3297]
2019-07-08 23:05:03,920 INFO  client.GrpcClientProtocolClient (GrpcClientProtocolClient.java:onNext(255)) - client-CEF4D3493DC0->4ee04582-2825-4055-a051-0465d62eb5ca: receive RaftClientReply:client-CEF4D3493DC0->4ee04582-2825-4055-a051-0465d62eb5ca@group-78E0FE5F723E, cid=2201, SUCCESS, logIndex=3299, commits[4ee04582-2825-4055-a051-0465d62eb5ca:c3299, 97f5b9f0-d9ef-40b5-ba79-7414923e623f:c3297, 7d686585-d831-45bc-93fc-0a553b604b0e:c3297]
2019-07-08 23:05:03,936 INFO  client.GrpcClientProtocolClient (GrpcClientProtocolClient.java:onNext(255)) - client-CEF4D3493DC0->4ee04582-2825-4055-a051-0465d62eb5ca: receive RaftClientReply:client-CEF4D3493DC0->4ee04582-2825-4055-a051-0465d62eb5ca@group-78E0FE5F723E, cid=2202, SUCCESS, logIndex=3302, commits[4ee04582-2825-4055-a051-0465d62eb5ca:c3303, 97f5b9f0-d9ef-40b5-ba79-7414923e623f:c3299, 7d686585-d831-45bc-93fc-0a553b604b0e:c3299]
2019-07-08 23:05:03,936 INFO  client.GrpcClientProtocolClient (GrpcClientProtocolClient.java:onNext(255)) - client-CEF4D3493DC0->4ee04582-2825-4055-a051-0465d62eb5ca: receive RaftClientReply:client-CEF4D3493DC0->4ee04582-2825-4055-a051-0465d62eb5ca@group-78E0FE5F723E, cid=2203, SUCCESS, logIndex=3303, commits[4ee04582-2825-4055-a051-0465d62eb5ca:c3303, 97f5b9f0-d9ef-40b5-ba79-7414923e623f:c3299, 7d686585-d831-45bc-93fc-0a553b604b0e:c3299]
2019-07-08 23:05:03,941 INFO  client.GrpcClientProtocolClient (GrpcClientProtocolClient.java:onNext(255)) - client-CEF4D3493DC0->4ee04582-2825-4055-a051-0465d62eb5ca: receive RaftClientReply:client-CEF4D3493DC0->4ee04582-2825-4055-a051-0465d62eb5ca@group-78E0FE5F723E, cid=2204, SUCCESS, logIndex=0, commits[4ee04582-2825-4055-a051-0465d62eb5ca:c3304, 97f5b9f0-d9ef-40b5-ba79-7414923e623f:c3303, 7d686585-d831-45bc-93fc-0a553b604b0e:c3303]
2019-07-08 23:05:03,966 INFO  client.GrpcClientProtocolClient (GrpcClientProtocolClient.java:onNext(255)) - client-CEF4D3493DC0->4ee04582-2825-4055-a051-0465d62eb5ca: receive RaftClientReply:client-CEF4D3493DC0->4ee04582-2825-4055-a051-0465d62eb5ca@group-78E0FE5F723E, cid=2205, SUCCESS, logIndex=3306, commits[4ee04582-2825-4055-a051-0465d62eb5ca:c3307, 97f5b9f0-d9ef-40b5-ba79-7414923e623f:c3305, 7d686585-d831-45bc-93fc-0a553b604b0e:c3303]
2019-07-08 23:05:03,967 INFO  client.GrpcClientProtocolClient (GrpcClientProtocolClient.java:onNext(255)) - client-CEF4D3493DC0->4ee04582-2825-4055-a051-0465d62eb5ca: receive RaftClientReply:client-CEF4D3493DC0->4ee04582-2825-4055-a051-0465d62eb5ca@group-78E0FE5F723E, cid=2206, SUCCESS, logIndex=3307, commits[4ee04582-2825-4055-a051-0465d62eb5ca:c3307, 97f5b9f0-d9ef-40b5-ba79-7414923e623f:c3305, 7d686585-d831-45bc-93fc-0a553b604b0e:c3303]
2019-07-08 23:05:03,972 INFO  client.GrpcClientProtocolClient (GrpcClientProtocolClient.java:onNext(255)) - client-CEF4D3493DC0->4ee04582-2825-4055-a051-0465d62eb5ca: receive RaftClientReply:client-CEF4D3493DC0->4ee04582-2825-4055-a051-0465d62eb5ca@group-78E0FE5F723E, cid=2207, SUCCESS, logIndex=3308, commits[4ee04582-2825-4055-a051-0465d62eb5ca:c3309, 97f5b9f0-d9ef-40b5-ba79-7414923e623f:c3305, 7d686585-d831-45bc-93fc-0a553b604b0e:c3305]
2019-07-08 23:05:03,972 INFO  client.GrpcClientProtocolClient (GrpcClientProtocolClient.java:onNext(255)) - client-CEF4D3493DC0->4ee04582-2825-4055-a051-0465d62eb5ca: receive RaftClientReply:client-CEF4D3493DC0->4ee04582-2825-4055-a051-0465d62eb5ca@group-78E0FE5F723E, cid=2208, SUCCESS, logIndex=3309, commits[4ee04582-2825-4055-a051-0465d62eb5ca:c3310, 97f5b9f0-d9ef-40b5-ba79-7414923e623f:c3306, 7d686585-d831-45bc-93fc-0a553b604b0e:c3307]
2019-07-08 23:05:03,973 INFO  client.GrpcClientProtocolClient (GrpcClientProtocolClient.java:onNext(255)) - client-CEF4D3493DC0->4ee04582-2825-4055-a051-0465d62eb5ca: receive RaftClientReply:client-CEF4D3493DC0->4ee04582-2825-4055-a051-0465d62eb5ca@group-78E0FE5F723E, cid=2209, SUCCESS, logIndex=0, commits[4ee04582-2825-4055-a051-0465d62eb5ca:c3311, 97f5b9f0-d9ef-40b5-ba79-7414923e623f:c3307, 7d686585-d831-45bc-93fc-0a553b604b0e:c3307]
2019-07-08 23:05:03,987 INFO  client.GrpcClientProtocolClient (GrpcClientProtocolClient.java:onNext(255)) - client-CEF4D3493DC0->4ee04582-2825-4055-a051-0465d62eb5ca: receive RaftClientReply:client-CEF4D3493DC0->4ee04582-2825-4055-a051-0465d62eb5ca@group-78E0FE5F723E, cid=2210, SUCCESS, logIndex=3314, commits[4ee04582-2825-4055-a051-0465d62eb5ca:c3315, 97f5b9f0-d9ef-40b5-ba79-7414923e623f:c3313, 7d686585-d831-45bc-93fc-0a553b604b0e:c3313]
2019-07-08 23:05:03,987 INFO  client.GrpcClientProtocolClient (GrpcClientProtocolClient.java:onNext(255)) - client-CEF4D3493DC0->4ee04582-2825-4055-a051-0465d62eb5ca: receive RaftClientReply:client-CEF4D3493DC0->4ee04582-2825-4055-a051-0465d62eb5ca@group-78E0FE5F723E, cid=2211, SUCCESS, logIndex=3315, commits[4ee04582-2825-4055-a051-0465d62eb5ca:c3315, 97f5b9f0-d9ef-40b5-ba79-7414923e623f:c3313, 7d686585-d831-45bc-93fc-0a553b604b0e:c3313]
2019-07-08 23:05:04,000 INFO  client.GrpcClientProtocolClient (GrpcClientProtocolClient.java:onNext(255)) - client-CEF4D3493DC0->4ee04582-2825-4055-a051-0465d62eb5ca: receive RaftClientReply:client-CEF4D3493DC0->4ee04582-2825-4055-a051-0465d62eb5ca@group-78E0FE5F723E, cid=2212, SUCCESS, logIndex=3318, commits[4ee04582-2825-4055-a051-0465d62eb5ca:c3319, 97f5b9f0-d9ef-40b5-ba79-7414923e623f:c3316, 7d686585-d831-45bc-93fc-0a553b604b0e:c3315]
2019-07-08 23:05:04,000 INFO  client.GrpcClientProtocolClient (GrpcClientProtocolClient.java:onNext(255)) - client-CEF4D3493DC0->4ee04582-2825-4055-a051-0465d62eb5ca: receive RaftClientReply:client-CEF4D3493DC0->4ee04582-2825-4055-a051-0465d62eb5ca@group-78E0FE5F723E, cid=2213, SUCCESS, logIndex=3319, commits[4ee04582-2825-4055-a051-0465d62eb5ca:c3319, 97f5b9f0-d9ef-40b5-ba79-7414923e623f:c3316, 7d686585-d831-45bc-93fc-0a553b604b0e:c3316]
2019-07-08 23:05:04,002 INFO  client.GrpcClientProtocolClient (GrpcClientProtocolClient.java:onNext(255)) - client-CEF4D3493DC0->4ee04582-2825-4055-a051-0465d62eb5ca: receive RaftClientReply:client-CEF4D3493DC0->4ee04582-2825-4055-a051-0465d62eb5ca@group-78E0FE5F723E, cid=2214, SUCCESS, logIndex=0, commits[4ee04582-2825-4055-a051-0465d62eb5ca:c3320, 97f5b9f0-d9ef-40b5-ba79-7414923e623f:c3319, 7d686585-d831-45bc-93fc-0a553b604b0e:c3319]
2019-07-08 23:05:04,023 INFO  client.GrpcClientProtocolClient (GrpcClientProtocolClient.java:onNext(255)) - client-CEF4D3493DC0->4ee04582-2825-4055-a051-0465d62eb5ca: receive RaftClientReply:client-CEF4D3493DC0->4ee04582-2825-4055-a051-0465d62eb5ca@group-78E0FE5F723E, cid=2215, SUCCESS, logIndex=3322, commits[4ee04582-2825-4055-a051-0465d62eb5ca:c3323, 97f5b9f0-d9ef-40b5-ba79-7414923e623f:c3321, 7d686585-d831-45bc-93fc-0a553b604b0e:c3319]
2019-07-08 23:05:04,023 INFO  client.GrpcClientProtocolClient (GrpcClientProtocolClient.java:onNext(255)) - client-CEF4D3493DC0->4ee04582-2825-4055-a051-0465d62eb5ca: receive RaftClientReply:client-CEF4D3493DC0->4ee04582-2825-4055-a051-0465d62eb5ca@group-78E0FE5F723E, cid=2216, SUCCESS, logIndex=3323, commits[4ee04582-2825-4055-a051-0465d62eb5ca:c3323, 97f5b9f0-d9ef-40b5-ba79-7414923e623f:c3321, 7d686585-d831-45bc-93fc-0a553b604b0e:c3321]
2019-07-08 23:05:04,026 INFO  client.GrpcClientProtocolClient (GrpcClientProtocolClient.java:onNext(255)) - client-CEF4D3493DC0->4ee04582-2825-4055-a051-0465d62eb5ca: receive RaftClientReply:client-CEF4D3493DC0->4ee04582-2825-4055-a051-0465d62eb5ca@group-78E0FE5F723E, cid=2217, SUCCESS, logIndex=3324, commits[4ee04582-2825-4055-a051-0465d62eb5ca:c3327, 97f5b9f0-d9ef-40b5-ba79-7414923e623f:c3323, 7d686585-d831-45bc-93fc-0a553b604b0e:c3321]
2019-07-08 23:05:04,027 INFO  client.GrpcClientProtocolClient (GrpcClientProtocolClient.java:onNext(255)) - client-CEF4D3493DC0->4ee04582-2825-4055-a051-0465d62eb5ca: receive RaftClientReply:client-CEF4D3493DC0->4ee04582-2825-4055-a051-0465d62eb5ca@group-78E0FE5F723E, cid=2218, SUCCESS, logIndex=3325, commits[4ee04582-2825-4055-a051-0465d62eb5ca:c3327, 97f5b9f0-d9ef-40b5-ba79-7414923e623f:c3323, 7d686585-d831-45bc-93fc-0a553b604b0e:c3321]
2019-07-08 23:05:04,028 INFO  client.GrpcClientProtocolClient (GrpcClientProtocolClient.java:onNext(255)) - client-CEF4D3493DC0->4ee04582-2825-4055-a051-0465d62eb5ca: receive RaftClientReply:client-CEF4D3493DC0->4ee04582-2825-4055-a051-0465d62eb5ca@group-78E0FE5F723E, cid=2219, SUCCESS, logIndex=0, commits[4ee04582-2825-4055-a051-0465d62eb5ca:c3327, 97f5b9f0-d9ef-40b5-ba79-7414923e623f:c3323, 7d686585-d831-45bc-93fc-0a553b604b0e:c3323]
2019-07-08 23:05:04,042 INFO  client.GrpcClientProtocolClient (GrpcClientProtocolClient.java:onNext(255)) - client-CEF4D3493DC0->4ee04582-2825-4055-a051-0465d62eb5ca: receive RaftClientReply:client-CEF4D3493DC0->4ee04582-2825-4055-a051-0465d62eb5ca@group-78E0FE5F723E, cid=2220, SUCCESS, logIndex=3330, commits[4ee04582-2825-4055-a051-0465d62eb5ca:c3330, 97f5b9f0-d9ef-40b5-ba79-7414923e623f:c3329, 7d686585-d831-45bc-93fc-0a553b604b0e:c3325]
2019-07-08 23:05:04,043 INFO  client.GrpcClientProtocolClient (GrpcClientProtocolClient.java:onNext(255)) - client-CEF4D3493DC0->4ee04582-2825-4055-a051-0465d62eb5ca: receive RaftClientReply:client-CEF4D3493DC0->4ee04582-2825-4055-a051-0465d62eb5ca@group-78E0FE5F723E, cid=2221, SUCCESS, logIndex=3331, commits[4ee04582-2825-4055-a051-0465d62eb5ca:c3331, 97f5b9f0-d9ef-40b5-ba79-7414923e623f:c3329, 7d686585-d831-45bc-93fc-0a553b604b0e:c3329]
2019-07-08 23:05:04,061 INFO  client.GrpcClientProtocolClient (GrpcClientProtocolClient.java:onNext(255)) - client-CEF4D3493DC0->4ee04582-2825-4055-a051-0465d62eb5ca: receive RaftClientReply:client-CEF4D3493DC0->4ee04582-2825-4055-a051-0465d62eb5ca@group-78E0FE5F723E, cid=2222, SUCCESS, logIndex=3334, commits[4ee04582-2825-4055-a051-0465d62eb5ca:c3335, 97f5b9f0-d9ef-40b5-ba79-7414923e623f:c3333, 7d686585-d831-45bc-93fc-0a553b604b0e:c3333]
2019-07-08 23:05:04,061 INFO  client.GrpcClientProtocolClient (GrpcClientProtocolClient.java:onNext(255)) - client-CEF4D3493DC0->4ee04582-2825-4055-a051-0465d62eb5ca: receive RaftClientReply:client-CEF4D3493DC0->4ee04582-2825-4055-a051-0465d62eb5ca@group-78E0FE5F723E, cid=2223, SUCCESS, logIndex=3335, commits[4ee04582-2825-4055-a051-0465d62eb5ca:c3335, 97f5b9f0-d9ef-40b5-ba79-7414923e623f:c3333, 7d686585-d831-45bc-93fc-0a553b604b0e:c3333]
2019-07-08 23:05:04,063 INFO  client.GrpcClientProtocolClient (GrpcClientProtocolClient.java:onNext(255)) - client-CEF4D3493DC0->4ee04582-2825-4055-a051-0465d62eb5ca: receive RaftClientReply:client-CEF4D3493DC0->4ee04582-2825-4055-a051-0465d62eb5ca@group-78E0FE5F723E, cid=2224, SUCCESS, logIndex=0, commits[4ee04582-2825-4055-a051-0465d62eb5ca:c3335, 97f5b9f0-d9ef-40b5-ba79-7414923e623f:c3335, 7d686585-d831-45bc-93fc-0a553b604b0e:c3335]
2019-07-08 23:05:04,082 INFO  client.GrpcClientProtocolClient (GrpcClientProtocolClient.java:onNext(255)) - client-CEF4D3493DC0->4ee04582-2825-4055-a051-0465d62eb5ca: receive RaftClientReply:client-CEF4D3493DC0->4ee04582-2825-4055-a051-0465d62eb5ca@group-78E0FE5F723E, cid=2225, SUCCESS, logIndex=3338, commits[4ee04582-2825-4055-a051-0465d62eb5ca:c3339, 97f5b9f0-d9ef-40b5-ba79-7414923e623f:c3337, 7d686585-d831-45bc-93fc-0a553b604b0e:c3335]
2019-07-08 23:05:04,083 INFO  client.GrpcClientProtocolClient (GrpcClientProtocolClient.java:onNext(255)) - client-CEF4D3493DC0->4ee04582-2825-4055-a051-0465d62eb5ca: receive RaftClientReply:client-CEF4D3493DC0->4ee04582-2825-4055-a051-0465d62eb5ca@group-78E0FE5F723E, cid=2226, SUCCESS, logIndex=3339, commits[4ee04582-2825-4055-a051-0465d62eb5ca:c3339, 97f5b9f0-d9ef-40b5-ba79-7414923e623f:c3337, 7d686585-d831-45bc-93fc-0a553b604b0e:c3335]
2019-07-08 23:05:04,083 INFO  client.GrpcClientProtocolClient (GrpcClientProtocolClient.java:onNext(255)) - client-CEF4D3493DC0->4ee04582-2825-4055-a051-0465d62eb5ca: receive RaftClientReply:client-CEF4D3493DC0->4ee04582-2825-4055-a051-0465d62eb5ca@group-78E0FE5F723E, cid=2227, SUCCESS, logIndex=3340, commits[4ee04582-2825-4055-a051-0465d62eb5ca:c3341, 97f5b9f0-d9ef-40b5-ba79-7414923e623f:c3337, 7d686585-d831-45bc-93fc-0a553b604b0e:c3335]
2019-07-08 23:05:04,083 INFO  client.GrpcClientProtocolClient (GrpcClientProtocolClient.java:onNext(255)) - client-CEF4D3493DC0->4ee04582-2825-4055-a051-0465d62eb5ca: receive RaftClientReply:client-CEF4D3493DC0->4ee04582-2825-4055-a051-0465d62eb5ca@group-78E0FE5F723E, cid=2228, SUCCESS, logIndex=3341, commits[4ee04582-2825-4055-a051-0465d62eb5ca:c3341, 97f5b9f0-d9ef-40b5-ba79-7414923e623f:c3337, 7d686585-d831-45bc-93fc-0a553b604b0e:c3335]
2019-07-08 23:05:04,089 INFO  client.GrpcClientProtocolClient (GrpcClientProtocolClient.java:onNext(255)) - client-CEF4D3493DC0->4ee04582-2825-4055-a051-0465d62eb5ca: receive RaftClientReply:client-CEF4D3493DC0->4ee04582-2825-4055-a051-0465d62eb5ca@group-78E0FE5F723E, cid=2229, SUCCESS, logIndex=0, commits[4ee04582-2825-4055-a051-0465d62eb5ca:c3343, 97f5b9f0-d9ef-40b5-ba79-7414923e623f:c3339, 7d686585-d831-45bc-93fc-0a553b604b0e:c3339]
2019-07-08 23:05:04,100 INFO  client.GrpcClientProtocolClient (GrpcClientProtocolClient.java:onNext(255)) - client-CEF4D3493DC0->4ee04582-2825-4055-a051-0465d62eb5ca: receive RaftClientReply:client-CEF4D3493DC0->4ee04582-2825-4055-a051-0465d62eb5ca@group-78E0FE5F723E, cid=2230, SUCCESS, logIndex=3346, commits[4ee04582-2825-4055-a051-0465d62eb5ca:c3347, 97f5b9f0-d9ef-40b5-ba79-7414923e623f:c3345, 7d686585-d831-45bc-93fc-0a553b604b0e:c3341]
2019-07-08 23:05:04,100 INFO  client.GrpcClientProtocolClient (GrpcClientProtocolClient.java:onNext(255)) - client-CEF4D3493DC0->4ee04582-2825-4055-a051-0465d62eb5ca: receive RaftClientReply:client-CEF4D3493DC0->4ee04582-2825-4055-a051-0465d62eb5ca@group-78E0FE5F723E, cid=2231, SUCCESS, logIndex=3347, commits[4ee04582-2825-4055-a051-0465d62eb5ca:c3347, 97f5b9f0-d9ef-40b5-ba79-7414923e623f:c3345, 7d686585-d831-45bc-93fc-0a553b604b0e:c3345]
2019-07-08 23:05:04,110 INFO  client.GrpcClientProtocolClient (GrpcClientProtocolClient.java:onNext(255)) - client-CEF4D3493DC0->4ee04582-2825-4055-a051-0465d62eb5ca: receive RaftClientReply:client-CEF4D3493DC0->4ee04582-2825-4055-a051-0465d62eb5ca@group-78E0FE5F723E, cid=2232, SUCCESS, logIndex=3349, commits[4ee04582-2825-4055-a051-0465d62eb5ca:c3350, 97f5b9f0-d9ef-40b5-ba79-7414923e623f:c3348, 7d686585-d831-45bc-93fc-0a553b604b0e:c3348]
2019-07-08 23:05:04,111 INFO  client.GrpcClientProtocolClient (GrpcClientProtocolClient.java:onNext(255)) - client-CEF4D3493DC0->4ee04582-2825-4055-a051-0465d62eb5ca: receive RaftClientReply:client-CEF4D3493DC0->4ee04582-2825-4055-a051-0465d62eb5ca@group-78E0FE5F723E, cid=2233, SUCCESS, logIndex=3350, commits[4ee04582-2825-4055-a051-0465d62eb5ca:c3350, 97f5b9f0-d9ef-40b5-ba79-7414923e623f:c3348, 7d686585-d831-45bc-93fc-0a553b604b0e:c3348]
2019-07-08 23:05:04,114 INFO  client.GrpcClientProtocolClient (GrpcClientProtocolClient.java:onNext(255)) - client-CEF4D3493DC0->4ee04582-2825-4055-a051-0465d62eb5ca: receive RaftClientReply:client-CEF4D3493DC0->4ee04582-2825-4055-a051-0465d62eb5ca@group-78E0FE5F723E, cid=2234, SUCCESS, logIndex=0, commits[4ee04582-2825-4055-a051-0465d62eb5ca:c3351, 97f5b9f0-d9ef-40b5-ba79-7414923e623f:c3350, 7d686585-d831-45bc-93fc-0a553b604b0e:c3350]
2019-07-08 23:05:04,136 INFO  client.GrpcClientProtocolClient (GrpcClientProtocolClient.java:onNext(255)) - client-CEF4D3493DC0->4ee04582-2825-4055-a051-0465d62eb5ca: receive RaftClientReply:client-CEF4D3493DC0->4ee04582-2825-4055-a051-0465d62eb5ca@group-78E0FE5F723E, cid=2235, SUCCESS, logIndex=3353, commits[4ee04582-2825-4055-a051-0465d62eb5ca:c3354, 97f5b9f0-d9ef-40b5-ba79-7414923e623f:c3352, 7d686585-d831-45bc-93fc-0a553b604b0e:c3350]
2019-07-08 23:05:04,137 INFO  client.GrpcClientProtocolClient (GrpcClientProtocolClient.java:onNext(255)) - client-CEF4D3493DC0->4ee04582-2825-4055-a051-0465d62eb5ca: receive RaftClientReply:client-CEF4D3493DC0->4ee04582-2825-4055-a051-0465d62eb5ca@group-78E0FE5F723E, cid=2236, SUCCESS, logIndex=3354, commits[4ee04582-2825-4055-a051-0465d62eb5ca:c3354, 97f5b9f0-d9ef-40b5-ba79-7414923e623f:c3352, 7d686585-d831-45bc-93fc-0a553b604b0e:c3350]
2019-07-08 23:05:04,140 INFO  client.GrpcClientProtocolClient (GrpcClientProtocolClient.java:onNext(255)) - client-CEF4D3493DC0->4ee04582-2825-4055-a051-0465d62eb5ca: receive RaftClientReply:client-CEF4D3493DC0->4ee04582-2825-4055-a051-0465d62eb5ca@group-78E0FE5F723E, cid=2237, SUCCESS, logIndex=3355, commits[4ee04582-2825-4055-a051-0465d62eb5ca:c3356, 97f5b9f0-d9ef-40b5-ba79-7414923e623f:c3352, 7d686585-d831-45bc-93fc-0a553b604b0e:c3352]
2019-07-08 23:05:04,141 INFO  client.GrpcClientProtocolClient (GrpcClientProtocolClient.java:onNext(255)) - client-CEF4D3493DC0->4ee04582-2825-4055-a051-0465d62eb5ca: receive RaftClientReply:client-CEF4D3493DC0->4ee04582-2825-4055-a051-0465d62eb5ca@group-78E0FE5F723E, cid=2238, SUCCESS, logIndex=3356, commits[4ee04582-2825-4055-a051-0465d62eb5ca:c3357, 97f5b9f0-d9ef-40b5-ba79-7414923e623f:c3352, 7d686585-d831-45bc-93fc-0a553b604b0e:c3354]
2019-07-08 23:05:04,141 INFO  client.GrpcClientProtocolClient (GrpcClientProtocolClient.java:onNext(255)) - client-CEF4D3493DC0->4ee04582-2825-4055-a051-0465d62eb5ca: receive RaftClientReply:client-CEF4D3493DC0->4ee04582-2825-4055-a051-0465d62eb5ca@group-78E0FE5F723E, cid=2239, SUCCESS, logIndex=0, commits[4ee04582-2825-4055-a051-0465d62eb5ca:c3358, 97f5b9f0-d9ef-40b5-ba79-7414923e623f:c3354, 7d686585-d831-45bc-93fc-0a553b604b0e:c3354]
2019-07-08 23:05:04,154 INFO  client.GrpcClientProtocolClient (GrpcClientProtocolClient.java:onNext(255)) - client-CEF4D3493DC0->4ee04582-2825-4055-a051-0465d62eb5ca: receive RaftClientReply:client-CEF4D3493DC0->4ee04582-2825-4055-a051-0465d62eb5ca@group-78E0FE5F723E, cid=2240, SUCCESS, logIndex=3361, commits[4ee04582-2825-4055-a051-0465d62eb5ca:c3362, 97f5b9f0-d9ef-40b5-ba79-7414923e623f:c3358, 7d686585-d831-45bc-93fc-0a553b604b0e:c3358]
2019-07-08 23:05:04,155 INFO  client.GrpcClientProtocolClient (GrpcClientProtocolClient.java:onNext(255)) - client-CEF4D3493DC0->4ee04582-2825-4055-a051-0465d62eb5ca: receive RaftClientReply:client-CEF4D3493DC0->4ee04582-2825-4055-a051-0465d62eb5ca@group-78E0FE5F723E, cid=2241, SUCCESS, logIndex=3362, commits[4ee04582-2825-4055-a051-0465d62eb5ca:c3362, 97f5b9f0-d9ef-40b5-ba79-7414923e623f:c3358, 7d686585-d831-45bc-93fc-0a553b604b0e:c3358]
2019-07-08 23:05:04,165 INFO  client.GrpcClientProtocolClient (GrpcClientProtocolClient.java:onNext(255)) - client-CEF4D3493DC0->4ee04582-2825-4055-a051-0465d62eb5ca: receive RaftClientReply:client-CEF4D3493DC0->4ee04582-2825-4055-a051-0465d62eb5ca@group-78E0FE5F723E, cid=2242, SUCCESS, logIndex=3365, commits[4ee04582-2825-4055-a051-0465d62eb5ca:c3366, 97f5b9f0-d9ef-40b5-ba79-7414923e623f:c3363, 7d686585-d831-45bc-93fc-0a553b604b0e:c3362]
2019-07-08 23:05:04,165 INFO  client.GrpcClientProtocolClient (GrpcClientProtocolClient.java:onNext(255)) - client-CEF4D3493DC0->4ee04582-2825-4055-a051-0465d62eb5ca: receive RaftClientReply:client-CEF4D3493DC0->4ee04582-2825-4055-a051-0465d62eb5ca@group-78E0FE5F723E, cid=2243, SUCCESS, logIndex=3366, commits[4ee04582-2825-4055-a051-0465d62eb5ca:c3366, 97f5b9f0-d9ef-40b5-ba79-7414923e623f:c3363, 7d686585-d831-45bc-93fc-0a553b604b0e:c3362]
2019-07-08 23:05:04,170 INFO  client.GrpcClientProtocolClient (GrpcClientProtocolClient.java:onNext(255)) - client-CEF4D3493DC0->4ee04582-2825-4055-a051-0465d62eb5ca: receive RaftClientReply:client-CEF4D3493DC0->4ee04582-2825-4055-a051-0465d62eb5ca@group-78E0FE5F723E, cid=2244, SUCCESS, logIndex=0, commits[4ee04582-2825-4055-a051-0465d62eb5ca:c3368, 97f5b9f0-d9ef-40b5-ba79-7414923e623f:c3366, 7d686585-d831-45bc-93fc-0a553b604b0e:c3366]
2019-07-08 23:05:04,187 INFO  client.GrpcClientProtocolClient (GrpcClientProtocolClient.java:onNext(255)) - client-CEF4D3493DC0->4ee04582-2825-4055-a051-0465d62eb5ca: receive RaftClientReply:client-CEF4D3493DC0->4ee04582-2825-4055-a051-0465d62eb5ca@group-78E0FE5F723E, cid=2245, SUCCESS, logIndex=3369, commits[4ee04582-2825-4055-a051-0465d62eb5ca:c3370, 97f5b9f0-d9ef-40b5-ba79-7414923e623f:c3368, 7d686585-d831-45bc-93fc-0a553b604b0e:c3366]
2019-07-08 23:05:04,187 INFO  client.GrpcClientProtocolClient (GrpcClientProtocolClient.java:onNext(255)) - client-CEF4D3493DC0->4ee04582-2825-4055-a051-0465d62eb5ca: receive RaftClientReply:client-CEF4D3493DC0->4ee04582-2825-4055-a051-0465d62eb5ca@group-78E0FE5F723E, cid=2246, SUCCESS, logIndex=3370, commits[4ee04582-2825-4055-a051-0465d62eb5ca:c3370, 97f5b9f0-d9ef-40b5-ba79-7414923e623f:c3368, 7d686585-d831-45bc-93fc-0a553b604b0e:c3366]
2019-07-08 23:05:04,190 INFO  client.GrpcClientProtocolClient (GrpcClientProtocolClient.java:onNext(255)) - client-CEF4D3493DC0->4ee04582-2825-4055-a051-0465d62eb5ca: receive RaftClientReply:client-CEF4D3493DC0->4ee04582-2825-4055-a051-0465d62eb5ca@group-78E0FE5F723E, cid=2247, SUCCESS, logIndex=3371, commits[4ee04582-2825-4055-a051-0465d62eb5ca:c3372, 97f5b9f0-d9ef-40b5-ba79-7414923e623f:c3368, 7d686585-d831-45bc-93fc-0a553b604b0e:c3368]
2019-07-08 23:05:04,190 INFO  client.GrpcClientProtocolClient (GrpcClientProtocolClient.java:onNext(255)) - client-CEF4D3493DC0->4ee04582-2825-4055-a051-0465d62eb5ca: receive RaftClientReply:client-CEF4D3493DC0->4ee04582-2825-4055-a051-0465d62eb5ca@group-78E0FE5F723E, cid=2248, SUCCESS, logIndex=3372, commits[4ee04582-2825-4055-a051-0465d62eb5ca:c3372, 97f5b9f0-d9ef-40b5-ba79-7414923e623f:c3368, 7d686585-d831-45bc-93fc-0a553b604b0e:c3368]
2019-07-08 23:05:04,193 INFO  client.GrpcClientProtocolClient (GrpcClientProtocolClient.java:onNext(255)) - client-CEF4D3493DC0->4ee04582-2825-4055-a051-0465d62eb5ca: receive RaftClientReply:client-CEF4D3493DC0->4ee04582-2825-4055-a051-0465d62eb5ca@group-78E0FE5F723E, cid=2249, SUCCESS, logIndex=0, commits[4ee04582-2825-4055-a051-0465d62eb5ca:c3374, 97f5b9f0-d9ef-40b5-ba79-7414923e623f:c3370, 7d686585-d831-45bc-93fc-0a553b604b0e:c3370]
2019-07-08 23:05:04,203 INFO  client.GrpcClientProtocolClient (GrpcClientProtocolClient.java:onNext(255)) - client-CEF4D3493DC0->4ee04582-2825-4055-a051-0465d62eb5ca: receive RaftClientReply:client-CEF4D3493DC0->4ee04582-2825-4055-a051-0465d62eb5ca@group-78E0FE5F723E, cid=2250, SUCCESS, logIndex=3377, commits[4ee04582-2825-4055-a051-0465d62eb5ca:c3378, 97f5b9f0-d9ef-40b5-ba79-7414923e623f:c3372, 7d686585-d831-45bc-93fc-0a553b604b0e:c3376]
2019-07-08 23:05:04,203 INFO  client.GrpcClientProtocolClient (GrpcClientProtocolClient.java:onNext(255)) - client-CEF4D3493DC0->4ee04582-2825-4055-a051-0465d62eb5ca: receive RaftClientReply:client-CEF4D3493DC0->4ee04582-2825-4055-a051-0465d62eb5ca@group-78E0FE5F723E, cid=2251, SUCCESS, logIndex=3378, commits[4ee04582-2825-4055-a051-0465d62eb5ca:c3378, 97f5b9f0-d9ef-40b5-ba79-7414923e623f:c3376, 7d686585-d831-45bc-93fc-0a553b604b0e:c3376]
2019-07-08 23:05:04,212 INFO  client.GrpcClientProtocolClient (GrpcClientProtocolClient.java:onNext(255)) - client-CEF4D3493DC0->4ee04582-2825-4055-a051-0465d62eb5ca: receive RaftClientReply:client-CEF4D3493DC0->4ee04582-2825-4055-a051-0465d62eb5ca@group-78E0FE5F723E, cid=2252, SUCCESS, logIndex=3381, commits[4ee04582-2825-4055-a051-0465d62eb5ca:c3382, 97f5b9f0-d9ef-40b5-ba79-7414923e623f:c3380, 7d686585-d831-45bc-93fc-0a553b604b0e:c3378]
2019-07-08 23:05:04,213 INFO  client.GrpcClientProtocolClient (GrpcClientProtocolClient.java:onNext(255)) - client-CEF4D3493DC0->4ee04582-2825-4055-a051-0465d62eb5ca: receive RaftClientReply:client-CEF4D3493DC0->4ee04582-2825-4055-a051-0465d62eb5ca@group-78E0FE5F723E, cid=2253, SUCCESS, logIndex=3382, commits[4ee04582-2825-4055-a051-0465d62eb5ca:c3382, 97f5b9f0-d9ef-40b5-ba79-7414923e623f:c3380, 7d686585-d831-45bc-93fc-0a553b604b0e:c3380]
2019-07-08 23:05:04,214 INFO  client.GrpcClientProtocolClient (GrpcClientProtocolClient.java:onNext(255)) - client-CEF4D3493DC0->4ee04582-2825-4055-a051-0465d62eb5ca: receive RaftClientReply:client-CEF4D3493DC0->4ee04582-2825-4055-a051-0465d62eb5ca@group-78E0FE5F723E, cid=2254, SUCCESS, logIndex=0, commits[4ee04582-2825-4055-a051-0465d62eb5ca:c3383, 97f5b9f0-d9ef-40b5-ba79-7414923e623f:c3382, 7d686585-d831-45bc-93fc-0a553b604b0e:c3382]
2019-07-08 23:05:04,230 INFO  client.GrpcClientProtocolClient (GrpcClientProtocolClient.java:onNext(255)) - client-CEF4D3493DC0->4ee04582-2825-4055-a051-0465d62eb5ca: receive RaftClientReply:client-CEF4D3493DC0->4ee04582-2825-4055-a051-0465d62eb5ca@group-78E0FE5F723E, cid=2255, SUCCESS, logIndex=3385, commits[4ee04582-2825-4055-a051-0465d62eb5ca:c3386, 97f5b9f0-d9ef-40b5-ba79-7414923e623f:c3384, 7d686585-d831-45bc-93fc-0a553b604b0e:c3384]
2019-07-08 23:05:04,230 INFO  client.GrpcClientProtocolClient (GrpcClientProtocolClient.java:onNext(255)) - client-CEF4D3493DC0->4ee04582-2825-4055-a051-0465d62eb5ca: receive RaftClientReply:client-CEF4D3493DC0->4ee04582-2825-4055-a051-0465d62eb5ca@group-78E0FE5F723E, cid=2256, SUCCESS, logIndex=3386, commits[4ee04582-2825-4055-a051-0465d62eb5ca:c3386, 97f5b9f0-d9ef-40b5-ba79-7414923e623f:c3384, 7d686585-d831-45bc-93fc-0a553b604b0e:c3384]
2019-07-08 23:05:04,231 INFO  client.GrpcClientProtocolClient (GrpcClientProtocolClient.java:onNext(255)) - client-CEF4D3493DC0->4ee04582-2825-4055-a051-0465d62eb5ca: receive RaftClientReply:client-CEF4D3493DC0->4ee04582-2825-4055-a051-0465d62eb5ca@group-78E0FE5F723E, cid=2257, SUCCESS, logIndex=3387, commits[4ee04582-2825-4055-a051-0465d62eb5ca:c3388, 97f5b9f0-d9ef-40b5-ba79-7414923e623f:c3384, 7d686585-d831-45bc-93fc-0a553b604b0e:c3384]
2019-07-08 23:05:04,232 INFO  client.GrpcClientProtocolClient (GrpcClientProtocolClient.java:onNext(255)) - client-CEF4D3493DC0->4ee04582-2825-4055-a051-0465d62eb5ca: receive RaftClientReply:client-CEF4D3493DC0->4ee04582-2825-4055-a051-0465d62eb5ca@group-78E0FE5F723E, cid=2258, SUCCESS, logIndex=3388, commits[4ee04582-2825-4055-a051-0465d62eb5ca:c3388, 97f5b9f0-d9ef-40b5-ba79-7414923e623f:c3384, 7d686585-d831-45bc-93fc-0a553b604b0e:c3384]
2019-07-08 23:05:04,237 INFO  client.GrpcClientProtocolClient (GrpcClientProtocolClient.java:onNext(255)) - client-CEF4D3493DC0->4ee04582-2825-4055-a051-0465d62eb5ca: receive RaftClientReply:client-CEF4D3493DC0->4ee04582-2825-4055-a051-0465d62eb5ca@group-78E0FE5F723E, cid=2259, SUCCESS, logIndex=0, commits[4ee04582-2825-4055-a051-0465d62eb5ca:c3390, 97f5b9f0-d9ef-40b5-ba79-7414923e623f:c3386, 7d686585-d831-45bc-93fc-0a553b604b0e:c3386]
2019-07-08 23:05:04,247 INFO  client.GrpcClientProtocolClient (GrpcClientProtocolClient.java:onNext(255)) - client-CEF4D3493DC0->4ee04582-2825-4055-a051-0465d62eb5ca: receive RaftClientReply:client-CEF4D3493DC0->4ee04582-2825-4055-a051-0465d62eb5ca@group-78E0FE5F723E, cid=2260, SUCCESS, logIndex=3393, commits[4ee04582-2825-4055-a051-0465d62eb5ca:c3394, 97f5b9f0-d9ef-40b5-ba79-7414923e623f:c3392, 7d686585-d831-45bc-93fc-0a553b604b0e:c3388]
2019-07-08 23:05:04,247 INFO  client.GrpcClientProtocolClient (GrpcClientProtocolClient.java:onNext(255)) - client-CEF4D3493DC0->4ee04582-2825-4055-a051-0465d62eb5ca: receive RaftClientReply:client-CEF4D3493DC0->4ee04582-2825-4055-a051-0465d62eb5ca@group-78E0FE5F723E, cid=2261, SUCCESS, logIndex=3394, commits[4ee04582-2825-4055-a051-0465d62eb5ca:c3394, 97f5b9f0-d9ef-40b5-ba79-7414923e623f:c3392, 7d686585-d831-45bc-93fc-0a553b604b0e:c3392]
2019-07-08 23:05:04,256 INFO  client.GrpcClientProtocolClient (GrpcClientProtocolClient.java:onNext(255)) - client-CEF4D3493DC0->4ee04582-2825-4055-a051-0465d62eb5ca: receive RaftClientReply:client-CEF4D3493DC0->4ee04582-2825-4055-a051-0465d62eb5ca@group-78E0FE5F723E, cid=2262, SUCCESS, logIndex=3397, commits[4ee04582-2825-4055-a051-0465d62eb5ca:c3398, 97f5b9f0-d9ef-40b5-ba79-7414923e623f:c3395, 7d686585-d831-45bc-93fc-0a553b604b0e:c3394]
2019-07-08 23:05:04,256 INFO  client.GrpcClientProtocolClient (GrpcClientProtocolClient.java:onNext(255)) - client-CEF4D3493DC0->4ee04582-2825-4055-a051-0465d62eb5ca: receive RaftClientReply:client-CEF4D3493DC0->4ee04582-2825-4055-a051-0465d62eb5ca@group-78E0FE5F723E, cid=2263, SUCCESS, logIndex=3398, commits[4ee04582-2825-4055-a051-0465d62eb5ca:c3398, 97f5b9f0-d9ef-40b5-ba79-7414923e623f:c3395, 7d686585-d831-45bc-93fc-0a553b604b0e:c3395]
2019-07-08 23:05:04,259 INFO  client.GrpcClientProtocolClient (GrpcClientProtocolClient.java:onNext(255)) - client-CEF4D3493DC0->4ee04582-2825-4055-a051-0465d62eb5ca: receive RaftClientReply:client-CEF4D3493DC0->4ee04582-2825-4055-a051-0465d62eb5ca@group-78E0FE5F723E, cid=2264, SUCCESS, logIndex=0, commits[4ee04582-2825-4055-a051-0465d62eb5ca:c3399, 97f5b9f0-d9ef-40b5-ba79-7414923e623f:c3398, 7d686585-d831-45bc-93fc-0a553b604b0e:c3398]
2019-07-08 23:05:04,275 INFO  client.GrpcClientProtocolClient (GrpcClientProtocolClient.java:onNext(255)) - client-CEF4D3493DC0->4ee04582-2825-4055-a051-0465d62eb5ca: receive RaftClientReply:client-CEF4D3493DC0->4ee04582-2825-4055-a051-0465d62eb5ca@group-78E0FE5F723E, cid=2265, SUCCESS, logIndex=3401, commits[4ee04582-2825-4055-a051-0465d62eb5ca:c3402, 97f5b9f0-d9ef-40b5-ba79-7414923e623f:c3400, 7d686585-d831-45bc-93fc-0a553b604b0e:c3398]
2019-07-08 23:05:04,275 INFO  client.GrpcClientProtocolClient (GrpcClientProtocolClient.java:onNext(255)) - client-CEF4D3493DC0->4ee04582-2825-4055-a051-0465d62eb5ca: receive RaftClientReply:client-CEF4D3493DC0->4ee04582-2825-4055-a051-0465d62eb5ca@group-78E0FE5F723E, cid=2266, SUCCESS, logIndex=3402, commits[4ee04582-2825-4055-a051-0465d62eb5ca:c3402, 97f5b9f0-d9ef-40b5-ba79-7414923e623f:c3400, 7d686585-d831-45bc-93fc-0a553b604b0e:c3398]
2019-07-08 23:05:04,275 INFO  client.GrpcClientProtocolClient (GrpcClientProtocolClient.java:onNext(255)) - client-CEF4D3493DC0->4ee04582-2825-4055-a051-0465d62eb5ca: receive RaftClientReply:client-CEF4D3493DC0->4ee04582-2825-4055-a051-0465d62eb5ca@group-78E0FE5F723E, cid=2267, SUCCESS, logIndex=3403, commits[4ee04582-2825-4055-a051-0465d62eb5ca:c3403, 97f5b9f0-d9ef-40b5-ba79-7414923e623f:c3400, 7d686585-d831-45bc-93fc-0a553b604b0e:c3400]
2019-07-08 23:05:04,276 INFO  client.GrpcClientProtocolClient (GrpcClientProtocolClient.java:onNext(255)) - client-CEF4D3493DC0->4ee04582-2825-4055-a051-0465d62eb5ca: receive RaftClientReply:client-CEF4D3493DC0->4ee04582-2825-4055-a051-0465d62eb5ca@group-78E0FE5F723E, cid=2268, SUCCESS, logIndex=3404, commits[4ee04582-2825-4055-a051-0465d62eb5ca:c3404, 97f5b9f0-d9ef-40b5-ba79-7414923e623f:c3400, 7d686585-d831-45bc-93fc-0a553b604b0e:c3400]
2019-07-08 23:05:04,278 INFO  client.GrpcClientProtocolClient (GrpcClientProtocolClient.java:onNext(255)) - client-CEF4D3493DC0->4ee04582-2825-4055-a051-0465d62eb5ca: receive RaftClientReply:client-CEF4D3493DC0->4ee04582-2825-4055-a051-0465d62eb5ca@group-78E0FE5F723E, cid=2269, SUCCESS, logIndex=0, commits[4ee04582-2825-4055-a051-0465d62eb5ca:c3406, 97f5b9f0-d9ef-40b5-ba79-7414923e623f:c3402, 7d686585-d831-45bc-93fc-0a553b604b0e:c3402]
2019-07-08 23:05:04,288 INFO  client.GrpcClientProtocolClient (GrpcClientProtocolClient.java:onNext(255)) - client-CEF4D3493DC0->4ee04582-2825-4055-a051-0465d62eb5ca: receive RaftClientReply:client-CEF4D3493DC0->4ee04582-2825-4055-a051-0465d62eb5ca@group-78E0FE5F723E, cid=2270, SUCCESS, logIndex=3409, commits[4ee04582-2825-4055-a051-0465d62eb5ca:c3410, 97f5b9f0-d9ef-40b5-ba79-7414923e623f:c3408, 7d686585-d831-45bc-93fc-0a553b604b0e:c3408]
2019-07-08 23:05:04,288 INFO  client.GrpcClientProtocolClient (GrpcClientProtocolClient.java:onNext(255)) - client-CEF4D3493DC0->4ee04582-2825-4055-a051-0465d62eb5ca: receive RaftClientReply:client-CEF4D3493DC0->4ee04582-2825-4055-a051-0465d62eb5ca@group-78E0FE5F723E, cid=2271, SUCCESS, logIndex=3410, commits[4ee04582-2825-4055-a051-0465d62eb5ca:c3410, 97f5b9f0-d9ef-40b5-ba79-7414923e623f:c3408, 7d686585-d831-45bc-93fc-0a553b604b0e:c3408]
2019-07-08 23:05:04,297 INFO  client.GrpcClientProtocolClient (GrpcClientProtocolClient.java:onNext(255)) - client-CEF4D3493DC0->4ee04582-2825-4055-a051-0465d62eb5ca: receive RaftClientReply:client-CEF4D3493DC0->4ee04582-2825-4055-a051-0465d62eb5ca@group-78E0FE5F723E, cid=2272, SUCCESS, logIndex=3413, commits[4ee04582-2825-4055-a051-0465d62eb5ca:c3414, 97f5b9f0-d9ef-40b5-ba79-7414923e623f:c3410, 7d686585-d831-45bc-93fc-0a553b604b0e:c3411]
2019-07-08 23:05:04,297 INFO  client.GrpcClientProtocolClient (GrpcClientProtocolClient.java:onNext(255)) - client-CEF4D3493DC0->4ee04582-2825-4055-a051-0465d62eb5ca: receive RaftClientReply:client-CEF4D3493DC0->4ee04582-2825-4055-a051-0465d62eb5ca@group-78E0FE5F723E, cid=2273, SUCCESS, logIndex=3414, commits[4ee04582-2825-4055-a051-0465d62eb5ca:c3414, 97f5b9f0-d9ef-40b5-ba79-7414923e623f:c3411, 7d686585-d831-45bc-93fc-0a553b604b0e:c3411]
2019-07-08 23:05:04,300 INFO  client.GrpcClientProtocolClient (GrpcClientProtocolClient.java:onNext(255)) - client-CEF4D3493DC0->4ee04582-2825-4055-a051-0465d62eb5ca: receive RaftClientReply:client-CEF4D3493DC0->4ee04582-2825-4055-a051-0465d62eb5ca@group-78E0FE5F723E, cid=2274, SUCCESS, logIndex=0, commits[4ee04582-2825-4055-a051-0465d62eb5ca:c3414, 97f5b9f0-d9ef-40b5-ba79-7414923e623f:c3414, 7d686585-d831-45bc-93fc-0a553b604b0e:c3414]
2019-07-08 23:05:04,319 INFO  client.GrpcClientProtocolClient (GrpcClientProtocolClient.java:onNext(255)) - client-CEF4D3493DC0->4ee04582-2825-4055-a051-0465d62eb5ca: receive RaftClientReply:client-CEF4D3493DC0->4ee04582-2825-4055-a051-0465d62eb5ca@group-78E0FE5F723E, cid=2275, SUCCESS, logIndex=3417, commits[4ee04582-2825-4055-a051-0465d62eb5ca:c3418, 97f5b9f0-d9ef-40b5-ba79-7414923e623f:c3414, 7d686585-d831-45bc-93fc-0a553b604b0e:c3416]
2019-07-08 23:05:04,320 INFO  client.GrpcClientProtocolClient (GrpcClientProtocolClient.java:onNext(255)) - client-CEF4D3493DC0->4ee04582-2825-4055-a051-0465d62eb5ca: receive RaftClientReply:client-CEF4D3493DC0->4ee04582-2825-4055-a051-0465d62eb5ca@group-78E0FE5F723E, cid=2276, SUCCESS, logIndex=3418, commits[4ee04582-2825-4055-a051-0465d62eb5ca:c3418, 97f5b9f0-d9ef-40b5-ba79-7414923e623f:c3414, 7d686585-d831-45bc-93fc-0a553b604b0e:c3416]
2019-07-08 23:05:04,322 INFO  client.GrpcClientProtocolClient (GrpcClientProtocolClient.java:onNext(255)) - client-CEF4D3493DC0->4ee04582-2825-4055-a051-0465d62eb5ca: receive RaftClientReply:client-CEF4D3493DC0->4ee04582-2825-4055-a051-0465d62eb5ca@group-78E0FE5F723E, cid=2277, SUCCESS, logIndex=3419, commits[4ee04582-2825-4055-a051-0465d62eb5ca:c3420, 97f5b9f0-d9ef-40b5-ba79-7414923e623f:c3416, 7d686585-d831-45bc-93fc-0a553b604b0e:c3416]
2019-07-08 23:05:04,323 INFO  client.GrpcClientProtocolClient (GrpcClientProtocolClient.java:onNext(255)) - client-CEF4D3493DC0->4ee04582-2825-4055-a051-0465d62eb5ca: receive RaftClientReply:client-CEF4D3493DC0->4ee04582-2825-4055-a051-0465d62eb5ca@group-78E0FE5F723E, cid=2278, SUCCESS, logIndex=3420, commits[4ee04582-2825-4055-a051-0465d62eb5ca:c3420, 97f5b9f0-d9ef-40b5-ba79-7414923e623f:c3416, 7d686585-d831-45bc-93fc-0a553b604b0e:c3416]
2019-07-08 23:05:04,325 INFO  client.GrpcClientProtocolClient (GrpcClientProtocolClient.java:onNext(255)) - client-CEF4D3493DC0->4ee04582-2825-4055-a051-0465d62eb5ca: receive RaftClientReply:client-CEF4D3493DC0->4ee04582-2825-4055-a051-0465d62eb5ca@group-78E0FE5F723E, cid=2279, SUCCESS, logIndex=0, commits[4ee04582-2825-4055-a051-0465d62eb5ca:c3422, 97f5b9f0-d9ef-40b5-ba79-7414923e623f:c3418, 7d686585-d831-45bc-93fc-0a553b604b0e:c3418]
2019-07-08 23:05:04,336 INFO  client.GrpcClientProtocolClient (GrpcClientProtocolClient.java:onNext(255)) - client-CEF4D3493DC0->4ee04582-2825-4055-a051-0465d62eb5ca: receive RaftClientReply:client-CEF4D3493DC0->4ee04582-2825-4055-a051-0465d62eb5ca@group-78E0FE5F723E, cid=2280, SUCCESS, logIndex=3425, commits[4ee04582-2825-4055-a051-0465d62eb5ca:c3426, 97f5b9f0-d9ef-40b5-ba79-7414923e623f:c3424, 7d686585-d831-45bc-93fc-0a553b604b0e:c3424]
2019-07-08 23:05:04,336 INFO  client.GrpcClientProtocolClient (GrpcClientProtocolClient.java:onNext(255)) - client-CEF4D3493DC0->4ee04582-2825-4055-a051-0465d62eb5ca: receive RaftClientReply:client-CEF4D3493DC0->4ee04582-2825-4055-a051-0465d62eb5ca@group-78E0FE5F723E, cid=2281, SUCCESS, logIndex=3426, commits[4ee04582-2825-4055-a051-0465d62eb5ca:c3426, 97f5b9f0-d9ef-40b5-ba79-7414923e623f:c3424, 7d686585-d831-45bc-93fc-0a553b604b0e:c3424]
2019-07-08 23:05:04,347 INFO  client.GrpcClientProtocolClient (GrpcClientProtocolClient.java:onNext(255)) - client-CEF4D3493DC0->4ee04582-2825-4055-a051-0465d62eb5ca: receive RaftClientReply:client-CEF4D3493DC0->4ee04582-2825-4055-a051-0465d62eb5ca@group-78E0FE5F723E, cid=2282, SUCCESS, logIndex=3429, commits[4ee04582-2825-4055-a051-0465d62eb5ca:c3430, 97f5b9f0-d9ef-40b5-ba79-7414923e623f:c3426, 7d686585-d831-45bc-93fc-0a553b604b0e:c3428]
2019-07-08 23:05:04,347 INFO  client.GrpcClientProtocolClient (GrpcClientProtocolClient.java:onNext(255)) - client-CEF4D3493DC0->4ee04582-2825-4055-a051-0465d62eb5ca: receive RaftClientReply:client-CEF4D3493DC0->4ee04582-2825-4055-a051-0465d62eb5ca@group-78E0FE5F723E, cid=2283, SUCCESS, logIndex=3430, commits[4ee04582-2825-4055-a051-0465d62eb5ca:c3430, 97f5b9f0-d9ef-40b5-ba79-7414923e623f:c3428, 7d686585-d831-45bc-93fc-0a553b604b0e:c3428]
2019-07-08 23:05:04,350 INFO  client.GrpcClientProtocolClient (GrpcClientProtocolClient.java:onNext(255)) - client-CEF4D3493DC0->4ee04582-2825-4055-a051-0465d62eb5ca: receive RaftClientReply:client-CEF4D3493DC0->4ee04582-2825-4055-a051-0465d62eb5ca@group-78E0FE5F723E, cid=2284, SUCCESS, logIndex=0, commits[4ee04582-2825-4055-a051-0465d62eb5ca:c3431, 97f5b9f0-d9ef-40b5-ba79-7414923e623f:c3430, 7d686585-d831-45bc-93fc-0a553b604b0e:c3430]
2019-07-08 23:05:04,449 INFO  client.GrpcClientProtocolClient (GrpcClientProtocolClient.java:onNext(255)) - client-CEF4D3493DC0->4ee04582-2825-4055-a051-0465d62eb5ca: receive RaftClientReply:client-CEF4D3493DC0->4ee04582-2825-4055-a051-0465d62eb5ca@group-78E0FE5F723E, cid=2285, SUCCESS, logIndex=3433, commits[4ee04582-2825-4055-a051-0465d62eb5ca:c3434, 97f5b9f0-d9ef-40b5-ba79-7414923e623f:c3430, 7d686585-d831-45bc-93fc-0a553b604b0e:c3432]
2019-07-08 23:05:04,449 INFO  client.GrpcClientProtocolClient (GrpcClientProtocolClient.java:onNext(255)) - client-CEF4D3493DC0->4ee04582-2825-4055-a051-0465d62eb5ca: receive RaftClientReply:client-CEF4D3493DC0->4ee04582-2825-4055-a051-0465d62eb5ca@group-78E0FE5F723E, cid=2286, SUCCESS, logIndex=3434, commits[4ee04582-2825-4055-a051-0465d62eb5ca:c3434, 97f5b9f0-d9ef-40b5-ba79-7414923e623f:c3430, 7d686585-d831-45bc-93fc-0a553b604b0e:c3432]
2019-07-08 23:05:04,451 INFO  client.GrpcClientProtocolClient (GrpcClientProtocolClient.java:onNext(255)) - client-CEF4D3493DC0->4ee04582-2825-4055-a051-0465d62eb5ca: receive RaftClientReply:client-CEF4D3493DC0->4ee04582-2825-4055-a051-0465d62eb5ca@group-78E0FE5F723E, cid=2287, SUCCESS, logIndex=3435, commits[4ee04582-2825-4055-a051-0465d62eb5ca:c3438, 97f5b9f0-d9ef-40b5-ba79-7414923e623f:c3432, 7d686585-d831-45bc-93fc-0a553b604b0e:c3434]
2019-07-08 23:05:04,452 INFO  client.GrpcClientProtocolClient (GrpcClientProtocolClient.java:onNext(255)) - client-CEF4D3493DC0->4ee04582-2825-4055-a051-0465d62eb5ca: receive RaftClientReply:client-CEF4D3493DC0->4ee04582-2825-4055-a051-0465d62eb5ca@group-78E0FE5F723E, cid=2288, SUCCESS, logIndex=3436, commits[4ee04582-2825-4055-a051-0465d62eb5ca:c3438, 97f5b9f0-d9ef-40b5-ba79-7414923e623f:c3432, 7d686585-d831-45bc-93fc-0a553b604b0e:c3434]
2019-07-08 23:05:04,453 INFO  client.GrpcClientProtocolClient (GrpcClientProtocolClient.java:onNext(255)) - client-CEF4D3493DC0->4ee04582-2825-4055-a051-0465d62eb5ca: receive RaftClientReply:client-CEF4D3493DC0->4ee04582-2825-4055-a051-0465d62eb5ca@group-78E0FE5F723E, cid=2289, SUCCESS, logIndex=0, commits[4ee04582-2825-4055-a051-0465d62eb5ca:c3439, 97f5b9f0-d9ef-40b5-ba79-7414923e623f:c3434, 7d686585-d831-45bc-93fc-0a553b604b0e:c3436]
2019-07-08 23:05:04,466 INFO  client.GrpcClientProtocolClient (GrpcClientProtocolClient.java:onNext(255)) - client-CEF4D3493DC0->4ee04582-2825-4055-a051-0465d62eb5ca: receive RaftClientReply:client-CEF4D3493DC0->4ee04582-2825-4055-a051-0465d62eb5ca@group-78E0FE5F723E, cid=2290, SUCCESS, logIndex=3441, commits[4ee04582-2825-4055-a051-0465d62eb5ca:c3442, 97f5b9f0-d9ef-40b5-ba79-7414923e623f:c3436, 7d686585-d831-45bc-93fc-0a553b604b0e:c3440]
2019-07-08 23:05:04,467 INFO  client.GrpcClientProtocolClient (GrpcClientProtocolClient.java:onNext(255)) - client-CEF4D3493DC0->4ee04582-2825-4055-a051-0465d62eb5ca: receive RaftClientReply:client-CEF4D3493DC0->4ee04582-2825-4055-a051-0465d62eb5ca@group-78E0FE5F723E, cid=2291, SUCCESS, logIndex=3442, commits[4ee04582-2825-4055-a051-0465d62eb5ca:c3442, 97f5b9f0-d9ef-40b5-ba79-7414923e623f:c3440, 7d686585-d831-45bc-93fc-0a553b604b0e:c3440]
2019-07-08 23:05:04,479 INFO  client.GrpcClientProtocolClient (GrpcClientProtocolClient.java:onNext(255)) - client-CEF4D3493DC0->4ee04582-2825-4055-a051-0465d62eb5ca: receive RaftClientReply:client-CEF4D3493DC0->4ee04582-2825-4055-a051-0465d62eb5ca@group-78E0FE5F723E, cid=2292, SUCCESS, logIndex=3445, commits[4ee04582-2825-4055-a051-0465d62eb5ca:c3446, 97f5b9f0-d9ef-40b5-ba79-7414923e623f:c3442, 7d686585-d831-45bc-93fc-0a553b604b0e:c3444]
2019-07-08 23:05:04,480 INFO  client.GrpcClientProtocolClient (GrpcClientProtocolClient.java:onNext(255)) - client-CEF4D3493DC0->4ee04582-2825-4055-a051-0465d62eb5ca: receive RaftClientReply:client-CEF4D3493DC0->4ee04582-2825-4055-a051-0465d62eb5ca@group-78E0FE5F723E, cid=2293, SUCCESS, logIndex=3446, commits[4ee04582-2825-4055-a051-0465d62eb5ca:c3446, 97f5b9f0-d9ef-40b5-ba79-7414923e623f:c3444, 7d686585-d831-45bc-93fc-0a553b604b0e:c3444]
2019-07-08 23:05:04,484 INFO  client.GrpcClientProtocolClient (GrpcClientProtocolClient.java:onNext(255)) - client-CEF4D3493DC0->4ee04582-2825-4055-a051-0465d62eb5ca: receive RaftClientReply:client-CEF4D3493DC0->4ee04582-2825-4055-a051-0465d62eb5ca@group-78E0FE5F723E, cid=2294, SUCCESS, logIndex=0, commits[4ee04582-2825-4055-a051-0465d62eb5ca:c3447, 97f5b9f0-d9ef-40b5-ba79-7414923e623f:c3446, 7d686585-d831-45bc-93fc-0a553b604b0e:c3446]
2019-07-08 23:05:04,506 INFO  client.GrpcClientProtocolClient (GrpcClientProtocolClient.java:onNext(255)) - client-CEF4D3493DC0->4ee04582-2825-4055-a051-0465d62eb5ca: receive RaftClientReply:client-CEF4D3493DC0->4ee04582-2825-4055-a051-0465d62eb5ca@group-78E0FE5F723E, cid=2295, SUCCESS, logIndex=3449, commits[4ee04582-2825-4055-a051-0465d62eb5ca:c3450, 97f5b9f0-d9ef-40b5-ba79-7414923e623f:c3446, 7d686585-d831-45bc-93fc-0a553b604b0e:c3448]
2019-07-08 23:05:04,506 INFO  client.GrpcClientProtocolClient (GrpcClientProtocolClient.java:onNext(255)) - client-CEF4D3493DC0->4ee04582-2825-4055-a051-0465d62eb5ca: receive RaftClientReply:client-CEF4D3493DC0->4ee04582-2825-4055-a051-0465d62eb5ca@group-78E0FE5F723E, cid=2296, SUCCESS, logIndex=3450, commits[4ee04582-2825-4055-a051-0465d62eb5ca:c3450, 97f5b9f0-d9ef-40b5-ba79-7414923e623f:c3446, 7d686585-d831-45bc-93fc-0a553b604b0e:c3448]
2019-07-08 23:05:04,509 INFO  client.GrpcClientProtocolClient (GrpcClientProtocolClient.java:onNext(255)) - client-CEF4D3493DC0->4ee04582-2825-4055-a051-0465d62eb5ca: receive RaftClientReply:client-CEF4D3493DC0->4ee04582-2825-4055-a051-0465d62eb5ca@group-78E0FE5F723E, cid=2297, SUCCESS, logIndex=3451, commits[4ee04582-2825-4055-a051-0465d62eb5ca:c3452, 97f5b9f0-d9ef-40b5-ba79-7414923e623f:c3448, 7d686585-d831-45bc-93fc-0a553b604b0e:c3450]
2019-07-08 23:05:04,509 INFO  client.GrpcClientProtocolClient (GrpcClientProtocolClient.java:onNext(255)) - client-CEF4D3493DC0->4ee04582-2825-4055-a051-0465d62eb5ca: receive RaftClientReply:client-CEF4D3493DC0->4ee04582-2825-4055-a051-0465d62eb5ca@group-78E0FE5F723E, cid=2298, SUCCESS, logIndex=3452, commits[4ee04582-2825-4055-a051-0465d62eb5ca:c3452, 97f5b9f0-d9ef-40b5-ba79-7414923e623f:c3448, 7d686585-d831-45bc-93fc-0a553b604b0e:c3450]
2019-07-08 23:05:04,511 INFO  client.GrpcClientProtocolClient (GrpcClientProtocolClient.java:onNext(255)) - client-CEF4D3493DC0->4ee04582-2825-4055-a051-0465d62eb5ca: receive RaftClientReply:client-CEF4D3493DC0->4ee04582-2825-4055-a051-0465d62eb5ca@group-78E0FE5F723E, cid=2299, SUCCESS, logIndex=0, commits[4ee04582-2825-4055-a051-0465d62eb5ca:c3454, 97f5b9f0-d9ef-40b5-ba79-7414923e623f:c3450, 7d686585-d831-45bc-93fc-0a553b604b0e:c3450]
2019-07-08 23:05:04,524 INFO  client.GrpcClientProtocolClient (GrpcClientProtocolClient.java:onNext(255)) - client-CEF4D3493DC0->4ee04582-2825-4055-a051-0465d62eb5ca: receive RaftClientReply:client-CEF4D3493DC0->4ee04582-2825-4055-a051-0465d62eb5ca@group-78E0FE5F723E, cid=2300, SUCCESS, logIndex=3457, commits[4ee04582-2825-4055-a051-0465d62eb5ca:c3458, 97f5b9f0-d9ef-40b5-ba79-7414923e623f:c3456, 7d686585-d831-45bc-93fc-0a553b604b0e:c3452]
2019-07-08 23:05:04,524 INFO  client.GrpcClientProtocolClient (GrpcClientProtocolClient.java:onNext(255)) - client-CEF4D3493DC0->4ee04582-2825-4055-a051-0465d62eb5ca: receive RaftClientReply:client-CEF4D3493DC0->4ee04582-2825-4055-a051-0465d62eb5ca@group-78E0FE5F723E, cid=2301, SUCCESS, logIndex=3458, commits[4ee04582-2825-4055-a051-0465d62eb5ca:c3458, 97f5b9f0-d9ef-40b5-ba79-7414923e623f:c3456, 7d686585-d831-45bc-93fc-0a553b604b0e:c3456]
2019-07-08 23:05:04,537 INFO  client.GrpcClientProtocolClient (GrpcClientProtocolClient.java:onNext(255)) - client-CEF4D3493DC0->4ee04582-2825-4055-a051-0465d62eb5ca: receive RaftClientReply:client-CEF4D3493DC0->4ee04582-2825-4055-a051-0465d62eb5ca@group-78E0FE5F723E, cid=2302, SUCCESS, logIndex=3461, commits[4ee04582-2825-4055-a051-0465d62eb5ca:c3462, 97f5b9f0-d9ef-40b5-ba79-7414923e623f:c3460, 7d686585-d831-45bc-93fc-0a553b604b0e:c3460]
2019-07-08 23:05:04,537 INFO  client.GrpcClientProtocolClient (GrpcClientProtocolClient.java:onNext(255)) - client-CEF4D3493DC0->4ee04582-2825-4055-a051-0465d62eb5ca: receive RaftClientReply:client-CEF4D3493DC0->4ee04582-2825-4055-a051-0465d62eb5ca@group-78E0FE5F723E, cid=2303, SUCCESS, logIndex=3462, commits[4ee04582-2825-4055-a051-0465d62eb5ca:c3462, 97f5b9f0-d9ef-40b5-ba79-7414923e623f:c3460, 7d686585-d831-45bc-93fc-0a553b604b0e:c3460]
2019-07-08 23:05:04,540 INFO  client.GrpcClientProtocolClient (GrpcClientProtocolClient.java:onNext(255)) - client-CEF4D3493DC0->4ee04582-2825-4055-a051-0465d62eb5ca: receive RaftClientReply:client-CEF4D3493DC0->4ee04582-2825-4055-a051-0465d62eb5ca@group-78E0FE5F723E, cid=2304, SUCCESS, logIndex=0, commits[4ee04582-2825-4055-a051-0465d62eb5ca:c3463, 97f5b9f0-d9ef-40b5-ba79-7414923e623f:c3462, 7d686585-d831-45bc-93fc-0a553b604b0e:c3462]
2019-07-08 23:05:04,562 INFO  client.GrpcClientProtocolClient (GrpcClientProtocolClient.java:onNext(255)) - client-CEF4D3493DC0->4ee04582-2825-4055-a051-0465d62eb5ca: receive RaftClientReply:client-CEF4D3493DC0->4ee04582-2825-4055-a051-0465d62eb5ca@group-78E0FE5F723E, cid=2305, SUCCESS, logIndex=3465, commits[4ee04582-2825-4055-a051-0465d62eb5ca:c3466, 97f5b9f0-d9ef-40b5-ba79-7414923e623f:c3462, 7d686585-d831-45bc-93fc-0a553b604b0e:c3464]
2019-07-08 23:05:04,562 INFO  client.GrpcClientProtocolClient (GrpcClientProtocolClient.java:onNext(255)) - client-CEF4D3493DC0->4ee04582-2825-4055-a051-0465d62eb5ca: receive RaftClientReply:client-CEF4D3493DC0->4ee04582-2825-4055-a051-0465d62eb5ca@group-78E0FE5F723E, cid=2306, SUCCESS, logIndex=3466, commits[4ee04582-2825-4055-a051-0465d62eb5ca:c3466, 97f5b9f0-d9ef-40b5-ba79-7414923e623f:c3464, 7d686585-d831-45bc-93fc-0a553b604b0e:c3464]
2019-07-08 23:05:04,565 INFO  client.GrpcClientProtocolClient (GrpcClientProtocolClient.java:onNext(255)) - client-CEF4D3493DC0->4ee04582-2825-4055-a051-0465d62eb5ca: receive RaftClientReply:client-CEF4D3493DC0->4ee04582-2825-4055-a051-0465d62eb5ca@group-78E0FE5F723E, cid=2307, SUCCESS, logIndex=3467, commits[4ee04582-2825-4055-a051-0465d62eb5ca:c3469, 97f5b9f0-d9ef-40b5-ba79-7414923e623f:c3466, 7d686585-d831-45bc-93fc-0a553b604b0e:c3464]
2019-07-08 23:05:04,566 INFO  client.GrpcClientProtocolClient (GrpcClientProtocolClient.java:onNext(255)) - client-CEF4D3493DC0->4ee04582-2825-4055-a051-0465d62eb5ca: receive RaftClientReply:client-CEF4D3493DC0->4ee04582-2825-4055-a051-0465d62eb5ca@group-78E0FE5F723E, cid=2308, SUCCESS, logIndex=3468, commits[4ee04582-2825-4055-a051-0465d62eb5ca:c3469, 97f5b9f0-d9ef-40b5-ba79-7414923e623f:c3466, 7d686585-d831-45bc-93fc-0a553b604b0e:c3464]
2019-07-08 23:05:04,567 INFO  client.GrpcClientProtocolClient (GrpcClientProtocolClient.java:onNext(255)) - client-CEF4D3493DC0->4ee04582-2825-4055-a051-0465d62eb5ca: receive RaftClientReply:client-CEF4D3493DC0->4ee04582-2825-4055-a051-0465d62eb5ca@group-78E0FE5F723E, cid=2309, SUCCESS, logIndex=0, commits[4ee04582-2825-4055-a051-0465d62eb5ca:c3469, 97f5b9f0-d9ef-40b5-ba79-7414923e623f:c3466, 7d686585-d831-45bc-93fc-0a553b604b0e:c3466]
2019-07-08 23:05:04,579 INFO  client.GrpcClientProtocolClient (GrpcClientProtocolClient.java:onNext(255)) - client-CEF4D3493DC0->4ee04582-2825-4055-a051-0465d62eb5ca: receive RaftClientReply:client-CEF4D3493DC0->4ee04582-2825-4055-a051-0465d62eb5ca@group-78E0FE5F723E, cid=2310, SUCCESS, logIndex=3473, commits[4ee04582-2825-4055-a051-0465d62eb5ca:c3474, 97f5b9f0-d9ef-40b5-ba79-7414923e623f:c3472, 7d686585-d831-45bc-93fc-0a553b604b0e:c3469]
2019-07-08 23:05:04,580 INFO  client.GrpcClientProtocolClient (GrpcClientProtocolClient.java:onNext(255)) - client-CEF4D3493DC0->4ee04582-2825-4055-a051-0465d62eb5ca: receive RaftClientReply:client-CEF4D3493DC0->4ee04582-2825-4055-a051-0465d62eb5ca@group-78E0FE5F723E, cid=2311, SUCCESS, logIndex=3474, commits[4ee04582-2825-4055-a051-0465d62eb5ca:c3474, 97f5b9f0-d9ef-40b5-ba79-7414923e623f:c3472, 7d686585-d831-45bc-93fc-0a553b604b0e:c3472]
2019-07-08 23:05:04,592 INFO  client.GrpcClientProtocolClient (GrpcClientProtocolClient.java:onNext(255)) - client-CEF4D3493DC0->4ee04582-2825-4055-a051-0465d62eb5ca: receive RaftClientReply:client-CEF4D3493DC0->4ee04582-2825-4055-a051-0465d62eb5ca@group-78E0FE5F723E, cid=2312, SUCCESS, logIndex=3477, commits[4ee04582-2825-4055-a051-0465d62eb5ca:c3478, 97f5b9f0-d9ef-40b5-ba79-7414923e623f:c3474, 7d686585-d831-45bc-93fc-0a553b604b0e:c3476]
2019-07-08 23:05:04,593 INFO  client.GrpcClientProtocolClient (GrpcClientProtocolClient.java:onNext(255)) - client-CEF4D3493DC0->4ee04582-2825-4055-a051-0465d62eb5ca: receive RaftClientReply:client-CEF4D3493DC0->4ee04582-2825-4055-a051-0465d62eb5ca@group-78E0FE5F723E, cid=2313, SUCCESS, logIndex=3478, commits[4ee04582-2825-4055-a051-0465d62eb5ca:c3478, 97f5b9f0-d9ef-40b5-ba79-7414923e623f:c3476, 7d686585-d831-45bc-93fc-0a553b604b0e:c3476]
2019-07-08 23:05:04,596 INFO  client.GrpcClientProtocolClient (GrpcClientProtocolClient.java:onNext(255)) - client-CEF4D3493DC0->4ee04582-2825-4055-a051-0465d62eb5ca: receive RaftClientReply:client-CEF4D3493DC0->4ee04582-2825-4055-a051-0465d62eb5ca@group-78E0FE5F723E, cid=2314, SUCCESS, logIndex=0, commits[4ee04582-2825-4055-a051-0465d62eb5ca:c3479, 97f5b9f0-d9ef-40b5-ba79-7414923e623f:c3478, 7d686585-d831-45bc-93fc-0a553b604b0e:c3478]
2019-07-08 23:05:04,614 INFO  client.GrpcClientProtocolClient (GrpcClientProtocolClient.java:onNext(255)) - client-CEF4D3493DC0->4ee04582-2825-4055-a051-0465d62eb5ca: receive RaftClientReply:client-CEF4D3493DC0->4ee04582-2825-4055-a051-0465d62eb5ca@group-78E0FE5F723E, cid=2315, SUCCESS, logIndex=3481, commits[4ee04582-2825-4055-a051-0465d62eb5ca:c3482, 97f5b9f0-d9ef-40b5-ba79-7414923e623f:c3480, 7d686585-d831-45bc-93fc-0a553b604b0e:c3478]
2019-07-08 23:05:04,615 INFO  client.GrpcClientProtocolClient (GrpcClientProtocolClient.java:onNext(255)) - client-CEF4D3493DC0->4ee04582-2825-4055-a051-0465d62eb5ca: receive RaftClientReply:client-CEF4D3493DC0->4ee04582-2825-4055-a051-0465d62eb5ca@group-78E0FE5F723E, cid=2316, SUCCESS, logIndex=3482, commits[4ee04582-2825-4055-a051-0465d62eb5ca:c3482, 97f5b9f0-d9ef-40b5-ba79-7414923e623f:c3480, 7d686585-d831-45bc-93fc-0a553b604b0e:c3478]
2019-07-08 23:05:04,615 INFO  client.GrpcClientProtocolClient (GrpcClientProtocolClient.java:onNext(255)) - client-CEF4D3493DC0->4ee04582-2825-4055-a051-0465d62eb5ca: receive RaftClientReply:client-CEF4D3493DC0->4ee04582-2825-4055-a051-0465d62eb5ca@group-78E0FE5F723E, cid=2317, SUCCESS, logIndex=3483, commits[4ee04582-2825-4055-a051-0465d62eb5ca:c3483, 97f5b9f0-d9ef-40b5-ba79-7414923e623f:c3480, 7d686585-d831-45bc-93fc-0a553b604b0e:c3480]
2019-07-08 23:05:04,616 INFO  client.GrpcClientProtocolClient (GrpcClientProtocolClient.java:onNext(255)) - client-CEF4D3493DC0->4ee04582-2825-4055-a051-0465d62eb5ca: receive RaftClientReply:client-CEF4D3493DC0->4ee04582-2825-4055-a051-0465d62eb5ca@group-78E0FE5F723E, cid=2318, SUCCESS, logIndex=3484, commits[4ee04582-2825-4055-a051-0465d62eb5ca:c3484, 97f5b9f0-d9ef-40b5-ba79-7414923e623f:c3480, 7d686585-d831-45bc-93fc-0a553b604b0e:c3480]
2019-07-08 23:05:04,621 INFO  client.GrpcClientProtocolClient (GrpcClientProtocolClient.java:onNext(255)) - client-CEF4D3493DC0->4ee04582-2825-4055-a051-0465d62eb5ca: receive RaftClientReply:client-CEF4D3493DC0->4ee04582-2825-4055-a051-0465d62eb5ca@group-78E0FE5F723E, cid=2319, SUCCESS, logIndex=0, commits[4ee04582-2825-4055-a051-0465d62eb5ca:c3486, 97f5b9f0-d9ef-40b5-ba79-7414923e623f:c3482, 7d686585-d831-45bc-93fc-0a553b604b0e:c3482]
2019-07-08 23:05:04,632 INFO  client.GrpcClientProtocolClient (GrpcClientProtocolClient.java:onNext(255)) - client-CEF4D3493DC0->4ee04582-2825-4055-a051-0465d62eb5ca: receive RaftClientReply:client-CEF4D3493DC0->4ee04582-2825-4055-a051-0465d62eb5ca@group-78E0FE5F723E, cid=2320, SUCCESS, logIndex=3489, commits[4ee04582-2825-4055-a051-0465d62eb5ca:c3490, 97f5b9f0-d9ef-40b5-ba79-7414923e623f:c3488, 7d686585-d831-45bc-93fc-0a553b604b0e:c3488]
2019-07-08 23:05:04,632 INFO  client.GrpcClientProtocolClient (GrpcClientProtocolClient.java:onNext(255)) - client-CEF4D3493DC0->4ee04582-2825-4055-a051-0465d62eb5ca: receive RaftClientReply:client-CEF4D3493DC0->4ee04582-2825-4055-a051-0465d62eb5ca@group-78E0FE5F723E, cid=2321, SUCCESS, logIndex=3490, commits[4ee04582-2825-4055-a051-0465d62eb5ca:c3490, 97f5b9f0-d9ef-40b5-ba79-7414923e623f:c3488, 7d686585-d831-45bc-93fc-0a553b604b0e:c3488]
2019-07-08 23:05:04,643 INFO  client.GrpcClientProtocolClient (GrpcClientProtocolClient.java:onNext(255)) - client-CEF4D3493DC0->4ee04582-2825-4055-a051-0465d62eb5ca: receive RaftClientReply:client-CEF4D3493DC0->4ee04582-2825-4055-a051-0465d62eb5ca@group-78E0FE5F723E, cid=2322, SUCCESS, logIndex=3493, commits[4ee04582-2825-4055-a051-0465d62eb5ca:c3494, 97f5b9f0-d9ef-40b5-ba79-7414923e623f:c3490, 7d686585-d831-45bc-93fc-0a553b604b0e:c3491]
2019-07-08 23:05:04,643 INFO  client.GrpcClientProtocolClient (GrpcClientProtocolClient.java:onNext(255)) - client-CEF4D3493DC0->4ee04582-2825-4055-a051-0465d62eb5ca: receive RaftClientReply:client-CEF4D3493DC0->4ee04582-2825-4055-a051-0465d62eb5ca@group-78E0FE5F723E, cid=2323, SUCCESS, logIndex=3494, commits[4ee04582-2825-4055-a051-0465d62eb5ca:c3494, 97f5b9f0-d9ef-40b5-ba79-7414923e623f:c3491, 7d686585-d831-45bc-93fc-0a553b604b0e:c3491]
2019-07-08 23:05:04,646 INFO  client.GrpcClientProtocolClient (GrpcClientProtocolClient.java:onNext(255)) - client-CEF4D3493DC0->4ee04582-2825-4055-a051-0465d62eb5ca: receive RaftClientReply:client-CEF4D3493DC0->4ee04582-2825-4055-a051-0465d62eb5ca@group-78E0FE5F723E, cid=2324, SUCCESS, logIndex=0, commits[4ee04582-2825-4055-a051-0465d62eb5ca:c3495, 97f5b9f0-d9ef-40b5-ba79-7414923e623f:c3494, 7d686585-d831-45bc-93fc-0a553b604b0e:c3494]
2019-07-08 23:05:04,677 INFO  client.GrpcClientProtocolClient (GrpcClientProtocolClient.java:onNext(255)) - client-CEF4D3493DC0->4ee04582-2825-4055-a051-0465d62eb5ca: receive RaftClientReply:client-CEF4D3493DC0->4ee04582-2825-4055-a051-0465d62eb5ca@group-78E0FE5F723E, cid=2325, SUCCESS, logIndex=3497, commits[4ee04582-2825-4055-a051-0465d62eb5ca:c3498, 97f5b9f0-d9ef-40b5-ba79-7414923e623f:c3496, 7d686585-d831-45bc-93fc-0a553b604b0e:c3496]
2019-07-08 23:05:04,678 INFO  client.GrpcClientProtocolClient (GrpcClientProtocolClient.java:onNext(255)) - client-CEF4D3493DC0->4ee04582-2825-4055-a051-0465d62eb5ca: receive RaftClientReply:client-CEF4D3493DC0->4ee04582-2825-4055-a051-0465d62eb5ca@group-78E0FE5F723E, cid=2326, SUCCESS, logIndex=3498, commits[4ee04582-2825-4055-a051-0465d62eb5ca:c3500, 97f5b9f0-d9ef-40b5-ba79-7414923e623f:c3496, 7d686585-d831-45bc-93fc-0a553b604b0e:c3496]
2019-07-08 23:05:04,678 INFO  client.GrpcClientProtocolClient (GrpcClientProtocolClient.java:onNext(255)) - client-CEF4D3493DC0->4ee04582-2825-4055-a051-0465d62eb5ca: receive RaftClientReply:client-CEF4D3493DC0->4ee04582-2825-4055-a051-0465d62eb5ca@group-78E0FE5F723E, cid=2327, SUCCESS, logIndex=3499, commits[4ee04582-2825-4055-a051-0465d62eb5ca:c3500, 97f5b9f0-d9ef-40b5-ba79-7414923e623f:c3496, 7d686585-d831-45bc-93fc-0a553b604b0e:c3496]
2019-07-08 23:05:04,678 INFO  client.GrpcClientProtocolClient (GrpcClientProtocolClient.java:onNext(255)) - client-CEF4D3493DC0->4ee04582-2825-4055-a051-0465d62eb5ca: receive RaftClientReply:client-CEF4D3493DC0->4ee04582-2825-4055-a051-0465d62eb5ca@group-78E0FE5F723E, cid=2328, SUCCESS, logIndex=3500, commits[4ee04582-2825-4055-a051-0465d62eb5ca:c3500, 97f5b9f0-d9ef-40b5-ba79-7414923e623f:c3496, 7d686585-d831-45bc-93fc-0a553b604b0e:c3496]
2019-07-08 23:05:04,683 INFO  client.GrpcClientProtocolClient (GrpcClientProtocolClient.java:onNext(255)) - client-CEF4D3493DC0->4ee04582-2825-4055-a051-0465d62eb5ca: receive RaftClientReply:client-CEF4D3493DC0->4ee04582-2825-4055-a051-0465d62eb5ca@group-78E0FE5F723E, cid=2329, SUCCESS, logIndex=0, commits[4ee04582-2825-4055-a051-0465d62eb5ca:c3501, 97f5b9f0-d9ef-40b5-ba79-7414923e623f:c3498, 7d686585-d831-45bc-93fc-0a553b604b0e:c3498]
2019-07-08 23:05:04,697 INFO  client.GrpcClientProtocolClient (GrpcClientProtocolClient.java:onNext(255)) - client-CEF4D3493DC0->4ee04582-2825-4055-a051-0465d62eb5ca: receive RaftClientReply:client-CEF4D3493DC0->4ee04582-2825-4055-a051-0465d62eb5ca@group-78E0FE5F723E, cid=2330, SUCCESS, logIndex=3505, commits[4ee04582-2825-4055-a051-0465d62eb5ca:c3505, 97f5b9f0-d9ef-40b5-ba79-7414923e623f:c3504, 7d686585-d831-45bc-93fc-0a553b604b0e:c3500]
2019-07-08 23:05:04,697 INFO  client.GrpcClientProtocolClient (GrpcClientProtocolClient.java:onNext(255)) - client-CEF4D3493DC0->4ee04582-2825-4055-a051-0465d62eb5ca: receive RaftClientReply:client-CEF4D3493DC0->4ee04582-2825-4055-a051-0465d62eb5ca@group-78E0FE5F723E, cid=2331, SUCCESS, logIndex=3506, commits[4ee04582-2825-4055-a051-0465d62eb5ca:c3506, 97f5b9f0-d9ef-40b5-ba79-7414923e623f:c3504, 7d686585-d831-45bc-93fc-0a553b604b0e:c3504]
2019-07-08 23:05:04,710 INFO  client.GrpcClientProtocolClient (GrpcClientProtocolClient.java:onNext(255)) - client-CEF4D3493DC0->4ee04582-2825-4055-a051-0465d62eb5ca: receive RaftClientReply:client-CEF4D3493DC0->4ee04582-2825-4055-a051-0465d62eb5ca@group-78E0FE5F723E, cid=2332, SUCCESS, logIndex=3509, commits[4ee04582-2825-4055-a051-0465d62eb5ca:c3510, 97f5b9f0-d9ef-40b5-ba79-7414923e623f:c3508, 7d686585-d831-45bc-93fc-0a553b604b0e:c3506]
2019-07-08 23:05:04,710 INFO  client.GrpcClientProtocolClient (GrpcClientProtocolClient.java:onNext(255)) - client-CEF4D3493DC0->4ee04582-2825-4055-a051-0465d62eb5ca: receive RaftClientReply:client-CEF4D3493DC0->4ee04582-2825-4055-a051-0465d62eb5ca@group-78E0FE5F723E, cid=2333, SUCCESS, logIndex=3510, commits[4ee04582-2825-4055-a051-0465d62eb5ca:c3510, 97f5b9f0-d9ef-40b5-ba79-7414923e623f:c3508, 7d686585-d831-45bc-93fc-0a553b604b0e:c3506]
2019-07-08 23:05:04,712 INFO  client.GrpcClientProtocolClient (GrpcClientProtocolClient.java:onNext(255)) - client-CEF4D3493DC0->4ee04582-2825-4055-a051-0465d62eb5ca: receive RaftClientReply:client-CEF4D3493DC0->4ee04582-2825-4055-a051-0465d62eb5ca@group-78E0FE5F723E, cid=2334, SUCCESS, logIndex=0, commits[4ee04582-2825-4055-a051-0465d62eb5ca:c3511, 97f5b9f0-d9ef-40b5-ba79-7414923e623f:c3510, 7d686585-d831-45bc-93fc-0a553b604b0e:c3510]
2019-07-08 23:05:04,731 INFO  client.GrpcClientProtocolClient (GrpcClientProtocolClient.java:onNext(255)) - client-CEF4D3493DC0->4ee04582-2825-4055-a051-0465d62eb5ca: receive RaftClientReply:client-CEF4D3493DC0->4ee04582-2825-4055-a051-0465d62eb5ca@group-78E0FE5F723E, cid=2335, SUCCESS, logIndex=3513, commits[4ee04582-2825-4055-a051-0465d62eb5ca:c3514, 97f5b9f0-d9ef-40b5-ba79-7414923e623f:c3512, 7d686585-d831-45bc-93fc-0a553b604b0e:c3510]
2019-07-08 23:05:04,731 INFO  client.GrpcClientProtocolClient (GrpcClientProtocolClient.java:onNext(255)) - client-CEF4D3493DC0->4ee04582-2825-4055-a051-0465d62eb5ca: receive RaftClientReply:client-CEF4D3493DC0->4ee04582-2825-4055-a051-0465d62eb5ca@group-78E0FE5F723E, cid=2336, SUCCESS, logIndex=3514, commits[4ee04582-2825-4055-a051-0465d62eb5ca:c3516, 97f5b9f0-d9ef-40b5-ba79-7414923e623f:c3512, 7d686585-d831-45bc-93fc-0a553b604b0e:c3510]
2019-07-08 23:05:04,732 INFO  client.GrpcClientProtocolClient (GrpcClientProtocolClient.java:onNext(255)) - client-CEF4D3493DC0->4ee04582-2825-4055-a051-0465d62eb5ca: receive RaftClientReply:client-CEF4D3493DC0->4ee04582-2825-4055-a051-0465d62eb5ca@group-78E0FE5F723E, cid=2337, SUCCESS, logIndex=3515, commits[4ee04582-2825-4055-a051-0465d62eb5ca:c3516, 97f5b9f0-d9ef-40b5-ba79-7414923e623f:c3512, 7d686585-d831-45bc-93fc-0a553b604b0e:c3512]
2019-07-08 23:05:04,732 INFO  client.GrpcClientProtocolClient (GrpcClientProtocolClient.java:onNext(255)) - client-CEF4D3493DC0->4ee04582-2825-4055-a051-0465d62eb5ca: receive RaftClientReply:client-CEF4D3493DC0->4ee04582-2825-4055-a051-0465d62eb5ca@group-78E0FE5F723E, cid=2338, SUCCESS, logIndex=3516, commits[4ee04582-2825-4055-a051-0465d62eb5ca:c3516, 97f5b9f0-d9ef-40b5-ba79-7414923e623f:c3512, 7d686585-d831-45bc-93fc-0a553b604b0e:c3512]
2019-07-08 23:05:04,733 INFO  client.GrpcClientProtocolClient (GrpcClientProtocolClient.java:onNext(255)) - client-CEF4D3493DC0->4ee04582-2825-4055-a051-0465d62eb5ca: receive RaftClientReply:client-CEF4D3493DC0->4ee04582-2825-4055-a051-0465d62eb5ca@group-78E0FE5F723E, cid=2339, SUCCESS, logIndex=0, commits[4ee04582-2825-4055-a051-0465d62eb5ca:c3518, 97f5b9f0-d9ef-40b5-ba79-7414923e623f:c3514, 7d686585-d831-45bc-93fc-0a553b604b0e:c3514]
2019-07-08 23:05:04,746 INFO  client.GrpcClientProtocolClient (GrpcClientProtocolClient.java:onNext(255)) - client-CEF4D3493DC0->4ee04582-2825-4055-a051-0465d62eb5ca: receive RaftClientReply:client-CEF4D3493DC0->4ee04582-2825-4055-a051-0465d62eb5ca@group-78E0FE5F723E, cid=2340, SUCCESS, logIndex=3521, commits[4ee04582-2825-4055-a051-0465d62eb5ca:c3522, 97f5b9f0-d9ef-40b5-ba79-7414923e623f:c3520, 7d686585-d831-45bc-93fc-0a553b604b0e:c3516]
2019-07-08 23:05:04,746 INFO  client.GrpcClientProtocolClient (GrpcClientProtocolClient.java:onNext(255)) - client-CEF4D3493DC0->4ee04582-2825-4055-a051-0465d62eb5ca: receive RaftClientReply:client-CEF4D3493DC0->4ee04582-2825-4055-a051-0465d62eb5ca@group-78E0FE5F723E, cid=2341, SUCCESS, logIndex=3522, commits[4ee04582-2825-4055-a051-0465d62eb5ca:c3522, 97f5b9f0-d9ef-40b5-ba79-7414923e623f:c3520, 7d686585-d831-45bc-93fc-0a553b604b0e:c3520]
2019-07-08 23:05:04,757 INFO  client.GrpcClientProtocolClient (GrpcClientProtocolClient.java:onNext(255)) - client-CEF4D3493DC0->4ee04582-2825-4055-a051-0465d62eb5ca: receive RaftClientReply:client-CEF4D3493DC0->4ee04582-2825-4055-a051-0465d62eb5ca@group-78E0FE5F723E, cid=2342, SUCCESS, logIndex=3525, commits[4ee04582-2825-4055-a051-0465d62eb5ca:c3526, 97f5b9f0-d9ef-40b5-ba79-7414923e623f:c3524, 7d686585-d831-45bc-93fc-0a553b604b0e:c3524]
2019-07-08 23:05:04,757 INFO  client.GrpcClientProtocolClient (GrpcClientProtocolClient.java:onNext(255)) - client-CEF4D3493DC0->4ee04582-2825-4055-a051-0465d62eb5ca: receive RaftClientReply:client-CEF4D3493DC0->4ee04582-2825-4055-a051-0465d62eb5ca@group-78E0FE5F723E, cid=2343, SUCCESS, logIndex=3526, commits[4ee04582-2825-4055-a051-0465d62eb5ca:c3526, 97f5b9f0-d9ef-40b5-ba79-7414923e623f:c3524, 7d686585-d831-45bc-93fc-0a553b604b0e:c3524]
2019-07-08 23:05:04,759 INFO  client.GrpcClientProtocolClient (GrpcClientProtocolClient.java:onNext(255)) - client-CEF4D3493DC0->4ee04582-2825-4055-a051-0465d62eb5ca: receive RaftClientReply:client-CEF4D3493DC0->4ee04582-2825-4055-a051-0465d62eb5ca@group-78E0FE5F723E, cid=2344, SUCCESS, logIndex=0, commits[4ee04582-2825-4055-a051-0465d62eb5ca:c3527, 97f5b9f0-d9ef-40b5-ba79-7414923e623f:c3526, 7d686585-d831-45bc-93fc-0a553b604b0e:c3526]
2019-07-08 23:05:04,777 INFO  client.GrpcClientProtocolClient (GrpcClientProtocolClient.java:onNext(255)) - client-CEF4D3493DC0->4ee04582-2825-4055-a051-0465d62eb5ca: receive RaftClientReply:client-CEF4D3493DC0->4ee04582-2825-4055-a051-0465d62eb5ca@group-78E0FE5F723E, cid=2345, SUCCESS, logIndex=3529, commits[4ee04582-2825-4055-a051-0465d62eb5ca:c3530, 97f5b9f0-d9ef-40b5-ba79-7414923e623f:c3528, 7d686585-d831-45bc-93fc-0a553b604b0e:c3526]
2019-07-08 23:05:04,777 INFO  client.GrpcClientProtocolClient (GrpcClientProtocolClient.java:onNext(255)) - client-CEF4D3493DC0->4ee04582-2825-4055-a051-0465d62eb5ca: receive RaftClientReply:client-CEF4D3493DC0->4ee04582-2825-4055-a051-0465d62eb5ca@group-78E0FE5F723E, cid=2346, SUCCESS, logIndex=3530, commits[4ee04582-2825-4055-a051-0465d62eb5ca:c3530, 97f5b9f0-d9ef-40b5-ba79-7414923e623f:c3528, 7d686585-d831-45bc-93fc-0a553b604b0e:c3526]
2019-07-08 23:05:04,779 INFO  client.GrpcClientProtocolClient (GrpcClientProtocolClient.java:onNext(255)) - client-CEF4D3493DC0->4ee04582-2825-4055-a051-0465d62eb5ca: receive RaftClientReply:client-CEF4D3493DC0->4ee04582-2825-4055-a051-0465d62eb5ca@group-78E0FE5F723E, cid=2347, SUCCESS, logIndex=3531, commits[4ee04582-2825-4055-a051-0465d62eb5ca:c3532, 97f5b9f0-d9ef-40b5-ba79-7414923e623f:c3528, 7d686585-d831-45bc-93fc-0a553b604b0e:c3528]
2019-07-08 23:05:04,780 INFO  client.GrpcClientProtocolClient (GrpcClientProtocolClient.java:onNext(255)) - client-CEF4D3493DC0->4ee04582-2825-4055-a051-0465d62eb5ca: receive RaftClientReply:client-CEF4D3493DC0->4ee04582-2825-4055-a051-0465d62eb5ca@group-78E0FE5F723E, cid=2348, SUCCESS, logIndex=3532, commits[4ee04582-2825-4055-a051-0465d62eb5ca:c3532, 97f5b9f0-d9ef-40b5-ba79-7414923e623f:c3530, 7d686585-d831-45bc-93fc-0a553b604b0e:c3528]
2019-07-08 23:05:04,781 INFO  client.GrpcClientProtocolClient (GrpcClientProtocolClient.java:onNext(255)) - client-CEF4D3493DC0->4ee04582-2825-4055-a051-0465d62eb5ca: receive RaftClientReply:client-CEF4D3493DC0->4ee04582-2825-4055-a051-0465d62eb5ca@group-78E0FE5F723E, cid=2349, SUCCESS, logIndex=0, commits[4ee04582-2825-4055-a051-0465d62eb5ca:c3534, 97f5b9f0-d9ef-40b5-ba79-7414923e623f:c3530, 7d686585-d831-45bc-93fc-0a553b604b0e:c3530]
2019-07-08 23:05:04,792 INFO  client.GrpcClientProtocolClient (GrpcClientProtocolClient.java:onNext(255)) - client-CEF4D3493DC0->4ee04582-2825-4055-a051-0465d62eb5ca: receive RaftClientReply:client-CEF4D3493DC0->4ee04582-2825-4055-a051-0465d62eb5ca@group-78E0FE5F723E, cid=2350, SUCCESS, logIndex=3537, commits[4ee04582-2825-4055-a051-0465d62eb5ca:c3538, 97f5b9f0-d9ef-40b5-ba79-7414923e623f:c3536, 7d686585-d831-45bc-93fc-0a553b604b0e:c3532]
2019-07-08 23:05:04,792 INFO  client.GrpcClientProtocolClient (GrpcClientProtocolClient.java:onNext(255)) - client-CEF4D3493DC0->4ee04582-2825-4055-a051-0465d62eb5ca: receive RaftClientReply:client-CEF4D3493DC0->4ee04582-2825-4055-a051-0465d62eb5ca@group-78E0FE5F723E, cid=2351, SUCCESS, logIndex=3538, commits[4ee04582-2825-4055-a051-0465d62eb5ca:c3538, 97f5b9f0-d9ef-40b5-ba79-7414923e623f:c3536, 7d686585-d831-45bc-93fc-0a553b604b0e:c3536]
2019-07-08 23:05:04,803 INFO  client.GrpcClientProtocolClient (GrpcClientProtocolClient.java:onNext(255)) - client-CEF4D3493DC0->4ee04582-2825-4055-a051-0465d62eb5ca: receive RaftClientReply:client-CEF4D3493DC0->4ee04582-2825-4055-a051-0465d62eb5ca@group-78E0FE5F723E, cid=2352, SUCCESS, logIndex=3541, commits[4ee04582-2825-4055-a051-0465d62eb5ca:c3542, 97f5b9f0-d9ef-40b5-ba79-7414923e623f:c3538, 7d686585-d831-45bc-93fc-0a553b604b0e:c3540]
2019-07-08 23:05:04,803 INFO  client.GrpcClientProtocolClient (GrpcClientProtocolClient.java:onNext(255)) - client-CEF4D3493DC0->4ee04582-2825-4055-a051-0465d62eb5ca: receive RaftClientReply:client-CEF4D3493DC0->4ee04582-2825-4055-a051-0465d62eb5ca@group-78E0FE5F723E, cid=2353, SUCCESS, logIndex=3542, commits[4ee04582-2825-4055-a051-0465d62eb5ca:c3542, 97f5b9f0-d9ef-40b5-ba79-7414923e623f:c3540, 7d686585-d831-45bc-93fc-0a553b604b0e:c3540]
2019-07-08 23:05:04,806 INFO  client.GrpcClientProtocolClient (GrpcClientProtocolClient.java:onNext(255)) - client-CEF4D3493DC0->4ee04582-2825-4055-a051-0465d62eb5ca: receive RaftClientReply:client-CEF4D3493DC0->4ee04582-2825-4055-a051-0465d62eb5ca@group-78E0FE5F723E, cid=2354, SUCCESS, logIndex=0, commits[4ee04582-2825-4055-a051-0465d62eb5ca:c3543, 97f5b9f0-d9ef-40b5-ba79-7414923e623f:c3542, 7d686585-d831-45bc-93fc-0a553b604b0e:c3542]
2019-07-08 23:05:04,826 INFO  client.GrpcClientProtocolClient (GrpcClientProtocolClient.java:onNext(255)) - client-CEF4D3493DC0->4ee04582-2825-4055-a051-0465d62eb5ca: receive RaftClientReply:client-CEF4D3493DC0->4ee04582-2825-4055-a051-0465d62eb5ca@group-78E0FE5F723E, cid=2355, SUCCESS, logIndex=3545, commits[4ee04582-2825-4055-a051-0465d62eb5ca:c3546, 97f5b9f0-d9ef-40b5-ba79-7414923e623f:c3544, 7d686585-d831-45bc-93fc-0a553b604b0e:c3542]
2019-07-08 23:05:04,827 INFO  client.GrpcClientProtocolClient (GrpcClientProtocolClient.java:onNext(255)) - client-CEF4D3493DC0->4ee04582-2825-4055-a051-0465d62eb5ca: receive RaftClientReply:client-CEF4D3493DC0->4ee04582-2825-4055-a051-0465d62eb5ca@group-78E0FE5F723E, cid=2356, SUCCESS, logIndex=3546, commits[4ee04582-2825-4055-a051-0465d62eb5ca:c3546, 97f5b9f0-d9ef-40b5-ba79-7414923e623f:c3544, 7d686585-d831-45bc-93fc-0a553b604b0e:c3542]
2019-07-08 23:05:04,829 INFO  client.GrpcClientProtocolClient (GrpcClientProtocolClient.java:onNext(255)) - client-CEF4D3493DC0->4ee04582-2825-4055-a051-0465d62eb5ca: receive RaftClientReply:client-CEF4D3493DC0->4ee04582-2825-4055-a051-0465d62eb5ca@group-78E0FE5F723E, cid=2357, SUCCESS, logIndex=3547, commits[4ee04582-2825-4055-a051-0465d62eb5ca:c3548, 97f5b9f0-d9ef-40b5-ba79-7414923e623f:c3544, 7d686585-d831-45bc-93fc-0a553b604b0e:c3544]
2019-07-08 23:05:04,830 INFO  client.GrpcClientProtocolClient (GrpcClientProtocolClient.java:onNext(255)) - client-CEF4D3493DC0->4ee04582-2825-4055-a051-0465d62eb5ca: receive RaftClientReply:client-CEF4D3493DC0->4ee04582-2825-4055-a051-0465d62eb5ca@group-78E0FE5F723E, cid=2358, SUCCESS, logIndex=3548, commits[4ee04582-2825-4055-a051-0465d62eb5ca:c3548, 97f5b9f0-d9ef-40b5-ba79-7414923e623f:c3544, 7d686585-d831-45bc-93fc-0a553b604b0e:c3544]
2019-07-08 23:05:04,833 INFO  client.GrpcClientProtocolClient (GrpcClientProtocolClient.java:onNext(255)) - client-CEF4D3493DC0->4ee04582-2825-4055-a051-0465d62eb5ca: receive RaftClientReply:client-CEF4D3493DC0->4ee04582-2825-4055-a051-0465d62eb5ca@group-78E0FE5F723E, cid=2359, SUCCESS, logIndex=0, commits[4ee04582-2825-4055-a051-0465d62eb5ca:c3550, 97f5b9f0-d9ef-40b5-ba79-7414923e623f:c3546, 7d686585-d831-45bc-93fc-0a553b604b0e:c3546]
2019-07-08 23:05:04,844 INFO  client.GrpcClientProtocolClient (GrpcClientProtocolClient.java:onNext(255)) - client-CEF4D3493DC0->4ee04582-2825-4055-a051-0465d62eb5ca: receive RaftClientReply:client-CEF4D3493DC0->4ee04582-2825-4055-a051-0465d62eb5ca@group-78E0FE5F723E, cid=2360, SUCCESS, logIndex=3553, commits[4ee04582-2825-4055-a051-0465d62eb5ca:c3554, 97f5b9f0-d9ef-40b5-ba79-7414923e623f:c3552, 7d686585-d831-45bc-93fc-0a553b604b0e:c3552]
2019-07-08 23:05:04,845 INFO  client.GrpcClientProtocolClient (GrpcClientProtocolClient.java:onNext(255)) - client-CEF4D3493DC0->4ee04582-2825-4055-a051-0465d62eb5ca: receive RaftClientReply:client-CEF4D3493DC0->4ee04582-2825-4055-a051-0465d62eb5ca@group-78E0FE5F723E, cid=2361, SUCCESS, logIndex=3554, commits[4ee04582-2825-4055-a051-0465d62eb5ca:c3554, 97f5b9f0-d9ef-40b5-ba79-7414923e623f:c3552, 7d686585-d831-45bc-93fc-0a553b604b0e:c3552]
2019-07-08 23:05:04,864 INFO  client.GrpcClientProtocolClient (GrpcClientProtocolClient.java:onNext(255)) - client-CEF4D3493DC0->4ee04582-2825-4055-a051-0465d62eb5ca: receive RaftClientReply:client-CEF4D3493DC0->4ee04582-2825-4055-a051-0465d62eb5ca@group-78E0FE5F723E, cid=2362, SUCCESS, logIndex=3557, commits[4ee04582-2825-4055-a051-0465d62eb5ca:c3558, 97f5b9f0-d9ef-40b5-ba79-7414923e623f:c3556, 7d686585-d831-45bc-93fc-0a553b604b0e:c3556]
2019-07-08 23:05:04,865 INFO  client.GrpcClientProtocolClient (GrpcClientProtocolClient.java:onNext(255)) - client-CEF4D3493DC0->4ee04582-2825-4055-a051-0465d62eb5ca: receive RaftClientReply:client-CEF4D3493DC0->4ee04582-2825-4055-a051-0465d62eb5ca@group-78E0FE5F723E, cid=2363, SUCCESS, logIndex=3558, commits[4ee04582-2825-4055-a051-0465d62eb5ca:c3558, 97f5b9f0-d9ef-40b5-ba79-7414923e623f:c3556, 7d686585-d831-45bc-93fc-0a553b604b0e:c3556]
2019-07-08 23:05:04,871 INFO  client.GrpcClientProtocolClient (GrpcClientProtocolClient.java:onNext(255)) - client-CEF4D3493DC0->4ee04582-2825-4055-a051-0465d62eb5ca: receive RaftClientReply:client-CEF4D3493DC0->4ee04582-2825-4055-a051-0465d62eb5ca@group-78E0FE5F723E, cid=2364, SUCCESS, logIndex=0, commits[4ee04582-2825-4055-a051-0465d62eb5ca:c3559, 97f5b9f0-d9ef-40b5-ba79-7414923e623f:c3558, 7d686585-d831-45bc-93fc-0a553b604b0e:c3558]
 0.00% |█                                                                                                    |  0/1 Time: 0:00:142019-07-08 23:05:04,891 INFO  client.GrpcClientProtocolClient (GrpcClientProtocolClient.java:onNext(255)) - client-CEF4D3493DC0->4ee04582-2825-4055-a051-0465d62eb5ca: receive RaftClientReply:client-CEF4D3493DC0->4ee04582-2825-4055-a051-0465d62eb5ca@group-78E0FE5F723E, cid=2365, SUCCESS, logIndex=3561, commits[4ee04582-2825-4055-a051-0465d62eb5ca:c3563, 97f5b9f0-d9ef-40b5-ba79-7414923e623f:c3560, 7d686585-d831-45bc-93fc-0a553b604b0e:c3560]
2019-07-08 23:05:04,892 INFO  client.GrpcClientProtocolClient (GrpcClientProtocolClient.java:onNext(255)) - client-CEF4D3493DC0->4ee04582-2825-4055-a051-0465d62eb5ca: receive RaftClientReply:client-CEF4D3493DC0->4ee04582-2825-4055-a051-0465d62eb5ca@group-78E0FE5F723E, cid=2366, SUCCESS, logIndex=3562, commits[4ee04582-2825-4055-a051-0465d62eb5ca:c3564, 97f5b9f0-d9ef-40b5-ba79-7414923e623f:c3560, 7d686585-d831-45bc-93fc-0a553b604b0e:c3560]
2019-07-08 23:05:04,892 INFO  client.GrpcClientProtocolClient (GrpcClientProtocolClient.java:onNext(255)) - client-CEF4D3493DC0->4ee04582-2825-4055-a051-0465d62eb5ca: receive RaftClientReply:client-CEF4D3493DC0->4ee04582-2825-4055-a051-0465d62eb5ca@group-78E0FE5F723E, cid=2367, SUCCESS, logIndex=3563, commits[4ee04582-2825-4055-a051-0465d62eb5ca:c3564, 97f5b9f0-d9ef-40b5-ba79-7414923e623f:c3560, 7d686585-d831-45bc-93fc-0a553b604b0e:c3560]
2019-07-08 23:05:04,892 INFO  client.GrpcClientProtocolClient (GrpcClientProtocolClient.java:onNext(255)) - client-CEF4D3493DC0->4ee04582-2825-4055-a051-0465d62eb5ca: receive RaftClientReply:client-CEF4D3493DC0->4ee04582-2825-4055-a051-0465d62eb5ca@group-78E0FE5F723E, cid=2368, SUCCESS, logIndex=3564, commits[4ee04582-2825-4055-a051-0465d62eb5ca:c3564, 97f5b9f0-d9ef-40b5-ba79-7414923e623f:c3560, 7d686585-d831-45bc-93fc-0a553b604b0e:c3560]
2019-07-08 23:05:04,896 INFO  client.GrpcClientProtocolClient (GrpcClientProtocolClient.java:onNext(255)) - client-CEF4D3493DC0->4ee04582-2825-4055-a051-0465d62eb5ca: receive RaftClientReply:client-CEF4D3493DC0->4ee04582-2825-4055-a051-0465d62eb5ca@group-78E0FE5F723E, cid=2369, SUCCESS, logIndex=0, commits[4ee04582-2825-4055-a051-0465d62eb5ca:c3565, 97f5b9f0-d9ef-40b5-ba79-7414923e623f:c3562, 7d686585-d831-45bc-93fc-0a553b604b0e:c3562]
2019-07-08 23:05:04,916 INFO  client.GrpcClientProtocolClient (GrpcClientProtocolClient.java:onNext(255)) - client-CEF4D3493DC0->4ee04582-2825-4055-a051-0465d62eb5ca: receive RaftClientReply:client-CEF4D3493DC0->4ee04582-2825-4055-a051-0465d62eb5ca@group-78E0FE5F723E, cid=2370, SUCCESS, logIndex=3569, commits[4ee04582-2825-4055-a051-0465d62eb5ca:c3570, 97f5b9f0-d9ef-40b5-ba79-7414923e623f:c3568, 7d686585-d831-45bc-93fc-0a553b604b0e:c3564]
2019-07-08 23:05:04,916 INFO  client.GrpcClientProtocolClient (GrpcClientProtocolClient.java:onNext(255)) - client-CEF4D3493DC0->4ee04582-2825-4055-a051-0465d62eb5ca: receive RaftClientReply:client-CEF4D3493DC0->4ee04582-2825-4055-a051-0465d62eb5ca@group-78E0FE5F723E, cid=2371, SUCCESS, logIndex=3570, commits[4ee04582-2825-4055-a051-0465d62eb5ca:c3570, 97f5b9f0-d9ef-40b5-ba79-7414923e623f:c3568, 7d686585-d831-45bc-93fc-0a553b604b0e:c3568]
2019-07-08 23:05:04,928 INFO  client.GrpcClientProtocolClient (GrpcClientProtocolClient.java:onNext(255)) - client-CEF4D3493DC0->4ee04582-2825-4055-a051-0465d62eb5ca: receive RaftClientReply:client-CEF4D3493DC0->4ee04582-2825-4055-a051-0465d62eb5ca@group-78E0FE5F723E, cid=2372, SUCCESS, logIndex=3573, commits[4ee04582-2825-4055-a051-0465d62eb5ca:c3574, 97f5b9f0-d9ef-40b5-ba79-7414923e623f:c3572, 7d686585-d831-45bc-93fc-0a553b604b0e:c3570]
2019-07-08 23:05:04,928 INFO  client.GrpcClientProtocolClient (GrpcClientProtocolClient.java:onNext(255)) - client-CEF4D3493DC0->4ee04582-2825-4055-a051-0465d62eb5ca: receive RaftClientReply:client-CEF4D3493DC0->4ee04582-2825-4055-a051-0465d62eb5ca@group-78E0FE5F723E, cid=2373, SUCCESS, logIndex=3574, commits[4ee04582-2825-4055-a051-0465d62eb5ca:c3574, 97f5b9f0-d9ef-40b5-ba79-7414923e623f:c3572, 7d686585-d831-45bc-93fc-0a553b604b0e:c3572]
2019-07-08 23:05:04,933 INFO  client.GrpcClientProtocolClient (GrpcClientProtocolClient.java:onNext(255)) - client-CEF4D3493DC0->4ee04582-2825-4055-a051-0465d62eb5ca: receive RaftClientReply:client-CEF4D3493DC0->4ee04582-2825-4055-a051-0465d62eb5ca@group-78E0FE5F723E, cid=2374, SUCCESS, logIndex=0, commits[4ee04582-2825-4055-a051-0465d62eb5ca:c3575, 97f5b9f0-d9ef-40b5-ba79-7414923e623f:c3574, 7d686585-d831-45bc-93fc-0a553b604b0e:c3574]
2019-07-08 23:05:04,954 INFO  client.GrpcClientProtocolClient (GrpcClientProtocolClient.java:onNext(255)) - client-CEF4D3493DC0->4ee04582-2825-4055-a051-0465d62eb5ca: receive RaftClientReply:client-CEF4D3493DC0->4ee04582-2825-4055-a051-0465d62eb5ca@group-78E0FE5F723E, cid=2375, SUCCESS, logIndex=3577, commits[4ee04582-2825-4055-a051-0465d62eb5ca:c3578, 97f5b9f0-d9ef-40b5-ba79-7414923e623f:c3576, 7d686585-d831-45bc-93fc-0a553b604b0e:c3574]
2019-07-08 23:05:04,955 INFO  client.GrpcClientProtocolClient (GrpcClientProtocolClient.java:onNext(255)) - client-CEF4D3493DC0->4ee04582-2825-4055-a051-0465d62eb5ca: receive RaftClientReply:client-CEF4D3493DC0->4ee04582-2825-4055-a051-0465d62eb5ca@group-78E0FE5F723E, cid=2376, SUCCESS, logIndex=3578, commits[4ee04582-2825-4055-a051-0465d62eb5ca:c3578, 97f5b9f0-d9ef-40b5-ba79-7414923e623f:c3576, 7d686585-d831-45bc-93fc-0a553b604b0e:c3576]
2019-07-08 23:05:04,957 INFO  client.GrpcClientProtocolClient (GrpcClientProtocolClient.java:onNext(255)) - client-CEF4D3493DC0->4ee04582-2825-4055-a051-0465d62eb5ca: receive RaftClientReply:client-CEF4D3493DC0->4ee04582-2825-4055-a051-0465d62eb5ca@group-78E0FE5F723E, cid=2377, SUCCESS, logIndex=3579, commits[4ee04582-2825-4055-a051-0465d62eb5ca:c3581, 97f5b9f0-d9ef-40b5-ba79-7414923e623f:c3578, 7d686585-d831-45bc-93fc-0a553b604b0e:c3576]
2019-07-08 23:05:04,957 INFO  client.GrpcClientProtocolClient (GrpcClientProtocolClient.java:onNext(255)) - client-CEF4D3493DC0->4ee04582-2825-4055-a051-0465d62eb5ca: receive RaftClientReply:client-CEF4D3493DC0->4ee04582-2825-4055-a051-0465d62eb5ca@group-78E0FE5F723E, cid=2378, SUCCESS, logIndex=3580, commits[4ee04582-2825-4055-a051-0465d62eb5ca:c3581, 97f5b9f0-d9ef-40b5-ba79-7414923e623f:c3578, 7d686585-d831-45bc-93fc-0a553b604b0e:c3576]
2019-07-08 23:05:04,959 INFO  client.GrpcClientProtocolClient (GrpcClientProtocolClient.java:onNext(255)) - client-CEF4D3493DC0->4ee04582-2825-4055-a051-0465d62eb5ca: receive RaftClientReply:client-CEF4D3493DC0->4ee04582-2825-4055-a051-0465d62eb5ca@group-78E0FE5F723E, cid=2379, SUCCESS, logIndex=0, commits[4ee04582-2825-4055-a051-0465d62eb5ca:c3582, 97f5b9f0-d9ef-40b5-ba79-7414923e623f:c3578, 7d686585-d831-45bc-93fc-0a553b604b0e:c3578]
2019-07-08 23:05:05,099 INFO  client.GrpcClientProtocolClient (GrpcClientProtocolClient.java:onNext(255)) - client-CEF4D3493DC0->4ee04582-2825-4055-a051-0465d62eb5ca: receive RaftClientReply:client-CEF4D3493DC0->4ee04582-2825-4055-a051-0465d62eb5ca@group-78E0FE5F723E, cid=2380, SUCCESS, logIndex=3585, commits[4ee04582-2825-4055-a051-0465d62eb5ca:c3586, 97f5b9f0-d9ef-40b5-ba79-7414923e623f:c3584, 7d686585-d831-45bc-93fc-0a553b604b0e:c3584]
2019-07-08 23:05:05,099 INFO  client.GrpcClientProtocolClient (GrpcClientProtocolClient.java:onNext(255)) - client-CEF4D3493DC0->4ee04582-2825-4055-a051-0465d62eb5ca: receive RaftClientReply:client-CEF4D3493DC0->4ee04582-2825-4055-a051-0465d62eb5ca@group-78E0FE5F723E, cid=2381, SUCCESS, logIndex=3586, commits[4ee04582-2825-4055-a051-0465d62eb5ca:c3586, 97f5b9f0-d9ef-40b5-ba79-7414923e623f:c3584, 7d686585-d831-45bc-93fc-0a553b604b0e:c3584]
2019-07-08 23:05:05,116 INFO  client.GrpcClientProtocolClient (GrpcClientProtocolClient.java:onNext(255)) - client-CEF4D3493DC0->4ee04582-2825-4055-a051-0465d62eb5ca: receive RaftClientReply:client-CEF4D3493DC0->4ee04582-2825-4055-a051-0465d62eb5ca@group-78E0FE5F723E, cid=2382, SUCCESS, logIndex=3589, commits[4ee04582-2825-4055-a051-0465d62eb5ca:c3590, 97f5b9f0-d9ef-40b5-ba79-7414923e623f:c3588, 7d686585-d831-45bc-93fc-0a553b604b0e:c3588]
2019-07-08 23:05:05,116 INFO  client.GrpcClientProtocolClient (GrpcClientProtocolClient.java:onNext(255)) - client-CEF4D3493DC0->4ee04582-2825-4055-a051-0465d62eb5ca: receive RaftClientReply:client-CEF4D3493DC0->4ee04582-2825-4055-a051-0465d62eb5ca@group-78E0FE5F723E, cid=2383, SUCCESS, logIndex=3590, commits[4ee04582-2825-4055-a051-0465d62eb5ca:c3590, 97f5b9f0-d9ef-40b5-ba79-7414923e623f:c3588, 7d686585-d831-45bc-93fc-0a553b604b0e:c3588]
2019-07-08 23:05:05,118 INFO  client.GrpcClientProtocolClient (GrpcClientProtocolClient.java:onNext(255)) - client-CEF4D3493DC0->4ee04582-2825-4055-a051-0465d62eb5ca: receive RaftClientReply:client-CEF4D3493DC0->4ee04582-2825-4055-a051-0465d62eb5ca@group-78E0FE5F723E, cid=2384, SUCCESS, logIndex=0, commits[4ee04582-2825-4055-a051-0465d62eb5ca:c3591, 97f5b9f0-d9ef-40b5-ba79-7414923e623f:c3590, 7d686585-d831-45bc-93fc-0a553b604b0e:c3590]
2019-07-08 23:05:05,151 INFO  client.GrpcClientProtocolClient (GrpcClientProtocolClient.java:onNext(255)) - client-CEF4D3493DC0->4ee04582-2825-4055-a051-0465d62eb5ca: receive RaftClientReply:client-CEF4D3493DC0->4ee04582-2825-4055-a051-0465d62eb5ca@group-78E0FE5F723E, cid=2385, SUCCESS, logIndex=3593, commits[4ee04582-2825-4055-a051-0465d62eb5ca:c3594, 97f5b9f0-d9ef-40b5-ba79-7414923e623f:c3592, 7d686585-d831-45bc-93fc-0a553b604b0e:c3590]
2019-07-08 23:05:05,152 INFO  client.GrpcClientProtocolClient (GrpcClientProtocolClient.java:onNext(255)) - client-CEF4D3493DC0->4ee04582-2825-4055-a051-0465d62eb5ca: receive RaftClientReply:client-CEF4D3493DC0->4ee04582-2825-4055-a051-0465d62eb5ca@group-78E0FE5F723E, cid=2386, SUCCESS, logIndex=3594, commits[4ee04582-2825-4055-a051-0465d62eb5ca:c3594, 97f5b9f0-d9ef-40b5-ba79-7414923e623f:c3592, 7d686585-d831-45bc-93fc-0a553b604b0e:c3590]
2019-07-08 23:05:05,154 INFO  client.GrpcClientProtocolClient (GrpcClientProtocolClient.java:onNext(255)) - client-CEF4D3493DC0->4ee04582-2825-4055-a051-0465d62eb5ca: receive RaftClientReply:client-CEF4D3493DC0->4ee04582-2825-4055-a051-0465d62eb5ca@group-78E0FE5F723E, cid=2387, SUCCESS, logIndex=3595, commits[4ee04582-2825-4055-a051-0465d62eb5ca:c3596, 97f5b9f0-d9ef-40b5-ba79-7414923e623f:c3592, 7d686585-d831-45bc-93fc-0a553b604b0e:c3592]
2019-07-08 23:05:05,155 INFO  client.GrpcClientProtocolClient (GrpcClientProtocolClient.java:onNext(255)) - client-CEF4D3493DC0->4ee04582-2825-4055-a051-0465d62eb5ca: receive RaftClientReply:client-CEF4D3493DC0->4ee04582-2825-4055-a051-0465d62eb5ca@group-78E0FE5F723E, cid=2388, SUCCESS, logIndex=3596, commits[4ee04582-2825-4055-a051-0465d62eb5ca:c3596, 97f5b9f0-d9ef-40b5-ba79-7414923e623f:c3592, 7d686585-d831-45bc-93fc-0a553b604b0e:c3592]
2019-07-08 23:05:05,157 INFO  client.GrpcClientProtocolClient (GrpcClientProtocolClient.java:onNext(255)) - client-CEF4D3493DC0->4ee04582-2825-4055-a051-0465d62eb5ca: receive RaftClientReply:client-CEF4D3493DC0->4ee04582-2825-4055-a051-0465d62eb5ca@group-78E0FE5F723E, cid=2389, SUCCESS, logIndex=0, commits[4ee04582-2825-4055-a051-0465d62eb5ca:c3598, 97f5b9f0-d9ef-40b5-ba79-7414923e623f:c3594, 7d686585-d831-45bc-93fc-0a553b604b0e:c3594]
2019-07-08 23:05:05,171 INFO  client.GrpcClientProtocolClient (GrpcClientProtocolClient.java:onNext(255)) - client-CEF4D3493DC0->4ee04582-2825-4055-a051-0465d62eb5ca: receive RaftClientReply:client-CEF4D3493DC0->4ee04582-2825-4055-a051-0465d62eb5ca@group-78E0FE5F723E, cid=2390, SUCCESS, logIndex=3601, commits[4ee04582-2825-4055-a051-0465d62eb5ca:c3602, 97f5b9f0-d9ef-40b5-ba79-7414923e623f:c3600, 7d686585-d831-45bc-93fc-0a553b604b0e:c3596]
2019-07-08 23:05:05,171 INFO  client.GrpcClientProtocolClient (GrpcClientProtocolClient.java:onNext(255)) - client-CEF4D3493DC0->4ee04582-2825-4055-a051-0465d62eb5ca: receive RaftClientReply:client-CEF4D3493DC0->4ee04582-2825-4055-a051-0465d62eb5ca@group-78E0FE5F723E, cid=2391, SUCCESS, logIndex=3602, commits[4ee04582-2825-4055-a051-0465d62eb5ca:c3602, 97f5b9f0-d9ef-40b5-ba79-7414923e623f:c3600, 7d686585-d831-45bc-93fc-0a553b604b0e:c3600]
2019-07-08 23:05:05,184 INFO  client.GrpcClientProtocolClient (GrpcClientProtocolClient.java:onNext(255)) - client-CEF4D3493DC0->4ee04582-2825-4055-a051-0465d62eb5ca: receive RaftClientReply:client-CEF4D3493DC0->4ee04582-2825-4055-a051-0465d62eb5ca@group-78E0FE5F723E, cid=2392, SUCCESS, logIndex=3605, commits[4ee04582-2825-4055-a051-0465d62eb5ca:c3606, 97f5b9f0-d9ef-40b5-ba79-7414923e623f:c3604, 7d686585-d831-45bc-93fc-0a553b604b0e:c3602]
2019-07-08 23:05:05,184 INFO  client.GrpcClientProtocolClient (GrpcClientProtocolClient.java:onNext(255)) - client-CEF4D3493DC0->4ee04582-2825-4055-a051-0465d62eb5ca: receive RaftClientReply:client-CEF4D3493DC0->4ee04582-2825-4055-a051-0465d62eb5ca@group-78E0FE5F723E, cid=2393, SUCCESS, logIndex=3606, commits[4ee04582-2825-4055-a051-0465d62eb5ca:c3606, 97f5b9f0-d9ef-40b5-ba79-7414923e623f:c3604, 7d686585-d831-45bc-93fc-0a553b604b0e:c3604]
2019-07-08 23:05:05,187 INFO  client.GrpcClientProtocolClient (GrpcClientProtocolClient.java:onNext(255)) - client-CEF4D3493DC0->4ee04582-2825-4055-a051-0465d62eb5ca: receive RaftClientReply:client-CEF4D3493DC0->4ee04582-2825-4055-a051-0465d62eb5ca@group-78E0FE5F723E, cid=2394, SUCCESS, logIndex=0, commits[4ee04582-2825-4055-a051-0465d62eb5ca:c3607, 97f5b9f0-d9ef-40b5-ba79-7414923e623f:c3606, 7d686585-d831-45bc-93fc-0a553b604b0e:c3606]
2019-07-08 23:05:05,208 INFO  client.GrpcClientProtocolClient (GrpcClientProtocolClient.java:onNext(255)) - client-CEF4D3493DC0->4ee04582-2825-4055-a051-0465d62eb5ca: receive RaftClientReply:client-CEF4D3493DC0->4ee04582-2825-4055-a051-0465d62eb5ca@group-78E0FE5F723E, cid=2395, SUCCESS, logIndex=3609, commits[4ee04582-2825-4055-a051-0465d62eb5ca:c3610, 97f5b9f0-d9ef-40b5-ba79-7414923e623f:c3608, 7d686585-d831-45bc-93fc-0a553b604b0e:c3606]
2019-07-08 23:05:05,209 INFO  client.GrpcClientProtocolClient (GrpcClientProtocolClient.java:onNext(255)) - client-CEF4D3493DC0->4ee04582-2825-4055-a051-0465d62eb5ca: receive RaftClientReply:client-CEF4D3493DC0->4ee04582-2825-4055-a051-0465d62eb5ca@group-78E0FE5F723E, cid=2396, SUCCESS, logIndex=3610, commits[4ee04582-2825-4055-a051-0465d62eb5ca:c3610, 97f5b9f0-d9ef-40b5-ba79-7414923e623f:c3608, 7d686585-d831-45bc-93fc-0a553b604b0e:c3608]
2019-07-08 23:05:05,211 INFO  client.GrpcClientProtocolClient (GrpcClientProtocolClient.java:onNext(255)) - client-CEF4D3493DC0->4ee04582-2825-4055-a051-0465d62eb5ca: receive RaftClientReply:client-CEF4D3493DC0->4ee04582-2825-4055-a051-0465d62eb5ca@group-78E0FE5F723E, cid=2397, SUCCESS, logIndex=3611, commits[4ee04582-2825-4055-a051-0465d62eb5ca:c3614, 97f5b9f0-d9ef-40b5-ba79-7414923e623f:c3610, 7d686585-d831-45bc-93fc-0a553b604b0e:c3608]
2019-07-08 23:05:05,211 INFO  client.GrpcClientProtocolClient (GrpcClientProtocolClient.java:onNext(255)) - client-CEF4D3493DC0->4ee04582-2825-4055-a051-0465d62eb5ca: receive RaftClientReply:client-CEF4D3493DC0->4ee04582-2825-4055-a051-0465d62eb5ca@group-78E0FE5F723E, cid=2398, SUCCESS, logIndex=3612, commits[4ee04582-2825-4055-a051-0465d62eb5ca:c3614, 97f5b9f0-d9ef-40b5-ba79-7414923e623f:c3610, 7d686585-d831-45bc-93fc-0a553b604b0e:c3608]
2019-07-08 23:05:05,212 INFO  client.GrpcClientProtocolClient (GrpcClientProtocolClient.java:onNext(255)) - client-CEF4D3493DC0->4ee04582-2825-4055-a051-0465d62eb5ca: receive RaftClientReply:client-CEF4D3493DC0->4ee04582-2825-4055-a051-0465d62eb5ca@group-78E0FE5F723E, cid=2399, SUCCESS, logIndex=0, commits[4ee04582-2825-4055-a051-0465d62eb5ca:c3614, 97f5b9f0-d9ef-40b5-ba79-7414923e623f:c3610, 7d686585-d831-45bc-93fc-0a553b604b0e:c3610]
2019-07-08 23:05:05,225 INFO  client.GrpcClientProtocolClient (GrpcClientProtocolClient.java:onNext(255)) - client-CEF4D3493DC0->4ee04582-2825-4055-a051-0465d62eb5ca: receive RaftClientReply:client-CEF4D3493DC0->4ee04582-2825-4055-a051-0465d62eb5ca@group-78E0FE5F723E, cid=2400, SUCCESS, logIndex=3617, commits[4ee04582-2825-4055-a051-0465d62eb5ca:c3618, 97f5b9f0-d9ef-40b5-ba79-7414923e623f:c3616, 7d686585-d831-45bc-93fc-0a553b604b0e:c3613]
2019-07-08 23:05:05,225 INFO  client.GrpcClientProtocolClient (GrpcClientProtocolClient.java:onNext(255)) - client-CEF4D3493DC0->4ee04582-2825-4055-a051-0465d62eb5ca: receive RaftClientReply:client-CEF4D3493DC0->4ee04582-2825-4055-a051-0465d62eb5ca@group-78E0FE5F723E, cid=2401, SUCCESS, logIndex=3618, commits[4ee04582-2825-4055-a051-0465d62eb5ca:c3618, 97f5b9f0-d9ef-40b5-ba79-7414923e623f:c3616, 7d686585-d831-45bc-93fc-0a553b604b0e:c3616]
2019-07-08 23:05:05,237 INFO  client.GrpcClientProtocolClient (GrpcClientProtocolClient.java:onNext(255)) - client-CEF4D3493DC0->4ee04582-2825-4055-a051-0465d62eb5ca: receive RaftClientReply:client-CEF4D3493DC0->4ee04582-2825-4055-a051-0465d62eb5ca@group-78E0FE5F723E, cid=2402, SUCCESS, logIndex=3621, commits[4ee04582-2825-4055-a051-0465d62eb5ca:c3622, 97f5b9f0-d9ef-40b5-ba79-7414923e623f:c3619, 7d686585-d831-45bc-93fc-0a553b604b0e:c3618]
2019-07-08 23:05:05,238 INFO  client.GrpcClientProtocolClient (GrpcClientProtocolClient.java:onNext(255)) - client-CEF4D3493DC0->4ee04582-2825-4055-a051-0465d62eb5ca: receive RaftClientReply:client-CEF4D3493DC0->4ee04582-2825-4055-a051-0465d62eb5ca@group-78E0FE5F723E, cid=2403, SUCCESS, logIndex=3622, commits[4ee04582-2825-4055-a051-0465d62eb5ca:c3622, 97f5b9f0-d9ef-40b5-ba79-7414923e623f:c3619, 7d686585-d831-45bc-93fc-0a553b604b0e:c3619]
2019-07-08 23:05:05,241 INFO  client.GrpcClientProtocolClient (GrpcClientProtocolClient.java:onNext(255)) - client-CEF4D3493DC0->4ee04582-2825-4055-a051-0465d62eb5ca: receive RaftClientReply:client-CEF4D3493DC0->4ee04582-2825-4055-a051-0465d62eb5ca@group-78E0FE5F723E, cid=2404, SUCCESS, logIndex=0, commits[4ee04582-2825-4055-a051-0465d62eb5ca:c3623, 97f5b9f0-d9ef-40b5-ba79-7414923e623f:c3622, 7d686585-d831-45bc-93fc-0a553b604b0e:c3622]
2019-07-08 23:05:05,264 INFO  client.GrpcClientProtocolClient (GrpcClientProtocolClient.java:onNext(255)) - client-CEF4D3493DC0->4ee04582-2825-4055-a051-0465d62eb5ca: receive RaftClientReply:client-CEF4D3493DC0->4ee04582-2825-4055-a051-0465d62eb5ca@group-78E0FE5F723E, cid=2405, SUCCESS, logIndex=3625, commits[4ee04582-2825-4055-a051-0465d62eb5ca:c3626, 97f5b9f0-d9ef-40b5-ba79-7414923e623f:c3624, 7d686585-d831-45bc-93fc-0a553b604b0e:c3624]
2019-07-08 23:05:05,264 INFO  client.GrpcClientProtocolClient (GrpcClientProtocolClient.java:onNext(255)) - client-CEF4D3493DC0->4ee04582-2825-4055-a051-0465d62eb5ca: receive RaftClientReply:client-CEF4D3493DC0->4ee04582-2825-4055-a051-0465d62eb5ca@group-78E0FE5F723E, cid=2406, SUCCESS, logIndex=3626, commits[4ee04582-2825-4055-a051-0465d62eb5ca:c3626, 97f5b9f0-d9ef-40b5-ba79-7414923e623f:c3624, 7d686585-d831-45bc-93fc-0a553b604b0e:c3624]
2019-07-08 23:05:05,266 INFO  client.GrpcClientProtocolClient (GrpcClientProtocolClient.java:onNext(255)) - client-CEF4D3493DC0->4ee04582-2825-4055-a051-0465d62eb5ca: receive RaftClientReply:client-CEF4D3493DC0->4ee04582-2825-4055-a051-0465d62eb5ca@group-78E0FE5F723E, cid=2407, SUCCESS, logIndex=3627, commits[4ee04582-2825-4055-a051-0465d62eb5ca:c3628, 97f5b9f0-d9ef-40b5-ba79-7414923e623f:c3626, 7d686585-d831-45bc-93fc-0a553b604b0e:c3624]
2019-07-08 23:05:05,266 INFO  client.GrpcClientProtocolClient (GrpcClientProtocolClient.java:onNext(255)) - client-CEF4D3493DC0->4ee04582-2825-4055-a051-0465d62eb5ca: receive RaftClientReply:client-CEF4D3493DC0->4ee04582-2825-4055-a051-0465d62eb5ca@group-78E0FE5F723E, cid=2408, SUCCESS, logIndex=3628, commits[4ee04582-2825-4055-a051-0465d62eb5ca:c3630, 97f5b9f0-d9ef-40b5-ba79-7414923e623f:c3626, 7d686585-d831-45bc-93fc-0a553b604b0e:c3624]
2019-07-08 23:05:05,268 INFO  client.GrpcClientProtocolClient (GrpcClientProtocolClient.java:onNext(255)) - client-CEF4D3493DC0->4ee04582-2825-4055-a051-0465d62eb5ca: receive RaftClientReply:client-CEF4D3493DC0->4ee04582-2825-4055-a051-0465d62eb5ca@group-78E0FE5F723E, cid=2409, SUCCESS, logIndex=0, commits[4ee04582-2825-4055-a051-0465d62eb5ca:c3630, 97f5b9f0-d9ef-40b5-ba79-7414923e623f:c3626, 7d686585-d831-45bc-93fc-0a553b604b0e:c3626]
2019-07-08 23:05:05,281 INFO  client.GrpcClientProtocolClient (GrpcClientProtocolClient.java:onNext(255)) - client-CEF4D3493DC0->4ee04582-2825-4055-a051-0465d62eb5ca: receive RaftClientReply:client-CEF4D3493DC0->4ee04582-2825-4055-a051-0465d62eb5ca@group-78E0FE5F723E, cid=2410, SUCCESS, logIndex=3633, commits[4ee04582-2825-4055-a051-0465d62eb5ca:c3634, 97f5b9f0-d9ef-40b5-ba79-7414923e623f:c3632, 7d686585-d831-45bc-93fc-0a553b604b0e:c3628]
2019-07-08 23:05:05,281 INFO  client.GrpcClientProtocolClient (GrpcClientProtocolClient.java:onNext(255)) - client-CEF4D3493DC0->4ee04582-2825-4055-a051-0465d62eb5ca: receive RaftClientReply:client-CEF4D3493DC0->4ee04582-2825-4055-a051-0465d62eb5ca@group-78E0FE5F723E, cid=2411, SUCCESS, logIndex=3634, commits[4ee04582-2825-4055-a051-0465d62eb5ca:c3634, 97f5b9f0-d9ef-40b5-ba79-7414923e623f:c3632, 7d686585-d831-45bc-93fc-0a553b604b0e:c3632]
2019-07-08 23:05:05,293 INFO  client.GrpcClientProtocolClient (GrpcClientProtocolClient.java:onNext(255)) - client-CEF4D3493DC0->4ee04582-2825-4055-a051-0465d62eb5ca: receive RaftClientReply:client-CEF4D3493DC0->4ee04582-2825-4055-a051-0465d62eb5ca@group-78E0FE5F723E, cid=2412, SUCCESS, logIndex=3637, commits[4ee04582-2825-4055-a051-0465d62eb5ca:c3638, 97f5b9f0-d9ef-40b5-ba79-7414923e623f:c3636, 7d686585-d831-45bc-93fc-0a553b604b0e:c3634]
2019-07-08 23:05:05,293 INFO  client.GrpcClientProtocolClient (GrpcClientProtocolClient.java:onNext(255)) - client-CEF4D3493DC0->4ee04582-2825-4055-a051-0465d62eb5ca: receive RaftClientReply:client-CEF4D3493DC0->4ee04582-2825-4055-a051-0465d62eb5ca@group-78E0FE5F723E, cid=2413, SUCCESS, logIndex=3638, commits[4ee04582-2825-4055-a051-0465d62eb5ca:c3638, 97f5b9f0-d9ef-40b5-ba79-7414923e623f:c3636, 7d686585-d831-45bc-93fc-0a553b604b0e:c3636]
2019-07-08 23:05:05,296 INFO  client.GrpcClientProtocolClient (GrpcClientProtocolClient.java:onNext(255)) - client-CEF4D3493DC0->4ee04582-2825-4055-a051-0465d62eb5ca: receive RaftClientReply:client-CEF4D3493DC0->4ee04582-2825-4055-a051-0465d62eb5ca@group-78E0FE5F723E, cid=2414, SUCCESS, logIndex=0, commits[4ee04582-2825-4055-a051-0465d62eb5ca:c3639, 97f5b9f0-d9ef-40b5-ba79-7414923e623f:c3638, 7d686585-d831-45bc-93fc-0a553b604b0e:c3638]
2019-07-08 23:05:05,317 INFO  client.GrpcClientProtocolClient (GrpcClientProtocolClient.java:onNext(255)) - client-CEF4D3493DC0->4ee04582-2825-4055-a051-0465d62eb5ca: receive RaftClientReply:client-CEF4D3493DC0->4ee04582-2825-4055-a051-0465d62eb5ca@group-78E0FE5F723E, cid=2415, SUCCESS, logIndex=3641, commits[4ee04582-2825-4055-a051-0465d62eb5ca:c3642, 97f5b9f0-d9ef-40b5-ba79-7414923e623f:c3640, 7d686585-d831-45bc-93fc-0a553b604b0e:c3638]
2019-07-08 23:05:05,318 INFO  client.GrpcClientProtocolClient (GrpcClientProtocolClient.java:onNext(255)) - client-CEF4D3493DC0->4ee04582-2825-4055-a051-0465d62eb5ca: receive RaftClientReply:client-CEF4D3493DC0->4ee04582-2825-4055-a051-0465d62eb5ca@group-78E0FE5F723E, cid=2416, SUCCESS, logIndex=3642, commits[4ee04582-2825-4055-a051-0465d62eb5ca:c3642, 97f5b9f0-d9ef-40b5-ba79-7414923e623f:c3640, 7d686585-d831-45bc-93fc-0a553b604b0e:c3638]
2019-07-08 23:05:05,320 INFO  client.GrpcClientProtocolClient (GrpcClientProtocolClient.java:onNext(255)) - client-CEF4D3493DC0->4ee04582-2825-4055-a051-0465d62eb5ca: receive RaftClientReply:client-CEF4D3493DC0->4ee04582-2825-4055-a051-0465d62eb5ca@group-78E0FE5F723E, cid=2417, SUCCESS, logIndex=3643, commits[4ee04582-2825-4055-a051-0465d62eb5ca:c3644, 97f5b9f0-d9ef-40b5-ba79-7414923e623f:c3640, 7d686585-d831-45bc-93fc-0a553b604b0e:c3640]
2019-07-08 23:05:05,320 INFO  client.GrpcClientProtocolClient (GrpcClientProtocolClient.java:onNext(255)) - client-CEF4D3493DC0->4ee04582-2825-4055-a051-0465d62eb5ca: receive RaftClientReply:client-CEF4D3493DC0->4ee04582-2825-4055-a051-0465d62eb5ca@group-78E0FE5F723E, cid=2418, SUCCESS, logIndex=3644, commits[4ee04582-2825-4055-a051-0465d62eb5ca:c3644, 97f5b9f0-d9ef-40b5-ba79-7414923e623f:c3640, 7d686585-d831-45bc-93fc-0a553b604b0e:c3640]
2019-07-08 23:05:05,324 INFO  client.GrpcClientProtocolClient (GrpcClientProtocolClient.java:onNext(255)) - client-CEF4D3493DC0->4ee04582-2825-4055-a051-0465d62eb5ca: receive RaftClientReply:client-CEF4D3493DC0->4ee04582-2825-4055-a051-0465d62eb5ca@group-78E0FE5F723E, cid=2419, SUCCESS, logIndex=0, commits[4ee04582-2825-4055-a051-0465d62eb5ca:c3646, 97f5b9f0-d9ef-40b5-ba79-7414923e623f:c3642, 7d686585-d831-45bc-93fc-0a553b604b0e:c3642]
2019-07-08 23:05:05,335 INFO  client.GrpcClientProtocolClient (GrpcClientProtocolClient.java:onNext(255)) - client-CEF4D3493DC0->4ee04582-2825-4055-a051-0465d62eb5ca: receive RaftClientReply:client-CEF4D3493DC0->4ee04582-2825-4055-a051-0465d62eb5ca@group-78E0FE5F723E, cid=2420, SUCCESS, logIndex=3649, commits[4ee04582-2825-4055-a051-0465d62eb5ca:c3650, 97f5b9f0-d9ef-40b5-ba79-7414923e623f:c3648, 7d686585-d831-45bc-93fc-0a553b604b0e:c3644]
2019-07-08 23:05:05,335 INFO  client.GrpcClientProtocolClient (GrpcClientProtocolClient.java:onNext(255)) - client-CEF4D3493DC0->4ee04582-2825-4055-a051-0465d62eb5ca: receive RaftClientReply:client-CEF4D3493DC0->4ee04582-2825-4055-a051-0465d62eb5ca@group-78E0FE5F723E, cid=2421, SUCCESS, logIndex=3650, commits[4ee04582-2825-4055-a051-0465d62eb5ca:c3650, 97f5b9f0-d9ef-40b5-ba79-7414923e623f:c3648, 7d686585-d831-45bc-93fc-0a553b604b0e:c3648]
2019-07-08 23:05:05,347 INFO  client.GrpcClientProtocolClient (GrpcClientProtocolClient.java:onNext(255)) - client-CEF4D3493DC0->4ee04582-2825-4055-a051-0465d62eb5ca: receive RaftClientReply:client-CEF4D3493DC0->4ee04582-2825-4055-a051-0465d62eb5ca@group-78E0FE5F723E, cid=2422, SUCCESS, logIndex=3653, commits[4ee04582-2825-4055-a051-0465d62eb5ca:c3654, 97f5b9f0-d9ef-40b5-ba79-7414923e623f:c3652, 7d686585-d831-45bc-93fc-0a553b604b0e:c3652]
2019-07-08 23:05:05,347 INFO  client.GrpcClientProtocolClient (GrpcClientProtocolClient.java:onNext(255)) - client-CEF4D3493DC0->4ee04582-2825-4055-a051-0465d62eb5ca: receive RaftClientReply:client-CEF4D3493DC0->4ee04582-2825-4055-a051-0465d62eb5ca@group-78E0FE5F723E, cid=2423, SUCCESS, logIndex=3654, commits[4ee04582-2825-4055-a051-0465d62eb5ca:c3654, 97f5b9f0-d9ef-40b5-ba79-7414923e623f:c3652, 7d686585-d831-45bc-93fc-0a553b604b0e:c3652]
2019-07-08 23:05:05,352 INFO  client.GrpcClientProtocolClient (GrpcClientProtocolClient.java:onNext(255)) - client-CEF4D3493DC0->4ee04582-2825-4055-a051-0465d62eb5ca: receive RaftClientReply:client-CEF4D3493DC0->4ee04582-2825-4055-a051-0465d62eb5ca@group-78E0FE5F723E, cid=2424, SUCCESS, logIndex=0, commits[4ee04582-2825-4055-a051-0465d62eb5ca:c3656, 97f5b9f0-d9ef-40b5-ba79-7414923e623f:c3654, 7d686585-d831-45bc-93fc-0a553b604b0e:c3654]
2019-07-08 23:05:05,376 INFO  client.GrpcClientProtocolClient (GrpcClientProtocolClient.java:onNext(255)) - client-CEF4D3493DC0->4ee04582-2825-4055-a051-0465d62eb5ca: receive RaftClientReply:client-CEF4D3493DC0->4ee04582-2825-4055-a051-0465d62eb5ca@group-78E0FE5F723E, cid=2425, SUCCESS, logIndex=3657, commits[4ee04582-2825-4055-a051-0465d62eb5ca:c3658, 97f5b9f0-d9ef-40b5-ba79-7414923e623f:c3656, 7d686585-d831-45bc-93fc-0a553b604b0e:c3654]
2019-07-08 23:05:05,376 INFO  client.GrpcClientProtocolClient (GrpcClientProtocolClient.java:onNext(255)) - client-CEF4D3493DC0->4ee04582-2825-4055-a051-0465d62eb5ca: receive RaftClientReply:client-CEF4D3493DC0->4ee04582-2825-4055-a051-0465d62eb5ca@group-78E0FE5F723E, cid=2426, SUCCESS, logIndex=3658, commits[4ee04582-2825-4055-a051-0465d62eb5ca:c3658, 97f5b9f0-d9ef-40b5-ba79-7414923e623f:c3656, 7d686585-d831-45bc-93fc-0a553b604b0e:c3656]
2019-07-08 23:05:05,378 INFO  client.GrpcClientProtocolClient (GrpcClientProtocolClient.java:onNext(255)) - client-CEF4D3493DC0->4ee04582-2825-4055-a051-0465d62eb5ca: receive RaftClientReply:client-CEF4D3493DC0->4ee04582-2825-4055-a051-0465d62eb5ca@group-78E0FE5F723E, cid=2427, SUCCESS, logIndex=3659, commits[4ee04582-2825-4055-a051-0465d62eb5ca:c3660, 97f5b9f0-d9ef-40b5-ba79-7414923e623f:c3656, 7d686585-d831-45bc-93fc-0a553b604b0e:c3656]
2019-07-08 23:05:05,378 INFO  client.GrpcClientProtocolClient (GrpcClientProtocolClient.java:onNext(255)) - client-CEF4D3493DC0->4ee04582-2825-4055-a051-0465d62eb5ca: receive RaftClientReply:client-CEF4D3493DC0->4ee04582-2825-4055-a051-0465d62eb5ca@group-78E0FE5F723E, cid=2428, SUCCESS, logIndex=3660, commits[4ee04582-2825-4055-a051-0465d62eb5ca:c3662, 97f5b9f0-d9ef-40b5-ba79-7414923e623f:c3658, 7d686585-d831-45bc-93fc-0a553b604b0e:c3656]
2019-07-08 23:05:05,380 INFO  client.GrpcClientProtocolClient (GrpcClientProtocolClient.java:onNext(255)) - client-CEF4D3493DC0->4ee04582-2825-4055-a051-0465d62eb5ca: receive RaftClientReply:client-CEF4D3493DC0->4ee04582-2825-4055-a051-0465d62eb5ca@group-78E0FE5F723E, cid=2429, SUCCESS, logIndex=0, commits[4ee04582-2825-4055-a051-0465d62eb5ca:c3662, 97f5b9f0-d9ef-40b5-ba79-7414923e623f:c3658, 7d686585-d831-45bc-93fc-0a553b604b0e:c3658]
2019-07-08 23:05:05,392 INFO  client.GrpcClientProtocolClient (GrpcClientProtocolClient.java:onNext(255)) - client-CEF4D3493DC0->4ee04582-2825-4055-a051-0465d62eb5ca: receive RaftClientReply:client-CEF4D3493DC0->4ee04582-2825-4055-a051-0465d62eb5ca@group-78E0FE5F723E, cid=2430, SUCCESS, logIndex=3665, commits[4ee04582-2825-4055-a051-0465d62eb5ca:c3666, 97f5b9f0-d9ef-40b5-ba79-7414923e623f:c3664, 7d686585-d831-45bc-93fc-0a553b604b0e:c3660]
2019-07-08 23:05:05,392 INFO  client.GrpcClientProtocolClient (GrpcClientProtocolClient.java:onNext(255)) - client-CEF4D3493DC0->4ee04582-2825-4055-a051-0465d62eb5ca: receive RaftClientReply:client-CEF4D3493DC0->4ee04582-2825-4055-a051-0465d62eb5ca@group-78E0FE5F723E, cid=2431, SUCCESS, logIndex=3666, commits[4ee04582-2825-4055-a051-0465d62eb5ca:c3666, 97f5b9f0-d9ef-40b5-ba79-7414923e623f:c3664, 7d686585-d831-45bc-93fc-0a553b604b0e:c3664]
2019-07-08 23:05:05,407 INFO  client.GrpcClientProtocolClient (GrpcClientProtocolClient.java:onNext(255)) - client-CEF4D3493DC0->4ee04582-2825-4055-a051-0465d62eb5ca: receive RaftClientReply:client-CEF4D3493DC0->4ee04582-2825-4055-a051-0465d62eb5ca@group-78E0FE5F723E, cid=2432, SUCCESS, logIndex=3669, commits[4ee04582-2825-4055-a051-0465d62eb5ca:c3670, 97f5b9f0-d9ef-40b5-ba79-7414923e623f:c3668, 7d686585-d831-45bc-93fc-0a553b604b0e:c3668]
2019-07-08 23:05:05,408 INFO  client.GrpcClientProtocolClient (GrpcClientProtocolClient.java:onNext(255)) - client-CEF4D3493DC0->4ee04582-2825-4055-a051-0465d62eb5ca: receive RaftClientReply:client-CEF4D3493DC0->4ee04582-2825-4055-a051-0465d62eb5ca@group-78E0FE5F723E, cid=2433, SUCCESS, logIndex=3670, commits[4ee04582-2825-4055-a051-0465d62eb5ca:c3670, 97f5b9f0-d9ef-40b5-ba79-7414923e623f:c3668, 7d686585-d831-45bc-93fc-0a553b604b0e:c3668]
2019-07-08 23:05:05,414 INFO  client.GrpcClientProtocolClient (GrpcClientProtocolClient.java:onNext(255)) - client-CEF4D3493DC0->4ee04582-2825-4055-a051-0465d62eb5ca: receive RaftClientReply:client-CEF4D3493DC0->4ee04582-2825-4055-a051-0465d62eb5ca@group-78E0FE5F723E, cid=2434, SUCCESS, logIndex=0, commits[4ee04582-2825-4055-a051-0465d62eb5ca:c3671, 97f5b9f0-d9ef-40b5-ba79-7414923e623f:c3670, 7d686585-d831-45bc-93fc-0a553b604b0e:c3670]
2019-07-08 23:05:05,438 INFO  client.GrpcClientProtocolClient (GrpcClientProtocolClient.java:onNext(255)) - client-CEF4D3493DC0->4ee04582-2825-4055-a051-0465d62eb5ca: receive RaftClientReply:client-CEF4D3493DC0->4ee04582-2825-4055-a051-0465d62eb5ca@group-78E0FE5F723E, cid=2435, SUCCESS, logIndex=3673, commits[4ee04582-2825-4055-a051-0465d62eb5ca:c3673, 97f5b9f0-d9ef-40b5-ba79-7414923e623f:c3672, 7d686585-d831-45bc-93fc-0a553b604b0e:c3672]
2019-07-08 23:05:05,439 INFO  client.GrpcClientProtocolClient (GrpcClientProtocolClient.java:onNext(255)) - client-CEF4D3493DC0->4ee04582-2825-4055-a051-0465d62eb5ca: receive RaftClientReply:client-CEF4D3493DC0->4ee04582-2825-4055-a051-0465d62eb5ca@group-78E0FE5F723E, cid=2436, SUCCESS, logIndex=3674, commits[4ee04582-2825-4055-a051-0465d62eb5ca:c3675, 97f5b9f0-d9ef-40b5-ba79-7414923e623f:c3672, 7d686585-d831-45bc-93fc-0a553b604b0e:c3672]
2019-07-08 23:05:05,439 INFO  client.GrpcClientProtocolClient (GrpcClientProtocolClient.java:onNext(255)) - client-CEF4D3493DC0->4ee04582-2825-4055-a051-0465d62eb5ca: receive RaftClientReply:client-CEF4D3493DC0->4ee04582-2825-4055-a051-0465d62eb5ca@group-78E0FE5F723E, cid=2437, SUCCESS, logIndex=3675, commits[4ee04582-2825-4055-a051-0465d62eb5ca:c3676, 97f5b9f0-d9ef-40b5-ba79-7414923e623f:c3672, 7d686585-d831-45bc-93fc-0a553b604b0e:c3672]
2019-07-08 23:05:05,439 INFO  client.GrpcClientProtocolClient (GrpcClientProtocolClient.java:onNext(255)) - client-CEF4D3493DC0->4ee04582-2825-4055-a051-0465d62eb5ca: receive RaftClientReply:client-CEF4D3493DC0->4ee04582-2825-4055-a051-0465d62eb5ca@group-78E0FE5F723E, cid=2438, SUCCESS, logIndex=3676, commits[4ee04582-2825-4055-a051-0465d62eb5ca:c3676, 97f5b9f0-d9ef-40b5-ba79-7414923e623f:c3672, 7d686585-d831-45bc-93fc-0a553b604b0e:c3672]
2019-07-08 23:05:05,451 INFO  client.GrpcClientProtocolClient (GrpcClientProtocolClient.java:onNext(255)) - client-CEF4D3493DC0->4ee04582-2825-4055-a051-0465d62eb5ca: receive RaftClientReply:client-CEF4D3493DC0->4ee04582-2825-4055-a051-0465d62eb5ca@group-78E0FE5F723E, cid=2439, SUCCESS, logIndex=0, commits[4ee04582-2825-4055-a051-0465d62eb5ca:c3678, 97f5b9f0-d9ef-40b5-ba79-7414923e623f:c3675, 7d686585-d831-45bc-93fc-0a553b604b0e:c3675]
2019-07-08 23:05:05,462 INFO  client.GrpcClientProtocolClient (GrpcClientProtocolClient.java:onNext(255)) - client-CEF4D3493DC0->4ee04582-2825-4055-a051-0465d62eb5ca: receive RaftClientReply:client-CEF4D3493DC0->4ee04582-2825-4055-a051-0465d62eb5ca@group-78E0FE5F723E, cid=2440, SUCCESS, logIndex=3680, commits[4ee04582-2825-4055-a051-0465d62eb5ca:c3681, 97f5b9f0-d9ef-40b5-ba79-7414923e623f:c3679, 7d686585-d831-45bc-93fc-0a553b604b0e:c3676]
2019-07-08 23:05:05,463 INFO  client.GrpcClientProtocolClient (GrpcClientProtocolClient.java:onNext(255)) - client-CEF4D3493DC0->4ee04582-2825-4055-a051-0465d62eb5ca: receive RaftClientReply:client-CEF4D3493DC0->4ee04582-2825-4055-a051-0465d62eb5ca@group-78E0FE5F723E, cid=2441, SUCCESS, logIndex=3681, commits[4ee04582-2825-4055-a051-0465d62eb5ca:c3681, 97f5b9f0-d9ef-40b5-ba79-7414923e623f:c3679, 7d686585-d831-45bc-93fc-0a553b604b0e:c3676]
2019-07-08 23:05:05,475 INFO  client.GrpcClientProtocolClient (GrpcClientProtocolClient.java:onNext(255)) - client-CEF4D3493DC0->4ee04582-2825-4055-a051-0465d62eb5ca: receive RaftClientReply:client-CEF4D3493DC0->4ee04582-2825-4055-a051-0465d62eb5ca@group-78E0FE5F723E, cid=2442, SUCCESS, logIndex=3684, commits[4ee04582-2825-4055-a051-0465d62eb5ca:c3685, 97f5b9f0-d9ef-40b5-ba79-7414923e623f:c3683, 7d686585-d831-45bc-93fc-0a553b604b0e:c3683]
2019-07-08 23:05:05,476 INFO  client.GrpcClientProtocolClient (GrpcClientProtocolClient.java:onNext(255)) - client-CEF4D3493DC0->4ee04582-2825-4055-a051-0465d62eb5ca: receive RaftClientReply:client-CEF4D3493DC0->4ee04582-2825-4055-a051-0465d62eb5ca@group-78E0FE5F723E, cid=2443, SUCCESS, logIndex=3685, commits[4ee04582-2825-4055-a051-0465d62eb5ca:c3685, 97f5b9f0-d9ef-40b5-ba79-7414923e623f:c3683, 7d686585-d831-45bc-93fc-0a553b604b0e:c3683]
2019-07-08 23:05:05,482 INFO  client.GrpcClientProtocolClient (GrpcClientProtocolClient.java:onNext(255)) - client-CEF4D3493DC0->4ee04582-2825-4055-a051-0465d62eb5ca: receive RaftClientReply:client-CEF4D3493DC0->4ee04582-2825-4055-a051-0465d62eb5ca@group-78E0FE5F723E, cid=2444, SUCCESS, logIndex=0, commits[4ee04582-2825-4055-a051-0465d62eb5ca:c3687, 97f5b9f0-d9ef-40b5-ba79-7414923e623f:c3685, 7d686585-d831-45bc-93fc-0a553b604b0e:c3685]
2019-07-08 23:05:05,502 INFO  client.GrpcClientProtocolClient (GrpcClientProtocolClient.java:onNext(255)) - client-CEF4D3493DC0->4ee04582-2825-4055-a051-0465d62eb5ca: receive RaftClientReply:client-CEF4D3493DC0->4ee04582-2825-4055-a051-0465d62eb5ca@group-78E0FE5F723E, cid=2445, SUCCESS, logIndex=3688, commits[4ee04582-2825-4055-a051-0465d62eb5ca:c3689, 97f5b9f0-d9ef-40b5-ba79-7414923e623f:c3687, 7d686585-d831-45bc-93fc-0a553b604b0e:c3685]
2019-07-08 23:05:05,503 INFO  client.GrpcClientProtocolClient (GrpcClientProtocolClient.java:onNext(255)) - client-CEF4D3493DC0->4ee04582-2825-4055-a051-0465d62eb5ca: receive RaftClientReply:client-CEF4D3493DC0->4ee04582-2825-4055-a051-0465d62eb5ca@group-78E0FE5F723E, cid=2446, SUCCESS, logIndex=3689, commits[4ee04582-2825-4055-a051-0465d62eb5ca:c3689, 97f5b9f0-d9ef-40b5-ba79-7414923e623f:c3687, 7d686585-d831-45bc-93fc-0a553b604b0e:c3685]
2019-07-08 23:05:05,505 INFO  client.GrpcClientProtocolClient (GrpcClientProtocolClient.java:onNext(255)) - client-CEF4D3493DC0->4ee04582-2825-4055-a051-0465d62eb5ca: receive RaftClientReply:client-CEF4D3493DC0->4ee04582-2825-4055-a051-0465d62eb5ca@group-78E0FE5F723E, cid=2447, SUCCESS, logIndex=3690, commits[4ee04582-2825-4055-a051-0465d62eb5ca:c3691, 97f5b9f0-d9ef-40b5-ba79-7414923e623f:c3687, 7d686585-d831-45bc-93fc-0a553b604b0e:c3687]
2019-07-08 23:05:05,505 INFO  client.GrpcClientProtocolClient (GrpcClientProtocolClient.java:onNext(255)) - client-CEF4D3493DC0->4ee04582-2825-4055-a051-0465d62eb5ca: receive RaftClientReply:client-CEF4D3493DC0->4ee04582-2825-4055-a051-0465d62eb5ca@group-78E0FE5F723E, cid=2448, SUCCESS, logIndex=3691, commits[4ee04582-2825-4055-a051-0465d62eb5ca:c3691, 97f5b9f0-d9ef-40b5-ba79-7414923e623f:c3687, 7d686585-d831-45bc-93fc-0a553b604b0e:c3687]
2019-07-08 23:05:05,507 INFO  client.GrpcClientProtocolClient (GrpcClientProtocolClient.java:onNext(255)) - client-CEF4D3493DC0->4ee04582-2825-4055-a051-0465d62eb5ca: receive RaftClientReply:client-CEF4D3493DC0->4ee04582-2825-4055-a051-0465d62eb5ca@group-78E0FE5F723E, cid=2449, SUCCESS, logIndex=0, commits[4ee04582-2825-4055-a051-0465d62eb5ca:c3693, 97f5b9f0-d9ef-40b5-ba79-7414923e623f:c3689, 7d686585-d831-45bc-93fc-0a553b604b0e:c3689]
2019-07-08 23:05:05,519 INFO  client.GrpcClientProtocolClient (GrpcClientProtocolClient.java:onNext(255)) - client-CEF4D3493DC0->4ee04582-2825-4055-a051-0465d62eb5ca: receive RaftClientReply:client-CEF4D3493DC0->4ee04582-2825-4055-a051-0465d62eb5ca@group-78E0FE5F723E, cid=2450, SUCCESS, logIndex=3696, commits[4ee04582-2825-4055-a051-0465d62eb5ca:c3697, 97f5b9f0-d9ef-40b5-ba79-7414923e623f:c3691, 7d686585-d831-45bc-93fc-0a553b604b0e:c3695]
2019-07-08 23:05:05,519 INFO  client.GrpcClientProtocolClient (GrpcClientProtocolClient.java:onNext(255)) - client-CEF4D3493DC0->4ee04582-2825-4055-a051-0465d62eb5ca: receive RaftClientReply:client-CEF4D3493DC0->4ee04582-2825-4055-a051-0465d62eb5ca@group-78E0FE5F723E, cid=2451, SUCCESS, logIndex=3697, commits[4ee04582-2825-4055-a051-0465d62eb5ca:c3697, 97f5b9f0-d9ef-40b5-ba79-7414923e623f:c3695, 7d686585-d831-45bc-93fc-0a553b604b0e:c3695]
2019-07-08 23:05:05,531 INFO  client.GrpcClientProtocolClient (GrpcClientProtocolClient.java:onNext(255)) - client-CEF4D3493DC0->4ee04582-2825-4055-a051-0465d62eb5ca: receive RaftClientReply:client-CEF4D3493DC0->4ee04582-2825-4055-a051-0465d62eb5ca@group-78E0FE5F723E, cid=2452, SUCCESS, logIndex=3700, commits[4ee04582-2825-4055-a051-0465d62eb5ca:c3701, 97f5b9f0-d9ef-40b5-ba79-7414923e623f:c3697, 7d686585-d831-45bc-93fc-0a553b604b0e:c3699]
2019-07-08 23:05:05,532 INFO  client.GrpcClientProtocolClient (GrpcClientProtocolClient.java:onNext(255)) - client-CEF4D3493DC0->4ee04582-2825-4055-a051-0465d62eb5ca: receive RaftClientReply:client-CEF4D3493DC0->4ee04582-2825-4055-a051-0465d62eb5ca@group-78E0FE5F723E, cid=2453, SUCCESS, logIndex=3701, commits[4ee04582-2825-4055-a051-0465d62eb5ca:c3701, 97f5b9f0-d9ef-40b5-ba79-7414923e623f:c3697, 7d686585-d831-45bc-93fc-0a553b604b0e:c3699]
2019-07-08 23:05:05,535 INFO  client.GrpcClientProtocolClient (GrpcClientProtocolClient.java:onNext(255)) - client-CEF4D3493DC0->4ee04582-2825-4055-a051-0465d62eb5ca: receive RaftClientReply:client-CEF4D3493DC0->4ee04582-2825-4055-a051-0465d62eb5ca@group-78E0FE5F723E, cid=2454, SUCCESS, logIndex=0, commits[4ee04582-2825-4055-a051-0465d62eb5ca:c3702, 97f5b9f0-d9ef-40b5-ba79-7414923e623f:c3701, 7d686585-d831-45bc-93fc-0a553b604b0e:c3701]
2019-07-08 23:05:05,554 INFO  client.GrpcClientProtocolClient (GrpcClientProtocolClient.java:onNext(255)) - client-CEF4D3493DC0->4ee04582-2825-4055-a051-0465d62eb5ca: receive RaftClientReply:client-CEF4D3493DC0->4ee04582-2825-4055-a051-0465d62eb5ca@group-78E0FE5F723E, cid=2455, SUCCESS, logIndex=3704, commits[4ee04582-2825-4055-a051-0465d62eb5ca:c3705, 97f5b9f0-d9ef-40b5-ba79-7414923e623f:c3703, 7d686585-d831-45bc-93fc-0a553b604b0e:c3701]
2019-07-08 23:05:05,554 INFO  client.GrpcClientProtocolClient (GrpcClientProtocolClient.java:onNext(255)) - client-CEF4D3493DC0->4ee04582-2825-4055-a051-0465d62eb5ca: receive RaftClientReply:client-CEF4D3493DC0->4ee04582-2825-4055-a051-0465d62eb5ca@group-78E0FE5F723E, cid=2456, SUCCESS, logIndex=3705, commits[4ee04582-2825-4055-a051-0465d62eb5ca:c3705, 97f5b9f0-d9ef-40b5-ba79-7414923e623f:c3703, 7d686585-d831-45bc-93fc-0a553b604b0e:c3701]
2019-07-08 23:05:05,557 INFO  client.GrpcClientProtocolClient (GrpcClientProtocolClient.java:onNext(255)) - client-CEF4D3493DC0->4ee04582-2825-4055-a051-0465d62eb5ca: receive RaftClientReply:client-CEF4D3493DC0->4ee04582-2825-4055-a051-0465d62eb5ca@group-78E0FE5F723E, cid=2457, SUCCESS, logIndex=3706, commits[4ee04582-2825-4055-a051-0465d62eb5ca:c3707, 97f5b9f0-d9ef-40b5-ba79-7414923e623f:c3703, 7d686585-d831-45bc-93fc-0a553b604b0e:c3703]
2019-07-08 23:05:05,557 INFO  client.GrpcClientProtocolClient (GrpcClientProtocolClient.java:onNext(255)) - client-CEF4D3493DC0->4ee04582-2825-4055-a051-0465d62eb5ca: receive RaftClientReply:client-CEF4D3493DC0->4ee04582-2825-4055-a051-0465d62eb5ca@group-78E0FE5F723E, cid=2458, SUCCESS, logIndex=3707, commits[4ee04582-2825-4055-a051-0465d62eb5ca:c3707, 97f5b9f0-d9ef-40b5-ba79-7414923e623f:c3703, 7d686585-d831-45bc-93fc-0a553b604b0e:c3703]
2019-07-08 23:05:05,558 INFO  client.GrpcClientProtocolClient (GrpcClientProtocolClient.java:onNext(255)) - client-CEF4D3493DC0->4ee04582-2825-4055-a051-0465d62eb5ca: receive RaftClientReply:client-CEF4D3493DC0->4ee04582-2825-4055-a051-0465d62eb5ca@group-78E0FE5F723E, cid=2459, SUCCESS, logIndex=0, commits[4ee04582-2825-4055-a051-0465d62eb5ca:c3709, 97f5b9f0-d9ef-40b5-ba79-7414923e623f:c3705, 7d686585-d831-45bc-93fc-0a553b604b0e:c3705]
2019-07-08 23:05:05,569 INFO  client.GrpcClientProtocolClient (GrpcClientProtocolClient.java:onNext(255)) - client-CEF4D3493DC0->4ee04582-2825-4055-a051-0465d62eb5ca: receive RaftClientReply:client-CEF4D3493DC0->4ee04582-2825-4055-a051-0465d62eb5ca@group-78E0FE5F723E, cid=2460, SUCCESS, logIndex=3712, commits[4ee04582-2825-4055-a051-0465d62eb5ca:c3713, 97f5b9f0-d9ef-40b5-ba79-7414923e623f:c3711, 7d686585-d831-45bc-93fc-0a553b604b0e:c3707]
2019-07-08 23:05:05,570 INFO  client.GrpcClientProtocolClient (GrpcClientProtocolClient.java:onNext(255)) - client-CEF4D3493DC0->4ee04582-2825-4055-a051-0465d62eb5ca: receive RaftClientReply:client-CEF4D3493DC0->4ee04582-2825-4055-a051-0465d62eb5ca@group-78E0FE5F723E, cid=2461, SUCCESS, logIndex=3713, commits[4ee04582-2825-4055-a051-0465d62eb5ca:c3713, 97f5b9f0-d9ef-40b5-ba79-7414923e623f:c3711, 7d686585-d831-45bc-93fc-0a553b604b0e:c3707]
2019-07-08 23:05:05,582 INFO  client.GrpcClientProtocolClient (GrpcClientProtocolClient.java:onNext(255)) - client-CEF4D3493DC0->4ee04582-2825-4055-a051-0465d62eb5ca: receive RaftClientReply:client-CEF4D3493DC0->4ee04582-2825-4055-a051-0465d62eb5ca@group-78E0FE5F723E, cid=2462, SUCCESS, logIndex=3716, commits[4ee04582-2825-4055-a051-0465d62eb5ca:c3717, 97f5b9f0-d9ef-40b5-ba79-7414923e623f:c3713, 7d686585-d831-45bc-93fc-0a553b604b0e:c3715]
2019-07-08 23:05:05,582 INFO  client.GrpcClientProtocolClient (GrpcClientProtocolClient.java:onNext(255)) - client-CEF4D3493DC0->4ee04582-2825-4055-a051-0465d62eb5ca: receive RaftClientReply:client-CEF4D3493DC0->4ee04582-2825-4055-a051-0465d62eb5ca@group-78E0FE5F723E, cid=2463, SUCCESS, logIndex=3717, commits[4ee04582-2825-4055-a051-0465d62eb5ca:c3717, 97f5b9f0-d9ef-40b5-ba79-7414923e623f:c3715, 7d686585-d831-45bc-93fc-0a553b604b0e:c3715]
2019-07-08 23:05:05,584 INFO  client.GrpcClientProtocolClient (GrpcClientProtocolClient.java:onNext(255)) - client-CEF4D3493DC0->4ee04582-2825-4055-a051-0465d62eb5ca: receive RaftClientReply:client-CEF4D3493DC0->4ee04582-2825-4055-a051-0465d62eb5ca@group-78E0FE5F723E, cid=2464, SUCCESS, logIndex=0, commits[4ee04582-2825-4055-a051-0465d62eb5ca:c3718, 97f5b9f0-d9ef-40b5-ba79-7414923e623f:c3717, 7d686585-d831-45bc-93fc-0a553b604b0e:c3717]
2019-07-08 23:05:05,605 INFO  client.GrpcClientProtocolClient (GrpcClientProtocolClient.java:onNext(255)) - client-CEF4D3493DC0->4ee04582-2825-4055-a051-0465d62eb5ca: receive RaftClientReply:client-CEF4D3493DC0->4ee04582-2825-4055-a051-0465d62eb5ca@group-78E0FE5F723E, cid=2465, SUCCESS, logIndex=3720, commits[4ee04582-2825-4055-a051-0465d62eb5ca:c3721, 97f5b9f0-d9ef-40b5-ba79-7414923e623f:c3719, 7d686585-d831-45bc-93fc-0a553b604b0e:c3717]
2019-07-08 23:05:05,606 INFO  client.GrpcClientProtocolClient (GrpcClientProtocolClient.java:onNext(255)) - client-CEF4D3493DC0->4ee04582-2825-4055-a051-0465d62eb5ca: receive RaftClientReply:client-CEF4D3493DC0->4ee04582-2825-4055-a051-0465d62eb5ca@group-78E0FE5F723E, cid=2466, SUCCESS, logIndex=3721, commits[4ee04582-2825-4055-a051-0465d62eb5ca:c3721, 97f5b9f0-d9ef-40b5-ba79-7414923e623f:c3719, 7d686585-d831-45bc-93fc-0a553b604b0e:c3717]
2019-07-08 23:05:05,609 INFO  client.GrpcClientProtocolClient (GrpcClientProtocolClient.java:onNext(255)) - client-CEF4D3493DC0->4ee04582-2825-4055-a051-0465d62eb5ca: receive RaftClientReply:client-CEF4D3493DC0->4ee04582-2825-4055-a051-0465d62eb5ca@group-78E0FE5F723E, cid=2467, SUCCESS, logIndex=3722, commits[4ee04582-2825-4055-a051-0465d62eb5ca:c3723, 97f5b9f0-d9ef-40b5-ba79-7414923e623f:c3721, 7d686585-d831-45bc-93fc-0a553b604b0e:c3719]
2019-07-08 23:05:05,609 INFO  client.GrpcClientProtocolClient (GrpcClientProtocolClient.java:onNext(255)) - client-CEF4D3493DC0->4ee04582-2825-4055-a051-0465d62eb5ca: receive RaftClientReply:client-CEF4D3493DC0->4ee04582-2825-4055-a051-0465d62eb5ca@group-78E0FE5F723E, cid=2468, SUCCESS, logIndex=3723, commits[4ee04582-2825-4055-a051-0465d62eb5ca:c3723, 97f5b9f0-d9ef-40b5-ba79-7414923e623f:c3721, 7d686585-d831-45bc-93fc-0a553b604b0e:c3719]
2019-07-08 23:05:05,611 INFO  client.GrpcClientProtocolClient (GrpcClientProtocolClient.java:onNext(255)) - client-CEF4D3493DC0->4ee04582-2825-4055-a051-0465d62eb5ca: receive RaftClientReply:client-CEF4D3493DC0->4ee04582-2825-4055-a051-0465d62eb5ca@group-78E0FE5F723E, cid=2469, SUCCESS, logIndex=0, commits[4ee04582-2825-4055-a051-0465d62eb5ca:c3725, 97f5b9f0-d9ef-40b5-ba79-7414923e623f:c3721, 7d686585-d831-45bc-93fc-0a553b604b0e:c3721]
2019-07-08 23:05:05,621 INFO  client.GrpcClientProtocolClient (GrpcClientProtocolClient.java:onNext(255)) - client-CEF4D3493DC0->4ee04582-2825-4055-a051-0465d62eb5ca: receive RaftClientReply:client-CEF4D3493DC0->4ee04582-2825-4055-a051-0465d62eb5ca@group-78E0FE5F723E, cid=2470, SUCCESS, logIndex=3728, commits[4ee04582-2825-4055-a051-0465d62eb5ca:c3729, 97f5b9f0-d9ef-40b5-ba79-7414923e623f:c3727, 7d686585-d831-45bc-93fc-0a553b604b0e:c3723]
2019-07-08 23:05:05,621 INFO  client.GrpcClientProtocolClient (GrpcClientProtocolClient.java:onNext(255)) - client-CEF4D3493DC0->4ee04582-2825-4055-a051-0465d62eb5ca: receive RaftClientReply:client-CEF4D3493DC0->4ee04582-2825-4055-a051-0465d62eb5ca@group-78E0FE5F723E, cid=2471, SUCCESS, logIndex=3729, commits[4ee04582-2825-4055-a051-0465d62eb5ca:c3729, 97f5b9f0-d9ef-40b5-ba79-7414923e623f:c3727, 7d686585-d831-45bc-93fc-0a553b604b0e:c3723]
2019-07-08 23:05:05,742 INFO  client.GrpcClientProtocolClient (GrpcClientProtocolClient.java:onNext(255)) - client-CEF4D3493DC0->4ee04582-2825-4055-a051-0465d62eb5ca: receive RaftClientReply:client-CEF4D3493DC0->4ee04582-2825-4055-a051-0465d62eb5ca@group-78E0FE5F723E, cid=2472, SUCCESS, logIndex=3732, commits[4ee04582-2825-4055-a051-0465d62eb5ca:c3733, 97f5b9f0-d9ef-40b5-ba79-7414923e623f:c3730, 7d686585-d831-45bc-93fc-0a553b604b0e:c3730]
2019-07-08 23:05:05,743 INFO  client.GrpcClientProtocolClient (GrpcClientProtocolClient.java:onNext(255)) - client-CEF4D3493DC0->4ee04582-2825-4055-a051-0465d62eb5ca: receive RaftClientReply:client-CEF4D3493DC0->4ee04582-2825-4055-a051-0465d62eb5ca@group-78E0FE5F723E, cid=2473, SUCCESS, logIndex=3733, commits[4ee04582-2825-4055-a051-0465d62eb5ca:c3733, 97f5b9f0-d9ef-40b5-ba79-7414923e623f:c3730, 7d686585-d831-45bc-93fc-0a553b604b0e:c3730]
2019-07-08 23:05:05,745 INFO  client.GrpcClientProtocolClient (GrpcClientProtocolClient.java:onNext(255)) - client-CEF4D3493DC0->4ee04582-2825-4055-a051-0465d62eb5ca: receive RaftClientReply:client-CEF4D3493DC0->4ee04582-2825-4055-a051-0465d62eb5ca@group-78E0FE5F723E, cid=2474, SUCCESS, logIndex=0, commits[4ee04582-2825-4055-a051-0465d62eb5ca:c3734, 97f5b9f0-d9ef-40b5-ba79-7414923e623f:c3733, 7d686585-d831-45bc-93fc-0a553b604b0e:c3733]
2019-07-08 23:05:05,772 INFO  client.GrpcClientProtocolClient (GrpcClientProtocolClient.java:onNext(255)) - client-CEF4D3493DC0->4ee04582-2825-4055-a051-0465d62eb5ca: receive RaftClientReply:client-CEF4D3493DC0->4ee04582-2825-4055-a051-0465d62eb5ca@group-78E0FE5F723E, cid=2475, SUCCESS, logIndex=3736, commits[4ee04582-2825-4055-a051-0465d62eb5ca:c3737, 97f5b9f0-d9ef-40b5-ba79-7414923e623f:c3735, 7d686585-d831-45bc-93fc-0a553b604b0e:c3733]
2019-07-08 23:05:05,773 INFO  client.GrpcClientProtocolClient (GrpcClientProtocolClient.java:onNext(255)) - client-CEF4D3493DC0->4ee04582-2825-4055-a051-0465d62eb5ca: receive RaftClientReply:client-CEF4D3493DC0->4ee04582-2825-4055-a051-0465d62eb5ca@group-78E0FE5F723E, cid=2476, SUCCESS, logIndex=3737, commits[4ee04582-2825-4055-a051-0465d62eb5ca:c3737, 97f5b9f0-d9ef-40b5-ba79-7414923e623f:c3735, 7d686585-d831-45bc-93fc-0a553b604b0e:c3733]
2019-07-08 23:05:05,776 INFO  client.GrpcClientProtocolClient (GrpcClientProtocolClient.java:onNext(255)) - client-CEF4D3493DC0->4ee04582-2825-4055-a051-0465d62eb5ca: receive RaftClientReply:client-CEF4D3493DC0->4ee04582-2825-4055-a051-0465d62eb5ca@group-78E0FE5F723E, cid=2477, SUCCESS, logIndex=3738, commits[4ee04582-2825-4055-a051-0465d62eb5ca:c3740, 97f5b9f0-d9ef-40b5-ba79-7414923e623f:c3735, 7d686585-d831-45bc-93fc-0a553b604b0e:c3737]
2019-07-08 23:05:05,777 INFO  client.GrpcClientProtocolClient (GrpcClientProtocolClient.java:onNext(255)) - client-CEF4D3493DC0->4ee04582-2825-4055-a051-0465d62eb5ca: receive RaftClientReply:client-CEF4D3493DC0->4ee04582-2825-4055-a051-0465d62eb5ca@group-78E0FE5F723E, cid=2478, SUCCESS, logIndex=3739, commits[4ee04582-2825-4055-a051-0465d62eb5ca:c3740, 97f5b9f0-d9ef-40b5-ba79-7414923e623f:c3735, 7d686585-d831-45bc-93fc-0a553b604b0e:c3737]
2019-07-08 23:05:05,779 INFO  client.GrpcClientProtocolClient (GrpcClientProtocolClient.java:onNext(255)) - client-CEF4D3493DC0->4ee04582-2825-4055-a051-0465d62eb5ca: receive RaftClientReply:client-CEF4D3493DC0->4ee04582-2825-4055-a051-0465d62eb5ca@group-78E0FE5F723E, cid=2479, SUCCESS, logIndex=0, commits[4ee04582-2825-4055-a051-0465d62eb5ca:c3741, 97f5b9f0-d9ef-40b5-ba79-7414923e623f:c3737, 7d686585-d831-45bc-93fc-0a553b604b0e:c3737]
2019-07-08 23:05:05,793 INFO  client.GrpcClientProtocolClient (GrpcClientProtocolClient.java:onNext(255)) - client-CEF4D3493DC0->4ee04582-2825-4055-a051-0465d62eb5ca: receive RaftClientReply:client-CEF4D3493DC0->4ee04582-2825-4055-a051-0465d62eb5ca@group-78E0FE5F723E, cid=2480, SUCCESS, logIndex=3744, commits[4ee04582-2825-4055-a051-0465d62eb5ca:c3745, 97f5b9f0-d9ef-40b5-ba79-7414923e623f:c3743, 7d686585-d831-45bc-93fc-0a553b604b0e:c3743]
2019-07-08 23:05:05,793 INFO  client.GrpcClientProtocolClient (GrpcClientProtocolClient.java:onNext(255)) - client-CEF4D3493DC0->4ee04582-2825-4055-a051-0465d62eb5ca: receive RaftClientReply:client-CEF4D3493DC0->4ee04582-2825-4055-a051-0465d62eb5ca@group-78E0FE5F723E, cid=2481, SUCCESS, logIndex=3745, commits[4ee04582-2825-4055-a051-0465d62eb5ca:c3745, 97f5b9f0-d9ef-40b5-ba79-7414923e623f:c3743, 7d686585-d831-45bc-93fc-0a553b604b0e:c3743]
2019-07-08 23:05:05,813 INFO  client.GrpcClientProtocolClient (GrpcClientProtocolClient.java:onNext(255)) - client-CEF4D3493DC0->4ee04582-2825-4055-a051-0465d62eb5ca: receive RaftClientReply:client-CEF4D3493DC0->4ee04582-2825-4055-a051-0465d62eb5ca@group-78E0FE5F723E, cid=2482, SUCCESS, logIndex=3748, commits[4ee04582-2825-4055-a051-0465d62eb5ca:c3749, 97f5b9f0-d9ef-40b5-ba79-7414923e623f:c3746, 7d686585-d831-45bc-93fc-0a553b604b0e:c3746]
2019-07-08 23:05:05,814 INFO  client.GrpcClientProtocolClient (GrpcClientProtocolClient.java:onNext(255)) - client-CEF4D3493DC0->4ee04582-2825-4055-a051-0465d62eb5ca: receive RaftClientReply:client-CEF4D3493DC0->4ee04582-2825-4055-a051-0465d62eb5ca@group-78E0FE5F723E, cid=2483, SUCCESS, logIndex=3749, commits[4ee04582-2825-4055-a051-0465d62eb5ca:c3749, 97f5b9f0-d9ef-40b5-ba79-7414923e623f:c3746, 7d686585-d831-45bc-93fc-0a553b604b0e:c3746]
2019-07-08 23:05:05,821 INFO  client.GrpcClientProtocolClient (GrpcClientProtocolClient.java:onNext(255)) - client-CEF4D3493DC0->4ee04582-2825-4055-a051-0465d62eb5ca: receive RaftClientReply:client-CEF4D3493DC0->4ee04582-2825-4055-a051-0465d62eb5ca@group-78E0FE5F723E, cid=2484, SUCCESS, logIndex=0, commits[4ee04582-2825-4055-a051-0465d62eb5ca:c3751, 97f5b9f0-d9ef-40b5-ba79-7414923e623f:c3749, 7d686585-d831-45bc-93fc-0a553b604b0e:c3749]
2019-07-08 23:05:05,851 INFO  client.GrpcClientProtocolClient (GrpcClientProtocolClient.java:onNext(255)) - client-CEF4D3493DC0->4ee04582-2825-4055-a051-0465d62eb5ca: receive RaftClientReply:client-CEF4D3493DC0->4ee04582-2825-4055-a051-0465d62eb5ca@group-78E0FE5F723E, cid=2485, SUCCESS, logIndex=3752, commits[4ee04582-2825-4055-a051-0465d62eb5ca:c3753, 97f5b9f0-d9ef-40b5-ba79-7414923e623f:c3751, 7d686585-d831-45bc-93fc-0a553b604b0e:c3751]
2019-07-08 23:05:05,851 INFO  client.GrpcClientProtocolClient (GrpcClientProtocolClient.java:onNext(255)) - client-CEF4D3493DC0->4ee04582-2825-4055-a051-0465d62eb5ca: receive RaftClientReply:client-CEF4D3493DC0->4ee04582-2825-4055-a051-0465d62eb5ca@group-78E0FE5F723E, cid=2486, SUCCESS, logIndex=3753, commits[4ee04582-2825-4055-a051-0465d62eb5ca:c3755, 97f5b9f0-d9ef-40b5-ba79-7414923e623f:c3751, 7d686585-d831-45bc-93fc-0a553b604b0e:c3751]
2019-07-08 23:05:05,852 INFO  client.GrpcClientProtocolClient (GrpcClientProtocolClient.java:onNext(255)) - client-CEF4D3493DC0->4ee04582-2825-4055-a051-0465d62eb5ca: receive RaftClientReply:client-CEF4D3493DC0->4ee04582-2825-4055-a051-0465d62eb5ca@group-78E0FE5F723E, cid=2487, SUCCESS, logIndex=3754, commits[4ee04582-2825-4055-a051-0465d62eb5ca:c3755, 97f5b9f0-d9ef-40b5-ba79-7414923e623f:c3751, 7d686585-d831-45bc-93fc-0a553b604b0e:c3751]
2019-07-08 23:05:05,852 INFO  client.GrpcClientProtocolClient (GrpcClientProtocolClient.java:onNext(255)) - client-CEF4D3493DC0->4ee04582-2825-4055-a051-0465d62eb5ca: receive RaftClientReply:client-CEF4D3493DC0->4ee04582-2825-4055-a051-0465d62eb5ca@group-78E0FE5F723E, cid=2488, SUCCESS, logIndex=3755, commits[4ee04582-2825-4055-a051-0465d62eb5ca:c3755, 97f5b9f0-d9ef-40b5-ba79-7414923e623f:c3751, 7d686585-d831-45bc-93fc-0a553b604b0e:c3751]
2019-07-08 23:05:05,855 INFO  client.GrpcClientProtocolClient (GrpcClientProtocolClient.java:onNext(255)) - client-CEF4D3493DC0->4ee04582-2825-4055-a051-0465d62eb5ca: receive RaftClientReply:client-CEF4D3493DC0->4ee04582-2825-4055-a051-0465d62eb5ca@group-78E0FE5F723E, cid=2489, SUCCESS, logIndex=0, commits[4ee04582-2825-4055-a051-0465d62eb5ca:c3756, 97f5b9f0-d9ef-40b5-ba79-7414923e623f:c3753, 7d686585-d831-45bc-93fc-0a553b604b0e:c3753]
2019-07-08 23:05:05,869 INFO  client.GrpcClientProtocolClient (GrpcClientProtocolClient.java:onNext(255)) - client-CEF4D3493DC0->4ee04582-2825-4055-a051-0465d62eb5ca: receive RaftClientReply:client-CEF4D3493DC0->4ee04582-2825-4055-a051-0465d62eb5ca@group-78E0FE5F723E, cid=2490, SUCCESS, logIndex=3760, commits[4ee04582-2825-4055-a051-0465d62eb5ca:c3761, 97f5b9f0-d9ef-40b5-ba79-7414923e623f:c3759, 7d686585-d831-45bc-93fc-0a553b604b0e:c3759]
2019-07-08 23:05:05,869 INFO  client.GrpcClientProtocolClient (GrpcClientProtocolClient.java:onNext(255)) - client-CEF4D3493DC0->4ee04582-2825-4055-a051-0465d62eb5ca: receive RaftClientReply:client-CEF4D3493DC0->4ee04582-2825-4055-a051-0465d62eb5ca@group-78E0FE5F723E, cid=2491, SUCCESS, logIndex=3761, commits[4ee04582-2825-4055-a051-0465d62eb5ca:c3761, 97f5b9f0-d9ef-40b5-ba79-7414923e623f:c3759, 7d686585-d831-45bc-93fc-0a553b604b0e:c3759]
2019-07-08 23:05:05,882 INFO  client.GrpcClientProtocolClient (GrpcClientProtocolClient.java:onNext(255)) - client-CEF4D3493DC0->4ee04582-2825-4055-a051-0465d62eb5ca: receive RaftClientReply:client-CEF4D3493DC0->4ee04582-2825-4055-a051-0465d62eb5ca@group-78E0FE5F723E, cid=2492, SUCCESS, logIndex=3764, commits[4ee04582-2825-4055-a051-0465d62eb5ca:c3765, 97f5b9f0-d9ef-40b5-ba79-7414923e623f:c3763, 7d686585-d831-45bc-93fc-0a553b604b0e:c3763]
2019-07-08 23:05:05,882 INFO  client.GrpcClientProtocolClient (GrpcClientProtocolClient.java:onNext(255)) - client-CEF4D3493DC0->4ee04582-2825-4055-a051-0465d62eb5ca: receive RaftClientReply:client-CEF4D3493DC0->4ee04582-2825-4055-a051-0465d62eb5ca@group-78E0FE5F723E, cid=2493, SUCCESS, logIndex=3765, commits[4ee04582-2825-4055-a051-0465d62eb5ca:c3765, 97f5b9f0-d9ef-40b5-ba79-7414923e623f:c3763, 7d686585-d831-45bc-93fc-0a553b604b0e:c3763]
2019-07-08 23:05:05,883 INFO  client.GrpcClientProtocolClient (GrpcClientProtocolClient.java:onNext(255)) - client-CEF4D3493DC0->4ee04582-2825-4055-a051-0465d62eb5ca: receive RaftClientReply:client-CEF4D3493DC0->4ee04582-2825-4055-a051-0465d62eb5ca@group-78E0FE5F723E, cid=2494, SUCCESS, logIndex=0, commits[4ee04582-2825-4055-a051-0465d62eb5ca:c3765, 97f5b9f0-d9ef-40b5-ba79-7414923e623f:c3765, 7d686585-d831-45bc-93fc-0a553b604b0e:c3765]
 0.00% |█                                                                                                    |  0/1 Time: 0:00:152019-07-08 23:05:05,906 INFO  client.GrpcClientProtocolClient (GrpcClientProtocolClient.java:onNext(255)) - client-CEF4D3493DC0->4ee04582-2825-4055-a051-0465d62eb5ca: receive RaftClientReply:client-CEF4D3493DC0->4ee04582-2825-4055-a051-0465d62eb5ca@group-78E0FE5F723E, cid=2495, SUCCESS, logIndex=3768, commits[4ee04582-2825-4055-a051-0465d62eb5ca:c3769, 97f5b9f0-d9ef-40b5-ba79-7414923e623f:c3767, 7d686585-d831-45bc-93fc-0a553b604b0e:c3767]
2019-07-08 23:05:05,907 INFO  client.GrpcClientProtocolClient (GrpcClientProtocolClient.java:onNext(255)) - client-CEF4D3493DC0->4ee04582-2825-4055-a051-0465d62eb5ca: receive RaftClientReply:client-CEF4D3493DC0->4ee04582-2825-4055-a051-0465d62eb5ca@group-78E0FE5F723E, cid=2496, SUCCESS, logIndex=3769, commits[4ee04582-2825-4055-a051-0465d62eb5ca:c3769, 97f5b9f0-d9ef-40b5-ba79-7414923e623f:c3767, 7d686585-d831-45bc-93fc-0a553b604b0e:c3767]
2019-07-08 23:05:05,908 INFO  client.GrpcClientProtocolClient (GrpcClientProtocolClient.java:onNext(255)) - client-CEF4D3493DC0->4ee04582-2825-4055-a051-0465d62eb5ca: receive RaftClientReply:client-CEF4D3493DC0->4ee04582-2825-4055-a051-0465d62eb5ca@group-78E0FE5F723E, cid=2497, SUCCESS, logIndex=3770, commits[4ee04582-2825-4055-a051-0465d62eb5ca:c3771, 97f5b9f0-d9ef-40b5-ba79-7414923e623f:c3767, 7d686585-d831-45bc-93fc-0a553b604b0e:c3767]
2019-07-08 23:05:05,908 INFO  client.GrpcClientProtocolClient (GrpcClientProtocolClient.java:onNext(255)) - client-CEF4D3493DC0->4ee04582-2825-4055-a051-0465d62eb5ca: receive RaftClientReply:client-CEF4D3493DC0->4ee04582-2825-4055-a051-0465d62eb5ca@group-78E0FE5F723E, cid=2498, SUCCESS, logIndex=3771, commits[4ee04582-2825-4055-a051-0465d62eb5ca:c3771, 97f5b9f0-d9ef-40b5-ba79-7414923e623f:c3767, 7d686585-d831-45bc-93fc-0a553b604b0e:c3767]
2019-07-08 23:05:05,913 INFO  client.GrpcClientProtocolClient (GrpcClientProtocolClient.java:onNext(255)) - client-CEF4D3493DC0->4ee04582-2825-4055-a051-0465d62eb5ca: receive RaftClientReply:client-CEF4D3493DC0->4ee04582-2825-4055-a051-0465d62eb5ca@group-78E0FE5F723E, cid=2499, SUCCESS, logIndex=0, commits[4ee04582-2825-4055-a051-0465d62eb5ca:c3773, 97f5b9f0-d9ef-40b5-ba79-7414923e623f:c3769, 7d686585-d831-45bc-93fc-0a553b604b0e:c3769]
2019-07-08 23:05:05,925 INFO  client.GrpcClientProtocolClient (GrpcClientProtocolClient.java:onNext(255)) - client-CEF4D3493DC0->4ee04582-2825-4055-a051-0465d62eb5ca: receive RaftClientReply:client-CEF4D3493DC0->4ee04582-2825-4055-a051-0465d62eb5ca@group-78E0FE5F723E, cid=2500, SUCCESS, logIndex=3776, commits[4ee04582-2825-4055-a051-0465d62eb5ca:c3777, 97f5b9f0-d9ef-40b5-ba79-7414923e623f:c3775, 7d686585-d831-45bc-93fc-0a553b604b0e:c3771]
2019-07-08 23:05:05,926 INFO  client.GrpcClientProtocolClient (GrpcClientProtocolClient.java:onNext(255)) - client-CEF4D3493DC0->4ee04582-2825-4055-a051-0465d62eb5ca: receive RaftClientReply:client-CEF4D3493DC0->4ee04582-2825-4055-a051-0465d62eb5ca@group-78E0FE5F723E, cid=2501, SUCCESS, logIndex=3777, commits[4ee04582-2825-4055-a051-0465d62eb5ca:c3777, 97f5b9f0-d9ef-40b5-ba79-7414923e623f:c3775, 7d686585-d831-45bc-93fc-0a553b604b0e:c3775]
2019-07-08 23:05:05,936 INFO  client.GrpcClientProtocolClient (GrpcClientProtocolClient.java:onNext(255)) - client-CEF4D3493DC0->4ee04582-2825-4055-a051-0465d62eb5ca: receive RaftClientReply:client-CEF4D3493DC0->4ee04582-2825-4055-a051-0465d62eb5ca@group-78E0FE5F723E, cid=2502, SUCCESS, logIndex=3780, commits[4ee04582-2825-4055-a051-0465d62eb5ca:c3781, 97f5b9f0-d9ef-40b5-ba79-7414923e623f:c3779, 7d686585-d831-45bc-93fc-0a553b604b0e:c3779]
2019-07-08 23:05:05,937 INFO  client.GrpcClientProtocolClient (GrpcClientProtocolClient.java:onNext(255)) - client-CEF4D3493DC0->4ee04582-2825-4055-a051-0465d62eb5ca: receive RaftClientReply:client-CEF4D3493DC0->4ee04582-2825-4055-a051-0465d62eb5ca@group-78E0FE5F723E, cid=2503, SUCCESS, logIndex=3781, commits[4ee04582-2825-4055-a051-0465d62eb5ca:c3781, 97f5b9f0-d9ef-40b5-ba79-7414923e623f:c3779, 7d686585-d831-45bc-93fc-0a553b604b0e:c3779]
2019-07-08 23:05:05,942 INFO  client.GrpcClientProtocolClient (GrpcClientProtocolClient.java:onNext(255)) - client-CEF4D3493DC0->4ee04582-2825-4055-a051-0465d62eb5ca: receive RaftClientReply:client-CEF4D3493DC0->4ee04582-2825-4055-a051-0465d62eb5ca@group-78E0FE5F723E, cid=2504, SUCCESS, logIndex=0, commits[4ee04582-2825-4055-a051-0465d62eb5ca:c3782, 97f5b9f0-d9ef-40b5-ba79-7414923e623f:c3781, 7d686585-d831-45bc-93fc-0a553b604b0e:c3781]
2019-07-08 23:05:05,964 INFO  client.GrpcClientProtocolClient (GrpcClientProtocolClient.java:onNext(255)) - client-CEF4D3493DC0->4ee04582-2825-4055-a051-0465d62eb5ca: receive RaftClientReply:client-CEF4D3493DC0->4ee04582-2825-4055-a051-0465d62eb5ca@group-78E0FE5F723E, cid=2505, SUCCESS, logIndex=3784, commits[4ee04582-2825-4055-a051-0465d62eb5ca:c3785, 97f5b9f0-d9ef-40b5-ba79-7414923e623f:c3783, 7d686585-d831-45bc-93fc-0a553b604b0e:c3783]
2019-07-08 23:05:05,964 INFO  client.GrpcClientProtocolClient (GrpcClientProtocolClient.java:onNext(255)) - client-CEF4D3493DC0->4ee04582-2825-4055-a051-0465d62eb5ca: receive RaftClientReply:client-CEF4D3493DC0->4ee04582-2825-4055-a051-0465d62eb5ca@group-78E0FE5F723E, cid=2506, SUCCESS, logIndex=3785, commits[4ee04582-2825-4055-a051-0465d62eb5ca:c3787, 97f5b9f0-d9ef-40b5-ba79-7414923e623f:c3783, 7d686585-d831-45bc-93fc-0a553b604b0e:c3783]
2019-07-08 23:05:05,964 INFO  client.GrpcClientProtocolClient (GrpcClientProtocolClient.java:onNext(255)) - client-CEF4D3493DC0->4ee04582-2825-4055-a051-0465d62eb5ca: receive RaftClientReply:client-CEF4D3493DC0->4ee04582-2825-4055-a051-0465d62eb5ca@group-78E0FE5F723E, cid=2507, SUCCESS, logIndex=3786, commits[4ee04582-2825-4055-a051-0465d62eb5ca:c3787, 97f5b9f0-d9ef-40b5-ba79-7414923e623f:c3783, 7d686585-d831-45bc-93fc-0a553b604b0e:c3783]
2019-07-08 23:05:05,965 INFO  client.GrpcClientProtocolClient (GrpcClientProtocolClient.java:onNext(255)) - client-CEF4D3493DC0->4ee04582-2825-4055-a051-0465d62eb5ca: receive RaftClientReply:client-CEF4D3493DC0->4ee04582-2825-4055-a051-0465d62eb5ca@group-78E0FE5F723E, cid=2508, SUCCESS, logIndex=3787, commits[4ee04582-2825-4055-a051-0465d62eb5ca:c3787, 97f5b9f0-d9ef-40b5-ba79-7414923e623f:c3783, 7d686585-d831-45bc-93fc-0a553b604b0e:c3783]
2019-07-08 23:05:06,009 INFO  client.GrpcClientProtocolClient (GrpcClientProtocolClient.java:onNext(255)) - client-CEF4D3493DC0->4ee04582-2825-4055-a051-0465d62eb5ca: receive RaftClientReply:client-CEF4D3493DC0->4ee04582-2825-4055-a051-0465d62eb5ca@group-78E0FE5F723E, cid=2509, SUCCESS, logIndex=0, commits[4ee04582-2825-4055-a051-0465d62eb5ca:c3788, 97f5b9f0-d9ef-40b5-ba79-7414923e623f:c3785, 7d686585-d831-45bc-93fc-0a553b604b0e:c3785]
2019-07-08 23:05:06,026 INFO  client.GrpcClientProtocolClient (GrpcClientProtocolClient.java:onNext(255)) - client-CEF4D3493DC0->4ee04582-2825-4055-a051-0465d62eb5ca: receive RaftClientReply:client-CEF4D3493DC0->4ee04582-2825-4055-a051-0465d62eb5ca@group-78E0FE5F723E, cid=2510, SUCCESS, logIndex=3792, commits[4ee04582-2825-4055-a051-0465d62eb5ca:c3793, 97f5b9f0-d9ef-40b5-ba79-7414923e623f:c3791, 7d686585-d831-45bc-93fc-0a553b604b0e:c3791]
2019-07-08 23:05:06,027 INFO  client.GrpcClientProtocolClient (GrpcClientProtocolClient.java:onNext(255)) - client-CEF4D3493DC0->4ee04582-2825-4055-a051-0465d62eb5ca: receive RaftClientReply:client-CEF4D3493DC0->4ee04582-2825-4055-a051-0465d62eb5ca@group-78E0FE5F723E, cid=2511, SUCCESS, logIndex=3793, commits[4ee04582-2825-4055-a051-0465d62eb5ca:c3793, 97f5b9f0-d9ef-40b5-ba79-7414923e623f:c3791, 7d686585-d831-45bc-93fc-0a553b604b0e:c3791]
2019-07-08 23:05:06,060 INFO  client.GrpcClientProtocolClient (GrpcClientProtocolClient.java:onNext(255)) - client-CEF4D3493DC0->4ee04582-2825-4055-a051-0465d62eb5ca: receive RaftClientReply:client-CEF4D3493DC0->4ee04582-2825-4055-a051-0465d62eb5ca@group-78E0FE5F723E, cid=2512, SUCCESS, logIndex=3796, commits[4ee04582-2825-4055-a051-0465d62eb5ca:c3797, 97f5b9f0-d9ef-40b5-ba79-7414923e623f:c3794, 7d686585-d831-45bc-93fc-0a553b604b0e:c3794]
2019-07-08 23:05:06,060 INFO  client.GrpcClientProtocolClient (GrpcClientProtocolClient.java:onNext(255)) - client-CEF4D3493DC0->4ee04582-2825-4055-a051-0465d62eb5ca: receive RaftClientReply:client-CEF4D3493DC0->4ee04582-2825-4055-a051-0465d62eb5ca@group-78E0FE5F723E, cid=2513, SUCCESS, logIndex=3797, commits[4ee04582-2825-4055-a051-0465d62eb5ca:c3797, 97f5b9f0-d9ef-40b5-ba79-7414923e623f:c3794, 7d686585-d831-45bc-93fc-0a553b604b0e:c3794]
2019-07-08 23:05:06,061 INFO  client.GrpcClientProtocolClient (GrpcClientProtocolClient.java:onNext(255)) - client-CEF4D3493DC0->4ee04582-2825-4055-a051-0465d62eb5ca: receive RaftClientReply:client-CEF4D3493DC0->4ee04582-2825-4055-a051-0465d62eb5ca@group-78E0FE5F723E, cid=2514, SUCCESS, logIndex=0, commits[4ee04582-2825-4055-a051-0465d62eb5ca:c3798, 97f5b9f0-d9ef-40b5-ba79-7414923e623f:c3797, 7d686585-d831-45bc-93fc-0a553b604b0e:c3797]
2019-07-08 23:05:06,092 INFO  client.GrpcClientProtocolClient (GrpcClientProtocolClient.java:onNext(255)) - client-CEF4D3493DC0->4ee04582-2825-4055-a051-0465d62eb5ca: receive RaftClientReply:client-CEF4D3493DC0->4ee04582-2825-4055-a051-0465d62eb5ca@group-78E0FE5F723E, cid=2515, SUCCESS, logIndex=3800, commits[4ee04582-2825-4055-a051-0465d62eb5ca:c3802, 97f5b9f0-d9ef-40b5-ba79-7414923e623f:c3799, 7d686585-d831-45bc-93fc-0a553b604b0e:c3799]
2019-07-08 23:05:06,093 INFO  client.GrpcClientProtocolClient (GrpcClientProtocolClient.java:onNext(255)) - client-CEF4D3493DC0->4ee04582-2825-4055-a051-0465d62eb5ca: receive RaftClientReply:client-CEF4D3493DC0->4ee04582-2825-4055-a051-0465d62eb5ca@group-78E0FE5F723E, cid=2516, SUCCESS, logIndex=3801, commits[4ee04582-2825-4055-a051-0465d62eb5ca:c3803, 97f5b9f0-d9ef-40b5-ba79-7414923e623f:c3799, 7d686585-d831-45bc-93fc-0a553b604b0e:c3799]
2019-07-08 23:05:06,093 INFO  client.GrpcClientProtocolClient (GrpcClientProtocolClient.java:onNext(255)) - client-CEF4D3493DC0->4ee04582-2825-4055-a051-0465d62eb5ca: receive RaftClientReply:client-CEF4D3493DC0->4ee04582-2825-4055-a051-0465d62eb5ca@group-78E0FE5F723E, cid=2517, SUCCESS, logIndex=3802, commits[4ee04582-2825-4055-a051-0465d62eb5ca:c3804, 97f5b9f0-d9ef-40b5-ba79-7414923e623f:c3800, 7d686585-d831-45bc-93fc-0a553b604b0e:c3799]
2019-07-08 23:05:06,094 INFO  client.GrpcClientProtocolClient (GrpcClientProtocolClient.java:onNext(255)) - client-CEF4D3493DC0->4ee04582-2825-4055-a051-0465d62eb5ca: receive RaftClientReply:client-CEF4D3493DC0->4ee04582-2825-4055-a051-0465d62eb5ca@group-78E0FE5F723E, cid=2518, SUCCESS, logIndex=3803, commits[4ee04582-2825-4055-a051-0465d62eb5ca:c3804, 97f5b9f0-d9ef-40b5-ba79-7414923e623f:c3800, 7d686585-d831-45bc-93fc-0a553b604b0e:c3799]
2019-07-08 23:05:06,096 INFO  client.GrpcClientProtocolClient (GrpcClientProtocolClient.java:onNext(255)) - client-CEF4D3493DC0->4ee04582-2825-4055-a051-0465d62eb5ca: receive RaftClientReply:client-CEF4D3493DC0->4ee04582-2825-4055-a051-0465d62eb5ca@group-78E0FE5F723E, cid=2519, SUCCESS, logIndex=0, commits[4ee04582-2825-4055-a051-0465d62eb5ca:c3805, 97f5b9f0-d9ef-40b5-ba79-7414923e623f:c3801, 7d686585-d831-45bc-93fc-0a553b604b0e:c3801]
2019-07-08 23:05:06,109 INFO  client.GrpcClientProtocolClient (GrpcClientProtocolClient.java:onNext(255)) - client-CEF4D3493DC0->4ee04582-2825-4055-a051-0465d62eb5ca: receive RaftClientReply:client-CEF4D3493DC0->4ee04582-2825-4055-a051-0465d62eb5ca@group-78E0FE5F723E, cid=2520, SUCCESS, logIndex=3808, commits[4ee04582-2825-4055-a051-0465d62eb5ca:c3809, 97f5b9f0-d9ef-40b5-ba79-7414923e623f:c3807, 7d686585-d831-45bc-93fc-0a553b604b0e:c3803]
2019-07-08 23:05:06,109 INFO  client.GrpcClientProtocolClient (GrpcClientProtocolClient.java:onNext(255)) - client-CEF4D3493DC0->4ee04582-2825-4055-a051-0465d62eb5ca: receive RaftClientReply:client-CEF4D3493DC0->4ee04582-2825-4055-a051-0465d62eb5ca@group-78E0FE5F723E, cid=2521, SUCCESS, logIndex=3809, commits[4ee04582-2825-4055-a051-0465d62eb5ca:c3809, 97f5b9f0-d9ef-40b5-ba79-7414923e623f:c3807, 7d686585-d831-45bc-93fc-0a553b604b0e:c3803]
2019-07-08 23:05:06,133 INFO  client.GrpcClientProtocolClient (GrpcClientProtocolClient.java:onNext(255)) - client-CEF4D3493DC0->4ee04582-2825-4055-a051-0465d62eb5ca: receive RaftClientReply:client-CEF4D3493DC0->4ee04582-2825-4055-a051-0465d62eb5ca@group-78E0FE5F723E, cid=2522, SUCCESS, logIndex=3812, commits[4ee04582-2825-4055-a051-0465d62eb5ca:c3813, 97f5b9f0-d9ef-40b5-ba79-7414923e623f:c3808, 7d686585-d831-45bc-93fc-0a553b604b0e:c3809]
2019-07-08 23:05:06,134 INFO  client.GrpcClientProtocolClient (GrpcClientProtocolClient.java:onNext(255)) - client-CEF4D3493DC0->4ee04582-2825-4055-a051-0465d62eb5ca: receive RaftClientReply:client-CEF4D3493DC0->4ee04582-2825-4055-a051-0465d62eb5ca@group-78E0FE5F723E, cid=2523, SUCCESS, logIndex=3813, commits[4ee04582-2825-4055-a051-0465d62eb5ca:c3813, 97f5b9f0-d9ef-40b5-ba79-7414923e623f:c3809, 7d686585-d831-45bc-93fc-0a553b604b0e:c3809]
2019-07-08 23:05:06,148 INFO  client.GrpcClientProtocolClient (GrpcClientProtocolClient.java:onNext(255)) - client-CEF4D3493DC0->4ee04582-2825-4055-a051-0465d62eb5ca: receive RaftClientReply:client-CEF4D3493DC0->4ee04582-2825-4055-a051-0465d62eb5ca@group-78E0FE5F723E, cid=2524, SUCCESS, logIndex=0, commits[4ee04582-2825-4055-a051-0465d62eb5ca:c3815, 97f5b9f0-d9ef-40b5-ba79-7414923e623f:c3813, 7d686585-d831-45bc-93fc-0a553b604b0e:c3813]
2019-07-08 23:05:06,178 INFO  client.GrpcClientProtocolClient (GrpcClientProtocolClient.java:onNext(255)) - client-CEF4D3493DC0->4ee04582-2825-4055-a051-0465d62eb5ca: receive RaftClientReply:client-CEF4D3493DC0->4ee04582-2825-4055-a051-0465d62eb5ca@group-78E0FE5F723E, cid=2525, SUCCESS, logIndex=3816, commits[4ee04582-2825-4055-a051-0465d62eb5ca:c3817, 97f5b9f0-d9ef-40b5-ba79-7414923e623f:c3815, 7d686585-d831-45bc-93fc-0a553b604b0e:c3815]
2019-07-08 23:05:06,178 INFO  client.GrpcClientProtocolClient (GrpcClientProtocolClient.java:onNext(255)) - client-CEF4D3493DC0->4ee04582-2825-4055-a051-0465d62eb5ca: receive RaftClientReply:client-CEF4D3493DC0->4ee04582-2825-4055-a051-0465d62eb5ca@group-78E0FE5F723E, cid=2526, SUCCESS, logIndex=3817, commits[4ee04582-2825-4055-a051-0465d62eb5ca:c3819, 97f5b9f0-d9ef-40b5-ba79-7414923e623f:c3815, 7d686585-d831-45bc-93fc-0a553b604b0e:c3815]
2019-07-08 23:05:06,178 INFO  client.GrpcClientProtocolClient (GrpcClientProtocolClient.java:onNext(255)) - client-CEF4D3493DC0->4ee04582-2825-4055-a051-0465d62eb5ca: receive RaftClientReply:client-CEF4D3493DC0->4ee04582-2825-4055-a051-0465d62eb5ca@group-78E0FE5F723E, cid=2527, SUCCESS, logIndex=3818, commits[4ee04582-2825-4055-a051-0465d62eb5ca:c3819, 97f5b9f0-d9ef-40b5-ba79-7414923e623f:c3815, 7d686585-d831-45bc-93fc-0a553b604b0e:c3815]
2019-07-08 23:05:06,179 INFO  client.GrpcClientProtocolClient (GrpcClientProtocolClient.java:onNext(255)) - client-CEF4D3493DC0->4ee04582-2825-4055-a051-0465d62eb5ca: receive RaftClientReply:client-CEF4D3493DC0->4ee04582-2825-4055-a051-0465d62eb5ca@group-78E0FE5F723E, cid=2528, SUCCESS, logIndex=3819, commits[4ee04582-2825-4055-a051-0465d62eb5ca:c3819, 97f5b9f0-d9ef-40b5-ba79-7414923e623f:c3815, 7d686585-d831-45bc-93fc-0a553b604b0e:c3815]
2019-07-08 23:05:06,193 INFO  client.GrpcClientProtocolClient (GrpcClientProtocolClient.java:onNext(255)) - client-CEF4D3493DC0->4ee04582-2825-4055-a051-0465d62eb5ca: receive RaftClientReply:client-CEF4D3493DC0->4ee04582-2825-4055-a051-0465d62eb5ca@group-78E0FE5F723E, cid=2529, SUCCESS, logIndex=0, commits[4ee04582-2825-4055-a051-0465d62eb5ca:c3820, 97f5b9f0-d9ef-40b5-ba79-7414923e623f:c3817, 7d686585-d831-45bc-93fc-0a553b604b0e:c3817]
2019-07-08 23:05:06,207 INFO  client.GrpcClientProtocolClient (GrpcClientProtocolClient.java:onNext(255)) - client-CEF4D3493DC0->4ee04582-2825-4055-a051-0465d62eb5ca: receive RaftClientReply:client-CEF4D3493DC0->4ee04582-2825-4055-a051-0465d62eb5ca@group-78E0FE5F723E, cid=2530, SUCCESS, logIndex=3823, commits[4ee04582-2825-4055-a051-0465d62eb5ca:c3824, 97f5b9f0-d9ef-40b5-ba79-7414923e623f:c3819, 7d686585-d831-45bc-93fc-0a553b604b0e:c3822]
2019-07-08 23:05:06,208 INFO  client.GrpcClientProtocolClient (GrpcClientProtocolClient.java:onNext(255)) - client-CEF4D3493DC0->4ee04582-2825-4055-a051-0465d62eb5ca: receive RaftClientReply:client-CEF4D3493DC0->4ee04582-2825-4055-a051-0465d62eb5ca@group-78E0FE5F723E, cid=2531, SUCCESS, logIndex=3824, commits[4ee04582-2825-4055-a051-0465d62eb5ca:c3824, 97f5b9f0-d9ef-40b5-ba79-7414923e623f:c3819, 7d686585-d831-45bc-93fc-0a553b604b0e:c3822]
2019-07-08 23:05:06,223 INFO  client.GrpcClientProtocolClient (GrpcClientProtocolClient.java:onNext(255)) - client-CEF4D3493DC0->4ee04582-2825-4055-a051-0465d62eb5ca: receive RaftClientReply:client-CEF4D3493DC0->4ee04582-2825-4055-a051-0465d62eb5ca@group-78E0FE5F723E, cid=2532, SUCCESS, logIndex=3826, commits[4ee04582-2825-4055-a051-0465d62eb5ca:c3827, 97f5b9f0-d9ef-40b5-ba79-7414923e623f:c3824, 7d686585-d831-45bc-93fc-0a553b604b0e:c3824]
2019-07-08 23:05:06,223 INFO  client.GrpcClientProtocolClient (GrpcClientProtocolClient.java:onNext(255)) - client-CEF4D3493DC0->4ee04582-2825-4055-a051-0465d62eb5ca: receive RaftClientReply:client-CEF4D3493DC0->4ee04582-2825-4055-a051-0465d62eb5ca@group-78E0FE5F723E, cid=2533, SUCCESS, logIndex=3827, commits[4ee04582-2825-4055-a051-0465d62eb5ca:c3827, 97f5b9f0-d9ef-40b5-ba79-7414923e623f:c3824, 7d686585-d831-45bc-93fc-0a553b604b0e:c3824]
2019-07-08 23:05:06,226 INFO  client.GrpcClientProtocolClient (GrpcClientProtocolClient.java:onNext(255)) - client-CEF4D3493DC0->4ee04582-2825-4055-a051-0465d62eb5ca: receive RaftClientReply:client-CEF4D3493DC0->4ee04582-2825-4055-a051-0465d62eb5ca@group-78E0FE5F723E, cid=2534, SUCCESS, logIndex=0, commits[4ee04582-2825-4055-a051-0465d62eb5ca:c3828, 97f5b9f0-d9ef-40b5-ba79-7414923e623f:c3827, 7d686585-d831-45bc-93fc-0a553b604b0e:c3827]
2019-07-08 23:05:06,259 INFO  client.GrpcClientProtocolClient (GrpcClientProtocolClient.java:onNext(255)) - client-CEF4D3493DC0->4ee04582-2825-4055-a051-0465d62eb5ca: receive RaftClientReply:client-CEF4D3493DC0->4ee04582-2825-4055-a051-0465d62eb5ca@group-78E0FE5F723E, cid=2535, SUCCESS, logIndex=3829, commits[4ee04582-2825-4055-a051-0465d62eb5ca:c3831, 97f5b9f0-d9ef-40b5-ba79-7414923e623f:c3828, 7d686585-d831-45bc-93fc-0a553b604b0e:c3828]
2019-07-08 23:05:06,259 INFO  client.GrpcClientProtocolClient (GrpcClientProtocolClient.java:onNext(255)) - client-CEF4D3493DC0->4ee04582-2825-4055-a051-0465d62eb5ca: receive RaftClientReply:client-CEF4D3493DC0->4ee04582-2825-4055-a051-0465d62eb5ca@group-78E0FE5F723E, cid=2536, SUCCESS, logIndex=3830, commits[4ee04582-2825-4055-a051-0465d62eb5ca:c3832, 97f5b9f0-d9ef-40b5-ba79-7414923e623f:c3828, 7d686585-d831-45bc-93fc-0a553b604b0e:c3828]
2019-07-08 23:05:06,260 INFO  client.GrpcClientProtocolClient (GrpcClientProtocolClient.java:onNext(255)) - client-CEF4D3493DC0->4ee04582-2825-4055-a051-0465d62eb5ca: receive RaftClientReply:client-CEF4D3493DC0->4ee04582-2825-4055-a051-0465d62eb5ca@group-78E0FE5F723E, cid=2537, SUCCESS, logIndex=3831, commits[4ee04582-2825-4055-a051-0465d62eb5ca:c3832, 97f5b9f0-d9ef-40b5-ba79-7414923e623f:c3828, 7d686585-d831-45bc-93fc-0a553b604b0e:c3828]
2019-07-08 23:05:06,260 INFO  client.GrpcClientProtocolClient (GrpcClientProtocolClient.java:onNext(255)) - client-CEF4D3493DC0->4ee04582-2825-4055-a051-0465d62eb5ca: receive RaftClientReply:client-CEF4D3493DC0->4ee04582-2825-4055-a051-0465d62eb5ca@group-78E0FE5F723E, cid=2538, SUCCESS, logIndex=3832, commits[4ee04582-2825-4055-a051-0465d62eb5ca:c3832, 97f5b9f0-d9ef-40b5-ba79-7414923e623f:c3828, 7d686585-d831-45bc-93fc-0a553b604b0e:c3828]
2019-07-08 23:05:06,264 INFO  client.GrpcClientProtocolClient (GrpcClientProtocolClient.java:onNext(255)) - client-CEF4D3493DC0->4ee04582-2825-4055-a051-0465d62eb5ca: receive RaftClientReply:client-CEF4D3493DC0->4ee04582-2825-4055-a051-0465d62eb5ca@group-78E0FE5F723E, cid=2539, SUCCESS, logIndex=0, commits[4ee04582-2825-4055-a051-0465d62eb5ca:c3833, 97f5b9f0-d9ef-40b5-ba79-7414923e623f:c3830, 7d686585-d831-45bc-93fc-0a553b604b0e:c3831]
2019-07-08 23:05:06,279 INFO  client.GrpcClientProtocolClient (GrpcClientProtocolClient.java:onNext(255)) - client-CEF4D3493DC0->4ee04582-2825-4055-a051-0465d62eb5ca: receive RaftClientReply:client-CEF4D3493DC0->4ee04582-2825-4055-a051-0465d62eb5ca@group-78E0FE5F723E, cid=2540, SUCCESS, logIndex=3837, commits[4ee04582-2825-4055-a051-0465d62eb5ca:c3838, 97f5b9f0-d9ef-40b5-ba79-7414923e623f:c3836, 7d686585-d831-45bc-93fc-0a553b604b0e:c3836]
2019-07-08 23:05:06,279 INFO  client.GrpcClientProtocolClient (GrpcClientProtocolClient.java:onNext(255)) - client-CEF4D3493DC0->4ee04582-2825-4055-a051-0465d62eb5ca: receive RaftClientReply:client-CEF4D3493DC0->4ee04582-2825-4055-a051-0465d62eb5ca@group-78E0FE5F723E, cid=2541, SUCCESS, logIndex=3838, commits[4ee04582-2825-4055-a051-0465d62eb5ca:c3838, 97f5b9f0-d9ef-40b5-ba79-7414923e623f:c3836, 7d686585-d831-45bc-93fc-0a553b604b0e:c3836]
2019-07-08 23:05:06,290 INFO  client.GrpcClientProtocolClient (GrpcClientProtocolClient.java:onNext(255)) - client-CEF4D3493DC0->4ee04582-2825-4055-a051-0465d62eb5ca: receive RaftClientReply:client-CEF4D3493DC0->4ee04582-2825-4055-a051-0465d62eb5ca@group-78E0FE5F723E, cid=2542, SUCCESS, logIndex=3841, commits[4ee04582-2825-4055-a051-0465d62eb5ca:c3842, 97f5b9f0-d9ef-40b5-ba79-7414923e623f:c3840, 7d686585-d831-45bc-93fc-0a553b604b0e:c3840]
2019-07-08 23:05:06,291 INFO  client.GrpcClientProtocolClient (GrpcClientProtocolClient.java:onNext(255)) - client-CEF4D3493DC0->4ee04582-2825-4055-a051-0465d62eb5ca: receive RaftClientReply:client-CEF4D3493DC0->4ee04582-2825-4055-a051-0465d62eb5ca@group-78E0FE5F723E, cid=2543, SUCCESS, logIndex=3842, commits[4ee04582-2825-4055-a051-0465d62eb5ca:c3842, 97f5b9f0-d9ef-40b5-ba79-7414923e623f:c3840, 7d686585-d831-45bc-93fc-0a553b604b0e:c3840]
2019-07-08 23:05:06,293 INFO  client.GrpcClientProtocolClient (GrpcClientProtocolClient.java:onNext(255)) - client-CEF4D3493DC0->4ee04582-2825-4055-a051-0465d62eb5ca: receive RaftClientReply:client-CEF4D3493DC0->4ee04582-2825-4055-a051-0465d62eb5ca@group-78E0FE5F723E, cid=2544, SUCCESS, logIndex=0, commits[4ee04582-2825-4055-a051-0465d62eb5ca:c3843, 97f5b9f0-d9ef-40b5-ba79-7414923e623f:c3842, 7d686585-d831-45bc-93fc-0a553b604b0e:c3842]
2019-07-08 23:05:06,315 INFO  client.GrpcClientProtocolClient (GrpcClientProtocolClient.java:onNext(255)) - client-CEF4D3493DC0->4ee04582-2825-4055-a051-0465d62eb5ca: receive RaftClientReply:client-CEF4D3493DC0->4ee04582-2825-4055-a051-0465d62eb5ca@group-78E0FE5F723E, cid=2545, SUCCESS, logIndex=3845, commits[4ee04582-2825-4055-a051-0465d62eb5ca:c3847, 97f5b9f0-d9ef-40b5-ba79-7414923e623f:c3842, 7d686585-d831-45bc-93fc-0a553b604b0e:c3844]
2019-07-08 23:05:06,316 INFO  client.GrpcClientProtocolClient (GrpcClientProtocolClient.java:onNext(255)) - client-CEF4D3493DC0->4ee04582-2825-4055-a051-0465d62eb5ca: receive RaftClientReply:client-CEF4D3493DC0->4ee04582-2825-4055-a051-0465d62eb5ca@group-78E0FE5F723E, cid=2546, SUCCESS, logIndex=3846, commits[4ee04582-2825-4055-a051-0465d62eb5ca:c3848, 97f5b9f0-d9ef-40b5-ba79-7414923e623f:c3844, 7d686585-d831-45bc-93fc-0a553b604b0e:c3844]
2019-07-08 23:05:06,316 INFO  client.GrpcClientProtocolClient (GrpcClientProtocolClient.java:onNext(255)) - client-CEF4D3493DC0->4ee04582-2825-4055-a051-0465d62eb5ca: receive RaftClientReply:client-CEF4D3493DC0->4ee04582-2825-4055-a051-0465d62eb5ca@group-78E0FE5F723E, cid=2547, SUCCESS, logIndex=3847, commits[4ee04582-2825-4055-a051-0465d62eb5ca:c3848, 97f5b9f0-d9ef-40b5-ba79-7414923e623f:c3844, 7d686585-d831-45bc-93fc-0a553b604b0e:c3844]
2019-07-08 23:05:06,316 INFO  client.GrpcClientProtocolClient (GrpcClientProtocolClient.java:onNext(255)) - client-CEF4D3493DC0->4ee04582-2825-4055-a051-0465d62eb5ca: receive RaftClientReply:client-CEF4D3493DC0->4ee04582-2825-4055-a051-0465d62eb5ca@group-78E0FE5F723E, cid=2548, SUCCESS, logIndex=3848, commits[4ee04582-2825-4055-a051-0465d62eb5ca:c3848, 97f5b9f0-d9ef-40b5-ba79-7414923e623f:c3844, 7d686585-d831-45bc-93fc-0a553b604b0e:c3844]
2019-07-08 23:05:06,317 INFO  client.GrpcClientProtocolClient (GrpcClientProtocolClient.java:onNext(255)) - client-CEF4D3493DC0->4ee04582-2825-4055-a051-0465d62eb5ca: receive RaftClientReply:client-CEF4D3493DC0->4ee04582-2825-4055-a051-0465d62eb5ca@group-78E0FE5F723E, cid=2549, SUCCESS, logIndex=0, commits[4ee04582-2825-4055-a051-0465d62eb5ca:c3849, 97f5b9f0-d9ef-40b5-ba79-7414923e623f:c3846, 7d686585-d831-45bc-93fc-0a553b604b0e:c3846]
2019-07-08 23:05:06,328 INFO  client.GrpcClientProtocolClient (GrpcClientProtocolClient.java:onNext(255)) - client-CEF4D3493DC0->4ee04582-2825-4055-a051-0465d62eb5ca: receive RaftClientReply:client-CEF4D3493DC0->4ee04582-2825-4055-a051-0465d62eb5ca@group-78E0FE5F723E, cid=2550, SUCCESS, logIndex=3853, commits[4ee04582-2825-4055-a051-0465d62eb5ca:c3854, 97f5b9f0-d9ef-40b5-ba79-7414923e623f:c3852, 7d686585-d831-45bc-93fc-0a553b604b0e:c3848]
2019-07-08 23:05:06,329 INFO  client.GrpcClientProtocolClient (GrpcClientProtocolClient.java:onNext(255)) - client-CEF4D3493DC0->4ee04582-2825-4055-a051-0465d62eb5ca: receive RaftClientReply:client-CEF4D3493DC0->4ee04582-2825-4055-a051-0465d62eb5ca@group-78E0FE5F723E, cid=2551, SUCCESS, logIndex=3854, commits[4ee04582-2825-4055-a051-0465d62eb5ca:c3854, 97f5b9f0-d9ef-40b5-ba79-7414923e623f:c3852, 7d686585-d831-45bc-93fc-0a553b604b0e:c3848]
2019-07-08 23:05:06,339 INFO  client.GrpcClientProtocolClient (GrpcClientProtocolClient.java:onNext(255)) - client-CEF4D3493DC0->4ee04582-2825-4055-a051-0465d62eb5ca: receive RaftClientReply:client-CEF4D3493DC0->4ee04582-2825-4055-a051-0465d62eb5ca@group-78E0FE5F723E, cid=2552, SUCCESS, logIndex=3857, commits[4ee04582-2825-4055-a051-0465d62eb5ca:c3858, 97f5b9f0-d9ef-40b5-ba79-7414923e623f:c3856, 7d686585-d831-45bc-93fc-0a553b604b0e:c3854]
2019-07-08 23:05:06,339 INFO  client.GrpcClientProtocolClient (GrpcClientProtocolClient.java:onNext(255)) - client-CEF4D3493DC0->4ee04582-2825-4055-a051-0465d62eb5ca: receive RaftClientReply:client-CEF4D3493DC0->4ee04582-2825-4055-a051-0465d62eb5ca@group-78E0FE5F723E, cid=2553, SUCCESS, logIndex=3858, commits[4ee04582-2825-4055-a051-0465d62eb5ca:c3858, 97f5b9f0-d9ef-40b5-ba79-7414923e623f:c3856, 7d686585-d831-45bc-93fc-0a553b604b0e:c3854]
2019-07-08 23:05:06,342 INFO  client.GrpcClientProtocolClient (GrpcClientProtocolClient.java:onNext(255)) - client-CEF4D3493DC0->4ee04582-2825-4055-a051-0465d62eb5ca: receive RaftClientReply:client-CEF4D3493DC0->4ee04582-2825-4055-a051-0465d62eb5ca@group-78E0FE5F723E, cid=2554, SUCCESS, logIndex=0, commits[4ee04582-2825-4055-a051-0465d62eb5ca:c3860, 97f5b9f0-d9ef-40b5-ba79-7414923e623f:c3858, 7d686585-d831-45bc-93fc-0a553b604b0e:c3858]
2019-07-08 23:05:06,360 INFO  client.GrpcClientProtocolClient (GrpcClientProtocolClient.java:onNext(255)) - client-CEF4D3493DC0->4ee04582-2825-4055-a051-0465d62eb5ca: receive RaftClientReply:client-CEF4D3493DC0->4ee04582-2825-4055-a051-0465d62eb5ca@group-78E0FE5F723E, cid=2555, SUCCESS, logIndex=3861, commits[4ee04582-2825-4055-a051-0465d62eb5ca:c3862, 97f5b9f0-d9ef-40b5-ba79-7414923e623f:c3860, 7d686585-d831-45bc-93fc-0a553b604b0e:c3860]
2019-07-08 23:05:06,361 INFO  client.GrpcClientProtocolClient (GrpcClientProtocolClient.java:onNext(255)) - client-CEF4D3493DC0->4ee04582-2825-4055-a051-0465d62eb5ca: receive RaftClientReply:client-CEF4D3493DC0->4ee04582-2825-4055-a051-0465d62eb5ca@group-78E0FE5F723E, cid=2556, SUCCESS, logIndex=3862, commits[4ee04582-2825-4055-a051-0465d62eb5ca:c3862, 97f5b9f0-d9ef-40b5-ba79-7414923e623f:c3860, 7d686585-d831-45bc-93fc-0a553b604b0e:c3860]
2019-07-08 23:05:06,362 INFO  client.GrpcClientProtocolClient (GrpcClientProtocolClient.java:onNext(255)) - client-CEF4D3493DC0->4ee04582-2825-4055-a051-0465d62eb5ca: receive RaftClientReply:client-CEF4D3493DC0->4ee04582-2825-4055-a051-0465d62eb5ca@group-78E0FE5F723E, cid=2557, SUCCESS, logIndex=3863, commits[4ee04582-2825-4055-a051-0465d62eb5ca:c3864, 97f5b9f0-d9ef-40b5-ba79-7414923e623f:c3860, 7d686585-d831-45bc-93fc-0a553b604b0e:c3860]
2019-07-08 23:05:06,362 INFO  client.GrpcClientProtocolClient (GrpcClientProtocolClient.java:onNext(255)) - client-CEF4D3493DC0->4ee04582-2825-4055-a051-0465d62eb5ca: receive RaftClientReply:client-CEF4D3493DC0->4ee04582-2825-4055-a051-0465d62eb5ca@group-78E0FE5F723E, cid=2558, SUCCESS, logIndex=3864, commits[4ee04582-2825-4055-a051-0465d62eb5ca:c3864, 97f5b9f0-d9ef-40b5-ba79-7414923e623f:c3860, 7d686585-d831-45bc-93fc-0a553b604b0e:c3860]
2019-07-08 23:05:06,366 INFO  client.GrpcClientProtocolClient (GrpcClientProtocolClient.java:onNext(255)) - client-CEF4D3493DC0->4ee04582-2825-4055-a051-0465d62eb5ca: receive RaftClientReply:client-CEF4D3493DC0->4ee04582-2825-4055-a051-0465d62eb5ca@group-78E0FE5F723E, cid=2559, SUCCESS, logIndex=0, commits[4ee04582-2825-4055-a051-0465d62eb5ca:c3866, 97f5b9f0-d9ef-40b5-ba79-7414923e623f:c3862, 7d686585-d831-45bc-93fc-0a553b604b0e:c3862]
2019-07-08 23:05:06,377 INFO  client.GrpcClientProtocolClient (GrpcClientProtocolClient.java:onNext(255)) - client-CEF4D3493DC0->4ee04582-2825-4055-a051-0465d62eb5ca: receive RaftClientReply:client-CEF4D3493DC0->4ee04582-2825-4055-a051-0465d62eb5ca@group-78E0FE5F723E, cid=2560, SUCCESS, logIndex=3869, commits[4ee04582-2825-4055-a051-0465d62eb5ca:c3870, 97f5b9f0-d9ef-40b5-ba79-7414923e623f:c3868, 7d686585-d831-45bc-93fc-0a553b604b0e:c3868]
2019-07-08 23:05:06,377 INFO  client.GrpcClientProtocolClient (GrpcClientProtocolClient.java:onNext(255)) - client-CEF4D3493DC0->4ee04582-2825-4055-a051-0465d62eb5ca: receive RaftClientReply:client-CEF4D3493DC0->4ee04582-2825-4055-a051-0465d62eb5ca@group-78E0FE5F723E, cid=2561, SUCCESS, logIndex=3870, commits[4ee04582-2825-4055-a051-0465d62eb5ca:c3870, 97f5b9f0-d9ef-40b5-ba79-7414923e623f:c3868, 7d686585-d831-45bc-93fc-0a553b604b0e:c3868]
2019-07-08 23:05:06,387 INFO  client.GrpcClientProtocolClient (GrpcClientProtocolClient.java:onNext(255)) - client-CEF4D3493DC0->4ee04582-2825-4055-a051-0465d62eb5ca: receive RaftClientReply:client-CEF4D3493DC0->4ee04582-2825-4055-a051-0465d62eb5ca@group-78E0FE5F723E, cid=2562, SUCCESS, logIndex=3873, commits[4ee04582-2825-4055-a051-0465d62eb5ca:c3874, 97f5b9f0-d9ef-40b5-ba79-7414923e623f:c3872, 7d686585-d831-45bc-93fc-0a553b604b0e:c3870]
2019-07-08 23:05:06,387 INFO  client.GrpcClientProtocolClient (GrpcClientProtocolClient.java:onNext(255)) - client-CEF4D3493DC0->4ee04582-2825-4055-a051-0465d62eb5ca: receive RaftClientReply:client-CEF4D3493DC0->4ee04582-2825-4055-a051-0465d62eb5ca@group-78E0FE5F723E, cid=2563, SUCCESS, logIndex=3874, commits[4ee04582-2825-4055-a051-0465d62eb5ca:c3874, 97f5b9f0-d9ef-40b5-ba79-7414923e623f:c3872, 7d686585-d831-45bc-93fc-0a553b604b0e:c3872]
2019-07-08 23:05:06,485 INFO  client.GrpcClientProtocolClient (GrpcClientProtocolClient.java:onNext(255)) - client-CEF4D3493DC0->4ee04582-2825-4055-a051-0465d62eb5ca: receive RaftClientReply:client-CEF4D3493DC0->4ee04582-2825-4055-a051-0465d62eb5ca@group-78E0FE5F723E, cid=2564, SUCCESS, logIndex=0, commits[4ee04582-2825-4055-a051-0465d62eb5ca:c3874, 97f5b9f0-d9ef-40b5-ba79-7414923e623f:c3874, 7d686585-d831-45bc-93fc-0a553b604b0e:c3874]
2019-07-08 23:05:06,509 INFO  client.GrpcClientProtocolClient (GrpcClientProtocolClient.java:onNext(255)) - client-CEF4D3493DC0->4ee04582-2825-4055-a051-0465d62eb5ca: receive RaftClientReply:client-CEF4D3493DC0->4ee04582-2825-4055-a051-0465d62eb5ca@group-78E0FE5F723E, cid=2565, SUCCESS, logIndex=3877, commits[4ee04582-2825-4055-a051-0465d62eb5ca:c3878, 97f5b9f0-d9ef-40b5-ba79-7414923e623f:c3876, 7d686585-d831-45bc-93fc-0a553b604b0e:c3874]
2019-07-08 23:05:06,510 INFO  client.GrpcClientProtocolClient (GrpcClientProtocolClient.java:onNext(255)) - client-CEF4D3493DC0->4ee04582-2825-4055-a051-0465d62eb5ca: receive RaftClientReply:client-CEF4D3493DC0->4ee04582-2825-4055-a051-0465d62eb5ca@group-78E0FE5F723E, cid=2566, SUCCESS, logIndex=3878, commits[4ee04582-2825-4055-a051-0465d62eb5ca:c3878, 97f5b9f0-d9ef-40b5-ba79-7414923e623f:c3876, 7d686585-d831-45bc-93fc-0a553b604b0e:c3874]
2019-07-08 23:05:06,511 INFO  client.GrpcClientProtocolClient (GrpcClientProtocolClient.java:onNext(255)) - client-CEF4D3493DC0->4ee04582-2825-4055-a051-0465d62eb5ca: receive RaftClientReply:client-CEF4D3493DC0->4ee04582-2825-4055-a051-0465d62eb5ca@group-78E0FE5F723E, cid=2567, SUCCESS, logIndex=3879, commits[4ee04582-2825-4055-a051-0465d62eb5ca:c3880, 97f5b9f0-d9ef-40b5-ba79-7414923e623f:c3876, 7d686585-d831-45bc-93fc-0a553b604b0e:c3874]
2019-07-08 23:05:06,511 INFO  client.GrpcClientProtocolClient (GrpcClientProtocolClient.java:onNext(255)) - client-CEF4D3493DC0->4ee04582-2825-4055-a051-0465d62eb5ca: receive RaftClientReply:client-CEF4D3493DC0->4ee04582-2825-4055-a051-0465d62eb5ca@group-78E0FE5F723E, cid=2568, SUCCESS, logIndex=3880, commits[4ee04582-2825-4055-a051-0465d62eb5ca:c3880, 97f5b9f0-d9ef-40b5-ba79-7414923e623f:c3876, 7d686585-d831-45bc-93fc-0a553b604b0e:c3876]
2019-07-08 23:05:06,515 INFO  client.GrpcClientProtocolClient (GrpcClientProtocolClient.java:onNext(255)) - client-CEF4D3493DC0->4ee04582-2825-4055-a051-0465d62eb5ca: receive RaftClientReply:client-CEF4D3493DC0->4ee04582-2825-4055-a051-0465d62eb5ca@group-78E0FE5F723E, cid=2569, SUCCESS, logIndex=0, commits[4ee04582-2825-4055-a051-0465d62eb5ca:c3884, 97f5b9f0-d9ef-40b5-ba79-7414923e623f:c3880, 7d686585-d831-45bc-93fc-0a553b604b0e:c3878]
2019-07-08 23:05:06,527 INFO  client.GrpcClientProtocolClient (GrpcClientProtocolClient.java:onNext(255)) - client-CEF4D3493DC0->4ee04582-2825-4055-a051-0465d62eb5ca: receive RaftClientReply:client-CEF4D3493DC0->4ee04582-2825-4055-a051-0465d62eb5ca@group-78E0FE5F723E, cid=2570, SUCCESS, logIndex=3885, commits[4ee04582-2825-4055-a051-0465d62eb5ca:c3886, 97f5b9f0-d9ef-40b5-ba79-7414923e623f:c3884, 7d686585-d831-45bc-93fc-0a553b604b0e:c3884]
2019-07-08 23:05:06,528 INFO  client.GrpcClientProtocolClient (GrpcClientProtocolClient.java:onNext(255)) - client-CEF4D3493DC0->4ee04582-2825-4055-a051-0465d62eb5ca: receive RaftClientReply:client-CEF4D3493DC0->4ee04582-2825-4055-a051-0465d62eb5ca@group-78E0FE5F723E, cid=2571, SUCCESS, logIndex=3886, commits[4ee04582-2825-4055-a051-0465d62eb5ca:c3886, 97f5b9f0-d9ef-40b5-ba79-7414923e623f:c3884, 7d686585-d831-45bc-93fc-0a553b604b0e:c3884]
2019-07-08 23:05:06,545 INFO  client.GrpcClientProtocolClient (GrpcClientProtocolClient.java:onNext(255)) - client-CEF4D3493DC0->4ee04582-2825-4055-a051-0465d62eb5ca: receive RaftClientReply:client-CEF4D3493DC0->4ee04582-2825-4055-a051-0465d62eb5ca@group-78E0FE5F723E, cid=2572, SUCCESS, logIndex=3889, commits[4ee04582-2825-4055-a051-0465d62eb5ca:c3890, 97f5b9f0-d9ef-40b5-ba79-7414923e623f:c3888, 7d686585-d831-45bc-93fc-0a553b604b0e:c3888]
2019-07-08 23:05:06,545 INFO  client.GrpcClientProtocolClient (GrpcClientProtocolClient.java:onNext(255)) - client-CEF4D3493DC0->4ee04582-2825-4055-a051-0465d62eb5ca: receive RaftClientReply:client-CEF4D3493DC0->4ee04582-2825-4055-a051-0465d62eb5ca@group-78E0FE5F723E, cid=2573, SUCCESS, logIndex=3890, commits[4ee04582-2825-4055-a051-0465d62eb5ca:c3890, 97f5b9f0-d9ef-40b5-ba79-7414923e623f:c3888, 7d686585-d831-45bc-93fc-0a553b604b0e:c3888]
2019-07-08 23:05:06,550 INFO  client.GrpcClientProtocolClient (GrpcClientProtocolClient.java:onNext(255)) - client-CEF4D3493DC0->4ee04582-2825-4055-a051-0465d62eb5ca: receive RaftClientReply:client-CEF4D3493DC0->4ee04582-2825-4055-a051-0465d62eb5ca@group-78E0FE5F723E, cid=2574, SUCCESS, logIndex=0, commits[4ee04582-2825-4055-a051-0465d62eb5ca:c3892, 97f5b9f0-d9ef-40b5-ba79-7414923e623f:c3890, 7d686585-d831-45bc-93fc-0a553b604b0e:c3890]
2019-07-08 23:05:06,574 INFO  client.GrpcClientProtocolClient (GrpcClientProtocolClient.java:onNext(255)) - client-CEF4D3493DC0->4ee04582-2825-4055-a051-0465d62eb5ca: receive RaftClientReply:client-CEF4D3493DC0->4ee04582-2825-4055-a051-0465d62eb5ca@group-78E0FE5F723E, cid=2575, SUCCESS, logIndex=3893, commits[4ee04582-2825-4055-a051-0465d62eb5ca:c3894, 97f5b9f0-d9ef-40b5-ba79-7414923e623f:c3892, 7d686585-d831-45bc-93fc-0a553b604b0e:c3892]
2019-07-08 23:05:06,575 INFO  client.GrpcClientProtocolClient (GrpcClientProtocolClient.java:onNext(255)) - client-CEF4D3493DC0->4ee04582-2825-4055-a051-0465d62eb5ca: receive RaftClientReply:client-CEF4D3493DC0->4ee04582-2825-4055-a051-0465d62eb5ca@group-78E0FE5F723E, cid=2576, SUCCESS, logIndex=3894, commits[4ee04582-2825-4055-a051-0465d62eb5ca:c3894, 97f5b9f0-d9ef-40b5-ba79-7414923e623f:c3892, 7d686585-d831-45bc-93fc-0a553b604b0e:c3892]
2019-07-08 23:05:06,576 INFO  client.GrpcClientProtocolClient (GrpcClientProtocolClient.java:onNext(255)) - client-CEF4D3493DC0->4ee04582-2825-4055-a051-0465d62eb5ca: receive RaftClientReply:client-CEF4D3493DC0->4ee04582-2825-4055-a051-0465d62eb5ca@group-78E0FE5F723E, cid=2577, SUCCESS, logIndex=3895, commits[4ee04582-2825-4055-a051-0465d62eb5ca:c3896, 97f5b9f0-d9ef-40b5-ba79-7414923e623f:c3892, 7d686585-d831-45bc-93fc-0a553b604b0e:c3892]
2019-07-08 23:05:06,577 INFO  client.GrpcClientProtocolClient (GrpcClientProtocolClient.java:onNext(255)) - client-CEF4D3493DC0->4ee04582-2825-4055-a051-0465d62eb5ca: receive RaftClientReply:client-CEF4D3493DC0->4ee04582-2825-4055-a051-0465d62eb5ca@group-78E0FE5F723E, cid=2578, SUCCESS, logIndex=3896, commits[4ee04582-2825-4055-a051-0465d62eb5ca:c3896, 97f5b9f0-d9ef-40b5-ba79-7414923e623f:c3892, 7d686585-d831-45bc-93fc-0a553b604b0e:c3892]
2019-07-08 23:05:06,578 INFO  client.GrpcClientProtocolClient (GrpcClientProtocolClient.java:onNext(255)) - client-CEF4D3493DC0->4ee04582-2825-4055-a051-0465d62eb5ca: receive RaftClientReply:client-CEF4D3493DC0->4ee04582-2825-4055-a051-0465d62eb5ca@group-78E0FE5F723E, cid=2579, SUCCESS, logIndex=0, commits[4ee04582-2825-4055-a051-0465d62eb5ca:c3898, 97f5b9f0-d9ef-40b5-ba79-7414923e623f:c3894, 7d686585-d831-45bc-93fc-0a553b604b0e:c3894]
2019-07-08 23:05:06,591 INFO  client.GrpcClientProtocolClient (GrpcClientProtocolClient.java:onNext(255)) - client-CEF4D3493DC0->4ee04582-2825-4055-a051-0465d62eb5ca: receive RaftClientReply:client-CEF4D3493DC0->4ee04582-2825-4055-a051-0465d62eb5ca@group-78E0FE5F723E, cid=2580, SUCCESS, logIndex=3901, commits[4ee04582-2825-4055-a051-0465d62eb5ca:c3902, 97f5b9f0-d9ef-40b5-ba79-7414923e623f:c3900, 7d686585-d831-45bc-93fc-0a553b604b0e:c3900]
2019-07-08 23:05:06,591 INFO  client.GrpcClientProtocolClient (GrpcClientProtocolClient.java:onNext(255)) - client-CEF4D3493DC0->4ee04582-2825-4055-a051-0465d62eb5ca: receive RaftClientReply:client-CEF4D3493DC0->4ee04582-2825-4055-a051-0465d62eb5ca@group-78E0FE5F723E, cid=2581, SUCCESS, logIndex=3902, commits[4ee04582-2825-4055-a051-0465d62eb5ca:c3902, 97f5b9f0-d9ef-40b5-ba79-7414923e623f:c3900, 7d686585-d831-45bc-93fc-0a553b604b0e:c3900]
2019-07-08 23:05:06,604 INFO  client.GrpcClientProtocolClient (GrpcClientProtocolClient.java:onNext(255)) - client-CEF4D3493DC0->4ee04582-2825-4055-a051-0465d62eb5ca: receive RaftClientReply:client-CEF4D3493DC0->4ee04582-2825-4055-a051-0465d62eb5ca@group-78E0FE5F723E, cid=2582, SUCCESS, logIndex=3905, commits[4ee04582-2825-4055-a051-0465d62eb5ca:c3906, 97f5b9f0-d9ef-40b5-ba79-7414923e623f:c3904, 7d686585-d831-45bc-93fc-0a553b604b0e:c3902]
2019-07-08 23:05:06,605 INFO  client.GrpcClientProtocolClient (GrpcClientProtocolClient.java:onNext(255)) - client-CEF4D3493DC0->4ee04582-2825-4055-a051-0465d62eb5ca: receive RaftClientReply:client-CEF4D3493DC0->4ee04582-2825-4055-a051-0465d62eb5ca@group-78E0FE5F723E, cid=2583, SUCCESS, logIndex=3906, commits[4ee04582-2825-4055-a051-0465d62eb5ca:c3906, 97f5b9f0-d9ef-40b5-ba79-7414923e623f:c3904, 7d686585-d831-45bc-93fc-0a553b604b0e:c3904]
2019-07-08 23:05:06,608 INFO  client.GrpcClientProtocolClient (GrpcClientProtocolClient.java:onNext(255)) - client-CEF4D3493DC0->4ee04582-2825-4055-a051-0465d62eb5ca: receive RaftClientReply:client-CEF4D3493DC0->4ee04582-2825-4055-a051-0465d62eb5ca@group-78E0FE5F723E, cid=2584, SUCCESS, logIndex=0, commits[4ee04582-2825-4055-a051-0465d62eb5ca:c3907, 97f5b9f0-d9ef-40b5-ba79-7414923e623f:c3906, 7d686585-d831-45bc-93fc-0a553b604b0e:c3906]
2019-07-08 23:05:06,627 INFO  client.GrpcClientProtocolClient (GrpcClientProtocolClient.java:onNext(255)) - client-CEF4D3493DC0->4ee04582-2825-4055-a051-0465d62eb5ca: receive RaftClientReply:client-CEF4D3493DC0->4ee04582-2825-4055-a051-0465d62eb5ca@group-78E0FE5F723E, cid=2585, SUCCESS, logIndex=3909, commits[4ee04582-2825-4055-a051-0465d62eb5ca:c3910, 97f5b9f0-d9ef-40b5-ba79-7414923e623f:c3908, 7d686585-d831-45bc-93fc-0a553b604b0e:c3908]
2019-07-08 23:05:06,628 INFO  client.GrpcClientProtocolClient (GrpcClientProtocolClient.java:onNext(255)) - client-CEF4D3493DC0->4ee04582-2825-4055-a051-0465d62eb5ca: receive RaftClientReply:client-CEF4D3493DC0->4ee04582-2825-4055-a051-0465d62eb5ca@group-78E0FE5F723E, cid=2586, SUCCESS, logIndex=3910, commits[4ee04582-2825-4055-a051-0465d62eb5ca:c3910, 97f5b9f0-d9ef-40b5-ba79-7414923e623f:c3908, 7d686585-d831-45bc-93fc-0a553b604b0e:c3908]
2019-07-08 23:05:06,629 INFO  client.GrpcClientProtocolClient (GrpcClientProtocolClient.java:onNext(255)) - client-CEF4D3493DC0->4ee04582-2825-4055-a051-0465d62eb5ca: receive RaftClientReply:client-CEF4D3493DC0->4ee04582-2825-4055-a051-0465d62eb5ca@group-78E0FE5F723E, cid=2587, SUCCESS, logIndex=3911, commits[4ee04582-2825-4055-a051-0465d62eb5ca:c3912, 97f5b9f0-d9ef-40b5-ba79-7414923e623f:c3909, 7d686585-d831-45bc-93fc-0a553b604b0e:c3908]
2019-07-08 23:05:06,629 INFO  client.GrpcClientProtocolClient (GrpcClientProtocolClient.java:onNext(255)) - client-CEF4D3493DC0->4ee04582-2825-4055-a051-0465d62eb5ca: receive RaftClientReply:client-CEF4D3493DC0->4ee04582-2825-4055-a051-0465d62eb5ca@group-78E0FE5F723E, cid=2588, SUCCESS, logIndex=3912, commits[4ee04582-2825-4055-a051-0465d62eb5ca:c3913, 97f5b9f0-d9ef-40b5-ba79-7414923e623f:c3909, 7d686585-d831-45bc-93fc-0a553b604b0e:c3908]
2019-07-08 23:05:06,632 INFO  client.GrpcClientProtocolClient (GrpcClientProtocolClient.java:onNext(255)) - client-CEF4D3493DC0->4ee04582-2825-4055-a051-0465d62eb5ca: receive RaftClientReply:client-CEF4D3493DC0->4ee04582-2825-4055-a051-0465d62eb5ca@group-78E0FE5F723E, cid=2589, SUCCESS, logIndex=0, commits[4ee04582-2825-4055-a051-0465d62eb5ca:c3914, 97f5b9f0-d9ef-40b5-ba79-7414923e623f:c3910, 7d686585-d831-45bc-93fc-0a553b604b0e:c3910]
2019-07-08 23:05:06,642 INFO  client.GrpcClientProtocolClient (GrpcClientProtocolClient.java:onNext(255)) - client-CEF4D3493DC0->4ee04582-2825-4055-a051-0465d62eb5ca: receive RaftClientReply:client-CEF4D3493DC0->4ee04582-2825-4055-a051-0465d62eb5ca@group-78E0FE5F723E, cid=2590, SUCCESS, logIndex=3917, commits[4ee04582-2825-4055-a051-0465d62eb5ca:c3918, 97f5b9f0-d9ef-40b5-ba79-7414923e623f:c3916, 7d686585-d831-45bc-93fc-0a553b604b0e:c3912]
2019-07-08 23:05:06,642 INFO  client.GrpcClientProtocolClient (GrpcClientProtocolClient.java:onNext(255)) - client-CEF4D3493DC0->4ee04582-2825-4055-a051-0465d62eb5ca: receive RaftClientReply:client-CEF4D3493DC0->4ee04582-2825-4055-a051-0465d62eb5ca@group-78E0FE5F723E, cid=2591, SUCCESS, logIndex=3918, commits[4ee04582-2825-4055-a051-0465d62eb5ca:c3918, 97f5b9f0-d9ef-40b5-ba79-7414923e623f:c3916, 7d686585-d831-45bc-93fc-0a553b604b0e:c3912]
2019-07-08 23:05:06,654 INFO  client.GrpcClientProtocolClient (GrpcClientProtocolClient.java:onNext(255)) - client-CEF4D3493DC0->4ee04582-2825-4055-a051-0465d62eb5ca: receive RaftClientReply:client-CEF4D3493DC0->4ee04582-2825-4055-a051-0465d62eb5ca@group-78E0FE5F723E, cid=2592, SUCCESS, logIndex=3921, commits[4ee04582-2825-4055-a051-0465d62eb5ca:c3922, 97f5b9f0-d9ef-40b5-ba79-7414923e623f:c3918, 7d686585-d831-45bc-93fc-0a553b604b0e:c3920]
2019-07-08 23:05:06,654 INFO  client.GrpcClientProtocolClient (GrpcClientProtocolClient.java:onNext(255)) - client-CEF4D3493DC0->4ee04582-2825-4055-a051-0465d62eb5ca: receive RaftClientReply:client-CEF4D3493DC0->4ee04582-2825-4055-a051-0465d62eb5ca@group-78E0FE5F723E, cid=2593, SUCCESS, logIndex=3922, commits[4ee04582-2825-4055-a051-0465d62eb5ca:c3922, 97f5b9f0-d9ef-40b5-ba79-7414923e623f:c3920, 7d686585-d831-45bc-93fc-0a553b604b0e:c3920]
2019-07-08 23:05:06,658 INFO  client.GrpcClientProtocolClient (GrpcClientProtocolClient.java:onNext(255)) - client-CEF4D3493DC0->4ee04582-2825-4055-a051-0465d62eb5ca: receive RaftClientReply:client-CEF4D3493DC0->4ee04582-2825-4055-a051-0465d62eb5ca@group-78E0FE5F723E, cid=2594, SUCCESS, logIndex=0, commits[4ee04582-2825-4055-a051-0465d62eb5ca:c3924, 97f5b9f0-d9ef-40b5-ba79-7414923e623f:c3922, 7d686585-d831-45bc-93fc-0a553b604b0e:c3922]
2019-07-08 23:05:06,677 INFO  client.GrpcClientProtocolClient (GrpcClientProtocolClient.java:onNext(255)) - client-CEF4D3493DC0->4ee04582-2825-4055-a051-0465d62eb5ca: receive RaftClientReply:client-CEF4D3493DC0->4ee04582-2825-4055-a051-0465d62eb5ca@group-78E0FE5F723E, cid=2595, SUCCESS, logIndex=3925, commits[4ee04582-2825-4055-a051-0465d62eb5ca:c3926, 97f5b9f0-d9ef-40b5-ba79-7414923e623f:c3924, 7d686585-d831-45bc-93fc-0a553b604b0e:c3924]
2019-07-08 23:05:06,678 INFO  client.GrpcClientProtocolClient (GrpcClientProtocolClient.java:onNext(255)) - client-CEF4D3493DC0->4ee04582-2825-4055-a051-0465d62eb5ca: receive RaftClientReply:client-CEF4D3493DC0->4ee04582-2825-4055-a051-0465d62eb5ca@group-78E0FE5F723E, cid=2596, SUCCESS, logIndex=3926, commits[4ee04582-2825-4055-a051-0465d62eb5ca:c3926, 97f5b9f0-d9ef-40b5-ba79-7414923e623f:c3924, 7d686585-d831-45bc-93fc-0a553b604b0e:c3924]
2019-07-08 23:05:06,678 INFO  client.GrpcClientProtocolClient (GrpcClientProtocolClient.java:onNext(255)) - client-CEF4D3493DC0->4ee04582-2825-4055-a051-0465d62eb5ca: receive RaftClientReply:client-CEF4D3493DC0->4ee04582-2825-4055-a051-0465d62eb5ca@group-78E0FE5F723E, cid=2597, SUCCESS, logIndex=3927, commits[4ee04582-2825-4055-a051-0465d62eb5ca:c3928, 97f5b9f0-d9ef-40b5-ba79-7414923e623f:c3924, 7d686585-d831-45bc-93fc-0a553b604b0e:c3924]
2019-07-08 23:05:06,678 INFO  client.GrpcClientProtocolClient (GrpcClientProtocolClient.java:onNext(255)) - client-CEF4D3493DC0->4ee04582-2825-4055-a051-0465d62eb5ca: receive RaftClientReply:client-CEF4D3493DC0->4ee04582-2825-4055-a051-0465d62eb5ca@group-78E0FE5F723E, cid=2598, SUCCESS, logIndex=3928, commits[4ee04582-2825-4055-a051-0465d62eb5ca:c3928, 97f5b9f0-d9ef-40b5-ba79-7414923e623f:c3924, 7d686585-d831-45bc-93fc-0a553b604b0e:c3924]
2019-07-08 23:05:06,682 INFO  client.GrpcClientProtocolClient (GrpcClientProtocolClient.java:onNext(255)) - client-CEF4D3493DC0->4ee04582-2825-4055-a051-0465d62eb5ca: receive RaftClientReply:client-CEF4D3493DC0->4ee04582-2825-4055-a051-0465d62eb5ca@group-78E0FE5F723E, cid=2599, SUCCESS, logIndex=0, commits[4ee04582-2825-4055-a051-0465d62eb5ca:c3930, 97f5b9f0-d9ef-40b5-ba79-7414923e623f:c3926, 7d686585-d831-45bc-93fc-0a553b604b0e:c3926]
2019-07-08 23:05:06,693 INFO  client.GrpcClientProtocolClient (GrpcClientProtocolClient.java:onNext(255)) - client-CEF4D3493DC0->4ee04582-2825-4055-a051-0465d62eb5ca: receive RaftClientReply:client-CEF4D3493DC0->4ee04582-2825-4055-a051-0465d62eb5ca@group-78E0FE5F723E, cid=2600, SUCCESS, logIndex=3933, commits[4ee04582-2825-4055-a051-0465d62eb5ca:c3934, 97f5b9f0-d9ef-40b5-ba79-7414923e623f:c3932, 7d686585-d831-45bc-93fc-0a553b604b0e:c3932]
2019-07-08 23:05:06,694 INFO  client.GrpcClientProtocolClient (GrpcClientProtocolClient.java:onNext(255)) - client-CEF4D3493DC0->4ee04582-2825-4055-a051-0465d62eb5ca: receive RaftClientReply:client-CEF4D3493DC0->4ee04582-2825-4055-a051-0465d62eb5ca@group-78E0FE5F723E, cid=2601, SUCCESS, logIndex=3934, commits[4ee04582-2825-4055-a051-0465d62eb5ca:c3934, 97f5b9f0-d9ef-40b5-ba79-7414923e623f:c3932, 7d686585-d831-45bc-93fc-0a553b604b0e:c3932]
2019-07-08 23:05:06,703 INFO  client.GrpcClientProtocolClient (GrpcClientProtocolClient.java:onNext(255)) - client-CEF4D3493DC0->4ee04582-2825-4055-a051-0465d62eb5ca: receive RaftClientReply:client-CEF4D3493DC0->4ee04582-2825-4055-a051-0465d62eb5ca@group-78E0FE5F723E, cid=2602, SUCCESS, logIndex=3937, commits[4ee04582-2825-4055-a051-0465d62eb5ca:c3938, 97f5b9f0-d9ef-40b5-ba79-7414923e623f:c3934, 7d686585-d831-45bc-93fc-0a553b604b0e:c3936]
2019-07-08 23:05:06,703 INFO  client.GrpcClientProtocolClient (GrpcClientProtocolClient.java:onNext(255)) - client-CEF4D3493DC0->4ee04582-2825-4055-a051-0465d62eb5ca: receive RaftClientReply:client-CEF4D3493DC0->4ee04582-2825-4055-a051-0465d62eb5ca@group-78E0FE5F723E, cid=2603, SUCCESS, logIndex=3938, commits[4ee04582-2825-4055-a051-0465d62eb5ca:c3938, 97f5b9f0-d9ef-40b5-ba79-7414923e623f:c3936, 7d686585-d831-45bc-93fc-0a553b604b0e:c3936]
2019-07-08 23:05:06,706 INFO  client.GrpcClientProtocolClient (GrpcClientProtocolClient.java:onNext(255)) - client-CEF4D3493DC0->4ee04582-2825-4055-a051-0465d62eb5ca: receive RaftClientReply:client-CEF4D3493DC0->4ee04582-2825-4055-a051-0465d62eb5ca@group-78E0FE5F723E, cid=2604, SUCCESS, logIndex=0, commits[4ee04582-2825-4055-a051-0465d62eb5ca:c3939, 97f5b9f0-d9ef-40b5-ba79-7414923e623f:c3938, 7d686585-d831-45bc-93fc-0a553b604b0e:c3938]
2019-07-08 23:05:06,725 INFO  client.GrpcClientProtocolClient (GrpcClientProtocolClient.java:onNext(255)) - client-CEF4D3493DC0->4ee04582-2825-4055-a051-0465d62eb5ca: receive RaftClientReply:client-CEF4D3493DC0->4ee04582-2825-4055-a051-0465d62eb5ca@group-78E0FE5F723E, cid=2605, SUCCESS, logIndex=3941, commits[4ee04582-2825-4055-a051-0465d62eb5ca:c3942, 97f5b9f0-d9ef-40b5-ba79-7414923e623f:c3938, 7d686585-d831-45bc-93fc-0a553b604b0e:c3940]
2019-07-08 23:05:06,725 INFO  client.GrpcClientProtocolClient (GrpcClientProtocolClient.java:onNext(255)) - client-CEF4D3493DC0->4ee04582-2825-4055-a051-0465d62eb5ca: receive RaftClientReply:client-CEF4D3493DC0->4ee04582-2825-4055-a051-0465d62eb5ca@group-78E0FE5F723E, cid=2606, SUCCESS, logIndex=3942, commits[4ee04582-2825-4055-a051-0465d62eb5ca:c3943, 97f5b9f0-d9ef-40b5-ba79-7414923e623f:c3940, 7d686585-d831-45bc-93fc-0a553b604b0e:c3940]
2019-07-08 23:05:06,725 INFO  client.GrpcClientProtocolClient (GrpcClientProtocolClient.java:onNext(255)) - client-CEF4D3493DC0->4ee04582-2825-4055-a051-0465d62eb5ca: receive RaftClientReply:client-CEF4D3493DC0->4ee04582-2825-4055-a051-0465d62eb5ca@group-78E0FE5F723E, cid=2607, SUCCESS, logIndex=3943, commits[4ee04582-2825-4055-a051-0465d62eb5ca:c3944, 97f5b9f0-d9ef-40b5-ba79-7414923e623f:c3940, 7d686585-d831-45bc-93fc-0a553b604b0e:c3940]
2019-07-08 23:05:06,726 INFO  client.GrpcClientProtocolClient (GrpcClientProtocolClient.java:onNext(255)) - client-CEF4D3493DC0->4ee04582-2825-4055-a051-0465d62eb5ca: receive RaftClientReply:client-CEF4D3493DC0->4ee04582-2825-4055-a051-0465d62eb5ca@group-78E0FE5F723E, cid=2608, SUCCESS, logIndex=3944, commits[4ee04582-2825-4055-a051-0465d62eb5ca:c3944, 97f5b9f0-d9ef-40b5-ba79-7414923e623f:c3940, 7d686585-d831-45bc-93fc-0a553b604b0e:c3940]
2019-07-08 23:05:06,728 INFO  client.GrpcClientProtocolClient (GrpcClientProtocolClient.java:onNext(255)) - client-CEF4D3493DC0->4ee04582-2825-4055-a051-0465d62eb5ca: receive RaftClientReply:client-CEF4D3493DC0->4ee04582-2825-4055-a051-0465d62eb5ca@group-78E0FE5F723E, cid=2609, SUCCESS, logIndex=0, commits[4ee04582-2825-4055-a051-0465d62eb5ca:c3946, 97f5b9f0-d9ef-40b5-ba79-7414923e623f:c3942, 7d686585-d831-45bc-93fc-0a553b604b0e:c3942]
2019-07-08 23:05:06,739 INFO  client.GrpcClientProtocolClient (GrpcClientProtocolClient.java:onNext(255)) - client-CEF4D3493DC0->4ee04582-2825-4055-a051-0465d62eb5ca: receive RaftClientReply:client-CEF4D3493DC0->4ee04582-2825-4055-a051-0465d62eb5ca@group-78E0FE5F723E, cid=2610, SUCCESS, logIndex=3949, commits[4ee04582-2825-4055-a051-0465d62eb5ca:c3950, 97f5b9f0-d9ef-40b5-ba79-7414923e623f:c3948, 7d686585-d831-45bc-93fc-0a553b604b0e:c3944]
2019-07-08 23:05:06,739 INFO  client.GrpcClientProtocolClient (GrpcClientProtocolClient.java:onNext(255)) - client-CEF4D3493DC0->4ee04582-2825-4055-a051-0465d62eb5ca: receive RaftClientReply:client-CEF4D3493DC0->4ee04582-2825-4055-a051-0465d62eb5ca@group-78E0FE5F723E, cid=2611, SUCCESS, logIndex=3950, commits[4ee04582-2825-4055-a051-0465d62eb5ca:c3950, 97f5b9f0-d9ef-40b5-ba79-7414923e623f:c3948, 7d686585-d831-45bc-93fc-0a553b604b0e:c3948]
2019-07-08 23:05:06,758 INFO  client.GrpcClientProtocolClient (GrpcClientProtocolClient.java:onNext(255)) - client-CEF4D3493DC0->4ee04582-2825-4055-a051-0465d62eb5ca: receive RaftClientReply:client-CEF4D3493DC0->4ee04582-2825-4055-a051-0465d62eb5ca@group-78E0FE5F723E, cid=2612, SUCCESS, logIndex=3953, commits[4ee04582-2825-4055-a051-0465d62eb5ca:c3954, 97f5b9f0-d9ef-40b5-ba79-7414923e623f:c3952, 7d686585-d831-45bc-93fc-0a553b604b0e:c3952]
2019-07-08 23:05:06,758 INFO  client.GrpcClientProtocolClient (GrpcClientProtocolClient.java:onNext(255)) - client-CEF4D3493DC0->4ee04582-2825-4055-a051-0465d62eb5ca: receive RaftClientReply:client-CEF4D3493DC0->4ee04582-2825-4055-a051-0465d62eb5ca@group-78E0FE5F723E, cid=2613, SUCCESS, logIndex=3954, commits[4ee04582-2825-4055-a051-0465d62eb5ca:c3954, 97f5b9f0-d9ef-40b5-ba79-7414923e623f:c3952, 7d686585-d831-45bc-93fc-0a553b604b0e:c3952]
2019-07-08 23:05:06,760 INFO  client.GrpcClientProtocolClient (GrpcClientProtocolClient.java:onNext(255)) - client-CEF4D3493DC0->4ee04582-2825-4055-a051-0465d62eb5ca: receive RaftClientReply:client-CEF4D3493DC0->4ee04582-2825-4055-a051-0465d62eb5ca@group-78E0FE5F723E, cid=2614, SUCCESS, logIndex=0, commits[4ee04582-2825-4055-a051-0465d62eb5ca:c3956, 97f5b9f0-d9ef-40b5-ba79-7414923e623f:c3954, 7d686585-d831-45bc-93fc-0a553b604b0e:c3954]
2019-07-08 23:05:06,779 INFO  client.GrpcClientProtocolClient (GrpcClientProtocolClient.java:onNext(255)) - client-CEF4D3493DC0->4ee04582-2825-4055-a051-0465d62eb5ca: receive RaftClientReply:client-CEF4D3493DC0->4ee04582-2825-4055-a051-0465d62eb5ca@group-78E0FE5F723E, cid=2615, SUCCESS, logIndex=3957, commits[4ee04582-2825-4055-a051-0465d62eb5ca:c3958, 97f5b9f0-d9ef-40b5-ba79-7414923e623f:c3956, 7d686585-d831-45bc-93fc-0a553b604b0e:c3956]
2019-07-08 23:05:06,780 INFO  client.GrpcClientProtocolClient (GrpcClientProtocolClient.java:onNext(255)) - client-CEF4D3493DC0->4ee04582-2825-4055-a051-0465d62eb5ca: receive RaftClientReply:client-CEF4D3493DC0->4ee04582-2825-4055-a051-0465d62eb5ca@group-78E0FE5F723E, cid=2616, SUCCESS, logIndex=3958, commits[4ee04582-2825-4055-a051-0465d62eb5ca:c3958, 97f5b9f0-d9ef-40b5-ba79-7414923e623f:c3956, 7d686585-d831-45bc-93fc-0a553b604b0e:c3956]
2019-07-08 23:05:06,781 INFO  client.GrpcClientProtocolClient (GrpcClientProtocolClient.java:onNext(255)) - client-CEF4D3493DC0->4ee04582-2825-4055-a051-0465d62eb5ca: receive RaftClientReply:client-CEF4D3493DC0->4ee04582-2825-4055-a051-0465d62eb5ca@group-78E0FE5F723E, cid=2617, SUCCESS, logIndex=3959, commits[4ee04582-2825-4055-a051-0465d62eb5ca:c3960, 97f5b9f0-d9ef-40b5-ba79-7414923e623f:c3956, 7d686585-d831-45bc-93fc-0a553b604b0e:c3956]
2019-07-08 23:05:06,781 INFO  client.GrpcClientProtocolClient (GrpcClientProtocolClient.java:onNext(255)) - client-CEF4D3493DC0->4ee04582-2825-4055-a051-0465d62eb5ca: receive RaftClientReply:client-CEF4D3493DC0->4ee04582-2825-4055-a051-0465d62eb5ca@group-78E0FE5F723E, cid=2618, SUCCESS, logIndex=3960, commits[4ee04582-2825-4055-a051-0465d62eb5ca:c3960, 97f5b9f0-d9ef-40b5-ba79-7414923e623f:c3956, 7d686585-d831-45bc-93fc-0a553b604b0e:c3956]
2019-07-08 23:05:06,786 INFO  client.GrpcClientProtocolClient (GrpcClientProtocolClient.java:onNext(255)) - client-CEF4D3493DC0->4ee04582-2825-4055-a051-0465d62eb5ca: receive RaftClientReply:client-CEF4D3493DC0->4ee04582-2825-4055-a051-0465d62eb5ca@group-78E0FE5F723E, cid=2619, SUCCESS, logIndex=0, commits[4ee04582-2825-4055-a051-0465d62eb5ca:c3962, 97f5b9f0-d9ef-40b5-ba79-7414923e623f:c3958, 7d686585-d831-45bc-93fc-0a553b604b0e:c3958]
2019-07-08 23:05:06,796 INFO  client.GrpcClientProtocolClient (GrpcClientProtocolClient.java:onNext(255)) - client-CEF4D3493DC0->4ee04582-2825-4055-a051-0465d62eb5ca: receive RaftClientReply:client-CEF4D3493DC0->4ee04582-2825-4055-a051-0465d62eb5ca@group-78E0FE5F723E, cid=2620, SUCCESS, logIndex=3965, commits[4ee04582-2825-4055-a051-0465d62eb5ca:c3966, 97f5b9f0-d9ef-40b5-ba79-7414923e623f:c3964, 7d686585-d831-45bc-93fc-0a553b604b0e:c3960]
2019-07-08 23:05:06,796 INFO  client.GrpcClientProtocolClient (GrpcClientProtocolClient.java:onNext(255)) - client-CEF4D3493DC0->4ee04582-2825-4055-a051-0465d62eb5ca: receive RaftClientReply:client-CEF4D3493DC0->4ee04582-2825-4055-a051-0465d62eb5ca@group-78E0FE5F723E, cid=2621, SUCCESS, logIndex=3966, commits[4ee04582-2825-4055-a051-0465d62eb5ca:c3966, 97f5b9f0-d9ef-40b5-ba79-7414923e623f:c3964, 7d686585-d831-45bc-93fc-0a553b604b0e:c3964]
2019-07-08 23:05:06,806 INFO  client.GrpcClientProtocolClient (GrpcClientProtocolClient.java:onNext(255)) - client-CEF4D3493DC0->4ee04582-2825-4055-a051-0465d62eb5ca: receive RaftClientReply:client-CEF4D3493DC0->4ee04582-2825-4055-a051-0465d62eb5ca@group-78E0FE5F723E, cid=2622, SUCCESS, logIndex=3969, commits[4ee04582-2825-4055-a051-0465d62eb5ca:c3970, 97f5b9f0-d9ef-40b5-ba79-7414923e623f:c3968, 7d686585-d831-45bc-93fc-0a553b604b0e:c3966]
2019-07-08 23:05:06,807 INFO  client.GrpcClientProtocolClient (GrpcClientProtocolClient.java:onNext(255)) - client-CEF4D3493DC0->4ee04582-2825-4055-a051-0465d62eb5ca: receive RaftClientReply:client-CEF4D3493DC0->4ee04582-2825-4055-a051-0465d62eb5ca@group-78E0FE5F723E, cid=2623, SUCCESS, logIndex=3970, commits[4ee04582-2825-4055-a051-0465d62eb5ca:c3970, 97f5b9f0-d9ef-40b5-ba79-7414923e623f:c3968, 7d686585-d831-45bc-93fc-0a553b604b0e:c3968]
2019-07-08 23:05:06,809 INFO  client.GrpcClientProtocolClient (GrpcClientProtocolClient.java:onNext(255)) - client-CEF4D3493DC0->4ee04582-2825-4055-a051-0465d62eb5ca: receive RaftClientReply:client-CEF4D3493DC0->4ee04582-2825-4055-a051-0465d62eb5ca@group-78E0FE5F723E, cid=2624, SUCCESS, logIndex=0, commits[4ee04582-2825-4055-a051-0465d62eb5ca:c3971, 97f5b9f0-d9ef-40b5-ba79-7414923e623f:c3970, 7d686585-d831-45bc-93fc-0a553b604b0e:c3970]
2019-07-08 23:05:06,828 INFO  client.GrpcClientProtocolClient (GrpcClientProtocolClient.java:onNext(255)) - client-CEF4D3493DC0->4ee04582-2825-4055-a051-0465d62eb5ca: receive RaftClientReply:client-CEF4D3493DC0->4ee04582-2825-4055-a051-0465d62eb5ca@group-78E0FE5F723E, cid=2625, SUCCESS, logIndex=3973, commits[4ee04582-2825-4055-a051-0465d62eb5ca:c3976, 97f5b9f0-d9ef-40b5-ba79-7414923e623f:c3972, 7d686585-d831-45bc-93fc-0a553b604b0e:c3972]
2019-07-08 23:05:06,828 INFO  client.GrpcClientProtocolClient (GrpcClientProtocolClient.java:onNext(255)) - client-CEF4D3493DC0->4ee04582-2825-4055-a051-0465d62eb5ca: receive RaftClientReply:client-CEF4D3493DC0->4ee04582-2825-4055-a051-0465d62eb5ca@group-78E0FE5F723E, cid=2626, SUCCESS, logIndex=3974, commits[4ee04582-2825-4055-a051-0465d62eb5ca:c3976, 97f5b9f0-d9ef-40b5-ba79-7414923e623f:c3972, 7d686585-d831-45bc-93fc-0a553b604b0e:c3972]
2019-07-08 23:05:06,829 INFO  client.GrpcClientProtocolClient (GrpcClientProtocolClient.java:onNext(255)) - client-CEF4D3493DC0->4ee04582-2825-4055-a051-0465d62eb5ca: receive RaftClientReply:client-CEF4D3493DC0->4ee04582-2825-4055-a051-0465d62eb5ca@group-78E0FE5F723E, cid=2627, SUCCESS, logIndex=3975, commits[4ee04582-2825-4055-a051-0465d62eb5ca:c3976, 97f5b9f0-d9ef-40b5-ba79-7414923e623f:c3972, 7d686585-d831-45bc-93fc-0a553b604b0e:c3972]
2019-07-08 23:05:06,829 INFO  client.GrpcClientProtocolClient (GrpcClientProtocolClient.java:onNext(255)) - client-CEF4D3493DC0->4ee04582-2825-4055-a051-0465d62eb5ca: receive RaftClientReply:client-CEF4D3493DC0->4ee04582-2825-4055-a051-0465d62eb5ca@group-78E0FE5F723E, cid=2628, SUCCESS, logIndex=3976, commits[4ee04582-2825-4055-a051-0465d62eb5ca:c3976, 97f5b9f0-d9ef-40b5-ba79-7414923e623f:c3972, 7d686585-d831-45bc-93fc-0a553b604b0e:c3972]
2019-07-08 23:05:06,831 INFO  client.GrpcClientProtocolClient (GrpcClientProtocolClient.java:onNext(255)) - client-CEF4D3493DC0->4ee04582-2825-4055-a051-0465d62eb5ca: receive RaftClientReply:client-CEF4D3493DC0->4ee04582-2825-4055-a051-0465d62eb5ca@group-78E0FE5F723E, cid=2629, SUCCESS, logIndex=0, commits[4ee04582-2825-4055-a051-0465d62eb5ca:c3977, 97f5b9f0-d9ef-40b5-ba79-7414923e623f:c3975, 7d686585-d831-45bc-93fc-0a553b604b0e:c3976]
2019-07-08 23:05:06,840 INFO  client.GrpcClientProtocolClient (GrpcClientProtocolClient.java:onNext(255)) - client-CEF4D3493DC0->4ee04582-2825-4055-a051-0465d62eb5ca: receive RaftClientReply:client-CEF4D3493DC0->4ee04582-2825-4055-a051-0465d62eb5ca@group-78E0FE5F723E, cid=2630, SUCCESS, logIndex=3980, commits[4ee04582-2825-4055-a051-0465d62eb5ca:c3981, 97f5b9f0-d9ef-40b5-ba79-7414923e623f:c3979, 7d686585-d831-45bc-93fc-0a553b604b0e:c3976]
2019-07-08 23:05:06,840 INFO  client.GrpcClientProtocolClient (GrpcClientProtocolClient.java:onNext(255)) - client-CEF4D3493DC0->4ee04582-2825-4055-a051-0465d62eb5ca: receive RaftClientReply:client-CEF4D3493DC0->4ee04582-2825-4055-a051-0465d62eb5ca@group-78E0FE5F723E, cid=2631, SUCCESS, logIndex=3981, commits[4ee04582-2825-4055-a051-0465d62eb5ca:c3981, 97f5b9f0-d9ef-40b5-ba79-7414923e623f:c3979, 7d686585-d831-45bc-93fc-0a553b604b0e:c3976]
2019-07-08 23:05:06,851 INFO  client.GrpcClientProtocolClient (GrpcClientProtocolClient.java:onNext(255)) - client-CEF4D3493DC0->4ee04582-2825-4055-a051-0465d62eb5ca: receive RaftClientReply:client-CEF4D3493DC0->4ee04582-2825-4055-a051-0465d62eb5ca@group-78E0FE5F723E, cid=2632, SUCCESS, logIndex=3984, commits[4ee04582-2825-4055-a051-0465d62eb5ca:c3985, 97f5b9f0-d9ef-40b5-ba79-7414923e623f:c3983, 7d686585-d831-45bc-93fc-0a553b604b0e:c3981]
2019-07-08 23:05:06,851 INFO  client.GrpcClientProtocolClient (GrpcClientProtocolClient.java:onNext(255)) - client-CEF4D3493DC0->4ee04582-2825-4055-a051-0465d62eb5ca: receive RaftClientReply:client-CEF4D3493DC0->4ee04582-2825-4055-a051-0465d62eb5ca@group-78E0FE5F723E, cid=2633, SUCCESS, logIndex=3985, commits[4ee04582-2825-4055-a051-0465d62eb5ca:c3985, 97f5b9f0-d9ef-40b5-ba79-7414923e623f:c3983, 7d686585-d831-45bc-93fc-0a553b604b0e:c3983]
2019-07-08 23:05:06,853 INFO  client.GrpcClientProtocolClient (GrpcClientProtocolClient.java:onNext(255)) - client-CEF4D3493DC0->4ee04582-2825-4055-a051-0465d62eb5ca: receive RaftClientReply:client-CEF4D3493DC0->4ee04582-2825-4055-a051-0465d62eb5ca@group-78E0FE5F723E, cid=2634, SUCCESS, logIndex=0, commits[4ee04582-2825-4055-a051-0465d62eb5ca:c3986, 97f5b9f0-d9ef-40b5-ba79-7414923e623f:c3985, 7d686585-d831-45bc-93fc-0a553b604b0e:c3985]
2019-07-08 23:05:06,872 INFO  client.GrpcClientProtocolClient (GrpcClientProtocolClient.java:onNext(255)) - client-CEF4D3493DC0->4ee04582-2825-4055-a051-0465d62eb5ca: receive RaftClientReply:client-CEF4D3493DC0->4ee04582-2825-4055-a051-0465d62eb5ca@group-78E0FE5F723E, cid=2635, SUCCESS, logIndex=3988, commits[4ee04582-2825-4055-a051-0465d62eb5ca:c3989, 97f5b9f0-d9ef-40b5-ba79-7414923e623f:c3987, 7d686585-d831-45bc-93fc-0a553b604b0e:c3985]
2019-07-08 23:05:06,872 INFO  client.GrpcClientProtocolClient (GrpcClientProtocolClient.java:onNext(255)) - client-CEF4D3493DC0->4ee04582-2825-4055-a051-0465d62eb5ca: receive RaftClientReply:client-CEF4D3493DC0->4ee04582-2825-4055-a051-0465d62eb5ca@group-78E0FE5F723E, cid=2636, SUCCESS, logIndex=3989, commits[4ee04582-2825-4055-a051-0465d62eb5ca:c3989, 97f5b9f0-d9ef-40b5-ba79-7414923e623f:c3987, 7d686585-d831-45bc-93fc-0a553b604b0e:c3985]
2019-07-08 23:05:06,875 INFO  client.GrpcClientProtocolClient (GrpcClientProtocolClient.java:onNext(255)) - client-CEF4D3493DC0->4ee04582-2825-4055-a051-0465d62eb5ca: receive RaftClientReply:client-CEF4D3493DC0->4ee04582-2825-4055-a051-0465d62eb5ca@group-78E0FE5F723E, cid=2637, SUCCESS, logIndex=3990, commits[4ee04582-2825-4055-a051-0465d62eb5ca:c3993, 97f5b9f0-d9ef-40b5-ba79-7414923e623f:c3989, 7d686585-d831-45bc-93fc-0a553b604b0e:c3987]
2019-07-08 23:05:06,875 INFO  client.GrpcClientProtocolClient (GrpcClientProtocolClient.java:onNext(255)) - client-CEF4D3493DC0->4ee04582-2825-4055-a051-0465d62eb5ca: receive RaftClientReply:client-CEF4D3493DC0->4ee04582-2825-4055-a051-0465d62eb5ca@group-78E0FE5F723E, cid=2638, SUCCESS, logIndex=3991, commits[4ee04582-2825-4055-a051-0465d62eb5ca:c3993, 97f5b9f0-d9ef-40b5-ba79-7414923e623f:c3989, 7d686585-d831-45bc-93fc-0a553b604b0e:c3987]
2019-07-08 23:05:06,876 INFO  client.GrpcClientProtocolClient (GrpcClientProtocolClient.java:onNext(255)) - client-CEF4D3493DC0->4ee04582-2825-4055-a051-0465d62eb5ca: receive RaftClientReply:client-CEF4D3493DC0->4ee04582-2825-4055-a051-0465d62eb5ca@group-78E0FE5F723E, cid=2639, SUCCESS, logIndex=0, commits[4ee04582-2825-4055-a051-0465d62eb5ca:c3993, 97f5b9f0-d9ef-40b5-ba79-7414923e623f:c3989, 7d686585-d831-45bc-93fc-0a553b604b0e:c3989]
 0.00% |█                                                                                                    |  0/1 Time: 0:00:162019-07-08 23:05:06,891 INFO  client.GrpcClientProtocolClient (GrpcClientProtocolClient.java:onNext(255)) - client-CEF4D3493DC0->4ee04582-2825-4055-a051-0465d62eb5ca: receive RaftClientReply:client-CEF4D3493DC0->4ee04582-2825-4055-a051-0465d62eb5ca@group-78E0FE5F723E, cid=2640, SUCCESS, logIndex=3996, commits[4ee04582-2825-4055-a051-0465d62eb5ca:c3997, 97f5b9f0-d9ef-40b5-ba79-7414923e623f:c3995, 7d686585-d831-45bc-93fc-0a553b604b0e:c3995]
2019-07-08 23:05:06,891 INFO  client.GrpcClientProtocolClient (GrpcClientProtocolClient.java:onNext(255)) - client-CEF4D3493DC0->4ee04582-2825-4055-a051-0465d62eb5ca: receive RaftClientReply:client-CEF4D3493DC0->4ee04582-2825-4055-a051-0465d62eb5ca@group-78E0FE5F723E, cid=2641, SUCCESS, logIndex=3997, commits[4ee04582-2825-4055-a051-0465d62eb5ca:c3997, 97f5b9f0-d9ef-40b5-ba79-7414923e623f:c3995, 7d686585-d831-45bc-93fc-0a553b604b0e:c3995]
2019-07-08 23:05:06,900 INFO  client.GrpcClientProtocolClient (GrpcClientProtocolClient.java:onNext(255)) - client-CEF4D3493DC0->4ee04582-2825-4055-a051-0465d62eb5ca: receive RaftClientReply:client-CEF4D3493DC0->4ee04582-2825-4055-a051-0465d62eb5ca@group-78E0FE5F723E, cid=2642, SUCCESS, logIndex=4000, commits[4ee04582-2825-4055-a051-0465d62eb5ca:c4001, 97f5b9f0-d9ef-40b5-ba79-7414923e623f:c3999, 7d686585-d831-45bc-93fc-0a553b604b0e:c3997]
2019-07-08 23:05:06,901 INFO  client.GrpcClientProtocolClient (GrpcClientProtocolClient.java:onNext(255)) - client-CEF4D3493DC0->4ee04582-2825-4055-a051-0465d62eb5ca: receive RaftClientReply:client-CEF4D3493DC0->4ee04582-2825-4055-a051-0465d62eb5ca@group-78E0FE5F723E, cid=2643, SUCCESS, logIndex=4001, commits[4ee04582-2825-4055-a051-0465d62eb5ca:c4001, 97f5b9f0-d9ef-40b5-ba79-7414923e623f:c3999, 7d686585-d831-45bc-93fc-0a553b604b0e:c3997]
2019-07-08 23:05:06,905 INFO  client.GrpcClientProtocolClient (GrpcClientProtocolClient.java:onNext(255)) - client-CEF4D3493DC0->4ee04582-2825-4055-a051-0465d62eb5ca: receive RaftClientReply:client-CEF4D3493DC0->4ee04582-2825-4055-a051-0465d62eb5ca@group-78E0FE5F723E, cid=2644, SUCCESS, logIndex=0, commits[4ee04582-2825-4055-a051-0465d62eb5ca:c4002, 97f5b9f0-d9ef-40b5-ba79-7414923e623f:c4001, 7d686585-d831-45bc-93fc-0a553b604b0e:c4001]
2019-07-08 23:05:06,924 INFO  client.GrpcClientProtocolClient (GrpcClientProtocolClient.java:onNext(255)) - client-CEF4D3493DC0->4ee04582-2825-4055-a051-0465d62eb5ca: receive RaftClientReply:client-CEF4D3493DC0->4ee04582-2825-4055-a051-0465d62eb5ca@group-78E0FE5F723E, cid=2645, SUCCESS, logIndex=4004, commits[4ee04582-2825-4055-a051-0465d62eb5ca:c4005, 97f5b9f0-d9ef-40b5-ba79-7414923e623f:c4003, 7d686585-d831-45bc-93fc-0a553b604b0e:c4001]
2019-07-08 23:05:06,925 INFO  client.GrpcClientProtocolClient (GrpcClientProtocolClient.java:onNext(255)) - client-CEF4D3493DC0->4ee04582-2825-4055-a051-0465d62eb5ca: receive RaftClientReply:client-CEF4D3493DC0->4ee04582-2825-4055-a051-0465d62eb5ca@group-78E0FE5F723E, cid=2646, SUCCESS, logIndex=4005, commits[4ee04582-2825-4055-a051-0465d62eb5ca:c4005, 97f5b9f0-d9ef-40b5-ba79-7414923e623f:c4003, 7d686585-d831-45bc-93fc-0a553b604b0e:c4001]
2019-07-08 23:05:06,926 INFO  client.GrpcClientProtocolClient (GrpcClientProtocolClient.java:onNext(255)) - client-CEF4D3493DC0->4ee04582-2825-4055-a051-0465d62eb5ca: receive RaftClientReply:client-CEF4D3493DC0->4ee04582-2825-4055-a051-0465d62eb5ca@group-78E0FE5F723E, cid=2647, SUCCESS, logIndex=4006, commits[4ee04582-2825-4055-a051-0465d62eb5ca:c4006, 97f5b9f0-d9ef-40b5-ba79-7414923e623f:c4003, 7d686585-d831-45bc-93fc-0a553b604b0e:c4003]
2019-07-08 23:05:06,927 INFO  client.GrpcClientProtocolClient (GrpcClientProtocolClient.java:onNext(255)) - client-CEF4D3493DC0->4ee04582-2825-4055-a051-0465d62eb5ca: receive RaftClientReply:client-CEF4D3493DC0->4ee04582-2825-4055-a051-0465d62eb5ca@group-78E0FE5F723E, cid=2648, SUCCESS, logIndex=4007, commits[4ee04582-2825-4055-a051-0465d62eb5ca:c4009, 97f5b9f0-d9ef-40b5-ba79-7414923e623f:c4005, 7d686585-d831-45bc-93fc-0a553b604b0e:c4003]
2019-07-08 23:05:06,928 INFO  client.GrpcClientProtocolClient (GrpcClientProtocolClient.java:onNext(255)) - client-CEF4D3493DC0->4ee04582-2825-4055-a051-0465d62eb5ca: receive RaftClientReply:client-CEF4D3493DC0->4ee04582-2825-4055-a051-0465d62eb5ca@group-78E0FE5F723E, cid=2649, SUCCESS, logIndex=0, commits[4ee04582-2825-4055-a051-0465d62eb5ca:c4009, 97f5b9f0-d9ef-40b5-ba79-7414923e623f:c4005, 7d686585-d831-45bc-93fc-0a553b604b0e:c4005]
2019-07-08 23:05:06,938 INFO  client.GrpcClientProtocolClient (GrpcClientProtocolClient.java:onNext(255)) - client-CEF4D3493DC0->4ee04582-2825-4055-a051-0465d62eb5ca: receive RaftClientReply:client-CEF4D3493DC0->4ee04582-2825-4055-a051-0465d62eb5ca@group-78E0FE5F723E, cid=2650, SUCCESS, logIndex=4011, commits[4ee04582-2825-4055-a051-0465d62eb5ca:c4012, 97f5b9f0-d9ef-40b5-ba79-7414923e623f:c4010, 7d686585-d831-45bc-93fc-0a553b604b0e:c4010]
2019-07-08 23:05:06,938 INFO  client.GrpcClientProtocolClient (GrpcClientProtocolClient.java:onNext(255)) - client-CEF4D3493DC0->4ee04582-2825-4055-a051-0465d62eb5ca: receive RaftClientReply:client-CEF4D3493DC0->4ee04582-2825-4055-a051-0465d62eb5ca@group-78E0FE5F723E, cid=2651, SUCCESS, logIndex=4012, commits[4ee04582-2825-4055-a051-0465d62eb5ca:c4012, 97f5b9f0-d9ef-40b5-ba79-7414923e623f:c4010, 7d686585-d831-45bc-93fc-0a553b604b0e:c4010]
2019-07-08 23:05:06,948 INFO  client.GrpcClientProtocolClient (GrpcClientProtocolClient.java:onNext(255)) - client-CEF4D3493DC0->4ee04582-2825-4055-a051-0465d62eb5ca: receive RaftClientReply:client-CEF4D3493DC0->4ee04582-2825-4055-a051-0465d62eb5ca@group-78E0FE5F723E, cid=2652, SUCCESS, logIndex=4015, commits[4ee04582-2825-4055-a051-0465d62eb5ca:c4016, 97f5b9f0-d9ef-40b5-ba79-7414923e623f:c4013, 7d686585-d831-45bc-93fc-0a553b604b0e:c4012]
2019-07-08 23:05:06,948 INFO  client.GrpcClientProtocolClient (GrpcClientProtocolClient.java:onNext(255)) - client-CEF4D3493DC0->4ee04582-2825-4055-a051-0465d62eb5ca: receive RaftClientReply:client-CEF4D3493DC0->4ee04582-2825-4055-a051-0465d62eb5ca@group-78E0FE5F723E, cid=2653, SUCCESS, logIndex=4016, commits[4ee04582-2825-4055-a051-0465d62eb5ca:c4016, 97f5b9f0-d9ef-40b5-ba79-7414923e623f:c4013, 7d686585-d831-45bc-93fc-0a553b604b0e:c4013]
2019-07-08 23:05:06,953 INFO  client.GrpcClientProtocolClient (GrpcClientProtocolClient.java:onNext(255)) - client-CEF4D3493DC0->4ee04582-2825-4055-a051-0465d62eb5ca: receive RaftClientReply:client-CEF4D3493DC0->4ee04582-2825-4055-a051-0465d62eb5ca@group-78E0FE5F723E, cid=2654, SUCCESS, logIndex=0, commits[4ee04582-2825-4055-a051-0465d62eb5ca:c4018, 97f5b9f0-d9ef-40b5-ba79-7414923e623f:c4016, 7d686585-d831-45bc-93fc-0a553b604b0e:c4016]
2019-07-08 23:05:07,090 INFO  client.GrpcClientProtocolClient (GrpcClientProtocolClient.java:onNext(255)) - client-CEF4D3493DC0->4ee04582-2825-4055-a051-0465d62eb5ca: receive RaftClientReply:client-CEF4D3493DC0->4ee04582-2825-4055-a051-0465d62eb5ca@group-78E0FE5F723E, cid=2655, SUCCESS, logIndex=4019, commits[4ee04582-2825-4055-a051-0465d62eb5ca:c4020, 97f5b9f0-d9ef-40b5-ba79-7414923e623f:c4018, 7d686585-d831-45bc-93fc-0a553b604b0e:c4016]
2019-07-08 23:05:07,090 INFO  client.GrpcClientProtocolClient (GrpcClientProtocolClient.java:onNext(255)) - client-CEF4D3493DC0->4ee04582-2825-4055-a051-0465d62eb5ca: receive RaftClientReply:client-CEF4D3493DC0->4ee04582-2825-4055-a051-0465d62eb5ca@group-78E0FE5F723E, cid=2656, SUCCESS, logIndex=4020, commits[4ee04582-2825-4055-a051-0465d62eb5ca:c4020, 97f5b9f0-d9ef-40b5-ba79-7414923e623f:c4018, 7d686585-d831-45bc-93fc-0a553b604b0e:c4016]
2019-07-08 23:05:07,092 INFO  client.GrpcClientProtocolClient (GrpcClientProtocolClient.java:onNext(255)) - client-CEF4D3493DC0->4ee04582-2825-4055-a051-0465d62eb5ca: receive RaftClientReply:client-CEF4D3493DC0->4ee04582-2825-4055-a051-0465d62eb5ca@group-78E0FE5F723E, cid=2657, SUCCESS, logIndex=4021, commits[4ee04582-2825-4055-a051-0465d62eb5ca:c4023, 97f5b9f0-d9ef-40b5-ba79-7414923e623f:c4018, 7d686585-d831-45bc-93fc-0a553b604b0e:c4020]
2019-07-08 23:05:07,093 INFO  client.GrpcClientProtocolClient (GrpcClientProtocolClient.java:onNext(255)) - client-CEF4D3493DC0->4ee04582-2825-4055-a051-0465d62eb5ca: receive RaftClientReply:client-CEF4D3493DC0->4ee04582-2825-4055-a051-0465d62eb5ca@group-78E0FE5F723E, cid=2658, SUCCESS, logIndex=4022, commits[4ee04582-2825-4055-a051-0465d62eb5ca:c4024, 97f5b9f0-d9ef-40b5-ba79-7414923e623f:c4018, 7d686585-d831-45bc-93fc-0a553b604b0e:c4020]
2019-07-08 23:05:07,094 INFO  client.GrpcClientProtocolClient (GrpcClientProtocolClient.java:onNext(255)) - client-CEF4D3493DC0->4ee04582-2825-4055-a051-0465d62eb5ca: receive RaftClientReply:client-CEF4D3493DC0->4ee04582-2825-4055-a051-0465d62eb5ca@group-78E0FE5F723E, cid=2659, SUCCESS, logIndex=0, commits[4ee04582-2825-4055-a051-0465d62eb5ca:c4024, 97f5b9f0-d9ef-40b5-ba79-7414923e623f:c4020, 7d686585-d831-45bc-93fc-0a553b604b0e:c4020]
2019-07-08 23:05:07,108 INFO  client.GrpcClientProtocolClient (GrpcClientProtocolClient.java:onNext(255)) - client-CEF4D3493DC0->4ee04582-2825-4055-a051-0465d62eb5ca: receive RaftClientReply:client-CEF4D3493DC0->4ee04582-2825-4055-a051-0465d62eb5ca@group-78E0FE5F723E, cid=2660, SUCCESS, logIndex=4027, commits[4ee04582-2825-4055-a051-0465d62eb5ca:c4028, 97f5b9f0-d9ef-40b5-ba79-7414923e623f:c4026, 7d686585-d831-45bc-93fc-0a553b604b0e:c4026]
2019-07-08 23:05:07,109 INFO  client.GrpcClientProtocolClient (GrpcClientProtocolClient.java:onNext(255)) - client-CEF4D3493DC0->4ee04582-2825-4055-a051-0465d62eb5ca: receive RaftClientReply:client-CEF4D3493DC0->4ee04582-2825-4055-a051-0465d62eb5ca@group-78E0FE5F723E, cid=2661, SUCCESS, logIndex=4028, commits[4ee04582-2825-4055-a051-0465d62eb5ca:c4028, 97f5b9f0-d9ef-40b5-ba79-7414923e623f:c4026, 7d686585-d831-45bc-93fc-0a553b604b0e:c4026]
2019-07-08 23:05:07,129 INFO  client.GrpcClientProtocolClient (GrpcClientProtocolClient.java:onNext(255)) - client-CEF4D3493DC0->4ee04582-2825-4055-a051-0465d62eb5ca: receive RaftClientReply:client-CEF4D3493DC0->4ee04582-2825-4055-a051-0465d62eb5ca@group-78E0FE5F723E, cid=2662, SUCCESS, logIndex=4031, commits[4ee04582-2825-4055-a051-0465d62eb5ca:c4032, 97f5b9f0-d9ef-40b5-ba79-7414923e623f:c4030, 7d686585-d831-45bc-93fc-0a553b604b0e:c4030]
2019-07-08 23:05:07,129 INFO  client.GrpcClientProtocolClient (GrpcClientProtocolClient.java:onNext(255)) - client-CEF4D3493DC0->4ee04582-2825-4055-a051-0465d62eb5ca: receive RaftClientReply:client-CEF4D3493DC0->4ee04582-2825-4055-a051-0465d62eb5ca@group-78E0FE5F723E, cid=2663, SUCCESS, logIndex=4032, commits[4ee04582-2825-4055-a051-0465d62eb5ca:c4032, 97f5b9f0-d9ef-40b5-ba79-7414923e623f:c4030, 7d686585-d831-45bc-93fc-0a553b604b0e:c4030]
2019-07-08 23:05:07,135 INFO  client.GrpcClientProtocolClient (GrpcClientProtocolClient.java:onNext(255)) - client-CEF4D3493DC0->4ee04582-2825-4055-a051-0465d62eb5ca: receive RaftClientReply:client-CEF4D3493DC0->4ee04582-2825-4055-a051-0465d62eb5ca@group-78E0FE5F723E, cid=2664, SUCCESS, logIndex=0, commits[4ee04582-2825-4055-a051-0465d62eb5ca:c4034, 97f5b9f0-d9ef-40b5-ba79-7414923e623f:c4032, 7d686585-d831-45bc-93fc-0a553b604b0e:c4032]
2019-07-08 23:05:07,158 INFO  client.GrpcClientProtocolClient (GrpcClientProtocolClient.java:onNext(255)) - client-CEF4D3493DC0->4ee04582-2825-4055-a051-0465d62eb5ca: receive RaftClientReply:client-CEF4D3493DC0->4ee04582-2825-4055-a051-0465d62eb5ca@group-78E0FE5F723E, cid=2665, SUCCESS, logIndex=4035, commits[4ee04582-2825-4055-a051-0465d62eb5ca:c4036, 97f5b9f0-d9ef-40b5-ba79-7414923e623f:c4034, 7d686585-d831-45bc-93fc-0a553b604b0e:c4032]
2019-07-08 23:05:07,159 INFO  client.GrpcClientProtocolClient (GrpcClientProtocolClient.java:onNext(255)) - client-CEF4D3493DC0->4ee04582-2825-4055-a051-0465d62eb5ca: receive RaftClientReply:client-CEF4D3493DC0->4ee04582-2825-4055-a051-0465d62eb5ca@group-78E0FE5F723E, cid=2666, SUCCESS, logIndex=4036, commits[4ee04582-2825-4055-a051-0465d62eb5ca:c4036, 97f5b9f0-d9ef-40b5-ba79-7414923e623f:c4034, 7d686585-d831-45bc-93fc-0a553b604b0e:c4034]
2019-07-08 23:05:07,161 INFO  client.GrpcClientProtocolClient (GrpcClientProtocolClient.java:onNext(255)) - client-CEF4D3493DC0->4ee04582-2825-4055-a051-0465d62eb5ca: receive RaftClientReply:client-CEF4D3493DC0->4ee04582-2825-4055-a051-0465d62eb5ca@group-78E0FE5F723E, cid=2667, SUCCESS, logIndex=4037, commits[4ee04582-2825-4055-a051-0465d62eb5ca:c4039, 97f5b9f0-d9ef-40b5-ba79-7414923e623f:c4036, 7d686585-d831-45bc-93fc-0a553b604b0e:c4034]
2019-07-08 23:05:07,162 INFO  client.GrpcClientProtocolClient (GrpcClientProtocolClient.java:onNext(255)) - client-CEF4D3493DC0->4ee04582-2825-4055-a051-0465d62eb5ca: receive RaftClientReply:client-CEF4D3493DC0->4ee04582-2825-4055-a051-0465d62eb5ca@group-78E0FE5F723E, cid=2668, SUCCESS, logIndex=4038, commits[4ee04582-2825-4055-a051-0465d62eb5ca:c4040, 97f5b9f0-d9ef-40b5-ba79-7414923e623f:c4036, 7d686585-d831-45bc-93fc-0a553b604b0e:c4034]
2019-07-08 23:05:07,163 INFO  client.GrpcClientProtocolClient (GrpcClientProtocolClient.java:onNext(255)) - client-CEF4D3493DC0->4ee04582-2825-4055-a051-0465d62eb5ca: receive RaftClientReply:client-CEF4D3493DC0->4ee04582-2825-4055-a051-0465d62eb5ca@group-78E0FE5F723E, cid=2669, SUCCESS, logIndex=0, commits[4ee04582-2825-4055-a051-0465d62eb5ca:c4041, 97f5b9f0-d9ef-40b5-ba79-7414923e623f:c4038, 7d686585-d831-45bc-93fc-0a553b604b0e:c4036]
2019-07-08 23:05:07,174 INFO  client.GrpcClientProtocolClient (GrpcClientProtocolClient.java:onNext(255)) - client-CEF4D3493DC0->4ee04582-2825-4055-a051-0465d62eb5ca: receive RaftClientReply:client-CEF4D3493DC0->4ee04582-2825-4055-a051-0465d62eb5ca@group-78E0FE5F723E, cid=2670, SUCCESS, logIndex=4043, commits[4ee04582-2825-4055-a051-0465d62eb5ca:c4044, 97f5b9f0-d9ef-40b5-ba79-7414923e623f:c4042, 7d686585-d831-45bc-93fc-0a553b604b0e:c4038]
2019-07-08 23:05:07,175 INFO  client.GrpcClientProtocolClient (GrpcClientProtocolClient.java:onNext(255)) - client-CEF4D3493DC0->4ee04582-2825-4055-a051-0465d62eb5ca: receive RaftClientReply:client-CEF4D3493DC0->4ee04582-2825-4055-a051-0465d62eb5ca@group-78E0FE5F723E, cid=2671, SUCCESS, logIndex=4044, commits[4ee04582-2825-4055-a051-0465d62eb5ca:c4044, 97f5b9f0-d9ef-40b5-ba79-7414923e623f:c4042, 7d686585-d831-45bc-93fc-0a553b604b0e:c4042]
2019-07-08 23:05:07,187 INFO  client.GrpcClientProtocolClient (GrpcClientProtocolClient.java:onNext(255)) - client-CEF4D3493DC0->4ee04582-2825-4055-a051-0465d62eb5ca: receive RaftClientReply:client-CEF4D3493DC0->4ee04582-2825-4055-a051-0465d62eb5ca@group-78E0FE5F723E, cid=2672, SUCCESS, logIndex=4047, commits[4ee04582-2825-4055-a051-0465d62eb5ca:c4048, 97f5b9f0-d9ef-40b5-ba79-7414923e623f:c4046, 7d686585-d831-45bc-93fc-0a553b604b0e:c4044]
2019-07-08 23:05:07,188 INFO  client.GrpcClientProtocolClient (GrpcClientProtocolClient.java:onNext(255)) - client-CEF4D3493DC0->4ee04582-2825-4055-a051-0465d62eb5ca: receive RaftClientReply:client-CEF4D3493DC0->4ee04582-2825-4055-a051-0465d62eb5ca@group-78E0FE5F723E, cid=2673, SUCCESS, logIndex=4048, commits[4ee04582-2825-4055-a051-0465d62eb5ca:c4048, 97f5b9f0-d9ef-40b5-ba79-7414923e623f:c4046, 7d686585-d831-45bc-93fc-0a553b604b0e:c4046]
2019-07-08 23:05:07,190 INFO  client.GrpcClientProtocolClient (GrpcClientProtocolClient.java:onNext(255)) - client-CEF4D3493DC0->4ee04582-2825-4055-a051-0465d62eb5ca: receive RaftClientReply:client-CEF4D3493DC0->4ee04582-2825-4055-a051-0465d62eb5ca@group-78E0FE5F723E, cid=2674, SUCCESS, logIndex=0, commits[4ee04582-2825-4055-a051-0465d62eb5ca:c4049, 97f5b9f0-d9ef-40b5-ba79-7414923e623f:c4048, 7d686585-d831-45bc-93fc-0a553b604b0e:c4048]
2019-07-08 23:05:07,208 INFO  client.GrpcClientProtocolClient (GrpcClientProtocolClient.java:onNext(255)) - client-CEF4D3493DC0->4ee04582-2825-4055-a051-0465d62eb5ca: receive RaftClientReply:client-CEF4D3493DC0->4ee04582-2825-4055-a051-0465d62eb5ca@group-78E0FE5F723E, cid=2675, SUCCESS, logIndex=4051, commits[4ee04582-2825-4055-a051-0465d62eb5ca:c4052, 97f5b9f0-d9ef-40b5-ba79-7414923e623f:c4050, 7d686585-d831-45bc-93fc-0a553b604b0e:c4048]
2019-07-08 23:05:07,208 INFO  client.GrpcClientProtocolClient (GrpcClientProtocolClient.java:onNext(255)) - client-CEF4D3493DC0->4ee04582-2825-4055-a051-0465d62eb5ca: receive RaftClientReply:client-CEF4D3493DC0->4ee04582-2825-4055-a051-0465d62eb5ca@group-78E0FE5F723E, cid=2676, SUCCESS, logIndex=4052, commits[4ee04582-2825-4055-a051-0465d62eb5ca:c4052, 97f5b9f0-d9ef-40b5-ba79-7414923e623f:c4050, 7d686585-d831-45bc-93fc-0a553b604b0e:c4048]
2019-07-08 23:05:07,211 INFO  client.GrpcClientProtocolClient (GrpcClientProtocolClient.java:onNext(255)) - client-CEF4D3493DC0->4ee04582-2825-4055-a051-0465d62eb5ca: receive RaftClientReply:client-CEF4D3493DC0->4ee04582-2825-4055-a051-0465d62eb5ca@group-78E0FE5F723E, cid=2677, SUCCESS, logIndex=4053, commits[4ee04582-2825-4055-a051-0465d62eb5ca:c4056, 97f5b9f0-d9ef-40b5-ba79-7414923e623f:c4052, 7d686585-d831-45bc-93fc-0a553b604b0e:c4050]
2019-07-08 23:05:07,212 INFO  client.GrpcClientProtocolClient (GrpcClientProtocolClient.java:onNext(255)) - client-CEF4D3493DC0->4ee04582-2825-4055-a051-0465d62eb5ca: receive RaftClientReply:client-CEF4D3493DC0->4ee04582-2825-4055-a051-0465d62eb5ca@group-78E0FE5F723E, cid=2678, SUCCESS, logIndex=4054, commits[4ee04582-2825-4055-a051-0465d62eb5ca:c4056, 97f5b9f0-d9ef-40b5-ba79-7414923e623f:c4052, 7d686585-d831-45bc-93fc-0a553b604b0e:c4050]
2019-07-08 23:05:07,212 INFO  client.GrpcClientProtocolClient (GrpcClientProtocolClient.java:onNext(255)) - client-CEF4D3493DC0->4ee04582-2825-4055-a051-0465d62eb5ca: receive RaftClientReply:client-CEF4D3493DC0->4ee04582-2825-4055-a051-0465d62eb5ca@group-78E0FE5F723E, cid=2679, SUCCESS, logIndex=0, commits[4ee04582-2825-4055-a051-0465d62eb5ca:c4056, 97f5b9f0-d9ef-40b5-ba79-7414923e623f:c4052, 7d686585-d831-45bc-93fc-0a553b604b0e:c4052]
2019-07-08 23:05:07,224 INFO  client.GrpcClientProtocolClient (GrpcClientProtocolClient.java:onNext(255)) - client-CEF4D3493DC0->4ee04582-2825-4055-a051-0465d62eb5ca: receive RaftClientReply:client-CEF4D3493DC0->4ee04582-2825-4055-a051-0465d62eb5ca@group-78E0FE5F723E, cid=2680, SUCCESS, logIndex=4059, commits[4ee04582-2825-4055-a051-0465d62eb5ca:c4060, 97f5b9f0-d9ef-40b5-ba79-7414923e623f:c4058, 7d686585-d831-45bc-93fc-0a553b604b0e:c4058]
2019-07-08 23:05:07,225 INFO  client.GrpcClientProtocolClient (GrpcClientProtocolClient.java:onNext(255)) - client-CEF4D3493DC0->4ee04582-2825-4055-a051-0465d62eb5ca: receive RaftClientReply:client-CEF4D3493DC0->4ee04582-2825-4055-a051-0465d62eb5ca@group-78E0FE5F723E, cid=2681, SUCCESS, logIndex=4060, commits[4ee04582-2825-4055-a051-0465d62eb5ca:c4060, 97f5b9f0-d9ef-40b5-ba79-7414923e623f:c4058, 7d686585-d831-45bc-93fc-0a553b604b0e:c4058]
2019-07-08 23:05:07,244 INFO  client.GrpcClientProtocolClient (GrpcClientProtocolClient.java:onNext(255)) - client-CEF4D3493DC0->4ee04582-2825-4055-a051-0465d62eb5ca: receive RaftClientReply:client-CEF4D3493DC0->4ee04582-2825-4055-a051-0465d62eb5ca@group-78E0FE5F723E, cid=2682, SUCCESS, logIndex=4063, commits[4ee04582-2825-4055-a051-0465d62eb5ca:c4064, 97f5b9f0-d9ef-40b5-ba79-7414923e623f:c4062, 7d686585-d831-45bc-93fc-0a553b604b0e:c4062]
2019-07-08 23:05:07,244 INFO  client.GrpcClientProtocolClient (GrpcClientProtocolClient.java:onNext(255)) - client-CEF4D3493DC0->4ee04582-2825-4055-a051-0465d62eb5ca: receive RaftClientReply:client-CEF4D3493DC0->4ee04582-2825-4055-a051-0465d62eb5ca@group-78E0FE5F723E, cid=2683, SUCCESS, logIndex=4064, commits[4ee04582-2825-4055-a051-0465d62eb5ca:c4064, 97f5b9f0-d9ef-40b5-ba79-7414923e623f:c4062, 7d686585-d831-45bc-93fc-0a553b604b0e:c4062]
2019-07-08 23:05:07,249 INFO  client.GrpcClientProtocolClient (GrpcClientProtocolClient.java:onNext(255)) - client-CEF4D3493DC0->4ee04582-2825-4055-a051-0465d62eb5ca: receive RaftClientReply:client-CEF4D3493DC0->4ee04582-2825-4055-a051-0465d62eb5ca@group-78E0FE5F723E, cid=2684, SUCCESS, logIndex=0, commits[4ee04582-2825-4055-a051-0465d62eb5ca:c4066, 97f5b9f0-d9ef-40b5-ba79-7414923e623f:c4064, 7d686585-d831-45bc-93fc-0a553b604b0e:c4064]
2019-07-08 23:05:07,267 INFO  client.GrpcClientProtocolClient (GrpcClientProtocolClient.java:onNext(255)) - client-CEF4D3493DC0->4ee04582-2825-4055-a051-0465d62eb5ca: receive RaftClientReply:client-CEF4D3493DC0->4ee04582-2825-4055-a051-0465d62eb5ca@group-78E0FE5F723E, cid=2685, SUCCESS, logIndex=4067, commits[4ee04582-2825-4055-a051-0465d62eb5ca:c4068, 97f5b9f0-d9ef-40b5-ba79-7414923e623f:c4066, 7d686585-d831-45bc-93fc-0a553b604b0e:c4064]
2019-07-08 23:05:07,268 INFO  client.GrpcClientProtocolClient (GrpcClientProtocolClient.java:onNext(255)) - client-CEF4D3493DC0->4ee04582-2825-4055-a051-0465d62eb5ca: receive RaftClientReply:client-CEF4D3493DC0->4ee04582-2825-4055-a051-0465d62eb5ca@group-78E0FE5F723E, cid=2686, SUCCESS, logIndex=4068, commits[4ee04582-2825-4055-a051-0465d62eb5ca:c4068, 97f5b9f0-d9ef-40b5-ba79-7414923e623f:c4066, 7d686585-d831-45bc-93fc-0a553b604b0e:c4064]
2019-07-08 23:05:07,269 INFO  client.GrpcClientProtocolClient (GrpcClientProtocolClient.java:onNext(255)) - client-CEF4D3493DC0->4ee04582-2825-4055-a051-0465d62eb5ca: receive RaftClientReply:client-CEF4D3493DC0->4ee04582-2825-4055-a051-0465d62eb5ca@group-78E0FE5F723E, cid=2687, SUCCESS, logIndex=4069, commits[4ee04582-2825-4055-a051-0465d62eb5ca:c4070, 97f5b9f0-d9ef-40b5-ba79-7414923e623f:c4066, 7d686585-d831-45bc-93fc-0a553b604b0e:c4064]
2019-07-08 23:05:07,270 INFO  client.GrpcClientProtocolClient (GrpcClientProtocolClient.java:onNext(255)) - client-CEF4D3493DC0->4ee04582-2825-4055-a051-0465d62eb5ca: receive RaftClientReply:client-CEF4D3493DC0->4ee04582-2825-4055-a051-0465d62eb5ca@group-78E0FE5F723E, cid=2688, SUCCESS, logIndex=4070, commits[4ee04582-2825-4055-a051-0465d62eb5ca:c4072, 97f5b9f0-d9ef-40b5-ba79-7414923e623f:c4068, 7d686585-d831-45bc-93fc-0a553b604b0e:c4064]
2019-07-08 23:05:07,272 INFO  client.GrpcClientProtocolClient (GrpcClientProtocolClient.java:onNext(255)) - client-CEF4D3493DC0->4ee04582-2825-4055-a051-0465d62eb5ca: receive RaftClientReply:client-CEF4D3493DC0->4ee04582-2825-4055-a051-0465d62eb5ca@group-78E0FE5F723E, cid=2689, SUCCESS, logIndex=0, commits[4ee04582-2825-4055-a051-0465d62eb5ca:c4072, 97f5b9f0-d9ef-40b5-ba79-7414923e623f:c4068, 7d686585-d831-45bc-93fc-0a553b604b0e:c4068]
2019-07-08 23:05:07,283 INFO  client.GrpcClientProtocolClient (GrpcClientProtocolClient.java:onNext(255)) - client-CEF4D3493DC0->4ee04582-2825-4055-a051-0465d62eb5ca: receive RaftClientReply:client-CEF4D3493DC0->4ee04582-2825-4055-a051-0465d62eb5ca@group-78E0FE5F723E, cid=2690, SUCCESS, logIndex=4075, commits[4ee04582-2825-4055-a051-0465d62eb5ca:c4076, 97f5b9f0-d9ef-40b5-ba79-7414923e623f:c4074, 7d686585-d831-45bc-93fc-0a553b604b0e:c4070]
2019-07-08 23:05:07,283 INFO  client.GrpcClientProtocolClient (GrpcClientProtocolClient.java:onNext(255)) - client-CEF4D3493DC0->4ee04582-2825-4055-a051-0465d62eb5ca: receive RaftClientReply:client-CEF4D3493DC0->4ee04582-2825-4055-a051-0465d62eb5ca@group-78E0FE5F723E, cid=2691, SUCCESS, logIndex=4076, commits[4ee04582-2825-4055-a051-0465d62eb5ca:c4076, 97f5b9f0-d9ef-40b5-ba79-7414923e623f:c4074, 7d686585-d831-45bc-93fc-0a553b604b0e:c4074]
2019-07-08 23:05:07,304 INFO  client.GrpcClientProtocolClient (GrpcClientProtocolClient.java:onNext(255)) - client-CEF4D3493DC0->4ee04582-2825-4055-a051-0465d62eb5ca: receive RaftClientReply:client-CEF4D3493DC0->4ee04582-2825-4055-a051-0465d62eb5ca@group-78E0FE5F723E, cid=2692, SUCCESS, logIndex=4079, commits[4ee04582-2825-4055-a051-0465d62eb5ca:c4080, 97f5b9f0-d9ef-40b5-ba79-7414923e623f:c4077, 7d686585-d831-45bc-93fc-0a553b604b0e:c4077]
2019-07-08 23:05:07,305 INFO  client.GrpcClientProtocolClient (GrpcClientProtocolClient.java:onNext(255)) - client-CEF4D3493DC0->4ee04582-2825-4055-a051-0465d62eb5ca: receive RaftClientReply:client-CEF4D3493DC0->4ee04582-2825-4055-a051-0465d62eb5ca@group-78E0FE5F723E, cid=2693, SUCCESS, logIndex=4080, commits[4ee04582-2825-4055-a051-0465d62eb5ca:c4080, 97f5b9f0-d9ef-40b5-ba79-7414923e623f:c4077, 7d686585-d831-45bc-93fc-0a553b604b0e:c4077]
2019-07-08 23:05:07,312 INFO  client.GrpcClientProtocolClient (GrpcClientProtocolClient.java:onNext(255)) - client-CEF4D3493DC0->4ee04582-2825-4055-a051-0465d62eb5ca: receive RaftClientReply:client-CEF4D3493DC0->4ee04582-2825-4055-a051-0465d62eb5ca@group-78E0FE5F723E, cid=2694, SUCCESS, logIndex=0, commits[4ee04582-2825-4055-a051-0465d62eb5ca:c4082, 97f5b9f0-d9ef-40b5-ba79-7414923e623f:c4080, 7d686585-d831-45bc-93fc-0a553b604b0e:c4080]
2019-07-08 23:05:07,336 INFO  client.GrpcClientProtocolClient (GrpcClientProtocolClient.java:onNext(255)) - client-CEF4D3493DC0->4ee04582-2825-4055-a051-0465d62eb5ca: receive RaftClientReply:client-CEF4D3493DC0->4ee04582-2825-4055-a051-0465d62eb5ca@group-78E0FE5F723E, cid=2695, SUCCESS, logIndex=4083, commits[4ee04582-2825-4055-a051-0465d62eb5ca:c4084, 97f5b9f0-d9ef-40b5-ba79-7414923e623f:c4082, 7d686585-d831-45bc-93fc-0a553b604b0e:c4080]
2019-07-08 23:05:07,337 INFO  client.GrpcClientProtocolClient (GrpcClientProtocolClient.java:onNext(255)) - client-CEF4D3493DC0->4ee04582-2825-4055-a051-0465d62eb5ca: receive RaftClientReply:client-CEF4D3493DC0->4ee04582-2825-4055-a051-0465d62eb5ca@group-78E0FE5F723E, cid=2696, SUCCESS, logIndex=4084, commits[4ee04582-2825-4055-a051-0465d62eb5ca:c4084, 97f5b9f0-d9ef-40b5-ba79-7414923e623f:c4082, 7d686585-d831-45bc-93fc-0a553b604b0e:c4080]
2019-07-08 23:05:07,339 INFO  client.GrpcClientProtocolClient (GrpcClientProtocolClient.java:onNext(255)) - client-CEF4D3493DC0->4ee04582-2825-4055-a051-0465d62eb5ca: receive RaftClientReply:client-CEF4D3493DC0->4ee04582-2825-4055-a051-0465d62eb5ca@group-78E0FE5F723E, cid=2697, SUCCESS, logIndex=4085, commits[4ee04582-2825-4055-a051-0465d62eb5ca:c4086, 97f5b9f0-d9ef-40b5-ba79-7414923e623f:c4082, 7d686585-d831-45bc-93fc-0a553b604b0e:c4082]
2019-07-08 23:05:07,339 INFO  client.GrpcClientProtocolClient (GrpcClientProtocolClient.java:onNext(255)) - client-CEF4D3493DC0->4ee04582-2825-4055-a051-0465d62eb5ca: receive RaftClientReply:client-CEF4D3493DC0->4ee04582-2825-4055-a051-0465d62eb5ca@group-78E0FE5F723E, cid=2698, SUCCESS, logIndex=4086, commits[4ee04582-2825-4055-a051-0465d62eb5ca:c4086, 97f5b9f0-d9ef-40b5-ba79-7414923e623f:c4082, 7d686585-d831-45bc-93fc-0a553b604b0e:c4082]
2019-07-08 23:05:07,342 INFO  client.GrpcClientProtocolClient (GrpcClientProtocolClient.java:onNext(255)) - client-CEF4D3493DC0->4ee04582-2825-4055-a051-0465d62eb5ca: receive RaftClientReply:client-CEF4D3493DC0->4ee04582-2825-4055-a051-0465d62eb5ca@group-78E0FE5F723E, cid=2699, SUCCESS, logIndex=0, commits[4ee04582-2825-4055-a051-0465d62eb5ca:c4088, 97f5b9f0-d9ef-40b5-ba79-7414923e623f:c4084, 7d686585-d831-45bc-93fc-0a553b604b0e:c4084]
2019-07-08 23:05:07,353 INFO  client.GrpcClientProtocolClient (GrpcClientProtocolClient.java:onNext(255)) - client-CEF4D3493DC0->4ee04582-2825-4055-a051-0465d62eb5ca: receive RaftClientReply:client-CEF4D3493DC0->4ee04582-2825-4055-a051-0465d62eb5ca@group-78E0FE5F723E, cid=2700, SUCCESS, logIndex=4091, commits[4ee04582-2825-4055-a051-0465d62eb5ca:c4092, 97f5b9f0-d9ef-40b5-ba79-7414923e623f:c4090, 7d686585-d831-45bc-93fc-0a553b604b0e:c4086]
2019-07-08 23:05:07,353 INFO  client.GrpcClientProtocolClient (GrpcClientProtocolClient.java:onNext(255)) - client-CEF4D3493DC0->4ee04582-2825-4055-a051-0465d62eb5ca: receive RaftClientReply:client-CEF4D3493DC0->4ee04582-2825-4055-a051-0465d62eb5ca@group-78E0FE5F723E, cid=2701, SUCCESS, logIndex=4092, commits[4ee04582-2825-4055-a051-0465d62eb5ca:c4092, 97f5b9f0-d9ef-40b5-ba79-7414923e623f:c4090, 7d686585-d831-45bc-93fc-0a553b604b0e:c4090]
2019-07-08 23:05:07,369 INFO  client.GrpcClientProtocolClient (GrpcClientProtocolClient.java:onNext(255)) - client-CEF4D3493DC0->4ee04582-2825-4055-a051-0465d62eb5ca: receive RaftClientReply:client-CEF4D3493DC0->4ee04582-2825-4055-a051-0465d62eb5ca@group-78E0FE5F723E, cid=2702, SUCCESS, logIndex=4095, commits[4ee04582-2825-4055-a051-0465d62eb5ca:c4096, 97f5b9f0-d9ef-40b5-ba79-7414923e623f:c4093, 7d686585-d831-45bc-93fc-0a553b604b0e:c4092]
2019-07-08 23:05:07,370 INFO  client.GrpcClientProtocolClient (GrpcClientProtocolClient.java:onNext(255)) - client-CEF4D3493DC0->4ee04582-2825-4055-a051-0465d62eb5ca: receive RaftClientReply:client-CEF4D3493DC0->4ee04582-2825-4055-a051-0465d62eb5ca@group-78E0FE5F723E, cid=2703, SUCCESS, logIndex=4096, commits[4ee04582-2825-4055-a051-0465d62eb5ca:c4096, 97f5b9f0-d9ef-40b5-ba79-7414923e623f:c4093, 7d686585-d831-45bc-93fc-0a553b604b0e:c4093]
2019-07-08 23:05:07,373 INFO  client.GrpcClientProtocolClient (GrpcClientProtocolClient.java:onNext(255)) - client-CEF4D3493DC0->4ee04582-2825-4055-a051-0465d62eb5ca: receive RaftClientReply:client-CEF4D3493DC0->4ee04582-2825-4055-a051-0465d62eb5ca@group-78E0FE5F723E, cid=2704, SUCCESS, logIndex=0, commits[4ee04582-2825-4055-a051-0465d62eb5ca:c4097, 97f5b9f0-d9ef-40b5-ba79-7414923e623f:c4096, 7d686585-d831-45bc-93fc-0a553b604b0e:c4096]
2019-07-08 23:05:07,393 INFO  client.GrpcClientProtocolClient (GrpcClientProtocolClient.java:onNext(255)) - client-CEF4D3493DC0->4ee04582-2825-4055-a051-0465d62eb5ca: receive RaftClientReply:client-CEF4D3493DC0->4ee04582-2825-4055-a051-0465d62eb5ca@group-78E0FE5F723E, cid=2705, SUCCESS, logIndex=4099, commits[4ee04582-2825-4055-a051-0465d62eb5ca:c4100, 97f5b9f0-d9ef-40b5-ba79-7414923e623f:c4098, 7d686585-d831-45bc-93fc-0a553b604b0e:c4098]
2019-07-08 23:05:07,393 INFO  client.GrpcClientProtocolClient (GrpcClientProtocolClient.java:onNext(255)) - client-CEF4D3493DC0->4ee04582-2825-4055-a051-0465d62eb5ca: receive RaftClientReply:client-CEF4D3493DC0->4ee04582-2825-4055-a051-0465d62eb5ca@group-78E0FE5F723E, cid=2706, SUCCESS, logIndex=4100, commits[4ee04582-2825-4055-a051-0465d62eb5ca:c4101, 97f5b9f0-d9ef-40b5-ba79-7414923e623f:c4098, 7d686585-d831-45bc-93fc-0a553b604b0e:c4098]
2019-07-08 23:05:07,394 INFO  client.GrpcClientProtocolClient (GrpcClientProtocolClient.java:onNext(255)) - client-CEF4D3493DC0->4ee04582-2825-4055-a051-0465d62eb5ca: receive RaftClientReply:client-CEF4D3493DC0->4ee04582-2825-4055-a051-0465d62eb5ca@group-78E0FE5F723E, cid=2707, SUCCESS, logIndex=4101, commits[4ee04582-2825-4055-a051-0465d62eb5ca:c4102, 97f5b9f0-d9ef-40b5-ba79-7414923e623f:c4098, 7d686585-d831-45bc-93fc-0a553b604b0e:c4098]
2019-07-08 23:05:07,394 INFO  client.GrpcClientProtocolClient (GrpcClientProtocolClient.java:onNext(255)) - client-CEF4D3493DC0->4ee04582-2825-4055-a051-0465d62eb5ca: receive RaftClientReply:client-CEF4D3493DC0->4ee04582-2825-4055-a051-0465d62eb5ca@group-78E0FE5F723E, cid=2708, SUCCESS, logIndex=4102, commits[4ee04582-2825-4055-a051-0465d62eb5ca:c4102, 97f5b9f0-d9ef-40b5-ba79-7414923e623f:c4098, 7d686585-d831-45bc-93fc-0a553b604b0e:c4098]
2019-07-08 23:05:07,395 INFO  client.GrpcClientProtocolClient (GrpcClientProtocolClient.java:onNext(255)) - client-CEF4D3493DC0->4ee04582-2825-4055-a051-0465d62eb5ca: receive RaftClientReply:client-CEF4D3493DC0->4ee04582-2825-4055-a051-0465d62eb5ca@group-78E0FE5F723E, cid=2709, SUCCESS, logIndex=0, commits[4ee04582-2825-4055-a051-0465d62eb5ca:c4104, 97f5b9f0-d9ef-40b5-ba79-7414923e623f:c4100, 7d686585-d831-45bc-93fc-0a553b604b0e:c4100]
2019-07-08 23:05:07,406 INFO  client.GrpcClientProtocolClient (GrpcClientProtocolClient.java:onNext(255)) - client-CEF4D3493DC0->4ee04582-2825-4055-a051-0465d62eb5ca: receive RaftClientReply:client-CEF4D3493DC0->4ee04582-2825-4055-a051-0465d62eb5ca@group-78E0FE5F723E, cid=2710, SUCCESS, logIndex=4107, commits[4ee04582-2825-4055-a051-0465d62eb5ca:c4108, 97f5b9f0-d9ef-40b5-ba79-7414923e623f:c4106, 7d686585-d831-45bc-93fc-0a553b604b0e:c4102]
2019-07-08 23:05:07,406 INFO  client.GrpcClientProtocolClient (GrpcClientProtocolClient.java:onNext(255)) - client-CEF4D3493DC0->4ee04582-2825-4055-a051-0465d62eb5ca: receive RaftClientReply:client-CEF4D3493DC0->4ee04582-2825-4055-a051-0465d62eb5ca@group-78E0FE5F723E, cid=2711, SUCCESS, logIndex=4108, commits[4ee04582-2825-4055-a051-0465d62eb5ca:c4108, 97f5b9f0-d9ef-40b5-ba79-7414923e623f:c4106, 7d686585-d831-45bc-93fc-0a553b604b0e:c4106]
2019-07-08 23:05:07,417 INFO  client.GrpcClientProtocolClient (GrpcClientProtocolClient.java:onNext(255)) - client-CEF4D3493DC0->4ee04582-2825-4055-a051-0465d62eb5ca: receive RaftClientReply:client-CEF4D3493DC0->4ee04582-2825-4055-a051-0465d62eb5ca@group-78E0FE5F723E, cid=2712, SUCCESS, logIndex=4110, commits[4ee04582-2825-4055-a051-0465d62eb5ca:c4111, 97f5b9f0-d9ef-40b5-ba79-7414923e623f:c4109, 7d686585-d831-45bc-93fc-0a553b604b0e:c4109]
2019-07-08 23:05:07,417 INFO  client.GrpcClientProtocolClient (GrpcClientProtocolClient.java:onNext(255)) - client-CEF4D3493DC0->4ee04582-2825-4055-a051-0465d62eb5ca: receive RaftClientReply:client-CEF4D3493DC0->4ee04582-2825-4055-a051-0465d62eb5ca@group-78E0FE5F723E, cid=2713, SUCCESS, logIndex=4111, commits[4ee04582-2825-4055-a051-0465d62eb5ca:c4111, 97f5b9f0-d9ef-40b5-ba79-7414923e623f:c4109, 7d686585-d831-45bc-93fc-0a553b604b0e:c4109]
2019-07-08 23:05:07,420 INFO  client.GrpcClientProtocolClient (GrpcClientProtocolClient.java:onNext(255)) - client-CEF4D3493DC0->4ee04582-2825-4055-a051-0465d62eb5ca: receive RaftClientReply:client-CEF4D3493DC0->4ee04582-2825-4055-a051-0465d62eb5ca@group-78E0FE5F723E, cid=2714, SUCCESS, logIndex=0, commits[4ee04582-2825-4055-a051-0465d62eb5ca:c4112, 97f5b9f0-d9ef-40b5-ba79-7414923e623f:c4111, 7d686585-d831-45bc-93fc-0a553b604b0e:c4111]
2019-07-08 23:05:07,441 INFO  client.GrpcClientProtocolClient (GrpcClientProtocolClient.java:onNext(255)) - client-CEF4D3493DC0->4ee04582-2825-4055-a051-0465d62eb5ca: receive RaftClientReply:client-CEF4D3493DC0->4ee04582-2825-4055-a051-0465d62eb5ca@group-78E0FE5F723E, cid=2715, SUCCESS, logIndex=4113, commits[4ee04582-2825-4055-a051-0465d62eb5ca:c4114, 97f5b9f0-d9ef-40b5-ba79-7414923e623f:c4112, 7d686585-d831-45bc-93fc-0a553b604b0e:c4111]
2019-07-08 23:05:07,441 INFO  client.GrpcClientProtocolClient (GrpcClientProtocolClient.java:onNext(255)) - client-CEF4D3493DC0->4ee04582-2825-4055-a051-0465d62eb5ca: receive RaftClientReply:client-CEF4D3493DC0->4ee04582-2825-4055-a051-0465d62eb5ca@group-78E0FE5F723E, cid=2716, SUCCESS, logIndex=4114, commits[4ee04582-2825-4055-a051-0465d62eb5ca:c4114, 97f5b9f0-d9ef-40b5-ba79-7414923e623f:c4112, 7d686585-d831-45bc-93fc-0a553b604b0e:c4111]
2019-07-08 23:05:07,444 INFO  client.GrpcClientProtocolClient (GrpcClientProtocolClient.java:onNext(255)) - client-CEF4D3493DC0->4ee04582-2825-4055-a051-0465d62eb5ca: receive RaftClientReply:client-CEF4D3493DC0->4ee04582-2825-4055-a051-0465d62eb5ca@group-78E0FE5F723E, cid=2717, SUCCESS, logIndex=4115, commits[4ee04582-2825-4055-a051-0465d62eb5ca:c4118, 97f5b9f0-d9ef-40b5-ba79-7414923e623f:c4114, 7d686585-d831-45bc-93fc-0a553b604b0e:c4112]
2019-07-08 23:05:07,445 INFO  client.GrpcClientProtocolClient (GrpcClientProtocolClient.java:onNext(255)) - client-CEF4D3493DC0->4ee04582-2825-4055-a051-0465d62eb5ca: receive RaftClientReply:client-CEF4D3493DC0->4ee04582-2825-4055-a051-0465d62eb5ca@group-78E0FE5F723E, cid=2718, SUCCESS, logIndex=4116, commits[4ee04582-2825-4055-a051-0465d62eb5ca:c4118, 97f5b9f0-d9ef-40b5-ba79-7414923e623f:c4114, 7d686585-d831-45bc-93fc-0a553b604b0e:c4114]
2019-07-08 23:05:07,455 INFO  client.GrpcClientProtocolClient (GrpcClientProtocolClient.java:onNext(255)) - client-CEF4D3493DC0->4ee04582-2825-4055-a051-0465d62eb5ca: receive RaftClientReply:client-CEF4D3493DC0->4ee04582-2825-4055-a051-0465d62eb5ca@group-78E0FE5F723E, cid=2719, SUCCESS, logIndex=4121, commits[4ee04582-2825-4055-a051-0465d62eb5ca:c4122, 97f5b9f0-d9ef-40b5-ba79-7414923e623f:c4120, 7d686585-d831-45bc-93fc-0a553b604b0e:c4120]
2019-07-08 23:05:07,455 INFO  client.GrpcClientProtocolClient (GrpcClientProtocolClient.java:onNext(255)) - client-CEF4D3493DC0->4ee04582-2825-4055-a051-0465d62eb5ca: receive RaftClientReply:client-CEF4D3493DC0->4ee04582-2825-4055-a051-0465d62eb5ca@group-78E0FE5F723E, cid=2720, SUCCESS, logIndex=4122, commits[4ee04582-2825-4055-a051-0465d62eb5ca:c4122, 97f5b9f0-d9ef-40b5-ba79-7414923e623f:c4120, 7d686585-d831-45bc-93fc-0a553b604b0e:c4120]
2019-07-08 23:05:07,467 INFO  client.GrpcClientProtocolClient (GrpcClientProtocolClient.java:onNext(255)) - client-CEF4D3493DC0->4ee04582-2825-4055-a051-0465d62eb5ca: receive RaftClientReply:client-CEF4D3493DC0->4ee04582-2825-4055-a051-0465d62eb5ca@group-78E0FE5F723E, cid=2721, SUCCESS, logIndex=4125, commits[4ee04582-2825-4055-a051-0465d62eb5ca:c4126, 97f5b9f0-d9ef-40b5-ba79-7414923e623f:c4124, 7d686585-d831-45bc-93fc-0a553b604b0e:c4122]
2019-07-08 23:05:07,467 INFO  client.GrpcClientProtocolClient (GrpcClientProtocolClient.java:onNext(255)) - client-CEF4D3493DC0->4ee04582-2825-4055-a051-0465d62eb5ca: receive RaftClientReply:client-CEF4D3493DC0->4ee04582-2825-4055-a051-0465d62eb5ca@group-78E0FE5F723E, cid=2722, SUCCESS, logIndex=4126, commits[4ee04582-2825-4055-a051-0465d62eb5ca:c4126, 97f5b9f0-d9ef-40b5-ba79-7414923e623f:c4124, 7d686585-d831-45bc-93fc-0a553b604b0e:c4124]
2019-07-08 23:05:07,473 INFO  client.GrpcClientProtocolClient (GrpcClientProtocolClient.java:onNext(255)) - client-CEF4D3493DC0->4ee04582-2825-4055-a051-0465d62eb5ca: receive RaftClientReply:client-CEF4D3493DC0->4ee04582-2825-4055-a051-0465d62eb5ca@group-78E0FE5F723E, cid=2723, SUCCESS, logIndex=0, commits[4ee04582-2825-4055-a051-0465d62eb5ca:c4127, 97f5b9f0-d9ef-40b5-ba79-7414923e623f:c4126, 7d686585-d831-45bc-93fc-0a553b604b0e:c4126]
2019-07-08 23:05:07,497 INFO  client.GrpcClientProtocolClient (GrpcClientProtocolClient.java:onNext(255)) - client-CEF4D3493DC0->4ee04582-2825-4055-a051-0465d62eb5ca: receive RaftClientReply:client-CEF4D3493DC0->4ee04582-2825-4055-a051-0465d62eb5ca@group-78E0FE5F723E, cid=2724, SUCCESS, logIndex=4129, commits[4ee04582-2825-4055-a051-0465d62eb5ca:c4132, 97f5b9f0-d9ef-40b5-ba79-7414923e623f:c4128, 7d686585-d831-45bc-93fc-0a553b604b0e:c4126]
2019-07-08 23:05:07,498 INFO  client.GrpcClientProtocolClient (GrpcClientProtocolClient.java:onNext(255)) - client-CEF4D3493DC0->4ee04582-2825-4055-a051-0465d62eb5ca: receive RaftClientReply:client-CEF4D3493DC0->4ee04582-2825-4055-a051-0465d62eb5ca@group-78E0FE5F723E, cid=2725, SUCCESS, logIndex=4130, commits[4ee04582-2825-4055-a051-0465d62eb5ca:c4132, 97f5b9f0-d9ef-40b5-ba79-7414923e623f:c4128, 7d686585-d831-45bc-93fc-0a553b604b0e:c4128]
2019-07-08 23:05:07,498 INFO  client.GrpcClientProtocolClient (GrpcClientProtocolClient.java:onNext(255)) - client-CEF4D3493DC0->4ee04582-2825-4055-a051-0465d62eb5ca: receive RaftClientReply:client-CEF4D3493DC0->4ee04582-2825-4055-a051-0465d62eb5ca@group-78E0FE5F723E, cid=2726, SUCCESS, logIndex=4131, commits[4ee04582-2825-4055-a051-0465d62eb5ca:c4132, 97f5b9f0-d9ef-40b5-ba79-7414923e623f:c4128, 7d686585-d831-45bc-93fc-0a553b604b0e:c4128]
2019-07-08 23:05:07,498 INFO  client.GrpcClientProtocolClient (GrpcClientProtocolClient.java:onNext(255)) - client-CEF4D3493DC0->4ee04582-2825-4055-a051-0465d62eb5ca: receive RaftClientReply:client-CEF4D3493DC0->4ee04582-2825-4055-a051-0465d62eb5ca@group-78E0FE5F723E, cid=2727, SUCCESS, logIndex=4132, commits[4ee04582-2825-4055-a051-0465d62eb5ca:c4133, 97f5b9f0-d9ef-40b5-ba79-7414923e623f:c4130, 7d686585-d831-45bc-93fc-0a553b604b0e:c4128]
2019-07-08 23:05:07,499 INFO  client.GrpcClientProtocolClient (GrpcClientProtocolClient.java:onNext(255)) - client-CEF4D3493DC0->4ee04582-2825-4055-a051-0465d62eb5ca: receive RaftClientReply:client-CEF4D3493DC0->4ee04582-2825-4055-a051-0465d62eb5ca@group-78E0FE5F723E, cid=2728, SUCCESS, logIndex=0, commits[4ee04582-2825-4055-a051-0465d62eb5ca:c4133, 97f5b9f0-d9ef-40b5-ba79-7414923e623f:c4130, 7d686585-d831-45bc-93fc-0a553b604b0e:c4130]
2019-07-08 23:05:07,510 INFO  client.GrpcClientProtocolClient (GrpcClientProtocolClient.java:onNext(255)) - client-CEF4D3493DC0->4ee04582-2825-4055-a051-0465d62eb5ca: receive RaftClientReply:client-CEF4D3493DC0->4ee04582-2825-4055-a051-0465d62eb5ca@group-78E0FE5F723E, cid=2729, SUCCESS, logIndex=4137, commits[4ee04582-2825-4055-a051-0465d62eb5ca:c4138, 97f5b9f0-d9ef-40b5-ba79-7414923e623f:c4136, 7d686585-d831-45bc-93fc-0a553b604b0e:c4136]
2019-07-08 23:05:07,510 INFO  client.GrpcClientProtocolClient (GrpcClientProtocolClient.java:onNext(255)) - client-CEF4D3493DC0->4ee04582-2825-4055-a051-0465d62eb5ca: receive RaftClientReply:client-CEF4D3493DC0->4ee04582-2825-4055-a051-0465d62eb5ca@group-78E0FE5F723E, cid=2730, SUCCESS, logIndex=4138, commits[4ee04582-2825-4055-a051-0465d62eb5ca:c4138, 97f5b9f0-d9ef-40b5-ba79-7414923e623f:c4136, 7d686585-d831-45bc-93fc-0a553b604b0e:c4136]
2019-07-08 23:05:07,521 INFO  client.GrpcClientProtocolClient (GrpcClientProtocolClient.java:onNext(255)) - client-CEF4D3493DC0->4ee04582-2825-4055-a051-0465d62eb5ca: receive RaftClientReply:client-CEF4D3493DC0->4ee04582-2825-4055-a051-0465d62eb5ca@group-78E0FE5F723E, cid=2731, SUCCESS, logIndex=4141, commits[4ee04582-2825-4055-a051-0465d62eb5ca:c4142, 97f5b9f0-d9ef-40b5-ba79-7414923e623f:c4139, 7d686585-d831-45bc-93fc-0a553b604b0e:c4138]
2019-07-08 23:05:07,521 INFO  client.GrpcClientProtocolClient (GrpcClientProtocolClient.java:onNext(255)) - client-CEF4D3493DC0->4ee04582-2825-4055-a051-0465d62eb5ca: receive RaftClientReply:client-CEF4D3493DC0->4ee04582-2825-4055-a051-0465d62eb5ca@group-78E0FE5F723E, cid=2732, SUCCESS, logIndex=4142, commits[4ee04582-2825-4055-a051-0465d62eb5ca:c4142, 97f5b9f0-d9ef-40b5-ba79-7414923e623f:c4139, 7d686585-d831-45bc-93fc-0a553b604b0e:c4139]
2019-07-08 23:05:07,522 INFO  client.GrpcClientProtocolClient (GrpcClientProtocolClient.java:onNext(255)) - client-CEF4D3493DC0->4ee04582-2825-4055-a051-0465d62eb5ca: receive RaftClientReply:client-CEF4D3493DC0->4ee04582-2825-4055-a051-0465d62eb5ca@group-78E0FE5F723E, cid=2733, SUCCESS, logIndex=0, commits[4ee04582-2825-4055-a051-0465d62eb5ca:c4143, 97f5b9f0-d9ef-40b5-ba79-7414923e623f:c4142, 7d686585-d831-45bc-93fc-0a553b604b0e:c4142]
2019-07-08 23:05:07,546 INFO  client.GrpcClientProtocolClient (GrpcClientProtocolClient.java:onNext(255)) - client-CEF4D3493DC0->4ee04582-2825-4055-a051-0465d62eb5ca: receive RaftClientReply:client-CEF4D3493DC0->4ee04582-2825-4055-a051-0465d62eb5ca@group-78E0FE5F723E, cid=2734, SUCCESS, logIndex=4145, commits[4ee04582-2825-4055-a051-0465d62eb5ca:c4146, 97f5b9f0-d9ef-40b5-ba79-7414923e623f:c4144, 7d686585-d831-45bc-93fc-0a553b604b0e:c4142]
2019-07-08 23:05:07,546 INFO  client.GrpcClientProtocolClient (GrpcClientProtocolClient.java:onNext(255)) - client-CEF4D3493DC0->4ee04582-2825-4055-a051-0465d62eb5ca: receive RaftClientReply:client-CEF4D3493DC0->4ee04582-2825-4055-a051-0465d62eb5ca@group-78E0FE5F723E, cid=2735, SUCCESS, logIndex=4146, commits[4ee04582-2825-4055-a051-0465d62eb5ca:c4146, 97f5b9f0-d9ef-40b5-ba79-7414923e623f:c4144, 7d686585-d831-45bc-93fc-0a553b604b0e:c4142]
2019-07-08 23:05:07,549 INFO  client.GrpcClientProtocolClient (GrpcClientProtocolClient.java:onNext(255)) - client-CEF4D3493DC0->4ee04582-2825-4055-a051-0465d62eb5ca: receive RaftClientReply:client-CEF4D3493DC0->4ee04582-2825-4055-a051-0465d62eb5ca@group-78E0FE5F723E, cid=2736, SUCCESS, logIndex=4147, commits[4ee04582-2825-4055-a051-0465d62eb5ca:c4148, 97f5b9f0-d9ef-40b5-ba79-7414923e623f:c4144, 7d686585-d831-45bc-93fc-0a553b604b0e:c4144]
2019-07-08 23:05:07,549 INFO  client.GrpcClientProtocolClient (GrpcClientProtocolClient.java:onNext(255)) - client-CEF4D3493DC0->4ee04582-2825-4055-a051-0465d62eb5ca: receive RaftClientReply:client-CEF4D3493DC0->4ee04582-2825-4055-a051-0465d62eb5ca@group-78E0FE5F723E, cid=2737, SUCCESS, logIndex=4148, commits[4ee04582-2825-4055-a051-0465d62eb5ca:c4148, 97f5b9f0-d9ef-40b5-ba79-7414923e623f:c4144, 7d686585-d831-45bc-93fc-0a553b604b0e:c4144]
2019-07-08 23:05:07,552 INFO  client.GrpcClientProtocolClient (GrpcClientProtocolClient.java:onNext(255)) - client-CEF4D3493DC0->4ee04582-2825-4055-a051-0465d62eb5ca: receive RaftClientReply:client-CEF4D3493DC0->4ee04582-2825-4055-a051-0465d62eb5ca@group-78E0FE5F723E, cid=2738, SUCCESS, logIndex=0, commits[4ee04582-2825-4055-a051-0465d62eb5ca:c4150, 97f5b9f0-d9ef-40b5-ba79-7414923e623f:c4146, 7d686585-d831-45bc-93fc-0a553b604b0e:c4146]
2019-07-08 23:05:07,567 INFO  client.GrpcClientProtocolClient (GrpcClientProtocolClient.java:onNext(255)) - client-CEF4D3493DC0->4ee04582-2825-4055-a051-0465d62eb5ca: receive RaftClientReply:client-CEF4D3493DC0->4ee04582-2825-4055-a051-0465d62eb5ca@group-78E0FE5F723E, cid=2739, SUCCESS, logIndex=4153, commits[4ee04582-2825-4055-a051-0465d62eb5ca:c4154, 97f5b9f0-d9ef-40b5-ba79-7414923e623f:c4152, 7d686585-d831-45bc-93fc-0a553b604b0e:c4152]
2019-07-08 23:05:07,567 INFO  client.GrpcClientProtocolClient (GrpcClientProtocolClient.java:onNext(255)) - client-CEF4D3493DC0->4ee04582-2825-4055-a051-0465d62eb5ca: receive RaftClientReply:client-CEF4D3493DC0->4ee04582-2825-4055-a051-0465d62eb5ca@group-78E0FE5F723E, cid=2740, SUCCESS, logIndex=4154, commits[4ee04582-2825-4055-a051-0465d62eb5ca:c4154, 97f5b9f0-d9ef-40b5-ba79-7414923e623f:c4152, 7d686585-d831-45bc-93fc-0a553b604b0e:c4152]
2019-07-08 23:05:07,578 INFO  client.GrpcClientProtocolClient (GrpcClientProtocolClient.java:onNext(255)) - client-CEF4D3493DC0->4ee04582-2825-4055-a051-0465d62eb5ca: receive RaftClientReply:client-CEF4D3493DC0->4ee04582-2825-4055-a051-0465d62eb5ca@group-78E0FE5F723E, cid=2741, SUCCESS, logIndex=4157, commits[4ee04582-2825-4055-a051-0465d62eb5ca:c4158, 97f5b9f0-d9ef-40b5-ba79-7414923e623f:c4155, 7d686585-d831-45bc-93fc-0a553b604b0e:c4154]
2019-07-08 23:05:07,578 INFO  client.GrpcClientProtocolClient (GrpcClientProtocolClient.java:onNext(255)) - client-CEF4D3493DC0->4ee04582-2825-4055-a051-0465d62eb5ca: receive RaftClientReply:client-CEF4D3493DC0->4ee04582-2825-4055-a051-0465d62eb5ca@group-78E0FE5F723E, cid=2742, SUCCESS, logIndex=4158, commits[4ee04582-2825-4055-a051-0465d62eb5ca:c4158, 97f5b9f0-d9ef-40b5-ba79-7414923e623f:c4155, 7d686585-d831-45bc-93fc-0a553b604b0e:c4155]
2019-07-08 23:05:07,579 INFO  client.GrpcClientProtocolClient (GrpcClientProtocolClient.java:onNext(255)) - client-CEF4D3493DC0->4ee04582-2825-4055-a051-0465d62eb5ca: receive RaftClientReply:client-CEF4D3493DC0->4ee04582-2825-4055-a051-0465d62eb5ca@group-78E0FE5F723E, cid=2743, SUCCESS, logIndex=0, commits[4ee04582-2825-4055-a051-0465d62eb5ca:c4159, 97f5b9f0-d9ef-40b5-ba79-7414923e623f:c4158, 7d686585-d831-45bc-93fc-0a553b604b0e:c4158]
2019-07-08 23:05:07,736 INFO  client.GrpcClientProtocolClient (GrpcClientProtocolClient.java:onNext(255)) - client-CEF4D3493DC0->4ee04582-2825-4055-a051-0465d62eb5ca: receive RaftClientReply:client-CEF4D3493DC0->4ee04582-2825-4055-a051-0465d62eb5ca@group-78E0FE5F723E, cid=2744, SUCCESS, logIndex=4161, commits[4ee04582-2825-4055-a051-0465d62eb5ca:c4162, 97f5b9f0-d9ef-40b5-ba79-7414923e623f:c4160, 7d686585-d831-45bc-93fc-0a553b604b0e:c4160]
2019-07-08 23:05:07,737 INFO  client.GrpcClientProtocolClient (GrpcClientProtocolClient.java:onNext(255)) - client-CEF4D3493DC0->4ee04582-2825-4055-a051-0465d62eb5ca: receive RaftClientReply:client-CEF4D3493DC0->4ee04582-2825-4055-a051-0465d62eb5ca@group-78E0FE5F723E, cid=2745, SUCCESS, logIndex=4162, commits[4ee04582-2825-4055-a051-0465d62eb5ca:c4164, 97f5b9f0-d9ef-40b5-ba79-7414923e623f:c4160, 7d686585-d831-45bc-93fc-0a553b604b0e:c4160]
2019-07-08 23:05:07,737 INFO  client.GrpcClientProtocolClient (GrpcClientProtocolClient.java:onNext(255)) - client-CEF4D3493DC0->4ee04582-2825-4055-a051-0465d62eb5ca: receive RaftClientReply:client-CEF4D3493DC0->4ee04582-2825-4055-a051-0465d62eb5ca@group-78E0FE5F723E, cid=2746, SUCCESS, logIndex=4163, commits[4ee04582-2825-4055-a051-0465d62eb5ca:c4164, 97f5b9f0-d9ef-40b5-ba79-7414923e623f:c4160, 7d686585-d831-45bc-93fc-0a553b604b0e:c4160]
2019-07-08 23:05:07,737 INFO  client.GrpcClientProtocolClient (GrpcClientProtocolClient.java:onNext(255)) - client-CEF4D3493DC0->4ee04582-2825-4055-a051-0465d62eb5ca: receive RaftClientReply:client-CEF4D3493DC0->4ee04582-2825-4055-a051-0465d62eb5ca@group-78E0FE5F723E, cid=2747, SUCCESS, logIndex=4164, commits[4ee04582-2825-4055-a051-0465d62eb5ca:c4164, 97f5b9f0-d9ef-40b5-ba79-7414923e623f:c4160, 7d686585-d831-45bc-93fc-0a553b604b0e:c4160]
2019-07-08 23:05:07,743 INFO  client.GrpcClientProtocolClient (GrpcClientProtocolClient.java:onNext(255)) - client-CEF4D3493DC0->4ee04582-2825-4055-a051-0465d62eb5ca: receive RaftClientReply:client-CEF4D3493DC0->4ee04582-2825-4055-a051-0465d62eb5ca@group-78E0FE5F723E, cid=2748, SUCCESS, logIndex=0, commits[4ee04582-2825-4055-a051-0465d62eb5ca:c4166, 97f5b9f0-d9ef-40b5-ba79-7414923e623f:c4162, 7d686585-d831-45bc-93fc-0a553b604b0e:c4162]
2019-07-08 23:05:07,756 INFO  client.GrpcClientProtocolClient (GrpcClientProtocolClient.java:onNext(255)) - client-CEF4D3493DC0->4ee04582-2825-4055-a051-0465d62eb5ca: receive RaftClientReply:client-CEF4D3493DC0->4ee04582-2825-4055-a051-0465d62eb5ca@group-78E0FE5F723E, cid=2749, SUCCESS, logIndex=4169, commits[4ee04582-2825-4055-a051-0465d62eb5ca:c4170, 97f5b9f0-d9ef-40b5-ba79-7414923e623f:c4164, 7d686585-d831-45bc-93fc-0a553b604b0e:c4168]
2019-07-08 23:05:07,756 INFO  client.GrpcClientProtocolClient (GrpcClientProtocolClient.java:onNext(255)) - client-CEF4D3493DC0->4ee04582-2825-4055-a051-0465d62eb5ca: receive RaftClientReply:client-CEF4D3493DC0->4ee04582-2825-4055-a051-0465d62eb5ca@group-78E0FE5F723E, cid=2750, SUCCESS, logIndex=4170, commits[4ee04582-2825-4055-a051-0465d62eb5ca:c4170, 97f5b9f0-d9ef-40b5-ba79-7414923e623f:c4168, 7d686585-d831-45bc-93fc-0a553b604b0e:c4168]
2019-07-08 23:05:07,769 INFO  client.GrpcClientProtocolClient (GrpcClientProtocolClient.java:onNext(255)) - client-CEF4D3493DC0->4ee04582-2825-4055-a051-0465d62eb5ca: receive RaftClientReply:client-CEF4D3493DC0->4ee04582-2825-4055-a051-0465d62eb5ca@group-78E0FE5F723E, cid=2751, SUCCESS, logIndex=4173, commits[4ee04582-2825-4055-a051-0465d62eb5ca:c4174, 97f5b9f0-d9ef-40b5-ba79-7414923e623f:c4171, 7d686585-d831-45bc-93fc-0a553b604b0e:c4171]
2019-07-08 23:05:07,770 INFO  client.GrpcClientProtocolClient (GrpcClientProtocolClient.java:onNext(255)) - client-CEF4D3493DC0->4ee04582-2825-4055-a051-0465d62eb5ca: receive RaftClientReply:client-CEF4D3493DC0->4ee04582-2825-4055-a051-0465d62eb5ca@group-78E0FE5F723E, cid=2752, SUCCESS, logIndex=4174, commits[4ee04582-2825-4055-a051-0465d62eb5ca:c4174, 97f5b9f0-d9ef-40b5-ba79-7414923e623f:c4171, 7d686585-d831-45bc-93fc-0a553b604b0e:c4171]
2019-07-08 23:05:07,771 INFO  client.GrpcClientProtocolClient (GrpcClientProtocolClient.java:onNext(255)) - client-CEF4D3493DC0->4ee04582-2825-4055-a051-0465d62eb5ca: receive RaftClientReply:client-CEF4D3493DC0->4ee04582-2825-4055-a051-0465d62eb5ca@group-78E0FE5F723E, cid=2753, SUCCESS, logIndex=0, commits[4ee04582-2825-4055-a051-0465d62eb5ca:c4175, 97f5b9f0-d9ef-40b5-ba79-7414923e623f:c4174, 7d686585-d831-45bc-93fc-0a553b604b0e:c4174]
2019-07-08 23:05:07,803 INFO  client.GrpcClientProtocolClient (GrpcClientProtocolClient.java:onNext(255)) - client-CEF4D3493DC0->4ee04582-2825-4055-a051-0465d62eb5ca: receive RaftClientReply:client-CEF4D3493DC0->4ee04582-2825-4055-a051-0465d62eb5ca@group-78E0FE5F723E, cid=2754, SUCCESS, logIndex=4177, commits[4ee04582-2825-4055-a051-0465d62eb5ca:c4178, 97f5b9f0-d9ef-40b5-ba79-7414923e623f:c4176, 7d686585-d831-45bc-93fc-0a553b604b0e:c4176]
2019-07-08 23:05:07,803 INFO  client.GrpcClientProtocolClient (GrpcClientProtocolClient.java:onNext(255)) - client-CEF4D3493DC0->4ee04582-2825-4055-a051-0465d62eb5ca: receive RaftClientReply:client-CEF4D3493DC0->4ee04582-2825-4055-a051-0465d62eb5ca@group-78E0FE5F723E, cid=2755, SUCCESS, logIndex=4178, commits[4ee04582-2825-4055-a051-0465d62eb5ca:c4180, 97f5b9f0-d9ef-40b5-ba79-7414923e623f:c4176, 7d686585-d831-45bc-93fc-0a553b604b0e:c4176]
2019-07-08 23:05:07,804 INFO  client.GrpcClientProtocolClient (GrpcClientProtocolClient.java:onNext(255)) - client-CEF4D3493DC0->4ee04582-2825-4055-a051-0465d62eb5ca: receive RaftClientReply:client-CEF4D3493DC0->4ee04582-2825-4055-a051-0465d62eb5ca@group-78E0FE5F723E, cid=2756, SUCCESS, logIndex=4179, commits[4ee04582-2825-4055-a051-0465d62eb5ca:c4180, 97f5b9f0-d9ef-40b5-ba79-7414923e623f:c4176, 7d686585-d831-45bc-93fc-0a553b604b0e:c4176]
2019-07-08 23:05:07,804 INFO  client.GrpcClientProtocolClient (GrpcClientProtocolClient.java:onNext(255)) - client-CEF4D3493DC0->4ee04582-2825-4055-a051-0465d62eb5ca: receive RaftClientReply:client-CEF4D3493DC0->4ee04582-2825-4055-a051-0465d62eb5ca@group-78E0FE5F723E, cid=2757, SUCCESS, logIndex=4180, commits[4ee04582-2825-4055-a051-0465d62eb5ca:c4180, 97f5b9f0-d9ef-40b5-ba79-7414923e623f:c4176, 7d686585-d831-45bc-93fc-0a553b604b0e:c4176]
2019-07-08 23:05:07,809 INFO  client.GrpcClientProtocolClient (GrpcClientProtocolClient.java:onNext(255)) - client-CEF4D3493DC0->4ee04582-2825-4055-a051-0465d62eb5ca: receive RaftClientReply:client-CEF4D3493DC0->4ee04582-2825-4055-a051-0465d62eb5ca@group-78E0FE5F723E, cid=2758, SUCCESS, logIndex=0, commits[4ee04582-2825-4055-a051-0465d62eb5ca:c4183, 97f5b9f0-d9ef-40b5-ba79-7414923e623f:c4180, 7d686585-d831-45bc-93fc-0a553b604b0e:c4178]
2019-07-08 23:05:07,830 INFO  client.GrpcClientProtocolClient (GrpcClientProtocolClient.java:onNext(255)) - client-CEF4D3493DC0->4ee04582-2825-4055-a051-0465d62eb5ca: receive RaftClientReply:client-CEF4D3493DC0->4ee04582-2825-4055-a051-0465d62eb5ca@group-78E0FE5F723E, cid=2759, SUCCESS, logIndex=4184, commits[4ee04582-2825-4055-a051-0465d62eb5ca:c4185, 97f5b9f0-d9ef-40b5-ba79-7414923e623f:c4183, 7d686585-d831-45bc-93fc-0a553b604b0e:c4183]
2019-07-08 23:05:07,830 INFO  client.GrpcClientProtocolClient (GrpcClientProtocolClient.java:onNext(255)) - client-CEF4D3493DC0->4ee04582-2825-4055-a051-0465d62eb5ca: receive RaftClientReply:client-CEF4D3493DC0->4ee04582-2825-4055-a051-0465d62eb5ca@group-78E0FE5F723E, cid=2760, SUCCESS, logIndex=4185, commits[4ee04582-2825-4055-a051-0465d62eb5ca:c4185, 97f5b9f0-d9ef-40b5-ba79-7414923e623f:c4183, 7d686585-d831-45bc-93fc-0a553b604b0e:c4183]
2019-07-08 23:05:07,843 INFO  client.GrpcClientProtocolClient (GrpcClientProtocolClient.java:onNext(255)) - client-CEF4D3493DC0->4ee04582-2825-4055-a051-0465d62eb5ca: receive RaftClientReply:client-CEF4D3493DC0->4ee04582-2825-4055-a051-0465d62eb5ca@group-78E0FE5F723E, cid=2761, SUCCESS, logIndex=4188, commits[4ee04582-2825-4055-a051-0465d62eb5ca:c4189, 97f5b9f0-d9ef-40b5-ba79-7414923e623f:c4187, 7d686585-d831-45bc-93fc-0a553b604b0e:c4185]
2019-07-08 23:05:07,843 INFO  client.GrpcClientProtocolClient (GrpcClientProtocolClient.java:onNext(255)) - client-CEF4D3493DC0->4ee04582-2825-4055-a051-0465d62eb5ca: receive RaftClientReply:client-CEF4D3493DC0->4ee04582-2825-4055-a051-0465d62eb5ca@group-78E0FE5F723E, cid=2762, SUCCESS, logIndex=4189, commits[4ee04582-2825-4055-a051-0465d62eb5ca:c4189, 97f5b9f0-d9ef-40b5-ba79-7414923e623f:c4187, 7d686585-d831-45bc-93fc-0a553b604b0e:c4187]
2019-07-08 23:05:07,847 INFO  client.GrpcClientProtocolClient (GrpcClientProtocolClient.java:onNext(255)) - client-CEF4D3493DC0->4ee04582-2825-4055-a051-0465d62eb5ca: receive RaftClientReply:client-CEF4D3493DC0->4ee04582-2825-4055-a051-0465d62eb5ca@group-78E0FE5F723E, cid=2763, SUCCESS, logIndex=0, commits[4ee04582-2825-4055-a051-0465d62eb5ca:c4190, 97f5b9f0-d9ef-40b5-ba79-7414923e623f:c4189, 7d686585-d831-45bc-93fc-0a553b604b0e:c4189]
2019-07-08 23:05:07,873 INFO  client.GrpcClientProtocolClient (GrpcClientProtocolClient.java:onNext(255)) - client-CEF4D3493DC0->4ee04582-2825-4055-a051-0465d62eb5ca: receive RaftClientReply:client-CEF4D3493DC0->4ee04582-2825-4055-a051-0465d62eb5ca@group-78E0FE5F723E, cid=2764, SUCCESS, logIndex=4192, commits[4ee04582-2825-4055-a051-0465d62eb5ca:c4194, 97f5b9f0-d9ef-40b5-ba79-7414923e623f:c4191, 7d686585-d831-45bc-93fc-0a553b604b0e:c4189]
2019-07-08 23:05:07,874 INFO  client.GrpcClientProtocolClient (GrpcClientProtocolClient.java:onNext(255)) - client-CEF4D3493DC0->4ee04582-2825-4055-a051-0465d62eb5ca: receive RaftClientReply:client-CEF4D3493DC0->4ee04582-2825-4055-a051-0465d62eb5ca@group-78E0FE5F723E, cid=2765, SUCCESS, logIndex=4193, commits[4ee04582-2825-4055-a051-0465d62eb5ca:c4195, 97f5b9f0-d9ef-40b5-ba79-7414923e623f:c4191, 7d686585-d831-45bc-93fc-0a553b604b0e:c4191]
2019-07-08 23:05:07,874 INFO  client.GrpcClientProtocolClient (GrpcClientProtocolClient.java:onNext(255)) - client-CEF4D3493DC0->4ee04582-2825-4055-a051-0465d62eb5ca: receive RaftClientReply:client-CEF4D3493DC0->4ee04582-2825-4055-a051-0465d62eb5ca@group-78E0FE5F723E, cid=2766, SUCCESS, logIndex=4194, commits[4ee04582-2825-4055-a051-0465d62eb5ca:c4195, 97f5b9f0-d9ef-40b5-ba79-7414923e623f:c4191, 7d686585-d831-45bc-93fc-0a553b604b0e:c4191]
2019-07-08 23:05:07,875 INFO  client.GrpcClientProtocolClient (GrpcClientProtocolClient.java:onNext(255)) - client-CEF4D3493DC0->4ee04582-2825-4055-a051-0465d62eb5ca: receive RaftClientReply:client-CEF4D3493DC0->4ee04582-2825-4055-a051-0465d62eb5ca@group-78E0FE5F723E, cid=2767, SUCCESS, logIndex=4195, commits[4ee04582-2825-4055-a051-0465d62eb5ca:c4195, 97f5b9f0-d9ef-40b5-ba79-7414923e623f:c4191, 7d686585-d831-45bc-93fc-0a553b604b0e:c4191]
2019-07-08 23:05:07,876 INFO  client.GrpcClientProtocolClient (GrpcClientProtocolClient.java:onNext(255)) - client-CEF4D3493DC0->4ee04582-2825-4055-a051-0465d62eb5ca: receive RaftClientReply:client-CEF4D3493DC0->4ee04582-2825-4055-a051-0465d62eb5ca@group-78E0FE5F723E, cid=2768, SUCCESS, logIndex=0, commits[4ee04582-2825-4055-a051-0465d62eb5ca:c4196, 97f5b9f0-d9ef-40b5-ba79-7414923e623f:c4193, 7d686585-d831-45bc-93fc-0a553b604b0e:c4193]
2019-07-08 23:05:07,890 INFO  client.GrpcClientProtocolClient (GrpcClientProtocolClient.java:onNext(255)) - client-CEF4D3493DC0->4ee04582-2825-4055-a051-0465d62eb5ca: receive RaftClientReply:client-CEF4D3493DC0->4ee04582-2825-4055-a051-0465d62eb5ca@group-78E0FE5F723E, cid=2769, SUCCESS, logIndex=4200, commits[4ee04582-2825-4055-a051-0465d62eb5ca:c4201, 97f5b9f0-d9ef-40b5-ba79-7414923e623f:c4199, 7d686585-d831-45bc-93fc-0a553b604b0e:c4195]
2019-07-08 23:05:07,890 INFO  client.GrpcClientProtocolClient (GrpcClientProtocolClient.java:onNext(255)) - client-CEF4D3493DC0->4ee04582-2825-4055-a051-0465d62eb5ca: receive RaftClientReply:client-CEF4D3493DC0->4ee04582-2825-4055-a051-0465d62eb5ca@group-78E0FE5F723E, cid=2770, SUCCESS, logIndex=4201, commits[4ee04582-2825-4055-a051-0465d62eb5ca:c4201, 97f5b9f0-d9ef-40b5-ba79-7414923e623f:c4199, 7d686585-d831-45bc-93fc-0a553b604b0e:c4199]
 0.00% |█                                                                                                    |  0/1 Time: 0:00:172019-07-08 23:05:07,911 INFO  client.GrpcClientProtocolClient (GrpcClientProtocolClient.java:onNext(255)) - client-CEF4D3493DC0->4ee04582-2825-4055-a051-0465d62eb5ca: receive RaftClientReply:client-CEF4D3493DC0->4ee04582-2825-4055-a051-0465d62eb5ca@group-78E0FE5F723E, cid=2771, SUCCESS, logIndex=4204, commits[4ee04582-2825-4055-a051-0465d62eb5ca:c4205, 97f5b9f0-d9ef-40b5-ba79-7414923e623f:c4201, 7d686585-d831-45bc-93fc-0a553b604b0e:c4203]
2019-07-08 23:05:07,911 INFO  client.GrpcClientProtocolClient (GrpcClientProtocolClient.java:onNext(255)) - client-CEF4D3493DC0->4ee04582-2825-4055-a051-0465d62eb5ca: receive RaftClientReply:client-CEF4D3493DC0->4ee04582-2825-4055-a051-0465d62eb5ca@group-78E0FE5F723E, cid=2772, SUCCESS, logIndex=4205, commits[4ee04582-2825-4055-a051-0465d62eb5ca:c4205, 97f5b9f0-d9ef-40b5-ba79-7414923e623f:c4202, 7d686585-d831-45bc-93fc-0a553b604b0e:c4203]
2019-07-08 23:05:07,914 INFO  client.GrpcClientProtocolClient (GrpcClientProtocolClient.java:onNext(255)) - client-CEF4D3493DC0->4ee04582-2825-4055-a051-0465d62eb5ca: receive RaftClientReply:client-CEF4D3493DC0->4ee04582-2825-4055-a051-0465d62eb5ca@group-78E0FE5F723E, cid=2773, SUCCESS, logIndex=0, commits[4ee04582-2825-4055-a051-0465d62eb5ca:c4206, 97f5b9f0-d9ef-40b5-ba79-7414923e623f:c4205, 7d686585-d831-45bc-93fc-0a553b604b0e:c4205]
2019-07-08 23:05:07,939 INFO  client.GrpcClientProtocolClient (GrpcClientProtocolClient.java:onNext(255)) - client-CEF4D3493DC0->4ee04582-2825-4055-a051-0465d62eb5ca: receive RaftClientReply:client-CEF4D3493DC0->4ee04582-2825-4055-a051-0465d62eb5ca@group-78E0FE5F723E, cid=2774, SUCCESS, logIndex=4208, commits[4ee04582-2825-4055-a051-0465d62eb5ca:c4209, 97f5b9f0-d9ef-40b5-ba79-7414923e623f:c4207, 7d686585-d831-45bc-93fc-0a553b604b0e:c4205]
2019-07-08 23:05:07,940 INFO  client.GrpcClientProtocolClient (GrpcClientProtocolClient.java:onNext(255)) - client-CEF4D3493DC0->4ee04582-2825-4055-a051-0465d62eb5ca: receive RaftClientReply:client-CEF4D3493DC0->4ee04582-2825-4055-a051-0465d62eb5ca@group-78E0FE5F723E, cid=2775, SUCCESS, logIndex=4209, commits[4ee04582-2825-4055-a051-0465d62eb5ca:c4209, 97f5b9f0-d9ef-40b5-ba79-7414923e623f:c4207, 7d686585-d831-45bc-93fc-0a553b604b0e:c4205]
2019-07-08 23:05:07,942 INFO  client.GrpcClientProtocolClient (GrpcClientProtocolClient.java:onNext(255)) - client-CEF4D3493DC0->4ee04582-2825-4055-a051-0465d62eb5ca: receive RaftClientReply:client-CEF4D3493DC0->4ee04582-2825-4055-a051-0465d62eb5ca@group-78E0FE5F723E, cid=2776, SUCCESS, logIndex=4210, commits[4ee04582-2825-4055-a051-0465d62eb5ca:c4211, 97f5b9f0-d9ef-40b5-ba79-7414923e623f:c4207, 7d686585-d831-45bc-93fc-0a553b604b0e:c4207]
2019-07-08 23:05:07,942 INFO  client.GrpcClientProtocolClient (GrpcClientProtocolClient.java:onNext(255)) - client-CEF4D3493DC0->4ee04582-2825-4055-a051-0465d62eb5ca: receive RaftClientReply:client-CEF4D3493DC0->4ee04582-2825-4055-a051-0465d62eb5ca@group-78E0FE5F723E, cid=2777, SUCCESS, logIndex=4211, commits[4ee04582-2825-4055-a051-0465d62eb5ca:c4211, 97f5b9f0-d9ef-40b5-ba79-7414923e623f:c4208, 7d686585-d831-45bc-93fc-0a553b604b0e:c4207]
2019-07-08 23:05:07,945 INFO  client.GrpcClientProtocolClient (GrpcClientProtocolClient.java:onNext(255)) - client-CEF4D3493DC0->4ee04582-2825-4055-a051-0465d62eb5ca: receive RaftClientReply:client-CEF4D3493DC0->4ee04582-2825-4055-a051-0465d62eb5ca@group-78E0FE5F723E, cid=2778, SUCCESS, logIndex=0, commits[4ee04582-2825-4055-a051-0465d62eb5ca:c4213, 97f5b9f0-d9ef-40b5-ba79-7414923e623f:c4209, 7d686585-d831-45bc-93fc-0a553b604b0e:c4209]
2019-07-08 23:05:07,957 INFO  client.GrpcClientProtocolClient (GrpcClientProtocolClient.java:onNext(255)) - client-CEF4D3493DC0->4ee04582-2825-4055-a051-0465d62eb5ca: receive RaftClientReply:client-CEF4D3493DC0->4ee04582-2825-4055-a051-0465d62eb5ca@group-78E0FE5F723E, cid=2779, SUCCESS, logIndex=4216, commits[4ee04582-2825-4055-a051-0465d62eb5ca:c4217, 97f5b9f0-d9ef-40b5-ba79-7414923e623f:c4215, 7d686585-d831-45bc-93fc-0a553b604b0e:c4215]
2019-07-08 23:05:07,957 INFO  client.GrpcClientProtocolClient (GrpcClientProtocolClient.java:onNext(255)) - client-CEF4D3493DC0->4ee04582-2825-4055-a051-0465d62eb5ca: receive RaftClientReply:client-CEF4D3493DC0->4ee04582-2825-4055-a051-0465d62eb5ca@group-78E0FE5F723E, cid=2780, SUCCESS, logIndex=4217, commits[4ee04582-2825-4055-a051-0465d62eb5ca:c4217, 97f5b9f0-d9ef-40b5-ba79-7414923e623f:c4215, 7d686585-d831-45bc-93fc-0a553b604b0e:c4215]
2019-07-08 23:05:07,969 INFO  client.GrpcClientProtocolClient (GrpcClientProtocolClient.java:onNext(255)) - client-CEF4D3493DC0->4ee04582-2825-4055-a051-0465d62eb5ca: receive RaftClientReply:client-CEF4D3493DC0->4ee04582-2825-4055-a051-0465d62eb5ca@group-78E0FE5F723E, cid=2781, SUCCESS, logIndex=4220, commits[4ee04582-2825-4055-a051-0465d62eb5ca:c4221, 97f5b9f0-d9ef-40b5-ba79-7414923e623f:c4217, 7d686585-d831-45bc-93fc-0a553b604b0e:c4219]
2019-07-08 23:05:07,969 INFO  client.GrpcClientProtocolClient (GrpcClientProtocolClient.java:onNext(255)) - client-CEF4D3493DC0->4ee04582-2825-4055-a051-0465d62eb5ca: receive RaftClientReply:client-CEF4D3493DC0->4ee04582-2825-4055-a051-0465d62eb5ca@group-78E0FE5F723E, cid=2782, SUCCESS, logIndex=4221, commits[4ee04582-2825-4055-a051-0465d62eb5ca:c4221, 97f5b9f0-d9ef-40b5-ba79-7414923e623f:c4217, 7d686585-d831-45bc-93fc-0a553b604b0e:c4219]
2019-07-08 23:05:07,975 INFO  client.GrpcClientProtocolClient (GrpcClientProtocolClient.java:onNext(255)) - client-CEF4D3493DC0->4ee04582-2825-4055-a051-0465d62eb5ca: receive RaftClientReply:client-CEF4D3493DC0->4ee04582-2825-4055-a051-0465d62eb5ca@group-78E0FE5F723E, cid=2783, SUCCESS, logIndex=0, commits[4ee04582-2825-4055-a051-0465d62eb5ca:c4223, 97f5b9f0-d9ef-40b5-ba79-7414923e623f:c4221, 7d686585-d831-45bc-93fc-0a553b604b0e:c4221]
2019-07-08 23:05:07,994 INFO  client.GrpcClientProtocolClient (GrpcClientProtocolClient.java:onNext(255)) - client-CEF4D3493DC0->4ee04582-2825-4055-a051-0465d62eb5ca: receive RaftClientReply:client-CEF4D3493DC0->4ee04582-2825-4055-a051-0465d62eb5ca@group-78E0FE5F723E, cid=2784, SUCCESS, logIndex=4224, commits[4ee04582-2825-4055-a051-0465d62eb5ca:c4225, 97f5b9f0-d9ef-40b5-ba79-7414923e623f:c4221, 7d686585-d831-45bc-93fc-0a553b604b0e:c4223]
2019-07-08 23:05:07,995 INFO  client.GrpcClientProtocolClient (GrpcClientProtocolClient.java:onNext(255)) - client-CEF4D3493DC0->4ee04582-2825-4055-a051-0465d62eb5ca: receive RaftClientReply:client-CEF4D3493DC0->4ee04582-2825-4055-a051-0465d62eb5ca@group-78E0FE5F723E, cid=2785, SUCCESS, logIndex=4225, commits[4ee04582-2825-4055-a051-0465d62eb5ca:c4225, 97f5b9f0-d9ef-40b5-ba79-7414923e623f:c4221, 7d686585-d831-45bc-93fc-0a553b604b0e:c4223]
2019-07-08 23:05:07,999 INFO  client.GrpcClientProtocolClient (GrpcClientProtocolClient.java:onNext(255)) - client-CEF4D3493DC0->4ee04582-2825-4055-a051-0465d62eb5ca: receive RaftClientReply:client-CEF4D3493DC0->4ee04582-2825-4055-a051-0465d62eb5ca@group-78E0FE5F723E, cid=2786, SUCCESS, logIndex=4226, commits[4ee04582-2825-4055-a051-0465d62eb5ca:c4228, 97f5b9f0-d9ef-40b5-ba79-7414923e623f:c4223, 7d686585-d831-45bc-93fc-0a553b604b0e:c4224]
2019-07-08 23:05:07,999 INFO  client.GrpcClientProtocolClient (GrpcClientProtocolClient.java:onNext(255)) - client-CEF4D3493DC0->4ee04582-2825-4055-a051-0465d62eb5ca: receive RaftClientReply:client-CEF4D3493DC0->4ee04582-2825-4055-a051-0465d62eb5ca@group-78E0FE5F723E, cid=2787, SUCCESS, logIndex=4227, commits[4ee04582-2825-4055-a051-0465d62eb5ca:c4229, 97f5b9f0-d9ef-40b5-ba79-7414923e623f:c4223, 7d686585-d831-45bc-93fc-0a553b604b0e:c4225]
2019-07-08 23:05:08,000 INFO  client.GrpcClientProtocolClient (GrpcClientProtocolClient.java:onNext(255)) - client-CEF4D3493DC0->4ee04582-2825-4055-a051-0465d62eb5ca: receive RaftClientReply:client-CEF4D3493DC0->4ee04582-2825-4055-a051-0465d62eb5ca@group-78E0FE5F723E, cid=2788, SUCCESS, logIndex=0, commits[4ee04582-2825-4055-a051-0465d62eb5ca:c4230, 97f5b9f0-d9ef-40b5-ba79-7414923e623f:c4225, 7d686585-d831-45bc-93fc-0a553b604b0e:c4226]
2019-07-08 23:05:08,012 INFO  client.GrpcClientProtocolClient (GrpcClientProtocolClient.java:onNext(255)) - client-CEF4D3493DC0->4ee04582-2825-4055-a051-0465d62eb5ca: receive RaftClientReply:client-CEF4D3493DC0->4ee04582-2825-4055-a051-0465d62eb5ca@group-78E0FE5F723E, cid=2789, SUCCESS, logIndex=4232, commits[4ee04582-2825-4055-a051-0465d62eb5ca:c4233, 97f5b9f0-d9ef-40b5-ba79-7414923e623f:c4231, 7d686585-d831-45bc-93fc-0a553b604b0e:c4227]
2019-07-08 23:05:08,013 INFO  client.GrpcClientProtocolClient (GrpcClientProtocolClient.java:onNext(255)) - client-CEF4D3493DC0->4ee04582-2825-4055-a051-0465d62eb5ca: receive RaftClientReply:client-CEF4D3493DC0->4ee04582-2825-4055-a051-0465d62eb5ca@group-78E0FE5F723E, cid=2790, SUCCESS, logIndex=4233, commits[4ee04582-2825-4055-a051-0465d62eb5ca:c4233, 97f5b9f0-d9ef-40b5-ba79-7414923e623f:c4231, 7d686585-d831-45bc-93fc-0a553b604b0e:c4231]
2019-07-08 23:05:08,022 INFO  client.GrpcClientProtocolClient (GrpcClientProtocolClient.java:onNext(255)) - client-CEF4D3493DC0->4ee04582-2825-4055-a051-0465d62eb5ca: receive RaftClientReply:client-CEF4D3493DC0->4ee04582-2825-4055-a051-0465d62eb5ca@group-78E0FE5F723E, cid=2791, SUCCESS, logIndex=4236, commits[4ee04582-2825-4055-a051-0465d62eb5ca:c4237, 97f5b9f0-d9ef-40b5-ba79-7414923e623f:c4235, 7d686585-d831-45bc-93fc-0a553b604b0e:c4233]
2019-07-08 23:05:08,023 INFO  client.GrpcClientProtocolClient (GrpcClientProtocolClient.java:onNext(255)) - client-CEF4D3493DC0->4ee04582-2825-4055-a051-0465d62eb5ca: receive RaftClientReply:client-CEF4D3493DC0->4ee04582-2825-4055-a051-0465d62eb5ca@group-78E0FE5F723E, cid=2792, SUCCESS, logIndex=4237, commits[4ee04582-2825-4055-a051-0465d62eb5ca:c4237, 97f5b9f0-d9ef-40b5-ba79-7414923e623f:c4235, 7d686585-d831-45bc-93fc-0a553b604b0e:c4235]
2019-07-08 23:05:08,025 INFO  client.GrpcClientProtocolClient (GrpcClientProtocolClient.java:onNext(255)) - client-CEF4D3493DC0->4ee04582-2825-4055-a051-0465d62eb5ca: receive RaftClientReply:client-CEF4D3493DC0->4ee04582-2825-4055-a051-0465d62eb5ca@group-78E0FE5F723E, cid=2793, SUCCESS, logIndex=0, commits[4ee04582-2825-4055-a051-0465d62eb5ca:c4238, 97f5b9f0-d9ef-40b5-ba79-7414923e623f:c4237, 7d686585-d831-45bc-93fc-0a553b604b0e:c4237]
2019-07-08 23:05:08,054 INFO  client.GrpcClientProtocolClient (GrpcClientProtocolClient.java:onNext(255)) - client-CEF4D3493DC0->4ee04582-2825-4055-a051-0465d62eb5ca: receive RaftClientReply:client-CEF4D3493DC0->4ee04582-2825-4055-a051-0465d62eb5ca@group-78E0FE5F723E, cid=2794, SUCCESS, logIndex=4240, commits[4ee04582-2825-4055-a051-0465d62eb5ca:c4241, 97f5b9f0-d9ef-40b5-ba79-7414923e623f:c4239, 7d686585-d831-45bc-93fc-0a553b604b0e:c4237]
2019-07-08 23:05:08,054 INFO  client.GrpcClientProtocolClient (GrpcClientProtocolClient.java:onNext(255)) - client-CEF4D3493DC0->4ee04582-2825-4055-a051-0465d62eb5ca: receive RaftClientReply:client-CEF4D3493DC0->4ee04582-2825-4055-a051-0465d62eb5ca@group-78E0FE5F723E, cid=2795, SUCCESS, logIndex=4241, commits[4ee04582-2825-4055-a051-0465d62eb5ca:c4241, 97f5b9f0-d9ef-40b5-ba79-7414923e623f:c4239, 7d686585-d831-45bc-93fc-0a553b604b0e:c4237]
2019-07-08 23:05:08,060 INFO  client.GrpcClientProtocolClient (GrpcClientProtocolClient.java:onNext(255)) - client-CEF4D3493DC0->4ee04582-2825-4055-a051-0465d62eb5ca: receive RaftClientReply:client-CEF4D3493DC0->4ee04582-2825-4055-a051-0465d62eb5ca@group-78E0FE5F723E, cid=2796, SUCCESS, logIndex=4242, commits[4ee04582-2825-4055-a051-0465d62eb5ca:c4243, 97f5b9f0-d9ef-40b5-ba79-7414923e623f:c4239, 7d686585-d831-45bc-93fc-0a553b604b0e:c4239]
2019-07-08 23:05:08,061 INFO  client.GrpcClientProtocolClient (GrpcClientProtocolClient.java:onNext(255)) - client-CEF4D3493DC0->4ee04582-2825-4055-a051-0465d62eb5ca: receive RaftClientReply:client-CEF4D3493DC0->4ee04582-2825-4055-a051-0465d62eb5ca@group-78E0FE5F723E, cid=2797, SUCCESS, logIndex=4243, commits[4ee04582-2825-4055-a051-0465d62eb5ca:c4243, 97f5b9f0-d9ef-40b5-ba79-7414923e623f:c4239, 7d686585-d831-45bc-93fc-0a553b604b0e:c4239]
2019-07-08 23:05:08,062 INFO  client.GrpcClientProtocolClient (GrpcClientProtocolClient.java:onNext(255)) - client-CEF4D3493DC0->4ee04582-2825-4055-a051-0465d62eb5ca: receive RaftClientReply:client-CEF4D3493DC0->4ee04582-2825-4055-a051-0465d62eb5ca@group-78E0FE5F723E, cid=2798, SUCCESS, logIndex=0, commits[4ee04582-2825-4055-a051-0465d62eb5ca:c4245, 97f5b9f0-d9ef-40b5-ba79-7414923e623f:c4241, 7d686585-d831-45bc-93fc-0a553b604b0e:c4241]
2019-07-08 23:05:08,074 INFO  client.GrpcClientProtocolClient (GrpcClientProtocolClient.java:onNext(255)) - client-CEF4D3493DC0->4ee04582-2825-4055-a051-0465d62eb5ca: receive RaftClientReply:client-CEF4D3493DC0->4ee04582-2825-4055-a051-0465d62eb5ca@group-78E0FE5F723E, cid=2799, SUCCESS, logIndex=4248, commits[4ee04582-2825-4055-a051-0465d62eb5ca:c4249, 97f5b9f0-d9ef-40b5-ba79-7414923e623f:c4247, 7d686585-d831-45bc-93fc-0a553b604b0e:c4247]
2019-07-08 23:05:08,074 INFO  client.GrpcClientProtocolClient (GrpcClientProtocolClient.java:onNext(255)) - client-CEF4D3493DC0->4ee04582-2825-4055-a051-0465d62eb5ca: receive RaftClientReply:client-CEF4D3493DC0->4ee04582-2825-4055-a051-0465d62eb5ca@group-78E0FE5F723E, cid=2800, SUCCESS, logIndex=4249, commits[4ee04582-2825-4055-a051-0465d62eb5ca:c4249, 97f5b9f0-d9ef-40b5-ba79-7414923e623f:c4247, 7d686585-d831-45bc-93fc-0a553b604b0e:c4247]
2019-07-08 23:05:08,083 INFO  client.GrpcClientProtocolClient (GrpcClientProtocolClient.java:onNext(255)) - client-CEF4D3493DC0->4ee04582-2825-4055-a051-0465d62eb5ca: receive RaftClientReply:client-CEF4D3493DC0->4ee04582-2825-4055-a051-0465d62eb5ca@group-78E0FE5F723E, cid=2801, SUCCESS, logIndex=4252, commits[4ee04582-2825-4055-a051-0465d62eb5ca:c4253, 97f5b9f0-d9ef-40b5-ba79-7414923e623f:c4251, 7d686585-d831-45bc-93fc-0a553b604b0e:c4249]
2019-07-08 23:05:08,084 INFO  client.GrpcClientProtocolClient (GrpcClientProtocolClient.java:onNext(255)) - client-CEF4D3493DC0->4ee04582-2825-4055-a051-0465d62eb5ca: receive RaftClientReply:client-CEF4D3493DC0->4ee04582-2825-4055-a051-0465d62eb5ca@group-78E0FE5F723E, cid=2802, SUCCESS, logIndex=4253, commits[4ee04582-2825-4055-a051-0465d62eb5ca:c4253, 97f5b9f0-d9ef-40b5-ba79-7414923e623f:c4251, 7d686585-d831-45bc-93fc-0a553b604b0e:c4249]
2019-07-08 23:05:08,088 INFO  client.GrpcClientProtocolClient (GrpcClientProtocolClient.java:onNext(255)) - client-CEF4D3493DC0->4ee04582-2825-4055-a051-0465d62eb5ca: receive RaftClientReply:client-CEF4D3493DC0->4ee04582-2825-4055-a051-0465d62eb5ca@group-78E0FE5F723E, cid=2803, SUCCESS, logIndex=0, commits[4ee04582-2825-4055-a051-0465d62eb5ca:c4253, 97f5b9f0-d9ef-40b5-ba79-7414923e623f:c4253, 7d686585-d831-45bc-93fc-0a553b604b0e:c4253]
2019-07-08 23:05:08,106 INFO  client.GrpcClientProtocolClient (GrpcClientProtocolClient.java:onNext(255)) - client-CEF4D3493DC0->4ee04582-2825-4055-a051-0465d62eb5ca: receive RaftClientReply:client-CEF4D3493DC0->4ee04582-2825-4055-a051-0465d62eb5ca@group-78E0FE5F723E, cid=2804, SUCCESS, logIndex=4255, commits[4ee04582-2825-4055-a051-0465d62eb5ca:c4256, 97f5b9f0-d9ef-40b5-ba79-7414923e623f:c4254, 7d686585-d831-45bc-93fc-0a553b604b0e:c4253]
2019-07-08 23:05:08,107 INFO  client.GrpcClientProtocolClient (GrpcClientProtocolClient.java:onNext(255)) - client-CEF4D3493DC0->4ee04582-2825-4055-a051-0465d62eb5ca: receive RaftClientReply:client-CEF4D3493DC0->4ee04582-2825-4055-a051-0465d62eb5ca@group-78E0FE5F723E, cid=2805, SUCCESS, logIndex=4256, commits[4ee04582-2825-4055-a051-0465d62eb5ca:c4256, 97f5b9f0-d9ef-40b5-ba79-7414923e623f:c4254, 7d686585-d831-45bc-93fc-0a553b604b0e:c4253]
2019-07-08 23:05:08,109 INFO  client.GrpcClientProtocolClient (GrpcClientProtocolClient.java:onNext(255)) - client-CEF4D3493DC0->4ee04582-2825-4055-a051-0465d62eb5ca: receive RaftClientReply:client-CEF4D3493DC0->4ee04582-2825-4055-a051-0465d62eb5ca@group-78E0FE5F723E, cid=2806, SUCCESS, logIndex=4257, commits[4ee04582-2825-4055-a051-0465d62eb5ca:c4258, 97f5b9f0-d9ef-40b5-ba79-7414923e623f:c4254, 7d686585-d831-45bc-93fc-0a553b604b0e:c4254]
2019-07-08 23:05:08,110 INFO  client.GrpcClientProtocolClient (GrpcClientProtocolClient.java:onNext(255)) - client-CEF4D3493DC0->4ee04582-2825-4055-a051-0465d62eb5ca: receive RaftClientReply:client-CEF4D3493DC0->4ee04582-2825-4055-a051-0465d62eb5ca@group-78E0FE5F723E, cid=2807, SUCCESS, logIndex=4258, commits[4ee04582-2825-4055-a051-0465d62eb5ca:c4259, 97f5b9f0-d9ef-40b5-ba79-7414923e623f:c4256, 7d686585-d831-45bc-93fc-0a553b604b0e:c4254]
2019-07-08 23:05:08,111 INFO  client.GrpcClientProtocolClient (GrpcClientProtocolClient.java:onNext(255)) - client-CEF4D3493DC0->4ee04582-2825-4055-a051-0465d62eb5ca: receive RaftClientReply:client-CEF4D3493DC0->4ee04582-2825-4055-a051-0465d62eb5ca@group-78E0FE5F723E, cid=2808, SUCCESS, logIndex=0, commits[4ee04582-2825-4055-a051-0465d62eb5ca:c4260, 97f5b9f0-d9ef-40b5-ba79-7414923e623f:c4256, 7d686585-d831-45bc-93fc-0a553b604b0e:c4256]
2019-07-08 23:05:08,121 INFO  client.GrpcClientProtocolClient (GrpcClientProtocolClient.java:onNext(255)) - client-CEF4D3493DC0->4ee04582-2825-4055-a051-0465d62eb5ca: receive RaftClientReply:client-CEF4D3493DC0->4ee04582-2825-4055-a051-0465d62eb5ca@group-78E0FE5F723E, cid=2809, SUCCESS, logIndex=4263, commits[4ee04582-2825-4055-a051-0465d62eb5ca:c4264, 97f5b9f0-d9ef-40b5-ba79-7414923e623f:c4262, 7d686585-d831-45bc-93fc-0a553b604b0e:c4258]
2019-07-08 23:05:08,121 INFO  client.GrpcClientProtocolClient (GrpcClientProtocolClient.java:onNext(255)) - client-CEF4D3493DC0->4ee04582-2825-4055-a051-0465d62eb5ca: receive RaftClientReply:client-CEF4D3493DC0->4ee04582-2825-4055-a051-0465d62eb5ca@group-78E0FE5F723E, cid=2810, SUCCESS, logIndex=4264, commits[4ee04582-2825-4055-a051-0465d62eb5ca:c4264, 97f5b9f0-d9ef-40b5-ba79-7414923e623f:c4262, 7d686585-d831-45bc-93fc-0a553b604b0e:c4262]
2019-07-08 23:05:08,131 INFO  client.GrpcClientProtocolClient (GrpcClientProtocolClient.java:onNext(255)) - client-CEF4D3493DC0->4ee04582-2825-4055-a051-0465d62eb5ca: receive RaftClientReply:client-CEF4D3493DC0->4ee04582-2825-4055-a051-0465d62eb5ca@group-78E0FE5F723E, cid=2811, SUCCESS, logIndex=4267, commits[4ee04582-2825-4055-a051-0465d62eb5ca:c4268, 97f5b9f0-d9ef-40b5-ba79-7414923e623f:c4265, 7d686585-d831-45bc-93fc-0a553b604b0e:c4264]
2019-07-08 23:05:08,131 INFO  client.GrpcClientProtocolClient (GrpcClientProtocolClient.java:onNext(255)) - client-CEF4D3493DC0->4ee04582-2825-4055-a051-0465d62eb5ca: receive RaftClientReply:client-CEF4D3493DC0->4ee04582-2825-4055-a051-0465d62eb5ca@group-78E0FE5F723E, cid=2812, SUCCESS, logIndex=4268, commits[4ee04582-2825-4055-a051-0465d62eb5ca:c4268, 97f5b9f0-d9ef-40b5-ba79-7414923e623f:c4265, 7d686585-d831-45bc-93fc-0a553b604b0e:c4265]
2019-07-08 23:05:08,146 INFO  client.GrpcClientProtocolClient (GrpcClientProtocolClient.java:onNext(255)) - client-CEF4D3493DC0->4ee04582-2825-4055-a051-0465d62eb5ca: receive RaftClientReply:client-CEF4D3493DC0->4ee04582-2825-4055-a051-0465d62eb5ca@group-78E0FE5F723E, cid=2813, SUCCESS, logIndex=0, commits[4ee04582-2825-4055-a051-0465d62eb5ca:c4269, 97f5b9f0-d9ef-40b5-ba79-7414923e623f:c4268, 7d686585-d831-45bc-93fc-0a553b604b0e:c4268]
2019-07-08 23:05:08,164 INFO  client.GrpcClientProtocolClient (GrpcClientProtocolClient.java:onNext(255)) - client-CEF4D3493DC0->4ee04582-2825-4055-a051-0465d62eb5ca: receive RaftClientReply:client-CEF4D3493DC0->4ee04582-2825-4055-a051-0465d62eb5ca@group-78E0FE5F723E, cid=2814, SUCCESS, logIndex=4271, commits[4ee04582-2825-4055-a051-0465d62eb5ca:c4272, 97f5b9f0-d9ef-40b5-ba79-7414923e623f:c4270, 7d686585-d831-45bc-93fc-0a553b604b0e:c4268]
2019-07-08 23:05:08,165 INFO  client.GrpcClientProtocolClient (GrpcClientProtocolClient.java:onNext(255)) - client-CEF4D3493DC0->4ee04582-2825-4055-a051-0465d62eb5ca: receive RaftClientReply:client-CEF4D3493DC0->4ee04582-2825-4055-a051-0465d62eb5ca@group-78E0FE5F723E, cid=2815, SUCCESS, logIndex=4272, commits[4ee04582-2825-4055-a051-0465d62eb5ca:c4272, 97f5b9f0-d9ef-40b5-ba79-7414923e623f:c4270, 7d686585-d831-45bc-93fc-0a553b604b0e:c4270]
2019-07-08 23:05:08,165 INFO  client.GrpcClientProtocolClient (GrpcClientProtocolClient.java:onNext(255)) - client-CEF4D3493DC0->4ee04582-2825-4055-a051-0465d62eb5ca: receive RaftClientReply:client-CEF4D3493DC0->4ee04582-2825-4055-a051-0465d62eb5ca@group-78E0FE5F723E, cid=2816, SUCCESS, logIndex=4273, commits[4ee04582-2825-4055-a051-0465d62eb5ca:c4273, 97f5b9f0-d9ef-40b5-ba79-7414923e623f:c4270, 7d686585-d831-45bc-93fc-0a553b604b0e:c4270]
2019-07-08 23:05:08,165 INFO  client.GrpcClientProtocolClient (GrpcClientProtocolClient.java:onNext(255)) - client-CEF4D3493DC0->4ee04582-2825-4055-a051-0465d62eb5ca: receive RaftClientReply:client-CEF4D3493DC0->4ee04582-2825-4055-a051-0465d62eb5ca@group-78E0FE5F723E, cid=2817, SUCCESS, logIndex=4274, commits[4ee04582-2825-4055-a051-0465d62eb5ca:c4274, 97f5b9f0-d9ef-40b5-ba79-7414923e623f:c4270, 7d686585-d831-45bc-93fc-0a553b604b0e:c4270]
2019-07-08 23:05:08,170 INFO  client.GrpcClientProtocolClient (GrpcClientProtocolClient.java:onNext(255)) - client-CEF4D3493DC0->4ee04582-2825-4055-a051-0465d62eb5ca: receive RaftClientReply:client-CEF4D3493DC0->4ee04582-2825-4055-a051-0465d62eb5ca@group-78E0FE5F723E, cid=2818, SUCCESS, logIndex=0, commits[4ee04582-2825-4055-a051-0465d62eb5ca:c4276, 97f5b9f0-d9ef-40b5-ba79-7414923e623f:c4272, 7d686585-d831-45bc-93fc-0a553b604b0e:c4272]
2019-07-08 23:05:08,180 INFO  client.GrpcClientProtocolClient (GrpcClientProtocolClient.java:onNext(255)) - client-CEF4D3493DC0->4ee04582-2825-4055-a051-0465d62eb5ca: receive RaftClientReply:client-CEF4D3493DC0->4ee04582-2825-4055-a051-0465d62eb5ca@group-78E0FE5F723E, cid=2819, SUCCESS, logIndex=4279, commits[4ee04582-2825-4055-a051-0465d62eb5ca:c4280, 97f5b9f0-d9ef-40b5-ba79-7414923e623f:c4278, 7d686585-d831-45bc-93fc-0a553b604b0e:c4278]
2019-07-08 23:05:08,180 INFO  client.GrpcClientProtocolClient (GrpcClientProtocolClient.java:onNext(255)) - client-CEF4D3493DC0->4ee04582-2825-4055-a051-0465d62eb5ca: receive RaftClientReply:client-CEF4D3493DC0->4ee04582-2825-4055-a051-0465d62eb5ca@group-78E0FE5F723E, cid=2820, SUCCESS, logIndex=4280, commits[4ee04582-2825-4055-a051-0465d62eb5ca:c4280, 97f5b9f0-d9ef-40b5-ba79-7414923e623f:c4278, 7d686585-d831-45bc-93fc-0a553b604b0e:c4278]
2019-07-08 23:05:08,189 INFO  client.GrpcClientProtocolClient (GrpcClientProtocolClient.java:onNext(255)) - client-CEF4D3493DC0->4ee04582-2825-4055-a051-0465d62eb5ca: receive RaftClientReply:client-CEF4D3493DC0->4ee04582-2825-4055-a051-0465d62eb5ca@group-78E0FE5F723E, cid=2821, SUCCESS, logIndex=4283, commits[4ee04582-2825-4055-a051-0465d62eb5ca:c4284, 97f5b9f0-d9ef-40b5-ba79-7414923e623f:c4282, 7d686585-d831-45bc-93fc-0a553b604b0e:c4280]
2019-07-08 23:05:08,190 INFO  client.GrpcClientProtocolClient (GrpcClientProtocolClient.java:onNext(255)) - client-CEF4D3493DC0->4ee04582-2825-4055-a051-0465d62eb5ca: receive RaftClientReply:client-CEF4D3493DC0->4ee04582-2825-4055-a051-0465d62eb5ca@group-78E0FE5F723E, cid=2822, SUCCESS, logIndex=4284, commits[4ee04582-2825-4055-a051-0465d62eb5ca:c4284, 97f5b9f0-d9ef-40b5-ba79-7414923e623f:c4282, 7d686585-d831-45bc-93fc-0a553b604b0e:c4282]
2019-07-08 23:05:08,196 INFO  client.GrpcClientProtocolClient (GrpcClientProtocolClient.java:onNext(255)) - client-CEF4D3493DC0->4ee04582-2825-4055-a051-0465d62eb5ca: receive RaftClientReply:client-CEF4D3493DC0->4ee04582-2825-4055-a051-0465d62eb5ca@group-78E0FE5F723E, cid=2823, SUCCESS, logIndex=0, commits[4ee04582-2825-4055-a051-0465d62eb5ca:c4285, 97f5b9f0-d9ef-40b5-ba79-7414923e623f:c4284, 7d686585-d831-45bc-93fc-0a553b604b0e:c4284]
2019-07-08 23:05:08,219 INFO  client.GrpcClientProtocolClient (GrpcClientProtocolClient.java:onNext(255)) - client-CEF4D3493DC0->4ee04582-2825-4055-a051-0465d62eb5ca: receive RaftClientReply:client-CEF4D3493DC0->4ee04582-2825-4055-a051-0465d62eb5ca@group-78E0FE5F723E, cid=2824, SUCCESS, logIndex=4287, commits[4ee04582-2825-4055-a051-0465d62eb5ca:c4289, 97f5b9f0-d9ef-40b5-ba79-7414923e623f:c4286, 7d686585-d831-45bc-93fc-0a553b604b0e:c4284]
2019-07-08 23:05:08,219 INFO  client.GrpcClientProtocolClient (GrpcClientProtocolClient.java:onNext(255)) - client-CEF4D3493DC0->4ee04582-2825-4055-a051-0465d62eb5ca: receive RaftClientReply:client-CEF4D3493DC0->4ee04582-2825-4055-a051-0465d62eb5ca@group-78E0FE5F723E, cid=2825, SUCCESS, logIndex=4288, commits[4ee04582-2825-4055-a051-0465d62eb5ca:c4290, 97f5b9f0-d9ef-40b5-ba79-7414923e623f:c4286, 7d686585-d831-45bc-93fc-0a553b604b0e:c4286]
2019-07-08 23:05:08,219 INFO  client.GrpcClientProtocolClient (GrpcClientProtocolClient.java:onNext(255)) - client-CEF4D3493DC0->4ee04582-2825-4055-a051-0465d62eb5ca: receive RaftClientReply:client-CEF4D3493DC0->4ee04582-2825-4055-a051-0465d62eb5ca@group-78E0FE5F723E, cid=2826, SUCCESS, logIndex=4289, commits[4ee04582-2825-4055-a051-0465d62eb5ca:c4290, 97f5b9f0-d9ef-40b5-ba79-7414923e623f:c4286, 7d686585-d831-45bc-93fc-0a553b604b0e:c4286]
2019-07-08 23:05:08,219 INFO  client.GrpcClientProtocolClient (GrpcClientProtocolClient.java:onNext(255)) - client-CEF4D3493DC0->4ee04582-2825-4055-a051-0465d62eb5ca: receive RaftClientReply:client-CEF4D3493DC0->4ee04582-2825-4055-a051-0465d62eb5ca@group-78E0FE5F723E, cid=2827, SUCCESS, logIndex=4290, commits[4ee04582-2825-4055-a051-0465d62eb5ca:c4290, 97f5b9f0-d9ef-40b5-ba79-7414923e623f:c4286, 7d686585-d831-45bc-93fc-0a553b604b0e:c4286]
2019-07-08 23:05:08,224 INFO  client.GrpcClientProtocolClient (GrpcClientProtocolClient.java:onNext(255)) - client-CEF4D3493DC0->4ee04582-2825-4055-a051-0465d62eb5ca: receive RaftClientReply:client-CEF4D3493DC0->4ee04582-2825-4055-a051-0465d62eb5ca@group-78E0FE5F723E, cid=2828, SUCCESS, logIndex=0, commits[4ee04582-2825-4055-a051-0465d62eb5ca:c4292, 97f5b9f0-d9ef-40b5-ba79-7414923e623f:c4288, 7d686585-d831-45bc-93fc-0a553b604b0e:c4288]
2019-07-08 23:05:08,234 INFO  client.GrpcClientProtocolClient (GrpcClientProtocolClient.java:onNext(255)) - client-CEF4D3493DC0->4ee04582-2825-4055-a051-0465d62eb5ca: receive RaftClientReply:client-CEF4D3493DC0->4ee04582-2825-4055-a051-0465d62eb5ca@group-78E0FE5F723E, cid=2829, SUCCESS, logIndex=4295, commits[4ee04582-2825-4055-a051-0465d62eb5ca:c4296, 97f5b9f0-d9ef-40b5-ba79-7414923e623f:c4294, 7d686585-d831-45bc-93fc-0a553b604b0e:c4290]
2019-07-08 23:05:08,235 INFO  client.GrpcClientProtocolClient (GrpcClientProtocolClient.java:onNext(255)) - client-CEF4D3493DC0->4ee04582-2825-4055-a051-0465d62eb5ca: receive RaftClientReply:client-CEF4D3493DC0->4ee04582-2825-4055-a051-0465d62eb5ca@group-78E0FE5F723E, cid=2830, SUCCESS, logIndex=4296, commits[4ee04582-2825-4055-a051-0465d62eb5ca:c4296, 97f5b9f0-d9ef-40b5-ba79-7414923e623f:c4294, 7d686585-d831-45bc-93fc-0a553b604b0e:c4294]
2019-07-08 23:05:08,245 INFO  client.GrpcClientProtocolClient (GrpcClientProtocolClient.java:onNext(255)) - client-CEF4D3493DC0->4ee04582-2825-4055-a051-0465d62eb5ca: receive RaftClientReply:client-CEF4D3493DC0->4ee04582-2825-4055-a051-0465d62eb5ca@group-78E0FE5F723E, cid=2831, SUCCESS, logIndex=4299, commits[4ee04582-2825-4055-a051-0465d62eb5ca:c4300, 97f5b9f0-d9ef-40b5-ba79-7414923e623f:c4298, 7d686585-d831-45bc-93fc-0a553b604b0e:c4296]
2019-07-08 23:05:08,245 INFO  client.GrpcClientProtocolClient (GrpcClientProtocolClient.java:onNext(255)) - client-CEF4D3493DC0->4ee04582-2825-4055-a051-0465d62eb5ca: receive RaftClientReply:client-CEF4D3493DC0->4ee04582-2825-4055-a051-0465d62eb5ca@group-78E0FE5F723E, cid=2832, SUCCESS, logIndex=4300, commits[4ee04582-2825-4055-a051-0465d62eb5ca:c4300, 97f5b9f0-d9ef-40b5-ba79-7414923e623f:c4298, 7d686585-d831-45bc-93fc-0a553b604b0e:c4298]
2019-07-08 23:05:08,247 INFO  client.GrpcClientProtocolClient (GrpcClientProtocolClient.java:onNext(255)) - client-CEF4D3493DC0->4ee04582-2825-4055-a051-0465d62eb5ca: receive RaftClientReply:client-CEF4D3493DC0->4ee04582-2825-4055-a051-0465d62eb5ca@group-78E0FE5F723E, cid=2833, SUCCESS, logIndex=0, commits[4ee04582-2825-4055-a051-0465d62eb5ca:c4301, 97f5b9f0-d9ef-40b5-ba79-7414923e623f:c4300, 7d686585-d831-45bc-93fc-0a553b604b0e:c4300]
2019-07-08 23:05:08,401 INFO  client.GrpcClientProtocolClient (GrpcClientProtocolClient.java:onNext(255)) - client-CEF4D3493DC0->4ee04582-2825-4055-a051-0465d62eb5ca: receive RaftClientReply:client-CEF4D3493DC0->4ee04582-2825-4055-a051-0465d62eb5ca@group-78E0FE5F723E, cid=2834, SUCCESS, logIndex=4303, commits[4ee04582-2825-4055-a051-0465d62eb5ca:c4304, 97f5b9f0-d9ef-40b5-ba79-7414923e623f:c4302, 7d686585-d831-45bc-93fc-0a553b604b0e:c4300]
2019-07-08 23:05:08,401 INFO  client.GrpcClientProtocolClient (GrpcClientProtocolClient.java:onNext(255)) - client-CEF4D3493DC0->4ee04582-2825-4055-a051-0465d62eb5ca: receive RaftClientReply:client-CEF4D3493DC0->4ee04582-2825-4055-a051-0465d62eb5ca@group-78E0FE5F723E, cid=2835, SUCCESS, logIndex=4304, commits[4ee04582-2825-4055-a051-0465d62eb5ca:c4304, 97f5b9f0-d9ef-40b5-ba79-7414923e623f:c4302, 7d686585-d831-45bc-93fc-0a553b604b0e:c4302]
2019-07-08 23:05:08,403 INFO  client.GrpcClientProtocolClient (GrpcClientProtocolClient.java:onNext(255)) - client-CEF4D3493DC0->4ee04582-2825-4055-a051-0465d62eb5ca: receive RaftClientReply:client-CEF4D3493DC0->4ee04582-2825-4055-a051-0465d62eb5ca@group-78E0FE5F723E, cid=2836, SUCCESS, logIndex=4305, commits[4ee04582-2825-4055-a051-0465d62eb5ca:c4306, 97f5b9f0-d9ef-40b5-ba79-7414923e623f:c4304, 7d686585-d831-45bc-93fc-0a553b604b0e:c4302]
2019-07-08 23:05:08,403 INFO  client.GrpcClientProtocolClient (GrpcClientProtocolClient.java:onNext(255)) - client-CEF4D3493DC0->4ee04582-2825-4055-a051-0465d62eb5ca: receive RaftClientReply:client-CEF4D3493DC0->4ee04582-2825-4055-a051-0465d62eb5ca@group-78E0FE5F723E, cid=2837, SUCCESS, logIndex=4306, commits[4ee04582-2825-4055-a051-0465d62eb5ca:c4308, 97f5b9f0-d9ef-40b5-ba79-7414923e623f:c4304, 7d686585-d831-45bc-93fc-0a553b604b0e:c4302]
2019-07-08 23:05:08,404 INFO  client.GrpcClientProtocolClient (GrpcClientProtocolClient.java:onNext(255)) - client-CEF4D3493DC0->4ee04582-2825-4055-a051-0465d62eb5ca: receive RaftClientReply:client-CEF4D3493DC0->4ee04582-2825-4055-a051-0465d62eb5ca@group-78E0FE5F723E, cid=2838, SUCCESS, logIndex=0, commits[4ee04582-2825-4055-a051-0465d62eb5ca:c4309, 97f5b9f0-d9ef-40b5-ba79-7414923e623f:c4306, 7d686585-d831-45bc-93fc-0a553b604b0e:c4304]
2019-07-08 23:05:08,416 INFO  client.GrpcClientProtocolClient (GrpcClientProtocolClient.java:onNext(255)) - client-CEF4D3493DC0->4ee04582-2825-4055-a051-0465d62eb5ca: receive RaftClientReply:client-CEF4D3493DC0->4ee04582-2825-4055-a051-0465d62eb5ca@group-78E0FE5F723E, cid=2839, SUCCESS, logIndex=4311, commits[4ee04582-2825-4055-a051-0465d62eb5ca:c4312, 97f5b9f0-d9ef-40b5-ba79-7414923e623f:c4310, 7d686585-d831-45bc-93fc-0a553b604b0e:c4306]
2019-07-08 23:05:08,416 INFO  client.GrpcClientProtocolClient (GrpcClientProtocolClient.java:onNext(255)) - client-CEF4D3493DC0->4ee04582-2825-4055-a051-0465d62eb5ca: receive RaftClientReply:client-CEF4D3493DC0->4ee04582-2825-4055-a051-0465d62eb5ca@group-78E0FE5F723E, cid=2840, SUCCESS, logIndex=4312, commits[4ee04582-2825-4055-a051-0465d62eb5ca:c4312, 97f5b9f0-d9ef-40b5-ba79-7414923e623f:c4310, 7d686585-d831-45bc-93fc-0a553b604b0e:c4310]
2019-07-08 23:05:08,428 INFO  client.GrpcClientProtocolClient (GrpcClientProtocolClient.java:onNext(255)) - client-CEF4D3493DC0->4ee04582-2825-4055-a051-0465d62eb5ca: receive RaftClientReply:client-CEF4D3493DC0->4ee04582-2825-4055-a051-0465d62eb5ca@group-78E0FE5F723E, cid=2841, SUCCESS, logIndex=4315, commits[4ee04582-2825-4055-a051-0465d62eb5ca:c4316, 97f5b9f0-d9ef-40b5-ba79-7414923e623f:c4312, 7d686585-d831-45bc-93fc-0a553b604b0e:c4314]
2019-07-08 23:05:08,429 INFO  client.GrpcClientProtocolClient (GrpcClientProtocolClient.java:onNext(255)) - client-CEF4D3493DC0->4ee04582-2825-4055-a051-0465d62eb5ca: receive RaftClientReply:client-CEF4D3493DC0->4ee04582-2825-4055-a051-0465d62eb5ca@group-78E0FE5F723E, cid=2842, SUCCESS, logIndex=4316, commits[4ee04582-2825-4055-a051-0465d62eb5ca:c4316, 97f5b9f0-d9ef-40b5-ba79-7414923e623f:c4314, 7d686585-d831-45bc-93fc-0a553b604b0e:c4314]
2019-07-08 23:05:08,432 INFO  client.GrpcClientProtocolClient (GrpcClientProtocolClient.java:onNext(255)) - client-CEF4D3493DC0->4ee04582-2825-4055-a051-0465d62eb5ca: receive RaftClientReply:client-CEF4D3493DC0->4ee04582-2825-4055-a051-0465d62eb5ca@group-78E0FE5F723E, cid=2843, SUCCESS, logIndex=0, commits[4ee04582-2825-4055-a051-0465d62eb5ca:c4317, 97f5b9f0-d9ef-40b5-ba79-7414923e623f:c4316, 7d686585-d831-45bc-93fc-0a553b604b0e:c4316]
2019-07-08 23:05:08,453 INFO  client.GrpcClientProtocolClient (GrpcClientProtocolClient.java:onNext(255)) - client-CEF4D3493DC0->4ee04582-2825-4055-a051-0465d62eb5ca: receive RaftClientReply:client-CEF4D3493DC0->4ee04582-2825-4055-a051-0465d62eb5ca@group-78E0FE5F723E, cid=2844, SUCCESS, logIndex=4319, commits[4ee04582-2825-4055-a051-0465d62eb5ca:c4322, 97f5b9f0-d9ef-40b5-ba79-7414923e623f:c4318, 7d686585-d831-45bc-93fc-0a553b604b0e:c4318]
2019-07-08 23:05:08,454 INFO  client.GrpcClientProtocolClient (GrpcClientProtocolClient.java:onNext(255)) - client-CEF4D3493DC0->4ee04582-2825-4055-a051-0465d62eb5ca: receive RaftClientReply:client-CEF4D3493DC0->4ee04582-2825-4055-a051-0465d62eb5ca@group-78E0FE5F723E, cid=2845, SUCCESS, logIndex=4320, commits[4ee04582-2825-4055-a051-0465d62eb5ca:c4322, 97f5b9f0-d9ef-40b5-ba79-7414923e623f:c4318, 7d686585-d831-45bc-93fc-0a553b604b0e:c4318]
2019-07-08 23:05:08,454 INFO  client.GrpcClientProtocolClient (GrpcClientProtocolClient.java:onNext(255)) - client-CEF4D3493DC0->4ee04582-2825-4055-a051-0465d62eb5ca: receive RaftClientReply:client-CEF4D3493DC0->4ee04582-2825-4055-a051-0465d62eb5ca@group-78E0FE5F723E, cid=2846, SUCCESS, logIndex=4321, commits[4ee04582-2825-4055-a051-0465d62eb5ca:c4322, 97f5b9f0-d9ef-40b5-ba79-7414923e623f:c4318, 7d686585-d831-45bc-93fc-0a553b604b0e:c4318]
2019-07-08 23:05:08,454 INFO  client.GrpcClientProtocolClient (GrpcClientProtocolClient.java:onNext(255)) - client-CEF4D3493DC0->4ee04582-2825-4055-a051-0465d62eb5ca: receive RaftClientReply:client-CEF4D3493DC0->4ee04582-2825-4055-a051-0465d62eb5ca@group-78E0FE5F723E, cid=2847, SUCCESS, logIndex=4322, commits[4ee04582-2825-4055-a051-0465d62eb5ca:c4322, 97f5b9f0-d9ef-40b5-ba79-7414923e623f:c4318, 7d686585-d831-45bc-93fc-0a553b604b0e:c4318]
2019-07-08 23:05:08,458 INFO  client.GrpcClientProtocolClient (GrpcClientProtocolClient.java:onNext(255)) - client-CEF4D3493DC0->4ee04582-2825-4055-a051-0465d62eb5ca: receive RaftClientReply:client-CEF4D3493DC0->4ee04582-2825-4055-a051-0465d62eb5ca@group-78E0FE5F723E, cid=2848, SUCCESS, logIndex=0, commits[4ee04582-2825-4055-a051-0465d62eb5ca:c4324, 97f5b9f0-d9ef-40b5-ba79-7414923e623f:c4320, 7d686585-d831-45bc-93fc-0a553b604b0e:c4320]
2019-07-08 23:05:08,476 INFO  client.GrpcClientProtocolClient (GrpcClientProtocolClient.java:onNext(255)) - client-CEF4D3493DC0->4ee04582-2825-4055-a051-0465d62eb5ca: receive RaftClientReply:client-CEF4D3493DC0->4ee04582-2825-4055-a051-0465d62eb5ca@group-78E0FE5F723E, cid=2849, SUCCESS, logIndex=4327, commits[4ee04582-2825-4055-a051-0465d62eb5ca:c4327, 97f5b9f0-d9ef-40b5-ba79-7414923e623f:c4326, 7d686585-d831-45bc-93fc-0a553b604b0e:c4326]
2019-07-08 23:05:08,476 INFO  client.GrpcClientProtocolClient (GrpcClientProtocolClient.java:onNext(255)) - client-CEF4D3493DC0->4ee04582-2825-4055-a051-0465d62eb5ca: receive RaftClientReply:client-CEF4D3493DC0->4ee04582-2825-4055-a051-0465d62eb5ca@group-78E0FE5F723E, cid=2850, SUCCESS, logIndex=4328, commits[4ee04582-2825-4055-a051-0465d62eb5ca:c4328, 97f5b9f0-d9ef-40b5-ba79-7414923e623f:c4326, 7d686585-d831-45bc-93fc-0a553b604b0e:c4326]
2019-07-08 23:05:08,486 INFO  client.GrpcClientProtocolClient (GrpcClientProtocolClient.java:onNext(255)) - client-CEF4D3493DC0->4ee04582-2825-4055-a051-0465d62eb5ca: receive RaftClientReply:client-CEF4D3493DC0->4ee04582-2825-4055-a051-0465d62eb5ca@group-78E0FE5F723E, cid=2851, SUCCESS, logIndex=4331, commits[4ee04582-2825-4055-a051-0465d62eb5ca:c4332, 97f5b9f0-d9ef-40b5-ba79-7414923e623f:c4329, 7d686585-d831-45bc-93fc-0a553b604b0e:c4328]
2019-07-08 23:05:08,487 INFO  client.GrpcClientProtocolClient (GrpcClientProtocolClient.java:onNext(255)) - client-CEF4D3493DC0->4ee04582-2825-4055-a051-0465d62eb5ca: receive RaftClientReply:client-CEF4D3493DC0->4ee04582-2825-4055-a051-0465d62eb5ca@group-78E0FE5F723E, cid=2852, SUCCESS, logIndex=4332, commits[4ee04582-2825-4055-a051-0465d62eb5ca:c4332, 97f5b9f0-d9ef-40b5-ba79-7414923e623f:c4329, 7d686585-d831-45bc-93fc-0a553b604b0e:c4328]
2019-07-08 23:05:08,494 INFO  client.GrpcClientProtocolClient (GrpcClientProtocolClient.java:onNext(255)) - client-CEF4D3493DC0->4ee04582-2825-4055-a051-0465d62eb5ca: receive RaftClientReply:client-CEF4D3493DC0->4ee04582-2825-4055-a051-0465d62eb5ca@group-78E0FE5F723E, cid=2853, SUCCESS, logIndex=0, commits[4ee04582-2825-4055-a051-0465d62eb5ca:c4334, 97f5b9f0-d9ef-40b5-ba79-7414923e623f:c4332, 7d686585-d831-45bc-93fc-0a553b604b0e:c4332]
2019-07-08 23:05:08,518 INFO  client.GrpcClientProtocolClient (GrpcClientProtocolClient.java:onNext(255)) - client-CEF4D3493DC0->4ee04582-2825-4055-a051-0465d62eb5ca: receive RaftClientReply:client-CEF4D3493DC0->4ee04582-2825-4055-a051-0465d62eb5ca@group-78E0FE5F723E, cid=2854, SUCCESS, logIndex=4335, commits[4ee04582-2825-4055-a051-0465d62eb5ca:c4336, 97f5b9f0-d9ef-40b5-ba79-7414923e623f:c4332, 7d686585-d831-45bc-93fc-0a553b604b0e:c4334]
2019-07-08 23:05:08,518 INFO  client.GrpcClientProtocolClient (GrpcClientProtocolClient.java:onNext(255)) - client-CEF4D3493DC0->4ee04582-2825-4055-a051-0465d62eb5ca: receive RaftClientReply:client-CEF4D3493DC0->4ee04582-2825-4055-a051-0465d62eb5ca@group-78E0FE5F723E, cid=2855, SUCCESS, logIndex=4336, commits[4ee04582-2825-4055-a051-0465d62eb5ca:c4336, 97f5b9f0-d9ef-40b5-ba79-7414923e623f:c4332, 7d686585-d831-45bc-93fc-0a553b604b0e:c4334]
2019-07-08 23:05:08,521 INFO  client.GrpcClientProtocolClient (GrpcClientProtocolClient.java:onNext(255)) - client-CEF4D3493DC0->4ee04582-2825-4055-a051-0465d62eb5ca: receive RaftClientReply:client-CEF4D3493DC0->4ee04582-2825-4055-a051-0465d62eb5ca@group-78E0FE5F723E, cid=2856, SUCCESS, logIndex=4337, commits[4ee04582-2825-4055-a051-0465d62eb5ca:c4338, 97f5b9f0-d9ef-40b5-ba79-7414923e623f:c4334, 7d686585-d831-45bc-93fc-0a553b604b0e:c4336]
2019-07-08 23:05:08,521 INFO  client.GrpcClientProtocolClient (GrpcClientProtocolClient.java:onNext(255)) - client-CEF4D3493DC0->4ee04582-2825-4055-a051-0465d62eb5ca: receive RaftClientReply:client-CEF4D3493DC0->4ee04582-2825-4055-a051-0465d62eb5ca@group-78E0FE5F723E, cid=2857, SUCCESS, logIndex=4338, commits[4ee04582-2825-4055-a051-0465d62eb5ca:c4340, 97f5b9f0-d9ef-40b5-ba79-7414923e623f:c4334, 7d686585-d831-45bc-93fc-0a553b604b0e:c4336]
2019-07-08 23:05:08,522 INFO  client.GrpcClientProtocolClient (GrpcClientProtocolClient.java:onNext(255)) - client-CEF4D3493DC0->4ee04582-2825-4055-a051-0465d62eb5ca: receive RaftClientReply:client-CEF4D3493DC0->4ee04582-2825-4055-a051-0465d62eb5ca@group-78E0FE5F723E, cid=2858, SUCCESS, logIndex=0, commits[4ee04582-2825-4055-a051-0465d62eb5ca:c4340, 97f5b9f0-d9ef-40b5-ba79-7414923e623f:c4336, 7d686585-d831-45bc-93fc-0a553b604b0e:c4336]
2019-07-08 23:05:08,533 INFO  client.GrpcClientProtocolClient (GrpcClientProtocolClient.java:onNext(255)) - client-CEF4D3493DC0->4ee04582-2825-4055-a051-0465d62eb5ca: receive RaftClientReply:client-CEF4D3493DC0->4ee04582-2825-4055-a051-0465d62eb5ca@group-78E0FE5F723E, cid=2859, SUCCESS, logIndex=4343, commits[4ee04582-2825-4055-a051-0465d62eb5ca:c4344, 97f5b9f0-d9ef-40b5-ba79-7414923e623f:c4342, 7d686585-d831-45bc-93fc-0a553b604b0e:c4342]
2019-07-08 23:05:08,534 INFO  client.GrpcClientProtocolClient (GrpcClientProtocolClient.java:onNext(255)) - client-CEF4D3493DC0->4ee04582-2825-4055-a051-0465d62eb5ca: receive RaftClientReply:client-CEF4D3493DC0->4ee04582-2825-4055-a051-0465d62eb5ca@group-78E0FE5F723E, cid=2860, SUCCESS, logIndex=4344, commits[4ee04582-2825-4055-a051-0465d62eb5ca:c4344, 97f5b9f0-d9ef-40b5-ba79-7414923e623f:c4342, 7d686585-d831-45bc-93fc-0a553b604b0e:c4342]
2019-07-08 23:05:08,544 INFO  client.GrpcClientProtocolClient (GrpcClientProtocolClient.java:onNext(255)) - client-CEF4D3493DC0->4ee04582-2825-4055-a051-0465d62eb5ca: receive RaftClientReply:client-CEF4D3493DC0->4ee04582-2825-4055-a051-0465d62eb5ca@group-78E0FE5F723E, cid=2861, SUCCESS, logIndex=4347, commits[4ee04582-2825-4055-a051-0465d62eb5ca:c4348, 97f5b9f0-d9ef-40b5-ba79-7414923e623f:c4346, 7d686585-d831-45bc-93fc-0a553b604b0e:c4344]
2019-07-08 23:05:08,545 INFO  client.GrpcClientProtocolClient (GrpcClientProtocolClient.java:onNext(255)) - client-CEF4D3493DC0->4ee04582-2825-4055-a051-0465d62eb5ca: receive RaftClientReply:client-CEF4D3493DC0->4ee04582-2825-4055-a051-0465d62eb5ca@group-78E0FE5F723E, cid=2862, SUCCESS, logIndex=4348, commits[4ee04582-2825-4055-a051-0465d62eb5ca:c4348, 97f5b9f0-d9ef-40b5-ba79-7414923e623f:c4346, 7d686585-d831-45bc-93fc-0a553b604b0e:c4346]
2019-07-08 23:05:08,547 INFO  client.GrpcClientProtocolClient (GrpcClientProtocolClient.java:onNext(255)) - client-CEF4D3493DC0->4ee04582-2825-4055-a051-0465d62eb5ca: receive RaftClientReply:client-CEF4D3493DC0->4ee04582-2825-4055-a051-0465d62eb5ca@group-78E0FE5F723E, cid=2863, SUCCESS, logIndex=0, commits[4ee04582-2825-4055-a051-0465d62eb5ca:c4349, 97f5b9f0-d9ef-40b5-ba79-7414923e623f:c4348, 7d686585-d831-45bc-93fc-0a553b604b0e:c4348]
2019-07-08 23:05:08,577 INFO  client.GrpcClientProtocolClient (GrpcClientProtocolClient.java:onNext(255)) - client-CEF4D3493DC0->4ee04582-2825-4055-a051-0465d62eb5ca: receive RaftClientReply:client-CEF4D3493DC0->4ee04582-2825-4055-a051-0465d62eb5ca@group-78E0FE5F723E, cid=2864, SUCCESS, logIndex=4351, commits[4ee04582-2825-4055-a051-0465d62eb5ca:c4352, 97f5b9f0-d9ef-40b5-ba79-7414923e623f:c4350, 7d686585-d831-45bc-93fc-0a553b604b0e:c4350]
2019-07-08 23:05:08,578 INFO  client.GrpcClientProtocolClient (GrpcClientProtocolClient.java:onNext(255)) - client-CEF4D3493DC0->4ee04582-2825-4055-a051-0465d62eb5ca: receive RaftClientReply:client-CEF4D3493DC0->4ee04582-2825-4055-a051-0465d62eb5ca@group-78E0FE5F723E, cid=2865, SUCCESS, logIndex=4352, commits[4ee04582-2825-4055-a051-0465d62eb5ca:c4352, 97f5b9f0-d9ef-40b5-ba79-7414923e623f:c4350, 7d686585-d831-45bc-93fc-0a553b604b0e:c4350]
2019-07-08 23:05:08,578 INFO  client.GrpcClientProtocolClient (GrpcClientProtocolClient.java:onNext(255)) - client-CEF4D3493DC0->4ee04582-2825-4055-a051-0465d62eb5ca: receive RaftClientReply:client-CEF4D3493DC0->4ee04582-2825-4055-a051-0465d62eb5ca@group-78E0FE5F723E, cid=2866, SUCCESS, logIndex=4353, commits[4ee04582-2825-4055-a051-0465d62eb5ca:c4354, 97f5b9f0-d9ef-40b5-ba79-7414923e623f:c4350, 7d686585-d831-45bc-93fc-0a553b604b0e:c4350]
2019-07-08 23:05:08,578 INFO  client.GrpcClientProtocolClient (GrpcClientProtocolClient.java:onNext(255)) - client-CEF4D3493DC0->4ee04582-2825-4055-a051-0465d62eb5ca: receive RaftClientReply:client-CEF4D3493DC0->4ee04582-2825-4055-a051-0465d62eb5ca@group-78E0FE5F723E, cid=2867, SUCCESS, logIndex=4354, commits[4ee04582-2825-4055-a051-0465d62eb5ca:c4354, 97f5b9f0-d9ef-40b5-ba79-7414923e623f:c4350, 7d686585-d831-45bc-93fc-0a553b604b0e:c4350]
2019-07-08 23:05:08,582 INFO  client.GrpcClientProtocolClient (GrpcClientProtocolClient.java:onNext(255)) - client-CEF4D3493DC0->4ee04582-2825-4055-a051-0465d62eb5ca: receive RaftClientReply:client-CEF4D3493DC0->4ee04582-2825-4055-a051-0465d62eb5ca@group-78E0FE5F723E, cid=2868, SUCCESS, logIndex=0, commits[4ee04582-2825-4055-a051-0465d62eb5ca:c4356, 97f5b9f0-d9ef-40b5-ba79-7414923e623f:c4352, 7d686585-d831-45bc-93fc-0a553b604b0e:c4352]
2019-07-08 23:05:08,598 INFO  client.GrpcClientProtocolClient (GrpcClientProtocolClient.java:onNext(255)) - client-CEF4D3493DC0->4ee04582-2825-4055-a051-0465d62eb5ca: receive RaftClientReply:client-CEF4D3493DC0->4ee04582-2825-4055-a051-0465d62eb5ca@group-78E0FE5F723E, cid=2869, SUCCESS, logIndex=4358, commits[4ee04582-2825-4055-a051-0465d62eb5ca:c4359, 97f5b9f0-d9ef-40b5-ba79-7414923e623f:c4357, 7d686585-d831-45bc-93fc-0a553b604b0e:c4357]
2019-07-08 23:05:08,598 INFO  client.GrpcClientProtocolClient (GrpcClientProtocolClient.java:onNext(255)) - client-CEF4D3493DC0->4ee04582-2825-4055-a051-0465d62eb5ca: receive RaftClientReply:client-CEF4D3493DC0->4ee04582-2825-4055-a051-0465d62eb5ca@group-78E0FE5F723E, cid=2870, SUCCESS, logIndex=4359, commits[4ee04582-2825-4055-a051-0465d62eb5ca:c4359, 97f5b9f0-d9ef-40b5-ba79-7414923e623f:c4357, 7d686585-d831-45bc-93fc-0a553b604b0e:c4357]
2019-07-08 23:05:08,613 INFO  client.GrpcClientProtocolClient (GrpcClientProtocolClient.java:onNext(255)) - client-CEF4D3493DC0->4ee04582-2825-4055-a051-0465d62eb5ca: receive RaftClientReply:client-CEF4D3493DC0->4ee04582-2825-4055-a051-0465d62eb5ca@group-78E0FE5F723E, cid=2871, SUCCESS, logIndex=4362, commits[4ee04582-2825-4055-a051-0465d62eb5ca:c4363, 97f5b9f0-d9ef-40b5-ba79-7414923e623f:c4360, 7d686585-d831-45bc-93fc-0a553b604b0e:c4359]
2019-07-08 23:05:08,613 INFO  client.GrpcClientProtocolClient (GrpcClientProtocolClient.java:onNext(255)) - client-CEF4D3493DC0->4ee04582-2825-4055-a051-0465d62eb5ca: receive RaftClientReply:client-CEF4D3493DC0->4ee04582-2825-4055-a051-0465d62eb5ca@group-78E0FE5F723E, cid=2872, SUCCESS, logIndex=4363, commits[4ee04582-2825-4055-a051-0465d62eb5ca:c4363, 97f5b9f0-d9ef-40b5-ba79-7414923e623f:c4360, 7d686585-d831-45bc-93fc-0a553b604b0e:c4360]
2019-07-08 23:05:08,617 INFO  client.GrpcClientProtocolClient (GrpcClientProtocolClient.java:onNext(255)) - client-CEF4D3493DC0->4ee04582-2825-4055-a051-0465d62eb5ca: receive RaftClientReply:client-CEF4D3493DC0->4ee04582-2825-4055-a051-0465d62eb5ca@group-78E0FE5F723E, cid=2873, SUCCESS, logIndex=0, commits[4ee04582-2825-4055-a051-0465d62eb5ca:c4364, 97f5b9f0-d9ef-40b5-ba79-7414923e623f:c4363, 7d686585-d831-45bc-93fc-0a553b604b0e:c4363]
2019-07-08 23:05:08,642 INFO  client.GrpcClientProtocolClient (GrpcClientProtocolClient.java:onNext(255)) - client-CEF4D3493DC0->4ee04582-2825-4055-a051-0465d62eb5ca: receive RaftClientReply:client-CEF4D3493DC0->4ee04582-2825-4055-a051-0465d62eb5ca@group-78E0FE5F723E, cid=2874, SUCCESS, logIndex=4366, commits[4ee04582-2825-4055-a051-0465d62eb5ca:c4369, 97f5b9f0-d9ef-40b5-ba79-7414923e623f:c4365, 7d686585-d831-45bc-93fc-0a553b604b0e:c4365]
2019-07-08 23:05:08,642 INFO  client.GrpcClientProtocolClient (GrpcClientProtocolClient.java:onNext(255)) - client-CEF4D3493DC0->4ee04582-2825-4055-a051-0465d62eb5ca: receive RaftClientReply:client-CEF4D3493DC0->4ee04582-2825-4055-a051-0465d62eb5ca@group-78E0FE5F723E, cid=2875, SUCCESS, logIndex=4367, commits[4ee04582-2825-4055-a051-0465d62eb5ca:c4369, 97f5b9f0-d9ef-40b5-ba79-7414923e623f:c4365, 7d686585-d831-45bc-93fc-0a553b604b0e:c4365]
2019-07-08 23:05:08,643 INFO  client.GrpcClientProtocolClient (GrpcClientProtocolClient.java:onNext(255)) - client-CEF4D3493DC0->4ee04582-2825-4055-a051-0465d62eb5ca: receive RaftClientReply:client-CEF4D3493DC0->4ee04582-2825-4055-a051-0465d62eb5ca@group-78E0FE5F723E, cid=2876, SUCCESS, logIndex=4368, commits[4ee04582-2825-4055-a051-0465d62eb5ca:c4369, 97f5b9f0-d9ef-40b5-ba79-7414923e623f:c4365, 7d686585-d831-45bc-93fc-0a553b604b0e:c4365]
2019-07-08 23:05:08,644 INFO  client.GrpcClientProtocolClient (GrpcClientProtocolClient.java:onNext(255)) - client-CEF4D3493DC0->4ee04582-2825-4055-a051-0465d62eb5ca: receive RaftClientReply:client-CEF4D3493DC0->4ee04582-2825-4055-a051-0465d62eb5ca@group-78E0FE5F723E, cid=2877, SUCCESS, logIndex=4369, commits[4ee04582-2825-4055-a051-0465d62eb5ca:c4370, 97f5b9f0-d9ef-40b5-ba79-7414923e623f:c4365, 7d686585-d831-45bc-93fc-0a553b604b0e:c4367]
2019-07-08 23:05:08,644 INFO  client.GrpcClientProtocolClient (GrpcClientProtocolClient.java:onNext(255)) - client-CEF4D3493DC0->4ee04582-2825-4055-a051-0465d62eb5ca: receive RaftClientReply:client-CEF4D3493DC0->4ee04582-2825-4055-a051-0465d62eb5ca@group-78E0FE5F723E, cid=2878, SUCCESS, logIndex=0, commits[4ee04582-2825-4055-a051-0465d62eb5ca:c4373, 97f5b9f0-d9ef-40b5-ba79-7414923e623f:c4369, 7d686585-d831-45bc-93fc-0a553b604b0e:c4368]
2019-07-08 23:05:08,655 INFO  client.GrpcClientProtocolClient (GrpcClientProtocolClient.java:onNext(255)) - client-CEF4D3493DC0->4ee04582-2825-4055-a051-0465d62eb5ca: receive RaftClientReply:client-CEF4D3493DC0->4ee04582-2825-4055-a051-0465d62eb5ca@group-78E0FE5F723E, cid=2879, SUCCESS, logIndex=4374, commits[4ee04582-2825-4055-a051-0465d62eb5ca:c4375, 97f5b9f0-d9ef-40b5-ba79-7414923e623f:c4373, 7d686585-d831-45bc-93fc-0a553b604b0e:c4373]
2019-07-08 23:05:08,656 INFO  client.GrpcClientProtocolClient (GrpcClientProtocolClient.java:onNext(255)) - client-CEF4D3493DC0->4ee04582-2825-4055-a051-0465d62eb5ca: receive RaftClientReply:client-CEF4D3493DC0->4ee04582-2825-4055-a051-0465d62eb5ca@group-78E0FE5F723E, cid=2880, SUCCESS, logIndex=4375, commits[4ee04582-2825-4055-a051-0465d62eb5ca:c4375, 97f5b9f0-d9ef-40b5-ba79-7414923e623f:c4373, 7d686585-d831-45bc-93fc-0a553b604b0e:c4373]
2019-07-08 23:05:08,668 INFO  client.GrpcClientProtocolClient (GrpcClientProtocolClient.java:onNext(255)) - client-CEF4D3493DC0->4ee04582-2825-4055-a051-0465d62eb5ca: receive RaftClientReply:client-CEF4D3493DC0->4ee04582-2825-4055-a051-0465d62eb5ca@group-78E0FE5F723E, cid=2881, SUCCESS, logIndex=4378, commits[4ee04582-2825-4055-a051-0465d62eb5ca:c4379, 97f5b9f0-d9ef-40b5-ba79-7414923e623f:c4376, 7d686585-d831-45bc-93fc-0a553b604b0e:c4376]
2019-07-08 23:05:08,668 INFO  client.GrpcClientProtocolClient (GrpcClientProtocolClient.java:onNext(255)) - client-CEF4D3493DC0->4ee04582-2825-4055-a051-0465d62eb5ca: receive RaftClientReply:client-CEF4D3493DC0->4ee04582-2825-4055-a051-0465d62eb5ca@group-78E0FE5F723E, cid=2882, SUCCESS, logIndex=4379, commits[4ee04582-2825-4055-a051-0465d62eb5ca:c4379, 97f5b9f0-d9ef-40b5-ba79-7414923e623f:c4376, 7d686585-d831-45bc-93fc-0a553b604b0e:c4376]
2019-07-08 23:05:08,674 INFO  client.GrpcClientProtocolClient (GrpcClientProtocolClient.java:onNext(255)) - client-CEF4D3493DC0->4ee04582-2825-4055-a051-0465d62eb5ca: receive RaftClientReply:client-CEF4D3493DC0->4ee04582-2825-4055-a051-0465d62eb5ca@group-78E0FE5F723E, cid=2883, SUCCESS, logIndex=0, commits[4ee04582-2825-4055-a051-0465d62eb5ca:c4381, 97f5b9f0-d9ef-40b5-ba79-7414923e623f:c4379, 7d686585-d831-45bc-93fc-0a553b604b0e:c4379]
2019-07-08 23:05:08,697 INFO  client.GrpcClientProtocolClient (GrpcClientProtocolClient.java:onNext(255)) - client-CEF4D3493DC0->4ee04582-2825-4055-a051-0465d62eb5ca: receive RaftClientReply:client-CEF4D3493DC0->4ee04582-2825-4055-a051-0465d62eb5ca@group-78E0FE5F723E, cid=2884, SUCCESS, logIndex=4382, commits[4ee04582-2825-4055-a051-0465d62eb5ca:c4385, 97f5b9f0-d9ef-40b5-ba79-7414923e623f:c4381, 7d686585-d831-45bc-93fc-0a553b604b0e:c4379]
2019-07-08 23:05:08,698 INFO  client.GrpcClientProtocolClient (GrpcClientProtocolClient.java:onNext(255)) - client-CEF4D3493DC0->4ee04582-2825-4055-a051-0465d62eb5ca: receive RaftClientReply:client-CEF4D3493DC0->4ee04582-2825-4055-a051-0465d62eb5ca@group-78E0FE5F723E, cid=2885, SUCCESS, logIndex=4383, commits[4ee04582-2825-4055-a051-0465d62eb5ca:c4385, 97f5b9f0-d9ef-40b5-ba79-7414923e623f:c4381, 7d686585-d831-45bc-93fc-0a553b604b0e:c4381]
2019-07-08 23:05:08,698 INFO  client.GrpcClientProtocolClient (GrpcClientProtocolClient.java:onNext(255)) - client-CEF4D3493DC0->4ee04582-2825-4055-a051-0465d62eb5ca: receive RaftClientReply:client-CEF4D3493DC0->4ee04582-2825-4055-a051-0465d62eb5ca@group-78E0FE5F723E, cid=2886, SUCCESS, logIndex=4384, commits[4ee04582-2825-4055-a051-0465d62eb5ca:c4385, 97f5b9f0-d9ef-40b5-ba79-7414923e623f:c4381, 7d686585-d831-45bc-93fc-0a553b604b0e:c4381]
2019-07-08 23:05:08,698 INFO  client.GrpcClientProtocolClient (GrpcClientProtocolClient.java:onNext(255)) - client-CEF4D3493DC0->4ee04582-2825-4055-a051-0465d62eb5ca: receive RaftClientReply:client-CEF4D3493DC0->4ee04582-2825-4055-a051-0465d62eb5ca@group-78E0FE5F723E, cid=2887, SUCCESS, logIndex=4385, commits[4ee04582-2825-4055-a051-0465d62eb5ca:c4385, 97f5b9f0-d9ef-40b5-ba79-7414923e623f:c4381, 7d686585-d831-45bc-93fc-0a553b604b0e:c4381]
2019-07-08 23:05:08,701 INFO  client.GrpcClientProtocolClient (GrpcClientProtocolClient.java:onNext(255)) - client-CEF4D3493DC0->4ee04582-2825-4055-a051-0465d62eb5ca: receive RaftClientReply:client-CEF4D3493DC0->4ee04582-2825-4055-a051-0465d62eb5ca@group-78E0FE5F723E, cid=2888, SUCCESS, logIndex=0, commits[4ee04582-2825-4055-a051-0465d62eb5ca:c4386, 97f5b9f0-d9ef-40b5-ba79-7414923e623f:c4383, 7d686585-d831-45bc-93fc-0a553b604b0e:c4383]
2019-07-08 23:05:08,711 INFO  client.GrpcClientProtocolClient (GrpcClientProtocolClient.java:onNext(255)) - client-CEF4D3493DC0->4ee04582-2825-4055-a051-0465d62eb5ca: receive RaftClientReply:client-CEF4D3493DC0->4ee04582-2825-4055-a051-0465d62eb5ca@group-78E0FE5F723E, cid=2889, SUCCESS, logIndex=4390, commits[4ee04582-2825-4055-a051-0465d62eb5ca:c4391, 97f5b9f0-d9ef-40b5-ba79-7414923e623f:c4389, 7d686585-d831-45bc-93fc-0a553b604b0e:c4385]
2019-07-08 23:05:08,711 INFO  client.GrpcClientProtocolClient (GrpcClientProtocolClient.java:onNext(255)) - client-CEF4D3493DC0->4ee04582-2825-4055-a051-0465d62eb5ca: receive RaftClientReply:client-CEF4D3493DC0->4ee04582-2825-4055-a051-0465d62eb5ca@group-78E0FE5F723E, cid=2890, SUCCESS, logIndex=4391, commits[4ee04582-2825-4055-a051-0465d62eb5ca:c4391, 97f5b9f0-d9ef-40b5-ba79-7414923e623f:c4389, 7d686585-d831-45bc-93fc-0a553b604b0e:c4389]
2019-07-08 23:05:08,721 INFO  client.GrpcClientProtocolClient (GrpcClientProtocolClient.java:onNext(255)) - client-CEF4D3493DC0->4ee04582-2825-4055-a051-0465d62eb5ca: receive RaftClientReply:client-CEF4D3493DC0->4ee04582-2825-4055-a051-0465d62eb5ca@group-78E0FE5F723E, cid=2891, SUCCESS, logIndex=4394, commits[4ee04582-2825-4055-a051-0465d62eb5ca:c4395, 97f5b9f0-d9ef-40b5-ba79-7414923e623f:c4392, 7d686585-d831-45bc-93fc-0a553b604b0e:c4391]
2019-07-08 23:05:08,721 INFO  client.GrpcClientProtocolClient (GrpcClientProtocolClient.java:onNext(255)) - client-CEF4D3493DC0->4ee04582-2825-4055-a051-0465d62eb5ca: receive RaftClientReply:client-CEF4D3493DC0->4ee04582-2825-4055-a051-0465d62eb5ca@group-78E0FE5F723E, cid=2892, SUCCESS, logIndex=4395, commits[4ee04582-2825-4055-a051-0465d62eb5ca:c4395, 97f5b9f0-d9ef-40b5-ba79-7414923e623f:c4392, 7d686585-d831-45bc-93fc-0a553b604b0e:c4391]
2019-07-08 23:05:08,726 INFO  client.GrpcClientProtocolClient (GrpcClientProtocolClient.java:onNext(255)) - client-CEF4D3493DC0->4ee04582-2825-4055-a051-0465d62eb5ca: receive RaftClientReply:client-CEF4D3493DC0->4ee04582-2825-4055-a051-0465d62eb5ca@group-78E0FE5F723E, cid=2893, SUCCESS, logIndex=0, commits[4ee04582-2825-4055-a051-0465d62eb5ca:c4397, 97f5b9f0-d9ef-40b5-ba79-7414923e623f:c4395, 7d686585-d831-45bc-93fc-0a553b604b0e:c4395]
2019-07-08 23:05:08,744 INFO  client.GrpcClientProtocolClient (GrpcClientProtocolClient.java:onNext(255)) - client-CEF4D3493DC0->4ee04582-2825-4055-a051-0465d62eb5ca: receive RaftClientReply:client-CEF4D3493DC0->4ee04582-2825-4055-a051-0465d62eb5ca@group-78E0FE5F723E, cid=2894, SUCCESS, logIndex=4398, commits[4ee04582-2825-4055-a051-0465d62eb5ca:c4399, 97f5b9f0-d9ef-40b5-ba79-7414923e623f:c4397, 7d686585-d831-45bc-93fc-0a553b604b0e:c4395]
2019-07-08 23:05:08,744 INFO  client.GrpcClientProtocolClient (GrpcClientProtocolClient.java:onNext(255)) - client-CEF4D3493DC0->4ee04582-2825-4055-a051-0465d62eb5ca: receive RaftClientReply:client-CEF4D3493DC0->4ee04582-2825-4055-a051-0465d62eb5ca@group-78E0FE5F723E, cid=2895, SUCCESS, logIndex=4399, commits[4ee04582-2825-4055-a051-0465d62eb5ca:c4399, 97f5b9f0-d9ef-40b5-ba79-7414923e623f:c4397, 7d686585-d831-45bc-93fc-0a553b604b0e:c4395]
2019-07-08 23:05:08,748 INFO  client.GrpcClientProtocolClient (GrpcClientProtocolClient.java:onNext(255)) - client-CEF4D3493DC0->4ee04582-2825-4055-a051-0465d62eb5ca: receive RaftClientReply:client-CEF4D3493DC0->4ee04582-2825-4055-a051-0465d62eb5ca@group-78E0FE5F723E, cid=2896, SUCCESS, logIndex=4400, commits[4ee04582-2825-4055-a051-0465d62eb5ca:c4402, 97f5b9f0-d9ef-40b5-ba79-7414923e623f:c4398, 7d686585-d831-45bc-93fc-0a553b604b0e:c4397]
2019-07-08 23:05:08,748 INFO  client.GrpcClientProtocolClient (GrpcClientProtocolClient.java:onNext(255)) - client-CEF4D3493DC0->4ee04582-2825-4055-a051-0465d62eb5ca: receive RaftClientReply:client-CEF4D3493DC0->4ee04582-2825-4055-a051-0465d62eb5ca@group-78E0FE5F723E, cid=2897, SUCCESS, logIndex=4401, commits[4ee04582-2825-4055-a051-0465d62eb5ca:c4403, 97f5b9f0-d9ef-40b5-ba79-7414923e623f:c4399, 7d686585-d831-45bc-93fc-0a553b604b0e:c4397]
2019-07-08 23:05:08,749 INFO  client.GrpcClientProtocolClient (GrpcClientProtocolClient.java:onNext(255)) - client-CEF4D3493DC0->4ee04582-2825-4055-a051-0465d62eb5ca: receive RaftClientReply:client-CEF4D3493DC0->4ee04582-2825-4055-a051-0465d62eb5ca@group-78E0FE5F723E, cid=2898, SUCCESS, logIndex=0, commits[4ee04582-2825-4055-a051-0465d62eb5ca:c4403, 97f5b9f0-d9ef-40b5-ba79-7414923e623f:c4399, 7d686585-d831-45bc-93fc-0a553b604b0e:c4399]
2019-07-08 23:05:08,762 INFO  client.GrpcClientProtocolClient (GrpcClientProtocolClient.java:onNext(255)) - client-CEF4D3493DC0->4ee04582-2825-4055-a051-0465d62eb5ca: receive RaftClientReply:client-CEF4D3493DC0->4ee04582-2825-4055-a051-0465d62eb5ca@group-78E0FE5F723E, cid=2899, SUCCESS, logIndex=4406, commits[4ee04582-2825-4055-a051-0465d62eb5ca:c4407, 97f5b9f0-d9ef-40b5-ba79-7414923e623f:c4405, 7d686585-d831-45bc-93fc-0a553b604b0e:c4401]
2019-07-08 23:05:08,763 INFO  client.GrpcClientProtocolClient (GrpcClientProtocolClient.java:onNext(255)) - client-CEF4D3493DC0->4ee04582-2825-4055-a051-0465d62eb5ca: receive RaftClientReply:client-CEF4D3493DC0->4ee04582-2825-4055-a051-0465d62eb5ca@group-78E0FE5F723E, cid=2900, SUCCESS, logIndex=4407, commits[4ee04582-2825-4055-a051-0465d62eb5ca:c4407, 97f5b9f0-d9ef-40b5-ba79-7414923e623f:c4405, 7d686585-d831-45bc-93fc-0a553b604b0e:c4401]
2019-07-08 23:05:08,774 INFO  client.GrpcClientProtocolClient (GrpcClientProtocolClient.java:onNext(255)) - client-CEF4D3493DC0->4ee04582-2825-4055-a051-0465d62eb5ca: receive RaftClientReply:client-CEF4D3493DC0->4ee04582-2825-4055-a051-0465d62eb5ca@group-78E0FE5F723E, cid=2901, SUCCESS, logIndex=4410, commits[4ee04582-2825-4055-a051-0465d62eb5ca:c4411, 97f5b9f0-d9ef-40b5-ba79-7414923e623f:c4409, 7d686585-d831-45bc-93fc-0a553b604b0e:c4407]
2019-07-08 23:05:08,774 INFO  client.GrpcClientProtocolClient (GrpcClientProtocolClient.java:onNext(255)) - client-CEF4D3493DC0->4ee04582-2825-4055-a051-0465d62eb5ca: receive RaftClientReply:client-CEF4D3493DC0->4ee04582-2825-4055-a051-0465d62eb5ca@group-78E0FE5F723E, cid=2902, SUCCESS, logIndex=4411, commits[4ee04582-2825-4055-a051-0465d62eb5ca:c4411, 97f5b9f0-d9ef-40b5-ba79-7414923e623f:c4409, 7d686585-d831-45bc-93fc-0a553b604b0e:c4409]
2019-07-08 23:05:08,777 INFO  client.GrpcClientProtocolClient (GrpcClientProtocolClient.java:onNext(255)) - client-CEF4D3493DC0->4ee04582-2825-4055-a051-0465d62eb5ca: receive RaftClientReply:client-CEF4D3493DC0->4ee04582-2825-4055-a051-0465d62eb5ca@group-78E0FE5F723E, cid=2903, SUCCESS, logIndex=0, commits[4ee04582-2825-4055-a051-0465d62eb5ca:c4413, 97f5b9f0-d9ef-40b5-ba79-7414923e623f:c4411, 7d686585-d831-45bc-93fc-0a553b604b0e:c4411]
2019-07-08 23:05:08,806 INFO  client.GrpcClientProtocolClient (GrpcClientProtocolClient.java:onNext(255)) - client-CEF4D3493DC0->4ee04582-2825-4055-a051-0465d62eb5ca: receive RaftClientReply:client-CEF4D3493DC0->4ee04582-2825-4055-a051-0465d62eb5ca@group-78E0FE5F723E, cid=2904, SUCCESS, logIndex=4414, commits[4ee04582-2825-4055-a051-0465d62eb5ca:c4417, 97f5b9f0-d9ef-40b5-ba79-7414923e623f:c4411, 7d686585-d831-45bc-93fc-0a553b604b0e:c4413]
2019-07-08 23:05:08,807 INFO  client.GrpcClientProtocolClient (GrpcClientProtocolClient.java:onNext(255)) - client-CEF4D3493DC0->4ee04582-2825-4055-a051-0465d62eb5ca: receive RaftClientReply:client-CEF4D3493DC0->4ee04582-2825-4055-a051-0465d62eb5ca@group-78E0FE5F723E, cid=2905, SUCCESS, logIndex=4415, commits[4ee04582-2825-4055-a051-0465d62eb5ca:c4417, 97f5b9f0-d9ef-40b5-ba79-7414923e623f:c4413, 7d686585-d831-45bc-93fc-0a553b604b0e:c4413]
2019-07-08 23:05:08,807 INFO  client.GrpcClientProtocolClient (GrpcClientProtocolClient.java:onNext(255)) - client-CEF4D3493DC0->4ee04582-2825-4055-a051-0465d62eb5ca: receive RaftClientReply:client-CEF4D3493DC0->4ee04582-2825-4055-a051-0465d62eb5ca@group-78E0FE5F723E, cid=2906, SUCCESS, logIndex=4416, commits[4ee04582-2825-4055-a051-0465d62eb5ca:c4417, 97f5b9f0-d9ef-40b5-ba79-7414923e623f:c4413, 7d686585-d831-45bc-93fc-0a553b604b0e:c4413]
2019-07-08 23:05:08,807 INFO  client.GrpcClientProtocolClient (GrpcClientProtocolClient.java:onNext(255)) - client-CEF4D3493DC0->4ee04582-2825-4055-a051-0465d62eb5ca: receive RaftClientReply:client-CEF4D3493DC0->4ee04582-2825-4055-a051-0465d62eb5ca@group-78E0FE5F723E, cid=2907, SUCCESS, logIndex=4417, commits[4ee04582-2825-4055-a051-0465d62eb5ca:c4417, 97f5b9f0-d9ef-40b5-ba79-7414923e623f:c4413, 7d686585-d831-45bc-93fc-0a553b604b0e:c4413]
2019-07-08 23:05:08,810 INFO  client.GrpcClientProtocolClient (GrpcClientProtocolClient.java:onNext(255)) - client-CEF4D3493DC0->4ee04582-2825-4055-a051-0465d62eb5ca: receive RaftClientReply:client-CEF4D3493DC0->4ee04582-2825-4055-a051-0465d62eb5ca@group-78E0FE5F723E, cid=2908, SUCCESS, logIndex=0, commits[4ee04582-2825-4055-a051-0465d62eb5ca:c4418, 97f5b9f0-d9ef-40b5-ba79-7414923e623f:c4415, 7d686585-d831-45bc-93fc-0a553b604b0e:c4415]
2019-07-08 23:05:08,820 INFO  client.GrpcClientProtocolClient (GrpcClientProtocolClient.java:onNext(255)) - client-CEF4D3493DC0->4ee04582-2825-4055-a051-0465d62eb5ca: receive RaftClientReply:client-CEF4D3493DC0->4ee04582-2825-4055-a051-0465d62eb5ca@group-78E0FE5F723E, cid=2909, SUCCESS, logIndex=4422, commits[4ee04582-2825-4055-a051-0465d62eb5ca:c4423, 97f5b9f0-d9ef-40b5-ba79-7414923e623f:c4421, 7d686585-d831-45bc-93fc-0a553b604b0e:c4417]
2019-07-08 23:05:08,820 INFO  client.GrpcClientProtocolClient (GrpcClientProtocolClient.java:onNext(255)) - client-CEF4D3493DC0->4ee04582-2825-4055-a051-0465d62eb5ca: receive RaftClientReply:client-CEF4D3493DC0->4ee04582-2825-4055-a051-0465d62eb5ca@group-78E0FE5F723E, cid=2910, SUCCESS, logIndex=4423, commits[4ee04582-2825-4055-a051-0465d62eb5ca:c4423, 97f5b9f0-d9ef-40b5-ba79-7414923e623f:c4421, 7d686585-d831-45bc-93fc-0a553b604b0e:c4421]
2019-07-08 23:05:08,841 INFO  client.GrpcClientProtocolClient (GrpcClientProtocolClient.java:onNext(255)) - client-CEF4D3493DC0->4ee04582-2825-4055-a051-0465d62eb5ca: receive RaftClientReply:client-CEF4D3493DC0->4ee04582-2825-4055-a051-0465d62eb5ca@group-78E0FE5F723E, cid=2911, SUCCESS, logIndex=4426, commits[4ee04582-2825-4055-a051-0465d62eb5ca:c4427, 97f5b9f0-d9ef-40b5-ba79-7414923e623f:c4425, 7d686585-d831-45bc-93fc-0a553b604b0e:c4423]
2019-07-08 23:05:08,841 INFO  client.GrpcClientProtocolClient (GrpcClientProtocolClient.java:onNext(255)) - client-CEF4D3493DC0->4ee04582-2825-4055-a051-0465d62eb5ca: receive RaftClientReply:client-CEF4D3493DC0->4ee04582-2825-4055-a051-0465d62eb5ca@group-78E0FE5F723E, cid=2912, SUCCESS, logIndex=4427, commits[4ee04582-2825-4055-a051-0465d62eb5ca:c4427, 97f5b9f0-d9ef-40b5-ba79-7414923e623f:c4425, 7d686585-d831-45bc-93fc-0a553b604b0e:c4425]
2019-07-08 23:05:08,845 INFO  client.GrpcClientProtocolClient (GrpcClientProtocolClient.java:onNext(255)) - client-CEF4D3493DC0->4ee04582-2825-4055-a051-0465d62eb5ca: receive RaftClientReply:client-CEF4D3493DC0->4ee04582-2825-4055-a051-0465d62eb5ca@group-78E0FE5F723E, cid=2913, SUCCESS, logIndex=0, commits[4ee04582-2825-4055-a051-0465d62eb5ca:c4428, 97f5b9f0-d9ef-40b5-ba79-7414923e623f:c4427, 7d686585-d831-45bc-93fc-0a553b604b0e:c4427]
2019-07-08 23:05:08,865 INFO  client.GrpcClientProtocolClient (GrpcClientProtocolClient.java:onNext(255)) - client-CEF4D3493DC0->4ee04582-2825-4055-a051-0465d62eb5ca: receive RaftClientReply:client-CEF4D3493DC0->4ee04582-2825-4055-a051-0465d62eb5ca@group-78E0FE5F723E, cid=2914, SUCCESS, logIndex=4430, commits[4ee04582-2825-4055-a051-0465d62eb5ca:c4431, 97f5b9f0-d9ef-40b5-ba79-7414923e623f:c4427, 7d686585-d831-45bc-93fc-0a553b604b0e:c4429]
2019-07-08 23:05:08,866 INFO  client.GrpcClientProtocolClient (GrpcClientProtocolClient.java:onNext(255)) - client-CEF4D3493DC0->4ee04582-2825-4055-a051-0465d62eb5ca: receive RaftClientReply:client-CEF4D3493DC0->4ee04582-2825-4055-a051-0465d62eb5ca@group-78E0FE5F723E, cid=2915, SUCCESS, logIndex=4431, commits[4ee04582-2825-4055-a051-0465d62eb5ca:c4431, 97f5b9f0-d9ef-40b5-ba79-7414923e623f:c4427, 7d686585-d831-45bc-93fc-0a553b604b0e:c4429]
2019-07-08 23:05:08,869 INFO  client.GrpcClientProtocolClient (GrpcClientProtocolClient.java:onNext(255)) - client-CEF4D3493DC0->4ee04582-2825-4055-a051-0465d62eb5ca: receive RaftClientReply:client-CEF4D3493DC0->4ee04582-2825-4055-a051-0465d62eb5ca@group-78E0FE5F723E, cid=2916, SUCCESS, logIndex=4432, commits[4ee04582-2825-4055-a051-0465d62eb5ca:c4433, 97f5b9f0-d9ef-40b5-ba79-7414923e623f:c4431, 7d686585-d831-45bc-93fc-0a553b604b0e:c4429]
2019-07-08 23:05:08,869 INFO  client.GrpcClientProtocolClient (GrpcClientProtocolClient.java:onNext(255)) - client-CEF4D3493DC0->4ee04582-2825-4055-a051-0465d62eb5ca: receive RaftClientReply:client-CEF4D3493DC0->4ee04582-2825-4055-a051-0465d62eb5ca@group-78E0FE5F723E, cid=2917, SUCCESS, logIndex=4433, commits[4ee04582-2825-4055-a051-0465d62eb5ca:c4433, 97f5b9f0-d9ef-40b5-ba79-7414923e623f:c4431, 7d686585-d831-45bc-93fc-0a553b604b0e:c4429]
2019-07-08 23:05:08,870 INFO  client.GrpcClientProtocolClient (GrpcClientProtocolClient.java:onNext(255)) - client-CEF4D3493DC0->4ee04582-2825-4055-a051-0465d62eb5ca: receive RaftClientReply:client-CEF4D3493DC0->4ee04582-2825-4055-a051-0465d62eb5ca@group-78E0FE5F723E, cid=2918, SUCCESS, logIndex=0, commits[4ee04582-2825-4055-a051-0465d62eb5ca:c4435, 97f5b9f0-d9ef-40b5-ba79-7414923e623f:c4431, 7d686585-d831-45bc-93fc-0a553b604b0e:c4431]
2019-07-08 23:05:08,881 INFO  client.GrpcClientProtocolClient (GrpcClientProtocolClient.java:onNext(255)) - client-CEF4D3493DC0->4ee04582-2825-4055-a051-0465d62eb5ca: receive RaftClientReply:client-CEF4D3493DC0->4ee04582-2825-4055-a051-0465d62eb5ca@group-78E0FE5F723E, cid=2919, SUCCESS, logIndex=4438, commits[4ee04582-2825-4055-a051-0465d62eb5ca:c4439, 97f5b9f0-d9ef-40b5-ba79-7414923e623f:c4437, 7d686585-d831-45bc-93fc-0a553b604b0e:c4433]
2019-07-08 23:05:08,881 INFO  client.GrpcClientProtocolClient (GrpcClientProtocolClient.java:onNext(255)) - client-CEF4D3493DC0->4ee04582-2825-4055-a051-0465d62eb5ca: receive RaftClientReply:client-CEF4D3493DC0->4ee04582-2825-4055-a051-0465d62eb5ca@group-78E0FE5F723E, cid=2920, SUCCESS, logIndex=4439, commits[4ee04582-2825-4055-a051-0465d62eb5ca:c4439, 97f5b9f0-d9ef-40b5-ba79-7414923e623f:c4437, 7d686585-d831-45bc-93fc-0a553b604b0e:c4433]
 0.00% |█                                                                                                    |  0/1 Time: 0:00:182019-07-08 23:05:09,000 INFO  client.GrpcClientProtocolClient (GrpcClientProtocolClient.java:onNext(255)) - client-CEF4D3493DC0->4ee04582-2825-4055-a051-0465d62eb5ca: receive RaftClientReply:client-CEF4D3493DC0->4ee04582-2825-4055-a051-0465d62eb5ca@group-78E0FE5F723E, cid=2921, SUCCESS, logIndex=4442, commits[4ee04582-2825-4055-a051-0465d62eb5ca:c4443, 97f5b9f0-d9ef-40b5-ba79-7414923e623f:c4441, 7d686585-d831-45bc-93fc-0a553b604b0e:c4441]
2019-07-08 23:05:09,001 INFO  client.GrpcClientProtocolClient (GrpcClientProtocolClient.java:onNext(255)) - client-CEF4D3493DC0->4ee04582-2825-4055-a051-0465d62eb5ca: receive RaftClientReply:client-CEF4D3493DC0->4ee04582-2825-4055-a051-0465d62eb5ca@group-78E0FE5F723E, cid=2922, SUCCESS, logIndex=4443, commits[4ee04582-2825-4055-a051-0465d62eb5ca:c4443, 97f5b9f0-d9ef-40b5-ba79-7414923e623f:c4441, 7d686585-d831-45bc-93fc-0a553b604b0e:c4441]
2019-07-08 23:05:09,008 INFO  client.GrpcClientProtocolClient (GrpcClientProtocolClient.java:onNext(255)) - client-CEF4D3493DC0->4ee04582-2825-4055-a051-0465d62eb5ca: receive RaftClientReply:client-CEF4D3493DC0->4ee04582-2825-4055-a051-0465d62eb5ca@group-78E0FE5F723E, cid=2923, SUCCESS, logIndex=0, commits[4ee04582-2825-4055-a051-0465d62eb5ca:c4444, 97f5b9f0-d9ef-40b5-ba79-7414923e623f:c4443, 7d686585-d831-45bc-93fc-0a553b604b0e:c4443]
2019-07-08 23:05:09,036 INFO  client.GrpcClientProtocolClient (GrpcClientProtocolClient.java:onNext(255)) - client-CEF4D3493DC0->4ee04582-2825-4055-a051-0465d62eb5ca: receive RaftClientReply:client-CEF4D3493DC0->4ee04582-2825-4055-a051-0465d62eb5ca@group-78E0FE5F723E, cid=2924, SUCCESS, logIndex=4446, commits[4ee04582-2825-4055-a051-0465d62eb5ca:c4447, 97f5b9f0-d9ef-40b5-ba79-7414923e623f:c4445, 7d686585-d831-45bc-93fc-0a553b604b0e:c4443]
2019-07-08 23:05:09,037 INFO  client.GrpcClientProtocolClient (GrpcClientProtocolClient.java:onNext(255)) - client-CEF4D3493DC0->4ee04582-2825-4055-a051-0465d62eb5ca: receive RaftClientReply:client-CEF4D3493DC0->4ee04582-2825-4055-a051-0465d62eb5ca@group-78E0FE5F723E, cid=2925, SUCCESS, logIndex=4447, commits[4ee04582-2825-4055-a051-0465d62eb5ca:c4449, 97f5b9f0-d9ef-40b5-ba79-7414923e623f:c4445, 7d686585-d831-45bc-93fc-0a553b604b0e:c4443]
2019-07-08 23:05:09,037 INFO  client.GrpcClientProtocolClient (GrpcClientProtocolClient.java:onNext(255)) - client-CEF4D3493DC0->4ee04582-2825-4055-a051-0465d62eb5ca: receive RaftClientReply:client-CEF4D3493DC0->4ee04582-2825-4055-a051-0465d62eb5ca@group-78E0FE5F723E, cid=2926, SUCCESS, logIndex=4448, commits[4ee04582-2825-4055-a051-0465d62eb5ca:c4449, 97f5b9f0-d9ef-40b5-ba79-7414923e623f:c4445, 7d686585-d831-45bc-93fc-0a553b604b0e:c4443]
2019-07-08 23:05:09,037 INFO  client.GrpcClientProtocolClient (GrpcClientProtocolClient.java:onNext(255)) - client-CEF4D3493DC0->4ee04582-2825-4055-a051-0465d62eb5ca: receive RaftClientReply:client-CEF4D3493DC0->4ee04582-2825-4055-a051-0465d62eb5ca@group-78E0FE5F723E, cid=2927, SUCCESS, logIndex=4449, commits[4ee04582-2825-4055-a051-0465d62eb5ca:c4449, 97f5b9f0-d9ef-40b5-ba79-7414923e623f:c4445, 7d686585-d831-45bc-93fc-0a553b604b0e:c4443]
2019-07-08 23:05:09,040 INFO  client.GrpcClientProtocolClient (GrpcClientProtocolClient.java:onNext(255)) - client-CEF4D3493DC0->4ee04582-2825-4055-a051-0465d62eb5ca: receive RaftClientReply:client-CEF4D3493DC0->4ee04582-2825-4055-a051-0465d62eb5ca@group-78E0FE5F723E, cid=2928, SUCCESS, logIndex=0, commits[4ee04582-2825-4055-a051-0465d62eb5ca:c4451, 97f5b9f0-d9ef-40b5-ba79-7414923e623f:c4447, 7d686585-d831-45bc-93fc-0a553b604b0e:c4447]
2019-07-08 23:05:09,054 INFO  client.GrpcClientProtocolClient (GrpcClientProtocolClient.java:onNext(255)) - client-CEF4D3493DC0->4ee04582-2825-4055-a051-0465d62eb5ca: receive RaftClientReply:client-CEF4D3493DC0->4ee04582-2825-4055-a051-0465d62eb5ca@group-78E0FE5F723E, cid=2929, SUCCESS, logIndex=4454, commits[4ee04582-2825-4055-a051-0465d62eb5ca:c4455, 97f5b9f0-d9ef-40b5-ba79-7414923e623f:c4453, 7d686585-d831-45bc-93fc-0a553b604b0e:c4453]
2019-07-08 23:05:09,054 INFO  client.GrpcClientProtocolClient (GrpcClientProtocolClient.java:onNext(255)) - client-CEF4D3493DC0->4ee04582-2825-4055-a051-0465d62eb5ca: receive RaftClientReply:client-CEF4D3493DC0->4ee04582-2825-4055-a051-0465d62eb5ca@group-78E0FE5F723E, cid=2930, SUCCESS, logIndex=4455, commits[4ee04582-2825-4055-a051-0465d62eb5ca:c4455, 97f5b9f0-d9ef-40b5-ba79-7414923e623f:c4453, 7d686585-d831-45bc-93fc-0a553b604b0e:c4453]
2019-07-08 23:05:09,075 INFO  client.GrpcClientProtocolClient (GrpcClientProtocolClient.java:onNext(255)) - client-CEF4D3493DC0->4ee04582-2825-4055-a051-0465d62eb5ca: receive RaftClientReply:client-CEF4D3493DC0->4ee04582-2825-4055-a051-0465d62eb5ca@group-78E0FE5F723E, cid=2931, SUCCESS, logIndex=4458, commits[4ee04582-2825-4055-a051-0465d62eb5ca:c4459, 97f5b9f0-d9ef-40b5-ba79-7414923e623f:c4457, 7d686585-d831-45bc-93fc-0a553b604b0e:c4457]
2019-07-08 23:05:09,076 INFO  client.GrpcClientProtocolClient (GrpcClientProtocolClient.java:onNext(255)) - client-CEF4D3493DC0->4ee04582-2825-4055-a051-0465d62eb5ca: receive RaftClientReply:client-CEF4D3493DC0->4ee04582-2825-4055-a051-0465d62eb5ca@group-78E0FE5F723E, cid=2932, SUCCESS, logIndex=4459, commits[4ee04582-2825-4055-a051-0465d62eb5ca:c4459, 97f5b9f0-d9ef-40b5-ba79-7414923e623f:c4457, 7d686585-d831-45bc-93fc-0a553b604b0e:c4457]
2019-07-08 23:05:09,082 INFO  client.GrpcClientProtocolClient (GrpcClientProtocolClient.java:onNext(255)) - client-CEF4D3493DC0->4ee04582-2825-4055-a051-0465d62eb5ca: receive RaftClientReply:client-CEF4D3493DC0->4ee04582-2825-4055-a051-0465d62eb5ca@group-78E0FE5F723E, cid=2933, SUCCESS, logIndex=0, commits[4ee04582-2825-4055-a051-0465d62eb5ca:c4461, 97f5b9f0-d9ef-40b5-ba79-7414923e623f:c4459, 7d686585-d831-45bc-93fc-0a553b604b0e:c4459]
2019-07-08 23:05:09,103 INFO  client.GrpcClientProtocolClient (GrpcClientProtocolClient.java:onNext(255)) - client-CEF4D3493DC0->4ee04582-2825-4055-a051-0465d62eb5ca: receive RaftClientReply:client-CEF4D3493DC0->4ee04582-2825-4055-a051-0465d62eb5ca@group-78E0FE5F723E, cid=2934, SUCCESS, logIndex=4462, commits[4ee04582-2825-4055-a051-0465d62eb5ca:c4463, 97f5b9f0-d9ef-40b5-ba79-7414923e623f:c4461, 7d686585-d831-45bc-93fc-0a553b604b0e:c4459]
2019-07-08 23:05:09,104 INFO  client.GrpcClientProtocolClient (GrpcClientProtocolClient.java:onNext(255)) - client-CEF4D3493DC0->4ee04582-2825-4055-a051-0465d62eb5ca: receive RaftClientReply:client-CEF4D3493DC0->4ee04582-2825-4055-a051-0465d62eb5ca@group-78E0FE5F723E, cid=2935, SUCCESS, logIndex=4463, commits[4ee04582-2825-4055-a051-0465d62eb5ca:c4463, 97f5b9f0-d9ef-40b5-ba79-7414923e623f:c4461, 7d686585-d831-45bc-93fc-0a553b604b0e:c4459]
2019-07-08 23:05:09,106 INFO  client.GrpcClientProtocolClient (GrpcClientProtocolClient.java:onNext(255)) - client-CEF4D3493DC0->4ee04582-2825-4055-a051-0465d62eb5ca: receive RaftClientReply:client-CEF4D3493DC0->4ee04582-2825-4055-a051-0465d62eb5ca@group-78E0FE5F723E, cid=2936, SUCCESS, logIndex=4464, commits[4ee04582-2825-4055-a051-0465d62eb5ca:c4466, 97f5b9f0-d9ef-40b5-ba79-7414923e623f:c4462, 7d686585-d831-45bc-93fc-0a553b604b0e:c4461]
2019-07-08 23:05:09,107 INFO  client.GrpcClientProtocolClient (GrpcClientProtocolClient.java:onNext(255)) - client-CEF4D3493DC0->4ee04582-2825-4055-a051-0465d62eb5ca: receive RaftClientReply:client-CEF4D3493DC0->4ee04582-2825-4055-a051-0465d62eb5ca@group-78E0FE5F723E, cid=2937, SUCCESS, logIndex=4465, commits[4ee04582-2825-4055-a051-0465d62eb5ca:c4467, 97f5b9f0-d9ef-40b5-ba79-7414923e623f:c4463, 7d686585-d831-45bc-93fc-0a553b604b0e:c4463]
2019-07-08 23:05:09,122 INFO  client.GrpcClientProtocolClient (GrpcClientProtocolClient.java:onNext(255)) - client-CEF4D3493DC0->4ee04582-2825-4055-a051-0465d62eb5ca: receive RaftClientReply:client-CEF4D3493DC0->4ee04582-2825-4055-a051-0465d62eb5ca@group-78E0FE5F723E, cid=2938, SUCCESS, logIndex=4470, commits[4ee04582-2825-4055-a051-0465d62eb5ca:c4471, 97f5b9f0-d9ef-40b5-ba79-7414923e623f:c4467, 7d686585-d831-45bc-93fc-0a553b604b0e:c4467]
2019-07-08 23:05:09,122 INFO  client.GrpcClientProtocolClient (GrpcClientProtocolClient.java:onNext(255)) - client-CEF4D3493DC0->4ee04582-2825-4055-a051-0465d62eb5ca: receive RaftClientReply:client-CEF4D3493DC0->4ee04582-2825-4055-a051-0465d62eb5ca@group-78E0FE5F723E, cid=2939, SUCCESS, logIndex=4471, commits[4ee04582-2825-4055-a051-0465d62eb5ca:c4471, 97f5b9f0-d9ef-40b5-ba79-7414923e623f:c4467, 7d686585-d831-45bc-93fc-0a553b604b0e:c4467]
2019-07-08 23:05:09,133 INFO  client.GrpcClientProtocolClient (GrpcClientProtocolClient.java:onNext(255)) - client-CEF4D3493DC0->4ee04582-2825-4055-a051-0465d62eb5ca: receive RaftClientReply:client-CEF4D3493DC0->4ee04582-2825-4055-a051-0465d62eb5ca@group-78E0FE5F723E, cid=2940, SUCCESS, logIndex=4474, commits[4ee04582-2825-4055-a051-0465d62eb5ca:c4475, 97f5b9f0-d9ef-40b5-ba79-7414923e623f:c4472, 7d686585-d831-45bc-93fc-0a553b604b0e:c4471]
2019-07-08 23:05:09,134 INFO  client.GrpcClientProtocolClient (GrpcClientProtocolClient.java:onNext(255)) - client-CEF4D3493DC0->4ee04582-2825-4055-a051-0465d62eb5ca: receive RaftClientReply:client-CEF4D3493DC0->4ee04582-2825-4055-a051-0465d62eb5ca@group-78E0FE5F723E, cid=2941, SUCCESS, logIndex=4475, commits[4ee04582-2825-4055-a051-0465d62eb5ca:c4475, 97f5b9f0-d9ef-40b5-ba79-7414923e623f:c4472, 7d686585-d831-45bc-93fc-0a553b604b0e:c4471]
2019-07-08 23:05:09,138 INFO  client.GrpcClientProtocolClient (GrpcClientProtocolClient.java:onNext(255)) - client-CEF4D3493DC0->4ee04582-2825-4055-a051-0465d62eb5ca: receive RaftClientReply:client-CEF4D3493DC0->4ee04582-2825-4055-a051-0465d62eb5ca@group-78E0FE5F723E, cid=2942, SUCCESS, logIndex=0, commits[4ee04582-2825-4055-a051-0465d62eb5ca:c4477, 97f5b9f0-d9ef-40b5-ba79-7414923e623f:c4475, 7d686585-d831-45bc-93fc-0a553b604b0e:c4475]
2019-07-08 23:05:09,158 INFO  client.GrpcClientProtocolClient (GrpcClientProtocolClient.java:onNext(255)) - client-CEF4D3493DC0->4ee04582-2825-4055-a051-0465d62eb5ca: receive RaftClientReply:client-CEF4D3493DC0->4ee04582-2825-4055-a051-0465d62eb5ca@group-78E0FE5F723E, cid=2943, SUCCESS, logIndex=4478, commits[4ee04582-2825-4055-a051-0465d62eb5ca:c4479, 97f5b9f0-d9ef-40b5-ba79-7414923e623f:c4477, 7d686585-d831-45bc-93fc-0a553b604b0e:c4475]
2019-07-08 23:05:09,158 INFO  client.GrpcClientProtocolClient (GrpcClientProtocolClient.java:onNext(255)) - client-CEF4D3493DC0->4ee04582-2825-4055-a051-0465d62eb5ca: receive RaftClientReply:client-CEF4D3493DC0->4ee04582-2825-4055-a051-0465d62eb5ca@group-78E0FE5F723E, cid=2944, SUCCESS, logIndex=4479, commits[4ee04582-2825-4055-a051-0465d62eb5ca:c4479, 97f5b9f0-d9ef-40b5-ba79-7414923e623f:c4477, 7d686585-d831-45bc-93fc-0a553b604b0e:c4475]
2019-07-08 23:05:09,161 INFO  client.GrpcClientProtocolClient (GrpcClientProtocolClient.java:onNext(255)) - client-CEF4D3493DC0->4ee04582-2825-4055-a051-0465d62eb5ca: receive RaftClientReply:client-CEF4D3493DC0->4ee04582-2825-4055-a051-0465d62eb5ca@group-78E0FE5F723E, cid=2945, SUCCESS, logIndex=4480, commits[4ee04582-2825-4055-a051-0465d62eb5ca:c4481, 97f5b9f0-d9ef-40b5-ba79-7414923e623f:c4479, 7d686585-d831-45bc-93fc-0a553b604b0e:c4475]
2019-07-08 23:05:09,161 INFO  client.GrpcClientProtocolClient (GrpcClientProtocolClient.java:onNext(255)) - client-CEF4D3493DC0->4ee04582-2825-4055-a051-0465d62eb5ca: receive RaftClientReply:client-CEF4D3493DC0->4ee04582-2825-4055-a051-0465d62eb5ca@group-78E0FE5F723E, cid=2946, SUCCESS, logIndex=4481, commits[4ee04582-2825-4055-a051-0465d62eb5ca:c4481, 97f5b9f0-d9ef-40b5-ba79-7414923e623f:c4479, 7d686585-d831-45bc-93fc-0a553b604b0e:c4475]
2019-07-08 23:05:09,163 INFO  client.GrpcClientProtocolClient (GrpcClientProtocolClient.java:onNext(255)) - client-CEF4D3493DC0->4ee04582-2825-4055-a051-0465d62eb5ca: receive RaftClientReply:client-CEF4D3493DC0->4ee04582-2825-4055-a051-0465d62eb5ca@group-78E0FE5F723E, cid=2947, SUCCESS, logIndex=0, commits[4ee04582-2825-4055-a051-0465d62eb5ca:c4483, 97f5b9f0-d9ef-40b5-ba79-7414923e623f:c4479, 7d686585-d831-45bc-93fc-0a553b604b0e:c4479]
2019-07-08 23:05:09,174 INFO  client.GrpcClientProtocolClient (GrpcClientProtocolClient.java:onNext(255)) - client-CEF4D3493DC0->4ee04582-2825-4055-a051-0465d62eb5ca: receive RaftClientReply:client-CEF4D3493DC0->4ee04582-2825-4055-a051-0465d62eb5ca@group-78E0FE5F723E, cid=2948, SUCCESS, logIndex=4486, commits[4ee04582-2825-4055-a051-0465d62eb5ca:c4487, 97f5b9f0-d9ef-40b5-ba79-7414923e623f:c4485, 7d686585-d831-45bc-93fc-0a553b604b0e:c4481]
2019-07-08 23:05:09,174 INFO  client.GrpcClientProtocolClient (GrpcClientProtocolClient.java:onNext(255)) - client-CEF4D3493DC0->4ee04582-2825-4055-a051-0465d62eb5ca: receive RaftClientReply:client-CEF4D3493DC0->4ee04582-2825-4055-a051-0465d62eb5ca@group-78E0FE5F723E, cid=2949, SUCCESS, logIndex=4487, commits[4ee04582-2825-4055-a051-0465d62eb5ca:c4487, 97f5b9f0-d9ef-40b5-ba79-7414923e623f:c4485, 7d686585-d831-45bc-93fc-0a553b604b0e:c4485]
2019-07-08 23:05:09,190 INFO  client.GrpcClientProtocolClient (GrpcClientProtocolClient.java:onNext(255)) - client-CEF4D3493DC0->4ee04582-2825-4055-a051-0465d62eb5ca: receive RaftClientReply:client-CEF4D3493DC0->4ee04582-2825-4055-a051-0465d62eb5ca@group-78E0FE5F723E, cid=2950, SUCCESS, logIndex=4490, commits[4ee04582-2825-4055-a051-0465d62eb5ca:c4491, 97f5b9f0-d9ef-40b5-ba79-7414923e623f:c4489, 7d686585-d831-45bc-93fc-0a553b604b0e:c4489]
2019-07-08 23:05:09,190 INFO  client.GrpcClientProtocolClient (GrpcClientProtocolClient.java:onNext(255)) - client-CEF4D3493DC0->4ee04582-2825-4055-a051-0465d62eb5ca: receive RaftClientReply:client-CEF4D3493DC0->4ee04582-2825-4055-a051-0465d62eb5ca@group-78E0FE5F723E, cid=2951, SUCCESS, logIndex=4491, commits[4ee04582-2825-4055-a051-0465d62eb5ca:c4491, 97f5b9f0-d9ef-40b5-ba79-7414923e623f:c4489, 7d686585-d831-45bc-93fc-0a553b604b0e:c4489]
2019-07-08 23:05:09,197 INFO  client.GrpcClientProtocolClient (GrpcClientProtocolClient.java:onNext(255)) - client-CEF4D3493DC0->4ee04582-2825-4055-a051-0465d62eb5ca: receive RaftClientReply:client-CEF4D3493DC0->4ee04582-2825-4055-a051-0465d62eb5ca@group-78E0FE5F723E, cid=2952, SUCCESS, logIndex=0, commits[4ee04582-2825-4055-a051-0465d62eb5ca:c4493, 97f5b9f0-d9ef-40b5-ba79-7414923e623f:c4491, 7d686585-d831-45bc-93fc-0a553b604b0e:c4491]
2019-07-08 23:05:09,217 INFO  client.GrpcClientProtocolClient (GrpcClientProtocolClient.java:onNext(255)) - client-CEF4D3493DC0->4ee04582-2825-4055-a051-0465d62eb5ca: receive RaftClientReply:client-CEF4D3493DC0->4ee04582-2825-4055-a051-0465d62eb5ca@group-78E0FE5F723E, cid=2953, SUCCESS, logIndex=4494, commits[4ee04582-2825-4055-a051-0465d62eb5ca:c4495, 97f5b9f0-d9ef-40b5-ba79-7414923e623f:c4493, 7d686585-d831-45bc-93fc-0a553b604b0e:c4491]
2019-07-08 23:05:09,218 INFO  client.GrpcClientProtocolClient (GrpcClientProtocolClient.java:onNext(255)) - client-CEF4D3493DC0->4ee04582-2825-4055-a051-0465d62eb5ca: receive RaftClientReply:client-CEF4D3493DC0->4ee04582-2825-4055-a051-0465d62eb5ca@group-78E0FE5F723E, cid=2954, SUCCESS, logIndex=4495, commits[4ee04582-2825-4055-a051-0465d62eb5ca:c4495, 97f5b9f0-d9ef-40b5-ba79-7414923e623f:c4493, 7d686585-d831-45bc-93fc-0a553b604b0e:c4491]
2019-07-08 23:05:09,221 INFO  client.GrpcClientProtocolClient (GrpcClientProtocolClient.java:onNext(255)) - client-CEF4D3493DC0->4ee04582-2825-4055-a051-0465d62eb5ca: receive RaftClientReply:client-CEF4D3493DC0->4ee04582-2825-4055-a051-0465d62eb5ca@group-78E0FE5F723E, cid=2955, SUCCESS, logIndex=4496, commits[4ee04582-2825-4055-a051-0465d62eb5ca:c4498, 97f5b9f0-d9ef-40b5-ba79-7414923e623f:c4494, 7d686585-d831-45bc-93fc-0a553b604b0e:c4491]
2019-07-08 23:05:09,222 INFO  client.GrpcClientProtocolClient (GrpcClientProtocolClient.java:onNext(255)) - client-CEF4D3493DC0->4ee04582-2825-4055-a051-0465d62eb5ca: receive RaftClientReply:client-CEF4D3493DC0->4ee04582-2825-4055-a051-0465d62eb5ca@group-78E0FE5F723E, cid=2956, SUCCESS, logIndex=4497, commits[4ee04582-2825-4055-a051-0465d62eb5ca:c4499, 97f5b9f0-d9ef-40b5-ba79-7414923e623f:c4495, 7d686585-d831-45bc-93fc-0a553b604b0e:c4491]
2019-07-08 23:05:09,223 INFO  client.GrpcClientProtocolClient (GrpcClientProtocolClient.java:onNext(255)) - client-CEF4D3493DC0->4ee04582-2825-4055-a051-0465d62eb5ca: receive RaftClientReply:client-CEF4D3493DC0->4ee04582-2825-4055-a051-0465d62eb5ca@group-78E0FE5F723E, cid=2957, SUCCESS, logIndex=0, commits[4ee04582-2825-4055-a051-0465d62eb5ca:c4499, 97f5b9f0-d9ef-40b5-ba79-7414923e623f:c4495, 7d686585-d831-45bc-93fc-0a553b604b0e:c4495]
2019-07-08 23:05:09,235 INFO  client.GrpcClientProtocolClient (GrpcClientProtocolClient.java:onNext(255)) - client-CEF4D3493DC0->4ee04582-2825-4055-a051-0465d62eb5ca: receive RaftClientReply:client-CEF4D3493DC0->4ee04582-2825-4055-a051-0465d62eb5ca@group-78E0FE5F723E, cid=2958, SUCCESS, logIndex=4502, commits[4ee04582-2825-4055-a051-0465d62eb5ca:c4503, 97f5b9f0-d9ef-40b5-ba79-7414923e623f:c4498, 7d686585-d831-45bc-93fc-0a553b604b0e:c4501]
2019-07-08 23:05:09,235 INFO  client.GrpcClientProtocolClient (GrpcClientProtocolClient.java:onNext(255)) - client-CEF4D3493DC0->4ee04582-2825-4055-a051-0465d62eb5ca: receive RaftClientReply:client-CEF4D3493DC0->4ee04582-2825-4055-a051-0465d62eb5ca@group-78E0FE5F723E, cid=2959, SUCCESS, logIndex=4503, commits[4ee04582-2825-4055-a051-0465d62eb5ca:c4503, 97f5b9f0-d9ef-40b5-ba79-7414923e623f:c4501, 7d686585-d831-45bc-93fc-0a553b604b0e:c4501]
2019-07-08 23:05:09,247 INFO  client.GrpcClientProtocolClient (GrpcClientProtocolClient.java:onNext(255)) - client-CEF4D3493DC0->4ee04582-2825-4055-a051-0465d62eb5ca: receive RaftClientReply:client-CEF4D3493DC0->4ee04582-2825-4055-a051-0465d62eb5ca@group-78E0FE5F723E, cid=2960, SUCCESS, logIndex=4506, commits[4ee04582-2825-4055-a051-0465d62eb5ca:c4507, 97f5b9f0-d9ef-40b5-ba79-7414923e623f:c4503, 7d686585-d831-45bc-93fc-0a553b604b0e:c4504]
2019-07-08 23:05:09,247 INFO  client.GrpcClientProtocolClient (GrpcClientProtocolClient.java:onNext(255)) - client-CEF4D3493DC0->4ee04582-2825-4055-a051-0465d62eb5ca: receive RaftClientReply:client-CEF4D3493DC0->4ee04582-2825-4055-a051-0465d62eb5ca@group-78E0FE5F723E, cid=2961, SUCCESS, logIndex=4507, commits[4ee04582-2825-4055-a051-0465d62eb5ca:c4507, 97f5b9f0-d9ef-40b5-ba79-7414923e623f:c4504, 7d686585-d831-45bc-93fc-0a553b604b0e:c4504]
2019-07-08 23:05:09,248 INFO  client.GrpcClientProtocolClient (GrpcClientProtocolClient.java:onNext(255)) - client-CEF4D3493DC0->4ee04582-2825-4055-a051-0465d62eb5ca: receive RaftClientReply:client-CEF4D3493DC0->4ee04582-2825-4055-a051-0465d62eb5ca@group-78E0FE5F723E, cid=2962, SUCCESS, logIndex=0, commits[4ee04582-2825-4055-a051-0465d62eb5ca:c4508, 97f5b9f0-d9ef-40b5-ba79-7414923e623f:c4507, 7d686585-d831-45bc-93fc-0a553b604b0e:c4507]
2019-07-08 23:05:09,269 INFO  client.GrpcClientProtocolClient (GrpcClientProtocolClient.java:onNext(255)) - client-CEF4D3493DC0->4ee04582-2825-4055-a051-0465d62eb5ca: receive RaftClientReply:client-CEF4D3493DC0->4ee04582-2825-4055-a051-0465d62eb5ca@group-78E0FE5F723E, cid=2963, SUCCESS, logIndex=4510, commits[4ee04582-2825-4055-a051-0465d62eb5ca:c4513, 97f5b9f0-d9ef-40b5-ba79-7414923e623f:c4509, 7d686585-d831-45bc-93fc-0a553b604b0e:c4507]
2019-07-08 23:05:09,270 INFO  client.GrpcClientProtocolClient (GrpcClientProtocolClient.java:onNext(255)) - client-CEF4D3493DC0->4ee04582-2825-4055-a051-0465d62eb5ca: receive RaftClientReply:client-CEF4D3493DC0->4ee04582-2825-4055-a051-0465d62eb5ca@group-78E0FE5F723E, cid=2964, SUCCESS, logIndex=4511, commits[4ee04582-2825-4055-a051-0465d62eb5ca:c4513, 97f5b9f0-d9ef-40b5-ba79-7414923e623f:c4509, 7d686585-d831-45bc-93fc-0a553b604b0e:c4509]
2019-07-08 23:05:09,270 INFO  client.GrpcClientProtocolClient (GrpcClientProtocolClient.java:onNext(255)) - client-CEF4D3493DC0->4ee04582-2825-4055-a051-0465d62eb5ca: receive RaftClientReply:client-CEF4D3493DC0->4ee04582-2825-4055-a051-0465d62eb5ca@group-78E0FE5F723E, cid=2965, SUCCESS, logIndex=4512, commits[4ee04582-2825-4055-a051-0465d62eb5ca:c4513, 97f5b9f0-d9ef-40b5-ba79-7414923e623f:c4509, 7d686585-d831-45bc-93fc-0a553b604b0e:c4509]
2019-07-08 23:05:09,270 INFO  client.GrpcClientProtocolClient (GrpcClientProtocolClient.java:onNext(255)) - client-CEF4D3493DC0->4ee04582-2825-4055-a051-0465d62eb5ca: receive RaftClientReply:client-CEF4D3493DC0->4ee04582-2825-4055-a051-0465d62eb5ca@group-78E0FE5F723E, cid=2966, SUCCESS, logIndex=4513, commits[4ee04582-2825-4055-a051-0465d62eb5ca:c4513, 97f5b9f0-d9ef-40b5-ba79-7414923e623f:c4509, 7d686585-d831-45bc-93fc-0a553b604b0e:c4509]
2019-07-08 23:05:09,271 INFO  client.GrpcClientProtocolClient (GrpcClientProtocolClient.java:onNext(255)) - client-CEF4D3493DC0->4ee04582-2825-4055-a051-0465d62eb5ca: receive RaftClientReply:client-CEF4D3493DC0->4ee04582-2825-4055-a051-0465d62eb5ca@group-78E0FE5F723E, cid=2967, SUCCESS, logIndex=0, commits[4ee04582-2825-4055-a051-0465d62eb5ca:c4514, 97f5b9f0-d9ef-40b5-ba79-7414923e623f:c4511, 7d686585-d831-45bc-93fc-0a553b604b0e:c4511]
2019-07-08 23:05:09,282 INFO  client.GrpcClientProtocolClient (GrpcClientProtocolClient.java:onNext(255)) - client-CEF4D3493DC0->4ee04582-2825-4055-a051-0465d62eb5ca: receive RaftClientReply:client-CEF4D3493DC0->4ee04582-2825-4055-a051-0465d62eb5ca@group-78E0FE5F723E, cid=2968, SUCCESS, logIndex=4518, commits[4ee04582-2825-4055-a051-0465d62eb5ca:c4519, 97f5b9f0-d9ef-40b5-ba79-7414923e623f:c4517, 7d686585-d831-45bc-93fc-0a553b604b0e:c4517]
2019-07-08 23:05:09,283 INFO  client.GrpcClientProtocolClient (GrpcClientProtocolClient.java:onNext(255)) - client-CEF4D3493DC0->4ee04582-2825-4055-a051-0465d62eb5ca: receive RaftClientReply:client-CEF4D3493DC0->4ee04582-2825-4055-a051-0465d62eb5ca@group-78E0FE5F723E, cid=2969, SUCCESS, logIndex=4519, commits[4ee04582-2825-4055-a051-0465d62eb5ca:c4519, 97f5b9f0-d9ef-40b5-ba79-7414923e623f:c4517, 7d686585-d831-45bc-93fc-0a553b604b0e:c4517]
2019-07-08 23:05:09,294 INFO  client.GrpcClientProtocolClient (GrpcClientProtocolClient.java:onNext(255)) - client-CEF4D3493DC0->4ee04582-2825-4055-a051-0465d62eb5ca: receive RaftClientReply:client-CEF4D3493DC0->4ee04582-2825-4055-a051-0465d62eb5ca@group-78E0FE5F723E, cid=2970, SUCCESS, logIndex=4521, commits[4ee04582-2825-4055-a051-0465d62eb5ca:c4522, 97f5b9f0-d9ef-40b5-ba79-7414923e623f:c4519, 7d686585-d831-45bc-93fc-0a553b604b0e:c4520]
2019-07-08 23:05:09,294 INFO  client.GrpcClientProtocolClient (GrpcClientProtocolClient.java:onNext(255)) - client-CEF4D3493DC0->4ee04582-2825-4055-a051-0465d62eb5ca: receive RaftClientReply:client-CEF4D3493DC0->4ee04582-2825-4055-a051-0465d62eb5ca@group-78E0FE5F723E, cid=2971, SUCCESS, logIndex=4522, commits[4ee04582-2825-4055-a051-0465d62eb5ca:c4522, 97f5b9f0-d9ef-40b5-ba79-7414923e623f:c4519, 7d686585-d831-45bc-93fc-0a553b604b0e:c4520]
2019-07-08 23:05:09,298 INFO  client.GrpcClientProtocolClient (GrpcClientProtocolClient.java:onNext(255)) - client-CEF4D3493DC0->4ee04582-2825-4055-a051-0465d62eb5ca: receive RaftClientReply:client-CEF4D3493DC0->4ee04582-2825-4055-a051-0465d62eb5ca@group-78E0FE5F723E, cid=2972, SUCCESS, logIndex=0, commits[4ee04582-2825-4055-a051-0465d62eb5ca:c4524, 97f5b9f0-d9ef-40b5-ba79-7414923e623f:c4522, 7d686585-d831-45bc-93fc-0a553b604b0e:c4522]
2019-07-08 23:05:09,320 INFO  client.GrpcClientProtocolClient (GrpcClientProtocolClient.java:onNext(255)) - client-CEF4D3493DC0->4ee04582-2825-4055-a051-0465d62eb5ca: receive RaftClientReply:client-CEF4D3493DC0->4ee04582-2825-4055-a051-0465d62eb5ca@group-78E0FE5F723E, cid=2973, SUCCESS, logIndex=4525, commits[4ee04582-2825-4055-a051-0465d62eb5ca:c4528, 97f5b9f0-d9ef-40b5-ba79-7414923e623f:c4524, 7d686585-d831-45bc-93fc-0a553b604b0e:c4522]
2019-07-08 23:05:09,321 INFO  client.GrpcClientProtocolClient (GrpcClientProtocolClient.java:onNext(255)) - client-CEF4D3493DC0->4ee04582-2825-4055-a051-0465d62eb5ca: receive RaftClientReply:client-CEF4D3493DC0->4ee04582-2825-4055-a051-0465d62eb5ca@group-78E0FE5F723E, cid=2974, SUCCESS, logIndex=4526, commits[4ee04582-2825-4055-a051-0465d62eb5ca:c4528, 97f5b9f0-d9ef-40b5-ba79-7414923e623f:c4524, 7d686585-d831-45bc-93fc-0a553b604b0e:c4522]
2019-07-08 23:05:09,321 INFO  client.GrpcClientProtocolClient (GrpcClientProtocolClient.java:onNext(255)) - client-CEF4D3493DC0->4ee04582-2825-4055-a051-0465d62eb5ca: receive RaftClientReply:client-CEF4D3493DC0->4ee04582-2825-4055-a051-0465d62eb5ca@group-78E0FE5F723E, cid=2975, SUCCESS, logIndex=4527, commits[4ee04582-2825-4055-a051-0465d62eb5ca:c4528, 97f5b9f0-d9ef-40b5-ba79-7414923e623f:c4524, 7d686585-d831-45bc-93fc-0a553b604b0e:c4522]
2019-07-08 23:05:09,322 INFO  client.GrpcClientProtocolClient (GrpcClientProtocolClient.java:onNext(255)) - client-CEF4D3493DC0->4ee04582-2825-4055-a051-0465d62eb5ca: receive RaftClientReply:client-CEF4D3493DC0->4ee04582-2825-4055-a051-0465d62eb5ca@group-78E0FE5F723E, cid=2976, SUCCESS, logIndex=4528, commits[4ee04582-2825-4055-a051-0465d62eb5ca:c4528, 97f5b9f0-d9ef-40b5-ba79-7414923e623f:c4524, 7d686585-d831-45bc-93fc-0a553b604b0e:c4522]
2019-07-08 23:05:09,325 INFO  client.GrpcClientProtocolClient (GrpcClientProtocolClient.java:onNext(255)) - client-CEF4D3493DC0->4ee04582-2825-4055-a051-0465d62eb5ca: receive RaftClientReply:client-CEF4D3493DC0->4ee04582-2825-4055-a051-0465d62eb5ca@group-78E0FE5F723E, cid=2977, SUCCESS, logIndex=0, commits[4ee04582-2825-4055-a051-0465d62eb5ca:c4529, 97f5b9f0-d9ef-40b5-ba79-7414923e623f:c4526, 7d686585-d831-45bc-93fc-0a553b604b0e:c4526]
2019-07-08 23:05:09,338 INFO  client.GrpcClientProtocolClient (GrpcClientProtocolClient.java:onNext(255)) - client-CEF4D3493DC0->4ee04582-2825-4055-a051-0465d62eb5ca: receive RaftClientReply:client-CEF4D3493DC0->4ee04582-2825-4055-a051-0465d62eb5ca@group-78E0FE5F723E, cid=2978, SUCCESS, logIndex=4533, commits[4ee04582-2825-4055-a051-0465d62eb5ca:c4534, 97f5b9f0-d9ef-40b5-ba79-7414923e623f:c4532, 7d686585-d831-45bc-93fc-0a553b604b0e:c4528]
2019-07-08 23:05:09,339 INFO  client.GrpcClientProtocolClient (GrpcClientProtocolClient.java:onNext(255)) - client-CEF4D3493DC0->4ee04582-2825-4055-a051-0465d62eb5ca: receive RaftClientReply:client-CEF4D3493DC0->4ee04582-2825-4055-a051-0465d62eb5ca@group-78E0FE5F723E, cid=2979, SUCCESS, logIndex=4534, commits[4ee04582-2825-4055-a051-0465d62eb5ca:c4534, 97f5b9f0-d9ef-40b5-ba79-7414923e623f:c4532, 7d686585-d831-45bc-93fc-0a553b604b0e:c4532]
2019-07-08 23:05:09,352 INFO  client.GrpcClientProtocolClient (GrpcClientProtocolClient.java:onNext(255)) - client-CEF4D3493DC0->4ee04582-2825-4055-a051-0465d62eb5ca: receive RaftClientReply:client-CEF4D3493DC0->4ee04582-2825-4055-a051-0465d62eb5ca@group-78E0FE5F723E, cid=2980, SUCCESS, logIndex=4537, commits[4ee04582-2825-4055-a051-0465d62eb5ca:c4538, 97f5b9f0-d9ef-40b5-ba79-7414923e623f:c4536, 7d686585-d831-45bc-93fc-0a553b604b0e:c4536]
2019-07-08 23:05:09,352 INFO  client.GrpcClientProtocolClient (GrpcClientProtocolClient.java:onNext(255)) - client-CEF4D3493DC0->4ee04582-2825-4055-a051-0465d62eb5ca: receive RaftClientReply:client-CEF4D3493DC0->4ee04582-2825-4055-a051-0465d62eb5ca@group-78E0FE5F723E, cid=2981, SUCCESS, logIndex=4538, commits[4ee04582-2825-4055-a051-0465d62eb5ca:c4538, 97f5b9f0-d9ef-40b5-ba79-7414923e623f:c4536, 7d686585-d831-45bc-93fc-0a553b604b0e:c4536]
2019-07-08 23:05:09,357 INFO  client.GrpcClientProtocolClient (GrpcClientProtocolClient.java:onNext(255)) - client-CEF4D3493DC0->4ee04582-2825-4055-a051-0465d62eb5ca: receive RaftClientReply:client-CEF4D3493DC0->4ee04582-2825-4055-a051-0465d62eb5ca@group-78E0FE5F723E, cid=2982, SUCCESS, logIndex=0, commits[4ee04582-2825-4055-a051-0465d62eb5ca:c4540, 97f5b9f0-d9ef-40b5-ba79-7414923e623f:c4538, 7d686585-d831-45bc-93fc-0a553b604b0e:c4538]
2019-07-08 23:05:09,376 INFO  client.GrpcClientProtocolClient (GrpcClientProtocolClient.java:onNext(255)) - client-CEF4D3493DC0->4ee04582-2825-4055-a051-0465d62eb5ca: receive RaftClientReply:client-CEF4D3493DC0->4ee04582-2825-4055-a051-0465d62eb5ca@group-78E0FE5F723E, cid=2983, SUCCESS, logIndex=4541, commits[4ee04582-2825-4055-a051-0465d62eb5ca:c4544, 97f5b9f0-d9ef-40b5-ba79-7414923e623f:c4540, 7d686585-d831-45bc-93fc-0a553b604b0e:c4538]
2019-07-08 23:05:09,377 INFO  client.GrpcClientProtocolClient (GrpcClientProtocolClient.java:onNext(255)) - client-CEF4D3493DC0->4ee04582-2825-4055-a051-0465d62eb5ca: receive RaftClientReply:client-CEF4D3493DC0->4ee04582-2825-4055-a051-0465d62eb5ca@group-78E0FE5F723E, cid=2984, SUCCESS, logIndex=4542, commits[4ee04582-2825-4055-a051-0465d62eb5ca:c4544, 97f5b9f0-d9ef-40b5-ba79-7414923e623f:c4540, 7d686585-d831-45bc-93fc-0a553b604b0e:c4540]
2019-07-08 23:05:09,377 INFO  client.GrpcClientProtocolClient (GrpcClientProtocolClient.java:onNext(255)) - client-CEF4D3493DC0->4ee04582-2825-4055-a051-0465d62eb5ca: receive RaftClientReply:client-CEF4D3493DC0->4ee04582-2825-4055-a051-0465d62eb5ca@group-78E0FE5F723E, cid=2985, SUCCESS, logIndex=4543, commits[4ee04582-2825-4055-a051-0465d62eb5ca:c4544, 97f5b9f0-d9ef-40b5-ba79-7414923e623f:c4540, 7d686585-d831-45bc-93fc-0a553b604b0e:c4540]
2019-07-08 23:05:09,378 INFO  client.GrpcClientProtocolClient (GrpcClientProtocolClient.java:onNext(255)) - client-CEF4D3493DC0->4ee04582-2825-4055-a051-0465d62eb5ca: receive RaftClientReply:client-CEF4D3493DC0->4ee04582-2825-4055-a051-0465d62eb5ca@group-78E0FE5F723E, cid=2986, SUCCESS, logIndex=4544, commits[4ee04582-2825-4055-a051-0465d62eb5ca:c4544, 97f5b9f0-d9ef-40b5-ba79-7414923e623f:c4540, 7d686585-d831-45bc-93fc-0a553b604b0e:c4540]
2019-07-08 23:05:09,382 INFO  client.GrpcClientProtocolClient (GrpcClientProtocolClient.java:onNext(255)) - client-CEF4D3493DC0->4ee04582-2825-4055-a051-0465d62eb5ca: receive RaftClientReply:client-CEF4D3493DC0->4ee04582-2825-4055-a051-0465d62eb5ca@group-78E0FE5F723E, cid=2987, SUCCESS, logIndex=0, commits[4ee04582-2825-4055-a051-0465d62eb5ca:c4548, 97f5b9f0-d9ef-40b5-ba79-7414923e623f:c4542, 7d686585-d831-45bc-93fc-0a553b604b0e:c4544]
2019-07-08 23:05:09,392 INFO  client.GrpcClientProtocolClient (GrpcClientProtocolClient.java:onNext(255)) - client-CEF4D3493DC0->4ee04582-2825-4055-a051-0465d62eb5ca: receive RaftClientReply:client-CEF4D3493DC0->4ee04582-2825-4055-a051-0465d62eb5ca@group-78E0FE5F723E, cid=2988, SUCCESS, logIndex=4549, commits[4ee04582-2825-4055-a051-0465d62eb5ca:c4550, 97f5b9f0-d9ef-40b5-ba79-7414923e623f:c4548, 7d686585-d831-45bc-93fc-0a553b604b0e:c4544]
2019-07-08 23:05:09,392 INFO  client.GrpcClientProtocolClient (GrpcClientProtocolClient.java:onNext(255)) - client-CEF4D3493DC0->4ee04582-2825-4055-a051-0465d62eb5ca: receive RaftClientReply:client-CEF4D3493DC0->4ee04582-2825-4055-a051-0465d62eb5ca@group-78E0FE5F723E, cid=2989, SUCCESS, logIndex=4550, commits[4ee04582-2825-4055-a051-0465d62eb5ca:c4550, 97f5b9f0-d9ef-40b5-ba79-7414923e623f:c4548, 7d686585-d831-45bc-93fc-0a553b604b0e:c4548]
2019-07-08 23:05:09,402 INFO  client.GrpcClientProtocolClient (GrpcClientProtocolClient.java:onNext(255)) - client-CEF4D3493DC0->4ee04582-2825-4055-a051-0465d62eb5ca: receive RaftClientReply:client-CEF4D3493DC0->4ee04582-2825-4055-a051-0465d62eb5ca@group-78E0FE5F723E, cid=2990, SUCCESS, logIndex=4553, commits[4ee04582-2825-4055-a051-0465d62eb5ca:c4554, 97f5b9f0-d9ef-40b5-ba79-7414923e623f:c4550, 7d686585-d831-45bc-93fc-0a553b604b0e:c4551]
2019-07-08 23:05:09,403 INFO  client.GrpcClientProtocolClient (GrpcClientProtocolClient.java:onNext(255)) - client-CEF4D3493DC0->4ee04582-2825-4055-a051-0465d62eb5ca: receive RaftClientReply:client-CEF4D3493DC0->4ee04582-2825-4055-a051-0465d62eb5ca@group-78E0FE5F723E, cid=2991, SUCCESS, logIndex=4554, commits[4ee04582-2825-4055-a051-0465d62eb5ca:c4554, 97f5b9f0-d9ef-40b5-ba79-7414923e623f:c4551, 7d686585-d831-45bc-93fc-0a553b604b0e:c4551]
2019-07-08 23:05:09,406 INFO  client.GrpcClientProtocolClient (GrpcClientProtocolClient.java:onNext(255)) - client-CEF4D3493DC0->4ee04582-2825-4055-a051-0465d62eb5ca: receive RaftClientReply:client-CEF4D3493DC0->4ee04582-2825-4055-a051-0465d62eb5ca@group-78E0FE5F723E, cid=2992, SUCCESS, logIndex=0, commits[4ee04582-2825-4055-a051-0465d62eb5ca:c4555, 97f5b9f0-d9ef-40b5-ba79-7414923e623f:c4554, 7d686585-d831-45bc-93fc-0a553b604b0e:c4554]
2019-07-08 23:05:09,430 INFO  client.GrpcClientProtocolClient (GrpcClientProtocolClient.java:onNext(255)) - client-CEF4D3493DC0->4ee04582-2825-4055-a051-0465d62eb5ca: receive RaftClientReply:client-CEF4D3493DC0->4ee04582-2825-4055-a051-0465d62eb5ca@group-78E0FE5F723E, cid=2993, SUCCESS, logIndex=4557, commits[4ee04582-2825-4055-a051-0465d62eb5ca:c4559, 97f5b9f0-d9ef-40b5-ba79-7414923e623f:c4554, 7d686585-d831-45bc-93fc-0a553b604b0e:c4556]
2019-07-08 23:05:09,431 INFO  client.GrpcClientProtocolClient (GrpcClientProtocolClient.java:onNext(255)) - client-CEF4D3493DC0->4ee04582-2825-4055-a051-0465d62eb5ca: receive RaftClientReply:client-CEF4D3493DC0->4ee04582-2825-4055-a051-0465d62eb5ca@group-78E0FE5F723E, cid=2994, SUCCESS, logIndex=4558, commits[4ee04582-2825-4055-a051-0465d62eb5ca:c4560, 97f5b9f0-d9ef-40b5-ba79-7414923e623f:c4554, 7d686585-d831-45bc-93fc-0a553b604b0e:c4556]
2019-07-08 23:05:09,431 INFO  client.GrpcClientProtocolClient (GrpcClientProtocolClient.java:onNext(255)) - client-CEF4D3493DC0->4ee04582-2825-4055-a051-0465d62eb5ca: receive RaftClientReply:client-CEF4D3493DC0->4ee04582-2825-4055-a051-0465d62eb5ca@group-78E0FE5F723E, cid=2995, SUCCESS, logIndex=4559, commits[4ee04582-2825-4055-a051-0465d62eb5ca:c4560, 97f5b9f0-d9ef-40b5-ba79-7414923e623f:c4554, 7d686585-d831-45bc-93fc-0a553b604b0e:c4556]
2019-07-08 23:05:09,432 INFO  client.GrpcClientProtocolClient (GrpcClientProtocolClient.java:onNext(255)) - client-CEF4D3493DC0->4ee04582-2825-4055-a051-0465d62eb5ca: receive RaftClientReply:client-CEF4D3493DC0->4ee04582-2825-4055-a051-0465d62eb5ca@group-78E0FE5F723E, cid=2996, SUCCESS, logIndex=4560, commits[4ee04582-2825-4055-a051-0465d62eb5ca:c4560, 97f5b9f0-d9ef-40b5-ba79-7414923e623f:c4554, 7d686585-d831-45bc-93fc-0a553b604b0e:c4556]
2019-07-08 23:05:09,437 INFO  client.GrpcClientProtocolClient (GrpcClientProtocolClient.java:onNext(255)) - client-CEF4D3493DC0->4ee04582-2825-4055-a051-0465d62eb5ca: receive RaftClientReply:client-CEF4D3493DC0->4ee04582-2825-4055-a051-0465d62eb5ca@group-78E0FE5F723E, cid=2997, SUCCESS, logIndex=0, commits[4ee04582-2825-4055-a051-0465d62eb5ca:c4564, 97f5b9f0-d9ef-40b5-ba79-7414923e623f:c4560, 7d686585-d831-45bc-93fc-0a553b604b0e:c4558]
2019-07-08 23:05:09,447 INFO  client.GrpcClientProtocolClient (GrpcClientProtocolClient.java:onNext(255)) - client-CEF4D3493DC0->4ee04582-2825-4055-a051-0465d62eb5ca: receive RaftClientReply:client-CEF4D3493DC0->4ee04582-2825-4055-a051-0465d62eb5ca@group-78E0FE5F723E, cid=2998, SUCCESS, logIndex=4565, commits[4ee04582-2825-4055-a051-0465d62eb5ca:c4566, 97f5b9f0-d9ef-40b5-ba79-7414923e623f:c4560, 7d686585-d831-45bc-93fc-0a553b604b0e:c4564]
2019-07-08 23:05:09,447 INFO  client.GrpcClientProtocolClient (GrpcClientProtocolClient.java:onNext(255)) - client-CEF4D3493DC0->4ee04582-2825-4055-a051-0465d62eb5ca: receive RaftClientReply:client-CEF4D3493DC0->4ee04582-2825-4055-a051-0465d62eb5ca@group-78E0FE5F723E, cid=2999, SUCCESS, logIndex=4566, commits[4ee04582-2825-4055-a051-0465d62eb5ca:c4566, 97f5b9f0-d9ef-40b5-ba79-7414923e623f:c4564, 7d686585-d831-45bc-93fc-0a553b604b0e:c4564]
2019-07-08 23:05:09,458 INFO  client.GrpcClientProtocolClient (GrpcClientProtocolClient.java:onNext(255)) - client-CEF4D3493DC0->4ee04582-2825-4055-a051-0465d62eb5ca: receive RaftClientReply:client-CEF4D3493DC0->4ee04582-2825-4055-a051-0465d62eb5ca@group-78E0FE5F723E, cid=3000, SUCCESS, logIndex=4569, commits[4ee04582-2825-4055-a051-0465d62eb5ca:c4570, 97f5b9f0-d9ef-40b5-ba79-7414923e623f:c4568, 7d686585-d831-45bc-93fc-0a553b604b0e:c4566]
2019-07-08 23:05:09,458 INFO  client.GrpcClientProtocolClient (GrpcClientProtocolClient.java:onNext(255)) - client-CEF4D3493DC0->4ee04582-2825-4055-a051-0465d62eb5ca: receive RaftClientReply:client-CEF4D3493DC0->4ee04582-2825-4055-a051-0465d62eb5ca@group-78E0FE5F723E, cid=3001, SUCCESS, logIndex=4570, commits[4ee04582-2825-4055-a051-0465d62eb5ca:c4570, 97f5b9f0-d9ef-40b5-ba79-7414923e623f:c4568, 7d686585-d831-45bc-93fc-0a553b604b0e:c4566]
2019-07-08 23:05:09,461 INFO  client.GrpcClientProtocolClient (GrpcClientProtocolClient.java:onNext(255)) - client-CEF4D3493DC0->4ee04582-2825-4055-a051-0465d62eb5ca: receive RaftClientReply:client-CEF4D3493DC0->4ee04582-2825-4055-a051-0465d62eb5ca@group-78E0FE5F723E, cid=3002, SUCCESS, logIndex=0, commits[4ee04582-2825-4055-a051-0465d62eb5ca:c4571, 97f5b9f0-d9ef-40b5-ba79-7414923e623f:c4570, 7d686585-d831-45bc-93fc-0a553b604b0e:c4570]
2019-07-08 23:05:09,490 INFO  client.GrpcClientProtocolClient (GrpcClientProtocolClient.java:onNext(255)) - client-CEF4D3493DC0->4ee04582-2825-4055-a051-0465d62eb5ca: receive RaftClientReply:client-CEF4D3493DC0->4ee04582-2825-4055-a051-0465d62eb5ca@group-78E0FE5F723E, cid=3003, SUCCESS, logIndex=4573, commits[4ee04582-2825-4055-a051-0465d62eb5ca:c4576, 97f5b9f0-d9ef-40b5-ba79-7414923e623f:c4572, 7d686585-d831-45bc-93fc-0a553b604b0e:c4572]
2019-07-08 23:05:09,490 INFO  client.GrpcClientProtocolClient (GrpcClientProtocolClient.java:onNext(255)) - client-CEF4D3493DC0->4ee04582-2825-4055-a051-0465d62eb5ca: receive RaftClientReply:client-CEF4D3493DC0->4ee04582-2825-4055-a051-0465d62eb5ca@group-78E0FE5F723E, cid=3004, SUCCESS, logIndex=4574, commits[4ee04582-2825-4055-a051-0465d62eb5ca:c4576, 97f5b9f0-d9ef-40b5-ba79-7414923e623f:c4572, 7d686585-d831-45bc-93fc-0a553b604b0e:c4572]
2019-07-08 23:05:09,490 INFO  client.GrpcClientProtocolClient (GrpcClientProtocolClient.java:onNext(255)) - client-CEF4D3493DC0->4ee04582-2825-4055-a051-0465d62eb5ca: receive RaftClientReply:client-CEF4D3493DC0->4ee04582-2825-4055-a051-0465d62eb5ca@group-78E0FE5F723E, cid=3005, SUCCESS, logIndex=4575, commits[4ee04582-2825-4055-a051-0465d62eb5ca:c4576, 97f5b9f0-d9ef-40b5-ba79-7414923e623f:c4572, 7d686585-d831-45bc-93fc-0a553b604b0e:c4572]
2019-07-08 23:05:09,491 INFO  client.GrpcClientProtocolClient (GrpcClientProtocolClient.java:onNext(255)) - client-CEF4D3493DC0->4ee04582-2825-4055-a051-0465d62eb5ca: receive RaftClientReply:client-CEF4D3493DC0->4ee04582-2825-4055-a051-0465d62eb5ca@group-78E0FE5F723E, cid=3006, SUCCESS, logIndex=4576, commits[4ee04582-2825-4055-a051-0465d62eb5ca:c4576, 97f5b9f0-d9ef-40b5-ba79-7414923e623f:c4572, 7d686585-d831-45bc-93fc-0a553b604b0e:c4572]
2019-07-08 23:05:09,495 INFO  client.GrpcClientProtocolClient (GrpcClientProtocolClient.java:onNext(255)) - client-CEF4D3493DC0->4ee04582-2825-4055-a051-0465d62eb5ca: receive RaftClientReply:client-CEF4D3493DC0->4ee04582-2825-4055-a051-0465d62eb5ca@group-78E0FE5F723E, cid=3007, SUCCESS, logIndex=0, commits[4ee04582-2825-4055-a051-0465d62eb5ca:c4578, 97f5b9f0-d9ef-40b5-ba79-7414923e623f:c4575, 7d686585-d831-45bc-93fc-0a553b604b0e:c4574]
2019-07-08 23:05:09,515 INFO  client.GrpcClientProtocolClient (GrpcClientProtocolClient.java:onNext(255)) - client-CEF4D3493DC0->4ee04582-2825-4055-a051-0465d62eb5ca: receive RaftClientReply:client-CEF4D3493DC0->4ee04582-2825-4055-a051-0465d62eb5ca@group-78E0FE5F723E, cid=3008, SUCCESS, logIndex=4581, commits[4ee04582-2825-4055-a051-0465d62eb5ca:c4582, 97f5b9f0-d9ef-40b5-ba79-7414923e623f:c4580, 7d686585-d831-45bc-93fc-0a553b604b0e:c4580]
2019-07-08 23:05:09,515 INFO  client.GrpcClientProtocolClient (GrpcClientProtocolClient.java:onNext(255)) - client-CEF4D3493DC0->4ee04582-2825-4055-a051-0465d62eb5ca: receive RaftClientReply:client-CEF4D3493DC0->4ee04582-2825-4055-a051-0465d62eb5ca@group-78E0FE5F723E, cid=3009, SUCCESS, logIndex=4582, commits[4ee04582-2825-4055-a051-0465d62eb5ca:c4582, 97f5b9f0-d9ef-40b5-ba79-7414923e623f:c4580, 7d686585-d831-45bc-93fc-0a553b604b0e:c4580]
 0.00% |█                                                                                                    |  0/1 Time: 0:00:192019-07-08 23:05:10,047 WARN  util.JavaUtils (JavaUtils.java:sleep(250)) - Unexpected long sleep: sleep(1048ms) actually took 1509ms which is over the threshold 300ms
2019-07-08 23:05:10,047 WARN  util.JavaUtils (JavaUtils.java:sleep(250)) - Unexpected long sleep: sleep(1197ms) actually took 1671ms which is over the threshold 300ms
2019-07-08 23:05:10,058 INFO  client.GrpcClientProtocolClient (GrpcClientProtocolClient.java:onNext(255)) - client-CEF4D3493DC0->4ee04582-2825-4055-a051-0465d62eb5ca: receive RaftClientReply:client-CEF4D3493DC0->4ee04582-2825-4055-a051-0465d62eb5ca@group-78E0FE5F723E, cid=3010, SUCCESS, logIndex=4584, commits[4ee04582-2825-4055-a051-0465d62eb5ca:c4585, 97f5b9f0-d9ef-40b5-ba79-7414923e623f:c4583, 7d686585-d831-45bc-93fc-0a553b604b0e:c4583]
2019-07-08 23:05:10,059 INFO  client.GrpcClientProtocolClient (GrpcClientProtocolClient.java:onNext(255)) - client-CEF4D3493DC0->4ee04582-2825-4055-a051-0465d62eb5ca: receive RaftClientReply:client-CEF4D3493DC0->4ee04582-2825-4055-a051-0465d62eb5ca@group-78E0FE5F723E, cid=3011, SUCCESS, logIndex=4585, commits[4ee04582-2825-4055-a051-0465d62eb5ca:c4585, 97f5b9f0-d9ef-40b5-ba79-7414923e623f:c4583, 7d686585-d831-45bc-93fc-0a553b604b0e:c4583]
2019-07-08 23:05:10,063 INFO  client.GrpcClientProtocolClient (GrpcClientProtocolClient.java:onNext(255)) - client-CEF4D3493DC0->4ee04582-2825-4055-a051-0465d62eb5ca: receive RaftClientReply:client-CEF4D3493DC0->4ee04582-2825-4055-a051-0465d62eb5ca@group-78E0FE5F723E, cid=3012, SUCCESS, logIndex=0, commits[4ee04582-2825-4055-a051-0465d62eb5ca:c4587, 97f5b9f0-d9ef-40b5-ba79-7414923e623f:c4585, 7d686585-d831-45bc-93fc-0a553b604b0e:c4585]
2019-07-08 23:05:10,089 INFO  client.GrpcClientProtocolClient (GrpcClientProtocolClient.java:onNext(255)) - client-CEF4D3493DC0->4ee04582-2825-4055-a051-0465d62eb5ca: receive RaftClientReply:client-CEF4D3493DC0->4ee04582-2825-4055-a051-0465d62eb5ca@group-78E0FE5F723E, cid=3013, SUCCESS, logIndex=4588, commits[4ee04582-2825-4055-a051-0465d62eb5ca:c4589, 97f5b9f0-d9ef-40b5-ba79-7414923e623f:c4585, 7d686585-d831-45bc-93fc-0a553b604b0e:c4587]
2019-07-08 23:05:10,089 INFO  client.GrpcClientProtocolClient (GrpcClientProtocolClient.java:onNext(255)) - client-CEF4D3493DC0->4ee04582-2825-4055-a051-0465d62eb5ca: receive RaftClientReply:client-CEF4D3493DC0->4ee04582-2825-4055-a051-0465d62eb5ca@group-78E0FE5F723E, cid=3014, SUCCESS, logIndex=4589, commits[4ee04582-2825-4055-a051-0465d62eb5ca:c4589, 97f5b9f0-d9ef-40b5-ba79-7414923e623f:c4585, 7d686585-d831-45bc-93fc-0a553b604b0e:c4587]
2019-07-08 23:05:10,090 INFO  client.GrpcClientProtocolClient (GrpcClientProtocolClient.java:onNext(255)) - client-CEF4D3493DC0->4ee04582-2825-4055-a051-0465d62eb5ca: receive RaftClientReply:client-CEF4D3493DC0->4ee04582-2825-4055-a051-0465d62eb5ca@group-78E0FE5F723E, cid=3015, SUCCESS, logIndex=4590, commits[4ee04582-2825-4055-a051-0465d62eb5ca:c4591, 97f5b9f0-d9ef-40b5-ba79-7414923e623f:c4587, 7d686585-d831-45bc-93fc-0a553b604b0e:c4587]
2019-07-08 23:05:10,090 INFO  client.GrpcClientProtocolClient (GrpcClientProtocolClient.java:onNext(255)) - client-CEF4D3493DC0->4ee04582-2825-4055-a051-0465d62eb5ca: receive RaftClientReply:client-CEF4D3493DC0->4ee04582-2825-4055-a051-0465d62eb5ca@group-78E0FE5F723E, cid=3016, SUCCESS, logIndex=4591, commits[4ee04582-2825-4055-a051-0465d62eb5ca:c4591, 97f5b9f0-d9ef-40b5-ba79-7414923e623f:c4587, 7d686585-d831-45bc-93fc-0a553b604b0e:c4587]
2019-07-08 23:05:10,094 INFO  client.GrpcClientProtocolClient (GrpcClientProtocolClient.java:onNext(255)) - client-CEF4D3493DC0->4ee04582-2825-4055-a051-0465d62eb5ca: receive RaftClientReply:client-CEF4D3493DC0->4ee04582-2825-4055-a051-0465d62eb5ca@group-78E0FE5F723E, cid=3017, SUCCESS, logIndex=0, commits[4ee04582-2825-4055-a051-0465d62eb5ca:c4593, 97f5b9f0-d9ef-40b5-ba79-7414923e623f:c4589, 7d686585-d831-45bc-93fc-0a553b604b0e:c4589]
2019-07-08 23:05:10,107 INFO  client.GrpcClientProtocolClient (GrpcClientProtocolClient.java:onNext(255)) - client-CEF4D3493DC0->4ee04582-2825-4055-a051-0465d62eb5ca: receive RaftClientReply:client-CEF4D3493DC0->4ee04582-2825-4055-a051-0465d62eb5ca@group-78E0FE5F723E, cid=3018, SUCCESS, logIndex=4596, commits[4ee04582-2825-4055-a051-0465d62eb5ca:c4597, 97f5b9f0-d9ef-40b5-ba79-7414923e623f:c4595, 7d686585-d831-45bc-93fc-0a553b604b0e:c4591]
2019-07-08 23:05:10,108 INFO  client.GrpcClientProtocolClient (GrpcClientProtocolClient.java:onNext(255)) - client-CEF4D3493DC0->4ee04582-2825-4055-a051-0465d62eb5ca: receive RaftClientReply:client-CEF4D3493DC0->4ee04582-2825-4055-a051-0465d62eb5ca@group-78E0FE5F723E, cid=3019, SUCCESS, logIndex=4597, commits[4ee04582-2825-4055-a051-0465d62eb5ca:c4597, 97f5b9f0-d9ef-40b5-ba79-7414923e623f:c4595, 7d686585-d831-45bc-93fc-0a553b604b0e:c4595]
2019-07-08 23:05:10,120 INFO  client.GrpcClientProtocolClient (GrpcClientProtocolClient.java:onNext(255)) - client-CEF4D3493DC0->4ee04582-2825-4055-a051-0465d62eb5ca: receive RaftClientReply:client-CEF4D3493DC0->4ee04582-2825-4055-a051-0465d62eb5ca@group-78E0FE5F723E, cid=3020, SUCCESS, logIndex=4600, commits[4ee04582-2825-4055-a051-0465d62eb5ca:c4601, 97f5b9f0-d9ef-40b5-ba79-7414923e623f:c4599, 7d686585-d831-45bc-93fc-0a553b604b0e:c4599]
2019-07-08 23:05:10,120 INFO  client.GrpcClientProtocolClient (GrpcClientProtocolClient.java:onNext(255)) - client-CEF4D3493DC0->4ee04582-2825-4055-a051-0465d62eb5ca: receive RaftClientReply:client-CEF4D3493DC0->4ee04582-2825-4055-a051-0465d62eb5ca@group-78E0FE5F723E, cid=3021, SUCCESS, logIndex=4601, commits[4ee04582-2825-4055-a051-0465d62eb5ca:c4601, 97f5b9f0-d9ef-40b5-ba79-7414923e623f:c4599, 7d686585-d831-45bc-93fc-0a553b604b0e:c4599]
2019-07-08 23:05:10,121 INFO  client.GrpcClientProtocolClient (GrpcClientProtocolClient.java:onNext(255)) - client-CEF4D3493DC0->4ee04582-2825-4055-a051-0465d62eb5ca: receive RaftClientReply:client-CEF4D3493DC0->4ee04582-2825-4055-a051-0465d62eb5ca@group-78E0FE5F723E, cid=3022, SUCCESS, logIndex=0, commits[4ee04582-2825-4055-a051-0465d62eb5ca:c4602, 97f5b9f0-d9ef-40b5-ba79-7414923e623f:c4601, 7d686585-d831-45bc-93fc-0a553b604b0e:c4601]
2019-07-08 23:05:10,146 INFO  client.GrpcClientProtocolClient (GrpcClientProtocolClient.java:onNext(255)) - client-CEF4D3493DC0->4ee04582-2825-4055-a051-0465d62eb5ca: receive RaftClientReply:client-CEF4D3493DC0->4ee04582-2825-4055-a051-0465d62eb5ca@group-78E0FE5F723E, cid=3023, SUCCESS, logIndex=4604, commits[4ee04582-2825-4055-a051-0465d62eb5ca:c4607, 97f5b9f0-d9ef-40b5-ba79-7414923e623f:c4601, 7d686585-d831-45bc-93fc-0a553b604b0e:c4603]
2019-07-08 23:05:10,147 INFO  client.GrpcClientProtocolClient (GrpcClientProtocolClient.java:onNext(255)) - client-CEF4D3493DC0->4ee04582-2825-4055-a051-0465d62eb5ca: receive RaftClientReply:client-CEF4D3493DC0->4ee04582-2825-4055-a051-0465d62eb5ca@group-78E0FE5F723E, cid=3024, SUCCESS, logIndex=4605, commits[4ee04582-2825-4055-a051-0465d62eb5ca:c4607, 97f5b9f0-d9ef-40b5-ba79-7414923e623f:c4603, 7d686585-d831-45bc-93fc-0a553b604b0e:c4603]
2019-07-08 23:05:10,147 INFO  client.GrpcClientProtocolClient (GrpcClientProtocolClient.java:onNext(255)) - client-CEF4D3493DC0->4ee04582-2825-4055-a051-0465d62eb5ca: receive RaftClientReply:client-CEF4D3493DC0->4ee04582-2825-4055-a051-0465d62eb5ca@group-78E0FE5F723E, cid=3025, SUCCESS, logIndex=4606, commits[4ee04582-2825-4055-a051-0465d62eb5ca:c4607, 97f5b9f0-d9ef-40b5-ba79-7414923e623f:c4603, 7d686585-d831-45bc-93fc-0a553b604b0e:c4603]
2019-07-08 23:05:10,147 INFO  client.GrpcClientProtocolClient (GrpcClientProtocolClient.java:onNext(255)) - client-CEF4D3493DC0->4ee04582-2825-4055-a051-0465d62eb5ca: receive RaftClientReply:client-CEF4D3493DC0->4ee04582-2825-4055-a051-0465d62eb5ca@group-78E0FE5F723E, cid=3026, SUCCESS, logIndex=4607, commits[4ee04582-2825-4055-a051-0465d62eb5ca:c4608, 97f5b9f0-d9ef-40b5-ba79-7414923e623f:c4603, 7d686585-d831-45bc-93fc-0a553b604b0e:c4604]
2019-07-08 23:05:10,151 INFO  client.GrpcClientProtocolClient (GrpcClientProtocolClient.java:onNext(255)) - client-CEF4D3493DC0->4ee04582-2825-4055-a051-0465d62eb5ca: receive RaftClientReply:client-CEF4D3493DC0->4ee04582-2825-4055-a051-0465d62eb5ca@group-78E0FE5F723E, cid=3027, SUCCESS, logIndex=0, commits[4ee04582-2825-4055-a051-0465d62eb5ca:c4609, 97f5b9f0-d9ef-40b5-ba79-7414923e623f:c4605, 7d686585-d831-45bc-93fc-0a553b604b0e:c4605]
2019-07-08 23:05:10,162 INFO  client.GrpcClientProtocolClient (GrpcClientProtocolClient.java:onNext(255)) - client-CEF4D3493DC0->4ee04582-2825-4055-a051-0465d62eb5ca: receive RaftClientReply:client-CEF4D3493DC0->4ee04582-2825-4055-a051-0465d62eb5ca@group-78E0FE5F723E, cid=3028, SUCCESS, logIndex=4612, commits[4ee04582-2825-4055-a051-0465d62eb5ca:c4613, 97f5b9f0-d9ef-40b5-ba79-7414923e623f:c4607, 7d686585-d831-45bc-93fc-0a553b604b0e:c4611]
2019-07-08 23:05:10,162 INFO  client.GrpcClientProtocolClient (GrpcClientProtocolClient.java:onNext(255)) - client-CEF4D3493DC0->4ee04582-2825-4055-a051-0465d62eb5ca: receive RaftClientReply:client-CEF4D3493DC0->4ee04582-2825-4055-a051-0465d62eb5ca@group-78E0FE5F723E, cid=3029, SUCCESS, logIndex=4613, commits[4ee04582-2825-4055-a051-0465d62eb5ca:c4613, 97f5b9f0-d9ef-40b5-ba79-7414923e623f:c4607, 7d686585-d831-45bc-93fc-0a553b604b0e:c4611]
2019-07-08 23:05:10,173 INFO  client.GrpcClientProtocolClient (GrpcClientProtocolClient.java:onNext(255)) - client-CEF4D3493DC0->4ee04582-2825-4055-a051-0465d62eb5ca: receive RaftClientReply:client-CEF4D3493DC0->4ee04582-2825-4055-a051-0465d62eb5ca@group-78E0FE5F723E, cid=3030, SUCCESS, logIndex=4616, commits[4ee04582-2825-4055-a051-0465d62eb5ca:c4617, 97f5b9f0-d9ef-40b5-ba79-7414923e623f:c4613, 7d686585-d831-45bc-93fc-0a553b604b0e:c4615]
2019-07-08 23:05:10,173 INFO  client.GrpcClientProtocolClient (GrpcClientProtocolClient.java:onNext(255)) - client-CEF4D3493DC0->4ee04582-2825-4055-a051-0465d62eb5ca: receive RaftClientReply:client-CEF4D3493DC0->4ee04582-2825-4055-a051-0465d62eb5ca@group-78E0FE5F723E, cid=3031, SUCCESS, logIndex=4617, commits[4ee04582-2825-4055-a051-0465d62eb5ca:c4617, 97f5b9f0-d9ef-40b5-ba79-7414923e623f:c4615, 7d686585-d831-45bc-93fc-0a553b604b0e:c4615]
2019-07-08 23:05:10,176 INFO  client.GrpcClientProtocolClient (GrpcClientProtocolClient.java:onNext(255)) - client-CEF4D3493DC0->4ee04582-2825-4055-a051-0465d62eb5ca: receive RaftClientReply:client-CEF4D3493DC0->4ee04582-2825-4055-a051-0465d62eb5ca@group-78E0FE5F723E, cid=3032, SUCCESS, logIndex=0, commits[4ee04582-2825-4055-a051-0465d62eb5ca:c4618, 97f5b9f0-d9ef-40b5-ba79-7414923e623f:c4617, 7d686585-d831-45bc-93fc-0a553b604b0e:c4617]
2019-07-08 23:05:10,196 INFO  client.GrpcClientProtocolClient (GrpcClientProtocolClient.java:onNext(255)) - client-CEF4D3493DC0->4ee04582-2825-4055-a051-0465d62eb5ca: receive RaftClientReply:client-CEF4D3493DC0->4ee04582-2825-4055-a051-0465d62eb5ca@group-78E0FE5F723E, cid=3033, SUCCESS, logIndex=4620, commits[4ee04582-2825-4055-a051-0465d62eb5ca:c4621, 97f5b9f0-d9ef-40b5-ba79-7414923e623f:c4619, 7d686585-d831-45bc-93fc-0a553b604b0e:c4617]
2019-07-08 23:05:10,197 INFO  client.GrpcClientProtocolClient (GrpcClientProtocolClient.java:onNext(255)) - client-CEF4D3493DC0->4ee04582-2825-4055-a051-0465d62eb5ca: receive RaftClientReply:client-CEF4D3493DC0->4ee04582-2825-4055-a051-0465d62eb5ca@group-78E0FE5F723E, cid=3034, SUCCESS, logIndex=4621, commits[4ee04582-2825-4055-a051-0465d62eb5ca:c4621, 97f5b9f0-d9ef-40b5-ba79-7414923e623f:c4619, 7d686585-d831-45bc-93fc-0a553b604b0e:c4619]
2019-07-08 23:05:10,199 INFO  client.GrpcClientProtocolClient (GrpcClientProtocolClient.java:onNext(255)) - client-CEF4D3493DC0->4ee04582-2825-4055-a051-0465d62eb5ca: receive RaftClientReply:client-CEF4D3493DC0->4ee04582-2825-4055-a051-0465d62eb5ca@group-78E0FE5F723E, cid=3035, SUCCESS, logIndex=4622, commits[4ee04582-2825-4055-a051-0465d62eb5ca:c4624, 97f5b9f0-d9ef-40b5-ba79-7414923e623f:c4619, 7d686585-d831-45bc-93fc-0a553b604b0e:c4621]
2019-07-08 23:05:10,199 INFO  client.GrpcClientProtocolClient (GrpcClientProtocolClient.java:onNext(255)) - client-CEF4D3493DC0->4ee04582-2825-4055-a051-0465d62eb5ca: receive RaftClientReply:client-CEF4D3493DC0->4ee04582-2825-4055-a051-0465d62eb5ca@group-78E0FE5F723E, cid=3036, SUCCESS, logIndex=4623, commits[4ee04582-2825-4055-a051-0465d62eb5ca:c4625, 97f5b9f0-d9ef-40b5-ba79-7414923e623f:c4619, 7d686585-d831-45bc-93fc-0a553b604b0e:c4621]
2019-07-08 23:05:10,200 INFO  client.GrpcClientProtocolClient (GrpcClientProtocolClient.java:onNext(255)) - client-CEF4D3493DC0->4ee04582-2825-4055-a051-0465d62eb5ca: receive RaftClientReply:client-CEF4D3493DC0->4ee04582-2825-4055-a051-0465d62eb5ca@group-78E0FE5F723E, cid=3037, SUCCESS, logIndex=0, commits[4ee04582-2825-4055-a051-0465d62eb5ca:c4626, 97f5b9f0-d9ef-40b5-ba79-7414923e623f:c4621, 7d686585-d831-45bc-93fc-0a553b604b0e:c4622]
2019-07-08 23:05:10,210 INFO  client.GrpcClientProtocolClient (GrpcClientProtocolClient.java:onNext(255)) - client-CEF4D3493DC0->4ee04582-2825-4055-a051-0465d62eb5ca: receive RaftClientReply:client-CEF4D3493DC0->4ee04582-2825-4055-a051-0465d62eb5ca@group-78E0FE5F723E, cid=3038, SUCCESS, logIndex=4628, commits[4ee04582-2825-4055-a051-0465d62eb5ca:c4629, 97f5b9f0-d9ef-40b5-ba79-7414923e623f:c4627, 7d686585-d831-45bc-93fc-0a553b604b0e:c4627]
2019-07-08 23:05:10,210 INFO  client.GrpcClientProtocolClient (GrpcClientProtocolClient.java:onNext(255)) - client-CEF4D3493DC0->4ee04582-2825-4055-a051-0465d62eb5ca: receive RaftClientReply:client-CEF4D3493DC0->4ee04582-2825-4055-a051-0465d62eb5ca@group-78E0FE5F723E, cid=3039, SUCCESS, logIndex=4629, commits[4ee04582-2825-4055-a051-0465d62eb5ca:c4629, 97f5b9f0-d9ef-40b5-ba79-7414923e623f:c4627, 7d686585-d831-45bc-93fc-0a553b604b0e:c4627]
2019-07-08 23:05:10,221 INFO  client.GrpcClientProtocolClient (GrpcClientProtocolClient.java:onNext(255)) - client-CEF4D3493DC0->4ee04582-2825-4055-a051-0465d62eb5ca: receive RaftClientReply:client-CEF4D3493DC0->4ee04582-2825-4055-a051-0465d62eb5ca@group-78E0FE5F723E, cid=3040, SUCCESS, logIndex=4632, commits[4ee04582-2825-4055-a051-0465d62eb5ca:c4633, 97f5b9f0-d9ef-40b5-ba79-7414923e623f:c4631, 7d686585-d831-45bc-93fc-0a553b604b0e:c4629]
2019-07-08 23:05:10,221 INFO  client.GrpcClientProtocolClient (GrpcClientProtocolClient.java:onNext(255)) - client-CEF4D3493DC0->4ee04582-2825-4055-a051-0465d62eb5ca: receive RaftClientReply:client-CEF4D3493DC0->4ee04582-2825-4055-a051-0465d62eb5ca@group-78E0FE5F723E, cid=3041, SUCCESS, logIndex=4633, commits[4ee04582-2825-4055-a051-0465d62eb5ca:c4633, 97f5b9f0-d9ef-40b5-ba79-7414923e623f:c4631, 7d686585-d831-45bc-93fc-0a553b604b0e:c4631]
2019-07-08 23:05:10,225 INFO  client.GrpcClientProtocolClient (GrpcClientProtocolClient.java:onNext(255)) - client-CEF4D3493DC0->4ee04582-2825-4055-a051-0465d62eb5ca: receive RaftClientReply:client-CEF4D3493DC0->4ee04582-2825-4055-a051-0465d62eb5ca@group-78E0FE5F723E, cid=3042, SUCCESS, logIndex=0, commits[4ee04582-2825-4055-a051-0465d62eb5ca:c4635, 97f5b9f0-d9ef-40b5-ba79-7414923e623f:c4633, 7d686585-d831-45bc-93fc-0a553b604b0e:c4633]
2019-07-08 23:05:10,246 INFO  client.GrpcClientProtocolClient (GrpcClientProtocolClient.java:onNext(255)) - client-CEF4D3493DC0->4ee04582-2825-4055-a051-0465d62eb5ca: receive RaftClientReply:client-CEF4D3493DC0->4ee04582-2825-4055-a051-0465d62eb5ca@group-78E0FE5F723E, cid=3043, SUCCESS, logIndex=4636, commits[4ee04582-2825-4055-a051-0465d62eb5ca:c4637, 97f5b9f0-d9ef-40b5-ba79-7414923e623f:c4635, 7d686585-d831-45bc-93fc-0a553b604b0e:c4635]
2019-07-08 23:05:10,246 INFO  client.GrpcClientProtocolClient (GrpcClientProtocolClient.java:onNext(255)) - client-CEF4D3493DC0->4ee04582-2825-4055-a051-0465d62eb5ca: receive RaftClientReply:client-CEF4D3493DC0->4ee04582-2825-4055-a051-0465d62eb5ca@group-78E0FE5F723E, cid=3044, SUCCESS, logIndex=4637, commits[4ee04582-2825-4055-a051-0465d62eb5ca:c4637, 97f5b9f0-d9ef-40b5-ba79-7414923e623f:c4635, 7d686585-d831-45bc-93fc-0a553b604b0e:c4635]
2019-07-08 23:05:10,247 INFO  client.GrpcClientProtocolClient (GrpcClientProtocolClient.java:onNext(255)) - client-CEF4D3493DC0->4ee04582-2825-4055-a051-0465d62eb5ca: receive RaftClientReply:client-CEF4D3493DC0->4ee04582-2825-4055-a051-0465d62eb5ca@group-78E0FE5F723E, cid=3045, SUCCESS, logIndex=4638, commits[4ee04582-2825-4055-a051-0465d62eb5ca:c4639, 97f5b9f0-d9ef-40b5-ba79-7414923e623f:c4635, 7d686585-d831-45bc-93fc-0a553b604b0e:c4635]
2019-07-08 23:05:10,248 INFO  client.GrpcClientProtocolClient (GrpcClientProtocolClient.java:onNext(255)) - client-CEF4D3493DC0->4ee04582-2825-4055-a051-0465d62eb5ca: receive RaftClientReply:client-CEF4D3493DC0->4ee04582-2825-4055-a051-0465d62eb5ca@group-78E0FE5F723E, cid=3046, SUCCESS, logIndex=4639, commits[4ee04582-2825-4055-a051-0465d62eb5ca:c4641, 97f5b9f0-d9ef-40b5-ba79-7414923e623f:c4635, 7d686585-d831-45bc-93fc-0a553b604b0e:c4637]
2019-07-08 23:05:10,248 INFO  client.GrpcClientProtocolClient (GrpcClientProtocolClient.java:onNext(255)) - client-CEF4D3493DC0->4ee04582-2825-4055-a051-0465d62eb5ca: receive RaftClientReply:client-CEF4D3493DC0->4ee04582-2825-4055-a051-0465d62eb5ca@group-78E0FE5F723E, cid=3047, SUCCESS, logIndex=0, commits[4ee04582-2825-4055-a051-0465d62eb5ca:c4641, 97f5b9f0-d9ef-40b5-ba79-7414923e623f:c4637, 7d686585-d831-45bc-93fc-0a553b604b0e:c4637]
2019-07-08 23:05:10,258 INFO  client.GrpcClientProtocolClient (GrpcClientProtocolClient.java:onNext(255)) - client-CEF4D3493DC0->4ee04582-2825-4055-a051-0465d62eb5ca: receive RaftClientReply:client-CEF4D3493DC0->4ee04582-2825-4055-a051-0465d62eb5ca@group-78E0FE5F723E, cid=3048, SUCCESS, logIndex=4644, commits[4ee04582-2825-4055-a051-0465d62eb5ca:c4645, 97f5b9f0-d9ef-40b5-ba79-7414923e623f:c4639, 7d686585-d831-45bc-93fc-0a553b604b0e:c4642]
2019-07-08 23:05:10,259 INFO  client.GrpcClientProtocolClient (GrpcClientProtocolClient.java:onNext(255)) - client-CEF4D3493DC0->4ee04582-2825-4055-a051-0465d62eb5ca: receive RaftClientReply:client-CEF4D3493DC0->4ee04582-2825-4055-a051-0465d62eb5ca@group-78E0FE5F723E, cid=3049, SUCCESS, logIndex=4645, commits[4ee04582-2825-4055-a051-0465d62eb5ca:c4645, 97f5b9f0-d9ef-40b5-ba79-7414923e623f:c4642, 7d686585-d831-45bc-93fc-0a553b604b0e:c4642]
2019-07-08 23:05:10,269 INFO  client.GrpcClientProtocolClient (GrpcClientProtocolClient.java:onNext(255)) - client-CEF4D3493DC0->4ee04582-2825-4055-a051-0465d62eb5ca: receive RaftClientReply:client-CEF4D3493DC0->4ee04582-2825-4055-a051-0465d62eb5ca@group-78E0FE5F723E, cid=3050, SUCCESS, logIndex=4648, commits[4ee04582-2825-4055-a051-0465d62eb5ca:c4649, 97f5b9f0-d9ef-40b5-ba79-7414923e623f:c4645, 7d686585-d831-45bc-93fc-0a553b604b0e:c4646]
2019-07-08 23:05:10,269 INFO  client.GrpcClientProtocolClient (GrpcClientProtocolClient.java:onNext(255)) - client-CEF4D3493DC0->4ee04582-2825-4055-a051-0465d62eb5ca: receive RaftClientReply:client-CEF4D3493DC0->4ee04582-2825-4055-a051-0465d62eb5ca@group-78E0FE5F723E, cid=3051, SUCCESS, logIndex=4649, commits[4ee04582-2825-4055-a051-0465d62eb5ca:c4649, 97f5b9f0-d9ef-40b5-ba79-7414923e623f:c4646, 7d686585-d831-45bc-93fc-0a553b604b0e:c4646]
2019-07-08 23:05:10,275 INFO  client.GrpcClientProtocolClient (GrpcClientProtocolClient.java:onNext(255)) - client-CEF4D3493DC0->4ee04582-2825-4055-a051-0465d62eb5ca: receive RaftClientReply:client-CEF4D3493DC0->4ee04582-2825-4055-a051-0465d62eb5ca@group-78E0FE5F723E, cid=3052, SUCCESS, logIndex=0, commits[4ee04582-2825-4055-a051-0465d62eb5ca:c4651, 97f5b9f0-d9ef-40b5-ba79-7414923e623f:c4649, 7d686585-d831-45bc-93fc-0a553b604b0e:c4649]
2019-07-08 23:05:10,301 INFO  client.GrpcClientProtocolClient (GrpcClientProtocolClient.java:onNext(255)) - client-CEF4D3493DC0->4ee04582-2825-4055-a051-0465d62eb5ca: receive RaftClientReply:client-CEF4D3493DC0->4ee04582-2825-4055-a051-0465d62eb5ca@group-78E0FE5F723E, cid=3053, SUCCESS, logIndex=4652, commits[4ee04582-2825-4055-a051-0465d62eb5ca:c4653, 97f5b9f0-d9ef-40b5-ba79-7414923e623f:c4651, 7d686585-d831-45bc-93fc-0a553b604b0e:c4651]
2019-07-08 23:05:10,302 INFO  client.GrpcClientProtocolClient (GrpcClientProtocolClient.java:onNext(255)) - client-CEF4D3493DC0->4ee04582-2825-4055-a051-0465d62eb5ca: receive RaftClientReply:client-CEF4D3493DC0->4ee04582-2825-4055-a051-0465d62eb5ca@group-78E0FE5F723E, cid=3054, SUCCESS, logIndex=4653, commits[4ee04582-2825-4055-a051-0465d62eb5ca:c4655, 97f5b9f0-d9ef-40b5-ba79-7414923e623f:c4651, 7d686585-d831-45bc-93fc-0a553b604b0e:c4651]
2019-07-08 23:05:10,302 INFO  client.GrpcClientProtocolClient (GrpcClientProtocolClient.java:onNext(255)) - client-CEF4D3493DC0->4ee04582-2825-4055-a051-0465d62eb5ca: receive RaftClientReply:client-CEF4D3493DC0->4ee04582-2825-4055-a051-0465d62eb5ca@group-78E0FE5F723E, cid=3055, SUCCESS, logIndex=4654, commits[4ee04582-2825-4055-a051-0465d62eb5ca:c4655, 97f5b9f0-d9ef-40b5-ba79-7414923e623f:c4651, 7d686585-d831-45bc-93fc-0a553b604b0e:c4651]
2019-07-08 23:05:10,302 INFO  client.GrpcClientProtocolClient (GrpcClientProtocolClient.java:onNext(255)) - client-CEF4D3493DC0->4ee04582-2825-4055-a051-0465d62eb5ca: receive RaftClientReply:client-CEF4D3493DC0->4ee04582-2825-4055-a051-0465d62eb5ca@group-78E0FE5F723E, cid=3056, SUCCESS, logIndex=4655, commits[4ee04582-2825-4055-a051-0465d62eb5ca:c4655, 97f5b9f0-d9ef-40b5-ba79-7414923e623f:c4651, 7d686585-d831-45bc-93fc-0a553b604b0e:c4651]
2019-07-08 23:05:10,309 INFO  client.GrpcClientProtocolClient (GrpcClientProtocolClient.java:onNext(255)) - client-CEF4D3493DC0->4ee04582-2825-4055-a051-0465d62eb5ca: receive RaftClientReply:client-CEF4D3493DC0->4ee04582-2825-4055-a051-0465d62eb5ca@group-78E0FE5F723E, cid=3057, SUCCESS, logIndex=0, commits[4ee04582-2825-4055-a051-0465d62eb5ca:c4658, 97f5b9f0-d9ef-40b5-ba79-7414923e623f:c4655, 7d686585-d831-45bc-93fc-0a553b604b0e:c4653]
2019-07-08 23:05:10,323 INFO  client.GrpcClientProtocolClient (GrpcClientProtocolClient.java:onNext(255)) - client-CEF4D3493DC0->4ee04582-2825-4055-a051-0465d62eb5ca: receive RaftClientReply:client-CEF4D3493DC0->4ee04582-2825-4055-a051-0465d62eb5ca@group-78E0FE5F723E, cid=3058, SUCCESS, logIndex=4659, commits[4ee04582-2825-4055-a051-0465d62eb5ca:c4660, 97f5b9f0-d9ef-40b5-ba79-7414923e623f:c4658, 7d686585-d831-45bc-93fc-0a553b604b0e:c4658]
2019-07-08 23:05:10,323 INFO  client.GrpcClientProtocolClient (GrpcClientProtocolClient.java:onNext(255)) - client-CEF4D3493DC0->4ee04582-2825-4055-a051-0465d62eb5ca: receive RaftClientReply:client-CEF4D3493DC0->4ee04582-2825-4055-a051-0465d62eb5ca@group-78E0FE5F723E, cid=3059, SUCCESS, logIndex=4660, commits[4ee04582-2825-4055-a051-0465d62eb5ca:c4660, 97f5b9f0-d9ef-40b5-ba79-7414923e623f:c4658, 7d686585-d831-45bc-93fc-0a553b604b0e:c4658]
2019-07-08 23:05:10,337 INFO  client.GrpcClientProtocolClient (GrpcClientProtocolClient.java:onNext(255)) - client-CEF4D3493DC0->4ee04582-2825-4055-a051-0465d62eb5ca: receive RaftClientReply:client-CEF4D3493DC0->4ee04582-2825-4055-a051-0465d62eb5ca@group-78E0FE5F723E, cid=3060, SUCCESS, logIndex=4663, commits[4ee04582-2825-4055-a051-0465d62eb5ca:c4664, 97f5b9f0-d9ef-40b5-ba79-7414923e623f:c4660, 7d686585-d831-45bc-93fc-0a553b604b0e:c4661]
2019-07-08 23:05:10,337 INFO  client.GrpcClientProtocolClient (GrpcClientProtocolClient.java:onNext(255)) - client-CEF4D3493DC0->4ee04582-2825-4055-a051-0465d62eb5ca: receive RaftClientReply:client-CEF4D3493DC0->4ee04582-2825-4055-a051-0465d62eb5ca@group-78E0FE5F723E, cid=3061, SUCCESS, logIndex=4664, commits[4ee04582-2825-4055-a051-0465d62eb5ca:c4664, 97f5b9f0-d9ef-40b5-ba79-7414923e623f:c4661, 7d686585-d831-45bc-93fc-0a553b604b0e:c4661]
2019-07-08 23:05:10,343 INFO  client.GrpcClientProtocolClient (GrpcClientProtocolClient.java:onNext(255)) - client-CEF4D3493DC0->4ee04582-2825-4055-a051-0465d62eb5ca: receive RaftClientReply:client-CEF4D3493DC0->4ee04582-2825-4055-a051-0465d62eb5ca@group-78E0FE5F723E, cid=3062, SUCCESS, logIndex=0, commits[4ee04582-2825-4055-a051-0465d62eb5ca:c4666, 97f5b9f0-d9ef-40b5-ba79-7414923e623f:c4664, 7d686585-d831-45bc-93fc-0a553b604b0e:c4664]
2019-07-08 23:05:10,367 INFO  client.GrpcClientProtocolClient (GrpcClientProtocolClient.java:onNext(255)) - client-CEF4D3493DC0->4ee04582-2825-4055-a051-0465d62eb5ca: receive RaftClientReply:client-CEF4D3493DC0->4ee04582-2825-4055-a051-0465d62eb5ca@group-78E0FE5F723E, cid=3063, SUCCESS, logIndex=4667, commits[4ee04582-2825-4055-a051-0465d62eb5ca:c4670, 97f5b9f0-d9ef-40b5-ba79-7414923e623f:c4666, 7d686585-d831-45bc-93fc-0a553b604b0e:c4666]
2019-07-08 23:05:10,367 INFO  client.GrpcClientProtocolClient (GrpcClientProtocolClient.java:onNext(255)) - client-CEF4D3493DC0->4ee04582-2825-4055-a051-0465d62eb5ca: receive RaftClientReply:client-CEF4D3493DC0->4ee04582-2825-4055-a051-0465d62eb5ca@group-78E0FE5F723E, cid=3064, SUCCESS, logIndex=4668, commits[4ee04582-2825-4055-a051-0465d62eb5ca:c4670, 97f5b9f0-d9ef-40b5-ba79-7414923e623f:c4666, 7d686585-d831-45bc-93fc-0a553b604b0e:c4666]
2019-07-08 23:05:10,367 INFO  client.GrpcClientProtocolClient (GrpcClientProtocolClient.java:onNext(255)) - client-CEF4D3493DC0->4ee04582-2825-4055-a051-0465d62eb5ca: receive RaftClientReply:client-CEF4D3493DC0->4ee04582-2825-4055-a051-0465d62eb5ca@group-78E0FE5F723E, cid=3065, SUCCESS, logIndex=4669, commits[4ee04582-2825-4055-a051-0465d62eb5ca:c4670, 97f5b9f0-d9ef-40b5-ba79-7414923e623f:c4666, 7d686585-d831-45bc-93fc-0a553b604b0e:c4666]
2019-07-08 23:05:10,368 INFO  client.GrpcClientProtocolClient (GrpcClientProtocolClient.java:onNext(255)) - client-CEF4D3493DC0->4ee04582-2825-4055-a051-0465d62eb5ca: receive RaftClientReply:client-CEF4D3493DC0->4ee04582-2825-4055-a051-0465d62eb5ca@group-78E0FE5F723E, cid=3066, SUCCESS, logIndex=4670, commits[4ee04582-2825-4055-a051-0465d62eb5ca:c4670, 97f5b9f0-d9ef-40b5-ba79-7414923e623f:c4666, 7d686585-d831-45bc-93fc-0a553b604b0e:c4666]
2019-07-08 23:05:10,370 INFO  client.GrpcClientProtocolClient (GrpcClientProtocolClient.java:onNext(255)) - client-CEF4D3493DC0->4ee04582-2825-4055-a051-0465d62eb5ca: receive RaftClientReply:client-CEF4D3493DC0->4ee04582-2825-4055-a051-0465d62eb5ca@group-78E0FE5F723E, cid=3067, SUCCESS, logIndex=0, commits[4ee04582-2825-4055-a051-0465d62eb5ca:c4671, 97f5b9f0-d9ef-40b5-ba79-7414923e623f:c4668, 7d686585-d831-45bc-93fc-0a553b604b0e:c4668]
2019-07-08 23:05:10,381 INFO  client.GrpcClientProtocolClient (GrpcClientProtocolClient.java:onNext(255)) - client-CEF4D3493DC0->4ee04582-2825-4055-a051-0465d62eb5ca: receive RaftClientReply:client-CEF4D3493DC0->4ee04582-2825-4055-a051-0465d62eb5ca@group-78E0FE5F723E, cid=3068, SUCCESS, logIndex=4674, commits[4ee04582-2825-4055-a051-0465d62eb5ca:c4675, 97f5b9f0-d9ef-40b5-ba79-7414923e623f:c4673, 7d686585-d831-45bc-93fc-0a553b604b0e:c4673]
2019-07-08 23:05:10,381 INFO  client.GrpcClientProtocolClient (GrpcClientProtocolClient.java:onNext(255)) - client-CEF4D3493DC0->4ee04582-2825-4055-a051-0465d62eb5ca: receive RaftClientReply:client-CEF4D3493DC0->4ee04582-2825-4055-a051-0465d62eb5ca@group-78E0FE5F723E, cid=3069, SUCCESS, logIndex=4675, commits[4ee04582-2825-4055-a051-0465d62eb5ca:c4675, 97f5b9f0-d9ef-40b5-ba79-7414923e623f:c4673, 7d686585-d831-45bc-93fc-0a553b604b0e:c4673]
2019-07-08 23:05:10,392 INFO  client.GrpcClientProtocolClient (GrpcClientProtocolClient.java:onNext(255)) - client-CEF4D3493DC0->4ee04582-2825-4055-a051-0465d62eb5ca: receive RaftClientReply:client-CEF4D3493DC0->4ee04582-2825-4055-a051-0465d62eb5ca@group-78E0FE5F723E, cid=3070, SUCCESS, logIndex=4678, commits[4ee04582-2825-4055-a051-0465d62eb5ca:c4679, 97f5b9f0-d9ef-40b5-ba79-7414923e623f:c4677, 7d686585-d831-45bc-93fc-0a553b604b0e:c4677]
2019-07-08 23:05:10,392 INFO  client.GrpcClientProtocolClient (GrpcClientProtocolClient.java:onNext(255)) - client-CEF4D3493DC0->4ee04582-2825-4055-a051-0465d62eb5ca: receive RaftClientReply:client-CEF4D3493DC0->4ee04582-2825-4055-a051-0465d62eb5ca@group-78E0FE5F723E, cid=3071, SUCCESS, logIndex=4679, commits[4ee04582-2825-4055-a051-0465d62eb5ca:c4679, 97f5b9f0-d9ef-40b5-ba79-7414923e623f:c4677, 7d686585-d831-45bc-93fc-0a553b604b0e:c4677]
2019-07-08 23:05:10,393 INFO  client.GrpcClientProtocolClient (GrpcClientProtocolClient.java:onNext(255)) - client-CEF4D3493DC0->4ee04582-2825-4055-a051-0465d62eb5ca: receive RaftClientReply:client-CEF4D3493DC0->4ee04582-2825-4055-a051-0465d62eb5ca@group-78E0FE5F723E, cid=3072, SUCCESS, logIndex=0, commits[4ee04582-2825-4055-a051-0465d62eb5ca:c4680, 97f5b9f0-d9ef-40b5-ba79-7414923e623f:c4679, 7d686585-d831-45bc-93fc-0a553b604b0e:c4679]
2019-07-08 23:05:10,415 INFO  client.GrpcClientProtocolClient (GrpcClientProtocolClient.java:onNext(255)) - client-CEF4D3493DC0->4ee04582-2825-4055-a051-0465d62eb5ca: receive RaftClientReply:client-CEF4D3493DC0->4ee04582-2825-4055-a051-0465d62eb5ca@group-78E0FE5F723E, cid=3073, SUCCESS, logIndex=4682, commits[4ee04582-2825-4055-a051-0465d62eb5ca:c4684, 97f5b9f0-d9ef-40b5-ba79-7414923e623f:c4681, 7d686585-d831-45bc-93fc-0a553b604b0e:c4681]
2019-07-08 23:05:10,416 INFO  client.GrpcClientProtocolClient (GrpcClientProtocolClient.java:onNext(255)) - client-CEF4D3493DC0->4ee04582-2825-4055-a051-0465d62eb5ca: receive RaftClientReply:client-CEF4D3493DC0->4ee04582-2825-4055-a051-0465d62eb5ca@group-78E0FE5F723E, cid=3074, SUCCESS, logIndex=4683, commits[4ee04582-2825-4055-a051-0465d62eb5ca:c4685, 97f5b9f0-d9ef-40b5-ba79-7414923e623f:c4681, 7d686585-d831-45bc-93fc-0a553b604b0e:c4681]
2019-07-08 23:05:10,416 INFO  client.GrpcClientProtocolClient (GrpcClientProtocolClient.java:onNext(255)) - client-CEF4D3493DC0->4ee04582-2825-4055-a051-0465d62eb5ca: receive RaftClientReply:client-CEF4D3493DC0->4ee04582-2825-4055-a051-0465d62eb5ca@group-78E0FE5F723E, cid=3075, SUCCESS, logIndex=4684, commits[4ee04582-2825-4055-a051-0465d62eb5ca:c4685, 97f5b9f0-d9ef-40b5-ba79-7414923e623f:c4681, 7d686585-d831-45bc-93fc-0a553b604b0e:c4681]
2019-07-08 23:05:10,416 INFO  client.GrpcClientProtocolClient (GrpcClientProtocolClient.java:onNext(255)) - client-CEF4D3493DC0->4ee04582-2825-4055-a051-0465d62eb5ca: receive RaftClientReply:client-CEF4D3493DC0->4ee04582-2825-4055-a051-0465d62eb5ca@group-78E0FE5F723E, cid=3076, SUCCESS, logIndex=4685, commits[4ee04582-2825-4055-a051-0465d62eb5ca:c4685, 97f5b9f0-d9ef-40b5-ba79-7414923e623f:c4681, 7d686585-d831-45bc-93fc-0a553b604b0e:c4681]
2019-07-08 23:05:10,418 INFO  client.GrpcClientProtocolClient (GrpcClientProtocolClient.java:onNext(255)) - client-CEF4D3493DC0->4ee04582-2825-4055-a051-0465d62eb5ca: receive RaftClientReply:client-CEF4D3493DC0->4ee04582-2825-4055-a051-0465d62eb5ca@group-78E0FE5F723E, cid=3077, SUCCESS, logIndex=0, commits[4ee04582-2825-4055-a051-0465d62eb5ca:c4686, 97f5b9f0-d9ef-40b5-ba79-7414923e623f:c4683, 7d686585-d831-45bc-93fc-0a553b604b0e:c4683]
2019-07-08 23:05:10,428 INFO  client.GrpcClientProtocolClient (GrpcClientProtocolClient.java:onNext(255)) - client-CEF4D3493DC0->4ee04582-2825-4055-a051-0465d62eb5ca: receive RaftClientReply:client-CEF4D3493DC0->4ee04582-2825-4055-a051-0465d62eb5ca@group-78E0FE5F723E, cid=3078, SUCCESS, logIndex=4690, commits[4ee04582-2825-4055-a051-0465d62eb5ca:c4691, 97f5b9f0-d9ef-40b5-ba79-7414923e623f:c4689, 7d686585-d831-45bc-93fc-0a553b604b0e:c4685]
2019-07-08 23:05:10,428 INFO  client.GrpcClientProtocolClient (GrpcClientProtocolClient.java:onNext(255)) - client-CEF4D3493DC0->4ee04582-2825-4055-a051-0465d62eb5ca: receive RaftClientReply:client-CEF4D3493DC0->4ee04582-2825-4055-a051-0465d62eb5ca@group-78E0FE5F723E, cid=3079, SUCCESS, logIndex=4691, commits[4ee04582-2825-4055-a051-0465d62eb5ca:c4691, 97f5b9f0-d9ef-40b5-ba79-7414923e623f:c4689, 7d686585-d831-45bc-93fc-0a553b604b0e:c4685]
2019-07-08 23:05:10,438 INFO  client.GrpcClientProtocolClient (GrpcClientProtocolClient.java:onNext(255)) - client-CEF4D3493DC0->4ee04582-2825-4055-a051-0465d62eb5ca: receive RaftClientReply:client-CEF4D3493DC0->4ee04582-2825-4055-a051-0465d62eb5ca@group-78E0FE5F723E, cid=3080, SUCCESS, logIndex=4694, commits[4ee04582-2825-4055-a051-0465d62eb5ca:c4695, 97f5b9f0-d9ef-40b5-ba79-7414923e623f:c4693, 7d686585-d831-45bc-93fc-0a553b604b0e:c4691]
2019-07-08 23:05:10,439 INFO  client.GrpcClientProtocolClient (GrpcClientProtocolClient.java:onNext(255)) - client-CEF4D3493DC0->4ee04582-2825-4055-a051-0465d62eb5ca: receive RaftClientReply:client-CEF4D3493DC0->4ee04582-2825-4055-a051-0465d62eb5ca@group-78E0FE5F723E, cid=3081, SUCCESS, logIndex=4695, commits[4ee04582-2825-4055-a051-0465d62eb5ca:c4695, 97f5b9f0-d9ef-40b5-ba79-7414923e623f:c4693, 7d686585-d831-45bc-93fc-0a553b604b0e:c4693]
2019-07-08 23:05:10,442 INFO  client.GrpcClientProtocolClient (GrpcClientProtocolClient.java:onNext(255)) - client-CEF4D3493DC0->4ee04582-2825-4055-a051-0465d62eb5ca: receive RaftClientReply:client-CEF4D3493DC0->4ee04582-2825-4055-a051-0465d62eb5ca@group-78E0FE5F723E, cid=3082, SUCCESS, logIndex=0, commits[4ee04582-2825-4055-a051-0465d62eb5ca:c4696, 97f5b9f0-d9ef-40b5-ba79-7414923e623f:c4695, 7d686585-d831-45bc-93fc-0a553b604b0e:c4695]
2019-07-08 23:05:10,464 INFO  client.GrpcClientProtocolClient (GrpcClientProtocolClient.java:onNext(255)) - client-CEF4D3493DC0->4ee04582-2825-4055-a051-0465d62eb5ca: receive RaftClientReply:client-CEF4D3493DC0->4ee04582-2825-4055-a051-0465d62eb5ca@group-78E0FE5F723E, cid=3083, SUCCESS, logIndex=4698, commits[4ee04582-2825-4055-a051-0465d62eb5ca:c4699, 97f5b9f0-d9ef-40b5-ba79-7414923e623f:c4695, 7d686585-d831-45bc-93fc-0a553b604b0e:c4697]
2019-07-08 23:05:10,465 INFO  client.GrpcClientProtocolClient (GrpcClientProtocolClient.java:onNext(255)) - client-CEF4D3493DC0->4ee04582-2825-4055-a051-0465d62eb5ca: receive RaftClientReply:client-CEF4D3493DC0->4ee04582-2825-4055-a051-0465d62eb5ca@group-78E0FE5F723E, cid=3084, SUCCESS, logIndex=4699, commits[4ee04582-2825-4055-a051-0465d62eb5ca:c4699, 97f5b9f0-d9ef-40b5-ba79-7414923e623f:c4695, 7d686585-d831-45bc-93fc-0a553b604b0e:c4697]
2019-07-08 23:05:10,468 INFO  client.GrpcClientProtocolClient (GrpcClientProtocolClient.java:onNext(255)) - client-CEF4D3493DC0->4ee04582-2825-4055-a051-0465d62eb5ca: receive RaftClientReply:client-CEF4D3493DC0->4ee04582-2825-4055-a051-0465d62eb5ca@group-78E0FE5F723E, cid=3085, SUCCESS, logIndex=4700, commits[4ee04582-2825-4055-a051-0465d62eb5ca:c4701, 97f5b9f0-d9ef-40b5-ba79-7414923e623f:c4697, 7d686585-d831-45bc-93fc-0a553b604b0e:c4697]
2019-07-08 23:05:10,469 INFO  client.GrpcClientProtocolClient (GrpcClientProtocolClient.java:onNext(255)) - client-CEF4D3493DC0->4ee04582-2825-4055-a051-0465d62eb5ca: receive RaftClientReply:client-CEF4D3493DC0->4ee04582-2825-4055-a051-0465d62eb5ca@group-78E0FE5F723E, cid=3086, SUCCESS, logIndex=4701, commits[4ee04582-2825-4055-a051-0465d62eb5ca:c4701, 97f5b9f0-d9ef-40b5-ba79-7414923e623f:c4697, 7d686585-d831-45bc-93fc-0a553b604b0e:c4697]
2019-07-08 23:05:10,470 INFO  client.GrpcClientProtocolClient (GrpcClientProtocolClient.java:onNext(255)) - client-CEF4D3493DC0->4ee04582-2825-4055-a051-0465d62eb5ca: receive RaftClientReply:client-CEF4D3493DC0->4ee04582-2825-4055-a051-0465d62eb5ca@group-78E0FE5F723E, cid=3087, SUCCESS, logIndex=0, commits[4ee04582-2825-4055-a051-0465d62eb5ca:c4703, 97f5b9f0-d9ef-40b5-ba79-7414923e623f:c4699, 7d686585-d831-45bc-93fc-0a553b604b0e:c4699]
2019-07-08 23:05:10,481 INFO  client.GrpcClientProtocolClient (GrpcClientProtocolClient.java:onNext(255)) - client-CEF4D3493DC0->4ee04582-2825-4055-a051-0465d62eb5ca: receive RaftClientReply:client-CEF4D3493DC0->4ee04582-2825-4055-a051-0465d62eb5ca@group-78E0FE5F723E, cid=3088, SUCCESS, logIndex=4706, commits[4ee04582-2825-4055-a051-0465d62eb5ca:c4707, 97f5b9f0-d9ef-40b5-ba79-7414923e623f:c4705, 7d686585-d831-45bc-93fc-0a553b604b0e:c4701]
2019-07-08 23:05:10,481 INFO  client.GrpcClientProtocolClient (GrpcClientProtocolClient.java:onNext(255)) - client-CEF4D3493DC0->4ee04582-2825-4055-a051-0465d62eb5ca: receive RaftClientReply:client-CEF4D3493DC0->4ee04582-2825-4055-a051-0465d62eb5ca@group-78E0FE5F723E, cid=3089, SUCCESS, logIndex=4707, commits[4ee04582-2825-4055-a051-0465d62eb5ca:c4707, 97f5b9f0-d9ef-40b5-ba79-7414923e623f:c4705, 7d686585-d831-45bc-93fc-0a553b604b0e:c4705]
2019-07-08 23:05:10,492 INFO  client.GrpcClientProtocolClient (GrpcClientProtocolClient.java:onNext(255)) - client-CEF4D3493DC0->4ee04582-2825-4055-a051-0465d62eb5ca: receive RaftClientReply:client-CEF4D3493DC0->4ee04582-2825-4055-a051-0465d62eb5ca@group-78E0FE5F723E, cid=3090, SUCCESS, logIndex=4710, commits[4ee04582-2825-4055-a051-0465d62eb5ca:c4711, 97f5b9f0-d9ef-40b5-ba79-7414923e623f:c4709, 7d686585-d831-45bc-93fc-0a553b604b0e:c4707]
2019-07-08 23:05:10,492 INFO  client.GrpcClientProtocolClient (GrpcClientProtocolClient.java:onNext(255)) - client-CEF4D3493DC0->4ee04582-2825-4055-a051-0465d62eb5ca: receive RaftClientReply:client-CEF4D3493DC0->4ee04582-2825-4055-a051-0465d62eb5ca@group-78E0FE5F723E, cid=3091, SUCCESS, logIndex=4711, commits[4ee04582-2825-4055-a051-0465d62eb5ca:c4711, 97f5b9f0-d9ef-40b5-ba79-7414923e623f:c4709, 7d686585-d831-45bc-93fc-0a553b604b0e:c4709]
2019-07-08 23:05:10,496 INFO  client.GrpcClientProtocolClient (GrpcClientProtocolClient.java:onNext(255)) - client-CEF4D3493DC0->4ee04582-2825-4055-a051-0465d62eb5ca: receive RaftClientReply:client-CEF4D3493DC0->4ee04582-2825-4055-a051-0465d62eb5ca@group-78E0FE5F723E, cid=3092, SUCCESS, logIndex=0, commits[4ee04582-2825-4055-a051-0465d62eb5ca:c4712, 97f5b9f0-d9ef-40b5-ba79-7414923e623f:c4711, 7d686585-d831-45bc-93fc-0a553b604b0e:c4711]
2019-07-08 23:05:10,523 INFO  client.GrpcClientProtocolClient (GrpcClientProtocolClient.java:onNext(255)) - client-CEF4D3493DC0->4ee04582-2825-4055-a051-0465d62eb5ca: receive RaftClientReply:client-CEF4D3493DC0->4ee04582-2825-4055-a051-0465d62eb5ca@group-78E0FE5F723E, cid=3093, SUCCESS, logIndex=4714, commits[4ee04582-2825-4055-a051-0465d62eb5ca:c4715, 97f5b9f0-d9ef-40b5-ba79-7414923e623f:c4713, 7d686585-d831-45bc-93fc-0a553b604b0e:c4713]
2019-07-08 23:05:10,523 INFO  client.GrpcClientProtocolClient (GrpcClientProtocolClient.java:onNext(255)) - client-CEF4D3493DC0->4ee04582-2825-4055-a051-0465d62eb5ca: receive RaftClientReply:client-CEF4D3493DC0->4ee04582-2825-4055-a051-0465d62eb5ca@group-78E0FE5F723E, cid=3094, SUCCESS, logIndex=4715, commits[4ee04582-2825-4055-a051-0465d62eb5ca:c4715, 97f5b9f0-d9ef-40b5-ba79-7414923e623f:c4713, 7d686585-d831-45bc-93fc-0a553b604b0e:c4713]
2019-07-08 23:05:10,531 INFO  client.GrpcClientProtocolClient (GrpcClientProtocolClient.java:onNext(255)) - client-CEF4D3493DC0->4ee04582-2825-4055-a051-0465d62eb5ca: receive RaftClientReply:client-CEF4D3493DC0->4ee04582-2825-4055-a051-0465d62eb5ca@group-78E0FE5F723E, cid=3095, SUCCESS, logIndex=4716, commits[4ee04582-2825-4055-a051-0465d62eb5ca:c4717, 97f5b9f0-d9ef-40b5-ba79-7414923e623f:c4713, 7d686585-d831-45bc-93fc-0a553b604b0e:c4713]
2019-07-08 23:05:10,532 INFO  client.GrpcClientProtocolClient (GrpcClientProtocolClient.java:onNext(255)) - client-CEF4D3493DC0->4ee04582-2825-4055-a051-0465d62eb5ca: receive RaftClientReply:client-CEF4D3493DC0->4ee04582-2825-4055-a051-0465d62eb5ca@group-78E0FE5F723E, cid=3096, SUCCESS, logIndex=4717, commits[4ee04582-2825-4055-a051-0465d62eb5ca:c4717, 97f5b9f0-d9ef-40b5-ba79-7414923e623f:c4713, 7d686585-d831-45bc-93fc-0a553b604b0e:c4713]
2019-07-08 23:05:10,535 INFO  client.GrpcClientProtocolClient (GrpcClientProtocolClient.java:onNext(255)) - client-CEF4D3493DC0->4ee04582-2825-4055-a051-0465d62eb5ca: receive RaftClientReply:client-CEF4D3493DC0->4ee04582-2825-4055-a051-0465d62eb5ca@group-78E0FE5F723E, cid=3097, SUCCESS, logIndex=0, commits[4ee04582-2825-4055-a051-0465d62eb5ca:c4719, 97f5b9f0-d9ef-40b5-ba79-7414923e623f:c4715, 7d686585-d831-45bc-93fc-0a553b604b0e:c4715]
2019-07-08 23:05:10,622 INFO  client.GrpcClientProtocolClient (GrpcClientProtocolClient.java:onNext(255)) - client-CEF4D3493DC0->4ee04582-2825-4055-a051-0465d62eb5ca: receive RaftClientReply:client-CEF4D3493DC0->4ee04582-2825-4055-a051-0465d62eb5ca@group-78E0FE5F723E, cid=3098, SUCCESS, logIndex=4722, commits[4ee04582-2825-4055-a051-0465d62eb5ca:c4723, 97f5b9f0-d9ef-40b5-ba79-7414923e623f:c4721, 7d686585-d831-45bc-93fc-0a553b604b0e:c4721]
2019-07-08 23:05:10,622 INFO  client.GrpcClientProtocolClient (GrpcClientProtocolClient.java:onNext(255)) - client-CEF4D3493DC0->4ee04582-2825-4055-a051-0465d62eb5ca: receive RaftClientReply:client-CEF4D3493DC0->4ee04582-2825-4055-a051-0465d62eb5ca@group-78E0FE5F723E, cid=3099, SUCCESS, logIndex=4723, commits[4ee04582-2825-4055-a051-0465d62eb5ca:c4723, 97f5b9f0-d9ef-40b5-ba79-7414923e623f:c4721, 7d686585-d831-45bc-93fc-0a553b604b0e:c4721]
2019-07-08 23:05:10,635 INFO  client.GrpcClientProtocolClient (GrpcClientProtocolClient.java:onNext(255)) - client-CEF4D3493DC0->4ee04582-2825-4055-a051-0465d62eb5ca: receive RaftClientReply:client-CEF4D3493DC0->4ee04582-2825-4055-a051-0465d62eb5ca@group-78E0FE5F723E, cid=3100, SUCCESS, logIndex=4726, commits[4ee04582-2825-4055-a051-0465d62eb5ca:c4727, 97f5b9f0-d9ef-40b5-ba79-7414923e623f:c4723, 7d686585-d831-45bc-93fc-0a553b604b0e:c4725]
2019-07-08 23:05:10,636 INFO  client.GrpcClientProtocolClient (GrpcClientProtocolClient.java:onNext(255)) - client-CEF4D3493DC0->4ee04582-2825-4055-a051-0465d62eb5ca: receive RaftClientReply:client-CEF4D3493DC0->4ee04582-2825-4055-a051-0465d62eb5ca@group-78E0FE5F723E, cid=3101, SUCCESS, logIndex=4727, commits[4ee04582-2825-4055-a051-0465d62eb5ca:c4727, 97f5b9f0-d9ef-40b5-ba79-7414923e623f:c4725, 7d686585-d831-45bc-93fc-0a553b604b0e:c4725]
2019-07-08 23:05:10,638 INFO  client.GrpcClientProtocolClient (GrpcClientProtocolClient.java:onNext(255)) - client-CEF4D3493DC0->4ee04582-2825-4055-a051-0465d62eb5ca: receive RaftClientReply:client-CEF4D3493DC0->4ee04582-2825-4055-a051-0465d62eb5ca@group-78E0FE5F723E, cid=3102, SUCCESS, logIndex=0, commits[4ee04582-2825-4055-a051-0465d62eb5ca:c4728, 97f5b9f0-d9ef-40b5-ba79-7414923e623f:c4727, 7d686585-d831-45bc-93fc-0a553b604b0e:c4727]
2019-07-08 23:05:10,662 INFO  client.GrpcClientProtocolClient (GrpcClientProtocolClient.java:onNext(255)) - client-CEF4D3493DC0->4ee04582-2825-4055-a051-0465d62eb5ca: receive RaftClientReply:client-CEF4D3493DC0->4ee04582-2825-4055-a051-0465d62eb5ca@group-78E0FE5F723E, cid=3103, SUCCESS, logIndex=4730, commits[4ee04582-2825-4055-a051-0465d62eb5ca:c4731, 97f5b9f0-d9ef-40b5-ba79-7414923e623f:c4729, 7d686585-d831-45bc-93fc-0a553b604b0e:c4727]
2019-07-08 23:05:10,662 INFO  client.GrpcClientProtocolClient (GrpcClientProtocolClient.java:onNext(255)) - client-CEF4D3493DC0->4ee04582-2825-4055-a051-0465d62eb5ca: receive RaftClientReply:client-CEF4D3493DC0->4ee04582-2825-4055-a051-0465d62eb5ca@group-78E0FE5F723E, cid=3104, SUCCESS, logIndex=4731, commits[4ee04582-2825-4055-a051-0465d62eb5ca:c4731, 97f5b9f0-d9ef-40b5-ba79-7414923e623f:c4729, 7d686585-d831-45bc-93fc-0a553b604b0e:c4727]
2019-07-08 23:05:10,665 INFO  client.GrpcClientProtocolClient (GrpcClientProtocolClient.java:onNext(255)) - client-CEF4D3493DC0->4ee04582-2825-4055-a051-0465d62eb5ca: receive RaftClientReply:client-CEF4D3493DC0->4ee04582-2825-4055-a051-0465d62eb5ca@group-78E0FE5F723E, cid=3105, SUCCESS, logIndex=4732, commits[4ee04582-2825-4055-a051-0465d62eb5ca:c4733, 97f5b9f0-d9ef-40b5-ba79-7414923e623f:c4731, 7d686585-d831-45bc-93fc-0a553b604b0e:c4729]
2019-07-08 23:05:10,665 INFO  client.GrpcClientProtocolClient (GrpcClientProtocolClient.java:onNext(255)) - client-CEF4D3493DC0->4ee04582-2825-4055-a051-0465d62eb5ca: receive RaftClientReply:client-CEF4D3493DC0->4ee04582-2825-4055-a051-0465d62eb5ca@group-78E0FE5F723E, cid=3106, SUCCESS, logIndex=4733, commits[4ee04582-2825-4055-a051-0465d62eb5ca:c4733, 97f5b9f0-d9ef-40b5-ba79-7414923e623f:c4731, 7d686585-d831-45bc-93fc-0a553b604b0e:c4729]
2019-07-08 23:05:10,666 INFO  client.GrpcClientProtocolClient (GrpcClientProtocolClient.java:onNext(255)) - client-CEF4D3493DC0->4ee04582-2825-4055-a051-0465d62eb5ca: receive RaftClientReply:client-CEF4D3493DC0->4ee04582-2825-4055-a051-0465d62eb5ca@group-78E0FE5F723E, cid=3107, SUCCESS, logIndex=0, commits[4ee04582-2825-4055-a051-0465d62eb5ca:c4734, 97f5b9f0-d9ef-40b5-ba79-7414923e623f:c4731, 7d686585-d831-45bc-93fc-0a553b604b0e:c4731]
2019-07-08 23:05:10,686 INFO  client.GrpcClientProtocolClient (GrpcClientProtocolClient.java:onNext(255)) - client-CEF4D3493DC0->4ee04582-2825-4055-a051-0465d62eb5ca: receive RaftClientReply:client-CEF4D3493DC0->4ee04582-2825-4055-a051-0465d62eb5ca@group-78E0FE5F723E, cid=3108, SUCCESS, logIndex=4738, commits[4ee04582-2825-4055-a051-0465d62eb5ca:c4739, 97f5b9f0-d9ef-40b5-ba79-7414923e623f:c4737, 7d686585-d831-45bc-93fc-0a553b604b0e:c4737]
2019-07-08 23:05:10,686 INFO  client.GrpcClientProtocolClient (GrpcClientProtocolClient.java:onNext(255)) - client-CEF4D3493DC0->4ee04582-2825-4055-a051-0465d62eb5ca: receive RaftClientReply:client-CEF4D3493DC0->4ee04582-2825-4055-a051-0465d62eb5ca@group-78E0FE5F723E, cid=3109, SUCCESS, logIndex=4739, commits[4ee04582-2825-4055-a051-0465d62eb5ca:c4739, 97f5b9f0-d9ef-40b5-ba79-7414923e623f:c4737, 7d686585-d831-45bc-93fc-0a553b604b0e:c4737]
2019-07-08 23:05:10,699 INFO  client.GrpcClientProtocolClient (GrpcClientProtocolClient.java:onNext(255)) - client-CEF4D3493DC0->4ee04582-2825-4055-a051-0465d62eb5ca: receive RaftClientReply:client-CEF4D3493DC0->4ee04582-2825-4055-a051-0465d62eb5ca@group-78E0FE5F723E, cid=3110, SUCCESS, logIndex=4742, commits[4ee04582-2825-4055-a051-0465d62eb5ca:c4743, 97f5b9f0-d9ef-40b5-ba79-7414923e623f:c4740, 7d686585-d831-45bc-93fc-0a553b604b0e:c4740]
2019-07-08 23:05:10,700 INFO  client.GrpcClientProtocolClient (GrpcClientProtocolClient.java:onNext(255)) - client-CEF4D3493DC0->4ee04582-2825-4055-a051-0465d62eb5ca: receive RaftClientReply:client-CEF4D3493DC0->4ee04582-2825-4055-a051-0465d62eb5ca@group-78E0FE5F723E, cid=3111, SUCCESS, logIndex=4743, commits[4ee04582-2825-4055-a051-0465d62eb5ca:c4743, 97f5b9f0-d9ef-40b5-ba79-7414923e623f:c4740, 7d686585-d831-45bc-93fc-0a553b604b0e:c4740]
2019-07-08 23:05:10,702 INFO  client.GrpcClientProtocolClient (GrpcClientProtocolClient.java:onNext(255)) - client-CEF4D3493DC0->4ee04582-2825-4055-a051-0465d62eb5ca: receive RaftClientReply:client-CEF4D3493DC0->4ee04582-2825-4055-a051-0465d62eb5ca@group-78E0FE5F723E, cid=3112, SUCCESS, logIndex=0, commits[4ee04582-2825-4055-a051-0465d62eb5ca:c4744, 97f5b9f0-d9ef-40b5-ba79-7414923e623f:c4743, 7d686585-d831-45bc-93fc-0a553b604b0e:c4743]
2019-07-08 23:05:10,725 INFO  client.GrpcClientProtocolClient (GrpcClientProtocolClient.java:onNext(255)) - client-CEF4D3493DC0->4ee04582-2825-4055-a051-0465d62eb5ca: receive RaftClientReply:client-CEF4D3493DC0->4ee04582-2825-4055-a051-0465d62eb5ca@group-78E0FE5F723E, cid=3113, SUCCESS, logIndex=4746, commits[4ee04582-2825-4055-a051-0465d62eb5ca:c4747, 97f5b9f0-d9ef-40b5-ba79-7414923e623f:c4743, 7d686585-d831-45bc-93fc-0a553b604b0e:c4745]
2019-07-08 23:05:10,725 INFO  client.GrpcClientProtocolClient (GrpcClientProtocolClient.java:onNext(255)) - client-CEF4D3493DC0->4ee04582-2825-4055-a051-0465d62eb5ca: receive RaftClientReply:client-CEF4D3493DC0->4ee04582-2825-4055-a051-0465d62eb5ca@group-78E0FE5F723E, cid=3114, SUCCESS, logIndex=4747, commits[4ee04582-2825-4055-a051-0465d62eb5ca:c4747, 97f5b9f0-d9ef-40b5-ba79-7414923e623f:c4743, 7d686585-d831-45bc-93fc-0a553b604b0e:c4745]
2019-07-08 23:05:10,728 INFO  client.GrpcClientProtocolClient (GrpcClientProtocolClient.java:onNext(255)) - client-CEF4D3493DC0->4ee04582-2825-4055-a051-0465d62eb5ca: receive RaftClientReply:client-CEF4D3493DC0->4ee04582-2825-4055-a051-0465d62eb5ca@group-78E0FE5F723E, cid=3115, SUCCESS, logIndex=4748, commits[4ee04582-2825-4055-a051-0465d62eb5ca:c4749, 97f5b9f0-d9ef-40b5-ba79-7414923e623f:c4745, 7d686585-d831-45bc-93fc-0a553b604b0e:c4745]
2019-07-08 23:05:10,728 INFO  client.GrpcClientProtocolClient (GrpcClientProtocolClient.java:onNext(255)) - client-CEF4D3493DC0->4ee04582-2825-4055-a051-0465d62eb5ca: receive RaftClientReply:client-CEF4D3493DC0->4ee04582-2825-4055-a051-0465d62eb5ca@group-78E0FE5F723E, cid=3116, SUCCESS, logIndex=4749, commits[4ee04582-2825-4055-a051-0465d62eb5ca:c4749, 97f5b9f0-d9ef-40b5-ba79-7414923e623f:c4745, 7d686585-d831-45bc-93fc-0a553b604b0e:c4745]
2019-07-08 23:05:10,731 INFO  client.GrpcClientProtocolClient (GrpcClientProtocolClient.java:onNext(255)) - client-CEF4D3493DC0->4ee04582-2825-4055-a051-0465d62eb5ca: receive RaftClientReply:client-CEF4D3493DC0->4ee04582-2825-4055-a051-0465d62eb5ca@group-78E0FE5F723E, cid=3117, SUCCESS, logIndex=0, commits[4ee04582-2825-4055-a051-0465d62eb5ca:c4751, 97f5b9f0-d9ef-40b5-ba79-7414923e623f:c4747, 7d686585-d831-45bc-93fc-0a553b604b0e:c4747]
2019-07-08 23:05:10,751 INFO  client.GrpcClientProtocolClient (GrpcClientProtocolClient.java:onNext(255)) - client-CEF4D3493DC0->4ee04582-2825-4055-a051-0465d62eb5ca: receive RaftClientReply:client-CEF4D3493DC0->4ee04582-2825-4055-a051-0465d62eb5ca@group-78E0FE5F723E, cid=3118, SUCCESS, logIndex=4754, commits[4ee04582-2825-4055-a051-0465d62eb5ca:c4755, 97f5b9f0-d9ef-40b5-ba79-7414923e623f:c4753, 7d686585-d831-45bc-93fc-0a553b604b0e:c4753]
2019-07-08 23:05:10,751 INFO  client.GrpcClientProtocolClient (GrpcClientProtocolClient.java:onNext(255)) - client-CEF4D3493DC0->4ee04582-2825-4055-a051-0465d62eb5ca: receive RaftClientReply:client-CEF4D3493DC0->4ee04582-2825-4055-a051-0465d62eb5ca@group-78E0FE5F723E, cid=3119, SUCCESS, logIndex=4755, commits[4ee04582-2825-4055-a051-0465d62eb5ca:c4755, 97f5b9f0-d9ef-40b5-ba79-7414923e623f:c4753, 7d686585-d831-45bc-93fc-0a553b604b0e:c4753]
2019-07-08 23:05:10,771 INFO  client.GrpcClientProtocolClient (GrpcClientProtocolClient.java:onNext(255)) - client-CEF4D3493DC0->4ee04582-2825-4055-a051-0465d62eb5ca: receive RaftClientReply:client-CEF4D3493DC0->4ee04582-2825-4055-a051-0465d62eb5ca@group-78E0FE5F723E, cid=3120, SUCCESS, logIndex=4758, commits[4ee04582-2825-4055-a051-0465d62eb5ca:c4759, 97f5b9f0-d9ef-40b5-ba79-7414923e623f:c4755, 7d686585-d831-45bc-93fc-0a553b604b0e:c4757]
2019-07-08 23:05:10,772 INFO  client.GrpcClientProtocolClient (GrpcClientProtocolClient.java:onNext(255)) - client-CEF4D3493DC0->4ee04582-2825-4055-a051-0465d62eb5ca: receive RaftClientReply:client-CEF4D3493DC0->4ee04582-2825-4055-a051-0465d62eb5ca@group-78E0FE5F723E, cid=3121, SUCCESS, logIndex=4759, commits[4ee04582-2825-4055-a051-0465d62eb5ca:c4759, 97f5b9f0-d9ef-40b5-ba79-7414923e623f:c4757, 7d686585-d831-45bc-93fc-0a553b604b0e:c4757]
2019-07-08 23:05:10,775 INFO  client.GrpcClientProtocolClient (GrpcClientProtocolClient.java:onNext(255)) - client-CEF4D3493DC0->4ee04582-2825-4055-a051-0465d62eb5ca: receive RaftClientReply:client-CEF4D3493DC0->4ee04582-2825-4055-a051-0465d62eb5ca@group-78E0FE5F723E, cid=3122, SUCCESS, logIndex=0, commits[4ee04582-2825-4055-a051-0465d62eb5ca:c4761, 97f5b9f0-d9ef-40b5-ba79-7414923e623f:c4759, 7d686585-d831-45bc-93fc-0a553b604b0e:c4759]
2019-07-08 23:05:10,802 INFO  client.GrpcClientProtocolClient (GrpcClientProtocolClient.java:onNext(255)) - client-CEF4D3493DC0->4ee04582-2825-4055-a051-0465d62eb5ca: receive RaftClientReply:client-CEF4D3493DC0->4ee04582-2825-4055-a051-0465d62eb5ca@group-78E0FE5F723E, cid=3123, SUCCESS, logIndex=4762, commits[4ee04582-2825-4055-a051-0465d62eb5ca:c4765, 97f5b9f0-d9ef-40b5-ba79-7414923e623f:c4761, 7d686585-d831-45bc-93fc-0a553b604b0e:c4761]
2019-07-08 23:05:10,803 INFO  client.GrpcClientProtocolClient (GrpcClientProtocolClient.java:onNext(255)) - client-CEF4D3493DC0->4ee04582-2825-4055-a051-0465d62eb5ca: receive RaftClientReply:client-CEF4D3493DC0->4ee04582-2825-4055-a051-0465d62eb5ca@group-78E0FE5F723E, cid=3124, SUCCESS, logIndex=4763, commits[4ee04582-2825-4055-a051-0465d62eb5ca:c4765, 97f5b9f0-d9ef-40b5-ba79-7414923e623f:c4761, 7d686585-d831-45bc-93fc-0a553b604b0e:c4761]
2019-07-08 23:05:10,803 INFO  client.GrpcClientProtocolClient (GrpcClientProtocolClient.java:onNext(255)) - client-CEF4D3493DC0->4ee04582-2825-4055-a051-0465d62eb5ca: receive RaftClientReply:client-CEF4D3493DC0->4ee04582-2825-4055-a051-0465d62eb5ca@group-78E0FE5F723E, cid=3125, SUCCESS, logIndex=4764, commits[4ee04582-2825-4055-a051-0465d62eb5ca:c4765, 97f5b9f0-d9ef-40b5-ba79-7414923e623f:c4761, 7d686585-d831-45bc-93fc-0a553b604b0e:c4761]
2019-07-08 23:05:10,803 INFO  client.GrpcClientProtocolClient (GrpcClientProtocolClient.java:onNext(255)) - client-CEF4D3493DC0->4ee04582-2825-4055-a051-0465d62eb5ca: receive RaftClientReply:client-CEF4D3493DC0->4ee04582-2825-4055-a051-0465d62eb5ca@group-78E0FE5F723E, cid=3126, SUCCESS, logIndex=4765, commits[4ee04582-2825-4055-a051-0465d62eb5ca:c4765, 97f5b9f0-d9ef-40b5-ba79-7414923e623f:c4761, 7d686585-d831-45bc-93fc-0a553b604b0e:c4761]
2019-07-08 23:05:10,807 INFO  client.GrpcClientProtocolClient (GrpcClientProtocolClient.java:onNext(255)) - client-CEF4D3493DC0->4ee04582-2825-4055-a051-0465d62eb5ca: receive RaftClientReply:client-CEF4D3493DC0->4ee04582-2825-4055-a051-0465d62eb5ca@group-78E0FE5F723E, cid=3127, SUCCESS, logIndex=0, commits[4ee04582-2825-4055-a051-0465d62eb5ca:c4767, 97f5b9f0-d9ef-40b5-ba79-7414923e623f:c4763, 7d686585-d831-45bc-93fc-0a553b604b0e:c4763]
2019-07-08 23:05:10,818 INFO  client.GrpcClientProtocolClient (GrpcClientProtocolClient.java:onNext(255)) - client-CEF4D3493DC0->4ee04582-2825-4055-a051-0465d62eb5ca: receive RaftClientReply:client-CEF4D3493DC0->4ee04582-2825-4055-a051-0465d62eb5ca@group-78E0FE5F723E, cid=3128, SUCCESS, logIndex=4770, commits[4ee04582-2825-4055-a051-0465d62eb5ca:c4770, 97f5b9f0-d9ef-40b5-ba79-7414923e623f:c4769, 7d686585-d831-45bc-93fc-0a553b604b0e:c4769]
2019-07-08 23:05:10,818 INFO  client.GrpcClientProtocolClient (GrpcClientProtocolClient.java:onNext(255)) - client-CEF4D3493DC0->4ee04582-2825-4055-a051-0465d62eb5ca: receive RaftClientReply:client-CEF4D3493DC0->4ee04582-2825-4055-a051-0465d62eb5ca@group-78E0FE5F723E, cid=3129, SUCCESS, logIndex=4771, commits[4ee04582-2825-4055-a051-0465d62eb5ca:c4771, 97f5b9f0-d9ef-40b5-ba79-7414923e623f:c4769, 7d686585-d831-45bc-93fc-0a553b604b0e:c4769]
2019-07-08 23:05:10,828 INFO  client.GrpcClientProtocolClient (GrpcClientProtocolClient.java:onNext(255)) - client-CEF4D3493DC0->4ee04582-2825-4055-a051-0465d62eb5ca: receive RaftClientReply:client-CEF4D3493DC0->4ee04582-2825-4055-a051-0465d62eb5ca@group-78E0FE5F723E, cid=3130, SUCCESS, logIndex=4774, commits[4ee04582-2825-4055-a051-0465d62eb5ca:c4775, 97f5b9f0-d9ef-40b5-ba79-7414923e623f:c4772, 7d686585-d831-45bc-93fc-0a553b604b0e:c4771]
2019-07-08 23:05:10,829 INFO  client.GrpcClientProtocolClient (GrpcClientProtocolClient.java:onNext(255)) - client-CEF4D3493DC0->4ee04582-2825-4055-a051-0465d62eb5ca: receive RaftClientReply:client-CEF4D3493DC0->4ee04582-2825-4055-a051-0465d62eb5ca@group-78E0FE5F723E, cid=3131, SUCCESS, logIndex=4775, commits[4ee04582-2825-4055-a051-0465d62eb5ca:c4775, 97f5b9f0-d9ef-40b5-ba79-7414923e623f:c4772, 7d686585-d831-45bc-93fc-0a553b604b0e:c4772]
2019-07-08 23:05:10,832 INFO  client.GrpcClientProtocolClient (GrpcClientProtocolClient.java:onNext(255)) - client-CEF4D3493DC0->4ee04582-2825-4055-a051-0465d62eb5ca: receive RaftClientReply:client-CEF4D3493DC0->4ee04582-2825-4055-a051-0465d62eb5ca@group-78E0FE5F723E, cid=3132, SUCCESS, logIndex=0, commits[4ee04582-2825-4055-a051-0465d62eb5ca:c4776, 97f5b9f0-d9ef-40b5-ba79-7414923e623f:c4775, 7d686585-d831-45bc-93fc-0a553b604b0e:c4775]
2019-07-08 23:05:10,850 INFO  client.GrpcClientProtocolClient (GrpcClientProtocolClient.java:onNext(255)) - client-CEF4D3493DC0->4ee04582-2825-4055-a051-0465d62eb5ca: receive RaftClientReply:client-CEF4D3493DC0->4ee04582-2825-4055-a051-0465d62eb5ca@group-78E0FE5F723E, cid=3133, SUCCESS, logIndex=4778, commits[4ee04582-2825-4055-a051-0465d62eb5ca:c4779, 97f5b9f0-d9ef-40b5-ba79-7414923e623f:c4777, 7d686585-d831-45bc-93fc-0a553b604b0e:c4775]
2019-07-08 23:05:10,850 INFO  client.GrpcClientProtocolClient (GrpcClientProtocolClient.java:onNext(255)) - client-CEF4D3493DC0->4ee04582-2825-4055-a051-0465d62eb5ca: receive RaftClientReply:client-CEF4D3493DC0->4ee04582-2825-4055-a051-0465d62eb5ca@group-78E0FE5F723E, cid=3134, SUCCESS, logIndex=4779, commits[4ee04582-2825-4055-a051-0465d62eb5ca:c4779, 97f5b9f0-d9ef-40b5-ba79-7414923e623f:c4777, 7d686585-d831-45bc-93fc-0a553b604b0e:c4775]
2019-07-08 23:05:10,853 INFO  client.GrpcClientProtocolClient (GrpcClientProtocolClient.java:onNext(255)) - client-CEF4D3493DC0->4ee04582-2825-4055-a051-0465d62eb5ca: receive RaftClientReply:client-CEF4D3493DC0->4ee04582-2825-4055-a051-0465d62eb5ca@group-78E0FE5F723E, cid=3135, SUCCESS, logIndex=4780, commits[4ee04582-2825-4055-a051-0465d62eb5ca:c4781, 97f5b9f0-d9ef-40b5-ba79-7414923e623f:c4777, 7d686585-d831-45bc-93fc-0a553b604b0e:c4777]
2019-07-08 23:05:10,854 INFO  client.GrpcClientProtocolClient (GrpcClientProtocolClient.java:onNext(255)) - client-CEF4D3493DC0->4ee04582-2825-4055-a051-0465d62eb5ca: receive RaftClientReply:client-CEF4D3493DC0->4ee04582-2825-4055-a051-0465d62eb5ca@group-78E0FE5F723E, cid=3136, SUCCESS, logIndex=4781, commits[4ee04582-2825-4055-a051-0465d62eb5ca:c4781, 97f5b9f0-d9ef-40b5-ba79-7414923e623f:c4777, 7d686585-d831-45bc-93fc-0a553b604b0e:c4777]
2019-07-08 23:05:10,854 INFO  client.GrpcClientProtocolClient (GrpcClientProtocolClient.java:onNext(255)) - client-CEF4D3493DC0->4ee04582-2825-4055-a051-0465d62eb5ca: receive RaftClientReply:client-CEF4D3493DC0->4ee04582-2825-4055-a051-0465d62eb5ca@group-78E0FE5F723E, cid=3137, SUCCESS, logIndex=0, commits[4ee04582-2825-4055-a051-0465d62eb5ca:c4783, 97f5b9f0-d9ef-40b5-ba79-7414923e623f:c4779, 7d686585-d831-45bc-93fc-0a553b604b0e:c4779]
2019-07-08 23:05:10,864 INFO  client.GrpcClientProtocolClient (GrpcClientProtocolClient.java:onNext(255)) - client-CEF4D3493DC0->4ee04582-2825-4055-a051-0465d62eb5ca: receive RaftClientReply:client-CEF4D3493DC0->4ee04582-2825-4055-a051-0465d62eb5ca@group-78E0FE5F723E, cid=3138, SUCCESS, logIndex=4786, commits[4ee04582-2825-4055-a051-0465d62eb5ca:c4787, 97f5b9f0-d9ef-40b5-ba79-7414923e623f:c4785, 7d686585-d831-45bc-93fc-0a553b604b0e:c4781]
2019-07-08 23:05:10,864 INFO  client.GrpcClientProtocolClient (GrpcClientProtocolClient.java:onNext(255)) - client-CEF4D3493DC0->4ee04582-2825-4055-a051-0465d62eb5ca: receive RaftClientReply:client-CEF4D3493DC0->4ee04582-2825-4055-a051-0465d62eb5ca@group-78E0FE5F723E, cid=3139, SUCCESS, logIndex=4787, commits[4ee04582-2825-4055-a051-0465d62eb5ca:c4787, 97f5b9f0-d9ef-40b5-ba79-7414923e623f:c4785, 7d686585-d831-45bc-93fc-0a553b604b0e:c4785]
2019-07-08 23:05:10,883 INFO  client.GrpcClientProtocolClient (GrpcClientProtocolClient.java:onNext(255)) - client-CEF4D3493DC0->4ee04582-2825-4055-a051-0465d62eb5ca: receive RaftClientReply:client-CEF4D3493DC0->4ee04582-2825-4055-a051-0465d62eb5ca@group-78E0FE5F723E, cid=3140, SUCCESS, logIndex=4790, commits[4ee04582-2825-4055-a051-0465d62eb5ca:c4791, 97f5b9f0-d9ef-40b5-ba79-7414923e623f:c4789, 7d686585-d831-45bc-93fc-0a553b604b0e:c4789]
2019-07-08 23:05:10,884 INFO  client.GrpcClientProtocolClient (GrpcClientProtocolClient.java:onNext(255)) - client-CEF4D3493DC0->4ee04582-2825-4055-a051-0465d62eb5ca: receive RaftClientReply:client-CEF4D3493DC0->4ee04582-2825-4055-a051-0465d62eb5ca@group-78E0FE5F723E, cid=3141, SUCCESS, logIndex=4791, commits[4ee04582-2825-4055-a051-0465d62eb5ca:c4791, 97f5b9f0-d9ef-40b5-ba79-7414923e623f:c4789, 7d686585-d831-45bc-93fc-0a553b604b0e:c4789]
2019-07-08 23:05:10,895 INFO  client.GrpcClientProtocolClient (GrpcClientProtocolClient.java:onNext(255)) - client-CEF4D3493DC0->4ee04582-2825-4055-a051-0465d62eb5ca: receive RaftClientReply:client-CEF4D3493DC0->4ee04582-2825-4055-a051-0465d62eb5ca@group-78E0FE5F723E, cid=3142, SUCCESS, logIndex=0, commits[4ee04582-2825-4055-a051-0465d62eb5ca:c4793, 97f5b9f0-d9ef-40b5-ba79-7414923e623f:c4791, 7d686585-d831-45bc-93fc-0a553b604b0e:c4791]
2019-07-08 23:05:10,914 INFO  client.GrpcClientProtocolClient (GrpcClientProtocolClient.java:onNext(255)) - client-CEF4D3493DC0->4ee04582-2825-4055-a051-0465d62eb5ca: receive RaftClientReply:client-CEF4D3493DC0->4ee04582-2825-4055-a051-0465d62eb5ca@group-78E0FE5F723E, cid=3143, SUCCESS, logIndex=4794, commits[4ee04582-2825-4055-a051-0465d62eb5ca:c4795, 97f5b9f0-d9ef-40b5-ba79-7414923e623f:c4793, 7d686585-d831-45bc-93fc-0a553b604b0e:c4791]
2019-07-08 23:05:10,915 INFO  client.GrpcClientProtocolClient (GrpcClientProtocolClient.java:onNext(255)) - client-CEF4D3493DC0->4ee04582-2825-4055-a051-0465d62eb5ca: receive RaftClientReply:client-CEF4D3493DC0->4ee04582-2825-4055-a051-0465d62eb5ca@group-78E0FE5F723E, cid=3144, SUCCESS, logIndex=4795, commits[4ee04582-2825-4055-a051-0465d62eb5ca:c4795, 97f5b9f0-d9ef-40b5-ba79-7414923e623f:c4793, 7d686585-d831-45bc-93fc-0a553b604b0e:c4791]
2019-07-08 23:05:10,916 INFO  client.GrpcClientProtocolClient (GrpcClientProtocolClient.java:onNext(255)) - client-CEF4D3493DC0->4ee04582-2825-4055-a051-0465d62eb5ca: receive RaftClientReply:client-CEF4D3493DC0->4ee04582-2825-4055-a051-0465d62eb5ca@group-78E0FE5F723E, cid=3145, SUCCESS, logIndex=4796, commits[4ee04582-2825-4055-a051-0465d62eb5ca:c4797, 97f5b9f0-d9ef-40b5-ba79-7414923e623f:c4795, 7d686585-d831-45bc-93fc-0a553b604b0e:c4793]
2019-07-08 23:05:10,917 INFO  client.GrpcClientProtocolClient (GrpcClientProtocolClient.java:onNext(255)) - client-CEF4D3493DC0->4ee04582-2825-4055-a051-0465d62eb5ca: receive RaftClientReply:client-CEF4D3493DC0->4ee04582-2825-4055-a051-0465d62eb5ca@group-78E0FE5F723E, cid=3146, SUCCESS, logIndex=4797, commits[4ee04582-2825-4055-a051-0465d62eb5ca:c4799, 97f5b9f0-d9ef-40b5-ba79-7414923e623f:c4795, 7d686585-d831-45bc-93fc-0a553b604b0e:c4793]
2019-07-08 23:05:10,917 INFO  client.GrpcClientProtocolClient (GrpcClientProtocolClient.java:onNext(255)) - client-CEF4D3493DC0->4ee04582-2825-4055-a051-0465d62eb5ca: receive RaftClientReply:client-CEF4D3493DC0->4ee04582-2825-4055-a051-0465d62eb5ca@group-78E0FE5F723E, cid=3147, SUCCESS, logIndex=0, commits[4ee04582-2825-4055-a051-0465d62eb5ca:c4799, 97f5b9f0-d9ef-40b5-ba79-7414923e623f:c4795, 7d686585-d831-45bc-93fc-0a553b604b0e:c4795]
2019-07-08 23:05:10,936 INFO  client.GrpcClientProtocolClient (GrpcClientProtocolClient.java:onNext(255)) - client-CEF4D3493DC0->4ee04582-2825-4055-a051-0465d62eb5ca: receive RaftClientReply:client-CEF4D3493DC0->4ee04582-2825-4055-a051-0465d62eb5ca@group-78E0FE5F723E, cid=3148, SUCCESS, logIndex=4802, commits[4ee04582-2825-4055-a051-0465d62eb5ca:c4803, 97f5b9f0-d9ef-40b5-ba79-7414923e623f:c4797, 7d686585-d831-45bc-93fc-0a553b604b0e:c4801]
2019-07-08 23:05:10,936 INFO  client.GrpcClientProtocolClient (GrpcClientProtocolClient.java:onNext(255)) - client-CEF4D3493DC0->4ee04582-2825-4055-a051-0465d62eb5ca: receive RaftClientReply:client-CEF4D3493DC0->4ee04582-2825-4055-a051-0465d62eb5ca@group-78E0FE5F723E, cid=3149, SUCCESS, logIndex=4803, commits[4ee04582-2825-4055-a051-0465d62eb5ca:c4803, 97f5b9f0-d9ef-40b5-ba79-7414923e623f:c4801, 7d686585-d831-45bc-93fc-0a553b604b0e:c4801]
2019-07-08 23:05:10,946 INFO  client.GrpcClientProtocolClient (GrpcClientProtocolClient.java:onNext(255)) - client-CEF4D3493DC0->4ee04582-2825-4055-a051-0465d62eb5ca: receive RaftClientReply:client-CEF4D3493DC0->4ee04582-2825-4055-a051-0465d62eb5ca@group-78E0FE5F723E, cid=3150, SUCCESS, logIndex=4806, commits[4ee04582-2825-4055-a051-0465d62eb5ca:c4807, 97f5b9f0-d9ef-40b5-ba79-7414923e623f:c4805, 7d686585-d831-45bc-93fc-0a553b604b0e:c4803]
2019-07-08 23:05:10,947 INFO  client.GrpcClientProtocolClient (GrpcClientProtocolClient.java:onNext(255)) - client-CEF4D3493DC0->4ee04582-2825-4055-a051-0465d62eb5ca: receive RaftClientReply:client-CEF4D3493DC0->4ee04582-2825-4055-a051-0465d62eb5ca@group-78E0FE5F723E, cid=3151, SUCCESS, logIndex=4807, commits[4ee04582-2825-4055-a051-0465d62eb5ca:c4807, 97f5b9f0-d9ef-40b5-ba79-7414923e623f:c4805, 7d686585-d831-45bc-93fc-0a553b604b0e:c4805]
2019-07-08 23:05:10,953 INFO  client.GrpcClientProtocolClient (GrpcClientProtocolClient.java:onNext(255)) - client-CEF4D3493DC0->4ee04582-2825-4055-a051-0465d62eb5ca: receive RaftClientReply:client-CEF4D3493DC0->4ee04582-2825-4055-a051-0465d62eb5ca@group-78E0FE5F723E, cid=3152, SUCCESS, logIndex=0, commits[4ee04582-2825-4055-a051-0465d62eb5ca:c4808, 97f5b9f0-d9ef-40b5-ba79-7414923e623f:c4807, 7d686585-d831-45bc-93fc-0a553b604b0e:c4807]
2019-07-08 23:05:10,975 INFO  client.GrpcClientProtocolClient (GrpcClientProtocolClient.java:onNext(255)) - client-CEF4D3493DC0->4ee04582-2825-4055-a051-0465d62eb5ca: receive RaftClientReply:client-CEF4D3493DC0->4ee04582-2825-4055-a051-0465d62eb5ca@group-78E0FE5F723E, cid=3153, SUCCESS, logIndex=4810, commits[4ee04582-2825-4055-a051-0465d62eb5ca:c4813, 97f5b9f0-d9ef-40b5-ba79-7414923e623f:c4807, 7d686585-d831-45bc-93fc-0a553b604b0e:c4809]
2019-07-08 23:05:10,976 INFO  client.GrpcClientProtocolClient (GrpcClientProtocolClient.java:onNext(255)) - client-CEF4D3493DC0->4ee04582-2825-4055-a051-0465d62eb5ca: receive RaftClientReply:client-CEF4D3493DC0->4ee04582-2825-4055-a051-0465d62eb5ca@group-78E0FE5F723E, cid=3154, SUCCESS, logIndex=4811, commits[4ee04582-2825-4055-a051-0465d62eb5ca:c4813, 97f5b9f0-d9ef-40b5-ba79-7414923e623f:c4809, 7d686585-d831-45bc-93fc-0a553b604b0e:c4809]
2019-07-08 23:05:10,976 INFO  client.GrpcClientProtocolClient (GrpcClientProtocolClient.java:onNext(255)) - client-CEF4D3493DC0->4ee04582-2825-4055-a051-0465d62eb5ca: receive RaftClientReply:client-CEF4D3493DC0->4ee04582-2825-4055-a051-0465d62eb5ca@group-78E0FE5F723E, cid=3155, SUCCESS, logIndex=4812, commits[4ee04582-2825-4055-a051-0465d62eb5ca:c4813, 97f5b9f0-d9ef-40b5-ba79-7414923e623f:c4809, 7d686585-d831-45bc-93fc-0a553b604b0e:c4809]
2019-07-08 23:05:10,976 INFO  client.GrpcClientProtocolClient (GrpcClientProtocolClient.java:onNext(255)) - client-CEF4D3493DC0->4ee04582-2825-4055-a051-0465d62eb5ca: receive RaftClientReply:client-CEF4D3493DC0->4ee04582-2825-4055-a051-0465d62eb5ca@group-78E0FE5F723E, cid=3156, SUCCESS, logIndex=4813, commits[4ee04582-2825-4055-a051-0465d62eb5ca:c4813, 97f5b9f0-d9ef-40b5-ba79-7414923e623f:c4809, 7d686585-d831-45bc-93fc-0a553b604b0e:c4809]
2019-07-08 23:05:10,980 INFO  client.GrpcClientProtocolClient (GrpcClientProtocolClient.java:onNext(255)) - client-CEF4D3493DC0->4ee04582-2825-4055-a051-0465d62eb5ca: receive RaftClientReply:client-CEF4D3493DC0->4ee04582-2825-4055-a051-0465d62eb5ca@group-78E0FE5F723E, cid=3157, SUCCESS, logIndex=0, commits[4ee04582-2825-4055-a051-0465d62eb5ca:c4814, 97f5b9f0-d9ef-40b5-ba79-7414923e623f:c4811, 7d686585-d831-45bc-93fc-0a553b604b0e:c4811]
2019-07-08 23:05:10,996 INFO  client.GrpcClientProtocolClient (GrpcClientProtocolClient.java:onNext(255)) - client-CEF4D3493DC0->4ee04582-2825-4055-a051-0465d62eb5ca: receive RaftClientReply:client-CEF4D3493DC0->4ee04582-2825-4055-a051-0465d62eb5ca@group-78E0FE5F723E, cid=3158, SUCCESS, logIndex=4817, commits[4ee04582-2825-4055-a051-0465d62eb5ca:c4817, 97f5b9f0-d9ef-40b5-ba79-7414923e623f:c4813, 7d686585-d831-45bc-93fc-0a553b604b0e:c4816]
2019-07-08 23:05:10,997 INFO  client.GrpcClientProtocolClient (GrpcClientProtocolClient.java:onNext(255)) - client-CEF4D3493DC0->4ee04582-2825-4055-a051-0465d62eb5ca: receive RaftClientReply:client-CEF4D3493DC0->4ee04582-2825-4055-a051-0465d62eb5ca@group-78E0FE5F723E, cid=3159, SUCCESS, logIndex=4818, commits[4ee04582-2825-4055-a051-0465d62eb5ca:c4818, 97f5b9f0-d9ef-40b5-ba79-7414923e623f:c4816, 7d686585-d831-45bc-93fc-0a553b604b0e:c4816]
2019-07-08 23:05:11,013 INFO  client.GrpcClientProtocolClient (GrpcClientProtocolClient.java:onNext(255)) - client-CEF4D3493DC0->4ee04582-2825-4055-a051-0465d62eb5ca: receive RaftClientReply:client-CEF4D3493DC0->4ee04582-2825-4055-a051-0465d62eb5ca@group-78E0FE5F723E, cid=3160, SUCCESS, logIndex=4821, commits[4ee04582-2825-4055-a051-0465d62eb5ca:c4822, 97f5b9f0-d9ef-40b5-ba79-7414923e623f:c4820, 7d686585-d831-45bc-93fc-0a553b604b0e:c4820]
2019-07-08 23:05:11,013 INFO  client.GrpcClientProtocolClient (GrpcClientProtocolClient.java:onNext(255)) - client-CEF4D3493DC0->4ee04582-2825-4055-a051-0465d62eb5ca: receive RaftClientReply:client-CEF4D3493DC0->4ee04582-2825-4055-a051-0465d62eb5ca@group-78E0FE5F723E, cid=3161, SUCCESS, logIndex=4822, commits[4ee04582-2825-4055-a051-0465d62eb5ca:c4822, 97f5b9f0-d9ef-40b5-ba79-7414923e623f:c4820, 7d686585-d831-45bc-93fc-0a553b604b0e:c4820]
2019-07-08 23:05:11,019 INFO  client.GrpcClientProtocolClient (GrpcClientProtocolClient.java:onNext(255)) - client-CEF4D3493DC0->4ee04582-2825-4055-a051-0465d62eb5ca: receive RaftClientReply:client-CEF4D3493DC0->4ee04582-2825-4055-a051-0465d62eb5ca@group-78E0FE5F723E, cid=3162, SUCCESS, logIndex=0, commits[4ee04582-2825-4055-a051-0465d62eb5ca:c4823, 97f5b9f0-d9ef-40b5-ba79-7414923e623f:c4822, 7d686585-d831-45bc-93fc-0a553b604b0e:c4822]
 0.00% |█                                                                                                    |  0/1 Time: 0:00:202019-07-08 23:05:11,113 INFO  client.GrpcClientProtocolClient (GrpcClientProtocolClient.java:onNext(255)) - client-CEF4D3493DC0->4ee04582-2825-4055-a051-0465d62eb5ca: receive RaftClientReply:client-CEF4D3493DC0->4ee04582-2825-4055-a051-0465d62eb5ca@group-78E0FE5F723E, cid=3163, SUCCESS, logIndex=4825, commits[4ee04582-2825-4055-a051-0465d62eb5ca:c4826, 97f5b9f0-d9ef-40b5-ba79-7414923e623f:c4824, 7d686585-d831-45bc-93fc-0a553b604b0e:c4824]
2019-07-08 23:05:11,114 INFO  client.GrpcClientProtocolClient (GrpcClientProtocolClient.java:onNext(255)) - client-CEF4D3493DC0->4ee04582-2825-4055-a051-0465d62eb5ca: receive RaftClientReply:client-CEF4D3493DC0->4ee04582-2825-4055-a051-0465d62eb5ca@group-78E0FE5F723E, cid=3164, SUCCESS, logIndex=4826, commits[4ee04582-2825-4055-a051-0465d62eb5ca:c4827, 97f5b9f0-d9ef-40b5-ba79-7414923e623f:c4824, 7d686585-d831-45bc-93fc-0a553b604b0e:c4824]
2019-07-08 23:05:11,114 INFO  client.GrpcClientProtocolClient (GrpcClientProtocolClient.java:onNext(255)) - client-CEF4D3493DC0->4ee04582-2825-4055-a051-0465d62eb5ca: receive RaftClientReply:client-CEF4D3493DC0->4ee04582-2825-4055-a051-0465d62eb5ca@group-78E0FE5F723E, cid=3165, SUCCESS, logIndex=4827, commits[4ee04582-2825-4055-a051-0465d62eb5ca:c4828, 97f5b9f0-d9ef-40b5-ba79-7414923e623f:c4824, 7d686585-d831-45bc-93fc-0a553b604b0e:c4824]
2019-07-08 23:05:11,115 INFO  client.GrpcClientProtocolClient (GrpcClientProtocolClient.java:onNext(255)) - client-CEF4D3493DC0->4ee04582-2825-4055-a051-0465d62eb5ca: receive RaftClientReply:client-CEF4D3493DC0->4ee04582-2825-4055-a051-0465d62eb5ca@group-78E0FE5F723E, cid=3166, SUCCESS, logIndex=4828, commits[4ee04582-2825-4055-a051-0465d62eb5ca:c4828, 97f5b9f0-d9ef-40b5-ba79-7414923e623f:c4824, 7d686585-d831-45bc-93fc-0a553b604b0e:c4825]
2019-07-08 23:05:11,116 INFO  client.GrpcClientProtocolClient (GrpcClientProtocolClient.java:onNext(255)) - client-CEF4D3493DC0->4ee04582-2825-4055-a051-0465d62eb5ca: receive RaftClientReply:client-CEF4D3493DC0->4ee04582-2825-4055-a051-0465d62eb5ca@group-78E0FE5F723E, cid=3167, SUCCESS, logIndex=0, commits[4ee04582-2825-4055-a051-0465d62eb5ca:c4830, 97f5b9f0-d9ef-40b5-ba79-7414923e623f:c4826, 7d686585-d831-45bc-93fc-0a553b604b0e:c4826]
2019-07-08 23:05:11,139 INFO  client.GrpcClientProtocolClient (GrpcClientProtocolClient.java:onNext(255)) - client-CEF4D3493DC0->4ee04582-2825-4055-a051-0465d62eb5ca: receive RaftClientReply:client-CEF4D3493DC0->4ee04582-2825-4055-a051-0465d62eb5ca@group-78E0FE5F723E, cid=3168, SUCCESS, logIndex=4833, commits[4ee04582-2825-4055-a051-0465d62eb5ca:c4834, 97f5b9f0-d9ef-40b5-ba79-7414923e623f:c4832, 7d686585-d831-45bc-93fc-0a553b604b0e:c4832]
2019-07-08 23:05:11,139 INFO  client.GrpcClientProtocolClient (GrpcClientProtocolClient.java:onNext(255)) - client-CEF4D3493DC0->4ee04582-2825-4055-a051-0465d62eb5ca: receive RaftClientReply:client-CEF4D3493DC0->4ee04582-2825-4055-a051-0465d62eb5ca@group-78E0FE5F723E, cid=3169, SUCCESS, logIndex=4834, commits[4ee04582-2825-4055-a051-0465d62eb5ca:c4834, 97f5b9f0-d9ef-40b5-ba79-7414923e623f:c4832, 7d686585-d831-45bc-93fc-0a553b604b0e:c4832]
2019-07-08 23:05:11,151 INFO  client.GrpcClientProtocolClient (GrpcClientProtocolClient.java:onNext(255)) - client-CEF4D3493DC0->4ee04582-2825-4055-a051-0465d62eb5ca: receive RaftClientReply:client-CEF4D3493DC0->4ee04582-2825-4055-a051-0465d62eb5ca@group-78E0FE5F723E, cid=3170, SUCCESS, logIndex=4837, commits[4ee04582-2825-4055-a051-0465d62eb5ca:c4838, 97f5b9f0-d9ef-40b5-ba79-7414923e623f:c4835, 7d686585-d831-45bc-93fc-0a553b604b0e:c4835]
2019-07-08 23:05:11,152 INFO  client.GrpcClientProtocolClient (GrpcClientProtocolClient.java:onNext(255)) - client-CEF4D3493DC0->4ee04582-2825-4055-a051-0465d62eb5ca: receive RaftClientReply:client-CEF4D3493DC0->4ee04582-2825-4055-a051-0465d62eb5ca@group-78E0FE5F723E, cid=3171, SUCCESS, logIndex=4838, commits[4ee04582-2825-4055-a051-0465d62eb5ca:c4838, 97f5b9f0-d9ef-40b5-ba79-7414923e623f:c4835, 7d686585-d831-45bc-93fc-0a553b604b0e:c4835]
2019-07-08 23:05:11,153 INFO  client.GrpcClientProtocolClient (GrpcClientProtocolClient.java:onNext(255)) - client-CEF4D3493DC0->4ee04582-2825-4055-a051-0465d62eb5ca: receive RaftClientReply:client-CEF4D3493DC0->4ee04582-2825-4055-a051-0465d62eb5ca@group-78E0FE5F723E, cid=3172, SUCCESS, logIndex=0, commits[4ee04582-2825-4055-a051-0465d62eb5ca:c4839, 97f5b9f0-d9ef-40b5-ba79-7414923e623f:c4838, 7d686585-d831-45bc-93fc-0a553b604b0e:c4838]
2019-07-08 23:05:11,179 INFO  client.GrpcClientProtocolClient (GrpcClientProtocolClient.java:onNext(255)) - client-CEF4D3493DC0->4ee04582-2825-4055-a051-0465d62eb5ca: receive RaftClientReply:client-CEF4D3493DC0->4ee04582-2825-4055-a051-0465d62eb5ca@group-78E0FE5F723E, cid=3173, SUCCESS, logIndex=4841, commits[4ee04582-2825-4055-a051-0465d62eb5ca:c4844, 97f5b9f0-d9ef-40b5-ba79-7414923e623f:c4840, 7d686585-d831-45bc-93fc-0a553b604b0e:c4838]
2019-07-08 23:05:11,180 INFO  client.GrpcClientProtocolClient (GrpcClientProtocolClient.java:onNext(255)) - client-CEF4D3493DC0->4ee04582-2825-4055-a051-0465d62eb5ca: receive RaftClientReply:client-CEF4D3493DC0->4ee04582-2825-4055-a051-0465d62eb5ca@group-78E0FE5F723E, cid=3174, SUCCESS, logIndex=4842, commits[4ee04582-2825-4055-a051-0465d62eb5ca:c4844, 97f5b9f0-d9ef-40b5-ba79-7414923e623f:c4840, 7d686585-d831-45bc-93fc-0a553b604b0e:c4840]
2019-07-08 23:05:11,180 INFO  client.GrpcClientProtocolClient (GrpcClientProtocolClient.java:onNext(255)) - client-CEF4D3493DC0->4ee04582-2825-4055-a051-0465d62eb5ca: receive RaftClientReply:client-CEF4D3493DC0->4ee04582-2825-4055-a051-0465d62eb5ca@group-78E0FE5F723E, cid=3175, SUCCESS, logIndex=4843, commits[4ee04582-2825-4055-a051-0465d62eb5ca:c4844, 97f5b9f0-d9ef-40b5-ba79-7414923e623f:c4840, 7d686585-d831-45bc-93fc-0a553b604b0e:c4840]
2019-07-08 23:05:11,180 INFO  client.GrpcClientProtocolClient (GrpcClientProtocolClient.java:onNext(255)) - client-CEF4D3493DC0->4ee04582-2825-4055-a051-0465d62eb5ca: receive RaftClientReply:client-CEF4D3493DC0->4ee04582-2825-4055-a051-0465d62eb5ca@group-78E0FE5F723E, cid=3176, SUCCESS, logIndex=4844, commits[4ee04582-2825-4055-a051-0465d62eb5ca:c4844, 97f5b9f0-d9ef-40b5-ba79-7414923e623f:c4840, 7d686585-d831-45bc-93fc-0a553b604b0e:c4840]
2019-07-08 23:05:11,181 INFO  client.GrpcClientProtocolClient (GrpcClientProtocolClient.java:onNext(255)) - client-CEF4D3493DC0->4ee04582-2825-4055-a051-0465d62eb5ca: receive RaftClientReply:client-CEF4D3493DC0->4ee04582-2825-4055-a051-0465d62eb5ca@group-78E0FE5F723E, cid=3177, SUCCESS, logIndex=0, commits[4ee04582-2825-4055-a051-0465d62eb5ca:c4847, 97f5b9f0-d9ef-40b5-ba79-7414923e623f:c4844, 7d686585-d831-45bc-93fc-0a553b604b0e:c4842]
2019-07-08 23:05:11,192 INFO  client.GrpcClientProtocolClient (GrpcClientProtocolClient.java:onNext(255)) - client-CEF4D3493DC0->4ee04582-2825-4055-a051-0465d62eb5ca: receive RaftClientReply:client-CEF4D3493DC0->4ee04582-2825-4055-a051-0465d62eb5ca@group-78E0FE5F723E, cid=3178, SUCCESS, logIndex=4848, commits[4ee04582-2825-4055-a051-0465d62eb5ca:c4849, 97f5b9f0-d9ef-40b5-ba79-7414923e623f:c4847, 7d686585-d831-45bc-93fc-0a553b604b0e:c4844]
2019-07-08 23:05:11,192 INFO  client.GrpcClientProtocolClient (GrpcClientProtocolClient.java:onNext(255)) - client-CEF4D3493DC0->4ee04582-2825-4055-a051-0465d62eb5ca: receive RaftClientReply:client-CEF4D3493DC0->4ee04582-2825-4055-a051-0465d62eb5ca@group-78E0FE5F723E, cid=3179, SUCCESS, logIndex=4849, commits[4ee04582-2825-4055-a051-0465d62eb5ca:c4849, 97f5b9f0-d9ef-40b5-ba79-7414923e623f:c4847, 7d686585-d831-45bc-93fc-0a553b604b0e:c4847]
2019-07-08 23:05:11,204 INFO  client.GrpcClientProtocolClient (GrpcClientProtocolClient.java:onNext(255)) - client-CEF4D3493DC0->4ee04582-2825-4055-a051-0465d62eb5ca: receive RaftClientReply:client-CEF4D3493DC0->4ee04582-2825-4055-a051-0465d62eb5ca@group-78E0FE5F723E, cid=3180, SUCCESS, logIndex=4852, commits[4ee04582-2825-4055-a051-0465d62eb5ca:c4853, 97f5b9f0-d9ef-40b5-ba79-7414923e623f:c4851, 7d686585-d831-45bc-93fc-0a553b604b0e:c4849]
2019-07-08 23:05:11,204 INFO  client.GrpcClientProtocolClient (GrpcClientProtocolClient.java:onNext(255)) - client-CEF4D3493DC0->4ee04582-2825-4055-a051-0465d62eb5ca: receive RaftClientReply:client-CEF4D3493DC0->4ee04582-2825-4055-a051-0465d62eb5ca@group-78E0FE5F723E, cid=3181, SUCCESS, logIndex=4853, commits[4ee04582-2825-4055-a051-0465d62eb5ca:c4853, 97f5b9f0-d9ef-40b5-ba79-7414923e623f:c4851, 7d686585-d831-45bc-93fc-0a553b604b0e:c4851]
2019-07-08 23:05:11,207 INFO  client.GrpcClientProtocolClient (GrpcClientProtocolClient.java:onNext(255)) - client-CEF4D3493DC0->4ee04582-2825-4055-a051-0465d62eb5ca: receive RaftClientReply:client-CEF4D3493DC0->4ee04582-2825-4055-a051-0465d62eb5ca@group-78E0FE5F723E, cid=3182, SUCCESS, logIndex=0, commits[4ee04582-2825-4055-a051-0465d62eb5ca:c4854, 97f5b9f0-d9ef-40b5-ba79-7414923e623f:c4853, 7d686585-d831-45bc-93fc-0a553b604b0e:c4853]
2019-07-08 23:05:11,230 INFO  client.GrpcClientProtocolClient (GrpcClientProtocolClient.java:onNext(255)) - client-CEF4D3493DC0->4ee04582-2825-4055-a051-0465d62eb5ca: receive RaftClientReply:client-CEF4D3493DC0->4ee04582-2825-4055-a051-0465d62eb5ca@group-78E0FE5F723E, cid=3183, SUCCESS, logIndex=4856, commits[4ee04582-2825-4055-a051-0465d62eb5ca:c4857, 97f5b9f0-d9ef-40b5-ba79-7414923e623f:c4855, 7d686585-d831-45bc-93fc-0a553b604b0e:c4853]
2019-07-08 23:05:11,230 INFO  client.GrpcClientProtocolClient (GrpcClientProtocolClient.java:onNext(255)) - client-CEF4D3493DC0->4ee04582-2825-4055-a051-0465d62eb5ca: receive RaftClientReply:client-CEF4D3493DC0->4ee04582-2825-4055-a051-0465d62eb5ca@group-78E0FE5F723E, cid=3184, SUCCESS, logIndex=4857, commits[4ee04582-2825-4055-a051-0465d62eb5ca:c4857, 97f5b9f0-d9ef-40b5-ba79-7414923e623f:c4855, 7d686585-d831-45bc-93fc-0a553b604b0e:c4853]
2019-07-08 23:05:11,233 INFO  client.GrpcClientProtocolClient (GrpcClientProtocolClient.java:onNext(255)) - client-CEF4D3493DC0->4ee04582-2825-4055-a051-0465d62eb5ca: receive RaftClientReply:client-CEF4D3493DC0->4ee04582-2825-4055-a051-0465d62eb5ca@group-78E0FE5F723E, cid=3185, SUCCESS, logIndex=4858, commits[4ee04582-2825-4055-a051-0465d62eb5ca:c4859, 97f5b9f0-d9ef-40b5-ba79-7414923e623f:c4855, 7d686585-d831-45bc-93fc-0a553b604b0e:c4855]
2019-07-08 23:05:11,234 INFO  client.GrpcClientProtocolClient (GrpcClientProtocolClient.java:onNext(255)) - client-CEF4D3493DC0->4ee04582-2825-4055-a051-0465d62eb5ca: receive RaftClientReply:client-CEF4D3493DC0->4ee04582-2825-4055-a051-0465d62eb5ca@group-78E0FE5F723E, cid=3186, SUCCESS, logIndex=4859, commits[4ee04582-2825-4055-a051-0465d62eb5ca:c4861, 97f5b9f0-d9ef-40b5-ba79-7414923e623f:c4855, 7d686585-d831-45bc-93fc-0a553b604b0e:c4857]
2019-07-08 23:05:11,234 INFO  client.GrpcClientProtocolClient (GrpcClientProtocolClient.java:onNext(255)) - client-CEF4D3493DC0->4ee04582-2825-4055-a051-0465d62eb5ca: receive RaftClientReply:client-CEF4D3493DC0->4ee04582-2825-4055-a051-0465d62eb5ca@group-78E0FE5F723E, cid=3187, SUCCESS, logIndex=0, commits[4ee04582-2825-4055-a051-0465d62eb5ca:c4861, 97f5b9f0-d9ef-40b5-ba79-7414923e623f:c4857, 7d686585-d831-45bc-93fc-0a553b604b0e:c4857]
2019-07-08 23:05:11,373 INFO  client.GrpcClientProtocolClient (GrpcClientProtocolClient.java:onNext(255)) - client-CEF4D3493DC0->4ee04582-2825-4055-a051-0465d62eb5ca: receive RaftClientReply:client-CEF4D3493DC0->4ee04582-2825-4055-a051-0465d62eb5ca@group-78E0FE5F723E, cid=3188, SUCCESS, logIndex=4864, commits[4ee04582-2825-4055-a051-0465d62eb5ca:c4865, 97f5b9f0-d9ef-40b5-ba79-7414923e623f:c4863, 7d686585-d831-45bc-93fc-0a553b604b0e:c4863]
2019-07-08 23:05:11,373 INFO  client.GrpcClientProtocolClient (GrpcClientProtocolClient.java:onNext(255)) - client-CEF4D3493DC0->4ee04582-2825-4055-a051-0465d62eb5ca: receive RaftClientReply:client-CEF4D3493DC0->4ee04582-2825-4055-a051-0465d62eb5ca@group-78E0FE5F723E, cid=3189, SUCCESS, logIndex=4865, commits[4ee04582-2825-4055-a051-0465d62eb5ca:c4865, 97f5b9f0-d9ef-40b5-ba79-7414923e623f:c4863, 7d686585-d831-45bc-93fc-0a553b604b0e:c4863]
2019-07-08 23:05:11,389 INFO  client.GrpcClientProtocolClient (GrpcClientProtocolClient.java:onNext(255)) - client-CEF4D3493DC0->4ee04582-2825-4055-a051-0465d62eb5ca: receive RaftClientReply:client-CEF4D3493DC0->4ee04582-2825-4055-a051-0465d62eb5ca@group-78E0FE5F723E, cid=3190, SUCCESS, logIndex=4868, commits[4ee04582-2825-4055-a051-0465d62eb5ca:c4869, 97f5b9f0-d9ef-40b5-ba79-7414923e623f:c4865, 7d686585-d831-45bc-93fc-0a553b604b0e:c4865]
2019-07-08 23:05:11,390 INFO  client.GrpcClientProtocolClient (GrpcClientProtocolClient.java:onNext(255)) - client-CEF4D3493DC0->4ee04582-2825-4055-a051-0465d62eb5ca: receive RaftClientReply:client-CEF4D3493DC0->4ee04582-2825-4055-a051-0465d62eb5ca@group-78E0FE5F723E, cid=3191, SUCCESS, logIndex=4869, commits[4ee04582-2825-4055-a051-0465d62eb5ca:c4869, 97f5b9f0-d9ef-40b5-ba79-7414923e623f:c4865, 7d686585-d831-45bc-93fc-0a553b604b0e:c4865]
2019-07-08 23:05:11,393 INFO  client.GrpcClientProtocolClient (GrpcClientProtocolClient.java:onNext(255)) - client-CEF4D3493DC0->4ee04582-2825-4055-a051-0465d62eb5ca: receive RaftClientReply:client-CEF4D3493DC0->4ee04582-2825-4055-a051-0465d62eb5ca@group-78E0FE5F723E, cid=3192, SUCCESS, logIndex=0, commits[4ee04582-2825-4055-a051-0465d62eb5ca:c4870, 97f5b9f0-d9ef-40b5-ba79-7414923e623f:c4869, 7d686585-d831-45bc-93fc-0a553b604b0e:c4869]
2019-07-08 23:05:11,413 INFO  client.GrpcClientProtocolClient (GrpcClientProtocolClient.java:onNext(255)) - client-CEF4D3493DC0->4ee04582-2825-4055-a051-0465d62eb5ca: receive RaftClientReply:client-CEF4D3493DC0->4ee04582-2825-4055-a051-0465d62eb5ca@group-78E0FE5F723E, cid=3193, SUCCESS, logIndex=4871, commits[4ee04582-2825-4055-a051-0465d62eb5ca:c4872, 97f5b9f0-d9ef-40b5-ba79-7414923e623f:c4869, 7d686585-d831-45bc-93fc-0a553b604b0e:c4870]
2019-07-08 23:05:11,414 INFO  client.GrpcClientProtocolClient (GrpcClientProtocolClient.java:onNext(255)) - client-CEF4D3493DC0->4ee04582-2825-4055-a051-0465d62eb5ca: receive RaftClientReply:client-CEF4D3493DC0->4ee04582-2825-4055-a051-0465d62eb5ca@group-78E0FE5F723E, cid=3194, SUCCESS, logIndex=4872, commits[4ee04582-2825-4055-a051-0465d62eb5ca:c4872, 97f5b9f0-d9ef-40b5-ba79-7414923e623f:c4870, 7d686585-d831-45bc-93fc-0a553b604b0e:c4870]
2019-07-08 23:05:11,416 INFO  client.GrpcClientProtocolClient (GrpcClientProtocolClient.java:onNext(255)) - client-CEF4D3493DC0->4ee04582-2825-4055-a051-0465d62eb5ca: receive RaftClientReply:client-CEF4D3493DC0->4ee04582-2825-4055-a051-0465d62eb5ca@group-78E0FE5F723E, cid=3195, SUCCESS, logIndex=4873, commits[4ee04582-2825-4055-a051-0465d62eb5ca:c4875, 97f5b9f0-d9ef-40b5-ba79-7414923e623f:c4872, 7d686585-d831-45bc-93fc-0a553b604b0e:c4870]
2019-07-08 23:05:11,416 INFO  client.GrpcClientProtocolClient (GrpcClientProtocolClient.java:onNext(255)) - client-CEF4D3493DC0->4ee04582-2825-4055-a051-0465d62eb5ca: receive RaftClientReply:client-CEF4D3493DC0->4ee04582-2825-4055-a051-0465d62eb5ca@group-78E0FE5F723E, cid=3196, SUCCESS, logIndex=4874, commits[4ee04582-2825-4055-a051-0465d62eb5ca:c4876, 97f5b9f0-d9ef-40b5-ba79-7414923e623f:c4872, 7d686585-d831-45bc-93fc-0a553b604b0e:c4870]
2019-07-08 23:05:11,417 INFO  client.GrpcClientProtocolClient (GrpcClientProtocolClient.java:onNext(255)) - client-CEF4D3493DC0->4ee04582-2825-4055-a051-0465d62eb5ca: receive RaftClientReply:client-CEF4D3493DC0->4ee04582-2825-4055-a051-0465d62eb5ca@group-78E0FE5F723E, cid=3197, SUCCESS, logIndex=0, commits[4ee04582-2825-4055-a051-0465d62eb5ca:c4876, 97f5b9f0-d9ef-40b5-ba79-7414923e623f:c4872, 7d686585-d831-45bc-93fc-0a553b604b0e:c4872]
2019-07-08 23:05:11,428 INFO  client.GrpcClientProtocolClient (GrpcClientProtocolClient.java:onNext(255)) - client-CEF4D3493DC0->4ee04582-2825-4055-a051-0465d62eb5ca: receive RaftClientReply:client-CEF4D3493DC0->4ee04582-2825-4055-a051-0465d62eb5ca@group-78E0FE5F723E, cid=3198, SUCCESS, logIndex=4879, commits[4ee04582-2825-4055-a051-0465d62eb5ca:c4880, 97f5b9f0-d9ef-40b5-ba79-7414923e623f:c4878, 7d686585-d831-45bc-93fc-0a553b604b0e:c4874]
2019-07-08 23:05:11,429 INFO  client.GrpcClientProtocolClient (GrpcClientProtocolClient.java:onNext(255)) - client-CEF4D3493DC0->4ee04582-2825-4055-a051-0465d62eb5ca: receive RaftClientReply:client-CEF4D3493DC0->4ee04582-2825-4055-a051-0465d62eb5ca@group-78E0FE5F723E, cid=3199, SUCCESS, logIndex=4880, commits[4ee04582-2825-4055-a051-0465d62eb5ca:c4880, 97f5b9f0-d9ef-40b5-ba79-7414923e623f:c4878, 7d686585-d831-45bc-93fc-0a553b604b0e:c4874]
2019-07-08 23:05:11,439 INFO  client.GrpcClientProtocolClient (GrpcClientProtocolClient.java:onNext(255)) - client-CEF4D3493DC0->4ee04582-2825-4055-a051-0465d62eb5ca: receive RaftClientReply:client-CEF4D3493DC0->4ee04582-2825-4055-a051-0465d62eb5ca@group-78E0FE5F723E, cid=3200, SUCCESS, logIndex=4883, commits[4ee04582-2825-4055-a051-0465d62eb5ca:c4884, 97f5b9f0-d9ef-40b5-ba79-7414923e623f:c4882, 7d686585-d831-45bc-93fc-0a553b604b0e:c4880]
2019-07-08 23:05:11,440 INFO  client.GrpcClientProtocolClient (GrpcClientProtocolClient.java:onNext(255)) - client-CEF4D3493DC0->4ee04582-2825-4055-a051-0465d62eb5ca: receive RaftClientReply:client-CEF4D3493DC0->4ee04582-2825-4055-a051-0465d62eb5ca@group-78E0FE5F723E, cid=3201, SUCCESS, logIndex=4884, commits[4ee04582-2825-4055-a051-0465d62eb5ca:c4884, 97f5b9f0-d9ef-40b5-ba79-7414923e623f:c4882, 7d686585-d831-45bc-93fc-0a553b604b0e:c4882]
2019-07-08 23:05:11,442 INFO  client.GrpcClientProtocolClient (GrpcClientProtocolClient.java:onNext(255)) - client-CEF4D3493DC0->4ee04582-2825-4055-a051-0465d62eb5ca: receive RaftClientReply:client-CEF4D3493DC0->4ee04582-2825-4055-a051-0465d62eb5ca@group-78E0FE5F723E, cid=3202, SUCCESS, logIndex=0, commits[4ee04582-2825-4055-a051-0465d62eb5ca:c4885, 97f5b9f0-d9ef-40b5-ba79-7414923e623f:c4884, 7d686585-d831-45bc-93fc-0a553b604b0e:c4884]
2019-07-08 23:05:11,467 INFO  client.GrpcClientProtocolClient (GrpcClientProtocolClient.java:onNext(255)) - client-CEF4D3493DC0->4ee04582-2825-4055-a051-0465d62eb5ca: receive RaftClientReply:client-CEF4D3493DC0->4ee04582-2825-4055-a051-0465d62eb5ca@group-78E0FE5F723E, cid=3203, SUCCESS, logIndex=4887, commits[4ee04582-2825-4055-a051-0465d62eb5ca:c4888, 97f5b9f0-d9ef-40b5-ba79-7414923e623f:c4886, 7d686585-d831-45bc-93fc-0a553b604b0e:c4886]
2019-07-08 23:05:11,468 INFO  client.GrpcClientProtocolClient (GrpcClientProtocolClient.java:onNext(255)) - client-CEF4D3493DC0->4ee04582-2825-4055-a051-0465d62eb5ca: receive RaftClientReply:client-CEF4D3493DC0->4ee04582-2825-4055-a051-0465d62eb5ca@group-78E0FE5F723E, cid=3204, SUCCESS, logIndex=4888, commits[4ee04582-2825-4055-a051-0465d62eb5ca:c4888, 97f5b9f0-d9ef-40b5-ba79-7414923e623f:c4886, 7d686585-d831-45bc-93fc-0a553b604b0e:c4886]
2019-07-08 23:05:11,469 INFO  client.GrpcClientProtocolClient (GrpcClientProtocolClient.java:onNext(255)) - client-CEF4D3493DC0->4ee04582-2825-4055-a051-0465d62eb5ca: receive RaftClientReply:client-CEF4D3493DC0->4ee04582-2825-4055-a051-0465d62eb5ca@group-78E0FE5F723E, cid=3205, SUCCESS, logIndex=4889, commits[4ee04582-2825-4055-a051-0465d62eb5ca:c4890, 97f5b9f0-d9ef-40b5-ba79-7414923e623f:c4886, 7d686585-d831-45bc-93fc-0a553b604b0e:c4886]
2019-07-08 23:05:11,469 INFO  client.GrpcClientProtocolClient (GrpcClientProtocolClient.java:onNext(255)) - client-CEF4D3493DC0->4ee04582-2825-4055-a051-0465d62eb5ca: receive RaftClientReply:client-CEF4D3493DC0->4ee04582-2825-4055-a051-0465d62eb5ca@group-78E0FE5F723E, cid=3206, SUCCESS, logIndex=4890, commits[4ee04582-2825-4055-a051-0465d62eb5ca:c4890, 97f5b9f0-d9ef-40b5-ba79-7414923e623f:c4886, 7d686585-d831-45bc-93fc-0a553b604b0e:c4886]
2019-07-08 23:05:11,474 INFO  client.GrpcClientProtocolClient (GrpcClientProtocolClient.java:onNext(255)) - client-CEF4D3493DC0->4ee04582-2825-4055-a051-0465d62eb5ca: receive RaftClientReply:client-CEF4D3493DC0->4ee04582-2825-4055-a051-0465d62eb5ca@group-78E0FE5F723E, cid=3207, SUCCESS, logIndex=0, commits[4ee04582-2825-4055-a051-0465d62eb5ca:c4892, 97f5b9f0-d9ef-40b5-ba79-7414923e623f:c4888, 7d686585-d831-45bc-93fc-0a553b604b0e:c4888]
2019-07-08 23:05:11,485 INFO  client.GrpcClientProtocolClient (GrpcClientProtocolClient.java:onNext(255)) - client-CEF4D3493DC0->4ee04582-2825-4055-a051-0465d62eb5ca: receive RaftClientReply:client-CEF4D3493DC0->4ee04582-2825-4055-a051-0465d62eb5ca@group-78E0FE5F723E, cid=3208, SUCCESS, logIndex=4895, commits[4ee04582-2825-4055-a051-0465d62eb5ca:c4896, 97f5b9f0-d9ef-40b5-ba79-7414923e623f:c4894, 7d686585-d831-45bc-93fc-0a553b604b0e:c4890]
2019-07-08 23:05:11,485 INFO  client.GrpcClientProtocolClient (GrpcClientProtocolClient.java:onNext(255)) - client-CEF4D3493DC0->4ee04582-2825-4055-a051-0465d62eb5ca: receive RaftClientReply:client-CEF4D3493DC0->4ee04582-2825-4055-a051-0465d62eb5ca@group-78E0FE5F723E, cid=3209, SUCCESS, logIndex=4896, commits[4ee04582-2825-4055-a051-0465d62eb5ca:c4896, 97f5b9f0-d9ef-40b5-ba79-7414923e623f:c4894, 7d686585-d831-45bc-93fc-0a553b604b0e:c4890]
2019-07-08 23:05:11,501 INFO  client.GrpcClientProtocolClient (GrpcClientProtocolClient.java:onNext(255)) - client-CEF4D3493DC0->4ee04582-2825-4055-a051-0465d62eb5ca: receive RaftClientReply:client-CEF4D3493DC0->4ee04582-2825-4055-a051-0465d62eb5ca@group-78E0FE5F723E, cid=3210, SUCCESS, logIndex=4899, commits[4ee04582-2825-4055-a051-0465d62eb5ca:c4900, 97f5b9f0-d9ef-40b5-ba79-7414923e623f:c4898, 7d686585-d831-45bc-93fc-0a553b604b0e:c4898]
2019-07-08 23:05:11,502 INFO  client.GrpcClientProtocolClient (GrpcClientProtocolClient.java:onNext(255)) - client-CEF4D3493DC0->4ee04582-2825-4055-a051-0465d62eb5ca: receive RaftClientReply:client-CEF4D3493DC0->4ee04582-2825-4055-a051-0465d62eb5ca@group-78E0FE5F723E, cid=3211, SUCCESS, logIndex=4900, commits[4ee04582-2825-4055-a051-0465d62eb5ca:c4900, 97f5b9f0-d9ef-40b5-ba79-7414923e623f:c4898, 7d686585-d831-45bc-93fc-0a553b604b0e:c4898]
2019-07-08 23:05:11,506 INFO  client.GrpcClientProtocolClient (GrpcClientProtocolClient.java:onNext(255)) - client-CEF4D3493DC0->4ee04582-2825-4055-a051-0465d62eb5ca: receive RaftClientReply:client-CEF4D3493DC0->4ee04582-2825-4055-a051-0465d62eb5ca@group-78E0FE5F723E, cid=3212, SUCCESS, logIndex=0, commits[4ee04582-2825-4055-a051-0465d62eb5ca:c4901, 97f5b9f0-d9ef-40b5-ba79-7414923e623f:c4900, 7d686585-d831-45bc-93fc-0a553b604b0e:c4900]
2019-07-08 23:05:11,525 INFO  client.GrpcClientProtocolClient (GrpcClientProtocolClient.java:onNext(255)) - client-CEF4D3493DC0->4ee04582-2825-4055-a051-0465d62eb5ca: receive RaftClientReply:client-CEF4D3493DC0->4ee04582-2825-4055-a051-0465d62eb5ca@group-78E0FE5F723E, cid=3213, SUCCESS, logIndex=4903, commits[4ee04582-2825-4055-a051-0465d62eb5ca:c4904, 97f5b9f0-d9ef-40b5-ba79-7414923e623f:c4902, 7d686585-d831-45bc-93fc-0a553b604b0e:c4900]
2019-07-08 23:05:11,526 INFO  client.GrpcClientProtocolClient (GrpcClientProtocolClient.java:onNext(255)) - client-CEF4D3493DC0->4ee04582-2825-4055-a051-0465d62eb5ca: receive RaftClientReply:client-CEF4D3493DC0->4ee04582-2825-4055-a051-0465d62eb5ca@group-78E0FE5F723E, cid=3214, SUCCESS, logIndex=4904, commits[4ee04582-2825-4055-a051-0465d62eb5ca:c4904, 97f5b9f0-d9ef-40b5-ba79-7414923e623f:c4902, 7d686585-d831-45bc-93fc-0a553b604b0e:c4900]
2019-07-08 23:05:11,528 INFO  client.GrpcClientProtocolClient (GrpcClientProtocolClient.java:onNext(255)) - client-CEF4D3493DC0->4ee04582-2825-4055-a051-0465d62eb5ca: receive RaftClientReply:client-CEF4D3493DC0->4ee04582-2825-4055-a051-0465d62eb5ca@group-78E0FE5F723E, cid=3215, SUCCESS, logIndex=4905, commits[4ee04582-2825-4055-a051-0465d62eb5ca:c4906, 97f5b9f0-d9ef-40b5-ba79-7414923e623f:c4902, 7d686585-d831-45bc-93fc-0a553b604b0e:c4902]
2019-07-08 23:05:11,528 INFO  client.GrpcClientProtocolClient (GrpcClientProtocolClient.java:onNext(255)) - client-CEF4D3493DC0->4ee04582-2825-4055-a051-0465d62eb5ca: receive RaftClientReply:client-CEF4D3493DC0->4ee04582-2825-4055-a051-0465d62eb5ca@group-78E0FE5F723E, cid=3216, SUCCESS, logIndex=4906, commits[4ee04582-2825-4055-a051-0465d62eb5ca:c4906, 97f5b9f0-d9ef-40b5-ba79-7414923e623f:c4902, 7d686585-d831-45bc-93fc-0a553b604b0e:c4902]
2019-07-08 23:05:11,531 INFO  client.GrpcClientProtocolClient (GrpcClientProtocolClient.java:onNext(255)) - client-CEF4D3493DC0->4ee04582-2825-4055-a051-0465d62eb5ca: receive RaftClientReply:client-CEF4D3493DC0->4ee04582-2825-4055-a051-0465d62eb5ca@group-78E0FE5F723E, cid=3217, SUCCESS, logIndex=0, commits[4ee04582-2825-4055-a051-0465d62eb5ca:c4907, 97f5b9f0-d9ef-40b5-ba79-7414923e623f:c4904, 7d686585-d831-45bc-93fc-0a553b604b0e:c4904]
2019-07-08 23:05:11,540 INFO  client.GrpcClientProtocolClient (GrpcClientProtocolClient.java:onNext(255)) - client-CEF4D3493DC0->4ee04582-2825-4055-a051-0465d62eb5ca: receive RaftClientReply:client-CEF4D3493DC0->4ee04582-2825-4055-a051-0465d62eb5ca@group-78E0FE5F723E, cid=3218, SUCCESS, logIndex=4910, commits[4ee04582-2825-4055-a051-0465d62eb5ca:c4911, 97f5b9f0-d9ef-40b5-ba79-7414923e623f:c4909, 7d686585-d831-45bc-93fc-0a553b604b0e:c4906]
2019-07-08 23:05:11,540 INFO  client.GrpcClientProtocolClient (GrpcClientProtocolClient.java:onNext(255)) - client-CEF4D3493DC0->4ee04582-2825-4055-a051-0465d62eb5ca: receive RaftClientReply:client-CEF4D3493DC0->4ee04582-2825-4055-a051-0465d62eb5ca@group-78E0FE5F723E, cid=3219, SUCCESS, logIndex=4911, commits[4ee04582-2825-4055-a051-0465d62eb5ca:c4911, 97f5b9f0-d9ef-40b5-ba79-7414923e623f:c4909, 7d686585-d831-45bc-93fc-0a553b604b0e:c4909]
2019-07-08 23:05:11,549 INFO  client.GrpcClientProtocolClient (GrpcClientProtocolClient.java:onNext(255)) - client-CEF4D3493DC0->4ee04582-2825-4055-a051-0465d62eb5ca: receive RaftClientReply:client-CEF4D3493DC0->4ee04582-2825-4055-a051-0465d62eb5ca@group-78E0FE5F723E, cid=3220, SUCCESS, logIndex=4914, commits[4ee04582-2825-4055-a051-0465d62eb5ca:c4915, 97f5b9f0-d9ef-40b5-ba79-7414923e623f:c4911, 7d686585-d831-45bc-93fc-0a553b604b0e:c4912]
2019-07-08 23:05:11,549 INFO  client.GrpcClientProtocolClient (GrpcClientProtocolClient.java:onNext(255)) - client-CEF4D3493DC0->4ee04582-2825-4055-a051-0465d62eb5ca: receive RaftClientReply:client-CEF4D3493DC0->4ee04582-2825-4055-a051-0465d62eb5ca@group-78E0FE5F723E, cid=3221, SUCCESS, logIndex=4915, commits[4ee04582-2825-4055-a051-0465d62eb5ca:c4915, 97f5b9f0-d9ef-40b5-ba79-7414923e623f:c4911, 7d686585-d831-45bc-93fc-0a553b604b0e:c4912]
2019-07-08 23:05:11,555 INFO  client.GrpcClientProtocolClient (GrpcClientProtocolClient.java:onNext(255)) - client-CEF4D3493DC0->4ee04582-2825-4055-a051-0465d62eb5ca: receive RaftClientReply:client-CEF4D3493DC0->4ee04582-2825-4055-a051-0465d62eb5ca@group-78E0FE5F723E, cid=3222, SUCCESS, logIndex=0, commits[4ee04582-2825-4055-a051-0465d62eb5ca:c4917, 97f5b9f0-d9ef-40b5-ba79-7414923e623f:c4915, 7d686585-d831-45bc-93fc-0a553b604b0e:c4915]
2019-07-08 23:05:11,574 INFO  client.GrpcClientProtocolClient (GrpcClientProtocolClient.java:onNext(255)) - client-CEF4D3493DC0->4ee04582-2825-4055-a051-0465d62eb5ca: receive RaftClientReply:client-CEF4D3493DC0->4ee04582-2825-4055-a051-0465d62eb5ca@group-78E0FE5F723E, cid=3223, SUCCESS, logIndex=4918, commits[4ee04582-2825-4055-a051-0465d62eb5ca:c4919, 97f5b9f0-d9ef-40b5-ba79-7414923e623f:c4917, 7d686585-d831-45bc-93fc-0a553b604b0e:c4915]
2019-07-08 23:05:11,574 INFO  client.GrpcClientProtocolClient (GrpcClientProtocolClient.java:onNext(255)) - client-CEF4D3493DC0->4ee04582-2825-4055-a051-0465d62eb5ca: receive RaftClientReply:client-CEF4D3493DC0->4ee04582-2825-4055-a051-0465d62eb5ca@group-78E0FE5F723E, cid=3224, SUCCESS, logIndex=4919, commits[4ee04582-2825-4055-a051-0465d62eb5ca:c4919, 97f5b9f0-d9ef-40b5-ba79-7414923e623f:c4917, 7d686585-d831-45bc-93fc-0a553b604b0e:c4915]
2019-07-08 23:05:11,577 INFO  client.GrpcClientProtocolClient (GrpcClientProtocolClient.java:onNext(255)) - client-CEF4D3493DC0->4ee04582-2825-4055-a051-0465d62eb5ca: receive RaftClientReply:client-CEF4D3493DC0->4ee04582-2825-4055-a051-0465d62eb5ca@group-78E0FE5F723E, cid=3225, SUCCESS, logIndex=4920, commits[4ee04582-2825-4055-a051-0465d62eb5ca:c4921, 97f5b9f0-d9ef-40b5-ba79-7414923e623f:c4917, 7d686585-d831-45bc-93fc-0a553b604b0e:c4917]
2019-07-08 23:05:11,577 INFO  client.GrpcClientProtocolClient (GrpcClientProtocolClient.java:onNext(255)) - client-CEF4D3493DC0->4ee04582-2825-4055-a051-0465d62eb5ca: receive RaftClientReply:client-CEF4D3493DC0->4ee04582-2825-4055-a051-0465d62eb5ca@group-78E0FE5F723E, cid=3226, SUCCESS, logIndex=4921, commits[4ee04582-2825-4055-a051-0465d62eb5ca:c4921, 97f5b9f0-d9ef-40b5-ba79-7414923e623f:c4917, 7d686585-d831-45bc-93fc-0a553b604b0e:c4917]
2019-07-08 23:05:11,578 INFO  client.GrpcClientProtocolClient (GrpcClientProtocolClient.java:onNext(255)) - client-CEF4D3493DC0->4ee04582-2825-4055-a051-0465d62eb5ca: receive RaftClientReply:client-CEF4D3493DC0->4ee04582-2825-4055-a051-0465d62eb5ca@group-78E0FE5F723E, cid=3227, SUCCESS, logIndex=0, commits[4ee04582-2825-4055-a051-0465d62eb5ca:c4923, 97f5b9f0-d9ef-40b5-ba79-7414923e623f:c4919, 7d686585-d831-45bc-93fc-0a553b604b0e:c4919]
2019-07-08 23:05:11,587 INFO  client.GrpcClientProtocolClient (GrpcClientProtocolClient.java:onNext(255)) - client-CEF4D3493DC0->4ee04582-2825-4055-a051-0465d62eb5ca: receive RaftClientReply:client-CEF4D3493DC0->4ee04582-2825-4055-a051-0465d62eb5ca@group-78E0FE5F723E, cid=3228, SUCCESS, logIndex=4926, commits[4ee04582-2825-4055-a051-0465d62eb5ca:c4927, 97f5b9f0-d9ef-40b5-ba79-7414923e623f:c4925, 7d686585-d831-45bc-93fc-0a553b604b0e:c4921]
2019-07-08 23:05:11,588 INFO  client.GrpcClientProtocolClient (GrpcClientProtocolClient.java:onNext(255)) - client-CEF4D3493DC0->4ee04582-2825-4055-a051-0465d62eb5ca: receive RaftClientReply:client-CEF4D3493DC0->4ee04582-2825-4055-a051-0465d62eb5ca@group-78E0FE5F723E, cid=3229, SUCCESS, logIndex=4927, commits[4ee04582-2825-4055-a051-0465d62eb5ca:c4927, 97f5b9f0-d9ef-40b5-ba79-7414923e623f:c4925, 7d686585-d831-45bc-93fc-0a553b604b0e:c4925]
2019-07-08 23:05:11,596 INFO  client.GrpcClientProtocolClient (GrpcClientProtocolClient.java:onNext(255)) - client-CEF4D3493DC0->4ee04582-2825-4055-a051-0465d62eb5ca: receive RaftClientReply:client-CEF4D3493DC0->4ee04582-2825-4055-a051-0465d62eb5ca@group-78E0FE5F723E, cid=3230, SUCCESS, logIndex=4930, commits[4ee04582-2825-4055-a051-0465d62eb5ca:c4931, 97f5b9f0-d9ef-40b5-ba79-7414923e623f:c4928, 7d686585-d831-45bc-93fc-0a553b604b0e:c4927]
2019-07-08 23:05:11,597 INFO  client.GrpcClientProtocolClient (GrpcClientProtocolClient.java:onNext(255)) - client-CEF4D3493DC0->4ee04582-2825-4055-a051-0465d62eb5ca: receive RaftClientReply:client-CEF4D3493DC0->4ee04582-2825-4055-a051-0465d62eb5ca@group-78E0FE5F723E, cid=3231, SUCCESS, logIndex=4931, commits[4ee04582-2825-4055-a051-0465d62eb5ca:c4931, 97f5b9f0-d9ef-40b5-ba79-7414923e623f:c4928, 7d686585-d831-45bc-93fc-0a553b604b0e:c4927]
2019-07-08 23:05:11,600 INFO  client.GrpcClientProtocolClient (GrpcClientProtocolClient.java:onNext(255)) - client-CEF4D3493DC0->4ee04582-2825-4055-a051-0465d62eb5ca: receive RaftClientReply:client-CEF4D3493DC0->4ee04582-2825-4055-a051-0465d62eb5ca@group-78E0FE5F723E, cid=3232, SUCCESS, logIndex=0, commits[4ee04582-2825-4055-a051-0465d62eb5ca:c4932, 97f5b9f0-d9ef-40b5-ba79-7414923e623f:c4931, 7d686585-d831-45bc-93fc-0a553b604b0e:c4931]
2019-07-08 23:05:11,623 INFO  client.GrpcClientProtocolClient (GrpcClientProtocolClient.java:onNext(255)) - client-CEF4D3493DC0->4ee04582-2825-4055-a051-0465d62eb5ca: receive RaftClientReply:client-CEF4D3493DC0->4ee04582-2825-4055-a051-0465d62eb5ca@group-78E0FE5F723E, cid=3233, SUCCESS, logIndex=4934, commits[4ee04582-2825-4055-a051-0465d62eb5ca:c4935, 97f5b9f0-d9ef-40b5-ba79-7414923e623f:c4933, 7d686585-d831-45bc-93fc-0a553b604b0e:c4933]
2019-07-08 23:05:11,623 INFO  client.GrpcClientProtocolClient (GrpcClientProtocolClient.java:onNext(255)) - client-CEF4D3493DC0->4ee04582-2825-4055-a051-0465d62eb5ca: receive RaftClientReply:client-CEF4D3493DC0->4ee04582-2825-4055-a051-0465d62eb5ca@group-78E0FE5F723E, cid=3234, SUCCESS, logIndex=4935, commits[4ee04582-2825-4055-a051-0465d62eb5ca:c4936, 97f5b9f0-d9ef-40b5-ba79-7414923e623f:c4933, 7d686585-d831-45bc-93fc-0a553b604b0e:c4933]
2019-07-08 23:05:11,623 INFO  client.GrpcClientProtocolClient (GrpcClientProtocolClient.java:onNext(255)) - client-CEF4D3493DC0->4ee04582-2825-4055-a051-0465d62eb5ca: receive RaftClientReply:client-CEF4D3493DC0->4ee04582-2825-4055-a051-0465d62eb5ca@group-78E0FE5F723E, cid=3235, SUCCESS, logIndex=4936, commits[4ee04582-2825-4055-a051-0465d62eb5ca:c4937, 97f5b9f0-d9ef-40b5-ba79-7414923e623f:c4933, 7d686585-d831-45bc-93fc-0a553b604b0e:c4933]
2019-07-08 23:05:11,624 INFO  client.GrpcClientProtocolClient (GrpcClientProtocolClient.java:onNext(255)) - client-CEF4D3493DC0->4ee04582-2825-4055-a051-0465d62eb5ca: receive RaftClientReply:client-CEF4D3493DC0->4ee04582-2825-4055-a051-0465d62eb5ca@group-78E0FE5F723E, cid=3236, SUCCESS, logIndex=4937, commits[4ee04582-2825-4055-a051-0465d62eb5ca:c4937, 97f5b9f0-d9ef-40b5-ba79-7414923e623f:c4933, 7d686585-d831-45bc-93fc-0a553b604b0e:c4933]
2019-07-08 23:05:11,624 INFO  client.GrpcClientProtocolClient (GrpcClientProtocolClient.java:onNext(255)) - client-CEF4D3493DC0->4ee04582-2825-4055-a051-0465d62eb5ca: receive RaftClientReply:client-CEF4D3493DC0->4ee04582-2825-4055-a051-0465d62eb5ca@group-78E0FE5F723E, cid=3237, SUCCESS, logIndex=0, commits[4ee04582-2825-4055-a051-0465d62eb5ca:c4939, 97f5b9f0-d9ef-40b5-ba79-7414923e623f:c4935, 7d686585-d831-45bc-93fc-0a553b604b0e:c4935]
2019-07-08 23:05:11,639 INFO  client.GrpcClientProtocolClient (GrpcClientProtocolClient.java:onNext(255)) - client-CEF4D3493DC0->4ee04582-2825-4055-a051-0465d62eb5ca: receive RaftClientReply:client-CEF4D3493DC0->4ee04582-2825-4055-a051-0465d62eb5ca@group-78E0FE5F723E, cid=3238, SUCCESS, logIndex=4942, commits[4ee04582-2825-4055-a051-0465d62eb5ca:c4943, 97f5b9f0-d9ef-40b5-ba79-7414923e623f:c4941, 7d686585-d831-45bc-93fc-0a553b604b0e:c4941]
2019-07-08 23:05:11,639 INFO  client.GrpcClientProtocolClient (GrpcClientProtocolClient.java:onNext(255)) - client-CEF4D3493DC0->4ee04582-2825-4055-a051-0465d62eb5ca: receive RaftClientReply:client-CEF4D3493DC0->4ee04582-2825-4055-a051-0465d62eb5ca@group-78E0FE5F723E, cid=3239, SUCCESS, logIndex=4943, commits[4ee04582-2825-4055-a051-0465d62eb5ca:c4943, 97f5b9f0-d9ef-40b5-ba79-7414923e623f:c4941, 7d686585-d831-45bc-93fc-0a553b604b0e:c4941]
2019-07-08 23:05:11,648 INFO  client.GrpcClientProtocolClient (GrpcClientProtocolClient.java:onNext(255)) - client-CEF4D3493DC0->4ee04582-2825-4055-a051-0465d62eb5ca: receive RaftClientReply:client-CEF4D3493DC0->4ee04582-2825-4055-a051-0465d62eb5ca@group-78E0FE5F723E, cid=3240, SUCCESS, logIndex=4946, commits[4ee04582-2825-4055-a051-0465d62eb5ca:c4947, 97f5b9f0-d9ef-40b5-ba79-7414923e623f:c4944, 7d686585-d831-45bc-93fc-0a553b604b0e:c4943]
2019-07-08 23:05:11,648 INFO  client.GrpcClientProtocolClient (GrpcClientProtocolClient.java:onNext(255)) - client-CEF4D3493DC0->4ee04582-2825-4055-a051-0465d62eb5ca: receive RaftClientReply:client-CEF4D3493DC0->4ee04582-2825-4055-a051-0465d62eb5ca@group-78E0FE5F723E, cid=3241, SUCCESS, logIndex=4947, commits[4ee04582-2825-4055-a051-0465d62eb5ca:c4947, 97f5b9f0-d9ef-40b5-ba79-7414923e623f:c4944, 7d686585-d831-45bc-93fc-0a553b604b0e:c4943]
2019-07-08 23:05:11,650 INFO  client.GrpcClientProtocolClient (GrpcClientProtocolClient.java:onNext(255)) - client-CEF4D3493DC0->4ee04582-2825-4055-a051-0465d62eb5ca: receive RaftClientReply:client-CEF4D3493DC0->4ee04582-2825-4055-a051-0465d62eb5ca@group-78E0FE5F723E, cid=3242, SUCCESS, logIndex=0, commits[4ee04582-2825-4055-a051-0465d62eb5ca:c4948, 97f5b9f0-d9ef-40b5-ba79-7414923e623f:c4947, 7d686585-d831-45bc-93fc-0a553b604b0e:c4947]
2019-07-08 23:05:11,667 INFO  client.GrpcClientProtocolClient (GrpcClientProtocolClient.java:onNext(255)) - client-CEF4D3493DC0->4ee04582-2825-4055-a051-0465d62eb5ca: receive RaftClientReply:client-CEF4D3493DC0->4ee04582-2825-4055-a051-0465d62eb5ca@group-78E0FE5F723E, cid=3243, SUCCESS, logIndex=4950, commits[4ee04582-2825-4055-a051-0465d62eb5ca:c4951, 97f5b9f0-d9ef-40b5-ba79-7414923e623f:c4947, 7d686585-d831-45bc-93fc-0a553b604b0e:c4949]
2019-07-08 23:05:11,668 INFO  client.GrpcClientProtocolClient (GrpcClientProtocolClient.java:onNext(255)) - client-CEF4D3493DC0->4ee04582-2825-4055-a051-0465d62eb5ca: receive RaftClientReply:client-CEF4D3493DC0->4ee04582-2825-4055-a051-0465d62eb5ca@group-78E0FE5F723E, cid=3244, SUCCESS, logIndex=4951, commits[4ee04582-2825-4055-a051-0465d62eb5ca:c4951, 97f5b9f0-d9ef-40b5-ba79-7414923e623f:c4949, 7d686585-d831-45bc-93fc-0a553b604b0e:c4949]
2019-07-08 23:05:11,668 INFO  client.GrpcClientProtocolClient (GrpcClientProtocolClient.java:onNext(255)) - client-CEF4D3493DC0->4ee04582-2825-4055-a051-0465d62eb5ca: receive RaftClientReply:client-CEF4D3493DC0->4ee04582-2825-4055-a051-0465d62eb5ca@group-78E0FE5F723E, cid=3245, SUCCESS, logIndex=4952, commits[4ee04582-2825-4055-a051-0465d62eb5ca:c4953, 97f5b9f0-d9ef-40b5-ba79-7414923e623f:c4949, 7d686585-d831-45bc-93fc-0a553b604b0e:c4949]
2019-07-08 23:05:11,668 INFO  client.GrpcClientProtocolClient (GrpcClientProtocolClient.java:onNext(255)) - client-CEF4D3493DC0->4ee04582-2825-4055-a051-0465d62eb5ca: receive RaftClientReply:client-CEF4D3493DC0->4ee04582-2825-4055-a051-0465d62eb5ca@group-78E0FE5F723E, cid=3246, SUCCESS, logIndex=4953, commits[4ee04582-2825-4055-a051-0465d62eb5ca:c4953, 97f5b9f0-d9ef-40b5-ba79-7414923e623f:c4949, 7d686585-d831-45bc-93fc-0a553b604b0e:c4949]
2019-07-08 23:05:11,670 INFO  client.GrpcClientProtocolClient (GrpcClientProtocolClient.java:onNext(255)) - client-CEF4D3493DC0->4ee04582-2825-4055-a051-0465d62eb5ca: receive RaftClientReply:client-CEF4D3493DC0->4ee04582-2825-4055-a051-0465d62eb5ca@group-78E0FE5F723E, cid=3247, SUCCESS, logIndex=0, commits[4ee04582-2825-4055-a051-0465d62eb5ca:c4953, 97f5b9f0-d9ef-40b5-ba79-7414923e623f:c4951, 7d686585-d831-45bc-93fc-0a553b604b0e:c4951]
2019-07-08 23:05:11,680 INFO  client.GrpcClientProtocolClient (GrpcClientProtocolClient.java:onNext(255)) - client-CEF4D3493DC0->4ee04582-2825-4055-a051-0465d62eb5ca: receive RaftClientReply:client-CEF4D3493DC0->4ee04582-2825-4055-a051-0465d62eb5ca@group-78E0FE5F723E, cid=3248, SUCCESS, logIndex=4957, commits[4ee04582-2825-4055-a051-0465d62eb5ca:c4958, 97f5b9f0-d9ef-40b5-ba79-7414923e623f:c4956, 7d686585-d831-45bc-93fc-0a553b604b0e:c4953]
2019-07-08 23:05:11,680 INFO  client.GrpcClientProtocolClient (GrpcClientProtocolClient.java:onNext(255)) - client-CEF4D3493DC0->4ee04582-2825-4055-a051-0465d62eb5ca: receive RaftClientReply:client-CEF4D3493DC0->4ee04582-2825-4055-a051-0465d62eb5ca@group-78E0FE5F723E, cid=3249, SUCCESS, logIndex=4958, commits[4ee04582-2825-4055-a051-0465d62eb5ca:c4958, 97f5b9f0-d9ef-40b5-ba79-7414923e623f:c4956, 7d686585-d831-45bc-93fc-0a553b604b0e:c4956]
2019-07-08 23:05:11,689 INFO  client.GrpcClientProtocolClient (GrpcClientProtocolClient.java:onNext(255)) - client-CEF4D3493DC0->4ee04582-2825-4055-a051-0465d62eb5ca: receive RaftClientReply:client-CEF4D3493DC0->4ee04582-2825-4055-a051-0465d62eb5ca@group-78E0FE5F723E, cid=3250, SUCCESS, logIndex=4961, commits[4ee04582-2825-4055-a051-0465d62eb5ca:c4962, 97f5b9f0-d9ef-40b5-ba79-7414923e623f:c4959, 7d686585-d831-45bc-93fc-0a553b604b0e:c4959]
2019-07-08 23:05:11,689 INFO  client.GrpcClientProtocolClient (GrpcClientProtocolClient.java:onNext(255)) - client-CEF4D3493DC0->4ee04582-2825-4055-a051-0465d62eb5ca: receive RaftClientReply:client-CEF4D3493DC0->4ee04582-2825-4055-a051-0465d62eb5ca@group-78E0FE5F723E, cid=3251, SUCCESS, logIndex=4962, commits[4ee04582-2825-4055-a051-0465d62eb5ca:c4962, 97f5b9f0-d9ef-40b5-ba79-7414923e623f:c4959, 7d686585-d831-45bc-93fc-0a553b604b0e:c4959]
2019-07-08 23:05:11,696 INFO  client.GrpcClientProtocolClient (GrpcClientProtocolClient.java:onNext(255)) - client-CEF4D3493DC0->4ee04582-2825-4055-a051-0465d62eb5ca: receive RaftClientReply:client-CEF4D3493DC0->4ee04582-2825-4055-a051-0465d62eb5ca@group-78E0FE5F723E, cid=3252, SUCCESS, logIndex=0, commits[4ee04582-2825-4055-a051-0465d62eb5ca:c4964, 97f5b9f0-d9ef-40b5-ba79-7414923e623f:c4962, 7d686585-d831-45bc-93fc-0a553b604b0e:c4962]
2019-07-08 23:05:11,714 INFO  client.GrpcClientProtocolClient (GrpcClientProtocolClient.java:onNext(255)) - client-CEF4D3493DC0->4ee04582-2825-4055-a051-0465d62eb5ca: receive RaftClientReply:client-CEF4D3493DC0->4ee04582-2825-4055-a051-0465d62eb5ca@group-78E0FE5F723E, cid=3253, SUCCESS, logIndex=4965, commits[4ee04582-2825-4055-a051-0465d62eb5ca:c4966, 97f5b9f0-d9ef-40b5-ba79-7414923e623f:c4962, 7d686585-d831-45bc-93fc-0a553b604b0e:c4964]
2019-07-08 23:05:11,714 INFO  client.GrpcClientProtocolClient (GrpcClientProtocolClient.java:onNext(255)) - client-CEF4D3493DC0->4ee04582-2825-4055-a051-0465d62eb5ca: receive RaftClientReply:client-CEF4D3493DC0->4ee04582-2825-4055-a051-0465d62eb5ca@group-78E0FE5F723E, cid=3254, SUCCESS, logIndex=4966, commits[4ee04582-2825-4055-a051-0465d62eb5ca:c4966, 97f5b9f0-d9ef-40b5-ba79-7414923e623f:c4962, 7d686585-d831-45bc-93fc-0a553b604b0e:c4964]
2019-07-08 23:05:11,717 INFO  client.GrpcClientProtocolClient (GrpcClientProtocolClient.java:onNext(255)) - client-CEF4D3493DC0->4ee04582-2825-4055-a051-0465d62eb5ca: receive RaftClientReply:client-CEF4D3493DC0->4ee04582-2825-4055-a051-0465d62eb5ca@group-78E0FE5F723E, cid=3255, SUCCESS, logIndex=4967, commits[4ee04582-2825-4055-a051-0465d62eb5ca:c4969, 97f5b9f0-d9ef-40b5-ba79-7414923e623f:c4964, 7d686585-d831-45bc-93fc-0a553b604b0e:c4966]
2019-07-08 23:05:11,718 INFO  client.GrpcClientProtocolClient (GrpcClientProtocolClient.java:onNext(255)) - client-CEF4D3493DC0->4ee04582-2825-4055-a051-0465d62eb5ca: receive RaftClientReply:client-CEF4D3493DC0->4ee04582-2825-4055-a051-0465d62eb5ca@group-78E0FE5F723E, cid=3256, SUCCESS, logIndex=4968, commits[4ee04582-2825-4055-a051-0465d62eb5ca:c4970, 97f5b9f0-d9ef-40b5-ba79-7414923e623f:c4964, 7d686585-d831-45bc-93fc-0a553b604b0e:c4966]
2019-07-08 23:05:11,718 INFO  client.GrpcClientProtocolClient (GrpcClientProtocolClient.java:onNext(255)) - client-CEF4D3493DC0->4ee04582-2825-4055-a051-0465d62eb5ca: receive RaftClientReply:client-CEF4D3493DC0->4ee04582-2825-4055-a051-0465d62eb5ca@group-78E0FE5F723E, cid=3257, SUCCESS, logIndex=0, commits[4ee04582-2825-4055-a051-0465d62eb5ca:c4971, 97f5b9f0-d9ef-40b5-ba79-7414923e623f:c4966, 7d686585-d831-45bc-93fc-0a553b604b0e:c4967]
2019-07-08 23:05:11,729 INFO  client.GrpcClientProtocolClient (GrpcClientProtocolClient.java:onNext(255)) - client-CEF4D3493DC0->4ee04582-2825-4055-a051-0465d62eb5ca: receive RaftClientReply:client-CEF4D3493DC0->4ee04582-2825-4055-a051-0465d62eb5ca@group-78E0FE5F723E, cid=3258, SUCCESS, logIndex=4973, commits[4ee04582-2825-4055-a051-0465d62eb5ca:c4974, 97f5b9f0-d9ef-40b5-ba79-7414923e623f:c4968, 7d686585-d831-45bc-93fc-0a553b604b0e:c4972]
2019-07-08 23:05:11,729 INFO  client.GrpcClientProtocolClient (GrpcClientProtocolClient.java:onNext(255)) - client-CEF4D3493DC0->4ee04582-2825-4055-a051-0465d62eb5ca: receive RaftClientReply:client-CEF4D3493DC0->4ee04582-2825-4055-a051-0465d62eb5ca@group-78E0FE5F723E, cid=3259, SUCCESS, logIndex=4974, commits[4ee04582-2825-4055-a051-0465d62eb5ca:c4974, 97f5b9f0-d9ef-40b5-ba79-7414923e623f:c4972, 7d686585-d831-45bc-93fc-0a553b604b0e:c4972]
2019-07-08 23:05:11,737 INFO  client.GrpcClientProtocolClient (GrpcClientProtocolClient.java:onNext(255)) - client-CEF4D3493DC0->4ee04582-2825-4055-a051-0465d62eb5ca: receive RaftClientReply:client-CEF4D3493DC0->4ee04582-2825-4055-a051-0465d62eb5ca@group-78E0FE5F723E, cid=3260, SUCCESS, logIndex=4977, commits[4ee04582-2825-4055-a051-0465d62eb5ca:c4978, 97f5b9f0-d9ef-40b5-ba79-7414923e623f:c4974, 7d686585-d831-45bc-93fc-0a553b604b0e:c4975]
2019-07-08 23:05:11,737 INFO  client.GrpcClientProtocolClient (GrpcClientProtocolClient.java:onNext(255)) - client-CEF4D3493DC0->4ee04582-2825-4055-a051-0465d62eb5ca: receive RaftClientReply:client-CEF4D3493DC0->4ee04582-2825-4055-a051-0465d62eb5ca@group-78E0FE5F723E, cid=3261, SUCCESS, logIndex=4978, commits[4ee04582-2825-4055-a051-0465d62eb5ca:c4978, 97f5b9f0-d9ef-40b5-ba79-7414923e623f:c4975, 7d686585-d831-45bc-93fc-0a553b604b0e:c4975]
2019-07-08 23:05:11,742 INFO  client.GrpcClientProtocolClient (GrpcClientProtocolClient.java:onNext(255)) - client-CEF4D3493DC0->4ee04582-2825-4055-a051-0465d62eb5ca: receive RaftClientReply:client-CEF4D3493DC0->4ee04582-2825-4055-a051-0465d62eb5ca@group-78E0FE5F723E, cid=3262, SUCCESS, logIndex=0, commits[4ee04582-2825-4055-a051-0465d62eb5ca:c4980, 97f5b9f0-d9ef-40b5-ba79-7414923e623f:c4978, 7d686585-d831-45bc-93fc-0a553b604b0e:c4978]
2019-07-08 23:05:11,772 INFO  client.GrpcClientProtocolClient (GrpcClientProtocolClient.java:onNext(255)) - client-CEF4D3493DC0->4ee04582-2825-4055-a051-0465d62eb5ca: receive RaftClientReply:client-CEF4D3493DC0->4ee04582-2825-4055-a051-0465d62eb5ca@group-78E0FE5F723E, cid=3263, SUCCESS, logIndex=4981, commits[4ee04582-2825-4055-a051-0465d62eb5ca:c4982, 97f5b9f0-d9ef-40b5-ba79-7414923e623f:c4980, 7d686585-d831-45bc-93fc-0a553b604b0e:c4980]
2019-07-08 23:05:11,772 INFO  client.GrpcClientProtocolClient (GrpcClientProtocolClient.java:onNext(255)) - client-CEF4D3493DC0->4ee04582-2825-4055-a051-0465d62eb5ca: receive RaftClientReply:client-CEF4D3493DC0->4ee04582-2825-4055-a051-0465d62eb5ca@group-78E0FE5F723E, cid=3264, SUCCESS, logIndex=4982, commits[4ee04582-2825-4055-a051-0465d62eb5ca:c4984, 97f5b9f0-d9ef-40b5-ba79-7414923e623f:c4980, 7d686585-d831-45bc-93fc-0a553b604b0e:c4980]
2019-07-08 23:05:11,773 INFO  client.GrpcClientProtocolClient (GrpcClientProtocolClient.java:onNext(255)) - client-CEF4D3493DC0->4ee04582-2825-4055-a051-0465d62eb5ca: receive RaftClientReply:client-CEF4D3493DC0->4ee04582-2825-4055-a051-0465d62eb5ca@group-78E0FE5F723E, cid=3265, SUCCESS, logIndex=4983, commits[4ee04582-2825-4055-a051-0465d62eb5ca:c4984, 97f5b9f0-d9ef-40b5-ba79-7414923e623f:c4980, 7d686585-d831-45bc-93fc-0a553b604b0e:c4980]
2019-07-08 23:05:11,773 INFO  client.GrpcClientProtocolClient (GrpcClientProtocolClient.java:onNext(255)) - client-CEF4D3493DC0->4ee04582-2825-4055-a051-0465d62eb5ca: receive RaftClientReply:client-CEF4D3493DC0->4ee04582-2825-4055-a051-0465d62eb5ca@group-78E0FE5F723E, cid=3266, SUCCESS, logIndex=4984, commits[4ee04582-2825-4055-a051-0465d62eb5ca:c4985, 97f5b9f0-d9ef-40b5-ba79-7414923e623f:c4980, 7d686585-d831-45bc-93fc-0a553b604b0e:c4982]
2019-07-08 23:05:11,774 INFO  client.GrpcClientProtocolClient (GrpcClientProtocolClient.java:onNext(255)) - client-CEF4D3493DC0->4ee04582-2825-4055-a051-0465d62eb5ca: receive RaftClientReply:client-CEF4D3493DC0->4ee04582-2825-4055-a051-0465d62eb5ca@group-78E0FE5F723E, cid=3267, SUCCESS, logIndex=0, commits[4ee04582-2825-4055-a051-0465d62eb5ca:c4986, 97f5b9f0-d9ef-40b5-ba79-7414923e623f:c4982, 7d686585-d831-45bc-93fc-0a553b604b0e:c4984]
2019-07-08 23:05:11,828 INFO  client.GrpcClientProtocolClient (GrpcClientProtocolClient.java:onNext(255)) - client-CEF4D3493DC0->4ee04582-2825-4055-a051-0465d62eb5ca: receive RaftClientReply:client-CEF4D3493DC0->4ee04582-2825-4055-a051-0465d62eb5ca@group-78E0FE5F723E, cid=3268, SUCCESS, logIndex=4989, commits[4ee04582-2825-4055-a051-0465d62eb5ca:c4990, 97f5b9f0-d9ef-40b5-ba79-7414923e623f:c4988, 7d686585-d831-45bc-93fc-0a553b604b0e:c4988]
2019-07-08 23:05:11,828 INFO  client.GrpcClientProtocolClient (GrpcClientProtocolClient.java:onNext(255)) - client-CEF4D3493DC0->4ee04582-2825-4055-a051-0465d62eb5ca: receive RaftClientReply:client-CEF4D3493DC0->4ee04582-2825-4055-a051-0465d62eb5ca@group-78E0FE5F723E, cid=3269, SUCCESS, logIndex=4990, commits[4ee04582-2825-4055-a051-0465d62eb5ca:c4990, 97f5b9f0-d9ef-40b5-ba79-7414923e623f:c4988, 7d686585-d831-45bc-93fc-0a553b604b0e:c4988]
2019-07-08 23:05:11,842 INFO  client.GrpcClientProtocolClient (GrpcClientProtocolClient.java:onNext(255)) - client-CEF4D3493DC0->4ee04582-2825-4055-a051-0465d62eb5ca: receive RaftClientReply:client-CEF4D3493DC0->4ee04582-2825-4055-a051-0465d62eb5ca@group-78E0FE5F723E, cid=3270, SUCCESS, logIndex=4993, commits[4ee04582-2825-4055-a051-0465d62eb5ca:c4994, 97f5b9f0-d9ef-40b5-ba79-7414923e623f:c4990, 7d686585-d831-45bc-93fc-0a553b604b0e:c4992]
2019-07-08 23:05:11,843 INFO  client.GrpcClientProtocolClient (GrpcClientProtocolClient.java:onNext(255)) - client-CEF4D3493DC0->4ee04582-2825-4055-a051-0465d62eb5ca: receive RaftClientReply:client-CEF4D3493DC0->4ee04582-2825-4055-a051-0465d62eb5ca@group-78E0FE5F723E, cid=3271, SUCCESS, logIndex=4994, commits[4ee04582-2825-4055-a051-0465d62eb5ca:c4994, 97f5b9f0-d9ef-40b5-ba79-7414923e623f:c4992, 7d686585-d831-45bc-93fc-0a553b604b0e:c4992]
2019-07-08 23:05:11,845 INFO  client.GrpcClientProtocolClient (GrpcClientProtocolClient.java:onNext(255)) - client-CEF4D3493DC0->4ee04582-2825-4055-a051-0465d62eb5ca: receive RaftClientReply:client-CEF4D3493DC0->4ee04582-2825-4055-a051-0465d62eb5ca@group-78E0FE5F723E, cid=3272, SUCCESS, logIndex=0, commits[4ee04582-2825-4055-a051-0465d62eb5ca:c4995, 97f5b9f0-d9ef-40b5-ba79-7414923e623f:c4994, 7d686585-d831-45bc-93fc-0a553b604b0e:c4994]
2019-07-08 23:05:11,877 INFO  client.GrpcClientProtocolClient (GrpcClientProtocolClient.java:onNext(255)) - client-CEF4D3493DC0->4ee04582-2825-4055-a051-0465d62eb5ca: receive RaftClientReply:client-CEF4D3493DC0->4ee04582-2825-4055-a051-0465d62eb5ca@group-78E0FE5F723E, cid=3273, SUCCESS, logIndex=4996, commits[4ee04582-2825-4055-a051-0465d62eb5ca:c4997, 97f5b9f0-d9ef-40b5-ba79-7414923e623f:c4995, 7d686585-d831-45bc-93fc-0a553b604b0e:c4994]
2019-07-08 23:05:11,877 INFO  client.GrpcClientProtocolClient (GrpcClientProtocolClient.java:onNext(255)) - client-CEF4D3493DC0->4ee04582-2825-4055-a051-0465d62eb5ca: receive RaftClientReply:client-CEF4D3493DC0->4ee04582-2825-4055-a051-0465d62eb5ca@group-78E0FE5F723E, cid=3274, SUCCESS, logIndex=4997, commits[4ee04582-2825-4055-a051-0465d62eb5ca:c4997, 97f5b9f0-d9ef-40b5-ba79-7414923e623f:c4995, 7d686585-d831-45bc-93fc-0a553b604b0e:c4994]
2019-07-08 23:05:11,972 INFO  client.GrpcClientProtocolClient (GrpcClientProtocolClient.java:onNext(255)) - client-CEF4D3493DC0->4ee04582-2825-4055-a051-0465d62eb5ca: receive RaftClientReply:client-CEF4D3493DC0->4ee04582-2825-4055-a051-0465d62eb5ca@group-78E0FE5F723E, cid=3275, SUCCESS, logIndex=4998, commits[4ee04582-2825-4055-a051-0465d62eb5ca:c5000, 97f5b9f0-d9ef-40b5-ba79-7414923e623f:c4995, 7d686585-d831-45bc-93fc-0a553b604b0e:c4997]
2019-07-08 23:05:11,972 INFO  client.GrpcClientProtocolClient (GrpcClientProtocolClient.java:onNext(255)) - client-CEF4D3493DC0->4ee04582-2825-4055-a051-0465d62eb5ca: receive RaftClientReply:client-CEF4D3493DC0->4ee04582-2825-4055-a051-0465d62eb5ca@group-78E0FE5F723E, cid=3276, SUCCESS, logIndex=4999, commits[4ee04582-2825-4055-a051-0465d62eb5ca:c5001, 97f5b9f0-d9ef-40b5-ba79-7414923e623f:c4995, 7d686585-d831-45bc-93fc-0a553b604b0e:c4997]
2019-07-08 23:05:11,974 INFO  client.GrpcClientProtocolClient (GrpcClientProtocolClient.java:onNext(255)) - client-CEF4D3493DC0->4ee04582-2825-4055-a051-0465d62eb5ca: receive RaftClientReply:client-CEF4D3493DC0->4ee04582-2825-4055-a051-0465d62eb5ca@group-78E0FE5F723E, cid=3277, SUCCESS, logIndex=0, commits[4ee04582-2825-4055-a051-0465d62eb5ca:c5001, 97f5b9f0-d9ef-40b5-ba79-7414923e623f:c4997, 7d686585-d831-45bc-93fc-0a553b604b0e:c4997]
2019-07-08 23:05:11,987 INFO  client.GrpcClientProtocolClient (GrpcClientProtocolClient.java:onNext(255)) - client-CEF4D3493DC0->4ee04582-2825-4055-a051-0465d62eb5ca: receive RaftClientReply:client-CEF4D3493DC0->4ee04582-2825-4055-a051-0465d62eb5ca@group-78E0FE5F723E, cid=3278, SUCCESS, logIndex=5004, commits[4ee04582-2825-4055-a051-0465d62eb5ca:c5005, 97f5b9f0-d9ef-40b5-ba79-7414923e623f:c4999, 7d686585-d831-45bc-93fc-0a553b604b0e:c5003]
2019-07-08 23:05:11,987 INFO  client.GrpcClientProtocolClient (GrpcClientProtocolClient.java:onNext(255)) - client-CEF4D3493DC0->4ee04582-2825-4055-a051-0465d62eb5ca: receive RaftClientReply:client-CEF4D3493DC0->4ee04582-2825-4055-a051-0465d62eb5ca@group-78E0FE5F723E, cid=3279, SUCCESS, logIndex=5005, commits[4ee04582-2825-4055-a051-0465d62eb5ca:c5005, 97f5b9f0-d9ef-40b5-ba79-7414923e623f:c5003, 7d686585-d831-45bc-93fc-0a553b604b0e:c5003]
2019-07-08 23:05:11,999 INFO  client.GrpcClientProtocolClient (GrpcClientProtocolClient.java:onNext(255)) - client-CEF4D3493DC0->4ee04582-2825-4055-a051-0465d62eb5ca: receive RaftClientReply:client-CEF4D3493DC0->4ee04582-2825-4055-a051-0465d62eb5ca@group-78E0FE5F723E, cid=3280, SUCCESS, logIndex=5008, commits[4ee04582-2825-4055-a051-0465d62eb5ca:c5009, 97f5b9f0-d9ef-40b5-ba79-7414923e623f:c5005, 7d686585-d831-45bc-93fc-0a553b604b0e:c5007]
2019-07-08 23:05:12,000 INFO  client.GrpcClientProtocolClient (GrpcClientProtocolClient.java:onNext(255)) - client-CEF4D3493DC0->4ee04582-2825-4055-a051-0465d62eb5ca: receive RaftClientReply:client-CEF4D3493DC0->4ee04582-2825-4055-a051-0465d62eb5ca@group-78E0FE5F723E, cid=3281, SUCCESS, logIndex=5009, commits[4ee04582-2825-4055-a051-0465d62eb5ca:c5009, 97f5b9f0-d9ef-40b5-ba79-7414923e623f:c5007, 7d686585-d831-45bc-93fc-0a553b604b0e:c5007]
2019-07-08 23:05:12,001 INFO  client.GrpcClientProtocolClient (GrpcClientProtocolClient.java:onNext(255)) - client-CEF4D3493DC0->4ee04582-2825-4055-a051-0465d62eb5ca: receive RaftClientReply:client-CEF4D3493DC0->4ee04582-2825-4055-a051-0465d62eb5ca@group-78E0FE5F723E, cid=3282, SUCCESS, logIndex=0, commits[4ee04582-2825-4055-a051-0465d62eb5ca:c5010, 97f5b9f0-d9ef-40b5-ba79-7414923e623f:c5009, 7d686585-d831-45bc-93fc-0a553b604b0e:c5009]
2019-07-08 23:05:12,028 INFO  client.GrpcClientProtocolClient (GrpcClientProtocolClient.java:onNext(255)) - client-CEF4D3493DC0->4ee04582-2825-4055-a051-0465d62eb5ca: receive RaftClientReply:client-CEF4D3493DC0->4ee04582-2825-4055-a051-0465d62eb5ca@group-78E0FE5F723E, cid=3283, SUCCESS, logIndex=5011, commits[4ee04582-2825-4055-a051-0465d62eb5ca:c5013, 97f5b9f0-d9ef-40b5-ba79-7414923e623f:c5010, 7d686585-d831-45bc-93fc-0a553b604b0e:c5009]
2019-07-08 23:05:12,028 INFO  client.GrpcClientProtocolClient (GrpcClientProtocolClient.java:onNext(255)) - client-CEF4D3493DC0->4ee04582-2825-4055-a051-0465d62eb5ca: receive RaftClientReply:client-CEF4D3493DC0->4ee04582-2825-4055-a051-0465d62eb5ca@group-78E0FE5F723E, cid=3284, SUCCESS, logIndex=5012, commits[4ee04582-2825-4055-a051-0465d62eb5ca:c5014, 97f5b9f0-d9ef-40b5-ba79-7414923e623f:c5010, 7d686585-d831-45bc-93fc-0a553b604b0e:c5010]
2019-07-08 23:05:12,029 INFO  client.GrpcClientProtocolClient (GrpcClientProtocolClient.java:onNext(255)) - client-CEF4D3493DC0->4ee04582-2825-4055-a051-0465d62eb5ca: receive RaftClientReply:client-CEF4D3493DC0->4ee04582-2825-4055-a051-0465d62eb5ca@group-78E0FE5F723E, cid=3285, SUCCESS, logIndex=5013, commits[4ee04582-2825-4055-a051-0465d62eb5ca:c5014, 97f5b9f0-d9ef-40b5-ba79-7414923e623f:c5010, 7d686585-d831-45bc-93fc-0a553b604b0e:c5010]
2019-07-08 23:05:12,029 INFO  client.GrpcClientProtocolClient (GrpcClientProtocolClient.java:onNext(255)) - client-CEF4D3493DC0->4ee04582-2825-4055-a051-0465d62eb5ca: receive RaftClientReply:client-CEF4D3493DC0->4ee04582-2825-4055-a051-0465d62eb5ca@group-78E0FE5F723E, cid=3286, SUCCESS, logIndex=5014, commits[4ee04582-2825-4055-a051-0465d62eb5ca:c5014, 97f5b9f0-d9ef-40b5-ba79-7414923e623f:c5010, 7d686585-d831-45bc-93fc-0a553b604b0e:c5010]
2019-07-08 23:05:12,032 INFO  client.GrpcClientProtocolClient (GrpcClientProtocolClient.java:onNext(255)) - client-CEF4D3493DC0->4ee04582-2825-4055-a051-0465d62eb5ca: receive RaftClientReply:client-CEF4D3493DC0->4ee04582-2825-4055-a051-0465d62eb5ca@group-78E0FE5F723E, cid=3287, SUCCESS, logIndex=0, commits[4ee04582-2825-4055-a051-0465d62eb5ca:c5015, 97f5b9f0-d9ef-40b5-ba79-7414923e623f:c5012, 7d686585-d831-45bc-93fc-0a553b604b0e:c5012]
2019-07-08 23:05:12,043 INFO  client.GrpcClientProtocolClient (GrpcClientProtocolClient.java:onNext(255)) - client-CEF4D3493DC0->4ee04582-2825-4055-a051-0465d62eb5ca: receive RaftClientReply:client-CEF4D3493DC0->4ee04582-2825-4055-a051-0465d62eb5ca@group-78E0FE5F723E, cid=3288, SUCCESS, logIndex=5019, commits[4ee04582-2825-4055-a051-0465d62eb5ca:c5020, 97f5b9f0-d9ef-40b5-ba79-7414923e623f:c5018, 7d686585-d831-45bc-93fc-0a553b604b0e:c5014]
2019-07-08 23:05:12,044 INFO  client.GrpcClientProtocolClient (GrpcClientProtocolClient.java:onNext(255)) - client-CEF4D3493DC0->4ee04582-2825-4055-a051-0465d62eb5ca: receive RaftClientReply:client-CEF4D3493DC0->4ee04582-2825-4055-a051-0465d62eb5ca@group-78E0FE5F723E, cid=3289, SUCCESS, logIndex=5020, commits[4ee04582-2825-4055-a051-0465d62eb5ca:c5020, 97f5b9f0-d9ef-40b5-ba79-7414923e623f:c5018, 7d686585-d831-45bc-93fc-0a553b604b0e:c5018]
 0.00% |█                                                                                                    |  0/1 Time: 0:00:212019-07-08 23:05:12,065 INFO  client.GrpcClientProtocolClient (GrpcClientProtocolClient.java:onNext(255)) - client-CEF4D3493DC0->4ee04582-2825-4055-a051-0465d62eb5ca: receive RaftClientReply:client-CEF4D3493DC0->4ee04582-2825-4055-a051-0465d62eb5ca@group-78E0FE5F723E, cid=3290, SUCCESS, logIndex=5023, commits[4ee04582-2825-4055-a051-0465d62eb5ca:c5024, 97f5b9f0-d9ef-40b5-ba79-7414923e623f:c5022, 7d686585-d831-45bc-93fc-0a553b604b0e:c5022]
2019-07-08 23:05:12,066 INFO  client.GrpcClientProtocolClient (GrpcClientProtocolClient.java:onNext(255)) - client-CEF4D3493DC0->4ee04582-2825-4055-a051-0465d62eb5ca: receive RaftClientReply:client-CEF4D3493DC0->4ee04582-2825-4055-a051-0465d62eb5ca@group-78E0FE5F723E, cid=3291, SUCCESS, logIndex=5024, commits[4ee04582-2825-4055-a051-0465d62eb5ca:c5024, 97f5b9f0-d9ef-40b5-ba79-7414923e623f:c5022, 7d686585-d831-45bc-93fc-0a553b604b0e:c5022]
2019-07-08 23:05:12,070 INFO  client.GrpcClientProtocolClient (GrpcClientProtocolClient.java:onNext(255)) - client-CEF4D3493DC0->4ee04582-2825-4055-a051-0465d62eb5ca: receive RaftClientReply:client-CEF4D3493DC0->4ee04582-2825-4055-a051-0465d62eb5ca@group-78E0FE5F723E, cid=3292, SUCCESS, logIndex=0, commits[4ee04582-2825-4055-a051-0465d62eb5ca:c5025, 97f5b9f0-d9ef-40b5-ba79-7414923e623f:c5024, 7d686585-d831-45bc-93fc-0a553b604b0e:c5024]
2019-07-08 23:05:12,094 INFO  client.GrpcClientProtocolClient (GrpcClientProtocolClient.java:onNext(255)) - client-CEF4D3493DC0->4ee04582-2825-4055-a051-0465d62eb5ca: receive RaftClientReply:client-CEF4D3493DC0->4ee04582-2825-4055-a051-0465d62eb5ca@group-78E0FE5F723E, cid=3293, SUCCESS, logIndex=5027, commits[4ee04582-2825-4055-a051-0465d62eb5ca:c5028, 97f5b9f0-d9ef-40b5-ba79-7414923e623f:c5026, 7d686585-d831-45bc-93fc-0a553b604b0e:c5026]
2019-07-08 23:05:12,094 INFO  client.GrpcClientProtocolClient (GrpcClientProtocolClient.java:onNext(255)) - client-CEF4D3493DC0->4ee04582-2825-4055-a051-0465d62eb5ca: receive RaftClientReply:client-CEF4D3493DC0->4ee04582-2825-4055-a051-0465d62eb5ca@group-78E0FE5F723E, cid=3294, SUCCESS, logIndex=5028, commits[4ee04582-2825-4055-a051-0465d62eb5ca:c5028, 97f5b9f0-d9ef-40b5-ba79-7414923e623f:c5026, 7d686585-d831-45bc-93fc-0a553b604b0e:c5026]
2019-07-08 23:05:12,095 INFO  client.GrpcClientProtocolClient (GrpcClientProtocolClient.java:onNext(255)) - client-CEF4D3493DC0->4ee04582-2825-4055-a051-0465d62eb5ca: receive RaftClientReply:client-CEF4D3493DC0->4ee04582-2825-4055-a051-0465d62eb5ca@group-78E0FE5F723E, cid=3295, SUCCESS, logIndex=5029, commits[4ee04582-2825-4055-a051-0465d62eb5ca:c5030, 97f5b9f0-d9ef-40b5-ba79-7414923e623f:c5026, 7d686585-d831-45bc-93fc-0a553b604b0e:c5026]
2019-07-08 23:05:12,095 INFO  client.GrpcClientProtocolClient (GrpcClientProtocolClient.java:onNext(255)) - client-CEF4D3493DC0->4ee04582-2825-4055-a051-0465d62eb5ca: receive RaftClientReply:client-CEF4D3493DC0->4ee04582-2825-4055-a051-0465d62eb5ca@group-78E0FE5F723E, cid=3296, SUCCESS, logIndex=5030, commits[4ee04582-2825-4055-a051-0465d62eb5ca:c5030, 97f5b9f0-d9ef-40b5-ba79-7414923e623f:c5026, 7d686585-d831-45bc-93fc-0a553b604b0e:c5026]
2019-07-08 23:05:12,100 INFO  client.GrpcClientProtocolClient (GrpcClientProtocolClient.java:onNext(255)) - client-CEF4D3493DC0->4ee04582-2825-4055-a051-0465d62eb5ca: receive RaftClientReply:client-CEF4D3493DC0->4ee04582-2825-4055-a051-0465d62eb5ca@group-78E0FE5F723E, cid=3297, SUCCESS, logIndex=0, commits[4ee04582-2825-4055-a051-0465d62eb5ca:c5032, 97f5b9f0-d9ef-40b5-ba79-7414923e623f:c5028, 7d686585-d831-45bc-93fc-0a553b604b0e:c5028]
2019-07-08 23:05:12,111 INFO  client.GrpcClientProtocolClient (GrpcClientProtocolClient.java:onNext(255)) - client-CEF4D3493DC0->4ee04582-2825-4055-a051-0465d62eb5ca: receive RaftClientReply:client-CEF4D3493DC0->4ee04582-2825-4055-a051-0465d62eb5ca@group-78E0FE5F723E, cid=3298, SUCCESS, logIndex=5035, commits[4ee04582-2825-4055-a051-0465d62eb5ca:c5036, 97f5b9f0-d9ef-40b5-ba79-7414923e623f:c5034, 7d686585-d831-45bc-93fc-0a553b604b0e:c5030]
2019-07-08 23:05:12,111 INFO  client.GrpcClientProtocolClient (GrpcClientProtocolClient.java:onNext(255)) - client-CEF4D3493DC0->4ee04582-2825-4055-a051-0465d62eb5ca: receive RaftClientReply:client-CEF4D3493DC0->4ee04582-2825-4055-a051-0465d62eb5ca@group-78E0FE5F723E, cid=3299, SUCCESS, logIndex=5036, commits[4ee04582-2825-4055-a051-0465d62eb5ca:c5036, 97f5b9f0-d9ef-40b5-ba79-7414923e623f:c5034, 7d686585-d831-45bc-93fc-0a553b604b0e:c5030]
2019-07-08 23:05:12,125 INFO  client.GrpcClientProtocolClient (GrpcClientProtocolClient.java:onNext(255)) - client-CEF4D3493DC0->4ee04582-2825-4055-a051-0465d62eb5ca: receive RaftClientReply:client-CEF4D3493DC0->4ee04582-2825-4055-a051-0465d62eb5ca@group-78E0FE5F723E, cid=3300, SUCCESS, logIndex=5039, commits[4ee04582-2825-4055-a051-0465d62eb5ca:c5040, 97f5b9f0-d9ef-40b5-ba79-7414923e623f:c5038, 7d686585-d831-45bc-93fc-0a553b604b0e:c5038]
2019-07-08 23:05:12,125 INFO  client.GrpcClientProtocolClient (GrpcClientProtocolClient.java:onNext(255)) - client-CEF4D3493DC0->4ee04582-2825-4055-a051-0465d62eb5ca: receive RaftClientReply:client-CEF4D3493DC0->4ee04582-2825-4055-a051-0465d62eb5ca@group-78E0FE5F723E, cid=3301, SUCCESS, logIndex=5040, commits[4ee04582-2825-4055-a051-0465d62eb5ca:c5040, 97f5b9f0-d9ef-40b5-ba79-7414923e623f:c5038, 7d686585-d831-45bc-93fc-0a553b604b0e:c5038]
2019-07-08 23:05:12,132 INFO  client.GrpcClientProtocolClient (GrpcClientProtocolClient.java:onNext(255)) - client-CEF4D3493DC0->4ee04582-2825-4055-a051-0465d62eb5ca: receive RaftClientReply:client-CEF4D3493DC0->4ee04582-2825-4055-a051-0465d62eb5ca@group-78E0FE5F723E, cid=3302, SUCCESS, logIndex=0, commits[4ee04582-2825-4055-a051-0465d62eb5ca:c5042, 97f5b9f0-d9ef-40b5-ba79-7414923e623f:c5040, 7d686585-d831-45bc-93fc-0a553b604b0e:c5040]
2019-07-08 23:05:12,155 INFO  client.GrpcClientProtocolClient (GrpcClientProtocolClient.java:onNext(255)) - client-CEF4D3493DC0->4ee04582-2825-4055-a051-0465d62eb5ca: receive RaftClientReply:client-CEF4D3493DC0->4ee04582-2825-4055-a051-0465d62eb5ca@group-78E0FE5F723E, cid=3303, SUCCESS, logIndex=5043, commits[4ee04582-2825-4055-a051-0465d62eb5ca:c5044, 97f5b9f0-d9ef-40b5-ba79-7414923e623f:c5042, 7d686585-d831-45bc-93fc-0a553b604b0e:c5042]
2019-07-08 23:05:12,155 INFO  client.GrpcClientProtocolClient (GrpcClientProtocolClient.java:onNext(255)) - client-CEF4D3493DC0->4ee04582-2825-4055-a051-0465d62eb5ca: receive RaftClientReply:client-CEF4D3493DC0->4ee04582-2825-4055-a051-0465d62eb5ca@group-78E0FE5F723E, cid=3304, SUCCESS, logIndex=5044, commits[4ee04582-2825-4055-a051-0465d62eb5ca:c5044, 97f5b9f0-d9ef-40b5-ba79-7414923e623f:c5042, 7d686585-d831-45bc-93fc-0a553b604b0e:c5042]
2019-07-08 23:05:12,156 INFO  client.GrpcClientProtocolClient (GrpcClientProtocolClient.java:onNext(255)) - client-CEF4D3493DC0->4ee04582-2825-4055-a051-0465d62eb5ca: receive RaftClientReply:client-CEF4D3493DC0->4ee04582-2825-4055-a051-0465d62eb5ca@group-78E0FE5F723E, cid=3305, SUCCESS, logIndex=5045, commits[4ee04582-2825-4055-a051-0465d62eb5ca:c5046, 97f5b9f0-d9ef-40b5-ba79-7414923e623f:c5042, 7d686585-d831-45bc-93fc-0a553b604b0e:c5042]
2019-07-08 23:05:12,156 INFO  client.GrpcClientProtocolClient (GrpcClientProtocolClient.java:onNext(255)) - client-CEF4D3493DC0->4ee04582-2825-4055-a051-0465d62eb5ca: receive RaftClientReply:client-CEF4D3493DC0->4ee04582-2825-4055-a051-0465d62eb5ca@group-78E0FE5F723E, cid=3306, SUCCESS, logIndex=5046, commits[4ee04582-2825-4055-a051-0465d62eb5ca:c5046, 97f5b9f0-d9ef-40b5-ba79-7414923e623f:c5042, 7d686585-d831-45bc-93fc-0a553b604b0e:c5042]
2019-07-08 23:05:12,160 INFO  client.GrpcClientProtocolClient (GrpcClientProtocolClient.java:onNext(255)) - client-CEF4D3493DC0->4ee04582-2825-4055-a051-0465d62eb5ca: receive RaftClientReply:client-CEF4D3493DC0->4ee04582-2825-4055-a051-0465d62eb5ca@group-78E0FE5F723E, cid=3307, SUCCESS, logIndex=0, commits[4ee04582-2825-4055-a051-0465d62eb5ca:c5048, 97f5b9f0-d9ef-40b5-ba79-7414923e623f:c5044, 7d686585-d831-45bc-93fc-0a553b604b0e:c5044]
2019-07-08 23:05:12,171 INFO  client.GrpcClientProtocolClient (GrpcClientProtocolClient.java:onNext(255)) - client-CEF4D3493DC0->4ee04582-2825-4055-a051-0465d62eb5ca: receive RaftClientReply:client-CEF4D3493DC0->4ee04582-2825-4055-a051-0465d62eb5ca@group-78E0FE5F723E, cid=3308, SUCCESS, logIndex=5051, commits[4ee04582-2825-4055-a051-0465d62eb5ca:c5052, 97f5b9f0-d9ef-40b5-ba79-7414923e623f:c5046, 7d686585-d831-45bc-93fc-0a553b604b0e:c5050]
2019-07-08 23:05:12,171 INFO  client.GrpcClientProtocolClient (GrpcClientProtocolClient.java:onNext(255)) - client-CEF4D3493DC0->4ee04582-2825-4055-a051-0465d62eb5ca: receive RaftClientReply:client-CEF4D3493DC0->4ee04582-2825-4055-a051-0465d62eb5ca@group-78E0FE5F723E, cid=3309, SUCCESS, logIndex=5052, commits[4ee04582-2825-4055-a051-0465d62eb5ca:c5052, 97f5b9f0-d9ef-40b5-ba79-7414923e623f:c5050, 7d686585-d831-45bc-93fc-0a553b604b0e:c5050]
2019-07-08 23:05:12,181 INFO  client.GrpcClientProtocolClient (GrpcClientProtocolClient.java:onNext(255)) - client-CEF4D3493DC0->4ee04582-2825-4055-a051-0465d62eb5ca: receive RaftClientReply:client-CEF4D3493DC0->4ee04582-2825-4055-a051-0465d62eb5ca@group-78E0FE5F723E, cid=3310, SUCCESS, logIndex=5055, commits[4ee04582-2825-4055-a051-0465d62eb5ca:c5056, 97f5b9f0-d9ef-40b5-ba79-7414923e623f:c5054, 7d686585-d831-45bc-93fc-0a553b604b0e:c5052]
2019-07-08 23:05:12,182 INFO  client.GrpcClientProtocolClient (GrpcClientProtocolClient.java:onNext(255)) - client-CEF4D3493DC0->4ee04582-2825-4055-a051-0465d62eb5ca: receive RaftClientReply:client-CEF4D3493DC0->4ee04582-2825-4055-a051-0465d62eb5ca@group-78E0FE5F723E, cid=3311, SUCCESS, logIndex=5056, commits[4ee04582-2825-4055-a051-0465d62eb5ca:c5056, 97f5b9f0-d9ef-40b5-ba79-7414923e623f:c5054, 7d686585-d831-45bc-93fc-0a553b604b0e:c5054]
2019-07-08 23:05:12,187 INFO  client.GrpcClientProtocolClient (GrpcClientProtocolClient.java:onNext(255)) - client-CEF4D3493DC0->4ee04582-2825-4055-a051-0465d62eb5ca: receive RaftClientReply:client-CEF4D3493DC0->4ee04582-2825-4055-a051-0465d62eb5ca@group-78E0FE5F723E, cid=3312, SUCCESS, logIndex=0, commits[4ee04582-2825-4055-a051-0465d62eb5ca:c5057, 97f5b9f0-d9ef-40b5-ba79-7414923e623f:c5056, 7d686585-d831-45bc-93fc-0a553b604b0e:c5056]
2019-07-08 23:05:12,212 INFO  client.GrpcClientProtocolClient (GrpcClientProtocolClient.java:onNext(255)) - client-CEF4D3493DC0->4ee04582-2825-4055-a051-0465d62eb5ca: receive RaftClientReply:client-CEF4D3493DC0->4ee04582-2825-4055-a051-0465d62eb5ca@group-78E0FE5F723E, cid=3313, SUCCESS, logIndex=5059, commits[4ee04582-2825-4055-a051-0465d62eb5ca:c5060, 97f5b9f0-d9ef-40b5-ba79-7414923e623f:c5058, 7d686585-d831-45bc-93fc-0a553b604b0e:c5058]
2019-07-08 23:05:12,213 INFO  client.GrpcClientProtocolClient (GrpcClientProtocolClient.java:onNext(255)) - client-CEF4D3493DC0->4ee04582-2825-4055-a051-0465d62eb5ca: receive RaftClientReply:client-CEF4D3493DC0->4ee04582-2825-4055-a051-0465d62eb5ca@group-78E0FE5F723E, cid=3314, SUCCESS, logIndex=5060, commits[4ee04582-2825-4055-a051-0465d62eb5ca:c5060, 97f5b9f0-d9ef-40b5-ba79-7414923e623f:c5058, 7d686585-d831-45bc-93fc-0a553b604b0e:c5058]
2019-07-08 23:05:12,220 INFO  client.GrpcClientProtocolClient (GrpcClientProtocolClient.java:onNext(255)) - client-CEF4D3493DC0->4ee04582-2825-4055-a051-0465d62eb5ca: receive RaftClientReply:client-CEF4D3493DC0->4ee04582-2825-4055-a051-0465d62eb5ca@group-78E0FE5F723E, cid=3315, SUCCESS, logIndex=5061, commits[4ee04582-2825-4055-a051-0465d62eb5ca:c5062, 97f5b9f0-d9ef-40b5-ba79-7414923e623f:c5058, 7d686585-d831-45bc-93fc-0a553b604b0e:c5058]
2019-07-08 23:05:12,220 INFO  client.GrpcClientProtocolClient (GrpcClientProtocolClient.java:onNext(255)) - client-CEF4D3493DC0->4ee04582-2825-4055-a051-0465d62eb5ca: receive RaftClientReply:client-CEF4D3493DC0->4ee04582-2825-4055-a051-0465d62eb5ca@group-78E0FE5F723E, cid=3316, SUCCESS, logIndex=5062, commits[4ee04582-2825-4055-a051-0465d62eb5ca:c5064, 97f5b9f0-d9ef-40b5-ba79-7414923e623f:c5060, 7d686585-d831-45bc-93fc-0a553b604b0e:c5058]
2019-07-08 23:05:12,221 INFO  client.GrpcClientProtocolClient (GrpcClientProtocolClient.java:onNext(255)) - client-CEF4D3493DC0->4ee04582-2825-4055-a051-0465d62eb5ca: receive RaftClientReply:client-CEF4D3493DC0->4ee04582-2825-4055-a051-0465d62eb5ca@group-78E0FE5F723E, cid=3317, SUCCESS, logIndex=0, commits[4ee04582-2825-4055-a051-0465d62eb5ca:c5064, 97f5b9f0-d9ef-40b5-ba79-7414923e623f:c5060, 7d686585-d831-45bc-93fc-0a553b604b0e:c5060]
2019-07-08 23:05:12,235 INFO  client.GrpcClientProtocolClient (GrpcClientProtocolClient.java:onNext(255)) - client-CEF4D3493DC0->4ee04582-2825-4055-a051-0465d62eb5ca: receive RaftClientReply:client-CEF4D3493DC0->4ee04582-2825-4055-a051-0465d62eb5ca@group-78E0FE5F723E, cid=3318, SUCCESS, logIndex=5067, commits[4ee04582-2825-4055-a051-0465d62eb5ca:c5068, 97f5b9f0-d9ef-40b5-ba79-7414923e623f:c5064, 7d686585-d831-45bc-93fc-0a553b604b0e:c5064]
2019-07-08 23:05:12,235 INFO  client.GrpcClientProtocolClient (GrpcClientProtocolClient.java:onNext(255)) - client-CEF4D3493DC0->4ee04582-2825-4055-a051-0465d62eb5ca: receive RaftClientReply:client-CEF4D3493DC0->4ee04582-2825-4055-a051-0465d62eb5ca@group-78E0FE5F723E, cid=3319, SUCCESS, logIndex=5068, commits[4ee04582-2825-4055-a051-0465d62eb5ca:c5068, 97f5b9f0-d9ef-40b5-ba79-7414923e623f:c5064, 7d686585-d831-45bc-93fc-0a553b604b0e:c5064]
2019-07-08 23:05:12,245 INFO  client.GrpcClientProtocolClient (GrpcClientProtocolClient.java:onNext(255)) - client-CEF4D3493DC0->4ee04582-2825-4055-a051-0465d62eb5ca: receive RaftClientReply:client-CEF4D3493DC0->4ee04582-2825-4055-a051-0465d62eb5ca@group-78E0FE5F723E, cid=3320, SUCCESS, logIndex=5071, commits[4ee04582-2825-4055-a051-0465d62eb5ca:c5072, 97f5b9f0-d9ef-40b5-ba79-7414923e623f:c5069, 7d686585-d831-45bc-93fc-0a553b604b0e:c5068]
2019-07-08 23:05:12,246 INFO  client.GrpcClientProtocolClient (GrpcClientProtocolClient.java:onNext(255)) - client-CEF4D3493DC0->4ee04582-2825-4055-a051-0465d62eb5ca: receive RaftClientReply:client-CEF4D3493DC0->4ee04582-2825-4055-a051-0465d62eb5ca@group-78E0FE5F723E, cid=3321, SUCCESS, logIndex=5072, commits[4ee04582-2825-4055-a051-0465d62eb5ca:c5072, 97f5b9f0-d9ef-40b5-ba79-7414923e623f:c5069, 7d686585-d831-45bc-93fc-0a553b604b0e:c5069]
2019-07-08 23:05:12,252 INFO  client.GrpcClientProtocolClient (GrpcClientProtocolClient.java:onNext(255)) - client-CEF4D3493DC0->4ee04582-2825-4055-a051-0465d62eb5ca: receive RaftClientReply:client-CEF4D3493DC0->4ee04582-2825-4055-a051-0465d62eb5ca@group-78E0FE5F723E, cid=3322, SUCCESS, logIndex=0, commits[4ee04582-2825-4055-a051-0465d62eb5ca:c5073, 97f5b9f0-d9ef-40b5-ba79-7414923e623f:c5072, 7d686585-d831-45bc-93fc-0a553b604b0e:c5072]
2019-07-08 23:05:12,272 INFO  client.GrpcClientProtocolClient (GrpcClientProtocolClient.java:onNext(255)) - client-CEF4D3493DC0->4ee04582-2825-4055-a051-0465d62eb5ca: receive RaftClientReply:client-CEF4D3493DC0->4ee04582-2825-4055-a051-0465d62eb5ca@group-78E0FE5F723E, cid=3323, SUCCESS, logIndex=5075, commits[4ee04582-2825-4055-a051-0465d62eb5ca:c5076, 97f5b9f0-d9ef-40b5-ba79-7414923e623f:c5072, 7d686585-d831-45bc-93fc-0a553b604b0e:c5074]
2019-07-08 23:05:12,273 INFO  client.GrpcClientProtocolClient (GrpcClientProtocolClient.java:onNext(255)) - client-CEF4D3493DC0->4ee04582-2825-4055-a051-0465d62eb5ca: receive RaftClientReply:client-CEF4D3493DC0->4ee04582-2825-4055-a051-0465d62eb5ca@group-78E0FE5F723E, cid=3324, SUCCESS, logIndex=5076, commits[4ee04582-2825-4055-a051-0465d62eb5ca:c5076, 97f5b9f0-d9ef-40b5-ba79-7414923e623f:c5072, 7d686585-d831-45bc-93fc-0a553b604b0e:c5074]
2019-07-08 23:05:12,274 INFO  client.GrpcClientProtocolClient (GrpcClientProtocolClient.java:onNext(255)) - client-CEF4D3493DC0->4ee04582-2825-4055-a051-0465d62eb5ca: receive RaftClientReply:client-CEF4D3493DC0->4ee04582-2825-4055-a051-0465d62eb5ca@group-78E0FE5F723E, cid=3325, SUCCESS, logIndex=5077, commits[4ee04582-2825-4055-a051-0465d62eb5ca:c5079, 97f5b9f0-d9ef-40b5-ba79-7414923e623f:c5072, 7d686585-d831-45bc-93fc-0a553b604b0e:c5076]
2019-07-08 23:05:12,275 INFO  client.GrpcClientProtocolClient (GrpcClientProtocolClient.java:onNext(255)) - client-CEF4D3493DC0->4ee04582-2825-4055-a051-0465d62eb5ca: receive RaftClientReply:client-CEF4D3493DC0->4ee04582-2825-4055-a051-0465d62eb5ca@group-78E0FE5F723E, cid=3326, SUCCESS, logIndex=5078, commits[4ee04582-2825-4055-a051-0465d62eb5ca:c5080, 97f5b9f0-d9ef-40b5-ba79-7414923e623f:c5072, 7d686585-d831-45bc-93fc-0a553b604b0e:c5076]
2019-07-08 23:05:12,275 INFO  client.GrpcClientProtocolClient (GrpcClientProtocolClient.java:onNext(255)) - client-CEF4D3493DC0->4ee04582-2825-4055-a051-0465d62eb5ca: receive RaftClientReply:client-CEF4D3493DC0->4ee04582-2825-4055-a051-0465d62eb5ca@group-78E0FE5F723E, cid=3327, SUCCESS, logIndex=0, commits[4ee04582-2825-4055-a051-0465d62eb5ca:c5080, 97f5b9f0-d9ef-40b5-ba79-7414923e623f:c5076, 7d686585-d831-45bc-93fc-0a553b604b0e:c5076]
2019-07-08 23:05:12,285 INFO  client.GrpcClientProtocolClient (GrpcClientProtocolClient.java:onNext(255)) - client-CEF4D3493DC0->4ee04582-2825-4055-a051-0465d62eb5ca: receive RaftClientReply:client-CEF4D3493DC0->4ee04582-2825-4055-a051-0465d62eb5ca@group-78E0FE5F723E, cid=3328, SUCCESS, logIndex=5083, commits[4ee04582-2825-4055-a051-0465d62eb5ca:c5084, 97f5b9f0-d9ef-40b5-ba79-7414923e623f:c5082, 7d686585-d831-45bc-93fc-0a553b604b0e:c5082]
2019-07-08 23:05:12,285 INFO  client.GrpcClientProtocolClient (GrpcClientProtocolClient.java:onNext(255)) - client-CEF4D3493DC0->4ee04582-2825-4055-a051-0465d62eb5ca: receive RaftClientReply:client-CEF4D3493DC0->4ee04582-2825-4055-a051-0465d62eb5ca@group-78E0FE5F723E, cid=3329, SUCCESS, logIndex=5084, commits[4ee04582-2825-4055-a051-0465d62eb5ca:c5084, 97f5b9f0-d9ef-40b5-ba79-7414923e623f:c5082, 7d686585-d831-45bc-93fc-0a553b604b0e:c5082]
2019-07-08 23:05:12,295 INFO  client.GrpcClientProtocolClient (GrpcClientProtocolClient.java:onNext(255)) - client-CEF4D3493DC0->4ee04582-2825-4055-a051-0465d62eb5ca: receive RaftClientReply:client-CEF4D3493DC0->4ee04582-2825-4055-a051-0465d62eb5ca@group-78E0FE5F723E, cid=3330, SUCCESS, logIndex=5087, commits[4ee04582-2825-4055-a051-0465d62eb5ca:c5088, 97f5b9f0-d9ef-40b5-ba79-7414923e623f:c5085, 7d686585-d831-45bc-93fc-0a553b604b0e:c5084]
2019-07-08 23:05:12,296 INFO  client.GrpcClientProtocolClient (GrpcClientProtocolClient.java:onNext(255)) - client-CEF4D3493DC0->4ee04582-2825-4055-a051-0465d62eb5ca: receive RaftClientReply:client-CEF4D3493DC0->4ee04582-2825-4055-a051-0465d62eb5ca@group-78E0FE5F723E, cid=3331, SUCCESS, logIndex=5088, commits[4ee04582-2825-4055-a051-0465d62eb5ca:c5088, 97f5b9f0-d9ef-40b5-ba79-7414923e623f:c5085, 7d686585-d831-45bc-93fc-0a553b604b0e:c5085]
2019-07-08 23:05:12,299 INFO  client.GrpcClientProtocolClient (GrpcClientProtocolClient.java:onNext(255)) - client-CEF4D3493DC0->4ee04582-2825-4055-a051-0465d62eb5ca: receive RaftClientReply:client-CEF4D3493DC0->4ee04582-2825-4055-a051-0465d62eb5ca@group-78E0FE5F723E, cid=3332, SUCCESS, logIndex=0, commits[4ee04582-2825-4055-a051-0465d62eb5ca:c5089, 97f5b9f0-d9ef-40b5-ba79-7414923e623f:c5088, 7d686585-d831-45bc-93fc-0a553b604b0e:c5088]
2019-07-08 23:05:12,320 INFO  client.GrpcClientProtocolClient (GrpcClientProtocolClient.java:onNext(255)) - client-CEF4D3493DC0->4ee04582-2825-4055-a051-0465d62eb5ca: receive RaftClientReply:client-CEF4D3493DC0->4ee04582-2825-4055-a051-0465d62eb5ca@group-78E0FE5F723E, cid=3333, SUCCESS, logIndex=5091, commits[4ee04582-2825-4055-a051-0465d62eb5ca:c5092, 97f5b9f0-d9ef-40b5-ba79-7414923e623f:c5090, 7d686585-d831-45bc-93fc-0a553b604b0e:c5090]
2019-07-08 23:05:12,321 INFO  client.GrpcClientProtocolClient (GrpcClientProtocolClient.java:onNext(255)) - client-CEF4D3493DC0->4ee04582-2825-4055-a051-0465d62eb5ca: receive RaftClientReply:client-CEF4D3493DC0->4ee04582-2825-4055-a051-0465d62eb5ca@group-78E0FE5F723E, cid=3334, SUCCESS, logIndex=5092, commits[4ee04582-2825-4055-a051-0465d62eb5ca:c5092, 97f5b9f0-d9ef-40b5-ba79-7414923e623f:c5090, 7d686585-d831-45bc-93fc-0a553b604b0e:c5090]
2019-07-08 23:05:12,321 INFO  client.GrpcClientProtocolClient (GrpcClientProtocolClient.java:onNext(255)) - client-CEF4D3493DC0->4ee04582-2825-4055-a051-0465d62eb5ca: receive RaftClientReply:client-CEF4D3493DC0->4ee04582-2825-4055-a051-0465d62eb5ca@group-78E0FE5F723E, cid=3335, SUCCESS, logIndex=5093, commits[4ee04582-2825-4055-a051-0465d62eb5ca:c5094, 97f5b9f0-d9ef-40b5-ba79-7414923e623f:c5090, 7d686585-d831-45bc-93fc-0a553b604b0e:c5090]
2019-07-08 23:05:12,322 INFO  client.GrpcClientProtocolClient (GrpcClientProtocolClient.java:onNext(255)) - client-CEF4D3493DC0->4ee04582-2825-4055-a051-0465d62eb5ca: receive RaftClientReply:client-CEF4D3493DC0->4ee04582-2825-4055-a051-0465d62eb5ca@group-78E0FE5F723E, cid=3336, SUCCESS, logIndex=5094, commits[4ee04582-2825-4055-a051-0465d62eb5ca:c5094, 97f5b9f0-d9ef-40b5-ba79-7414923e623f:c5090, 7d686585-d831-45bc-93fc-0a553b604b0e:c5090]
2019-07-08 23:05:12,327 INFO  client.GrpcClientProtocolClient (GrpcClientProtocolClient.java:onNext(255)) - client-CEF4D3493DC0->4ee04582-2825-4055-a051-0465d62eb5ca: receive RaftClientReply:client-CEF4D3493DC0->4ee04582-2825-4055-a051-0465d62eb5ca@group-78E0FE5F723E, cid=3337, SUCCESS, logIndex=0, commits[4ee04582-2825-4055-a051-0465d62eb5ca:c5096, 97f5b9f0-d9ef-40b5-ba79-7414923e623f:c5092, 7d686585-d831-45bc-93fc-0a553b604b0e:c5092]
2019-07-08 23:05:12,337 INFO  client.GrpcClientProtocolClient (GrpcClientProtocolClient.java:onNext(255)) - client-CEF4D3493DC0->4ee04582-2825-4055-a051-0465d62eb5ca: receive RaftClientReply:client-CEF4D3493DC0->4ee04582-2825-4055-a051-0465d62eb5ca@group-78E0FE5F723E, cid=3338, SUCCESS, logIndex=5099, commits[4ee04582-2825-4055-a051-0465d62eb5ca:c5100, 97f5b9f0-d9ef-40b5-ba79-7414923e623f:c5098, 7d686585-d831-45bc-93fc-0a553b604b0e:c5094]
2019-07-08 23:05:12,337 INFO  client.GrpcClientProtocolClient (GrpcClientProtocolClient.java:onNext(255)) - client-CEF4D3493DC0->4ee04582-2825-4055-a051-0465d62eb5ca: receive RaftClientReply:client-CEF4D3493DC0->4ee04582-2825-4055-a051-0465d62eb5ca@group-78E0FE5F723E, cid=3339, SUCCESS, logIndex=5100, commits[4ee04582-2825-4055-a051-0465d62eb5ca:c5100, 97f5b9f0-d9ef-40b5-ba79-7414923e623f:c5098, 7d686585-d831-45bc-93fc-0a553b604b0e:c5098]
2019-07-08 23:05:12,356 INFO  client.GrpcClientProtocolClient (GrpcClientProtocolClient.java:onNext(255)) - client-CEF4D3493DC0->4ee04582-2825-4055-a051-0465d62eb5ca: receive RaftClientReply:client-CEF4D3493DC0->4ee04582-2825-4055-a051-0465d62eb5ca@group-78E0FE5F723E, cid=3340, SUCCESS, logIndex=5103, commits[4ee04582-2825-4055-a051-0465d62eb5ca:c5104, 97f5b9f0-d9ef-40b5-ba79-7414923e623f:c5100, 7d686585-d831-45bc-93fc-0a553b604b0e:c5102]
2019-07-08 23:05:12,356 INFO  client.GrpcClientProtocolClient (GrpcClientProtocolClient.java:onNext(255)) - client-CEF4D3493DC0->4ee04582-2825-4055-a051-0465d62eb5ca: receive RaftClientReply:client-CEF4D3493DC0->4ee04582-2825-4055-a051-0465d62eb5ca@group-78E0FE5F723E, cid=3341, SUCCESS, logIndex=5104, commits[4ee04582-2825-4055-a051-0465d62eb5ca:c5104, 97f5b9f0-d9ef-40b5-ba79-7414923e623f:c5102, 7d686585-d831-45bc-93fc-0a553b604b0e:c5102]
2019-07-08 23:05:12,361 INFO  client.GrpcClientProtocolClient (GrpcClientProtocolClient.java:onNext(255)) - client-CEF4D3493DC0->4ee04582-2825-4055-a051-0465d62eb5ca: receive RaftClientReply:client-CEF4D3493DC0->4ee04582-2825-4055-a051-0465d62eb5ca@group-78E0FE5F723E, cid=3342, SUCCESS, logIndex=0, commits[4ee04582-2825-4055-a051-0465d62eb5ca:c5105, 97f5b9f0-d9ef-40b5-ba79-7414923e623f:c5104, 7d686585-d831-45bc-93fc-0a553b604b0e:c5104]
2019-07-08 23:05:12,388 INFO  client.GrpcClientProtocolClient (GrpcClientProtocolClient.java:onNext(255)) - client-CEF4D3493DC0->4ee04582-2825-4055-a051-0465d62eb5ca: receive RaftClientReply:client-CEF4D3493DC0->4ee04582-2825-4055-a051-0465d62eb5ca@group-78E0FE5F723E, cid=3343, SUCCESS, logIndex=5107, commits[4ee04582-2825-4055-a051-0465d62eb5ca:c5108, 97f5b9f0-d9ef-40b5-ba79-7414923e623f:c5106, 7d686585-d831-45bc-93fc-0a553b604b0e:c5104]
2019-07-08 23:05:12,389 INFO  client.GrpcClientProtocolClient (GrpcClientProtocolClient.java:onNext(255)) - client-CEF4D3493DC0->4ee04582-2825-4055-a051-0465d62eb5ca: receive RaftClientReply:client-CEF4D3493DC0->4ee04582-2825-4055-a051-0465d62eb5ca@group-78E0FE5F723E, cid=3344, SUCCESS, logIndex=5108, commits[4ee04582-2825-4055-a051-0465d62eb5ca:c5108, 97f5b9f0-d9ef-40b5-ba79-7414923e623f:c5106, 7d686585-d831-45bc-93fc-0a553b604b0e:c5106]
2019-07-08 23:05:12,389 INFO  client.GrpcClientProtocolClient (GrpcClientProtocolClient.java:onNext(255)) - client-CEF4D3493DC0->4ee04582-2825-4055-a051-0465d62eb5ca: receive RaftClientReply:client-CEF4D3493DC0->4ee04582-2825-4055-a051-0465d62eb5ca@group-78E0FE5F723E, cid=3345, SUCCESS, logIndex=5109, commits[4ee04582-2825-4055-a051-0465d62eb5ca:c5110, 97f5b9f0-d9ef-40b5-ba79-7414923e623f:c5106, 7d686585-d831-45bc-93fc-0a553b604b0e:c5106]
2019-07-08 23:05:12,389 INFO  client.GrpcClientProtocolClient (GrpcClientProtocolClient.java:onNext(255)) - client-CEF4D3493DC0->4ee04582-2825-4055-a051-0465d62eb5ca: receive RaftClientReply:client-CEF4D3493DC0->4ee04582-2825-4055-a051-0465d62eb5ca@group-78E0FE5F723E, cid=3346, SUCCESS, logIndex=5110, commits[4ee04582-2825-4055-a051-0465d62eb5ca:c5110, 97f5b9f0-d9ef-40b5-ba79-7414923e623f:c5106, 7d686585-d831-45bc-93fc-0a553b604b0e:c5106]
2019-07-08 23:05:12,394 INFO  client.GrpcClientProtocolClient (GrpcClientProtocolClient.java:onNext(255)) - client-CEF4D3493DC0->4ee04582-2825-4055-a051-0465d62eb5ca: receive RaftClientReply:client-CEF4D3493DC0->4ee04582-2825-4055-a051-0465d62eb5ca@group-78E0FE5F723E, cid=3347, SUCCESS, logIndex=0, commits[4ee04582-2825-4055-a051-0465d62eb5ca:c5112, 97f5b9f0-d9ef-40b5-ba79-7414923e623f:c5108, 7d686585-d831-45bc-93fc-0a553b604b0e:c5108]
2019-07-08 23:05:12,406 INFO  client.GrpcClientProtocolClient (GrpcClientProtocolClient.java:onNext(255)) - client-CEF4D3493DC0->4ee04582-2825-4055-a051-0465d62eb5ca: receive RaftClientReply:client-CEF4D3493DC0->4ee04582-2825-4055-a051-0465d62eb5ca@group-78E0FE5F723E, cid=3348, SUCCESS, logIndex=5114, commits[4ee04582-2825-4055-a051-0465d62eb5ca:c5115, 97f5b9f0-d9ef-40b5-ba79-7414923e623f:c5110, 7d686585-d831-45bc-93fc-0a553b604b0e:c5113]
2019-07-08 23:05:12,406 INFO  client.GrpcClientProtocolClient (GrpcClientProtocolClient.java:onNext(255)) - client-CEF4D3493DC0->4ee04582-2825-4055-a051-0465d62eb5ca: receive RaftClientReply:client-CEF4D3493DC0->4ee04582-2825-4055-a051-0465d62eb5ca@group-78E0FE5F723E, cid=3349, SUCCESS, logIndex=5115, commits[4ee04582-2825-4055-a051-0465d62eb5ca:c5115, 97f5b9f0-d9ef-40b5-ba79-7414923e623f:c5113, 7d686585-d831-45bc-93fc-0a553b604b0e:c5113]
2019-07-08 23:05:12,419 INFO  client.GrpcClientProtocolClient (GrpcClientProtocolClient.java:onNext(255)) - client-CEF4D3493DC0->4ee04582-2825-4055-a051-0465d62eb5ca: receive RaftClientReply:client-CEF4D3493DC0->4ee04582-2825-4055-a051-0465d62eb5ca@group-78E0FE5F723E, cid=3350, SUCCESS, logIndex=5117, commits[4ee04582-2825-4055-a051-0465d62eb5ca:c5118, 97f5b9f0-d9ef-40b5-ba79-7414923e623f:c5115, 7d686585-d831-45bc-93fc-0a553b604b0e:c5116]
2019-07-08 23:05:12,420 INFO  client.GrpcClientProtocolClient (GrpcClientProtocolClient.java:onNext(255)) - client-CEF4D3493DC0->4ee04582-2825-4055-a051-0465d62eb5ca: receive RaftClientReply:client-CEF4D3493DC0->4ee04582-2825-4055-a051-0465d62eb5ca@group-78E0FE5F723E, cid=3351, SUCCESS, logIndex=5118, commits[4ee04582-2825-4055-a051-0465d62eb5ca:c5118, 97f5b9f0-d9ef-40b5-ba79-7414923e623f:c5115, 7d686585-d831-45bc-93fc-0a553b604b0e:c5116]
2019-07-08 23:05:12,426 INFO  client.GrpcClientProtocolClient (GrpcClientProtocolClient.java:onNext(255)) - client-CEF4D3493DC0->4ee04582-2825-4055-a051-0465d62eb5ca: receive RaftClientReply:client-CEF4D3493DC0->4ee04582-2825-4055-a051-0465d62eb5ca@group-78E0FE5F723E, cid=3352, SUCCESS, logIndex=0, commits[4ee04582-2825-4055-a051-0465d62eb5ca:c5119, 97f5b9f0-d9ef-40b5-ba79-7414923e623f:c5118, 7d686585-d831-45bc-93fc-0a553b604b0e:c5118]
2019-07-08 23:05:12,453 INFO  client.GrpcClientProtocolClient (GrpcClientProtocolClient.java:onNext(255)) - client-CEF4D3493DC0->4ee04582-2825-4055-a051-0465d62eb5ca: receive RaftClientReply:client-CEF4D3493DC0->4ee04582-2825-4055-a051-0465d62eb5ca@group-78E0FE5F723E, cid=3353, SUCCESS, logIndex=5121, commits[4ee04582-2825-4055-a051-0465d62eb5ca:c5122, 97f5b9f0-d9ef-40b5-ba79-7414923e623f:c5120, 7d686585-d831-45bc-93fc-0a553b604b0e:c5118]
2019-07-08 23:05:12,453 INFO  client.GrpcClientProtocolClient (GrpcClientProtocolClient.java:onNext(255)) - client-CEF4D3493DC0->4ee04582-2825-4055-a051-0465d62eb5ca: receive RaftClientReply:client-CEF4D3493DC0->4ee04582-2825-4055-a051-0465d62eb5ca@group-78E0FE5F723E, cid=3354, SUCCESS, logIndex=5122, commits[4ee04582-2825-4055-a051-0465d62eb5ca:c5122, 97f5b9f0-d9ef-40b5-ba79-7414923e623f:c5120, 7d686585-d831-45bc-93fc-0a553b604b0e:c5118]
2019-07-08 23:05:12,456 INFO  client.GrpcClientProtocolClient (GrpcClientProtocolClient.java:onNext(255)) - client-CEF4D3493DC0->4ee04582-2825-4055-a051-0465d62eb5ca: receive RaftClientReply:client-CEF4D3493DC0->4ee04582-2825-4055-a051-0465d62eb5ca@group-78E0FE5F723E, cid=3355, SUCCESS, logIndex=5123, commits[4ee04582-2825-4055-a051-0465d62eb5ca:c5124, 97f5b9f0-d9ef-40b5-ba79-7414923e623f:c5122, 7d686585-d831-45bc-93fc-0a553b604b0e:c5120]
2019-07-08 23:05:12,456 INFO  client.GrpcClientProtocolClient (GrpcClientProtocolClient.java:onNext(255)) - client-CEF4D3493DC0->4ee04582-2825-4055-a051-0465d62eb5ca: receive RaftClientReply:client-CEF4D3493DC0->4ee04582-2825-4055-a051-0465d62eb5ca@group-78E0FE5F723E, cid=3356, SUCCESS, logIndex=5124, commits[4ee04582-2825-4055-a051-0465d62eb5ca:c5125, 97f5b9f0-d9ef-40b5-ba79-7414923e623f:c5122, 7d686585-d831-45bc-93fc-0a553b604b0e:c5120]
2019-07-08 23:05:12,457 INFO  client.GrpcClientProtocolClient (GrpcClientProtocolClient.java:onNext(255)) - client-CEF4D3493DC0->4ee04582-2825-4055-a051-0465d62eb5ca: receive RaftClientReply:client-CEF4D3493DC0->4ee04582-2825-4055-a051-0465d62eb5ca@group-78E0FE5F723E, cid=3357, SUCCESS, logIndex=0, commits[4ee04582-2825-4055-a051-0465d62eb5ca:c5125, 97f5b9f0-d9ef-40b5-ba79-7414923e623f:c5122, 7d686585-d831-45bc-93fc-0a553b604b0e:c5122]
2019-07-08 23:05:12,470 INFO  client.GrpcClientProtocolClient (GrpcClientProtocolClient.java:onNext(255)) - client-CEF4D3493DC0->4ee04582-2825-4055-a051-0465d62eb5ca: receive RaftClientReply:client-CEF4D3493DC0->4ee04582-2825-4055-a051-0465d62eb5ca@group-78E0FE5F723E, cid=3358, SUCCESS, logIndex=5128, commits[4ee04582-2825-4055-a051-0465d62eb5ca:c5129, 97f5b9f0-d9ef-40b5-ba79-7414923e623f:c5127, 7d686585-d831-45bc-93fc-0a553b604b0e:c5127]
2019-07-08 23:05:12,471 INFO  client.GrpcClientProtocolClient (GrpcClientProtocolClient.java:onNext(255)) - client-CEF4D3493DC0->4ee04582-2825-4055-a051-0465d62eb5ca: receive RaftClientReply:client-CEF4D3493DC0->4ee04582-2825-4055-a051-0465d62eb5ca@group-78E0FE5F723E, cid=3359, SUCCESS, logIndex=5129, commits[4ee04582-2825-4055-a051-0465d62eb5ca:c5129, 97f5b9f0-d9ef-40b5-ba79-7414923e623f:c5127, 7d686585-d831-45bc-93fc-0a553b604b0e:c5127]
2019-07-08 23:05:12,483 INFO  client.GrpcClientProtocolClient (GrpcClientProtocolClient.java:onNext(255)) - client-CEF4D3493DC0->4ee04582-2825-4055-a051-0465d62eb5ca: receive RaftClientReply:client-CEF4D3493DC0->4ee04582-2825-4055-a051-0465d62eb5ca@group-78E0FE5F723E, cid=3360, SUCCESS, logIndex=5132, commits[4ee04582-2825-4055-a051-0465d62eb5ca:c5133, 97f5b9f0-d9ef-40b5-ba79-7414923e623f:c5131, 7d686585-d831-45bc-93fc-0a553b604b0e:c5129]
2019-07-08 23:05:12,484 INFO  client.GrpcClientProtocolClient (GrpcClientProtocolClient.java:onNext(255)) - client-CEF4D3493DC0->4ee04582-2825-4055-a051-0465d62eb5ca: receive RaftClientReply:client-CEF4D3493DC0->4ee04582-2825-4055-a051-0465d62eb5ca@group-78E0FE5F723E, cid=3361, SUCCESS, logIndex=5133, commits[4ee04582-2825-4055-a051-0465d62eb5ca:c5133, 97f5b9f0-d9ef-40b5-ba79-7414923e623f:c5131, 7d686585-d831-45bc-93fc-0a553b604b0e:c5131]
2019-07-08 23:05:12,485 INFO  client.GrpcClientProtocolClient (GrpcClientProtocolClient.java:onNext(255)) - client-CEF4D3493DC0->4ee04582-2825-4055-a051-0465d62eb5ca: receive RaftClientReply:client-CEF4D3493DC0->4ee04582-2825-4055-a051-0465d62eb5ca@group-78E0FE5F723E, cid=3362, SUCCESS, logIndex=0, commits[4ee04582-2825-4055-a051-0465d62eb5ca:c5134, 97f5b9f0-d9ef-40b5-ba79-7414923e623f:c5133, 7d686585-d831-45bc-93fc-0a553b604b0e:c5133]
2019-07-08 23:05:12,510 INFO  client.GrpcClientProtocolClient (GrpcClientProtocolClient.java:onNext(255)) - client-CEF4D3493DC0->4ee04582-2825-4055-a051-0465d62eb5ca: receive RaftClientReply:client-CEF4D3493DC0->4ee04582-2825-4055-a051-0465d62eb5ca@group-78E0FE5F723E, cid=3363, SUCCESS, logIndex=5136, commits[4ee04582-2825-4055-a051-0465d62eb5ca:c5137, 97f5b9f0-d9ef-40b5-ba79-7414923e623f:c5135, 7d686585-d831-45bc-93fc-0a553b604b0e:c5133]
2019-07-08 23:05:12,510 INFO  client.GrpcClientProtocolClient (GrpcClientProtocolClient.java:onNext(255)) - client-CEF4D3493DC0->4ee04582-2825-4055-a051-0465d62eb5ca: receive RaftClientReply:client-CEF4D3493DC0->4ee04582-2825-4055-a051-0465d62eb5ca@group-78E0FE5F723E, cid=3364, SUCCESS, logIndex=5137, commits[4ee04582-2825-4055-a051-0465d62eb5ca:c5137, 97f5b9f0-d9ef-40b5-ba79-7414923e623f:c5135, 7d686585-d831-45bc-93fc-0a553b604b0e:c5135]
2019-07-08 23:05:12,513 INFO  client.GrpcClientProtocolClient (GrpcClientProtocolClient.java:onNext(255)) - client-CEF4D3493DC0->4ee04582-2825-4055-a051-0465d62eb5ca: receive RaftClientReply:client-CEF4D3493DC0->4ee04582-2825-4055-a051-0465d62eb5ca@group-78E0FE5F723E, cid=3365, SUCCESS, logIndex=5138, commits[4ee04582-2825-4055-a051-0465d62eb5ca:c5139, 97f5b9f0-d9ef-40b5-ba79-7414923e623f:c5135, 7d686585-d831-45bc-93fc-0a553b604b0e:c5135]
2019-07-08 23:05:12,513 INFO  client.GrpcClientProtocolClient (GrpcClientProtocolClient.java:onNext(255)) - client-CEF4D3493DC0->4ee04582-2825-4055-a051-0465d62eb5ca: receive RaftClientReply:client-CEF4D3493DC0->4ee04582-2825-4055-a051-0465d62eb5ca@group-78E0FE5F723E, cid=3366, SUCCESS, logIndex=5139, commits[4ee04582-2825-4055-a051-0465d62eb5ca:c5141, 97f5b9f0-d9ef-40b5-ba79-7414923e623f:c5137, 7d686585-d831-45bc-93fc-0a553b604b0e:c5137]
2019-07-08 23:05:12,667 INFO  client.GrpcClientProtocolClient (GrpcClientProtocolClient.java:onNext(255)) - client-CEF4D3493DC0->4ee04582-2825-4055-a051-0465d62eb5ca: receive RaftClientReply:client-CEF4D3493DC0->4ee04582-2825-4055-a051-0465d62eb5ca@group-78E0FE5F723E, cid=3367, SUCCESS, logIndex=5144, commits[4ee04582-2825-4055-a051-0465d62eb5ca:c5145, 97f5b9f0-d9ef-40b5-ba79-7414923e623f:c5143, 7d686585-d831-45bc-93fc-0a553b604b0e:c5143]
2019-07-08 23:05:12,668 INFO  client.GrpcClientProtocolClient (GrpcClientProtocolClient.java:onNext(255)) - client-CEF4D3493DC0->4ee04582-2825-4055-a051-0465d62eb5ca: receive RaftClientReply:client-CEF4D3493DC0->4ee04582-2825-4055-a051-0465d62eb5ca@group-78E0FE5F723E, cid=3368, SUCCESS, logIndex=5145, commits[4ee04582-2825-4055-a051-0465d62eb5ca:c5145, 97f5b9f0-d9ef-40b5-ba79-7414923e623f:c5143, 7d686585-d831-45bc-93fc-0a553b604b0e:c5143]
2019-07-08 23:05:12,686 INFO  client.GrpcClientProtocolClient (GrpcClientProtocolClient.java:onNext(255)) - client-CEF4D3493DC0->4ee04582-2825-4055-a051-0465d62eb5ca: receive RaftClientReply:client-CEF4D3493DC0->4ee04582-2825-4055-a051-0465d62eb5ca@group-78E0FE5F723E, cid=3369, SUCCESS, logIndex=5148, commits[4ee04582-2825-4055-a051-0465d62eb5ca:c5149, 97f5b9f0-d9ef-40b5-ba79-7414923e623f:c5146, 7d686585-d831-45bc-93fc-0a553b604b0e:c5146]
2019-07-08 23:05:12,687 INFO  client.GrpcClientProtocolClient (GrpcClientProtocolClient.java:onNext(255)) - client-CEF4D3493DC0->4ee04582-2825-4055-a051-0465d62eb5ca: receive RaftClientReply:client-CEF4D3493DC0->4ee04582-2825-4055-a051-0465d62eb5ca@group-78E0FE5F723E, cid=3370, SUCCESS, logIndex=5149, commits[4ee04582-2825-4055-a051-0465d62eb5ca:c5149, 97f5b9f0-d9ef-40b5-ba79-7414923e623f:c5146, 7d686585-d831-45bc-93fc-0a553b604b0e:c5146]
2019-07-08 23:05:12,691 INFO  client.GrpcClientProtocolClient (GrpcClientProtocolClient.java:onNext(255)) - client-CEF4D3493DC0->4ee04582-2825-4055-a051-0465d62eb5ca: receive RaftClientReply:client-CEF4D3493DC0->4ee04582-2825-4055-a051-0465d62eb5ca@group-78E0FE5F723E, cid=3371, SUCCESS, logIndex=0, commits[4ee04582-2825-4055-a051-0465d62eb5ca:c5151, 97f5b9f0-d9ef-40b5-ba79-7414923e623f:c5149, 7d686585-d831-45bc-93fc-0a553b604b0e:c5149]
2019-07-08 23:05:12,724 INFO  client.GrpcClientProtocolClient (GrpcClientProtocolClient.java:onNext(255)) - client-CEF4D3493DC0->4ee04582-2825-4055-a051-0465d62eb5ca: receive RaftClientReply:client-CEF4D3493DC0->4ee04582-2825-4055-a051-0465d62eb5ca@group-78E0FE5F723E, cid=3372, SUCCESS, logIndex=5152, commits[4ee04582-2825-4055-a051-0465d62eb5ca:c5154, 97f5b9f0-d9ef-40b5-ba79-7414923e623f:c5151, 7d686585-d831-45bc-93fc-0a553b604b0e:c5151]
2019-07-08 23:05:12,724 INFO  client.GrpcClientProtocolClient (GrpcClientProtocolClient.java:onNext(255)) - client-CEF4D3493DC0->4ee04582-2825-4055-a051-0465d62eb5ca: receive RaftClientReply:client-CEF4D3493DC0->4ee04582-2825-4055-a051-0465d62eb5ca@group-78E0FE5F723E, cid=3373, SUCCESS, logIndex=5153, commits[4ee04582-2825-4055-a051-0465d62eb5ca:c5155, 97f5b9f0-d9ef-40b5-ba79-7414923e623f:c5151, 7d686585-d831-45bc-93fc-0a553b604b0e:c5151]
2019-07-08 23:05:12,725 INFO  client.GrpcClientProtocolClient (GrpcClientProtocolClient.java:onNext(255)) - client-CEF4D3493DC0->4ee04582-2825-4055-a051-0465d62eb5ca: receive RaftClientReply:client-CEF4D3493DC0->4ee04582-2825-4055-a051-0465d62eb5ca@group-78E0FE5F723E, cid=3374, SUCCESS, logIndex=5154, commits[4ee04582-2825-4055-a051-0465d62eb5ca:c5155, 97f5b9f0-d9ef-40b5-ba79-7414923e623f:c5151, 7d686585-d831-45bc-93fc-0a553b604b0e:c5151]
2019-07-08 23:05:12,725 INFO  client.GrpcClientProtocolClient (GrpcClientProtocolClient.java:onNext(255)) - client-CEF4D3493DC0->4ee04582-2825-4055-a051-0465d62eb5ca: receive RaftClientReply:client-CEF4D3493DC0->4ee04582-2825-4055-a051-0465d62eb5ca@group-78E0FE5F723E, cid=3375, SUCCESS, logIndex=5155, commits[4ee04582-2825-4055-a051-0465d62eb5ca:c5156, 97f5b9f0-d9ef-40b5-ba79-7414923e623f:c5152, 7d686585-d831-45bc-93fc-0a553b604b0e:c5151]
2019-07-08 23:05:12,727 INFO  client.GrpcClientProtocolClient (GrpcClientProtocolClient.java:onNext(255)) - client-CEF4D3493DC0->4ee04582-2825-4055-a051-0465d62eb5ca: receive RaftClientReply:client-CEF4D3493DC0->4ee04582-2825-4055-a051-0465d62eb5ca@group-78E0FE5F723E, cid=3376, SUCCESS, logIndex=0, commits[4ee04582-2825-4055-a051-0465d62eb5ca:c5158, 97f5b9f0-d9ef-40b5-ba79-7414923e623f:c5153, 7d686585-d831-45bc-93fc-0a553b604b0e:c5154]
2019-07-08 23:05:12,750 INFO  client.GrpcClientProtocolClient (GrpcClientProtocolClient.java:onNext(255)) - client-CEF4D3493DC0->4ee04582-2825-4055-a051-0465d62eb5ca: receive RaftClientReply:client-CEF4D3493DC0->4ee04582-2825-4055-a051-0465d62eb5ca@group-78E0FE5F723E, cid=3377, SUCCESS, logIndex=5160, commits[4ee04582-2825-4055-a051-0465d62eb5ca:c5161, 97f5b9f0-d9ef-40b5-ba79-7414923e623f:c5159, 7d686585-d831-45bc-93fc-0a553b604b0e:c5159]
2019-07-08 23:05:12,751 INFO  client.GrpcClientProtocolClient (GrpcClientProtocolClient.java:onNext(255)) - client-CEF4D3493DC0->4ee04582-2825-4055-a051-0465d62eb5ca: receive RaftClientReply:client-CEF4D3493DC0->4ee04582-2825-4055-a051-0465d62eb5ca@group-78E0FE5F723E, cid=3378, SUCCESS, logIndex=5161, commits[4ee04582-2825-4055-a051-0465d62eb5ca:c5161, 97f5b9f0-d9ef-40b5-ba79-7414923e623f:c5159, 7d686585-d831-45bc-93fc-0a553b604b0e:c5159]
2019-07-08 23:05:12,764 INFO  client.GrpcClientProtocolClient (GrpcClientProtocolClient.java:onNext(255)) - client-CEF4D3493DC0->4ee04582-2825-4055-a051-0465d62eb5ca: receive RaftClientReply:client-CEF4D3493DC0->4ee04582-2825-4055-a051-0465d62eb5ca@group-78E0FE5F723E, cid=3379, SUCCESS, logIndex=5164, commits[4ee04582-2825-4055-a051-0465d62eb5ca:c5165, 97f5b9f0-d9ef-40b5-ba79-7414923e623f:c5163, 7d686585-d831-45bc-93fc-0a553b604b0e:c5161]
2019-07-08 23:05:12,764 INFO  client.GrpcClientProtocolClient (GrpcClientProtocolClient.java:onNext(255)) - client-CEF4D3493DC0->4ee04582-2825-4055-a051-0465d62eb5ca: receive RaftClientReply:client-CEF4D3493DC0->4ee04582-2825-4055-a051-0465d62eb5ca@group-78E0FE5F723E, cid=3380, SUCCESS, logIndex=5165, commits[4ee04582-2825-4055-a051-0465d62eb5ca:c5165, 97f5b9f0-d9ef-40b5-ba79-7414923e623f:c5163, 7d686585-d831-45bc-93fc-0a553b604b0e:c5163]
2019-07-08 23:05:12,766 INFO  client.GrpcClientProtocolClient (GrpcClientProtocolClient.java:onNext(255)) - client-CEF4D3493DC0->4ee04582-2825-4055-a051-0465d62eb5ca: receive RaftClientReply:client-CEF4D3493DC0->4ee04582-2825-4055-a051-0465d62eb5ca@group-78E0FE5F723E, cid=3381, SUCCESS, logIndex=0, commits[4ee04582-2825-4055-a051-0465d62eb5ca:c5166, 97f5b9f0-d9ef-40b5-ba79-7414923e623f:c5165, 7d686585-d831-45bc-93fc-0a553b604b0e:c5165]
2019-07-08 23:05:12,794 INFO  client.GrpcClientProtocolClient (GrpcClientProtocolClient.java:onNext(255)) - client-CEF4D3493DC0->4ee04582-2825-4055-a051-0465d62eb5ca: receive RaftClientReply:client-CEF4D3493DC0->4ee04582-2825-4055-a051-0465d62eb5ca@group-78E0FE5F723E, cid=3382, SUCCESS, logIndex=5168, commits[4ee04582-2825-4055-a051-0465d62eb5ca:c5170, 97f5b9f0-d9ef-40b5-ba79-7414923e623f:c5167, 7d686585-d831-45bc-93fc-0a553b604b0e:c5165]
2019-07-08 23:05:12,795 INFO  client.GrpcClientProtocolClient (GrpcClientProtocolClient.java:onNext(255)) - client-CEF4D3493DC0->4ee04582-2825-4055-a051-0465d62eb5ca: receive RaftClientReply:client-CEF4D3493DC0->4ee04582-2825-4055-a051-0465d62eb5ca@group-78E0FE5F723E, cid=3383, SUCCESS, logIndex=5169, commits[4ee04582-2825-4055-a051-0465d62eb5ca:c5171, 97f5b9f0-d9ef-40b5-ba79-7414923e623f:c5167, 7d686585-d831-45bc-93fc-0a553b604b0e:c5167]
2019-07-08 23:05:12,795 INFO  client.GrpcClientProtocolClient (GrpcClientProtocolClient.java:onNext(255)) - client-CEF4D3493DC0->4ee04582-2825-4055-a051-0465d62eb5ca: receive RaftClientReply:client-CEF4D3493DC0->4ee04582-2825-4055-a051-0465d62eb5ca@group-78E0FE5F723E, cid=3384, SUCCESS, logIndex=5170, commits[4ee04582-2825-4055-a051-0465d62eb5ca:c5171, 97f5b9f0-d9ef-40b5-ba79-7414923e623f:c5167, 7d686585-d831-45bc-93fc-0a553b604b0e:c5167]
2019-07-08 23:05:12,795 INFO  client.GrpcClientProtocolClient (GrpcClientProtocolClient.java:onNext(255)) - client-CEF4D3493DC0->4ee04582-2825-4055-a051-0465d62eb5ca: receive RaftClientReply:client-CEF4D3493DC0->4ee04582-2825-4055-a051-0465d62eb5ca@group-78E0FE5F723E, cid=3385, SUCCESS, logIndex=5171, commits[4ee04582-2825-4055-a051-0465d62eb5ca:c5172, 97f5b9f0-d9ef-40b5-ba79-7414923e623f:c5169, 7d686585-d831-45bc-93fc-0a553b604b0e:c5167]
2019-07-08 23:05:12,797 INFO  client.GrpcClientProtocolClient (GrpcClientProtocolClient.java:onNext(255)) - client-CEF4D3493DC0->4ee04582-2825-4055-a051-0465d62eb5ca: receive RaftClientReply:client-CEF4D3493DC0->4ee04582-2825-4055-a051-0465d62eb5ca@group-78E0FE5F723E, cid=3386, SUCCESS, logIndex=0, commits[4ee04582-2825-4055-a051-0465d62eb5ca:c5172, 97f5b9f0-d9ef-40b5-ba79-7414923e623f:c5169, 7d686585-d831-45bc-93fc-0a553b604b0e:c5169]
2019-07-08 23:05:12,811 INFO  client.GrpcClientProtocolClient (GrpcClientProtocolClient.java:onNext(255)) - client-CEF4D3493DC0->4ee04582-2825-4055-a051-0465d62eb5ca: receive RaftClientReply:client-CEF4D3493DC0->4ee04582-2825-4055-a051-0465d62eb5ca@group-78E0FE5F723E, cid=3387, SUCCESS, logIndex=5176, commits[4ee04582-2825-4055-a051-0465d62eb5ca:c5177, 97f5b9f0-d9ef-40b5-ba79-7414923e623f:c5175, 7d686585-d831-45bc-93fc-0a553b604b0e:c5171]
2019-07-08 23:05:12,811 INFO  client.GrpcClientProtocolClient (GrpcClientProtocolClient.java:onNext(255)) - client-CEF4D3493DC0->4ee04582-2825-4055-a051-0465d62eb5ca: receive RaftClientReply:client-CEF4D3493DC0->4ee04582-2825-4055-a051-0465d62eb5ca@group-78E0FE5F723E, cid=3388, SUCCESS, logIndex=5177, commits[4ee04582-2825-4055-a051-0465d62eb5ca:c5177, 97f5b9f0-d9ef-40b5-ba79-7414923e623f:c5175, 7d686585-d831-45bc-93fc-0a553b604b0e:c5175]
2019-07-08 23:05:12,823 INFO  client.GrpcClientProtocolClient (GrpcClientProtocolClient.java:onNext(255)) - client-CEF4D3493DC0->4ee04582-2825-4055-a051-0465d62eb5ca: receive RaftClientReply:client-CEF4D3493DC0->4ee04582-2825-4055-a051-0465d62eb5ca@group-78E0FE5F723E, cid=3389, SUCCESS, logIndex=5180, commits[4ee04582-2825-4055-a051-0465d62eb5ca:c5181, 97f5b9f0-d9ef-40b5-ba79-7414923e623f:c5179, 7d686585-d831-45bc-93fc-0a553b604b0e:c5177]
2019-07-08 23:05:12,823 INFO  client.GrpcClientProtocolClient (GrpcClientProtocolClient.java:onNext(255)) - client-CEF4D3493DC0->4ee04582-2825-4055-a051-0465d62eb5ca: receive RaftClientReply:client-CEF4D3493DC0->4ee04582-2825-4055-a051-0465d62eb5ca@group-78E0FE5F723E, cid=3390, SUCCESS, logIndex=5181, commits[4ee04582-2825-4055-a051-0465d62eb5ca:c5181, 97f5b9f0-d9ef-40b5-ba79-7414923e623f:c5179, 7d686585-d831-45bc-93fc-0a553b604b0e:c5179]
2019-07-08 23:05:12,827 INFO  client.GrpcClientProtocolClient (GrpcClientProtocolClient.java:onNext(255)) - client-CEF4D3493DC0->4ee04582-2825-4055-a051-0465d62eb5ca: receive RaftClientReply:client-CEF4D3493DC0->4ee04582-2825-4055-a051-0465d62eb5ca@group-78E0FE5F723E, cid=3391, SUCCESS, logIndex=0, commits[4ee04582-2825-4055-a051-0465d62eb5ca:c5182, 97f5b9f0-d9ef-40b5-ba79-7414923e623f:c5181, 7d686585-d831-45bc-93fc-0a553b604b0e:c5181]
2019-07-08 23:05:12,856 INFO  client.GrpcClientProtocolClient (GrpcClientProtocolClient.java:onNext(255)) - client-CEF4D3493DC0->4ee04582-2825-4055-a051-0465d62eb5ca: receive RaftClientReply:client-CEF4D3493DC0->4ee04582-2825-4055-a051-0465d62eb5ca@group-78E0FE5F723E, cid=3392, SUCCESS, logIndex=5184, commits[4ee04582-2825-4055-a051-0465d62eb5ca:c5185, 97f5b9f0-d9ef-40b5-ba79-7414923e623f:c5183, 7d686585-d831-45bc-93fc-0a553b604b0e:c5183]
2019-07-08 23:05:12,856 INFO  client.GrpcClientProtocolClient (GrpcClientProtocolClient.java:onNext(255)) - client-CEF4D3493DC0->4ee04582-2825-4055-a051-0465d62eb5ca: receive RaftClientReply:client-CEF4D3493DC0->4ee04582-2825-4055-a051-0465d62eb5ca@group-78E0FE5F723E, cid=3393, SUCCESS, logIndex=5185, commits[4ee04582-2825-4055-a051-0465d62eb5ca:c5185, 97f5b9f0-d9ef-40b5-ba79-7414923e623f:c5183, 7d686585-d831-45bc-93fc-0a553b604b0e:c5183]
2019-07-08 23:05:12,857 INFO  client.GrpcClientProtocolClient (GrpcClientProtocolClient.java:onNext(255)) - client-CEF4D3493DC0->4ee04582-2825-4055-a051-0465d62eb5ca: receive RaftClientReply:client-CEF4D3493DC0->4ee04582-2825-4055-a051-0465d62eb5ca@group-78E0FE5F723E, cid=3394, SUCCESS, logIndex=5186, commits[4ee04582-2825-4055-a051-0465d62eb5ca:c5186, 97f5b9f0-d9ef-40b5-ba79-7414923e623f:c5183, 7d686585-d831-45bc-93fc-0a553b604b0e:c5183]
2019-07-08 23:05:12,857 INFO  client.GrpcClientProtocolClient (GrpcClientProtocolClient.java:onNext(255)) - client-CEF4D3493DC0->4ee04582-2825-4055-a051-0465d62eb5ca: receive RaftClientReply:client-CEF4D3493DC0->4ee04582-2825-4055-a051-0465d62eb5ca@group-78E0FE5F723E, cid=3395, SUCCESS, logIndex=5187, commits[4ee04582-2825-4055-a051-0465d62eb5ca:c5187, 97f5b9f0-d9ef-40b5-ba79-7414923e623f:c5183, 7d686585-d831-45bc-93fc-0a553b604b0e:c5183]
2019-07-08 23:05:12,860 INFO  client.GrpcClientProtocolClient (GrpcClientProtocolClient.java:onNext(255)) - client-CEF4D3493DC0->4ee04582-2825-4055-a051-0465d62eb5ca: receive RaftClientReply:client-CEF4D3493DC0->4ee04582-2825-4055-a051-0465d62eb5ca@group-78E0FE5F723E, cid=3396, SUCCESS, logIndex=0, commits[4ee04582-2825-4055-a051-0465d62eb5ca:c5189, 97f5b9f0-d9ef-40b5-ba79-7414923e623f:c5185, 7d686585-d831-45bc-93fc-0a553b604b0e:c5185]
2019-07-08 23:05:12,873 INFO  client.GrpcClientProtocolClient (GrpcClientProtocolClient.java:onNext(255)) - client-CEF4D3493DC0->4ee04582-2825-4055-a051-0465d62eb5ca: receive RaftClientReply:client-CEF4D3493DC0->4ee04582-2825-4055-a051-0465d62eb5ca@group-78E0FE5F723E, cid=3397, SUCCESS, logIndex=5192, commits[4ee04582-2825-4055-a051-0465d62eb5ca:c5193, 97f5b9f0-d9ef-40b5-ba79-7414923e623f:c5187, 7d686585-d831-45bc-93fc-0a553b604b0e:c5191]
2019-07-08 23:05:12,873 INFO  client.GrpcClientProtocolClient (GrpcClientProtocolClient.java:onNext(255)) - client-CEF4D3493DC0->4ee04582-2825-4055-a051-0465d62eb5ca: receive RaftClientReply:client-CEF4D3493DC0->4ee04582-2825-4055-a051-0465d62eb5ca@group-78E0FE5F723E, cid=3398, SUCCESS, logIndex=5193, commits[4ee04582-2825-4055-a051-0465d62eb5ca:c5193, 97f5b9f0-d9ef-40b5-ba79-7414923e623f:c5191, 7d686585-d831-45bc-93fc-0a553b604b0e:c5191]
2019-07-08 23:05:12,884 INFO  client.GrpcClientProtocolClient (GrpcClientProtocolClient.java:onNext(255)) - client-CEF4D3493DC0->4ee04582-2825-4055-a051-0465d62eb5ca: receive RaftClientReply:client-CEF4D3493DC0->4ee04582-2825-4055-a051-0465d62eb5ca@group-78E0FE5F723E, cid=3399, SUCCESS, logIndex=5196, commits[4ee04582-2825-4055-a051-0465d62eb5ca:c5197, 97f5b9f0-d9ef-40b5-ba79-7414923e623f:c5194, 7d686585-d831-45bc-93fc-0a553b604b0e:c5193]
2019-07-08 23:05:12,885 INFO  client.GrpcClientProtocolClient (GrpcClientProtocolClient.java:onNext(255)) - client-CEF4D3493DC0->4ee04582-2825-4055-a051-0465d62eb5ca: receive RaftClientReply:client-CEF4D3493DC0->4ee04582-2825-4055-a051-0465d62eb5ca@group-78E0FE5F723E, cid=3400, SUCCESS, logIndex=5197, commits[4ee04582-2825-4055-a051-0465d62eb5ca:c5197, 97f5b9f0-d9ef-40b5-ba79-7414923e623f:c5194, 7d686585-d831-45bc-93fc-0a553b604b0e:c5194]
2019-07-08 23:05:12,887 INFO  client.GrpcClientProtocolClient (GrpcClientProtocolClient.java:onNext(255)) - client-CEF4D3493DC0->4ee04582-2825-4055-a051-0465d62eb5ca: receive RaftClientReply:client-CEF4D3493DC0->4ee04582-2825-4055-a051-0465d62eb5ca@group-78E0FE5F723E, cid=3401, SUCCESS, logIndex=0, commits[4ee04582-2825-4055-a051-0465d62eb5ca:c5198, 97f5b9f0-d9ef-40b5-ba79-7414923e623f:c5197, 7d686585-d831-45bc-93fc-0a553b604b0e:c5197]
2019-07-08 23:05:12,913 INFO  client.GrpcClientProtocolClient (GrpcClientProtocolClient.java:onNext(255)) - client-CEF4D3493DC0->4ee04582-2825-4055-a051-0465d62eb5ca: receive RaftClientReply:client-CEF4D3493DC0->4ee04582-2825-4055-a051-0465d62eb5ca@group-78E0FE5F723E, cid=3402, SUCCESS, logIndex=5200, commits[4ee04582-2825-4055-a051-0465d62eb5ca:c5201, 97f5b9f0-d9ef-40b5-ba79-7414923e623f:c5199, 7d686585-d831-45bc-93fc-0a553b604b0e:c5197]
2019-07-08 23:05:12,914 INFO  client.GrpcClientProtocolClient (GrpcClientProtocolClient.java:onNext(255)) - client-CEF4D3493DC0->4ee04582-2825-4055-a051-0465d62eb5ca: receive RaftClientReply:client-CEF4D3493DC0->4ee04582-2825-4055-a051-0465d62eb5ca@group-78E0FE5F723E, cid=3403, SUCCESS, logIndex=5201, commits[4ee04582-2825-4055-a051-0465d62eb5ca:c5201, 97f5b9f0-d9ef-40b5-ba79-7414923e623f:c5199, 7d686585-d831-45bc-93fc-0a553b604b0e:c5199]
2019-07-08 23:05:12,914 INFO  client.GrpcClientProtocolClient (GrpcClientProtocolClient.java:onNext(255)) - client-CEF4D3493DC0->4ee04582-2825-4055-a051-0465d62eb5ca: receive RaftClientReply:client-CEF4D3493DC0->4ee04582-2825-4055-a051-0465d62eb5ca@group-78E0FE5F723E, cid=3404, SUCCESS, logIndex=5202, commits[4ee04582-2825-4055-a051-0465d62eb5ca:c5202, 97f5b9f0-d9ef-40b5-ba79-7414923e623f:c5199, 7d686585-d831-45bc-93fc-0a553b604b0e:c5199]
2019-07-08 23:05:12,915 INFO  client.GrpcClientProtocolClient (GrpcClientProtocolClient.java:onNext(255)) - client-CEF4D3493DC0->4ee04582-2825-4055-a051-0465d62eb5ca: receive RaftClientReply:client-CEF4D3493DC0->4ee04582-2825-4055-a051-0465d62eb5ca@group-78E0FE5F723E, cid=3405, SUCCESS, logIndex=5203, commits[4ee04582-2825-4055-a051-0465d62eb5ca:c5203, 97f5b9f0-d9ef-40b5-ba79-7414923e623f:c5199, 7d686585-d831-45bc-93fc-0a553b604b0e:c5199]
2019-07-08 23:05:12,919 INFO  client.GrpcClientProtocolClient (GrpcClientProtocolClient.java:onNext(255)) - client-CEF4D3493DC0->4ee04582-2825-4055-a051-0465d62eb5ca: receive RaftClientReply:client-CEF4D3493DC0->4ee04582-2825-4055-a051-0465d62eb5ca@group-78E0FE5F723E, cid=3406, SUCCESS, logIndex=0, commits[4ee04582-2825-4055-a051-0465d62eb5ca:c5205, 97f5b9f0-d9ef-40b5-ba79-7414923e623f:c5201, 7d686585-d831-45bc-93fc-0a553b604b0e:c5201]
2019-07-08 23:05:12,929 INFO  client.GrpcClientProtocolClient (GrpcClientProtocolClient.java:onNext(255)) - client-CEF4D3493DC0->4ee04582-2825-4055-a051-0465d62eb5ca: receive RaftClientReply:client-CEF4D3493DC0->4ee04582-2825-4055-a051-0465d62eb5ca@group-78E0FE5F723E, cid=3407, SUCCESS, logIndex=5208, commits[4ee04582-2825-4055-a051-0465d62eb5ca:c5209, 97f5b9f0-d9ef-40b5-ba79-7414923e623f:c5207, 7d686585-d831-45bc-93fc-0a553b604b0e:c5203]
2019-07-08 23:05:12,930 INFO  client.GrpcClientProtocolClient (GrpcClientProtocolClient.java:onNext(255)) - client-CEF4D3493DC0->4ee04582-2825-4055-a051-0465d62eb5ca: receive RaftClientReply:client-CEF4D3493DC0->4ee04582-2825-4055-a051-0465d62eb5ca@group-78E0FE5F723E, cid=3408, SUCCESS, logIndex=5209, commits[4ee04582-2825-4055-a051-0465d62eb5ca:c5209, 97f5b9f0-d9ef-40b5-ba79-7414923e623f:c5207, 7d686585-d831-45bc-93fc-0a553b604b0e:c5203]
2019-07-08 23:05:12,940 INFO  client.GrpcClientProtocolClient (GrpcClientProtocolClient.java:onNext(255)) - client-CEF4D3493DC0->4ee04582-2825-4055-a051-0465d62eb5ca: receive RaftClientReply:client-CEF4D3493DC0->4ee04582-2825-4055-a051-0465d62eb5ca@group-78E0FE5F723E, cid=3409, SUCCESS, logIndex=5212, commits[4ee04582-2825-4055-a051-0465d62eb5ca:c5213, 97f5b9f0-d9ef-40b5-ba79-7414923e623f:c5211, 7d686585-d831-45bc-93fc-0a553b604b0e:c5209]
2019-07-08 23:05:12,941 INFO  client.GrpcClientProtocolClient (GrpcClientProtocolClient.java:onNext(255)) - client-CEF4D3493DC0->4ee04582-2825-4055-a051-0465d62eb5ca: receive RaftClientReply:client-CEF4D3493DC0->4ee04582-2825-4055-a051-0465d62eb5ca@group-78E0FE5F723E, cid=3410, SUCCESS, logIndex=5213, commits[4ee04582-2825-4055-a051-0465d62eb5ca:c5213, 97f5b9f0-d9ef-40b5-ba79-7414923e623f:c5211, 7d686585-d831-45bc-93fc-0a553b604b0e:c5211]
2019-07-08 23:05:12,943 INFO  client.GrpcClientProtocolClient (GrpcClientProtocolClient.java:onNext(255)) - client-CEF4D3493DC0->4ee04582-2825-4055-a051-0465d62eb5ca: receive RaftClientReply:client-CEF4D3493DC0->4ee04582-2825-4055-a051-0465d62eb5ca@group-78E0FE5F723E, cid=3411, SUCCESS, logIndex=0, commits[4ee04582-2825-4055-a051-0465d62eb5ca:c5214, 97f5b9f0-d9ef-40b5-ba79-7414923e623f:c5213, 7d686585-d831-45bc-93fc-0a553b604b0e:c5213]
2019-07-08 23:05:12,969 INFO  client.GrpcClientProtocolClient (GrpcClientProtocolClient.java:onNext(255)) - client-CEF4D3493DC0->4ee04582-2825-4055-a051-0465d62eb5ca: receive RaftClientReply:client-CEF4D3493DC0->4ee04582-2825-4055-a051-0465d62eb5ca@group-78E0FE5F723E, cid=3412, SUCCESS, logIndex=5216, commits[4ee04582-2825-4055-a051-0465d62eb5ca:c5217, 97f5b9f0-d9ef-40b5-ba79-7414923e623f:c5213, 7d686585-d831-45bc-93fc-0a553b604b0e:c5215]
2019-07-08 23:05:12,970 INFO  client.GrpcClientProtocolClient (GrpcClientProtocolClient.java:onNext(255)) - client-CEF4D3493DC0->4ee04582-2825-4055-a051-0465d62eb5ca: receive RaftClientReply:client-CEF4D3493DC0->4ee04582-2825-4055-a051-0465d62eb5ca@group-78E0FE5F723E, cid=3413, SUCCESS, logIndex=5217, commits[4ee04582-2825-4055-a051-0465d62eb5ca:c5217, 97f5b9f0-d9ef-40b5-ba79-7414923e623f:c5213, 7d686585-d831-45bc-93fc-0a553b604b0e:c5215]
2019-07-08 23:05:12,970 INFO  client.GrpcClientProtocolClient (GrpcClientProtocolClient.java:onNext(255)) - client-CEF4D3493DC0->4ee04582-2825-4055-a051-0465d62eb5ca: receive RaftClientReply:client-CEF4D3493DC0->4ee04582-2825-4055-a051-0465d62eb5ca@group-78E0FE5F723E, cid=3414, SUCCESS, logIndex=5218, commits[4ee04582-2825-4055-a051-0465d62eb5ca:c5218, 97f5b9f0-d9ef-40b5-ba79-7414923e623f:c5215, 7d686585-d831-45bc-93fc-0a553b604b0e:c5215]
2019-07-08 23:05:12,971 INFO  client.GrpcClientProtocolClient (GrpcClientProtocolClient.java:onNext(255)) - client-CEF4D3493DC0->4ee04582-2825-4055-a051-0465d62eb5ca: receive RaftClientReply:client-CEF4D3493DC0->4ee04582-2825-4055-a051-0465d62eb5ca@group-78E0FE5F723E, cid=3415, SUCCESS, logIndex=5219, commits[4ee04582-2825-4055-a051-0465d62eb5ca:c5219, 97f5b9f0-d9ef-40b5-ba79-7414923e623f:c5215, 7d686585-d831-45bc-93fc-0a553b604b0e:c5215]
2019-07-08 23:05:12,972 INFO  client.GrpcClientProtocolClient (GrpcClientProtocolClient.java:onNext(255)) - client-CEF4D3493DC0->4ee04582-2825-4055-a051-0465d62eb5ca: receive RaftClientReply:client-CEF4D3493DC0->4ee04582-2825-4055-a051-0465d62eb5ca@group-78E0FE5F723E, cid=3416, SUCCESS, logIndex=0, commits[4ee04582-2825-4055-a051-0465d62eb5ca:c5221, 97f5b9f0-d9ef-40b5-ba79-7414923e623f:c5217, 7d686585-d831-45bc-93fc-0a553b604b0e:c5217]
2019-07-08 23:05:12,984 INFO  client.GrpcClientProtocolClient (GrpcClientProtocolClient.java:onNext(255)) - client-CEF4D3493DC0->4ee04582-2825-4055-a051-0465d62eb5ca: receive RaftClientReply:client-CEF4D3493DC0->4ee04582-2825-4055-a051-0465d62eb5ca@group-78E0FE5F723E, cid=3417, SUCCESS, logIndex=5224, commits[4ee04582-2825-4055-a051-0465d62eb5ca:c5225, 97f5b9f0-d9ef-40b5-ba79-7414923e623f:c5223, 7d686585-d831-45bc-93fc-0a553b604b0e:c5219]
2019-07-08 23:05:12,985 INFO  client.GrpcClientProtocolClient (GrpcClientProtocolClient.java:onNext(255)) - client-CEF4D3493DC0->4ee04582-2825-4055-a051-0465d62eb5ca: receive RaftClientReply:client-CEF4D3493DC0->4ee04582-2825-4055-a051-0465d62eb5ca@group-78E0FE5F723E, cid=3418, SUCCESS, logIndex=5225, commits[4ee04582-2825-4055-a051-0465d62eb5ca:c5225, 97f5b9f0-d9ef-40b5-ba79-7414923e623f:c5223, 7d686585-d831-45bc-93fc-0a553b604b0e:c5219]
2019-07-08 23:05:13,001 INFO  client.GrpcClientProtocolClient (GrpcClientProtocolClient.java:onNext(255)) - client-CEF4D3493DC0->4ee04582-2825-4055-a051-0465d62eb5ca: receive RaftClientReply:client-CEF4D3493DC0->4ee04582-2825-4055-a051-0465d62eb5ca@group-78E0FE5F723E, cid=3419, SUCCESS, logIndex=5228, commits[4ee04582-2825-4055-a051-0465d62eb5ca:c5229, 97f5b9f0-d9ef-40b5-ba79-7414923e623f:c5227, 7d686585-d831-45bc-93fc-0a553b604b0e:c5227]
2019-07-08 23:05:13,001 INFO  client.GrpcClientProtocolClient (GrpcClientProtocolClient.java:onNext(255)) - client-CEF4D3493DC0->4ee04582-2825-4055-a051-0465d62eb5ca: receive RaftClientReply:client-CEF4D3493DC0->4ee04582-2825-4055-a051-0465d62eb5ca@group-78E0FE5F723E, cid=3420, SUCCESS, logIndex=5229, commits[4ee04582-2825-4055-a051-0465d62eb5ca:c5229, 97f5b9f0-d9ef-40b5-ba79-7414923e623f:c5227, 7d686585-d831-45bc-93fc-0a553b604b0e:c5227]
2019-07-08 23:05:13,005 INFO  client.GrpcClientProtocolClient (GrpcClientProtocolClient.java:onNext(255)) - client-CEF4D3493DC0->4ee04582-2825-4055-a051-0465d62eb5ca: receive RaftClientReply:client-CEF4D3493DC0->4ee04582-2825-4055-a051-0465d62eb5ca@group-78E0FE5F723E, cid=3421, SUCCESS, logIndex=0, commits[4ee04582-2825-4055-a051-0465d62eb5ca:c5231, 97f5b9f0-d9ef-40b5-ba79-7414923e623f:c5229, 7d686585-d831-45bc-93fc-0a553b604b0e:c5229]
2019-07-08 23:05:13,027 INFO  client.GrpcClientProtocolClient (GrpcClientProtocolClient.java:onNext(255)) - client-CEF4D3493DC0->4ee04582-2825-4055-a051-0465d62eb5ca: receive RaftClientReply:client-CEF4D3493DC0->4ee04582-2825-4055-a051-0465d62eb5ca@group-78E0FE5F723E, cid=3422, SUCCESS, logIndex=5232, commits[4ee04582-2825-4055-a051-0465d62eb5ca:c5233, 97f5b9f0-d9ef-40b5-ba79-7414923e623f:c5231, 7d686585-d831-45bc-93fc-0a553b604b0e:c5231]
2019-07-08 23:05:13,028 INFO  client.GrpcClientProtocolClient (GrpcClientProtocolClient.java:onNext(255)) - client-CEF4D3493DC0->4ee04582-2825-4055-a051-0465d62eb5ca: receive RaftClientReply:client-CEF4D3493DC0->4ee04582-2825-4055-a051-0465d62eb5ca@group-78E0FE5F723E, cid=3423, SUCCESS, logIndex=5233, commits[4ee04582-2825-4055-a051-0465d62eb5ca:c5235, 97f5b9f0-d9ef-40b5-ba79-7414923e623f:c5231, 7d686585-d831-45bc-93fc-0a553b604b0e:c5231]
2019-07-08 23:05:13,028 INFO  client.GrpcClientProtocolClient (GrpcClientProtocolClient.java:onNext(255)) - client-CEF4D3493DC0->4ee04582-2825-4055-a051-0465d62eb5ca: receive RaftClientReply:client-CEF4D3493DC0->4ee04582-2825-4055-a051-0465d62eb5ca@group-78E0FE5F723E, cid=3424, SUCCESS, logIndex=5234, commits[4ee04582-2825-4055-a051-0465d62eb5ca:c5235, 97f5b9f0-d9ef-40b5-ba79-7414923e623f:c5231, 7d686585-d831-45bc-93fc-0a553b604b0e:c5231]
2019-07-08 23:05:13,029 INFO  client.GrpcClientProtocolClient (GrpcClientProtocolClient.java:onNext(255)) - client-CEF4D3493DC0->4ee04582-2825-4055-a051-0465d62eb5ca: receive RaftClientReply:client-CEF4D3493DC0->4ee04582-2825-4055-a051-0465d62eb5ca@group-78E0FE5F723E, cid=3425, SUCCESS, logIndex=5235, commits[4ee04582-2825-4055-a051-0465d62eb5ca:c5235, 97f5b9f0-d9ef-40b5-ba79-7414923e623f:c5231, 7d686585-d831-45bc-93fc-0a553b604b0e:c5231]
2019-07-08 23:05:13,032 INFO  client.GrpcClientProtocolClient (GrpcClientProtocolClient.java:onNext(255)) - client-CEF4D3493DC0->4ee04582-2825-4055-a051-0465d62eb5ca: receive RaftClientReply:client-CEF4D3493DC0->4ee04582-2825-4055-a051-0465d62eb5ca@group-78E0FE5F723E, cid=3426, SUCCESS, logIndex=0, commits[4ee04582-2825-4055-a051-0465d62eb5ca:c5236, 97f5b9f0-d9ef-40b5-ba79-7414923e623f:c5233, 7d686585-d831-45bc-93fc-0a553b604b0e:c5233]
2019-07-08 23:05:13,043 INFO  client.GrpcClientProtocolClient (GrpcClientProtocolClient.java:onNext(255)) - client-CEF4D3493DC0->4ee04582-2825-4055-a051-0465d62eb5ca: receive RaftClientReply:client-CEF4D3493DC0->4ee04582-2825-4055-a051-0465d62eb5ca@group-78E0FE5F723E, cid=3427, SUCCESS, logIndex=5240, commits[4ee04582-2825-4055-a051-0465d62eb5ca:c5241, 97f5b9f0-d9ef-40b5-ba79-7414923e623f:c5239, 7d686585-d831-45bc-93fc-0a553b604b0e:c5235]
2019-07-08 23:05:13,043 INFO  client.GrpcClientProtocolClient (GrpcClientProtocolClient.java:onNext(255)) - client-CEF4D3493DC0->4ee04582-2825-4055-a051-0465d62eb5ca: receive RaftClientReply:client-CEF4D3493DC0->4ee04582-2825-4055-a051-0465d62eb5ca@group-78E0FE5F723E, cid=3428, SUCCESS, logIndex=5241, commits[4ee04582-2825-4055-a051-0465d62eb5ca:c5241, 97f5b9f0-d9ef-40b5-ba79-7414923e623f:c5239, 7d686585-d831-45bc-93fc-0a553b604b0e:c5239]
 0.00% |█                                                                                                    |  0/1 Time: 0:00:222019-07-08 23:05:13,055 INFO  client.GrpcClientProtocolClient (GrpcClientProtocolClient.java:onNext(255)) - client-CEF4D3493DC0->4ee04582-2825-4055-a051-0465d62eb5ca: receive RaftClientReply:client-CEF4D3493DC0->4ee04582-2825-4055-a051-0465d62eb5ca@group-78E0FE5F723E, cid=3429, SUCCESS, logIndex=5244, commits[4ee04582-2825-4055-a051-0465d62eb5ca:c5245, 97f5b9f0-d9ef-40b5-ba79-7414923e623f:c5243, 7d686585-d831-45bc-93fc-0a553b604b0e:c5241]
2019-07-08 23:05:13,055 INFO  client.GrpcClientProtocolClient (GrpcClientProtocolClient.java:onNext(255)) - client-CEF4D3493DC0->4ee04582-2825-4055-a051-0465d62eb5ca: receive RaftClientReply:client-CEF4D3493DC0->4ee04582-2825-4055-a051-0465d62eb5ca@group-78E0FE5F723E, cid=3430, SUCCESS, logIndex=5245, commits[4ee04582-2825-4055-a051-0465d62eb5ca:c5245, 97f5b9f0-d9ef-40b5-ba79-7414923e623f:c5243, 7d686585-d831-45bc-93fc-0a553b604b0e:c5243]
2019-07-08 23:05:13,060 INFO  client.GrpcClientProtocolClient (GrpcClientProtocolClient.java:onNext(255)) - client-CEF4D3493DC0->4ee04582-2825-4055-a051-0465d62eb5ca: receive RaftClientReply:client-CEF4D3493DC0->4ee04582-2825-4055-a051-0465d62eb5ca@group-78E0FE5F723E, cid=3431, SUCCESS, logIndex=0, commits[4ee04582-2825-4055-a051-0465d62eb5ca:c5247, 97f5b9f0-d9ef-40b5-ba79-7414923e623f:c5245, 7d686585-d831-45bc-93fc-0a553b604b0e:c5245]
2019-07-08 23:05:13,079 INFO  client.GrpcClientProtocolClient (GrpcClientProtocolClient.java:onNext(255)) - client-CEF4D3493DC0->4ee04582-2825-4055-a051-0465d62eb5ca: receive RaftClientReply:client-CEF4D3493DC0->4ee04582-2825-4055-a051-0465d62eb5ca@group-78E0FE5F723E, cid=3432, SUCCESS, logIndex=5248, commits[4ee04582-2825-4055-a051-0465d62eb5ca:c5249, 97f5b9f0-d9ef-40b5-ba79-7414923e623f:c5247, 7d686585-d831-45bc-93fc-0a553b604b0e:c5247]
2019-07-08 23:05:13,079 INFO  client.GrpcClientProtocolClient (GrpcClientProtocolClient.java:onNext(255)) - client-CEF4D3493DC0->4ee04582-2825-4055-a051-0465d62eb5ca: receive RaftClientReply:client-CEF4D3493DC0->4ee04582-2825-4055-a051-0465d62eb5ca@group-78E0FE5F723E, cid=3433, SUCCESS, logIndex=5249, commits[4ee04582-2825-4055-a051-0465d62eb5ca:c5249, 97f5b9f0-d9ef-40b5-ba79-7414923e623f:c5247, 7d686585-d831-45bc-93fc-0a553b604b0e:c5247]
2019-07-08 23:05:13,080 INFO  client.GrpcClientProtocolClient (GrpcClientProtocolClient.java:onNext(255)) - client-CEF4D3493DC0->4ee04582-2825-4055-a051-0465d62eb5ca: receive RaftClientReply:client-CEF4D3493DC0->4ee04582-2825-4055-a051-0465d62eb5ca@group-78E0FE5F723E, cid=3434, SUCCESS, logIndex=5250, commits[4ee04582-2825-4055-a051-0465d62eb5ca:c5250, 97f5b9f0-d9ef-40b5-ba79-7414923e623f:c5247, 7d686585-d831-45bc-93fc-0a553b604b0e:c5247]
2019-07-08 23:05:13,080 INFO  client.GrpcClientProtocolClient (GrpcClientProtocolClient.java:onNext(255)) - client-CEF4D3493DC0->4ee04582-2825-4055-a051-0465d62eb5ca: receive RaftClientReply:client-CEF4D3493DC0->4ee04582-2825-4055-a051-0465d62eb5ca@group-78E0FE5F723E, cid=3435, SUCCESS, logIndex=5251, commits[4ee04582-2825-4055-a051-0465d62eb5ca:c5251, 97f5b9f0-d9ef-40b5-ba79-7414923e623f:c5247, 7d686585-d831-45bc-93fc-0a553b604b0e:c5247]
2019-07-08 23:05:13,084 INFO  client.GrpcClientProtocolClient (GrpcClientProtocolClient.java:onNext(255)) - client-CEF4D3493DC0->4ee04582-2825-4055-a051-0465d62eb5ca: receive RaftClientReply:client-CEF4D3493DC0->4ee04582-2825-4055-a051-0465d62eb5ca@group-78E0FE5F723E, cid=3436, SUCCESS, logIndex=0, commits[4ee04582-2825-4055-a051-0465d62eb5ca:c5252, 97f5b9f0-d9ef-40b5-ba79-7414923e623f:c5249, 7d686585-d831-45bc-93fc-0a553b604b0e:c5249]
2019-07-08 23:05:13,098 INFO  client.GrpcClientProtocolClient (GrpcClientProtocolClient.java:onNext(255)) - client-CEF4D3493DC0->4ee04582-2825-4055-a051-0465d62eb5ca: receive RaftClientReply:client-CEF4D3493DC0->4ee04582-2825-4055-a051-0465d62eb5ca@group-78E0FE5F723E, cid=3437, SUCCESS, logIndex=5255, commits[4ee04582-2825-4055-a051-0465d62eb5ca:c5256, 97f5b9f0-d9ef-40b5-ba79-7414923e623f:c5254, 7d686585-d831-45bc-93fc-0a553b604b0e:c5254]
2019-07-08 23:05:13,098 INFO  client.GrpcClientProtocolClient (GrpcClientProtocolClient.java:onNext(255)) - client-CEF4D3493DC0->4ee04582-2825-4055-a051-0465d62eb5ca: receive RaftClientReply:client-CEF4D3493DC0->4ee04582-2825-4055-a051-0465d62eb5ca@group-78E0FE5F723E, cid=3438, SUCCESS, logIndex=5256, commits[4ee04582-2825-4055-a051-0465d62eb5ca:c5256, 97f5b9f0-d9ef-40b5-ba79-7414923e623f:c5254, 7d686585-d831-45bc-93fc-0a553b604b0e:c5254]
2019-07-08 23:05:13,110 INFO  client.GrpcClientProtocolClient (GrpcClientProtocolClient.java:onNext(255)) - client-CEF4D3493DC0->4ee04582-2825-4055-a051-0465d62eb5ca: receive RaftClientReply:client-CEF4D3493DC0->4ee04582-2825-4055-a051-0465d62eb5ca@group-78E0FE5F723E, cid=3439, SUCCESS, logIndex=5259, commits[4ee04582-2825-4055-a051-0465d62eb5ca:c5260, 97f5b9f0-d9ef-40b5-ba79-7414923e623f:c5256, 7d686585-d831-45bc-93fc-0a553b604b0e:c5258]
2019-07-08 23:05:13,110 INFO  client.GrpcClientProtocolClient (GrpcClientProtocolClient.java:onNext(255)) - client-CEF4D3493DC0->4ee04582-2825-4055-a051-0465d62eb5ca: receive RaftClientReply:client-CEF4D3493DC0->4ee04582-2825-4055-a051-0465d62eb5ca@group-78E0FE5F723E, cid=3440, SUCCESS, logIndex=5260, commits[4ee04582-2825-4055-a051-0465d62eb5ca:c5260, 97f5b9f0-d9ef-40b5-ba79-7414923e623f:c5256, 7d686585-d831-45bc-93fc-0a553b604b0e:c5258]
2019-07-08 23:05:13,113 INFO  client.GrpcClientProtocolClient (GrpcClientProtocolClient.java:onNext(255)) - client-CEF4D3493DC0->4ee04582-2825-4055-a051-0465d62eb5ca: receive RaftClientReply:client-CEF4D3493DC0->4ee04582-2825-4055-a051-0465d62eb5ca@group-78E0FE5F723E, cid=3441, SUCCESS, logIndex=0, commits[4ee04582-2825-4055-a051-0465d62eb5ca:c5261, 97f5b9f0-d9ef-40b5-ba79-7414923e623f:c5260, 7d686585-d831-45bc-93fc-0a553b604b0e:c5260]
2019-07-08 23:05:13,136 INFO  client.GrpcClientProtocolClient (GrpcClientProtocolClient.java:onNext(255)) - client-CEF4D3493DC0->4ee04582-2825-4055-a051-0465d62eb5ca: receive RaftClientReply:client-CEF4D3493DC0->4ee04582-2825-4055-a051-0465d62eb5ca@group-78E0FE5F723E, cid=3442, SUCCESS, logIndex=5262, commits[4ee04582-2825-4055-a051-0465d62eb5ca:c5265, 97f5b9f0-d9ef-40b5-ba79-7414923e623f:c5261, 7d686585-d831-45bc-93fc-0a553b604b0e:c5261]
2019-07-08 23:05:13,137 INFO  client.GrpcClientProtocolClient (GrpcClientProtocolClient.java:onNext(255)) - client-CEF4D3493DC0->4ee04582-2825-4055-a051-0465d62eb5ca: receive RaftClientReply:client-CEF4D3493DC0->4ee04582-2825-4055-a051-0465d62eb5ca@group-78E0FE5F723E, cid=3443, SUCCESS, logIndex=5263, commits[4ee04582-2825-4055-a051-0465d62eb5ca:c5265, 97f5b9f0-d9ef-40b5-ba79-7414923e623f:c5261, 7d686585-d831-45bc-93fc-0a553b604b0e:c5261]
2019-07-08 23:05:13,137 INFO  client.GrpcClientProtocolClient (GrpcClientProtocolClient.java:onNext(255)) - client-CEF4D3493DC0->4ee04582-2825-4055-a051-0465d62eb5ca: receive RaftClientReply:client-CEF4D3493DC0->4ee04582-2825-4055-a051-0465d62eb5ca@group-78E0FE5F723E, cid=3444, SUCCESS, logIndex=5264, commits[4ee04582-2825-4055-a051-0465d62eb5ca:c5265, 97f5b9f0-d9ef-40b5-ba79-7414923e623f:c5261, 7d686585-d831-45bc-93fc-0a553b604b0e:c5261]
2019-07-08 23:05:13,138 INFO  client.GrpcClientProtocolClient (GrpcClientProtocolClient.java:onNext(255)) - client-CEF4D3493DC0->4ee04582-2825-4055-a051-0465d62eb5ca: receive RaftClientReply:client-CEF4D3493DC0->4ee04582-2825-4055-a051-0465d62eb5ca@group-78E0FE5F723E, cid=3445, SUCCESS, logIndex=5265, commits[4ee04582-2825-4055-a051-0465d62eb5ca:c5265, 97f5b9f0-d9ef-40b5-ba79-7414923e623f:c5261, 7d686585-d831-45bc-93fc-0a553b604b0e:c5261]
2019-07-08 23:05:13,140 INFO  client.GrpcClientProtocolClient (GrpcClientProtocolClient.java:onNext(255)) - client-CEF4D3493DC0->4ee04582-2825-4055-a051-0465d62eb5ca: receive RaftClientReply:client-CEF4D3493DC0->4ee04582-2825-4055-a051-0465d62eb5ca@group-78E0FE5F723E, cid=3446, SUCCESS, logIndex=0, commits[4ee04582-2825-4055-a051-0465d62eb5ca:c5266, 97f5b9f0-d9ef-40b5-ba79-7414923e623f:c5263, 7d686585-d831-45bc-93fc-0a553b604b0e:c5263]
2019-07-08 23:05:13,150 INFO  client.GrpcClientProtocolClient (GrpcClientProtocolClient.java:onNext(255)) - client-CEF4D3493DC0->4ee04582-2825-4055-a051-0465d62eb5ca: receive RaftClientReply:client-CEF4D3493DC0->4ee04582-2825-4055-a051-0465d62eb5ca@group-78E0FE5F723E, cid=3447, SUCCESS, logIndex=5270, commits[4ee04582-2825-4055-a051-0465d62eb5ca:c5271, 97f5b9f0-d9ef-40b5-ba79-7414923e623f:c5269, 7d686585-d831-45bc-93fc-0a553b604b0e:c5265]
2019-07-08 23:05:13,150 INFO  client.GrpcClientProtocolClient (GrpcClientProtocolClient.java:onNext(255)) - client-CEF4D3493DC0->4ee04582-2825-4055-a051-0465d62eb5ca: receive RaftClientReply:client-CEF4D3493DC0->4ee04582-2825-4055-a051-0465d62eb5ca@group-78E0FE5F723E, cid=3448, SUCCESS, logIndex=5271, commits[4ee04582-2825-4055-a051-0465d62eb5ca:c5271, 97f5b9f0-d9ef-40b5-ba79-7414923e623f:c5269, 7d686585-d831-45bc-93fc-0a553b604b0e:c5269]
2019-07-08 23:05:13,173 INFO  client.GrpcClientProtocolClient (GrpcClientProtocolClient.java:onNext(255)) - client-CEF4D3493DC0->4ee04582-2825-4055-a051-0465d62eb5ca: receive RaftClientReply:client-CEF4D3493DC0->4ee04582-2825-4055-a051-0465d62eb5ca@group-78E0FE5F723E, cid=3449, SUCCESS, logIndex=5274, commits[4ee04582-2825-4055-a051-0465d62eb5ca:c5275, 97f5b9f0-d9ef-40b5-ba79-7414923e623f:c5273, 7d686585-d831-45bc-93fc-0a553b604b0e:c5273]
2019-07-08 23:05:13,173 INFO  client.GrpcClientProtocolClient (GrpcClientProtocolClient.java:onNext(255)) - client-CEF4D3493DC0->4ee04582-2825-4055-a051-0465d62eb5ca: receive RaftClientReply:client-CEF4D3493DC0->4ee04582-2825-4055-a051-0465d62eb5ca@group-78E0FE5F723E, cid=3450, SUCCESS, logIndex=5275, commits[4ee04582-2825-4055-a051-0465d62eb5ca:c5275, 97f5b9f0-d9ef-40b5-ba79-7414923e623f:c5273, 7d686585-d831-45bc-93fc-0a553b604b0e:c5273]
2019-07-08 23:05:13,174 INFO  client.GrpcClientProtocolClient (GrpcClientProtocolClient.java:onNext(255)) - client-CEF4D3493DC0->4ee04582-2825-4055-a051-0465d62eb5ca: receive RaftClientReply:client-CEF4D3493DC0->4ee04582-2825-4055-a051-0465d62eb5ca@group-78E0FE5F723E, cid=3451, SUCCESS, logIndex=0, commits[4ee04582-2825-4055-a051-0465d62eb5ca:c5276, 97f5b9f0-d9ef-40b5-ba79-7414923e623f:c5275, 7d686585-d831-45bc-93fc-0a553b604b0e:c5275]
2019-07-08 23:05:13,196 INFO  client.GrpcClientProtocolClient (GrpcClientProtocolClient.java:onNext(255)) - client-CEF4D3493DC0->4ee04582-2825-4055-a051-0465d62eb5ca: receive RaftClientReply:client-CEF4D3493DC0->4ee04582-2825-4055-a051-0465d62eb5ca@group-78E0FE5F723E, cid=3452, SUCCESS, logIndex=5278, commits[4ee04582-2825-4055-a051-0465d62eb5ca:c5279, 97f5b9f0-d9ef-40b5-ba79-7414923e623f:c5277, 7d686585-d831-45bc-93fc-0a553b604b0e:c5275]
2019-07-08 23:05:13,196 INFO  client.GrpcClientProtocolClient (GrpcClientProtocolClient.java:onNext(255)) - client-CEF4D3493DC0->4ee04582-2825-4055-a051-0465d62eb5ca: receive RaftClientReply:client-CEF4D3493DC0->4ee04582-2825-4055-a051-0465d62eb5ca@group-78E0FE5F723E, cid=3453, SUCCESS, logIndex=5279, commits[4ee04582-2825-4055-a051-0465d62eb5ca:c5279, 97f5b9f0-d9ef-40b5-ba79-7414923e623f:c5277, 7d686585-d831-45bc-93fc-0a553b604b0e:c5275]
2019-07-08 23:05:13,198 INFO  client.GrpcClientProtocolClient (GrpcClientProtocolClient.java:onNext(255)) - client-CEF4D3493DC0->4ee04582-2825-4055-a051-0465d62eb5ca: receive RaftClientReply:client-CEF4D3493DC0->4ee04582-2825-4055-a051-0465d62eb5ca@group-78E0FE5F723E, cid=3454, SUCCESS, logIndex=5280, commits[4ee04582-2825-4055-a051-0465d62eb5ca:c5281, 97f5b9f0-d9ef-40b5-ba79-7414923e623f:c5278, 7d686585-d831-45bc-93fc-0a553b604b0e:c5275]
2019-07-08 23:05:13,198 INFO  client.GrpcClientProtocolClient (GrpcClientProtocolClient.java:onNext(255)) - client-CEF4D3493DC0->4ee04582-2825-4055-a051-0465d62eb5ca: receive RaftClientReply:client-CEF4D3493DC0->4ee04582-2825-4055-a051-0465d62eb5ca@group-78E0FE5F723E, cid=3455, SUCCESS, logIndex=5281, commits[4ee04582-2825-4055-a051-0465d62eb5ca:c5283, 97f5b9f0-d9ef-40b5-ba79-7414923e623f:c5279, 7d686585-d831-45bc-93fc-0a553b604b0e:c5275]
2019-07-08 23:05:13,314 INFO  client.GrpcClientProtocolClient (GrpcClientProtocolClient.java:onNext(255)) - client-CEF4D3493DC0->4ee04582-2825-4055-a051-0465d62eb5ca: receive RaftClientReply:client-CEF4D3493DC0->4ee04582-2825-4055-a051-0465d62eb5ca@group-78E0FE5F723E, cid=3456, SUCCESS, logIndex=0, commits[4ee04582-2825-4055-a051-0465d62eb5ca:c5283, 97f5b9f0-d9ef-40b5-ba79-7414923e623f:c5279, 7d686585-d831-45bc-93fc-0a553b604b0e:c5279]
2019-07-08 23:05:13,336 INFO  client.GrpcClientProtocolClient (GrpcClientProtocolClient.java:onNext(255)) - client-CEF4D3493DC0->4ee04582-2825-4055-a051-0465d62eb5ca: receive RaftClientReply:client-CEF4D3493DC0->4ee04582-2825-4055-a051-0465d62eb5ca@group-78E0FE5F723E, cid=3457, SUCCESS, logIndex=5286, commits[4ee04582-2825-4055-a051-0465d62eb5ca:c5287, 97f5b9f0-d9ef-40b5-ba79-7414923e623f:c5285, 7d686585-d831-45bc-93fc-0a553b604b0e:c5285]
2019-07-08 23:05:13,336 INFO  client.GrpcClientProtocolClient (GrpcClientProtocolClient.java:onNext(255)) - client-CEF4D3493DC0->4ee04582-2825-4055-a051-0465d62eb5ca: receive RaftClientReply:client-CEF4D3493DC0->4ee04582-2825-4055-a051-0465d62eb5ca@group-78E0FE5F723E, cid=3458, SUCCESS, logIndex=5287, commits[4ee04582-2825-4055-a051-0465d62eb5ca:c5287, 97f5b9f0-d9ef-40b5-ba79-7414923e623f:c5285, 7d686585-d831-45bc-93fc-0a553b604b0e:c5285]
2019-07-08 23:05:13,357 INFO  client.GrpcClientProtocolClient (GrpcClientProtocolClient.java:onNext(255)) - client-CEF4D3493DC0->4ee04582-2825-4055-a051-0465d62eb5ca: receive RaftClientReply:client-CEF4D3493DC0->4ee04582-2825-4055-a051-0465d62eb5ca@group-78E0FE5F723E, cid=3459, SUCCESS, logIndex=5290, commits[4ee04582-2825-4055-a051-0465d62eb5ca:c5291, 97f5b9f0-d9ef-40b5-ba79-7414923e623f:c5289, 7d686585-d831-45bc-93fc-0a553b604b0e:c5289]
2019-07-08 23:05:13,357 INFO  client.GrpcClientProtocolClient (GrpcClientProtocolClient.java:onNext(255)) - client-CEF4D3493DC0->4ee04582-2825-4055-a051-0465d62eb5ca: receive RaftClientReply:client-CEF4D3493DC0->4ee04582-2825-4055-a051-0465d62eb5ca@group-78E0FE5F723E, cid=3460, SUCCESS, logIndex=5291, commits[4ee04582-2825-4055-a051-0465d62eb5ca:c5291, 97f5b9f0-d9ef-40b5-ba79-7414923e623f:c5289, 7d686585-d831-45bc-93fc-0a553b604b0e:c5289]
2019-07-08 23:05:13,362 INFO  client.GrpcClientProtocolClient (GrpcClientProtocolClient.java:onNext(255)) - client-CEF4D3493DC0->4ee04582-2825-4055-a051-0465d62eb5ca: receive RaftClientReply:client-CEF4D3493DC0->4ee04582-2825-4055-a051-0465d62eb5ca@group-78E0FE5F723E, cid=3461, SUCCESS, logIndex=0, commits[4ee04582-2825-4055-a051-0465d62eb5ca:c5293, 97f5b9f0-d9ef-40b5-ba79-7414923e623f:c5291, 7d686585-d831-45bc-93fc-0a553b604b0e:c5291]
2019-07-08 23:05:13,390 INFO  client.GrpcClientProtocolClient (GrpcClientProtocolClient.java:onNext(255)) - client-CEF4D3493DC0->4ee04582-2825-4055-a051-0465d62eb5ca: receive RaftClientReply:client-CEF4D3493DC0->4ee04582-2825-4055-a051-0465d62eb5ca@group-78E0FE5F723E, cid=3462, SUCCESS, logIndex=5294, commits[4ee04582-2825-4055-a051-0465d62eb5ca:c5295, 97f5b9f0-d9ef-40b5-ba79-7414923e623f:c5293, 7d686585-d831-45bc-93fc-0a553b604b0e:c5293]
2019-07-08 23:05:13,391 INFO  client.GrpcClientProtocolClient (GrpcClientProtocolClient.java:onNext(255)) - client-CEF4D3493DC0->4ee04582-2825-4055-a051-0465d62eb5ca: receive RaftClientReply:client-CEF4D3493DC0->4ee04582-2825-4055-a051-0465d62eb5ca@group-78E0FE5F723E, cid=3463, SUCCESS, logIndex=5295, commits[4ee04582-2825-4055-a051-0465d62eb5ca:c5295, 97f5b9f0-d9ef-40b5-ba79-7414923e623f:c5293, 7d686585-d831-45bc-93fc-0a553b604b0e:c5293]
2019-07-08 23:05:13,394 INFO  client.GrpcClientProtocolClient (GrpcClientProtocolClient.java:onNext(255)) - client-CEF4D3493DC0->4ee04582-2825-4055-a051-0465d62eb5ca: receive RaftClientReply:client-CEF4D3493DC0->4ee04582-2825-4055-a051-0465d62eb5ca@group-78E0FE5F723E, cid=3464, SUCCESS, logIndex=5296, commits[4ee04582-2825-4055-a051-0465d62eb5ca:c5298, 97f5b9f0-d9ef-40b5-ba79-7414923e623f:c5295, 7d686585-d831-45bc-93fc-0a553b604b0e:c5293]
2019-07-08 23:05:13,394 INFO  client.GrpcClientProtocolClient (GrpcClientProtocolClient.java:onNext(255)) - client-CEF4D3493DC0->4ee04582-2825-4055-a051-0465d62eb5ca: receive RaftClientReply:client-CEF4D3493DC0->4ee04582-2825-4055-a051-0465d62eb5ca@group-78E0FE5F723E, cid=3465, SUCCESS, logIndex=5297, commits[4ee04582-2825-4055-a051-0465d62eb5ca:c5299, 97f5b9f0-d9ef-40b5-ba79-7414923e623f:c5295, 7d686585-d831-45bc-93fc-0a553b604b0e:c5293]
2019-07-08 23:05:13,395 INFO  client.GrpcClientProtocolClient (GrpcClientProtocolClient.java:onNext(255)) - client-CEF4D3493DC0->4ee04582-2825-4055-a051-0465d62eb5ca: receive RaftClientReply:client-CEF4D3493DC0->4ee04582-2825-4055-a051-0465d62eb5ca@group-78E0FE5F723E, cid=3466, SUCCESS, logIndex=0, commits[4ee04582-2825-4055-a051-0465d62eb5ca:c5300, 97f5b9f0-d9ef-40b5-ba79-7414923e623f:c5296, 7d686585-d831-45bc-93fc-0a553b604b0e:c5295]
2019-07-08 23:05:13,410 INFO  client.GrpcClientProtocolClient (GrpcClientProtocolClient.java:onNext(255)) - client-CEF4D3493DC0->4ee04582-2825-4055-a051-0465d62eb5ca: receive RaftClientReply:client-CEF4D3493DC0->4ee04582-2825-4055-a051-0465d62eb5ca@group-78E0FE5F723E, cid=3467, SUCCESS, logIndex=5302, commits[4ee04582-2825-4055-a051-0465d62eb5ca:c5303, 97f5b9f0-d9ef-40b5-ba79-7414923e623f:c5301, 7d686585-d831-45bc-93fc-0a553b604b0e:c5301]
2019-07-08 23:05:13,410 INFO  client.GrpcClientProtocolClient (GrpcClientProtocolClient.java:onNext(255)) - client-CEF4D3493DC0->4ee04582-2825-4055-a051-0465d62eb5ca: receive RaftClientReply:client-CEF4D3493DC0->4ee04582-2825-4055-a051-0465d62eb5ca@group-78E0FE5F723E, cid=3468, SUCCESS, logIndex=5303, commits[4ee04582-2825-4055-a051-0465d62eb5ca:c5303, 97f5b9f0-d9ef-40b5-ba79-7414923e623f:c5301, 7d686585-d831-45bc-93fc-0a553b604b0e:c5301]
2019-07-08 23:05:13,437 INFO  client.GrpcClientProtocolClient (GrpcClientProtocolClient.java:onNext(255)) - client-CEF4D3493DC0->4ee04582-2825-4055-a051-0465d62eb5ca: receive RaftClientReply:client-CEF4D3493DC0->4ee04582-2825-4055-a051-0465d62eb5ca@group-78E0FE5F723E, cid=3469, SUCCESS, logIndex=5306, commits[4ee04582-2825-4055-a051-0465d62eb5ca:c5307, 97f5b9f0-d9ef-40b5-ba79-7414923e623f:c5305, 7d686585-d831-45bc-93fc-0a553b604b0e:c5305]
2019-07-08 23:05:13,438 INFO  client.GrpcClientProtocolClient (GrpcClientProtocolClient.java:onNext(255)) - client-CEF4D3493DC0->4ee04582-2825-4055-a051-0465d62eb5ca: receive RaftClientReply:client-CEF4D3493DC0->4ee04582-2825-4055-a051-0465d62eb5ca@group-78E0FE5F723E, cid=3470, SUCCESS, logIndex=5307, commits[4ee04582-2825-4055-a051-0465d62eb5ca:c5307, 97f5b9f0-d9ef-40b5-ba79-7414923e623f:c5305, 7d686585-d831-45bc-93fc-0a553b604b0e:c5305]
2019-07-08 23:05:13,444 INFO  client.GrpcClientProtocolClient (GrpcClientProtocolClient.java:onNext(255)) - client-CEF4D3493DC0->4ee04582-2825-4055-a051-0465d62eb5ca: receive RaftClientReply:client-CEF4D3493DC0->4ee04582-2825-4055-a051-0465d62eb5ca@group-78E0FE5F723E, cid=3471, SUCCESS, logIndex=0, commits[4ee04582-2825-4055-a051-0465d62eb5ca:c5308, 97f5b9f0-d9ef-40b5-ba79-7414923e623f:c5307, 7d686585-d831-45bc-93fc-0a553b604b0e:c5307]
2019-07-08 23:05:13,473 INFO  client.GrpcClientProtocolClient (GrpcClientProtocolClient.java:onNext(255)) - client-CEF4D3493DC0->4ee04582-2825-4055-a051-0465d62eb5ca: receive RaftClientReply:client-CEF4D3493DC0->4ee04582-2825-4055-a051-0465d62eb5ca@group-78E0FE5F723E, cid=3472, SUCCESS, logIndex=5310, commits[4ee04582-2825-4055-a051-0465d62eb5ca:c5312, 97f5b9f0-d9ef-40b5-ba79-7414923e623f:c5309, 7d686585-d831-45bc-93fc-0a553b604b0e:c5307]
2019-07-08 23:05:13,474 INFO  client.GrpcClientProtocolClient (GrpcClientProtocolClient.java:onNext(255)) - client-CEF4D3493DC0->4ee04582-2825-4055-a051-0465d62eb5ca: receive RaftClientReply:client-CEF4D3493DC0->4ee04582-2825-4055-a051-0465d62eb5ca@group-78E0FE5F723E, cid=3473, SUCCESS, logIndex=5311, commits[4ee04582-2825-4055-a051-0465d62eb5ca:c5313, 97f5b9f0-d9ef-40b5-ba79-7414923e623f:c5309, 7d686585-d831-45bc-93fc-0a553b604b0e:c5309]
2019-07-08 23:05:13,474 INFO  client.GrpcClientProtocolClient (GrpcClientProtocolClient.java:onNext(255)) - client-CEF4D3493DC0->4ee04582-2825-4055-a051-0465d62eb5ca: receive RaftClientReply:client-CEF4D3493DC0->4ee04582-2825-4055-a051-0465d62eb5ca@group-78E0FE5F723E, cid=3474, SUCCESS, logIndex=5312, commits[4ee04582-2825-4055-a051-0465d62eb5ca:c5313, 97f5b9f0-d9ef-40b5-ba79-7414923e623f:c5309, 7d686585-d831-45bc-93fc-0a553b604b0e:c5309]
2019-07-08 23:05:13,474 INFO  client.GrpcClientProtocolClient (GrpcClientProtocolClient.java:onNext(255)) - client-CEF4D3493DC0->4ee04582-2825-4055-a051-0465d62eb5ca: receive RaftClientReply:client-CEF4D3493DC0->4ee04582-2825-4055-a051-0465d62eb5ca@group-78E0FE5F723E, cid=3475, SUCCESS, logIndex=5313, commits[4ee04582-2825-4055-a051-0465d62eb5ca:c5313, 97f5b9f0-d9ef-40b5-ba79-7414923e623f:c5309, 7d686585-d831-45bc-93fc-0a553b604b0e:c5309]
2019-07-08 23:05:13,477 INFO  client.GrpcClientProtocolClient (GrpcClientProtocolClient.java:onNext(255)) - client-CEF4D3493DC0->4ee04582-2825-4055-a051-0465d62eb5ca: receive RaftClientReply:client-CEF4D3493DC0->4ee04582-2825-4055-a051-0465d62eb5ca@group-78E0FE5F723E, cid=3476, SUCCESS, logIndex=0, commits[4ee04582-2825-4055-a051-0465d62eb5ca:c5314, 97f5b9f0-d9ef-40b5-ba79-7414923e623f:c5312, 7d686585-d831-45bc-93fc-0a553b604b0e:c5312]
2019-07-08 23:05:13,489 INFO  client.GrpcClientProtocolClient (GrpcClientProtocolClient.java:onNext(255)) - client-CEF4D3493DC0->4ee04582-2825-4055-a051-0465d62eb5ca: receive RaftClientReply:client-CEF4D3493DC0->4ee04582-2825-4055-a051-0465d62eb5ca@group-78E0FE5F723E, cid=3477, SUCCESS, logIndex=5317, commits[4ee04582-2825-4055-a051-0465d62eb5ca:c5318, 97f5b9f0-d9ef-40b5-ba79-7414923e623f:c5316, 7d686585-d831-45bc-93fc-0a553b604b0e:c5313]
2019-07-08 23:05:13,490 INFO  client.GrpcClientProtocolClient (GrpcClientProtocolClient.java:onNext(255)) - client-CEF4D3493DC0->4ee04582-2825-4055-a051-0465d62eb5ca: receive RaftClientReply:client-CEF4D3493DC0->4ee04582-2825-4055-a051-0465d62eb5ca@group-78E0FE5F723E, cid=3478, SUCCESS, logIndex=5318, commits[4ee04582-2825-4055-a051-0465d62eb5ca:c5318, 97f5b9f0-d9ef-40b5-ba79-7414923e623f:c5316, 7d686585-d831-45bc-93fc-0a553b604b0e:c5316]
2019-07-08 23:05:13,503 INFO  client.GrpcClientProtocolClient (GrpcClientProtocolClient.java:onNext(255)) - client-CEF4D3493DC0->4ee04582-2825-4055-a051-0465d62eb5ca: receive RaftClientReply:client-CEF4D3493DC0->4ee04582-2825-4055-a051-0465d62eb5ca@group-78E0FE5F723E, cid=3479, SUCCESS, logIndex=5321, commits[4ee04582-2825-4055-a051-0465d62eb5ca:c5322, 97f5b9f0-d9ef-40b5-ba79-7414923e623f:c5320, 7d686585-d831-45bc-93fc-0a553b604b0e:c5320]
2019-07-08 23:05:13,503 INFO  client.GrpcClientProtocolClient (GrpcClientProtocolClient.java:onNext(255)) - client-CEF4D3493DC0->4ee04582-2825-4055-a051-0465d62eb5ca: receive RaftClientReply:client-CEF4D3493DC0->4ee04582-2825-4055-a051-0465d62eb5ca@group-78E0FE5F723E, cid=3480, SUCCESS, logIndex=5322, commits[4ee04582-2825-4055-a051-0465d62eb5ca:c5322, 97f5b9f0-d9ef-40b5-ba79-7414923e623f:c5320, 7d686585-d831-45bc-93fc-0a553b604b0e:c5320]
2019-07-08 23:05:13,506 INFO  client.GrpcClientProtocolClient (GrpcClientProtocolClient.java:onNext(255)) - client-CEF4D3493DC0->4ee04582-2825-4055-a051-0465d62eb5ca: receive RaftClientReply:client-CEF4D3493DC0->4ee04582-2825-4055-a051-0465d62eb5ca@group-78E0FE5F723E, cid=3481, SUCCESS, logIndex=0, commits[4ee04582-2825-4055-a051-0465d62eb5ca:c5323, 97f5b9f0-d9ef-40b5-ba79-7414923e623f:c5322, 7d686585-d831-45bc-93fc-0a553b604b0e:c5322]
2019-07-08 23:05:13,532 INFO  client.GrpcClientProtocolClient (GrpcClientProtocolClient.java:onNext(255)) - client-CEF4D3493DC0->4ee04582-2825-4055-a051-0465d62eb5ca: receive RaftClientReply:client-CEF4D3493DC0->4ee04582-2825-4055-a051-0465d62eb5ca@group-78E0FE5F723E, cid=3482, SUCCESS, logIndex=5325, commits[4ee04582-2825-4055-a051-0465d62eb5ca:c5326, 97f5b9f0-d9ef-40b5-ba79-7414923e623f:c5322, 7d686585-d831-45bc-93fc-0a553b604b0e:c5324]
2019-07-08 23:05:13,533 INFO  client.GrpcClientProtocolClient (GrpcClientProtocolClient.java:onNext(255)) - client-CEF4D3493DC0->4ee04582-2825-4055-a051-0465d62eb5ca: receive RaftClientReply:client-CEF4D3493DC0->4ee04582-2825-4055-a051-0465d62eb5ca@group-78E0FE5F723E, cid=3483, SUCCESS, logIndex=5326, commits[4ee04582-2825-4055-a051-0465d62eb5ca:c5326, 97f5b9f0-d9ef-40b5-ba79-7414923e623f:c5322, 7d686585-d831-45bc-93fc-0a553b604b0e:c5324]
2019-07-08 23:05:13,535 INFO  client.GrpcClientProtocolClient (GrpcClientProtocolClient.java:onNext(255)) - client-CEF4D3493DC0->4ee04582-2825-4055-a051-0465d62eb5ca: receive RaftClientReply:client-CEF4D3493DC0->4ee04582-2825-4055-a051-0465d62eb5ca@group-78E0FE5F723E, cid=3484, SUCCESS, logIndex=5327, commits[4ee04582-2825-4055-a051-0465d62eb5ca:c5329, 97f5b9f0-d9ef-40b5-ba79-7414923e623f:c5322, 7d686585-d831-45bc-93fc-0a553b604b0e:c5326]
2019-07-08 23:05:13,536 INFO  client.GrpcClientProtocolClient (GrpcClientProtocolClient.java:onNext(255)) - client-CEF4D3493DC0->4ee04582-2825-4055-a051-0465d62eb5ca: receive RaftClientReply:client-CEF4D3493DC0->4ee04582-2825-4055-a051-0465d62eb5ca@group-78E0FE5F723E, cid=3485, SUCCESS, logIndex=5328, commits[4ee04582-2825-4055-a051-0465d62eb5ca:c5330, 97f5b9f0-d9ef-40b5-ba79-7414923e623f:c5324, 7d686585-d831-45bc-93fc-0a553b604b0e:c5326]
2019-07-08 23:05:13,537 INFO  client.GrpcClientProtocolClient (GrpcClientProtocolClient.java:onNext(255)) - client-CEF4D3493DC0->4ee04582-2825-4055-a051-0465d62eb5ca: receive RaftClientReply:client-CEF4D3493DC0->4ee04582-2825-4055-a051-0465d62eb5ca@group-78E0FE5F723E, cid=3486, SUCCESS, logIndex=0, commits[4ee04582-2825-4055-a051-0465d62eb5ca:c5330, 97f5b9f0-d9ef-40b5-ba79-7414923e623f:c5326, 7d686585-d831-45bc-93fc-0a553b604b0e:c5326]
2019-07-08 23:05:13,557 INFO  client.GrpcClientProtocolClient (GrpcClientProtocolClient.java:onNext(255)) - client-CEF4D3493DC0->4ee04582-2825-4055-a051-0465d62eb5ca: receive RaftClientReply:client-CEF4D3493DC0->4ee04582-2825-4055-a051-0465d62eb5ca@group-78E0FE5F723E, cid=3487, SUCCESS, logIndex=5333, commits[4ee04582-2825-4055-a051-0465d62eb5ca:c5334, 97f5b9f0-d9ef-40b5-ba79-7414923e623f:c5328, 7d686585-d831-45bc-93fc-0a553b604b0e:c5332]
2019-07-08 23:05:13,558 INFO  client.GrpcClientProtocolClient (GrpcClientProtocolClient.java:onNext(255)) - client-CEF4D3493DC0->4ee04582-2825-4055-a051-0465d62eb5ca: receive RaftClientReply:client-CEF4D3493DC0->4ee04582-2825-4055-a051-0465d62eb5ca@group-78E0FE5F723E, cid=3488, SUCCESS, logIndex=5334, commits[4ee04582-2825-4055-a051-0465d62eb5ca:c5334, 97f5b9f0-d9ef-40b5-ba79-7414923e623f:c5332, 7d686585-d831-45bc-93fc-0a553b604b0e:c5332]
2019-07-08 23:05:13,571 INFO  client.GrpcClientProtocolClient (GrpcClientProtocolClient.java:onNext(255)) - client-CEF4D3493DC0->4ee04582-2825-4055-a051-0465d62eb5ca: receive RaftClientReply:client-CEF4D3493DC0->4ee04582-2825-4055-a051-0465d62eb5ca@group-78E0FE5F723E, cid=3489, SUCCESS, logIndex=5337, commits[4ee04582-2825-4055-a051-0465d62eb5ca:c5338, 97f5b9f0-d9ef-40b5-ba79-7414923e623f:c5336, 7d686585-d831-45bc-93fc-0a553b604b0e:c5334]
2019-07-08 23:05:13,572 INFO  client.GrpcClientProtocolClient (GrpcClientProtocolClient.java:onNext(255)) - client-CEF4D3493DC0->4ee04582-2825-4055-a051-0465d62eb5ca: receive RaftClientReply:client-CEF4D3493DC0->4ee04582-2825-4055-a051-0465d62eb5ca@group-78E0FE5F723E, cid=3490, SUCCESS, logIndex=5338, commits[4ee04582-2825-4055-a051-0465d62eb5ca:c5338, 97f5b9f0-d9ef-40b5-ba79-7414923e623f:c5336, 7d686585-d831-45bc-93fc-0a553b604b0e:c5336]
2019-07-08 23:05:13,574 INFO  client.GrpcClientProtocolClient (GrpcClientProtocolClient.java:onNext(255)) - client-CEF4D3493DC0->4ee04582-2825-4055-a051-0465d62eb5ca: receive RaftClientReply:client-CEF4D3493DC0->4ee04582-2825-4055-a051-0465d62eb5ca@group-78E0FE5F723E, cid=3491, SUCCESS, logIndex=0, commits[4ee04582-2825-4055-a051-0465d62eb5ca:c5339, 97f5b9f0-d9ef-40b5-ba79-7414923e623f:c5338, 7d686585-d831-45bc-93fc-0a553b604b0e:c5338]
2019-07-08 23:05:13,601 INFO  client.GrpcClientProtocolClient (GrpcClientProtocolClient.java:onNext(255)) - client-CEF4D3493DC0->4ee04582-2825-4055-a051-0465d62eb5ca: receive RaftClientReply:client-CEF4D3493DC0->4ee04582-2825-4055-a051-0465d62eb5ca@group-78E0FE5F723E, cid=3492, SUCCESS, logIndex=5340, commits[4ee04582-2825-4055-a051-0465d62eb5ca:c5341, 97f5b9f0-d9ef-40b5-ba79-7414923e623f:c5339, 7d686585-d831-45bc-93fc-0a553b604b0e:c5339]
2019-07-08 23:05:13,601 INFO  client.GrpcClientProtocolClient (GrpcClientProtocolClient.java:onNext(255)) - client-CEF4D3493DC0->4ee04582-2825-4055-a051-0465d62eb5ca: receive RaftClientReply:client-CEF4D3493DC0->4ee04582-2825-4055-a051-0465d62eb5ca@group-78E0FE5F723E, cid=3493, SUCCESS, logIndex=5341, commits[4ee04582-2825-4055-a051-0465d62eb5ca:c5341, 97f5b9f0-d9ef-40b5-ba79-7414923e623f:c5339, 7d686585-d831-45bc-93fc-0a553b604b0e:c5339]
2019-07-08 23:05:13,603 INFO  client.GrpcClientProtocolClient (GrpcClientProtocolClient.java:onNext(255)) - client-CEF4D3493DC0->4ee04582-2825-4055-a051-0465d62eb5ca: receive RaftClientReply:client-CEF4D3493DC0->4ee04582-2825-4055-a051-0465d62eb5ca@group-78E0FE5F723E, cid=3494, SUCCESS, logIndex=5342, commits[4ee04582-2825-4055-a051-0465d62eb5ca:c5344, 97f5b9f0-d9ef-40b5-ba79-7414923e623f:c5341, 7d686585-d831-45bc-93fc-0a553b604b0e:c5339]
2019-07-08 23:05:13,603 INFO  client.GrpcClientProtocolClient (GrpcClientProtocolClient.java:onNext(255)) - client-CEF4D3493DC0->4ee04582-2825-4055-a051-0465d62eb5ca: receive RaftClientReply:client-CEF4D3493DC0->4ee04582-2825-4055-a051-0465d62eb5ca@group-78E0FE5F723E, cid=3495, SUCCESS, logIndex=5343, commits[4ee04582-2825-4055-a051-0465d62eb5ca:c5345, 97f5b9f0-d9ef-40b5-ba79-7414923e623f:c5341, 7d686585-d831-45bc-93fc-0a553b604b0e:c5339]
2019-07-08 23:05:13,604 INFO  client.GrpcClientProtocolClient (GrpcClientProtocolClient.java:onNext(255)) - client-CEF4D3493DC0->4ee04582-2825-4055-a051-0465d62eb5ca: receive RaftClientReply:client-CEF4D3493DC0->4ee04582-2825-4055-a051-0465d62eb5ca@group-78E0FE5F723E, cid=3496, SUCCESS, logIndex=0, commits[4ee04582-2825-4055-a051-0465d62eb5ca:c5345, 97f5b9f0-d9ef-40b5-ba79-7414923e623f:c5341, 7d686585-d831-45bc-93fc-0a553b604b0e:c5341]
2019-07-08 23:05:13,614 INFO  client.GrpcClientProtocolClient (GrpcClientProtocolClient.java:onNext(255)) - client-CEF4D3493DC0->4ee04582-2825-4055-a051-0465d62eb5ca: receive RaftClientReply:client-CEF4D3493DC0->4ee04582-2825-4055-a051-0465d62eb5ca@group-78E0FE5F723E, cid=3497, SUCCESS, logIndex=5348, commits[4ee04582-2825-4055-a051-0465d62eb5ca:c5349, 97f5b9f0-d9ef-40b5-ba79-7414923e623f:c5347, 7d686585-d831-45bc-93fc-0a553b604b0e:c5343]
2019-07-08 23:05:13,615 INFO  client.GrpcClientProtocolClient (GrpcClientProtocolClient.java:onNext(255)) - client-CEF4D3493DC0->4ee04582-2825-4055-a051-0465d62eb5ca: receive RaftClientReply:client-CEF4D3493DC0->4ee04582-2825-4055-a051-0465d62eb5ca@group-78E0FE5F723E, cid=3498, SUCCESS, logIndex=5349, commits[4ee04582-2825-4055-a051-0465d62eb5ca:c5349, 97f5b9f0-d9ef-40b5-ba79-7414923e623f:c5347, 7d686585-d831-45bc-93fc-0a553b604b0e:c5343]
2019-07-08 23:05:13,627 INFO  client.GrpcClientProtocolClient (GrpcClientProtocolClient.java:onNext(255)) - client-CEF4D3493DC0->4ee04582-2825-4055-a051-0465d62eb5ca: receive RaftClientReply:client-CEF4D3493DC0->4ee04582-2825-4055-a051-0465d62eb5ca@group-78E0FE5F723E, cid=3499, SUCCESS, logIndex=5352, commits[4ee04582-2825-4055-a051-0465d62eb5ca:c5353, 97f5b9f0-d9ef-40b5-ba79-7414923e623f:c5351, 7d686585-d831-45bc-93fc-0a553b604b0e:c5351]
2019-07-08 23:05:13,627 INFO  client.GrpcClientProtocolClient (GrpcClientProtocolClient.java:onNext(255)) - client-CEF4D3493DC0->4ee04582-2825-4055-a051-0465d62eb5ca: receive RaftClientReply:client-CEF4D3493DC0->4ee04582-2825-4055-a051-0465d62eb5ca@group-78E0FE5F723E, cid=3500, SUCCESS, logIndex=5353, commits[4ee04582-2825-4055-a051-0465d62eb5ca:c5353, 97f5b9f0-d9ef-40b5-ba79-7414923e623f:c5351, 7d686585-d831-45bc-93fc-0a553b604b0e:c5351]
2019-07-08 23:05:13,630 INFO  client.GrpcClientProtocolClient (GrpcClientProtocolClient.java:onNext(255)) - client-CEF4D3493DC0->4ee04582-2825-4055-a051-0465d62eb5ca: receive RaftClientReply:client-CEF4D3493DC0->4ee04582-2825-4055-a051-0465d62eb5ca@group-78E0FE5F723E, cid=3501, SUCCESS, logIndex=0, commits[4ee04582-2825-4055-a051-0465d62eb5ca:c5354, 97f5b9f0-d9ef-40b5-ba79-7414923e623f:c5353, 7d686585-d831-45bc-93fc-0a553b604b0e:c5353]
2019-07-08 23:05:13,664 INFO  client.GrpcClientProtocolClient (GrpcClientProtocolClient.java:onNext(255)) - client-CEF4D3493DC0->4ee04582-2825-4055-a051-0465d62eb5ca: receive RaftClientReply:client-CEF4D3493DC0->4ee04582-2825-4055-a051-0465d62eb5ca@group-78E0FE5F723E, cid=3502, SUCCESS, logIndex=5356, commits[4ee04582-2825-4055-a051-0465d62eb5ca:c5359, 97f5b9f0-d9ef-40b5-ba79-7414923e623f:c5355, 7d686585-d831-45bc-93fc-0a553b604b0e:c5355]
2019-07-08 23:05:13,665 INFO  client.GrpcClientProtocolClient (GrpcClientProtocolClient.java:onNext(255)) - client-CEF4D3493DC0->4ee04582-2825-4055-a051-0465d62eb5ca: receive RaftClientReply:client-CEF4D3493DC0->4ee04582-2825-4055-a051-0465d62eb5ca@group-78E0FE5F723E, cid=3503, SUCCESS, logIndex=5357, commits[4ee04582-2825-4055-a051-0465d62eb5ca:c5359, 97f5b9f0-d9ef-40b5-ba79-7414923e623f:c5355, 7d686585-d831-45bc-93fc-0a553b604b0e:c5355]
2019-07-08 23:05:13,665 INFO  client.GrpcClientProtocolClient (GrpcClientProtocolClient.java:onNext(255)) - client-CEF4D3493DC0->4ee04582-2825-4055-a051-0465d62eb5ca: receive RaftClientReply:client-CEF4D3493DC0->4ee04582-2825-4055-a051-0465d62eb5ca@group-78E0FE5F723E, cid=3504, SUCCESS, logIndex=5358, commits[4ee04582-2825-4055-a051-0465d62eb5ca:c5359, 97f5b9f0-d9ef-40b5-ba79-7414923e623f:c5355, 7d686585-d831-45bc-93fc-0a553b604b0e:c5355]
2019-07-08 23:05:13,665 INFO  client.GrpcClientProtocolClient (GrpcClientProtocolClient.java:onNext(255)) - client-CEF4D3493DC0->4ee04582-2825-4055-a051-0465d62eb5ca: receive RaftClientReply:client-CEF4D3493DC0->4ee04582-2825-4055-a051-0465d62eb5ca@group-78E0FE5F723E, cid=3505, SUCCESS, logIndex=5359, commits[4ee04582-2825-4055-a051-0465d62eb5ca:c5359, 97f5b9f0-d9ef-40b5-ba79-7414923e623f:c5355, 7d686585-d831-45bc-93fc-0a553b604b0e:c5355]
2019-07-08 23:05:13,667 INFO  client.GrpcClientProtocolClient (GrpcClientProtocolClient.java:onNext(255)) - client-CEF4D3493DC0->4ee04582-2825-4055-a051-0465d62eb5ca: receive RaftClientReply:client-CEF4D3493DC0->4ee04582-2825-4055-a051-0465d62eb5ca@group-78E0FE5F723E, cid=3506, SUCCESS, logIndex=0, commits[4ee04582-2825-4055-a051-0465d62eb5ca:c5360, 97f5b9f0-d9ef-40b5-ba79-7414923e623f:c5357, 7d686585-d831-45bc-93fc-0a553b604b0e:c5357]
2019-07-08 23:05:13,692 INFO  client.GrpcClientProtocolClient (GrpcClientProtocolClient.java:onNext(255)) - client-CEF4D3493DC0->4ee04582-2825-4055-a051-0465d62eb5ca: receive RaftClientReply:client-CEF4D3493DC0->4ee04582-2825-4055-a051-0465d62eb5ca@group-78E0FE5F723E, cid=3507, SUCCESS, logIndex=5364, commits[4ee04582-2825-4055-a051-0465d62eb5ca:c5365, 97f5b9f0-d9ef-40b5-ba79-7414923e623f:c5363, 7d686585-d831-45bc-93fc-0a553b604b0e:c5363]
2019-07-08 23:05:13,692 INFO  client.GrpcClientProtocolClient (GrpcClientProtocolClient.java:onNext(255)) - client-CEF4D3493DC0->4ee04582-2825-4055-a051-0465d62eb5ca: receive RaftClientReply:client-CEF4D3493DC0->4ee04582-2825-4055-a051-0465d62eb5ca@group-78E0FE5F723E, cid=3508, SUCCESS, logIndex=5365, commits[4ee04582-2825-4055-a051-0465d62eb5ca:c5365, 97f5b9f0-d9ef-40b5-ba79-7414923e623f:c5363, 7d686585-d831-45bc-93fc-0a553b604b0e:c5363]
2019-07-08 23:05:13,704 INFO  client.GrpcClientProtocolClient (GrpcClientProtocolClient.java:onNext(255)) - client-CEF4D3493DC0->4ee04582-2825-4055-a051-0465d62eb5ca: receive RaftClientReply:client-CEF4D3493DC0->4ee04582-2825-4055-a051-0465d62eb5ca@group-78E0FE5F723E, cid=3509, SUCCESS, logIndex=5368, commits[4ee04582-2825-4055-a051-0465d62eb5ca:c5369, 97f5b9f0-d9ef-40b5-ba79-7414923e623f:c5365, 7d686585-d831-45bc-93fc-0a553b604b0e:c5367]
2019-07-08 23:05:13,704 INFO  client.GrpcClientProtocolClient (GrpcClientProtocolClient.java:onNext(255)) - client-CEF4D3493DC0->4ee04582-2825-4055-a051-0465d62eb5ca: receive RaftClientReply:client-CEF4D3493DC0->4ee04582-2825-4055-a051-0465d62eb5ca@group-78E0FE5F723E, cid=3510, SUCCESS, logIndex=5369, commits[4ee04582-2825-4055-a051-0465d62eb5ca:c5369, 97f5b9f0-d9ef-40b5-ba79-7414923e623f:c5367, 7d686585-d831-45bc-93fc-0a553b604b0e:c5367]
2019-07-08 23:05:13,708 INFO  client.GrpcClientProtocolClient (GrpcClientProtocolClient.java:onNext(255)) - client-CEF4D3493DC0->4ee04582-2825-4055-a051-0465d62eb5ca: receive RaftClientReply:client-CEF4D3493DC0->4ee04582-2825-4055-a051-0465d62eb5ca@group-78E0FE5F723E, cid=3511, SUCCESS, logIndex=0, commits[4ee04582-2825-4055-a051-0465d62eb5ca:c5371, 97f5b9f0-d9ef-40b5-ba79-7414923e623f:c5369, 7d686585-d831-45bc-93fc-0a553b604b0e:c5369]
2019-07-08 23:05:13,734 INFO  client.GrpcClientProtocolClient (GrpcClientProtocolClient.java:onNext(255)) - client-CEF4D3493DC0->4ee04582-2825-4055-a051-0465d62eb5ca: receive RaftClientReply:client-CEF4D3493DC0->4ee04582-2825-4055-a051-0465d62eb5ca@group-78E0FE5F723E, cid=3512, SUCCESS, logIndex=5372, commits[4ee04582-2825-4055-a051-0465d62eb5ca:c5373, 97f5b9f0-d9ef-40b5-ba79-7414923e623f:c5371, 7d686585-d831-45bc-93fc-0a553b604b0e:c5369]
2019-07-08 23:05:13,734 INFO  client.GrpcClientProtocolClient (GrpcClientProtocolClient.java:onNext(255)) - client-CEF4D3493DC0->4ee04582-2825-4055-a051-0465d62eb5ca: receive RaftClientReply:client-CEF4D3493DC0->4ee04582-2825-4055-a051-0465d62eb5ca@group-78E0FE5F723E, cid=3513, SUCCESS, logIndex=5373, commits[4ee04582-2825-4055-a051-0465d62eb5ca:c5373, 97f5b9f0-d9ef-40b5-ba79-7414923e623f:c5371, 7d686585-d831-45bc-93fc-0a553b604b0e:c5369]
2019-07-08 23:05:13,737 INFO  client.GrpcClientProtocolClient (GrpcClientProtocolClient.java:onNext(255)) - client-CEF4D3493DC0->4ee04582-2825-4055-a051-0465d62eb5ca: receive RaftClientReply:client-CEF4D3493DC0->4ee04582-2825-4055-a051-0465d62eb5ca@group-78E0FE5F723E, cid=3514, SUCCESS, logIndex=5374, commits[4ee04582-2825-4055-a051-0465d62eb5ca:c5376, 97f5b9f0-d9ef-40b5-ba79-7414923e623f:c5372, 7d686585-d831-45bc-93fc-0a553b604b0e:c5369]
2019-07-08 23:05:13,738 INFO  client.GrpcClientProtocolClient (GrpcClientProtocolClient.java:onNext(255)) - client-CEF4D3493DC0->4ee04582-2825-4055-a051-0465d62eb5ca: receive RaftClientReply:client-CEF4D3493DC0->4ee04582-2825-4055-a051-0465d62eb5ca@group-78E0FE5F723E, cid=3515, SUCCESS, logIndex=5375, commits[4ee04582-2825-4055-a051-0465d62eb5ca:c5377, 97f5b9f0-d9ef-40b5-ba79-7414923e623f:c5373, 7d686585-d831-45bc-93fc-0a553b604b0e:c5371]
2019-07-08 23:05:13,739 INFO  client.GrpcClientProtocolClient (GrpcClientProtocolClient.java:onNext(255)) - client-CEF4D3493DC0->4ee04582-2825-4055-a051-0465d62eb5ca: receive RaftClientReply:client-CEF4D3493DC0->4ee04582-2825-4055-a051-0465d62eb5ca@group-78E0FE5F723E, cid=3516, SUCCESS, logIndex=0, commits[4ee04582-2825-4055-a051-0465d62eb5ca:c5377, 97f5b9f0-d9ef-40b5-ba79-7414923e623f:c5373, 7d686585-d831-45bc-93fc-0a553b604b0e:c5373]
2019-07-08 23:05:13,751 INFO  client.GrpcClientProtocolClient (GrpcClientProtocolClient.java:onNext(255)) - client-CEF4D3493DC0->4ee04582-2825-4055-a051-0465d62eb5ca: receive RaftClientReply:client-CEF4D3493DC0->4ee04582-2825-4055-a051-0465d62eb5ca@group-78E0FE5F723E, cid=3517, SUCCESS, logIndex=5380, commits[4ee04582-2825-4055-a051-0465d62eb5ca:c5381, 97f5b9f0-d9ef-40b5-ba79-7414923e623f:c5379, 7d686585-d831-45bc-93fc-0a553b604b0e:c5379]
2019-07-08 23:05:13,752 INFO  client.GrpcClientProtocolClient (GrpcClientProtocolClient.java:onNext(255)) - client-CEF4D3493DC0->4ee04582-2825-4055-a051-0465d62eb5ca: receive RaftClientReply:client-CEF4D3493DC0->4ee04582-2825-4055-a051-0465d62eb5ca@group-78E0FE5F723E, cid=3518, SUCCESS, logIndex=5381, commits[4ee04582-2825-4055-a051-0465d62eb5ca:c5381, 97f5b9f0-d9ef-40b5-ba79-7414923e623f:c5379, 7d686585-d831-45bc-93fc-0a553b604b0e:c5379]
2019-07-08 23:05:13,772 INFO  client.GrpcClientProtocolClient (GrpcClientProtocolClient.java:onNext(255)) - client-CEF4D3493DC0->4ee04582-2825-4055-a051-0465d62eb5ca: receive RaftClientReply:client-CEF4D3493DC0->4ee04582-2825-4055-a051-0465d62eb5ca@group-78E0FE5F723E, cid=3519, SUCCESS, logIndex=5384, commits[4ee04582-2825-4055-a051-0465d62eb5ca:c5385, 97f5b9f0-d9ef-40b5-ba79-7414923e623f:c5383, 7d686585-d831-45bc-93fc-0a553b604b0e:c5383]
2019-07-08 23:05:13,772 INFO  client.GrpcClientProtocolClient (GrpcClientProtocolClient.java:onNext(255)) - client-CEF4D3493DC0->4ee04582-2825-4055-a051-0465d62eb5ca: receive RaftClientReply:client-CEF4D3493DC0->4ee04582-2825-4055-a051-0465d62eb5ca@group-78E0FE5F723E, cid=3520, SUCCESS, logIndex=5385, commits[4ee04582-2825-4055-a051-0465d62eb5ca:c5385, 97f5b9f0-d9ef-40b5-ba79-7414923e623f:c5383, 7d686585-d831-45bc-93fc-0a553b604b0e:c5383]
2019-07-08 23:05:13,774 INFO  client.GrpcClientProtocolClient (GrpcClientProtocolClient.java:onNext(255)) - client-CEF4D3493DC0->4ee04582-2825-4055-a051-0465d62eb5ca: receive RaftClientReply:client-CEF4D3493DC0->4ee04582-2825-4055-a051-0465d62eb5ca@group-78E0FE5F723E, cid=3521, SUCCESS, logIndex=0, commits[4ee04582-2825-4055-a051-0465d62eb5ca:c5386, 97f5b9f0-d9ef-40b5-ba79-7414923e623f:c5385, 7d686585-d831-45bc-93fc-0a553b604b0e:c5385]
2019-07-08 23:05:13,795 INFO  segmented.SegmentedRaftLogWorker (SegmentedRaftLogWorker.java:rollLogSegment(385)) - 4ee04582-2825-4055-a051-0465d62eb5ca-SegmentedRaftLogWorker:Storage Directory /tmp/workdir/hadoop-ozone/tools/target/test-dir/MiniOzoneClusterImpl-13ec0e00-d0a2-4ba5-bf37-07d65828aaea/datanode-4/data/ratis/58138646-2c88-4fbf-9759-78e0fe5f723e: Rolling segment log-0_5388 to index:5388
2019-07-08 23:05:13,798 INFO  segmented.SegmentedRaftLogWorker (SegmentedRaftLogWorker.java:rollLogSegment(385)) - 97f5b9f0-d9ef-40b5-ba79-7414923e623f-SegmentedRaftLogWorker:Storage Directory /tmp/workdir/hadoop-ozone/tools/target/test-dir/MiniOzoneClusterImpl-13ec0e00-d0a2-4ba5-bf37-07d65828aaea/datanode-3/data/ratis/58138646-2c88-4fbf-9759-78e0fe5f723e: Rolling segment log-0_5388 to index:5388
2019-07-08 23:05:13,798 INFO  segmented.SegmentedRaftLogWorker (SegmentedRaftLogWorker.java:rollLogSegment(385)) - 7d686585-d831-45bc-93fc-0a553b604b0e-SegmentedRaftLogWorker:Storage Directory /tmp/workdir/hadoop-ozone/tools/target/test-dir/MiniOzoneClusterImpl-13ec0e00-d0a2-4ba5-bf37-07d65828aaea/datanode-0/data/ratis/58138646-2c88-4fbf-9759-78e0fe5f723e: Rolling segment log-0_5388 to index:5388
2019-07-08 23:05:13,799 INFO  segmented.SegmentedRaftLogWorker (SegmentedRaftLogWorker.java:execute(526)) - 4ee04582-2825-4055-a051-0465d62eb5ca-SegmentedRaftLogWorker:Storage Directory /tmp/workdir/hadoop-ozone/tools/target/test-dir/MiniOzoneClusterImpl-13ec0e00-d0a2-4ba5-bf37-07d65828aaea/datanode-4/data/ratis/58138646-2c88-4fbf-9759-78e0fe5f723e: Rolled log segment from /tmp/workdir/hadoop-ozone/tools/target/test-dir/MiniOzoneClusterImpl-13ec0e00-d0a2-4ba5-bf37-07d65828aaea/datanode-4/data/ratis/58138646-2c88-4fbf-9759-78e0fe5f723e/current/log_inprogress_0 to /tmp/workdir/hadoop-ozone/tools/target/test-dir/MiniOzoneClusterImpl-13ec0e00-d0a2-4ba5-bf37-07d65828aaea/datanode-4/data/ratis/58138646-2c88-4fbf-9759-78e0fe5f723e/current/log_0-5388
2019-07-08 23:05:13,800 INFO  segmented.SegmentedRaftLogWorker (SegmentedRaftLogWorker.java:execute(526)) - 7d686585-d831-45bc-93fc-0a553b604b0e-SegmentedRaftLogWorker:Storage Directory /tmp/workdir/hadoop-ozone/tools/target/test-dir/MiniOzoneClusterImpl-13ec0e00-d0a2-4ba5-bf37-07d65828aaea/datanode-0/data/ratis/58138646-2c88-4fbf-9759-78e0fe5f723e: Rolled log segment from /tmp/workdir/hadoop-ozone/tools/target/test-dir/MiniOzoneClusterImpl-13ec0e00-d0a2-4ba5-bf37-07d65828aaea/datanode-0/data/ratis/58138646-2c88-4fbf-9759-78e0fe5f723e/current/log_inprogress_0 to /tmp/workdir/hadoop-ozone/tools/target/test-dir/MiniOzoneClusterImpl-13ec0e00-d0a2-4ba5-bf37-07d65828aaea/datanode-0/data/ratis/58138646-2c88-4fbf-9759-78e0fe5f723e/current/log_0-5388
2019-07-08 23:05:13,803 INFO  segmented.SegmentedRaftLogWorker (SegmentedRaftLogWorker.java:execute(526)) - 97f5b9f0-d9ef-40b5-ba79-7414923e623f-SegmentedRaftLogWorker:Storage Directory /tmp/workdir/hadoop-ozone/tools/target/test-dir/MiniOzoneClusterImpl-13ec0e00-d0a2-4ba5-bf37-07d65828aaea/datanode-3/data/ratis/58138646-2c88-4fbf-9759-78e0fe5f723e: Rolled log segment from /tmp/workdir/hadoop-ozone/tools/target/test-dir/MiniOzoneClusterImpl-13ec0e00-d0a2-4ba5-bf37-07d65828aaea/datanode-3/data/ratis/58138646-2c88-4fbf-9759-78e0fe5f723e/current/log_inprogress_0 to /tmp/workdir/hadoop-ozone/tools/target/test-dir/MiniOzoneClusterImpl-13ec0e00-d0a2-4ba5-bf37-07d65828aaea/datanode-3/data/ratis/58138646-2c88-4fbf-9759-78e0fe5f723e/current/log_0-5388
2019-07-08 23:05:13,834 INFO  client.GrpcClientProtocolClient (GrpcClientProtocolClient.java:onNext(255)) - client-CEF4D3493DC0->4ee04582-2825-4055-a051-0465d62eb5ca: receive RaftClientReply:client-CEF4D3493DC0->4ee04582-2825-4055-a051-0465d62eb5ca@group-78E0FE5F723E, cid=3522, SUCCESS, logIndex=5388, commits[4ee04582-2825-4055-a051-0465d62eb5ca:c5388, 97f5b9f0-d9ef-40b5-ba79-7414923e623f:c5385, 7d686585-d831-45bc-93fc-0a553b604b0e:c5387]
2019-07-08 23:05:13,853 INFO  segmented.SegmentedRaftLogWorker (SegmentedRaftLogWorker.java:execute(569)) - 4ee04582-2825-4055-a051-0465d62eb5ca-SegmentedRaftLogWorker:Storage Directory /tmp/workdir/hadoop-ozone/tools/target/test-dir/MiniOzoneClusterImpl-13ec0e00-d0a2-4ba5-bf37-07d65828aaea/datanode-4/data/ratis/58138646-2c88-4fbf-9759-78e0fe5f723e: created new log segment /tmp/workdir/hadoop-ozone/tools/target/test-dir/MiniOzoneClusterImpl-13ec0e00-d0a2-4ba5-bf37-07d65828aaea/datanode-4/data/ratis/58138646-2c88-4fbf-9759-78e0fe5f723e/current/log_inprogress_5389
2019-07-08 23:05:13,855 INFO  segmented.SegmentedRaftLogWorker (SegmentedRaftLogWorker.java:execute(569)) - 7d686585-d831-45bc-93fc-0a553b604b0e-SegmentedRaftLogWorker:Storage Directory /tmp/workdir/hadoop-ozone/tools/target/test-dir/MiniOzoneClusterImpl-13ec0e00-d0a2-4ba5-bf37-07d65828aaea/datanode-0/data/ratis/58138646-2c88-4fbf-9759-78e0fe5f723e: created new log segment /tmp/workdir/hadoop-ozone/tools/target/test-dir/MiniOzoneClusterImpl-13ec0e00-d0a2-4ba5-bf37-07d65828aaea/datanode-0/data/ratis/58138646-2c88-4fbf-9759-78e0fe5f723e/current/log_inprogress_5389
2019-07-08 23:05:13,855 INFO  segmented.SegmentedRaftLogWorker (SegmentedRaftLogWorker.java:execute(569)) - 97f5b9f0-d9ef-40b5-ba79-7414923e623f-SegmentedRaftLogWorker:Storage Directory /tmp/workdir/hadoop-ozone/tools/target/test-dir/MiniOzoneClusterImpl-13ec0e00-d0a2-4ba5-bf37-07d65828aaea/datanode-3/data/ratis/58138646-2c88-4fbf-9759-78e0fe5f723e: created new log segment /tmp/workdir/hadoop-ozone/tools/target/test-dir/MiniOzoneClusterImpl-13ec0e00-d0a2-4ba5-bf37-07d65828aaea/datanode-3/data/ratis/58138646-2c88-4fbf-9759-78e0fe5f723e/current/log_inprogress_5389
2019-07-08 23:05:13,860 INFO  client.GrpcClientProtocolClient (GrpcClientProtocolClient.java:onNext(255)) - client-CEF4D3493DC0->4ee04582-2825-4055-a051-0465d62eb5ca: receive RaftClientReply:client-CEF4D3493DC0->4ee04582-2825-4055-a051-0465d62eb5ca@group-78E0FE5F723E, cid=3523, SUCCESS, logIndex=5389, commits[4ee04582-2825-4055-a051-0465d62eb5ca:c5391, 97f5b9f0-d9ef-40b5-ba79-7414923e623f:c5387, 7d686585-d831-45bc-93fc-0a553b604b0e:c5387]
2019-07-08 23:05:13,863 INFO  client.GrpcClientProtocolClient (GrpcClientProtocolClient.java:onNext(255)) - client-CEF4D3493DC0->4ee04582-2825-4055-a051-0465d62eb5ca: receive RaftClientReply:client-CEF4D3493DC0->4ee04582-2825-4055-a051-0465d62eb5ca@group-78E0FE5F723E, cid=3524, SUCCESS, logIndex=5390, commits[4ee04582-2825-4055-a051-0465d62eb5ca:c5392, 97f5b9f0-d9ef-40b5-ba79-7414923e623f:c5387, 7d686585-d831-45bc-93fc-0a553b604b0e:c5388]
2019-07-08 23:05:13,863 INFO  client.GrpcClientProtocolClient (GrpcClientProtocolClient.java:onNext(255)) - client-CEF4D3493DC0->4ee04582-2825-4055-a051-0465d62eb5ca: receive RaftClientReply:client-CEF4D3493DC0->4ee04582-2825-4055-a051-0465d62eb5ca@group-78E0FE5F723E, cid=3525, SUCCESS, logIndex=5391, commits[4ee04582-2825-4055-a051-0465d62eb5ca:c5392, 97f5b9f0-d9ef-40b5-ba79-7414923e623f:c5388, 7d686585-d831-45bc-93fc-0a553b604b0e:c5388]
2019-07-08 23:05:13,864 INFO  client.GrpcClientProtocolClient (GrpcClientProtocolClient.java:onNext(255)) - client-CEF4D3493DC0->4ee04582-2825-4055-a051-0465d62eb5ca: receive RaftClientReply:client-CEF4D3493DC0->4ee04582-2825-4055-a051-0465d62eb5ca@group-78E0FE5F723E, cid=3526, SUCCESS, logIndex=0, commits[4ee04582-2825-4055-a051-0465d62eb5ca:c5393, 97f5b9f0-d9ef-40b5-ba79-7414923e623f:c5391, 7d686585-d831-45bc-93fc-0a553b604b0e:c5389]
2019-07-08 23:05:13,881 INFO  client.GrpcClientProtocolClient (GrpcClientProtocolClient.java:onNext(255)) - client-CEF4D3493DC0->4ee04582-2825-4055-a051-0465d62eb5ca: receive RaftClientReply:client-CEF4D3493DC0->4ee04582-2825-4055-a051-0465d62eb5ca@group-78E0FE5F723E, cid=3527, SUCCESS, logIndex=5395, commits[4ee04582-2825-4055-a051-0465d62eb5ca:c5396, 97f5b9f0-d9ef-40b5-ba79-7414923e623f:c5394, 7d686585-d831-45bc-93fc-0a553b604b0e:c5394]
2019-07-08 23:05:13,881 INFO  client.GrpcClientProtocolClient (GrpcClientProtocolClient.java:onNext(255)) - client-CEF4D3493DC0->4ee04582-2825-4055-a051-0465d62eb5ca: receive RaftClientReply:client-CEF4D3493DC0->4ee04582-2825-4055-a051-0465d62eb5ca@group-78E0FE5F723E, cid=3528, SUCCESS, logIndex=5396, commits[4ee04582-2825-4055-a051-0465d62eb5ca:c5396, 97f5b9f0-d9ef-40b5-ba79-7414923e623f:c5394, 7d686585-d831-45bc-93fc-0a553b604b0e:c5394]
2019-07-08 23:05:13,896 INFO  client.GrpcClientProtocolClient (GrpcClientProtocolClient.java:onNext(255)) - client-CEF4D3493DC0->4ee04582-2825-4055-a051-0465d62eb5ca: receive RaftClientReply:client-CEF4D3493DC0->4ee04582-2825-4055-a051-0465d62eb5ca@group-78E0FE5F723E, cid=3529, SUCCESS, logIndex=5399, commits[4ee04582-2825-4055-a051-0465d62eb5ca:c5400, 97f5b9f0-d9ef-40b5-ba79-7414923e623f:c5396, 7d686585-d831-45bc-93fc-0a553b604b0e:c5397]
2019-07-08 23:05:13,896 INFO  client.GrpcClientProtocolClient (GrpcClientProtocolClient.java:onNext(255)) - client-CEF4D3493DC0->4ee04582-2825-4055-a051-0465d62eb5ca: receive RaftClientReply:client-CEF4D3493DC0->4ee04582-2825-4055-a051-0465d62eb5ca@group-78E0FE5F723E, cid=3530, SUCCESS, logIndex=5400, commits[4ee04582-2825-4055-a051-0465d62eb5ca:c5400, 97f5b9f0-d9ef-40b5-ba79-7414923e623f:c5397, 7d686585-d831-45bc-93fc-0a553b604b0e:c5397]
2019-07-08 23:05:13,898 INFO  client.GrpcClientProtocolClient (GrpcClientProtocolClient.java:onNext(255)) - client-CEF4D3493DC0->4ee04582-2825-4055-a051-0465d62eb5ca: receive RaftClientReply:client-CEF4D3493DC0->4ee04582-2825-4055-a051-0465d62eb5ca@group-78E0FE5F723E, cid=3531, SUCCESS, logIndex=0, commits[4ee04582-2825-4055-a051-0465d62eb5ca:c5401, 97f5b9f0-d9ef-40b5-ba79-7414923e623f:c5400, 7d686585-d831-45bc-93fc-0a553b604b0e:c5400]
2019-07-08 23:05:13,933 INFO  client.GrpcClientProtocolClient (GrpcClientProtocolClient.java:onNext(255)) - client-CEF4D3493DC0->4ee04582-2825-4055-a051-0465d62eb5ca: receive RaftClientReply:client-CEF4D3493DC0->4ee04582-2825-4055-a051-0465d62eb5ca@group-78E0FE5F723E, cid=3532, SUCCESS, logIndex=5403, commits[4ee04582-2825-4055-a051-0465d62eb5ca:c5404, 97f5b9f0-d9ef-40b5-ba79-7414923e623f:c5402, 7d686585-d831-45bc-93fc-0a553b604b0e:c5402]
2019-07-08 23:05:13,934 INFO  client.GrpcClientProtocolClient (GrpcClientProtocolClient.java:onNext(255)) - client-CEF4D3493DC0->4ee04582-2825-4055-a051-0465d62eb5ca: receive RaftClientReply:client-CEF4D3493DC0->4ee04582-2825-4055-a051-0465d62eb5ca@group-78E0FE5F723E, cid=3533, SUCCESS, logIndex=5404, commits[4ee04582-2825-4055-a051-0465d62eb5ca:c5404, 97f5b9f0-d9ef-40b5-ba79-7414923e623f:c5402, 7d686585-d831-45bc-93fc-0a553b604b0e:c5402]
2019-07-08 23:05:13,936 INFO  client.GrpcClientProtocolClient (GrpcClientProtocolClient.java:onNext(255)) - client-CEF4D3493DC0->4ee04582-2825-4055-a051-0465d62eb5ca: receive RaftClientReply:client-CEF4D3493DC0->4ee04582-2825-4055-a051-0465d62eb5ca@group-78E0FE5F723E, cid=3534, SUCCESS, logIndex=5405, commits[4ee04582-2825-4055-a051-0465d62eb5ca:c5406, 97f5b9f0-d9ef-40b5-ba79-7414923e623f:c5402, 7d686585-d831-45bc-93fc-0a553b604b0e:c5402]
2019-07-08 23:05:13,937 INFO  client.GrpcClientProtocolClient (GrpcClientProtocolClient.java:onNext(255)) - client-CEF4D3493DC0->4ee04582-2825-4055-a051-0465d62eb5ca: receive RaftClientReply:client-CEF4D3493DC0->4ee04582-2825-4055-a051-0465d62eb5ca@group-78E0FE5F723E, cid=3535, SUCCESS, logIndex=5406, commits[4ee04582-2825-4055-a051-0465d62eb5ca:c5406, 97f5b9f0-d9ef-40b5-ba79-7414923e623f:c5402, 7d686585-d831-45bc-93fc-0a553b604b0e:c5402]
2019-07-08 23:05:13,939 INFO  client.GrpcClientProtocolClient (GrpcClientProtocolClient.java:onNext(255)) - client-CEF4D3493DC0->4ee04582-2825-4055-a051-0465d62eb5ca: receive RaftClientReply:client-CEF4D3493DC0->4ee04582-2825-4055-a051-0465d62eb5ca@group-78E0FE5F723E, cid=3536, SUCCESS, logIndex=0, commits[4ee04582-2825-4055-a051-0465d62eb5ca:c5407, 97f5b9f0-d9ef-40b5-ba79-7414923e623f:c5404, 7d686585-d831-45bc-93fc-0a553b604b0e:c5404]
2019-07-08 23:05:13,957 INFO  client.GrpcClientProtocolClient (GrpcClientProtocolClient.java:onNext(255)) - client-CEF4D3493DC0->4ee04582-2825-4055-a051-0465d62eb5ca: receive RaftClientReply:client-CEF4D3493DC0->4ee04582-2825-4055-a051-0465d62eb5ca@group-78E0FE5F723E, cid=3537, SUCCESS, logIndex=5411, commits[4ee04582-2825-4055-a051-0465d62eb5ca:c5412, 97f5b9f0-d9ef-40b5-ba79-7414923e623f:c5410, 7d686585-d831-45bc-93fc-0a553b604b0e:c5410]
2019-07-08 23:05:13,957 INFO  client.GrpcClientProtocolClient (GrpcClientProtocolClient.java:onNext(255)) - client-CEF4D3493DC0->4ee04582-2825-4055-a051-0465d62eb5ca: receive RaftClientReply:client-CEF4D3493DC0->4ee04582-2825-4055-a051-0465d62eb5ca@group-78E0FE5F723E, cid=3538, SUCCESS, logIndex=5412, commits[4ee04582-2825-4055-a051-0465d62eb5ca:c5412, 97f5b9f0-d9ef-40b5-ba79-7414923e623f:c5410, 7d686585-d831-45bc-93fc-0a553b604b0e:c5410]
2019-07-08 23:05:13,973 INFO  client.GrpcClientProtocolClient (GrpcClientProtocolClient.java:onNext(255)) - client-CEF4D3493DC0->4ee04582-2825-4055-a051-0465d62eb5ca: receive RaftClientReply:client-CEF4D3493DC0->4ee04582-2825-4055-a051-0465d62eb5ca@group-78E0FE5F723E, cid=3539, SUCCESS, logIndex=5415, commits[4ee04582-2825-4055-a051-0465d62eb5ca:c5416, 97f5b9f0-d9ef-40b5-ba79-7414923e623f:c5412, 7d686585-d831-45bc-93fc-0a553b604b0e:c5412]
2019-07-08 23:05:13,973 INFO  client.GrpcClientProtocolClient (GrpcClientProtocolClient.java:onNext(255)) - client-CEF4D3493DC0->4ee04582-2825-4055-a051-0465d62eb5ca: receive RaftClientReply:client-CEF4D3493DC0->4ee04582-2825-4055-a051-0465d62eb5ca@group-78E0FE5F723E, cid=3540, SUCCESS, logIndex=5416, commits[4ee04582-2825-4055-a051-0465d62eb5ca:c5416, 97f5b9f0-d9ef-40b5-ba79-7414923e623f:c5412, 7d686585-d831-45bc-93fc-0a553b604b0e:c5412]
2019-07-08 23:05:13,980 INFO  client.GrpcClientProtocolClient (GrpcClientProtocolClient.java:onNext(255)) - client-CEF4D3493DC0->4ee04582-2825-4055-a051-0465d62eb5ca: receive RaftClientReply:client-CEF4D3493DC0->4ee04582-2825-4055-a051-0465d62eb5ca@group-78E0FE5F723E, cid=3541, SUCCESS, logIndex=0, commits[4ee04582-2825-4055-a051-0465d62eb5ca:c5418, 97f5b9f0-d9ef-40b5-ba79-7414923e623f:c5416, 7d686585-d831-45bc-93fc-0a553b604b0e:c5416]
2019-07-08 23:05:14,011 INFO  client.GrpcClientProtocolClient (GrpcClientProtocolClient.java:onNext(255)) - client-CEF4D3493DC0->4ee04582-2825-4055-a051-0465d62eb5ca: receive RaftClientReply:client-CEF4D3493DC0->4ee04582-2825-4055-a051-0465d62eb5ca@group-78E0FE5F723E, cid=3542, SUCCESS, logIndex=5419, commits[4ee04582-2825-4055-a051-0465d62eb5ca:c5420, 97f5b9f0-d9ef-40b5-ba79-7414923e623f:c5416, 7d686585-d831-45bc-93fc-0a553b604b0e:c5418]
2019-07-08 23:05:14,011 INFO  client.GrpcClientProtocolClient (GrpcClientProtocolClient.java:onNext(255)) - client-CEF4D3493DC0->4ee04582-2825-4055-a051-0465d62eb5ca: receive RaftClientReply:client-CEF4D3493DC0->4ee04582-2825-4055-a051-0465d62eb5ca@group-78E0FE5F723E, cid=3543, SUCCESS, logIndex=5420, commits[4ee04582-2825-4055-a051-0465d62eb5ca:c5420, 97f5b9f0-d9ef-40b5-ba79-7414923e623f:c5416, 7d686585-d831-45bc-93fc-0a553b604b0e:c5418]
2019-07-08 23:05:14,019 INFO  client.GrpcClientProtocolClient (GrpcClientProtocolClient.java:onNext(255)) - client-CEF4D3493DC0->4ee04582-2825-4055-a051-0465d62eb5ca: receive RaftClientReply:client-CEF4D3493DC0->4ee04582-2825-4055-a051-0465d62eb5ca@group-78E0FE5F723E, cid=3544, SUCCESS, logIndex=5421, commits[4ee04582-2825-4055-a051-0465d62eb5ca:c5422, 97f5b9f0-d9ef-40b5-ba79-7414923e623f:c5418, 7d686585-d831-45bc-93fc-0a553b604b0e:c5420]
2019-07-08 23:05:14,020 INFO  client.GrpcClientProtocolClient (GrpcClientProtocolClient.java:onNext(255)) - client-CEF4D3493DC0->4ee04582-2825-4055-a051-0465d62eb5ca: receive RaftClientReply:client-CEF4D3493DC0->4ee04582-2825-4055-a051-0465d62eb5ca@group-78E0FE5F723E, cid=3545, SUCCESS, logIndex=5422, commits[4ee04582-2825-4055-a051-0465d62eb5ca:c5424, 97f5b9f0-d9ef-40b5-ba79-7414923e623f:c5420, 7d686585-d831-45bc-93fc-0a553b604b0e:c5420]
 0.00% |█                                                                                                    |  0/1 Time: 0:00:232019-07-08 23:05:14,164 INFO  client.GrpcClientProtocolClient (GrpcClientProtocolClient.java:onNext(255)) - client-CEF4D3493DC0->4ee04582-2825-4055-a051-0465d62eb5ca: receive RaftClientReply:client-CEF4D3493DC0->4ee04582-2825-4055-a051-0465d62eb5ca@group-78E0FE5F723E, cid=3546, SUCCESS, logIndex=5427, commits[4ee04582-2825-4055-a051-0465d62eb5ca:c5428, 97f5b9f0-d9ef-40b5-ba79-7414923e623f:c5426, 7d686585-d831-45bc-93fc-0a553b604b0e:c5426]
2019-07-08 23:05:14,165 INFO  client.GrpcClientProtocolClient (GrpcClientProtocolClient.java:onNext(255)) - client-CEF4D3493DC0->4ee04582-2825-4055-a051-0465d62eb5ca: receive RaftClientReply:client-CEF4D3493DC0->4ee04582-2825-4055-a051-0465d62eb5ca@group-78E0FE5F723E, cid=3547, SUCCESS, logIndex=5428, commits[4ee04582-2825-4055-a051-0465d62eb5ca:c5428, 97f5b9f0-d9ef-40b5-ba79-7414923e623f:c5426, 7d686585-d831-45bc-93fc-0a553b604b0e:c5426]
2019-07-08 23:05:14,178 INFO  client.GrpcClientProtocolClient (GrpcClientProtocolClient.java:onNext(255)) - client-CEF4D3493DC0->4ee04582-2825-4055-a051-0465d62eb5ca: receive RaftClientReply:client-CEF4D3493DC0->4ee04582-2825-4055-a051-0465d62eb5ca@group-78E0FE5F723E, cid=3548, SUCCESS, logIndex=5431, commits[4ee04582-2825-4055-a051-0465d62eb5ca:c5432, 97f5b9f0-d9ef-40b5-ba79-7414923e623f:c5430, 7d686585-d831-45bc-93fc-0a553b604b0e:c5428]
2019-07-08 23:05:14,178 INFO  client.GrpcClientProtocolClient (GrpcClientProtocolClient.java:onNext(255)) - client-CEF4D3493DC0->4ee04582-2825-4055-a051-0465d62eb5ca: receive RaftClientReply:client-CEF4D3493DC0->4ee04582-2825-4055-a051-0465d62eb5ca@group-78E0FE5F723E, cid=3549, SUCCESS, logIndex=5432, commits[4ee04582-2825-4055-a051-0465d62eb5ca:c5432, 97f5b9f0-d9ef-40b5-ba79-7414923e623f:c5430, 7d686585-d831-45bc-93fc-0a553b604b0e:c5428]
2019-07-08 23:05:14,181 INFO  client.GrpcClientProtocolClient (GrpcClientProtocolClient.java:onNext(255)) - client-CEF4D3493DC0->4ee04582-2825-4055-a051-0465d62eb5ca: receive RaftClientReply:client-CEF4D3493DC0->4ee04582-2825-4055-a051-0465d62eb5ca@group-78E0FE5F723E, cid=3550, SUCCESS, logIndex=0, commits[4ee04582-2825-4055-a051-0465d62eb5ca:c5432, 97f5b9f0-d9ef-40b5-ba79-7414923e623f:c5432, 7d686585-d831-45bc-93fc-0a553b604b0e:c5432]
2019-07-08 23:05:14,219 INFO  client.GrpcClientProtocolClient (GrpcClientProtocolClient.java:onNext(255)) - client-CEF4D3493DC0->4ee04582-2825-4055-a051-0465d62eb5ca: receive RaftClientReply:client-CEF4D3493DC0->4ee04582-2825-4055-a051-0465d62eb5ca@group-78E0FE5F723E, cid=3551, SUCCESS, logIndex=5435, commits[4ee04582-2825-4055-a051-0465d62eb5ca:c5436, 97f5b9f0-d9ef-40b5-ba79-7414923e623f:c5432, 7d686585-d831-45bc-93fc-0a553b604b0e:c5434]
2019-07-08 23:05:14,221 INFO  client.GrpcClientProtocolClient (GrpcClientProtocolClient.java:onNext(255)) - client-CEF4D3493DC0->4ee04582-2825-4055-a051-0465d62eb5ca: receive RaftClientReply:client-CEF4D3493DC0->4ee04582-2825-4055-a051-0465d62eb5ca@group-78E0FE5F723E, cid=3552, SUCCESS, logIndex=5436, commits[4ee04582-2825-4055-a051-0465d62eb5ca:c5438, 97f5b9f0-d9ef-40b5-ba79-7414923e623f:c5434, 7d686585-d831-45bc-93fc-0a553b604b0e:c5434]
2019-07-08 23:05:14,221 INFO  client.GrpcClientProtocolClient (GrpcClientProtocolClient.java:onNext(255)) - client-CEF4D3493DC0->4ee04582-2825-4055-a051-0465d62eb5ca: receive RaftClientReply:client-CEF4D3493DC0->4ee04582-2825-4055-a051-0465d62eb5ca@group-78E0FE5F723E, cid=3553, SUCCESS, logIndex=5437, commits[4ee04582-2825-4055-a051-0465d62eb5ca:c5438, 97f5b9f0-d9ef-40b5-ba79-7414923e623f:c5434, 7d686585-d831-45bc-93fc-0a553b604b0e:c5434]
2019-07-08 23:05:14,222 INFO  client.GrpcClientProtocolClient (GrpcClientProtocolClient.java:onNext(255)) - client-CEF4D3493DC0->4ee04582-2825-4055-a051-0465d62eb5ca: receive RaftClientReply:client-CEF4D3493DC0->4ee04582-2825-4055-a051-0465d62eb5ca@group-78E0FE5F723E, cid=3554, SUCCESS, logIndex=5438, commits[4ee04582-2825-4055-a051-0465d62eb5ca:c5438, 97f5b9f0-d9ef-40b5-ba79-7414923e623f:c5434, 7d686585-d831-45bc-93fc-0a553b604b0e:c5434]
2019-07-08 23:05:14,223 INFO  client.GrpcClientProtocolClient (GrpcClientProtocolClient.java:onNext(255)) - client-CEF4D3493DC0->4ee04582-2825-4055-a051-0465d62eb5ca: receive RaftClientReply:client-CEF4D3493DC0->4ee04582-2825-4055-a051-0465d62eb5ca@group-78E0FE5F723E, cid=3555, SUCCESS, logIndex=0, commits[4ee04582-2825-4055-a051-0465d62eb5ca:c5440, 97f5b9f0-d9ef-40b5-ba79-7414923e623f:c5436, 7d686585-d831-45bc-93fc-0a553b604b0e:c5436]
2019-07-08 23:05:14,235 INFO  client.GrpcClientProtocolClient (GrpcClientProtocolClient.java:onNext(255)) - client-CEF4D3493DC0->4ee04582-2825-4055-a051-0465d62eb5ca: receive RaftClientReply:client-CEF4D3493DC0->4ee04582-2825-4055-a051-0465d62eb5ca@group-78E0FE5F723E, cid=3556, SUCCESS, logIndex=5443, commits[4ee04582-2825-4055-a051-0465d62eb5ca:c5444, 97f5b9f0-d9ef-40b5-ba79-7414923e623f:c5442, 7d686585-d831-45bc-93fc-0a553b604b0e:c5438]
2019-07-08 23:05:14,236 INFO  client.GrpcClientProtocolClient (GrpcClientProtocolClient.java:onNext(255)) - client-CEF4D3493DC0->4ee04582-2825-4055-a051-0465d62eb5ca: receive RaftClientReply:client-CEF4D3493DC0->4ee04582-2825-4055-a051-0465d62eb5ca@group-78E0FE5F723E, cid=3557, SUCCESS, logIndex=5444, commits[4ee04582-2825-4055-a051-0465d62eb5ca:c5444, 97f5b9f0-d9ef-40b5-ba79-7414923e623f:c5442, 7d686585-d831-45bc-93fc-0a553b604b0e:c5438]
2019-07-08 23:05:14,248 INFO  client.GrpcClientProtocolClient (GrpcClientProtocolClient.java:onNext(255)) - client-CEF4D3493DC0->4ee04582-2825-4055-a051-0465d62eb5ca: receive RaftClientReply:client-CEF4D3493DC0->4ee04582-2825-4055-a051-0465d62eb5ca@group-78E0FE5F723E, cid=3558, SUCCESS, logIndex=5447, commits[4ee04582-2825-4055-a051-0465d62eb5ca:c5448, 97f5b9f0-d9ef-40b5-ba79-7414923e623f:c5446, 7d686585-d831-45bc-93fc-0a553b604b0e:c5444]
2019-07-08 23:05:14,248 INFO  client.GrpcClientProtocolClient (GrpcClientProtocolClient.java:onNext(255)) - client-CEF4D3493DC0->4ee04582-2825-4055-a051-0465d62eb5ca: receive RaftClientReply:client-CEF4D3493DC0->4ee04582-2825-4055-a051-0465d62eb5ca@group-78E0FE5F723E, cid=3559, SUCCESS, logIndex=5448, commits[4ee04582-2825-4055-a051-0465d62eb5ca:c5448, 97f5b9f0-d9ef-40b5-ba79-7414923e623f:c5446, 7d686585-d831-45bc-93fc-0a553b604b0e:c5446]
2019-07-08 23:05:14,249 INFO  client.GrpcClientProtocolClient (GrpcClientProtocolClient.java:onNext(255)) - client-CEF4D3493DC0->4ee04582-2825-4055-a051-0465d62eb5ca: receive RaftClientReply:client-CEF4D3493DC0->4ee04582-2825-4055-a051-0465d62eb5ca@group-78E0FE5F723E, cid=3560, SUCCESS, logIndex=0, commits[4ee04582-2825-4055-a051-0465d62eb5ca:c5449, 97f5b9f0-d9ef-40b5-ba79-7414923e623f:c5448, 7d686585-d831-45bc-93fc-0a553b604b0e:c5448]
2019-07-08 23:05:14,277 INFO  client.GrpcClientProtocolClient (GrpcClientProtocolClient.java:onNext(255)) - client-CEF4D3493DC0->4ee04582-2825-4055-a051-0465d62eb5ca: receive RaftClientReply:client-CEF4D3493DC0->4ee04582-2825-4055-a051-0465d62eb5ca@group-78E0FE5F723E, cid=3561, SUCCESS, logIndex=5451, commits[4ee04582-2825-4055-a051-0465d62eb5ca:c5453, 97f5b9f0-d9ef-40b5-ba79-7414923e623f:c5448, 7d686585-d831-45bc-93fc-0a553b604b0e:c5450]
2019-07-08 23:05:14,277 INFO  client.GrpcClientProtocolClient (GrpcClientProtocolClient.java:onNext(255)) - client-CEF4D3493DC0->4ee04582-2825-4055-a051-0465d62eb5ca: receive RaftClientReply:client-CEF4D3493DC0->4ee04582-2825-4055-a051-0465d62eb5ca@group-78E0FE5F723E, cid=3562, SUCCESS, logIndex=5452, commits[4ee04582-2825-4055-a051-0465d62eb5ca:c5454, 97f5b9f0-d9ef-40b5-ba79-7414923e623f:c5450, 7d686585-d831-45bc-93fc-0a553b604b0e:c5450]
2019-07-08 23:05:14,277 INFO  client.GrpcClientProtocolClient (GrpcClientProtocolClient.java:onNext(255)) - client-CEF4D3493DC0->4ee04582-2825-4055-a051-0465d62eb5ca: receive RaftClientReply:client-CEF4D3493DC0->4ee04582-2825-4055-a051-0465d62eb5ca@group-78E0FE5F723E, cid=3563, SUCCESS, logIndex=5453, commits[4ee04582-2825-4055-a051-0465d62eb5ca:c5454, 97f5b9f0-d9ef-40b5-ba79-7414923e623f:c5450, 7d686585-d831-45bc-93fc-0a553b604b0e:c5450]
2019-07-08 23:05:14,278 INFO  client.GrpcClientProtocolClient (GrpcClientProtocolClient.java:onNext(255)) - client-CEF4D3493DC0->4ee04582-2825-4055-a051-0465d62eb5ca: receive RaftClientReply:client-CEF4D3493DC0->4ee04582-2825-4055-a051-0465d62eb5ca@group-78E0FE5F723E, cid=3564, SUCCESS, logIndex=5454, commits[4ee04582-2825-4055-a051-0465d62eb5ca:c5454, 97f5b9f0-d9ef-40b5-ba79-7414923e623f:c5450, 7d686585-d831-45bc-93fc-0a553b604b0e:c5450]
2019-07-08 23:05:14,281 INFO  client.GrpcClientProtocolClient (GrpcClientProtocolClient.java:onNext(255)) - client-CEF4D3493DC0->4ee04582-2825-4055-a051-0465d62eb5ca: receive RaftClientReply:client-CEF4D3493DC0->4ee04582-2825-4055-a051-0465d62eb5ca@group-78E0FE5F723E, cid=3565, SUCCESS, logIndex=0, commits[4ee04582-2825-4055-a051-0465d62eb5ca:c5455, 97f5b9f0-d9ef-40b5-ba79-7414923e623f:c5452, 7d686585-d831-45bc-93fc-0a553b604b0e:c5452]
2019-07-08 23:05:14,292 INFO  client.GrpcClientProtocolClient (GrpcClientProtocolClient.java:onNext(255)) - client-CEF4D3493DC0->4ee04582-2825-4055-a051-0465d62eb5ca: receive RaftClientReply:client-CEF4D3493DC0->4ee04582-2825-4055-a051-0465d62eb5ca@group-78E0FE5F723E, cid=3566, SUCCESS, logIndex=5459, commits[4ee04582-2825-4055-a051-0465d62eb5ca:c5460, 97f5b9f0-d9ef-40b5-ba79-7414923e623f:c5458, 7d686585-d831-45bc-93fc-0a553b604b0e:c5458]
2019-07-08 23:05:14,292 INFO  client.GrpcClientProtocolClient (GrpcClientProtocolClient.java:onNext(255)) - client-CEF4D3493DC0->4ee04582-2825-4055-a051-0465d62eb5ca: receive RaftClientReply:client-CEF4D3493DC0->4ee04582-2825-4055-a051-0465d62eb5ca@group-78E0FE5F723E, cid=3567, SUCCESS, logIndex=5460, commits[4ee04582-2825-4055-a051-0465d62eb5ca:c5460, 97f5b9f0-d9ef-40b5-ba79-7414923e623f:c5458, 7d686585-d831-45bc-93fc-0a553b604b0e:c5458]
2019-07-08 23:05:14,303 INFO  client.GrpcClientProtocolClient (GrpcClientProtocolClient.java:onNext(255)) - client-CEF4D3493DC0->4ee04582-2825-4055-a051-0465d62eb5ca: receive RaftClientReply:client-CEF4D3493DC0->4ee04582-2825-4055-a051-0465d62eb5ca@group-78E0FE5F723E, cid=3568, SUCCESS, logIndex=5462, commits[4ee04582-2825-4055-a051-0465d62eb5ca:c5463, 97f5b9f0-d9ef-40b5-ba79-7414923e623f:c5461, 7d686585-d831-45bc-93fc-0a553b604b0e:c5460]
2019-07-08 23:05:14,304 INFO  client.GrpcClientProtocolClient (GrpcClientProtocolClient.java:onNext(255)) - client-CEF4D3493DC0->4ee04582-2825-4055-a051-0465d62eb5ca: receive RaftClientReply:client-CEF4D3493DC0->4ee04582-2825-4055-a051-0465d62eb5ca@group-78E0FE5F723E, cid=3569, SUCCESS, logIndex=5463, commits[4ee04582-2825-4055-a051-0465d62eb5ca:c5463, 97f5b9f0-d9ef-40b5-ba79-7414923e623f:c5461, 7d686585-d831-45bc-93fc-0a553b604b0e:c5461]
2019-07-08 23:05:14,308 INFO  client.GrpcClientProtocolClient (GrpcClientProtocolClient.java:onNext(255)) - client-CEF4D3493DC0->4ee04582-2825-4055-a051-0465d62eb5ca: receive RaftClientReply:client-CEF4D3493DC0->4ee04582-2825-4055-a051-0465d62eb5ca@group-78E0FE5F723E, cid=3570, SUCCESS, logIndex=0, commits[4ee04582-2825-4055-a051-0465d62eb5ca:c5464, 97f5b9f0-d9ef-40b5-ba79-7414923e623f:c5463, 7d686585-d831-45bc-93fc-0a553b604b0e:c5463]
2019-07-08 23:05:14,339 INFO  client.GrpcClientProtocolClient (GrpcClientProtocolClient.java:onNext(255)) - client-CEF4D3493DC0->4ee04582-2825-4055-a051-0465d62eb5ca: receive RaftClientReply:client-CEF4D3493DC0->4ee04582-2825-4055-a051-0465d62eb5ca@group-78E0FE5F723E, cid=3571, SUCCESS, logIndex=5466, commits[4ee04582-2825-4055-a051-0465d62eb5ca:c5468, 97f5b9f0-d9ef-40b5-ba79-7414923e623f:c5465, 7d686585-d831-45bc-93fc-0a553b604b0e:c5465]
2019-07-08 23:05:14,340 INFO  client.GrpcClientProtocolClient (GrpcClientProtocolClient.java:onNext(255)) - client-CEF4D3493DC0->4ee04582-2825-4055-a051-0465d62eb5ca: receive RaftClientReply:client-CEF4D3493DC0->4ee04582-2825-4055-a051-0465d62eb5ca@group-78E0FE5F723E, cid=3572, SUCCESS, logIndex=5467, commits[4ee04582-2825-4055-a051-0465d62eb5ca:c5469, 97f5b9f0-d9ef-40b5-ba79-7414923e623f:c5465, 7d686585-d831-45bc-93fc-0a553b604b0e:c5465]
2019-07-08 23:05:14,340 INFO  client.GrpcClientProtocolClient (GrpcClientProtocolClient.java:onNext(255)) - client-CEF4D3493DC0->4ee04582-2825-4055-a051-0465d62eb5ca: receive RaftClientReply:client-CEF4D3493DC0->4ee04582-2825-4055-a051-0465d62eb5ca@group-78E0FE5F723E, cid=3573, SUCCESS, logIndex=5468, commits[4ee04582-2825-4055-a051-0465d62eb5ca:c5469, 97f5b9f0-d9ef-40b5-ba79-7414923e623f:c5465, 7d686585-d831-45bc-93fc-0a553b604b0e:c5465]
2019-07-08 23:05:14,340 INFO  client.GrpcClientProtocolClient (GrpcClientProtocolClient.java:onNext(255)) - client-CEF4D3493DC0->4ee04582-2825-4055-a051-0465d62eb5ca: receive RaftClientReply:client-CEF4D3493DC0->4ee04582-2825-4055-a051-0465d62eb5ca@group-78E0FE5F723E, cid=3574, SUCCESS, logIndex=5469, commits[4ee04582-2825-4055-a051-0465d62eb5ca:c5469, 97f5b9f0-d9ef-40b5-ba79-7414923e623f:c5465, 7d686585-d831-45bc-93fc-0a553b604b0e:c5465]
2019-07-08 23:05:14,346 INFO  client.GrpcClientProtocolClient (GrpcClientProtocolClient.java:onNext(255)) - client-CEF4D3493DC0->4ee04582-2825-4055-a051-0465d62eb5ca: receive RaftClientReply:client-CEF4D3493DC0->4ee04582-2825-4055-a051-0465d62eb5ca@group-78E0FE5F723E, cid=3575, SUCCESS, logIndex=0, commits[4ee04582-2825-4055-a051-0465d62eb5ca:c5472, 97f5b9f0-d9ef-40b5-ba79-7414923e623f:c5467, 7d686585-d831-45bc-93fc-0a553b604b0e:c5468]
2019-07-08 23:05:14,357 INFO  client.GrpcClientProtocolClient (GrpcClientProtocolClient.java:onNext(255)) - client-CEF4D3493DC0->4ee04582-2825-4055-a051-0465d62eb5ca: receive RaftClientReply:client-CEF4D3493DC0->4ee04582-2825-4055-a051-0465d62eb5ca@group-78E0FE5F723E, cid=3576, SUCCESS, logIndex=5474, commits[4ee04582-2825-4055-a051-0465d62eb5ca:c5475, 97f5b9f0-d9ef-40b5-ba79-7414923e623f:c5469, 7d686585-d831-45bc-93fc-0a553b604b0e:c5473]
2019-07-08 23:05:14,357 INFO  client.GrpcClientProtocolClient (GrpcClientProtocolClient.java:onNext(255)) - client-CEF4D3493DC0->4ee04582-2825-4055-a051-0465d62eb5ca: receive RaftClientReply:client-CEF4D3493DC0->4ee04582-2825-4055-a051-0465d62eb5ca@group-78E0FE5F723E, cid=3577, SUCCESS, logIndex=5475, commits[4ee04582-2825-4055-a051-0465d62eb5ca:c5475, 97f5b9f0-d9ef-40b5-ba79-7414923e623f:c5473, 7d686585-d831-45bc-93fc-0a553b604b0e:c5473]
2019-07-08 23:05:14,369 INFO  client.GrpcClientProtocolClient (GrpcClientProtocolClient.java:onNext(255)) - client-CEF4D3493DC0->4ee04582-2825-4055-a051-0465d62eb5ca: receive RaftClientReply:client-CEF4D3493DC0->4ee04582-2825-4055-a051-0465d62eb5ca@group-78E0FE5F723E, cid=3578, SUCCESS, logIndex=5478, commits[4ee04582-2825-4055-a051-0465d62eb5ca:c5479, 97f5b9f0-d9ef-40b5-ba79-7414923e623f:c5476, 7d686585-d831-45bc-93fc-0a553b604b0e:c5476]
2019-07-08 23:05:14,369 INFO  client.GrpcClientProtocolClient (GrpcClientProtocolClient.java:onNext(255)) - client-CEF4D3493DC0->4ee04582-2825-4055-a051-0465d62eb5ca: receive RaftClientReply:client-CEF4D3493DC0->4ee04582-2825-4055-a051-0465d62eb5ca@group-78E0FE5F723E, cid=3579, SUCCESS, logIndex=5479, commits[4ee04582-2825-4055-a051-0465d62eb5ca:c5479, 97f5b9f0-d9ef-40b5-ba79-7414923e623f:c5476, 7d686585-d831-45bc-93fc-0a553b604b0e:c5476]
2019-07-08 23:05:14,372 INFO  client.GrpcClientProtocolClient (GrpcClientProtocolClient.java:onNext(255)) - client-CEF4D3493DC0->4ee04582-2825-4055-a051-0465d62eb5ca: receive RaftClientReply:client-CEF4D3493DC0->4ee04582-2825-4055-a051-0465d62eb5ca@group-78E0FE5F723E, cid=3580, SUCCESS, logIndex=0, commits[4ee04582-2825-4055-a051-0465d62eb5ca:c5479, 97f5b9f0-d9ef-40b5-ba79-7414923e623f:c5479, 7d686585-d831-45bc-93fc-0a553b604b0e:c5479]
2019-07-08 23:05:14,398 INFO  client.GrpcClientProtocolClient (GrpcClientProtocolClient.java:onNext(255)) - client-CEF4D3493DC0->4ee04582-2825-4055-a051-0465d62eb5ca: receive RaftClientReply:client-CEF4D3493DC0->4ee04582-2825-4055-a051-0465d62eb5ca@group-78E0FE5F723E, cid=3581, SUCCESS, logIndex=5482, commits[4ee04582-2825-4055-a051-0465d62eb5ca:c5485, 97f5b9f0-d9ef-40b5-ba79-7414923e623f:c5481, 7d686585-d831-45bc-93fc-0a553b604b0e:c5479]
2019-07-08 23:05:14,398 INFO  client.GrpcClientProtocolClient (GrpcClientProtocolClient.java:onNext(255)) - client-CEF4D3493DC0->4ee04582-2825-4055-a051-0465d62eb5ca: receive RaftClientReply:client-CEF4D3493DC0->4ee04582-2825-4055-a051-0465d62eb5ca@group-78E0FE5F723E, cid=3582, SUCCESS, logIndex=5483, commits[4ee04582-2825-4055-a051-0465d62eb5ca:c5485, 97f5b9f0-d9ef-40b5-ba79-7414923e623f:c5481, 7d686585-d831-45bc-93fc-0a553b604b0e:c5481]
2019-07-08 23:05:14,399 INFO  client.GrpcClientProtocolClient (GrpcClientProtocolClient.java:onNext(255)) - client-CEF4D3493DC0->4ee04582-2825-4055-a051-0465d62eb5ca: receive RaftClientReply:client-CEF4D3493DC0->4ee04582-2825-4055-a051-0465d62eb5ca@group-78E0FE5F723E, cid=3583, SUCCESS, logIndex=5484, commits[4ee04582-2825-4055-a051-0465d62eb5ca:c5485, 97f5b9f0-d9ef-40b5-ba79-7414923e623f:c5481, 7d686585-d831-45bc-93fc-0a553b604b0e:c5481]
2019-07-08 23:05:14,399 INFO  client.GrpcClientProtocolClient (GrpcClientProtocolClient.java:onNext(255)) - client-CEF4D3493DC0->4ee04582-2825-4055-a051-0465d62eb5ca: receive RaftClientReply:client-CEF4D3493DC0->4ee04582-2825-4055-a051-0465d62eb5ca@group-78E0FE5F723E, cid=3584, SUCCESS, logIndex=5485, commits[4ee04582-2825-4055-a051-0465d62eb5ca:c5485, 97f5b9f0-d9ef-40b5-ba79-7414923e623f:c5481, 7d686585-d831-45bc-93fc-0a553b604b0e:c5481]
2019-07-08 23:05:14,401 INFO  client.GrpcClientProtocolClient (GrpcClientProtocolClient.java:onNext(255)) - client-CEF4D3493DC0->4ee04582-2825-4055-a051-0465d62eb5ca: receive RaftClientReply:client-CEF4D3493DC0->4ee04582-2825-4055-a051-0465d62eb5ca@group-78E0FE5F723E, cid=3585, SUCCESS, logIndex=0, commits[4ee04582-2825-4055-a051-0465d62eb5ca:c5486, 97f5b9f0-d9ef-40b5-ba79-7414923e623f:c5483, 7d686585-d831-45bc-93fc-0a553b604b0e:c5483]
2019-07-08 23:05:14,413 INFO  client.GrpcClientProtocolClient (GrpcClientProtocolClient.java:onNext(255)) - client-CEF4D3493DC0->4ee04582-2825-4055-a051-0465d62eb5ca: receive RaftClientReply:client-CEF4D3493DC0->4ee04582-2825-4055-a051-0465d62eb5ca@group-78E0FE5F723E, cid=3586, SUCCESS, logIndex=5490, commits[4ee04582-2825-4055-a051-0465d62eb5ca:c5491, 97f5b9f0-d9ef-40b5-ba79-7414923e623f:c5489, 7d686585-d831-45bc-93fc-0a553b604b0e:c5489]
2019-07-08 23:05:14,414 INFO  client.GrpcClientProtocolClient (GrpcClientProtocolClient.java:onNext(255)) - client-CEF4D3493DC0->4ee04582-2825-4055-a051-0465d62eb5ca: receive RaftClientReply:client-CEF4D3493DC0->4ee04582-2825-4055-a051-0465d62eb5ca@group-78E0FE5F723E, cid=3587, SUCCESS, logIndex=5491, commits[4ee04582-2825-4055-a051-0465d62eb5ca:c5491, 97f5b9f0-d9ef-40b5-ba79-7414923e623f:c5489, 7d686585-d831-45bc-93fc-0a553b604b0e:c5489]
2019-07-08 23:05:14,424 INFO  client.GrpcClientProtocolClient (GrpcClientProtocolClient.java:onNext(255)) - client-CEF4D3493DC0->4ee04582-2825-4055-a051-0465d62eb5ca: receive RaftClientReply:client-CEF4D3493DC0->4ee04582-2825-4055-a051-0465d62eb5ca@group-78E0FE5F723E, cid=3588, SUCCESS, logIndex=5494, commits[4ee04582-2825-4055-a051-0465d62eb5ca:c5495, 97f5b9f0-d9ef-40b5-ba79-7414923e623f:c5493, 7d686585-d831-45bc-93fc-0a553b604b0e:c5493]
2019-07-08 23:05:14,425 INFO  client.GrpcClientProtocolClient (GrpcClientProtocolClient.java:onNext(255)) - client-CEF4D3493DC0->4ee04582-2825-4055-a051-0465d62eb5ca: receive RaftClientReply:client-CEF4D3493DC0->4ee04582-2825-4055-a051-0465d62eb5ca@group-78E0FE5F723E, cid=3589, SUCCESS, logIndex=5495, commits[4ee04582-2825-4055-a051-0465d62eb5ca:c5495, 97f5b9f0-d9ef-40b5-ba79-7414923e623f:c5493, 7d686585-d831-45bc-93fc-0a553b604b0e:c5493]
2019-07-08 23:05:14,427 INFO  client.GrpcClientProtocolClient (GrpcClientProtocolClient.java:onNext(255)) - client-CEF4D3493DC0->4ee04582-2825-4055-a051-0465d62eb5ca: receive RaftClientReply:client-CEF4D3493DC0->4ee04582-2825-4055-a051-0465d62eb5ca@group-78E0FE5F723E, cid=3590, SUCCESS, logIndex=0, commits[4ee04582-2825-4055-a051-0465d62eb5ca:c5496, 97f5b9f0-d9ef-40b5-ba79-7414923e623f:c5495, 7d686585-d831-45bc-93fc-0a553b604b0e:c5495]
2019-07-08 23:05:14,453 INFO  client.GrpcClientProtocolClient (GrpcClientProtocolClient.java:onNext(255)) - client-CEF4D3493DC0->4ee04582-2825-4055-a051-0465d62eb5ca: receive RaftClientReply:client-CEF4D3493DC0->4ee04582-2825-4055-a051-0465d62eb5ca@group-78E0FE5F723E, cid=3591, SUCCESS, logIndex=5497, commits[4ee04582-2825-4055-a051-0465d62eb5ca:c5499, 97f5b9f0-d9ef-40b5-ba79-7414923e623f:c5495, 7d686585-d831-45bc-93fc-0a553b604b0e:c5496]
2019-07-08 23:05:14,454 INFO  client.GrpcClientProtocolClient (GrpcClientProtocolClient.java:onNext(255)) - client-CEF4D3493DC0->4ee04582-2825-4055-a051-0465d62eb5ca: receive RaftClientReply:client-CEF4D3493DC0->4ee04582-2825-4055-a051-0465d62eb5ca@group-78E0FE5F723E, cid=3592, SUCCESS, logIndex=5498, commits[4ee04582-2825-4055-a051-0465d62eb5ca:c5500, 97f5b9f0-d9ef-40b5-ba79-7414923e623f:c5496, 7d686585-d831-45bc-93fc-0a553b604b0e:c5496]
2019-07-08 23:05:14,454 INFO  client.GrpcClientProtocolClient (GrpcClientProtocolClient.java:onNext(255)) - client-CEF4D3493DC0->4ee04582-2825-4055-a051-0465d62eb5ca: receive RaftClientReply:client-CEF4D3493DC0->4ee04582-2825-4055-a051-0465d62eb5ca@group-78E0FE5F723E, cid=3593, SUCCESS, logIndex=5499, commits[4ee04582-2825-4055-a051-0465d62eb5ca:c5500, 97f5b9f0-d9ef-40b5-ba79-7414923e623f:c5496, 7d686585-d831-45bc-93fc-0a553b604b0e:c5496]
2019-07-08 23:05:14,454 INFO  client.GrpcClientProtocolClient (GrpcClientProtocolClient.java:onNext(255)) - client-CEF4D3493DC0->4ee04582-2825-4055-a051-0465d62eb5ca: receive RaftClientReply:client-CEF4D3493DC0->4ee04582-2825-4055-a051-0465d62eb5ca@group-78E0FE5F723E, cid=3594, SUCCESS, logIndex=5500, commits[4ee04582-2825-4055-a051-0465d62eb5ca:c5500, 97f5b9f0-d9ef-40b5-ba79-7414923e623f:c5496, 7d686585-d831-45bc-93fc-0a553b604b0e:c5496]
2019-07-08 23:05:14,455 INFO  client.GrpcClientProtocolClient (GrpcClientProtocolClient.java:onNext(255)) - client-CEF4D3493DC0->4ee04582-2825-4055-a051-0465d62eb5ca: receive RaftClientReply:client-CEF4D3493DC0->4ee04582-2825-4055-a051-0465d62eb5ca@group-78E0FE5F723E, cid=3595, SUCCESS, logIndex=0, commits[4ee04582-2825-4055-a051-0465d62eb5ca:c5503, 97f5b9f0-d9ef-40b5-ba79-7414923e623f:c5499, 7d686585-d831-45bc-93fc-0a553b604b0e:c5498]
2019-07-08 23:05:14,466 INFO  client.GrpcClientProtocolClient (GrpcClientProtocolClient.java:onNext(255)) - client-CEF4D3493DC0->4ee04582-2825-4055-a051-0465d62eb5ca: receive RaftClientReply:client-CEF4D3493DC0->4ee04582-2825-4055-a051-0465d62eb5ca@group-78E0FE5F723E, cid=3596, SUCCESS, logIndex=5505, commits[4ee04582-2825-4055-a051-0465d62eb5ca:c5506, 97f5b9f0-d9ef-40b5-ba79-7414923e623f:c5504, 7d686585-d831-45bc-93fc-0a553b604b0e:c5504]
2019-07-08 23:05:14,466 INFO  client.GrpcClientProtocolClient (GrpcClientProtocolClient.java:onNext(255)) - client-CEF4D3493DC0->4ee04582-2825-4055-a051-0465d62eb5ca: receive RaftClientReply:client-CEF4D3493DC0->4ee04582-2825-4055-a051-0465d62eb5ca@group-78E0FE5F723E, cid=3597, SUCCESS, logIndex=5506, commits[4ee04582-2825-4055-a051-0465d62eb5ca:c5506, 97f5b9f0-d9ef-40b5-ba79-7414923e623f:c5504, 7d686585-d831-45bc-93fc-0a553b604b0e:c5504]
2019-07-08 23:05:14,476 INFO  client.GrpcClientProtocolClient (GrpcClientProtocolClient.java:onNext(255)) - client-CEF4D3493DC0->4ee04582-2825-4055-a051-0465d62eb5ca: receive RaftClientReply:client-CEF4D3493DC0->4ee04582-2825-4055-a051-0465d62eb5ca@group-78E0FE5F723E, cid=3598, SUCCESS, logIndex=5509, commits[4ee04582-2825-4055-a051-0465d62eb5ca:c5510, 97f5b9f0-d9ef-40b5-ba79-7414923e623f:c5506, 7d686585-d831-45bc-93fc-0a553b604b0e:c5507]
2019-07-08 23:05:14,476 INFO  client.GrpcClientProtocolClient (GrpcClientProtocolClient.java:onNext(255)) - client-CEF4D3493DC0->4ee04582-2825-4055-a051-0465d62eb5ca: receive RaftClientReply:client-CEF4D3493DC0->4ee04582-2825-4055-a051-0465d62eb5ca@group-78E0FE5F723E, cid=3599, SUCCESS, logIndex=5510, commits[4ee04582-2825-4055-a051-0465d62eb5ca:c5510, 97f5b9f0-d9ef-40b5-ba79-7414923e623f:c5507, 7d686585-d831-45bc-93fc-0a553b604b0e:c5507]
2019-07-08 23:05:14,482 INFO  client.GrpcClientProtocolClient (GrpcClientProtocolClient.java:onNext(255)) - client-CEF4D3493DC0->4ee04582-2825-4055-a051-0465d62eb5ca: receive RaftClientReply:client-CEF4D3493DC0->4ee04582-2825-4055-a051-0465d62eb5ca@group-78E0FE5F723E, cid=3600, SUCCESS, logIndex=0, commits[4ee04582-2825-4055-a051-0465d62eb5ca:c5512, 97f5b9f0-d9ef-40b5-ba79-7414923e623f:c5510, 7d686585-d831-45bc-93fc-0a553b604b0e:c5510]
2019-07-08 23:05:14,507 INFO  client.GrpcClientProtocolClient (GrpcClientProtocolClient.java:onNext(255)) - client-CEF4D3493DC0->4ee04582-2825-4055-a051-0465d62eb5ca: receive RaftClientReply:client-CEF4D3493DC0->4ee04582-2825-4055-a051-0465d62eb5ca@group-78E0FE5F723E, cid=3601, SUCCESS, logIndex=5513, commits[4ee04582-2825-4055-a051-0465d62eb5ca:c5514, 97f5b9f0-d9ef-40b5-ba79-7414923e623f:c5510, 7d686585-d831-45bc-93fc-0a553b604b0e:c5512]
2019-07-08 23:05:14,507 INFO  client.GrpcClientProtocolClient (GrpcClientProtocolClient.java:onNext(255)) - client-CEF4D3493DC0->4ee04582-2825-4055-a051-0465d62eb5ca: receive RaftClientReply:client-CEF4D3493DC0->4ee04582-2825-4055-a051-0465d62eb5ca@group-78E0FE5F723E, cid=3602, SUCCESS, logIndex=5514, commits[4ee04582-2825-4055-a051-0465d62eb5ca:c5514, 97f5b9f0-d9ef-40b5-ba79-7414923e623f:c5512, 7d686585-d831-45bc-93fc-0a553b604b0e:c5512]
2019-07-08 23:05:14,510 INFO  client.GrpcClientProtocolClient (GrpcClientProtocolClient.java:onNext(255)) - client-CEF4D3493DC0->4ee04582-2825-4055-a051-0465d62eb5ca: receive RaftClientReply:client-CEF4D3493DC0->4ee04582-2825-4055-a051-0465d62eb5ca@group-78E0FE5F723E, cid=3603, SUCCESS, logIndex=5515, commits[4ee04582-2825-4055-a051-0465d62eb5ca:c5517, 97f5b9f0-d9ef-40b5-ba79-7414923e623f:c5512, 7d686585-d831-45bc-93fc-0a553b604b0e:c5513]
2019-07-08 23:05:14,511 INFO  client.GrpcClientProtocolClient (GrpcClientProtocolClient.java:onNext(255)) - client-CEF4D3493DC0->4ee04582-2825-4055-a051-0465d62eb5ca: receive RaftClientReply:client-CEF4D3493DC0->4ee04582-2825-4055-a051-0465d62eb5ca@group-78E0FE5F723E, cid=3604, SUCCESS, logIndex=5516, commits[4ee04582-2825-4055-a051-0465d62eb5ca:c5518, 97f5b9f0-d9ef-40b5-ba79-7414923e623f:c5512, 7d686585-d831-45bc-93fc-0a553b604b0e:c5514]
2019-07-08 23:05:14,511 INFO  client.GrpcClientProtocolClient (GrpcClientProtocolClient.java:onNext(255)) - client-CEF4D3493DC0->4ee04582-2825-4055-a051-0465d62eb5ca: receive RaftClientReply:client-CEF4D3493DC0->4ee04582-2825-4055-a051-0465d62eb5ca@group-78E0FE5F723E, cid=3605, SUCCESS, logIndex=0, commits[4ee04582-2825-4055-a051-0465d62eb5ca:c5518, 97f5b9f0-d9ef-40b5-ba79-7414923e623f:c5514, 7d686585-d831-45bc-93fc-0a553b604b0e:c5514]
2019-07-08 23:05:14,532 INFO  client.GrpcClientProtocolClient (GrpcClientProtocolClient.java:onNext(255)) - client-CEF4D3493DC0->4ee04582-2825-4055-a051-0465d62eb5ca: receive RaftClientReply:client-CEF4D3493DC0->4ee04582-2825-4055-a051-0465d62eb5ca@group-78E0FE5F723E, cid=3606, SUCCESS, logIndex=5521, commits[4ee04582-2825-4055-a051-0465d62eb5ca:c5522, 97f5b9f0-d9ef-40b5-ba79-7414923e623f:c5520, 7d686585-d831-45bc-93fc-0a553b604b0e:c5520]
2019-07-08 23:05:14,533 INFO  client.GrpcClientProtocolClient (GrpcClientProtocolClient.java:onNext(255)) - client-CEF4D3493DC0->4ee04582-2825-4055-a051-0465d62eb5ca: receive RaftClientReply:client-CEF4D3493DC0->4ee04582-2825-4055-a051-0465d62eb5ca@group-78E0FE5F723E, cid=3607, SUCCESS, logIndex=5522, commits[4ee04582-2825-4055-a051-0465d62eb5ca:c5522, 97f5b9f0-d9ef-40b5-ba79-7414923e623f:c5520, 7d686585-d831-45bc-93fc-0a553b604b0e:c5520]
2019-07-08 23:05:14,545 INFO  client.GrpcClientProtocolClient (GrpcClientProtocolClient.java:onNext(255)) - client-CEF4D3493DC0->4ee04582-2825-4055-a051-0465d62eb5ca: receive RaftClientReply:client-CEF4D3493DC0->4ee04582-2825-4055-a051-0465d62eb5ca@group-78E0FE5F723E, cid=3608, SUCCESS, logIndex=5525, commits[4ee04582-2825-4055-a051-0465d62eb5ca:c5526, 97f5b9f0-d9ef-40b5-ba79-7414923e623f:c5524, 7d686585-d831-45bc-93fc-0a553b604b0e:c5522]
2019-07-08 23:05:14,545 INFO  client.GrpcClientProtocolClient (GrpcClientProtocolClient.java:onNext(255)) - client-CEF4D3493DC0->4ee04582-2825-4055-a051-0465d62eb5ca: receive RaftClientReply:client-CEF4D3493DC0->4ee04582-2825-4055-a051-0465d62eb5ca@group-78E0FE5F723E, cid=3609, SUCCESS, logIndex=5526, commits[4ee04582-2825-4055-a051-0465d62eb5ca:c5526, 97f5b9f0-d9ef-40b5-ba79-7414923e623f:c5524, 7d686585-d831-45bc-93fc-0a553b604b0e:c5524]
2019-07-08 23:05:14,549 INFO  client.GrpcClientProtocolClient (GrpcClientProtocolClient.java:onNext(255)) - client-CEF4D3493DC0->4ee04582-2825-4055-a051-0465d62eb5ca: receive RaftClientReply:client-CEF4D3493DC0->4ee04582-2825-4055-a051-0465d62eb5ca@group-78E0FE5F723E, cid=3610, SUCCESS, logIndex=0, commits[4ee04582-2825-4055-a051-0465d62eb5ca:c5527, 97f5b9f0-d9ef-40b5-ba79-7414923e623f:c5526, 7d686585-d831-45bc-93fc-0a553b604b0e:c5526]
2019-07-08 23:05:14,570 INFO  client.GrpcClientProtocolClient (GrpcClientProtocolClient.java:onNext(255)) - client-CEF4D3493DC0->4ee04582-2825-4055-a051-0465d62eb5ca: receive RaftClientReply:client-CEF4D3493DC0->4ee04582-2825-4055-a051-0465d62eb5ca@group-78E0FE5F723E, cid=3611, SUCCESS, logIndex=5529, commits[4ee04582-2825-4055-a051-0465d62eb5ca:c5530, 97f5b9f0-d9ef-40b5-ba79-7414923e623f:c5526, 7d686585-d831-45bc-93fc-0a553b604b0e:c5528]
2019-07-08 23:05:14,570 INFO  client.GrpcClientProtocolClient (GrpcClientProtocolClient.java:onNext(255)) - client-CEF4D3493DC0->4ee04582-2825-4055-a051-0465d62eb5ca: receive RaftClientReply:client-CEF4D3493DC0->4ee04582-2825-4055-a051-0465d62eb5ca@group-78E0FE5F723E, cid=3612, SUCCESS, logIndex=5530, commits[4ee04582-2825-4055-a051-0465d62eb5ca:c5530, 97f5b9f0-d9ef-40b5-ba79-7414923e623f:c5528, 7d686585-d831-45bc-93fc-0a553b604b0e:c5528]
2019-07-08 23:05:14,571 INFO  client.GrpcClientProtocolClient (GrpcClientProtocolClient.java:onNext(255)) - client-CEF4D3493DC0->4ee04582-2825-4055-a051-0465d62eb5ca: receive RaftClientReply:client-CEF4D3493DC0->4ee04582-2825-4055-a051-0465d62eb5ca@group-78E0FE5F723E, cid=3613, SUCCESS, logIndex=5531, commits[4ee04582-2825-4055-a051-0465d62eb5ca:c5532, 97f5b9f0-d9ef-40b5-ba79-7414923e623f:c5528, 7d686585-d831-45bc-93fc-0a553b604b0e:c5528]
2019-07-08 23:05:14,572 INFO  client.GrpcClientProtocolClient (GrpcClientProtocolClient.java:onNext(255)) - client-CEF4D3493DC0->4ee04582-2825-4055-a051-0465d62eb5ca: receive RaftClientReply:client-CEF4D3493DC0->4ee04582-2825-4055-a051-0465d62eb5ca@group-78E0FE5F723E, cid=3614, SUCCESS, logIndex=5532, commits[4ee04582-2825-4055-a051-0465d62eb5ca:c5532, 97f5b9f0-d9ef-40b5-ba79-7414923e623f:c5528, 7d686585-d831-45bc-93fc-0a553b604b0e:c5530]
2019-07-08 23:05:14,573 INFO  client.GrpcClientProtocolClient (GrpcClientProtocolClient.java:onNext(255)) - client-CEF4D3493DC0->4ee04582-2825-4055-a051-0465d62eb5ca: receive RaftClientReply:client-CEF4D3493DC0->4ee04582-2825-4055-a051-0465d62eb5ca@group-78E0FE5F723E, cid=3615, SUCCESS, logIndex=0, commits[4ee04582-2825-4055-a051-0465d62eb5ca:c5534, 97f5b9f0-d9ef-40b5-ba79-7414923e623f:c5530, 7d686585-d831-45bc-93fc-0a553b604b0e:c5530]
2019-07-08 23:05:14,585 INFO  client.GrpcClientProtocolClient (GrpcClientProtocolClient.java:onNext(255)) - client-CEF4D3493DC0->4ee04582-2825-4055-a051-0465d62eb5ca: receive RaftClientReply:client-CEF4D3493DC0->4ee04582-2825-4055-a051-0465d62eb5ca@group-78E0FE5F723E, cid=3616, SUCCESS, logIndex=5537, commits[4ee04582-2825-4055-a051-0465d62eb5ca:c5538, 97f5b9f0-d9ef-40b5-ba79-7414923e623f:c5536, 7d686585-d831-45bc-93fc-0a553b604b0e:c5532]
2019-07-08 23:05:14,585 INFO  client.GrpcClientProtocolClient (GrpcClientProtocolClient.java:onNext(255)) - client-CEF4D3493DC0->4ee04582-2825-4055-a051-0465d62eb5ca: receive RaftClientReply:client-CEF4D3493DC0->4ee04582-2825-4055-a051-0465d62eb5ca@group-78E0FE5F723E, cid=3617, SUCCESS, logIndex=5538, commits[4ee04582-2825-4055-a051-0465d62eb5ca:c5538, 97f5b9f0-d9ef-40b5-ba79-7414923e623f:c5536, 7d686585-d831-45bc-93fc-0a553b604b0e:c5536]
2019-07-08 23:05:14,599 INFO  client.GrpcClientProtocolClient (GrpcClientProtocolClient.java:onNext(255)) - client-CEF4D3493DC0->4ee04582-2825-4055-a051-0465d62eb5ca: receive RaftClientReply:client-CEF4D3493DC0->4ee04582-2825-4055-a051-0465d62eb5ca@group-78E0FE5F723E, cid=3618, SUCCESS, logIndex=5541, commits[4ee04582-2825-4055-a051-0465d62eb5ca:c5542, 97f5b9f0-d9ef-40b5-ba79-7414923e623f:c5540, 7d686585-d831-45bc-93fc-0a553b604b0e:c5540]
2019-07-08 23:05:14,599 INFO  client.GrpcClientProtocolClient (GrpcClientProtocolClient.java:onNext(255)) - client-CEF4D3493DC0->4ee04582-2825-4055-a051-0465d62eb5ca: receive RaftClientReply:client-CEF4D3493DC0->4ee04582-2825-4055-a051-0465d62eb5ca@group-78E0FE5F723E, cid=3619, SUCCESS, logIndex=5542, commits[4ee04582-2825-4055-a051-0465d62eb5ca:c5542, 97f5b9f0-d9ef-40b5-ba79-7414923e623f:c5540, 7d686585-d831-45bc-93fc-0a553b604b0e:c5540]
2019-07-08 23:05:14,603 INFO  client.GrpcClientProtocolClient (GrpcClientProtocolClient.java:onNext(255)) - client-CEF4D3493DC0->4ee04582-2825-4055-a051-0465d62eb5ca: receive RaftClientReply:client-CEF4D3493DC0->4ee04582-2825-4055-a051-0465d62eb5ca@group-78E0FE5F723E, cid=3620, SUCCESS, logIndex=0, commits[4ee04582-2825-4055-a051-0465d62eb5ca:c5544, 97f5b9f0-d9ef-40b5-ba79-7414923e623f:c5542, 7d686585-d831-45bc-93fc-0a553b604b0e:c5542]
2019-07-08 23:05:14,623 INFO  client.GrpcClientProtocolClient (GrpcClientProtocolClient.java:onNext(255)) - client-CEF4D3493DC0->4ee04582-2825-4055-a051-0465d62eb5ca: receive RaftClientReply:client-CEF4D3493DC0->4ee04582-2825-4055-a051-0465d62eb5ca@group-78E0FE5F723E, cid=3621, SUCCESS, logIndex=5545, commits[4ee04582-2825-4055-a051-0465d62eb5ca:c5546, 97f5b9f0-d9ef-40b5-ba79-7414923e623f:c5544, 7d686585-d831-45bc-93fc-0a553b604b0e:c5542]
2019-07-08 23:05:14,624 INFO  client.GrpcClientProtocolClient (GrpcClientProtocolClient.java:onNext(255)) - client-CEF4D3493DC0->4ee04582-2825-4055-a051-0465d62eb5ca: receive RaftClientReply:client-CEF4D3493DC0->4ee04582-2825-4055-a051-0465d62eb5ca@group-78E0FE5F723E, cid=3622, SUCCESS, logIndex=5546, commits[4ee04582-2825-4055-a051-0465d62eb5ca:c5546, 97f5b9f0-d9ef-40b5-ba79-7414923e623f:c5544, 7d686585-d831-45bc-93fc-0a553b604b0e:c5544]
2019-07-08 23:05:14,627 INFO  client.GrpcClientProtocolClient (GrpcClientProtocolClient.java:onNext(255)) - client-CEF4D3493DC0->4ee04582-2825-4055-a051-0465d62eb5ca: receive RaftClientReply:client-CEF4D3493DC0->4ee04582-2825-4055-a051-0465d62eb5ca@group-78E0FE5F723E, cid=3623, SUCCESS, logIndex=5547, commits[4ee04582-2825-4055-a051-0465d62eb5ca:c5549, 97f5b9f0-d9ef-40b5-ba79-7414923e623f:c5546, 7d686585-d831-45bc-93fc-0a553b604b0e:c5544]
2019-07-08 23:05:14,627 INFO  client.GrpcClientProtocolClient (GrpcClientProtocolClient.java:onNext(255)) - client-CEF4D3493DC0->4ee04582-2825-4055-a051-0465d62eb5ca: receive RaftClientReply:client-CEF4D3493DC0->4ee04582-2825-4055-a051-0465d62eb5ca@group-78E0FE5F723E, cid=3624, SUCCESS, logIndex=5548, commits[4ee04582-2825-4055-a051-0465d62eb5ca:c5550, 97f5b9f0-d9ef-40b5-ba79-7414923e623f:c5546, 7d686585-d831-45bc-93fc-0a553b604b0e:c5544]
2019-07-08 23:05:14,628 INFO  client.GrpcClientProtocolClient (GrpcClientProtocolClient.java:onNext(255)) - client-CEF4D3493DC0->4ee04582-2825-4055-a051-0465d62eb5ca: receive RaftClientReply:client-CEF4D3493DC0->4ee04582-2825-4055-a051-0465d62eb5ca@group-78E0FE5F723E, cid=3625, SUCCESS, logIndex=0, commits[4ee04582-2825-4055-a051-0465d62eb5ca:c5550, 97f5b9f0-d9ef-40b5-ba79-7414923e623f:c5546, 7d686585-d831-45bc-93fc-0a553b604b0e:c5546]
2019-07-08 23:05:14,645 INFO  client.GrpcClientProtocolClient (GrpcClientProtocolClient.java:onNext(255)) - client-CEF4D3493DC0->4ee04582-2825-4055-a051-0465d62eb5ca: receive RaftClientReply:client-CEF4D3493DC0->4ee04582-2825-4055-a051-0465d62eb5ca@group-78E0FE5F723E, cid=3626, SUCCESS, logIndex=5553, commits[4ee04582-2825-4055-a051-0465d62eb5ca:c5554, 97f5b9f0-d9ef-40b5-ba79-7414923e623f:c5552, 7d686585-d831-45bc-93fc-0a553b604b0e:c5552]
2019-07-08 23:05:14,645 INFO  client.GrpcClientProtocolClient (GrpcClientProtocolClient.java:onNext(255)) - client-CEF4D3493DC0->4ee04582-2825-4055-a051-0465d62eb5ca: receive RaftClientReply:client-CEF4D3493DC0->4ee04582-2825-4055-a051-0465d62eb5ca@group-78E0FE5F723E, cid=3627, SUCCESS, logIndex=5554, commits[4ee04582-2825-4055-a051-0465d62eb5ca:c5554, 97f5b9f0-d9ef-40b5-ba79-7414923e623f:c5552, 7d686585-d831-45bc-93fc-0a553b604b0e:c5552]
2019-07-08 23:05:14,658 INFO  client.GrpcClientProtocolClient (GrpcClientProtocolClient.java:onNext(255)) - client-CEF4D3493DC0->4ee04582-2825-4055-a051-0465d62eb5ca: receive RaftClientReply:client-CEF4D3493DC0->4ee04582-2825-4055-a051-0465d62eb5ca@group-78E0FE5F723E, cid=3628, SUCCESS, logIndex=5557, commits[4ee04582-2825-4055-a051-0465d62eb5ca:c5558, 97f5b9f0-d9ef-40b5-ba79-7414923e623f:c5556, 7d686585-d831-45bc-93fc-0a553b604b0e:c5554]
2019-07-08 23:05:14,658 INFO  client.GrpcClientProtocolClient (GrpcClientProtocolClient.java:onNext(255)) - client-CEF4D3493DC0->4ee04582-2825-4055-a051-0465d62eb5ca: receive RaftClientReply:client-CEF4D3493DC0->4ee04582-2825-4055-a051-0465d62eb5ca@group-78E0FE5F723E, cid=3629, SUCCESS, logIndex=5558, commits[4ee04582-2825-4055-a051-0465d62eb5ca:c5558, 97f5b9f0-d9ef-40b5-ba79-7414923e623f:c5556, 7d686585-d831-45bc-93fc-0a553b604b0e:c5556]
2019-07-08 23:05:14,664 INFO  client.GrpcClientProtocolClient (GrpcClientProtocolClient.java:onNext(255)) - client-CEF4D3493DC0->4ee04582-2825-4055-a051-0465d62eb5ca: receive RaftClientReply:client-CEF4D3493DC0->4ee04582-2825-4055-a051-0465d62eb5ca@group-78E0FE5F723E, cid=3630, SUCCESS, logIndex=0, commits[4ee04582-2825-4055-a051-0465d62eb5ca:c5560, 97f5b9f0-d9ef-40b5-ba79-7414923e623f:c5558, 7d686585-d831-45bc-93fc-0a553b604b0e:c5558]
2019-07-08 23:05:14,694 INFO  client.GrpcClientProtocolClient (GrpcClientProtocolClient.java:onNext(255)) - client-CEF4D3493DC0->4ee04582-2825-4055-a051-0465d62eb5ca: receive RaftClientReply:client-CEF4D3493DC0->4ee04582-2825-4055-a051-0465d62eb5ca@group-78E0FE5F723E, cid=3631, SUCCESS, logIndex=5561, commits[4ee04582-2825-4055-a051-0465d62eb5ca:c5562, 97f5b9f0-d9ef-40b5-ba79-7414923e623f:c5560, 7d686585-d831-45bc-93fc-0a553b604b0e:c5560]
2019-07-08 23:05:14,694 INFO  client.GrpcClientProtocolClient (GrpcClientProtocolClient.java:onNext(255)) - client-CEF4D3493DC0->4ee04582-2825-4055-a051-0465d62eb5ca: receive RaftClientReply:client-CEF4D3493DC0->4ee04582-2825-4055-a051-0465d62eb5ca@group-78E0FE5F723E, cid=3632, SUCCESS, logIndex=5562, commits[4ee04582-2825-4055-a051-0465d62eb5ca:c5562, 97f5b9f0-d9ef-40b5-ba79-7414923e623f:c5560, 7d686585-d831-45bc-93fc-0a553b604b0e:c5560]
2019-07-08 23:05:14,696 INFO  client.GrpcClientProtocolClient (GrpcClientProtocolClient.java:onNext(255)) - client-CEF4D3493DC0->4ee04582-2825-4055-a051-0465d62eb5ca: receive RaftClientReply:client-CEF4D3493DC0->4ee04582-2825-4055-a051-0465d62eb5ca@group-78E0FE5F723E, cid=3633, SUCCESS, logIndex=5563, commits[4ee04582-2825-4055-a051-0465d62eb5ca:c5564, 97f5b9f0-d9ef-40b5-ba79-7414923e623f:c5560, 7d686585-d831-45bc-93fc-0a553b604b0e:c5560]
2019-07-08 23:05:14,696 INFO  client.GrpcClientProtocolClient (GrpcClientProtocolClient.java:onNext(255)) - client-CEF4D3493DC0->4ee04582-2825-4055-a051-0465d62eb5ca: receive RaftClientReply:client-CEF4D3493DC0->4ee04582-2825-4055-a051-0465d62eb5ca@group-78E0FE5F723E, cid=3634, SUCCESS, logIndex=5564, commits[4ee04582-2825-4055-a051-0465d62eb5ca:c5564, 97f5b9f0-d9ef-40b5-ba79-7414923e623f:c5560, 7d686585-d831-45bc-93fc-0a553b604b0e:c5560]
2019-07-08 23:05:14,699 INFO  client.GrpcClientProtocolClient (GrpcClientProtocolClient.java:onNext(255)) - client-CEF4D3493DC0->4ee04582-2825-4055-a051-0465d62eb5ca: receive RaftClientReply:client-CEF4D3493DC0->4ee04582-2825-4055-a051-0465d62eb5ca@group-78E0FE5F723E, cid=3635, SUCCESS, logIndex=0, commits[4ee04582-2825-4055-a051-0465d62eb5ca:c5565, 97f5b9f0-d9ef-40b5-ba79-7414923e623f:c5562, 7d686585-d831-45bc-93fc-0a553b604b0e:c5562]
2019-07-08 23:05:14,817 INFO  client.GrpcClientProtocolClient (GrpcClientProtocolClient.java:onNext(255)) - client-CEF4D3493DC0->4ee04582-2825-4055-a051-0465d62eb5ca: receive RaftClientReply:client-CEF4D3493DC0->4ee04582-2825-4055-a051-0465d62eb5ca@group-78E0FE5F723E, cid=3636, SUCCESS, logIndex=5569, commits[4ee04582-2825-4055-a051-0465d62eb5ca:c5570, 97f5b9f0-d9ef-40b5-ba79-7414923e623f:c5568, 7d686585-d831-45bc-93fc-0a553b604b0e:c5568]
2019-07-08 23:05:14,818 INFO  client.GrpcClientProtocolClient (GrpcClientProtocolClient.java:onNext(255)) - client-CEF4D3493DC0->4ee04582-2825-4055-a051-0465d62eb5ca: receive RaftClientReply:client-CEF4D3493DC0->4ee04582-2825-4055-a051-0465d62eb5ca@group-78E0FE5F723E, cid=3637, SUCCESS, logIndex=5570, commits[4ee04582-2825-4055-a051-0465d62eb5ca:c5570, 97f5b9f0-d9ef-40b5-ba79-7414923e623f:c5568, 7d686585-d831-45bc-93fc-0a553b604b0e:c5568]
2019-07-08 23:05:14,831 INFO  client.GrpcClientProtocolClient (GrpcClientProtocolClient.java:onNext(255)) - client-CEF4D3493DC0->4ee04582-2825-4055-a051-0465d62eb5ca: receive RaftClientReply:client-CEF4D3493DC0->4ee04582-2825-4055-a051-0465d62eb5ca@group-78E0FE5F723E, cid=3638, SUCCESS, logIndex=5573, commits[4ee04582-2825-4055-a051-0465d62eb5ca:c5574, 97f5b9f0-d9ef-40b5-ba79-7414923e623f:c5572, 7d686585-d831-45bc-93fc-0a553b604b0e:c5572]
2019-07-08 23:05:14,832 INFO  client.GrpcClientProtocolClient (GrpcClientProtocolClient.java:onNext(255)) - client-CEF4D3493DC0->4ee04582-2825-4055-a051-0465d62eb5ca: receive RaftClientReply:client-CEF4D3493DC0->4ee04582-2825-4055-a051-0465d62eb5ca@group-78E0FE5F723E, cid=3639, SUCCESS, logIndex=5574, commits[4ee04582-2825-4055-a051-0465d62eb5ca:c5574, 97f5b9f0-d9ef-40b5-ba79-7414923e623f:c5572, 7d686585-d831-45bc-93fc-0a553b604b0e:c5572]
2019-07-08 23:05:14,833 INFO  client.GrpcClientProtocolClient (GrpcClientProtocolClient.java:onNext(255)) - client-CEF4D3493DC0->4ee04582-2825-4055-a051-0465d62eb5ca: receive RaftClientReply:client-CEF4D3493DC0->4ee04582-2825-4055-a051-0465d62eb5ca@group-78E0FE5F723E, cid=3640, SUCCESS, logIndex=0, commits[4ee04582-2825-4055-a051-0465d62eb5ca:c5575, 97f5b9f0-d9ef-40b5-ba79-7414923e623f:c5574, 7d686585-d831-45bc-93fc-0a553b604b0e:c5574]
2019-07-08 23:05:14,858 INFO  client.GrpcClientProtocolClient (GrpcClientProtocolClient.java:onNext(255)) - client-CEF4D3493DC0->4ee04582-2825-4055-a051-0465d62eb5ca: receive RaftClientReply:client-CEF4D3493DC0->4ee04582-2825-4055-a051-0465d62eb5ca@group-78E0FE5F723E, cid=3641, SUCCESS, logIndex=5577, commits[4ee04582-2825-4055-a051-0465d62eb5ca:c5578, 97f5b9f0-d9ef-40b5-ba79-7414923e623f:c5576, 7d686585-d831-45bc-93fc-0a553b604b0e:c5576]
2019-07-08 23:05:14,859 INFO  client.GrpcClientProtocolClient (GrpcClientProtocolClient.java:onNext(255)) - client-CEF4D3493DC0->4ee04582-2825-4055-a051-0465d62eb5ca: receive RaftClientReply:client-CEF4D3493DC0->4ee04582-2825-4055-a051-0465d62eb5ca@group-78E0FE5F723E, cid=3642, SUCCESS, logIndex=5578, commits[4ee04582-2825-4055-a051-0465d62eb5ca:c5578, 97f5b9f0-d9ef-40b5-ba79-7414923e623f:c5576, 7d686585-d831-45bc-93fc-0a553b604b0e:c5576]
2019-07-08 23:05:14,862 INFO  client.GrpcClientProtocolClient (GrpcClientProtocolClient.java:onNext(255)) - client-CEF4D3493DC0->4ee04582-2825-4055-a051-0465d62eb5ca: receive RaftClientReply:client-CEF4D3493DC0->4ee04582-2825-4055-a051-0465d62eb5ca@group-78E0FE5F723E, cid=3643, SUCCESS, logIndex=5579, commits[4ee04582-2825-4055-a051-0465d62eb5ca:c5580, 97f5b9f0-d9ef-40b5-ba79-7414923e623f:c5576, 7d686585-d831-45bc-93fc-0a553b604b0e:c5576]
2019-07-08 23:05:14,862 INFO  client.GrpcClientProtocolClient (GrpcClientProtocolClient.java:onNext(255)) - client-CEF4D3493DC0->4ee04582-2825-4055-a051-0465d62eb5ca: receive RaftClientReply:client-CEF4D3493DC0->4ee04582-2825-4055-a051-0465d62eb5ca@group-78E0FE5F723E, cid=3644, SUCCESS, logIndex=5580, commits[4ee04582-2825-4055-a051-0465d62eb5ca:c5580, 97f5b9f0-d9ef-40b5-ba79-7414923e623f:c5578, 7d686585-d831-45bc-93fc-0a553b604b0e:c5576]
2019-07-08 23:05:14,864 INFO  client.GrpcClientProtocolClient (GrpcClientProtocolClient.java:onNext(255)) - client-CEF4D3493DC0->4ee04582-2825-4055-a051-0465d62eb5ca: receive RaftClientReply:client-CEF4D3493DC0->4ee04582-2825-4055-a051-0465d62eb5ca@group-78E0FE5F723E, cid=3645, SUCCESS, logIndex=0, commits[4ee04582-2825-4055-a051-0465d62eb5ca:c5582, 97f5b9f0-d9ef-40b5-ba79-7414923e623f:c5578, 7d686585-d831-45bc-93fc-0a553b604b0e:c5578]
2019-07-08 23:05:14,877 INFO  client.GrpcClientProtocolClient (GrpcClientProtocolClient.java:onNext(255)) - client-CEF4D3493DC0->4ee04582-2825-4055-a051-0465d62eb5ca: receive RaftClientReply:client-CEF4D3493DC0->4ee04582-2825-4055-a051-0465d62eb5ca@group-78E0FE5F723E, cid=3646, SUCCESS, logIndex=5585, commits[4ee04582-2825-4055-a051-0465d62eb5ca:c5586, 97f5b9f0-d9ef-40b5-ba79-7414923e623f:c5580, 7d686585-d831-45bc-93fc-0a553b604b0e:c5584]
2019-07-08 23:05:14,877 INFO  client.GrpcClientProtocolClient (GrpcClientProtocolClient.java:onNext(255)) - client-CEF4D3493DC0->4ee04582-2825-4055-a051-0465d62eb5ca: receive RaftClientReply:client-CEF4D3493DC0->4ee04582-2825-4055-a051-0465d62eb5ca@group-78E0FE5F723E, cid=3647, SUCCESS, logIndex=5586, commits[4ee04582-2825-4055-a051-0465d62eb5ca:c5586, 97f5b9f0-d9ef-40b5-ba79-7414923e623f:c5584, 7d686585-d831-45bc-93fc-0a553b604b0e:c5584]
2019-07-08 23:05:14,889 INFO  client.GrpcClientProtocolClient (GrpcClientProtocolClient.java:onNext(255)) - client-CEF4D3493DC0->4ee04582-2825-4055-a051-0465d62eb5ca: receive RaftClientReply:client-CEF4D3493DC0->4ee04582-2825-4055-a051-0465d62eb5ca@group-78E0FE5F723E, cid=3648, SUCCESS, logIndex=5589, commits[4ee04582-2825-4055-a051-0465d62eb5ca:c5590, 97f5b9f0-d9ef-40b5-ba79-7414923e623f:c5588, 7d686585-d831-45bc-93fc-0a553b604b0e:c5586]
2019-07-08 23:05:14,889 INFO  client.GrpcClientProtocolClient (GrpcClientProtocolClient.java:onNext(255)) - client-CEF4D3493DC0->4ee04582-2825-4055-a051-0465d62eb5ca: receive RaftClientReply:client-CEF4D3493DC0->4ee04582-2825-4055-a051-0465d62eb5ca@group-78E0FE5F723E, cid=3649, SUCCESS, logIndex=5590, commits[4ee04582-2825-4055-a051-0465d62eb5ca:c5590, 97f5b9f0-d9ef-40b5-ba79-7414923e623f:c5588, 7d686585-d831-45bc-93fc-0a553b604b0e:c5588]
2019-07-08 23:05:14,892 INFO  client.GrpcClientProtocolClient (GrpcClientProtocolClient.java:onNext(255)) - client-CEF4D3493DC0->4ee04582-2825-4055-a051-0465d62eb5ca: receive RaftClientReply:client-CEF4D3493DC0->4ee04582-2825-4055-a051-0465d62eb5ca@group-78E0FE5F723E, cid=3650, SUCCESS, logIndex=0, commits[4ee04582-2825-4055-a051-0465d62eb5ca:c5591, 97f5b9f0-d9ef-40b5-ba79-7414923e623f:c5590, 7d686585-d831-45bc-93fc-0a553b604b0e:c5590]
2019-07-08 23:05:14,913 INFO  client.GrpcClientProtocolClient (GrpcClientProtocolClient.java:onNext(255)) - client-CEF4D3493DC0->4ee04582-2825-4055-a051-0465d62eb5ca: receive RaftClientReply:client-CEF4D3493DC0->4ee04582-2825-4055-a051-0465d62eb5ca@group-78E0FE5F723E, cid=3651, SUCCESS, logIndex=5593, commits[4ee04582-2825-4055-a051-0465d62eb5ca:c5594, 97f5b9f0-d9ef-40b5-ba79-7414923e623f:c5592, 7d686585-d831-45bc-93fc-0a553b604b0e:c5592]
2019-07-08 23:05:14,914 INFO  client.GrpcClientProtocolClient (GrpcClientProtocolClient.java:onNext(255)) - client-CEF4D3493DC0->4ee04582-2825-4055-a051-0465d62eb5ca: receive RaftClientReply:client-CEF4D3493DC0->4ee04582-2825-4055-a051-0465d62eb5ca@group-78E0FE5F723E, cid=3652, SUCCESS, logIndex=5594, commits[4ee04582-2825-4055-a051-0465d62eb5ca:c5594, 97f5b9f0-d9ef-40b5-ba79-7414923e623f:c5592, 7d686585-d831-45bc-93fc-0a553b604b0e:c5592]
2019-07-08 23:05:14,915 INFO  client.GrpcClientProtocolClient (GrpcClientProtocolClient.java:onNext(255)) - client-CEF4D3493DC0->4ee04582-2825-4055-a051-0465d62eb5ca: receive RaftClientReply:client-CEF4D3493DC0->4ee04582-2825-4055-a051-0465d62eb5ca@group-78E0FE5F723E, cid=3653, SUCCESS, logIndex=5595, commits[4ee04582-2825-4055-a051-0465d62eb5ca:c5597, 97f5b9f0-d9ef-40b5-ba79-7414923e623f:c5592, 7d686585-d831-45bc-93fc-0a553b604b0e:c5594]
2019-07-08 23:05:14,916 INFO  client.GrpcClientProtocolClient (GrpcClientProtocolClient.java:onNext(255)) - client-CEF4D3493DC0->4ee04582-2825-4055-a051-0465d62eb5ca: receive RaftClientReply:client-CEF4D3493DC0->4ee04582-2825-4055-a051-0465d62eb5ca@group-78E0FE5F723E, cid=3654, SUCCESS, logIndex=5596, commits[4ee04582-2825-4055-a051-0465d62eb5ca:c5597, 97f5b9f0-d9ef-40b5-ba79-7414923e623f:c5592, 7d686585-d831-45bc-93fc-0a553b604b0e:c5594]
2019-07-08 23:05:14,917 INFO  client.GrpcClientProtocolClient (GrpcClientProtocolClient.java:onNext(255)) - client-CEF4D3493DC0->4ee04582-2825-4055-a051-0465d62eb5ca: receive RaftClientReply:client-CEF4D3493DC0->4ee04582-2825-4055-a051-0465d62eb5ca@group-78E0FE5F723E, cid=3655, SUCCESS, logIndex=0, commits[4ee04582-2825-4055-a051-0465d62eb5ca:c5597, 97f5b9f0-d9ef-40b5-ba79-7414923e623f:c5594, 7d686585-d831-45bc-93fc-0a553b604b0e:c5594]
2019-07-08 23:05:14,928 INFO  client.GrpcClientProtocolClient (GrpcClientProtocolClient.java:onNext(255)) - client-CEF4D3493DC0->4ee04582-2825-4055-a051-0465d62eb5ca: receive RaftClientReply:client-CEF4D3493DC0->4ee04582-2825-4055-a051-0465d62eb5ca@group-78E0FE5F723E, cid=3656, SUCCESS, logIndex=5600, commits[4ee04582-2825-4055-a051-0465d62eb5ca:c5601, 97f5b9f0-d9ef-40b5-ba79-7414923e623f:c5599, 7d686585-d831-45bc-93fc-0a553b604b0e:c5597]
2019-07-08 23:05:14,929 INFO  client.GrpcClientProtocolClient (GrpcClientProtocolClient.java:onNext(255)) - client-CEF4D3493DC0->4ee04582-2825-4055-a051-0465d62eb5ca: receive RaftClientReply:client-CEF4D3493DC0->4ee04582-2825-4055-a051-0465d62eb5ca@group-78E0FE5F723E, cid=3657, SUCCESS, logIndex=5601, commits[4ee04582-2825-4055-a051-0465d62eb5ca:c5601, 97f5b9f0-d9ef-40b5-ba79-7414923e623f:c5599, 7d686585-d831-45bc-93fc-0a553b604b0e:c5599]
2019-07-08 23:05:14,943 INFO  client.GrpcClientProtocolClient (GrpcClientProtocolClient.java:onNext(255)) - client-CEF4D3493DC0->4ee04582-2825-4055-a051-0465d62eb5ca: receive RaftClientReply:client-CEF4D3493DC0->4ee04582-2825-4055-a051-0465d62eb5ca@group-78E0FE5F723E, cid=3658, SUCCESS, logIndex=5604, commits[4ee04582-2825-4055-a051-0465d62eb5ca:c5605, 97f5b9f0-d9ef-40b5-ba79-7414923e623f:c5603, 7d686585-d831-45bc-93fc-0a553b604b0e:c5603]
2019-07-08 23:05:14,944 INFO  client.GrpcClientProtocolClient (GrpcClientProtocolClient.java:onNext(255)) - client-CEF4D3493DC0->4ee04582-2825-4055-a051-0465d62eb5ca: receive RaftClientReply:client-CEF4D3493DC0->4ee04582-2825-4055-a051-0465d62eb5ca@group-78E0FE5F723E, cid=3659, SUCCESS, logIndex=5605, commits[4ee04582-2825-4055-a051-0465d62eb5ca:c5605, 97f5b9f0-d9ef-40b5-ba79-7414923e623f:c5603, 7d686585-d831-45bc-93fc-0a553b604b0e:c5603]
2019-07-08 23:05:14,947 INFO  client.GrpcClientProtocolClient (GrpcClientProtocolClient.java:onNext(255)) - client-CEF4D3493DC0->4ee04582-2825-4055-a051-0465d62eb5ca: receive RaftClientReply:client-CEF4D3493DC0->4ee04582-2825-4055-a051-0465d62eb5ca@group-78E0FE5F723E, cid=3660, SUCCESS, logIndex=0, commits[4ee04582-2825-4055-a051-0465d62eb5ca:c5606, 97f5b9f0-d9ef-40b5-ba79-7414923e623f:c5605, 7d686585-d831-45bc-93fc-0a553b604b0e:c5605]
2019-07-08 23:05:14,968 INFO  client.GrpcClientProtocolClient (GrpcClientProtocolClient.java:onNext(255)) - client-CEF4D3493DC0->4ee04582-2825-4055-a051-0465d62eb5ca: receive RaftClientReply:client-CEF4D3493DC0->4ee04582-2825-4055-a051-0465d62eb5ca@group-78E0FE5F723E, cid=3661, SUCCESS, logIndex=5608, commits[4ee04582-2825-4055-a051-0465d62eb5ca:c5609, 97f5b9f0-d9ef-40b5-ba79-7414923e623f:c5605, 7d686585-d831-45bc-93fc-0a553b604b0e:c5607]
2019-07-08 23:05:14,968 INFO  client.GrpcClientProtocolClient (GrpcClientProtocolClient.java:onNext(255)) - client-CEF4D3493DC0->4ee04582-2825-4055-a051-0465d62eb5ca: receive RaftClientReply:client-CEF4D3493DC0->4ee04582-2825-4055-a051-0465d62eb5ca@group-78E0FE5F723E, cid=3662, SUCCESS, logIndex=5609, commits[4ee04582-2825-4055-a051-0465d62eb5ca:c5609, 97f5b9f0-d9ef-40b5-ba79-7414923e623f:c5605, 7d686585-d831-45bc-93fc-0a553b604b0e:c5607]
2019-07-08 23:05:14,971 INFO  client.GrpcClientProtocolClient (GrpcClientProtocolClient.java:onNext(255)) - client-CEF4D3493DC0->4ee04582-2825-4055-a051-0465d62eb5ca: receive RaftClientReply:client-CEF4D3493DC0->4ee04582-2825-4055-a051-0465d62eb5ca@group-78E0FE5F723E, cid=3663, SUCCESS, logIndex=5610, commits[4ee04582-2825-4055-a051-0465d62eb5ca:c5613, 97f5b9f0-d9ef-40b5-ba79-7414923e623f:c5609, 7d686585-d831-45bc-93fc-0a553b604b0e:c5607]
2019-07-08 23:05:14,971 INFO  client.GrpcClientProtocolClient (GrpcClientProtocolClient.java:onNext(255)) - client-CEF4D3493DC0->4ee04582-2825-4055-a051-0465d62eb5ca: receive RaftClientReply:client-CEF4D3493DC0->4ee04582-2825-4055-a051-0465d62eb5ca@group-78E0FE5F723E, cid=3664, SUCCESS, logIndex=5611, commits[4ee04582-2825-4055-a051-0465d62eb5ca:c5613, 97f5b9f0-d9ef-40b5-ba79-7414923e623f:c5609, 7d686585-d831-45bc-93fc-0a553b604b0e:c5607]
2019-07-08 23:05:14,972 INFO  client.GrpcClientProtocolClient (GrpcClientProtocolClient.java:onNext(255)) - client-CEF4D3493DC0->4ee04582-2825-4055-a051-0465d62eb5ca: receive RaftClientReply:client-CEF4D3493DC0->4ee04582-2825-4055-a051-0465d62eb5ca@group-78E0FE5F723E, cid=3665, SUCCESS, logIndex=0, commits[4ee04582-2825-4055-a051-0465d62eb5ca:c5613, 97f5b9f0-d9ef-40b5-ba79-7414923e623f:c5609, 7d686585-d831-45bc-93fc-0a553b604b0e:c5609]
2019-07-08 23:05:14,982 INFO  client.GrpcClientProtocolClient (GrpcClientProtocolClient.java:onNext(255)) - client-CEF4D3493DC0->4ee04582-2825-4055-a051-0465d62eb5ca: receive RaftClientReply:client-CEF4D3493DC0->4ee04582-2825-4055-a051-0465d62eb5ca@group-78E0FE5F723E, cid=3666, SUCCESS, logIndex=5616, commits[4ee04582-2825-4055-a051-0465d62eb5ca:c5617, 97f5b9f0-d9ef-40b5-ba79-7414923e623f:c5615, 7d686585-d831-45bc-93fc-0a553b604b0e:c5611]
2019-07-08 23:05:14,982 INFO  client.GrpcClientProtocolClient (GrpcClientProtocolClient.java:onNext(255)) - client-CEF4D3493DC0->4ee04582-2825-4055-a051-0465d62eb5ca: receive RaftClientReply:client-CEF4D3493DC0->4ee04582-2825-4055-a051-0465d62eb5ca@group-78E0FE5F723E, cid=3667, SUCCESS, logIndex=5617, commits[4ee04582-2825-4055-a051-0465d62eb5ca:c5617, 97f5b9f0-d9ef-40b5-ba79-7414923e623f:c5615, 7d686585-d831-45bc-93fc-0a553b604b0e:c5611]
2019-07-08 23:05:14,993 INFO  client.GrpcClientProtocolClient (GrpcClientProtocolClient.java:onNext(255)) - client-CEF4D3493DC0->4ee04582-2825-4055-a051-0465d62eb5ca: receive RaftClientReply:client-CEF4D3493DC0->4ee04582-2825-4055-a051-0465d62eb5ca@group-78E0FE5F723E, cid=3668, SUCCESS, logIndex=5620, commits[4ee04582-2825-4055-a051-0465d62eb5ca:c5621, 97f5b9f0-d9ef-40b5-ba79-7414923e623f:c5619, 7d686585-d831-45bc-93fc-0a553b604b0e:c5619]
2019-07-08 23:05:14,993 INFO  client.GrpcClientProtocolClient (GrpcClientProtocolClient.java:onNext(255)) - client-CEF4D3493DC0->4ee04582-2825-4055-a051-0465d62eb5ca: receive RaftClientReply:client-CEF4D3493DC0->4ee04582-2825-4055-a051-0465d62eb5ca@group-78E0FE5F723E, cid=3669, SUCCESS, logIndex=5621, commits[4ee04582-2825-4055-a051-0465d62eb5ca:c5621, 97f5b9f0-d9ef-40b5-ba79-7414923e623f:c5619, 7d686585-d831-45bc-93fc-0a553b604b0e:c5619]
2019-07-08 23:05:14,994 INFO  client.GrpcClientProtocolClient (GrpcClientProtocolClient.java:onNext(255)) - client-CEF4D3493DC0->4ee04582-2825-4055-a051-0465d62eb5ca: receive RaftClientReply:client-CEF4D3493DC0->4ee04582-2825-4055-a051-0465d62eb5ca@group-78E0FE5F723E, cid=3670, SUCCESS, logIndex=0, commits[4ee04582-2825-4055-a051-0465d62eb5ca:c5622, 97f5b9f0-d9ef-40b5-ba79-7414923e623f:c5621, 7d686585-d831-45bc-93fc-0a553b604b0e:c5621]
2019-07-08 23:05:15,013 INFO  client.GrpcClientProtocolClient (GrpcClientProtocolClient.java:onNext(255)) - client-CEF4D3493DC0->4ee04582-2825-4055-a051-0465d62eb5ca: receive RaftClientReply:client-CEF4D3493DC0->4ee04582-2825-4055-a051-0465d62eb5ca@group-78E0FE5F723E, cid=3671, SUCCESS, logIndex=5624, commits[4ee04582-2825-4055-a051-0465d62eb5ca:c5625, 97f5b9f0-d9ef-40b5-ba79-7414923e623f:c5623, 7d686585-d831-45bc-93fc-0a553b604b0e:c5621]
2019-07-08 23:05:15,014 INFO  client.GrpcClientProtocolClient (GrpcClientProtocolClient.java:onNext(255)) - client-CEF4D3493DC0->4ee04582-2825-4055-a051-0465d62eb5ca: receive RaftClientReply:client-CEF4D3493DC0->4ee04582-2825-4055-a051-0465d62eb5ca@group-78E0FE5F723E, cid=3672, SUCCESS, logIndex=5625, commits[4ee04582-2825-4055-a051-0465d62eb5ca:c5625, 97f5b9f0-d9ef-40b5-ba79-7414923e623f:c5623, 7d686585-d831-45bc-93fc-0a553b604b0e:c5621]
2019-07-08 23:05:15,018 INFO  client.GrpcClientProtocolClient (GrpcClientProtocolClient.java:onNext(255)) - client-CEF4D3493DC0->4ee04582-2825-4055-a051-0465d62eb5ca: receive RaftClientReply:client-CEF4D3493DC0->4ee04582-2825-4055-a051-0465d62eb5ca@group-78E0FE5F723E, cid=3673, SUCCESS, logIndex=5626, commits[4ee04582-2825-4055-a051-0465d62eb5ca:c5626, 97f5b9f0-d9ef-40b5-ba79-7414923e623f:c5623, 7d686585-d831-45bc-93fc-0a553b604b0e:c5623]
2019-07-08 23:05:15,019 INFO  client.GrpcClientProtocolClient (GrpcClientProtocolClient.java:onNext(255)) - client-CEF4D3493DC0->4ee04582-2825-4055-a051-0465d62eb5ca: receive RaftClientReply:client-CEF4D3493DC0->4ee04582-2825-4055-a051-0465d62eb5ca@group-78E0FE5F723E, cid=3674, SUCCESS, logIndex=5627, commits[4ee04582-2825-4055-a051-0465d62eb5ca:c5629, 97f5b9f0-d9ef-40b5-ba79-7414923e623f:c5625, 7d686585-d831-45bc-93fc-0a553b604b0e:c5625]
2019-07-08 23:05:15,029 INFO  client.GrpcClientProtocolClient (GrpcClientProtocolClient.java:onNext(255)) - client-CEF4D3493DC0->4ee04582-2825-4055-a051-0465d62eb5ca: receive RaftClientReply:client-CEF4D3493DC0->4ee04582-2825-4055-a051-0465d62eb5ca@group-78E0FE5F723E, cid=3675, SUCCESS, logIndex=5631, commits[4ee04582-2825-4055-a051-0465d62eb5ca:c5632, 97f5b9f0-d9ef-40b5-ba79-7414923e623f:c5630, 7d686585-d831-45bc-93fc-0a553b604b0e:c5626]
2019-07-08 23:05:15,030 INFO  client.GrpcClientProtocolClient (GrpcClientProtocolClient.java:onNext(255)) - client-CEF4D3493DC0->4ee04582-2825-4055-a051-0465d62eb5ca: receive RaftClientReply:client-CEF4D3493DC0->4ee04582-2825-4055-a051-0465d62eb5ca@group-78E0FE5F723E, cid=3676, SUCCESS, logIndex=5632, commits[4ee04582-2825-4055-a051-0465d62eb5ca:c5632, 97f5b9f0-d9ef-40b5-ba79-7414923e623f:c5630, 7d686585-d831-45bc-93fc-0a553b604b0e:c5630]
2019-07-08 23:05:15,107 INFO  client.GrpcClientProtocolClient (GrpcClientProtocolClient.java:onNext(255)) - client-CEF4D3493DC0->4ee04582-2825-4055-a051-0465d62eb5ca: receive RaftClientReply:client-CEF4D3493DC0->4ee04582-2825-4055-a051-0465d62eb5ca@group-78E0FE5F723E, cid=3677, SUCCESS, logIndex=5635, commits[4ee04582-2825-4055-a051-0465d62eb5ca:c5636, 97f5b9f0-d9ef-40b5-ba79-7414923e623f:c5633, 7d686585-d831-45bc-93fc-0a553b604b0e:c5633]
2019-07-08 23:05:15,107 INFO  client.GrpcClientProtocolClient (GrpcClientProtocolClient.java:onNext(255)) - client-CEF4D3493DC0->4ee04582-2825-4055-a051-0465d62eb5ca: receive RaftClientReply:client-CEF4D3493DC0->4ee04582-2825-4055-a051-0465d62eb5ca@group-78E0FE5F723E, cid=3678, SUCCESS, logIndex=5636, commits[4ee04582-2825-4055-a051-0465d62eb5ca:c5636, 97f5b9f0-d9ef-40b5-ba79-7414923e623f:c5633, 7d686585-d831-45bc-93fc-0a553b604b0e:c5633]
2019-07-08 23:05:15,113 INFO  client.GrpcClientProtocolClient (GrpcClientProtocolClient.java:onNext(255)) - client-CEF4D3493DC0->4ee04582-2825-4055-a051-0465d62eb5ca: receive RaftClientReply:client-CEF4D3493DC0->4ee04582-2825-4055-a051-0465d62eb5ca@group-78E0FE5F723E, cid=3679, SUCCESS, logIndex=0, commits[4ee04582-2825-4055-a051-0465d62eb5ca:c5638, 97f5b9f0-d9ef-40b5-ba79-7414923e623f:c5636, 7d686585-d831-45bc-93fc-0a553b604b0e:c5636]
 0.00% |█                                                                                                    |  0/1 Time: 0:00:242019-07-08 23:05:15,198 INFO  client.GrpcClientProtocolClient (GrpcClientProtocolClient.java:onNext(255)) - client-CEF4D3493DC0->4ee04582-2825-4055-a051-0465d62eb5ca: receive RaftClientReply:client-CEF4D3493DC0->4ee04582-2825-4055-a051-0465d62eb5ca@group-78E0FE5F723E, cid=3680, SUCCESS, logIndex=5639, commits[4ee04582-2825-4055-a051-0465d62eb5ca:c5640, 97f5b9f0-d9ef-40b5-ba79-7414923e623f:c5638, 7d686585-d831-45bc-93fc-0a553b604b0e:c5638]
2019-07-08 23:05:15,199 INFO  client.GrpcClientProtocolClient (GrpcClientProtocolClient.java:onNext(255)) - client-CEF4D3493DC0->4ee04582-2825-4055-a051-0465d62eb5ca: receive RaftClientReply:client-CEF4D3493DC0->4ee04582-2825-4055-a051-0465d62eb5ca@group-78E0FE5F723E, cid=3681, SUCCESS, logIndex=5640, commits[4ee04582-2825-4055-a051-0465d62eb5ca:c5642, 97f5b9f0-d9ef-40b5-ba79-7414923e623f:c5638, 7d686585-d831-45bc-93fc-0a553b604b0e:c5638]
2019-07-08 23:05:15,199 INFO  client.GrpcClientProtocolClient (GrpcClientProtocolClient.java:onNext(255)) - client-CEF4D3493DC0->4ee04582-2825-4055-a051-0465d62eb5ca: receive RaftClientReply:client-CEF4D3493DC0->4ee04582-2825-4055-a051-0465d62eb5ca@group-78E0FE5F723E, cid=3682, SUCCESS, logIndex=5641, commits[4ee04582-2825-4055-a051-0465d62eb5ca:c5642, 97f5b9f0-d9ef-40b5-ba79-7414923e623f:c5638, 7d686585-d831-45bc-93fc-0a553b604b0e:c5638]
2019-07-08 23:05:15,199 INFO  client.GrpcClientProtocolClient (GrpcClientProtocolClient.java:onNext(255)) - client-CEF4D3493DC0->4ee04582-2825-4055-a051-0465d62eb5ca: receive RaftClientReply:client-CEF4D3493DC0->4ee04582-2825-4055-a051-0465d62eb5ca@group-78E0FE5F723E, cid=3683, SUCCESS, logIndex=5642, commits[4ee04582-2825-4055-a051-0465d62eb5ca:c5642, 97f5b9f0-d9ef-40b5-ba79-7414923e623f:c5638, 7d686585-d831-45bc-93fc-0a553b604b0e:c5638]
2019-07-08 23:05:15,208 INFO  client.GrpcClientProtocolClient (GrpcClientProtocolClient.java:onNext(255)) - client-CEF4D3493DC0->4ee04582-2825-4055-a051-0465d62eb5ca: receive RaftClientReply:client-CEF4D3493DC0->4ee04582-2825-4055-a051-0465d62eb5ca@group-78E0FE5F723E, cid=3684, SUCCESS, logIndex=0, commits[4ee04582-2825-4055-a051-0465d62eb5ca:c5643, 97f5b9f0-d9ef-40b5-ba79-7414923e623f:c5640, 7d686585-d831-45bc-93fc-0a553b604b0e:c5640]
2019-07-08 23:05:15,223 INFO  client.GrpcClientProtocolClient (GrpcClientProtocolClient.java:onNext(255)) - client-CEF4D3493DC0->4ee04582-2825-4055-a051-0465d62eb5ca: receive RaftClientReply:client-CEF4D3493DC0->4ee04582-2825-4055-a051-0465d62eb5ca@group-78E0FE5F723E, cid=3685, SUCCESS, logIndex=5647, commits[4ee04582-2825-4055-a051-0465d62eb5ca:c5648, 97f5b9f0-d9ef-40b5-ba79-7414923e623f:c5642, 7d686585-d831-45bc-93fc-0a553b604b0e:c5646]
2019-07-08 23:05:15,223 INFO  client.GrpcClientProtocolClient (GrpcClientProtocolClient.java:onNext(255)) - client-CEF4D3493DC0->4ee04582-2825-4055-a051-0465d62eb5ca: receive RaftClientReply:client-CEF4D3493DC0->4ee04582-2825-4055-a051-0465d62eb5ca@group-78E0FE5F723E, cid=3686, SUCCESS, logIndex=5648, commits[4ee04582-2825-4055-a051-0465d62eb5ca:c5648, 97f5b9f0-d9ef-40b5-ba79-7414923e623f:c5646, 7d686585-d831-45bc-93fc-0a553b604b0e:c5646]
2019-07-08 23:05:15,244 INFO  client.GrpcClientProtocolClient (GrpcClientProtocolClient.java:onNext(255)) - client-CEF4D3493DC0->4ee04582-2825-4055-a051-0465d62eb5ca: receive RaftClientReply:client-CEF4D3493DC0->4ee04582-2825-4055-a051-0465d62eb5ca@group-78E0FE5F723E, cid=3687, SUCCESS, logIndex=5651, commits[4ee04582-2825-4055-a051-0465d62eb5ca:c5651, 97f5b9f0-d9ef-40b5-ba79-7414923e623f:c5650, 7d686585-d831-45bc-93fc-0a553b604b0e:c5650]
2019-07-08 23:05:15,244 INFO  client.GrpcClientProtocolClient (GrpcClientProtocolClient.java:onNext(255)) - client-CEF4D3493DC0->4ee04582-2825-4055-a051-0465d62eb5ca: receive RaftClientReply:client-CEF4D3493DC0->4ee04582-2825-4055-a051-0465d62eb5ca@group-78E0FE5F723E, cid=3688, SUCCESS, logIndex=5652, commits[4ee04582-2825-4055-a051-0465d62eb5ca:c5652, 97f5b9f0-d9ef-40b5-ba79-7414923e623f:c5650, 7d686585-d831-45bc-93fc-0a553b604b0e:c5650]
2019-07-08 23:05:15,249 INFO  client.GrpcClientProtocolClient (GrpcClientProtocolClient.java:onNext(255)) - client-CEF4D3493DC0->4ee04582-2825-4055-a051-0465d62eb5ca: receive RaftClientReply:client-CEF4D3493DC0->4ee04582-2825-4055-a051-0465d62eb5ca@group-78E0FE5F723E, cid=3689, SUCCESS, logIndex=0, commits[4ee04582-2825-4055-a051-0465d62eb5ca:c5654, 97f5b9f0-d9ef-40b5-ba79-7414923e623f:c5652, 7d686585-d831-45bc-93fc-0a553b604b0e:c5652]
2019-07-08 23:05:15,278 INFO  client.GrpcClientProtocolClient (GrpcClientProtocolClient.java:onNext(255)) - client-CEF4D3493DC0->4ee04582-2825-4055-a051-0465d62eb5ca: receive RaftClientReply:client-CEF4D3493DC0->4ee04582-2825-4055-a051-0465d62eb5ca@group-78E0FE5F723E, cid=3690, SUCCESS, logIndex=5655, commits[4ee04582-2825-4055-a051-0465d62eb5ca:c5656, 97f5b9f0-d9ef-40b5-ba79-7414923e623f:c5654, 7d686585-d831-45bc-93fc-0a553b604b0e:c5652]
2019-07-08 23:05:15,279 INFO  client.GrpcClientProtocolClient (GrpcClientProtocolClient.java:onNext(255)) - client-CEF4D3493DC0->4ee04582-2825-4055-a051-0465d62eb5ca: receive RaftClientReply:client-CEF4D3493DC0->4ee04582-2825-4055-a051-0465d62eb5ca@group-78E0FE5F723E, cid=3691, SUCCESS, logIndex=5656, commits[4ee04582-2825-4055-a051-0465d62eb5ca:c5656, 97f5b9f0-d9ef-40b5-ba79-7414923e623f:c5654, 7d686585-d831-45bc-93fc-0a553b604b0e:c5654]
2019-07-08 23:05:15,280 INFO  client.GrpcClientProtocolClient (GrpcClientProtocolClient.java:onNext(255)) - client-CEF4D3493DC0->4ee04582-2825-4055-a051-0465d62eb5ca: receive RaftClientReply:client-CEF4D3493DC0->4ee04582-2825-4055-a051-0465d62eb5ca@group-78E0FE5F723E, cid=3692, SUCCESS, logIndex=5657, commits[4ee04582-2825-4055-a051-0465d62eb5ca:c5658, 97f5b9f0-d9ef-40b5-ba79-7414923e623f:c5654, 7d686585-d831-45bc-93fc-0a553b604b0e:c5656]
2019-07-08 23:05:15,280 INFO  client.GrpcClientProtocolClient (GrpcClientProtocolClient.java:onNext(255)) - client-CEF4D3493DC0->4ee04582-2825-4055-a051-0465d62eb5ca: receive RaftClientReply:client-CEF4D3493DC0->4ee04582-2825-4055-a051-0465d62eb5ca@group-78E0FE5F723E, cid=3693, SUCCESS, logIndex=5658, commits[4ee04582-2825-4055-a051-0465d62eb5ca:c5660, 97f5b9f0-d9ef-40b5-ba79-7414923e623f:c5654, 7d686585-d831-45bc-93fc-0a553b604b0e:c5656]
2019-07-08 23:05:15,282 INFO  client.GrpcClientProtocolClient (GrpcClientProtocolClient.java:onNext(255)) - client-CEF4D3493DC0->4ee04582-2825-4055-a051-0465d62eb5ca: receive RaftClientReply:client-CEF4D3493DC0->4ee04582-2825-4055-a051-0465d62eb5ca@group-78E0FE5F723E, cid=3694, SUCCESS, logIndex=0, commits[4ee04582-2825-4055-a051-0465d62eb5ca:c5660, 97f5b9f0-d9ef-40b5-ba79-7414923e623f:c5656, 7d686585-d831-45bc-93fc-0a553b604b0e:c5656]
2019-07-08 23:05:15,295 INFO  client.GrpcClientProtocolClient (GrpcClientProtocolClient.java:onNext(255)) - client-CEF4D3493DC0->4ee04582-2825-4055-a051-0465d62eb5ca: receive RaftClientReply:client-CEF4D3493DC0->4ee04582-2825-4055-a051-0465d62eb5ca@group-78E0FE5F723E, cid=3695, SUCCESS, logIndex=5663, commits[4ee04582-2825-4055-a051-0465d62eb5ca:c5664, 97f5b9f0-d9ef-40b5-ba79-7414923e623f:c5662, 7d686585-d831-45bc-93fc-0a553b604b0e:c5658]
2019-07-08 23:05:15,296 INFO  client.GrpcClientProtocolClient (GrpcClientProtocolClient.java:onNext(255)) - client-CEF4D3493DC0->4ee04582-2825-4055-a051-0465d62eb5ca: receive RaftClientReply:client-CEF4D3493DC0->4ee04582-2825-4055-a051-0465d62eb5ca@group-78E0FE5F723E, cid=3696, SUCCESS, logIndex=5664, commits[4ee04582-2825-4055-a051-0465d62eb5ca:c5664, 97f5b9f0-d9ef-40b5-ba79-7414923e623f:c5662, 7d686585-d831-45bc-93fc-0a553b604b0e:c5662]
2019-07-08 23:05:15,308 INFO  client.GrpcClientProtocolClient (GrpcClientProtocolClient.java:onNext(255)) - client-CEF4D3493DC0->4ee04582-2825-4055-a051-0465d62eb5ca: receive RaftClientReply:client-CEF4D3493DC0->4ee04582-2825-4055-a051-0465d62eb5ca@group-78E0FE5F723E, cid=3697, SUCCESS, logIndex=5667, commits[4ee04582-2825-4055-a051-0465d62eb5ca:c5668, 97f5b9f0-d9ef-40b5-ba79-7414923e623f:c5666, 7d686585-d831-45bc-93fc-0a553b604b0e:c5666]
2019-07-08 23:05:15,309 INFO  client.GrpcClientProtocolClient (GrpcClientProtocolClient.java:onNext(255)) - client-CEF4D3493DC0->4ee04582-2825-4055-a051-0465d62eb5ca: receive RaftClientReply:client-CEF4D3493DC0->4ee04582-2825-4055-a051-0465d62eb5ca@group-78E0FE5F723E, cid=3698, SUCCESS, logIndex=5668, commits[4ee04582-2825-4055-a051-0465d62eb5ca:c5668, 97f5b9f0-d9ef-40b5-ba79-7414923e623f:c5666, 7d686585-d831-45bc-93fc-0a553b604b0e:c5666]
2019-07-08 23:05:15,313 INFO  client.GrpcClientProtocolClient (GrpcClientProtocolClient.java:onNext(255)) - client-CEF4D3493DC0->4ee04582-2825-4055-a051-0465d62eb5ca: receive RaftClientReply:client-CEF4D3493DC0->4ee04582-2825-4055-a051-0465d62eb5ca@group-78E0FE5F723E, cid=3699, SUCCESS, logIndex=0, commits[4ee04582-2825-4055-a051-0465d62eb5ca:c5669, 97f5b9f0-d9ef-40b5-ba79-7414923e623f:c5668, 7d686585-d831-45bc-93fc-0a553b604b0e:c5668]
2019-07-08 23:05:15,340 INFO  client.GrpcClientProtocolClient (GrpcClientProtocolClient.java:onNext(255)) - client-CEF4D3493DC0->4ee04582-2825-4055-a051-0465d62eb5ca: receive RaftClientReply:client-CEF4D3493DC0->4ee04582-2825-4055-a051-0465d62eb5ca@group-78E0FE5F723E, cid=3700, SUCCESS, logIndex=5671, commits[4ee04582-2825-4055-a051-0465d62eb5ca:c5674, 97f5b9f0-d9ef-40b5-ba79-7414923e623f:c5670, 7d686585-d831-45bc-93fc-0a553b604b0e:c5668]
2019-07-08 23:05:15,341 INFO  client.GrpcClientProtocolClient (GrpcClientProtocolClient.java:onNext(255)) - client-CEF4D3493DC0->4ee04582-2825-4055-a051-0465d62eb5ca: receive RaftClientReply:client-CEF4D3493DC0->4ee04582-2825-4055-a051-0465d62eb5ca@group-78E0FE5F723E, cid=3701, SUCCESS, logIndex=5672, commits[4ee04582-2825-4055-a051-0465d62eb5ca:c5674, 97f5b9f0-d9ef-40b5-ba79-7414923e623f:c5670, 7d686585-d831-45bc-93fc-0a553b604b0e:c5670]
2019-07-08 23:05:15,341 INFO  client.GrpcClientProtocolClient (GrpcClientProtocolClient.java:onNext(255)) - client-CEF4D3493DC0->4ee04582-2825-4055-a051-0465d62eb5ca: receive RaftClientReply:client-CEF4D3493DC0->4ee04582-2825-4055-a051-0465d62eb5ca@group-78E0FE5F723E, cid=3702, SUCCESS, logIndex=5673, commits[4ee04582-2825-4055-a051-0465d62eb5ca:c5674, 97f5b9f0-d9ef-40b5-ba79-7414923e623f:c5670, 7d686585-d831-45bc-93fc-0a553b604b0e:c5670]
2019-07-08 23:05:15,341 INFO  client.GrpcClientProtocolClient (GrpcClientProtocolClient.java:onNext(255)) - client-CEF4D3493DC0->4ee04582-2825-4055-a051-0465d62eb5ca: receive RaftClientReply:client-CEF4D3493DC0->4ee04582-2825-4055-a051-0465d62eb5ca@group-78E0FE5F723E, cid=3703, SUCCESS, logIndex=5674, commits[4ee04582-2825-4055-a051-0465d62eb5ca:c5674, 97f5b9f0-d9ef-40b5-ba79-7414923e623f:c5670, 7d686585-d831-45bc-93fc-0a553b604b0e:c5670]
2019-07-08 23:05:15,344 INFO  client.GrpcClientProtocolClient (GrpcClientProtocolClient.java:onNext(255)) - client-CEF4D3493DC0->4ee04582-2825-4055-a051-0465d62eb5ca: receive RaftClientReply:client-CEF4D3493DC0->4ee04582-2825-4055-a051-0465d62eb5ca@group-78E0FE5F723E, cid=3704, SUCCESS, logIndex=0, commits[4ee04582-2825-4055-a051-0465d62eb5ca:c5675, 97f5b9f0-d9ef-40b5-ba79-7414923e623f:c5672, 7d686585-d831-45bc-93fc-0a553b604b0e:c5672]
2019-07-08 23:05:15,356 INFO  client.GrpcClientProtocolClient (GrpcClientProtocolClient.java:onNext(255)) - client-CEF4D3493DC0->4ee04582-2825-4055-a051-0465d62eb5ca: receive RaftClientReply:client-CEF4D3493DC0->4ee04582-2825-4055-a051-0465d62eb5ca@group-78E0FE5F723E, cid=3705, SUCCESS, logIndex=5679, commits[4ee04582-2825-4055-a051-0465d62eb5ca:c5680, 97f5b9f0-d9ef-40b5-ba79-7414923e623f:c5678, 7d686585-d831-45bc-93fc-0a553b604b0e:c5678]
2019-07-08 23:05:15,356 INFO  client.GrpcClientProtocolClient (GrpcClientProtocolClient.java:onNext(255)) - client-CEF4D3493DC0->4ee04582-2825-4055-a051-0465d62eb5ca: receive RaftClientReply:client-CEF4D3493DC0->4ee04582-2825-4055-a051-0465d62eb5ca@group-78E0FE5F723E, cid=3706, SUCCESS, logIndex=5680, commits[4ee04582-2825-4055-a051-0465d62eb5ca:c5680, 97f5b9f0-d9ef-40b5-ba79-7414923e623f:c5678, 7d686585-d831-45bc-93fc-0a553b604b0e:c5678]
2019-07-08 23:05:15,369 INFO  client.GrpcClientProtocolClient (GrpcClientProtocolClient.java:onNext(255)) - client-CEF4D3493DC0->4ee04582-2825-4055-a051-0465d62eb5ca: receive RaftClientReply:client-CEF4D3493DC0->4ee04582-2825-4055-a051-0465d62eb5ca@group-78E0FE5F723E, cid=3707, SUCCESS, logIndex=5683, commits[4ee04582-2825-4055-a051-0465d62eb5ca:c5684, 97f5b9f0-d9ef-40b5-ba79-7414923e623f:c5682, 7d686585-d831-45bc-93fc-0a553b604b0e:c5680]
2019-07-08 23:05:15,369 INFO  client.GrpcClientProtocolClient (GrpcClientProtocolClient.java:onNext(255)) - client-CEF4D3493DC0->4ee04582-2825-4055-a051-0465d62eb5ca: receive RaftClientReply:client-CEF4D3493DC0->4ee04582-2825-4055-a051-0465d62eb5ca@group-78E0FE5F723E, cid=3708, SUCCESS, logIndex=5684, commits[4ee04582-2825-4055-a051-0465d62eb5ca:c5684, 97f5b9f0-d9ef-40b5-ba79-7414923e623f:c5682, 7d686585-d831-45bc-93fc-0a553b604b0e:c5682]
2019-07-08 23:05:15,371 INFO  client.GrpcClientProtocolClient (GrpcClientProtocolClient.java:onNext(255)) - client-CEF4D3493DC0->4ee04582-2825-4055-a051-0465d62eb5ca: receive RaftClientReply:client-CEF4D3493DC0->4ee04582-2825-4055-a051-0465d62eb5ca@group-78E0FE5F723E, cid=3709, SUCCESS, logIndex=0, commits[4ee04582-2825-4055-a051-0465d62eb5ca:c5685, 97f5b9f0-d9ef-40b5-ba79-7414923e623f:c5684, 7d686585-d831-45bc-93fc-0a553b604b0e:c5684]
2019-07-08 23:05:15,399 INFO  client.GrpcClientProtocolClient (GrpcClientProtocolClient.java:onNext(255)) - client-CEF4D3493DC0->4ee04582-2825-4055-a051-0465d62eb5ca: receive RaftClientReply:client-CEF4D3493DC0->4ee04582-2825-4055-a051-0465d62eb5ca@group-78E0FE5F723E, cid=3710, SUCCESS, logIndex=5687, commits[4ee04582-2825-4055-a051-0465d62eb5ca:c5688, 97f5b9f0-d9ef-40b5-ba79-7414923e623f:c5686, 7d686585-d831-45bc-93fc-0a553b604b0e:c5684]
2019-07-08 23:05:15,399 INFO  client.GrpcClientProtocolClient (GrpcClientProtocolClient.java:onNext(255)) - client-CEF4D3493DC0->4ee04582-2825-4055-a051-0465d62eb5ca: receive RaftClientReply:client-CEF4D3493DC0->4ee04582-2825-4055-a051-0465d62eb5ca@group-78E0FE5F723E, cid=3711, SUCCESS, logIndex=5688, commits[4ee04582-2825-4055-a051-0465d62eb5ca:c5688, 97f5b9f0-d9ef-40b5-ba79-7414923e623f:c5686, 7d686585-d831-45bc-93fc-0a553b604b0e:c5684]
2019-07-08 23:05:15,400 INFO  client.GrpcClientProtocolClient (GrpcClientProtocolClient.java:onNext(255)) - client-CEF4D3493DC0->4ee04582-2825-4055-a051-0465d62eb5ca: receive RaftClientReply:client-CEF4D3493DC0->4ee04582-2825-4055-a051-0465d62eb5ca@group-78E0FE5F723E, cid=3712, SUCCESS, logIndex=5689, commits[4ee04582-2825-4055-a051-0465d62eb5ca:c5690, 97f5b9f0-d9ef-40b5-ba79-7414923e623f:c5686, 7d686585-d831-45bc-93fc-0a553b604b0e:c5684]
2019-07-08 23:05:15,401 INFO  client.GrpcClientProtocolClient (GrpcClientProtocolClient.java:onNext(255)) - client-CEF4D3493DC0->4ee04582-2825-4055-a051-0465d62eb5ca: receive RaftClientReply:client-CEF4D3493DC0->4ee04582-2825-4055-a051-0465d62eb5ca@group-78E0FE5F723E, cid=3713, SUCCESS, logIndex=5690, commits[4ee04582-2825-4055-a051-0465d62eb5ca:c5690, 97f5b9f0-d9ef-40b5-ba79-7414923e623f:c5686, 7d686585-d831-45bc-93fc-0a553b604b0e:c5686]
2019-07-08 23:05:15,402 INFO  client.GrpcClientProtocolClient (GrpcClientProtocolClient.java:onNext(255)) - client-CEF4D3493DC0->4ee04582-2825-4055-a051-0465d62eb5ca: receive RaftClientReply:client-CEF4D3493DC0->4ee04582-2825-4055-a051-0465d62eb5ca@group-78E0FE5F723E, cid=3714, SUCCESS, logIndex=0, commits[4ee04582-2825-4055-a051-0465d62eb5ca:c5691, 97f5b9f0-d9ef-40b5-ba79-7414923e623f:c5688, 7d686585-d831-45bc-93fc-0a553b604b0e:c5688]
2019-07-08 23:05:15,415 INFO  client.GrpcClientProtocolClient (GrpcClientProtocolClient.java:onNext(255)) - client-CEF4D3493DC0->4ee04582-2825-4055-a051-0465d62eb5ca: receive RaftClientReply:client-CEF4D3493DC0->4ee04582-2825-4055-a051-0465d62eb5ca@group-78E0FE5F723E, cid=3715, SUCCESS, logIndex=5694, commits[4ee04582-2825-4055-a051-0465d62eb5ca:c5695, 97f5b9f0-d9ef-40b5-ba79-7414923e623f:c5693, 7d686585-d831-45bc-93fc-0a553b604b0e:c5690]
2019-07-08 23:05:15,415 INFO  client.GrpcClientProtocolClient (GrpcClientProtocolClient.java:onNext(255)) - client-CEF4D3493DC0->4ee04582-2825-4055-a051-0465d62eb5ca: receive RaftClientReply:client-CEF4D3493DC0->4ee04582-2825-4055-a051-0465d62eb5ca@group-78E0FE5F723E, cid=3716, SUCCESS, logIndex=5695, commits[4ee04582-2825-4055-a051-0465d62eb5ca:c5695, 97f5b9f0-d9ef-40b5-ba79-7414923e623f:c5693, 7d686585-d831-45bc-93fc-0a553b604b0e:c5693]
2019-07-08 23:05:15,426 INFO  client.GrpcClientProtocolClient (GrpcClientProtocolClient.java:onNext(255)) - client-CEF4D3493DC0->4ee04582-2825-4055-a051-0465d62eb5ca: receive RaftClientReply:client-CEF4D3493DC0->4ee04582-2825-4055-a051-0465d62eb5ca@group-78E0FE5F723E, cid=3717, SUCCESS, logIndex=5698, commits[4ee04582-2825-4055-a051-0465d62eb5ca:c5699, 97f5b9f0-d9ef-40b5-ba79-7414923e623f:c5696, 7d686585-d831-45bc-93fc-0a553b604b0e:c5695]
2019-07-08 23:05:15,427 INFO  client.GrpcClientProtocolClient (GrpcClientProtocolClient.java:onNext(255)) - client-CEF4D3493DC0->4ee04582-2825-4055-a051-0465d62eb5ca: receive RaftClientReply:client-CEF4D3493DC0->4ee04582-2825-4055-a051-0465d62eb5ca@group-78E0FE5F723E, cid=3718, SUCCESS, logIndex=5699, commits[4ee04582-2825-4055-a051-0465d62eb5ca:c5699, 97f5b9f0-d9ef-40b5-ba79-7414923e623f:c5696, 7d686585-d831-45bc-93fc-0a553b604b0e:c5696]
2019-07-08 23:05:15,429 INFO  client.GrpcClientProtocolClient (GrpcClientProtocolClient.java:onNext(255)) - client-CEF4D3493DC0->4ee04582-2825-4055-a051-0465d62eb5ca: receive RaftClientReply:client-CEF4D3493DC0->4ee04582-2825-4055-a051-0465d62eb5ca@group-78E0FE5F723E, cid=3719, SUCCESS, logIndex=0, commits[4ee04582-2825-4055-a051-0465d62eb5ca:c5700, 97f5b9f0-d9ef-40b5-ba79-7414923e623f:c5699, 7d686585-d831-45bc-93fc-0a553b604b0e:c5699]
2019-07-08 23:05:15,461 INFO  client.GrpcClientProtocolClient (GrpcClientProtocolClient.java:onNext(255)) - client-CEF4D3493DC0->4ee04582-2825-4055-a051-0465d62eb5ca: receive RaftClientReply:client-CEF4D3493DC0->4ee04582-2825-4055-a051-0465d62eb5ca@group-78E0FE5F723E, cid=3720, SUCCESS, logIndex=5702, commits[4ee04582-2825-4055-a051-0465d62eb5ca:c5703, 97f5b9f0-d9ef-40b5-ba79-7414923e623f:c5701, 7d686585-d831-45bc-93fc-0a553b604b0e:c5701]
2019-07-08 23:05:15,461 INFO  client.GrpcClientProtocolClient (GrpcClientProtocolClient.java:onNext(255)) - client-CEF4D3493DC0->4ee04582-2825-4055-a051-0465d62eb5ca: receive RaftClientReply:client-CEF4D3493DC0->4ee04582-2825-4055-a051-0465d62eb5ca@group-78E0FE5F723E, cid=3721, SUCCESS, logIndex=5703, commits[4ee04582-2825-4055-a051-0465d62eb5ca:c5703, 97f5b9f0-d9ef-40b5-ba79-7414923e623f:c5701, 7d686585-d831-45bc-93fc-0a553b604b0e:c5701]
2019-07-08 23:05:15,462 INFO  client.GrpcClientProtocolClient (GrpcClientProtocolClient.java:onNext(255)) - client-CEF4D3493DC0->4ee04582-2825-4055-a051-0465d62eb5ca: receive RaftClientReply:client-CEF4D3493DC0->4ee04582-2825-4055-a051-0465d62eb5ca@group-78E0FE5F723E, cid=3722, SUCCESS, logIndex=5704, commits[4ee04582-2825-4055-a051-0465d62eb5ca:c5705, 97f5b9f0-d9ef-40b5-ba79-7414923e623f:c5701, 7d686585-d831-45bc-93fc-0a553b604b0e:c5701]
2019-07-08 23:05:15,462 INFO  client.GrpcClientProtocolClient (GrpcClientProtocolClient.java:onNext(255)) - client-CEF4D3493DC0->4ee04582-2825-4055-a051-0465d62eb5ca: receive RaftClientReply:client-CEF4D3493DC0->4ee04582-2825-4055-a051-0465d62eb5ca@group-78E0FE5F723E, cid=3723, SUCCESS, logIndex=5705, commits[4ee04582-2825-4055-a051-0465d62eb5ca:c5705, 97f5b9f0-d9ef-40b5-ba79-7414923e623f:c5701, 7d686585-d831-45bc-93fc-0a553b604b0e:c5701]
2019-07-08 23:05:15,466 INFO  client.GrpcClientProtocolClient (GrpcClientProtocolClient.java:onNext(255)) - client-CEF4D3493DC0->4ee04582-2825-4055-a051-0465d62eb5ca: receive RaftClientReply:client-CEF4D3493DC0->4ee04582-2825-4055-a051-0465d62eb5ca@group-78E0FE5F723E, cid=3724, SUCCESS, logIndex=0, commits[4ee04582-2825-4055-a051-0465d62eb5ca:c5707, 97f5b9f0-d9ef-40b5-ba79-7414923e623f:c5703, 7d686585-d831-45bc-93fc-0a553b604b0e:c5703]
2019-07-08 23:05:15,483 INFO  client.GrpcClientProtocolClient (GrpcClientProtocolClient.java:onNext(255)) - client-CEF4D3493DC0->4ee04582-2825-4055-a051-0465d62eb5ca: receive RaftClientReply:client-CEF4D3493DC0->4ee04582-2825-4055-a051-0465d62eb5ca@group-78E0FE5F723E, cid=3725, SUCCESS, logIndex=5710, commits[4ee04582-2825-4055-a051-0465d62eb5ca:c5711, 97f5b9f0-d9ef-40b5-ba79-7414923e623f:c5709, 7d686585-d831-45bc-93fc-0a553b604b0e:c5709]
2019-07-08 23:05:15,484 INFO  client.GrpcClientProtocolClient (GrpcClientProtocolClient.java:onNext(255)) - client-CEF4D3493DC0->4ee04582-2825-4055-a051-0465d62eb5ca: receive RaftClientReply:client-CEF4D3493DC0->4ee04582-2825-4055-a051-0465d62eb5ca@group-78E0FE5F723E, cid=3726, SUCCESS, logIndex=5711, commits[4ee04582-2825-4055-a051-0465d62eb5ca:c5711, 97f5b9f0-d9ef-40b5-ba79-7414923e623f:c5709, 7d686585-d831-45bc-93fc-0a553b604b0e:c5709]
2019-07-08 23:05:15,628 INFO  client.GrpcClientProtocolClient (GrpcClientProtocolClient.java:onNext(255)) - client-CEF4D3493DC0->4ee04582-2825-4055-a051-0465d62eb5ca: receive RaftClientReply:client-CEF4D3493DC0->4ee04582-2825-4055-a051-0465d62eb5ca@group-78E0FE5F723E, cid=3727, SUCCESS, logIndex=5714, commits[4ee04582-2825-4055-a051-0465d62eb5ca:c5715, 97f5b9f0-d9ef-40b5-ba79-7414923e623f:c5713, 7d686585-d831-45bc-93fc-0a553b604b0e:c5713]
2019-07-08 23:05:15,628 INFO  client.GrpcClientProtocolClient (GrpcClientProtocolClient.java:onNext(255)) - client-CEF4D3493DC0->4ee04582-2825-4055-a051-0465d62eb5ca: receive RaftClientReply:client-CEF4D3493DC0->4ee04582-2825-4055-a051-0465d62eb5ca@group-78E0FE5F723E, cid=3728, SUCCESS, logIndex=5715, commits[4ee04582-2825-4055-a051-0465d62eb5ca:c5715, 97f5b9f0-d9ef-40b5-ba79-7414923e623f:c5713, 7d686585-d831-45bc-93fc-0a553b604b0e:c5713]
2019-07-08 23:05:15,633 INFO  client.GrpcClientProtocolClient (GrpcClientProtocolClient.java:onNext(255)) - client-CEF4D3493DC0->4ee04582-2825-4055-a051-0465d62eb5ca: receive RaftClientReply:client-CEF4D3493DC0->4ee04582-2825-4055-a051-0465d62eb5ca@group-78E0FE5F723E, cid=3729, SUCCESS, logIndex=0, commits[4ee04582-2825-4055-a051-0465d62eb5ca:c5717, 97f5b9f0-d9ef-40b5-ba79-7414923e623f:c5715, 7d686585-d831-45bc-93fc-0a553b604b0e:c5715]
2019-07-08 23:05:15,659 INFO  client.GrpcClientProtocolClient (GrpcClientProtocolClient.java:onNext(255)) - client-CEF4D3493DC0->4ee04582-2825-4055-a051-0465d62eb5ca: receive RaftClientReply:client-CEF4D3493DC0->4ee04582-2825-4055-a051-0465d62eb5ca@group-78E0FE5F723E, cid=3730, SUCCESS, logIndex=5718, commits[4ee04582-2825-4055-a051-0465d62eb5ca:c5719, 97f5b9f0-d9ef-40b5-ba79-7414923e623f:c5717, 7d686585-d831-45bc-93fc-0a553b604b0e:c5715]
2019-07-08 23:05:15,660 INFO  client.GrpcClientProtocolClient (GrpcClientProtocolClient.java:onNext(255)) - client-CEF4D3493DC0->4ee04582-2825-4055-a051-0465d62eb5ca: receive RaftClientReply:client-CEF4D3493DC0->4ee04582-2825-4055-a051-0465d62eb5ca@group-78E0FE5F723E, cid=3731, SUCCESS, logIndex=5719, commits[4ee04582-2825-4055-a051-0465d62eb5ca:c5719, 97f5b9f0-d9ef-40b5-ba79-7414923e623f:c5717, 7d686585-d831-45bc-93fc-0a553b604b0e:c5715]
2019-07-08 23:05:15,666 INFO  client.GrpcClientProtocolClient (GrpcClientProtocolClient.java:onNext(255)) - client-CEF4D3493DC0->4ee04582-2825-4055-a051-0465d62eb5ca: receive RaftClientReply:client-CEF4D3493DC0->4ee04582-2825-4055-a051-0465d62eb5ca@group-78E0FE5F723E, cid=3732, SUCCESS, logIndex=5720, commits[4ee04582-2825-4055-a051-0465d62eb5ca:c5720, 97f5b9f0-d9ef-40b5-ba79-7414923e623f:c5717, 7d686585-d831-45bc-93fc-0a553b604b0e:c5717]
2019-07-08 23:05:15,666 INFO  client.GrpcClientProtocolClient (GrpcClientProtocolClient.java:onNext(255)) - client-CEF4D3493DC0->4ee04582-2825-4055-a051-0465d62eb5ca: receive RaftClientReply:client-CEF4D3493DC0->4ee04582-2825-4055-a051-0465d62eb5ca@group-78E0FE5F723E, cid=3733, SUCCESS, logIndex=5721, commits[4ee04582-2825-4055-a051-0465d62eb5ca:c5723, 97f5b9f0-d9ef-40b5-ba79-7414923e623f:c5719, 7d686585-d831-45bc-93fc-0a553b604b0e:c5719]
2019-07-08 23:05:15,679 INFO  client.GrpcClientProtocolClient (GrpcClientProtocolClient.java:onNext(255)) - client-CEF4D3493DC0->4ee04582-2825-4055-a051-0465d62eb5ca: receive RaftClientReply:client-CEF4D3493DC0->4ee04582-2825-4055-a051-0465d62eb5ca@group-78E0FE5F723E, cid=3734, SUCCESS, logIndex=5725, commits[4ee04582-2825-4055-a051-0465d62eb5ca:c5726, 97f5b9f0-d9ef-40b5-ba79-7414923e623f:c5724, 7d686585-d831-45bc-93fc-0a553b604b0e:c5720]
2019-07-08 23:05:15,679 INFO  client.GrpcClientProtocolClient (GrpcClientProtocolClient.java:onNext(255)) - client-CEF4D3493DC0->4ee04582-2825-4055-a051-0465d62eb5ca: receive RaftClientReply:client-CEF4D3493DC0->4ee04582-2825-4055-a051-0465d62eb5ca@group-78E0FE5F723E, cid=3735, SUCCESS, logIndex=5726, commits[4ee04582-2825-4055-a051-0465d62eb5ca:c5726, 97f5b9f0-d9ef-40b5-ba79-7414923e623f:c5724, 7d686585-d831-45bc-93fc-0a553b604b0e:c5720]
2019-07-08 23:05:15,680 INFO  client.GrpcClientProtocolClient (GrpcClientProtocolClient.java:onNext(255)) - client-CEF4D3493DC0->4ee04582-2825-4055-a051-0465d62eb5ca: receive RaftClientReply:client-CEF4D3493DC0->4ee04582-2825-4055-a051-0465d62eb5ca@group-78E0FE5F723E, cid=3736, SUCCESS, logIndex=0, commits[4ee04582-2825-4055-a051-0465d62eb5ca:c5726, 97f5b9f0-d9ef-40b5-ba79-7414923e623f:c5724, 7d686585-d831-45bc-93fc-0a553b604b0e:c5724]
2019-07-08 23:05:15,692 INFO  client.GrpcClientProtocolClient (GrpcClientProtocolClient.java:onNext(255)) - client-CEF4D3493DC0->4ee04582-2825-4055-a051-0465d62eb5ca: receive RaftClientReply:client-CEF4D3493DC0->4ee04582-2825-4055-a051-0465d62eb5ca@group-78E0FE5F723E, cid=3737, SUCCESS, logIndex=5729, commits[4ee04582-2825-4055-a051-0465d62eb5ca:c5730, 97f5b9f0-d9ef-40b5-ba79-7414923e623f:c5728, 7d686585-d831-45bc-93fc-0a553b604b0e:c5728]
2019-07-08 23:05:15,692 INFO  client.GrpcClientProtocolClient (GrpcClientProtocolClient.java:onNext(255)) - client-CEF4D3493DC0->4ee04582-2825-4055-a051-0465d62eb5ca: receive RaftClientReply:client-CEF4D3493DC0->4ee04582-2825-4055-a051-0465d62eb5ca@group-78E0FE5F723E, cid=3738, SUCCESS, logIndex=5730, commits[4ee04582-2825-4055-a051-0465d62eb5ca:c5730, 97f5b9f0-d9ef-40b5-ba79-7414923e623f:c5728, 7d686585-d831-45bc-93fc-0a553b604b0e:c5728]
2019-07-08 23:05:15,695 INFO  client.GrpcClientProtocolClient (GrpcClientProtocolClient.java:onNext(255)) - client-CEF4D3493DC0->4ee04582-2825-4055-a051-0465d62eb5ca: receive RaftClientReply:client-CEF4D3493DC0->4ee04582-2825-4055-a051-0465d62eb5ca@group-78E0FE5F723E, cid=3739, SUCCESS, logIndex=0, commits[4ee04582-2825-4055-a051-0465d62eb5ca:c5732, 97f5b9f0-d9ef-40b5-ba79-7414923e623f:c5730, 7d686585-d831-45bc-93fc-0a553b604b0e:c5730]
2019-07-08 23:05:15,724 INFO  client.GrpcClientProtocolClient (GrpcClientProtocolClient.java:onNext(255)) - client-CEF4D3493DC0->4ee04582-2825-4055-a051-0465d62eb5ca: receive RaftClientReply:client-CEF4D3493DC0->4ee04582-2825-4055-a051-0465d62eb5ca@group-78E0FE5F723E, cid=3740, SUCCESS, logIndex=5733, commits[4ee04582-2825-4055-a051-0465d62eb5ca:c5734, 97f5b9f0-d9ef-40b5-ba79-7414923e623f:c5730, 7d686585-d831-45bc-93fc-0a553b604b0e:c5732]
2019-07-08 23:05:15,725 INFO  client.GrpcClientProtocolClient (GrpcClientProtocolClient.java:onNext(255)) - client-CEF4D3493DC0->4ee04582-2825-4055-a051-0465d62eb5ca: receive RaftClientReply:client-CEF4D3493DC0->4ee04582-2825-4055-a051-0465d62eb5ca@group-78E0FE5F723E, cid=3741, SUCCESS, logIndex=5734, commits[4ee04582-2825-4055-a051-0465d62eb5ca:c5734, 97f5b9f0-d9ef-40b5-ba79-7414923e623f:c5732, 7d686585-d831-45bc-93fc-0a553b604b0e:c5732]
2019-07-08 23:05:15,725 INFO  client.GrpcClientProtocolClient (GrpcClientProtocolClient.java:onNext(255)) - client-CEF4D3493DC0->4ee04582-2825-4055-a051-0465d62eb5ca: receive RaftClientReply:client-CEF4D3493DC0->4ee04582-2825-4055-a051-0465d62eb5ca@group-78E0FE5F723E, cid=3742, SUCCESS, logIndex=5735, commits[4ee04582-2825-4055-a051-0465d62eb5ca:c5735, 97f5b9f0-d9ef-40b5-ba79-7414923e623f:c5732, 7d686585-d831-45bc-93fc-0a553b604b0e:c5732]
2019-07-08 23:05:15,726 INFO  client.GrpcClientProtocolClient (GrpcClientProtocolClient.java:onNext(255)) - client-CEF4D3493DC0->4ee04582-2825-4055-a051-0465d62eb5ca: receive RaftClientReply:client-CEF4D3493DC0->4ee04582-2825-4055-a051-0465d62eb5ca@group-78E0FE5F723E, cid=3743, SUCCESS, logIndex=5736, commits[4ee04582-2825-4055-a051-0465d62eb5ca:c5736, 97f5b9f0-d9ef-40b5-ba79-7414923e623f:c5732, 7d686585-d831-45bc-93fc-0a553b604b0e:c5732]
2019-07-08 23:05:15,731 INFO  client.GrpcClientProtocolClient (GrpcClientProtocolClient.java:onNext(255)) - client-CEF4D3493DC0->4ee04582-2825-4055-a051-0465d62eb5ca: receive RaftClientReply:client-CEF4D3493DC0->4ee04582-2825-4055-a051-0465d62eb5ca@group-78E0FE5F723E, cid=3744, SUCCESS, logIndex=0, commits[4ee04582-2825-4055-a051-0465d62eb5ca:c5738, 97f5b9f0-d9ef-40b5-ba79-7414923e623f:c5734, 7d686585-d831-45bc-93fc-0a553b604b0e:c5734]
2019-07-08 23:05:15,745 INFO  client.GrpcClientProtocolClient (GrpcClientProtocolClient.java:onNext(255)) - client-CEF4D3493DC0->4ee04582-2825-4055-a051-0465d62eb5ca: receive RaftClientReply:client-CEF4D3493DC0->4ee04582-2825-4055-a051-0465d62eb5ca@group-78E0FE5F723E, cid=3745, SUCCESS, logIndex=5741, commits[4ee04582-2825-4055-a051-0465d62eb5ca:c5742, 97f5b9f0-d9ef-40b5-ba79-7414923e623f:c5740, 7d686585-d831-45bc-93fc-0a553b604b0e:c5740]
2019-07-08 23:05:15,745 INFO  client.GrpcClientProtocolClient (GrpcClientProtocolClient.java:onNext(255)) - client-CEF4D3493DC0->4ee04582-2825-4055-a051-0465d62eb5ca: receive RaftClientReply:client-CEF4D3493DC0->4ee04582-2825-4055-a051-0465d62eb5ca@group-78E0FE5F723E, cid=3746, SUCCESS, logIndex=5742, commits[4ee04582-2825-4055-a051-0465d62eb5ca:c5742, 97f5b9f0-d9ef-40b5-ba79-7414923e623f:c5740, 7d686585-d831-45bc-93fc-0a553b604b0e:c5740]
2019-07-08 23:05:15,756 INFO  client.GrpcClientProtocolClient (GrpcClientProtocolClient.java:onNext(255)) - client-CEF4D3493DC0->4ee04582-2825-4055-a051-0465d62eb5ca: receive RaftClientReply:client-CEF4D3493DC0->4ee04582-2825-4055-a051-0465d62eb5ca@group-78E0FE5F723E, cid=3747, SUCCESS, logIndex=5745, commits[4ee04582-2825-4055-a051-0465d62eb5ca:c5746, 97f5b9f0-d9ef-40b5-ba79-7414923e623f:c5742, 7d686585-d831-45bc-93fc-0a553b604b0e:c5743]
2019-07-08 23:05:15,757 INFO  client.GrpcClientProtocolClient (GrpcClientProtocolClient.java:onNext(255)) - client-CEF4D3493DC0->4ee04582-2825-4055-a051-0465d62eb5ca: receive RaftClientReply:client-CEF4D3493DC0->4ee04582-2825-4055-a051-0465d62eb5ca@group-78E0FE5F723E, cid=3748, SUCCESS, logIndex=5746, commits[4ee04582-2825-4055-a051-0465d62eb5ca:c5746, 97f5b9f0-d9ef-40b5-ba79-7414923e623f:c5743, 7d686585-d831-45bc-93fc-0a553b604b0e:c5743]
2019-07-08 23:05:15,759 INFO  client.GrpcClientProtocolClient (GrpcClientProtocolClient.java:onNext(255)) - client-CEF4D3493DC0->4ee04582-2825-4055-a051-0465d62eb5ca: receive RaftClientReply:client-CEF4D3493DC0->4ee04582-2825-4055-a051-0465d62eb5ca@group-78E0FE5F723E, cid=3749, SUCCESS, logIndex=0, commits[4ee04582-2825-4055-a051-0465d62eb5ca:c5747, 97f5b9f0-d9ef-40b5-ba79-7414923e623f:c5746, 7d686585-d831-45bc-93fc-0a553b604b0e:c5746]
2019-07-08 23:05:15,783 INFO  client.GrpcClientProtocolClient (GrpcClientProtocolClient.java:onNext(255)) - client-CEF4D3493DC0->4ee04582-2825-4055-a051-0465d62eb5ca: receive RaftClientReply:client-CEF4D3493DC0->4ee04582-2825-4055-a051-0465d62eb5ca@group-78E0FE5F723E, cid=3750, SUCCESS, logIndex=5749, commits[4ee04582-2825-4055-a051-0465d62eb5ca:c5750, 97f5b9f0-d9ef-40b5-ba79-7414923e623f:c5748, 7d686585-d831-45bc-93fc-0a553b604b0e:c5746]
2019-07-08 23:05:15,784 INFO  client.GrpcClientProtocolClient (GrpcClientProtocolClient.java:onNext(255)) - client-CEF4D3493DC0->4ee04582-2825-4055-a051-0465d62eb5ca: receive RaftClientReply:client-CEF4D3493DC0->4ee04582-2825-4055-a051-0465d62eb5ca@group-78E0FE5F723E, cid=3751, SUCCESS, logIndex=5750, commits[4ee04582-2825-4055-a051-0465d62eb5ca:c5750, 97f5b9f0-d9ef-40b5-ba79-7414923e623f:c5748, 7d686585-d831-45bc-93fc-0a553b604b0e:c5746]
2019-07-08 23:05:15,786 INFO  client.GrpcClientProtocolClient (GrpcClientProtocolClient.java:onNext(255)) - client-CEF4D3493DC0->4ee04582-2825-4055-a051-0465d62eb5ca: receive RaftClientReply:client-CEF4D3493DC0->4ee04582-2825-4055-a051-0465d62eb5ca@group-78E0FE5F723E, cid=3752, SUCCESS, logIndex=5751, commits[4ee04582-2825-4055-a051-0465d62eb5ca:c5752, 97f5b9f0-d9ef-40b5-ba79-7414923e623f:c5748, 7d686585-d831-45bc-93fc-0a553b604b0e:c5748]
2019-07-08 23:05:15,787 INFO  client.GrpcClientProtocolClient (GrpcClientProtocolClient.java:onNext(255)) - client-CEF4D3493DC0->4ee04582-2825-4055-a051-0465d62eb5ca: receive RaftClientReply:client-CEF4D3493DC0->4ee04582-2825-4055-a051-0465d62eb5ca@group-78E0FE5F723E, cid=3753, SUCCESS, logIndex=5752, commits[4ee04582-2825-4055-a051-0465d62eb5ca:c5752, 97f5b9f0-d9ef-40b5-ba79-7414923e623f:c5748, 7d686585-d831-45bc-93fc-0a553b604b0e:c5748]
2019-07-08 23:05:15,789 INFO  client.GrpcClientProtocolClient (GrpcClientProtocolClient.java:onNext(255)) - client-CEF4D3493DC0->4ee04582-2825-4055-a051-0465d62eb5ca: receive RaftClientReply:client-CEF4D3493DC0->4ee04582-2825-4055-a051-0465d62eb5ca@group-78E0FE5F723E, cid=3754, SUCCESS, logIndex=0, commits[4ee04582-2825-4055-a051-0465d62eb5ca:c5753, 97f5b9f0-d9ef-40b5-ba79-7414923e623f:c5750, 7d686585-d831-45bc-93fc-0a553b604b0e:c5750]
2019-07-08 23:05:15,801 INFO  client.GrpcClientProtocolClient (GrpcClientProtocolClient.java:onNext(255)) - client-CEF4D3493DC0->4ee04582-2825-4055-a051-0465d62eb5ca: receive RaftClientReply:client-CEF4D3493DC0->4ee04582-2825-4055-a051-0465d62eb5ca@group-78E0FE5F723E, cid=3755, SUCCESS, logIndex=5756, commits[4ee04582-2825-4055-a051-0465d62eb5ca:c5757, 97f5b9f0-d9ef-40b5-ba79-7414923e623f:c5755, 7d686585-d831-45bc-93fc-0a553b604b0e:c5755]
2019-07-08 23:05:15,801 INFO  client.GrpcClientProtocolClient (GrpcClientProtocolClient.java:onNext(255)) - client-CEF4D3493DC0->4ee04582-2825-4055-a051-0465d62eb5ca: receive RaftClientReply:client-CEF4D3493DC0->4ee04582-2825-4055-a051-0465d62eb5ca@group-78E0FE5F723E, cid=3756, SUCCESS, logIndex=5757, commits[4ee04582-2825-4055-a051-0465d62eb5ca:c5757, 97f5b9f0-d9ef-40b5-ba79-7414923e623f:c5755, 7d686585-d831-45bc-93fc-0a553b604b0e:c5755]
2019-07-08 23:05:15,812 INFO  client.GrpcClientProtocolClient (GrpcClientProtocolClient.java:onNext(255)) - client-CEF4D3493DC0->4ee04582-2825-4055-a051-0465d62eb5ca: receive RaftClientReply:client-CEF4D3493DC0->4ee04582-2825-4055-a051-0465d62eb5ca@group-78E0FE5F723E, cid=3757, SUCCESS, logIndex=5760, commits[4ee04582-2825-4055-a051-0465d62eb5ca:c5761, 97f5b9f0-d9ef-40b5-ba79-7414923e623f:c5758, 7d686585-d831-45bc-93fc-0a553b604b0e:c5758]
2019-07-08 23:05:15,812 INFO  client.GrpcClientProtocolClient (GrpcClientProtocolClient.java:onNext(255)) - client-CEF4D3493DC0->4ee04582-2825-4055-a051-0465d62eb5ca: receive RaftClientReply:client-CEF4D3493DC0->4ee04582-2825-4055-a051-0465d62eb5ca@group-78E0FE5F723E, cid=3758, SUCCESS, logIndex=5761, commits[4ee04582-2825-4055-a051-0465d62eb5ca:c5761, 97f5b9f0-d9ef-40b5-ba79-7414923e623f:c5758, 7d686585-d831-45bc-93fc-0a553b604b0e:c5758]
2019-07-08 23:05:15,815 INFO  client.GrpcClientProtocolClient (GrpcClientProtocolClient.java:onNext(255)) - client-CEF4D3493DC0->4ee04582-2825-4055-a051-0465d62eb5ca: receive RaftClientReply:client-CEF4D3493DC0->4ee04582-2825-4055-a051-0465d62eb5ca@group-78E0FE5F723E, cid=3759, SUCCESS, logIndex=0, commits[4ee04582-2825-4055-a051-0465d62eb5ca:c5762, 97f5b9f0-d9ef-40b5-ba79-7414923e623f:c5761, 7d686585-d831-45bc-93fc-0a553b604b0e:c5761]
2019-07-08 23:05:15,840 INFO  client.GrpcClientProtocolClient (GrpcClientProtocolClient.java:onNext(255)) - client-CEF4D3493DC0->4ee04582-2825-4055-a051-0465d62eb5ca: receive RaftClientReply:client-CEF4D3493DC0->4ee04582-2825-4055-a051-0465d62eb5ca@group-78E0FE5F723E, cid=3760, SUCCESS, logIndex=5764, commits[4ee04582-2825-4055-a051-0465d62eb5ca:c5765, 97f5b9f0-d9ef-40b5-ba79-7414923e623f:c5761, 7d686585-d831-45bc-93fc-0a553b604b0e:c5763]
2019-07-08 23:05:15,841 INFO  client.GrpcClientProtocolClient (GrpcClientProtocolClient.java:onNext(255)) - client-CEF4D3493DC0->4ee04582-2825-4055-a051-0465d62eb5ca: receive RaftClientReply:client-CEF4D3493DC0->4ee04582-2825-4055-a051-0465d62eb5ca@group-78E0FE5F723E, cid=3761, SUCCESS, logIndex=5765, commits[4ee04582-2825-4055-a051-0465d62eb5ca:c5765, 97f5b9f0-d9ef-40b5-ba79-7414923e623f:c5761, 7d686585-d831-45bc-93fc-0a553b604b0e:c5763]
2019-07-08 23:05:15,844 INFO  client.GrpcClientProtocolClient (GrpcClientProtocolClient.java:onNext(255)) - client-CEF4D3493DC0->4ee04582-2825-4055-a051-0465d62eb5ca: receive RaftClientReply:client-CEF4D3493DC0->4ee04582-2825-4055-a051-0465d62eb5ca@group-78E0FE5F723E, cid=3762, SUCCESS, logIndex=5766, commits[4ee04582-2825-4055-a051-0465d62eb5ca:c5767, 97f5b9f0-d9ef-40b5-ba79-7414923e623f:c5763, 7d686585-d831-45bc-93fc-0a553b604b0e:c5763]
2019-07-08 23:05:15,844 INFO  client.GrpcClientProtocolClient (GrpcClientProtocolClient.java:onNext(255)) - client-CEF4D3493DC0->4ee04582-2825-4055-a051-0465d62eb5ca: receive RaftClientReply:client-CEF4D3493DC0->4ee04582-2825-4055-a051-0465d62eb5ca@group-78E0FE5F723E, cid=3763, SUCCESS, logIndex=5767, commits[4ee04582-2825-4055-a051-0465d62eb5ca:c5767, 97f5b9f0-d9ef-40b5-ba79-7414923e623f:c5763, 7d686585-d831-45bc-93fc-0a553b604b0e:c5765]
2019-07-08 23:05:15,846 INFO  client.GrpcClientProtocolClient (GrpcClientProtocolClient.java:onNext(255)) - client-CEF4D3493DC0->4ee04582-2825-4055-a051-0465d62eb5ca: receive RaftClientReply:client-CEF4D3493DC0->4ee04582-2825-4055-a051-0465d62eb5ca@group-78E0FE5F723E, cid=3764, SUCCESS, logIndex=0, commits[4ee04582-2825-4055-a051-0465d62eb5ca:c5769, 97f5b9f0-d9ef-40b5-ba79-7414923e623f:c5765, 7d686585-d831-45bc-93fc-0a553b604b0e:c5765]
2019-07-08 23:05:15,859 INFO  client.GrpcClientProtocolClient (GrpcClientProtocolClient.java:onNext(255)) - client-CEF4D3493DC0->4ee04582-2825-4055-a051-0465d62eb5ca: receive RaftClientReply:client-CEF4D3493DC0->4ee04582-2825-4055-a051-0465d62eb5ca@group-78E0FE5F723E, cid=3765, SUCCESS, logIndex=5772, commits[4ee04582-2825-4055-a051-0465d62eb5ca:c5773, 97f5b9f0-d9ef-40b5-ba79-7414923e623f:c5767, 7d686585-d831-45bc-93fc-0a553b604b0e:c5771]
2019-07-08 23:05:15,859 INFO  client.GrpcClientProtocolClient (GrpcClientProtocolClient.java:onNext(255)) - client-CEF4D3493DC0->4ee04582-2825-4055-a051-0465d62eb5ca: receive RaftClientReply:client-CEF4D3493DC0->4ee04582-2825-4055-a051-0465d62eb5ca@group-78E0FE5F723E, cid=3766, SUCCESS, logIndex=5773, commits[4ee04582-2825-4055-a051-0465d62eb5ca:c5773, 97f5b9f0-d9ef-40b5-ba79-7414923e623f:c5771, 7d686585-d831-45bc-93fc-0a553b604b0e:c5771]
2019-07-08 23:05:15,871 INFO  client.GrpcClientProtocolClient (GrpcClientProtocolClient.java:onNext(255)) - client-CEF4D3493DC0->4ee04582-2825-4055-a051-0465d62eb5ca: receive RaftClientReply:client-CEF4D3493DC0->4ee04582-2825-4055-a051-0465d62eb5ca@group-78E0FE5F723E, cid=3767, SUCCESS, logIndex=5776, commits[4ee04582-2825-4055-a051-0465d62eb5ca:c5777, 97f5b9f0-d9ef-40b5-ba79-7414923e623f:c5773, 7d686585-d831-45bc-93fc-0a553b604b0e:c5774]
2019-07-08 23:05:15,871 INFO  client.GrpcClientProtocolClient (GrpcClientProtocolClient.java:onNext(255)) - client-CEF4D3493DC0->4ee04582-2825-4055-a051-0465d62eb5ca: receive RaftClientReply:client-CEF4D3493DC0->4ee04582-2825-4055-a051-0465d62eb5ca@group-78E0FE5F723E, cid=3768, SUCCESS, logIndex=5777, commits[4ee04582-2825-4055-a051-0465d62eb5ca:c5777, 97f5b9f0-d9ef-40b5-ba79-7414923e623f:c5774, 7d686585-d831-45bc-93fc-0a553b604b0e:c5774]
2019-07-08 23:05:15,873 INFO  client.GrpcClientProtocolClient (GrpcClientProtocolClient.java:onNext(255)) - client-CEF4D3493DC0->4ee04582-2825-4055-a051-0465d62eb5ca: receive RaftClientReply:client-CEF4D3493DC0->4ee04582-2825-4055-a051-0465d62eb5ca@group-78E0FE5F723E, cid=3769, SUCCESS, logIndex=0, commits[4ee04582-2825-4055-a051-0465d62eb5ca:c5778, 97f5b9f0-d9ef-40b5-ba79-7414923e623f:c5777, 7d686585-d831-45bc-93fc-0a553b604b0e:c5777]
2019-07-08 23:05:15,899 INFO  client.GrpcClientProtocolClient (GrpcClientProtocolClient.java:onNext(255)) - client-CEF4D3493DC0->4ee04582-2825-4055-a051-0465d62eb5ca: receive RaftClientReply:client-CEF4D3493DC0->4ee04582-2825-4055-a051-0465d62eb5ca@group-78E0FE5F723E, cid=3770, SUCCESS, logIndex=5780, commits[4ee04582-2825-4055-a051-0465d62eb5ca:c5781, 97f5b9f0-d9ef-40b5-ba79-7414923e623f:c5779, 7d686585-d831-45bc-93fc-0a553b604b0e:c5777]
2019-07-08 23:05:15,900 INFO  client.GrpcClientProtocolClient (GrpcClientProtocolClient.java:onNext(255)) - client-CEF4D3493DC0->4ee04582-2825-4055-a051-0465d62eb5ca: receive RaftClientReply:client-CEF4D3493DC0->4ee04582-2825-4055-a051-0465d62eb5ca@group-78E0FE5F723E, cid=3771, SUCCESS, logIndex=5781, commits[4ee04582-2825-4055-a051-0465d62eb5ca:c5781, 97f5b9f0-d9ef-40b5-ba79-7414923e623f:c5779, 7d686585-d831-45bc-93fc-0a553b604b0e:c5777]
2019-07-08 23:05:15,904 INFO  client.GrpcClientProtocolClient (GrpcClientProtocolClient.java:onNext(255)) - client-CEF4D3493DC0->4ee04582-2825-4055-a051-0465d62eb5ca: receive RaftClientReply:client-CEF4D3493DC0->4ee04582-2825-4055-a051-0465d62eb5ca@group-78E0FE5F723E, cid=3772, SUCCESS, logIndex=5782, commits[4ee04582-2825-4055-a051-0465d62eb5ca:c5783, 97f5b9f0-d9ef-40b5-ba79-7414923e623f:c5779, 7d686585-d831-45bc-93fc-0a553b604b0e:c5779]
2019-07-08 23:05:15,904 INFO  client.GrpcClientProtocolClient (GrpcClientProtocolClient.java:onNext(255)) - client-CEF4D3493DC0->4ee04582-2825-4055-a051-0465d62eb5ca: receive RaftClientReply:client-CEF4D3493DC0->4ee04582-2825-4055-a051-0465d62eb5ca@group-78E0FE5F723E, cid=3773, SUCCESS, logIndex=5783, commits[4ee04582-2825-4055-a051-0465d62eb5ca:c5785, 97f5b9f0-d9ef-40b5-ba79-7414923e623f:c5781, 7d686585-d831-45bc-93fc-0a553b604b0e:c5781]
2019-07-08 23:05:15,915 INFO  client.GrpcClientProtocolClient (GrpcClientProtocolClient.java:onNext(255)) - client-CEF4D3493DC0->4ee04582-2825-4055-a051-0465d62eb5ca: receive RaftClientReply:client-CEF4D3493DC0->4ee04582-2825-4055-a051-0465d62eb5ca@group-78E0FE5F723E, cid=3774, SUCCESS, logIndex=5788, commits[4ee04582-2825-4055-a051-0465d62eb5ca:c5789, 97f5b9f0-d9ef-40b5-ba79-7414923e623f:c5787, 7d686585-d831-45bc-93fc-0a553b604b0e:c5783]
2019-07-08 23:05:15,915 INFO  client.GrpcClientProtocolClient (GrpcClientProtocolClient.java:onNext(255)) - client-CEF4D3493DC0->4ee04582-2825-4055-a051-0465d62eb5ca: receive RaftClientReply:client-CEF4D3493DC0->4ee04582-2825-4055-a051-0465d62eb5ca@group-78E0FE5F723E, cid=3775, SUCCESS, logIndex=5789, commits[4ee04582-2825-4055-a051-0465d62eb5ca:c5789, 97f5b9f0-d9ef-40b5-ba79-7414923e623f:c5787, 7d686585-d831-45bc-93fc-0a553b604b0e:c5783]
2019-07-08 23:05:15,935 INFO  client.GrpcClientProtocolClient (GrpcClientProtocolClient.java:onNext(255)) - client-CEF4D3493DC0->4ee04582-2825-4055-a051-0465d62eb5ca: receive RaftClientReply:client-CEF4D3493DC0->4ee04582-2825-4055-a051-0465d62eb5ca@group-78E0FE5F723E, cid=3776, SUCCESS, logIndex=5792, commits[4ee04582-2825-4055-a051-0465d62eb5ca:c5793, 97f5b9f0-d9ef-40b5-ba79-7414923e623f:c5791, 7d686585-d831-45bc-93fc-0a553b604b0e:c5789]
2019-07-08 23:05:15,936 INFO  client.GrpcClientProtocolClient (GrpcClientProtocolClient.java:onNext(255)) - client-CEF4D3493DC0->4ee04582-2825-4055-a051-0465d62eb5ca: receive RaftClientReply:client-CEF4D3493DC0->4ee04582-2825-4055-a051-0465d62eb5ca@group-78E0FE5F723E, cid=3777, SUCCESS, logIndex=5793, commits[4ee04582-2825-4055-a051-0465d62eb5ca:c5793, 97f5b9f0-d9ef-40b5-ba79-7414923e623f:c5791, 7d686585-d831-45bc-93fc-0a553b604b0e:c5791]
2019-07-08 23:05:15,939 INFO  client.GrpcClientProtocolClient (GrpcClientProtocolClient.java:onNext(255)) - client-CEF4D3493DC0->4ee04582-2825-4055-a051-0465d62eb5ca: receive RaftClientReply:client-CEF4D3493DC0->4ee04582-2825-4055-a051-0465d62eb5ca@group-78E0FE5F723E, cid=3778, SUCCESS, logIndex=0, commits[4ee04582-2825-4055-a051-0465d62eb5ca:c5794, 97f5b9f0-d9ef-40b5-ba79-7414923e623f:c5793, 7d686585-d831-45bc-93fc-0a553b604b0e:c5793]
2019-07-08 23:05:15,989 INFO  client.GrpcClientProtocolClient (GrpcClientProtocolClient.java:onNext(255)) - client-CEF4D3493DC0->4ee04582-2825-4055-a051-0465d62eb5ca: receive RaftClientReply:client-CEF4D3493DC0->4ee04582-2825-4055-a051-0465d62eb5ca@group-78E0FE5F723E, cid=3779, SUCCESS, logIndex=5795, commits[4ee04582-2825-4055-a051-0465d62eb5ca:c5798, 97f5b9f0-d9ef-40b5-ba79-7414923e623f:c5794, 7d686585-d831-45bc-93fc-0a553b604b0e:c5794]
2019-07-08 23:05:15,990 INFO  client.GrpcClientProtocolClient (GrpcClientProtocolClient.java:onNext(255)) - client-CEF4D3493DC0->4ee04582-2825-4055-a051-0465d62eb5ca: receive RaftClientReply:client-CEF4D3493DC0->4ee04582-2825-4055-a051-0465d62eb5ca@group-78E0FE5F723E, cid=3780, SUCCESS, logIndex=5796, commits[4ee04582-2825-4055-a051-0465d62eb5ca:c5798, 97f5b9f0-d9ef-40b5-ba79-7414923e623f:c5794, 7d686585-d831-45bc-93fc-0a553b604b0e:c5794]
2019-07-08 23:05:15,990 INFO  client.GrpcClientProtocolClient (GrpcClientProtocolClient.java:onNext(255)) - client-CEF4D3493DC0->4ee04582-2825-4055-a051-0465d62eb5ca: receive RaftClientReply:client-CEF4D3493DC0->4ee04582-2825-4055-a051-0465d62eb5ca@group-78E0FE5F723E, cid=3781, SUCCESS, logIndex=5797, commits[4ee04582-2825-4055-a051-0465d62eb5ca:c5798, 97f5b9f0-d9ef-40b5-ba79-7414923e623f:c5794, 7d686585-d831-45bc-93fc-0a553b604b0e:c5794]
2019-07-08 23:05:15,991 INFO  client.GrpcClientProtocolClient (GrpcClientProtocolClient.java:onNext(255)) - client-CEF4D3493DC0->4ee04582-2825-4055-a051-0465d62eb5ca: receive RaftClientReply:client-CEF4D3493DC0->4ee04582-2825-4055-a051-0465d62eb5ca@group-78E0FE5F723E, cid=3782, SUCCESS, logIndex=5798, commits[4ee04582-2825-4055-a051-0465d62eb5ca:c5798, 97f5b9f0-d9ef-40b5-ba79-7414923e623f:c5794, 7d686585-d831-45bc-93fc-0a553b604b0e:c5794]
2019-07-08 23:05:16,002 INFO  client.GrpcClientProtocolClient (GrpcClientProtocolClient.java:onNext(255)) - client-CEF4D3493DC0->4ee04582-2825-4055-a051-0465d62eb5ca: receive RaftClientReply:client-CEF4D3493DC0->4ee04582-2825-4055-a051-0465d62eb5ca@group-78E0FE5F723E, cid=3783, SUCCESS, logIndex=0, commits[4ee04582-2825-4055-a051-0465d62eb5ca:c5802, 97f5b9f0-d9ef-40b5-ba79-7414923e623f:c5796, 7d686585-d831-45bc-93fc-0a553b604b0e:c5798]
2019-07-08 23:05:16,014 INFO  client.GrpcClientProtocolClient (GrpcClientProtocolClient.java:onNext(255)) - client-CEF4D3493DC0->4ee04582-2825-4055-a051-0465d62eb5ca: receive RaftClientReply:client-CEF4D3493DC0->4ee04582-2825-4055-a051-0465d62eb5ca@group-78E0FE5F723E, cid=3784, SUCCESS, logIndex=5803, commits[4ee04582-2825-4055-a051-0465d62eb5ca:c5804, 97f5b9f0-d9ef-40b5-ba79-7414923e623f:c5802, 7d686585-d831-45bc-93fc-0a553b604b0e:c5798]
2019-07-08 23:05:16,015 INFO  client.GrpcClientProtocolClient (GrpcClientProtocolClient.java:onNext(255)) - client-CEF4D3493DC0->4ee04582-2825-4055-a051-0465d62eb5ca: receive RaftClientReply:client-CEF4D3493DC0->4ee04582-2825-4055-a051-0465d62eb5ca@group-78E0FE5F723E, cid=3785, SUCCESS, logIndex=5804, commits[4ee04582-2825-4055-a051-0465d62eb5ca:c5804, 97f5b9f0-d9ef-40b5-ba79-7414923e623f:c5802, 7d686585-d831-45bc-93fc-0a553b604b0e:c5802]
2019-07-08 23:05:16,027 INFO  client.GrpcClientProtocolClient (GrpcClientProtocolClient.java:onNext(255)) - client-CEF4D3493DC0->4ee04582-2825-4055-a051-0465d62eb5ca: receive RaftClientReply:client-CEF4D3493DC0->4ee04582-2825-4055-a051-0465d62eb5ca@group-78E0FE5F723E, cid=3786, SUCCESS, logIndex=5807, commits[4ee04582-2825-4055-a051-0465d62eb5ca:c5808, 97f5b9f0-d9ef-40b5-ba79-7414923e623f:c5806, 7d686585-d831-45bc-93fc-0a553b604b0e:c5806]
2019-07-08 23:05:16,028 INFO  client.GrpcClientProtocolClient (GrpcClientProtocolClient.java:onNext(255)) - client-CEF4D3493DC0->4ee04582-2825-4055-a051-0465d62eb5ca: receive RaftClientReply:client-CEF4D3493DC0->4ee04582-2825-4055-a051-0465d62eb5ca@group-78E0FE5F723E, cid=3787, SUCCESS, logIndex=5808, commits[4ee04582-2825-4055-a051-0465d62eb5ca:c5808, 97f5b9f0-d9ef-40b5-ba79-7414923e623f:c5806, 7d686585-d831-45bc-93fc-0a553b604b0e:c5806]
2019-07-08 23:05:16,033 INFO  client.GrpcClientProtocolClient (GrpcClientProtocolClient.java:onNext(255)) - client-CEF4D3493DC0->4ee04582-2825-4055-a051-0465d62eb5ca: receive RaftClientReply:client-CEF4D3493DC0->4ee04582-2825-4055-a051-0465d62eb5ca@group-78E0FE5F723E, cid=3788, SUCCESS, logIndex=0, commits[4ee04582-2825-4055-a051-0465d62eb5ca:c5809, 97f5b9f0-d9ef-40b5-ba79-7414923e623f:c5808, 7d686585-d831-45bc-93fc-0a553b604b0e:c5808]
2019-07-08 23:05:16,062 INFO  client.GrpcClientProtocolClient (GrpcClientProtocolClient.java:onNext(255)) - client-CEF4D3493DC0->4ee04582-2825-4055-a051-0465d62eb5ca: receive RaftClientReply:client-CEF4D3493DC0->4ee04582-2825-4055-a051-0465d62eb5ca@group-78E0FE5F723E, cid=3789, SUCCESS, logIndex=5811, commits[4ee04582-2825-4055-a051-0465d62eb5ca:c5812, 97f5b9f0-d9ef-40b5-ba79-7414923e623f:c5810, 7d686585-d831-45bc-93fc-0a553b604b0e:c5808]
2019-07-08 23:05:16,063 INFO  client.GrpcClientProtocolClient (GrpcClientProtocolClient.java:onNext(255)) - client-CEF4D3493DC0->4ee04582-2825-4055-a051-0465d62eb5ca: receive RaftClientReply:client-CEF4D3493DC0->4ee04582-2825-4055-a051-0465d62eb5ca@group-78E0FE5F723E, cid=3790, SUCCESS, logIndex=5812, commits[4ee04582-2825-4055-a051-0465d62eb5ca:c5812, 97f5b9f0-d9ef-40b5-ba79-7414923e623f:c5810, 7d686585-d831-45bc-93fc-0a553b604b0e:c5808]
2019-07-08 23:05:16,064 INFO  client.GrpcClientProtocolClient (GrpcClientProtocolClient.java:onNext(255)) - client-CEF4D3493DC0->4ee04582-2825-4055-a051-0465d62eb5ca: receive RaftClientReply:client-CEF4D3493DC0->4ee04582-2825-4055-a051-0465d62eb5ca@group-78E0FE5F723E, cid=3791, SUCCESS, logIndex=5813, commits[4ee04582-2825-4055-a051-0465d62eb5ca:c5814, 97f5b9f0-d9ef-40b5-ba79-7414923e623f:c5812, 7d686585-d831-45bc-93fc-0a553b604b0e:c5808]
2019-07-08 23:05:16,064 INFO  client.GrpcClientProtocolClient (GrpcClientProtocolClient.java:onNext(255)) - client-CEF4D3493DC0->4ee04582-2825-4055-a051-0465d62eb5ca: receive RaftClientReply:client-CEF4D3493DC0->4ee04582-2825-4055-a051-0465d62eb5ca@group-78E0FE5F723E, cid=3792, SUCCESS, logIndex=5814, commits[4ee04582-2825-4055-a051-0465d62eb5ca:c5816, 97f5b9f0-d9ef-40b5-ba79-7414923e623f:c5812, 7d686585-d831-45bc-93fc-0a553b604b0e:c5810]
2019-07-08 23:05:16,065 INFO  client.GrpcClientProtocolClient (GrpcClientProtocolClient.java:onNext(255)) - client-CEF4D3493DC0->4ee04582-2825-4055-a051-0465d62eb5ca: receive RaftClientReply:client-CEF4D3493DC0->4ee04582-2825-4055-a051-0465d62eb5ca@group-78E0FE5F723E, cid=3793, SUCCESS, logIndex=0, commits[4ee04582-2825-4055-a051-0465d62eb5ca:c5816, 97f5b9f0-d9ef-40b5-ba79-7414923e623f:c5812, 7d686585-d831-45bc-93fc-0a553b604b0e:c5812]
2019-07-08 23:05:16,079 INFO  client.GrpcClientProtocolClient (GrpcClientProtocolClient.java:onNext(255)) - client-CEF4D3493DC0->4ee04582-2825-4055-a051-0465d62eb5ca: receive RaftClientReply:client-CEF4D3493DC0->4ee04582-2825-4055-a051-0465d62eb5ca@group-78E0FE5F723E, cid=3794, SUCCESS, logIndex=5819, commits[4ee04582-2825-4055-a051-0465d62eb5ca:c5820, 97f5b9f0-d9ef-40b5-ba79-7414923e623f:c5815, 7d686585-d831-45bc-93fc-0a553b604b0e:c5818]
2019-07-08 23:05:16,079 INFO  client.GrpcClientProtocolClient (GrpcClientProtocolClient.java:onNext(255)) - client-CEF4D3493DC0->4ee04582-2825-4055-a051-0465d62eb5ca: receive RaftClientReply:client-CEF4D3493DC0->4ee04582-2825-4055-a051-0465d62eb5ca@group-78E0FE5F723E, cid=3795, SUCCESS, logIndex=5820, commits[4ee04582-2825-4055-a051-0465d62eb5ca:c5821, 97f5b9f0-d9ef-40b5-ba79-7414923e623f:c5818, 7d686585-d831-45bc-93fc-0a553b604b0e:c5820]
2019-07-08 23:05:16,092 INFO  client.GrpcClientProtocolClient (GrpcClientProtocolClient.java:onNext(255)) - client-CEF4D3493DC0->4ee04582-2825-4055-a051-0465d62eb5ca: receive RaftClientReply:client-CEF4D3493DC0->4ee04582-2825-4055-a051-0465d62eb5ca@group-78E0FE5F723E, cid=3796, SUCCESS, logIndex=5822, commits[4ee04582-2825-4055-a051-0465d62eb5ca:c5823, 97f5b9f0-d9ef-40b5-ba79-7414923e623f:c5820, 7d686585-d831-45bc-93fc-0a553b604b0e:c5821]
2019-07-08 23:05:16,092 INFO  client.GrpcClientProtocolClient (GrpcClientProtocolClient.java:onNext(255)) - client-CEF4D3493DC0->4ee04582-2825-4055-a051-0465d62eb5ca: receive RaftClientReply:client-CEF4D3493DC0->4ee04582-2825-4055-a051-0465d62eb5ca@group-78E0FE5F723E, cid=3797, SUCCESS, logIndex=5823, commits[4ee04582-2825-4055-a051-0465d62eb5ca:c5823, 97f5b9f0-d9ef-40b5-ba79-7414923e623f:c5820, 7d686585-d831-45bc-93fc-0a553b604b0e:c5821]
2019-07-08 23:05:16,096 INFO  client.GrpcClientProtocolClient (GrpcClientProtocolClient.java:onNext(255)) - client-CEF4D3493DC0->4ee04582-2825-4055-a051-0465d62eb5ca: receive RaftClientReply:client-CEF4D3493DC0->4ee04582-2825-4055-a051-0465d62eb5ca@group-78E0FE5F723E, cid=3798, SUCCESS, logIndex=0, commits[4ee04582-2825-4055-a051-0465d62eb5ca:c5824, 97f5b9f0-d9ef-40b5-ba79-7414923e623f:c5823, 7d686585-d831-45bc-93fc-0a553b604b0e:c5823]
2019-07-08 23:05:16,120 INFO  client.GrpcClientProtocolClient (GrpcClientProtocolClient.java:onNext(255)) - client-CEF4D3493DC0->4ee04582-2825-4055-a051-0465d62eb5ca: receive RaftClientReply:client-CEF4D3493DC0->4ee04582-2825-4055-a051-0465d62eb5ca@group-78E0FE5F723E, cid=3799, SUCCESS, logIndex=5826, commits[4ee04582-2825-4055-a051-0465d62eb5ca:c5827, 97f5b9f0-d9ef-40b5-ba79-7414923e623f:c5823, 7d686585-d831-45bc-93fc-0a553b604b0e:c5825]
2019-07-08 23:05:16,120 INFO  client.GrpcClientProtocolClient (GrpcClientProtocolClient.java:onNext(255)) - client-CEF4D3493DC0->4ee04582-2825-4055-a051-0465d62eb5ca: receive RaftClientReply:client-CEF4D3493DC0->4ee04582-2825-4055-a051-0465d62eb5ca@group-78E0FE5F723E, cid=3800, SUCCESS, logIndex=5827, commits[4ee04582-2825-4055-a051-0465d62eb5ca:c5827, 97f5b9f0-d9ef-40b5-ba79-7414923e623f:c5823, 7d686585-d831-45bc-93fc-0a553b604b0e:c5825]
2019-07-08 23:05:16,122 INFO  client.GrpcClientProtocolClient (GrpcClientProtocolClient.java:onNext(255)) - client-CEF4D3493DC0->4ee04582-2825-4055-a051-0465d62eb5ca: receive RaftClientReply:client-CEF4D3493DC0->4ee04582-2825-4055-a051-0465d62eb5ca@group-78E0FE5F723E, cid=3801, SUCCESS, logIndex=5828, commits[4ee04582-2825-4055-a051-0465d62eb5ca:c5829, 97f5b9f0-d9ef-40b5-ba79-7414923e623f:c5825, 7d686585-d831-45bc-93fc-0a553b604b0e:c5825]
2019-07-08 23:05:16,122 INFO  client.GrpcClientProtocolClient (GrpcClientProtocolClient.java:onNext(255)) - client-CEF4D3493DC0->4ee04582-2825-4055-a051-0465d62eb5ca: receive RaftClientReply:client-CEF4D3493DC0->4ee04582-2825-4055-a051-0465d62eb5ca@group-78E0FE5F723E, cid=3802, SUCCESS, logIndex=5829, commits[4ee04582-2825-4055-a051-0465d62eb5ca:c5829, 97f5b9f0-d9ef-40b5-ba79-7414923e623f:c5825, 7d686585-d831-45bc-93fc-0a553b604b0e:c5825]
2019-07-08 23:05:16,123 INFO  client.GrpcClientProtocolClient (GrpcClientProtocolClient.java:onNext(255)) - client-CEF4D3493DC0->4ee04582-2825-4055-a051-0465d62eb5ca: receive RaftClientReply:client-CEF4D3493DC0->4ee04582-2825-4055-a051-0465d62eb5ca@group-78E0FE5F723E, cid=3803, SUCCESS, logIndex=0, commits[4ee04582-2825-4055-a051-0465d62eb5ca:c5831, 97f5b9f0-d9ef-40b5-ba79-7414923e623f:c5827, 7d686585-d831-45bc-93fc-0a553b604b0e:c5827]
2019-07-08 23:05:16,134 INFO  client.GrpcClientProtocolClient (GrpcClientProtocolClient.java:onNext(255)) - client-CEF4D3493DC0->4ee04582-2825-4055-a051-0465d62eb5ca: receive RaftClientReply:client-CEF4D3493DC0->4ee04582-2825-4055-a051-0465d62eb5ca@group-78E0FE5F723E, cid=3804, SUCCESS, logIndex=5834, commits[4ee04582-2825-4055-a051-0465d62eb5ca:c5835, 97f5b9f0-d9ef-40b5-ba79-7414923e623f:c5833, 7d686585-d831-45bc-93fc-0a553b604b0e:c5829]
2019-07-08 23:05:16,135 INFO  client.GrpcClientProtocolClient (GrpcClientProtocolClient.java:onNext(255)) - client-CEF4D3493DC0->4ee04582-2825-4055-a051-0465d62eb5ca: receive RaftClientReply:client-CEF4D3493DC0->4ee04582-2825-4055-a051-0465d62eb5ca@group-78E0FE5F723E, cid=3805, SUCCESS, logIndex=5835, commits[4ee04582-2825-4055-a051-0465d62eb5ca:c5835, 97f5b9f0-d9ef-40b5-ba79-7414923e623f:c5833, 7d686585-d831-45bc-93fc-0a553b604b0e:c5829]
2019-07-08 23:05:16,145 INFO  client.GrpcClientProtocolClient (GrpcClientProtocolClient.java:onNext(255)) - client-CEF4D3493DC0->4ee04582-2825-4055-a051-0465d62eb5ca: receive RaftClientReply:client-CEF4D3493DC0->4ee04582-2825-4055-a051-0465d62eb5ca@group-78E0FE5F723E, cid=3806, SUCCESS, logIndex=5838, commits[4ee04582-2825-4055-a051-0465d62eb5ca:c5839, 97f5b9f0-d9ef-40b5-ba79-7414923e623f:c5835, 7d686585-d831-45bc-93fc-0a553b604b0e:c5837]
2019-07-08 23:05:16,146 INFO  client.GrpcClientProtocolClient (GrpcClientProtocolClient.java:onNext(255)) - client-CEF4D3493DC0->4ee04582-2825-4055-a051-0465d62eb5ca: receive RaftClientReply:client-CEF4D3493DC0->4ee04582-2825-4055-a051-0465d62eb5ca@group-78E0FE5F723E, cid=3807, SUCCESS, logIndex=5839, commits[4ee04582-2825-4055-a051-0465d62eb5ca:c5839, 97f5b9f0-d9ef-40b5-ba79-7414923e623f:c5837, 7d686585-d831-45bc-93fc-0a553b604b0e:c5837]
2019-07-08 23:05:16,148 INFO  client.GrpcClientProtocolClient (GrpcClientProtocolClient.java:onNext(255)) - client-CEF4D3493DC0->4ee04582-2825-4055-a051-0465d62eb5ca: receive RaftClientReply:client-CEF4D3493DC0->4ee04582-2825-4055-a051-0465d62eb5ca@group-78E0FE5F723E, cid=3808, SUCCESS, logIndex=0, commits[4ee04582-2825-4055-a051-0465d62eb5ca:c5840, 97f5b9f0-d9ef-40b5-ba79-7414923e623f:c5839, 7d686585-d831-45bc-93fc-0a553b604b0e:c5839]
 0.00% |█                                                                                                    |  0/1 Time: 0:00:252019-07-08 23:05:16,172 INFO  client.GrpcClientProtocolClient (GrpcClientProtocolClient.java:onNext(255)) - client-CEF4D3493DC0->4ee04582-2825-4055-a051-0465d62eb5ca: receive RaftClientReply:client-CEF4D3493DC0->4ee04582-2825-4055-a051-0465d62eb5ca@group-78E0FE5F723E, cid=3809, SUCCESS, logIndex=5842, commits[4ee04582-2825-4055-a051-0465d62eb5ca:c5843, 97f5b9f0-d9ef-40b5-ba79-7414923e623f:c5841, 7d686585-d831-45bc-93fc-0a553b604b0e:c5841]
2019-07-08 23:05:16,172 INFO  client.GrpcClientProtocolClient (GrpcClientProtocolClient.java:onNext(255)) - client-CEF4D3493DC0->4ee04582-2825-4055-a051-0465d62eb5ca: receive RaftClientReply:client-CEF4D3493DC0->4ee04582-2825-4055-a051-0465d62eb5ca@group-78E0FE5F723E, cid=3810, SUCCESS, logIndex=5843, commits[4ee04582-2825-4055-a051-0465d62eb5ca:c5845, 97f5b9f0-d9ef-40b5-ba79-7414923e623f:c5841, 7d686585-d831-45bc-93fc-0a553b604b0e:c5841]
2019-07-08 23:05:16,172 INFO  client.GrpcClientProtocolClient (GrpcClientProtocolClient.java:onNext(255)) - client-CEF4D3493DC0->4ee04582-2825-4055-a051-0465d62eb5ca: receive RaftClientReply:client-CEF4D3493DC0->4ee04582-2825-4055-a051-0465d62eb5ca@group-78E0FE5F723E, cid=3811, SUCCESS, logIndex=5844, commits[4ee04582-2825-4055-a051-0465d62eb5ca:c5845, 97f5b9f0-d9ef-40b5-ba79-7414923e623f:c5841, 7d686585-d831-45bc-93fc-0a553b604b0e:c5841]
2019-07-08 23:05:16,173 INFO  client.GrpcClientProtocolClient (GrpcClientProtocolClient.java:onNext(255)) - client-CEF4D3493DC0->4ee04582-2825-4055-a051-0465d62eb5ca: receive RaftClientReply:client-CEF4D3493DC0->4ee04582-2825-4055-a051-0465d62eb5ca@group-78E0FE5F723E, cid=3812, SUCCESS, logIndex=5845, commits[4ee04582-2825-4055-a051-0465d62eb5ca:c5845, 97f5b9f0-d9ef-40b5-ba79-7414923e623f:c5841, 7d686585-d831-45bc-93fc-0a553b604b0e:c5841]
2019-07-08 23:05:16,175 INFO  client.GrpcClientProtocolClient (GrpcClientProtocolClient.java:onNext(255)) - client-CEF4D3493DC0->4ee04582-2825-4055-a051-0465d62eb5ca: receive RaftClientReply:client-CEF4D3493DC0->4ee04582-2825-4055-a051-0465d62eb5ca@group-78E0FE5F723E, cid=3813, SUCCESS, logIndex=0, commits[4ee04582-2825-4055-a051-0465d62eb5ca:c5846, 97f5b9f0-d9ef-40b5-ba79-7414923e623f:c5843, 7d686585-d831-45bc-93fc-0a553b604b0e:c5843]
2019-07-08 23:05:16,186 INFO  client.GrpcClientProtocolClient (GrpcClientProtocolClient.java:onNext(255)) - client-CEF4D3493DC0->4ee04582-2825-4055-a051-0465d62eb5ca: receive RaftClientReply:client-CEF4D3493DC0->4ee04582-2825-4055-a051-0465d62eb5ca@group-78E0FE5F723E, cid=3814, SUCCESS, logIndex=5850, commits[4ee04582-2825-4055-a051-0465d62eb5ca:c5851, 97f5b9f0-d9ef-40b5-ba79-7414923e623f:c5849, 7d686585-d831-45bc-93fc-0a553b604b0e:c5845]
2019-07-08 23:05:16,186 INFO  client.GrpcClientProtocolClient (GrpcClientProtocolClient.java:onNext(255)) - client-CEF4D3493DC0->4ee04582-2825-4055-a051-0465d62eb5ca: receive RaftClientReply:client-CEF4D3493DC0->4ee04582-2825-4055-a051-0465d62eb5ca@group-78E0FE5F723E, cid=3815, SUCCESS, logIndex=5851, commits[4ee04582-2825-4055-a051-0465d62eb5ca:c5851, 97f5b9f0-d9ef-40b5-ba79-7414923e623f:c5849, 7d686585-d831-45bc-93fc-0a553b604b0e:c5849]
2019-07-08 23:05:16,195 INFO  client.GrpcClientProtocolClient (GrpcClientProtocolClient.java:onNext(255)) - client-CEF4D3493DC0->4ee04582-2825-4055-a051-0465d62eb5ca: receive RaftClientReply:client-CEF4D3493DC0->4ee04582-2825-4055-a051-0465d62eb5ca@group-78E0FE5F723E, cid=3816, SUCCESS, logIndex=5853, commits[4ee04582-2825-4055-a051-0465d62eb5ca:c5854, 97f5b9f0-d9ef-40b5-ba79-7414923e623f:c5852, 7d686585-d831-45bc-93fc-0a553b604b0e:c5851]
2019-07-08 23:05:16,196 INFO  client.GrpcClientProtocolClient (GrpcClientProtocolClient.java:onNext(255)) - client-CEF4D3493DC0->4ee04582-2825-4055-a051-0465d62eb5ca: receive RaftClientReply:client-CEF4D3493DC0->4ee04582-2825-4055-a051-0465d62eb5ca@group-78E0FE5F723E, cid=3817, SUCCESS, logIndex=5854, commits[4ee04582-2825-4055-a051-0465d62eb5ca:c5854, 97f5b9f0-d9ef-40b5-ba79-7414923e623f:c5852, 7d686585-d831-45bc-93fc-0a553b604b0e:c5851]
2019-07-08 23:05:16,198 INFO  client.GrpcClientProtocolClient (GrpcClientProtocolClient.java:onNext(255)) - client-CEF4D3493DC0->4ee04582-2825-4055-a051-0465d62eb5ca: receive RaftClientReply:client-CEF4D3493DC0->4ee04582-2825-4055-a051-0465d62eb5ca@group-78E0FE5F723E, cid=3818, SUCCESS, logIndex=0, commits[4ee04582-2825-4055-a051-0465d62eb5ca:c5856, 97f5b9f0-d9ef-40b5-ba79-7414923e623f:c5854, 7d686585-d831-45bc-93fc-0a553b604b0e:c5854]
2019-07-08 23:05:16,350 INFO  client.GrpcClientProtocolClient (GrpcClientProtocolClient.java:onNext(255)) - client-CEF4D3493DC0->4ee04582-2825-4055-a051-0465d62eb5ca: receive RaftClientReply:client-CEF4D3493DC0->4ee04582-2825-4055-a051-0465d62eb5ca@group-78E0FE5F723E, cid=3819, SUCCESS, logIndex=5857, commits[4ee04582-2825-4055-a051-0465d62eb5ca:c5858, 97f5b9f0-d9ef-40b5-ba79-7414923e623f:c5856, 7d686585-d831-45bc-93fc-0a553b604b0e:c5854]
2019-07-08 23:05:16,350 INFO  client.GrpcClientProtocolClient (GrpcClientProtocolClient.java:onNext(255)) - client-CEF4D3493DC0->4ee04582-2825-4055-a051-0465d62eb5ca: receive RaftClientReply:client-CEF4D3493DC0->4ee04582-2825-4055-a051-0465d62eb5ca@group-78E0FE5F723E, cid=3820, SUCCESS, logIndex=5858, commits[4ee04582-2825-4055-a051-0465d62eb5ca:c5858, 97f5b9f0-d9ef-40b5-ba79-7414923e623f:c5856, 7d686585-d831-45bc-93fc-0a553b604b0e:c5854]
2019-07-08 23:05:16,353 INFO  client.GrpcClientProtocolClient (GrpcClientProtocolClient.java:onNext(255)) - client-CEF4D3493DC0->4ee04582-2825-4055-a051-0465d62eb5ca: receive RaftClientReply:client-CEF4D3493DC0->4ee04582-2825-4055-a051-0465d62eb5ca@group-78E0FE5F723E, cid=3821, SUCCESS, logIndex=5859, commits[4ee04582-2825-4055-a051-0465d62eb5ca:c5860, 97f5b9f0-d9ef-40b5-ba79-7414923e623f:c5856, 7d686585-d831-45bc-93fc-0a553b604b0e:c5856]
2019-07-08 23:05:16,353 INFO  client.GrpcClientProtocolClient (GrpcClientProtocolClient.java:onNext(255)) - client-CEF4D3493DC0->4ee04582-2825-4055-a051-0465d62eb5ca: receive RaftClientReply:client-CEF4D3493DC0->4ee04582-2825-4055-a051-0465d62eb5ca@group-78E0FE5F723E, cid=3822, SUCCESS, logIndex=5860, commits[4ee04582-2825-4055-a051-0465d62eb5ca:c5860, 97f5b9f0-d9ef-40b5-ba79-7414923e623f:c5856, 7d686585-d831-45bc-93fc-0a553b604b0e:c5856]
2019-07-08 23:05:16,355 INFO  client.GrpcClientProtocolClient (GrpcClientProtocolClient.java:onNext(255)) - client-CEF4D3493DC0->4ee04582-2825-4055-a051-0465d62eb5ca: receive RaftClientReply:client-CEF4D3493DC0->4ee04582-2825-4055-a051-0465d62eb5ca@group-78E0FE5F723E, cid=3823, SUCCESS, logIndex=0, commits[4ee04582-2825-4055-a051-0465d62eb5ca:c5862, 97f5b9f0-d9ef-40b5-ba79-7414923e623f:c5858, 7d686585-d831-45bc-93fc-0a553b604b0e:c5858]
2019-07-08 23:05:16,368 INFO  client.GrpcClientProtocolClient (GrpcClientProtocolClient.java:onNext(255)) - client-CEF4D3493DC0->4ee04582-2825-4055-a051-0465d62eb5ca: receive RaftClientReply:client-CEF4D3493DC0->4ee04582-2825-4055-a051-0465d62eb5ca@group-78E0FE5F723E, cid=3824, SUCCESS, logIndex=5865, commits[4ee04582-2825-4055-a051-0465d62eb5ca:c5866, 97f5b9f0-d9ef-40b5-ba79-7414923e623f:c5864, 7d686585-d831-45bc-93fc-0a553b604b0e:c5860]
2019-07-08 23:05:16,369 INFO  client.GrpcClientProtocolClient (GrpcClientProtocolClient.java:onNext(255)) - client-CEF4D3493DC0->4ee04582-2825-4055-a051-0465d62eb5ca: receive RaftClientReply:client-CEF4D3493DC0->4ee04582-2825-4055-a051-0465d62eb5ca@group-78E0FE5F723E, cid=3825, SUCCESS, logIndex=5866, commits[4ee04582-2825-4055-a051-0465d62eb5ca:c5866, 97f5b9f0-d9ef-40b5-ba79-7414923e623f:c5864, 7d686585-d831-45bc-93fc-0a553b604b0e:c5864]
2019-07-08 23:05:16,381 INFO  client.GrpcClientProtocolClient (GrpcClientProtocolClient.java:onNext(255)) - client-CEF4D3493DC0->4ee04582-2825-4055-a051-0465d62eb5ca: receive RaftClientReply:client-CEF4D3493DC0->4ee04582-2825-4055-a051-0465d62eb5ca@group-78E0FE5F723E, cid=3826, SUCCESS, logIndex=5869, commits[4ee04582-2825-4055-a051-0465d62eb5ca:c5870, 97f5b9f0-d9ef-40b5-ba79-7414923e623f:c5868, 7d686585-d831-45bc-93fc-0a553b604b0e:c5866]
2019-07-08 23:05:16,382 INFO  client.GrpcClientProtocolClient (GrpcClientProtocolClient.java:onNext(255)) - client-CEF4D3493DC0->4ee04582-2825-4055-a051-0465d62eb5ca: receive RaftClientReply:client-CEF4D3493DC0->4ee04582-2825-4055-a051-0465d62eb5ca@group-78E0FE5F723E, cid=3827, SUCCESS, logIndex=5870, commits[4ee04582-2825-4055-a051-0465d62eb5ca:c5870, 97f5b9f0-d9ef-40b5-ba79-7414923e623f:c5868, 7d686585-d831-45bc-93fc-0a553b604b0e:c5868]
2019-07-08 23:05:16,384 INFO  client.GrpcClientProtocolClient (GrpcClientProtocolClient.java:onNext(255)) - client-CEF4D3493DC0->4ee04582-2825-4055-a051-0465d62eb5ca: receive RaftClientReply:client-CEF4D3493DC0->4ee04582-2825-4055-a051-0465d62eb5ca@group-78E0FE5F723E, cid=3828, SUCCESS, logIndex=0, commits[4ee04582-2825-4055-a051-0465d62eb5ca:c5871, 97f5b9f0-d9ef-40b5-ba79-7414923e623f:c5870, 7d686585-d831-45bc-93fc-0a553b604b0e:c5870]
2019-07-08 23:05:16,420 INFO  client.GrpcClientProtocolClient (GrpcClientProtocolClient.java:onNext(255)) - client-CEF4D3493DC0->4ee04582-2825-4055-a051-0465d62eb5ca: receive RaftClientReply:client-CEF4D3493DC0->4ee04582-2825-4055-a051-0465d62eb5ca@group-78E0FE5F723E, cid=3829, SUCCESS, logIndex=5873, commits[4ee04582-2825-4055-a051-0465d62eb5ca:c5874, 97f5b9f0-d9ef-40b5-ba79-7414923e623f:c5872, 7d686585-d831-45bc-93fc-0a553b604b0e:c5872]
2019-07-08 23:05:16,421 INFO  client.GrpcClientProtocolClient (GrpcClientProtocolClient.java:onNext(255)) - client-CEF4D3493DC0->4ee04582-2825-4055-a051-0465d62eb5ca: receive RaftClientReply:client-CEF4D3493DC0->4ee04582-2825-4055-a051-0465d62eb5ca@group-78E0FE5F723E, cid=3830, SUCCESS, logIndex=5874, commits[4ee04582-2825-4055-a051-0465d62eb5ca:c5875, 97f5b9f0-d9ef-40b5-ba79-7414923e623f:c5872, 7d686585-d831-45bc-93fc-0a553b604b0e:c5872]
2019-07-08 23:05:16,421 INFO  client.GrpcClientProtocolClient (GrpcClientProtocolClient.java:onNext(255)) - client-CEF4D3493DC0->4ee04582-2825-4055-a051-0465d62eb5ca: receive RaftClientReply:client-CEF4D3493DC0->4ee04582-2825-4055-a051-0465d62eb5ca@group-78E0FE5F723E, cid=3831, SUCCESS, logIndex=5875, commits[4ee04582-2825-4055-a051-0465d62eb5ca:c5876, 97f5b9f0-d9ef-40b5-ba79-7414923e623f:c5872, 7d686585-d831-45bc-93fc-0a553b604b0e:c5872]
2019-07-08 23:05:16,421 INFO  client.GrpcClientProtocolClient (GrpcClientProtocolClient.java:onNext(255)) - client-CEF4D3493DC0->4ee04582-2825-4055-a051-0465d62eb5ca: receive RaftClientReply:client-CEF4D3493DC0->4ee04582-2825-4055-a051-0465d62eb5ca@group-78E0FE5F723E, cid=3832, SUCCESS, logIndex=5876, commits[4ee04582-2825-4055-a051-0465d62eb5ca:c5876, 97f5b9f0-d9ef-40b5-ba79-7414923e623f:c5872, 7d686585-d831-45bc-93fc-0a553b604b0e:c5872]
2019-07-08 23:05:16,427 INFO  client.GrpcClientProtocolClient (GrpcClientProtocolClient.java:onNext(255)) - client-CEF4D3493DC0->4ee04582-2825-4055-a051-0465d62eb5ca: receive RaftClientReply:client-CEF4D3493DC0->4ee04582-2825-4055-a051-0465d62eb5ca@group-78E0FE5F723E, cid=3833, SUCCESS, logIndex=0, commits[4ee04582-2825-4055-a051-0465d62eb5ca:c5878, 97f5b9f0-d9ef-40b5-ba79-7414923e623f:c5874, 7d686585-d831-45bc-93fc-0a553b604b0e:c5874]
2019-07-08 23:05:16,447 INFO  client.GrpcClientProtocolClient (GrpcClientProtocolClient.java:onNext(255)) - client-CEF4D3493DC0->4ee04582-2825-4055-a051-0465d62eb5ca: receive RaftClientReply:client-CEF4D3493DC0->4ee04582-2825-4055-a051-0465d62eb5ca@group-78E0FE5F723E, cid=3834, SUCCESS, logIndex=5881, commits[4ee04582-2825-4055-a051-0465d62eb5ca:c5882, 97f5b9f0-d9ef-40b5-ba79-7414923e623f:c5880, 7d686585-d831-45bc-93fc-0a553b604b0e:c5880]
2019-07-08 23:05:16,447 INFO  client.GrpcClientProtocolClient (GrpcClientProtocolClient.java:onNext(255)) - client-CEF4D3493DC0->4ee04582-2825-4055-a051-0465d62eb5ca: receive RaftClientReply:client-CEF4D3493DC0->4ee04582-2825-4055-a051-0465d62eb5ca@group-78E0FE5F723E, cid=3835, SUCCESS, logIndex=5882, commits[4ee04582-2825-4055-a051-0465d62eb5ca:c5882, 97f5b9f0-d9ef-40b5-ba79-7414923e623f:c5880, 7d686585-d831-45bc-93fc-0a553b604b0e:c5880]
2019-07-08 23:05:16,458 INFO  client.GrpcClientProtocolClient (GrpcClientProtocolClient.java:onNext(255)) - client-CEF4D3493DC0->4ee04582-2825-4055-a051-0465d62eb5ca: receive RaftClientReply:client-CEF4D3493DC0->4ee04582-2825-4055-a051-0465d62eb5ca@group-78E0FE5F723E, cid=3836, SUCCESS, logIndex=5885, commits[4ee04582-2825-4055-a051-0465d62eb5ca:c5886, 97f5b9f0-d9ef-40b5-ba79-7414923e623f:c5883, 7d686585-d831-45bc-93fc-0a553b604b0e:c5882]
2019-07-08 23:05:16,458 INFO  client.GrpcClientProtocolClient (GrpcClientProtocolClient.java:onNext(255)) - client-CEF4D3493DC0->4ee04582-2825-4055-a051-0465d62eb5ca: receive RaftClientReply:client-CEF4D3493DC0->4ee04582-2825-4055-a051-0465d62eb5ca@group-78E0FE5F723E, cid=3837, SUCCESS, logIndex=5886, commits[4ee04582-2825-4055-a051-0465d62eb5ca:c5886, 97f5b9f0-d9ef-40b5-ba79-7414923e623f:c5883, 7d686585-d831-45bc-93fc-0a553b604b0e:c5882]
2019-07-08 23:05:16,461 INFO  client.GrpcClientProtocolClient (GrpcClientProtocolClient.java:onNext(255)) - client-CEF4D3493DC0->4ee04582-2825-4055-a051-0465d62eb5ca: receive RaftClientReply:client-CEF4D3493DC0->4ee04582-2825-4055-a051-0465d62eb5ca@group-78E0FE5F723E, cid=3838, SUCCESS, logIndex=0, commits[4ee04582-2825-4055-a051-0465d62eb5ca:c5886, 97f5b9f0-d9ef-40b5-ba79-7414923e623f:c5886, 7d686585-d831-45bc-93fc-0a553b604b0e:c5886]
2019-07-08 23:05:16,492 INFO  client.GrpcClientProtocolClient (GrpcClientProtocolClient.java:onNext(255)) - client-CEF4D3493DC0->4ee04582-2825-4055-a051-0465d62eb5ca: receive RaftClientReply:client-CEF4D3493DC0->4ee04582-2825-4055-a051-0465d62eb5ca@group-78E0FE5F723E, cid=3839, SUCCESS, logIndex=5889, commits[4ee04582-2825-4055-a051-0465d62eb5ca:c5890, 97f5b9f0-d9ef-40b5-ba79-7414923e623f:c5888, 7d686585-d831-45bc-93fc-0a553b604b0e:c5886]
2019-07-08 23:05:16,492 INFO  client.GrpcClientProtocolClient (GrpcClientProtocolClient.java:onNext(255)) - client-CEF4D3493DC0->4ee04582-2825-4055-a051-0465d62eb5ca: receive RaftClientReply:client-CEF4D3493DC0->4ee04582-2825-4055-a051-0465d62eb5ca@group-78E0FE5F723E, cid=3840, SUCCESS, logIndex=5890, commits[4ee04582-2825-4055-a051-0465d62eb5ca:c5890, 97f5b9f0-d9ef-40b5-ba79-7414923e623f:c5888, 7d686585-d831-45bc-93fc-0a553b604b0e:c5888]
2019-07-08 23:05:16,492 INFO  client.GrpcClientProtocolClient (GrpcClientProtocolClient.java:onNext(255)) - client-CEF4D3493DC0->4ee04582-2825-4055-a051-0465d62eb5ca: receive RaftClientReply:client-CEF4D3493DC0->4ee04582-2825-4055-a051-0465d62eb5ca@group-78E0FE5F723E, cid=3841, SUCCESS, logIndex=5891, commits[4ee04582-2825-4055-a051-0465d62eb5ca:c5892, 97f5b9f0-d9ef-40b5-ba79-7414923e623f:c5888, 7d686585-d831-45bc-93fc-0a553b604b0e:c5888]
2019-07-08 23:05:16,493 INFO  client.GrpcClientProtocolClient (GrpcClientProtocolClient.java:onNext(255)) - client-CEF4D3493DC0->4ee04582-2825-4055-a051-0465d62eb5ca: receive RaftClientReply:client-CEF4D3493DC0->4ee04582-2825-4055-a051-0465d62eb5ca@group-78E0FE5F723E, cid=3842, SUCCESS, logIndex=5892, commits[4ee04582-2825-4055-a051-0465d62eb5ca:c5892, 97f5b9f0-d9ef-40b5-ba79-7414923e623f:c5888, 7d686585-d831-45bc-93fc-0a553b604b0e:c5888]
2019-07-08 23:05:16,497 INFO  client.GrpcClientProtocolClient (GrpcClientProtocolClient.java:onNext(255)) - client-CEF4D3493DC0->4ee04582-2825-4055-a051-0465d62eb5ca: receive RaftClientReply:client-CEF4D3493DC0->4ee04582-2825-4055-a051-0465d62eb5ca@group-78E0FE5F723E, cid=3843, SUCCESS, logIndex=0, commits[4ee04582-2825-4055-a051-0465d62eb5ca:c5894, 97f5b9f0-d9ef-40b5-ba79-7414923e623f:c5890, 7d686585-d831-45bc-93fc-0a553b604b0e:c5890]
2019-07-08 23:05:16,516 INFO  client.GrpcClientProtocolClient (GrpcClientProtocolClient.java:onNext(255)) - client-CEF4D3493DC0->4ee04582-2825-4055-a051-0465d62eb5ca: receive RaftClientReply:client-CEF4D3493DC0->4ee04582-2825-4055-a051-0465d62eb5ca@group-78E0FE5F723E, cid=3844, SUCCESS, logIndex=5897, commits[4ee04582-2825-4055-a051-0465d62eb5ca:c5898, 97f5b9f0-d9ef-40b5-ba79-7414923e623f:c5896, 7d686585-d831-45bc-93fc-0a553b604b0e:c5896]
2019-07-08 23:05:16,516 INFO  client.GrpcClientProtocolClient (GrpcClientProtocolClient.java:onNext(255)) - client-CEF4D3493DC0->4ee04582-2825-4055-a051-0465d62eb5ca: receive RaftClientReply:client-CEF4D3493DC0->4ee04582-2825-4055-a051-0465d62eb5ca@group-78E0FE5F723E, cid=3845, SUCCESS, logIndex=5898, commits[4ee04582-2825-4055-a051-0465d62eb5ca:c5898, 97f5b9f0-d9ef-40b5-ba79-7414923e623f:c5896, 7d686585-d831-45bc-93fc-0a553b604b0e:c5896]
2019-07-08 23:05:16,526 INFO  client.GrpcClientProtocolClient (GrpcClientProtocolClient.java:onNext(255)) - client-CEF4D3493DC0->4ee04582-2825-4055-a051-0465d62eb5ca: receive RaftClientReply:client-CEF4D3493DC0->4ee04582-2825-4055-a051-0465d62eb5ca@group-78E0FE5F723E, cid=3846, SUCCESS, logIndex=5901, commits[4ee04582-2825-4055-a051-0465d62eb5ca:c5902, 97f5b9f0-d9ef-40b5-ba79-7414923e623f:c5899, 7d686585-d831-45bc-93fc-0a553b604b0e:c5898]
2019-07-08 23:05:16,527 INFO  client.GrpcClientProtocolClient (GrpcClientProtocolClient.java:onNext(255)) - client-CEF4D3493DC0->4ee04582-2825-4055-a051-0465d62eb5ca: receive RaftClientReply:client-CEF4D3493DC0->4ee04582-2825-4055-a051-0465d62eb5ca@group-78E0FE5F723E, cid=3847, SUCCESS, logIndex=5902, commits[4ee04582-2825-4055-a051-0465d62eb5ca:c5902, 97f5b9f0-d9ef-40b5-ba79-7414923e623f:c5899, 7d686585-d831-45bc-93fc-0a553b604b0e:c5898]
2019-07-08 23:05:16,531 INFO  client.GrpcClientProtocolClient (GrpcClientProtocolClient.java:onNext(255)) - client-CEF4D3493DC0->4ee04582-2825-4055-a051-0465d62eb5ca: receive RaftClientReply:client-CEF4D3493DC0->4ee04582-2825-4055-a051-0465d62eb5ca@group-78E0FE5F723E, cid=3848, SUCCESS, logIndex=0, commits[4ee04582-2825-4055-a051-0465d62eb5ca:c5903, 97f5b9f0-d9ef-40b5-ba79-7414923e623f:c5902, 7d686585-d831-45bc-93fc-0a553b604b0e:c5902]
2019-07-08 23:05:16,567 INFO  client.GrpcClientProtocolClient (GrpcClientProtocolClient.java:onNext(255)) - client-CEF4D3493DC0->4ee04582-2825-4055-a051-0465d62eb5ca: receive RaftClientReply:client-CEF4D3493DC0->4ee04582-2825-4055-a051-0465d62eb5ca@group-78E0FE5F723E, cid=3849, SUCCESS, logIndex=5905, commits[4ee04582-2825-4055-a051-0465d62eb5ca:c5908, 97f5b9f0-d9ef-40b5-ba79-7414923e623f:c5902, 7d686585-d831-45bc-93fc-0a553b604b0e:c5904]
2019-07-08 23:05:16,567 INFO  client.GrpcClientProtocolClient (GrpcClientProtocolClient.java:onNext(255)) - client-CEF4D3493DC0->4ee04582-2825-4055-a051-0465d62eb5ca: receive RaftClientReply:client-CEF4D3493DC0->4ee04582-2825-4055-a051-0465d62eb5ca@group-78E0FE5F723E, cid=3850, SUCCESS, logIndex=5906, commits[4ee04582-2825-4055-a051-0465d62eb5ca:c5908, 97f5b9f0-d9ef-40b5-ba79-7414923e623f:c5904, 7d686585-d831-45bc-93fc-0a553b604b0e:c5904]
2019-07-08 23:05:16,568 INFO  client.GrpcClientProtocolClient (GrpcClientProtocolClient.java:onNext(255)) - client-CEF4D3493DC0->4ee04582-2825-4055-a051-0465d62eb5ca: receive RaftClientReply:client-CEF4D3493DC0->4ee04582-2825-4055-a051-0465d62eb5ca@group-78E0FE5F723E, cid=3851, SUCCESS, logIndex=5907, commits[4ee04582-2825-4055-a051-0465d62eb5ca:c5908, 97f5b9f0-d9ef-40b5-ba79-7414923e623f:c5904, 7d686585-d831-45bc-93fc-0a553b604b0e:c5904]
2019-07-08 23:05:16,568 INFO  client.GrpcClientProtocolClient (GrpcClientProtocolClient.java:onNext(255)) - client-CEF4D3493DC0->4ee04582-2825-4055-a051-0465d62eb5ca: receive RaftClientReply:client-CEF4D3493DC0->4ee04582-2825-4055-a051-0465d62eb5ca@group-78E0FE5F723E, cid=3852, SUCCESS, logIndex=5908, commits[4ee04582-2825-4055-a051-0465d62eb5ca:c5908, 97f5b9f0-d9ef-40b5-ba79-7414923e623f:c5904, 7d686585-d831-45bc-93fc-0a553b604b0e:c5904]
2019-07-08 23:05:16,572 INFO  client.GrpcClientProtocolClient (GrpcClientProtocolClient.java:onNext(255)) - client-CEF4D3493DC0->4ee04582-2825-4055-a051-0465d62eb5ca: receive RaftClientReply:client-CEF4D3493DC0->4ee04582-2825-4055-a051-0465d62eb5ca@group-78E0FE5F723E, cid=3853, SUCCESS, logIndex=0, commits[4ee04582-2825-4055-a051-0465d62eb5ca:c5909, 97f5b9f0-d9ef-40b5-ba79-7414923e623f:c5908, 7d686585-d831-45bc-93fc-0a553b604b0e:c5908]
2019-07-08 23:05:16,585 INFO  client.GrpcClientProtocolClient (GrpcClientProtocolClient.java:onNext(255)) - client-CEF4D3493DC0->4ee04582-2825-4055-a051-0465d62eb5ca: receive RaftClientReply:client-CEF4D3493DC0->4ee04582-2825-4055-a051-0465d62eb5ca@group-78E0FE5F723E, cid=3854, SUCCESS, logIndex=5911, commits[4ee04582-2825-4055-a051-0465d62eb5ca:c5912, 97f5b9f0-d9ef-40b5-ba79-7414923e623f:c5910, 7d686585-d831-45bc-93fc-0a553b604b0e:c5908]
2019-07-08 23:05:16,586 INFO  client.GrpcClientProtocolClient (GrpcClientProtocolClient.java:onNext(255)) - client-CEF4D3493DC0->4ee04582-2825-4055-a051-0465d62eb5ca: receive RaftClientReply:client-CEF4D3493DC0->4ee04582-2825-4055-a051-0465d62eb5ca@group-78E0FE5F723E, cid=3855, SUCCESS, logIndex=5912, commits[4ee04582-2825-4055-a051-0465d62eb5ca:c5912, 97f5b9f0-d9ef-40b5-ba79-7414923e623f:c5910, 7d686585-d831-45bc-93fc-0a553b604b0e:c5910]
2019-07-08 23:05:16,597 INFO  client.GrpcClientProtocolClient (GrpcClientProtocolClient.java:onNext(255)) - client-CEF4D3493DC0->4ee04582-2825-4055-a051-0465d62eb5ca: receive RaftClientReply:client-CEF4D3493DC0->4ee04582-2825-4055-a051-0465d62eb5ca@group-78E0FE5F723E, cid=3856, SUCCESS, logIndex=5915, commits[4ee04582-2825-4055-a051-0465d62eb5ca:c5916, 97f5b9f0-d9ef-40b5-ba79-7414923e623f:c5914, 7d686585-d831-45bc-93fc-0a553b604b0e:c5912]
2019-07-08 23:05:16,597 INFO  client.GrpcClientProtocolClient (GrpcClientProtocolClient.java:onNext(255)) - client-CEF4D3493DC0->4ee04582-2825-4055-a051-0465d62eb5ca: receive RaftClientReply:client-CEF4D3493DC0->4ee04582-2825-4055-a051-0465d62eb5ca@group-78E0FE5F723E, cid=3857, SUCCESS, logIndex=5916, commits[4ee04582-2825-4055-a051-0465d62eb5ca:c5916, 97f5b9f0-d9ef-40b5-ba79-7414923e623f:c5914, 7d686585-d831-45bc-93fc-0a553b604b0e:c5914]
2019-07-08 23:05:16,600 INFO  client.GrpcClientProtocolClient (GrpcClientProtocolClient.java:onNext(255)) - client-CEF4D3493DC0->4ee04582-2825-4055-a051-0465d62eb5ca: receive RaftClientReply:client-CEF4D3493DC0->4ee04582-2825-4055-a051-0465d62eb5ca@group-78E0FE5F723E, cid=3858, SUCCESS, logIndex=0, commits[4ee04582-2825-4055-a051-0465d62eb5ca:c5917, 97f5b9f0-d9ef-40b5-ba79-7414923e623f:c5916, 7d686585-d831-45bc-93fc-0a553b604b0e:c5916]
2019-07-08 23:05:16,624 INFO  client.GrpcClientProtocolClient (GrpcClientProtocolClient.java:onNext(255)) - client-CEF4D3493DC0->4ee04582-2825-4055-a051-0465d62eb5ca: receive RaftClientReply:client-CEF4D3493DC0->4ee04582-2825-4055-a051-0465d62eb5ca@group-78E0FE5F723E, cid=3859, SUCCESS, logIndex=5919, commits[4ee04582-2825-4055-a051-0465d62eb5ca:c5920, 97f5b9f0-d9ef-40b5-ba79-7414923e623f:c5918, 7d686585-d831-45bc-93fc-0a553b604b0e:c5916]
2019-07-08 23:05:16,624 INFO  client.GrpcClientProtocolClient (GrpcClientProtocolClient.java:onNext(255)) - client-CEF4D3493DC0->4ee04582-2825-4055-a051-0465d62eb5ca: receive RaftClientReply:client-CEF4D3493DC0->4ee04582-2825-4055-a051-0465d62eb5ca@group-78E0FE5F723E, cid=3860, SUCCESS, logIndex=5920, commits[4ee04582-2825-4055-a051-0465d62eb5ca:c5920, 97f5b9f0-d9ef-40b5-ba79-7414923e623f:c5918, 7d686585-d831-45bc-93fc-0a553b604b0e:c5916]
2019-07-08 23:05:16,625 INFO  client.GrpcClientProtocolClient (GrpcClientProtocolClient.java:onNext(255)) - client-CEF4D3493DC0->4ee04582-2825-4055-a051-0465d62eb5ca: receive RaftClientReply:client-CEF4D3493DC0->4ee04582-2825-4055-a051-0465d62eb5ca@group-78E0FE5F723E, cid=3861, SUCCESS, logIndex=5921, commits[4ee04582-2825-4055-a051-0465d62eb5ca:c5922, 97f5b9f0-d9ef-40b5-ba79-7414923e623f:c5918, 7d686585-d831-45bc-93fc-0a553b604b0e:c5918]
2019-07-08 23:05:16,626 INFO  client.GrpcClientProtocolClient (GrpcClientProtocolClient.java:onNext(255)) - client-CEF4D3493DC0->4ee04582-2825-4055-a051-0465d62eb5ca: receive RaftClientReply:client-CEF4D3493DC0->4ee04582-2825-4055-a051-0465d62eb5ca@group-78E0FE5F723E, cid=3862, SUCCESS, logIndex=5922, commits[4ee04582-2825-4055-a051-0465d62eb5ca:c5922, 97f5b9f0-d9ef-40b5-ba79-7414923e623f:c5918, 7d686585-d831-45bc-93fc-0a553b604b0e:c5918]
2019-07-08 23:05:16,630 INFO  client.GrpcClientProtocolClient (GrpcClientProtocolClient.java:onNext(255)) - client-CEF4D3493DC0->4ee04582-2825-4055-a051-0465d62eb5ca: receive RaftClientReply:client-CEF4D3493DC0->4ee04582-2825-4055-a051-0465d62eb5ca@group-78E0FE5F723E, cid=3863, SUCCESS, logIndex=0, commits[4ee04582-2825-4055-a051-0465d62eb5ca:c5924, 97f5b9f0-d9ef-40b5-ba79-7414923e623f:c5920, 7d686585-d831-45bc-93fc-0a553b604b0e:c5920]
2019-07-08 23:05:16,643 INFO  client.GrpcClientProtocolClient (GrpcClientProtocolClient.java:onNext(255)) - client-CEF4D3493DC0->4ee04582-2825-4055-a051-0465d62eb5ca: receive RaftClientReply:client-CEF4D3493DC0->4ee04582-2825-4055-a051-0465d62eb5ca@group-78E0FE5F723E, cid=3864, SUCCESS, logIndex=5927, commits[4ee04582-2825-4055-a051-0465d62eb5ca:c5928, 97f5b9f0-d9ef-40b5-ba79-7414923e623f:c5922, 7d686585-d831-45bc-93fc-0a553b604b0e:c5926]
2019-07-08 23:05:16,643 INFO  client.GrpcClientProtocolClient (GrpcClientProtocolClient.java:onNext(255)) - client-CEF4D3493DC0->4ee04582-2825-4055-a051-0465d62eb5ca: receive RaftClientReply:client-CEF4D3493DC0->4ee04582-2825-4055-a051-0465d62eb5ca@group-78E0FE5F723E, cid=3865, SUCCESS, logIndex=5928, commits[4ee04582-2825-4055-a051-0465d62eb5ca:c5928, 97f5b9f0-d9ef-40b5-ba79-7414923e623f:c5926, 7d686585-d831-45bc-93fc-0a553b604b0e:c5926]
2019-07-08 23:05:16,655 INFO  client.GrpcClientProtocolClient (GrpcClientProtocolClient.java:onNext(255)) - client-CEF4D3493DC0->4ee04582-2825-4055-a051-0465d62eb5ca: receive RaftClientReply:client-CEF4D3493DC0->4ee04582-2825-4055-a051-0465d62eb5ca@group-78E0FE5F723E, cid=3866, SUCCESS, logIndex=5931, commits[4ee04582-2825-4055-a051-0465d62eb5ca:c5932, 97f5b9f0-d9ef-40b5-ba79-7414923e623f:c5930, 7d686585-d831-45bc-93fc-0a553b604b0e:c5928]
2019-07-08 23:05:16,656 INFO  client.GrpcClientProtocolClient (GrpcClientProtocolClient.java:onNext(255)) - client-CEF4D3493DC0->4ee04582-2825-4055-a051-0465d62eb5ca: receive RaftClientReply:client-CEF4D3493DC0->4ee04582-2825-4055-a051-0465d62eb5ca@group-78E0FE5F723E, cid=3867, SUCCESS, logIndex=5932, commits[4ee04582-2825-4055-a051-0465d62eb5ca:c5932, 97f5b9f0-d9ef-40b5-ba79-7414923e623f:c5930, 7d686585-d831-45bc-93fc-0a553b604b0e:c5928]
2019-07-08 23:05:16,657 INFO  client.GrpcClientProtocolClient (GrpcClientProtocolClient.java:onNext(255)) - client-CEF4D3493DC0->4ee04582-2825-4055-a051-0465d62eb5ca: receive RaftClientReply:client-CEF4D3493DC0->4ee04582-2825-4055-a051-0465d62eb5ca@group-78E0FE5F723E, cid=3868, SUCCESS, logIndex=0, commits[4ee04582-2825-4055-a051-0465d62eb5ca:c5933, 97f5b9f0-d9ef-40b5-ba79-7414923e623f:c5932, 7d686585-d831-45bc-93fc-0a553b604b0e:c5932]
2019-07-08 23:05:16,682 INFO  client.GrpcClientProtocolClient (GrpcClientProtocolClient.java:onNext(255)) - client-CEF4D3493DC0->4ee04582-2825-4055-a051-0465d62eb5ca: receive RaftClientReply:client-CEF4D3493DC0->4ee04582-2825-4055-a051-0465d62eb5ca@group-78E0FE5F723E, cid=3869, SUCCESS, logIndex=5935, commits[4ee04582-2825-4055-a051-0465d62eb5ca:c5938, 97f5b9f0-d9ef-40b5-ba79-7414923e623f:c5934, 7d686585-d831-45bc-93fc-0a553b604b0e:c5932]
2019-07-08 23:05:16,683 INFO  client.GrpcClientProtocolClient (GrpcClientProtocolClient.java:onNext(255)) - client-CEF4D3493DC0->4ee04582-2825-4055-a051-0465d62eb5ca: receive RaftClientReply:client-CEF4D3493DC0->4ee04582-2825-4055-a051-0465d62eb5ca@group-78E0FE5F723E, cid=3870, SUCCESS, logIndex=5936, commits[4ee04582-2825-4055-a051-0465d62eb5ca:c5938, 97f5b9f0-d9ef-40b5-ba79-7414923e623f:c5934, 7d686585-d831-45bc-93fc-0a553b604b0e:c5934]
2019-07-08 23:05:16,683 INFO  client.GrpcClientProtocolClient (GrpcClientProtocolClient.java:onNext(255)) - client-CEF4D3493DC0->4ee04582-2825-4055-a051-0465d62eb5ca: receive RaftClientReply:client-CEF4D3493DC0->4ee04582-2825-4055-a051-0465d62eb5ca@group-78E0FE5F723E, cid=3871, SUCCESS, logIndex=5937, commits[4ee04582-2825-4055-a051-0465d62eb5ca:c5938, 97f5b9f0-d9ef-40b5-ba79-7414923e623f:c5934, 7d686585-d831-45bc-93fc-0a553b604b0e:c5934]
2019-07-08 23:05:16,683 INFO  client.GrpcClientProtocolClient (GrpcClientProtocolClient.java:onNext(255)) - client-CEF4D3493DC0->4ee04582-2825-4055-a051-0465d62eb5ca: receive RaftClientReply:client-CEF4D3493DC0->4ee04582-2825-4055-a051-0465d62eb5ca@group-78E0FE5F723E, cid=3872, SUCCESS, logIndex=5938, commits[4ee04582-2825-4055-a051-0465d62eb5ca:c5939, 97f5b9f0-d9ef-40b5-ba79-7414923e623f:c5935, 7d686585-d831-45bc-93fc-0a553b604b0e:c5934]
2019-07-08 23:05:16,687 INFO  client.GrpcClientProtocolClient (GrpcClientProtocolClient.java:onNext(255)) - client-CEF4D3493DC0->4ee04582-2825-4055-a051-0465d62eb5ca: receive RaftClientReply:client-CEF4D3493DC0->4ee04582-2825-4055-a051-0465d62eb5ca@group-78E0FE5F723E, cid=3873, SUCCESS, logIndex=0, commits[4ee04582-2825-4055-a051-0465d62eb5ca:c5940, 97f5b9f0-d9ef-40b5-ba79-7414923e623f:c5937, 7d686585-d831-45bc-93fc-0a553b604b0e:c5937]
2019-07-08 23:05:16,700 INFO  client.GrpcClientProtocolClient (GrpcClientProtocolClient.java:onNext(255)) - client-CEF4D3493DC0->4ee04582-2825-4055-a051-0465d62eb5ca: receive RaftClientReply:client-CEF4D3493DC0->4ee04582-2825-4055-a051-0465d62eb5ca@group-78E0FE5F723E, cid=3874, SUCCESS, logIndex=5943, commits[4ee04582-2825-4055-a051-0465d62eb5ca:c5944, 97f5b9f0-d9ef-40b5-ba79-7414923e623f:c5938, 7d686585-d831-45bc-93fc-0a553b604b0e:c5942]
2019-07-08 23:05:16,701 INFO  client.GrpcClientProtocolClient (GrpcClientProtocolClient.java:onNext(255)) - client-CEF4D3493DC0->4ee04582-2825-4055-a051-0465d62eb5ca: receive RaftClientReply:client-CEF4D3493DC0->4ee04582-2825-4055-a051-0465d62eb5ca@group-78E0FE5F723E, cid=3875, SUCCESS, logIndex=5944, commits[4ee04582-2825-4055-a051-0465d62eb5ca:c5944, 97f5b9f0-d9ef-40b5-ba79-7414923e623f:c5942, 7d686585-d831-45bc-93fc-0a553b604b0e:c5942]
2019-07-08 23:05:16,721 INFO  client.GrpcClientProtocolClient (GrpcClientProtocolClient.java:onNext(255)) - client-CEF4D3493DC0->4ee04582-2825-4055-a051-0465d62eb5ca: receive RaftClientReply:client-CEF4D3493DC0->4ee04582-2825-4055-a051-0465d62eb5ca@group-78E0FE5F723E, cid=3876, SUCCESS, logIndex=5947, commits[4ee04582-2825-4055-a051-0465d62eb5ca:c5948, 97f5b9f0-d9ef-40b5-ba79-7414923e623f:c5946, 7d686585-d831-45bc-93fc-0a553b604b0e:c5944]
2019-07-08 23:05:16,721 INFO  client.GrpcClientProtocolClient (GrpcClientProtocolClient.java:onNext(255)) - client-CEF4D3493DC0->4ee04582-2825-4055-a051-0465d62eb5ca: receive RaftClientReply:client-CEF4D3493DC0->4ee04582-2825-4055-a051-0465d62eb5ca@group-78E0FE5F723E, cid=3877, SUCCESS, logIndex=5948, commits[4ee04582-2825-4055-a051-0465d62eb5ca:c5948, 97f5b9f0-d9ef-40b5-ba79-7414923e623f:c5946, 7d686585-d831-45bc-93fc-0a553b604b0e:c5946]
2019-07-08 23:05:16,727 INFO  client.GrpcClientProtocolClient (GrpcClientProtocolClient.java:onNext(255)) - client-CEF4D3493DC0->4ee04582-2825-4055-a051-0465d62eb5ca: receive RaftClientReply:client-CEF4D3493DC0->4ee04582-2825-4055-a051-0465d62eb5ca@group-78E0FE5F723E, cid=3878, SUCCESS, logIndex=0, commits[4ee04582-2825-4055-a051-0465d62eb5ca:c5950, 97f5b9f0-d9ef-40b5-ba79-7414923e623f:c5948, 7d686585-d831-45bc-93fc-0a553b604b0e:c5948]
2019-07-08 23:05:16,758 INFO  client.GrpcClientProtocolClient (GrpcClientProtocolClient.java:onNext(255)) - client-CEF4D3493DC0->4ee04582-2825-4055-a051-0465d62eb5ca: receive RaftClientReply:client-CEF4D3493DC0->4ee04582-2825-4055-a051-0465d62eb5ca@group-78E0FE5F723E, cid=3879, SUCCESS, logIndex=5951, commits[4ee04582-2825-4055-a051-0465d62eb5ca:c5952, 97f5b9f0-d9ef-40b5-ba79-7414923e623f:c5950, 7d686585-d831-45bc-93fc-0a553b604b0e:c5950]
2019-07-08 23:05:16,758 INFO  client.GrpcClientProtocolClient (GrpcClientProtocolClient.java:onNext(255)) - client-CEF4D3493DC0->4ee04582-2825-4055-a051-0465d62eb5ca: receive RaftClientReply:client-CEF4D3493DC0->4ee04582-2825-4055-a051-0465d62eb5ca@group-78E0FE5F723E, cid=3880, SUCCESS, logIndex=5952, commits[4ee04582-2825-4055-a051-0465d62eb5ca:c5954, 97f5b9f0-d9ef-40b5-ba79-7414923e623f:c5950, 7d686585-d831-45bc-93fc-0a553b604b0e:c5950]
2019-07-08 23:05:16,759 INFO  client.GrpcClientProtocolClient (GrpcClientProtocolClient.java:onNext(255)) - client-CEF4D3493DC0->4ee04582-2825-4055-a051-0465d62eb5ca: receive RaftClientReply:client-CEF4D3493DC0->4ee04582-2825-4055-a051-0465d62eb5ca@group-78E0FE5F723E, cid=3881, SUCCESS, logIndex=5953, commits[4ee04582-2825-4055-a051-0465d62eb5ca:c5954, 97f5b9f0-d9ef-40b5-ba79-7414923e623f:c5950, 7d686585-d831-45bc-93fc-0a553b604b0e:c5950]
2019-07-08 23:05:16,759 INFO  client.GrpcClientProtocolClient (GrpcClientProtocolClient.java:onNext(255)) - client-CEF4D3493DC0->4ee04582-2825-4055-a051-0465d62eb5ca: receive RaftClientReply:client-CEF4D3493DC0->4ee04582-2825-4055-a051-0465d62eb5ca@group-78E0FE5F723E, cid=3882, SUCCESS, logIndex=5954, commits[4ee04582-2825-4055-a051-0465d62eb5ca:c5955, 97f5b9f0-d9ef-40b5-ba79-7414923e623f:c5950, 7d686585-d831-45bc-93fc-0a553b604b0e:c5952]
2019-07-08 23:05:16,760 INFO  client.GrpcClientProtocolClient (GrpcClientProtocolClient.java:onNext(255)) - client-CEF4D3493DC0->4ee04582-2825-4055-a051-0465d62eb5ca: receive RaftClientReply:client-CEF4D3493DC0->4ee04582-2825-4055-a051-0465d62eb5ca@group-78E0FE5F723E, cid=3883, SUCCESS, logIndex=0, commits[4ee04582-2825-4055-a051-0465d62eb5ca:c5958, 97f5b9f0-d9ef-40b5-ba79-7414923e623f:c5954, 7d686585-d831-45bc-93fc-0a553b604b0e:c5952]
2019-07-08 23:05:16,778 INFO  client.GrpcClientProtocolClient (GrpcClientProtocolClient.java:onNext(255)) - client-CEF4D3493DC0->4ee04582-2825-4055-a051-0465d62eb5ca: receive RaftClientReply:client-CEF4D3493DC0->4ee04582-2825-4055-a051-0465d62eb5ca@group-78E0FE5F723E, cid=3884, SUCCESS, logIndex=5959, commits[4ee04582-2825-4055-a051-0465d62eb5ca:c5960, 97f5b9f0-d9ef-40b5-ba79-7414923e623f:c5954, 7d686585-d831-45bc-93fc-0a553b604b0e:c5958]
2019-07-08 23:05:16,779 INFO  client.GrpcClientProtocolClient (GrpcClientProtocolClient.java:onNext(255)) - client-CEF4D3493DC0->4ee04582-2825-4055-a051-0465d62eb5ca: receive RaftClientReply:client-CEF4D3493DC0->4ee04582-2825-4055-a051-0465d62eb5ca@group-78E0FE5F723E, cid=3885, SUCCESS, logIndex=5960, commits[4ee04582-2825-4055-a051-0465d62eb5ca:c5960, 97f5b9f0-d9ef-40b5-ba79-7414923e623f:c5954, 7d686585-d831-45bc-93fc-0a553b604b0e:c5958]
2019-07-08 23:05:16,790 INFO  client.GrpcClientProtocolClient (GrpcClientProtocolClient.java:onNext(255)) - client-CEF4D3493DC0->4ee04582-2825-4055-a051-0465d62eb5ca: receive RaftClientReply:client-CEF4D3493DC0->4ee04582-2825-4055-a051-0465d62eb5ca@group-78E0FE5F723E, cid=3886, SUCCESS, logIndex=5962, commits[4ee04582-2825-4055-a051-0465d62eb5ca:c5963, 97f5b9f0-d9ef-40b5-ba79-7414923e623f:c5960, 7d686585-d831-45bc-93fc-0a553b604b0e:c5961]
2019-07-08 23:05:16,790 INFO  client.GrpcClientProtocolClient (GrpcClientProtocolClient.java:onNext(255)) - client-CEF4D3493DC0->4ee04582-2825-4055-a051-0465d62eb5ca: receive RaftClientReply:client-CEF4D3493DC0->4ee04582-2825-4055-a051-0465d62eb5ca@group-78E0FE5F723E, cid=3887, SUCCESS, logIndex=5963, commits[4ee04582-2825-4055-a051-0465d62eb5ca:c5963, 97f5b9f0-d9ef-40b5-ba79-7414923e623f:c5961, 7d686585-d831-45bc-93fc-0a553b604b0e:c5961]
2019-07-08 23:05:16,792 INFO  client.GrpcClientProtocolClient (GrpcClientProtocolClient.java:onNext(255)) - client-CEF4D3493DC0->4ee04582-2825-4055-a051-0465d62eb5ca: receive RaftClientReply:client-CEF4D3493DC0->4ee04582-2825-4055-a051-0465d62eb5ca@group-78E0FE5F723E, cid=3888, SUCCESS, logIndex=0, commits[4ee04582-2825-4055-a051-0465d62eb5ca:c5963, 97f5b9f0-d9ef-40b5-ba79-7414923e623f:c5963, 7d686585-d831-45bc-93fc-0a553b604b0e:c5963]
2019-07-08 23:05:16,822 INFO  client.GrpcClientProtocolClient (GrpcClientProtocolClient.java:onNext(255)) - client-CEF4D3493DC0->4ee04582-2825-4055-a051-0465d62eb5ca: receive RaftClientReply:client-CEF4D3493DC0->4ee04582-2825-4055-a051-0465d62eb5ca@group-78E0FE5F723E, cid=3889, SUCCESS, logIndex=5966, commits[4ee04582-2825-4055-a051-0465d62eb5ca:c5967, 97f5b9f0-d9ef-40b5-ba79-7414923e623f:c5965, 7d686585-d831-45bc-93fc-0a553b604b0e:c5965]
2019-07-08 23:05:16,823 INFO  client.GrpcClientProtocolClient (GrpcClientProtocolClient.java:onNext(255)) - client-CEF4D3493DC0->4ee04582-2825-4055-a051-0465d62eb5ca: receive RaftClientReply:client-CEF4D3493DC0->4ee04582-2825-4055-a051-0465d62eb5ca@group-78E0FE5F723E, cid=3890, SUCCESS, logIndex=5967, commits[4ee04582-2825-4055-a051-0465d62eb5ca:c5969, 97f5b9f0-d9ef-40b5-ba79-7414923e623f:c5965, 7d686585-d831-45bc-93fc-0a553b604b0e:c5965]
2019-07-08 23:05:16,823 INFO  client.GrpcClientProtocolClient (GrpcClientProtocolClient.java:onNext(255)) - client-CEF4D3493DC0->4ee04582-2825-4055-a051-0465d62eb5ca: receive RaftClientReply:client-CEF4D3493DC0->4ee04582-2825-4055-a051-0465d62eb5ca@group-78E0FE5F723E, cid=3891, SUCCESS, logIndex=5968, commits[4ee04582-2825-4055-a051-0465d62eb5ca:c5969, 97f5b9f0-d9ef-40b5-ba79-7414923e623f:c5965, 7d686585-d831-45bc-93fc-0a553b604b0e:c5965]
2019-07-08 23:05:16,823 INFO  client.GrpcClientProtocolClient (GrpcClientProtocolClient.java:onNext(255)) - client-CEF4D3493DC0->4ee04582-2825-4055-a051-0465d62eb5ca: receive RaftClientReply:client-CEF4D3493DC0->4ee04582-2825-4055-a051-0465d62eb5ca@group-78E0FE5F723E, cid=3892, SUCCESS, logIndex=5969, commits[4ee04582-2825-4055-a051-0465d62eb5ca:c5969, 97f5b9f0-d9ef-40b5-ba79-7414923e623f:c5965, 7d686585-d831-45bc-93fc-0a553b604b0e:c5965]
2019-07-08 23:05:16,825 INFO  client.GrpcClientProtocolClient (GrpcClientProtocolClient.java:onNext(255)) - client-CEF4D3493DC0->4ee04582-2825-4055-a051-0465d62eb5ca: receive RaftClientReply:client-CEF4D3493DC0->4ee04582-2825-4055-a051-0465d62eb5ca@group-78E0FE5F723E, cid=3893, SUCCESS, logIndex=0, commits[4ee04582-2825-4055-a051-0465d62eb5ca:c5972, 97f5b9f0-d9ef-40b5-ba79-7414923e623f:c5967, 7d686585-d831-45bc-93fc-0a553b604b0e:c5968]
2019-07-08 23:05:16,838 INFO  client.GrpcClientProtocolClient (GrpcClientProtocolClient.java:onNext(255)) - client-CEF4D3493DC0->4ee04582-2825-4055-a051-0465d62eb5ca: receive RaftClientReply:client-CEF4D3493DC0->4ee04582-2825-4055-a051-0465d62eb5ca@group-78E0FE5F723E, cid=3894, SUCCESS, logIndex=5974, commits[4ee04582-2825-4055-a051-0465d62eb5ca:c5975, 97f5b9f0-d9ef-40b5-ba79-7414923e623f:c5973, 7d686585-d831-45bc-93fc-0a553b604b0e:c5973]
2019-07-08 23:05:16,838 INFO  client.GrpcClientProtocolClient (GrpcClientProtocolClient.java:onNext(255)) - client-CEF4D3493DC0->4ee04582-2825-4055-a051-0465d62eb5ca: receive RaftClientReply:client-CEF4D3493DC0->4ee04582-2825-4055-a051-0465d62eb5ca@group-78E0FE5F723E, cid=3895, SUCCESS, logIndex=5975, commits[4ee04582-2825-4055-a051-0465d62eb5ca:c5975, 97f5b9f0-d9ef-40b5-ba79-7414923e623f:c5973, 7d686585-d831-45bc-93fc-0a553b604b0e:c5973]
2019-07-08 23:05:16,853 INFO  client.GrpcClientProtocolClient (GrpcClientProtocolClient.java:onNext(255)) - client-CEF4D3493DC0->4ee04582-2825-4055-a051-0465d62eb5ca: receive RaftClientReply:client-CEF4D3493DC0->4ee04582-2825-4055-a051-0465d62eb5ca@group-78E0FE5F723E, cid=3896, SUCCESS, logIndex=5978, commits[4ee04582-2825-4055-a051-0465d62eb5ca:c5979, 97f5b9f0-d9ef-40b5-ba79-7414923e623f:c5977, 7d686585-d831-45bc-93fc-0a553b604b0e:c5975]
2019-07-08 23:05:16,853 INFO  client.GrpcClientProtocolClient (GrpcClientProtocolClient.java:onNext(255)) - client-CEF4D3493DC0->4ee04582-2825-4055-a051-0465d62eb5ca: receive RaftClientReply:client-CEF4D3493DC0->4ee04582-2825-4055-a051-0465d62eb5ca@group-78E0FE5F723E, cid=3897, SUCCESS, logIndex=5979, commits[4ee04582-2825-4055-a051-0465d62eb5ca:c5979, 97f5b9f0-d9ef-40b5-ba79-7414923e623f:c5977, 7d686585-d831-45bc-93fc-0a553b604b0e:c5977]
2019-07-08 23:05:16,857 INFO  client.GrpcClientProtocolClient (GrpcClientProtocolClient.java:onNext(255)) - client-CEF4D3493DC0->4ee04582-2825-4055-a051-0465d62eb5ca: receive RaftClientReply:client-CEF4D3493DC0->4ee04582-2825-4055-a051-0465d62eb5ca@group-78E0FE5F723E, cid=3898, SUCCESS, logIndex=0, commits[4ee04582-2825-4055-a051-0465d62eb5ca:c5980, 97f5b9f0-d9ef-40b5-ba79-7414923e623f:c5979, 7d686585-d831-45bc-93fc-0a553b604b0e:c5979]
2019-07-08 23:05:16,881 INFO  client.GrpcClientProtocolClient (GrpcClientProtocolClient.java:onNext(255)) - client-CEF4D3493DC0->4ee04582-2825-4055-a051-0465d62eb5ca: receive RaftClientReply:client-CEF4D3493DC0->4ee04582-2825-4055-a051-0465d62eb5ca@group-78E0FE5F723E, cid=3899, SUCCESS, logIndex=5982, commits[4ee04582-2825-4055-a051-0465d62eb5ca:c5983, 97f5b9f0-d9ef-40b5-ba79-7414923e623f:c5979, 7d686585-d831-45bc-93fc-0a553b604b0e:c5981]
2019-07-08 23:05:16,882 INFO  client.GrpcClientProtocolClient (GrpcClientProtocolClient.java:onNext(255)) - client-CEF4D3493DC0->4ee04582-2825-4055-a051-0465d62eb5ca: receive RaftClientReply:client-CEF4D3493DC0->4ee04582-2825-4055-a051-0465d62eb5ca@group-78E0FE5F723E, cid=3900, SUCCESS, logIndex=5983, commits[4ee04582-2825-4055-a051-0465d62eb5ca:c5983, 97f5b9f0-d9ef-40b5-ba79-7414923e623f:c5979, 7d686585-d831-45bc-93fc-0a553b604b0e:c5981]
2019-07-08 23:05:16,885 INFO  client.GrpcClientProtocolClient (GrpcClientProtocolClient.java:onNext(255)) - client-CEF4D3493DC0->4ee04582-2825-4055-a051-0465d62eb5ca: receive RaftClientReply:client-CEF4D3493DC0->4ee04582-2825-4055-a051-0465d62eb5ca@group-78E0FE5F723E, cid=3901, SUCCESS, logIndex=5984, commits[4ee04582-2825-4055-a051-0465d62eb5ca:c5986, 97f5b9f0-d9ef-40b5-ba79-7414923e623f:c5981, 7d686585-d831-45bc-93fc-0a553b604b0e:c5982]
2019-07-08 23:05:16,885 INFO  client.GrpcClientProtocolClient (GrpcClientProtocolClient.java:onNext(255)) - client-CEF4D3493DC0->4ee04582-2825-4055-a051-0465d62eb5ca: receive RaftClientReply:client-CEF4D3493DC0->4ee04582-2825-4055-a051-0465d62eb5ca@group-78E0FE5F723E, cid=3902, SUCCESS, logIndex=5985, commits[4ee04582-2825-4055-a051-0465d62eb5ca:c5987, 97f5b9f0-d9ef-40b5-ba79-7414923e623f:c5983, 7d686585-d831-45bc-93fc-0a553b604b0e:c5983]
2019-07-08 23:05:16,897 INFO  client.GrpcClientProtocolClient (GrpcClientProtocolClient.java:onNext(255)) - client-CEF4D3493DC0->4ee04582-2825-4055-a051-0465d62eb5ca: receive RaftClientReply:client-CEF4D3493DC0->4ee04582-2825-4055-a051-0465d62eb5ca@group-78E0FE5F723E, cid=3903, SUCCESS, logIndex=5990, commits[4ee04582-2825-4055-a051-0465d62eb5ca:c5991, 97f5b9f0-d9ef-40b5-ba79-7414923e623f:c5985, 7d686585-d831-45bc-93fc-0a553b604b0e:c5989]
2019-07-08 23:05:16,899 INFO  client.GrpcClientProtocolClient (GrpcClientProtocolClient.java:onNext(255)) - client-CEF4D3493DC0->4ee04582-2825-4055-a051-0465d62eb5ca: receive RaftClientReply:client-CEF4D3493DC0->4ee04582-2825-4055-a051-0465d62eb5ca@group-78E0FE5F723E, cid=3904, SUCCESS, logIndex=5991, commits[4ee04582-2825-4055-a051-0465d62eb5ca:c5991, 97f5b9f0-d9ef-40b5-ba79-7414923e623f:c5989, 7d686585-d831-45bc-93fc-0a553b604b0e:c5989]
2019-07-08 23:05:16,910 INFO  client.GrpcClientProtocolClient (GrpcClientProtocolClient.java:onNext(255)) - client-CEF4D3493DC0->4ee04582-2825-4055-a051-0465d62eb5ca: receive RaftClientReply:client-CEF4D3493DC0->4ee04582-2825-4055-a051-0465d62eb5ca@group-78E0FE5F723E, cid=3905, SUCCESS, logIndex=5994, commits[4ee04582-2825-4055-a051-0465d62eb5ca:c5995, 97f5b9f0-d9ef-40b5-ba79-7414923e623f:c5991, 7d686585-d831-45bc-93fc-0a553b604b0e:c5993]
2019-07-08 23:05:16,910 INFO  client.GrpcClientProtocolClient (GrpcClientProtocolClient.java:onNext(255)) - client-CEF4D3493DC0->4ee04582-2825-4055-a051-0465d62eb5ca: receive RaftClientReply:client-CEF4D3493DC0->4ee04582-2825-4055-a051-0465d62eb5ca@group-78E0FE5F723E, cid=3906, SUCCESS, logIndex=5995, commits[4ee04582-2825-4055-a051-0465d62eb5ca:c5995, 97f5b9f0-d9ef-40b5-ba79-7414923e623f:c5991, 7d686585-d831-45bc-93fc-0a553b604b0e:c5993]
2019-07-08 23:05:16,915 INFO  client.GrpcClientProtocolClient (GrpcClientProtocolClient.java:onNext(255)) - client-CEF4D3493DC0->4ee04582-2825-4055-a051-0465d62eb5ca: receive RaftClientReply:client-CEF4D3493DC0->4ee04582-2825-4055-a051-0465d62eb5ca@group-78E0FE5F723E, cid=3907, SUCCESS, logIndex=0, commits[4ee04582-2825-4055-a051-0465d62eb5ca:c5996, 97f5b9f0-d9ef-40b5-ba79-7414923e623f:c5995, 7d686585-d831-45bc-93fc-0a553b604b0e:c5995]
2019-07-08 23:05:17,056 INFO  client.GrpcClientProtocolClient (GrpcClientProtocolClient.java:onNext(255)) - client-CEF4D3493DC0->4ee04582-2825-4055-a051-0465d62eb5ca: receive RaftClientReply:client-CEF4D3493DC0->4ee04582-2825-4055-a051-0465d62eb5ca@group-78E0FE5F723E, cid=3908, SUCCESS, logIndex=5998, commits[4ee04582-2825-4055-a051-0465d62eb5ca:c6001, 97f5b9f0-d9ef-40b5-ba79-7414923e623f:c5997, 7d686585-d831-45bc-93fc-0a553b604b0e:c5997]
2019-07-08 23:05:17,058 INFO  client.GrpcClientProtocolClient (GrpcClientProtocolClient.java:onNext(255)) - client-CEF4D3493DC0->4ee04582-2825-4055-a051-0465d62eb5ca: receive RaftClientReply:client-CEF4D3493DC0->4ee04582-2825-4055-a051-0465d62eb5ca@group-78E0FE5F723E, cid=3909, SUCCESS, logIndex=5999, commits[4ee04582-2825-4055-a051-0465d62eb5ca:c6002, 97f5b9f0-d9ef-40b5-ba79-7414923e623f:c5999, 7d686585-d831-45bc-93fc-0a553b604b0e:c5997]
2019-07-08 23:05:17,058 INFO  client.GrpcClientProtocolClient (GrpcClientProtocolClient.java:onNext(255)) - client-CEF4D3493DC0->4ee04582-2825-4055-a051-0465d62eb5ca: receive RaftClientReply:client-CEF4D3493DC0->4ee04582-2825-4055-a051-0465d62eb5ca@group-78E0FE5F723E, cid=3910, SUCCESS, logIndex=6000, commits[4ee04582-2825-4055-a051-0465d62eb5ca:c6002, 97f5b9f0-d9ef-40b5-ba79-7414923e623f:c5999, 7d686585-d831-45bc-93fc-0a553b604b0e:c5997]
2019-07-08 23:05:17,059 INFO  client.GrpcClientProtocolClient (GrpcClientProtocolClient.java:onNext(255)) - client-CEF4D3493DC0->4ee04582-2825-4055-a051-0465d62eb5ca: receive RaftClientReply:client-CEF4D3493DC0->4ee04582-2825-4055-a051-0465d62eb5ca@group-78E0FE5F723E, cid=3911, SUCCESS, logIndex=6001, commits[4ee04582-2825-4055-a051-0465d62eb5ca:c6002, 97f5b9f0-d9ef-40b5-ba79-7414923e623f:c5999, 7d686585-d831-45bc-93fc-0a553b604b0e:c5997]
2019-07-08 23:05:17,060 INFO  client.GrpcClientProtocolClient (GrpcClientProtocolClient.java:onNext(255)) - client-CEF4D3493DC0->4ee04582-2825-4055-a051-0465d62eb5ca: receive RaftClientReply:client-CEF4D3493DC0->4ee04582-2825-4055-a051-0465d62eb5ca@group-78E0FE5F723E, cid=3912, SUCCESS, logIndex=0, commits[4ee04582-2825-4055-a051-0465d62eb5ca:c6005, 97f5b9f0-d9ef-40b5-ba79-7414923e623f:c6001, 7d686585-d831-45bc-93fc-0a553b604b0e:c6001]
2019-07-08 23:05:17,075 INFO  client.GrpcClientProtocolClient (GrpcClientProtocolClient.java:onNext(255)) - client-CEF4D3493DC0->4ee04582-2825-4055-a051-0465d62eb5ca: receive RaftClientReply:client-CEF4D3493DC0->4ee04582-2825-4055-a051-0465d62eb5ca@group-78E0FE5F723E, cid=3913, SUCCESS, logIndex=6006, commits[4ee04582-2825-4055-a051-0465d62eb5ca:c6007, 97f5b9f0-d9ef-40b5-ba79-7414923e623f:c6005, 7d686585-d831-45bc-93fc-0a553b604b0e:c6005]
2019-07-08 23:05:17,076 INFO  client.GrpcClientProtocolClient (GrpcClientProtocolClient.java:onNext(255)) - client-CEF4D3493DC0->4ee04582-2825-4055-a051-0465d62eb5ca: receive RaftClientReply:client-CEF4D3493DC0->4ee04582-2825-4055-a051-0465d62eb5ca@group-78E0FE5F723E, cid=3914, SUCCESS, logIndex=6007, commits[4ee04582-2825-4055-a051-0465d62eb5ca:c6007, 97f5b9f0-d9ef-40b5-ba79-7414923e623f:c6005, 7d686585-d831-45bc-93fc-0a553b604b0e:c6005]
2019-07-08 23:05:17,090 INFO  client.GrpcClientProtocolClient (GrpcClientProtocolClient.java:onNext(255)) - client-CEF4D3493DC0->4ee04582-2825-4055-a051-0465d62eb5ca: receive RaftClientReply:client-CEF4D3493DC0->4ee04582-2825-4055-a051-0465d62eb5ca@group-78E0FE5F723E, cid=3915, SUCCESS, logIndex=6010, commits[4ee04582-2825-4055-a051-0465d62eb5ca:c6011, 97f5b9f0-d9ef-40b5-ba79-7414923e623f:c6009, 7d686585-d831-45bc-93fc-0a553b604b0e:c6009]
2019-07-08 23:05:17,090 INFO  client.GrpcClientProtocolClient (GrpcClientProtocolClient.java:onNext(255)) - client-CEF4D3493DC0->4ee04582-2825-4055-a051-0465d62eb5ca: receive RaftClientReply:client-CEF4D3493DC0->4ee04582-2825-4055-a051-0465d62eb5ca@group-78E0FE5F723E, cid=3916, SUCCESS, logIndex=6011, commits[4ee04582-2825-4055-a051-0465d62eb5ca:c6011, 97f5b9f0-d9ef-40b5-ba79-7414923e623f:c6009, 7d686585-d831-45bc-93fc-0a553b604b0e:c6009]
2019-07-08 23:05:17,092 INFO  client.GrpcClientProtocolClient (GrpcClientProtocolClient.java:onNext(255)) - client-CEF4D3493DC0->4ee04582-2825-4055-a051-0465d62eb5ca: receive RaftClientReply:client-CEF4D3493DC0->4ee04582-2825-4055-a051-0465d62eb5ca@group-78E0FE5F723E, cid=3917, SUCCESS, logIndex=0, commits[4ee04582-2825-4055-a051-0465d62eb5ca:c6012, 97f5b9f0-d9ef-40b5-ba79-7414923e623f:c6011, 7d686585-d831-45bc-93fc-0a553b604b0e:c6011]
2019-07-08 23:05:17,125 INFO  client.GrpcClientProtocolClient (GrpcClientProtocolClient.java:onNext(255)) - client-CEF4D3493DC0->4ee04582-2825-4055-a051-0465d62eb5ca: receive RaftClientReply:client-CEF4D3493DC0->4ee04582-2825-4055-a051-0465d62eb5ca@group-78E0FE5F723E, cid=3918, SUCCESS, logIndex=6014, commits[4ee04582-2825-4055-a051-0465d62eb5ca:c6017, 97f5b9f0-d9ef-40b5-ba79-7414923e623f:c6013, 7d686585-d831-45bc-93fc-0a553b604b0e:c6011]
2019-07-08 23:05:17,125 INFO  client.GrpcClientProtocolClient (GrpcClientProtocolClient.java:onNext(255)) - client-CEF4D3493DC0->4ee04582-2825-4055-a051-0465d62eb5ca: receive RaftClientReply:client-CEF4D3493DC0->4ee04582-2825-4055-a051-0465d62eb5ca@group-78E0FE5F723E, cid=3919, SUCCESS, logIndex=6015, commits[4ee04582-2825-4055-a051-0465d62eb5ca:c6017, 97f5b9f0-d9ef-40b5-ba79-7414923e623f:c6013, 7d686585-d831-45bc-93fc-0a553b604b0e:c6013]
2019-07-08 23:05:17,126 INFO  client.GrpcClientProtocolClient (GrpcClientProtocolClient.java:onNext(255)) - client-CEF4D3493DC0->4ee04582-2825-4055-a051-0465d62eb5ca: receive RaftClientReply:client-CEF4D3493DC0->4ee04582-2825-4055-a051-0465d62eb5ca@group-78E0FE5F723E, cid=3920, SUCCESS, logIndex=6016, commits[4ee04582-2825-4055-a051-0465d62eb5ca:c6017, 97f5b9f0-d9ef-40b5-ba79-7414923e623f:c6013, 7d686585-d831-45bc-93fc-0a553b604b0e:c6013]
2019-07-08 23:05:17,126 INFO  client.GrpcClientProtocolClient (GrpcClientProtocolClient.java:onNext(255)) - client-CEF4D3493DC0->4ee04582-2825-4055-a051-0465d62eb5ca: receive RaftClientReply:client-CEF4D3493DC0->4ee04582-2825-4055-a051-0465d62eb5ca@group-78E0FE5F723E, cid=3921, SUCCESS, logIndex=6017, commits[4ee04582-2825-4055-a051-0465d62eb5ca:c6017, 97f5b9f0-d9ef-40b5-ba79-7414923e623f:c6013, 7d686585-d831-45bc-93fc-0a553b604b0e:c6013]
2019-07-08 23:05:17,127 INFO  client.GrpcClientProtocolClient (GrpcClientProtocolClient.java:onNext(255)) - client-CEF4D3493DC0->4ee04582-2825-4055-a051-0465d62eb5ca: receive RaftClientReply:client-CEF4D3493DC0->4ee04582-2825-4055-a051-0465d62eb5ca@group-78E0FE5F723E, cid=3922, SUCCESS, logIndex=0, commits[4ee04582-2825-4055-a051-0465d62eb5ca:c6018, 97f5b9f0-d9ef-40b5-ba79-7414923e623f:c6016, 7d686585-d831-45bc-93fc-0a553b604b0e:c6016]
2019-07-08 23:05:17,139 INFO  client.GrpcClientProtocolClient (GrpcClientProtocolClient.java:onNext(255)) - client-CEF4D3493DC0->4ee04582-2825-4055-a051-0465d62eb5ca: receive RaftClientReply:client-CEF4D3493DC0->4ee04582-2825-4055-a051-0465d62eb5ca@group-78E0FE5F723E, cid=3923, SUCCESS, logIndex=6021, commits[4ee04582-2825-4055-a051-0465d62eb5ca:c6022, 97f5b9f0-d9ef-40b5-ba79-7414923e623f:c6020, 7d686585-d831-45bc-93fc-0a553b604b0e:c6020]
2019-07-08 23:05:17,140 INFO  client.GrpcClientProtocolClient (GrpcClientProtocolClient.java:onNext(255)) - client-CEF4D3493DC0->4ee04582-2825-4055-a051-0465d62eb5ca: receive RaftClientReply:client-CEF4D3493DC0->4ee04582-2825-4055-a051-0465d62eb5ca@group-78E0FE5F723E, cid=3924, SUCCESS, logIndex=6022, commits[4ee04582-2825-4055-a051-0465d62eb5ca:c6022, 97f5b9f0-d9ef-40b5-ba79-7414923e623f:c6020, 7d686585-d831-45bc-93fc-0a553b604b0e:c6020]
 0.00% |█                                                                                                    |  0/1 Time: 0:00:262019-07-08 23:05:17,152 INFO  client.GrpcClientProtocolClient (GrpcClientProtocolClient.java:onNext(255)) - client-CEF4D3493DC0->4ee04582-2825-4055-a051-0465d62eb5ca: receive RaftClientReply:client-CEF4D3493DC0->4ee04582-2825-4055-a051-0465d62eb5ca@group-78E0FE5F723E, cid=3925, SUCCESS, logIndex=6025, commits[4ee04582-2825-4055-a051-0465d62eb5ca:c6026, 97f5b9f0-d9ef-40b5-ba79-7414923e623f:c6024, 7d686585-d831-45bc-93fc-0a553b604b0e:c6022]
2019-07-08 23:05:17,153 INFO  client.GrpcClientProtocolClient (GrpcClientProtocolClient.java:onNext(255)) - client-CEF4D3493DC0->4ee04582-2825-4055-a051-0465d62eb5ca: receive RaftClientReply:client-CEF4D3493DC0->4ee04582-2825-4055-a051-0465d62eb5ca@group-78E0FE5F723E, cid=3926, SUCCESS, logIndex=6026, commits[4ee04582-2825-4055-a051-0465d62eb5ca:c6026, 97f5b9f0-d9ef-40b5-ba79-7414923e623f:c6024, 7d686585-d831-45bc-93fc-0a553b604b0e:c6024]
2019-07-08 23:05:17,153 INFO  client.GrpcClientProtocolClient (GrpcClientProtocolClient.java:onNext(255)) - client-CEF4D3493DC0->4ee04582-2825-4055-a051-0465d62eb5ca: receive RaftClientReply:client-CEF4D3493DC0->4ee04582-2825-4055-a051-0465d62eb5ca@group-78E0FE5F723E, cid=3927, SUCCESS, logIndex=0, commits[4ee04582-2825-4055-a051-0465d62eb5ca:c6027, 97f5b9f0-d9ef-40b5-ba79-7414923e623f:c6026, 7d686585-d831-45bc-93fc-0a553b604b0e:c6026]
2019-07-08 23:05:17,181 INFO  client.GrpcClientProtocolClient (GrpcClientProtocolClient.java:onNext(255)) - client-CEF4D3493DC0->4ee04582-2825-4055-a051-0465d62eb5ca: receive RaftClientReply:client-CEF4D3493DC0->4ee04582-2825-4055-a051-0465d62eb5ca@group-78E0FE5F723E, cid=3928, SUCCESS, logIndex=6029, commits[4ee04582-2825-4055-a051-0465d62eb5ca:c6030, 97f5b9f0-d9ef-40b5-ba79-7414923e623f:c6028, 7d686585-d831-45bc-93fc-0a553b604b0e:c6026]
2019-07-08 23:05:17,181 INFO  client.GrpcClientProtocolClient (GrpcClientProtocolClient.java:onNext(255)) - client-CEF4D3493DC0->4ee04582-2825-4055-a051-0465d62eb5ca: receive RaftClientReply:client-CEF4D3493DC0->4ee04582-2825-4055-a051-0465d62eb5ca@group-78E0FE5F723E, cid=3929, SUCCESS, logIndex=6030, commits[4ee04582-2825-4055-a051-0465d62eb5ca:c6030, 97f5b9f0-d9ef-40b5-ba79-7414923e623f:c6028, 7d686585-d831-45bc-93fc-0a553b604b0e:c6028]
2019-07-08 23:05:17,184 INFO  client.GrpcClientProtocolClient (GrpcClientProtocolClient.java:onNext(255)) - client-CEF4D3493DC0->4ee04582-2825-4055-a051-0465d62eb5ca: receive RaftClientReply:client-CEF4D3493DC0->4ee04582-2825-4055-a051-0465d62eb5ca@group-78E0FE5F723E, cid=3930, SUCCESS, logIndex=6031, commits[4ee04582-2825-4055-a051-0465d62eb5ca:c6034, 97f5b9f0-d9ef-40b5-ba79-7414923e623f:c6028, 7d686585-d831-45bc-93fc-0a553b604b0e:c6030]
2019-07-08 23:05:17,184 INFO  client.GrpcClientProtocolClient (GrpcClientProtocolClient.java:onNext(255)) - client-CEF4D3493DC0->4ee04582-2825-4055-a051-0465d62eb5ca: receive RaftClientReply:client-CEF4D3493DC0->4ee04582-2825-4055-a051-0465d62eb5ca@group-78E0FE5F723E, cid=3931, SUCCESS, logIndex=6032, commits[4ee04582-2825-4055-a051-0465d62eb5ca:c6034, 97f5b9f0-d9ef-40b5-ba79-7414923e623f:c6028, 7d686585-d831-45bc-93fc-0a553b604b0e:c6030]
2019-07-08 23:05:17,185 INFO  client.GrpcClientProtocolClient (GrpcClientProtocolClient.java:onNext(255)) - client-CEF4D3493DC0->4ee04582-2825-4055-a051-0465d62eb5ca: receive RaftClientReply:client-CEF4D3493DC0->4ee04582-2825-4055-a051-0465d62eb5ca@group-78E0FE5F723E, cid=3932, SUCCESS, logIndex=0, commits[4ee04582-2825-4055-a051-0465d62eb5ca:c6034, 97f5b9f0-d9ef-40b5-ba79-7414923e623f:c6030, 7d686585-d831-45bc-93fc-0a553b604b0e:c6030]
2019-07-08 23:05:17,203 INFO  client.GrpcClientProtocolClient (GrpcClientProtocolClient.java:onNext(255)) - client-CEF4D3493DC0->4ee04582-2825-4055-a051-0465d62eb5ca: receive RaftClientReply:client-CEF4D3493DC0->4ee04582-2825-4055-a051-0465d62eb5ca@group-78E0FE5F723E, cid=3933, SUCCESS, logIndex=6037, commits[4ee04582-2825-4055-a051-0465d62eb5ca:c6038, 97f5b9f0-d9ef-40b5-ba79-7414923e623f:c6036, 7d686585-d831-45bc-93fc-0a553b604b0e:c6036]
2019-07-08 23:05:17,204 INFO  client.GrpcClientProtocolClient (GrpcClientProtocolClient.java:onNext(255)) - client-CEF4D3493DC0->4ee04582-2825-4055-a051-0465d62eb5ca: receive RaftClientReply:client-CEF4D3493DC0->4ee04582-2825-4055-a051-0465d62eb5ca@group-78E0FE5F723E, cid=3934, SUCCESS, logIndex=6038, commits[4ee04582-2825-4055-a051-0465d62eb5ca:c6038, 97f5b9f0-d9ef-40b5-ba79-7414923e623f:c6036, 7d686585-d831-45bc-93fc-0a553b604b0e:c6036]
2019-07-08 23:05:17,221 INFO  client.GrpcClientProtocolClient (GrpcClientProtocolClient.java:onNext(255)) - client-CEF4D3493DC0->4ee04582-2825-4055-a051-0465d62eb5ca: receive RaftClientReply:client-CEF4D3493DC0->4ee04582-2825-4055-a051-0465d62eb5ca@group-78E0FE5F723E, cid=3935, SUCCESS, logIndex=6041, commits[4ee04582-2825-4055-a051-0465d62eb5ca:c6042, 97f5b9f0-d9ef-40b5-ba79-7414923e623f:c6040, 7d686585-d831-45bc-93fc-0a553b604b0e:c6040]
2019-07-08 23:05:17,222 INFO  client.GrpcClientProtocolClient (GrpcClientProtocolClient.java:onNext(255)) - client-CEF4D3493DC0->4ee04582-2825-4055-a051-0465d62eb5ca: receive RaftClientReply:client-CEF4D3493DC0->4ee04582-2825-4055-a051-0465d62eb5ca@group-78E0FE5F723E, cid=3936, SUCCESS, logIndex=6042, commits[4ee04582-2825-4055-a051-0465d62eb5ca:c6042, 97f5b9f0-d9ef-40b5-ba79-7414923e623f:c6040, 7d686585-d831-45bc-93fc-0a553b604b0e:c6040]
2019-07-08 23:05:17,227 INFO  client.GrpcClientProtocolClient (GrpcClientProtocolClient.java:onNext(255)) - client-CEF4D3493DC0->4ee04582-2825-4055-a051-0465d62eb5ca: receive RaftClientReply:client-CEF4D3493DC0->4ee04582-2825-4055-a051-0465d62eb5ca@group-78E0FE5F723E, cid=3937, SUCCESS, logIndex=0, commits[4ee04582-2825-4055-a051-0465d62eb5ca:c6044, 97f5b9f0-d9ef-40b5-ba79-7414923e623f:c6042, 7d686585-d831-45bc-93fc-0a553b604b0e:c6042]
2019-07-08 23:05:17,259 INFO  client.GrpcClientProtocolClient (GrpcClientProtocolClient.java:onNext(255)) - client-CEF4D3493DC0->4ee04582-2825-4055-a051-0465d62eb5ca: receive RaftClientReply:client-CEF4D3493DC0->4ee04582-2825-4055-a051-0465d62eb5ca@group-78E0FE5F723E, cid=3938, SUCCESS, logIndex=6045, commits[4ee04582-2825-4055-a051-0465d62eb5ca:c6048, 97f5b9f0-d9ef-40b5-ba79-7414923e623f:c6044, 7d686585-d831-45bc-93fc-0a553b604b0e:c6044]
2019-07-08 23:05:17,259 INFO  client.GrpcClientProtocolClient (GrpcClientProtocolClient.java:onNext(255)) - client-CEF4D3493DC0->4ee04582-2825-4055-a051-0465d62eb5ca: receive RaftClientReply:client-CEF4D3493DC0->4ee04582-2825-4055-a051-0465d62eb5ca@group-78E0FE5F723E, cid=3939, SUCCESS, logIndex=6046, commits[4ee04582-2825-4055-a051-0465d62eb5ca:c6048, 97f5b9f0-d9ef-40b5-ba79-7414923e623f:c6044, 7d686585-d831-45bc-93fc-0a553b604b0e:c6044]
2019-07-08 23:05:17,260 INFO  client.GrpcClientProtocolClient (GrpcClientProtocolClient.java:onNext(255)) - client-CEF4D3493DC0->4ee04582-2825-4055-a051-0465d62eb5ca: receive RaftClientReply:client-CEF4D3493DC0->4ee04582-2825-4055-a051-0465d62eb5ca@group-78E0FE5F723E, cid=3940, SUCCESS, logIndex=6047, commits[4ee04582-2825-4055-a051-0465d62eb5ca:c6048, 97f5b9f0-d9ef-40b5-ba79-7414923e623f:c6044, 7d686585-d831-45bc-93fc-0a553b604b0e:c6044]
2019-07-08 23:05:17,260 INFO  client.GrpcClientProtocolClient (GrpcClientProtocolClient.java:onNext(255)) - client-CEF4D3493DC0->4ee04582-2825-4055-a051-0465d62eb5ca: receive RaftClientReply:client-CEF4D3493DC0->4ee04582-2825-4055-a051-0465d62eb5ca@group-78E0FE5F723E, cid=3941, SUCCESS, logIndex=6048, commits[4ee04582-2825-4055-a051-0465d62eb5ca:c6048, 97f5b9f0-d9ef-40b5-ba79-7414923e623f:c6044, 7d686585-d831-45bc-93fc-0a553b604b0e:c6044]
2019-07-08 23:05:17,262 INFO  client.GrpcClientProtocolClient (GrpcClientProtocolClient.java:onNext(255)) - client-CEF4D3493DC0->4ee04582-2825-4055-a051-0465d62eb5ca: receive RaftClientReply:client-CEF4D3493DC0->4ee04582-2825-4055-a051-0465d62eb5ca@group-78E0FE5F723E, cid=3942, SUCCESS, logIndex=0, commits[4ee04582-2825-4055-a051-0465d62eb5ca:c6049, 97f5b9f0-d9ef-40b5-ba79-7414923e623f:c6046, 7d686585-d831-45bc-93fc-0a553b604b0e:c6046]
2019-07-08 23:05:17,273 INFO  client.GrpcClientProtocolClient (GrpcClientProtocolClient.java:onNext(255)) - client-CEF4D3493DC0->4ee04582-2825-4055-a051-0465d62eb5ca: receive RaftClientReply:client-CEF4D3493DC0->4ee04582-2825-4055-a051-0465d62eb5ca@group-78E0FE5F723E, cid=3943, SUCCESS, logIndex=6053, commits[4ee04582-2825-4055-a051-0465d62eb5ca:c6054, 97f5b9f0-d9ef-40b5-ba79-7414923e623f:c6048, 7d686585-d831-45bc-93fc-0a553b604b0e:c6052]
2019-07-08 23:05:17,274 INFO  client.GrpcClientProtocolClient (GrpcClientProtocolClient.java:onNext(255)) - client-CEF4D3493DC0->4ee04582-2825-4055-a051-0465d62eb5ca: receive RaftClientReply:client-CEF4D3493DC0->4ee04582-2825-4055-a051-0465d62eb5ca@group-78E0FE5F723E, cid=3944, SUCCESS, logIndex=6054, commits[4ee04582-2825-4055-a051-0465d62eb5ca:c6054, 97f5b9f0-d9ef-40b5-ba79-7414923e623f:c6048, 7d686585-d831-45bc-93fc-0a553b604b0e:c6052]
2019-07-08 23:05:17,290 INFO  client.GrpcClientProtocolClient (GrpcClientProtocolClient.java:onNext(255)) - client-CEF4D3493DC0->4ee04582-2825-4055-a051-0465d62eb5ca: receive RaftClientReply:client-CEF4D3493DC0->4ee04582-2825-4055-a051-0465d62eb5ca@group-78E0FE5F723E, cid=3945, SUCCESS, logIndex=6057, commits[4ee04582-2825-4055-a051-0465d62eb5ca:c6058, 97f5b9f0-d9ef-40b5-ba79-7414923e623f:c6056, 7d686585-d831-45bc-93fc-0a553b604b0e:c6056]
2019-07-08 23:05:17,291 INFO  client.GrpcClientProtocolClient (GrpcClientProtocolClient.java:onNext(255)) - client-CEF4D3493DC0->4ee04582-2825-4055-a051-0465d62eb5ca: receive RaftClientReply:client-CEF4D3493DC0->4ee04582-2825-4055-a051-0465d62eb5ca@group-78E0FE5F723E, cid=3946, SUCCESS, logIndex=6058, commits[4ee04582-2825-4055-a051-0465d62eb5ca:c6058, 97f5b9f0-d9ef-40b5-ba79-7414923e623f:c6056, 7d686585-d831-45bc-93fc-0a553b604b0e:c6056]
2019-07-08 23:05:17,293 INFO  client.GrpcClientProtocolClient (GrpcClientProtocolClient.java:onNext(255)) - client-CEF4D3493DC0->4ee04582-2825-4055-a051-0465d62eb5ca: receive RaftClientReply:client-CEF4D3493DC0->4ee04582-2825-4055-a051-0465d62eb5ca@group-78E0FE5F723E, cid=3947, SUCCESS, logIndex=0, commits[4ee04582-2825-4055-a051-0465d62eb5ca:c6059, 97f5b9f0-d9ef-40b5-ba79-7414923e623f:c6058, 7d686585-d831-45bc-93fc-0a553b604b0e:c6058]
2019-07-08 23:05:17,322 INFO  client.GrpcClientProtocolClient (GrpcClientProtocolClient.java:onNext(255)) - client-CEF4D3493DC0->4ee04582-2825-4055-a051-0465d62eb5ca: receive RaftClientReply:client-CEF4D3493DC0->4ee04582-2825-4055-a051-0465d62eb5ca@group-78E0FE5F723E, cid=3948, SUCCESS, logIndex=6061, commits[4ee04582-2825-4055-a051-0465d62eb5ca:c6062, 97f5b9f0-d9ef-40b5-ba79-7414923e623f:c6060, 7d686585-d831-45bc-93fc-0a553b604b0e:c6060]
2019-07-08 23:05:17,322 INFO  client.GrpcClientProtocolClient (GrpcClientProtocolClient.java:onNext(255)) - client-CEF4D3493DC0->4ee04582-2825-4055-a051-0465d62eb5ca: receive RaftClientReply:client-CEF4D3493DC0->4ee04582-2825-4055-a051-0465d62eb5ca@group-78E0FE5F723E, cid=3949, SUCCESS, logIndex=6062, commits[4ee04582-2825-4055-a051-0465d62eb5ca:c6062, 97f5b9f0-d9ef-40b5-ba79-7414923e623f:c6060, 7d686585-d831-45bc-93fc-0a553b604b0e:c6060]
2019-07-08 23:05:17,324 INFO  client.GrpcClientProtocolClient (GrpcClientProtocolClient.java:onNext(255)) - client-CEF4D3493DC0->4ee04582-2825-4055-a051-0465d62eb5ca: receive RaftClientReply:client-CEF4D3493DC0->4ee04582-2825-4055-a051-0465d62eb5ca@group-78E0FE5F723E, cid=3950, SUCCESS, logIndex=6063, commits[4ee04582-2825-4055-a051-0465d62eb5ca:c6065, 97f5b9f0-d9ef-40b5-ba79-7414923e623f:c6060, 7d686585-d831-45bc-93fc-0a553b604b0e:c6062]
2019-07-08 23:05:17,325 INFO  client.GrpcClientProtocolClient (GrpcClientProtocolClient.java:onNext(255)) - client-CEF4D3493DC0->4ee04582-2825-4055-a051-0465d62eb5ca: receive RaftClientReply:client-CEF4D3493DC0->4ee04582-2825-4055-a051-0465d62eb5ca@group-78E0FE5F723E, cid=3951, SUCCESS, logIndex=6064, commits[4ee04582-2825-4055-a051-0465d62eb5ca:c6066, 97f5b9f0-d9ef-40b5-ba79-7414923e623f:c6060, 7d686585-d831-45bc-93fc-0a553b604b0e:c6062]
2019-07-08 23:05:17,326 INFO  client.GrpcClientProtocolClient (GrpcClientProtocolClient.java:onNext(255)) - client-CEF4D3493DC0->4ee04582-2825-4055-a051-0465d62eb5ca: receive RaftClientReply:client-CEF4D3493DC0->4ee04582-2825-4055-a051-0465d62eb5ca@group-78E0FE5F723E, cid=3952, SUCCESS, logIndex=0, commits[4ee04582-2825-4055-a051-0465d62eb5ca:c6066, 97f5b9f0-d9ef-40b5-ba79-7414923e623f:c6062, 7d686585-d831-45bc-93fc-0a553b604b0e:c6062]
2019-07-08 23:05:17,338 INFO  client.GrpcClientProtocolClient (GrpcClientProtocolClient.java:onNext(255)) - client-CEF4D3493DC0->4ee04582-2825-4055-a051-0465d62eb5ca: receive RaftClientReply:client-CEF4D3493DC0->4ee04582-2825-4055-a051-0465d62eb5ca@group-78E0FE5F723E, cid=3953, SUCCESS, logIndex=6069, commits[4ee04582-2825-4055-a051-0465d62eb5ca:c6070, 97f5b9f0-d9ef-40b5-ba79-7414923e623f:c6068, 7d686585-d831-45bc-93fc-0a553b604b0e:c6068]
2019-07-08 23:05:17,339 INFO  client.GrpcClientProtocolClient (GrpcClientProtocolClient.java:onNext(255)) - client-CEF4D3493DC0->4ee04582-2825-4055-a051-0465d62eb5ca: receive RaftClientReply:client-CEF4D3493DC0->4ee04582-2825-4055-a051-0465d62eb5ca@group-78E0FE5F723E, cid=3954, SUCCESS, logIndex=6070, commits[4ee04582-2825-4055-a051-0465d62eb5ca:c6070, 97f5b9f0-d9ef-40b5-ba79-7414923e623f:c6068, 7d686585-d831-45bc-93fc-0a553b604b0e:c6068]
2019-07-08 23:05:17,351 INFO  client.GrpcClientProtocolClient (GrpcClientProtocolClient.java:onNext(255)) - client-CEF4D3493DC0->4ee04582-2825-4055-a051-0465d62eb5ca: receive RaftClientReply:client-CEF4D3493DC0->4ee04582-2825-4055-a051-0465d62eb5ca@group-78E0FE5F723E, cid=3955, SUCCESS, logIndex=6073, commits[4ee04582-2825-4055-a051-0465d62eb5ca:c6074, 97f5b9f0-d9ef-40b5-ba79-7414923e623f:c6072, 7d686585-d831-45bc-93fc-0a553b604b0e:c6070]
2019-07-08 23:05:17,352 INFO  client.GrpcClientProtocolClient (GrpcClientProtocolClient.java:onNext(255)) - client-CEF4D3493DC0->4ee04582-2825-4055-a051-0465d62eb5ca: receive RaftClientReply:client-CEF4D3493DC0->4ee04582-2825-4055-a051-0465d62eb5ca@group-78E0FE5F723E, cid=3956, SUCCESS, logIndex=6074, commits[4ee04582-2825-4055-a051-0465d62eb5ca:c6074, 97f5b9f0-d9ef-40b5-ba79-7414923e623f:c6072, 7d686585-d831-45bc-93fc-0a553b604b0e:c6072]
2019-07-08 23:05:17,356 INFO  client.GrpcClientProtocolClient (GrpcClientProtocolClient.java:onNext(255)) - client-CEF4D3493DC0->4ee04582-2825-4055-a051-0465d62eb5ca: receive RaftClientReply:client-CEF4D3493DC0->4ee04582-2825-4055-a051-0465d62eb5ca@group-78E0FE5F723E, cid=3957, SUCCESS, logIndex=0, commits[4ee04582-2825-4055-a051-0465d62eb5ca:c6076, 97f5b9f0-d9ef-40b5-ba79-7414923e623f:c6074, 7d686585-d831-45bc-93fc-0a553b604b0e:c6074]
2019-07-08 23:05:17,380 INFO  client.GrpcClientProtocolClient (GrpcClientProtocolClient.java:onNext(255)) - client-CEF4D3493DC0->4ee04582-2825-4055-a051-0465d62eb5ca: receive RaftClientReply:client-CEF4D3493DC0->4ee04582-2825-4055-a051-0465d62eb5ca@group-78E0FE5F723E, cid=3958, SUCCESS, logIndex=6077, commits[4ee04582-2825-4055-a051-0465d62eb5ca:c6078, 97f5b9f0-d9ef-40b5-ba79-7414923e623f:c6076, 7d686585-d831-45bc-93fc-0a553b604b0e:c6074]
2019-07-08 23:05:17,381 INFO  client.GrpcClientProtocolClient (GrpcClientProtocolClient.java:onNext(255)) - client-CEF4D3493DC0->4ee04582-2825-4055-a051-0465d62eb5ca: receive RaftClientReply:client-CEF4D3493DC0->4ee04582-2825-4055-a051-0465d62eb5ca@group-78E0FE5F723E, cid=3959, SUCCESS, logIndex=6078, commits[4ee04582-2825-4055-a051-0465d62eb5ca:c6078, 97f5b9f0-d9ef-40b5-ba79-7414923e623f:c6076, 7d686585-d831-45bc-93fc-0a553b604b0e:c6074]
2019-07-08 23:05:17,383 INFO  client.GrpcClientProtocolClient (GrpcClientProtocolClient.java:onNext(255)) - client-CEF4D3493DC0->4ee04582-2825-4055-a051-0465d62eb5ca: receive RaftClientReply:client-CEF4D3493DC0->4ee04582-2825-4055-a051-0465d62eb5ca@group-78E0FE5F723E, cid=3960, SUCCESS, logIndex=6079, commits[4ee04582-2825-4055-a051-0465d62eb5ca:c6082, 97f5b9f0-d9ef-40b5-ba79-7414923e623f:c6076, 7d686585-d831-45bc-93fc-0a553b604b0e:c6078]
2019-07-08 23:05:17,384 INFO  client.GrpcClientProtocolClient (GrpcClientProtocolClient.java:onNext(255)) - client-CEF4D3493DC0->4ee04582-2825-4055-a051-0465d62eb5ca: receive RaftClientReply:client-CEF4D3493DC0->4ee04582-2825-4055-a051-0465d62eb5ca@group-78E0FE5F723E, cid=3961, SUCCESS, logIndex=6080, commits[4ee04582-2825-4055-a051-0465d62eb5ca:c6082, 97f5b9f0-d9ef-40b5-ba79-7414923e623f:c6076, 7d686585-d831-45bc-93fc-0a553b604b0e:c6078]
2019-07-08 23:05:17,384 INFO  client.GrpcClientProtocolClient (GrpcClientProtocolClient.java:onNext(255)) - client-CEF4D3493DC0->4ee04582-2825-4055-a051-0465d62eb5ca: receive RaftClientReply:client-CEF4D3493DC0->4ee04582-2825-4055-a051-0465d62eb5ca@group-78E0FE5F723E, cid=3962, SUCCESS, logIndex=0, commits[4ee04582-2825-4055-a051-0465d62eb5ca:c6082, 97f5b9f0-d9ef-40b5-ba79-7414923e623f:c6078, 7d686585-d831-45bc-93fc-0a553b604b0e:c6078]
2019-07-08 23:05:17,396 INFO  client.GrpcClientProtocolClient (GrpcClientProtocolClient.java:onNext(255)) - client-CEF4D3493DC0->4ee04582-2825-4055-a051-0465d62eb5ca: receive RaftClientReply:client-CEF4D3493DC0->4ee04582-2825-4055-a051-0465d62eb5ca@group-78E0FE5F723E, cid=3963, SUCCESS, logIndex=6085, commits[4ee04582-2825-4055-a051-0465d62eb5ca:c6086, 97f5b9f0-d9ef-40b5-ba79-7414923e623f:c6084, 7d686585-d831-45bc-93fc-0a553b604b0e:c6084]
2019-07-08 23:05:17,396 INFO  client.GrpcClientProtocolClient (GrpcClientProtocolClient.java:onNext(255)) - client-CEF4D3493DC0->4ee04582-2825-4055-a051-0465d62eb5ca: receive RaftClientReply:client-CEF4D3493DC0->4ee04582-2825-4055-a051-0465d62eb5ca@group-78E0FE5F723E, cid=3964, SUCCESS, logIndex=6086, commits[4ee04582-2825-4055-a051-0465d62eb5ca:c6086, 97f5b9f0-d9ef-40b5-ba79-7414923e623f:c6084, 7d686585-d831-45bc-93fc-0a553b604b0e:c6084]
2019-07-08 23:05:17,407 INFO  client.GrpcClientProtocolClient (GrpcClientProtocolClient.java:onNext(255)) - client-CEF4D3493DC0->4ee04582-2825-4055-a051-0465d62eb5ca: receive RaftClientReply:client-CEF4D3493DC0->4ee04582-2825-4055-a051-0465d62eb5ca@group-78E0FE5F723E, cid=3965, SUCCESS, logIndex=6089, commits[4ee04582-2825-4055-a051-0465d62eb5ca:c6090, 97f5b9f0-d9ef-40b5-ba79-7414923e623f:c6088, 7d686585-d831-45bc-93fc-0a553b604b0e:c6086]
2019-07-08 23:05:17,407 INFO  client.GrpcClientProtocolClient (GrpcClientProtocolClient.java:onNext(255)) - client-CEF4D3493DC0->4ee04582-2825-4055-a051-0465d62eb5ca: receive RaftClientReply:client-CEF4D3493DC0->4ee04582-2825-4055-a051-0465d62eb5ca@group-78E0FE5F723E, cid=3966, SUCCESS, logIndex=6090, commits[4ee04582-2825-4055-a051-0465d62eb5ca:c6090, 97f5b9f0-d9ef-40b5-ba79-7414923e623f:c6088, 7d686585-d831-45bc-93fc-0a553b604b0e:c6088]
2019-07-08 23:05:17,411 INFO  client.GrpcClientProtocolClient (GrpcClientProtocolClient.java:onNext(255)) - client-CEF4D3493DC0->4ee04582-2825-4055-a051-0465d62eb5ca: receive RaftClientReply:client-CEF4D3493DC0->4ee04582-2825-4055-a051-0465d62eb5ca@group-78E0FE5F723E, cid=3967, SUCCESS, logIndex=0, commits[4ee04582-2825-4055-a051-0465d62eb5ca:c6091, 97f5b9f0-d9ef-40b5-ba79-7414923e623f:c6090, 7d686585-d831-45bc-93fc-0a553b604b0e:c6090]
2019-07-08 23:05:17,433 INFO  client.GrpcClientProtocolClient (GrpcClientProtocolClient.java:onNext(255)) - client-CEF4D3493DC0->4ee04582-2825-4055-a051-0465d62eb5ca: receive RaftClientReply:client-CEF4D3493DC0->4ee04582-2825-4055-a051-0465d62eb5ca@group-78E0FE5F723E, cid=3968, SUCCESS, logIndex=6093, commits[4ee04582-2825-4055-a051-0465d62eb5ca:c6094, 97f5b9f0-d9ef-40b5-ba79-7414923e623f:c6092, 7d686585-d831-45bc-93fc-0a553b604b0e:c6090]
2019-07-08 23:05:17,434 INFO  client.GrpcClientProtocolClient (GrpcClientProtocolClient.java:onNext(255)) - client-CEF4D3493DC0->4ee04582-2825-4055-a051-0465d62eb5ca: receive RaftClientReply:client-CEF4D3493DC0->4ee04582-2825-4055-a051-0465d62eb5ca@group-78E0FE5F723E, cid=3969, SUCCESS, logIndex=6094, commits[4ee04582-2825-4055-a051-0465d62eb5ca:c6094, 97f5b9f0-d9ef-40b5-ba79-7414923e623f:c6092, 7d686585-d831-45bc-93fc-0a553b604b0e:c6090]
2019-07-08 23:05:17,436 INFO  client.GrpcClientProtocolClient (GrpcClientProtocolClient.java:onNext(255)) - client-CEF4D3493DC0->4ee04582-2825-4055-a051-0465d62eb5ca: receive RaftClientReply:client-CEF4D3493DC0->4ee04582-2825-4055-a051-0465d62eb5ca@group-78E0FE5F723E, cid=3970, SUCCESS, logIndex=6095, commits[4ee04582-2825-4055-a051-0465d62eb5ca:c6097, 97f5b9f0-d9ef-40b5-ba79-7414923e623f:c6092, 7d686585-d831-45bc-93fc-0a553b604b0e:c6094]
2019-07-08 23:05:17,436 INFO  client.GrpcClientProtocolClient (GrpcClientProtocolClient.java:onNext(255)) - client-CEF4D3493DC0->4ee04582-2825-4055-a051-0465d62eb5ca: receive RaftClientReply:client-CEF4D3493DC0->4ee04582-2825-4055-a051-0465d62eb5ca@group-78E0FE5F723E, cid=3971, SUCCESS, logIndex=6096, commits[4ee04582-2825-4055-a051-0465d62eb5ca:c6098, 97f5b9f0-d9ef-40b5-ba79-7414923e623f:c6092, 7d686585-d831-45bc-93fc-0a553b604b0e:c6094]
2019-07-08 23:05:17,437 INFO  client.GrpcClientProtocolClient (GrpcClientProtocolClient.java:onNext(255)) - client-CEF4D3493DC0->4ee04582-2825-4055-a051-0465d62eb5ca: receive RaftClientReply:client-CEF4D3493DC0->4ee04582-2825-4055-a051-0465d62eb5ca@group-78E0FE5F723E, cid=3972, SUCCESS, logIndex=0, commits[4ee04582-2825-4055-a051-0465d62eb5ca:c6098, 97f5b9f0-d9ef-40b5-ba79-7414923e623f:c6094, 7d686585-d831-45bc-93fc-0a553b604b0e:c6094]
2019-07-08 23:05:17,447 INFO  client.GrpcClientProtocolClient (GrpcClientProtocolClient.java:onNext(255)) - client-CEF4D3493DC0->4ee04582-2825-4055-a051-0465d62eb5ca: receive RaftClientReply:client-CEF4D3493DC0->4ee04582-2825-4055-a051-0465d62eb5ca@group-78E0FE5F723E, cid=3973, SUCCESS, logIndex=6101, commits[4ee04582-2825-4055-a051-0465d62eb5ca:c6102, 97f5b9f0-d9ef-40b5-ba79-7414923e623f:c6100, 7d686585-d831-45bc-93fc-0a553b604b0e:c6098]
2019-07-08 23:05:17,448 INFO  client.GrpcClientProtocolClient (GrpcClientProtocolClient.java:onNext(255)) - client-CEF4D3493DC0->4ee04582-2825-4055-a051-0465d62eb5ca: receive RaftClientReply:client-CEF4D3493DC0->4ee04582-2825-4055-a051-0465d62eb5ca@group-78E0FE5F723E, cid=3974, SUCCESS, logIndex=6102, commits[4ee04582-2825-4055-a051-0465d62eb5ca:c6102, 97f5b9f0-d9ef-40b5-ba79-7414923e623f:c6100, 7d686585-d831-45bc-93fc-0a553b604b0e:c6100]
2019-07-08 23:05:17,459 INFO  client.GrpcClientProtocolClient (GrpcClientProtocolClient.java:onNext(255)) - client-CEF4D3493DC0->4ee04582-2825-4055-a051-0465d62eb5ca: receive RaftClientReply:client-CEF4D3493DC0->4ee04582-2825-4055-a051-0465d62eb5ca@group-78E0FE5F723E, cid=3975, SUCCESS, logIndex=6105, commits[4ee04582-2825-4055-a051-0465d62eb5ca:c6106, 97f5b9f0-d9ef-40b5-ba79-7414923e623f:c6104, 7d686585-d831-45bc-93fc-0a553b604b0e:c6102]
2019-07-08 23:05:17,460 INFO  client.GrpcClientProtocolClient (GrpcClientProtocolClient.java:onNext(255)) - client-CEF4D3493DC0->4ee04582-2825-4055-a051-0465d62eb5ca: receive RaftClientReply:client-CEF4D3493DC0->4ee04582-2825-4055-a051-0465d62eb5ca@group-78E0FE5F723E, cid=3976, SUCCESS, logIndex=6106, commits[4ee04582-2825-4055-a051-0465d62eb5ca:c6106, 97f5b9f0-d9ef-40b5-ba79-7414923e623f:c6104, 7d686585-d831-45bc-93fc-0a553b604b0e:c6104]
2019-07-08 23:05:17,466 INFO  client.GrpcClientProtocolClient (GrpcClientProtocolClient.java:onNext(255)) - client-CEF4D3493DC0->4ee04582-2825-4055-a051-0465d62eb5ca: receive RaftClientReply:client-CEF4D3493DC0->4ee04582-2825-4055-a051-0465d62eb5ca@group-78E0FE5F723E, cid=3977, SUCCESS, logIndex=0, commits[4ee04582-2825-4055-a051-0465d62eb5ca:c6108, 97f5b9f0-d9ef-40b5-ba79-7414923e623f:c6106, 7d686585-d831-45bc-93fc-0a553b604b0e:c6106]
2019-07-08 23:05:17,487 INFO  client.GrpcClientProtocolClient (GrpcClientProtocolClient.java:onNext(255)) - client-CEF4D3493DC0->4ee04582-2825-4055-a051-0465d62eb5ca: receive RaftClientReply:client-CEF4D3493DC0->4ee04582-2825-4055-a051-0465d62eb5ca@group-78E0FE5F723E, cid=3978, SUCCESS, logIndex=6109, commits[4ee04582-2825-4055-a051-0465d62eb5ca:c6110, 97f5b9f0-d9ef-40b5-ba79-7414923e623f:c6108, 7d686585-d831-45bc-93fc-0a553b604b0e:c6108]
2019-07-08 23:05:17,488 INFO  client.GrpcClientProtocolClient (GrpcClientProtocolClient.java:onNext(255)) - client-CEF4D3493DC0->4ee04582-2825-4055-a051-0465d62eb5ca: receive RaftClientReply:client-CEF4D3493DC0->4ee04582-2825-4055-a051-0465d62eb5ca@group-78E0FE5F723E, cid=3979, SUCCESS, logIndex=6110, commits[4ee04582-2825-4055-a051-0465d62eb5ca:c6110, 97f5b9f0-d9ef-40b5-ba79-7414923e623f:c6108, 7d686585-d831-45bc-93fc-0a553b604b0e:c6108]
2019-07-08 23:05:17,491 INFO  client.GrpcClientProtocolClient (GrpcClientProtocolClient.java:onNext(255)) - client-CEF4D3493DC0->4ee04582-2825-4055-a051-0465d62eb5ca: receive RaftClientReply:client-CEF4D3493DC0->4ee04582-2825-4055-a051-0465d62eb5ca@group-78E0FE5F723E, cid=3980, SUCCESS, logIndex=6111, commits[4ee04582-2825-4055-a051-0465d62eb5ca:c6112, 97f5b9f0-d9ef-40b5-ba79-7414923e623f:c6108, 7d686585-d831-45bc-93fc-0a553b604b0e:c6110]
2019-07-08 23:05:17,491 INFO  client.GrpcClientProtocolClient (GrpcClientProtocolClient.java:onNext(255)) - client-CEF4D3493DC0->4ee04582-2825-4055-a051-0465d62eb5ca: receive RaftClientReply:client-CEF4D3493DC0->4ee04582-2825-4055-a051-0465d62eb5ca@group-78E0FE5F723E, cid=3981, SUCCESS, logIndex=6112, commits[4ee04582-2825-4055-a051-0465d62eb5ca:c6114, 97f5b9f0-d9ef-40b5-ba79-7414923e623f:c6108, 7d686585-d831-45bc-93fc-0a553b604b0e:c6110]
2019-07-08 23:05:17,492 INFO  client.GrpcClientProtocolClient (GrpcClientProtocolClient.java:onNext(255)) - client-CEF4D3493DC0->4ee04582-2825-4055-a051-0465d62eb5ca: receive RaftClientReply:client-CEF4D3493DC0->4ee04582-2825-4055-a051-0465d62eb5ca@group-78E0FE5F723E, cid=3982, SUCCESS, logIndex=0, commits[4ee04582-2825-4055-a051-0465d62eb5ca:c6115, 97f5b9f0-d9ef-40b5-ba79-7414923e623f:c6110, 7d686585-d831-45bc-93fc-0a553b604b0e:c6111]
2019-07-08 23:05:17,504 INFO  client.GrpcClientProtocolClient (GrpcClientProtocolClient.java:onNext(255)) - client-CEF4D3493DC0->4ee04582-2825-4055-a051-0465d62eb5ca: receive RaftClientReply:client-CEF4D3493DC0->4ee04582-2825-4055-a051-0465d62eb5ca@group-78E0FE5F723E, cid=3983, SUCCESS, logIndex=6117, commits[4ee04582-2825-4055-a051-0465d62eb5ca:c6118, 97f5b9f0-d9ef-40b5-ba79-7414923e623f:c6116, 7d686585-d831-45bc-93fc-0a553b604b0e:c6112]
2019-07-08 23:05:17,505 INFO  client.GrpcClientProtocolClient (GrpcClientProtocolClient.java:onNext(255)) - client-CEF4D3493DC0->4ee04582-2825-4055-a051-0465d62eb5ca: receive RaftClientReply:client-CEF4D3493DC0->4ee04582-2825-4055-a051-0465d62eb5ca@group-78E0FE5F723E, cid=3984, SUCCESS, logIndex=6118, commits[4ee04582-2825-4055-a051-0465d62eb5ca:c6118, 97f5b9f0-d9ef-40b5-ba79-7414923e623f:c6116, 7d686585-d831-45bc-93fc-0a553b604b0e:c6116]
2019-07-08 23:05:17,524 INFO  client.GrpcClientProtocolClient (GrpcClientProtocolClient.java:onNext(255)) - client-CEF4D3493DC0->4ee04582-2825-4055-a051-0465d62eb5ca: receive RaftClientReply:client-CEF4D3493DC0->4ee04582-2825-4055-a051-0465d62eb5ca@group-78E0FE5F723E, cid=3985, SUCCESS, logIndex=6121, commits[4ee04582-2825-4055-a051-0465d62eb5ca:c6122, 97f5b9f0-d9ef-40b5-ba79-7414923e623f:c6120, 7d686585-d831-45bc-93fc-0a553b604b0e:c6120]
2019-07-08 23:05:17,524 INFO  client.GrpcClientProtocolClient (GrpcClientProtocolClient.java:onNext(255)) - client-CEF4D3493DC0->4ee04582-2825-4055-a051-0465d62eb5ca: receive RaftClientReply:client-CEF4D3493DC0->4ee04582-2825-4055-a051-0465d62eb5ca@group-78E0FE5F723E, cid=3986, SUCCESS, logIndex=6122, commits[4ee04582-2825-4055-a051-0465d62eb5ca:c6122, 97f5b9f0-d9ef-40b5-ba79-7414923e623f:c6120, 7d686585-d831-45bc-93fc-0a553b604b0e:c6120]
2019-07-08 23:05:17,535 INFO  client.GrpcClientProtocolClient (GrpcClientProtocolClient.java:onNext(255)) - client-CEF4D3493DC0->4ee04582-2825-4055-a051-0465d62eb5ca: receive RaftClientReply:client-CEF4D3493DC0->4ee04582-2825-4055-a051-0465d62eb5ca@group-78E0FE5F723E, cid=3987, SUCCESS, logIndex=0, commits[4ee04582-2825-4055-a051-0465d62eb5ca:c6123, 97f5b9f0-d9ef-40b5-ba79-7414923e623f:c6122, 7d686585-d831-45bc-93fc-0a553b604b0e:c6122]
2019-07-08 23:05:17,557 INFO  client.GrpcClientProtocolClient (GrpcClientProtocolClient.java:onNext(255)) - client-CEF4D3493DC0->4ee04582-2825-4055-a051-0465d62eb5ca: receive RaftClientReply:client-CEF4D3493DC0->4ee04582-2825-4055-a051-0465d62eb5ca@group-78E0FE5F723E, cid=3988, SUCCESS, logIndex=6125, commits[4ee04582-2825-4055-a051-0465d62eb5ca:c6126, 97f5b9f0-d9ef-40b5-ba79-7414923e623f:c6124, 7d686585-d831-45bc-93fc-0a553b604b0e:c6124]
2019-07-08 23:05:17,558 INFO  client.GrpcClientProtocolClient (GrpcClientProtocolClient.java:onNext(255)) - client-CEF4D3493DC0->4ee04582-2825-4055-a051-0465d62eb5ca: receive RaftClientReply:client-CEF4D3493DC0->4ee04582-2825-4055-a051-0465d62eb5ca@group-78E0FE5F723E, cid=3989, SUCCESS, logIndex=6126, commits[4ee04582-2825-4055-a051-0465d62eb5ca:c6126, 97f5b9f0-d9ef-40b5-ba79-7414923e623f:c6124, 7d686585-d831-45bc-93fc-0a553b604b0e:c6124]
2019-07-08 23:05:17,560 INFO  client.GrpcClientProtocolClient (GrpcClientProtocolClient.java:onNext(255)) - client-CEF4D3493DC0->4ee04582-2825-4055-a051-0465d62eb5ca: receive RaftClientReply:client-CEF4D3493DC0->4ee04582-2825-4055-a051-0465d62eb5ca@group-78E0FE5F723E, cid=3990, SUCCESS, logIndex=6127, commits[4ee04582-2825-4055-a051-0465d62eb5ca:c6128, 97f5b9f0-d9ef-40b5-ba79-7414923e623f:c6126, 7d686585-d831-45bc-93fc-0a553b604b0e:c6124]
2019-07-08 23:05:17,560 INFO  client.GrpcClientProtocolClient (GrpcClientProtocolClient.java:onNext(255)) - client-CEF4D3493DC0->4ee04582-2825-4055-a051-0465d62eb5ca: receive RaftClientReply:client-CEF4D3493DC0->4ee04582-2825-4055-a051-0465d62eb5ca@group-78E0FE5F723E, cid=3991, SUCCESS, logIndex=6128, commits[4ee04582-2825-4055-a051-0465d62eb5ca:c6130, 97f5b9f0-d9ef-40b5-ba79-7414923e623f:c6126, 7d686585-d831-45bc-93fc-0a553b604b0e:c6124]
2019-07-08 23:05:17,561 INFO  client.GrpcClientProtocolClient (GrpcClientProtocolClient.java:onNext(255)) - client-CEF4D3493DC0->4ee04582-2825-4055-a051-0465d62eb5ca: receive RaftClientReply:client-CEF4D3493DC0->4ee04582-2825-4055-a051-0465d62eb5ca@group-78E0FE5F723E, cid=3992, SUCCESS, logIndex=0, commits[4ee04582-2825-4055-a051-0465d62eb5ca:c6130, 97f5b9f0-d9ef-40b5-ba79-7414923e623f:c6126, 7d686585-d831-45bc-93fc-0a553b604b0e:c6126]
2019-07-08 23:05:17,573 INFO  client.GrpcClientProtocolClient (GrpcClientProtocolClient.java:onNext(255)) - client-CEF4D3493DC0->4ee04582-2825-4055-a051-0465d62eb5ca: receive RaftClientReply:client-CEF4D3493DC0->4ee04582-2825-4055-a051-0465d62eb5ca@group-78E0FE5F723E, cid=3993, SUCCESS, logIndex=6133, commits[4ee04582-2825-4055-a051-0465d62eb5ca:c6134, 97f5b9f0-d9ef-40b5-ba79-7414923e623f:c6132, 7d686585-d831-45bc-93fc-0a553b604b0e:c6128]
2019-07-08 23:05:17,573 INFO  client.GrpcClientProtocolClient (GrpcClientProtocolClient.java:onNext(255)) - client-CEF4D3493DC0->4ee04582-2825-4055-a051-0465d62eb5ca: receive RaftClientReply:client-CEF4D3493DC0->4ee04582-2825-4055-a051-0465d62eb5ca@group-78E0FE5F723E, cid=3994, SUCCESS, logIndex=6134, commits[4ee04582-2825-4055-a051-0465d62eb5ca:c6134, 97f5b9f0-d9ef-40b5-ba79-7414923e623f:c6132, 7d686585-d831-45bc-93fc-0a553b604b0e:c6132]
2019-07-08 23:05:17,584 INFO  client.GrpcClientProtocolClient (GrpcClientProtocolClient.java:onNext(255)) - client-CEF4D3493DC0->4ee04582-2825-4055-a051-0465d62eb5ca: receive RaftClientReply:client-CEF4D3493DC0->4ee04582-2825-4055-a051-0465d62eb5ca@group-78E0FE5F723E, cid=3995, SUCCESS, logIndex=6137, commits[4ee04582-2825-4055-a051-0465d62eb5ca:c6138, 97f5b9f0-d9ef-40b5-ba79-7414923e623f:c6136, 7d686585-d831-45bc-93fc-0a553b604b0e:c6134]
2019-07-08 23:05:17,585 INFO  client.GrpcClientProtocolClient (GrpcClientProtocolClient.java:onNext(255)) - client-CEF4D3493DC0->4ee04582-2825-4055-a051-0465d62eb5ca: receive RaftClientReply:client-CEF4D3493DC0->4ee04582-2825-4055-a051-0465d62eb5ca@group-78E0FE5F723E, cid=3996, SUCCESS, logIndex=6138, commits[4ee04582-2825-4055-a051-0465d62eb5ca:c6138, 97f5b9f0-d9ef-40b5-ba79-7414923e623f:c6136, 7d686585-d831-45bc-93fc-0a553b604b0e:c6136]
2019-07-08 23:05:17,586 INFO  client.GrpcClientProtocolClient (GrpcClientProtocolClient.java:onNext(255)) - client-CEF4D3493DC0->4ee04582-2825-4055-a051-0465d62eb5ca: receive RaftClientReply:client-CEF4D3493DC0->4ee04582-2825-4055-a051-0465d62eb5ca@group-78E0FE5F723E, cid=3997, SUCCESS, logIndex=0, commits[4ee04582-2825-4055-a051-0465d62eb5ca:c6139, 97f5b9f0-d9ef-40b5-ba79-7414923e623f:c6138, 7d686585-d831-45bc-93fc-0a553b604b0e:c6138]
2019-07-08 23:05:17,610 INFO  client.GrpcClientProtocolClient (GrpcClientProtocolClient.java:onNext(255)) - client-CEF4D3493DC0->4ee04582-2825-4055-a051-0465d62eb5ca: receive RaftClientReply:client-CEF4D3493DC0->4ee04582-2825-4055-a051-0465d62eb5ca@group-78E0FE5F723E, cid=3998, SUCCESS, logIndex=6141, commits[4ee04582-2825-4055-a051-0465d62eb5ca:c6142, 97f5b9f0-d9ef-40b5-ba79-7414923e623f:c6140, 7d686585-d831-45bc-93fc-0a553b604b0e:c6140]
2019-07-08 23:05:17,610 INFO  client.GrpcClientProtocolClient (GrpcClientProtocolClient.java:onNext(255)) - client-CEF4D3493DC0->4ee04582-2825-4055-a051-0465d62eb5ca: receive RaftClientReply:client-CEF4D3493DC0->4ee04582-2825-4055-a051-0465d62eb5ca@group-78E0FE5F723E, cid=3999, SUCCESS, logIndex=6142, commits[4ee04582-2825-4055-a051-0465d62eb5ca:c6142, 97f5b9f0-d9ef-40b5-ba79-7414923e623f:c6140, 7d686585-d831-45bc-93fc-0a553b604b0e:c6140]
2019-07-08 23:05:17,611 INFO  client.GrpcClientProtocolClient (GrpcClientProtocolClient.java:onNext(255)) - client-CEF4D3493DC0->4ee04582-2825-4055-a051-0465d62eb5ca: receive RaftClientReply:client-CEF4D3493DC0->4ee04582-2825-4055-a051-0465d62eb5ca@group-78E0FE5F723E, cid=4000, SUCCESS, logIndex=6143, commits[4ee04582-2825-4055-a051-0465d62eb5ca:c6145, 97f5b9f0-d9ef-40b5-ba79-7414923e623f:c6142, 7d686585-d831-45bc-93fc-0a553b604b0e:c6140]
2019-07-08 23:05:17,612 INFO  client.GrpcClientProtocolClient (GrpcClientProtocolClient.java:onNext(255)) - client-CEF4D3493DC0->4ee04582-2825-4055-a051-0465d62eb5ca: receive RaftClientReply:client-CEF4D3493DC0->4ee04582-2825-4055-a051-0465d62eb5ca@group-78E0FE5F723E, cid=4001, SUCCESS, logIndex=6144, commits[4ee04582-2825-4055-a051-0465d62eb5ca:c6146, 97f5b9f0-d9ef-40b5-ba79-7414923e623f:c6142, 7d686585-d831-45bc-93fc-0a553b604b0e:c6140]
2019-07-08 23:05:17,613 INFO  client.GrpcClientProtocolClient (GrpcClientProtocolClient.java:onNext(255)) - client-CEF4D3493DC0->4ee04582-2825-4055-a051-0465d62eb5ca: receive RaftClientReply:client-CEF4D3493DC0->4ee04582-2825-4055-a051-0465d62eb5ca@group-78E0FE5F723E, cid=4002, SUCCESS, logIndex=0, commits[4ee04582-2825-4055-a051-0465d62eb5ca:c6146, 97f5b9f0-d9ef-40b5-ba79-7414923e623f:c6142, 7d686585-d831-45bc-93fc-0a553b604b0e:c6142]
2019-07-08 23:05:17,744 INFO  client.GrpcClientProtocolClient (GrpcClientProtocolClient.java:onNext(255)) - client-CEF4D3493DC0->4ee04582-2825-4055-a051-0465d62eb5ca: receive RaftClientReply:client-CEF4D3493DC0->4ee04582-2825-4055-a051-0465d62eb5ca@group-78E0FE5F723E, cid=4003, SUCCESS, logIndex=6149, commits[4ee04582-2825-4055-a051-0465d62eb5ca:c6150, 97f5b9f0-d9ef-40b5-ba79-7414923e623f:c6148, 7d686585-d831-45bc-93fc-0a553b604b0e:c6148]
2019-07-08 23:05:17,745 INFO  client.GrpcClientProtocolClient (GrpcClientProtocolClient.java:onNext(255)) - client-CEF4D3493DC0->4ee04582-2825-4055-a051-0465d62eb5ca: receive RaftClientReply:client-CEF4D3493DC0->4ee04582-2825-4055-a051-0465d62eb5ca@group-78E0FE5F723E, cid=4004, SUCCESS, logIndex=6150, commits[4ee04582-2825-4055-a051-0465d62eb5ca:c6150, 97f5b9f0-d9ef-40b5-ba79-7414923e623f:c6148, 7d686585-d831-45bc-93fc-0a553b604b0e:c6148]
2019-07-08 23:05:17,758 INFO  client.GrpcClientProtocolClient (GrpcClientProtocolClient.java:onNext(255)) - client-CEF4D3493DC0->4ee04582-2825-4055-a051-0465d62eb5ca: receive RaftClientReply:client-CEF4D3493DC0->4ee04582-2825-4055-a051-0465d62eb5ca@group-78E0FE5F723E, cid=4005, SUCCESS, logIndex=6153, commits[4ee04582-2825-4055-a051-0465d62eb5ca:c6154, 97f5b9f0-d9ef-40b5-ba79-7414923e623f:c6152, 7d686585-d831-45bc-93fc-0a553b604b0e:c6150]
2019-07-08 23:05:17,759 INFO  client.GrpcClientProtocolClient (GrpcClientProtocolClient.java:onNext(255)) - client-CEF4D3493DC0->4ee04582-2825-4055-a051-0465d62eb5ca: receive RaftClientReply:client-CEF4D3493DC0->4ee04582-2825-4055-a051-0465d62eb5ca@group-78E0FE5F723E, cid=4006, SUCCESS, logIndex=6154, commits[4ee04582-2825-4055-a051-0465d62eb5ca:c6154, 97f5b9f0-d9ef-40b5-ba79-7414923e623f:c6152, 7d686585-d831-45bc-93fc-0a553b604b0e:c6152]
2019-07-08 23:05:17,763 INFO  client.GrpcClientProtocolClient (GrpcClientProtocolClient.java:onNext(255)) - client-CEF4D3493DC0->4ee04582-2825-4055-a051-0465d62eb5ca: receive RaftClientReply:client-CEF4D3493DC0->4ee04582-2825-4055-a051-0465d62eb5ca@group-78E0FE5F723E, cid=4007, SUCCESS, logIndex=0, commits[4ee04582-2825-4055-a051-0465d62eb5ca:c6155, 97f5b9f0-d9ef-40b5-ba79-7414923e623f:c6154, 7d686585-d831-45bc-93fc-0a553b604b0e:c6154]
2019-07-08 23:05:17,790 INFO  client.GrpcClientProtocolClient (GrpcClientProtocolClient.java:onNext(255)) - client-CEF4D3493DC0->4ee04582-2825-4055-a051-0465d62eb5ca: receive RaftClientReply:client-CEF4D3493DC0->4ee04582-2825-4055-a051-0465d62eb5ca@group-78E0FE5F723E, cid=4008, SUCCESS, logIndex=6157, commits[4ee04582-2825-4055-a051-0465d62eb5ca:c6158, 97f5b9f0-d9ef-40b5-ba79-7414923e623f:c6156, 7d686585-d831-45bc-93fc-0a553b604b0e:c6154]
2019-07-08 23:05:17,790 INFO  client.GrpcClientProtocolClient (GrpcClientProtocolClient.java:onNext(255)) - client-CEF4D3493DC0->4ee04582-2825-4055-a051-0465d62eb5ca: receive RaftClientReply:client-CEF4D3493DC0->4ee04582-2825-4055-a051-0465d62eb5ca@group-78E0FE5F723E, cid=4009, SUCCESS, logIndex=6158, commits[4ee04582-2825-4055-a051-0465d62eb5ca:c6158, 97f5b9f0-d9ef-40b5-ba79-7414923e623f:c6156, 7d686585-d831-45bc-93fc-0a553b604b0e:c6154]
2019-07-08 23:05:17,804 INFO  client.GrpcClientProtocolClient (GrpcClientProtocolClient.java:onNext(255)) - client-CEF4D3493DC0->4ee04582-2825-4055-a051-0465d62eb5ca: receive RaftClientReply:client-CEF4D3493DC0->4ee04582-2825-4055-a051-0465d62eb5ca@group-78E0FE5F723E, cid=4010, SUCCESS, logIndex=6159, commits[4ee04582-2825-4055-a051-0465d62eb5ca:c6161, 97f5b9f0-d9ef-40b5-ba79-7414923e623f:c6158, 7d686585-d831-45bc-93fc-0a553b604b0e:c6154]
2019-07-08 23:05:17,805 INFO  client.GrpcClientProtocolClient (GrpcClientProtocolClient.java:onNext(255)) - client-CEF4D3493DC0->4ee04582-2825-4055-a051-0465d62eb5ca: receive RaftClientReply:client-CEF4D3493DC0->4ee04582-2825-4055-a051-0465d62eb5ca@group-78E0FE5F723E, cid=4011, SUCCESS, logIndex=6160, commits[4ee04582-2825-4055-a051-0465d62eb5ca:c6161, 97f5b9f0-d9ef-40b5-ba79-7414923e623f:c6158, 7d686585-d831-45bc-93fc-0a553b604b0e:c6156]
2019-07-08 23:05:17,806 INFO  client.GrpcClientProtocolClient (GrpcClientProtocolClient.java:onNext(255)) - client-CEF4D3493DC0->4ee04582-2825-4055-a051-0465d62eb5ca: receive RaftClientReply:client-CEF4D3493DC0->4ee04582-2825-4055-a051-0465d62eb5ca@group-78E0FE5F723E, cid=4012, SUCCESS, logIndex=0, commits[4ee04582-2825-4055-a051-0465d62eb5ca:c6162, 97f5b9f0-d9ef-40b5-ba79-7414923e623f:c6158, 7d686585-d831-45bc-93fc-0a553b604b0e:c6158]
2019-07-08 23:05:17,826 INFO  client.GrpcClientProtocolClient (GrpcClientProtocolClient.java:onNext(255)) - client-CEF4D3493DC0->4ee04582-2825-4055-a051-0465d62eb5ca: receive RaftClientReply:client-CEF4D3493DC0->4ee04582-2825-4055-a051-0465d62eb5ca@group-78E0FE5F723E, cid=4013, SUCCESS, logIndex=6165, commits[4ee04582-2825-4055-a051-0465d62eb5ca:c6166, 97f5b9f0-d9ef-40b5-ba79-7414923e623f:c6164, 7d686585-d831-45bc-93fc-0a553b604b0e:c6160]
2019-07-08 23:05:17,827 INFO  client.GrpcClientProtocolClient (GrpcClientProtocolClient.java:onNext(255)) - client-CEF4D3493DC0->4ee04582-2825-4055-a051-0465d62eb5ca: receive RaftClientReply:client-CEF4D3493DC0->4ee04582-2825-4055-a051-0465d62eb5ca@group-78E0FE5F723E, cid=4014, SUCCESS, logIndex=6166, commits[4ee04582-2825-4055-a051-0465d62eb5ca:c6166, 97f5b9f0-d9ef-40b5-ba79-7414923e623f:c6164, 7d686585-d831-45bc-93fc-0a553b604b0e:c6160]
2019-07-08 23:05:17,839 INFO  client.GrpcClientProtocolClient (GrpcClientProtocolClient.java:onNext(255)) - client-CEF4D3493DC0->4ee04582-2825-4055-a051-0465d62eb5ca: receive RaftClientReply:client-CEF4D3493DC0->4ee04582-2825-4055-a051-0465d62eb5ca@group-78E0FE5F723E, cid=4015, SUCCESS, logIndex=6169, commits[4ee04582-2825-4055-a051-0465d62eb5ca:c6170, 97f5b9f0-d9ef-40b5-ba79-7414923e623f:c6168, 7d686585-d831-45bc-93fc-0a553b604b0e:c6166]
2019-07-08 23:05:17,839 INFO  client.GrpcClientProtocolClient (GrpcClientProtocolClient.java:onNext(255)) - client-CEF4D3493DC0->4ee04582-2825-4055-a051-0465d62eb5ca: receive RaftClientReply:client-CEF4D3493DC0->4ee04582-2825-4055-a051-0465d62eb5ca@group-78E0FE5F723E, cid=4016, SUCCESS, logIndex=6170, commits[4ee04582-2825-4055-a051-0465d62eb5ca:c6170, 97f5b9f0-d9ef-40b5-ba79-7414923e623f:c6168, 7d686585-d831-45bc-93fc-0a553b604b0e:c6168]
2019-07-08 23:05:17,841 INFO  client.GrpcClientProtocolClient (GrpcClientProtocolClient.java:onNext(255)) - client-CEF4D3493DC0->4ee04582-2825-4055-a051-0465d62eb5ca: receive RaftClientReply:client-CEF4D3493DC0->4ee04582-2825-4055-a051-0465d62eb5ca@group-78E0FE5F723E, cid=4017, SUCCESS, logIndex=0, commits[4ee04582-2825-4055-a051-0465d62eb5ca:c6170, 97f5b9f0-d9ef-40b5-ba79-7414923e623f:c6170, 7d686585-d831-45bc-93fc-0a553b604b0e:c6170]
2019-07-08 23:05:17,867 INFO  client.GrpcClientProtocolClient (GrpcClientProtocolClient.java:onNext(255)) - client-CEF4D3493DC0->4ee04582-2825-4055-a051-0465d62eb5ca: receive RaftClientReply:client-CEF4D3493DC0->4ee04582-2825-4055-a051-0465d62eb5ca@group-78E0FE5F723E, cid=4018, SUCCESS, logIndex=6173, commits[4ee04582-2825-4055-a051-0465d62eb5ca:c6176, 97f5b9f0-d9ef-40b5-ba79-7414923e623f:c6172, 7d686585-d831-45bc-93fc-0a553b604b0e:c6170]
2019-07-08 23:05:17,867 INFO  client.GrpcClientProtocolClient (GrpcClientProtocolClient.java:onNext(255)) - client-CEF4D3493DC0->4ee04582-2825-4055-a051-0465d62eb5ca: receive RaftClientReply:client-CEF4D3493DC0->4ee04582-2825-4055-a051-0465d62eb5ca@group-78E0FE5F723E, cid=4019, SUCCESS, logIndex=6174, commits[4ee04582-2825-4055-a051-0465d62eb5ca:c6176, 97f5b9f0-d9ef-40b5-ba79-7414923e623f:c6172, 7d686585-d831-45bc-93fc-0a553b604b0e:c6172]
2019-07-08 23:05:17,868 INFO  client.GrpcClientProtocolClient (GrpcClientProtocolClient.java:onNext(255)) - client-CEF4D3493DC0->4ee04582-2825-4055-a051-0465d62eb5ca: receive RaftClientReply:client-CEF4D3493DC0->4ee04582-2825-4055-a051-0465d62eb5ca@group-78E0FE5F723E, cid=4020, SUCCESS, logIndex=6175, commits[4ee04582-2825-4055-a051-0465d62eb5ca:c6176, 97f5b9f0-d9ef-40b5-ba79-7414923e623f:c6172, 7d686585-d831-45bc-93fc-0a553b604b0e:c6172]
2019-07-08 23:05:17,868 INFO  client.GrpcClientProtocolClient (GrpcClientProtocolClient.java:onNext(255)) - client-CEF4D3493DC0->4ee04582-2825-4055-a051-0465d62eb5ca: receive RaftClientReply:client-CEF4D3493DC0->4ee04582-2825-4055-a051-0465d62eb5ca@group-78E0FE5F723E, cid=4021, SUCCESS, logIndex=6176, commits[4ee04582-2825-4055-a051-0465d62eb5ca:c6176, 97f5b9f0-d9ef-40b5-ba79-7414923e623f:c6172, 7d686585-d831-45bc-93fc-0a553b604b0e:c6172]
2019-07-08 23:05:17,869 INFO  client.GrpcClientProtocolClient (GrpcClientProtocolClient.java:onNext(255)) - client-CEF4D3493DC0->4ee04582-2825-4055-a051-0465d62eb5ca: receive RaftClientReply:client-CEF4D3493DC0->4ee04582-2825-4055-a051-0465d62eb5ca@group-78E0FE5F723E, cid=4022, SUCCESS, logIndex=0, commits[4ee04582-2825-4055-a051-0465d62eb5ca:c6179, 97f5b9f0-d9ef-40b5-ba79-7414923e623f:c6174, 7d686585-d831-45bc-93fc-0a553b604b0e:c6175]
2019-07-08 23:05:17,883 INFO  client.GrpcClientProtocolClient (GrpcClientProtocolClient.java:onNext(255)) - client-CEF4D3493DC0->4ee04582-2825-4055-a051-0465d62eb5ca: receive RaftClientReply:client-CEF4D3493DC0->4ee04582-2825-4055-a051-0465d62eb5ca@group-78E0FE5F723E, cid=4023, SUCCESS, logIndex=6181, commits[4ee04582-2825-4055-a051-0465d62eb5ca:c6182, 97f5b9f0-d9ef-40b5-ba79-7414923e623f:c6180, 7d686585-d831-45bc-93fc-0a553b604b0e:c6176]
2019-07-08 23:05:17,883 INFO  client.GrpcClientProtocolClient (GrpcClientProtocolClient.java:onNext(255)) - client-CEF4D3493DC0->4ee04582-2825-4055-a051-0465d62eb5ca: receive RaftClientReply:client-CEF4D3493DC0->4ee04582-2825-4055-a051-0465d62eb5ca@group-78E0FE5F723E, cid=4024, SUCCESS, logIndex=6182, commits[4ee04582-2825-4055-a051-0465d62eb5ca:c6182, 97f5b9f0-d9ef-40b5-ba79-7414923e623f:c6180, 7d686585-d831-45bc-93fc-0a553b604b0e:c6180]
2019-07-08 23:05:17,897 INFO  client.GrpcClientProtocolClient (GrpcClientProtocolClient.java:onNext(255)) - client-CEF4D3493DC0->4ee04582-2825-4055-a051-0465d62eb5ca: receive RaftClientReply:client-CEF4D3493DC0->4ee04582-2825-4055-a051-0465d62eb5ca@group-78E0FE5F723E, cid=4025, SUCCESS, logIndex=6185, commits[4ee04582-2825-4055-a051-0465d62eb5ca:c6186, 97f5b9f0-d9ef-40b5-ba79-7414923e623f:c6184, 7d686585-d831-45bc-93fc-0a553b604b0e:c6184]
2019-07-08 23:05:17,897 INFO  client.GrpcClientProtocolClient (GrpcClientProtocolClient.java:onNext(255)) - client-CEF4D3493DC0->4ee04582-2825-4055-a051-0465d62eb5ca: receive RaftClientReply:client-CEF4D3493DC0->4ee04582-2825-4055-a051-0465d62eb5ca@group-78E0FE5F723E, cid=4026, SUCCESS, logIndex=6186, commits[4ee04582-2825-4055-a051-0465d62eb5ca:c6186, 97f5b9f0-d9ef-40b5-ba79-7414923e623f:c6184, 7d686585-d831-45bc-93fc-0a553b604b0e:c6184]
2019-07-08 23:05:17,898 INFO  client.GrpcClientProtocolClient (GrpcClientProtocolClient.java:onNext(255)) - client-CEF4D3493DC0->4ee04582-2825-4055-a051-0465d62eb5ca: receive RaftClientReply:client-CEF4D3493DC0->4ee04582-2825-4055-a051-0465d62eb5ca@group-78E0FE5F723E, cid=4027, SUCCESS, logIndex=0, commits[4ee04582-2825-4055-a051-0465d62eb5ca:c6187, 97f5b9f0-d9ef-40b5-ba79-7414923e623f:c6186, 7d686585-d831-45bc-93fc-0a553b604b0e:c6186]
2019-07-08 23:05:17,921 INFO  client.GrpcClientProtocolClient (GrpcClientProtocolClient.java:onNext(255)) - client-CEF4D3493DC0->4ee04582-2825-4055-a051-0465d62eb5ca: receive RaftClientReply:client-CEF4D3493DC0->4ee04582-2825-4055-a051-0465d62eb5ca@group-78E0FE5F723E, cid=4028, SUCCESS, logIndex=6189, commits[4ee04582-2825-4055-a051-0465d62eb5ca:c6190, 97f5b9f0-d9ef-40b5-ba79-7414923e623f:c6188, 7d686585-d831-45bc-93fc-0a553b604b0e:c6186]
2019-07-08 23:05:17,921 INFO  client.GrpcClientProtocolClient (GrpcClientProtocolClient.java:onNext(255)) - client-CEF4D3493DC0->4ee04582-2825-4055-a051-0465d62eb5ca: receive RaftClientReply:client-CEF4D3493DC0->4ee04582-2825-4055-a051-0465d62eb5ca@group-78E0FE5F723E, cid=4029, SUCCESS, logIndex=6190, commits[4ee04582-2825-4055-a051-0465d62eb5ca:c6190, 97f5b9f0-d9ef-40b5-ba79-7414923e623f:c6188, 7d686585-d831-45bc-93fc-0a553b604b0e:c6186]
2019-07-08 23:05:17,924 INFO  client.GrpcClientProtocolClient (GrpcClientProtocolClient.java:onNext(255)) - client-CEF4D3493DC0->4ee04582-2825-4055-a051-0465d62eb5ca: receive RaftClientReply:client-CEF4D3493DC0->4ee04582-2825-4055-a051-0465d62eb5ca@group-78E0FE5F723E, cid=4030, SUCCESS, logIndex=6191, commits[4ee04582-2825-4055-a051-0465d62eb5ca:c6192, 97f5b9f0-d9ef-40b5-ba79-7414923e623f:c6188, 7d686585-d831-45bc-93fc-0a553b604b0e:c6190]
2019-07-08 23:05:17,925 INFO  client.GrpcClientProtocolClient (GrpcClientProtocolClient.java:onNext(255)) - client-CEF4D3493DC0->4ee04582-2825-4055-a051-0465d62eb5ca: receive RaftClientReply:client-CEF4D3493DC0->4ee04582-2825-4055-a051-0465d62eb5ca@group-78E0FE5F723E, cid=4031, SUCCESS, logIndex=6192, commits[4ee04582-2825-4055-a051-0465d62eb5ca:c6194, 97f5b9f0-d9ef-40b5-ba79-7414923e623f:c6188, 7d686585-d831-45bc-93fc-0a553b604b0e:c6190]
2019-07-08 23:05:17,926 INFO  client.GrpcClientProtocolClient (GrpcClientProtocolClient.java:onNext(255)) - client-CEF4D3493DC0->4ee04582-2825-4055-a051-0465d62eb5ca: receive RaftClientReply:client-CEF4D3493DC0->4ee04582-2825-4055-a051-0465d62eb5ca@group-78E0FE5F723E, cid=4032, SUCCESS, logIndex=0, commits[4ee04582-2825-4055-a051-0465d62eb5ca:c6194, 97f5b9f0-d9ef-40b5-ba79-7414923e623f:c6190, 7d686585-d831-45bc-93fc-0a553b604b0e:c6190]
2019-07-08 23:05:17,937 INFO  client.GrpcClientProtocolClient (GrpcClientProtocolClient.java:onNext(255)) - client-CEF4D3493DC0->4ee04582-2825-4055-a051-0465d62eb5ca: receive RaftClientReply:client-CEF4D3493DC0->4ee04582-2825-4055-a051-0465d62eb5ca@group-78E0FE5F723E, cid=4033, SUCCESS, logIndex=6197, commits[4ee04582-2825-4055-a051-0465d62eb5ca:c6198, 97f5b9f0-d9ef-40b5-ba79-7414923e623f:c6192, 7d686585-d831-45bc-93fc-0a553b604b0e:c6196]
2019-07-08 23:05:17,938 INFO  client.GrpcClientProtocolClient (GrpcClientProtocolClient.java:onNext(255)) - client-CEF4D3493DC0->4ee04582-2825-4055-a051-0465d62eb5ca: receive RaftClientReply:client-CEF4D3493DC0->4ee04582-2825-4055-a051-0465d62eb5ca@group-78E0FE5F723E, cid=4034, SUCCESS, logIndex=6198, commits[4ee04582-2825-4055-a051-0465d62eb5ca:c6198, 97f5b9f0-d9ef-40b5-ba79-7414923e623f:c6196, 7d686585-d831-45bc-93fc-0a553b604b0e:c6196]
2019-07-08 23:05:17,948 INFO  client.GrpcClientProtocolClient (GrpcClientProtocolClient.java:onNext(255)) - client-CEF4D3493DC0->4ee04582-2825-4055-a051-0465d62eb5ca: receive RaftClientReply:client-CEF4D3493DC0->4ee04582-2825-4055-a051-0465d62eb5ca@group-78E0FE5F723E, cid=4035, SUCCESS, logIndex=6201, commits[4ee04582-2825-4055-a051-0465d62eb5ca:c6202, 97f5b9f0-d9ef-40b5-ba79-7414923e623f:c6199, 7d686585-d831-45bc-93fc-0a553b604b0e:c6198]
2019-07-08 23:05:17,949 INFO  client.GrpcClientProtocolClient (GrpcClientProtocolClient.java:onNext(255)) - client-CEF4D3493DC0->4ee04582-2825-4055-a051-0465d62eb5ca: receive RaftClientReply:client-CEF4D3493DC0->4ee04582-2825-4055-a051-0465d62eb5ca@group-78E0FE5F723E, cid=4036, SUCCESS, logIndex=6202, commits[4ee04582-2825-4055-a051-0465d62eb5ca:c6202, 97f5b9f0-d9ef-40b5-ba79-7414923e623f:c6199, 7d686585-d831-45bc-93fc-0a553b604b0e:c6198]
2019-07-08 23:05:17,950 INFO  client.GrpcClientProtocolClient (GrpcClientProtocolClient.java:onNext(255)) - client-CEF4D3493DC0->4ee04582-2825-4055-a051-0465d62eb5ca: receive RaftClientReply:client-CEF4D3493DC0->4ee04582-2825-4055-a051-0465d62eb5ca@group-78E0FE5F723E, cid=4037, SUCCESS, logIndex=0, commits[4ee04582-2825-4055-a051-0465d62eb5ca:c6203, 97f5b9f0-d9ef-40b5-ba79-7414923e623f:c6202, 7d686585-d831-45bc-93fc-0a553b604b0e:c6202]
2019-07-08 23:05:17,973 INFO  client.GrpcClientProtocolClient (GrpcClientProtocolClient.java:onNext(255)) - client-CEF4D3493DC0->4ee04582-2825-4055-a051-0465d62eb5ca: receive RaftClientReply:client-CEF4D3493DC0->4ee04582-2825-4055-a051-0465d62eb5ca@group-78E0FE5F723E, cid=4038, SUCCESS, logIndex=6205, commits[4ee04582-2825-4055-a051-0465d62eb5ca:c6206, 97f5b9f0-d9ef-40b5-ba79-7414923e623f:c6204, 7d686585-d831-45bc-93fc-0a553b604b0e:c6202]
2019-07-08 23:05:17,975 INFO  client.GrpcClientProtocolClient (GrpcClientProtocolClient.java:onNext(255)) - client-CEF4D3493DC0->4ee04582-2825-4055-a051-0465d62eb5ca: receive RaftClientReply:client-CEF4D3493DC0->4ee04582-2825-4055-a051-0465d62eb5ca@group-78E0FE5F723E, cid=4039, SUCCESS, logIndex=6206, commits[4ee04582-2825-4055-a051-0465d62eb5ca:c6206, 97f5b9f0-d9ef-40b5-ba79-7414923e623f:c6204, 7d686585-d831-45bc-93fc-0a553b604b0e:c6204]
2019-07-08 23:05:17,982 INFO  client.GrpcClientProtocolClient (GrpcClientProtocolClient.java:onNext(255)) - client-CEF4D3493DC0->4ee04582-2825-4055-a051-0465d62eb5ca: receive RaftClientReply:client-CEF4D3493DC0->4ee04582-2825-4055-a051-0465d62eb5ca@group-78E0FE5F723E, cid=4040, SUCCESS, logIndex=6207, commits[4ee04582-2825-4055-a051-0465d62eb5ca:c6208, 97f5b9f0-d9ef-40b5-ba79-7414923e623f:c6205, 7d686585-d831-45bc-93fc-0a553b604b0e:c6204]
2019-07-08 23:05:17,983 INFO  client.GrpcClientProtocolClient (GrpcClientProtocolClient.java:onNext(255)) - client-CEF4D3493DC0->4ee04582-2825-4055-a051-0465d62eb5ca: receive RaftClientReply:client-CEF4D3493DC0->4ee04582-2825-4055-a051-0465d62eb5ca@group-78E0FE5F723E, cid=4041, SUCCESS, logIndex=6208, commits[4ee04582-2825-4055-a051-0465d62eb5ca:c6210, 97f5b9f0-d9ef-40b5-ba79-7414923e623f:c6206, 7d686585-d831-45bc-93fc-0a553b604b0e:c6206]
2019-07-08 23:05:17,994 INFO  client.GrpcClientProtocolClient (GrpcClientProtocolClient.java:onNext(255)) - client-CEF4D3493DC0->4ee04582-2825-4055-a051-0465d62eb5ca: receive RaftClientReply:client-CEF4D3493DC0->4ee04582-2825-4055-a051-0465d62eb5ca@group-78E0FE5F723E, cid=4042, SUCCESS, logIndex=6213, commits[4ee04582-2825-4055-a051-0465d62eb5ca:c6214, 97f5b9f0-d9ef-40b5-ba79-7414923e623f:c6208, 7d686585-d831-45bc-93fc-0a553b604b0e:c6211]
2019-07-08 23:05:17,994 INFO  client.GrpcClientProtocolClient (GrpcClientProtocolClient.java:onNext(255)) - client-CEF4D3493DC0->4ee04582-2825-4055-a051-0465d62eb5ca: receive RaftClientReply:client-CEF4D3493DC0->4ee04582-2825-4055-a051-0465d62eb5ca@group-78E0FE5F723E, cid=4043, SUCCESS, logIndex=6214, commits[4ee04582-2825-4055-a051-0465d62eb5ca:c6214, 97f5b9f0-d9ef-40b5-ba79-7414923e623f:c6211, 7d686585-d831-45bc-93fc-0a553b604b0e:c6211]
2019-07-08 23:05:18,005 INFO  client.GrpcClientProtocolClient (GrpcClientProtocolClient.java:onNext(255)) - client-CEF4D3493DC0->4ee04582-2825-4055-a051-0465d62eb5ca: receive RaftClientReply:client-CEF4D3493DC0->4ee04582-2825-4055-a051-0465d62eb5ca@group-78E0FE5F723E, cid=4044, SUCCESS, logIndex=6217, commits[4ee04582-2825-4055-a051-0465d62eb5ca:c6218, 97f5b9f0-d9ef-40b5-ba79-7414923e623f:c6216, 7d686585-d831-45bc-93fc-0a553b604b0e:c6214]
2019-07-08 23:05:18,006 INFO  client.GrpcClientProtocolClient (GrpcClientProtocolClient.java:onNext(255)) - client-CEF4D3493DC0->4ee04582-2825-4055-a051-0465d62eb5ca: receive RaftClientReply:client-CEF4D3493DC0->4ee04582-2825-4055-a051-0465d62eb5ca@group-78E0FE5F723E, cid=4045, SUCCESS, logIndex=6218, commits[4ee04582-2825-4055-a051-0465d62eb5ca:c6218, 97f5b9f0-d9ef-40b5-ba79-7414923e623f:c6216, 7d686585-d831-45bc-93fc-0a553b604b0e:c6216]
2019-07-08 23:05:18,008 INFO  client.GrpcClientProtocolClient (GrpcClientProtocolClient.java:onNext(255)) - client-CEF4D3493DC0->4ee04582-2825-4055-a051-0465d62eb5ca: receive RaftClientReply:client-CEF4D3493DC0->4ee04582-2825-4055-a051-0465d62eb5ca@group-78E0FE5F723E, cid=4046, SUCCESS, logIndex=0, commits[4ee04582-2825-4055-a051-0465d62eb5ca:c6219, 97f5b9f0-d9ef-40b5-ba79-7414923e623f:c6218, 7d686585-d831-45bc-93fc-0a553b604b0e:c6218]
2019-07-08 23:05:18,037 INFO  client.GrpcClientProtocolClient (GrpcClientProtocolClient.java:onNext(255)) - client-CEF4D3493DC0->4ee04582-2825-4055-a051-0465d62eb5ca: receive RaftClientReply:client-CEF4D3493DC0->4ee04582-2825-4055-a051-0465d62eb5ca@group-78E0FE5F723E, cid=4047, SUCCESS, logIndex=6220, commits[4ee04582-2825-4055-a051-0465d62eb5ca:c6221, 97f5b9f0-d9ef-40b5-ba79-7414923e623f:c6219, 7d686585-d831-45bc-93fc-0a553b604b0e:c6218]
2019-07-08 23:05:18,038 INFO  client.GrpcClientProtocolClient (GrpcClientProtocolClient.java:onNext(255)) - client-CEF4D3493DC0->4ee04582-2825-4055-a051-0465d62eb5ca: receive RaftClientReply:client-CEF4D3493DC0->4ee04582-2825-4055-a051-0465d62eb5ca@group-78E0FE5F723E, cid=4048, SUCCESS, logIndex=6221, commits[4ee04582-2825-4055-a051-0465d62eb5ca:c6221, 97f5b9f0-d9ef-40b5-ba79-7414923e623f:c6219, 7d686585-d831-45bc-93fc-0a553b604b0e:c6218]
2019-07-08 23:05:18,039 INFO  client.GrpcClientProtocolClient (GrpcClientProtocolClient.java:onNext(255)) - client-CEF4D3493DC0->4ee04582-2825-4055-a051-0465d62eb5ca: receive RaftClientReply:client-CEF4D3493DC0->4ee04582-2825-4055-a051-0465d62eb5ca@group-78E0FE5F723E, cid=4049, SUCCESS, logIndex=6222, commits[4ee04582-2825-4055-a051-0465d62eb5ca:c6225, 97f5b9f0-d9ef-40b5-ba79-7414923e623f:c6221, 7d686585-d831-45bc-93fc-0a553b604b0e:c6219]
2019-07-08 23:05:18,040 INFO  client.GrpcClientProtocolClient (GrpcClientProtocolClient.java:onNext(255)) - client-CEF4D3493DC0->4ee04582-2825-4055-a051-0465d62eb5ca: receive RaftClientReply:client-CEF4D3493DC0->4ee04582-2825-4055-a051-0465d62eb5ca@group-78E0FE5F723E, cid=4050, SUCCESS, logIndex=6223, commits[4ee04582-2825-4055-a051-0465d62eb5ca:c6225, 97f5b9f0-d9ef-40b5-ba79-7414923e623f:c6221, 7d686585-d831-45bc-93fc-0a553b604b0e:c6219]
2019-07-08 23:05:18,041 INFO  client.GrpcClientProtocolClient (GrpcClientProtocolClient.java:onNext(255)) - client-CEF4D3493DC0->4ee04582-2825-4055-a051-0465d62eb5ca: receive RaftClientReply:client-CEF4D3493DC0->4ee04582-2825-4055-a051-0465d62eb5ca@group-78E0FE5F723E, cid=4051, SUCCESS, logIndex=0, commits[4ee04582-2825-4055-a051-0465d62eb5ca:c6225, 97f5b9f0-d9ef-40b5-ba79-7414923e623f:c6221, 7d686585-d831-45bc-93fc-0a553b604b0e:c6221]
2019-07-08 23:05:18,052 INFO  client.GrpcClientProtocolClient (GrpcClientProtocolClient.java:onNext(255)) - client-CEF4D3493DC0->4ee04582-2825-4055-a051-0465d62eb5ca: receive RaftClientReply:client-CEF4D3493DC0->4ee04582-2825-4055-a051-0465d62eb5ca@group-78E0FE5F723E, cid=4052, SUCCESS, logIndex=6228, commits[4ee04582-2825-4055-a051-0465d62eb5ca:c6229, 97f5b9f0-d9ef-40b5-ba79-7414923e623f:c6227, 7d686585-d831-45bc-93fc-0a553b604b0e:c6227]
2019-07-08 23:05:18,053 INFO  client.GrpcClientProtocolClient (GrpcClientProtocolClient.java:onNext(255)) - client-CEF4D3493DC0->4ee04582-2825-4055-a051-0465d62eb5ca: receive RaftClientReply:client-CEF4D3493DC0->4ee04582-2825-4055-a051-0465d62eb5ca@group-78E0FE5F723E, cid=4053, SUCCESS, logIndex=6229, commits[4ee04582-2825-4055-a051-0465d62eb5ca:c6229, 97f5b9f0-d9ef-40b5-ba79-7414923e623f:c6227, 7d686585-d831-45bc-93fc-0a553b604b0e:c6227]
2019-07-08 23:05:18,070 INFO  client.GrpcClientProtocolClient (GrpcClientProtocolClient.java:onNext(255)) - client-CEF4D3493DC0->4ee04582-2825-4055-a051-0465d62eb5ca: receive RaftClientReply:client-CEF4D3493DC0->4ee04582-2825-4055-a051-0465d62eb5ca@group-78E0FE5F723E, cid=4054, SUCCESS, logIndex=6232, commits[4ee04582-2825-4055-a051-0465d62eb5ca:c6233, 97f5b9f0-d9ef-40b5-ba79-7414923e623f:c6231, 7d686585-d831-45bc-93fc-0a553b604b0e:c6231]
2019-07-08 23:05:18,071 INFO  client.GrpcClientProtocolClient (GrpcClientProtocolClient.java:onNext(255)) - client-CEF4D3493DC0->4ee04582-2825-4055-a051-0465d62eb5ca: receive RaftClientReply:client-CEF4D3493DC0->4ee04582-2825-4055-a051-0465d62eb5ca@group-78E0FE5F723E, cid=4055, SUCCESS, logIndex=6233, commits[4ee04582-2825-4055-a051-0465d62eb5ca:c6233, 97f5b9f0-d9ef-40b5-ba79-7414923e623f:c6231, 7d686585-d831-45bc-93fc-0a553b604b0e:c6231]
2019-07-08 23:05:18,074 INFO  client.GrpcClientProtocolClient (GrpcClientProtocolClient.java:onNext(255)) - client-CEF4D3493DC0->4ee04582-2825-4055-a051-0465d62eb5ca: receive RaftClientReply:client-CEF4D3493DC0->4ee04582-2825-4055-a051-0465d62eb5ca@group-78E0FE5F723E, cid=4056, SUCCESS, logIndex=0, commits[4ee04582-2825-4055-a051-0465d62eb5ca:c6234, 97f5b9f0-d9ef-40b5-ba79-7414923e623f:c6233, 7d686585-d831-45bc-93fc-0a553b604b0e:c6233]
2019-07-08 23:05:18,141 INFO  client.GrpcClientProtocolClient (GrpcClientProtocolClient.java:onNext(255)) - client-CEF4D3493DC0->4ee04582-2825-4055-a051-0465d62eb5ca: receive RaftClientReply:client-CEF4D3493DC0->4ee04582-2825-4055-a051-0465d62eb5ca@group-78E0FE5F723E, cid=4057, SUCCESS, logIndex=6236, commits[4ee04582-2825-4055-a051-0465d62eb5ca:c6236, 97f5b9f0-d9ef-40b5-ba79-7414923e623f:c6235, 7d686585-d831-45bc-93fc-0a553b604b0e:c6235]
2019-07-08 23:05:18,142 INFO  client.GrpcClientProtocolClient (GrpcClientProtocolClient.java:onNext(255)) - client-CEF4D3493DC0->4ee04582-2825-4055-a051-0465d62eb5ca: receive RaftClientReply:client-CEF4D3493DC0->4ee04582-2825-4055-a051-0465d62eb5ca@group-78E0FE5F723E, cid=4058, SUCCESS, logIndex=6237, commits[4ee04582-2825-4055-a051-0465d62eb5ca:c6237, 97f5b9f0-d9ef-40b5-ba79-7414923e623f:c6235, 7d686585-d831-45bc-93fc-0a553b604b0e:c6235]
2019-07-08 23:05:18,143 INFO  client.GrpcClientProtocolClient (GrpcClientProtocolClient.java:onNext(255)) - client-CEF4D3493DC0->4ee04582-2825-4055-a051-0465d62eb5ca: receive RaftClientReply:client-CEF4D3493DC0->4ee04582-2825-4055-a051-0465d62eb5ca@group-78E0FE5F723E, cid=4059, SUCCESS, logIndex=6238, commits[4ee04582-2825-4055-a051-0465d62eb5ca:c6239, 97f5b9f0-d9ef-40b5-ba79-7414923e623f:c6235, 7d686585-d831-45bc-93fc-0a553b604b0e:c6235]
2019-07-08 23:05:18,143 INFO  client.GrpcClientProtocolClient (GrpcClientProtocolClient.java:onNext(255)) - client-CEF4D3493DC0->4ee04582-2825-4055-a051-0465d62eb5ca: receive RaftClientReply:client-CEF4D3493DC0->4ee04582-2825-4055-a051-0465d62eb5ca@group-78E0FE5F723E, cid=4060, SUCCESS, logIndex=6239, commits[4ee04582-2825-4055-a051-0465d62eb5ca:c6239, 97f5b9f0-d9ef-40b5-ba79-7414923e623f:c6235, 7d686585-d831-45bc-93fc-0a553b604b0e:c6235]
2019-07-08 23:05:18,145 INFO  client.GrpcClientProtocolClient (GrpcClientProtocolClient.java:onNext(255)) - client-CEF4D3493DC0->4ee04582-2825-4055-a051-0465d62eb5ca: receive RaftClientReply:client-CEF4D3493DC0->4ee04582-2825-4055-a051-0465d62eb5ca@group-78E0FE5F723E, cid=4061, SUCCESS, logIndex=0, commits[4ee04582-2825-4055-a051-0465d62eb5ca:c6241, 97f5b9f0-d9ef-40b5-ba79-7414923e623f:c6237, 7d686585-d831-45bc-93fc-0a553b604b0e:c6237]
 0.00% |█                                                                                                    |  0/1 Time: 0:00:272019-07-08 23:05:18,158 INFO  client.GrpcClientProtocolClient (GrpcClientProtocolClient.java:onNext(255)) - client-CEF4D3493DC0->4ee04582-2825-4055-a051-0465d62eb5ca: receive RaftClientReply:client-CEF4D3493DC0->4ee04582-2825-4055-a051-0465d62eb5ca@group-78E0FE5F723E, cid=4062, SUCCESS, logIndex=6243, commits[4ee04582-2825-4055-a051-0465d62eb5ca:c6244, 97f5b9f0-d9ef-40b5-ba79-7414923e623f:c6242, 7d686585-d831-45bc-93fc-0a553b604b0e:c6242]
2019-07-08 23:05:18,158 INFO  client.GrpcClientProtocolClient (GrpcClientProtocolClient.java:onNext(255)) - client-CEF4D3493DC0->4ee04582-2825-4055-a051-0465d62eb5ca: receive RaftClientReply:client-CEF4D3493DC0->4ee04582-2825-4055-a051-0465d62eb5ca@group-78E0FE5F723E, cid=4063, SUCCESS, logIndex=6244, commits[4ee04582-2825-4055-a051-0465d62eb5ca:c6244, 97f5b9f0-d9ef-40b5-ba79-7414923e623f:c6242, 7d686585-d831-45bc-93fc-0a553b604b0e:c6242]
2019-07-08 23:05:18,171 INFO  client.GrpcClientProtocolClient (GrpcClientProtocolClient.java:onNext(255)) - client-CEF4D3493DC0->4ee04582-2825-4055-a051-0465d62eb5ca: receive RaftClientReply:client-CEF4D3493DC0->4ee04582-2825-4055-a051-0465d62eb5ca@group-78E0FE5F723E, cid=4064, SUCCESS, logIndex=6246, commits[4ee04582-2825-4055-a051-0465d62eb5ca:c6247, 97f5b9f0-d9ef-40b5-ba79-7414923e623f:c6244, 7d686585-d831-45bc-93fc-0a553b604b0e:c6245]
2019-07-08 23:05:18,171 INFO  client.GrpcClientProtocolClient (GrpcClientProtocolClient.java:onNext(255)) - client-CEF4D3493DC0->4ee04582-2825-4055-a051-0465d62eb5ca: receive RaftClientReply:client-CEF4D3493DC0->4ee04582-2825-4055-a051-0465d62eb5ca@group-78E0FE5F723E, cid=4065, SUCCESS, logIndex=6247, commits[4ee04582-2825-4055-a051-0465d62eb5ca:c6247, 97f5b9f0-d9ef-40b5-ba79-7414923e623f:c6245, 7d686585-d831-45bc-93fc-0a553b604b0e:c6245]
2019-07-08 23:05:18,175 INFO  client.GrpcClientProtocolClient (GrpcClientProtocolClient.java:onNext(255)) - client-CEF4D3493DC0->4ee04582-2825-4055-a051-0465d62eb5ca: receive RaftClientReply:client-CEF4D3493DC0->4ee04582-2825-4055-a051-0465d62eb5ca@group-78E0FE5F723E, cid=4066, SUCCESS, logIndex=0, commits[4ee04582-2825-4055-a051-0465d62eb5ca:c6249, 97f5b9f0-d9ef-40b5-ba79-7414923e623f:c6247, 7d686585-d831-45bc-93fc-0a553b604b0e:c6247]
2019-07-08 23:05:18,203 INFO  client.GrpcClientProtocolClient (GrpcClientProtocolClient.java:onNext(255)) - client-CEF4D3493DC0->4ee04582-2825-4055-a051-0465d62eb5ca: receive RaftClientReply:client-CEF4D3493DC0->4ee04582-2825-4055-a051-0465d62eb5ca@group-78E0FE5F723E, cid=4067, SUCCESS, logIndex=6250, commits[4ee04582-2825-4055-a051-0465d62eb5ca:c6251, 97f5b9f0-d9ef-40b5-ba79-7414923e623f:c6249, 7d686585-d831-45bc-93fc-0a553b604b0e:c6247]
2019-07-08 23:05:18,204 INFO  client.GrpcClientProtocolClient (GrpcClientProtocolClient.java:onNext(255)) - client-CEF4D3493DC0->4ee04582-2825-4055-a051-0465d62eb5ca: receive RaftClientReply:client-CEF4D3493DC0->4ee04582-2825-4055-a051-0465d62eb5ca@group-78E0FE5F723E, cid=4068, SUCCESS, logIndex=6251, commits[4ee04582-2825-4055-a051-0465d62eb5ca:c6251, 97f5b9f0-d9ef-40b5-ba79-7414923e623f:c6249, 7d686585-d831-45bc-93fc-0a553b604b0e:c6247]
2019-07-08 23:05:18,205 INFO  client.GrpcClientProtocolClient (GrpcClientProtocolClient.java:onNext(255)) - client-CEF4D3493DC0->4ee04582-2825-4055-a051-0465d62eb5ca: receive RaftClientReply:client-CEF4D3493DC0->4ee04582-2825-4055-a051-0465d62eb5ca@group-78E0FE5F723E, cid=4069, SUCCESS, logIndex=6252, commits[4ee04582-2825-4055-a051-0465d62eb5ca:c6255, 97f5b9f0-d9ef-40b5-ba79-7414923e623f:c6251, 7d686585-d831-45bc-93fc-0a553b604b0e:c6247]
2019-07-08 23:05:18,206 INFO  client.GrpcClientProtocolClient (GrpcClientProtocolClient.java:onNext(255)) - client-CEF4D3493DC0->4ee04582-2825-4055-a051-0465d62eb5ca: receive RaftClientReply:client-CEF4D3493DC0->4ee04582-2825-4055-a051-0465d62eb5ca@group-78E0FE5F723E, cid=4070, SUCCESS, logIndex=6253, commits[4ee04582-2825-4055-a051-0465d62eb5ca:c6255, 97f5b9f0-d9ef-40b5-ba79-7414923e623f:c6251, 7d686585-d831-45bc-93fc-0a553b604b0e:c6247]
2019-07-08 23:05:18,207 INFO  client.GrpcClientProtocolClient (GrpcClientProtocolClient.java:onNext(255)) - client-CEF4D3493DC0->4ee04582-2825-4055-a051-0465d62eb5ca: receive RaftClientReply:client-CEF4D3493DC0->4ee04582-2825-4055-a051-0465d62eb5ca@group-78E0FE5F723E, cid=4071, SUCCESS, logIndex=0, commits[4ee04582-2825-4055-a051-0465d62eb5ca:c6256, 97f5b9f0-d9ef-40b5-ba79-7414923e623f:c6252, 7d686585-d831-45bc-93fc-0a553b604b0e:c6251]
2019-07-08 23:05:18,219 INFO  client.GrpcClientProtocolClient (GrpcClientProtocolClient.java:onNext(255)) - client-CEF4D3493DC0->4ee04582-2825-4055-a051-0465d62eb5ca: receive RaftClientReply:client-CEF4D3493DC0->4ee04582-2825-4055-a051-0465d62eb5ca@group-78E0FE5F723E, cid=4072, SUCCESS, logIndex=6258, commits[4ee04582-2825-4055-a051-0465d62eb5ca:c6259, 97f5b9f0-d9ef-40b5-ba79-7414923e623f:c6257, 7d686585-d831-45bc-93fc-0a553b604b0e:c6253]
2019-07-08 23:05:18,219 INFO  client.GrpcClientProtocolClient (GrpcClientProtocolClient.java:onNext(255)) - client-CEF4D3493DC0->4ee04582-2825-4055-a051-0465d62eb5ca: receive RaftClientReply:client-CEF4D3493DC0->4ee04582-2825-4055-a051-0465d62eb5ca@group-78E0FE5F723E, cid=4073, SUCCESS, logIndex=6259, commits[4ee04582-2825-4055-a051-0465d62eb5ca:c6259, 97f5b9f0-d9ef-40b5-ba79-7414923e623f:c6257, 7d686585-d831-45bc-93fc-0a553b604b0e:c6257]
2019-07-08 23:05:18,231 INFO  client.GrpcClientProtocolClient (GrpcClientProtocolClient.java:onNext(255)) - client-CEF4D3493DC0->4ee04582-2825-4055-a051-0465d62eb5ca: receive RaftClientReply:client-CEF4D3493DC0->4ee04582-2825-4055-a051-0465d62eb5ca@group-78E0FE5F723E, cid=4074, SUCCESS, logIndex=6262, commits[4ee04582-2825-4055-a051-0465d62eb5ca:c6263, 97f5b9f0-d9ef-40b5-ba79-7414923e623f:c6261, 7d686585-d831-45bc-93fc-0a553b604b0e:c6259]
2019-07-08 23:05:18,231 INFO  client.GrpcClientProtocolClient (GrpcClientProtocolClient.java:onNext(255)) - client-CEF4D3493DC0->4ee04582-2825-4055-a051-0465d62eb5ca: receive RaftClientReply:client-CEF4D3493DC0->4ee04582-2825-4055-a051-0465d62eb5ca@group-78E0FE5F723E, cid=4075, SUCCESS, logIndex=6263, commits[4ee04582-2825-4055-a051-0465d62eb5ca:c6263, 97f5b9f0-d9ef-40b5-ba79-7414923e623f:c6261, 7d686585-d831-45bc-93fc-0a553b604b0e:c6261]
2019-07-08 23:05:18,235 INFO  client.GrpcClientProtocolClient (GrpcClientProtocolClient.java:onNext(255)) - client-CEF4D3493DC0->4ee04582-2825-4055-a051-0465d62eb5ca: receive RaftClientReply:client-CEF4D3493DC0->4ee04582-2825-4055-a051-0465d62eb5ca@group-78E0FE5F723E, cid=4076, SUCCESS, logIndex=0, commits[4ee04582-2825-4055-a051-0465d62eb5ca:c6264, 97f5b9f0-d9ef-40b5-ba79-7414923e623f:c6263, 7d686585-d831-45bc-93fc-0a553b604b0e:c6263]
2019-07-08 23:05:18,260 INFO  client.GrpcClientProtocolClient (GrpcClientProtocolClient.java:onNext(255)) - client-CEF4D3493DC0->4ee04582-2825-4055-a051-0465d62eb5ca: receive RaftClientReply:client-CEF4D3493DC0->4ee04582-2825-4055-a051-0465d62eb5ca@group-78E0FE5F723E, cid=4077, SUCCESS, logIndex=6266, commits[4ee04582-2825-4055-a051-0465d62eb5ca:c6267, 97f5b9f0-d9ef-40b5-ba79-7414923e623f:c6265, 7d686585-d831-45bc-93fc-0a553b604b0e:c6263]
2019-07-08 23:05:18,261 INFO  client.GrpcClientProtocolClient (GrpcClientProtocolClient.java:onNext(255)) - client-CEF4D3493DC0->4ee04582-2825-4055-a051-0465d62eb5ca: receive RaftClientReply:client-CEF4D3493DC0->4ee04582-2825-4055-a051-0465d62eb5ca@group-78E0FE5F723E, cid=4078, SUCCESS, logIndex=6267, commits[4ee04582-2825-4055-a051-0465d62eb5ca:c6267, 97f5b9f0-d9ef-40b5-ba79-7414923e623f:c6265, 7d686585-d831-45bc-93fc-0a553b604b0e:c6263]
2019-07-08 23:05:18,263 INFO  client.GrpcClientProtocolClient (GrpcClientProtocolClient.java:onNext(255)) - client-CEF4D3493DC0->4ee04582-2825-4055-a051-0465d62eb5ca: receive RaftClientReply:client-CEF4D3493DC0->4ee04582-2825-4055-a051-0465d62eb5ca@group-78E0FE5F723E, cid=4079, SUCCESS, logIndex=6268, commits[4ee04582-2825-4055-a051-0465d62eb5ca:c6269, 97f5b9f0-d9ef-40b5-ba79-7414923e623f:c6265, 7d686585-d831-45bc-93fc-0a553b604b0e:c6265]
2019-07-08 23:05:18,263 INFO  client.GrpcClientProtocolClient (GrpcClientProtocolClient.java:onNext(255)) - client-CEF4D3493DC0->4ee04582-2825-4055-a051-0465d62eb5ca: receive RaftClientReply:client-CEF4D3493DC0->4ee04582-2825-4055-a051-0465d62eb5ca@group-78E0FE5F723E, cid=4080, SUCCESS, logIndex=6269, commits[4ee04582-2825-4055-a051-0465d62eb5ca:c6269, 97f5b9f0-d9ef-40b5-ba79-7414923e623f:c6265, 7d686585-d831-45bc-93fc-0a553b604b0e:c6265]
2019-07-08 23:05:18,264 INFO  client.GrpcClientProtocolClient (GrpcClientProtocolClient.java:onNext(255)) - client-CEF4D3493DC0->4ee04582-2825-4055-a051-0465d62eb5ca: receive RaftClientReply:client-CEF4D3493DC0->4ee04582-2825-4055-a051-0465d62eb5ca@group-78E0FE5F723E, cid=4081, SUCCESS, logIndex=0, commits[4ee04582-2825-4055-a051-0465d62eb5ca:c6271, 97f5b9f0-d9ef-40b5-ba79-7414923e623f:c6267, 7d686585-d831-45bc-93fc-0a553b604b0e:c6267]
2019-07-08 23:05:18,282 INFO  client.GrpcClientProtocolClient (GrpcClientProtocolClient.java:onNext(255)) - client-CEF4D3493DC0->4ee04582-2825-4055-a051-0465d62eb5ca: receive RaftClientReply:client-CEF4D3493DC0->4ee04582-2825-4055-a051-0465d62eb5ca@group-78E0FE5F723E, cid=4082, SUCCESS, logIndex=6274, commits[4ee04582-2825-4055-a051-0465d62eb5ca:c6275, 97f5b9f0-d9ef-40b5-ba79-7414923e623f:c6273, 7d686585-d831-45bc-93fc-0a553b604b0e:c6273]
2019-07-08 23:05:18,282 INFO  client.GrpcClientProtocolClient (GrpcClientProtocolClient.java:onNext(255)) - client-CEF4D3493DC0->4ee04582-2825-4055-a051-0465d62eb5ca: receive RaftClientReply:client-CEF4D3493DC0->4ee04582-2825-4055-a051-0465d62eb5ca@group-78E0FE5F723E, cid=4083, SUCCESS, logIndex=6275, commits[4ee04582-2825-4055-a051-0465d62eb5ca:c6275, 97f5b9f0-d9ef-40b5-ba79-7414923e623f:c6273, 7d686585-d831-45bc-93fc-0a553b604b0e:c6273]
2019-07-08 23:05:18,294 INFO  client.GrpcClientProtocolClient (GrpcClientProtocolClient.java:onNext(255)) - client-CEF4D3493DC0->4ee04582-2825-4055-a051-0465d62eb5ca: receive RaftClientReply:client-CEF4D3493DC0->4ee04582-2825-4055-a051-0465d62eb5ca@group-78E0FE5F723E, cid=4084, SUCCESS, logIndex=6278, commits[4ee04582-2825-4055-a051-0465d62eb5ca:c6279, 97f5b9f0-d9ef-40b5-ba79-7414923e623f:c6277, 7d686585-d831-45bc-93fc-0a553b604b0e:c6275]
2019-07-08 23:05:18,294 INFO  client.GrpcClientProtocolClient (GrpcClientProtocolClient.java:onNext(255)) - client-CEF4D3493DC0->4ee04582-2825-4055-a051-0465d62eb5ca: receive RaftClientReply:client-CEF4D3493DC0->4ee04582-2825-4055-a051-0465d62eb5ca@group-78E0FE5F723E, cid=4085, SUCCESS, logIndex=6279, commits[4ee04582-2825-4055-a051-0465d62eb5ca:c6279, 97f5b9f0-d9ef-40b5-ba79-7414923e623f:c6277, 7d686585-d831-45bc-93fc-0a553b604b0e:c6277]
2019-07-08 23:05:18,299 INFO  client.GrpcClientProtocolClient (GrpcClientProtocolClient.java:onNext(255)) - client-CEF4D3493DC0->4ee04582-2825-4055-a051-0465d62eb5ca: receive RaftClientReply:client-CEF4D3493DC0->4ee04582-2825-4055-a051-0465d62eb5ca@group-78E0FE5F723E, cid=4086, SUCCESS, logIndex=0, commits[4ee04582-2825-4055-a051-0465d62eb5ca:c6281, 97f5b9f0-d9ef-40b5-ba79-7414923e623f:c6279, 7d686585-d831-45bc-93fc-0a553b604b0e:c6279]
2019-07-08 23:05:18,332 INFO  client.GrpcClientProtocolClient (GrpcClientProtocolClient.java:onNext(255)) - client-CEF4D3493DC0->4ee04582-2825-4055-a051-0465d62eb5ca: receive RaftClientReply:client-CEF4D3493DC0->4ee04582-2825-4055-a051-0465d62eb5ca@group-78E0FE5F723E, cid=4087, SUCCESS, logIndex=6282, commits[4ee04582-2825-4055-a051-0465d62eb5ca:c6283, 97f5b9f0-d9ef-40b5-ba79-7414923e623f:c6279, 7d686585-d831-45bc-93fc-0a553b604b0e:c6281]
2019-07-08 23:05:18,332 INFO  client.GrpcClientProtocolClient (GrpcClientProtocolClient.java:onNext(255)) - client-CEF4D3493DC0->4ee04582-2825-4055-a051-0465d62eb5ca: receive RaftClientReply:client-CEF4D3493DC0->4ee04582-2825-4055-a051-0465d62eb5ca@group-78E0FE5F723E, cid=4088, SUCCESS, logIndex=6283, commits[4ee04582-2825-4055-a051-0465d62eb5ca:c6283, 97f5b9f0-d9ef-40b5-ba79-7414923e623f:c6279, 7d686585-d831-45bc-93fc-0a553b604b0e:c6281]
2019-07-08 23:05:18,333 INFO  client.GrpcClientProtocolClient (GrpcClientProtocolClient.java:onNext(255)) - client-CEF4D3493DC0->4ee04582-2825-4055-a051-0465d62eb5ca: receive RaftClientReply:client-CEF4D3493DC0->4ee04582-2825-4055-a051-0465d62eb5ca@group-78E0FE5F723E, cid=4089, SUCCESS, logIndex=6284, commits[4ee04582-2825-4055-a051-0465d62eb5ca:c6285, 97f5b9f0-d9ef-40b5-ba79-7414923e623f:c6281, 7d686585-d831-45bc-93fc-0a553b604b0e:c6281]
2019-07-08 23:05:18,852 INFO  client.GrpcClientProtocolClient (GrpcClientProtocolClient.java:onNext(255)) - client-CEF4D3493DC0->4ee04582-2825-4055-a051-0465d62eb5ca: receive RaftClientReply:client-CEF4D3493DC0->4ee04582-2825-4055-a051-0465d62eb5ca@group-78E0FE5F723E, cid=4090, SUCCESS, logIndex=6285, commits[4ee04582-2825-4055-a051-0465d62eb5ca:c6285, 97f5b9f0-d9ef-40b5-ba79-7414923e623f:c6281, 7d686585-d831-45bc-93fc-0a553b604b0e:c6281]
2019-07-08 23:05:18,853 INFO  client.GrpcClientProtocolClient (GrpcClientProtocolClient.java:onNext(255)) - client-CEF4D3493DC0->4ee04582-2825-4055-a051-0465d62eb5ca: receive RaftClientReply:client-CEF4D3493DC0->4ee04582-2825-4055-a051-0465d62eb5ca@group-78E0FE5F723E, cid=4091, SUCCESS, logIndex=0, commits[4ee04582-2825-4055-a051-0465d62eb5ca:c6289, 97f5b9f0-d9ef-40b5-ba79-7414923e623f:c6283, 7d686585-d831-45bc-93fc-0a553b604b0e:c6285]
2019-07-08 23:05:18,868 INFO  client.GrpcClientProtocolClient (GrpcClientProtocolClient.java:onNext(255)) - client-CEF4D3493DC0->4ee04582-2825-4055-a051-0465d62eb5ca: receive RaftClientReply:client-CEF4D3493DC0->4ee04582-2825-4055-a051-0465d62eb5ca@group-78E0FE5F723E, cid=4092, SUCCESS, logIndex=6290, commits[4ee04582-2825-4055-a051-0465d62eb5ca:c6291, 97f5b9f0-d9ef-40b5-ba79-7414923e623f:c6289, 7d686585-d831-45bc-93fc-0a553b604b0e:c6289]
2019-07-08 23:05:18,869 INFO  client.GrpcClientProtocolClient (GrpcClientProtocolClient.java:onNext(255)) - client-CEF4D3493DC0->4ee04582-2825-4055-a051-0465d62eb5ca: receive RaftClientReply:client-CEF4D3493DC0->4ee04582-2825-4055-a051-0465d62eb5ca@group-78E0FE5F723E, cid=4093, SUCCESS, logIndex=6291, commits[4ee04582-2825-4055-a051-0465d62eb5ca:c6291, 97f5b9f0-d9ef-40b5-ba79-7414923e623f:c6289, 7d686585-d831-45bc-93fc-0a553b604b0e:c6289]
2019-07-08 23:05:18,882 INFO  client.GrpcClientProtocolClient (GrpcClientProtocolClient.java:onNext(255)) - client-CEF4D3493DC0->4ee04582-2825-4055-a051-0465d62eb5ca: receive RaftClientReply:client-CEF4D3493DC0->4ee04582-2825-4055-a051-0465d62eb5ca@group-78E0FE5F723E, cid=4094, SUCCESS, logIndex=6294, commits[4ee04582-2825-4055-a051-0465d62eb5ca:c6295, 97f5b9f0-d9ef-40b5-ba79-7414923e623f:c6293, 7d686585-d831-45bc-93fc-0a553b604b0e:c6293]
2019-07-08 23:05:18,882 INFO  client.GrpcClientProtocolClient (GrpcClientProtocolClient.java:onNext(255)) - client-CEF4D3493DC0->4ee04582-2825-4055-a051-0465d62eb5ca: receive RaftClientReply:client-CEF4D3493DC0->4ee04582-2825-4055-a051-0465d62eb5ca@group-78E0FE5F723E, cid=4095, SUCCESS, logIndex=6295, commits[4ee04582-2825-4055-a051-0465d62eb5ca:c6295, 97f5b9f0-d9ef-40b5-ba79-7414923e623f:c6293, 7d686585-d831-45bc-93fc-0a553b604b0e:c6293]
2019-07-08 23:05:18,885 INFO  client.GrpcClientProtocolClient (GrpcClientProtocolClient.java:onNext(255)) - client-CEF4D3493DC0->4ee04582-2825-4055-a051-0465d62eb5ca: receive RaftClientReply:client-CEF4D3493DC0->4ee04582-2825-4055-a051-0465d62eb5ca@group-78E0FE5F723E, cid=4096, SUCCESS, logIndex=0, commits[4ee04582-2825-4055-a051-0465d62eb5ca:c6296, 97f5b9f0-d9ef-40b5-ba79-7414923e623f:c6295, 7d686585-d831-45bc-93fc-0a553b604b0e:c6295]
2019-07-08 23:05:18,914 INFO  client.GrpcClientProtocolClient (GrpcClientProtocolClient.java:onNext(255)) - client-CEF4D3493DC0->4ee04582-2825-4055-a051-0465d62eb5ca: receive RaftClientReply:client-CEF4D3493DC0->4ee04582-2825-4055-a051-0465d62eb5ca@group-78E0FE5F723E, cid=4097, SUCCESS, logIndex=6298, commits[4ee04582-2825-4055-a051-0465d62eb5ca:c6301, 97f5b9f0-d9ef-40b5-ba79-7414923e623f:c6297, 7d686585-d831-45bc-93fc-0a553b604b0e:c6295]
2019-07-08 23:05:18,915 INFO  client.GrpcClientProtocolClient (GrpcClientProtocolClient.java:onNext(255)) - client-CEF4D3493DC0->4ee04582-2825-4055-a051-0465d62eb5ca: receive RaftClientReply:client-CEF4D3493DC0->4ee04582-2825-4055-a051-0465d62eb5ca@group-78E0FE5F723E, cid=4098, SUCCESS, logIndex=6299, commits[4ee04582-2825-4055-a051-0465d62eb5ca:c6301, 97f5b9f0-d9ef-40b5-ba79-7414923e623f:c6297, 7d686585-d831-45bc-93fc-0a553b604b0e:c6297]
2019-07-08 23:05:18,915 INFO  client.GrpcClientProtocolClient (GrpcClientProtocolClient.java:onNext(255)) - client-CEF4D3493DC0->4ee04582-2825-4055-a051-0465d62eb5ca: receive RaftClientReply:client-CEF4D3493DC0->4ee04582-2825-4055-a051-0465d62eb5ca@group-78E0FE5F723E, cid=4099, SUCCESS, logIndex=6300, commits[4ee04582-2825-4055-a051-0465d62eb5ca:c6301, 97f5b9f0-d9ef-40b5-ba79-7414923e623f:c6297, 7d686585-d831-45bc-93fc-0a553b604b0e:c6297]
2019-07-08 23:05:18,916 INFO  client.GrpcClientProtocolClient (GrpcClientProtocolClient.java:onNext(255)) - client-CEF4D3493DC0->4ee04582-2825-4055-a051-0465d62eb5ca: receive RaftClientReply:client-CEF4D3493DC0->4ee04582-2825-4055-a051-0465d62eb5ca@group-78E0FE5F723E, cid=4100, SUCCESS, logIndex=6301, commits[4ee04582-2825-4055-a051-0465d62eb5ca:c6301, 97f5b9f0-d9ef-40b5-ba79-7414923e623f:c6297, 7d686585-d831-45bc-93fc-0a553b604b0e:c6297]
2019-07-08 23:05:18,917 INFO  client.GrpcClientProtocolClient (GrpcClientProtocolClient.java:onNext(255)) - client-CEF4D3493DC0->4ee04582-2825-4055-a051-0465d62eb5ca: receive RaftClientReply:client-CEF4D3493DC0->4ee04582-2825-4055-a051-0465d62eb5ca@group-78E0FE5F723E, cid=4101, SUCCESS, logIndex=0, commits[4ee04582-2825-4055-a051-0465d62eb5ca:c6302, 97f5b9f0-d9ef-40b5-ba79-7414923e623f:c6300, 7d686585-d831-45bc-93fc-0a553b604b0e:c6300]
2019-07-08 23:05:18,930 INFO  client.GrpcClientProtocolClient (GrpcClientProtocolClient.java:onNext(255)) - client-CEF4D3493DC0->4ee04582-2825-4055-a051-0465d62eb5ca: receive RaftClientReply:client-CEF4D3493DC0->4ee04582-2825-4055-a051-0465d62eb5ca@group-78E0FE5F723E, cid=4102, SUCCESS, logIndex=6305, commits[4ee04582-2825-4055-a051-0465d62eb5ca:c6306, 97f5b9f0-d9ef-40b5-ba79-7414923e623f:c6301, 7d686585-d831-45bc-93fc-0a553b604b0e:c6304]
2019-07-08 23:05:18,931 INFO  client.GrpcClientProtocolClient (GrpcClientProtocolClient.java:onNext(255)) - client-CEF4D3493DC0->4ee04582-2825-4055-a051-0465d62eb5ca: receive RaftClientReply:client-CEF4D3493DC0->4ee04582-2825-4055-a051-0465d62eb5ca@group-78E0FE5F723E, cid=4103, SUCCESS, logIndex=6306, commits[4ee04582-2825-4055-a051-0465d62eb5ca:c6306, 97f5b9f0-d9ef-40b5-ba79-7414923e623f:c6304, 7d686585-d831-45bc-93fc-0a553b604b0e:c6304]
2019-07-08 23:05:18,944 INFO  client.GrpcClientProtocolClient (GrpcClientProtocolClient.java:onNext(255)) - client-CEF4D3493DC0->4ee04582-2825-4055-a051-0465d62eb5ca: receive RaftClientReply:client-CEF4D3493DC0->4ee04582-2825-4055-a051-0465d62eb5ca@group-78E0FE5F723E, cid=4104, SUCCESS, logIndex=6309, commits[4ee04582-2825-4055-a051-0465d62eb5ca:c6310, 97f5b9f0-d9ef-40b5-ba79-7414923e623f:c6308, 7d686585-d831-45bc-93fc-0a553b604b0e:c6306]
2019-07-08 23:05:18,944 INFO  client.GrpcClientProtocolClient (GrpcClientProtocolClient.java:onNext(255)) - client-CEF4D3493DC0->4ee04582-2825-4055-a051-0465d62eb5ca: receive RaftClientReply:client-CEF4D3493DC0->4ee04582-2825-4055-a051-0465d62eb5ca@group-78E0FE5F723E, cid=4105, SUCCESS, logIndex=6310, commits[4ee04582-2825-4055-a051-0465d62eb5ca:c6310, 97f5b9f0-d9ef-40b5-ba79-7414923e623f:c6308, 7d686585-d831-45bc-93fc-0a553b604b0e:c6306]
2019-07-08 23:05:18,949 INFO  client.GrpcClientProtocolClient (GrpcClientProtocolClient.java:onNext(255)) - client-CEF4D3493DC0->4ee04582-2825-4055-a051-0465d62eb5ca: receive RaftClientReply:client-CEF4D3493DC0->4ee04582-2825-4055-a051-0465d62eb5ca@group-78E0FE5F723E, cid=4106, SUCCESS, logIndex=0, commits[4ee04582-2825-4055-a051-0465d62eb5ca:c6312, 97f5b9f0-d9ef-40b5-ba79-7414923e623f:c6310, 7d686585-d831-45bc-93fc-0a553b604b0e:c6310]
2019-07-08 23:05:18,982 INFO  client.GrpcClientProtocolClient (GrpcClientProtocolClient.java:onNext(255)) - client-CEF4D3493DC0->4ee04582-2825-4055-a051-0465d62eb5ca: receive RaftClientReply:client-CEF4D3493DC0->4ee04582-2825-4055-a051-0465d62eb5ca@group-78E0FE5F723E, cid=4107, SUCCESS, logIndex=6313, commits[4ee04582-2825-4055-a051-0465d62eb5ca:c6316, 97f5b9f0-d9ef-40b5-ba79-7414923e623f:c6312, 7d686585-d831-45bc-93fc-0a553b604b0e:c6312]
2019-07-08 23:05:18,983 INFO  client.GrpcClientProtocolClient (GrpcClientProtocolClient.java:onNext(255)) - client-CEF4D3493DC0->4ee04582-2825-4055-a051-0465d62eb5ca: receive RaftClientReply:client-CEF4D3493DC0->4ee04582-2825-4055-a051-0465d62eb5ca@group-78E0FE5F723E, cid=4108, SUCCESS, logIndex=6314, commits[4ee04582-2825-4055-a051-0465d62eb5ca:c6316, 97f5b9f0-d9ef-40b5-ba79-7414923e623f:c6312, 7d686585-d831-45bc-93fc-0a553b604b0e:c6312]
2019-07-08 23:05:18,984 INFO  client.GrpcClientProtocolClient (GrpcClientProtocolClient.java:onNext(255)) - client-CEF4D3493DC0->4ee04582-2825-4055-a051-0465d62eb5ca: receive RaftClientReply:client-CEF4D3493DC0->4ee04582-2825-4055-a051-0465d62eb5ca@group-78E0FE5F723E, cid=4109, SUCCESS, logIndex=6315, commits[4ee04582-2825-4055-a051-0465d62eb5ca:c6316, 97f5b9f0-d9ef-40b5-ba79-7414923e623f:c6312, 7d686585-d831-45bc-93fc-0a553b604b0e:c6312]
2019-07-08 23:05:18,984 INFO  client.GrpcClientProtocolClient (GrpcClientProtocolClient.java:onNext(255)) - client-CEF4D3493DC0->4ee04582-2825-4055-a051-0465d62eb5ca: receive RaftClientReply:client-CEF4D3493DC0->4ee04582-2825-4055-a051-0465d62eb5ca@group-78E0FE5F723E, cid=4110, SUCCESS, logIndex=6316, commits[4ee04582-2825-4055-a051-0465d62eb5ca:c6316, 97f5b9f0-d9ef-40b5-ba79-7414923e623f:c6312, 7d686585-d831-45bc-93fc-0a553b604b0e:c6312]
2019-07-08 23:05:18,985 INFO  client.GrpcClientProtocolClient (GrpcClientProtocolClient.java:onNext(255)) - client-CEF4D3493DC0->4ee04582-2825-4055-a051-0465d62eb5ca: receive RaftClientReply:client-CEF4D3493DC0->4ee04582-2825-4055-a051-0465d62eb5ca@group-78E0FE5F723E, cid=4111, SUCCESS, logIndex=0, commits[4ee04582-2825-4055-a051-0465d62eb5ca:c6318, 97f5b9f0-d9ef-40b5-ba79-7414923e623f:c6314, 7d686585-d831-45bc-93fc-0a553b604b0e:c6314]
2019-07-08 23:05:18,998 INFO  client.GrpcClientProtocolClient (GrpcClientProtocolClient.java:onNext(255)) - client-CEF4D3493DC0->4ee04582-2825-4055-a051-0465d62eb5ca: receive RaftClientReply:client-CEF4D3493DC0->4ee04582-2825-4055-a051-0465d62eb5ca@group-78E0FE5F723E, cid=4112, SUCCESS, logIndex=6321, commits[4ee04582-2825-4055-a051-0465d62eb5ca:c6322, 97f5b9f0-d9ef-40b5-ba79-7414923e623f:c6320, 7d686585-d831-45bc-93fc-0a553b604b0e:c6316]
2019-07-08 23:05:18,998 INFO  client.GrpcClientProtocolClient (GrpcClientProtocolClient.java:onNext(255)) - client-CEF4D3493DC0->4ee04582-2825-4055-a051-0465d62eb5ca: receive RaftClientReply:client-CEF4D3493DC0->4ee04582-2825-4055-a051-0465d62eb5ca@group-78E0FE5F723E, cid=4113, SUCCESS, logIndex=6322, commits[4ee04582-2825-4055-a051-0465d62eb5ca:c6322, 97f5b9f0-d9ef-40b5-ba79-7414923e623f:c6320, 7d686585-d831-45bc-93fc-0a553b604b0e:c6320]
2019-07-08 23:05:19,009 INFO  client.GrpcClientProtocolClient (GrpcClientProtocolClient.java:onNext(255)) - client-CEF4D3493DC0->4ee04582-2825-4055-a051-0465d62eb5ca: receive RaftClientReply:client-CEF4D3493DC0->4ee04582-2825-4055-a051-0465d62eb5ca@group-78E0FE5F723E, cid=4114, SUCCESS, logIndex=6325, commits[4ee04582-2825-4055-a051-0465d62eb5ca:c6326, 97f5b9f0-d9ef-40b5-ba79-7414923e623f:c6322, 7d686585-d831-45bc-93fc-0a553b604b0e:c6324]
2019-07-08 23:05:19,009 INFO  client.GrpcClientProtocolClient (GrpcClientProtocolClient.java:onNext(255)) - client-CEF4D3493DC0->4ee04582-2825-4055-a051-0465d62eb5ca: receive RaftClientReply:client-CEF4D3493DC0->4ee04582-2825-4055-a051-0465d62eb5ca@group-78E0FE5F723E, cid=4115, SUCCESS, logIndex=6326, commits[4ee04582-2825-4055-a051-0465d62eb5ca:c6326, 97f5b9f0-d9ef-40b5-ba79-7414923e623f:c6324, 7d686585-d831-45bc-93fc-0a553b604b0e:c6324]
2019-07-08 23:05:19,012 INFO  client.GrpcClientProtocolClient (GrpcClientProtocolClient.java:onNext(255)) - client-CEF4D3493DC0->4ee04582-2825-4055-a051-0465d62eb5ca: receive RaftClientReply:client-CEF4D3493DC0->4ee04582-2825-4055-a051-0465d62eb5ca@group-78E0FE5F723E, cid=4116, SUCCESS, logIndex=0, commits[4ee04582-2825-4055-a051-0465d62eb5ca:c6327, 97f5b9f0-d9ef-40b5-ba79-7414923e623f:c6326, 7d686585-d831-45bc-93fc-0a553b604b0e:c6326]
2019-07-08 23:05:19,038 INFO  client.GrpcClientProtocolClient (GrpcClientProtocolClient.java:onNext(255)) - client-CEF4D3493DC0->4ee04582-2825-4055-a051-0465d62eb5ca: receive RaftClientReply:client-CEF4D3493DC0->4ee04582-2825-4055-a051-0465d62eb5ca@group-78E0FE5F723E, cid=4117, SUCCESS, logIndex=6329, commits[4ee04582-2825-4055-a051-0465d62eb5ca:c6330, 97f5b9f0-d9ef-40b5-ba79-7414923e623f:c6326, 7d686585-d831-45bc-93fc-0a553b604b0e:c6328]
2019-07-08 23:05:19,038 INFO  client.GrpcClientProtocolClient (GrpcClientProtocolClient.java:onNext(255)) - client-CEF4D3493DC0->4ee04582-2825-4055-a051-0465d62eb5ca: receive RaftClientReply:client-CEF4D3493DC0->4ee04582-2825-4055-a051-0465d62eb5ca@group-78E0FE5F723E, cid=4118, SUCCESS, logIndex=6330, commits[4ee04582-2825-4055-a051-0465d62eb5ca:c6332, 97f5b9f0-d9ef-40b5-ba79-7414923e623f:c6328, 7d686585-d831-45bc-93fc-0a553b604b0e:c6328]
2019-07-08 23:05:19,038 INFO  client.GrpcClientProtocolClient (GrpcClientProtocolClient.java:onNext(255)) - client-CEF4D3493DC0->4ee04582-2825-4055-a051-0465d62eb5ca: receive RaftClientReply:client-CEF4D3493DC0->4ee04582-2825-4055-a051-0465d62eb5ca@group-78E0FE5F723E, cid=4119, SUCCESS, logIndex=6331, commits[4ee04582-2825-4055-a051-0465d62eb5ca:c6332, 97f5b9f0-d9ef-40b5-ba79-7414923e623f:c6328, 7d686585-d831-45bc-93fc-0a553b604b0e:c6328]
2019-07-08 23:05:19,039 INFO  client.GrpcClientProtocolClient (GrpcClientProtocolClient.java:onNext(255)) - client-CEF4D3493DC0->4ee04582-2825-4055-a051-0465d62eb5ca: receive RaftClientReply:client-CEF4D3493DC0->4ee04582-2825-4055-a051-0465d62eb5ca@group-78E0FE5F723E, cid=4120, SUCCESS, logIndex=6332, commits[4ee04582-2825-4055-a051-0465d62eb5ca:c6332, 97f5b9f0-d9ef-40b5-ba79-7414923e623f:c6328, 7d686585-d831-45bc-93fc-0a553b604b0e:c6328]
2019-07-08 23:05:19,041 INFO  client.GrpcClientProtocolClient (GrpcClientProtocolClient.java:onNext(255)) - client-CEF4D3493DC0->4ee04582-2825-4055-a051-0465d62eb5ca: receive RaftClientReply:client-CEF4D3493DC0->4ee04582-2825-4055-a051-0465d62eb5ca@group-78E0FE5F723E, cid=4121, SUCCESS, logIndex=0, commits[4ee04582-2825-4055-a051-0465d62eb5ca:c6333, 97f5b9f0-d9ef-40b5-ba79-7414923e623f:c6330, 7d686585-d831-45bc-93fc-0a553b604b0e:c6330]
2019-07-08 23:05:19,054 INFO  client.GrpcClientProtocolClient (GrpcClientProtocolClient.java:onNext(255)) - client-CEF4D3493DC0->4ee04582-2825-4055-a051-0465d62eb5ca: receive RaftClientReply:client-CEF4D3493DC0->4ee04582-2825-4055-a051-0465d62eb5ca@group-78E0FE5F723E, cid=4122, SUCCESS, logIndex=6336, commits[4ee04582-2825-4055-a051-0465d62eb5ca:c6337, 97f5b9f0-d9ef-40b5-ba79-7414923e623f:c6335, 7d686585-d831-45bc-93fc-0a553b604b0e:c6332]
2019-07-08 23:05:19,054 INFO  client.GrpcClientProtocolClient (GrpcClientProtocolClient.java:onNext(255)) - client-CEF4D3493DC0->4ee04582-2825-4055-a051-0465d62eb5ca: receive RaftClientReply:client-CEF4D3493DC0->4ee04582-2825-4055-a051-0465d62eb5ca@group-78E0FE5F723E, cid=4123, SUCCESS, logIndex=6337, commits[4ee04582-2825-4055-a051-0465d62eb5ca:c6337, 97f5b9f0-d9ef-40b5-ba79-7414923e623f:c6335, 7d686585-d831-45bc-93fc-0a553b604b0e:c6335]
2019-07-08 23:05:19,072 INFO  client.GrpcClientProtocolClient (GrpcClientProtocolClient.java:onNext(255)) - client-CEF4D3493DC0->4ee04582-2825-4055-a051-0465d62eb5ca: receive RaftClientReply:client-CEF4D3493DC0->4ee04582-2825-4055-a051-0465d62eb5ca@group-78E0FE5F723E, cid=4124, SUCCESS, logIndex=6340, commits[4ee04582-2825-4055-a051-0465d62eb5ca:c6341, 97f5b9f0-d9ef-40b5-ba79-7414923e623f:c6339, 7d686585-d831-45bc-93fc-0a553b604b0e:c6339]
2019-07-08 23:05:19,072 INFO  client.GrpcClientProtocolClient (GrpcClientProtocolClient.java:onNext(255)) - client-CEF4D3493DC0->4ee04582-2825-4055-a051-0465d62eb5ca: receive RaftClientReply:client-CEF4D3493DC0->4ee04582-2825-4055-a051-0465d62eb5ca@group-78E0FE5F723E, cid=4125, SUCCESS, logIndex=6341, commits[4ee04582-2825-4055-a051-0465d62eb5ca:c6341, 97f5b9f0-d9ef-40b5-ba79-7414923e623f:c6339, 7d686585-d831-45bc-93fc-0a553b604b0e:c6339]
2019-07-08 23:05:19,076 INFO  client.GrpcClientProtocolClient (GrpcClientProtocolClient.java:onNext(255)) - client-CEF4D3493DC0->4ee04582-2825-4055-a051-0465d62eb5ca: receive RaftClientReply:client-CEF4D3493DC0->4ee04582-2825-4055-a051-0465d62eb5ca@group-78E0FE5F723E, cid=4126, SUCCESS, logIndex=0, commits[4ee04582-2825-4055-a051-0465d62eb5ca:c6343, 97f5b9f0-d9ef-40b5-ba79-7414923e623f:c6341, 7d686585-d831-45bc-93fc-0a553b604b0e:c6341]
2019-07-08 23:05:19,103 INFO  client.GrpcClientProtocolClient (GrpcClientProtocolClient.java:onNext(255)) - client-CEF4D3493DC0->4ee04582-2825-4055-a051-0465d62eb5ca: receive RaftClientReply:client-CEF4D3493DC0->4ee04582-2825-4055-a051-0465d62eb5ca@group-78E0FE5F723E, cid=4127, SUCCESS, logIndex=6344, commits[4ee04582-2825-4055-a051-0465d62eb5ca:c6345, 97f5b9f0-d9ef-40b5-ba79-7414923e623f:c6343, 7d686585-d831-45bc-93fc-0a553b604b0e:c6341]
2019-07-08 23:05:19,103 INFO  client.GrpcClientProtocolClient (GrpcClientProtocolClient.java:onNext(255)) - client-CEF4D3493DC0->4ee04582-2825-4055-a051-0465d62eb5ca: receive RaftClientReply:client-CEF4D3493DC0->4ee04582-2825-4055-a051-0465d62eb5ca@group-78E0FE5F723E, cid=4128, SUCCESS, logIndex=6345, commits[4ee04582-2825-4055-a051-0465d62eb5ca:c6345, 97f5b9f0-d9ef-40b5-ba79-7414923e623f:c6343, 7d686585-d831-45bc-93fc-0a553b604b0e:c6343]
2019-07-08 23:05:19,107 INFO  client.GrpcClientProtocolClient (GrpcClientProtocolClient.java:onNext(255)) - client-CEF4D3493DC0->4ee04582-2825-4055-a051-0465d62eb5ca: receive RaftClientReply:client-CEF4D3493DC0->4ee04582-2825-4055-a051-0465d62eb5ca@group-78E0FE5F723E, cid=4129, SUCCESS, logIndex=6346, commits[4ee04582-2825-4055-a051-0465d62eb5ca:c6347, 97f5b9f0-d9ef-40b5-ba79-7414923e623f:c6343, 7d686585-d831-45bc-93fc-0a553b604b0e:c6343]
2019-07-08 23:05:19,108 INFO  client.GrpcClientProtocolClient (GrpcClientProtocolClient.java:onNext(255)) - client-CEF4D3493DC0->4ee04582-2825-4055-a051-0465d62eb5ca: receive RaftClientReply:client-CEF4D3493DC0->4ee04582-2825-4055-a051-0465d62eb5ca@group-78E0FE5F723E, cid=4130, SUCCESS, logIndex=6347, commits[4ee04582-2825-4055-a051-0465d62eb5ca:c6348, 97f5b9f0-d9ef-40b5-ba79-7414923e623f:c6344, 7d686585-d831-45bc-93fc-0a553b604b0e:c6345]
2019-07-08 23:05:19,109 INFO  client.GrpcClientProtocolClient (GrpcClientProtocolClient.java:onNext(255)) - client-CEF4D3493DC0->4ee04582-2825-4055-a051-0465d62eb5ca: receive RaftClientReply:client-CEF4D3493DC0->4ee04582-2825-4055-a051-0465d62eb5ca@group-78E0FE5F723E, cid=4131, SUCCESS, logIndex=0, commits[4ee04582-2825-4055-a051-0465d62eb5ca:c6349, 97f5b9f0-d9ef-40b5-ba79-7414923e623f:c6345, 7d686585-d831-45bc-93fc-0a553b604b0e:c6345]
2019-07-08 23:05:19,127 INFO  client.GrpcClientProtocolClient (GrpcClientProtocolClient.java:onNext(255)) - client-CEF4D3493DC0->4ee04582-2825-4055-a051-0465d62eb5ca: receive RaftClientReply:client-CEF4D3493DC0->4ee04582-2825-4055-a051-0465d62eb5ca@group-78E0FE5F723E, cid=4132, SUCCESS, logIndex=6352, commits[4ee04582-2825-4055-a051-0465d62eb5ca:c6353, 97f5b9f0-d9ef-40b5-ba79-7414923e623f:c6351, 7d686585-d831-45bc-93fc-0a553b604b0e:c6351]
2019-07-08 23:05:19,127 INFO  client.GrpcClientProtocolClient (GrpcClientProtocolClient.java:onNext(255)) - client-CEF4D3493DC0->4ee04582-2825-4055-a051-0465d62eb5ca: receive RaftClientReply:client-CEF4D3493DC0->4ee04582-2825-4055-a051-0465d62eb5ca@group-78E0FE5F723E, cid=4133, SUCCESS, logIndex=6353, commits[4ee04582-2825-4055-a051-0465d62eb5ca:c6353, 97f5b9f0-d9ef-40b5-ba79-7414923e623f:c6351, 7d686585-d831-45bc-93fc-0a553b604b0e:c6351]
2019-07-08 23:05:19,137 INFO  client.GrpcClientProtocolClient (GrpcClientProtocolClient.java:onNext(255)) - client-CEF4D3493DC0->4ee04582-2825-4055-a051-0465d62eb5ca: receive RaftClientReply:client-CEF4D3493DC0->4ee04582-2825-4055-a051-0465d62eb5ca@group-78E0FE5F723E, cid=4134, SUCCESS, logIndex=6356, commits[4ee04582-2825-4055-a051-0465d62eb5ca:c6357, 97f5b9f0-d9ef-40b5-ba79-7414923e623f:c6355, 7d686585-d831-45bc-93fc-0a553b604b0e:c6353]
2019-07-08 23:05:19,138 INFO  client.GrpcClientProtocolClient (GrpcClientProtocolClient.java:onNext(255)) - client-CEF4D3493DC0->4ee04582-2825-4055-a051-0465d62eb5ca: receive RaftClientReply:client-CEF4D3493DC0->4ee04582-2825-4055-a051-0465d62eb5ca@group-78E0FE5F723E, cid=4135, SUCCESS, logIndex=6357, commits[4ee04582-2825-4055-a051-0465d62eb5ca:c6357, 97f5b9f0-d9ef-40b5-ba79-7414923e623f:c6355, 7d686585-d831-45bc-93fc-0a553b604b0e:c6355]
2019-07-08 23:05:19,140 INFO  client.GrpcClientProtocolClient (GrpcClientProtocolClient.java:onNext(255)) - client-CEF4D3493DC0->4ee04582-2825-4055-a051-0465d62eb5ca: receive RaftClientReply:client-CEF4D3493DC0->4ee04582-2825-4055-a051-0465d62eb5ca@group-78E0FE5F723E, cid=4136, SUCCESS, logIndex=0, commits[4ee04582-2825-4055-a051-0465d62eb5ca:c6358, 97f5b9f0-d9ef-40b5-ba79-7414923e623f:c6357, 7d686585-d831-45bc-93fc-0a553b604b0e:c6357]
 0.00% |█                                                                                                    |  0/1 Time: 0:00:282019-07-08 23:05:19,164 INFO  client.GrpcClientProtocolClient (GrpcClientProtocolClient.java:onNext(255)) - client-CEF4D3493DC0->4ee04582-2825-4055-a051-0465d62eb5ca: receive RaftClientReply:client-CEF4D3493DC0->4ee04582-2825-4055-a051-0465d62eb5ca@group-78E0FE5F723E, cid=4137, SUCCESS, logIndex=6359, commits[4ee04582-2825-4055-a051-0465d62eb5ca:c6361, 97f5b9f0-d9ef-40b5-ba79-7414923e623f:c6358, 7d686585-d831-45bc-93fc-0a553b604b0e:c6357]
2019-07-08 23:05:19,164 INFO  client.GrpcClientProtocolClient (GrpcClientProtocolClient.java:onNext(255)) - client-CEF4D3493DC0->4ee04582-2825-4055-a051-0465d62eb5ca: receive RaftClientReply:client-CEF4D3493DC0->4ee04582-2825-4055-a051-0465d62eb5ca@group-78E0FE5F723E, cid=4138, SUCCESS, logIndex=6360, commits[4ee04582-2825-4055-a051-0465d62eb5ca:c6362, 97f5b9f0-d9ef-40b5-ba79-7414923e623f:c6358, 7d686585-d831-45bc-93fc-0a553b604b0e:c6358]
2019-07-08 23:05:19,164 INFO  client.GrpcClientProtocolClient (GrpcClientProtocolClient.java:onNext(255)) - client-CEF4D3493DC0->4ee04582-2825-4055-a051-0465d62eb5ca: receive RaftClientReply:client-CEF4D3493DC0->4ee04582-2825-4055-a051-0465d62eb5ca@group-78E0FE5F723E, cid=4139, SUCCESS, logIndex=6361, commits[4ee04582-2825-4055-a051-0465d62eb5ca:c6362, 97f5b9f0-d9ef-40b5-ba79-7414923e623f:c6358, 7d686585-d831-45bc-93fc-0a553b604b0e:c6358]
2019-07-08 23:05:19,165 INFO  client.GrpcClientProtocolClient (GrpcClientProtocolClient.java:onNext(255)) - client-CEF4D3493DC0->4ee04582-2825-4055-a051-0465d62eb5ca: receive RaftClientReply:client-CEF4D3493DC0->4ee04582-2825-4055-a051-0465d62eb5ca@group-78E0FE5F723E, cid=4140, SUCCESS, logIndex=6362, commits[4ee04582-2825-4055-a051-0465d62eb5ca:c6362, 97f5b9f0-d9ef-40b5-ba79-7414923e623f:c6358, 7d686585-d831-45bc-93fc-0a553b604b0e:c6358]
2019-07-08 23:05:19,167 INFO  client.GrpcClientProtocolClient (GrpcClientProtocolClient.java:onNext(255)) - client-CEF4D3493DC0->4ee04582-2825-4055-a051-0465d62eb5ca: receive RaftClientReply:client-CEF4D3493DC0->4ee04582-2825-4055-a051-0465d62eb5ca@group-78E0FE5F723E, cid=4141, SUCCESS, logIndex=0, commits[4ee04582-2825-4055-a051-0465d62eb5ca:c6365, 97f5b9f0-d9ef-40b5-ba79-7414923e623f:c6361, 7d686585-d831-45bc-93fc-0a553b604b0e:c6362]
2019-07-08 23:05:19,188 INFO  client.GrpcClientProtocolClient (GrpcClientProtocolClient.java:onNext(255)) - client-CEF4D3493DC0->4ee04582-2825-4055-a051-0465d62eb5ca: receive RaftClientReply:client-CEF4D3493DC0->4ee04582-2825-4055-a051-0465d62eb5ca@group-78E0FE5F723E, cid=4142, SUCCESS, logIndex=6367, commits[4ee04582-2825-4055-a051-0465d62eb5ca:c6368, 97f5b9f0-d9ef-40b5-ba79-7414923e623f:c6366, 7d686585-d831-45bc-93fc-0a553b604b0e:c6366]
2019-07-08 23:05:19,189 INFO  client.GrpcClientProtocolClient (GrpcClientProtocolClient.java:onNext(255)) - client-CEF4D3493DC0->4ee04582-2825-4055-a051-0465d62eb5ca: receive RaftClientReply:client-CEF4D3493DC0->4ee04582-2825-4055-a051-0465d62eb5ca@group-78E0FE5F723E, cid=4143, SUCCESS, logIndex=6368, commits[4ee04582-2825-4055-a051-0465d62eb5ca:c6368, 97f5b9f0-d9ef-40b5-ba79-7414923e623f:c6366, 7d686585-d831-45bc-93fc-0a553b604b0e:c6366]
2019-07-08 23:05:19,199 INFO  client.GrpcClientProtocolClient (GrpcClientProtocolClient.java:onNext(255)) - client-CEF4D3493DC0->4ee04582-2825-4055-a051-0465d62eb5ca: receive RaftClientReply:client-CEF4D3493DC0->4ee04582-2825-4055-a051-0465d62eb5ca@group-78E0FE5F723E, cid=4144, SUCCESS, logIndex=6371, commits[4ee04582-2825-4055-a051-0465d62eb5ca:c6372, 97f5b9f0-d9ef-40b5-ba79-7414923e623f:c6369, 7d686585-d831-45bc-93fc-0a553b604b0e:c6369]
2019-07-08 23:05:19,199 INFO  client.GrpcClientProtocolClient (GrpcClientProtocolClient.java:onNext(255)) - client-CEF4D3493DC0->4ee04582-2825-4055-a051-0465d62eb5ca: receive RaftClientReply:client-CEF4D3493DC0->4ee04582-2825-4055-a051-0465d62eb5ca@group-78E0FE5F723E, cid=4145, SUCCESS, logIndex=6372, commits[4ee04582-2825-4055-a051-0465d62eb5ca:c6372, 97f5b9f0-d9ef-40b5-ba79-7414923e623f:c6369, 7d686585-d831-45bc-93fc-0a553b604b0e:c6369]
2019-07-08 23:05:19,204 INFO  client.GrpcClientProtocolClient (GrpcClientProtocolClient.java:onNext(255)) - client-CEF4D3493DC0->4ee04582-2825-4055-a051-0465d62eb5ca: receive RaftClientReply:client-CEF4D3493DC0->4ee04582-2825-4055-a051-0465d62eb5ca@group-78E0FE5F723E, cid=4146, SUCCESS, logIndex=0, commits[4ee04582-2825-4055-a051-0465d62eb5ca:c6373, 97f5b9f0-d9ef-40b5-ba79-7414923e623f:c6372, 7d686585-d831-45bc-93fc-0a553b604b0e:c6372]
2019-07-08 23:05:19,224 INFO  client.GrpcClientProtocolClient (GrpcClientProtocolClient.java:onNext(255)) - client-CEF4D3493DC0->4ee04582-2825-4055-a051-0465d62eb5ca: receive RaftClientReply:client-CEF4D3493DC0->4ee04582-2825-4055-a051-0465d62eb5ca@group-78E0FE5F723E, cid=4147, SUCCESS, logIndex=6375, commits[4ee04582-2825-4055-a051-0465d62eb5ca:c6376, 97f5b9f0-d9ef-40b5-ba79-7414923e623f:c6374, 7d686585-d831-45bc-93fc-0a553b604b0e:c6374]
2019-07-08 23:05:19,225 INFO  client.GrpcClientProtocolClient (GrpcClientProtocolClient.java:onNext(255)) - client-CEF4D3493DC0->4ee04582-2825-4055-a051-0465d62eb5ca: receive RaftClientReply:client-CEF4D3493DC0->4ee04582-2825-4055-a051-0465d62eb5ca@group-78E0FE5F723E, cid=4148, SUCCESS, logIndex=6376, commits[4ee04582-2825-4055-a051-0465d62eb5ca:c6376, 97f5b9f0-d9ef-40b5-ba79-7414923e623f:c6374, 7d686585-d831-45bc-93fc-0a553b604b0e:c6374]
2019-07-08 23:05:19,226 INFO  client.GrpcClientProtocolClient (GrpcClientProtocolClient.java:onNext(255)) - client-CEF4D3493DC0->4ee04582-2825-4055-a051-0465d62eb5ca: receive RaftClientReply:client-CEF4D3493DC0->4ee04582-2825-4055-a051-0465d62eb5ca@group-78E0FE5F723E, cid=4149, SUCCESS, logIndex=6377, commits[4ee04582-2825-4055-a051-0465d62eb5ca:c6378, 97f5b9f0-d9ef-40b5-ba79-7414923e623f:c6374, 7d686585-d831-45bc-93fc-0a553b604b0e:c6374]
2019-07-08 23:05:19,226 INFO  client.GrpcClientProtocolClient (GrpcClientProtocolClient.java:onNext(255)) - client-CEF4D3493DC0->4ee04582-2825-4055-a051-0465d62eb5ca: receive RaftClientReply:client-CEF4D3493DC0->4ee04582-2825-4055-a051-0465d62eb5ca@group-78E0FE5F723E, cid=4150, SUCCESS, logIndex=6378, commits[4ee04582-2825-4055-a051-0465d62eb5ca:c6378, 97f5b9f0-d9ef-40b5-ba79-7414923e623f:c6374, 7d686585-d831-45bc-93fc-0a553b604b0e:c6374]
2019-07-08 23:05:19,227 INFO  client.GrpcClientProtocolClient (GrpcClientProtocolClient.java:onNext(255)) - client-CEF4D3493DC0->4ee04582-2825-4055-a051-0465d62eb5ca: receive RaftClientReply:client-CEF4D3493DC0->4ee04582-2825-4055-a051-0465d62eb5ca@group-78E0FE5F723E, cid=4151, SUCCESS, logIndex=0, commits[4ee04582-2825-4055-a051-0465d62eb5ca:c6380, 97f5b9f0-d9ef-40b5-ba79-7414923e623f:c6376, 7d686585-d831-45bc-93fc-0a553b604b0e:c6376]
2019-07-08 23:05:19,238 INFO  client.GrpcClientProtocolClient (GrpcClientProtocolClient.java:onNext(255)) - client-CEF4D3493DC0->4ee04582-2825-4055-a051-0465d62eb5ca: receive RaftClientReply:client-CEF4D3493DC0->4ee04582-2825-4055-a051-0465d62eb5ca@group-78E0FE5F723E, cid=4152, SUCCESS, logIndex=6383, commits[4ee04582-2825-4055-a051-0465d62eb5ca:c6384, 97f5b9f0-d9ef-40b5-ba79-7414923e623f:c6382, 7d686585-d831-45bc-93fc-0a553b604b0e:c6378]
2019-07-08 23:05:19,238 INFO  client.GrpcClientProtocolClient (GrpcClientProtocolClient.java:onNext(255)) - client-CEF4D3493DC0->4ee04582-2825-4055-a051-0465d62eb5ca: receive RaftClientReply:client-CEF4D3493DC0->4ee04582-2825-4055-a051-0465d62eb5ca@group-78E0FE5F723E, cid=4153, SUCCESS, logIndex=6384, commits[4ee04582-2825-4055-a051-0465d62eb5ca:c6384, 97f5b9f0-d9ef-40b5-ba79-7414923e623f:c6382, 7d686585-d831-45bc-93fc-0a553b604b0e:c6378]
2019-07-08 23:05:19,249 INFO  client.GrpcClientProtocolClient (GrpcClientProtocolClient.java:onNext(255)) - client-CEF4D3493DC0->4ee04582-2825-4055-a051-0465d62eb5ca: receive RaftClientReply:client-CEF4D3493DC0->4ee04582-2825-4055-a051-0465d62eb5ca@group-78E0FE5F723E, cid=4154, SUCCESS, logIndex=6387, commits[4ee04582-2825-4055-a051-0465d62eb5ca:c6388, 97f5b9f0-d9ef-40b5-ba79-7414923e623f:c6385, 7d686585-d831-45bc-93fc-0a553b604b0e:c6384]
2019-07-08 23:05:19,249 INFO  client.GrpcClientProtocolClient (GrpcClientProtocolClient.java:onNext(255)) - client-CEF4D3493DC0->4ee04582-2825-4055-a051-0465d62eb5ca: receive RaftClientReply:client-CEF4D3493DC0->4ee04582-2825-4055-a051-0465d62eb5ca@group-78E0FE5F723E, cid=4155, SUCCESS, logIndex=6388, commits[4ee04582-2825-4055-a051-0465d62eb5ca:c6388, 97f5b9f0-d9ef-40b5-ba79-7414923e623f:c6385, 7d686585-d831-45bc-93fc-0a553b604b0e:c6385]
2019-07-08 23:05:19,251 INFO  client.GrpcClientProtocolClient (GrpcClientProtocolClient.java:onNext(255)) - client-CEF4D3493DC0->4ee04582-2825-4055-a051-0465d62eb5ca: receive RaftClientReply:client-CEF4D3493DC0->4ee04582-2825-4055-a051-0465d62eb5ca@group-78E0FE5F723E, cid=4156, SUCCESS, logIndex=0, commits[4ee04582-2825-4055-a051-0465d62eb5ca:c6389, 97f5b9f0-d9ef-40b5-ba79-7414923e623f:c6388, 7d686585-d831-45bc-93fc-0a553b604b0e:c6388]
2019-07-08 23:05:19,272 INFO  client.GrpcClientProtocolClient (GrpcClientProtocolClient.java:onNext(255)) - client-CEF4D3493DC0->4ee04582-2825-4055-a051-0465d62eb5ca: receive RaftClientReply:client-CEF4D3493DC0->4ee04582-2825-4055-a051-0465d62eb5ca@group-78E0FE5F723E, cid=4157, SUCCESS, logIndex=6391, commits[4ee04582-2825-4055-a051-0465d62eb5ca:c6392, 97f5b9f0-d9ef-40b5-ba79-7414923e623f:c6390, 7d686585-d831-45bc-93fc-0a553b604b0e:c6388]
2019-07-08 23:05:19,272 INFO  client.GrpcClientProtocolClient (GrpcClientProtocolClient.java:onNext(255)) - client-CEF4D3493DC0->4ee04582-2825-4055-a051-0465d62eb5ca: receive RaftClientReply:client-CEF4D3493DC0->4ee04582-2825-4055-a051-0465d62eb5ca@group-78E0FE5F723E, cid=4158, SUCCESS, logIndex=6392, commits[4ee04582-2825-4055-a051-0465d62eb5ca:c6392, 97f5b9f0-d9ef-40b5-ba79-7414923e623f:c6390, 7d686585-d831-45bc-93fc-0a553b604b0e:c6388]
2019-07-08 23:05:19,274 INFO  client.GrpcClientProtocolClient (GrpcClientProtocolClient.java:onNext(255)) - client-CEF4D3493DC0->4ee04582-2825-4055-a051-0465d62eb5ca: receive RaftClientReply:client-CEF4D3493DC0->4ee04582-2825-4055-a051-0465d62eb5ca@group-78E0FE5F723E, cid=4159, SUCCESS, logIndex=6393, commits[4ee04582-2825-4055-a051-0465d62eb5ca:c6394, 97f5b9f0-d9ef-40b5-ba79-7414923e623f:c6390, 7d686585-d831-45bc-93fc-0a553b604b0e:c6388]
2019-07-08 23:05:19,275 INFO  client.GrpcClientProtocolClient (GrpcClientProtocolClient.java:onNext(255)) - client-CEF4D3493DC0->4ee04582-2825-4055-a051-0465d62eb5ca: receive RaftClientReply:client-CEF4D3493DC0->4ee04582-2825-4055-a051-0465d62eb5ca@group-78E0FE5F723E, cid=4160, SUCCESS, logIndex=6394, commits[4ee04582-2825-4055-a051-0465d62eb5ca:c6396, 97f5b9f0-d9ef-40b5-ba79-7414923e623f:c6392, 7d686585-d831-45bc-93fc-0a553b604b0e:c6392]
2019-07-08 23:05:19,292 INFO  client.GrpcClientProtocolClient (GrpcClientProtocolClient.java:onNext(255)) - client-CEF4D3493DC0->4ee04582-2825-4055-a051-0465d62eb5ca: receive RaftClientReply:client-CEF4D3493DC0->4ee04582-2825-4055-a051-0465d62eb5ca@group-78E0FE5F723E, cid=4161, SUCCESS, logIndex=6399, commits[4ee04582-2825-4055-a051-0465d62eb5ca:c6400, 97f5b9f0-d9ef-40b5-ba79-7414923e623f:c6398, 7d686585-d831-45bc-93fc-0a553b604b0e:c6398]
2019-07-08 23:05:19,293 INFO  client.GrpcClientProtocolClient (GrpcClientProtocolClient.java:onNext(255)) - client-CEF4D3493DC0->4ee04582-2825-4055-a051-0465d62eb5ca: receive RaftClientReply:client-CEF4D3493DC0->4ee04582-2825-4055-a051-0465d62eb5ca@group-78E0FE5F723E, cid=4162, SUCCESS, logIndex=6400, commits[4ee04582-2825-4055-a051-0465d62eb5ca:c6400, 97f5b9f0-d9ef-40b5-ba79-7414923e623f:c6398, 7d686585-d831-45bc-93fc-0a553b604b0e:c6398]
2019-07-08 23:05:19,303 INFO  client.GrpcClientProtocolClient (GrpcClientProtocolClient.java:onNext(255)) - client-CEF4D3493DC0->4ee04582-2825-4055-a051-0465d62eb5ca: receive RaftClientReply:client-CEF4D3493DC0->4ee04582-2825-4055-a051-0465d62eb5ca@group-78E0FE5F723E, cid=4163, SUCCESS, logIndex=6403, commits[4ee04582-2825-4055-a051-0465d62eb5ca:c6404, 97f5b9f0-d9ef-40b5-ba79-7414923e623f:c6402, 7d686585-d831-45bc-93fc-0a553b604b0e:c6402]
2019-07-08 23:05:19,304 INFO  client.GrpcClientProtocolClient (GrpcClientProtocolClient.java:onNext(255)) - client-CEF4D3493DC0->4ee04582-2825-4055-a051-0465d62eb5ca: receive RaftClientReply:client-CEF4D3493DC0->4ee04582-2825-4055-a051-0465d62eb5ca@group-78E0FE5F723E, cid=4164, SUCCESS, logIndex=6404, commits[4ee04582-2825-4055-a051-0465d62eb5ca:c6404, 97f5b9f0-d9ef-40b5-ba79-7414923e623f:c6402, 7d686585-d831-45bc-93fc-0a553b604b0e:c6402]
2019-07-08 23:05:19,306 INFO  client.GrpcClientProtocolClient (GrpcClientProtocolClient.java:onNext(255)) - client-CEF4D3493DC0->4ee04582-2825-4055-a051-0465d62eb5ca: receive RaftClientReply:client-CEF4D3493DC0->4ee04582-2825-4055-a051-0465d62eb5ca@group-78E0FE5F723E, cid=4165, SUCCESS, logIndex=0, commits[4ee04582-2825-4055-a051-0465d62eb5ca:c6405, 97f5b9f0-d9ef-40b5-ba79-7414923e623f:c6404, 7d686585-d831-45bc-93fc-0a553b604b0e:c6404]
2019-07-08 23:05:19,330 INFO  client.GrpcClientProtocolClient (GrpcClientProtocolClient.java:onNext(255)) - client-CEF4D3493DC0->4ee04582-2825-4055-a051-0465d62eb5ca: receive RaftClientReply:client-CEF4D3493DC0->4ee04582-2825-4055-a051-0465d62eb5ca@group-78E0FE5F723E, cid=4166, SUCCESS, logIndex=6407, commits[4ee04582-2825-4055-a051-0465d62eb5ca:c6408, 97f5b9f0-d9ef-40b5-ba79-7414923e623f:c6406, 7d686585-d831-45bc-93fc-0a553b604b0e:c6406]
2019-07-08 23:05:19,330 INFO  client.GrpcClientProtocolClient (GrpcClientProtocolClient.java:onNext(255)) - client-CEF4D3493DC0->4ee04582-2825-4055-a051-0465d62eb5ca: receive RaftClientReply:client-CEF4D3493DC0->4ee04582-2825-4055-a051-0465d62eb5ca@group-78E0FE5F723E, cid=4167, SUCCESS, logIndex=6408, commits[4ee04582-2825-4055-a051-0465d62eb5ca:c6408, 97f5b9f0-d9ef-40b5-ba79-7414923e623f:c6406, 7d686585-d831-45bc-93fc-0a553b604b0e:c6406]
2019-07-08 23:05:19,331 INFO  client.GrpcClientProtocolClient (GrpcClientProtocolClient.java:onNext(255)) - client-CEF4D3493DC0->4ee04582-2825-4055-a051-0465d62eb5ca: receive RaftClientReply:client-CEF4D3493DC0->4ee04582-2825-4055-a051-0465d62eb5ca@group-78E0FE5F723E, cid=4168, SUCCESS, logIndex=6409, commits[4ee04582-2825-4055-a051-0465d62eb5ca:c6410, 97f5b9f0-d9ef-40b5-ba79-7414923e623f:c6406, 7d686585-d831-45bc-93fc-0a553b604b0e:c6406]
2019-07-08 23:05:19,331 INFO  client.GrpcClientProtocolClient (GrpcClientProtocolClient.java:onNext(255)) - client-CEF4D3493DC0->4ee04582-2825-4055-a051-0465d62eb5ca: receive RaftClientReply:client-CEF4D3493DC0->4ee04582-2825-4055-a051-0465d62eb5ca@group-78E0FE5F723E, cid=4169, SUCCESS, logIndex=6410, commits[4ee04582-2825-4055-a051-0465d62eb5ca:c6410, 97f5b9f0-d9ef-40b5-ba79-7414923e623f:c6406, 7d686585-d831-45bc-93fc-0a553b604b0e:c6406]
2019-07-08 23:05:19,335 INFO  client.GrpcClientProtocolClient (GrpcClientProtocolClient.java:onNext(255)) - client-CEF4D3493DC0->4ee04582-2825-4055-a051-0465d62eb5ca: receive RaftClientReply:client-CEF4D3493DC0->4ee04582-2825-4055-a051-0465d62eb5ca@group-78E0FE5F723E, cid=4170, SUCCESS, logIndex=0, commits[4ee04582-2825-4055-a051-0465d62eb5ca:c6412, 97f5b9f0-d9ef-40b5-ba79-7414923e623f:c6408, 7d686585-d831-45bc-93fc-0a553b604b0e:c6408]
2019-07-08 23:05:19,345 INFO  client.GrpcClientProtocolClient (GrpcClientProtocolClient.java:onNext(255)) - client-CEF4D3493DC0->4ee04582-2825-4055-a051-0465d62eb5ca: receive RaftClientReply:client-CEF4D3493DC0->4ee04582-2825-4055-a051-0465d62eb5ca@group-78E0FE5F723E, cid=4171, SUCCESS, logIndex=6415, commits[4ee04582-2825-4055-a051-0465d62eb5ca:c6416, 97f5b9f0-d9ef-40b5-ba79-7414923e623f:c6410, 7d686585-d831-45bc-93fc-0a553b604b0e:c6414]
2019-07-08 23:05:19,345 INFO  client.GrpcClientProtocolClient (GrpcClientProtocolClient.java:onNext(255)) - client-CEF4D3493DC0->4ee04582-2825-4055-a051-0465d62eb5ca: receive RaftClientReply:client-CEF4D3493DC0->4ee04582-2825-4055-a051-0465d62eb5ca@group-78E0FE5F723E, cid=4172, SUCCESS, logIndex=6416, commits[4ee04582-2825-4055-a051-0465d62eb5ca:c6416, 97f5b9f0-d9ef-40b5-ba79-7414923e623f:c6414, 7d686585-d831-45bc-93fc-0a553b604b0e:c6414]
2019-07-08 23:05:19,356 INFO  client.GrpcClientProtocolClient (GrpcClientProtocolClient.java:onNext(255)) - client-CEF4D3493DC0->4ee04582-2825-4055-a051-0465d62eb5ca: receive RaftClientReply:client-CEF4D3493DC0->4ee04582-2825-4055-a051-0465d62eb5ca@group-78E0FE5F723E, cid=4173, SUCCESS, logIndex=6419, commits[4ee04582-2825-4055-a051-0465d62eb5ca:c6420, 97f5b9f0-d9ef-40b5-ba79-7414923e623f:c6418, 7d686585-d831-45bc-93fc-0a553b604b0e:c6416]
2019-07-08 23:05:19,356 INFO  client.GrpcClientProtocolClient (GrpcClientProtocolClient.java:onNext(255)) - client-CEF4D3493DC0->4ee04582-2825-4055-a051-0465d62eb5ca: receive RaftClientReply:client-CEF4D3493DC0->4ee04582-2825-4055-a051-0465d62eb5ca@group-78E0FE5F723E, cid=4174, SUCCESS, logIndex=6420, commits[4ee04582-2825-4055-a051-0465d62eb5ca:c6420, 97f5b9f0-d9ef-40b5-ba79-7414923e623f:c6418, 7d686585-d831-45bc-93fc-0a553b604b0e:c6418]
2019-07-08 23:05:19,359 INFO  client.GrpcClientProtocolClient (GrpcClientProtocolClient.java:onNext(255)) - client-CEF4D3493DC0->4ee04582-2825-4055-a051-0465d62eb5ca: receive RaftClientReply:client-CEF4D3493DC0->4ee04582-2825-4055-a051-0465d62eb5ca@group-78E0FE5F723E, cid=4175, SUCCESS, logIndex=0, commits[4ee04582-2825-4055-a051-0465d62eb5ca:c6422, 97f5b9f0-d9ef-40b5-ba79-7414923e623f:c6420, 7d686585-d831-45bc-93fc-0a553b604b0e:c6420]
2019-07-08 23:05:19,458 INFO  client.GrpcClientProtocolClient (GrpcClientProtocolClient.java:onNext(255)) - client-CEF4D3493DC0->4ee04582-2825-4055-a051-0465d62eb5ca: receive RaftClientReply:client-CEF4D3493DC0->4ee04582-2825-4055-a051-0465d62eb5ca@group-78E0FE5F723E, cid=4176, SUCCESS, logIndex=6423, commits[4ee04582-2825-4055-a051-0465d62eb5ca:c6424, 97f5b9f0-d9ef-40b5-ba79-7414923e623f:c6422, 7d686585-d831-45bc-93fc-0a553b604b0e:c6420]
2019-07-08 23:05:19,459 INFO  client.GrpcClientProtocolClient (GrpcClientProtocolClient.java:onNext(255)) - client-CEF4D3493DC0->4ee04582-2825-4055-a051-0465d62eb5ca: receive RaftClientReply:client-CEF4D3493DC0->4ee04582-2825-4055-a051-0465d62eb5ca@group-78E0FE5F723E, cid=4177, SUCCESS, logIndex=6424, commits[4ee04582-2825-4055-a051-0465d62eb5ca:c6424, 97f5b9f0-d9ef-40b5-ba79-7414923e623f:c6422, 7d686585-d831-45bc-93fc-0a553b604b0e:c6420]
2019-07-08 23:05:19,461 INFO  client.GrpcClientProtocolClient (GrpcClientProtocolClient.java:onNext(255)) - client-CEF4D3493DC0->4ee04582-2825-4055-a051-0465d62eb5ca: receive RaftClientReply:client-CEF4D3493DC0->4ee04582-2825-4055-a051-0465d62eb5ca@group-78E0FE5F723E, cid=4178, SUCCESS, logIndex=6425, commits[4ee04582-2825-4055-a051-0465d62eb5ca:c6427, 97f5b9f0-d9ef-40b5-ba79-7414923e623f:c6423, 7d686585-d831-45bc-93fc-0a553b604b0e:c6422]
2019-07-08 23:05:19,461 INFO  client.GrpcClientProtocolClient (GrpcClientProtocolClient.java:onNext(255)) - client-CEF4D3493DC0->4ee04582-2825-4055-a051-0465d62eb5ca: receive RaftClientReply:client-CEF4D3493DC0->4ee04582-2825-4055-a051-0465d62eb5ca@group-78E0FE5F723E, cid=4179, SUCCESS, logIndex=6426, commits[4ee04582-2825-4055-a051-0465d62eb5ca:c6428, 97f5b9f0-d9ef-40b5-ba79-7414923e623f:c6424, 7d686585-d831-45bc-93fc-0a553b604b0e:c6422]
2019-07-08 23:05:19,462 INFO  client.GrpcClientProtocolClient (GrpcClientProtocolClient.java:onNext(255)) - client-CEF4D3493DC0->4ee04582-2825-4055-a051-0465d62eb5ca: receive RaftClientReply:client-CEF4D3493DC0->4ee04582-2825-4055-a051-0465d62eb5ca@group-78E0FE5F723E, cid=4180, SUCCESS, logIndex=0, commits[4ee04582-2825-4055-a051-0465d62eb5ca:c6429, 97f5b9f0-d9ef-40b5-ba79-7414923e623f:c6425, 7d686585-d831-45bc-93fc-0a553b604b0e:c6424]
2019-07-08 23:05:19,475 INFO  client.GrpcClientProtocolClient (GrpcClientProtocolClient.java:onNext(255)) - client-CEF4D3493DC0->4ee04582-2825-4055-a051-0465d62eb5ca: receive RaftClientReply:client-CEF4D3493DC0->4ee04582-2825-4055-a051-0465d62eb5ca@group-78E0FE5F723E, cid=4181, SUCCESS, logIndex=6431, commits[4ee04582-2825-4055-a051-0465d62eb5ca:c6432, 97f5b9f0-d9ef-40b5-ba79-7414923e623f:c6430, 7d686585-d831-45bc-93fc-0a553b604b0e:c6430]
2019-07-08 23:05:19,475 INFO  client.GrpcClientProtocolClient (GrpcClientProtocolClient.java:onNext(255)) - client-CEF4D3493DC0->4ee04582-2825-4055-a051-0465d62eb5ca: receive RaftClientReply:client-CEF4D3493DC0->4ee04582-2825-4055-a051-0465d62eb5ca@group-78E0FE5F723E, cid=4182, SUCCESS, logIndex=6432, commits[4ee04582-2825-4055-a051-0465d62eb5ca:c6432, 97f5b9f0-d9ef-40b5-ba79-7414923e623f:c6430, 7d686585-d831-45bc-93fc-0a553b604b0e:c6430]
2019-07-08 23:05:19,487 INFO  client.GrpcClientProtocolClient (GrpcClientProtocolClient.java:onNext(255)) - client-CEF4D3493DC0->4ee04582-2825-4055-a051-0465d62eb5ca: receive RaftClientReply:client-CEF4D3493DC0->4ee04582-2825-4055-a051-0465d62eb5ca@group-78E0FE5F723E, cid=4183, SUCCESS, logIndex=6435, commits[4ee04582-2825-4055-a051-0465d62eb5ca:c6436, 97f5b9f0-d9ef-40b5-ba79-7414923e623f:c6434, 7d686585-d831-45bc-93fc-0a553b604b0e:c6432]
2019-07-08 23:05:19,488 INFO  client.GrpcClientProtocolClient (GrpcClientProtocolClient.java:onNext(255)) - client-CEF4D3493DC0->4ee04582-2825-4055-a051-0465d62eb5ca: receive RaftClientReply:client-CEF4D3493DC0->4ee04582-2825-4055-a051-0465d62eb5ca@group-78E0FE5F723E, cid=4184, SUCCESS, logIndex=6436, commits[4ee04582-2825-4055-a051-0465d62eb5ca:c6436, 97f5b9f0-d9ef-40b5-ba79-7414923e623f:c6434, 7d686585-d831-45bc-93fc-0a553b604b0e:c6434]
2019-07-08 23:05:19,490 INFO  client.GrpcClientProtocolClient (GrpcClientProtocolClient.java:onNext(255)) - client-CEF4D3493DC0->4ee04582-2825-4055-a051-0465d62eb5ca: receive RaftClientReply:client-CEF4D3493DC0->4ee04582-2825-4055-a051-0465d62eb5ca@group-78E0FE5F723E, cid=4185, SUCCESS, logIndex=0, commits[4ee04582-2825-4055-a051-0465d62eb5ca:c6438, 97f5b9f0-d9ef-40b5-ba79-7414923e623f:c6436, 7d686585-d831-45bc-93fc-0a553b604b0e:c6436]
2019-07-08 23:05:19,527 INFO  client.GrpcClientProtocolClient (GrpcClientProtocolClient.java:onNext(255)) - client-CEF4D3493DC0->4ee04582-2825-4055-a051-0465d62eb5ca: receive RaftClientReply:client-CEF4D3493DC0->4ee04582-2825-4055-a051-0465d62eb5ca@group-78E0FE5F723E, cid=4186, SUCCESS, logIndex=6439, commits[4ee04582-2825-4055-a051-0465d62eb5ca:c6440, 97f5b9f0-d9ef-40b5-ba79-7414923e623f:c6438, 7d686585-d831-45bc-93fc-0a553b604b0e:c6438]
2019-07-08 23:05:19,528 INFO  client.GrpcClientProtocolClient (GrpcClientProtocolClient.java:onNext(255)) - client-CEF4D3493DC0->4ee04582-2825-4055-a051-0465d62eb5ca: receive RaftClientReply:client-CEF4D3493DC0->4ee04582-2825-4055-a051-0465d62eb5ca@group-78E0FE5F723E, cid=4187, SUCCESS, logIndex=6440, commits[4ee04582-2825-4055-a051-0465d62eb5ca:c6442, 97f5b9f0-d9ef-40b5-ba79-7414923e623f:c6438, 7d686585-d831-45bc-93fc-0a553b604b0e:c6438]
2019-07-08 23:05:19,528 INFO  client.GrpcClientProtocolClient (GrpcClientProtocolClient.java:onNext(255)) - client-CEF4D3493DC0->4ee04582-2825-4055-a051-0465d62eb5ca: receive RaftClientReply:client-CEF4D3493DC0->4ee04582-2825-4055-a051-0465d62eb5ca@group-78E0FE5F723E, cid=4188, SUCCESS, logIndex=6441, commits[4ee04582-2825-4055-a051-0465d62eb5ca:c6442, 97f5b9f0-d9ef-40b5-ba79-7414923e623f:c6438, 7d686585-d831-45bc-93fc-0a553b604b0e:c6438]
2019-07-08 23:05:19,528 INFO  client.GrpcClientProtocolClient (GrpcClientProtocolClient.java:onNext(255)) - client-CEF4D3493DC0->4ee04582-2825-4055-a051-0465d62eb5ca: receive RaftClientReply:client-CEF4D3493DC0->4ee04582-2825-4055-a051-0465d62eb5ca@group-78E0FE5F723E, cid=4189, SUCCESS, logIndex=6442, commits[4ee04582-2825-4055-a051-0465d62eb5ca:c6442, 97f5b9f0-d9ef-40b5-ba79-7414923e623f:c6438, 7d686585-d831-45bc-93fc-0a553b604b0e:c6438]
2019-07-08 23:05:19,531 INFO  client.GrpcClientProtocolClient (GrpcClientProtocolClient.java:onNext(255)) - client-CEF4D3493DC0->4ee04582-2825-4055-a051-0465d62eb5ca: receive RaftClientReply:client-CEF4D3493DC0->4ee04582-2825-4055-a051-0465d62eb5ca@group-78E0FE5F723E, cid=4190, SUCCESS, logIndex=0, commits[4ee04582-2825-4055-a051-0465d62eb5ca:c6444, 97f5b9f0-d9ef-40b5-ba79-7414923e623f:c6440, 7d686585-d831-45bc-93fc-0a553b604b0e:c6440]
2019-07-08 23:05:19,542 INFO  client.GrpcClientProtocolClient (GrpcClientProtocolClient.java:onNext(255)) - client-CEF4D3493DC0->4ee04582-2825-4055-a051-0465d62eb5ca: receive RaftClientReply:client-CEF4D3493DC0->4ee04582-2825-4055-a051-0465d62eb5ca@group-78E0FE5F723E, cid=4191, SUCCESS, logIndex=6447, commits[4ee04582-2825-4055-a051-0465d62eb5ca:c6448, 97f5b9f0-d9ef-40b5-ba79-7414923e623f:c6446, 7d686585-d831-45bc-93fc-0a553b604b0e:c6446]
2019-07-08 23:05:19,542 INFO  client.GrpcClientProtocolClient (GrpcClientProtocolClient.java:onNext(255)) - client-CEF4D3493DC0->4ee04582-2825-4055-a051-0465d62eb5ca: receive RaftClientReply:client-CEF4D3493DC0->4ee04582-2825-4055-a051-0465d62eb5ca@group-78E0FE5F723E, cid=4192, SUCCESS, logIndex=6448, commits[4ee04582-2825-4055-a051-0465d62eb5ca:c6448, 97f5b9f0-d9ef-40b5-ba79-7414923e623f:c6446, 7d686585-d831-45bc-93fc-0a553b604b0e:c6446]
2019-07-08 23:05:19,561 INFO  client.GrpcClientProtocolClient (GrpcClientProtocolClient.java:onNext(255)) - client-CEF4D3493DC0->4ee04582-2825-4055-a051-0465d62eb5ca: receive RaftClientReply:client-CEF4D3493DC0->4ee04582-2825-4055-a051-0465d62eb5ca@group-78E0FE5F723E, cid=4193, SUCCESS, logIndex=6451, commits[4ee04582-2825-4055-a051-0465d62eb5ca:c6452, 97f5b9f0-d9ef-40b5-ba79-7414923e623f:c6450, 7d686585-d831-45bc-93fc-0a553b604b0e:c6450]
2019-07-08 23:05:19,561 INFO  client.GrpcClientProtocolClient (GrpcClientProtocolClient.java:onNext(255)) - client-CEF4D3493DC0->4ee04582-2825-4055-a051-0465d62eb5ca: receive RaftClientReply:client-CEF4D3493DC0->4ee04582-2825-4055-a051-0465d62eb5ca@group-78E0FE5F723E, cid=4194, SUCCESS, logIndex=6452, commits[4ee04582-2825-4055-a051-0465d62eb5ca:c6452, 97f5b9f0-d9ef-40b5-ba79-7414923e623f:c6450, 7d686585-d831-45bc-93fc-0a553b604b0e:c6450]
2019-07-08 23:05:19,563 INFO  client.GrpcClientProtocolClient (GrpcClientProtocolClient.java:onNext(255)) - client-CEF4D3493DC0->4ee04582-2825-4055-a051-0465d62eb5ca: receive RaftClientReply:client-CEF4D3493DC0->4ee04582-2825-4055-a051-0465d62eb5ca@group-78E0FE5F723E, cid=4195, SUCCESS, logIndex=0, commits[4ee04582-2825-4055-a051-0465d62eb5ca:c6453, 97f5b9f0-d9ef-40b5-ba79-7414923e623f:c6452, 7d686585-d831-45bc-93fc-0a553b604b0e:c6452]
2019-07-08 23:05:19,586 INFO  client.GrpcClientProtocolClient (GrpcClientProtocolClient.java:onNext(255)) - client-CEF4D3493DC0->4ee04582-2825-4055-a051-0465d62eb5ca: receive RaftClientReply:client-CEF4D3493DC0->4ee04582-2825-4055-a051-0465d62eb5ca@group-78E0FE5F723E, cid=4196, SUCCESS, logIndex=6455, commits[4ee04582-2825-4055-a051-0465d62eb5ca:c6456, 97f5b9f0-d9ef-40b5-ba79-7414923e623f:c6454, 7d686585-d831-45bc-93fc-0a553b604b0e:c6454]
2019-07-08 23:05:19,586 INFO  client.GrpcClientProtocolClient (GrpcClientProtocolClient.java:onNext(255)) - client-CEF4D3493DC0->4ee04582-2825-4055-a051-0465d62eb5ca: receive RaftClientReply:client-CEF4D3493DC0->4ee04582-2825-4055-a051-0465d62eb5ca@group-78E0FE5F723E, cid=4197, SUCCESS, logIndex=6456, commits[4ee04582-2825-4055-a051-0465d62eb5ca:c6456, 97f5b9f0-d9ef-40b5-ba79-7414923e623f:c6454, 7d686585-d831-45bc-93fc-0a553b604b0e:c6454]
2019-07-08 23:05:19,588 INFO  client.GrpcClientProtocolClient (GrpcClientProtocolClient.java:onNext(255)) - client-CEF4D3493DC0->4ee04582-2825-4055-a051-0465d62eb5ca: receive RaftClientReply:client-CEF4D3493DC0->4ee04582-2825-4055-a051-0465d62eb5ca@group-78E0FE5F723E, cid=4198, SUCCESS, logIndex=6457, commits[4ee04582-2825-4055-a051-0465d62eb5ca:c6458, 97f5b9f0-d9ef-40b5-ba79-7414923e623f:c6454, 7d686585-d831-45bc-93fc-0a553b604b0e:c6454]
2019-07-08 23:05:19,589 INFO  client.GrpcClientProtocolClient (GrpcClientProtocolClient.java:onNext(255)) - client-CEF4D3493DC0->4ee04582-2825-4055-a051-0465d62eb5ca: receive RaftClientReply:client-CEF4D3493DC0->4ee04582-2825-4055-a051-0465d62eb5ca@group-78E0FE5F723E, cid=4199, SUCCESS, logIndex=6458, commits[4ee04582-2825-4055-a051-0465d62eb5ca:c6460, 97f5b9f0-d9ef-40b5-ba79-7414923e623f:c6456, 7d686585-d831-45bc-93fc-0a553b604b0e:c6456]
2019-07-08 23:05:19,599 INFO  client.GrpcClientProtocolClient (GrpcClientProtocolClient.java:onNext(255)) - client-CEF4D3493DC0->4ee04582-2825-4055-a051-0465d62eb5ca: receive RaftClientReply:client-CEF4D3493DC0->4ee04582-2825-4055-a051-0465d62eb5ca@group-78E0FE5F723E, cid=4200, SUCCESS, logIndex=6463, commits[4ee04582-2825-4055-a051-0465d62eb5ca:c6464, 97f5b9f0-d9ef-40b5-ba79-7414923e623f:c6462, 7d686585-d831-45bc-93fc-0a553b604b0e:c6458]
2019-07-08 23:05:19,599 INFO  client.GrpcClientProtocolClient (GrpcClientProtocolClient.java:onNext(255)) - client-CEF4D3493DC0->4ee04582-2825-4055-a051-0465d62eb5ca: receive RaftClientReply:client-CEF4D3493DC0->4ee04582-2825-4055-a051-0465d62eb5ca@group-78E0FE5F723E, cid=4201, SUCCESS, logIndex=6464, commits[4ee04582-2825-4055-a051-0465d62eb5ca:c6464, 97f5b9f0-d9ef-40b5-ba79-7414923e623f:c6462, 7d686585-d831-45bc-93fc-0a553b604b0e:c6458]
2019-07-08 23:05:19,609 INFO  client.GrpcClientProtocolClient (GrpcClientProtocolClient.java:onNext(255)) - client-CEF4D3493DC0->4ee04582-2825-4055-a051-0465d62eb5ca: receive RaftClientReply:client-CEF4D3493DC0->4ee04582-2825-4055-a051-0465d62eb5ca@group-78E0FE5F723E, cid=4202, SUCCESS, logIndex=6467, commits[4ee04582-2825-4055-a051-0465d62eb5ca:c6468, 97f5b9f0-d9ef-40b5-ba79-7414923e623f:c6466, 7d686585-d831-45bc-93fc-0a553b604b0e:c6465]
2019-07-08 23:05:19,610 INFO  client.GrpcClientProtocolClient (GrpcClientProtocolClient.java:onNext(255)) - client-CEF4D3493DC0->4ee04582-2825-4055-a051-0465d62eb5ca: receive RaftClientReply:client-CEF4D3493DC0->4ee04582-2825-4055-a051-0465d62eb5ca@group-78E0FE5F723E, cid=4203, SUCCESS, logIndex=6468, commits[4ee04582-2825-4055-a051-0465d62eb5ca:c6468, 97f5b9f0-d9ef-40b5-ba79-7414923e623f:c6466, 7d686585-d831-45bc-93fc-0a553b604b0e:c6466]
2019-07-08 23:05:19,613 INFO  client.GrpcClientProtocolClient (GrpcClientProtocolClient.java:onNext(255)) - client-CEF4D3493DC0->4ee04582-2825-4055-a051-0465d62eb5ca: receive RaftClientReply:client-CEF4D3493DC0->4ee04582-2825-4055-a051-0465d62eb5ca@group-78E0FE5F723E, cid=4204, SUCCESS, logIndex=0, commits[4ee04582-2825-4055-a051-0465d62eb5ca:c6470, 97f5b9f0-d9ef-40b5-ba79-7414923e623f:c6468, 7d686585-d831-45bc-93fc-0a553b604b0e:c6468]
2019-07-08 23:05:19,639 INFO  client.GrpcClientProtocolClient (GrpcClientProtocolClient.java:onNext(255)) - client-CEF4D3493DC0->4ee04582-2825-4055-a051-0465d62eb5ca: receive RaftClientReply:client-CEF4D3493DC0->4ee04582-2825-4055-a051-0465d62eb5ca@group-78E0FE5F723E, cid=4205, SUCCESS, logIndex=6471, commits[4ee04582-2825-4055-a051-0465d62eb5ca:c6472, 97f5b9f0-d9ef-40b5-ba79-7414923e623f:c6470, 7d686585-d831-45bc-93fc-0a553b604b0e:c6470]
2019-07-08 23:05:19,640 INFO  client.GrpcClientProtocolClient (GrpcClientProtocolClient.java:onNext(255)) - client-CEF4D3493DC0->4ee04582-2825-4055-a051-0465d62eb5ca: receive RaftClientReply:client-CEF4D3493DC0->4ee04582-2825-4055-a051-0465d62eb5ca@group-78E0FE5F723E, cid=4206, SUCCESS, logIndex=6472, commits[4ee04582-2825-4055-a051-0465d62eb5ca:c6472, 97f5b9f0-d9ef-40b5-ba79-7414923e623f:c6470, 7d686585-d831-45bc-93fc-0a553b604b0e:c6470]
2019-07-08 23:05:19,640 INFO  client.GrpcClientProtocolClient (GrpcClientProtocolClient.java:onNext(255)) - client-CEF4D3493DC0->4ee04582-2825-4055-a051-0465d62eb5ca: receive RaftClientReply:client-CEF4D3493DC0->4ee04582-2825-4055-a051-0465d62eb5ca@group-78E0FE5F723E, cid=4207, SUCCESS, logIndex=6473, commits[4ee04582-2825-4055-a051-0465d62eb5ca:c6474, 97f5b9f0-d9ef-40b5-ba79-7414923e623f:c6470, 7d686585-d831-45bc-93fc-0a553b604b0e:c6470]
2019-07-08 23:05:19,641 INFO  client.GrpcClientProtocolClient (GrpcClientProtocolClient.java:onNext(255)) - client-CEF4D3493DC0->4ee04582-2825-4055-a051-0465d62eb5ca: receive RaftClientReply:client-CEF4D3493DC0->4ee04582-2825-4055-a051-0465d62eb5ca@group-78E0FE5F723E, cid=4208, SUCCESS, logIndex=6474, commits[4ee04582-2825-4055-a051-0465d62eb5ca:c6474, 97f5b9f0-d9ef-40b5-ba79-7414923e623f:c6470, 7d686585-d831-45bc-93fc-0a553b604b0e:c6470]
2019-07-08 23:05:19,641 INFO  client.GrpcClientProtocolClient (GrpcClientProtocolClient.java:onNext(255)) - client-CEF4D3493DC0->4ee04582-2825-4055-a051-0465d62eb5ca: receive RaftClientReply:client-CEF4D3493DC0->4ee04582-2825-4055-a051-0465d62eb5ca@group-78E0FE5F723E, cid=4209, SUCCESS, logIndex=0, commits[4ee04582-2825-4055-a051-0465d62eb5ca:c6476, 97f5b9f0-d9ef-40b5-ba79-7414923e623f:c6472, 7d686585-d831-45bc-93fc-0a553b604b0e:c6472]
2019-07-08 23:05:19,664 INFO  client.GrpcClientProtocolClient (GrpcClientProtocolClient.java:onNext(255)) - client-CEF4D3493DC0->4ee04582-2825-4055-a051-0465d62eb5ca: receive RaftClientReply:client-CEF4D3493DC0->4ee04582-2825-4055-a051-0465d62eb5ca@group-78E0FE5F723E, cid=4210, SUCCESS, logIndex=6479, commits[4ee04582-2825-4055-a051-0465d62eb5ca:c6480, 97f5b9f0-d9ef-40b5-ba79-7414923e623f:c6478, 7d686585-d831-45bc-93fc-0a553b604b0e:c6478]
2019-07-08 23:05:19,665 INFO  client.GrpcClientProtocolClient (GrpcClientProtocolClient.java:onNext(255)) - client-CEF4D3493DC0->4ee04582-2825-4055-a051-0465d62eb5ca: receive RaftClientReply:client-CEF4D3493DC0->4ee04582-2825-4055-a051-0465d62eb5ca@group-78E0FE5F723E, cid=4211, SUCCESS, logIndex=6480, commits[4ee04582-2825-4055-a051-0465d62eb5ca:c6480, 97f5b9f0-d9ef-40b5-ba79-7414923e623f:c6478, 7d686585-d831-45bc-93fc-0a553b604b0e:c6478]
2019-07-08 23:05:19,676 INFO  client.GrpcClientProtocolClient (GrpcClientProtocolClient.java:onNext(255)) - client-CEF4D3493DC0->4ee04582-2825-4055-a051-0465d62eb5ca: receive RaftClientReply:client-CEF4D3493DC0->4ee04582-2825-4055-a051-0465d62eb5ca@group-78E0FE5F723E, cid=4212, SUCCESS, logIndex=6483, commits[4ee04582-2825-4055-a051-0465d62eb5ca:c6484, 97f5b9f0-d9ef-40b5-ba79-7414923e623f:c6481, 7d686585-d831-45bc-93fc-0a553b604b0e:c6480]
2019-07-08 23:05:19,676 INFO  client.GrpcClientProtocolClient (GrpcClientProtocolClient.java:onNext(255)) - client-CEF4D3493DC0->4ee04582-2825-4055-a051-0465d62eb5ca: receive RaftClientReply:client-CEF4D3493DC0->4ee04582-2825-4055-a051-0465d62eb5ca@group-78E0FE5F723E, cid=4213, SUCCESS, logIndex=6484, commits[4ee04582-2825-4055-a051-0465d62eb5ca:c6484, 97f5b9f0-d9ef-40b5-ba79-7414923e623f:c6481, 7d686585-d831-45bc-93fc-0a553b604b0e:c6481]
2019-07-08 23:05:19,680 INFO  client.GrpcClientProtocolClient (GrpcClientProtocolClient.java:onNext(255)) - client-CEF4D3493DC0->4ee04582-2825-4055-a051-0465d62eb5ca: receive RaftClientReply:client-CEF4D3493DC0->4ee04582-2825-4055-a051-0465d62eb5ca@group-78E0FE5F723E, cid=4214, SUCCESS, logIndex=0, commits[4ee04582-2825-4055-a051-0465d62eb5ca:c6486, 97f5b9f0-d9ef-40b5-ba79-7414923e623f:c6484, 7d686585-d831-45bc-93fc-0a553b604b0e:c6484]
2019-07-08 23:05:19,704 INFO  client.GrpcClientProtocolClient (GrpcClientProtocolClient.java:onNext(255)) - client-CEF4D3493DC0->4ee04582-2825-4055-a051-0465d62eb5ca: receive RaftClientReply:client-CEF4D3493DC0->4ee04582-2825-4055-a051-0465d62eb5ca@group-78E0FE5F723E, cid=4215, SUCCESS, logIndex=6487, commits[4ee04582-2825-4055-a051-0465d62eb5ca:c6489, 97f5b9f0-d9ef-40b5-ba79-7414923e623f:c6486, 7d686585-d831-45bc-93fc-0a553b604b0e:c6484]
2019-07-08 23:05:19,705 INFO  client.GrpcClientProtocolClient (GrpcClientProtocolClient.java:onNext(255)) - client-CEF4D3493DC0->4ee04582-2825-4055-a051-0465d62eb5ca: receive RaftClientReply:client-CEF4D3493DC0->4ee04582-2825-4055-a051-0465d62eb5ca@group-78E0FE5F723E, cid=4216, SUCCESS, logIndex=6488, commits[4ee04582-2825-4055-a051-0465d62eb5ca:c6490, 97f5b9f0-d9ef-40b5-ba79-7414923e623f:c6486, 7d686585-d831-45bc-93fc-0a553b604b0e:c6486]
2019-07-08 23:05:19,705 INFO  client.GrpcClientProtocolClient (GrpcClientProtocolClient.java:onNext(255)) - client-CEF4D3493DC0->4ee04582-2825-4055-a051-0465d62eb5ca: receive RaftClientReply:client-CEF4D3493DC0->4ee04582-2825-4055-a051-0465d62eb5ca@group-78E0FE5F723E, cid=4217, SUCCESS, logIndex=6489, commits[4ee04582-2825-4055-a051-0465d62eb5ca:c6490, 97f5b9f0-d9ef-40b5-ba79-7414923e623f:c6486, 7d686585-d831-45bc-93fc-0a553b604b0e:c6486]
2019-07-08 23:05:19,705 INFO  client.GrpcClientProtocolClient (GrpcClientProtocolClient.java:onNext(255)) - client-CEF4D3493DC0->4ee04582-2825-4055-a051-0465d62eb5ca: receive RaftClientReply:client-CEF4D3493DC0->4ee04582-2825-4055-a051-0465d62eb5ca@group-78E0FE5F723E, cid=4218, SUCCESS, logIndex=6490, commits[4ee04582-2825-4055-a051-0465d62eb5ca:c6491, 97f5b9f0-d9ef-40b5-ba79-7414923e623f:c6488, 7d686585-d831-45bc-93fc-0a553b604b0e:c6488]
2019-07-08 23:05:19,715 INFO  client.GrpcClientProtocolClient (GrpcClientProtocolClient.java:onNext(255)) - client-CEF4D3493DC0->4ee04582-2825-4055-a051-0465d62eb5ca: receive RaftClientReply:client-CEF4D3493DC0->4ee04582-2825-4055-a051-0465d62eb5ca@group-78E0FE5F723E, cid=4219, SUCCESS, logIndex=6495, commits[4ee04582-2825-4055-a051-0465d62eb5ca:c6496, 97f5b9f0-d9ef-40b5-ba79-7414923e623f:c6490, 7d686585-d831-45bc-93fc-0a553b604b0e:c6494]
2019-07-08 23:05:19,716 INFO  client.GrpcClientProtocolClient (GrpcClientProtocolClient.java:onNext(255)) - client-CEF4D3493DC0->4ee04582-2825-4055-a051-0465d62eb5ca: receive RaftClientReply:client-CEF4D3493DC0->4ee04582-2825-4055-a051-0465d62eb5ca@group-78E0FE5F723E, cid=4220, SUCCESS, logIndex=6496, commits[4ee04582-2825-4055-a051-0465d62eb5ca:c6496, 97f5b9f0-d9ef-40b5-ba79-7414923e623f:c6494, 7d686585-d831-45bc-93fc-0a553b604b0e:c6494]
2019-07-08 23:05:19,725 INFO  client.GrpcClientProtocolClient (GrpcClientProtocolClient.java:onNext(255)) - client-CEF4D3493DC0->4ee04582-2825-4055-a051-0465d62eb5ca: receive RaftClientReply:client-CEF4D3493DC0->4ee04582-2825-4055-a051-0465d62eb5ca@group-78E0FE5F723E, cid=4221, SUCCESS, logIndex=6499, commits[4ee04582-2825-4055-a051-0465d62eb5ca:c6500, 97f5b9f0-d9ef-40b5-ba79-7414923e623f:c6498, 7d686585-d831-45bc-93fc-0a553b604b0e:c6496]
2019-07-08 23:05:19,726 INFO  client.GrpcClientProtocolClient (GrpcClientProtocolClient.java:onNext(255)) - client-CEF4D3493DC0->4ee04582-2825-4055-a051-0465d62eb5ca: receive RaftClientReply:client-CEF4D3493DC0->4ee04582-2825-4055-a051-0465d62eb5ca@group-78E0FE5F723E, cid=4222, SUCCESS, logIndex=6500, commits[4ee04582-2825-4055-a051-0465d62eb5ca:c6500, 97f5b9f0-d9ef-40b5-ba79-7414923e623f:c6498, 7d686585-d831-45bc-93fc-0a553b604b0e:c6496]
2019-07-08 23:05:19,730 INFO  client.GrpcClientProtocolClient (GrpcClientProtocolClient.java:onNext(255)) - client-CEF4D3493DC0->4ee04582-2825-4055-a051-0465d62eb5ca: receive RaftClientReply:client-CEF4D3493DC0->4ee04582-2825-4055-a051-0465d62eb5ca@group-78E0FE5F723E, cid=4223, SUCCESS, logIndex=0, commits[4ee04582-2825-4055-a051-0465d62eb5ca:c6502, 97f5b9f0-d9ef-40b5-ba79-7414923e623f:c6500, 7d686585-d831-45bc-93fc-0a553b604b0e:c6500]
2019-07-08 23:05:19,750 INFO  client.GrpcClientProtocolClient (GrpcClientProtocolClient.java:onNext(255)) - client-CEF4D3493DC0->4ee04582-2825-4055-a051-0465d62eb5ca: receive RaftClientReply:client-CEF4D3493DC0->4ee04582-2825-4055-a051-0465d62eb5ca@group-78E0FE5F723E, cid=4224, SUCCESS, logIndex=6503, commits[4ee04582-2825-4055-a051-0465d62eb5ca:c6504, 97f5b9f0-d9ef-40b5-ba79-7414923e623f:c6502, 7d686585-d831-45bc-93fc-0a553b604b0e:c6500]
2019-07-08 23:05:19,750 INFO  client.GrpcClientProtocolClient (GrpcClientProtocolClient.java:onNext(255)) - client-CEF4D3493DC0->4ee04582-2825-4055-a051-0465d62eb5ca: receive RaftClientReply:client-CEF4D3493DC0->4ee04582-2825-4055-a051-0465d62eb5ca@group-78E0FE5F723E, cid=4225, SUCCESS, logIndex=6504, commits[4ee04582-2825-4055-a051-0465d62eb5ca:c6504, 97f5b9f0-d9ef-40b5-ba79-7414923e623f:c6502, 7d686585-d831-45bc-93fc-0a553b604b0e:c6500]
2019-07-08 23:05:19,751 INFO  client.GrpcClientProtocolClient (GrpcClientProtocolClient.java:onNext(255)) - client-CEF4D3493DC0->4ee04582-2825-4055-a051-0465d62eb5ca: receive RaftClientReply:client-CEF4D3493DC0->4ee04582-2825-4055-a051-0465d62eb5ca@group-78E0FE5F723E, cid=4226, SUCCESS, logIndex=6505, commits[4ee04582-2825-4055-a051-0465d62eb5ca:c6506, 97f5b9f0-d9ef-40b5-ba79-7414923e623f:c6502, 7d686585-d831-45bc-93fc-0a553b604b0e:c6502]
2019-07-08 23:05:19,752 INFO  client.GrpcClientProtocolClient (GrpcClientProtocolClient.java:onNext(255)) - client-CEF4D3493DC0->4ee04582-2825-4055-a051-0465d62eb5ca: receive RaftClientReply:client-CEF4D3493DC0->4ee04582-2825-4055-a051-0465d62eb5ca@group-78E0FE5F723E, cid=4227, SUCCESS, logIndex=6506, commits[4ee04582-2825-4055-a051-0465d62eb5ca:c6508, 97f5b9f0-d9ef-40b5-ba79-7414923e623f:c6504, 7d686585-d831-45bc-93fc-0a553b604b0e:c6502]
2019-07-08 23:05:19,753 INFO  client.GrpcClientProtocolClient (GrpcClientProtocolClient.java:onNext(255)) - client-CEF4D3493DC0->4ee04582-2825-4055-a051-0465d62eb5ca: receive RaftClientReply:client-CEF4D3493DC0->4ee04582-2825-4055-a051-0465d62eb5ca@group-78E0FE5F723E, cid=4228, SUCCESS, logIndex=0, commits[4ee04582-2825-4055-a051-0465d62eb5ca:c6508, 97f5b9f0-d9ef-40b5-ba79-7414923e623f:c6504, 7d686585-d831-45bc-93fc-0a553b604b0e:c6504]
2019-07-08 23:05:19,764 INFO  client.GrpcClientProtocolClient (GrpcClientProtocolClient.java:onNext(255)) - client-CEF4D3493DC0->4ee04582-2825-4055-a051-0465d62eb5ca: receive RaftClientReply:client-CEF4D3493DC0->4ee04582-2825-4055-a051-0465d62eb5ca@group-78E0FE5F723E, cid=4229, SUCCESS, logIndex=6511, commits[4ee04582-2825-4055-a051-0465d62eb5ca:c6512, 97f5b9f0-d9ef-40b5-ba79-7414923e623f:c6510, 7d686585-d831-45bc-93fc-0a553b604b0e:c6506]
2019-07-08 23:05:19,764 INFO  client.GrpcClientProtocolClient (GrpcClientProtocolClient.java:onNext(255)) - client-CEF4D3493DC0->4ee04582-2825-4055-a051-0465d62eb5ca: receive RaftClientReply:client-CEF4D3493DC0->4ee04582-2825-4055-a051-0465d62eb5ca@group-78E0FE5F723E, cid=4230, SUCCESS, logIndex=6512, commits[4ee04582-2825-4055-a051-0465d62eb5ca:c6512, 97f5b9f0-d9ef-40b5-ba79-7414923e623f:c6510, 7d686585-d831-45bc-93fc-0a553b604b0e:c6510]
2019-07-08 23:05:19,774 INFO  client.GrpcClientProtocolClient (GrpcClientProtocolClient.java:onNext(255)) - client-CEF4D3493DC0->4ee04582-2825-4055-a051-0465d62eb5ca: receive RaftClientReply:client-CEF4D3493DC0->4ee04582-2825-4055-a051-0465d62eb5ca@group-78E0FE5F723E, cid=4231, SUCCESS, logIndex=6515, commits[4ee04582-2825-4055-a051-0465d62eb5ca:c6516, 97f5b9f0-d9ef-40b5-ba79-7414923e623f:c6514, 7d686585-d831-45bc-93fc-0a553b604b0e:c6512]
2019-07-08 23:05:19,774 INFO  client.GrpcClientProtocolClient (GrpcClientProtocolClient.java:onNext(255)) - client-CEF4D3493DC0->4ee04582-2825-4055-a051-0465d62eb5ca: receive RaftClientReply:client-CEF4D3493DC0->4ee04582-2825-4055-a051-0465d62eb5ca@group-78E0FE5F723E, cid=4232, SUCCESS, logIndex=6516, commits[4ee04582-2825-4055-a051-0465d62eb5ca:c6516, 97f5b9f0-d9ef-40b5-ba79-7414923e623f:c6514, 7d686585-d831-45bc-93fc-0a553b604b0e:c6512]
2019-07-08 23:05:19,776 INFO  client.GrpcClientProtocolClient (GrpcClientProtocolClient.java:onNext(255)) - client-CEF4D3493DC0->4ee04582-2825-4055-a051-0465d62eb5ca: receive RaftClientReply:client-CEF4D3493DC0->4ee04582-2825-4055-a051-0465d62eb5ca@group-78E0FE5F723E, cid=4233, SUCCESS, logIndex=0, commits[4ee04582-2825-4055-a051-0465d62eb5ca:c6517, 97f5b9f0-d9ef-40b5-ba79-7414923e623f:c6516, 7d686585-d831-45bc-93fc-0a553b604b0e:c6516]
2019-07-08 23:05:19,796 INFO  client.GrpcClientProtocolClient (GrpcClientProtocolClient.java:onNext(255)) - client-CEF4D3493DC0->4ee04582-2825-4055-a051-0465d62eb5ca: receive RaftClientReply:client-CEF4D3493DC0->4ee04582-2825-4055-a051-0465d62eb5ca@group-78E0FE5F723E, cid=4234, SUCCESS, logIndex=6518, commits[4ee04582-2825-4055-a051-0465d62eb5ca:c6519, 97f5b9f0-d9ef-40b5-ba79-7414923e623f:c6517, 7d686585-d831-45bc-93fc-0a553b604b0e:c6516]
2019-07-08 23:05:19,796 INFO  client.GrpcClientProtocolClient (GrpcClientProtocolClient.java:onNext(255)) - client-CEF4D3493DC0->4ee04582-2825-4055-a051-0465d62eb5ca: receive RaftClientReply:client-CEF4D3493DC0->4ee04582-2825-4055-a051-0465d62eb5ca@group-78E0FE5F723E, cid=4235, SUCCESS, logIndex=6519, commits[4ee04582-2825-4055-a051-0465d62eb5ca:c6519, 97f5b9f0-d9ef-40b5-ba79-7414923e623f:c6517, 7d686585-d831-45bc-93fc-0a553b604b0e:c6516]
2019-07-08 23:05:19,800 INFO  client.GrpcClientProtocolClient (GrpcClientProtocolClient.java:onNext(255)) - client-CEF4D3493DC0->4ee04582-2825-4055-a051-0465d62eb5ca: receive RaftClientReply:client-CEF4D3493DC0->4ee04582-2825-4055-a051-0465d62eb5ca@group-78E0FE5F723E, cid=4236, SUCCESS, logIndex=6520, commits[4ee04582-2825-4055-a051-0465d62eb5ca:c6522, 97f5b9f0-d9ef-40b5-ba79-7414923e623f:c6518, 7d686585-d831-45bc-93fc-0a553b604b0e:c6517]
2019-07-08 23:05:19,800 INFO  client.GrpcClientProtocolClient (GrpcClientProtocolClient.java:onNext(255)) - client-CEF4D3493DC0->4ee04582-2825-4055-a051-0465d62eb5ca: receive RaftClientReply:client-CEF4D3493DC0->4ee04582-2825-4055-a051-0465d62eb5ca@group-78E0FE5F723E, cid=4237, SUCCESS, logIndex=6521, commits[4ee04582-2825-4055-a051-0465d62eb5ca:c6523, 97f5b9f0-d9ef-40b5-ba79-7414923e623f:c6519, 7d686585-d831-45bc-93fc-0a553b604b0e:c6517]
2019-07-08 23:05:19,801 INFO  client.GrpcClientProtocolClient (GrpcClientProtocolClient.java:onNext(255)) - client-CEF4D3493DC0->4ee04582-2825-4055-a051-0465d62eb5ca: receive RaftClientReply:client-CEF4D3493DC0->4ee04582-2825-4055-a051-0465d62eb5ca@group-78E0FE5F723E, cid=4238, SUCCESS, logIndex=0, commits[4ee04582-2825-4055-a051-0465d62eb5ca:c6523, 97f5b9f0-d9ef-40b5-ba79-7414923e623f:c6519, 7d686585-d831-45bc-93fc-0a553b604b0e:c6519]
2019-07-08 23:05:19,811 INFO  client.GrpcClientProtocolClient (GrpcClientProtocolClient.java:onNext(255)) - client-CEF4D3493DC0->4ee04582-2825-4055-a051-0465d62eb5ca: receive RaftClientReply:client-CEF4D3493DC0->4ee04582-2825-4055-a051-0465d62eb5ca@group-78E0FE5F723E, cid=4239, SUCCESS, logIndex=6525, commits[4ee04582-2825-4055-a051-0465d62eb5ca:c6526, 97f5b9f0-d9ef-40b5-ba79-7414923e623f:c6524, 7d686585-d831-45bc-93fc-0a553b604b0e:c6521]
2019-07-08 23:05:19,811 INFO  client.GrpcClientProtocolClient (GrpcClientProtocolClient.java:onNext(255)) - client-CEF4D3493DC0->4ee04582-2825-4055-a051-0465d62eb5ca: receive RaftClientReply:client-CEF4D3493DC0->4ee04582-2825-4055-a051-0465d62eb5ca@group-78E0FE5F723E, cid=4240, SUCCESS, logIndex=6526, commits[4ee04582-2825-4055-a051-0465d62eb5ca:c6526, 97f5b9f0-d9ef-40b5-ba79-7414923e623f:c6524, 7d686585-d831-45bc-93fc-0a553b604b0e:c6521]
2019-07-08 23:05:19,821 INFO  client.GrpcClientProtocolClient (GrpcClientProtocolClient.java:onNext(255)) - client-CEF4D3493DC0->4ee04582-2825-4055-a051-0465d62eb5ca: receive RaftClientReply:client-CEF4D3493DC0->4ee04582-2825-4055-a051-0465d62eb5ca@group-78E0FE5F723E, cid=4241, SUCCESS, logIndex=6528, commits[4ee04582-2825-4055-a051-0465d62eb5ca:c6529, 97f5b9f0-d9ef-40b5-ba79-7414923e623f:c6527, 7d686585-d831-45bc-93fc-0a553b604b0e:c6526]
2019-07-08 23:05:19,822 INFO  client.GrpcClientProtocolClient (GrpcClientProtocolClient.java:onNext(255)) - client-CEF4D3493DC0->4ee04582-2825-4055-a051-0465d62eb5ca: receive RaftClientReply:client-CEF4D3493DC0->4ee04582-2825-4055-a051-0465d62eb5ca@group-78E0FE5F723E, cid=4242, SUCCESS, logIndex=6529, commits[4ee04582-2825-4055-a051-0465d62eb5ca:c6529, 97f5b9f0-d9ef-40b5-ba79-7414923e623f:c6527, 7d686585-d831-45bc-93fc-0a553b604b0e:c6527]
2019-07-08 23:05:19,826 INFO  client.GrpcClientProtocolClient (GrpcClientProtocolClient.java:onNext(255)) - client-CEF4D3493DC0->4ee04582-2825-4055-a051-0465d62eb5ca: receive RaftClientReply:client-CEF4D3493DC0->4ee04582-2825-4055-a051-0465d62eb5ca@group-78E0FE5F723E, cid=4243, SUCCESS, logIndex=0, commits[4ee04582-2825-4055-a051-0465d62eb5ca:c6531, 97f5b9f0-d9ef-40b5-ba79-7414923e623f:c6529, 7d686585-d831-45bc-93fc-0a553b604b0e:c6529]
2019-07-08 23:05:19,860 INFO  client.GrpcClientProtocolClient (GrpcClientProtocolClient.java:onNext(255)) - client-CEF4D3493DC0->4ee04582-2825-4055-a051-0465d62eb5ca: receive RaftClientReply:client-CEF4D3493DC0->4ee04582-2825-4055-a051-0465d62eb5ca@group-78E0FE5F723E, cid=4244, SUCCESS, logIndex=6532, commits[4ee04582-2825-4055-a051-0465d62eb5ca:c6533, 97f5b9f0-d9ef-40b5-ba79-7414923e623f:c6531, 7d686585-d831-45bc-93fc-0a553b604b0e:c6531]
2019-07-08 23:05:19,861 INFO  client.GrpcClientProtocolClient (GrpcClientProtocolClient.java:onNext(255)) - client-CEF4D3493DC0->4ee04582-2825-4055-a051-0465d62eb5ca: receive RaftClientReply:client-CEF4D3493DC0->4ee04582-2825-4055-a051-0465d62eb5ca@group-78E0FE5F723E, cid=4245, SUCCESS, logIndex=6533, commits[4ee04582-2825-4055-a051-0465d62eb5ca:c6535, 97f5b9f0-d9ef-40b5-ba79-7414923e623f:c6531, 7d686585-d831-45bc-93fc-0a553b604b0e:c6531]
2019-07-08 23:05:19,861 INFO  client.GrpcClientProtocolClient (GrpcClientProtocolClient.java:onNext(255)) - client-CEF4D3493DC0->4ee04582-2825-4055-a051-0465d62eb5ca: receive RaftClientReply:client-CEF4D3493DC0->4ee04582-2825-4055-a051-0465d62eb5ca@group-78E0FE5F723E, cid=4246, SUCCESS, logIndex=6534, commits[4ee04582-2825-4055-a051-0465d62eb5ca:c6535, 97f5b9f0-d9ef-40b5-ba79-7414923e623f:c6531, 7d686585-d831-45bc-93fc-0a553b604b0e:c6531]
2019-07-08 23:05:19,862 INFO  client.GrpcClientProtocolClient (GrpcClientProtocolClient.java:onNext(255)) - client-CEF4D3493DC0->4ee04582-2825-4055-a051-0465d62eb5ca: receive RaftClientReply:client-CEF4D3493DC0->4ee04582-2825-4055-a051-0465d62eb5ca@group-78E0FE5F723E, cid=4247, SUCCESS, logIndex=6535, commits[4ee04582-2825-4055-a051-0465d62eb5ca:c6535, 97f5b9f0-d9ef-40b5-ba79-7414923e623f:c6531, 7d686585-d831-45bc-93fc-0a553b604b0e:c6531]
2019-07-08 23:05:19,864 INFO  client.GrpcClientProtocolClient (GrpcClientProtocolClient.java:onNext(255)) - client-CEF4D3493DC0->4ee04582-2825-4055-a051-0465d62eb5ca: receive RaftClientReply:client-CEF4D3493DC0->4ee04582-2825-4055-a051-0465d62eb5ca@group-78E0FE5F723E, cid=4248, SUCCESS, logIndex=0, commits[4ee04582-2825-4055-a051-0465d62eb5ca:c6537, 97f5b9f0-d9ef-40b5-ba79-7414923e623f:c6533, 7d686585-d831-45bc-93fc-0a553b604b0e:c6533]
2019-07-08 23:05:19,876 INFO  client.GrpcClientProtocolClient (GrpcClientProtocolClient.java:onNext(255)) - client-CEF4D3493DC0->4ee04582-2825-4055-a051-0465d62eb5ca: receive RaftClientReply:client-CEF4D3493DC0->4ee04582-2825-4055-a051-0465d62eb5ca@group-78E0FE5F723E, cid=4249, SUCCESS, logIndex=6540, commits[4ee04582-2825-4055-a051-0465d62eb5ca:c6541, 97f5b9f0-d9ef-40b5-ba79-7414923e623f:c6535, 7d686585-d831-45bc-93fc-0a553b604b0e:c6539]
2019-07-08 23:05:19,876 INFO  client.GrpcClientProtocolClient (GrpcClientProtocolClient.java:onNext(255)) - client-CEF4D3493DC0->4ee04582-2825-4055-a051-0465d62eb5ca: receive RaftClientReply:client-CEF4D3493DC0->4ee04582-2825-4055-a051-0465d62eb5ca@group-78E0FE5F723E, cid=4250, SUCCESS, logIndex=6541, commits[4ee04582-2825-4055-a051-0465d62eb5ca:c6541, 97f5b9f0-d9ef-40b5-ba79-7414923e623f:c6535, 7d686585-d831-45bc-93fc-0a553b604b0e:c6539]
2019-07-08 23:05:19,887 INFO  client.GrpcClientProtocolClient (GrpcClientProtocolClient.java:onNext(255)) - client-CEF4D3493DC0->4ee04582-2825-4055-a051-0465d62eb5ca: receive RaftClientReply:client-CEF4D3493DC0->4ee04582-2825-4055-a051-0465d62eb5ca@group-78E0FE5F723E, cid=4251, SUCCESS, logIndex=6544, commits[4ee04582-2825-4055-a051-0465d62eb5ca:c6545, 97f5b9f0-d9ef-40b5-ba79-7414923e623f:c6543, 7d686585-d831-45bc-93fc-0a553b604b0e:c6543]
2019-07-08 23:05:19,887 INFO  client.GrpcClientProtocolClient (GrpcClientProtocolClient.java:onNext(255)) - client-CEF4D3493DC0->4ee04582-2825-4055-a051-0465d62eb5ca: receive RaftClientReply:client-CEF4D3493DC0->4ee04582-2825-4055-a051-0465d62eb5ca@group-78E0FE5F723E, cid=4252, SUCCESS, logIndex=6545, commits[4ee04582-2825-4055-a051-0465d62eb5ca:c6545, 97f5b9f0-d9ef-40b5-ba79-7414923e623f:c6543, 7d686585-d831-45bc-93fc-0a553b604b0e:c6543]
2019-07-08 23:05:19,900 INFO  client.GrpcClientProtocolClient (GrpcClientProtocolClient.java:onNext(255)) - client-CEF4D3493DC0->4ee04582-2825-4055-a051-0465d62eb5ca: receive RaftClientReply:client-CEF4D3493DC0->4ee04582-2825-4055-a051-0465d62eb5ca@group-78E0FE5F723E, cid=4253, SUCCESS, logIndex=0, commits[4ee04582-2825-4055-a051-0465d62eb5ca:c6547, 97f5b9f0-d9ef-40b5-ba79-7414923e623f:c6545, 7d686585-d831-45bc-93fc-0a553b604b0e:c6545]
2019-07-08 23:05:19,924 INFO  client.GrpcClientProtocolClient (GrpcClientProtocolClient.java:onNext(255)) - client-CEF4D3493DC0->4ee04582-2825-4055-a051-0465d62eb5ca: receive RaftClientReply:client-CEF4D3493DC0->4ee04582-2825-4055-a051-0465d62eb5ca@group-78E0FE5F723E, cid=4254, SUCCESS, logIndex=6548, commits[4ee04582-2825-4055-a051-0465d62eb5ca:c6549, 97f5b9f0-d9ef-40b5-ba79-7414923e623f:c6547, 7d686585-d831-45bc-93fc-0a553b604b0e:c6545]
2019-07-08 23:05:19,924 INFO  client.GrpcClientProtocolClient (GrpcClientProtocolClient.java:onNext(255)) - client-CEF4D3493DC0->4ee04582-2825-4055-a051-0465d62eb5ca: receive RaftClientReply:client-CEF4D3493DC0->4ee04582-2825-4055-a051-0465d62eb5ca@group-78E0FE5F723E, cid=4255, SUCCESS, logIndex=6549, commits[4ee04582-2825-4055-a051-0465d62eb5ca:c6549, 97f5b9f0-d9ef-40b5-ba79-7414923e623f:c6547, 7d686585-d831-45bc-93fc-0a553b604b0e:c6545]
2019-07-08 23:05:19,926 INFO  client.GrpcClientProtocolClient (GrpcClientProtocolClient.java:onNext(255)) - client-CEF4D3493DC0->4ee04582-2825-4055-a051-0465d62eb5ca: receive RaftClientReply:client-CEF4D3493DC0->4ee04582-2825-4055-a051-0465d62eb5ca@group-78E0FE5F723E, cid=4256, SUCCESS, logIndex=6550, commits[4ee04582-2825-4055-a051-0465d62eb5ca:c6553, 97f5b9f0-d9ef-40b5-ba79-7414923e623f:c6549, 7d686585-d831-45bc-93fc-0a553b604b0e:c6547]
2019-07-08 23:05:19,926 INFO  client.GrpcClientProtocolClient (GrpcClientProtocolClient.java:onNext(255)) - client-CEF4D3493DC0->4ee04582-2825-4055-a051-0465d62eb5ca: receive RaftClientReply:client-CEF4D3493DC0->4ee04582-2825-4055-a051-0465d62eb5ca@group-78E0FE5F723E, cid=4257, SUCCESS, logIndex=6551, commits[4ee04582-2825-4055-a051-0465d62eb5ca:c6553, 97f5b9f0-d9ef-40b5-ba79-7414923e623f:c6549, 7d686585-d831-45bc-93fc-0a553b604b0e:c6547]
2019-07-08 23:05:19,927 INFO  client.GrpcClientProtocolClient (GrpcClientProtocolClient.java:onNext(255)) - client-CEF4D3493DC0->4ee04582-2825-4055-a051-0465d62eb5ca: receive RaftClientReply:client-CEF4D3493DC0->4ee04582-2825-4055-a051-0465d62eb5ca@group-78E0FE5F723E, cid=4258, SUCCESS, logIndex=0, commits[4ee04582-2825-4055-a051-0465d62eb5ca:c6553, 97f5b9f0-d9ef-40b5-ba79-7414923e623f:c6549, 7d686585-d831-45bc-93fc-0a553b604b0e:c6549]
2019-07-08 23:05:19,936 INFO  client.GrpcClientProtocolClient (GrpcClientProtocolClient.java:onNext(255)) - client-CEF4D3493DC0->4ee04582-2825-4055-a051-0465d62eb5ca: receive RaftClientReply:client-CEF4D3493DC0->4ee04582-2825-4055-a051-0465d62eb5ca@group-78E0FE5F723E, cid=4259, SUCCESS, logIndex=6556, commits[4ee04582-2825-4055-a051-0465d62eb5ca:c6557, 97f5b9f0-d9ef-40b5-ba79-7414923e623f:c6555, 7d686585-d831-45bc-93fc-0a553b604b0e:c6552]
2019-07-08 23:05:19,937 INFO  client.GrpcClientProtocolClient (GrpcClientProtocolClient.java:onNext(255)) - client-CEF4D3493DC0->4ee04582-2825-4055-a051-0465d62eb5ca: receive RaftClientReply:client-CEF4D3493DC0->4ee04582-2825-4055-a051-0465d62eb5ca@group-78E0FE5F723E, cid=4260, SUCCESS, logIndex=6557, commits[4ee04582-2825-4055-a051-0465d62eb5ca:c6557, 97f5b9f0-d9ef-40b5-ba79-7414923e623f:c6555, 7d686585-d831-45bc-93fc-0a553b604b0e:c6555]
2019-07-08 23:05:19,945 INFO  client.GrpcClientProtocolClient (GrpcClientProtocolClient.java:onNext(255)) - client-CEF4D3493DC0->4ee04582-2825-4055-a051-0465d62eb5ca: receive RaftClientReply:client-CEF4D3493DC0->4ee04582-2825-4055-a051-0465d62eb5ca@group-78E0FE5F723E, cid=4261, SUCCESS, logIndex=6560, commits[4ee04582-2825-4055-a051-0465d62eb5ca:c6561, 97f5b9f0-d9ef-40b5-ba79-7414923e623f:c6559, 7d686585-d831-45bc-93fc-0a553b604b0e:c6557]
2019-07-08 23:05:19,946 INFO  client.GrpcClientProtocolClient (GrpcClientProtocolClient.java:onNext(255)) - client-CEF4D3493DC0->4ee04582-2825-4055-a051-0465d62eb5ca: receive RaftClientReply:client-CEF4D3493DC0->4ee04582-2825-4055-a051-0465d62eb5ca@group-78E0FE5F723E, cid=4262, SUCCESS, logIndex=6561, commits[4ee04582-2825-4055-a051-0465d62eb5ca:c6561, 97f5b9f0-d9ef-40b5-ba79-7414923e623f:c6559, 7d686585-d831-45bc-93fc-0a553b604b0e:c6559]
2019-07-08 23:05:19,949 INFO  client.GrpcClientProtocolClient (GrpcClientProtocolClient.java:onNext(255)) - client-CEF4D3493DC0->4ee04582-2825-4055-a051-0465d62eb5ca: receive RaftClientReply:client-CEF4D3493DC0->4ee04582-2825-4055-a051-0465d62eb5ca@group-78E0FE5F723E, cid=4263, SUCCESS, logIndex=0, commits[4ee04582-2825-4055-a051-0465d62eb5ca:c6563, 97f5b9f0-d9ef-40b5-ba79-7414923e623f:c6561, 7d686585-d831-45bc-93fc-0a553b604b0e:c6561]
2019-07-08 23:05:19,969 INFO  client.GrpcClientProtocolClient (GrpcClientProtocolClient.java:onNext(255)) - client-CEF4D3493DC0->4ee04582-2825-4055-a051-0465d62eb5ca: receive RaftClientReply:client-CEF4D3493DC0->4ee04582-2825-4055-a051-0465d62eb5ca@group-78E0FE5F723E, cid=4264, SUCCESS, logIndex=6564, commits[4ee04582-2825-4055-a051-0465d62eb5ca:c6565, 97f5b9f0-d9ef-40b5-ba79-7414923e623f:c6563, 7d686585-d831-45bc-93fc-0a553b604b0e:c6561]
2019-07-08 23:05:19,970 INFO  client.GrpcClientProtocolClient (GrpcClientProtocolClient.java:onNext(255)) - client-CEF4D3493DC0->4ee04582-2825-4055-a051-0465d62eb5ca: receive RaftClientReply:client-CEF4D3493DC0->4ee04582-2825-4055-a051-0465d62eb5ca@group-78E0FE5F723E, cid=4265, SUCCESS, logIndex=6565, commits[4ee04582-2825-4055-a051-0465d62eb5ca:c6565, 97f5b9f0-d9ef-40b5-ba79-7414923e623f:c6563, 7d686585-d831-45bc-93fc-0a553b604b0e:c6563]
2019-07-08 23:05:19,972 INFO  client.GrpcClientProtocolClient (GrpcClientProtocolClient.java:onNext(255)) - client-CEF4D3493DC0->4ee04582-2825-4055-a051-0465d62eb5ca: receive RaftClientReply:client-CEF4D3493DC0->4ee04582-2825-4055-a051-0465d62eb5ca@group-78E0FE5F723E, cid=4266, SUCCESS, logIndex=6566, commits[4ee04582-2825-4055-a051-0465d62eb5ca:c6568, 97f5b9f0-d9ef-40b5-ba79-7414923e623f:c6564, 7d686585-d831-45bc-93fc-0a553b604b0e:c6563]
2019-07-08 23:05:19,972 INFO  client.GrpcClientProtocolClient (GrpcClientProtocolClient.java:onNext(255)) - client-CEF4D3493DC0->4ee04582-2825-4055-a051-0465d62eb5ca: receive RaftClientReply:client-CEF4D3493DC0->4ee04582-2825-4055-a051-0465d62eb5ca@group-78E0FE5F723E, cid=4267, SUCCESS, logIndex=6567, commits[4ee04582-2825-4055-a051-0465d62eb5ca:c6569, 97f5b9f0-d9ef-40b5-ba79-7414923e623f:c6565, 7d686585-d831-45bc-93fc-0a553b604b0e:c6563]
2019-07-08 23:05:19,973 INFO  client.GrpcClientProtocolClient (GrpcClientProtocolClient.java:onNext(255)) - client-CEF4D3493DC0->4ee04582-2825-4055-a051-0465d62eb5ca: receive RaftClientReply:client-CEF4D3493DC0->4ee04582-2825-4055-a051-0465d62eb5ca@group-78E0FE5F723E, cid=4268, SUCCESS, logIndex=0, commits[4ee04582-2825-4055-a051-0465d62eb5ca:c6569, 97f5b9f0-d9ef-40b5-ba79-7414923e623f:c6565, 7d686585-d831-45bc-93fc-0a553b604b0e:c6565]
2019-07-08 23:05:20,082 INFO  client.GrpcClientProtocolClient (GrpcClientProtocolClient.java:onNext(255)) - client-CEF4D3493DC0->4ee04582-2825-4055-a051-0465d62eb5ca: receive RaftClientReply:client-CEF4D3493DC0->4ee04582-2825-4055-a051-0465d62eb5ca@group-78E0FE5F723E, cid=4269, SUCCESS, logIndex=6572, commits[4ee04582-2825-4055-a051-0465d62eb5ca:c6573, 97f5b9f0-d9ef-40b5-ba79-7414923e623f:c6571, 7d686585-d831-45bc-93fc-0a553b604b0e:c6571]
2019-07-08 23:05:20,082 INFO  client.GrpcClientProtocolClient (GrpcClientProtocolClient.java:onNext(255)) - client-CEF4D3493DC0->4ee04582-2825-4055-a051-0465d62eb5ca: receive RaftClientReply:client-CEF4D3493DC0->4ee04582-2825-4055-a051-0465d62eb5ca@group-78E0FE5F723E, cid=4270, SUCCESS, logIndex=6573, commits[4ee04582-2825-4055-a051-0465d62eb5ca:c6573, 97f5b9f0-d9ef-40b5-ba79-7414923e623f:c6571, 7d686585-d831-45bc-93fc-0a553b604b0e:c6571]
2019-07-08 23:05:20,093 INFO  client.GrpcClientProtocolClient (GrpcClientProtocolClient.java:onNext(255)) - client-CEF4D3493DC0->4ee04582-2825-4055-a051-0465d62eb5ca: receive RaftClientReply:client-CEF4D3493DC0->4ee04582-2825-4055-a051-0465d62eb5ca@group-78E0FE5F723E, cid=4271, SUCCESS, logIndex=6576, commits[4ee04582-2825-4055-a051-0465d62eb5ca:c6577, 97f5b9f0-d9ef-40b5-ba79-7414923e623f:c6575, 7d686585-d831-45bc-93fc-0a553b604b0e:c6573]
2019-07-08 23:05:20,093 INFO  client.GrpcClientProtocolClient (GrpcClientProtocolClient.java:onNext(255)) - client-CEF4D3493DC0->4ee04582-2825-4055-a051-0465d62eb5ca: receive RaftClientReply:client-CEF4D3493DC0->4ee04582-2825-4055-a051-0465d62eb5ca@group-78E0FE5F723E, cid=4272, SUCCESS, logIndex=6577, commits[4ee04582-2825-4055-a051-0465d62eb5ca:c6577, 97f5b9f0-d9ef-40b5-ba79-7414923e623f:c6575, 7d686585-d831-45bc-93fc-0a553b604b0e:c6575]
2019-07-08 23:05:20,097 INFO  client.GrpcClientProtocolClient (GrpcClientProtocolClient.java:onNext(255)) - client-CEF4D3493DC0->4ee04582-2825-4055-a051-0465d62eb5ca: receive RaftClientReply:client-CEF4D3493DC0->4ee04582-2825-4055-a051-0465d62eb5ca@group-78E0FE5F723E, cid=4273, SUCCESS, logIndex=0, commits[4ee04582-2825-4055-a051-0465d62eb5ca:c6579, 97f5b9f0-d9ef-40b5-ba79-7414923e623f:c6577, 7d686585-d831-45bc-93fc-0a553b604b0e:c6577]
2019-07-08 23:05:20,124 INFO  client.GrpcClientProtocolClient (GrpcClientProtocolClient.java:onNext(255)) - client-CEF4D3493DC0->4ee04582-2825-4055-a051-0465d62eb5ca: receive RaftClientReply:client-CEF4D3493DC0->4ee04582-2825-4055-a051-0465d62eb5ca@group-78E0FE5F723E, cid=4274, SUCCESS, logIndex=6580, commits[4ee04582-2825-4055-a051-0465d62eb5ca:c6581, 97f5b9f0-d9ef-40b5-ba79-7414923e623f:c6579, 7d686585-d831-45bc-93fc-0a553b604b0e:c6579]
2019-07-08 23:05:20,125 INFO  client.GrpcClientProtocolClient (GrpcClientProtocolClient.java:onNext(255)) - client-CEF4D3493DC0->4ee04582-2825-4055-a051-0465d62eb5ca: receive RaftClientReply:client-CEF4D3493DC0->4ee04582-2825-4055-a051-0465d62eb5ca@group-78E0FE5F723E, cid=4275, SUCCESS, logIndex=6581, commits[4ee04582-2825-4055-a051-0465d62eb5ca:c6583, 97f5b9f0-d9ef-40b5-ba79-7414923e623f:c6579, 7d686585-d831-45bc-93fc-0a553b604b0e:c6579]
2019-07-08 23:05:20,125 INFO  client.GrpcClientProtocolClient (GrpcClientProtocolClient.java:onNext(255)) - client-CEF4D3493DC0->4ee04582-2825-4055-a051-0465d62eb5ca: receive RaftClientReply:client-CEF4D3493DC0->4ee04582-2825-4055-a051-0465d62eb5ca@group-78E0FE5F723E, cid=4276, SUCCESS, logIndex=6582, commits[4ee04582-2825-4055-a051-0465d62eb5ca:c6583, 97f5b9f0-d9ef-40b5-ba79-7414923e623f:c6579, 7d686585-d831-45bc-93fc-0a553b604b0e:c6579]
2019-07-08 23:05:20,125 INFO  client.GrpcClientProtocolClient (GrpcClientProtocolClient.java:onNext(255)) - client-CEF4D3493DC0->4ee04582-2825-4055-a051-0465d62eb5ca: receive RaftClientReply:client-CEF4D3493DC0->4ee04582-2825-4055-a051-0465d62eb5ca@group-78E0FE5F723E, cid=4277, SUCCESS, logIndex=6583, commits[4ee04582-2825-4055-a051-0465d62eb5ca:c6583, 97f5b9f0-d9ef-40b5-ba79-7414923e623f:c6579, 7d686585-d831-45bc-93fc-0a553b604b0e:c6579]
2019-07-08 23:05:20,128 INFO  client.GrpcClientProtocolClient (GrpcClientProtocolClient.java:onNext(255)) - client-CEF4D3493DC0->4ee04582-2825-4055-a051-0465d62eb5ca: receive RaftClientReply:client-CEF4D3493DC0->4ee04582-2825-4055-a051-0465d62eb5ca@group-78E0FE5F723E, cid=4278, SUCCESS, logIndex=0, commits[4ee04582-2825-4055-a051-0465d62eb5ca:c6585, 97f5b9f0-d9ef-40b5-ba79-7414923e623f:c6581, 7d686585-d831-45bc-93fc-0a553b604b0e:c6581]
2019-07-08 23:05:20,140 INFO  client.GrpcClientProtocolClient (GrpcClientProtocolClient.java:onNext(255)) - client-CEF4D3493DC0->4ee04582-2825-4055-a051-0465d62eb5ca: receive RaftClientReply:client-CEF4D3493DC0->4ee04582-2825-4055-a051-0465d62eb5ca@group-78E0FE5F723E, cid=4279, SUCCESS, logIndex=6588, commits[4ee04582-2825-4055-a051-0465d62eb5ca:c6589, 97f5b9f0-d9ef-40b5-ba79-7414923e623f:c6587, 7d686585-d831-45bc-93fc-0a553b604b0e:c6583]
2019-07-08 23:05:20,141 INFO  client.GrpcClientProtocolClient (GrpcClientProtocolClient.java:onNext(255)) - client-CEF4D3493DC0->4ee04582-2825-4055-a051-0465d62eb5ca: receive RaftClientReply:client-CEF4D3493DC0->4ee04582-2825-4055-a051-0465d62eb5ca@group-78E0FE5F723E, cid=4280, SUCCESS, logIndex=6589, commits[4ee04582-2825-4055-a051-0465d62eb5ca:c6589, 97f5b9f0-d9ef-40b5-ba79-7414923e623f:c6587, 7d686585-d831-45bc-93fc-0a553b604b0e:c6587]
 0.00% |█                                                                                                    |  0/1 Time: 0:00:292019-07-08 23:05:20,154 INFO  client.GrpcClientProtocolClient (GrpcClientProtocolClient.java:onNext(255)) - client-CEF4D3493DC0->4ee04582-2825-4055-a051-0465d62eb5ca: receive RaftClientReply:client-CEF4D3493DC0->4ee04582-2825-4055-a051-0465d62eb5ca@group-78E0FE5F723E, cid=4281, SUCCESS, logIndex=6592, commits[4ee04582-2825-4055-a051-0465d62eb5ca:c6593, 97f5b9f0-d9ef-40b5-ba79-7414923e623f:c6591, 7d686585-d831-45bc-93fc-0a553b604b0e:c6591]
2019-07-08 23:05:20,154 INFO  client.GrpcClientProtocolClient (GrpcClientProtocolClient.java:onNext(255)) - client-CEF4D3493DC0->4ee04582-2825-4055-a051-0465d62eb5ca: receive RaftClientReply:client-CEF4D3493DC0->4ee04582-2825-4055-a051-0465d62eb5ca@group-78E0FE5F723E, cid=4282, SUCCESS, logIndex=6593, commits[4ee04582-2825-4055-a051-0465d62eb5ca:c6593, 97f5b9f0-d9ef-40b5-ba79-7414923e623f:c6591, 7d686585-d831-45bc-93fc-0a553b604b0e:c6591]
2019-07-08 23:05:20,158 INFO  client.GrpcClientProtocolClient (GrpcClientProtocolClient.java:onNext(255)) - client-CEF4D3493DC0->4ee04582-2825-4055-a051-0465d62eb5ca: receive RaftClientReply:client-CEF4D3493DC0->4ee04582-2825-4055-a051-0465d62eb5ca@group-78E0FE5F723E, cid=4283, SUCCESS, logIndex=0, commits[4ee04582-2825-4055-a051-0465d62eb5ca:c6594, 97f5b9f0-d9ef-40b5-ba79-7414923e623f:c6593, 7d686585-d831-45bc-93fc-0a553b604b0e:c6593]
2019-07-08 23:05:20,186 INFO  client.GrpcClientProtocolClient (GrpcClientProtocolClient.java:onNext(255)) - client-CEF4D3493DC0->4ee04582-2825-4055-a051-0465d62eb5ca: receive RaftClientReply:client-CEF4D3493DC0->4ee04582-2825-4055-a051-0465d62eb5ca@group-78E0FE5F723E, cid=4284, SUCCESS, logIndex=6596, commits[4ee04582-2825-4055-a051-0465d62eb5ca:c6597, 97f5b9f0-d9ef-40b5-ba79-7414923e623f:c6595, 7d686585-d831-45bc-93fc-0a553b604b0e:c6593]
2019-07-08 23:05:20,187 INFO  client.GrpcClientProtocolClient (GrpcClientProtocolClient.java:onNext(255)) - client-CEF4D3493DC0->4ee04582-2825-4055-a051-0465d62eb5ca: receive RaftClientReply:client-CEF4D3493DC0->4ee04582-2825-4055-a051-0465d62eb5ca@group-78E0FE5F723E, cid=4285, SUCCESS, logIndex=6597, commits[4ee04582-2825-4055-a051-0465d62eb5ca:c6597, 97f5b9f0-d9ef-40b5-ba79-7414923e623f:c6595, 7d686585-d831-45bc-93fc-0a553b604b0e:c6593]
2019-07-08 23:05:20,188 INFO  client.GrpcClientProtocolClient (GrpcClientProtocolClient.java:onNext(255)) - client-CEF4D3493DC0->4ee04582-2825-4055-a051-0465d62eb5ca: receive RaftClientReply:client-CEF4D3493DC0->4ee04582-2825-4055-a051-0465d62eb5ca@group-78E0FE5F723E, cid=4286, SUCCESS, logIndex=6598, commits[4ee04582-2825-4055-a051-0465d62eb5ca:c6599, 97f5b9f0-d9ef-40b5-ba79-7414923e623f:c6595, 7d686585-d831-45bc-93fc-0a553b604b0e:c6595]
2019-07-08 23:05:20,189 INFO  client.GrpcClientProtocolClient (GrpcClientProtocolClient.java:onNext(255)) - client-CEF4D3493DC0->4ee04582-2825-4055-a051-0465d62eb5ca: receive RaftClientReply:client-CEF4D3493DC0->4ee04582-2825-4055-a051-0465d62eb5ca@group-78E0FE5F723E, cid=4287, SUCCESS, logIndex=6599, commits[4ee04582-2825-4055-a051-0465d62eb5ca:c6599, 97f5b9f0-d9ef-40b5-ba79-7414923e623f:c6595, 7d686585-d831-45bc-93fc-0a553b604b0e:c6597]
2019-07-08 23:05:20,190 INFO  client.GrpcClientProtocolClient (GrpcClientProtocolClient.java:onNext(255)) - client-CEF4D3493DC0->4ee04582-2825-4055-a051-0465d62eb5ca: receive RaftClientReply:client-CEF4D3493DC0->4ee04582-2825-4055-a051-0465d62eb5ca@group-78E0FE5F723E, cid=4288, SUCCESS, logIndex=0, commits[4ee04582-2825-4055-a051-0465d62eb5ca:c6601, 97f5b9f0-d9ef-40b5-ba79-7414923e623f:c6597, 7d686585-d831-45bc-93fc-0a553b604b0e:c6597]
2019-07-08 23:05:20,210 INFO  client.GrpcClientProtocolClient (GrpcClientProtocolClient.java:onNext(255)) - client-CEF4D3493DC0->4ee04582-2825-4055-a051-0465d62eb5ca: receive RaftClientReply:client-CEF4D3493DC0->4ee04582-2825-4055-a051-0465d62eb5ca@group-78E0FE5F723E, cid=4289, SUCCESS, logIndex=6604, commits[4ee04582-2825-4055-a051-0465d62eb5ca:c6605, 97f5b9f0-d9ef-40b5-ba79-7414923e623f:c6603, 7d686585-d831-45bc-93fc-0a553b604b0e:c6603]
2019-07-08 23:05:20,210 INFO  client.GrpcClientProtocolClient (GrpcClientProtocolClient.java:onNext(255)) - client-CEF4D3493DC0->4ee04582-2825-4055-a051-0465d62eb5ca: receive RaftClientReply:client-CEF4D3493DC0->4ee04582-2825-4055-a051-0465d62eb5ca@group-78E0FE5F723E, cid=4290, SUCCESS, logIndex=6605, commits[4ee04582-2825-4055-a051-0465d62eb5ca:c6605, 97f5b9f0-d9ef-40b5-ba79-7414923e623f:c6603, 7d686585-d831-45bc-93fc-0a553b604b0e:c6603]
2019-07-08 23:05:20,221 INFO  client.GrpcClientProtocolClient (GrpcClientProtocolClient.java:onNext(255)) - client-CEF4D3493DC0->4ee04582-2825-4055-a051-0465d62eb5ca: receive RaftClientReply:client-CEF4D3493DC0->4ee04582-2825-4055-a051-0465d62eb5ca@group-78E0FE5F723E, cid=4291, SUCCESS, logIndex=6608, commits[4ee04582-2825-4055-a051-0465d62eb5ca:c6609, 97f5b9f0-d9ef-40b5-ba79-7414923e623f:c6607, 7d686585-d831-45bc-93fc-0a553b604b0e:c6605]
2019-07-08 23:05:20,222 INFO  client.GrpcClientProtocolClient (GrpcClientProtocolClient.java:onNext(255)) - client-CEF4D3493DC0->4ee04582-2825-4055-a051-0465d62eb5ca: receive RaftClientReply:client-CEF4D3493DC0->4ee04582-2825-4055-a051-0465d62eb5ca@group-78E0FE5F723E, cid=4292, SUCCESS, logIndex=6609, commits[4ee04582-2825-4055-a051-0465d62eb5ca:c6609, 97f5b9f0-d9ef-40b5-ba79-7414923e623f:c6607, 7d686585-d831-45bc-93fc-0a553b604b0e:c6607]
2019-07-08 23:05:20,225 INFO  client.GrpcClientProtocolClient (GrpcClientProtocolClient.java:onNext(255)) - client-CEF4D3493DC0->4ee04582-2825-4055-a051-0465d62eb5ca: receive RaftClientReply:client-CEF4D3493DC0->4ee04582-2825-4055-a051-0465d62eb5ca@group-78E0FE5F723E, cid=4293, SUCCESS, logIndex=0, commits[4ee04582-2825-4055-a051-0465d62eb5ca:c6610, 97f5b9f0-d9ef-40b5-ba79-7414923e623f:c6609, 7d686585-d831-45bc-93fc-0a553b604b0e:c6609]
2019-07-08 23:05:20,263 INFO  client.GrpcClientProtocolClient (GrpcClientProtocolClient.java:onNext(255)) - client-CEF4D3493DC0->4ee04582-2825-4055-a051-0465d62eb5ca: receive RaftClientReply:client-CEF4D3493DC0->4ee04582-2825-4055-a051-0465d62eb5ca@group-78E0FE5F723E, cid=4294, SUCCESS, logIndex=6612, commits[4ee04582-2825-4055-a051-0465d62eb5ca:c6613, 97f5b9f0-d9ef-40b5-ba79-7414923e623f:c6611, 7d686585-d831-45bc-93fc-0a553b604b0e:c6611]
2019-07-08 23:05:20,264 INFO  client.GrpcClientProtocolClient (GrpcClientProtocolClient.java:onNext(255)) - client-CEF4D3493DC0->4ee04582-2825-4055-a051-0465d62eb5ca: receive RaftClientReply:client-CEF4D3493DC0->4ee04582-2825-4055-a051-0465d62eb5ca@group-78E0FE5F723E, cid=4295, SUCCESS, logIndex=6613, commits[4ee04582-2825-4055-a051-0465d62eb5ca:c6615, 97f5b9f0-d9ef-40b5-ba79-7414923e623f:c6611, 7d686585-d831-45bc-93fc-0a553b604b0e:c6611]
2019-07-08 23:05:20,264 INFO  client.GrpcClientProtocolClient (GrpcClientProtocolClient.java:onNext(255)) - client-CEF4D3493DC0->4ee04582-2825-4055-a051-0465d62eb5ca: receive RaftClientReply:client-CEF4D3493DC0->4ee04582-2825-4055-a051-0465d62eb5ca@group-78E0FE5F723E, cid=4296, SUCCESS, logIndex=6614, commits[4ee04582-2825-4055-a051-0465d62eb5ca:c6615, 97f5b9f0-d9ef-40b5-ba79-7414923e623f:c6611, 7d686585-d831-45bc-93fc-0a553b604b0e:c6611]
2019-07-08 23:05:20,264 INFO  client.GrpcClientProtocolClient (GrpcClientProtocolClient.java:onNext(255)) - client-CEF4D3493DC0->4ee04582-2825-4055-a051-0465d62eb5ca: receive RaftClientReply:client-CEF4D3493DC0->4ee04582-2825-4055-a051-0465d62eb5ca@group-78E0FE5F723E, cid=4297, SUCCESS, logIndex=6615, commits[4ee04582-2825-4055-a051-0465d62eb5ca:c6615, 97f5b9f0-d9ef-40b5-ba79-7414923e623f:c6611, 7d686585-d831-45bc-93fc-0a553b604b0e:c6611]
2019-07-08 23:05:20,269 INFO  client.GrpcClientProtocolClient (GrpcClientProtocolClient.java:onNext(255)) - client-CEF4D3493DC0->4ee04582-2825-4055-a051-0465d62eb5ca: receive RaftClientReply:client-CEF4D3493DC0->4ee04582-2825-4055-a051-0465d62eb5ca@group-78E0FE5F723E, cid=4298, SUCCESS, logIndex=0, commits[4ee04582-2825-4055-a051-0465d62eb5ca:c6617, 97f5b9f0-d9ef-40b5-ba79-7414923e623f:c6613, 7d686585-d831-45bc-93fc-0a553b604b0e:c6613]
2019-07-08 23:05:20,282 INFO  client.GrpcClientProtocolClient (GrpcClientProtocolClient.java:onNext(255)) - client-CEF4D3493DC0->4ee04582-2825-4055-a051-0465d62eb5ca: receive RaftClientReply:client-CEF4D3493DC0->4ee04582-2825-4055-a051-0465d62eb5ca@group-78E0FE5F723E, cid=4299, SUCCESS, logIndex=6619, commits[4ee04582-2825-4055-a051-0465d62eb5ca:c6620, 97f5b9f0-d9ef-40b5-ba79-7414923e623f:c6618, 7d686585-d831-45bc-93fc-0a553b604b0e:c6618]
2019-07-08 23:05:20,282 INFO  client.GrpcClientProtocolClient (GrpcClientProtocolClient.java:onNext(255)) - client-CEF4D3493DC0->4ee04582-2825-4055-a051-0465d62eb5ca: receive RaftClientReply:client-CEF4D3493DC0->4ee04582-2825-4055-a051-0465d62eb5ca@group-78E0FE5F723E, cid=4300, SUCCESS, logIndex=6620, commits[4ee04582-2825-4055-a051-0465d62eb5ca:c6620, 97f5b9f0-d9ef-40b5-ba79-7414923e623f:c6618, 7d686585-d831-45bc-93fc-0a553b604b0e:c6618]
2019-07-08 23:05:20,296 INFO  client.GrpcClientProtocolClient (GrpcClientProtocolClient.java:onNext(255)) - client-CEF4D3493DC0->4ee04582-2825-4055-a051-0465d62eb5ca: receive RaftClientReply:client-CEF4D3493DC0->4ee04582-2825-4055-a051-0465d62eb5ca@group-78E0FE5F723E, cid=4301, SUCCESS, logIndex=6623, commits[4ee04582-2825-4055-a051-0465d62eb5ca:c6624, 97f5b9f0-d9ef-40b5-ba79-7414923e623f:c6620, 7d686585-d831-45bc-93fc-0a553b604b0e:c6622]
2019-07-08 23:05:20,296 INFO  client.GrpcClientProtocolClient (GrpcClientProtocolClient.java:onNext(255)) - client-CEF4D3493DC0->4ee04582-2825-4055-a051-0465d62eb5ca: receive RaftClientReply:client-CEF4D3493DC0->4ee04582-2825-4055-a051-0465d62eb5ca@group-78E0FE5F723E, cid=4302, SUCCESS, logIndex=6624, commits[4ee04582-2825-4055-a051-0465d62eb5ca:c6624, 97f5b9f0-d9ef-40b5-ba79-7414923e623f:c6622, 7d686585-d831-45bc-93fc-0a553b604b0e:c6622]
2019-07-08 23:05:20,298 INFO  client.GrpcClientProtocolClient (GrpcClientProtocolClient.java:onNext(255)) - client-CEF4D3493DC0->4ee04582-2825-4055-a051-0465d62eb5ca: receive RaftClientReply:client-CEF4D3493DC0->4ee04582-2825-4055-a051-0465d62eb5ca@group-78E0FE5F723E, cid=4303, SUCCESS, logIndex=0, commits[4ee04582-2825-4055-a051-0465d62eb5ca:c6625, 97f5b9f0-d9ef-40b5-ba79-7414923e623f:c6624, 7d686585-d831-45bc-93fc-0a553b604b0e:c6624]
2019-07-08 23:05:20,331 INFO  client.GrpcClientProtocolClient (GrpcClientProtocolClient.java:onNext(255)) - client-CEF4D3493DC0->4ee04582-2825-4055-a051-0465d62eb5ca: receive RaftClientReply:client-CEF4D3493DC0->4ee04582-2825-4055-a051-0465d62eb5ca@group-78E0FE5F723E, cid=4304, SUCCESS, logIndex=6627, commits[4ee04582-2825-4055-a051-0465d62eb5ca:c6628, 97f5b9f0-d9ef-40b5-ba79-7414923e623f:c6626, 7d686585-d831-45bc-93fc-0a553b604b0e:c6626]
2019-07-08 23:05:20,331 INFO  client.GrpcClientProtocolClient (GrpcClientProtocolClient.java:onNext(255)) - client-CEF4D3493DC0->4ee04582-2825-4055-a051-0465d62eb5ca: receive RaftClientReply:client-CEF4D3493DC0->4ee04582-2825-4055-a051-0465d62eb5ca@group-78E0FE5F723E, cid=4305, SUCCESS, logIndex=6628, commits[4ee04582-2825-4055-a051-0465d62eb5ca:c6628, 97f5b9f0-d9ef-40b5-ba79-7414923e623f:c6626, 7d686585-d831-45bc-93fc-0a553b604b0e:c6626]
2019-07-08 23:05:20,331 INFO  client.GrpcClientProtocolClient (GrpcClientProtocolClient.java:onNext(255)) - client-CEF4D3493DC0->4ee04582-2825-4055-a051-0465d62eb5ca: receive RaftClientReply:client-CEF4D3493DC0->4ee04582-2825-4055-a051-0465d62eb5ca@group-78E0FE5F723E, cid=4306, SUCCESS, logIndex=6629, commits[4ee04582-2825-4055-a051-0465d62eb5ca:c6630, 97f5b9f0-d9ef-40b5-ba79-7414923e623f:c6626, 7d686585-d831-45bc-93fc-0a553b604b0e:c6626]
2019-07-08 23:05:20,332 INFO  client.GrpcClientProtocolClient (GrpcClientProtocolClient.java:onNext(255)) - client-CEF4D3493DC0->4ee04582-2825-4055-a051-0465d62eb5ca: receive RaftClientReply:client-CEF4D3493DC0->4ee04582-2825-4055-a051-0465d62eb5ca@group-78E0FE5F723E, cid=4307, SUCCESS, logIndex=6630, commits[4ee04582-2825-4055-a051-0465d62eb5ca:c6630, 97f5b9f0-d9ef-40b5-ba79-7414923e623f:c6626, 7d686585-d831-45bc-93fc-0a553b604b0e:c6626]
2019-07-08 23:05:20,336 INFO  client.GrpcClientProtocolClient (GrpcClientProtocolClient.java:onNext(255)) - client-CEF4D3493DC0->4ee04582-2825-4055-a051-0465d62eb5ca: receive RaftClientReply:client-CEF4D3493DC0->4ee04582-2825-4055-a051-0465d62eb5ca@group-78E0FE5F723E, cid=4308, SUCCESS, logIndex=0, commits[4ee04582-2825-4055-a051-0465d62eb5ca:c6632, 97f5b9f0-d9ef-40b5-ba79-7414923e623f:c6628, 7d686585-d831-45bc-93fc-0a553b604b0e:c6628]
2019-07-08 23:05:20,351 INFO  client.GrpcClientProtocolClient (GrpcClientProtocolClient.java:onNext(255)) - client-CEF4D3493DC0->4ee04582-2825-4055-a051-0465d62eb5ca: receive RaftClientReply:client-CEF4D3493DC0->4ee04582-2825-4055-a051-0465d62eb5ca@group-78E0FE5F723E, cid=4309, SUCCESS, logIndex=6635, commits[4ee04582-2825-4055-a051-0465d62eb5ca:c6636, 97f5b9f0-d9ef-40b5-ba79-7414923e623f:c6634, 7d686585-d831-45bc-93fc-0a553b604b0e:c6630]
2019-07-08 23:05:20,351 INFO  client.GrpcClientProtocolClient (GrpcClientProtocolClient.java:onNext(255)) - client-CEF4D3493DC0->4ee04582-2825-4055-a051-0465d62eb5ca: receive RaftClientReply:client-CEF4D3493DC0->4ee04582-2825-4055-a051-0465d62eb5ca@group-78E0FE5F723E, cid=4310, SUCCESS, logIndex=6636, commits[4ee04582-2825-4055-a051-0465d62eb5ca:c6636, 97f5b9f0-d9ef-40b5-ba79-7414923e623f:c6634, 7d686585-d831-45bc-93fc-0a553b604b0e:c6634]
2019-07-08 23:05:20,363 INFO  client.GrpcClientProtocolClient (GrpcClientProtocolClient.java:onNext(255)) - client-CEF4D3493DC0->4ee04582-2825-4055-a051-0465d62eb5ca: receive RaftClientReply:client-CEF4D3493DC0->4ee04582-2825-4055-a051-0465d62eb5ca@group-78E0FE5F723E, cid=4311, SUCCESS, logIndex=6639, commits[4ee04582-2825-4055-a051-0465d62eb5ca:c6640, 97f5b9f0-d9ef-40b5-ba79-7414923e623f:c6638, 7d686585-d831-45bc-93fc-0a553b604b0e:c6636]
2019-07-08 23:05:20,363 INFO  client.GrpcClientProtocolClient (GrpcClientProtocolClient.java:onNext(255)) - client-CEF4D3493DC0->4ee04582-2825-4055-a051-0465d62eb5ca: receive RaftClientReply:client-CEF4D3493DC0->4ee04582-2825-4055-a051-0465d62eb5ca@group-78E0FE5F723E, cid=4312, SUCCESS, logIndex=6640, commits[4ee04582-2825-4055-a051-0465d62eb5ca:c6640, 97f5b9f0-d9ef-40b5-ba79-7414923e623f:c6638, 7d686585-d831-45bc-93fc-0a553b604b0e:c6638]
2019-07-08 23:05:20,365 INFO  client.GrpcClientProtocolClient (GrpcClientProtocolClient.java:onNext(255)) - client-CEF4D3493DC0->4ee04582-2825-4055-a051-0465d62eb5ca: receive RaftClientReply:client-CEF4D3493DC0->4ee04582-2825-4055-a051-0465d62eb5ca@group-78E0FE5F723E, cid=4313, SUCCESS, logIndex=0, commits[4ee04582-2825-4055-a051-0465d62eb5ca:c6641, 97f5b9f0-d9ef-40b5-ba79-7414923e623f:c6640, 7d686585-d831-45bc-93fc-0a553b604b0e:c6640]
2019-07-08 23:05:20,402 INFO  client.GrpcClientProtocolClient (GrpcClientProtocolClient.java:onNext(255)) - client-CEF4D3493DC0->4ee04582-2825-4055-a051-0465d62eb5ca: receive RaftClientReply:client-CEF4D3493DC0->4ee04582-2825-4055-a051-0465d62eb5ca@group-78E0FE5F723E, cid=4314, SUCCESS, logIndex=6643, commits[4ee04582-2825-4055-a051-0465d62eb5ca:c6644, 97f5b9f0-d9ef-40b5-ba79-7414923e623f:c6642, 7d686585-d831-45bc-93fc-0a553b604b0e:c6642]
2019-07-08 23:05:20,402 INFO  client.GrpcClientProtocolClient (GrpcClientProtocolClient.java:onNext(255)) - client-CEF4D3493DC0->4ee04582-2825-4055-a051-0465d62eb5ca: receive RaftClientReply:client-CEF4D3493DC0->4ee04582-2825-4055-a051-0465d62eb5ca@group-78E0FE5F723E, cid=4315, SUCCESS, logIndex=6644, commits[4ee04582-2825-4055-a051-0465d62eb5ca:c6646, 97f5b9f0-d9ef-40b5-ba79-7414923e623f:c6642, 7d686585-d831-45bc-93fc-0a553b604b0e:c6642]
2019-07-08 23:05:20,403 INFO  client.GrpcClientProtocolClient (GrpcClientProtocolClient.java:onNext(255)) - client-CEF4D3493DC0->4ee04582-2825-4055-a051-0465d62eb5ca: receive RaftClientReply:client-CEF4D3493DC0->4ee04582-2825-4055-a051-0465d62eb5ca@group-78E0FE5F723E, cid=4316, SUCCESS, logIndex=6645, commits[4ee04582-2825-4055-a051-0465d62eb5ca:c6646, 97f5b9f0-d9ef-40b5-ba79-7414923e623f:c6642, 7d686585-d831-45bc-93fc-0a553b604b0e:c6642]
2019-07-08 23:05:20,403 INFO  client.GrpcClientProtocolClient (GrpcClientProtocolClient.java:onNext(255)) - client-CEF4D3493DC0->4ee04582-2825-4055-a051-0465d62eb5ca: receive RaftClientReply:client-CEF4D3493DC0->4ee04582-2825-4055-a051-0465d62eb5ca@group-78E0FE5F723E, cid=4317, SUCCESS, logIndex=6646, commits[4ee04582-2825-4055-a051-0465d62eb5ca:c6646, 97f5b9f0-d9ef-40b5-ba79-7414923e623f:c6642, 7d686585-d831-45bc-93fc-0a553b604b0e:c6642]
2019-07-08 23:05:20,404 INFO  client.GrpcClientProtocolClient (GrpcClientProtocolClient.java:onNext(255)) - client-CEF4D3493DC0->4ee04582-2825-4055-a051-0465d62eb5ca: receive RaftClientReply:client-CEF4D3493DC0->4ee04582-2825-4055-a051-0465d62eb5ca@group-78E0FE5F723E, cid=4318, SUCCESS, logIndex=0, commits[4ee04582-2825-4055-a051-0465d62eb5ca:c6647, 97f5b9f0-d9ef-40b5-ba79-7414923e623f:c6644, 7d686585-d831-45bc-93fc-0a553b604b0e:c6644]
2019-07-08 23:05:20,419 INFO  client.GrpcClientProtocolClient (GrpcClientProtocolClient.java:onNext(255)) - client-CEF4D3493DC0->4ee04582-2825-4055-a051-0465d62eb5ca: receive RaftClientReply:client-CEF4D3493DC0->4ee04582-2825-4055-a051-0465d62eb5ca@group-78E0FE5F723E, cid=4319, SUCCESS, logIndex=6651, commits[4ee04582-2825-4055-a051-0465d62eb5ca:c6652, 97f5b9f0-d9ef-40b5-ba79-7414923e623f:c6650, 7d686585-d831-45bc-93fc-0a553b604b0e:c6650]
2019-07-08 23:05:20,420 INFO  client.GrpcClientProtocolClient (GrpcClientProtocolClient.java:onNext(255)) - client-CEF4D3493DC0->4ee04582-2825-4055-a051-0465d62eb5ca: receive RaftClientReply:client-CEF4D3493DC0->4ee04582-2825-4055-a051-0465d62eb5ca@group-78E0FE5F723E, cid=4320, SUCCESS, logIndex=6652, commits[4ee04582-2825-4055-a051-0465d62eb5ca:c6652, 97f5b9f0-d9ef-40b5-ba79-7414923e623f:c6650, 7d686585-d831-45bc-93fc-0a553b604b0e:c6650]
2019-07-08 23:05:20,431 INFO  client.GrpcClientProtocolClient (GrpcClientProtocolClient.java:onNext(255)) - client-CEF4D3493DC0->4ee04582-2825-4055-a051-0465d62eb5ca: receive RaftClientReply:client-CEF4D3493DC0->4ee04582-2825-4055-a051-0465d62eb5ca@group-78E0FE5F723E, cid=4321, SUCCESS, logIndex=6655, commits[4ee04582-2825-4055-a051-0465d62eb5ca:c6656, 97f5b9f0-d9ef-40b5-ba79-7414923e623f:c6654, 7d686585-d831-45bc-93fc-0a553b604b0e:c6654]
2019-07-08 23:05:20,431 INFO  client.GrpcClientProtocolClient (GrpcClientProtocolClient.java:onNext(255)) - client-CEF4D3493DC0->4ee04582-2825-4055-a051-0465d62eb5ca: receive RaftClientReply:client-CEF4D3493DC0->4ee04582-2825-4055-a051-0465d62eb5ca@group-78E0FE5F723E, cid=4322, SUCCESS, logIndex=6656, commits[4ee04582-2825-4055-a051-0465d62eb5ca:c6656, 97f5b9f0-d9ef-40b5-ba79-7414923e623f:c6654, 7d686585-d831-45bc-93fc-0a553b604b0e:c6654]
2019-07-08 23:05:20,443 INFO  client.GrpcClientProtocolClient (GrpcClientProtocolClient.java:onNext(255)) - client-CEF4D3493DC0->4ee04582-2825-4055-a051-0465d62eb5ca: receive RaftClientReply:client-CEF4D3493DC0->4ee04582-2825-4055-a051-0465d62eb5ca@group-78E0FE5F723E, cid=4323, SUCCESS, logIndex=0, commits[4ee04582-2825-4055-a051-0465d62eb5ca:c6658, 97f5b9f0-d9ef-40b5-ba79-7414923e623f:c6656, 7d686585-d831-45bc-93fc-0a553b604b0e:c6656]
2019-07-08 23:05:20,469 INFO  client.GrpcClientProtocolClient (GrpcClientProtocolClient.java:onNext(255)) - client-CEF4D3493DC0->4ee04582-2825-4055-a051-0465d62eb5ca: receive RaftClientReply:client-CEF4D3493DC0->4ee04582-2825-4055-a051-0465d62eb5ca@group-78E0FE5F723E, cid=4324, SUCCESS, logIndex=6659, commits[4ee04582-2825-4055-a051-0465d62eb5ca:c6660, 97f5b9f0-d9ef-40b5-ba79-7414923e623f:c6658, 7d686585-d831-45bc-93fc-0a553b604b0e:c6658]
2019-07-08 23:05:20,470 INFO  client.GrpcClientProtocolClient (GrpcClientProtocolClient.java:onNext(255)) - client-CEF4D3493DC0->4ee04582-2825-4055-a051-0465d62eb5ca: receive RaftClientReply:client-CEF4D3493DC0->4ee04582-2825-4055-a051-0465d62eb5ca@group-78E0FE5F723E, cid=4325, SUCCESS, logIndex=6660, commits[4ee04582-2825-4055-a051-0465d62eb5ca:c6660, 97f5b9f0-d9ef-40b5-ba79-7414923e623f:c6658, 7d686585-d831-45bc-93fc-0a553b604b0e:c6658]
2019-07-08 23:05:20,472 INFO  client.GrpcClientProtocolClient (GrpcClientProtocolClient.java:onNext(255)) - client-CEF4D3493DC0->4ee04582-2825-4055-a051-0465d62eb5ca: receive RaftClientReply:client-CEF4D3493DC0->4ee04582-2825-4055-a051-0465d62eb5ca@group-78E0FE5F723E, cid=4326, SUCCESS, logIndex=6661, commits[4ee04582-2825-4055-a051-0465d62eb5ca:c6662, 97f5b9f0-d9ef-40b5-ba79-7414923e623f:c6659, 7d686585-d831-45bc-93fc-0a553b604b0e:c6658]
2019-07-08 23:05:20,472 INFO  client.GrpcClientProtocolClient (GrpcClientProtocolClient.java:onNext(255)) - client-CEF4D3493DC0->4ee04582-2825-4055-a051-0465d62eb5ca: receive RaftClientReply:client-CEF4D3493DC0->4ee04582-2825-4055-a051-0465d62eb5ca@group-78E0FE5F723E, cid=4327, SUCCESS, logIndex=6662, commits[4ee04582-2825-4055-a051-0465d62eb5ca:c6664, 97f5b9f0-d9ef-40b5-ba79-7414923e623f:c6660, 7d686585-d831-45bc-93fc-0a553b604b0e:c6660]
2019-07-08 23:05:20,494 INFO  client.GrpcClientProtocolClient (GrpcClientProtocolClient.java:onNext(255)) - client-CEF4D3493DC0->4ee04582-2825-4055-a051-0465d62eb5ca: receive RaftClientReply:client-CEF4D3493DC0->4ee04582-2825-4055-a051-0465d62eb5ca@group-78E0FE5F723E, cid=4328, SUCCESS, logIndex=6667, commits[4ee04582-2825-4055-a051-0465d62eb5ca:c6668, 97f5b9f0-d9ef-40b5-ba79-7414923e623f:c6666, 7d686585-d831-45bc-93fc-0a553b604b0e:c6662]
2019-07-08 23:05:20,494 INFO  client.GrpcClientProtocolClient (GrpcClientProtocolClient.java:onNext(255)) - client-CEF4D3493DC0->4ee04582-2825-4055-a051-0465d62eb5ca: receive RaftClientReply:client-CEF4D3493DC0->4ee04582-2825-4055-a051-0465d62eb5ca@group-78E0FE5F723E, cid=4329, SUCCESS, logIndex=6668, commits[4ee04582-2825-4055-a051-0465d62eb5ca:c6668, 97f5b9f0-d9ef-40b5-ba79-7414923e623f:c6666, 7d686585-d831-45bc-93fc-0a553b604b0e:c6666]
2019-07-08 23:05:20,508 INFO  client.GrpcClientProtocolClient (GrpcClientProtocolClient.java:onNext(255)) - client-CEF4D3493DC0->4ee04582-2825-4055-a051-0465d62eb5ca: receive RaftClientReply:client-CEF4D3493DC0->4ee04582-2825-4055-a051-0465d62eb5ca@group-78E0FE5F723E, cid=4330, SUCCESS, logIndex=6671, commits[4ee04582-2825-4055-a051-0465d62eb5ca:c6672, 97f5b9f0-d9ef-40b5-ba79-7414923e623f:c6668, 7d686585-d831-45bc-93fc-0a553b604b0e:c6670]
2019-07-08 23:05:20,509 INFO  client.GrpcClientProtocolClient (GrpcClientProtocolClient.java:onNext(255)) - client-CEF4D3493DC0->4ee04582-2825-4055-a051-0465d62eb5ca: receive RaftClientReply:client-CEF4D3493DC0->4ee04582-2825-4055-a051-0465d62eb5ca@group-78E0FE5F723E, cid=4331, SUCCESS, logIndex=6672, commits[4ee04582-2825-4055-a051-0465d62eb5ca:c6672, 97f5b9f0-d9ef-40b5-ba79-7414923e623f:c6670, 7d686585-d831-45bc-93fc-0a553b604b0e:c6670]
2019-07-08 23:05:20,510 INFO  client.GrpcClientProtocolClient (GrpcClientProtocolClient.java:onNext(255)) - client-CEF4D3493DC0->4ee04582-2825-4055-a051-0465d62eb5ca: receive RaftClientReply:client-CEF4D3493DC0->4ee04582-2825-4055-a051-0465d62eb5ca@group-78E0FE5F723E, cid=4332, SUCCESS, logIndex=0, commits[4ee04582-2825-4055-a051-0465d62eb5ca:c6673, 97f5b9f0-d9ef-40b5-ba79-7414923e623f:c6672, 7d686585-d831-45bc-93fc-0a553b604b0e:c6672]
2019-07-08 23:05:20,538 INFO  client.GrpcClientProtocolClient (GrpcClientProtocolClient.java:onNext(255)) - client-CEF4D3493DC0->4ee04582-2825-4055-a051-0465d62eb5ca: receive RaftClientReply:client-CEF4D3493DC0->4ee04582-2825-4055-a051-0465d62eb5ca@group-78E0FE5F723E, cid=4333, SUCCESS, logIndex=6675, commits[4ee04582-2825-4055-a051-0465d62eb5ca:c6676, 97f5b9f0-d9ef-40b5-ba79-7414923e623f:c6674, 7d686585-d831-45bc-93fc-0a553b604b0e:c6674]
2019-07-08 23:05:20,539 INFO  client.GrpcClientProtocolClient (GrpcClientProtocolClient.java:onNext(255)) - client-CEF4D3493DC0->4ee04582-2825-4055-a051-0465d62eb5ca: receive RaftClientReply:client-CEF4D3493DC0->4ee04582-2825-4055-a051-0465d62eb5ca@group-78E0FE5F723E, cid=4334, SUCCESS, logIndex=6676, commits[4ee04582-2825-4055-a051-0465d62eb5ca:c6678, 97f5b9f0-d9ef-40b5-ba79-7414923e623f:c6674, 7d686585-d831-45bc-93fc-0a553b604b0e:c6674]
2019-07-08 23:05:20,539 INFO  client.GrpcClientProtocolClient (GrpcClientProtocolClient.java:onNext(255)) - client-CEF4D3493DC0->4ee04582-2825-4055-a051-0465d62eb5ca: receive RaftClientReply:client-CEF4D3493DC0->4ee04582-2825-4055-a051-0465d62eb5ca@group-78E0FE5F723E, cid=4335, SUCCESS, logIndex=6677, commits[4ee04582-2825-4055-a051-0465d62eb5ca:c6678, 97f5b9f0-d9ef-40b5-ba79-7414923e623f:c6674, 7d686585-d831-45bc-93fc-0a553b604b0e:c6674]
2019-07-08 23:05:20,540 INFO  client.GrpcClientProtocolClient (GrpcClientProtocolClient.java:onNext(255)) - client-CEF4D3493DC0->4ee04582-2825-4055-a051-0465d62eb5ca: receive RaftClientReply:client-CEF4D3493DC0->4ee04582-2825-4055-a051-0465d62eb5ca@group-78E0FE5F723E, cid=4336, SUCCESS, logIndex=6678, commits[4ee04582-2825-4055-a051-0465d62eb5ca:c6678, 97f5b9f0-d9ef-40b5-ba79-7414923e623f:c6674, 7d686585-d831-45bc-93fc-0a553b604b0e:c6674]
2019-07-08 23:05:20,543 INFO  client.GrpcClientProtocolClient (GrpcClientProtocolClient.java:onNext(255)) - client-CEF4D3493DC0->4ee04582-2825-4055-a051-0465d62eb5ca: receive RaftClientReply:client-CEF4D3493DC0->4ee04582-2825-4055-a051-0465d62eb5ca@group-78E0FE5F723E, cid=4337, SUCCESS, logIndex=0, commits[4ee04582-2825-4055-a051-0465d62eb5ca:c6680, 97f5b9f0-d9ef-40b5-ba79-7414923e623f:c6676, 7d686585-d831-45bc-93fc-0a553b604b0e:c6676]
2019-07-08 23:05:20,556 INFO  client.GrpcClientProtocolClient (GrpcClientProtocolClient.java:onNext(255)) - client-CEF4D3493DC0->4ee04582-2825-4055-a051-0465d62eb5ca: receive RaftClientReply:client-CEF4D3493DC0->4ee04582-2825-4055-a051-0465d62eb5ca@group-78E0FE5F723E, cid=4338, SUCCESS, logIndex=6683, commits[4ee04582-2825-4055-a051-0465d62eb5ca:c6684, 97f5b9f0-d9ef-40b5-ba79-7414923e623f:c6682, 7d686585-d831-45bc-93fc-0a553b604b0e:c6682]
2019-07-08 23:05:20,557 INFO  client.GrpcClientProtocolClient (GrpcClientProtocolClient.java:onNext(255)) - client-CEF4D3493DC0->4ee04582-2825-4055-a051-0465d62eb5ca: receive RaftClientReply:client-CEF4D3493DC0->4ee04582-2825-4055-a051-0465d62eb5ca@group-78E0FE5F723E, cid=4339, SUCCESS, logIndex=6684, commits[4ee04582-2825-4055-a051-0465d62eb5ca:c6684, 97f5b9f0-d9ef-40b5-ba79-7414923e623f:c6682, 7d686585-d831-45bc-93fc-0a553b604b0e:c6682]
2019-07-08 23:05:20,570 INFO  client.GrpcClientProtocolClient (GrpcClientProtocolClient.java:onNext(255)) - client-CEF4D3493DC0->4ee04582-2825-4055-a051-0465d62eb5ca: receive RaftClientReply:client-CEF4D3493DC0->4ee04582-2825-4055-a051-0465d62eb5ca@group-78E0FE5F723E, cid=4340, SUCCESS, logIndex=6687, commits[4ee04582-2825-4055-a051-0465d62eb5ca:c6688, 97f5b9f0-d9ef-40b5-ba79-7414923e623f:c6686, 7d686585-d831-45bc-93fc-0a553b604b0e:c6686]
2019-07-08 23:05:20,570 INFO  client.GrpcClientProtocolClient (GrpcClientProtocolClient.java:onNext(255)) - client-CEF4D3493DC0->4ee04582-2825-4055-a051-0465d62eb5ca: receive RaftClientReply:client-CEF4D3493DC0->4ee04582-2825-4055-a051-0465d62eb5ca@group-78E0FE5F723E, cid=4341, SUCCESS, logIndex=6688, commits[4ee04582-2825-4055-a051-0465d62eb5ca:c6688, 97f5b9f0-d9ef-40b5-ba79-7414923e623f:c6686, 7d686585-d831-45bc-93fc-0a553b604b0e:c6686]
2019-07-08 23:05:20,572 INFO  client.GrpcClientProtocolClient (GrpcClientProtocolClient.java:onNext(255)) - client-CEF4D3493DC0->4ee04582-2825-4055-a051-0465d62eb5ca: receive RaftClientReply:client-CEF4D3493DC0->4ee04582-2825-4055-a051-0465d62eb5ca@group-78E0FE5F723E, cid=4342, SUCCESS, logIndex=0, commits[4ee04582-2825-4055-a051-0465d62eb5ca:c6689, 97f5b9f0-d9ef-40b5-ba79-7414923e623f:c6688, 7d686585-d831-45bc-93fc-0a553b604b0e:c6688]
2019-07-08 23:05:20,599 INFO  client.GrpcClientProtocolClient (GrpcClientProtocolClient.java:onNext(255)) - client-CEF4D3493DC0->4ee04582-2825-4055-a051-0465d62eb5ca: receive RaftClientReply:client-CEF4D3493DC0->4ee04582-2825-4055-a051-0465d62eb5ca@group-78E0FE5F723E, cid=4343, SUCCESS, logIndex=6691, commits[4ee04582-2825-4055-a051-0465d62eb5ca:c6692, 97f5b9f0-d9ef-40b5-ba79-7414923e623f:c6690, 7d686585-d831-45bc-93fc-0a553b604b0e:c6688]
2019-07-08 23:05:20,600 INFO  client.GrpcClientProtocolClient (GrpcClientProtocolClient.java:onNext(255)) - client-CEF4D3493DC0->4ee04582-2825-4055-a051-0465d62eb5ca: receive RaftClientReply:client-CEF4D3493DC0->4ee04582-2825-4055-a051-0465d62eb5ca@group-78E0FE5F723E, cid=4344, SUCCESS, logIndex=6692, commits[4ee04582-2825-4055-a051-0465d62eb5ca:c6692, 97f5b9f0-d9ef-40b5-ba79-7414923e623f:c6690, 7d686585-d831-45bc-93fc-0a553b604b0e:c6690]
2019-07-08 23:05:20,601 INFO  client.GrpcClientProtocolClient (GrpcClientProtocolClient.java:onNext(255)) - client-CEF4D3493DC0->4ee04582-2825-4055-a051-0465d62eb5ca: receive RaftClientReply:client-CEF4D3493DC0->4ee04582-2825-4055-a051-0465d62eb5ca@group-78E0FE5F723E, cid=4345, SUCCESS, logIndex=6693, commits[4ee04582-2825-4055-a051-0465d62eb5ca:c6695, 97f5b9f0-d9ef-40b5-ba79-7414923e623f:c6692, 7d686585-d831-45bc-93fc-0a553b604b0e:c6690]
2019-07-08 23:05:20,602 INFO  client.GrpcClientProtocolClient (GrpcClientProtocolClient.java:onNext(255)) - client-CEF4D3493DC0->4ee04582-2825-4055-a051-0465d62eb5ca: receive RaftClientReply:client-CEF4D3493DC0->4ee04582-2825-4055-a051-0465d62eb5ca@group-78E0FE5F723E, cid=4346, SUCCESS, logIndex=6694, commits[4ee04582-2825-4055-a051-0465d62eb5ca:c6695, 97f5b9f0-d9ef-40b5-ba79-7414923e623f:c6692, 7d686585-d831-45bc-93fc-0a553b604b0e:c6690]
2019-07-08 23:05:20,603 INFO  client.GrpcClientProtocolClient (GrpcClientProtocolClient.java:onNext(255)) - client-CEF4D3493DC0->4ee04582-2825-4055-a051-0465d62eb5ca: receive RaftClientReply:client-CEF4D3493DC0->4ee04582-2825-4055-a051-0465d62eb5ca@group-78E0FE5F723E, cid=4347, SUCCESS, logIndex=0, commits[4ee04582-2825-4055-a051-0465d62eb5ca:c6696, 97f5b9f0-d9ef-40b5-ba79-7414923e623f:c6692, 7d686585-d831-45bc-93fc-0a553b604b0e:c6692]
2019-07-08 23:05:20,621 INFO  client.GrpcClientProtocolClient (GrpcClientProtocolClient.java:onNext(255)) - client-CEF4D3493DC0->4ee04582-2825-4055-a051-0465d62eb5ca: receive RaftClientReply:client-CEF4D3493DC0->4ee04582-2825-4055-a051-0465d62eb5ca@group-78E0FE5F723E, cid=4348, SUCCESS, logIndex=6699, commits[4ee04582-2825-4055-a051-0465d62eb5ca:c6700, 97f5b9f0-d9ef-40b5-ba79-7414923e623f:c6698, 7d686585-d831-45bc-93fc-0a553b604b0e:c6698]
2019-07-08 23:05:20,622 INFO  client.GrpcClientProtocolClient (GrpcClientProtocolClient.java:onNext(255)) - client-CEF4D3493DC0->4ee04582-2825-4055-a051-0465d62eb5ca: receive RaftClientReply:client-CEF4D3493DC0->4ee04582-2825-4055-a051-0465d62eb5ca@group-78E0FE5F723E, cid=4349, SUCCESS, logIndex=6700, commits[4ee04582-2825-4055-a051-0465d62eb5ca:c6700, 97f5b9f0-d9ef-40b5-ba79-7414923e623f:c6698, 7d686585-d831-45bc-93fc-0a553b604b0e:c6698]
2019-07-08 23:05:20,640 INFO  client.GrpcClientProtocolClient (GrpcClientProtocolClient.java:onNext(255)) - client-CEF4D3493DC0->4ee04582-2825-4055-a051-0465d62eb5ca: receive RaftClientReply:client-CEF4D3493DC0->4ee04582-2825-4055-a051-0465d62eb5ca@group-78E0FE5F723E, cid=4350, SUCCESS, logIndex=6703, commits[4ee04582-2825-4055-a051-0465d62eb5ca:c6704, 97f5b9f0-d9ef-40b5-ba79-7414923e623f:c6701, 7d686585-d831-45bc-93fc-0a553b604b0e:c6701]
2019-07-08 23:05:20,641 INFO  client.GrpcClientProtocolClient (GrpcClientProtocolClient.java:onNext(255)) - client-CEF4D3493DC0->4ee04582-2825-4055-a051-0465d62eb5ca: receive RaftClientReply:client-CEF4D3493DC0->4ee04582-2825-4055-a051-0465d62eb5ca@group-78E0FE5F723E, cid=4351, SUCCESS, logIndex=6704, commits[4ee04582-2825-4055-a051-0465d62eb5ca:c6704, 97f5b9f0-d9ef-40b5-ba79-7414923e623f:c6701, 7d686585-d831-45bc-93fc-0a553b604b0e:c6701]
2019-07-08 23:05:20,643 INFO  client.GrpcClientProtocolClient (GrpcClientProtocolClient.java:onNext(255)) - client-CEF4D3493DC0->4ee04582-2825-4055-a051-0465d62eb5ca: receive RaftClientReply:client-CEF4D3493DC0->4ee04582-2825-4055-a051-0465d62eb5ca@group-78E0FE5F723E, cid=4352, SUCCESS, logIndex=0, commits[4ee04582-2825-4055-a051-0465d62eb5ca:c6705, 97f5b9f0-d9ef-40b5-ba79-7414923e623f:c6704, 7d686585-d831-45bc-93fc-0a553b604b0e:c6704]
2019-07-08 23:05:20,666 INFO  client.GrpcClientProtocolClient (GrpcClientProtocolClient.java:onNext(255)) - client-CEF4D3493DC0->4ee04582-2825-4055-a051-0465d62eb5ca: receive RaftClientReply:client-CEF4D3493DC0->4ee04582-2825-4055-a051-0465d62eb5ca@group-78E0FE5F723E, cid=4353, SUCCESS, logIndex=6707, commits[4ee04582-2825-4055-a051-0465d62eb5ca:c6708, 97f5b9f0-d9ef-40b5-ba79-7414923e623f:c6706, 7d686585-d831-45bc-93fc-0a553b604b0e:c6704]
2019-07-08 23:05:20,667 INFO  client.GrpcClientProtocolClient (GrpcClientProtocolClient.java:onNext(255)) - client-CEF4D3493DC0->4ee04582-2825-4055-a051-0465d62eb5ca: receive RaftClientReply:client-CEF4D3493DC0->4ee04582-2825-4055-a051-0465d62eb5ca@group-78E0FE5F723E, cid=4354, SUCCESS, logIndex=6708, commits[4ee04582-2825-4055-a051-0465d62eb5ca:c6708, 97f5b9f0-d9ef-40b5-ba79-7414923e623f:c6706, 7d686585-d831-45bc-93fc-0a553b604b0e:c6704]
2019-07-08 23:05:20,668 INFO  client.GrpcClientProtocolClient (GrpcClientProtocolClient.java:onNext(255)) - client-CEF4D3493DC0->4ee04582-2825-4055-a051-0465d62eb5ca: receive RaftClientReply:client-CEF4D3493DC0->4ee04582-2825-4055-a051-0465d62eb5ca@group-78E0FE5F723E, cid=4355, SUCCESS, logIndex=6709, commits[4ee04582-2825-4055-a051-0465d62eb5ca:c6710, 97f5b9f0-d9ef-40b5-ba79-7414923e623f:c6706, 7d686585-d831-45bc-93fc-0a553b604b0e:c6706]
2019-07-08 23:05:20,669 INFO  client.GrpcClientProtocolClient (GrpcClientProtocolClient.java:onNext(255)) - client-CEF4D3493DC0->4ee04582-2825-4055-a051-0465d62eb5ca: receive RaftClientReply:client-CEF4D3493DC0->4ee04582-2825-4055-a051-0465d62eb5ca@group-78E0FE5F723E, cid=4356, SUCCESS, logIndex=6710, commits[4ee04582-2825-4055-a051-0465d62eb5ca:c6711, 97f5b9f0-d9ef-40b5-ba79-7414923e623f:c6706, 7d686585-d831-45bc-93fc-0a553b604b0e:c6708]
2019-07-08 23:05:20,670 INFO  client.GrpcClientProtocolClient (GrpcClientProtocolClient.java:onNext(255)) - client-CEF4D3493DC0->4ee04582-2825-4055-a051-0465d62eb5ca: receive RaftClientReply:client-CEF4D3493DC0->4ee04582-2825-4055-a051-0465d62eb5ca@group-78E0FE5F723E, cid=4357, SUCCESS, logIndex=0, commits[4ee04582-2825-4055-a051-0465d62eb5ca:c6712, 97f5b9f0-d9ef-40b5-ba79-7414923e623f:c6708, 7d686585-d831-45bc-93fc-0a553b604b0e:c6708]
2019-07-08 23:05:20,794 INFO  client.GrpcClientProtocolClient (GrpcClientProtocolClient.java:onNext(255)) - client-CEF4D3493DC0->4ee04582-2825-4055-a051-0465d62eb5ca: receive RaftClientReply:client-CEF4D3493DC0->4ee04582-2825-4055-a051-0465d62eb5ca@group-78E0FE5F723E, cid=4358, SUCCESS, logIndex=6715, commits[4ee04582-2825-4055-a051-0465d62eb5ca:c6716, 97f5b9f0-d9ef-40b5-ba79-7414923e623f:c6714, 7d686585-d831-45bc-93fc-0a553b604b0e:c6710]
2019-07-08 23:05:20,794 INFO  client.GrpcClientProtocolClient (GrpcClientProtocolClient.java:onNext(255)) - client-CEF4D3493DC0->4ee04582-2825-4055-a051-0465d62eb5ca: receive RaftClientReply:client-CEF4D3493DC0->4ee04582-2825-4055-a051-0465d62eb5ca@group-78E0FE5F723E, cid=4359, SUCCESS, logIndex=6716, commits[4ee04582-2825-4055-a051-0465d62eb5ca:c6716, 97f5b9f0-d9ef-40b5-ba79-7414923e623f:c6714, 7d686585-d831-45bc-93fc-0a553b604b0e:c6714]
2019-07-08 23:05:20,808 INFO  client.GrpcClientProtocolClient (GrpcClientProtocolClient.java:onNext(255)) - client-CEF4D3493DC0->4ee04582-2825-4055-a051-0465d62eb5ca: receive RaftClientReply:client-CEF4D3493DC0->4ee04582-2825-4055-a051-0465d62eb5ca@group-78E0FE5F723E, cid=4360, SUCCESS, logIndex=6719, commits[4ee04582-2825-4055-a051-0465d62eb5ca:c6720, 97f5b9f0-d9ef-40b5-ba79-7414923e623f:c6718, 7d686585-d831-45bc-93fc-0a553b604b0e:c6716]
2019-07-08 23:05:20,808 INFO  client.GrpcClientProtocolClient (GrpcClientProtocolClient.java:onNext(255)) - client-CEF4D3493DC0->4ee04582-2825-4055-a051-0465d62eb5ca: receive RaftClientReply:client-CEF4D3493DC0->4ee04582-2825-4055-a051-0465d62eb5ca@group-78E0FE5F723E, cid=4361, SUCCESS, logIndex=6720, commits[4ee04582-2825-4055-a051-0465d62eb5ca:c6720, 97f5b9f0-d9ef-40b5-ba79-7414923e623f:c6718, 7d686585-d831-45bc-93fc-0a553b604b0e:c6718]
2019-07-08 23:05:20,813 INFO  client.GrpcClientProtocolClient (GrpcClientProtocolClient.java:onNext(255)) - client-CEF4D3493DC0->4ee04582-2825-4055-a051-0465d62eb5ca: receive RaftClientReply:client-CEF4D3493DC0->4ee04582-2825-4055-a051-0465d62eb5ca@group-78E0FE5F723E, cid=4362, SUCCESS, logIndex=0, commits[4ee04582-2825-4055-a051-0465d62eb5ca:c6721, 97f5b9f0-d9ef-40b5-ba79-7414923e623f:c6720, 7d686585-d831-45bc-93fc-0a553b604b0e:c6720]
2019-07-08 23:05:20,845 INFO  client.GrpcClientProtocolClient (GrpcClientProtocolClient.java:onNext(255)) - client-CEF4D3493DC0->4ee04582-2825-4055-a051-0465d62eb5ca: receive RaftClientReply:client-CEF4D3493DC0->4ee04582-2825-4055-a051-0465d62eb5ca@group-78E0FE5F723E, cid=4363, SUCCESS, logIndex=6723, commits[4ee04582-2825-4055-a051-0465d62eb5ca:c6726, 97f5b9f0-d9ef-40b5-ba79-7414923e623f:c6722, 7d686585-d831-45bc-93fc-0a553b604b0e:c6720]
2019-07-08 23:05:20,846 INFO  client.GrpcClientProtocolClient (GrpcClientProtocolClient.java:onNext(255)) - client-CEF4D3493DC0->4ee04582-2825-4055-a051-0465d62eb5ca: receive RaftClientReply:client-CEF4D3493DC0->4ee04582-2825-4055-a051-0465d62eb5ca@group-78E0FE5F723E, cid=4364, SUCCESS, logIndex=6724, commits[4ee04582-2825-4055-a051-0465d62eb5ca:c6726, 97f5b9f0-d9ef-40b5-ba79-7414923e623f:c6722, 7d686585-d831-45bc-93fc-0a553b604b0e:c6720]
2019-07-08 23:05:20,846 INFO  client.GrpcClientProtocolClient (GrpcClientProtocolClient.java:onNext(255)) - client-CEF4D3493DC0->4ee04582-2825-4055-a051-0465d62eb5ca: receive RaftClientReply:client-CEF4D3493DC0->4ee04582-2825-4055-a051-0465d62eb5ca@group-78E0FE5F723E, cid=4365, SUCCESS, logIndex=6725, commits[4ee04582-2825-4055-a051-0465d62eb5ca:c6726, 97f5b9f0-d9ef-40b5-ba79-7414923e623f:c6722, 7d686585-d831-45bc-93fc-0a553b604b0e:c6722]
2019-07-08 23:05:20,847 INFO  client.GrpcClientProtocolClient (GrpcClientProtocolClient.java:onNext(255)) - client-CEF4D3493DC0->4ee04582-2825-4055-a051-0465d62eb5ca: receive RaftClientReply:client-CEF4D3493DC0->4ee04582-2825-4055-a051-0465d62eb5ca@group-78E0FE5F723E, cid=4366, SUCCESS, logIndex=6726, commits[4ee04582-2825-4055-a051-0465d62eb5ca:c6727, 97f5b9f0-d9ef-40b5-ba79-7414923e623f:c6723, 7d686585-d831-45bc-93fc-0a553b604b0e:c6722]
2019-07-08 23:05:20,847 INFO  client.GrpcClientProtocolClient (GrpcClientProtocolClient.java:onNext(255)) - client-CEF4D3493DC0->4ee04582-2825-4055-a051-0465d62eb5ca: receive RaftClientReply:client-CEF4D3493DC0->4ee04582-2825-4055-a051-0465d62eb5ca@group-78E0FE5F723E, cid=4367, SUCCESS, logIndex=0, commits[4ee04582-2825-4055-a051-0465d62eb5ca:c6728, 97f5b9f0-d9ef-40b5-ba79-7414923e623f:c6724, 7d686585-d831-45bc-93fc-0a553b604b0e:c6724]
2019-07-08 23:05:20,868 INFO  client.GrpcClientProtocolClient (GrpcClientProtocolClient.java:onNext(255)) - client-CEF4D3493DC0->4ee04582-2825-4055-a051-0465d62eb5ca: receive RaftClientReply:client-CEF4D3493DC0->4ee04582-2825-4055-a051-0465d62eb5ca@group-78E0FE5F723E, cid=4368, SUCCESS, logIndex=6731, commits[4ee04582-2825-4055-a051-0465d62eb5ca:c6732, 97f5b9f0-d9ef-40b5-ba79-7414923e623f:c6726, 7d686585-d831-45bc-93fc-0a553b604b0e:c6730]
2019-07-08 23:05:20,868 INFO  client.GrpcClientProtocolClient (GrpcClientProtocolClient.java:onNext(255)) - client-CEF4D3493DC0->4ee04582-2825-4055-a051-0465d62eb5ca: receive RaftClientReply:client-CEF4D3493DC0->4ee04582-2825-4055-a051-0465d62eb5ca@group-78E0FE5F723E, cid=4369, SUCCESS, logIndex=6732, commits[4ee04582-2825-4055-a051-0465d62eb5ca:c6732, 97f5b9f0-d9ef-40b5-ba79-7414923e623f:c6730, 7d686585-d831-45bc-93fc-0a553b604b0e:c6730]
2019-07-08 23:05:20,882 INFO  client.GrpcClientProtocolClient (GrpcClientProtocolClient.java:onNext(255)) - client-CEF4D3493DC0->4ee04582-2825-4055-a051-0465d62eb5ca: receive RaftClientReply:client-CEF4D3493DC0->4ee04582-2825-4055-a051-0465d62eb5ca@group-78E0FE5F723E, cid=4370, SUCCESS, logIndex=6735, commits[4ee04582-2825-4055-a051-0465d62eb5ca:c6736, 97f5b9f0-d9ef-40b5-ba79-7414923e623f:c6734, 7d686585-d831-45bc-93fc-0a553b604b0e:c6732]
2019-07-08 23:05:20,882 INFO  client.GrpcClientProtocolClient (GrpcClientProtocolClient.java:onNext(255)) - client-CEF4D3493DC0->4ee04582-2825-4055-a051-0465d62eb5ca: receive RaftClientReply:client-CEF4D3493DC0->4ee04582-2825-4055-a051-0465d62eb5ca@group-78E0FE5F723E, cid=4371, SUCCESS, logIndex=6736, commits[4ee04582-2825-4055-a051-0465d62eb5ca:c6736, 97f5b9f0-d9ef-40b5-ba79-7414923e623f:c6734, 7d686585-d831-45bc-93fc-0a553b604b0e:c6732]
2019-07-08 23:05:20,883 INFO  client.GrpcClientProtocolClient (GrpcClientProtocolClient.java:onNext(255)) - client-CEF4D3493DC0->4ee04582-2825-4055-a051-0465d62eb5ca: receive RaftClientReply:client-CEF4D3493DC0->4ee04582-2825-4055-a051-0465d62eb5ca@group-78E0FE5F723E, cid=4372, SUCCESS, logIndex=0, commits[4ee04582-2825-4055-a051-0465d62eb5ca:c6737, 97f5b9f0-d9ef-40b5-ba79-7414923e623f:c6736, 7d686585-d831-45bc-93fc-0a553b604b0e:c6736]
2019-07-08 23:05:20,921 INFO  client.GrpcClientProtocolClient (GrpcClientProtocolClient.java:onNext(255)) - client-CEF4D3493DC0->4ee04582-2825-4055-a051-0465d62eb5ca: receive RaftClientReply:client-CEF4D3493DC0->4ee04582-2825-4055-a051-0465d62eb5ca@group-78E0FE5F723E, cid=4373, SUCCESS, logIndex=6739, commits[4ee04582-2825-4055-a051-0465d62eb5ca:c6741, 97f5b9f0-d9ef-40b5-ba79-7414923e623f:c6738, 7d686585-d831-45bc-93fc-0a553b604b0e:c6738]
2019-07-08 23:05:20,922 INFO  client.GrpcClientProtocolClient (GrpcClientProtocolClient.java:onNext(255)) - client-CEF4D3493DC0->4ee04582-2825-4055-a051-0465d62eb5ca: receive RaftClientReply:client-CEF4D3493DC0->4ee04582-2825-4055-a051-0465d62eb5ca@group-78E0FE5F723E, cid=4374, SUCCESS, logIndex=6740, commits[4ee04582-2825-4055-a051-0465d62eb5ca:c6742, 97f5b9f0-d9ef-40b5-ba79-7414923e623f:c6738, 7d686585-d831-45bc-93fc-0a553b604b0e:c6738]
2019-07-08 23:05:20,922 INFO  client.GrpcClientProtocolClient (GrpcClientProtocolClient.java:onNext(255)) - client-CEF4D3493DC0->4ee04582-2825-4055-a051-0465d62eb5ca: receive RaftClientReply:client-CEF4D3493DC0->4ee04582-2825-4055-a051-0465d62eb5ca@group-78E0FE5F723E, cid=4375, SUCCESS, logIndex=6741, commits[4ee04582-2825-4055-a051-0465d62eb5ca:c6742, 97f5b9f0-d9ef-40b5-ba79-7414923e623f:c6738, 7d686585-d831-45bc-93fc-0a553b604b0e:c6738]
2019-07-08 23:05:20,922 INFO  client.GrpcClientProtocolClient (GrpcClientProtocolClient.java:onNext(255)) - client-CEF4D3493DC0->4ee04582-2825-4055-a051-0465d62eb5ca: receive RaftClientReply:client-CEF4D3493DC0->4ee04582-2825-4055-a051-0465d62eb5ca@group-78E0FE5F723E, cid=4376, SUCCESS, logIndex=6742, commits[4ee04582-2825-4055-a051-0465d62eb5ca:c6742, 97f5b9f0-d9ef-40b5-ba79-7414923e623f:c6738, 7d686585-d831-45bc-93fc-0a553b604b0e:c6738]
2019-07-08 23:05:20,923 INFO  client.GrpcClientProtocolClient (GrpcClientProtocolClient.java:onNext(255)) - client-CEF4D3493DC0->4ee04582-2825-4055-a051-0465d62eb5ca: receive RaftClientReply:client-CEF4D3493DC0->4ee04582-2825-4055-a051-0465d62eb5ca@group-78E0FE5F723E, cid=4377, SUCCESS, logIndex=0, commits[4ee04582-2825-4055-a051-0465d62eb5ca:c6744, 97f5b9f0-d9ef-40b5-ba79-7414923e623f:c6740, 7d686585-d831-45bc-93fc-0a553b604b0e:c6740]
2019-07-08 23:05:20,937 INFO  client.GrpcClientProtocolClient (GrpcClientProtocolClient.java:onNext(255)) - client-CEF4D3493DC0->4ee04582-2825-4055-a051-0465d62eb5ca: receive RaftClientReply:client-CEF4D3493DC0->4ee04582-2825-4055-a051-0465d62eb5ca@group-78E0FE5F723E, cid=4378, SUCCESS, logIndex=6747, commits[4ee04582-2825-4055-a051-0465d62eb5ca:c6747, 97f5b9f0-d9ef-40b5-ba79-7414923e623f:c6746, 7d686585-d831-45bc-93fc-0a553b604b0e:c6746]
2019-07-08 23:05:20,937 INFO  client.GrpcClientProtocolClient (GrpcClientProtocolClient.java:onNext(255)) - client-CEF4D3493DC0->4ee04582-2825-4055-a051-0465d62eb5ca: receive RaftClientReply:client-CEF4D3493DC0->4ee04582-2825-4055-a051-0465d62eb5ca@group-78E0FE5F723E, cid=4379, SUCCESS, logIndex=6748, commits[4ee04582-2825-4055-a051-0465d62eb5ca:c6748, 97f5b9f0-d9ef-40b5-ba79-7414923e623f:c6746, 7d686585-d831-45bc-93fc-0a553b604b0e:c6746]
2019-07-08 23:05:20,949 INFO  client.GrpcClientProtocolClient (GrpcClientProtocolClient.java:onNext(255)) - client-CEF4D3493DC0->4ee04582-2825-4055-a051-0465d62eb5ca: receive RaftClientReply:client-CEF4D3493DC0->4ee04582-2825-4055-a051-0465d62eb5ca@group-78E0FE5F723E, cid=4380, SUCCESS, logIndex=6751, commits[4ee04582-2825-4055-a051-0465d62eb5ca:c6752, 97f5b9f0-d9ef-40b5-ba79-7414923e623f:c6748, 7d686585-d831-45bc-93fc-0a553b604b0e:c6750]
2019-07-08 23:05:20,950 INFO  client.GrpcClientProtocolClient (GrpcClientProtocolClient.java:onNext(255)) - client-CEF4D3493DC0->4ee04582-2825-4055-a051-0465d62eb5ca: receive RaftClientReply:client-CEF4D3493DC0->4ee04582-2825-4055-a051-0465d62eb5ca@group-78E0FE5F723E, cid=4381, SUCCESS, logIndex=6752, commits[4ee04582-2825-4055-a051-0465d62eb5ca:c6752, 97f5b9f0-d9ef-40b5-ba79-7414923e623f:c6750, 7d686585-d831-45bc-93fc-0a553b604b0e:c6750]
2019-07-08 23:05:20,951 INFO  client.GrpcClientProtocolClient (GrpcClientProtocolClient.java:onNext(255)) - client-CEF4D3493DC0->4ee04582-2825-4055-a051-0465d62eb5ca: receive RaftClientReply:client-CEF4D3493DC0->4ee04582-2825-4055-a051-0465d62eb5ca@group-78E0FE5F723E, cid=4382, SUCCESS, logIndex=0, commits[4ee04582-2825-4055-a051-0465d62eb5ca:c6753, 97f5b9f0-d9ef-40b5-ba79-7414923e623f:c6752, 7d686585-d831-45bc-93fc-0a553b604b0e:c6752]
2019-07-08 23:05:20,979 INFO  client.GrpcClientProtocolClient (GrpcClientProtocolClient.java:onNext(255)) - client-CEF4D3493DC0->4ee04582-2825-4055-a051-0465d62eb5ca: receive RaftClientReply:client-CEF4D3493DC0->4ee04582-2825-4055-a051-0465d62eb5ca@group-78E0FE5F723E, cid=4383, SUCCESS, logIndex=6755, commits[4ee04582-2825-4055-a051-0465d62eb5ca:c6758, 97f5b9f0-d9ef-40b5-ba79-7414923e623f:c6754, 7d686585-d831-45bc-93fc-0a553b604b0e:c6752]
2019-07-08 23:05:20,980 INFO  client.GrpcClientProtocolClient (GrpcClientProtocolClient.java:onNext(255)) - client-CEF4D3493DC0->4ee04582-2825-4055-a051-0465d62eb5ca: receive RaftClientReply:client-CEF4D3493DC0->4ee04582-2825-4055-a051-0465d62eb5ca@group-78E0FE5F723E, cid=4384, SUCCESS, logIndex=6756, commits[4ee04582-2825-4055-a051-0465d62eb5ca:c6758, 97f5b9f0-d9ef-40b5-ba79-7414923e623f:c6754, 7d686585-d831-45bc-93fc-0a553b604b0e:c6754]
2019-07-08 23:05:20,980 INFO  client.GrpcClientProtocolClient (GrpcClientProtocolClient.java:onNext(255)) - client-CEF4D3493DC0->4ee04582-2825-4055-a051-0465d62eb5ca: receive RaftClientReply:client-CEF4D3493DC0->4ee04582-2825-4055-a051-0465d62eb5ca@group-78E0FE5F723E, cid=4385, SUCCESS, logIndex=6757, commits[4ee04582-2825-4055-a051-0465d62eb5ca:c6758, 97f5b9f0-d9ef-40b5-ba79-7414923e623f:c6754, 7d686585-d831-45bc-93fc-0a553b604b0e:c6754]
2019-07-08 23:05:20,980 INFO  client.GrpcClientProtocolClient (GrpcClientProtocolClient.java:onNext(255)) - client-CEF4D3493DC0->4ee04582-2825-4055-a051-0465d62eb5ca: receive RaftClientReply:client-CEF4D3493DC0->4ee04582-2825-4055-a051-0465d62eb5ca@group-78E0FE5F723E, cid=4386, SUCCESS, logIndex=6758, commits[4ee04582-2825-4055-a051-0465d62eb5ca:c6758, 97f5b9f0-d9ef-40b5-ba79-7414923e623f:c6754, 7d686585-d831-45bc-93fc-0a553b604b0e:c6754]
2019-07-08 23:05:20,982 INFO  client.GrpcClientProtocolClient (GrpcClientProtocolClient.java:onNext(255)) - client-CEF4D3493DC0->4ee04582-2825-4055-a051-0465d62eb5ca: receive RaftClientReply:client-CEF4D3493DC0->4ee04582-2825-4055-a051-0465d62eb5ca@group-78E0FE5F723E, cid=4387, SUCCESS, logIndex=0, commits[4ee04582-2825-4055-a051-0465d62eb5ca:c6759, 97f5b9f0-d9ef-40b5-ba79-7414923e623f:c6756, 7d686585-d831-45bc-93fc-0a553b604b0e:c6756]
2019-07-08 23:05:20,994 INFO  client.GrpcClientProtocolClient (GrpcClientProtocolClient.java:onNext(255)) - client-CEF4D3493DC0->4ee04582-2825-4055-a051-0465d62eb5ca: receive RaftClientReply:client-CEF4D3493DC0->4ee04582-2825-4055-a051-0465d62eb5ca@group-78E0FE5F723E, cid=4388, SUCCESS, logIndex=6763, commits[4ee04582-2825-4055-a051-0465d62eb5ca:c6764, 97f5b9f0-d9ef-40b5-ba79-7414923e623f:c6762, 7d686585-d831-45bc-93fc-0a553b604b0e:c6762]
2019-07-08 23:05:20,994 INFO  client.GrpcClientProtocolClient (GrpcClientProtocolClient.java:onNext(255)) - client-CEF4D3493DC0->4ee04582-2825-4055-a051-0465d62eb5ca: receive RaftClientReply:client-CEF4D3493DC0->4ee04582-2825-4055-a051-0465d62eb5ca@group-78E0FE5F723E, cid=4389, SUCCESS, logIndex=6764, commits[4ee04582-2825-4055-a051-0465d62eb5ca:c6764, 97f5b9f0-d9ef-40b5-ba79-7414923e623f:c6762, 7d686585-d831-45bc-93fc-0a553b604b0e:c6762]
2019-07-08 23:05:21,005 INFO  client.GrpcClientProtocolClient (GrpcClientProtocolClient.java:onNext(255)) - client-CEF4D3493DC0->4ee04582-2825-4055-a051-0465d62eb5ca: receive RaftClientReply:client-CEF4D3493DC0->4ee04582-2825-4055-a051-0465d62eb5ca@group-78E0FE5F723E, cid=4390, SUCCESS, logIndex=6767, commits[4ee04582-2825-4055-a051-0465d62eb5ca:c6768, 97f5b9f0-d9ef-40b5-ba79-7414923e623f:c6766, 7d686585-d831-45bc-93fc-0a553b604b0e:c6764]
2019-07-08 23:05:21,006 INFO  client.GrpcClientProtocolClient (GrpcClientProtocolClient.java:onNext(255)) - client-CEF4D3493DC0->4ee04582-2825-4055-a051-0465d62eb5ca: receive RaftClientReply:client-CEF4D3493DC0->4ee04582-2825-4055-a051-0465d62eb5ca@group-78E0FE5F723E, cid=4391, SUCCESS, logIndex=6768, commits[4ee04582-2825-4055-a051-0465d62eb5ca:c6768, 97f5b9f0-d9ef-40b5-ba79-7414923e623f:c6766, 7d686585-d831-45bc-93fc-0a553b604b0e:c6766]
2019-07-08 23:05:21,007 INFO  client.GrpcClientProtocolClient (GrpcClientProtocolClient.java:onNext(255)) - client-CEF4D3493DC0->4ee04582-2825-4055-a051-0465d62eb5ca: receive RaftClientReply:client-CEF4D3493DC0->4ee04582-2825-4055-a051-0465d62eb5ca@group-78E0FE5F723E, cid=4392, SUCCESS, logIndex=0, commits[4ee04582-2825-4055-a051-0465d62eb5ca:c6769, 97f5b9f0-d9ef-40b5-ba79-7414923e623f:c6768, 7d686585-d831-45bc-93fc-0a553b604b0e:c6768]
2019-07-08 23:05:21,030 INFO  client.GrpcClientProtocolClient (GrpcClientProtocolClient.java:onNext(255)) - client-CEF4D3493DC0->4ee04582-2825-4055-a051-0465d62eb5ca: receive RaftClientReply:client-CEF4D3493DC0->4ee04582-2825-4055-a051-0465d62eb5ca@group-78E0FE5F723E, cid=4393, SUCCESS, logIndex=6771, commits[4ee04582-2825-4055-a051-0465d62eb5ca:c6772, 97f5b9f0-d9ef-40b5-ba79-7414923e623f:c6770, 7d686585-d831-45bc-93fc-0a553b604b0e:c6770]
2019-07-08 23:05:21,030 INFO  client.GrpcClientProtocolClient (GrpcClientProtocolClient.java:onNext(255)) - client-CEF4D3493DC0->4ee04582-2825-4055-a051-0465d62eb5ca: receive RaftClientReply:client-CEF4D3493DC0->4ee04582-2825-4055-a051-0465d62eb5ca@group-78E0FE5F723E, cid=4394, SUCCESS, logIndex=6772, commits[4ee04582-2825-4055-a051-0465d62eb5ca:c6774, 97f5b9f0-d9ef-40b5-ba79-7414923e623f:c6770, 7d686585-d831-45bc-93fc-0a553b604b0e:c6770]
2019-07-08 23:05:21,031 INFO  client.GrpcClientProtocolClient (GrpcClientProtocolClient.java:onNext(255)) - client-CEF4D3493DC0->4ee04582-2825-4055-a051-0465d62eb5ca: receive RaftClientReply:client-CEF4D3493DC0->4ee04582-2825-4055-a051-0465d62eb5ca@group-78E0FE5F723E, cid=4395, SUCCESS, logIndex=6773, commits[4ee04582-2825-4055-a051-0465d62eb5ca:c6774, 97f5b9f0-d9ef-40b5-ba79-7414923e623f:c6770, 7d686585-d831-45bc-93fc-0a553b604b0e:c6770]
2019-07-08 23:05:21,031 INFO  client.GrpcClientProtocolClient (GrpcClientProtocolClient.java:onNext(255)) - client-CEF4D3493DC0->4ee04582-2825-4055-a051-0465d62eb5ca: receive RaftClientReply:client-CEF4D3493DC0->4ee04582-2825-4055-a051-0465d62eb5ca@group-78E0FE5F723E, cid=4396, SUCCESS, logIndex=6774, commits[4ee04582-2825-4055-a051-0465d62eb5ca:c6774, 97f5b9f0-d9ef-40b5-ba79-7414923e623f:c6770, 7d686585-d831-45bc-93fc-0a553b604b0e:c6770]
2019-07-08 23:05:21,033 INFO  client.GrpcClientProtocolClient (GrpcClientProtocolClient.java:onNext(255)) - client-CEF4D3493DC0->4ee04582-2825-4055-a051-0465d62eb5ca: receive RaftClientReply:client-CEF4D3493DC0->4ee04582-2825-4055-a051-0465d62eb5ca@group-78E0FE5F723E, cid=4397, SUCCESS, logIndex=0, commits[4ee04582-2825-4055-a051-0465d62eb5ca:c6775, 97f5b9f0-d9ef-40b5-ba79-7414923e623f:c6772, 7d686585-d831-45bc-93fc-0a553b604b0e:c6772]
2019-07-08 23:05:21,050 INFO  client.GrpcClientProtocolClient (GrpcClientProtocolClient.java:onNext(255)) - client-CEF4D3493DC0->4ee04582-2825-4055-a051-0465d62eb5ca: receive RaftClientReply:client-CEF4D3493DC0->4ee04582-2825-4055-a051-0465d62eb5ca@group-78E0FE5F723E, cid=4398, SUCCESS, logIndex=6779, commits[4ee04582-2825-4055-a051-0465d62eb5ca:c6780, 97f5b9f0-d9ef-40b5-ba79-7414923e623f:c6778, 7d686585-d831-45bc-93fc-0a553b604b0e:c6778]
2019-07-08 23:05:21,051 INFO  client.GrpcClientProtocolClient (GrpcClientProtocolClient.java:onNext(255)) - client-CEF4D3493DC0->4ee04582-2825-4055-a051-0465d62eb5ca: receive RaftClientReply:client-CEF4D3493DC0->4ee04582-2825-4055-a051-0465d62eb5ca@group-78E0FE5F723E, cid=4399, SUCCESS, logIndex=6780, commits[4ee04582-2825-4055-a051-0465d62eb5ca:c6780, 97f5b9f0-d9ef-40b5-ba79-7414923e623f:c6778, 7d686585-d831-45bc-93fc-0a553b604b0e:c6778]
2019-07-08 23:05:21,063 INFO  client.GrpcClientProtocolClient (GrpcClientProtocolClient.java:onNext(255)) - client-CEF4D3493DC0->4ee04582-2825-4055-a051-0465d62eb5ca: receive RaftClientReply:client-CEF4D3493DC0->4ee04582-2825-4055-a051-0465d62eb5ca@group-78E0FE5F723E, cid=4400, SUCCESS, logIndex=6783, commits[4ee04582-2825-4055-a051-0465d62eb5ca:c6784, 97f5b9f0-d9ef-40b5-ba79-7414923e623f:c6782, 7d686585-d831-45bc-93fc-0a553b604b0e:c6780]
2019-07-08 23:05:21,063 INFO  client.GrpcClientProtocolClient (GrpcClientProtocolClient.java:onNext(255)) - client-CEF4D3493DC0->4ee04582-2825-4055-a051-0465d62eb5ca: receive RaftClientReply:client-CEF4D3493DC0->4ee04582-2825-4055-a051-0465d62eb5ca@group-78E0FE5F723E, cid=4401, SUCCESS, logIndex=6784, commits[4ee04582-2825-4055-a051-0465d62eb5ca:c6784, 97f5b9f0-d9ef-40b5-ba79-7414923e623f:c6782, 7d686585-d831-45bc-93fc-0a553b604b0e:c6780]
2019-07-08 23:05:21,066 INFO  client.GrpcClientProtocolClient (GrpcClientProtocolClient.java:onNext(255)) - client-CEF4D3493DC0->4ee04582-2825-4055-a051-0465d62eb5ca: receive RaftClientReply:client-CEF4D3493DC0->4ee04582-2825-4055-a051-0465d62eb5ca@group-78E0FE5F723E, cid=4402, SUCCESS, logIndex=0, commits[4ee04582-2825-4055-a051-0465d62eb5ca:c6786, 97f5b9f0-d9ef-40b5-ba79-7414923e623f:c6784, 7d686585-d831-45bc-93fc-0a553b604b0e:c6784]
2019-07-08 23:05:21,144 INFO  client.GrpcClientProtocolClient (GrpcClientProtocolClient.java:onNext(255)) - client-CEF4D3493DC0->4ee04582-2825-4055-a051-0465d62eb5ca: receive RaftClientReply:client-CEF4D3493DC0->4ee04582-2825-4055-a051-0465d62eb5ca@group-78E0FE5F723E, cid=4403, SUCCESS, logIndex=6787, commits[4ee04582-2825-4055-a051-0465d62eb5ca:c6788, 97f5b9f0-d9ef-40b5-ba79-7414923e623f:c6786, 7d686585-d831-45bc-93fc-0a553b604b0e:c6786]
2019-07-08 23:05:21,145 INFO  client.GrpcClientProtocolClient (GrpcClientProtocolClient.java:onNext(255)) - client-CEF4D3493DC0->4ee04582-2825-4055-a051-0465d62eb5ca: receive RaftClientReply:client-CEF4D3493DC0->4ee04582-2825-4055-a051-0465d62eb5ca@group-78E0FE5F723E, cid=4404, SUCCESS, logIndex=6788, commits[4ee04582-2825-4055-a051-0465d62eb5ca:c6788, 97f5b9f0-d9ef-40b5-ba79-7414923e623f:c6786, 7d686585-d831-45bc-93fc-0a553b604b0e:c6786]
2019-07-08 23:05:21,145 INFO  client.GrpcClientProtocolClient (GrpcClientProtocolClient.java:onNext(255)) - client-CEF4D3493DC0->4ee04582-2825-4055-a051-0465d62eb5ca: receive RaftClientReply:client-CEF4D3493DC0->4ee04582-2825-4055-a051-0465d62eb5ca@group-78E0FE5F723E, cid=4405, SUCCESS, logIndex=6789, commits[4ee04582-2825-4055-a051-0465d62eb5ca:c6790, 97f5b9f0-d9ef-40b5-ba79-7414923e623f:c6786, 7d686585-d831-45bc-93fc-0a553b604b0e:c6786]
2019-07-08 23:05:21,145 INFO  client.GrpcClientProtocolClient (GrpcClientProtocolClient.java:onNext(255)) - client-CEF4D3493DC0->4ee04582-2825-4055-a051-0465d62eb5ca: receive RaftClientReply:client-CEF4D3493DC0->4ee04582-2825-4055-a051-0465d62eb5ca@group-78E0FE5F723E, cid=4406, SUCCESS, logIndex=6790, commits[4ee04582-2825-4055-a051-0465d62eb5ca:c6790, 97f5b9f0-d9ef-40b5-ba79-7414923e623f:c6786, 7d686585-d831-45bc-93fc-0a553b604b0e:c6786]
2019-07-08 23:05:21,148 INFO  client.GrpcClientProtocolClient (GrpcClientProtocolClient.java:onNext(255)) - client-CEF4D3493DC0->4ee04582-2825-4055-a051-0465d62eb5ca: receive RaftClientReply:client-CEF4D3493DC0->4ee04582-2825-4055-a051-0465d62eb5ca@group-78E0FE5F723E, cid=4407, SUCCESS, logIndex=0, commits[4ee04582-2825-4055-a051-0465d62eb5ca:c6792, 97f5b9f0-d9ef-40b5-ba79-7414923e623f:c6788, 7d686585-d831-45bc-93fc-0a553b604b0e:c6788]
 0.00% |█                                                                                                    |  0/1 Time: 0:00:302019-07-08 23:05:21,174 INFO  client.GrpcClientProtocolClient (GrpcClientProtocolClient.java:onNext(255)) - client-CEF4D3493DC0->4ee04582-2825-4055-a051-0465d62eb5ca: receive RaftClientReply:client-CEF4D3493DC0->4ee04582-2825-4055-a051-0465d62eb5ca@group-78E0FE5F723E, cid=4408, SUCCESS, logIndex=6794, commits[4ee04582-2825-4055-a051-0465d62eb5ca:c6795, 97f5b9f0-d9ef-40b5-ba79-7414923e623f:c6793, 7d686585-d831-45bc-93fc-0a553b604b0e:c6793]
2019-07-08 23:05:21,174 INFO  client.GrpcClientProtocolClient (GrpcClientProtocolClient.java:onNext(255)) - client-CEF4D3493DC0->4ee04582-2825-4055-a051-0465d62eb5ca: receive RaftClientReply:client-CEF4D3493DC0->4ee04582-2825-4055-a051-0465d62eb5ca@group-78E0FE5F723E, cid=4409, SUCCESS, logIndex=6795, commits[4ee04582-2825-4055-a051-0465d62eb5ca:c6795, 97f5b9f0-d9ef-40b5-ba79-7414923e623f:c6793, 7d686585-d831-45bc-93fc-0a553b604b0e:c6793]
2019-07-08 23:05:21,189 INFO  client.GrpcClientProtocolClient (GrpcClientProtocolClient.java:onNext(255)) - client-CEF4D3493DC0->4ee04582-2825-4055-a051-0465d62eb5ca: receive RaftClientReply:client-CEF4D3493DC0->4ee04582-2825-4055-a051-0465d62eb5ca@group-78E0FE5F723E, cid=4410, SUCCESS, logIndex=6798, commits[4ee04582-2825-4055-a051-0465d62eb5ca:c6799, 97f5b9f0-d9ef-40b5-ba79-7414923e623f:c6797, 7d686585-d831-45bc-93fc-0a553b604b0e:c6797]
2019-07-08 23:05:21,189 INFO  client.GrpcClientProtocolClient (GrpcClientProtocolClient.java:onNext(255)) - client-CEF4D3493DC0->4ee04582-2825-4055-a051-0465d62eb5ca: receive RaftClientReply:client-CEF4D3493DC0->4ee04582-2825-4055-a051-0465d62eb5ca@group-78E0FE5F723E, cid=4411, SUCCESS, logIndex=6799, commits[4ee04582-2825-4055-a051-0465d62eb5ca:c6799, 97f5b9f0-d9ef-40b5-ba79-7414923e623f:c6797, 7d686585-d831-45bc-93fc-0a553b604b0e:c6797]
2019-07-08 23:05:21,203 INFO  client.GrpcClientProtocolClient (GrpcClientProtocolClient.java:onNext(255)) - client-CEF4D3493DC0->4ee04582-2825-4055-a051-0465d62eb5ca: receive RaftClientReply:client-CEF4D3493DC0->4ee04582-2825-4055-a051-0465d62eb5ca@group-78E0FE5F723E, cid=4412, SUCCESS, logIndex=0, commits[4ee04582-2825-4055-a051-0465d62eb5ca:c6801, 97f5b9f0-d9ef-40b5-ba79-7414923e623f:c6799, 7d686585-d831-45bc-93fc-0a553b604b0e:c6799]
2019-07-08 23:05:21,234 INFO  client.GrpcClientProtocolClient (GrpcClientProtocolClient.java:onNext(255)) - client-CEF4D3493DC0->4ee04582-2825-4055-a051-0465d62eb5ca: receive RaftClientReply:client-CEF4D3493DC0->4ee04582-2825-4055-a051-0465d62eb5ca@group-78E0FE5F723E, cid=4413, SUCCESS, logIndex=6802, commits[4ee04582-2825-4055-a051-0465d62eb5ca:c6804, 97f5b9f0-d9ef-40b5-ba79-7414923e623f:c6799, 7d686585-d831-45bc-93fc-0a553b604b0e:c6801]
2019-07-08 23:05:21,235 INFO  client.GrpcClientProtocolClient (GrpcClientProtocolClient.java:onNext(255)) - client-CEF4D3493DC0->4ee04582-2825-4055-a051-0465d62eb5ca: receive RaftClientReply:client-CEF4D3493DC0->4ee04582-2825-4055-a051-0465d62eb5ca@group-78E0FE5F723E, cid=4414, SUCCESS, logIndex=6803, commits[4ee04582-2825-4055-a051-0465d62eb5ca:c6805, 97f5b9f0-d9ef-40b5-ba79-7414923e623f:c6801, 7d686585-d831-45bc-93fc-0a553b604b0e:c6801]
2019-07-08 23:05:21,235 INFO  client.GrpcClientProtocolClient (GrpcClientProtocolClient.java:onNext(255)) - client-CEF4D3493DC0->4ee04582-2825-4055-a051-0465d62eb5ca: receive RaftClientReply:client-CEF4D3493DC0->4ee04582-2825-4055-a051-0465d62eb5ca@group-78E0FE5F723E, cid=4415, SUCCESS, logIndex=6804, commits[4ee04582-2825-4055-a051-0465d62eb5ca:c6805, 97f5b9f0-d9ef-40b5-ba79-7414923e623f:c6801, 7d686585-d831-45bc-93fc-0a553b604b0e:c6801]
2019-07-08 23:05:21,236 INFO  client.GrpcClientProtocolClient (GrpcClientProtocolClient.java:onNext(255)) - client-CEF4D3493DC0->4ee04582-2825-4055-a051-0465d62eb5ca: receive RaftClientReply:client-CEF4D3493DC0->4ee04582-2825-4055-a051-0465d62eb5ca@group-78E0FE5F723E, cid=4416, SUCCESS, logIndex=6805, commits[4ee04582-2825-4055-a051-0465d62eb5ca:c6805, 97f5b9f0-d9ef-40b5-ba79-7414923e623f:c6801, 7d686585-d831-45bc-93fc-0a553b604b0e:c6801]
2019-07-08 23:05:21,238 INFO  client.GrpcClientProtocolClient (GrpcClientProtocolClient.java:onNext(255)) - client-CEF4D3493DC0->4ee04582-2825-4055-a051-0465d62eb5ca: receive RaftClientReply:client-CEF4D3493DC0->4ee04582-2825-4055-a051-0465d62eb5ca@group-78E0FE5F723E, cid=4417, SUCCESS, logIndex=0, commits[4ee04582-2825-4055-a051-0465d62eb5ca:c6806, 97f5b9f0-d9ef-40b5-ba79-7414923e623f:c6803, 7d686585-d831-45bc-93fc-0a553b604b0e:c6803]
2019-07-08 23:05:21,252 INFO  client.GrpcClientProtocolClient (GrpcClientProtocolClient.java:onNext(255)) - client-CEF4D3493DC0->4ee04582-2825-4055-a051-0465d62eb5ca: receive RaftClientReply:client-CEF4D3493DC0->4ee04582-2825-4055-a051-0465d62eb5ca@group-78E0FE5F723E, cid=4418, SUCCESS, logIndex=6810, commits[4ee04582-2825-4055-a051-0465d62eb5ca:c6811, 97f5b9f0-d9ef-40b5-ba79-7414923e623f:c6809, 7d686585-d831-45bc-93fc-0a553b604b0e:c6809]
2019-07-08 23:05:21,253 INFO  client.GrpcClientProtocolClient (GrpcClientProtocolClient.java:onNext(255)) - client-CEF4D3493DC0->4ee04582-2825-4055-a051-0465d62eb5ca: receive RaftClientReply:client-CEF4D3493DC0->4ee04582-2825-4055-a051-0465d62eb5ca@group-78E0FE5F723E, cid=4419, SUCCESS, logIndex=6811, commits[4ee04582-2825-4055-a051-0465d62eb5ca:c6811, 97f5b9f0-d9ef-40b5-ba79-7414923e623f:c6809, 7d686585-d831-45bc-93fc-0a553b604b0e:c6809]
2019-07-08 23:05:21,272 INFO  client.GrpcClientProtocolClient (GrpcClientProtocolClient.java:onNext(255)) - client-CEF4D3493DC0->4ee04582-2825-4055-a051-0465d62eb5ca: receive RaftClientReply:client-CEF4D3493DC0->4ee04582-2825-4055-a051-0465d62eb5ca@group-78E0FE5F723E, cid=4420, SUCCESS, logIndex=6814, commits[4ee04582-2825-4055-a051-0465d62eb5ca:c6815, 97f5b9f0-d9ef-40b5-ba79-7414923e623f:c6813, 7d686585-d831-45bc-93fc-0a553b604b0e:c6813]
2019-07-08 23:05:21,272 INFO  client.GrpcClientProtocolClient (GrpcClientProtocolClient.java:onNext(255)) - client-CEF4D3493DC0->4ee04582-2825-4055-a051-0465d62eb5ca: receive RaftClientReply:client-CEF4D3493DC0->4ee04582-2825-4055-a051-0465d62eb5ca@group-78E0FE5F723E, cid=4421, SUCCESS, logIndex=6815, commits[4ee04582-2825-4055-a051-0465d62eb5ca:c6815, 97f5b9f0-d9ef-40b5-ba79-7414923e623f:c6813, 7d686585-d831-45bc-93fc-0a553b604b0e:c6813]
2019-07-08 23:05:21,276 INFO  client.GrpcClientProtocolClient (GrpcClientProtocolClient.java:onNext(255)) - client-CEF4D3493DC0->4ee04582-2825-4055-a051-0465d62eb5ca: receive RaftClientReply:client-CEF4D3493DC0->4ee04582-2825-4055-a051-0465d62eb5ca@group-78E0FE5F723E, cid=4422, SUCCESS, logIndex=0, commits[4ee04582-2825-4055-a051-0465d62eb5ca:c6817, 97f5b9f0-d9ef-40b5-ba79-7414923e623f:c6815, 7d686585-d831-45bc-93fc-0a553b604b0e:c6815]
2019-07-08 23:05:21,304 INFO  client.GrpcClientProtocolClient (GrpcClientProtocolClient.java:onNext(255)) - client-CEF4D3493DC0->4ee04582-2825-4055-a051-0465d62eb5ca: receive RaftClientReply:client-CEF4D3493DC0->4ee04582-2825-4055-a051-0465d62eb5ca@group-78E0FE5F723E, cid=4423, SUCCESS, logIndex=6818, commits[4ee04582-2825-4055-a051-0465d62eb5ca:c6819, 97f5b9f0-d9ef-40b5-ba79-7414923e623f:c6817, 7d686585-d831-45bc-93fc-0a553b604b0e:c6815]
2019-07-08 23:05:21,304 INFO  client.GrpcClientProtocolClient (GrpcClientProtocolClient.java:onNext(255)) - client-CEF4D3493DC0->4ee04582-2825-4055-a051-0465d62eb5ca: receive RaftClientReply:client-CEF4D3493DC0->4ee04582-2825-4055-a051-0465d62eb5ca@group-78E0FE5F723E, cid=4424, SUCCESS, logIndex=6819, commits[4ee04582-2825-4055-a051-0465d62eb5ca:c6819, 97f5b9f0-d9ef-40b5-ba79-7414923e623f:c6817, 7d686585-d831-45bc-93fc-0a553b604b0e:c6817]
2019-07-08 23:05:21,305 INFO  client.GrpcClientProtocolClient (GrpcClientProtocolClient.java:onNext(255)) - client-CEF4D3493DC0->4ee04582-2825-4055-a051-0465d62eb5ca: receive RaftClientReply:client-CEF4D3493DC0->4ee04582-2825-4055-a051-0465d62eb5ca@group-78E0FE5F723E, cid=4425, SUCCESS, logIndex=6820, commits[4ee04582-2825-4055-a051-0465d62eb5ca:c6821, 97f5b9f0-d9ef-40b5-ba79-7414923e623f:c6817, 7d686585-d831-45bc-93fc-0a553b604b0e:c6817]
2019-07-08 23:05:21,306 INFO  client.GrpcClientProtocolClient (GrpcClientProtocolClient.java:onNext(255)) - client-CEF4D3493DC0->4ee04582-2825-4055-a051-0465d62eb5ca: receive RaftClientReply:client-CEF4D3493DC0->4ee04582-2825-4055-a051-0465d62eb5ca@group-78E0FE5F723E, cid=4426, SUCCESS, logIndex=6821, commits[4ee04582-2825-4055-a051-0465d62eb5ca:c6821, 97f5b9f0-d9ef-40b5-ba79-7414923e623f:c6817, 7d686585-d831-45bc-93fc-0a553b604b0e:c6817]
2019-07-08 23:05:21,307 INFO  client.GrpcClientProtocolClient (GrpcClientProtocolClient.java:onNext(255)) - client-CEF4D3493DC0->4ee04582-2825-4055-a051-0465d62eb5ca: receive RaftClientReply:client-CEF4D3493DC0->4ee04582-2825-4055-a051-0465d62eb5ca@group-78E0FE5F723E, cid=4427, SUCCESS, logIndex=0, commits[4ee04582-2825-4055-a051-0465d62eb5ca:c6823, 97f5b9f0-d9ef-40b5-ba79-7414923e623f:c6819, 7d686585-d831-45bc-93fc-0a553b604b0e:c6819]
2019-07-08 23:05:21,319 INFO  client.GrpcClientProtocolClient (GrpcClientProtocolClient.java:onNext(255)) - client-CEF4D3493DC0->4ee04582-2825-4055-a051-0465d62eb5ca: receive RaftClientReply:client-CEF4D3493DC0->4ee04582-2825-4055-a051-0465d62eb5ca@group-78E0FE5F723E, cid=4428, SUCCESS, logIndex=6826, commits[4ee04582-2825-4055-a051-0465d62eb5ca:c6827, 97f5b9f0-d9ef-40b5-ba79-7414923e623f:c6825, 7d686585-d831-45bc-93fc-0a553b604b0e:c6821]
2019-07-08 23:05:21,320 INFO  client.GrpcClientProtocolClient (GrpcClientProtocolClient.java:onNext(255)) - client-CEF4D3493DC0->4ee04582-2825-4055-a051-0465d62eb5ca: receive RaftClientReply:client-CEF4D3493DC0->4ee04582-2825-4055-a051-0465d62eb5ca@group-78E0FE5F723E, cid=4429, SUCCESS, logIndex=6827, commits[4ee04582-2825-4055-a051-0465d62eb5ca:c6827, 97f5b9f0-d9ef-40b5-ba79-7414923e623f:c6825, 7d686585-d831-45bc-93fc-0a553b604b0e:c6825]
2019-07-08 23:05:21,333 INFO  client.GrpcClientProtocolClient (GrpcClientProtocolClient.java:onNext(255)) - client-CEF4D3493DC0->4ee04582-2825-4055-a051-0465d62eb5ca: receive RaftClientReply:client-CEF4D3493DC0->4ee04582-2825-4055-a051-0465d62eb5ca@group-78E0FE5F723E, cid=4430, SUCCESS, logIndex=6829, commits[4ee04582-2825-4055-a051-0465d62eb5ca:c6830, 97f5b9f0-d9ef-40b5-ba79-7414923e623f:c6828, 7d686585-d831-45bc-93fc-0a553b604b0e:c6827]
2019-07-08 23:05:21,333 INFO  client.GrpcClientProtocolClient (GrpcClientProtocolClient.java:onNext(255)) - client-CEF4D3493DC0->4ee04582-2825-4055-a051-0465d62eb5ca: receive RaftClientReply:client-CEF4D3493DC0->4ee04582-2825-4055-a051-0465d62eb5ca@group-78E0FE5F723E, cid=4431, SUCCESS, logIndex=6830, commits[4ee04582-2825-4055-a051-0465d62eb5ca:c6830, 97f5b9f0-d9ef-40b5-ba79-7414923e623f:c6828, 7d686585-d831-45bc-93fc-0a553b604b0e:c6828]
2019-07-08 23:05:21,334 INFO  client.GrpcClientProtocolClient (GrpcClientProtocolClient.java:onNext(255)) - client-CEF4D3493DC0->4ee04582-2825-4055-a051-0465d62eb5ca: receive RaftClientReply:client-CEF4D3493DC0->4ee04582-2825-4055-a051-0465d62eb5ca@group-78E0FE5F723E, cid=4432, SUCCESS, logIndex=0, commits[4ee04582-2825-4055-a051-0465d62eb5ca:c6831, 97f5b9f0-d9ef-40b5-ba79-7414923e623f:c6830, 7d686585-d831-45bc-93fc-0a553b604b0e:c6830]
2019-07-08 23:05:21,364 INFO  client.GrpcClientProtocolClient (GrpcClientProtocolClient.java:onNext(255)) - client-CEF4D3493DC0->4ee04582-2825-4055-a051-0465d62eb5ca: receive RaftClientReply:client-CEF4D3493DC0->4ee04582-2825-4055-a051-0465d62eb5ca@group-78E0FE5F723E, cid=4433, SUCCESS, logIndex=6832, commits[4ee04582-2825-4055-a051-0465d62eb5ca:c6833, 97f5b9f0-d9ef-40b5-ba79-7414923e623f:c6831, 7d686585-d831-45bc-93fc-0a553b604b0e:c6831]
2019-07-08 23:05:21,364 INFO  client.GrpcClientProtocolClient (GrpcClientProtocolClient.java:onNext(255)) - client-CEF4D3493DC0->4ee04582-2825-4055-a051-0465d62eb5ca: receive RaftClientReply:client-CEF4D3493DC0->4ee04582-2825-4055-a051-0465d62eb5ca@group-78E0FE5F723E, cid=4434, SUCCESS, logIndex=6833, commits[4ee04582-2825-4055-a051-0465d62eb5ca:c6833, 97f5b9f0-d9ef-40b5-ba79-7414923e623f:c6831, 7d686585-d831-45bc-93fc-0a553b604b0e:c6831]
2019-07-08 23:05:21,367 INFO  client.GrpcClientProtocolClient (GrpcClientProtocolClient.java:onNext(255)) - client-CEF4D3493DC0->4ee04582-2825-4055-a051-0465d62eb5ca: receive RaftClientReply:client-CEF4D3493DC0->4ee04582-2825-4055-a051-0465d62eb5ca@group-78E0FE5F723E, cid=4435, SUCCESS, logIndex=6834, commits[4ee04582-2825-4055-a051-0465d62eb5ca:c6835, 97f5b9f0-d9ef-40b5-ba79-7414923e623f:c6833, 7d686585-d831-45bc-93fc-0a553b604b0e:c6831]
2019-07-08 23:05:21,367 INFO  client.GrpcClientProtocolClient (GrpcClientProtocolClient.java:onNext(255)) - client-CEF4D3493DC0->4ee04582-2825-4055-a051-0465d62eb5ca: receive RaftClientReply:client-CEF4D3493DC0->4ee04582-2825-4055-a051-0465d62eb5ca@group-78E0FE5F723E, cid=4436, SUCCESS, logIndex=6835, commits[4ee04582-2825-4055-a051-0465d62eb5ca:c6837, 97f5b9f0-d9ef-40b5-ba79-7414923e623f:c6833, 7d686585-d831-45bc-93fc-0a553b604b0e:c6833]
2019-07-08 23:05:21,379 INFO  client.GrpcClientProtocolClient (GrpcClientProtocolClient.java:onNext(255)) - client-CEF4D3493DC0->4ee04582-2825-4055-a051-0465d62eb5ca: receive RaftClientReply:client-CEF4D3493DC0->4ee04582-2825-4055-a051-0465d62eb5ca@group-78E0FE5F723E, cid=4437, SUCCESS, logIndex=6840, commits[4ee04582-2825-4055-a051-0465d62eb5ca:c6841, 97f5b9f0-d9ef-40b5-ba79-7414923e623f:c6839, 7d686585-d831-45bc-93fc-0a553b604b0e:c6839]
2019-07-08 23:05:21,379 INFO  client.GrpcClientProtocolClient (GrpcClientProtocolClient.java:onNext(255)) - client-CEF4D3493DC0->4ee04582-2825-4055-a051-0465d62eb5ca: receive RaftClientReply:client-CEF4D3493DC0->4ee04582-2825-4055-a051-0465d62eb5ca@group-78E0FE5F723E, cid=4438, SUCCESS, logIndex=6841, commits[4ee04582-2825-4055-a051-0465d62eb5ca:c6841, 97f5b9f0-d9ef-40b5-ba79-7414923e623f:c6839, 7d686585-d831-45bc-93fc-0a553b604b0e:c6839]
2019-07-08 23:05:21,390 INFO  client.GrpcClientProtocolClient (GrpcClientProtocolClient.java:onNext(255)) - client-CEF4D3493DC0->4ee04582-2825-4055-a051-0465d62eb5ca: receive RaftClientReply:client-CEF4D3493DC0->4ee04582-2825-4055-a051-0465d62eb5ca@group-78E0FE5F723E, cid=4439, SUCCESS, logIndex=6844, commits[4ee04582-2825-4055-a051-0465d62eb5ca:c6845, 97f5b9f0-d9ef-40b5-ba79-7414923e623f:c6843, 7d686585-d831-45bc-93fc-0a553b604b0e:c6843]
2019-07-08 23:05:21,391 INFO  client.GrpcClientProtocolClient (GrpcClientProtocolClient.java:onNext(255)) - client-CEF4D3493DC0->4ee04582-2825-4055-a051-0465d62eb5ca: receive RaftClientReply:client-CEF4D3493DC0->4ee04582-2825-4055-a051-0465d62eb5ca@group-78E0FE5F723E, cid=4440, SUCCESS, logIndex=6845, commits[4ee04582-2825-4055-a051-0465d62eb5ca:c6845, 97f5b9f0-d9ef-40b5-ba79-7414923e623f:c6843, 7d686585-d831-45bc-93fc-0a553b604b0e:c6843]
2019-07-08 23:05:21,393 INFO  client.GrpcClientProtocolClient (GrpcClientProtocolClient.java:onNext(255)) - client-CEF4D3493DC0->4ee04582-2825-4055-a051-0465d62eb5ca: receive RaftClientReply:client-CEF4D3493DC0->4ee04582-2825-4055-a051-0465d62eb5ca@group-78E0FE5F723E, cid=4441, SUCCESS, logIndex=0, commits[4ee04582-2825-4055-a051-0465d62eb5ca:c6846, 97f5b9f0-d9ef-40b5-ba79-7414923e623f:c6845, 7d686585-d831-45bc-93fc-0a553b604b0e:c6845]
2019-07-08 23:05:21,421 INFO  client.GrpcClientProtocolClient (GrpcClientProtocolClient.java:onNext(255)) - client-CEF4D3493DC0->4ee04582-2825-4055-a051-0465d62eb5ca: receive RaftClientReply:client-CEF4D3493DC0->4ee04582-2825-4055-a051-0465d62eb5ca@group-78E0FE5F723E, cid=4442, SUCCESS, logIndex=6848, commits[4ee04582-2825-4055-a051-0465d62eb5ca:c6849, 97f5b9f0-d9ef-40b5-ba79-7414923e623f:c6847, 7d686585-d831-45bc-93fc-0a553b604b0e:c6845]
2019-07-08 23:05:21,422 INFO  client.GrpcClientProtocolClient (GrpcClientProtocolClient.java:onNext(255)) - client-CEF4D3493DC0->4ee04582-2825-4055-a051-0465d62eb5ca: receive RaftClientReply:client-CEF4D3493DC0->4ee04582-2825-4055-a051-0465d62eb5ca@group-78E0FE5F723E, cid=4443, SUCCESS, logIndex=6849, commits[4ee04582-2825-4055-a051-0465d62eb5ca:c6850, 97f5b9f0-d9ef-40b5-ba79-7414923e623f:c6847, 7d686585-d831-45bc-93fc-0a553b604b0e:c6847]
2019-07-08 23:05:21,422 INFO  client.GrpcClientProtocolClient (GrpcClientProtocolClient.java:onNext(255)) - client-CEF4D3493DC0->4ee04582-2825-4055-a051-0465d62eb5ca: receive RaftClientReply:client-CEF4D3493DC0->4ee04582-2825-4055-a051-0465d62eb5ca@group-78E0FE5F723E, cid=4444, SUCCESS, logIndex=6850, commits[4ee04582-2825-4055-a051-0465d62eb5ca:c6851, 97f5b9f0-d9ef-40b5-ba79-7414923e623f:c6847, 7d686585-d831-45bc-93fc-0a553b604b0e:c6847]
2019-07-08 23:05:21,422 INFO  client.GrpcClientProtocolClient (GrpcClientProtocolClient.java:onNext(255)) - client-CEF4D3493DC0->4ee04582-2825-4055-a051-0465d62eb5ca: receive RaftClientReply:client-CEF4D3493DC0->4ee04582-2825-4055-a051-0465d62eb5ca@group-78E0FE5F723E, cid=4445, SUCCESS, logIndex=6851, commits[4ee04582-2825-4055-a051-0465d62eb5ca:c6851, 97f5b9f0-d9ef-40b5-ba79-7414923e623f:c6847, 7d686585-d831-45bc-93fc-0a553b604b0e:c6847]
2019-07-08 23:05:21,424 INFO  client.GrpcClientProtocolClient (GrpcClientProtocolClient.java:onNext(255)) - client-CEF4D3493DC0->4ee04582-2825-4055-a051-0465d62eb5ca: receive RaftClientReply:client-CEF4D3493DC0->4ee04582-2825-4055-a051-0465d62eb5ca@group-78E0FE5F723E, cid=4446, SUCCESS, logIndex=0, commits[4ee04582-2825-4055-a051-0465d62eb5ca:c6853, 97f5b9f0-d9ef-40b5-ba79-7414923e623f:c6849, 7d686585-d831-45bc-93fc-0a553b604b0e:c6849]
2019-07-08 23:05:21,436 INFO  client.GrpcClientProtocolClient (GrpcClientProtocolClient.java:onNext(255)) - client-CEF4D3493DC0->4ee04582-2825-4055-a051-0465d62eb5ca: receive RaftClientReply:client-CEF4D3493DC0->4ee04582-2825-4055-a051-0465d62eb5ca@group-78E0FE5F723E, cid=4447, SUCCESS, logIndex=6856, commits[4ee04582-2825-4055-a051-0465d62eb5ca:c6857, 97f5b9f0-d9ef-40b5-ba79-7414923e623f:c6855, 7d686585-d831-45bc-93fc-0a553b604b0e:c6851]
2019-07-08 23:05:21,436 INFO  client.GrpcClientProtocolClient (GrpcClientProtocolClient.java:onNext(255)) - client-CEF4D3493DC0->4ee04582-2825-4055-a051-0465d62eb5ca: receive RaftClientReply:client-CEF4D3493DC0->4ee04582-2825-4055-a051-0465d62eb5ca@group-78E0FE5F723E, cid=4448, SUCCESS, logIndex=6857, commits[4ee04582-2825-4055-a051-0465d62eb5ca:c6857, 97f5b9f0-d9ef-40b5-ba79-7414923e623f:c6855, 7d686585-d831-45bc-93fc-0a553b604b0e:c6855]
2019-07-08 23:05:21,552 INFO  client.GrpcClientProtocolClient (GrpcClientProtocolClient.java:onNext(255)) - client-CEF4D3493DC0->4ee04582-2825-4055-a051-0465d62eb5ca: receive RaftClientReply:client-CEF4D3493DC0->4ee04582-2825-4055-a051-0465d62eb5ca@group-78E0FE5F723E, cid=4449, SUCCESS, logIndex=6860, commits[4ee04582-2825-4055-a051-0465d62eb5ca:c6861, 97f5b9f0-d9ef-40b5-ba79-7414923e623f:c6859, 7d686585-d831-45bc-93fc-0a553b604b0e:c6859]
2019-07-08 23:05:21,553 INFO  client.GrpcClientProtocolClient (GrpcClientProtocolClient.java:onNext(255)) - client-CEF4D3493DC0->4ee04582-2825-4055-a051-0465d62eb5ca: receive RaftClientReply:client-CEF4D3493DC0->4ee04582-2825-4055-a051-0465d62eb5ca@group-78E0FE5F723E, cid=4450, SUCCESS, logIndex=6861, commits[4ee04582-2825-4055-a051-0465d62eb5ca:c6861, 97f5b9f0-d9ef-40b5-ba79-7414923e623f:c6859, 7d686585-d831-45bc-93fc-0a553b604b0e:c6859]
2019-07-08 23:05:21,565 INFO  client.GrpcClientProtocolClient (GrpcClientProtocolClient.java:onNext(255)) - client-CEF4D3493DC0->4ee04582-2825-4055-a051-0465d62eb5ca: receive RaftClientReply:client-CEF4D3493DC0->4ee04582-2825-4055-a051-0465d62eb5ca@group-78E0FE5F723E, cid=4451, SUCCESS, logIndex=0, commits[4ee04582-2825-4055-a051-0465d62eb5ca:c6863, 97f5b9f0-d9ef-40b5-ba79-7414923e623f:c6861, 7d686585-d831-45bc-93fc-0a553b604b0e:c6861]
2019-07-08 23:05:21,593 INFO  client.GrpcClientProtocolClient (GrpcClientProtocolClient.java:onNext(255)) - client-CEF4D3493DC0->4ee04582-2825-4055-a051-0465d62eb5ca: receive RaftClientReply:client-CEF4D3493DC0->4ee04582-2825-4055-a051-0465d62eb5ca@group-78E0FE5F723E, cid=4452, SUCCESS, logIndex=6864, commits[4ee04582-2825-4055-a051-0465d62eb5ca:c6867, 97f5b9f0-d9ef-40b5-ba79-7414923e623f:c6861, 7d686585-d831-45bc-93fc-0a553b604b0e:c6863]
2019-07-08 23:05:21,594 INFO  client.GrpcClientProtocolClient (GrpcClientProtocolClient.java:onNext(255)) - client-CEF4D3493DC0->4ee04582-2825-4055-a051-0465d62eb5ca: receive RaftClientReply:client-CEF4D3493DC0->4ee04582-2825-4055-a051-0465d62eb5ca@group-78E0FE5F723E, cid=4453, SUCCESS, logIndex=6865, commits[4ee04582-2825-4055-a051-0465d62eb5ca:c6867, 97f5b9f0-d9ef-40b5-ba79-7414923e623f:c6863, 7d686585-d831-45bc-93fc-0a553b604b0e:c6863]
2019-07-08 23:05:21,594 INFO  client.GrpcClientProtocolClient (GrpcClientProtocolClient.java:onNext(255)) - client-CEF4D3493DC0->4ee04582-2825-4055-a051-0465d62eb5ca: receive RaftClientReply:client-CEF4D3493DC0->4ee04582-2825-4055-a051-0465d62eb5ca@group-78E0FE5F723E, cid=4454, SUCCESS, logIndex=6866, commits[4ee04582-2825-4055-a051-0465d62eb5ca:c6867, 97f5b9f0-d9ef-40b5-ba79-7414923e623f:c6863, 7d686585-d831-45bc-93fc-0a553b604b0e:c6863]
2019-07-08 23:05:21,594 INFO  client.GrpcClientProtocolClient (GrpcClientProtocolClient.java:onNext(255)) - client-CEF4D3493DC0->4ee04582-2825-4055-a051-0465d62eb5ca: receive RaftClientReply:client-CEF4D3493DC0->4ee04582-2825-4055-a051-0465d62eb5ca@group-78E0FE5F723E, cid=4455, SUCCESS, logIndex=6867, commits[4ee04582-2825-4055-a051-0465d62eb5ca:c6867, 97f5b9f0-d9ef-40b5-ba79-7414923e623f:c6863, 7d686585-d831-45bc-93fc-0a553b604b0e:c6863]
2019-07-08 23:05:21,596 INFO  client.GrpcClientProtocolClient (GrpcClientProtocolClient.java:onNext(255)) - client-CEF4D3493DC0->4ee04582-2825-4055-a051-0465d62eb5ca: receive RaftClientReply:client-CEF4D3493DC0->4ee04582-2825-4055-a051-0465d62eb5ca@group-78E0FE5F723E, cid=4456, SUCCESS, logIndex=0, commits[4ee04582-2825-4055-a051-0465d62eb5ca:c6868, 97f5b9f0-d9ef-40b5-ba79-7414923e623f:c6865, 7d686585-d831-45bc-93fc-0a553b604b0e:c6865]
2019-07-08 23:05:21,616 INFO  client.GrpcClientProtocolClient (GrpcClientProtocolClient.java:onNext(255)) - client-CEF4D3493DC0->4ee04582-2825-4055-a051-0465d62eb5ca: receive RaftClientReply:client-CEF4D3493DC0->4ee04582-2825-4055-a051-0465d62eb5ca@group-78E0FE5F723E, cid=4457, SUCCESS, logIndex=6871, commits[4ee04582-2825-4055-a051-0465d62eb5ca:c6872, 97f5b9f0-d9ef-40b5-ba79-7414923e623f:c6870, 7d686585-d831-45bc-93fc-0a553b604b0e:c6870]
2019-07-08 23:05:21,617 INFO  client.GrpcClientProtocolClient (GrpcClientProtocolClient.java:onNext(255)) - client-CEF4D3493DC0->4ee04582-2825-4055-a051-0465d62eb5ca: receive RaftClientReply:client-CEF4D3493DC0->4ee04582-2825-4055-a051-0465d62eb5ca@group-78E0FE5F723E, cid=4458, SUCCESS, logIndex=6872, commits[4ee04582-2825-4055-a051-0465d62eb5ca:c6872, 97f5b9f0-d9ef-40b5-ba79-7414923e623f:c6870, 7d686585-d831-45bc-93fc-0a553b604b0e:c6870]
2019-07-08 23:05:21,636 INFO  client.GrpcClientProtocolClient (GrpcClientProtocolClient.java:onNext(255)) - client-CEF4D3493DC0->4ee04582-2825-4055-a051-0465d62eb5ca: receive RaftClientReply:client-CEF4D3493DC0->4ee04582-2825-4055-a051-0465d62eb5ca@group-78E0FE5F723E, cid=4459, SUCCESS, logIndex=6875, commits[4ee04582-2825-4055-a051-0465d62eb5ca:c6876, 97f5b9f0-d9ef-40b5-ba79-7414923e623f:c6874, 7d686585-d831-45bc-93fc-0a553b604b0e:c6874]
2019-07-08 23:05:21,636 INFO  client.GrpcClientProtocolClient (GrpcClientProtocolClient.java:onNext(255)) - client-CEF4D3493DC0->4ee04582-2825-4055-a051-0465d62eb5ca: receive RaftClientReply:client-CEF4D3493DC0->4ee04582-2825-4055-a051-0465d62eb5ca@group-78E0FE5F723E, cid=4460, SUCCESS, logIndex=6876, commits[4ee04582-2825-4055-a051-0465d62eb5ca:c6876, 97f5b9f0-d9ef-40b5-ba79-7414923e623f:c6874, 7d686585-d831-45bc-93fc-0a553b604b0e:c6874]
2019-07-08 23:05:21,638 INFO  client.GrpcClientProtocolClient (GrpcClientProtocolClient.java:onNext(255)) - client-CEF4D3493DC0->4ee04582-2825-4055-a051-0465d62eb5ca: receive RaftClientReply:client-CEF4D3493DC0->4ee04582-2825-4055-a051-0465d62eb5ca@group-78E0FE5F723E, cid=4461, SUCCESS, logIndex=0, commits[4ee04582-2825-4055-a051-0465d62eb5ca:c6877, 97f5b9f0-d9ef-40b5-ba79-7414923e623f:c6876, 7d686585-d831-45bc-93fc-0a553b604b0e:c6876]
2019-07-08 23:05:21,667 INFO  client.GrpcClientProtocolClient (GrpcClientProtocolClient.java:onNext(255)) - client-CEF4D3493DC0->4ee04582-2825-4055-a051-0465d62eb5ca: receive RaftClientReply:client-CEF4D3493DC0->4ee04582-2825-4055-a051-0465d62eb5ca@group-78E0FE5F723E, cid=4462, SUCCESS, logIndex=6879, commits[4ee04582-2825-4055-a051-0465d62eb5ca:c6880, 97f5b9f0-d9ef-40b5-ba79-7414923e623f:c6878, 7d686585-d831-45bc-93fc-0a553b604b0e:c6878]
2019-07-08 23:05:21,668 INFO  client.GrpcClientProtocolClient (GrpcClientProtocolClient.java:onNext(255)) - client-CEF4D3493DC0->4ee04582-2825-4055-a051-0465d62eb5ca: receive RaftClientReply:client-CEF4D3493DC0->4ee04582-2825-4055-a051-0465d62eb5ca@group-78E0FE5F723E, cid=4463, SUCCESS, logIndex=6880, commits[4ee04582-2825-4055-a051-0465d62eb5ca:c6880, 97f5b9f0-d9ef-40b5-ba79-7414923e623f:c6878, 7d686585-d831-45bc-93fc-0a553b604b0e:c6878]
2019-07-08 23:05:21,668 INFO  client.GrpcClientProtocolClient (GrpcClientProtocolClient.java:onNext(255)) - client-CEF4D3493DC0->4ee04582-2825-4055-a051-0465d62eb5ca: receive RaftClientReply:client-CEF4D3493DC0->4ee04582-2825-4055-a051-0465d62eb5ca@group-78E0FE5F723E, cid=4464, SUCCESS, logIndex=6881, commits[4ee04582-2825-4055-a051-0465d62eb5ca:c6882, 97f5b9f0-d9ef-40b5-ba79-7414923e623f:c6878, 7d686585-d831-45bc-93fc-0a553b604b0e:c6878]
2019-07-08 23:05:21,668 INFO  client.GrpcClientProtocolClient (GrpcClientProtocolClient.java:onNext(255)) - client-CEF4D3493DC0->4ee04582-2825-4055-a051-0465d62eb5ca: receive RaftClientReply:client-CEF4D3493DC0->4ee04582-2825-4055-a051-0465d62eb5ca@group-78E0FE5F723E, cid=4465, SUCCESS, logIndex=6882, commits[4ee04582-2825-4055-a051-0465d62eb5ca:c6882, 97f5b9f0-d9ef-40b5-ba79-7414923e623f:c6878, 7d686585-d831-45bc-93fc-0a553b604b0e:c6878]
2019-07-08 23:05:21,672 INFO  client.GrpcClientProtocolClient (GrpcClientProtocolClient.java:onNext(255)) - client-CEF4D3493DC0->4ee04582-2825-4055-a051-0465d62eb5ca: receive RaftClientReply:client-CEF4D3493DC0->4ee04582-2825-4055-a051-0465d62eb5ca@group-78E0FE5F723E, cid=4466, SUCCESS, logIndex=0, commits[4ee04582-2825-4055-a051-0465d62eb5ca:c6884, 97f5b9f0-d9ef-40b5-ba79-7414923e623f:c6880, 7d686585-d831-45bc-93fc-0a553b604b0e:c6880]
2019-07-08 23:05:21,692 INFO  client.GrpcClientProtocolClient (GrpcClientProtocolClient.java:onNext(255)) - client-CEF4D3493DC0->4ee04582-2825-4055-a051-0465d62eb5ca: receive RaftClientReply:client-CEF4D3493DC0->4ee04582-2825-4055-a051-0465d62eb5ca@group-78E0FE5F723E, cid=4467, SUCCESS, logIndex=6887, commits[4ee04582-2825-4055-a051-0465d62eb5ca:c6888, 97f5b9f0-d9ef-40b5-ba79-7414923e623f:c6886, 7d686585-d831-45bc-93fc-0a553b604b0e:c6886]
2019-07-08 23:05:21,693 INFO  client.GrpcClientProtocolClient (GrpcClientProtocolClient.java:onNext(255)) - client-CEF4D3493DC0->4ee04582-2825-4055-a051-0465d62eb5ca: receive RaftClientReply:client-CEF4D3493DC0->4ee04582-2825-4055-a051-0465d62eb5ca@group-78E0FE5F723E, cid=4468, SUCCESS, logIndex=6888, commits[4ee04582-2825-4055-a051-0465d62eb5ca:c6888, 97f5b9f0-d9ef-40b5-ba79-7414923e623f:c6886, 7d686585-d831-45bc-93fc-0a553b604b0e:c6886]
2019-07-08 23:05:21,703 INFO  client.GrpcClientProtocolClient (GrpcClientProtocolClient.java:onNext(255)) - client-CEF4D3493DC0->4ee04582-2825-4055-a051-0465d62eb5ca: receive RaftClientReply:client-CEF4D3493DC0->4ee04582-2825-4055-a051-0465d62eb5ca@group-78E0FE5F723E, cid=4469, SUCCESS, logIndex=6891, commits[4ee04582-2825-4055-a051-0465d62eb5ca:c6892, 97f5b9f0-d9ef-40b5-ba79-7414923e623f:c6890, 7d686585-d831-45bc-93fc-0a553b604b0e:c6888]
2019-07-08 23:05:21,703 INFO  client.GrpcClientProtocolClient (GrpcClientProtocolClient.java:onNext(255)) - client-CEF4D3493DC0->4ee04582-2825-4055-a051-0465d62eb5ca: receive RaftClientReply:client-CEF4D3493DC0->4ee04582-2825-4055-a051-0465d62eb5ca@group-78E0FE5F723E, cid=4470, SUCCESS, logIndex=6892, commits[4ee04582-2825-4055-a051-0465d62eb5ca:c6892, 97f5b9f0-d9ef-40b5-ba79-7414923e623f:c6890, 7d686585-d831-45bc-93fc-0a553b604b0e:c6890]
2019-07-08 23:05:21,704 INFO  client.GrpcClientProtocolClient (GrpcClientProtocolClient.java:onNext(255)) - client-CEF4D3493DC0->4ee04582-2825-4055-a051-0465d62eb5ca: receive RaftClientReply:client-CEF4D3493DC0->4ee04582-2825-4055-a051-0465d62eb5ca@group-78E0FE5F723E, cid=4471, SUCCESS, logIndex=0, commits[4ee04582-2825-4055-a051-0465d62eb5ca:c6893, 97f5b9f0-d9ef-40b5-ba79-7414923e623f:c6892, 7d686585-d831-45bc-93fc-0a553b604b0e:c6892]
2019-07-08 23:05:21,730 INFO  client.GrpcClientProtocolClient (GrpcClientProtocolClient.java:onNext(255)) - client-CEF4D3493DC0->4ee04582-2825-4055-a051-0465d62eb5ca: receive RaftClientReply:client-CEF4D3493DC0->4ee04582-2825-4055-a051-0465d62eb5ca@group-78E0FE5F723E, cid=4472, SUCCESS, logIndex=6895, commits[4ee04582-2825-4055-a051-0465d62eb5ca:c6896, 97f5b9f0-d9ef-40b5-ba79-7414923e623f:c6894, 7d686585-d831-45bc-93fc-0a553b604b0e:c6892]
2019-07-08 23:05:21,730 INFO  client.GrpcClientProtocolClient (GrpcClientProtocolClient.java:onNext(255)) - client-CEF4D3493DC0->4ee04582-2825-4055-a051-0465d62eb5ca: receive RaftClientReply:client-CEF4D3493DC0->4ee04582-2825-4055-a051-0465d62eb5ca@group-78E0FE5F723E, cid=4473, SUCCESS, logIndex=6896, commits[4ee04582-2825-4055-a051-0465d62eb5ca:c6896, 97f5b9f0-d9ef-40b5-ba79-7414923e623f:c6894, 7d686585-d831-45bc-93fc-0a553b604b0e:c6892]
2019-07-08 23:05:21,732 INFO  client.GrpcClientProtocolClient (GrpcClientProtocolClient.java:onNext(255)) - client-CEF4D3493DC0->4ee04582-2825-4055-a051-0465d62eb5ca: receive RaftClientReply:client-CEF4D3493DC0->4ee04582-2825-4055-a051-0465d62eb5ca@group-78E0FE5F723E, cid=4474, SUCCESS, logIndex=6897, commits[4ee04582-2825-4055-a051-0465d62eb5ca:c6898, 97f5b9f0-d9ef-40b5-ba79-7414923e623f:c6894, 7d686585-d831-45bc-93fc-0a553b604b0e:c6894]
2019-07-08 23:05:21,733 INFO  client.GrpcClientProtocolClient (GrpcClientProtocolClient.java:onNext(255)) - client-CEF4D3493DC0->4ee04582-2825-4055-a051-0465d62eb5ca: receive RaftClientReply:client-CEF4D3493DC0->4ee04582-2825-4055-a051-0465d62eb5ca@group-78E0FE5F723E, cid=4475, SUCCESS, logIndex=6898, commits[4ee04582-2825-4055-a051-0465d62eb5ca:c6898, 97f5b9f0-d9ef-40b5-ba79-7414923e623f:c6894, 7d686585-d831-45bc-93fc-0a553b604b0e:c6894]
2019-07-08 23:05:21,735 INFO  client.GrpcClientProtocolClient (GrpcClientProtocolClient.java:onNext(255)) - client-CEF4D3493DC0->4ee04582-2825-4055-a051-0465d62eb5ca: receive RaftClientReply:client-CEF4D3493DC0->4ee04582-2825-4055-a051-0465d62eb5ca@group-78E0FE5F723E, cid=4476, SUCCESS, logIndex=0, commits[4ee04582-2825-4055-a051-0465d62eb5ca:c6899, 97f5b9f0-d9ef-40b5-ba79-7414923e623f:c6896, 7d686585-d831-45bc-93fc-0a553b604b0e:c6896]
2019-07-08 23:05:21,746 INFO  client.GrpcClientProtocolClient (GrpcClientProtocolClient.java:onNext(255)) - client-CEF4D3493DC0->4ee04582-2825-4055-a051-0465d62eb5ca: receive RaftClientReply:client-CEF4D3493DC0->4ee04582-2825-4055-a051-0465d62eb5ca@group-78E0FE5F723E, cid=4477, SUCCESS, logIndex=6903, commits[4ee04582-2825-4055-a051-0465d62eb5ca:c6904, 97f5b9f0-d9ef-40b5-ba79-7414923e623f:c6902, 7d686585-d831-45bc-93fc-0a553b604b0e:c6898]
2019-07-08 23:05:21,746 INFO  client.GrpcClientProtocolClient (GrpcClientProtocolClient.java:onNext(255)) - client-CEF4D3493DC0->4ee04582-2825-4055-a051-0465d62eb5ca: receive RaftClientReply:client-CEF4D3493DC0->4ee04582-2825-4055-a051-0465d62eb5ca@group-78E0FE5F723E, cid=4478, SUCCESS, logIndex=6904, commits[4ee04582-2825-4055-a051-0465d62eb5ca:c6904, 97f5b9f0-d9ef-40b5-ba79-7414923e623f:c6902, 7d686585-d831-45bc-93fc-0a553b604b0e:c6902]
2019-07-08 23:05:21,756 INFO  client.GrpcClientProtocolClient (GrpcClientProtocolClient.java:onNext(255)) - client-CEF4D3493DC0->4ee04582-2825-4055-a051-0465d62eb5ca: receive RaftClientReply:client-CEF4D3493DC0->4ee04582-2825-4055-a051-0465d62eb5ca@group-78E0FE5F723E, cid=4479, SUCCESS, logIndex=6907, commits[4ee04582-2825-4055-a051-0465d62eb5ca:c6908, 97f5b9f0-d9ef-40b5-ba79-7414923e623f:c6906, 7d686585-d831-45bc-93fc-0a553b604b0e:c6906]
2019-07-08 23:05:21,757 INFO  client.GrpcClientProtocolClient (GrpcClientProtocolClient.java:onNext(255)) - client-CEF4D3493DC0->4ee04582-2825-4055-a051-0465d62eb5ca: receive RaftClientReply:client-CEF4D3493DC0->4ee04582-2825-4055-a051-0465d62eb5ca@group-78E0FE5F723E, cid=4480, SUCCESS, logIndex=6908, commits[4ee04582-2825-4055-a051-0465d62eb5ca:c6908, 97f5b9f0-d9ef-40b5-ba79-7414923e623f:c6906, 7d686585-d831-45bc-93fc-0a553b604b0e:c6906]
2019-07-08 23:05:21,761 INFO  client.GrpcClientProtocolClient (GrpcClientProtocolClient.java:onNext(255)) - client-CEF4D3493DC0->4ee04582-2825-4055-a051-0465d62eb5ca: receive RaftClientReply:client-CEF4D3493DC0->4ee04582-2825-4055-a051-0465d62eb5ca@group-78E0FE5F723E, cid=4481, SUCCESS, logIndex=0, commits[4ee04582-2825-4055-a051-0465d62eb5ca:c6909, 97f5b9f0-d9ef-40b5-ba79-7414923e623f:c6908, 7d686585-d831-45bc-93fc-0a553b604b0e:c6908]
2019-07-08 23:05:21,784 INFO  client.GrpcClientProtocolClient (GrpcClientProtocolClient.java:onNext(255)) - client-CEF4D3493DC0->4ee04582-2825-4055-a051-0465d62eb5ca: receive RaftClientReply:client-CEF4D3493DC0->4ee04582-2825-4055-a051-0465d62eb5ca@group-78E0FE5F723E, cid=4482, SUCCESS, logIndex=6911, commits[4ee04582-2825-4055-a051-0465d62eb5ca:c6912, 97f5b9f0-d9ef-40b5-ba79-7414923e623f:c6910, 7d686585-d831-45bc-93fc-0a553b604b0e:c6910]
2019-07-08 23:05:21,785 INFO  client.GrpcClientProtocolClient (GrpcClientProtocolClient.java:onNext(255)) - client-CEF4D3493DC0->4ee04582-2825-4055-a051-0465d62eb5ca: receive RaftClientReply:client-CEF4D3493DC0->4ee04582-2825-4055-a051-0465d62eb5ca@group-78E0FE5F723E, cid=4483, SUCCESS, logIndex=6912, commits[4ee04582-2825-4055-a051-0465d62eb5ca:c6912, 97f5b9f0-d9ef-40b5-ba79-7414923e623f:c6910, 7d686585-d831-45bc-93fc-0a553b604b0e:c6910]
2019-07-08 23:05:21,785 INFO  client.GrpcClientProtocolClient (GrpcClientProtocolClient.java:onNext(255)) - client-CEF4D3493DC0->4ee04582-2825-4055-a051-0465d62eb5ca: receive RaftClientReply:client-CEF4D3493DC0->4ee04582-2825-4055-a051-0465d62eb5ca@group-78E0FE5F723E, cid=4484, SUCCESS, logIndex=6913, commits[4ee04582-2825-4055-a051-0465d62eb5ca:c6914, 97f5b9f0-d9ef-40b5-ba79-7414923e623f:c6910, 7d686585-d831-45bc-93fc-0a553b604b0e:c6910]
2019-07-08 23:05:21,786 INFO  client.GrpcClientProtocolClient (GrpcClientProtocolClient.java:onNext(255)) - client-CEF4D3493DC0->4ee04582-2825-4055-a051-0465d62eb5ca: receive RaftClientReply:client-CEF4D3493DC0->4ee04582-2825-4055-a051-0465d62eb5ca@group-78E0FE5F723E, cid=4485, SUCCESS, logIndex=6914, commits[4ee04582-2825-4055-a051-0465d62eb5ca:c6915, 97f5b9f0-d9ef-40b5-ba79-7414923e623f:c6910, 7d686585-d831-45bc-93fc-0a553b604b0e:c6912]
2019-07-08 23:05:21,787 INFO  client.GrpcClientProtocolClient (GrpcClientProtocolClient.java:onNext(255)) - client-CEF4D3493DC0->4ee04582-2825-4055-a051-0465d62eb5ca: receive RaftClientReply:client-CEF4D3493DC0->4ee04582-2825-4055-a051-0465d62eb5ca@group-78E0FE5F723E, cid=4486, SUCCESS, logIndex=0, commits[4ee04582-2825-4055-a051-0465d62eb5ca:c6916, 97f5b9f0-d9ef-40b5-ba79-7414923e623f:c6912, 7d686585-d831-45bc-93fc-0a553b604b0e:c6912]
2019-07-08 23:05:21,797 INFO  client.GrpcClientProtocolClient (GrpcClientProtocolClient.java:onNext(255)) - client-CEF4D3493DC0->4ee04582-2825-4055-a051-0465d62eb5ca: receive RaftClientReply:client-CEF4D3493DC0->4ee04582-2825-4055-a051-0465d62eb5ca@group-78E0FE5F723E, cid=4487, SUCCESS, logIndex=6919, commits[4ee04582-2825-4055-a051-0465d62eb5ca:c6920, 97f5b9f0-d9ef-40b5-ba79-7414923e623f:c6918, 7d686585-d831-45bc-93fc-0a553b604b0e:c6914]
2019-07-08 23:05:21,797 INFO  client.GrpcClientProtocolClient (GrpcClientProtocolClient.java:onNext(255)) - client-CEF4D3493DC0->4ee04582-2825-4055-a051-0465d62eb5ca: receive RaftClientReply:client-CEF4D3493DC0->4ee04582-2825-4055-a051-0465d62eb5ca@group-78E0FE5F723E, cid=4488, SUCCESS, logIndex=6920, commits[4ee04582-2825-4055-a051-0465d62eb5ca:c6920, 97f5b9f0-d9ef-40b5-ba79-7414923e623f:c6918, 7d686585-d831-45bc-93fc-0a553b604b0e:c6918]
2019-07-08 23:05:21,808 INFO  client.GrpcClientProtocolClient (GrpcClientProtocolClient.java:onNext(255)) - client-CEF4D3493DC0->4ee04582-2825-4055-a051-0465d62eb5ca: receive RaftClientReply:client-CEF4D3493DC0->4ee04582-2825-4055-a051-0465d62eb5ca@group-78E0FE5F723E, cid=4489, SUCCESS, logIndex=6923, commits[4ee04582-2825-4055-a051-0465d62eb5ca:c6924, 97f5b9f0-d9ef-40b5-ba79-7414923e623f:c6920, 7d686585-d831-45bc-93fc-0a553b604b0e:c6922]
2019-07-08 23:05:21,808 INFO  client.GrpcClientProtocolClient (GrpcClientProtocolClient.java:onNext(255)) - client-CEF4D3493DC0->4ee04582-2825-4055-a051-0465d62eb5ca: receive RaftClientReply:client-CEF4D3493DC0->4ee04582-2825-4055-a051-0465d62eb5ca@group-78E0FE5F723E, cid=4490, SUCCESS, logIndex=6924, commits[4ee04582-2825-4055-a051-0465d62eb5ca:c6924, 97f5b9f0-d9ef-40b5-ba79-7414923e623f:c6922, 7d686585-d831-45bc-93fc-0a553b604b0e:c6922]
2019-07-08 23:05:21,811 INFO  client.GrpcClientProtocolClient (GrpcClientProtocolClient.java:onNext(255)) - client-CEF4D3493DC0->4ee04582-2825-4055-a051-0465d62eb5ca: receive RaftClientReply:client-CEF4D3493DC0->4ee04582-2825-4055-a051-0465d62eb5ca@group-78E0FE5F723E, cid=4491, SUCCESS, logIndex=0, commits[4ee04582-2825-4055-a051-0465d62eb5ca:c6925, 97f5b9f0-d9ef-40b5-ba79-7414923e623f:c6924, 7d686585-d831-45bc-93fc-0a553b604b0e:c6924]
2019-07-08 23:05:21,833 INFO  client.GrpcClientProtocolClient (GrpcClientProtocolClient.java:onNext(255)) - client-CEF4D3493DC0->4ee04582-2825-4055-a051-0465d62eb5ca: receive RaftClientReply:client-CEF4D3493DC0->4ee04582-2825-4055-a051-0465d62eb5ca@group-78E0FE5F723E, cid=4492, SUCCESS, logIndex=6927, commits[4ee04582-2825-4055-a051-0465d62eb5ca:c6928, 97f5b9f0-d9ef-40b5-ba79-7414923e623f:c6926, 7d686585-d831-45bc-93fc-0a553b604b0e:c6926]
2019-07-08 23:05:21,834 INFO  client.GrpcClientProtocolClient (GrpcClientProtocolClient.java:onNext(255)) - client-CEF4D3493DC0->4ee04582-2825-4055-a051-0465d62eb5ca: receive RaftClientReply:client-CEF4D3493DC0->4ee04582-2825-4055-a051-0465d62eb5ca@group-78E0FE5F723E, cid=4493, SUCCESS, logIndex=6928, commits[4ee04582-2825-4055-a051-0465d62eb5ca:c6930, 97f5b9f0-d9ef-40b5-ba79-7414923e623f:c6926, 7d686585-d831-45bc-93fc-0a553b604b0e:c6926]
2019-07-08 23:05:21,834 INFO  client.GrpcClientProtocolClient (GrpcClientProtocolClient.java:onNext(255)) - client-CEF4D3493DC0->4ee04582-2825-4055-a051-0465d62eb5ca: receive RaftClientReply:client-CEF4D3493DC0->4ee04582-2825-4055-a051-0465d62eb5ca@group-78E0FE5F723E, cid=4494, SUCCESS, logIndex=6929, commits[4ee04582-2825-4055-a051-0465d62eb5ca:c6930, 97f5b9f0-d9ef-40b5-ba79-7414923e623f:c6926, 7d686585-d831-45bc-93fc-0a553b604b0e:c6926]
2019-07-08 23:05:21,834 INFO  client.GrpcClientProtocolClient (GrpcClientProtocolClient.java:onNext(255)) - client-CEF4D3493DC0->4ee04582-2825-4055-a051-0465d62eb5ca: receive RaftClientReply:client-CEF4D3493DC0->4ee04582-2825-4055-a051-0465d62eb5ca@group-78E0FE5F723E, cid=4495, SUCCESS, logIndex=6930, commits[4ee04582-2825-4055-a051-0465d62eb5ca:c6930, 97f5b9f0-d9ef-40b5-ba79-7414923e623f:c6926, 7d686585-d831-45bc-93fc-0a553b604b0e:c6926]
2019-07-08 23:05:21,838 INFO  client.GrpcClientProtocolClient (GrpcClientProtocolClient.java:onNext(255)) - client-CEF4D3493DC0->4ee04582-2825-4055-a051-0465d62eb5ca: receive RaftClientReply:client-CEF4D3493DC0->4ee04582-2825-4055-a051-0465d62eb5ca@group-78E0FE5F723E, cid=4496, SUCCESS, logIndex=0, commits[4ee04582-2825-4055-a051-0465d62eb5ca:c6931, 97f5b9f0-d9ef-40b5-ba79-7414923e623f:c6928, 7d686585-d831-45bc-93fc-0a553b604b0e:c6928]
2019-07-08 23:05:21,847 INFO  client.GrpcClientProtocolClient (GrpcClientProtocolClient.java:onNext(255)) - client-CEF4D3493DC0->4ee04582-2825-4055-a051-0465d62eb5ca: receive RaftClientReply:client-CEF4D3493DC0->4ee04582-2825-4055-a051-0465d62eb5ca@group-78E0FE5F723E, cid=4497, SUCCESS, logIndex=6934, commits[4ee04582-2825-4055-a051-0465d62eb5ca:c6935, 97f5b9f0-d9ef-40b5-ba79-7414923e623f:c6933, 7d686585-d831-45bc-93fc-0a553b604b0e:c6933]
2019-07-08 23:05:21,848 INFO  client.GrpcClientProtocolClient (GrpcClientProtocolClient.java:onNext(255)) - client-CEF4D3493DC0->4ee04582-2825-4055-a051-0465d62eb5ca: receive RaftClientReply:client-CEF4D3493DC0->4ee04582-2825-4055-a051-0465d62eb5ca@group-78E0FE5F723E, cid=4498, SUCCESS, logIndex=6935, commits[4ee04582-2825-4055-a051-0465d62eb5ca:c6935, 97f5b9f0-d9ef-40b5-ba79-7414923e623f:c6933, 7d686585-d831-45bc-93fc-0a553b604b0e:c6933]
2019-07-08 23:05:21,864 INFO  client.GrpcClientProtocolClient (GrpcClientProtocolClient.java:onNext(255)) - client-CEF4D3493DC0->4ee04582-2825-4055-a051-0465d62eb5ca: receive RaftClientReply:client-CEF4D3493DC0->4ee04582-2825-4055-a051-0465d62eb5ca@group-78E0FE5F723E, cid=4499, SUCCESS, logIndex=6938, commits[4ee04582-2825-4055-a051-0465d62eb5ca:c6939, 97f5b9f0-d9ef-40b5-ba79-7414923e623f:c6937, 7d686585-d831-45bc-93fc-0a553b604b0e:c6937]
2019-07-08 23:05:21,864 INFO  client.GrpcClientProtocolClient (GrpcClientProtocolClient.java:onNext(255)) - client-CEF4D3493DC0->4ee04582-2825-4055-a051-0465d62eb5ca: receive RaftClientReply:client-CEF4D3493DC0->4ee04582-2825-4055-a051-0465d62eb5ca@group-78E0FE5F723E, cid=4500, SUCCESS, logIndex=6939, commits[4ee04582-2825-4055-a051-0465d62eb5ca:c6939, 97f5b9f0-d9ef-40b5-ba79-7414923e623f:c6937, 7d686585-d831-45bc-93fc-0a553b604b0e:c6937]
2019-07-08 23:05:21,878 INFO  client.GrpcClientProtocolClient (GrpcClientProtocolClient.java:onNext(255)) - client-CEF4D3493DC0->4ee04582-2825-4055-a051-0465d62eb5ca: receive RaftClientReply:client-CEF4D3493DC0->4ee04582-2825-4055-a051-0465d62eb5ca@group-78E0FE5F723E, cid=4501, SUCCESS, logIndex=0, commits[4ee04582-2825-4055-a051-0465d62eb5ca:c6941, 97f5b9f0-d9ef-40b5-ba79-7414923e623f:c6939, 7d686585-d831-45bc-93fc-0a553b604b0e:c6939]
2019-07-08 23:05:21,908 INFO  client.GrpcClientProtocolClient (GrpcClientProtocolClient.java:onNext(255)) - client-CEF4D3493DC0->4ee04582-2825-4055-a051-0465d62eb5ca: receive RaftClientReply:client-CEF4D3493DC0->4ee04582-2825-4055-a051-0465d62eb5ca@group-78E0FE5F723E, cid=4502, SUCCESS, logIndex=6942, commits[4ee04582-2825-4055-a051-0465d62eb5ca:c6943, 97f5b9f0-d9ef-40b5-ba79-7414923e623f:c6941, 7d686585-d831-45bc-93fc-0a553b604b0e:c6941]
2019-07-08 23:05:21,909 INFO  client.GrpcClientProtocolClient (GrpcClientProtocolClient.java:onNext(255)) - client-CEF4D3493DC0->4ee04582-2825-4055-a051-0465d62eb5ca: receive RaftClientReply:client-CEF4D3493DC0->4ee04582-2825-4055-a051-0465d62eb5ca@group-78E0FE5F723E, cid=4503, SUCCESS, logIndex=6943, commits[4ee04582-2825-4055-a051-0465d62eb5ca:c6945, 97f5b9f0-d9ef-40b5-ba79-7414923e623f:c6941, 7d686585-d831-45bc-93fc-0a553b604b0e:c6941]
2019-07-08 23:05:21,909 INFO  client.GrpcClientProtocolClient (GrpcClientProtocolClient.java:onNext(255)) - client-CEF4D3493DC0->4ee04582-2825-4055-a051-0465d62eb5ca: receive RaftClientReply:client-CEF4D3493DC0->4ee04582-2825-4055-a051-0465d62eb5ca@group-78E0FE5F723E, cid=4504, SUCCESS, logIndex=6944, commits[4ee04582-2825-4055-a051-0465d62eb5ca:c6945, 97f5b9f0-d9ef-40b5-ba79-7414923e623f:c6941, 7d686585-d831-45bc-93fc-0a553b604b0e:c6941]
2019-07-08 23:05:21,909 INFO  client.GrpcClientProtocolClient (GrpcClientProtocolClient.java:onNext(255)) - client-CEF4D3493DC0->4ee04582-2825-4055-a051-0465d62eb5ca: receive RaftClientReply:client-CEF4D3493DC0->4ee04582-2825-4055-a051-0465d62eb5ca@group-78E0FE5F723E, cid=4505, SUCCESS, logIndex=6945, commits[4ee04582-2825-4055-a051-0465d62eb5ca:c6945, 97f5b9f0-d9ef-40b5-ba79-7414923e623f:c6941, 7d686585-d831-45bc-93fc-0a553b604b0e:c6941]
2019-07-08 23:05:21,911 INFO  client.GrpcClientProtocolClient (GrpcClientProtocolClient.java:onNext(255)) - client-CEF4D3493DC0->4ee04582-2825-4055-a051-0465d62eb5ca: receive RaftClientReply:client-CEF4D3493DC0->4ee04582-2825-4055-a051-0465d62eb5ca@group-78E0FE5F723E, cid=4506, SUCCESS, logIndex=0, commits[4ee04582-2825-4055-a051-0465d62eb5ca:c6946, 97f5b9f0-d9ef-40b5-ba79-7414923e623f:c6943, 7d686585-d831-45bc-93fc-0a553b604b0e:c6943]
2019-07-08 23:05:21,922 INFO  client.GrpcClientProtocolClient (GrpcClientProtocolClient.java:onNext(255)) - client-CEF4D3493DC0->4ee04582-2825-4055-a051-0465d62eb5ca: receive RaftClientReply:client-CEF4D3493DC0->4ee04582-2825-4055-a051-0465d62eb5ca@group-78E0FE5F723E, cid=4507, SUCCESS, logIndex=6949, commits[4ee04582-2825-4055-a051-0465d62eb5ca:c6950, 97f5b9f0-d9ef-40b5-ba79-7414923e623f:c6948, 7d686585-d831-45bc-93fc-0a553b604b0e:c6945]
2019-07-08 23:05:21,922 INFO  client.GrpcClientProtocolClient (GrpcClientProtocolClient.java:onNext(255)) - client-CEF4D3493DC0->4ee04582-2825-4055-a051-0465d62eb5ca: receive RaftClientReply:client-CEF4D3493DC0->4ee04582-2825-4055-a051-0465d62eb5ca@group-78E0FE5F723E, cid=4508, SUCCESS, logIndex=6950, commits[4ee04582-2825-4055-a051-0465d62eb5ca:c6950, 97f5b9f0-d9ef-40b5-ba79-7414923e623f:c6948, 7d686585-d831-45bc-93fc-0a553b604b0e:c6948]
2019-07-08 23:05:21,939 INFO  client.GrpcClientProtocolClient (GrpcClientProtocolClient.java:onNext(255)) - client-CEF4D3493DC0->4ee04582-2825-4055-a051-0465d62eb5ca: receive RaftClientReply:client-CEF4D3493DC0->4ee04582-2825-4055-a051-0465d62eb5ca@group-78E0FE5F723E, cid=4509, SUCCESS, logIndex=6953, commits[4ee04582-2825-4055-a051-0465d62eb5ca:c6954, 97f5b9f0-d9ef-40b5-ba79-7414923e623f:c6952, 7d686585-d831-45bc-93fc-0a553b604b0e:c6952]
2019-07-08 23:05:21,940 INFO  client.GrpcClientProtocolClient (GrpcClientProtocolClient.java:onNext(255)) - client-CEF4D3493DC0->4ee04582-2825-4055-a051-0465d62eb5ca: receive RaftClientReply:client-CEF4D3493DC0->4ee04582-2825-4055-a051-0465d62eb5ca@group-78E0FE5F723E, cid=4510, SUCCESS, logIndex=6954, commits[4ee04582-2825-4055-a051-0465d62eb5ca:c6954, 97f5b9f0-d9ef-40b5-ba79-7414923e623f:c6952, 7d686585-d831-45bc-93fc-0a553b604b0e:c6952]
2019-07-08 23:05:21,942 INFO  client.GrpcClientProtocolClient (GrpcClientProtocolClient.java:onNext(255)) - client-CEF4D3493DC0->4ee04582-2825-4055-a051-0465d62eb5ca: receive RaftClientReply:client-CEF4D3493DC0->4ee04582-2825-4055-a051-0465d62eb5ca@group-78E0FE5F723E, cid=4511, SUCCESS, logIndex=0, commits[4ee04582-2825-4055-a051-0465d62eb5ca:c6955, 97f5b9f0-d9ef-40b5-ba79-7414923e623f:c6954, 7d686585-d831-45bc-93fc-0a553b604b0e:c6954]
2019-07-08 23:05:21,965 INFO  client.GrpcClientProtocolClient (GrpcClientProtocolClient.java:onNext(255)) - client-CEF4D3493DC0->4ee04582-2825-4055-a051-0465d62eb5ca: receive RaftClientReply:client-CEF4D3493DC0->4ee04582-2825-4055-a051-0465d62eb5ca@group-78E0FE5F723E, cid=4512, SUCCESS, logIndex=6957, commits[4ee04582-2825-4055-a051-0465d62eb5ca:c6958, 97f5b9f0-d9ef-40b5-ba79-7414923e623f:c6956, 7d686585-d831-45bc-93fc-0a553b604b0e:c6954]
2019-07-08 23:05:21,965 INFO  client.GrpcClientProtocolClient (GrpcClientProtocolClient.java:onNext(255)) - client-CEF4D3493DC0->4ee04582-2825-4055-a051-0465d62eb5ca: receive RaftClientReply:client-CEF4D3493DC0->4ee04582-2825-4055-a051-0465d62eb5ca@group-78E0FE5F723E, cid=4513, SUCCESS, logIndex=6958, commits[4ee04582-2825-4055-a051-0465d62eb5ca:c6958, 97f5b9f0-d9ef-40b5-ba79-7414923e623f:c6956, 7d686585-d831-45bc-93fc-0a553b604b0e:c6954]
2019-07-08 23:05:21,967 INFO  client.GrpcClientProtocolClient (GrpcClientProtocolClient.java:onNext(255)) - client-CEF4D3493DC0->4ee04582-2825-4055-a051-0465d62eb5ca: receive RaftClientReply:client-CEF4D3493DC0->4ee04582-2825-4055-a051-0465d62eb5ca@group-78E0FE5F723E, cid=4514, SUCCESS, logIndex=6959, commits[4ee04582-2825-4055-a051-0465d62eb5ca:c6960, 97f5b9f0-d9ef-40b5-ba79-7414923e623f:c6956, 7d686585-d831-45bc-93fc-0a553b604b0e:c6956]
2019-07-08 23:05:21,968 INFO  client.GrpcClientProtocolClient (GrpcClientProtocolClient.java:onNext(255)) - client-CEF4D3493DC0->4ee04582-2825-4055-a051-0465d62eb5ca: receive RaftClientReply:client-CEF4D3493DC0->4ee04582-2825-4055-a051-0465d62eb5ca@group-78E0FE5F723E, cid=4515, SUCCESS, logIndex=6960, commits[4ee04582-2825-4055-a051-0465d62eb5ca:c6962, 97f5b9f0-d9ef-40b5-ba79-7414923e623f:c6958, 7d686585-d831-45bc-93fc-0a553b604b0e:c6956]
2019-07-08 23:05:21,969 INFO  client.GrpcClientProtocolClient (GrpcClientProtocolClient.java:onNext(255)) - client-CEF4D3493DC0->4ee04582-2825-4055-a051-0465d62eb5ca: receive RaftClientReply:client-CEF4D3493DC0->4ee04582-2825-4055-a051-0465d62eb5ca@group-78E0FE5F723E, cid=4516, SUCCESS, logIndex=0, commits[4ee04582-2825-4055-a051-0465d62eb5ca:c6963, 97f5b9f0-d9ef-40b5-ba79-7414923e623f:c6959, 7d686585-d831-45bc-93fc-0a553b604b0e:c6958]
2019-07-08 23:05:21,981 INFO  client.GrpcClientProtocolClient (GrpcClientProtocolClient.java:onNext(255)) - client-CEF4D3493DC0->4ee04582-2825-4055-a051-0465d62eb5ca: receive RaftClientReply:client-CEF4D3493DC0->4ee04582-2825-4055-a051-0465d62eb5ca@group-78E0FE5F723E, cid=4517, SUCCESS, logIndex=6965, commits[4ee04582-2825-4055-a051-0465d62eb5ca:c6966, 97f5b9f0-d9ef-40b5-ba79-7414923e623f:c6964, 7d686585-d831-45bc-93fc-0a553b604b0e:c6964]
2019-07-08 23:05:21,982 INFO  client.GrpcClientProtocolClient (GrpcClientProtocolClient.java:onNext(255)) - client-CEF4D3493DC0->4ee04582-2825-4055-a051-0465d62eb5ca: receive RaftClientReply:client-CEF4D3493DC0->4ee04582-2825-4055-a051-0465d62eb5ca@group-78E0FE5F723E, cid=4518, SUCCESS, logIndex=6966, commits[4ee04582-2825-4055-a051-0465d62eb5ca:c6966, 97f5b9f0-d9ef-40b5-ba79-7414923e623f:c6964, 7d686585-d831-45bc-93fc-0a553b604b0e:c6964]
2019-07-08 23:05:22,001 INFO  client.GrpcClientProtocolClient (GrpcClientProtocolClient.java:onNext(255)) - client-CEF4D3493DC0->4ee04582-2825-4055-a051-0465d62eb5ca: receive RaftClientReply:client-CEF4D3493DC0->4ee04582-2825-4055-a051-0465d62eb5ca@group-78E0FE5F723E, cid=4519, SUCCESS, logIndex=6968, commits[4ee04582-2825-4055-a051-0465d62eb5ca:c6969, 97f5b9f0-d9ef-40b5-ba79-7414923e623f:c6967, 7d686585-d831-45bc-93fc-0a553b604b0e:c6967]
2019-07-08 23:05:22,002 INFO  client.GrpcClientProtocolClient (GrpcClientProtocolClient.java:onNext(255)) - client-CEF4D3493DC0->4ee04582-2825-4055-a051-0465d62eb5ca: receive RaftClientReply:client-CEF4D3493DC0->4ee04582-2825-4055-a051-0465d62eb5ca@group-78E0FE5F723E, cid=4520, SUCCESS, logIndex=6969, commits[4ee04582-2825-4055-a051-0465d62eb5ca:c6969, 97f5b9f0-d9ef-40b5-ba79-7414923e623f:c6967, 7d686585-d831-45bc-93fc-0a553b604b0e:c6967]
2019-07-08 23:05:22,004 INFO  client.GrpcClientProtocolClient (GrpcClientProtocolClient.java:onNext(255)) - client-CEF4D3493DC0->4ee04582-2825-4055-a051-0465d62eb5ca: receive RaftClientReply:client-CEF4D3493DC0->4ee04582-2825-4055-a051-0465d62eb5ca@group-78E0FE5F723E, cid=4521, SUCCESS, logIndex=0, commits[4ee04582-2825-4055-a051-0465d62eb5ca:c6970, 97f5b9f0-d9ef-40b5-ba79-7414923e623f:c6969, 7d686585-d831-45bc-93fc-0a553b604b0e:c6969]
2019-07-08 23:05:22,034 INFO  client.GrpcClientProtocolClient (GrpcClientProtocolClient.java:onNext(255)) - client-CEF4D3493DC0->4ee04582-2825-4055-a051-0465d62eb5ca: receive RaftClientReply:client-CEF4D3493DC0->4ee04582-2825-4055-a051-0465d62eb5ca@group-78E0FE5F723E, cid=4522, SUCCESS, logIndex=6971, commits[4ee04582-2825-4055-a051-0465d62eb5ca:c6972, 97f5b9f0-d9ef-40b5-ba79-7414923e623f:c6970, 7d686585-d831-45bc-93fc-0a553b604b0e:c6970]
2019-07-08 23:05:22,035 INFO  client.GrpcClientProtocolClient (GrpcClientProtocolClient.java:onNext(255)) - client-CEF4D3493DC0->4ee04582-2825-4055-a051-0465d62eb5ca: receive RaftClientReply:client-CEF4D3493DC0->4ee04582-2825-4055-a051-0465d62eb5ca@group-78E0FE5F723E, cid=4523, SUCCESS, logIndex=6972, commits[4ee04582-2825-4055-a051-0465d62eb5ca:c6972, 97f5b9f0-d9ef-40b5-ba79-7414923e623f:c6970, 7d686585-d831-45bc-93fc-0a553b604b0e:c6970]
2019-07-08 23:05:22,036 INFO  client.GrpcClientProtocolClient (GrpcClientProtocolClient.java:onNext(255)) - client-CEF4D3493DC0->4ee04582-2825-4055-a051-0465d62eb5ca: receive RaftClientReply:client-CEF4D3493DC0->4ee04582-2825-4055-a051-0465d62eb5ca@group-78E0FE5F723E, cid=4524, SUCCESS, logIndex=6973, commits[4ee04582-2825-4055-a051-0465d62eb5ca:c6975, 97f5b9f0-d9ef-40b5-ba79-7414923e623f:c6970, 7d686585-d831-45bc-93fc-0a553b604b0e:c6972]
2019-07-08 23:05:22,037 INFO  client.GrpcClientProtocolClient (GrpcClientProtocolClient.java:onNext(255)) - client-CEF4D3493DC0->4ee04582-2825-4055-a051-0465d62eb5ca: receive RaftClientReply:client-CEF4D3493DC0->4ee04582-2825-4055-a051-0465d62eb5ca@group-78E0FE5F723E, cid=4525, SUCCESS, logIndex=6974, commits[4ee04582-2825-4055-a051-0465d62eb5ca:c6975, 97f5b9f0-d9ef-40b5-ba79-7414923e623f:c6970, 7d686585-d831-45bc-93fc-0a553b604b0e:c6972]
2019-07-08 23:05:22,037 INFO  client.GrpcClientProtocolClient (GrpcClientProtocolClient.java:onNext(255)) - client-CEF4D3493DC0->4ee04582-2825-4055-a051-0465d62eb5ca: receive RaftClientReply:client-CEF4D3493DC0->4ee04582-2825-4055-a051-0465d62eb5ca@group-78E0FE5F723E, cid=4526, SUCCESS, logIndex=0, commits[4ee04582-2825-4055-a051-0465d62eb5ca:c6975, 97f5b9f0-d9ef-40b5-ba79-7414923e623f:c6972, 7d686585-d831-45bc-93fc-0a553b604b0e:c6972]
2019-07-08 23:05:22,050 INFO  client.GrpcClientProtocolClient (GrpcClientProtocolClient.java:onNext(255)) - client-CEF4D3493DC0->4ee04582-2825-4055-a051-0465d62eb5ca: receive RaftClientReply:client-CEF4D3493DC0->4ee04582-2825-4055-a051-0465d62eb5ca@group-78E0FE5F723E, cid=4527, SUCCESS, logIndex=6978, commits[4ee04582-2825-4055-a051-0465d62eb5ca:c6979, 97f5b9f0-d9ef-40b5-ba79-7414923e623f:c6975, 7d686585-d831-45bc-93fc-0a553b604b0e:c6977]
2019-07-08 23:05:22,051 INFO  client.GrpcClientProtocolClient (GrpcClientProtocolClient.java:onNext(255)) - client-CEF4D3493DC0->4ee04582-2825-4055-a051-0465d62eb5ca: receive RaftClientReply:client-CEF4D3493DC0->4ee04582-2825-4055-a051-0465d62eb5ca@group-78E0FE5F723E, cid=4528, SUCCESS, logIndex=6979, commits[4ee04582-2825-4055-a051-0465d62eb5ca:c6979, 97f5b9f0-d9ef-40b5-ba79-7414923e623f:c6977, 7d686585-d831-45bc-93fc-0a553b604b0e:c6977]
2019-07-08 23:05:22,070 INFO  client.GrpcClientProtocolClient (GrpcClientProtocolClient.java:onNext(255)) - client-CEF4D3493DC0->4ee04582-2825-4055-a051-0465d62eb5ca: receive RaftClientReply:client-CEF4D3493DC0->4ee04582-2825-4055-a051-0465d62eb5ca@group-78E0FE5F723E, cid=4529, SUCCESS, logIndex=6981, commits[4ee04582-2825-4055-a051-0465d62eb5ca:c6982, 97f5b9f0-d9ef-40b5-ba79-7414923e623f:c6980, 7d686585-d831-45bc-93fc-0a553b604b0e:c6980]
2019-07-08 23:05:22,070 INFO  client.GrpcClientProtocolClient (GrpcClientProtocolClient.java:onNext(255)) - client-CEF4D3493DC0->4ee04582-2825-4055-a051-0465d62eb5ca: receive RaftClientReply:client-CEF4D3493DC0->4ee04582-2825-4055-a051-0465d62eb5ca@group-78E0FE5F723E, cid=4530, SUCCESS, logIndex=6982, commits[4ee04582-2825-4055-a051-0465d62eb5ca:c6982, 97f5b9f0-d9ef-40b5-ba79-7414923e623f:c6980, 7d686585-d831-45bc-93fc-0a553b604b0e:c6980]
2019-07-08 23:05:22,075 INFO  client.GrpcClientProtocolClient (GrpcClientProtocolClient.java:onNext(255)) - client-CEF4D3493DC0->4ee04582-2825-4055-a051-0465d62eb5ca: receive RaftClientReply:client-CEF4D3493DC0->4ee04582-2825-4055-a051-0465d62eb5ca@group-78E0FE5F723E, cid=4531, SUCCESS, logIndex=0, commits[4ee04582-2825-4055-a051-0465d62eb5ca:c6984, 97f5b9f0-d9ef-40b5-ba79-7414923e623f:c6982, 7d686585-d831-45bc-93fc-0a553b604b0e:c6982]
2019-07-08 23:05:22,101 INFO  client.GrpcClientProtocolClient (GrpcClientProtocolClient.java:onNext(255)) - client-CEF4D3493DC0->4ee04582-2825-4055-a051-0465d62eb5ca: receive RaftClientReply:client-CEF4D3493DC0->4ee04582-2825-4055-a051-0465d62eb5ca@group-78E0FE5F723E, cid=4532, SUCCESS, logIndex=6985, commits[4ee04582-2825-4055-a051-0465d62eb5ca:c6986, 97f5b9f0-d9ef-40b5-ba79-7414923e623f:c6982, 7d686585-d831-45bc-93fc-0a553b604b0e:c6984]
2019-07-08 23:05:22,101 INFO  client.GrpcClientProtocolClient (GrpcClientProtocolClient.java:onNext(255)) - client-CEF4D3493DC0->4ee04582-2825-4055-a051-0465d62eb5ca: receive RaftClientReply:client-CEF4D3493DC0->4ee04582-2825-4055-a051-0465d62eb5ca@group-78E0FE5F723E, cid=4533, SUCCESS, logIndex=6986, commits[4ee04582-2825-4055-a051-0465d62eb5ca:c6986, 97f5b9f0-d9ef-40b5-ba79-7414923e623f:c6982, 7d686585-d831-45bc-93fc-0a553b604b0e:c6984]
2019-07-08 23:05:22,103 INFO  client.GrpcClientProtocolClient (GrpcClientProtocolClient.java:onNext(255)) - client-CEF4D3493DC0->4ee04582-2825-4055-a051-0465d62eb5ca: receive RaftClientReply:client-CEF4D3493DC0->4ee04582-2825-4055-a051-0465d62eb5ca@group-78E0FE5F723E, cid=4534, SUCCESS, logIndex=6987, commits[4ee04582-2825-4055-a051-0465d62eb5ca:c6988, 97f5b9f0-d9ef-40b5-ba79-7414923e623f:c6984, 7d686585-d831-45bc-93fc-0a553b604b0e:c6984]
2019-07-08 23:05:22,103 INFO  client.GrpcClientProtocolClient (GrpcClientProtocolClient.java:onNext(255)) - client-CEF4D3493DC0->4ee04582-2825-4055-a051-0465d62eb5ca: receive RaftClientReply:client-CEF4D3493DC0->4ee04582-2825-4055-a051-0465d62eb5ca@group-78E0FE5F723E, cid=4535, SUCCESS, logIndex=6988, commits[4ee04582-2825-4055-a051-0465d62eb5ca:c6988, 97f5b9f0-d9ef-40b5-ba79-7414923e623f:c6984, 7d686585-d831-45bc-93fc-0a553b604b0e:c6986]
2019-07-08 23:05:22,106 INFO  client.GrpcClientProtocolClient (GrpcClientProtocolClient.java:onNext(255)) - client-CEF4D3493DC0->4ee04582-2825-4055-a051-0465d62eb5ca: receive RaftClientReply:client-CEF4D3493DC0->4ee04582-2825-4055-a051-0465d62eb5ca@group-78E0FE5F723E, cid=4536, SUCCESS, logIndex=0, commits[4ee04582-2825-4055-a051-0465d62eb5ca:c6990, 97f5b9f0-d9ef-40b5-ba79-7414923e623f:c6986, 7d686585-d831-45bc-93fc-0a553b604b0e:c6986]
2019-07-08 23:05:22,119 INFO  client.GrpcClientProtocolClient (GrpcClientProtocolClient.java:onNext(255)) - client-CEF4D3493DC0->4ee04582-2825-4055-a051-0465d62eb5ca: receive RaftClientReply:client-CEF4D3493DC0->4ee04582-2825-4055-a051-0465d62eb5ca@group-78E0FE5F723E, cid=4537, SUCCESS, logIndex=6993, commits[4ee04582-2825-4055-a051-0465d62eb5ca:c6994, 97f5b9f0-d9ef-40b5-ba79-7414923e623f:c6992, 7d686585-d831-45bc-93fc-0a553b604b0e:c6988]
2019-07-08 23:05:22,119 INFO  client.GrpcClientProtocolClient (GrpcClientProtocolClient.java:onNext(255)) - client-CEF4D3493DC0->4ee04582-2825-4055-a051-0465d62eb5ca: receive RaftClientReply:client-CEF4D3493DC0->4ee04582-2825-4055-a051-0465d62eb5ca@group-78E0FE5F723E, cid=4538, SUCCESS, logIndex=6994, commits[4ee04582-2825-4055-a051-0465d62eb5ca:c6994, 97f5b9f0-d9ef-40b5-ba79-7414923e623f:c6992, 7d686585-d831-45bc-93fc-0a553b604b0e:c6992]
2019-07-08 23:05:22,132 INFO  client.GrpcClientProtocolClient (GrpcClientProtocolClient.java:onNext(255)) - client-CEF4D3493DC0->4ee04582-2825-4055-a051-0465d62eb5ca: receive RaftClientReply:client-CEF4D3493DC0->4ee04582-2825-4055-a051-0465d62eb5ca@group-78E0FE5F723E, cid=4539, SUCCESS, logIndex=6997, commits[4ee04582-2825-4055-a051-0465d62eb5ca:c6998, 97f5b9f0-d9ef-40b5-ba79-7414923e623f:c6996, 7d686585-d831-45bc-93fc-0a553b604b0e:c6994]
2019-07-08 23:05:22,132 INFO  client.GrpcClientProtocolClient (GrpcClientProtocolClient.java:onNext(255)) - client-CEF4D3493DC0->4ee04582-2825-4055-a051-0465d62eb5ca: receive RaftClientReply:client-CEF4D3493DC0->4ee04582-2825-4055-a051-0465d62eb5ca@group-78E0FE5F723E, cid=4540, SUCCESS, logIndex=6998, commits[4ee04582-2825-4055-a051-0465d62eb5ca:c6998, 97f5b9f0-d9ef-40b5-ba79-7414923e623f:c6996, 7d686585-d831-45bc-93fc-0a553b604b0e:c6996]
2019-07-08 23:05:22,136 INFO  client.GrpcClientProtocolClient (GrpcClientProtocolClient.java:onNext(255)) - client-CEF4D3493DC0->4ee04582-2825-4055-a051-0465d62eb5ca: receive RaftClientReply:client-CEF4D3493DC0->4ee04582-2825-4055-a051-0465d62eb5ca@group-78E0FE5F723E, cid=4541, SUCCESS, logIndex=0, commits[4ee04582-2825-4055-a051-0465d62eb5ca:c6999, 97f5b9f0-d9ef-40b5-ba79-7414923e623f:c6998, 7d686585-d831-45bc-93fc-0a553b604b0e:c6998]
 0.00% |█                                                                                                    |  0/1 Time: 0:00:312019-07-08 23:05:22,290 INFO  client.GrpcClientProtocolClient (GrpcClientProtocolClient.java:onNext(255)) - client-CEF4D3493DC0->4ee04582-2825-4055-a051-0465d62eb5ca: receive RaftClientReply:client-CEF4D3493DC0->4ee04582-2825-4055-a051-0465d62eb5ca@group-78E0FE5F723E, cid=4542, SUCCESS, logIndex=7001, commits[4ee04582-2825-4055-a051-0465d62eb5ca:c7002, 97f5b9f0-d9ef-40b5-ba79-7414923e623f:c7000, 7d686585-d831-45bc-93fc-0a553b604b0e:c7000]
2019-07-08 23:05:22,291 INFO  client.GrpcClientProtocolClient (GrpcClientProtocolClient.java:onNext(255)) - client-CEF4D3493DC0->4ee04582-2825-4055-a051-0465d62eb5ca: receive RaftClientReply:client-CEF4D3493DC0->4ee04582-2825-4055-a051-0465d62eb5ca@group-78E0FE5F723E, cid=4543, SUCCESS, logIndex=7002, commits[4ee04582-2825-4055-a051-0465d62eb5ca:c7002, 97f5b9f0-d9ef-40b5-ba79-7414923e623f:c7000, 7d686585-d831-45bc-93fc-0a553b604b0e:c7000]
2019-07-08 23:05:22,291 INFO  client.GrpcClientProtocolClient (GrpcClientProtocolClient.java:onNext(255)) - client-CEF4D3493DC0->4ee04582-2825-4055-a051-0465d62eb5ca: receive RaftClientReply:client-CEF4D3493DC0->4ee04582-2825-4055-a051-0465d62eb5ca@group-78E0FE5F723E, cid=4544, SUCCESS, logIndex=7003, commits[4ee04582-2825-4055-a051-0465d62eb5ca:c7004, 97f5b9f0-d9ef-40b5-ba79-7414923e623f:c7000, 7d686585-d831-45bc-93fc-0a553b604b0e:c7000]
2019-07-08 23:05:22,292 INFO  client.GrpcClientProtocolClient (GrpcClientProtocolClient.java:onNext(255)) - client-CEF4D3493DC0->4ee04582-2825-4055-a051-0465d62eb5ca: receive RaftClientReply:client-CEF4D3493DC0->4ee04582-2825-4055-a051-0465d62eb5ca@group-78E0FE5F723E, cid=4545, SUCCESS, logIndex=7004, commits[4ee04582-2825-4055-a051-0465d62eb5ca:c7004, 97f5b9f0-d9ef-40b5-ba79-7414923e623f:c7000, 7d686585-d831-45bc-93fc-0a553b604b0e:c7000]
2019-07-08 23:05:22,293 INFO  client.GrpcClientProtocolClient (GrpcClientProtocolClient.java:onNext(255)) - client-CEF4D3493DC0->4ee04582-2825-4055-a051-0465d62eb5ca: receive RaftClientReply:client-CEF4D3493DC0->4ee04582-2825-4055-a051-0465d62eb5ca@group-78E0FE5F723E, cid=4546, SUCCESS, logIndex=0, commits[4ee04582-2825-4055-a051-0465d62eb5ca:c7006, 97f5b9f0-d9ef-40b5-ba79-7414923e623f:c7002, 7d686585-d831-45bc-93fc-0a553b604b0e:c7002]
2019-07-08 23:05:22,308 INFO  client.GrpcClientProtocolClient (GrpcClientProtocolClient.java:onNext(255)) - client-CEF4D3493DC0->4ee04582-2825-4055-a051-0465d62eb5ca: receive RaftClientReply:client-CEF4D3493DC0->4ee04582-2825-4055-a051-0465d62eb5ca@group-78E0FE5F723E, cid=4547, SUCCESS, logIndex=7009, commits[4ee04582-2825-4055-a051-0465d62eb5ca:c7010, 97f5b9f0-d9ef-40b5-ba79-7414923e623f:c7008, 7d686585-d831-45bc-93fc-0a553b604b0e:c7008]
2019-07-08 23:05:22,308 INFO  client.GrpcClientProtocolClient (GrpcClientProtocolClient.java:onNext(255)) - client-CEF4D3493DC0->4ee04582-2825-4055-a051-0465d62eb5ca: receive RaftClientReply:client-CEF4D3493DC0->4ee04582-2825-4055-a051-0465d62eb5ca@group-78E0FE5F723E, cid=4548, SUCCESS, logIndex=7010, commits[4ee04582-2825-4055-a051-0465d62eb5ca:c7010, 97f5b9f0-d9ef-40b5-ba79-7414923e623f:c7008, 7d686585-d831-45bc-93fc-0a553b604b0e:c7008]
2019-07-08 23:05:22,322 INFO  client.GrpcClientProtocolClient (GrpcClientProtocolClient.java:onNext(255)) - client-CEF4D3493DC0->4ee04582-2825-4055-a051-0465d62eb5ca: receive RaftClientReply:client-CEF4D3493DC0->4ee04582-2825-4055-a051-0465d62eb5ca@group-78E0FE5F723E, cid=4549, SUCCESS, logIndex=7013, commits[4ee04582-2825-4055-a051-0465d62eb5ca:c7014, 97f5b9f0-d9ef-40b5-ba79-7414923e623f:c7012, 7d686585-d831-45bc-93fc-0a553b604b0e:c7010]
2019-07-08 23:05:22,322 INFO  client.GrpcClientProtocolClient (GrpcClientProtocolClient.java:onNext(255)) - client-CEF4D3493DC0->4ee04582-2825-4055-a051-0465d62eb5ca: receive RaftClientReply:client-CEF4D3493DC0->4ee04582-2825-4055-a051-0465d62eb5ca@group-78E0FE5F723E, cid=4550, SUCCESS, logIndex=7014, commits[4ee04582-2825-4055-a051-0465d62eb5ca:c7014, 97f5b9f0-d9ef-40b5-ba79-7414923e623f:c7012, 7d686585-d831-45bc-93fc-0a553b604b0e:c7012]
2019-07-08 23:05:22,324 INFO  client.GrpcClientProtocolClient (GrpcClientProtocolClient.java:onNext(255)) - client-CEF4D3493DC0->4ee04582-2825-4055-a051-0465d62eb5ca: receive RaftClientReply:client-CEF4D3493DC0->4ee04582-2825-4055-a051-0465d62eb5ca@group-78E0FE5F723E, cid=4551, SUCCESS, logIndex=0, commits[4ee04582-2825-4055-a051-0465d62eb5ca:c7015, 97f5b9f0-d9ef-40b5-ba79-7414923e623f:c7014, 7d686585-d831-45bc-93fc-0a553b604b0e:c7014]
2019-07-08 23:05:22,360 INFO  client.GrpcClientProtocolClient (GrpcClientProtocolClient.java:onNext(255)) - client-CEF4D3493DC0->4ee04582-2825-4055-a051-0465d62eb5ca: receive RaftClientReply:client-CEF4D3493DC0->4ee04582-2825-4055-a051-0465d62eb5ca@group-78E0FE5F723E, cid=4552, SUCCESS, logIndex=7017, commits[4ee04582-2825-4055-a051-0465d62eb5ca:c7018, 97f5b9f0-d9ef-40b5-ba79-7414923e623f:c7016, 7d686585-d831-45bc-93fc-0a553b604b0e:c7016]
2019-07-08 23:05:22,360 INFO  client.GrpcClientProtocolClient (GrpcClientProtocolClient.java:onNext(255)) - client-CEF4D3493DC0->4ee04582-2825-4055-a051-0465d62eb5ca: receive RaftClientReply:client-CEF4D3493DC0->4ee04582-2825-4055-a051-0465d62eb5ca@group-78E0FE5F723E, cid=4553, SUCCESS, logIndex=7018, commits[4ee04582-2825-4055-a051-0465d62eb5ca:c7020, 97f5b9f0-d9ef-40b5-ba79-7414923e623f:c7016, 7d686585-d831-45bc-93fc-0a553b604b0e:c7016]
2019-07-08 23:05:22,361 INFO  client.GrpcClientProtocolClient (GrpcClientProtocolClient.java:onNext(255)) - client-CEF4D3493DC0->4ee04582-2825-4055-a051-0465d62eb5ca: receive RaftClientReply:client-CEF4D3493DC0->4ee04582-2825-4055-a051-0465d62eb5ca@group-78E0FE5F723E, cid=4554, SUCCESS, logIndex=7019, commits[4ee04582-2825-4055-a051-0465d62eb5ca:c7020, 97f5b9f0-d9ef-40b5-ba79-7414923e623f:c7016, 7d686585-d831-45bc-93fc-0a553b604b0e:c7016]
2019-07-08 23:05:22,361 INFO  client.GrpcClientProtocolClient (GrpcClientProtocolClient.java:onNext(255)) - client-CEF4D3493DC0->4ee04582-2825-4055-a051-0465d62eb5ca: receive RaftClientReply:client-CEF4D3493DC0->4ee04582-2825-4055-a051-0465d62eb5ca@group-78E0FE5F723E, cid=4555, SUCCESS, logIndex=7020, commits[4ee04582-2825-4055-a051-0465d62eb5ca:c7020, 97f5b9f0-d9ef-40b5-ba79-7414923e623f:c7016, 7d686585-d831-45bc-93fc-0a553b604b0e:c7016]
2019-07-08 23:05:22,367 INFO  client.GrpcClientProtocolClient (GrpcClientProtocolClient.java:onNext(255)) - client-CEF4D3493DC0->4ee04582-2825-4055-a051-0465d62eb5ca: receive RaftClientReply:client-CEF4D3493DC0->4ee04582-2825-4055-a051-0465d62eb5ca@group-78E0FE5F723E, cid=4556, SUCCESS, logIndex=0, commits[4ee04582-2825-4055-a051-0465d62eb5ca:c7022, 97f5b9f0-d9ef-40b5-ba79-7414923e623f:c7018, 7d686585-d831-45bc-93fc-0a553b604b0e:c7018]
2019-07-08 23:05:22,385 INFO  client.GrpcClientProtocolClient (GrpcClientProtocolClient.java:onNext(255)) - client-CEF4D3493DC0->4ee04582-2825-4055-a051-0465d62eb5ca: receive RaftClientReply:client-CEF4D3493DC0->4ee04582-2825-4055-a051-0465d62eb5ca@group-78E0FE5F723E, cid=4557, SUCCESS, logIndex=7024, commits[4ee04582-2825-4055-a051-0465d62eb5ca:c7025, 97f5b9f0-d9ef-40b5-ba79-7414923e623f:c7023, 7d686585-d831-45bc-93fc-0a553b604b0e:c7023]
2019-07-08 23:05:22,386 INFO  client.GrpcClientProtocolClient (GrpcClientProtocolClient.java:onNext(255)) - client-CEF4D3493DC0->4ee04582-2825-4055-a051-0465d62eb5ca: receive RaftClientReply:client-CEF4D3493DC0->4ee04582-2825-4055-a051-0465d62eb5ca@group-78E0FE5F723E, cid=4558, SUCCESS, logIndex=7025, commits[4ee04582-2825-4055-a051-0465d62eb5ca:c7025, 97f5b9f0-d9ef-40b5-ba79-7414923e623f:c7023, 7d686585-d831-45bc-93fc-0a553b604b0e:c7023]
2019-07-08 23:05:22,398 INFO  client.GrpcClientProtocolClient (GrpcClientProtocolClient.java:onNext(255)) - client-CEF4D3493DC0->4ee04582-2825-4055-a051-0465d62eb5ca: receive RaftClientReply:client-CEF4D3493DC0->4ee04582-2825-4055-a051-0465d62eb5ca@group-78E0FE5F723E, cid=4559, SUCCESS, logIndex=7028, commits[4ee04582-2825-4055-a051-0465d62eb5ca:c7029, 97f5b9f0-d9ef-40b5-ba79-7414923e623f:c7027, 7d686585-d831-45bc-93fc-0a553b604b0e:c7025]
2019-07-08 23:05:22,399 INFO  client.GrpcClientProtocolClient (GrpcClientProtocolClient.java:onNext(255)) - client-CEF4D3493DC0->4ee04582-2825-4055-a051-0465d62eb5ca: receive RaftClientReply:client-CEF4D3493DC0->4ee04582-2825-4055-a051-0465d62eb5ca@group-78E0FE5F723E, cid=4560, SUCCESS, logIndex=7029, commits[4ee04582-2825-4055-a051-0465d62eb5ca:c7029, 97f5b9f0-d9ef-40b5-ba79-7414923e623f:c7027, 7d686585-d831-45bc-93fc-0a553b604b0e:c7027]
2019-07-08 23:05:22,402 INFO  client.GrpcClientProtocolClient (GrpcClientProtocolClient.java:onNext(255)) - client-CEF4D3493DC0->4ee04582-2825-4055-a051-0465d62eb5ca: receive RaftClientReply:client-CEF4D3493DC0->4ee04582-2825-4055-a051-0465d62eb5ca@group-78E0FE5F723E, cid=4561, SUCCESS, logIndex=0, commits[4ee04582-2825-4055-a051-0465d62eb5ca:c7030, 97f5b9f0-d9ef-40b5-ba79-7414923e623f:c7029, 7d686585-d831-45bc-93fc-0a553b604b0e:c7029]
2019-07-08 23:05:22,430 INFO  client.GrpcClientProtocolClient (GrpcClientProtocolClient.java:onNext(255)) - client-CEF4D3493DC0->4ee04582-2825-4055-a051-0465d62eb5ca: receive RaftClientReply:client-CEF4D3493DC0->4ee04582-2825-4055-a051-0465d62eb5ca@group-78E0FE5F723E, cid=4562, SUCCESS, logIndex=7032, commits[4ee04582-2825-4055-a051-0465d62eb5ca:c7033, 97f5b9f0-d9ef-40b5-ba79-7414923e623f:c7031, 7d686585-d831-45bc-93fc-0a553b604b0e:c7029]
2019-07-08 23:05:22,430 INFO  client.GrpcClientProtocolClient (GrpcClientProtocolClient.java:onNext(255)) - client-CEF4D3493DC0->4ee04582-2825-4055-a051-0465d62eb5ca: receive RaftClientReply:client-CEF4D3493DC0->4ee04582-2825-4055-a051-0465d62eb5ca@group-78E0FE5F723E, cid=4563, SUCCESS, logIndex=7033, commits[4ee04582-2825-4055-a051-0465d62eb5ca:c7033, 97f5b9f0-d9ef-40b5-ba79-7414923e623f:c7031, 7d686585-d831-45bc-93fc-0a553b604b0e:c7031]
2019-07-08 23:05:22,430 INFO  client.GrpcClientProtocolClient (GrpcClientProtocolClient.java:onNext(255)) - client-CEF4D3493DC0->4ee04582-2825-4055-a051-0465d62eb5ca: receive RaftClientReply:client-CEF4D3493DC0->4ee04582-2825-4055-a051-0465d62eb5ca@group-78E0FE5F723E, cid=4564, SUCCESS, logIndex=7034, commits[4ee04582-2825-4055-a051-0465d62eb5ca:c7035, 97f5b9f0-d9ef-40b5-ba79-7414923e623f:c7031, 7d686585-d831-45bc-93fc-0a553b604b0e:c7031]
2019-07-08 23:05:22,431 INFO  client.GrpcClientProtocolClient (GrpcClientProtocolClient.java:onNext(255)) - client-CEF4D3493DC0->4ee04582-2825-4055-a051-0465d62eb5ca: receive RaftClientReply:client-CEF4D3493DC0->4ee04582-2825-4055-a051-0465d62eb5ca@group-78E0FE5F723E, cid=4565, SUCCESS, logIndex=7035, commits[4ee04582-2825-4055-a051-0465d62eb5ca:c7035, 97f5b9f0-d9ef-40b5-ba79-7414923e623f:c7031, 7d686585-d831-45bc-93fc-0a553b604b0e:c7031]
2019-07-08 23:05:22,433 INFO  client.GrpcClientProtocolClient (GrpcClientProtocolClient.java:onNext(255)) - client-CEF4D3493DC0->4ee04582-2825-4055-a051-0465d62eb5ca: receive RaftClientReply:client-CEF4D3493DC0->4ee04582-2825-4055-a051-0465d62eb5ca@group-78E0FE5F723E, cid=4566, SUCCESS, logIndex=0, commits[4ee04582-2825-4055-a051-0465d62eb5ca:c7036, 97f5b9f0-d9ef-40b5-ba79-7414923e623f:c7033, 7d686585-d831-45bc-93fc-0a553b604b0e:c7033]
2019-07-08 23:05:22,448 INFO  client.GrpcClientProtocolClient (GrpcClientProtocolClient.java:onNext(255)) - client-CEF4D3493DC0->4ee04582-2825-4055-a051-0465d62eb5ca: receive RaftClientReply:client-CEF4D3493DC0->4ee04582-2825-4055-a051-0465d62eb5ca@group-78E0FE5F723E, cid=4567, SUCCESS, logIndex=7040, commits[4ee04582-2825-4055-a051-0465d62eb5ca:c7041, 97f5b9f0-d9ef-40b5-ba79-7414923e623f:c7039, 7d686585-d831-45bc-93fc-0a553b604b0e:c7039]
2019-07-08 23:05:22,449 INFO  client.GrpcClientProtocolClient (GrpcClientProtocolClient.java:onNext(255)) - client-CEF4D3493DC0->4ee04582-2825-4055-a051-0465d62eb5ca: receive RaftClientReply:client-CEF4D3493DC0->4ee04582-2825-4055-a051-0465d62eb5ca@group-78E0FE5F723E, cid=4568, SUCCESS, logIndex=7041, commits[4ee04582-2825-4055-a051-0465d62eb5ca:c7041, 97f5b9f0-d9ef-40b5-ba79-7414923e623f:c7039, 7d686585-d831-45bc-93fc-0a553b604b0e:c7039]
2019-07-08 23:05:22,467 INFO  client.GrpcClientProtocolClient (GrpcClientProtocolClient.java:onNext(255)) - client-CEF4D3493DC0->4ee04582-2825-4055-a051-0465d62eb5ca: receive RaftClientReply:client-CEF4D3493DC0->4ee04582-2825-4055-a051-0465d62eb5ca@group-78E0FE5F723E, cid=4569, SUCCESS, logIndex=7044, commits[4ee04582-2825-4055-a051-0465d62eb5ca:c7045, 97f5b9f0-d9ef-40b5-ba79-7414923e623f:c7043, 7d686585-d831-45bc-93fc-0a553b604b0e:c7043]
2019-07-08 23:05:22,467 INFO  client.GrpcClientProtocolClient (GrpcClientProtocolClient.java:onNext(255)) - client-CEF4D3493DC0->4ee04582-2825-4055-a051-0465d62eb5ca: receive RaftClientReply:client-CEF4D3493DC0->4ee04582-2825-4055-a051-0465d62eb5ca@group-78E0FE5F723E, cid=4570, SUCCESS, logIndex=7045, commits[4ee04582-2825-4055-a051-0465d62eb5ca:c7045, 97f5b9f0-d9ef-40b5-ba79-7414923e623f:c7043, 7d686585-d831-45bc-93fc-0a553b604b0e:c7043]
2019-07-08 23:05:22,471 INFO  client.GrpcClientProtocolClient (GrpcClientProtocolClient.java:onNext(255)) - client-CEF4D3493DC0->4ee04582-2825-4055-a051-0465d62eb5ca: receive RaftClientReply:client-CEF4D3493DC0->4ee04582-2825-4055-a051-0465d62eb5ca@group-78E0FE5F723E, cid=4571, SUCCESS, logIndex=0, commits[4ee04582-2825-4055-a051-0465d62eb5ca:c7047, 97f5b9f0-d9ef-40b5-ba79-7414923e623f:c7045, 7d686585-d831-45bc-93fc-0a553b604b0e:c7045]
2019-07-08 23:05:22,494 INFO  client.GrpcClientProtocolClient (GrpcClientProtocolClient.java:onNext(255)) - client-CEF4D3493DC0->4ee04582-2825-4055-a051-0465d62eb5ca: receive RaftClientReply:client-CEF4D3493DC0->4ee04582-2825-4055-a051-0465d62eb5ca@group-78E0FE5F723E, cid=4572, SUCCESS, logIndex=7048, commits[4ee04582-2825-4055-a051-0465d62eb5ca:c7049, 97f5b9f0-d9ef-40b5-ba79-7414923e623f:c7047, 7d686585-d831-45bc-93fc-0a553b604b0e:c7045]
2019-07-08 23:05:22,494 INFO  client.GrpcClientProtocolClient (GrpcClientProtocolClient.java:onNext(255)) - client-CEF4D3493DC0->4ee04582-2825-4055-a051-0465d62eb5ca: receive RaftClientReply:client-CEF4D3493DC0->4ee04582-2825-4055-a051-0465d62eb5ca@group-78E0FE5F723E, cid=4573, SUCCESS, logIndex=7049, commits[4ee04582-2825-4055-a051-0465d62eb5ca:c7049, 97f5b9f0-d9ef-40b5-ba79-7414923e623f:c7047, 7d686585-d831-45bc-93fc-0a553b604b0e:c7045]
2019-07-08 23:05:22,496 INFO  client.GrpcClientProtocolClient (GrpcClientProtocolClient.java:onNext(255)) - client-CEF4D3493DC0->4ee04582-2825-4055-a051-0465d62eb5ca: receive RaftClientReply:client-CEF4D3493DC0->4ee04582-2825-4055-a051-0465d62eb5ca@group-78E0FE5F723E, cid=4574, SUCCESS, logIndex=7050, commits[4ee04582-2825-4055-a051-0465d62eb5ca:c7051, 97f5b9f0-d9ef-40b5-ba79-7414923e623f:c7049, 7d686585-d831-45bc-93fc-0a553b604b0e:c7047]
2019-07-08 23:05:22,496 INFO  client.GrpcClientProtocolClient (GrpcClientProtocolClient.java:onNext(255)) - client-CEF4D3493DC0->4ee04582-2825-4055-a051-0465d62eb5ca: receive RaftClientReply:client-CEF4D3493DC0->4ee04582-2825-4055-a051-0465d62eb5ca@group-78E0FE5F723E, cid=4575, SUCCESS, logIndex=7051, commits[4ee04582-2825-4055-a051-0465d62eb5ca:c7052, 97f5b9f0-d9ef-40b5-ba79-7414923e623f:c7049, 7d686585-d831-45bc-93fc-0a553b604b0e:c7047]
2019-07-08 23:05:22,497 INFO  client.GrpcClientProtocolClient (GrpcClientProtocolClient.java:onNext(255)) - client-CEF4D3493DC0->4ee04582-2825-4055-a051-0465d62eb5ca: receive RaftClientReply:client-CEF4D3493DC0->4ee04582-2825-4055-a051-0465d62eb5ca@group-78E0FE5F723E, cid=4576, SUCCESS, logIndex=0, commits[4ee04582-2825-4055-a051-0465d62eb5ca:c7053, 97f5b9f0-d9ef-40b5-ba79-7414923e623f:c7049, 7d686585-d831-45bc-93fc-0a553b604b0e:c7049]
2019-07-08 23:05:22,510 INFO  client.GrpcClientProtocolClient (GrpcClientProtocolClient.java:onNext(255)) - client-CEF4D3493DC0->4ee04582-2825-4055-a051-0465d62eb5ca: receive RaftClientReply:client-CEF4D3493DC0->4ee04582-2825-4055-a051-0465d62eb5ca@group-78E0FE5F723E, cid=4577, SUCCESS, logIndex=7056, commits[4ee04582-2825-4055-a051-0465d62eb5ca:c7057, 97f5b9f0-d9ef-40b5-ba79-7414923e623f:c7055, 7d686585-d831-45bc-93fc-0a553b604b0e:c7052]
2019-07-08 23:05:22,510 INFO  client.GrpcClientProtocolClient (GrpcClientProtocolClient.java:onNext(255)) - client-CEF4D3493DC0->4ee04582-2825-4055-a051-0465d62eb5ca: receive RaftClientReply:client-CEF4D3493DC0->4ee04582-2825-4055-a051-0465d62eb5ca@group-78E0FE5F723E, cid=4578, SUCCESS, logIndex=7057, commits[4ee04582-2825-4055-a051-0465d62eb5ca:c7057, 97f5b9f0-d9ef-40b5-ba79-7414923e623f:c7055, 7d686585-d831-45bc-93fc-0a553b604b0e:c7055]
2019-07-08 23:05:22,521 INFO  client.GrpcClientProtocolClient (GrpcClientProtocolClient.java:onNext(255)) - client-CEF4D3493DC0->4ee04582-2825-4055-a051-0465d62eb5ca: receive RaftClientReply:client-CEF4D3493DC0->4ee04582-2825-4055-a051-0465d62eb5ca@group-78E0FE5F723E, cid=4579, SUCCESS, logIndex=7060, commits[4ee04582-2825-4055-a051-0465d62eb5ca:c7061, 97f5b9f0-d9ef-40b5-ba79-7414923e623f:c7059, 7d686585-d831-45bc-93fc-0a553b604b0e:c7057]
2019-07-08 23:05:22,521 INFO  client.GrpcClientProtocolClient (GrpcClientProtocolClient.java:onNext(255)) - client-CEF4D3493DC0->4ee04582-2825-4055-a051-0465d62eb5ca: receive RaftClientReply:client-CEF4D3493DC0->4ee04582-2825-4055-a051-0465d62eb5ca@group-78E0FE5F723E, cid=4580, SUCCESS, logIndex=7061, commits[4ee04582-2825-4055-a051-0465d62eb5ca:c7061, 97f5b9f0-d9ef-40b5-ba79-7414923e623f:c7059, 7d686585-d831-45bc-93fc-0a553b604b0e:c7059]
2019-07-08 23:05:22,523 INFO  client.GrpcClientProtocolClient (GrpcClientProtocolClient.java:onNext(255)) - client-CEF4D3493DC0->4ee04582-2825-4055-a051-0465d62eb5ca: receive RaftClientReply:client-CEF4D3493DC0->4ee04582-2825-4055-a051-0465d62eb5ca@group-78E0FE5F723E, cid=4581, SUCCESS, logIndex=0, commits[4ee04582-2825-4055-a051-0465d62eb5ca:c7062, 97f5b9f0-d9ef-40b5-ba79-7414923e623f:c7061, 7d686585-d831-45bc-93fc-0a553b604b0e:c7061]
2019-07-08 23:05:22,550 INFO  client.GrpcClientProtocolClient (GrpcClientProtocolClient.java:onNext(255)) - client-CEF4D3493DC0->4ee04582-2825-4055-a051-0465d62eb5ca: receive RaftClientReply:client-CEF4D3493DC0->4ee04582-2825-4055-a051-0465d62eb5ca@group-78E0FE5F723E, cid=4582, SUCCESS, logIndex=7064, commits[4ee04582-2825-4055-a051-0465d62eb5ca:c7065, 97f5b9f0-d9ef-40b5-ba79-7414923e623f:c7063, 7d686585-d831-45bc-93fc-0a553b604b0e:c7061]
2019-07-08 23:05:22,550 INFO  client.GrpcClientProtocolClient (GrpcClientProtocolClient.java:onNext(255)) - client-CEF4D3493DC0->4ee04582-2825-4055-a051-0465d62eb5ca: receive RaftClientReply:client-CEF4D3493DC0->4ee04582-2825-4055-a051-0465d62eb5ca@group-78E0FE5F723E, cid=4583, SUCCESS, logIndex=7065, commits[4ee04582-2825-4055-a051-0465d62eb5ca:c7065, 97f5b9f0-d9ef-40b5-ba79-7414923e623f:c7063, 7d686585-d831-45bc-93fc-0a553b604b0e:c7061]
2019-07-08 23:05:22,551 INFO  client.GrpcClientProtocolClient (GrpcClientProtocolClient.java:onNext(255)) - client-CEF4D3493DC0->4ee04582-2825-4055-a051-0465d62eb5ca: receive RaftClientReply:client-CEF4D3493DC0->4ee04582-2825-4055-a051-0465d62eb5ca@group-78E0FE5F723E, cid=4584, SUCCESS, logIndex=7066, commits[4ee04582-2825-4055-a051-0465d62eb5ca:c7067, 97f5b9f0-d9ef-40b5-ba79-7414923e623f:c7063, 7d686585-d831-45bc-93fc-0a553b604b0e:c7061]
2019-07-08 23:05:22,551 INFO  client.GrpcClientProtocolClient (GrpcClientProtocolClient.java:onNext(255)) - client-CEF4D3493DC0->4ee04582-2825-4055-a051-0465d62eb5ca: receive RaftClientReply:client-CEF4D3493DC0->4ee04582-2825-4055-a051-0465d62eb5ca@group-78E0FE5F723E, cid=4585, SUCCESS, logIndex=7067, commits[4ee04582-2825-4055-a051-0465d62eb5ca:c7067, 97f5b9f0-d9ef-40b5-ba79-7414923e623f:c7063, 7d686585-d831-45bc-93fc-0a553b604b0e:c7061]
2019-07-08 23:05:22,552 INFO  client.GrpcClientProtocolClient (GrpcClientProtocolClient.java:onNext(255)) - client-CEF4D3493DC0->4ee04582-2825-4055-a051-0465d62eb5ca: receive RaftClientReply:client-CEF4D3493DC0->4ee04582-2825-4055-a051-0465d62eb5ca@group-78E0FE5F723E, cid=4586, SUCCESS, logIndex=0, commits[4ee04582-2825-4055-a051-0465d62eb5ca:c7069, 97f5b9f0-d9ef-40b5-ba79-7414923e623f:c7065, 7d686585-d831-45bc-93fc-0a553b604b0e:c7065]
2019-07-08 23:05:22,562 INFO  client.GrpcClientProtocolClient (GrpcClientProtocolClient.java:onNext(255)) - client-CEF4D3493DC0->4ee04582-2825-4055-a051-0465d62eb5ca: receive RaftClientReply:client-CEF4D3493DC0->4ee04582-2825-4055-a051-0465d62eb5ca@group-78E0FE5F723E, cid=4587, SUCCESS, logIndex=7072, commits[4ee04582-2825-4055-a051-0465d62eb5ca:c7073, 97f5b9f0-d9ef-40b5-ba79-7414923e623f:c7071, 7d686585-d831-45bc-93fc-0a553b604b0e:c7067]
2019-07-08 23:05:22,562 INFO  client.GrpcClientProtocolClient (GrpcClientProtocolClient.java:onNext(255)) - client-CEF4D3493DC0->4ee04582-2825-4055-a051-0465d62eb5ca: receive RaftClientReply:client-CEF4D3493DC0->4ee04582-2825-4055-a051-0465d62eb5ca@group-78E0FE5F723E, cid=4588, SUCCESS, logIndex=7073, commits[4ee04582-2825-4055-a051-0465d62eb5ca:c7073, 97f5b9f0-d9ef-40b5-ba79-7414923e623f:c7071, 7d686585-d831-45bc-93fc-0a553b604b0e:c7071]
2019-07-08 23:05:22,572 INFO  client.GrpcClientProtocolClient (GrpcClientProtocolClient.java:onNext(255)) - client-CEF4D3493DC0->4ee04582-2825-4055-a051-0465d62eb5ca: receive RaftClientReply:client-CEF4D3493DC0->4ee04582-2825-4055-a051-0465d62eb5ca@group-78E0FE5F723E, cid=4589, SUCCESS, logIndex=7076, commits[4ee04582-2825-4055-a051-0465d62eb5ca:c7077, 97f5b9f0-d9ef-40b5-ba79-7414923e623f:c7075, 7d686585-d831-45bc-93fc-0a553b604b0e:c7073]
2019-07-08 23:05:22,572 INFO  client.GrpcClientProtocolClient (GrpcClientProtocolClient.java:onNext(255)) - client-CEF4D3493DC0->4ee04582-2825-4055-a051-0465d62eb5ca: receive RaftClientReply:client-CEF4D3493DC0->4ee04582-2825-4055-a051-0465d62eb5ca@group-78E0FE5F723E, cid=4590, SUCCESS, logIndex=7077, commits[4ee04582-2825-4055-a051-0465d62eb5ca:c7077, 97f5b9f0-d9ef-40b5-ba79-7414923e623f:c7075, 7d686585-d831-45bc-93fc-0a553b604b0e:c7075]
2019-07-08 23:05:22,575 INFO  client.GrpcClientProtocolClient (GrpcClientProtocolClient.java:onNext(255)) - client-CEF4D3493DC0->4ee04582-2825-4055-a051-0465d62eb5ca: receive RaftClientReply:client-CEF4D3493DC0->4ee04582-2825-4055-a051-0465d62eb5ca@group-78E0FE5F723E, cid=4591, SUCCESS, logIndex=0, commits[4ee04582-2825-4055-a051-0465d62eb5ca:c7079, 97f5b9f0-d9ef-40b5-ba79-7414923e623f:c7077, 7d686585-d831-45bc-93fc-0a553b604b0e:c7077]
2019-07-08 23:05:22,600 INFO  client.GrpcClientProtocolClient (GrpcClientProtocolClient.java:onNext(255)) - client-CEF4D3493DC0->4ee04582-2825-4055-a051-0465d62eb5ca: receive RaftClientReply:client-CEF4D3493DC0->4ee04582-2825-4055-a051-0465d62eb5ca@group-78E0FE5F723E, cid=4592, SUCCESS, logIndex=7080, commits[4ee04582-2825-4055-a051-0465d62eb5ca:c7081, 97f5b9f0-d9ef-40b5-ba79-7414923e623f:c7079, 7d686585-d831-45bc-93fc-0a553b604b0e:c7077]
2019-07-08 23:05:22,601 INFO  client.GrpcClientProtocolClient (GrpcClientProtocolClient.java:onNext(255)) - client-CEF4D3493DC0->4ee04582-2825-4055-a051-0465d62eb5ca: receive RaftClientReply:client-CEF4D3493DC0->4ee04582-2825-4055-a051-0465d62eb5ca@group-78E0FE5F723E, cid=4593, SUCCESS, logIndex=7081, commits[4ee04582-2825-4055-a051-0465d62eb5ca:c7081, 97f5b9f0-d9ef-40b5-ba79-7414923e623f:c7079, 7d686585-d831-45bc-93fc-0a553b604b0e:c7077]
2019-07-08 23:05:22,603 INFO  client.GrpcClientProtocolClient (GrpcClientProtocolClient.java:onNext(255)) - client-CEF4D3493DC0->4ee04582-2825-4055-a051-0465d62eb5ca: receive RaftClientReply:client-CEF4D3493DC0->4ee04582-2825-4055-a051-0465d62eb5ca@group-78E0FE5F723E, cid=4594, SUCCESS, logIndex=7082, commits[4ee04582-2825-4055-a051-0465d62eb5ca:c7083, 97f5b9f0-d9ef-40b5-ba79-7414923e623f:c7079, 7d686585-d831-45bc-93fc-0a553b604b0e:c7079]
2019-07-08 23:05:22,603 INFO  client.GrpcClientProtocolClient (GrpcClientProtocolClient.java:onNext(255)) - client-CEF4D3493DC0->4ee04582-2825-4055-a051-0465d62eb5ca: receive RaftClientReply:client-CEF4D3493DC0->4ee04582-2825-4055-a051-0465d62eb5ca@group-78E0FE5F723E, cid=4595, SUCCESS, logIndex=7083, commits[4ee04582-2825-4055-a051-0465d62eb5ca:c7083, 97f5b9f0-d9ef-40b5-ba79-7414923e623f:c7079, 7d686585-d831-45bc-93fc-0a553b604b0e:c7079]
2019-07-08 23:05:22,606 INFO  client.GrpcClientProtocolClient (GrpcClientProtocolClient.java:onNext(255)) - client-CEF4D3493DC0->4ee04582-2825-4055-a051-0465d62eb5ca: receive RaftClientReply:client-CEF4D3493DC0->4ee04582-2825-4055-a051-0465d62eb5ca@group-78E0FE5F723E, cid=4596, SUCCESS, logIndex=0, commits[4ee04582-2825-4055-a051-0465d62eb5ca:c7084, 97f5b9f0-d9ef-40b5-ba79-7414923e623f:c7081, 7d686585-d831-45bc-93fc-0a553b604b0e:c7081]
2019-07-08 23:05:22,615 INFO  client.GrpcClientProtocolClient (GrpcClientProtocolClient.java:onNext(255)) - client-CEF4D3493DC0->4ee04582-2825-4055-a051-0465d62eb5ca: receive RaftClientReply:client-CEF4D3493DC0->4ee04582-2825-4055-a051-0465d62eb5ca@group-78E0FE5F723E, cid=4597, SUCCESS, logIndex=7087, commits[4ee04582-2825-4055-a051-0465d62eb5ca:c7088, 97f5b9f0-d9ef-40b5-ba79-7414923e623f:c7086, 7d686585-d831-45bc-93fc-0a553b604b0e:c7083]
2019-07-08 23:05:22,615 INFO  client.GrpcClientProtocolClient (GrpcClientProtocolClient.java:onNext(255)) - client-CEF4D3493DC0->4ee04582-2825-4055-a051-0465d62eb5ca: receive RaftClientReply:client-CEF4D3493DC0->4ee04582-2825-4055-a051-0465d62eb5ca@group-78E0FE5F723E, cid=4598, SUCCESS, logIndex=7088, commits[4ee04582-2825-4055-a051-0465d62eb5ca:c7088, 97f5b9f0-d9ef-40b5-ba79-7414923e623f:c7086, 7d686585-d831-45bc-93fc-0a553b604b0e:c7086]
2019-07-08 23:05:22,626 INFO  client.GrpcClientProtocolClient (GrpcClientProtocolClient.java:onNext(255)) - client-CEF4D3493DC0->4ee04582-2825-4055-a051-0465d62eb5ca: receive RaftClientReply:client-CEF4D3493DC0->4ee04582-2825-4055-a051-0465d62eb5ca@group-78E0FE5F723E, cid=4599, SUCCESS, logIndex=7091, commits[4ee04582-2825-4055-a051-0465d62eb5ca:c7092, 97f5b9f0-d9ef-40b5-ba79-7414923e623f:c7090, 7d686585-d831-45bc-93fc-0a553b604b0e:c7088]
2019-07-08 23:05:22,626 INFO  client.GrpcClientProtocolClient (GrpcClientProtocolClient.java:onNext(255)) - client-CEF4D3493DC0->4ee04582-2825-4055-a051-0465d62eb5ca: receive RaftClientReply:client-CEF4D3493DC0->4ee04582-2825-4055-a051-0465d62eb5ca@group-78E0FE5F723E, cid=4600, SUCCESS, logIndex=7092, commits[4ee04582-2825-4055-a051-0465d62eb5ca:c7092, 97f5b9f0-d9ef-40b5-ba79-7414923e623f:c7090, 7d686585-d831-45bc-93fc-0a553b604b0e:c7090]
2019-07-08 23:05:22,630 INFO  client.GrpcClientProtocolClient (GrpcClientProtocolClient.java:onNext(255)) - client-CEF4D3493DC0->4ee04582-2825-4055-a051-0465d62eb5ca: receive RaftClientReply:client-CEF4D3493DC0->4ee04582-2825-4055-a051-0465d62eb5ca@group-78E0FE5F723E, cid=4601, SUCCESS, logIndex=0, commits[4ee04582-2825-4055-a051-0465d62eb5ca:c7093, 97f5b9f0-d9ef-40b5-ba79-7414923e623f:c7092, 7d686585-d831-45bc-93fc-0a553b604b0e:c7092]
2019-07-08 23:05:22,654 INFO  client.GrpcClientProtocolClient (GrpcClientProtocolClient.java:onNext(255)) - client-CEF4D3493DC0->4ee04582-2825-4055-a051-0465d62eb5ca: receive RaftClientReply:client-CEF4D3493DC0->4ee04582-2825-4055-a051-0465d62eb5ca@group-78E0FE5F723E, cid=4602, SUCCESS, logIndex=7095, commits[4ee04582-2825-4055-a051-0465d62eb5ca:c7098, 97f5b9f0-d9ef-40b5-ba79-7414923e623f:c7094, 7d686585-d831-45bc-93fc-0a553b604b0e:c7092]
2019-07-08 23:05:22,654 INFO  client.GrpcClientProtocolClient (GrpcClientProtocolClient.java:onNext(255)) - client-CEF4D3493DC0->4ee04582-2825-4055-a051-0465d62eb5ca: receive RaftClientReply:client-CEF4D3493DC0->4ee04582-2825-4055-a051-0465d62eb5ca@group-78E0FE5F723E, cid=4603, SUCCESS, logIndex=7096, commits[4ee04582-2825-4055-a051-0465d62eb5ca:c7098, 97f5b9f0-d9ef-40b5-ba79-7414923e623f:c7094, 7d686585-d831-45bc-93fc-0a553b604b0e:c7094]
2019-07-08 23:05:22,655 INFO  client.GrpcClientProtocolClient (GrpcClientProtocolClient.java:onNext(255)) - client-CEF4D3493DC0->4ee04582-2825-4055-a051-0465d62eb5ca: receive RaftClientReply:client-CEF4D3493DC0->4ee04582-2825-4055-a051-0465d62eb5ca@group-78E0FE5F723E, cid=4604, SUCCESS, logIndex=7097, commits[4ee04582-2825-4055-a051-0465d62eb5ca:c7098, 97f5b9f0-d9ef-40b5-ba79-7414923e623f:c7094, 7d686585-d831-45bc-93fc-0a553b604b0e:c7094]
2019-07-08 23:05:22,655 INFO  client.GrpcClientProtocolClient (GrpcClientProtocolClient.java:onNext(255)) - client-CEF4D3493DC0->4ee04582-2825-4055-a051-0465d62eb5ca: receive RaftClientReply:client-CEF4D3493DC0->4ee04582-2825-4055-a051-0465d62eb5ca@group-78E0FE5F723E, cid=4605, SUCCESS, logIndex=7098, commits[4ee04582-2825-4055-a051-0465d62eb5ca:c7099, 97f5b9f0-d9ef-40b5-ba79-7414923e623f:c7096, 7d686585-d831-45bc-93fc-0a553b604b0e:c7094]
2019-07-08 23:05:22,657 INFO  client.GrpcClientProtocolClient (GrpcClientProtocolClient.java:onNext(255)) - client-CEF4D3493DC0->4ee04582-2825-4055-a051-0465d62eb5ca: receive RaftClientReply:client-CEF4D3493DC0->4ee04582-2825-4055-a051-0465d62eb5ca@group-78E0FE5F723E, cid=4606, SUCCESS, logIndex=0, commits[4ee04582-2825-4055-a051-0465d62eb5ca:c7100, 97f5b9f0-d9ef-40b5-ba79-7414923e623f:c7096, 7d686585-d831-45bc-93fc-0a553b604b0e:c7096]
2019-07-08 23:05:22,676 INFO  client.GrpcClientProtocolClient (GrpcClientProtocolClient.java:onNext(255)) - client-CEF4D3493DC0->4ee04582-2825-4055-a051-0465d62eb5ca: receive RaftClientReply:client-CEF4D3493DC0->4ee04582-2825-4055-a051-0465d62eb5ca@group-78E0FE5F723E, cid=4607, SUCCESS, logIndex=7103, commits[4ee04582-2825-4055-a051-0465d62eb5ca:c7104, 97f5b9f0-d9ef-40b5-ba79-7414923e623f:c7102, 7d686585-d831-45bc-93fc-0a553b604b0e:c7102]
2019-07-08 23:05:22,676 INFO  client.GrpcClientProtocolClient (GrpcClientProtocolClient.java:onNext(255)) - client-CEF4D3493DC0->4ee04582-2825-4055-a051-0465d62eb5ca: receive RaftClientReply:client-CEF4D3493DC0->4ee04582-2825-4055-a051-0465d62eb5ca@group-78E0FE5F723E, cid=4608, SUCCESS, logIndex=7104, commits[4ee04582-2825-4055-a051-0465d62eb5ca:c7104, 97f5b9f0-d9ef-40b5-ba79-7414923e623f:c7102, 7d686585-d831-45bc-93fc-0a553b604b0e:c7102]
2019-07-08 23:05:22,691 INFO  client.GrpcClientProtocolClient (GrpcClientProtocolClient.java:onNext(255)) - client-CEF4D3493DC0->4ee04582-2825-4055-a051-0465d62eb5ca: receive RaftClientReply:client-CEF4D3493DC0->4ee04582-2825-4055-a051-0465d62eb5ca@group-78E0FE5F723E, cid=4609, SUCCESS, logIndex=7107, commits[4ee04582-2825-4055-a051-0465d62eb5ca:c7108, 97f5b9f0-d9ef-40b5-ba79-7414923e623f:c7104, 7d686585-d831-45bc-93fc-0a553b604b0e:c7104]
2019-07-08 23:05:22,691 INFO  client.GrpcClientProtocolClient (GrpcClientProtocolClient.java:onNext(255)) - client-CEF4D3493DC0->4ee04582-2825-4055-a051-0465d62eb5ca: receive RaftClientReply:client-CEF4D3493DC0->4ee04582-2825-4055-a051-0465d62eb5ca@group-78E0FE5F723E, cid=4610, SUCCESS, logIndex=7108, commits[4ee04582-2825-4055-a051-0465d62eb5ca:c7108, 97f5b9f0-d9ef-40b5-ba79-7414923e623f:c7104, 7d686585-d831-45bc-93fc-0a553b604b0e:c7104]
2019-07-08 23:05:22,697 INFO  client.GrpcClientProtocolClient (GrpcClientProtocolClient.java:onNext(255)) - client-CEF4D3493DC0->4ee04582-2825-4055-a051-0465d62eb5ca: receive RaftClientReply:client-CEF4D3493DC0->4ee04582-2825-4055-a051-0465d62eb5ca@group-78E0FE5F723E, cid=4611, SUCCESS, logIndex=0, commits[4ee04582-2825-4055-a051-0465d62eb5ca:c7109, 97f5b9f0-d9ef-40b5-ba79-7414923e623f:c7108, 7d686585-d831-45bc-93fc-0a553b604b0e:c7108]
2019-07-08 23:05:22,730 INFO  client.GrpcClientProtocolClient (GrpcClientProtocolClient.java:onNext(255)) - client-CEF4D3493DC0->4ee04582-2825-4055-a051-0465d62eb5ca: receive RaftClientReply:client-CEF4D3493DC0->4ee04582-2825-4055-a051-0465d62eb5ca@group-78E0FE5F723E, cid=4612, SUCCESS, logIndex=7111, commits[4ee04582-2825-4055-a051-0465d62eb5ca:c7113, 97f5b9f0-d9ef-40b5-ba79-7414923e623f:c7110, 7d686585-d831-45bc-93fc-0a553b604b0e:c7108]
2019-07-08 23:05:22,730 INFO  client.GrpcClientProtocolClient (GrpcClientProtocolClient.java:onNext(255)) - client-CEF4D3493DC0->4ee04582-2825-4055-a051-0465d62eb5ca: receive RaftClientReply:client-CEF4D3493DC0->4ee04582-2825-4055-a051-0465d62eb5ca@group-78E0FE5F723E, cid=4613, SUCCESS, logIndex=7112, commits[4ee04582-2825-4055-a051-0465d62eb5ca:c7114, 97f5b9f0-d9ef-40b5-ba79-7414923e623f:c7110, 7d686585-d831-45bc-93fc-0a553b604b0e:c7110]
2019-07-08 23:05:22,730 INFO  client.GrpcClientProtocolClient (GrpcClientProtocolClient.java:onNext(255)) - client-CEF4D3493DC0->4ee04582-2825-4055-a051-0465d62eb5ca: receive RaftClientReply:client-CEF4D3493DC0->4ee04582-2825-4055-a051-0465d62eb5ca@group-78E0FE5F723E, cid=4614, SUCCESS, logIndex=7113, commits[4ee04582-2825-4055-a051-0465d62eb5ca:c7114, 97f5b9f0-d9ef-40b5-ba79-7414923e623f:c7110, 7d686585-d831-45bc-93fc-0a553b604b0e:c7110]
2019-07-08 23:05:22,731 INFO  client.GrpcClientProtocolClient (GrpcClientProtocolClient.java:onNext(255)) - client-CEF4D3493DC0->4ee04582-2825-4055-a051-0465d62eb5ca: receive RaftClientReply:client-CEF4D3493DC0->4ee04582-2825-4055-a051-0465d62eb5ca@group-78E0FE5F723E, cid=4615, SUCCESS, logIndex=7114, commits[4ee04582-2825-4055-a051-0465d62eb5ca:c7115, 97f5b9f0-d9ef-40b5-ba79-7414923e623f:c7112, 7d686585-d831-45bc-93fc-0a553b604b0e:c7110]
2019-07-08 23:05:22,731 INFO  client.GrpcClientProtocolClient (GrpcClientProtocolClient.java:onNext(255)) - client-CEF4D3493DC0->4ee04582-2825-4055-a051-0465d62eb5ca: receive RaftClientReply:client-CEF4D3493DC0->4ee04582-2825-4055-a051-0465d62eb5ca@group-78E0FE5F723E, cid=4616, SUCCESS, logIndex=0, commits[4ee04582-2825-4055-a051-0465d62eb5ca:c7115, 97f5b9f0-d9ef-40b5-ba79-7414923e623f:c7112, 7d686585-d831-45bc-93fc-0a553b604b0e:c7112]
2019-07-08 23:05:22,743 INFO  client.GrpcClientProtocolClient (GrpcClientProtocolClient.java:onNext(255)) - client-CEF4D3493DC0->4ee04582-2825-4055-a051-0465d62eb5ca: receive RaftClientReply:client-CEF4D3493DC0->4ee04582-2825-4055-a051-0465d62eb5ca@group-78E0FE5F723E, cid=4617, SUCCESS, logIndex=7119, commits[4ee04582-2825-4055-a051-0465d62eb5ca:c7120, 97f5b9f0-d9ef-40b5-ba79-7414923e623f:c7114, 7d686585-d831-45bc-93fc-0a553b604b0e:c7118]
2019-07-08 23:05:22,743 INFO  client.GrpcClientProtocolClient (GrpcClientProtocolClient.java:onNext(255)) - client-CEF4D3493DC0->4ee04582-2825-4055-a051-0465d62eb5ca: receive RaftClientReply:client-CEF4D3493DC0->4ee04582-2825-4055-a051-0465d62eb5ca@group-78E0FE5F723E, cid=4618, SUCCESS, logIndex=7120, commits[4ee04582-2825-4055-a051-0465d62eb5ca:c7120, 97f5b9f0-d9ef-40b5-ba79-7414923e623f:c7118, 7d686585-d831-45bc-93fc-0a553b604b0e:c7118]
2019-07-08 23:05:22,754 INFO  client.GrpcClientProtocolClient (GrpcClientProtocolClient.java:onNext(255)) - client-CEF4D3493DC0->4ee04582-2825-4055-a051-0465d62eb5ca: receive RaftClientReply:client-CEF4D3493DC0->4ee04582-2825-4055-a051-0465d62eb5ca@group-78E0FE5F723E, cid=4619, SUCCESS, logIndex=7123, commits[4ee04582-2825-4055-a051-0465d62eb5ca:c7124, 97f5b9f0-d9ef-40b5-ba79-7414923e623f:c7120, 7d686585-d831-45bc-93fc-0a553b604b0e:c7122]
2019-07-08 23:05:22,754 INFO  client.GrpcClientProtocolClient (GrpcClientProtocolClient.java:onNext(255)) - client-CEF4D3493DC0->4ee04582-2825-4055-a051-0465d62eb5ca: receive RaftClientReply:client-CEF4D3493DC0->4ee04582-2825-4055-a051-0465d62eb5ca@group-78E0FE5F723E, cid=4620, SUCCESS, logIndex=7124, commits[4ee04582-2825-4055-a051-0465d62eb5ca:c7124, 97f5b9f0-d9ef-40b5-ba79-7414923e623f:c7122, 7d686585-d831-45bc-93fc-0a553b604b0e:c7122]
2019-07-08 23:05:22,755 INFO  client.GrpcClientProtocolClient (GrpcClientProtocolClient.java:onNext(255)) - client-CEF4D3493DC0->4ee04582-2825-4055-a051-0465d62eb5ca: receive RaftClientReply:client-CEF4D3493DC0->4ee04582-2825-4055-a051-0465d62eb5ca@group-78E0FE5F723E, cid=4621, SUCCESS, logIndex=0, commits[4ee04582-2825-4055-a051-0465d62eb5ca:c7125, 97f5b9f0-d9ef-40b5-ba79-7414923e623f:c7124, 7d686585-d831-45bc-93fc-0a553b604b0e:c7124]
2019-07-08 23:05:22,783 INFO  client.GrpcClientProtocolClient (GrpcClientProtocolClient.java:onNext(255)) - client-CEF4D3493DC0->4ee04582-2825-4055-a051-0465d62eb5ca: receive RaftClientReply:client-CEF4D3493DC0->4ee04582-2825-4055-a051-0465d62eb5ca@group-78E0FE5F723E, cid=4622, SUCCESS, logIndex=7127, commits[4ee04582-2825-4055-a051-0465d62eb5ca:c7129, 97f5b9f0-d9ef-40b5-ba79-7414923e623f:c7126, 7d686585-d831-45bc-93fc-0a553b604b0e:c7124]
2019-07-08 23:05:22,784 INFO  client.GrpcClientProtocolClient (GrpcClientProtocolClient.java:onNext(255)) - client-CEF4D3493DC0->4ee04582-2825-4055-a051-0465d62eb5ca: receive RaftClientReply:client-CEF4D3493DC0->4ee04582-2825-4055-a051-0465d62eb5ca@group-78E0FE5F723E, cid=4623, SUCCESS, logIndex=7128, commits[4ee04582-2825-4055-a051-0465d62eb5ca:c7130, 97f5b9f0-d9ef-40b5-ba79-7414923e623f:c7126, 7d686585-d831-45bc-93fc-0a553b604b0e:c7126]
2019-07-08 23:05:22,784 INFO  client.GrpcClientProtocolClient (GrpcClientProtocolClient.java:onNext(255)) - client-CEF4D3493DC0->4ee04582-2825-4055-a051-0465d62eb5ca: receive RaftClientReply:client-CEF4D3493DC0->4ee04582-2825-4055-a051-0465d62eb5ca@group-78E0FE5F723E, cid=4624, SUCCESS, logIndex=7129, commits[4ee04582-2825-4055-a051-0465d62eb5ca:c7130, 97f5b9f0-d9ef-40b5-ba79-7414923e623f:c7126, 7d686585-d831-45bc-93fc-0a553b604b0e:c7126]
2019-07-08 23:05:22,784 INFO  client.GrpcClientProtocolClient (GrpcClientProtocolClient.java:onNext(255)) - client-CEF4D3493DC0->4ee04582-2825-4055-a051-0465d62eb5ca: receive RaftClientReply:client-CEF4D3493DC0->4ee04582-2825-4055-a051-0465d62eb5ca@group-78E0FE5F723E, cid=4625, SUCCESS, logIndex=7130, commits[4ee04582-2825-4055-a051-0465d62eb5ca:c7130, 97f5b9f0-d9ef-40b5-ba79-7414923e623f:c7127, 7d686585-d831-45bc-93fc-0a553b604b0e:c7126]
2019-07-08 23:05:22,788 INFO  client.GrpcClientProtocolClient (GrpcClientProtocolClient.java:onNext(255)) - client-CEF4D3493DC0->4ee04582-2825-4055-a051-0465d62eb5ca: receive RaftClientReply:client-CEF4D3493DC0->4ee04582-2825-4055-a051-0465d62eb5ca@group-78E0FE5F723E, cid=4626, SUCCESS, logIndex=0, commits[4ee04582-2825-4055-a051-0465d62eb5ca:c7133, 97f5b9f0-d9ef-40b5-ba79-7414923e623f:c7128, 7d686585-d831-45bc-93fc-0a553b604b0e:c7130]
2019-07-08 23:05:22,799 INFO  client.GrpcClientProtocolClient (GrpcClientProtocolClient.java:onNext(255)) - client-CEF4D3493DC0->4ee04582-2825-4055-a051-0465d62eb5ca: receive RaftClientReply:client-CEF4D3493DC0->4ee04582-2825-4055-a051-0465d62eb5ca@group-78E0FE5F723E, cid=4627, SUCCESS, logIndex=7135, commits[4ee04582-2825-4055-a051-0465d62eb5ca:c7136, 97f5b9f0-d9ef-40b5-ba79-7414923e623f:c7130, 7d686585-d831-45bc-93fc-0a553b604b0e:c7134]
2019-07-08 23:05:22,799 INFO  client.GrpcClientProtocolClient (GrpcClientProtocolClient.java:onNext(255)) - client-CEF4D3493DC0->4ee04582-2825-4055-a051-0465d62eb5ca: receive RaftClientReply:client-CEF4D3493DC0->4ee04582-2825-4055-a051-0465d62eb5ca@group-78E0FE5F723E, cid=4628, SUCCESS, logIndex=7136, commits[4ee04582-2825-4055-a051-0465d62eb5ca:c7136, 97f5b9f0-d9ef-40b5-ba79-7414923e623f:c7134, 7d686585-d831-45bc-93fc-0a553b604b0e:c7134]
2019-07-08 23:05:22,819 INFO  client.GrpcClientProtocolClient (GrpcClientProtocolClient.java:onNext(255)) - client-CEF4D3493DC0->4ee04582-2825-4055-a051-0465d62eb5ca: receive RaftClientReply:client-CEF4D3493DC0->4ee04582-2825-4055-a051-0465d62eb5ca@group-78E0FE5F723E, cid=4629, SUCCESS, logIndex=7139, commits[4ee04582-2825-4055-a051-0465d62eb5ca:c7140, 97f5b9f0-d9ef-40b5-ba79-7414923e623f:c7136, 7d686585-d831-45bc-93fc-0a553b604b0e:c7137]
2019-07-08 23:05:22,819 INFO  client.GrpcClientProtocolClient (GrpcClientProtocolClient.java:onNext(255)) - client-CEF4D3493DC0->4ee04582-2825-4055-a051-0465d62eb5ca: receive RaftClientReply:client-CEF4D3493DC0->4ee04582-2825-4055-a051-0465d62eb5ca@group-78E0FE5F723E, cid=4630, SUCCESS, logIndex=7140, commits[4ee04582-2825-4055-a051-0465d62eb5ca:c7140, 97f5b9f0-d9ef-40b5-ba79-7414923e623f:c7137, 7d686585-d831-45bc-93fc-0a553b604b0e:c7137]
2019-07-08 23:05:22,824 INFO  client.GrpcClientProtocolClient (GrpcClientProtocolClient.java:onNext(255)) - client-CEF4D3493DC0->4ee04582-2825-4055-a051-0465d62eb5ca: receive RaftClientReply:client-CEF4D3493DC0->4ee04582-2825-4055-a051-0465d62eb5ca@group-78E0FE5F723E, cid=4631, SUCCESS, logIndex=0, commits[4ee04582-2825-4055-a051-0465d62eb5ca:c7142, 97f5b9f0-d9ef-40b5-ba79-7414923e623f:c7140, 7d686585-d831-45bc-93fc-0a553b604b0e:c7140]
2019-07-08 23:05:22,968 INFO  client.GrpcClientProtocolClient (GrpcClientProtocolClient.java:onNext(255)) - client-CEF4D3493DC0->4ee04582-2825-4055-a051-0465d62eb5ca: receive RaftClientReply:client-CEF4D3493DC0->4ee04582-2825-4055-a051-0465d62eb5ca@group-78E0FE5F723E, cid=4632, SUCCESS, logIndex=7143, commits[4ee04582-2825-4055-a051-0465d62eb5ca:c7144, 97f5b9f0-d9ef-40b5-ba79-7414923e623f:c7140, 7d686585-d831-45bc-93fc-0a553b604b0e:c7142]
2019-07-08 23:05:22,968 INFO  client.GrpcClientProtocolClient (GrpcClientProtocolClient.java:onNext(255)) - client-CEF4D3493DC0->4ee04582-2825-4055-a051-0465d62eb5ca: receive RaftClientReply:client-CEF4D3493DC0->4ee04582-2825-4055-a051-0465d62eb5ca@group-78E0FE5F723E, cid=4633, SUCCESS, logIndex=7144, commits[4ee04582-2825-4055-a051-0465d62eb5ca:c7145, 97f5b9f0-d9ef-40b5-ba79-7414923e623f:c7142, 7d686585-d831-45bc-93fc-0a553b604b0e:c7142]
2019-07-08 23:05:22,969 INFO  client.GrpcClientProtocolClient (GrpcClientProtocolClient.java:onNext(255)) - client-CEF4D3493DC0->4ee04582-2825-4055-a051-0465d62eb5ca: receive RaftClientReply:client-CEF4D3493DC0->4ee04582-2825-4055-a051-0465d62eb5ca@group-78E0FE5F723E, cid=4634, SUCCESS, logIndex=7145, commits[4ee04582-2825-4055-a051-0465d62eb5ca:c7146, 97f5b9f0-d9ef-40b5-ba79-7414923e623f:c7142, 7d686585-d831-45bc-93fc-0a553b604b0e:c7142]
2019-07-08 23:05:22,969 INFO  client.GrpcClientProtocolClient (GrpcClientProtocolClient.java:onNext(255)) - client-CEF4D3493DC0->4ee04582-2825-4055-a051-0465d62eb5ca: receive RaftClientReply:client-CEF4D3493DC0->4ee04582-2825-4055-a051-0465d62eb5ca@group-78E0FE5F723E, cid=4635, SUCCESS, logIndex=7146, commits[4ee04582-2825-4055-a051-0465d62eb5ca:c7146, 97f5b9f0-d9ef-40b5-ba79-7414923e623f:c7142, 7d686585-d831-45bc-93fc-0a553b604b0e:c7142]
2019-07-08 23:05:22,974 INFO  client.GrpcClientProtocolClient (GrpcClientProtocolClient.java:onNext(255)) - client-CEF4D3493DC0->4ee04582-2825-4055-a051-0465d62eb5ca: receive RaftClientReply:client-CEF4D3493DC0->4ee04582-2825-4055-a051-0465d62eb5ca@group-78E0FE5F723E, cid=4636, SUCCESS, logIndex=0, commits[4ee04582-2825-4055-a051-0465d62eb5ca:c7148, 97f5b9f0-d9ef-40b5-ba79-7414923e623f:c7144, 7d686585-d831-45bc-93fc-0a553b604b0e:c7144]
2019-07-08 23:05:22,994 INFO  client.GrpcClientProtocolClient (GrpcClientProtocolClient.java:onNext(255)) - client-CEF4D3493DC0->4ee04582-2825-4055-a051-0465d62eb5ca: receive RaftClientReply:client-CEF4D3493DC0->4ee04582-2825-4055-a051-0465d62eb5ca@group-78E0FE5F723E, cid=4637, SUCCESS, logIndex=7151, commits[4ee04582-2825-4055-a051-0465d62eb5ca:c7152, 97f5b9f0-d9ef-40b5-ba79-7414923e623f:c7150, 7d686585-d831-45bc-93fc-0a553b604b0e:c7150]
2019-07-08 23:05:22,994 INFO  client.GrpcClientProtocolClient (GrpcClientProtocolClient.java:onNext(255)) - client-CEF4D3493DC0->4ee04582-2825-4055-a051-0465d62eb5ca: receive RaftClientReply:client-CEF4D3493DC0->4ee04582-2825-4055-a051-0465d62eb5ca@group-78E0FE5F723E, cid=4638, SUCCESS, logIndex=7152, commits[4ee04582-2825-4055-a051-0465d62eb5ca:c7152, 97f5b9f0-d9ef-40b5-ba79-7414923e623f:c7150, 7d686585-d831-45bc-93fc-0a553b604b0e:c7150]
2019-07-08 23:05:23,008 INFO  client.GrpcClientProtocolClient (GrpcClientProtocolClient.java:onNext(255)) - client-CEF4D3493DC0->4ee04582-2825-4055-a051-0465d62eb5ca: receive RaftClientReply:client-CEF4D3493DC0->4ee04582-2825-4055-a051-0465d62eb5ca@group-78E0FE5F723E, cid=4639, SUCCESS, logIndex=7155, commits[4ee04582-2825-4055-a051-0465d62eb5ca:c7156, 97f5b9f0-d9ef-40b5-ba79-7414923e623f:c7154, 7d686585-d831-45bc-93fc-0a553b604b0e:c7152]
2019-07-08 23:05:23,008 INFO  client.GrpcClientProtocolClient (GrpcClientProtocolClient.java:onNext(255)) - client-CEF4D3493DC0->4ee04582-2825-4055-a051-0465d62eb5ca: receive RaftClientReply:client-CEF4D3493DC0->4ee04582-2825-4055-a051-0465d62eb5ca@group-78E0FE5F723E, cid=4640, SUCCESS, logIndex=7156, commits[4ee04582-2825-4055-a051-0465d62eb5ca:c7156, 97f5b9f0-d9ef-40b5-ba79-7414923e623f:c7154, 7d686585-d831-45bc-93fc-0a553b604b0e:c7153]
2019-07-08 23:05:23,014 INFO  client.GrpcClientProtocolClient (GrpcClientProtocolClient.java:onNext(255)) - client-CEF4D3493DC0->4ee04582-2825-4055-a051-0465d62eb5ca: receive RaftClientReply:client-CEF4D3493DC0->4ee04582-2825-4055-a051-0465d62eb5ca@group-78E0FE5F723E, cid=4641, SUCCESS, logIndex=0, commits[4ee04582-2825-4055-a051-0465d62eb5ca:c7157, 97f5b9f0-d9ef-40b5-ba79-7414923e623f:c7156, 7d686585-d831-45bc-93fc-0a553b604b0e:c7156]
2019-07-08 23:05:23,042 INFO  client.GrpcClientProtocolClient (GrpcClientProtocolClient.java:onNext(255)) - client-CEF4D3493DC0->4ee04582-2825-4055-a051-0465d62eb5ca: receive RaftClientReply:client-CEF4D3493DC0->4ee04582-2825-4055-a051-0465d62eb5ca@group-78E0FE5F723E, cid=4642, SUCCESS, logIndex=7159, commits[4ee04582-2825-4055-a051-0465d62eb5ca:c7160, 97f5b9f0-d9ef-40b5-ba79-7414923e623f:c7158, 7d686585-d831-45bc-93fc-0a553b604b0e:c7156]
2019-07-08 23:05:23,043 INFO  client.GrpcClientProtocolClient (GrpcClientProtocolClient.java:onNext(255)) - client-CEF4D3493DC0->4ee04582-2825-4055-a051-0465d62eb5ca: receive RaftClientReply:client-CEF4D3493DC0->4ee04582-2825-4055-a051-0465d62eb5ca@group-78E0FE5F723E, cid=4643, SUCCESS, logIndex=7160, commits[4ee04582-2825-4055-a051-0465d62eb5ca:c7160, 97f5b9f0-d9ef-40b5-ba79-7414923e623f:c7158, 7d686585-d831-45bc-93fc-0a553b604b0e:c7156]
2019-07-08 23:05:23,045 INFO  client.GrpcClientProtocolClient (GrpcClientProtocolClient.java:onNext(255)) - client-CEF4D3493DC0->4ee04582-2825-4055-a051-0465d62eb5ca: receive RaftClientReply:client-CEF4D3493DC0->4ee04582-2825-4055-a051-0465d62eb5ca@group-78E0FE5F723E, cid=4644, SUCCESS, logIndex=7161, commits[4ee04582-2825-4055-a051-0465d62eb5ca:c7162, 97f5b9f0-d9ef-40b5-ba79-7414923e623f:c7158, 7d686585-d831-45bc-93fc-0a553b604b0e:c7158]
2019-07-08 23:05:23,045 INFO  client.GrpcClientProtocolClient (GrpcClientProtocolClient.java:onNext(255)) - client-CEF4D3493DC0->4ee04582-2825-4055-a051-0465d62eb5ca: receive RaftClientReply:client-CEF4D3493DC0->4ee04582-2825-4055-a051-0465d62eb5ca@group-78E0FE5F723E, cid=4645, SUCCESS, logIndex=7162, commits[4ee04582-2825-4055-a051-0465d62eb5ca:c7162, 97f5b9f0-d9ef-40b5-ba79-7414923e623f:c7158, 7d686585-d831-45bc-93fc-0a553b604b0e:c7158]
2019-07-08 23:05:23,046 INFO  client.GrpcClientProtocolClient (GrpcClientProtocolClient.java:onNext(255)) - client-CEF4D3493DC0->4ee04582-2825-4055-a051-0465d62eb5ca: receive RaftClientReply:client-CEF4D3493DC0->4ee04582-2825-4055-a051-0465d62eb5ca@group-78E0FE5F723E, cid=4646, SUCCESS, logIndex=0, commits[4ee04582-2825-4055-a051-0465d62eb5ca:c7164, 97f5b9f0-d9ef-40b5-ba79-7414923e623f:c7160, 7d686585-d831-45bc-93fc-0a553b604b0e:c7160]
2019-07-08 23:05:23,058 INFO  client.GrpcClientProtocolClient (GrpcClientProtocolClient.java:onNext(255)) - client-CEF4D3493DC0->4ee04582-2825-4055-a051-0465d62eb5ca: receive RaftClientReply:client-CEF4D3493DC0->4ee04582-2825-4055-a051-0465d62eb5ca@group-78E0FE5F723E, cid=4647, SUCCESS, logIndex=7167, commits[4ee04582-2825-4055-a051-0465d62eb5ca:c7168, 97f5b9f0-d9ef-40b5-ba79-7414923e623f:c7162, 7d686585-d831-45bc-93fc-0a553b604b0e:c7166]
2019-07-08 23:05:23,058 INFO  client.GrpcClientProtocolClient (GrpcClientProtocolClient.java:onNext(255)) - client-CEF4D3493DC0->4ee04582-2825-4055-a051-0465d62eb5ca: receive RaftClientReply:client-CEF4D3493DC0->4ee04582-2825-4055-a051-0465d62eb5ca@group-78E0FE5F723E, cid=4648, SUCCESS, logIndex=7168, commits[4ee04582-2825-4055-a051-0465d62eb5ca:c7168, 97f5b9f0-d9ef-40b5-ba79-7414923e623f:c7166, 7d686585-d831-45bc-93fc-0a553b604b0e:c7166]
2019-07-08 23:05:23,070 INFO  client.GrpcClientProtocolClient (GrpcClientProtocolClient.java:onNext(255)) - client-CEF4D3493DC0->4ee04582-2825-4055-a051-0465d62eb5ca: receive RaftClientReply:client-CEF4D3493DC0->4ee04582-2825-4055-a051-0465d62eb5ca@group-78E0FE5F723E, cid=4649, SUCCESS, logIndex=7171, commits[4ee04582-2825-4055-a051-0465d62eb5ca:c7172, 97f5b9f0-d9ef-40b5-ba79-7414923e623f:c7169, 7d686585-d831-45bc-93fc-0a553b604b0e:c7168]
2019-07-08 23:05:23,071 INFO  client.GrpcClientProtocolClient (GrpcClientProtocolClient.java:onNext(255)) - client-CEF4D3493DC0->4ee04582-2825-4055-a051-0465d62eb5ca: receive RaftClientReply:client-CEF4D3493DC0->4ee04582-2825-4055-a051-0465d62eb5ca@group-78E0FE5F723E, cid=4650, SUCCESS, logIndex=7172, commits[4ee04582-2825-4055-a051-0465d62eb5ca:c7172, 97f5b9f0-d9ef-40b5-ba79-7414923e623f:c7169, 7d686585-d831-45bc-93fc-0a553b604b0e:c7169]
2019-07-08 23:05:23,074 INFO  client.GrpcClientProtocolClient (GrpcClientProtocolClient.java:onNext(255)) - client-CEF4D3493DC0->4ee04582-2825-4055-a051-0465d62eb5ca: receive RaftClientReply:client-CEF4D3493DC0->4ee04582-2825-4055-a051-0465d62eb5ca@group-78E0FE5F723E, cid=4651, SUCCESS, logIndex=0, commits[4ee04582-2825-4055-a051-0465d62eb5ca:c7173, 97f5b9f0-d9ef-40b5-ba79-7414923e623f:c7172, 7d686585-d831-45bc-93fc-0a553b604b0e:c7172]
2019-07-08 23:05:23,100 INFO  client.GrpcClientProtocolClient (GrpcClientProtocolClient.java:onNext(255)) - client-CEF4D3493DC0->4ee04582-2825-4055-a051-0465d62eb5ca: receive RaftClientReply:client-CEF4D3493DC0->4ee04582-2825-4055-a051-0465d62eb5ca@group-78E0FE5F723E, cid=4652, SUCCESS, logIndex=7175, commits[4ee04582-2825-4055-a051-0465d62eb5ca:c7176, 97f5b9f0-d9ef-40b5-ba79-7414923e623f:c7174, 7d686585-d831-45bc-93fc-0a553b604b0e:c7172]
2019-07-08 23:05:23,100 INFO  client.GrpcClientProtocolClient (GrpcClientProtocolClient.java:onNext(255)) - client-CEF4D3493DC0->4ee04582-2825-4055-a051-0465d62eb5ca: receive RaftClientReply:client-CEF4D3493DC0->4ee04582-2825-4055-a051-0465d62eb5ca@group-78E0FE5F723E, cid=4653, SUCCESS, logIndex=7176, commits[4ee04582-2825-4055-a051-0465d62eb5ca:c7176, 97f5b9f0-d9ef-40b5-ba79-7414923e623f:c7174, 7d686585-d831-45bc-93fc-0a553b604b0e:c7172]
2019-07-08 23:05:23,103 INFO  client.GrpcClientProtocolClient (GrpcClientProtocolClient.java:onNext(255)) - client-CEF4D3493DC0->4ee04582-2825-4055-a051-0465d62eb5ca: receive RaftClientReply:client-CEF4D3493DC0->4ee04582-2825-4055-a051-0465d62eb5ca@group-78E0FE5F723E, cid=4654, SUCCESS, logIndex=7177, commits[4ee04582-2825-4055-a051-0465d62eb5ca:c7178, 97f5b9f0-d9ef-40b5-ba79-7414923e623f:c7174, 7d686585-d831-45bc-93fc-0a553b604b0e:c7174]
2019-07-08 23:05:23,103 INFO  client.GrpcClientProtocolClient (GrpcClientProtocolClient.java:onNext(255)) - client-CEF4D3493DC0->4ee04582-2825-4055-a051-0465d62eb5ca: receive RaftClientReply:client-CEF4D3493DC0->4ee04582-2825-4055-a051-0465d62eb5ca@group-78E0FE5F723E, cid=4655, SUCCESS, logIndex=7178, commits[4ee04582-2825-4055-a051-0465d62eb5ca:c7178, 97f5b9f0-d9ef-40b5-ba79-7414923e623f:c7174, 7d686585-d831-45bc-93fc-0a553b604b0e:c7174]
2019-07-08 23:05:23,106 INFO  client.GrpcClientProtocolClient (GrpcClientProtocolClient.java:onNext(255)) - client-CEF4D3493DC0->4ee04582-2825-4055-a051-0465d62eb5ca: receive RaftClientReply:client-CEF4D3493DC0->4ee04582-2825-4055-a051-0465d62eb5ca@group-78E0FE5F723E, cid=4656, SUCCESS, logIndex=0, commits[4ee04582-2825-4055-a051-0465d62eb5ca:c7180, 97f5b9f0-d9ef-40b5-ba79-7414923e623f:c7176, 7d686585-d831-45bc-93fc-0a553b604b0e:c7176]
2019-07-08 23:05:23,119 INFO  client.GrpcClientProtocolClient (GrpcClientProtocolClient.java:onNext(255)) - client-CEF4D3493DC0->4ee04582-2825-4055-a051-0465d62eb5ca: receive RaftClientReply:client-CEF4D3493DC0->4ee04582-2825-4055-a051-0465d62eb5ca@group-78E0FE5F723E, cid=4657, SUCCESS, logIndex=7183, commits[4ee04582-2825-4055-a051-0465d62eb5ca:c7184, 97f5b9f0-d9ef-40b5-ba79-7414923e623f:c7182, 7d686585-d831-45bc-93fc-0a553b604b0e:c7178]
2019-07-08 23:05:23,119 INFO  client.GrpcClientProtocolClient (GrpcClientProtocolClient.java:onNext(255)) - client-CEF4D3493DC0->4ee04582-2825-4055-a051-0465d62eb5ca: receive RaftClientReply:client-CEF4D3493DC0->4ee04582-2825-4055-a051-0465d62eb5ca@group-78E0FE5F723E, cid=4658, SUCCESS, logIndex=7184, commits[4ee04582-2825-4055-a051-0465d62eb5ca:c7184, 97f5b9f0-d9ef-40b5-ba79-7414923e623f:c7182, 7d686585-d831-45bc-93fc-0a553b604b0e:c7182]
2019-07-08 23:05:23,138 INFO  client.GrpcClientProtocolClient (GrpcClientProtocolClient.java:onNext(255)) - client-CEF4D3493DC0->4ee04582-2825-4055-a051-0465d62eb5ca: receive RaftClientReply:client-CEF4D3493DC0->4ee04582-2825-4055-a051-0465d62eb5ca@group-78E0FE5F723E, cid=4659, SUCCESS, logIndex=7187, commits[4ee04582-2825-4055-a051-0465d62eb5ca:c7188, 97f5b9f0-d9ef-40b5-ba79-7414923e623f:c7186, 7d686585-d831-45bc-93fc-0a553b604b0e:c7186]
2019-07-08 23:05:23,138 INFO  client.GrpcClientProtocolClient (GrpcClientProtocolClient.java:onNext(255)) - client-CEF4D3493DC0->4ee04582-2825-4055-a051-0465d62eb5ca: receive RaftClientReply:client-CEF4D3493DC0->4ee04582-2825-4055-a051-0465d62eb5ca@group-78E0FE5F723E, cid=4660, SUCCESS, logIndex=7188, commits[4ee04582-2825-4055-a051-0465d62eb5ca:c7188, 97f5b9f0-d9ef-40b5-ba79-7414923e623f:c7186, 7d686585-d831-45bc-93fc-0a553b604b0e:c7186]
2019-07-08 23:05:23,145 INFO  client.GrpcClientProtocolClient (GrpcClientProtocolClient.java:onNext(255)) - client-CEF4D3493DC0->4ee04582-2825-4055-a051-0465d62eb5ca: receive RaftClientReply:client-CEF4D3493DC0->4ee04582-2825-4055-a051-0465d62eb5ca@group-78E0FE5F723E, cid=4661, SUCCESS, logIndex=0, commits[4ee04582-2825-4055-a051-0465d62eb5ca:c7190, 97f5b9f0-d9ef-40b5-ba79-7414923e623f:c7188, 7d686585-d831-45bc-93fc-0a553b604b0e:c7188]
2019-07-08 23:05:23,178 INFO  client.GrpcClientProtocolClient (GrpcClientProtocolClient.java:onNext(255)) - client-CEF4D3493DC0->4ee04582-2825-4055-a051-0465d62eb5ca: receive RaftClientReply:client-CEF4D3493DC0->4ee04582-2825-4055-a051-0465d62eb5ca@group-78E0FE5F723E, cid=4662, SUCCESS, logIndex=7191, commits[4ee04582-2825-4055-a051-0465d62eb5ca:c7192, 97f5b9f0-d9ef-40b5-ba79-7414923e623f:c7190, 7d686585-d831-45bc-93fc-0a553b604b0e:c7188]
2019-07-08 23:05:23,179 INFO  client.GrpcClientProtocolClient (GrpcClientProtocolClient.java:onNext(255)) - client-CEF4D3493DC0->4ee04582-2825-4055-a051-0465d62eb5ca: receive RaftClientReply:client-CEF4D3493DC0->4ee04582-2825-4055-a051-0465d62eb5ca@group-78E0FE5F723E, cid=4663, SUCCESS, logIndex=7192, commits[4ee04582-2825-4055-a051-0465d62eb5ca:c7192, 97f5b9f0-d9ef-40b5-ba79-7414923e623f:c7190, 7d686585-d831-45bc-93fc-0a553b604b0e:c7188]
2019-07-08 23:05:23,192 INFO  client.GrpcClientProtocolClient (GrpcClientProtocolClient.java:onNext(255)) - client-CEF4D3493DC0->4ee04582-2825-4055-a051-0465d62eb5ca: receive RaftClientReply:client-CEF4D3493DC0->4ee04582-2825-4055-a051-0465d62eb5ca@group-78E0FE5F723E, cid=4664, SUCCESS, logIndex=7193, commits[4ee04582-2825-4055-a051-0465d62eb5ca:c7195, 97f5b9f0-d9ef-40b5-ba79-7414923e623f:c7191, 7d686585-d831-45bc-93fc-0a553b604b0e:c7190]
2019-07-08 23:05:23,193 INFO  client.GrpcClientProtocolClient (GrpcClientProtocolClient.java:onNext(255)) - client-CEF4D3493DC0->4ee04582-2825-4055-a051-0465d62eb5ca: receive RaftClientReply:client-CEF4D3493DC0->4ee04582-2825-4055-a051-0465d62eb5ca@group-78E0FE5F723E, cid=4665, SUCCESS, logIndex=7194, commits[4ee04582-2825-4055-a051-0465d62eb5ca:c7196, 97f5b9f0-d9ef-40b5-ba79-7414923e623f:c7192, 7d686585-d831-45bc-93fc-0a553b604b0e:c7190]
2019-07-08 23:05:23,194 INFO  client.GrpcClientProtocolClient (GrpcClientProtocolClient.java:onNext(255)) - client-CEF4D3493DC0->4ee04582-2825-4055-a051-0465d62eb5ca: receive RaftClientReply:client-CEF4D3493DC0->4ee04582-2825-4055-a051-0465d62eb5ca@group-78E0FE5F723E, cid=4666, SUCCESS, logIndex=0, commits[4ee04582-2825-4055-a051-0465d62eb5ca:c7196, 97f5b9f0-d9ef-40b5-ba79-7414923e623f:c7192, 7d686585-d831-45bc-93fc-0a553b604b0e:c7192]
2019-07-08 23:05:23,207 INFO  client.GrpcClientProtocolClient (GrpcClientProtocolClient.java:onNext(255)) - client-CEF4D3493DC0->4ee04582-2825-4055-a051-0465d62eb5ca: receive RaftClientReply:client-CEF4D3493DC0->4ee04582-2825-4055-a051-0465d62eb5ca@group-78E0FE5F723E, cid=4667, SUCCESS, logIndex=7199, commits[4ee04582-2825-4055-a051-0465d62eb5ca:c7200, 97f5b9f0-d9ef-40b5-ba79-7414923e623f:c7198, 7d686585-d831-45bc-93fc-0a553b604b0e:c7195]
2019-07-08 23:05:23,207 INFO  client.GrpcClientProtocolClient (GrpcClientProtocolClient.java:onNext(255)) - client-CEF4D3493DC0->4ee04582-2825-4055-a051-0465d62eb5ca: receive RaftClientReply:client-CEF4D3493DC0->4ee04582-2825-4055-a051-0465d62eb5ca@group-78E0FE5F723E, cid=4668, SUCCESS, logIndex=7200, commits[4ee04582-2825-4055-a051-0465d62eb5ca:c7200, 97f5b9f0-d9ef-40b5-ba79-7414923e623f:c7198, 7d686585-d831-45bc-93fc-0a553b604b0e:c7198]
2019-07-08 23:05:23,228 INFO  client.GrpcClientProtocolClient (GrpcClientProtocolClient.java:onNext(255)) - client-CEF4D3493DC0->4ee04582-2825-4055-a051-0465d62eb5ca: receive RaftClientReply:client-CEF4D3493DC0->4ee04582-2825-4055-a051-0465d62eb5ca@group-78E0FE5F723E, cid=4669, SUCCESS, logIndex=7203, commits[4ee04582-2825-4055-a051-0465d62eb5ca:c7204, 97f5b9f0-d9ef-40b5-ba79-7414923e623f:c7202, 7d686585-d831-45bc-93fc-0a553b604b0e:c7202]
2019-07-08 23:05:23,228 INFO  client.GrpcClientProtocolClient (GrpcClientProtocolClient.java:onNext(255)) - client-CEF4D3493DC0->4ee04582-2825-4055-a051-0465d62eb5ca: receive RaftClientReply:client-CEF4D3493DC0->4ee04582-2825-4055-a051-0465d62eb5ca@group-78E0FE5F723E, cid=4670, SUCCESS, logIndex=7204, commits[4ee04582-2825-4055-a051-0465d62eb5ca:c7204, 97f5b9f0-d9ef-40b5-ba79-7414923e623f:c7202, 7d686585-d831-45bc-93fc-0a553b604b0e:c7202]
2019-07-08 23:05:23,235 INFO  client.GrpcClientProtocolClient (GrpcClientProtocolClient.java:onNext(255)) - client-CEF4D3493DC0->4ee04582-2825-4055-a051-0465d62eb5ca: receive RaftClientReply:client-CEF4D3493DC0->4ee04582-2825-4055-a051-0465d62eb5ca@group-78E0FE5F723E, cid=4671, SUCCESS, logIndex=0, commits[4ee04582-2825-4055-a051-0465d62eb5ca:c7205, 97f5b9f0-d9ef-40b5-ba79-7414923e623f:c7204, 7d686585-d831-45bc-93fc-0a553b604b0e:c7204]
2019-07-08 23:05:23,266 INFO  client.GrpcClientProtocolClient (GrpcClientProtocolClient.java:onNext(255)) - client-CEF4D3493DC0->4ee04582-2825-4055-a051-0465d62eb5ca: receive RaftClientReply:client-CEF4D3493DC0->4ee04582-2825-4055-a051-0465d62eb5ca@group-78E0FE5F723E, cid=4672, SUCCESS, logIndex=7207, commits[4ee04582-2825-4055-a051-0465d62eb5ca:c7208, 97f5b9f0-d9ef-40b5-ba79-7414923e623f:c7206, 7d686585-d831-45bc-93fc-0a553b604b0e:c7206]
2019-07-08 23:05:23,267 INFO  client.GrpcClientProtocolClient (GrpcClientProtocolClient.java:onNext(255)) - client-CEF4D3493DC0->4ee04582-2825-4055-a051-0465d62eb5ca: receive RaftClientReply:client-CEF4D3493DC0->4ee04582-2825-4055-a051-0465d62eb5ca@group-78E0FE5F723E, cid=4673, SUCCESS, logIndex=7208, commits[4ee04582-2825-4055-a051-0465d62eb5ca:c7208, 97f5b9f0-d9ef-40b5-ba79-7414923e623f:c7206, 7d686585-d831-45bc-93fc-0a553b604b0e:c7206]
 0.00% |█                                                                                                    |  0/1 Time: 0:00:322019-07-08 23:05:23,269 INFO  client.GrpcClientProtocolClient (GrpcClientProtocolClient.java:onNext(255)) - client-CEF4D3493DC0->4ee04582-2825-4055-a051-0465d62eb5ca: receive RaftClientReply:client-CEF4D3493DC0->4ee04582-2825-4055-a051-0465d62eb5ca@group-78E0FE5F723E, cid=4674, SUCCESS, logIndex=7209, commits[4ee04582-2825-4055-a051-0465d62eb5ca:c7210, 97f5b9f0-d9ef-40b5-ba79-7414923e623f:c7206, 7d686585-d831-45bc-93fc-0a553b604b0e:c7206]
2019-07-08 23:05:23,269 INFO  client.GrpcClientProtocolClient (GrpcClientProtocolClient.java:onNext(255)) - client-CEF4D3493DC0->4ee04582-2825-4055-a051-0465d62eb5ca: receive RaftClientReply:client-CEF4D3493DC0->4ee04582-2825-4055-a051-0465d62eb5ca@group-78E0FE5F723E, cid=4675, SUCCESS, logIndex=7210, commits[4ee04582-2825-4055-a051-0465d62eb5ca:c7212, 97f5b9f0-d9ef-40b5-ba79-7414923e623f:c7208, 7d686585-d831-45bc-93fc-0a553b604b0e:c7206]
2019-07-08 23:05:23,270 INFO  client.GrpcClientProtocolClient (GrpcClientProtocolClient.java:onNext(255)) - client-CEF4D3493DC0->4ee04582-2825-4055-a051-0465d62eb5ca: receive RaftClientReply:client-CEF4D3493DC0->4ee04582-2825-4055-a051-0465d62eb5ca@group-78E0FE5F723E, cid=4676, SUCCESS, logIndex=0, commits[4ee04582-2825-4055-a051-0465d62eb5ca:c7212, 97f5b9f0-d9ef-40b5-ba79-7414923e623f:c7208, 7d686585-d831-45bc-93fc-0a553b604b0e:c7208]
2019-07-08 23:05:23,284 INFO  client.GrpcClientProtocolClient (GrpcClientProtocolClient.java:onNext(255)) - client-CEF4D3493DC0->4ee04582-2825-4055-a051-0465d62eb5ca: receive RaftClientReply:client-CEF4D3493DC0->4ee04582-2825-4055-a051-0465d62eb5ca@group-78E0FE5F723E, cid=4677, SUCCESS, logIndex=7215, commits[4ee04582-2825-4055-a051-0465d62eb5ca:c7216, 97f5b9f0-d9ef-40b5-ba79-7414923e623f:c7214, 7d686585-d831-45bc-93fc-0a553b604b0e:c7214]
2019-07-08 23:05:23,284 INFO  client.GrpcClientProtocolClient (GrpcClientProtocolClient.java:onNext(255)) - client-CEF4D3493DC0->4ee04582-2825-4055-a051-0465d62eb5ca: receive RaftClientReply:client-CEF4D3493DC0->4ee04582-2825-4055-a051-0465d62eb5ca@group-78E0FE5F723E, cid=4678, SUCCESS, logIndex=7216, commits[4ee04582-2825-4055-a051-0465d62eb5ca:c7216, 97f5b9f0-d9ef-40b5-ba79-7414923e623f:c7214, 7d686585-d831-45bc-93fc-0a553b604b0e:c7214]
2019-07-08 23:05:23,298 INFO  client.GrpcClientProtocolClient (GrpcClientProtocolClient.java:onNext(255)) - client-CEF4D3493DC0->4ee04582-2825-4055-a051-0465d62eb5ca: receive RaftClientReply:client-CEF4D3493DC0->4ee04582-2825-4055-a051-0465d62eb5ca@group-78E0FE5F723E, cid=4679, SUCCESS, logIndex=7219, commits[4ee04582-2825-4055-a051-0465d62eb5ca:c7220, 97f5b9f0-d9ef-40b5-ba79-7414923e623f:c7218, 7d686585-d831-45bc-93fc-0a553b604b0e:c7216]
2019-07-08 23:05:23,299 INFO  client.GrpcClientProtocolClient (GrpcClientProtocolClient.java:onNext(255)) - client-CEF4D3493DC0->4ee04582-2825-4055-a051-0465d62eb5ca: receive RaftClientReply:client-CEF4D3493DC0->4ee04582-2825-4055-a051-0465d62eb5ca@group-78E0FE5F723E, cid=4680, SUCCESS, logIndex=7220, commits[4ee04582-2825-4055-a051-0465d62eb5ca:c7220, 97f5b9f0-d9ef-40b5-ba79-7414923e623f:c7218, 7d686585-d831-45bc-93fc-0a553b604b0e:c7218]
2019-07-08 23:05:23,305 INFO  client.GrpcClientProtocolClient (GrpcClientProtocolClient.java:onNext(255)) - client-CEF4D3493DC0->4ee04582-2825-4055-a051-0465d62eb5ca: receive RaftClientReply:client-CEF4D3493DC0->4ee04582-2825-4055-a051-0465d62eb5ca@group-78E0FE5F723E, cid=4681, SUCCESS, logIndex=0, commits[4ee04582-2825-4055-a051-0465d62eb5ca:c7222, 97f5b9f0-d9ef-40b5-ba79-7414923e623f:c7220, 7d686585-d831-45bc-93fc-0a553b604b0e:c7220]
2019-07-08 23:05:23,336 INFO  client.GrpcClientProtocolClient (GrpcClientProtocolClient.java:onNext(255)) - client-CEF4D3493DC0->4ee04582-2825-4055-a051-0465d62eb5ca: receive RaftClientReply:client-CEF4D3493DC0->4ee04582-2825-4055-a051-0465d62eb5ca@group-78E0FE5F723E, cid=4682, SUCCESS, logIndex=7223, commits[4ee04582-2825-4055-a051-0465d62eb5ca:c7224, 97f5b9f0-d9ef-40b5-ba79-7414923e623f:c7222, 7d686585-d831-45bc-93fc-0a553b604b0e:c7220]
2019-07-08 23:05:23,336 INFO  client.GrpcClientProtocolClient (GrpcClientProtocolClient.java:onNext(255)) - client-CEF4D3493DC0->4ee04582-2825-4055-a051-0465d62eb5ca: receive RaftClientReply:client-CEF4D3493DC0->4ee04582-2825-4055-a051-0465d62eb5ca@group-78E0FE5F723E, cid=4683, SUCCESS, logIndex=7224, commits[4ee04582-2825-4055-a051-0465d62eb5ca:c7224, 97f5b9f0-d9ef-40b5-ba79-7414923e623f:c7222, 7d686585-d831-45bc-93fc-0a553b604b0e:c7222]
2019-07-08 23:05:23,340 INFO  client.GrpcClientProtocolClient (GrpcClientProtocolClient.java:onNext(255)) - client-CEF4D3493DC0->4ee04582-2825-4055-a051-0465d62eb5ca: receive RaftClientReply:client-CEF4D3493DC0->4ee04582-2825-4055-a051-0465d62eb5ca@group-78E0FE5F723E, cid=4684, SUCCESS, logIndex=7225, commits[4ee04582-2825-4055-a051-0465d62eb5ca:c7227, 97f5b9f0-d9ef-40b5-ba79-7414923e623f:c7224, 7d686585-d831-45bc-93fc-0a553b604b0e:c7222]
2019-07-08 23:05:23,341 INFO  client.GrpcClientProtocolClient (GrpcClientProtocolClient.java:onNext(255)) - client-CEF4D3493DC0->4ee04582-2825-4055-a051-0465d62eb5ca: receive RaftClientReply:client-CEF4D3493DC0->4ee04582-2825-4055-a051-0465d62eb5ca@group-78E0FE5F723E, cid=4685, SUCCESS, logIndex=7226, commits[4ee04582-2825-4055-a051-0465d62eb5ca:c7228, 97f5b9f0-d9ef-40b5-ba79-7414923e623f:c7224, 7d686585-d831-45bc-93fc-0a553b604b0e:c7224]
2019-07-08 23:05:23,355 INFO  client.GrpcClientProtocolClient (GrpcClientProtocolClient.java:onNext(255)) - client-CEF4D3493DC0->4ee04582-2825-4055-a051-0465d62eb5ca: receive RaftClientReply:client-CEF4D3493DC0->4ee04582-2825-4055-a051-0465d62eb5ca@group-78E0FE5F723E, cid=4686, SUCCESS, logIndex=7231, commits[4ee04582-2825-4055-a051-0465d62eb5ca:c7232, 97f5b9f0-d9ef-40b5-ba79-7414923e623f:c7230, 7d686585-d831-45bc-93fc-0a553b604b0e:c7230]
2019-07-08 23:05:23,356 INFO  client.GrpcClientProtocolClient (GrpcClientProtocolClient.java:onNext(255)) - client-CEF4D3493DC0->4ee04582-2825-4055-a051-0465d62eb5ca: receive RaftClientReply:client-CEF4D3493DC0->4ee04582-2825-4055-a051-0465d62eb5ca@group-78E0FE5F723E, cid=4687, SUCCESS, logIndex=7232, commits[4ee04582-2825-4055-a051-0465d62eb5ca:c7232, 97f5b9f0-d9ef-40b5-ba79-7414923e623f:c7230, 7d686585-d831-45bc-93fc-0a553b604b0e:c7230]
2019-07-08 23:05:23,370 INFO  client.GrpcClientProtocolClient (GrpcClientProtocolClient.java:onNext(255)) - client-CEF4D3493DC0->4ee04582-2825-4055-a051-0465d62eb5ca: receive RaftClientReply:client-CEF4D3493DC0->4ee04582-2825-4055-a051-0465d62eb5ca@group-78E0FE5F723E, cid=4688, SUCCESS, logIndex=7235, commits[4ee04582-2825-4055-a051-0465d62eb5ca:c7236, 97f5b9f0-d9ef-40b5-ba79-7414923e623f:c7234, 7d686585-d831-45bc-93fc-0a553b604b0e:c7234]
2019-07-08 23:05:23,371 INFO  client.GrpcClientProtocolClient (GrpcClientProtocolClient.java:onNext(255)) - client-CEF4D3493DC0->4ee04582-2825-4055-a051-0465d62eb5ca: receive RaftClientReply:client-CEF4D3493DC0->4ee04582-2825-4055-a051-0465d62eb5ca@group-78E0FE5F723E, cid=4689, SUCCESS, logIndex=7236, commits[4ee04582-2825-4055-a051-0465d62eb5ca:c7236, 97f5b9f0-d9ef-40b5-ba79-7414923e623f:c7234, 7d686585-d831-45bc-93fc-0a553b604b0e:c7234]
2019-07-08 23:05:23,372 INFO  client.GrpcClientProtocolClient (GrpcClientProtocolClient.java:onNext(255)) - client-CEF4D3493DC0->4ee04582-2825-4055-a051-0465d62eb5ca: receive RaftClientReply:client-CEF4D3493DC0->4ee04582-2825-4055-a051-0465d62eb5ca@group-78E0FE5F723E, cid=4690, SUCCESS, logIndex=0, commits[4ee04582-2825-4055-a051-0465d62eb5ca:c7237, 97f5b9f0-d9ef-40b5-ba79-7414923e623f:c7236, 7d686585-d831-45bc-93fc-0a553b604b0e:c7236]
2019-07-08 23:05:23,404 INFO  client.GrpcClientProtocolClient (GrpcClientProtocolClient.java:onNext(255)) - client-CEF4D3493DC0->4ee04582-2825-4055-a051-0465d62eb5ca: receive RaftClientReply:client-CEF4D3493DC0->4ee04582-2825-4055-a051-0465d62eb5ca@group-78E0FE5F723E, cid=4691, SUCCESS, logIndex=7239, commits[4ee04582-2825-4055-a051-0465d62eb5ca:c7240, 97f5b9f0-d9ef-40b5-ba79-7414923e623f:c7238, 7d686585-d831-45bc-93fc-0a553b604b0e:c7236]
2019-07-08 23:05:23,405 INFO  client.GrpcClientProtocolClient (GrpcClientProtocolClient.java:onNext(255)) - client-CEF4D3493DC0->4ee04582-2825-4055-a051-0465d62eb5ca: receive RaftClientReply:client-CEF4D3493DC0->4ee04582-2825-4055-a051-0465d62eb5ca@group-78E0FE5F723E, cid=4692, SUCCESS, logIndex=7240, commits[4ee04582-2825-4055-a051-0465d62eb5ca:c7240, 97f5b9f0-d9ef-40b5-ba79-7414923e623f:c7238, 7d686585-d831-45bc-93fc-0a553b604b0e:c7236]
2019-07-08 23:05:23,407 INFO  client.GrpcClientProtocolClient (GrpcClientProtocolClient.java:onNext(255)) - client-CEF4D3493DC0->4ee04582-2825-4055-a051-0465d62eb5ca: receive RaftClientReply:client-CEF4D3493DC0->4ee04582-2825-4055-a051-0465d62eb5ca@group-78E0FE5F723E, cid=4693, SUCCESS, logIndex=7241, commits[4ee04582-2825-4055-a051-0465d62eb5ca:c7242, 97f5b9f0-d9ef-40b5-ba79-7414923e623f:c7239, 7d686585-d831-45bc-93fc-0a553b604b0e:c7238]
2019-07-08 23:05:23,407 INFO  client.GrpcClientProtocolClient (GrpcClientProtocolClient.java:onNext(255)) - client-CEF4D3493DC0->4ee04582-2825-4055-a051-0465d62eb5ca: receive RaftClientReply:client-CEF4D3493DC0->4ee04582-2825-4055-a051-0465d62eb5ca@group-78E0FE5F723E, cid=4694, SUCCESS, logIndex=7242, commits[4ee04582-2825-4055-a051-0465d62eb5ca:c7242, 97f5b9f0-d9ef-40b5-ba79-7414923e623f:c7240, 7d686585-d831-45bc-93fc-0a553b604b0e:c7238]
2019-07-08 23:05:23,409 INFO  client.GrpcClientProtocolClient (GrpcClientProtocolClient.java:onNext(255)) - client-CEF4D3493DC0->4ee04582-2825-4055-a051-0465d62eb5ca: receive RaftClientReply:client-CEF4D3493DC0->4ee04582-2825-4055-a051-0465d62eb5ca@group-78E0FE5F723E, cid=4695, SUCCESS, logIndex=0, commits[4ee04582-2825-4055-a051-0465d62eb5ca:c7244, 97f5b9f0-d9ef-40b5-ba79-7414923e623f:c7240, 7d686585-d831-45bc-93fc-0a553b604b0e:c7240]
2019-07-08 23:05:23,422 INFO  client.GrpcClientProtocolClient (GrpcClientProtocolClient.java:onNext(255)) - client-CEF4D3493DC0->4ee04582-2825-4055-a051-0465d62eb5ca: receive RaftClientReply:client-CEF4D3493DC0->4ee04582-2825-4055-a051-0465d62eb5ca@group-78E0FE5F723E, cid=4696, SUCCESS, logIndex=7246, commits[4ee04582-2825-4055-a051-0465d62eb5ca:c7247, 97f5b9f0-d9ef-40b5-ba79-7414923e623f:c7245, 7d686585-d831-45bc-93fc-0a553b604b0e:c7245]
2019-07-08 23:05:23,422 INFO  client.GrpcClientProtocolClient (GrpcClientProtocolClient.java:onNext(255)) - client-CEF4D3493DC0->4ee04582-2825-4055-a051-0465d62eb5ca: receive RaftClientReply:client-CEF4D3493DC0->4ee04582-2825-4055-a051-0465d62eb5ca@group-78E0FE5F723E, cid=4697, SUCCESS, logIndex=7247, commits[4ee04582-2825-4055-a051-0465d62eb5ca:c7247, 97f5b9f0-d9ef-40b5-ba79-7414923e623f:c7245, 7d686585-d831-45bc-93fc-0a553b604b0e:c7245]
2019-07-08 23:05:23,434 INFO  client.GrpcClientProtocolClient (GrpcClientProtocolClient.java:onNext(255)) - client-CEF4D3493DC0->4ee04582-2825-4055-a051-0465d62eb5ca: receive RaftClientReply:client-CEF4D3493DC0->4ee04582-2825-4055-a051-0465d62eb5ca@group-78E0FE5F723E, cid=4698, SUCCESS, logIndex=7249, commits[4ee04582-2825-4055-a051-0465d62eb5ca:c7250, 97f5b9f0-d9ef-40b5-ba79-7414923e623f:c7248, 7d686585-d831-45bc-93fc-0a553b604b0e:c7247]
2019-07-08 23:05:23,434 INFO  client.GrpcClientProtocolClient (GrpcClientProtocolClient.java:onNext(255)) - client-CEF4D3493DC0->4ee04582-2825-4055-a051-0465d62eb5ca: receive RaftClientReply:client-CEF4D3493DC0->4ee04582-2825-4055-a051-0465d62eb5ca@group-78E0FE5F723E, cid=4699, SUCCESS, logIndex=7250, commits[4ee04582-2825-4055-a051-0465d62eb5ca:c7250, 97f5b9f0-d9ef-40b5-ba79-7414923e623f:c7248, 7d686585-d831-45bc-93fc-0a553b604b0e:c7248]
2019-07-08 23:05:23,440 INFO  client.GrpcClientProtocolClient (GrpcClientProtocolClient.java:onNext(255)) - client-CEF4D3493DC0->4ee04582-2825-4055-a051-0465d62eb5ca: receive RaftClientReply:client-CEF4D3493DC0->4ee04582-2825-4055-a051-0465d62eb5ca@group-78E0FE5F723E, cid=4700, SUCCESS, logIndex=0, commits[4ee04582-2825-4055-a051-0465d62eb5ca:c7251, 97f5b9f0-d9ef-40b5-ba79-7414923e623f:c7250, 7d686585-d831-45bc-93fc-0a553b604b0e:c7250]
2019-07-08 23:05:23,473 INFO  client.GrpcClientProtocolClient (GrpcClientProtocolClient.java:onNext(255)) - client-CEF4D3493DC0->4ee04582-2825-4055-a051-0465d62eb5ca: receive RaftClientReply:client-CEF4D3493DC0->4ee04582-2825-4055-a051-0465d62eb5ca@group-78E0FE5F723E, cid=4701, SUCCESS, logIndex=7253, commits[4ee04582-2825-4055-a051-0465d62eb5ca:c7254, 97f5b9f0-d9ef-40b5-ba79-7414923e623f:c7250, 7d686585-d831-45bc-93fc-0a553b604b0e:c7252]
2019-07-08 23:05:23,474 INFO  client.GrpcClientProtocolClient (GrpcClientProtocolClient.java:onNext(255)) - client-CEF4D3493DC0->4ee04582-2825-4055-a051-0465d62eb5ca: receive RaftClientReply:client-CEF4D3493DC0->4ee04582-2825-4055-a051-0465d62eb5ca@group-78E0FE5F723E, cid=4702, SUCCESS, logIndex=7254, commits[4ee04582-2825-4055-a051-0465d62eb5ca:c7254, 97f5b9f0-d9ef-40b5-ba79-7414923e623f:c7250, 7d686585-d831-45bc-93fc-0a553b604b0e:c7252]
2019-07-08 23:05:23,474 INFO  client.GrpcClientProtocolClient (GrpcClientProtocolClient.java:onNext(255)) - client-CEF4D3493DC0->4ee04582-2825-4055-a051-0465d62eb5ca: receive RaftClientReply:client-CEF4D3493DC0->4ee04582-2825-4055-a051-0465d62eb5ca@group-78E0FE5F723E, cid=4703, SUCCESS, logIndex=7255, commits[4ee04582-2825-4055-a051-0465d62eb5ca:c7256, 97f5b9f0-d9ef-40b5-ba79-7414923e623f:c7250, 7d686585-d831-45bc-93fc-0a553b604b0e:c7252]
2019-07-08 23:05:23,474 INFO  client.GrpcClientProtocolClient (GrpcClientProtocolClient.java:onNext(255)) - client-CEF4D3493DC0->4ee04582-2825-4055-a051-0465d62eb5ca: receive RaftClientReply:client-CEF4D3493DC0->4ee04582-2825-4055-a051-0465d62eb5ca@group-78E0FE5F723E, cid=4704, SUCCESS, logIndex=7256, commits[4ee04582-2825-4055-a051-0465d62eb5ca:c7256, 97f5b9f0-d9ef-40b5-ba79-7414923e623f:c7252, 7d686585-d831-45bc-93fc-0a553b604b0e:c7252]
2019-07-08 23:05:23,476 INFO  client.GrpcClientProtocolClient (GrpcClientProtocolClient.java:onNext(255)) - client-CEF4D3493DC0->4ee04582-2825-4055-a051-0465d62eb5ca: receive RaftClientReply:client-CEF4D3493DC0->4ee04582-2825-4055-a051-0465d62eb5ca@group-78E0FE5F723E, cid=4705, SUCCESS, logIndex=0, commits[4ee04582-2825-4055-a051-0465d62eb5ca:c7257, 97f5b9f0-d9ef-40b5-ba79-7414923e623f:c7254, 7d686585-d831-45bc-93fc-0a553b604b0e:c7254]
2019-07-08 23:05:23,490 INFO  client.GrpcClientProtocolClient (GrpcClientProtocolClient.java:onNext(255)) - client-CEF4D3493DC0->4ee04582-2825-4055-a051-0465d62eb5ca: receive RaftClientReply:client-CEF4D3493DC0->4ee04582-2825-4055-a051-0465d62eb5ca@group-78E0FE5F723E, cid=4706, SUCCESS, logIndex=7260, commits[4ee04582-2825-4055-a051-0465d62eb5ca:c7261, 97f5b9f0-d9ef-40b5-ba79-7414923e623f:c7259, 7d686585-d831-45bc-93fc-0a553b604b0e:c7259]
2019-07-08 23:05:23,490 INFO  client.GrpcClientProtocolClient (GrpcClientProtocolClient.java:onNext(255)) - client-CEF4D3493DC0->4ee04582-2825-4055-a051-0465d62eb5ca: receive RaftClientReply:client-CEF4D3493DC0->4ee04582-2825-4055-a051-0465d62eb5ca@group-78E0FE5F723E, cid=4707, SUCCESS, logIndex=7261, commits[4ee04582-2825-4055-a051-0465d62eb5ca:c7261, 97f5b9f0-d9ef-40b5-ba79-7414923e623f:c7259, 7d686585-d831-45bc-93fc-0a553b604b0e:c7259]
2019-07-08 23:05:23,517 INFO  client.GrpcClientProtocolClient (GrpcClientProtocolClient.java:onNext(255)) - client-CEF4D3493DC0->4ee04582-2825-4055-a051-0465d62eb5ca: receive RaftClientReply:client-CEF4D3493DC0->4ee04582-2825-4055-a051-0465d62eb5ca@group-78E0FE5F723E, cid=4708, SUCCESS, logIndex=7264, commits[4ee04582-2825-4055-a051-0465d62eb5ca:c7265, 97f5b9f0-d9ef-40b5-ba79-7414923e623f:c7263, 7d686585-d831-45bc-93fc-0a553b604b0e:c7263]
2019-07-08 23:05:23,517 INFO  client.GrpcClientProtocolClient (GrpcClientProtocolClient.java:onNext(255)) - client-CEF4D3493DC0->4ee04582-2825-4055-a051-0465d62eb5ca: receive RaftClientReply:client-CEF4D3493DC0->4ee04582-2825-4055-a051-0465d62eb5ca@group-78E0FE5F723E, cid=4709, SUCCESS, logIndex=7265, commits[4ee04582-2825-4055-a051-0465d62eb5ca:c7265, 97f5b9f0-d9ef-40b5-ba79-7414923e623f:c7263, 7d686585-d831-45bc-93fc-0a553b604b0e:c7263]
2019-07-08 23:05:23,525 INFO  client.GrpcClientProtocolClient (GrpcClientProtocolClient.java:onNext(255)) - client-CEF4D3493DC0->4ee04582-2825-4055-a051-0465d62eb5ca: receive RaftClientReply:client-CEF4D3493DC0->4ee04582-2825-4055-a051-0465d62eb5ca@group-78E0FE5F723E, cid=4710, SUCCESS, logIndex=0, commits[4ee04582-2825-4055-a051-0465d62eb5ca:c7266, 97f5b9f0-d9ef-40b5-ba79-7414923e623f:c7265, 7d686585-d831-45bc-93fc-0a553b604b0e:c7265]
2019-07-08 23:05:23,566 INFO  client.GrpcClientProtocolClient (GrpcClientProtocolClient.java:onNext(255)) - client-CEF4D3493DC0->4ee04582-2825-4055-a051-0465d62eb5ca: receive RaftClientReply:client-CEF4D3493DC0->4ee04582-2825-4055-a051-0465d62eb5ca@group-78E0FE5F723E, cid=4711, SUCCESS, logIndex=7268, commits[4ee04582-2825-4055-a051-0465d62eb5ca:c7271, 97f5b9f0-d9ef-40b5-ba79-7414923e623f:c7267, 7d686585-d831-45bc-93fc-0a553b604b0e:c7265]
2019-07-08 23:05:23,566 INFO  client.GrpcClientProtocolClient (GrpcClientProtocolClient.java:onNext(255)) - client-CEF4D3493DC0->4ee04582-2825-4055-a051-0465d62eb5ca: receive RaftClientReply:client-CEF4D3493DC0->4ee04582-2825-4055-a051-0465d62eb5ca@group-78E0FE5F723E, cid=4712, SUCCESS, logIndex=7269, commits[4ee04582-2825-4055-a051-0465d62eb5ca:c7271, 97f5b9f0-d9ef-40b5-ba79-7414923e623f:c7267, 7d686585-d831-45bc-93fc-0a553b604b0e:c7267]
2019-07-08 23:05:23,566 INFO  client.GrpcClientProtocolClient (GrpcClientProtocolClient.java:onNext(255)) - client-CEF4D3493DC0->4ee04582-2825-4055-a051-0465d62eb5ca: receive RaftClientReply:client-CEF4D3493DC0->4ee04582-2825-4055-a051-0465d62eb5ca@group-78E0FE5F723E, cid=4713, SUCCESS, logIndex=7270, commits[4ee04582-2825-4055-a051-0465d62eb5ca:c7271, 97f5b9f0-d9ef-40b5-ba79-7414923e623f:c7267, 7d686585-d831-45bc-93fc-0a553b604b0e:c7267]
2019-07-08 23:05:23,566 INFO  client.GrpcClientProtocolClient (GrpcClientProtocolClient.java:onNext(255)) - client-CEF4D3493DC0->4ee04582-2825-4055-a051-0465d62eb5ca: receive RaftClientReply:client-CEF4D3493DC0->4ee04582-2825-4055-a051-0465d62eb5ca@group-78E0FE5F723E, cid=4714, SUCCESS, logIndex=7271, commits[4ee04582-2825-4055-a051-0465d62eb5ca:c7271, 97f5b9f0-d9ef-40b5-ba79-7414923e623f:c7267, 7d686585-d831-45bc-93fc-0a553b604b0e:c7267]
2019-07-08 23:05:23,569 INFO  client.GrpcClientProtocolClient (GrpcClientProtocolClient.java:onNext(255)) - client-CEF4D3493DC0->4ee04582-2825-4055-a051-0465d62eb5ca: receive RaftClientReply:client-CEF4D3493DC0->4ee04582-2825-4055-a051-0465d62eb5ca@group-78E0FE5F723E, cid=4715, SUCCESS, logIndex=0, commits[4ee04582-2825-4055-a051-0465d62eb5ca:c7272, 97f5b9f0-d9ef-40b5-ba79-7414923e623f:c7270, 7d686585-d831-45bc-93fc-0a553b604b0e:c7270]
2019-07-08 23:05:23,581 INFO  client.GrpcClientProtocolClient (GrpcClientProtocolClient.java:onNext(255)) - client-CEF4D3493DC0->4ee04582-2825-4055-a051-0465d62eb5ca: receive RaftClientReply:client-CEF4D3493DC0->4ee04582-2825-4055-a051-0465d62eb5ca@group-78E0FE5F723E, cid=4716, SUCCESS, logIndex=7275, commits[4ee04582-2825-4055-a051-0465d62eb5ca:c7276, 97f5b9f0-d9ef-40b5-ba79-7414923e623f:c7274, 7d686585-d831-45bc-93fc-0a553b604b0e:c7271]
2019-07-08 23:05:23,581 INFO  client.GrpcClientProtocolClient (GrpcClientProtocolClient.java:onNext(255)) - client-CEF4D3493DC0->4ee04582-2825-4055-a051-0465d62eb5ca: receive RaftClientReply:client-CEF4D3493DC0->4ee04582-2825-4055-a051-0465d62eb5ca@group-78E0FE5F723E, cid=4717, SUCCESS, logIndex=7276, commits[4ee04582-2825-4055-a051-0465d62eb5ca:c7276, 97f5b9f0-d9ef-40b5-ba79-7414923e623f:c7274, 7d686585-d831-45bc-93fc-0a553b604b0e:c7274]
2019-07-08 23:05:23,602 INFO  client.GrpcClientProtocolClient (GrpcClientProtocolClient.java:onNext(255)) - client-CEF4D3493DC0->4ee04582-2825-4055-a051-0465d62eb5ca: receive RaftClientReply:client-CEF4D3493DC0->4ee04582-2825-4055-a051-0465d62eb5ca@group-78E0FE5F723E, cid=4718, SUCCESS, logIndex=7278, commits[4ee04582-2825-4055-a051-0465d62eb5ca:c7279, 97f5b9f0-d9ef-40b5-ba79-7414923e623f:c7277, 7d686585-d831-45bc-93fc-0a553b604b0e:c7276]
2019-07-08 23:05:23,602 INFO  client.GrpcClientProtocolClient (GrpcClientProtocolClient.java:onNext(255)) - client-CEF4D3493DC0->4ee04582-2825-4055-a051-0465d62eb5ca: receive RaftClientReply:client-CEF4D3493DC0->4ee04582-2825-4055-a051-0465d62eb5ca@group-78E0FE5F723E, cid=4719, SUCCESS, logIndex=7279, commits[4ee04582-2825-4055-a051-0465d62eb5ca:c7279, 97f5b9f0-d9ef-40b5-ba79-7414923e623f:c7277, 7d686585-d831-45bc-93fc-0a553b604b0e:c7277]
2019-07-08 23:05:23,605 INFO  client.GrpcClientProtocolClient (GrpcClientProtocolClient.java:onNext(255)) - client-CEF4D3493DC0->4ee04582-2825-4055-a051-0465d62eb5ca: receive RaftClientReply:client-CEF4D3493DC0->4ee04582-2825-4055-a051-0465d62eb5ca@group-78E0FE5F723E, cid=4720, SUCCESS, logIndex=0, commits[4ee04582-2825-4055-a051-0465d62eb5ca:c7280, 97f5b9f0-d9ef-40b5-ba79-7414923e623f:c7279, 7d686585-d831-45bc-93fc-0a553b604b0e:c7279]
2019-07-08 23:05:23,633 INFO  client.GrpcClientProtocolClient (GrpcClientProtocolClient.java:onNext(255)) - client-CEF4D3493DC0->4ee04582-2825-4055-a051-0465d62eb5ca: receive RaftClientReply:client-CEF4D3493DC0->4ee04582-2825-4055-a051-0465d62eb5ca@group-78E0FE5F723E, cid=4721, SUCCESS, logIndex=7282, commits[4ee04582-2825-4055-a051-0465d62eb5ca:c7285, 97f5b9f0-d9ef-40b5-ba79-7414923e623f:c7281, 7d686585-d831-45bc-93fc-0a553b604b0e:c7281]
2019-07-08 23:05:23,634 INFO  client.GrpcClientProtocolClient (GrpcClientProtocolClient.java:onNext(255)) - client-CEF4D3493DC0->4ee04582-2825-4055-a051-0465d62eb5ca: receive RaftClientReply:client-CEF4D3493DC0->4ee04582-2825-4055-a051-0465d62eb5ca@group-78E0FE5F723E, cid=4722, SUCCESS, logIndex=7283, commits[4ee04582-2825-4055-a051-0465d62eb5ca:c7285, 97f5b9f0-d9ef-40b5-ba79-7414923e623f:c7281, 7d686585-d831-45bc-93fc-0a553b604b0e:c7281]
2019-07-08 23:05:23,635 INFO  client.GrpcClientProtocolClient (GrpcClientProtocolClient.java:onNext(255)) - client-CEF4D3493DC0->4ee04582-2825-4055-a051-0465d62eb5ca: receive RaftClientReply:client-CEF4D3493DC0->4ee04582-2825-4055-a051-0465d62eb5ca@group-78E0FE5F723E, cid=4723, SUCCESS, logIndex=7284, commits[4ee04582-2825-4055-a051-0465d62eb5ca:c7285, 97f5b9f0-d9ef-40b5-ba79-7414923e623f:c7281, 7d686585-d831-45bc-93fc-0a553b604b0e:c7281]
2019-07-08 23:05:23,635 INFO  client.GrpcClientProtocolClient (GrpcClientProtocolClient.java:onNext(255)) - client-CEF4D3493DC0->4ee04582-2825-4055-a051-0465d62eb5ca: receive RaftClientReply:client-CEF4D3493DC0->4ee04582-2825-4055-a051-0465d62eb5ca@group-78E0FE5F723E, cid=4724, SUCCESS, logIndex=7285, commits[4ee04582-2825-4055-a051-0465d62eb5ca:c7285, 97f5b9f0-d9ef-40b5-ba79-7414923e623f:c7281, 7d686585-d831-45bc-93fc-0a553b604b0e:c7281]
2019-07-08 23:05:23,637 INFO  client.GrpcClientProtocolClient (GrpcClientProtocolClient.java:onNext(255)) - client-CEF4D3493DC0->4ee04582-2825-4055-a051-0465d62eb5ca: receive RaftClientReply:client-CEF4D3493DC0->4ee04582-2825-4055-a051-0465d62eb5ca@group-78E0FE5F723E, cid=4725, SUCCESS, logIndex=0, commits[4ee04582-2825-4055-a051-0465d62eb5ca:c7287, 97f5b9f0-d9ef-40b5-ba79-7414923e623f:c7284, 7d686585-d831-45bc-93fc-0a553b604b0e:c7284]
2019-07-08 23:05:23,766 INFO  client.GrpcClientProtocolClient (GrpcClientProtocolClient.java:onNext(255)) - client-CEF4D3493DC0->4ee04582-2825-4055-a051-0465d62eb5ca: receive RaftClientReply:client-CEF4D3493DC0->4ee04582-2825-4055-a051-0465d62eb5ca@group-78E0FE5F723E, cid=4726, SUCCESS, logIndex=7290, commits[4ee04582-2825-4055-a051-0465d62eb5ca:c7291, 97f5b9f0-d9ef-40b5-ba79-7414923e623f:c7289, 7d686585-d831-45bc-93fc-0a553b604b0e:c7289]
2019-07-08 23:05:23,767 INFO  client.GrpcClientProtocolClient (GrpcClientProtocolClient.java:onNext(255)) - client-CEF4D3493DC0->4ee04582-2825-4055-a051-0465d62eb5ca: receive RaftClientReply:client-CEF4D3493DC0->4ee04582-2825-4055-a051-0465d62eb5ca@group-78E0FE5F723E, cid=4727, SUCCESS, logIndex=7291, commits[4ee04582-2825-4055-a051-0465d62eb5ca:c7291, 97f5b9f0-d9ef-40b5-ba79-7414923e623f:c7289, 7d686585-d831-45bc-93fc-0a553b604b0e:c7289]
2019-07-08 23:05:23,781 INFO  client.GrpcClientProtocolClient (GrpcClientProtocolClient.java:onNext(255)) - client-CEF4D3493DC0->4ee04582-2825-4055-a051-0465d62eb5ca: receive RaftClientReply:client-CEF4D3493DC0->4ee04582-2825-4055-a051-0465d62eb5ca@group-78E0FE5F723E, cid=4728, SUCCESS, logIndex=7294, commits[4ee04582-2825-4055-a051-0465d62eb5ca:c7295, 97f5b9f0-d9ef-40b5-ba79-7414923e623f:c7293, 7d686585-d831-45bc-93fc-0a553b604b0e:c7291]
2019-07-08 23:05:23,781 INFO  client.GrpcClientProtocolClient (GrpcClientProtocolClient.java:onNext(255)) - client-CEF4D3493DC0->4ee04582-2825-4055-a051-0465d62eb5ca: receive RaftClientReply:client-CEF4D3493DC0->4ee04582-2825-4055-a051-0465d62eb5ca@group-78E0FE5F723E, cid=4729, SUCCESS, logIndex=7295, commits[4ee04582-2825-4055-a051-0465d62eb5ca:c7295, 97f5b9f0-d9ef-40b5-ba79-7414923e623f:c7293, 7d686585-d831-45bc-93fc-0a553b604b0e:c7293]
2019-07-08 23:05:23,784 INFO  client.GrpcClientProtocolClient (GrpcClientProtocolClient.java:onNext(255)) - client-CEF4D3493DC0->4ee04582-2825-4055-a051-0465d62eb5ca: receive RaftClientReply:client-CEF4D3493DC0->4ee04582-2825-4055-a051-0465d62eb5ca@group-78E0FE5F723E, cid=4730, SUCCESS, logIndex=0, commits[4ee04582-2825-4055-a051-0465d62eb5ca:c7296, 97f5b9f0-d9ef-40b5-ba79-7414923e623f:c7295, 7d686585-d831-45bc-93fc-0a553b604b0e:c7295]
2019-07-08 23:05:23,813 INFO  client.GrpcClientProtocolClient (GrpcClientProtocolClient.java:onNext(255)) - client-CEF4D3493DC0->4ee04582-2825-4055-a051-0465d62eb5ca: receive RaftClientReply:client-CEF4D3493DC0->4ee04582-2825-4055-a051-0465d62eb5ca@group-78E0FE5F723E, cid=4731, SUCCESS, logIndex=7298, commits[4ee04582-2825-4055-a051-0465d62eb5ca:c7301, 97f5b9f0-d9ef-40b5-ba79-7414923e623f:c7297, 7d686585-d831-45bc-93fc-0a553b604b0e:c7295]
2019-07-08 23:05:23,813 INFO  client.GrpcClientProtocolClient (GrpcClientProtocolClient.java:onNext(255)) - client-CEF4D3493DC0->4ee04582-2825-4055-a051-0465d62eb5ca: receive RaftClientReply:client-CEF4D3493DC0->4ee04582-2825-4055-a051-0465d62eb5ca@group-78E0FE5F723E, cid=4732, SUCCESS, logIndex=7299, commits[4ee04582-2825-4055-a051-0465d62eb5ca:c7301, 97f5b9f0-d9ef-40b5-ba79-7414923e623f:c7297, 7d686585-d831-45bc-93fc-0a553b604b0e:c7297]
2019-07-08 23:05:23,814 INFO  client.GrpcClientProtocolClient (GrpcClientProtocolClient.java:onNext(255)) - client-CEF4D3493DC0->4ee04582-2825-4055-a051-0465d62eb5ca: receive RaftClientReply:client-CEF4D3493DC0->4ee04582-2825-4055-a051-0465d62eb5ca@group-78E0FE5F723E, cid=4733, SUCCESS, logIndex=7300, commits[4ee04582-2825-4055-a051-0465d62eb5ca:c7301, 97f5b9f0-d9ef-40b5-ba79-7414923e623f:c7297, 7d686585-d831-45bc-93fc-0a553b604b0e:c7297]
2019-07-08 23:05:23,814 INFO  client.GrpcClientProtocolClient (GrpcClientProtocolClient.java:onNext(255)) - client-CEF4D3493DC0->4ee04582-2825-4055-a051-0465d62eb5ca: receive RaftClientReply:client-CEF4D3493DC0->4ee04582-2825-4055-a051-0465d62eb5ca@group-78E0FE5F723E, cid=4734, SUCCESS, logIndex=7301, commits[4ee04582-2825-4055-a051-0465d62eb5ca:c7301, 97f5b9f0-d9ef-40b5-ba79-7414923e623f:c7297, 7d686585-d831-45bc-93fc-0a553b604b0e:c7297]
2019-07-08 23:05:23,819 INFO  client.GrpcClientProtocolClient (GrpcClientProtocolClient.java:onNext(255)) - client-CEF4D3493DC0->4ee04582-2825-4055-a051-0465d62eb5ca: receive RaftClientReply:client-CEF4D3493DC0->4ee04582-2825-4055-a051-0465d62eb5ca@group-78E0FE5F723E, cid=4735, SUCCESS, logIndex=0, commits[4ee04582-2825-4055-a051-0465d62eb5ca:c7304, 97f5b9f0-d9ef-40b5-ba79-7414923e623f:c7301, 7d686585-d831-45bc-93fc-0a553b604b0e:c7300]
2019-07-08 23:05:23,891 INFO  client.GrpcClientProtocolClient (GrpcClientProtocolClient.java:onNext(255)) - client-CEF4D3493DC0->4ee04582-2825-4055-a051-0465d62eb5ca: receive RaftClientReply:client-CEF4D3493DC0->4ee04582-2825-4055-a051-0465d62eb5ca@group-78E0FE5F723E, cid=4736, SUCCESS, logIndex=7306, commits[4ee04582-2825-4055-a051-0465d62eb5ca:c7307, 97f5b9f0-d9ef-40b5-ba79-7414923e623f:c7305, 7d686585-d831-45bc-93fc-0a553b604b0e:c7305]
2019-07-08 23:05:23,892 INFO  client.GrpcClientProtocolClient (GrpcClientProtocolClient.java:onNext(255)) - client-CEF4D3493DC0->4ee04582-2825-4055-a051-0465d62eb5ca: receive RaftClientReply:client-CEF4D3493DC0->4ee04582-2825-4055-a051-0465d62eb5ca@group-78E0FE5F723E, cid=4737, SUCCESS, logIndex=7307, commits[4ee04582-2825-4055-a051-0465d62eb5ca:c7307, 97f5b9f0-d9ef-40b5-ba79-7414923e623f:c7305, 7d686585-d831-45bc-93fc-0a553b604b0e:c7305]
2019-07-08 23:05:23,913 INFO  client.GrpcClientProtocolClient (GrpcClientProtocolClient.java:onNext(255)) - client-CEF4D3493DC0->4ee04582-2825-4055-a051-0465d62eb5ca: receive RaftClientReply:client-CEF4D3493DC0->4ee04582-2825-4055-a051-0465d62eb5ca@group-78E0FE5F723E, cid=4738, SUCCESS, logIndex=7310, commits[4ee04582-2825-4055-a051-0465d62eb5ca:c7311, 97f5b9f0-d9ef-40b5-ba79-7414923e623f:c7307, 7d686585-d831-45bc-93fc-0a553b604b0e:c7308]
2019-07-08 23:05:23,913 INFO  client.GrpcClientProtocolClient (GrpcClientProtocolClient.java:onNext(255)) - client-CEF4D3493DC0->4ee04582-2825-4055-a051-0465d62eb5ca: receive RaftClientReply:client-CEF4D3493DC0->4ee04582-2825-4055-a051-0465d62eb5ca@group-78E0FE5F723E, cid=4739, SUCCESS, logIndex=7311, commits[4ee04582-2825-4055-a051-0465d62eb5ca:c7311, 97f5b9f0-d9ef-40b5-ba79-7414923e623f:c7308, 7d686585-d831-45bc-93fc-0a553b604b0e:c7308]
2019-07-08 23:05:23,916 INFO  client.GrpcClientProtocolClient (GrpcClientProtocolClient.java:onNext(255)) - client-CEF4D3493DC0->4ee04582-2825-4055-a051-0465d62eb5ca: receive RaftClientReply:client-CEF4D3493DC0->4ee04582-2825-4055-a051-0465d62eb5ca@group-78E0FE5F723E, cid=4740, SUCCESS, logIndex=0, commits[4ee04582-2825-4055-a051-0465d62eb5ca:c7312, 97f5b9f0-d9ef-40b5-ba79-7414923e623f:c7311, 7d686585-d831-45bc-93fc-0a553b604b0e:c7311]
2019-07-08 23:05:23,944 INFO  client.GrpcClientProtocolClient (GrpcClientProtocolClient.java:onNext(255)) - client-CEF4D3493DC0->4ee04582-2825-4055-a051-0465d62eb5ca: receive RaftClientReply:client-CEF4D3493DC0->4ee04582-2825-4055-a051-0465d62eb5ca@group-78E0FE5F723E, cid=4741, SUCCESS, logIndex=7314, commits[4ee04582-2825-4055-a051-0465d62eb5ca:c7317, 97f5b9f0-d9ef-40b5-ba79-7414923e623f:c7313, 7d686585-d831-45bc-93fc-0a553b604b0e:c7311]
2019-07-08 23:05:23,945 INFO  client.GrpcClientProtocolClient (GrpcClientProtocolClient.java:onNext(255)) - client-CEF4D3493DC0->4ee04582-2825-4055-a051-0465d62eb5ca: receive RaftClientReply:client-CEF4D3493DC0->4ee04582-2825-4055-a051-0465d62eb5ca@group-78E0FE5F723E, cid=4742, SUCCESS, logIndex=7315, commits[4ee04582-2825-4055-a051-0465d62eb5ca:c7317, 97f5b9f0-d9ef-40b5-ba79-7414923e623f:c7313, 7d686585-d831-45bc-93fc-0a553b604b0e:c7313]
2019-07-08 23:05:23,945 INFO  client.GrpcClientProtocolClient (GrpcClientProtocolClient.java:onNext(255)) - client-CEF4D3493DC0->4ee04582-2825-4055-a051-0465d62eb5ca: receive RaftClientReply:client-CEF4D3493DC0->4ee04582-2825-4055-a051-0465d62eb5ca@group-78E0FE5F723E, cid=4743, SUCCESS, logIndex=7316, commits[4ee04582-2825-4055-a051-0465d62eb5ca:c7317, 97f5b9f0-d9ef-40b5-ba79-7414923e623f:c7313, 7d686585-d831-45bc-93fc-0a553b604b0e:c7313]
2019-07-08 23:05:23,945 INFO  client.GrpcClientProtocolClient (GrpcClientProtocolClient.java:onNext(255)) - client-CEF4D3493DC0->4ee04582-2825-4055-a051-0465d62eb5ca: receive RaftClientReply:client-CEF4D3493DC0->4ee04582-2825-4055-a051-0465d62eb5ca@group-78E0FE5F723E, cid=4744, SUCCESS, logIndex=7317, commits[4ee04582-2825-4055-a051-0465d62eb5ca:c7317, 97f5b9f0-d9ef-40b5-ba79-7414923e623f:c7313, 7d686585-d831-45bc-93fc-0a553b604b0e:c7313]
2019-07-08 23:05:23,946 INFO  client.GrpcClientProtocolClient (GrpcClientProtocolClient.java:onNext(255)) - client-CEF4D3493DC0->4ee04582-2825-4055-a051-0465d62eb5ca: receive RaftClientReply:client-CEF4D3493DC0->4ee04582-2825-4055-a051-0465d62eb5ca@group-78E0FE5F723E, cid=4745, SUCCESS, logIndex=0, commits[4ee04582-2825-4055-a051-0465d62eb5ca:c7318, 97f5b9f0-d9ef-40b5-ba79-7414923e623f:c7315, 7d686585-d831-45bc-93fc-0a553b604b0e:c7315]
2019-07-08 23:05:23,958 INFO  client.GrpcClientProtocolClient (GrpcClientProtocolClient.java:onNext(255)) - client-CEF4D3493DC0->4ee04582-2825-4055-a051-0465d62eb5ca: receive RaftClientReply:client-CEF4D3493DC0->4ee04582-2825-4055-a051-0465d62eb5ca@group-78E0FE5F723E, cid=4746, SUCCESS, logIndex=7321, commits[4ee04582-2825-4055-a051-0465d62eb5ca:c7322, 97f5b9f0-d9ef-40b5-ba79-7414923e623f:c7320, 7d686585-d831-45bc-93fc-0a553b604b0e:c7317]
2019-07-08 23:05:23,958 INFO  client.GrpcClientProtocolClient (GrpcClientProtocolClient.java:onNext(255)) - client-CEF4D3493DC0->4ee04582-2825-4055-a051-0465d62eb5ca: receive RaftClientReply:client-CEF4D3493DC0->4ee04582-2825-4055-a051-0465d62eb5ca@group-78E0FE5F723E, cid=4747, SUCCESS, logIndex=7322, commits[4ee04582-2825-4055-a051-0465d62eb5ca:c7322, 97f5b9f0-d9ef-40b5-ba79-7414923e623f:c7320, 7d686585-d831-45bc-93fc-0a553b604b0e:c7320]
2019-07-08 23:05:23,970 INFO  client.GrpcClientProtocolClient (GrpcClientProtocolClient.java:onNext(255)) - client-CEF4D3493DC0->4ee04582-2825-4055-a051-0465d62eb5ca: receive RaftClientReply:client-CEF4D3493DC0->4ee04582-2825-4055-a051-0465d62eb5ca@group-78E0FE5F723E, cid=4748, SUCCESS, logIndex=7324, commits[4ee04582-2825-4055-a051-0465d62eb5ca:c7325, 97f5b9f0-d9ef-40b5-ba79-7414923e623f:c7323, 7d686585-d831-45bc-93fc-0a553b604b0e:c7323]
2019-07-08 23:05:23,970 INFO  client.GrpcClientProtocolClient (GrpcClientProtocolClient.java:onNext(255)) - client-CEF4D3493DC0->4ee04582-2825-4055-a051-0465d62eb5ca: receive RaftClientReply:client-CEF4D3493DC0->4ee04582-2825-4055-a051-0465d62eb5ca@group-78E0FE5F723E, cid=4749, SUCCESS, logIndex=7325, commits[4ee04582-2825-4055-a051-0465d62eb5ca:c7325, 97f5b9f0-d9ef-40b5-ba79-7414923e623f:c7323, 7d686585-d831-45bc-93fc-0a553b604b0e:c7323]
2019-07-08 23:05:23,977 INFO  client.GrpcClientProtocolClient (GrpcClientProtocolClient.java:onNext(255)) - client-CEF4D3493DC0->4ee04582-2825-4055-a051-0465d62eb5ca: receive RaftClientReply:client-CEF4D3493DC0->4ee04582-2825-4055-a051-0465d62eb5ca@group-78E0FE5F723E, cid=4750, SUCCESS, logIndex=0, commits[4ee04582-2825-4055-a051-0465d62eb5ca:c7326, 97f5b9f0-d9ef-40b5-ba79-7414923e623f:c7325, 7d686585-d831-45bc-93fc-0a553b604b0e:c7325]
2019-07-08 23:05:24,008 INFO  client.GrpcClientProtocolClient (GrpcClientProtocolClient.java:onNext(255)) - client-CEF4D3493DC0->4ee04582-2825-4055-a051-0465d62eb5ca: receive RaftClientReply:client-CEF4D3493DC0->4ee04582-2825-4055-a051-0465d62eb5ca@group-78E0FE5F723E, cid=4751, SUCCESS, logIndex=7328, commits[4ee04582-2825-4055-a051-0465d62eb5ca:c7329, 97f5b9f0-d9ef-40b5-ba79-7414923e623f:c7327, 7d686585-d831-45bc-93fc-0a553b604b0e:c7327]
2019-07-08 23:05:24,009 INFO  client.GrpcClientProtocolClient (GrpcClientProtocolClient.java:onNext(255)) - client-CEF4D3493DC0->4ee04582-2825-4055-a051-0465d62eb5ca: receive RaftClientReply:client-CEF4D3493DC0->4ee04582-2825-4055-a051-0465d62eb5ca@group-78E0FE5F723E, cid=4752, SUCCESS, logIndex=7329, commits[4ee04582-2825-4055-a051-0465d62eb5ca:c7329, 97f5b9f0-d9ef-40b5-ba79-7414923e623f:c7327, 7d686585-d831-45bc-93fc-0a553b604b0e:c7327]
2019-07-08 23:05:24,012 INFO  client.GrpcClientProtocolClient (GrpcClientProtocolClient.java:onNext(255)) - client-CEF4D3493DC0->4ee04582-2825-4055-a051-0465d62eb5ca: receive RaftClientReply:client-CEF4D3493DC0->4ee04582-2825-4055-a051-0465d62eb5ca@group-78E0FE5F723E, cid=4753, SUCCESS, logIndex=7330, commits[4ee04582-2825-4055-a051-0465d62eb5ca:c7331, 97f5b9f0-d9ef-40b5-ba79-7414923e623f:c7327, 7d686585-d831-45bc-93fc-0a553b604b0e:c7327]
2019-07-08 23:05:24,012 INFO  client.GrpcClientProtocolClient (GrpcClientProtocolClient.java:onNext(255)) - client-CEF4D3493DC0->4ee04582-2825-4055-a051-0465d62eb5ca: receive RaftClientReply:client-CEF4D3493DC0->4ee04582-2825-4055-a051-0465d62eb5ca@group-78E0FE5F723E, cid=4754, SUCCESS, logIndex=7331, commits[4ee04582-2825-4055-a051-0465d62eb5ca:c7332, 97f5b9f0-d9ef-40b5-ba79-7414923e623f:c7327, 7d686585-d831-45bc-93fc-0a553b604b0e:c7329]
2019-07-08 23:05:24,013 INFO  client.GrpcClientProtocolClient (GrpcClientProtocolClient.java:onNext(255)) - client-CEF4D3493DC0->4ee04582-2825-4055-a051-0465d62eb5ca: receive RaftClientReply:client-CEF4D3493DC0->4ee04582-2825-4055-a051-0465d62eb5ca@group-78E0FE5F723E, cid=4755, SUCCESS, logIndex=0, commits[4ee04582-2825-4055-a051-0465d62eb5ca:c7332, 97f5b9f0-d9ef-40b5-ba79-7414923e623f:c7329, 7d686585-d831-45bc-93fc-0a553b604b0e:c7329]
2019-07-08 23:05:24,028 INFO  client.GrpcClientProtocolClient (GrpcClientProtocolClient.java:onNext(255)) - client-CEF4D3493DC0->4ee04582-2825-4055-a051-0465d62eb5ca: receive RaftClientReply:client-CEF4D3493DC0->4ee04582-2825-4055-a051-0465d62eb5ca@group-78E0FE5F723E, cid=4756, SUCCESS, logIndex=7335, commits[4ee04582-2825-4055-a051-0465d62eb5ca:c7336, 97f5b9f0-d9ef-40b5-ba79-7414923e623f:c7331, 7d686585-d831-45bc-93fc-0a553b604b0e:c7334]
2019-07-08 23:05:24,028 INFO  client.GrpcClientProtocolClient (GrpcClientProtocolClient.java:onNext(255)) - client-CEF4D3493DC0->4ee04582-2825-4055-a051-0465d62eb5ca: receive RaftClientReply:client-CEF4D3493DC0->4ee04582-2825-4055-a051-0465d62eb5ca@group-78E0FE5F723E, cid=4757, SUCCESS, logIndex=7336, commits[4ee04582-2825-4055-a051-0465d62eb5ca:c7336, 97f5b9f0-d9ef-40b5-ba79-7414923e623f:c7334, 7d686585-d831-45bc-93fc-0a553b604b0e:c7334]
2019-07-08 23:05:24,041 INFO  client.GrpcClientProtocolClient (GrpcClientProtocolClient.java:onNext(255)) - client-CEF4D3493DC0->4ee04582-2825-4055-a051-0465d62eb5ca: receive RaftClientReply:client-CEF4D3493DC0->4ee04582-2825-4055-a051-0465d62eb5ca@group-78E0FE5F723E, cid=4758, SUCCESS, logIndex=7339, commits[4ee04582-2825-4055-a051-0465d62eb5ca:c7340, 97f5b9f0-d9ef-40b5-ba79-7414923e623f:c7338, 7d686585-d831-45bc-93fc-0a553b604b0e:c7338]
2019-07-08 23:05:24,041 INFO  client.GrpcClientProtocolClient (GrpcClientProtocolClient.java:onNext(255)) - client-CEF4D3493DC0->4ee04582-2825-4055-a051-0465d62eb5ca: receive RaftClientReply:client-CEF4D3493DC0->4ee04582-2825-4055-a051-0465d62eb5ca@group-78E0FE5F723E, cid=4759, SUCCESS, logIndex=7340, commits[4ee04582-2825-4055-a051-0465d62eb5ca:c7340, 97f5b9f0-d9ef-40b5-ba79-7414923e623f:c7338, 7d686585-d831-45bc-93fc-0a553b604b0e:c7338]
2019-07-08 23:05:24,047 INFO  client.GrpcClientProtocolClient (GrpcClientProtocolClient.java:onNext(255)) - client-CEF4D3493DC0->4ee04582-2825-4055-a051-0465d62eb5ca: receive RaftClientReply:client-CEF4D3493DC0->4ee04582-2825-4055-a051-0465d62eb5ca@group-78E0FE5F723E, cid=4760, SUCCESS, logIndex=0, commits[4ee04582-2825-4055-a051-0465d62eb5ca:c7342, 97f5b9f0-d9ef-40b5-ba79-7414923e623f:c7340, 7d686585-d831-45bc-93fc-0a553b604b0e:c7340]
2019-07-08 23:05:24,084 INFO  client.GrpcClientProtocolClient (GrpcClientProtocolClient.java:onNext(255)) - client-CEF4D3493DC0->4ee04582-2825-4055-a051-0465d62eb5ca: receive RaftClientReply:client-CEF4D3493DC0->4ee04582-2825-4055-a051-0465d62eb5ca@group-78E0FE5F723E, cid=4761, SUCCESS, logIndex=7343, commits[4ee04582-2825-4055-a051-0465d62eb5ca:c7344, 97f5b9f0-d9ef-40b5-ba79-7414923e623f:c7342, 7d686585-d831-45bc-93fc-0a553b604b0e:c7342]
2019-07-08 23:05:24,084 INFO  client.GrpcClientProtocolClient (GrpcClientProtocolClient.java:onNext(255)) - client-CEF4D3493DC0->4ee04582-2825-4055-a051-0465d62eb5ca: receive RaftClientReply:client-CEF4D3493DC0->4ee04582-2825-4055-a051-0465d62eb5ca@group-78E0FE5F723E, cid=4762, SUCCESS, logIndex=7344, commits[4ee04582-2825-4055-a051-0465d62eb5ca:c7345, 97f5b9f0-d9ef-40b5-ba79-7414923e623f:c7342, 7d686585-d831-45bc-93fc-0a553b604b0e:c7342]
2019-07-08 23:05:24,085 INFO  client.GrpcClientProtocolClient (GrpcClientProtocolClient.java:onNext(255)) - client-CEF4D3493DC0->4ee04582-2825-4055-a051-0465d62eb5ca: receive RaftClientReply:client-CEF4D3493DC0->4ee04582-2825-4055-a051-0465d62eb5ca@group-78E0FE5F723E, cid=4763, SUCCESS, logIndex=7345, commits[4ee04582-2825-4055-a051-0465d62eb5ca:c7346, 97f5b9f0-d9ef-40b5-ba79-7414923e623f:c7342, 7d686585-d831-45bc-93fc-0a553b604b0e:c7342]
2019-07-08 23:05:24,085 INFO  client.GrpcClientProtocolClient (GrpcClientProtocolClient.java:onNext(255)) - client-CEF4D3493DC0->4ee04582-2825-4055-a051-0465d62eb5ca: receive RaftClientReply:client-CEF4D3493DC0->4ee04582-2825-4055-a051-0465d62eb5ca@group-78E0FE5F723E, cid=4764, SUCCESS, logIndex=7346, commits[4ee04582-2825-4055-a051-0465d62eb5ca:c7346, 97f5b9f0-d9ef-40b5-ba79-7414923e623f:c7342, 7d686585-d831-45bc-93fc-0a553b604b0e:c7342]
2019-07-08 23:05:24,089 INFO  client.GrpcClientProtocolClient (GrpcClientProtocolClient.java:onNext(255)) - client-CEF4D3493DC0->4ee04582-2825-4055-a051-0465d62eb5ca: receive RaftClientReply:client-CEF4D3493DC0->4ee04582-2825-4055-a051-0465d62eb5ca@group-78E0FE5F723E, cid=4765, SUCCESS, logIndex=0, commits[4ee04582-2825-4055-a051-0465d62eb5ca:c7349, 97f5b9f0-d9ef-40b5-ba79-7414923e623f:c7345, 7d686585-d831-45bc-93fc-0a553b604b0e:c7344]
2019-07-08 23:05:24,109 INFO  client.GrpcClientProtocolClient (GrpcClientProtocolClient.java:onNext(255)) - client-CEF4D3493DC0->4ee04582-2825-4055-a051-0465d62eb5ca: receive RaftClientReply:client-CEF4D3493DC0->4ee04582-2825-4055-a051-0465d62eb5ca@group-78E0FE5F723E, cid=4766, SUCCESS, logIndex=7351, commits[4ee04582-2825-4055-a051-0465d62eb5ca:c7352, 97f5b9f0-d9ef-40b5-ba79-7414923e623f:c7350, 7d686585-d831-45bc-93fc-0a553b604b0e:c7346]
2019-07-08 23:05:24,109 INFO  client.GrpcClientProtocolClient (GrpcClientProtocolClient.java:onNext(255)) - client-CEF4D3493DC0->4ee04582-2825-4055-a051-0465d62eb5ca: receive RaftClientReply:client-CEF4D3493DC0->4ee04582-2825-4055-a051-0465d62eb5ca@group-78E0FE5F723E, cid=4767, SUCCESS, logIndex=7352, commits[4ee04582-2825-4055-a051-0465d62eb5ca:c7352, 97f5b9f0-d9ef-40b5-ba79-7414923e623f:c7350, 7d686585-d831-45bc-93fc-0a553b604b0e:c7350]
2019-07-08 23:05:24,120 INFO  client.GrpcClientProtocolClient (GrpcClientProtocolClient.java:onNext(255)) - client-CEF4D3493DC0->4ee04582-2825-4055-a051-0465d62eb5ca: receive RaftClientReply:client-CEF4D3493DC0->4ee04582-2825-4055-a051-0465d62eb5ca@group-78E0FE5F723E, cid=4768, SUCCESS, logIndex=7355, commits[4ee04582-2825-4055-a051-0465d62eb5ca:c7356, 97f5b9f0-d9ef-40b5-ba79-7414923e623f:c7352, 7d686585-d831-45bc-93fc-0a553b604b0e:c7354]
2019-07-08 23:05:24,120 INFO  client.GrpcClientProtocolClient (GrpcClientProtocolClient.java:onNext(255)) - client-CEF4D3493DC0->4ee04582-2825-4055-a051-0465d62eb5ca: receive RaftClientReply:client-CEF4D3493DC0->4ee04582-2825-4055-a051-0465d62eb5ca@group-78E0FE5F723E, cid=4769, SUCCESS, logIndex=7356, commits[4ee04582-2825-4055-a051-0465d62eb5ca:c7356, 97f5b9f0-d9ef-40b5-ba79-7414923e623f:c7354, 7d686585-d831-45bc-93fc-0a553b604b0e:c7354]
2019-07-08 23:05:24,122 INFO  client.GrpcClientProtocolClient (GrpcClientProtocolClient.java:onNext(255)) - client-CEF4D3493DC0->4ee04582-2825-4055-a051-0465d62eb5ca: receive RaftClientReply:client-CEF4D3493DC0->4ee04582-2825-4055-a051-0465d62eb5ca@group-78E0FE5F723E, cid=4770, SUCCESS, logIndex=0, commits[4ee04582-2825-4055-a051-0465d62eb5ca:c7358, 97f5b9f0-d9ef-40b5-ba79-7414923e623f:c7356, 7d686585-d831-45bc-93fc-0a553b604b0e:c7356]
2019-07-08 23:05:24,148 INFO  client.GrpcClientProtocolClient (GrpcClientProtocolClient.java:onNext(255)) - client-CEF4D3493DC0->4ee04582-2825-4055-a051-0465d62eb5ca: receive RaftClientReply:client-CEF4D3493DC0->4ee04582-2825-4055-a051-0465d62eb5ca@group-78E0FE5F723E, cid=4771, SUCCESS, logIndex=7359, commits[4ee04582-2825-4055-a051-0465d62eb5ca:c7360, 97f5b9f0-d9ef-40b5-ba79-7414923e623f:c7358, 7d686585-d831-45bc-93fc-0a553b604b0e:c7356]
2019-07-08 23:05:24,149 INFO  client.GrpcClientProtocolClient (GrpcClientProtocolClient.java:onNext(255)) - client-CEF4D3493DC0->4ee04582-2825-4055-a051-0465d62eb5ca: receive RaftClientReply:client-CEF4D3493DC0->4ee04582-2825-4055-a051-0465d62eb5ca@group-78E0FE5F723E, cid=4772, SUCCESS, logIndex=7360, commits[4ee04582-2825-4055-a051-0465d62eb5ca:c7360, 97f5b9f0-d9ef-40b5-ba79-7414923e623f:c7358, 7d686585-d831-45bc-93fc-0a553b604b0e:c7356]
2019-07-08 23:05:24,160 INFO  client.GrpcClientProtocolClient (GrpcClientProtocolClient.java:onNext(255)) - client-CEF4D3493DC0->4ee04582-2825-4055-a051-0465d62eb5ca: receive RaftClientReply:client-CEF4D3493DC0->4ee04582-2825-4055-a051-0465d62eb5ca@group-78E0FE5F723E, cid=4773, SUCCESS, logIndex=7361, commits[4ee04582-2825-4055-a051-0465d62eb5ca:c7362, 97f5b9f0-d9ef-40b5-ba79-7414923e623f:c7358, 7d686585-d831-45bc-93fc-0a553b604b0e:c7358]
2019-07-08 23:05:24,160 INFO  client.GrpcClientProtocolClient (GrpcClientProtocolClient.java:onNext(255)) - client-CEF4D3493DC0->4ee04582-2825-4055-a051-0465d62eb5ca: receive RaftClientReply:client-CEF4D3493DC0->4ee04582-2825-4055-a051-0465d62eb5ca@group-78E0FE5F723E, cid=4774, SUCCESS, logIndex=7362, commits[4ee04582-2825-4055-a051-0465d62eb5ca:c7362, 97f5b9f0-d9ef-40b5-ba79-7414923e623f:c7358, 7d686585-d831-45bc-93fc-0a553b604b0e:c7358]
2019-07-08 23:05:24,163 INFO  client.GrpcClientProtocolClient (GrpcClientProtocolClient.java:onNext(255)) - client-CEF4D3493DC0->4ee04582-2825-4055-a051-0465d62eb5ca: receive RaftClientReply:client-CEF4D3493DC0->4ee04582-2825-4055-a051-0465d62eb5ca@group-78E0FE5F723E, cid=4775, SUCCESS, logIndex=0, commits[4ee04582-2825-4055-a051-0465d62eb5ca:c7364, 97f5b9f0-d9ef-40b5-ba79-7414923e623f:c7360, 7d686585-d831-45bc-93fc-0a553b604b0e:c7360]
2019-07-08 23:05:24,174 INFO  client.GrpcClientProtocolClient (GrpcClientProtocolClient.java:onNext(255)) - client-CEF4D3493DC0->4ee04582-2825-4055-a051-0465d62eb5ca: receive RaftClientReply:client-CEF4D3493DC0->4ee04582-2825-4055-a051-0465d62eb5ca@group-78E0FE5F723E, cid=4776, SUCCESS, logIndex=7367, commits[4ee04582-2825-4055-a051-0465d62eb5ca:c7368, 97f5b9f0-d9ef-40b5-ba79-7414923e623f:c7362, 7d686585-d831-45bc-93fc-0a553b604b0e:c7366]
2019-07-08 23:05:24,174 INFO  client.GrpcClientProtocolClient (GrpcClientProtocolClient.java:onNext(255)) - client-CEF4D3493DC0->4ee04582-2825-4055-a051-0465d62eb5ca: receive RaftClientReply:client-CEF4D3493DC0->4ee04582-2825-4055-a051-0465d62eb5ca@group-78E0FE5F723E, cid=4777, SUCCESS, logIndex=7368, commits[4ee04582-2825-4055-a051-0465d62eb5ca:c7368, 97f5b9f0-d9ef-40b5-ba79-7414923e623f:c7366, 7d686585-d831-45bc-93fc-0a553b604b0e:c7366]
2019-07-08 23:05:24,185 INFO  client.GrpcClientProtocolClient (GrpcClientProtocolClient.java:onNext(255)) - client-CEF4D3493DC0->4ee04582-2825-4055-a051-0465d62eb5ca: receive RaftClientReply:client-CEF4D3493DC0->4ee04582-2825-4055-a051-0465d62eb5ca@group-78E0FE5F723E, cid=4778, SUCCESS, logIndex=7371, commits[4ee04582-2825-4055-a051-0465d62eb5ca:c7372, 97f5b9f0-d9ef-40b5-ba79-7414923e623f:c7370, 7d686585-d831-45bc-93fc-0a553b604b0e:c7368]
2019-07-08 23:05:24,185 INFO  client.GrpcClientProtocolClient (GrpcClientProtocolClient.java:onNext(255)) - client-CEF4D3493DC0->4ee04582-2825-4055-a051-0465d62eb5ca: receive RaftClientReply:client-CEF4D3493DC0->4ee04582-2825-4055-a051-0465d62eb5ca@group-78E0FE5F723E, cid=4779, SUCCESS, logIndex=7372, commits[4ee04582-2825-4055-a051-0465d62eb5ca:c7372, 97f5b9f0-d9ef-40b5-ba79-7414923e623f:c7370, 7d686585-d831-45bc-93fc-0a553b604b0e:c7368]
2019-07-08 23:05:24,189 INFO  client.GrpcClientProtocolClient (GrpcClientProtocolClient.java:onNext(255)) - client-CEF4D3493DC0->4ee04582-2825-4055-a051-0465d62eb5ca: receive RaftClientReply:client-CEF4D3493DC0->4ee04582-2825-4055-a051-0465d62eb5ca@group-78E0FE5F723E, cid=4780, SUCCESS, logIndex=0, commits[4ee04582-2825-4055-a051-0465d62eb5ca:c7373, 97f5b9f0-d9ef-40b5-ba79-7414923e623f:c7372, 7d686585-d831-45bc-93fc-0a553b604b0e:c7372]
2019-07-08 23:05:24,211 INFO  client.GrpcClientProtocolClient (GrpcClientProtocolClient.java:onNext(255)) - client-CEF4D3493DC0->4ee04582-2825-4055-a051-0465d62eb5ca: receive RaftClientReply:client-CEF4D3493DC0->4ee04582-2825-4055-a051-0465d62eb5ca@group-78E0FE5F723E, cid=4781, SUCCESS, logIndex=7375, commits[4ee04582-2825-4055-a051-0465d62eb5ca:c7376, 97f5b9f0-d9ef-40b5-ba79-7414923e623f:c7374, 7d686585-d831-45bc-93fc-0a553b604b0e:c7372]
2019-07-08 23:05:24,212 INFO  client.GrpcClientProtocolClient (GrpcClientProtocolClient.java:onNext(255)) - client-CEF4D3493DC0->4ee04582-2825-4055-a051-0465d62eb5ca: receive RaftClientReply:client-CEF4D3493DC0->4ee04582-2825-4055-a051-0465d62eb5ca@group-78E0FE5F723E, cid=4782, SUCCESS, logIndex=7376, commits[4ee04582-2825-4055-a051-0465d62eb5ca:c7376, 97f5b9f0-d9ef-40b5-ba79-7414923e623f:c7374, 7d686585-d831-45bc-93fc-0a553b604b0e:c7372]
2019-07-08 23:05:24,215 INFO  client.GrpcClientProtocolClient (GrpcClientProtocolClient.java:onNext(255)) - client-CEF4D3493DC0->4ee04582-2825-4055-a051-0465d62eb5ca: receive RaftClientReply:client-CEF4D3493DC0->4ee04582-2825-4055-a051-0465d62eb5ca@group-78E0FE5F723E, cid=4783, SUCCESS, logIndex=7377, commits[4ee04582-2825-4055-a051-0465d62eb5ca:c7378, 97f5b9f0-d9ef-40b5-ba79-7414923e623f:c7374, 7d686585-d831-45bc-93fc-0a553b604b0e:c7374]
2019-07-08 23:05:24,215 INFO  client.GrpcClientProtocolClient (GrpcClientProtocolClient.java:onNext(255)) - client-CEF4D3493DC0->4ee04582-2825-4055-a051-0465d62eb5ca: receive RaftClientReply:client-CEF4D3493DC0->4ee04582-2825-4055-a051-0465d62eb5ca@group-78E0FE5F723E, cid=4784, SUCCESS, logIndex=7378, commits[4ee04582-2825-4055-a051-0465d62eb5ca:c7380, 97f5b9f0-d9ef-40b5-ba79-7414923e623f:c7376, 7d686585-d831-45bc-93fc-0a553b604b0e:c7376]
2019-07-08 23:05:24,226 INFO  client.GrpcClientProtocolClient (GrpcClientProtocolClient.java:onNext(255)) - client-CEF4D3493DC0->4ee04582-2825-4055-a051-0465d62eb5ca: receive RaftClientReply:client-CEF4D3493DC0->4ee04582-2825-4055-a051-0465d62eb5ca@group-78E0FE5F723E, cid=4785, SUCCESS, logIndex=7383, commits[4ee04582-2825-4055-a051-0465d62eb5ca:c7384, 97f5b9f0-d9ef-40b5-ba79-7414923e623f:c7382, 7d686585-d831-45bc-93fc-0a553b604b0e:c7378]
2019-07-08 23:05:24,226 INFO  client.GrpcClientProtocolClient (GrpcClientProtocolClient.java:onNext(255)) - client-CEF4D3493DC0->4ee04582-2825-4055-a051-0465d62eb5ca: receive RaftClientReply:client-CEF4D3493DC0->4ee04582-2825-4055-a051-0465d62eb5ca@group-78E0FE5F723E, cid=4786, SUCCESS, logIndex=7384, commits[4ee04582-2825-4055-a051-0465d62eb5ca:c7384, 97f5b9f0-d9ef-40b5-ba79-7414923e623f:c7382, 7d686585-d831-45bc-93fc-0a553b604b0e:c7382]
2019-07-08 23:05:24,249 INFO  client.GrpcClientProtocolClient (GrpcClientProtocolClient.java:onNext(255)) - client-CEF4D3493DC0->4ee04582-2825-4055-a051-0465d62eb5ca: receive RaftClientReply:client-CEF4D3493DC0->4ee04582-2825-4055-a051-0465d62eb5ca@group-78E0FE5F723E, cid=4787, SUCCESS, logIndex=7387, commits[4ee04582-2825-4055-a051-0465d62eb5ca:c7388, 97f5b9f0-d9ef-40b5-ba79-7414923e623f:c7386, 7d686585-d831-45bc-93fc-0a553b604b0e:c7385]
2019-07-08 23:05:24,249 INFO  client.GrpcClientProtocolClient (GrpcClientProtocolClient.java:onNext(255)) - client-CEF4D3493DC0->4ee04582-2825-4055-a051-0465d62eb5ca: receive RaftClientReply:client-CEF4D3493DC0->4ee04582-2825-4055-a051-0465d62eb5ca@group-78E0FE5F723E, cid=4788, SUCCESS, logIndex=7388, commits[4ee04582-2825-4055-a051-0465d62eb5ca:c7388, 97f5b9f0-d9ef-40b5-ba79-7414923e623f:c7386, 7d686585-d831-45bc-93fc-0a553b604b0e:c7386]
2019-07-08 23:05:24,252 INFO  client.GrpcClientProtocolClient (GrpcClientProtocolClient.java:onNext(255)) - client-CEF4D3493DC0->4ee04582-2825-4055-a051-0465d62eb5ca: receive RaftClientReply:client-CEF4D3493DC0->4ee04582-2825-4055-a051-0465d62eb5ca@group-78E0FE5F723E, cid=4789, SUCCESS, logIndex=0, commits[4ee04582-2825-4055-a051-0465d62eb5ca:c7389, 97f5b9f0-d9ef-40b5-ba79-7414923e623f:c7388, 7d686585-d831-45bc-93fc-0a553b604b0e:c7388]
 0.00% |█                                                                                                    |  0/1 Time: 0:00:332019-07-08 23:05:24,277 INFO  client.GrpcClientProtocolClient (GrpcClientProtocolClient.java:onNext(255)) - client-CEF4D3493DC0->4ee04582-2825-4055-a051-0465d62eb5ca: receive RaftClientReply:client-CEF4D3493DC0->4ee04582-2825-4055-a051-0465d62eb5ca@group-78E0FE5F723E, cid=4790, SUCCESS, logIndex=7391, commits[4ee04582-2825-4055-a051-0465d62eb5ca:c7392, 97f5b9f0-d9ef-40b5-ba79-7414923e623f:c7390, 7d686585-d831-45bc-93fc-0a553b604b0e:c7390]
2019-07-08 23:05:24,278 INFO  client.GrpcClientProtocolClient (GrpcClientProtocolClient.java:onNext(255)) - client-CEF4D3493DC0->4ee04582-2825-4055-a051-0465d62eb5ca: receive RaftClientReply:client-CEF4D3493DC0->4ee04582-2825-4055-a051-0465d62eb5ca@group-78E0FE5F723E, cid=4791, SUCCESS, logIndex=7392, commits[4ee04582-2825-4055-a051-0465d62eb5ca:c7392, 97f5b9f0-d9ef-40b5-ba79-7414923e623f:c7390, 7d686585-d831-45bc-93fc-0a553b604b0e:c7390]
2019-07-08 23:05:24,278 INFO  client.GrpcClientProtocolClient (GrpcClientProtocolClient.java:onNext(255)) - client-CEF4D3493DC0->4ee04582-2825-4055-a051-0465d62eb5ca: receive RaftClientReply:client-CEF4D3493DC0->4ee04582-2825-4055-a051-0465d62eb5ca@group-78E0FE5F723E, cid=4792, SUCCESS, logIndex=7393, commits[4ee04582-2825-4055-a051-0465d62eb5ca:c7394, 97f5b9f0-d9ef-40b5-ba79-7414923e623f:c7390, 7d686585-d831-45bc-93fc-0a553b604b0e:c7390]
2019-07-08 23:05:24,279 INFO  client.GrpcClientProtocolClient (GrpcClientProtocolClient.java:onNext(255)) - client-CEF4D3493DC0->4ee04582-2825-4055-a051-0465d62eb5ca: receive RaftClientReply:client-CEF4D3493DC0->4ee04582-2825-4055-a051-0465d62eb5ca@group-78E0FE5F723E, cid=4793, SUCCESS, logIndex=7394, commits[4ee04582-2825-4055-a051-0465d62eb5ca:c7394, 97f5b9f0-d9ef-40b5-ba79-7414923e623f:c7390, 7d686585-d831-45bc-93fc-0a553b604b0e:c7390]
2019-07-08 23:05:24,284 INFO  client.GrpcClientProtocolClient (GrpcClientProtocolClient.java:onNext(255)) - client-CEF4D3493DC0->4ee04582-2825-4055-a051-0465d62eb5ca: receive RaftClientReply:client-CEF4D3493DC0->4ee04582-2825-4055-a051-0465d62eb5ca@group-78E0FE5F723E, cid=4794, SUCCESS, logIndex=0, commits[4ee04582-2825-4055-a051-0465d62eb5ca:c7396, 97f5b9f0-d9ef-40b5-ba79-7414923e623f:c7392, 7d686585-d831-45bc-93fc-0a553b604b0e:c7392]
2019-07-08 23:05:24,295 INFO  client.GrpcClientProtocolClient (GrpcClientProtocolClient.java:onNext(255)) - client-CEF4D3493DC0->4ee04582-2825-4055-a051-0465d62eb5ca: receive RaftClientReply:client-CEF4D3493DC0->4ee04582-2825-4055-a051-0465d62eb5ca@group-78E0FE5F723E, cid=4795, SUCCESS, logIndex=7399, commits[4ee04582-2825-4055-a051-0465d62eb5ca:c7400, 97f5b9f0-d9ef-40b5-ba79-7414923e623f:c7398, 7d686585-d831-45bc-93fc-0a553b604b0e:c7398]
2019-07-08 23:05:24,295 INFO  client.GrpcClientProtocolClient (GrpcClientProtocolClient.java:onNext(255)) - client-CEF4D3493DC0->4ee04582-2825-4055-a051-0465d62eb5ca: receive RaftClientReply:client-CEF4D3493DC0->4ee04582-2825-4055-a051-0465d62eb5ca@group-78E0FE5F723E, cid=4796, SUCCESS, logIndex=7400, commits[4ee04582-2825-4055-a051-0465d62eb5ca:c7400, 97f5b9f0-d9ef-40b5-ba79-7414923e623f:c7398, 7d686585-d831-45bc-93fc-0a553b604b0e:c7398]
2019-07-08 23:05:24,306 INFO  client.GrpcClientProtocolClient (GrpcClientProtocolClient.java:onNext(255)) - client-CEF4D3493DC0->4ee04582-2825-4055-a051-0465d62eb5ca: receive RaftClientReply:client-CEF4D3493DC0->4ee04582-2825-4055-a051-0465d62eb5ca@group-78E0FE5F723E, cid=4797, SUCCESS, logIndex=7403, commits[4ee04582-2825-4055-a051-0465d62eb5ca:c7404, 97f5b9f0-d9ef-40b5-ba79-7414923e623f:c7400, 7d686585-d831-45bc-93fc-0a553b604b0e:c7401]
2019-07-08 23:05:24,307 INFO  client.GrpcClientProtocolClient (GrpcClientProtocolClient.java:onNext(255)) - client-CEF4D3493DC0->4ee04582-2825-4055-a051-0465d62eb5ca: receive RaftClientReply:client-CEF4D3493DC0->4ee04582-2825-4055-a051-0465d62eb5ca@group-78E0FE5F723E, cid=4798, SUCCESS, logIndex=7404, commits[4ee04582-2825-4055-a051-0465d62eb5ca:c7404, 97f5b9f0-d9ef-40b5-ba79-7414923e623f:c7400, 7d686585-d831-45bc-93fc-0a553b604b0e:c7401]
2019-07-08 23:05:24,313 INFO  client.GrpcClientProtocolClient (GrpcClientProtocolClient.java:onNext(255)) - client-CEF4D3493DC0->4ee04582-2825-4055-a051-0465d62eb5ca: receive RaftClientReply:client-CEF4D3493DC0->4ee04582-2825-4055-a051-0465d62eb5ca@group-78E0FE5F723E, cid=4799, SUCCESS, logIndex=0, commits[4ee04582-2825-4055-a051-0465d62eb5ca:c7406, 97f5b9f0-d9ef-40b5-ba79-7414923e623f:c7404, 7d686585-d831-45bc-93fc-0a553b604b0e:c7404]
2019-07-08 23:05:24,343 INFO  client.GrpcClientProtocolClient (GrpcClientProtocolClient.java:onNext(255)) - client-CEF4D3493DC0->4ee04582-2825-4055-a051-0465d62eb5ca: receive RaftClientReply:client-CEF4D3493DC0->4ee04582-2825-4055-a051-0465d62eb5ca@group-78E0FE5F723E, cid=4800, SUCCESS, logIndex=7407, commits[4ee04582-2825-4055-a051-0465d62eb5ca:c7408, 97f5b9f0-d9ef-40b5-ba79-7414923e623f:c7404, 7d686585-d831-45bc-93fc-0a553b604b0e:c7406]
2019-07-08 23:05:24,344 INFO  client.GrpcClientProtocolClient (GrpcClientProtocolClient.java:onNext(255)) - client-CEF4D3493DC0->4ee04582-2825-4055-a051-0465d62eb5ca: receive RaftClientReply:client-CEF4D3493DC0->4ee04582-2825-4055-a051-0465d62eb5ca@group-78E0FE5F723E, cid=4801, SUCCESS, logIndex=7408, commits[4ee04582-2825-4055-a051-0465d62eb5ca:c7408, 97f5b9f0-d9ef-40b5-ba79-7414923e623f:c7406, 7d686585-d831-45bc-93fc-0a553b604b0e:c7406]
2019-07-08 23:05:24,355 INFO  client.GrpcClientProtocolClient (GrpcClientProtocolClient.java:onNext(255)) - client-CEF4D3493DC0->4ee04582-2825-4055-a051-0465d62eb5ca: receive RaftClientReply:client-CEF4D3493DC0->4ee04582-2825-4055-a051-0465d62eb5ca@group-78E0FE5F723E, cid=4802, SUCCESS, logIndex=7409, commits[4ee04582-2825-4055-a051-0465d62eb5ca:c7410, 97f5b9f0-d9ef-40b5-ba79-7414923e623f:c7408, 7d686585-d831-45bc-93fc-0a553b604b0e:c7406]
2019-07-08 23:05:24,356 INFO  client.GrpcClientProtocolClient (GrpcClientProtocolClient.java:onNext(255)) - client-CEF4D3493DC0->4ee04582-2825-4055-a051-0465d62eb5ca: receive RaftClientReply:client-CEF4D3493DC0->4ee04582-2825-4055-a051-0465d62eb5ca@group-78E0FE5F723E, cid=4803, SUCCESS, logIndex=7410, commits[4ee04582-2825-4055-a051-0465d62eb5ca:c7412, 97f5b9f0-d9ef-40b5-ba79-7414923e623f:c7408, 7d686585-d831-45bc-93fc-0a553b604b0e:c7408]
2019-07-08 23:05:24,369 INFO  client.GrpcClientProtocolClient (GrpcClientProtocolClient.java:onNext(255)) - client-CEF4D3493DC0->4ee04582-2825-4055-a051-0465d62eb5ca: receive RaftClientReply:client-CEF4D3493DC0->4ee04582-2825-4055-a051-0465d62eb5ca@group-78E0FE5F723E, cid=4804, SUCCESS, logIndex=7415, commits[4ee04582-2825-4055-a051-0465d62eb5ca:c7416, 97f5b9f0-d9ef-40b5-ba79-7414923e623f:c7414, 7d686585-d831-45bc-93fc-0a553b604b0e:c7412]
2019-07-08 23:05:24,370 INFO  client.GrpcClientProtocolClient (GrpcClientProtocolClient.java:onNext(255)) - client-CEF4D3493DC0->4ee04582-2825-4055-a051-0465d62eb5ca: receive RaftClientReply:client-CEF4D3493DC0->4ee04582-2825-4055-a051-0465d62eb5ca@group-78E0FE5F723E, cid=4805, SUCCESS, logIndex=7416, commits[4ee04582-2825-4055-a051-0465d62eb5ca:c7416, 97f5b9f0-d9ef-40b5-ba79-7414923e623f:c7414, 7d686585-d831-45bc-93fc-0a553b604b0e:c7414]
2019-07-08 23:05:24,382 INFO  client.GrpcClientProtocolClient (GrpcClientProtocolClient.java:onNext(255)) - client-CEF4D3493DC0->4ee04582-2825-4055-a051-0465d62eb5ca: receive RaftClientReply:client-CEF4D3493DC0->4ee04582-2825-4055-a051-0465d62eb5ca@group-78E0FE5F723E, cid=4806, SUCCESS, logIndex=7419, commits[4ee04582-2825-4055-a051-0465d62eb5ca:c7420, 97f5b9f0-d9ef-40b5-ba79-7414923e623f:c7418, 7d686585-d831-45bc-93fc-0a553b604b0e:c7418]
2019-07-08 23:05:24,382 INFO  client.GrpcClientProtocolClient (GrpcClientProtocolClient.java:onNext(255)) - client-CEF4D3493DC0->4ee04582-2825-4055-a051-0465d62eb5ca: receive RaftClientReply:client-CEF4D3493DC0->4ee04582-2825-4055-a051-0465d62eb5ca@group-78E0FE5F723E, cid=4807, SUCCESS, logIndex=7420, commits[4ee04582-2825-4055-a051-0465d62eb5ca:c7420, 97f5b9f0-d9ef-40b5-ba79-7414923e623f:c7418, 7d686585-d831-45bc-93fc-0a553b604b0e:c7418]
2019-07-08 23:05:24,389 INFO  client.GrpcClientProtocolClient (GrpcClientProtocolClient.java:onNext(255)) - client-CEF4D3493DC0->4ee04582-2825-4055-a051-0465d62eb5ca: receive RaftClientReply:client-CEF4D3493DC0->4ee04582-2825-4055-a051-0465d62eb5ca@group-78E0FE5F723E, cid=4808, SUCCESS, logIndex=0, commits[4ee04582-2825-4055-a051-0465d62eb5ca:c7421, 97f5b9f0-d9ef-40b5-ba79-7414923e623f:c7420, 7d686585-d831-45bc-93fc-0a553b604b0e:c7420]
2019-07-08 23:05:24,421 INFO  client.GrpcClientProtocolClient (GrpcClientProtocolClient.java:onNext(255)) - client-CEF4D3493DC0->4ee04582-2825-4055-a051-0465d62eb5ca: receive RaftClientReply:client-CEF4D3493DC0->4ee04582-2825-4055-a051-0465d62eb5ca@group-78E0FE5F723E, cid=4809, SUCCESS, logIndex=7423, commits[4ee04582-2825-4055-a051-0465d62eb5ca:c7424, 97f5b9f0-d9ef-40b5-ba79-7414923e623f:c7422, 7d686585-d831-45bc-93fc-0a553b604b0e:c7420]
2019-07-08 23:05:24,427 INFO  client.GrpcClientProtocolClient (GrpcClientProtocolClient.java:onNext(255)) - client-CEF4D3493DC0->4ee04582-2825-4055-a051-0465d62eb5ca: receive RaftClientReply:client-CEF4D3493DC0->4ee04582-2825-4055-a051-0465d62eb5ca@group-78E0FE5F723E, cid=4810, SUCCESS, logIndex=7424, commits[4ee04582-2825-4055-a051-0465d62eb5ca:c7424, 97f5b9f0-d9ef-40b5-ba79-7414923e623f:c7422, 7d686585-d831-45bc-93fc-0a553b604b0e:c7422]
2019-07-08 23:05:24,432 INFO  client.GrpcClientProtocolClient (GrpcClientProtocolClient.java:onNext(255)) - client-CEF4D3493DC0->4ee04582-2825-4055-a051-0465d62eb5ca: receive RaftClientReply:client-CEF4D3493DC0->4ee04582-2825-4055-a051-0465d62eb5ca@group-78E0FE5F723E, cid=4811, SUCCESS, logIndex=7425, commits[4ee04582-2825-4055-a051-0465d62eb5ca:c7426, 97f5b9f0-d9ef-40b5-ba79-7414923e623f:c7422, 7d686585-d831-45bc-93fc-0a553b604b0e:c7422]
2019-07-08 23:05:24,432 INFO  client.GrpcClientProtocolClient (GrpcClientProtocolClient.java:onNext(255)) - client-CEF4D3493DC0->4ee04582-2825-4055-a051-0465d62eb5ca: receive RaftClientReply:client-CEF4D3493DC0->4ee04582-2825-4055-a051-0465d62eb5ca@group-78E0FE5F723E, cid=4812, SUCCESS, logIndex=7426, commits[4ee04582-2825-4055-a051-0465d62eb5ca:c7428, 97f5b9f0-d9ef-40b5-ba79-7414923e623f:c7424, 7d686585-d831-45bc-93fc-0a553b604b0e:c7424]
2019-07-08 23:05:24,446 INFO  client.GrpcClientProtocolClient (GrpcClientProtocolClient.java:onNext(255)) - client-CEF4D3493DC0->4ee04582-2825-4055-a051-0465d62eb5ca: receive RaftClientReply:client-CEF4D3493DC0->4ee04582-2825-4055-a051-0465d62eb5ca@group-78E0FE5F723E, cid=4813, SUCCESS, logIndex=7431, commits[4ee04582-2825-4055-a051-0465d62eb5ca:c7432, 97f5b9f0-d9ef-40b5-ba79-7414923e623f:c7430, 7d686585-d831-45bc-93fc-0a553b604b0e:c7426]
2019-07-08 23:05:24,446 INFO  client.GrpcClientProtocolClient (GrpcClientProtocolClient.java:onNext(255)) - client-CEF4D3493DC0->4ee04582-2825-4055-a051-0465d62eb5ca: receive RaftClientReply:client-CEF4D3493DC0->4ee04582-2825-4055-a051-0465d62eb5ca@group-78E0FE5F723E, cid=4814, SUCCESS, logIndex=7432, commits[4ee04582-2825-4055-a051-0465d62eb5ca:c7432, 97f5b9f0-d9ef-40b5-ba79-7414923e623f:c7430, 7d686585-d831-45bc-93fc-0a553b604b0e:c7430]
2019-07-08 23:05:24,461 INFO  client.GrpcClientProtocolClient (GrpcClientProtocolClient.java:onNext(255)) - client-CEF4D3493DC0->4ee04582-2825-4055-a051-0465d62eb5ca: receive RaftClientReply:client-CEF4D3493DC0->4ee04582-2825-4055-a051-0465d62eb5ca@group-78E0FE5F723E, cid=4815, SUCCESS, logIndex=7435, commits[4ee04582-2825-4055-a051-0465d62eb5ca:c7436, 97f5b9f0-d9ef-40b5-ba79-7414923e623f:c7434, 7d686585-d831-45bc-93fc-0a553b604b0e:c7432]
2019-07-08 23:05:24,463 INFO  client.GrpcClientProtocolClient (GrpcClientProtocolClient.java:onNext(255)) - client-CEF4D3493DC0->4ee04582-2825-4055-a051-0465d62eb5ca: receive RaftClientReply:client-CEF4D3493DC0->4ee04582-2825-4055-a051-0465d62eb5ca@group-78E0FE5F723E, cid=4816, SUCCESS, logIndex=7436, commits[4ee04582-2825-4055-a051-0465d62eb5ca:c7436, 97f5b9f0-d9ef-40b5-ba79-7414923e623f:c7434, 7d686585-d831-45bc-93fc-0a553b604b0e:c7434]
2019-07-08 23:05:24,465 INFO  client.GrpcClientProtocolClient (GrpcClientProtocolClient.java:onNext(255)) - client-CEF4D3493DC0->4ee04582-2825-4055-a051-0465d62eb5ca: receive RaftClientReply:client-CEF4D3493DC0->4ee04582-2825-4055-a051-0465d62eb5ca@group-78E0FE5F723E, cid=4817, SUCCESS, logIndex=0, commits[4ee04582-2825-4055-a051-0465d62eb5ca:c7437, 97f5b9f0-d9ef-40b5-ba79-7414923e623f:c7436, 7d686585-d831-45bc-93fc-0a553b604b0e:c7436]
2019-07-08 23:05:24,636 INFO  client.GrpcClientProtocolClient (GrpcClientProtocolClient.java:onNext(255)) - client-CEF4D3493DC0->4ee04582-2825-4055-a051-0465d62eb5ca: receive RaftClientReply:client-CEF4D3493DC0->4ee04582-2825-4055-a051-0465d62eb5ca@group-78E0FE5F723E, cid=4818, SUCCESS, logIndex=7439, commits[4ee04582-2825-4055-a051-0465d62eb5ca:c7442, 97f5b9f0-d9ef-40b5-ba79-7414923e623f:c7438, 7d686585-d831-45bc-93fc-0a553b604b0e:c7438]
2019-07-08 23:05:24,637 INFO  client.GrpcClientProtocolClient (GrpcClientProtocolClient.java:onNext(255)) - client-CEF4D3493DC0->4ee04582-2825-4055-a051-0465d62eb5ca: receive RaftClientReply:client-CEF4D3493DC0->4ee04582-2825-4055-a051-0465d62eb5ca@group-78E0FE5F723E, cid=4819, SUCCESS, logIndex=7440, commits[4ee04582-2825-4055-a051-0465d62eb5ca:c7442, 97f5b9f0-d9ef-40b5-ba79-7414923e623f:c7438, 7d686585-d831-45bc-93fc-0a553b604b0e:c7438]
2019-07-08 23:05:24,637 INFO  client.GrpcClientProtocolClient (GrpcClientProtocolClient.java:onNext(255)) - client-CEF4D3493DC0->4ee04582-2825-4055-a051-0465d62eb5ca: receive RaftClientReply:client-CEF4D3493DC0->4ee04582-2825-4055-a051-0465d62eb5ca@group-78E0FE5F723E, cid=4820, SUCCESS, logIndex=7441, commits[4ee04582-2825-4055-a051-0465d62eb5ca:c7442, 97f5b9f0-d9ef-40b5-ba79-7414923e623f:c7438, 7d686585-d831-45bc-93fc-0a553b604b0e:c7438]
2019-07-08 23:05:24,637 INFO  client.GrpcClientProtocolClient (GrpcClientProtocolClient.java:onNext(255)) - client-CEF4D3493DC0->4ee04582-2825-4055-a051-0465d62eb5ca: receive RaftClientReply:client-CEF4D3493DC0->4ee04582-2825-4055-a051-0465d62eb5ca@group-78E0FE5F723E, cid=4821, SUCCESS, logIndex=7442, commits[4ee04582-2825-4055-a051-0465d62eb5ca:c7442, 97f5b9f0-d9ef-40b5-ba79-7414923e623f:c7438, 7d686585-d831-45bc-93fc-0a553b604b0e:c7438]
2019-07-08 23:05:24,641 INFO  client.GrpcClientProtocolClient (GrpcClientProtocolClient.java:onNext(255)) - client-CEF4D3493DC0->4ee04582-2825-4055-a051-0465d62eb5ca: receive RaftClientReply:client-CEF4D3493DC0->4ee04582-2825-4055-a051-0465d62eb5ca@group-78E0FE5F723E, cid=4822, SUCCESS, logIndex=0, commits[4ee04582-2825-4055-a051-0465d62eb5ca:c7444, 97f5b9f0-d9ef-40b5-ba79-7414923e623f:c7440, 7d686585-d831-45bc-93fc-0a553b604b0e:c7440]
2019-07-08 23:05:24,663 INFO  client.GrpcClientProtocolClient (GrpcClientProtocolClient.java:onNext(255)) - client-CEF4D3493DC0->4ee04582-2825-4055-a051-0465d62eb5ca: receive RaftClientReply:client-CEF4D3493DC0->4ee04582-2825-4055-a051-0465d62eb5ca@group-78E0FE5F723E, cid=4823, SUCCESS, logIndex=7447, commits[4ee04582-2825-4055-a051-0465d62eb5ca:c7448, 97f5b9f0-d9ef-40b5-ba79-7414923e623f:c7442, 7d686585-d831-45bc-93fc-0a553b604b0e:c7446]
2019-07-08 23:05:24,664 INFO  client.GrpcClientProtocolClient (GrpcClientProtocolClient.java:onNext(255)) - client-CEF4D3493DC0->4ee04582-2825-4055-a051-0465d62eb5ca: receive RaftClientReply:client-CEF4D3493DC0->4ee04582-2825-4055-a051-0465d62eb5ca@group-78E0FE5F723E, cid=4824, SUCCESS, logIndex=7448, commits[4ee04582-2825-4055-a051-0465d62eb5ca:c7448, 97f5b9f0-d9ef-40b5-ba79-7414923e623f:c7446, 7d686585-d831-45bc-93fc-0a553b604b0e:c7446]
2019-07-08 23:05:24,677 INFO  client.GrpcClientProtocolClient (GrpcClientProtocolClient.java:onNext(255)) - client-CEF4D3493DC0->4ee04582-2825-4055-a051-0465d62eb5ca: receive RaftClientReply:client-CEF4D3493DC0->4ee04582-2825-4055-a051-0465d62eb5ca@group-78E0FE5F723E, cid=4825, SUCCESS, logIndex=7451, commits[4ee04582-2825-4055-a051-0465d62eb5ca:c7452, 97f5b9f0-d9ef-40b5-ba79-7414923e623f:c7448, 7d686585-d831-45bc-93fc-0a553b604b0e:c7450]
2019-07-08 23:05:24,678 INFO  client.GrpcClientProtocolClient (GrpcClientProtocolClient.java:onNext(255)) - client-CEF4D3493DC0->4ee04582-2825-4055-a051-0465d62eb5ca: receive RaftClientReply:client-CEF4D3493DC0->4ee04582-2825-4055-a051-0465d62eb5ca@group-78E0FE5F723E, cid=4826, SUCCESS, logIndex=7452, commits[4ee04582-2825-4055-a051-0465d62eb5ca:c7452, 97f5b9f0-d9ef-40b5-ba79-7414923e623f:c7450, 7d686585-d831-45bc-93fc-0a553b604b0e:c7450]
2019-07-08 23:05:24,680 INFO  client.GrpcClientProtocolClient (GrpcClientProtocolClient.java:onNext(255)) - client-CEF4D3493DC0->4ee04582-2825-4055-a051-0465d62eb5ca: receive RaftClientReply:client-CEF4D3493DC0->4ee04582-2825-4055-a051-0465d62eb5ca@group-78E0FE5F723E, cid=4827, SUCCESS, logIndex=0, commits[4ee04582-2825-4055-a051-0465d62eb5ca:c7453, 97f5b9f0-d9ef-40b5-ba79-7414923e623f:c7452, 7d686585-d831-45bc-93fc-0a553b604b0e:c7452]
2019-07-08 23:05:24,710 INFO  client.GrpcClientProtocolClient (GrpcClientProtocolClient.java:onNext(255)) - client-CEF4D3493DC0->4ee04582-2825-4055-a051-0465d62eb5ca: receive RaftClientReply:client-CEF4D3493DC0->4ee04582-2825-4055-a051-0465d62eb5ca@group-78E0FE5F723E, cid=4828, SUCCESS, logIndex=7455, commits[4ee04582-2825-4055-a051-0465d62eb5ca:c7456, 97f5b9f0-d9ef-40b5-ba79-7414923e623f:c7452, 7d686585-d831-45bc-93fc-0a553b604b0e:c7454]
2019-07-08 23:05:24,710 INFO  client.GrpcClientProtocolClient (GrpcClientProtocolClient.java:onNext(255)) - client-CEF4D3493DC0->4ee04582-2825-4055-a051-0465d62eb5ca: receive RaftClientReply:client-CEF4D3493DC0->4ee04582-2825-4055-a051-0465d62eb5ca@group-78E0FE5F723E, cid=4829, SUCCESS, logIndex=7456, commits[4ee04582-2825-4055-a051-0465d62eb5ca:c7456, 97f5b9f0-d9ef-40b5-ba79-7414923e623f:c7452, 7d686585-d831-45bc-93fc-0a553b604b0e:c7454]
2019-07-08 23:05:24,713 INFO  client.GrpcClientProtocolClient (GrpcClientProtocolClient.java:onNext(255)) - client-CEF4D3493DC0->4ee04582-2825-4055-a051-0465d62eb5ca: receive RaftClientReply:client-CEF4D3493DC0->4ee04582-2825-4055-a051-0465d62eb5ca@group-78E0FE5F723E, cid=4830, SUCCESS, logIndex=7457, commits[4ee04582-2825-4055-a051-0465d62eb5ca:c7458, 97f5b9f0-d9ef-40b5-ba79-7414923e623f:c7454, 7d686585-d831-45bc-93fc-0a553b604b0e:c7456]
2019-07-08 23:05:24,713 INFO  client.GrpcClientProtocolClient (GrpcClientProtocolClient.java:onNext(255)) - client-CEF4D3493DC0->4ee04582-2825-4055-a051-0465d62eb5ca: receive RaftClientReply:client-CEF4D3493DC0->4ee04582-2825-4055-a051-0465d62eb5ca@group-78E0FE5F723E, cid=4831, SUCCESS, logIndex=7458, commits[4ee04582-2825-4055-a051-0465d62eb5ca:c7458, 97f5b9f0-d9ef-40b5-ba79-7414923e623f:c7454, 7d686585-d831-45bc-93fc-0a553b604b0e:c7456]
2019-07-08 23:05:24,715 INFO  client.GrpcClientProtocolClient (GrpcClientProtocolClient.java:onNext(255)) - client-CEF4D3493DC0->4ee04582-2825-4055-a051-0465d62eb5ca: receive RaftClientReply:client-CEF4D3493DC0->4ee04582-2825-4055-a051-0465d62eb5ca@group-78E0FE5F723E, cid=4832, SUCCESS, logIndex=0, commits[4ee04582-2825-4055-a051-0465d62eb5ca:c7460, 97f5b9f0-d9ef-40b5-ba79-7414923e623f:c7456, 7d686585-d831-45bc-93fc-0a553b604b0e:c7456]
2019-07-08 23:05:24,729 INFO  client.GrpcClientProtocolClient (GrpcClientProtocolClient.java:onNext(255)) - client-CEF4D3493DC0->4ee04582-2825-4055-a051-0465d62eb5ca: receive RaftClientReply:client-CEF4D3493DC0->4ee04582-2825-4055-a051-0465d62eb5ca@group-78E0FE5F723E, cid=4833, SUCCESS, logIndex=7463, commits[4ee04582-2825-4055-a051-0465d62eb5ca:c7464, 97f5b9f0-d9ef-40b5-ba79-7414923e623f:c7462, 7d686585-d831-45bc-93fc-0a553b604b0e:c7462]
2019-07-08 23:05:24,730 INFO  client.GrpcClientProtocolClient (GrpcClientProtocolClient.java:onNext(255)) - client-CEF4D3493DC0->4ee04582-2825-4055-a051-0465d62eb5ca: receive RaftClientReply:client-CEF4D3493DC0->4ee04582-2825-4055-a051-0465d62eb5ca@group-78E0FE5F723E, cid=4834, SUCCESS, logIndex=7464, commits[4ee04582-2825-4055-a051-0465d62eb5ca:c7464, 97f5b9f0-d9ef-40b5-ba79-7414923e623f:c7462, 7d686585-d831-45bc-93fc-0a553b604b0e:c7462]
2019-07-08 23:05:24,749 INFO  client.GrpcClientProtocolClient (GrpcClientProtocolClient.java:onNext(255)) - client-CEF4D3493DC0->4ee04582-2825-4055-a051-0465d62eb5ca: receive RaftClientReply:client-CEF4D3493DC0->4ee04582-2825-4055-a051-0465d62eb5ca@group-78E0FE5F723E, cid=4835, SUCCESS, logIndex=7467, commits[4ee04582-2825-4055-a051-0465d62eb5ca:c7468, 97f5b9f0-d9ef-40b5-ba79-7414923e623f:c7466, 7d686585-d831-45bc-93fc-0a553b604b0e:c7466]
2019-07-08 23:05:24,749 INFO  client.GrpcClientProtocolClient (GrpcClientProtocolClient.java:onNext(255)) - client-CEF4D3493DC0->4ee04582-2825-4055-a051-0465d62eb5ca: receive RaftClientReply:client-CEF4D3493DC0->4ee04582-2825-4055-a051-0465d62eb5ca@group-78E0FE5F723E, cid=4836, SUCCESS, logIndex=7468, commits[4ee04582-2825-4055-a051-0465d62eb5ca:c7468, 97f5b9f0-d9ef-40b5-ba79-7414923e623f:c7466, 7d686585-d831-45bc-93fc-0a553b604b0e:c7466]
2019-07-08 23:05:24,755 INFO  client.GrpcClientProtocolClient (GrpcClientProtocolClient.java:onNext(255)) - client-CEF4D3493DC0->4ee04582-2825-4055-a051-0465d62eb5ca: receive RaftClientReply:client-CEF4D3493DC0->4ee04582-2825-4055-a051-0465d62eb5ca@group-78E0FE5F723E, cid=4837, SUCCESS, logIndex=0, commits[4ee04582-2825-4055-a051-0465d62eb5ca:c7470, 97f5b9f0-d9ef-40b5-ba79-7414923e623f:c7468, 7d686585-d831-45bc-93fc-0a553b604b0e:c7468]
2019-07-08 23:05:24,791 INFO  client.GrpcClientProtocolClient (GrpcClientProtocolClient.java:onNext(255)) - client-CEF4D3493DC0->4ee04582-2825-4055-a051-0465d62eb5ca: receive RaftClientReply:client-CEF4D3493DC0->4ee04582-2825-4055-a051-0465d62eb5ca@group-78E0FE5F723E, cid=4838, SUCCESS, logIndex=7471, commits[4ee04582-2825-4055-a051-0465d62eb5ca:c7474, 97f5b9f0-d9ef-40b5-ba79-7414923e623f:c7468, 7d686585-d831-45bc-93fc-0a553b604b0e:c7470]
2019-07-08 23:05:24,792 INFO  client.GrpcClientProtocolClient (GrpcClientProtocolClient.java:onNext(255)) - client-CEF4D3493DC0->4ee04582-2825-4055-a051-0465d62eb5ca: receive RaftClientReply:client-CEF4D3493DC0->4ee04582-2825-4055-a051-0465d62eb5ca@group-78E0FE5F723E, cid=4839, SUCCESS, logIndex=7472, commits[4ee04582-2825-4055-a051-0465d62eb5ca:c7474, 97f5b9f0-d9ef-40b5-ba79-7414923e623f:c7470, 7d686585-d831-45bc-93fc-0a553b604b0e:c7470]
2019-07-08 23:05:24,792 INFO  client.GrpcClientProtocolClient (GrpcClientProtocolClient.java:onNext(255)) - client-CEF4D3493DC0->4ee04582-2825-4055-a051-0465d62eb5ca: receive RaftClientReply:client-CEF4D3493DC0->4ee04582-2825-4055-a051-0465d62eb5ca@group-78E0FE5F723E, cid=4840, SUCCESS, logIndex=7473, commits[4ee04582-2825-4055-a051-0465d62eb5ca:c7474, 97f5b9f0-d9ef-40b5-ba79-7414923e623f:c7470, 7d686585-d831-45bc-93fc-0a553b604b0e:c7470]
2019-07-08 23:05:24,793 INFO  client.GrpcClientProtocolClient (GrpcClientProtocolClient.java:onNext(255)) - client-CEF4D3493DC0->4ee04582-2825-4055-a051-0465d62eb5ca: receive RaftClientReply:client-CEF4D3493DC0->4ee04582-2825-4055-a051-0465d62eb5ca@group-78E0FE5F723E, cid=4841, SUCCESS, logIndex=7474, commits[4ee04582-2825-4055-a051-0465d62eb5ca:c7474, 97f5b9f0-d9ef-40b5-ba79-7414923e623f:c7470, 7d686585-d831-45bc-93fc-0a553b604b0e:c7470]
2019-07-08 23:05:24,796 INFO  client.GrpcClientProtocolClient (GrpcClientProtocolClient.java:onNext(255)) - client-CEF4D3493DC0->4ee04582-2825-4055-a051-0465d62eb5ca: receive RaftClientReply:client-CEF4D3493DC0->4ee04582-2825-4055-a051-0465d62eb5ca@group-78E0FE5F723E, cid=4842, SUCCESS, logIndex=0, commits[4ee04582-2825-4055-a051-0465d62eb5ca:c7478, 97f5b9f0-d9ef-40b5-ba79-7414923e623f:c7472, 7d686585-d831-45bc-93fc-0a553b604b0e:c7474]
2019-07-08 23:05:24,808 INFO  client.GrpcClientProtocolClient (GrpcClientProtocolClient.java:onNext(255)) - client-CEF4D3493DC0->4ee04582-2825-4055-a051-0465d62eb5ca: receive RaftClientReply:client-CEF4D3493DC0->4ee04582-2825-4055-a051-0465d62eb5ca@group-78E0FE5F723E, cid=4843, SUCCESS, logIndex=7479, commits[4ee04582-2825-4055-a051-0465d62eb5ca:c7480, 97f5b9f0-d9ef-40b5-ba79-7414923e623f:c7478, 7d686585-d831-45bc-93fc-0a553b604b0e:c7474]
2019-07-08 23:05:24,809 INFO  client.GrpcClientProtocolClient (GrpcClientProtocolClient.java:onNext(255)) - client-CEF4D3493DC0->4ee04582-2825-4055-a051-0465d62eb5ca: receive RaftClientReply:client-CEF4D3493DC0->4ee04582-2825-4055-a051-0465d62eb5ca@group-78E0FE5F723E, cid=4844, SUCCESS, logIndex=7480, commits[4ee04582-2825-4055-a051-0465d62eb5ca:c7480, 97f5b9f0-d9ef-40b5-ba79-7414923e623f:c7478, 7d686585-d831-45bc-93fc-0a553b604b0e:c7478]
2019-07-08 23:05:24,822 INFO  client.GrpcClientProtocolClient (GrpcClientProtocolClient.java:onNext(255)) - client-CEF4D3493DC0->4ee04582-2825-4055-a051-0465d62eb5ca: receive RaftClientReply:client-CEF4D3493DC0->4ee04582-2825-4055-a051-0465d62eb5ca@group-78E0FE5F723E, cid=4845, SUCCESS, logIndex=7483, commits[4ee04582-2825-4055-a051-0465d62eb5ca:c7484, 97f5b9f0-d9ef-40b5-ba79-7414923e623f:c7480, 7d686585-d831-45bc-93fc-0a553b604b0e:c7482]
2019-07-08 23:05:24,822 INFO  client.GrpcClientProtocolClient (GrpcClientProtocolClient.java:onNext(255)) - client-CEF4D3493DC0->4ee04582-2825-4055-a051-0465d62eb5ca: receive RaftClientReply:client-CEF4D3493DC0->4ee04582-2825-4055-a051-0465d62eb5ca@group-78E0FE5F723E, cid=4846, SUCCESS, logIndex=7484, commits[4ee04582-2825-4055-a051-0465d62eb5ca:c7484, 97f5b9f0-d9ef-40b5-ba79-7414923e623f:c7482, 7d686585-d831-45bc-93fc-0a553b604b0e:c7482]
2019-07-08 23:05:24,828 INFO  client.GrpcClientProtocolClient (GrpcClientProtocolClient.java:onNext(255)) - client-CEF4D3493DC0->4ee04582-2825-4055-a051-0465d62eb5ca: receive RaftClientReply:client-CEF4D3493DC0->4ee04582-2825-4055-a051-0465d62eb5ca@group-78E0FE5F723E, cid=4847, SUCCESS, logIndex=0, commits[4ee04582-2825-4055-a051-0465d62eb5ca:c7486, 97f5b9f0-d9ef-40b5-ba79-7414923e623f:c7484, 7d686585-d831-45bc-93fc-0a553b604b0e:c7484]
2019-07-08 23:05:24,861 INFO  client.GrpcClientProtocolClient (GrpcClientProtocolClient.java:onNext(255)) - client-CEF4D3493DC0->4ee04582-2825-4055-a051-0465d62eb5ca: receive RaftClientReply:client-CEF4D3493DC0->4ee04582-2825-4055-a051-0465d62eb5ca@group-78E0FE5F723E, cid=4848, SUCCESS, logIndex=7487, commits[4ee04582-2825-4055-a051-0465d62eb5ca:c7488, 97f5b9f0-d9ef-40b5-ba79-7414923e623f:c7484, 7d686585-d831-45bc-93fc-0a553b604b0e:c7486]
2019-07-08 23:05:24,861 INFO  client.GrpcClientProtocolClient (GrpcClientProtocolClient.java:onNext(255)) - client-CEF4D3493DC0->4ee04582-2825-4055-a051-0465d62eb5ca: receive RaftClientReply:client-CEF4D3493DC0->4ee04582-2825-4055-a051-0465d62eb5ca@group-78E0FE5F723E, cid=4849, SUCCESS, logIndex=7488, commits[4ee04582-2825-4055-a051-0465d62eb5ca:c7488, 97f5b9f0-d9ef-40b5-ba79-7414923e623f:c7484, 7d686585-d831-45bc-93fc-0a553b604b0e:c7486]
2019-07-08 23:05:24,862 INFO  client.GrpcClientProtocolClient (GrpcClientProtocolClient.java:onNext(255)) - client-CEF4D3493DC0->4ee04582-2825-4055-a051-0465d62eb5ca: receive RaftClientReply:client-CEF4D3493DC0->4ee04582-2825-4055-a051-0465d62eb5ca@group-78E0FE5F723E, cid=4850, SUCCESS, logIndex=7489, commits[4ee04582-2825-4055-a051-0465d62eb5ca:c7490, 97f5b9f0-d9ef-40b5-ba79-7414923e623f:c7486, 7d686585-d831-45bc-93fc-0a553b604b0e:c7486]
2019-07-08 23:05:24,863 INFO  client.GrpcClientProtocolClient (GrpcClientProtocolClient.java:onNext(255)) - client-CEF4D3493DC0->4ee04582-2825-4055-a051-0465d62eb5ca: receive RaftClientReply:client-CEF4D3493DC0->4ee04582-2825-4055-a051-0465d62eb5ca@group-78E0FE5F723E, cid=4851, SUCCESS, logIndex=7490, commits[4ee04582-2825-4055-a051-0465d62eb5ca:c7490, 97f5b9f0-d9ef-40b5-ba79-7414923e623f:c7486, 7d686585-d831-45bc-93fc-0a553b604b0e:c7486]
2019-07-08 23:05:24,865 INFO  client.GrpcClientProtocolClient (GrpcClientProtocolClient.java:onNext(255)) - client-CEF4D3493DC0->4ee04582-2825-4055-a051-0465d62eb5ca: receive RaftClientReply:client-CEF4D3493DC0->4ee04582-2825-4055-a051-0465d62eb5ca@group-78E0FE5F723E, cid=4852, SUCCESS, logIndex=0, commits[4ee04582-2825-4055-a051-0465d62eb5ca:c7491, 97f5b9f0-d9ef-40b5-ba79-7414923e623f:c7488, 7d686585-d831-45bc-93fc-0a553b604b0e:c7488]
2019-07-08 23:05:24,877 INFO  client.GrpcClientProtocolClient (GrpcClientProtocolClient.java:onNext(255)) - client-CEF4D3493DC0->4ee04582-2825-4055-a051-0465d62eb5ca: receive RaftClientReply:client-CEF4D3493DC0->4ee04582-2825-4055-a051-0465d62eb5ca@group-78E0FE5F723E, cid=4853, SUCCESS, logIndex=7495, commits[4ee04582-2825-4055-a051-0465d62eb5ca:c7496, 97f5b9f0-d9ef-40b5-ba79-7414923e623f:c7494, 7d686585-d831-45bc-93fc-0a553b604b0e:c7494]
2019-07-08 23:05:24,878 INFO  client.GrpcClientProtocolClient (GrpcClientProtocolClient.java:onNext(255)) - client-CEF4D3493DC0->4ee04582-2825-4055-a051-0465d62eb5ca: receive RaftClientReply:client-CEF4D3493DC0->4ee04582-2825-4055-a051-0465d62eb5ca@group-78E0FE5F723E, cid=4854, SUCCESS, logIndex=7496, commits[4ee04582-2825-4055-a051-0465d62eb5ca:c7496, 97f5b9f0-d9ef-40b5-ba79-7414923e623f:c7494, 7d686585-d831-45bc-93fc-0a553b604b0e:c7494]
2019-07-08 23:05:24,891 INFO  client.GrpcClientProtocolClient (GrpcClientProtocolClient.java:onNext(255)) - client-CEF4D3493DC0->4ee04582-2825-4055-a051-0465d62eb5ca: receive RaftClientReply:client-CEF4D3493DC0->4ee04582-2825-4055-a051-0465d62eb5ca@group-78E0FE5F723E, cid=4855, SUCCESS, logIndex=7499, commits[4ee04582-2825-4055-a051-0465d62eb5ca:c7500, 97f5b9f0-d9ef-40b5-ba79-7414923e623f:c7498, 7d686585-d831-45bc-93fc-0a553b604b0e:c7496]
2019-07-08 23:05:24,891 INFO  client.GrpcClientProtocolClient (GrpcClientProtocolClient.java:onNext(255)) - client-CEF4D3493DC0->4ee04582-2825-4055-a051-0465d62eb5ca: receive RaftClientReply:client-CEF4D3493DC0->4ee04582-2825-4055-a051-0465d62eb5ca@group-78E0FE5F723E, cid=4856, SUCCESS, logIndex=7500, commits[4ee04582-2825-4055-a051-0465d62eb5ca:c7500, 97f5b9f0-d9ef-40b5-ba79-7414923e623f:c7498, 7d686585-d831-45bc-93fc-0a553b604b0e:c7498]
2019-07-08 23:05:24,894 INFO  client.GrpcClientProtocolClient (GrpcClientProtocolClient.java:onNext(255)) - client-CEF4D3493DC0->4ee04582-2825-4055-a051-0465d62eb5ca: receive RaftClientReply:client-CEF4D3493DC0->4ee04582-2825-4055-a051-0465d62eb5ca@group-78E0FE5F723E, cid=4857, SUCCESS, logIndex=0, commits[4ee04582-2825-4055-a051-0465d62eb5ca:c7501, 97f5b9f0-d9ef-40b5-ba79-7414923e623f:c7500, 7d686585-d831-45bc-93fc-0a553b604b0e:c7500]
2019-07-08 23:05:24,924 INFO  client.GrpcClientProtocolClient (GrpcClientProtocolClient.java:onNext(255)) - client-CEF4D3493DC0->4ee04582-2825-4055-a051-0465d62eb5ca: receive RaftClientReply:client-CEF4D3493DC0->4ee04582-2825-4055-a051-0465d62eb5ca@group-78E0FE5F723E, cid=4858, SUCCESS, logIndex=7503, commits[4ee04582-2825-4055-a051-0465d62eb5ca:c7505, 97f5b9f0-d9ef-40b5-ba79-7414923e623f:c7502, 7d686585-d831-45bc-93fc-0a553b604b0e:c7500]
2019-07-08 23:05:24,924 INFO  client.GrpcClientProtocolClient (GrpcClientProtocolClient.java:onNext(255)) - client-CEF4D3493DC0->4ee04582-2825-4055-a051-0465d62eb5ca: receive RaftClientReply:client-CEF4D3493DC0->4ee04582-2825-4055-a051-0465d62eb5ca@group-78E0FE5F723E, cid=4859, SUCCESS, logIndex=7504, commits[4ee04582-2825-4055-a051-0465d62eb5ca:c7506, 97f5b9f0-d9ef-40b5-ba79-7414923e623f:c7502, 7d686585-d831-45bc-93fc-0a553b604b0e:c7500]
2019-07-08 23:05:24,924 INFO  client.GrpcClientProtocolClient (GrpcClientProtocolClient.java:onNext(255)) - client-CEF4D3493DC0->4ee04582-2825-4055-a051-0465d62eb5ca: receive RaftClientReply:client-CEF4D3493DC0->4ee04582-2825-4055-a051-0465d62eb5ca@group-78E0FE5F723E, cid=4860, SUCCESS, logIndex=7505, commits[4ee04582-2825-4055-a051-0465d62eb5ca:c7506, 97f5b9f0-d9ef-40b5-ba79-7414923e623f:c7502, 7d686585-d831-45bc-93fc-0a553b604b0e:c7500]
2019-07-08 23:05:24,925 INFO  client.GrpcClientProtocolClient (GrpcClientProtocolClient.java:onNext(255)) - client-CEF4D3493DC0->4ee04582-2825-4055-a051-0465d62eb5ca: receive RaftClientReply:client-CEF4D3493DC0->4ee04582-2825-4055-a051-0465d62eb5ca@group-78E0FE5F723E, cid=4861, SUCCESS, logIndex=7506, commits[4ee04582-2825-4055-a051-0465d62eb5ca:c7506, 97f5b9f0-d9ef-40b5-ba79-7414923e623f:c7502, 7d686585-d831-45bc-93fc-0a553b604b0e:c7500]
2019-07-08 23:05:24,929 INFO  client.GrpcClientProtocolClient (GrpcClientProtocolClient.java:onNext(255)) - client-CEF4D3493DC0->4ee04582-2825-4055-a051-0465d62eb5ca: receive RaftClientReply:client-CEF4D3493DC0->4ee04582-2825-4055-a051-0465d62eb5ca@group-78E0FE5F723E, cid=4862, SUCCESS, logIndex=0, commits[4ee04582-2825-4055-a051-0465d62eb5ca:c7507, 97f5b9f0-d9ef-40b5-ba79-7414923e623f:c7504, 7d686585-d831-45bc-93fc-0a553b604b0e:c7504]
2019-07-08 23:05:24,947 INFO  client.GrpcClientProtocolClient (GrpcClientProtocolClient.java:onNext(255)) - client-CEF4D3493DC0->4ee04582-2825-4055-a051-0465d62eb5ca: receive RaftClientReply:client-CEF4D3493DC0->4ee04582-2825-4055-a051-0465d62eb5ca@group-78E0FE5F723E, cid=4863, SUCCESS, logIndex=7511, commits[4ee04582-2825-4055-a051-0465d62eb5ca:c7512, 97f5b9f0-d9ef-40b5-ba79-7414923e623f:c7510, 7d686585-d831-45bc-93fc-0a553b604b0e:c7510]
2019-07-08 23:05:24,947 INFO  client.GrpcClientProtocolClient (GrpcClientProtocolClient.java:onNext(255)) - client-CEF4D3493DC0->4ee04582-2825-4055-a051-0465d62eb5ca: receive RaftClientReply:client-CEF4D3493DC0->4ee04582-2825-4055-a051-0465d62eb5ca@group-78E0FE5F723E, cid=4864, SUCCESS, logIndex=7512, commits[4ee04582-2825-4055-a051-0465d62eb5ca:c7512, 97f5b9f0-d9ef-40b5-ba79-7414923e623f:c7510, 7d686585-d831-45bc-93fc-0a553b604b0e:c7510]
2019-07-08 23:05:24,958 INFO  client.GrpcClientProtocolClient (GrpcClientProtocolClient.java:onNext(255)) - client-CEF4D3493DC0->4ee04582-2825-4055-a051-0465d62eb5ca: receive RaftClientReply:client-CEF4D3493DC0->4ee04582-2825-4055-a051-0465d62eb5ca@group-78E0FE5F723E, cid=4865, SUCCESS, logIndex=7515, commits[4ee04582-2825-4055-a051-0465d62eb5ca:c7516, 97f5b9f0-d9ef-40b5-ba79-7414923e623f:c7514, 7d686585-d831-45bc-93fc-0a553b604b0e:c7512]
2019-07-08 23:05:24,958 INFO  client.GrpcClientProtocolClient (GrpcClientProtocolClient.java:onNext(255)) - client-CEF4D3493DC0->4ee04582-2825-4055-a051-0465d62eb5ca: receive RaftClientReply:client-CEF4D3493DC0->4ee04582-2825-4055-a051-0465d62eb5ca@group-78E0FE5F723E, cid=4866, SUCCESS, logIndex=7516, commits[4ee04582-2825-4055-a051-0465d62eb5ca:c7516, 97f5b9f0-d9ef-40b5-ba79-7414923e623f:c7514, 7d686585-d831-45bc-93fc-0a553b604b0e:c7512]
2019-07-08 23:05:24,962 INFO  client.GrpcClientProtocolClient (GrpcClientProtocolClient.java:onNext(255)) - client-CEF4D3493DC0->4ee04582-2825-4055-a051-0465d62eb5ca: receive RaftClientReply:client-CEF4D3493DC0->4ee04582-2825-4055-a051-0465d62eb5ca@group-78E0FE5F723E, cid=4867, SUCCESS, logIndex=0, commits[4ee04582-2825-4055-a051-0465d62eb5ca:c7517, 97f5b9f0-d9ef-40b5-ba79-7414923e623f:c7516, 7d686585-d831-45bc-93fc-0a553b604b0e:c7516]
2019-07-08 23:05:24,991 INFO  client.GrpcClientProtocolClient (GrpcClientProtocolClient.java:onNext(255)) - client-CEF4D3493DC0->4ee04582-2825-4055-a051-0465d62eb5ca: receive RaftClientReply:client-CEF4D3493DC0->4ee04582-2825-4055-a051-0465d62eb5ca@group-78E0FE5F723E, cid=4868, SUCCESS, logIndex=7519, commits[4ee04582-2825-4055-a051-0465d62eb5ca:c7521, 97f5b9f0-d9ef-40b5-ba79-7414923e623f:c7518, 7d686585-d831-45bc-93fc-0a553b604b0e:c7516]
2019-07-08 23:05:24,991 INFO  client.GrpcClientProtocolClient (GrpcClientProtocolClient.java:onNext(255)) - client-CEF4D3493DC0->4ee04582-2825-4055-a051-0465d62eb5ca: receive RaftClientReply:client-CEF4D3493DC0->4ee04582-2825-4055-a051-0465d62eb5ca@group-78E0FE5F723E, cid=4869, SUCCESS, logIndex=7520, commits[4ee04582-2825-4055-a051-0465d62eb5ca:c7522, 97f5b9f0-d9ef-40b5-ba79-7414923e623f:c7518, 7d686585-d831-45bc-93fc-0a553b604b0e:c7518]
2019-07-08 23:05:24,992 INFO  client.GrpcClientProtocolClient (GrpcClientProtocolClient.java:onNext(255)) - client-CEF4D3493DC0->4ee04582-2825-4055-a051-0465d62eb5ca: receive RaftClientReply:client-CEF4D3493DC0->4ee04582-2825-4055-a051-0465d62eb5ca@group-78E0FE5F723E, cid=4870, SUCCESS, logIndex=7521, commits[4ee04582-2825-4055-a051-0465d62eb5ca:c7522, 97f5b9f0-d9ef-40b5-ba79-7414923e623f:c7518, 7d686585-d831-45bc-93fc-0a553b604b0e:c7518]
2019-07-08 23:05:24,992 INFO  client.GrpcClientProtocolClient (GrpcClientProtocolClient.java:onNext(255)) - client-CEF4D3493DC0->4ee04582-2825-4055-a051-0465d62eb5ca: receive RaftClientReply:client-CEF4D3493DC0->4ee04582-2825-4055-a051-0465d62eb5ca@group-78E0FE5F723E, cid=4871, SUCCESS, logIndex=7522, commits[4ee04582-2825-4055-a051-0465d62eb5ca:c7522, 97f5b9f0-d9ef-40b5-ba79-7414923e623f:c7518, 7d686585-d831-45bc-93fc-0a553b604b0e:c7518]
2019-07-08 23:05:24,997 INFO  client.GrpcClientProtocolClient (GrpcClientProtocolClient.java:onNext(255)) - client-CEF4D3493DC0->4ee04582-2825-4055-a051-0465d62eb5ca: receive RaftClientReply:client-CEF4D3493DC0->4ee04582-2825-4055-a051-0465d62eb5ca@group-78E0FE5F723E, cid=4872, SUCCESS, logIndex=0, commits[4ee04582-2825-4055-a051-0465d62eb5ca:c7526, 97f5b9f0-d9ef-40b5-ba79-7414923e623f:c7522, 7d686585-d831-45bc-93fc-0a553b604b0e:c7521]
2019-07-08 23:05:25,010 INFO  client.GrpcClientProtocolClient (GrpcClientProtocolClient.java:onNext(255)) - client-CEF4D3493DC0->4ee04582-2825-4055-a051-0465d62eb5ca: receive RaftClientReply:client-CEF4D3493DC0->4ee04582-2825-4055-a051-0465d62eb5ca@group-78E0FE5F723E, cid=4873, SUCCESS, logIndex=7527, commits[4ee04582-2825-4055-a051-0465d62eb5ca:c7527, 97f5b9f0-d9ef-40b5-ba79-7414923e623f:c7526, 7d686585-d831-45bc-93fc-0a553b604b0e:c7526]
2019-07-08 23:05:25,010 INFO  client.GrpcClientProtocolClient (GrpcClientProtocolClient.java:onNext(255)) - client-CEF4D3493DC0->4ee04582-2825-4055-a051-0465d62eb5ca: receive RaftClientReply:client-CEF4D3493DC0->4ee04582-2825-4055-a051-0465d62eb5ca@group-78E0FE5F723E, cid=4874, SUCCESS, logIndex=7528, commits[4ee04582-2825-4055-a051-0465d62eb5ca:c7528, 97f5b9f0-d9ef-40b5-ba79-7414923e623f:c7526, 7d686585-d831-45bc-93fc-0a553b604b0e:c7526]
2019-07-08 23:05:25,022 INFO  client.GrpcClientProtocolClient (GrpcClientProtocolClient.java:onNext(255)) - client-CEF4D3493DC0->4ee04582-2825-4055-a051-0465d62eb5ca: receive RaftClientReply:client-CEF4D3493DC0->4ee04582-2825-4055-a051-0465d62eb5ca@group-78E0FE5F723E, cid=4875, SUCCESS, logIndex=7531, commits[4ee04582-2825-4055-a051-0465d62eb5ca:c7532, 97f5b9f0-d9ef-40b5-ba79-7414923e623f:c7528, 7d686585-d831-45bc-93fc-0a553b604b0e:c7529]
2019-07-08 23:05:25,022 INFO  client.GrpcClientProtocolClient (GrpcClientProtocolClient.java:onNext(255)) - client-CEF4D3493DC0->4ee04582-2825-4055-a051-0465d62eb5ca: receive RaftClientReply:client-CEF4D3493DC0->4ee04582-2825-4055-a051-0465d62eb5ca@group-78E0FE5F723E, cid=4876, SUCCESS, logIndex=7532, commits[4ee04582-2825-4055-a051-0465d62eb5ca:c7532, 97f5b9f0-d9ef-40b5-ba79-7414923e623f:c7529, 7d686585-d831-45bc-93fc-0a553b604b0e:c7529]
2019-07-08 23:05:25,029 INFO  client.GrpcClientProtocolClient (GrpcClientProtocolClient.java:onNext(255)) - client-CEF4D3493DC0->4ee04582-2825-4055-a051-0465d62eb5ca: receive RaftClientReply:client-CEF4D3493DC0->4ee04582-2825-4055-a051-0465d62eb5ca@group-78E0FE5F723E, cid=4877, SUCCESS, logIndex=0, commits[4ee04582-2825-4055-a051-0465d62eb5ca:c7534, 97f5b9f0-d9ef-40b5-ba79-7414923e623f:c7532, 7d686585-d831-45bc-93fc-0a553b604b0e:c7532]
2019-07-08 23:05:25,062 INFO  client.GrpcClientProtocolClient (GrpcClientProtocolClient.java:onNext(255)) - client-CEF4D3493DC0->4ee04582-2825-4055-a051-0465d62eb5ca: receive RaftClientReply:client-CEF4D3493DC0->4ee04582-2825-4055-a051-0465d62eb5ca@group-78E0FE5F723E, cid=4878, SUCCESS, logIndex=7535, commits[4ee04582-2825-4055-a051-0465d62eb5ca:c7536, 97f5b9f0-d9ef-40b5-ba79-7414923e623f:c7532, 7d686585-d831-45bc-93fc-0a553b604b0e:c7534]
2019-07-08 23:05:25,062 INFO  client.GrpcClientProtocolClient (GrpcClientProtocolClient.java:onNext(255)) - client-CEF4D3493DC0->4ee04582-2825-4055-a051-0465d62eb5ca: receive RaftClientReply:client-CEF4D3493DC0->4ee04582-2825-4055-a051-0465d62eb5ca@group-78E0FE5F723E, cid=4879, SUCCESS, logIndex=7536, commits[4ee04582-2825-4055-a051-0465d62eb5ca:c7537, 97f5b9f0-d9ef-40b5-ba79-7414923e623f:c7534, 7d686585-d831-45bc-93fc-0a553b604b0e:c7534]
2019-07-08 23:05:25,063 INFO  client.GrpcClientProtocolClient (GrpcClientProtocolClient.java:onNext(255)) - client-CEF4D3493DC0->4ee04582-2825-4055-a051-0465d62eb5ca: receive RaftClientReply:client-CEF4D3493DC0->4ee04582-2825-4055-a051-0465d62eb5ca@group-78E0FE5F723E, cid=4880, SUCCESS, logIndex=7537, commits[4ee04582-2825-4055-a051-0465d62eb5ca:c7538, 97f5b9f0-d9ef-40b5-ba79-7414923e623f:c7534, 7d686585-d831-45bc-93fc-0a553b604b0e:c7534]
2019-07-08 23:05:25,063 INFO  client.GrpcClientProtocolClient (GrpcClientProtocolClient.java:onNext(255)) - client-CEF4D3493DC0->4ee04582-2825-4055-a051-0465d62eb5ca: receive RaftClientReply:client-CEF4D3493DC0->4ee04582-2825-4055-a051-0465d62eb5ca@group-78E0FE5F723E, cid=4881, SUCCESS, logIndex=7538, commits[4ee04582-2825-4055-a051-0465d62eb5ca:c7538, 97f5b9f0-d9ef-40b5-ba79-7414923e623f:c7534, 7d686585-d831-45bc-93fc-0a553b604b0e:c7534]
2019-07-08 23:05:25,068 INFO  client.GrpcClientProtocolClient (GrpcClientProtocolClient.java:onNext(255)) - client-CEF4D3493DC0->4ee04582-2825-4055-a051-0465d62eb5ca: receive RaftClientReply:client-CEF4D3493DC0->4ee04582-2825-4055-a051-0465d62eb5ca@group-78E0FE5F723E, cid=4882, SUCCESS, logIndex=0, commits[4ee04582-2825-4055-a051-0465d62eb5ca:c7540, 97f5b9f0-d9ef-40b5-ba79-7414923e623f:c7536, 7d686585-d831-45bc-93fc-0a553b604b0e:c7536]
2019-07-08 23:05:25,084 INFO  client.GrpcClientProtocolClient (GrpcClientProtocolClient.java:onNext(255)) - client-CEF4D3493DC0->4ee04582-2825-4055-a051-0465d62eb5ca: receive RaftClientReply:client-CEF4D3493DC0->4ee04582-2825-4055-a051-0465d62eb5ca@group-78E0FE5F723E, cid=4883, SUCCESS, logIndex=7543, commits[4ee04582-2825-4055-a051-0465d62eb5ca:c7544, 97f5b9f0-d9ef-40b5-ba79-7414923e623f:c7542, 7d686585-d831-45bc-93fc-0a553b604b0e:c7542]
2019-07-08 23:05:25,084 INFO  client.GrpcClientProtocolClient (GrpcClientProtocolClient.java:onNext(255)) - client-CEF4D3493DC0->4ee04582-2825-4055-a051-0465d62eb5ca: receive RaftClientReply:client-CEF4D3493DC0->4ee04582-2825-4055-a051-0465d62eb5ca@group-78E0FE5F723E, cid=4884, SUCCESS, logIndex=7544, commits[4ee04582-2825-4055-a051-0465d62eb5ca:c7544, 97f5b9f0-d9ef-40b5-ba79-7414923e623f:c7542, 7d686585-d831-45bc-93fc-0a553b604b0e:c7542]
2019-07-08 23:05:25,097 INFO  client.GrpcClientProtocolClient (GrpcClientProtocolClient.java:onNext(255)) - client-CEF4D3493DC0->4ee04582-2825-4055-a051-0465d62eb5ca: receive RaftClientReply:client-CEF4D3493DC0->4ee04582-2825-4055-a051-0465d62eb5ca@group-78E0FE5F723E, cid=4885, SUCCESS, logIndex=7547, commits[4ee04582-2825-4055-a051-0465d62eb5ca:c7548, 97f5b9f0-d9ef-40b5-ba79-7414923e623f:c7546, 7d686585-d831-45bc-93fc-0a553b604b0e:c7544]
2019-07-08 23:05:25,097 INFO  client.GrpcClientProtocolClient (GrpcClientProtocolClient.java:onNext(255)) - client-CEF4D3493DC0->4ee04582-2825-4055-a051-0465d62eb5ca: receive RaftClientReply:client-CEF4D3493DC0->4ee04582-2825-4055-a051-0465d62eb5ca@group-78E0FE5F723E, cid=4886, SUCCESS, logIndex=7548, commits[4ee04582-2825-4055-a051-0465d62eb5ca:c7548, 97f5b9f0-d9ef-40b5-ba79-7414923e623f:c7546, 7d686585-d831-45bc-93fc-0a553b604b0e:c7544]
2019-07-08 23:05:25,101 INFO  client.GrpcClientProtocolClient (GrpcClientProtocolClient.java:onNext(255)) - client-CEF4D3493DC0->4ee04582-2825-4055-a051-0465d62eb5ca: receive RaftClientReply:client-CEF4D3493DC0->4ee04582-2825-4055-a051-0465d62eb5ca@group-78E0FE5F723E, cid=4887, SUCCESS, logIndex=0, commits[4ee04582-2825-4055-a051-0465d62eb5ca:c7549, 97f5b9f0-d9ef-40b5-ba79-7414923e623f:c7548, 7d686585-d831-45bc-93fc-0a553b604b0e:c7548]
2019-07-08 23:05:25,125 INFO  client.GrpcClientProtocolClient (GrpcClientProtocolClient.java:onNext(255)) - client-CEF4D3493DC0->4ee04582-2825-4055-a051-0465d62eb5ca: receive RaftClientReply:client-CEF4D3493DC0->4ee04582-2825-4055-a051-0465d62eb5ca@group-78E0FE5F723E, cid=4888, SUCCESS, logIndex=7551, commits[4ee04582-2825-4055-a051-0465d62eb5ca:c7552, 97f5b9f0-d9ef-40b5-ba79-7414923e623f:c7548, 7d686585-d831-45bc-93fc-0a553b604b0e:c7550]
2019-07-08 23:05:25,126 INFO  client.GrpcClientProtocolClient (GrpcClientProtocolClient.java:onNext(255)) - client-CEF4D3493DC0->4ee04582-2825-4055-a051-0465d62eb5ca: receive RaftClientReply:client-CEF4D3493DC0->4ee04582-2825-4055-a051-0465d62eb5ca@group-78E0FE5F723E, cid=4889, SUCCESS, logIndex=7552, commits[4ee04582-2825-4055-a051-0465d62eb5ca:c7552, 97f5b9f0-d9ef-40b5-ba79-7414923e623f:c7548, 7d686585-d831-45bc-93fc-0a553b604b0e:c7550]
2019-07-08 23:05:25,129 INFO  client.GrpcClientProtocolClient (GrpcClientProtocolClient.java:onNext(255)) - client-CEF4D3493DC0->4ee04582-2825-4055-a051-0465d62eb5ca: receive RaftClientReply:client-CEF4D3493DC0->4ee04582-2825-4055-a051-0465d62eb5ca@group-78E0FE5F723E, cid=4890, SUCCESS, logIndex=7553, commits[4ee04582-2825-4055-a051-0465d62eb5ca:c7553, 97f5b9f0-d9ef-40b5-ba79-7414923e623f:c7550, 7d686585-d831-45bc-93fc-0a553b604b0e:c7550]
2019-07-08 23:05:25,130 INFO  client.GrpcClientProtocolClient (GrpcClientProtocolClient.java:onNext(255)) - client-CEF4D3493DC0->4ee04582-2825-4055-a051-0465d62eb5ca: receive RaftClientReply:client-CEF4D3493DC0->4ee04582-2825-4055-a051-0465d62eb5ca@group-78E0FE5F723E, cid=4891, SUCCESS, logIndex=7554, commits[4ee04582-2825-4055-a051-0465d62eb5ca:c7555, 97f5b9f0-d9ef-40b5-ba79-7414923e623f:c7550, 7d686585-d831-45bc-93fc-0a553b604b0e:c7552]
2019-07-08 23:05:25,131 INFO  client.GrpcClientProtocolClient (GrpcClientProtocolClient.java:onNext(255)) - client-CEF4D3493DC0->4ee04582-2825-4055-a051-0465d62eb5ca: receive RaftClientReply:client-CEF4D3493DC0->4ee04582-2825-4055-a051-0465d62eb5ca@group-78E0FE5F723E, cid=4892, SUCCESS, logIndex=0, commits[4ee04582-2825-4055-a051-0465d62eb5ca:c7555, 97f5b9f0-d9ef-40b5-ba79-7414923e623f:c7552, 7d686585-d831-45bc-93fc-0a553b604b0e:c7552]
2019-07-08 23:05:25,147 INFO  client.GrpcClientProtocolClient (GrpcClientProtocolClient.java:onNext(255)) - client-CEF4D3493DC0->4ee04582-2825-4055-a051-0465d62eb5ca: receive RaftClientReply:client-CEF4D3493DC0->4ee04582-2825-4055-a051-0465d62eb5ca@group-78E0FE5F723E, cid=4893, SUCCESS, logIndex=7558, commits[4ee04582-2825-4055-a051-0465d62eb5ca:c7559, 97f5b9f0-d9ef-40b5-ba79-7414923e623f:c7556, 7d686585-d831-45bc-93fc-0a553b604b0e:c7556]
2019-07-08 23:05:25,147 INFO  client.GrpcClientProtocolClient (GrpcClientProtocolClient.java:onNext(255)) - client-CEF4D3493DC0->4ee04582-2825-4055-a051-0465d62eb5ca: receive RaftClientReply:client-CEF4D3493DC0->4ee04582-2825-4055-a051-0465d62eb5ca@group-78E0FE5F723E, cid=4894, SUCCESS, logIndex=7559, commits[4ee04582-2825-4055-a051-0465d62eb5ca:c7559, 97f5b9f0-d9ef-40b5-ba79-7414923e623f:c7556, 7d686585-d831-45bc-93fc-0a553b604b0e:c7556]
2019-07-08 23:05:25,157 INFO  client.GrpcClientProtocolClient (GrpcClientProtocolClient.java:onNext(255)) - client-CEF4D3493DC0->4ee04582-2825-4055-a051-0465d62eb5ca: receive RaftClientReply:client-CEF4D3493DC0->4ee04582-2825-4055-a051-0465d62eb5ca@group-78E0FE5F723E, cid=4895, SUCCESS, logIndex=7562, commits[4ee04582-2825-4055-a051-0465d62eb5ca:c7563, 97f5b9f0-d9ef-40b5-ba79-7414923e623f:c7561, 7d686585-d831-45bc-93fc-0a553b604b0e:c7559]
2019-07-08 23:05:25,158 INFO  client.GrpcClientProtocolClient (GrpcClientProtocolClient.java:onNext(255)) - client-CEF4D3493DC0->4ee04582-2825-4055-a051-0465d62eb5ca: receive RaftClientReply:client-CEF4D3493DC0->4ee04582-2825-4055-a051-0465d62eb5ca@group-78E0FE5F723E, cid=4896, SUCCESS, logIndex=7563, commits[4ee04582-2825-4055-a051-0465d62eb5ca:c7563, 97f5b9f0-d9ef-40b5-ba79-7414923e623f:c7561, 7d686585-d831-45bc-93fc-0a553b604b0e:c7561]
2019-07-08 23:05:25,161 INFO  client.GrpcClientProtocolClient (GrpcClientProtocolClient.java:onNext(255)) - client-CEF4D3493DC0->4ee04582-2825-4055-a051-0465d62eb5ca: receive RaftClientReply:client-CEF4D3493DC0->4ee04582-2825-4055-a051-0465d62eb5ca@group-78E0FE5F723E, cid=4897, SUCCESS, logIndex=0, commits[4ee04582-2825-4055-a051-0465d62eb5ca:c7565, 97f5b9f0-d9ef-40b5-ba79-7414923e623f:c7563, 7d686585-d831-45bc-93fc-0a553b604b0e:c7563]
2019-07-08 23:05:25,188 INFO  client.GrpcClientProtocolClient (GrpcClientProtocolClient.java:onNext(255)) - client-CEF4D3493DC0->4ee04582-2825-4055-a051-0465d62eb5ca: receive RaftClientReply:client-CEF4D3493DC0->4ee04582-2825-4055-a051-0465d62eb5ca@group-78E0FE5F723E, cid=4898, SUCCESS, logIndex=7566, commits[4ee04582-2825-4055-a051-0465d62eb5ca:c7568, 97f5b9f0-d9ef-40b5-ba79-7414923e623f:c7565, 7d686585-d831-45bc-93fc-0a553b604b0e:c7563]
2019-07-08 23:05:25,188 INFO  client.GrpcClientProtocolClient (GrpcClientProtocolClient.java:onNext(255)) - client-CEF4D3493DC0->4ee04582-2825-4055-a051-0465d62eb5ca: receive RaftClientReply:client-CEF4D3493DC0->4ee04582-2825-4055-a051-0465d62eb5ca@group-78E0FE5F723E, cid=4899, SUCCESS, logIndex=7567, commits[4ee04582-2825-4055-a051-0465d62eb5ca:c7569, 97f5b9f0-d9ef-40b5-ba79-7414923e623f:c7565, 7d686585-d831-45bc-93fc-0a553b604b0e:c7565]
2019-07-08 23:05:25,189 INFO  client.GrpcClientProtocolClient (GrpcClientProtocolClient.java:onNext(255)) - client-CEF4D3493DC0->4ee04582-2825-4055-a051-0465d62eb5ca: receive RaftClientReply:client-CEF4D3493DC0->4ee04582-2825-4055-a051-0465d62eb5ca@group-78E0FE5F723E, cid=4900, SUCCESS, logIndex=7568, commits[4ee04582-2825-4055-a051-0465d62eb5ca:c7569, 97f5b9f0-d9ef-40b5-ba79-7414923e623f:c7565, 7d686585-d831-45bc-93fc-0a553b604b0e:c7565]
2019-07-08 23:05:25,189 INFO  client.GrpcClientProtocolClient (GrpcClientProtocolClient.java:onNext(255)) - client-CEF4D3493DC0->4ee04582-2825-4055-a051-0465d62eb5ca: receive RaftClientReply:client-CEF4D3493DC0->4ee04582-2825-4055-a051-0465d62eb5ca@group-78E0FE5F723E, cid=4901, SUCCESS, logIndex=7569, commits[4ee04582-2825-4055-a051-0465d62eb5ca:c7570, 97f5b9f0-d9ef-40b5-ba79-7414923e623f:c7566, 7d686585-d831-45bc-93fc-0a553b604b0e:c7565]
2019-07-08 23:05:25,190 INFO  client.GrpcClientProtocolClient (GrpcClientProtocolClient.java:onNext(255)) - client-CEF4D3493DC0->4ee04582-2825-4055-a051-0465d62eb5ca: receive RaftClientReply:client-CEF4D3493DC0->4ee04582-2825-4055-a051-0465d62eb5ca@group-78E0FE5F723E, cid=4902, SUCCESS, logIndex=0, commits[4ee04582-2825-4055-a051-0465d62eb5ca:c7572, 97f5b9f0-d9ef-40b5-ba79-7414923e623f:c7567, 7d686585-d831-45bc-93fc-0a553b604b0e:c7568]
2019-07-08 23:05:25,201 INFO  client.GrpcClientProtocolClient (GrpcClientProtocolClient.java:onNext(255)) - client-CEF4D3493DC0->4ee04582-2825-4055-a051-0465d62eb5ca: receive RaftClientReply:client-CEF4D3493DC0->4ee04582-2825-4055-a051-0465d62eb5ca@group-78E0FE5F723E, cid=4903, SUCCESS, logIndex=7574, commits[4ee04582-2825-4055-a051-0465d62eb5ca:c7575, 97f5b9f0-d9ef-40b5-ba79-7414923e623f:c7573, 7d686585-d831-45bc-93fc-0a553b604b0e:c7569]
2019-07-08 23:05:25,202 INFO  client.GrpcClientProtocolClient (GrpcClientProtocolClient.java:onNext(255)) - client-CEF4D3493DC0->4ee04582-2825-4055-a051-0465d62eb5ca: receive RaftClientReply:client-CEF4D3493DC0->4ee04582-2825-4055-a051-0465d62eb5ca@group-78E0FE5F723E, cid=4904, SUCCESS, logIndex=7575, commits[4ee04582-2825-4055-a051-0465d62eb5ca:c7575, 97f5b9f0-d9ef-40b5-ba79-7414923e623f:c7573, 7d686585-d831-45bc-93fc-0a553b604b0e:c7573]
2019-07-08 23:05:25,211 INFO  client.GrpcClientProtocolClient (GrpcClientProtocolClient.java:onNext(255)) - client-CEF4D3493DC0->4ee04582-2825-4055-a051-0465d62eb5ca: receive RaftClientReply:client-CEF4D3493DC0->4ee04582-2825-4055-a051-0465d62eb5ca@group-78E0FE5F723E, cid=4905, SUCCESS, logIndex=7578, commits[4ee04582-2825-4055-a051-0465d62eb5ca:c7579, 97f5b9f0-d9ef-40b5-ba79-7414923e623f:c7577, 7d686585-d831-45bc-93fc-0a553b604b0e:c7575]
2019-07-08 23:05:25,211 INFO  client.GrpcClientProtocolClient (GrpcClientProtocolClient.java:onNext(255)) - client-CEF4D3493DC0->4ee04582-2825-4055-a051-0465d62eb5ca: receive RaftClientReply:client-CEF4D3493DC0->4ee04582-2825-4055-a051-0465d62eb5ca@group-78E0FE5F723E, cid=4906, SUCCESS, logIndex=7579, commits[4ee04582-2825-4055-a051-0465d62eb5ca:c7579, 97f5b9f0-d9ef-40b5-ba79-7414923e623f:c7577, 7d686585-d831-45bc-93fc-0a553b604b0e:c7575]
2019-07-08 23:05:25,214 INFO  client.GrpcClientProtocolClient (GrpcClientProtocolClient.java:onNext(255)) - client-CEF4D3493DC0->4ee04582-2825-4055-a051-0465d62eb5ca: receive RaftClientReply:client-CEF4D3493DC0->4ee04582-2825-4055-a051-0465d62eb5ca@group-78E0FE5F723E, cid=4907, SUCCESS, logIndex=0, commits[4ee04582-2825-4055-a051-0465d62eb5ca:c7581, 97f5b9f0-d9ef-40b5-ba79-7414923e623f:c7579, 7d686585-d831-45bc-93fc-0a553b604b0e:c7579]
 0.00% |█                                                                                                    |  0/1 Time: 0:00:342019-07-08 23:05:25,373 INFO  client.GrpcClientProtocolClient (GrpcClientProtocolClient.java:onNext(255)) - client-CEF4D3493DC0->4ee04582-2825-4055-a051-0465d62eb5ca: receive RaftClientReply:client-CEF4D3493DC0->4ee04582-2825-4055-a051-0465d62eb5ca@group-78E0FE5F723E, cid=4908, SUCCESS, logIndex=7582, commits[4ee04582-2825-4055-a051-0465d62eb5ca:c7585, 97f5b9f0-d9ef-40b5-ba79-7414923e623f:c7581, 7d686585-d831-45bc-93fc-0a553b604b0e:c7579]
2019-07-08 23:05:25,374 INFO  client.GrpcClientProtocolClient (GrpcClientProtocolClient.java:onNext(255)) - client-CEF4D3493DC0->4ee04582-2825-4055-a051-0465d62eb5ca: receive RaftClientReply:client-CEF4D3493DC0->4ee04582-2825-4055-a051-0465d62eb5ca@group-78E0FE5F723E, cid=4909, SUCCESS, logIndex=7583, commits[4ee04582-2825-4055-a051-0465d62eb5ca:c7585, 97f5b9f0-d9ef-40b5-ba79-7414923e623f:c7581, 7d686585-d831-45bc-93fc-0a553b604b0e:c7579]
2019-07-08 23:05:25,374 INFO  client.GrpcClientProtocolClient (GrpcClientProtocolClient.java:onNext(255)) - client-CEF4D3493DC0->4ee04582-2825-4055-a051-0465d62eb5ca: receive RaftClientReply:client-CEF4D3493DC0->4ee04582-2825-4055-a051-0465d62eb5ca@group-78E0FE5F723E, cid=4910, SUCCESS, logIndex=7584, commits[4ee04582-2825-4055-a051-0465d62eb5ca:c7585, 97f5b9f0-d9ef-40b5-ba79-7414923e623f:c7581, 7d686585-d831-45bc-93fc-0a553b604b0e:c7581]
2019-07-08 23:05:25,374 INFO  client.GrpcClientProtocolClient (GrpcClientProtocolClient.java:onNext(255)) - client-CEF4D3493DC0->4ee04582-2825-4055-a051-0465d62eb5ca: receive RaftClientReply:client-CEF4D3493DC0->4ee04582-2825-4055-a051-0465d62eb5ca@group-78E0FE5F723E, cid=4911, SUCCESS, logIndex=7585, commits[4ee04582-2825-4055-a051-0465d62eb5ca:c7585, 97f5b9f0-d9ef-40b5-ba79-7414923e623f:c7581, 7d686585-d831-45bc-93fc-0a553b604b0e:c7581]
2019-07-08 23:05:25,378 INFO  client.GrpcClientProtocolClient (GrpcClientProtocolClient.java:onNext(255)) - client-CEF4D3493DC0->4ee04582-2825-4055-a051-0465d62eb5ca: receive RaftClientReply:client-CEF4D3493DC0->4ee04582-2825-4055-a051-0465d62eb5ca@group-78E0FE5F723E, cid=4912, SUCCESS, logIndex=0, commits[4ee04582-2825-4055-a051-0465d62eb5ca:c7586, 97f5b9f0-d9ef-40b5-ba79-7414923e623f:c7585, 7d686585-d831-45bc-93fc-0a553b604b0e:c7585]
2019-07-08 23:05:25,392 INFO  client.GrpcClientProtocolClient (GrpcClientProtocolClient.java:onNext(255)) - client-CEF4D3493DC0->4ee04582-2825-4055-a051-0465d62eb5ca: receive RaftClientReply:client-CEF4D3493DC0->4ee04582-2825-4055-a051-0465d62eb5ca@group-78E0FE5F723E, cid=4913, SUCCESS, logIndex=7588, commits[4ee04582-2825-4055-a051-0465d62eb5ca:c7589, 97f5b9f0-d9ef-40b5-ba79-7414923e623f:c7587, 7d686585-d831-45bc-93fc-0a553b604b0e:c7585]
2019-07-08 23:05:25,393 INFO  client.GrpcClientProtocolClient (GrpcClientProtocolClient.java:onNext(255)) - client-CEF4D3493DC0->4ee04582-2825-4055-a051-0465d62eb5ca: receive RaftClientReply:client-CEF4D3493DC0->4ee04582-2825-4055-a051-0465d62eb5ca@group-78E0FE5F723E, cid=4914, SUCCESS, logIndex=7589, commits[4ee04582-2825-4055-a051-0465d62eb5ca:c7589, 97f5b9f0-d9ef-40b5-ba79-7414923e623f:c7587, 7d686585-d831-45bc-93fc-0a553b604b0e:c7587]
2019-07-08 23:05:25,423 INFO  client.GrpcClientProtocolClient (GrpcClientProtocolClient.java:onNext(255)) - client-CEF4D3493DC0->4ee04582-2825-4055-a051-0465d62eb5ca: receive RaftClientReply:client-CEF4D3493DC0->4ee04582-2825-4055-a051-0465d62eb5ca@group-78E0FE5F723E, cid=4915, SUCCESS, logIndex=7592, commits[4ee04582-2825-4055-a051-0465d62eb5ca:c7593, 97f5b9f0-d9ef-40b5-ba79-7414923e623f:c7591, 7d686585-d831-45bc-93fc-0a553b604b0e:c7591]
2019-07-08 23:05:25,424 INFO  client.GrpcClientProtocolClient (GrpcClientProtocolClient.java:onNext(255)) - client-CEF4D3493DC0->4ee04582-2825-4055-a051-0465d62eb5ca: receive RaftClientReply:client-CEF4D3493DC0->4ee04582-2825-4055-a051-0465d62eb5ca@group-78E0FE5F723E, cid=4916, SUCCESS, logIndex=7593, commits[4ee04582-2825-4055-a051-0465d62eb5ca:c7593, 97f5b9f0-d9ef-40b5-ba79-7414923e623f:c7591, 7d686585-d831-45bc-93fc-0a553b604b0e:c7591]
2019-07-08 23:05:25,425 INFO  client.GrpcClientProtocolClient (GrpcClientProtocolClient.java:onNext(255)) - client-CEF4D3493DC0->4ee04582-2825-4055-a051-0465d62eb5ca: receive RaftClientReply:client-CEF4D3493DC0->4ee04582-2825-4055-a051-0465d62eb5ca@group-78E0FE5F723E, cid=4917, SUCCESS, logIndex=0, commits[4ee04582-2825-4055-a051-0465d62eb5ca:c7594, 97f5b9f0-d9ef-40b5-ba79-7414923e623f:c7593, 7d686585-d831-45bc-93fc-0a553b604b0e:c7593]
2019-07-08 23:05:25,460 INFO  client.GrpcClientProtocolClient (GrpcClientProtocolClient.java:onNext(255)) - client-CEF4D3493DC0->4ee04582-2825-4055-a051-0465d62eb5ca: receive RaftClientReply:client-CEF4D3493DC0->4ee04582-2825-4055-a051-0465d62eb5ca@group-78E0FE5F723E, cid=4918, SUCCESS, logIndex=7596, commits[4ee04582-2825-4055-a051-0465d62eb5ca:c7598, 97f5b9f0-d9ef-40b5-ba79-7414923e623f:c7595, 7d686585-d831-45bc-93fc-0a553b604b0e:c7593]
2019-07-08 23:05:25,460 INFO  client.GrpcClientProtocolClient (GrpcClientProtocolClient.java:onNext(255)) - client-CEF4D3493DC0->4ee04582-2825-4055-a051-0465d62eb5ca: receive RaftClientReply:client-CEF4D3493DC0->4ee04582-2825-4055-a051-0465d62eb5ca@group-78E0FE5F723E, cid=4919, SUCCESS, logIndex=7597, commits[4ee04582-2825-4055-a051-0465d62eb5ca:c7599, 97f5b9f0-d9ef-40b5-ba79-7414923e623f:c7595, 7d686585-d831-45bc-93fc-0a553b604b0e:c7595]
2019-07-08 23:05:25,461 INFO  client.GrpcClientProtocolClient (GrpcClientProtocolClient.java:onNext(255)) - client-CEF4D3493DC0->4ee04582-2825-4055-a051-0465d62eb5ca: receive RaftClientReply:client-CEF4D3493DC0->4ee04582-2825-4055-a051-0465d62eb5ca@group-78E0FE5F723E, cid=4920, SUCCESS, logIndex=7598, commits[4ee04582-2825-4055-a051-0465d62eb5ca:c7599, 97f5b9f0-d9ef-40b5-ba79-7414923e623f:c7595, 7d686585-d831-45bc-93fc-0a553b604b0e:c7595]
2019-07-08 23:05:25,462 INFO  client.GrpcClientProtocolClient (GrpcClientProtocolClient.java:onNext(255)) - client-CEF4D3493DC0->4ee04582-2825-4055-a051-0465d62eb5ca: receive RaftClientReply:client-CEF4D3493DC0->4ee04582-2825-4055-a051-0465d62eb5ca@group-78E0FE5F723E, cid=4921, SUCCESS, logIndex=7599, commits[4ee04582-2825-4055-a051-0465d62eb5ca:c7600, 97f5b9f0-d9ef-40b5-ba79-7414923e623f:c7597, 7d686585-d831-45bc-93fc-0a553b604b0e:c7595]
2019-07-08 23:05:25,463 INFO  client.GrpcClientProtocolClient (GrpcClientProtocolClient.java:onNext(255)) - client-CEF4D3493DC0->4ee04582-2825-4055-a051-0465d62eb5ca: receive RaftClientReply:client-CEF4D3493DC0->4ee04582-2825-4055-a051-0465d62eb5ca@group-78E0FE5F723E, cid=4922, SUCCESS, logIndex=0, commits[4ee04582-2825-4055-a051-0465d62eb5ca:c7602, 97f5b9f0-d9ef-40b5-ba79-7414923e623f:c7598, 7d686585-d831-45bc-93fc-0a553b604b0e:c7598]
2019-07-08 23:05:25,476 INFO  client.GrpcClientProtocolClient (GrpcClientProtocolClient.java:onNext(255)) - client-CEF4D3493DC0->4ee04582-2825-4055-a051-0465d62eb5ca: receive RaftClientReply:client-CEF4D3493DC0->4ee04582-2825-4055-a051-0465d62eb5ca@group-78E0FE5F723E, cid=4923, SUCCESS, logIndex=7604, commits[4ee04582-2825-4055-a051-0465d62eb5ca:c7605, 97f5b9f0-d9ef-40b5-ba79-7414923e623f:c7603, 7d686585-d831-45bc-93fc-0a553b604b0e:c7599]
2019-07-08 23:05:25,476 INFO  client.GrpcClientProtocolClient (GrpcClientProtocolClient.java:onNext(255)) - client-CEF4D3493DC0->4ee04582-2825-4055-a051-0465d62eb5ca: receive RaftClientReply:client-CEF4D3493DC0->4ee04582-2825-4055-a051-0465d62eb5ca@group-78E0FE5F723E, cid=4924, SUCCESS, logIndex=7605, commits[4ee04582-2825-4055-a051-0465d62eb5ca:c7605, 97f5b9f0-d9ef-40b5-ba79-7414923e623f:c7603, 7d686585-d831-45bc-93fc-0a553b604b0e:c7603]
2019-07-08 23:05:25,490 INFO  client.GrpcClientProtocolClient (GrpcClientProtocolClient.java:onNext(255)) - client-CEF4D3493DC0->4ee04582-2825-4055-a051-0465d62eb5ca: receive RaftClientReply:client-CEF4D3493DC0->4ee04582-2825-4055-a051-0465d62eb5ca@group-78E0FE5F723E, cid=4925, SUCCESS, logIndex=7608, commits[4ee04582-2825-4055-a051-0465d62eb5ca:c7609, 97f5b9f0-d9ef-40b5-ba79-7414923e623f:c7605, 7d686585-d831-45bc-93fc-0a553b604b0e:c7607]
2019-07-08 23:05:25,490 INFO  client.GrpcClientProtocolClient (GrpcClientProtocolClient.java:onNext(255)) - client-CEF4D3493DC0->4ee04582-2825-4055-a051-0465d62eb5ca: receive RaftClientReply:client-CEF4D3493DC0->4ee04582-2825-4055-a051-0465d62eb5ca@group-78E0FE5F723E, cid=4926, SUCCESS, logIndex=7609, commits[4ee04582-2825-4055-a051-0465d62eb5ca:c7609, 97f5b9f0-d9ef-40b5-ba79-7414923e623f:c7607, 7d686585-d831-45bc-93fc-0a553b604b0e:c7607]
2019-07-08 23:05:25,494 INFO  client.GrpcClientProtocolClient (GrpcClientProtocolClient.java:onNext(255)) - client-CEF4D3493DC0->4ee04582-2825-4055-a051-0465d62eb5ca: receive RaftClientReply:client-CEF4D3493DC0->4ee04582-2825-4055-a051-0465d62eb5ca@group-78E0FE5F723E, cid=4927, SUCCESS, logIndex=0, commits[4ee04582-2825-4055-a051-0465d62eb5ca:c7610, 97f5b9f0-d9ef-40b5-ba79-7414923e623f:c7609, 7d686585-d831-45bc-93fc-0a553b604b0e:c7609]
2019-07-08 23:05:25,519 INFO  client.GrpcClientProtocolClient (GrpcClientProtocolClient.java:onNext(255)) - client-CEF4D3493DC0->4ee04582-2825-4055-a051-0465d62eb5ca: receive RaftClientReply:client-CEF4D3493DC0->4ee04582-2825-4055-a051-0465d62eb5ca@group-78E0FE5F723E, cid=4928, SUCCESS, logIndex=7612, commits[4ee04582-2825-4055-a051-0465d62eb5ca:c7613, 97f5b9f0-d9ef-40b5-ba79-7414923e623f:c7611, 7d686585-d831-45bc-93fc-0a553b604b0e:c7609]
2019-07-08 23:05:25,519 INFO  client.GrpcClientProtocolClient (GrpcClientProtocolClient.java:onNext(255)) - client-CEF4D3493DC0->4ee04582-2825-4055-a051-0465d62eb5ca: receive RaftClientReply:client-CEF4D3493DC0->4ee04582-2825-4055-a051-0465d62eb5ca@group-78E0FE5F723E, cid=4929, SUCCESS, logIndex=7613, commits[4ee04582-2825-4055-a051-0465d62eb5ca:c7613, 97f5b9f0-d9ef-40b5-ba79-7414923e623f:c7611, 7d686585-d831-45bc-93fc-0a553b604b0e:c7611]
2019-07-08 23:05:25,521 INFO  client.GrpcClientProtocolClient (GrpcClientProtocolClient.java:onNext(255)) - client-CEF4D3493DC0->4ee04582-2825-4055-a051-0465d62eb5ca: receive RaftClientReply:client-CEF4D3493DC0->4ee04582-2825-4055-a051-0465d62eb5ca@group-78E0FE5F723E, cid=4930, SUCCESS, logIndex=7614, commits[4ee04582-2825-4055-a051-0465d62eb5ca:c7615, 97f5b9f0-d9ef-40b5-ba79-7414923e623f:c7611, 7d686585-d831-45bc-93fc-0a553b604b0e:c7611]
2019-07-08 23:05:25,522 INFO  client.GrpcClientProtocolClient (GrpcClientProtocolClient.java:onNext(255)) - client-CEF4D3493DC0->4ee04582-2825-4055-a051-0465d62eb5ca: receive RaftClientReply:client-CEF4D3493DC0->4ee04582-2825-4055-a051-0465d62eb5ca@group-78E0FE5F723E, cid=4931, SUCCESS, logIndex=7615, commits[4ee04582-2825-4055-a051-0465d62eb5ca:c7615, 97f5b9f0-d9ef-40b5-ba79-7414923e623f:c7611, 7d686585-d831-45bc-93fc-0a553b604b0e:c7611]
2019-07-08 23:05:25,524 INFO  client.GrpcClientProtocolClient (GrpcClientProtocolClient.java:onNext(255)) - client-CEF4D3493DC0->4ee04582-2825-4055-a051-0465d62eb5ca: receive RaftClientReply:client-CEF4D3493DC0->4ee04582-2825-4055-a051-0465d62eb5ca@group-78E0FE5F723E, cid=4932, SUCCESS, logIndex=0, commits[4ee04582-2825-4055-a051-0465d62eb5ca:c7617, 97f5b9f0-d9ef-40b5-ba79-7414923e623f:c7613, 7d686585-d831-45bc-93fc-0a553b604b0e:c7613]
2019-07-08 23:05:25,536 INFO  client.GrpcClientProtocolClient (GrpcClientProtocolClient.java:onNext(255)) - client-CEF4D3493DC0->4ee04582-2825-4055-a051-0465d62eb5ca: receive RaftClientReply:client-CEF4D3493DC0->4ee04582-2825-4055-a051-0465d62eb5ca@group-78E0FE5F723E, cid=4933, SUCCESS, logIndex=7620, commits[4ee04582-2825-4055-a051-0465d62eb5ca:c7621, 97f5b9f0-d9ef-40b5-ba79-7414923e623f:c7619, 7d686585-d831-45bc-93fc-0a553b604b0e:c7615]
2019-07-08 23:05:25,537 INFO  client.GrpcClientProtocolClient (GrpcClientProtocolClient.java:onNext(255)) - client-CEF4D3493DC0->4ee04582-2825-4055-a051-0465d62eb5ca: receive RaftClientReply:client-CEF4D3493DC0->4ee04582-2825-4055-a051-0465d62eb5ca@group-78E0FE5F723E, cid=4934, SUCCESS, logIndex=7621, commits[4ee04582-2825-4055-a051-0465d62eb5ca:c7621, 97f5b9f0-d9ef-40b5-ba79-7414923e623f:c7619, 7d686585-d831-45bc-93fc-0a553b604b0e:c7619]
2019-07-08 23:05:25,553 INFO  client.GrpcClientProtocolClient (GrpcClientProtocolClient.java:onNext(255)) - client-CEF4D3493DC0->4ee04582-2825-4055-a051-0465d62eb5ca: receive RaftClientReply:client-CEF4D3493DC0->4ee04582-2825-4055-a051-0465d62eb5ca@group-78E0FE5F723E, cid=4935, SUCCESS, logIndex=7624, commits[4ee04582-2825-4055-a051-0465d62eb5ca:c7625, 97f5b9f0-d9ef-40b5-ba79-7414923e623f:c7621, 7d686585-d831-45bc-93fc-0a553b604b0e:c7622]
2019-07-08 23:05:25,554 INFO  client.GrpcClientProtocolClient (GrpcClientProtocolClient.java:onNext(255)) - client-CEF4D3493DC0->4ee04582-2825-4055-a051-0465d62eb5ca: receive RaftClientReply:client-CEF4D3493DC0->4ee04582-2825-4055-a051-0465d62eb5ca@group-78E0FE5F723E, cid=4936, SUCCESS, logIndex=7625, commits[4ee04582-2825-4055-a051-0465d62eb5ca:c7625, 97f5b9f0-d9ef-40b5-ba79-7414923e623f:c7621, 7d686585-d831-45bc-93fc-0a553b604b0e:c7622]
2019-07-08 23:05:25,556 INFO  client.GrpcClientProtocolClient (GrpcClientProtocolClient.java:onNext(255)) - client-CEF4D3493DC0->4ee04582-2825-4055-a051-0465d62eb5ca: receive RaftClientReply:client-CEF4D3493DC0->4ee04582-2825-4055-a051-0465d62eb5ca@group-78E0FE5F723E, cid=4937, SUCCESS, logIndex=0, commits[4ee04582-2825-4055-a051-0465d62eb5ca:c7627, 97f5b9f0-d9ef-40b5-ba79-7414923e623f:c7625, 7d686585-d831-45bc-93fc-0a553b604b0e:c7625]
2019-07-08 23:05:25,586 INFO  client.GrpcClientProtocolClient (GrpcClientProtocolClient.java:onNext(255)) - client-CEF4D3493DC0->4ee04582-2825-4055-a051-0465d62eb5ca: receive RaftClientReply:client-CEF4D3493DC0->4ee04582-2825-4055-a051-0465d62eb5ca@group-78E0FE5F723E, cid=4938, SUCCESS, logIndex=7628, commits[4ee04582-2825-4055-a051-0465d62eb5ca:c7629, 97f5b9f0-d9ef-40b5-ba79-7414923e623f:c7627, 7d686585-d831-45bc-93fc-0a553b604b0e:c7625]
2019-07-08 23:05:25,586 INFO  client.GrpcClientProtocolClient (GrpcClientProtocolClient.java:onNext(255)) - client-CEF4D3493DC0->4ee04582-2825-4055-a051-0465d62eb5ca: receive RaftClientReply:client-CEF4D3493DC0->4ee04582-2825-4055-a051-0465d62eb5ca@group-78E0FE5F723E, cid=4939, SUCCESS, logIndex=7629, commits[4ee04582-2825-4055-a051-0465d62eb5ca:c7629, 97f5b9f0-d9ef-40b5-ba79-7414923e623f:c7627, 7d686585-d831-45bc-93fc-0a553b604b0e:c7625]
2019-07-08 23:05:25,588 INFO  client.GrpcClientProtocolClient (GrpcClientProtocolClient.java:onNext(255)) - client-CEF4D3493DC0->4ee04582-2825-4055-a051-0465d62eb5ca: receive RaftClientReply:client-CEF4D3493DC0->4ee04582-2825-4055-a051-0465d62eb5ca@group-78E0FE5F723E, cid=4940, SUCCESS, logIndex=7630, commits[4ee04582-2825-4055-a051-0465d62eb5ca:c7631, 97f5b9f0-d9ef-40b5-ba79-7414923e623f:c7627, 7d686585-d831-45bc-93fc-0a553b604b0e:c7627]
2019-07-08 23:05:25,589 INFO  client.GrpcClientProtocolClient (GrpcClientProtocolClient.java:onNext(255)) - client-CEF4D3493DC0->4ee04582-2825-4055-a051-0465d62eb5ca: receive RaftClientReply:client-CEF4D3493DC0->4ee04582-2825-4055-a051-0465d62eb5ca@group-78E0FE5F723E, cid=4941, SUCCESS, logIndex=7631, commits[4ee04582-2825-4055-a051-0465d62eb5ca:c7632, 97f5b9f0-d9ef-40b5-ba79-7414923e623f:c7627, 7d686585-d831-45bc-93fc-0a553b604b0e:c7629]
2019-07-08 23:05:25,590 INFO  client.GrpcClientProtocolClient (GrpcClientProtocolClient.java:onNext(255)) - client-CEF4D3493DC0->4ee04582-2825-4055-a051-0465d62eb5ca: receive RaftClientReply:client-CEF4D3493DC0->4ee04582-2825-4055-a051-0465d62eb5ca@group-78E0FE5F723E, cid=4942, SUCCESS, logIndex=0, commits[4ee04582-2825-4055-a051-0465d62eb5ca:c7633, 97f5b9f0-d9ef-40b5-ba79-7414923e623f:c7629, 7d686585-d831-45bc-93fc-0a553b604b0e:c7629]
2019-07-08 23:05:25,608 INFO  client.GrpcClientProtocolClient (GrpcClientProtocolClient.java:onNext(255)) - client-CEF4D3493DC0->4ee04582-2825-4055-a051-0465d62eb5ca: receive RaftClientReply:client-CEF4D3493DC0->4ee04582-2825-4055-a051-0465d62eb5ca@group-78E0FE5F723E, cid=4943, SUCCESS, logIndex=7636, commits[4ee04582-2825-4055-a051-0465d62eb5ca:c7637, 97f5b9f0-d9ef-40b5-ba79-7414923e623f:c7635, 7d686585-d831-45bc-93fc-0a553b604b0e:c7635]
2019-07-08 23:05:25,608 INFO  client.GrpcClientProtocolClient (GrpcClientProtocolClient.java:onNext(255)) - client-CEF4D3493DC0->4ee04582-2825-4055-a051-0465d62eb5ca: receive RaftClientReply:client-CEF4D3493DC0->4ee04582-2825-4055-a051-0465d62eb5ca@group-78E0FE5F723E, cid=4944, SUCCESS, logIndex=7637, commits[4ee04582-2825-4055-a051-0465d62eb5ca:c7637, 97f5b9f0-d9ef-40b5-ba79-7414923e623f:c7635, 7d686585-d831-45bc-93fc-0a553b604b0e:c7635]
2019-07-08 23:05:25,621 INFO  client.GrpcClientProtocolClient (GrpcClientProtocolClient.java:onNext(255)) - client-CEF4D3493DC0->4ee04582-2825-4055-a051-0465d62eb5ca: receive RaftClientReply:client-CEF4D3493DC0->4ee04582-2825-4055-a051-0465d62eb5ca@group-78E0FE5F723E, cid=4945, SUCCESS, logIndex=7640, commits[4ee04582-2825-4055-a051-0465d62eb5ca:c7641, 97f5b9f0-d9ef-40b5-ba79-7414923e623f:c7639, 7d686585-d831-45bc-93fc-0a553b604b0e:c7637]
2019-07-08 23:05:25,621 INFO  client.GrpcClientProtocolClient (GrpcClientProtocolClient.java:onNext(255)) - client-CEF4D3493DC0->4ee04582-2825-4055-a051-0465d62eb5ca: receive RaftClientReply:client-CEF4D3493DC0->4ee04582-2825-4055-a051-0465d62eb5ca@group-78E0FE5F723E, cid=4946, SUCCESS, logIndex=7641, commits[4ee04582-2825-4055-a051-0465d62eb5ca:c7641, 97f5b9f0-d9ef-40b5-ba79-7414923e623f:c7639, 7d686585-d831-45bc-93fc-0a553b604b0e:c7639]
2019-07-08 23:05:25,625 INFO  client.GrpcClientProtocolClient (GrpcClientProtocolClient.java:onNext(255)) - client-CEF4D3493DC0->4ee04582-2825-4055-a051-0465d62eb5ca: receive RaftClientReply:client-CEF4D3493DC0->4ee04582-2825-4055-a051-0465d62eb5ca@group-78E0FE5F723E, cid=4947, SUCCESS, logIndex=0, commits[4ee04582-2825-4055-a051-0465d62eb5ca:c7642, 97f5b9f0-d9ef-40b5-ba79-7414923e623f:c7641, 7d686585-d831-45bc-93fc-0a553b604b0e:c7641]
2019-07-08 23:05:25,651 INFO  client.GrpcClientProtocolClient (GrpcClientProtocolClient.java:onNext(255)) - client-CEF4D3493DC0->4ee04582-2825-4055-a051-0465d62eb5ca: receive RaftClientReply:client-CEF4D3493DC0->4ee04582-2825-4055-a051-0465d62eb5ca@group-78E0FE5F723E, cid=4948, SUCCESS, logIndex=7644, commits[4ee04582-2825-4055-a051-0465d62eb5ca:c7645, 97f5b9f0-d9ef-40b5-ba79-7414923e623f:c7643, 7d686585-d831-45bc-93fc-0a553b604b0e:c7641]
2019-07-08 23:05:25,652 INFO  client.GrpcClientProtocolClient (GrpcClientProtocolClient.java:onNext(255)) - client-CEF4D3493DC0->4ee04582-2825-4055-a051-0465d62eb5ca: receive RaftClientReply:client-CEF4D3493DC0->4ee04582-2825-4055-a051-0465d62eb5ca@group-78E0FE5F723E, cid=4949, SUCCESS, logIndex=7645, commits[4ee04582-2825-4055-a051-0465d62eb5ca:c7645, 97f5b9f0-d9ef-40b5-ba79-7414923e623f:c7643, 7d686585-d831-45bc-93fc-0a553b604b0e:c7641]
2019-07-08 23:05:25,652 INFO  client.GrpcClientProtocolClient (GrpcClientProtocolClient.java:onNext(255)) - client-CEF4D3493DC0->4ee04582-2825-4055-a051-0465d62eb5ca: receive RaftClientReply:client-CEF4D3493DC0->4ee04582-2825-4055-a051-0465d62eb5ca@group-78E0FE5F723E, cid=4950, SUCCESS, logIndex=7646, commits[4ee04582-2825-4055-a051-0465d62eb5ca:c7647, 97f5b9f0-d9ef-40b5-ba79-7414923e623f:c7643, 7d686585-d831-45bc-93fc-0a553b604b0e:c7641]
2019-07-08 23:05:25,653 INFO  client.GrpcClientProtocolClient (GrpcClientProtocolClient.java:onNext(255)) - client-CEF4D3493DC0->4ee04582-2825-4055-a051-0465d62eb5ca: receive RaftClientReply:client-CEF4D3493DC0->4ee04582-2825-4055-a051-0465d62eb5ca@group-78E0FE5F723E, cid=4951, SUCCESS, logIndex=7647, commits[4ee04582-2825-4055-a051-0465d62eb5ca:c7647, 97f5b9f0-d9ef-40b5-ba79-7414923e623f:c7643, 7d686585-d831-45bc-93fc-0a553b604b0e:c7641]
2019-07-08 23:05:25,655 INFO  client.GrpcClientProtocolClient (GrpcClientProtocolClient.java:onNext(255)) - client-CEF4D3493DC0->4ee04582-2825-4055-a051-0465d62eb5ca: receive RaftClientReply:client-CEF4D3493DC0->4ee04582-2825-4055-a051-0465d62eb5ca@group-78E0FE5F723E, cid=4952, SUCCESS, logIndex=0, commits[4ee04582-2825-4055-a051-0465d62eb5ca:c7649, 97f5b9f0-d9ef-40b5-ba79-7414923e623f:c7645, 7d686585-d831-45bc-93fc-0a553b604b0e:c7645]
2019-07-08 23:05:25,674 INFO  client.GrpcClientProtocolClient (GrpcClientProtocolClient.java:onNext(255)) - client-CEF4D3493DC0->4ee04582-2825-4055-a051-0465d62eb5ca: receive RaftClientReply:client-CEF4D3493DC0->4ee04582-2825-4055-a051-0465d62eb5ca@group-78E0FE5F723E, cid=4953, SUCCESS, logIndex=7652, commits[4ee04582-2825-4055-a051-0465d62eb5ca:c7652, 97f5b9f0-d9ef-40b5-ba79-7414923e623f:c7651, 7d686585-d831-45bc-93fc-0a553b604b0e:c7651]
2019-07-08 23:05:25,675 INFO  client.GrpcClientProtocolClient (GrpcClientProtocolClient.java:onNext(255)) - client-CEF4D3493DC0->4ee04582-2825-4055-a051-0465d62eb5ca: receive RaftClientReply:client-CEF4D3493DC0->4ee04582-2825-4055-a051-0465d62eb5ca@group-78E0FE5F723E, cid=4954, SUCCESS, logIndex=7653, commits[4ee04582-2825-4055-a051-0465d62eb5ca:c7653, 97f5b9f0-d9ef-40b5-ba79-7414923e623f:c7651, 7d686585-d831-45bc-93fc-0a553b604b0e:c7651]
2019-07-08 23:05:25,687 INFO  client.GrpcClientProtocolClient (GrpcClientProtocolClient.java:onNext(255)) - client-CEF4D3493DC0->4ee04582-2825-4055-a051-0465d62eb5ca: receive RaftClientReply:client-CEF4D3493DC0->4ee04582-2825-4055-a051-0465d62eb5ca@group-78E0FE5F723E, cid=4955, SUCCESS, logIndex=7656, commits[4ee04582-2825-4055-a051-0465d62eb5ca:c7657, 97f5b9f0-d9ef-40b5-ba79-7414923e623f:c7655, 7d686585-d831-45bc-93fc-0a553b604b0e:c7655]
2019-07-08 23:05:25,687 INFO  client.GrpcClientProtocolClient (GrpcClientProtocolClient.java:onNext(255)) - client-CEF4D3493DC0->4ee04582-2825-4055-a051-0465d62eb5ca: receive RaftClientReply:client-CEF4D3493DC0->4ee04582-2825-4055-a051-0465d62eb5ca@group-78E0FE5F723E, cid=4956, SUCCESS, logIndex=7657, commits[4ee04582-2825-4055-a051-0465d62eb5ca:c7657, 97f5b9f0-d9ef-40b5-ba79-7414923e623f:c7655, 7d686585-d831-45bc-93fc-0a553b604b0e:c7655]
2019-07-08 23:05:25,689 INFO  client.GrpcClientProtocolClient (GrpcClientProtocolClient.java:onNext(255)) - client-CEF4D3493DC0->4ee04582-2825-4055-a051-0465d62eb5ca: receive RaftClientReply:client-CEF4D3493DC0->4ee04582-2825-4055-a051-0465d62eb5ca@group-78E0FE5F723E, cid=4957, SUCCESS, logIndex=0, commits[4ee04582-2825-4055-a051-0465d62eb5ca:c7658, 97f5b9f0-d9ef-40b5-ba79-7414923e623f:c7657, 7d686585-d831-45bc-93fc-0a553b604b0e:c7657]
2019-07-08 23:05:25,717 INFO  client.GrpcClientProtocolClient (GrpcClientProtocolClient.java:onNext(255)) - client-CEF4D3493DC0->4ee04582-2825-4055-a051-0465d62eb5ca: receive RaftClientReply:client-CEF4D3493DC0->4ee04582-2825-4055-a051-0465d62eb5ca@group-78E0FE5F723E, cid=4958, SUCCESS, logIndex=7660, commits[4ee04582-2825-4055-a051-0465d62eb5ca:c7661, 97f5b9f0-d9ef-40b5-ba79-7414923e623f:c7659, 7d686585-d831-45bc-93fc-0a553b604b0e:c7657]
2019-07-08 23:05:25,718 INFO  client.GrpcClientProtocolClient (GrpcClientProtocolClient.java:onNext(255)) - client-CEF4D3493DC0->4ee04582-2825-4055-a051-0465d62eb5ca: receive RaftClientReply:client-CEF4D3493DC0->4ee04582-2825-4055-a051-0465d62eb5ca@group-78E0FE5F723E, cid=4959, SUCCESS, logIndex=7661, commits[4ee04582-2825-4055-a051-0465d62eb5ca:c7661, 97f5b9f0-d9ef-40b5-ba79-7414923e623f:c7659, 7d686585-d831-45bc-93fc-0a553b604b0e:c7657]
2019-07-08 23:05:25,719 INFO  client.GrpcClientProtocolClient (GrpcClientProtocolClient.java:onNext(255)) - client-CEF4D3493DC0->4ee04582-2825-4055-a051-0465d62eb5ca: receive RaftClientReply:client-CEF4D3493DC0->4ee04582-2825-4055-a051-0465d62eb5ca@group-78E0FE5F723E, cid=4960, SUCCESS, logIndex=7662, commits[4ee04582-2825-4055-a051-0465d62eb5ca:c7663, 97f5b9f0-d9ef-40b5-ba79-7414923e623f:c7659, 7d686585-d831-45bc-93fc-0a553b604b0e:c7661]
2019-07-08 23:05:25,720 INFO  client.GrpcClientProtocolClient (GrpcClientProtocolClient.java:onNext(255)) - client-CEF4D3493DC0->4ee04582-2825-4055-a051-0465d62eb5ca: receive RaftClientReply:client-CEF4D3493DC0->4ee04582-2825-4055-a051-0465d62eb5ca@group-78E0FE5F723E, cid=4961, SUCCESS, logIndex=7663, commits[4ee04582-2825-4055-a051-0465d62eb5ca:c7664, 97f5b9f0-d9ef-40b5-ba79-7414923e623f:c7661, 7d686585-d831-45bc-93fc-0a553b604b0e:c7661]
2019-07-08 23:05:25,733 INFO  client.GrpcClientProtocolClient (GrpcClientProtocolClient.java:onNext(255)) - client-CEF4D3493DC0->4ee04582-2825-4055-a051-0465d62eb5ca: receive RaftClientReply:client-CEF4D3493DC0->4ee04582-2825-4055-a051-0465d62eb5ca@group-78E0FE5F723E, cid=4962, SUCCESS, logIndex=7667, commits[4ee04582-2825-4055-a051-0465d62eb5ca:c7668, 97f5b9f0-d9ef-40b5-ba79-7414923e623f:c7666, 7d686585-d831-45bc-93fc-0a553b604b0e:c7666]
2019-07-08 23:05:25,733 INFO  client.GrpcClientProtocolClient (GrpcClientProtocolClient.java:onNext(255)) - client-CEF4D3493DC0->4ee04582-2825-4055-a051-0465d62eb5ca: receive RaftClientReply:client-CEF4D3493DC0->4ee04582-2825-4055-a051-0465d62eb5ca@group-78E0FE5F723E, cid=4963, SUCCESS, logIndex=7668, commits[4ee04582-2825-4055-a051-0465d62eb5ca:c7668, 97f5b9f0-d9ef-40b5-ba79-7414923e623f:c7666, 7d686585-d831-45bc-93fc-0a553b604b0e:c7666]
2019-07-08 23:05:25,755 INFO  client.GrpcClientProtocolClient (GrpcClientProtocolClient.java:onNext(255)) - client-CEF4D3493DC0->4ee04582-2825-4055-a051-0465d62eb5ca: receive RaftClientReply:client-CEF4D3493DC0->4ee04582-2825-4055-a051-0465d62eb5ca@group-78E0FE5F723E, cid=4964, SUCCESS, logIndex=7671, commits[4ee04582-2825-4055-a051-0465d62eb5ca:c7672, 97f5b9f0-d9ef-40b5-ba79-7414923e623f:c7670, 7d686585-d831-45bc-93fc-0a553b604b0e:c7670]
2019-07-08 23:05:25,755 INFO  client.GrpcClientProtocolClient (GrpcClientProtocolClient.java:onNext(255)) - client-CEF4D3493DC0->4ee04582-2825-4055-a051-0465d62eb5ca: receive RaftClientReply:client-CEF4D3493DC0->4ee04582-2825-4055-a051-0465d62eb5ca@group-78E0FE5F723E, cid=4965, SUCCESS, logIndex=7672, commits[4ee04582-2825-4055-a051-0465d62eb5ca:c7672, 97f5b9f0-d9ef-40b5-ba79-7414923e623f:c7670, 7d686585-d831-45bc-93fc-0a553b604b0e:c7670]
2019-07-08 23:05:25,758 INFO  client.GrpcClientProtocolClient (GrpcClientProtocolClient.java:onNext(255)) - client-CEF4D3493DC0->4ee04582-2825-4055-a051-0465d62eb5ca: receive RaftClientReply:client-CEF4D3493DC0->4ee04582-2825-4055-a051-0465d62eb5ca@group-78E0FE5F723E, cid=4966, SUCCESS, logIndex=0, commits[4ee04582-2825-4055-a051-0465d62eb5ca:c7674, 97f5b9f0-d9ef-40b5-ba79-7414923e623f:c7672, 7d686585-d831-45bc-93fc-0a553b604b0e:c7672]
2019-07-08 23:05:25,789 INFO  client.GrpcClientProtocolClient (GrpcClientProtocolClient.java:onNext(255)) - client-CEF4D3493DC0->4ee04582-2825-4055-a051-0465d62eb5ca: receive RaftClientReply:client-CEF4D3493DC0->4ee04582-2825-4055-a051-0465d62eb5ca@group-78E0FE5F723E, cid=4967, SUCCESS, logIndex=7675, commits[4ee04582-2825-4055-a051-0465d62eb5ca:c7676, 97f5b9f0-d9ef-40b5-ba79-7414923e623f:c7674, 7d686585-d831-45bc-93fc-0a553b604b0e:c7674]
2019-07-08 23:05:25,790 INFO  client.GrpcClientProtocolClient (GrpcClientProtocolClient.java:onNext(255)) - client-CEF4D3493DC0->4ee04582-2825-4055-a051-0465d62eb5ca: receive RaftClientReply:client-CEF4D3493DC0->4ee04582-2825-4055-a051-0465d62eb5ca@group-78E0FE5F723E, cid=4968, SUCCESS, logIndex=7676, commits[4ee04582-2825-4055-a051-0465d62eb5ca:c7678, 97f5b9f0-d9ef-40b5-ba79-7414923e623f:c7674, 7d686585-d831-45bc-93fc-0a553b604b0e:c7674]
2019-07-08 23:05:25,791 INFO  client.GrpcClientProtocolClient (GrpcClientProtocolClient.java:onNext(255)) - client-CEF4D3493DC0->4ee04582-2825-4055-a051-0465d62eb5ca: receive RaftClientReply:client-CEF4D3493DC0->4ee04582-2825-4055-a051-0465d62eb5ca@group-78E0FE5F723E, cid=4969, SUCCESS, logIndex=7677, commits[4ee04582-2825-4055-a051-0465d62eb5ca:c7678, 97f5b9f0-d9ef-40b5-ba79-7414923e623f:c7674, 7d686585-d831-45bc-93fc-0a553b604b0e:c7674]
2019-07-08 23:05:25,791 INFO  client.GrpcClientProtocolClient (GrpcClientProtocolClient.java:onNext(255)) - client-CEF4D3493DC0->4ee04582-2825-4055-a051-0465d62eb5ca: receive RaftClientReply:client-CEF4D3493DC0->4ee04582-2825-4055-a051-0465d62eb5ca@group-78E0FE5F723E, cid=4970, SUCCESS, logIndex=7678, commits[4ee04582-2825-4055-a051-0465d62eb5ca:c7678, 97f5b9f0-d9ef-40b5-ba79-7414923e623f:c7674, 7d686585-d831-45bc-93fc-0a553b604b0e:c7674]
2019-07-08 23:05:25,792 INFO  client.GrpcClientProtocolClient (GrpcClientProtocolClient.java:onNext(255)) - client-CEF4D3493DC0->4ee04582-2825-4055-a051-0465d62eb5ca: receive RaftClientReply:client-CEF4D3493DC0->4ee04582-2825-4055-a051-0465d62eb5ca@group-78E0FE5F723E, cid=4971, SUCCESS, logIndex=0, commits[4ee04582-2825-4055-a051-0465d62eb5ca:c7680, 97f5b9f0-d9ef-40b5-ba79-7414923e623f:c7676, 7d686585-d831-45bc-93fc-0a553b604b0e:c7676]
2019-07-08 23:05:25,807 INFO  client.GrpcClientProtocolClient (GrpcClientProtocolClient.java:onNext(255)) - client-CEF4D3493DC0->4ee04582-2825-4055-a051-0465d62eb5ca: receive RaftClientReply:client-CEF4D3493DC0->4ee04582-2825-4055-a051-0465d62eb5ca@group-78E0FE5F723E, cid=4972, SUCCESS, logIndex=7682, commits[4ee04582-2825-4055-a051-0465d62eb5ca:c7683, 97f5b9f0-d9ef-40b5-ba79-7414923e623f:c7681, 7d686585-d831-45bc-93fc-0a553b604b0e:c7681]
2019-07-08 23:05:25,807 INFO  client.GrpcClientProtocolClient (GrpcClientProtocolClient.java:onNext(255)) - client-CEF4D3493DC0->4ee04582-2825-4055-a051-0465d62eb5ca: receive RaftClientReply:client-CEF4D3493DC0->4ee04582-2825-4055-a051-0465d62eb5ca@group-78E0FE5F723E, cid=4973, SUCCESS, logIndex=7683, commits[4ee04582-2825-4055-a051-0465d62eb5ca:c7683, 97f5b9f0-d9ef-40b5-ba79-7414923e623f:c7681, 7d686585-d831-45bc-93fc-0a553b604b0e:c7681]
2019-07-08 23:05:25,819 INFO  client.GrpcClientProtocolClient (GrpcClientProtocolClient.java:onNext(255)) - client-CEF4D3493DC0->4ee04582-2825-4055-a051-0465d62eb5ca: receive RaftClientReply:client-CEF4D3493DC0->4ee04582-2825-4055-a051-0465d62eb5ca@group-78E0FE5F723E, cid=4974, SUCCESS, logIndex=7686, commits[4ee04582-2825-4055-a051-0465d62eb5ca:c7687, 97f5b9f0-d9ef-40b5-ba79-7414923e623f:c7685, 7d686585-d831-45bc-93fc-0a553b604b0e:c7683]
2019-07-08 23:05:25,820 INFO  client.GrpcClientProtocolClient (GrpcClientProtocolClient.java:onNext(255)) - client-CEF4D3493DC0->4ee04582-2825-4055-a051-0465d62eb5ca: receive RaftClientReply:client-CEF4D3493DC0->4ee04582-2825-4055-a051-0465d62eb5ca@group-78E0FE5F723E, cid=4975, SUCCESS, logIndex=7687, commits[4ee04582-2825-4055-a051-0465d62eb5ca:c7687, 97f5b9f0-d9ef-40b5-ba79-7414923e623f:c7685, 7d686585-d831-45bc-93fc-0a553b604b0e:c7683]
2019-07-08 23:05:25,824 INFO  client.GrpcClientProtocolClient (GrpcClientProtocolClient.java:onNext(255)) - client-CEF4D3493DC0->4ee04582-2825-4055-a051-0465d62eb5ca: receive RaftClientReply:client-CEF4D3493DC0->4ee04582-2825-4055-a051-0465d62eb5ca@group-78E0FE5F723E, cid=4976, SUCCESS, logIndex=0, commits[4ee04582-2825-4055-a051-0465d62eb5ca:c7689, 97f5b9f0-d9ef-40b5-ba79-7414923e623f:c7687, 7d686585-d831-45bc-93fc-0a553b604b0e:c7687]
2019-07-08 23:05:25,860 INFO  client.GrpcClientProtocolClient (GrpcClientProtocolClient.java:onNext(255)) - client-CEF4D3493DC0->4ee04582-2825-4055-a051-0465d62eb5ca: receive RaftClientReply:client-CEF4D3493DC0->4ee04582-2825-4055-a051-0465d62eb5ca@group-78E0FE5F723E, cid=4977, SUCCESS, logIndex=7690, commits[4ee04582-2825-4055-a051-0465d62eb5ca:c7691, 97f5b9f0-d9ef-40b5-ba79-7414923e623f:c7689, 7d686585-d831-45bc-93fc-0a553b604b0e:c7689]
2019-07-08 23:05:25,861 INFO  client.GrpcClientProtocolClient (GrpcClientProtocolClient.java:onNext(255)) - client-CEF4D3493DC0->4ee04582-2825-4055-a051-0465d62eb5ca: receive RaftClientReply:client-CEF4D3493DC0->4ee04582-2825-4055-a051-0465d62eb5ca@group-78E0FE5F723E, cid=4978, SUCCESS, logIndex=7691, commits[4ee04582-2825-4055-a051-0465d62eb5ca:c7693, 97f5b9f0-d9ef-40b5-ba79-7414923e623f:c7689, 7d686585-d831-45bc-93fc-0a553b604b0e:c7689]
2019-07-08 23:05:25,861 INFO  client.GrpcClientProtocolClient (GrpcClientProtocolClient.java:onNext(255)) - client-CEF4D3493DC0->4ee04582-2825-4055-a051-0465d62eb5ca: receive RaftClientReply:client-CEF4D3493DC0->4ee04582-2825-4055-a051-0465d62eb5ca@group-78E0FE5F723E, cid=4979, SUCCESS, logIndex=7692, commits[4ee04582-2825-4055-a051-0465d62eb5ca:c7693, 97f5b9f0-d9ef-40b5-ba79-7414923e623f:c7689, 7d686585-d831-45bc-93fc-0a553b604b0e:c7689]
2019-07-08 23:05:25,861 INFO  client.GrpcClientProtocolClient (GrpcClientProtocolClient.java:onNext(255)) - client-CEF4D3493DC0->4ee04582-2825-4055-a051-0465d62eb5ca: receive RaftClientReply:client-CEF4D3493DC0->4ee04582-2825-4055-a051-0465d62eb5ca@group-78E0FE5F723E, cid=4980, SUCCESS, logIndex=7693, commits[4ee04582-2825-4055-a051-0465d62eb5ca:c7693, 97f5b9f0-d9ef-40b5-ba79-7414923e623f:c7689, 7d686585-d831-45bc-93fc-0a553b604b0e:c7689]
2019-07-08 23:05:25,862 INFO  client.GrpcClientProtocolClient (GrpcClientProtocolClient.java:onNext(255)) - client-CEF4D3493DC0->4ee04582-2825-4055-a051-0465d62eb5ca: receive RaftClientReply:client-CEF4D3493DC0->4ee04582-2825-4055-a051-0465d62eb5ca@group-78E0FE5F723E, cid=4981, SUCCESS, logIndex=0, commits[4ee04582-2825-4055-a051-0465d62eb5ca:c7697, 97f5b9f0-d9ef-40b5-ba79-7414923e623f:c7691, 7d686585-d831-45bc-93fc-0a553b604b0e:c7693]
2019-07-08 23:05:25,875 INFO  client.GrpcClientProtocolClient (GrpcClientProtocolClient.java:onNext(255)) - client-CEF4D3493DC0->4ee04582-2825-4055-a051-0465d62eb5ca: receive RaftClientReply:client-CEF4D3493DC0->4ee04582-2825-4055-a051-0465d62eb5ca@group-78E0FE5F723E, cid=4982, SUCCESS, logIndex=7698, commits[4ee04582-2825-4055-a051-0465d62eb5ca:c7699, 97f5b9f0-d9ef-40b5-ba79-7414923e623f:c7697, 7d686585-d831-45bc-93fc-0a553b604b0e:c7693]
2019-07-08 23:05:25,875 INFO  client.GrpcClientProtocolClient (GrpcClientProtocolClient.java:onNext(255)) - client-CEF4D3493DC0->4ee04582-2825-4055-a051-0465d62eb5ca: receive RaftClientReply:client-CEF4D3493DC0->4ee04582-2825-4055-a051-0465d62eb5ca@group-78E0FE5F723E, cid=4983, SUCCESS, logIndex=7699, commits[4ee04582-2825-4055-a051-0465d62eb5ca:c7699, 97f5b9f0-d9ef-40b5-ba79-7414923e623f:c7697, 7d686585-d831-45bc-93fc-0a553b604b0e:c7697]
2019-07-08 23:05:25,887 INFO  client.GrpcClientProtocolClient (GrpcClientProtocolClient.java:onNext(255)) - client-CEF4D3493DC0->4ee04582-2825-4055-a051-0465d62eb5ca: receive RaftClientReply:client-CEF4D3493DC0->4ee04582-2825-4055-a051-0465d62eb5ca@group-78E0FE5F723E, cid=4984, SUCCESS, logIndex=7702, commits[4ee04582-2825-4055-a051-0465d62eb5ca:c7703, 97f5b9f0-d9ef-40b5-ba79-7414923e623f:c7701, 7d686585-d831-45bc-93fc-0a553b604b0e:c7699]
2019-07-08 23:05:25,887 INFO  client.GrpcClientProtocolClient (GrpcClientProtocolClient.java:onNext(255)) - client-CEF4D3493DC0->4ee04582-2825-4055-a051-0465d62eb5ca: receive RaftClientReply:client-CEF4D3493DC0->4ee04582-2825-4055-a051-0465d62eb5ca@group-78E0FE5F723E, cid=4985, SUCCESS, logIndex=7703, commits[4ee04582-2825-4055-a051-0465d62eb5ca:c7703, 97f5b9f0-d9ef-40b5-ba79-7414923e623f:c7701, 7d686585-d831-45bc-93fc-0a553b604b0e:c7701]
2019-07-08 23:05:25,893 INFO  client.GrpcClientProtocolClient (GrpcClientProtocolClient.java:onNext(255)) - client-CEF4D3493DC0->4ee04582-2825-4055-a051-0465d62eb5ca: receive RaftClientReply:client-CEF4D3493DC0->4ee04582-2825-4055-a051-0465d62eb5ca@group-78E0FE5F723E, cid=4986, SUCCESS, logIndex=0, commits[4ee04582-2825-4055-a051-0465d62eb5ca:c7704, 97f5b9f0-d9ef-40b5-ba79-7414923e623f:c7703, 7d686585-d831-45bc-93fc-0a553b604b0e:c7703]
2019-07-08 23:05:25,915 INFO  client.GrpcClientProtocolClient (GrpcClientProtocolClient.java:onNext(255)) - client-CEF4D3493DC0->4ee04582-2825-4055-a051-0465d62eb5ca: receive RaftClientReply:client-CEF4D3493DC0->4ee04582-2825-4055-a051-0465d62eb5ca@group-78E0FE5F723E, cid=4987, SUCCESS, logIndex=7706, commits[4ee04582-2825-4055-a051-0465d62eb5ca:c7707, 97f5b9f0-d9ef-40b5-ba79-7414923e623f:c7705, 7d686585-d831-45bc-93fc-0a553b604b0e:c7703]
2019-07-08 23:05:25,916 INFO  client.GrpcClientProtocolClient (GrpcClientProtocolClient.java:onNext(255)) - client-CEF4D3493DC0->4ee04582-2825-4055-a051-0465d62eb5ca: receive RaftClientReply:client-CEF4D3493DC0->4ee04582-2825-4055-a051-0465d62eb5ca@group-78E0FE5F723E, cid=4988, SUCCESS, logIndex=7707, commits[4ee04582-2825-4055-a051-0465d62eb5ca:c7707, 97f5b9f0-d9ef-40b5-ba79-7414923e623f:c7705, 7d686585-d831-45bc-93fc-0a553b604b0e:c7703]
2019-07-08 23:05:25,918 INFO  client.GrpcClientProtocolClient (GrpcClientProtocolClient.java:onNext(255)) - client-CEF4D3493DC0->4ee04582-2825-4055-a051-0465d62eb5ca: receive RaftClientReply:client-CEF4D3493DC0->4ee04582-2825-4055-a051-0465d62eb5ca@group-78E0FE5F723E, cid=4989, SUCCESS, logIndex=7708, commits[4ee04582-2825-4055-a051-0465d62eb5ca:c7710, 97f5b9f0-d9ef-40b5-ba79-7414923e623f:c7705, 7d686585-d831-45bc-93fc-0a553b604b0e:c7707]
2019-07-08 23:05:25,918 INFO  client.GrpcClientProtocolClient (GrpcClientProtocolClient.java:onNext(255)) - client-CEF4D3493DC0->4ee04582-2825-4055-a051-0465d62eb5ca: receive RaftClientReply:client-CEF4D3493DC0->4ee04582-2825-4055-a051-0465d62eb5ca@group-78E0FE5F723E, cid=4990, SUCCESS, logIndex=7709, commits[4ee04582-2825-4055-a051-0465d62eb5ca:c7711, 97f5b9f0-d9ef-40b5-ba79-7414923e623f:c7705, 7d686585-d831-45bc-93fc-0a553b604b0e:c7707]
2019-07-08 23:05:25,919 INFO  client.GrpcClientProtocolClient (GrpcClientProtocolClient.java:onNext(255)) - client-CEF4D3493DC0->4ee04582-2825-4055-a051-0465d62eb5ca: receive RaftClientReply:client-CEF4D3493DC0->4ee04582-2825-4055-a051-0465d62eb5ca@group-78E0FE5F723E, cid=4991, SUCCESS, logIndex=0, commits[4ee04582-2825-4055-a051-0465d62eb5ca:c7711, 97f5b9f0-d9ef-40b5-ba79-7414923e623f:c7707, 7d686585-d831-45bc-93fc-0a553b604b0e:c7707]
2019-07-08 23:05:25,935 INFO  client.GrpcClientProtocolClient (GrpcClientProtocolClient.java:onNext(255)) - client-CEF4D3493DC0->4ee04582-2825-4055-a051-0465d62eb5ca: receive RaftClientReply:client-CEF4D3493DC0->4ee04582-2825-4055-a051-0465d62eb5ca@group-78E0FE5F723E, cid=4992, SUCCESS, logIndex=7714, commits[4ee04582-2825-4055-a051-0465d62eb5ca:c7715, 97f5b9f0-d9ef-40b5-ba79-7414923e623f:c7713, 7d686585-d831-45bc-93fc-0a553b604b0e:c7713]
2019-07-08 23:05:25,936 INFO  client.GrpcClientProtocolClient (GrpcClientProtocolClient.java:onNext(255)) - client-CEF4D3493DC0->4ee04582-2825-4055-a051-0465d62eb5ca: receive RaftClientReply:client-CEF4D3493DC0->4ee04582-2825-4055-a051-0465d62eb5ca@group-78E0FE5F723E, cid=4993, SUCCESS, logIndex=7715, commits[4ee04582-2825-4055-a051-0465d62eb5ca:c7715, 97f5b9f0-d9ef-40b5-ba79-7414923e623f:c7713, 7d686585-d831-45bc-93fc-0a553b604b0e:c7713]
2019-07-08 23:05:25,949 INFO  client.GrpcClientProtocolClient (GrpcClientProtocolClient.java:onNext(255)) - client-CEF4D3493DC0->4ee04582-2825-4055-a051-0465d62eb5ca: receive RaftClientReply:client-CEF4D3493DC0->4ee04582-2825-4055-a051-0465d62eb5ca@group-78E0FE5F723E, cid=4994, SUCCESS, logIndex=7718, commits[4ee04582-2825-4055-a051-0465d62eb5ca:c7719, 97f5b9f0-d9ef-40b5-ba79-7414923e623f:c7716, 7d686585-d831-45bc-93fc-0a553b604b0e:c7716]
2019-07-08 23:05:25,950 INFO  client.GrpcClientProtocolClient (GrpcClientProtocolClient.java:onNext(255)) - client-CEF4D3493DC0->4ee04582-2825-4055-a051-0465d62eb5ca: receive RaftClientReply:client-CEF4D3493DC0->4ee04582-2825-4055-a051-0465d62eb5ca@group-78E0FE5F723E, cid=4995, SUCCESS, logIndex=7719, commits[4ee04582-2825-4055-a051-0465d62eb5ca:c7719, 97f5b9f0-d9ef-40b5-ba79-7414923e623f:c7716, 7d686585-d831-45bc-93fc-0a553b604b0e:c7716]
2019-07-08 23:05:25,952 INFO  client.GrpcClientProtocolClient (GrpcClientProtocolClient.java:onNext(255)) - client-CEF4D3493DC0->4ee04582-2825-4055-a051-0465d62eb5ca: receive RaftClientReply:client-CEF4D3493DC0->4ee04582-2825-4055-a051-0465d62eb5ca@group-78E0FE5F723E, cid=4996, SUCCESS, logIndex=0, commits[4ee04582-2825-4055-a051-0465d62eb5ca:c7720, 97f5b9f0-d9ef-40b5-ba79-7414923e623f:c7719, 7d686585-d831-45bc-93fc-0a553b604b0e:c7719]
2019-07-08 23:05:26,112 INFO  client.GrpcClientProtocolClient (GrpcClientProtocolClient.java:onNext(255)) - client-CEF4D3493DC0->4ee04582-2825-4055-a051-0465d62eb5ca: receive RaftClientReply:client-CEF4D3493DC0->4ee04582-2825-4055-a051-0465d62eb5ca@group-78E0FE5F723E, cid=4997, SUCCESS, logIndex=7721, commits[4ee04582-2825-4055-a051-0465d62eb5ca:c7722, 97f5b9f0-d9ef-40b5-ba79-7414923e623f:c7720, 7d686585-d831-45bc-93fc-0a553b604b0e:c7720]
2019-07-08 23:05:26,113 INFO  client.GrpcClientProtocolClient (GrpcClientProtocolClient.java:onNext(255)) - client-CEF4D3493DC0->4ee04582-2825-4055-a051-0465d62eb5ca: receive RaftClientReply:client-CEF4D3493DC0->4ee04582-2825-4055-a051-0465d62eb5ca@group-78E0FE5F723E, cid=4998, SUCCESS, logIndex=7722, commits[4ee04582-2825-4055-a051-0465d62eb5ca:c7722, 97f5b9f0-d9ef-40b5-ba79-7414923e623f:c7720, 7d686585-d831-45bc-93fc-0a553b604b0e:c7720]
2019-07-08 23:05:26,113 INFO  client.GrpcClientProtocolClient (GrpcClientProtocolClient.java:onNext(255)) - client-CEF4D3493DC0->4ee04582-2825-4055-a051-0465d62eb5ca: receive RaftClientReply:client-CEF4D3493DC0->4ee04582-2825-4055-a051-0465d62eb5ca@group-78E0FE5F723E, cid=4999, SUCCESS, logIndex=7723, commits[4ee04582-2825-4055-a051-0465d62eb5ca:c7724, 97f5b9f0-d9ef-40b5-ba79-7414923e623f:c7720, 7d686585-d831-45bc-93fc-0a553b604b0e:c7720]
2019-07-08 23:05:26,113 INFO  client.GrpcClientProtocolClient (GrpcClientProtocolClient.java:onNext(255)) - client-CEF4D3493DC0->4ee04582-2825-4055-a051-0465d62eb5ca: receive RaftClientReply:client-CEF4D3493DC0->4ee04582-2825-4055-a051-0465d62eb5ca@group-78E0FE5F723E, cid=5000, SUCCESS, logIndex=7724, commits[4ee04582-2825-4055-a051-0465d62eb5ca:c7724, 97f5b9f0-d9ef-40b5-ba79-7414923e623f:c7720, 7d686585-d831-45bc-93fc-0a553b604b0e:c7720]
2019-07-08 23:05:26,128 INFO  client.GrpcClientProtocolClient (GrpcClientProtocolClient.java:onNext(255)) - client-CEF4D3493DC0->4ee04582-2825-4055-a051-0465d62eb5ca: receive RaftClientReply:client-CEF4D3493DC0->4ee04582-2825-4055-a051-0465d62eb5ca@group-78E0FE5F723E, cid=5001, SUCCESS, logIndex=0, commits[4ee04582-2825-4055-a051-0465d62eb5ca:c7726, 97f5b9f0-d9ef-40b5-ba79-7414923e623f:c7722, 7d686585-d831-45bc-93fc-0a553b604b0e:c7722]
2019-07-08 23:05:26,149 INFO  client.GrpcClientProtocolClient (GrpcClientProtocolClient.java:onNext(255)) - client-CEF4D3493DC0->4ee04582-2825-4055-a051-0465d62eb5ca: receive RaftClientReply:client-CEF4D3493DC0->4ee04582-2825-4055-a051-0465d62eb5ca@group-78E0FE5F723E, cid=5002, SUCCESS, logIndex=7729, commits[4ee04582-2825-4055-a051-0465d62eb5ca:c7730, 97f5b9f0-d9ef-40b5-ba79-7414923e623f:c7728, 7d686585-d831-45bc-93fc-0a553b604b0e:c7728]
2019-07-08 23:05:26,149 INFO  client.GrpcClientProtocolClient (GrpcClientProtocolClient.java:onNext(255)) - client-CEF4D3493DC0->4ee04582-2825-4055-a051-0465d62eb5ca: receive RaftClientReply:client-CEF4D3493DC0->4ee04582-2825-4055-a051-0465d62eb5ca@group-78E0FE5F723E, cid=5003, SUCCESS, logIndex=7730, commits[4ee04582-2825-4055-a051-0465d62eb5ca:c7730, 97f5b9f0-d9ef-40b5-ba79-7414923e623f:c7728, 7d686585-d831-45bc-93fc-0a553b604b0e:c7728]
2019-07-08 23:05:26,164 INFO  client.GrpcClientProtocolClient (GrpcClientProtocolClient.java:onNext(255)) - client-CEF4D3493DC0->4ee04582-2825-4055-a051-0465d62eb5ca: receive RaftClientReply:client-CEF4D3493DC0->4ee04582-2825-4055-a051-0465d62eb5ca@group-78E0FE5F723E, cid=5004, SUCCESS, logIndex=7733, commits[4ee04582-2825-4055-a051-0465d62eb5ca:c7734, 97f5b9f0-d9ef-40b5-ba79-7414923e623f:c7731, 7d686585-d831-45bc-93fc-0a553b604b0e:c7730]
2019-07-08 23:05:26,164 INFO  client.GrpcClientProtocolClient (GrpcClientProtocolClient.java:onNext(255)) - client-CEF4D3493DC0->4ee04582-2825-4055-a051-0465d62eb5ca: receive RaftClientReply:client-CEF4D3493DC0->4ee04582-2825-4055-a051-0465d62eb5ca@group-78E0FE5F723E, cid=5005, SUCCESS, logIndex=7734, commits[4ee04582-2825-4055-a051-0465d62eb5ca:c7734, 97f5b9f0-d9ef-40b5-ba79-7414923e623f:c7731, 7d686585-d831-45bc-93fc-0a553b604b0e:c7731]
2019-07-08 23:05:26,167 INFO  client.GrpcClientProtocolClient (GrpcClientProtocolClient.java:onNext(255)) - client-CEF4D3493DC0->4ee04582-2825-4055-a051-0465d62eb5ca: receive RaftClientReply:client-CEF4D3493DC0->4ee04582-2825-4055-a051-0465d62eb5ca@group-78E0FE5F723E, cid=5006, SUCCESS, logIndex=0, commits[4ee04582-2825-4055-a051-0465d62eb5ca:c7735, 97f5b9f0-d9ef-40b5-ba79-7414923e623f:c7734, 7d686585-d831-45bc-93fc-0a553b604b0e:c7734]
2019-07-08 23:05:26,197 INFO  client.GrpcClientProtocolClient (GrpcClientProtocolClient.java:onNext(255)) - client-CEF4D3493DC0->4ee04582-2825-4055-a051-0465d62eb5ca: receive RaftClientReply:client-CEF4D3493DC0->4ee04582-2825-4055-a051-0465d62eb5ca@group-78E0FE5F723E, cid=5007, SUCCESS, logIndex=7737, commits[4ee04582-2825-4055-a051-0465d62eb5ca:c7739, 97f5b9f0-d9ef-40b5-ba79-7414923e623f:c7736, 7d686585-d831-45bc-93fc-0a553b604b0e:c7734]
2019-07-08 23:05:26,197 INFO  client.GrpcClientProtocolClient (GrpcClientProtocolClient.java:onNext(255)) - client-CEF4D3493DC0->4ee04582-2825-4055-a051-0465d62eb5ca: receive RaftClientReply:client-CEF4D3493DC0->4ee04582-2825-4055-a051-0465d62eb5ca@group-78E0FE5F723E, cid=5008, SUCCESS, logIndex=7738, commits[4ee04582-2825-4055-a051-0465d62eb5ca:c7740, 97f5b9f0-d9ef-40b5-ba79-7414923e623f:c7736, 7d686585-d831-45bc-93fc-0a553b604b0e:c7736]
2019-07-08 23:05:26,197 INFO  client.GrpcClientProtocolClient (GrpcClientProtocolClient.java:onNext(255)) - client-CEF4D3493DC0->4ee04582-2825-4055-a051-0465d62eb5ca: receive RaftClientReply:client-CEF4D3493DC0->4ee04582-2825-4055-a051-0465d62eb5ca@group-78E0FE5F723E, cid=5009, SUCCESS, logIndex=7739, commits[4ee04582-2825-4055-a051-0465d62eb5ca:c7740, 97f5b9f0-d9ef-40b5-ba79-7414923e623f:c7736, 7d686585-d831-45bc-93fc-0a553b604b0e:c7736]
2019-07-08 23:05:26,198 INFO  client.GrpcClientProtocolClient (GrpcClientProtocolClient.java:onNext(255)) - client-CEF4D3493DC0->4ee04582-2825-4055-a051-0465d62eb5ca: receive RaftClientReply:client-CEF4D3493DC0->4ee04582-2825-4055-a051-0465d62eb5ca@group-78E0FE5F723E, cid=5010, SUCCESS, logIndex=7740, commits[4ee04582-2825-4055-a051-0465d62eb5ca:c7740, 97f5b9f0-d9ef-40b5-ba79-7414923e623f:c7736, 7d686585-d831-45bc-93fc-0a553b604b0e:c7736]
2019-07-08 23:05:26,201 INFO  client.GrpcClientProtocolClient (GrpcClientProtocolClient.java:onNext(255)) - client-CEF4D3493DC0->4ee04582-2825-4055-a051-0465d62eb5ca: receive RaftClientReply:client-CEF4D3493DC0->4ee04582-2825-4055-a051-0465d62eb5ca@group-78E0FE5F723E, cid=5011, SUCCESS, logIndex=0, commits[4ee04582-2825-4055-a051-0465d62eb5ca:c7742, 97f5b9f0-d9ef-40b5-ba79-7414923e623f:c7738, 7d686585-d831-45bc-93fc-0a553b604b0e:c7738]
2019-07-08 23:05:26,212 INFO  client.GrpcClientProtocolClient (GrpcClientProtocolClient.java:onNext(255)) - client-CEF4D3493DC0->4ee04582-2825-4055-a051-0465d62eb5ca: receive RaftClientReply:client-CEF4D3493DC0->4ee04582-2825-4055-a051-0465d62eb5ca@group-78E0FE5F723E, cid=5012, SUCCESS, logIndex=7745, commits[4ee04582-2825-4055-a051-0465d62eb5ca:c7746, 97f5b9f0-d9ef-40b5-ba79-7414923e623f:c7744, 7d686585-d831-45bc-93fc-0a553b604b0e:c7744]
2019-07-08 23:05:26,213 INFO  client.GrpcClientProtocolClient (GrpcClientProtocolClient.java:onNext(255)) - client-CEF4D3493DC0->4ee04582-2825-4055-a051-0465d62eb5ca: receive RaftClientReply:client-CEF4D3493DC0->4ee04582-2825-4055-a051-0465d62eb5ca@group-78E0FE5F723E, cid=5013, SUCCESS, logIndex=7746, commits[4ee04582-2825-4055-a051-0465d62eb5ca:c7746, 97f5b9f0-d9ef-40b5-ba79-7414923e623f:c7744, 7d686585-d831-45bc-93fc-0a553b604b0e:c7744]
2019-07-08 23:05:26,225 INFO  client.GrpcClientProtocolClient (GrpcClientProtocolClient.java:onNext(255)) - client-CEF4D3493DC0->4ee04582-2825-4055-a051-0465d62eb5ca: receive RaftClientReply:client-CEF4D3493DC0->4ee04582-2825-4055-a051-0465d62eb5ca@group-78E0FE5F723E, cid=5014, SUCCESS, logIndex=7749, commits[4ee04582-2825-4055-a051-0465d62eb5ca:c7750, 97f5b9f0-d9ef-40b5-ba79-7414923e623f:c7746, 7d686585-d831-45bc-93fc-0a553b604b0e:c7748]
2019-07-08 23:05:26,226 INFO  client.GrpcClientProtocolClient (GrpcClientProtocolClient.java:onNext(255)) - client-CEF4D3493DC0->4ee04582-2825-4055-a051-0465d62eb5ca: receive RaftClientReply:client-CEF4D3493DC0->4ee04582-2825-4055-a051-0465d62eb5ca@group-78E0FE5F723E, cid=5015, SUCCESS, logIndex=7750, commits[4ee04582-2825-4055-a051-0465d62eb5ca:c7750, 97f5b9f0-d9ef-40b5-ba79-7414923e623f:c7748, 7d686585-d831-45bc-93fc-0a553b604b0e:c7748]
2019-07-08 23:05:26,229 INFO  client.GrpcClientProtocolClient (GrpcClientProtocolClient.java:onNext(255)) - client-CEF4D3493DC0->4ee04582-2825-4055-a051-0465d62eb5ca: receive RaftClientReply:client-CEF4D3493DC0->4ee04582-2825-4055-a051-0465d62eb5ca@group-78E0FE5F723E, cid=5016, SUCCESS, logIndex=0, commits[4ee04582-2825-4055-a051-0465d62eb5ca:c7752, 97f5b9f0-d9ef-40b5-ba79-7414923e623f:c7750, 7d686585-d831-45bc-93fc-0a553b604b0e:c7750]
2019-07-08 23:05:26,259 INFO  client.GrpcClientProtocolClient (GrpcClientProtocolClient.java:onNext(255)) - client-CEF4D3493DC0->4ee04582-2825-4055-a051-0465d62eb5ca: receive RaftClientReply:client-CEF4D3493DC0->4ee04582-2825-4055-a051-0465d62eb5ca@group-78E0FE5F723E, cid=5017, SUCCESS, logIndex=7753, commits[4ee04582-2825-4055-a051-0465d62eb5ca:c7754, 97f5b9f0-d9ef-40b5-ba79-7414923e623f:c7752, 7d686585-d831-45bc-93fc-0a553b604b0e:c7752]
2019-07-08 23:05:26,260 INFO  client.GrpcClientProtocolClient (GrpcClientProtocolClient.java:onNext(255)) - client-CEF4D3493DC0->4ee04582-2825-4055-a051-0465d62eb5ca: receive RaftClientReply:client-CEF4D3493DC0->4ee04582-2825-4055-a051-0465d62eb5ca@group-78E0FE5F723E, cid=5018, SUCCESS, logIndex=7754, commits[4ee04582-2825-4055-a051-0465d62eb5ca:c7754, 97f5b9f0-d9ef-40b5-ba79-7414923e623f:c7752, 7d686585-d831-45bc-93fc-0a553b604b0e:c7752]
2019-07-08 23:05:26,262 INFO  client.GrpcClientProtocolClient (GrpcClientProtocolClient.java:onNext(255)) - client-CEF4D3493DC0->4ee04582-2825-4055-a051-0465d62eb5ca: receive RaftClientReply:client-CEF4D3493DC0->4ee04582-2825-4055-a051-0465d62eb5ca@group-78E0FE5F723E, cid=5019, SUCCESS, logIndex=7755, commits[4ee04582-2825-4055-a051-0465d62eb5ca:c7756, 97f5b9f0-d9ef-40b5-ba79-7414923e623f:c7752, 7d686585-d831-45bc-93fc-0a553b604b0e:c7752]
2019-07-08 23:05:26,262 INFO  client.GrpcClientProtocolClient (GrpcClientProtocolClient.java:onNext(255)) - client-CEF4D3493DC0->4ee04582-2825-4055-a051-0465d62eb5ca: receive RaftClientReply:client-CEF4D3493DC0->4ee04582-2825-4055-a051-0465d62eb5ca@group-78E0FE5F723E, cid=5020, SUCCESS, logIndex=7756, commits[4ee04582-2825-4055-a051-0465d62eb5ca:c7756, 97f5b9f0-d9ef-40b5-ba79-7414923e623f:c7752, 7d686585-d831-45bc-93fc-0a553b604b0e:c7752]
2019-07-08 23:05:26,265 INFO  client.GrpcClientProtocolClient (GrpcClientProtocolClient.java:onNext(255)) - client-CEF4D3493DC0->4ee04582-2825-4055-a051-0465d62eb5ca: receive RaftClientReply:client-CEF4D3493DC0->4ee04582-2825-4055-a051-0465d62eb5ca@group-78E0FE5F723E, cid=5021, SUCCESS, logIndex=0, commits[4ee04582-2825-4055-a051-0465d62eb5ca:c7758, 97f5b9f0-d9ef-40b5-ba79-7414923e623f:c7754, 7d686585-d831-45bc-93fc-0a553b604b0e:c7754]
2019-07-08 23:05:26,275 INFO  client.GrpcClientProtocolClient (GrpcClientProtocolClient.java:onNext(255)) - client-CEF4D3493DC0->4ee04582-2825-4055-a051-0465d62eb5ca: receive RaftClientReply:client-CEF4D3493DC0->4ee04582-2825-4055-a051-0465d62eb5ca@group-78E0FE5F723E, cid=5022, SUCCESS, logIndex=7761, commits[4ee04582-2825-4055-a051-0465d62eb5ca:c7762, 97f5b9f0-d9ef-40b5-ba79-7414923e623f:c7760, 7d686585-d831-45bc-93fc-0a553b604b0e:c7756]
2019-07-08 23:05:26,276 INFO  client.GrpcClientProtocolClient (GrpcClientProtocolClient.java:onNext(255)) - client-CEF4D3493DC0->4ee04582-2825-4055-a051-0465d62eb5ca: receive RaftClientReply:client-CEF4D3493DC0->4ee04582-2825-4055-a051-0465d62eb5ca@group-78E0FE5F723E, cid=5023, SUCCESS, logIndex=7762, commits[4ee04582-2825-4055-a051-0465d62eb5ca:c7762, 97f5b9f0-d9ef-40b5-ba79-7414923e623f:c7760, 7d686585-d831-45bc-93fc-0a553b604b0e:c7760]
2019-07-08 23:05:26,288 INFO  client.GrpcClientProtocolClient (GrpcClientProtocolClient.java:onNext(255)) - client-CEF4D3493DC0->4ee04582-2825-4055-a051-0465d62eb5ca: receive RaftClientReply:client-CEF4D3493DC0->4ee04582-2825-4055-a051-0465d62eb5ca@group-78E0FE5F723E, cid=5024, SUCCESS, logIndex=7765, commits[4ee04582-2825-4055-a051-0465d62eb5ca:c7766, 97f5b9f0-d9ef-40b5-ba79-7414923e623f:c7764, 7d686585-d831-45bc-93fc-0a553b604b0e:c7762]
2019-07-08 23:05:26,288 INFO  client.GrpcClientProtocolClient (GrpcClientProtocolClient.java:onNext(255)) - client-CEF4D3493DC0->4ee04582-2825-4055-a051-0465d62eb5ca: receive RaftClientReply:client-CEF4D3493DC0->4ee04582-2825-4055-a051-0465d62eb5ca@group-78E0FE5F723E, cid=5025, SUCCESS, logIndex=7766, commits[4ee04582-2825-4055-a051-0465d62eb5ca:c7766, 97f5b9f0-d9ef-40b5-ba79-7414923e623f:c7764, 7d686585-d831-45bc-93fc-0a553b604b0e:c7764]
2019-07-08 23:05:26,291 INFO  client.GrpcClientProtocolClient (GrpcClientProtocolClient.java:onNext(255)) - client-CEF4D3493DC0->4ee04582-2825-4055-a051-0465d62eb5ca: receive RaftClientReply:client-CEF4D3493DC0->4ee04582-2825-4055-a051-0465d62eb5ca@group-78E0FE5F723E, cid=5026, SUCCESS, logIndex=0, commits[4ee04582-2825-4055-a051-0465d62eb5ca:c7767, 97f5b9f0-d9ef-40b5-ba79-7414923e623f:c7766, 7d686585-d831-45bc-93fc-0a553b604b0e:c7766]
2019-07-08 23:05:26,322 INFO  client.GrpcClientProtocolClient (GrpcClientProtocolClient.java:onNext(255)) - client-CEF4D3493DC0->4ee04582-2825-4055-a051-0465d62eb5ca: receive RaftClientReply:client-CEF4D3493DC0->4ee04582-2825-4055-a051-0465d62eb5ca@group-78E0FE5F723E, cid=5027, SUCCESS, logIndex=7769, commits[4ee04582-2825-4055-a051-0465d62eb5ca:c7770, 97f5b9f0-d9ef-40b5-ba79-7414923e623f:c7768, 7d686585-d831-45bc-93fc-0a553b604b0e:c7768]
2019-07-08 23:05:26,323 INFO  client.GrpcClientProtocolClient (GrpcClientProtocolClient.java:onNext(255)) - client-CEF4D3493DC0->4ee04582-2825-4055-a051-0465d62eb5ca: receive RaftClientReply:client-CEF4D3493DC0->4ee04582-2825-4055-a051-0465d62eb5ca@group-78E0FE5F723E, cid=5028, SUCCESS, logIndex=7770, commits[4ee04582-2825-4055-a051-0465d62eb5ca:c7770, 97f5b9f0-d9ef-40b5-ba79-7414923e623f:c7768, 7d686585-d831-45bc-93fc-0a553b604b0e:c7768]
2019-07-08 23:05:26,325 INFO  client.GrpcClientProtocolClient (GrpcClientProtocolClient.java:onNext(255)) - client-CEF4D3493DC0->4ee04582-2825-4055-a051-0465d62eb5ca: receive RaftClientReply:client-CEF4D3493DC0->4ee04582-2825-4055-a051-0465d62eb5ca@group-78E0FE5F723E, cid=5029, SUCCESS, logIndex=7771, commits[4ee04582-2825-4055-a051-0465d62eb5ca:c7772, 97f5b9f0-d9ef-40b5-ba79-7414923e623f:c7768, 7d686585-d831-45bc-93fc-0a553b604b0e:c7768]
2019-07-08 23:05:26,325 INFO  client.GrpcClientProtocolClient (GrpcClientProtocolClient.java:onNext(255)) - client-CEF4D3493DC0->4ee04582-2825-4055-a051-0465d62eb5ca: receive RaftClientReply:client-CEF4D3493DC0->4ee04582-2825-4055-a051-0465d62eb5ca@group-78E0FE5F723E, cid=5030, SUCCESS, logIndex=7772, commits[4ee04582-2825-4055-a051-0465d62eb5ca:c7772, 97f5b9f0-d9ef-40b5-ba79-7414923e623f:c7768, 7d686585-d831-45bc-93fc-0a553b604b0e:c7768]
2019-07-08 23:05:26,329 INFO  client.GrpcClientProtocolClient (GrpcClientProtocolClient.java:onNext(255)) - client-CEF4D3493DC0->4ee04582-2825-4055-a051-0465d62eb5ca: receive RaftClientReply:client-CEF4D3493DC0->4ee04582-2825-4055-a051-0465d62eb5ca@group-78E0FE5F723E, cid=5031, SUCCESS, logIndex=0, commits[4ee04582-2825-4055-a051-0465d62eb5ca:c7774, 97f5b9f0-d9ef-40b5-ba79-7414923e623f:c7770, 7d686585-d831-45bc-93fc-0a553b604b0e:c7770]
2019-07-08 23:05:26,339 INFO  client.GrpcClientProtocolClient (GrpcClientProtocolClient.java:onNext(255)) - client-CEF4D3493DC0->4ee04582-2825-4055-a051-0465d62eb5ca: receive RaftClientReply:client-CEF4D3493DC0->4ee04582-2825-4055-a051-0465d62eb5ca@group-78E0FE5F723E, cid=5032, SUCCESS, logIndex=7777, commits[4ee04582-2825-4055-a051-0465d62eb5ca:c7778, 97f5b9f0-d9ef-40b5-ba79-7414923e623f:c7776, 7d686585-d831-45bc-93fc-0a553b604b0e:c7772]
2019-07-08 23:05:26,339 INFO  client.GrpcClientProtocolClient (GrpcClientProtocolClient.java:onNext(255)) - client-CEF4D3493DC0->4ee04582-2825-4055-a051-0465d62eb5ca: receive RaftClientReply:client-CEF4D3493DC0->4ee04582-2825-4055-a051-0465d62eb5ca@group-78E0FE5F723E, cid=5033, SUCCESS, logIndex=7778, commits[4ee04582-2825-4055-a051-0465d62eb5ca:c7778, 97f5b9f0-d9ef-40b5-ba79-7414923e623f:c7776, 7d686585-d831-45bc-93fc-0a553b604b0e:c7772]
 0.00% |█                                                                                                    |  0/1 Time: 0:00:352019-07-08 23:05:26,350 INFO  client.GrpcClientProtocolClient (GrpcClientProtocolClient.java:onNext(255)) - client-CEF4D3493DC0->4ee04582-2825-4055-a051-0465d62eb5ca: receive RaftClientReply:client-CEF4D3493DC0->4ee04582-2825-4055-a051-0465d62eb5ca@group-78E0FE5F723E, cid=5034, SUCCESS, logIndex=7781, commits[4ee04582-2825-4055-a051-0465d62eb5ca:c7782, 97f5b9f0-d9ef-40b5-ba79-7414923e623f:c7780, 7d686585-d831-45bc-93fc-0a553b604b0e:c7778]
2019-07-08 23:05:26,351 INFO  client.GrpcClientProtocolClient (GrpcClientProtocolClient.java:onNext(255)) - client-CEF4D3493DC0->4ee04582-2825-4055-a051-0465d62eb5ca: receive RaftClientReply:client-CEF4D3493DC0->4ee04582-2825-4055-a051-0465d62eb5ca@group-78E0FE5F723E, cid=5035, SUCCESS, logIndex=7782, commits[4ee04582-2825-4055-a051-0465d62eb5ca:c7782, 97f5b9f0-d9ef-40b5-ba79-7414923e623f:c7780, 7d686585-d831-45bc-93fc-0a553b604b0e:c7778]
2019-07-08 23:05:26,396 INFO  client.GrpcClientProtocolClient (GrpcClientProtocolClient.java:onNext(255)) - client-CEF4D3493DC0->4ee04582-2825-4055-a051-0465d62eb5ca: receive RaftClientReply:client-CEF4D3493DC0->4ee04582-2825-4055-a051-0465d62eb5ca@group-78E0FE5F723E, cid=5036, SUCCESS, logIndex=0, commits[4ee04582-2825-4055-a051-0465d62eb5ca:c7783, 97f5b9f0-d9ef-40b5-ba79-7414923e623f:c7782, 7d686585-d831-45bc-93fc-0a553b604b0e:c7782]
2019-07-08 23:05:26,424 INFO  client.GrpcClientProtocolClient (GrpcClientProtocolClient.java:onNext(255)) - client-CEF4D3493DC0->4ee04582-2825-4055-a051-0465d62eb5ca: receive RaftClientReply:client-CEF4D3493DC0->4ee04582-2825-4055-a051-0465d62eb5ca@group-78E0FE5F723E, cid=5037, SUCCESS, logIndex=7785, commits[4ee04582-2825-4055-a051-0465d62eb5ca:c7786, 97f5b9f0-d9ef-40b5-ba79-7414923e623f:c7782, 7d686585-d831-45bc-93fc-0a553b604b0e:c7784]
2019-07-08 23:05:26,424 INFO  client.GrpcClientProtocolClient (GrpcClientProtocolClient.java:onNext(255)) - client-CEF4D3493DC0->4ee04582-2825-4055-a051-0465d62eb5ca: receive RaftClientReply:client-CEF4D3493DC0->4ee04582-2825-4055-a051-0465d62eb5ca@group-78E0FE5F723E, cid=5038, SUCCESS, logIndex=7786, commits[4ee04582-2825-4055-a051-0465d62eb5ca:c7786, 97f5b9f0-d9ef-40b5-ba79-7414923e623f:c7784, 7d686585-d831-45bc-93fc-0a553b604b0e:c7784]
2019-07-08 23:05:26,426 INFO  client.GrpcClientProtocolClient (GrpcClientProtocolClient.java:onNext(255)) - client-CEF4D3493DC0->4ee04582-2825-4055-a051-0465d62eb5ca: receive RaftClientReply:client-CEF4D3493DC0->4ee04582-2825-4055-a051-0465d62eb5ca@group-78E0FE5F723E, cid=5039, SUCCESS, logIndex=7787, commits[4ee04582-2825-4055-a051-0465d62eb5ca:c7788, 97f5b9f0-d9ef-40b5-ba79-7414923e623f:c7784, 7d686585-d831-45bc-93fc-0a553b604b0e:c7784]
2019-07-08 23:05:26,427 INFO  client.GrpcClientProtocolClient (GrpcClientProtocolClient.java:onNext(255)) - client-CEF4D3493DC0->4ee04582-2825-4055-a051-0465d62eb5ca: receive RaftClientReply:client-CEF4D3493DC0->4ee04582-2825-4055-a051-0465d62eb5ca@group-78E0FE5F723E, cid=5040, SUCCESS, logIndex=7788, commits[4ee04582-2825-4055-a051-0465d62eb5ca:c7790, 97f5b9f0-d9ef-40b5-ba79-7414923e623f:c7786, 7d686585-d831-45bc-93fc-0a553b604b0e:c7784]
2019-07-08 23:05:26,436 INFO  client.GrpcClientProtocolClient (GrpcClientProtocolClient.java:onNext(255)) - client-CEF4D3493DC0->4ee04582-2825-4055-a051-0465d62eb5ca: receive RaftClientReply:client-CEF4D3493DC0->4ee04582-2825-4055-a051-0465d62eb5ca@group-78E0FE5F723E, cid=5041, SUCCESS, logIndex=0, commits[4ee04582-2825-4055-a051-0465d62eb5ca:c7790, 97f5b9f0-d9ef-40b5-ba79-7414923e623f:c7786, 7d686585-d831-45bc-93fc-0a553b604b0e:c7786]
2019-07-08 23:05:26,449 INFO  client.GrpcClientProtocolClient (GrpcClientProtocolClient.java:onNext(255)) - client-CEF4D3493DC0->4ee04582-2825-4055-a051-0465d62eb5ca: receive RaftClientReply:client-CEF4D3493DC0->4ee04582-2825-4055-a051-0465d62eb5ca@group-78E0FE5F723E, cid=5042, SUCCESS, logIndex=7793, commits[4ee04582-2825-4055-a051-0465d62eb5ca:c7794, 97f5b9f0-d9ef-40b5-ba79-7414923e623f:c7788, 7d686585-d831-45bc-93fc-0a553b604b0e:c7792]
2019-07-08 23:05:26,449 INFO  client.GrpcClientProtocolClient (GrpcClientProtocolClient.java:onNext(255)) - client-CEF4D3493DC0->4ee04582-2825-4055-a051-0465d62eb5ca: receive RaftClientReply:client-CEF4D3493DC0->4ee04582-2825-4055-a051-0465d62eb5ca@group-78E0FE5F723E, cid=5043, SUCCESS, logIndex=7794, commits[4ee04582-2825-4055-a051-0465d62eb5ca:c7794, 97f5b9f0-d9ef-40b5-ba79-7414923e623f:c7792, 7d686585-d831-45bc-93fc-0a553b604b0e:c7792]
2019-07-08 23:05:26,461 INFO  client.GrpcClientProtocolClient (GrpcClientProtocolClient.java:onNext(255)) - client-CEF4D3493DC0->4ee04582-2825-4055-a051-0465d62eb5ca: receive RaftClientReply:client-CEF4D3493DC0->4ee04582-2825-4055-a051-0465d62eb5ca@group-78E0FE5F723E, cid=5044, SUCCESS, logIndex=7796, commits[4ee04582-2825-4055-a051-0465d62eb5ca:c7797, 97f5b9f0-d9ef-40b5-ba79-7414923e623f:c7795, 7d686585-d831-45bc-93fc-0a553b604b0e:c7795]
2019-07-08 23:05:26,462 INFO  client.GrpcClientProtocolClient (GrpcClientProtocolClient.java:onNext(255)) - client-CEF4D3493DC0->4ee04582-2825-4055-a051-0465d62eb5ca: receive RaftClientReply:client-CEF4D3493DC0->4ee04582-2825-4055-a051-0465d62eb5ca@group-78E0FE5F723E, cid=5045, SUCCESS, logIndex=7797, commits[4ee04582-2825-4055-a051-0465d62eb5ca:c7797, 97f5b9f0-d9ef-40b5-ba79-7414923e623f:c7795, 7d686585-d831-45bc-93fc-0a553b604b0e:c7795]
2019-07-08 23:05:26,465 INFO  client.GrpcClientProtocolClient (GrpcClientProtocolClient.java:onNext(255)) - client-CEF4D3493DC0->4ee04582-2825-4055-a051-0465d62eb5ca: receive RaftClientReply:client-CEF4D3493DC0->4ee04582-2825-4055-a051-0465d62eb5ca@group-78E0FE5F723E, cid=5046, SUCCESS, logIndex=0, commits[4ee04582-2825-4055-a051-0465d62eb5ca:c7798, 97f5b9f0-d9ef-40b5-ba79-7414923e623f:c7797, 7d686585-d831-45bc-93fc-0a553b604b0e:c7797]
2019-07-08 23:05:27,094 INFO  client.GrpcClientProtocolClient (GrpcClientProtocolClient.java:onNext(255)) - client-CEF4D3493DC0->4ee04582-2825-4055-a051-0465d62eb5ca: receive RaftClientReply:client-CEF4D3493DC0->4ee04582-2825-4055-a051-0465d62eb5ca@group-78E0FE5F723E, cid=5047, SUCCESS, logIndex=7799, commits[4ee04582-2825-4055-a051-0465d62eb5ca:c7800, 97f5b9f0-d9ef-40b5-ba79-7414923e623f:c7798, 7d686585-d831-45bc-93fc-0a553b604b0e:c7798]
2019-07-08 23:05:27,095 INFO  client.GrpcClientProtocolClient (GrpcClientProtocolClient.java:onNext(255)) - client-CEF4D3493DC0->4ee04582-2825-4055-a051-0465d62eb5ca: receive RaftClientReply:client-CEF4D3493DC0->4ee04582-2825-4055-a051-0465d62eb5ca@group-78E0FE5F723E, cid=5048, SUCCESS, logIndex=7800, commits[4ee04582-2825-4055-a051-0465d62eb5ca:c7800, 97f5b9f0-d9ef-40b5-ba79-7414923e623f:c7798, 7d686585-d831-45bc-93fc-0a553b604b0e:c7798]
 0.00% |█                                                                                                    |  0/1 Time: 0:00:36 0.00% |█                                                                                                    |  0/1 Time: 0:00:37 0.00% |█                                                                                                    |  0/1 Time: 0:00:382019-07-08 23:05:29,363 INFO  client.GrpcClientProtocolClient (GrpcClientProtocolClient.java:onNext(255)) - client-CEF4D3493DC0->4ee04582-2825-4055-a051-0465d62eb5ca: receive RaftClientReply:client-CEF4D3493DC0->4ee04582-2825-4055-a051-0465d62eb5ca@group-78E0FE5F723E, cid=5049, SUCCESS, logIndex=7801, commits[4ee04582-2825-4055-a051-0465d62eb5ca:c7802, 97f5b9f0-d9ef-40b5-ba79-7414923e623f:c7800, 7d686585-d831-45bc-93fc-0a553b604b0e:c7800]
2019-07-08 23:05:29,364 INFO  client.GrpcClientProtocolClient (GrpcClientProtocolClient.java:onNext(255)) - client-CEF4D3493DC0->4ee04582-2825-4055-a051-0465d62eb5ca: receive RaftClientReply:client-CEF4D3493DC0->4ee04582-2825-4055-a051-0465d62eb5ca@group-78E0FE5F723E, cid=5050, SUCCESS, logIndex=7802, commits[4ee04582-2825-4055-a051-0465d62eb5ca:c7802, 97f5b9f0-d9ef-40b5-ba79-7414923e623f:c7800, 7d686585-d831-45bc-93fc-0a553b604b0e:c7800]
 0.00% |█                                                                                                    |  0/1 Time: 0:00:39 0.00% |█                                                                                                    |  0/1 Time: 0:00:402019-07-08 23:05:31,728 INFO  client.GrpcClientProtocolClient (GrpcClientProtocolClient.java:onNext(255)) - client-CEF4D3493DC0->4ee04582-2825-4055-a051-0465d62eb5ca: receive RaftClientReply:client-CEF4D3493DC0->4ee04582-2825-4055-a051-0465d62eb5ca@group-78E0FE5F723E, cid=5051, SUCCESS, logIndex=7807, commits[4ee04582-2825-4055-a051-0465d62eb5ca:c7808, 97f5b9f0-d9ef-40b5-ba79-7414923e623f:c7804, 7d686585-d831-45bc-93fc-0a553b604b0e:c7804]
2019-07-08 23:05:31,729 INFO  client.GrpcClientProtocolClient (GrpcClientProtocolClient.java:onNext(255)) - client-CEF4D3493DC0->4ee04582-2825-4055-a051-0465d62eb5ca: receive RaftClientReply:client-CEF4D3493DC0->4ee04582-2825-4055-a051-0465d62eb5ca@group-78E0FE5F723E, cid=5052, SUCCESS, logIndex=7808, commits[4ee04582-2825-4055-a051-0465d62eb5ca:c7808, 97f5b9f0-d9ef-40b5-ba79-7414923e623f:c7804, 7d686585-d831-45bc-93fc-0a553b604b0e:c7804]
 0.00% |█                                                                                                    |  0/1 Time: 0:00:41 0.00% |█                                                                                                    |  0/1 Time: 0:00:42 0.00% |█                                                                                                    |  0/1 Time: 0:00:432019-07-08 23:05:34,738 WARN  server.GrpcLogAppender (GrpcLogAppender.java:timeoutAppendRequest(200)) - GrpcLogAppender(4ee04582-2825-4055-a051-0465d62eb5ca->97f5b9f0-d9ef-40b5-ba79-7414923e623f): appendEntries Timeout, request=4ee04582-2825-4055-a051-0465d62eb5ca->97f5b9f0-d9ef-40b5-ba79-7414923e623f#7862-t1, previous=(t:1, i:7810), leaderCommit=7809, initializing? false, entries: size=1, first=(t:1, i:7811), STATEMACHINELOGENTRY, client-CEF4D3493DC0, cid=5053
2019-07-08 23:05:34,738 WARN  server.GrpcLogAppender (GrpcLogAppender.java:timeoutAppendRequest(200)) - GrpcLogAppender(4ee04582-2825-4055-a051-0465d62eb5ca->7d686585-d831-45bc-93fc-0a553b604b0e): appendEntries Timeout, request=4ee04582-2825-4055-a051-0465d62eb5ca->7d686585-d831-45bc-93fc-0a553b604b0e#7861-t1, previous=(t:1, i:7810), leaderCommit=7809, initializing? false, entries: size=1, first=(t:1, i:7811), STATEMACHINELOGENTRY, client-CEF4D3493DC0, cid=5053
2019-07-08 23:05:34,741 WARN  server.GrpcLogAppender (GrpcLogAppender.java:timeoutAppendRequest(200)) - GrpcLogAppender(4ee04582-2825-4055-a051-0465d62eb5ca->97f5b9f0-d9ef-40b5-ba79-7414923e623f): appendEntries Timeout, request=4ee04582-2825-4055-a051-0465d62eb5ca->97f5b9f0-d9ef-40b5-ba79-7414923e623f#7863-t1, previous=(t:1, i:7811), leaderCommit=7809, initializing? false, entries: size=1, first=(t:1, i:7812), STATEMACHINELOGENTRY, client-CEF4D3493DC0, cid=5054
2019-07-08 23:05:34,741 WARN  server.GrpcLogAppender (GrpcLogAppender.java:timeoutAppendRequest(200)) - GrpcLogAppender(4ee04582-2825-4055-a051-0465d62eb5ca->7d686585-d831-45bc-93fc-0a553b604b0e): appendEntries Timeout, request=4ee04582-2825-4055-a051-0465d62eb5ca->7d686585-d831-45bc-93fc-0a553b604b0e#7862-t1, previous=(t:1, i:7811), leaderCommit=7809, initializing? false, entries: size=1, first=(t:1, i:7812), STATEMACHINELOGENTRY, client-CEF4D3493DC0, cid=5054
2019-07-08 23:05:35,237 WARN  server.GrpcLogAppender (GrpcLogAppender.java:timeoutAppendRequest(200)) - GrpcLogAppender(4ee04582-2825-4055-a051-0465d62eb5ca->97f5b9f0-d9ef-40b5-ba79-7414923e623f): appendEntries Timeout, request=4ee04582-2825-4055-a051-0465d62eb5ca->97f5b9f0-d9ef-40b5-ba79-7414923e623f#7864-t1, previous=(t:1, i:7812), leaderCommit=7809, initializing? false, entries: <empty>
2019-07-08 23:05:35,238 WARN  server.GrpcLogAppender (GrpcLogAppender.java:timeoutAppendRequest(200)) - GrpcLogAppender(4ee04582-2825-4055-a051-0465d62eb5ca->7d686585-d831-45bc-93fc-0a553b604b0e): appendEntries Timeout, request=4ee04582-2825-4055-a051-0465d62eb5ca->7d686585-d831-45bc-93fc-0a553b604b0e#7863-t1, previous=(t:1, i:7812), leaderCommit=7809, initializing? false, entries: <empty>
 0.00% |█                                                                                                    |  0/1 Time: 0:00:442019-07-08 23:05:35,737 WARN  server.GrpcLogAppender (GrpcLogAppender.java:timeoutAppendRequest(200)) - GrpcLogAppender(4ee04582-2825-4055-a051-0465d62eb5ca->97f5b9f0-d9ef-40b5-ba79-7414923e623f): appendEntries Timeout, request=4ee04582-2825-4055-a051-0465d62eb5ca->97f5b9f0-d9ef-40b5-ba79-7414923e623f#7865-t1, previous=(t:1, i:7812), leaderCommit=7809, initializing? false, entries: <empty>
2019-07-08 23:05:35,738 WARN  server.GrpcLogAppender (GrpcLogAppender.java:timeoutAppendRequest(200)) - GrpcLogAppender(4ee04582-2825-4055-a051-0465d62eb5ca->7d686585-d831-45bc-93fc-0a553b604b0e): appendEntries Timeout, request=4ee04582-2825-4055-a051-0465d62eb5ca->7d686585-d831-45bc-93fc-0a553b604b0e#7864-t1, previous=(t:1, i:7812), leaderCommit=7809, initializing? false, entries: <empty>
2019-07-08 23:05:36,169 WARN  server.GrpcLogAppender (GrpcLogAppender.java:onNextImpl(250)) - org.apache.ratis.grpc.server.GrpcLogAppender$AppendLogResponseHandler@176df025: Request not found, ignoring reply: 4ee04582-2825-4055-a051-0465d62eb5ca<-97f5b9f0-d9ef-40b5-ba79-7414923e623f#7862:OK,SUCCESS,nextIndex:7812,term:1,followerCommit:7810
2019-07-08 23:05:36,169 WARN  server.GrpcLogAppender (GrpcLogAppender.java:onNextImpl(250)) - org.apache.ratis.grpc.server.GrpcLogAppender$AppendLogResponseHandler@19131b6a: Request not found, ignoring reply: 4ee04582-2825-4055-a051-0465d62eb5ca<-7d686585-d831-45bc-93fc-0a553b604b0e#7861:OK,SUCCESS,nextIndex:7812,term:1,followerCommit:7810
2019-07-08 23:05:36,170 WARN  server.GrpcLogAppender (GrpcLogAppender.java:onNextImpl(250)) - org.apache.ratis.grpc.server.GrpcLogAppender$AppendLogResponseHandler@176df025: Request not found, ignoring reply: 4ee04582-2825-4055-a051-0465d62eb5ca<-97f5b9f0-d9ef-40b5-ba79-7414923e623f#7863:OK,SUCCESS,nextIndex:7813,term:1,followerCommit:7810
2019-07-08 23:05:36,170 WARN  server.GrpcLogAppender (GrpcLogAppender.java:onNextImpl(250)) - org.apache.ratis.grpc.server.GrpcLogAppender$AppendLogResponseHandler@19131b6a: Request not found, ignoring reply: 4ee04582-2825-4055-a051-0465d62eb5ca<-7d686585-d831-45bc-93fc-0a553b604b0e#7862:OK,SUCCESS,nextIndex:7813,term:1,followerCommit:7810
2019-07-08 23:05:36,170 WARN  server.GrpcLogAppender (GrpcLogAppender.java:onNextImpl(250)) - org.apache.ratis.grpc.server.GrpcLogAppender$AppendLogResponseHandler@176df025: Request not found, ignoring reply: 4ee04582-2825-4055-a051-0465d62eb5ca<-97f5b9f0-d9ef-40b5-ba79-7414923e623f#7864:OK,SUCCESS,nextIndex:7813,term:1,followerCommit:7809
2019-07-08 23:05:36,170 WARN  server.GrpcLogAppender (GrpcLogAppender.java:onNextImpl(250)) - org.apache.ratis.grpc.server.GrpcLogAppender$AppendLogResponseHandler@19131b6a: Request not found, ignoring reply: 4ee04582-2825-4055-a051-0465d62eb5ca<-7d686585-d831-45bc-93fc-0a553b604b0e#7863:OK,SUCCESS,nextIndex:7813,term:1,followerCommit:7809
2019-07-08 23:05:36,170 WARN  server.GrpcLogAppender (GrpcLogAppender.java:onNextImpl(250)) - org.apache.ratis.grpc.server.GrpcLogAppender$AppendLogResponseHandler@176df025: Request not found, ignoring reply: 4ee04582-2825-4055-a051-0465d62eb5ca<-97f5b9f0-d9ef-40b5-ba79-7414923e623f#7865:OK,SUCCESS,nextIndex:7813,term:1,followerCommit:7809
2019-07-08 23:05:36,170 WARN  server.GrpcLogAppender (GrpcLogAppender.java:onNextImpl(250)) - org.apache.ratis.grpc.server.GrpcLogAppender$AppendLogResponseHandler@19131b6a: Request not found, ignoring reply: 4ee04582-2825-4055-a051-0465d62eb5ca<-7d686585-d831-45bc-93fc-0a553b604b0e#7864:OK,SUCCESS,nextIndex:7813,term:1,followerCommit:7809
 0.00% |█                                                                                                    |  0/1 Time: 0:00:452019-07-08 23:05:36,858 INFO  client.GrpcClientProtocolClient (GrpcClientProtocolClient.java:onNext(255)) - client-CEF4D3493DC0->97f5b9f0-d9ef-40b5-ba79-7414923e623f: receive RaftClientReply:client-CEF4D3493DC0->97f5b9f0-d9ef-40b5-ba79-7414923e623f@group-78E0FE5F723E, cid=5053, FAILED org.apache.ratis.protocol.NotLeaderException: Server 97f5b9f0-d9ef-40b5-ba79-7414923e623f is not the leader (4ee04582-2825-4055-a051-0465d62eb5ca:192.168.5.191:33552). Request must be sent to leader., logIndex=0, commits[97f5b9f0-d9ef-40b5-ba79-7414923e623f:c7812, 4ee04582-2825-4055-a051-0465d62eb5ca:c7812, 7d686585-d831-45bc-93fc-0a553b604b0e:c7810]
2019-07-08 23:05:36,883 INFO  client.GrpcClientProtocolClient (GrpcClientProtocolClient.java:onNext(255)) - client-CEF4D3493DC0->4ee04582-2825-4055-a051-0465d62eb5ca: receive RaftClientReply:client-CEF4D3493DC0->4ee04582-2825-4055-a051-0465d62eb5ca@group-78E0FE5F723E, cid=5053, SUCCESS, logIndex=7811, commits[4ee04582-2825-4055-a051-0465d62eb5ca:c7812, 97f5b9f0-d9ef-40b5-ba79-7414923e623f:c7810, 7d686585-d831-45bc-93fc-0a553b604b0e:c7810]
2019-07-08 23:05:36,891 INFO  client.GrpcClientProtocolClient (GrpcClientProtocolClient.java:onNext(255)) - client-CEF4D3493DC0->4ee04582-2825-4055-a051-0465d62eb5ca: receive RaftClientReply:client-CEF4D3493DC0->4ee04582-2825-4055-a051-0465d62eb5ca@group-78E0FE5F723E, cid=5054, SUCCESS, logIndex=7812, commits[4ee04582-2825-4055-a051-0465d62eb5ca:c7812, 97f5b9f0-d9ef-40b5-ba79-7414923e623f:c7810, 7d686585-d831-45bc-93fc-0a553b604b0e:c7810]
 0.00% |█                                                                                                    |  0/1 Time: 0:00:46 0.00% |█                                                                                                    |  0/1 Time: 0:00:472019-07-08 23:05:39,171 WARN  server.GrpcLogAppender (GrpcLogAppender.java:timeoutAppendRequest(200)) - GrpcLogAppender(4ee04582-2825-4055-a051-0465d62eb5ca->7d686585-d831-45bc-93fc-0a553b604b0e): appendEntries Timeout, request=4ee04582-2825-4055-a051-0465d62eb5ca->7d686585-d831-45bc-93fc-0a553b604b0e#7871-t1, previous=(t:1, i:7812), leaderCommit=7812, initializing? false, entries: size=1, first=(t:1, i:7813), METADATAENTRY(c7812)
2019-07-08 23:05:39,171 WARN  server.GrpcLogAppender (GrpcLogAppender.java:timeoutAppendRequest(200)) - GrpcLogAppender(4ee04582-2825-4055-a051-0465d62eb5ca->97f5b9f0-d9ef-40b5-ba79-7414923e623f): appendEntries Timeout, request=4ee04582-2825-4055-a051-0465d62eb5ca->97f5b9f0-d9ef-40b5-ba79-7414923e623f#7871-t1, previous=(t:1, i:7812), leaderCommit=7812, initializing? false, entries: size=1, first=(t:1, i:7813), METADATAENTRY(c7812)
 0.00% |█                                                                                                    |  0/1 Time: 0:00:482019-07-08 23:05:39,672 WARN  server.GrpcLogAppender (GrpcLogAppender.java:timeoutAppendRequest(200)) - GrpcLogAppender(4ee04582-2825-4055-a051-0465d62eb5ca->97f5b9f0-d9ef-40b5-ba79-7414923e623f): appendEntries Timeout, request=4ee04582-2825-4055-a051-0465d62eb5ca->97f5b9f0-d9ef-40b5-ba79-7414923e623f#7872-t1, previous=(t:1, i:7813), leaderCommit=7812, initializing? false, entries: <empty>
2019-07-08 23:05:39,672 WARN  server.GrpcLogAppender (GrpcLogAppender.java:timeoutAppendRequest(200)) - GrpcLogAppender(4ee04582-2825-4055-a051-0465d62eb5ca->7d686585-d831-45bc-93fc-0a553b604b0e): appendEntries Timeout, request=4ee04582-2825-4055-a051-0465d62eb5ca->7d686585-d831-45bc-93fc-0a553b604b0e#7872-t1, previous=(t:1, i:7813), leaderCommit=7812, initializing? false, entries: <empty>
2019-07-08 23:05:40,172 WARN  server.GrpcLogAppender (GrpcLogAppender.java:timeoutAppendRequest(200)) - GrpcLogAppender(4ee04582-2825-4055-a051-0465d62eb5ca->97f5b9f0-d9ef-40b5-ba79-7414923e623f): appendEntries Timeout, request=4ee04582-2825-4055-a051-0465d62eb5ca->97f5b9f0-d9ef-40b5-ba79-7414923e623f#7873-t1, previous=(t:1, i:7813), leaderCommit=7812, initializing? false, entries: <empty>
2019-07-08 23:05:40,172 WARN  server.GrpcLogAppender (GrpcLogAppender.java:timeoutAppendRequest(200)) - GrpcLogAppender(4ee04582-2825-4055-a051-0465d62eb5ca->7d686585-d831-45bc-93fc-0a553b604b0e): appendEntries Timeout, request=4ee04582-2825-4055-a051-0465d62eb5ca->7d686585-d831-45bc-93fc-0a553b604b0e#7873-t1, previous=(t:1, i:7813), leaderCommit=7812, initializing? false, entries: <empty>
 0.00% |█                                                                                                    |  0/1 Time: 0:00:492019-07-08 23:05:40,647 WARN  server.GrpcLogAppender (GrpcLogAppender.java:onNextImpl(250)) - org.apache.ratis.grpc.server.GrpcLogAppender$AppendLogResponseHandler@19131b6a: Request not found, ignoring reply: 4ee04582-2825-4055-a051-0465d62eb5ca<-7d686585-d831-45bc-93fc-0a553b604b0e#7871:OK,SUCCESS,nextIndex:7814,term:1,followerCommit:7812
2019-07-08 23:05:40,647 WARN  server.GrpcLogAppender (GrpcLogAppender.java:onNextImpl(250)) - org.apache.ratis.grpc.server.GrpcLogAppender$AppendLogResponseHandler@19131b6a: Request not found, ignoring reply: 4ee04582-2825-4055-a051-0465d62eb5ca<-7d686585-d831-45bc-93fc-0a553b604b0e#7872:OK,SUCCESS,nextIndex:7814,term:1,followerCommit:7812
2019-07-08 23:05:40,647 WARN  server.GrpcLogAppender (GrpcLogAppender.java:onNextImpl(250)) - org.apache.ratis.grpc.server.GrpcLogAppender$AppendLogResponseHandler@19131b6a: Request not found, ignoring reply: 4ee04582-2825-4055-a051-0465d62eb5ca<-7d686585-d831-45bc-93fc-0a553b604b0e#7873:OK,SUCCESS,nextIndex:7814,term:1,followerCommit:7812
2019-07-08 23:05:40,648 WARN  server.GrpcLogAppender (GrpcLogAppender.java:onNextImpl(250)) - org.apache.ratis.grpc.server.GrpcLogAppender$AppendLogResponseHandler@176df025: Request not found, ignoring reply: 4ee04582-2825-4055-a051-0465d62eb5ca<-97f5b9f0-d9ef-40b5-ba79-7414923e623f#7871:OK,SUCCESS,nextIndex:7814,term:1,followerCommit:7812
2019-07-08 23:05:40,649 WARN  server.GrpcLogAppender (GrpcLogAppender.java:onNextImpl(250)) - org.apache.ratis.grpc.server.GrpcLogAppender$AppendLogResponseHandler@176df025: Request not found, ignoring reply: 4ee04582-2825-4055-a051-0465d62eb5ca<-97f5b9f0-d9ef-40b5-ba79-7414923e623f#7872:OK,SUCCESS,nextIndex:7814,term:1,followerCommit:7812
2019-07-08 23:05:40,649 WARN  server.GrpcLogAppender (GrpcLogAppender.java:onNextImpl(250)) - org.apache.ratis.grpc.server.GrpcLogAppender$AppendLogResponseHandler@176df025: Request not found, ignoring reply: 4ee04582-2825-4055-a051-0465d62eb5ca<-97f5b9f0-d9ef-40b5-ba79-7414923e623f#7873:OK,SUCCESS,nextIndex:7814,term:1,followerCommit:7812
2019-07-08 23:05:40,654 INFO  client.GrpcClientProtocolClient (GrpcClientProtocolClient.java:onNext(255)) - client-CEF4D3493DC0->4ee04582-2825-4055-a051-0465d62eb5ca: receive RaftClientReply:client-CEF4D3493DC0->4ee04582-2825-4055-a051-0465d62eb5ca@group-78E0FE5F723E, cid=5055, SUCCESS, logIndex=0, commits[4ee04582-2825-4055-a051-0465d62eb5ca:c7813, 97f5b9f0-d9ef-40b5-ba79-7414923e623f:c7812, 7d686585-d831-45bc-93fc-0a553b604b0e:c7812]
2019-07-08 23:05:40,904 INFO  client.GrpcClientProtocolClient (GrpcClientProtocolClient.java:onNext(255)) - client-CEF4D3493DC0->4ee04582-2825-4055-a051-0465d62eb5ca: receive RaftClientReply:client-CEF4D3493DC0->4ee04582-2825-4055-a051-0465d62eb5ca@group-78E0FE5F723E, cid=5055, SUCCESS, logIndex=0, commits[4ee04582-2825-4055-a051-0465d62eb5ca:c7813, 97f5b9f0-d9ef-40b5-ba79-7414923e623f:c7812, 7d686585-d831-45bc-93fc-0a553b604b0e:c7812]
 0.00% |█                                                                                                    |  0/1 Time: 0:00:502019-07-08 23:05:41,545 INFO  client.GrpcClientProtocolClient (GrpcClientProtocolClient.java:onNext(255)) - client-C420A9F1B2CA->4ee04582-2825-4055-a051-0465d62eb5ca: receive RaftClientReply:client-C420A9F1B2CA->4ee04582-2825-4055-a051-0465d62eb5ca@group-78E0FE5F723E, cid=5056, SUCCESS, logIndex=7814, commits[4ee04582-2825-4055-a051-0465d62eb5ca:c7814, 97f5b9f0-d9ef-40b5-ba79-7414923e623f:c7813, 7d686585-d831-45bc-93fc-0a553b604b0e:c7813]
 0.00% |█                                                                                                    |  0/1 Time: 0:00:51 0.00% |█                                                                                                    |  0/1 Time: 0:00:52 0.00% |█                                                                                                    |  0/1 Time: 0:00:532019-07-08 23:05:44,428 INFO  client.GrpcClientProtocolClient (GrpcClientProtocolClient.java:onNext(255)) - client-C420A9F1B2CA->4ee04582-2825-4055-a051-0465d62eb5ca: receive RaftClientReply:client-C420A9F1B2CA->4ee04582-2825-4055-a051-0465d62eb5ca@group-78E0FE5F723E, cid=5057, SUCCESS, logIndex=7816, commits[4ee04582-2825-4055-a051-0465d62eb5ca:c7817, 97f5b9f0-d9ef-40b5-ba79-7414923e623f:c7814, 7d686585-d831-45bc-93fc-0a553b604b0e:c7814]
2019-07-08 23:05:44,429 INFO  client.GrpcClientProtocolClient (GrpcClientProtocolClient.java:onNext(255)) - client-C420A9F1B2CA->4ee04582-2825-4055-a051-0465d62eb5ca: receive RaftClientReply:client-C420A9F1B2CA->4ee04582-2825-4055-a051-0465d62eb5ca@group-78E0FE5F723E, cid=5058, SUCCESS, logIndex=7817, commits[4ee04582-2825-4055-a051-0465d62eb5ca:c7818, 97f5b9f0-d9ef-40b5-ba79-7414923e623f:c7814, 7d686585-d831-45bc-93fc-0a553b604b0e:c7814]
2019-07-08 23:05:44,429 INFO  client.GrpcClientProtocolClient (GrpcClientProtocolClient.java:onNext(255)) - client-C420A9F1B2CA->4ee04582-2825-4055-a051-0465d62eb5ca: receive RaftClientReply:client-C420A9F1B2CA->4ee04582-2825-4055-a051-0465d62eb5ca@group-78E0FE5F723E, cid=5059, SUCCESS, logIndex=7818, commits[4ee04582-2825-4055-a051-0465d62eb5ca:c7818, 97f5b9f0-d9ef-40b5-ba79-7414923e623f:c7814, 7d686585-d831-45bc-93fc-0a553b604b0e:c7814]
 0.00% |█                                                                                                    |  0/1 Time: 0:00:54 0.00% |█                                                                                                    |  0/1 Time: 0:00:55 0.00% |█                                                                                                    |  0/1 Time: 0:00:562019-07-08 23:05:47,424 WARN  server.GrpcLogAppender (GrpcLogAppender.java:timeoutAppendRequest(200)) - GrpcLogAppender(4ee04582-2825-4055-a051-0465d62eb5ca->97f5b9f0-d9ef-40b5-ba79-7414923e623f): appendEntries Timeout, request=4ee04582-2825-4055-a051-0465d62eb5ca->97f5b9f0-d9ef-40b5-ba79-7414923e623f#7891-t1, previous=(t:1, i:7818), leaderCommit=7816, initializing? false, entries: size=1, first=(t:1, i:7819), METADATAENTRY(c7816)
2019-07-08 23:05:47,424 WARN  server.GrpcLogAppender (GrpcLogAppender.java:timeoutAppendRequest(200)) - GrpcLogAppender(4ee04582-2825-4055-a051-0465d62eb5ca->7d686585-d831-45bc-93fc-0a553b604b0e): appendEntries Timeout, request=4ee04582-2825-4055-a051-0465d62eb5ca->7d686585-d831-45bc-93fc-0a553b604b0e#7891-t1, previous=(t:1, i:7818), leaderCommit=7816, initializing? false, entries: size=1, first=(t:1, i:7819), METADATAENTRY(c7816)
2019-07-08 23:05:47,425 WARN  server.GrpcLogAppender (GrpcLogAppender.java:timeoutAppendRequest(200)) - GrpcLogAppender(4ee04582-2825-4055-a051-0465d62eb5ca->97f5b9f0-d9ef-40b5-ba79-7414923e623f): appendEntries Timeout, request=4ee04582-2825-4055-a051-0465d62eb5ca->97f5b9f0-d9ef-40b5-ba79-7414923e623f#7892-t1, previous=(t:1, i:7819), leaderCommit=7817, initializing? false, entries: size=1, first=(t:1, i:7820), METADATAENTRY(c7817)
2019-07-08 23:05:47,425 WARN  server.GrpcLogAppender (GrpcLogAppender.java:timeoutAppendRequest(200)) - GrpcLogAppender(4ee04582-2825-4055-a051-0465d62eb5ca->7d686585-d831-45bc-93fc-0a553b604b0e): appendEntries Timeout, request=4ee04582-2825-4055-a051-0465d62eb5ca->7d686585-d831-45bc-93fc-0a553b604b0e#7892-t1, previous=(t:1, i:7819), leaderCommit=7817, initializing? false, entries: size=1, first=(t:1, i:7820), METADATAENTRY(c7817)
2019-07-08 23:05:47,425 WARN  server.GrpcLogAppender (GrpcLogAppender.java:timeoutAppendRequest(200)) - GrpcLogAppender(4ee04582-2825-4055-a051-0465d62eb5ca->97f5b9f0-d9ef-40b5-ba79-7414923e623f): appendEntries Timeout, request=4ee04582-2825-4055-a051-0465d62eb5ca->97f5b9f0-d9ef-40b5-ba79-7414923e623f#7893-t1, previous=(t:1, i:7820), leaderCommit=7818, initializing? false, entries: size=1, first=(t:1, i:7821), METADATAENTRY(c7818)
2019-07-08 23:05:47,425 WARN  server.GrpcLogAppender (GrpcLogAppender.java:timeoutAppendRequest(200)) - GrpcLogAppender(4ee04582-2825-4055-a051-0465d62eb5ca->7d686585-d831-45bc-93fc-0a553b604b0e): appendEntries Timeout, request=4ee04582-2825-4055-a051-0465d62eb5ca->7d686585-d831-45bc-93fc-0a553b604b0e#7893-t1, previous=(t:1, i:7820), leaderCommit=7818, initializing? false, entries: size=1, first=(t:1, i:7821), METADATAENTRY(c7818)
2019-07-08 23:05:47,860 WARN  server.GrpcLogAppender (GrpcLogAppender.java:onNextImpl(250)) - org.apache.ratis.grpc.server.GrpcLogAppender$AppendLogResponseHandler@176df025: Request not found, ignoring reply: 4ee04582-2825-4055-a051-0465d62eb5ca<-97f5b9f0-d9ef-40b5-ba79-7414923e623f#7891:OK,SUCCESS,nextIndex:7820,term:1,followerCommit:7818
2019-07-08 23:05:47,860 WARN  server.GrpcLogAppender (GrpcLogAppender.java:onNextImpl(250)) - org.apache.ratis.grpc.server.GrpcLogAppender$AppendLogResponseHandler@19131b6a: Request not found, ignoring reply: 4ee04582-2825-4055-a051-0465d62eb5ca<-7d686585-d831-45bc-93fc-0a553b604b0e#7891:OK,SUCCESS,nextIndex:7820,term:1,followerCommit:7818
2019-07-08 23:05:47,928 WARN  server.GrpcLogAppender (GrpcLogAppender.java:timeoutAppendRequest(200)) - GrpcLogAppender(4ee04582-2825-4055-a051-0465d62eb5ca->7d686585-d831-45bc-93fc-0a553b604b0e): appendEntries Timeout, request=4ee04582-2825-4055-a051-0465d62eb5ca->7d686585-d831-45bc-93fc-0a553b604b0e#7894-t1, previous=(t:1, i:7821), leaderCommit=7818, initializing? false, entries: <empty>
2019-07-08 23:05:47,929 WARN  server.GrpcLogAppender (GrpcLogAppender.java:timeoutAppendRequest(200)) - GrpcLogAppender(4ee04582-2825-4055-a051-0465d62eb5ca->97f5b9f0-d9ef-40b5-ba79-7414923e623f): appendEntries Timeout, request=4ee04582-2825-4055-a051-0465d62eb5ca->97f5b9f0-d9ef-40b5-ba79-7414923e623f#7894-t1, previous=(t:1, i:7821), leaderCommit=7818, initializing? false, entries: <empty>
 0.00% |█                                                                                                    |  0/1 Time: 0:00:572019-07-08 23:05:48,431 WARN  server.GrpcLogAppender (GrpcLogAppender.java:timeoutAppendRequest(200)) - GrpcLogAppender(4ee04582-2825-4055-a051-0465d62eb5ca->7d686585-d831-45bc-93fc-0a553b604b0e): appendEntries Timeout, request=4ee04582-2825-4055-a051-0465d62eb5ca->7d686585-d831-45bc-93fc-0a553b604b0e#7895-t1, previous=(t:1, i:7821), leaderCommit=7818, initializing? false, entries: <empty>
2019-07-08 23:05:48,431 WARN  server.GrpcLogAppender (GrpcLogAppender.java:timeoutAppendRequest(200)) - GrpcLogAppender(4ee04582-2825-4055-a051-0465d62eb5ca->97f5b9f0-d9ef-40b5-ba79-7414923e623f): appendEntries Timeout, request=4ee04582-2825-4055-a051-0465d62eb5ca->97f5b9f0-d9ef-40b5-ba79-7414923e623f#7895-t1, previous=(t:1, i:7821), leaderCommit=7818, initializing? false, entries: <empty>
2019-07-08 23:05:48,931 WARN  server.GrpcLogAppender (GrpcLogAppender.java:timeoutAppendRequest(200)) - GrpcLogAppender(4ee04582-2825-4055-a051-0465d62eb5ca->7d686585-d831-45bc-93fc-0a553b604b0e): appendEntries Timeout, request=4ee04582-2825-4055-a051-0465d62eb5ca->7d686585-d831-45bc-93fc-0a553b604b0e#7896-t1, previous=(t:1, i:7821), leaderCommit=7818, initializing? false, entries: <empty>
2019-07-08 23:05:48,931 WARN  server.GrpcLogAppender (GrpcLogAppender.java:timeoutAppendRequest(200)) - GrpcLogAppender(4ee04582-2825-4055-a051-0465d62eb5ca->97f5b9f0-d9ef-40b5-ba79-7414923e623f): appendEntries Timeout, request=4ee04582-2825-4055-a051-0465d62eb5ca->97f5b9f0-d9ef-40b5-ba79-7414923e623f#7896-t1, previous=(t:1, i:7821), leaderCommit=7818, initializing? false, entries: <empty>
 0.00% |█                                                                                                    |  0/1 Time: 0:00:582019-07-08 23:05:49,434 WARN  scm.XceiverClientRatis (XceiverClientRatis.java:watchForCommit(262)) - 3 way commit failed 
java.util.concurrent.TimeoutException
	at java.util.concurrent.CompletableFuture.timedGet(CompletableFuture.java:1771)
	at java.util.concurrent.CompletableFuture.get(CompletableFuture.java:1915)
	at org.apache.hadoop.hdds.scm.XceiverClientRatis.watchForCommit(XceiverClientRatis.java:259)
	at org.apache.hadoop.hdds.scm.storage.CommitWatcher.watchForCommit(CommitWatcher.java:194)
	at org.apache.hadoop.hdds.scm.storage.CommitWatcher.watchOnFirstIndex(CommitWatcher.java:135)
	at org.apache.hadoop.hdds.scm.storage.BlockOutputStream.watchForCommit(BlockOutputStream.java:355)
	at org.apache.hadoop.hdds.scm.storage.BlockOutputStream.handleFullBuffer(BlockOutputStream.java:332)
	at org.apache.hadoop.hdds.scm.storage.BlockOutputStream.write(BlockOutputStream.java:259)
	at org.apache.hadoop.ozone.client.io.BlockOutputStreamEntry.write(BlockOutputStreamEntry.java:129)
	at org.apache.hadoop.ozone.client.io.KeyOutputStream.handleWrite(KeyOutputStream.java:211)
	at org.apache.hadoop.ozone.client.io.KeyOutputStream.write(KeyOutputStream.java:193)
	at org.apache.hadoop.ozone.client.io.OzoneOutputStream.write(OzoneOutputStream.java:49)
	at org.apache.hadoop.ozone.freon.RandomKeyGenerator$KeyProcessor.run(RandomKeyGenerator.java:693)
	at java.util.concurrent.Executors$RunnableAdapter.call(Executors.java:511)
	at java.util.concurrent.FutureTask.run(FutureTask.java:266)
	at java.util.concurrent.ThreadPoolExecutor.runWorker(ThreadPoolExecutor.java:1149)
	at java.util.concurrent.ThreadPoolExecutor$Worker.run(ThreadPoolExecutor.java:624)
	at java.lang.Thread.run(Thread.java:748)
2019-07-08 23:05:49,437 WARN  server.GrpcLogAppender (GrpcLogAppender.java:timeoutAppendRequest(200)) - GrpcLogAppender(4ee04582-2825-4055-a051-0465d62eb5ca->7d686585-d831-45bc-93fc-0a553b604b0e): appendEntries Timeout, request=4ee04582-2825-4055-a051-0465d62eb5ca->7d686585-d831-45bc-93fc-0a553b604b0e#7897-t1, previous=(t:1, i:7821), leaderCommit=7818, initializing? false, entries: <empty>
2019-07-08 23:05:49,437 WARN  server.GrpcLogAppender (GrpcLogAppender.java:timeoutAppendRequest(200)) - GrpcLogAppender(4ee04582-2825-4055-a051-0465d62eb5ca->97f5b9f0-d9ef-40b5-ba79-7414923e623f): appendEntries Timeout, request=4ee04582-2825-4055-a051-0465d62eb5ca->97f5b9f0-d9ef-40b5-ba79-7414923e623f#7897-t1, previous=(t:1, i:7821), leaderCommit=7818, initializing? false, entries: <empty>
2019-07-08 23:05:49,937 WARN  server.GrpcLogAppender (GrpcLogAppender.java:timeoutAppendRequest(200)) - GrpcLogAppender(4ee04582-2825-4055-a051-0465d62eb5ca->7d686585-d831-45bc-93fc-0a553b604b0e): appendEntries Timeout, request=4ee04582-2825-4055-a051-0465d62eb5ca->7d686585-d831-45bc-93fc-0a553b604b0e#7898-t1, previous=(t:1, i:7821), leaderCommit=7818, initializing? false, entries: <empty>
2019-07-08 23:05:49,937 WARN  server.GrpcLogAppender (GrpcLogAppender.java:timeoutAppendRequest(200)) - GrpcLogAppender(4ee04582-2825-4055-a051-0465d62eb5ca->97f5b9f0-d9ef-40b5-ba79-7414923e623f): appendEntries Timeout, request=4ee04582-2825-4055-a051-0465d62eb5ca->97f5b9f0-d9ef-40b5-ba79-7414923e623f#7898-t1, previous=(t:1, i:7821), leaderCommit=7818, initializing? false, entries: <empty>
 0.00% |█                                                                                                    |  0/1 Time: 0:00:592019-07-08 23:05:50,437 WARN  server.GrpcLogAppender (GrpcLogAppender.java:timeoutAppendRequest(200)) - GrpcLogAppender(4ee04582-2825-4055-a051-0465d62eb5ca->97f5b9f0-d9ef-40b5-ba79-7414923e623f): appendEntries Timeout, request=4ee04582-2825-4055-a051-0465d62eb5ca->97f5b9f0-d9ef-40b5-ba79-7414923e623f#7899-t1, previous=(t:1, i:7821), leaderCommit=7818, initializing? false, entries: <empty>
2019-07-08 23:05:50,437 WARN  server.GrpcLogAppender (GrpcLogAppender.java:timeoutAppendRequest(200)) - GrpcLogAppender(4ee04582-2825-4055-a051-0465d62eb5ca->7d686585-d831-45bc-93fc-0a553b604b0e): appendEntries Timeout, request=4ee04582-2825-4055-a051-0465d62eb5ca->7d686585-d831-45bc-93fc-0a553b604b0e#7899-t1, previous=(t:1, i:7821), leaderCommit=7818, initializing? false, entries: <empty>
 0.00% |█                                                                                                    |  0/1 Time: 0:01:002019-07-08 23:05:51,361 WARN  server.GrpcLogAppender (GrpcLogAppender.java:timeoutAppendRequest(200)) - GrpcLogAppender(4ee04582-2825-4055-a051-0465d62eb5ca->97f5b9f0-d9ef-40b5-ba79-7414923e623f): appendEntries Timeout, request=4ee04582-2825-4055-a051-0465d62eb5ca->97f5b9f0-d9ef-40b5-ba79-7414923e623f#7900-t1, previous=(t:1, i:7821), leaderCommit=7818, initializing? false, entries: <empty>
2019-07-08 23:05:51,361 WARN  server.GrpcLogAppender (GrpcLogAppender.java:timeoutAppendRequest(200)) - GrpcLogAppender(4ee04582-2825-4055-a051-0465d62eb5ca->7d686585-d831-45bc-93fc-0a553b604b0e): appendEntries Timeout, request=4ee04582-2825-4055-a051-0465d62eb5ca->7d686585-d831-45bc-93fc-0a553b604b0e#7900-t1, previous=(t:1, i:7821), leaderCommit=7818, initializing? false, entries: <empty>
2019-07-08 23:05:51,796 WARN  server.GrpcLogAppender (GrpcLogAppender.java:onNextImpl(250)) - org.apache.ratis.grpc.server.GrpcLogAppender$AppendLogResponseHandler@176df025: Request not found, ignoring reply: 4ee04582-2825-4055-a051-0465d62eb5ca<-97f5b9f0-d9ef-40b5-ba79-7414923e623f#7892:OK,SUCCESS,nextIndex:7821,term:1,followerCommit:7818
2019-07-08 23:05:51,796 WARN  server.GrpcLogAppender (GrpcLogAppender.java:onNextImpl(250)) - org.apache.ratis.grpc.server.GrpcLogAppender$AppendLogResponseHandler@19131b6a: Request not found, ignoring reply: 4ee04582-2825-4055-a051-0465d62eb5ca<-7d686585-d831-45bc-93fc-0a553b604b0e#7892:OK,SUCCESS,nextIndex:7821,term:1,followerCommit:7818
2019-07-08 23:05:51,798 WARN  server.GrpcLogAppender (GrpcLogAppender.java:onNextImpl(250)) - org.apache.ratis.grpc.server.GrpcLogAppender$AppendLogResponseHandler@19131b6a: Request not found, ignoring reply: 4ee04582-2825-4055-a051-0465d62eb5ca<-7d686585-d831-45bc-93fc-0a553b604b0e#7893:OK,SUCCESS,nextIndex:7822,term:1,followerCommit:7818
2019-07-08 23:05:51,798 WARN  server.GrpcLogAppender (GrpcLogAppender.java:onNextImpl(250)) - org.apache.ratis.grpc.server.GrpcLogAppender$AppendLogResponseHandler@19131b6a: Request not found, ignoring reply: 4ee04582-2825-4055-a051-0465d62eb5ca<-7d686585-d831-45bc-93fc-0a553b604b0e#7894:OK,SUCCESS,nextIndex:7822,term:1,followerCommit:7818
2019-07-08 23:05:51,798 WARN  server.GrpcLogAppender (GrpcLogAppender.java:onNextImpl(250)) - org.apache.ratis.grpc.server.GrpcLogAppender$AppendLogResponseHandler@19131b6a: Request not found, ignoring reply: 4ee04582-2825-4055-a051-0465d62eb5ca<-7d686585-d831-45bc-93fc-0a553b604b0e#7895:OK,SUCCESS,nextIndex:7822,term:1,followerCommit:7818
2019-07-08 23:05:51,799 WARN  server.GrpcLogAppender (GrpcLogAppender.java:onNextImpl(250)) - org.apache.ratis.grpc.server.GrpcLogAppender$AppendLogResponseHandler@19131b6a: Request not found, ignoring reply: 4ee04582-2825-4055-a051-0465d62eb5ca<-7d686585-d831-45bc-93fc-0a553b604b0e#7896:OK,SUCCESS,nextIndex:7822,term:1,followerCommit:7818
2019-07-08 23:05:51,799 WARN  server.GrpcLogAppender (GrpcLogAppender.java:onNextImpl(250)) - org.apache.ratis.grpc.server.GrpcLogAppender$AppendLogResponseHandler@19131b6a: Request not found, ignoring reply: 4ee04582-2825-4055-a051-0465d62eb5ca<-7d686585-d831-45bc-93fc-0a553b604b0e#7897:OK,SUCCESS,nextIndex:7822,term:1,followerCommit:7818
2019-07-08 23:05:51,799 WARN  server.GrpcLogAppender (GrpcLogAppender.java:onNextImpl(250)) - org.apache.ratis.grpc.server.GrpcLogAppender$AppendLogResponseHandler@19131b6a: Request not found, ignoring reply: 4ee04582-2825-4055-a051-0465d62eb5ca<-7d686585-d831-45bc-93fc-0a553b604b0e#7898:OK,SUCCESS,nextIndex:7822,term:1,followerCommit:7818
2019-07-08 23:05:51,800 WARN  server.GrpcLogAppender (GrpcLogAppender.java:onNextImpl(250)) - org.apache.ratis.grpc.server.GrpcLogAppender$AppendLogResponseHandler@19131b6a: Request not found, ignoring reply: 4ee04582-2825-4055-a051-0465d62eb5ca<-7d686585-d831-45bc-93fc-0a553b604b0e#7899:OK,SUCCESS,nextIndex:7822,term:1,followerCommit:7818
2019-07-08 23:05:51,800 WARN  server.GrpcLogAppender (GrpcLogAppender.java:onNextImpl(250)) - org.apache.ratis.grpc.server.GrpcLogAppender$AppendLogResponseHandler@19131b6a: Request not found, ignoring reply: 4ee04582-2825-4055-a051-0465d62eb5ca<-7d686585-d831-45bc-93fc-0a553b604b0e#7900:OK,SUCCESS,nextIndex:7822,term:1,followerCommit:7818
2019-07-08 23:05:51,801 WARN  server.GrpcLogAppender (GrpcLogAppender.java:onNextImpl(250)) - org.apache.ratis.grpc.server.GrpcLogAppender$AppendLogResponseHandler@176df025: Request not found, ignoring reply: 4ee04582-2825-4055-a051-0465d62eb5ca<-97f5b9f0-d9ef-40b5-ba79-7414923e623f#7893:OK,SUCCESS,nextIndex:7822,term:1,followerCommit:7818
2019-07-08 23:05:51,802 WARN  server.GrpcLogAppender (GrpcLogAppender.java:onNextImpl(250)) - org.apache.ratis.grpc.server.GrpcLogAppender$AppendLogResponseHandler@176df025: Request not found, ignoring reply: 4ee04582-2825-4055-a051-0465d62eb5ca<-97f5b9f0-d9ef-40b5-ba79-7414923e623f#7894:OK,SUCCESS,nextIndex:7822,term:1,followerCommit:7818
2019-07-08 23:05:51,802 WARN  server.GrpcLogAppender (GrpcLogAppender.java:onNextImpl(250)) - org.apache.ratis.grpc.server.GrpcLogAppender$AppendLogResponseHandler@176df025: Request not found, ignoring reply: 4ee04582-2825-4055-a051-0465d62eb5ca<-97f5b9f0-d9ef-40b5-ba79-7414923e623f#7895:OK,SUCCESS,nextIndex:7822,term:1,followerCommit:7818
2019-07-08 23:05:51,802 WARN  server.GrpcLogAppender (GrpcLogAppender.java:onNextImpl(250)) - org.apache.ratis.grpc.server.GrpcLogAppender$AppendLogResponseHandler@176df025: Request not found, ignoring reply: 4ee04582-2825-4055-a051-0465d62eb5ca<-97f5b9f0-d9ef-40b5-ba79-7414923e623f#7896:OK,SUCCESS,nextIndex:7822,term:1,followerCommit:7818
2019-07-08 23:05:51,802 WARN  server.GrpcLogAppender (GrpcLogAppender.java:onNextImpl(250)) - org.apache.ratis.grpc.server.GrpcLogAppender$AppendLogResponseHandler@176df025: Request not found, ignoring reply: 4ee04582-2825-4055-a051-0465d62eb5ca<-97f5b9f0-d9ef-40b5-ba79-7414923e623f#7897:OK,SUCCESS,nextIndex:7822,term:1,followerCommit:7818
2019-07-08 23:05:51,803 WARN  server.GrpcLogAppender (GrpcLogAppender.java:onNextImpl(250)) - org.apache.ratis.grpc.server.GrpcLogAppender$AppendLogResponseHandler@176df025: Request not found, ignoring reply: 4ee04582-2825-4055-a051-0465d62eb5ca<-97f5b9f0-d9ef-40b5-ba79-7414923e623f#7898:OK,SUCCESS,nextIndex:7822,term:1,followerCommit:7818
2019-07-08 23:05:51,803 WARN  server.GrpcLogAppender (GrpcLogAppender.java:onNextImpl(250)) - org.apache.ratis.grpc.server.GrpcLogAppender$AppendLogResponseHandler@176df025: Request not found, ignoring reply: 4ee04582-2825-4055-a051-0465d62eb5ca<-97f5b9f0-d9ef-40b5-ba79-7414923e623f#7899:OK,SUCCESS,nextIndex:7822,term:1,followerCommit:7818
2019-07-08 23:05:51,803 WARN  server.GrpcLogAppender (GrpcLogAppender.java:onNextImpl(250)) - org.apache.ratis.grpc.server.GrpcLogAppender$AppendLogResponseHandler@176df025: Request not found, ignoring reply: 4ee04582-2825-4055-a051-0465d62eb5ca<-97f5b9f0-d9ef-40b5-ba79-7414923e623f#7900:OK,SUCCESS,nextIndex:7822,term:1,followerCommit:7818
2019-07-08 23:05:51,805 INFO  client.GrpcClientProtocolClient (GrpcClientProtocolClient.java:onNext(255)) - client-C420A9F1B2CA->4ee04582-2825-4055-a051-0465d62eb5ca: receive RaftClientReply:client-C420A9F1B2CA->4ee04582-2825-4055-a051-0465d62eb5ca@group-78E0FE5F723E, cid=5061, SUCCESS, logIndex=0, commits[4ee04582-2825-4055-a051-0465d62eb5ca:c7818, 97f5b9f0-d9ef-40b5-ba79-7414923e623f:c7814, 7d686585-d831-45bc-93fc-0a553b604b0e:c7818]
2019-07-08 23:05:51,805 INFO  client.GrpcClientProtocolClient (GrpcClientProtocolClient.java:onNext(255)) - client-C420A9F1B2CA->4ee04582-2825-4055-a051-0465d62eb5ca: receive RaftClientReply:client-C420A9F1B2CA->4ee04582-2825-4055-a051-0465d62eb5ca@group-78E0FE5F723E, cid=5060, SUCCESS, logIndex=0, commits[4ee04582-2825-4055-a051-0465d62eb5ca:c7821, 97f5b9f0-d9ef-40b5-ba79-7414923e623f:c7818, 7d686585-d831-45bc-93fc-0a553b604b0e:c7818]
2019-07-08 23:05:51,806 INFO  client.GrpcClientProtocolClient (GrpcClientProtocolClient.java:onNext(255)) - client-C420A9F1B2CA->4ee04582-2825-4055-a051-0465d62eb5ca: receive RaftClientReply:client-C420A9F1B2CA->4ee04582-2825-4055-a051-0465d62eb5ca@group-78E0FE5F723E, cid=5060, SUCCESS, logIndex=0, commits[4ee04582-2825-4055-a051-0465d62eb5ca:c7821, 97f5b9f0-d9ef-40b5-ba79-7414923e623f:c7818, 7d686585-d831-45bc-93fc-0a553b604b0e:c7818]
2019-07-08 23:05:51,809 INFO  scm.XceiverClientRatis (XceiverClientRatis.java:lambda$watchForCommit$7(280)) - Could not commit 7816 to all the nodes. Server 97f5b9f0-d9ef-40b5-ba79-7414923e623f has failed. Committed by majority.
2019-07-08 23:05:51,839 INFO  client.GrpcClientProtocolClient (GrpcClientProtocolClient.java:onNext(255)) - client-C420A9F1B2CA->4ee04582-2825-4055-a051-0465d62eb5ca: receive RaftClientReply:client-C420A9F1B2CA->4ee04582-2825-4055-a051-0465d62eb5ca@group-78E0FE5F723E, cid=5062, SUCCESS, logIndex=7822, commits[4ee04582-2825-4055-a051-0465d62eb5ca:c7823, 97f5b9f0-d9ef-40b5-ba79-7414923e623f:c7821, 7d686585-d831-45bc-93fc-0a553b604b0e:c7821]
2019-07-08 23:05:51,840 INFO  client.GrpcClientProtocolClient (GrpcClientProtocolClient.java:onNext(255)) - client-C420A9F1B2CA->4ee04582-2825-4055-a051-0465d62eb5ca: receive RaftClientReply:client-C420A9F1B2CA->4ee04582-2825-4055-a051-0465d62eb5ca@group-78E0FE5F723E, cid=5063, SUCCESS, logIndex=7823, commits[4ee04582-2825-4055-a051-0465d62eb5ca:c7823, 97f5b9f0-d9ef-40b5-ba79-7414923e623f:c7821, 7d686585-d831-45bc-93fc-0a553b604b0e:c7821]
2019-07-08 23:05:51,859 INFO  client.GrpcClientProtocolClient (GrpcClientProtocolClient.java:onNext(255)) - client-C420A9F1B2CA->4ee04582-2825-4055-a051-0465d62eb5ca: receive RaftClientReply:client-C420A9F1B2CA->4ee04582-2825-4055-a051-0465d62eb5ca@group-78E0FE5F723E, cid=5064, SUCCESS, logIndex=7826, commits[4ee04582-2825-4055-a051-0465d62eb5ca:c7826, 97f5b9f0-d9ef-40b5-ba79-7414923e623f:c7823, 7d686585-d831-45bc-93fc-0a553b604b0e:c7823]
2019-07-08 23:05:51,860 INFO  client.GrpcClientProtocolClient (GrpcClientProtocolClient.java:onNext(255)) - client-C420A9F1B2CA->4ee04582-2825-4055-a051-0465d62eb5ca: receive RaftClientReply:client-C420A9F1B2CA->4ee04582-2825-4055-a051-0465d62eb5ca@group-78E0FE5F723E, cid=5065, SUCCESS, logIndex=7827, commits[4ee04582-2825-4055-a051-0465d62eb5ca:c7827, 97f5b9f0-d9ef-40b5-ba79-7414923e623f:c7823, 7d686585-d831-45bc-93fc-0a553b604b0e:c7823]
2019-07-08 23:05:51,872 INFO  client.GrpcClientProtocolClient (GrpcClientProtocolClient.java:onNext(255)) - client-C420A9F1B2CA->4ee04582-2825-4055-a051-0465d62eb5ca: receive RaftClientReply:client-C420A9F1B2CA->4ee04582-2825-4055-a051-0465d62eb5ca@group-78E0FE5F723E, cid=5066, SUCCESS, logIndex=0, commits[4ee04582-2825-4055-a051-0465d62eb5ca:c7829, 97f5b9f0-d9ef-40b5-ba79-7414923e623f:c7827, 7d686585-d831-45bc-93fc-0a553b604b0e:c7827]
2019-07-08 23:05:51,906 WARN  block.BlockManagerImpl (BlockManagerImpl.java:allocateBlock(192)) - Pipeline creation failed for type:RATIS factor:THREE. Retrying get pipelines call once.
org.apache.hadoop.hdds.scm.pipeline.InsufficientDatanodesException: Cannot create pipeline of factor 3 using 2 nodes.
	at org.apache.hadoop.hdds.scm.pipeline.RatisPipelineProvider.create(RatisPipelineProvider.java:151)
	at org.apache.hadoop.hdds.scm.pipeline.PipelineFactory.create(PipelineFactory.java:57)
	at org.apache.hadoop.hdds.scm.pipeline.SCMPipelineManager.createPipeline(SCMPipelineManager.java:149)
	at org.apache.hadoop.hdds.scm.block.BlockManagerImpl.allocateBlock(BlockManagerImpl.java:190)
	at org.apache.hadoop.hdds.scm.server.SCMBlockProtocolServer.allocateBlock(SCMBlockProtocolServer.java:172)
	at org.apache.hadoop.ozone.protocolPB.ScmBlockLocationProtocolServerSideTranslatorPB.allocateScmBlock(ScmBlockLocationProtocolServerSideTranslatorPB.java:144)
	at org.apache.hadoop.ozone.protocolPB.ScmBlockLocationProtocolServerSideTranslatorPB.send(ScmBlockLocationProtocolServerSideTranslatorPB.java:107)
	at org.apache.hadoop.hdds.protocol.proto.ScmBlockLocationProtocolProtos$ScmBlockLocationProtocolService$2.callBlockingMethod(ScmBlockLocationProtocolProtos.java:11281)
	at org.apache.hadoop.ipc.ProtobufRpcEngine$Server$ProtoBufRpcInvoker.call(ProtobufRpcEngine.java:524)
	at org.apache.hadoop.ipc.RPC$Server.call(RPC.java:1025)
	at org.apache.hadoop.ipc.Server$RpcCall.run(Server.java:876)
	at org.apache.hadoop.ipc.Server$RpcCall.run(Server.java:822)
	at java.security.AccessController.doPrivileged(Native Method)
	at javax.security.auth.Subject.doAs(Subject.java:422)
	at org.apache.hadoop.security.UserGroupInformation.doAs(UserGroupInformation.java:1730)
	at org.apache.hadoop.ipc.Server$Handler.run(Server.java:2682)
2019-07-08 23:05:51,907 INFO  block.BlockManagerImpl (BlockManagerImpl.java:allocateBlock(198)) - Could not find available pipeline of type:RATIS and factor:THREE even after retrying
2019-07-08 23:05:51,907 ERROR block.BlockManagerImpl (BlockManagerImpl.java:allocateBlock(222)) - Unable to allocate a block for the size: 4194304, type: RATIS, factor: THREE
23:05:51.911 [IPC Server handler 1 on 33106] ERROR OMAudit - user=jenkins1000 | ip=127.0.0.1 | op=ALLOCATE_BLOCK {volume=vol-0-13779, bucket=bucket-0-47182, key=key-0-97551, dataSize=0, replicationType=null, replicationFactor=null, keyLocationInfo=null, clientID=102408329029091730} | ret=FAILURE
org.apache.hadoop.hdds.scm.exceptions.SCMException: Allocated 0 blocks. Requested 1 blocks
	at org.apache.hadoop.hdds.scm.protocolPB.ScmBlockLocationProtocolClientSideTranslatorPB.handleError(ScmBlockLocationProtocolClientSideTranslatorPB.java:113) ~[classes/:?]
	at org.apache.hadoop.hdds.scm.protocolPB.ScmBlockLocationProtocolClientSideTranslatorPB.allocateBlock(ScmBlockLocationProtocolClientSideTranslatorPB.java:151) ~[classes/:?]
	at sun.reflect.GeneratedMethodAccessor55.invoke(Unknown Source) ~[?:?]
	at sun.reflect.DelegatingMethodAccessorImpl.invoke(DelegatingMethodAccessorImpl.java:43) ~[?:1.8.0_212]
	at java.lang.reflect.Method.invoke(Method.java:498) ~[?:1.8.0_212]
	at org.apache.hadoop.hdds.tracing.TraceAllMethod.invoke(TraceAllMethod.java:66) ~[classes/:?]
	at com.sun.proxy.$Proxy27.allocateBlock(Unknown Source) ~[?:?]
	at org.apache.hadoop.ozone.om.KeyManagerImpl.allocateBlock(KeyManagerImpl.java:348) ~[classes/:?]
	at org.apache.hadoop.ozone.om.KeyManagerImpl.allocateBlock(KeyManagerImpl.java:316) ~[classes/:?]
	at org.apache.hadoop.ozone.om.OzoneManager.allocateBlock(OzoneManager.java:2291) [classes/:?]
	at org.apache.hadoop.ozone.protocolPB.OzoneManagerRequestHandler.allocateBlock(OzoneManagerRequestHandler.java:756) [classes/:?]
	at org.apache.hadoop.ozone.protocolPB.OzoneManagerRequestHandler.handle(OzoneManagerRequestHandler.java:249) [classes/:?]
	at org.apache.hadoop.ozone.protocolPB.OzoneManagerProtocolServerSideTranslatorPB.submitRequestDirectlyToOM(OzoneManagerProtocolServerSideTranslatorPB.java:192) [classes/:?]
	at org.apache.hadoop.ozone.protocolPB.OzoneManagerProtocolServerSideTranslatorPB.submitRequest(OzoneManagerProtocolServerSideTranslatorPB.java:110) [classes/:?]
	at org.apache.hadoop.ozone.protocol.proto.OzoneManagerProtocolProtos$OzoneManagerService$2.callBlockingMethod(OzoneManagerProtocolProtos.java) [classes/:?]
	at org.apache.hadoop.ipc.ProtobufRpcEngine$Server$ProtoBufRpcInvoker.call(ProtobufRpcEngine.java:524) [hadoop-common-3.2.0.jar:?]
	at org.apache.hadoop.ipc.RPC$Server.call(RPC.java:1025) [hadoop-common-3.2.0.jar:?]
	at org.apache.hadoop.ipc.Server$RpcCall.run(Server.java:876) [hadoop-common-3.2.0.jar:?]
	at org.apache.hadoop.ipc.Server$RpcCall.run(Server.java:822) [hadoop-common-3.2.0.jar:?]
	at java.security.AccessController.doPrivileged(Native Method) [?:1.8.0_212]
	at javax.security.auth.Subject.doAs(Subject.java:422) [?:1.8.0_212]
	at org.apache.hadoop.security.UserGroupInformation.doAs(UserGroupInformation.java:1730) [hadoop-common-3.2.0.jar:?]
	at org.apache.hadoop.ipc.Server$Handler.run(Server.java:2682) [hadoop-common-3.2.0.jar:?]
2019-07-08 23:05:51,936 ERROR io.BlockOutputStreamEntryPool (BlockOutputStreamEntryPool.java:allocateBlockIfNeeded(299)) - Try to allocate more blocks for write failed, already allocated 0 blocks for this write.
INTERNAL_ERROR org.apache.hadoop.ozone.om.exceptions.OMException: Allocated 0 blocks. Requested 1 blocks
	at org.apache.hadoop.ozone.om.protocolPB.OzoneManagerProtocolClientSideTranslatorPB.handleError(OzoneManagerProtocolClientSideTranslatorPB.java:720)
	at org.apache.hadoop.ozone.om.protocolPB.OzoneManagerProtocolClientSideTranslatorPB.allocateBlock(OzoneManagerProtocolClientSideTranslatorPB.java:752)
	at org.apache.hadoop.ozone.client.io.BlockOutputStreamEntryPool.allocateNewBlock(BlockOutputStreamEntryPool.java:248)
	at org.apache.hadoop.ozone.client.io.BlockOutputStreamEntryPool.allocateBlockIfNeeded(BlockOutputStreamEntryPool.java:296)
	at org.apache.hadoop.ozone.client.io.KeyOutputStream.handleWrite(KeyOutputStream.java:201)
	at org.apache.hadoop.ozone.client.io.KeyOutputStream.write(KeyOutputStream.java:193)
	at org.apache.hadoop.ozone.client.io.OzoneOutputStream.write(OzoneOutputStream.java:49)
	at org.apache.hadoop.ozone.freon.RandomKeyGenerator$KeyProcessor.run(RandomKeyGenerator.java:693)
	at java.util.concurrent.Executors$RunnableAdapter.call(Executors.java:511)
	at java.util.concurrent.FutureTask.run(FutureTask.java:266)
	at java.util.concurrent.ThreadPoolExecutor.runWorker(ThreadPoolExecutor.java:1149)
	at java.util.concurrent.ThreadPoolExecutor$Worker.run(ThreadPoolExecutor.java:624)
	at java.lang.Thread.run(Thread.java:748)
2019-07-08 23:05:51,937 ERROR freon.RandomKeyGenerator (RandomKeyGenerator.java:run(718)) - Exception while adding key: key-0-97551 in bucket: bucket-0-47182 of volume: vol-0-13779.
INTERNAL_ERROR org.apache.hadoop.ozone.om.exceptions.OMException: Allocated 0 blocks. Requested 1 blocks
	at org.apache.hadoop.ozone.om.protocolPB.OzoneManagerProtocolClientSideTranslatorPB.handleError(OzoneManagerProtocolClientSideTranslatorPB.java:720)
	at org.apache.hadoop.ozone.om.protocolPB.OzoneManagerProtocolClientSideTranslatorPB.allocateBlock(OzoneManagerProtocolClientSideTranslatorPB.java:752)
	at org.apache.hadoop.ozone.client.io.BlockOutputStreamEntryPool.allocateNewBlock(BlockOutputStreamEntryPool.java:248)
	at org.apache.hadoop.ozone.client.io.BlockOutputStreamEntryPool.allocateBlockIfNeeded(BlockOutputStreamEntryPool.java:296)
	at org.apache.hadoop.ozone.client.io.KeyOutputStream.handleWrite(KeyOutputStream.java:201)
	at org.apache.hadoop.ozone.client.io.KeyOutputStream.write(KeyOutputStream.java:193)
	at org.apache.hadoop.ozone.client.io.OzoneOutputStream.write(OzoneOutputStream.java:49)
	at org.apache.hadoop.ozone.freon.RandomKeyGenerator$KeyProcessor.run(RandomKeyGenerator.java:693)
	at java.util.concurrent.Executors$RunnableAdapter.call(Executors.java:511)
	at java.util.concurrent.FutureTask.run(FutureTask.java:266)
	at java.util.concurrent.ThreadPoolExecutor.runWorker(ThreadPoolExecutor.java:1149)
	at java.util.concurrent.ThreadPoolExecutor$Worker.run(ThreadPoolExecutor.java:624)
	at java.lang.Thread.run(Thread.java:748)
 0.00% |█                                                                                                    |  0/1 Time: 0:01:012019-07-08 23:05:52,447 INFO  client.GrpcClientProtocolClient (GrpcClientProtocolClient.java:onNext(255)) - client-C420A9F1B2CA->4ee04582-2825-4055-a051-0465d62eb5ca: receive RaftClientReply:client-C420A9F1B2CA->4ee04582-2825-4055-a051-0465d62eb5ca@group-78E0FE5F723E, cid=5060, SUCCESS, logIndex=0, commits[4ee04582-2825-4055-a051-0465d62eb5ca:c7829, 97f5b9f0-d9ef-40b5-ba79-7414923e623f:c7829, 7d686585-d831-45bc-93fc-0a553b604b0e:c7829]
 0.00% |█                                                                                                    |  0/1 Time: 0:01:02 0.00% |█                                                                                                    |  0/1 Time: 0:01:03 0.00% |█                                                                                                    |  0/1 Time: 0:01:04 100.00% |█████████████████████████████████████████████████████████████████████████████████████████████████████|  1/1 Time: 0:01:05
]]></system-out>
  </testcase>
  <testcase name="multiThread" classname="org.apache.hadoop.ozone.freon.TestRandomKeyGenerator" time="5.031"/>
</testsuite>