<?xml version="1.0" encoding="UTF-8"?>
<testsuite xmlns:xsi="http://www.w3.org/2001/XMLSchema-instance" xsi:noNamespaceSchemaLocation="https://maven.apache.org/surefire/maven-surefire-plugin/xsd/surefire-test-report.xsd" name="org.apache.hadoop.ozone.client.rpc.TestWatchForCommit" time="224.482" tests="5" errors="1" skipped="0" failures="0">
  <properties>
    <property name="awt.toolkit" value="sun.awt.X11.XToolkit"/>
    <property name="file.encoding.pkg" value="sun.io"/>
    <property name="java.specification.version" value="1.8"/>
    <property name="sun.cpu.isalist" value=""/>
    <property name="sun.jnu.encoding" value="UTF-8"/>
    <property name="java.class.path" value="/workdir/hadoop-ozone/integration-test/target/test-classes:/workdir/hadoop-ozone/integration-test/target/classes:/home/user/.m2/repository/org/apache/hadoop/hadoop-ozone-common/0.5.0-SNAPSHOT/hadoop-ozone-common-0.5.0-SNAPSHOT.jar:/home/user/.m2/repository/org/apache/commons/commons-compress/1.4.1/commons-compress-1.4.1.jar:/home/user/.m2/repository/org/tukaani/xz/1.0/xz-1.0.jar:/home/user/.m2/repository/org/apache/hadoop/hadoop-common/3.2.0/hadoop-common-3.2.0.jar:/home/user/.m2/repository/org/apache/hadoop/hadoop-hdfs/3.2.0/hadoop-hdfs-3.2.0.jar:/home/user/.m2/repository/org/apache/hadoop/hadoop-hdfs-client/3.2.0/hadoop-hdfs-client-3.2.0.jar:/home/user/.m2/repository/com/fasterxml/jackson/core/jackson-annotations/2.9.5/jackson-annotations-2.9.5.jar:/home/user/.m2/repository/org/apache/hadoop/hadoop-hdds-common/0.5.0-SNAPSHOT/hadoop-hdds-common-0.5.0-SNAPSHOT.jar:/home/user/.m2/repository/javax/annotation/javax.annotation-api/1.2/javax.annotation-api-1.2.jar:/home/user/.m2/repository/org/apache/ratis/ratis-server/0.4.0-2337318-SNAPSHOT/ratis-server-0.4.0-2337318-SNAPSHOT.jar:/home/user/.m2/repository/org/apache/ratis/ratis-thirdparty-misc/0.2.0/ratis-thirdparty-misc-0.2.0.jar:/home/user/.m2/repository/org/apache/ratis/ratis-proto/0.4.0-2337318-SNAPSHOT/ratis-proto-0.4.0-2337318-SNAPSHOT.jar:/home/user/.m2/repository/org/apache/ratis/ratis-common/0.4.0-2337318-SNAPSHOT/ratis-common-0.4.0-2337318-SNAPSHOT.jar:/home/user/.m2/repository/org/apache/ratis/ratis-client/0.4.0-2337318-SNAPSHOT/ratis-client-0.4.0-2337318-SNAPSHOT.jar:/home/user/.m2/repository/org/apache/ratis/ratis-metrics/0.4.0-2337318-SNAPSHOT/ratis-metrics-0.4.0-2337318-SNAPSHOT.jar:/home/user/.m2/repository/org/apache/ratis/ratis-netty/0.4.0-2337318-SNAPSHOT/ratis-netty-0.4.0-2337318-SNAPSHOT.jar:/home/user/.m2/repository/org/apache/ratis/ratis-grpc/0.4.0-2337318-SNAPSHOT/ratis-grpc-0.4.0-2337318-SNAPSHOT.jar:/home/user/.m2/repository/org/rocksdb/rocksdbjni/6.0.1/rocksdbjni-6.0.1.jar:/home/user/.m2/repository/org/apache/logging/log4j/log4j-api/2.11.0/log4j-api-2.11.0.jar:/home/user/.m2/repository/org/apache/logging/log4j/log4j-core/2.11.0/log4j-core-2.11.0.jar:/home/user/.m2/repository/com/lmax/disruptor/3.4.2/disruptor-3.4.2.jar:/home/user/.m2/repository/org/apache/commons/commons-pool2/2.6.0/commons-pool2-2.6.0.jar:/home/user/.m2/repository/org/bouncycastle/bcpkix-jdk15on/1.60/bcpkix-jdk15on-1.60.jar:/home/user/.m2/repository/commons-validator/commons-validator/1.6/commons-validator-1.6.jar:/home/user/.m2/repository/commons-digester/commons-digester/1.8.1/commons-digester-1.8.1.jar:/home/user/.m2/repository/io/jaegertracing/jaeger-client/0.33.1/jaeger-client-0.33.1.jar:/home/user/.m2/repository/io/jaegertracing/jaeger-thrift/0.33.1/jaeger-thrift-0.33.1.jar:/home/user/.m2/repository/org/apache/thrift/libthrift/0.11.0/libthrift-0.11.0.jar:/home/user/.m2/repository/com/squareup/okhttp3/okhttp/3.9.0/okhttp-3.9.0.jar:/home/user/.m2/repository/com/squareup/okio/okio/1.13.0/okio-1.13.0.jar:/home/user/.m2/repository/io/jaegertracing/jaeger-core/0.33.1/jaeger-core-0.33.1.jar:/home/user/.m2/repository/io/jaegertracing/jaeger-tracerresolver/0.33.1/jaeger-tracerresolver-0.33.1.jar:/home/user/.m2/repository/io/opentracing/contrib/opentracing-tracerresolver/0.1.5/opentracing-tracerresolver-0.1.5.jar:/home/user/.m2/repository/io/opentracing/opentracing-util/0.31.0/opentracing-util-0.31.0.jar:/home/user/.m2/repository/io/opentracing/opentracing-api/0.31.0/opentracing-api-0.31.0.jar:/home/user/.m2/repository/io/opentracing/opentracing-noop/0.31.0/opentracing-noop-0.31.0.jar:/home/user/.m2/repository/org/apache/hadoop/hadoop-hdds-server-framework/0.5.0-SNAPSHOT/hadoop-hdds-server-framework-0.5.0-SNAPSHOT.jar:/home/user/.m2/repository/org/apache/hadoop/hadoop-hdds-container-service/0.5.0-SNAPSHOT/hadoop-hdds-container-service-0.5.0-SNAPSHOT.jar:/home/user/.m2/repository/org/apache/hadoop/hadoop-hdds-client/0.5.0-SNAPSHOT/hadoop-hdds-client-0.5.0-SNAPSHOT.jar:/home/user/.m2/repository/org/apache/hadoop/hadoop-hdds-tools/0.5.0-SNAPSHOT/hadoop-hdds-tools-0.5.0-SNAPSHOT.jar:/home/user/.m2/repository/org/apache/hadoop/hadoop-hdds-server-scm/0.5.0-SNAPSHOT/hadoop-hdds-server-scm-0.5.0-SNAPSHOT.jar:/home/user/.m2/repository/org/apache/hadoop/hadoop-hdds-docs/0.5.0-SNAPSHOT/hadoop-hdds-docs-0.5.0-SNAPSHOT.jar:/home/user/.m2/repository/io/dropwizard/metrics/metrics-core/3.2.4/metrics-core-3.2.4.jar:/home/user/.m2/repository/org/hamcrest/hamcrest-all/1.3/hamcrest-all-1.3.jar:/home/user/.m2/repository/org/bouncycastle/bcprov-jdk15on/1.60/bcprov-jdk15on-1.60.jar:/home/user/.m2/repository/info/picocli/picocli/3.9.6/picocli-3.9.6.jar:/home/user/.m2/repository/com/google/protobuf/protobuf-java/2.5.0/protobuf-java-2.5.0.jar:/home/user/.m2/repository/com/google/guava/guava/11.0.2/guava-11.0.2.jar:/home/user/.m2/repository/org/apache/hadoop/hadoop-ozone-ozone-manager/0.5.0-SNAPSHOT/hadoop-ozone-ozone-manager-0.5.0-SNAPSHOT.jar:/home/user/.m2/repository/org/apache/hadoop/hadoop-minikdc/3.2.0/hadoop-minikdc-3.2.0.jar:/home/user/.m2/repository/commons-io/commons-io/2.5/commons-io-2.5.jar:/home/user/.m2/repository/org/apache/kerby/kerb-simplekdc/1.0.1/kerb-simplekdc-1.0.1.jar:/home/user/.m2/repository/org/apache/kerby/kerb-client/1.0.1/kerb-client-1.0.1.jar:/home/user/.m2/repository/org/apache/kerby/kerby-config/1.0.1/kerby-config-1.0.1.jar:/home/user/.m2/repository/org/apache/kerby/kerb-core/1.0.1/kerb-core-1.0.1.jar:/home/user/.m2/repository/org/apache/kerby/kerby-pkix/1.0.1/kerby-pkix-1.0.1.jar:/home/user/.m2/repository/org/apache/kerby/kerby-asn1/1.0.1/kerby-asn1-1.0.1.jar:/home/user/.m2/repository/org/apache/kerby/kerby-util/1.0.1/kerby-util-1.0.1.jar:/home/user/.m2/repository/org/apache/kerby/kerb-common/1.0.1/kerb-common-1.0.1.jar:/home/user/.m2/repository/org/apache/kerby/kerb-crypto/1.0.1/kerb-crypto-1.0.1.jar:/home/user/.m2/repository/org/apache/kerby/kerb-util/1.0.1/kerb-util-1.0.1.jar:/home/user/.m2/repository/org/apache/kerby/token-provider/1.0.1/token-provider-1.0.1.jar:/home/user/.m2/repository/org/apache/kerby/kerb-admin/1.0.1/kerb-admin-1.0.1.jar:/home/user/.m2/repository/org/apache/kerby/kerb-server/1.0.1/kerb-server-1.0.1.jar:/home/user/.m2/repository/org/apache/kerby/kerb-identity/1.0.1/kerb-identity-1.0.1.jar:/home/user/.m2/repository/org/apache/kerby/kerby-xdr/1.0.1/kerby-xdr-1.0.1.jar:/home/user/.m2/repository/org/slf4j/slf4j-log4j12/1.7.25/slf4j-log4j12-1.7.25.jar:/home/user/.m2/repository/org/apache/hadoop/hadoop-ozone-s3gateway/0.5.0-SNAPSHOT/hadoop-ozone-s3gateway-0.5.0-SNAPSHOT.jar:/home/user/.m2/repository/org/jboss/weld/servlet/weld-servlet/2.4.7.Final/weld-servlet-2.4.7.Final.jar:/home/user/.m2/repository/org/glassfish/jersey/containers/jersey-container-servlet-core/2.27/jersey-container-servlet-core-2.27.jar:/home/user/.m2/repository/org/glassfish/hk2/external/javax.inject/2.5.0-b42/javax.inject-2.5.0-b42.jar:/home/user/.m2/repository/org/glassfish/jersey/core/jersey-common/2.27/jersey-common-2.27.jar:/home/user/.m2/repository/org/glassfish/hk2/osgi-resource-locator/1.0.1/osgi-resource-locator-1.0.1.jar:/home/user/.m2/repository/javax/ws/rs/javax.ws.rs-api/2.1/javax.ws.rs-api-2.1.jar:/home/user/.m2/repository/org/glassfish/jersey/ext/cdi/jersey-cdi1x/2.27/jersey-cdi1x-2.27.jar:/home/user/.m2/repository/org/glassfish/jersey/inject/jersey-hk2/2.27/jersey-hk2-2.27.jar:/home/user/.m2/repository/org/glassfish/hk2/hk2-locator/2.5.0-b42/hk2-locator-2.5.0-b42.jar:/home/user/.m2/repository/org/javassist/javassist/3.22.0-CR2/javassist-3.22.0-CR2.jar:/home/user/.m2/repository/org/glassfish/hk2/hk2-api/2.5.0/hk2-api-2.5.0.jar:/home/user/.m2/repository/org/glassfish/hk2/external/jakarta.inject/2.5.0/jakarta.inject-2.5.0.jar:/home/user/.m2/repository/org/glassfish/hk2/hk2-utils/2.5.0/hk2-utils-2.5.0.jar:/home/user/.m2/repository/jakarta/annotation/jakarta.annotation-api/1.3.4/jakarta.annotation-api-1.3.4.jar:/home/user/.m2/repository/org/glassfish/hk2/external/aopalliance-repackaged/2.5.0/aopalliance-repackaged-2.5.0.jar:/home/user/.m2/repository/com/fasterxml/jackson/dataformat/jackson-dataformat-xml/2.9.0/jackson-dataformat-xml-2.9.0.jar:/home/user/.m2/repository/com/fasterxml/jackson/core/jackson-core/2.9.5/jackson-core-2.9.5.jar:/home/user/.m2/repository/com/fasterxml/jackson/module/jackson-module-jaxb-annotations/2.9.5/jackson-module-jaxb-annotations-2.9.5.jar:/home/user/.m2/repository/javax/enterprise/cdi-api/1.2/cdi-api-1.2.jar:/home/user/.m2/repository/javax/el/javax.el-api/3.0.0/javax.el-api-3.0.0.jar:/home/user/.m2/repository/javax/interceptor/javax.interceptor-api/1.2/javax.interceptor-api-1.2.jar:/home/user/.m2/repository/javax/inject/javax.inject/1/javax.inject-1.jar:/home/user/.m2/repository/com/sun/xml/bind/jaxb-impl/2.3.0.1/jaxb-impl-2.3.0.1.jar:/home/user/.m2/repository/com/sun/xml/bind/jaxb-core/2.3.0.1/jaxb-core-2.3.0.1.jar:/home/user/.m2/repository/javax/xml/bind/jaxb-api/2.3.0/jaxb-api-2.3.0.jar:/home/user/.m2/repository/javax/activation/activation/1.1.1/activation-1.1.1.jar:/home/user/.m2/repository/org/apache/hadoop/hadoop-ozone-csi/0.5.0-SNAPSHOT/hadoop-ozone-csi-0.5.0-SNAPSHOT.jar:/home/user/.m2/repository/com/google/protobuf/protobuf-java-util/3.5.1/protobuf-java-util-3.5.1.jar:/home/user/.m2/repository/org/apache/hadoop/hadoop-hdds-config/0.5.0-SNAPSHOT/hadoop-hdds-config-0.5.0-SNAPSHOT.jar:/home/user/.m2/repository/io/grpc/grpc-netty/1.17.1/grpc-netty-1.17.1.jar:/home/user/.m2/repository/io/grpc/grpc-core/1.17.1/grpc-core-1.17.1.jar:/home/user/.m2/repository/io/grpc/grpc-context/1.17.1/grpc-context-1.17.1.jar:/home/user/.m2/repository/com/google/errorprone/error_prone_annotations/2.2.0/error_prone_annotations-2.2.0.jar:/home/user/.m2/repository/org/codehaus/mojo/animal-sniffer-annotations/1.17/animal-sniffer-annotations-1.17.jar:/home/user/.m2/repository/io/opencensus/opencensus-api/0.17.0/opencensus-api-0.17.0.jar:/home/user/.m2/repository/io/opencensus/opencensus-contrib-grpc-metrics/0.17.0/opencensus-contrib-grpc-metrics-0.17.0.jar:/home/user/.m2/repository/io/netty/netty-codec-http2/4.1.30.Final/netty-codec-http2-4.1.30.Final.jar:/home/user/.m2/repository/io/netty/netty-codec-http/4.1.30.Final/netty-codec-http-4.1.30.Final.jar:/home/user/.m2/repository/io/netty/netty-codec/4.1.30.Final/netty-codec-4.1.30.Final.jar:/home/user/.m2/repository/io/netty/netty-handler/4.1.30.Final/netty-handler-4.1.30.Final.jar:/home/user/.m2/repository/io/netty/netty-handler-proxy/4.1.30.Final/netty-handler-proxy-4.1.30.Final.jar:/home/user/.m2/repository/io/netty/netty-codec-socks/4.1.30.Final/netty-codec-socks-4.1.30.Final.jar:/home/user/.m2/repository/io/netty/netty-transport-native-epoll/4.1.30.Final/netty-transport-native-epoll-4.1.30.Final.jar:/home/user/.m2/repository/io/netty/netty-common/4.1.30.Final/netty-common-4.1.30.Final.jar:/home/user/.m2/repository/io/netty/netty-buffer/4.1.30.Final/netty-buffer-4.1.30.Final.jar:/home/user/.m2/repository/io/netty/netty-transport/4.1.30.Final/netty-transport-4.1.30.Final.jar:/home/user/.m2/repository/io/netty/netty-resolver/4.1.30.Final/netty-resolver-4.1.30.Final.jar:/home/user/.m2/repository/io/netty/netty-transport-native-unix-common/4.1.30.Final/netty-transport-native-unix-common-4.1.30.Final.jar:/home/user/.m2/repository/io/grpc/grpc-protobuf/1.17.1/grpc-protobuf-1.17.1.jar:/home/user/.m2/repository/com/google/api/grpc/proto-google-common-protos/1.0.0/proto-google-common-protos-1.0.0.jar:/home/user/.m2/repository/io/grpc/grpc-protobuf-lite/1.17.1/grpc-protobuf-lite-1.17.1.jar:/home/user/.m2/repository/io/grpc/grpc-stub/1.17.1/grpc-stub-1.17.1.jar:/home/user/.m2/repository/org/apache/hadoop/hadoop-ozone-recon/0.5.0-SNAPSHOT/hadoop-ozone-recon-0.5.0-SNAPSHOT.jar:/home/user/.m2/repository/org/apache/hadoop/hadoop-ozone-reconcodegen/0.5.0-SNAPSHOT/hadoop-ozone-reconcodegen-0.5.0-SNAPSHOT.jar:/home/user/.m2/repository/com/google/inject/extensions/guice-multibindings/4.0/guice-multibindings-4.0.jar:/home/user/.m2/repository/com/google/inject/guice/4.0/guice-4.0.jar:/home/user/.m2/repository/aopalliance/aopalliance/1.0/aopalliance-1.0.jar:/home/user/.m2/repository/com/google/inject/extensions/guice-servlet/4.0/guice-servlet-4.0.jar:/home/user/.m2/repository/org/glassfish/jersey/containers/jersey-container-servlet/2.27/jersey-container-servlet-2.27.jar:/home/user/.m2/repository/org/glassfish/hk2/guice-bridge/2.5.0/guice-bridge-2.5.0.jar:/home/user/.m2/repository/org/glassfish/jersey/core/jersey-server/2.27/jersey-server-2.27.jar:/home/user/.m2/repository/org/glassfish/jersey/core/jersey-client/2.27/jersey-client-2.27.jar:/home/user/.m2/repository/org/glassfish/jersey/media/jersey-media-jaxb/2.27/jersey-media-jaxb-2.27.jar:/home/user/.m2/repository/javax/validation/validation-api/1.1.0.Final/validation-api-1.1.0.Final.jar:/home/user/.m2/repository/org/glassfish/jersey/media/jersey-media-json-jackson/2.27/jersey-media-json-jackson-2.27.jar:/home/user/.m2/repository/org/glassfish/jersey/ext/jersey-entity-filtering/2.27/jersey-entity-filtering-2.27.jar:/home/user/.m2/repository/com/google/inject/extensions/guice-assistedinject/4.0/guice-assistedinject-4.0.jar:/home/user/.m2/repository/org/jooq/jooq/3.11.10/jooq-3.11.10.jar:/home/user/.m2/repository/org/jooq/jooq-meta/3.11.10/jooq-meta-3.11.10.jar:/home/user/.m2/repository/org/jooq/jooq-codegen/3.11.10/jooq-codegen-3.11.10.jar:/home/user/.m2/repository/com/jolbox/bonecp/0.8.0.RELEASE/bonecp-0.8.0.RELEASE.jar:/home/user/.m2/repository/org/xerial/sqlite-jdbc/3.25.2/sqlite-jdbc-3.25.2.jar:/home/user/.m2/repository/org/springframework/spring-jdbc/5.1.3.RELEASE/spring-jdbc-5.1.3.RELEASE.jar:/home/user/.m2/repository/org/springframework/spring-beans/5.1.3.RELEASE/spring-beans-5.1.3.RELEASE.jar:/home/user/.m2/repository/org/springframework/spring-core/5.1.3.RELEASE/spring-core-5.1.3.RELEASE.jar:/home/user/.m2/repository/org/springframework/spring-jcl/5.1.3.RELEASE/spring-jcl-5.1.3.RELEASE.jar:/home/user/.m2/repository/org/springframework/spring-tx/5.1.3.RELEASE/spring-tx-5.1.3.RELEASE.jar:/home/user/.m2/repository/org/apache/hadoop/hadoop-ozone-client/0.5.0-SNAPSHOT/hadoop-ozone-client-0.5.0-SNAPSHOT.jar:/home/user/.m2/repository/commons-lang/commons-lang/2.6/commons-lang-2.6.jar:/home/user/.m2/repository/org/apache/hadoop/hadoop-ozone-ozone-manager/0.5.0-SNAPSHOT/hadoop-ozone-ozone-manager-0.5.0-SNAPSHOT-tests.jar:/home/user/.m2/repository/junit/junit/4.11/junit-4.11.jar:/home/user/.m2/repository/org/hamcrest/hamcrest-core/1.3/hamcrest-core-1.3.jar:/home/user/.m2/repository/org/openjdk/jmh/jmh-core/1.19/jmh-core-1.19.jar:/home/user/.m2/repository/net/sf/jopt-simple/jopt-simple/4.6/jopt-simple-4.6.jar:/home/user/.m2/repository/org/apache/commons/commons-math3/3.1.1/commons-math3-3.1.1.jar:/home/user/.m2/repository/org/openjdk/jmh/jmh-generator-annprocess/1.19/jmh-generator-annprocess-1.19.jar:/home/user/.m2/repository/org/mockito/mockito-all/1.8.5/mockito-all-1.8.5.jar:/home/user/.m2/repository/org/apache/hadoop/hadoop-kms/3.2.0/hadoop-kms-3.2.0.jar:/home/user/.m2/repository/org/apache/hadoop/hadoop-auth/3.2.0/hadoop-auth-3.2.0.jar:/home/user/.m2/repository/com/nimbusds/nimbus-jose-jwt/4.41.1/nimbus-jose-jwt-4.41.1.jar:/home/user/.m2/repository/com/github/stephenc/jcip/jcip-annotations/1.0-1/jcip-annotations-1.0-1.jar:/home/user/.m2/repository/net/minidev/json-smart/2.3/json-smart-2.3.jar:/home/user/.m2/repository/net/minidev/accessors-smart/1.2/accessors-smart-1.2.jar:/home/user/.m2/repository/org/ow2/asm/asm/5.0.4/asm-5.0.4.jar:/home/user/.m2/repository/org/apache/curator/curator-framework/2.12.0/curator-framework-2.12.0.jar:/home/user/.m2/repository/com/sun/jersey/jersey-core/1.19/jersey-core-1.19.jar:/home/user/.m2/repository/javax/ws/rs/jsr311-api/1.1.1/jsr311-api-1.1.1.jar:/home/user/.m2/repository/com/sun/jersey/jersey-server/1.19/jersey-server-1.19.jar:/home/user/.m2/repository/javax/servlet/javax.servlet-api/3.1.0/javax.servlet-api-3.1.0.jar:/home/user/.m2/repository/org/eclipse/jetty/jetty-server/9.3.24.v20180605/jetty-server-9.3.24.v20180605.jar:/home/user/.m2/repository/org/eclipse/jetty/jetty-http/9.3.24.v20180605/jetty-http-9.3.24.v20180605.jar:/home/user/.m2/repository/org/eclipse/jetty/jetty-io/9.3.24.v20180605/jetty-io-9.3.24.v20180605.jar:/home/user/.m2/repository/org/eclipse/jetty/jetty-webapp/9.3.24.v20180605/jetty-webapp-9.3.24.v20180605.jar:/home/user/.m2/repository/org/eclipse/jetty/jetty-xml/9.3.24.v20180605/jetty-xml-9.3.24.v20180605.jar:/home/user/.m2/repository/log4j/log4j/1.2.17/log4j-1.2.17.jar:/home/user/.m2/repository/org/slf4j/slf4j-api/1.7.25/slf4j-api-1.7.25.jar:/home/user/.m2/repository/org/slf4j/jul-to-slf4j/1.7.25/jul-to-slf4j-1.7.25.jar:/home/user/.m2/repository/org/eclipse/jetty/jetty-util/9.3.24.v20180605/jetty-util-9.3.24.v20180605.jar:/home/user/.m2/repository/com/fasterxml/jackson/core/jackson-databind/2.9.5/jackson-databind-2.9.5.jar:/home/user/.m2/repository/org/apache/hadoop/hadoop-kms/3.2.0/hadoop-kms-3.2.0-tests.jar:/home/user/.m2/repository/org/apache/hadoop/hadoop-hdds-server-scm/0.5.0-SNAPSHOT/hadoop-hdds-server-scm-0.5.0-SNAPSHOT-tests.jar:/home/user/.m2/repository/org/apache/hadoop/hadoop-hdds-container-service/0.5.0-SNAPSHOT/hadoop-hdds-container-service-0.5.0-SNAPSHOT-tests.jar:/home/user/.m2/repository/org/yaml/snakeyaml/1.16/snakeyaml-1.16.jar:/home/user/.m2/repository/org/apache/hadoop/hadoop-common/3.2.0/hadoop-common-3.2.0-tests.jar:/home/user/.m2/repository/org/apache/hadoop/hadoop-annotations/3.2.0/hadoop-annotations-3.2.0.jar:/usr/lib/jvm/java-1.8-openjdk/jre/../lib/tools.jar:/home/user/.m2/repository/commons-cli/commons-cli/1.2/commons-cli-1.2.jar:/home/user/.m2/repository/org/apache/httpcomponents/httpclient/4.5.2/httpclient-4.5.2.jar:/home/user/.m2/repository/org/apache/httpcomponents/httpcore/4.4.4/httpcore-4.4.4.jar:/home/user/.m2/repository/commons-codec/commons-codec/1.11/commons-codec-1.11.jar:/home/user/.m2/repository/commons-net/commons-net/3.6/commons-net-3.6.jar:/home/user/.m2/repository/commons-collections/commons-collections/3.2.2/commons-collections-3.2.2.jar:/home/user/.m2/repository/org/eclipse/jetty/jetty-servlet/9.3.24.v20180605/jetty-servlet-9.3.24.v20180605.jar:/home/user/.m2/repository/org/eclipse/jetty/jetty-security/9.3.24.v20180605/jetty-security-9.3.24.v20180605.jar:/home/user/.m2/repository/javax/servlet/jsp/jsp-api/2.1/jsp-api-2.1.jar:/home/user/.m2/repository/com/sun/jersey/jersey-servlet/1.19/jersey-servlet-1.19.jar:/home/user/.m2/repository/com/sun/jersey/jersey-json/1.19/jersey-json-1.19.jar:/home/user/.m2/repository/org/codehaus/jettison/jettison/1.1/jettison-1.1.jar:/home/user/.m2/repository/org/codehaus/jackson/jackson-core-asl/1.9.13/jackson-core-asl-1.9.13.jar:/home/user/.m2/repository/org/codehaus/jackson/jackson-mapper-asl/1.9.13/jackson-mapper-asl-1.9.13.jar:/home/user/.m2/repository/org/codehaus/jackson/jackson-jaxrs/1.9.13/jackson-jaxrs-1.9.13.jar:/home/user/.m2/repository/org/codehaus/jackson/jackson-xc/1.9.13/jackson-xc-1.9.13.jar:/home/user/.m2/repository/commons-logging/commons-logging/1.1.3/commons-logging-1.1.3.jar:/home/user/.m2/repository/commons-beanutils/commons-beanutils/1.9.3/commons-beanutils-1.9.3.jar:/home/user/.m2/repository/org/apache/commons/commons-configuration2/2.1.1/commons-configuration2-2.1.1.jar:/home/user/.m2/repository/org/apache/commons/commons-lang3/3.7/commons-lang3-3.7.jar:/home/user/.m2/repository/org/apache/commons/commons-text/1.4/commons-text-1.4.jar:/home/user/.m2/repository/org/apache/avro/avro/1.7.7/avro-1.7.7.jar:/home/user/.m2/repository/com/thoughtworks/paranamer/paranamer/2.3/paranamer-2.3.jar:/home/user/.m2/repository/org/xerial/snappy/snappy-java/1.0.5/snappy-java-1.0.5.jar:/home/user/.m2/repository/com/google/re2j/re2j/1.1/re2j-1.1.jar:/home/user/.m2/repository/com/google/code/gson/gson/2.2.4/gson-2.2.4.jar:/home/user/.m2/repository/com/jcraft/jsch/0.1.54/jsch-0.1.54.jar:/home/user/.m2/repository/org/apache/curator/curator-client/2.12.0/curator-client-2.12.0.jar:/home/user/.m2/repository/org/apache/curator/curator-recipes/2.12.0/curator-recipes-2.12.0.jar:/home/user/.m2/repository/com/google/code/findbugs/jsr305/3.0.0/jsr305-3.0.0.jar:/home/user/.m2/repository/org/apache/htrace/htrace-core4/4.1.0-incubating/htrace-core4-4.1.0-incubating.jar:/home/user/.m2/repository/org/apache/zookeeper/zookeeper/3.4.13/zookeeper-3.4.13.jar:/home/user/.m2/repository/org/apache/yetus/audience-annotations/0.5.0/audience-annotations-0.5.0.jar:/home/user/.m2/repository/org/codehaus/woodstox/stax2-api/3.1.4/stax2-api-3.1.4.jar:/home/user/.m2/repository/com/fasterxml/woodstox/woodstox-core/5.0.3/woodstox-core-5.0.3.jar:/home/user/.m2/repository/dnsjava/dnsjava/2.1.7/dnsjava-2.1.7.jar:/home/user/.m2/repository/org/apache/hadoop/hadoop-hdfs/3.2.0/hadoop-hdfs-3.2.0-tests.jar:/home/user/.m2/repository/org/eclipse/jetty/jetty-util-ajax/9.3.24.v20180605/jetty-util-ajax-9.3.24.v20180605.jar:/home/user/.m2/repository/commons-daemon/commons-daemon/1.0.13/commons-daemon-1.0.13.jar:/home/user/.m2/repository/io/netty/netty/3.10.5.Final/netty-3.10.5.Final.jar:/home/user/.m2/repository/io/netty/netty-all/4.0.52.Final/netty-all-4.0.52.Final.jar:/home/user/.m2/repository/org/fusesource/leveldbjni/leveldbjni-all/1.8/leveldbjni-all-1.8.jar:"/>
    <property name="java.vm.vendor" value="IcedTea"/>
    <property name="sun.arch.data.model" value="64"/>
    <property name="test.build.dir" value="/workdir/hadoop-ozone/integration-test/target/test-dir"/>
    <property name="test.cache.data" value=""/>
    <property name="java.vendor.url" value="https://icedtea.classpath.org"/>
    <property name="user.timezone" value=""/>
    <property name="java.vm.specification.version" value="1.8"/>
    <property name="os.name" value="Linux"/>
    <property name="test.build.data" value="/workdir/hadoop-ozone/integration-test/target/test-dir"/>
    <property name="user.country" value="US"/>
    <property name="sun.java.launcher" value="SUN_STANDARD"/>
    <property name="sun.boot.library.path" value="/usr/lib/jvm/java-1.8-openjdk/jre/lib/amd64"/>
    <property name="sun.java.command" value="/workdir/hadoop-ozone/integration-test/target/surefire/surefirebooter5413721924735658320.jar /workdir/hadoop-ozone/integration-test/target/surefire 2019-09-05T17-35-33_113-jvmRun1 surefire3633490379510830160tmp surefire_186108279868900680135tmp"/>
    <property name="test" value="!TestMiniChaosOzoneCluster"/>
    <property name="surefire.test.class.path" value="/workdir/hadoop-ozone/integration-test/target/test-classes:/workdir/hadoop-ozone/integration-test/target/classes:/home/user/.m2/repository/org/apache/hadoop/hadoop-ozone-common/0.5.0-SNAPSHOT/hadoop-ozone-common-0.5.0-SNAPSHOT.jar:/home/user/.m2/repository/org/apache/commons/commons-compress/1.4.1/commons-compress-1.4.1.jar:/home/user/.m2/repository/org/tukaani/xz/1.0/xz-1.0.jar:/home/user/.m2/repository/org/apache/hadoop/hadoop-common/3.2.0/hadoop-common-3.2.0.jar:/home/user/.m2/repository/org/apache/hadoop/hadoop-hdfs/3.2.0/hadoop-hdfs-3.2.0.jar:/home/user/.m2/repository/org/apache/hadoop/hadoop-hdfs-client/3.2.0/hadoop-hdfs-client-3.2.0.jar:/home/user/.m2/repository/com/fasterxml/jackson/core/jackson-annotations/2.9.5/jackson-annotations-2.9.5.jar:/home/user/.m2/repository/org/apache/hadoop/hadoop-hdds-common/0.5.0-SNAPSHOT/hadoop-hdds-common-0.5.0-SNAPSHOT.jar:/home/user/.m2/repository/javax/annotation/javax.annotation-api/1.2/javax.annotation-api-1.2.jar:/home/user/.m2/repository/org/apache/ratis/ratis-server/0.4.0-2337318-SNAPSHOT/ratis-server-0.4.0-2337318-SNAPSHOT.jar:/home/user/.m2/repository/org/apache/ratis/ratis-thirdparty-misc/0.2.0/ratis-thirdparty-misc-0.2.0.jar:/home/user/.m2/repository/org/apache/ratis/ratis-proto/0.4.0-2337318-SNAPSHOT/ratis-proto-0.4.0-2337318-SNAPSHOT.jar:/home/user/.m2/repository/org/apache/ratis/ratis-common/0.4.0-2337318-SNAPSHOT/ratis-common-0.4.0-2337318-SNAPSHOT.jar:/home/user/.m2/repository/org/apache/ratis/ratis-client/0.4.0-2337318-SNAPSHOT/ratis-client-0.4.0-2337318-SNAPSHOT.jar:/home/user/.m2/repository/org/apache/ratis/ratis-metrics/0.4.0-2337318-SNAPSHOT/ratis-metrics-0.4.0-2337318-SNAPSHOT.jar:/home/user/.m2/repository/org/apache/ratis/ratis-netty/0.4.0-2337318-SNAPSHOT/ratis-netty-0.4.0-2337318-SNAPSHOT.jar:/home/user/.m2/repository/org/apache/ratis/ratis-grpc/0.4.0-2337318-SNAPSHOT/ratis-grpc-0.4.0-2337318-SNAPSHOT.jar:/home/user/.m2/repository/org/rocksdb/rocksdbjni/6.0.1/rocksdbjni-6.0.1.jar:/home/user/.m2/repository/org/apache/logging/log4j/log4j-api/2.11.0/log4j-api-2.11.0.jar:/home/user/.m2/repository/org/apache/logging/log4j/log4j-core/2.11.0/log4j-core-2.11.0.jar:/home/user/.m2/repository/com/lmax/disruptor/3.4.2/disruptor-3.4.2.jar:/home/user/.m2/repository/org/apache/commons/commons-pool2/2.6.0/commons-pool2-2.6.0.jar:/home/user/.m2/repository/org/bouncycastle/bcpkix-jdk15on/1.60/bcpkix-jdk15on-1.60.jar:/home/user/.m2/repository/commons-validator/commons-validator/1.6/commons-validator-1.6.jar:/home/user/.m2/repository/commons-digester/commons-digester/1.8.1/commons-digester-1.8.1.jar:/home/user/.m2/repository/io/jaegertracing/jaeger-client/0.33.1/jaeger-client-0.33.1.jar:/home/user/.m2/repository/io/jaegertracing/jaeger-thrift/0.33.1/jaeger-thrift-0.33.1.jar:/home/user/.m2/repository/org/apache/thrift/libthrift/0.11.0/libthrift-0.11.0.jar:/home/user/.m2/repository/com/squareup/okhttp3/okhttp/3.9.0/okhttp-3.9.0.jar:/home/user/.m2/repository/com/squareup/okio/okio/1.13.0/okio-1.13.0.jar:/home/user/.m2/repository/io/jaegertracing/jaeger-core/0.33.1/jaeger-core-0.33.1.jar:/home/user/.m2/repository/io/jaegertracing/jaeger-tracerresolver/0.33.1/jaeger-tracerresolver-0.33.1.jar:/home/user/.m2/repository/io/opentracing/contrib/opentracing-tracerresolver/0.1.5/opentracing-tracerresolver-0.1.5.jar:/home/user/.m2/repository/io/opentracing/opentracing-util/0.31.0/opentracing-util-0.31.0.jar:/home/user/.m2/repository/io/opentracing/opentracing-api/0.31.0/opentracing-api-0.31.0.jar:/home/user/.m2/repository/io/opentracing/opentracing-noop/0.31.0/opentracing-noop-0.31.0.jar:/home/user/.m2/repository/org/apache/hadoop/hadoop-hdds-server-framework/0.5.0-SNAPSHOT/hadoop-hdds-server-framework-0.5.0-SNAPSHOT.jar:/home/user/.m2/repository/org/apache/hadoop/hadoop-hdds-container-service/0.5.0-SNAPSHOT/hadoop-hdds-container-service-0.5.0-SNAPSHOT.jar:/home/user/.m2/repository/org/apache/hadoop/hadoop-hdds-client/0.5.0-SNAPSHOT/hadoop-hdds-client-0.5.0-SNAPSHOT.jar:/home/user/.m2/repository/org/apache/hadoop/hadoop-hdds-tools/0.5.0-SNAPSHOT/hadoop-hdds-tools-0.5.0-SNAPSHOT.jar:/home/user/.m2/repository/org/apache/hadoop/hadoop-hdds-server-scm/0.5.0-SNAPSHOT/hadoop-hdds-server-scm-0.5.0-SNAPSHOT.jar:/home/user/.m2/repository/org/apache/hadoop/hadoop-hdds-docs/0.5.0-SNAPSHOT/hadoop-hdds-docs-0.5.0-SNAPSHOT.jar:/home/user/.m2/repository/io/dropwizard/metrics/metrics-core/3.2.4/metrics-core-3.2.4.jar:/home/user/.m2/repository/org/hamcrest/hamcrest-all/1.3/hamcrest-all-1.3.jar:/home/user/.m2/repository/org/bouncycastle/bcprov-jdk15on/1.60/bcprov-jdk15on-1.60.jar:/home/user/.m2/repository/info/picocli/picocli/3.9.6/picocli-3.9.6.jar:/home/user/.m2/repository/com/google/protobuf/protobuf-java/2.5.0/protobuf-java-2.5.0.jar:/home/user/.m2/repository/com/google/guava/guava/11.0.2/guava-11.0.2.jar:/home/user/.m2/repository/org/apache/hadoop/hadoop-ozone-ozone-manager/0.5.0-SNAPSHOT/hadoop-ozone-ozone-manager-0.5.0-SNAPSHOT.jar:/home/user/.m2/repository/org/apache/hadoop/hadoop-minikdc/3.2.0/hadoop-minikdc-3.2.0.jar:/home/user/.m2/repository/commons-io/commons-io/2.5/commons-io-2.5.jar:/home/user/.m2/repository/org/apache/kerby/kerb-simplekdc/1.0.1/kerb-simplekdc-1.0.1.jar:/home/user/.m2/repository/org/apache/kerby/kerb-client/1.0.1/kerb-client-1.0.1.jar:/home/user/.m2/repository/org/apache/kerby/kerby-config/1.0.1/kerby-config-1.0.1.jar:/home/user/.m2/repository/org/apache/kerby/kerb-core/1.0.1/kerb-core-1.0.1.jar:/home/user/.m2/repository/org/apache/kerby/kerby-pkix/1.0.1/kerby-pkix-1.0.1.jar:/home/user/.m2/repository/org/apache/kerby/kerby-asn1/1.0.1/kerby-asn1-1.0.1.jar:/home/user/.m2/repository/org/apache/kerby/kerby-util/1.0.1/kerby-util-1.0.1.jar:/home/user/.m2/repository/org/apache/kerby/kerb-common/1.0.1/kerb-common-1.0.1.jar:/home/user/.m2/repository/org/apache/kerby/kerb-crypto/1.0.1/kerb-crypto-1.0.1.jar:/home/user/.m2/repository/org/apache/kerby/kerb-util/1.0.1/kerb-util-1.0.1.jar:/home/user/.m2/repository/org/apache/kerby/token-provider/1.0.1/token-provider-1.0.1.jar:/home/user/.m2/repository/org/apache/kerby/kerb-admin/1.0.1/kerb-admin-1.0.1.jar:/home/user/.m2/repository/org/apache/kerby/kerb-server/1.0.1/kerb-server-1.0.1.jar:/home/user/.m2/repository/org/apache/kerby/kerb-identity/1.0.1/kerb-identity-1.0.1.jar:/home/user/.m2/repository/org/apache/kerby/kerby-xdr/1.0.1/kerby-xdr-1.0.1.jar:/home/user/.m2/repository/org/slf4j/slf4j-log4j12/1.7.25/slf4j-log4j12-1.7.25.jar:/home/user/.m2/repository/org/apache/hadoop/hadoop-ozone-s3gateway/0.5.0-SNAPSHOT/hadoop-ozone-s3gateway-0.5.0-SNAPSHOT.jar:/home/user/.m2/repository/org/jboss/weld/servlet/weld-servlet/2.4.7.Final/weld-servlet-2.4.7.Final.jar:/home/user/.m2/repository/org/glassfish/jersey/containers/jersey-container-servlet-core/2.27/jersey-container-servlet-core-2.27.jar:/home/user/.m2/repository/org/glassfish/hk2/external/javax.inject/2.5.0-b42/javax.inject-2.5.0-b42.jar:/home/user/.m2/repository/org/glassfish/jersey/core/jersey-common/2.27/jersey-common-2.27.jar:/home/user/.m2/repository/org/glassfish/hk2/osgi-resource-locator/1.0.1/osgi-resource-locator-1.0.1.jar:/home/user/.m2/repository/javax/ws/rs/javax.ws.rs-api/2.1/javax.ws.rs-api-2.1.jar:/home/user/.m2/repository/org/glassfish/jersey/ext/cdi/jersey-cdi1x/2.27/jersey-cdi1x-2.27.jar:/home/user/.m2/repository/org/glassfish/jersey/inject/jersey-hk2/2.27/jersey-hk2-2.27.jar:/home/user/.m2/repository/org/glassfish/hk2/hk2-locator/2.5.0-b42/hk2-locator-2.5.0-b42.jar:/home/user/.m2/repository/org/javassist/javassist/3.22.0-CR2/javassist-3.22.0-CR2.jar:/home/user/.m2/repository/org/glassfish/hk2/hk2-api/2.5.0/hk2-api-2.5.0.jar:/home/user/.m2/repository/org/glassfish/hk2/external/jakarta.inject/2.5.0/jakarta.inject-2.5.0.jar:/home/user/.m2/repository/org/glassfish/hk2/hk2-utils/2.5.0/hk2-utils-2.5.0.jar:/home/user/.m2/repository/jakarta/annotation/jakarta.annotation-api/1.3.4/jakarta.annotation-api-1.3.4.jar:/home/user/.m2/repository/org/glassfish/hk2/external/aopalliance-repackaged/2.5.0/aopalliance-repackaged-2.5.0.jar:/home/user/.m2/repository/com/fasterxml/jackson/dataformat/jackson-dataformat-xml/2.9.0/jackson-dataformat-xml-2.9.0.jar:/home/user/.m2/repository/com/fasterxml/jackson/core/jackson-core/2.9.5/jackson-core-2.9.5.jar:/home/user/.m2/repository/com/fasterxml/jackson/module/jackson-module-jaxb-annotations/2.9.5/jackson-module-jaxb-annotations-2.9.5.jar:/home/user/.m2/repository/javax/enterprise/cdi-api/1.2/cdi-api-1.2.jar:/home/user/.m2/repository/javax/el/javax.el-api/3.0.0/javax.el-api-3.0.0.jar:/home/user/.m2/repository/javax/interceptor/javax.interceptor-api/1.2/javax.interceptor-api-1.2.jar:/home/user/.m2/repository/javax/inject/javax.inject/1/javax.inject-1.jar:/home/user/.m2/repository/com/sun/xml/bind/jaxb-impl/2.3.0.1/jaxb-impl-2.3.0.1.jar:/home/user/.m2/repository/com/sun/xml/bind/jaxb-core/2.3.0.1/jaxb-core-2.3.0.1.jar:/home/user/.m2/repository/javax/xml/bind/jaxb-api/2.3.0/jaxb-api-2.3.0.jar:/home/user/.m2/repository/javax/activation/activation/1.1.1/activation-1.1.1.jar:/home/user/.m2/repository/org/apache/hadoop/hadoop-ozone-csi/0.5.0-SNAPSHOT/hadoop-ozone-csi-0.5.0-SNAPSHOT.jar:/home/user/.m2/repository/com/google/protobuf/protobuf-java-util/3.5.1/protobuf-java-util-3.5.1.jar:/home/user/.m2/repository/org/apache/hadoop/hadoop-hdds-config/0.5.0-SNAPSHOT/hadoop-hdds-config-0.5.0-SNAPSHOT.jar:/home/user/.m2/repository/io/grpc/grpc-netty/1.17.1/grpc-netty-1.17.1.jar:/home/user/.m2/repository/io/grpc/grpc-core/1.17.1/grpc-core-1.17.1.jar:/home/user/.m2/repository/io/grpc/grpc-context/1.17.1/grpc-context-1.17.1.jar:/home/user/.m2/repository/com/google/errorprone/error_prone_annotations/2.2.0/error_prone_annotations-2.2.0.jar:/home/user/.m2/repository/org/codehaus/mojo/animal-sniffer-annotations/1.17/animal-sniffer-annotations-1.17.jar:/home/user/.m2/repository/io/opencensus/opencensus-api/0.17.0/opencensus-api-0.17.0.jar:/home/user/.m2/repository/io/opencensus/opencensus-contrib-grpc-metrics/0.17.0/opencensus-contrib-grpc-metrics-0.17.0.jar:/home/user/.m2/repository/io/netty/netty-codec-http2/4.1.30.Final/netty-codec-http2-4.1.30.Final.jar:/home/user/.m2/repository/io/netty/netty-codec-http/4.1.30.Final/netty-codec-http-4.1.30.Final.jar:/home/user/.m2/repository/io/netty/netty-codec/4.1.30.Final/netty-codec-4.1.30.Final.jar:/home/user/.m2/repository/io/netty/netty-handler/4.1.30.Final/netty-handler-4.1.30.Final.jar:/home/user/.m2/repository/io/netty/netty-handler-proxy/4.1.30.Final/netty-handler-proxy-4.1.30.Final.jar:/home/user/.m2/repository/io/netty/netty-codec-socks/4.1.30.Final/netty-codec-socks-4.1.30.Final.jar:/home/user/.m2/repository/io/netty/netty-transport-native-epoll/4.1.30.Final/netty-transport-native-epoll-4.1.30.Final.jar:/home/user/.m2/repository/io/netty/netty-common/4.1.30.Final/netty-common-4.1.30.Final.jar:/home/user/.m2/repository/io/netty/netty-buffer/4.1.30.Final/netty-buffer-4.1.30.Final.jar:/home/user/.m2/repository/io/netty/netty-transport/4.1.30.Final/netty-transport-4.1.30.Final.jar:/home/user/.m2/repository/io/netty/netty-resolver/4.1.30.Final/netty-resolver-4.1.30.Final.jar:/home/user/.m2/repository/io/netty/netty-transport-native-unix-common/4.1.30.Final/netty-transport-native-unix-common-4.1.30.Final.jar:/home/user/.m2/repository/io/grpc/grpc-protobuf/1.17.1/grpc-protobuf-1.17.1.jar:/home/user/.m2/repository/com/google/api/grpc/proto-google-common-protos/1.0.0/proto-google-common-protos-1.0.0.jar:/home/user/.m2/repository/io/grpc/grpc-protobuf-lite/1.17.1/grpc-protobuf-lite-1.17.1.jar:/home/user/.m2/repository/io/grpc/grpc-stub/1.17.1/grpc-stub-1.17.1.jar:/home/user/.m2/repository/org/apache/hadoop/hadoop-ozone-recon/0.5.0-SNAPSHOT/hadoop-ozone-recon-0.5.0-SNAPSHOT.jar:/home/user/.m2/repository/org/apache/hadoop/hadoop-ozone-reconcodegen/0.5.0-SNAPSHOT/hadoop-ozone-reconcodegen-0.5.0-SNAPSHOT.jar:/home/user/.m2/repository/com/google/inject/extensions/guice-multibindings/4.0/guice-multibindings-4.0.jar:/home/user/.m2/repository/com/google/inject/guice/4.0/guice-4.0.jar:/home/user/.m2/repository/aopalliance/aopalliance/1.0/aopalliance-1.0.jar:/home/user/.m2/repository/com/google/inject/extensions/guice-servlet/4.0/guice-servlet-4.0.jar:/home/user/.m2/repository/org/glassfish/jersey/containers/jersey-container-servlet/2.27/jersey-container-servlet-2.27.jar:/home/user/.m2/repository/org/glassfish/hk2/guice-bridge/2.5.0/guice-bridge-2.5.0.jar:/home/user/.m2/repository/org/glassfish/jersey/core/jersey-server/2.27/jersey-server-2.27.jar:/home/user/.m2/repository/org/glassfish/jersey/core/jersey-client/2.27/jersey-client-2.27.jar:/home/user/.m2/repository/org/glassfish/jersey/media/jersey-media-jaxb/2.27/jersey-media-jaxb-2.27.jar:/home/user/.m2/repository/javax/validation/validation-api/1.1.0.Final/validation-api-1.1.0.Final.jar:/home/user/.m2/repository/org/glassfish/jersey/media/jersey-media-json-jackson/2.27/jersey-media-json-jackson-2.27.jar:/home/user/.m2/repository/org/glassfish/jersey/ext/jersey-entity-filtering/2.27/jersey-entity-filtering-2.27.jar:/home/user/.m2/repository/com/google/inject/extensions/guice-assistedinject/4.0/guice-assistedinject-4.0.jar:/home/user/.m2/repository/org/jooq/jooq/3.11.10/jooq-3.11.10.jar:/home/user/.m2/repository/org/jooq/jooq-meta/3.11.10/jooq-meta-3.11.10.jar:/home/user/.m2/repository/org/jooq/jooq-codegen/3.11.10/jooq-codegen-3.11.10.jar:/home/user/.m2/repository/com/jolbox/bonecp/0.8.0.RELEASE/bonecp-0.8.0.RELEASE.jar:/home/user/.m2/repository/org/xerial/sqlite-jdbc/3.25.2/sqlite-jdbc-3.25.2.jar:/home/user/.m2/repository/org/springframework/spring-jdbc/5.1.3.RELEASE/spring-jdbc-5.1.3.RELEASE.jar:/home/user/.m2/repository/org/springframework/spring-beans/5.1.3.RELEASE/spring-beans-5.1.3.RELEASE.jar:/home/user/.m2/repository/org/springframework/spring-core/5.1.3.RELEASE/spring-core-5.1.3.RELEASE.jar:/home/user/.m2/repository/org/springframework/spring-jcl/5.1.3.RELEASE/spring-jcl-5.1.3.RELEASE.jar:/home/user/.m2/repository/org/springframework/spring-tx/5.1.3.RELEASE/spring-tx-5.1.3.RELEASE.jar:/home/user/.m2/repository/org/apache/hadoop/hadoop-ozone-client/0.5.0-SNAPSHOT/hadoop-ozone-client-0.5.0-SNAPSHOT.jar:/home/user/.m2/repository/commons-lang/commons-lang/2.6/commons-lang-2.6.jar:/home/user/.m2/repository/org/apache/hadoop/hadoop-ozone-ozone-manager/0.5.0-SNAPSHOT/hadoop-ozone-ozone-manager-0.5.0-SNAPSHOT-tests.jar:/home/user/.m2/repository/junit/junit/4.11/junit-4.11.jar:/home/user/.m2/repository/org/hamcrest/hamcrest-core/1.3/hamcrest-core-1.3.jar:/home/user/.m2/repository/org/openjdk/jmh/jmh-core/1.19/jmh-core-1.19.jar:/home/user/.m2/repository/net/sf/jopt-simple/jopt-simple/4.6/jopt-simple-4.6.jar:/home/user/.m2/repository/org/apache/commons/commons-math3/3.1.1/commons-math3-3.1.1.jar:/home/user/.m2/repository/org/openjdk/jmh/jmh-generator-annprocess/1.19/jmh-generator-annprocess-1.19.jar:/home/user/.m2/repository/org/mockito/mockito-all/1.8.5/mockito-all-1.8.5.jar:/home/user/.m2/repository/org/apache/hadoop/hadoop-kms/3.2.0/hadoop-kms-3.2.0.jar:/home/user/.m2/repository/org/apache/hadoop/hadoop-auth/3.2.0/hadoop-auth-3.2.0.jar:/home/user/.m2/repository/com/nimbusds/nimbus-jose-jwt/4.41.1/nimbus-jose-jwt-4.41.1.jar:/home/user/.m2/repository/com/github/stephenc/jcip/jcip-annotations/1.0-1/jcip-annotations-1.0-1.jar:/home/user/.m2/repository/net/minidev/json-smart/2.3/json-smart-2.3.jar:/home/user/.m2/repository/net/minidev/accessors-smart/1.2/accessors-smart-1.2.jar:/home/user/.m2/repository/org/ow2/asm/asm/5.0.4/asm-5.0.4.jar:/home/user/.m2/repository/org/apache/curator/curator-framework/2.12.0/curator-framework-2.12.0.jar:/home/user/.m2/repository/com/sun/jersey/jersey-core/1.19/jersey-core-1.19.jar:/home/user/.m2/repository/javax/ws/rs/jsr311-api/1.1.1/jsr311-api-1.1.1.jar:/home/user/.m2/repository/com/sun/jersey/jersey-server/1.19/jersey-server-1.19.jar:/home/user/.m2/repository/javax/servlet/javax.servlet-api/3.1.0/javax.servlet-api-3.1.0.jar:/home/user/.m2/repository/org/eclipse/jetty/jetty-server/9.3.24.v20180605/jetty-server-9.3.24.v20180605.jar:/home/user/.m2/repository/org/eclipse/jetty/jetty-http/9.3.24.v20180605/jetty-http-9.3.24.v20180605.jar:/home/user/.m2/repository/org/eclipse/jetty/jetty-io/9.3.24.v20180605/jetty-io-9.3.24.v20180605.jar:/home/user/.m2/repository/org/eclipse/jetty/jetty-webapp/9.3.24.v20180605/jetty-webapp-9.3.24.v20180605.jar:/home/user/.m2/repository/org/eclipse/jetty/jetty-xml/9.3.24.v20180605/jetty-xml-9.3.24.v20180605.jar:/home/user/.m2/repository/log4j/log4j/1.2.17/log4j-1.2.17.jar:/home/user/.m2/repository/org/slf4j/slf4j-api/1.7.25/slf4j-api-1.7.25.jar:/home/user/.m2/repository/org/slf4j/jul-to-slf4j/1.7.25/jul-to-slf4j-1.7.25.jar:/home/user/.m2/repository/org/eclipse/jetty/jetty-util/9.3.24.v20180605/jetty-util-9.3.24.v20180605.jar:/home/user/.m2/repository/com/fasterxml/jackson/core/jackson-databind/2.9.5/jackson-databind-2.9.5.jar:/home/user/.m2/repository/org/apache/hadoop/hadoop-kms/3.2.0/hadoop-kms-3.2.0-tests.jar:/home/user/.m2/repository/org/apache/hadoop/hadoop-hdds-server-scm/0.5.0-SNAPSHOT/hadoop-hdds-server-scm-0.5.0-SNAPSHOT-tests.jar:/home/user/.m2/repository/org/apache/hadoop/hadoop-hdds-container-service/0.5.0-SNAPSHOT/hadoop-hdds-container-service-0.5.0-SNAPSHOT-tests.jar:/home/user/.m2/repository/org/yaml/snakeyaml/1.16/snakeyaml-1.16.jar:/home/user/.m2/repository/org/apache/hadoop/hadoop-common/3.2.0/hadoop-common-3.2.0-tests.jar:/home/user/.m2/repository/org/apache/hadoop/hadoop-annotations/3.2.0/hadoop-annotations-3.2.0.jar:/usr/lib/jvm/java-1.8-openjdk/jre/../lib/tools.jar:/home/user/.m2/repository/commons-cli/commons-cli/1.2/commons-cli-1.2.jar:/home/user/.m2/repository/org/apache/httpcomponents/httpclient/4.5.2/httpclient-4.5.2.jar:/home/user/.m2/repository/org/apache/httpcomponents/httpcore/4.4.4/httpcore-4.4.4.jar:/home/user/.m2/repository/commons-codec/commons-codec/1.11/commons-codec-1.11.jar:/home/user/.m2/repository/commons-net/commons-net/3.6/commons-net-3.6.jar:/home/user/.m2/repository/commons-collections/commons-collections/3.2.2/commons-collections-3.2.2.jar:/home/user/.m2/repository/org/eclipse/jetty/jetty-servlet/9.3.24.v20180605/jetty-servlet-9.3.24.v20180605.jar:/home/user/.m2/repository/org/eclipse/jetty/jetty-security/9.3.24.v20180605/jetty-security-9.3.24.v20180605.jar:/home/user/.m2/repository/javax/servlet/jsp/jsp-api/2.1/jsp-api-2.1.jar:/home/user/.m2/repository/com/sun/jersey/jersey-servlet/1.19/jersey-servlet-1.19.jar:/home/user/.m2/repository/com/sun/jersey/jersey-json/1.19/jersey-json-1.19.jar:/home/user/.m2/repository/org/codehaus/jettison/jettison/1.1/jettison-1.1.jar:/home/user/.m2/repository/org/codehaus/jackson/jackson-core-asl/1.9.13/jackson-core-asl-1.9.13.jar:/home/user/.m2/repository/org/codehaus/jackson/jackson-mapper-asl/1.9.13/jackson-mapper-asl-1.9.13.jar:/home/user/.m2/repository/org/codehaus/jackson/jackson-jaxrs/1.9.13/jackson-jaxrs-1.9.13.jar:/home/user/.m2/repository/org/codehaus/jackson/jackson-xc/1.9.13/jackson-xc-1.9.13.jar:/home/user/.m2/repository/commons-logging/commons-logging/1.1.3/commons-logging-1.1.3.jar:/home/user/.m2/repository/commons-beanutils/commons-beanutils/1.9.3/commons-beanutils-1.9.3.jar:/home/user/.m2/repository/org/apache/commons/commons-configuration2/2.1.1/commons-configuration2-2.1.1.jar:/home/user/.m2/repository/org/apache/commons/commons-lang3/3.7/commons-lang3-3.7.jar:/home/user/.m2/repository/org/apache/commons/commons-text/1.4/commons-text-1.4.jar:/home/user/.m2/repository/org/apache/avro/avro/1.7.7/avro-1.7.7.jar:/home/user/.m2/repository/com/thoughtworks/paranamer/paranamer/2.3/paranamer-2.3.jar:/home/user/.m2/repository/org/xerial/snappy/snappy-java/1.0.5/snappy-java-1.0.5.jar:/home/user/.m2/repository/com/google/re2j/re2j/1.1/re2j-1.1.jar:/home/user/.m2/repository/com/google/code/gson/gson/2.2.4/gson-2.2.4.jar:/home/user/.m2/repository/com/jcraft/jsch/0.1.54/jsch-0.1.54.jar:/home/user/.m2/repository/org/apache/curator/curator-client/2.12.0/curator-client-2.12.0.jar:/home/user/.m2/repository/org/apache/curator/curator-recipes/2.12.0/curator-recipes-2.12.0.jar:/home/user/.m2/repository/com/google/code/findbugs/jsr305/3.0.0/jsr305-3.0.0.jar:/home/user/.m2/repository/org/apache/htrace/htrace-core4/4.1.0-incubating/htrace-core4-4.1.0-incubating.jar:/home/user/.m2/repository/org/apache/zookeeper/zookeeper/3.4.13/zookeeper-3.4.13.jar:/home/user/.m2/repository/org/apache/yetus/audience-annotations/0.5.0/audience-annotations-0.5.0.jar:/home/user/.m2/repository/org/codehaus/woodstox/stax2-api/3.1.4/stax2-api-3.1.4.jar:/home/user/.m2/repository/com/fasterxml/woodstox/woodstox-core/5.0.3/woodstox-core-5.0.3.jar:/home/user/.m2/repository/dnsjava/dnsjava/2.1.7/dnsjava-2.1.7.jar:/home/user/.m2/repository/org/apache/hadoop/hadoop-hdfs/3.2.0/hadoop-hdfs-3.2.0-tests.jar:/home/user/.m2/repository/org/eclipse/jetty/jetty-util-ajax/9.3.24.v20180605/jetty-util-ajax-9.3.24.v20180605.jar:/home/user/.m2/repository/commons-daemon/commons-daemon/1.0.13/commons-daemon-1.0.13.jar:/home/user/.m2/repository/io/netty/netty/3.10.5.Final/netty-3.10.5.Final.jar:/home/user/.m2/repository/io/netty/netty-all/4.0.52.Final/netty-all-4.0.52.Final.jar:/home/user/.m2/repository/org/fusesource/leveldbjni/leveldbjni-all/1.8/leveldbjni-all-1.8.jar:"/>
    <property name="sun.cpu.endian" value="little"/>
    <property name="user.home" value="/home/user"/>
    <property name="user.language" value="en"/>
    <property name="java.specification.vendor" value="Oracle Corporation"/>
    <property name="java.home" value="/usr/lib/jvm/java-1.8-openjdk/jre"/>
    <property name="java.security.krb5.conf" value="/workdir/hadoop-ozone/integration-test/target/test-classes/krb5.conf"/>
    <property name="basedir" value="/workdir/hadoop-ozone/integration-test"/>
    <property name="file.separator" value="/"/>
    <property name="line.separator" value="&#10;"/>
    <property name="java.vm.specification.vendor" value="Oracle Corporation"/>
    <property name="java.specification.name" value="Java Platform API Specification"/>
    <property name="java.awt.graphicsenv" value="sun.awt.X11GraphicsEnvironment"/>
    <property name="surefire.real.class.path" value="/workdir/hadoop-ozone/integration-test/target/surefire/surefirebooter5413721924735658320.jar"/>
    <property name="hadoop.log.dir" value="/workdir/hadoop-ozone/integration-test/target/log"/>
    <property name="sun.boot.class.path" value="/usr/lib/jvm/java-1.8-openjdk/jre/lib/resources.jar:/usr/lib/jvm/java-1.8-openjdk/jre/lib/rt.jar:/usr/lib/jvm/java-1.8-openjdk/jre/lib/sunrsasign.jar:/usr/lib/jvm/java-1.8-openjdk/jre/lib/jsse.jar:/usr/lib/jvm/java-1.8-openjdk/jre/lib/jce.jar:/usr/lib/jvm/java-1.8-openjdk/jre/lib/charsets.jar:/usr/lib/jvm/java-1.8-openjdk/jre/lib/jfr.jar:/usr/lib/jvm/java-1.8-openjdk/jre/classes"/>
    <property name="sun.management.compiler" value="HotSpot 64-Bit Tiered Compilers"/>
    <property name="java.runtime.version" value="1.8.0_212-b04"/>
    <property name="java.net.preferIPv4Stack" value="true"/>
    <property name="user.name" value="jenkins1000"/>
    <property name="path.separator" value=":"/>
    <property name="java.security.egd" value="file:///dev/urandom"/>
    <property name="os.version" value="3.10.0-957.12.2.el7.x86_64"/>
    <property name="java.endorsed.dirs" value="/usr/lib/jvm/java-1.8-openjdk/jre/lib/endorsed"/>
    <property name="java.runtime.name" value="OpenJDK Runtime Environment"/>
    <property name="file.encoding" value="UTF-8"/>
    <property name="java.vm.name" value="OpenJDK 64-Bit Server VM"/>
    <property name="test.build.webapps" value=""/>
    <property name="localRepository" value="/home/user/.m2/repository"/>
    <property name="java.vendor.url.bug" value="https://icedtea.classpath.org/bugzilla"/>
    <property name="java.io.tmpdir" value="/tmp"/>
    <property name="require.test.libhadoop" value=""/>
    <property name="java.version" value="1.8.0_212"/>
    <property name="user.dir" value="/workdir/hadoop-ozone/integration-test"/>
    <property name="os.arch" value="amd64"/>
    <property name="java.vm.specification.name" value="Java Virtual Machine Specification"/>
    <property name="test.build.classes" value="/workdir/hadoop-ozone/integration-test/target/test-classes"/>
    <property name="java.awt.printerjob" value="sun.print.PSPrinterJob"/>
    <property name="sun.os.patch.level" value="unknown"/>
    <property name="hadoop.tmp.dir" value="/workdir/hadoop-ozone/integration-test/target/tmp"/>
    <property name="java.library.path" value="/usr/lib/jvm/java-1.8-openjdk/jre/lib/amd64/server:/usr/lib/jvm/java-1.8-openjdk/jre/lib/amd64:/usr/lib/jvm/java-1.8-openjdk/jre/../lib/amd64:/workdir/hadoop-ozone/integration-test/target/native/target/usr/local/lib:/workdir/hadoop-ozone/integration-test/../../hadoop-common-project/hadoop-common/target/native/target/usr/local/lib:/usr/java/packages/lib/amd64:/usr/lib64:/lib64:/lib:/usr/lib"/>
    <property name="java.vm.info" value="mixed mode"/>
    <property name="java.vendor" value="IcedTea"/>
    <property name="java.vm.version" value="25.212-b04"/>
    <property name="java.ext.dirs" value="/usr/lib/jvm/java-1.8-openjdk/jre/lib/ext:/usr/java/packages/lib/ext"/>
    <property name="sun.io.unicode.encoding" value="UnicodeLittle"/>
    <property name="java.class.version" value="52.0"/>
  </properties>
  <testcase name="testWatchForCommitWithKeyWrite" classname="org.apache.hadoop.ozone.client.rpc.TestWatchForCommit" time="62.782"/>
  <testcase name="testWatchForCommitWithSmallerTimeoutValue" classname="org.apache.hadoop.ozone.client.rpc.TestWatchForCommit" time="46.86"/>
  <testcase name="testWatchForCommitForRetryfailure" classname="org.apache.hadoop.ozone.client.rpc.TestWatchForCommit" time="32.289">
    <error message="org.apache.ratis.protocol.RaftRetryFailureException: Failed RaftClientRequest:client-B79BA30C2E5A-&gt;d247bb88-96d6-4a5e-a7ac-1fab2e0c2a64@group-8CE3A0CF6A36, cid=66, seq=1*, RW, org.apache.hadoop.hdds.scm.XceiverClientRatis$$Lambda$429/1295803795@77ba00dd for 20 attempts with RetryLimited(maxAttempts=20, sleepTime=1000ms)" type="java.util.concurrent.ExecutionException">java.util.concurrent.ExecutionException: org.apache.ratis.protocol.RaftRetryFailureException: Failed RaftClientRequest:client-B79BA30C2E5A->d247bb88-96d6-4a5e-a7ac-1fab2e0c2a64@group-8CE3A0CF6A36, cid=66, seq=1*, RW, org.apache.hadoop.hdds.scm.XceiverClientRatis$$Lambda$429/1295803795@77ba00dd for 20 attempts with RetryLimited(maxAttempts=20, sleepTime=1000ms)
	at java.util.concurrent.CompletableFuture.reportGet(CompletableFuture.java:357)
	at java.util.concurrent.CompletableFuture.get(CompletableFuture.java:1895)
	at org.apache.hadoop.ozone.client.rpc.TestWatchForCommit.testWatchForCommitForRetryfailure(TestWatchForCommit.java:335)
	at sun.reflect.NativeMethodAccessorImpl.invoke0(Native Method)
	at sun.reflect.NativeMethodAccessorImpl.invoke(NativeMethodAccessorImpl.java:62)
	at sun.reflect.DelegatingMethodAccessorImpl.invoke(DelegatingMethodAccessorImpl.java:43)
	at java.lang.reflect.Method.invoke(Method.java:498)
	at org.junit.runners.model.FrameworkMethod$1.runReflectiveCall(FrameworkMethod.java:47)
	at org.junit.internal.runners.model.ReflectiveCallable.run(ReflectiveCallable.java:12)
	at org.junit.runners.model.FrameworkMethod.invokeExplosively(FrameworkMethod.java:44)
	at org.junit.internal.runners.statements.InvokeMethod.evaluate(InvokeMethod.java:17)
	at org.junit.runners.ParentRunner.runLeaf(ParentRunner.java:271)
	at org.junit.runners.BlockJUnit4ClassRunner.runChild(BlockJUnit4ClassRunner.java:70)
	at org.junit.runners.BlockJUnit4ClassRunner.runChild(BlockJUnit4ClassRunner.java:50)
	at org.junit.runners.ParentRunner$3.run(ParentRunner.java:238)
	at org.junit.runners.ParentRunner$1.schedule(ParentRunner.java:63)
	at org.junit.runners.ParentRunner.runChildren(ParentRunner.java:236)
	at org.junit.runners.ParentRunner.access$000(ParentRunner.java:53)
	at org.junit.runners.ParentRunner$2.evaluate(ParentRunner.java:229)
	at org.junit.runners.ParentRunner.run(ParentRunner.java:309)
	at org.apache.maven.surefire.junit4.JUnit4Provider.execute(JUnit4Provider.java:365)
	at org.apache.maven.surefire.junit4.JUnit4Provider.executeWithRerun(JUnit4Provider.java:273)
	at org.apache.maven.surefire.junit4.JUnit4Provider.executeTestSet(JUnit4Provider.java:238)
	at org.apache.maven.surefire.junit4.JUnit4Provider.invoke(JUnit4Provider.java:159)
	at org.apache.maven.surefire.booter.ForkedBooter.invokeProviderInSameClassLoader(ForkedBooter.java:384)
	at org.apache.maven.surefire.booter.ForkedBooter.runSuitesInProcess(ForkedBooter.java:345)
	at org.apache.maven.surefire.booter.ForkedBooter.execute(ForkedBooter.java:126)
	at org.apache.maven.surefire.booter.ForkedBooter.main(ForkedBooter.java:418)
Caused by: org.apache.ratis.protocol.RaftRetryFailureException: Failed RaftClientRequest:client-B79BA30C2E5A->d247bb88-96d6-4a5e-a7ac-1fab2e0c2a64@group-8CE3A0CF6A36, cid=66, seq=1*, RW, org.apache.hadoop.hdds.scm.XceiverClientRatis$$Lambda$429/1295803795@77ba00dd for 20 attempts with RetryLimited(maxAttempts=20, sleepTime=1000ms)
	at org.apache.ratis.client.impl.RaftClientImpl.noMoreRetries(RaftClientImpl.java:272)
	at org.apache.ratis.client.impl.OrderedAsync.handleAsyncRetryFailure(OrderedAsync.java:138)
	at org.apache.ratis.client.impl.OrderedAsync.lambda$sendRequest$10(OrderedAsync.java:230)
	at java.util.concurrent.CompletableFuture.uniExceptionally(CompletableFuture.java:870)
	at java.util.concurrent.CompletableFuture$UniExceptionally.tryFire(CompletableFuture.java:852)
	at java.util.concurrent.CompletableFuture.postComplete(CompletableFuture.java:474)
	at java.util.concurrent.CompletableFuture.completeExceptionally(CompletableFuture.java:1977)
	at org.apache.ratis.grpc.client.GrpcClientProtocolClient$AsyncStreamObservers.completeReplyExceptionally(GrpcClientProtocolClient.java:330)
	at org.apache.ratis.grpc.client.GrpcClientProtocolClient$AsyncStreamObservers.access$000(GrpcClientProtocolClient.java:246)
	at org.apache.ratis.grpc.client.GrpcClientProtocolClient$AsyncStreamObservers$1.onNext(GrpcClientProtocolClient.java:258)
	at org.apache.ratis.grpc.client.GrpcClientProtocolClient$AsyncStreamObservers$1.onNext(GrpcClientProtocolClient.java:249)
	at org.apache.ratis.thirdparty.io.grpc.stub.ClientCalls$StreamObserverToCallListenerAdapter.onMessage(ClientCalls.java:421)
	at org.apache.ratis.thirdparty.io.grpc.ForwardingClientCallListener.onMessage(ForwardingClientCallListener.java:33)
	at org.apache.ratis.thirdparty.io.grpc.ForwardingClientCallListener.onMessage(ForwardingClientCallListener.java:33)
	at org.apache.ratis.thirdparty.io.grpc.internal.ClientCallImpl$ClientStreamListenerImpl$1MessagesAvailable.runInContext(ClientCallImpl.java:519)
	at org.apache.ratis.thirdparty.io.grpc.internal.ContextRunnable.run(ContextRunnable.java:37)
	at org.apache.ratis.thirdparty.io.grpc.internal.SerializingExecutor.run(SerializingExecutor.java:123)
	at java.util.concurrent.ThreadPoolExecutor.runWorker(ThreadPoolExecutor.java:1149)
	at java.util.concurrent.ThreadPoolExecutor$Worker.run(ThreadPoolExecutor.java:624)
	at java.lang.Thread.run(Thread.java:748)
Caused by: org.apache.ratis.protocol.NotLeaderException: Server d247bb88-96d6-4a5e-a7ac-1fab2e0c2a64 is not the leader (null). Request must be sent to leader.
	at org.apache.ratis.client.impl.ClientProtoUtils.toRaftClientReply(ClientProtoUtils.java:242)
	at org.apache.ratis.grpc.client.GrpcClientProtocolClient$AsyncStreamObservers$1.onNext(GrpcClientProtocolClient.java:254)
	... 10 more
</error>
    <system-out><![CDATA[2019-09-05 18:06:16,303 [main] WARN  server.ServerUtils (ServerUtils.java:getScmDbDir(145)) - ozone.scm.db.dirs is not configured. We recommend adding this setting. Falling back to ozone.metadata.dirs instead.
2019-09-05 18:06:17,174 [main] WARN  server.ServerUtils (ServerUtils.java:getScmDbDir(145)) - ozone.scm.db.dirs is not configured. We recommend adding this setting. Falling back to ozone.metadata.dirs instead.
2019-09-05 18:06:17,174 [main] WARN  server.ServerUtils (ServerUtils.java:getScmDbDir(145)) - ozone.scm.db.dirs is not configured. We recommend adding this setting. Falling back to ozone.metadata.dirs instead.
2019-09-05 18:06:17,175 [main] INFO  db.DBStoreBuilder (DBStoreBuilder.java:addTable(110)) - using custom profile for table: deletedBlocks
2019-09-05 18:06:17,175 [main] INFO  db.DBStoreBuilder (DBStoreBuilder.java:processTables(161)) - Using default column profile:DBProfile.DISK for Table:deletedBlocks
2019-09-05 18:06:17,176 [main] INFO  db.DBStoreBuilder (DBStoreBuilder.java:addTable(110)) - using custom profile for table: validCerts
2019-09-05 18:06:17,176 [main] INFO  db.DBStoreBuilder (DBStoreBuilder.java:processTables(161)) - Using default column profile:DBProfile.DISK for Table:validCerts
2019-09-05 18:06:17,176 [main] INFO  db.DBStoreBuilder (DBStoreBuilder.java:addTable(110)) - using custom profile for table: revokedCerts
2019-09-05 18:06:17,176 [main] INFO  db.DBStoreBuilder (DBStoreBuilder.java:processTables(161)) - Using default column profile:DBProfile.DISK for Table:revokedCerts
2019-09-05 18:06:17,177 [main] INFO  db.DBStoreBuilder (DBStoreBuilder.java:addTable(110)) - using custom profile for table: default
2019-09-05 18:06:17,177 [main] INFO  db.DBStoreBuilder (DBStoreBuilder.java:processTables(167)) - Using default column profile:DBProfile.DISK for Table:default
2019-09-05 18:06:17,177 [main] INFO  db.DBStoreBuilder (DBStoreBuilder.java:getDbProfile(198)) - Using default options. DBProfile.DISK
2019-09-05 18:06:18,423 [main] INFO  net.NodeSchemaLoader (NodeSchemaLoader.java:loadSchemaFromFile(125)) - Loading file from sun.misc.CompoundEnumeration@57a6a933
2019-09-05 18:06:18,423 [main] INFO  net.NodeSchemaLoader (NodeSchemaLoader.java:loadSchema(171)) - Loading network topology layer schema file
2019-09-05 18:06:18,428 [main] WARN  server.ServerUtils (ServerUtils.java:sanitizeUserArgs(70)) - ozone.scm.stale.node.interval value = 300000 is larger than max = 100000 based on the key value of ozone.scm.heartbeat.thread.interval, reset to the max value 100000.
2019-09-05 18:06:18,428 [main] WARN  server.ServerUtils (ServerUtils.java:sanitizeUserArgs(70)) - ozone.scm.stale.node.interval value = 300000 is larger than max = 100000 based on the key value of ozone.scm.heartbeat.thread.interval, reset to the max value 100000.
2019-09-05 18:06:18,429 [main] INFO  node.SCMNodeManager (SCMNodeManager.java:<init>(114)) - Entering startup safe mode.
2019-09-05 18:06:18,429 [main] INFO  algorithms.ContainerPlacementPolicyFactory (ContainerPlacementPolicyFactory.java:getPolicy(55)) - Create container placement policy of type org.apache.hadoop.hdds.scm.container.placement.algorithms.SCMContainerPlacementRandom
2019-09-05 18:06:18,430 [main] WARN  server.ServerUtils (ServerUtils.java:getScmDbDir(145)) - ozone.scm.db.dirs is not configured. We recommend adding this setting. Falling back to ozone.metadata.dirs instead.
2019-09-05 18:06:18,631 [main] INFO  pipeline.SCMPipelineManager (SCMPipelineManager.java:initializePipelineState(128)) - No pipeline exists in current db
2019-09-05 18:06:18,631 [main] WARN  server.ServerUtils (ServerUtils.java:getScmDbDir(145)) - ozone.scm.db.dirs is not configured. We recommend adding this setting. Falling back to ozone.metadata.dirs instead.
2019-09-05 18:06:19,413 [main] WARN  events.EventQueue (EventQueue.java:fireEvent(183)) - No event handler registered for event TypedEvent{payloadType=SafeModeStatus, name='SafeModeStatus'}
2019-09-05 18:06:19,414 [main] INFO  ipc.CallQueueManager (CallQueueManager.java:<init>(84)) - Using callQueue: class java.util.concurrent.LinkedBlockingQueue, queueCapacity: 2000, scheduler: class org.apache.hadoop.ipc.DefaultRpcScheduler, ipcBackoff: false.
2019-09-05 18:06:19,415 [Socket Reader #1 for port 45129] INFO  ipc.Server (Server.java:run(1074)) - Starting Socket Reader #1 for port 45129
2019-09-05 18:06:19,418 [main] INFO  ipc.CallQueueManager (CallQueueManager.java:<init>(84)) - Using callQueue: class java.util.concurrent.LinkedBlockingQueue, queueCapacity: 2000, scheduler: class org.apache.hadoop.ipc.DefaultRpcScheduler, ipcBackoff: false.
2019-09-05 18:06:19,419 [Socket Reader #1 for port 41283] INFO  ipc.Server (Server.java:run(1074)) - Starting Socket Reader #1 for port 41283
2019-09-05 18:06:19,420 [main] INFO  ipc.CallQueueManager (CallQueueManager.java:<init>(84)) - Using callQueue: class java.util.concurrent.LinkedBlockingQueue, queueCapacity: 2000, scheduler: class org.apache.hadoop.ipc.DefaultRpcScheduler, ipcBackoff: false.
2019-09-05 18:06:19,421 [Socket Reader #1 for port 37610] INFO  ipc.Server (Server.java:run(1074)) - Starting Socket Reader #1 for port 37610
2019-09-05 18:06:19,424 [main] INFO  hdfs.DFSUtil (DFSUtil.java:httpServerTemplateForNNAndJN(1641)) - Starting Web-server for scm at: http://0.0.0.0:0
2019-09-05 18:06:19,426 [main] INFO  server.AuthenticationFilter (AuthenticationFilter.java:constructSecretProvider(240)) - Unable to initialize FileSignerSecretProvider, falling back to use random secrets.
2019-09-05 18:06:19,426 [main] WARN  http.HttpRequestLog (HttpRequestLog.java:getRequestLog(97)) - Jetty request log can only be enabled using Log4j
2019-09-05 18:06:19,429 [main] INFO  http.HttpServer2 (HttpServer2.java:addGlobalFilter(975)) - Added global filter 'safety' (class=org.apache.hadoop.http.HttpServer2$QuotingInputFilter)
2019-09-05 18:06:19,430 [main] INFO  http.HttpServer2 (HttpServer2.java:addFilter(948)) - Added filter static_user_filter (class=org.apache.hadoop.http.lib.StaticUserWebFilter$StaticUserFilter) to context scm
2019-09-05 18:06:19,430 [main] INFO  http.HttpServer2 (HttpServer2.java:addFilter(958)) - Added filter static_user_filter (class=org.apache.hadoop.http.lib.StaticUserWebFilter$StaticUserFilter) to context logs
2019-09-05 18:06:19,430 [main] INFO  http.HttpServer2 (HttpServer2.java:addFilter(958)) - Added filter static_user_filter (class=org.apache.hadoop.http.lib.StaticUserWebFilter$StaticUserFilter) to context static
2019-09-05 18:06:19,434 [main] INFO  server.StorageContainerManager (StorageContainerManager.java:start(759)) - StorageContainerLocationProtocol RPC server is listening at /0.0.0.0:37610
2019-09-05 18:06:19,436 [main] WARN  impl.MetricsConfig (MetricsConfig.java:loadFirst(134)) - Cannot locate configuration: tried hadoop-metrics2-storagecontainermanager.properties,hadoop-metrics2.properties
2019-09-05 18:06:19,438 [main] INFO  impl.MetricsSystemImpl (MetricsSystemImpl.java:startTimer(374)) - Scheduled Metric snapshot period at 10 second(s).
2019-09-05 18:06:19,438 [main] INFO  impl.MetricsSystemImpl (MetricsSystemImpl.java:start(191)) - StorageContainerManager metrics system started
2019-09-05 18:06:19,521 [main] WARN  impl.MetricsSystemImpl (MetricsSystemImpl.java:register(276)) - Sink prometheus already exists!
2019-09-05 18:06:19,530 [main] INFO  server.SCMClientProtocolServer (SCMClientProtocolServer.java:start(151)) - RPC server for Client  is listening at /0.0.0.0:37610
2019-09-05 18:06:19,531 [IPC Server listener on 37610] INFO  ipc.Server (Server.java:run(1153)) - IPC Server listener on 37610: starting
2019-09-05 18:06:19,531 [IPC Server Responder] INFO  ipc.Server (Server.java:run(1314)) - IPC Server Responder: starting
2019-09-05 18:06:19,535 [main] INFO  server.StorageContainerManager (StorageContainerManager.java:start(769)) - ScmBlockLocationProtocol RPC server is listening at /0.0.0.0:41283
2019-09-05 18:06:19,535 [main] INFO  server.SCMBlockProtocolServer (SCMBlockProtocolServer.java:start(146)) - RPC server for Block Protocol is listening at /0.0.0.0:41283
2019-09-05 18:06:19,536 [IPC Server Responder] INFO  ipc.Server (Server.java:run(1314)) - IPC Server Responder: starting
2019-09-05 18:06:19,536 [IPC Server listener on 41283] INFO  ipc.Server (Server.java:run(1153)) - IPC Server listener on 41283: starting
2019-09-05 18:06:19,541 [main] INFO  server.StorageContainerManager (StorageContainerManager.java:start(773)) - ScmDatanodeProtocl RPC server is listening at /0.0.0.0:45129
2019-09-05 18:06:19,541 [main] INFO  server.SCMDatanodeProtocolServer (SCMDatanodeProtocolServer.java:start(191)) - RPC server for DataNodes is listening at /0.0.0.0:45129
2019-09-05 18:06:19,541 [IPC Server Responder] INFO  ipc.Server (Server.java:run(1314)) - IPC Server Responder: starting
2019-09-05 18:06:19,541 [IPC Server listener on 45129] INFO  ipc.Server (Server.java:run(1153)) - IPC Server listener on 45129: starting
2019-09-05 18:06:19,546 [main] INFO  http.HttpServer2 (HttpServer2.java:bindListener(1191)) - Jetty bound to port 41159
2019-09-05 18:06:19,546 [main] INFO  server.Server (Server.java:doStart(351)) - jetty-9.3.24.v20180605, build timestamp: 2018-06-05T17:11:56Z, git hash: 84205aa28f11a4f31f2a3b86d1bba2cc8ab69827
2019-09-05 18:06:19,548 [main] INFO  handler.ContextHandler (ContextHandler.java:doStart(781)) - Started o.e.j.s.ServletContextHandler@50ab56e2{/logs,file:///workdir/hadoop-ozone/integration-test/target/log,AVAILABLE}
2019-09-05 18:06:19,549 [main] INFO  handler.ContextHandler (ContextHandler.java:doStart(781)) - Started o.e.j.s.ServletContextHandler@74834afd{/static,file:///workdir/hadoop-ozone/integration-test/target/test-classes/webapps/static,AVAILABLE}
2019-09-05 18:06:19,553 [main] INFO  handler.ContextHandler (ContextHandler.java:doStart(781)) - Started o.e.j.w.WebAppContext@6963b88c{/,file:///workdir/hadoop-ozone/integration-test/target/test-classes/webapps/scm/,AVAILABLE}{/scm}
2019-09-05 18:06:19,553 [main] INFO  server.AbstractConnector (AbstractConnector.java:doStart(278)) - Started ServerConnector@ab24484{HTTP/1.1,[http/1.1]}{0.0.0.0:41159}
2019-09-05 18:06:19,554 [main] INFO  server.Server (Server.java:doStart(419)) - Started @113338ms
2019-09-05 18:06:19,554 [main] WARN  impl.MetricsSystemImpl (MetricsSystemImpl.java:register(276)) - Sink prometheus already exists!
2019-09-05 18:06:19,555 [main] INFO  server.BaseHttpServer (BaseHttpServer.java:updateConnectorAddress(215)) - HTTP server of SCM is listening at http://0.0.0.0:41159
2019-09-05 18:06:19,557 [main] WARN  server.ServerUtils (ServerUtils.java:getDBPath(222)) - ozone.om.db.dirs is not configured. We recommend adding this setting. Falling back to ozone.metadata.dirs instead.
2019-09-05 18:06:19,557 [org.apache.hadoop.util.JvmPauseMonitor$Monitor@106b014e] INFO  util.JvmPauseMonitor (JvmPauseMonitor.java:run(188)) - Starting JVM pause monitor
2019-09-05 18:06:19,623 [main] WARN  server.ServerUtils (ServerUtils.java:getDBPath(222)) - ozone.om.db.dirs is not configured. We recommend adding this setting. Falling back to ozone.metadata.dirs instead.
2019-09-05 18:06:19,624 [main] WARN  server.ServerUtils (ServerUtils.java:getDBPath(222)) - ozone.om.db.dirs is not configured. We recommend adding this setting. Falling back to ozone.metadata.dirs instead.
2019-09-05 18:06:19,624 [main] INFO  om.OzoneManager (OzoneManager.java:setOMNodeDetails(649)) - OM Service ID is not set. Setting it to the default ID: omServiceIdDefault
2019-09-05 18:06:19,625 [main] INFO  om.OzoneManager (OzoneManager.java:setOMNodeDetails(655)) - OM Node ID is not set. Setting it to the OmStorage's OmID: e4fe12c3-b9ee-405b-a1a9-efbf16171b37
2019-09-05 18:06:19,625 [main] INFO  om.OzoneManager (OzoneManager.java:loadOMHAConfigs(606)) - Found matching OM address with OMServiceId: null, OMNodeId: null, RPC Address: localhost:0 and Ratis port: 9872
2019-09-05 18:06:19,634 [main] WARN  server.ServerUtils (ServerUtils.java:getDBPath(222)) - ozone.om.db.dirs is not configured. We recommend adding this setting. Falling back to ozone.metadata.dirs instead.
2019-09-05 18:06:19,634 [main] INFO  db.DBStoreBuilder (DBStoreBuilder.java:addTable(110)) - using custom profile for table: userTable
2019-09-05 18:06:19,635 [main] INFO  db.DBStoreBuilder (DBStoreBuilder.java:processTables(161)) - Using default column profile:DBProfile.DISK for Table:userTable
2019-09-05 18:06:19,635 [main] INFO  db.DBStoreBuilder (DBStoreBuilder.java:addTable(110)) - using custom profile for table: volumeTable
2019-09-05 18:06:19,635 [main] INFO  db.DBStoreBuilder (DBStoreBuilder.java:processTables(161)) - Using default column profile:DBProfile.DISK for Table:volumeTable
2019-09-05 18:06:19,636 [main] INFO  db.DBStoreBuilder (DBStoreBuilder.java:addTable(110)) - using custom profile for table: bucketTable
2019-09-05 18:06:19,636 [main] INFO  db.DBStoreBuilder (DBStoreBuilder.java:processTables(161)) - Using default column profile:DBProfile.DISK for Table:bucketTable
2019-09-05 18:06:19,636 [main] INFO  db.DBStoreBuilder (DBStoreBuilder.java:addTable(110)) - using custom profile for table: keyTable
2019-09-05 18:06:19,636 [main] INFO  db.DBStoreBuilder (DBStoreBuilder.java:processTables(161)) - Using default column profile:DBProfile.DISK for Table:keyTable
2019-09-05 18:06:19,637 [main] INFO  db.DBStoreBuilder (DBStoreBuilder.java:addTable(110)) - using custom profile for table: deletedTable
2019-09-05 18:06:19,637 [main] INFO  db.DBStoreBuilder (DBStoreBuilder.java:processTables(161)) - Using default column profile:DBProfile.DISK for Table:deletedTable
2019-09-05 18:06:19,637 [main] INFO  db.DBStoreBuilder (DBStoreBuilder.java:addTable(110)) - using custom profile for table: openKeyTable
2019-09-05 18:06:19,638 [main] INFO  db.DBStoreBuilder (DBStoreBuilder.java:processTables(161)) - Using default column profile:DBProfile.DISK for Table:openKeyTable
2019-09-05 18:06:19,638 [main] INFO  db.DBStoreBuilder (DBStoreBuilder.java:addTable(110)) - using custom profile for table: s3Table
2019-09-05 18:06:19,638 [main] INFO  db.DBStoreBuilder (DBStoreBuilder.java:processTables(161)) - Using default column profile:DBProfile.DISK for Table:s3Table
2019-09-05 18:06:19,638 [main] INFO  db.DBStoreBuilder (DBStoreBuilder.java:addTable(110)) - using custom profile for table: multipartInfoTable
2019-09-05 18:06:19,639 [main] INFO  db.DBStoreBuilder (DBStoreBuilder.java:processTables(161)) - Using default column profile:DBProfile.DISK for Table:multipartInfoTable
2019-09-05 18:06:19,639 [main] INFO  db.DBStoreBuilder (DBStoreBuilder.java:addTable(110)) - using custom profile for table: dTokenTable
2019-09-05 18:06:19,639 [main] INFO  db.DBStoreBuilder (DBStoreBuilder.java:processTables(161)) - Using default column profile:DBProfile.DISK for Table:dTokenTable
2019-09-05 18:06:19,640 [main] INFO  db.DBStoreBuilder (DBStoreBuilder.java:addTable(110)) - using custom profile for table: s3SecretTable
2019-09-05 18:06:19,640 [main] INFO  db.DBStoreBuilder (DBStoreBuilder.java:processTables(161)) - Using default column profile:DBProfile.DISK for Table:s3SecretTable
2019-09-05 18:06:19,640 [main] INFO  db.DBStoreBuilder (DBStoreBuilder.java:addTable(110)) - using custom profile for table: prefixTable
2019-09-05 18:06:19,640 [main] INFO  db.DBStoreBuilder (DBStoreBuilder.java:processTables(161)) - Using default column profile:DBProfile.DISK for Table:prefixTable
2019-09-05 18:06:19,641 [main] INFO  db.DBStoreBuilder (DBStoreBuilder.java:addTable(110)) - using custom profile for table: default
2019-09-05 18:06:19,641 [main] INFO  db.DBStoreBuilder (DBStoreBuilder.java:processTables(167)) - Using default column profile:DBProfile.DISK for Table:default
2019-09-05 18:06:19,641 [main] INFO  db.DBStoreBuilder (DBStoreBuilder.java:getDbProfile(198)) - Using default options. DBProfile.DISK
2019-09-05 18:06:22,772 [main] INFO  ipc.CallQueueManager (CallQueueManager.java:<init>(84)) - Using callQueue: class java.util.concurrent.LinkedBlockingQueue, queueCapacity: 2000, scheduler: class org.apache.hadoop.ipc.DefaultRpcScheduler, ipcBackoff: false.
2019-09-05 18:06:22,774 [Socket Reader #1 for port 41777] INFO  ipc.Server (Server.java:run(1074)) - Starting Socket Reader #1 for port 41777
2019-09-05 18:06:22,801 [main] INFO  om.OzoneManager (OzoneManager.java:start(1240)) - OzoneManager RPC server is listening at localhost/127.0.0.1:41777
2019-09-05 18:06:22,801 [main] INFO  impl.MetricsSystemImpl (MetricsSystemImpl.java:init(158)) - OzoneManager metrics system started (again)
2019-09-05 18:06:22,802 [IPC Server Responder] INFO  ipc.Server (Server.java:run(1314)) - IPC Server Responder: starting
2019-09-05 18:06:22,802 [IPC Server listener on 41777] INFO  ipc.Server (Server.java:run(1153)) - IPC Server listener on 41777: starting
2019-09-05 18:06:22,808 [main] INFO  hdfs.DFSUtil (DFSUtil.java:httpServerTemplateForNNAndJN(1641)) - Starting Web-server for ozoneManager at: http://0.0.0.0:0
2019-09-05 18:06:22,812 [main] INFO  server.AuthenticationFilter (AuthenticationFilter.java:constructSecretProvider(240)) - Unable to initialize FileSignerSecretProvider, falling back to use random secrets.
2019-09-05 18:06:22,812 [main] WARN  http.HttpRequestLog (HttpRequestLog.java:getRequestLog(97)) - Jetty request log can only be enabled using Log4j
2019-09-05 18:06:22,814 [main] INFO  http.HttpServer2 (HttpServer2.java:addGlobalFilter(975)) - Added global filter 'safety' (class=org.apache.hadoop.http.HttpServer2$QuotingInputFilter)
2019-09-05 18:06:22,814 [main] INFO  http.HttpServer2 (HttpServer2.java:addFilter(948)) - Added filter static_user_filter (class=org.apache.hadoop.http.lib.StaticUserWebFilter$StaticUserFilter) to context ozoneManager
2019-09-05 18:06:22,814 [main] INFO  http.HttpServer2 (HttpServer2.java:addFilter(958)) - Added filter static_user_filter (class=org.apache.hadoop.http.lib.StaticUserWebFilter$StaticUserFilter) to context logs
2019-09-05 18:06:22,815 [main] INFO  http.HttpServer2 (HttpServer2.java:addFilter(958)) - Added filter static_user_filter (class=org.apache.hadoop.http.lib.StaticUserWebFilter$StaticUserFilter) to context static
2019-09-05 18:06:22,815 [main] INFO  http.HttpServer2 (HttpServer2.java:bindListener(1191)) - Jetty bound to port 43572
2019-09-05 18:06:22,815 [main] INFO  server.Server (Server.java:doStart(351)) - jetty-9.3.24.v20180605, build timestamp: 2018-06-05T17:11:56Z, git hash: 84205aa28f11a4f31f2a3b86d1bba2cc8ab69827
2019-09-05 18:06:22,817 [main] INFO  handler.ContextHandler (ContextHandler.java:doStart(781)) - Started o.e.j.s.ServletContextHandler@75cf0de5{/logs,file:///workdir/hadoop-ozone/integration-test/target/log,AVAILABLE}
2019-09-05 18:06:22,818 [main] INFO  handler.ContextHandler (ContextHandler.java:doStart(781)) - Started o.e.j.s.ServletContextHandler@468173fa{/static,file:///workdir/hadoop-ozone/integration-test/target/test-classes/webapps/static,AVAILABLE}
2019-09-05 18:06:22,822 [main] INFO  handler.ContextHandler (ContextHandler.java:doStart(781)) - Started o.e.j.w.WebAppContext@7e7e962d{/,file:///workdir/hadoop-ozone/integration-test/target/test-classes/webapps/ozoneManager/,AVAILABLE}{/ozoneManager}
2019-09-05 18:06:22,822 [main] INFO  server.AbstractConnector (AbstractConnector.java:doStart(278)) - Started ServerConnector@17229821{HTTP/1.1,[http/1.1]}{0.0.0.0:43572}
2019-09-05 18:06:22,826 [main] INFO  server.Server (Server.java:doStart(419)) - Started @116609ms
2019-09-05 18:06:22,826 [main] WARN  impl.MetricsSystemImpl (MetricsSystemImpl.java:register(276)) - Sink prometheus already exists!
2019-09-05 18:06:22,826 [main] INFO  server.BaseHttpServer (BaseHttpServer.java:updateConnectorAddress(215)) - HTTP server of OZONEMANAGER is listening at http://0.0.0.0:43572
2019-09-05 18:06:22,842 [main] INFO  impl.MetricsSystemImpl (MetricsSystemImpl.java:init(158)) - HddsDatanode metrics system started (again)
2019-09-05 18:06:22,845 [main] INFO  ozone.HddsDatanodeService (HddsDatanodeService.java:start(184)) - HddsDatanodeService host:pr-hdds-2007-hnd8f-2977735972 ip:192.168.36.125
2019-09-05 18:06:22,851 [main] INFO  volume.HddsVolume (HddsVolume.java:<init>(176)) - Creating Volume: /workdir/hadoop-ozone/integration-test/target/test-dir/MiniOzoneClusterImpl-4222d414-12f0-45c6-b3cb-e3750e5b8e76/datanode-0/data/containers/hdds of  storage type : DISK and capacity : 1482555576320
2019-09-05 18:06:22,852 [main] INFO  volume.VolumeSet (VolumeSet.java:initializeVolumeSet(170)) - Added Volume : /workdir/hadoop-ozone/integration-test/target/test-dir/MiniOzoneClusterImpl-4222d414-12f0-45c6-b3cb-e3750e5b8e76/datanode-0/data/containers/hdds to VolumeSet
2019-09-05 18:06:22,852 [main] INFO  volume.ThrottledAsyncChecker (ThrottledAsyncChecker.java:schedule(140)) - Scheduling a check for org.apache.hadoop.ozone.container.common.volume.HddsVolume@79eeff87
2019-09-05 18:06:22,852 [main] INFO  volume.HddsVolumeChecker (HddsVolumeChecker.java:checkAllVolumes(203)) - Scheduled health check for volume org.apache.hadoop.ozone.container.common.volume.HddsVolume@79eeff87
2019-09-05 18:06:22,866 [main] INFO  impl.RaftServerProxy (ConfUtils.java:logGet(43)) - raft.rpc.type = GRPC (default)
2019-09-05 18:06:22,866 [main] INFO  grpc.GrpcFactory (GrpcFactory.java:checkPooledByteBufAllocatorUseCacheForAllThreads(45)) - PERFORMANCE WARNING: useCacheForAllThreads is true that may cause Netty to create a lot garbage objects and, as a result, trigger GC.
	It is recommended to disable useCacheForAllThreads by setting -Dorg.apache.ratis.thirdparty.io.netty.allocator.useCacheForAllThreads=false in command line.
2019-09-05 18:06:22,866 [main] INFO  grpc.GrpcConfigKeys$Server (ConfUtils.java:logGet(43)) - raft.grpc.server.port = 0 (default)
2019-09-05 18:06:22,866 [main] INFO  server.GrpcService (ConfUtils.java:logGet(43)) - raft.grpc.message.size.max = 33570816 (custom)
2019-09-05 18:06:22,866 [main] INFO  server.RaftServerConfigKeys (ConfUtils.java:logGet(43)) - raft.server.log.appender.buffer.byte-limit = 33554432 (custom)
2019-09-05 18:06:22,867 [main] INFO  server.GrpcService (ConfUtils.java:logGet(43)) - raft.grpc.flow.control.window = 1MB (=1048576) (default)
2019-09-05 18:06:22,867 [main] INFO  server.RaftServerConfigKeys (ConfUtils.java:logGet(43)) - raft.server.rpc.request.timeout = 3000ms (default)
2019-09-05 18:06:22,867 [main] INFO  server.RaftServerConfigKeys (ConfUtils.java:logGet(43)) - raft.server.storage.dir = [/workdir/hadoop-ozone/integration-test/target/test-dir/MiniOzoneClusterImpl-4222d414-12f0-45c6-b3cb-e3750e5b8e76/datanode-0/data/ratis] (custom)
2019-09-05 18:06:22,869 [main] INFO  hdfs.DFSUtil (DFSUtil.java:httpServerTemplateForNNAndJN(1641)) - Starting Web-server for hddsDatanode at: http://0.0.0.0:0
2019-09-05 18:06:22,871 [main] INFO  server.AuthenticationFilter (AuthenticationFilter.java:constructSecretProvider(240)) - Unable to initialize FileSignerSecretProvider, falling back to use random secrets.
2019-09-05 18:06:22,872 [main] WARN  http.HttpRequestLog (HttpRequestLog.java:getRequestLog(97)) - Jetty request log can only be enabled using Log4j
2019-09-05 18:06:22,874 [main] INFO  http.HttpServer2 (HttpServer2.java:addGlobalFilter(975)) - Added global filter 'safety' (class=org.apache.hadoop.http.HttpServer2$QuotingInputFilter)
2019-09-05 18:06:22,875 [main] INFO  http.HttpServer2 (HttpServer2.java:addFilter(948)) - Added filter static_user_filter (class=org.apache.hadoop.http.lib.StaticUserWebFilter$StaticUserFilter) to context hddsDatanode
2019-09-05 18:06:22,875 [main] INFO  http.HttpServer2 (HttpServer2.java:addFilter(958)) - Added filter static_user_filter (class=org.apache.hadoop.http.lib.StaticUserWebFilter$StaticUserFilter) to context logs
2019-09-05 18:06:22,875 [main] INFO  http.HttpServer2 (HttpServer2.java:addFilter(958)) - Added filter static_user_filter (class=org.apache.hadoop.http.lib.StaticUserWebFilter$StaticUserFilter) to context static
2019-09-05 18:06:22,876 [main] INFO  http.HttpServer2 (HttpServer2.java:bindListener(1191)) - Jetty bound to port 36280
2019-09-05 18:06:22,877 [main] INFO  server.Server (Server.java:doStart(351)) - jetty-9.3.24.v20180605, build timestamp: 2018-06-05T17:11:56Z, git hash: 84205aa28f11a4f31f2a3b86d1bba2cc8ab69827
2019-09-05 18:06:22,879 [main] INFO  handler.ContextHandler (ContextHandler.java:doStart(781)) - Started o.e.j.s.ServletContextHandler@5ccb85d6{/logs,file:///workdir/hadoop-ozone/integration-test/target/log,AVAILABLE}
2019-09-05 18:06:22,879 [main] INFO  handler.ContextHandler (ContextHandler.java:doStart(781)) - Started o.e.j.s.ServletContextHandler@259b85d6{/static,jar:file:/home/user/.m2/repository/org/apache/hadoop/hadoop-hdds-container-service/0.5.0-SNAPSHOT/hadoop-hdds-container-service-0.5.0-SNAPSHOT.jar!/webapps/static,AVAILABLE}
2019-09-05 18:06:22,911 [main] INFO  handler.ContextHandler (ContextHandler.java:doStart(781)) - Started o.e.j.w.WebAppContext@7ba93755{/,file:///tmp/jetty-0.0.0.0-36280-hddsDatanode-_-any-6275564413126495632.dir/webapp/,AVAILABLE}{/hddsDatanode}
2019-09-05 18:06:22,912 [main] INFO  server.AbstractConnector (AbstractConnector.java:doStart(278)) - Started ServerConnector@22dc59b2{HTTP/1.1,[http/1.1]}{0.0.0.0:36280}
2019-09-05 18:06:22,913 [main] INFO  server.Server (Server.java:doStart(419)) - Started @116697ms
2019-09-05 18:06:22,913 [main] WARN  impl.MetricsSystemImpl (MetricsSystemImpl.java:register(276)) - Sink prometheus already exists!
2019-09-05 18:06:22,914 [main] INFO  server.BaseHttpServer (BaseHttpServer.java:updateConnectorAddress(215)) - HTTP server of HDDSDATANODE is listening at http://0.0.0.0:36280
2019-09-05 18:06:22,914 [main] INFO  impl.MetricsSystemImpl (MetricsSystemImpl.java:init(158)) - HddsDatanode metrics system started (again)
2019-09-05 18:06:22,917 [org.apache.hadoop.util.JvmPauseMonitor$Monitor@2b6c6575] INFO  util.JvmPauseMonitor (JvmPauseMonitor.java:run(188)) - Starting JVM pause monitor
2019-09-05 18:06:22,917 [main] INFO  ozone.HddsDatanodeService (HddsDatanodeService.java:start(184)) - HddsDatanodeService host:pr-hdds-2007-hnd8f-2977735972 ip:192.168.36.125
2019-09-05 18:06:22,919 [Datanode State Machine Thread - 0] INFO  datanode.InitDatanodeState (InitDatanodeState.java:persistContainerDatanodeDetails(140)) - DatanodeDetails is persisted to /workdir/hadoop-ozone/integration-test/target/test-dir/MiniOzoneClusterImpl-4222d414-12f0-45c6-b3cb-e3750e5b8e76/datanode-0/meta/datanode.id
2019-09-05 18:06:22,924 [main] INFO  volume.HddsVolume (HddsVolume.java:<init>(176)) - Creating Volume: /workdir/hadoop-ozone/integration-test/target/test-dir/MiniOzoneClusterImpl-4222d414-12f0-45c6-b3cb-e3750e5b8e76/datanode-1/data/containers/hdds of  storage type : DISK and capacity : 1482555576320
2019-09-05 18:06:22,924 [main] INFO  volume.VolumeSet (VolumeSet.java:initializeVolumeSet(170)) - Added Volume : /workdir/hadoop-ozone/integration-test/target/test-dir/MiniOzoneClusterImpl-4222d414-12f0-45c6-b3cb-e3750e5b8e76/datanode-1/data/containers/hdds to VolumeSet
2019-09-05 18:06:22,924 [main] INFO  volume.ThrottledAsyncChecker (ThrottledAsyncChecker.java:schedule(140)) - Scheduling a check for org.apache.hadoop.ozone.container.common.volume.HddsVolume@4684240f
2019-09-05 18:06:22,925 [main] INFO  volume.HddsVolumeChecker (HddsVolumeChecker.java:checkAllVolumes(203)) - Scheduled health check for volume org.apache.hadoop.ozone.container.common.volume.HddsVolume@4684240f
2019-09-05 18:06:22,939 [main] INFO  impl.RaftServerProxy (ConfUtils.java:logGet(43)) - raft.rpc.type = GRPC (default)
2019-09-05 18:06:22,939 [main] INFO  grpc.GrpcFactory (GrpcFactory.java:checkPooledByteBufAllocatorUseCacheForAllThreads(45)) - PERFORMANCE WARNING: useCacheForAllThreads is true that may cause Netty to create a lot garbage objects and, as a result, trigger GC.
	It is recommended to disable useCacheForAllThreads by setting -Dorg.apache.ratis.thirdparty.io.netty.allocator.useCacheForAllThreads=false in command line.
2019-09-05 18:06:22,939 [main] INFO  grpc.GrpcConfigKeys$Server (ConfUtils.java:logGet(43)) - raft.grpc.server.port = 0 (default)
2019-09-05 18:06:22,939 [main] INFO  server.GrpcService (ConfUtils.java:logGet(43)) - raft.grpc.message.size.max = 33570816 (custom)
2019-09-05 18:06:22,939 [main] INFO  server.RaftServerConfigKeys (ConfUtils.java:logGet(43)) - raft.server.log.appender.buffer.byte-limit = 33554432 (custom)
2019-09-05 18:06:22,940 [main] INFO  server.GrpcService (ConfUtils.java:logGet(43)) - raft.grpc.flow.control.window = 1MB (=1048576) (default)
2019-09-05 18:06:22,940 [main] INFO  server.RaftServerConfigKeys (ConfUtils.java:logGet(43)) - raft.server.rpc.request.timeout = 3000ms (default)
2019-09-05 18:06:22,940 [main] INFO  server.RaftServerConfigKeys (ConfUtils.java:logGet(43)) - raft.server.storage.dir = [/workdir/hadoop-ozone/integration-test/target/test-dir/MiniOzoneClusterImpl-4222d414-12f0-45c6-b3cb-e3750e5b8e76/datanode-1/data/ratis] (custom)
2019-09-05 18:06:22,942 [main] INFO  hdfs.DFSUtil (DFSUtil.java:httpServerTemplateForNNAndJN(1641)) - Starting Web-server for hddsDatanode at: http://0.0.0.0:0
2019-09-05 18:06:22,944 [main] INFO  server.AuthenticationFilter (AuthenticationFilter.java:constructSecretProvider(240)) - Unable to initialize FileSignerSecretProvider, falling back to use random secrets.
2019-09-05 18:06:22,944 [main] WARN  http.HttpRequestLog (HttpRequestLog.java:getRequestLog(97)) - Jetty request log can only be enabled using Log4j
2019-09-05 18:06:22,945 [main] INFO  http.HttpServer2 (HttpServer2.java:addGlobalFilter(975)) - Added global filter 'safety' (class=org.apache.hadoop.http.HttpServer2$QuotingInputFilter)
2019-09-05 18:06:22,946 [main] INFO  http.HttpServer2 (HttpServer2.java:addFilter(948)) - Added filter static_user_filter (class=org.apache.hadoop.http.lib.StaticUserWebFilter$StaticUserFilter) to context hddsDatanode
2019-09-05 18:06:22,946 [main] INFO  http.HttpServer2 (HttpServer2.java:addFilter(958)) - Added filter static_user_filter (class=org.apache.hadoop.http.lib.StaticUserWebFilter$StaticUserFilter) to context logs
2019-09-05 18:06:22,946 [main] INFO  http.HttpServer2 (HttpServer2.java:addFilter(958)) - Added filter static_user_filter (class=org.apache.hadoop.http.lib.StaticUserWebFilter$StaticUserFilter) to context static
2019-09-05 18:06:22,947 [main] INFO  http.HttpServer2 (HttpServer2.java:bindListener(1191)) - Jetty bound to port 41734
2019-09-05 18:06:22,947 [main] INFO  server.Server (Server.java:doStart(351)) - jetty-9.3.24.v20180605, build timestamp: 2018-06-05T17:11:56Z, git hash: 84205aa28f11a4f31f2a3b86d1bba2cc8ab69827
2019-09-05 18:06:22,948 [main] INFO  handler.ContextHandler (ContextHandler.java:doStart(781)) - Started o.e.j.s.ServletContextHandler@478b0739{/logs,file:///workdir/hadoop-ozone/integration-test/target/log,AVAILABLE}
2019-09-05 18:06:22,949 [main] INFO  handler.ContextHandler (ContextHandler.java:doStart(781)) - Started o.e.j.s.ServletContextHandler@51f95f0d{/static,jar:file:/home/user/.m2/repository/org/apache/hadoop/hadoop-hdds-container-service/0.5.0-SNAPSHOT/hadoop-hdds-container-service-0.5.0-SNAPSHOT.jar!/webapps/static,AVAILABLE}
2019-09-05 18:06:22,975 [main] INFO  handler.ContextHandler (ContextHandler.java:doStart(781)) - Started o.e.j.w.WebAppContext@d7bbf12{/,file:///tmp/jetty-0.0.0.0-41734-hddsDatanode-_-any-1859481171935728474.dir/webapp/,AVAILABLE}{/hddsDatanode}
2019-09-05 18:06:22,976 [main] INFO  server.AbstractConnector (AbstractConnector.java:doStart(278)) - Started ServerConnector@1450131a{HTTP/1.1,[http/1.1]}{0.0.0.0:41734}
2019-09-05 18:06:22,977 [main] INFO  server.Server (Server.java:doStart(419)) - Started @116761ms
2019-09-05 18:06:22,977 [main] WARN  impl.MetricsSystemImpl (MetricsSystemImpl.java:register(276)) - Sink prometheus already exists!
2019-09-05 18:06:22,978 [main] INFO  server.BaseHttpServer (BaseHttpServer.java:updateConnectorAddress(215)) - HTTP server of HDDSDATANODE is listening at http://0.0.0.0:41734
2019-09-05 18:06:22,978 [main] INFO  impl.MetricsSystemImpl (MetricsSystemImpl.java:init(158)) - HddsDatanode metrics system started (again)
2019-09-05 18:06:22,981 [org.apache.hadoop.util.JvmPauseMonitor$Monitor@2c88a244] INFO  util.JvmPauseMonitor (JvmPauseMonitor.java:run(188)) - Starting JVM pause monitor
2019-09-05 18:06:22,981 [main] INFO  ozone.HddsDatanodeService (HddsDatanodeService.java:start(184)) - HddsDatanodeService host:pr-hdds-2007-hnd8f-2977735972 ip:192.168.36.125
2019-09-05 18:06:22,987 [main] INFO  volume.HddsVolume (HddsVolume.java:<init>(176)) - Creating Volume: /workdir/hadoop-ozone/integration-test/target/test-dir/MiniOzoneClusterImpl-4222d414-12f0-45c6-b3cb-e3750e5b8e76/datanode-2/data/containers/hdds of  storage type : DISK and capacity : 1482555576320
2019-09-05 18:06:22,988 [main] INFO  volume.VolumeSet (VolumeSet.java:initializeVolumeSet(170)) - Added Volume : /workdir/hadoop-ozone/integration-test/target/test-dir/MiniOzoneClusterImpl-4222d414-12f0-45c6-b3cb-e3750e5b8e76/datanode-2/data/containers/hdds to VolumeSet
2019-09-05 18:06:22,988 [Datanode State Machine Thread - 0] INFO  datanode.InitDatanodeState (InitDatanodeState.java:persistContainerDatanodeDetails(140)) - DatanodeDetails is persisted to /workdir/hadoop-ozone/integration-test/target/test-dir/MiniOzoneClusterImpl-4222d414-12f0-45c6-b3cb-e3750e5b8e76/datanode-1/meta/datanode.id
2019-09-05 18:06:22,988 [main] INFO  volume.ThrottledAsyncChecker (ThrottledAsyncChecker.java:schedule(140)) - Scheduling a check for org.apache.hadoop.ozone.container.common.volume.HddsVolume@707ca986
2019-09-05 18:06:22,988 [main] INFO  volume.HddsVolumeChecker (HddsVolumeChecker.java:checkAllVolumes(203)) - Scheduled health check for volume org.apache.hadoop.ozone.container.common.volume.HddsVolume@707ca986
2019-09-05 18:06:23,002 [main] INFO  impl.RaftServerProxy (ConfUtils.java:logGet(43)) - raft.rpc.type = GRPC (default)
2019-09-05 18:06:23,002 [main] INFO  grpc.GrpcFactory (GrpcFactory.java:checkPooledByteBufAllocatorUseCacheForAllThreads(45)) - PERFORMANCE WARNING: useCacheForAllThreads is true that may cause Netty to create a lot garbage objects and, as a result, trigger GC.
	It is recommended to disable useCacheForAllThreads by setting -Dorg.apache.ratis.thirdparty.io.netty.allocator.useCacheForAllThreads=false in command line.
2019-09-05 18:06:23,002 [main] INFO  grpc.GrpcConfigKeys$Server (ConfUtils.java:logGet(43)) - raft.grpc.server.port = 0 (default)
2019-09-05 18:06:23,002 [main] INFO  server.GrpcService (ConfUtils.java:logGet(43)) - raft.grpc.message.size.max = 33570816 (custom)
2019-09-05 18:06:23,003 [main] INFO  server.RaftServerConfigKeys (ConfUtils.java:logGet(43)) - raft.server.log.appender.buffer.byte-limit = 33554432 (custom)
2019-09-05 18:06:23,003 [main] INFO  server.GrpcService (ConfUtils.java:logGet(43)) - raft.grpc.flow.control.window = 1MB (=1048576) (default)
2019-09-05 18:06:23,003 [main] INFO  server.RaftServerConfigKeys (ConfUtils.java:logGet(43)) - raft.server.rpc.request.timeout = 3000ms (default)
2019-09-05 18:06:23,003 [main] INFO  server.RaftServerConfigKeys (ConfUtils.java:logGet(43)) - raft.server.storage.dir = [/workdir/hadoop-ozone/integration-test/target/test-dir/MiniOzoneClusterImpl-4222d414-12f0-45c6-b3cb-e3750e5b8e76/datanode-2/data/ratis] (custom)
2019-09-05 18:06:23,005 [main] INFO  hdfs.DFSUtil (DFSUtil.java:httpServerTemplateForNNAndJN(1641)) - Starting Web-server for hddsDatanode at: http://0.0.0.0:0
2019-09-05 18:06:23,007 [main] INFO  server.AuthenticationFilter (AuthenticationFilter.java:constructSecretProvider(240)) - Unable to initialize FileSignerSecretProvider, falling back to use random secrets.
2019-09-05 18:06:23,008 [main] WARN  http.HttpRequestLog (HttpRequestLog.java:getRequestLog(97)) - Jetty request log can only be enabled using Log4j
2019-09-05 18:06:23,010 [main] INFO  http.HttpServer2 (HttpServer2.java:addGlobalFilter(975)) - Added global filter 'safety' (class=org.apache.hadoop.http.HttpServer2$QuotingInputFilter)
2019-09-05 18:06:23,011 [main] INFO  http.HttpServer2 (HttpServer2.java:addFilter(948)) - Added filter static_user_filter (class=org.apache.hadoop.http.lib.StaticUserWebFilter$StaticUserFilter) to context hddsDatanode
2019-09-05 18:06:23,011 [main] INFO  http.HttpServer2 (HttpServer2.java:addFilter(958)) - Added filter static_user_filter (class=org.apache.hadoop.http.lib.StaticUserWebFilter$StaticUserFilter) to context static
2019-09-05 18:06:23,011 [main] INFO  http.HttpServer2 (HttpServer2.java:addFilter(958)) - Added filter static_user_filter (class=org.apache.hadoop.http.lib.StaticUserWebFilter$StaticUserFilter) to context logs
2019-09-05 18:06:23,013 [main] INFO  http.HttpServer2 (HttpServer2.java:bindListener(1191)) - Jetty bound to port 33072
2019-09-05 18:06:23,013 [main] INFO  server.Server (Server.java:doStart(351)) - jetty-9.3.24.v20180605, build timestamp: 2018-06-05T17:11:56Z, git hash: 84205aa28f11a4f31f2a3b86d1bba2cc8ab69827
2019-09-05 18:06:23,015 [main] INFO  handler.ContextHandler (ContextHandler.java:doStart(781)) - Started o.e.j.s.ServletContextHandler@52ae997b{/logs,file:///workdir/hadoop-ozone/integration-test/target/log,AVAILABLE}
2019-09-05 18:06:23,016 [main] INFO  handler.ContextHandler (ContextHandler.java:doStart(781)) - Started o.e.j.s.ServletContextHandler@1a01d7f0{/static,jar:file:/home/user/.m2/repository/org/apache/hadoop/hadoop-hdds-container-service/0.5.0-SNAPSHOT/hadoop-hdds-container-service-0.5.0-SNAPSHOT.jar!/webapps/static,AVAILABLE}
2019-09-05 18:06:23,064 [main] INFO  handler.ContextHandler (ContextHandler.java:doStart(781)) - Started o.e.j.w.WebAppContext@2001e48c{/,file:///tmp/jetty-0.0.0.0-33072-hddsDatanode-_-any-1002571309624714141.dir/webapp/,AVAILABLE}{/hddsDatanode}
2019-09-05 18:06:23,065 [main] INFO  server.AbstractConnector (AbstractConnector.java:doStart(278)) - Started ServerConnector@68ddd415{HTTP/1.1,[http/1.1]}{0.0.0.0:33072}
2019-09-05 18:06:23,067 [main] INFO  server.Server (Server.java:doStart(419)) - Started @116851ms
2019-09-05 18:06:23,067 [main] WARN  impl.MetricsSystemImpl (MetricsSystemImpl.java:register(276)) - Sink prometheus already exists!
2019-09-05 18:06:23,068 [main] INFO  server.BaseHttpServer (BaseHttpServer.java:updateConnectorAddress(215)) - HTTP server of HDDSDATANODE is listening at http://0.0.0.0:33072
2019-09-05 18:06:23,069 [main] INFO  impl.MetricsSystemImpl (MetricsSystemImpl.java:init(158)) - HddsDatanode metrics system started (again)
2019-09-05 18:06:23,072 [org.apache.hadoop.util.JvmPauseMonitor$Monitor@5f185bba] INFO  util.JvmPauseMonitor (JvmPauseMonitor.java:run(188)) - Starting JVM pause monitor
2019-09-05 18:06:23,074 [main] INFO  ozone.HddsDatanodeService (HddsDatanodeService.java:start(184)) - HddsDatanodeService host:pr-hdds-2007-hnd8f-2977735972 ip:192.168.36.125
2019-09-05 18:06:23,074 [Datanode State Machine Thread - 0] INFO  datanode.InitDatanodeState (InitDatanodeState.java:persistContainerDatanodeDetails(140)) - DatanodeDetails is persisted to /workdir/hadoop-ozone/integration-test/target/test-dir/MiniOzoneClusterImpl-4222d414-12f0-45c6-b3cb-e3750e5b8e76/datanode-2/meta/datanode.id
2019-09-05 18:06:23,080 [main] INFO  volume.HddsVolume (HddsVolume.java:<init>(176)) - Creating Volume: /workdir/hadoop-ozone/integration-test/target/test-dir/MiniOzoneClusterImpl-4222d414-12f0-45c6-b3cb-e3750e5b8e76/datanode-3/data/containers/hdds of  storage type : DISK and capacity : 1482555576320
2019-09-05 18:06:23,081 [main] INFO  volume.VolumeSet (VolumeSet.java:initializeVolumeSet(170)) - Added Volume : /workdir/hadoop-ozone/integration-test/target/test-dir/MiniOzoneClusterImpl-4222d414-12f0-45c6-b3cb-e3750e5b8e76/datanode-3/data/containers/hdds to VolumeSet
2019-09-05 18:06:23,081 [main] INFO  volume.ThrottledAsyncChecker (ThrottledAsyncChecker.java:schedule(140)) - Scheduling a check for org.apache.hadoop.ozone.container.common.volume.HddsVolume@4cc65c2
2019-09-05 18:06:23,082 [main] INFO  volume.HddsVolumeChecker (HddsVolumeChecker.java:checkAllVolumes(203)) - Scheduled health check for volume org.apache.hadoop.ozone.container.common.volume.HddsVolume@4cc65c2
2019-09-05 18:06:23,106 [main] INFO  impl.RaftServerProxy (ConfUtils.java:logGet(43)) - raft.rpc.type = GRPC (default)
2019-09-05 18:06:23,107 [main] INFO  grpc.GrpcFactory (GrpcFactory.java:checkPooledByteBufAllocatorUseCacheForAllThreads(45)) - PERFORMANCE WARNING: useCacheForAllThreads is true that may cause Netty to create a lot garbage objects and, as a result, trigger GC.
	It is recommended to disable useCacheForAllThreads by setting -Dorg.apache.ratis.thirdparty.io.netty.allocator.useCacheForAllThreads=false in command line.
2019-09-05 18:06:23,107 [main] INFO  grpc.GrpcConfigKeys$Server (ConfUtils.java:logGet(43)) - raft.grpc.server.port = 0 (default)
2019-09-05 18:06:23,107 [main] INFO  server.GrpcService (ConfUtils.java:logGet(43)) - raft.grpc.message.size.max = 33570816 (custom)
2019-09-05 18:06:23,107 [main] INFO  server.RaftServerConfigKeys (ConfUtils.java:logGet(43)) - raft.server.log.appender.buffer.byte-limit = 33554432 (custom)
2019-09-05 18:06:23,108 [main] INFO  server.GrpcService (ConfUtils.java:logGet(43)) - raft.grpc.flow.control.window = 1MB (=1048576) (default)
2019-09-05 18:06:23,108 [main] INFO  server.RaftServerConfigKeys (ConfUtils.java:logGet(43)) - raft.server.rpc.request.timeout = 3000ms (default)
2019-09-05 18:06:23,109 [main] INFO  server.RaftServerConfigKeys (ConfUtils.java:logGet(43)) - raft.server.storage.dir = [/workdir/hadoop-ozone/integration-test/target/test-dir/MiniOzoneClusterImpl-4222d414-12f0-45c6-b3cb-e3750e5b8e76/datanode-3/data/ratis] (custom)
2019-09-05 18:06:23,111 [main] INFO  hdfs.DFSUtil (DFSUtil.java:httpServerTemplateForNNAndJN(1641)) - Starting Web-server for hddsDatanode at: http://0.0.0.0:0
2019-09-05 18:06:23,114 [main] INFO  server.AuthenticationFilter (AuthenticationFilter.java:constructSecretProvider(240)) - Unable to initialize FileSignerSecretProvider, falling back to use random secrets.
2019-09-05 18:06:23,115 [main] WARN  http.HttpRequestLog (HttpRequestLog.java:getRequestLog(97)) - Jetty request log can only be enabled using Log4j
2019-09-05 18:06:23,118 [main] INFO  http.HttpServer2 (HttpServer2.java:addGlobalFilter(975)) - Added global filter 'safety' (class=org.apache.hadoop.http.HttpServer2$QuotingInputFilter)
2019-09-05 18:06:23,119 [main] INFO  http.HttpServer2 (HttpServer2.java:addFilter(948)) - Added filter static_user_filter (class=org.apache.hadoop.http.lib.StaticUserWebFilter$StaticUserFilter) to context hddsDatanode
2019-09-05 18:06:23,120 [main] INFO  http.HttpServer2 (HttpServer2.java:addFilter(958)) - Added filter static_user_filter (class=org.apache.hadoop.http.lib.StaticUserWebFilter$StaticUserFilter) to context logs
2019-09-05 18:06:23,120 [main] INFO  http.HttpServer2 (HttpServer2.java:addFilter(958)) - Added filter static_user_filter (class=org.apache.hadoop.http.lib.StaticUserWebFilter$StaticUserFilter) to context static
2019-09-05 18:06:23,121 [main] INFO  http.HttpServer2 (HttpServer2.java:bindListener(1191)) - Jetty bound to port 38032
2019-09-05 18:06:23,122 [main] INFO  server.Server (Server.java:doStart(351)) - jetty-9.3.24.v20180605, build timestamp: 2018-06-05T17:11:56Z, git hash: 84205aa28f11a4f31f2a3b86d1bba2cc8ab69827
2019-09-05 18:06:23,124 [main] INFO  handler.ContextHandler (ContextHandler.java:doStart(781)) - Started o.e.j.s.ServletContextHandler@6418e39e{/logs,file:///workdir/hadoop-ozone/integration-test/target/log,AVAILABLE}
2019-09-05 18:06:23,125 [main] INFO  handler.ContextHandler (ContextHandler.java:doStart(781)) - Started o.e.j.s.ServletContextHandler@1da1380b{/static,jar:file:/home/user/.m2/repository/org/apache/hadoop/hadoop-hdds-container-service/0.5.0-SNAPSHOT/hadoop-hdds-container-service-0.5.0-SNAPSHOT.jar!/webapps/static,AVAILABLE}
2019-09-05 18:06:23,169 [main] INFO  handler.ContextHandler (ContextHandler.java:doStart(781)) - Started o.e.j.w.WebAppContext@5482bcac{/,file:///tmp/jetty-0.0.0.0-38032-hddsDatanode-_-any-7457910975508357794.dir/webapp/,AVAILABLE}{/hddsDatanode}
2019-09-05 18:06:23,169 [main] INFO  server.AbstractConnector (AbstractConnector.java:doStart(278)) - Started ServerConnector@10244722{HTTP/1.1,[http/1.1]}{0.0.0.0:38032}
2019-09-05 18:06:23,174 [main] INFO  server.Server (Server.java:doStart(419)) - Started @116958ms
2019-09-05 18:06:23,174 [main] WARN  impl.MetricsSystemImpl (MetricsSystemImpl.java:register(276)) - Sink prometheus already exists!
2019-09-05 18:06:23,175 [main] INFO  server.BaseHttpServer (BaseHttpServer.java:updateConnectorAddress(215)) - HTTP server of HDDSDATANODE is listening at http://0.0.0.0:38032
2019-09-05 18:06:23,175 [main] INFO  impl.MetricsSystemImpl (MetricsSystemImpl.java:init(158)) - HddsDatanode metrics system started (again)
2019-09-05 18:06:23,180 [org.apache.hadoop.util.JvmPauseMonitor$Monitor@64119a78] INFO  util.JvmPauseMonitor (JvmPauseMonitor.java:run(188)) - Starting JVM pause monitor
2019-09-05 18:06:23,182 [main] INFO  ozone.HddsDatanodeService (HddsDatanodeService.java:start(184)) - HddsDatanodeService host:pr-hdds-2007-hnd8f-2977735972 ip:192.168.36.125
2019-09-05 18:06:23,183 [Datanode State Machine Thread - 0] INFO  datanode.InitDatanodeState (InitDatanodeState.java:persistContainerDatanodeDetails(140)) - DatanodeDetails is persisted to /workdir/hadoop-ozone/integration-test/target/test-dir/MiniOzoneClusterImpl-4222d414-12f0-45c6-b3cb-e3750e5b8e76/datanode-3/meta/datanode.id
2019-09-05 18:06:23,198 [main] INFO  volume.HddsVolume (HddsVolume.java:<init>(176)) - Creating Volume: /workdir/hadoop-ozone/integration-test/target/test-dir/MiniOzoneClusterImpl-4222d414-12f0-45c6-b3cb-e3750e5b8e76/datanode-4/data/containers/hdds of  storage type : DISK and capacity : 1482555576320
2019-09-05 18:06:23,199 [main] INFO  volume.VolumeSet (VolumeSet.java:initializeVolumeSet(170)) - Added Volume : /workdir/hadoop-ozone/integration-test/target/test-dir/MiniOzoneClusterImpl-4222d414-12f0-45c6-b3cb-e3750e5b8e76/datanode-4/data/containers/hdds to VolumeSet
2019-09-05 18:06:23,199 [main] INFO  volume.ThrottledAsyncChecker (ThrottledAsyncChecker.java:schedule(140)) - Scheduling a check for org.apache.hadoop.ozone.container.common.volume.HddsVolume@8aeab9e
2019-09-05 18:06:23,200 [main] INFO  volume.HddsVolumeChecker (HddsVolumeChecker.java:checkAllVolumes(203)) - Scheduled health check for volume org.apache.hadoop.ozone.container.common.volume.HddsVolume@8aeab9e
2019-09-05 18:06:23,218 [main] INFO  impl.RaftServerProxy (ConfUtils.java:logGet(43)) - raft.rpc.type = GRPC (default)
2019-09-05 18:06:23,218 [main] INFO  grpc.GrpcFactory (GrpcFactory.java:checkPooledByteBufAllocatorUseCacheForAllThreads(45)) - PERFORMANCE WARNING: useCacheForAllThreads is true that may cause Netty to create a lot garbage objects and, as a result, trigger GC.
	It is recommended to disable useCacheForAllThreads by setting -Dorg.apache.ratis.thirdparty.io.netty.allocator.useCacheForAllThreads=false in command line.
2019-09-05 18:06:23,218 [main] INFO  grpc.GrpcConfigKeys$Server (ConfUtils.java:logGet(43)) - raft.grpc.server.port = 0 (default)
2019-09-05 18:06:23,218 [main] INFO  server.GrpcService (ConfUtils.java:logGet(43)) - raft.grpc.message.size.max = 33570816 (custom)
2019-09-05 18:06:23,219 [main] INFO  server.RaftServerConfigKeys (ConfUtils.java:logGet(43)) - raft.server.log.appender.buffer.byte-limit = 33554432 (custom)
2019-09-05 18:06:23,219 [main] INFO  server.GrpcService (ConfUtils.java:logGet(43)) - raft.grpc.flow.control.window = 1MB (=1048576) (default)
2019-09-05 18:06:23,219 [main] INFO  server.RaftServerConfigKeys (ConfUtils.java:logGet(43)) - raft.server.rpc.request.timeout = 3000ms (default)
2019-09-05 18:06:23,220 [main] INFO  server.RaftServerConfigKeys (ConfUtils.java:logGet(43)) - raft.server.storage.dir = [/workdir/hadoop-ozone/integration-test/target/test-dir/MiniOzoneClusterImpl-4222d414-12f0-45c6-b3cb-e3750e5b8e76/datanode-4/data/ratis] (custom)
2019-09-05 18:06:23,221 [main] INFO  hdfs.DFSUtil (DFSUtil.java:httpServerTemplateForNNAndJN(1641)) - Starting Web-server for hddsDatanode at: http://0.0.0.0:0
2019-09-05 18:06:23,223 [main] INFO  server.AuthenticationFilter (AuthenticationFilter.java:constructSecretProvider(240)) - Unable to initialize FileSignerSecretProvider, falling back to use random secrets.
2019-09-05 18:06:23,223 [main] WARN  http.HttpRequestLog (HttpRequestLog.java:getRequestLog(97)) - Jetty request log can only be enabled using Log4j
2019-09-05 18:06:23,225 [main] INFO  http.HttpServer2 (HttpServer2.java:addGlobalFilter(975)) - Added global filter 'safety' (class=org.apache.hadoop.http.HttpServer2$QuotingInputFilter)
2019-09-05 18:06:23,226 [main] INFO  http.HttpServer2 (HttpServer2.java:addFilter(948)) - Added filter static_user_filter (class=org.apache.hadoop.http.lib.StaticUserWebFilter$StaticUserFilter) to context hddsDatanode
2019-09-05 18:06:23,226 [main] INFO  http.HttpServer2 (HttpServer2.java:addFilter(958)) - Added filter static_user_filter (class=org.apache.hadoop.http.lib.StaticUserWebFilter$StaticUserFilter) to context logs
2019-09-05 18:06:23,226 [main] INFO  http.HttpServer2 (HttpServer2.java:addFilter(958)) - Added filter static_user_filter (class=org.apache.hadoop.http.lib.StaticUserWebFilter$StaticUserFilter) to context static
2019-09-05 18:06:23,227 [main] INFO  http.HttpServer2 (HttpServer2.java:bindListener(1191)) - Jetty bound to port 46210
2019-09-05 18:06:23,228 [main] INFO  server.Server (Server.java:doStart(351)) - jetty-9.3.24.v20180605, build timestamp: 2018-06-05T17:11:56Z, git hash: 84205aa28f11a4f31f2a3b86d1bba2cc8ab69827
2019-09-05 18:06:23,230 [main] INFO  handler.ContextHandler (ContextHandler.java:doStart(781)) - Started o.e.j.s.ServletContextHandler@3db432c2{/logs,file:///workdir/hadoop-ozone/integration-test/target/log,AVAILABLE}
2019-09-05 18:06:23,230 [main] INFO  handler.ContextHandler (ContextHandler.java:doStart(781)) - Started o.e.j.s.ServletContextHandler@1903b5d{/static,jar:file:/home/user/.m2/repository/org/apache/hadoop/hadoop-hdds-container-service/0.5.0-SNAPSHOT/hadoop-hdds-container-service-0.5.0-SNAPSHOT.jar!/webapps/static,AVAILABLE}
2019-09-05 18:06:23,264 [main] INFO  handler.ContextHandler (ContextHandler.java:doStart(781)) - Started o.e.j.w.WebAppContext@9687f55{/,file:///tmp/jetty-0.0.0.0-46210-hddsDatanode-_-any-2297795913542954136.dir/webapp/,AVAILABLE}{/hddsDatanode}
2019-09-05 18:06:23,265 [main] INFO  server.AbstractConnector (AbstractConnector.java:doStart(278)) - Started ServerConnector@5700c9db{HTTP/1.1,[http/1.1]}{0.0.0.0:46210}
2019-09-05 18:06:23,266 [main] INFO  server.Server (Server.java:doStart(419)) - Started @117050ms
2019-09-05 18:06:23,266 [main] WARN  impl.MetricsSystemImpl (MetricsSystemImpl.java:register(276)) - Sink prometheus already exists!
2019-09-05 18:06:23,267 [main] INFO  server.BaseHttpServer (BaseHttpServer.java:updateConnectorAddress(215)) - HTTP server of HDDSDATANODE is listening at http://0.0.0.0:46210
2019-09-05 18:06:23,267 [main] INFO  impl.MetricsSystemImpl (MetricsSystemImpl.java:init(158)) - HddsDatanode metrics system started (again)
2019-09-05 18:06:23,271 [org.apache.hadoop.util.JvmPauseMonitor$Monitor@4a4719ac] INFO  util.JvmPauseMonitor (JvmPauseMonitor.java:run(188)) - Starting JVM pause monitor
2019-09-05 18:06:23,272 [main] INFO  ozone.HddsDatanodeService (HddsDatanodeService.java:start(184)) - HddsDatanodeService host:pr-hdds-2007-hnd8f-2977735972 ip:192.168.36.125
2019-09-05 18:06:23,273 [Datanode State Machine Thread - 0] INFO  datanode.InitDatanodeState (InitDatanodeState.java:persistContainerDatanodeDetails(140)) - DatanodeDetails is persisted to /workdir/hadoop-ozone/integration-test/target/test-dir/MiniOzoneClusterImpl-4222d414-12f0-45c6-b3cb-e3750e5b8e76/datanode-4/meta/datanode.id
2019-09-05 18:06:23,278 [main] INFO  volume.HddsVolume (HddsVolume.java:<init>(176)) - Creating Volume: /workdir/hadoop-ozone/integration-test/target/test-dir/MiniOzoneClusterImpl-4222d414-12f0-45c6-b3cb-e3750e5b8e76/datanode-5/data/containers/hdds of  storage type : DISK and capacity : 1482555576320
2019-09-05 18:06:23,279 [main] INFO  volume.VolumeSet (VolumeSet.java:initializeVolumeSet(170)) - Added Volume : /workdir/hadoop-ozone/integration-test/target/test-dir/MiniOzoneClusterImpl-4222d414-12f0-45c6-b3cb-e3750e5b8e76/datanode-5/data/containers/hdds to VolumeSet
2019-09-05 18:06:23,279 [main] INFO  volume.ThrottledAsyncChecker (ThrottledAsyncChecker.java:schedule(140)) - Scheduling a check for org.apache.hadoop.ozone.container.common.volume.HddsVolume@1a538ed8
2019-09-05 18:06:23,279 [main] INFO  volume.HddsVolumeChecker (HddsVolumeChecker.java:checkAllVolumes(203)) - Scheduled health check for volume org.apache.hadoop.ozone.container.common.volume.HddsVolume@1a538ed8
2019-09-05 18:06:23,292 [main] INFO  impl.RaftServerProxy (ConfUtils.java:logGet(43)) - raft.rpc.type = GRPC (default)
2019-09-05 18:06:23,292 [main] INFO  grpc.GrpcFactory (GrpcFactory.java:checkPooledByteBufAllocatorUseCacheForAllThreads(45)) - PERFORMANCE WARNING: useCacheForAllThreads is true that may cause Netty to create a lot garbage objects and, as a result, trigger GC.
	It is recommended to disable useCacheForAllThreads by setting -Dorg.apache.ratis.thirdparty.io.netty.allocator.useCacheForAllThreads=false in command line.
2019-09-05 18:06:23,293 [main] INFO  grpc.GrpcConfigKeys$Server (ConfUtils.java:logGet(43)) - raft.grpc.server.port = 0 (default)
2019-09-05 18:06:23,293 [main] INFO  server.GrpcService (ConfUtils.java:logGet(43)) - raft.grpc.message.size.max = 33570816 (custom)
2019-09-05 18:06:23,293 [main] INFO  server.RaftServerConfigKeys (ConfUtils.java:logGet(43)) - raft.server.log.appender.buffer.byte-limit = 33554432 (custom)
2019-09-05 18:06:23,293 [main] INFO  server.GrpcService (ConfUtils.java:logGet(43)) - raft.grpc.flow.control.window = 1MB (=1048576) (default)
2019-09-05 18:06:23,294 [main] INFO  server.RaftServerConfigKeys (ConfUtils.java:logGet(43)) - raft.server.rpc.request.timeout = 3000ms (default)
2019-09-05 18:06:23,294 [main] INFO  server.RaftServerConfigKeys (ConfUtils.java:logGet(43)) - raft.server.storage.dir = [/workdir/hadoop-ozone/integration-test/target/test-dir/MiniOzoneClusterImpl-4222d414-12f0-45c6-b3cb-e3750e5b8e76/datanode-5/data/ratis] (custom)
2019-09-05 18:06:23,295 [main] INFO  hdfs.DFSUtil (DFSUtil.java:httpServerTemplateForNNAndJN(1641)) - Starting Web-server for hddsDatanode at: http://0.0.0.0:0
2019-09-05 18:06:23,297 [main] INFO  server.AuthenticationFilter (AuthenticationFilter.java:constructSecretProvider(240)) - Unable to initialize FileSignerSecretProvider, falling back to use random secrets.
2019-09-05 18:06:23,298 [main] WARN  http.HttpRequestLog (HttpRequestLog.java:getRequestLog(97)) - Jetty request log can only be enabled using Log4j
2019-09-05 18:06:23,300 [main] INFO  http.HttpServer2 (HttpServer2.java:addGlobalFilter(975)) - Added global filter 'safety' (class=org.apache.hadoop.http.HttpServer2$QuotingInputFilter)
2019-09-05 18:06:23,301 [main] INFO  http.HttpServer2 (HttpServer2.java:addFilter(948)) - Added filter static_user_filter (class=org.apache.hadoop.http.lib.StaticUserWebFilter$StaticUserFilter) to context hddsDatanode
2019-09-05 18:06:23,301 [main] INFO  http.HttpServer2 (HttpServer2.java:addFilter(958)) - Added filter static_user_filter (class=org.apache.hadoop.http.lib.StaticUserWebFilter$StaticUserFilter) to context logs
2019-09-05 18:06:23,301 [main] INFO  http.HttpServer2 (HttpServer2.java:addFilter(958)) - Added filter static_user_filter (class=org.apache.hadoop.http.lib.StaticUserWebFilter$StaticUserFilter) to context static
2019-09-05 18:06:23,302 [main] INFO  http.HttpServer2 (HttpServer2.java:bindListener(1191)) - Jetty bound to port 43688
2019-09-05 18:06:23,302 [main] INFO  server.Server (Server.java:doStart(351)) - jetty-9.3.24.v20180605, build timestamp: 2018-06-05T17:11:56Z, git hash: 84205aa28f11a4f31f2a3b86d1bba2cc8ab69827
2019-09-05 18:06:23,304 [main] INFO  handler.ContextHandler (ContextHandler.java:doStart(781)) - Started o.e.j.s.ServletContextHandler@738d37fc{/logs,file:///workdir/hadoop-ozone/integration-test/target/log,AVAILABLE}
2019-09-05 18:06:23,305 [main] INFO  handler.ContextHandler (ContextHandler.java:doStart(781)) - Started o.e.j.s.ServletContextHandler@61bb1e4d{/static,jar:file:/home/user/.m2/repository/org/apache/hadoop/hadoop-hdds-container-service/0.5.0-SNAPSHOT/hadoop-hdds-container-service-0.5.0-SNAPSHOT.jar!/webapps/static,AVAILABLE}
2019-09-05 18:06:23,334 [main] INFO  handler.ContextHandler (ContextHandler.java:doStart(781)) - Started o.e.j.w.WebAppContext@331ff3ac{/,file:///tmp/jetty-0.0.0.0-43688-hddsDatanode-_-any-2541091974809561925.dir/webapp/,AVAILABLE}{/hddsDatanode}
2019-09-05 18:06:23,335 [main] INFO  server.AbstractConnector (AbstractConnector.java:doStart(278)) - Started ServerConnector@2e5e6fc4{HTTP/1.1,[http/1.1]}{0.0.0.0:43688}
2019-09-05 18:06:23,336 [main] INFO  server.Server (Server.java:doStart(419)) - Started @117120ms
2019-09-05 18:06:23,336 [main] WARN  impl.MetricsSystemImpl (MetricsSystemImpl.java:register(276)) - Sink prometheus already exists!
2019-09-05 18:06:23,337 [main] INFO  server.BaseHttpServer (BaseHttpServer.java:updateConnectorAddress(215)) - HTTP server of HDDSDATANODE is listening at http://0.0.0.0:43688
2019-09-05 18:06:23,338 [main] INFO  impl.MetricsSystemImpl (MetricsSystemImpl.java:init(158)) - HddsDatanode metrics system started (again)
2019-09-05 18:06:23,341 [org.apache.hadoop.util.JvmPauseMonitor$Monitor@60c9211d] INFO  util.JvmPauseMonitor (JvmPauseMonitor.java:run(188)) - Starting JVM pause monitor
2019-09-05 18:06:23,342 [main] INFO  ozone.HddsDatanodeService (HddsDatanodeService.java:start(184)) - HddsDatanodeService host:pr-hdds-2007-hnd8f-2977735972 ip:192.168.36.125
2019-09-05 18:06:23,343 [Datanode State Machine Thread - 0] INFO  datanode.InitDatanodeState (InitDatanodeState.java:persistContainerDatanodeDetails(140)) - DatanodeDetails is persisted to /workdir/hadoop-ozone/integration-test/target/test-dir/MiniOzoneClusterImpl-4222d414-12f0-45c6-b3cb-e3750e5b8e76/datanode-5/meta/datanode.id
2019-09-05 18:06:23,348 [main] INFO  volume.HddsVolume (HddsVolume.java:<init>(176)) - Creating Volume: /workdir/hadoop-ozone/integration-test/target/test-dir/MiniOzoneClusterImpl-4222d414-12f0-45c6-b3cb-e3750e5b8e76/datanode-6/data/containers/hdds of  storage type : DISK and capacity : 1482555576320
2019-09-05 18:06:23,349 [main] INFO  volume.VolumeSet (VolumeSet.java:initializeVolumeSet(170)) - Added Volume : /workdir/hadoop-ozone/integration-test/target/test-dir/MiniOzoneClusterImpl-4222d414-12f0-45c6-b3cb-e3750e5b8e76/datanode-6/data/containers/hdds to VolumeSet
2019-09-05 18:06:23,349 [main] INFO  volume.ThrottledAsyncChecker (ThrottledAsyncChecker.java:schedule(140)) - Scheduling a check for org.apache.hadoop.ozone.container.common.volume.HddsVolume@d13baac
2019-09-05 18:06:23,349 [main] INFO  volume.HddsVolumeChecker (HddsVolumeChecker.java:checkAllVolumes(203)) - Scheduled health check for volume org.apache.hadoop.ozone.container.common.volume.HddsVolume@d13baac
2019-09-05 18:06:23,363 [main] INFO  impl.RaftServerProxy (ConfUtils.java:logGet(43)) - raft.rpc.type = GRPC (default)
2019-09-05 18:06:23,363 [main] INFO  grpc.GrpcFactory (GrpcFactory.java:checkPooledByteBufAllocatorUseCacheForAllThreads(45)) - PERFORMANCE WARNING: useCacheForAllThreads is true that may cause Netty to create a lot garbage objects and, as a result, trigger GC.
	It is recommended to disable useCacheForAllThreads by setting -Dorg.apache.ratis.thirdparty.io.netty.allocator.useCacheForAllThreads=false in command line.
2019-09-05 18:06:23,363 [main] INFO  grpc.GrpcConfigKeys$Server (ConfUtils.java:logGet(43)) - raft.grpc.server.port = 0 (default)
2019-09-05 18:06:23,363 [main] INFO  server.GrpcService (ConfUtils.java:logGet(43)) - raft.grpc.message.size.max = 33570816 (custom)
2019-09-05 18:06:23,363 [main] INFO  server.RaftServerConfigKeys (ConfUtils.java:logGet(43)) - raft.server.log.appender.buffer.byte-limit = 33554432 (custom)
2019-09-05 18:06:23,364 [main] INFO  server.GrpcService (ConfUtils.java:logGet(43)) - raft.grpc.flow.control.window = 1MB (=1048576) (default)
2019-09-05 18:06:23,364 [main] INFO  server.RaftServerConfigKeys (ConfUtils.java:logGet(43)) - raft.server.rpc.request.timeout = 3000ms (default)
2019-09-05 18:06:23,364 [main] INFO  server.RaftServerConfigKeys (ConfUtils.java:logGet(43)) - raft.server.storage.dir = [/workdir/hadoop-ozone/integration-test/target/test-dir/MiniOzoneClusterImpl-4222d414-12f0-45c6-b3cb-e3750e5b8e76/datanode-6/data/ratis] (custom)
2019-09-05 18:06:23,366 [main] INFO  hdfs.DFSUtil (DFSUtil.java:httpServerTemplateForNNAndJN(1641)) - Starting Web-server for hddsDatanode at: http://0.0.0.0:0
2019-09-05 18:06:23,367 [main] INFO  server.AuthenticationFilter (AuthenticationFilter.java:constructSecretProvider(240)) - Unable to initialize FileSignerSecretProvider, falling back to use random secrets.
2019-09-05 18:06:23,367 [main] WARN  http.HttpRequestLog (HttpRequestLog.java:getRequestLog(97)) - Jetty request log can only be enabled using Log4j
2019-09-05 18:06:23,369 [main] INFO  http.HttpServer2 (HttpServer2.java:addGlobalFilter(975)) - Added global filter 'safety' (class=org.apache.hadoop.http.HttpServer2$QuotingInputFilter)
2019-09-05 18:06:23,369 [main] INFO  http.HttpServer2 (HttpServer2.java:addFilter(948)) - Added filter static_user_filter (class=org.apache.hadoop.http.lib.StaticUserWebFilter$StaticUserFilter) to context hddsDatanode
2019-09-05 18:06:23,369 [main] INFO  http.HttpServer2 (HttpServer2.java:addFilter(958)) - Added filter static_user_filter (class=org.apache.hadoop.http.lib.StaticUserWebFilter$StaticUserFilter) to context logs
2019-09-05 18:06:23,370 [main] INFO  http.HttpServer2 (HttpServer2.java:addFilter(958)) - Added filter static_user_filter (class=org.apache.hadoop.http.lib.StaticUserWebFilter$StaticUserFilter) to context static
2019-09-05 18:06:23,370 [main] INFO  http.HttpServer2 (HttpServer2.java:bindListener(1191)) - Jetty bound to port 33413
2019-09-05 18:06:23,370 [main] INFO  server.Server (Server.java:doStart(351)) - jetty-9.3.24.v20180605, build timestamp: 2018-06-05T17:11:56Z, git hash: 84205aa28f11a4f31f2a3b86d1bba2cc8ab69827
2019-09-05 18:06:23,372 [main] INFO  handler.ContextHandler (ContextHandler.java:doStart(781)) - Started o.e.j.s.ServletContextHandler@3fbe503c{/logs,file:///workdir/hadoop-ozone/integration-test/target/log,AVAILABLE}
2019-09-05 18:06:23,373 [main] INFO  handler.ContextHandler (ContextHandler.java:doStart(781)) - Started o.e.j.s.ServletContextHandler@15d0d6c9{/static,jar:file:/home/user/.m2/repository/org/apache/hadoop/hadoop-hdds-container-service/0.5.0-SNAPSHOT/hadoop-hdds-container-service-0.5.0-SNAPSHOT.jar!/webapps/static,AVAILABLE}
2019-09-05 18:06:23,399 [main] INFO  handler.ContextHandler (ContextHandler.java:doStart(781)) - Started o.e.j.w.WebAppContext@536b71b4{/,file:///tmp/jetty-0.0.0.0-33413-hddsDatanode-_-any-4177873452314712077.dir/webapp/,AVAILABLE}{/hddsDatanode}
2019-09-05 18:06:23,400 [main] INFO  server.AbstractConnector (AbstractConnector.java:doStart(278)) - Started ServerConnector@789c3057{HTTP/1.1,[http/1.1]}{0.0.0.0:33413}
2019-09-05 18:06:23,401 [main] INFO  server.Server (Server.java:doStart(419)) - Started @117185ms
2019-09-05 18:06:23,402 [main] WARN  impl.MetricsSystemImpl (MetricsSystemImpl.java:register(276)) - Sink prometheus already exists!
2019-09-05 18:06:23,402 [main] INFO  server.BaseHttpServer (BaseHttpServer.java:updateConnectorAddress(215)) - HTTP server of HDDSDATANODE is listening at http://0.0.0.0:33413
2019-09-05 18:06:23,403 [main] INFO  ozone.MiniOzoneClusterImpl (MiniOzoneClusterImpl.java:lambda$waitForClusterToBeReady$0(140)) - Waiting for cluster to be ready. Got 0 of 7 DN Heartbeats.
2019-09-05 18:06:23,404 [org.apache.hadoop.util.JvmPauseMonitor$Monitor@190f6e2a] INFO  util.JvmPauseMonitor (JvmPauseMonitor.java:run(188)) - Starting JVM pause monitor
2019-09-05 18:06:23,405 [Datanode State Machine Thread - 0] INFO  datanode.InitDatanodeState (InitDatanodeState.java:persistContainerDatanodeDetails(140)) - DatanodeDetails is persisted to /workdir/hadoop-ozone/integration-test/target/test-dir/MiniOzoneClusterImpl-4222d414-12f0-45c6-b3cb-e3750e5b8e76/datanode-6/meta/datanode.id
2019-09-05 18:06:24,403 [main] INFO  ozone.MiniOzoneClusterImpl (MiniOzoneClusterImpl.java:lambda$waitForClusterToBeReady$0(140)) - Waiting for cluster to be ready. Got 0 of 7 DN Heartbeats.
2019-09-05 18:06:25,029 [Datanode State Machine Thread - 0] INFO  ozoneimpl.OzoneContainer (OzoneContainer.java:start(201)) - Attempting to start container services.
2019-09-05 18:06:25,029 [Datanode State Machine Thread - 0] INFO  ozoneimpl.OzoneContainer (OzoneContainer.java:start(201)) - Attempting to start container services.
2019-09-05 18:06:25,029 [Datanode State Machine Thread - 0] INFO  ozoneimpl.OzoneContainer (OzoneContainer.java:startContainerScrub(175)) - Background container scrubber has been disabled by hdds.containerscrub.enabled
2019-09-05 18:06:25,029 [Datanode State Machine Thread - 0] INFO  ozoneimpl.OzoneContainer (OzoneContainer.java:startContainerScrub(175)) - Background container scrubber has been disabled by hdds.containerscrub.enabled
2019-09-05 18:06:25,030 [Datanode State Machine Thread - 0] INFO  ratis.XceiverServerRatis (XceiverServerRatis.java:start(393)) - Starting XceiverServerRatis 5da4a757-cb0e-4824-a86b-7129238f121d at port 0
2019-09-05 18:06:25,030 [Datanode State Machine Thread - 0] INFO  ratis.XceiverServerRatis (XceiverServerRatis.java:start(393)) - Starting XceiverServerRatis 5b5586d4-1754-4c06-a799-ffbe50909082 at port 0
2019-09-05 18:06:25,048 [Datanode State Machine Thread - 0] INFO  impl.RaftServerProxy (RaftServerProxy.java:lambda$start$3(299)) - 5b5586d4-1754-4c06-a799-ffbe50909082: start RPC server
2019-09-05 18:06:25,048 [Datanode State Machine Thread - 0] INFO  impl.RaftServerProxy (RaftServerProxy.java:lambda$start$3(299)) - 5da4a757-cb0e-4824-a86b-7129238f121d: start RPC server
2019-09-05 18:06:25,051 [Datanode State Machine Thread - 0] INFO  server.GrpcService (GrpcService.java:startImpl(149)) - 5b5586d4-1754-4c06-a799-ffbe50909082: GrpcService started, listening on 0.0.0.0/0.0.0.0:42287
2019-09-05 18:06:25,051 [Datanode State Machine Thread - 0] INFO  server.GrpcService (GrpcService.java:startImpl(149)) - 5da4a757-cb0e-4824-a86b-7129238f121d: GrpcService started, listening on 0.0.0.0/0.0.0.0:37120
2019-09-05 18:06:25,051 [Datanode State Machine Thread - 0] INFO  ratis.XceiverServerRatis (XceiverServerRatis.java:start(403)) - XceiverServerRatis 5b5586d4-1754-4c06-a799-ffbe50909082 is started using port 42287
2019-09-05 18:06:25,051 [Datanode State Machine Thread - 0] INFO  ratis.XceiverServerRatis (XceiverServerRatis.java:start(403)) - XceiverServerRatis 5da4a757-cb0e-4824-a86b-7129238f121d is started using port 37120
2019-09-05 18:06:25,052 [Datanode State Machine Thread - 0] INFO  server.XceiverServerGrpc (XceiverServerGrpc.java:start(163)) - XceiverServerGrpc 5b5586d4-1754-4c06-a799-ffbe50909082 is started using port 43518
2019-09-05 18:06:25,054 [Datanode State Machine Thread - 0] INFO  server.XceiverServerGrpc (XceiverServerGrpc.java:start(163)) - XceiverServerGrpc 5da4a757-cb0e-4824-a86b-7129238f121d is started using port 40708
2019-09-05 18:06:25,139 [Datanode State Machine Thread - 0] INFO  ozoneimpl.OzoneContainer (OzoneContainer.java:start(201)) - Attempting to start container services.
2019-09-05 18:06:25,139 [Datanode State Machine Thread - 0] INFO  ozoneimpl.OzoneContainer (OzoneContainer.java:startContainerScrub(175)) - Background container scrubber has been disabled by hdds.containerscrub.enabled
2019-09-05 18:06:25,139 [Datanode State Machine Thread - 0] INFO  ratis.XceiverServerRatis (XceiverServerRatis.java:start(393)) - Starting XceiverServerRatis 14bbad99-9b0d-449e-9017-5f9387be6f26 at port 0
2019-09-05 18:06:25,148 [Datanode State Machine Thread - 0] INFO  impl.RaftServerProxy (RaftServerProxy.java:lambda$start$3(299)) - 14bbad99-9b0d-449e-9017-5f9387be6f26: start RPC server
2019-09-05 18:06:25,151 [Datanode State Machine Thread - 0] INFO  server.GrpcService (GrpcService.java:startImpl(149)) - 14bbad99-9b0d-449e-9017-5f9387be6f26: GrpcService started, listening on 0.0.0.0/0.0.0.0:46683
2019-09-05 18:06:25,152 [Datanode State Machine Thread - 0] INFO  ratis.XceiverServerRatis (XceiverServerRatis.java:start(403)) - XceiverServerRatis 14bbad99-9b0d-449e-9017-5f9387be6f26 is started using port 46683
2019-09-05 18:06:25,152 [Datanode State Machine Thread - 0] INFO  server.XceiverServerGrpc (XceiverServerGrpc.java:start(163)) - XceiverServerGrpc 14bbad99-9b0d-449e-9017-5f9387be6f26 is started using port 38586
2019-09-05 18:06:25,273 [Datanode State Machine Thread - 0] INFO  ozoneimpl.OzoneContainer (OzoneContainer.java:start(201)) - Attempting to start container services.
2019-09-05 18:06:25,273 [Datanode State Machine Thread - 0] INFO  ozoneimpl.OzoneContainer (OzoneContainer.java:startContainerScrub(175)) - Background container scrubber has been disabled by hdds.containerscrub.enabled
2019-09-05 18:06:25,273 [Datanode State Machine Thread - 0] INFO  ratis.XceiverServerRatis (XceiverServerRatis.java:start(393)) - Starting XceiverServerRatis f3556df8-41d3-44b1-b03f-0634968a3dc4 at port 0
2019-09-05 18:06:25,285 [Datanode State Machine Thread - 0] INFO  impl.RaftServerProxy (RaftServerProxy.java:lambda$start$3(299)) - f3556df8-41d3-44b1-b03f-0634968a3dc4: start RPC server
2019-09-05 18:06:25,286 [Datanode State Machine Thread - 0] INFO  server.GrpcService (GrpcService.java:startImpl(149)) - f3556df8-41d3-44b1-b03f-0634968a3dc4: GrpcService started, listening on 0.0.0.0/0.0.0.0:43201
2019-09-05 18:06:25,286 [Datanode State Machine Thread - 0] INFO  ratis.XceiverServerRatis (XceiverServerRatis.java:start(403)) - XceiverServerRatis f3556df8-41d3-44b1-b03f-0634968a3dc4 is started using port 43201
2019-09-05 18:06:25,287 [Datanode State Machine Thread - 0] INFO  server.XceiverServerGrpc (XceiverServerGrpc.java:start(163)) - XceiverServerGrpc f3556df8-41d3-44b1-b03f-0634968a3dc4 is started using port 45989
2019-09-05 18:06:25,404 [main] INFO  ozone.MiniOzoneClusterImpl (MiniOzoneClusterImpl.java:lambda$waitForClusterToBeReady$0(140)) - Waiting for cluster to be ready. Got 0 of 7 DN Heartbeats.
2019-09-05 18:06:26,073 [Datanode State Machine Thread - 0] INFO  ozoneimpl.OzoneContainer (OzoneContainer.java:start(201)) - Attempting to start container services.
2019-09-05 18:06:26,073 [Datanode State Machine Thread - 0] INFO  ozoneimpl.OzoneContainer (OzoneContainer.java:start(201)) - Attempting to start container services.
2019-09-05 18:06:26,073 [Datanode State Machine Thread - 0] INFO  ozoneimpl.OzoneContainer (OzoneContainer.java:start(201)) - Attempting to start container services.
2019-09-05 18:06:26,074 [Datanode State Machine Thread - 0] INFO  ozoneimpl.OzoneContainer (OzoneContainer.java:startContainerScrub(175)) - Background container scrubber has been disabled by hdds.containerscrub.enabled
2019-09-05 18:06:26,074 [Datanode State Machine Thread - 0] INFO  ozoneimpl.OzoneContainer (OzoneContainer.java:startContainerScrub(175)) - Background container scrubber has been disabled by hdds.containerscrub.enabled
2019-09-05 18:06:26,074 [Datanode State Machine Thread - 0] INFO  ratis.XceiverServerRatis (XceiverServerRatis.java:start(393)) - Starting XceiverServerRatis d247bb88-96d6-4a5e-a7ac-1fab2e0c2a64 at port 0
2019-09-05 18:06:26,074 [Datanode State Machine Thread - 0] INFO  ozoneimpl.OzoneContainer (OzoneContainer.java:startContainerScrub(175)) - Background container scrubber has been disabled by hdds.containerscrub.enabled
2019-09-05 18:06:26,074 [Datanode State Machine Thread - 0] INFO  ratis.XceiverServerRatis (XceiverServerRatis.java:start(393)) - Starting XceiverServerRatis ac84e46f-5381-463a-a710-4fc0a03cc7a2 at port 0
2019-09-05 18:06:26,075 [Datanode State Machine Thread - 0] INFO  ratis.XceiverServerRatis (XceiverServerRatis.java:start(393)) - Starting XceiverServerRatis 82c9eab4-587c-49a4-bcc0-a3202632cc07 at port 0
2019-09-05 18:06:26,097 [Datanode State Machine Thread - 0] INFO  impl.RaftServerProxy (RaftServerProxy.java:lambda$start$3(299)) - d247bb88-96d6-4a5e-a7ac-1fab2e0c2a64: start RPC server
2019-09-05 18:06:26,099 [Datanode State Machine Thread - 0] INFO  server.GrpcService (GrpcService.java:startImpl(149)) - d247bb88-96d6-4a5e-a7ac-1fab2e0c2a64: GrpcService started, listening on 0.0.0.0/0.0.0.0:43009
2019-09-05 18:06:26,099 [Datanode State Machine Thread - 0] INFO  impl.RaftServerProxy (RaftServerProxy.java:lambda$start$3(299)) - ac84e46f-5381-463a-a710-4fc0a03cc7a2: start RPC server
2019-09-05 18:06:26,099 [Datanode State Machine Thread - 0] INFO  ratis.XceiverServerRatis (XceiverServerRatis.java:start(403)) - XceiverServerRatis d247bb88-96d6-4a5e-a7ac-1fab2e0c2a64 is started using port 43009
2019-09-05 18:06:26,099 [Datanode State Machine Thread - 0] INFO  impl.RaftServerProxy (RaftServerProxy.java:lambda$start$3(299)) - 82c9eab4-587c-49a4-bcc0-a3202632cc07: start RPC server
2019-09-05 18:06:26,100 [Datanode State Machine Thread - 0] INFO  server.GrpcService (GrpcService.java:startImpl(149)) - ac84e46f-5381-463a-a710-4fc0a03cc7a2: GrpcService started, listening on 0.0.0.0/0.0.0.0:36143
2019-09-05 18:06:26,100 [Datanode State Machine Thread - 0] INFO  server.XceiverServerGrpc (XceiverServerGrpc.java:start(163)) - XceiverServerGrpc d247bb88-96d6-4a5e-a7ac-1fab2e0c2a64 is started using port 39087
2019-09-05 18:06:26,103 [Datanode State Machine Thread - 0] INFO  server.GrpcService (GrpcService.java:startImpl(149)) - 82c9eab4-587c-49a4-bcc0-a3202632cc07: GrpcService started, listening on 0.0.0.0/0.0.0.0:39804
2019-09-05 18:06:26,100 [Datanode State Machine Thread - 0] INFO  ratis.XceiverServerRatis (XceiverServerRatis.java:start(403)) - XceiverServerRatis ac84e46f-5381-463a-a710-4fc0a03cc7a2 is started using port 36143
2019-09-05 18:06:26,103 [Datanode State Machine Thread - 0] INFO  ratis.XceiverServerRatis (XceiverServerRatis.java:start(403)) - XceiverServerRatis 82c9eab4-587c-49a4-bcc0-a3202632cc07 is started using port 39804
2019-09-05 18:06:26,106 [Datanode State Machine Thread - 0] INFO  server.XceiverServerGrpc (XceiverServerGrpc.java:start(163)) - XceiverServerGrpc ac84e46f-5381-463a-a710-4fc0a03cc7a2 is started using port 44258
2019-09-05 18:06:26,106 [Datanode State Machine Thread - 0] INFO  server.XceiverServerGrpc (XceiverServerGrpc.java:start(163)) - XceiverServerGrpc 82c9eab4-587c-49a4-bcc0-a3202632cc07 is started using port 41483
2019-09-05 18:06:26,404 [main] INFO  ozone.MiniOzoneClusterImpl (MiniOzoneClusterImpl.java:lambda$waitForClusterToBeReady$0(140)) - Waiting for cluster to be ready. Got 0 of 7 DN Heartbeats.
2019-09-05 18:06:26,924 [IPC Server handler 1 on 45129] INFO  net.NetworkTopology (NetworkTopologyImpl.java:add(110)) - Added a new node: /default-rack/5da4a757-cb0e-4824-a86b-7129238f121d
2019-09-05 18:06:26,927 [IPC Server handler 1 on 45129] INFO  node.SCMNodeManager (SCMNodeManager.java:register(266)) - Registered Data node : 5da4a757-cb0e-4824-a86b-7129238f121d{ip: 192.168.36.125, host: pr-hdds-2007-hnd8f-2977735972, networkLocation: /default-rack, certSerialId: null}
2019-09-05 18:06:26,928 [EventQueue-NodeRegistrationContainerReportForDataNodeSafeModeRule] INFO  safemode.SCMSafeModeManager (DataNodeSafeModeRule.java:process(71)) - SCM in safe mode. 1 DataNodes registered, 1 required.
2019-09-05 18:06:26,930 [EventQueue-NodeRegistrationContainerReportForDataNodeSafeModeRule] INFO  safemode.SCMSafeModeManager (SCMSafeModeManager.java:validateSafeModeExitRules(177)) - ScmSafeModeManager, all rules are successfully validated
2019-09-05 18:06:26,930 [EventQueue-NodeRegistrationContainerReportForDataNodeSafeModeRule] INFO  safemode.SCMSafeModeManager (SCMSafeModeManager.java:exitSafeMode(193)) - SCM exiting safe mode.
2019-09-05 18:06:26,942 [grpc-default-executor-5] INFO  impl.RaftServerProxy (RaftServerProxy.java:addNew(89)) - 5da4a757-cb0e-4824-a86b-7129238f121d: addNew group-6906E5DFBC4B:[5da4a757-cb0e-4824-a86b-7129238f121d:192.168.36.125:37120] returns group-6906E5DFBC4B:java.util.concurrent.CompletableFuture@42f7b528[Not completed]
2019-09-05 18:06:26,944 [pool-207-thread-1] INFO  impl.RaftServerImpl (RaftServerImpl.java:<init>(93)) - 5da4a757-cb0e-4824-a86b-7129238f121d: new RaftServerImpl for group-6906E5DFBC4B:[5da4a757-cb0e-4824-a86b-7129238f121d:192.168.36.125:37120] with ContainerStateMachine:uninitialized
2019-09-05 18:06:26,945 [pool-207-thread-1] INFO  server.RaftServerConfigKeys (ConfUtils.java:logGet(43)) - raft.server.rpc.timeout.min = 5s (custom)
2019-09-05 18:06:26,945 [pool-207-thread-1] INFO  server.RaftServerConfigKeys (ConfUtils.java:logGet(43)) - raft.server.rpc.timeout.max = 5200ms (custom)
2019-09-05 18:06:26,945 [pool-207-thread-1] INFO  server.RaftServerConfigKeys (ConfUtils.java:logGet(43)) - raft.server.rpcslowness.timeout = 120s (custom)
2019-09-05 18:06:26,945 [pool-207-thread-1] INFO  server.RaftServerConfigKeys (ConfUtils.java:logGet(43)) - raft.server.sleep.deviation.threshold = 300 (default)
2019-09-05 18:06:26,946 [pool-207-thread-1] INFO  server.RaftServerConfigKeys (ConfUtils.java:logGet(43)) - raft.server.log.appender.install.snapshot.enabled = false (custom)
2019-09-05 18:06:26,946 [pool-207-thread-1] INFO  impl.RaftServerImpl (ServerState.java:<init>(105)) - 5da4a757-cb0e-4824-a86b-7129238f121d:group-6906E5DFBC4B ConfigurationManager, init=-1: [5da4a757-cb0e-4824-a86b-7129238f121d:192.168.36.125:37120], old=null, confs=<EMPTY_MAP>
2019-09-05 18:06:26,946 [pool-207-thread-1] INFO  server.RaftServerConfigKeys (ConfUtils.java:logGet(43)) - raft.server.storage.dir = [/workdir/hadoop-ozone/integration-test/target/test-dir/MiniOzoneClusterImpl-4222d414-12f0-45c6-b3cb-e3750e5b8e76/datanode-0/data/ratis] (custom)
2019-09-05 18:06:26,947 [pool-207-thread-1] INFO  storage.RaftStorageDirectory (RaftStorageDirectory.java:analyzeStorage(246)) - The storage directory /workdir/hadoop-ozone/integration-test/target/test-dir/MiniOzoneClusterImpl-4222d414-12f0-45c6-b3cb-e3750e5b8e76/datanode-0/data/ratis/1e967297-8f7f-4e39-8c4b-6906e5dfbc4b does not exist. Creating ...
2019-09-05 18:06:26,982 [IPC Server handler 0 on 45129] INFO  net.NetworkTopology (NetworkTopologyImpl.java:add(110)) - Added a new node: /default-rack/5b5586d4-1754-4c06-a799-ffbe50909082
2019-09-05 18:06:26,982 [IPC Server handler 0 on 45129] INFO  node.SCMNodeManager (SCMNodeManager.java:register(266)) - Registered Data node : 5b5586d4-1754-4c06-a799-ffbe50909082{ip: 192.168.36.125, host: pr-hdds-2007-hnd8f-2977735972, networkLocation: /default-rack, certSerialId: null}
2019-09-05 18:06:27,075 [IPC Server handler 2 on 45129] INFO  net.NetworkTopology (NetworkTopologyImpl.java:add(110)) - Added a new node: /default-rack/14bbad99-9b0d-449e-9017-5f9387be6f26
2019-09-05 18:06:27,075 [IPC Server handler 2 on 45129] INFO  node.SCMNodeManager (SCMNodeManager.java:register(266)) - Registered Data node : 14bbad99-9b0d-449e-9017-5f9387be6f26{ip: 192.168.36.125, host: pr-hdds-2007-hnd8f-2977735972, networkLocation: /default-rack, certSerialId: null}
2019-09-05 18:06:27,182 [IPC Server handler 6 on 45129] INFO  net.NetworkTopology (NetworkTopologyImpl.java:add(110)) - Added a new node: /default-rack/f3556df8-41d3-44b1-b03f-0634968a3dc4
2019-09-05 18:06:27,182 [IPC Server handler 6 on 45129] INFO  node.SCMNodeManager (SCMNodeManager.java:register(266)) - Registered Data node : f3556df8-41d3-44b1-b03f-0634968a3dc4{ip: 192.168.36.125, host: pr-hdds-2007-hnd8f-2977735972, networkLocation: /default-rack, certSerialId: null}
2019-09-05 18:06:27,274 [IPC Server handler 4 on 45129] INFO  net.NetworkTopology (NetworkTopologyImpl.java:add(110)) - Added a new node: /default-rack/82c9eab4-587c-49a4-bcc0-a3202632cc07
2019-09-05 18:06:27,274 [IPC Server handler 4 on 45129] INFO  node.SCMNodeManager (SCMNodeManager.java:register(266)) - Registered Data node : 82c9eab4-587c-49a4-bcc0-a3202632cc07{ip: 192.168.36.125, host: pr-hdds-2007-hnd8f-2977735972, networkLocation: /default-rack, certSerialId: null}
2019-09-05 18:06:27,344 [IPC Server handler 7 on 45129] INFO  net.NetworkTopology (NetworkTopologyImpl.java:add(110)) - Added a new node: /default-rack/d247bb88-96d6-4a5e-a7ac-1fab2e0c2a64
2019-09-05 18:06:27,344 [IPC Server handler 7 on 45129] INFO  node.SCMNodeManager (SCMNodeManager.java:register(266)) - Registered Data node : d247bb88-96d6-4a5e-a7ac-1fab2e0c2a64{ip: 192.168.36.125, host: pr-hdds-2007-hnd8f-2977735972, networkLocation: /default-rack, certSerialId: null}
2019-09-05 18:06:27,405 [main] INFO  ozone.MiniOzoneClusterImpl (MiniOzoneClusterImpl.java:lambda$waitForClusterToBeReady$0(140)) - Waiting for cluster to be ready. Got 6 of 7 DN Heartbeats.
2019-09-05 18:06:27,405 [IPC Server handler 5 on 45129] INFO  net.NetworkTopology (NetworkTopologyImpl.java:add(110)) - Added a new node: /default-rack/ac84e46f-5381-463a-a710-4fc0a03cc7a2
2019-09-05 18:06:27,406 [IPC Server handler 5 on 45129] INFO  node.SCMNodeManager (SCMNodeManager.java:register(266)) - Registered Data node : ac84e46f-5381-463a-a710-4fc0a03cc7a2{ip: 192.168.36.125, host: pr-hdds-2007-hnd8f-2977735972, networkLocation: /default-rack, certSerialId: null}
2019-09-05 18:06:27,407 [pool-207-thread-1] INFO  storage.RaftStorageDirectory (RaftStorageDirectory.java:tryLock(328)) - Lock on /workdir/hadoop-ozone/integration-test/target/test-dir/MiniOzoneClusterImpl-4222d414-12f0-45c6-b3cb-e3750e5b8e76/datanode-0/data/ratis/1e967297-8f7f-4e39-8c4b-6906e5dfbc4b/in_use.lock acquired by nodename 1130@pr-hdds-2007-hnd8f-2977735972
2019-09-05 18:06:27,441 [pool-207-thread-1] INFO  storage.RaftStorage (RaftStorage.java:format(72)) - Storage directory /workdir/hadoop-ozone/integration-test/target/test-dir/MiniOzoneClusterImpl-4222d414-12f0-45c6-b3cb-e3750e5b8e76/datanode-0/data/ratis/1e967297-8f7f-4e39-8c4b-6906e5dfbc4b has been successfully formatted.
2019-09-05 18:06:27,442 [pool-207-thread-1] INFO  ratis.ContainerStateMachine (ContainerStateMachine.java:loadSnapshot(227)) - group-6906E5DFBC4B: The snapshot info is null. Setting the last applied indexto:(t:0, i:~)
2019-09-05 18:06:27,442 [pool-207-thread-1] INFO  server.RaftServerConfigKeys (ConfUtils.java:logGet(43)) - raft.server.leader.election.timeout = 120s (custom)
2019-09-05 18:06:27,442 [pool-207-thread-1] INFO  server.RaftServerConfigKeys (ConfUtils.java:logGet(43)) - raft.server.log.use.memory = false (default)
2019-09-05 18:06:27,443 [pool-207-thread-1] INFO  server.RaftServerConfigKeys (ConfUtils.java:logGet(43)) - raft.server.log.purge.gap = 1000000 (custom)
2019-09-05 18:06:27,443 [pool-207-thread-1] INFO  server.RaftServerConfigKeys (ConfUtils.java:logGet(43)) - raft.server.log.appender.buffer.byte-limit = 33554432 (custom)
2019-09-05 18:06:27,443 [pool-207-thread-1] INFO  server.RaftServerConfigKeys (ConfUtils.java:logGet(43)) - raft.server.log.segment.size.max = 1048576 (custom)
2019-09-05 18:06:27,443 [pool-207-thread-1] INFO  server.RaftServerConfigKeys (ConfUtils.java:logGet(43)) - raft.server.log.segment.cache.num.max = 2 (custom)
2019-09-05 18:06:27,444 [pool-207-thread-1] INFO  segmented.SegmentedRaftLogWorker (SegmentedRaftLogWorker.java:<init>(172)) - new 5da4a757-cb0e-4824-a86b-7129238f121d-SegmentedRaftLogWorker:Storage Directory /workdir/hadoop-ozone/integration-test/target/test-dir/MiniOzoneClusterImpl-4222d414-12f0-45c6-b3cb-e3750e5b8e76/datanode-0/data/ratis/1e967297-8f7f-4e39-8c4b-6906e5dfbc4b for RaftStorage:Storage Directory /workdir/hadoop-ozone/integration-test/target/test-dir/MiniOzoneClusterImpl-4222d414-12f0-45c6-b3cb-e3750e5b8e76/datanode-0/data/ratis/1e967297-8f7f-4e39-8c4b-6906e5dfbc4b
2019-09-05 18:06:27,444 [pool-207-thread-1] INFO  server.RaftServerConfigKeys (ConfUtils.java:logGet(43)) - raft.server.log.queue.byte-limit = 2147483647 (custom)
2019-09-05 18:06:27,444 [pool-207-thread-1] INFO  server.RaftServerConfigKeys (ConfUtils.java:logGet(43)) - raft.server.log.queue.element-limit = 1024 (custom)
2019-09-05 18:06:27,445 [pool-207-thread-1] INFO  server.RaftServerConfigKeys (ConfUtils.java:logGet(43)) - raft.server.log.segment.size.max = 1048576 (custom)
2019-09-05 18:06:27,445 [pool-207-thread-1] INFO  server.RaftServerConfigKeys (ConfUtils.java:logGet(43)) - raft.server.log.preallocated.size = 16384 (custom)
2019-09-05 18:06:27,445 [pool-207-thread-1] INFO  server.RaftServerConfigKeys (ConfUtils.java:logGet(43)) - raft.server.log.write.buffer.size = 33554432 (custom)
2019-09-05 18:06:27,445 [pool-207-thread-1] INFO  server.RaftServerConfigKeys (ConfUtils.java:logGet(43)) - raft.server.log.force.sync.num = 128 (default)
2019-09-05 18:06:27,445 [pool-207-thread-1] INFO  server.RaftServerConfigKeys (ConfUtils.java:logGet(43)) - raft.server.log.statemachine.data.sync = true (default)
2019-09-05 18:06:27,445 [pool-207-thread-1] INFO  server.RaftServerConfigKeys (ConfUtils.java:logGet(43)) - raft.server.log.statemachine.data.sync.timeout = 10s (default)
2019-09-05 18:06:27,446 [pool-207-thread-1] INFO  server.RaftServerConfigKeys (ConfUtils.java:logGet(43)) - raft.server.log.statemachine.data.sync.timeout.retry = -1 (default)
2019-09-05 18:06:27,446 [pool-207-thread-1] INFO  server.RaftServerConfigKeys (ConfUtils.java:logGet(43)) - raft.server.log.statemachine.data.caching.enabled = true (custom)
2019-09-05 18:06:27,447 [pool-207-thread-1] INFO  segmented.SegmentedRaftLogWorker (SegmentedRaftLogWorker.java:lambda$new$0(132)) - 5da4a757-cb0e-4824-a86b-7129238f121d-SegmentedRaftLogWorker:Storage Directory /workdir/hadoop-ozone/integration-test/target/test-dir/MiniOzoneClusterImpl-4222d414-12f0-45c6-b3cb-e3750e5b8e76/datanode-0/data/ratis/1e967297-8f7f-4e39-8c4b-6906e5dfbc4b: flushIndex: setUnconditionally 0 -> -1
2019-09-05 18:06:27,447 [pool-207-thread-1] INFO  server.RaftServerConfigKeys (ConfUtils.java:logGet(43)) - raft.server.snapshot.auto.trigger.enabled = true (custom)
2019-09-05 18:06:27,447 [pool-207-thread-1] INFO  server.RaftServerConfigKeys (ConfUtils.java:logGet(43)) - raft.server.snapshot.auto.trigger.threshold = 10000 (custom)
2019-09-05 18:06:27,447 [pool-207-thread-1] INFO  server.RaftServerConfigKeys (ConfUtils.java:logGet(43)) - raft.server.retrycache.expirytime = 600000ms (custom)
2019-09-05 18:06:27,448 [pool-207-thread-1] INFO  impl.RaftServerImpl (RaftServerImpl.java:start(180)) - 5da4a757-cb0e-4824-a86b-7129238f121d: start group-6906E5DFBC4B
2019-09-05 18:06:27,448 [pool-207-thread-1] INFO  impl.RaftServerImpl (RaftServerImpl.java:setRole(171)) - 5da4a757-cb0e-4824-a86b-7129238f121d:group-6906E5DFBC4B changes role from null to FOLLOWER at term 0 for startAsFollower
2019-09-05 18:06:27,448 [pool-207-thread-1] INFO  impl.RoleInfo (RoleInfo.java:updateAndGet(143)) - 5da4a757-cb0e-4824-a86b-7129238f121d: start FollowerState
2019-09-05 18:06:27,449 [pool-207-thread-1] INFO  util.JmxRegister (JmxRegister.java:tryRegister(44)) - Successfully registered JMX Bean with object name Ratis:service=RaftServer,group=group-6906E5DFBC4B,id=5da4a757-cb0e-4824-a86b-7129238f121d
2019-09-05 18:06:27,452 [RatisPipelineUtilsThread] INFO  pipeline.PipelineStateManager (PipelineStateManager.java:addPipeline(56)) - Created pipeline Pipeline[ Id: 1e967297-8f7f-4e39-8c4b-6906e5dfbc4b, Nodes: 5da4a757-cb0e-4824-a86b-7129238f121d{ip: 192.168.36.125, host: pr-hdds-2007-hnd8f-2977735972, networkLocation: /default-rack, certSerialId: null}, Type:RATIS, Factor:ONE, State:OPEN]
2019-09-05 18:06:27,477 [grpc-default-executor-5] INFO  impl.RaftServerProxy (RaftServerProxy.java:addNew(89)) - 82c9eab4-587c-49a4-bcc0-a3202632cc07: addNew group-2916F3976C17:[82c9eab4-587c-49a4-bcc0-a3202632cc07:192.168.36.125:39804] returns group-2916F3976C17:java.util.concurrent.CompletableFuture@7ee84eb4[Not completed]
2019-09-05 18:06:27,479 [pool-247-thread-1] INFO  impl.RaftServerImpl (RaftServerImpl.java:<init>(93)) - 82c9eab4-587c-49a4-bcc0-a3202632cc07: new RaftServerImpl for group-2916F3976C17:[82c9eab4-587c-49a4-bcc0-a3202632cc07:192.168.36.125:39804] with ContainerStateMachine:uninitialized
2019-09-05 18:06:27,479 [pool-247-thread-1] INFO  server.RaftServerConfigKeys (ConfUtils.java:logGet(43)) - raft.server.rpc.timeout.min = 5s (custom)
2019-09-05 18:06:27,479 [pool-247-thread-1] INFO  server.RaftServerConfigKeys (ConfUtils.java:logGet(43)) - raft.server.rpc.timeout.max = 5200ms (custom)
2019-09-05 18:06:27,479 [pool-247-thread-1] INFO  server.RaftServerConfigKeys (ConfUtils.java:logGet(43)) - raft.server.rpcslowness.timeout = 120s (custom)
2019-09-05 18:06:27,479 [pool-247-thread-1] INFO  server.RaftServerConfigKeys (ConfUtils.java:logGet(43)) - raft.server.sleep.deviation.threshold = 300 (default)
2019-09-05 18:06:27,480 [pool-247-thread-1] INFO  server.RaftServerConfigKeys (ConfUtils.java:logGet(43)) - raft.server.log.appender.install.snapshot.enabled = false (custom)
2019-09-05 18:06:27,480 [pool-247-thread-1] INFO  impl.RaftServerImpl (ServerState.java:<init>(105)) - 82c9eab4-587c-49a4-bcc0-a3202632cc07:group-2916F3976C17 ConfigurationManager, init=-1: [82c9eab4-587c-49a4-bcc0-a3202632cc07:192.168.36.125:39804], old=null, confs=<EMPTY_MAP>
2019-09-05 18:06:27,480 [pool-247-thread-1] INFO  server.RaftServerConfigKeys (ConfUtils.java:logGet(43)) - raft.server.storage.dir = [/workdir/hadoop-ozone/integration-test/target/test-dir/MiniOzoneClusterImpl-4222d414-12f0-45c6-b3cb-e3750e5b8e76/datanode-4/data/ratis] (custom)
2019-09-05 18:06:27,480 [pool-247-thread-1] INFO  storage.RaftStorageDirectory (RaftStorageDirectory.java:analyzeStorage(246)) - The storage directory /workdir/hadoop-ozone/integration-test/target/test-dir/MiniOzoneClusterImpl-4222d414-12f0-45c6-b3cb-e3750e5b8e76/datanode-4/data/ratis/e8b9ab5d-7c98-4a6f-b2e2-2916f3976c17 does not exist. Creating ...
2019-09-05 18:06:27,542 [pool-247-thread-1] INFO  storage.RaftStorageDirectory (RaftStorageDirectory.java:tryLock(328)) - Lock on /workdir/hadoop-ozone/integration-test/target/test-dir/MiniOzoneClusterImpl-4222d414-12f0-45c6-b3cb-e3750e5b8e76/datanode-4/data/ratis/e8b9ab5d-7c98-4a6f-b2e2-2916f3976c17/in_use.lock acquired by nodename 1130@pr-hdds-2007-hnd8f-2977735972
2019-09-05 18:06:27,568 [pool-247-thread-1] INFO  storage.RaftStorage (RaftStorage.java:format(72)) - Storage directory /workdir/hadoop-ozone/integration-test/target/test-dir/MiniOzoneClusterImpl-4222d414-12f0-45c6-b3cb-e3750e5b8e76/datanode-4/data/ratis/e8b9ab5d-7c98-4a6f-b2e2-2916f3976c17 has been successfully formatted.
2019-09-05 18:06:27,568 [pool-247-thread-1] INFO  ratis.ContainerStateMachine (ContainerStateMachine.java:loadSnapshot(227)) - group-2916F3976C17: The snapshot info is null. Setting the last applied indexto:(t:0, i:~)
2019-09-05 18:06:27,568 [pool-247-thread-1] INFO  server.RaftServerConfigKeys (ConfUtils.java:logGet(43)) - raft.server.leader.election.timeout = 120s (custom)
2019-09-05 18:06:27,568 [pool-247-thread-1] INFO  server.RaftServerConfigKeys (ConfUtils.java:logGet(43)) - raft.server.log.use.memory = false (default)
2019-09-05 18:06:27,568 [pool-247-thread-1] INFO  server.RaftServerConfigKeys (ConfUtils.java:logGet(43)) - raft.server.log.purge.gap = 1000000 (custom)
2019-09-05 18:06:27,569 [pool-247-thread-1] INFO  server.RaftServerConfigKeys (ConfUtils.java:logGet(43)) - raft.server.log.appender.buffer.byte-limit = 33554432 (custom)
2019-09-05 18:06:27,569 [pool-247-thread-1] INFO  server.RaftServerConfigKeys (ConfUtils.java:logGet(43)) - raft.server.log.segment.size.max = 1048576 (custom)
2019-09-05 18:06:27,569 [pool-247-thread-1] INFO  server.RaftServerConfigKeys (ConfUtils.java:logGet(43)) - raft.server.log.segment.cache.num.max = 2 (custom)
2019-09-05 18:06:27,569 [pool-247-thread-1] INFO  segmented.SegmentedRaftLogWorker (SegmentedRaftLogWorker.java:<init>(172)) - new 82c9eab4-587c-49a4-bcc0-a3202632cc07-SegmentedRaftLogWorker:Storage Directory /workdir/hadoop-ozone/integration-test/target/test-dir/MiniOzoneClusterImpl-4222d414-12f0-45c6-b3cb-e3750e5b8e76/datanode-4/data/ratis/e8b9ab5d-7c98-4a6f-b2e2-2916f3976c17 for RaftStorage:Storage Directory /workdir/hadoop-ozone/integration-test/target/test-dir/MiniOzoneClusterImpl-4222d414-12f0-45c6-b3cb-e3750e5b8e76/datanode-4/data/ratis/e8b9ab5d-7c98-4a6f-b2e2-2916f3976c17
2019-09-05 18:06:27,569 [pool-247-thread-1] INFO  server.RaftServerConfigKeys (ConfUtils.java:logGet(43)) - raft.server.log.queue.byte-limit = 2147483647 (custom)
2019-09-05 18:06:27,569 [pool-247-thread-1] INFO  server.RaftServerConfigKeys (ConfUtils.java:logGet(43)) - raft.server.log.queue.element-limit = 1024 (custom)
2019-09-05 18:06:27,570 [pool-247-thread-1] INFO  server.RaftServerConfigKeys (ConfUtils.java:logGet(43)) - raft.server.log.segment.size.max = 1048576 (custom)
2019-09-05 18:06:27,570 [pool-247-thread-1] INFO  server.RaftServerConfigKeys (ConfUtils.java:logGet(43)) - raft.server.log.preallocated.size = 16384 (custom)
2019-09-05 18:06:27,570 [pool-247-thread-1] INFO  server.RaftServerConfigKeys (ConfUtils.java:logGet(43)) - raft.server.log.write.buffer.size = 33554432 (custom)
2019-09-05 18:06:27,570 [pool-247-thread-1] INFO  server.RaftServerConfigKeys (ConfUtils.java:logGet(43)) - raft.server.log.force.sync.num = 128 (default)
2019-09-05 18:06:27,570 [pool-247-thread-1] INFO  server.RaftServerConfigKeys (ConfUtils.java:logGet(43)) - raft.server.log.statemachine.data.sync = true (default)
2019-09-05 18:06:27,570 [pool-247-thread-1] INFO  server.RaftServerConfigKeys (ConfUtils.java:logGet(43)) - raft.server.log.statemachine.data.sync.timeout = 10s (default)
2019-09-05 18:06:27,571 [pool-247-thread-1] INFO  server.RaftServerConfigKeys (ConfUtils.java:logGet(43)) - raft.server.log.statemachine.data.sync.timeout.retry = -1 (default)
2019-09-05 18:06:27,571 [pool-247-thread-1] INFO  server.RaftServerConfigKeys (ConfUtils.java:logGet(43)) - raft.server.log.statemachine.data.caching.enabled = true (custom)
2019-09-05 18:06:27,571 [pool-247-thread-1] INFO  segmented.SegmentedRaftLogWorker (SegmentedRaftLogWorker.java:lambda$new$0(132)) - 82c9eab4-587c-49a4-bcc0-a3202632cc07-SegmentedRaftLogWorker:Storage Directory /workdir/hadoop-ozone/integration-test/target/test-dir/MiniOzoneClusterImpl-4222d414-12f0-45c6-b3cb-e3750e5b8e76/datanode-4/data/ratis/e8b9ab5d-7c98-4a6f-b2e2-2916f3976c17: flushIndex: setUnconditionally 0 -> -1
2019-09-05 18:06:27,572 [pool-247-thread-1] INFO  server.RaftServerConfigKeys (ConfUtils.java:logGet(43)) - raft.server.snapshot.auto.trigger.enabled = true (custom)
2019-09-05 18:06:27,572 [pool-247-thread-1] INFO  server.RaftServerConfigKeys (ConfUtils.java:logGet(43)) - raft.server.snapshot.auto.trigger.threshold = 10000 (custom)
2019-09-05 18:06:27,572 [pool-247-thread-1] INFO  server.RaftServerConfigKeys (ConfUtils.java:logGet(43)) - raft.server.retrycache.expirytime = 600000ms (custom)
2019-09-05 18:06:27,572 [pool-247-thread-1] INFO  impl.RaftServerImpl (RaftServerImpl.java:start(180)) - 82c9eab4-587c-49a4-bcc0-a3202632cc07: start group-2916F3976C17
2019-09-05 18:06:27,572 [pool-247-thread-1] INFO  impl.RaftServerImpl (RaftServerImpl.java:setRole(171)) - 82c9eab4-587c-49a4-bcc0-a3202632cc07:group-2916F3976C17 changes role from null to FOLLOWER at term 0 for startAsFollower
2019-09-05 18:06:27,572 [pool-247-thread-1] INFO  impl.RoleInfo (RoleInfo.java:updateAndGet(143)) - 82c9eab4-587c-49a4-bcc0-a3202632cc07: start FollowerState
2019-09-05 18:06:27,573 [pool-247-thread-1] INFO  util.JmxRegister (JmxRegister.java:tryRegister(44)) - Successfully registered JMX Bean with object name Ratis:service=RaftServer,group=group-2916F3976C17,id=82c9eab4-587c-49a4-bcc0-a3202632cc07
2019-09-05 18:06:27,576 [RatisPipelineUtilsThread] INFO  pipeline.PipelineStateManager (PipelineStateManager.java:addPipeline(56)) - Created pipeline Pipeline[ Id: e8b9ab5d-7c98-4a6f-b2e2-2916f3976c17, Nodes: 82c9eab4-587c-49a4-bcc0-a3202632cc07{ip: 192.168.36.125, host: pr-hdds-2007-hnd8f-2977735972, networkLocation: /default-rack, certSerialId: null}, Type:RATIS, Factor:ONE, State:OPEN]
2019-09-05 18:06:27,589 [grpc-default-executor-5] INFO  impl.RaftServerProxy (RaftServerProxy.java:addNew(89)) - 5b5586d4-1754-4c06-a799-ffbe50909082: addNew group-6E51E5FA5883:[5b5586d4-1754-4c06-a799-ffbe50909082:192.168.36.125:42287] returns group-6E51E5FA5883:java.util.concurrent.CompletableFuture@27979003[Not completed]
2019-09-05 18:06:27,592 [pool-217-thread-1] INFO  impl.RaftServerImpl (RaftServerImpl.java:<init>(93)) - 5b5586d4-1754-4c06-a799-ffbe50909082: new RaftServerImpl for group-6E51E5FA5883:[5b5586d4-1754-4c06-a799-ffbe50909082:192.168.36.125:42287] with ContainerStateMachine:uninitialized
2019-09-05 18:06:27,592 [pool-217-thread-1] INFO  server.RaftServerConfigKeys (ConfUtils.java:logGet(43)) - raft.server.rpc.timeout.min = 5s (custom)
2019-09-05 18:06:27,592 [pool-217-thread-1] INFO  server.RaftServerConfigKeys (ConfUtils.java:logGet(43)) - raft.server.rpc.timeout.max = 5200ms (custom)
2019-09-05 18:06:27,592 [pool-217-thread-1] INFO  server.RaftServerConfigKeys (ConfUtils.java:logGet(43)) - raft.server.rpcslowness.timeout = 120s (custom)
2019-09-05 18:06:27,592 [pool-217-thread-1] INFO  server.RaftServerConfigKeys (ConfUtils.java:logGet(43)) - raft.server.sleep.deviation.threshold = 300 (default)
2019-09-05 18:06:27,592 [pool-217-thread-1] INFO  server.RaftServerConfigKeys (ConfUtils.java:logGet(43)) - raft.server.log.appender.install.snapshot.enabled = false (custom)
2019-09-05 18:06:27,593 [pool-217-thread-1] INFO  impl.RaftServerImpl (ServerState.java:<init>(105)) - 5b5586d4-1754-4c06-a799-ffbe50909082:group-6E51E5FA5883 ConfigurationManager, init=-1: [5b5586d4-1754-4c06-a799-ffbe50909082:192.168.36.125:42287], old=null, confs=<EMPTY_MAP>
2019-09-05 18:06:27,593 [pool-217-thread-1] INFO  server.RaftServerConfigKeys (ConfUtils.java:logGet(43)) - raft.server.storage.dir = [/workdir/hadoop-ozone/integration-test/target/test-dir/MiniOzoneClusterImpl-4222d414-12f0-45c6-b3cb-e3750e5b8e76/datanode-1/data/ratis] (custom)
2019-09-05 18:06:27,594 [pool-217-thread-1] INFO  storage.RaftStorageDirectory (RaftStorageDirectory.java:analyzeStorage(246)) - The storage directory /workdir/hadoop-ozone/integration-test/target/test-dir/MiniOzoneClusterImpl-4222d414-12f0-45c6-b3cb-e3750e5b8e76/datanode-1/data/ratis/5531f318-4544-4027-9e70-6e51e5fa5883 does not exist. Creating ...
2019-09-05 18:06:27,643 [pool-217-thread-1] INFO  storage.RaftStorageDirectory (RaftStorageDirectory.java:tryLock(328)) - Lock on /workdir/hadoop-ozone/integration-test/target/test-dir/MiniOzoneClusterImpl-4222d414-12f0-45c6-b3cb-e3750e5b8e76/datanode-1/data/ratis/5531f318-4544-4027-9e70-6e51e5fa5883/in_use.lock acquired by nodename 1130@pr-hdds-2007-hnd8f-2977735972
2019-09-05 18:06:27,752 [pool-217-thread-1] INFO  storage.RaftStorage (RaftStorage.java:format(72)) - Storage directory /workdir/hadoop-ozone/integration-test/target/test-dir/MiniOzoneClusterImpl-4222d414-12f0-45c6-b3cb-e3750e5b8e76/datanode-1/data/ratis/5531f318-4544-4027-9e70-6e51e5fa5883 has been successfully formatted.
2019-09-05 18:06:27,753 [pool-217-thread-1] INFO  ratis.ContainerStateMachine (ContainerStateMachine.java:loadSnapshot(227)) - group-6E51E5FA5883: The snapshot info is null. Setting the last applied indexto:(t:0, i:~)
2019-09-05 18:06:27,753 [pool-217-thread-1] INFO  server.RaftServerConfigKeys (ConfUtils.java:logGet(43)) - raft.server.leader.election.timeout = 120s (custom)
2019-09-05 18:06:27,753 [pool-217-thread-1] INFO  server.RaftServerConfigKeys (ConfUtils.java:logGet(43)) - raft.server.log.use.memory = false (default)
2019-09-05 18:06:27,753 [pool-217-thread-1] INFO  server.RaftServerConfigKeys (ConfUtils.java:logGet(43)) - raft.server.log.purge.gap = 1000000 (custom)
2019-09-05 18:06:27,753 [pool-217-thread-1] INFO  server.RaftServerConfigKeys (ConfUtils.java:logGet(43)) - raft.server.log.appender.buffer.byte-limit = 33554432 (custom)
2019-09-05 18:06:27,754 [pool-217-thread-1] INFO  server.RaftServerConfigKeys (ConfUtils.java:logGet(43)) - raft.server.log.segment.size.max = 1048576 (custom)
2019-09-05 18:06:27,754 [pool-217-thread-1] INFO  server.RaftServerConfigKeys (ConfUtils.java:logGet(43)) - raft.server.log.segment.cache.num.max = 2 (custom)
2019-09-05 18:06:27,754 [pool-217-thread-1] INFO  segmented.SegmentedRaftLogWorker (SegmentedRaftLogWorker.java:<init>(172)) - new 5b5586d4-1754-4c06-a799-ffbe50909082-SegmentedRaftLogWorker:Storage Directory /workdir/hadoop-ozone/integration-test/target/test-dir/MiniOzoneClusterImpl-4222d414-12f0-45c6-b3cb-e3750e5b8e76/datanode-1/data/ratis/5531f318-4544-4027-9e70-6e51e5fa5883 for RaftStorage:Storage Directory /workdir/hadoop-ozone/integration-test/target/test-dir/MiniOzoneClusterImpl-4222d414-12f0-45c6-b3cb-e3750e5b8e76/datanode-1/data/ratis/5531f318-4544-4027-9e70-6e51e5fa5883
2019-09-05 18:06:27,754 [pool-217-thread-1] INFO  server.RaftServerConfigKeys (ConfUtils.java:logGet(43)) - raft.server.log.queue.byte-limit = 2147483647 (custom)
2019-09-05 18:06:27,754 [pool-217-thread-1] INFO  server.RaftServerConfigKeys (ConfUtils.java:logGet(43)) - raft.server.log.queue.element-limit = 1024 (custom)
2019-09-05 18:06:27,755 [pool-217-thread-1] INFO  server.RaftServerConfigKeys (ConfUtils.java:logGet(43)) - raft.server.log.segment.size.max = 1048576 (custom)
2019-09-05 18:06:27,755 [pool-217-thread-1] INFO  server.RaftServerConfigKeys (ConfUtils.java:logGet(43)) - raft.server.log.preallocated.size = 16384 (custom)
2019-09-05 18:06:27,755 [pool-217-thread-1] INFO  server.RaftServerConfigKeys (ConfUtils.java:logGet(43)) - raft.server.log.write.buffer.size = 33554432 (custom)
2019-09-05 18:06:27,755 [pool-217-thread-1] INFO  server.RaftServerConfigKeys (ConfUtils.java:logGet(43)) - raft.server.log.force.sync.num = 128 (default)
2019-09-05 18:06:27,756 [pool-217-thread-1] INFO  server.RaftServerConfigKeys (ConfUtils.java:logGet(43)) - raft.server.log.statemachine.data.sync = true (default)
2019-09-05 18:06:27,756 [pool-217-thread-1] INFO  server.RaftServerConfigKeys (ConfUtils.java:logGet(43)) - raft.server.log.statemachine.data.sync.timeout = 10s (default)
2019-09-05 18:06:27,756 [pool-217-thread-1] INFO  server.RaftServerConfigKeys (ConfUtils.java:logGet(43)) - raft.server.log.statemachine.data.sync.timeout.retry = -1 (default)
2019-09-05 18:06:27,756 [pool-217-thread-1] INFO  server.RaftServerConfigKeys (ConfUtils.java:logGet(43)) - raft.server.log.statemachine.data.caching.enabled = true (custom)
2019-09-05 18:06:27,757 [pool-217-thread-1] INFO  segmented.SegmentedRaftLogWorker (SegmentedRaftLogWorker.java:lambda$new$0(132)) - 5b5586d4-1754-4c06-a799-ffbe50909082-SegmentedRaftLogWorker:Storage Directory /workdir/hadoop-ozone/integration-test/target/test-dir/MiniOzoneClusterImpl-4222d414-12f0-45c6-b3cb-e3750e5b8e76/datanode-1/data/ratis/5531f318-4544-4027-9e70-6e51e5fa5883: flushIndex: setUnconditionally 0 -> -1
2019-09-05 18:06:27,757 [pool-217-thread-1] INFO  server.RaftServerConfigKeys (ConfUtils.java:logGet(43)) - raft.server.snapshot.auto.trigger.enabled = true (custom)
2019-09-05 18:06:27,757 [pool-217-thread-1] INFO  server.RaftServerConfigKeys (ConfUtils.java:logGet(43)) - raft.server.snapshot.auto.trigger.threshold = 10000 (custom)
2019-09-05 18:06:27,757 [pool-217-thread-1] INFO  server.RaftServerConfigKeys (ConfUtils.java:logGet(43)) - raft.server.retrycache.expirytime = 600000ms (custom)
2019-09-05 18:06:27,758 [pool-217-thread-1] INFO  impl.RaftServerImpl (RaftServerImpl.java:start(180)) - 5b5586d4-1754-4c06-a799-ffbe50909082: start group-6E51E5FA5883
2019-09-05 18:06:27,758 [pool-217-thread-1] INFO  impl.RaftServerImpl (RaftServerImpl.java:setRole(171)) - 5b5586d4-1754-4c06-a799-ffbe50909082:group-6E51E5FA5883 changes role from null to FOLLOWER at term 0 for startAsFollower
2019-09-05 18:06:27,758 [pool-217-thread-1] INFO  impl.RoleInfo (RoleInfo.java:updateAndGet(143)) - 5b5586d4-1754-4c06-a799-ffbe50909082: start FollowerState
2019-09-05 18:06:27,759 [pool-217-thread-1] INFO  util.JmxRegister (JmxRegister.java:tryRegister(44)) - Successfully registered JMX Bean with object name Ratis:service=RaftServer,group=group-6E51E5FA5883,id=5b5586d4-1754-4c06-a799-ffbe50909082
2019-09-05 18:06:27,762 [RatisPipelineUtilsThread] INFO  pipeline.PipelineStateManager (PipelineStateManager.java:addPipeline(56)) - Created pipeline Pipeline[ Id: 5531f318-4544-4027-9e70-6e51e5fa5883, Nodes: 5b5586d4-1754-4c06-a799-ffbe50909082{ip: 192.168.36.125, host: pr-hdds-2007-hnd8f-2977735972, networkLocation: /default-rack, certSerialId: null}, Type:RATIS, Factor:ONE, State:OPEN]
2019-09-05 18:06:27,770 [grpc-default-executor-5] INFO  impl.RaftServerProxy (RaftServerProxy.java:addNew(89)) - d247bb88-96d6-4a5e-a7ac-1fab2e0c2a64: addNew group-128375A3C5C1:[d247bb88-96d6-4a5e-a7ac-1fab2e0c2a64:192.168.36.125:43009] returns group-128375A3C5C1:java.util.concurrent.CompletableFuture@c64ee59[Not completed]
2019-09-05 18:06:27,772 [pool-257-thread-1] INFO  impl.RaftServerImpl (RaftServerImpl.java:<init>(93)) - d247bb88-96d6-4a5e-a7ac-1fab2e0c2a64: new RaftServerImpl for group-128375A3C5C1:[d247bb88-96d6-4a5e-a7ac-1fab2e0c2a64:192.168.36.125:43009] with ContainerStateMachine:uninitialized
2019-09-05 18:06:27,772 [pool-257-thread-1] INFO  server.RaftServerConfigKeys (ConfUtils.java:logGet(43)) - raft.server.rpc.timeout.min = 5s (custom)
2019-09-05 18:06:27,772 [pool-257-thread-1] INFO  server.RaftServerConfigKeys (ConfUtils.java:logGet(43)) - raft.server.rpc.timeout.max = 5200ms (custom)
2019-09-05 18:06:27,772 [pool-257-thread-1] INFO  server.RaftServerConfigKeys (ConfUtils.java:logGet(43)) - raft.server.rpcslowness.timeout = 120s (custom)
2019-09-05 18:06:27,772 [pool-257-thread-1] INFO  server.RaftServerConfigKeys (ConfUtils.java:logGet(43)) - raft.server.sleep.deviation.threshold = 300 (default)
2019-09-05 18:06:27,772 [pool-257-thread-1] INFO  server.RaftServerConfigKeys (ConfUtils.java:logGet(43)) - raft.server.log.appender.install.snapshot.enabled = false (custom)
2019-09-05 18:06:27,772 [pool-257-thread-1] INFO  impl.RaftServerImpl (ServerState.java:<init>(105)) - d247bb88-96d6-4a5e-a7ac-1fab2e0c2a64:group-128375A3C5C1 ConfigurationManager, init=-1: [d247bb88-96d6-4a5e-a7ac-1fab2e0c2a64:192.168.36.125:43009], old=null, confs=<EMPTY_MAP>
2019-09-05 18:06:27,773 [pool-257-thread-1] INFO  server.RaftServerConfigKeys (ConfUtils.java:logGet(43)) - raft.server.storage.dir = [/workdir/hadoop-ozone/integration-test/target/test-dir/MiniOzoneClusterImpl-4222d414-12f0-45c6-b3cb-e3750e5b8e76/datanode-5/data/ratis] (custom)
2019-09-05 18:06:27,773 [pool-257-thread-1] INFO  storage.RaftStorageDirectory (RaftStorageDirectory.java:analyzeStorage(246)) - The storage directory /workdir/hadoop-ozone/integration-test/target/test-dir/MiniOzoneClusterImpl-4222d414-12f0-45c6-b3cb-e3750e5b8e76/datanode-5/data/ratis/3c20fb56-e9d0-48d2-801d-128375a3c5c1 does not exist. Creating ...
2019-09-05 18:06:28,119 [pool-257-thread-1] INFO  storage.RaftStorageDirectory (RaftStorageDirectory.java:tryLock(328)) - Lock on /workdir/hadoop-ozone/integration-test/target/test-dir/MiniOzoneClusterImpl-4222d414-12f0-45c6-b3cb-e3750e5b8e76/datanode-5/data/ratis/3c20fb56-e9d0-48d2-801d-128375a3c5c1/in_use.lock acquired by nodename 1130@pr-hdds-2007-hnd8f-2977735972
2019-09-05 18:06:28,153 [pool-257-thread-1] INFO  storage.RaftStorage (RaftStorage.java:format(72)) - Storage directory /workdir/hadoop-ozone/integration-test/target/test-dir/MiniOzoneClusterImpl-4222d414-12f0-45c6-b3cb-e3750e5b8e76/datanode-5/data/ratis/3c20fb56-e9d0-48d2-801d-128375a3c5c1 has been successfully formatted.
2019-09-05 18:06:28,153 [pool-257-thread-1] INFO  ratis.ContainerStateMachine (ContainerStateMachine.java:loadSnapshot(227)) - group-128375A3C5C1: The snapshot info is null. Setting the last applied indexto:(t:0, i:~)
2019-09-05 18:06:28,154 [pool-257-thread-1] INFO  server.RaftServerConfigKeys (ConfUtils.java:logGet(43)) - raft.server.leader.election.timeout = 120s (custom)
2019-09-05 18:06:28,154 [pool-257-thread-1] INFO  server.RaftServerConfigKeys (ConfUtils.java:logGet(43)) - raft.server.log.use.memory = false (default)
2019-09-05 18:06:28,154 [pool-257-thread-1] INFO  server.RaftServerConfigKeys (ConfUtils.java:logGet(43)) - raft.server.log.purge.gap = 1000000 (custom)
2019-09-05 18:06:28,154 [pool-257-thread-1] INFO  server.RaftServerConfigKeys (ConfUtils.java:logGet(43)) - raft.server.log.appender.buffer.byte-limit = 33554432 (custom)
2019-09-05 18:06:28,155 [pool-257-thread-1] INFO  server.RaftServerConfigKeys (ConfUtils.java:logGet(43)) - raft.server.log.segment.size.max = 1048576 (custom)
2019-09-05 18:06:28,155 [pool-257-thread-1] INFO  server.RaftServerConfigKeys (ConfUtils.java:logGet(43)) - raft.server.log.segment.cache.num.max = 2 (custom)
2019-09-05 18:06:28,155 [pool-257-thread-1] INFO  segmented.SegmentedRaftLogWorker (SegmentedRaftLogWorker.java:<init>(172)) - new d247bb88-96d6-4a5e-a7ac-1fab2e0c2a64-SegmentedRaftLogWorker:Storage Directory /workdir/hadoop-ozone/integration-test/target/test-dir/MiniOzoneClusterImpl-4222d414-12f0-45c6-b3cb-e3750e5b8e76/datanode-5/data/ratis/3c20fb56-e9d0-48d2-801d-128375a3c5c1 for RaftStorage:Storage Directory /workdir/hadoop-ozone/integration-test/target/test-dir/MiniOzoneClusterImpl-4222d414-12f0-45c6-b3cb-e3750e5b8e76/datanode-5/data/ratis/3c20fb56-e9d0-48d2-801d-128375a3c5c1
2019-09-05 18:06:28,155 [pool-257-thread-1] INFO  server.RaftServerConfigKeys (ConfUtils.java:logGet(43)) - raft.server.log.queue.byte-limit = 2147483647 (custom)
2019-09-05 18:06:28,155 [pool-257-thread-1] INFO  server.RaftServerConfigKeys (ConfUtils.java:logGet(43)) - raft.server.log.queue.element-limit = 1024 (custom)
2019-09-05 18:06:28,156 [pool-257-thread-1] INFO  server.RaftServerConfigKeys (ConfUtils.java:logGet(43)) - raft.server.log.segment.size.max = 1048576 (custom)
2019-09-05 18:06:28,156 [pool-257-thread-1] INFO  server.RaftServerConfigKeys (ConfUtils.java:logGet(43)) - raft.server.log.preallocated.size = 16384 (custom)
2019-09-05 18:06:28,156 [pool-257-thread-1] INFO  server.RaftServerConfigKeys (ConfUtils.java:logGet(43)) - raft.server.log.write.buffer.size = 33554432 (custom)
2019-09-05 18:06:28,156 [pool-257-thread-1] INFO  server.RaftServerConfigKeys (ConfUtils.java:logGet(43)) - raft.server.log.force.sync.num = 128 (default)
2019-09-05 18:06:28,157 [pool-257-thread-1] INFO  server.RaftServerConfigKeys (ConfUtils.java:logGet(43)) - raft.server.log.statemachine.data.sync = true (default)
2019-09-05 18:06:28,157 [pool-257-thread-1] INFO  server.RaftServerConfigKeys (ConfUtils.java:logGet(43)) - raft.server.log.statemachine.data.sync.timeout = 10s (default)
2019-09-05 18:06:28,157 [pool-257-thread-1] INFO  server.RaftServerConfigKeys (ConfUtils.java:logGet(43)) - raft.server.log.statemachine.data.sync.timeout.retry = -1 (default)
2019-09-05 18:06:28,157 [pool-257-thread-1] INFO  server.RaftServerConfigKeys (ConfUtils.java:logGet(43)) - raft.server.log.statemachine.data.caching.enabled = true (custom)
2019-09-05 18:06:28,158 [pool-257-thread-1] INFO  segmented.SegmentedRaftLogWorker (SegmentedRaftLogWorker.java:lambda$new$0(132)) - d247bb88-96d6-4a5e-a7ac-1fab2e0c2a64-SegmentedRaftLogWorker:Storage Directory /workdir/hadoop-ozone/integration-test/target/test-dir/MiniOzoneClusterImpl-4222d414-12f0-45c6-b3cb-e3750e5b8e76/datanode-5/data/ratis/3c20fb56-e9d0-48d2-801d-128375a3c5c1: flushIndex: setUnconditionally 0 -> -1
2019-09-05 18:06:28,158 [pool-257-thread-1] INFO  server.RaftServerConfigKeys (ConfUtils.java:logGet(43)) - raft.server.snapshot.auto.trigger.enabled = true (custom)
2019-09-05 18:06:28,159 [pool-257-thread-1] INFO  server.RaftServerConfigKeys (ConfUtils.java:logGet(43)) - raft.server.snapshot.auto.trigger.threshold = 10000 (custom)
2019-09-05 18:06:28,159 [pool-257-thread-1] INFO  server.RaftServerConfigKeys (ConfUtils.java:logGet(43)) - raft.server.retrycache.expirytime = 600000ms (custom)
2019-09-05 18:06:28,159 [pool-257-thread-1] INFO  impl.RaftServerImpl (RaftServerImpl.java:start(180)) - d247bb88-96d6-4a5e-a7ac-1fab2e0c2a64: start group-128375A3C5C1
2019-09-05 18:06:28,159 [pool-257-thread-1] INFO  impl.RaftServerImpl (RaftServerImpl.java:setRole(171)) - d247bb88-96d6-4a5e-a7ac-1fab2e0c2a64:group-128375A3C5C1 changes role from null to FOLLOWER at term 0 for startAsFollower
2019-09-05 18:06:28,159 [pool-257-thread-1] INFO  impl.RoleInfo (RoleInfo.java:updateAndGet(143)) - d247bb88-96d6-4a5e-a7ac-1fab2e0c2a64: start FollowerState
2019-09-05 18:06:28,160 [pool-257-thread-1] INFO  util.JmxRegister (JmxRegister.java:tryRegister(44)) - Successfully registered JMX Bean with object name Ratis:service=RaftServer,group=group-128375A3C5C1,id=d247bb88-96d6-4a5e-a7ac-1fab2e0c2a64
2019-09-05 18:06:28,163 [RatisPipelineUtilsThread] INFO  pipeline.PipelineStateManager (PipelineStateManager.java:addPipeline(56)) - Created pipeline Pipeline[ Id: 3c20fb56-e9d0-48d2-801d-128375a3c5c1, Nodes: d247bb88-96d6-4a5e-a7ac-1fab2e0c2a64{ip: 192.168.36.125, host: pr-hdds-2007-hnd8f-2977735972, networkLocation: /default-rack, certSerialId: null}, Type:RATIS, Factor:ONE, State:OPEN]
2019-09-05 18:06:28,173 [grpc-default-executor-5] INFO  impl.RaftServerProxy (RaftServerProxy.java:addNew(89)) - f3556df8-41d3-44b1-b03f-0634968a3dc4: addNew group-EB9295331475:[f3556df8-41d3-44b1-b03f-0634968a3dc4:192.168.36.125:43201] returns group-EB9295331475:java.util.concurrent.CompletableFuture@4bca9ec7[Not completed]
2019-09-05 18:06:28,175 [pool-237-thread-1] INFO  impl.RaftServerImpl (RaftServerImpl.java:<init>(93)) - f3556df8-41d3-44b1-b03f-0634968a3dc4: new RaftServerImpl for group-EB9295331475:[f3556df8-41d3-44b1-b03f-0634968a3dc4:192.168.36.125:43201] with ContainerStateMachine:uninitialized
2019-09-05 18:06:28,175 [pool-237-thread-1] INFO  server.RaftServerConfigKeys (ConfUtils.java:logGet(43)) - raft.server.rpc.timeout.min = 5s (custom)
2019-09-05 18:06:28,175 [pool-237-thread-1] INFO  server.RaftServerConfigKeys (ConfUtils.java:logGet(43)) - raft.server.rpc.timeout.max = 5200ms (custom)
2019-09-05 18:06:28,175 [pool-237-thread-1] INFO  server.RaftServerConfigKeys (ConfUtils.java:logGet(43)) - raft.server.rpcslowness.timeout = 120s (custom)
2019-09-05 18:06:28,175 [pool-237-thread-1] INFO  server.RaftServerConfigKeys (ConfUtils.java:logGet(43)) - raft.server.sleep.deviation.threshold = 300 (default)
2019-09-05 18:06:28,175 [pool-237-thread-1] INFO  server.RaftServerConfigKeys (ConfUtils.java:logGet(43)) - raft.server.log.appender.install.snapshot.enabled = false (custom)
2019-09-05 18:06:28,175 [pool-237-thread-1] INFO  impl.RaftServerImpl (ServerState.java:<init>(105)) - f3556df8-41d3-44b1-b03f-0634968a3dc4:group-EB9295331475 ConfigurationManager, init=-1: [f3556df8-41d3-44b1-b03f-0634968a3dc4:192.168.36.125:43201], old=null, confs=<EMPTY_MAP>
2019-09-05 18:06:28,175 [pool-237-thread-1] INFO  server.RaftServerConfigKeys (ConfUtils.java:logGet(43)) - raft.server.storage.dir = [/workdir/hadoop-ozone/integration-test/target/test-dir/MiniOzoneClusterImpl-4222d414-12f0-45c6-b3cb-e3750e5b8e76/datanode-3/data/ratis] (custom)
2019-09-05 18:06:28,176 [pool-237-thread-1] INFO  storage.RaftStorageDirectory (RaftStorageDirectory.java:analyzeStorage(246)) - The storage directory /workdir/hadoop-ozone/integration-test/target/test-dir/MiniOzoneClusterImpl-4222d414-12f0-45c6-b3cb-e3750e5b8e76/datanode-3/data/ratis/133acfda-581a-47f3-9caa-eb9295331475 does not exist. Creating ...
2019-09-05 18:06:28,405 [main] INFO  ozone.MiniOzoneClusterImpl (MiniOzoneClusterImpl.java:lambda$waitForClusterToBeReady$0(140)) - Cluster is ready. Got 7 of 7 DN Heartbeats.
2019-09-05 18:06:28,430 [pool-237-thread-1] INFO  storage.RaftStorageDirectory (RaftStorageDirectory.java:tryLock(328)) - Lock on /workdir/hadoop-ozone/integration-test/target/test-dir/MiniOzoneClusterImpl-4222d414-12f0-45c6-b3cb-e3750e5b8e76/datanode-3/data/ratis/133acfda-581a-47f3-9caa-eb9295331475/in_use.lock acquired by nodename 1130@pr-hdds-2007-hnd8f-2977735972
2019-09-05 18:06:28,441 [main] INFO  rpc.RpcClient (RpcClient.java:createVolume(303)) - Creating Volume: watchforcommithandlingtest, with jenkins1000 as owner.
2019-09-05 18:06:28,444 [IPC Server handler 1 on 41777] INFO  volume.OMVolumeCreateRequest (OMVolumeCreateRequest.java:validateAndUpdateCache(189)) - created volume:watchforcommithandlingtest for user:jenkins1000
2019-09-05 18:06:28,458 [main] INFO  rpc.RpcClient (RpcClient.java:createBucket(442)) - Creating Bucket: watchforcommithandlingtest/watchforcommithandlingtest, with Versioning false and Storage Type set to DISK and Encryption set to false 
2019-09-05 18:06:28,471 [main] INFO  ozone.MiniOzoneClusterImpl (MiniOzoneClusterImpl.java:getStorageContainerLocationClient(227)) - Creating StorageContainerLocationProtocol RPC client with address /0.0.0.0:37610
2019-09-05 18:06:28,479 [pool-237-thread-1] INFO  storage.RaftStorage (RaftStorage.java:format(72)) - Storage directory /workdir/hadoop-ozone/integration-test/target/test-dir/MiniOzoneClusterImpl-4222d414-12f0-45c6-b3cb-e3750e5b8e76/datanode-3/data/ratis/133acfda-581a-47f3-9caa-eb9295331475 has been successfully formatted.
2019-09-05 18:06:28,479 [pool-237-thread-1] INFO  ratis.ContainerStateMachine (ContainerStateMachine.java:loadSnapshot(227)) - group-EB9295331475: The snapshot info is null. Setting the last applied indexto:(t:0, i:~)
2019-09-05 18:06:28,479 [pool-237-thread-1] INFO  server.RaftServerConfigKeys (ConfUtils.java:logGet(43)) - raft.server.leader.election.timeout = 120s (custom)
2019-09-05 18:06:28,479 [pool-237-thread-1] INFO  server.RaftServerConfigKeys (ConfUtils.java:logGet(43)) - raft.server.log.use.memory = false (default)
2019-09-05 18:06:28,479 [pool-237-thread-1] INFO  server.RaftServerConfigKeys (ConfUtils.java:logGet(43)) - raft.server.log.purge.gap = 1000000 (custom)
2019-09-05 18:06:28,479 [pool-237-thread-1] INFO  server.RaftServerConfigKeys (ConfUtils.java:logGet(43)) - raft.server.log.appender.buffer.byte-limit = 33554432 (custom)
2019-09-05 18:06:28,480 [pool-237-thread-1] INFO  server.RaftServerConfigKeys (ConfUtils.java:logGet(43)) - raft.server.log.segment.size.max = 1048576 (custom)
2019-09-05 18:06:28,480 [pool-237-thread-1] INFO  server.RaftServerConfigKeys (ConfUtils.java:logGet(43)) - raft.server.log.segment.cache.num.max = 2 (custom)
2019-09-05 18:06:28,480 [pool-237-thread-1] INFO  segmented.SegmentedRaftLogWorker (SegmentedRaftLogWorker.java:<init>(172)) - new f3556df8-41d3-44b1-b03f-0634968a3dc4-SegmentedRaftLogWorker:Storage Directory /workdir/hadoop-ozone/integration-test/target/test-dir/MiniOzoneClusterImpl-4222d414-12f0-45c6-b3cb-e3750e5b8e76/datanode-3/data/ratis/133acfda-581a-47f3-9caa-eb9295331475 for RaftStorage:Storage Directory /workdir/hadoop-ozone/integration-test/target/test-dir/MiniOzoneClusterImpl-4222d414-12f0-45c6-b3cb-e3750e5b8e76/datanode-3/data/ratis/133acfda-581a-47f3-9caa-eb9295331475
2019-09-05 18:06:28,480 [pool-237-thread-1] INFO  server.RaftServerConfigKeys (ConfUtils.java:logGet(43)) - raft.server.log.queue.byte-limit = 2147483647 (custom)
2019-09-05 18:06:28,480 [pool-237-thread-1] INFO  server.RaftServerConfigKeys (ConfUtils.java:logGet(43)) - raft.server.log.queue.element-limit = 1024 (custom)
2019-09-05 18:06:28,480 [pool-237-thread-1] INFO  server.RaftServerConfigKeys (ConfUtils.java:logGet(43)) - raft.server.log.segment.size.max = 1048576 (custom)
2019-09-05 18:06:28,481 [pool-237-thread-1] INFO  server.RaftServerConfigKeys (ConfUtils.java:logGet(43)) - raft.server.log.preallocated.size = 16384 (custom)
2019-09-05 18:06:28,481 [pool-237-thread-1] INFO  server.RaftServerConfigKeys (ConfUtils.java:logGet(43)) - raft.server.log.write.buffer.size = 33554432 (custom)
2019-09-05 18:06:28,481 [pool-237-thread-1] INFO  server.RaftServerConfigKeys (ConfUtils.java:logGet(43)) - raft.server.log.force.sync.num = 128 (default)
2019-09-05 18:06:28,481 [pool-237-thread-1] INFO  server.RaftServerConfigKeys (ConfUtils.java:logGet(43)) - raft.server.log.statemachine.data.sync = true (default)
2019-09-05 18:06:28,481 [pool-237-thread-1] INFO  server.RaftServerConfigKeys (ConfUtils.java:logGet(43)) - raft.server.log.statemachine.data.sync.timeout = 10s (default)
2019-09-05 18:06:28,481 [pool-237-thread-1] INFO  server.RaftServerConfigKeys (ConfUtils.java:logGet(43)) - raft.server.log.statemachine.data.sync.timeout.retry = -1 (default)
2019-09-05 18:06:28,481 [pool-237-thread-1] INFO  server.RaftServerConfigKeys (ConfUtils.java:logGet(43)) - raft.server.log.statemachine.data.caching.enabled = true (custom)
2019-09-05 18:06:28,482 [pool-237-thread-1] INFO  segmented.SegmentedRaftLogWorker (SegmentedRaftLogWorker.java:lambda$new$0(132)) - f3556df8-41d3-44b1-b03f-0634968a3dc4-SegmentedRaftLogWorker:Storage Directory /workdir/hadoop-ozone/integration-test/target/test-dir/MiniOzoneClusterImpl-4222d414-12f0-45c6-b3cb-e3750e5b8e76/datanode-3/data/ratis/133acfda-581a-47f3-9caa-eb9295331475: flushIndex: setUnconditionally 0 -> -1
2019-09-05 18:06:28,482 [pool-237-thread-1] INFO  server.RaftServerConfigKeys (ConfUtils.java:logGet(43)) - raft.server.snapshot.auto.trigger.enabled = true (custom)
2019-09-05 18:06:28,482 [pool-237-thread-1] INFO  server.RaftServerConfigKeys (ConfUtils.java:logGet(43)) - raft.server.snapshot.auto.trigger.threshold = 10000 (custom)
2019-09-05 18:06:28,482 [pool-237-thread-1] INFO  server.RaftServerConfigKeys (ConfUtils.java:logGet(43)) - raft.server.retrycache.expirytime = 600000ms (custom)
2019-09-05 18:06:28,482 [pool-237-thread-1] INFO  impl.RaftServerImpl (RaftServerImpl.java:start(180)) - f3556df8-41d3-44b1-b03f-0634968a3dc4: start group-EB9295331475
2019-09-05 18:06:28,482 [pool-237-thread-1] INFO  impl.RaftServerImpl (RaftServerImpl.java:setRole(171)) - f3556df8-41d3-44b1-b03f-0634968a3dc4:group-EB9295331475 changes role from null to FOLLOWER at term 0 for startAsFollower
2019-09-05 18:06:28,483 [pool-237-thread-1] INFO  impl.RoleInfo (RoleInfo.java:updateAndGet(143)) - f3556df8-41d3-44b1-b03f-0634968a3dc4: start FollowerState
2019-09-05 18:06:28,483 [pool-237-thread-1] INFO  util.JmxRegister (JmxRegister.java:tryRegister(44)) - Successfully registered JMX Bean with object name Ratis:service=RaftServer,group=group-EB9295331475,id=f3556df8-41d3-44b1-b03f-0634968a3dc4
2019-09-05 18:06:28,485 [RatisPipelineUtilsThread] INFO  pipeline.PipelineStateManager (PipelineStateManager.java:addPipeline(56)) - Created pipeline Pipeline[ Id: 133acfda-581a-47f3-9caa-eb9295331475, Nodes: f3556df8-41d3-44b1-b03f-0634968a3dc4{ip: 192.168.36.125, host: pr-hdds-2007-hnd8f-2977735972, networkLocation: /default-rack, certSerialId: null}, Type:RATIS, Factor:ONE, State:OPEN]
2019-09-05 18:06:28,506 [grpc-default-executor-5] INFO  impl.RaftServerProxy (RaftServerProxy.java:addNew(89)) - 14bbad99-9b0d-449e-9017-5f9387be6f26: addNew group-88A85F888047:[14bbad99-9b0d-449e-9017-5f9387be6f26:192.168.36.125:46683] returns group-88A85F888047:java.util.concurrent.CompletableFuture@757253d1[Not completed]
2019-09-05 18:06:28,507 [pool-227-thread-1] INFO  impl.RaftServerImpl (RaftServerImpl.java:<init>(93)) - 14bbad99-9b0d-449e-9017-5f9387be6f26: new RaftServerImpl for group-88A85F888047:[14bbad99-9b0d-449e-9017-5f9387be6f26:192.168.36.125:46683] with ContainerStateMachine:uninitialized
2019-09-05 18:06:28,508 [pool-227-thread-1] INFO  server.RaftServerConfigKeys (ConfUtils.java:logGet(43)) - raft.server.rpc.timeout.min = 5s (custom)
2019-09-05 18:06:28,508 [pool-227-thread-1] INFO  server.RaftServerConfigKeys (ConfUtils.java:logGet(43)) - raft.server.rpc.timeout.max = 5200ms (custom)
2019-09-05 18:06:28,508 [pool-227-thread-1] INFO  server.RaftServerConfigKeys (ConfUtils.java:logGet(43)) - raft.server.rpcslowness.timeout = 120s (custom)
2019-09-05 18:06:28,508 [pool-227-thread-1] INFO  server.RaftServerConfigKeys (ConfUtils.java:logGet(43)) - raft.server.sleep.deviation.threshold = 300 (default)
2019-09-05 18:06:28,508 [pool-227-thread-1] INFO  server.RaftServerConfigKeys (ConfUtils.java:logGet(43)) - raft.server.log.appender.install.snapshot.enabled = false (custom)
2019-09-05 18:06:28,508 [pool-227-thread-1] INFO  impl.RaftServerImpl (ServerState.java:<init>(105)) - 14bbad99-9b0d-449e-9017-5f9387be6f26:group-88A85F888047 ConfigurationManager, init=-1: [14bbad99-9b0d-449e-9017-5f9387be6f26:192.168.36.125:46683], old=null, confs=<EMPTY_MAP>
2019-09-05 18:06:28,508 [pool-227-thread-1] INFO  server.RaftServerConfigKeys (ConfUtils.java:logGet(43)) - raft.server.storage.dir = [/workdir/hadoop-ozone/integration-test/target/test-dir/MiniOzoneClusterImpl-4222d414-12f0-45c6-b3cb-e3750e5b8e76/datanode-2/data/ratis] (custom)
2019-09-05 18:06:28,509 [pool-227-thread-1] INFO  storage.RaftStorageDirectory (RaftStorageDirectory.java:analyzeStorage(246)) - The storage directory /workdir/hadoop-ozone/integration-test/target/test-dir/MiniOzoneClusterImpl-4222d414-12f0-45c6-b3cb-e3750e5b8e76/datanode-2/data/ratis/9498901c-c2f4-44ba-920f-88a85f888047 does not exist. Creating ...
2019-09-05 18:06:28,537 [pool-227-thread-1] INFO  storage.RaftStorageDirectory (RaftStorageDirectory.java:tryLock(328)) - Lock on /workdir/hadoop-ozone/integration-test/target/test-dir/MiniOzoneClusterImpl-4222d414-12f0-45c6-b3cb-e3750e5b8e76/datanode-2/data/ratis/9498901c-c2f4-44ba-920f-88a85f888047/in_use.lock acquired by nodename 1130@pr-hdds-2007-hnd8f-2977735972
2019-09-05 18:06:28,613 [pool-227-thread-1] INFO  storage.RaftStorage (RaftStorage.java:format(72)) - Storage directory /workdir/hadoop-ozone/integration-test/target/test-dir/MiniOzoneClusterImpl-4222d414-12f0-45c6-b3cb-e3750e5b8e76/datanode-2/data/ratis/9498901c-c2f4-44ba-920f-88a85f888047 has been successfully formatted.
2019-09-05 18:06:28,613 [pool-227-thread-1] INFO  ratis.ContainerStateMachine (ContainerStateMachine.java:loadSnapshot(227)) - group-88A85F888047: The snapshot info is null. Setting the last applied indexto:(t:0, i:~)
2019-09-05 18:06:28,613 [pool-227-thread-1] INFO  server.RaftServerConfigKeys (ConfUtils.java:logGet(43)) - raft.server.leader.election.timeout = 120s (custom)
2019-09-05 18:06:28,614 [pool-227-thread-1] INFO  server.RaftServerConfigKeys (ConfUtils.java:logGet(43)) - raft.server.log.use.memory = false (default)
2019-09-05 18:06:28,614 [pool-227-thread-1] INFO  server.RaftServerConfigKeys (ConfUtils.java:logGet(43)) - raft.server.log.purge.gap = 1000000 (custom)
2019-09-05 18:06:28,614 [pool-227-thread-1] INFO  server.RaftServerConfigKeys (ConfUtils.java:logGet(43)) - raft.server.log.appender.buffer.byte-limit = 33554432 (custom)
2019-09-05 18:06:28,614 [pool-227-thread-1] INFO  server.RaftServerConfigKeys (ConfUtils.java:logGet(43)) - raft.server.log.segment.size.max = 1048576 (custom)
2019-09-05 18:06:28,614 [pool-227-thread-1] INFO  server.RaftServerConfigKeys (ConfUtils.java:logGet(43)) - raft.server.log.segment.cache.num.max = 2 (custom)
2019-09-05 18:06:28,614 [pool-227-thread-1] INFO  segmented.SegmentedRaftLogWorker (SegmentedRaftLogWorker.java:<init>(172)) - new 14bbad99-9b0d-449e-9017-5f9387be6f26-SegmentedRaftLogWorker:Storage Directory /workdir/hadoop-ozone/integration-test/target/test-dir/MiniOzoneClusterImpl-4222d414-12f0-45c6-b3cb-e3750e5b8e76/datanode-2/data/ratis/9498901c-c2f4-44ba-920f-88a85f888047 for RaftStorage:Storage Directory /workdir/hadoop-ozone/integration-test/target/test-dir/MiniOzoneClusterImpl-4222d414-12f0-45c6-b3cb-e3750e5b8e76/datanode-2/data/ratis/9498901c-c2f4-44ba-920f-88a85f888047
2019-09-05 18:06:28,614 [pool-227-thread-1] INFO  server.RaftServerConfigKeys (ConfUtils.java:logGet(43)) - raft.server.log.queue.byte-limit = 2147483647 (custom)
2019-09-05 18:06:28,614 [pool-227-thread-1] INFO  server.RaftServerConfigKeys (ConfUtils.java:logGet(43)) - raft.server.log.queue.element-limit = 1024 (custom)
2019-09-05 18:06:28,615 [pool-227-thread-1] INFO  server.RaftServerConfigKeys (ConfUtils.java:logGet(43)) - raft.server.log.segment.size.max = 1048576 (custom)
2019-09-05 18:06:28,615 [pool-227-thread-1] INFO  server.RaftServerConfigKeys (ConfUtils.java:logGet(43)) - raft.server.log.preallocated.size = 16384 (custom)
2019-09-05 18:06:28,615 [pool-227-thread-1] INFO  server.RaftServerConfigKeys (ConfUtils.java:logGet(43)) - raft.server.log.write.buffer.size = 33554432 (custom)
2019-09-05 18:06:28,615 [pool-227-thread-1] INFO  server.RaftServerConfigKeys (ConfUtils.java:logGet(43)) - raft.server.log.force.sync.num = 128 (default)
2019-09-05 18:06:28,615 [pool-227-thread-1] INFO  server.RaftServerConfigKeys (ConfUtils.java:logGet(43)) - raft.server.log.statemachine.data.sync = true (default)
2019-09-05 18:06:28,615 [pool-227-thread-1] INFO  server.RaftServerConfigKeys (ConfUtils.java:logGet(43)) - raft.server.log.statemachine.data.sync.timeout = 10s (default)
2019-09-05 18:06:28,615 [pool-227-thread-1] INFO  server.RaftServerConfigKeys (ConfUtils.java:logGet(43)) - raft.server.log.statemachine.data.sync.timeout.retry = -1 (default)
2019-09-05 18:06:28,616 [pool-227-thread-1] INFO  server.RaftServerConfigKeys (ConfUtils.java:logGet(43)) - raft.server.log.statemachine.data.caching.enabled = true (custom)
2019-09-05 18:06:28,616 [pool-227-thread-1] INFO  segmented.SegmentedRaftLogWorker (SegmentedRaftLogWorker.java:lambda$new$0(132)) - 14bbad99-9b0d-449e-9017-5f9387be6f26-SegmentedRaftLogWorker:Storage Directory /workdir/hadoop-ozone/integration-test/target/test-dir/MiniOzoneClusterImpl-4222d414-12f0-45c6-b3cb-e3750e5b8e76/datanode-2/data/ratis/9498901c-c2f4-44ba-920f-88a85f888047: flushIndex: setUnconditionally 0 -> -1
2019-09-05 18:06:28,616 [pool-227-thread-1] INFO  server.RaftServerConfigKeys (ConfUtils.java:logGet(43)) - raft.server.snapshot.auto.trigger.enabled = true (custom)
2019-09-05 18:06:28,616 [pool-227-thread-1] INFO  server.RaftServerConfigKeys (ConfUtils.java:logGet(43)) - raft.server.snapshot.auto.trigger.threshold = 10000 (custom)
2019-09-05 18:06:28,617 [pool-227-thread-1] INFO  server.RaftServerConfigKeys (ConfUtils.java:logGet(43)) - raft.server.retrycache.expirytime = 600000ms (custom)
2019-09-05 18:06:28,617 [pool-227-thread-1] INFO  impl.RaftServerImpl (RaftServerImpl.java:start(180)) - 14bbad99-9b0d-449e-9017-5f9387be6f26: start group-88A85F888047
2019-09-05 18:06:28,617 [pool-227-thread-1] INFO  impl.RaftServerImpl (RaftServerImpl.java:setRole(171)) - 14bbad99-9b0d-449e-9017-5f9387be6f26:group-88A85F888047 changes role from null to FOLLOWER at term 0 for startAsFollower
2019-09-05 18:06:28,617 [pool-227-thread-1] INFO  impl.RoleInfo (RoleInfo.java:updateAndGet(143)) - 14bbad99-9b0d-449e-9017-5f9387be6f26: start FollowerState
2019-09-05 18:06:28,617 [pool-227-thread-1] INFO  util.JmxRegister (JmxRegister.java:tryRegister(44)) - Successfully registered JMX Bean with object name Ratis:service=RaftServer,group=group-88A85F888047,id=14bbad99-9b0d-449e-9017-5f9387be6f26
2019-09-05 18:06:28,620 [RatisPipelineUtilsThread] INFO  pipeline.PipelineStateManager (PipelineStateManager.java:addPipeline(56)) - Created pipeline Pipeline[ Id: 9498901c-c2f4-44ba-920f-88a85f888047, Nodes: 14bbad99-9b0d-449e-9017-5f9387be6f26{ip: 192.168.36.125, host: pr-hdds-2007-hnd8f-2977735972, networkLocation: /default-rack, certSerialId: null}, Type:RATIS, Factor:ONE, State:OPEN]
2019-09-05 18:06:28,629 [grpc-default-executor-5] INFO  impl.RaftServerProxy (RaftServerProxy.java:addNew(89)) - ac84e46f-5381-463a-a710-4fc0a03cc7a2: addNew group-40B857218157:[ac84e46f-5381-463a-a710-4fc0a03cc7a2:192.168.36.125:36143] returns group-40B857218157:java.util.concurrent.CompletableFuture@49fa228a[Not completed]
2019-09-05 18:06:28,630 [pool-267-thread-1] INFO  impl.RaftServerImpl (RaftServerImpl.java:<init>(93)) - ac84e46f-5381-463a-a710-4fc0a03cc7a2: new RaftServerImpl for group-40B857218157:[ac84e46f-5381-463a-a710-4fc0a03cc7a2:192.168.36.125:36143] with ContainerStateMachine:uninitialized
2019-09-05 18:06:28,630 [pool-267-thread-1] INFO  server.RaftServerConfigKeys (ConfUtils.java:logGet(43)) - raft.server.rpc.timeout.min = 5s (custom)
2019-09-05 18:06:28,630 [pool-267-thread-1] INFO  server.RaftServerConfigKeys (ConfUtils.java:logGet(43)) - raft.server.rpc.timeout.max = 5200ms (custom)
2019-09-05 18:06:28,630 [pool-267-thread-1] INFO  server.RaftServerConfigKeys (ConfUtils.java:logGet(43)) - raft.server.rpcslowness.timeout = 120s (custom)
2019-09-05 18:06:28,630 [pool-267-thread-1] INFO  server.RaftServerConfigKeys (ConfUtils.java:logGet(43)) - raft.server.sleep.deviation.threshold = 300 (default)
2019-09-05 18:06:28,630 [pool-267-thread-1] INFO  server.RaftServerConfigKeys (ConfUtils.java:logGet(43)) - raft.server.log.appender.install.snapshot.enabled = false (custom)
2019-09-05 18:06:28,631 [pool-267-thread-1] INFO  impl.RaftServerImpl (ServerState.java:<init>(105)) - ac84e46f-5381-463a-a710-4fc0a03cc7a2:group-40B857218157 ConfigurationManager, init=-1: [ac84e46f-5381-463a-a710-4fc0a03cc7a2:192.168.36.125:36143], old=null, confs=<EMPTY_MAP>
2019-09-05 18:06:28,631 [pool-267-thread-1] INFO  server.RaftServerConfigKeys (ConfUtils.java:logGet(43)) - raft.server.storage.dir = [/workdir/hadoop-ozone/integration-test/target/test-dir/MiniOzoneClusterImpl-4222d414-12f0-45c6-b3cb-e3750e5b8e76/datanode-6/data/ratis] (custom)
2019-09-05 18:06:28,631 [pool-267-thread-1] INFO  storage.RaftStorageDirectory (RaftStorageDirectory.java:analyzeStorage(246)) - The storage directory /workdir/hadoop-ozone/integration-test/target/test-dir/MiniOzoneClusterImpl-4222d414-12f0-45c6-b3cb-e3750e5b8e76/datanode-6/data/ratis/516ffdc1-1df0-416b-ad46-40b857218157 does not exist. Creating ...
2019-09-05 18:06:28,655 [pool-267-thread-1] INFO  storage.RaftStorageDirectory (RaftStorageDirectory.java:tryLock(328)) - Lock on /workdir/hadoop-ozone/integration-test/target/test-dir/MiniOzoneClusterImpl-4222d414-12f0-45c6-b3cb-e3750e5b8e76/datanode-6/data/ratis/516ffdc1-1df0-416b-ad46-40b857218157/in_use.lock acquired by nodename 1130@pr-hdds-2007-hnd8f-2977735972
2019-09-05 18:06:28,690 [pool-267-thread-1] INFO  storage.RaftStorage (RaftStorage.java:format(72)) - Storage directory /workdir/hadoop-ozone/integration-test/target/test-dir/MiniOzoneClusterImpl-4222d414-12f0-45c6-b3cb-e3750e5b8e76/datanode-6/data/ratis/516ffdc1-1df0-416b-ad46-40b857218157 has been successfully formatted.
2019-09-05 18:06:28,690 [pool-267-thread-1] INFO  ratis.ContainerStateMachine (ContainerStateMachine.java:loadSnapshot(227)) - group-40B857218157: The snapshot info is null. Setting the last applied indexto:(t:0, i:~)
2019-09-05 18:06:28,690 [pool-267-thread-1] INFO  server.RaftServerConfigKeys (ConfUtils.java:logGet(43)) - raft.server.leader.election.timeout = 120s (custom)
2019-09-05 18:06:28,690 [pool-267-thread-1] INFO  server.RaftServerConfigKeys (ConfUtils.java:logGet(43)) - raft.server.log.use.memory = false (default)
2019-09-05 18:06:28,690 [pool-267-thread-1] INFO  server.RaftServerConfigKeys (ConfUtils.java:logGet(43)) - raft.server.log.purge.gap = 1000000 (custom)
2019-09-05 18:06:28,691 [pool-267-thread-1] INFO  server.RaftServerConfigKeys (ConfUtils.java:logGet(43)) - raft.server.log.appender.buffer.byte-limit = 33554432 (custom)
2019-09-05 18:06:28,691 [pool-267-thread-1] INFO  server.RaftServerConfigKeys (ConfUtils.java:logGet(43)) - raft.server.log.segment.size.max = 1048576 (custom)
2019-09-05 18:06:28,691 [pool-267-thread-1] INFO  server.RaftServerConfigKeys (ConfUtils.java:logGet(43)) - raft.server.log.segment.cache.num.max = 2 (custom)
2019-09-05 18:06:28,691 [pool-267-thread-1] INFO  segmented.SegmentedRaftLogWorker (SegmentedRaftLogWorker.java:<init>(172)) - new ac84e46f-5381-463a-a710-4fc0a03cc7a2-SegmentedRaftLogWorker:Storage Directory /workdir/hadoop-ozone/integration-test/target/test-dir/MiniOzoneClusterImpl-4222d414-12f0-45c6-b3cb-e3750e5b8e76/datanode-6/data/ratis/516ffdc1-1df0-416b-ad46-40b857218157 for RaftStorage:Storage Directory /workdir/hadoop-ozone/integration-test/target/test-dir/MiniOzoneClusterImpl-4222d414-12f0-45c6-b3cb-e3750e5b8e76/datanode-6/data/ratis/516ffdc1-1df0-416b-ad46-40b857218157
2019-09-05 18:06:28,691 [pool-267-thread-1] INFO  server.RaftServerConfigKeys (ConfUtils.java:logGet(43)) - raft.server.log.queue.byte-limit = 2147483647 (custom)
2019-09-05 18:06:28,691 [pool-267-thread-1] INFO  server.RaftServerConfigKeys (ConfUtils.java:logGet(43)) - raft.server.log.queue.element-limit = 1024 (custom)
2019-09-05 18:06:28,692 [pool-267-thread-1] INFO  server.RaftServerConfigKeys (ConfUtils.java:logGet(43)) - raft.server.log.segment.size.max = 1048576 (custom)
2019-09-05 18:06:28,692 [pool-267-thread-1] INFO  server.RaftServerConfigKeys (ConfUtils.java:logGet(43)) - raft.server.log.preallocated.size = 16384 (custom)
2019-09-05 18:06:28,692 [pool-267-thread-1] INFO  server.RaftServerConfigKeys (ConfUtils.java:logGet(43)) - raft.server.log.write.buffer.size = 33554432 (custom)
2019-09-05 18:06:28,692 [pool-267-thread-1] INFO  server.RaftServerConfigKeys (ConfUtils.java:logGet(43)) - raft.server.log.force.sync.num = 128 (default)
2019-09-05 18:06:28,692 [pool-267-thread-1] INFO  server.RaftServerConfigKeys (ConfUtils.java:logGet(43)) - raft.server.log.statemachine.data.sync = true (default)
2019-09-05 18:06:28,692 [pool-267-thread-1] INFO  server.RaftServerConfigKeys (ConfUtils.java:logGet(43)) - raft.server.log.statemachine.data.sync.timeout = 10s (default)
2019-09-05 18:06:28,692 [pool-267-thread-1] INFO  server.RaftServerConfigKeys (ConfUtils.java:logGet(43)) - raft.server.log.statemachine.data.sync.timeout.retry = -1 (default)
2019-09-05 18:06:28,693 [pool-267-thread-1] INFO  server.RaftServerConfigKeys (ConfUtils.java:logGet(43)) - raft.server.log.statemachine.data.caching.enabled = true (custom)
2019-09-05 18:06:28,693 [pool-267-thread-1] INFO  segmented.SegmentedRaftLogWorker (SegmentedRaftLogWorker.java:lambda$new$0(132)) - ac84e46f-5381-463a-a710-4fc0a03cc7a2-SegmentedRaftLogWorker:Storage Directory /workdir/hadoop-ozone/integration-test/target/test-dir/MiniOzoneClusterImpl-4222d414-12f0-45c6-b3cb-e3750e5b8e76/datanode-6/data/ratis/516ffdc1-1df0-416b-ad46-40b857218157: flushIndex: setUnconditionally 0 -> -1
2019-09-05 18:06:28,693 [pool-267-thread-1] INFO  server.RaftServerConfigKeys (ConfUtils.java:logGet(43)) - raft.server.snapshot.auto.trigger.enabled = true (custom)
2019-09-05 18:06:28,694 [pool-267-thread-1] INFO  server.RaftServerConfigKeys (ConfUtils.java:logGet(43)) - raft.server.snapshot.auto.trigger.threshold = 10000 (custom)
2019-09-05 18:06:28,694 [pool-267-thread-1] INFO  server.RaftServerConfigKeys (ConfUtils.java:logGet(43)) - raft.server.retrycache.expirytime = 600000ms (custom)
2019-09-05 18:06:28,694 [pool-267-thread-1] INFO  impl.RaftServerImpl (RaftServerImpl.java:start(180)) - ac84e46f-5381-463a-a710-4fc0a03cc7a2: start group-40B857218157
2019-09-05 18:06:28,694 [pool-267-thread-1] INFO  impl.RaftServerImpl (RaftServerImpl.java:setRole(171)) - ac84e46f-5381-463a-a710-4fc0a03cc7a2:group-40B857218157 changes role from null to FOLLOWER at term 0 for startAsFollower
2019-09-05 18:06:28,694 [pool-267-thread-1] INFO  impl.RoleInfo (RoleInfo.java:updateAndGet(143)) - ac84e46f-5381-463a-a710-4fc0a03cc7a2: start FollowerState
2019-09-05 18:06:28,695 [pool-267-thread-1] INFO  util.JmxRegister (JmxRegister.java:tryRegister(44)) - Successfully registered JMX Bean with object name Ratis:service=RaftServer,group=group-40B857218157,id=ac84e46f-5381-463a-a710-4fc0a03cc7a2
2019-09-05 18:06:28,697 [RatisPipelineUtilsThread] INFO  pipeline.PipelineStateManager (PipelineStateManager.java:addPipeline(56)) - Created pipeline Pipeline[ Id: 516ffdc1-1df0-416b-ad46-40b857218157, Nodes: ac84e46f-5381-463a-a710-4fc0a03cc7a2{ip: 192.168.36.125, host: pr-hdds-2007-hnd8f-2977735972, networkLocation: /default-rack, certSerialId: null}, Type:RATIS, Factor:ONE, State:OPEN]
2019-09-05 18:06:28,709 [grpc-default-executor-3] INFO  impl.RaftServerProxy (RaftServerProxy.java:addNew(89)) - 5b5586d4-1754-4c06-a799-ffbe50909082: addNew group-8CE3A0CF6A36:[82c9eab4-587c-49a4-bcc0-a3202632cc07:192.168.36.125:39804, d247bb88-96d6-4a5e-a7ac-1fab2e0c2a64:192.168.36.125:43009, 5b5586d4-1754-4c06-a799-ffbe50909082:192.168.36.125:42287] returns group-8CE3A0CF6A36:java.util.concurrent.CompletableFuture@411823fa[Not completed]
2019-09-05 18:06:28,709 [grpc-default-executor-5] INFO  impl.RaftServerProxy (RaftServerProxy.java:addNew(89)) - d247bb88-96d6-4a5e-a7ac-1fab2e0c2a64: addNew group-8CE3A0CF6A36:[82c9eab4-587c-49a4-bcc0-a3202632cc07:192.168.36.125:39804, d247bb88-96d6-4a5e-a7ac-1fab2e0c2a64:192.168.36.125:43009, 5b5586d4-1754-4c06-a799-ffbe50909082:192.168.36.125:42287] returns group-8CE3A0CF6A36:java.util.concurrent.CompletableFuture@4afc5748[Not completed]
2019-09-05 18:06:28,709 [grpc-default-executor-0] INFO  impl.RaftServerProxy (RaftServerProxy.java:addNew(89)) - 82c9eab4-587c-49a4-bcc0-a3202632cc07: addNew group-8CE3A0CF6A36:[82c9eab4-587c-49a4-bcc0-a3202632cc07:192.168.36.125:39804, d247bb88-96d6-4a5e-a7ac-1fab2e0c2a64:192.168.36.125:43009, 5b5586d4-1754-4c06-a799-ffbe50909082:192.168.36.125:42287] returns group-8CE3A0CF6A36:java.util.concurrent.CompletableFuture@2902ddd6[Not completed]
2019-09-05 18:06:28,711 [pool-247-thread-1] INFO  impl.RaftServerImpl (RaftServerImpl.java:<init>(93)) - 82c9eab4-587c-49a4-bcc0-a3202632cc07: new RaftServerImpl for group-8CE3A0CF6A36:[82c9eab4-587c-49a4-bcc0-a3202632cc07:192.168.36.125:39804, d247bb88-96d6-4a5e-a7ac-1fab2e0c2a64:192.168.36.125:43009, 5b5586d4-1754-4c06-a799-ffbe50909082:192.168.36.125:42287] with ContainerStateMachine:uninitialized
2019-09-05 18:06:28,711 [pool-247-thread-1] INFO  server.RaftServerConfigKeys (ConfUtils.java:logGet(43)) - raft.server.rpc.timeout.min = 5s (custom)
2019-09-05 18:06:28,711 [pool-247-thread-1] INFO  server.RaftServerConfigKeys (ConfUtils.java:logGet(43)) - raft.server.rpc.timeout.max = 5200ms (custom)
2019-09-05 18:06:28,711 [pool-247-thread-1] INFO  server.RaftServerConfigKeys (ConfUtils.java:logGet(43)) - raft.server.rpcslowness.timeout = 120s (custom)
2019-09-05 18:06:28,711 [pool-247-thread-1] INFO  server.RaftServerConfigKeys (ConfUtils.java:logGet(43)) - raft.server.sleep.deviation.threshold = 300 (default)
2019-09-05 18:06:28,711 [pool-257-thread-1] INFO  impl.RaftServerImpl (RaftServerImpl.java:<init>(93)) - d247bb88-96d6-4a5e-a7ac-1fab2e0c2a64: new RaftServerImpl for group-8CE3A0CF6A36:[82c9eab4-587c-49a4-bcc0-a3202632cc07:192.168.36.125:39804, d247bb88-96d6-4a5e-a7ac-1fab2e0c2a64:192.168.36.125:43009, 5b5586d4-1754-4c06-a799-ffbe50909082:192.168.36.125:42287] with ContainerStateMachine:uninitialized
2019-09-05 18:06:28,712 [pool-247-thread-1] INFO  server.RaftServerConfigKeys (ConfUtils.java:logGet(43)) - raft.server.log.appender.install.snapshot.enabled = false (custom)
2019-09-05 18:06:28,712 [pool-257-thread-1] INFO  server.RaftServerConfigKeys (ConfUtils.java:logGet(43)) - raft.server.rpc.timeout.min = 5s (custom)
2019-09-05 18:06:28,712 [pool-247-thread-1] INFO  impl.RaftServerImpl (ServerState.java:<init>(105)) - 82c9eab4-587c-49a4-bcc0-a3202632cc07:group-8CE3A0CF6A36 ConfigurationManager, init=-1: [82c9eab4-587c-49a4-bcc0-a3202632cc07:192.168.36.125:39804, d247bb88-96d6-4a5e-a7ac-1fab2e0c2a64:192.168.36.125:43009, 5b5586d4-1754-4c06-a799-ffbe50909082:192.168.36.125:42287], old=null, confs=<EMPTY_MAP>
2019-09-05 18:06:28,712 [pool-257-thread-1] INFO  server.RaftServerConfigKeys (ConfUtils.java:logGet(43)) - raft.server.rpc.timeout.max = 5200ms (custom)
2019-09-05 18:06:28,712 [pool-247-thread-1] INFO  server.RaftServerConfigKeys (ConfUtils.java:logGet(43)) - raft.server.storage.dir = [/workdir/hadoop-ozone/integration-test/target/test-dir/MiniOzoneClusterImpl-4222d414-12f0-45c6-b3cb-e3750e5b8e76/datanode-4/data/ratis] (custom)
2019-09-05 18:06:28,712 [pool-257-thread-1] INFO  server.RaftServerConfigKeys (ConfUtils.java:logGet(43)) - raft.server.rpcslowness.timeout = 120s (custom)
2019-09-05 18:06:28,712 [pool-217-thread-1] INFO  impl.RaftServerImpl (RaftServerImpl.java:<init>(93)) - 5b5586d4-1754-4c06-a799-ffbe50909082: new RaftServerImpl for group-8CE3A0CF6A36:[82c9eab4-587c-49a4-bcc0-a3202632cc07:192.168.36.125:39804, d247bb88-96d6-4a5e-a7ac-1fab2e0c2a64:192.168.36.125:43009, 5b5586d4-1754-4c06-a799-ffbe50909082:192.168.36.125:42287] with ContainerStateMachine:uninitialized
2019-09-05 18:06:28,713 [pool-247-thread-1] INFO  storage.RaftStorageDirectory (RaftStorageDirectory.java:analyzeStorage(246)) - The storage directory /workdir/hadoop-ozone/integration-test/target/test-dir/MiniOzoneClusterImpl-4222d414-12f0-45c6-b3cb-e3750e5b8e76/datanode-4/data/ratis/aeaac062-c6a9-4a25-bbe7-8ce3a0cf6a36 does not exist. Creating ...
2019-09-05 18:06:28,713 [pool-257-thread-1] INFO  server.RaftServerConfigKeys (ConfUtils.java:logGet(43)) - raft.server.sleep.deviation.threshold = 300 (default)
2019-09-05 18:06:28,713 [pool-217-thread-1] INFO  server.RaftServerConfigKeys (ConfUtils.java:logGet(43)) - raft.server.rpc.timeout.min = 5s (custom)
2019-09-05 18:06:28,713 [pool-257-thread-1] INFO  server.RaftServerConfigKeys (ConfUtils.java:logGet(43)) - raft.server.log.appender.install.snapshot.enabled = false (custom)
2019-09-05 18:06:28,713 [pool-217-thread-1] INFO  server.RaftServerConfigKeys (ConfUtils.java:logGet(43)) - raft.server.rpc.timeout.max = 5200ms (custom)
2019-09-05 18:06:28,713 [pool-257-thread-1] INFO  impl.RaftServerImpl (ServerState.java:<init>(105)) - d247bb88-96d6-4a5e-a7ac-1fab2e0c2a64:group-8CE3A0CF6A36 ConfigurationManager, init=-1: [82c9eab4-587c-49a4-bcc0-a3202632cc07:192.168.36.125:39804, d247bb88-96d6-4a5e-a7ac-1fab2e0c2a64:192.168.36.125:43009, 5b5586d4-1754-4c06-a799-ffbe50909082:192.168.36.125:42287], old=null, confs=<EMPTY_MAP>
2019-09-05 18:06:28,714 [pool-217-thread-1] INFO  server.RaftServerConfigKeys (ConfUtils.java:logGet(43)) - raft.server.rpcslowness.timeout = 120s (custom)
2019-09-05 18:06:28,714 [pool-257-thread-1] INFO  server.RaftServerConfigKeys (ConfUtils.java:logGet(43)) - raft.server.storage.dir = [/workdir/hadoop-ozone/integration-test/target/test-dir/MiniOzoneClusterImpl-4222d414-12f0-45c6-b3cb-e3750e5b8e76/datanode-5/data/ratis] (custom)
2019-09-05 18:06:28,714 [pool-217-thread-1] INFO  server.RaftServerConfigKeys (ConfUtils.java:logGet(43)) - raft.server.sleep.deviation.threshold = 300 (default)
2019-09-05 18:06:28,714 [pool-217-thread-1] INFO  server.RaftServerConfigKeys (ConfUtils.java:logGet(43)) - raft.server.log.appender.install.snapshot.enabled = false (custom)
2019-09-05 18:06:28,714 [pool-257-thread-1] INFO  storage.RaftStorageDirectory (RaftStorageDirectory.java:analyzeStorage(246)) - The storage directory /workdir/hadoop-ozone/integration-test/target/test-dir/MiniOzoneClusterImpl-4222d414-12f0-45c6-b3cb-e3750e5b8e76/datanode-5/data/ratis/aeaac062-c6a9-4a25-bbe7-8ce3a0cf6a36 does not exist. Creating ...
2019-09-05 18:06:28,714 [pool-217-thread-1] INFO  impl.RaftServerImpl (ServerState.java:<init>(105)) - 5b5586d4-1754-4c06-a799-ffbe50909082:group-8CE3A0CF6A36 ConfigurationManager, init=-1: [82c9eab4-587c-49a4-bcc0-a3202632cc07:192.168.36.125:39804, d247bb88-96d6-4a5e-a7ac-1fab2e0c2a64:192.168.36.125:43009, 5b5586d4-1754-4c06-a799-ffbe50909082:192.168.36.125:42287], old=null, confs=<EMPTY_MAP>
2019-09-05 18:06:28,715 [pool-217-thread-1] INFO  server.RaftServerConfigKeys (ConfUtils.java:logGet(43)) - raft.server.storage.dir = [/workdir/hadoop-ozone/integration-test/target/test-dir/MiniOzoneClusterImpl-4222d414-12f0-45c6-b3cb-e3750e5b8e76/datanode-1/data/ratis] (custom)
2019-09-05 18:06:28,715 [pool-217-thread-1] INFO  storage.RaftStorageDirectory (RaftStorageDirectory.java:analyzeStorage(246)) - The storage directory /workdir/hadoop-ozone/integration-test/target/test-dir/MiniOzoneClusterImpl-4222d414-12f0-45c6-b3cb-e3750e5b8e76/datanode-1/data/ratis/aeaac062-c6a9-4a25-bbe7-8ce3a0cf6a36 does not exist. Creating ...
2019-09-05 18:06:28,807 [pool-247-thread-1] INFO  storage.RaftStorageDirectory (RaftStorageDirectory.java:tryLock(328)) - Lock on /workdir/hadoop-ozone/integration-test/target/test-dir/MiniOzoneClusterImpl-4222d414-12f0-45c6-b3cb-e3750e5b8e76/datanode-4/data/ratis/aeaac062-c6a9-4a25-bbe7-8ce3a0cf6a36/in_use.lock acquired by nodename 1130@pr-hdds-2007-hnd8f-2977735972
2019-09-05 18:06:28,807 [pool-257-thread-1] INFO  storage.RaftStorageDirectory (RaftStorageDirectory.java:tryLock(328)) - Lock on /workdir/hadoop-ozone/integration-test/target/test-dir/MiniOzoneClusterImpl-4222d414-12f0-45c6-b3cb-e3750e5b8e76/datanode-5/data/ratis/aeaac062-c6a9-4a25-bbe7-8ce3a0cf6a36/in_use.lock acquired by nodename 1130@pr-hdds-2007-hnd8f-2977735972
2019-09-05 18:06:28,807 [pool-217-thread-1] INFO  storage.RaftStorageDirectory (RaftStorageDirectory.java:tryLock(328)) - Lock on /workdir/hadoop-ozone/integration-test/target/test-dir/MiniOzoneClusterImpl-4222d414-12f0-45c6-b3cb-e3750e5b8e76/datanode-1/data/ratis/aeaac062-c6a9-4a25-bbe7-8ce3a0cf6a36/in_use.lock acquired by nodename 1130@pr-hdds-2007-hnd8f-2977735972
2019-09-05 18:06:28,925 [pool-217-thread-1] INFO  storage.RaftStorage (RaftStorage.java:format(72)) - Storage directory /workdir/hadoop-ozone/integration-test/target/test-dir/MiniOzoneClusterImpl-4222d414-12f0-45c6-b3cb-e3750e5b8e76/datanode-1/data/ratis/aeaac062-c6a9-4a25-bbe7-8ce3a0cf6a36 has been successfully formatted.
2019-09-05 18:06:28,925 [pool-257-thread-1] INFO  storage.RaftStorage (RaftStorage.java:format(72)) - Storage directory /workdir/hadoop-ozone/integration-test/target/test-dir/MiniOzoneClusterImpl-4222d414-12f0-45c6-b3cb-e3750e5b8e76/datanode-5/data/ratis/aeaac062-c6a9-4a25-bbe7-8ce3a0cf6a36 has been successfully formatted.
2019-09-05 18:06:28,925 [pool-247-thread-1] INFO  storage.RaftStorage (RaftStorage.java:format(72)) - Storage directory /workdir/hadoop-ozone/integration-test/target/test-dir/MiniOzoneClusterImpl-4222d414-12f0-45c6-b3cb-e3750e5b8e76/datanode-4/data/ratis/aeaac062-c6a9-4a25-bbe7-8ce3a0cf6a36 has been successfully formatted.
2019-09-05 18:06:28,925 [pool-217-thread-1] INFO  ratis.ContainerStateMachine (ContainerStateMachine.java:loadSnapshot(227)) - group-8CE3A0CF6A36: The snapshot info is null. Setting the last applied indexto:(t:0, i:~)
2019-09-05 18:06:28,926 [pool-247-thread-1] INFO  ratis.ContainerStateMachine (ContainerStateMachine.java:loadSnapshot(227)) - group-8CE3A0CF6A36: The snapshot info is null. Setting the last applied indexto:(t:0, i:~)
2019-09-05 18:06:28,926 [pool-257-thread-1] INFO  ratis.ContainerStateMachine (ContainerStateMachine.java:loadSnapshot(227)) - group-8CE3A0CF6A36: The snapshot info is null. Setting the last applied indexto:(t:0, i:~)
2019-09-05 18:06:28,926 [pool-247-thread-1] INFO  server.RaftServerConfigKeys (ConfUtils.java:logGet(43)) - raft.server.leader.election.timeout = 120s (custom)
2019-09-05 18:06:28,926 [pool-217-thread-1] INFO  server.RaftServerConfigKeys (ConfUtils.java:logGet(43)) - raft.server.leader.election.timeout = 120s (custom)
2019-09-05 18:06:28,926 [pool-247-thread-1] INFO  server.RaftServerConfigKeys (ConfUtils.java:logGet(43)) - raft.server.log.use.memory = false (default)
2019-09-05 18:06:28,926 [pool-257-thread-1] INFO  server.RaftServerConfigKeys (ConfUtils.java:logGet(43)) - raft.server.leader.election.timeout = 120s (custom)
2019-09-05 18:06:28,927 [pool-247-thread-1] INFO  server.RaftServerConfigKeys (ConfUtils.java:logGet(43)) - raft.server.log.purge.gap = 1000000 (custom)
2019-09-05 18:06:28,926 [pool-217-thread-1] INFO  server.RaftServerConfigKeys (ConfUtils.java:logGet(43)) - raft.server.log.use.memory = false (default)
2019-09-05 18:06:28,927 [pool-247-thread-1] INFO  server.RaftServerConfigKeys (ConfUtils.java:logGet(43)) - raft.server.log.appender.buffer.byte-limit = 33554432 (custom)
2019-09-05 18:06:28,927 [pool-257-thread-1] INFO  server.RaftServerConfigKeys (ConfUtils.java:logGet(43)) - raft.server.log.use.memory = false (default)
2019-09-05 18:06:28,927 [pool-247-thread-1] INFO  server.RaftServerConfigKeys (ConfUtils.java:logGet(43)) - raft.server.log.segment.size.max = 1048576 (custom)
2019-09-05 18:06:28,927 [pool-217-thread-1] INFO  server.RaftServerConfigKeys (ConfUtils.java:logGet(43)) - raft.server.log.purge.gap = 1000000 (custom)
2019-09-05 18:06:28,928 [pool-247-thread-1] INFO  server.RaftServerConfigKeys (ConfUtils.java:logGet(43)) - raft.server.log.segment.cache.num.max = 2 (custom)
2019-09-05 18:06:28,927 [pool-257-thread-1] INFO  server.RaftServerConfigKeys (ConfUtils.java:logGet(43)) - raft.server.log.purge.gap = 1000000 (custom)
2019-09-05 18:06:28,928 [pool-247-thread-1] INFO  segmented.SegmentedRaftLogWorker (SegmentedRaftLogWorker.java:<init>(172)) - new 82c9eab4-587c-49a4-bcc0-a3202632cc07-SegmentedRaftLogWorker:Storage Directory /workdir/hadoop-ozone/integration-test/target/test-dir/MiniOzoneClusterImpl-4222d414-12f0-45c6-b3cb-e3750e5b8e76/datanode-4/data/ratis/aeaac062-c6a9-4a25-bbe7-8ce3a0cf6a36 for RaftStorage:Storage Directory /workdir/hadoop-ozone/integration-test/target/test-dir/MiniOzoneClusterImpl-4222d414-12f0-45c6-b3cb-e3750e5b8e76/datanode-4/data/ratis/aeaac062-c6a9-4a25-bbe7-8ce3a0cf6a36
2019-09-05 18:06:28,928 [pool-217-thread-1] INFO  server.RaftServerConfigKeys (ConfUtils.java:logGet(43)) - raft.server.log.appender.buffer.byte-limit = 33554432 (custom)
2019-09-05 18:06:28,928 [pool-247-thread-1] INFO  server.RaftServerConfigKeys (ConfUtils.java:logGet(43)) - raft.server.log.queue.byte-limit = 2147483647 (custom)
2019-09-05 18:06:28,928 [pool-257-thread-1] INFO  server.RaftServerConfigKeys (ConfUtils.java:logGet(43)) - raft.server.log.appender.buffer.byte-limit = 33554432 (custom)
2019-09-05 18:06:28,929 [pool-247-thread-1] INFO  server.RaftServerConfigKeys (ConfUtils.java:logGet(43)) - raft.server.log.queue.element-limit = 1024 (custom)
2019-09-05 18:06:28,929 [pool-217-thread-1] INFO  server.RaftServerConfigKeys (ConfUtils.java:logGet(43)) - raft.server.log.segment.size.max = 1048576 (custom)
2019-09-05 18:06:28,929 [pool-247-thread-1] INFO  server.RaftServerConfigKeys (ConfUtils.java:logGet(43)) - raft.server.log.segment.size.max = 1048576 (custom)
2019-09-05 18:06:28,929 [pool-257-thread-1] INFO  server.RaftServerConfigKeys (ConfUtils.java:logGet(43)) - raft.server.log.segment.size.max = 1048576 (custom)
2019-09-05 18:06:28,930 [pool-247-thread-1] INFO  server.RaftServerConfigKeys (ConfUtils.java:logGet(43)) - raft.server.log.preallocated.size = 16384 (custom)
2019-09-05 18:06:28,930 [pool-217-thread-1] INFO  server.RaftServerConfigKeys (ConfUtils.java:logGet(43)) - raft.server.log.segment.cache.num.max = 2 (custom)
2019-09-05 18:06:28,930 [pool-247-thread-1] INFO  server.RaftServerConfigKeys (ConfUtils.java:logGet(43)) - raft.server.log.write.buffer.size = 33554432 (custom)
2019-09-05 18:06:28,930 [pool-257-thread-1] INFO  server.RaftServerConfigKeys (ConfUtils.java:logGet(43)) - raft.server.log.segment.cache.num.max = 2 (custom)
2019-09-05 18:06:28,930 [pool-247-thread-1] INFO  server.RaftServerConfigKeys (ConfUtils.java:logGet(43)) - raft.server.log.force.sync.num = 128 (default)
2019-09-05 18:06:28,930 [pool-217-thread-1] INFO  segmented.SegmentedRaftLogWorker (SegmentedRaftLogWorker.java:<init>(172)) - new 5b5586d4-1754-4c06-a799-ffbe50909082-SegmentedRaftLogWorker:Storage Directory /workdir/hadoop-ozone/integration-test/target/test-dir/MiniOzoneClusterImpl-4222d414-12f0-45c6-b3cb-e3750e5b8e76/datanode-1/data/ratis/aeaac062-c6a9-4a25-bbe7-8ce3a0cf6a36 for RaftStorage:Storage Directory /workdir/hadoop-ozone/integration-test/target/test-dir/MiniOzoneClusterImpl-4222d414-12f0-45c6-b3cb-e3750e5b8e76/datanode-1/data/ratis/aeaac062-c6a9-4a25-bbe7-8ce3a0cf6a36
2019-09-05 18:06:28,931 [pool-247-thread-1] INFO  server.RaftServerConfigKeys (ConfUtils.java:logGet(43)) - raft.server.log.statemachine.data.sync = true (default)
2019-09-05 18:06:28,931 [pool-257-thread-1] INFO  segmented.SegmentedRaftLogWorker (SegmentedRaftLogWorker.java:<init>(172)) - new d247bb88-96d6-4a5e-a7ac-1fab2e0c2a64-SegmentedRaftLogWorker:Storage Directory /workdir/hadoop-ozone/integration-test/target/test-dir/MiniOzoneClusterImpl-4222d414-12f0-45c6-b3cb-e3750e5b8e76/datanode-5/data/ratis/aeaac062-c6a9-4a25-bbe7-8ce3a0cf6a36 for RaftStorage:Storage Directory /workdir/hadoop-ozone/integration-test/target/test-dir/MiniOzoneClusterImpl-4222d414-12f0-45c6-b3cb-e3750e5b8e76/datanode-5/data/ratis/aeaac062-c6a9-4a25-bbe7-8ce3a0cf6a36
2019-09-05 18:06:28,931 [pool-247-thread-1] INFO  server.RaftServerConfigKeys (ConfUtils.java:logGet(43)) - raft.server.log.statemachine.data.sync.timeout = 10s (default)
2019-09-05 18:06:28,931 [pool-217-thread-1] INFO  server.RaftServerConfigKeys (ConfUtils.java:logGet(43)) - raft.server.log.queue.byte-limit = 2147483647 (custom)
2019-09-05 18:06:28,932 [pool-247-thread-1] INFO  server.RaftServerConfigKeys (ConfUtils.java:logGet(43)) - raft.server.log.statemachine.data.sync.timeout.retry = -1 (default)
2019-09-05 18:06:28,931 [pool-257-thread-1] INFO  server.RaftServerConfigKeys (ConfUtils.java:logGet(43)) - raft.server.log.queue.byte-limit = 2147483647 (custom)
2019-09-05 18:06:28,932 [pool-247-thread-1] INFO  server.RaftServerConfigKeys (ConfUtils.java:logGet(43)) - raft.server.log.statemachine.data.caching.enabled = true (custom)
2019-09-05 18:06:28,932 [pool-217-thread-1] INFO  server.RaftServerConfigKeys (ConfUtils.java:logGet(43)) - raft.server.log.queue.element-limit = 1024 (custom)
2019-09-05 18:06:28,932 [pool-257-thread-1] INFO  server.RaftServerConfigKeys (ConfUtils.java:logGet(43)) - raft.server.log.queue.element-limit = 1024 (custom)
2019-09-05 18:06:28,933 [pool-247-thread-1] INFO  segmented.SegmentedRaftLogWorker (SegmentedRaftLogWorker.java:lambda$new$0(132)) - 82c9eab4-587c-49a4-bcc0-a3202632cc07-SegmentedRaftLogWorker:Storage Directory /workdir/hadoop-ozone/integration-test/target/test-dir/MiniOzoneClusterImpl-4222d414-12f0-45c6-b3cb-e3750e5b8e76/datanode-4/data/ratis/aeaac062-c6a9-4a25-bbe7-8ce3a0cf6a36: flushIndex: setUnconditionally 0 -> -1
2019-09-05 18:06:28,933 [pool-217-thread-1] INFO  server.RaftServerConfigKeys (ConfUtils.java:logGet(43)) - raft.server.log.segment.size.max = 1048576 (custom)
2019-09-05 18:06:28,933 [pool-257-thread-1] INFO  server.RaftServerConfigKeys (ConfUtils.java:logGet(43)) - raft.server.log.segment.size.max = 1048576 (custom)
2019-09-05 18:06:28,933 [pool-247-thread-1] INFO  server.RaftServerConfigKeys (ConfUtils.java:logGet(43)) - raft.server.snapshot.auto.trigger.enabled = true (custom)
2019-09-05 18:06:28,933 [pool-217-thread-1] INFO  server.RaftServerConfigKeys (ConfUtils.java:logGet(43)) - raft.server.log.preallocated.size = 16384 (custom)
2019-09-05 18:06:28,933 [pool-247-thread-1] INFO  server.RaftServerConfigKeys (ConfUtils.java:logGet(43)) - raft.server.snapshot.auto.trigger.threshold = 10000 (custom)
2019-09-05 18:06:28,933 [pool-257-thread-1] INFO  server.RaftServerConfigKeys (ConfUtils.java:logGet(43)) - raft.server.log.preallocated.size = 16384 (custom)
2019-09-05 18:06:28,934 [pool-247-thread-1] INFO  server.RaftServerConfigKeys (ConfUtils.java:logGet(43)) - raft.server.retrycache.expirytime = 600000ms (custom)
2019-09-05 18:06:28,934 [pool-217-thread-1] INFO  server.RaftServerConfigKeys (ConfUtils.java:logGet(43)) - raft.server.log.write.buffer.size = 33554432 (custom)
2019-09-05 18:06:28,934 [pool-247-thread-1] INFO  impl.RaftServerImpl (RaftServerImpl.java:start(180)) - 82c9eab4-587c-49a4-bcc0-a3202632cc07: start group-8CE3A0CF6A36
2019-09-05 18:06:28,934 [pool-257-thread-1] INFO  server.RaftServerConfigKeys (ConfUtils.java:logGet(43)) - raft.server.log.write.buffer.size = 33554432 (custom)
2019-09-05 18:06:28,934 [pool-247-thread-1] INFO  impl.RaftServerImpl (RaftServerImpl.java:setRole(171)) - 82c9eab4-587c-49a4-bcc0-a3202632cc07:group-8CE3A0CF6A36 changes role from null to FOLLOWER at term 0 for startAsFollower
2019-09-05 18:06:28,934 [pool-217-thread-1] INFO  server.RaftServerConfigKeys (ConfUtils.java:logGet(43)) - raft.server.log.force.sync.num = 128 (default)
2019-09-05 18:06:28,935 [pool-247-thread-1] INFO  impl.RoleInfo (RoleInfo.java:updateAndGet(143)) - 82c9eab4-587c-49a4-bcc0-a3202632cc07: start FollowerState
2019-09-05 18:06:28,935 [pool-257-thread-1] INFO  server.RaftServerConfigKeys (ConfUtils.java:logGet(43)) - raft.server.log.force.sync.num = 128 (default)
2019-09-05 18:06:28,935 [pool-217-thread-1] INFO  server.RaftServerConfigKeys (ConfUtils.java:logGet(43)) - raft.server.log.statemachine.data.sync = true (default)
2019-09-05 18:06:28,935 [pool-257-thread-1] INFO  server.RaftServerConfigKeys (ConfUtils.java:logGet(43)) - raft.server.log.statemachine.data.sync = true (default)
2019-09-05 18:06:28,936 [pool-247-thread-1] INFO  util.JmxRegister (JmxRegister.java:tryRegister(44)) - Successfully registered JMX Bean with object name Ratis:service=RaftServer,group=group-8CE3A0CF6A36,id=82c9eab4-587c-49a4-bcc0-a3202632cc07
2019-09-05 18:06:28,936 [pool-217-thread-1] INFO  server.RaftServerConfigKeys (ConfUtils.java:logGet(43)) - raft.server.log.statemachine.data.sync.timeout = 10s (default)
2019-09-05 18:06:28,936 [pool-257-thread-1] INFO  server.RaftServerConfigKeys (ConfUtils.java:logGet(43)) - raft.server.log.statemachine.data.sync.timeout = 10s (default)
2019-09-05 18:06:28,936 [pool-217-thread-1] INFO  server.RaftServerConfigKeys (ConfUtils.java:logGet(43)) - raft.server.log.statemachine.data.sync.timeout.retry = -1 (default)
2019-09-05 18:06:28,936 [pool-257-thread-1] INFO  server.RaftServerConfigKeys (ConfUtils.java:logGet(43)) - raft.server.log.statemachine.data.sync.timeout.retry = -1 (default)
2019-09-05 18:06:28,936 [pool-217-thread-1] INFO  server.RaftServerConfigKeys (ConfUtils.java:logGet(43)) - raft.server.log.statemachine.data.caching.enabled = true (custom)
2019-09-05 18:06:28,937 [pool-257-thread-1] INFO  server.RaftServerConfigKeys (ConfUtils.java:logGet(43)) - raft.server.log.statemachine.data.caching.enabled = true (custom)
2019-09-05 18:06:28,937 [pool-217-thread-1] INFO  segmented.SegmentedRaftLogWorker (SegmentedRaftLogWorker.java:lambda$new$0(132)) - 5b5586d4-1754-4c06-a799-ffbe50909082-SegmentedRaftLogWorker:Storage Directory /workdir/hadoop-ozone/integration-test/target/test-dir/MiniOzoneClusterImpl-4222d414-12f0-45c6-b3cb-e3750e5b8e76/datanode-1/data/ratis/aeaac062-c6a9-4a25-bbe7-8ce3a0cf6a36: flushIndex: setUnconditionally 0 -> -1
2019-09-05 18:06:28,937 [pool-257-thread-1] INFO  segmented.SegmentedRaftLogWorker (SegmentedRaftLogWorker.java:lambda$new$0(132)) - d247bb88-96d6-4a5e-a7ac-1fab2e0c2a64-SegmentedRaftLogWorker:Storage Directory /workdir/hadoop-ozone/integration-test/target/test-dir/MiniOzoneClusterImpl-4222d414-12f0-45c6-b3cb-e3750e5b8e76/datanode-5/data/ratis/aeaac062-c6a9-4a25-bbe7-8ce3a0cf6a36: flushIndex: setUnconditionally 0 -> -1
2019-09-05 18:06:28,937 [pool-217-thread-1] INFO  server.RaftServerConfigKeys (ConfUtils.java:logGet(43)) - raft.server.snapshot.auto.trigger.enabled = true (custom)
2019-09-05 18:06:28,938 [pool-217-thread-1] INFO  server.RaftServerConfigKeys (ConfUtils.java:logGet(43)) - raft.server.snapshot.auto.trigger.threshold = 10000 (custom)
2019-09-05 18:06:28,938 [pool-257-thread-1] INFO  server.RaftServerConfigKeys (ConfUtils.java:logGet(43)) - raft.server.snapshot.auto.trigger.enabled = true (custom)
2019-09-05 18:06:28,938 [pool-217-thread-1] INFO  server.RaftServerConfigKeys (ConfUtils.java:logGet(43)) - raft.server.retrycache.expirytime = 600000ms (custom)
2019-09-05 18:06:28,938 [pool-257-thread-1] INFO  server.RaftServerConfigKeys (ConfUtils.java:logGet(43)) - raft.server.snapshot.auto.trigger.threshold = 10000 (custom)
2019-09-05 18:06:28,938 [pool-217-thread-1] INFO  impl.RaftServerImpl (RaftServerImpl.java:start(180)) - 5b5586d4-1754-4c06-a799-ffbe50909082: start group-8CE3A0CF6A36
2019-09-05 18:06:28,938 [pool-257-thread-1] INFO  server.RaftServerConfigKeys (ConfUtils.java:logGet(43)) - raft.server.retrycache.expirytime = 600000ms (custom)
2019-09-05 18:06:28,939 [pool-217-thread-1] INFO  impl.RaftServerImpl (RaftServerImpl.java:setRole(171)) - 5b5586d4-1754-4c06-a799-ffbe50909082:group-8CE3A0CF6A36 changes role from null to FOLLOWER at term 0 for startAsFollower
2019-09-05 18:06:28,939 [pool-257-thread-1] INFO  impl.RaftServerImpl (RaftServerImpl.java:start(180)) - d247bb88-96d6-4a5e-a7ac-1fab2e0c2a64: start group-8CE3A0CF6A36
2019-09-05 18:06:28,939 [pool-217-thread-1] INFO  impl.RoleInfo (RoleInfo.java:updateAndGet(143)) - 5b5586d4-1754-4c06-a799-ffbe50909082: start FollowerState
2019-09-05 18:06:28,939 [pool-257-thread-1] INFO  impl.RaftServerImpl (RaftServerImpl.java:setRole(171)) - d247bb88-96d6-4a5e-a7ac-1fab2e0c2a64:group-8CE3A0CF6A36 changes role from null to FOLLOWER at term 0 for startAsFollower
2019-09-05 18:06:28,940 [pool-257-thread-1] INFO  impl.RoleInfo (RoleInfo.java:updateAndGet(143)) - d247bb88-96d6-4a5e-a7ac-1fab2e0c2a64: start FollowerState
2019-09-05 18:06:28,940 [pool-217-thread-1] INFO  util.JmxRegister (JmxRegister.java:tryRegister(44)) - Successfully registered JMX Bean with object name Ratis:service=RaftServer,group=group-8CE3A0CF6A36,id=5b5586d4-1754-4c06-a799-ffbe50909082
2019-09-05 18:06:28,940 [pool-257-thread-1] INFO  util.JmxRegister (JmxRegister.java:tryRegister(44)) - Successfully registered JMX Bean with object name Ratis:service=RaftServer,group=group-8CE3A0CF6A36,id=d247bb88-96d6-4a5e-a7ac-1fab2e0c2a64
2019-09-05 18:06:28,946 [RatisPipelineUtilsThread] INFO  pipeline.PipelineStateManager (PipelineStateManager.java:addPipeline(56)) - Created pipeline Pipeline[ Id: aeaac062-c6a9-4a25-bbe7-8ce3a0cf6a36, Nodes: 82c9eab4-587c-49a4-bcc0-a3202632cc07{ip: 192.168.36.125, host: pr-hdds-2007-hnd8f-2977735972, networkLocation: /default-rack, certSerialId: null}5b5586d4-1754-4c06-a799-ffbe50909082{ip: 192.168.36.125, host: pr-hdds-2007-hnd8f-2977735972, networkLocation: /default-rack, certSerialId: null}d247bb88-96d6-4a5e-a7ac-1fab2e0c2a64{ip: 192.168.36.125, host: pr-hdds-2007-hnd8f-2977735972, networkLocation: /default-rack, certSerialId: null}, Type:RATIS, Factor:THREE, State:OPEN]
2019-09-05 18:06:28,966 [grpc-default-executor-3] INFO  impl.RaftServerProxy (RaftServerProxy.java:addNew(89)) - f3556df8-41d3-44b1-b03f-0634968a3dc4: addNew group-ECCECAD03C26:[14bbad99-9b0d-449e-9017-5f9387be6f26:192.168.36.125:46683, f3556df8-41d3-44b1-b03f-0634968a3dc4:192.168.36.125:43201, 5da4a757-cb0e-4824-a86b-7129238f121d:192.168.36.125:37120] returns group-ECCECAD03C26:java.util.concurrent.CompletableFuture@f88f67c[Not completed]
2019-09-05 18:06:28,966 [grpc-default-executor-5] INFO  impl.RaftServerProxy (RaftServerProxy.java:addNew(89)) - 14bbad99-9b0d-449e-9017-5f9387be6f26: addNew group-ECCECAD03C26:[14bbad99-9b0d-449e-9017-5f9387be6f26:192.168.36.125:46683, f3556df8-41d3-44b1-b03f-0634968a3dc4:192.168.36.125:43201, 5da4a757-cb0e-4824-a86b-7129238f121d:192.168.36.125:37120] returns group-ECCECAD03C26:java.util.concurrent.CompletableFuture@4c3090a1[Not completed]
2019-09-05 18:06:28,966 [grpc-default-executor-0] INFO  impl.RaftServerProxy (RaftServerProxy.java:addNew(89)) - 5da4a757-cb0e-4824-a86b-7129238f121d: addNew group-ECCECAD03C26:[14bbad99-9b0d-449e-9017-5f9387be6f26:192.168.36.125:46683, f3556df8-41d3-44b1-b03f-0634968a3dc4:192.168.36.125:43201, 5da4a757-cb0e-4824-a86b-7129238f121d:192.168.36.125:37120] returns group-ECCECAD03C26:java.util.concurrent.CompletableFuture@31149366[Not completed]
2019-09-05 18:06:28,968 [pool-237-thread-1] INFO  impl.RaftServerImpl (RaftServerImpl.java:<init>(93)) - f3556df8-41d3-44b1-b03f-0634968a3dc4: new RaftServerImpl for group-ECCECAD03C26:[14bbad99-9b0d-449e-9017-5f9387be6f26:192.168.36.125:46683, f3556df8-41d3-44b1-b03f-0634968a3dc4:192.168.36.125:43201, 5da4a757-cb0e-4824-a86b-7129238f121d:192.168.36.125:37120] with ContainerStateMachine:uninitialized
2019-09-05 18:06:28,968 [pool-237-thread-1] INFO  server.RaftServerConfigKeys (ConfUtils.java:logGet(43)) - raft.server.rpc.timeout.min = 5s (custom)
2019-09-05 18:06:28,968 [pool-237-thread-1] INFO  server.RaftServerConfigKeys (ConfUtils.java:logGet(43)) - raft.server.rpc.timeout.max = 5200ms (custom)
2019-09-05 18:06:28,968 [pool-237-thread-1] INFO  server.RaftServerConfigKeys (ConfUtils.java:logGet(43)) - raft.server.rpcslowness.timeout = 120s (custom)
2019-09-05 18:06:28,968 [pool-237-thread-1] INFO  server.RaftServerConfigKeys (ConfUtils.java:logGet(43)) - raft.server.sleep.deviation.threshold = 300 (default)
2019-09-05 18:06:28,968 [pool-237-thread-1] INFO  server.RaftServerConfigKeys (ConfUtils.java:logGet(43)) - raft.server.log.appender.install.snapshot.enabled = false (custom)
2019-09-05 18:06:28,969 [pool-227-thread-1] INFO  impl.RaftServerImpl (RaftServerImpl.java:<init>(93)) - 14bbad99-9b0d-449e-9017-5f9387be6f26: new RaftServerImpl for group-ECCECAD03C26:[14bbad99-9b0d-449e-9017-5f9387be6f26:192.168.36.125:46683, f3556df8-41d3-44b1-b03f-0634968a3dc4:192.168.36.125:43201, 5da4a757-cb0e-4824-a86b-7129238f121d:192.168.36.125:37120] with ContainerStateMachine:uninitialized
2019-09-05 18:06:28,969 [pool-237-thread-1] INFO  impl.RaftServerImpl (ServerState.java:<init>(105)) - f3556df8-41d3-44b1-b03f-0634968a3dc4:group-ECCECAD03C26 ConfigurationManager, init=-1: [14bbad99-9b0d-449e-9017-5f9387be6f26:192.168.36.125:46683, f3556df8-41d3-44b1-b03f-0634968a3dc4:192.168.36.125:43201, 5da4a757-cb0e-4824-a86b-7129238f121d:192.168.36.125:37120], old=null, confs=<EMPTY_MAP>
2019-09-05 18:06:28,969 [pool-227-thread-1] INFO  server.RaftServerConfigKeys (ConfUtils.java:logGet(43)) - raft.server.rpc.timeout.min = 5s (custom)
2019-09-05 18:06:28,969 [pool-237-thread-1] INFO  server.RaftServerConfigKeys (ConfUtils.java:logGet(43)) - raft.server.storage.dir = [/workdir/hadoop-ozone/integration-test/target/test-dir/MiniOzoneClusterImpl-4222d414-12f0-45c6-b3cb-e3750e5b8e76/datanode-3/data/ratis] (custom)
2019-09-05 18:06:28,969 [pool-227-thread-1] INFO  server.RaftServerConfigKeys (ConfUtils.java:logGet(43)) - raft.server.rpc.timeout.max = 5200ms (custom)
2019-09-05 18:06:28,969 [pool-227-thread-1] INFO  server.RaftServerConfigKeys (ConfUtils.java:logGet(43)) - raft.server.rpcslowness.timeout = 120s (custom)
2019-09-05 18:06:28,970 [pool-207-thread-1] INFO  impl.RaftServerImpl (RaftServerImpl.java:<init>(93)) - 5da4a757-cb0e-4824-a86b-7129238f121d: new RaftServerImpl for group-ECCECAD03C26:[14bbad99-9b0d-449e-9017-5f9387be6f26:192.168.36.125:46683, f3556df8-41d3-44b1-b03f-0634968a3dc4:192.168.36.125:43201, 5da4a757-cb0e-4824-a86b-7129238f121d:192.168.36.125:37120] with ContainerStateMachine:uninitialized
2019-09-05 18:06:28,970 [pool-227-thread-1] INFO  server.RaftServerConfigKeys (ConfUtils.java:logGet(43)) - raft.server.sleep.deviation.threshold = 300 (default)
2019-09-05 18:06:28,970 [pool-237-thread-1] INFO  storage.RaftStorageDirectory (RaftStorageDirectory.java:analyzeStorage(246)) - The storage directory /workdir/hadoop-ozone/integration-test/target/test-dir/MiniOzoneClusterImpl-4222d414-12f0-45c6-b3cb-e3750e5b8e76/datanode-3/data/ratis/fb058b80-94c8-4170-9773-eccecad03c26 does not exist. Creating ...
2019-09-05 18:06:28,970 [pool-227-thread-1] INFO  server.RaftServerConfigKeys (ConfUtils.java:logGet(43)) - raft.server.log.appender.install.snapshot.enabled = false (custom)
2019-09-05 18:06:28,970 [pool-207-thread-1] INFO  server.RaftServerConfigKeys (ConfUtils.java:logGet(43)) - raft.server.rpc.timeout.min = 5s (custom)
2019-09-05 18:06:28,970 [pool-227-thread-1] INFO  impl.RaftServerImpl (ServerState.java:<init>(105)) - 14bbad99-9b0d-449e-9017-5f9387be6f26:group-ECCECAD03C26 ConfigurationManager, init=-1: [14bbad99-9b0d-449e-9017-5f9387be6f26:192.168.36.125:46683, f3556df8-41d3-44b1-b03f-0634968a3dc4:192.168.36.125:43201, 5da4a757-cb0e-4824-a86b-7129238f121d:192.168.36.125:37120], old=null, confs=<EMPTY_MAP>
2019-09-05 18:06:28,970 [pool-207-thread-1] INFO  server.RaftServerConfigKeys (ConfUtils.java:logGet(43)) - raft.server.rpc.timeout.max = 5200ms (custom)
2019-09-05 18:06:28,971 [pool-227-thread-1] INFO  server.RaftServerConfigKeys (ConfUtils.java:logGet(43)) - raft.server.storage.dir = [/workdir/hadoop-ozone/integration-test/target/test-dir/MiniOzoneClusterImpl-4222d414-12f0-45c6-b3cb-e3750e5b8e76/datanode-2/data/ratis] (custom)
2019-09-05 18:06:28,971 [pool-207-thread-1] INFO  server.RaftServerConfigKeys (ConfUtils.java:logGet(43)) - raft.server.rpcslowness.timeout = 120s (custom)
2019-09-05 18:06:28,971 [pool-207-thread-1] INFO  server.RaftServerConfigKeys (ConfUtils.java:logGet(43)) - raft.server.sleep.deviation.threshold = 300 (default)
2019-09-05 18:06:28,971 [pool-207-thread-1] INFO  server.RaftServerConfigKeys (ConfUtils.java:logGet(43)) - raft.server.log.appender.install.snapshot.enabled = false (custom)
2019-09-05 18:06:28,971 [pool-227-thread-1] INFO  storage.RaftStorageDirectory (RaftStorageDirectory.java:analyzeStorage(246)) - The storage directory /workdir/hadoop-ozone/integration-test/target/test-dir/MiniOzoneClusterImpl-4222d414-12f0-45c6-b3cb-e3750e5b8e76/datanode-2/data/ratis/fb058b80-94c8-4170-9773-eccecad03c26 does not exist. Creating ...
2019-09-05 18:06:28,971 [pool-207-thread-1] INFO  impl.RaftServerImpl (ServerState.java:<init>(105)) - 5da4a757-cb0e-4824-a86b-7129238f121d:group-ECCECAD03C26 ConfigurationManager, init=-1: [14bbad99-9b0d-449e-9017-5f9387be6f26:192.168.36.125:46683, f3556df8-41d3-44b1-b03f-0634968a3dc4:192.168.36.125:43201, 5da4a757-cb0e-4824-a86b-7129238f121d:192.168.36.125:37120], old=null, confs=<EMPTY_MAP>
2019-09-05 18:06:28,972 [pool-207-thread-1] INFO  server.RaftServerConfigKeys (ConfUtils.java:logGet(43)) - raft.server.storage.dir = [/workdir/hadoop-ozone/integration-test/target/test-dir/MiniOzoneClusterImpl-4222d414-12f0-45c6-b3cb-e3750e5b8e76/datanode-0/data/ratis] (custom)
2019-09-05 18:06:28,972 [pool-207-thread-1] INFO  storage.RaftStorageDirectory (RaftStorageDirectory.java:analyzeStorage(246)) - The storage directory /workdir/hadoop-ozone/integration-test/target/test-dir/MiniOzoneClusterImpl-4222d414-12f0-45c6-b3cb-e3750e5b8e76/datanode-0/data/ratis/fb058b80-94c8-4170-9773-eccecad03c26 does not exist. Creating ...
2019-09-05 18:06:29,009 [pool-207-thread-1] INFO  storage.RaftStorageDirectory (RaftStorageDirectory.java:tryLock(328)) - Lock on /workdir/hadoop-ozone/integration-test/target/test-dir/MiniOzoneClusterImpl-4222d414-12f0-45c6-b3cb-e3750e5b8e76/datanode-0/data/ratis/fb058b80-94c8-4170-9773-eccecad03c26/in_use.lock acquired by nodename 1130@pr-hdds-2007-hnd8f-2977735972
2019-09-05 18:06:29,009 [pool-237-thread-1] INFO  storage.RaftStorageDirectory (RaftStorageDirectory.java:tryLock(328)) - Lock on /workdir/hadoop-ozone/integration-test/target/test-dir/MiniOzoneClusterImpl-4222d414-12f0-45c6-b3cb-e3750e5b8e76/datanode-3/data/ratis/fb058b80-94c8-4170-9773-eccecad03c26/in_use.lock acquired by nodename 1130@pr-hdds-2007-hnd8f-2977735972
2019-09-05 18:06:29,009 [pool-227-thread-1] INFO  storage.RaftStorageDirectory (RaftStorageDirectory.java:tryLock(328)) - Lock on /workdir/hadoop-ozone/integration-test/target/test-dir/MiniOzoneClusterImpl-4222d414-12f0-45c6-b3cb-e3750e5b8e76/datanode-2/data/ratis/fb058b80-94c8-4170-9773-eccecad03c26/in_use.lock acquired by nodename 1130@pr-hdds-2007-hnd8f-2977735972
2019-09-05 18:06:29,135 [pool-237-thread-1] INFO  storage.RaftStorage (RaftStorage.java:format(72)) - Storage directory /workdir/hadoop-ozone/integration-test/target/test-dir/MiniOzoneClusterImpl-4222d414-12f0-45c6-b3cb-e3750e5b8e76/datanode-3/data/ratis/fb058b80-94c8-4170-9773-eccecad03c26 has been successfully formatted.
2019-09-05 18:06:29,135 [pool-227-thread-1] INFO  storage.RaftStorage (RaftStorage.java:format(72)) - Storage directory /workdir/hadoop-ozone/integration-test/target/test-dir/MiniOzoneClusterImpl-4222d414-12f0-45c6-b3cb-e3750e5b8e76/datanode-2/data/ratis/fb058b80-94c8-4170-9773-eccecad03c26 has been successfully formatted.
2019-09-05 18:06:29,136 [pool-237-thread-1] INFO  ratis.ContainerStateMachine (ContainerStateMachine.java:loadSnapshot(227)) - group-ECCECAD03C26: The snapshot info is null. Setting the last applied indexto:(t:0, i:~)
2019-09-05 18:06:29,135 [pool-207-thread-1] INFO  storage.RaftStorage (RaftStorage.java:format(72)) - Storage directory /workdir/hadoop-ozone/integration-test/target/test-dir/MiniOzoneClusterImpl-4222d414-12f0-45c6-b3cb-e3750e5b8e76/datanode-0/data/ratis/fb058b80-94c8-4170-9773-eccecad03c26 has been successfully formatted.
2019-09-05 18:06:29,136 [pool-237-thread-1] INFO  server.RaftServerConfigKeys (ConfUtils.java:logGet(43)) - raft.server.leader.election.timeout = 120s (custom)
2019-09-05 18:06:29,136 [pool-227-thread-1] INFO  ratis.ContainerStateMachine (ContainerStateMachine.java:loadSnapshot(227)) - group-ECCECAD03C26: The snapshot info is null. Setting the last applied indexto:(t:0, i:~)
2019-09-05 18:06:29,136 [pool-237-thread-1] INFO  server.RaftServerConfigKeys (ConfUtils.java:logGet(43)) - raft.server.log.use.memory = false (default)
2019-09-05 18:06:29,136 [pool-207-thread-1] INFO  ratis.ContainerStateMachine (ContainerStateMachine.java:loadSnapshot(227)) - group-ECCECAD03C26: The snapshot info is null. Setting the last applied indexto:(t:0, i:~)
2019-09-05 18:06:29,136 [pool-237-thread-1] INFO  server.RaftServerConfigKeys (ConfUtils.java:logGet(43)) - raft.server.log.purge.gap = 1000000 (custom)
2019-09-05 18:06:29,136 [pool-227-thread-1] INFO  server.RaftServerConfigKeys (ConfUtils.java:logGet(43)) - raft.server.leader.election.timeout = 120s (custom)
2019-09-05 18:06:29,137 [pool-237-thread-1] INFO  server.RaftServerConfigKeys (ConfUtils.java:logGet(43)) - raft.server.log.appender.buffer.byte-limit = 33554432 (custom)
2019-09-05 18:06:29,137 [pool-207-thread-1] INFO  server.RaftServerConfigKeys (ConfUtils.java:logGet(43)) - raft.server.leader.election.timeout = 120s (custom)
2019-09-05 18:06:29,137 [pool-237-thread-1] INFO  server.RaftServerConfigKeys (ConfUtils.java:logGet(43)) - raft.server.log.segment.size.max = 1048576 (custom)
2019-09-05 18:06:29,137 [pool-227-thread-1] INFO  server.RaftServerConfigKeys (ConfUtils.java:logGet(43)) - raft.server.log.use.memory = false (default)
2019-09-05 18:06:29,137 [pool-237-thread-1] INFO  server.RaftServerConfigKeys (ConfUtils.java:logGet(43)) - raft.server.log.segment.cache.num.max = 2 (custom)
2019-09-05 18:06:29,137 [pool-207-thread-1] INFO  server.RaftServerConfigKeys (ConfUtils.java:logGet(43)) - raft.server.log.use.memory = false (default)
2019-09-05 18:06:29,138 [pool-237-thread-1] INFO  segmented.SegmentedRaftLogWorker (SegmentedRaftLogWorker.java:<init>(172)) - new f3556df8-41d3-44b1-b03f-0634968a3dc4-SegmentedRaftLogWorker:Storage Directory /workdir/hadoop-ozone/integration-test/target/test-dir/MiniOzoneClusterImpl-4222d414-12f0-45c6-b3cb-e3750e5b8e76/datanode-3/data/ratis/fb058b80-94c8-4170-9773-eccecad03c26 for RaftStorage:Storage Directory /workdir/hadoop-ozone/integration-test/target/test-dir/MiniOzoneClusterImpl-4222d414-12f0-45c6-b3cb-e3750e5b8e76/datanode-3/data/ratis/fb058b80-94c8-4170-9773-eccecad03c26
2019-09-05 18:06:29,137 [pool-227-thread-1] INFO  server.RaftServerConfigKeys (ConfUtils.java:logGet(43)) - raft.server.log.purge.gap = 1000000 (custom)
2019-09-05 18:06:29,138 [pool-237-thread-1] INFO  server.RaftServerConfigKeys (ConfUtils.java:logGet(43)) - raft.server.log.queue.byte-limit = 2147483647 (custom)
2019-09-05 18:06:29,138 [pool-207-thread-1] INFO  server.RaftServerConfigKeys (ConfUtils.java:logGet(43)) - raft.server.log.purge.gap = 1000000 (custom)
2019-09-05 18:06:29,138 [pool-237-thread-1] INFO  server.RaftServerConfigKeys (ConfUtils.java:logGet(43)) - raft.server.log.queue.element-limit = 1024 (custom)
2019-09-05 18:06:29,138 [pool-227-thread-1] INFO  server.RaftServerConfigKeys (ConfUtils.java:logGet(43)) - raft.server.log.appender.buffer.byte-limit = 33554432 (custom)
2019-09-05 18:06:29,138 [pool-237-thread-1] INFO  server.RaftServerConfigKeys (ConfUtils.java:logGet(43)) - raft.server.log.segment.size.max = 1048576 (custom)
2019-09-05 18:06:29,138 [pool-207-thread-1] INFO  server.RaftServerConfigKeys (ConfUtils.java:logGet(43)) - raft.server.log.appender.buffer.byte-limit = 33554432 (custom)
2019-09-05 18:06:29,139 [pool-237-thread-1] INFO  server.RaftServerConfigKeys (ConfUtils.java:logGet(43)) - raft.server.log.preallocated.size = 16384 (custom)
2019-09-05 18:06:29,139 [pool-227-thread-1] INFO  server.RaftServerConfigKeys (ConfUtils.java:logGet(43)) - raft.server.log.segment.size.max = 1048576 (custom)
2019-09-05 18:06:29,139 [pool-237-thread-1] INFO  server.RaftServerConfigKeys (ConfUtils.java:logGet(43)) - raft.server.log.write.buffer.size = 33554432 (custom)
2019-09-05 18:06:29,139 [pool-207-thread-1] INFO  server.RaftServerConfigKeys (ConfUtils.java:logGet(43)) - raft.server.log.segment.size.max = 1048576 (custom)
2019-09-05 18:06:29,139 [pool-237-thread-1] INFO  server.RaftServerConfigKeys (ConfUtils.java:logGet(43)) - raft.server.log.force.sync.num = 128 (default)
2019-09-05 18:06:29,139 [pool-227-thread-1] INFO  server.RaftServerConfigKeys (ConfUtils.java:logGet(43)) - raft.server.log.segment.cache.num.max = 2 (custom)
2019-09-05 18:06:29,139 [pool-237-thread-1] INFO  server.RaftServerConfigKeys (ConfUtils.java:logGet(43)) - raft.server.log.statemachine.data.sync = true (default)
2019-09-05 18:06:29,139 [pool-207-thread-1] INFO  server.RaftServerConfigKeys (ConfUtils.java:logGet(43)) - raft.server.log.segment.cache.num.max = 2 (custom)
2019-09-05 18:06:29,140 [pool-237-thread-1] INFO  server.RaftServerConfigKeys (ConfUtils.java:logGet(43)) - raft.server.log.statemachine.data.sync.timeout = 10s (default)
2019-09-05 18:06:29,140 [pool-227-thread-1] INFO  segmented.SegmentedRaftLogWorker (SegmentedRaftLogWorker.java:<init>(172)) - new 14bbad99-9b0d-449e-9017-5f9387be6f26-SegmentedRaftLogWorker:Storage Directory /workdir/hadoop-ozone/integration-test/target/test-dir/MiniOzoneClusterImpl-4222d414-12f0-45c6-b3cb-e3750e5b8e76/datanode-2/data/ratis/fb058b80-94c8-4170-9773-eccecad03c26 for RaftStorage:Storage Directory /workdir/hadoop-ozone/integration-test/target/test-dir/MiniOzoneClusterImpl-4222d414-12f0-45c6-b3cb-e3750e5b8e76/datanode-2/data/ratis/fb058b80-94c8-4170-9773-eccecad03c26
2019-09-05 18:06:29,140 [pool-237-thread-1] INFO  server.RaftServerConfigKeys (ConfUtils.java:logGet(43)) - raft.server.log.statemachine.data.sync.timeout.retry = -1 (default)
2019-09-05 18:06:29,140 [pool-207-thread-1] INFO  segmented.SegmentedRaftLogWorker (SegmentedRaftLogWorker.java:<init>(172)) - new 5da4a757-cb0e-4824-a86b-7129238f121d-SegmentedRaftLogWorker:Storage Directory /workdir/hadoop-ozone/integration-test/target/test-dir/MiniOzoneClusterImpl-4222d414-12f0-45c6-b3cb-e3750e5b8e76/datanode-0/data/ratis/fb058b80-94c8-4170-9773-eccecad03c26 for RaftStorage:Storage Directory /workdir/hadoop-ozone/integration-test/target/test-dir/MiniOzoneClusterImpl-4222d414-12f0-45c6-b3cb-e3750e5b8e76/datanode-0/data/ratis/fb058b80-94c8-4170-9773-eccecad03c26
2019-09-05 18:06:29,140 [pool-237-thread-1] INFO  server.RaftServerConfigKeys (ConfUtils.java:logGet(43)) - raft.server.log.statemachine.data.caching.enabled = true (custom)
2019-09-05 18:06:29,140 [pool-227-thread-1] INFO  server.RaftServerConfigKeys (ConfUtils.java:logGet(43)) - raft.server.log.queue.byte-limit = 2147483647 (custom)
2019-09-05 18:06:29,140 [pool-207-thread-1] INFO  server.RaftServerConfigKeys (ConfUtils.java:logGet(43)) - raft.server.log.queue.byte-limit = 2147483647 (custom)
2019-09-05 18:06:29,141 [pool-237-thread-1] INFO  segmented.SegmentedRaftLogWorker (SegmentedRaftLogWorker.java:lambda$new$0(132)) - f3556df8-41d3-44b1-b03f-0634968a3dc4-SegmentedRaftLogWorker:Storage Directory /workdir/hadoop-ozone/integration-test/target/test-dir/MiniOzoneClusterImpl-4222d414-12f0-45c6-b3cb-e3750e5b8e76/datanode-3/data/ratis/fb058b80-94c8-4170-9773-eccecad03c26: flushIndex: setUnconditionally 0 -> -1
2019-09-05 18:06:29,141 [pool-227-thread-1] INFO  server.RaftServerConfigKeys (ConfUtils.java:logGet(43)) - raft.server.log.queue.element-limit = 1024 (custom)
2019-09-05 18:06:29,141 [pool-207-thread-1] INFO  server.RaftServerConfigKeys (ConfUtils.java:logGet(43)) - raft.server.log.queue.element-limit = 1024 (custom)
2019-09-05 18:06:29,141 [pool-227-thread-1] INFO  server.RaftServerConfigKeys (ConfUtils.java:logGet(43)) - raft.server.log.segment.size.max = 1048576 (custom)
2019-09-05 18:06:29,141 [pool-237-thread-1] INFO  server.RaftServerConfigKeys (ConfUtils.java:logGet(43)) - raft.server.snapshot.auto.trigger.enabled = true (custom)
2019-09-05 18:06:29,142 [pool-227-thread-1] INFO  server.RaftServerConfigKeys (ConfUtils.java:logGet(43)) - raft.server.log.preallocated.size = 16384 (custom)
2019-09-05 18:06:29,142 [pool-207-thread-1] INFO  server.RaftServerConfigKeys (ConfUtils.java:logGet(43)) - raft.server.log.segment.size.max = 1048576 (custom)
2019-09-05 18:06:29,142 [pool-227-thread-1] INFO  server.RaftServerConfigKeys (ConfUtils.java:logGet(43)) - raft.server.log.write.buffer.size = 33554432 (custom)
2019-09-05 18:06:29,142 [pool-237-thread-1] INFO  server.RaftServerConfigKeys (ConfUtils.java:logGet(43)) - raft.server.snapshot.auto.trigger.threshold = 10000 (custom)
2019-09-05 18:06:29,142 [pool-227-thread-1] INFO  server.RaftServerConfigKeys (ConfUtils.java:logGet(43)) - raft.server.log.force.sync.num = 128 (default)
2019-09-05 18:06:29,142 [pool-207-thread-1] INFO  server.RaftServerConfigKeys (ConfUtils.java:logGet(43)) - raft.server.log.preallocated.size = 16384 (custom)
2019-09-05 18:06:29,143 [pool-227-thread-1] INFO  server.RaftServerConfigKeys (ConfUtils.java:logGet(43)) - raft.server.log.statemachine.data.sync = true (default)
2019-09-05 18:06:29,143 [pool-237-thread-1] INFO  server.RaftServerConfigKeys (ConfUtils.java:logGet(43)) - raft.server.retrycache.expirytime = 600000ms (custom)
2019-09-05 18:06:29,143 [pool-227-thread-1] INFO  server.RaftServerConfigKeys (ConfUtils.java:logGet(43)) - raft.server.log.statemachine.data.sync.timeout = 10s (default)
2019-09-05 18:06:29,144 [pool-227-thread-1] INFO  server.RaftServerConfigKeys (ConfUtils.java:logGet(43)) - raft.server.log.statemachine.data.sync.timeout.retry = -1 (default)
2019-09-05 18:06:29,143 [pool-207-thread-1] INFO  server.RaftServerConfigKeys (ConfUtils.java:logGet(43)) - raft.server.log.write.buffer.size = 33554432 (custom)
2019-09-05 18:06:29,144 [pool-227-thread-1] INFO  server.RaftServerConfigKeys (ConfUtils.java:logGet(43)) - raft.server.log.statemachine.data.caching.enabled = true (custom)
2019-09-05 18:06:29,143 [pool-237-thread-1] INFO  impl.RaftServerImpl (RaftServerImpl.java:start(180)) - f3556df8-41d3-44b1-b03f-0634968a3dc4: start group-ECCECAD03C26
2019-09-05 18:06:29,144 [pool-207-thread-1] INFO  server.RaftServerConfigKeys (ConfUtils.java:logGet(43)) - raft.server.log.force.sync.num = 128 (default)
2019-09-05 18:06:29,144 [pool-227-thread-1] INFO  segmented.SegmentedRaftLogWorker (SegmentedRaftLogWorker.java:lambda$new$0(132)) - 14bbad99-9b0d-449e-9017-5f9387be6f26-SegmentedRaftLogWorker:Storage Directory /workdir/hadoop-ozone/integration-test/target/test-dir/MiniOzoneClusterImpl-4222d414-12f0-45c6-b3cb-e3750e5b8e76/datanode-2/data/ratis/fb058b80-94c8-4170-9773-eccecad03c26: flushIndex: setUnconditionally 0 -> -1
2019-09-05 18:06:29,144 [pool-237-thread-1] INFO  impl.RaftServerImpl (RaftServerImpl.java:setRole(171)) - f3556df8-41d3-44b1-b03f-0634968a3dc4:group-ECCECAD03C26 changes role from null to FOLLOWER at term 0 for startAsFollower
2019-09-05 18:06:29,144 [pool-207-thread-1] INFO  server.RaftServerConfigKeys (ConfUtils.java:logGet(43)) - raft.server.log.statemachine.data.sync = true (default)
2019-09-05 18:06:29,145 [pool-227-thread-1] INFO  server.RaftServerConfigKeys (ConfUtils.java:logGet(43)) - raft.server.snapshot.auto.trigger.enabled = true (custom)
2019-09-05 18:06:29,145 [pool-237-thread-1] INFO  impl.RoleInfo (RoleInfo.java:updateAndGet(143)) - f3556df8-41d3-44b1-b03f-0634968a3dc4: start FollowerState
2019-09-05 18:06:29,145 [pool-227-thread-1] INFO  server.RaftServerConfigKeys (ConfUtils.java:logGet(43)) - raft.server.snapshot.auto.trigger.threshold = 10000 (custom)
2019-09-05 18:06:29,145 [pool-207-thread-1] INFO  server.RaftServerConfigKeys (ConfUtils.java:logGet(43)) - raft.server.log.statemachine.data.sync.timeout = 10s (default)
2019-09-05 18:06:29,145 [pool-227-thread-1] INFO  server.RaftServerConfigKeys (ConfUtils.java:logGet(43)) - raft.server.retrycache.expirytime = 600000ms (custom)
2019-09-05 18:06:29,145 [pool-207-thread-1] INFO  server.RaftServerConfigKeys (ConfUtils.java:logGet(43)) - raft.server.log.statemachine.data.sync.timeout.retry = -1 (default)
2019-09-05 18:06:29,145 [pool-227-thread-1] INFO  impl.RaftServerImpl (RaftServerImpl.java:start(180)) - 14bbad99-9b0d-449e-9017-5f9387be6f26: start group-ECCECAD03C26
2019-09-05 18:06:29,145 [pool-237-thread-1] INFO  util.JmxRegister (JmxRegister.java:tryRegister(44)) - Successfully registered JMX Bean with object name Ratis:service=RaftServer,group=group-ECCECAD03C26,id=f3556df8-41d3-44b1-b03f-0634968a3dc4
2019-09-05 18:06:29,146 [pool-227-thread-1] INFO  impl.RaftServerImpl (RaftServerImpl.java:setRole(171)) - 14bbad99-9b0d-449e-9017-5f9387be6f26:group-ECCECAD03C26 changes role from null to FOLLOWER at term 0 for startAsFollower
2019-09-05 18:06:29,146 [pool-207-thread-1] INFO  server.RaftServerConfigKeys (ConfUtils.java:logGet(43)) - raft.server.log.statemachine.data.caching.enabled = true (custom)
2019-09-05 18:06:29,146 [pool-227-thread-1] INFO  impl.RoleInfo (RoleInfo.java:updateAndGet(143)) - 14bbad99-9b0d-449e-9017-5f9387be6f26: start FollowerState
2019-09-05 18:06:29,146 [pool-207-thread-1] INFO  segmented.SegmentedRaftLogWorker (SegmentedRaftLogWorker.java:lambda$new$0(132)) - 5da4a757-cb0e-4824-a86b-7129238f121d-SegmentedRaftLogWorker:Storage Directory /workdir/hadoop-ozone/integration-test/target/test-dir/MiniOzoneClusterImpl-4222d414-12f0-45c6-b3cb-e3750e5b8e76/datanode-0/data/ratis/fb058b80-94c8-4170-9773-eccecad03c26: flushIndex: setUnconditionally 0 -> -1
2019-09-05 18:06:29,146 [pool-227-thread-1] INFO  util.JmxRegister (JmxRegister.java:tryRegister(44)) - Successfully registered JMX Bean with object name Ratis:service=RaftServer,group=group-ECCECAD03C26,id=14bbad99-9b0d-449e-9017-5f9387be6f26
2019-09-05 18:06:29,147 [pool-207-thread-1] INFO  server.RaftServerConfigKeys (ConfUtils.java:logGet(43)) - raft.server.snapshot.auto.trigger.enabled = true (custom)
2019-09-05 18:06:29,147 [pool-207-thread-1] INFO  server.RaftServerConfigKeys (ConfUtils.java:logGet(43)) - raft.server.snapshot.auto.trigger.threshold = 10000 (custom)
2019-09-05 18:06:29,147 [pool-207-thread-1] INFO  server.RaftServerConfigKeys (ConfUtils.java:logGet(43)) - raft.server.retrycache.expirytime = 600000ms (custom)
2019-09-05 18:06:29,147 [pool-207-thread-1] INFO  impl.RaftServerImpl (RaftServerImpl.java:start(180)) - 5da4a757-cb0e-4824-a86b-7129238f121d: start group-ECCECAD03C26
2019-09-05 18:06:29,147 [pool-207-thread-1] INFO  impl.RaftServerImpl (RaftServerImpl.java:setRole(171)) - 5da4a757-cb0e-4824-a86b-7129238f121d:group-ECCECAD03C26 changes role from null to FOLLOWER at term 0 for startAsFollower
2019-09-05 18:06:29,148 [pool-207-thread-1] INFO  impl.RoleInfo (RoleInfo.java:updateAndGet(143)) - 5da4a757-cb0e-4824-a86b-7129238f121d: start FollowerState
2019-09-05 18:06:29,148 [pool-207-thread-1] INFO  util.JmxRegister (JmxRegister.java:tryRegister(44)) - Successfully registered JMX Bean with object name Ratis:service=RaftServer,group=group-ECCECAD03C26,id=5da4a757-cb0e-4824-a86b-7129238f121d
2019-09-05 18:06:29,151 [RatisPipelineUtilsThread] INFO  pipeline.PipelineStateManager (PipelineStateManager.java:addPipeline(56)) - Created pipeline Pipeline[ Id: fb058b80-94c8-4170-9773-eccecad03c26, Nodes: 5da4a757-cb0e-4824-a86b-7129238f121d{ip: 192.168.36.125, host: pr-hdds-2007-hnd8f-2977735972, networkLocation: /default-rack, certSerialId: null}f3556df8-41d3-44b1-b03f-0634968a3dc4{ip: 192.168.36.125, host: pr-hdds-2007-hnd8f-2977735972, networkLocation: /default-rack, certSerialId: null}14bbad99-9b0d-449e-9017-5f9387be6f26{ip: 192.168.36.125, host: pr-hdds-2007-hnd8f-2977735972, networkLocation: /default-rack, certSerialId: null}, Type:RATIS, Factor:THREE, State:OPEN]
2019-09-05 18:06:29,176 [grpc-default-executor-0] INFO  client.GrpcClientProtocolClient (GrpcClientProtocolClient.java:onNext(255)) - client-B79BA30C2E5A->82c9eab4-587c-49a4-bcc0-a3202632cc07: receive RaftClientReply:client-B79BA30C2E5A->82c9eab4-587c-49a4-bcc0-a3202632cc07@group-8CE3A0CF6A36, cid=66, FAILED org.apache.ratis.protocol.NotLeaderException: Server 82c9eab4-587c-49a4-bcc0-a3202632cc07 is not the leader (null). Request must be sent to leader., logIndex=0, commits[82c9eab4-587c-49a4-bcc0-a3202632cc07:c-1]
2019-09-05 18:06:29,985 [Thread-1526] INFO  container.ReplicationManager (ReplicationManager.java:start(162)) - Starting Replication Monitor Thread.
2019-09-05 18:06:29,988 [ReplicationMonitor] INFO  container.ReplicationManager (ReplicationManager.java:run(225)) - Replication Monitor Thread took 0 milliseconds for processing 1 containers.
2019-09-05 18:06:30,206 [grpc-default-executor-0] INFO  client.GrpcClientProtocolClient (GrpcClientProtocolClient.java:onNext(255)) - client-B79BA30C2E5A->5b5586d4-1754-4c06-a799-ffbe50909082: receive RaftClientReply:client-B79BA30C2E5A->5b5586d4-1754-4c06-a799-ffbe50909082@group-8CE3A0CF6A36, cid=66, FAILED org.apache.ratis.protocol.NotLeaderException: Server 5b5586d4-1754-4c06-a799-ffbe50909082 is not the leader (null). Request must be sent to leader., logIndex=0, commits[5b5586d4-1754-4c06-a799-ffbe50909082:c-1]
2019-09-05 18:06:31,233 [grpc-default-executor-5] INFO  client.GrpcClientProtocolClient (GrpcClientProtocolClient.java:onNext(255)) - client-B79BA30C2E5A->82c9eab4-587c-49a4-bcc0-a3202632cc07: receive RaftClientReply:client-B79BA30C2E5A->82c9eab4-587c-49a4-bcc0-a3202632cc07@group-8CE3A0CF6A36, cid=66, FAILED org.apache.ratis.protocol.NotLeaderException: Server 82c9eab4-587c-49a4-bcc0-a3202632cc07 is not the leader (null). Request must be sent to leader., logIndex=0, commits[82c9eab4-587c-49a4-bcc0-a3202632cc07:c-1]
2019-09-05 18:06:32,256 [grpc-default-executor-0] INFO  client.GrpcClientProtocolClient (GrpcClientProtocolClient.java:onNext(255)) - client-B79BA30C2E5A->5b5586d4-1754-4c06-a799-ffbe50909082: receive RaftClientReply:client-B79BA30C2E5A->5b5586d4-1754-4c06-a799-ffbe50909082@group-8CE3A0CF6A36, cid=66, FAILED org.apache.ratis.protocol.NotLeaderException: Server 5b5586d4-1754-4c06-a799-ffbe50909082 is not the leader (null). Request must be sent to leader., logIndex=0, commits[5b5586d4-1754-4c06-a799-ffbe50909082:c-1]
2019-09-05 18:06:32,586 [Thread-1528] INFO  impl.FollowerState (FollowerState.java:run(106)) - 5da4a757-cb0e-4824-a86b-7129238f121d:group-6906E5DFBC4B changes to CANDIDATE, lastRpcTime:5137, electionTimeout:5137ms
2019-09-05 18:06:32,586 [Thread-1528] INFO  impl.RoleInfo (RoleInfo.java:shutdownFollowerState(121)) - 5da4a757-cb0e-4824-a86b-7129238f121d: shutdown FollowerState
2019-09-05 18:06:32,586 [Thread-1528] INFO  impl.RaftServerImpl (RaftServerImpl.java:setRole(171)) - 5da4a757-cb0e-4824-a86b-7129238f121d:group-6906E5DFBC4B changes role from FOLLOWER to CANDIDATE at term 0 for changeToCandidate
2019-09-05 18:06:32,586 [Thread-1528] INFO  impl.RoleInfo (RoleInfo.java:updateAndGet(143)) - 5da4a757-cb0e-4824-a86b-7129238f121d: start LeaderElection
2019-09-05 18:06:32,596 [Thread-1531] INFO  impl.FollowerState (FollowerState.java:run(106)) - 82c9eab4-587c-49a4-bcc0-a3202632cc07:group-2916F3976C17 changes to CANDIDATE, lastRpcTime:5023, electionTimeout:5023ms
2019-09-05 18:06:32,596 [Thread-1531] INFO  impl.RoleInfo (RoleInfo.java:shutdownFollowerState(121)) - 82c9eab4-587c-49a4-bcc0-a3202632cc07: shutdown FollowerState
2019-09-05 18:06:32,596 [Thread-1531] INFO  impl.RaftServerImpl (RaftServerImpl.java:setRole(171)) - 82c9eab4-587c-49a4-bcc0-a3202632cc07:group-2916F3976C17 changes role from FOLLOWER to CANDIDATE at term 0 for changeToCandidate
2019-09-05 18:06:32,596 [Thread-1531] INFO  impl.RoleInfo (RoleInfo.java:updateAndGet(143)) - 82c9eab4-587c-49a4-bcc0-a3202632cc07: start LeaderElection
2019-09-05 18:06:32,772 [Thread-1534] INFO  impl.FollowerState (FollowerState.java:run(106)) - 5b5586d4-1754-4c06-a799-ffbe50909082:group-6E51E5FA5883 changes to CANDIDATE, lastRpcTime:5013, electionTimeout:5013ms
2019-09-05 18:06:32,772 [Thread-1534] INFO  impl.RoleInfo (RoleInfo.java:shutdownFollowerState(121)) - 5b5586d4-1754-4c06-a799-ffbe50909082: shutdown FollowerState
2019-09-05 18:06:32,772 [Thread-1534] INFO  impl.RaftServerImpl (RaftServerImpl.java:setRole(171)) - 5b5586d4-1754-4c06-a799-ffbe50909082:group-6E51E5FA5883 changes role from FOLLOWER to CANDIDATE at term 0 for changeToCandidate
2019-09-05 18:06:32,772 [Thread-1534] INFO  impl.RoleInfo (RoleInfo.java:updateAndGet(143)) - 5b5586d4-1754-4c06-a799-ffbe50909082: start LeaderElection
2019-09-05 18:06:33,078 [5b5586d4-1754-4c06-a799-ffbe50909082:group-6E51E5FA5883:LeaderElection62] INFO  impl.LeaderElection (LeaderElection.java:askForVotes(181)) - 5b5586d4-1754-4c06-a799-ffbe50909082:group-6E51E5FA5883:LeaderElection62: begin an election at term 1 for -1: [5b5586d4-1754-4c06-a799-ffbe50909082:192.168.36.125:42287], old=null
2019-09-05 18:06:33,078 [82c9eab4-587c-49a4-bcc0-a3202632cc07:group-2916F3976C17:LeaderElection61] INFO  impl.LeaderElection (LeaderElection.java:askForVotes(181)) - 82c9eab4-587c-49a4-bcc0-a3202632cc07:group-2916F3976C17:LeaderElection61: begin an election at term 1 for -1: [82c9eab4-587c-49a4-bcc0-a3202632cc07:192.168.36.125:39804], old=null
2019-09-05 18:06:33,078 [5da4a757-cb0e-4824-a86b-7129238f121d:group-6906E5DFBC4B:LeaderElection60] INFO  impl.LeaderElection (LeaderElection.java:askForVotes(181)) - 5da4a757-cb0e-4824-a86b-7129238f121d:group-6906E5DFBC4B:LeaderElection60: begin an election at term 1 for -1: [5da4a757-cb0e-4824-a86b-7129238f121d:192.168.36.125:37120], old=null
2019-09-05 18:06:33,078 [82c9eab4-587c-49a4-bcc0-a3202632cc07:group-2916F3976C17:LeaderElection61] INFO  impl.RoleInfo (RoleInfo.java:shutdownLeaderElection(134)) - 82c9eab4-587c-49a4-bcc0-a3202632cc07: shutdown LeaderElection
2019-09-05 18:06:33,078 [5b5586d4-1754-4c06-a799-ffbe50909082:group-6E51E5FA5883:LeaderElection62] INFO  impl.RoleInfo (RoleInfo.java:shutdownLeaderElection(134)) - 5b5586d4-1754-4c06-a799-ffbe50909082: shutdown LeaderElection
2019-09-05 18:06:33,078 [82c9eab4-587c-49a4-bcc0-a3202632cc07:group-2916F3976C17:LeaderElection61] INFO  impl.RaftServerImpl (RaftServerImpl.java:setRole(171)) - 82c9eab4-587c-49a4-bcc0-a3202632cc07:group-2916F3976C17 changes role from CANDIDATE to LEADER at term 1 for changeToLeader
2019-09-05 18:06:33,078 [5da4a757-cb0e-4824-a86b-7129238f121d:group-6906E5DFBC4B:LeaderElection60] INFO  impl.RoleInfo (RoleInfo.java:shutdownLeaderElection(134)) - 5da4a757-cb0e-4824-a86b-7129238f121d: shutdown LeaderElection
2019-09-05 18:06:33,079 [82c9eab4-587c-49a4-bcc0-a3202632cc07:group-2916F3976C17:LeaderElection61] INFO  impl.RaftServerImpl (ServerState.java:setLeader(263)) - 82c9eab4-587c-49a4-bcc0-a3202632cc07:group-2916F3976C17 change Leader from null to 82c9eab4-587c-49a4-bcc0-a3202632cc07 at term 1 for becomeLeader, leader elected after 5510ms
2019-09-05 18:06:33,079 [5b5586d4-1754-4c06-a799-ffbe50909082:group-6E51E5FA5883:LeaderElection62] INFO  impl.RaftServerImpl (RaftServerImpl.java:setRole(171)) - 5b5586d4-1754-4c06-a799-ffbe50909082:group-6E51E5FA5883 changes role from CANDIDATE to LEADER at term 1 for changeToLeader
2019-09-05 18:06:33,079 [82c9eab4-587c-49a4-bcc0-a3202632cc07:group-2916F3976C17:LeaderElection61] INFO  server.RaftServerConfigKeys (ConfUtils.java:logGet(43)) - raft.server.staging.catchup.gap = 1000 (default)
2019-09-05 18:06:33,079 [5da4a757-cb0e-4824-a86b-7129238f121d:group-6906E5DFBC4B:LeaderElection60] INFO  impl.RaftServerImpl (RaftServerImpl.java:setRole(171)) - 5da4a757-cb0e-4824-a86b-7129238f121d:group-6906E5DFBC4B changes role from CANDIDATE to LEADER at term 1 for changeToLeader
2019-09-05 18:06:33,079 [82c9eab4-587c-49a4-bcc0-a3202632cc07:group-2916F3976C17:LeaderElection61] INFO  server.RaftServerConfigKeys (ConfUtils.java:logGet(43)) - raft.server.rpc.sleep.time = 25ms (default)
2019-09-05 18:06:33,079 [5b5586d4-1754-4c06-a799-ffbe50909082:group-6E51E5FA5883:LeaderElection62] INFO  impl.RaftServerImpl (ServerState.java:setLeader(263)) - 5b5586d4-1754-4c06-a799-ffbe50909082:group-6E51E5FA5883 change Leader from null to 5b5586d4-1754-4c06-a799-ffbe50909082 at term 1 for becomeLeader, leader elected after 5326ms
2019-09-05 18:06:33,080 [82c9eab4-587c-49a4-bcc0-a3202632cc07:group-2916F3976C17:LeaderElection61] INFO  server.RaftServerConfigKeys (ConfUtils.java:logGet(43)) - raft.server.write.element-limit = 4096 (default)
2019-09-05 18:06:33,079 [5da4a757-cb0e-4824-a86b-7129238f121d:group-6906E5DFBC4B:LeaderElection60] INFO  impl.RaftServerImpl (ServerState.java:setLeader(263)) - 5da4a757-cb0e-4824-a86b-7129238f121d:group-6906E5DFBC4B change Leader from null to 5da4a757-cb0e-4824-a86b-7129238f121d at term 1 for becomeLeader, leader elected after 5637ms
2019-09-05 18:06:33,080 [82c9eab4-587c-49a4-bcc0-a3202632cc07:group-2916F3976C17:LeaderElection61] INFO  server.RaftServerConfigKeys (ConfUtils.java:logGet(43)) - raft.server.watch.timeout = 10s (default)
2019-09-05 18:06:33,080 [5b5586d4-1754-4c06-a799-ffbe50909082:group-6E51E5FA5883:LeaderElection62] INFO  server.RaftServerConfigKeys (ConfUtils.java:logGet(43)) - raft.server.staging.catchup.gap = 1000 (default)
2019-09-05 18:06:33,080 [82c9eab4-587c-49a4-bcc0-a3202632cc07:group-2916F3976C17:LeaderElection61] INFO  server.RaftServerConfigKeys (ConfUtils.java:logGet(43)) - raft.server.watch.timeout.denomination = 1s (default)
2019-09-05 18:06:33,080 [5da4a757-cb0e-4824-a86b-7129238f121d:group-6906E5DFBC4B:LeaderElection60] INFO  server.RaftServerConfigKeys (ConfUtils.java:logGet(43)) - raft.server.staging.catchup.gap = 1000 (default)
2019-09-05 18:06:33,081 [82c9eab4-587c-49a4-bcc0-a3202632cc07:group-2916F3976C17:LeaderElection61] INFO  server.RaftServerConfigKeys (ConfUtils.java:logGet(43)) - raft.server.watch.element-limit = 65536 (default)
2019-09-05 18:06:33,081 [5b5586d4-1754-4c06-a799-ffbe50909082:group-6E51E5FA5883:LeaderElection62] INFO  server.RaftServerConfigKeys (ConfUtils.java:logGet(43)) - raft.server.rpc.sleep.time = 25ms (default)
2019-09-05 18:06:33,081 [5da4a757-cb0e-4824-a86b-7129238f121d:group-6906E5DFBC4B:LeaderElection60] INFO  server.RaftServerConfigKeys (ConfUtils.java:logGet(43)) - raft.server.rpc.sleep.time = 25ms (default)
2019-09-05 18:06:33,081 [82c9eab4-587c-49a4-bcc0-a3202632cc07:group-2916F3976C17:LeaderElection61] INFO  impl.RoleInfo (RoleInfo.java:updateAndGet(143)) - 82c9eab4-587c-49a4-bcc0-a3202632cc07: start LeaderState
2019-09-05 18:06:33,081 [5b5586d4-1754-4c06-a799-ffbe50909082:group-6E51E5FA5883:LeaderElection62] INFO  server.RaftServerConfigKeys (ConfUtils.java:logGet(43)) - raft.server.write.element-limit = 4096 (default)
2019-09-05 18:06:33,081 [5da4a757-cb0e-4824-a86b-7129238f121d:group-6906E5DFBC4B:LeaderElection60] INFO  server.RaftServerConfigKeys (ConfUtils.java:logGet(43)) - raft.server.write.element-limit = 4096 (default)
2019-09-05 18:06:33,082 [5b5586d4-1754-4c06-a799-ffbe50909082:group-6E51E5FA5883:LeaderElection62] INFO  server.RaftServerConfigKeys (ConfUtils.java:logGet(43)) - raft.server.watch.timeout = 10s (default)
2019-09-05 18:06:33,082 [82c9eab4-587c-49a4-bcc0-a3202632cc07:group-2916F3976C17:LeaderElection61] INFO  segmented.SegmentedRaftLogWorker (SegmentedRaftLogWorker.java:startLogSegment(380)) - 82c9eab4-587c-49a4-bcc0-a3202632cc07-SegmentedRaftLogWorker:Storage Directory /workdir/hadoop-ozone/integration-test/target/test-dir/MiniOzoneClusterImpl-4222d414-12f0-45c6-b3cb-e3750e5b8e76/datanode-4/data/ratis/e8b9ab5d-7c98-4a6f-b2e2-2916f3976c17: Starting segment from index:0
2019-09-05 18:06:33,082 [5da4a757-cb0e-4824-a86b-7129238f121d:group-6906E5DFBC4B:LeaderElection60] INFO  server.RaftServerConfigKeys (ConfUtils.java:logGet(43)) - raft.server.watch.timeout = 10s (default)
2019-09-05 18:06:33,082 [5b5586d4-1754-4c06-a799-ffbe50909082:group-6E51E5FA5883:LeaderElection62] INFO  server.RaftServerConfigKeys (ConfUtils.java:logGet(43)) - raft.server.watch.timeout.denomination = 1s (default)
2019-09-05 18:06:33,082 [5da4a757-cb0e-4824-a86b-7129238f121d:group-6906E5DFBC4B:LeaderElection60] INFO  server.RaftServerConfigKeys (ConfUtils.java:logGet(43)) - raft.server.watch.timeout.denomination = 1s (default)
2019-09-05 18:06:33,082 [5b5586d4-1754-4c06-a799-ffbe50909082:group-6E51E5FA5883:LeaderElection62] INFO  server.RaftServerConfigKeys (ConfUtils.java:logGet(43)) - raft.server.watch.element-limit = 65536 (default)
2019-09-05 18:06:33,083 [5da4a757-cb0e-4824-a86b-7129238f121d:group-6906E5DFBC4B:LeaderElection60] INFO  server.RaftServerConfigKeys (ConfUtils.java:logGet(43)) - raft.server.watch.element-limit = 65536 (default)
2019-09-05 18:06:33,083 [82c9eab4-587c-49a4-bcc0-a3202632cc07:group-2916F3976C17:LeaderElection61] INFO  impl.RaftServerImpl (ServerState.java:setRaftConf(361)) - 82c9eab4-587c-49a4-bcc0-a3202632cc07:group-2916F3976C17 set configuration 0: [82c9eab4-587c-49a4-bcc0-a3202632cc07:192.168.36.125:39804], old=null at 0
2019-09-05 18:06:33,083 [5b5586d4-1754-4c06-a799-ffbe50909082:group-6E51E5FA5883:LeaderElection62] INFO  impl.RoleInfo (RoleInfo.java:updateAndGet(143)) - 5b5586d4-1754-4c06-a799-ffbe50909082: start LeaderState
2019-09-05 18:06:33,083 [5da4a757-cb0e-4824-a86b-7129238f121d:group-6906E5DFBC4B:LeaderElection60] INFO  impl.RoleInfo (RoleInfo.java:updateAndGet(143)) - 5da4a757-cb0e-4824-a86b-7129238f121d: start LeaderState
2019-09-05 18:06:33,083 [5b5586d4-1754-4c06-a799-ffbe50909082:group-6E51E5FA5883:LeaderElection62] INFO  segmented.SegmentedRaftLogWorker (SegmentedRaftLogWorker.java:startLogSegment(380)) - 5b5586d4-1754-4c06-a799-ffbe50909082-SegmentedRaftLogWorker:Storage Directory /workdir/hadoop-ozone/integration-test/target/test-dir/MiniOzoneClusterImpl-4222d414-12f0-45c6-b3cb-e3750e5b8e76/datanode-1/data/ratis/5531f318-4544-4027-9e70-6e51e5fa5883: Starting segment from index:0
2019-09-05 18:06:33,083 [5da4a757-cb0e-4824-a86b-7129238f121d:group-6906E5DFBC4B:LeaderElection60] INFO  segmented.SegmentedRaftLogWorker (SegmentedRaftLogWorker.java:startLogSegment(380)) - 5da4a757-cb0e-4824-a86b-7129238f121d-SegmentedRaftLogWorker:Storage Directory /workdir/hadoop-ozone/integration-test/target/test-dir/MiniOzoneClusterImpl-4222d414-12f0-45c6-b3cb-e3750e5b8e76/datanode-0/data/ratis/1e967297-8f7f-4e39-8c4b-6906e5dfbc4b: Starting segment from index:0
2019-09-05 18:06:33,084 [5b5586d4-1754-4c06-a799-ffbe50909082:group-6E51E5FA5883:LeaderElection62] INFO  impl.RaftServerImpl (ServerState.java:setRaftConf(361)) - 5b5586d4-1754-4c06-a799-ffbe50909082:group-6E51E5FA5883 set configuration 0: [5b5586d4-1754-4c06-a799-ffbe50909082:192.168.36.125:42287], old=null at 0
2019-09-05 18:06:33,084 [5da4a757-cb0e-4824-a86b-7129238f121d:group-6906E5DFBC4B:LeaderElection60] INFO  impl.RaftServerImpl (ServerState.java:setRaftConf(361)) - 5da4a757-cb0e-4824-a86b-7129238f121d:group-6906E5DFBC4B set configuration 0: [5da4a757-cb0e-4824-a86b-7129238f121d:192.168.36.125:37120], old=null at 0
2019-09-05 18:06:33,173 [Thread-1537] INFO  impl.FollowerState (FollowerState.java:run(106)) - d247bb88-96d6-4a5e-a7ac-1fab2e0c2a64:group-128375A3C5C1 changes to CANDIDATE, lastRpcTime:5013, electionTimeout:5013ms
2019-09-05 18:06:33,173 [Thread-1537] INFO  impl.RoleInfo (RoleInfo.java:shutdownFollowerState(121)) - d247bb88-96d6-4a5e-a7ac-1fab2e0c2a64: shutdown FollowerState
2019-09-05 18:06:33,173 [Thread-1537] INFO  impl.RaftServerImpl (RaftServerImpl.java:setRole(171)) - d247bb88-96d6-4a5e-a7ac-1fab2e0c2a64:group-128375A3C5C1 changes role from FOLLOWER to CANDIDATE at term 0 for changeToCandidate
2019-09-05 18:06:33,173 [Thread-1537] INFO  impl.RoleInfo (RoleInfo.java:updateAndGet(143)) - d247bb88-96d6-4a5e-a7ac-1fab2e0c2a64: start LeaderElection
2019-09-05 18:06:33,243 [5da4a757-cb0e-4824-a86b-7129238f121d-SegmentedRaftLogWorker:Storage Directory /workdir/hadoop-ozone/integration-test/target/test-dir/MiniOzoneClusterImpl-4222d414-12f0-45c6-b3cb-e3750e5b8e76/datanode-0/data/ratis/1e967297-8f7f-4e39-8c4b-6906e5dfbc4b] INFO  segmented.SegmentedRaftLogWorker (SegmentedRaftLogWorker.java:execute(569)) - 5da4a757-cb0e-4824-a86b-7129238f121d-SegmentedRaftLogWorker:Storage Directory /workdir/hadoop-ozone/integration-test/target/test-dir/MiniOzoneClusterImpl-4222d414-12f0-45c6-b3cb-e3750e5b8e76/datanode-0/data/ratis/1e967297-8f7f-4e39-8c4b-6906e5dfbc4b: created new log segment /workdir/hadoop-ozone/integration-test/target/test-dir/MiniOzoneClusterImpl-4222d414-12f0-45c6-b3cb-e3750e5b8e76/datanode-0/data/ratis/1e967297-8f7f-4e39-8c4b-6906e5dfbc4b/current/log_inprogress_0
2019-09-05 18:06:33,243 [d247bb88-96d6-4a5e-a7ac-1fab2e0c2a64:group-128375A3C5C1:LeaderElection63] INFO  impl.LeaderElection (LeaderElection.java:askForVotes(181)) - d247bb88-96d6-4a5e-a7ac-1fab2e0c2a64:group-128375A3C5C1:LeaderElection63: begin an election at term 1 for -1: [d247bb88-96d6-4a5e-a7ac-1fab2e0c2a64:192.168.36.125:43009], old=null
2019-09-05 18:06:33,243 [82c9eab4-587c-49a4-bcc0-a3202632cc07-SegmentedRaftLogWorker:Storage Directory /workdir/hadoop-ozone/integration-test/target/test-dir/MiniOzoneClusterImpl-4222d414-12f0-45c6-b3cb-e3750e5b8e76/datanode-4/data/ratis/e8b9ab5d-7c98-4a6f-b2e2-2916f3976c17] INFO  segmented.SegmentedRaftLogWorker (SegmentedRaftLogWorker.java:execute(569)) - 82c9eab4-587c-49a4-bcc0-a3202632cc07-SegmentedRaftLogWorker:Storage Directory /workdir/hadoop-ozone/integration-test/target/test-dir/MiniOzoneClusterImpl-4222d414-12f0-45c6-b3cb-e3750e5b8e76/datanode-4/data/ratis/e8b9ab5d-7c98-4a6f-b2e2-2916f3976c17: created new log segment /workdir/hadoop-ozone/integration-test/target/test-dir/MiniOzoneClusterImpl-4222d414-12f0-45c6-b3cb-e3750e5b8e76/datanode-4/data/ratis/e8b9ab5d-7c98-4a6f-b2e2-2916f3976c17/current/log_inprogress_0
2019-09-05 18:06:33,243 [5b5586d4-1754-4c06-a799-ffbe50909082-SegmentedRaftLogWorker:Storage Directory /workdir/hadoop-ozone/integration-test/target/test-dir/MiniOzoneClusterImpl-4222d414-12f0-45c6-b3cb-e3750e5b8e76/datanode-1/data/ratis/5531f318-4544-4027-9e70-6e51e5fa5883] INFO  segmented.SegmentedRaftLogWorker (SegmentedRaftLogWorker.java:execute(569)) - 5b5586d4-1754-4c06-a799-ffbe50909082-SegmentedRaftLogWorker:Storage Directory /workdir/hadoop-ozone/integration-test/target/test-dir/MiniOzoneClusterImpl-4222d414-12f0-45c6-b3cb-e3750e5b8e76/datanode-1/data/ratis/5531f318-4544-4027-9e70-6e51e5fa5883: created new log segment /workdir/hadoop-ozone/integration-test/target/test-dir/MiniOzoneClusterImpl-4222d414-12f0-45c6-b3cb-e3750e5b8e76/datanode-1/data/ratis/5531f318-4544-4027-9e70-6e51e5fa5883/current/log_inprogress_0
2019-09-05 18:06:33,243 [d247bb88-96d6-4a5e-a7ac-1fab2e0c2a64:group-128375A3C5C1:LeaderElection63] INFO  impl.RoleInfo (RoleInfo.java:shutdownLeaderElection(134)) - d247bb88-96d6-4a5e-a7ac-1fab2e0c2a64: shutdown LeaderElection
2019-09-05 18:06:33,244 [d247bb88-96d6-4a5e-a7ac-1fab2e0c2a64:group-128375A3C5C1:LeaderElection63] INFO  impl.RaftServerImpl (RaftServerImpl.java:setRole(171)) - d247bb88-96d6-4a5e-a7ac-1fab2e0c2a64:group-128375A3C5C1 changes role from CANDIDATE to LEADER at term 1 for changeToLeader
2019-09-05 18:06:33,244 [d247bb88-96d6-4a5e-a7ac-1fab2e0c2a64:group-128375A3C5C1:LeaderElection63] INFO  impl.RaftServerImpl (ServerState.java:setLeader(263)) - d247bb88-96d6-4a5e-a7ac-1fab2e0c2a64:group-128375A3C5C1 change Leader from null to d247bb88-96d6-4a5e-a7ac-1fab2e0c2a64 at term 1 for becomeLeader, leader elected after 5090ms
2019-09-05 18:06:33,244 [d247bb88-96d6-4a5e-a7ac-1fab2e0c2a64:group-128375A3C5C1:LeaderElection63] INFO  server.RaftServerConfigKeys (ConfUtils.java:logGet(43)) - raft.server.staging.catchup.gap = 1000 (default)
2019-09-05 18:06:33,244 [d247bb88-96d6-4a5e-a7ac-1fab2e0c2a64:group-128375A3C5C1:LeaderElection63] INFO  server.RaftServerConfigKeys (ConfUtils.java:logGet(43)) - raft.server.rpc.sleep.time = 25ms (default)
2019-09-05 18:06:33,244 [d247bb88-96d6-4a5e-a7ac-1fab2e0c2a64:group-128375A3C5C1:LeaderElection63] INFO  server.RaftServerConfigKeys (ConfUtils.java:logGet(43)) - raft.server.write.element-limit = 4096 (default)
2019-09-05 18:06:33,245 [d247bb88-96d6-4a5e-a7ac-1fab2e0c2a64:group-128375A3C5C1:LeaderElection63] INFO  server.RaftServerConfigKeys (ConfUtils.java:logGet(43)) - raft.server.watch.timeout = 10s (default)
2019-09-05 18:06:33,245 [d247bb88-96d6-4a5e-a7ac-1fab2e0c2a64:group-128375A3C5C1:LeaderElection63] INFO  server.RaftServerConfigKeys (ConfUtils.java:logGet(43)) - raft.server.watch.timeout.denomination = 1s (default)
2019-09-05 18:06:33,245 [d247bb88-96d6-4a5e-a7ac-1fab2e0c2a64:group-128375A3C5C1:LeaderElection63] INFO  server.RaftServerConfigKeys (ConfUtils.java:logGet(43)) - raft.server.watch.element-limit = 65536 (default)
2019-09-05 18:06:33,245 [d247bb88-96d6-4a5e-a7ac-1fab2e0c2a64:group-128375A3C5C1:LeaderElection63] INFO  impl.RoleInfo (RoleInfo.java:updateAndGet(143)) - d247bb88-96d6-4a5e-a7ac-1fab2e0c2a64: start LeaderState
2019-09-05 18:06:33,245 [d247bb88-96d6-4a5e-a7ac-1fab2e0c2a64:group-128375A3C5C1:LeaderElection63] INFO  segmented.SegmentedRaftLogWorker (SegmentedRaftLogWorker.java:startLogSegment(380)) - d247bb88-96d6-4a5e-a7ac-1fab2e0c2a64-SegmentedRaftLogWorker:Storage Directory /workdir/hadoop-ozone/integration-test/target/test-dir/MiniOzoneClusterImpl-4222d414-12f0-45c6-b3cb-e3750e5b8e76/datanode-5/data/ratis/3c20fb56-e9d0-48d2-801d-128375a3c5c1: Starting segment from index:0
2019-09-05 18:06:33,246 [d247bb88-96d6-4a5e-a7ac-1fab2e0c2a64:group-128375A3C5C1:LeaderElection63] INFO  impl.RaftServerImpl (ServerState.java:setRaftConf(361)) - d247bb88-96d6-4a5e-a7ac-1fab2e0c2a64:group-128375A3C5C1 set configuration 0: [d247bb88-96d6-4a5e-a7ac-1fab2e0c2a64:192.168.36.125:43009], old=null at 0
2019-09-05 18:06:33,286 [grpc-default-executor-5] INFO  client.GrpcClientProtocolClient (GrpcClientProtocolClient.java:onNext(255)) - client-B79BA30C2E5A->d247bb88-96d6-4a5e-a7ac-1fab2e0c2a64: receive RaftClientReply:client-B79BA30C2E5A->d247bb88-96d6-4a5e-a7ac-1fab2e0c2a64@group-8CE3A0CF6A36, cid=66, FAILED org.apache.ratis.protocol.NotLeaderException: Server d247bb88-96d6-4a5e-a7ac-1fab2e0c2a64 is not the leader (null). Request must be sent to leader., logIndex=0, commits[d247bb88-96d6-4a5e-a7ac-1fab2e0c2a64:c-1]
2019-09-05 18:06:33,387 [d247bb88-96d6-4a5e-a7ac-1fab2e0c2a64-SegmentedRaftLogWorker:Storage Directory /workdir/hadoop-ozone/integration-test/target/test-dir/MiniOzoneClusterImpl-4222d414-12f0-45c6-b3cb-e3750e5b8e76/datanode-5/data/ratis/3c20fb56-e9d0-48d2-801d-128375a3c5c1] INFO  segmented.SegmentedRaftLogWorker (SegmentedRaftLogWorker.java:execute(569)) - d247bb88-96d6-4a5e-a7ac-1fab2e0c2a64-SegmentedRaftLogWorker:Storage Directory /workdir/hadoop-ozone/integration-test/target/test-dir/MiniOzoneClusterImpl-4222d414-12f0-45c6-b3cb-e3750e5b8e76/datanode-5/data/ratis/3c20fb56-e9d0-48d2-801d-128375a3c5c1: created new log segment /workdir/hadoop-ozone/integration-test/target/test-dir/MiniOzoneClusterImpl-4222d414-12f0-45c6-b3cb-e3750e5b8e76/datanode-5/data/ratis/3c20fb56-e9d0-48d2-801d-128375a3c5c1/current/log_inprogress_0
2019-09-05 18:06:33,486 [Thread-1542] INFO  impl.FollowerState (FollowerState.java:run(106)) - f3556df8-41d3-44b1-b03f-0634968a3dc4:group-EB9295331475 changes to CANDIDATE, lastRpcTime:5002, electionTimeout:5002ms
2019-09-05 18:06:33,486 [Thread-1542] INFO  impl.RoleInfo (RoleInfo.java:shutdownFollowerState(121)) - f3556df8-41d3-44b1-b03f-0634968a3dc4: shutdown FollowerState
2019-09-05 18:06:33,486 [Thread-1542] INFO  impl.RaftServerImpl (RaftServerImpl.java:setRole(171)) - f3556df8-41d3-44b1-b03f-0634968a3dc4:group-EB9295331475 changes role from FOLLOWER to CANDIDATE at term 0 for changeToCandidate
2019-09-05 18:06:33,486 [Thread-1542] INFO  impl.RoleInfo (RoleInfo.java:updateAndGet(143)) - f3556df8-41d3-44b1-b03f-0634968a3dc4: start LeaderElection
2019-09-05 18:06:33,563 [f3556df8-41d3-44b1-b03f-0634968a3dc4:group-EB9295331475:LeaderElection64] INFO  impl.LeaderElection (LeaderElection.java:askForVotes(181)) - f3556df8-41d3-44b1-b03f-0634968a3dc4:group-EB9295331475:LeaderElection64: begin an election at term 1 for -1: [f3556df8-41d3-44b1-b03f-0634968a3dc4:192.168.36.125:43201], old=null
2019-09-05 18:06:33,563 [f3556df8-41d3-44b1-b03f-0634968a3dc4:group-EB9295331475:LeaderElection64] INFO  impl.RoleInfo (RoleInfo.java:shutdownLeaderElection(134)) - f3556df8-41d3-44b1-b03f-0634968a3dc4: shutdown LeaderElection
2019-09-05 18:06:33,563 [f3556df8-41d3-44b1-b03f-0634968a3dc4:group-EB9295331475:LeaderElection64] INFO  impl.RaftServerImpl (RaftServerImpl.java:setRole(171)) - f3556df8-41d3-44b1-b03f-0634968a3dc4:group-EB9295331475 changes role from CANDIDATE to LEADER at term 1 for changeToLeader
2019-09-05 18:06:33,563 [f3556df8-41d3-44b1-b03f-0634968a3dc4:group-EB9295331475:LeaderElection64] INFO  impl.RaftServerImpl (ServerState.java:setLeader(263)) - f3556df8-41d3-44b1-b03f-0634968a3dc4:group-EB9295331475 change Leader from null to f3556df8-41d3-44b1-b03f-0634968a3dc4 at term 1 for becomeLeader, leader elected after 5084ms
2019-09-05 18:06:33,563 [f3556df8-41d3-44b1-b03f-0634968a3dc4:group-EB9295331475:LeaderElection64] INFO  server.RaftServerConfigKeys (ConfUtils.java:logGet(43)) - raft.server.staging.catchup.gap = 1000 (default)
2019-09-05 18:06:33,564 [f3556df8-41d3-44b1-b03f-0634968a3dc4:group-EB9295331475:LeaderElection64] INFO  server.RaftServerConfigKeys (ConfUtils.java:logGet(43)) - raft.server.rpc.sleep.time = 25ms (default)
2019-09-05 18:06:33,564 [f3556df8-41d3-44b1-b03f-0634968a3dc4:group-EB9295331475:LeaderElection64] INFO  server.RaftServerConfigKeys (ConfUtils.java:logGet(43)) - raft.server.write.element-limit = 4096 (default)
2019-09-05 18:06:33,564 [f3556df8-41d3-44b1-b03f-0634968a3dc4:group-EB9295331475:LeaderElection64] INFO  server.RaftServerConfigKeys (ConfUtils.java:logGet(43)) - raft.server.watch.timeout = 10s (default)
2019-09-05 18:06:33,564 [f3556df8-41d3-44b1-b03f-0634968a3dc4:group-EB9295331475:LeaderElection64] INFO  server.RaftServerConfigKeys (ConfUtils.java:logGet(43)) - raft.server.watch.timeout.denomination = 1s (default)
2019-09-05 18:06:33,564 [f3556df8-41d3-44b1-b03f-0634968a3dc4:group-EB9295331475:LeaderElection64] INFO  server.RaftServerConfigKeys (ConfUtils.java:logGet(43)) - raft.server.watch.element-limit = 65536 (default)
2019-09-05 18:06:33,565 [f3556df8-41d3-44b1-b03f-0634968a3dc4:group-EB9295331475:LeaderElection64] INFO  impl.RoleInfo (RoleInfo.java:updateAndGet(143)) - f3556df8-41d3-44b1-b03f-0634968a3dc4: start LeaderState
2019-09-05 18:06:33,565 [f3556df8-41d3-44b1-b03f-0634968a3dc4:group-EB9295331475:LeaderElection64] INFO  segmented.SegmentedRaftLogWorker (SegmentedRaftLogWorker.java:startLogSegment(380)) - f3556df8-41d3-44b1-b03f-0634968a3dc4-SegmentedRaftLogWorker:Storage Directory /workdir/hadoop-ozone/integration-test/target/test-dir/MiniOzoneClusterImpl-4222d414-12f0-45c6-b3cb-e3750e5b8e76/datanode-3/data/ratis/133acfda-581a-47f3-9caa-eb9295331475: Starting segment from index:0
2019-09-05 18:06:33,565 [f3556df8-41d3-44b1-b03f-0634968a3dc4:group-EB9295331475:LeaderElection64] INFO  impl.RaftServerImpl (ServerState.java:setRaftConf(361)) - f3556df8-41d3-44b1-b03f-0634968a3dc4:group-EB9295331475 set configuration 0: [f3556df8-41d3-44b1-b03f-0634968a3dc4:192.168.36.125:43201], old=null at 0
2019-09-05 18:06:33,622 [f3556df8-41d3-44b1-b03f-0634968a3dc4-SegmentedRaftLogWorker:Storage Directory /workdir/hadoop-ozone/integration-test/target/test-dir/MiniOzoneClusterImpl-4222d414-12f0-45c6-b3cb-e3750e5b8e76/datanode-3/data/ratis/133acfda-581a-47f3-9caa-eb9295331475] INFO  segmented.SegmentedRaftLogWorker (SegmentedRaftLogWorker.java:execute(569)) - f3556df8-41d3-44b1-b03f-0634968a3dc4-SegmentedRaftLogWorker:Storage Directory /workdir/hadoop-ozone/integration-test/target/test-dir/MiniOzoneClusterImpl-4222d414-12f0-45c6-b3cb-e3750e5b8e76/datanode-3/data/ratis/133acfda-581a-47f3-9caa-eb9295331475: created new log segment /workdir/hadoop-ozone/integration-test/target/test-dir/MiniOzoneClusterImpl-4222d414-12f0-45c6-b3cb-e3750e5b8e76/datanode-3/data/ratis/133acfda-581a-47f3-9caa-eb9295331475/current/log_inprogress_0
2019-09-05 18:06:33,696 [Thread-1548] INFO  impl.FollowerState (FollowerState.java:run(106)) - ac84e46f-5381-463a-a710-4fc0a03cc7a2:group-40B857218157 changes to CANDIDATE, lastRpcTime:5001, electionTimeout:5001ms
2019-09-05 18:06:33,696 [Thread-1548] INFO  impl.RoleInfo (RoleInfo.java:shutdownFollowerState(121)) - ac84e46f-5381-463a-a710-4fc0a03cc7a2: shutdown FollowerState
2019-09-05 18:06:33,696 [Thread-1548] INFO  impl.RaftServerImpl (RaftServerImpl.java:setRole(171)) - ac84e46f-5381-463a-a710-4fc0a03cc7a2:group-40B857218157 changes role from FOLLOWER to CANDIDATE at term 0 for changeToCandidate
2019-09-05 18:06:33,696 [Thread-1548] INFO  impl.RoleInfo (RoleInfo.java:updateAndGet(143)) - ac84e46f-5381-463a-a710-4fc0a03cc7a2: start LeaderElection
2019-09-05 18:06:33,757 [ac84e46f-5381-463a-a710-4fc0a03cc7a2:group-40B857218157:LeaderElection65] INFO  impl.LeaderElection (LeaderElection.java:askForVotes(181)) - ac84e46f-5381-463a-a710-4fc0a03cc7a2:group-40B857218157:LeaderElection65: begin an election at term 1 for -1: [ac84e46f-5381-463a-a710-4fc0a03cc7a2:192.168.36.125:36143], old=null
2019-09-05 18:06:33,758 [ac84e46f-5381-463a-a710-4fc0a03cc7a2:group-40B857218157:LeaderElection65] INFO  impl.RoleInfo (RoleInfo.java:shutdownLeaderElection(134)) - ac84e46f-5381-463a-a710-4fc0a03cc7a2: shutdown LeaderElection
2019-09-05 18:06:33,758 [ac84e46f-5381-463a-a710-4fc0a03cc7a2:group-40B857218157:LeaderElection65] INFO  impl.RaftServerImpl (RaftServerImpl.java:setRole(171)) - ac84e46f-5381-463a-a710-4fc0a03cc7a2:group-40B857218157 changes role from CANDIDATE to LEADER at term 1 for changeToLeader
2019-09-05 18:06:33,758 [ac84e46f-5381-463a-a710-4fc0a03cc7a2:group-40B857218157:LeaderElection65] INFO  impl.RaftServerImpl (ServerState.java:setLeader(263)) - ac84e46f-5381-463a-a710-4fc0a03cc7a2:group-40B857218157 change Leader from null to ac84e46f-5381-463a-a710-4fc0a03cc7a2 at term 1 for becomeLeader, leader elected after 5067ms
2019-09-05 18:06:33,758 [ac84e46f-5381-463a-a710-4fc0a03cc7a2:group-40B857218157:LeaderElection65] INFO  server.RaftServerConfigKeys (ConfUtils.java:logGet(43)) - raft.server.staging.catchup.gap = 1000 (default)
2019-09-05 18:06:33,758 [ac84e46f-5381-463a-a710-4fc0a03cc7a2:group-40B857218157:LeaderElection65] INFO  server.RaftServerConfigKeys (ConfUtils.java:logGet(43)) - raft.server.rpc.sleep.time = 25ms (default)
2019-09-05 18:06:33,759 [ac84e46f-5381-463a-a710-4fc0a03cc7a2:group-40B857218157:LeaderElection65] INFO  server.RaftServerConfigKeys (ConfUtils.java:logGet(43)) - raft.server.write.element-limit = 4096 (default)
2019-09-05 18:06:33,759 [ac84e46f-5381-463a-a710-4fc0a03cc7a2:group-40B857218157:LeaderElection65] INFO  server.RaftServerConfigKeys (ConfUtils.java:logGet(43)) - raft.server.watch.timeout = 10s (default)
2019-09-05 18:06:33,759 [ac84e46f-5381-463a-a710-4fc0a03cc7a2:group-40B857218157:LeaderElection65] INFO  server.RaftServerConfigKeys (ConfUtils.java:logGet(43)) - raft.server.watch.timeout.denomination = 1s (default)
2019-09-05 18:06:33,759 [ac84e46f-5381-463a-a710-4fc0a03cc7a2:group-40B857218157:LeaderElection65] INFO  server.RaftServerConfigKeys (ConfUtils.java:logGet(43)) - raft.server.watch.element-limit = 65536 (default)
2019-09-05 18:06:33,759 [ac84e46f-5381-463a-a710-4fc0a03cc7a2:group-40B857218157:LeaderElection65] INFO  impl.RoleInfo (RoleInfo.java:updateAndGet(143)) - ac84e46f-5381-463a-a710-4fc0a03cc7a2: start LeaderState
2019-09-05 18:06:33,760 [ac84e46f-5381-463a-a710-4fc0a03cc7a2:group-40B857218157:LeaderElection65] INFO  segmented.SegmentedRaftLogWorker (SegmentedRaftLogWorker.java:startLogSegment(380)) - ac84e46f-5381-463a-a710-4fc0a03cc7a2-SegmentedRaftLogWorker:Storage Directory /workdir/hadoop-ozone/integration-test/target/test-dir/MiniOzoneClusterImpl-4222d414-12f0-45c6-b3cb-e3750e5b8e76/datanode-6/data/ratis/516ffdc1-1df0-416b-ad46-40b857218157: Starting segment from index:0
2019-09-05 18:06:33,760 [ac84e46f-5381-463a-a710-4fc0a03cc7a2:group-40B857218157:LeaderElection65] INFO  impl.RaftServerImpl (ServerState.java:setRaftConf(361)) - ac84e46f-5381-463a-a710-4fc0a03cc7a2:group-40B857218157 set configuration 0: [ac84e46f-5381-463a-a710-4fc0a03cc7a2:192.168.36.125:36143], old=null at 0
2019-09-05 18:06:33,801 [Thread-1545] INFO  impl.FollowerState (FollowerState.java:run(106)) - 14bbad99-9b0d-449e-9017-5f9387be6f26:group-88A85F888047 changes to CANDIDATE, lastRpcTime:5184, electionTimeout:5184ms
2019-09-05 18:06:33,802 [Thread-1545] INFO  impl.RoleInfo (RoleInfo.java:shutdownFollowerState(121)) - 14bbad99-9b0d-449e-9017-5f9387be6f26: shutdown FollowerState
2019-09-05 18:06:33,802 [Thread-1545] INFO  impl.RaftServerImpl (RaftServerImpl.java:setRole(171)) - 14bbad99-9b0d-449e-9017-5f9387be6f26:group-88A85F888047 changes role from FOLLOWER to CANDIDATE at term 0 for changeToCandidate
2019-09-05 18:06:33,802 [Thread-1545] INFO  impl.RoleInfo (RoleInfo.java:updateAndGet(143)) - 14bbad99-9b0d-449e-9017-5f9387be6f26: start LeaderElection
2019-09-05 18:06:33,895 [ac84e46f-5381-463a-a710-4fc0a03cc7a2-SegmentedRaftLogWorker:Storage Directory /workdir/hadoop-ozone/integration-test/target/test-dir/MiniOzoneClusterImpl-4222d414-12f0-45c6-b3cb-e3750e5b8e76/datanode-6/data/ratis/516ffdc1-1df0-416b-ad46-40b857218157] INFO  segmented.SegmentedRaftLogWorker (SegmentedRaftLogWorker.java:execute(569)) - ac84e46f-5381-463a-a710-4fc0a03cc7a2-SegmentedRaftLogWorker:Storage Directory /workdir/hadoop-ozone/integration-test/target/test-dir/MiniOzoneClusterImpl-4222d414-12f0-45c6-b3cb-e3750e5b8e76/datanode-6/data/ratis/516ffdc1-1df0-416b-ad46-40b857218157: created new log segment /workdir/hadoop-ozone/integration-test/target/test-dir/MiniOzoneClusterImpl-4222d414-12f0-45c6-b3cb-e3750e5b8e76/datanode-6/data/ratis/516ffdc1-1df0-416b-ad46-40b857218157/current/log_inprogress_0
2019-09-05 18:06:33,895 [14bbad99-9b0d-449e-9017-5f9387be6f26:group-88A85F888047:LeaderElection66] INFO  impl.LeaderElection (LeaderElection.java:askForVotes(181)) - 14bbad99-9b0d-449e-9017-5f9387be6f26:group-88A85F888047:LeaderElection66: begin an election at term 1 for -1: [14bbad99-9b0d-449e-9017-5f9387be6f26:192.168.36.125:46683], old=null
2019-09-05 18:06:33,895 [14bbad99-9b0d-449e-9017-5f9387be6f26:group-88A85F888047:LeaderElection66] INFO  impl.RoleInfo (RoleInfo.java:shutdownLeaderElection(134)) - 14bbad99-9b0d-449e-9017-5f9387be6f26: shutdown LeaderElection
2019-09-05 18:06:33,895 [14bbad99-9b0d-449e-9017-5f9387be6f26:group-88A85F888047:LeaderElection66] INFO  impl.RaftServerImpl (RaftServerImpl.java:setRole(171)) - 14bbad99-9b0d-449e-9017-5f9387be6f26:group-88A85F888047 changes role from CANDIDATE to LEADER at term 1 for changeToLeader
2019-09-05 18:06:33,895 [14bbad99-9b0d-449e-9017-5f9387be6f26:group-88A85F888047:LeaderElection66] INFO  impl.RaftServerImpl (ServerState.java:setLeader(263)) - 14bbad99-9b0d-449e-9017-5f9387be6f26:group-88A85F888047 change Leader from null to 14bbad99-9b0d-449e-9017-5f9387be6f26 at term 1 for becomeLeader, leader elected after 5282ms
2019-09-05 18:06:33,896 [14bbad99-9b0d-449e-9017-5f9387be6f26:group-88A85F888047:LeaderElection66] INFO  server.RaftServerConfigKeys (ConfUtils.java:logGet(43)) - raft.server.staging.catchup.gap = 1000 (default)
2019-09-05 18:06:33,896 [14bbad99-9b0d-449e-9017-5f9387be6f26:group-88A85F888047:LeaderElection66] INFO  server.RaftServerConfigKeys (ConfUtils.java:logGet(43)) - raft.server.rpc.sleep.time = 25ms (default)
2019-09-05 18:06:33,896 [14bbad99-9b0d-449e-9017-5f9387be6f26:group-88A85F888047:LeaderElection66] INFO  server.RaftServerConfigKeys (ConfUtils.java:logGet(43)) - raft.server.write.element-limit = 4096 (default)
2019-09-05 18:06:33,896 [14bbad99-9b0d-449e-9017-5f9387be6f26:group-88A85F888047:LeaderElection66] INFO  server.RaftServerConfigKeys (ConfUtils.java:logGet(43)) - raft.server.watch.timeout = 10s (default)
2019-09-05 18:06:33,896 [14bbad99-9b0d-449e-9017-5f9387be6f26:group-88A85F888047:LeaderElection66] INFO  server.RaftServerConfigKeys (ConfUtils.java:logGet(43)) - raft.server.watch.timeout.denomination = 1s (default)
2019-09-05 18:06:33,896 [14bbad99-9b0d-449e-9017-5f9387be6f26:group-88A85F888047:LeaderElection66] INFO  server.RaftServerConfigKeys (ConfUtils.java:logGet(43)) - raft.server.watch.element-limit = 65536 (default)
2019-09-05 18:06:33,897 [14bbad99-9b0d-449e-9017-5f9387be6f26:group-88A85F888047:LeaderElection66] INFO  impl.RoleInfo (RoleInfo.java:updateAndGet(143)) - 14bbad99-9b0d-449e-9017-5f9387be6f26: start LeaderState
2019-09-05 18:06:33,897 [14bbad99-9b0d-449e-9017-5f9387be6f26:group-88A85F888047:LeaderElection66] INFO  segmented.SegmentedRaftLogWorker (SegmentedRaftLogWorker.java:startLogSegment(380)) - 14bbad99-9b0d-449e-9017-5f9387be6f26-SegmentedRaftLogWorker:Storage Directory /workdir/hadoop-ozone/integration-test/target/test-dir/MiniOzoneClusterImpl-4222d414-12f0-45c6-b3cb-e3750e5b8e76/datanode-2/data/ratis/9498901c-c2f4-44ba-920f-88a85f888047: Starting segment from index:0
2019-09-05 18:06:33,898 [14bbad99-9b0d-449e-9017-5f9387be6f26:group-88A85F888047:LeaderElection66] INFO  impl.RaftServerImpl (ServerState.java:setRaftConf(361)) - 14bbad99-9b0d-449e-9017-5f9387be6f26:group-88A85F888047 set configuration 0: [14bbad99-9b0d-449e-9017-5f9387be6f26:192.168.36.125:46683], old=null at 0
2019-09-05 18:06:33,941 [Thread-1555] INFO  impl.FollowerState (FollowerState.java:run(106)) - 5b5586d4-1754-4c06-a799-ffbe50909082:group-8CE3A0CF6A36 changes to CANDIDATE, lastRpcTime:5001, electionTimeout:5001ms
2019-09-05 18:06:33,941 [Thread-1555] INFO  impl.RoleInfo (RoleInfo.java:shutdownFollowerState(121)) - 5b5586d4-1754-4c06-a799-ffbe50909082: shutdown FollowerState
2019-09-05 18:06:33,941 [Thread-1555] INFO  impl.RaftServerImpl (RaftServerImpl.java:setRole(171)) - 5b5586d4-1754-4c06-a799-ffbe50909082:group-8CE3A0CF6A36 changes role from FOLLOWER to CANDIDATE at term 0 for changeToCandidate
2019-09-05 18:06:33,941 [Thread-1555] INFO  impl.RoleInfo (RoleInfo.java:updateAndGet(143)) - 5b5586d4-1754-4c06-a799-ffbe50909082: start LeaderElection
2019-09-05 18:06:34,101 [Thread-1551] INFO  impl.FollowerState (FollowerState.java:run(106)) - 82c9eab4-587c-49a4-bcc0-a3202632cc07:group-8CE3A0CF6A36 changes to CANDIDATE, lastRpcTime:5165, electionTimeout:5165ms
2019-09-05 18:06:34,101 [Thread-1551] INFO  impl.RoleInfo (RoleInfo.java:shutdownFollowerState(121)) - 82c9eab4-587c-49a4-bcc0-a3202632cc07: shutdown FollowerState
2019-09-05 18:06:34,101 [Thread-1551] INFO  impl.RaftServerImpl (RaftServerImpl.java:setRole(171)) - 82c9eab4-587c-49a4-bcc0-a3202632cc07:group-8CE3A0CF6A36 changes role from FOLLOWER to CANDIDATE at term 0 for changeToCandidate
2019-09-05 18:06:34,101 [Thread-1551] INFO  impl.RoleInfo (RoleInfo.java:updateAndGet(143)) - 82c9eab4-587c-49a4-bcc0-a3202632cc07: start LeaderElection
2019-09-05 18:06:34,111 [Thread-1556] INFO  impl.FollowerState (FollowerState.java:run(106)) - d247bb88-96d6-4a5e-a7ac-1fab2e0c2a64:group-8CE3A0CF6A36 changes to CANDIDATE, lastRpcTime:5171, electionTimeout:5171ms
2019-09-05 18:06:34,112 [Thread-1556] INFO  impl.RoleInfo (RoleInfo.java:shutdownFollowerState(121)) - d247bb88-96d6-4a5e-a7ac-1fab2e0c2a64: shutdown FollowerState
2019-09-05 18:06:34,112 [Thread-1556] INFO  impl.RaftServerImpl (RaftServerImpl.java:setRole(171)) - d247bb88-96d6-4a5e-a7ac-1fab2e0c2a64:group-8CE3A0CF6A36 changes role from FOLLOWER to CANDIDATE at term 0 for changeToCandidate
2019-09-05 18:06:34,112 [Thread-1556] INFO  impl.RoleInfo (RoleInfo.java:updateAndGet(143)) - d247bb88-96d6-4a5e-a7ac-1fab2e0c2a64: start LeaderElection
2019-09-05 18:06:34,161 [14bbad99-9b0d-449e-9017-5f9387be6f26-SegmentedRaftLogWorker:Storage Directory /workdir/hadoop-ozone/integration-test/target/test-dir/MiniOzoneClusterImpl-4222d414-12f0-45c6-b3cb-e3750e5b8e76/datanode-2/data/ratis/9498901c-c2f4-44ba-920f-88a85f888047] INFO  segmented.SegmentedRaftLogWorker (SegmentedRaftLogWorker.java:execute(569)) - 14bbad99-9b0d-449e-9017-5f9387be6f26-SegmentedRaftLogWorker:Storage Directory /workdir/hadoop-ozone/integration-test/target/test-dir/MiniOzoneClusterImpl-4222d414-12f0-45c6-b3cb-e3750e5b8e76/datanode-2/data/ratis/9498901c-c2f4-44ba-920f-88a85f888047: created new log segment /workdir/hadoop-ozone/integration-test/target/test-dir/MiniOzoneClusterImpl-4222d414-12f0-45c6-b3cb-e3750e5b8e76/datanode-2/data/ratis/9498901c-c2f4-44ba-920f-88a85f888047/current/log_inprogress_0
2019-09-05 18:06:34,161 [82c9eab4-587c-49a4-bcc0-a3202632cc07:group-8CE3A0CF6A36:LeaderElection68] INFO  impl.LeaderElection (LeaderElection.java:askForVotes(181)) - 82c9eab4-587c-49a4-bcc0-a3202632cc07:group-8CE3A0CF6A36:LeaderElection68: begin an election at term 1 for -1: [82c9eab4-587c-49a4-bcc0-a3202632cc07:192.168.36.125:39804, d247bb88-96d6-4a5e-a7ac-1fab2e0c2a64:192.168.36.125:43009, 5b5586d4-1754-4c06-a799-ffbe50909082:192.168.36.125:42287], old=null
2019-09-05 18:06:34,161 [5b5586d4-1754-4c06-a799-ffbe50909082:group-8CE3A0CF6A36:LeaderElection67] INFO  impl.LeaderElection (LeaderElection.java:askForVotes(181)) - 5b5586d4-1754-4c06-a799-ffbe50909082:group-8CE3A0CF6A36:LeaderElection67: begin an election at term 1 for -1: [82c9eab4-587c-49a4-bcc0-a3202632cc07:192.168.36.125:39804, d247bb88-96d6-4a5e-a7ac-1fab2e0c2a64:192.168.36.125:43009, 5b5586d4-1754-4c06-a799-ffbe50909082:192.168.36.125:42287], old=null
2019-09-05 18:06:34,161 [d247bb88-96d6-4a5e-a7ac-1fab2e0c2a64:group-8CE3A0CF6A36:LeaderElection69] INFO  impl.LeaderElection (LeaderElection.java:askForVotes(181)) - d247bb88-96d6-4a5e-a7ac-1fab2e0c2a64:group-8CE3A0CF6A36:LeaderElection69: begin an election at term 1 for -1: [82c9eab4-587c-49a4-bcc0-a3202632cc07:192.168.36.125:39804, d247bb88-96d6-4a5e-a7ac-1fab2e0c2a64:192.168.36.125:43009, 5b5586d4-1754-4c06-a799-ffbe50909082:192.168.36.125:42287], old=null
2019-09-05 18:06:34,174 [82c9eab4-587c-49a4-bcc0-a3202632cc07:group-8CE3A0CF6A36:LeaderElection68] INFO  impl.LeaderElection (LeaderElection.java:logAndReturn(56)) - 82c9eab4-587c-49a4-bcc0-a3202632cc07:group-8CE3A0CF6A36:LeaderElection68: Election REJECTED; received 2 response(s) [82c9eab4-587c-49a4-bcc0-a3202632cc07<-d247bb88-96d6-4a5e-a7ac-1fab2e0c2a64#0:FAIL-t1, 82c9eab4-587c-49a4-bcc0-a3202632cc07<-5b5586d4-1754-4c06-a799-ffbe50909082#0:FAIL-t1] and 0 exception(s); 82c9eab4-587c-49a4-bcc0-a3202632cc07:t1, leader=null, voted=82c9eab4-587c-49a4-bcc0-a3202632cc07, raftlog=82c9eab4-587c-49a4-bcc0-a3202632cc07-SegmentedRaftLog:OPENED:c-1,f-1,i0, conf=-1: [82c9eab4-587c-49a4-bcc0-a3202632cc07:192.168.36.125:39804, d247bb88-96d6-4a5e-a7ac-1fab2e0c2a64:192.168.36.125:43009, 5b5586d4-1754-4c06-a799-ffbe50909082:192.168.36.125:42287], old=null
2019-09-05 18:06:34,174 [82c9eab4-587c-49a4-bcc0-a3202632cc07:group-8CE3A0CF6A36:LeaderElection68] INFO  impl.RaftServerImpl (RaftServerImpl.java:setRole(171)) - 82c9eab4-587c-49a4-bcc0-a3202632cc07:group-8CE3A0CF6A36 changes role from CANDIDATE to FOLLOWER at term 1 for DISCOVERED_A_NEW_TERM
2019-09-05 18:06:34,174 [82c9eab4-587c-49a4-bcc0-a3202632cc07:group-8CE3A0CF6A36:LeaderElection68] INFO  impl.RoleInfo (RoleInfo.java:shutdownLeaderElection(134)) - 82c9eab4-587c-49a4-bcc0-a3202632cc07: shutdown LeaderElection
2019-09-05 18:06:34,174 [82c9eab4-587c-49a4-bcc0-a3202632cc07:group-8CE3A0CF6A36:LeaderElection68] INFO  impl.RoleInfo (RoleInfo.java:updateAndGet(143)) - 82c9eab4-587c-49a4-bcc0-a3202632cc07: start FollowerState
2019-09-05 18:06:34,174 [d247bb88-96d6-4a5e-a7ac-1fab2e0c2a64:group-8CE3A0CF6A36:LeaderElection69] INFO  impl.LeaderElection (LeaderElection.java:logAndReturn(56)) - d247bb88-96d6-4a5e-a7ac-1fab2e0c2a64:group-8CE3A0CF6A36:LeaderElection69: Election REJECTED; received 2 response(s) [d247bb88-96d6-4a5e-a7ac-1fab2e0c2a64<-82c9eab4-587c-49a4-bcc0-a3202632cc07#0:FAIL-t1, d247bb88-96d6-4a5e-a7ac-1fab2e0c2a64<-5b5586d4-1754-4c06-a799-ffbe50909082#0:FAIL-t1] and 0 exception(s); d247bb88-96d6-4a5e-a7ac-1fab2e0c2a64:t1, leader=null, voted=d247bb88-96d6-4a5e-a7ac-1fab2e0c2a64, raftlog=d247bb88-96d6-4a5e-a7ac-1fab2e0c2a64-SegmentedRaftLog:OPENED:c-1,f-1,i0, conf=-1: [82c9eab4-587c-49a4-bcc0-a3202632cc07:192.168.36.125:39804, d247bb88-96d6-4a5e-a7ac-1fab2e0c2a64:192.168.36.125:43009, 5b5586d4-1754-4c06-a799-ffbe50909082:192.168.36.125:42287], old=null
2019-09-05 18:06:34,174 [5b5586d4-1754-4c06-a799-ffbe50909082:group-8CE3A0CF6A36:LeaderElection67] INFO  impl.LeaderElection (LeaderElection.java:logAndReturn(56)) - 5b5586d4-1754-4c06-a799-ffbe50909082:group-8CE3A0CF6A36:LeaderElection67: Election REJECTED; received 2 response(s) [5b5586d4-1754-4c06-a799-ffbe50909082<-82c9eab4-587c-49a4-bcc0-a3202632cc07#0:FAIL-t1, 5b5586d4-1754-4c06-a799-ffbe50909082<-d247bb88-96d6-4a5e-a7ac-1fab2e0c2a64#0:FAIL-t1] and 0 exception(s); 5b5586d4-1754-4c06-a799-ffbe50909082:t1, leader=null, voted=5b5586d4-1754-4c06-a799-ffbe50909082, raftlog=5b5586d4-1754-4c06-a799-ffbe50909082-SegmentedRaftLog:OPENED:c-1,f-1,i0, conf=-1: [82c9eab4-587c-49a4-bcc0-a3202632cc07:192.168.36.125:39804, d247bb88-96d6-4a5e-a7ac-1fab2e0c2a64:192.168.36.125:43009, 5b5586d4-1754-4c06-a799-ffbe50909082:192.168.36.125:42287], old=null
2019-09-05 18:06:34,175 [d247bb88-96d6-4a5e-a7ac-1fab2e0c2a64:group-8CE3A0CF6A36:LeaderElection69] INFO  impl.RaftServerImpl (RaftServerImpl.java:setRole(171)) - d247bb88-96d6-4a5e-a7ac-1fab2e0c2a64:group-8CE3A0CF6A36 changes role from CANDIDATE to FOLLOWER at term 1 for DISCOVERED_A_NEW_TERM
2019-09-05 18:06:34,175 [5b5586d4-1754-4c06-a799-ffbe50909082:group-8CE3A0CF6A36:LeaderElection67] INFO  impl.RaftServerImpl (RaftServerImpl.java:setRole(171)) - 5b5586d4-1754-4c06-a799-ffbe50909082:group-8CE3A0CF6A36 changes role from CANDIDATE to FOLLOWER at term 1 for DISCOVERED_A_NEW_TERM
2019-09-05 18:06:34,175 [d247bb88-96d6-4a5e-a7ac-1fab2e0c2a64:group-8CE3A0CF6A36:LeaderElection69] INFO  impl.RoleInfo (RoleInfo.java:shutdownLeaderElection(134)) - d247bb88-96d6-4a5e-a7ac-1fab2e0c2a64: shutdown LeaderElection
2019-09-05 18:06:34,175 [5b5586d4-1754-4c06-a799-ffbe50909082:group-8CE3A0CF6A36:LeaderElection67] INFO  impl.RoleInfo (RoleInfo.java:shutdownLeaderElection(134)) - 5b5586d4-1754-4c06-a799-ffbe50909082: shutdown LeaderElection
2019-09-05 18:06:34,176 [d247bb88-96d6-4a5e-a7ac-1fab2e0c2a64:group-8CE3A0CF6A36:LeaderElection69] INFO  impl.RoleInfo (RoleInfo.java:updateAndGet(143)) - d247bb88-96d6-4a5e-a7ac-1fab2e0c2a64: start FollowerState
2019-09-05 18:06:34,176 [5b5586d4-1754-4c06-a799-ffbe50909082:group-8CE3A0CF6A36:LeaderElection67] INFO  impl.RoleInfo (RoleInfo.java:updateAndGet(143)) - 5b5586d4-1754-4c06-a799-ffbe50909082: start FollowerState
2019-09-05 18:06:34,197 [Thread-1560] INFO  impl.FollowerState (FollowerState.java:run(106)) - f3556df8-41d3-44b1-b03f-0634968a3dc4:group-ECCECAD03C26 changes to CANDIDATE, lastRpcTime:5052, electionTimeout:5052ms
2019-09-05 18:06:34,198 [Thread-1560] INFO  impl.RoleInfo (RoleInfo.java:shutdownFollowerState(121)) - f3556df8-41d3-44b1-b03f-0634968a3dc4: shutdown FollowerState
2019-09-05 18:06:34,198 [Thread-1560] INFO  impl.RaftServerImpl (RaftServerImpl.java:setRole(171)) - f3556df8-41d3-44b1-b03f-0634968a3dc4:group-ECCECAD03C26 changes role from FOLLOWER to CANDIDATE at term 0 for changeToCandidate
2019-09-05 18:06:34,198 [Thread-1560] INFO  impl.RoleInfo (RoleInfo.java:updateAndGet(143)) - f3556df8-41d3-44b1-b03f-0634968a3dc4: start LeaderElection
2019-09-05 18:06:34,258 [Thread-1566] INFO  impl.FollowerState (FollowerState.java:run(106)) - 5da4a757-cb0e-4824-a86b-7129238f121d:group-ECCECAD03C26 changes to CANDIDATE, lastRpcTime:5110, electionTimeout:5110ms
2019-09-05 18:06:34,258 [Thread-1566] INFO  impl.RoleInfo (RoleInfo.java:shutdownFollowerState(121)) - 5da4a757-cb0e-4824-a86b-7129238f121d: shutdown FollowerState
2019-09-05 18:06:34,258 [Thread-1566] INFO  impl.RaftServerImpl (RaftServerImpl.java:setRole(171)) - 5da4a757-cb0e-4824-a86b-7129238f121d:group-ECCECAD03C26 changes role from FOLLOWER to CANDIDATE at term 0 for changeToCandidate
2019-09-05 18:06:34,259 [Thread-1566] INFO  impl.RoleInfo (RoleInfo.java:updateAndGet(143)) - 5da4a757-cb0e-4824-a86b-7129238f121d: start LeaderElection
2019-09-05 18:06:34,287 [f3556df8-41d3-44b1-b03f-0634968a3dc4:group-ECCECAD03C26:LeaderElection70] INFO  impl.LeaderElection (LeaderElection.java:askForVotes(181)) - f3556df8-41d3-44b1-b03f-0634968a3dc4:group-ECCECAD03C26:LeaderElection70: begin an election at term 1 for -1: [14bbad99-9b0d-449e-9017-5f9387be6f26:192.168.36.125:46683, f3556df8-41d3-44b1-b03f-0634968a3dc4:192.168.36.125:43201, 5da4a757-cb0e-4824-a86b-7129238f121d:192.168.36.125:37120], old=null
2019-09-05 18:06:34,287 [5da4a757-cb0e-4824-a86b-7129238f121d:group-ECCECAD03C26:LeaderElection71] INFO  impl.LeaderElection (LeaderElection.java:askForVotes(181)) - 5da4a757-cb0e-4824-a86b-7129238f121d:group-ECCECAD03C26:LeaderElection71: begin an election at term 1 for -1: [14bbad99-9b0d-449e-9017-5f9387be6f26:192.168.36.125:46683, f3556df8-41d3-44b1-b03f-0634968a3dc4:192.168.36.125:43201, 5da4a757-cb0e-4824-a86b-7129238f121d:192.168.36.125:37120], old=null
2019-09-05 18:06:34,296 [grpc-default-executor-3] INFO  impl.RaftServerImpl (RaftServerImpl.java:setRole(171)) - 14bbad99-9b0d-449e-9017-5f9387be6f26:group-ECCECAD03C26 changes role from FOLLOWER to FOLLOWER at term 1 for recognizeCandidate:f3556df8-41d3-44b1-b03f-0634968a3dc4
2019-09-05 18:06:34,296 [grpc-default-executor-3] INFO  impl.RoleInfo (RoleInfo.java:shutdownFollowerState(121)) - 14bbad99-9b0d-449e-9017-5f9387be6f26: shutdown FollowerState
2019-09-05 18:06:34,298 [grpc-default-executor-3] INFO  impl.RoleInfo (RoleInfo.java:updateAndGet(143)) - 14bbad99-9b0d-449e-9017-5f9387be6f26: start FollowerState
2019-09-05 18:06:34,298 [Thread-1562] INFO  impl.FollowerState (FollowerState.java:run(114)) - 14bbad99-9b0d-449e-9017-5f9387be6f26: FollowerState was interrupted: java.lang.InterruptedException: sleep interrupted
2019-09-05 18:06:34,306 [grpc-default-executor-2] INFO  client.GrpcClientProtocolClient (GrpcClientProtocolClient.java:onNext(255)) - client-B79BA30C2E5A->5b5586d4-1754-4c06-a799-ffbe50909082: receive RaftClientReply:client-B79BA30C2E5A->5b5586d4-1754-4c06-a799-ffbe50909082@group-8CE3A0CF6A36, cid=66, FAILED org.apache.ratis.protocol.NotLeaderException: Server 5b5586d4-1754-4c06-a799-ffbe50909082 is not the leader (null). Request must be sent to leader., logIndex=0, commits[5b5586d4-1754-4c06-a799-ffbe50909082:c-1]
2019-09-05 18:06:34,372 [f3556df8-41d3-44b1-b03f-0634968a3dc4:group-ECCECAD03C26:LeaderElection70] INFO  impl.LeaderElection (LeaderElection.java:logAndReturn(56)) - f3556df8-41d3-44b1-b03f-0634968a3dc4:group-ECCECAD03C26:LeaderElection70: Election PASSED; received 2 response(s) [f3556df8-41d3-44b1-b03f-0634968a3dc4<-14bbad99-9b0d-449e-9017-5f9387be6f26#0:OK-t1, f3556df8-41d3-44b1-b03f-0634968a3dc4<-5da4a757-cb0e-4824-a86b-7129238f121d#0:FAIL-t1] and 0 exception(s); f3556df8-41d3-44b1-b03f-0634968a3dc4:t1, leader=null, voted=f3556df8-41d3-44b1-b03f-0634968a3dc4, raftlog=f3556df8-41d3-44b1-b03f-0634968a3dc4-SegmentedRaftLog:OPENED:c-1,f-1,i0, conf=-1: [14bbad99-9b0d-449e-9017-5f9387be6f26:192.168.36.125:46683, f3556df8-41d3-44b1-b03f-0634968a3dc4:192.168.36.125:43201, 5da4a757-cb0e-4824-a86b-7129238f121d:192.168.36.125:37120], old=null
2019-09-05 18:06:34,372 [5da4a757-cb0e-4824-a86b-7129238f121d:group-ECCECAD03C26:LeaderElection71] INFO  impl.LeaderElection (LeaderElection.java:logAndReturn(56)) - 5da4a757-cb0e-4824-a86b-7129238f121d:group-ECCECAD03C26:LeaderElection71: Election REJECTED; received 2 response(s) [5da4a757-cb0e-4824-a86b-7129238f121d<-14bbad99-9b0d-449e-9017-5f9387be6f26#0:FAIL-t1, 5da4a757-cb0e-4824-a86b-7129238f121d<-f3556df8-41d3-44b1-b03f-0634968a3dc4#0:FAIL-t1] and 0 exception(s); 5da4a757-cb0e-4824-a86b-7129238f121d:t1, leader=null, voted=5da4a757-cb0e-4824-a86b-7129238f121d, raftlog=5da4a757-cb0e-4824-a86b-7129238f121d-SegmentedRaftLog:OPENED:c-1,f-1,i0, conf=-1: [14bbad99-9b0d-449e-9017-5f9387be6f26:192.168.36.125:46683, f3556df8-41d3-44b1-b03f-0634968a3dc4:192.168.36.125:43201, 5da4a757-cb0e-4824-a86b-7129238f121d:192.168.36.125:37120], old=null
2019-09-05 18:06:34,373 [f3556df8-41d3-44b1-b03f-0634968a3dc4:group-ECCECAD03C26:LeaderElection70] INFO  impl.RoleInfo (RoleInfo.java:shutdownLeaderElection(134)) - f3556df8-41d3-44b1-b03f-0634968a3dc4: shutdown LeaderElection
2019-09-05 18:06:34,373 [5da4a757-cb0e-4824-a86b-7129238f121d:group-ECCECAD03C26:LeaderElection71] INFO  impl.RaftServerImpl (RaftServerImpl.java:setRole(171)) - 5da4a757-cb0e-4824-a86b-7129238f121d:group-ECCECAD03C26 changes role from CANDIDATE to FOLLOWER at term 1 for DISCOVERED_A_NEW_TERM
2019-09-05 18:06:34,373 [f3556df8-41d3-44b1-b03f-0634968a3dc4:group-ECCECAD03C26:LeaderElection70] INFO  impl.RaftServerImpl (RaftServerImpl.java:setRole(171)) - f3556df8-41d3-44b1-b03f-0634968a3dc4:group-ECCECAD03C26 changes role from CANDIDATE to LEADER at term 1 for changeToLeader
2019-09-05 18:06:34,373 [5da4a757-cb0e-4824-a86b-7129238f121d:group-ECCECAD03C26:LeaderElection71] INFO  impl.RoleInfo (RoleInfo.java:shutdownLeaderElection(134)) - 5da4a757-cb0e-4824-a86b-7129238f121d: shutdown LeaderElection
2019-09-05 18:06:34,373 [f3556df8-41d3-44b1-b03f-0634968a3dc4:group-ECCECAD03C26:LeaderElection70] INFO  impl.RaftServerImpl (ServerState.java:setLeader(263)) - f3556df8-41d3-44b1-b03f-0634968a3dc4:group-ECCECAD03C26 change Leader from null to f3556df8-41d3-44b1-b03f-0634968a3dc4 at term 1 for becomeLeader, leader elected after 5237ms
2019-09-05 18:06:34,374 [5da4a757-cb0e-4824-a86b-7129238f121d:group-ECCECAD03C26:LeaderElection71] INFO  impl.RoleInfo (RoleInfo.java:updateAndGet(143)) - 5da4a757-cb0e-4824-a86b-7129238f121d: start FollowerState
2019-09-05 18:06:34,374 [f3556df8-41d3-44b1-b03f-0634968a3dc4:group-ECCECAD03C26:LeaderElection70] INFO  server.RaftServerConfigKeys (ConfUtils.java:logGet(43)) - raft.server.staging.catchup.gap = 1000 (default)
2019-09-05 18:06:34,374 [f3556df8-41d3-44b1-b03f-0634968a3dc4:group-ECCECAD03C26:LeaderElection70] INFO  server.RaftServerConfigKeys (ConfUtils.java:logGet(43)) - raft.server.rpc.sleep.time = 25ms (default)
2019-09-05 18:06:34,374 [f3556df8-41d3-44b1-b03f-0634968a3dc4:group-ECCECAD03C26:LeaderElection70] INFO  server.RaftServerConfigKeys (ConfUtils.java:logGet(43)) - raft.server.write.element-limit = 4096 (default)
2019-09-05 18:06:34,375 [f3556df8-41d3-44b1-b03f-0634968a3dc4:group-ECCECAD03C26:LeaderElection70] INFO  server.RaftServerConfigKeys (ConfUtils.java:logGet(43)) - raft.server.watch.timeout = 10s (default)
2019-09-05 18:06:34,375 [f3556df8-41d3-44b1-b03f-0634968a3dc4:group-ECCECAD03C26:LeaderElection70] INFO  server.RaftServerConfigKeys (ConfUtils.java:logGet(43)) - raft.server.watch.timeout.denomination = 1s (default)
2019-09-05 18:06:34,375 [f3556df8-41d3-44b1-b03f-0634968a3dc4:group-ECCECAD03C26:LeaderElection70] INFO  server.RaftServerConfigKeys (ConfUtils.java:logGet(43)) - raft.server.watch.element-limit = 65536 (default)
2019-09-05 18:06:34,375 [f3556df8-41d3-44b1-b03f-0634968a3dc4:group-ECCECAD03C26:LeaderElection70] INFO  server.RaftServerConfigKeys (ConfUtils.java:logGet(43)) - raft.server.log.appender.snapshot.chunk.size.max = 16MB (=16777216) (default)
2019-09-05 18:06:34,376 [f3556df8-41d3-44b1-b03f-0634968a3dc4:group-ECCECAD03C26:LeaderElection70] INFO  server.RaftServerConfigKeys (ConfUtils.java:logGet(43)) - raft.server.log.appender.buffer.byte-limit = 33554432 (custom)
2019-09-05 18:06:34,376 [f3556df8-41d3-44b1-b03f-0634968a3dc4:group-ECCECAD03C26:LeaderElection70] INFO  server.RaftServerConfigKeys (ConfUtils.java:logGet(43)) - raft.server.log.appender.buffer.element-limit = 1 (custom)
2019-09-05 18:06:34,376 [f3556df8-41d3-44b1-b03f-0634968a3dc4:group-ECCECAD03C26:LeaderElection70] INFO  grpc.GrpcConfigKeys$Server (ConfUtils.java:logGet(43)) - raft.grpc.server.leader.outstanding.appends.max = 128 (default)
2019-09-05 18:06:34,377 [f3556df8-41d3-44b1-b03f-0634968a3dc4:group-ECCECAD03C26:LeaderElection70] INFO  server.RaftServerConfigKeys (ConfUtils.java:logGet(43)) - raft.server.rpc.request.timeout = 3000ms (default)
2019-09-05 18:06:34,377 [f3556df8-41d3-44b1-b03f-0634968a3dc4:group-ECCECAD03C26:LeaderElection70] INFO  server.RaftServerConfigKeys (ConfUtils.java:logGet(43)) - raft.server.log.appender.install.snapshot.enabled = false (custom)
2019-09-05 18:06:34,377 [f3556df8-41d3-44b1-b03f-0634968a3dc4:group-ECCECAD03C26:LeaderElection70] INFO  server.RaftServerConfigKeys (ConfUtils.java:logGet(43)) - raft.server.log.appender.snapshot.chunk.size.max = 16MB (=16777216) (default)
2019-09-05 18:06:34,377 [f3556df8-41d3-44b1-b03f-0634968a3dc4:group-ECCECAD03C26:LeaderElection70] INFO  server.RaftServerConfigKeys (ConfUtils.java:logGet(43)) - raft.server.log.appender.buffer.byte-limit = 33554432 (custom)
2019-09-05 18:06:34,378 [f3556df8-41d3-44b1-b03f-0634968a3dc4:group-ECCECAD03C26:LeaderElection70] INFO  server.RaftServerConfigKeys (ConfUtils.java:logGet(43)) - raft.server.log.appender.buffer.element-limit = 1 (custom)
2019-09-05 18:06:34,378 [f3556df8-41d3-44b1-b03f-0634968a3dc4:group-ECCECAD03C26:LeaderElection70] INFO  grpc.GrpcConfigKeys$Server (ConfUtils.java:logGet(43)) - raft.grpc.server.leader.outstanding.appends.max = 128 (default)
2019-09-05 18:06:34,378 [f3556df8-41d3-44b1-b03f-0634968a3dc4:group-ECCECAD03C26:LeaderElection70] INFO  server.RaftServerConfigKeys (ConfUtils.java:logGet(43)) - raft.server.rpc.request.timeout = 3000ms (default)
2019-09-05 18:06:34,378 [f3556df8-41d3-44b1-b03f-0634968a3dc4:group-ECCECAD03C26:LeaderElection70] INFO  server.RaftServerConfigKeys (ConfUtils.java:logGet(43)) - raft.server.log.appender.install.snapshot.enabled = false (custom)
2019-09-05 18:06:34,379 [f3556df8-41d3-44b1-b03f-0634968a3dc4:group-ECCECAD03C26:LeaderElection70] INFO  impl.RoleInfo (RoleInfo.java:updateAndGet(143)) - f3556df8-41d3-44b1-b03f-0634968a3dc4: start LeaderState
2019-09-05 18:06:34,379 [f3556df8-41d3-44b1-b03f-0634968a3dc4:group-ECCECAD03C26:LeaderElection70] INFO  segmented.SegmentedRaftLogWorker (SegmentedRaftLogWorker.java:startLogSegment(380)) - f3556df8-41d3-44b1-b03f-0634968a3dc4-SegmentedRaftLogWorker:Storage Directory /workdir/hadoop-ozone/integration-test/target/test-dir/MiniOzoneClusterImpl-4222d414-12f0-45c6-b3cb-e3750e5b8e76/datanode-3/data/ratis/fb058b80-94c8-4170-9773-eccecad03c26: Starting segment from index:0
2019-09-05 18:06:34,380 [f3556df8-41d3-44b1-b03f-0634968a3dc4:group-ECCECAD03C26:LeaderElection70] INFO  impl.RaftServerImpl (ServerState.java:setRaftConf(361)) - f3556df8-41d3-44b1-b03f-0634968a3dc4:group-ECCECAD03C26 set configuration 0: [14bbad99-9b0d-449e-9017-5f9387be6f26:192.168.36.125:46683, f3556df8-41d3-44b1-b03f-0634968a3dc4:192.168.36.125:43201, 5da4a757-cb0e-4824-a86b-7129238f121d:192.168.36.125:37120], old=null at 0
2019-09-05 18:06:34,382 [grpc-default-executor-3] INFO  impl.RaftServerImpl (ServerState.java:setLeader(263)) - 5da4a757-cb0e-4824-a86b-7129238f121d:group-ECCECAD03C26 change Leader from null to f3556df8-41d3-44b1-b03f-0634968a3dc4 at term 1 for appendEntries, leader elected after 5245ms
2019-09-05 18:06:34,382 [grpc-default-executor-1] INFO  impl.RaftServerImpl (ServerState.java:setLeader(263)) - 14bbad99-9b0d-449e-9017-5f9387be6f26:group-ECCECAD03C26 change Leader from null to f3556df8-41d3-44b1-b03f-0634968a3dc4 at term 1 for appendEntries, leader elected after 5245ms
2019-09-05 18:06:34,385 [grpc-default-executor-1] INFO  impl.RaftServerImpl (ServerState.java:setRaftConf(361)) - 5da4a757-cb0e-4824-a86b-7129238f121d:group-ECCECAD03C26 set configuration 0: [14bbad99-9b0d-449e-9017-5f9387be6f26:192.168.36.125:46683, f3556df8-41d3-44b1-b03f-0634968a3dc4:192.168.36.125:43201, 5da4a757-cb0e-4824-a86b-7129238f121d:192.168.36.125:37120], old=null at 0
2019-09-05 18:06:34,385 [grpc-default-executor-3] INFO  impl.RaftServerImpl (ServerState.java:setRaftConf(361)) - 14bbad99-9b0d-449e-9017-5f9387be6f26:group-ECCECAD03C26 set configuration 0: [14bbad99-9b0d-449e-9017-5f9387be6f26:192.168.36.125:46683, f3556df8-41d3-44b1-b03f-0634968a3dc4:192.168.36.125:43201, 5da4a757-cb0e-4824-a86b-7129238f121d:192.168.36.125:37120], old=null at 0
2019-09-05 18:06:34,386 [grpc-default-executor-1] INFO  segmented.SegmentedRaftLogWorker (SegmentedRaftLogWorker.java:startLogSegment(380)) - 5da4a757-cb0e-4824-a86b-7129238f121d-SegmentedRaftLogWorker:Storage Directory /workdir/hadoop-ozone/integration-test/target/test-dir/MiniOzoneClusterImpl-4222d414-12f0-45c6-b3cb-e3750e5b8e76/datanode-0/data/ratis/fb058b80-94c8-4170-9773-eccecad03c26: Starting segment from index:0
2019-09-05 18:06:34,386 [grpc-default-executor-3] INFO  segmented.SegmentedRaftLogWorker (SegmentedRaftLogWorker.java:startLogSegment(380)) - 14bbad99-9b0d-449e-9017-5f9387be6f26-SegmentedRaftLogWorker:Storage Directory /workdir/hadoop-ozone/integration-test/target/test-dir/MiniOzoneClusterImpl-4222d414-12f0-45c6-b3cb-e3750e5b8e76/datanode-2/data/ratis/fb058b80-94c8-4170-9773-eccecad03c26: Starting segment from index:0
2019-09-05 18:06:34,513 [14bbad99-9b0d-449e-9017-5f9387be6f26-SegmentedRaftLogWorker:Storage Directory /workdir/hadoop-ozone/integration-test/target/test-dir/MiniOzoneClusterImpl-4222d414-12f0-45c6-b3cb-e3750e5b8e76/datanode-2/data/ratis/fb058b80-94c8-4170-9773-eccecad03c26] INFO  segmented.SegmentedRaftLogWorker (SegmentedRaftLogWorker.java:execute(569)) - 14bbad99-9b0d-449e-9017-5f9387be6f26-SegmentedRaftLogWorker:Storage Directory /workdir/hadoop-ozone/integration-test/target/test-dir/MiniOzoneClusterImpl-4222d414-12f0-45c6-b3cb-e3750e5b8e76/datanode-2/data/ratis/fb058b80-94c8-4170-9773-eccecad03c26: created new log segment /workdir/hadoop-ozone/integration-test/target/test-dir/MiniOzoneClusterImpl-4222d414-12f0-45c6-b3cb-e3750e5b8e76/datanode-2/data/ratis/fb058b80-94c8-4170-9773-eccecad03c26/current/log_inprogress_0
2019-09-05 18:06:34,513 [f3556df8-41d3-44b1-b03f-0634968a3dc4-SegmentedRaftLogWorker:Storage Directory /workdir/hadoop-ozone/integration-test/target/test-dir/MiniOzoneClusterImpl-4222d414-12f0-45c6-b3cb-e3750e5b8e76/datanode-3/data/ratis/fb058b80-94c8-4170-9773-eccecad03c26] INFO  segmented.SegmentedRaftLogWorker (SegmentedRaftLogWorker.java:execute(569)) - f3556df8-41d3-44b1-b03f-0634968a3dc4-SegmentedRaftLogWorker:Storage Directory /workdir/hadoop-ozone/integration-test/target/test-dir/MiniOzoneClusterImpl-4222d414-12f0-45c6-b3cb-e3750e5b8e76/datanode-3/data/ratis/fb058b80-94c8-4170-9773-eccecad03c26: created new log segment /workdir/hadoop-ozone/integration-test/target/test-dir/MiniOzoneClusterImpl-4222d414-12f0-45c6-b3cb-e3750e5b8e76/datanode-3/data/ratis/fb058b80-94c8-4170-9773-eccecad03c26/current/log_inprogress_0
2019-09-05 18:06:34,513 [5da4a757-cb0e-4824-a86b-7129238f121d-SegmentedRaftLogWorker:Storage Directory /workdir/hadoop-ozone/integration-test/target/test-dir/MiniOzoneClusterImpl-4222d414-12f0-45c6-b3cb-e3750e5b8e76/datanode-0/data/ratis/fb058b80-94c8-4170-9773-eccecad03c26] INFO  segmented.SegmentedRaftLogWorker (SegmentedRaftLogWorker.java:execute(569)) - 5da4a757-cb0e-4824-a86b-7129238f121d-SegmentedRaftLogWorker:Storage Directory /workdir/hadoop-ozone/integration-test/target/test-dir/MiniOzoneClusterImpl-4222d414-12f0-45c6-b3cb-e3750e5b8e76/datanode-0/data/ratis/fb058b80-94c8-4170-9773-eccecad03c26: created new log segment /workdir/hadoop-ozone/integration-test/target/test-dir/MiniOzoneClusterImpl-4222d414-12f0-45c6-b3cb-e3750e5b8e76/datanode-0/data/ratis/fb058b80-94c8-4170-9773-eccecad03c26/current/log_inprogress_0
2019-09-05 18:06:35,320 [grpc-default-executor-1] INFO  client.GrpcClientProtocolClient (GrpcClientProtocolClient.java:onNext(255)) - client-B79BA30C2E5A->d247bb88-96d6-4a5e-a7ac-1fab2e0c2a64: receive RaftClientReply:client-B79BA30C2E5A->d247bb88-96d6-4a5e-a7ac-1fab2e0c2a64@group-8CE3A0CF6A36, cid=66, FAILED org.apache.ratis.protocol.NotLeaderException: Server d247bb88-96d6-4a5e-a7ac-1fab2e0c2a64 is not the leader (null). Request must be sent to leader., logIndex=0, commits[d247bb88-96d6-4a5e-a7ac-1fab2e0c2a64:c-1]
2019-09-05 18:06:36,336 [grpc-default-executor-3] INFO  client.GrpcClientProtocolClient (GrpcClientProtocolClient.java:onNext(255)) - client-B79BA30C2E5A->82c9eab4-587c-49a4-bcc0-a3202632cc07: receive RaftClientReply:client-B79BA30C2E5A->82c9eab4-587c-49a4-bcc0-a3202632cc07@group-8CE3A0CF6A36, cid=66, FAILED org.apache.ratis.protocol.NotLeaderException: Server 82c9eab4-587c-49a4-bcc0-a3202632cc07 is not the leader (null). Request must be sent to leader., logIndex=0, commits[82c9eab4-587c-49a4-bcc0-a3202632cc07:c-1]
2019-09-05 18:06:37,352 [grpc-default-executor-1] INFO  client.GrpcClientProtocolClient (GrpcClientProtocolClient.java:onNext(255)) - client-B79BA30C2E5A->d247bb88-96d6-4a5e-a7ac-1fab2e0c2a64: receive RaftClientReply:client-B79BA30C2E5A->d247bb88-96d6-4a5e-a7ac-1fab2e0c2a64@group-8CE3A0CF6A36, cid=66, FAILED org.apache.ratis.protocol.NotLeaderException: Server d247bb88-96d6-4a5e-a7ac-1fab2e0c2a64 is not the leader (null). Request must be sent to leader., logIndex=0, commits[d247bb88-96d6-4a5e-a7ac-1fab2e0c2a64:c-1]
2019-09-05 18:06:38,370 [grpc-default-executor-1] INFO  client.GrpcClientProtocolClient (GrpcClientProtocolClient.java:onNext(255)) - client-B79BA30C2E5A->82c9eab4-587c-49a4-bcc0-a3202632cc07: receive RaftClientReply:client-B79BA30C2E5A->82c9eab4-587c-49a4-bcc0-a3202632cc07@group-8CE3A0CF6A36, cid=66, FAILED org.apache.ratis.protocol.NotLeaderException: Server 82c9eab4-587c-49a4-bcc0-a3202632cc07 is not the leader (null). Request must be sent to leader., logIndex=0, commits[82c9eab4-587c-49a4-bcc0-a3202632cc07:c-1]
2019-09-05 18:06:39,321 [Thread-1607] INFO  impl.FollowerState (FollowerState.java:run(106)) - 82c9eab4-587c-49a4-bcc0-a3202632cc07:group-8CE3A0CF6A36 changes to CANDIDATE, lastRpcTime:5146, electionTimeout:5146ms
2019-09-05 18:06:39,321 [Thread-1607] INFO  impl.RoleInfo (RoleInfo.java:shutdownFollowerState(121)) - 82c9eab4-587c-49a4-bcc0-a3202632cc07: shutdown FollowerState
2019-09-05 18:06:39,321 [Thread-1607] INFO  impl.RaftServerImpl (RaftServerImpl.java:setRole(171)) - 82c9eab4-587c-49a4-bcc0-a3202632cc07:group-8CE3A0CF6A36 changes role from FOLLOWER to CANDIDATE at term 1 for changeToCandidate
2019-09-05 18:06:39,321 [Thread-1607] INFO  impl.RoleInfo (RoleInfo.java:updateAndGet(143)) - 82c9eab4-587c-49a4-bcc0-a3202632cc07: start LeaderElection
2019-09-05 18:06:39,333 [Thread-1609] INFO  impl.FollowerState (FollowerState.java:run(106)) - 5b5586d4-1754-4c06-a799-ffbe50909082:group-8CE3A0CF6A36 changes to CANDIDATE, lastRpcTime:5156, electionTimeout:5156ms
2019-09-05 18:06:39,333 [Thread-1609] INFO  impl.RoleInfo (RoleInfo.java:shutdownFollowerState(121)) - 5b5586d4-1754-4c06-a799-ffbe50909082: shutdown FollowerState
2019-09-05 18:06:39,333 [Thread-1609] INFO  impl.RaftServerImpl (RaftServerImpl.java:setRole(171)) - 5b5586d4-1754-4c06-a799-ffbe50909082:group-8CE3A0CF6A36 changes role from FOLLOWER to CANDIDATE at term 1 for changeToCandidate
2019-09-05 18:06:39,333 [Thread-1609] INFO  impl.RoleInfo (RoleInfo.java:updateAndGet(143)) - 5b5586d4-1754-4c06-a799-ffbe50909082: start LeaderElection
2019-09-05 18:06:39,371 [Thread-1608] INFO  impl.FollowerState (FollowerState.java:run(106)) - d247bb88-96d6-4a5e-a7ac-1fab2e0c2a64:group-8CE3A0CF6A36 changes to CANDIDATE, lastRpcTime:5195, electionTimeout:5195ms
2019-09-05 18:06:39,371 [Thread-1608] INFO  impl.RoleInfo (RoleInfo.java:shutdownFollowerState(121)) - d247bb88-96d6-4a5e-a7ac-1fab2e0c2a64: shutdown FollowerState
2019-09-05 18:06:39,372 [Thread-1608] INFO  impl.RaftServerImpl (RaftServerImpl.java:setRole(171)) - d247bb88-96d6-4a5e-a7ac-1fab2e0c2a64:group-8CE3A0CF6A36 changes role from FOLLOWER to CANDIDATE at term 1 for changeToCandidate
2019-09-05 18:06:39,372 [Thread-1608] INFO  impl.RoleInfo (RoleInfo.java:updateAndGet(143)) - d247bb88-96d6-4a5e-a7ac-1fab2e0c2a64: start LeaderElection
2019-09-05 18:06:39,386 [grpc-default-executor-3] INFO  client.GrpcClientProtocolClient (GrpcClientProtocolClient.java:onNext(255)) - client-B79BA30C2E5A->d247bb88-96d6-4a5e-a7ac-1fab2e0c2a64: receive RaftClientReply:client-B79BA30C2E5A->d247bb88-96d6-4a5e-a7ac-1fab2e0c2a64@group-8CE3A0CF6A36, cid=66, FAILED org.apache.ratis.protocol.NotLeaderException: Server d247bb88-96d6-4a5e-a7ac-1fab2e0c2a64 is not the leader (null). Request must be sent to leader., logIndex=0, commits[d247bb88-96d6-4a5e-a7ac-1fab2e0c2a64:c-1]
2019-09-05 18:06:39,452 [d247bb88-96d6-4a5e-a7ac-1fab2e0c2a64:group-8CE3A0CF6A36:LeaderElection74] INFO  impl.LeaderElection (LeaderElection.java:askForVotes(181)) - d247bb88-96d6-4a5e-a7ac-1fab2e0c2a64:group-8CE3A0CF6A36:LeaderElection74: begin an election at term 2 for -1: [82c9eab4-587c-49a4-bcc0-a3202632cc07:192.168.36.125:39804, d247bb88-96d6-4a5e-a7ac-1fab2e0c2a64:192.168.36.125:43009, 5b5586d4-1754-4c06-a799-ffbe50909082:192.168.36.125:42287], old=null
2019-09-05 18:06:39,452 [82c9eab4-587c-49a4-bcc0-a3202632cc07:group-8CE3A0CF6A36:LeaderElection72] INFO  impl.LeaderElection (LeaderElection.java:askForVotes(181)) - 82c9eab4-587c-49a4-bcc0-a3202632cc07:group-8CE3A0CF6A36:LeaderElection72: begin an election at term 2 for -1: [82c9eab4-587c-49a4-bcc0-a3202632cc07:192.168.36.125:39804, d247bb88-96d6-4a5e-a7ac-1fab2e0c2a64:192.168.36.125:43009, 5b5586d4-1754-4c06-a799-ffbe50909082:192.168.36.125:42287], old=null
2019-09-05 18:06:39,452 [5b5586d4-1754-4c06-a799-ffbe50909082:group-8CE3A0CF6A36:LeaderElection73] INFO  impl.LeaderElection (LeaderElection.java:askForVotes(181)) - 5b5586d4-1754-4c06-a799-ffbe50909082:group-8CE3A0CF6A36:LeaderElection73: begin an election at term 2 for -1: [82c9eab4-587c-49a4-bcc0-a3202632cc07:192.168.36.125:39804, d247bb88-96d6-4a5e-a7ac-1fab2e0c2a64:192.168.36.125:43009, 5b5586d4-1754-4c06-a799-ffbe50909082:192.168.36.125:42287], old=null
2019-09-05 18:06:39,457 [d247bb88-96d6-4a5e-a7ac-1fab2e0c2a64:group-8CE3A0CF6A36:LeaderElection74] INFO  impl.LeaderElection (LeaderElection.java:logAndReturn(56)) - d247bb88-96d6-4a5e-a7ac-1fab2e0c2a64:group-8CE3A0CF6A36:LeaderElection74: Election REJECTED; received 2 response(s) [d247bb88-96d6-4a5e-a7ac-1fab2e0c2a64<-82c9eab4-587c-49a4-bcc0-a3202632cc07#0:FAIL-t2, d247bb88-96d6-4a5e-a7ac-1fab2e0c2a64<-5b5586d4-1754-4c06-a799-ffbe50909082#0:FAIL-t2] and 0 exception(s); d247bb88-96d6-4a5e-a7ac-1fab2e0c2a64:t2, leader=null, voted=d247bb88-96d6-4a5e-a7ac-1fab2e0c2a64, raftlog=d247bb88-96d6-4a5e-a7ac-1fab2e0c2a64-SegmentedRaftLog:OPENED:c-1,f-1,i0, conf=-1: [82c9eab4-587c-49a4-bcc0-a3202632cc07:192.168.36.125:39804, d247bb88-96d6-4a5e-a7ac-1fab2e0c2a64:192.168.36.125:43009, 5b5586d4-1754-4c06-a799-ffbe50909082:192.168.36.125:42287], old=null
2019-09-05 18:06:39,458 [d247bb88-96d6-4a5e-a7ac-1fab2e0c2a64:group-8CE3A0CF6A36:LeaderElection74] INFO  impl.RaftServerImpl (RaftServerImpl.java:setRole(171)) - d247bb88-96d6-4a5e-a7ac-1fab2e0c2a64:group-8CE3A0CF6A36 changes role from CANDIDATE to FOLLOWER at term 2 for DISCOVERED_A_NEW_TERM
2019-09-05 18:06:39,458 [d247bb88-96d6-4a5e-a7ac-1fab2e0c2a64:group-8CE3A0CF6A36:LeaderElection74] INFO  impl.RoleInfo (RoleInfo.java:shutdownLeaderElection(134)) - d247bb88-96d6-4a5e-a7ac-1fab2e0c2a64: shutdown LeaderElection
2019-09-05 18:06:39,458 [d247bb88-96d6-4a5e-a7ac-1fab2e0c2a64:group-8CE3A0CF6A36:LeaderElection74] INFO  impl.RoleInfo (RoleInfo.java:updateAndGet(143)) - d247bb88-96d6-4a5e-a7ac-1fab2e0c2a64: start FollowerState
2019-09-05 18:06:39,459 [82c9eab4-587c-49a4-bcc0-a3202632cc07:group-8CE3A0CF6A36:LeaderElection72] INFO  impl.LeaderElection (LeaderElection.java:logAndReturn(56)) - 82c9eab4-587c-49a4-bcc0-a3202632cc07:group-8CE3A0CF6A36:LeaderElection72: Election REJECTED; received 2 response(s) [82c9eab4-587c-49a4-bcc0-a3202632cc07<-d247bb88-96d6-4a5e-a7ac-1fab2e0c2a64#0:FAIL-t2, 82c9eab4-587c-49a4-bcc0-a3202632cc07<-5b5586d4-1754-4c06-a799-ffbe50909082#0:FAIL-t2] and 0 exception(s); 82c9eab4-587c-49a4-bcc0-a3202632cc07:t2, leader=null, voted=82c9eab4-587c-49a4-bcc0-a3202632cc07, raftlog=82c9eab4-587c-49a4-bcc0-a3202632cc07-SegmentedRaftLog:OPENED:c-1,f-1,i0, conf=-1: [82c9eab4-587c-49a4-bcc0-a3202632cc07:192.168.36.125:39804, d247bb88-96d6-4a5e-a7ac-1fab2e0c2a64:192.168.36.125:43009, 5b5586d4-1754-4c06-a799-ffbe50909082:192.168.36.125:42287], old=null
2019-09-05 18:06:39,459 [82c9eab4-587c-49a4-bcc0-a3202632cc07:group-8CE3A0CF6A36:LeaderElection72] INFO  impl.RaftServerImpl (RaftServerImpl.java:setRole(171)) - 82c9eab4-587c-49a4-bcc0-a3202632cc07:group-8CE3A0CF6A36 changes role from CANDIDATE to FOLLOWER at term 2 for DISCOVERED_A_NEW_TERM
2019-09-05 18:06:39,459 [82c9eab4-587c-49a4-bcc0-a3202632cc07:group-8CE3A0CF6A36:LeaderElection72] INFO  impl.RoleInfo (RoleInfo.java:shutdownLeaderElection(134)) - 82c9eab4-587c-49a4-bcc0-a3202632cc07: shutdown LeaderElection
2019-09-05 18:06:39,459 [5b5586d4-1754-4c06-a799-ffbe50909082:group-8CE3A0CF6A36:LeaderElection73] INFO  impl.LeaderElection (LeaderElection.java:logAndReturn(56)) - 5b5586d4-1754-4c06-a799-ffbe50909082:group-8CE3A0CF6A36:LeaderElection73: Election REJECTED; received 2 response(s) [5b5586d4-1754-4c06-a799-ffbe50909082<-d247bb88-96d6-4a5e-a7ac-1fab2e0c2a64#0:FAIL-t2, 5b5586d4-1754-4c06-a799-ffbe50909082<-82c9eab4-587c-49a4-bcc0-a3202632cc07#0:FAIL-t2] and 0 exception(s); 5b5586d4-1754-4c06-a799-ffbe50909082:t2, leader=null, voted=5b5586d4-1754-4c06-a799-ffbe50909082, raftlog=5b5586d4-1754-4c06-a799-ffbe50909082-SegmentedRaftLog:OPENED:c-1,f-1,i0, conf=-1: [82c9eab4-587c-49a4-bcc0-a3202632cc07:192.168.36.125:39804, d247bb88-96d6-4a5e-a7ac-1fab2e0c2a64:192.168.36.125:43009, 5b5586d4-1754-4c06-a799-ffbe50909082:192.168.36.125:42287], old=null
2019-09-05 18:06:39,459 [82c9eab4-587c-49a4-bcc0-a3202632cc07:group-8CE3A0CF6A36:LeaderElection72] INFO  impl.RoleInfo (RoleInfo.java:updateAndGet(143)) - 82c9eab4-587c-49a4-bcc0-a3202632cc07: start FollowerState
2019-09-05 18:06:39,460 [5b5586d4-1754-4c06-a799-ffbe50909082:group-8CE3A0CF6A36:LeaderElection73] INFO  impl.RaftServerImpl (RaftServerImpl.java:setRole(171)) - 5b5586d4-1754-4c06-a799-ffbe50909082:group-8CE3A0CF6A36 changes role from CANDIDATE to FOLLOWER at term 2 for DISCOVERED_A_NEW_TERM
2019-09-05 18:06:39,460 [5b5586d4-1754-4c06-a799-ffbe50909082:group-8CE3A0CF6A36:LeaderElection73] INFO  impl.RoleInfo (RoleInfo.java:shutdownLeaderElection(134)) - 5b5586d4-1754-4c06-a799-ffbe50909082: shutdown LeaderElection
2019-09-05 18:06:39,460 [5b5586d4-1754-4c06-a799-ffbe50909082:group-8CE3A0CF6A36:LeaderElection73] INFO  impl.RoleInfo (RoleInfo.java:updateAndGet(143)) - 5b5586d4-1754-4c06-a799-ffbe50909082: start FollowerState
2019-09-05 18:06:40,402 [grpc-default-executor-6] INFO  client.GrpcClientProtocolClient (GrpcClientProtocolClient.java:onNext(255)) - client-B79BA30C2E5A->5b5586d4-1754-4c06-a799-ffbe50909082: receive RaftClientReply:client-B79BA30C2E5A->5b5586d4-1754-4c06-a799-ffbe50909082@group-8CE3A0CF6A36, cid=66, FAILED org.apache.ratis.protocol.NotLeaderException: Server 5b5586d4-1754-4c06-a799-ffbe50909082 is not the leader (null). Request must be sent to leader., logIndex=0, commits[5b5586d4-1754-4c06-a799-ffbe50909082:c-1]
2019-09-05 18:06:41,419 [grpc-default-executor-6] INFO  client.GrpcClientProtocolClient (GrpcClientProtocolClient.java:onNext(255)) - client-B79BA30C2E5A->d247bb88-96d6-4a5e-a7ac-1fab2e0c2a64: receive RaftClientReply:client-B79BA30C2E5A->d247bb88-96d6-4a5e-a7ac-1fab2e0c2a64@group-8CE3A0CF6A36, cid=66, FAILED org.apache.ratis.protocol.NotLeaderException: Server d247bb88-96d6-4a5e-a7ac-1fab2e0c2a64 is not the leader (null). Request must be sent to leader., logIndex=0, commits[d247bb88-96d6-4a5e-a7ac-1fab2e0c2a64:c-1]
2019-09-05 18:06:42,435 [grpc-default-executor-2] INFO  client.GrpcClientProtocolClient (GrpcClientProtocolClient.java:onNext(255)) - client-B79BA30C2E5A->82c9eab4-587c-49a4-bcc0-a3202632cc07: receive RaftClientReply:client-B79BA30C2E5A->82c9eab4-587c-49a4-bcc0-a3202632cc07@group-8CE3A0CF6A36, cid=66, FAILED org.apache.ratis.protocol.NotLeaderException: Server 82c9eab4-587c-49a4-bcc0-a3202632cc07 is not the leader (null). Request must be sent to leader., logIndex=0, commits[82c9eab4-587c-49a4-bcc0-a3202632cc07:c-1]
2019-09-05 18:06:43,452 [grpc-default-executor-2] INFO  client.GrpcClientProtocolClient (GrpcClientProtocolClient.java:onNext(255)) - client-B79BA30C2E5A->5b5586d4-1754-4c06-a799-ffbe50909082: receive RaftClientReply:client-B79BA30C2E5A->5b5586d4-1754-4c06-a799-ffbe50909082@group-8CE3A0CF6A36, cid=66, FAILED org.apache.ratis.protocol.NotLeaderException: Server 5b5586d4-1754-4c06-a799-ffbe50909082 is not the leader (null). Request must be sent to leader., logIndex=0, commits[5b5586d4-1754-4c06-a799-ffbe50909082:c-1]
2019-09-05 18:06:44,467 [grpc-default-executor-2] INFO  client.GrpcClientProtocolClient (GrpcClientProtocolClient.java:onNext(255)) - client-B79BA30C2E5A->d247bb88-96d6-4a5e-a7ac-1fab2e0c2a64: receive RaftClientReply:client-B79BA30C2E5A->d247bb88-96d6-4a5e-a7ac-1fab2e0c2a64@group-8CE3A0CF6A36, cid=66, FAILED org.apache.ratis.protocol.NotLeaderException: Server d247bb88-96d6-4a5e-a7ac-1fab2e0c2a64 is not the leader (null). Request must be sent to leader., logIndex=0, commits[d247bb88-96d6-4a5e-a7ac-1fab2e0c2a64:c-1]
2019-09-05 18:06:44,489 [Thread-1658] INFO  impl.FollowerState (FollowerState.java:run(106)) - 5b5586d4-1754-4c06-a799-ffbe50909082:group-8CE3A0CF6A36 changes to CANDIDATE, lastRpcTime:5028, electionTimeout:5028ms
2019-09-05 18:06:44,489 [Thread-1658] INFO  impl.RoleInfo (RoleInfo.java:shutdownFollowerState(121)) - 5b5586d4-1754-4c06-a799-ffbe50909082: shutdown FollowerState
2019-09-05 18:06:44,489 [Thread-1658] INFO  impl.RaftServerImpl (RaftServerImpl.java:setRole(171)) - 5b5586d4-1754-4c06-a799-ffbe50909082:group-8CE3A0CF6A36 changes role from FOLLOWER to CANDIDATE at term 2 for changeToCandidate
2019-09-05 18:06:44,489 [Thread-1658] INFO  impl.RoleInfo (RoleInfo.java:updateAndGet(143)) - 5b5586d4-1754-4c06-a799-ffbe50909082: start LeaderElection
2019-09-05 18:06:44,495 [Thread-1656] INFO  impl.FollowerState (FollowerState.java:run(106)) - d247bb88-96d6-4a5e-a7ac-1fab2e0c2a64:group-8CE3A0CF6A36 changes to CANDIDATE, lastRpcTime:5036, electionTimeout:5036ms
2019-09-05 18:06:44,495 [Thread-1656] INFO  impl.RoleInfo (RoleInfo.java:shutdownFollowerState(121)) - d247bb88-96d6-4a5e-a7ac-1fab2e0c2a64: shutdown FollowerState
2019-09-05 18:06:44,495 [Thread-1656] INFO  impl.RaftServerImpl (RaftServerImpl.java:setRole(171)) - d247bb88-96d6-4a5e-a7ac-1fab2e0c2a64:group-8CE3A0CF6A36 changes role from FOLLOWER to CANDIDATE at term 2 for changeToCandidate
2019-09-05 18:06:44,495 [Thread-1656] INFO  impl.RoleInfo (RoleInfo.java:updateAndGet(143)) - d247bb88-96d6-4a5e-a7ac-1fab2e0c2a64: start LeaderElection
2019-09-05 18:06:44,509 [Thread-1657] INFO  impl.FollowerState (FollowerState.java:run(106)) - 82c9eab4-587c-49a4-bcc0-a3202632cc07:group-8CE3A0CF6A36 changes to CANDIDATE, lastRpcTime:5049, electionTimeout:5049ms
2019-09-05 18:06:44,509 [Thread-1657] INFO  impl.RoleInfo (RoleInfo.java:shutdownFollowerState(121)) - 82c9eab4-587c-49a4-bcc0-a3202632cc07: shutdown FollowerState
2019-09-05 18:06:44,510 [Thread-1657] INFO  impl.RaftServerImpl (RaftServerImpl.java:setRole(171)) - 82c9eab4-587c-49a4-bcc0-a3202632cc07:group-8CE3A0CF6A36 changes role from FOLLOWER to CANDIDATE at term 2 for changeToCandidate
2019-09-05 18:06:44,510 [Thread-1657] INFO  impl.RoleInfo (RoleInfo.java:updateAndGet(143)) - 82c9eab4-587c-49a4-bcc0-a3202632cc07: start LeaderElection
2019-09-05 18:06:44,577 [d247bb88-96d6-4a5e-a7ac-1fab2e0c2a64:group-8CE3A0CF6A36:LeaderElection76] INFO  impl.LeaderElection (LeaderElection.java:askForVotes(181)) - d247bb88-96d6-4a5e-a7ac-1fab2e0c2a64:group-8CE3A0CF6A36:LeaderElection76: begin an election at term 3 for -1: [82c9eab4-587c-49a4-bcc0-a3202632cc07:192.168.36.125:39804, d247bb88-96d6-4a5e-a7ac-1fab2e0c2a64:192.168.36.125:43009, 5b5586d4-1754-4c06-a799-ffbe50909082:192.168.36.125:42287], old=null
2019-09-05 18:06:44,577 [5b5586d4-1754-4c06-a799-ffbe50909082:group-8CE3A0CF6A36:LeaderElection75] INFO  impl.LeaderElection (LeaderElection.java:askForVotes(181)) - 5b5586d4-1754-4c06-a799-ffbe50909082:group-8CE3A0CF6A36:LeaderElection75: begin an election at term 3 for -1: [82c9eab4-587c-49a4-bcc0-a3202632cc07:192.168.36.125:39804, d247bb88-96d6-4a5e-a7ac-1fab2e0c2a64:192.168.36.125:43009, 5b5586d4-1754-4c06-a799-ffbe50909082:192.168.36.125:42287], old=null
2019-09-05 18:06:44,577 [82c9eab4-587c-49a4-bcc0-a3202632cc07:group-8CE3A0CF6A36:LeaderElection77] INFO  impl.LeaderElection (LeaderElection.java:askForVotes(181)) - 82c9eab4-587c-49a4-bcc0-a3202632cc07:group-8CE3A0CF6A36:LeaderElection77: begin an election at term 3 for -1: [82c9eab4-587c-49a4-bcc0-a3202632cc07:192.168.36.125:39804, d247bb88-96d6-4a5e-a7ac-1fab2e0c2a64:192.168.36.125:43009, 5b5586d4-1754-4c06-a799-ffbe50909082:192.168.36.125:42287], old=null
2019-09-05 18:06:44,584 [d247bb88-96d6-4a5e-a7ac-1fab2e0c2a64:group-8CE3A0CF6A36:LeaderElection76] INFO  impl.LeaderElection (LeaderElection.java:logAndReturn(56)) - d247bb88-96d6-4a5e-a7ac-1fab2e0c2a64:group-8CE3A0CF6A36:LeaderElection76: Election REJECTED; received 2 response(s) [d247bb88-96d6-4a5e-a7ac-1fab2e0c2a64<-82c9eab4-587c-49a4-bcc0-a3202632cc07#0:FAIL-t3, d247bb88-96d6-4a5e-a7ac-1fab2e0c2a64<-5b5586d4-1754-4c06-a799-ffbe50909082#0:FAIL-t3] and 0 exception(s); d247bb88-96d6-4a5e-a7ac-1fab2e0c2a64:t3, leader=null, voted=d247bb88-96d6-4a5e-a7ac-1fab2e0c2a64, raftlog=d247bb88-96d6-4a5e-a7ac-1fab2e0c2a64-SegmentedRaftLog:OPENED:c-1,f-1,i0, conf=-1: [82c9eab4-587c-49a4-bcc0-a3202632cc07:192.168.36.125:39804, d247bb88-96d6-4a5e-a7ac-1fab2e0c2a64:192.168.36.125:43009, 5b5586d4-1754-4c06-a799-ffbe50909082:192.168.36.125:42287], old=null
2019-09-05 18:06:44,584 [d247bb88-96d6-4a5e-a7ac-1fab2e0c2a64:group-8CE3A0CF6A36:LeaderElection76] INFO  impl.RaftServerImpl (RaftServerImpl.java:setRole(171)) - d247bb88-96d6-4a5e-a7ac-1fab2e0c2a64:group-8CE3A0CF6A36 changes role from CANDIDATE to FOLLOWER at term 3 for DISCOVERED_A_NEW_TERM
2019-09-05 18:06:44,584 [d247bb88-96d6-4a5e-a7ac-1fab2e0c2a64:group-8CE3A0CF6A36:LeaderElection76] INFO  impl.RoleInfo (RoleInfo.java:shutdownLeaderElection(134)) - d247bb88-96d6-4a5e-a7ac-1fab2e0c2a64: shutdown LeaderElection
2019-09-05 18:06:44,584 [82c9eab4-587c-49a4-bcc0-a3202632cc07:group-8CE3A0CF6A36:LeaderElection77] INFO  impl.LeaderElection (LeaderElection.java:logAndReturn(56)) - 82c9eab4-587c-49a4-bcc0-a3202632cc07:group-8CE3A0CF6A36:LeaderElection77: Election REJECTED; received 2 response(s) [82c9eab4-587c-49a4-bcc0-a3202632cc07<-d247bb88-96d6-4a5e-a7ac-1fab2e0c2a64#0:FAIL-t3, 82c9eab4-587c-49a4-bcc0-a3202632cc07<-5b5586d4-1754-4c06-a799-ffbe50909082#0:FAIL-t3] and 0 exception(s); 82c9eab4-587c-49a4-bcc0-a3202632cc07:t3, leader=null, voted=82c9eab4-587c-49a4-bcc0-a3202632cc07, raftlog=82c9eab4-587c-49a4-bcc0-a3202632cc07-SegmentedRaftLog:OPENED:c-1,f-1,i0, conf=-1: [82c9eab4-587c-49a4-bcc0-a3202632cc07:192.168.36.125:39804, d247bb88-96d6-4a5e-a7ac-1fab2e0c2a64:192.168.36.125:43009, 5b5586d4-1754-4c06-a799-ffbe50909082:192.168.36.125:42287], old=null
2019-09-05 18:06:44,585 [d247bb88-96d6-4a5e-a7ac-1fab2e0c2a64:group-8CE3A0CF6A36:LeaderElection76] INFO  impl.RoleInfo (RoleInfo.java:updateAndGet(143)) - d247bb88-96d6-4a5e-a7ac-1fab2e0c2a64: start FollowerState
2019-09-05 18:06:44,585 [82c9eab4-587c-49a4-bcc0-a3202632cc07:group-8CE3A0CF6A36:LeaderElection77] INFO  impl.RaftServerImpl (RaftServerImpl.java:setRole(171)) - 82c9eab4-587c-49a4-bcc0-a3202632cc07:group-8CE3A0CF6A36 changes role from CANDIDATE to FOLLOWER at term 3 for DISCOVERED_A_NEW_TERM
2019-09-05 18:06:44,585 [5b5586d4-1754-4c06-a799-ffbe50909082:group-8CE3A0CF6A36:LeaderElection75] INFO  impl.LeaderElection (LeaderElection.java:logAndReturn(56)) - 5b5586d4-1754-4c06-a799-ffbe50909082:group-8CE3A0CF6A36:LeaderElection75: Election REJECTED; received 2 response(s) [5b5586d4-1754-4c06-a799-ffbe50909082<-d247bb88-96d6-4a5e-a7ac-1fab2e0c2a64#0:FAIL-t3, 5b5586d4-1754-4c06-a799-ffbe50909082<-82c9eab4-587c-49a4-bcc0-a3202632cc07#0:FAIL-t3] and 0 exception(s); 5b5586d4-1754-4c06-a799-ffbe50909082:t3, leader=null, voted=5b5586d4-1754-4c06-a799-ffbe50909082, raftlog=5b5586d4-1754-4c06-a799-ffbe50909082-SegmentedRaftLog:OPENED:c-1,f-1,i0, conf=-1: [82c9eab4-587c-49a4-bcc0-a3202632cc07:192.168.36.125:39804, d247bb88-96d6-4a5e-a7ac-1fab2e0c2a64:192.168.36.125:43009, 5b5586d4-1754-4c06-a799-ffbe50909082:192.168.36.125:42287], old=null
2019-09-05 18:06:44,585 [82c9eab4-587c-49a4-bcc0-a3202632cc07:group-8CE3A0CF6A36:LeaderElection77] INFO  impl.RoleInfo (RoleInfo.java:shutdownLeaderElection(134)) - 82c9eab4-587c-49a4-bcc0-a3202632cc07: shutdown LeaderElection
2019-09-05 18:06:44,585 [5b5586d4-1754-4c06-a799-ffbe50909082:group-8CE3A0CF6A36:LeaderElection75] INFO  impl.RaftServerImpl (RaftServerImpl.java:setRole(171)) - 5b5586d4-1754-4c06-a799-ffbe50909082:group-8CE3A0CF6A36 changes role from CANDIDATE to FOLLOWER at term 3 for DISCOVERED_A_NEW_TERM
2019-09-05 18:06:44,585 [82c9eab4-587c-49a4-bcc0-a3202632cc07:group-8CE3A0CF6A36:LeaderElection77] INFO  impl.RoleInfo (RoleInfo.java:updateAndGet(143)) - 82c9eab4-587c-49a4-bcc0-a3202632cc07: start FollowerState
2019-09-05 18:06:44,586 [5b5586d4-1754-4c06-a799-ffbe50909082:group-8CE3A0CF6A36:LeaderElection75] INFO  impl.RoleInfo (RoleInfo.java:shutdownLeaderElection(134)) - 5b5586d4-1754-4c06-a799-ffbe50909082: shutdown LeaderElection
2019-09-05 18:06:44,586 [5b5586d4-1754-4c06-a799-ffbe50909082:group-8CE3A0CF6A36:LeaderElection75] INFO  impl.RoleInfo (RoleInfo.java:updateAndGet(143)) - 5b5586d4-1754-4c06-a799-ffbe50909082: start FollowerState
2019-09-05 18:06:45,484 [grpc-default-executor-1] INFO  client.GrpcClientProtocolClient (GrpcClientProtocolClient.java:onNext(255)) - client-B79BA30C2E5A->5b5586d4-1754-4c06-a799-ffbe50909082: receive RaftClientReply:client-B79BA30C2E5A->5b5586d4-1754-4c06-a799-ffbe50909082@group-8CE3A0CF6A36, cid=66, FAILED org.apache.ratis.protocol.NotLeaderException: Server 5b5586d4-1754-4c06-a799-ffbe50909082 is not the leader (null). Request must be sent to leader., logIndex=0, commits[5b5586d4-1754-4c06-a799-ffbe50909082:c-1]
2019-09-05 18:06:46,501 [grpc-default-executor-2] INFO  client.GrpcClientProtocolClient (GrpcClientProtocolClient.java:onNext(255)) - client-B79BA30C2E5A->d247bb88-96d6-4a5e-a7ac-1fab2e0c2a64: receive RaftClientReply:client-B79BA30C2E5A->d247bb88-96d6-4a5e-a7ac-1fab2e0c2a64@group-8CE3A0CF6A36, cid=66, FAILED org.apache.ratis.protocol.NotLeaderException: Server d247bb88-96d6-4a5e-a7ac-1fab2e0c2a64 is not the leader (null). Request must be sent to leader., logIndex=0, commits[d247bb88-96d6-4a5e-a7ac-1fab2e0c2a64:c-1]
2019-09-05 18:06:47,517 [grpc-default-executor-2] INFO  client.GrpcClientProtocolClient (GrpcClientProtocolClient.java:onNext(255)) - client-B79BA30C2E5A->5b5586d4-1754-4c06-a799-ffbe50909082: receive RaftClientReply:client-B79BA30C2E5A->5b5586d4-1754-4c06-a799-ffbe50909082@group-8CE3A0CF6A36, cid=66, FAILED org.apache.ratis.protocol.NotLeaderException: Server 5b5586d4-1754-4c06-a799-ffbe50909082 is not the leader (null). Request must be sent to leader., logIndex=0, commits[5b5586d4-1754-4c06-a799-ffbe50909082:c-1]
2019-09-05 18:06:48,532 [grpc-default-executor-1] INFO  client.GrpcClientProtocolClient (GrpcClientProtocolClient.java:onNext(255)) - client-B79BA30C2E5A->d247bb88-96d6-4a5e-a7ac-1fab2e0c2a64: receive RaftClientReply:client-B79BA30C2E5A->d247bb88-96d6-4a5e-a7ac-1fab2e0c2a64@group-8CE3A0CF6A36, cid=66, FAILED org.apache.ratis.protocol.NotLeaderException: Server d247bb88-96d6-4a5e-a7ac-1fab2e0c2a64 is not the leader (null). Request must be sent to leader., logIndex=0, commits[d247bb88-96d6-4a5e-a7ac-1fab2e0c2a64:c-1]
]]></system-out>
  </testcase>
  <testcase name="testWatchForCommitForGroupMismatchException" classname="org.apache.hadoop.ozone.client.rpc.TestWatchForCommit" time="39.906"/>
  <testcase name="test2WayCommitForTimeoutException" classname="org.apache.hadoop.ozone.client.rpc.TestWatchForCommit" time="42.577"/>
</testsuite>