<?xml version="1.0" encoding="UTF-8"?>
<testsuite xmlns:xsi="http://www.w3.org/2001/XMLSchema-instance" xsi:noNamespaceSchemaLocation="https://maven.apache.org/surefire/maven-surefire-plugin/xsd/surefire-test-report.xsd" name="org.apache.hadoop.ozone.client.rpc.TestOzoneClientRetriesOnException" time="411.098" tests="2" errors="1" skipped="0" failures="0">
  <properties>
    <property name="awt.toolkit" value="sun.awt.X11.XToolkit"/>
    <property name="file.encoding.pkg" value="sun.io"/>
    <property name="java.specification.version" value="1.8"/>
    <property name="sun.cpu.isalist" value=""/>
    <property name="sun.jnu.encoding" value="UTF-8"/>
    <property name="java.class.path" value="/workdir/hadoop-ozone/integration-test/target/test-classes:/workdir/hadoop-ozone/integration-test/target/classes:/home/user/.m2/repository/org/apache/hadoop/hadoop-ozone-common/0.5.0-SNAPSHOT/hadoop-ozone-common-0.5.0-SNAPSHOT.jar:/home/user/.m2/repository/org/apache/commons/commons-compress/1.4.1/commons-compress-1.4.1.jar:/home/user/.m2/repository/org/tukaani/xz/1.0/xz-1.0.jar:/home/user/.m2/repository/org/apache/hadoop/hadoop-common/3.2.0/hadoop-common-3.2.0.jar:/home/user/.m2/repository/org/apache/hadoop/hadoop-hdfs/3.2.0/hadoop-hdfs-3.2.0.jar:/home/user/.m2/repository/org/apache/hadoop/hadoop-hdfs-client/3.2.0/hadoop-hdfs-client-3.2.0.jar:/home/user/.m2/repository/com/fasterxml/jackson/core/jackson-annotations/2.9.5/jackson-annotations-2.9.5.jar:/home/user/.m2/repository/org/apache/hadoop/hadoop-hdds-common/0.5.0-SNAPSHOT/hadoop-hdds-common-0.5.0-SNAPSHOT.jar:/home/user/.m2/repository/javax/annotation/javax.annotation-api/1.2/javax.annotation-api-1.2.jar:/home/user/.m2/repository/org/apache/ratis/ratis-server/0.4.0-2337318-SNAPSHOT/ratis-server-0.4.0-2337318-SNAPSHOT.jar:/home/user/.m2/repository/org/apache/ratis/ratis-thirdparty-misc/0.2.0/ratis-thirdparty-misc-0.2.0.jar:/home/user/.m2/repository/org/apache/ratis/ratis-proto/0.4.0-2337318-SNAPSHOT/ratis-proto-0.4.0-2337318-SNAPSHOT.jar:/home/user/.m2/repository/org/apache/ratis/ratis-common/0.4.0-2337318-SNAPSHOT/ratis-common-0.4.0-2337318-SNAPSHOT.jar:/home/user/.m2/repository/org/apache/ratis/ratis-client/0.4.0-2337318-SNAPSHOT/ratis-client-0.4.0-2337318-SNAPSHOT.jar:/home/user/.m2/repository/org/apache/ratis/ratis-metrics/0.4.0-2337318-SNAPSHOT/ratis-metrics-0.4.0-2337318-SNAPSHOT.jar:/home/user/.m2/repository/org/apache/ratis/ratis-netty/0.4.0-2337318-SNAPSHOT/ratis-netty-0.4.0-2337318-SNAPSHOT.jar:/home/user/.m2/repository/org/apache/ratis/ratis-grpc/0.4.0-2337318-SNAPSHOT/ratis-grpc-0.4.0-2337318-SNAPSHOT.jar:/home/user/.m2/repository/org/rocksdb/rocksdbjni/6.0.1/rocksdbjni-6.0.1.jar:/home/user/.m2/repository/org/apache/logging/log4j/log4j-api/2.11.0/log4j-api-2.11.0.jar:/home/user/.m2/repository/org/apache/logging/log4j/log4j-core/2.11.0/log4j-core-2.11.0.jar:/home/user/.m2/repository/com/lmax/disruptor/3.4.2/disruptor-3.4.2.jar:/home/user/.m2/repository/org/apache/commons/commons-pool2/2.6.0/commons-pool2-2.6.0.jar:/home/user/.m2/repository/org/bouncycastle/bcpkix-jdk15on/1.60/bcpkix-jdk15on-1.60.jar:/home/user/.m2/repository/commons-validator/commons-validator/1.6/commons-validator-1.6.jar:/home/user/.m2/repository/commons-digester/commons-digester/1.8.1/commons-digester-1.8.1.jar:/home/user/.m2/repository/io/jaegertracing/jaeger-client/0.33.1/jaeger-client-0.33.1.jar:/home/user/.m2/repository/io/jaegertracing/jaeger-thrift/0.33.1/jaeger-thrift-0.33.1.jar:/home/user/.m2/repository/org/apache/thrift/libthrift/0.11.0/libthrift-0.11.0.jar:/home/user/.m2/repository/com/squareup/okhttp3/okhttp/3.9.0/okhttp-3.9.0.jar:/home/user/.m2/repository/com/squareup/okio/okio/1.13.0/okio-1.13.0.jar:/home/user/.m2/repository/io/jaegertracing/jaeger-core/0.33.1/jaeger-core-0.33.1.jar:/home/user/.m2/repository/io/jaegertracing/jaeger-tracerresolver/0.33.1/jaeger-tracerresolver-0.33.1.jar:/home/user/.m2/repository/io/opentracing/contrib/opentracing-tracerresolver/0.1.5/opentracing-tracerresolver-0.1.5.jar:/home/user/.m2/repository/io/opentracing/opentracing-util/0.31.0/opentracing-util-0.31.0.jar:/home/user/.m2/repository/io/opentracing/opentracing-api/0.31.0/opentracing-api-0.31.0.jar:/home/user/.m2/repository/io/opentracing/opentracing-noop/0.31.0/opentracing-noop-0.31.0.jar:/home/user/.m2/repository/org/apache/hadoop/hadoop-hdds-server-framework/0.5.0-SNAPSHOT/hadoop-hdds-server-framework-0.5.0-SNAPSHOT.jar:/home/user/.m2/repository/org/apache/hadoop/hadoop-hdds-container-service/0.5.0-SNAPSHOT/hadoop-hdds-container-service-0.5.0-SNAPSHOT.jar:/home/user/.m2/repository/org/apache/hadoop/hadoop-hdds-client/0.5.0-SNAPSHOT/hadoop-hdds-client-0.5.0-SNAPSHOT.jar:/home/user/.m2/repository/org/apache/hadoop/hadoop-hdds-tools/0.5.0-SNAPSHOT/hadoop-hdds-tools-0.5.0-SNAPSHOT.jar:/home/user/.m2/repository/org/apache/hadoop/hadoop-hdds-server-scm/0.5.0-SNAPSHOT/hadoop-hdds-server-scm-0.5.0-SNAPSHOT.jar:/home/user/.m2/repository/org/apache/hadoop/hadoop-hdds-docs/0.5.0-SNAPSHOT/hadoop-hdds-docs-0.5.0-SNAPSHOT.jar:/home/user/.m2/repository/io/dropwizard/metrics/metrics-core/3.2.4/metrics-core-3.2.4.jar:/home/user/.m2/repository/org/hamcrest/hamcrest-all/1.3/hamcrest-all-1.3.jar:/home/user/.m2/repository/org/bouncycastle/bcprov-jdk15on/1.60/bcprov-jdk15on-1.60.jar:/home/user/.m2/repository/info/picocli/picocli/3.9.6/picocli-3.9.6.jar:/home/user/.m2/repository/com/google/protobuf/protobuf-java/2.5.0/protobuf-java-2.5.0.jar:/home/user/.m2/repository/com/google/guava/guava/11.0.2/guava-11.0.2.jar:/home/user/.m2/repository/org/apache/hadoop/hadoop-ozone-ozone-manager/0.5.0-SNAPSHOT/hadoop-ozone-ozone-manager-0.5.0-SNAPSHOT.jar:/home/user/.m2/repository/org/apache/hadoop/hadoop-minikdc/3.2.0/hadoop-minikdc-3.2.0.jar:/home/user/.m2/repository/commons-io/commons-io/2.5/commons-io-2.5.jar:/home/user/.m2/repository/org/apache/kerby/kerb-simplekdc/1.0.1/kerb-simplekdc-1.0.1.jar:/home/user/.m2/repository/org/apache/kerby/kerb-client/1.0.1/kerb-client-1.0.1.jar:/home/user/.m2/repository/org/apache/kerby/kerby-config/1.0.1/kerby-config-1.0.1.jar:/home/user/.m2/repository/org/apache/kerby/kerb-core/1.0.1/kerb-core-1.0.1.jar:/home/user/.m2/repository/org/apache/kerby/kerby-pkix/1.0.1/kerby-pkix-1.0.1.jar:/home/user/.m2/repository/org/apache/kerby/kerby-asn1/1.0.1/kerby-asn1-1.0.1.jar:/home/user/.m2/repository/org/apache/kerby/kerby-util/1.0.1/kerby-util-1.0.1.jar:/home/user/.m2/repository/org/apache/kerby/kerb-common/1.0.1/kerb-common-1.0.1.jar:/home/user/.m2/repository/org/apache/kerby/kerb-crypto/1.0.1/kerb-crypto-1.0.1.jar:/home/user/.m2/repository/org/apache/kerby/kerb-util/1.0.1/kerb-util-1.0.1.jar:/home/user/.m2/repository/org/apache/kerby/token-provider/1.0.1/token-provider-1.0.1.jar:/home/user/.m2/repository/org/apache/kerby/kerb-admin/1.0.1/kerb-admin-1.0.1.jar:/home/user/.m2/repository/org/apache/kerby/kerb-server/1.0.1/kerb-server-1.0.1.jar:/home/user/.m2/repository/org/apache/kerby/kerb-identity/1.0.1/kerb-identity-1.0.1.jar:/home/user/.m2/repository/org/apache/kerby/kerby-xdr/1.0.1/kerby-xdr-1.0.1.jar:/home/user/.m2/repository/org/slf4j/slf4j-log4j12/1.7.25/slf4j-log4j12-1.7.25.jar:/home/user/.m2/repository/org/apache/hadoop/hadoop-ozone-s3gateway/0.5.0-SNAPSHOT/hadoop-ozone-s3gateway-0.5.0-SNAPSHOT.jar:/home/user/.m2/repository/org/jboss/weld/servlet/weld-servlet/2.4.7.Final/weld-servlet-2.4.7.Final.jar:/home/user/.m2/repository/org/glassfish/jersey/containers/jersey-container-servlet-core/2.27/jersey-container-servlet-core-2.27.jar:/home/user/.m2/repository/org/glassfish/hk2/external/javax.inject/2.5.0-b42/javax.inject-2.5.0-b42.jar:/home/user/.m2/repository/org/glassfish/jersey/core/jersey-common/2.27/jersey-common-2.27.jar:/home/user/.m2/repository/org/glassfish/hk2/osgi-resource-locator/1.0.1/osgi-resource-locator-1.0.1.jar:/home/user/.m2/repository/javax/ws/rs/javax.ws.rs-api/2.1/javax.ws.rs-api-2.1.jar:/home/user/.m2/repository/org/glassfish/jersey/ext/cdi/jersey-cdi1x/2.27/jersey-cdi1x-2.27.jar:/home/user/.m2/repository/org/glassfish/jersey/inject/jersey-hk2/2.27/jersey-hk2-2.27.jar:/home/user/.m2/repository/org/glassfish/hk2/hk2-locator/2.5.0-b42/hk2-locator-2.5.0-b42.jar:/home/user/.m2/repository/org/javassist/javassist/3.22.0-CR2/javassist-3.22.0-CR2.jar:/home/user/.m2/repository/org/glassfish/hk2/hk2-api/2.5.0/hk2-api-2.5.0.jar:/home/user/.m2/repository/org/glassfish/hk2/external/jakarta.inject/2.5.0/jakarta.inject-2.5.0.jar:/home/user/.m2/repository/org/glassfish/hk2/hk2-utils/2.5.0/hk2-utils-2.5.0.jar:/home/user/.m2/repository/jakarta/annotation/jakarta.annotation-api/1.3.4/jakarta.annotation-api-1.3.4.jar:/home/user/.m2/repository/org/glassfish/hk2/external/aopalliance-repackaged/2.5.0/aopalliance-repackaged-2.5.0.jar:/home/user/.m2/repository/com/fasterxml/jackson/dataformat/jackson-dataformat-xml/2.9.0/jackson-dataformat-xml-2.9.0.jar:/home/user/.m2/repository/com/fasterxml/jackson/core/jackson-core/2.9.5/jackson-core-2.9.5.jar:/home/user/.m2/repository/com/fasterxml/jackson/module/jackson-module-jaxb-annotations/2.9.5/jackson-module-jaxb-annotations-2.9.5.jar:/home/user/.m2/repository/javax/enterprise/cdi-api/1.2/cdi-api-1.2.jar:/home/user/.m2/repository/javax/el/javax.el-api/3.0.0/javax.el-api-3.0.0.jar:/home/user/.m2/repository/javax/interceptor/javax.interceptor-api/1.2/javax.interceptor-api-1.2.jar:/home/user/.m2/repository/javax/inject/javax.inject/1/javax.inject-1.jar:/home/user/.m2/repository/com/sun/xml/bind/jaxb-impl/2.3.0.1/jaxb-impl-2.3.0.1.jar:/home/user/.m2/repository/com/sun/xml/bind/jaxb-core/2.3.0.1/jaxb-core-2.3.0.1.jar:/home/user/.m2/repository/javax/xml/bind/jaxb-api/2.3.0/jaxb-api-2.3.0.jar:/home/user/.m2/repository/javax/activation/activation/1.1.1/activation-1.1.1.jar:/home/user/.m2/repository/org/apache/hadoop/hadoop-ozone-csi/0.5.0-SNAPSHOT/hadoop-ozone-csi-0.5.0-SNAPSHOT.jar:/home/user/.m2/repository/com/google/protobuf/protobuf-java-util/3.5.1/protobuf-java-util-3.5.1.jar:/home/user/.m2/repository/org/apache/hadoop/hadoop-hdds-config/0.5.0-SNAPSHOT/hadoop-hdds-config-0.5.0-SNAPSHOT.jar:/home/user/.m2/repository/io/grpc/grpc-netty/1.17.1/grpc-netty-1.17.1.jar:/home/user/.m2/repository/io/grpc/grpc-core/1.17.1/grpc-core-1.17.1.jar:/home/user/.m2/repository/io/grpc/grpc-context/1.17.1/grpc-context-1.17.1.jar:/home/user/.m2/repository/com/google/errorprone/error_prone_annotations/2.2.0/error_prone_annotations-2.2.0.jar:/home/user/.m2/repository/org/codehaus/mojo/animal-sniffer-annotations/1.17/animal-sniffer-annotations-1.17.jar:/home/user/.m2/repository/io/opencensus/opencensus-api/0.17.0/opencensus-api-0.17.0.jar:/home/user/.m2/repository/io/opencensus/opencensus-contrib-grpc-metrics/0.17.0/opencensus-contrib-grpc-metrics-0.17.0.jar:/home/user/.m2/repository/io/netty/netty-codec-http2/4.1.30.Final/netty-codec-http2-4.1.30.Final.jar:/home/user/.m2/repository/io/netty/netty-codec-http/4.1.30.Final/netty-codec-http-4.1.30.Final.jar:/home/user/.m2/repository/io/netty/netty-codec/4.1.30.Final/netty-codec-4.1.30.Final.jar:/home/user/.m2/repository/io/netty/netty-handler/4.1.30.Final/netty-handler-4.1.30.Final.jar:/home/user/.m2/repository/io/netty/netty-handler-proxy/4.1.30.Final/netty-handler-proxy-4.1.30.Final.jar:/home/user/.m2/repository/io/netty/netty-codec-socks/4.1.30.Final/netty-codec-socks-4.1.30.Final.jar:/home/user/.m2/repository/io/netty/netty-transport-native-epoll/4.1.30.Final/netty-transport-native-epoll-4.1.30.Final.jar:/home/user/.m2/repository/io/netty/netty-common/4.1.30.Final/netty-common-4.1.30.Final.jar:/home/user/.m2/repository/io/netty/netty-buffer/4.1.30.Final/netty-buffer-4.1.30.Final.jar:/home/user/.m2/repository/io/netty/netty-transport/4.1.30.Final/netty-transport-4.1.30.Final.jar:/home/user/.m2/repository/io/netty/netty-resolver/4.1.30.Final/netty-resolver-4.1.30.Final.jar:/home/user/.m2/repository/io/netty/netty-transport-native-unix-common/4.1.30.Final/netty-transport-native-unix-common-4.1.30.Final.jar:/home/user/.m2/repository/io/grpc/grpc-protobuf/1.17.1/grpc-protobuf-1.17.1.jar:/home/user/.m2/repository/com/google/api/grpc/proto-google-common-protos/1.0.0/proto-google-common-protos-1.0.0.jar:/home/user/.m2/repository/io/grpc/grpc-protobuf-lite/1.17.1/grpc-protobuf-lite-1.17.1.jar:/home/user/.m2/repository/io/grpc/grpc-stub/1.17.1/grpc-stub-1.17.1.jar:/home/user/.m2/repository/org/apache/hadoop/hadoop-ozone-recon/0.5.0-SNAPSHOT/hadoop-ozone-recon-0.5.0-SNAPSHOT.jar:/home/user/.m2/repository/org/apache/hadoop/hadoop-ozone-reconcodegen/0.5.0-SNAPSHOT/hadoop-ozone-reconcodegen-0.5.0-SNAPSHOT.jar:/home/user/.m2/repository/com/google/inject/extensions/guice-multibindings/4.0/guice-multibindings-4.0.jar:/home/user/.m2/repository/com/google/inject/guice/4.0/guice-4.0.jar:/home/user/.m2/repository/aopalliance/aopalliance/1.0/aopalliance-1.0.jar:/home/user/.m2/repository/com/google/inject/extensions/guice-servlet/4.0/guice-servlet-4.0.jar:/home/user/.m2/repository/org/glassfish/jersey/containers/jersey-container-servlet/2.27/jersey-container-servlet-2.27.jar:/home/user/.m2/repository/org/glassfish/hk2/guice-bridge/2.5.0/guice-bridge-2.5.0.jar:/home/user/.m2/repository/org/glassfish/jersey/core/jersey-server/2.27/jersey-server-2.27.jar:/home/user/.m2/repository/org/glassfish/jersey/core/jersey-client/2.27/jersey-client-2.27.jar:/home/user/.m2/repository/org/glassfish/jersey/media/jersey-media-jaxb/2.27/jersey-media-jaxb-2.27.jar:/home/user/.m2/repository/javax/validation/validation-api/1.1.0.Final/validation-api-1.1.0.Final.jar:/home/user/.m2/repository/org/glassfish/jersey/media/jersey-media-json-jackson/2.27/jersey-media-json-jackson-2.27.jar:/home/user/.m2/repository/org/glassfish/jersey/ext/jersey-entity-filtering/2.27/jersey-entity-filtering-2.27.jar:/home/user/.m2/repository/com/google/inject/extensions/guice-assistedinject/4.0/guice-assistedinject-4.0.jar:/home/user/.m2/repository/org/jooq/jooq/3.11.10/jooq-3.11.10.jar:/home/user/.m2/repository/org/jooq/jooq-meta/3.11.10/jooq-meta-3.11.10.jar:/home/user/.m2/repository/org/jooq/jooq-codegen/3.11.10/jooq-codegen-3.11.10.jar:/home/user/.m2/repository/com/jolbox/bonecp/0.8.0.RELEASE/bonecp-0.8.0.RELEASE.jar:/home/user/.m2/repository/org/xerial/sqlite-jdbc/3.25.2/sqlite-jdbc-3.25.2.jar:/home/user/.m2/repository/org/springframework/spring-jdbc/5.1.3.RELEASE/spring-jdbc-5.1.3.RELEASE.jar:/home/user/.m2/repository/org/springframework/spring-beans/5.1.3.RELEASE/spring-beans-5.1.3.RELEASE.jar:/home/user/.m2/repository/org/springframework/spring-core/5.1.3.RELEASE/spring-core-5.1.3.RELEASE.jar:/home/user/.m2/repository/org/springframework/spring-jcl/5.1.3.RELEASE/spring-jcl-5.1.3.RELEASE.jar:/home/user/.m2/repository/org/springframework/spring-tx/5.1.3.RELEASE/spring-tx-5.1.3.RELEASE.jar:/home/user/.m2/repository/org/apache/hadoop/hadoop-ozone-client/0.5.0-SNAPSHOT/hadoop-ozone-client-0.5.0-SNAPSHOT.jar:/home/user/.m2/repository/commons-lang/commons-lang/2.6/commons-lang-2.6.jar:/home/user/.m2/repository/org/apache/hadoop/hadoop-ozone-ozone-manager/0.5.0-SNAPSHOT/hadoop-ozone-ozone-manager-0.5.0-SNAPSHOT-tests.jar:/home/user/.m2/repository/junit/junit/4.11/junit-4.11.jar:/home/user/.m2/repository/org/hamcrest/hamcrest-core/1.3/hamcrest-core-1.3.jar:/home/user/.m2/repository/org/openjdk/jmh/jmh-core/1.19/jmh-core-1.19.jar:/home/user/.m2/repository/net/sf/jopt-simple/jopt-simple/4.6/jopt-simple-4.6.jar:/home/user/.m2/repository/org/apache/commons/commons-math3/3.1.1/commons-math3-3.1.1.jar:/home/user/.m2/repository/org/openjdk/jmh/jmh-generator-annprocess/1.19/jmh-generator-annprocess-1.19.jar:/home/user/.m2/repository/org/mockito/mockito-all/1.8.5/mockito-all-1.8.5.jar:/home/user/.m2/repository/org/apache/hadoop/hadoop-kms/3.2.0/hadoop-kms-3.2.0.jar:/home/user/.m2/repository/org/apache/hadoop/hadoop-auth/3.2.0/hadoop-auth-3.2.0.jar:/home/user/.m2/repository/com/nimbusds/nimbus-jose-jwt/4.41.1/nimbus-jose-jwt-4.41.1.jar:/home/user/.m2/repository/com/github/stephenc/jcip/jcip-annotations/1.0-1/jcip-annotations-1.0-1.jar:/home/user/.m2/repository/net/minidev/json-smart/2.3/json-smart-2.3.jar:/home/user/.m2/repository/net/minidev/accessors-smart/1.2/accessors-smart-1.2.jar:/home/user/.m2/repository/org/ow2/asm/asm/5.0.4/asm-5.0.4.jar:/home/user/.m2/repository/org/apache/curator/curator-framework/2.12.0/curator-framework-2.12.0.jar:/home/user/.m2/repository/com/sun/jersey/jersey-core/1.19/jersey-core-1.19.jar:/home/user/.m2/repository/javax/ws/rs/jsr311-api/1.1.1/jsr311-api-1.1.1.jar:/home/user/.m2/repository/com/sun/jersey/jersey-server/1.19/jersey-server-1.19.jar:/home/user/.m2/repository/javax/servlet/javax.servlet-api/3.1.0/javax.servlet-api-3.1.0.jar:/home/user/.m2/repository/org/eclipse/jetty/jetty-server/9.3.24.v20180605/jetty-server-9.3.24.v20180605.jar:/home/user/.m2/repository/org/eclipse/jetty/jetty-http/9.3.24.v20180605/jetty-http-9.3.24.v20180605.jar:/home/user/.m2/repository/org/eclipse/jetty/jetty-io/9.3.24.v20180605/jetty-io-9.3.24.v20180605.jar:/home/user/.m2/repository/org/eclipse/jetty/jetty-webapp/9.3.24.v20180605/jetty-webapp-9.3.24.v20180605.jar:/home/user/.m2/repository/org/eclipse/jetty/jetty-xml/9.3.24.v20180605/jetty-xml-9.3.24.v20180605.jar:/home/user/.m2/repository/log4j/log4j/1.2.17/log4j-1.2.17.jar:/home/user/.m2/repository/org/slf4j/slf4j-api/1.7.25/slf4j-api-1.7.25.jar:/home/user/.m2/repository/org/slf4j/jul-to-slf4j/1.7.25/jul-to-slf4j-1.7.25.jar:/home/user/.m2/repository/org/eclipse/jetty/jetty-util/9.3.24.v20180605/jetty-util-9.3.24.v20180605.jar:/home/user/.m2/repository/com/fasterxml/jackson/core/jackson-databind/2.9.5/jackson-databind-2.9.5.jar:/home/user/.m2/repository/org/apache/hadoop/hadoop-kms/3.2.0/hadoop-kms-3.2.0-tests.jar:/home/user/.m2/repository/org/apache/hadoop/hadoop-hdds-server-scm/0.5.0-SNAPSHOT/hadoop-hdds-server-scm-0.5.0-SNAPSHOT-tests.jar:/home/user/.m2/repository/org/apache/hadoop/hadoop-hdds-container-service/0.5.0-SNAPSHOT/hadoop-hdds-container-service-0.5.0-SNAPSHOT-tests.jar:/home/user/.m2/repository/org/yaml/snakeyaml/1.16/snakeyaml-1.16.jar:/home/user/.m2/repository/org/apache/hadoop/hadoop-common/3.2.0/hadoop-common-3.2.0-tests.jar:/home/user/.m2/repository/org/apache/hadoop/hadoop-annotations/3.2.0/hadoop-annotations-3.2.0.jar:/usr/lib/jvm/java-1.8-openjdk/jre/../lib/tools.jar:/home/user/.m2/repository/commons-cli/commons-cli/1.2/commons-cli-1.2.jar:/home/user/.m2/repository/org/apache/httpcomponents/httpclient/4.5.2/httpclient-4.5.2.jar:/home/user/.m2/repository/org/apache/httpcomponents/httpcore/4.4.4/httpcore-4.4.4.jar:/home/user/.m2/repository/commons-codec/commons-codec/1.11/commons-codec-1.11.jar:/home/user/.m2/repository/commons-net/commons-net/3.6/commons-net-3.6.jar:/home/user/.m2/repository/commons-collections/commons-collections/3.2.2/commons-collections-3.2.2.jar:/home/user/.m2/repository/org/eclipse/jetty/jetty-servlet/9.3.24.v20180605/jetty-servlet-9.3.24.v20180605.jar:/home/user/.m2/repository/org/eclipse/jetty/jetty-security/9.3.24.v20180605/jetty-security-9.3.24.v20180605.jar:/home/user/.m2/repository/javax/servlet/jsp/jsp-api/2.1/jsp-api-2.1.jar:/home/user/.m2/repository/com/sun/jersey/jersey-servlet/1.19/jersey-servlet-1.19.jar:/home/user/.m2/repository/com/sun/jersey/jersey-json/1.19/jersey-json-1.19.jar:/home/user/.m2/repository/org/codehaus/jettison/jettison/1.1/jettison-1.1.jar:/home/user/.m2/repository/org/codehaus/jackson/jackson-core-asl/1.9.13/jackson-core-asl-1.9.13.jar:/home/user/.m2/repository/org/codehaus/jackson/jackson-mapper-asl/1.9.13/jackson-mapper-asl-1.9.13.jar:/home/user/.m2/repository/org/codehaus/jackson/jackson-jaxrs/1.9.13/jackson-jaxrs-1.9.13.jar:/home/user/.m2/repository/org/codehaus/jackson/jackson-xc/1.9.13/jackson-xc-1.9.13.jar:/home/user/.m2/repository/commons-logging/commons-logging/1.1.3/commons-logging-1.1.3.jar:/home/user/.m2/repository/commons-beanutils/commons-beanutils/1.9.3/commons-beanutils-1.9.3.jar:/home/user/.m2/repository/org/apache/commons/commons-configuration2/2.1.1/commons-configuration2-2.1.1.jar:/home/user/.m2/repository/org/apache/commons/commons-lang3/3.7/commons-lang3-3.7.jar:/home/user/.m2/repository/org/apache/commons/commons-text/1.4/commons-text-1.4.jar:/home/user/.m2/repository/org/apache/avro/avro/1.7.7/avro-1.7.7.jar:/home/user/.m2/repository/com/thoughtworks/paranamer/paranamer/2.3/paranamer-2.3.jar:/home/user/.m2/repository/org/xerial/snappy/snappy-java/1.0.5/snappy-java-1.0.5.jar:/home/user/.m2/repository/com/google/re2j/re2j/1.1/re2j-1.1.jar:/home/user/.m2/repository/com/google/code/gson/gson/2.2.4/gson-2.2.4.jar:/home/user/.m2/repository/com/jcraft/jsch/0.1.54/jsch-0.1.54.jar:/home/user/.m2/repository/org/apache/curator/curator-client/2.12.0/curator-client-2.12.0.jar:/home/user/.m2/repository/org/apache/curator/curator-recipes/2.12.0/curator-recipes-2.12.0.jar:/home/user/.m2/repository/com/google/code/findbugs/jsr305/3.0.0/jsr305-3.0.0.jar:/home/user/.m2/repository/org/apache/htrace/htrace-core4/4.1.0-incubating/htrace-core4-4.1.0-incubating.jar:/home/user/.m2/repository/org/apache/zookeeper/zookeeper/3.4.13/zookeeper-3.4.13.jar:/home/user/.m2/repository/org/apache/yetus/audience-annotations/0.5.0/audience-annotations-0.5.0.jar:/home/user/.m2/repository/org/codehaus/woodstox/stax2-api/3.1.4/stax2-api-3.1.4.jar:/home/user/.m2/repository/com/fasterxml/woodstox/woodstox-core/5.0.3/woodstox-core-5.0.3.jar:/home/user/.m2/repository/dnsjava/dnsjava/2.1.7/dnsjava-2.1.7.jar:/home/user/.m2/repository/org/apache/hadoop/hadoop-hdfs/3.2.0/hadoop-hdfs-3.2.0-tests.jar:/home/user/.m2/repository/org/eclipse/jetty/jetty-util-ajax/9.3.24.v20180605/jetty-util-ajax-9.3.24.v20180605.jar:/home/user/.m2/repository/commons-daemon/commons-daemon/1.0.13/commons-daemon-1.0.13.jar:/home/user/.m2/repository/io/netty/netty/3.10.5.Final/netty-3.10.5.Final.jar:/home/user/.m2/repository/io/netty/netty-all/4.0.52.Final/netty-all-4.0.52.Final.jar:/home/user/.m2/repository/org/fusesource/leveldbjni/leveldbjni-all/1.8/leveldbjni-all-1.8.jar:"/>
    <property name="java.vm.vendor" value="IcedTea"/>
    <property name="sun.arch.data.model" value="64"/>
    <property name="test.build.dir" value="/workdir/hadoop-ozone/integration-test/target/test-dir"/>
    <property name="test.cache.data" value=""/>
    <property name="java.vendor.url" value="https://icedtea.classpath.org"/>
    <property name="user.timezone" value=""/>
    <property name="java.vm.specification.version" value="1.8"/>
    <property name="os.name" value="Linux"/>
    <property name="test.build.data" value="/workdir/hadoop-ozone/integration-test/target/test-dir"/>
    <property name="user.country" value="US"/>
    <property name="sun.java.launcher" value="SUN_STANDARD"/>
    <property name="sun.boot.library.path" value="/usr/lib/jvm/java-1.8-openjdk/jre/lib/amd64"/>
    <property name="sun.java.command" value="/workdir/hadoop-ozone/integration-test/target/surefire/surefirebooter9040589664499525764.jar /workdir/hadoop-ozone/integration-test/target/surefire 2019-09-05T17-35-33_113-jvmRun1 surefire1133671028000656028tmp surefire_133036193734666082035tmp"/>
    <property name="test" value="!TestMiniChaosOzoneCluster"/>
    <property name="surefire.test.class.path" value="/workdir/hadoop-ozone/integration-test/target/test-classes:/workdir/hadoop-ozone/integration-test/target/classes:/home/user/.m2/repository/org/apache/hadoop/hadoop-ozone-common/0.5.0-SNAPSHOT/hadoop-ozone-common-0.5.0-SNAPSHOT.jar:/home/user/.m2/repository/org/apache/commons/commons-compress/1.4.1/commons-compress-1.4.1.jar:/home/user/.m2/repository/org/tukaani/xz/1.0/xz-1.0.jar:/home/user/.m2/repository/org/apache/hadoop/hadoop-common/3.2.0/hadoop-common-3.2.0.jar:/home/user/.m2/repository/org/apache/hadoop/hadoop-hdfs/3.2.0/hadoop-hdfs-3.2.0.jar:/home/user/.m2/repository/org/apache/hadoop/hadoop-hdfs-client/3.2.0/hadoop-hdfs-client-3.2.0.jar:/home/user/.m2/repository/com/fasterxml/jackson/core/jackson-annotations/2.9.5/jackson-annotations-2.9.5.jar:/home/user/.m2/repository/org/apache/hadoop/hadoop-hdds-common/0.5.0-SNAPSHOT/hadoop-hdds-common-0.5.0-SNAPSHOT.jar:/home/user/.m2/repository/javax/annotation/javax.annotation-api/1.2/javax.annotation-api-1.2.jar:/home/user/.m2/repository/org/apache/ratis/ratis-server/0.4.0-2337318-SNAPSHOT/ratis-server-0.4.0-2337318-SNAPSHOT.jar:/home/user/.m2/repository/org/apache/ratis/ratis-thirdparty-misc/0.2.0/ratis-thirdparty-misc-0.2.0.jar:/home/user/.m2/repository/org/apache/ratis/ratis-proto/0.4.0-2337318-SNAPSHOT/ratis-proto-0.4.0-2337318-SNAPSHOT.jar:/home/user/.m2/repository/org/apache/ratis/ratis-common/0.4.0-2337318-SNAPSHOT/ratis-common-0.4.0-2337318-SNAPSHOT.jar:/home/user/.m2/repository/org/apache/ratis/ratis-client/0.4.0-2337318-SNAPSHOT/ratis-client-0.4.0-2337318-SNAPSHOT.jar:/home/user/.m2/repository/org/apache/ratis/ratis-metrics/0.4.0-2337318-SNAPSHOT/ratis-metrics-0.4.0-2337318-SNAPSHOT.jar:/home/user/.m2/repository/org/apache/ratis/ratis-netty/0.4.0-2337318-SNAPSHOT/ratis-netty-0.4.0-2337318-SNAPSHOT.jar:/home/user/.m2/repository/org/apache/ratis/ratis-grpc/0.4.0-2337318-SNAPSHOT/ratis-grpc-0.4.0-2337318-SNAPSHOT.jar:/home/user/.m2/repository/org/rocksdb/rocksdbjni/6.0.1/rocksdbjni-6.0.1.jar:/home/user/.m2/repository/org/apache/logging/log4j/log4j-api/2.11.0/log4j-api-2.11.0.jar:/home/user/.m2/repository/org/apache/logging/log4j/log4j-core/2.11.0/log4j-core-2.11.0.jar:/home/user/.m2/repository/com/lmax/disruptor/3.4.2/disruptor-3.4.2.jar:/home/user/.m2/repository/org/apache/commons/commons-pool2/2.6.0/commons-pool2-2.6.0.jar:/home/user/.m2/repository/org/bouncycastle/bcpkix-jdk15on/1.60/bcpkix-jdk15on-1.60.jar:/home/user/.m2/repository/commons-validator/commons-validator/1.6/commons-validator-1.6.jar:/home/user/.m2/repository/commons-digester/commons-digester/1.8.1/commons-digester-1.8.1.jar:/home/user/.m2/repository/io/jaegertracing/jaeger-client/0.33.1/jaeger-client-0.33.1.jar:/home/user/.m2/repository/io/jaegertracing/jaeger-thrift/0.33.1/jaeger-thrift-0.33.1.jar:/home/user/.m2/repository/org/apache/thrift/libthrift/0.11.0/libthrift-0.11.0.jar:/home/user/.m2/repository/com/squareup/okhttp3/okhttp/3.9.0/okhttp-3.9.0.jar:/home/user/.m2/repository/com/squareup/okio/okio/1.13.0/okio-1.13.0.jar:/home/user/.m2/repository/io/jaegertracing/jaeger-core/0.33.1/jaeger-core-0.33.1.jar:/home/user/.m2/repository/io/jaegertracing/jaeger-tracerresolver/0.33.1/jaeger-tracerresolver-0.33.1.jar:/home/user/.m2/repository/io/opentracing/contrib/opentracing-tracerresolver/0.1.5/opentracing-tracerresolver-0.1.5.jar:/home/user/.m2/repository/io/opentracing/opentracing-util/0.31.0/opentracing-util-0.31.0.jar:/home/user/.m2/repository/io/opentracing/opentracing-api/0.31.0/opentracing-api-0.31.0.jar:/home/user/.m2/repository/io/opentracing/opentracing-noop/0.31.0/opentracing-noop-0.31.0.jar:/home/user/.m2/repository/org/apache/hadoop/hadoop-hdds-server-framework/0.5.0-SNAPSHOT/hadoop-hdds-server-framework-0.5.0-SNAPSHOT.jar:/home/user/.m2/repository/org/apache/hadoop/hadoop-hdds-container-service/0.5.0-SNAPSHOT/hadoop-hdds-container-service-0.5.0-SNAPSHOT.jar:/home/user/.m2/repository/org/apache/hadoop/hadoop-hdds-client/0.5.0-SNAPSHOT/hadoop-hdds-client-0.5.0-SNAPSHOT.jar:/home/user/.m2/repository/org/apache/hadoop/hadoop-hdds-tools/0.5.0-SNAPSHOT/hadoop-hdds-tools-0.5.0-SNAPSHOT.jar:/home/user/.m2/repository/org/apache/hadoop/hadoop-hdds-server-scm/0.5.0-SNAPSHOT/hadoop-hdds-server-scm-0.5.0-SNAPSHOT.jar:/home/user/.m2/repository/org/apache/hadoop/hadoop-hdds-docs/0.5.0-SNAPSHOT/hadoop-hdds-docs-0.5.0-SNAPSHOT.jar:/home/user/.m2/repository/io/dropwizard/metrics/metrics-core/3.2.4/metrics-core-3.2.4.jar:/home/user/.m2/repository/org/hamcrest/hamcrest-all/1.3/hamcrest-all-1.3.jar:/home/user/.m2/repository/org/bouncycastle/bcprov-jdk15on/1.60/bcprov-jdk15on-1.60.jar:/home/user/.m2/repository/info/picocli/picocli/3.9.6/picocli-3.9.6.jar:/home/user/.m2/repository/com/google/protobuf/protobuf-java/2.5.0/protobuf-java-2.5.0.jar:/home/user/.m2/repository/com/google/guava/guava/11.0.2/guava-11.0.2.jar:/home/user/.m2/repository/org/apache/hadoop/hadoop-ozone-ozone-manager/0.5.0-SNAPSHOT/hadoop-ozone-ozone-manager-0.5.0-SNAPSHOT.jar:/home/user/.m2/repository/org/apache/hadoop/hadoop-minikdc/3.2.0/hadoop-minikdc-3.2.0.jar:/home/user/.m2/repository/commons-io/commons-io/2.5/commons-io-2.5.jar:/home/user/.m2/repository/org/apache/kerby/kerb-simplekdc/1.0.1/kerb-simplekdc-1.0.1.jar:/home/user/.m2/repository/org/apache/kerby/kerb-client/1.0.1/kerb-client-1.0.1.jar:/home/user/.m2/repository/org/apache/kerby/kerby-config/1.0.1/kerby-config-1.0.1.jar:/home/user/.m2/repository/org/apache/kerby/kerb-core/1.0.1/kerb-core-1.0.1.jar:/home/user/.m2/repository/org/apache/kerby/kerby-pkix/1.0.1/kerby-pkix-1.0.1.jar:/home/user/.m2/repository/org/apache/kerby/kerby-asn1/1.0.1/kerby-asn1-1.0.1.jar:/home/user/.m2/repository/org/apache/kerby/kerby-util/1.0.1/kerby-util-1.0.1.jar:/home/user/.m2/repository/org/apache/kerby/kerb-common/1.0.1/kerb-common-1.0.1.jar:/home/user/.m2/repository/org/apache/kerby/kerb-crypto/1.0.1/kerb-crypto-1.0.1.jar:/home/user/.m2/repository/org/apache/kerby/kerb-util/1.0.1/kerb-util-1.0.1.jar:/home/user/.m2/repository/org/apache/kerby/token-provider/1.0.1/token-provider-1.0.1.jar:/home/user/.m2/repository/org/apache/kerby/kerb-admin/1.0.1/kerb-admin-1.0.1.jar:/home/user/.m2/repository/org/apache/kerby/kerb-server/1.0.1/kerb-server-1.0.1.jar:/home/user/.m2/repository/org/apache/kerby/kerb-identity/1.0.1/kerb-identity-1.0.1.jar:/home/user/.m2/repository/org/apache/kerby/kerby-xdr/1.0.1/kerby-xdr-1.0.1.jar:/home/user/.m2/repository/org/slf4j/slf4j-log4j12/1.7.25/slf4j-log4j12-1.7.25.jar:/home/user/.m2/repository/org/apache/hadoop/hadoop-ozone-s3gateway/0.5.0-SNAPSHOT/hadoop-ozone-s3gateway-0.5.0-SNAPSHOT.jar:/home/user/.m2/repository/org/jboss/weld/servlet/weld-servlet/2.4.7.Final/weld-servlet-2.4.7.Final.jar:/home/user/.m2/repository/org/glassfish/jersey/containers/jersey-container-servlet-core/2.27/jersey-container-servlet-core-2.27.jar:/home/user/.m2/repository/org/glassfish/hk2/external/javax.inject/2.5.0-b42/javax.inject-2.5.0-b42.jar:/home/user/.m2/repository/org/glassfish/jersey/core/jersey-common/2.27/jersey-common-2.27.jar:/home/user/.m2/repository/org/glassfish/hk2/osgi-resource-locator/1.0.1/osgi-resource-locator-1.0.1.jar:/home/user/.m2/repository/javax/ws/rs/javax.ws.rs-api/2.1/javax.ws.rs-api-2.1.jar:/home/user/.m2/repository/org/glassfish/jersey/ext/cdi/jersey-cdi1x/2.27/jersey-cdi1x-2.27.jar:/home/user/.m2/repository/org/glassfish/jersey/inject/jersey-hk2/2.27/jersey-hk2-2.27.jar:/home/user/.m2/repository/org/glassfish/hk2/hk2-locator/2.5.0-b42/hk2-locator-2.5.0-b42.jar:/home/user/.m2/repository/org/javassist/javassist/3.22.0-CR2/javassist-3.22.0-CR2.jar:/home/user/.m2/repository/org/glassfish/hk2/hk2-api/2.5.0/hk2-api-2.5.0.jar:/home/user/.m2/repository/org/glassfish/hk2/external/jakarta.inject/2.5.0/jakarta.inject-2.5.0.jar:/home/user/.m2/repository/org/glassfish/hk2/hk2-utils/2.5.0/hk2-utils-2.5.0.jar:/home/user/.m2/repository/jakarta/annotation/jakarta.annotation-api/1.3.4/jakarta.annotation-api-1.3.4.jar:/home/user/.m2/repository/org/glassfish/hk2/external/aopalliance-repackaged/2.5.0/aopalliance-repackaged-2.5.0.jar:/home/user/.m2/repository/com/fasterxml/jackson/dataformat/jackson-dataformat-xml/2.9.0/jackson-dataformat-xml-2.9.0.jar:/home/user/.m2/repository/com/fasterxml/jackson/core/jackson-core/2.9.5/jackson-core-2.9.5.jar:/home/user/.m2/repository/com/fasterxml/jackson/module/jackson-module-jaxb-annotations/2.9.5/jackson-module-jaxb-annotations-2.9.5.jar:/home/user/.m2/repository/javax/enterprise/cdi-api/1.2/cdi-api-1.2.jar:/home/user/.m2/repository/javax/el/javax.el-api/3.0.0/javax.el-api-3.0.0.jar:/home/user/.m2/repository/javax/interceptor/javax.interceptor-api/1.2/javax.interceptor-api-1.2.jar:/home/user/.m2/repository/javax/inject/javax.inject/1/javax.inject-1.jar:/home/user/.m2/repository/com/sun/xml/bind/jaxb-impl/2.3.0.1/jaxb-impl-2.3.0.1.jar:/home/user/.m2/repository/com/sun/xml/bind/jaxb-core/2.3.0.1/jaxb-core-2.3.0.1.jar:/home/user/.m2/repository/javax/xml/bind/jaxb-api/2.3.0/jaxb-api-2.3.0.jar:/home/user/.m2/repository/javax/activation/activation/1.1.1/activation-1.1.1.jar:/home/user/.m2/repository/org/apache/hadoop/hadoop-ozone-csi/0.5.0-SNAPSHOT/hadoop-ozone-csi-0.5.0-SNAPSHOT.jar:/home/user/.m2/repository/com/google/protobuf/protobuf-java-util/3.5.1/protobuf-java-util-3.5.1.jar:/home/user/.m2/repository/org/apache/hadoop/hadoop-hdds-config/0.5.0-SNAPSHOT/hadoop-hdds-config-0.5.0-SNAPSHOT.jar:/home/user/.m2/repository/io/grpc/grpc-netty/1.17.1/grpc-netty-1.17.1.jar:/home/user/.m2/repository/io/grpc/grpc-core/1.17.1/grpc-core-1.17.1.jar:/home/user/.m2/repository/io/grpc/grpc-context/1.17.1/grpc-context-1.17.1.jar:/home/user/.m2/repository/com/google/errorprone/error_prone_annotations/2.2.0/error_prone_annotations-2.2.0.jar:/home/user/.m2/repository/org/codehaus/mojo/animal-sniffer-annotations/1.17/animal-sniffer-annotations-1.17.jar:/home/user/.m2/repository/io/opencensus/opencensus-api/0.17.0/opencensus-api-0.17.0.jar:/home/user/.m2/repository/io/opencensus/opencensus-contrib-grpc-metrics/0.17.0/opencensus-contrib-grpc-metrics-0.17.0.jar:/home/user/.m2/repository/io/netty/netty-codec-http2/4.1.30.Final/netty-codec-http2-4.1.30.Final.jar:/home/user/.m2/repository/io/netty/netty-codec-http/4.1.30.Final/netty-codec-http-4.1.30.Final.jar:/home/user/.m2/repository/io/netty/netty-codec/4.1.30.Final/netty-codec-4.1.30.Final.jar:/home/user/.m2/repository/io/netty/netty-handler/4.1.30.Final/netty-handler-4.1.30.Final.jar:/home/user/.m2/repository/io/netty/netty-handler-proxy/4.1.30.Final/netty-handler-proxy-4.1.30.Final.jar:/home/user/.m2/repository/io/netty/netty-codec-socks/4.1.30.Final/netty-codec-socks-4.1.30.Final.jar:/home/user/.m2/repository/io/netty/netty-transport-native-epoll/4.1.30.Final/netty-transport-native-epoll-4.1.30.Final.jar:/home/user/.m2/repository/io/netty/netty-common/4.1.30.Final/netty-common-4.1.30.Final.jar:/home/user/.m2/repository/io/netty/netty-buffer/4.1.30.Final/netty-buffer-4.1.30.Final.jar:/home/user/.m2/repository/io/netty/netty-transport/4.1.30.Final/netty-transport-4.1.30.Final.jar:/home/user/.m2/repository/io/netty/netty-resolver/4.1.30.Final/netty-resolver-4.1.30.Final.jar:/home/user/.m2/repository/io/netty/netty-transport-native-unix-common/4.1.30.Final/netty-transport-native-unix-common-4.1.30.Final.jar:/home/user/.m2/repository/io/grpc/grpc-protobuf/1.17.1/grpc-protobuf-1.17.1.jar:/home/user/.m2/repository/com/google/api/grpc/proto-google-common-protos/1.0.0/proto-google-common-protos-1.0.0.jar:/home/user/.m2/repository/io/grpc/grpc-protobuf-lite/1.17.1/grpc-protobuf-lite-1.17.1.jar:/home/user/.m2/repository/io/grpc/grpc-stub/1.17.1/grpc-stub-1.17.1.jar:/home/user/.m2/repository/org/apache/hadoop/hadoop-ozone-recon/0.5.0-SNAPSHOT/hadoop-ozone-recon-0.5.0-SNAPSHOT.jar:/home/user/.m2/repository/org/apache/hadoop/hadoop-ozone-reconcodegen/0.5.0-SNAPSHOT/hadoop-ozone-reconcodegen-0.5.0-SNAPSHOT.jar:/home/user/.m2/repository/com/google/inject/extensions/guice-multibindings/4.0/guice-multibindings-4.0.jar:/home/user/.m2/repository/com/google/inject/guice/4.0/guice-4.0.jar:/home/user/.m2/repository/aopalliance/aopalliance/1.0/aopalliance-1.0.jar:/home/user/.m2/repository/com/google/inject/extensions/guice-servlet/4.0/guice-servlet-4.0.jar:/home/user/.m2/repository/org/glassfish/jersey/containers/jersey-container-servlet/2.27/jersey-container-servlet-2.27.jar:/home/user/.m2/repository/org/glassfish/hk2/guice-bridge/2.5.0/guice-bridge-2.5.0.jar:/home/user/.m2/repository/org/glassfish/jersey/core/jersey-server/2.27/jersey-server-2.27.jar:/home/user/.m2/repository/org/glassfish/jersey/core/jersey-client/2.27/jersey-client-2.27.jar:/home/user/.m2/repository/org/glassfish/jersey/media/jersey-media-jaxb/2.27/jersey-media-jaxb-2.27.jar:/home/user/.m2/repository/javax/validation/validation-api/1.1.0.Final/validation-api-1.1.0.Final.jar:/home/user/.m2/repository/org/glassfish/jersey/media/jersey-media-json-jackson/2.27/jersey-media-json-jackson-2.27.jar:/home/user/.m2/repository/org/glassfish/jersey/ext/jersey-entity-filtering/2.27/jersey-entity-filtering-2.27.jar:/home/user/.m2/repository/com/google/inject/extensions/guice-assistedinject/4.0/guice-assistedinject-4.0.jar:/home/user/.m2/repository/org/jooq/jooq/3.11.10/jooq-3.11.10.jar:/home/user/.m2/repository/org/jooq/jooq-meta/3.11.10/jooq-meta-3.11.10.jar:/home/user/.m2/repository/org/jooq/jooq-codegen/3.11.10/jooq-codegen-3.11.10.jar:/home/user/.m2/repository/com/jolbox/bonecp/0.8.0.RELEASE/bonecp-0.8.0.RELEASE.jar:/home/user/.m2/repository/org/xerial/sqlite-jdbc/3.25.2/sqlite-jdbc-3.25.2.jar:/home/user/.m2/repository/org/springframework/spring-jdbc/5.1.3.RELEASE/spring-jdbc-5.1.3.RELEASE.jar:/home/user/.m2/repository/org/springframework/spring-beans/5.1.3.RELEASE/spring-beans-5.1.3.RELEASE.jar:/home/user/.m2/repository/org/springframework/spring-core/5.1.3.RELEASE/spring-core-5.1.3.RELEASE.jar:/home/user/.m2/repository/org/springframework/spring-jcl/5.1.3.RELEASE/spring-jcl-5.1.3.RELEASE.jar:/home/user/.m2/repository/org/springframework/spring-tx/5.1.3.RELEASE/spring-tx-5.1.3.RELEASE.jar:/home/user/.m2/repository/org/apache/hadoop/hadoop-ozone-client/0.5.0-SNAPSHOT/hadoop-ozone-client-0.5.0-SNAPSHOT.jar:/home/user/.m2/repository/commons-lang/commons-lang/2.6/commons-lang-2.6.jar:/home/user/.m2/repository/org/apache/hadoop/hadoop-ozone-ozone-manager/0.5.0-SNAPSHOT/hadoop-ozone-ozone-manager-0.5.0-SNAPSHOT-tests.jar:/home/user/.m2/repository/junit/junit/4.11/junit-4.11.jar:/home/user/.m2/repository/org/hamcrest/hamcrest-core/1.3/hamcrest-core-1.3.jar:/home/user/.m2/repository/org/openjdk/jmh/jmh-core/1.19/jmh-core-1.19.jar:/home/user/.m2/repository/net/sf/jopt-simple/jopt-simple/4.6/jopt-simple-4.6.jar:/home/user/.m2/repository/org/apache/commons/commons-math3/3.1.1/commons-math3-3.1.1.jar:/home/user/.m2/repository/org/openjdk/jmh/jmh-generator-annprocess/1.19/jmh-generator-annprocess-1.19.jar:/home/user/.m2/repository/org/mockito/mockito-all/1.8.5/mockito-all-1.8.5.jar:/home/user/.m2/repository/org/apache/hadoop/hadoop-kms/3.2.0/hadoop-kms-3.2.0.jar:/home/user/.m2/repository/org/apache/hadoop/hadoop-auth/3.2.0/hadoop-auth-3.2.0.jar:/home/user/.m2/repository/com/nimbusds/nimbus-jose-jwt/4.41.1/nimbus-jose-jwt-4.41.1.jar:/home/user/.m2/repository/com/github/stephenc/jcip/jcip-annotations/1.0-1/jcip-annotations-1.0-1.jar:/home/user/.m2/repository/net/minidev/json-smart/2.3/json-smart-2.3.jar:/home/user/.m2/repository/net/minidev/accessors-smart/1.2/accessors-smart-1.2.jar:/home/user/.m2/repository/org/ow2/asm/asm/5.0.4/asm-5.0.4.jar:/home/user/.m2/repository/org/apache/curator/curator-framework/2.12.0/curator-framework-2.12.0.jar:/home/user/.m2/repository/com/sun/jersey/jersey-core/1.19/jersey-core-1.19.jar:/home/user/.m2/repository/javax/ws/rs/jsr311-api/1.1.1/jsr311-api-1.1.1.jar:/home/user/.m2/repository/com/sun/jersey/jersey-server/1.19/jersey-server-1.19.jar:/home/user/.m2/repository/javax/servlet/javax.servlet-api/3.1.0/javax.servlet-api-3.1.0.jar:/home/user/.m2/repository/org/eclipse/jetty/jetty-server/9.3.24.v20180605/jetty-server-9.3.24.v20180605.jar:/home/user/.m2/repository/org/eclipse/jetty/jetty-http/9.3.24.v20180605/jetty-http-9.3.24.v20180605.jar:/home/user/.m2/repository/org/eclipse/jetty/jetty-io/9.3.24.v20180605/jetty-io-9.3.24.v20180605.jar:/home/user/.m2/repository/org/eclipse/jetty/jetty-webapp/9.3.24.v20180605/jetty-webapp-9.3.24.v20180605.jar:/home/user/.m2/repository/org/eclipse/jetty/jetty-xml/9.3.24.v20180605/jetty-xml-9.3.24.v20180605.jar:/home/user/.m2/repository/log4j/log4j/1.2.17/log4j-1.2.17.jar:/home/user/.m2/repository/org/slf4j/slf4j-api/1.7.25/slf4j-api-1.7.25.jar:/home/user/.m2/repository/org/slf4j/jul-to-slf4j/1.7.25/jul-to-slf4j-1.7.25.jar:/home/user/.m2/repository/org/eclipse/jetty/jetty-util/9.3.24.v20180605/jetty-util-9.3.24.v20180605.jar:/home/user/.m2/repository/com/fasterxml/jackson/core/jackson-databind/2.9.5/jackson-databind-2.9.5.jar:/home/user/.m2/repository/org/apache/hadoop/hadoop-kms/3.2.0/hadoop-kms-3.2.0-tests.jar:/home/user/.m2/repository/org/apache/hadoop/hadoop-hdds-server-scm/0.5.0-SNAPSHOT/hadoop-hdds-server-scm-0.5.0-SNAPSHOT-tests.jar:/home/user/.m2/repository/org/apache/hadoop/hadoop-hdds-container-service/0.5.0-SNAPSHOT/hadoop-hdds-container-service-0.5.0-SNAPSHOT-tests.jar:/home/user/.m2/repository/org/yaml/snakeyaml/1.16/snakeyaml-1.16.jar:/home/user/.m2/repository/org/apache/hadoop/hadoop-common/3.2.0/hadoop-common-3.2.0-tests.jar:/home/user/.m2/repository/org/apache/hadoop/hadoop-annotations/3.2.0/hadoop-annotations-3.2.0.jar:/usr/lib/jvm/java-1.8-openjdk/jre/../lib/tools.jar:/home/user/.m2/repository/commons-cli/commons-cli/1.2/commons-cli-1.2.jar:/home/user/.m2/repository/org/apache/httpcomponents/httpclient/4.5.2/httpclient-4.5.2.jar:/home/user/.m2/repository/org/apache/httpcomponents/httpcore/4.4.4/httpcore-4.4.4.jar:/home/user/.m2/repository/commons-codec/commons-codec/1.11/commons-codec-1.11.jar:/home/user/.m2/repository/commons-net/commons-net/3.6/commons-net-3.6.jar:/home/user/.m2/repository/commons-collections/commons-collections/3.2.2/commons-collections-3.2.2.jar:/home/user/.m2/repository/org/eclipse/jetty/jetty-servlet/9.3.24.v20180605/jetty-servlet-9.3.24.v20180605.jar:/home/user/.m2/repository/org/eclipse/jetty/jetty-security/9.3.24.v20180605/jetty-security-9.3.24.v20180605.jar:/home/user/.m2/repository/javax/servlet/jsp/jsp-api/2.1/jsp-api-2.1.jar:/home/user/.m2/repository/com/sun/jersey/jersey-servlet/1.19/jersey-servlet-1.19.jar:/home/user/.m2/repository/com/sun/jersey/jersey-json/1.19/jersey-json-1.19.jar:/home/user/.m2/repository/org/codehaus/jettison/jettison/1.1/jettison-1.1.jar:/home/user/.m2/repository/org/codehaus/jackson/jackson-core-asl/1.9.13/jackson-core-asl-1.9.13.jar:/home/user/.m2/repository/org/codehaus/jackson/jackson-mapper-asl/1.9.13/jackson-mapper-asl-1.9.13.jar:/home/user/.m2/repository/org/codehaus/jackson/jackson-jaxrs/1.9.13/jackson-jaxrs-1.9.13.jar:/home/user/.m2/repository/org/codehaus/jackson/jackson-xc/1.9.13/jackson-xc-1.9.13.jar:/home/user/.m2/repository/commons-logging/commons-logging/1.1.3/commons-logging-1.1.3.jar:/home/user/.m2/repository/commons-beanutils/commons-beanutils/1.9.3/commons-beanutils-1.9.3.jar:/home/user/.m2/repository/org/apache/commons/commons-configuration2/2.1.1/commons-configuration2-2.1.1.jar:/home/user/.m2/repository/org/apache/commons/commons-lang3/3.7/commons-lang3-3.7.jar:/home/user/.m2/repository/org/apache/commons/commons-text/1.4/commons-text-1.4.jar:/home/user/.m2/repository/org/apache/avro/avro/1.7.7/avro-1.7.7.jar:/home/user/.m2/repository/com/thoughtworks/paranamer/paranamer/2.3/paranamer-2.3.jar:/home/user/.m2/repository/org/xerial/snappy/snappy-java/1.0.5/snappy-java-1.0.5.jar:/home/user/.m2/repository/com/google/re2j/re2j/1.1/re2j-1.1.jar:/home/user/.m2/repository/com/google/code/gson/gson/2.2.4/gson-2.2.4.jar:/home/user/.m2/repository/com/jcraft/jsch/0.1.54/jsch-0.1.54.jar:/home/user/.m2/repository/org/apache/curator/curator-client/2.12.0/curator-client-2.12.0.jar:/home/user/.m2/repository/org/apache/curator/curator-recipes/2.12.0/curator-recipes-2.12.0.jar:/home/user/.m2/repository/com/google/code/findbugs/jsr305/3.0.0/jsr305-3.0.0.jar:/home/user/.m2/repository/org/apache/htrace/htrace-core4/4.1.0-incubating/htrace-core4-4.1.0-incubating.jar:/home/user/.m2/repository/org/apache/zookeeper/zookeeper/3.4.13/zookeeper-3.4.13.jar:/home/user/.m2/repository/org/apache/yetus/audience-annotations/0.5.0/audience-annotations-0.5.0.jar:/home/user/.m2/repository/org/codehaus/woodstox/stax2-api/3.1.4/stax2-api-3.1.4.jar:/home/user/.m2/repository/com/fasterxml/woodstox/woodstox-core/5.0.3/woodstox-core-5.0.3.jar:/home/user/.m2/repository/dnsjava/dnsjava/2.1.7/dnsjava-2.1.7.jar:/home/user/.m2/repository/org/apache/hadoop/hadoop-hdfs/3.2.0/hadoop-hdfs-3.2.0-tests.jar:/home/user/.m2/repository/org/eclipse/jetty/jetty-util-ajax/9.3.24.v20180605/jetty-util-ajax-9.3.24.v20180605.jar:/home/user/.m2/repository/commons-daemon/commons-daemon/1.0.13/commons-daemon-1.0.13.jar:/home/user/.m2/repository/io/netty/netty/3.10.5.Final/netty-3.10.5.Final.jar:/home/user/.m2/repository/io/netty/netty-all/4.0.52.Final/netty-all-4.0.52.Final.jar:/home/user/.m2/repository/org/fusesource/leveldbjni/leveldbjni-all/1.8/leveldbjni-all-1.8.jar:"/>
    <property name="sun.cpu.endian" value="little"/>
    <property name="user.home" value="/home/user"/>
    <property name="user.language" value="en"/>
    <property name="java.specification.vendor" value="Oracle Corporation"/>
    <property name="java.home" value="/usr/lib/jvm/java-1.8-openjdk/jre"/>
    <property name="java.security.krb5.conf" value="/workdir/hadoop-ozone/integration-test/target/test-classes/krb5.conf"/>
    <property name="basedir" value="/workdir/hadoop-ozone/integration-test"/>
    <property name="file.separator" value="/"/>
    <property name="line.separator" value="&#10;"/>
    <property name="java.vm.specification.vendor" value="Oracle Corporation"/>
    <property name="java.specification.name" value="Java Platform API Specification"/>
    <property name="java.awt.graphicsenv" value="sun.awt.X11GraphicsEnvironment"/>
    <property name="surefire.real.class.path" value="/workdir/hadoop-ozone/integration-test/target/surefire/surefirebooter9040589664499525764.jar"/>
    <property name="hadoop.log.dir" value="/workdir/hadoop-ozone/integration-test/target/log"/>
    <property name="sun.boot.class.path" value="/usr/lib/jvm/java-1.8-openjdk/jre/lib/resources.jar:/usr/lib/jvm/java-1.8-openjdk/jre/lib/rt.jar:/usr/lib/jvm/java-1.8-openjdk/jre/lib/sunrsasign.jar:/usr/lib/jvm/java-1.8-openjdk/jre/lib/jsse.jar:/usr/lib/jvm/java-1.8-openjdk/jre/lib/jce.jar:/usr/lib/jvm/java-1.8-openjdk/jre/lib/charsets.jar:/usr/lib/jvm/java-1.8-openjdk/jre/lib/jfr.jar:/usr/lib/jvm/java-1.8-openjdk/jre/classes"/>
    <property name="sun.management.compiler" value="HotSpot 64-Bit Tiered Compilers"/>
    <property name="java.runtime.version" value="1.8.0_212-b04"/>
    <property name="java.net.preferIPv4Stack" value="true"/>
    <property name="user.name" value="jenkins1000"/>
    <property name="path.separator" value=":"/>
    <property name="java.security.egd" value="file:///dev/urandom"/>
    <property name="os.version" value="3.10.0-957.12.2.el7.x86_64"/>
    <property name="java.endorsed.dirs" value="/usr/lib/jvm/java-1.8-openjdk/jre/lib/endorsed"/>
    <property name="java.runtime.name" value="OpenJDK Runtime Environment"/>
    <property name="file.encoding" value="UTF-8"/>
    <property name="java.vm.name" value="OpenJDK 64-Bit Server VM"/>
    <property name="test.build.webapps" value=""/>
    <property name="localRepository" value="/home/user/.m2/repository"/>
    <property name="java.vendor.url.bug" value="https://icedtea.classpath.org/bugzilla"/>
    <property name="java.io.tmpdir" value="/tmp"/>
    <property name="require.test.libhadoop" value=""/>
    <property name="java.version" value="1.8.0_212"/>
    <property name="user.dir" value="/workdir/hadoop-ozone/integration-test"/>
    <property name="os.arch" value="amd64"/>
    <property name="java.vm.specification.name" value="Java Virtual Machine Specification"/>
    <property name="test.build.classes" value="/workdir/hadoop-ozone/integration-test/target/test-classes"/>
    <property name="java.awt.printerjob" value="sun.print.PSPrinterJob"/>
    <property name="sun.os.patch.level" value="unknown"/>
    <property name="hadoop.tmp.dir" value="/workdir/hadoop-ozone/integration-test/target/tmp"/>
    <property name="java.library.path" value="/usr/lib/jvm/java-1.8-openjdk/jre/lib/amd64/server:/usr/lib/jvm/java-1.8-openjdk/jre/lib/amd64:/usr/lib/jvm/java-1.8-openjdk/jre/../lib/amd64:/workdir/hadoop-ozone/integration-test/target/native/target/usr/local/lib:/workdir/hadoop-ozone/integration-test/../../hadoop-common-project/hadoop-common/target/native/target/usr/local/lib:/usr/java/packages/lib/amd64:/usr/lib64:/lib64:/lib:/usr/lib"/>
    <property name="java.vm.info" value="mixed mode"/>
    <property name="java.vendor" value="IcedTea"/>
    <property name="java.vm.version" value="25.212-b04"/>
    <property name="java.ext.dirs" value="/usr/lib/jvm/java-1.8-openjdk/jre/lib/ext:/usr/java/packages/lib/ext"/>
    <property name="sun.io.unicode.encoding" value="UnicodeLittle"/>
    <property name="java.class.version" value="52.0"/>
  </properties>
  <testcase name="testGroupMismatchExceptionHandling" classname="org.apache.hadoop.ozone.client.rpc.TestOzoneClientRetriesOnException" time="48.442"/>
  <testcase name="testMaxRetriesByOzoneClient" classname="org.apache.hadoop.ozone.client.rpc.TestOzoneClientRetriesOnException" time="362.396">
    <error message="Failed to command cmdType: CreateContainer&#10;containerID: 1&#10;datanodeUuid: &quot;2d64b654-7f45-48f8-94bd-17273b14c273&quot;&#10;createContainer {&#10;}&#10;" type="java.io.IOException">java.io.IOException: 
Failed to command cmdType: CreateContainer
containerID: 1
datanodeUuid: "2d64b654-7f45-48f8-94bd-17273b14c273"
createContainer {
}

	at org.apache.hadoop.hdds.scm.XceiverClientSpi.sendCommand(XceiverClientSpi.java:113)
	at org.apache.hadoop.ozone.client.rpc.TestOzoneClientRetriesOnException.testMaxRetriesByOzoneClient(TestOzoneClientRetriesOnException.java:190)
	at sun.reflect.NativeMethodAccessorImpl.invoke0(Native Method)
	at sun.reflect.NativeMethodAccessorImpl.invoke(NativeMethodAccessorImpl.java:62)
	at sun.reflect.DelegatingMethodAccessorImpl.invoke(DelegatingMethodAccessorImpl.java:43)
	at java.lang.reflect.Method.invoke(Method.java:498)
	at org.junit.runners.model.FrameworkMethod$1.runReflectiveCall(FrameworkMethod.java:47)
	at org.junit.internal.runners.model.ReflectiveCallable.run(ReflectiveCallable.java:12)
	at org.junit.runners.model.FrameworkMethod.invokeExplosively(FrameworkMethod.java:44)
	at org.junit.internal.runners.statements.InvokeMethod.evaluate(InvokeMethod.java:17)
	at org.junit.internal.runners.statements.RunBefores.evaluate(RunBefores.java:26)
	at org.junit.internal.runners.statements.RunAfters.evaluate(RunAfters.java:27)
	at org.junit.runners.ParentRunner.runLeaf(ParentRunner.java:271)
	at org.junit.runners.BlockJUnit4ClassRunner.runChild(BlockJUnit4ClassRunner.java:70)
	at org.junit.runners.BlockJUnit4ClassRunner.runChild(BlockJUnit4ClassRunner.java:50)
	at org.junit.runners.ParentRunner$3.run(ParentRunner.java:238)
	at org.junit.runners.ParentRunner$1.schedule(ParentRunner.java:63)
	at org.junit.runners.ParentRunner.runChildren(ParentRunner.java:236)
	at org.junit.runners.ParentRunner.access$000(ParentRunner.java:53)
	at org.junit.runners.ParentRunner$2.evaluate(ParentRunner.java:229)
	at org.junit.runners.ParentRunner.run(ParentRunner.java:309)
	at org.apache.maven.surefire.junit4.JUnit4Provider.execute(JUnit4Provider.java:365)
	at org.apache.maven.surefire.junit4.JUnit4Provider.executeWithRerun(JUnit4Provider.java:273)
	at org.apache.maven.surefire.junit4.JUnit4Provider.executeTestSet(JUnit4Provider.java:238)
	at org.apache.maven.surefire.junit4.JUnit4Provider.invoke(JUnit4Provider.java:159)
	at org.apache.maven.surefire.booter.ForkedBooter.invokeProviderInSameClassLoader(ForkedBooter.java:384)
	at org.apache.maven.surefire.booter.ForkedBooter.runSuitesInProcess(ForkedBooter.java:345)
	at org.apache.maven.surefire.booter.ForkedBooter.execute(ForkedBooter.java:126)
	at org.apache.maven.surefire.booter.ForkedBooter.main(ForkedBooter.java:418)
Caused by: java.util.concurrent.ExecutionException: org.apache.ratis.protocol.RaftRetryFailureException: Failed RaftClientRequest:client-FF3FC3B045FD->0458fa0a-4d99-412c-a137-2f07c0465a23@group-6813D8658313, cid=49, seq=3*, RW, org.apache.hadoop.hdds.scm.XceiverClientRatis$$Lambda$341/1365533388@15c128ae for 180 attempts with RetryLimited(maxAttempts=180, sleepTime=1000ms)
	at java.util.concurrent.CompletableFuture.reportGet(CompletableFuture.java:357)
	at java.util.concurrent.CompletableFuture.get(CompletableFuture.java:1895)
	at org.apache.hadoop.hdds.scm.XceiverClientSpi.sendCommand(XceiverClientSpi.java:110)
	... 28 more
Caused by: org.apache.ratis.protocol.RaftRetryFailureException: Failed RaftClientRequest:client-FF3FC3B045FD->0458fa0a-4d99-412c-a137-2f07c0465a23@group-6813D8658313, cid=49, seq=3*, RW, org.apache.hadoop.hdds.scm.XceiverClientRatis$$Lambda$341/1365533388@15c128ae for 180 attempts with RetryLimited(maxAttempts=180, sleepTime=1000ms)
	at org.apache.ratis.client.impl.RaftClientImpl.noMoreRetries(RaftClientImpl.java:272)
	at org.apache.ratis.client.impl.OrderedAsync.handleAsyncRetryFailure(OrderedAsync.java:138)
	at org.apache.ratis.client.impl.OrderedAsync.lambda$sendRequest$10(OrderedAsync.java:230)
	at java.util.concurrent.CompletableFuture.uniExceptionally(CompletableFuture.java:870)
	at java.util.concurrent.CompletableFuture$UniExceptionally.tryFire(CompletableFuture.java:852)
	at java.util.concurrent.CompletableFuture.postComplete(CompletableFuture.java:474)
	at java.util.concurrent.CompletableFuture.completeExceptionally(CompletableFuture.java:1977)
	at org.apache.ratis.grpc.client.GrpcClientProtocolClient$AsyncStreamObservers.completeReplyExceptionally(GrpcClientProtocolClient.java:330)
	at org.apache.ratis.grpc.client.GrpcClientProtocolClient$AsyncStreamObservers.access$000(GrpcClientProtocolClient.java:246)
	at org.apache.ratis.grpc.client.GrpcClientProtocolClient$AsyncStreamObservers$1.onNext(GrpcClientProtocolClient.java:258)
	at org.apache.ratis.grpc.client.GrpcClientProtocolClient$AsyncStreamObservers$1.onNext(GrpcClientProtocolClient.java:249)
	at org.apache.ratis.thirdparty.io.grpc.stub.ClientCalls$StreamObserverToCallListenerAdapter.onMessage(ClientCalls.java:421)
	at org.apache.ratis.thirdparty.io.grpc.ForwardingClientCallListener.onMessage(ForwardingClientCallListener.java:33)
	at org.apache.ratis.thirdparty.io.grpc.ForwardingClientCallListener.onMessage(ForwardingClientCallListener.java:33)
	at org.apache.ratis.thirdparty.io.grpc.internal.ClientCallImpl$ClientStreamListenerImpl$1MessagesAvailable.runInContext(ClientCallImpl.java:519)
	at org.apache.ratis.thirdparty.io.grpc.internal.ContextRunnable.run(ContextRunnable.java:37)
	at org.apache.ratis.thirdparty.io.grpc.internal.SerializingExecutor.run(SerializingExecutor.java:123)
	at java.util.concurrent.ThreadPoolExecutor.runWorker(ThreadPoolExecutor.java:1149)
	at java.util.concurrent.ThreadPoolExecutor$Worker.run(ThreadPoolExecutor.java:624)
	at java.lang.Thread.run(Thread.java:748)
Caused by: org.apache.ratis.protocol.NotLeaderException: Server 0458fa0a-4d99-412c-a137-2f07c0465a23 is not the leader (2d64b654-7f45-48f8-94bd-17273b14c273:192.168.36.125:39127). Request must be sent to leader.
	at org.apache.ratis.client.impl.ClientProtoUtils.toRaftClientReply(ClientProtoUtils.java:242)
	at org.apache.ratis.grpc.client.GrpcClientProtocolClient$AsyncStreamObservers$1.onNext(GrpcClientProtocolClient.java:254)
	... 10 more
</error>
    <system-out><![CDATA[2019-09-05 17:44:48,140 [main] WARN  server.ServerUtils (ServerUtils.java:getScmDbDir(145)) - ozone.scm.db.dirs is not configured. We recommend adding this setting. Falling back to ozone.metadata.dirs instead.
2019-09-05 17:44:48,204 [main] WARN  server.ServerUtils (ServerUtils.java:getScmDbDir(145)) - ozone.scm.db.dirs is not configured. We recommend adding this setting. Falling back to ozone.metadata.dirs instead.
2019-09-05 17:44:48,204 [main] WARN  server.ServerUtils (ServerUtils.java:getScmDbDir(145)) - ozone.scm.db.dirs is not configured. We recommend adding this setting. Falling back to ozone.metadata.dirs instead.
2019-09-05 17:44:48,205 [main] INFO  db.DBStoreBuilder (DBStoreBuilder.java:addTable(110)) - using custom profile for table: deletedBlocks
2019-09-05 17:44:48,205 [main] INFO  db.DBStoreBuilder (DBStoreBuilder.java:processTables(161)) - Using default column profile:DBProfile.DISK for Table:deletedBlocks
2019-09-05 17:44:48,206 [main] INFO  db.DBStoreBuilder (DBStoreBuilder.java:addTable(110)) - using custom profile for table: validCerts
2019-09-05 17:44:48,206 [main] INFO  db.DBStoreBuilder (DBStoreBuilder.java:processTables(161)) - Using default column profile:DBProfile.DISK for Table:validCerts
2019-09-05 17:44:48,206 [main] INFO  db.DBStoreBuilder (DBStoreBuilder.java:addTable(110)) - using custom profile for table: revokedCerts
2019-09-05 17:44:48,207 [main] INFO  db.DBStoreBuilder (DBStoreBuilder.java:processTables(161)) - Using default column profile:DBProfile.DISK for Table:revokedCerts
2019-09-05 17:44:48,207 [main] INFO  db.DBStoreBuilder (DBStoreBuilder.java:addTable(110)) - using custom profile for table: default
2019-09-05 17:44:48,207 [main] INFO  db.DBStoreBuilder (DBStoreBuilder.java:processTables(167)) - Using default column profile:DBProfile.DISK for Table:default
2019-09-05 17:44:48,208 [main] INFO  db.DBStoreBuilder (DBStoreBuilder.java:getDbProfile(198)) - Using default options. DBProfile.DISK
2019-09-05 17:44:48,666 [main] INFO  net.NodeSchemaLoader (NodeSchemaLoader.java:loadSchemaFromFile(125)) - Loading file from sun.misc.CompoundEnumeration@4bcaa195
2019-09-05 17:44:48,666 [main] INFO  net.NodeSchemaLoader (NodeSchemaLoader.java:loadSchema(171)) - Loading network topology layer schema file
2019-09-05 17:44:48,670 [main] WARN  server.ServerUtils (ServerUtils.java:sanitizeUserArgs(70)) - ozone.scm.stale.node.interval value = 300000 is larger than max = 100000 based on the key value of ozone.scm.heartbeat.thread.interval, reset to the max value 100000.
2019-09-05 17:44:48,670 [main] WARN  server.ServerUtils (ServerUtils.java:sanitizeUserArgs(70)) - ozone.scm.stale.node.interval value = 300000 is larger than max = 100000 based on the key value of ozone.scm.heartbeat.thread.interval, reset to the max value 100000.
2019-09-05 17:44:48,670 [main] INFO  node.SCMNodeManager (SCMNodeManager.java:<init>(114)) - Entering startup safe mode.
2019-09-05 17:44:48,671 [main] INFO  algorithms.ContainerPlacementPolicyFactory (ContainerPlacementPolicyFactory.java:getPolicy(55)) - Create container placement policy of type org.apache.hadoop.hdds.scm.container.placement.algorithms.SCMContainerPlacementRandom
2019-09-05 17:44:48,671 [main] WARN  server.ServerUtils (ServerUtils.java:getScmDbDir(145)) - ozone.scm.db.dirs is not configured. We recommend adding this setting. Falling back to ozone.metadata.dirs instead.
2019-09-05 17:44:48,857 [main] INFO  pipeline.SCMPipelineManager (SCMPipelineManager.java:initializePipelineState(128)) - No pipeline exists in current db
2019-09-05 17:44:48,857 [main] WARN  server.ServerUtils (ServerUtils.java:getScmDbDir(145)) - ozone.scm.db.dirs is not configured. We recommend adding this setting. Falling back to ozone.metadata.dirs instead.
2019-09-05 17:44:49,053 [main] WARN  events.EventQueue (EventQueue.java:fireEvent(183)) - No event handler registered for event TypedEvent{payloadType=SafeModeStatus, name='SafeModeStatus'}
2019-09-05 17:44:49,055 [main] INFO  ipc.CallQueueManager (CallQueueManager.java:<init>(84)) - Using callQueue: class java.util.concurrent.LinkedBlockingQueue, queueCapacity: 2000, scheduler: class org.apache.hadoop.ipc.DefaultRpcScheduler, ipcBackoff: false.
2019-09-05 17:44:49,056 [Socket Reader #1 for port 33074] INFO  ipc.Server (Server.java:run(1074)) - Starting Socket Reader #1 for port 33074
2019-09-05 17:44:49,058 [main] INFO  ipc.CallQueueManager (CallQueueManager.java:<init>(84)) - Using callQueue: class java.util.concurrent.LinkedBlockingQueue, queueCapacity: 2000, scheduler: class org.apache.hadoop.ipc.DefaultRpcScheduler, ipcBackoff: false.
2019-09-05 17:44:49,059 [Socket Reader #1 for port 41274] INFO  ipc.Server (Server.java:run(1074)) - Starting Socket Reader #1 for port 41274
2019-09-05 17:44:49,061 [main] INFO  ipc.CallQueueManager (CallQueueManager.java:<init>(84)) - Using callQueue: class java.util.concurrent.LinkedBlockingQueue, queueCapacity: 2000, scheduler: class org.apache.hadoop.ipc.DefaultRpcScheduler, ipcBackoff: false.
2019-09-05 17:44:49,062 [Socket Reader #1 for port 36640] INFO  ipc.Server (Server.java:run(1074)) - Starting Socket Reader #1 for port 36640
2019-09-05 17:44:49,064 [main] INFO  hdfs.DFSUtil (DFSUtil.java:httpServerTemplateForNNAndJN(1641)) - Starting Web-server for scm at: http://0.0.0.0:0
2019-09-05 17:44:49,067 [main] INFO  server.AuthenticationFilter (AuthenticationFilter.java:constructSecretProvider(240)) - Unable to initialize FileSignerSecretProvider, falling back to use random secrets.
2019-09-05 17:44:49,067 [main] WARN  http.HttpRequestLog (HttpRequestLog.java:getRequestLog(97)) - Jetty request log can only be enabled using Log4j
2019-09-05 17:44:49,070 [main] INFO  http.HttpServer2 (HttpServer2.java:addGlobalFilter(975)) - Added global filter 'safety' (class=org.apache.hadoop.http.HttpServer2$QuotingInputFilter)
2019-09-05 17:44:49,070 [main] INFO  http.HttpServer2 (HttpServer2.java:addFilter(948)) - Added filter static_user_filter (class=org.apache.hadoop.http.lib.StaticUserWebFilter$StaticUserFilter) to context scm
2019-09-05 17:44:49,071 [main] INFO  http.HttpServer2 (HttpServer2.java:addFilter(958)) - Added filter static_user_filter (class=org.apache.hadoop.http.lib.StaticUserWebFilter$StaticUserFilter) to context logs
2019-09-05 17:44:49,071 [main] INFO  http.HttpServer2 (HttpServer2.java:addFilter(958)) - Added filter static_user_filter (class=org.apache.hadoop.http.lib.StaticUserWebFilter$StaticUserFilter) to context static
2019-09-05 17:44:49,074 [main] INFO  server.StorageContainerManager (StorageContainerManager.java:start(759)) - StorageContainerLocationProtocol RPC server is listening at /0.0.0.0:36640
2019-09-05 17:44:49,076 [main] WARN  impl.MetricsConfig (MetricsConfig.java:loadFirst(134)) - Cannot locate configuration: tried hadoop-metrics2-storagecontainermanager.properties,hadoop-metrics2.properties
2019-09-05 17:44:49,077 [main] INFO  impl.MetricsSystemImpl (MetricsSystemImpl.java:startTimer(374)) - Scheduled Metric snapshot period at 10 second(s).
2019-09-05 17:44:49,078 [main] INFO  impl.MetricsSystemImpl (MetricsSystemImpl.java:start(191)) - StorageContainerManager metrics system started
2019-09-05 17:44:49,100 [main] WARN  impl.MetricsSystemImpl (MetricsSystemImpl.java:register(276)) - Sink prometheus already exists!
2019-09-05 17:44:49,111 [main] INFO  server.SCMClientProtocolServer (SCMClientProtocolServer.java:start(151)) - RPC server for Client  is listening at /0.0.0.0:36640
2019-09-05 17:44:49,112 [IPC Server Responder] INFO  ipc.Server (Server.java:run(1314)) - IPC Server Responder: starting
2019-09-05 17:44:49,112 [IPC Server listener on 36640] INFO  ipc.Server (Server.java:run(1153)) - IPC Server listener on 36640: starting
2019-09-05 17:44:49,115 [main] INFO  server.StorageContainerManager (StorageContainerManager.java:start(769)) - ScmBlockLocationProtocol RPC server is listening at /0.0.0.0:41274
2019-09-05 17:44:49,115 [main] INFO  server.SCMBlockProtocolServer (SCMBlockProtocolServer.java:start(146)) - RPC server for Block Protocol is listening at /0.0.0.0:41274
2019-09-05 17:44:49,116 [IPC Server Responder] INFO  ipc.Server (Server.java:run(1314)) - IPC Server Responder: starting
2019-09-05 17:44:49,116 [IPC Server listener on 41274] INFO  ipc.Server (Server.java:run(1153)) - IPC Server listener on 41274: starting
2019-09-05 17:44:49,119 [main] INFO  server.StorageContainerManager (StorageContainerManager.java:start(773)) - ScmDatanodeProtocl RPC server is listening at /0.0.0.0:33074
2019-09-05 17:44:49,119 [main] INFO  server.SCMDatanodeProtocolServer (SCMDatanodeProtocolServer.java:start(191)) - RPC server for DataNodes is listening at /0.0.0.0:33074
2019-09-05 17:44:49,120 [IPC Server Responder] INFO  ipc.Server (Server.java:run(1314)) - IPC Server Responder: starting
2019-09-05 17:44:49,120 [IPC Server listener on 33074] INFO  ipc.Server (Server.java:run(1153)) - IPC Server listener on 33074: starting
2019-09-05 17:44:49,123 [main] INFO  http.HttpServer2 (HttpServer2.java:bindListener(1191)) - Jetty bound to port 34060
2019-09-05 17:44:49,123 [main] INFO  server.Server (Server.java:doStart(351)) - jetty-9.3.24.v20180605, build timestamp: 2018-06-05T17:11:56Z, git hash: 84205aa28f11a4f31f2a3b86d1bba2cc8ab69827
2019-09-05 17:44:49,124 [main] INFO  handler.ContextHandler (ContextHandler.java:doStart(781)) - Started o.e.j.s.ServletContextHandler@748f93bb{/logs,file:///workdir/hadoop-ozone/integration-test/target/log,AVAILABLE}
2019-09-05 17:44:49,125 [main] INFO  handler.ContextHandler (ContextHandler.java:doStart(781)) - Started o.e.j.s.ServletContextHandler@2e7157c7{/static,file:///workdir/hadoop-ozone/integration-test/target/test-classes/webapps/static,AVAILABLE}
2019-09-05 17:44:49,130 [main] INFO  handler.ContextHandler (ContextHandler.java:doStart(781)) - Started o.e.j.w.WebAppContext@3e4e8fdf{/,file:///workdir/hadoop-ozone/integration-test/target/test-classes/webapps/scm/,AVAILABLE}{/scm}
2019-09-05 17:44:49,130 [main] INFO  server.AbstractConnector (AbstractConnector.java:doStart(278)) - Started ServerConnector@6a1d6ef2{HTTP/1.1,[http/1.1]}{0.0.0.0:34060}
2019-09-05 17:44:49,131 [main] INFO  server.Server (Server.java:doStart(419)) - Started @50025ms
2019-09-05 17:44:49,131 [main] WARN  impl.MetricsSystemImpl (MetricsSystemImpl.java:register(276)) - Sink prometheus already exists!
2019-09-05 17:44:49,131 [main] INFO  server.BaseHttpServer (BaseHttpServer.java:updateConnectorAddress(215)) - HTTP server of SCM is listening at http://0.0.0.0:34060
2019-09-05 17:44:49,132 [main] WARN  server.ServerUtils (ServerUtils.java:getDBPath(222)) - ozone.om.db.dirs is not configured. We recommend adding this setting. Falling back to ozone.metadata.dirs instead.
2019-09-05 17:44:49,132 [org.apache.hadoop.util.JvmPauseMonitor$Monitor@205df5dc] INFO  util.JvmPauseMonitor (JvmPauseMonitor.java:run(188)) - Starting JVM pause monitor
2019-09-05 17:44:49,162 [main] WARN  server.ServerUtils (ServerUtils.java:getDBPath(222)) - ozone.om.db.dirs is not configured. We recommend adding this setting. Falling back to ozone.metadata.dirs instead.
2019-09-05 17:44:49,163 [main] WARN  server.ServerUtils (ServerUtils.java:getDBPath(222)) - ozone.om.db.dirs is not configured. We recommend adding this setting. Falling back to ozone.metadata.dirs instead.
2019-09-05 17:44:49,163 [main] INFO  om.OzoneManager (OzoneManager.java:setOMNodeDetails(649)) - OM Service ID is not set. Setting it to the default ID: omServiceIdDefault
2019-09-05 17:44:49,163 [main] INFO  om.OzoneManager (OzoneManager.java:setOMNodeDetails(655)) - OM Node ID is not set. Setting it to the OmStorage's OmID: dcc40808-791c-4155-90a2-5e2ba27c348a
2019-09-05 17:44:49,164 [main] INFO  om.OzoneManager (OzoneManager.java:loadOMHAConfigs(606)) - Found matching OM address with OMServiceId: null, OMNodeId: null, RPC Address: localhost:0 and Ratis port: 9872
2019-09-05 17:44:49,171 [main] WARN  server.ServerUtils (ServerUtils.java:getDBPath(222)) - ozone.om.db.dirs is not configured. We recommend adding this setting. Falling back to ozone.metadata.dirs instead.
2019-09-05 17:44:49,172 [main] INFO  db.DBStoreBuilder (DBStoreBuilder.java:addTable(110)) - using custom profile for table: userTable
2019-09-05 17:44:49,172 [main] INFO  db.DBStoreBuilder (DBStoreBuilder.java:processTables(161)) - Using default column profile:DBProfile.DISK for Table:userTable
2019-09-05 17:44:49,172 [main] INFO  db.DBStoreBuilder (DBStoreBuilder.java:addTable(110)) - using custom profile for table: volumeTable
2019-09-05 17:44:49,172 [main] INFO  db.DBStoreBuilder (DBStoreBuilder.java:processTables(161)) - Using default column profile:DBProfile.DISK for Table:volumeTable
2019-09-05 17:44:49,172 [main] INFO  db.DBStoreBuilder (DBStoreBuilder.java:addTable(110)) - using custom profile for table: bucketTable
2019-09-05 17:44:49,172 [main] INFO  db.DBStoreBuilder (DBStoreBuilder.java:processTables(161)) - Using default column profile:DBProfile.DISK for Table:bucketTable
2019-09-05 17:44:49,173 [main] INFO  db.DBStoreBuilder (DBStoreBuilder.java:addTable(110)) - using custom profile for table: keyTable
2019-09-05 17:44:49,173 [main] INFO  db.DBStoreBuilder (DBStoreBuilder.java:processTables(161)) - Using default column profile:DBProfile.DISK for Table:keyTable
2019-09-05 17:44:49,173 [main] INFO  db.DBStoreBuilder (DBStoreBuilder.java:addTable(110)) - using custom profile for table: deletedTable
2019-09-05 17:44:49,173 [main] INFO  db.DBStoreBuilder (DBStoreBuilder.java:processTables(161)) - Using default column profile:DBProfile.DISK for Table:deletedTable
2019-09-05 17:44:49,173 [main] INFO  db.DBStoreBuilder (DBStoreBuilder.java:addTable(110)) - using custom profile for table: openKeyTable
2019-09-05 17:44:49,174 [main] INFO  db.DBStoreBuilder (DBStoreBuilder.java:processTables(161)) - Using default column profile:DBProfile.DISK for Table:openKeyTable
2019-09-05 17:44:49,174 [main] INFO  db.DBStoreBuilder (DBStoreBuilder.java:addTable(110)) - using custom profile for table: s3Table
2019-09-05 17:44:49,174 [main] INFO  db.DBStoreBuilder (DBStoreBuilder.java:processTables(161)) - Using default column profile:DBProfile.DISK for Table:s3Table
2019-09-05 17:44:49,174 [main] INFO  db.DBStoreBuilder (DBStoreBuilder.java:addTable(110)) - using custom profile for table: multipartInfoTable
2019-09-05 17:44:49,174 [main] INFO  db.DBStoreBuilder (DBStoreBuilder.java:processTables(161)) - Using default column profile:DBProfile.DISK for Table:multipartInfoTable
2019-09-05 17:44:49,175 [main] INFO  db.DBStoreBuilder (DBStoreBuilder.java:addTable(110)) - using custom profile for table: dTokenTable
2019-09-05 17:44:49,175 [main] INFO  db.DBStoreBuilder (DBStoreBuilder.java:processTables(161)) - Using default column profile:DBProfile.DISK for Table:dTokenTable
2019-09-05 17:44:49,175 [main] INFO  db.DBStoreBuilder (DBStoreBuilder.java:addTable(110)) - using custom profile for table: s3SecretTable
2019-09-05 17:44:49,175 [main] INFO  db.DBStoreBuilder (DBStoreBuilder.java:processTables(161)) - Using default column profile:DBProfile.DISK for Table:s3SecretTable
2019-09-05 17:44:49,176 [main] INFO  db.DBStoreBuilder (DBStoreBuilder.java:addTable(110)) - using custom profile for table: prefixTable
2019-09-05 17:44:49,176 [main] INFO  db.DBStoreBuilder (DBStoreBuilder.java:processTables(161)) - Using default column profile:DBProfile.DISK for Table:prefixTable
2019-09-05 17:44:49,176 [main] INFO  db.DBStoreBuilder (DBStoreBuilder.java:addTable(110)) - using custom profile for table: default
2019-09-05 17:44:49,176 [main] INFO  db.DBStoreBuilder (DBStoreBuilder.java:processTables(167)) - Using default column profile:DBProfile.DISK for Table:default
2019-09-05 17:44:49,176 [main] INFO  db.DBStoreBuilder (DBStoreBuilder.java:getDbProfile(198)) - Using default options. DBProfile.DISK
2019-09-05 17:44:56,854 [main] INFO  ipc.CallQueueManager (CallQueueManager.java:<init>(84)) - Using callQueue: class java.util.concurrent.LinkedBlockingQueue, queueCapacity: 2000, scheduler: class org.apache.hadoop.ipc.DefaultRpcScheduler, ipcBackoff: false.
2019-09-05 17:44:56,855 [Socket Reader #1 for port 40550] INFO  ipc.Server (Server.java:run(1074)) - Starting Socket Reader #1 for port 40550
2019-09-05 17:44:56,866 [main] INFO  om.OzoneManager (OzoneManager.java:start(1240)) - OzoneManager RPC server is listening at localhost/127.0.0.1:40550
2019-09-05 17:44:56,867 [main] INFO  impl.MetricsSystemImpl (MetricsSystemImpl.java:init(158)) - OzoneManager metrics system started (again)
2019-09-05 17:44:56,867 [IPC Server Responder] INFO  ipc.Server (Server.java:run(1314)) - IPC Server Responder: starting
2019-09-05 17:44:56,867 [IPC Server listener on 40550] INFO  ipc.Server (Server.java:run(1153)) - IPC Server listener on 40550: starting
2019-09-05 17:44:56,871 [main] INFO  hdfs.DFSUtil (DFSUtil.java:httpServerTemplateForNNAndJN(1641)) - Starting Web-server for ozoneManager at: http://0.0.0.0:0
2019-09-05 17:44:56,872 [main] INFO  server.AuthenticationFilter (AuthenticationFilter.java:constructSecretProvider(240)) - Unable to initialize FileSignerSecretProvider, falling back to use random secrets.
2019-09-05 17:44:56,872 [main] WARN  http.HttpRequestLog (HttpRequestLog.java:getRequestLog(97)) - Jetty request log can only be enabled using Log4j
2019-09-05 17:44:56,874 [main] INFO  http.HttpServer2 (HttpServer2.java:addGlobalFilter(975)) - Added global filter 'safety' (class=org.apache.hadoop.http.HttpServer2$QuotingInputFilter)
2019-09-05 17:44:56,874 [main] INFO  http.HttpServer2 (HttpServer2.java:addFilter(948)) - Added filter static_user_filter (class=org.apache.hadoop.http.lib.StaticUserWebFilter$StaticUserFilter) to context ozoneManager
2019-09-05 17:44:56,874 [main] INFO  http.HttpServer2 (HttpServer2.java:addFilter(958)) - Added filter static_user_filter (class=org.apache.hadoop.http.lib.StaticUserWebFilter$StaticUserFilter) to context logs
2019-09-05 17:44:56,874 [main] INFO  http.HttpServer2 (HttpServer2.java:addFilter(958)) - Added filter static_user_filter (class=org.apache.hadoop.http.lib.StaticUserWebFilter$StaticUserFilter) to context static
2019-09-05 17:44:56,875 [main] INFO  http.HttpServer2 (HttpServer2.java:bindListener(1191)) - Jetty bound to port 46304
2019-09-05 17:44:56,875 [main] INFO  server.Server (Server.java:doStart(351)) - jetty-9.3.24.v20180605, build timestamp: 2018-06-05T17:11:56Z, git hash: 84205aa28f11a4f31f2a3b86d1bba2cc8ab69827
2019-09-05 17:44:56,876 [main] INFO  handler.ContextHandler (ContextHandler.java:doStart(781)) - Started o.e.j.s.ServletContextHandler@49a6f486{/logs,file:///workdir/hadoop-ozone/integration-test/target/log,AVAILABLE}
2019-09-05 17:44:56,877 [main] INFO  handler.ContextHandler (ContextHandler.java:doStart(781)) - Started o.e.j.s.ServletContextHandler@bc6288b{/static,file:///workdir/hadoop-ozone/integration-test/target/test-classes/webapps/static,AVAILABLE}
2019-09-05 17:44:56,880 [main] INFO  handler.ContextHandler (ContextHandler.java:doStart(781)) - Started o.e.j.w.WebAppContext@4a8a0099{/,file:///workdir/hadoop-ozone/integration-test/target/test-classes/webapps/ozoneManager/,AVAILABLE}{/ozoneManager}
2019-09-05 17:44:56,881 [main] INFO  server.AbstractConnector (AbstractConnector.java:doStart(278)) - Started ServerConnector@7c1447b5{HTTP/1.1,[http/1.1]}{0.0.0.0:46304}
2019-09-05 17:44:56,881 [main] INFO  server.Server (Server.java:doStart(419)) - Started @57776ms
2019-09-05 17:44:56,882 [main] WARN  impl.MetricsSystemImpl (MetricsSystemImpl.java:register(276)) - Sink prometheus already exists!
2019-09-05 17:44:56,882 [main] INFO  server.BaseHttpServer (BaseHttpServer.java:updateConnectorAddress(215)) - HTTP server of OZONEMANAGER is listening at http://0.0.0.0:46304
2019-09-05 17:44:56,901 [main] INFO  impl.MetricsSystemImpl (MetricsSystemImpl.java:init(158)) - HddsDatanode metrics system started (again)
2019-09-05 17:44:56,903 [main] INFO  ozone.HddsDatanodeService (HddsDatanodeService.java:start(184)) - HddsDatanodeService host:pr-hdds-2007-hnd8f-2977735972 ip:192.168.36.125
2019-09-05 17:44:56,909 [main] INFO  volume.HddsVolume (HddsVolume.java:<init>(176)) - Creating Volume: /workdir/hadoop-ozone/integration-test/target/test-dir/MiniOzoneClusterImpl-16d58beb-b20c-491b-8614-42ba02276836/datanode-0/data/containers/hdds of  storage type : DISK and capacity : 1482555576320
2019-09-05 17:44:56,909 [main] INFO  volume.VolumeSet (VolumeSet.java:initializeVolumeSet(170)) - Added Volume : /workdir/hadoop-ozone/integration-test/target/test-dir/MiniOzoneClusterImpl-16d58beb-b20c-491b-8614-42ba02276836/datanode-0/data/containers/hdds to VolumeSet
2019-09-05 17:44:56,910 [main] INFO  volume.ThrottledAsyncChecker (ThrottledAsyncChecker.java:schedule(140)) - Scheduling a check for org.apache.hadoop.ozone.container.common.volume.HddsVolume@2db2a05f
2019-09-05 17:44:56,910 [main] INFO  volume.HddsVolumeChecker (HddsVolumeChecker.java:checkAllVolumes(203)) - Scheduled health check for volume org.apache.hadoop.ozone.container.common.volume.HddsVolume@2db2a05f
2019-09-05 17:44:56,923 [main] INFO  impl.RaftServerProxy (ConfUtils.java:logGet(43)) - raft.rpc.type = GRPC (default)
2019-09-05 17:44:56,924 [main] INFO  grpc.GrpcFactory (GrpcFactory.java:checkPooledByteBufAllocatorUseCacheForAllThreads(45)) - PERFORMANCE WARNING: useCacheForAllThreads is true that may cause Netty to create a lot garbage objects and, as a result, trigger GC.
	It is recommended to disable useCacheForAllThreads by setting -Dorg.apache.ratis.thirdparty.io.netty.allocator.useCacheForAllThreads=false in command line.
2019-09-05 17:44:56,924 [main] INFO  grpc.GrpcConfigKeys$Server (ConfUtils.java:logGet(43)) - raft.grpc.server.port = 0 (default)
2019-09-05 17:44:56,924 [main] INFO  server.GrpcService (ConfUtils.java:logGet(43)) - raft.grpc.message.size.max = 33570816 (custom)
2019-09-05 17:44:56,924 [main] INFO  server.RaftServerConfigKeys (ConfUtils.java:logGet(43)) - raft.server.log.appender.buffer.byte-limit = 33554432 (custom)
2019-09-05 17:44:56,924 [main] INFO  server.GrpcService (ConfUtils.java:logGet(43)) - raft.grpc.flow.control.window = 1MB (=1048576) (default)
2019-09-05 17:44:56,925 [main] INFO  server.RaftServerConfigKeys (ConfUtils.java:logGet(43)) - raft.server.rpc.request.timeout = 3000ms (default)
2019-09-05 17:44:56,925 [main] INFO  server.RaftServerConfigKeys (ConfUtils.java:logGet(43)) - raft.server.storage.dir = [/workdir/hadoop-ozone/integration-test/target/test-dir/MiniOzoneClusterImpl-16d58beb-b20c-491b-8614-42ba02276836/datanode-0/data/ratis] (custom)
2019-09-05 17:44:56,927 [main] INFO  hdfs.DFSUtil (DFSUtil.java:httpServerTemplateForNNAndJN(1641)) - Starting Web-server for hddsDatanode at: http://0.0.0.0:0
2019-09-05 17:44:56,929 [main] INFO  server.AuthenticationFilter (AuthenticationFilter.java:constructSecretProvider(240)) - Unable to initialize FileSignerSecretProvider, falling back to use random secrets.
2019-09-05 17:44:56,930 [main] WARN  http.HttpRequestLog (HttpRequestLog.java:getRequestLog(97)) - Jetty request log can only be enabled using Log4j
2019-09-05 17:44:56,932 [main] INFO  http.HttpServer2 (HttpServer2.java:addGlobalFilter(975)) - Added global filter 'safety' (class=org.apache.hadoop.http.HttpServer2$QuotingInputFilter)
2019-09-05 17:44:56,933 [main] INFO  http.HttpServer2 (HttpServer2.java:addFilter(948)) - Added filter static_user_filter (class=org.apache.hadoop.http.lib.StaticUserWebFilter$StaticUserFilter) to context hddsDatanode
2019-09-05 17:44:56,933 [main] INFO  http.HttpServer2 (HttpServer2.java:addFilter(958)) - Added filter static_user_filter (class=org.apache.hadoop.http.lib.StaticUserWebFilter$StaticUserFilter) to context static
2019-09-05 17:44:56,933 [main] INFO  http.HttpServer2 (HttpServer2.java:addFilter(958)) - Added filter static_user_filter (class=org.apache.hadoop.http.lib.StaticUserWebFilter$StaticUserFilter) to context logs
2019-09-05 17:44:56,934 [main] INFO  http.HttpServer2 (HttpServer2.java:bindListener(1191)) - Jetty bound to port 46078
2019-09-05 17:44:56,934 [main] INFO  server.Server (Server.java:doStart(351)) - jetty-9.3.24.v20180605, build timestamp: 2018-06-05T17:11:56Z, git hash: 84205aa28f11a4f31f2a3b86d1bba2cc8ab69827
2019-09-05 17:44:56,935 [main] INFO  handler.ContextHandler (ContextHandler.java:doStart(781)) - Started o.e.j.s.ServletContextHandler@2cd4e16a{/logs,file:///workdir/hadoop-ozone/integration-test/target/log,AVAILABLE}
2019-09-05 17:44:56,936 [main] INFO  handler.ContextHandler (ContextHandler.java:doStart(781)) - Started o.e.j.s.ServletContextHandler@7b477141{/static,jar:file:/home/user/.m2/repository/org/apache/hadoop/hadoop-hdds-container-service/0.5.0-SNAPSHOT/hadoop-hdds-container-service-0.5.0-SNAPSHOT.jar!/webapps/static,AVAILABLE}
2019-09-05 17:44:56,962 [main] INFO  handler.ContextHandler (ContextHandler.java:doStart(781)) - Started o.e.j.w.WebAppContext@72eb6200{/,file:///tmp/jetty-0.0.0.0-46078-hddsDatanode-_-any-8109663562788363353.dir/webapp/,AVAILABLE}{/hddsDatanode}
2019-09-05 17:44:56,963 [main] INFO  server.AbstractConnector (AbstractConnector.java:doStart(278)) - Started ServerConnector@76ececd{HTTP/1.1,[http/1.1]}{0.0.0.0:46078}
2019-09-05 17:44:56,964 [main] INFO  server.Server (Server.java:doStart(419)) - Started @57858ms
2019-09-05 17:44:56,964 [main] WARN  impl.MetricsSystemImpl (MetricsSystemImpl.java:register(276)) - Sink prometheus already exists!
2019-09-05 17:44:56,964 [main] INFO  server.BaseHttpServer (BaseHttpServer.java:updateConnectorAddress(215)) - HTTP server of HDDSDATANODE is listening at http://0.0.0.0:46078
2019-09-05 17:44:56,965 [main] INFO  impl.MetricsSystemImpl (MetricsSystemImpl.java:init(158)) - HddsDatanode metrics system started (again)
2019-09-05 17:44:56,967 [org.apache.hadoop.util.JvmPauseMonitor$Monitor@b6e27c0] INFO  util.JvmPauseMonitor (JvmPauseMonitor.java:run(188)) - Starting JVM pause monitor
2019-09-05 17:44:56,968 [main] INFO  ozone.HddsDatanodeService (HddsDatanodeService.java:start(184)) - HddsDatanodeService host:pr-hdds-2007-hnd8f-2977735972 ip:192.168.36.125
2019-09-05 17:44:56,970 [Datanode State Machine Thread - 0] INFO  datanode.InitDatanodeState (InitDatanodeState.java:persistContainerDatanodeDetails(140)) - DatanodeDetails is persisted to /workdir/hadoop-ozone/integration-test/target/test-dir/MiniOzoneClusterImpl-16d58beb-b20c-491b-8614-42ba02276836/datanode-0/meta/datanode.id
2019-09-05 17:44:56,973 [main] INFO  volume.HddsVolume (HddsVolume.java:<init>(176)) - Creating Volume: /workdir/hadoop-ozone/integration-test/target/test-dir/MiniOzoneClusterImpl-16d58beb-b20c-491b-8614-42ba02276836/datanode-1/data/containers/hdds of  storage type : DISK and capacity : 1482555576320
2019-09-05 17:44:56,973 [main] INFO  volume.VolumeSet (VolumeSet.java:initializeVolumeSet(170)) - Added Volume : /workdir/hadoop-ozone/integration-test/target/test-dir/MiniOzoneClusterImpl-16d58beb-b20c-491b-8614-42ba02276836/datanode-1/data/containers/hdds to VolumeSet
2019-09-05 17:44:56,973 [main] INFO  volume.ThrottledAsyncChecker (ThrottledAsyncChecker.java:schedule(140)) - Scheduling a check for org.apache.hadoop.ozone.container.common.volume.HddsVolume@3f5156a6
2019-09-05 17:44:56,974 [main] INFO  volume.HddsVolumeChecker (HddsVolumeChecker.java:checkAllVolumes(203)) - Scheduled health check for volume org.apache.hadoop.ozone.container.common.volume.HddsVolume@3f5156a6
2019-09-05 17:44:56,995 [main] INFO  impl.RaftServerProxy (ConfUtils.java:logGet(43)) - raft.rpc.type = GRPC (default)
2019-09-05 17:44:56,995 [main] INFO  grpc.GrpcFactory (GrpcFactory.java:checkPooledByteBufAllocatorUseCacheForAllThreads(45)) - PERFORMANCE WARNING: useCacheForAllThreads is true that may cause Netty to create a lot garbage objects and, as a result, trigger GC.
	It is recommended to disable useCacheForAllThreads by setting -Dorg.apache.ratis.thirdparty.io.netty.allocator.useCacheForAllThreads=false in command line.
2019-09-05 17:44:56,996 [main] INFO  grpc.GrpcConfigKeys$Server (ConfUtils.java:logGet(43)) - raft.grpc.server.port = 0 (default)
2019-09-05 17:44:56,996 [main] INFO  server.GrpcService (ConfUtils.java:logGet(43)) - raft.grpc.message.size.max = 33570816 (custom)
2019-09-05 17:44:56,996 [main] INFO  server.RaftServerConfigKeys (ConfUtils.java:logGet(43)) - raft.server.log.appender.buffer.byte-limit = 33554432 (custom)
2019-09-05 17:44:56,997 [main] INFO  server.GrpcService (ConfUtils.java:logGet(43)) - raft.grpc.flow.control.window = 1MB (=1048576) (default)
2019-09-05 17:44:56,997 [main] INFO  server.RaftServerConfigKeys (ConfUtils.java:logGet(43)) - raft.server.rpc.request.timeout = 3000ms (default)
2019-09-05 17:44:56,998 [main] INFO  server.RaftServerConfigKeys (ConfUtils.java:logGet(43)) - raft.server.storage.dir = [/workdir/hadoop-ozone/integration-test/target/test-dir/MiniOzoneClusterImpl-16d58beb-b20c-491b-8614-42ba02276836/datanode-1/data/ratis] (custom)
2019-09-05 17:44:56,999 [main] INFO  hdfs.DFSUtil (DFSUtil.java:httpServerTemplateForNNAndJN(1641)) - Starting Web-server for hddsDatanode at: http://0.0.0.0:0
2019-09-05 17:44:57,001 [main] INFO  server.AuthenticationFilter (AuthenticationFilter.java:constructSecretProvider(240)) - Unable to initialize FileSignerSecretProvider, falling back to use random secrets.
2019-09-05 17:44:57,002 [main] WARN  http.HttpRequestLog (HttpRequestLog.java:getRequestLog(97)) - Jetty request log can only be enabled using Log4j
2019-09-05 17:44:57,005 [main] INFO  http.HttpServer2 (HttpServer2.java:addGlobalFilter(975)) - Added global filter 'safety' (class=org.apache.hadoop.http.HttpServer2$QuotingInputFilter)
2019-09-05 17:44:57,006 [main] INFO  http.HttpServer2 (HttpServer2.java:addFilter(948)) - Added filter static_user_filter (class=org.apache.hadoop.http.lib.StaticUserWebFilter$StaticUserFilter) to context hddsDatanode
2019-09-05 17:44:57,006 [main] INFO  http.HttpServer2 (HttpServer2.java:addFilter(958)) - Added filter static_user_filter (class=org.apache.hadoop.http.lib.StaticUserWebFilter$StaticUserFilter) to context static
2019-09-05 17:44:57,006 [main] INFO  http.HttpServer2 (HttpServer2.java:addFilter(958)) - Added filter static_user_filter (class=org.apache.hadoop.http.lib.StaticUserWebFilter$StaticUserFilter) to context logs
2019-09-05 17:44:57,008 [main] INFO  http.HttpServer2 (HttpServer2.java:bindListener(1191)) - Jetty bound to port 40575
2019-09-05 17:44:57,008 [main] INFO  server.Server (Server.java:doStart(351)) - jetty-9.3.24.v20180605, build timestamp: 2018-06-05T17:11:56Z, git hash: 84205aa28f11a4f31f2a3b86d1bba2cc8ab69827
2019-09-05 17:44:57,010 [main] INFO  handler.ContextHandler (ContextHandler.java:doStart(781)) - Started o.e.j.s.ServletContextHandler@1e977098{/logs,file:///workdir/hadoop-ozone/integration-test/target/log,AVAILABLE}
2019-09-05 17:44:57,011 [main] INFO  handler.ContextHandler (ContextHandler.java:doStart(781)) - Started o.e.j.s.ServletContextHandler@6690b9fa{/static,jar:file:/home/user/.m2/repository/org/apache/hadoop/hadoop-hdds-container-service/0.5.0-SNAPSHOT/hadoop-hdds-container-service-0.5.0-SNAPSHOT.jar!/webapps/static,AVAILABLE}
2019-09-05 17:44:57,050 [main] INFO  handler.ContextHandler (ContextHandler.java:doStart(781)) - Started o.e.j.w.WebAppContext@6d091cad{/,file:///tmp/jetty-0.0.0.0-40575-hddsDatanode-_-any-6792680391095485841.dir/webapp/,AVAILABLE}{/hddsDatanode}
2019-09-05 17:44:57,051 [main] INFO  server.AbstractConnector (AbstractConnector.java:doStart(278)) - Started ServerConnector@7c663eaf{HTTP/1.1,[http/1.1]}{0.0.0.0:40575}
2019-09-05 17:44:57,052 [main] INFO  server.Server (Server.java:doStart(419)) - Started @57947ms
2019-09-05 17:44:57,052 [main] WARN  impl.MetricsSystemImpl (MetricsSystemImpl.java:register(276)) - Sink prometheus already exists!
2019-09-05 17:44:57,053 [main] INFO  server.BaseHttpServer (BaseHttpServer.java:updateConnectorAddress(215)) - HTTP server of HDDSDATANODE is listening at http://0.0.0.0:40575
2019-09-05 17:44:57,054 [main] INFO  impl.MetricsSystemImpl (MetricsSystemImpl.java:init(158)) - HddsDatanode metrics system started (again)
2019-09-05 17:44:57,057 [org.apache.hadoop.util.JvmPauseMonitor$Monitor@e32ffa8] INFO  util.JvmPauseMonitor (JvmPauseMonitor.java:run(188)) - Starting JVM pause monitor
2019-09-05 17:44:57,057 [main] INFO  ozone.HddsDatanodeService (HddsDatanodeService.java:start(184)) - HddsDatanodeService host:pr-hdds-2007-hnd8f-2977735972 ip:192.168.36.125
2019-09-05 17:44:57,059 [Datanode State Machine Thread - 0] INFO  datanode.InitDatanodeState (InitDatanodeState.java:persistContainerDatanodeDetails(140)) - DatanodeDetails is persisted to /workdir/hadoop-ozone/integration-test/target/test-dir/MiniOzoneClusterImpl-16d58beb-b20c-491b-8614-42ba02276836/datanode-1/meta/datanode.id
2019-09-05 17:44:57,063 [main] INFO  volume.HddsVolume (HddsVolume.java:<init>(176)) - Creating Volume: /workdir/hadoop-ozone/integration-test/target/test-dir/MiniOzoneClusterImpl-16d58beb-b20c-491b-8614-42ba02276836/datanode-2/data/containers/hdds of  storage type : DISK and capacity : 1482555576320
2019-09-05 17:44:57,063 [main] INFO  volume.VolumeSet (VolumeSet.java:initializeVolumeSet(170)) - Added Volume : /workdir/hadoop-ozone/integration-test/target/test-dir/MiniOzoneClusterImpl-16d58beb-b20c-491b-8614-42ba02276836/datanode-2/data/containers/hdds to VolumeSet
2019-09-05 17:44:57,063 [main] INFO  volume.ThrottledAsyncChecker (ThrottledAsyncChecker.java:schedule(140)) - Scheduling a check for org.apache.hadoop.ozone.container.common.volume.HddsVolume@3c9c6245
2019-09-05 17:44:57,064 [main] INFO  volume.HddsVolumeChecker (HddsVolumeChecker.java:checkAllVolumes(203)) - Scheduled health check for volume org.apache.hadoop.ozone.container.common.volume.HddsVolume@3c9c6245
2019-09-05 17:44:57,087 [main] INFO  impl.RaftServerProxy (ConfUtils.java:logGet(43)) - raft.rpc.type = GRPC (default)
2019-09-05 17:44:57,088 [main] INFO  grpc.GrpcFactory (GrpcFactory.java:checkPooledByteBufAllocatorUseCacheForAllThreads(45)) - PERFORMANCE WARNING: useCacheForAllThreads is true that may cause Netty to create a lot garbage objects and, as a result, trigger GC.
	It is recommended to disable useCacheForAllThreads by setting -Dorg.apache.ratis.thirdparty.io.netty.allocator.useCacheForAllThreads=false in command line.
2019-09-05 17:44:57,088 [main] INFO  grpc.GrpcConfigKeys$Server (ConfUtils.java:logGet(43)) - raft.grpc.server.port = 0 (default)
2019-09-05 17:44:57,088 [main] INFO  server.GrpcService (ConfUtils.java:logGet(43)) - raft.grpc.message.size.max = 33570816 (custom)
2019-09-05 17:44:57,088 [main] INFO  server.RaftServerConfigKeys (ConfUtils.java:logGet(43)) - raft.server.log.appender.buffer.byte-limit = 33554432 (custom)
2019-09-05 17:44:57,088 [main] INFO  server.GrpcService (ConfUtils.java:logGet(43)) - raft.grpc.flow.control.window = 1MB (=1048576) (default)
2019-09-05 17:44:57,089 [main] INFO  server.RaftServerConfigKeys (ConfUtils.java:logGet(43)) - raft.server.rpc.request.timeout = 3000ms (default)
2019-09-05 17:44:57,089 [main] INFO  server.RaftServerConfigKeys (ConfUtils.java:logGet(43)) - raft.server.storage.dir = [/workdir/hadoop-ozone/integration-test/target/test-dir/MiniOzoneClusterImpl-16d58beb-b20c-491b-8614-42ba02276836/datanode-2/data/ratis] (custom)
2019-09-05 17:44:57,091 [main] INFO  hdfs.DFSUtil (DFSUtil.java:httpServerTemplateForNNAndJN(1641)) - Starting Web-server for hddsDatanode at: http://0.0.0.0:0
2019-09-05 17:44:57,092 [main] INFO  server.AuthenticationFilter (AuthenticationFilter.java:constructSecretProvider(240)) - Unable to initialize FileSignerSecretProvider, falling back to use random secrets.
2019-09-05 17:44:57,092 [main] WARN  http.HttpRequestLog (HttpRequestLog.java:getRequestLog(97)) - Jetty request log can only be enabled using Log4j
2019-09-05 17:44:57,094 [main] INFO  http.HttpServer2 (HttpServer2.java:addGlobalFilter(975)) - Added global filter 'safety' (class=org.apache.hadoop.http.HttpServer2$QuotingInputFilter)
2019-09-05 17:44:57,096 [main] INFO  http.HttpServer2 (HttpServer2.java:addFilter(948)) - Added filter static_user_filter (class=org.apache.hadoop.http.lib.StaticUserWebFilter$StaticUserFilter) to context hddsDatanode
2019-09-05 17:44:57,096 [main] INFO  http.HttpServer2 (HttpServer2.java:addFilter(958)) - Added filter static_user_filter (class=org.apache.hadoop.http.lib.StaticUserWebFilter$StaticUserFilter) to context logs
2019-09-05 17:44:57,097 [main] INFO  http.HttpServer2 (HttpServer2.java:addFilter(958)) - Added filter static_user_filter (class=org.apache.hadoop.http.lib.StaticUserWebFilter$StaticUserFilter) to context static
2019-09-05 17:44:57,100 [main] INFO  http.HttpServer2 (HttpServer2.java:bindListener(1191)) - Jetty bound to port 42464
2019-09-05 17:44:57,101 [main] INFO  server.Server (Server.java:doStart(351)) - jetty-9.3.24.v20180605, build timestamp: 2018-06-05T17:11:56Z, git hash: 84205aa28f11a4f31f2a3b86d1bba2cc8ab69827
2019-09-05 17:44:57,132 [main] INFO  handler.ContextHandler (ContextHandler.java:doStart(781)) - Started o.e.j.s.ServletContextHandler@2577a95d{/logs,file:///workdir/hadoop-ozone/integration-test/target/log,AVAILABLE}
2019-09-05 17:44:57,132 [main] INFO  handler.ContextHandler (ContextHandler.java:doStart(781)) - Started o.e.j.s.ServletContextHandler@63300c4b{/static,jar:file:/home/user/.m2/repository/org/apache/hadoop/hadoop-hdds-container-service/0.5.0-SNAPSHOT/hadoop-hdds-container-service-0.5.0-SNAPSHOT.jar!/webapps/static,AVAILABLE}
2019-09-05 17:44:57,179 [main] INFO  handler.ContextHandler (ContextHandler.java:doStart(781)) - Started o.e.j.w.WebAppContext@7a3b7122{/,file:///tmp/jetty-0.0.0.0-42464-hddsDatanode-_-any-1487169337907019132.dir/webapp/,AVAILABLE}{/hddsDatanode}
2019-09-05 17:44:57,181 [main] INFO  server.AbstractConnector (AbstractConnector.java:doStart(278)) - Started ServerConnector@58b5a2f3{HTTP/1.1,[http/1.1]}{0.0.0.0:42464}
2019-09-05 17:44:57,182 [main] INFO  server.Server (Server.java:doStart(419)) - Started @58076ms
2019-09-05 17:44:57,182 [main] WARN  impl.MetricsSystemImpl (MetricsSystemImpl.java:register(276)) - Sink prometheus already exists!
2019-09-05 17:44:57,183 [main] INFO  server.BaseHttpServer (BaseHttpServer.java:updateConnectorAddress(215)) - HTTP server of HDDSDATANODE is listening at http://0.0.0.0:42464
2019-09-05 17:44:57,183 [main] INFO  impl.MetricsSystemImpl (MetricsSystemImpl.java:init(158)) - HddsDatanode metrics system started (again)
2019-09-05 17:44:57,185 [org.apache.hadoop.util.JvmPauseMonitor$Monitor@8d31750] INFO  util.JvmPauseMonitor (JvmPauseMonitor.java:run(188)) - Starting JVM pause monitor
2019-09-05 17:44:57,188 [main] INFO  ozone.HddsDatanodeService (HddsDatanodeService.java:start(184)) - HddsDatanodeService host:pr-hdds-2007-hnd8f-2977735972 ip:192.168.36.125
2019-09-05 17:44:57,189 [Datanode State Machine Thread - 0] INFO  datanode.InitDatanodeState (InitDatanodeState.java:persistContainerDatanodeDetails(140)) - DatanodeDetails is persisted to /workdir/hadoop-ozone/integration-test/target/test-dir/MiniOzoneClusterImpl-16d58beb-b20c-491b-8614-42ba02276836/datanode-2/meta/datanode.id
2019-09-05 17:44:57,194 [main] INFO  volume.HddsVolume (HddsVolume.java:<init>(176)) - Creating Volume: /workdir/hadoop-ozone/integration-test/target/test-dir/MiniOzoneClusterImpl-16d58beb-b20c-491b-8614-42ba02276836/datanode-3/data/containers/hdds of  storage type : DISK and capacity : 1482555576320
2019-09-05 17:44:57,194 [main] INFO  volume.VolumeSet (VolumeSet.java:initializeVolumeSet(170)) - Added Volume : /workdir/hadoop-ozone/integration-test/target/test-dir/MiniOzoneClusterImpl-16d58beb-b20c-491b-8614-42ba02276836/datanode-3/data/containers/hdds to VolumeSet
2019-09-05 17:44:57,194 [main] INFO  volume.ThrottledAsyncChecker (ThrottledAsyncChecker.java:schedule(140)) - Scheduling a check for org.apache.hadoop.ozone.container.common.volume.HddsVolume@1d8b0500
2019-09-05 17:44:57,195 [main] INFO  volume.HddsVolumeChecker (HddsVolumeChecker.java:checkAllVolumes(203)) - Scheduled health check for volume org.apache.hadoop.ozone.container.common.volume.HddsVolume@1d8b0500
2019-09-05 17:44:57,210 [main] INFO  impl.RaftServerProxy (ConfUtils.java:logGet(43)) - raft.rpc.type = GRPC (default)
2019-09-05 17:44:57,210 [main] INFO  grpc.GrpcFactory (GrpcFactory.java:checkPooledByteBufAllocatorUseCacheForAllThreads(45)) - PERFORMANCE WARNING: useCacheForAllThreads is true that may cause Netty to create a lot garbage objects and, as a result, trigger GC.
	It is recommended to disable useCacheForAllThreads by setting -Dorg.apache.ratis.thirdparty.io.netty.allocator.useCacheForAllThreads=false in command line.
2019-09-05 17:44:57,210 [main] INFO  grpc.GrpcConfigKeys$Server (ConfUtils.java:logGet(43)) - raft.grpc.server.port = 0 (default)
2019-09-05 17:44:57,211 [main] INFO  server.GrpcService (ConfUtils.java:logGet(43)) - raft.grpc.message.size.max = 33570816 (custom)
2019-09-05 17:44:57,211 [main] INFO  server.RaftServerConfigKeys (ConfUtils.java:logGet(43)) - raft.server.log.appender.buffer.byte-limit = 33554432 (custom)
2019-09-05 17:44:57,211 [main] INFO  server.GrpcService (ConfUtils.java:logGet(43)) - raft.grpc.flow.control.window = 1MB (=1048576) (default)
2019-09-05 17:44:57,211 [main] INFO  server.RaftServerConfigKeys (ConfUtils.java:logGet(43)) - raft.server.rpc.request.timeout = 3000ms (default)
2019-09-05 17:44:57,212 [main] INFO  server.RaftServerConfigKeys (ConfUtils.java:logGet(43)) - raft.server.storage.dir = [/workdir/hadoop-ozone/integration-test/target/test-dir/MiniOzoneClusterImpl-16d58beb-b20c-491b-8614-42ba02276836/datanode-3/data/ratis] (custom)
2019-09-05 17:44:57,213 [main] INFO  hdfs.DFSUtil (DFSUtil.java:httpServerTemplateForNNAndJN(1641)) - Starting Web-server for hddsDatanode at: http://0.0.0.0:0
2019-09-05 17:44:57,214 [main] INFO  server.AuthenticationFilter (AuthenticationFilter.java:constructSecretProvider(240)) - Unable to initialize FileSignerSecretProvider, falling back to use random secrets.
2019-09-05 17:44:57,215 [main] WARN  http.HttpRequestLog (HttpRequestLog.java:getRequestLog(97)) - Jetty request log can only be enabled using Log4j
2019-09-05 17:44:57,216 [main] INFO  http.HttpServer2 (HttpServer2.java:addGlobalFilter(975)) - Added global filter 'safety' (class=org.apache.hadoop.http.HttpServer2$QuotingInputFilter)
2019-09-05 17:44:57,216 [main] INFO  http.HttpServer2 (HttpServer2.java:addFilter(948)) - Added filter static_user_filter (class=org.apache.hadoop.http.lib.StaticUserWebFilter$StaticUserFilter) to context hddsDatanode
2019-09-05 17:44:57,216 [main] INFO  http.HttpServer2 (HttpServer2.java:addFilter(958)) - Added filter static_user_filter (class=org.apache.hadoop.http.lib.StaticUserWebFilter$StaticUserFilter) to context logs
2019-09-05 17:44:57,217 [main] INFO  http.HttpServer2 (HttpServer2.java:addFilter(958)) - Added filter static_user_filter (class=org.apache.hadoop.http.lib.StaticUserWebFilter$StaticUserFilter) to context static
2019-09-05 17:44:57,217 [main] INFO  http.HttpServer2 (HttpServer2.java:bindListener(1191)) - Jetty bound to port 34827
2019-09-05 17:44:57,217 [main] INFO  server.Server (Server.java:doStart(351)) - jetty-9.3.24.v20180605, build timestamp: 2018-06-05T17:11:56Z, git hash: 84205aa28f11a4f31f2a3b86d1bba2cc8ab69827
2019-09-05 17:44:57,219 [main] INFO  handler.ContextHandler (ContextHandler.java:doStart(781)) - Started o.e.j.s.ServletContextHandler@54e12f4c{/logs,file:///workdir/hadoop-ozone/integration-test/target/log,AVAILABLE}
2019-09-05 17:44:57,220 [main] INFO  handler.ContextHandler (ContextHandler.java:doStart(781)) - Started o.e.j.s.ServletContextHandler@4d84049a{/static,jar:file:/home/user/.m2/repository/org/apache/hadoop/hadoop-hdds-container-service/0.5.0-SNAPSHOT/hadoop-hdds-container-service-0.5.0-SNAPSHOT.jar!/webapps/static,AVAILABLE}
2019-09-05 17:44:57,256 [main] INFO  handler.ContextHandler (ContextHandler.java:doStart(781)) - Started o.e.j.w.WebAppContext@430b2699{/,file:///tmp/jetty-0.0.0.0-34827-hddsDatanode-_-any-9015481942544281260.dir/webapp/,AVAILABLE}{/hddsDatanode}
2019-09-05 17:44:57,257 [main] INFO  server.AbstractConnector (AbstractConnector.java:doStart(278)) - Started ServerConnector@67536ae0{HTTP/1.1,[http/1.1]}{0.0.0.0:34827}
2019-09-05 17:44:57,258 [main] INFO  server.Server (Server.java:doStart(419)) - Started @58152ms
2019-09-05 17:44:57,258 [main] WARN  impl.MetricsSystemImpl (MetricsSystemImpl.java:register(276)) - Sink prometheus already exists!
2019-09-05 17:44:57,259 [main] INFO  server.BaseHttpServer (BaseHttpServer.java:updateConnectorAddress(215)) - HTTP server of HDDSDATANODE is listening at http://0.0.0.0:34827
2019-09-05 17:44:57,259 [main] INFO  impl.MetricsSystemImpl (MetricsSystemImpl.java:init(158)) - HddsDatanode metrics system started (again)
2019-09-05 17:44:57,261 [org.apache.hadoop.util.JvmPauseMonitor$Monitor@593bab2b] INFO  util.JvmPauseMonitor (JvmPauseMonitor.java:run(188)) - Starting JVM pause monitor
2019-09-05 17:44:57,264 [main] INFO  ozone.HddsDatanodeService (HddsDatanodeService.java:start(184)) - HddsDatanodeService host:pr-hdds-2007-hnd8f-2977735972 ip:192.168.36.125
2019-09-05 17:44:57,264 [Datanode State Machine Thread - 0] INFO  datanode.InitDatanodeState (InitDatanodeState.java:persistContainerDatanodeDetails(140)) - DatanodeDetails is persisted to /workdir/hadoop-ozone/integration-test/target/test-dir/MiniOzoneClusterImpl-16d58beb-b20c-491b-8614-42ba02276836/datanode-3/meta/datanode.id
2019-09-05 17:44:57,270 [main] INFO  volume.HddsVolume (HddsVolume.java:<init>(176)) - Creating Volume: /workdir/hadoop-ozone/integration-test/target/test-dir/MiniOzoneClusterImpl-16d58beb-b20c-491b-8614-42ba02276836/datanode-4/data/containers/hdds of  storage type : DISK and capacity : 1482555576320
2019-09-05 17:44:57,271 [main] INFO  volume.VolumeSet (VolumeSet.java:initializeVolumeSet(170)) - Added Volume : /workdir/hadoop-ozone/integration-test/target/test-dir/MiniOzoneClusterImpl-16d58beb-b20c-491b-8614-42ba02276836/datanode-4/data/containers/hdds to VolumeSet
2019-09-05 17:44:57,271 [main] INFO  volume.ThrottledAsyncChecker (ThrottledAsyncChecker.java:schedule(140)) - Scheduling a check for org.apache.hadoop.ozone.container.common.volume.HddsVolume@7134b8a7
2019-09-05 17:44:57,271 [main] INFO  volume.HddsVolumeChecker (HddsVolumeChecker.java:checkAllVolumes(203)) - Scheduled health check for volume org.apache.hadoop.ozone.container.common.volume.HddsVolume@7134b8a7
2019-09-05 17:44:57,284 [main] INFO  impl.RaftServerProxy (ConfUtils.java:logGet(43)) - raft.rpc.type = GRPC (default)
2019-09-05 17:44:57,284 [main] INFO  grpc.GrpcFactory (GrpcFactory.java:checkPooledByteBufAllocatorUseCacheForAllThreads(45)) - PERFORMANCE WARNING: useCacheForAllThreads is true that may cause Netty to create a lot garbage objects and, as a result, trigger GC.
	It is recommended to disable useCacheForAllThreads by setting -Dorg.apache.ratis.thirdparty.io.netty.allocator.useCacheForAllThreads=false in command line.
2019-09-05 17:44:57,285 [main] INFO  grpc.GrpcConfigKeys$Server (ConfUtils.java:logGet(43)) - raft.grpc.server.port = 0 (default)
2019-09-05 17:44:57,285 [main] INFO  server.GrpcService (ConfUtils.java:logGet(43)) - raft.grpc.message.size.max = 33570816 (custom)
2019-09-05 17:44:57,285 [main] INFO  server.RaftServerConfigKeys (ConfUtils.java:logGet(43)) - raft.server.log.appender.buffer.byte-limit = 33554432 (custom)
2019-09-05 17:44:57,285 [main] INFO  server.GrpcService (ConfUtils.java:logGet(43)) - raft.grpc.flow.control.window = 1MB (=1048576) (default)
2019-09-05 17:44:57,285 [main] INFO  server.RaftServerConfigKeys (ConfUtils.java:logGet(43)) - raft.server.rpc.request.timeout = 3000ms (default)
2019-09-05 17:44:57,286 [main] INFO  server.RaftServerConfigKeys (ConfUtils.java:logGet(43)) - raft.server.storage.dir = [/workdir/hadoop-ozone/integration-test/target/test-dir/MiniOzoneClusterImpl-16d58beb-b20c-491b-8614-42ba02276836/datanode-4/data/ratis] (custom)
2019-09-05 17:44:57,287 [main] INFO  hdfs.DFSUtil (DFSUtil.java:httpServerTemplateForNNAndJN(1641)) - Starting Web-server for hddsDatanode at: http://0.0.0.0:0
2019-09-05 17:44:57,289 [main] INFO  server.AuthenticationFilter (AuthenticationFilter.java:constructSecretProvider(240)) - Unable to initialize FileSignerSecretProvider, falling back to use random secrets.
2019-09-05 17:44:57,289 [main] WARN  http.HttpRequestLog (HttpRequestLog.java:getRequestLog(97)) - Jetty request log can only be enabled using Log4j
2019-09-05 17:44:57,290 [main] INFO  http.HttpServer2 (HttpServer2.java:addGlobalFilter(975)) - Added global filter 'safety' (class=org.apache.hadoop.http.HttpServer2$QuotingInputFilter)
2019-09-05 17:44:57,291 [main] INFO  http.HttpServer2 (HttpServer2.java:addFilter(948)) - Added filter static_user_filter (class=org.apache.hadoop.http.lib.StaticUserWebFilter$StaticUserFilter) to context hddsDatanode
2019-09-05 17:44:57,291 [main] INFO  http.HttpServer2 (HttpServer2.java:addFilter(958)) - Added filter static_user_filter (class=org.apache.hadoop.http.lib.StaticUserWebFilter$StaticUserFilter) to context static
2019-09-05 17:44:57,291 [main] INFO  http.HttpServer2 (HttpServer2.java:addFilter(958)) - Added filter static_user_filter (class=org.apache.hadoop.http.lib.StaticUserWebFilter$StaticUserFilter) to context logs
2019-09-05 17:44:57,292 [main] INFO  http.HttpServer2 (HttpServer2.java:bindListener(1191)) - Jetty bound to port 36544
2019-09-05 17:44:57,292 [main] INFO  server.Server (Server.java:doStart(351)) - jetty-9.3.24.v20180605, build timestamp: 2018-06-05T17:11:56Z, git hash: 84205aa28f11a4f31f2a3b86d1bba2cc8ab69827
2019-09-05 17:44:57,294 [main] INFO  handler.ContextHandler (ContextHandler.java:doStart(781)) - Started o.e.j.s.ServletContextHandler@b0fd744{/logs,file:///workdir/hadoop-ozone/integration-test/target/log,AVAILABLE}
2019-09-05 17:44:57,294 [main] INFO  handler.ContextHandler (ContextHandler.java:doStart(781)) - Started o.e.j.s.ServletContextHandler@6a1ef65c{/static,jar:file:/home/user/.m2/repository/org/apache/hadoop/hadoop-hdds-container-service/0.5.0-SNAPSHOT/hadoop-hdds-container-service-0.5.0-SNAPSHOT.jar!/webapps/static,AVAILABLE}
2019-09-05 17:44:57,325 [main] INFO  handler.ContextHandler (ContextHandler.java:doStart(781)) - Started o.e.j.w.WebAppContext@69d3cf7e{/,file:///tmp/jetty-0.0.0.0-36544-hddsDatanode-_-any-5653456043147082865.dir/webapp/,AVAILABLE}{/hddsDatanode}
2019-09-05 17:44:57,326 [main] INFO  server.AbstractConnector (AbstractConnector.java:doStart(278)) - Started ServerConnector@3a3ed300{HTTP/1.1,[http/1.1]}{0.0.0.0:36544}
2019-09-05 17:44:57,327 [main] INFO  server.Server (Server.java:doStart(419)) - Started @58221ms
2019-09-05 17:44:57,327 [main] WARN  impl.MetricsSystemImpl (MetricsSystemImpl.java:register(276)) - Sink prometheus already exists!
2019-09-05 17:44:57,328 [main] INFO  server.BaseHttpServer (BaseHttpServer.java:updateConnectorAddress(215)) - HTTP server of HDDSDATANODE is listening at http://0.0.0.0:36544
2019-09-05 17:44:57,328 [main] INFO  impl.MetricsSystemImpl (MetricsSystemImpl.java:init(158)) - HddsDatanode metrics system started (again)
2019-09-05 17:44:57,332 [org.apache.hadoop.util.JvmPauseMonitor$Monitor@3727c5d9] INFO  util.JvmPauseMonitor (JvmPauseMonitor.java:run(188)) - Starting JVM pause monitor
2019-09-05 17:44:57,332 [main] INFO  ozone.HddsDatanodeService (HddsDatanodeService.java:start(184)) - HddsDatanodeService host:pr-hdds-2007-hnd8f-2977735972 ip:192.168.36.125
2019-09-05 17:44:57,333 [Datanode State Machine Thread - 0] INFO  datanode.InitDatanodeState (InitDatanodeState.java:persistContainerDatanodeDetails(140)) - DatanodeDetails is persisted to /workdir/hadoop-ozone/integration-test/target/test-dir/MiniOzoneClusterImpl-16d58beb-b20c-491b-8614-42ba02276836/datanode-4/meta/datanode.id
2019-09-05 17:44:57,337 [main] INFO  volume.HddsVolume (HddsVolume.java:<init>(176)) - Creating Volume: /workdir/hadoop-ozone/integration-test/target/test-dir/MiniOzoneClusterImpl-16d58beb-b20c-491b-8614-42ba02276836/datanode-5/data/containers/hdds of  storage type : DISK and capacity : 1482555576320
2019-09-05 17:44:57,337 [main] INFO  volume.VolumeSet (VolumeSet.java:initializeVolumeSet(170)) - Added Volume : /workdir/hadoop-ozone/integration-test/target/test-dir/MiniOzoneClusterImpl-16d58beb-b20c-491b-8614-42ba02276836/datanode-5/data/containers/hdds to VolumeSet
2019-09-05 17:44:57,337 [main] INFO  volume.ThrottledAsyncChecker (ThrottledAsyncChecker.java:schedule(140)) - Scheduling a check for org.apache.hadoop.ozone.container.common.volume.HddsVolume@6af90849
2019-09-05 17:44:57,338 [main] INFO  volume.HddsVolumeChecker (HddsVolumeChecker.java:checkAllVolumes(203)) - Scheduled health check for volume org.apache.hadoop.ozone.container.common.volume.HddsVolume@6af90849
2019-09-05 17:44:57,349 [main] INFO  impl.RaftServerProxy (ConfUtils.java:logGet(43)) - raft.rpc.type = GRPC (default)
2019-09-05 17:44:57,350 [main] INFO  grpc.GrpcFactory (GrpcFactory.java:checkPooledByteBufAllocatorUseCacheForAllThreads(45)) - PERFORMANCE WARNING: useCacheForAllThreads is true that may cause Netty to create a lot garbage objects and, as a result, trigger GC.
	It is recommended to disable useCacheForAllThreads by setting -Dorg.apache.ratis.thirdparty.io.netty.allocator.useCacheForAllThreads=false in command line.
2019-09-05 17:44:57,350 [main] INFO  grpc.GrpcConfigKeys$Server (ConfUtils.java:logGet(43)) - raft.grpc.server.port = 0 (default)
2019-09-05 17:44:57,350 [main] INFO  server.GrpcService (ConfUtils.java:logGet(43)) - raft.grpc.message.size.max = 33570816 (custom)
2019-09-05 17:44:57,350 [main] INFO  server.RaftServerConfigKeys (ConfUtils.java:logGet(43)) - raft.server.log.appender.buffer.byte-limit = 33554432 (custom)
2019-09-05 17:44:57,350 [main] INFO  server.GrpcService (ConfUtils.java:logGet(43)) - raft.grpc.flow.control.window = 1MB (=1048576) (default)
2019-09-05 17:44:57,351 [main] INFO  server.RaftServerConfigKeys (ConfUtils.java:logGet(43)) - raft.server.rpc.request.timeout = 3000ms (default)
2019-09-05 17:44:57,351 [main] INFO  server.RaftServerConfigKeys (ConfUtils.java:logGet(43)) - raft.server.storage.dir = [/workdir/hadoop-ozone/integration-test/target/test-dir/MiniOzoneClusterImpl-16d58beb-b20c-491b-8614-42ba02276836/datanode-5/data/ratis] (custom)
2019-09-05 17:44:57,353 [main] INFO  hdfs.DFSUtil (DFSUtil.java:httpServerTemplateForNNAndJN(1641)) - Starting Web-server for hddsDatanode at: http://0.0.0.0:0
2019-09-05 17:44:57,354 [main] INFO  server.AuthenticationFilter (AuthenticationFilter.java:constructSecretProvider(240)) - Unable to initialize FileSignerSecretProvider, falling back to use random secrets.
2019-09-05 17:44:57,354 [main] WARN  http.HttpRequestLog (HttpRequestLog.java:getRequestLog(97)) - Jetty request log can only be enabled using Log4j
2019-09-05 17:44:57,356 [main] INFO  http.HttpServer2 (HttpServer2.java:addGlobalFilter(975)) - Added global filter 'safety' (class=org.apache.hadoop.http.HttpServer2$QuotingInputFilter)
2019-09-05 17:44:57,356 [main] INFO  http.HttpServer2 (HttpServer2.java:addFilter(948)) - Added filter static_user_filter (class=org.apache.hadoop.http.lib.StaticUserWebFilter$StaticUserFilter) to context hddsDatanode
2019-09-05 17:44:57,356 [main] INFO  http.HttpServer2 (HttpServer2.java:addFilter(958)) - Added filter static_user_filter (class=org.apache.hadoop.http.lib.StaticUserWebFilter$StaticUserFilter) to context logs
2019-09-05 17:44:57,356 [main] INFO  http.HttpServer2 (HttpServer2.java:addFilter(958)) - Added filter static_user_filter (class=org.apache.hadoop.http.lib.StaticUserWebFilter$StaticUserFilter) to context static
2019-09-05 17:44:57,357 [main] INFO  http.HttpServer2 (HttpServer2.java:bindListener(1191)) - Jetty bound to port 46763
2019-09-05 17:44:57,357 [main] INFO  server.Server (Server.java:doStart(351)) - jetty-9.3.24.v20180605, build timestamp: 2018-06-05T17:11:56Z, git hash: 84205aa28f11a4f31f2a3b86d1bba2cc8ab69827
2019-09-05 17:44:57,359 [main] INFO  handler.ContextHandler (ContextHandler.java:doStart(781)) - Started o.e.j.s.ServletContextHandler@73a0f2b{/logs,file:///workdir/hadoop-ozone/integration-test/target/log,AVAILABLE}
2019-09-05 17:44:57,359 [main] INFO  handler.ContextHandler (ContextHandler.java:doStart(781)) - Started o.e.j.s.ServletContextHandler@6a1d526c{/static,jar:file:/home/user/.m2/repository/org/apache/hadoop/hadoop-hdds-container-service/0.5.0-SNAPSHOT/hadoop-hdds-container-service-0.5.0-SNAPSHOT.jar!/webapps/static,AVAILABLE}
2019-09-05 17:44:57,385 [main] INFO  handler.ContextHandler (ContextHandler.java:doStart(781)) - Started o.e.j.w.WebAppContext@32d5279{/,file:///tmp/jetty-0.0.0.0-46763-hddsDatanode-_-any-4877957186216162285.dir/webapp/,AVAILABLE}{/hddsDatanode}
2019-09-05 17:44:57,387 [main] INFO  server.AbstractConnector (AbstractConnector.java:doStart(278)) - Started ServerConnector@1c067c0d{HTTP/1.1,[http/1.1]}{0.0.0.0:46763}
2019-09-05 17:44:57,387 [main] INFO  server.Server (Server.java:doStart(419)) - Started @58281ms
2019-09-05 17:44:57,387 [main] WARN  impl.MetricsSystemImpl (MetricsSystemImpl.java:register(276)) - Sink prometheus already exists!
2019-09-05 17:44:57,388 [main] INFO  server.BaseHttpServer (BaseHttpServer.java:updateConnectorAddress(215)) - HTTP server of HDDSDATANODE is listening at http://0.0.0.0:46763
2019-09-05 17:44:57,388 [main] INFO  impl.MetricsSystemImpl (MetricsSystemImpl.java:init(158)) - HddsDatanode metrics system started (again)
2019-09-05 17:44:57,391 [org.apache.hadoop.util.JvmPauseMonitor$Monitor@79cdc10a] INFO  util.JvmPauseMonitor (JvmPauseMonitor.java:run(188)) - Starting JVM pause monitor
2019-09-05 17:44:57,393 [main] INFO  ozone.HddsDatanodeService (HddsDatanodeService.java:start(184)) - HddsDatanodeService host:pr-hdds-2007-hnd8f-2977735972 ip:192.168.36.125
2019-09-05 17:44:57,394 [Datanode State Machine Thread - 0] INFO  datanode.InitDatanodeState (InitDatanodeState.java:persistContainerDatanodeDetails(140)) - DatanodeDetails is persisted to /workdir/hadoop-ozone/integration-test/target/test-dir/MiniOzoneClusterImpl-16d58beb-b20c-491b-8614-42ba02276836/datanode-5/meta/datanode.id
2019-09-05 17:44:57,398 [main] INFO  volume.HddsVolume (HddsVolume.java:<init>(176)) - Creating Volume: /workdir/hadoop-ozone/integration-test/target/test-dir/MiniOzoneClusterImpl-16d58beb-b20c-491b-8614-42ba02276836/datanode-6/data/containers/hdds of  storage type : DISK and capacity : 1482555576320
2019-09-05 17:44:57,399 [main] INFO  volume.VolumeSet (VolumeSet.java:initializeVolumeSet(170)) - Added Volume : /workdir/hadoop-ozone/integration-test/target/test-dir/MiniOzoneClusterImpl-16d58beb-b20c-491b-8614-42ba02276836/datanode-6/data/containers/hdds to VolumeSet
2019-09-05 17:44:57,399 [main] INFO  volume.ThrottledAsyncChecker (ThrottledAsyncChecker.java:schedule(140)) - Scheduling a check for org.apache.hadoop.ozone.container.common.volume.HddsVolume@f0020b1
2019-09-05 17:44:57,399 [main] INFO  volume.HddsVolumeChecker (HddsVolumeChecker.java:checkAllVolumes(203)) - Scheduled health check for volume org.apache.hadoop.ozone.container.common.volume.HddsVolume@f0020b1
2019-09-05 17:44:57,411 [main] INFO  impl.RaftServerProxy (ConfUtils.java:logGet(43)) - raft.rpc.type = GRPC (default)
2019-09-05 17:44:57,411 [main] INFO  grpc.GrpcFactory (GrpcFactory.java:checkPooledByteBufAllocatorUseCacheForAllThreads(45)) - PERFORMANCE WARNING: useCacheForAllThreads is true that may cause Netty to create a lot garbage objects and, as a result, trigger GC.
	It is recommended to disable useCacheForAllThreads by setting -Dorg.apache.ratis.thirdparty.io.netty.allocator.useCacheForAllThreads=false in command line.
2019-09-05 17:44:57,411 [main] INFO  grpc.GrpcConfigKeys$Server (ConfUtils.java:logGet(43)) - raft.grpc.server.port = 0 (default)
2019-09-05 17:44:57,412 [main] INFO  server.GrpcService (ConfUtils.java:logGet(43)) - raft.grpc.message.size.max = 33570816 (custom)
2019-09-05 17:44:57,412 [main] INFO  server.RaftServerConfigKeys (ConfUtils.java:logGet(43)) - raft.server.log.appender.buffer.byte-limit = 33554432 (custom)
2019-09-05 17:44:57,412 [main] INFO  server.GrpcService (ConfUtils.java:logGet(43)) - raft.grpc.flow.control.window = 1MB (=1048576) (default)
2019-09-05 17:44:57,412 [main] INFO  server.RaftServerConfigKeys (ConfUtils.java:logGet(43)) - raft.server.rpc.request.timeout = 3000ms (default)
2019-09-05 17:44:57,413 [main] INFO  server.RaftServerConfigKeys (ConfUtils.java:logGet(43)) - raft.server.storage.dir = [/workdir/hadoop-ozone/integration-test/target/test-dir/MiniOzoneClusterImpl-16d58beb-b20c-491b-8614-42ba02276836/datanode-6/data/ratis] (custom)
2019-09-05 17:44:57,414 [main] INFO  hdfs.DFSUtil (DFSUtil.java:httpServerTemplateForNNAndJN(1641)) - Starting Web-server for hddsDatanode at: http://0.0.0.0:0
2019-09-05 17:44:57,415 [main] INFO  server.AuthenticationFilter (AuthenticationFilter.java:constructSecretProvider(240)) - Unable to initialize FileSignerSecretProvider, falling back to use random secrets.
2019-09-05 17:44:57,416 [main] WARN  http.HttpRequestLog (HttpRequestLog.java:getRequestLog(97)) - Jetty request log can only be enabled using Log4j
2019-09-05 17:44:57,417 [main] INFO  http.HttpServer2 (HttpServer2.java:addGlobalFilter(975)) - Added global filter 'safety' (class=org.apache.hadoop.http.HttpServer2$QuotingInputFilter)
2019-09-05 17:44:57,417 [main] INFO  http.HttpServer2 (HttpServer2.java:addFilter(948)) - Added filter static_user_filter (class=org.apache.hadoop.http.lib.StaticUserWebFilter$StaticUserFilter) to context hddsDatanode
2019-09-05 17:44:57,417 [main] INFO  http.HttpServer2 (HttpServer2.java:addFilter(958)) - Added filter static_user_filter (class=org.apache.hadoop.http.lib.StaticUserWebFilter$StaticUserFilter) to context logs
2019-09-05 17:44:57,418 [main] INFO  http.HttpServer2 (HttpServer2.java:addFilter(958)) - Added filter static_user_filter (class=org.apache.hadoop.http.lib.StaticUserWebFilter$StaticUserFilter) to context static
2019-09-05 17:44:57,418 [main] INFO  http.HttpServer2 (HttpServer2.java:bindListener(1191)) - Jetty bound to port 35291
2019-09-05 17:44:57,418 [main] INFO  server.Server (Server.java:doStart(351)) - jetty-9.3.24.v20180605, build timestamp: 2018-06-05T17:11:56Z, git hash: 84205aa28f11a4f31f2a3b86d1bba2cc8ab69827
2019-09-05 17:44:57,420 [main] INFO  handler.ContextHandler (ContextHandler.java:doStart(781)) - Started o.e.j.s.ServletContextHandler@7c20cdd0{/logs,file:///workdir/hadoop-ozone/integration-test/target/log,AVAILABLE}
2019-09-05 17:44:57,420 [main] INFO  handler.ContextHandler (ContextHandler.java:doStart(781)) - Started o.e.j.s.ServletContextHandler@6b6eae52{/static,jar:file:/home/user/.m2/repository/org/apache/hadoop/hadoop-hdds-container-service/0.5.0-SNAPSHOT/hadoop-hdds-container-service-0.5.0-SNAPSHOT.jar!/webapps/static,AVAILABLE}
2019-09-05 17:44:57,450 [main] INFO  handler.ContextHandler (ContextHandler.java:doStart(781)) - Started o.e.j.w.WebAppContext@1e79d43{/,file:///tmp/jetty-0.0.0.0-35291-hddsDatanode-_-any-8833079579446560648.dir/webapp/,AVAILABLE}{/hddsDatanode}
2019-09-05 17:44:57,451 [main] INFO  server.AbstractConnector (AbstractConnector.java:doStart(278)) - Started ServerConnector@343e225a{HTTP/1.1,[http/1.1]}{0.0.0.0:35291}
2019-09-05 17:44:57,452 [main] INFO  server.Server (Server.java:doStart(419)) - Started @58347ms
2019-09-05 17:44:57,452 [main] WARN  impl.MetricsSystemImpl (MetricsSystemImpl.java:register(276)) - Sink prometheus already exists!
2019-09-05 17:44:57,454 [main] INFO  server.BaseHttpServer (BaseHttpServer.java:updateConnectorAddress(215)) - HTTP server of HDDSDATANODE is listening at http://0.0.0.0:35291
2019-09-05 17:44:57,454 [main] INFO  ozone.MiniOzoneClusterImpl (MiniOzoneClusterImpl.java:lambda$waitForClusterToBeReady$0(140)) - Waiting for cluster to be ready. Got 0 of 7 DN Heartbeats.
2019-09-05 17:44:57,457 [org.apache.hadoop.util.JvmPauseMonitor$Monitor@599493b9] INFO  util.JvmPauseMonitor (JvmPauseMonitor.java:run(188)) - Starting JVM pause monitor
2019-09-05 17:44:57,458 [Datanode State Machine Thread - 0] INFO  datanode.InitDatanodeState (InitDatanodeState.java:persistContainerDatanodeDetails(140)) - DatanodeDetails is persisted to /workdir/hadoop-ozone/integration-test/target/test-dir/MiniOzoneClusterImpl-16d58beb-b20c-491b-8614-42ba02276836/datanode-6/meta/datanode.id
2019-09-05 17:44:58,455 [main] INFO  ozone.MiniOzoneClusterImpl (MiniOzoneClusterImpl.java:lambda$waitForClusterToBeReady$0(140)) - Waiting for cluster to be ready. Got 0 of 7 DN Heartbeats.
2019-09-05 17:44:59,001 [Datanode State Machine Thread - 0] INFO  ozoneimpl.OzoneContainer (OzoneContainer.java:start(201)) - Attempting to start container services.
2019-09-05 17:44:59,004 [Datanode State Machine Thread - 0] INFO  ozoneimpl.OzoneContainer (OzoneContainer.java:startContainerScrub(175)) - Background container scrubber has been disabled by hdds.containerscrub.enabled
2019-09-05 17:44:59,004 [Datanode State Machine Thread - 0] INFO  ratis.XceiverServerRatis (XceiverServerRatis.java:start(393)) - Starting XceiverServerRatis c77c95d4-b555-4b20-809c-193fe3f6d604 at port 0
2019-09-05 17:44:59,009 [Datanode State Machine Thread - 0] INFO  impl.RaftServerProxy (RaftServerProxy.java:lambda$start$3(299)) - c77c95d4-b555-4b20-809c-193fe3f6d604: start RPC server
2019-09-05 17:44:59,011 [Datanode State Machine Thread - 0] INFO  server.GrpcService (GrpcService.java:startImpl(149)) - c77c95d4-b555-4b20-809c-193fe3f6d604: GrpcService started, listening on 0.0.0.0/0.0.0.0:35808
2019-09-05 17:44:59,011 [Datanode State Machine Thread - 0] INFO  ratis.XceiverServerRatis (XceiverServerRatis.java:start(403)) - XceiverServerRatis c77c95d4-b555-4b20-809c-193fe3f6d604 is started using port 35808
2019-09-05 17:44:59,011 [Datanode State Machine Thread - 0] INFO  server.XceiverServerGrpc (XceiverServerGrpc.java:start(163)) - XceiverServerGrpc c77c95d4-b555-4b20-809c-193fe3f6d604 is started using port 39383
2019-09-05 17:44:59,082 [Datanode State Machine Thread - 0] INFO  ozoneimpl.OzoneContainer (OzoneContainer.java:start(201)) - Attempting to start container services.
2019-09-05 17:44:59,084 [Datanode State Machine Thread - 0] INFO  ozoneimpl.OzoneContainer (OzoneContainer.java:startContainerScrub(175)) - Background container scrubber has been disabled by hdds.containerscrub.enabled
2019-09-05 17:44:59,085 [Datanode State Machine Thread - 0] INFO  ratis.XceiverServerRatis (XceiverServerRatis.java:start(393)) - Starting XceiverServerRatis 2d64b654-7f45-48f8-94bd-17273b14c273 at port 0
2019-09-05 17:44:59,089 [Datanode State Machine Thread - 0] INFO  impl.RaftServerProxy (RaftServerProxy.java:lambda$start$3(299)) - 2d64b654-7f45-48f8-94bd-17273b14c273: start RPC server
2019-09-05 17:44:59,089 [Datanode State Machine Thread - 0] INFO  server.GrpcService (GrpcService.java:startImpl(149)) - 2d64b654-7f45-48f8-94bd-17273b14c273: GrpcService started, listening on 0.0.0.0/0.0.0.0:39127
2019-09-05 17:44:59,090 [Datanode State Machine Thread - 0] INFO  ratis.XceiverServerRatis (XceiverServerRatis.java:start(403)) - XceiverServerRatis 2d64b654-7f45-48f8-94bd-17273b14c273 is started using port 39127
2019-09-05 17:44:59,090 [Datanode State Machine Thread - 0] INFO  server.XceiverServerGrpc (XceiverServerGrpc.java:start(163)) - XceiverServerGrpc 2d64b654-7f45-48f8-94bd-17273b14c273 is started using port 42881
2019-09-05 17:44:59,207 [Datanode State Machine Thread - 0] INFO  ozoneimpl.OzoneContainer (OzoneContainer.java:start(201)) - Attempting to start container services.
2019-09-05 17:44:59,212 [Datanode State Machine Thread - 0] INFO  ozoneimpl.OzoneContainer (OzoneContainer.java:startContainerScrub(175)) - Background container scrubber has been disabled by hdds.containerscrub.enabled
2019-09-05 17:44:59,212 [Datanode State Machine Thread - 0] INFO  ratis.XceiverServerRatis (XceiverServerRatis.java:start(393)) - Starting XceiverServerRatis e140e47e-a097-49d3-a67c-e61d0d1e278d at port 0
2019-09-05 17:44:59,217 [Datanode State Machine Thread - 0] INFO  impl.RaftServerProxy (RaftServerProxy.java:lambda$start$3(299)) - e140e47e-a097-49d3-a67c-e61d0d1e278d: start RPC server
2019-09-05 17:44:59,218 [Datanode State Machine Thread - 0] INFO  server.GrpcService (GrpcService.java:startImpl(149)) - e140e47e-a097-49d3-a67c-e61d0d1e278d: GrpcService started, listening on 0.0.0.0/0.0.0.0:42533
2019-09-05 17:44:59,218 [Datanode State Machine Thread - 0] INFO  ratis.XceiverServerRatis (XceiverServerRatis.java:start(403)) - XceiverServerRatis e140e47e-a097-49d3-a67c-e61d0d1e278d is started using port 42533
2019-09-05 17:44:59,227 [Datanode State Machine Thread - 0] INFO  server.XceiverServerGrpc (XceiverServerGrpc.java:start(163)) - XceiverServerGrpc e140e47e-a097-49d3-a67c-e61d0d1e278d is started using port 43010
2019-09-05 17:44:59,456 [main] INFO  ozone.MiniOzoneClusterImpl (MiniOzoneClusterImpl.java:lambda$waitForClusterToBeReady$0(140)) - Waiting for cluster to be ready. Got 0 of 7 DN Heartbeats.
2019-09-05 17:45:00,285 [Datanode State Machine Thread - 0] INFO  ozoneimpl.OzoneContainer (OzoneContainer.java:start(201)) - Attempting to start container services.
2019-09-05 17:45:00,285 [Datanode State Machine Thread - 0] INFO  ozoneimpl.OzoneContainer (OzoneContainer.java:startContainerScrub(175)) - Background container scrubber has been disabled by hdds.containerscrub.enabled
2019-09-05 17:45:00,285 [Datanode State Machine Thread - 0] INFO  ratis.XceiverServerRatis (XceiverServerRatis.java:start(393)) - Starting XceiverServerRatis 5676330c-95f8-4024-9c29-9b44eb305597 at port 0
2019-09-05 17:45:00,293 [Datanode State Machine Thread - 0] INFO  impl.RaftServerProxy (RaftServerProxy.java:lambda$start$3(299)) - 5676330c-95f8-4024-9c29-9b44eb305597: start RPC server
2019-09-05 17:45:00,294 [Datanode State Machine Thread - 0] INFO  server.GrpcService (GrpcService.java:startImpl(149)) - 5676330c-95f8-4024-9c29-9b44eb305597: GrpcService started, listening on 0.0.0.0/0.0.0.0:34817
2019-09-05 17:45:00,294 [Datanode State Machine Thread - 0] INFO  ratis.XceiverServerRatis (XceiverServerRatis.java:start(403)) - XceiverServerRatis 5676330c-95f8-4024-9c29-9b44eb305597 is started using port 34817
2019-09-05 17:45:00,294 [Datanode State Machine Thread - 0] INFO  server.XceiverServerGrpc (XceiverServerGrpc.java:start(163)) - XceiverServerGrpc 5676330c-95f8-4024-9c29-9b44eb305597 is started using port 38576
2019-09-05 17:45:00,303 [Datanode State Machine Thread - 0] INFO  ozoneimpl.OzoneContainer (OzoneContainer.java:start(201)) - Attempting to start container services.
2019-09-05 17:45:00,303 [Datanode State Machine Thread - 0] INFO  ozoneimpl.OzoneContainer (OzoneContainer.java:start(201)) - Attempting to start container services.
2019-09-05 17:45:00,303 [Datanode State Machine Thread - 0] INFO  ozoneimpl.OzoneContainer (OzoneContainer.java:startContainerScrub(175)) - Background container scrubber has been disabled by hdds.containerscrub.enabled
2019-09-05 17:45:00,303 [Datanode State Machine Thread - 0] INFO  ozoneimpl.OzoneContainer (OzoneContainer.java:start(201)) - Attempting to start container services.
2019-09-05 17:45:00,304 [Datanode State Machine Thread - 0] INFO  ratis.XceiverServerRatis (XceiverServerRatis.java:start(393)) - Starting XceiverServerRatis 0458fa0a-4d99-412c-a137-2f07c0465a23 at port 0
2019-09-05 17:45:00,304 [Datanode State Machine Thread - 0] INFO  ozoneimpl.OzoneContainer (OzoneContainer.java:startContainerScrub(175)) - Background container scrubber has been disabled by hdds.containerscrub.enabled
2019-09-05 17:45:00,304 [Datanode State Machine Thread - 0] INFO  ozoneimpl.OzoneContainer (OzoneContainer.java:startContainerScrub(175)) - Background container scrubber has been disabled by hdds.containerscrub.enabled
2019-09-05 17:45:00,304 [Datanode State Machine Thread - 0] INFO  ratis.XceiverServerRatis (XceiverServerRatis.java:start(393)) - Starting XceiverServerRatis 63019528-44bb-4614-8879-5aa23dc8c351 at port 0
2019-09-05 17:45:00,304 [Datanode State Machine Thread - 0] INFO  ratis.XceiverServerRatis (XceiverServerRatis.java:start(393)) - Starting XceiverServerRatis 8481834f-1cca-4161-8865-792f4dfa8c48 at port 0
2019-09-05 17:45:00,318 [Datanode State Machine Thread - 0] INFO  impl.RaftServerProxy (RaftServerProxy.java:lambda$start$3(299)) - 0458fa0a-4d99-412c-a137-2f07c0465a23: start RPC server
2019-09-05 17:45:00,319 [Datanode State Machine Thread - 0] INFO  server.GrpcService (GrpcService.java:startImpl(149)) - 0458fa0a-4d99-412c-a137-2f07c0465a23: GrpcService started, listening on 0.0.0.0/0.0.0.0:38969
2019-09-05 17:45:00,319 [Datanode State Machine Thread - 0] INFO  ratis.XceiverServerRatis (XceiverServerRatis.java:start(403)) - XceiverServerRatis 0458fa0a-4d99-412c-a137-2f07c0465a23 is started using port 38969
2019-09-05 17:45:00,319 [Datanode State Machine Thread - 0] INFO  server.XceiverServerGrpc (XceiverServerGrpc.java:start(163)) - XceiverServerGrpc 0458fa0a-4d99-412c-a137-2f07c0465a23 is started using port 41611
2019-09-05 17:45:00,324 [Datanode State Machine Thread - 0] INFO  impl.RaftServerProxy (RaftServerProxy.java:lambda$start$3(299)) - 63019528-44bb-4614-8879-5aa23dc8c351: start RPC server
2019-09-05 17:45:00,327 [Datanode State Machine Thread - 0] INFO  server.GrpcService (GrpcService.java:startImpl(149)) - 63019528-44bb-4614-8879-5aa23dc8c351: GrpcService started, listening on 0.0.0.0/0.0.0.0:44072
2019-09-05 17:45:00,327 [Datanode State Machine Thread - 0] INFO  impl.RaftServerProxy (RaftServerProxy.java:lambda$start$3(299)) - 8481834f-1cca-4161-8865-792f4dfa8c48: start RPC server
2019-09-05 17:45:00,327 [Datanode State Machine Thread - 0] INFO  ratis.XceiverServerRatis (XceiverServerRatis.java:start(403)) - XceiverServerRatis 63019528-44bb-4614-8879-5aa23dc8c351 is started using port 44072
2019-09-05 17:45:00,328 [Datanode State Machine Thread - 0] INFO  server.XceiverServerGrpc (XceiverServerGrpc.java:start(163)) - XceiverServerGrpc 63019528-44bb-4614-8879-5aa23dc8c351 is started using port 43482
2019-09-05 17:45:00,330 [Datanode State Machine Thread - 0] INFO  server.GrpcService (GrpcService.java:startImpl(149)) - 8481834f-1cca-4161-8865-792f4dfa8c48: GrpcService started, listening on 0.0.0.0/0.0.0.0:37331
2019-09-05 17:45:00,330 [Datanode State Machine Thread - 0] INFO  ratis.XceiverServerRatis (XceiverServerRatis.java:start(403)) - XceiverServerRatis 8481834f-1cca-4161-8865-792f4dfa8c48 is started using port 37331
2019-09-05 17:45:00,333 [Datanode State Machine Thread - 0] INFO  server.XceiverServerGrpc (XceiverServerGrpc.java:start(163)) - XceiverServerGrpc 8481834f-1cca-4161-8865-792f4dfa8c48 is started using port 36712
2019-09-05 17:45:00,456 [main] INFO  ozone.MiniOzoneClusterImpl (MiniOzoneClusterImpl.java:lambda$waitForClusterToBeReady$0(140)) - Waiting for cluster to be ready. Got 0 of 7 DN Heartbeats.
2019-09-05 17:45:00,972 [IPC Server handler 5 on 33074] INFO  net.NetworkTopology (NetworkTopologyImpl.java:add(110)) - Added a new node: /default-rack/c77c95d4-b555-4b20-809c-193fe3f6d604
2019-09-05 17:45:00,974 [IPC Server handler 5 on 33074] INFO  node.SCMNodeManager (SCMNodeManager.java:register(266)) - Registered Data node : c77c95d4-b555-4b20-809c-193fe3f6d604{ip: 192.168.36.125, host: pr-hdds-2007-hnd8f-2977735972, networkLocation: /default-rack, certSerialId: null}
2019-09-05 17:45:00,975 [EventQueue-NodeRegistrationContainerReportForDataNodeSafeModeRule] INFO  safemode.SCMSafeModeManager (DataNodeSafeModeRule.java:process(71)) - SCM in safe mode. 1 DataNodes registered, 1 required.
2019-09-05 17:45:00,976 [EventQueue-NodeRegistrationContainerReportForDataNodeSafeModeRule] INFO  safemode.SCMSafeModeManager (SCMSafeModeManager.java:validateSafeModeExitRules(177)) - ScmSafeModeManager, all rules are successfully validated
2019-09-05 17:45:00,976 [EventQueue-NodeRegistrationContainerReportForDataNodeSafeModeRule] INFO  safemode.SCMSafeModeManager (SCMSafeModeManager.java:exitSafeMode(193)) - SCM exiting safe mode.
2019-09-05 17:45:00,989 [grpc-default-executor-3] INFO  impl.RaftServerProxy (RaftServerProxy.java:addNew(89)) - c77c95d4-b555-4b20-809c-193fe3f6d604: addNew group-5C8E73F057E7:[c77c95d4-b555-4b20-809c-193fe3f6d604:192.168.36.125:35808] returns group-5C8E73F057E7:java.util.concurrent.CompletableFuture@7449f5ab[Not completed]
2019-09-05 17:45:00,991 [pool-119-thread-1] INFO  impl.RaftServerImpl (RaftServerImpl.java:<init>(93)) - c77c95d4-b555-4b20-809c-193fe3f6d604: new RaftServerImpl for group-5C8E73F057E7:[c77c95d4-b555-4b20-809c-193fe3f6d604:192.168.36.125:35808] with ContainerStateMachine:uninitialized
2019-09-05 17:45:00,991 [pool-119-thread-1] INFO  server.RaftServerConfigKeys (ConfUtils.java:logGet(43)) - raft.server.rpc.timeout.min = 5s (custom)
2019-09-05 17:45:00,991 [pool-119-thread-1] INFO  server.RaftServerConfigKeys (ConfUtils.java:logGet(43)) - raft.server.rpc.timeout.max = 5200ms (custom)
2019-09-05 17:45:00,992 [pool-119-thread-1] INFO  server.RaftServerConfigKeys (ConfUtils.java:logGet(43)) - raft.server.rpcslowness.timeout = 120s (custom)
2019-09-05 17:45:00,992 [pool-119-thread-1] INFO  server.RaftServerConfigKeys (ConfUtils.java:logGet(43)) - raft.server.sleep.deviation.threshold = 300 (default)
2019-09-05 17:45:00,992 [pool-119-thread-1] INFO  server.RaftServerConfigKeys (ConfUtils.java:logGet(43)) - raft.server.log.appender.install.snapshot.enabled = false (custom)
2019-09-05 17:45:00,992 [pool-119-thread-1] INFO  impl.RaftServerImpl (ServerState.java:<init>(105)) - c77c95d4-b555-4b20-809c-193fe3f6d604:group-5C8E73F057E7 ConfigurationManager, init=-1: [c77c95d4-b555-4b20-809c-193fe3f6d604:192.168.36.125:35808], old=null, confs=<EMPTY_MAP>
2019-09-05 17:45:00,992 [pool-119-thread-1] INFO  server.RaftServerConfigKeys (ConfUtils.java:logGet(43)) - raft.server.storage.dir = [/workdir/hadoop-ozone/integration-test/target/test-dir/MiniOzoneClusterImpl-16d58beb-b20c-491b-8614-42ba02276836/datanode-0/data/ratis] (custom)
2019-09-05 17:45:00,993 [pool-119-thread-1] INFO  storage.RaftStorageDirectory (RaftStorageDirectory.java:analyzeStorage(246)) - The storage directory /workdir/hadoop-ozone/integration-test/target/test-dir/MiniOzoneClusterImpl-16d58beb-b20c-491b-8614-42ba02276836/datanode-0/data/ratis/ddeb5a1c-4a5e-465a-b484-5c8e73f057e7 does not exist. Creating ...
2019-09-05 17:45:01,058 [IPC Server handler 0 on 33074] INFO  net.NetworkTopology (NetworkTopologyImpl.java:add(110)) - Added a new node: /default-rack/2d64b654-7f45-48f8-94bd-17273b14c273
2019-09-05 17:45:01,059 [IPC Server handler 0 on 33074] INFO  node.SCMNodeManager (SCMNodeManager.java:register(266)) - Registered Data node : 2d64b654-7f45-48f8-94bd-17273b14c273{ip: 192.168.36.125, host: pr-hdds-2007-hnd8f-2977735972, networkLocation: /default-rack, certSerialId: null}
2019-09-05 17:45:01,186 [IPC Server handler 2 on 33074] INFO  net.NetworkTopology (NetworkTopologyImpl.java:add(110)) - Added a new node: /default-rack/e140e47e-a097-49d3-a67c-e61d0d1e278d
2019-09-05 17:45:01,186 [IPC Server handler 2 on 33074] INFO  node.SCMNodeManager (SCMNodeManager.java:register(266)) - Registered Data node : e140e47e-a097-49d3-a67c-e61d0d1e278d{ip: 192.168.36.125, host: pr-hdds-2007-hnd8f-2977735972, networkLocation: /default-rack, certSerialId: null}
2019-09-05 17:45:01,263 [IPC Server handler 3 on 33074] INFO  net.NetworkTopology (NetworkTopologyImpl.java:add(110)) - Added a new node: /default-rack/5676330c-95f8-4024-9c29-9b44eb305597
2019-09-05 17:45:01,263 [IPC Server handler 3 on 33074] INFO  node.SCMNodeManager (SCMNodeManager.java:register(266)) - Registered Data node : 5676330c-95f8-4024-9c29-9b44eb305597{ip: 192.168.36.125, host: pr-hdds-2007-hnd8f-2977735972, networkLocation: /default-rack, certSerialId: null}
2019-09-05 17:45:01,333 [IPC Server handler 6 on 33074] INFO  net.NetworkTopology (NetworkTopologyImpl.java:add(110)) - Added a new node: /default-rack/0458fa0a-4d99-412c-a137-2f07c0465a23
2019-09-05 17:45:01,333 [IPC Server handler 6 on 33074] INFO  node.SCMNodeManager (SCMNodeManager.java:register(266)) - Registered Data node : 0458fa0a-4d99-412c-a137-2f07c0465a23{ip: 192.168.36.125, host: pr-hdds-2007-hnd8f-2977735972, networkLocation: /default-rack, certSerialId: null}
2019-09-05 17:45:01,393 [IPC Server handler 1 on 33074] INFO  net.NetworkTopology (NetworkTopologyImpl.java:add(110)) - Added a new node: /default-rack/63019528-44bb-4614-8879-5aa23dc8c351
2019-09-05 17:45:01,393 [IPC Server handler 1 on 33074] INFO  node.SCMNodeManager (SCMNodeManager.java:register(266)) - Registered Data node : 63019528-44bb-4614-8879-5aa23dc8c351{ip: 192.168.36.125, host: pr-hdds-2007-hnd8f-2977735972, networkLocation: /default-rack, certSerialId: null}
2019-09-05 17:45:01,457 [main] INFO  ozone.MiniOzoneClusterImpl (MiniOzoneClusterImpl.java:lambda$waitForClusterToBeReady$0(140)) - Waiting for cluster to be ready. Got 6 of 7 DN Heartbeats.
2019-09-05 17:45:01,459 [IPC Server handler 5 on 33074] INFO  net.NetworkTopology (NetworkTopologyImpl.java:add(110)) - Added a new node: /default-rack/8481834f-1cca-4161-8865-792f4dfa8c48
2019-09-05 17:45:01,459 [IPC Server handler 5 on 33074] INFO  node.SCMNodeManager (SCMNodeManager.java:register(266)) - Registered Data node : 8481834f-1cca-4161-8865-792f4dfa8c48{ip: 192.168.36.125, host: pr-hdds-2007-hnd8f-2977735972, networkLocation: /default-rack, certSerialId: null}
2019-09-05 17:45:01,754 [pool-119-thread-1] INFO  storage.RaftStorageDirectory (RaftStorageDirectory.java:tryLock(328)) - Lock on /workdir/hadoop-ozone/integration-test/target/test-dir/MiniOzoneClusterImpl-16d58beb-b20c-491b-8614-42ba02276836/datanode-0/data/ratis/ddeb5a1c-4a5e-465a-b484-5c8e73f057e7/in_use.lock acquired by nodename 14553@pr-hdds-2007-hnd8f-2977735972
2019-09-05 17:45:01,785 [pool-119-thread-1] INFO  storage.RaftStorage (RaftStorage.java:format(72)) - Storage directory /workdir/hadoop-ozone/integration-test/target/test-dir/MiniOzoneClusterImpl-16d58beb-b20c-491b-8614-42ba02276836/datanode-0/data/ratis/ddeb5a1c-4a5e-465a-b484-5c8e73f057e7 has been successfully formatted.
2019-09-05 17:45:01,786 [pool-119-thread-1] INFO  ratis.ContainerStateMachine (ContainerStateMachine.java:loadSnapshot(227)) - group-5C8E73F057E7: The snapshot info is null. Setting the last applied indexto:(t:0, i:~)
2019-09-05 17:45:01,786 [pool-119-thread-1] INFO  server.RaftServerConfigKeys (ConfUtils.java:logGet(43)) - raft.server.leader.election.timeout = 120s (custom)
2019-09-05 17:45:01,786 [pool-119-thread-1] INFO  server.RaftServerConfigKeys (ConfUtils.java:logGet(43)) - raft.server.log.use.memory = false (default)
2019-09-05 17:45:01,787 [pool-119-thread-1] INFO  server.RaftServerConfigKeys (ConfUtils.java:logGet(43)) - raft.server.log.purge.gap = 1000000 (custom)
2019-09-05 17:45:01,787 [pool-119-thread-1] INFO  server.RaftServerConfigKeys (ConfUtils.java:logGet(43)) - raft.server.log.appender.buffer.byte-limit = 33554432 (custom)
2019-09-05 17:45:01,787 [pool-119-thread-1] INFO  server.RaftServerConfigKeys (ConfUtils.java:logGet(43)) - raft.server.log.segment.size.max = 1048576 (custom)
2019-09-05 17:45:01,787 [pool-119-thread-1] INFO  server.RaftServerConfigKeys (ConfUtils.java:logGet(43)) - raft.server.log.segment.cache.num.max = 2 (custom)
2019-09-05 17:45:01,787 [pool-119-thread-1] INFO  segmented.SegmentedRaftLogWorker (SegmentedRaftLogWorker.java:<init>(172)) - new c77c95d4-b555-4b20-809c-193fe3f6d604-SegmentedRaftLogWorker:Storage Directory /workdir/hadoop-ozone/integration-test/target/test-dir/MiniOzoneClusterImpl-16d58beb-b20c-491b-8614-42ba02276836/datanode-0/data/ratis/ddeb5a1c-4a5e-465a-b484-5c8e73f057e7 for RaftStorage:Storage Directory /workdir/hadoop-ozone/integration-test/target/test-dir/MiniOzoneClusterImpl-16d58beb-b20c-491b-8614-42ba02276836/datanode-0/data/ratis/ddeb5a1c-4a5e-465a-b484-5c8e73f057e7
2019-09-05 17:45:01,788 [pool-119-thread-1] INFO  server.RaftServerConfigKeys (ConfUtils.java:logGet(43)) - raft.server.log.queue.byte-limit = 2147483647 (custom)
2019-09-05 17:45:01,788 [pool-119-thread-1] INFO  server.RaftServerConfigKeys (ConfUtils.java:logGet(43)) - raft.server.log.queue.element-limit = 1024 (custom)
2019-09-05 17:45:01,788 [pool-119-thread-1] INFO  server.RaftServerConfigKeys (ConfUtils.java:logGet(43)) - raft.server.log.segment.size.max = 1048576 (custom)
2019-09-05 17:45:01,789 [pool-119-thread-1] INFO  server.RaftServerConfigKeys (ConfUtils.java:logGet(43)) - raft.server.log.preallocated.size = 16384 (custom)
2019-09-05 17:45:01,789 [pool-119-thread-1] INFO  server.RaftServerConfigKeys (ConfUtils.java:logGet(43)) - raft.server.log.write.buffer.size = 33554432 (custom)
2019-09-05 17:45:01,789 [pool-119-thread-1] INFO  server.RaftServerConfigKeys (ConfUtils.java:logGet(43)) - raft.server.log.force.sync.num = 128 (default)
2019-09-05 17:45:01,789 [pool-119-thread-1] INFO  server.RaftServerConfigKeys (ConfUtils.java:logGet(43)) - raft.server.log.statemachine.data.sync = true (default)
2019-09-05 17:45:01,789 [pool-119-thread-1] INFO  server.RaftServerConfigKeys (ConfUtils.java:logGet(43)) - raft.server.log.statemachine.data.sync.timeout = 10s (default)
2019-09-05 17:45:01,789 [pool-119-thread-1] INFO  server.RaftServerConfigKeys (ConfUtils.java:logGet(43)) - raft.server.log.statemachine.data.sync.timeout.retry = -1 (default)
2019-09-05 17:45:01,790 [pool-119-thread-1] INFO  server.RaftServerConfigKeys (ConfUtils.java:logGet(43)) - raft.server.log.statemachine.data.caching.enabled = true (custom)
2019-09-05 17:45:01,790 [pool-119-thread-1] INFO  segmented.SegmentedRaftLogWorker (SegmentedRaftLogWorker.java:lambda$new$0(132)) - c77c95d4-b555-4b20-809c-193fe3f6d604-SegmentedRaftLogWorker:Storage Directory /workdir/hadoop-ozone/integration-test/target/test-dir/MiniOzoneClusterImpl-16d58beb-b20c-491b-8614-42ba02276836/datanode-0/data/ratis/ddeb5a1c-4a5e-465a-b484-5c8e73f057e7: flushIndex: setUnconditionally 0 -> -1
2019-09-05 17:45:01,791 [pool-119-thread-1] INFO  server.RaftServerConfigKeys (ConfUtils.java:logGet(43)) - raft.server.snapshot.auto.trigger.enabled = true (custom)
2019-09-05 17:45:01,791 [pool-119-thread-1] INFO  server.RaftServerConfigKeys (ConfUtils.java:logGet(43)) - raft.server.snapshot.auto.trigger.threshold = 10000 (custom)
2019-09-05 17:45:01,791 [pool-119-thread-1] INFO  server.RaftServerConfigKeys (ConfUtils.java:logGet(43)) - raft.server.retrycache.expirytime = 600000ms (custom)
2019-09-05 17:45:01,792 [pool-119-thread-1] INFO  impl.RaftServerImpl (RaftServerImpl.java:start(180)) - c77c95d4-b555-4b20-809c-193fe3f6d604: start group-5C8E73F057E7
2019-09-05 17:45:01,792 [pool-119-thread-1] INFO  impl.RaftServerImpl (RaftServerImpl.java:setRole(171)) - c77c95d4-b555-4b20-809c-193fe3f6d604:group-5C8E73F057E7 changes role from null to FOLLOWER at term 0 for startAsFollower
2019-09-05 17:45:01,792 [pool-119-thread-1] INFO  impl.RoleInfo (RoleInfo.java:updateAndGet(143)) - c77c95d4-b555-4b20-809c-193fe3f6d604: start FollowerState
2019-09-05 17:45:01,793 [pool-119-thread-1] INFO  util.JmxRegister (JmxRegister.java:tryRegister(44)) - Successfully registered JMX Bean with object name Ratis:service=RaftServer,group=group-5C8E73F057E7,id=c77c95d4-b555-4b20-809c-193fe3f6d604
2019-09-05 17:45:01,796 [RatisPipelineUtilsThread] INFO  pipeline.PipelineStateManager (PipelineStateManager.java:addPipeline(56)) - Created pipeline Pipeline[ Id: ddeb5a1c-4a5e-465a-b484-5c8e73f057e7, Nodes: c77c95d4-b555-4b20-809c-193fe3f6d604{ip: 192.168.36.125, host: pr-hdds-2007-hnd8f-2977735972, networkLocation: /default-rack, certSerialId: null}, Type:RATIS, Factor:ONE, State:OPEN]
2019-09-05 17:45:01,805 [grpc-default-executor-3] INFO  impl.RaftServerProxy (RaftServerProxy.java:addNew(89)) - 2d64b654-7f45-48f8-94bd-17273b14c273: addNew group-D0E1E87F2263:[2d64b654-7f45-48f8-94bd-17273b14c273:192.168.36.125:39127] returns group-D0E1E87F2263:java.util.concurrent.CompletableFuture@67a62ec5[Not completed]
2019-09-05 17:45:01,806 [pool-129-thread-1] INFO  impl.RaftServerImpl (RaftServerImpl.java:<init>(93)) - 2d64b654-7f45-48f8-94bd-17273b14c273: new RaftServerImpl for group-D0E1E87F2263:[2d64b654-7f45-48f8-94bd-17273b14c273:192.168.36.125:39127] with ContainerStateMachine:uninitialized
2019-09-05 17:45:01,807 [pool-129-thread-1] INFO  server.RaftServerConfigKeys (ConfUtils.java:logGet(43)) - raft.server.rpc.timeout.min = 5s (custom)
2019-09-05 17:45:01,807 [pool-129-thread-1] INFO  server.RaftServerConfigKeys (ConfUtils.java:logGet(43)) - raft.server.rpc.timeout.max = 5200ms (custom)
2019-09-05 17:45:01,807 [pool-129-thread-1] INFO  server.RaftServerConfigKeys (ConfUtils.java:logGet(43)) - raft.server.rpcslowness.timeout = 120s (custom)
2019-09-05 17:45:01,807 [pool-129-thread-1] INFO  server.RaftServerConfigKeys (ConfUtils.java:logGet(43)) - raft.server.sleep.deviation.threshold = 300 (default)
2019-09-05 17:45:01,807 [pool-129-thread-1] INFO  server.RaftServerConfigKeys (ConfUtils.java:logGet(43)) - raft.server.log.appender.install.snapshot.enabled = false (custom)
2019-09-05 17:45:01,807 [pool-129-thread-1] INFO  impl.RaftServerImpl (ServerState.java:<init>(105)) - 2d64b654-7f45-48f8-94bd-17273b14c273:group-D0E1E87F2263 ConfigurationManager, init=-1: [2d64b654-7f45-48f8-94bd-17273b14c273:192.168.36.125:39127], old=null, confs=<EMPTY_MAP>
2019-09-05 17:45:01,807 [pool-129-thread-1] INFO  server.RaftServerConfigKeys (ConfUtils.java:logGet(43)) - raft.server.storage.dir = [/workdir/hadoop-ozone/integration-test/target/test-dir/MiniOzoneClusterImpl-16d58beb-b20c-491b-8614-42ba02276836/datanode-1/data/ratis] (custom)
2019-09-05 17:45:01,808 [pool-129-thread-1] INFO  storage.RaftStorageDirectory (RaftStorageDirectory.java:analyzeStorage(246)) - The storage directory /workdir/hadoop-ozone/integration-test/target/test-dir/MiniOzoneClusterImpl-16d58beb-b20c-491b-8614-42ba02276836/datanode-1/data/ratis/792d2122-5ac8-407b-aee4-d0e1e87f2263 does not exist. Creating ...
2019-09-05 17:45:02,455 [pool-129-thread-1] INFO  storage.RaftStorageDirectory (RaftStorageDirectory.java:tryLock(328)) - Lock on /workdir/hadoop-ozone/integration-test/target/test-dir/MiniOzoneClusterImpl-16d58beb-b20c-491b-8614-42ba02276836/datanode-1/data/ratis/792d2122-5ac8-407b-aee4-d0e1e87f2263/in_use.lock acquired by nodename 14553@pr-hdds-2007-hnd8f-2977735972
2019-09-05 17:45:02,457 [main] INFO  ozone.MiniOzoneClusterImpl (MiniOzoneClusterImpl.java:lambda$waitForClusterToBeReady$0(140)) - Cluster is ready. Got 7 of 7 DN Heartbeats.
2019-09-05 17:45:02,488 [main] INFO  rpc.RpcClient (RpcClient.java:createVolume(303)) - Creating Volume: testblockoutputstreamwithretries, with jenkins1000 as owner.
2019-09-05 17:45:02,492 [IPC Server handler 1 on 40550] INFO  volume.OMVolumeCreateRequest (OMVolumeCreateRequest.java:validateAndUpdateCache(189)) - created volume:testblockoutputstreamwithretries for user:jenkins1000
2019-09-05 17:45:02,494 [pool-129-thread-1] INFO  storage.RaftStorage (RaftStorage.java:format(72)) - Storage directory /workdir/hadoop-ozone/integration-test/target/test-dir/MiniOzoneClusterImpl-16d58beb-b20c-491b-8614-42ba02276836/datanode-1/data/ratis/792d2122-5ac8-407b-aee4-d0e1e87f2263 has been successfully formatted.
2019-09-05 17:45:02,494 [pool-129-thread-1] INFO  ratis.ContainerStateMachine (ContainerStateMachine.java:loadSnapshot(227)) - group-D0E1E87F2263: The snapshot info is null. Setting the last applied indexto:(t:0, i:~)
2019-09-05 17:45:02,494 [pool-129-thread-1] INFO  server.RaftServerConfigKeys (ConfUtils.java:logGet(43)) - raft.server.leader.election.timeout = 120s (custom)
2019-09-05 17:45:02,494 [pool-129-thread-1] INFO  server.RaftServerConfigKeys (ConfUtils.java:logGet(43)) - raft.server.log.use.memory = false (default)
2019-09-05 17:45:02,495 [pool-129-thread-1] INFO  server.RaftServerConfigKeys (ConfUtils.java:logGet(43)) - raft.server.log.purge.gap = 1000000 (custom)
2019-09-05 17:45:02,495 [pool-129-thread-1] INFO  server.RaftServerConfigKeys (ConfUtils.java:logGet(43)) - raft.server.log.appender.buffer.byte-limit = 33554432 (custom)
2019-09-05 17:45:02,497 [pool-129-thread-1] INFO  server.RaftServerConfigKeys (ConfUtils.java:logGet(43)) - raft.server.log.segment.size.max = 1048576 (custom)
2019-09-05 17:45:02,497 [pool-129-thread-1] INFO  server.RaftServerConfigKeys (ConfUtils.java:logGet(43)) - raft.server.log.segment.cache.num.max = 2 (custom)
2019-09-05 17:45:02,497 [pool-129-thread-1] INFO  segmented.SegmentedRaftLogWorker (SegmentedRaftLogWorker.java:<init>(172)) - new 2d64b654-7f45-48f8-94bd-17273b14c273-SegmentedRaftLogWorker:Storage Directory /workdir/hadoop-ozone/integration-test/target/test-dir/MiniOzoneClusterImpl-16d58beb-b20c-491b-8614-42ba02276836/datanode-1/data/ratis/792d2122-5ac8-407b-aee4-d0e1e87f2263 for RaftStorage:Storage Directory /workdir/hadoop-ozone/integration-test/target/test-dir/MiniOzoneClusterImpl-16d58beb-b20c-491b-8614-42ba02276836/datanode-1/data/ratis/792d2122-5ac8-407b-aee4-d0e1e87f2263
2019-09-05 17:45:02,498 [pool-129-thread-1] INFO  server.RaftServerConfigKeys (ConfUtils.java:logGet(43)) - raft.server.log.queue.byte-limit = 2147483647 (custom)
2019-09-05 17:45:02,498 [pool-129-thread-1] INFO  server.RaftServerConfigKeys (ConfUtils.java:logGet(43)) - raft.server.log.queue.element-limit = 1024 (custom)
2019-09-05 17:45:02,507 [pool-129-thread-1] INFO  server.RaftServerConfigKeys (ConfUtils.java:logGet(43)) - raft.server.log.segment.size.max = 1048576 (custom)
2019-09-05 17:45:02,507 [pool-129-thread-1] INFO  server.RaftServerConfigKeys (ConfUtils.java:logGet(43)) - raft.server.log.preallocated.size = 16384 (custom)
2019-09-05 17:45:02,507 [pool-129-thread-1] INFO  server.RaftServerConfigKeys (ConfUtils.java:logGet(43)) - raft.server.log.write.buffer.size = 33554432 (custom)
2019-09-05 17:45:02,507 [pool-129-thread-1] INFO  server.RaftServerConfigKeys (ConfUtils.java:logGet(43)) - raft.server.log.force.sync.num = 128 (default)
2019-09-05 17:45:02,507 [main] INFO  rpc.RpcClient (RpcClient.java:createBucket(442)) - Creating Bucket: testblockoutputstreamwithretries/testblockoutputstreamwithretries, with Versioning false and Storage Type set to DISK and Encryption set to false 
2019-09-05 17:45:02,507 [pool-129-thread-1] INFO  server.RaftServerConfigKeys (ConfUtils.java:logGet(43)) - raft.server.log.statemachine.data.sync = true (default)
2019-09-05 17:45:02,508 [pool-129-thread-1] INFO  server.RaftServerConfigKeys (ConfUtils.java:logGet(43)) - raft.server.log.statemachine.data.sync.timeout = 10s (default)
2019-09-05 17:45:02,508 [pool-129-thread-1] INFO  server.RaftServerConfigKeys (ConfUtils.java:logGet(43)) - raft.server.log.statemachine.data.sync.timeout.retry = -1 (default)
2019-09-05 17:45:02,509 [pool-129-thread-1] INFO  server.RaftServerConfigKeys (ConfUtils.java:logGet(43)) - raft.server.log.statemachine.data.caching.enabled = true (custom)
2019-09-05 17:45:02,509 [pool-129-thread-1] INFO  segmented.SegmentedRaftLogWorker (SegmentedRaftLogWorker.java:lambda$new$0(132)) - 2d64b654-7f45-48f8-94bd-17273b14c273-SegmentedRaftLogWorker:Storage Directory /workdir/hadoop-ozone/integration-test/target/test-dir/MiniOzoneClusterImpl-16d58beb-b20c-491b-8614-42ba02276836/datanode-1/data/ratis/792d2122-5ac8-407b-aee4-d0e1e87f2263: flushIndex: setUnconditionally 0 -> -1
2019-09-05 17:45:02,509 [pool-129-thread-1] INFO  server.RaftServerConfigKeys (ConfUtils.java:logGet(43)) - raft.server.snapshot.auto.trigger.enabled = true (custom)
2019-09-05 17:45:02,510 [pool-129-thread-1] INFO  server.RaftServerConfigKeys (ConfUtils.java:logGet(43)) - raft.server.snapshot.auto.trigger.threshold = 10000 (custom)
2019-09-05 17:45:02,510 [pool-129-thread-1] INFO  server.RaftServerConfigKeys (ConfUtils.java:logGet(43)) - raft.server.retrycache.expirytime = 600000ms (custom)
2019-09-05 17:45:02,512 [pool-129-thread-1] INFO  impl.RaftServerImpl (RaftServerImpl.java:start(180)) - 2d64b654-7f45-48f8-94bd-17273b14c273: start group-D0E1E87F2263
2019-09-05 17:45:02,512 [pool-129-thread-1] INFO  impl.RaftServerImpl (RaftServerImpl.java:setRole(171)) - 2d64b654-7f45-48f8-94bd-17273b14c273:group-D0E1E87F2263 changes role from null to FOLLOWER at term 0 for startAsFollower
2019-09-05 17:45:02,512 [pool-129-thread-1] INFO  impl.RoleInfo (RoleInfo.java:updateAndGet(143)) - 2d64b654-7f45-48f8-94bd-17273b14c273: start FollowerState
2019-09-05 17:45:02,513 [pool-129-thread-1] INFO  util.JmxRegister (JmxRegister.java:tryRegister(44)) - Successfully registered JMX Bean with object name Ratis:service=RaftServer,group=group-D0E1E87F2263,id=2d64b654-7f45-48f8-94bd-17273b14c273
2019-09-05 17:45:02,515 [RatisPipelineUtilsThread] INFO  pipeline.PipelineStateManager (PipelineStateManager.java:addPipeline(56)) - Created pipeline Pipeline[ Id: 792d2122-5ac8-407b-aee4-d0e1e87f2263, Nodes: 2d64b654-7f45-48f8-94bd-17273b14c273{ip: 192.168.36.125, host: pr-hdds-2007-hnd8f-2977735972, networkLocation: /default-rack, certSerialId: null}, Type:RATIS, Factor:ONE, State:OPEN]
2019-09-05 17:45:02,527 [grpc-default-executor-3] INFO  impl.RaftServerProxy (RaftServerProxy.java:addNew(89)) - 0458fa0a-4d99-412c-a137-2f07c0465a23: addNew group-DADBD37D6117:[0458fa0a-4d99-412c-a137-2f07c0465a23:192.168.36.125:38969] returns group-DADBD37D6117:java.util.concurrent.CompletableFuture@25fbcc31[Not completed]
2019-09-05 17:45:02,532 [pool-159-thread-1] INFO  impl.RaftServerImpl (RaftServerImpl.java:<init>(93)) - 0458fa0a-4d99-412c-a137-2f07c0465a23: new RaftServerImpl for group-DADBD37D6117:[0458fa0a-4d99-412c-a137-2f07c0465a23:192.168.36.125:38969] with ContainerStateMachine:uninitialized
2019-09-05 17:45:02,533 [pool-159-thread-1] INFO  server.RaftServerConfigKeys (ConfUtils.java:logGet(43)) - raft.server.rpc.timeout.min = 5s (custom)
2019-09-05 17:45:02,533 [pool-159-thread-1] INFO  server.RaftServerConfigKeys (ConfUtils.java:logGet(43)) - raft.server.rpc.timeout.max = 5200ms (custom)
2019-09-05 17:45:02,533 [pool-159-thread-1] INFO  server.RaftServerConfigKeys (ConfUtils.java:logGet(43)) - raft.server.rpcslowness.timeout = 120s (custom)
2019-09-05 17:45:02,534 [pool-159-thread-1] INFO  server.RaftServerConfigKeys (ConfUtils.java:logGet(43)) - raft.server.sleep.deviation.threshold = 300 (default)
2019-09-05 17:45:02,534 [pool-159-thread-1] INFO  server.RaftServerConfigKeys (ConfUtils.java:logGet(43)) - raft.server.log.appender.install.snapshot.enabled = false (custom)
2019-09-05 17:45:02,534 [pool-159-thread-1] INFO  impl.RaftServerImpl (ServerState.java:<init>(105)) - 0458fa0a-4d99-412c-a137-2f07c0465a23:group-DADBD37D6117 ConfigurationManager, init=-1: [0458fa0a-4d99-412c-a137-2f07c0465a23:192.168.36.125:38969], old=null, confs=<EMPTY_MAP>
2019-09-05 17:45:02,534 [pool-159-thread-1] INFO  server.RaftServerConfigKeys (ConfUtils.java:logGet(43)) - raft.server.storage.dir = [/workdir/hadoop-ozone/integration-test/target/test-dir/MiniOzoneClusterImpl-16d58beb-b20c-491b-8614-42ba02276836/datanode-4/data/ratis] (custom)
2019-09-05 17:45:02,535 [pool-159-thread-1] INFO  storage.RaftStorageDirectory (RaftStorageDirectory.java:analyzeStorage(246)) - The storage directory /workdir/hadoop-ozone/integration-test/target/test-dir/MiniOzoneClusterImpl-16d58beb-b20c-491b-8614-42ba02276836/datanode-4/data/ratis/acf97f7a-8b6d-4067-8d0d-dadbd37d6117 does not exist. Creating ...
2019-09-05 17:45:04,046 [Thread-730] INFO  container.ReplicationManager (ReplicationManager.java:start(162)) - Starting Replication Monitor Thread.
2019-09-05 17:45:04,049 [ReplicationMonitor] INFO  container.ReplicationManager (ReplicationManager.java:run(225)) - Replication Monitor Thread took 0 milliseconds for processing 0 containers.
2019-09-05 17:45:04,485 [pool-159-thread-1] INFO  storage.RaftStorageDirectory (RaftStorageDirectory.java:tryLock(328)) - Lock on /workdir/hadoop-ozone/integration-test/target/test-dir/MiniOzoneClusterImpl-16d58beb-b20c-491b-8614-42ba02276836/datanode-4/data/ratis/acf97f7a-8b6d-4067-8d0d-dadbd37d6117/in_use.lock acquired by nodename 14553@pr-hdds-2007-hnd8f-2977735972
2019-09-05 17:45:05,523 [RATISCREATEPIPELINE1] ERROR pipeline.RatisPipelineProvider (RatisPipelineProvider.java:lambda$null$5(236)) - Failed invoke Ratis rpc org.apache.hadoop.hdds.scm.pipeline.RatisPipelineProvider$$Lambda$187/1309493505@334520c for 0458fa0a-4d99-412c-a137-2f07c0465a23
org.apache.ratis.protocol.TimeoutIOException: deadline exceeded after 2999793864ns
	at org.apache.ratis.grpc.GrpcUtil.tryUnwrapException(GrpcUtil.java:82)
	at org.apache.ratis.grpc.GrpcUtil.unwrapException(GrpcUtil.java:75)
	at org.apache.ratis.grpc.client.GrpcClientProtocolClient.blockingCall(GrpcClientProtocolClient.java:169)
	at org.apache.ratis.grpc.client.GrpcClientProtocolClient.groupAdd(GrpcClientProtocolClient.java:138)
	at org.apache.ratis.grpc.client.GrpcClientRpc.sendRequest(GrpcClientRpc.java:94)
	at org.apache.ratis.client.impl.RaftClientImpl.sendRequest(RaftClientImpl.java:279)
	at org.apache.ratis.client.impl.RaftClientImpl.groupAdd(RaftClientImpl.java:206)
	at org.apache.hadoop.hdds.scm.pipeline.RatisPipelineProvider.lambda$initializePipeline$4(RatisPipelineProvider.java:195)
	at org.apache.hadoop.hdds.scm.pipeline.RatisPipelineProvider.lambda$null$5(RatisPipelineProvider.java:232)
	at java.util.stream.ForEachOps$ForEachOp$OfRef.accept(ForEachOps.java:184)
	at java.util.ArrayList$ArrayListSpliterator.forEachRemaining(ArrayList.java:1382)
	at java.util.stream.AbstractPipeline.copyInto(AbstractPipeline.java:482)
	at java.util.stream.ForEachOps$ForEachTask.compute(ForEachOps.java:291)
	at java.util.concurrent.CountedCompleter.exec(CountedCompleter.java:731)
	at java.util.concurrent.ForkJoinTask.doExec(ForkJoinTask.java:289)
	at java.util.concurrent.ForkJoinTask.doInvoke(ForkJoinTask.java:401)
	at java.util.concurrent.ForkJoinTask.invoke(ForkJoinTask.java:734)
	at java.util.stream.ForEachOps$ForEachOp.evaluateParallel(ForEachOps.java:160)
	at java.util.stream.ForEachOps$ForEachOp$OfRef.evaluateParallel(ForEachOps.java:174)
	at java.util.stream.AbstractPipeline.evaluate(AbstractPipeline.java:233)
	at java.util.stream.ReferencePipeline.forEach(ReferencePipeline.java:418)
	at java.util.stream.ReferencePipeline$Head.forEach(ReferencePipeline.java:583)
	at org.apache.hadoop.hdds.scm.pipeline.RatisPipelineProvider.lambda$callRatisRpc$6(RatisPipelineProvider.java:226)
	at java.util.concurrent.ForkJoinTask$AdaptedRunnableAction.exec(ForkJoinTask.java:1386)
	at java.util.concurrent.ForkJoinTask.doExec(ForkJoinTask.java:289)
	at java.util.concurrent.ForkJoinPool$WorkQueue.runTask(ForkJoinPool.java:1056)
	at java.util.concurrent.ForkJoinPool.runWorker(ForkJoinPool.java:1692)
	at java.util.concurrent.ForkJoinWorkerThread.run(ForkJoinWorkerThread.java:157)
Caused by: org.apache.ratis.thirdparty.io.grpc.StatusRuntimeException: DEADLINE_EXCEEDED: deadline exceeded after 2999793864ns
	at org.apache.ratis.thirdparty.io.grpc.stub.ClientCalls.toStatusRuntimeException(ClientCalls.java:233)
	at org.apache.ratis.thirdparty.io.grpc.stub.ClientCalls.getUnchecked(ClientCalls.java:214)
	at org.apache.ratis.thirdparty.io.grpc.stub.ClientCalls.blockingUnaryCall(ClientCalls.java:139)
	at org.apache.ratis.proto.grpc.AdminProtocolServiceGrpc$AdminProtocolServiceBlockingStub.groupManagement(AdminProtocolServiceGrpc.java:274)
	at org.apache.ratis.grpc.client.GrpcClientProtocolClient.lambda$groupAdd$3(GrpcClientProtocolClient.java:140)
	at org.apache.ratis.grpc.client.GrpcClientProtocolClient.blockingCall(GrpcClientProtocolClient.java:167)
	... 25 more
2019-09-05 17:45:05,541 [grpc-default-executor-3] INFO  impl.RaftServerProxy (RaftServerProxy.java:addNew(89)) - 2d64b654-7f45-48f8-94bd-17273b14c273: addNew group-CC443CF04C15:[0458fa0a-4d99-412c-a137-2f07c0465a23:192.168.36.125:38969, 63019528-44bb-4614-8879-5aa23dc8c351:192.168.36.125:44072, 2d64b654-7f45-48f8-94bd-17273b14c273:192.168.36.125:39127] returns group-CC443CF04C15:java.util.concurrent.CompletableFuture@644a63c6[Not completed]
2019-09-05 17:45:05,541 [grpc-default-executor-1] INFO  impl.RaftServerProxy (RaftServerProxy.java:addNew(89)) - 63019528-44bb-4614-8879-5aa23dc8c351: addNew group-CC443CF04C15:[0458fa0a-4d99-412c-a137-2f07c0465a23:192.168.36.125:38969, 63019528-44bb-4614-8879-5aa23dc8c351:192.168.36.125:44072, 2d64b654-7f45-48f8-94bd-17273b14c273:192.168.36.125:39127] returns group-CC443CF04C15:java.util.concurrent.CompletableFuture@390ccf99[Not completed]
2019-09-05 17:45:05,541 [grpc-default-executor-4] INFO  impl.RaftServerProxy (RaftServerProxy.java:addNew(89)) - 0458fa0a-4d99-412c-a137-2f07c0465a23: addNew group-CC443CF04C15:[0458fa0a-4d99-412c-a137-2f07c0465a23:192.168.36.125:38969, 63019528-44bb-4614-8879-5aa23dc8c351:192.168.36.125:44072, 2d64b654-7f45-48f8-94bd-17273b14c273:192.168.36.125:39127] returns group-CC443CF04C15:java.util.concurrent.CompletableFuture@5f34ad27[Not completed]
2019-09-05 17:45:05,543 [pool-129-thread-1] INFO  impl.RaftServerImpl (RaftServerImpl.java:<init>(93)) - 2d64b654-7f45-48f8-94bd-17273b14c273: new RaftServerImpl for group-CC443CF04C15:[0458fa0a-4d99-412c-a137-2f07c0465a23:192.168.36.125:38969, 63019528-44bb-4614-8879-5aa23dc8c351:192.168.36.125:44072, 2d64b654-7f45-48f8-94bd-17273b14c273:192.168.36.125:39127] with ContainerStateMachine:uninitialized
2019-09-05 17:45:05,543 [pool-129-thread-1] INFO  server.RaftServerConfigKeys (ConfUtils.java:logGet(43)) - raft.server.rpc.timeout.min = 5s (custom)
2019-09-05 17:45:05,543 [pool-129-thread-1] INFO  server.RaftServerConfigKeys (ConfUtils.java:logGet(43)) - raft.server.rpc.timeout.max = 5200ms (custom)
2019-09-05 17:45:05,543 [pool-129-thread-1] INFO  server.RaftServerConfigKeys (ConfUtils.java:logGet(43)) - raft.server.rpcslowness.timeout = 120s (custom)
2019-09-05 17:45:05,547 [pool-169-thread-1] INFO  impl.RaftServerImpl (RaftServerImpl.java:<init>(93)) - 63019528-44bb-4614-8879-5aa23dc8c351: new RaftServerImpl for group-CC443CF04C15:[0458fa0a-4d99-412c-a137-2f07c0465a23:192.168.36.125:38969, 63019528-44bb-4614-8879-5aa23dc8c351:192.168.36.125:44072, 2d64b654-7f45-48f8-94bd-17273b14c273:192.168.36.125:39127] with ContainerStateMachine:uninitialized
2019-09-05 17:45:05,547 [pool-129-thread-1] INFO  server.RaftServerConfigKeys (ConfUtils.java:logGet(43)) - raft.server.sleep.deviation.threshold = 300 (default)
2019-09-05 17:45:05,547 [pool-169-thread-1] INFO  server.RaftServerConfigKeys (ConfUtils.java:logGet(43)) - raft.server.rpc.timeout.min = 5s (custom)
2019-09-05 17:45:05,547 [pool-129-thread-1] INFO  server.RaftServerConfigKeys (ConfUtils.java:logGet(43)) - raft.server.log.appender.install.snapshot.enabled = false (custom)
2019-09-05 17:45:05,547 [pool-169-thread-1] INFO  server.RaftServerConfigKeys (ConfUtils.java:logGet(43)) - raft.server.rpc.timeout.max = 5200ms (custom)
2019-09-05 17:45:05,547 [pool-129-thread-1] INFO  impl.RaftServerImpl (ServerState.java:<init>(105)) - 2d64b654-7f45-48f8-94bd-17273b14c273:group-CC443CF04C15 ConfigurationManager, init=-1: [0458fa0a-4d99-412c-a137-2f07c0465a23:192.168.36.125:38969, 63019528-44bb-4614-8879-5aa23dc8c351:192.168.36.125:44072, 2d64b654-7f45-48f8-94bd-17273b14c273:192.168.36.125:39127], old=null, confs=<EMPTY_MAP>
2019-09-05 17:45:05,548 [pool-169-thread-1] INFO  server.RaftServerConfigKeys (ConfUtils.java:logGet(43)) - raft.server.rpcslowness.timeout = 120s (custom)
2019-09-05 17:45:05,548 [pool-129-thread-1] INFO  server.RaftServerConfigKeys (ConfUtils.java:logGet(43)) - raft.server.storage.dir = [/workdir/hadoop-ozone/integration-test/target/test-dir/MiniOzoneClusterImpl-16d58beb-b20c-491b-8614-42ba02276836/datanode-1/data/ratis] (custom)
2019-09-05 17:45:05,548 [pool-169-thread-1] INFO  server.RaftServerConfigKeys (ConfUtils.java:logGet(43)) - raft.server.sleep.deviation.threshold = 300 (default)
2019-09-05 17:45:05,548 [pool-169-thread-1] INFO  server.RaftServerConfigKeys (ConfUtils.java:logGet(43)) - raft.server.log.appender.install.snapshot.enabled = false (custom)
2019-09-05 17:45:05,548 [pool-169-thread-1] INFO  impl.RaftServerImpl (ServerState.java:<init>(105)) - 63019528-44bb-4614-8879-5aa23dc8c351:group-CC443CF04C15 ConfigurationManager, init=-1: [0458fa0a-4d99-412c-a137-2f07c0465a23:192.168.36.125:38969, 63019528-44bb-4614-8879-5aa23dc8c351:192.168.36.125:44072, 2d64b654-7f45-48f8-94bd-17273b14c273:192.168.36.125:39127], old=null, confs=<EMPTY_MAP>
2019-09-05 17:45:05,548 [pool-129-thread-1] INFO  storage.RaftStorageDirectory (RaftStorageDirectory.java:analyzeStorage(246)) - The storage directory /workdir/hadoop-ozone/integration-test/target/test-dir/MiniOzoneClusterImpl-16d58beb-b20c-491b-8614-42ba02276836/datanode-1/data/ratis/248ddc66-899b-483a-85d9-cc443cf04c15 does not exist. Creating ...
2019-09-05 17:45:05,548 [pool-169-thread-1] INFO  server.RaftServerConfigKeys (ConfUtils.java:logGet(43)) - raft.server.storage.dir = [/workdir/hadoop-ozone/integration-test/target/test-dir/MiniOzoneClusterImpl-16d58beb-b20c-491b-8614-42ba02276836/datanode-5/data/ratis] (custom)
2019-09-05 17:45:05,549 [pool-169-thread-1] INFO  storage.RaftStorageDirectory (RaftStorageDirectory.java:analyzeStorage(246)) - The storage directory /workdir/hadoop-ozone/integration-test/target/test-dir/MiniOzoneClusterImpl-16d58beb-b20c-491b-8614-42ba02276836/datanode-5/data/ratis/248ddc66-899b-483a-85d9-cc443cf04c15 does not exist. Creating ...
2019-09-05 17:45:06,020 [pool-159-thread-1] INFO  storage.RaftStorage (RaftStorage.java:format(72)) - Storage directory /workdir/hadoop-ozone/integration-test/target/test-dir/MiniOzoneClusterImpl-16d58beb-b20c-491b-8614-42ba02276836/datanode-4/data/ratis/acf97f7a-8b6d-4067-8d0d-dadbd37d6117 has been successfully formatted.
2019-09-05 17:45:06,020 [pool-159-thread-1] INFO  ratis.ContainerStateMachine (ContainerStateMachine.java:loadSnapshot(227)) - group-DADBD37D6117: The snapshot info is null. Setting the last applied indexto:(t:0, i:~)
2019-09-05 17:45:06,021 [pool-159-thread-1] INFO  server.RaftServerConfigKeys (ConfUtils.java:logGet(43)) - raft.server.leader.election.timeout = 120s (custom)
2019-09-05 17:45:06,021 [pool-159-thread-1] INFO  server.RaftServerConfigKeys (ConfUtils.java:logGet(43)) - raft.server.log.use.memory = false (default)
2019-09-05 17:45:06,021 [pool-159-thread-1] INFO  server.RaftServerConfigKeys (ConfUtils.java:logGet(43)) - raft.server.log.purge.gap = 1000000 (custom)
2019-09-05 17:45:06,021 [pool-159-thread-1] INFO  server.RaftServerConfigKeys (ConfUtils.java:logGet(43)) - raft.server.log.appender.buffer.byte-limit = 33554432 (custom)
2019-09-05 17:45:06,022 [pool-159-thread-1] INFO  server.RaftServerConfigKeys (ConfUtils.java:logGet(43)) - raft.server.log.segment.size.max = 1048576 (custom)
2019-09-05 17:45:06,022 [pool-159-thread-1] INFO  server.RaftServerConfigKeys (ConfUtils.java:logGet(43)) - raft.server.log.segment.cache.num.max = 2 (custom)
2019-09-05 17:45:06,022 [pool-159-thread-1] INFO  segmented.SegmentedRaftLogWorker (SegmentedRaftLogWorker.java:<init>(172)) - new 0458fa0a-4d99-412c-a137-2f07c0465a23-SegmentedRaftLogWorker:Storage Directory /workdir/hadoop-ozone/integration-test/target/test-dir/MiniOzoneClusterImpl-16d58beb-b20c-491b-8614-42ba02276836/datanode-4/data/ratis/acf97f7a-8b6d-4067-8d0d-dadbd37d6117 for RaftStorage:Storage Directory /workdir/hadoop-ozone/integration-test/target/test-dir/MiniOzoneClusterImpl-16d58beb-b20c-491b-8614-42ba02276836/datanode-4/data/ratis/acf97f7a-8b6d-4067-8d0d-dadbd37d6117
2019-09-05 17:45:06,023 [pool-159-thread-1] INFO  server.RaftServerConfigKeys (ConfUtils.java:logGet(43)) - raft.server.log.queue.byte-limit = 2147483647 (custom)
2019-09-05 17:45:06,023 [pool-159-thread-1] INFO  server.RaftServerConfigKeys (ConfUtils.java:logGet(43)) - raft.server.log.queue.element-limit = 1024 (custom)
2019-09-05 17:45:06,023 [pool-159-thread-1] INFO  server.RaftServerConfigKeys (ConfUtils.java:logGet(43)) - raft.server.log.segment.size.max = 1048576 (custom)
2019-09-05 17:45:06,024 [pool-159-thread-1] INFO  server.RaftServerConfigKeys (ConfUtils.java:logGet(43)) - raft.server.log.preallocated.size = 16384 (custom)
2019-09-05 17:45:06,024 [pool-159-thread-1] INFO  server.RaftServerConfigKeys (ConfUtils.java:logGet(43)) - raft.server.log.write.buffer.size = 33554432 (custom)
2019-09-05 17:45:06,024 [pool-159-thread-1] INFO  server.RaftServerConfigKeys (ConfUtils.java:logGet(43)) - raft.server.log.force.sync.num = 128 (default)
2019-09-05 17:45:06,024 [pool-159-thread-1] INFO  server.RaftServerConfigKeys (ConfUtils.java:logGet(43)) - raft.server.log.statemachine.data.sync = true (default)
2019-09-05 17:45:06,024 [pool-159-thread-1] INFO  server.RaftServerConfigKeys (ConfUtils.java:logGet(43)) - raft.server.log.statemachine.data.sync.timeout = 10s (default)
2019-09-05 17:45:06,025 [pool-159-thread-1] INFO  server.RaftServerConfigKeys (ConfUtils.java:logGet(43)) - raft.server.log.statemachine.data.sync.timeout.retry = -1 (default)
2019-09-05 17:45:06,025 [pool-159-thread-1] INFO  server.RaftServerConfigKeys (ConfUtils.java:logGet(43)) - raft.server.log.statemachine.data.caching.enabled = true (custom)
2019-09-05 17:45:06,026 [pool-159-thread-1] INFO  segmented.SegmentedRaftLogWorker (SegmentedRaftLogWorker.java:lambda$new$0(132)) - 0458fa0a-4d99-412c-a137-2f07c0465a23-SegmentedRaftLogWorker:Storage Directory /workdir/hadoop-ozone/integration-test/target/test-dir/MiniOzoneClusterImpl-16d58beb-b20c-491b-8614-42ba02276836/datanode-4/data/ratis/acf97f7a-8b6d-4067-8d0d-dadbd37d6117: flushIndex: setUnconditionally 0 -> -1
2019-09-05 17:45:06,026 [pool-159-thread-1] INFO  server.RaftServerConfigKeys (ConfUtils.java:logGet(43)) - raft.server.snapshot.auto.trigger.enabled = true (custom)
2019-09-05 17:45:06,027 [pool-159-thread-1] INFO  server.RaftServerConfigKeys (ConfUtils.java:logGet(43)) - raft.server.snapshot.auto.trigger.threshold = 10000 (custom)
2019-09-05 17:45:06,027 [pool-159-thread-1] INFO  server.RaftServerConfigKeys (ConfUtils.java:logGet(43)) - raft.server.retrycache.expirytime = 600000ms (custom)
2019-09-05 17:45:06,030 [pool-159-thread-1] INFO  impl.RaftServerImpl (RaftServerImpl.java:<init>(93)) - 0458fa0a-4d99-412c-a137-2f07c0465a23: new RaftServerImpl for group-CC443CF04C15:[0458fa0a-4d99-412c-a137-2f07c0465a23:192.168.36.125:38969, 63019528-44bb-4614-8879-5aa23dc8c351:192.168.36.125:44072, 2d64b654-7f45-48f8-94bd-17273b14c273:192.168.36.125:39127] with ContainerStateMachine:uninitialized
2019-09-05 17:45:06,030 [pool-159-thread-1] INFO  server.RaftServerConfigKeys (ConfUtils.java:logGet(43)) - raft.server.rpc.timeout.min = 5s (custom)
2019-09-05 17:45:06,030 [pool-159-thread-1] INFO  server.RaftServerConfigKeys (ConfUtils.java:logGet(43)) - raft.server.rpc.timeout.max = 5200ms (custom)
2019-09-05 17:45:06,030 [pool-159-thread-1] INFO  server.RaftServerConfigKeys (ConfUtils.java:logGet(43)) - raft.server.rpcslowness.timeout = 120s (custom)
2019-09-05 17:45:06,031 [pool-159-thread-1] INFO  server.RaftServerConfigKeys (ConfUtils.java:logGet(43)) - raft.server.sleep.deviation.threshold = 300 (default)
2019-09-05 17:45:06,031 [pool-159-thread-1] INFO  server.RaftServerConfigKeys (ConfUtils.java:logGet(43)) - raft.server.log.appender.install.snapshot.enabled = false (custom)
2019-09-05 17:45:06,031 [pool-159-thread-1] INFO  impl.RaftServerImpl (ServerState.java:<init>(105)) - 0458fa0a-4d99-412c-a137-2f07c0465a23:group-CC443CF04C15 ConfigurationManager, init=-1: [0458fa0a-4d99-412c-a137-2f07c0465a23:192.168.36.125:38969, 63019528-44bb-4614-8879-5aa23dc8c351:192.168.36.125:44072, 2d64b654-7f45-48f8-94bd-17273b14c273:192.168.36.125:39127], old=null, confs=<EMPTY_MAP>
2019-09-05 17:45:06,031 [pool-159-thread-1] INFO  server.RaftServerConfigKeys (ConfUtils.java:logGet(43)) - raft.server.storage.dir = [/workdir/hadoop-ozone/integration-test/target/test-dir/MiniOzoneClusterImpl-16d58beb-b20c-491b-8614-42ba02276836/datanode-4/data/ratis] (custom)
2019-09-05 17:45:06,032 [pool-159-thread-1] INFO  storage.RaftStorageDirectory (RaftStorageDirectory.java:analyzeStorage(246)) - The storage directory /workdir/hadoop-ozone/integration-test/target/test-dir/MiniOzoneClusterImpl-16d58beb-b20c-491b-8614-42ba02276836/datanode-4/data/ratis/248ddc66-899b-483a-85d9-cc443cf04c15 does not exist. Creating ...
2019-09-05 17:45:06,815 [Thread-732] INFO  impl.FollowerState (FollowerState.java:run(106)) - c77c95d4-b555-4b20-809c-193fe3f6d604:group-5C8E73F057E7 changes to CANDIDATE, lastRpcTime:5022, electionTimeout:5022ms
2019-09-05 17:45:06,815 [Thread-732] INFO  impl.RoleInfo (RoleInfo.java:shutdownFollowerState(121)) - c77c95d4-b555-4b20-809c-193fe3f6d604: shutdown FollowerState
2019-09-05 17:45:06,815 [Thread-732] INFO  impl.RaftServerImpl (RaftServerImpl.java:setRole(171)) - c77c95d4-b555-4b20-809c-193fe3f6d604:group-5C8E73F057E7 changes role from FOLLOWER to CANDIDATE at term 0 for changeToCandidate
2019-09-05 17:45:06,815 [Thread-732] INFO  impl.RoleInfo (RoleInfo.java:updateAndGet(143)) - c77c95d4-b555-4b20-809c-193fe3f6d604: start LeaderElection
2019-09-05 17:45:07,179 [pool-169-thread-1] INFO  storage.RaftStorageDirectory (RaftStorageDirectory.java:tryLock(328)) - Lock on /workdir/hadoop-ozone/integration-test/target/test-dir/MiniOzoneClusterImpl-16d58beb-b20c-491b-8614-42ba02276836/datanode-5/data/ratis/248ddc66-899b-483a-85d9-cc443cf04c15/in_use.lock acquired by nodename 14553@pr-hdds-2007-hnd8f-2977735972
2019-09-05 17:45:07,179 [pool-129-thread-1] INFO  storage.RaftStorageDirectory (RaftStorageDirectory.java:tryLock(328)) - Lock on /workdir/hadoop-ozone/integration-test/target/test-dir/MiniOzoneClusterImpl-16d58beb-b20c-491b-8614-42ba02276836/datanode-1/data/ratis/248ddc66-899b-483a-85d9-cc443cf04c15/in_use.lock acquired by nodename 14553@pr-hdds-2007-hnd8f-2977735972
2019-09-05 17:45:07,689 [Thread-737] INFO  impl.FollowerState (FollowerState.java:run(106)) - 2d64b654-7f45-48f8-94bd-17273b14c273:group-D0E1E87F2263 changes to CANDIDATE, lastRpcTime:5176, electionTimeout:5176ms
2019-09-05 17:45:07,689 [Thread-737] INFO  impl.RoleInfo (RoleInfo.java:shutdownFollowerState(121)) - 2d64b654-7f45-48f8-94bd-17273b14c273: shutdown FollowerState
2019-09-05 17:45:07,689 [Thread-737] INFO  impl.RaftServerImpl (RaftServerImpl.java:setRole(171)) - 2d64b654-7f45-48f8-94bd-17273b14c273:group-D0E1E87F2263 changes role from FOLLOWER to CANDIDATE at term 0 for changeToCandidate
2019-09-05 17:45:07,690 [Thread-737] INFO  impl.RoleInfo (RoleInfo.java:updateAndGet(143)) - 2d64b654-7f45-48f8-94bd-17273b14c273: start LeaderElection
2019-09-05 17:45:08,533 [RATISCREATEPIPELINE1] ERROR pipeline.RatisPipelineProvider (RatisPipelineProvider.java:lambda$null$5(236)) - Failed invoke Ratis rpc org.apache.hadoop.hdds.scm.pipeline.RatisPipelineProvider$$Lambda$187/1309493505@5fa927c5 for 0458fa0a-4d99-412c-a137-2f07c0465a23
org.apache.ratis.protocol.TimeoutIOException: deadline exceeded after 2999824855ns
	at org.apache.ratis.grpc.GrpcUtil.tryUnwrapException(GrpcUtil.java:82)
	at org.apache.ratis.grpc.GrpcUtil.unwrapException(GrpcUtil.java:75)
	at org.apache.ratis.grpc.client.GrpcClientProtocolClient.blockingCall(GrpcClientProtocolClient.java:169)
	at org.apache.ratis.grpc.client.GrpcClientProtocolClient.groupAdd(GrpcClientProtocolClient.java:138)
	at org.apache.ratis.grpc.client.GrpcClientRpc.sendRequest(GrpcClientRpc.java:94)
	at org.apache.ratis.client.impl.RaftClientImpl.sendRequest(RaftClientImpl.java:279)
	at org.apache.ratis.client.impl.RaftClientImpl.groupAdd(RaftClientImpl.java:206)
	at org.apache.hadoop.hdds.scm.pipeline.RatisPipelineProvider.lambda$initializePipeline$4(RatisPipelineProvider.java:195)
	at org.apache.hadoop.hdds.scm.pipeline.RatisPipelineProvider.lambda$null$5(RatisPipelineProvider.java:232)
	at java.util.stream.ForEachOps$ForEachOp$OfRef.accept(ForEachOps.java:184)
	at java.util.ArrayList$ArrayListSpliterator.forEachRemaining(ArrayList.java:1382)
	at java.util.stream.AbstractPipeline.copyInto(AbstractPipeline.java:482)
	at java.util.stream.ForEachOps$ForEachTask.compute(ForEachOps.java:291)
	at java.util.concurrent.CountedCompleter.exec(CountedCompleter.java:731)
	at java.util.concurrent.ForkJoinTask.doExec(ForkJoinTask.java:289)
	at java.util.concurrent.ForkJoinTask.doInvoke(ForkJoinTask.java:401)
	at java.util.concurrent.ForkJoinTask.invoke(ForkJoinTask.java:734)
	at java.util.stream.ForEachOps$ForEachOp.evaluateParallel(ForEachOps.java:160)
	at java.util.stream.ForEachOps$ForEachOp$OfRef.evaluateParallel(ForEachOps.java:174)
	at java.util.stream.AbstractPipeline.evaluate(AbstractPipeline.java:233)
	at java.util.stream.ReferencePipeline.forEach(ReferencePipeline.java:418)
	at java.util.stream.ReferencePipeline$Head.forEach(ReferencePipeline.java:583)
	at org.apache.hadoop.hdds.scm.pipeline.RatisPipelineProvider.lambda$callRatisRpc$6(RatisPipelineProvider.java:226)
	at java.util.concurrent.ForkJoinTask$AdaptedRunnableAction.exec(ForkJoinTask.java:1386)
	at java.util.concurrent.ForkJoinTask.doExec(ForkJoinTask.java:289)
	at java.util.concurrent.ForkJoinPool$WorkQueue.runTask(ForkJoinPool.java:1056)
	at java.util.concurrent.ForkJoinPool.runWorker(ForkJoinPool.java:1692)
	at java.util.concurrent.ForkJoinWorkerThread.run(ForkJoinWorkerThread.java:157)
Caused by: org.apache.ratis.thirdparty.io.grpc.StatusRuntimeException: DEADLINE_EXCEEDED: deadline exceeded after 2999824855ns
	at org.apache.ratis.thirdparty.io.grpc.stub.ClientCalls.toStatusRuntimeException(ClientCalls.java:233)
	at org.apache.ratis.thirdparty.io.grpc.stub.ClientCalls.getUnchecked(ClientCalls.java:214)
	at org.apache.ratis.thirdparty.io.grpc.stub.ClientCalls.blockingUnaryCall(ClientCalls.java:139)
	at org.apache.ratis.proto.grpc.AdminProtocolServiceGrpc$AdminProtocolServiceBlockingStub.groupManagement(AdminProtocolServiceGrpc.java:274)
	at org.apache.ratis.grpc.client.GrpcClientProtocolClient.lambda$groupAdd$3(GrpcClientProtocolClient.java:140)
	at org.apache.ratis.grpc.client.GrpcClientProtocolClient.blockingCall(GrpcClientProtocolClient.java:167)
	... 25 more
2019-09-05 17:45:08,534 [RATISCREATEPIPELINE2] ERROR pipeline.RatisPipelineProvider (RatisPipelineProvider.java:lambda$null$5(236)) - Failed invoke Ratis rpc org.apache.hadoop.hdds.scm.pipeline.RatisPipelineProvider$$Lambda$187/1309493505@5fa927c5 for 2d64b654-7f45-48f8-94bd-17273b14c273
org.apache.ratis.protocol.TimeoutIOException
	at org.apache.ratis.grpc.GrpcUtil.tryUnwrapException(GrpcUtil.java:82)
	at org.apache.ratis.grpc.GrpcUtil.unwrapException(GrpcUtil.java:75)
	at org.apache.ratis.grpc.client.GrpcClientProtocolClient.blockingCall(GrpcClientProtocolClient.java:169)
	at org.apache.ratis.grpc.client.GrpcClientProtocolClient.groupAdd(GrpcClientProtocolClient.java:138)
	at org.apache.ratis.grpc.client.GrpcClientRpc.sendRequest(GrpcClientRpc.java:94)
	at org.apache.ratis.client.impl.RaftClientImpl.sendRequest(RaftClientImpl.java:279)
	at org.apache.ratis.client.impl.RaftClientImpl.groupAdd(RaftClientImpl.java:206)
	at org.apache.hadoop.hdds.scm.pipeline.RatisPipelineProvider.lambda$initializePipeline$4(RatisPipelineProvider.java:195)
	at org.apache.hadoop.hdds.scm.pipeline.RatisPipelineProvider.lambda$null$5(RatisPipelineProvider.java:232)
	at java.util.stream.ForEachOps$ForEachOp$OfRef.accept(ForEachOps.java:184)
	at java.util.ArrayList$ArrayListSpliterator.forEachRemaining(ArrayList.java:1382)
	at java.util.stream.AbstractPipeline.copyInto(AbstractPipeline.java:482)
	at java.util.stream.ForEachOps$ForEachTask.compute(ForEachOps.java:291)
	at java.util.concurrent.CountedCompleter.exec(CountedCompleter.java:731)
	at java.util.concurrent.ForkJoinTask.doExec(ForkJoinTask.java:289)
	at java.util.concurrent.ForkJoinPool$WorkQueue.runTask(ForkJoinPool.java:1056)
	at java.util.concurrent.ForkJoinPool.runWorker(ForkJoinPool.java:1692)
	at java.util.concurrent.ForkJoinWorkerThread.run(ForkJoinWorkerThread.java:157)
Caused by: org.apache.ratis.thirdparty.io.grpc.StatusRuntimeException: DEADLINE_EXCEEDED
	at org.apache.ratis.thirdparty.io.grpc.stub.ClientCalls.toStatusRuntimeException(ClientCalls.java:233)
	at org.apache.ratis.thirdparty.io.grpc.stub.ClientCalls.getUnchecked(ClientCalls.java:214)
	at org.apache.ratis.thirdparty.io.grpc.stub.ClientCalls.blockingUnaryCall(ClientCalls.java:139)
	at org.apache.ratis.proto.grpc.AdminProtocolServiceGrpc$AdminProtocolServiceBlockingStub.groupManagement(AdminProtocolServiceGrpc.java:274)
	at org.apache.ratis.grpc.client.GrpcClientProtocolClient.lambda$groupAdd$3(GrpcClientProtocolClient.java:140)
	at org.apache.ratis.grpc.client.GrpcClientProtocolClient.blockingCall(GrpcClientProtocolClient.java:167)
	... 15 more
2019-09-05 17:45:08,533 [RATISCREATEPIPELINE3] ERROR pipeline.RatisPipelineProvider (RatisPipelineProvider.java:lambda$null$5(236)) - Failed invoke Ratis rpc org.apache.hadoop.hdds.scm.pipeline.RatisPipelineProvider$$Lambda$187/1309493505@5fa927c5 for 63019528-44bb-4614-8879-5aa23dc8c351
org.apache.ratis.protocol.TimeoutIOException
	at org.apache.ratis.grpc.GrpcUtil.tryUnwrapException(GrpcUtil.java:82)
	at org.apache.ratis.grpc.GrpcUtil.unwrapException(GrpcUtil.java:75)
	at org.apache.ratis.grpc.client.GrpcClientProtocolClient.blockingCall(GrpcClientProtocolClient.java:169)
	at org.apache.ratis.grpc.client.GrpcClientProtocolClient.groupAdd(GrpcClientProtocolClient.java:138)
	at org.apache.ratis.grpc.client.GrpcClientRpc.sendRequest(GrpcClientRpc.java:94)
	at org.apache.ratis.client.impl.RaftClientImpl.sendRequest(RaftClientImpl.java:279)
	at org.apache.ratis.client.impl.RaftClientImpl.groupAdd(RaftClientImpl.java:206)
	at org.apache.hadoop.hdds.scm.pipeline.RatisPipelineProvider.lambda$initializePipeline$4(RatisPipelineProvider.java:195)
	at org.apache.hadoop.hdds.scm.pipeline.RatisPipelineProvider.lambda$null$5(RatisPipelineProvider.java:232)
	at java.util.stream.ForEachOps$ForEachOp$OfRef.accept(ForEachOps.java:184)
	at java.util.ArrayList$ArrayListSpliterator.forEachRemaining(ArrayList.java:1382)
	at java.util.stream.AbstractPipeline.copyInto(AbstractPipeline.java:482)
	at java.util.stream.ForEachOps$ForEachTask.compute(ForEachOps.java:291)
	at java.util.concurrent.CountedCompleter.exec(CountedCompleter.java:731)
	at java.util.concurrent.ForkJoinTask.doExec(ForkJoinTask.java:289)
	at java.util.concurrent.ForkJoinPool$WorkQueue.runTask(ForkJoinPool.java:1056)
	at java.util.concurrent.ForkJoinPool.runWorker(ForkJoinPool.java:1692)
	at java.util.concurrent.ForkJoinWorkerThread.run(ForkJoinWorkerThread.java:157)
Caused by: org.apache.ratis.thirdparty.io.grpc.StatusRuntimeException: DEADLINE_EXCEEDED
	at org.apache.ratis.thirdparty.io.grpc.stub.ClientCalls.toStatusRuntimeException(ClientCalls.java:233)
	at org.apache.ratis.thirdparty.io.grpc.stub.ClientCalls.getUnchecked(ClientCalls.java:214)
	at org.apache.ratis.thirdparty.io.grpc.stub.ClientCalls.blockingUnaryCall(ClientCalls.java:139)
	at org.apache.ratis.proto.grpc.AdminProtocolServiceGrpc$AdminProtocolServiceBlockingStub.groupManagement(AdminProtocolServiceGrpc.java:274)
	at org.apache.ratis.grpc.client.GrpcClientProtocolClient.lambda$groupAdd$3(GrpcClientProtocolClient.java:140)
	at org.apache.ratis.grpc.client.GrpcClientProtocolClient.blockingCall(GrpcClientProtocolClient.java:167)
	... 15 more
2019-09-05 17:45:08,545 [grpc-default-executor-4] INFO  impl.RaftServerProxy (RaftServerProxy.java:addNew(89)) - 0458fa0a-4d99-412c-a137-2f07c0465a23: addNew group-3D55450724D1:[0458fa0a-4d99-412c-a137-2f07c0465a23:192.168.36.125:38969] returns group-3D55450724D1:java.util.concurrent.CompletableFuture@68e3bf74[Not completed]
2019-09-05 17:45:09,585 [pool-159-thread-1] INFO  storage.RaftStorageDirectory (RaftStorageDirectory.java:tryLock(328)) - Lock on /workdir/hadoop-ozone/integration-test/target/test-dir/MiniOzoneClusterImpl-16d58beb-b20c-491b-8614-42ba02276836/datanode-4/data/ratis/248ddc66-899b-483a-85d9-cc443cf04c15/in_use.lock acquired by nodename 14553@pr-hdds-2007-hnd8f-2977735972
2019-09-05 17:45:09,590 [c77c95d4-b555-4b20-809c-193fe3f6d604:group-5C8E73F057E7:LeaderElection20] INFO  impl.LeaderElection (LeaderElection.java:askForVotes(181)) - c77c95d4-b555-4b20-809c-193fe3f6d604:group-5C8E73F057E7:LeaderElection20: begin an election at term 1 for -1: [c77c95d4-b555-4b20-809c-193fe3f6d604:192.168.36.125:35808], old=null
2019-09-05 17:45:09,590 [c77c95d4-b555-4b20-809c-193fe3f6d604:group-5C8E73F057E7:LeaderElection20] INFO  impl.RoleInfo (RoleInfo.java:shutdownLeaderElection(134)) - c77c95d4-b555-4b20-809c-193fe3f6d604: shutdown LeaderElection
2019-09-05 17:45:09,590 [c77c95d4-b555-4b20-809c-193fe3f6d604:group-5C8E73F057E7:LeaderElection20] INFO  impl.RaftServerImpl (RaftServerImpl.java:setRole(171)) - c77c95d4-b555-4b20-809c-193fe3f6d604:group-5C8E73F057E7 changes role from CANDIDATE to LEADER at term 1 for changeToLeader
2019-09-05 17:45:09,590 [c77c95d4-b555-4b20-809c-193fe3f6d604:group-5C8E73F057E7:LeaderElection20] INFO  impl.RaftServerImpl (ServerState.java:setLeader(263)) - c77c95d4-b555-4b20-809c-193fe3f6d604:group-5C8E73F057E7 change Leader from null to c77c95d4-b555-4b20-809c-193fe3f6d604 at term 1 for becomeLeader, leader elected after 7803ms
2019-09-05 17:45:09,593 [c77c95d4-b555-4b20-809c-193fe3f6d604:group-5C8E73F057E7:LeaderElection20] INFO  server.RaftServerConfigKeys (ConfUtils.java:logGet(43)) - raft.server.staging.catchup.gap = 1000 (default)
2019-09-05 17:45:09,593 [2d64b654-7f45-48f8-94bd-17273b14c273:group-D0E1E87F2263:LeaderElection21] INFO  impl.LeaderElection (LeaderElection.java:askForVotes(181)) - 2d64b654-7f45-48f8-94bd-17273b14c273:group-D0E1E87F2263:LeaderElection21: begin an election at term 1 for -1: [2d64b654-7f45-48f8-94bd-17273b14c273:192.168.36.125:39127], old=null
2019-09-05 17:45:09,593 [pool-129-thread-1] INFO  storage.RaftStorage (RaftStorage.java:format(72)) - Storage directory /workdir/hadoop-ozone/integration-test/target/test-dir/MiniOzoneClusterImpl-16d58beb-b20c-491b-8614-42ba02276836/datanode-1/data/ratis/248ddc66-899b-483a-85d9-cc443cf04c15 has been successfully formatted.
2019-09-05 17:45:09,593 [pool-169-thread-1] INFO  storage.RaftStorage (RaftStorage.java:format(72)) - Storage directory /workdir/hadoop-ozone/integration-test/target/test-dir/MiniOzoneClusterImpl-16d58beb-b20c-491b-8614-42ba02276836/datanode-5/data/ratis/248ddc66-899b-483a-85d9-cc443cf04c15 has been successfully formatted.
2019-09-05 17:45:09,594 [2d64b654-7f45-48f8-94bd-17273b14c273:group-D0E1E87F2263:LeaderElection21] INFO  impl.RoleInfo (RoleInfo.java:shutdownLeaderElection(134)) - 2d64b654-7f45-48f8-94bd-17273b14c273: shutdown LeaderElection
2019-09-05 17:45:09,594 [pool-129-thread-1] INFO  ratis.ContainerStateMachine (ContainerStateMachine.java:loadSnapshot(227)) - group-CC443CF04C15: The snapshot info is null. Setting the last applied indexto:(t:0, i:~)
2019-09-05 17:45:09,594 [c77c95d4-b555-4b20-809c-193fe3f6d604:group-5C8E73F057E7:LeaderElection20] INFO  server.RaftServerConfigKeys (ConfUtils.java:logGet(43)) - raft.server.rpc.sleep.time = 25ms (default)
2019-09-05 17:45:09,594 [pool-129-thread-1] INFO  server.RaftServerConfigKeys (ConfUtils.java:logGet(43)) - raft.server.leader.election.timeout = 120s (custom)
2019-09-05 17:45:09,594 [2d64b654-7f45-48f8-94bd-17273b14c273:group-D0E1E87F2263:LeaderElection21] INFO  impl.RaftServerImpl (RaftServerImpl.java:setRole(171)) - 2d64b654-7f45-48f8-94bd-17273b14c273:group-D0E1E87F2263 changes role from CANDIDATE to LEADER at term 1 for changeToLeader
2019-09-05 17:45:09,594 [pool-169-thread-1] INFO  ratis.ContainerStateMachine (ContainerStateMachine.java:loadSnapshot(227)) - group-CC443CF04C15: The snapshot info is null. Setting the last applied indexto:(t:0, i:~)
2019-09-05 17:45:09,594 [2d64b654-7f45-48f8-94bd-17273b14c273:group-D0E1E87F2263:LeaderElection21] INFO  impl.RaftServerImpl (ServerState.java:setLeader(263)) - 2d64b654-7f45-48f8-94bd-17273b14c273:group-D0E1E87F2263 change Leader from null to 2d64b654-7f45-48f8-94bd-17273b14c273 at term 1 for becomeLeader, leader elected after 7100ms
2019-09-05 17:45:09,594 [pool-129-thread-1] INFO  server.RaftServerConfigKeys (ConfUtils.java:logGet(43)) - raft.server.log.use.memory = false (default)
2019-09-05 17:45:09,594 [c77c95d4-b555-4b20-809c-193fe3f6d604:group-5C8E73F057E7:LeaderElection20] INFO  server.RaftServerConfigKeys (ConfUtils.java:logGet(43)) - raft.server.write.element-limit = 4096 (default)
2019-09-05 17:45:09,597 [pool-129-thread-1] INFO  server.RaftServerConfigKeys (ConfUtils.java:logGet(43)) - raft.server.log.purge.gap = 1000000 (custom)
2019-09-05 17:45:09,597 [2d64b654-7f45-48f8-94bd-17273b14c273:group-D0E1E87F2263:LeaderElection21] INFO  server.RaftServerConfigKeys (ConfUtils.java:logGet(43)) - raft.server.staging.catchup.gap = 1000 (default)
2019-09-05 17:45:09,595 [pool-169-thread-1] INFO  server.RaftServerConfigKeys (ConfUtils.java:logGet(43)) - raft.server.leader.election.timeout = 120s (custom)
2019-09-05 17:45:09,598 [2d64b654-7f45-48f8-94bd-17273b14c273:group-D0E1E87F2263:LeaderElection21] INFO  server.RaftServerConfigKeys (ConfUtils.java:logGet(43)) - raft.server.rpc.sleep.time = 25ms (default)
2019-09-05 17:45:09,598 [pool-129-thread-1] INFO  server.RaftServerConfigKeys (ConfUtils.java:logGet(43)) - raft.server.log.appender.buffer.byte-limit = 33554432 (custom)
2019-09-05 17:45:09,597 [c77c95d4-b555-4b20-809c-193fe3f6d604:group-5C8E73F057E7:LeaderElection20] INFO  server.RaftServerConfigKeys (ConfUtils.java:logGet(43)) - raft.server.watch.timeout = 10s (default)
2019-09-05 17:45:09,598 [pool-129-thread-1] INFO  server.RaftServerConfigKeys (ConfUtils.java:logGet(43)) - raft.server.log.segment.size.max = 1048576 (custom)
2019-09-05 17:45:09,598 [2d64b654-7f45-48f8-94bd-17273b14c273:group-D0E1E87F2263:LeaderElection21] INFO  server.RaftServerConfigKeys (ConfUtils.java:logGet(43)) - raft.server.write.element-limit = 4096 (default)
2019-09-05 17:45:09,598 [pool-169-thread-1] INFO  server.RaftServerConfigKeys (ConfUtils.java:logGet(43)) - raft.server.log.use.memory = false (default)
2019-09-05 17:45:09,598 [2d64b654-7f45-48f8-94bd-17273b14c273:group-D0E1E87F2263:LeaderElection21] INFO  server.RaftServerConfigKeys (ConfUtils.java:logGet(43)) - raft.server.watch.timeout = 10s (default)
2019-09-05 17:45:09,598 [pool-129-thread-1] INFO  server.RaftServerConfigKeys (ConfUtils.java:logGet(43)) - raft.server.log.segment.cache.num.max = 2 (custom)
2019-09-05 17:45:09,598 [c77c95d4-b555-4b20-809c-193fe3f6d604:group-5C8E73F057E7:LeaderElection20] INFO  server.RaftServerConfigKeys (ConfUtils.java:logGet(43)) - raft.server.watch.timeout.denomination = 1s (default)
2019-09-05 17:45:09,599 [pool-129-thread-1] INFO  segmented.SegmentedRaftLogWorker (SegmentedRaftLogWorker.java:<init>(172)) - new 2d64b654-7f45-48f8-94bd-17273b14c273-SegmentedRaftLogWorker:Storage Directory /workdir/hadoop-ozone/integration-test/target/test-dir/MiniOzoneClusterImpl-16d58beb-b20c-491b-8614-42ba02276836/datanode-1/data/ratis/248ddc66-899b-483a-85d9-cc443cf04c15 for RaftStorage:Storage Directory /workdir/hadoop-ozone/integration-test/target/test-dir/MiniOzoneClusterImpl-16d58beb-b20c-491b-8614-42ba02276836/datanode-1/data/ratis/248ddc66-899b-483a-85d9-cc443cf04c15
2019-09-05 17:45:09,599 [2d64b654-7f45-48f8-94bd-17273b14c273:group-D0E1E87F2263:LeaderElection21] INFO  server.RaftServerConfigKeys (ConfUtils.java:logGet(43)) - raft.server.watch.timeout.denomination = 1s (default)
2019-09-05 17:45:09,599 [pool-169-thread-1] INFO  server.RaftServerConfigKeys (ConfUtils.java:logGet(43)) - raft.server.log.purge.gap = 1000000 (custom)
2019-09-05 17:45:09,599 [2d64b654-7f45-48f8-94bd-17273b14c273:group-D0E1E87F2263:LeaderElection21] INFO  server.RaftServerConfigKeys (ConfUtils.java:logGet(43)) - raft.server.watch.element-limit = 65536 (default)
2019-09-05 17:45:09,599 [pool-129-thread-1] INFO  server.RaftServerConfigKeys (ConfUtils.java:logGet(43)) - raft.server.log.queue.byte-limit = 2147483647 (custom)
2019-09-05 17:45:09,599 [c77c95d4-b555-4b20-809c-193fe3f6d604:group-5C8E73F057E7:LeaderElection20] INFO  server.RaftServerConfigKeys (ConfUtils.java:logGet(43)) - raft.server.watch.element-limit = 65536 (default)
2019-09-05 17:45:09,600 [2d64b654-7f45-48f8-94bd-17273b14c273:group-D0E1E87F2263:LeaderElection21] INFO  impl.RoleInfo (RoleInfo.java:updateAndGet(143)) - 2d64b654-7f45-48f8-94bd-17273b14c273: start LeaderState
2019-09-05 17:45:09,600 [c77c95d4-b555-4b20-809c-193fe3f6d604:group-5C8E73F057E7:LeaderElection20] INFO  impl.RoleInfo (RoleInfo.java:updateAndGet(143)) - c77c95d4-b555-4b20-809c-193fe3f6d604: start LeaderState
2019-09-05 17:45:09,600 [pool-129-thread-1] INFO  server.RaftServerConfigKeys (ConfUtils.java:logGet(43)) - raft.server.log.queue.element-limit = 1024 (custom)
2019-09-05 17:45:09,600 [c77c95d4-b555-4b20-809c-193fe3f6d604:group-5C8E73F057E7:LeaderElection20] INFO  segmented.SegmentedRaftLogWorker (SegmentedRaftLogWorker.java:startLogSegment(380)) - c77c95d4-b555-4b20-809c-193fe3f6d604-SegmentedRaftLogWorker:Storage Directory /workdir/hadoop-ozone/integration-test/target/test-dir/MiniOzoneClusterImpl-16d58beb-b20c-491b-8614-42ba02276836/datanode-0/data/ratis/ddeb5a1c-4a5e-465a-b484-5c8e73f057e7: Starting segment from index:0
2019-09-05 17:45:09,600 [pool-169-thread-1] INFO  server.RaftServerConfigKeys (ConfUtils.java:logGet(43)) - raft.server.log.appender.buffer.byte-limit = 33554432 (custom)
2019-09-05 17:45:09,600 [pool-129-thread-1] INFO  server.RaftServerConfigKeys (ConfUtils.java:logGet(43)) - raft.server.log.segment.size.max = 1048576 (custom)
2019-09-05 17:45:09,601 [c77c95d4-b555-4b20-809c-193fe3f6d604:group-5C8E73F057E7:LeaderElection20] INFO  impl.RaftServerImpl (ServerState.java:setRaftConf(361)) - c77c95d4-b555-4b20-809c-193fe3f6d604:group-5C8E73F057E7 set configuration 0: [c77c95d4-b555-4b20-809c-193fe3f6d604:192.168.36.125:35808], old=null at 0
2019-09-05 17:45:09,600 [2d64b654-7f45-48f8-94bd-17273b14c273:group-D0E1E87F2263:LeaderElection21] INFO  segmented.SegmentedRaftLogWorker (SegmentedRaftLogWorker.java:startLogSegment(380)) - 2d64b654-7f45-48f8-94bd-17273b14c273-SegmentedRaftLogWorker:Storage Directory /workdir/hadoop-ozone/integration-test/target/test-dir/MiniOzoneClusterImpl-16d58beb-b20c-491b-8614-42ba02276836/datanode-1/data/ratis/792d2122-5ac8-407b-aee4-d0e1e87f2263: Starting segment from index:0
2019-09-05 17:45:09,601 [pool-129-thread-1] INFO  server.RaftServerConfigKeys (ConfUtils.java:logGet(43)) - raft.server.log.preallocated.size = 16384 (custom)
2019-09-05 17:45:09,601 [pool-169-thread-1] INFO  server.RaftServerConfigKeys (ConfUtils.java:logGet(43)) - raft.server.log.segment.size.max = 1048576 (custom)
2019-09-05 17:45:09,601 [pool-129-thread-1] INFO  server.RaftServerConfigKeys (ConfUtils.java:logGet(43)) - raft.server.log.write.buffer.size = 33554432 (custom)
2019-09-05 17:45:09,602 [2d64b654-7f45-48f8-94bd-17273b14c273:group-D0E1E87F2263:LeaderElection21] INFO  impl.RaftServerImpl (ServerState.java:setRaftConf(361)) - 2d64b654-7f45-48f8-94bd-17273b14c273:group-D0E1E87F2263 set configuration 0: [2d64b654-7f45-48f8-94bd-17273b14c273:192.168.36.125:39127], old=null at 0
2019-09-05 17:45:09,602 [pool-169-thread-1] INFO  server.RaftServerConfigKeys (ConfUtils.java:logGet(43)) - raft.server.log.segment.cache.num.max = 2 (custom)
2019-09-05 17:45:09,602 [pool-129-thread-1] INFO  server.RaftServerConfigKeys (ConfUtils.java:logGet(43)) - raft.server.log.force.sync.num = 128 (default)
2019-09-05 17:45:09,602 [pool-169-thread-1] INFO  segmented.SegmentedRaftLogWorker (SegmentedRaftLogWorker.java:<init>(172)) - new 63019528-44bb-4614-8879-5aa23dc8c351-SegmentedRaftLogWorker:Storage Directory /workdir/hadoop-ozone/integration-test/target/test-dir/MiniOzoneClusterImpl-16d58beb-b20c-491b-8614-42ba02276836/datanode-5/data/ratis/248ddc66-899b-483a-85d9-cc443cf04c15 for RaftStorage:Storage Directory /workdir/hadoop-ozone/integration-test/target/test-dir/MiniOzoneClusterImpl-16d58beb-b20c-491b-8614-42ba02276836/datanode-5/data/ratis/248ddc66-899b-483a-85d9-cc443cf04c15
2019-09-05 17:45:09,602 [pool-129-thread-1] INFO  server.RaftServerConfigKeys (ConfUtils.java:logGet(43)) - raft.server.log.statemachine.data.sync = true (default)
2019-09-05 17:45:09,602 [pool-169-thread-1] INFO  server.RaftServerConfigKeys (ConfUtils.java:logGet(43)) - raft.server.log.queue.byte-limit = 2147483647 (custom)
2019-09-05 17:45:09,602 [pool-129-thread-1] INFO  server.RaftServerConfigKeys (ConfUtils.java:logGet(43)) - raft.server.log.statemachine.data.sync.timeout = 10s (default)
2019-09-05 17:45:09,602 [pool-169-thread-1] INFO  server.RaftServerConfigKeys (ConfUtils.java:logGet(43)) - raft.server.log.queue.element-limit = 1024 (custom)
2019-09-05 17:45:09,602 [pool-129-thread-1] INFO  server.RaftServerConfigKeys (ConfUtils.java:logGet(43)) - raft.server.log.statemachine.data.sync.timeout.retry = -1 (default)
2019-09-05 17:45:09,603 [pool-129-thread-1] INFO  server.RaftServerConfigKeys (ConfUtils.java:logGet(43)) - raft.server.log.statemachine.data.caching.enabled = true (custom)
2019-09-05 17:45:09,603 [pool-169-thread-1] INFO  server.RaftServerConfigKeys (ConfUtils.java:logGet(43)) - raft.server.log.segment.size.max = 1048576 (custom)
2019-09-05 17:45:09,603 [pool-169-thread-1] INFO  server.RaftServerConfigKeys (ConfUtils.java:logGet(43)) - raft.server.log.preallocated.size = 16384 (custom)
2019-09-05 17:45:09,603 [pool-129-thread-1] INFO  segmented.SegmentedRaftLogWorker (SegmentedRaftLogWorker.java:lambda$new$0(132)) - 2d64b654-7f45-48f8-94bd-17273b14c273-SegmentedRaftLogWorker:Storage Directory /workdir/hadoop-ozone/integration-test/target/test-dir/MiniOzoneClusterImpl-16d58beb-b20c-491b-8614-42ba02276836/datanode-1/data/ratis/248ddc66-899b-483a-85d9-cc443cf04c15: flushIndex: setUnconditionally 0 -> -1
2019-09-05 17:45:09,603 [pool-169-thread-1] INFO  server.RaftServerConfigKeys (ConfUtils.java:logGet(43)) - raft.server.log.write.buffer.size = 33554432 (custom)
2019-09-05 17:45:09,603 [pool-169-thread-1] INFO  server.RaftServerConfigKeys (ConfUtils.java:logGet(43)) - raft.server.log.force.sync.num = 128 (default)
2019-09-05 17:45:09,603 [pool-129-thread-1] INFO  server.RaftServerConfigKeys (ConfUtils.java:logGet(43)) - raft.server.snapshot.auto.trigger.enabled = true (custom)
2019-09-05 17:45:09,603 [pool-169-thread-1] INFO  server.RaftServerConfigKeys (ConfUtils.java:logGet(43)) - raft.server.log.statemachine.data.sync = true (default)
2019-09-05 17:45:09,604 [pool-129-thread-1] INFO  server.RaftServerConfigKeys (ConfUtils.java:logGet(43)) - raft.server.snapshot.auto.trigger.threshold = 10000 (custom)
2019-09-05 17:45:09,604 [pool-169-thread-1] INFO  server.RaftServerConfigKeys (ConfUtils.java:logGet(43)) - raft.server.log.statemachine.data.sync.timeout = 10s (default)
2019-09-05 17:45:09,604 [pool-129-thread-1] INFO  server.RaftServerConfigKeys (ConfUtils.java:logGet(43)) - raft.server.retrycache.expirytime = 600000ms (custom)
2019-09-05 17:45:09,604 [pool-169-thread-1] INFO  server.RaftServerConfigKeys (ConfUtils.java:logGet(43)) - raft.server.log.statemachine.data.sync.timeout.retry = -1 (default)
2019-09-05 17:45:09,604 [pool-129-thread-1] INFO  impl.RaftServerImpl (RaftServerImpl.java:start(180)) - 2d64b654-7f45-48f8-94bd-17273b14c273: start group-CC443CF04C15
2019-09-05 17:45:09,604 [pool-129-thread-1] INFO  impl.RaftServerImpl (RaftServerImpl.java:setRole(171)) - 2d64b654-7f45-48f8-94bd-17273b14c273:group-CC443CF04C15 changes role from null to FOLLOWER at term 0 for startAsFollower
2019-09-05 17:45:09,604 [pool-169-thread-1] INFO  server.RaftServerConfigKeys (ConfUtils.java:logGet(43)) - raft.server.log.statemachine.data.caching.enabled = true (custom)
2019-09-05 17:45:09,604 [pool-129-thread-1] INFO  impl.RoleInfo (RoleInfo.java:updateAndGet(143)) - 2d64b654-7f45-48f8-94bd-17273b14c273: start FollowerState
2019-09-05 17:45:09,605 [pool-169-thread-1] INFO  segmented.SegmentedRaftLogWorker (SegmentedRaftLogWorker.java:lambda$new$0(132)) - 63019528-44bb-4614-8879-5aa23dc8c351-SegmentedRaftLogWorker:Storage Directory /workdir/hadoop-ozone/integration-test/target/test-dir/MiniOzoneClusterImpl-16d58beb-b20c-491b-8614-42ba02276836/datanode-5/data/ratis/248ddc66-899b-483a-85d9-cc443cf04c15: flushIndex: setUnconditionally 0 -> -1
2019-09-05 17:45:09,605 [pool-129-thread-1] INFO  util.JmxRegister (JmxRegister.java:tryRegister(44)) - Successfully registered JMX Bean with object name Ratis:service=RaftServer,group=group-CC443CF04C15,id=2d64b654-7f45-48f8-94bd-17273b14c273
2019-09-05 17:45:09,605 [pool-169-thread-1] INFO  server.RaftServerConfigKeys (ConfUtils.java:logGet(43)) - raft.server.snapshot.auto.trigger.enabled = true (custom)
2019-09-05 17:45:09,605 [pool-169-thread-1] INFO  server.RaftServerConfigKeys (ConfUtils.java:logGet(43)) - raft.server.snapshot.auto.trigger.threshold = 10000 (custom)
2019-09-05 17:45:09,605 [pool-169-thread-1] INFO  server.RaftServerConfigKeys (ConfUtils.java:logGet(43)) - raft.server.retrycache.expirytime = 600000ms (custom)
2019-09-05 17:45:09,605 [pool-169-thread-1] INFO  impl.RaftServerImpl (RaftServerImpl.java:start(180)) - 63019528-44bb-4614-8879-5aa23dc8c351: start group-CC443CF04C15
2019-09-05 17:45:09,605 [pool-169-thread-1] INFO  impl.RaftServerImpl (RaftServerImpl.java:setRole(171)) - 63019528-44bb-4614-8879-5aa23dc8c351:group-CC443CF04C15 changes role from null to FOLLOWER at term 0 for startAsFollower
2019-09-05 17:45:09,606 [pool-169-thread-1] INFO  impl.RoleInfo (RoleInfo.java:updateAndGet(143)) - 63019528-44bb-4614-8879-5aa23dc8c351: start FollowerState
2019-09-05 17:45:09,645 [pool-169-thread-1] INFO  util.JmxRegister (JmxRegister.java:tryRegister(44)) - Successfully registered JMX Bean with object name Ratis:service=RaftServer,group=group-CC443CF04C15,id=63019528-44bb-4614-8879-5aa23dc8c351
2019-09-05 17:45:09,774 [2d64b654-7f45-48f8-94bd-17273b14c273-SegmentedRaftLogWorker:Storage Directory /workdir/hadoop-ozone/integration-test/target/test-dir/MiniOzoneClusterImpl-16d58beb-b20c-491b-8614-42ba02276836/datanode-1/data/ratis/792d2122-5ac8-407b-aee4-d0e1e87f2263] INFO  segmented.SegmentedRaftLogWorker (SegmentedRaftLogWorker.java:execute(569)) - 2d64b654-7f45-48f8-94bd-17273b14c273-SegmentedRaftLogWorker:Storage Directory /workdir/hadoop-ozone/integration-test/target/test-dir/MiniOzoneClusterImpl-16d58beb-b20c-491b-8614-42ba02276836/datanode-1/data/ratis/792d2122-5ac8-407b-aee4-d0e1e87f2263: created new log segment /workdir/hadoop-ozone/integration-test/target/test-dir/MiniOzoneClusterImpl-16d58beb-b20c-491b-8614-42ba02276836/datanode-1/data/ratis/792d2122-5ac8-407b-aee4-d0e1e87f2263/current/log_inprogress_0
2019-09-05 17:45:09,774 [c77c95d4-b555-4b20-809c-193fe3f6d604-SegmentedRaftLogWorker:Storage Directory /workdir/hadoop-ozone/integration-test/target/test-dir/MiniOzoneClusterImpl-16d58beb-b20c-491b-8614-42ba02276836/datanode-0/data/ratis/ddeb5a1c-4a5e-465a-b484-5c8e73f057e7] INFO  segmented.SegmentedRaftLogWorker (SegmentedRaftLogWorker.java:execute(569)) - c77c95d4-b555-4b20-809c-193fe3f6d604-SegmentedRaftLogWorker:Storage Directory /workdir/hadoop-ozone/integration-test/target/test-dir/MiniOzoneClusterImpl-16d58beb-b20c-491b-8614-42ba02276836/datanode-0/data/ratis/ddeb5a1c-4a5e-465a-b484-5c8e73f057e7: created new log segment /workdir/hadoop-ozone/integration-test/target/test-dir/MiniOzoneClusterImpl-16d58beb-b20c-491b-8614-42ba02276836/datanode-0/data/ratis/ddeb5a1c-4a5e-465a-b484-5c8e73f057e7/current/log_inprogress_0
2019-09-05 17:45:09,774 [pool-159-thread-1] INFO  storage.RaftStorage (RaftStorage.java:format(72)) - Storage directory /workdir/hadoop-ozone/integration-test/target/test-dir/MiniOzoneClusterImpl-16d58beb-b20c-491b-8614-42ba02276836/datanode-4/data/ratis/248ddc66-899b-483a-85d9-cc443cf04c15 has been successfully formatted.
2019-09-05 17:45:09,775 [pool-159-thread-1] INFO  ratis.ContainerStateMachine (ContainerStateMachine.java:loadSnapshot(227)) - group-CC443CF04C15: The snapshot info is null. Setting the last applied indexto:(t:0, i:~)
2019-09-05 17:45:09,775 [pool-159-thread-1] INFO  server.RaftServerConfigKeys (ConfUtils.java:logGet(43)) - raft.server.leader.election.timeout = 120s (custom)
2019-09-05 17:45:09,775 [pool-159-thread-1] INFO  server.RaftServerConfigKeys (ConfUtils.java:logGet(43)) - raft.server.log.use.memory = false (default)
2019-09-05 17:45:09,775 [pool-159-thread-1] INFO  server.RaftServerConfigKeys (ConfUtils.java:logGet(43)) - raft.server.log.purge.gap = 1000000 (custom)
2019-09-05 17:45:09,776 [pool-159-thread-1] INFO  server.RaftServerConfigKeys (ConfUtils.java:logGet(43)) - raft.server.log.appender.buffer.byte-limit = 33554432 (custom)
2019-09-05 17:45:09,776 [pool-159-thread-1] INFO  server.RaftServerConfigKeys (ConfUtils.java:logGet(43)) - raft.server.log.segment.size.max = 1048576 (custom)
2019-09-05 17:45:09,776 [pool-159-thread-1] INFO  server.RaftServerConfigKeys (ConfUtils.java:logGet(43)) - raft.server.log.segment.cache.num.max = 2 (custom)
2019-09-05 17:45:09,776 [pool-159-thread-1] INFO  segmented.SegmentedRaftLogWorker (SegmentedRaftLogWorker.java:<init>(172)) - new 0458fa0a-4d99-412c-a137-2f07c0465a23-SegmentedRaftLogWorker:Storage Directory /workdir/hadoop-ozone/integration-test/target/test-dir/MiniOzoneClusterImpl-16d58beb-b20c-491b-8614-42ba02276836/datanode-4/data/ratis/248ddc66-899b-483a-85d9-cc443cf04c15 for RaftStorage:Storage Directory /workdir/hadoop-ozone/integration-test/target/test-dir/MiniOzoneClusterImpl-16d58beb-b20c-491b-8614-42ba02276836/datanode-4/data/ratis/248ddc66-899b-483a-85d9-cc443cf04c15
2019-09-05 17:45:09,776 [pool-159-thread-1] INFO  server.RaftServerConfigKeys (ConfUtils.java:logGet(43)) - raft.server.log.queue.byte-limit = 2147483647 (custom)
2019-09-05 17:45:09,776 [pool-159-thread-1] INFO  server.RaftServerConfigKeys (ConfUtils.java:logGet(43)) - raft.server.log.queue.element-limit = 1024 (custom)
2019-09-05 17:45:09,776 [pool-159-thread-1] INFO  server.RaftServerConfigKeys (ConfUtils.java:logGet(43)) - raft.server.log.segment.size.max = 1048576 (custom)
2019-09-05 17:45:09,777 [pool-159-thread-1] INFO  server.RaftServerConfigKeys (ConfUtils.java:logGet(43)) - raft.server.log.preallocated.size = 16384 (custom)
2019-09-05 17:45:09,777 [pool-159-thread-1] INFO  server.RaftServerConfigKeys (ConfUtils.java:logGet(43)) - raft.server.log.write.buffer.size = 33554432 (custom)
2019-09-05 17:45:09,777 [pool-159-thread-1] INFO  server.RaftServerConfigKeys (ConfUtils.java:logGet(43)) - raft.server.log.force.sync.num = 128 (default)
2019-09-05 17:45:09,777 [pool-159-thread-1] INFO  server.RaftServerConfigKeys (ConfUtils.java:logGet(43)) - raft.server.log.statemachine.data.sync = true (default)
2019-09-05 17:45:09,777 [pool-159-thread-1] INFO  server.RaftServerConfigKeys (ConfUtils.java:logGet(43)) - raft.server.log.statemachine.data.sync.timeout = 10s (default)
2019-09-05 17:45:09,777 [pool-159-thread-1] INFO  server.RaftServerConfigKeys (ConfUtils.java:logGet(43)) - raft.server.log.statemachine.data.sync.timeout.retry = -1 (default)
2019-09-05 17:45:09,777 [pool-159-thread-1] INFO  server.RaftServerConfigKeys (ConfUtils.java:logGet(43)) - raft.server.log.statemachine.data.caching.enabled = true (custom)
2019-09-05 17:45:09,818 [pool-159-thread-1] INFO  segmented.SegmentedRaftLogWorker (SegmentedRaftLogWorker.java:lambda$new$0(132)) - 0458fa0a-4d99-412c-a137-2f07c0465a23-SegmentedRaftLogWorker:Storage Directory /workdir/hadoop-ozone/integration-test/target/test-dir/MiniOzoneClusterImpl-16d58beb-b20c-491b-8614-42ba02276836/datanode-4/data/ratis/248ddc66-899b-483a-85d9-cc443cf04c15: flushIndex: setUnconditionally 0 -> -1
2019-09-05 17:45:09,819 [pool-159-thread-1] INFO  server.RaftServerConfigKeys (ConfUtils.java:logGet(43)) - raft.server.snapshot.auto.trigger.enabled = true (custom)
2019-09-05 17:45:09,819 [pool-159-thread-1] INFO  server.RaftServerConfigKeys (ConfUtils.java:logGet(43)) - raft.server.snapshot.auto.trigger.threshold = 10000 (custom)
2019-09-05 17:45:09,819 [pool-159-thread-1] INFO  server.RaftServerConfigKeys (ConfUtils.java:logGet(43)) - raft.server.retrycache.expirytime = 600000ms (custom)
2019-09-05 17:45:09,819 [pool-159-thread-1] INFO  impl.RaftServerImpl (RaftServerImpl.java:start(180)) - 0458fa0a-4d99-412c-a137-2f07c0465a23: start group-DADBD37D6117
2019-09-05 17:45:09,819 [pool-159-thread-1] INFO  impl.RaftServerImpl (RaftServerImpl.java:setRole(171)) - 0458fa0a-4d99-412c-a137-2f07c0465a23:group-DADBD37D6117 changes role from null to FOLLOWER at term 0 for startAsFollower
2019-09-05 17:45:09,819 [pool-159-thread-1] INFO  impl.RoleInfo (RoleInfo.java:updateAndGet(143)) - 0458fa0a-4d99-412c-a137-2f07c0465a23: start FollowerState
2019-09-05 17:45:09,820 [pool-159-thread-1] INFO  util.JmxRegister (JmxRegister.java:tryRegister(44)) - Successfully registered JMX Bean with object name Ratis:service=RaftServer,group=group-DADBD37D6117,id=0458fa0a-4d99-412c-a137-2f07c0465a23
2019-09-05 17:45:09,822 [pool-159-thread-1] INFO  impl.RaftServerImpl (RaftServerImpl.java:<init>(93)) - 0458fa0a-4d99-412c-a137-2f07c0465a23: new RaftServerImpl for group-3D55450724D1:[0458fa0a-4d99-412c-a137-2f07c0465a23:192.168.36.125:38969] with ContainerStateMachine:uninitialized
2019-09-05 17:45:09,822 [pool-159-thread-1] INFO  server.RaftServerConfigKeys (ConfUtils.java:logGet(43)) - raft.server.rpc.timeout.min = 5s (custom)
2019-09-05 17:45:09,822 [pool-159-thread-1] INFO  server.RaftServerConfigKeys (ConfUtils.java:logGet(43)) - raft.server.rpc.timeout.max = 5200ms (custom)
2019-09-05 17:45:09,822 [pool-159-thread-1] INFO  server.RaftServerConfigKeys (ConfUtils.java:logGet(43)) - raft.server.rpcslowness.timeout = 120s (custom)
2019-09-05 17:45:09,822 [pool-159-thread-1] INFO  server.RaftServerConfigKeys (ConfUtils.java:logGet(43)) - raft.server.sleep.deviation.threshold = 300 (default)
2019-09-05 17:45:09,822 [pool-159-thread-1] INFO  server.RaftServerConfigKeys (ConfUtils.java:logGet(43)) - raft.server.log.appender.install.snapshot.enabled = false (custom)
2019-09-05 17:45:09,822 [pool-159-thread-1] INFO  impl.RaftServerImpl (ServerState.java:<init>(105)) - 0458fa0a-4d99-412c-a137-2f07c0465a23:group-3D55450724D1 ConfigurationManager, init=-1: [0458fa0a-4d99-412c-a137-2f07c0465a23:192.168.36.125:38969], old=null, confs=<EMPTY_MAP>
2019-09-05 17:45:09,822 [pool-159-thread-1] INFO  server.RaftServerConfigKeys (ConfUtils.java:logGet(43)) - raft.server.storage.dir = [/workdir/hadoop-ozone/integration-test/target/test-dir/MiniOzoneClusterImpl-16d58beb-b20c-491b-8614-42ba02276836/datanode-4/data/ratis] (custom)
2019-09-05 17:45:09,823 [pool-159-thread-1] INFO  storage.RaftStorageDirectory (RaftStorageDirectory.java:analyzeStorage(246)) - The storage directory /workdir/hadoop-ozone/integration-test/target/test-dir/MiniOzoneClusterImpl-16d58beb-b20c-491b-8614-42ba02276836/datanode-4/data/ratis/d60c1f4d-7e12-412d-802c-3d55450724d1 does not exist. Creating ...
2019-09-05 17:45:09,850 [pool-159-thread-1] INFO  storage.RaftStorageDirectory (RaftStorageDirectory.java:tryLock(328)) - Lock on /workdir/hadoop-ozone/integration-test/target/test-dir/MiniOzoneClusterImpl-16d58beb-b20c-491b-8614-42ba02276836/datanode-4/data/ratis/d60c1f4d-7e12-412d-802c-3d55450724d1/in_use.lock acquired by nodename 14553@pr-hdds-2007-hnd8f-2977735972
2019-09-05 17:45:09,897 [pool-159-thread-1] INFO  storage.RaftStorage (RaftStorage.java:format(72)) - Storage directory /workdir/hadoop-ozone/integration-test/target/test-dir/MiniOzoneClusterImpl-16d58beb-b20c-491b-8614-42ba02276836/datanode-4/data/ratis/d60c1f4d-7e12-412d-802c-3d55450724d1 has been successfully formatted.
2019-09-05 17:45:09,897 [pool-159-thread-1] INFO  ratis.ContainerStateMachine (ContainerStateMachine.java:loadSnapshot(227)) - group-3D55450724D1: The snapshot info is null. Setting the last applied indexto:(t:0, i:~)
2019-09-05 17:45:09,898 [pool-159-thread-1] INFO  server.RaftServerConfigKeys (ConfUtils.java:logGet(43)) - raft.server.leader.election.timeout = 120s (custom)
2019-09-05 17:45:09,898 [pool-159-thread-1] INFO  server.RaftServerConfigKeys (ConfUtils.java:logGet(43)) - raft.server.log.use.memory = false (default)
2019-09-05 17:45:09,898 [pool-159-thread-1] INFO  server.RaftServerConfigKeys (ConfUtils.java:logGet(43)) - raft.server.log.purge.gap = 1000000 (custom)
2019-09-05 17:45:09,898 [pool-159-thread-1] INFO  server.RaftServerConfigKeys (ConfUtils.java:logGet(43)) - raft.server.log.appender.buffer.byte-limit = 33554432 (custom)
2019-09-05 17:45:09,899 [pool-159-thread-1] INFO  server.RaftServerConfigKeys (ConfUtils.java:logGet(43)) - raft.server.log.segment.size.max = 1048576 (custom)
2019-09-05 17:45:09,899 [pool-159-thread-1] INFO  server.RaftServerConfigKeys (ConfUtils.java:logGet(43)) - raft.server.log.segment.cache.num.max = 2 (custom)
2019-09-05 17:45:09,899 [pool-159-thread-1] INFO  segmented.SegmentedRaftLogWorker (SegmentedRaftLogWorker.java:<init>(172)) - new 0458fa0a-4d99-412c-a137-2f07c0465a23-SegmentedRaftLogWorker:Storage Directory /workdir/hadoop-ozone/integration-test/target/test-dir/MiniOzoneClusterImpl-16d58beb-b20c-491b-8614-42ba02276836/datanode-4/data/ratis/d60c1f4d-7e12-412d-802c-3d55450724d1 for RaftStorage:Storage Directory /workdir/hadoop-ozone/integration-test/target/test-dir/MiniOzoneClusterImpl-16d58beb-b20c-491b-8614-42ba02276836/datanode-4/data/ratis/d60c1f4d-7e12-412d-802c-3d55450724d1
2019-09-05 17:45:09,899 [pool-159-thread-1] INFO  server.RaftServerConfigKeys (ConfUtils.java:logGet(43)) - raft.server.log.queue.byte-limit = 2147483647 (custom)
2019-09-05 17:45:09,899 [pool-159-thread-1] INFO  server.RaftServerConfigKeys (ConfUtils.java:logGet(43)) - raft.server.log.queue.element-limit = 1024 (custom)
2019-09-05 17:45:09,899 [pool-159-thread-1] INFO  server.RaftServerConfigKeys (ConfUtils.java:logGet(43)) - raft.server.log.segment.size.max = 1048576 (custom)
2019-09-05 17:45:09,900 [pool-159-thread-1] INFO  server.RaftServerConfigKeys (ConfUtils.java:logGet(43)) - raft.server.log.preallocated.size = 16384 (custom)
2019-09-05 17:45:09,900 [pool-159-thread-1] INFO  server.RaftServerConfigKeys (ConfUtils.java:logGet(43)) - raft.server.log.write.buffer.size = 33554432 (custom)
2019-09-05 17:45:09,900 [pool-159-thread-1] INFO  server.RaftServerConfigKeys (ConfUtils.java:logGet(43)) - raft.server.log.force.sync.num = 128 (default)
2019-09-05 17:45:09,900 [pool-159-thread-1] INFO  server.RaftServerConfigKeys (ConfUtils.java:logGet(43)) - raft.server.log.statemachine.data.sync = true (default)
2019-09-05 17:45:09,900 [pool-159-thread-1] INFO  server.RaftServerConfigKeys (ConfUtils.java:logGet(43)) - raft.server.log.statemachine.data.sync.timeout = 10s (default)
2019-09-05 17:45:09,900 [pool-159-thread-1] INFO  server.RaftServerConfigKeys (ConfUtils.java:logGet(43)) - raft.server.log.statemachine.data.sync.timeout.retry = -1 (default)
2019-09-05 17:45:09,901 [pool-159-thread-1] INFO  server.RaftServerConfigKeys (ConfUtils.java:logGet(43)) - raft.server.log.statemachine.data.caching.enabled = true (custom)
2019-09-05 17:45:09,901 [pool-159-thread-1] INFO  segmented.SegmentedRaftLogWorker (SegmentedRaftLogWorker.java:lambda$new$0(132)) - 0458fa0a-4d99-412c-a137-2f07c0465a23-SegmentedRaftLogWorker:Storage Directory /workdir/hadoop-ozone/integration-test/target/test-dir/MiniOzoneClusterImpl-16d58beb-b20c-491b-8614-42ba02276836/datanode-4/data/ratis/d60c1f4d-7e12-412d-802c-3d55450724d1: flushIndex: setUnconditionally 0 -> -1
2019-09-05 17:45:09,901 [pool-159-thread-1] INFO  server.RaftServerConfigKeys (ConfUtils.java:logGet(43)) - raft.server.snapshot.auto.trigger.enabled = true (custom)
2019-09-05 17:45:09,902 [pool-159-thread-1] INFO  server.RaftServerConfigKeys (ConfUtils.java:logGet(43)) - raft.server.snapshot.auto.trigger.threshold = 10000 (custom)
2019-09-05 17:45:09,902 [pool-159-thread-1] INFO  server.RaftServerConfigKeys (ConfUtils.java:logGet(43)) - raft.server.retrycache.expirytime = 600000ms (custom)
2019-09-05 17:45:09,902 [pool-159-thread-1] INFO  impl.RaftServerImpl (RaftServerImpl.java:start(180)) - 0458fa0a-4d99-412c-a137-2f07c0465a23: start group-CC443CF04C15
2019-09-05 17:45:09,902 [pool-159-thread-1] INFO  impl.RaftServerImpl (RaftServerImpl.java:setRole(171)) - 0458fa0a-4d99-412c-a137-2f07c0465a23:group-CC443CF04C15 changes role from null to FOLLOWER at term 0 for startAsFollower
2019-09-05 17:45:09,902 [pool-159-thread-1] INFO  impl.RoleInfo (RoleInfo.java:updateAndGet(143)) - 0458fa0a-4d99-412c-a137-2f07c0465a23: start FollowerState
2019-09-05 17:45:09,903 [pool-159-thread-1] INFO  util.JmxRegister (JmxRegister.java:tryRegister(44)) - Successfully registered JMX Bean with object name Ratis:service=RaftServer,group=group-CC443CF04C15,id=0458fa0a-4d99-412c-a137-2f07c0465a23
2019-09-05 17:45:09,904 [pool-159-thread-1] INFO  impl.RaftServerImpl (RaftServerImpl.java:start(180)) - 0458fa0a-4d99-412c-a137-2f07c0465a23: start group-3D55450724D1
2019-09-05 17:45:09,904 [pool-159-thread-1] INFO  impl.RaftServerImpl (RaftServerImpl.java:setRole(171)) - 0458fa0a-4d99-412c-a137-2f07c0465a23:group-3D55450724D1 changes role from null to FOLLOWER at term 0 for startAsFollower
2019-09-05 17:45:09,904 [pool-159-thread-1] INFO  impl.RoleInfo (RoleInfo.java:updateAndGet(143)) - 0458fa0a-4d99-412c-a137-2f07c0465a23: start FollowerState
2019-09-05 17:45:09,904 [pool-159-thread-1] INFO  util.JmxRegister (JmxRegister.java:tryRegister(44)) - Successfully registered JMX Bean with object name Ratis:service=RaftServer,group=group-3D55450724D1,id=0458fa0a-4d99-412c-a137-2f07c0465a23
2019-09-05 17:45:09,907 [RatisPipelineUtilsThread] INFO  pipeline.PipelineStateManager (PipelineStateManager.java:addPipeline(56)) - Created pipeline Pipeline[ Id: d60c1f4d-7e12-412d-802c-3d55450724d1, Nodes: 0458fa0a-4d99-412c-a137-2f07c0465a23{ip: 192.168.36.125, host: pr-hdds-2007-hnd8f-2977735972, networkLocation: /default-rack, certSerialId: null}, Type:RATIS, Factor:ONE, State:OPEN]
2019-09-05 17:45:09,916 [grpc-default-executor-4] INFO  impl.RaftServerProxy (RaftServerProxy.java:addNew(89)) - 63019528-44bb-4614-8879-5aa23dc8c351: addNew group-C328C49B0FD9:[63019528-44bb-4614-8879-5aa23dc8c351:192.168.36.125:44072] returns group-C328C49B0FD9:java.util.concurrent.CompletableFuture@3041434b[Not completed]
2019-09-05 17:45:09,918 [pool-169-thread-1] INFO  impl.RaftServerImpl (RaftServerImpl.java:<init>(93)) - 63019528-44bb-4614-8879-5aa23dc8c351: new RaftServerImpl for group-C328C49B0FD9:[63019528-44bb-4614-8879-5aa23dc8c351:192.168.36.125:44072] with ContainerStateMachine:uninitialized
2019-09-05 17:45:09,918 [pool-169-thread-1] INFO  server.RaftServerConfigKeys (ConfUtils.java:logGet(43)) - raft.server.rpc.timeout.min = 5s (custom)
2019-09-05 17:45:09,918 [pool-169-thread-1] INFO  server.RaftServerConfigKeys (ConfUtils.java:logGet(43)) - raft.server.rpc.timeout.max = 5200ms (custom)
2019-09-05 17:45:09,919 [pool-169-thread-1] INFO  server.RaftServerConfigKeys (ConfUtils.java:logGet(43)) - raft.server.rpcslowness.timeout = 120s (custom)
2019-09-05 17:45:09,919 [pool-169-thread-1] INFO  server.RaftServerConfigKeys (ConfUtils.java:logGet(43)) - raft.server.sleep.deviation.threshold = 300 (default)
2019-09-05 17:45:09,919 [pool-169-thread-1] INFO  server.RaftServerConfigKeys (ConfUtils.java:logGet(43)) - raft.server.log.appender.install.snapshot.enabled = false (custom)
2019-09-05 17:45:09,919 [pool-169-thread-1] INFO  impl.RaftServerImpl (ServerState.java:<init>(105)) - 63019528-44bb-4614-8879-5aa23dc8c351:group-C328C49B0FD9 ConfigurationManager, init=-1: [63019528-44bb-4614-8879-5aa23dc8c351:192.168.36.125:44072], old=null, confs=<EMPTY_MAP>
2019-09-05 17:45:09,919 [pool-169-thread-1] INFO  server.RaftServerConfigKeys (ConfUtils.java:logGet(43)) - raft.server.storage.dir = [/workdir/hadoop-ozone/integration-test/target/test-dir/MiniOzoneClusterImpl-16d58beb-b20c-491b-8614-42ba02276836/datanode-5/data/ratis] (custom)
2019-09-05 17:45:09,920 [pool-169-thread-1] INFO  storage.RaftStorageDirectory (RaftStorageDirectory.java:analyzeStorage(246)) - The storage directory /workdir/hadoop-ozone/integration-test/target/test-dir/MiniOzoneClusterImpl-16d58beb-b20c-491b-8614-42ba02276836/datanode-5/data/ratis/d8926fad-cad1-4aa9-b049-c328c49b0fd9 does not exist. Creating ...
2019-09-05 17:45:09,953 [pool-169-thread-1] INFO  storage.RaftStorageDirectory (RaftStorageDirectory.java:tryLock(328)) - Lock on /workdir/hadoop-ozone/integration-test/target/test-dir/MiniOzoneClusterImpl-16d58beb-b20c-491b-8614-42ba02276836/datanode-5/data/ratis/d8926fad-cad1-4aa9-b049-c328c49b0fd9/in_use.lock acquired by nodename 14553@pr-hdds-2007-hnd8f-2977735972
2019-09-05 17:45:09,972 [pool-169-thread-1] INFO  storage.RaftStorage (RaftStorage.java:format(72)) - Storage directory /workdir/hadoop-ozone/integration-test/target/test-dir/MiniOzoneClusterImpl-16d58beb-b20c-491b-8614-42ba02276836/datanode-5/data/ratis/d8926fad-cad1-4aa9-b049-c328c49b0fd9 has been successfully formatted.
2019-09-05 17:45:09,972 [pool-169-thread-1] INFO  ratis.ContainerStateMachine (ContainerStateMachine.java:loadSnapshot(227)) - group-C328C49B0FD9: The snapshot info is null. Setting the last applied indexto:(t:0, i:~)
2019-09-05 17:45:09,972 [pool-169-thread-1] INFO  server.RaftServerConfigKeys (ConfUtils.java:logGet(43)) - raft.server.leader.election.timeout = 120s (custom)
2019-09-05 17:45:09,972 [pool-169-thread-1] INFO  server.RaftServerConfigKeys (ConfUtils.java:logGet(43)) - raft.server.log.use.memory = false (default)
2019-09-05 17:45:09,972 [pool-169-thread-1] INFO  server.RaftServerConfigKeys (ConfUtils.java:logGet(43)) - raft.server.log.purge.gap = 1000000 (custom)
2019-09-05 17:45:09,973 [pool-169-thread-1] INFO  server.RaftServerConfigKeys (ConfUtils.java:logGet(43)) - raft.server.log.appender.buffer.byte-limit = 33554432 (custom)
2019-09-05 17:45:09,973 [pool-169-thread-1] INFO  server.RaftServerConfigKeys (ConfUtils.java:logGet(43)) - raft.server.log.segment.size.max = 1048576 (custom)
2019-09-05 17:45:09,973 [pool-169-thread-1] INFO  server.RaftServerConfigKeys (ConfUtils.java:logGet(43)) - raft.server.log.segment.cache.num.max = 2 (custom)
2019-09-05 17:45:09,973 [pool-169-thread-1] INFO  segmented.SegmentedRaftLogWorker (SegmentedRaftLogWorker.java:<init>(172)) - new 63019528-44bb-4614-8879-5aa23dc8c351-SegmentedRaftLogWorker:Storage Directory /workdir/hadoop-ozone/integration-test/target/test-dir/MiniOzoneClusterImpl-16d58beb-b20c-491b-8614-42ba02276836/datanode-5/data/ratis/d8926fad-cad1-4aa9-b049-c328c49b0fd9 for RaftStorage:Storage Directory /workdir/hadoop-ozone/integration-test/target/test-dir/MiniOzoneClusterImpl-16d58beb-b20c-491b-8614-42ba02276836/datanode-5/data/ratis/d8926fad-cad1-4aa9-b049-c328c49b0fd9
2019-09-05 17:45:09,973 [pool-169-thread-1] INFO  server.RaftServerConfigKeys (ConfUtils.java:logGet(43)) - raft.server.log.queue.byte-limit = 2147483647 (custom)
2019-09-05 17:45:09,973 [pool-169-thread-1] INFO  server.RaftServerConfigKeys (ConfUtils.java:logGet(43)) - raft.server.log.queue.element-limit = 1024 (custom)
2019-09-05 17:45:09,974 [pool-169-thread-1] INFO  server.RaftServerConfigKeys (ConfUtils.java:logGet(43)) - raft.server.log.segment.size.max = 1048576 (custom)
2019-09-05 17:45:09,974 [pool-169-thread-1] INFO  server.RaftServerConfigKeys (ConfUtils.java:logGet(43)) - raft.server.log.preallocated.size = 16384 (custom)
2019-09-05 17:45:09,974 [pool-169-thread-1] INFO  server.RaftServerConfigKeys (ConfUtils.java:logGet(43)) - raft.server.log.write.buffer.size = 33554432 (custom)
2019-09-05 17:45:09,974 [pool-169-thread-1] INFO  server.RaftServerConfigKeys (ConfUtils.java:logGet(43)) - raft.server.log.force.sync.num = 128 (default)
2019-09-05 17:45:09,974 [pool-169-thread-1] INFO  server.RaftServerConfigKeys (ConfUtils.java:logGet(43)) - raft.server.log.statemachine.data.sync = true (default)
2019-09-05 17:45:09,974 [pool-169-thread-1] INFO  server.RaftServerConfigKeys (ConfUtils.java:logGet(43)) - raft.server.log.statemachine.data.sync.timeout = 10s (default)
2019-09-05 17:45:09,974 [pool-169-thread-1] INFO  server.RaftServerConfigKeys (ConfUtils.java:logGet(43)) - raft.server.log.statemachine.data.sync.timeout.retry = -1 (default)
2019-09-05 17:45:09,975 [pool-169-thread-1] INFO  server.RaftServerConfigKeys (ConfUtils.java:logGet(43)) - raft.server.log.statemachine.data.caching.enabled = true (custom)
2019-09-05 17:45:09,975 [pool-169-thread-1] INFO  segmented.SegmentedRaftLogWorker (SegmentedRaftLogWorker.java:lambda$new$0(132)) - 63019528-44bb-4614-8879-5aa23dc8c351-SegmentedRaftLogWorker:Storage Directory /workdir/hadoop-ozone/integration-test/target/test-dir/MiniOzoneClusterImpl-16d58beb-b20c-491b-8614-42ba02276836/datanode-5/data/ratis/d8926fad-cad1-4aa9-b049-c328c49b0fd9: flushIndex: setUnconditionally 0 -> -1
2019-09-05 17:45:09,975 [pool-169-thread-1] INFO  server.RaftServerConfigKeys (ConfUtils.java:logGet(43)) - raft.server.snapshot.auto.trigger.enabled = true (custom)
2019-09-05 17:45:09,976 [pool-169-thread-1] INFO  server.RaftServerConfigKeys (ConfUtils.java:logGet(43)) - raft.server.snapshot.auto.trigger.threshold = 10000 (custom)
2019-09-05 17:45:09,976 [pool-169-thread-1] INFO  server.RaftServerConfigKeys (ConfUtils.java:logGet(43)) - raft.server.retrycache.expirytime = 600000ms (custom)
2019-09-05 17:45:09,976 [pool-169-thread-1] INFO  impl.RaftServerImpl (RaftServerImpl.java:start(180)) - 63019528-44bb-4614-8879-5aa23dc8c351: start group-C328C49B0FD9
2019-09-05 17:45:09,976 [pool-169-thread-1] INFO  impl.RaftServerImpl (RaftServerImpl.java:setRole(171)) - 63019528-44bb-4614-8879-5aa23dc8c351:group-C328C49B0FD9 changes role from null to FOLLOWER at term 0 for startAsFollower
2019-09-05 17:45:09,976 [pool-169-thread-1] INFO  impl.RoleInfo (RoleInfo.java:updateAndGet(143)) - 63019528-44bb-4614-8879-5aa23dc8c351: start FollowerState
2019-09-05 17:45:09,977 [pool-169-thread-1] INFO  util.JmxRegister (JmxRegister.java:tryRegister(44)) - Successfully registered JMX Bean with object name Ratis:service=RaftServer,group=group-C328C49B0FD9,id=63019528-44bb-4614-8879-5aa23dc8c351
2019-09-05 17:45:09,979 [RatisPipelineUtilsThread] INFO  pipeline.PipelineStateManager (PipelineStateManager.java:addPipeline(56)) - Created pipeline Pipeline[ Id: d8926fad-cad1-4aa9-b049-c328c49b0fd9, Nodes: 63019528-44bb-4614-8879-5aa23dc8c351{ip: 192.168.36.125, host: pr-hdds-2007-hnd8f-2977735972, networkLocation: /default-rack, certSerialId: null}, Type:RATIS, Factor:ONE, State:OPEN]
2019-09-05 17:45:09,990 [grpc-default-executor-4] INFO  impl.RaftServerProxy (RaftServerProxy.java:addNew(89)) - e140e47e-a097-49d3-a67c-e61d0d1e278d: addNew group-F2F938C049CB:[e140e47e-a097-49d3-a67c-e61d0d1e278d:192.168.36.125:42533] returns group-F2F938C049CB:java.util.concurrent.CompletableFuture@178fe881[Not completed]
2019-09-05 17:45:09,993 [pool-139-thread-1] INFO  impl.RaftServerImpl (RaftServerImpl.java:<init>(93)) - e140e47e-a097-49d3-a67c-e61d0d1e278d: new RaftServerImpl for group-F2F938C049CB:[e140e47e-a097-49d3-a67c-e61d0d1e278d:192.168.36.125:42533] with ContainerStateMachine:uninitialized
2019-09-05 17:45:09,994 [pool-139-thread-1] INFO  server.RaftServerConfigKeys (ConfUtils.java:logGet(43)) - raft.server.rpc.timeout.min = 5s (custom)
2019-09-05 17:45:09,994 [pool-139-thread-1] INFO  server.RaftServerConfigKeys (ConfUtils.java:logGet(43)) - raft.server.rpc.timeout.max = 5200ms (custom)
2019-09-05 17:45:09,994 [pool-139-thread-1] INFO  server.RaftServerConfigKeys (ConfUtils.java:logGet(43)) - raft.server.rpcslowness.timeout = 120s (custom)
2019-09-05 17:45:09,994 [pool-139-thread-1] INFO  server.RaftServerConfigKeys (ConfUtils.java:logGet(43)) - raft.server.sleep.deviation.threshold = 300 (default)
2019-09-05 17:45:09,994 [pool-139-thread-1] INFO  server.RaftServerConfigKeys (ConfUtils.java:logGet(43)) - raft.server.log.appender.install.snapshot.enabled = false (custom)
2019-09-05 17:45:09,994 [pool-139-thread-1] INFO  impl.RaftServerImpl (ServerState.java:<init>(105)) - e140e47e-a097-49d3-a67c-e61d0d1e278d:group-F2F938C049CB ConfigurationManager, init=-1: [e140e47e-a097-49d3-a67c-e61d0d1e278d:192.168.36.125:42533], old=null, confs=<EMPTY_MAP>
2019-09-05 17:45:09,994 [pool-139-thread-1] INFO  server.RaftServerConfigKeys (ConfUtils.java:logGet(43)) - raft.server.storage.dir = [/workdir/hadoop-ozone/integration-test/target/test-dir/MiniOzoneClusterImpl-16d58beb-b20c-491b-8614-42ba02276836/datanode-2/data/ratis] (custom)
2019-09-05 17:45:09,994 [pool-139-thread-1] INFO  storage.RaftStorageDirectory (RaftStorageDirectory.java:analyzeStorage(246)) - The storage directory /workdir/hadoop-ozone/integration-test/target/test-dir/MiniOzoneClusterImpl-16d58beb-b20c-491b-8614-42ba02276836/datanode-2/data/ratis/c4e764b6-e285-4476-b1c6-f2f938c049cb does not exist. Creating ...
2019-09-05 17:45:10,184 [pool-139-thread-1] INFO  storage.RaftStorageDirectory (RaftStorageDirectory.java:tryLock(328)) - Lock on /workdir/hadoop-ozone/integration-test/target/test-dir/MiniOzoneClusterImpl-16d58beb-b20c-491b-8614-42ba02276836/datanode-2/data/ratis/c4e764b6-e285-4476-b1c6-f2f938c049cb/in_use.lock acquired by nodename 14553@pr-hdds-2007-hnd8f-2977735972
2019-09-05 17:45:10,285 [pool-139-thread-1] INFO  storage.RaftStorage (RaftStorage.java:format(72)) - Storage directory /workdir/hadoop-ozone/integration-test/target/test-dir/MiniOzoneClusterImpl-16d58beb-b20c-491b-8614-42ba02276836/datanode-2/data/ratis/c4e764b6-e285-4476-b1c6-f2f938c049cb has been successfully formatted.
2019-09-05 17:45:10,285 [pool-139-thread-1] INFO  ratis.ContainerStateMachine (ContainerStateMachine.java:loadSnapshot(227)) - group-F2F938C049CB: The snapshot info is null. Setting the last applied indexto:(t:0, i:~)
2019-09-05 17:45:10,286 [pool-139-thread-1] INFO  server.RaftServerConfigKeys (ConfUtils.java:logGet(43)) - raft.server.leader.election.timeout = 120s (custom)
2019-09-05 17:45:10,286 [pool-139-thread-1] INFO  server.RaftServerConfigKeys (ConfUtils.java:logGet(43)) - raft.server.log.use.memory = false (default)
2019-09-05 17:45:10,286 [pool-139-thread-1] INFO  server.RaftServerConfigKeys (ConfUtils.java:logGet(43)) - raft.server.log.purge.gap = 1000000 (custom)
2019-09-05 17:45:10,286 [pool-139-thread-1] INFO  server.RaftServerConfigKeys (ConfUtils.java:logGet(43)) - raft.server.log.appender.buffer.byte-limit = 33554432 (custom)
2019-09-05 17:45:10,286 [pool-139-thread-1] INFO  server.RaftServerConfigKeys (ConfUtils.java:logGet(43)) - raft.server.log.segment.size.max = 1048576 (custom)
2019-09-05 17:45:10,286 [pool-139-thread-1] INFO  server.RaftServerConfigKeys (ConfUtils.java:logGet(43)) - raft.server.log.segment.cache.num.max = 2 (custom)
2019-09-05 17:45:10,287 [pool-139-thread-1] INFO  segmented.SegmentedRaftLogWorker (SegmentedRaftLogWorker.java:<init>(172)) - new e140e47e-a097-49d3-a67c-e61d0d1e278d-SegmentedRaftLogWorker:Storage Directory /workdir/hadoop-ozone/integration-test/target/test-dir/MiniOzoneClusterImpl-16d58beb-b20c-491b-8614-42ba02276836/datanode-2/data/ratis/c4e764b6-e285-4476-b1c6-f2f938c049cb for RaftStorage:Storage Directory /workdir/hadoop-ozone/integration-test/target/test-dir/MiniOzoneClusterImpl-16d58beb-b20c-491b-8614-42ba02276836/datanode-2/data/ratis/c4e764b6-e285-4476-b1c6-f2f938c049cb
2019-09-05 17:45:10,287 [pool-139-thread-1] INFO  server.RaftServerConfigKeys (ConfUtils.java:logGet(43)) - raft.server.log.queue.byte-limit = 2147483647 (custom)
2019-09-05 17:45:10,287 [pool-139-thread-1] INFO  server.RaftServerConfigKeys (ConfUtils.java:logGet(43)) - raft.server.log.queue.element-limit = 1024 (custom)
2019-09-05 17:45:10,287 [pool-139-thread-1] INFO  server.RaftServerConfigKeys (ConfUtils.java:logGet(43)) - raft.server.log.segment.size.max = 1048576 (custom)
2019-09-05 17:45:10,288 [pool-139-thread-1] INFO  server.RaftServerConfigKeys (ConfUtils.java:logGet(43)) - raft.server.log.preallocated.size = 16384 (custom)
2019-09-05 17:45:10,288 [pool-139-thread-1] INFO  server.RaftServerConfigKeys (ConfUtils.java:logGet(43)) - raft.server.log.write.buffer.size = 33554432 (custom)
2019-09-05 17:45:10,288 [pool-139-thread-1] INFO  server.RaftServerConfigKeys (ConfUtils.java:logGet(43)) - raft.server.log.force.sync.num = 128 (default)
2019-09-05 17:45:10,288 [pool-139-thread-1] INFO  server.RaftServerConfigKeys (ConfUtils.java:logGet(43)) - raft.server.log.statemachine.data.sync = true (default)
2019-09-05 17:45:10,288 [pool-139-thread-1] INFO  server.RaftServerConfigKeys (ConfUtils.java:logGet(43)) - raft.server.log.statemachine.data.sync.timeout = 10s (default)
2019-09-05 17:45:10,289 [pool-139-thread-1] INFO  server.RaftServerConfigKeys (ConfUtils.java:logGet(43)) - raft.server.log.statemachine.data.sync.timeout.retry = -1 (default)
2019-09-05 17:45:10,289 [pool-139-thread-1] INFO  server.RaftServerConfigKeys (ConfUtils.java:logGet(43)) - raft.server.log.statemachine.data.caching.enabled = true (custom)
2019-09-05 17:45:10,289 [pool-139-thread-1] INFO  segmented.SegmentedRaftLogWorker (SegmentedRaftLogWorker.java:lambda$new$0(132)) - e140e47e-a097-49d3-a67c-e61d0d1e278d-SegmentedRaftLogWorker:Storage Directory /workdir/hadoop-ozone/integration-test/target/test-dir/MiniOzoneClusterImpl-16d58beb-b20c-491b-8614-42ba02276836/datanode-2/data/ratis/c4e764b6-e285-4476-b1c6-f2f938c049cb: flushIndex: setUnconditionally 0 -> -1
2019-09-05 17:45:10,290 [pool-139-thread-1] INFO  server.RaftServerConfigKeys (ConfUtils.java:logGet(43)) - raft.server.snapshot.auto.trigger.enabled = true (custom)
2019-09-05 17:45:10,290 [pool-139-thread-1] INFO  server.RaftServerConfigKeys (ConfUtils.java:logGet(43)) - raft.server.snapshot.auto.trigger.threshold = 10000 (custom)
2019-09-05 17:45:10,290 [pool-139-thread-1] INFO  server.RaftServerConfigKeys (ConfUtils.java:logGet(43)) - raft.server.retrycache.expirytime = 600000ms (custom)
2019-09-05 17:45:10,290 [pool-139-thread-1] INFO  impl.RaftServerImpl (RaftServerImpl.java:start(180)) - e140e47e-a097-49d3-a67c-e61d0d1e278d: start group-F2F938C049CB
2019-09-05 17:45:10,291 [pool-139-thread-1] INFO  impl.RaftServerImpl (RaftServerImpl.java:setRole(171)) - e140e47e-a097-49d3-a67c-e61d0d1e278d:group-F2F938C049CB changes role from null to FOLLOWER at term 0 for startAsFollower
2019-09-05 17:45:10,291 [pool-139-thread-1] INFO  impl.RoleInfo (RoleInfo.java:updateAndGet(143)) - e140e47e-a097-49d3-a67c-e61d0d1e278d: start FollowerState
2019-09-05 17:45:10,291 [pool-139-thread-1] INFO  util.JmxRegister (JmxRegister.java:tryRegister(44)) - Successfully registered JMX Bean with object name Ratis:service=RaftServer,group=group-F2F938C049CB,id=e140e47e-a097-49d3-a67c-e61d0d1e278d
2019-09-05 17:45:10,295 [RatisPipelineUtilsThread] INFO  pipeline.PipelineStateManager (PipelineStateManager.java:addPipeline(56)) - Created pipeline Pipeline[ Id: c4e764b6-e285-4476-b1c6-f2f938c049cb, Nodes: e140e47e-a097-49d3-a67c-e61d0d1e278d{ip: 192.168.36.125, host: pr-hdds-2007-hnd8f-2977735972, networkLocation: /default-rack, certSerialId: null}, Type:RATIS, Factor:ONE, State:OPEN]
2019-09-05 17:45:10,316 [grpc-default-executor-4] INFO  impl.RaftServerProxy (RaftServerProxy.java:addNew(89)) - 5676330c-95f8-4024-9c29-9b44eb305597: addNew group-6CA33B760AFB:[5676330c-95f8-4024-9c29-9b44eb305597:192.168.36.125:34817] returns group-6CA33B760AFB:java.util.concurrent.CompletableFuture@3039d8db[Not completed]
2019-09-05 17:45:10,324 [pool-149-thread-1] INFO  impl.RaftServerImpl (RaftServerImpl.java:<init>(93)) - 5676330c-95f8-4024-9c29-9b44eb305597: new RaftServerImpl for group-6CA33B760AFB:[5676330c-95f8-4024-9c29-9b44eb305597:192.168.36.125:34817] with ContainerStateMachine:uninitialized
2019-09-05 17:45:10,324 [pool-149-thread-1] INFO  server.RaftServerConfigKeys (ConfUtils.java:logGet(43)) - raft.server.rpc.timeout.min = 5s (custom)
2019-09-05 17:45:10,324 [pool-149-thread-1] INFO  server.RaftServerConfigKeys (ConfUtils.java:logGet(43)) - raft.server.rpc.timeout.max = 5200ms (custom)
2019-09-05 17:45:10,324 [pool-149-thread-1] INFO  server.RaftServerConfigKeys (ConfUtils.java:logGet(43)) - raft.server.rpcslowness.timeout = 120s (custom)
2019-09-05 17:45:10,324 [pool-149-thread-1] INFO  server.RaftServerConfigKeys (ConfUtils.java:logGet(43)) - raft.server.sleep.deviation.threshold = 300 (default)
2019-09-05 17:45:10,324 [pool-149-thread-1] INFO  server.RaftServerConfigKeys (ConfUtils.java:logGet(43)) - raft.server.log.appender.install.snapshot.enabled = false (custom)
2019-09-05 17:45:10,325 [pool-149-thread-1] INFO  impl.RaftServerImpl (ServerState.java:<init>(105)) - 5676330c-95f8-4024-9c29-9b44eb305597:group-6CA33B760AFB ConfigurationManager, init=-1: [5676330c-95f8-4024-9c29-9b44eb305597:192.168.36.125:34817], old=null, confs=<EMPTY_MAP>
2019-09-05 17:45:10,325 [pool-149-thread-1] INFO  server.RaftServerConfigKeys (ConfUtils.java:logGet(43)) - raft.server.storage.dir = [/workdir/hadoop-ozone/integration-test/target/test-dir/MiniOzoneClusterImpl-16d58beb-b20c-491b-8614-42ba02276836/datanode-3/data/ratis] (custom)
2019-09-05 17:45:10,325 [pool-149-thread-1] INFO  storage.RaftStorageDirectory (RaftStorageDirectory.java:analyzeStorage(246)) - The storage directory /workdir/hadoop-ozone/integration-test/target/test-dir/MiniOzoneClusterImpl-16d58beb-b20c-491b-8614-42ba02276836/datanode-3/data/ratis/ef5b313c-6102-46cb-9214-6ca33b760afb does not exist. Creating ...
2019-09-05 17:45:10,382 [pool-149-thread-1] INFO  storage.RaftStorageDirectory (RaftStorageDirectory.java:tryLock(328)) - Lock on /workdir/hadoop-ozone/integration-test/target/test-dir/MiniOzoneClusterImpl-16d58beb-b20c-491b-8614-42ba02276836/datanode-3/data/ratis/ef5b313c-6102-46cb-9214-6ca33b760afb/in_use.lock acquired by nodename 14553@pr-hdds-2007-hnd8f-2977735972
2019-09-05 17:45:10,416 [pool-149-thread-1] INFO  storage.RaftStorage (RaftStorage.java:format(72)) - Storage directory /workdir/hadoop-ozone/integration-test/target/test-dir/MiniOzoneClusterImpl-16d58beb-b20c-491b-8614-42ba02276836/datanode-3/data/ratis/ef5b313c-6102-46cb-9214-6ca33b760afb has been successfully formatted.
2019-09-05 17:45:10,416 [pool-149-thread-1] INFO  ratis.ContainerStateMachine (ContainerStateMachine.java:loadSnapshot(227)) - group-6CA33B760AFB: The snapshot info is null. Setting the last applied indexto:(t:0, i:~)
2019-09-05 17:45:10,416 [pool-149-thread-1] INFO  server.RaftServerConfigKeys (ConfUtils.java:logGet(43)) - raft.server.leader.election.timeout = 120s (custom)
2019-09-05 17:45:10,416 [pool-149-thread-1] INFO  server.RaftServerConfigKeys (ConfUtils.java:logGet(43)) - raft.server.log.use.memory = false (default)
2019-09-05 17:45:10,417 [pool-149-thread-1] INFO  server.RaftServerConfigKeys (ConfUtils.java:logGet(43)) - raft.server.log.purge.gap = 1000000 (custom)
2019-09-05 17:45:10,417 [pool-149-thread-1] INFO  server.RaftServerConfigKeys (ConfUtils.java:logGet(43)) - raft.server.log.appender.buffer.byte-limit = 33554432 (custom)
2019-09-05 17:45:10,417 [pool-149-thread-1] INFO  server.RaftServerConfigKeys (ConfUtils.java:logGet(43)) - raft.server.log.segment.size.max = 1048576 (custom)
2019-09-05 17:45:10,417 [pool-149-thread-1] INFO  server.RaftServerConfigKeys (ConfUtils.java:logGet(43)) - raft.server.log.segment.cache.num.max = 2 (custom)
2019-09-05 17:45:10,417 [pool-149-thread-1] INFO  segmented.SegmentedRaftLogWorker (SegmentedRaftLogWorker.java:<init>(172)) - new 5676330c-95f8-4024-9c29-9b44eb305597-SegmentedRaftLogWorker:Storage Directory /workdir/hadoop-ozone/integration-test/target/test-dir/MiniOzoneClusterImpl-16d58beb-b20c-491b-8614-42ba02276836/datanode-3/data/ratis/ef5b313c-6102-46cb-9214-6ca33b760afb for RaftStorage:Storage Directory /workdir/hadoop-ozone/integration-test/target/test-dir/MiniOzoneClusterImpl-16d58beb-b20c-491b-8614-42ba02276836/datanode-3/data/ratis/ef5b313c-6102-46cb-9214-6ca33b760afb
2019-09-05 17:45:10,417 [pool-149-thread-1] INFO  server.RaftServerConfigKeys (ConfUtils.java:logGet(43)) - raft.server.log.queue.byte-limit = 2147483647 (custom)
2019-09-05 17:45:10,417 [pool-149-thread-1] INFO  server.RaftServerConfigKeys (ConfUtils.java:logGet(43)) - raft.server.log.queue.element-limit = 1024 (custom)
2019-09-05 17:45:10,418 [pool-149-thread-1] INFO  server.RaftServerConfigKeys (ConfUtils.java:logGet(43)) - raft.server.log.segment.size.max = 1048576 (custom)
2019-09-05 17:45:10,418 [pool-149-thread-1] INFO  server.RaftServerConfigKeys (ConfUtils.java:logGet(43)) - raft.server.log.preallocated.size = 16384 (custom)
2019-09-05 17:45:10,418 [pool-149-thread-1] INFO  server.RaftServerConfigKeys (ConfUtils.java:logGet(43)) - raft.server.log.write.buffer.size = 33554432 (custom)
2019-09-05 17:45:10,418 [pool-149-thread-1] INFO  server.RaftServerConfigKeys (ConfUtils.java:logGet(43)) - raft.server.log.force.sync.num = 128 (default)
2019-09-05 17:45:10,418 [pool-149-thread-1] INFO  server.RaftServerConfigKeys (ConfUtils.java:logGet(43)) - raft.server.log.statemachine.data.sync = true (default)
2019-09-05 17:45:10,418 [pool-149-thread-1] INFO  server.RaftServerConfigKeys (ConfUtils.java:logGet(43)) - raft.server.log.statemachine.data.sync.timeout = 10s (default)
2019-09-05 17:45:10,418 [pool-149-thread-1] INFO  server.RaftServerConfigKeys (ConfUtils.java:logGet(43)) - raft.server.log.statemachine.data.sync.timeout.retry = -1 (default)
2019-09-05 17:45:10,419 [pool-149-thread-1] INFO  server.RaftServerConfigKeys (ConfUtils.java:logGet(43)) - raft.server.log.statemachine.data.caching.enabled = true (custom)
2019-09-05 17:45:10,419 [pool-149-thread-1] INFO  segmented.SegmentedRaftLogWorker (SegmentedRaftLogWorker.java:lambda$new$0(132)) - 5676330c-95f8-4024-9c29-9b44eb305597-SegmentedRaftLogWorker:Storage Directory /workdir/hadoop-ozone/integration-test/target/test-dir/MiniOzoneClusterImpl-16d58beb-b20c-491b-8614-42ba02276836/datanode-3/data/ratis/ef5b313c-6102-46cb-9214-6ca33b760afb: flushIndex: setUnconditionally 0 -> -1
2019-09-05 17:45:10,419 [pool-149-thread-1] INFO  server.RaftServerConfigKeys (ConfUtils.java:logGet(43)) - raft.server.snapshot.auto.trigger.enabled = true (custom)
2019-09-05 17:45:10,419 [pool-149-thread-1] INFO  server.RaftServerConfigKeys (ConfUtils.java:logGet(43)) - raft.server.snapshot.auto.trigger.threshold = 10000 (custom)
2019-09-05 17:45:10,419 [pool-149-thread-1] INFO  server.RaftServerConfigKeys (ConfUtils.java:logGet(43)) - raft.server.retrycache.expirytime = 600000ms (custom)
2019-09-05 17:45:10,420 [pool-149-thread-1] INFO  impl.RaftServerImpl (RaftServerImpl.java:start(180)) - 5676330c-95f8-4024-9c29-9b44eb305597: start group-6CA33B760AFB
2019-09-05 17:45:10,420 [pool-149-thread-1] INFO  impl.RaftServerImpl (RaftServerImpl.java:setRole(171)) - 5676330c-95f8-4024-9c29-9b44eb305597:group-6CA33B760AFB changes role from null to FOLLOWER at term 0 for startAsFollower
2019-09-05 17:45:10,420 [pool-149-thread-1] INFO  impl.RoleInfo (RoleInfo.java:updateAndGet(143)) - 5676330c-95f8-4024-9c29-9b44eb305597: start FollowerState
2019-09-05 17:45:10,420 [pool-149-thread-1] INFO  util.JmxRegister (JmxRegister.java:tryRegister(44)) - Successfully registered JMX Bean with object name Ratis:service=RaftServer,group=group-6CA33B760AFB,id=5676330c-95f8-4024-9c29-9b44eb305597
2019-09-05 17:45:10,422 [RatisPipelineUtilsThread] INFO  pipeline.PipelineStateManager (PipelineStateManager.java:addPipeline(56)) - Created pipeline Pipeline[ Id: ef5b313c-6102-46cb-9214-6ca33b760afb, Nodes: 5676330c-95f8-4024-9c29-9b44eb305597{ip: 192.168.36.125, host: pr-hdds-2007-hnd8f-2977735972, networkLocation: /default-rack, certSerialId: null}, Type:RATIS, Factor:ONE, State:OPEN]
2019-09-05 17:45:10,432 [grpc-default-executor-4] INFO  impl.RaftServerProxy (RaftServerProxy.java:addNew(89)) - 8481834f-1cca-4161-8865-792f4dfa8c48: addNew group-02B958A73768:[8481834f-1cca-4161-8865-792f4dfa8c48:192.168.36.125:37331] returns group-02B958A73768:java.util.concurrent.CompletableFuture@7fd12e10[Not completed]
2019-09-05 17:45:10,440 [pool-179-thread-1] INFO  impl.RaftServerImpl (RaftServerImpl.java:<init>(93)) - 8481834f-1cca-4161-8865-792f4dfa8c48: new RaftServerImpl for group-02B958A73768:[8481834f-1cca-4161-8865-792f4dfa8c48:192.168.36.125:37331] with ContainerStateMachine:uninitialized
2019-09-05 17:45:10,441 [pool-179-thread-1] INFO  server.RaftServerConfigKeys (ConfUtils.java:logGet(43)) - raft.server.rpc.timeout.min = 5s (custom)
2019-09-05 17:45:10,441 [pool-179-thread-1] INFO  server.RaftServerConfigKeys (ConfUtils.java:logGet(43)) - raft.server.rpc.timeout.max = 5200ms (custom)
2019-09-05 17:45:10,441 [pool-179-thread-1] INFO  server.RaftServerConfigKeys (ConfUtils.java:logGet(43)) - raft.server.rpcslowness.timeout = 120s (custom)
2019-09-05 17:45:10,441 [pool-179-thread-1] INFO  server.RaftServerConfigKeys (ConfUtils.java:logGet(43)) - raft.server.sleep.deviation.threshold = 300 (default)
2019-09-05 17:45:10,441 [pool-179-thread-1] INFO  server.RaftServerConfigKeys (ConfUtils.java:logGet(43)) - raft.server.log.appender.install.snapshot.enabled = false (custom)
2019-09-05 17:45:10,441 [pool-179-thread-1] INFO  impl.RaftServerImpl (ServerState.java:<init>(105)) - 8481834f-1cca-4161-8865-792f4dfa8c48:group-02B958A73768 ConfigurationManager, init=-1: [8481834f-1cca-4161-8865-792f4dfa8c48:192.168.36.125:37331], old=null, confs=<EMPTY_MAP>
2019-09-05 17:45:10,441 [pool-179-thread-1] INFO  server.RaftServerConfigKeys (ConfUtils.java:logGet(43)) - raft.server.storage.dir = [/workdir/hadoop-ozone/integration-test/target/test-dir/MiniOzoneClusterImpl-16d58beb-b20c-491b-8614-42ba02276836/datanode-6/data/ratis] (custom)
2019-09-05 17:45:10,442 [pool-179-thread-1] INFO  storage.RaftStorageDirectory (RaftStorageDirectory.java:analyzeStorage(246)) - The storage directory /workdir/hadoop-ozone/integration-test/target/test-dir/MiniOzoneClusterImpl-16d58beb-b20c-491b-8614-42ba02276836/datanode-6/data/ratis/4c10ee47-b7d5-41fb-81b9-02b958a73768 does not exist. Creating ...
2019-09-05 17:45:10,463 [pool-179-thread-1] INFO  storage.RaftStorageDirectory (RaftStorageDirectory.java:tryLock(328)) - Lock on /workdir/hadoop-ozone/integration-test/target/test-dir/MiniOzoneClusterImpl-16d58beb-b20c-491b-8614-42ba02276836/datanode-6/data/ratis/4c10ee47-b7d5-41fb-81b9-02b958a73768/in_use.lock acquired by nodename 14553@pr-hdds-2007-hnd8f-2977735972
2019-09-05 17:45:10,489 [pool-179-thread-1] INFO  storage.RaftStorage (RaftStorage.java:format(72)) - Storage directory /workdir/hadoop-ozone/integration-test/target/test-dir/MiniOzoneClusterImpl-16d58beb-b20c-491b-8614-42ba02276836/datanode-6/data/ratis/4c10ee47-b7d5-41fb-81b9-02b958a73768 has been successfully formatted.
2019-09-05 17:45:10,489 [pool-179-thread-1] INFO  ratis.ContainerStateMachine (ContainerStateMachine.java:loadSnapshot(227)) - group-02B958A73768: The snapshot info is null. Setting the last applied indexto:(t:0, i:~)
2019-09-05 17:45:10,489 [pool-179-thread-1] INFO  server.RaftServerConfigKeys (ConfUtils.java:logGet(43)) - raft.server.leader.election.timeout = 120s (custom)
2019-09-05 17:45:10,489 [pool-179-thread-1] INFO  server.RaftServerConfigKeys (ConfUtils.java:logGet(43)) - raft.server.log.use.memory = false (default)
2019-09-05 17:45:10,489 [pool-179-thread-1] INFO  server.RaftServerConfigKeys (ConfUtils.java:logGet(43)) - raft.server.log.purge.gap = 1000000 (custom)
2019-09-05 17:45:10,490 [pool-179-thread-1] INFO  server.RaftServerConfigKeys (ConfUtils.java:logGet(43)) - raft.server.log.appender.buffer.byte-limit = 33554432 (custom)
2019-09-05 17:45:10,490 [pool-179-thread-1] INFO  server.RaftServerConfigKeys (ConfUtils.java:logGet(43)) - raft.server.log.segment.size.max = 1048576 (custom)
2019-09-05 17:45:10,490 [pool-179-thread-1] INFO  server.RaftServerConfigKeys (ConfUtils.java:logGet(43)) - raft.server.log.segment.cache.num.max = 2 (custom)
2019-09-05 17:45:10,490 [pool-179-thread-1] INFO  segmented.SegmentedRaftLogWorker (SegmentedRaftLogWorker.java:<init>(172)) - new 8481834f-1cca-4161-8865-792f4dfa8c48-SegmentedRaftLogWorker:Storage Directory /workdir/hadoop-ozone/integration-test/target/test-dir/MiniOzoneClusterImpl-16d58beb-b20c-491b-8614-42ba02276836/datanode-6/data/ratis/4c10ee47-b7d5-41fb-81b9-02b958a73768 for RaftStorage:Storage Directory /workdir/hadoop-ozone/integration-test/target/test-dir/MiniOzoneClusterImpl-16d58beb-b20c-491b-8614-42ba02276836/datanode-6/data/ratis/4c10ee47-b7d5-41fb-81b9-02b958a73768
2019-09-05 17:45:10,490 [pool-179-thread-1] INFO  server.RaftServerConfigKeys (ConfUtils.java:logGet(43)) - raft.server.log.queue.byte-limit = 2147483647 (custom)
2019-09-05 17:45:10,490 [pool-179-thread-1] INFO  server.RaftServerConfigKeys (ConfUtils.java:logGet(43)) - raft.server.log.queue.element-limit = 1024 (custom)
2019-09-05 17:45:10,491 [pool-179-thread-1] INFO  server.RaftServerConfigKeys (ConfUtils.java:logGet(43)) - raft.server.log.segment.size.max = 1048576 (custom)
2019-09-05 17:45:10,491 [pool-179-thread-1] INFO  server.RaftServerConfigKeys (ConfUtils.java:logGet(43)) - raft.server.log.preallocated.size = 16384 (custom)
2019-09-05 17:45:10,491 [pool-179-thread-1] INFO  server.RaftServerConfigKeys (ConfUtils.java:logGet(43)) - raft.server.log.write.buffer.size = 33554432 (custom)
2019-09-05 17:45:10,491 [pool-179-thread-1] INFO  server.RaftServerConfigKeys (ConfUtils.java:logGet(43)) - raft.server.log.force.sync.num = 128 (default)
2019-09-05 17:45:10,491 [pool-179-thread-1] INFO  server.RaftServerConfigKeys (ConfUtils.java:logGet(43)) - raft.server.log.statemachine.data.sync = true (default)
2019-09-05 17:45:10,491 [pool-179-thread-1] INFO  server.RaftServerConfigKeys (ConfUtils.java:logGet(43)) - raft.server.log.statemachine.data.sync.timeout = 10s (default)
2019-09-05 17:45:10,491 [pool-179-thread-1] INFO  server.RaftServerConfigKeys (ConfUtils.java:logGet(43)) - raft.server.log.statemachine.data.sync.timeout.retry = -1 (default)
2019-09-05 17:45:10,491 [pool-179-thread-1] INFO  server.RaftServerConfigKeys (ConfUtils.java:logGet(43)) - raft.server.log.statemachine.data.caching.enabled = true (custom)
2019-09-05 17:45:10,492 [pool-179-thread-1] INFO  segmented.SegmentedRaftLogWorker (SegmentedRaftLogWorker.java:lambda$new$0(132)) - 8481834f-1cca-4161-8865-792f4dfa8c48-SegmentedRaftLogWorker:Storage Directory /workdir/hadoop-ozone/integration-test/target/test-dir/MiniOzoneClusterImpl-16d58beb-b20c-491b-8614-42ba02276836/datanode-6/data/ratis/4c10ee47-b7d5-41fb-81b9-02b958a73768: flushIndex: setUnconditionally 0 -> -1
2019-09-05 17:45:10,492 [pool-179-thread-1] INFO  server.RaftServerConfigKeys (ConfUtils.java:logGet(43)) - raft.server.snapshot.auto.trigger.enabled = true (custom)
2019-09-05 17:45:10,492 [pool-179-thread-1] INFO  server.RaftServerConfigKeys (ConfUtils.java:logGet(43)) - raft.server.snapshot.auto.trigger.threshold = 10000 (custom)
2019-09-05 17:45:10,492 [pool-179-thread-1] INFO  server.RaftServerConfigKeys (ConfUtils.java:logGet(43)) - raft.server.retrycache.expirytime = 600000ms (custom)
2019-09-05 17:45:10,492 [pool-179-thread-1] INFO  impl.RaftServerImpl (RaftServerImpl.java:start(180)) - 8481834f-1cca-4161-8865-792f4dfa8c48: start group-02B958A73768
2019-09-05 17:45:10,493 [pool-179-thread-1] INFO  impl.RaftServerImpl (RaftServerImpl.java:setRole(171)) - 8481834f-1cca-4161-8865-792f4dfa8c48:group-02B958A73768 changes role from null to FOLLOWER at term 0 for startAsFollower
2019-09-05 17:45:10,493 [pool-179-thread-1] INFO  impl.RoleInfo (RoleInfo.java:updateAndGet(143)) - 8481834f-1cca-4161-8865-792f4dfa8c48: start FollowerState
2019-09-05 17:45:10,493 [pool-179-thread-1] INFO  util.JmxRegister (JmxRegister.java:tryRegister(44)) - Successfully registered JMX Bean with object name Ratis:service=RaftServer,group=group-02B958A73768,id=8481834f-1cca-4161-8865-792f4dfa8c48
2019-09-05 17:45:10,495 [RatisPipelineUtilsThread] INFO  pipeline.PipelineStateManager (PipelineStateManager.java:addPipeline(56)) - Created pipeline Pipeline[ Id: 4c10ee47-b7d5-41fb-81b9-02b958a73768, Nodes: 8481834f-1cca-4161-8865-792f4dfa8c48{ip: 192.168.36.125, host: pr-hdds-2007-hnd8f-2977735972, networkLocation: /default-rack, certSerialId: null}, Type:RATIS, Factor:ONE, State:OPEN]
2019-09-05 17:45:10,518 [grpc-default-executor-1] INFO  impl.RaftServerProxy (RaftServerProxy.java:addNew(89)) - 2d64b654-7f45-48f8-94bd-17273b14c273: addNew group-6813D8658313:[0458fa0a-4d99-412c-a137-2f07c0465a23:192.168.36.125:38969, 63019528-44bb-4614-8879-5aa23dc8c351:192.168.36.125:44072, 2d64b654-7f45-48f8-94bd-17273b14c273:192.168.36.125:39127] returns group-6813D8658313:java.util.concurrent.CompletableFuture@51aa0121[Not completed]
2019-09-05 17:45:10,518 [grpc-default-executor-3] INFO  impl.RaftServerProxy (RaftServerProxy.java:addNew(89)) - 63019528-44bb-4614-8879-5aa23dc8c351: addNew group-6813D8658313:[0458fa0a-4d99-412c-a137-2f07c0465a23:192.168.36.125:38969, 63019528-44bb-4614-8879-5aa23dc8c351:192.168.36.125:44072, 2d64b654-7f45-48f8-94bd-17273b14c273:192.168.36.125:39127] returns group-6813D8658313:java.util.concurrent.CompletableFuture@724b5141[Not completed]
2019-09-05 17:45:10,518 [grpc-default-executor-4] INFO  impl.RaftServerProxy (RaftServerProxy.java:addNew(89)) - 0458fa0a-4d99-412c-a137-2f07c0465a23: addNew group-6813D8658313:[0458fa0a-4d99-412c-a137-2f07c0465a23:192.168.36.125:38969, 63019528-44bb-4614-8879-5aa23dc8c351:192.168.36.125:44072, 2d64b654-7f45-48f8-94bd-17273b14c273:192.168.36.125:39127] returns group-6813D8658313:java.util.concurrent.CompletableFuture@ee864ab[Not completed]
2019-09-05 17:45:10,520 [pool-129-thread-1] INFO  impl.RaftServerImpl (RaftServerImpl.java:<init>(93)) - 2d64b654-7f45-48f8-94bd-17273b14c273: new RaftServerImpl for group-6813D8658313:[0458fa0a-4d99-412c-a137-2f07c0465a23:192.168.36.125:38969, 63019528-44bb-4614-8879-5aa23dc8c351:192.168.36.125:44072, 2d64b654-7f45-48f8-94bd-17273b14c273:192.168.36.125:39127] with ContainerStateMachine:uninitialized
2019-09-05 17:45:10,520 [pool-129-thread-1] INFO  server.RaftServerConfigKeys (ConfUtils.java:logGet(43)) - raft.server.rpc.timeout.min = 5s (custom)
2019-09-05 17:45:10,520 [pool-129-thread-1] INFO  server.RaftServerConfigKeys (ConfUtils.java:logGet(43)) - raft.server.rpc.timeout.max = 5200ms (custom)
2019-09-05 17:45:10,520 [pool-129-thread-1] INFO  server.RaftServerConfigKeys (ConfUtils.java:logGet(43)) - raft.server.rpcslowness.timeout = 120s (custom)
2019-09-05 17:45:10,520 [pool-129-thread-1] INFO  server.RaftServerConfigKeys (ConfUtils.java:logGet(43)) - raft.server.sleep.deviation.threshold = 300 (default)
2019-09-05 17:45:10,520 [pool-129-thread-1] INFO  server.RaftServerConfigKeys (ConfUtils.java:logGet(43)) - raft.server.log.appender.install.snapshot.enabled = false (custom)
2019-09-05 17:45:10,520 [pool-169-thread-1] INFO  impl.RaftServerImpl (RaftServerImpl.java:<init>(93)) - 63019528-44bb-4614-8879-5aa23dc8c351: new RaftServerImpl for group-6813D8658313:[0458fa0a-4d99-412c-a137-2f07c0465a23:192.168.36.125:38969, 63019528-44bb-4614-8879-5aa23dc8c351:192.168.36.125:44072, 2d64b654-7f45-48f8-94bd-17273b14c273:192.168.36.125:39127] with ContainerStateMachine:uninitialized
2019-09-05 17:45:10,521 [pool-129-thread-1] INFO  impl.RaftServerImpl (ServerState.java:<init>(105)) - 2d64b654-7f45-48f8-94bd-17273b14c273:group-6813D8658313 ConfigurationManager, init=-1: [0458fa0a-4d99-412c-a137-2f07c0465a23:192.168.36.125:38969, 63019528-44bb-4614-8879-5aa23dc8c351:192.168.36.125:44072, 2d64b654-7f45-48f8-94bd-17273b14c273:192.168.36.125:39127], old=null, confs=<EMPTY_MAP>
2019-09-05 17:45:10,521 [pool-169-thread-1] INFO  server.RaftServerConfigKeys (ConfUtils.java:logGet(43)) - raft.server.rpc.timeout.min = 5s (custom)
2019-09-05 17:45:10,521 [pool-129-thread-1] INFO  server.RaftServerConfigKeys (ConfUtils.java:logGet(43)) - raft.server.storage.dir = [/workdir/hadoop-ozone/integration-test/target/test-dir/MiniOzoneClusterImpl-16d58beb-b20c-491b-8614-42ba02276836/datanode-1/data/ratis] (custom)
2019-09-05 17:45:10,521 [pool-169-thread-1] INFO  server.RaftServerConfigKeys (ConfUtils.java:logGet(43)) - raft.server.rpc.timeout.max = 5200ms (custom)
2019-09-05 17:45:10,521 [pool-159-thread-1] INFO  impl.RaftServerImpl (RaftServerImpl.java:<init>(93)) - 0458fa0a-4d99-412c-a137-2f07c0465a23: new RaftServerImpl for group-6813D8658313:[0458fa0a-4d99-412c-a137-2f07c0465a23:192.168.36.125:38969, 63019528-44bb-4614-8879-5aa23dc8c351:192.168.36.125:44072, 2d64b654-7f45-48f8-94bd-17273b14c273:192.168.36.125:39127] with ContainerStateMachine:uninitialized
2019-09-05 17:45:10,521 [pool-169-thread-1] INFO  server.RaftServerConfigKeys (ConfUtils.java:logGet(43)) - raft.server.rpcslowness.timeout = 120s (custom)
2019-09-05 17:45:10,522 [pool-159-thread-1] INFO  server.RaftServerConfigKeys (ConfUtils.java:logGet(43)) - raft.server.rpc.timeout.min = 5s (custom)
2019-09-05 17:45:10,521 [pool-129-thread-1] INFO  storage.RaftStorageDirectory (RaftStorageDirectory.java:analyzeStorage(246)) - The storage directory /workdir/hadoop-ozone/integration-test/target/test-dir/MiniOzoneClusterImpl-16d58beb-b20c-491b-8614-42ba02276836/datanode-1/data/ratis/70507974-d156-4154-92e7-6813d8658313 does not exist. Creating ...
2019-09-05 17:45:10,522 [pool-159-thread-1] INFO  server.RaftServerConfigKeys (ConfUtils.java:logGet(43)) - raft.server.rpc.timeout.max = 5200ms (custom)
2019-09-05 17:45:10,522 [pool-169-thread-1] INFO  server.RaftServerConfigKeys (ConfUtils.java:logGet(43)) - raft.server.sleep.deviation.threshold = 300 (default)
2019-09-05 17:45:10,522 [pool-159-thread-1] INFO  server.RaftServerConfigKeys (ConfUtils.java:logGet(43)) - raft.server.rpcslowness.timeout = 120s (custom)
2019-09-05 17:45:10,522 [pool-169-thread-1] INFO  server.RaftServerConfigKeys (ConfUtils.java:logGet(43)) - raft.server.log.appender.install.snapshot.enabled = false (custom)
2019-09-05 17:45:10,522 [pool-159-thread-1] INFO  server.RaftServerConfigKeys (ConfUtils.java:logGet(43)) - raft.server.sleep.deviation.threshold = 300 (default)
2019-09-05 17:45:10,522 [pool-169-thread-1] INFO  impl.RaftServerImpl (ServerState.java:<init>(105)) - 63019528-44bb-4614-8879-5aa23dc8c351:group-6813D8658313 ConfigurationManager, init=-1: [0458fa0a-4d99-412c-a137-2f07c0465a23:192.168.36.125:38969, 63019528-44bb-4614-8879-5aa23dc8c351:192.168.36.125:44072, 2d64b654-7f45-48f8-94bd-17273b14c273:192.168.36.125:39127], old=null, confs=<EMPTY_MAP>
2019-09-05 17:45:10,523 [pool-159-thread-1] INFO  server.RaftServerConfigKeys (ConfUtils.java:logGet(43)) - raft.server.log.appender.install.snapshot.enabled = false (custom)
2019-09-05 17:45:10,523 [pool-169-thread-1] INFO  server.RaftServerConfigKeys (ConfUtils.java:logGet(43)) - raft.server.storage.dir = [/workdir/hadoop-ozone/integration-test/target/test-dir/MiniOzoneClusterImpl-16d58beb-b20c-491b-8614-42ba02276836/datanode-5/data/ratis] (custom)
2019-09-05 17:45:10,523 [pool-159-thread-1] INFO  impl.RaftServerImpl (ServerState.java:<init>(105)) - 0458fa0a-4d99-412c-a137-2f07c0465a23:group-6813D8658313 ConfigurationManager, init=-1: [0458fa0a-4d99-412c-a137-2f07c0465a23:192.168.36.125:38969, 63019528-44bb-4614-8879-5aa23dc8c351:192.168.36.125:44072, 2d64b654-7f45-48f8-94bd-17273b14c273:192.168.36.125:39127], old=null, confs=<EMPTY_MAP>
2019-09-05 17:45:10,523 [pool-159-thread-1] INFO  server.RaftServerConfigKeys (ConfUtils.java:logGet(43)) - raft.server.storage.dir = [/workdir/hadoop-ozone/integration-test/target/test-dir/MiniOzoneClusterImpl-16d58beb-b20c-491b-8614-42ba02276836/datanode-4/data/ratis] (custom)
2019-09-05 17:45:10,523 [pool-169-thread-1] INFO  storage.RaftStorageDirectory (RaftStorageDirectory.java:analyzeStorage(246)) - The storage directory /workdir/hadoop-ozone/integration-test/target/test-dir/MiniOzoneClusterImpl-16d58beb-b20c-491b-8614-42ba02276836/datanode-5/data/ratis/70507974-d156-4154-92e7-6813d8658313 does not exist. Creating ...
2019-09-05 17:45:10,523 [pool-159-thread-1] INFO  storage.RaftStorageDirectory (RaftStorageDirectory.java:analyzeStorage(246)) - The storage directory /workdir/hadoop-ozone/integration-test/target/test-dir/MiniOzoneClusterImpl-16d58beb-b20c-491b-8614-42ba02276836/datanode-4/data/ratis/70507974-d156-4154-92e7-6813d8658313 does not exist. Creating ...
2019-09-05 17:45:10,548 [pool-169-thread-1] INFO  storage.RaftStorageDirectory (RaftStorageDirectory.java:tryLock(328)) - Lock on /workdir/hadoop-ozone/integration-test/target/test-dir/MiniOzoneClusterImpl-16d58beb-b20c-491b-8614-42ba02276836/datanode-5/data/ratis/70507974-d156-4154-92e7-6813d8658313/in_use.lock acquired by nodename 14553@pr-hdds-2007-hnd8f-2977735972
2019-09-05 17:45:10,548 [pool-159-thread-1] INFO  storage.RaftStorageDirectory (RaftStorageDirectory.java:tryLock(328)) - Lock on /workdir/hadoop-ozone/integration-test/target/test-dir/MiniOzoneClusterImpl-16d58beb-b20c-491b-8614-42ba02276836/datanode-4/data/ratis/70507974-d156-4154-92e7-6813d8658313/in_use.lock acquired by nodename 14553@pr-hdds-2007-hnd8f-2977735972
2019-09-05 17:45:10,548 [pool-129-thread-1] INFO  storage.RaftStorageDirectory (RaftStorageDirectory.java:tryLock(328)) - Lock on /workdir/hadoop-ozone/integration-test/target/test-dir/MiniOzoneClusterImpl-16d58beb-b20c-491b-8614-42ba02276836/datanode-1/data/ratis/70507974-d156-4154-92e7-6813d8658313/in_use.lock acquired by nodename 14553@pr-hdds-2007-hnd8f-2977735972
2019-09-05 17:45:10,567 [pool-159-thread-1] INFO  storage.RaftStorage (RaftStorage.java:format(72)) - Storage directory /workdir/hadoop-ozone/integration-test/target/test-dir/MiniOzoneClusterImpl-16d58beb-b20c-491b-8614-42ba02276836/datanode-4/data/ratis/70507974-d156-4154-92e7-6813d8658313 has been successfully formatted.
2019-09-05 17:45:10,567 [pool-169-thread-1] INFO  storage.RaftStorage (RaftStorage.java:format(72)) - Storage directory /workdir/hadoop-ozone/integration-test/target/test-dir/MiniOzoneClusterImpl-16d58beb-b20c-491b-8614-42ba02276836/datanode-5/data/ratis/70507974-d156-4154-92e7-6813d8658313 has been successfully formatted.
2019-09-05 17:45:10,568 [pool-159-thread-1] INFO  ratis.ContainerStateMachine (ContainerStateMachine.java:loadSnapshot(227)) - group-6813D8658313: The snapshot info is null. Setting the last applied indexto:(t:0, i:~)
2019-09-05 17:45:10,567 [pool-129-thread-1] INFO  storage.RaftStorage (RaftStorage.java:format(72)) - Storage directory /workdir/hadoop-ozone/integration-test/target/test-dir/MiniOzoneClusterImpl-16d58beb-b20c-491b-8614-42ba02276836/datanode-1/data/ratis/70507974-d156-4154-92e7-6813d8658313 has been successfully formatted.
2019-09-05 17:45:10,568 [pool-169-thread-1] INFO  ratis.ContainerStateMachine (ContainerStateMachine.java:loadSnapshot(227)) - group-6813D8658313: The snapshot info is null. Setting the last applied indexto:(t:0, i:~)
2019-09-05 17:45:10,568 [pool-159-thread-1] INFO  server.RaftServerConfigKeys (ConfUtils.java:logGet(43)) - raft.server.leader.election.timeout = 120s (custom)
2019-09-05 17:45:10,568 [pool-169-thread-1] INFO  server.RaftServerConfigKeys (ConfUtils.java:logGet(43)) - raft.server.leader.election.timeout = 120s (custom)
2019-09-05 17:45:10,568 [pool-129-thread-1] INFO  ratis.ContainerStateMachine (ContainerStateMachine.java:loadSnapshot(227)) - group-6813D8658313: The snapshot info is null. Setting the last applied indexto:(t:0, i:~)
2019-09-05 17:45:10,568 [pool-169-thread-1] INFO  server.RaftServerConfigKeys (ConfUtils.java:logGet(43)) - raft.server.log.use.memory = false (default)
2019-09-05 17:45:10,568 [pool-159-thread-1] INFO  server.RaftServerConfigKeys (ConfUtils.java:logGet(43)) - raft.server.log.use.memory = false (default)
2019-09-05 17:45:10,569 [pool-169-thread-1] INFO  server.RaftServerConfigKeys (ConfUtils.java:logGet(43)) - raft.server.log.purge.gap = 1000000 (custom)
2019-09-05 17:45:10,568 [pool-129-thread-1] INFO  server.RaftServerConfigKeys (ConfUtils.java:logGet(43)) - raft.server.leader.election.timeout = 120s (custom)
2019-09-05 17:45:10,569 [pool-169-thread-1] INFO  server.RaftServerConfigKeys (ConfUtils.java:logGet(43)) - raft.server.log.appender.buffer.byte-limit = 33554432 (custom)
2019-09-05 17:45:10,569 [pool-159-thread-1] INFO  server.RaftServerConfigKeys (ConfUtils.java:logGet(43)) - raft.server.log.purge.gap = 1000000 (custom)
2019-09-05 17:45:10,569 [pool-169-thread-1] INFO  server.RaftServerConfigKeys (ConfUtils.java:logGet(43)) - raft.server.log.segment.size.max = 1048576 (custom)
2019-09-05 17:45:10,569 [pool-129-thread-1] INFO  server.RaftServerConfigKeys (ConfUtils.java:logGet(43)) - raft.server.log.use.memory = false (default)
2019-09-05 17:45:10,569 [pool-169-thread-1] INFO  server.RaftServerConfigKeys (ConfUtils.java:logGet(43)) - raft.server.log.segment.cache.num.max = 2 (custom)
2019-09-05 17:45:10,569 [pool-159-thread-1] INFO  server.RaftServerConfigKeys (ConfUtils.java:logGet(43)) - raft.server.log.appender.buffer.byte-limit = 33554432 (custom)
2019-09-05 17:45:10,569 [pool-169-thread-1] INFO  segmented.SegmentedRaftLogWorker (SegmentedRaftLogWorker.java:<init>(172)) - new 63019528-44bb-4614-8879-5aa23dc8c351-SegmentedRaftLogWorker:Storage Directory /workdir/hadoop-ozone/integration-test/target/test-dir/MiniOzoneClusterImpl-16d58beb-b20c-491b-8614-42ba02276836/datanode-5/data/ratis/70507974-d156-4154-92e7-6813d8658313 for RaftStorage:Storage Directory /workdir/hadoop-ozone/integration-test/target/test-dir/MiniOzoneClusterImpl-16d58beb-b20c-491b-8614-42ba02276836/datanode-5/data/ratis/70507974-d156-4154-92e7-6813d8658313
2019-09-05 17:45:10,569 [pool-129-thread-1] INFO  server.RaftServerConfigKeys (ConfUtils.java:logGet(43)) - raft.server.log.purge.gap = 1000000 (custom)
2019-09-05 17:45:10,570 [pool-169-thread-1] INFO  server.RaftServerConfigKeys (ConfUtils.java:logGet(43)) - raft.server.log.queue.byte-limit = 2147483647 (custom)
2019-09-05 17:45:10,570 [pool-159-thread-1] INFO  server.RaftServerConfigKeys (ConfUtils.java:logGet(43)) - raft.server.log.segment.size.max = 1048576 (custom)
2019-09-05 17:45:10,570 [pool-169-thread-1] INFO  server.RaftServerConfigKeys (ConfUtils.java:logGet(43)) - raft.server.log.queue.element-limit = 1024 (custom)
2019-09-05 17:45:10,570 [pool-129-thread-1] INFO  server.RaftServerConfigKeys (ConfUtils.java:logGet(43)) - raft.server.log.appender.buffer.byte-limit = 33554432 (custom)
2019-09-05 17:45:10,570 [pool-169-thread-1] INFO  server.RaftServerConfigKeys (ConfUtils.java:logGet(43)) - raft.server.log.segment.size.max = 1048576 (custom)
2019-09-05 17:45:10,570 [pool-159-thread-1] INFO  server.RaftServerConfigKeys (ConfUtils.java:logGet(43)) - raft.server.log.segment.cache.num.max = 2 (custom)
2019-09-05 17:45:10,570 [pool-169-thread-1] INFO  server.RaftServerConfigKeys (ConfUtils.java:logGet(43)) - raft.server.log.preallocated.size = 16384 (custom)
2019-09-05 17:45:10,570 [pool-129-thread-1] INFO  server.RaftServerConfigKeys (ConfUtils.java:logGet(43)) - raft.server.log.segment.size.max = 1048576 (custom)
2019-09-05 17:45:10,571 [pool-169-thread-1] INFO  server.RaftServerConfigKeys (ConfUtils.java:logGet(43)) - raft.server.log.write.buffer.size = 33554432 (custom)
2019-09-05 17:45:10,571 [pool-169-thread-1] INFO  server.RaftServerConfigKeys (ConfUtils.java:logGet(43)) - raft.server.log.force.sync.num = 128 (default)
2019-09-05 17:45:10,570 [pool-159-thread-1] INFO  segmented.SegmentedRaftLogWorker (SegmentedRaftLogWorker.java:<init>(172)) - new 0458fa0a-4d99-412c-a137-2f07c0465a23-SegmentedRaftLogWorker:Storage Directory /workdir/hadoop-ozone/integration-test/target/test-dir/MiniOzoneClusterImpl-16d58beb-b20c-491b-8614-42ba02276836/datanode-4/data/ratis/70507974-d156-4154-92e7-6813d8658313 for RaftStorage:Storage Directory /workdir/hadoop-ozone/integration-test/target/test-dir/MiniOzoneClusterImpl-16d58beb-b20c-491b-8614-42ba02276836/datanode-4/data/ratis/70507974-d156-4154-92e7-6813d8658313
2019-09-05 17:45:10,571 [pool-169-thread-1] INFO  server.RaftServerConfigKeys (ConfUtils.java:logGet(43)) - raft.server.log.statemachine.data.sync = true (default)
2019-09-05 17:45:10,571 [pool-129-thread-1] INFO  server.RaftServerConfigKeys (ConfUtils.java:logGet(43)) - raft.server.log.segment.cache.num.max = 2 (custom)
2019-09-05 17:45:10,571 [pool-169-thread-1] INFO  server.RaftServerConfigKeys (ConfUtils.java:logGet(43)) - raft.server.log.statemachine.data.sync.timeout = 10s (default)
2019-09-05 17:45:10,571 [pool-169-thread-1] INFO  server.RaftServerConfigKeys (ConfUtils.java:logGet(43)) - raft.server.log.statemachine.data.sync.timeout.retry = -1 (default)
2019-09-05 17:45:10,571 [pool-159-thread-1] INFO  server.RaftServerConfigKeys (ConfUtils.java:logGet(43)) - raft.server.log.queue.byte-limit = 2147483647 (custom)
2019-09-05 17:45:10,572 [pool-169-thread-1] INFO  server.RaftServerConfigKeys (ConfUtils.java:logGet(43)) - raft.server.log.statemachine.data.caching.enabled = true (custom)
2019-09-05 17:45:10,571 [pool-129-thread-1] INFO  segmented.SegmentedRaftLogWorker (SegmentedRaftLogWorker.java:<init>(172)) - new 2d64b654-7f45-48f8-94bd-17273b14c273-SegmentedRaftLogWorker:Storage Directory /workdir/hadoop-ozone/integration-test/target/test-dir/MiniOzoneClusterImpl-16d58beb-b20c-491b-8614-42ba02276836/datanode-1/data/ratis/70507974-d156-4154-92e7-6813d8658313 for RaftStorage:Storage Directory /workdir/hadoop-ozone/integration-test/target/test-dir/MiniOzoneClusterImpl-16d58beb-b20c-491b-8614-42ba02276836/datanode-1/data/ratis/70507974-d156-4154-92e7-6813d8658313
2019-09-05 17:45:10,572 [pool-159-thread-1] INFO  server.RaftServerConfigKeys (ConfUtils.java:logGet(43)) - raft.server.log.queue.element-limit = 1024 (custom)
2019-09-05 17:45:10,572 [pool-129-thread-1] INFO  server.RaftServerConfigKeys (ConfUtils.java:logGet(43)) - raft.server.log.queue.byte-limit = 2147483647 (custom)
2019-09-05 17:45:10,572 [pool-159-thread-1] INFO  server.RaftServerConfigKeys (ConfUtils.java:logGet(43)) - raft.server.log.segment.size.max = 1048576 (custom)
2019-09-05 17:45:10,572 [pool-129-thread-1] INFO  server.RaftServerConfigKeys (ConfUtils.java:logGet(43)) - raft.server.log.queue.element-limit = 1024 (custom)
2019-09-05 17:45:10,572 [pool-159-thread-1] INFO  server.RaftServerConfigKeys (ConfUtils.java:logGet(43)) - raft.server.log.preallocated.size = 16384 (custom)
2019-09-05 17:45:10,572 [pool-129-thread-1] INFO  server.RaftServerConfigKeys (ConfUtils.java:logGet(43)) - raft.server.log.segment.size.max = 1048576 (custom)
2019-09-05 17:45:10,572 [pool-159-thread-1] INFO  server.RaftServerConfigKeys (ConfUtils.java:logGet(43)) - raft.server.log.write.buffer.size = 33554432 (custom)
2019-09-05 17:45:10,572 [pool-129-thread-1] INFO  server.RaftServerConfigKeys (ConfUtils.java:logGet(43)) - raft.server.log.preallocated.size = 16384 (custom)
2019-09-05 17:45:10,573 [pool-159-thread-1] INFO  server.RaftServerConfigKeys (ConfUtils.java:logGet(43)) - raft.server.log.force.sync.num = 128 (default)
2019-09-05 17:45:10,573 [pool-129-thread-1] INFO  server.RaftServerConfigKeys (ConfUtils.java:logGet(43)) - raft.server.log.write.buffer.size = 33554432 (custom)
2019-09-05 17:45:10,573 [pool-159-thread-1] INFO  server.RaftServerConfigKeys (ConfUtils.java:logGet(43)) - raft.server.log.statemachine.data.sync = true (default)
2019-09-05 17:45:10,573 [pool-129-thread-1] INFO  server.RaftServerConfigKeys (ConfUtils.java:logGet(43)) - raft.server.log.force.sync.num = 128 (default)
2019-09-05 17:45:10,573 [pool-159-thread-1] INFO  server.RaftServerConfigKeys (ConfUtils.java:logGet(43)) - raft.server.log.statemachine.data.sync.timeout = 10s (default)
2019-09-05 17:45:10,573 [pool-129-thread-1] INFO  server.RaftServerConfigKeys (ConfUtils.java:logGet(43)) - raft.server.log.statemachine.data.sync = true (default)
2019-09-05 17:45:10,573 [pool-159-thread-1] INFO  server.RaftServerConfigKeys (ConfUtils.java:logGet(43)) - raft.server.log.statemachine.data.sync.timeout.retry = -1 (default)
2019-09-05 17:45:10,573 [pool-129-thread-1] INFO  server.RaftServerConfigKeys (ConfUtils.java:logGet(43)) - raft.server.log.statemachine.data.sync.timeout = 10s (default)
2019-09-05 17:45:10,573 [pool-159-thread-1] INFO  server.RaftServerConfigKeys (ConfUtils.java:logGet(43)) - raft.server.log.statemachine.data.caching.enabled = true (custom)
2019-09-05 17:45:10,573 [pool-129-thread-1] INFO  server.RaftServerConfigKeys (ConfUtils.java:logGet(43)) - raft.server.log.statemachine.data.sync.timeout.retry = -1 (default)
2019-09-05 17:45:10,574 [pool-129-thread-1] INFO  server.RaftServerConfigKeys (ConfUtils.java:logGet(43)) - raft.server.log.statemachine.data.caching.enabled = true (custom)
2019-09-05 17:45:10,578 [pool-169-thread-1] INFO  segmented.SegmentedRaftLogWorker (SegmentedRaftLogWorker.java:lambda$new$0(132)) - 63019528-44bb-4614-8879-5aa23dc8c351-SegmentedRaftLogWorker:Storage Directory /workdir/hadoop-ozone/integration-test/target/test-dir/MiniOzoneClusterImpl-16d58beb-b20c-491b-8614-42ba02276836/datanode-5/data/ratis/70507974-d156-4154-92e7-6813d8658313: flushIndex: setUnconditionally 0 -> -1
2019-09-05 17:45:10,578 [pool-159-thread-1] INFO  segmented.SegmentedRaftLogWorker (SegmentedRaftLogWorker.java:lambda$new$0(132)) - 0458fa0a-4d99-412c-a137-2f07c0465a23-SegmentedRaftLogWorker:Storage Directory /workdir/hadoop-ozone/integration-test/target/test-dir/MiniOzoneClusterImpl-16d58beb-b20c-491b-8614-42ba02276836/datanode-4/data/ratis/70507974-d156-4154-92e7-6813d8658313: flushIndex: setUnconditionally 0 -> -1
2019-09-05 17:45:10,578 [pool-129-thread-1] INFO  segmented.SegmentedRaftLogWorker (SegmentedRaftLogWorker.java:lambda$new$0(132)) - 2d64b654-7f45-48f8-94bd-17273b14c273-SegmentedRaftLogWorker:Storage Directory /workdir/hadoop-ozone/integration-test/target/test-dir/MiniOzoneClusterImpl-16d58beb-b20c-491b-8614-42ba02276836/datanode-1/data/ratis/70507974-d156-4154-92e7-6813d8658313: flushIndex: setUnconditionally 0 -> -1
2019-09-05 17:45:10,579 [pool-159-thread-1] INFO  server.RaftServerConfigKeys (ConfUtils.java:logGet(43)) - raft.server.snapshot.auto.trigger.enabled = true (custom)
2019-09-05 17:45:10,579 [pool-169-thread-1] INFO  server.RaftServerConfigKeys (ConfUtils.java:logGet(43)) - raft.server.snapshot.auto.trigger.enabled = true (custom)
2019-09-05 17:45:10,579 [pool-129-thread-1] INFO  server.RaftServerConfigKeys (ConfUtils.java:logGet(43)) - raft.server.snapshot.auto.trigger.enabled = true (custom)
2019-09-05 17:45:10,579 [pool-159-thread-1] INFO  server.RaftServerConfigKeys (ConfUtils.java:logGet(43)) - raft.server.snapshot.auto.trigger.threshold = 10000 (custom)
2019-09-05 17:45:10,579 [pool-129-thread-1] INFO  server.RaftServerConfigKeys (ConfUtils.java:logGet(43)) - raft.server.snapshot.auto.trigger.threshold = 10000 (custom)
2019-09-05 17:45:10,579 [pool-169-thread-1] INFO  server.RaftServerConfigKeys (ConfUtils.java:logGet(43)) - raft.server.snapshot.auto.trigger.threshold = 10000 (custom)
2019-09-05 17:45:10,580 [pool-129-thread-1] INFO  server.RaftServerConfigKeys (ConfUtils.java:logGet(43)) - raft.server.retrycache.expirytime = 600000ms (custom)
2019-09-05 17:45:10,579 [pool-159-thread-1] INFO  server.RaftServerConfigKeys (ConfUtils.java:logGet(43)) - raft.server.retrycache.expirytime = 600000ms (custom)
2019-09-05 17:45:10,580 [pool-169-thread-1] INFO  server.RaftServerConfigKeys (ConfUtils.java:logGet(43)) - raft.server.retrycache.expirytime = 600000ms (custom)
2019-09-05 17:45:10,580 [pool-159-thread-1] INFO  impl.RaftServerImpl (RaftServerImpl.java:start(180)) - 0458fa0a-4d99-412c-a137-2f07c0465a23: start group-6813D8658313
2019-09-05 17:45:10,580 [pool-129-thread-1] INFO  impl.RaftServerImpl (RaftServerImpl.java:start(180)) - 2d64b654-7f45-48f8-94bd-17273b14c273: start group-6813D8658313
2019-09-05 17:45:10,580 [pool-159-thread-1] INFO  impl.RaftServerImpl (RaftServerImpl.java:setRole(171)) - 0458fa0a-4d99-412c-a137-2f07c0465a23:group-6813D8658313 changes role from null to FOLLOWER at term 0 for startAsFollower
2019-09-05 17:45:10,580 [pool-169-thread-1] INFO  impl.RaftServerImpl (RaftServerImpl.java:start(180)) - 63019528-44bb-4614-8879-5aa23dc8c351: start group-6813D8658313
2019-09-05 17:45:10,580 [pool-159-thread-1] INFO  impl.RoleInfo (RoleInfo.java:updateAndGet(143)) - 0458fa0a-4d99-412c-a137-2f07c0465a23: start FollowerState
2019-09-05 17:45:10,580 [pool-129-thread-1] INFO  impl.RaftServerImpl (RaftServerImpl.java:setRole(171)) - 2d64b654-7f45-48f8-94bd-17273b14c273:group-6813D8658313 changes role from null to FOLLOWER at term 0 for startAsFollower
2019-09-05 17:45:10,580 [pool-169-thread-1] INFO  impl.RaftServerImpl (RaftServerImpl.java:setRole(171)) - 63019528-44bb-4614-8879-5aa23dc8c351:group-6813D8658313 changes role from null to FOLLOWER at term 0 for startAsFollower
2019-09-05 17:45:10,581 [pool-129-thread-1] INFO  impl.RoleInfo (RoleInfo.java:updateAndGet(143)) - 2d64b654-7f45-48f8-94bd-17273b14c273: start FollowerState
2019-09-05 17:45:10,581 [pool-159-thread-1] INFO  util.JmxRegister (JmxRegister.java:tryRegister(44)) - Successfully registered JMX Bean with object name Ratis:service=RaftServer,group=group-6813D8658313,id=0458fa0a-4d99-412c-a137-2f07c0465a23
2019-09-05 17:45:10,581 [pool-169-thread-1] INFO  impl.RoleInfo (RoleInfo.java:updateAndGet(143)) - 63019528-44bb-4614-8879-5aa23dc8c351: start FollowerState
2019-09-05 17:45:10,581 [pool-129-thread-1] INFO  util.JmxRegister (JmxRegister.java:tryRegister(44)) - Successfully registered JMX Bean with object name Ratis:service=RaftServer,group=group-6813D8658313,id=2d64b654-7f45-48f8-94bd-17273b14c273
2019-09-05 17:45:10,581 [pool-169-thread-1] INFO  util.JmxRegister (JmxRegister.java:tryRegister(44)) - Successfully registered JMX Bean with object name Ratis:service=RaftServer,group=group-6813D8658313,id=63019528-44bb-4614-8879-5aa23dc8c351
2019-09-05 17:45:10,584 [RatisPipelineUtilsThread] INFO  pipeline.PipelineStateManager (PipelineStateManager.java:addPipeline(56)) - Created pipeline Pipeline[ Id: 70507974-d156-4154-92e7-6813d8658313, Nodes: 2d64b654-7f45-48f8-94bd-17273b14c273{ip: 192.168.36.125, host: pr-hdds-2007-hnd8f-2977735972, networkLocation: /default-rack, certSerialId: null}0458fa0a-4d99-412c-a137-2f07c0465a23{ip: 192.168.36.125, host: pr-hdds-2007-hnd8f-2977735972, networkLocation: /default-rack, certSerialId: null}63019528-44bb-4614-8879-5aa23dc8c351{ip: 192.168.36.125, host: pr-hdds-2007-hnd8f-2977735972, networkLocation: /default-rack, certSerialId: null}, Type:RATIS, Factor:THREE, State:OPEN]
2019-09-05 17:45:10,596 [grpc-default-executor-3] INFO  impl.RaftServerProxy (RaftServerProxy.java:addNew(89)) - e140e47e-a097-49d3-a67c-e61d0d1e278d: addNew group-F0CE555BC1C5:[c77c95d4-b555-4b20-809c-193fe3f6d604:192.168.36.125:35808, e140e47e-a097-49d3-a67c-e61d0d1e278d:192.168.36.125:42533, 5676330c-95f8-4024-9c29-9b44eb305597:192.168.36.125:34817] returns group-F0CE555BC1C5:java.util.concurrent.CompletableFuture@5ebc2c8d[Not completed]
2019-09-05 17:45:10,596 [grpc-default-executor-1] INFO  impl.RaftServerProxy (RaftServerProxy.java:addNew(89)) - c77c95d4-b555-4b20-809c-193fe3f6d604: addNew group-F0CE555BC1C5:[c77c95d4-b555-4b20-809c-193fe3f6d604:192.168.36.125:35808, e140e47e-a097-49d3-a67c-e61d0d1e278d:192.168.36.125:42533, 5676330c-95f8-4024-9c29-9b44eb305597:192.168.36.125:34817] returns group-F0CE555BC1C5:java.util.concurrent.CompletableFuture@30e9297b[Not completed]
2019-09-05 17:45:10,598 [grpc-default-executor-1] INFO  impl.RaftServerProxy (RaftServerProxy.java:addNew(89)) - 5676330c-95f8-4024-9c29-9b44eb305597: addNew group-F0CE555BC1C5:[c77c95d4-b555-4b20-809c-193fe3f6d604:192.168.36.125:35808, e140e47e-a097-49d3-a67c-e61d0d1e278d:192.168.36.125:42533, 5676330c-95f8-4024-9c29-9b44eb305597:192.168.36.125:34817] returns group-F0CE555BC1C5:java.util.concurrent.CompletableFuture@5e8583e5[Not completed]
2019-09-05 17:45:10,598 [pool-119-thread-1] INFO  impl.RaftServerImpl (RaftServerImpl.java:<init>(93)) - c77c95d4-b555-4b20-809c-193fe3f6d604: new RaftServerImpl for group-F0CE555BC1C5:[c77c95d4-b555-4b20-809c-193fe3f6d604:192.168.36.125:35808, e140e47e-a097-49d3-a67c-e61d0d1e278d:192.168.36.125:42533, 5676330c-95f8-4024-9c29-9b44eb305597:192.168.36.125:34817] with ContainerStateMachine:uninitialized
2019-09-05 17:45:10,598 [pool-119-thread-1] INFO  server.RaftServerConfigKeys (ConfUtils.java:logGet(43)) - raft.server.rpc.timeout.min = 5s (custom)
2019-09-05 17:45:10,598 [pool-119-thread-1] INFO  server.RaftServerConfigKeys (ConfUtils.java:logGet(43)) - raft.server.rpc.timeout.max = 5200ms (custom)
2019-09-05 17:45:10,598 [pool-119-thread-1] INFO  server.RaftServerConfigKeys (ConfUtils.java:logGet(43)) - raft.server.rpcslowness.timeout = 120s (custom)
2019-09-05 17:45:10,598 [pool-119-thread-1] INFO  server.RaftServerConfigKeys (ConfUtils.java:logGet(43)) - raft.server.sleep.deviation.threshold = 300 (default)
2019-09-05 17:45:10,598 [pool-119-thread-1] INFO  server.RaftServerConfigKeys (ConfUtils.java:logGet(43)) - raft.server.log.appender.install.snapshot.enabled = false (custom)
2019-09-05 17:45:10,598 [pool-119-thread-1] INFO  impl.RaftServerImpl (ServerState.java:<init>(105)) - c77c95d4-b555-4b20-809c-193fe3f6d604:group-F0CE555BC1C5 ConfigurationManager, init=-1: [c77c95d4-b555-4b20-809c-193fe3f6d604:192.168.36.125:35808, e140e47e-a097-49d3-a67c-e61d0d1e278d:192.168.36.125:42533, 5676330c-95f8-4024-9c29-9b44eb305597:192.168.36.125:34817], old=null, confs=<EMPTY_MAP>
2019-09-05 17:45:10,598 [pool-119-thread-1] INFO  server.RaftServerConfigKeys (ConfUtils.java:logGet(43)) - raft.server.storage.dir = [/workdir/hadoop-ozone/integration-test/target/test-dir/MiniOzoneClusterImpl-16d58beb-b20c-491b-8614-42ba02276836/datanode-0/data/ratis] (custom)
2019-09-05 17:45:10,599 [pool-139-thread-1] INFO  impl.RaftServerImpl (RaftServerImpl.java:<init>(93)) - e140e47e-a097-49d3-a67c-e61d0d1e278d: new RaftServerImpl for group-F0CE555BC1C5:[c77c95d4-b555-4b20-809c-193fe3f6d604:192.168.36.125:35808, e140e47e-a097-49d3-a67c-e61d0d1e278d:192.168.36.125:42533, 5676330c-95f8-4024-9c29-9b44eb305597:192.168.36.125:34817] with ContainerStateMachine:uninitialized
2019-09-05 17:45:10,599 [pool-139-thread-1] INFO  server.RaftServerConfigKeys (ConfUtils.java:logGet(43)) - raft.server.rpc.timeout.min = 5s (custom)
2019-09-05 17:45:10,599 [pool-119-thread-1] INFO  storage.RaftStorageDirectory (RaftStorageDirectory.java:analyzeStorage(246)) - The storage directory /workdir/hadoop-ozone/integration-test/target/test-dir/MiniOzoneClusterImpl-16d58beb-b20c-491b-8614-42ba02276836/datanode-0/data/ratis/4fd72e13-2672-41a3-b1bd-f0ce555bc1c5 does not exist. Creating ...
2019-09-05 17:45:10,599 [pool-139-thread-1] INFO  server.RaftServerConfigKeys (ConfUtils.java:logGet(43)) - raft.server.rpc.timeout.max = 5200ms (custom)
2019-09-05 17:45:10,599 [pool-139-thread-1] INFO  server.RaftServerConfigKeys (ConfUtils.java:logGet(43)) - raft.server.rpcslowness.timeout = 120s (custom)
2019-09-05 17:45:10,599 [pool-149-thread-1] INFO  impl.RaftServerImpl (RaftServerImpl.java:<init>(93)) - 5676330c-95f8-4024-9c29-9b44eb305597: new RaftServerImpl for group-F0CE555BC1C5:[c77c95d4-b555-4b20-809c-193fe3f6d604:192.168.36.125:35808, e140e47e-a097-49d3-a67c-e61d0d1e278d:192.168.36.125:42533, 5676330c-95f8-4024-9c29-9b44eb305597:192.168.36.125:34817] with ContainerStateMachine:uninitialized
2019-09-05 17:45:10,599 [pool-139-thread-1] INFO  server.RaftServerConfigKeys (ConfUtils.java:logGet(43)) - raft.server.sleep.deviation.threshold = 300 (default)
2019-09-05 17:45:10,599 [pool-149-thread-1] INFO  server.RaftServerConfigKeys (ConfUtils.java:logGet(43)) - raft.server.rpc.timeout.min = 5s (custom)
2019-09-05 17:45:10,600 [pool-139-thread-1] INFO  server.RaftServerConfigKeys (ConfUtils.java:logGet(43)) - raft.server.log.appender.install.snapshot.enabled = false (custom)
2019-09-05 17:45:10,600 [pool-149-thread-1] INFO  server.RaftServerConfigKeys (ConfUtils.java:logGet(43)) - raft.server.rpc.timeout.max = 5200ms (custom)
2019-09-05 17:45:10,600 [pool-139-thread-1] INFO  impl.RaftServerImpl (ServerState.java:<init>(105)) - e140e47e-a097-49d3-a67c-e61d0d1e278d:group-F0CE555BC1C5 ConfigurationManager, init=-1: [c77c95d4-b555-4b20-809c-193fe3f6d604:192.168.36.125:35808, e140e47e-a097-49d3-a67c-e61d0d1e278d:192.168.36.125:42533, 5676330c-95f8-4024-9c29-9b44eb305597:192.168.36.125:34817], old=null, confs=<EMPTY_MAP>
2019-09-05 17:45:10,600 [pool-149-thread-1] INFO  server.RaftServerConfigKeys (ConfUtils.java:logGet(43)) - raft.server.rpcslowness.timeout = 120s (custom)
2019-09-05 17:45:10,600 [pool-139-thread-1] INFO  server.RaftServerConfigKeys (ConfUtils.java:logGet(43)) - raft.server.storage.dir = [/workdir/hadoop-ozone/integration-test/target/test-dir/MiniOzoneClusterImpl-16d58beb-b20c-491b-8614-42ba02276836/datanode-2/data/ratis] (custom)
2019-09-05 17:45:10,600 [pool-149-thread-1] INFO  server.RaftServerConfigKeys (ConfUtils.java:logGet(43)) - raft.server.sleep.deviation.threshold = 300 (default)
2019-09-05 17:45:10,600 [pool-149-thread-1] INFO  server.RaftServerConfigKeys (ConfUtils.java:logGet(43)) - raft.server.log.appender.install.snapshot.enabled = false (custom)
2019-09-05 17:45:10,600 [pool-149-thread-1] INFO  impl.RaftServerImpl (ServerState.java:<init>(105)) - 5676330c-95f8-4024-9c29-9b44eb305597:group-F0CE555BC1C5 ConfigurationManager, init=-1: [c77c95d4-b555-4b20-809c-193fe3f6d604:192.168.36.125:35808, e140e47e-a097-49d3-a67c-e61d0d1e278d:192.168.36.125:42533, 5676330c-95f8-4024-9c29-9b44eb305597:192.168.36.125:34817], old=null, confs=<EMPTY_MAP>
2019-09-05 17:45:10,600 [pool-139-thread-1] INFO  storage.RaftStorageDirectory (RaftStorageDirectory.java:analyzeStorage(246)) - The storage directory /workdir/hadoop-ozone/integration-test/target/test-dir/MiniOzoneClusterImpl-16d58beb-b20c-491b-8614-42ba02276836/datanode-2/data/ratis/4fd72e13-2672-41a3-b1bd-f0ce555bc1c5 does not exist. Creating ...
2019-09-05 17:45:10,601 [pool-149-thread-1] INFO  server.RaftServerConfigKeys (ConfUtils.java:logGet(43)) - raft.server.storage.dir = [/workdir/hadoop-ozone/integration-test/target/test-dir/MiniOzoneClusterImpl-16d58beb-b20c-491b-8614-42ba02276836/datanode-3/data/ratis] (custom)
2019-09-05 17:45:10,601 [pool-149-thread-1] INFO  storage.RaftStorageDirectory (RaftStorageDirectory.java:analyzeStorage(246)) - The storage directory /workdir/hadoop-ozone/integration-test/target/test-dir/MiniOzoneClusterImpl-16d58beb-b20c-491b-8614-42ba02276836/datanode-3/data/ratis/4fd72e13-2672-41a3-b1bd-f0ce555bc1c5 does not exist. Creating ...
2019-09-05 17:45:10,615 [pool-119-thread-1] INFO  storage.RaftStorageDirectory (RaftStorageDirectory.java:tryLock(328)) - Lock on /workdir/hadoop-ozone/integration-test/target/test-dir/MiniOzoneClusterImpl-16d58beb-b20c-491b-8614-42ba02276836/datanode-0/data/ratis/4fd72e13-2672-41a3-b1bd-f0ce555bc1c5/in_use.lock acquired by nodename 14553@pr-hdds-2007-hnd8f-2977735972
2019-09-05 17:45:10,615 [pool-149-thread-1] INFO  storage.RaftStorageDirectory (RaftStorageDirectory.java:tryLock(328)) - Lock on /workdir/hadoop-ozone/integration-test/target/test-dir/MiniOzoneClusterImpl-16d58beb-b20c-491b-8614-42ba02276836/datanode-3/data/ratis/4fd72e13-2672-41a3-b1bd-f0ce555bc1c5/in_use.lock acquired by nodename 14553@pr-hdds-2007-hnd8f-2977735972
2019-09-05 17:45:10,615 [pool-139-thread-1] INFO  storage.RaftStorageDirectory (RaftStorageDirectory.java:tryLock(328)) - Lock on /workdir/hadoop-ozone/integration-test/target/test-dir/MiniOzoneClusterImpl-16d58beb-b20c-491b-8614-42ba02276836/datanode-2/data/ratis/4fd72e13-2672-41a3-b1bd-f0ce555bc1c5/in_use.lock acquired by nodename 14553@pr-hdds-2007-hnd8f-2977735972
2019-09-05 17:45:10,659 [pool-139-thread-1] INFO  storage.RaftStorage (RaftStorage.java:format(72)) - Storage directory /workdir/hadoop-ozone/integration-test/target/test-dir/MiniOzoneClusterImpl-16d58beb-b20c-491b-8614-42ba02276836/datanode-2/data/ratis/4fd72e13-2672-41a3-b1bd-f0ce555bc1c5 has been successfully formatted.
2019-09-05 17:45:10,659 [pool-149-thread-1] INFO  storage.RaftStorage (RaftStorage.java:format(72)) - Storage directory /workdir/hadoop-ozone/integration-test/target/test-dir/MiniOzoneClusterImpl-16d58beb-b20c-491b-8614-42ba02276836/datanode-3/data/ratis/4fd72e13-2672-41a3-b1bd-f0ce555bc1c5 has been successfully formatted.
2019-09-05 17:45:10,660 [pool-139-thread-1] INFO  ratis.ContainerStateMachine (ContainerStateMachine.java:loadSnapshot(227)) - group-F0CE555BC1C5: The snapshot info is null. Setting the last applied indexto:(t:0, i:~)
2019-09-05 17:45:10,659 [pool-119-thread-1] INFO  storage.RaftStorage (RaftStorage.java:format(72)) - Storage directory /workdir/hadoop-ozone/integration-test/target/test-dir/MiniOzoneClusterImpl-16d58beb-b20c-491b-8614-42ba02276836/datanode-0/data/ratis/4fd72e13-2672-41a3-b1bd-f0ce555bc1c5 has been successfully formatted.
2019-09-05 17:45:10,660 [pool-149-thread-1] INFO  ratis.ContainerStateMachine (ContainerStateMachine.java:loadSnapshot(227)) - group-F0CE555BC1C5: The snapshot info is null. Setting the last applied indexto:(t:0, i:~)
2019-09-05 17:45:10,660 [pool-139-thread-1] INFO  server.RaftServerConfigKeys (ConfUtils.java:logGet(43)) - raft.server.leader.election.timeout = 120s (custom)
2019-09-05 17:45:10,660 [pool-149-thread-1] INFO  server.RaftServerConfigKeys (ConfUtils.java:logGet(43)) - raft.server.leader.election.timeout = 120s (custom)
2019-09-05 17:45:10,660 [pool-119-thread-1] INFO  ratis.ContainerStateMachine (ContainerStateMachine.java:loadSnapshot(227)) - group-F0CE555BC1C5: The snapshot info is null. Setting the last applied indexto:(t:0, i:~)
2019-09-05 17:45:10,660 [pool-149-thread-1] INFO  server.RaftServerConfigKeys (ConfUtils.java:logGet(43)) - raft.server.log.use.memory = false (default)
2019-09-05 17:45:10,660 [pool-139-thread-1] INFO  server.RaftServerConfigKeys (ConfUtils.java:logGet(43)) - raft.server.log.use.memory = false (default)
2019-09-05 17:45:10,661 [pool-149-thread-1] INFO  server.RaftServerConfigKeys (ConfUtils.java:logGet(43)) - raft.server.log.purge.gap = 1000000 (custom)
2019-09-05 17:45:10,661 [pool-119-thread-1] INFO  server.RaftServerConfigKeys (ConfUtils.java:logGet(43)) - raft.server.leader.election.timeout = 120s (custom)
2019-09-05 17:45:10,661 [pool-149-thread-1] INFO  server.RaftServerConfigKeys (ConfUtils.java:logGet(43)) - raft.server.log.appender.buffer.byte-limit = 33554432 (custom)
2019-09-05 17:45:10,661 [pool-139-thread-1] INFO  server.RaftServerConfigKeys (ConfUtils.java:logGet(43)) - raft.server.log.purge.gap = 1000000 (custom)
2019-09-05 17:45:10,661 [pool-149-thread-1] INFO  server.RaftServerConfigKeys (ConfUtils.java:logGet(43)) - raft.server.log.segment.size.max = 1048576 (custom)
2019-09-05 17:45:10,661 [pool-119-thread-1] INFO  server.RaftServerConfigKeys (ConfUtils.java:logGet(43)) - raft.server.log.use.memory = false (default)
2019-09-05 17:45:10,661 [pool-149-thread-1] INFO  server.RaftServerConfigKeys (ConfUtils.java:logGet(43)) - raft.server.log.segment.cache.num.max = 2 (custom)
2019-09-05 17:45:10,661 [pool-139-thread-1] INFO  server.RaftServerConfigKeys (ConfUtils.java:logGet(43)) - raft.server.log.appender.buffer.byte-limit = 33554432 (custom)
2019-09-05 17:45:10,661 [pool-149-thread-1] INFO  segmented.SegmentedRaftLogWorker (SegmentedRaftLogWorker.java:<init>(172)) - new 5676330c-95f8-4024-9c29-9b44eb305597-SegmentedRaftLogWorker:Storage Directory /workdir/hadoop-ozone/integration-test/target/test-dir/MiniOzoneClusterImpl-16d58beb-b20c-491b-8614-42ba02276836/datanode-3/data/ratis/4fd72e13-2672-41a3-b1bd-f0ce555bc1c5 for RaftStorage:Storage Directory /workdir/hadoop-ozone/integration-test/target/test-dir/MiniOzoneClusterImpl-16d58beb-b20c-491b-8614-42ba02276836/datanode-3/data/ratis/4fd72e13-2672-41a3-b1bd-f0ce555bc1c5
2019-09-05 17:45:10,661 [pool-119-thread-1] INFO  server.RaftServerConfigKeys (ConfUtils.java:logGet(43)) - raft.server.log.purge.gap = 1000000 (custom)
2019-09-05 17:45:10,662 [pool-149-thread-1] INFO  server.RaftServerConfigKeys (ConfUtils.java:logGet(43)) - raft.server.log.queue.byte-limit = 2147483647 (custom)
2019-09-05 17:45:10,662 [pool-139-thread-1] INFO  server.RaftServerConfigKeys (ConfUtils.java:logGet(43)) - raft.server.log.segment.size.max = 1048576 (custom)
2019-09-05 17:45:10,662 [pool-149-thread-1] INFO  server.RaftServerConfigKeys (ConfUtils.java:logGet(43)) - raft.server.log.queue.element-limit = 1024 (custom)
2019-09-05 17:45:10,662 [pool-119-thread-1] INFO  server.RaftServerConfigKeys (ConfUtils.java:logGet(43)) - raft.server.log.appender.buffer.byte-limit = 33554432 (custom)
2019-09-05 17:45:10,662 [pool-149-thread-1] INFO  server.RaftServerConfigKeys (ConfUtils.java:logGet(43)) - raft.server.log.segment.size.max = 1048576 (custom)
2019-09-05 17:45:10,662 [pool-139-thread-1] INFO  server.RaftServerConfigKeys (ConfUtils.java:logGet(43)) - raft.server.log.segment.cache.num.max = 2 (custom)
2019-09-05 17:45:10,662 [pool-149-thread-1] INFO  server.RaftServerConfigKeys (ConfUtils.java:logGet(43)) - raft.server.log.preallocated.size = 16384 (custom)
2019-09-05 17:45:10,662 [pool-119-thread-1] INFO  server.RaftServerConfigKeys (ConfUtils.java:logGet(43)) - raft.server.log.segment.size.max = 1048576 (custom)
2019-09-05 17:45:10,662 [pool-149-thread-1] INFO  server.RaftServerConfigKeys (ConfUtils.java:logGet(43)) - raft.server.log.write.buffer.size = 33554432 (custom)
2019-09-05 17:45:10,662 [pool-139-thread-1] INFO  segmented.SegmentedRaftLogWorker (SegmentedRaftLogWorker.java:<init>(172)) - new e140e47e-a097-49d3-a67c-e61d0d1e278d-SegmentedRaftLogWorker:Storage Directory /workdir/hadoop-ozone/integration-test/target/test-dir/MiniOzoneClusterImpl-16d58beb-b20c-491b-8614-42ba02276836/datanode-2/data/ratis/4fd72e13-2672-41a3-b1bd-f0ce555bc1c5 for RaftStorage:Storage Directory /workdir/hadoop-ozone/integration-test/target/test-dir/MiniOzoneClusterImpl-16d58beb-b20c-491b-8614-42ba02276836/datanode-2/data/ratis/4fd72e13-2672-41a3-b1bd-f0ce555bc1c5
2019-09-05 17:45:10,663 [pool-149-thread-1] INFO  server.RaftServerConfigKeys (ConfUtils.java:logGet(43)) - raft.server.log.force.sync.num = 128 (default)
2019-09-05 17:45:10,662 [pool-119-thread-1] INFO  server.RaftServerConfigKeys (ConfUtils.java:logGet(43)) - raft.server.log.segment.cache.num.max = 2 (custom)
2019-09-05 17:45:10,663 [pool-149-thread-1] INFO  server.RaftServerConfigKeys (ConfUtils.java:logGet(43)) - raft.server.log.statemachine.data.sync = true (default)
2019-09-05 17:45:10,663 [pool-139-thread-1] INFO  server.RaftServerConfigKeys (ConfUtils.java:logGet(43)) - raft.server.log.queue.byte-limit = 2147483647 (custom)
2019-09-05 17:45:10,663 [pool-149-thread-1] INFO  server.RaftServerConfigKeys (ConfUtils.java:logGet(43)) - raft.server.log.statemachine.data.sync.timeout = 10s (default)
2019-09-05 17:45:10,663 [pool-119-thread-1] INFO  segmented.SegmentedRaftLogWorker (SegmentedRaftLogWorker.java:<init>(172)) - new c77c95d4-b555-4b20-809c-193fe3f6d604-SegmentedRaftLogWorker:Storage Directory /workdir/hadoop-ozone/integration-test/target/test-dir/MiniOzoneClusterImpl-16d58beb-b20c-491b-8614-42ba02276836/datanode-0/data/ratis/4fd72e13-2672-41a3-b1bd-f0ce555bc1c5 for RaftStorage:Storage Directory /workdir/hadoop-ozone/integration-test/target/test-dir/MiniOzoneClusterImpl-16d58beb-b20c-491b-8614-42ba02276836/datanode-0/data/ratis/4fd72e13-2672-41a3-b1bd-f0ce555bc1c5
2019-09-05 17:45:10,663 [pool-149-thread-1] INFO  server.RaftServerConfigKeys (ConfUtils.java:logGet(43)) - raft.server.log.statemachine.data.sync.timeout.retry = -1 (default)
2019-09-05 17:45:10,663 [pool-139-thread-1] INFO  server.RaftServerConfigKeys (ConfUtils.java:logGet(43)) - raft.server.log.queue.element-limit = 1024 (custom)
2019-09-05 17:45:10,663 [pool-149-thread-1] INFO  server.RaftServerConfigKeys (ConfUtils.java:logGet(43)) - raft.server.log.statemachine.data.caching.enabled = true (custom)
2019-09-05 17:45:10,663 [pool-119-thread-1] INFO  server.RaftServerConfigKeys (ConfUtils.java:logGet(43)) - raft.server.log.queue.byte-limit = 2147483647 (custom)
2019-09-05 17:45:10,663 [pool-139-thread-1] INFO  server.RaftServerConfigKeys (ConfUtils.java:logGet(43)) - raft.server.log.segment.size.max = 1048576 (custom)
2019-09-05 17:45:10,664 [pool-119-thread-1] INFO  server.RaftServerConfigKeys (ConfUtils.java:logGet(43)) - raft.server.log.queue.element-limit = 1024 (custom)
2019-09-05 17:45:10,664 [pool-139-thread-1] INFO  server.RaftServerConfigKeys (ConfUtils.java:logGet(43)) - raft.server.log.preallocated.size = 16384 (custom)
2019-09-05 17:45:10,664 [pool-149-thread-1] INFO  segmented.SegmentedRaftLogWorker (SegmentedRaftLogWorker.java:lambda$new$0(132)) - 5676330c-95f8-4024-9c29-9b44eb305597-SegmentedRaftLogWorker:Storage Directory /workdir/hadoop-ozone/integration-test/target/test-dir/MiniOzoneClusterImpl-16d58beb-b20c-491b-8614-42ba02276836/datanode-3/data/ratis/4fd72e13-2672-41a3-b1bd-f0ce555bc1c5: flushIndex: setUnconditionally 0 -> -1
2019-09-05 17:45:10,664 [pool-139-thread-1] INFO  server.RaftServerConfigKeys (ConfUtils.java:logGet(43)) - raft.server.log.write.buffer.size = 33554432 (custom)
2019-09-05 17:45:10,664 [pool-119-thread-1] INFO  server.RaftServerConfigKeys (ConfUtils.java:logGet(43)) - raft.server.log.segment.size.max = 1048576 (custom)
2019-09-05 17:45:10,664 [pool-149-thread-1] INFO  server.RaftServerConfigKeys (ConfUtils.java:logGet(43)) - raft.server.snapshot.auto.trigger.enabled = true (custom)
2019-09-05 17:45:10,664 [pool-139-thread-1] INFO  server.RaftServerConfigKeys (ConfUtils.java:logGet(43)) - raft.server.log.force.sync.num = 128 (default)
2019-09-05 17:45:10,664 [pool-149-thread-1] INFO  server.RaftServerConfigKeys (ConfUtils.java:logGet(43)) - raft.server.snapshot.auto.trigger.threshold = 10000 (custom)
2019-09-05 17:45:10,664 [pool-119-thread-1] INFO  server.RaftServerConfigKeys (ConfUtils.java:logGet(43)) - raft.server.log.preallocated.size = 16384 (custom)
2019-09-05 17:45:10,665 [pool-149-thread-1] INFO  server.RaftServerConfigKeys (ConfUtils.java:logGet(43)) - raft.server.retrycache.expirytime = 600000ms (custom)
2019-09-05 17:45:10,665 [pool-119-thread-1] INFO  server.RaftServerConfigKeys (ConfUtils.java:logGet(43)) - raft.server.log.write.buffer.size = 33554432 (custom)
2019-09-05 17:45:10,665 [pool-139-thread-1] INFO  server.RaftServerConfigKeys (ConfUtils.java:logGet(43)) - raft.server.log.statemachine.data.sync = true (default)
2019-09-05 17:45:10,665 [pool-119-thread-1] INFO  server.RaftServerConfigKeys (ConfUtils.java:logGet(43)) - raft.server.log.force.sync.num = 128 (default)
2019-09-05 17:45:10,665 [pool-149-thread-1] INFO  impl.RaftServerImpl (RaftServerImpl.java:start(180)) - 5676330c-95f8-4024-9c29-9b44eb305597: start group-F0CE555BC1C5
2019-09-05 17:45:10,665 [pool-119-thread-1] INFO  server.RaftServerConfigKeys (ConfUtils.java:logGet(43)) - raft.server.log.statemachine.data.sync = true (default)
2019-09-05 17:45:10,665 [pool-139-thread-1] INFO  server.RaftServerConfigKeys (ConfUtils.java:logGet(43)) - raft.server.log.statemachine.data.sync.timeout = 10s (default)
2019-09-05 17:45:10,665 [pool-119-thread-1] INFO  server.RaftServerConfigKeys (ConfUtils.java:logGet(43)) - raft.server.log.statemachine.data.sync.timeout = 10s (default)
2019-09-05 17:45:10,665 [pool-149-thread-1] INFO  impl.RaftServerImpl (RaftServerImpl.java:setRole(171)) - 5676330c-95f8-4024-9c29-9b44eb305597:group-F0CE555BC1C5 changes role from null to FOLLOWER at term 0 for startAsFollower
2019-09-05 17:45:10,666 [pool-119-thread-1] INFO  server.RaftServerConfigKeys (ConfUtils.java:logGet(43)) - raft.server.log.statemachine.data.sync.timeout.retry = -1 (default)
2019-09-05 17:45:10,665 [pool-139-thread-1] INFO  server.RaftServerConfigKeys (ConfUtils.java:logGet(43)) - raft.server.log.statemachine.data.sync.timeout.retry = -1 (default)
2019-09-05 17:45:10,666 [pool-119-thread-1] INFO  server.RaftServerConfigKeys (ConfUtils.java:logGet(43)) - raft.server.log.statemachine.data.caching.enabled = true (custom)
2019-09-05 17:45:10,666 [pool-149-thread-1] INFO  impl.RoleInfo (RoleInfo.java:updateAndGet(143)) - 5676330c-95f8-4024-9c29-9b44eb305597: start FollowerState
2019-09-05 17:45:10,666 [pool-139-thread-1] INFO  server.RaftServerConfigKeys (ConfUtils.java:logGet(43)) - raft.server.log.statemachine.data.caching.enabled = true (custom)
2019-09-05 17:45:10,666 [pool-119-thread-1] INFO  segmented.SegmentedRaftLogWorker (SegmentedRaftLogWorker.java:lambda$new$0(132)) - c77c95d4-b555-4b20-809c-193fe3f6d604-SegmentedRaftLogWorker:Storage Directory /workdir/hadoop-ozone/integration-test/target/test-dir/MiniOzoneClusterImpl-16d58beb-b20c-491b-8614-42ba02276836/datanode-0/data/ratis/4fd72e13-2672-41a3-b1bd-f0ce555bc1c5: flushIndex: setUnconditionally 0 -> -1
2019-09-05 17:45:10,666 [pool-139-thread-1] INFO  segmented.SegmentedRaftLogWorker (SegmentedRaftLogWorker.java:lambda$new$0(132)) - e140e47e-a097-49d3-a67c-e61d0d1e278d-SegmentedRaftLogWorker:Storage Directory /workdir/hadoop-ozone/integration-test/target/test-dir/MiniOzoneClusterImpl-16d58beb-b20c-491b-8614-42ba02276836/datanode-2/data/ratis/4fd72e13-2672-41a3-b1bd-f0ce555bc1c5: flushIndex: setUnconditionally 0 -> -1
2019-09-05 17:45:10,666 [pool-119-thread-1] INFO  server.RaftServerConfigKeys (ConfUtils.java:logGet(43)) - raft.server.snapshot.auto.trigger.enabled = true (custom)
2019-09-05 17:45:10,666 [pool-149-thread-1] INFO  util.JmxRegister (JmxRegister.java:tryRegister(44)) - Successfully registered JMX Bean with object name Ratis:service=RaftServer,group=group-F0CE555BC1C5,id=5676330c-95f8-4024-9c29-9b44eb305597
2019-09-05 17:45:10,667 [pool-139-thread-1] INFO  server.RaftServerConfigKeys (ConfUtils.java:logGet(43)) - raft.server.snapshot.auto.trigger.enabled = true (custom)
2019-09-05 17:45:10,667 [pool-119-thread-1] INFO  server.RaftServerConfigKeys (ConfUtils.java:logGet(43)) - raft.server.snapshot.auto.trigger.threshold = 10000 (custom)
2019-09-05 17:45:10,667 [pool-139-thread-1] INFO  server.RaftServerConfigKeys (ConfUtils.java:logGet(43)) - raft.server.snapshot.auto.trigger.threshold = 10000 (custom)
2019-09-05 17:45:10,667 [pool-119-thread-1] INFO  server.RaftServerConfigKeys (ConfUtils.java:logGet(43)) - raft.server.retrycache.expirytime = 600000ms (custom)
2019-09-05 17:45:10,667 [pool-139-thread-1] INFO  server.RaftServerConfigKeys (ConfUtils.java:logGet(43)) - raft.server.retrycache.expirytime = 600000ms (custom)
2019-09-05 17:45:10,668 [pool-119-thread-1] INFO  impl.RaftServerImpl (RaftServerImpl.java:start(180)) - c77c95d4-b555-4b20-809c-193fe3f6d604: start group-F0CE555BC1C5
2019-09-05 17:45:10,668 [pool-139-thread-1] INFO  impl.RaftServerImpl (RaftServerImpl.java:start(180)) - e140e47e-a097-49d3-a67c-e61d0d1e278d: start group-F0CE555BC1C5
2019-09-05 17:45:10,668 [pool-119-thread-1] INFO  impl.RaftServerImpl (RaftServerImpl.java:setRole(171)) - c77c95d4-b555-4b20-809c-193fe3f6d604:group-F0CE555BC1C5 changes role from null to FOLLOWER at term 0 for startAsFollower
2019-09-05 17:45:10,668 [pool-119-thread-1] INFO  impl.RoleInfo (RoleInfo.java:updateAndGet(143)) - c77c95d4-b555-4b20-809c-193fe3f6d604: start FollowerState
2019-09-05 17:45:10,668 [pool-139-thread-1] INFO  impl.RaftServerImpl (RaftServerImpl.java:setRole(171)) - e140e47e-a097-49d3-a67c-e61d0d1e278d:group-F0CE555BC1C5 changes role from null to FOLLOWER at term 0 for startAsFollower
2019-09-05 17:45:10,669 [pool-139-thread-1] INFO  impl.RoleInfo (RoleInfo.java:updateAndGet(143)) - e140e47e-a097-49d3-a67c-e61d0d1e278d: start FollowerState
2019-09-05 17:45:10,670 [pool-119-thread-1] INFO  util.JmxRegister (JmxRegister.java:tryRegister(44)) - Successfully registered JMX Bean with object name Ratis:service=RaftServer,group=group-F0CE555BC1C5,id=c77c95d4-b555-4b20-809c-193fe3f6d604
2019-09-05 17:45:10,670 [pool-139-thread-1] INFO  util.JmxRegister (JmxRegister.java:tryRegister(44)) - Successfully registered JMX Bean with object name Ratis:service=RaftServer,group=group-F0CE555BC1C5,id=e140e47e-a097-49d3-a67c-e61d0d1e278d
2019-09-05 17:45:10,672 [RatisPipelineUtilsThread] INFO  pipeline.PipelineStateManager (PipelineStateManager.java:addPipeline(56)) - Created pipeline Pipeline[ Id: 4fd72e13-2672-41a3-b1bd-f0ce555bc1c5, Nodes: e140e47e-a097-49d3-a67c-e61d0d1e278d{ip: 192.168.36.125, host: pr-hdds-2007-hnd8f-2977735972, networkLocation: /default-rack, certSerialId: null}c77c95d4-b555-4b20-809c-193fe3f6d604{ip: 192.168.36.125, host: pr-hdds-2007-hnd8f-2977735972, networkLocation: /default-rack, certSerialId: null}5676330c-95f8-4024-9c29-9b44eb305597{ip: 192.168.36.125, host: pr-hdds-2007-hnd8f-2977735972, networkLocation: /default-rack, certSerialId: null}, Type:RATIS, Factor:THREE, State:OPEN]
2019-09-05 17:45:10,699 [grpc-default-executor-3] INFO  client.GrpcClientProtocolClient (GrpcClientProtocolClient.java:onNext(255)) - client-84B658F0821B->2d64b654-7f45-48f8-94bd-17273b14c273: receive RaftClientReply:client-84B658F0821B->2d64b654-7f45-48f8-94bd-17273b14c273@group-6813D8658313, cid=46, FAILED org.apache.ratis.protocol.NotLeaderException: Server 2d64b654-7f45-48f8-94bd-17273b14c273 is not the leader (null). Request must be sent to leader., logIndex=0, commits[2d64b654-7f45-48f8-94bd-17273b14c273:c-1]
2019-09-05 17:45:11,721 [grpc-default-executor-3] INFO  client.GrpcClientProtocolClient (GrpcClientProtocolClient.java:onNext(255)) - client-84B658F0821B->0458fa0a-4d99-412c-a137-2f07c0465a23: receive RaftClientReply:client-84B658F0821B->0458fa0a-4d99-412c-a137-2f07c0465a23@group-6813D8658313, cid=46, FAILED org.apache.ratis.protocol.NotLeaderException: Server 0458fa0a-4d99-412c-a137-2f07c0465a23 is not the leader (null). Request must be sent to leader., logIndex=0, commits[0458fa0a-4d99-412c-a137-2f07c0465a23:c-1]
2019-09-05 17:45:12,736 [grpc-default-executor-3] INFO  client.GrpcClientProtocolClient (GrpcClientProtocolClient.java:onNext(255)) - client-84B658F0821B->2d64b654-7f45-48f8-94bd-17273b14c273: receive RaftClientReply:client-84B658F0821B->2d64b654-7f45-48f8-94bd-17273b14c273@group-6813D8658313, cid=46, FAILED org.apache.ratis.protocol.NotLeaderException: Server 2d64b654-7f45-48f8-94bd-17273b14c273 is not the leader (null). Request must be sent to leader., logIndex=0, commits[2d64b654-7f45-48f8-94bd-17273b14c273:c-1]
2019-09-05 17:45:13,751 [grpc-default-executor-1] INFO  client.GrpcClientProtocolClient (GrpcClientProtocolClient.java:onNext(255)) - client-84B658F0821B->63019528-44bb-4614-8879-5aa23dc8c351: receive RaftClientReply:client-84B658F0821B->63019528-44bb-4614-8879-5aa23dc8c351@group-6813D8658313, cid=46, FAILED org.apache.ratis.protocol.NotLeaderException: Server 63019528-44bb-4614-8879-5aa23dc8c351 is not the leader (null). Request must be sent to leader., logIndex=0, commits[63019528-44bb-4614-8879-5aa23dc8c351:c-1]
2019-09-05 17:45:14,753 [Thread-750] INFO  impl.FollowerState (FollowerState.java:run(106)) - 63019528-44bb-4614-8879-5aa23dc8c351:group-CC443CF04C15 changes to CANDIDATE, lastRpcTime:5147, electionTimeout:5147ms
2019-09-05 17:45:14,753 [Thread-750] INFO  impl.RoleInfo (RoleInfo.java:shutdownFollowerState(121)) - 63019528-44bb-4614-8879-5aa23dc8c351: shutdown FollowerState
2019-09-05 17:45:14,753 [Thread-750] INFO  impl.RaftServerImpl (RaftServerImpl.java:setRole(171)) - 63019528-44bb-4614-8879-5aa23dc8c351:group-CC443CF04C15 changes role from FOLLOWER to CANDIDATE at term 0 for changeToCandidate
2019-09-05 17:45:14,754 [Thread-750] INFO  impl.RoleInfo (RoleInfo.java:updateAndGet(143)) - 63019528-44bb-4614-8879-5aa23dc8c351: start LeaderElection
2019-09-05 17:45:14,762 [Thread-747] INFO  impl.FollowerState (FollowerState.java:run(106)) - 2d64b654-7f45-48f8-94bd-17273b14c273:group-CC443CF04C15 changes to CANDIDATE, lastRpcTime:5157, electionTimeout:5157ms
2019-09-05 17:45:14,762 [Thread-747] INFO  impl.RoleInfo (RoleInfo.java:shutdownFollowerState(121)) - 2d64b654-7f45-48f8-94bd-17273b14c273: shutdown FollowerState
2019-09-05 17:45:14,762 [Thread-747] INFO  impl.RaftServerImpl (RaftServerImpl.java:setRole(171)) - 2d64b654-7f45-48f8-94bd-17273b14c273:group-CC443CF04C15 changes role from FOLLOWER to CANDIDATE at term 0 for changeToCandidate
2019-09-05 17:45:14,762 [Thread-747] INFO  impl.RoleInfo (RoleInfo.java:updateAndGet(143)) - 2d64b654-7f45-48f8-94bd-17273b14c273: start LeaderElection
2019-09-05 17:45:14,768 [63019528-44bb-4614-8879-5aa23dc8c351:group-CC443CF04C15:LeaderElection22] INFO  impl.LeaderElection (LeaderElection.java:askForVotes(181)) - 63019528-44bb-4614-8879-5aa23dc8c351:group-CC443CF04C15:LeaderElection22: begin an election at term 1 for -1: [0458fa0a-4d99-412c-a137-2f07c0465a23:192.168.36.125:38969, 63019528-44bb-4614-8879-5aa23dc8c351:192.168.36.125:44072, 2d64b654-7f45-48f8-94bd-17273b14c273:192.168.36.125:39127], old=null
2019-09-05 17:45:14,793 [grpc-default-executor-1] INFO  impl.RaftServerImpl (RaftServerImpl.java:setRole(171)) - 0458fa0a-4d99-412c-a137-2f07c0465a23:group-CC443CF04C15 changes role from FOLLOWER to FOLLOWER at term 1 for recognizeCandidate:63019528-44bb-4614-8879-5aa23dc8c351
2019-09-05 17:45:14,793 [grpc-default-executor-1] INFO  impl.RoleInfo (RoleInfo.java:shutdownFollowerState(121)) - 0458fa0a-4d99-412c-a137-2f07c0465a23: shutdown FollowerState
2019-09-05 17:45:14,793 [grpc-default-executor-4] INFO  client.GrpcClientProtocolClient (GrpcClientProtocolClient.java:onNext(255)) - client-84B658F0821B->2d64b654-7f45-48f8-94bd-17273b14c273: receive RaftClientReply:client-84B658F0821B->2d64b654-7f45-48f8-94bd-17273b14c273@group-6813D8658313, cid=46, FAILED org.apache.ratis.protocol.NotLeaderException: Server 2d64b654-7f45-48f8-94bd-17273b14c273 is not the leader (null). Request must be sent to leader., logIndex=0, commits[2d64b654-7f45-48f8-94bd-17273b14c273:c-1]
2019-09-05 17:45:14,793 [grpc-default-executor-1] INFO  impl.RoleInfo (RoleInfo.java:updateAndGet(143)) - 0458fa0a-4d99-412c-a137-2f07c0465a23: start FollowerState
2019-09-05 17:45:14,793 [Thread-756] INFO  impl.FollowerState (FollowerState.java:run(114)) - 0458fa0a-4d99-412c-a137-2f07c0465a23: FollowerState was interrupted: java.lang.InterruptedException: sleep interrupted
2019-09-05 17:45:14,803 [2d64b654-7f45-48f8-94bd-17273b14c273:group-CC443CF04C15:LeaderElection23] INFO  impl.LeaderElection (LeaderElection.java:askForVotes(181)) - 2d64b654-7f45-48f8-94bd-17273b14c273:group-CC443CF04C15:LeaderElection23: begin an election at term 1 for -1: [0458fa0a-4d99-412c-a137-2f07c0465a23:192.168.36.125:38969, 63019528-44bb-4614-8879-5aa23dc8c351:192.168.36.125:44072, 2d64b654-7f45-48f8-94bd-17273b14c273:192.168.36.125:39127], old=null
2019-09-05 17:45:14,839 [63019528-44bb-4614-8879-5aa23dc8c351:group-CC443CF04C15:LeaderElection22] INFO  impl.LeaderElection (LeaderElection.java:logAndReturn(56)) - 63019528-44bb-4614-8879-5aa23dc8c351:group-CC443CF04C15:LeaderElection22: Election PASSED; received 2 response(s) [63019528-44bb-4614-8879-5aa23dc8c351<-0458fa0a-4d99-412c-a137-2f07c0465a23#0:OK-t1, 63019528-44bb-4614-8879-5aa23dc8c351<-2d64b654-7f45-48f8-94bd-17273b14c273#0:FAIL-t1] and 0 exception(s); 63019528-44bb-4614-8879-5aa23dc8c351:t1, leader=null, voted=63019528-44bb-4614-8879-5aa23dc8c351, raftlog=63019528-44bb-4614-8879-5aa23dc8c351-SegmentedRaftLog:OPENED:c-1,f-1,i0, conf=-1: [0458fa0a-4d99-412c-a137-2f07c0465a23:192.168.36.125:38969, 63019528-44bb-4614-8879-5aa23dc8c351:192.168.36.125:44072, 2d64b654-7f45-48f8-94bd-17273b14c273:192.168.36.125:39127], old=null
2019-09-05 17:45:14,840 [63019528-44bb-4614-8879-5aa23dc8c351:group-CC443CF04C15:LeaderElection22] INFO  impl.RoleInfo (RoleInfo.java:shutdownLeaderElection(134)) - 63019528-44bb-4614-8879-5aa23dc8c351: shutdown LeaderElection
2019-09-05 17:45:14,840 [2d64b654-7f45-48f8-94bd-17273b14c273:group-CC443CF04C15:LeaderElection23] INFO  impl.LeaderElection (LeaderElection.java:logAndReturn(56)) - 2d64b654-7f45-48f8-94bd-17273b14c273:group-CC443CF04C15:LeaderElection23: Election REJECTED; received 2 response(s) [2d64b654-7f45-48f8-94bd-17273b14c273<-0458fa0a-4d99-412c-a137-2f07c0465a23#0:FAIL-t1, 2d64b654-7f45-48f8-94bd-17273b14c273<-63019528-44bb-4614-8879-5aa23dc8c351#0:FAIL-t1] and 0 exception(s); 2d64b654-7f45-48f8-94bd-17273b14c273:t1, leader=null, voted=2d64b654-7f45-48f8-94bd-17273b14c273, raftlog=2d64b654-7f45-48f8-94bd-17273b14c273-SegmentedRaftLog:OPENED:c-1,f-1,i0, conf=-1: [0458fa0a-4d99-412c-a137-2f07c0465a23:192.168.36.125:38969, 63019528-44bb-4614-8879-5aa23dc8c351:192.168.36.125:44072, 2d64b654-7f45-48f8-94bd-17273b14c273:192.168.36.125:39127], old=null
2019-09-05 17:45:14,840 [63019528-44bb-4614-8879-5aa23dc8c351:group-CC443CF04C15:LeaderElection22] INFO  impl.RaftServerImpl (RaftServerImpl.java:setRole(171)) - 63019528-44bb-4614-8879-5aa23dc8c351:group-CC443CF04C15 changes role from CANDIDATE to LEADER at term 1 for changeToLeader
2019-09-05 17:45:14,840 [2d64b654-7f45-48f8-94bd-17273b14c273:group-CC443CF04C15:LeaderElection23] INFO  impl.RaftServerImpl (RaftServerImpl.java:setRole(171)) - 2d64b654-7f45-48f8-94bd-17273b14c273:group-CC443CF04C15 changes role from CANDIDATE to FOLLOWER at term 1 for DISCOVERED_A_NEW_TERM
2019-09-05 17:45:14,840 [2d64b654-7f45-48f8-94bd-17273b14c273:group-CC443CF04C15:LeaderElection23] INFO  impl.RoleInfo (RoleInfo.java:shutdownLeaderElection(134)) - 2d64b654-7f45-48f8-94bd-17273b14c273: shutdown LeaderElection
2019-09-05 17:45:14,840 [63019528-44bb-4614-8879-5aa23dc8c351:group-CC443CF04C15:LeaderElection22] INFO  impl.RaftServerImpl (ServerState.java:setLeader(263)) - 63019528-44bb-4614-8879-5aa23dc8c351:group-CC443CF04C15 change Leader from null to 63019528-44bb-4614-8879-5aa23dc8c351 at term 1 for becomeLeader, leader elected after 5245ms
2019-09-05 17:45:14,840 [2d64b654-7f45-48f8-94bd-17273b14c273:group-CC443CF04C15:LeaderElection23] INFO  impl.RoleInfo (RoleInfo.java:updateAndGet(143)) - 2d64b654-7f45-48f8-94bd-17273b14c273: start FollowerState
2019-09-05 17:45:14,843 [63019528-44bb-4614-8879-5aa23dc8c351:group-CC443CF04C15:LeaderElection22] INFO  server.RaftServerConfigKeys (ConfUtils.java:logGet(43)) - raft.server.staging.catchup.gap = 1000 (default)
2019-09-05 17:45:14,843 [63019528-44bb-4614-8879-5aa23dc8c351:group-CC443CF04C15:LeaderElection22] INFO  server.RaftServerConfigKeys (ConfUtils.java:logGet(43)) - raft.server.rpc.sleep.time = 25ms (default)
2019-09-05 17:45:14,843 [63019528-44bb-4614-8879-5aa23dc8c351:group-CC443CF04C15:LeaderElection22] INFO  server.RaftServerConfigKeys (ConfUtils.java:logGet(43)) - raft.server.write.element-limit = 4096 (default)
2019-09-05 17:45:14,843 [63019528-44bb-4614-8879-5aa23dc8c351:group-CC443CF04C15:LeaderElection22] INFO  server.RaftServerConfigKeys (ConfUtils.java:logGet(43)) - raft.server.watch.timeout = 10s (default)
2019-09-05 17:45:14,843 [63019528-44bb-4614-8879-5aa23dc8c351:group-CC443CF04C15:LeaderElection22] INFO  server.RaftServerConfigKeys (ConfUtils.java:logGet(43)) - raft.server.watch.timeout.denomination = 1s (default)
2019-09-05 17:45:14,843 [63019528-44bb-4614-8879-5aa23dc8c351:group-CC443CF04C15:LeaderElection22] INFO  server.RaftServerConfigKeys (ConfUtils.java:logGet(43)) - raft.server.watch.element-limit = 65536 (default)
2019-09-05 17:45:14,844 [63019528-44bb-4614-8879-5aa23dc8c351:group-CC443CF04C15:LeaderElection22] INFO  server.RaftServerConfigKeys (ConfUtils.java:logGet(43)) - raft.server.log.appender.snapshot.chunk.size.max = 16MB (=16777216) (default)
2019-09-05 17:45:14,844 [63019528-44bb-4614-8879-5aa23dc8c351:group-CC443CF04C15:LeaderElection22] INFO  server.RaftServerConfigKeys (ConfUtils.java:logGet(43)) - raft.server.log.appender.buffer.byte-limit = 33554432 (custom)
2019-09-05 17:45:14,844 [63019528-44bb-4614-8879-5aa23dc8c351:group-CC443CF04C15:LeaderElection22] INFO  server.RaftServerConfigKeys (ConfUtils.java:logGet(43)) - raft.server.log.appender.buffer.element-limit = 1 (custom)
2019-09-05 17:45:14,844 [63019528-44bb-4614-8879-5aa23dc8c351:group-CC443CF04C15:LeaderElection22] INFO  grpc.GrpcConfigKeys$Server (ConfUtils.java:logGet(43)) - raft.grpc.server.leader.outstanding.appends.max = 128 (default)
2019-09-05 17:45:14,844 [63019528-44bb-4614-8879-5aa23dc8c351:group-CC443CF04C15:LeaderElection22] INFO  server.RaftServerConfigKeys (ConfUtils.java:logGet(43)) - raft.server.rpc.request.timeout = 3000ms (default)
2019-09-05 17:45:14,845 [63019528-44bb-4614-8879-5aa23dc8c351:group-CC443CF04C15:LeaderElection22] INFO  server.RaftServerConfigKeys (ConfUtils.java:logGet(43)) - raft.server.log.appender.install.snapshot.enabled = false (custom)
2019-09-05 17:45:14,845 [63019528-44bb-4614-8879-5aa23dc8c351:group-CC443CF04C15:LeaderElection22] INFO  server.RaftServerConfigKeys (ConfUtils.java:logGet(43)) - raft.server.log.appender.snapshot.chunk.size.max = 16MB (=16777216) (default)
2019-09-05 17:45:14,845 [63019528-44bb-4614-8879-5aa23dc8c351:group-CC443CF04C15:LeaderElection22] INFO  server.RaftServerConfigKeys (ConfUtils.java:logGet(43)) - raft.server.log.appender.buffer.byte-limit = 33554432 (custom)
2019-09-05 17:45:14,845 [63019528-44bb-4614-8879-5aa23dc8c351:group-CC443CF04C15:LeaderElection22] INFO  server.RaftServerConfigKeys (ConfUtils.java:logGet(43)) - raft.server.log.appender.buffer.element-limit = 1 (custom)
2019-09-05 17:45:14,845 [63019528-44bb-4614-8879-5aa23dc8c351:group-CC443CF04C15:LeaderElection22] INFO  grpc.GrpcConfigKeys$Server (ConfUtils.java:logGet(43)) - raft.grpc.server.leader.outstanding.appends.max = 128 (default)
2019-09-05 17:45:14,845 [63019528-44bb-4614-8879-5aa23dc8c351:group-CC443CF04C15:LeaderElection22] INFO  server.RaftServerConfigKeys (ConfUtils.java:logGet(43)) - raft.server.rpc.request.timeout = 3000ms (default)
2019-09-05 17:45:14,845 [63019528-44bb-4614-8879-5aa23dc8c351:group-CC443CF04C15:LeaderElection22] INFO  server.RaftServerConfigKeys (ConfUtils.java:logGet(43)) - raft.server.log.appender.install.snapshot.enabled = false (custom)
2019-09-05 17:45:14,846 [63019528-44bb-4614-8879-5aa23dc8c351:group-CC443CF04C15:LeaderElection22] INFO  impl.RoleInfo (RoleInfo.java:updateAndGet(143)) - 63019528-44bb-4614-8879-5aa23dc8c351: start LeaderState
2019-09-05 17:45:14,846 [63019528-44bb-4614-8879-5aa23dc8c351:group-CC443CF04C15:LeaderElection22] INFO  segmented.SegmentedRaftLogWorker (SegmentedRaftLogWorker.java:startLogSegment(380)) - 63019528-44bb-4614-8879-5aa23dc8c351-SegmentedRaftLogWorker:Storage Directory /workdir/hadoop-ozone/integration-test/target/test-dir/MiniOzoneClusterImpl-16d58beb-b20c-491b-8614-42ba02276836/datanode-5/data/ratis/248ddc66-899b-483a-85d9-cc443cf04c15: Starting segment from index:0
2019-09-05 17:45:14,846 [63019528-44bb-4614-8879-5aa23dc8c351:group-CC443CF04C15:LeaderElection22] INFO  impl.RaftServerImpl (ServerState.java:setRaftConf(361)) - 63019528-44bb-4614-8879-5aa23dc8c351:group-CC443CF04C15 set configuration 0: [0458fa0a-4d99-412c-a137-2f07c0465a23:192.168.36.125:38969, 63019528-44bb-4614-8879-5aa23dc8c351:192.168.36.125:44072, 2d64b654-7f45-48f8-94bd-17273b14c273:192.168.36.125:39127], old=null at 0
2019-09-05 17:45:14,848 [grpc-default-executor-1] INFO  impl.RaftServerImpl (ServerState.java:setLeader(263)) - 2d64b654-7f45-48f8-94bd-17273b14c273:group-CC443CF04C15 change Leader from null to 63019528-44bb-4614-8879-5aa23dc8c351 at term 1 for appendEntries, leader elected after 5253ms
2019-09-05 17:45:14,848 [grpc-default-executor-3] INFO  impl.RaftServerImpl (ServerState.java:setLeader(263)) - 0458fa0a-4d99-412c-a137-2f07c0465a23:group-CC443CF04C15 change Leader from null to 63019528-44bb-4614-8879-5aa23dc8c351 at term 1 for appendEntries, leader elected after 5072ms
2019-09-05 17:45:14,850 [grpc-default-executor-3] INFO  impl.RaftServerImpl (ServerState.java:setRaftConf(361)) - 2d64b654-7f45-48f8-94bd-17273b14c273:group-CC443CF04C15 set configuration 0: [0458fa0a-4d99-412c-a137-2f07c0465a23:192.168.36.125:38969, 63019528-44bb-4614-8879-5aa23dc8c351:192.168.36.125:44072, 2d64b654-7f45-48f8-94bd-17273b14c273:192.168.36.125:39127], old=null at 0
2019-09-05 17:45:14,850 [grpc-default-executor-1] INFO  impl.RaftServerImpl (ServerState.java:setRaftConf(361)) - 0458fa0a-4d99-412c-a137-2f07c0465a23:group-CC443CF04C15 set configuration 0: [0458fa0a-4d99-412c-a137-2f07c0465a23:192.168.36.125:38969, 63019528-44bb-4614-8879-5aa23dc8c351:192.168.36.125:44072, 2d64b654-7f45-48f8-94bd-17273b14c273:192.168.36.125:39127], old=null at 0
2019-09-05 17:45:14,850 [grpc-default-executor-3] INFO  segmented.SegmentedRaftLogWorker (SegmentedRaftLogWorker.java:startLogSegment(380)) - 2d64b654-7f45-48f8-94bd-17273b14c273-SegmentedRaftLogWorker:Storage Directory /workdir/hadoop-ozone/integration-test/target/test-dir/MiniOzoneClusterImpl-16d58beb-b20c-491b-8614-42ba02276836/datanode-1/data/ratis/248ddc66-899b-483a-85d9-cc443cf04c15: Starting segment from index:0
2019-09-05 17:45:14,850 [grpc-default-executor-1] INFO  segmented.SegmentedRaftLogWorker (SegmentedRaftLogWorker.java:startLogSegment(380)) - 0458fa0a-4d99-412c-a137-2f07c0465a23-SegmentedRaftLogWorker:Storage Directory /workdir/hadoop-ozone/integration-test/target/test-dir/MiniOzoneClusterImpl-16d58beb-b20c-491b-8614-42ba02276836/datanode-4/data/ratis/248ddc66-899b-483a-85d9-cc443cf04c15: Starting segment from index:0
2019-09-05 17:45:14,898 [2d64b654-7f45-48f8-94bd-17273b14c273-SegmentedRaftLogWorker:Storage Directory /workdir/hadoop-ozone/integration-test/target/test-dir/MiniOzoneClusterImpl-16d58beb-b20c-491b-8614-42ba02276836/datanode-1/data/ratis/248ddc66-899b-483a-85d9-cc443cf04c15] INFO  segmented.SegmentedRaftLogWorker (SegmentedRaftLogWorker.java:execute(569)) - 2d64b654-7f45-48f8-94bd-17273b14c273-SegmentedRaftLogWorker:Storage Directory /workdir/hadoop-ozone/integration-test/target/test-dir/MiniOzoneClusterImpl-16d58beb-b20c-491b-8614-42ba02276836/datanode-1/data/ratis/248ddc66-899b-483a-85d9-cc443cf04c15: created new log segment /workdir/hadoop-ozone/integration-test/target/test-dir/MiniOzoneClusterImpl-16d58beb-b20c-491b-8614-42ba02276836/datanode-1/data/ratis/248ddc66-899b-483a-85d9-cc443cf04c15/current/log_inprogress_0
2019-09-05 17:45:14,899 [0458fa0a-4d99-412c-a137-2f07c0465a23-SegmentedRaftLogWorker:Storage Directory /workdir/hadoop-ozone/integration-test/target/test-dir/MiniOzoneClusterImpl-16d58beb-b20c-491b-8614-42ba02276836/datanode-4/data/ratis/248ddc66-899b-483a-85d9-cc443cf04c15] INFO  segmented.SegmentedRaftLogWorker (SegmentedRaftLogWorker.java:execute(569)) - 0458fa0a-4d99-412c-a137-2f07c0465a23-SegmentedRaftLogWorker:Storage Directory /workdir/hadoop-ozone/integration-test/target/test-dir/MiniOzoneClusterImpl-16d58beb-b20c-491b-8614-42ba02276836/datanode-4/data/ratis/248ddc66-899b-483a-85d9-cc443cf04c15: created new log segment /workdir/hadoop-ozone/integration-test/target/test-dir/MiniOzoneClusterImpl-16d58beb-b20c-491b-8614-42ba02276836/datanode-4/data/ratis/248ddc66-899b-483a-85d9-cc443cf04c15/current/log_inprogress_0
2019-09-05 17:45:14,898 [63019528-44bb-4614-8879-5aa23dc8c351-SegmentedRaftLogWorker:Storage Directory /workdir/hadoop-ozone/integration-test/target/test-dir/MiniOzoneClusterImpl-16d58beb-b20c-491b-8614-42ba02276836/datanode-5/data/ratis/248ddc66-899b-483a-85d9-cc443cf04c15] INFO  segmented.SegmentedRaftLogWorker (SegmentedRaftLogWorker.java:execute(569)) - 63019528-44bb-4614-8879-5aa23dc8c351-SegmentedRaftLogWorker:Storage Directory /workdir/hadoop-ozone/integration-test/target/test-dir/MiniOzoneClusterImpl-16d58beb-b20c-491b-8614-42ba02276836/datanode-5/data/ratis/248ddc66-899b-483a-85d9-cc443cf04c15: created new log segment /workdir/hadoop-ozone/integration-test/target/test-dir/MiniOzoneClusterImpl-16d58beb-b20c-491b-8614-42ba02276836/datanode-5/data/ratis/248ddc66-899b-483a-85d9-cc443cf04c15/current/log_inprogress_0
2019-09-05 17:45:14,959 [Thread-753] INFO  impl.FollowerState (FollowerState.java:run(106)) - 0458fa0a-4d99-412c-a137-2f07c0465a23:group-DADBD37D6117 changes to CANDIDATE, lastRpcTime:5139, electionTimeout:5139ms
2019-09-05 17:45:14,959 [Thread-753] INFO  impl.RoleInfo (RoleInfo.java:shutdownFollowerState(121)) - 0458fa0a-4d99-412c-a137-2f07c0465a23: shutdown FollowerState
2019-09-05 17:45:14,959 [Thread-753] INFO  impl.RaftServerImpl (RaftServerImpl.java:setRole(171)) - 0458fa0a-4d99-412c-a137-2f07c0465a23:group-DADBD37D6117 changes role from FOLLOWER to CANDIDATE at term 0 for changeToCandidate
2019-09-05 17:45:14,960 [Thread-753] INFO  impl.RoleInfo (RoleInfo.java:updateAndGet(143)) - 0458fa0a-4d99-412c-a137-2f07c0465a23: start LeaderElection
2019-09-05 17:45:14,981 [0458fa0a-4d99-412c-a137-2f07c0465a23:group-DADBD37D6117:LeaderElection24] INFO  impl.LeaderElection (LeaderElection.java:askForVotes(181)) - 0458fa0a-4d99-412c-a137-2f07c0465a23:group-DADBD37D6117:LeaderElection24: begin an election at term 1 for -1: [0458fa0a-4d99-412c-a137-2f07c0465a23:192.168.36.125:38969], old=null
2019-09-05 17:45:14,981 [0458fa0a-4d99-412c-a137-2f07c0465a23:group-DADBD37D6117:LeaderElection24] INFO  impl.RoleInfo (RoleInfo.java:shutdownLeaderElection(134)) - 0458fa0a-4d99-412c-a137-2f07c0465a23: shutdown LeaderElection
2019-09-05 17:45:14,981 [0458fa0a-4d99-412c-a137-2f07c0465a23:group-DADBD37D6117:LeaderElection24] INFO  impl.RaftServerImpl (RaftServerImpl.java:setRole(171)) - 0458fa0a-4d99-412c-a137-2f07c0465a23:group-DADBD37D6117 changes role from CANDIDATE to LEADER at term 1 for changeToLeader
2019-09-05 17:45:14,981 [0458fa0a-4d99-412c-a137-2f07c0465a23:group-DADBD37D6117:LeaderElection24] INFO  impl.RaftServerImpl (ServerState.java:setLeader(263)) - 0458fa0a-4d99-412c-a137-2f07c0465a23:group-DADBD37D6117 change Leader from null to 0458fa0a-4d99-412c-a137-2f07c0465a23 at term 1 for becomeLeader, leader elected after 8960ms
2019-09-05 17:45:14,985 [0458fa0a-4d99-412c-a137-2f07c0465a23:group-DADBD37D6117:LeaderElection24] INFO  server.RaftServerConfigKeys (ConfUtils.java:logGet(43)) - raft.server.staging.catchup.gap = 1000 (default)
2019-09-05 17:45:14,985 [0458fa0a-4d99-412c-a137-2f07c0465a23:group-DADBD37D6117:LeaderElection24] INFO  server.RaftServerConfigKeys (ConfUtils.java:logGet(43)) - raft.server.rpc.sleep.time = 25ms (default)
2019-09-05 17:45:14,985 [0458fa0a-4d99-412c-a137-2f07c0465a23:group-DADBD37D6117:LeaderElection24] INFO  server.RaftServerConfigKeys (ConfUtils.java:logGet(43)) - raft.server.write.element-limit = 4096 (default)
2019-09-05 17:45:14,985 [0458fa0a-4d99-412c-a137-2f07c0465a23:group-DADBD37D6117:LeaderElection24] INFO  server.RaftServerConfigKeys (ConfUtils.java:logGet(43)) - raft.server.watch.timeout = 10s (default)
2019-09-05 17:45:14,985 [0458fa0a-4d99-412c-a137-2f07c0465a23:group-DADBD37D6117:LeaderElection24] INFO  server.RaftServerConfigKeys (ConfUtils.java:logGet(43)) - raft.server.watch.timeout.denomination = 1s (default)
2019-09-05 17:45:14,986 [0458fa0a-4d99-412c-a137-2f07c0465a23:group-DADBD37D6117:LeaderElection24] INFO  server.RaftServerConfigKeys (ConfUtils.java:logGet(43)) - raft.server.watch.element-limit = 65536 (default)
2019-09-05 17:45:14,986 [0458fa0a-4d99-412c-a137-2f07c0465a23:group-DADBD37D6117:LeaderElection24] INFO  impl.RoleInfo (RoleInfo.java:updateAndGet(143)) - 0458fa0a-4d99-412c-a137-2f07c0465a23: start LeaderState
2019-09-05 17:45:14,986 [0458fa0a-4d99-412c-a137-2f07c0465a23:group-DADBD37D6117:LeaderElection24] INFO  segmented.SegmentedRaftLogWorker (SegmentedRaftLogWorker.java:startLogSegment(380)) - 0458fa0a-4d99-412c-a137-2f07c0465a23-SegmentedRaftLogWorker:Storage Directory /workdir/hadoop-ozone/integration-test/target/test-dir/MiniOzoneClusterImpl-16d58beb-b20c-491b-8614-42ba02276836/datanode-4/data/ratis/acf97f7a-8b6d-4067-8d0d-dadbd37d6117: Starting segment from index:0
2019-09-05 17:45:14,987 [0458fa0a-4d99-412c-a137-2f07c0465a23:group-DADBD37D6117:LeaderElection24] INFO  impl.RaftServerImpl (ServerState.java:setRaftConf(361)) - 0458fa0a-4d99-412c-a137-2f07c0465a23:group-DADBD37D6117 set configuration 0: [0458fa0a-4d99-412c-a137-2f07c0465a23:192.168.36.125:38969], old=null at 0
2019-09-05 17:45:15,022 [Thread-761] INFO  impl.FollowerState (FollowerState.java:run(106)) - 63019528-44bb-4614-8879-5aa23dc8c351:group-C328C49B0FD9 changes to CANDIDATE, lastRpcTime:5046, electionTimeout:5024ms
2019-09-05 17:45:15,023 [Thread-761] INFO  impl.RoleInfo (RoleInfo.java:shutdownFollowerState(121)) - 63019528-44bb-4614-8879-5aa23dc8c351: shutdown FollowerState
2019-09-05 17:45:15,023 [Thread-761] INFO  impl.RaftServerImpl (RaftServerImpl.java:setRole(171)) - 63019528-44bb-4614-8879-5aa23dc8c351:group-C328C49B0FD9 changes role from FOLLOWER to CANDIDATE at term 0 for changeToCandidate
2019-09-05 17:45:15,023 [Thread-761] INFO  impl.RoleInfo (RoleInfo.java:updateAndGet(143)) - 63019528-44bb-4614-8879-5aa23dc8c351: start LeaderElection
2019-09-05 17:45:15,043 [0458fa0a-4d99-412c-a137-2f07c0465a23-SegmentedRaftLogWorker:Storage Directory /workdir/hadoop-ozone/integration-test/target/test-dir/MiniOzoneClusterImpl-16d58beb-b20c-491b-8614-42ba02276836/datanode-4/data/ratis/acf97f7a-8b6d-4067-8d0d-dadbd37d6117] INFO  segmented.SegmentedRaftLogWorker (SegmentedRaftLogWorker.java:execute(569)) - 0458fa0a-4d99-412c-a137-2f07c0465a23-SegmentedRaftLogWorker:Storage Directory /workdir/hadoop-ozone/integration-test/target/test-dir/MiniOzoneClusterImpl-16d58beb-b20c-491b-8614-42ba02276836/datanode-4/data/ratis/acf97f7a-8b6d-4067-8d0d-dadbd37d6117: created new log segment /workdir/hadoop-ozone/integration-test/target/test-dir/MiniOzoneClusterImpl-16d58beb-b20c-491b-8614-42ba02276836/datanode-4/data/ratis/acf97f7a-8b6d-4067-8d0d-dadbd37d6117/current/log_inprogress_0
2019-09-05 17:45:15,043 [63019528-44bb-4614-8879-5aa23dc8c351:group-C328C49B0FD9:LeaderElection25] INFO  impl.LeaderElection (LeaderElection.java:askForVotes(181)) - 63019528-44bb-4614-8879-5aa23dc8c351:group-C328C49B0FD9:LeaderElection25: begin an election at term 1 for -1: [63019528-44bb-4614-8879-5aa23dc8c351:192.168.36.125:44072], old=null
2019-09-05 17:45:15,043 [63019528-44bb-4614-8879-5aa23dc8c351:group-C328C49B0FD9:LeaderElection25] INFO  impl.RoleInfo (RoleInfo.java:shutdownLeaderElection(134)) - 63019528-44bb-4614-8879-5aa23dc8c351: shutdown LeaderElection
2019-09-05 17:45:15,043 [63019528-44bb-4614-8879-5aa23dc8c351:group-C328C49B0FD9:LeaderElection25] INFO  impl.RaftServerImpl (RaftServerImpl.java:setRole(171)) - 63019528-44bb-4614-8879-5aa23dc8c351:group-C328C49B0FD9 changes role from CANDIDATE to LEADER at term 1 for changeToLeader
2019-09-05 17:45:15,043 [63019528-44bb-4614-8879-5aa23dc8c351:group-C328C49B0FD9:LeaderElection25] INFO  impl.RaftServerImpl (ServerState.java:setLeader(263)) - 63019528-44bb-4614-8879-5aa23dc8c351:group-C328C49B0FD9 change Leader from null to 63019528-44bb-4614-8879-5aa23dc8c351 at term 1 for becomeLeader, leader elected after 5071ms
2019-09-05 17:45:15,043 [63019528-44bb-4614-8879-5aa23dc8c351:group-C328C49B0FD9:LeaderElection25] INFO  server.RaftServerConfigKeys (ConfUtils.java:logGet(43)) - raft.server.staging.catchup.gap = 1000 (default)
2019-09-05 17:45:15,044 [63019528-44bb-4614-8879-5aa23dc8c351:group-C328C49B0FD9:LeaderElection25] INFO  server.RaftServerConfigKeys (ConfUtils.java:logGet(43)) - raft.server.rpc.sleep.time = 25ms (default)
2019-09-05 17:45:15,044 [63019528-44bb-4614-8879-5aa23dc8c351:group-C328C49B0FD9:LeaderElection25] INFO  server.RaftServerConfigKeys (ConfUtils.java:logGet(43)) - raft.server.write.element-limit = 4096 (default)
2019-09-05 17:45:15,044 [63019528-44bb-4614-8879-5aa23dc8c351:group-C328C49B0FD9:LeaderElection25] INFO  server.RaftServerConfigKeys (ConfUtils.java:logGet(43)) - raft.server.watch.timeout = 10s (default)
2019-09-05 17:45:15,044 [63019528-44bb-4614-8879-5aa23dc8c351:group-C328C49B0FD9:LeaderElection25] INFO  server.RaftServerConfigKeys (ConfUtils.java:logGet(43)) - raft.server.watch.timeout.denomination = 1s (default)
2019-09-05 17:45:15,044 [63019528-44bb-4614-8879-5aa23dc8c351:group-C328C49B0FD9:LeaderElection25] INFO  server.RaftServerConfigKeys (ConfUtils.java:logGet(43)) - raft.server.watch.element-limit = 65536 (default)
2019-09-05 17:45:15,044 [63019528-44bb-4614-8879-5aa23dc8c351:group-C328C49B0FD9:LeaderElection25] INFO  impl.RoleInfo (RoleInfo.java:updateAndGet(143)) - 63019528-44bb-4614-8879-5aa23dc8c351: start LeaderState
2019-09-05 17:45:15,045 [63019528-44bb-4614-8879-5aa23dc8c351:group-C328C49B0FD9:LeaderElection25] INFO  segmented.SegmentedRaftLogWorker (SegmentedRaftLogWorker.java:startLogSegment(380)) - 63019528-44bb-4614-8879-5aa23dc8c351-SegmentedRaftLogWorker:Storage Directory /workdir/hadoop-ozone/integration-test/target/test-dir/MiniOzoneClusterImpl-16d58beb-b20c-491b-8614-42ba02276836/datanode-5/data/ratis/d8926fad-cad1-4aa9-b049-c328c49b0fd9: Starting segment from index:0
2019-09-05 17:45:15,045 [63019528-44bb-4614-8879-5aa23dc8c351:group-C328C49B0FD9:LeaderElection25] INFO  impl.RaftServerImpl (ServerState.java:setRaftConf(361)) - 63019528-44bb-4614-8879-5aa23dc8c351:group-C328C49B0FD9 set configuration 0: [63019528-44bb-4614-8879-5aa23dc8c351:192.168.36.125:44072], old=null at 0
2019-09-05 17:45:15,087 [Thread-758] INFO  impl.FollowerState (FollowerState.java:run(106)) - 0458fa0a-4d99-412c-a137-2f07c0465a23:group-3D55450724D1 changes to CANDIDATE, lastRpcTime:5183, electionTimeout:5183ms
2019-09-05 17:45:15,087 [Thread-758] INFO  impl.RoleInfo (RoleInfo.java:shutdownFollowerState(121)) - 0458fa0a-4d99-412c-a137-2f07c0465a23: shutdown FollowerState
2019-09-05 17:45:15,088 [Thread-758] INFO  impl.RaftServerImpl (RaftServerImpl.java:setRole(171)) - 0458fa0a-4d99-412c-a137-2f07c0465a23:group-3D55450724D1 changes role from FOLLOWER to CANDIDATE at term 0 for changeToCandidate
2019-09-05 17:45:15,088 [Thread-758] INFO  impl.RoleInfo (RoleInfo.java:updateAndGet(143)) - 0458fa0a-4d99-412c-a137-2f07c0465a23: start LeaderElection
2019-09-05 17:45:15,101 [63019528-44bb-4614-8879-5aa23dc8c351-SegmentedRaftLogWorker:Storage Directory /workdir/hadoop-ozone/integration-test/target/test-dir/MiniOzoneClusterImpl-16d58beb-b20c-491b-8614-42ba02276836/datanode-5/data/ratis/d8926fad-cad1-4aa9-b049-c328c49b0fd9] INFO  segmented.SegmentedRaftLogWorker (SegmentedRaftLogWorker.java:execute(569)) - 63019528-44bb-4614-8879-5aa23dc8c351-SegmentedRaftLogWorker:Storage Directory /workdir/hadoop-ozone/integration-test/target/test-dir/MiniOzoneClusterImpl-16d58beb-b20c-491b-8614-42ba02276836/datanode-5/data/ratis/d8926fad-cad1-4aa9-b049-c328c49b0fd9: created new log segment /workdir/hadoop-ozone/integration-test/target/test-dir/MiniOzoneClusterImpl-16d58beb-b20c-491b-8614-42ba02276836/datanode-5/data/ratis/d8926fad-cad1-4aa9-b049-c328c49b0fd9/current/log_inprogress_0
2019-09-05 17:45:15,119 [0458fa0a-4d99-412c-a137-2f07c0465a23:group-3D55450724D1:LeaderElection26] INFO  impl.LeaderElection (LeaderElection.java:askForVotes(181)) - 0458fa0a-4d99-412c-a137-2f07c0465a23:group-3D55450724D1:LeaderElection26: begin an election at term 1 for -1: [0458fa0a-4d99-412c-a137-2f07c0465a23:192.168.36.125:38969], old=null
2019-09-05 17:45:15,120 [0458fa0a-4d99-412c-a137-2f07c0465a23:group-3D55450724D1:LeaderElection26] INFO  impl.RoleInfo (RoleInfo.java:shutdownLeaderElection(134)) - 0458fa0a-4d99-412c-a137-2f07c0465a23: shutdown LeaderElection
2019-09-05 17:45:15,120 [0458fa0a-4d99-412c-a137-2f07c0465a23:group-3D55450724D1:LeaderElection26] INFO  impl.RaftServerImpl (RaftServerImpl.java:setRole(171)) - 0458fa0a-4d99-412c-a137-2f07c0465a23:group-3D55450724D1 changes role from CANDIDATE to LEADER at term 1 for changeToLeader
2019-09-05 17:45:15,120 [0458fa0a-4d99-412c-a137-2f07c0465a23:group-3D55450724D1:LeaderElection26] INFO  impl.RaftServerImpl (ServerState.java:setLeader(263)) - 0458fa0a-4d99-412c-a137-2f07c0465a23:group-3D55450724D1 change Leader from null to 0458fa0a-4d99-412c-a137-2f07c0465a23 at term 1 for becomeLeader, leader elected after 5222ms
2019-09-05 17:45:15,120 [0458fa0a-4d99-412c-a137-2f07c0465a23:group-3D55450724D1:LeaderElection26] INFO  server.RaftServerConfigKeys (ConfUtils.java:logGet(43)) - raft.server.staging.catchup.gap = 1000 (default)
2019-09-05 17:45:15,120 [0458fa0a-4d99-412c-a137-2f07c0465a23:group-3D55450724D1:LeaderElection26] INFO  server.RaftServerConfigKeys (ConfUtils.java:logGet(43)) - raft.server.rpc.sleep.time = 25ms (default)
2019-09-05 17:45:15,121 [0458fa0a-4d99-412c-a137-2f07c0465a23:group-3D55450724D1:LeaderElection26] INFO  server.RaftServerConfigKeys (ConfUtils.java:logGet(43)) - raft.server.write.element-limit = 4096 (default)
2019-09-05 17:45:15,121 [0458fa0a-4d99-412c-a137-2f07c0465a23:group-3D55450724D1:LeaderElection26] INFO  server.RaftServerConfigKeys (ConfUtils.java:logGet(43)) - raft.server.watch.timeout = 10s (default)
2019-09-05 17:45:15,121 [0458fa0a-4d99-412c-a137-2f07c0465a23:group-3D55450724D1:LeaderElection26] INFO  server.RaftServerConfigKeys (ConfUtils.java:logGet(43)) - raft.server.watch.timeout.denomination = 1s (default)
2019-09-05 17:45:15,121 [0458fa0a-4d99-412c-a137-2f07c0465a23:group-3D55450724D1:LeaderElection26] INFO  server.RaftServerConfigKeys (ConfUtils.java:logGet(43)) - raft.server.watch.element-limit = 65536 (default)
2019-09-05 17:45:15,121 [0458fa0a-4d99-412c-a137-2f07c0465a23:group-3D55450724D1:LeaderElection26] INFO  impl.RoleInfo (RoleInfo.java:updateAndGet(143)) - 0458fa0a-4d99-412c-a137-2f07c0465a23: start LeaderState
2019-09-05 17:45:15,122 [0458fa0a-4d99-412c-a137-2f07c0465a23:group-3D55450724D1:LeaderElection26] INFO  segmented.SegmentedRaftLogWorker (SegmentedRaftLogWorker.java:startLogSegment(380)) - 0458fa0a-4d99-412c-a137-2f07c0465a23-SegmentedRaftLogWorker:Storage Directory /workdir/hadoop-ozone/integration-test/target/test-dir/MiniOzoneClusterImpl-16d58beb-b20c-491b-8614-42ba02276836/datanode-4/data/ratis/d60c1f4d-7e12-412d-802c-3d55450724d1: Starting segment from index:0
2019-09-05 17:45:15,122 [0458fa0a-4d99-412c-a137-2f07c0465a23:group-3D55450724D1:LeaderElection26] INFO  impl.RaftServerImpl (ServerState.java:setRaftConf(361)) - 0458fa0a-4d99-412c-a137-2f07c0465a23:group-3D55450724D1 set configuration 0: [0458fa0a-4d99-412c-a137-2f07c0465a23:192.168.36.125:38969], old=null at 0
2019-09-05 17:45:15,170 [0458fa0a-4d99-412c-a137-2f07c0465a23-SegmentedRaftLogWorker:Storage Directory /workdir/hadoop-ozone/integration-test/target/test-dir/MiniOzoneClusterImpl-16d58beb-b20c-491b-8614-42ba02276836/datanode-4/data/ratis/d60c1f4d-7e12-412d-802c-3d55450724d1] INFO  segmented.SegmentedRaftLogWorker (SegmentedRaftLogWorker.java:execute(569)) - 0458fa0a-4d99-412c-a137-2f07c0465a23-SegmentedRaftLogWorker:Storage Directory /workdir/hadoop-ozone/integration-test/target/test-dir/MiniOzoneClusterImpl-16d58beb-b20c-491b-8614-42ba02276836/datanode-4/data/ratis/d60c1f4d-7e12-412d-802c-3d55450724d1: created new log segment /workdir/hadoop-ozone/integration-test/target/test-dir/MiniOzoneClusterImpl-16d58beb-b20c-491b-8614-42ba02276836/datanode-4/data/ratis/d60c1f4d-7e12-412d-802c-3d55450724d1/current/log_inprogress_0
2019-09-05 17:45:15,429 [Thread-764] INFO  impl.FollowerState (FollowerState.java:run(106)) - e140e47e-a097-49d3-a67c-e61d0d1e278d:group-F2F938C049CB changes to CANDIDATE, lastRpcTime:5138, electionTimeout:5138ms
2019-09-05 17:45:15,430 [Thread-764] INFO  impl.RoleInfo (RoleInfo.java:shutdownFollowerState(121)) - e140e47e-a097-49d3-a67c-e61d0d1e278d: shutdown FollowerState
2019-09-05 17:45:15,430 [Thread-764] INFO  impl.RaftServerImpl (RaftServerImpl.java:setRole(171)) - e140e47e-a097-49d3-a67c-e61d0d1e278d:group-F2F938C049CB changes role from FOLLOWER to CANDIDATE at term 0 for changeToCandidate
2019-09-05 17:45:15,430 [Thread-764] INFO  impl.RoleInfo (RoleInfo.java:updateAndGet(143)) - e140e47e-a097-49d3-a67c-e61d0d1e278d: start LeaderElection
2019-09-05 17:45:15,450 [e140e47e-a097-49d3-a67c-e61d0d1e278d:group-F2F938C049CB:LeaderElection27] INFO  impl.LeaderElection (LeaderElection.java:askForVotes(181)) - e140e47e-a097-49d3-a67c-e61d0d1e278d:group-F2F938C049CB:LeaderElection27: begin an election at term 1 for -1: [e140e47e-a097-49d3-a67c-e61d0d1e278d:192.168.36.125:42533], old=null
2019-09-05 17:45:15,450 [e140e47e-a097-49d3-a67c-e61d0d1e278d:group-F2F938C049CB:LeaderElection27] INFO  impl.RoleInfo (RoleInfo.java:shutdownLeaderElection(134)) - e140e47e-a097-49d3-a67c-e61d0d1e278d: shutdown LeaderElection
2019-09-05 17:45:15,451 [e140e47e-a097-49d3-a67c-e61d0d1e278d:group-F2F938C049CB:LeaderElection27] INFO  impl.RaftServerImpl (RaftServerImpl.java:setRole(171)) - e140e47e-a097-49d3-a67c-e61d0d1e278d:group-F2F938C049CB changes role from CANDIDATE to LEADER at term 1 for changeToLeader
2019-09-05 17:45:15,451 [e140e47e-a097-49d3-a67c-e61d0d1e278d:group-F2F938C049CB:LeaderElection27] INFO  impl.RaftServerImpl (ServerState.java:setLeader(263)) - e140e47e-a097-49d3-a67c-e61d0d1e278d:group-F2F938C049CB change Leader from null to e140e47e-a097-49d3-a67c-e61d0d1e278d at term 1 for becomeLeader, leader elected after 5165ms
2019-09-05 17:45:15,452 [e140e47e-a097-49d3-a67c-e61d0d1e278d:group-F2F938C049CB:LeaderElection27] INFO  server.RaftServerConfigKeys (ConfUtils.java:logGet(43)) - raft.server.staging.catchup.gap = 1000 (default)
2019-09-05 17:45:15,452 [e140e47e-a097-49d3-a67c-e61d0d1e278d:group-F2F938C049CB:LeaderElection27] INFO  server.RaftServerConfigKeys (ConfUtils.java:logGet(43)) - raft.server.rpc.sleep.time = 25ms (default)
2019-09-05 17:45:15,452 [e140e47e-a097-49d3-a67c-e61d0d1e278d:group-F2F938C049CB:LeaderElection27] INFO  server.RaftServerConfigKeys (ConfUtils.java:logGet(43)) - raft.server.write.element-limit = 4096 (default)
2019-09-05 17:45:15,453 [e140e47e-a097-49d3-a67c-e61d0d1e278d:group-F2F938C049CB:LeaderElection27] INFO  server.RaftServerConfigKeys (ConfUtils.java:logGet(43)) - raft.server.watch.timeout = 10s (default)
2019-09-05 17:45:15,453 [e140e47e-a097-49d3-a67c-e61d0d1e278d:group-F2F938C049CB:LeaderElection27] INFO  server.RaftServerConfigKeys (ConfUtils.java:logGet(43)) - raft.server.watch.timeout.denomination = 1s (default)
2019-09-05 17:45:15,453 [e140e47e-a097-49d3-a67c-e61d0d1e278d:group-F2F938C049CB:LeaderElection27] INFO  server.RaftServerConfigKeys (ConfUtils.java:logGet(43)) - raft.server.watch.element-limit = 65536 (default)
2019-09-05 17:45:15,453 [e140e47e-a097-49d3-a67c-e61d0d1e278d:group-F2F938C049CB:LeaderElection27] INFO  impl.RoleInfo (RoleInfo.java:updateAndGet(143)) - e140e47e-a097-49d3-a67c-e61d0d1e278d: start LeaderState
2019-09-05 17:45:15,453 [e140e47e-a097-49d3-a67c-e61d0d1e278d:group-F2F938C049CB:LeaderElection27] INFO  segmented.SegmentedRaftLogWorker (SegmentedRaftLogWorker.java:startLogSegment(380)) - e140e47e-a097-49d3-a67c-e61d0d1e278d-SegmentedRaftLogWorker:Storage Directory /workdir/hadoop-ozone/integration-test/target/test-dir/MiniOzoneClusterImpl-16d58beb-b20c-491b-8614-42ba02276836/datanode-2/data/ratis/c4e764b6-e285-4476-b1c6-f2f938c049cb: Starting segment from index:0
2019-09-05 17:45:15,454 [e140e47e-a097-49d3-a67c-e61d0d1e278d:group-F2F938C049CB:LeaderElection27] INFO  impl.RaftServerImpl (ServerState.java:setRaftConf(361)) - e140e47e-a097-49d3-a67c-e61d0d1e278d:group-F2F938C049CB set configuration 0: [e140e47e-a097-49d3-a67c-e61d0d1e278d:192.168.36.125:42533], old=null at 0
2019-09-05 17:45:15,506 [Thread-767] INFO  impl.FollowerState (FollowerState.java:run(106)) - 5676330c-95f8-4024-9c29-9b44eb305597:group-6CA33B760AFB changes to CANDIDATE, lastRpcTime:5086, electionTimeout:5085ms
2019-09-05 17:45:15,506 [Thread-767] INFO  impl.RoleInfo (RoleInfo.java:shutdownFollowerState(121)) - 5676330c-95f8-4024-9c29-9b44eb305597: shutdown FollowerState
2019-09-05 17:45:15,506 [Thread-767] INFO  impl.RaftServerImpl (RaftServerImpl.java:setRole(171)) - 5676330c-95f8-4024-9c29-9b44eb305597:group-6CA33B760AFB changes role from FOLLOWER to CANDIDATE at term 0 for changeToCandidate
2019-09-05 17:45:15,507 [Thread-767] INFO  impl.RoleInfo (RoleInfo.java:updateAndGet(143)) - 5676330c-95f8-4024-9c29-9b44eb305597: start LeaderElection
2019-09-05 17:45:15,507 [e140e47e-a097-49d3-a67c-e61d0d1e278d-SegmentedRaftLogWorker:Storage Directory /workdir/hadoop-ozone/integration-test/target/test-dir/MiniOzoneClusterImpl-16d58beb-b20c-491b-8614-42ba02276836/datanode-2/data/ratis/c4e764b6-e285-4476-b1c6-f2f938c049cb] INFO  segmented.SegmentedRaftLogWorker (SegmentedRaftLogWorker.java:execute(569)) - e140e47e-a097-49d3-a67c-e61d0d1e278d-SegmentedRaftLogWorker:Storage Directory /workdir/hadoop-ozone/integration-test/target/test-dir/MiniOzoneClusterImpl-16d58beb-b20c-491b-8614-42ba02276836/datanode-2/data/ratis/c4e764b6-e285-4476-b1c6-f2f938c049cb: created new log segment /workdir/hadoop-ozone/integration-test/target/test-dir/MiniOzoneClusterImpl-16d58beb-b20c-491b-8614-42ba02276836/datanode-2/data/ratis/c4e764b6-e285-4476-b1c6-f2f938c049cb/current/log_inprogress_0
2019-09-05 17:45:15,535 [5676330c-95f8-4024-9c29-9b44eb305597:group-6CA33B760AFB:LeaderElection28] INFO  impl.LeaderElection (LeaderElection.java:askForVotes(181)) - 5676330c-95f8-4024-9c29-9b44eb305597:group-6CA33B760AFB:LeaderElection28: begin an election at term 1 for -1: [5676330c-95f8-4024-9c29-9b44eb305597:192.168.36.125:34817], old=null
2019-09-05 17:45:15,535 [5676330c-95f8-4024-9c29-9b44eb305597:group-6CA33B760AFB:LeaderElection28] INFO  impl.RoleInfo (RoleInfo.java:shutdownLeaderElection(134)) - 5676330c-95f8-4024-9c29-9b44eb305597: shutdown LeaderElection
2019-09-05 17:45:15,535 [5676330c-95f8-4024-9c29-9b44eb305597:group-6CA33B760AFB:LeaderElection28] INFO  impl.RaftServerImpl (RaftServerImpl.java:setRole(171)) - 5676330c-95f8-4024-9c29-9b44eb305597:group-6CA33B760AFB changes role from CANDIDATE to LEADER at term 1 for changeToLeader
2019-09-05 17:45:15,535 [5676330c-95f8-4024-9c29-9b44eb305597:group-6CA33B760AFB:LeaderElection28] INFO  impl.RaftServerImpl (ServerState.java:setLeader(263)) - 5676330c-95f8-4024-9c29-9b44eb305597:group-6CA33B760AFB change Leader from null to 5676330c-95f8-4024-9c29-9b44eb305597 at term 1 for becomeLeader, leader elected after 5119ms
2019-09-05 17:45:15,537 [5676330c-95f8-4024-9c29-9b44eb305597:group-6CA33B760AFB:LeaderElection28] INFO  server.RaftServerConfigKeys (ConfUtils.java:logGet(43)) - raft.server.staging.catchup.gap = 1000 (default)
2019-09-05 17:45:15,538 [5676330c-95f8-4024-9c29-9b44eb305597:group-6CA33B760AFB:LeaderElection28] INFO  server.RaftServerConfigKeys (ConfUtils.java:logGet(43)) - raft.server.rpc.sleep.time = 25ms (default)
2019-09-05 17:45:15,538 [5676330c-95f8-4024-9c29-9b44eb305597:group-6CA33B760AFB:LeaderElection28] INFO  server.RaftServerConfigKeys (ConfUtils.java:logGet(43)) - raft.server.write.element-limit = 4096 (default)
2019-09-05 17:45:15,538 [5676330c-95f8-4024-9c29-9b44eb305597:group-6CA33B760AFB:LeaderElection28] INFO  server.RaftServerConfigKeys (ConfUtils.java:logGet(43)) - raft.server.watch.timeout = 10s (default)
2019-09-05 17:45:15,538 [5676330c-95f8-4024-9c29-9b44eb305597:group-6CA33B760AFB:LeaderElection28] INFO  server.RaftServerConfigKeys (ConfUtils.java:logGet(43)) - raft.server.watch.timeout.denomination = 1s (default)
2019-09-05 17:45:15,538 [5676330c-95f8-4024-9c29-9b44eb305597:group-6CA33B760AFB:LeaderElection28] INFO  server.RaftServerConfigKeys (ConfUtils.java:logGet(43)) - raft.server.watch.element-limit = 65536 (default)
2019-09-05 17:45:15,539 [5676330c-95f8-4024-9c29-9b44eb305597:group-6CA33B760AFB:LeaderElection28] INFO  impl.RoleInfo (RoleInfo.java:updateAndGet(143)) - 5676330c-95f8-4024-9c29-9b44eb305597: start LeaderState
2019-09-05 17:45:15,539 [5676330c-95f8-4024-9c29-9b44eb305597:group-6CA33B760AFB:LeaderElection28] INFO  segmented.SegmentedRaftLogWorker (SegmentedRaftLogWorker.java:startLogSegment(380)) - 5676330c-95f8-4024-9c29-9b44eb305597-SegmentedRaftLogWorker:Storage Directory /workdir/hadoop-ozone/integration-test/target/test-dir/MiniOzoneClusterImpl-16d58beb-b20c-491b-8614-42ba02276836/datanode-3/data/ratis/ef5b313c-6102-46cb-9214-6ca33b760afb: Starting segment from index:0
2019-09-05 17:45:15,540 [5676330c-95f8-4024-9c29-9b44eb305597:group-6CA33B760AFB:LeaderElection28] INFO  impl.RaftServerImpl (ServerState.java:setRaftConf(361)) - 5676330c-95f8-4024-9c29-9b44eb305597:group-6CA33B760AFB set configuration 0: [5676330c-95f8-4024-9c29-9b44eb305597:192.168.36.125:34817], old=null at 0
2019-09-05 17:45:15,587 [5676330c-95f8-4024-9c29-9b44eb305597-SegmentedRaftLogWorker:Storage Directory /workdir/hadoop-ozone/integration-test/target/test-dir/MiniOzoneClusterImpl-16d58beb-b20c-491b-8614-42ba02276836/datanode-3/data/ratis/ef5b313c-6102-46cb-9214-6ca33b760afb] INFO  segmented.SegmentedRaftLogWorker (SegmentedRaftLogWorker.java:execute(569)) - 5676330c-95f8-4024-9c29-9b44eb305597-SegmentedRaftLogWorker:Storage Directory /workdir/hadoop-ozone/integration-test/target/test-dir/MiniOzoneClusterImpl-16d58beb-b20c-491b-8614-42ba02276836/datanode-3/data/ratis/ef5b313c-6102-46cb-9214-6ca33b760afb: created new log segment /workdir/hadoop-ozone/integration-test/target/test-dir/MiniOzoneClusterImpl-16d58beb-b20c-491b-8614-42ba02276836/datanode-3/data/ratis/ef5b313c-6102-46cb-9214-6ca33b760afb/current/log_inprogress_0
2019-09-05 17:45:15,637 [Thread-770] INFO  impl.FollowerState (FollowerState.java:run(106)) - 8481834f-1cca-4161-8865-792f4dfa8c48:group-02B958A73768 changes to CANDIDATE, lastRpcTime:5144, electionTimeout:5144ms
2019-09-05 17:45:15,637 [Thread-770] INFO  impl.RoleInfo (RoleInfo.java:shutdownFollowerState(121)) - 8481834f-1cca-4161-8865-792f4dfa8c48: shutdown FollowerState
2019-09-05 17:45:15,637 [Thread-770] INFO  impl.RaftServerImpl (RaftServerImpl.java:setRole(171)) - 8481834f-1cca-4161-8865-792f4dfa8c48:group-02B958A73768 changes role from FOLLOWER to CANDIDATE at term 0 for changeToCandidate
2019-09-05 17:45:15,638 [Thread-770] INFO  impl.RoleInfo (RoleInfo.java:updateAndGet(143)) - 8481834f-1cca-4161-8865-792f4dfa8c48: start LeaderElection
2019-09-05 17:45:15,672 [8481834f-1cca-4161-8865-792f4dfa8c48:group-02B958A73768:LeaderElection29] INFO  impl.LeaderElection (LeaderElection.java:askForVotes(181)) - 8481834f-1cca-4161-8865-792f4dfa8c48:group-02B958A73768:LeaderElection29: begin an election at term 1 for -1: [8481834f-1cca-4161-8865-792f4dfa8c48:192.168.36.125:37331], old=null
2019-09-05 17:45:15,672 [8481834f-1cca-4161-8865-792f4dfa8c48:group-02B958A73768:LeaderElection29] INFO  impl.RoleInfo (RoleInfo.java:shutdownLeaderElection(134)) - 8481834f-1cca-4161-8865-792f4dfa8c48: shutdown LeaderElection
2019-09-05 17:45:15,672 [8481834f-1cca-4161-8865-792f4dfa8c48:group-02B958A73768:LeaderElection29] INFO  impl.RaftServerImpl (RaftServerImpl.java:setRole(171)) - 8481834f-1cca-4161-8865-792f4dfa8c48:group-02B958A73768 changes role from CANDIDATE to LEADER at term 1 for changeToLeader
2019-09-05 17:45:15,672 [8481834f-1cca-4161-8865-792f4dfa8c48:group-02B958A73768:LeaderElection29] INFO  impl.RaftServerImpl (ServerState.java:setLeader(263)) - 8481834f-1cca-4161-8865-792f4dfa8c48:group-02B958A73768 change Leader from null to 8481834f-1cca-4161-8865-792f4dfa8c48 at term 1 for becomeLeader, leader elected after 5183ms
2019-09-05 17:45:15,685 [8481834f-1cca-4161-8865-792f4dfa8c48:group-02B958A73768:LeaderElection29] INFO  server.RaftServerConfigKeys (ConfUtils.java:logGet(43)) - raft.server.staging.catchup.gap = 1000 (default)
2019-09-05 17:45:15,686 [8481834f-1cca-4161-8865-792f4dfa8c48:group-02B958A73768:LeaderElection29] INFO  server.RaftServerConfigKeys (ConfUtils.java:logGet(43)) - raft.server.rpc.sleep.time = 25ms (default)
2019-09-05 17:45:15,686 [8481834f-1cca-4161-8865-792f4dfa8c48:group-02B958A73768:LeaderElection29] INFO  server.RaftServerConfigKeys (ConfUtils.java:logGet(43)) - raft.server.write.element-limit = 4096 (default)
2019-09-05 17:45:15,686 [8481834f-1cca-4161-8865-792f4dfa8c48:group-02B958A73768:LeaderElection29] INFO  server.RaftServerConfigKeys (ConfUtils.java:logGet(43)) - raft.server.watch.timeout = 10s (default)
2019-09-05 17:45:15,686 [8481834f-1cca-4161-8865-792f4dfa8c48:group-02B958A73768:LeaderElection29] INFO  server.RaftServerConfigKeys (ConfUtils.java:logGet(43)) - raft.server.watch.timeout.denomination = 1s (default)
2019-09-05 17:45:15,686 [8481834f-1cca-4161-8865-792f4dfa8c48:group-02B958A73768:LeaderElection29] INFO  server.RaftServerConfigKeys (ConfUtils.java:logGet(43)) - raft.server.watch.element-limit = 65536 (default)
2019-09-05 17:45:15,687 [8481834f-1cca-4161-8865-792f4dfa8c48:group-02B958A73768:LeaderElection29] INFO  impl.RoleInfo (RoleInfo.java:updateAndGet(143)) - 8481834f-1cca-4161-8865-792f4dfa8c48: start LeaderState
2019-09-05 17:45:15,687 [8481834f-1cca-4161-8865-792f4dfa8c48:group-02B958A73768:LeaderElection29] INFO  segmented.SegmentedRaftLogWorker (SegmentedRaftLogWorker.java:startLogSegment(380)) - 8481834f-1cca-4161-8865-792f4dfa8c48-SegmentedRaftLogWorker:Storage Directory /workdir/hadoop-ozone/integration-test/target/test-dir/MiniOzoneClusterImpl-16d58beb-b20c-491b-8614-42ba02276836/datanode-6/data/ratis/4c10ee47-b7d5-41fb-81b9-02b958a73768: Starting segment from index:0
2019-09-05 17:45:15,687 [8481834f-1cca-4161-8865-792f4dfa8c48:group-02B958A73768:LeaderElection29] INFO  impl.RaftServerImpl (ServerState.java:setRaftConf(361)) - 8481834f-1cca-4161-8865-792f4dfa8c48:group-02B958A73768 set configuration 0: [8481834f-1cca-4161-8865-792f4dfa8c48:192.168.36.125:37331], old=null at 0
2019-09-05 17:45:15,722 [Thread-776] INFO  impl.FollowerState (FollowerState.java:run(106)) - 2d64b654-7f45-48f8-94bd-17273b14c273:group-6813D8658313 changes to CANDIDATE, lastRpcTime:5141, electionTimeout:5123ms
2019-09-05 17:45:15,722 [Thread-777] INFO  impl.FollowerState (FollowerState.java:run(106)) - 63019528-44bb-4614-8879-5aa23dc8c351:group-6813D8658313 changes to CANDIDATE, lastRpcTime:5140, electionTimeout:5111ms
2019-09-05 17:45:15,722 [Thread-776] INFO  impl.RoleInfo (RoleInfo.java:shutdownFollowerState(121)) - 2d64b654-7f45-48f8-94bd-17273b14c273: shutdown FollowerState
2019-09-05 17:45:15,722 [Thread-787] INFO  impl.FollowerState (FollowerState.java:run(106)) - e140e47e-a097-49d3-a67c-e61d0d1e278d:group-F0CE555BC1C5 changes to CANDIDATE, lastRpcTime:5052, electionTimeout:5021ms
2019-09-05 17:45:15,722 [Thread-776] INFO  impl.RaftServerImpl (RaftServerImpl.java:setRole(171)) - 2d64b654-7f45-48f8-94bd-17273b14c273:group-6813D8658313 changes role from FOLLOWER to CANDIDATE at term 0 for changeToCandidate
2019-09-05 17:45:15,722 [Thread-777] INFO  impl.RoleInfo (RoleInfo.java:shutdownFollowerState(121)) - 63019528-44bb-4614-8879-5aa23dc8c351: shutdown FollowerState
2019-09-05 17:45:15,722 [Thread-776] INFO  impl.RoleInfo (RoleInfo.java:updateAndGet(143)) - 2d64b654-7f45-48f8-94bd-17273b14c273: start LeaderElection
2019-09-05 17:45:15,722 [Thread-787] INFO  impl.RoleInfo (RoleInfo.java:shutdownFollowerState(121)) - e140e47e-a097-49d3-a67c-e61d0d1e278d: shutdown FollowerState
2019-09-05 17:45:15,722 [Thread-777] INFO  impl.RaftServerImpl (RaftServerImpl.java:setRole(171)) - 63019528-44bb-4614-8879-5aa23dc8c351:group-6813D8658313 changes role from FOLLOWER to CANDIDATE at term 0 for changeToCandidate
2019-09-05 17:45:15,723 [Thread-787] INFO  impl.RaftServerImpl (RaftServerImpl.java:setRole(171)) - e140e47e-a097-49d3-a67c-e61d0d1e278d:group-F0CE555BC1C5 changes role from FOLLOWER to CANDIDATE at term 0 for changeToCandidate
2019-09-05 17:45:15,726 [Thread-777] INFO  impl.RoleInfo (RoleInfo.java:updateAndGet(143)) - 63019528-44bb-4614-8879-5aa23dc8c351: start LeaderElection
2019-09-05 17:45:15,727 [Thread-787] INFO  impl.RoleInfo (RoleInfo.java:updateAndGet(143)) - e140e47e-a097-49d3-a67c-e61d0d1e278d: start LeaderElection
2019-09-05 17:45:15,736 [Thread-775] INFO  impl.FollowerState (FollowerState.java:run(106)) - 0458fa0a-4d99-412c-a137-2f07c0465a23:group-6813D8658313 changes to CANDIDATE, lastRpcTime:5155, electionTimeout:5155ms
2019-09-05 17:45:15,736 [Thread-775] INFO  impl.RoleInfo (RoleInfo.java:shutdownFollowerState(121)) - 0458fa0a-4d99-412c-a137-2f07c0465a23: shutdown FollowerState
2019-09-05 17:45:15,736 [Thread-775] INFO  impl.RaftServerImpl (RaftServerImpl.java:setRole(171)) - 0458fa0a-4d99-412c-a137-2f07c0465a23:group-6813D8658313 changes role from FOLLOWER to CANDIDATE at term 0 for changeToCandidate
2019-09-05 17:45:15,736 [Thread-775] INFO  impl.RoleInfo (RoleInfo.java:updateAndGet(143)) - 0458fa0a-4d99-412c-a137-2f07c0465a23: start LeaderElection
2019-09-05 17:45:15,739 [8481834f-1cca-4161-8865-792f4dfa8c48-SegmentedRaftLogWorker:Storage Directory /workdir/hadoop-ozone/integration-test/target/test-dir/MiniOzoneClusterImpl-16d58beb-b20c-491b-8614-42ba02276836/datanode-6/data/ratis/4c10ee47-b7d5-41fb-81b9-02b958a73768] INFO  segmented.SegmentedRaftLogWorker (SegmentedRaftLogWorker.java:execute(569)) - 8481834f-1cca-4161-8865-792f4dfa8c48-SegmentedRaftLogWorker:Storage Directory /workdir/hadoop-ozone/integration-test/target/test-dir/MiniOzoneClusterImpl-16d58beb-b20c-491b-8614-42ba02276836/datanode-6/data/ratis/4c10ee47-b7d5-41fb-81b9-02b958a73768: created new log segment /workdir/hadoop-ozone/integration-test/target/test-dir/MiniOzoneClusterImpl-16d58beb-b20c-491b-8614-42ba02276836/datanode-6/data/ratis/4c10ee47-b7d5-41fb-81b9-02b958a73768/current/log_inprogress_0
2019-09-05 17:45:15,760 [63019528-44bb-4614-8879-5aa23dc8c351:group-6813D8658313:LeaderElection31] INFO  impl.LeaderElection (LeaderElection.java:askForVotes(181)) - 63019528-44bb-4614-8879-5aa23dc8c351:group-6813D8658313:LeaderElection31: begin an election at term 1 for -1: [0458fa0a-4d99-412c-a137-2f07c0465a23:192.168.36.125:38969, 63019528-44bb-4614-8879-5aa23dc8c351:192.168.36.125:44072, 2d64b654-7f45-48f8-94bd-17273b14c273:192.168.36.125:39127], old=null
2019-09-05 17:45:15,761 [2d64b654-7f45-48f8-94bd-17273b14c273:group-6813D8658313:LeaderElection30] INFO  impl.LeaderElection (LeaderElection.java:askForVotes(181)) - 2d64b654-7f45-48f8-94bd-17273b14c273:group-6813D8658313:LeaderElection30: begin an election at term 1 for -1: [0458fa0a-4d99-412c-a137-2f07c0465a23:192.168.36.125:38969, 63019528-44bb-4614-8879-5aa23dc8c351:192.168.36.125:44072, 2d64b654-7f45-48f8-94bd-17273b14c273:192.168.36.125:39127], old=null
2019-09-05 17:45:15,761 [0458fa0a-4d99-412c-a137-2f07c0465a23:group-6813D8658313:LeaderElection33] INFO  impl.LeaderElection (LeaderElection.java:askForVotes(181)) - 0458fa0a-4d99-412c-a137-2f07c0465a23:group-6813D8658313:LeaderElection33: begin an election at term 1 for -1: [0458fa0a-4d99-412c-a137-2f07c0465a23:192.168.36.125:38969, 63019528-44bb-4614-8879-5aa23dc8c351:192.168.36.125:44072, 2d64b654-7f45-48f8-94bd-17273b14c273:192.168.36.125:39127], old=null
2019-09-05 17:45:15,761 [e140e47e-a097-49d3-a67c-e61d0d1e278d:group-F0CE555BC1C5:LeaderElection32] INFO  impl.LeaderElection (LeaderElection.java:askForVotes(181)) - e140e47e-a097-49d3-a67c-e61d0d1e278d:group-F0CE555BC1C5:LeaderElection32: begin an election at term 1 for -1: [c77c95d4-b555-4b20-809c-193fe3f6d604:192.168.36.125:35808, e140e47e-a097-49d3-a67c-e61d0d1e278d:192.168.36.125:42533, 5676330c-95f8-4024-9c29-9b44eb305597:192.168.36.125:34817], old=null
2019-09-05 17:45:15,769 [2d64b654-7f45-48f8-94bd-17273b14c273:group-6813D8658313:LeaderElection30] INFO  impl.LeaderElection (LeaderElection.java:logAndReturn(56)) - 2d64b654-7f45-48f8-94bd-17273b14c273:group-6813D8658313:LeaderElection30: Election REJECTED; received 2 response(s) [2d64b654-7f45-48f8-94bd-17273b14c273<-0458fa0a-4d99-412c-a137-2f07c0465a23#0:FAIL-t1, 2d64b654-7f45-48f8-94bd-17273b14c273<-63019528-44bb-4614-8879-5aa23dc8c351#0:FAIL-t1] and 0 exception(s); 2d64b654-7f45-48f8-94bd-17273b14c273:t1, leader=null, voted=2d64b654-7f45-48f8-94bd-17273b14c273, raftlog=2d64b654-7f45-48f8-94bd-17273b14c273-SegmentedRaftLog:OPENED:c-1,f-1,i0, conf=-1: [0458fa0a-4d99-412c-a137-2f07c0465a23:192.168.36.125:38969, 63019528-44bb-4614-8879-5aa23dc8c351:192.168.36.125:44072, 2d64b654-7f45-48f8-94bd-17273b14c273:192.168.36.125:39127], old=null
2019-09-05 17:45:15,770 [2d64b654-7f45-48f8-94bd-17273b14c273:group-6813D8658313:LeaderElection30] INFO  impl.RaftServerImpl (RaftServerImpl.java:setRole(171)) - 2d64b654-7f45-48f8-94bd-17273b14c273:group-6813D8658313 changes role from CANDIDATE to FOLLOWER at term 1 for DISCOVERED_A_NEW_TERM
2019-09-05 17:45:15,770 [2d64b654-7f45-48f8-94bd-17273b14c273:group-6813D8658313:LeaderElection30] INFO  impl.RoleInfo (RoleInfo.java:shutdownLeaderElection(134)) - 2d64b654-7f45-48f8-94bd-17273b14c273: shutdown LeaderElection
2019-09-05 17:45:15,770 [63019528-44bb-4614-8879-5aa23dc8c351:group-6813D8658313:LeaderElection31] INFO  impl.LeaderElection (LeaderElection.java:logAndReturn(56)) - 63019528-44bb-4614-8879-5aa23dc8c351:group-6813D8658313:LeaderElection31: Election REJECTED; received 2 response(s) [63019528-44bb-4614-8879-5aa23dc8c351<-0458fa0a-4d99-412c-a137-2f07c0465a23#0:FAIL-t1, 63019528-44bb-4614-8879-5aa23dc8c351<-2d64b654-7f45-48f8-94bd-17273b14c273#0:FAIL-t1] and 0 exception(s); 63019528-44bb-4614-8879-5aa23dc8c351:t1, leader=null, voted=63019528-44bb-4614-8879-5aa23dc8c351, raftlog=63019528-44bb-4614-8879-5aa23dc8c351-SegmentedRaftLog:OPENED:c-1,f-1,i0, conf=-1: [0458fa0a-4d99-412c-a137-2f07c0465a23:192.168.36.125:38969, 63019528-44bb-4614-8879-5aa23dc8c351:192.168.36.125:44072, 2d64b654-7f45-48f8-94bd-17273b14c273:192.168.36.125:39127], old=null
2019-09-05 17:45:15,770 [2d64b654-7f45-48f8-94bd-17273b14c273:group-6813D8658313:LeaderElection30] INFO  impl.RoleInfo (RoleInfo.java:updateAndGet(143)) - 2d64b654-7f45-48f8-94bd-17273b14c273: start FollowerState
2019-09-05 17:45:15,770 [63019528-44bb-4614-8879-5aa23dc8c351:group-6813D8658313:LeaderElection31] INFO  impl.RaftServerImpl (RaftServerImpl.java:setRole(171)) - 63019528-44bb-4614-8879-5aa23dc8c351:group-6813D8658313 changes role from CANDIDATE to FOLLOWER at term 1 for DISCOVERED_A_NEW_TERM
2019-09-05 17:45:15,770 [63019528-44bb-4614-8879-5aa23dc8c351:group-6813D8658313:LeaderElection31] INFO  impl.RoleInfo (RoleInfo.java:shutdownLeaderElection(134)) - 63019528-44bb-4614-8879-5aa23dc8c351: shutdown LeaderElection
2019-09-05 17:45:15,771 [63019528-44bb-4614-8879-5aa23dc8c351:group-6813D8658313:LeaderElection31] INFO  impl.RoleInfo (RoleInfo.java:updateAndGet(143)) - 63019528-44bb-4614-8879-5aa23dc8c351: start FollowerState
2019-09-05 17:45:15,771 [grpc-default-executor-5] INFO  impl.RaftServerImpl (RaftServerImpl.java:setRole(171)) - c77c95d4-b555-4b20-809c-193fe3f6d604:group-F0CE555BC1C5 changes role from FOLLOWER to FOLLOWER at term 1 for recognizeCandidate:e140e47e-a097-49d3-a67c-e61d0d1e278d
2019-09-05 17:45:15,771 [grpc-default-executor-5] INFO  impl.RoleInfo (RoleInfo.java:shutdownFollowerState(121)) - c77c95d4-b555-4b20-809c-193fe3f6d604: shutdown FollowerState
2019-09-05 17:45:15,771 [grpc-default-executor-5] INFO  impl.RoleInfo (RoleInfo.java:updateAndGet(143)) - c77c95d4-b555-4b20-809c-193fe3f6d604: start FollowerState
2019-09-05 17:45:15,771 [Thread-786] INFO  impl.FollowerState (FollowerState.java:run(114)) - c77c95d4-b555-4b20-809c-193fe3f6d604: FollowerState was interrupted: java.lang.InterruptedException: sleep interrupted
2019-09-05 17:45:15,771 [0458fa0a-4d99-412c-a137-2f07c0465a23:group-6813D8658313:LeaderElection33] INFO  impl.LeaderElection (LeaderElection.java:logAndReturn(56)) - 0458fa0a-4d99-412c-a137-2f07c0465a23:group-6813D8658313:LeaderElection33: Election REJECTED; received 2 response(s) [0458fa0a-4d99-412c-a137-2f07c0465a23<-63019528-44bb-4614-8879-5aa23dc8c351#0:FAIL-t1, 0458fa0a-4d99-412c-a137-2f07c0465a23<-2d64b654-7f45-48f8-94bd-17273b14c273#0:FAIL-t1] and 0 exception(s); 0458fa0a-4d99-412c-a137-2f07c0465a23:t1, leader=null, voted=0458fa0a-4d99-412c-a137-2f07c0465a23, raftlog=0458fa0a-4d99-412c-a137-2f07c0465a23-SegmentedRaftLog:OPENED:c-1,f-1,i0, conf=-1: [0458fa0a-4d99-412c-a137-2f07c0465a23:192.168.36.125:38969, 63019528-44bb-4614-8879-5aa23dc8c351:192.168.36.125:44072, 2d64b654-7f45-48f8-94bd-17273b14c273:192.168.36.125:39127], old=null
2019-09-05 17:45:15,771 [grpc-default-executor-3] INFO  impl.RaftServerImpl (RaftServerImpl.java:setRole(171)) - 5676330c-95f8-4024-9c29-9b44eb305597:group-F0CE555BC1C5 changes role from FOLLOWER to FOLLOWER at term 1 for recognizeCandidate:e140e47e-a097-49d3-a67c-e61d0d1e278d
2019-09-05 17:45:15,774 [0458fa0a-4d99-412c-a137-2f07c0465a23:group-6813D8658313:LeaderElection33] INFO  impl.RaftServerImpl (RaftServerImpl.java:setRole(171)) - 0458fa0a-4d99-412c-a137-2f07c0465a23:group-6813D8658313 changes role from CANDIDATE to FOLLOWER at term 1 for DISCOVERED_A_NEW_TERM
2019-09-05 17:45:15,774 [grpc-default-executor-3] INFO  impl.RoleInfo (RoleInfo.java:shutdownFollowerState(121)) - 5676330c-95f8-4024-9c29-9b44eb305597: shutdown FollowerState
2019-09-05 17:45:15,774 [0458fa0a-4d99-412c-a137-2f07c0465a23:group-6813D8658313:LeaderElection33] INFO  impl.RoleInfo (RoleInfo.java:shutdownLeaderElection(134)) - 0458fa0a-4d99-412c-a137-2f07c0465a23: shutdown LeaderElection
2019-09-05 17:45:15,775 [Thread-782] INFO  impl.FollowerState (FollowerState.java:run(114)) - 5676330c-95f8-4024-9c29-9b44eb305597: FollowerState was interrupted: java.lang.InterruptedException: sleep interrupted
2019-09-05 17:45:15,775 [grpc-default-executor-3] INFO  impl.RoleInfo (RoleInfo.java:updateAndGet(143)) - 5676330c-95f8-4024-9c29-9b44eb305597: start FollowerState
2019-09-05 17:45:15,775 [0458fa0a-4d99-412c-a137-2f07c0465a23:group-6813D8658313:LeaderElection33] INFO  impl.RoleInfo (RoleInfo.java:updateAndGet(143)) - 0458fa0a-4d99-412c-a137-2f07c0465a23: start FollowerState
2019-09-05 17:45:15,802 [e140e47e-a097-49d3-a67c-e61d0d1e278d:group-F0CE555BC1C5:LeaderElection32] INFO  impl.LeaderElection (LeaderElection.java:logAndReturn(56)) - e140e47e-a097-49d3-a67c-e61d0d1e278d:group-F0CE555BC1C5:LeaderElection32: Election PASSED; received 1 response(s) [e140e47e-a097-49d3-a67c-e61d0d1e278d<-5676330c-95f8-4024-9c29-9b44eb305597#0:OK-t1] and 0 exception(s); e140e47e-a097-49d3-a67c-e61d0d1e278d:t1, leader=null, voted=e140e47e-a097-49d3-a67c-e61d0d1e278d, raftlog=e140e47e-a097-49d3-a67c-e61d0d1e278d-SegmentedRaftLog:OPENED:c-1,f-1,i0, conf=-1: [c77c95d4-b555-4b20-809c-193fe3f6d604:192.168.36.125:35808, e140e47e-a097-49d3-a67c-e61d0d1e278d:192.168.36.125:42533, 5676330c-95f8-4024-9c29-9b44eb305597:192.168.36.125:34817], old=null
2019-09-05 17:45:15,802 [e140e47e-a097-49d3-a67c-e61d0d1e278d:group-F0CE555BC1C5:LeaderElection32] INFO  impl.RoleInfo (RoleInfo.java:shutdownLeaderElection(134)) - e140e47e-a097-49d3-a67c-e61d0d1e278d: shutdown LeaderElection
2019-09-05 17:45:15,802 [e140e47e-a097-49d3-a67c-e61d0d1e278d:group-F0CE555BC1C5:LeaderElection32] INFO  impl.RaftServerImpl (RaftServerImpl.java:setRole(171)) - e140e47e-a097-49d3-a67c-e61d0d1e278d:group-F0CE555BC1C5 changes role from CANDIDATE to LEADER at term 1 for changeToLeader
2019-09-05 17:45:15,802 [e140e47e-a097-49d3-a67c-e61d0d1e278d:group-F0CE555BC1C5:LeaderElection32] INFO  impl.RaftServerImpl (ServerState.java:setLeader(263)) - e140e47e-a097-49d3-a67c-e61d0d1e278d:group-F0CE555BC1C5 change Leader from null to e140e47e-a097-49d3-a67c-e61d0d1e278d at term 1 for becomeLeader, leader elected after 5141ms
2019-09-05 17:45:15,802 [e140e47e-a097-49d3-a67c-e61d0d1e278d:group-F0CE555BC1C5:LeaderElection32] INFO  server.RaftServerConfigKeys (ConfUtils.java:logGet(43)) - raft.server.staging.catchup.gap = 1000 (default)
2019-09-05 17:45:15,802 [e140e47e-a097-49d3-a67c-e61d0d1e278d:group-F0CE555BC1C5:LeaderElection32] INFO  server.RaftServerConfigKeys (ConfUtils.java:logGet(43)) - raft.server.rpc.sleep.time = 25ms (default)
2019-09-05 17:45:15,802 [e140e47e-a097-49d3-a67c-e61d0d1e278d:group-F0CE555BC1C5:LeaderElection32] INFO  server.RaftServerConfigKeys (ConfUtils.java:logGet(43)) - raft.server.write.element-limit = 4096 (default)
2019-09-05 17:45:15,803 [e140e47e-a097-49d3-a67c-e61d0d1e278d:group-F0CE555BC1C5:LeaderElection32] INFO  server.RaftServerConfigKeys (ConfUtils.java:logGet(43)) - raft.server.watch.timeout = 10s (default)
2019-09-05 17:45:15,803 [e140e47e-a097-49d3-a67c-e61d0d1e278d:group-F0CE555BC1C5:LeaderElection32] INFO  server.RaftServerConfigKeys (ConfUtils.java:logGet(43)) - raft.server.watch.timeout.denomination = 1s (default)
2019-09-05 17:45:15,803 [e140e47e-a097-49d3-a67c-e61d0d1e278d:group-F0CE555BC1C5:LeaderElection32] INFO  server.RaftServerConfigKeys (ConfUtils.java:logGet(43)) - raft.server.watch.element-limit = 65536 (default)
2019-09-05 17:45:15,803 [e140e47e-a097-49d3-a67c-e61d0d1e278d:group-F0CE555BC1C5:LeaderElection32] INFO  server.RaftServerConfigKeys (ConfUtils.java:logGet(43)) - raft.server.log.appender.snapshot.chunk.size.max = 16MB (=16777216) (default)
2019-09-05 17:45:15,803 [e140e47e-a097-49d3-a67c-e61d0d1e278d:group-F0CE555BC1C5:LeaderElection32] INFO  server.RaftServerConfigKeys (ConfUtils.java:logGet(43)) - raft.server.log.appender.buffer.byte-limit = 33554432 (custom)
2019-09-05 17:45:15,803 [e140e47e-a097-49d3-a67c-e61d0d1e278d:group-F0CE555BC1C5:LeaderElection32] INFO  server.RaftServerConfigKeys (ConfUtils.java:logGet(43)) - raft.server.log.appender.buffer.element-limit = 1 (custom)
2019-09-05 17:45:15,803 [e140e47e-a097-49d3-a67c-e61d0d1e278d:group-F0CE555BC1C5:LeaderElection32] INFO  grpc.GrpcConfigKeys$Server (ConfUtils.java:logGet(43)) - raft.grpc.server.leader.outstanding.appends.max = 128 (default)
2019-09-05 17:45:15,804 [e140e47e-a097-49d3-a67c-e61d0d1e278d:group-F0CE555BC1C5:LeaderElection32] INFO  server.RaftServerConfigKeys (ConfUtils.java:logGet(43)) - raft.server.rpc.request.timeout = 3000ms (default)
2019-09-05 17:45:15,804 [e140e47e-a097-49d3-a67c-e61d0d1e278d:group-F0CE555BC1C5:LeaderElection32] INFO  server.RaftServerConfigKeys (ConfUtils.java:logGet(43)) - raft.server.log.appender.install.snapshot.enabled = false (custom)
2019-09-05 17:45:15,804 [e140e47e-a097-49d3-a67c-e61d0d1e278d:group-F0CE555BC1C5:LeaderElection32] INFO  server.RaftServerConfigKeys (ConfUtils.java:logGet(43)) - raft.server.log.appender.snapshot.chunk.size.max = 16MB (=16777216) (default)
2019-09-05 17:45:15,804 [e140e47e-a097-49d3-a67c-e61d0d1e278d:group-F0CE555BC1C5:LeaderElection32] INFO  server.RaftServerConfigKeys (ConfUtils.java:logGet(43)) - raft.server.log.appender.buffer.byte-limit = 33554432 (custom)
2019-09-05 17:45:15,804 [e140e47e-a097-49d3-a67c-e61d0d1e278d:group-F0CE555BC1C5:LeaderElection32] INFO  server.RaftServerConfigKeys (ConfUtils.java:logGet(43)) - raft.server.log.appender.buffer.element-limit = 1 (custom)
2019-09-05 17:45:15,804 [e140e47e-a097-49d3-a67c-e61d0d1e278d:group-F0CE555BC1C5:LeaderElection32] INFO  grpc.GrpcConfigKeys$Server (ConfUtils.java:logGet(43)) - raft.grpc.server.leader.outstanding.appends.max = 128 (default)
2019-09-05 17:45:15,804 [e140e47e-a097-49d3-a67c-e61d0d1e278d:group-F0CE555BC1C5:LeaderElection32] INFO  server.RaftServerConfigKeys (ConfUtils.java:logGet(43)) - raft.server.rpc.request.timeout = 3000ms (default)
2019-09-05 17:45:15,804 [e140e47e-a097-49d3-a67c-e61d0d1e278d:group-F0CE555BC1C5:LeaderElection32] INFO  server.RaftServerConfigKeys (ConfUtils.java:logGet(43)) - raft.server.log.appender.install.snapshot.enabled = false (custom)
2019-09-05 17:45:15,805 [e140e47e-a097-49d3-a67c-e61d0d1e278d:group-F0CE555BC1C5:LeaderElection32] INFO  impl.RoleInfo (RoleInfo.java:updateAndGet(143)) - e140e47e-a097-49d3-a67c-e61d0d1e278d: start LeaderState
2019-09-05 17:45:15,805 [e140e47e-a097-49d3-a67c-e61d0d1e278d:group-F0CE555BC1C5:LeaderElection32] INFO  segmented.SegmentedRaftLogWorker (SegmentedRaftLogWorker.java:startLogSegment(380)) - e140e47e-a097-49d3-a67c-e61d0d1e278d-SegmentedRaftLogWorker:Storage Directory /workdir/hadoop-ozone/integration-test/target/test-dir/MiniOzoneClusterImpl-16d58beb-b20c-491b-8614-42ba02276836/datanode-2/data/ratis/4fd72e13-2672-41a3-b1bd-f0ce555bc1c5: Starting segment from index:0
2019-09-05 17:45:15,805 [e140e47e-a097-49d3-a67c-e61d0d1e278d:group-F0CE555BC1C5:LeaderElection32] INFO  impl.RaftServerImpl (ServerState.java:setRaftConf(361)) - e140e47e-a097-49d3-a67c-e61d0d1e278d:group-F0CE555BC1C5 set configuration 0: [c77c95d4-b555-4b20-809c-193fe3f6d604:192.168.36.125:35808, e140e47e-a097-49d3-a67c-e61d0d1e278d:192.168.36.125:42533, 5676330c-95f8-4024-9c29-9b44eb305597:192.168.36.125:34817], old=null at 0
2019-09-05 17:45:15,838 [grpc-default-executor-4] INFO  impl.RaftServerImpl (ServerState.java:setLeader(263)) - c77c95d4-b555-4b20-809c-193fe3f6d604:group-F0CE555BC1C5 change Leader from null to e140e47e-a097-49d3-a67c-e61d0d1e278d at term 1 for appendEntries, leader elected after 5177ms
2019-09-05 17:45:15,838 [grpc-default-executor-3] INFO  impl.RaftServerImpl (ServerState.java:setLeader(263)) - 5676330c-95f8-4024-9c29-9b44eb305597:group-F0CE555BC1C5 change Leader from null to e140e47e-a097-49d3-a67c-e61d0d1e278d at term 1 for appendEntries, leader elected after 5175ms
2019-09-05 17:45:15,849 [grpc-default-executor-4] INFO  impl.RaftServerImpl (ServerState.java:setRaftConf(361)) - c77c95d4-b555-4b20-809c-193fe3f6d604:group-F0CE555BC1C5 set configuration 0: [c77c95d4-b555-4b20-809c-193fe3f6d604:192.168.36.125:35808, e140e47e-a097-49d3-a67c-e61d0d1e278d:192.168.36.125:42533, 5676330c-95f8-4024-9c29-9b44eb305597:192.168.36.125:34817], old=null at 0
2019-09-05 17:45:15,849 [e140e47e-a097-49d3-a67c-e61d0d1e278d-SegmentedRaftLogWorker:Storage Directory /workdir/hadoop-ozone/integration-test/target/test-dir/MiniOzoneClusterImpl-16d58beb-b20c-491b-8614-42ba02276836/datanode-2/data/ratis/4fd72e13-2672-41a3-b1bd-f0ce555bc1c5] INFO  segmented.SegmentedRaftLogWorker (SegmentedRaftLogWorker.java:execute(569)) - e140e47e-a097-49d3-a67c-e61d0d1e278d-SegmentedRaftLogWorker:Storage Directory /workdir/hadoop-ozone/integration-test/target/test-dir/MiniOzoneClusterImpl-16d58beb-b20c-491b-8614-42ba02276836/datanode-2/data/ratis/4fd72e13-2672-41a3-b1bd-f0ce555bc1c5: created new log segment /workdir/hadoop-ozone/integration-test/target/test-dir/MiniOzoneClusterImpl-16d58beb-b20c-491b-8614-42ba02276836/datanode-2/data/ratis/4fd72e13-2672-41a3-b1bd-f0ce555bc1c5/current/log_inprogress_0
2019-09-05 17:45:15,856 [grpc-default-executor-4] INFO  segmented.SegmentedRaftLogWorker (SegmentedRaftLogWorker.java:startLogSegment(380)) - c77c95d4-b555-4b20-809c-193fe3f6d604-SegmentedRaftLogWorker:Storage Directory /workdir/hadoop-ozone/integration-test/target/test-dir/MiniOzoneClusterImpl-16d58beb-b20c-491b-8614-42ba02276836/datanode-0/data/ratis/4fd72e13-2672-41a3-b1bd-f0ce555bc1c5: Starting segment from index:0
2019-09-05 17:45:15,858 [grpc-default-executor-3] INFO  client.GrpcClientProtocolClient (GrpcClientProtocolClient.java:onNext(255)) - client-84B658F0821B->63019528-44bb-4614-8879-5aa23dc8c351: receive RaftClientReply:client-84B658F0821B->63019528-44bb-4614-8879-5aa23dc8c351@group-6813D8658313, cid=46, FAILED org.apache.ratis.protocol.NotLeaderException: Server 63019528-44bb-4614-8879-5aa23dc8c351 is not the leader (null). Request must be sent to leader., logIndex=0, commits[63019528-44bb-4614-8879-5aa23dc8c351:c-1]
2019-09-05 17:45:15,911 [grpc-default-executor-3] INFO  impl.RaftServerImpl (ServerState.java:setRaftConf(361)) - 5676330c-95f8-4024-9c29-9b44eb305597:group-F0CE555BC1C5 set configuration 0: [c77c95d4-b555-4b20-809c-193fe3f6d604:192.168.36.125:35808, e140e47e-a097-49d3-a67c-e61d0d1e278d:192.168.36.125:42533, 5676330c-95f8-4024-9c29-9b44eb305597:192.168.36.125:34817], old=null at 0
2019-09-05 17:45:15,917 [grpc-default-executor-3] INFO  segmented.SegmentedRaftLogWorker (SegmentedRaftLogWorker.java:startLogSegment(380)) - 5676330c-95f8-4024-9c29-9b44eb305597-SegmentedRaftLogWorker:Storage Directory /workdir/hadoop-ozone/integration-test/target/test-dir/MiniOzoneClusterImpl-16d58beb-b20c-491b-8614-42ba02276836/datanode-3/data/ratis/4fd72e13-2672-41a3-b1bd-f0ce555bc1c5: Starting segment from index:0
2019-09-05 17:45:15,953 [c77c95d4-b555-4b20-809c-193fe3f6d604-SegmentedRaftLogWorker:Storage Directory /workdir/hadoop-ozone/integration-test/target/test-dir/MiniOzoneClusterImpl-16d58beb-b20c-491b-8614-42ba02276836/datanode-0/data/ratis/4fd72e13-2672-41a3-b1bd-f0ce555bc1c5] INFO  segmented.SegmentedRaftLogWorker (SegmentedRaftLogWorker.java:execute(569)) - c77c95d4-b555-4b20-809c-193fe3f6d604-SegmentedRaftLogWorker:Storage Directory /workdir/hadoop-ozone/integration-test/target/test-dir/MiniOzoneClusterImpl-16d58beb-b20c-491b-8614-42ba02276836/datanode-0/data/ratis/4fd72e13-2672-41a3-b1bd-f0ce555bc1c5: created new log segment /workdir/hadoop-ozone/integration-test/target/test-dir/MiniOzoneClusterImpl-16d58beb-b20c-491b-8614-42ba02276836/datanode-0/data/ratis/4fd72e13-2672-41a3-b1bd-f0ce555bc1c5/current/log_inprogress_0
2019-09-05 17:45:16,002 [5676330c-95f8-4024-9c29-9b44eb305597-SegmentedRaftLogWorker:Storage Directory /workdir/hadoop-ozone/integration-test/target/test-dir/MiniOzoneClusterImpl-16d58beb-b20c-491b-8614-42ba02276836/datanode-3/data/ratis/4fd72e13-2672-41a3-b1bd-f0ce555bc1c5] INFO  segmented.SegmentedRaftLogWorker (SegmentedRaftLogWorker.java:execute(569)) - 5676330c-95f8-4024-9c29-9b44eb305597-SegmentedRaftLogWorker:Storage Directory /workdir/hadoop-ozone/integration-test/target/test-dir/MiniOzoneClusterImpl-16d58beb-b20c-491b-8614-42ba02276836/datanode-3/data/ratis/4fd72e13-2672-41a3-b1bd-f0ce555bc1c5: created new log segment /workdir/hadoop-ozone/integration-test/target/test-dir/MiniOzoneClusterImpl-16d58beb-b20c-491b-8614-42ba02276836/datanode-3/data/ratis/4fd72e13-2672-41a3-b1bd-f0ce555bc1c5/current/log_inprogress_0
2019-09-05 17:45:16,920 [grpc-default-executor-3] INFO  client.GrpcClientProtocolClient (GrpcClientProtocolClient.java:onNext(255)) - client-84B658F0821B->2d64b654-7f45-48f8-94bd-17273b14c273: receive RaftClientReply:client-84B658F0821B->2d64b654-7f45-48f8-94bd-17273b14c273@group-6813D8658313, cid=46, FAILED org.apache.ratis.protocol.NotLeaderException: Server 2d64b654-7f45-48f8-94bd-17273b14c273 is not the leader (null). Request must be sent to leader., logIndex=0, commits[2d64b654-7f45-48f8-94bd-17273b14c273:c-1]
2019-09-05 17:45:17,936 [grpc-default-executor-3] INFO  client.GrpcClientProtocolClient (GrpcClientProtocolClient.java:onNext(255)) - client-84B658F0821B->63019528-44bb-4614-8879-5aa23dc8c351: receive RaftClientReply:client-84B658F0821B->63019528-44bb-4614-8879-5aa23dc8c351@group-6813D8658313, cid=46, FAILED org.apache.ratis.protocol.NotLeaderException: Server 63019528-44bb-4614-8879-5aa23dc8c351 is not the leader (null). Request must be sent to leader., logIndex=0, commits[63019528-44bb-4614-8879-5aa23dc8c351:c-1]
2019-09-05 17:45:18,950 [grpc-default-executor-5] INFO  client.GrpcClientProtocolClient (GrpcClientProtocolClient.java:onNext(255)) - client-84B658F0821B->0458fa0a-4d99-412c-a137-2f07c0465a23: receive RaftClientReply:client-84B658F0821B->0458fa0a-4d99-412c-a137-2f07c0465a23@group-6813D8658313, cid=46, FAILED org.apache.ratis.protocol.NotLeaderException: Server 0458fa0a-4d99-412c-a137-2f07c0465a23 is not the leader (null). Request must be sent to leader., logIndex=0, commits[0458fa0a-4d99-412c-a137-2f07c0465a23:c-1]
2019-09-05 17:45:19,966 [grpc-default-executor-5] INFO  client.GrpcClientProtocolClient (GrpcClientProtocolClient.java:onNext(255)) - client-84B658F0821B->63019528-44bb-4614-8879-5aa23dc8c351: receive RaftClientReply:client-84B658F0821B->63019528-44bb-4614-8879-5aa23dc8c351@group-6813D8658313, cid=46, FAILED org.apache.ratis.protocol.NotLeaderException: Server 63019528-44bb-4614-8879-5aa23dc8c351 is not the leader (null). Request must be sent to leader., logIndex=0, commits[63019528-44bb-4614-8879-5aa23dc8c351:c-1]
2019-09-05 17:45:20,821 [Thread-847] INFO  impl.FollowerState (FollowerState.java:run(106)) - 2d64b654-7f45-48f8-94bd-17273b14c273:group-6813D8658313 changes to CANDIDATE, lastRpcTime:5050, electionTimeout:5050ms
2019-09-05 17:45:20,821 [Thread-847] INFO  impl.RoleInfo (RoleInfo.java:shutdownFollowerState(121)) - 2d64b654-7f45-48f8-94bd-17273b14c273: shutdown FollowerState
2019-09-05 17:45:20,821 [Thread-847] INFO  impl.RaftServerImpl (RaftServerImpl.java:setRole(171)) - 2d64b654-7f45-48f8-94bd-17273b14c273:group-6813D8658313 changes role from FOLLOWER to CANDIDATE at term 1 for changeToCandidate
2019-09-05 17:45:20,821 [Thread-847] INFO  impl.RoleInfo (RoleInfo.java:updateAndGet(143)) - 2d64b654-7f45-48f8-94bd-17273b14c273: start LeaderElection
2019-09-05 17:45:20,854 [Thread-851] INFO  impl.FollowerState (FollowerState.java:run(106)) - 0458fa0a-4d99-412c-a137-2f07c0465a23:group-6813D8658313 changes to CANDIDATE, lastRpcTime:5079, electionTimeout:5077ms
2019-09-05 17:45:20,855 [Thread-851] INFO  impl.RoleInfo (RoleInfo.java:shutdownFollowerState(121)) - 0458fa0a-4d99-412c-a137-2f07c0465a23: shutdown FollowerState
2019-09-05 17:45:20,855 [Thread-851] INFO  impl.RaftServerImpl (RaftServerImpl.java:setRole(171)) - 0458fa0a-4d99-412c-a137-2f07c0465a23:group-6813D8658313 changes role from FOLLOWER to CANDIDATE at term 1 for changeToCandidate
2019-09-05 17:45:20,855 [Thread-851] INFO  impl.RoleInfo (RoleInfo.java:updateAndGet(143)) - 0458fa0a-4d99-412c-a137-2f07c0465a23: start LeaderElection
2019-09-05 17:45:20,955 [Thread-848] INFO  impl.FollowerState (FollowerState.java:run(106)) - 63019528-44bb-4614-8879-5aa23dc8c351:group-6813D8658313 changes to CANDIDATE, lastRpcTime:5184, electionTimeout:5184ms
2019-09-05 17:45:20,955 [Thread-848] INFO  impl.RoleInfo (RoleInfo.java:shutdownFollowerState(121)) - 63019528-44bb-4614-8879-5aa23dc8c351: shutdown FollowerState
2019-09-05 17:45:20,956 [Thread-848] INFO  impl.RaftServerImpl (RaftServerImpl.java:setRole(171)) - 63019528-44bb-4614-8879-5aa23dc8c351:group-6813D8658313 changes role from FOLLOWER to CANDIDATE at term 1 for changeToCandidate
2019-09-05 17:45:20,956 [Thread-848] INFO  impl.RoleInfo (RoleInfo.java:updateAndGet(143)) - 63019528-44bb-4614-8879-5aa23dc8c351: start LeaderElection
2019-09-05 17:45:20,982 [grpc-default-executor-3] INFO  client.GrpcClientProtocolClient (GrpcClientProtocolClient.java:onNext(255)) - client-84B658F0821B->2d64b654-7f45-48f8-94bd-17273b14c273: receive RaftClientReply:client-84B658F0821B->2d64b654-7f45-48f8-94bd-17273b14c273@group-6813D8658313, cid=46, FAILED org.apache.ratis.protocol.NotLeaderException: Server 2d64b654-7f45-48f8-94bd-17273b14c273 is not the leader (null). Request must be sent to leader., logIndex=0, commits[2d64b654-7f45-48f8-94bd-17273b14c273:c-1]
2019-09-05 17:45:20,993 [grpc-default-worker-ELG-3-4] WARN  nio.NioEventLoop (NioEventLoop.java:select(786)) - Selector.select() returned prematurely {} times in a row; rebuilding Selector {}.
2019-09-05 17:45:20,994 [grpc-default-worker-ELG-3-4] INFO  nio.NioEventLoop (NioEventLoop.java:rebuildSelector0(396)) - Migrated 3 channel(s) to the new Selector.
2019-09-05 17:45:21,525 [2d64b654-7f45-48f8-94bd-17273b14c273:group-6813D8658313:LeaderElection34] INFO  impl.LeaderElection (LeaderElection.java:askForVotes(181)) - 2d64b654-7f45-48f8-94bd-17273b14c273:group-6813D8658313:LeaderElection34: begin an election at term 2 for -1: [0458fa0a-4d99-412c-a137-2f07c0465a23:192.168.36.125:38969, 63019528-44bb-4614-8879-5aa23dc8c351:192.168.36.125:44072, 2d64b654-7f45-48f8-94bd-17273b14c273:192.168.36.125:39127], old=null
2019-09-05 17:45:21,525 [0458fa0a-4d99-412c-a137-2f07c0465a23:group-6813D8658313:LeaderElection35] INFO  impl.LeaderElection (LeaderElection.java:askForVotes(181)) - 0458fa0a-4d99-412c-a137-2f07c0465a23:group-6813D8658313:LeaderElection35: begin an election at term 2 for -1: [0458fa0a-4d99-412c-a137-2f07c0465a23:192.168.36.125:38969, 63019528-44bb-4614-8879-5aa23dc8c351:192.168.36.125:44072, 2d64b654-7f45-48f8-94bd-17273b14c273:192.168.36.125:39127], old=null
2019-09-05 17:45:21,525 [63019528-44bb-4614-8879-5aa23dc8c351:group-6813D8658313:LeaderElection36] INFO  impl.LeaderElection (LeaderElection.java:askForVotes(181)) - 63019528-44bb-4614-8879-5aa23dc8c351:group-6813D8658313:LeaderElection36: begin an election at term 2 for -1: [0458fa0a-4d99-412c-a137-2f07c0465a23:192.168.36.125:38969, 63019528-44bb-4614-8879-5aa23dc8c351:192.168.36.125:44072, 2d64b654-7f45-48f8-94bd-17273b14c273:192.168.36.125:39127], old=null
2019-09-05 17:45:21,530 [63019528-44bb-4614-8879-5aa23dc8c351:group-6813D8658313:LeaderElection36] INFO  impl.LeaderElection (LeaderElection.java:logAndReturn(56)) - 63019528-44bb-4614-8879-5aa23dc8c351:group-6813D8658313:LeaderElection36: Election REJECTED; received 2 response(s) [63019528-44bb-4614-8879-5aa23dc8c351<-0458fa0a-4d99-412c-a137-2f07c0465a23#0:FAIL-t2, 63019528-44bb-4614-8879-5aa23dc8c351<-2d64b654-7f45-48f8-94bd-17273b14c273#0:FAIL-t2] and 0 exception(s); 63019528-44bb-4614-8879-5aa23dc8c351:t2, leader=null, voted=63019528-44bb-4614-8879-5aa23dc8c351, raftlog=63019528-44bb-4614-8879-5aa23dc8c351-SegmentedRaftLog:OPENED:c-1,f-1,i0, conf=-1: [0458fa0a-4d99-412c-a137-2f07c0465a23:192.168.36.125:38969, 63019528-44bb-4614-8879-5aa23dc8c351:192.168.36.125:44072, 2d64b654-7f45-48f8-94bd-17273b14c273:192.168.36.125:39127], old=null
2019-09-05 17:45:21,530 [63019528-44bb-4614-8879-5aa23dc8c351:group-6813D8658313:LeaderElection36] INFO  impl.RaftServerImpl (RaftServerImpl.java:setRole(171)) - 63019528-44bb-4614-8879-5aa23dc8c351:group-6813D8658313 changes role from CANDIDATE to FOLLOWER at term 2 for DISCOVERED_A_NEW_TERM
2019-09-05 17:45:21,530 [63019528-44bb-4614-8879-5aa23dc8c351:group-6813D8658313:LeaderElection36] INFO  impl.RoleInfo (RoleInfo.java:shutdownLeaderElection(134)) - 63019528-44bb-4614-8879-5aa23dc8c351: shutdown LeaderElection
2019-09-05 17:45:21,530 [63019528-44bb-4614-8879-5aa23dc8c351:group-6813D8658313:LeaderElection36] INFO  impl.RoleInfo (RoleInfo.java:updateAndGet(143)) - 63019528-44bb-4614-8879-5aa23dc8c351: start FollowerState
2019-09-05 17:45:21,531 [2d64b654-7f45-48f8-94bd-17273b14c273:group-6813D8658313:LeaderElection34] INFO  impl.LeaderElection (LeaderElection.java:logAndReturn(56)) - 2d64b654-7f45-48f8-94bd-17273b14c273:group-6813D8658313:LeaderElection34: Election REJECTED; received 2 response(s) [2d64b654-7f45-48f8-94bd-17273b14c273<-0458fa0a-4d99-412c-a137-2f07c0465a23#0:FAIL-t2, 2d64b654-7f45-48f8-94bd-17273b14c273<-63019528-44bb-4614-8879-5aa23dc8c351#0:FAIL-t2] and 0 exception(s); 2d64b654-7f45-48f8-94bd-17273b14c273:t2, leader=null, voted=2d64b654-7f45-48f8-94bd-17273b14c273, raftlog=2d64b654-7f45-48f8-94bd-17273b14c273-SegmentedRaftLog:OPENED:c-1,f-1,i0, conf=-1: [0458fa0a-4d99-412c-a137-2f07c0465a23:192.168.36.125:38969, 63019528-44bb-4614-8879-5aa23dc8c351:192.168.36.125:44072, 2d64b654-7f45-48f8-94bd-17273b14c273:192.168.36.125:39127], old=null
2019-09-05 17:45:21,531 [2d64b654-7f45-48f8-94bd-17273b14c273:group-6813D8658313:LeaderElection34] INFO  impl.RaftServerImpl (RaftServerImpl.java:setRole(171)) - 2d64b654-7f45-48f8-94bd-17273b14c273:group-6813D8658313 changes role from CANDIDATE to FOLLOWER at term 2 for DISCOVERED_A_NEW_TERM
2019-09-05 17:45:21,531 [2d64b654-7f45-48f8-94bd-17273b14c273:group-6813D8658313:LeaderElection34] INFO  impl.RoleInfo (RoleInfo.java:shutdownLeaderElection(134)) - 2d64b654-7f45-48f8-94bd-17273b14c273: shutdown LeaderElection
2019-09-05 17:45:21,531 [0458fa0a-4d99-412c-a137-2f07c0465a23:group-6813D8658313:LeaderElection35] INFO  impl.LeaderElection (LeaderElection.java:logAndReturn(56)) - 0458fa0a-4d99-412c-a137-2f07c0465a23:group-6813D8658313:LeaderElection35: Election REJECTED; received 2 response(s) [0458fa0a-4d99-412c-a137-2f07c0465a23<-63019528-44bb-4614-8879-5aa23dc8c351#0:FAIL-t2, 0458fa0a-4d99-412c-a137-2f07c0465a23<-2d64b654-7f45-48f8-94bd-17273b14c273#0:FAIL-t2] and 0 exception(s); 0458fa0a-4d99-412c-a137-2f07c0465a23:t2, leader=null, voted=0458fa0a-4d99-412c-a137-2f07c0465a23, raftlog=0458fa0a-4d99-412c-a137-2f07c0465a23-SegmentedRaftLog:OPENED:c-1,f-1,i0, conf=-1: [0458fa0a-4d99-412c-a137-2f07c0465a23:192.168.36.125:38969, 63019528-44bb-4614-8879-5aa23dc8c351:192.168.36.125:44072, 2d64b654-7f45-48f8-94bd-17273b14c273:192.168.36.125:39127], old=null
2019-09-05 17:45:21,531 [2d64b654-7f45-48f8-94bd-17273b14c273:group-6813D8658313:LeaderElection34] INFO  impl.RoleInfo (RoleInfo.java:updateAndGet(143)) - 2d64b654-7f45-48f8-94bd-17273b14c273: start FollowerState
2019-09-05 17:45:21,531 [0458fa0a-4d99-412c-a137-2f07c0465a23:group-6813D8658313:LeaderElection35] INFO  impl.RaftServerImpl (RaftServerImpl.java:setRole(171)) - 0458fa0a-4d99-412c-a137-2f07c0465a23:group-6813D8658313 changes role from CANDIDATE to FOLLOWER at term 2 for DISCOVERED_A_NEW_TERM
2019-09-05 17:45:21,531 [0458fa0a-4d99-412c-a137-2f07c0465a23:group-6813D8658313:LeaderElection35] INFO  impl.RoleInfo (RoleInfo.java:shutdownLeaderElection(134)) - 0458fa0a-4d99-412c-a137-2f07c0465a23: shutdown LeaderElection
2019-09-05 17:45:21,532 [0458fa0a-4d99-412c-a137-2f07c0465a23:group-6813D8658313:LeaderElection35] INFO  impl.RoleInfo (RoleInfo.java:updateAndGet(143)) - 0458fa0a-4d99-412c-a137-2f07c0465a23: start FollowerState
2019-09-05 17:45:22,000 [grpc-default-executor-5] INFO  client.GrpcClientProtocolClient (GrpcClientProtocolClient.java:onNext(255)) - client-84B658F0821B->0458fa0a-4d99-412c-a137-2f07c0465a23: receive RaftClientReply:client-84B658F0821B->0458fa0a-4d99-412c-a137-2f07c0465a23@group-6813D8658313, cid=46, FAILED org.apache.ratis.protocol.NotLeaderException: Server 0458fa0a-4d99-412c-a137-2f07c0465a23 is not the leader (null). Request must be sent to leader., logIndex=0, commits[0458fa0a-4d99-412c-a137-2f07c0465a23:c-1]
2019-09-05 17:45:23,015 [grpc-default-executor-1] INFO  client.GrpcClientProtocolClient (GrpcClientProtocolClient.java:onNext(255)) - client-84B658F0821B->2d64b654-7f45-48f8-94bd-17273b14c273: receive RaftClientReply:client-84B658F0821B->2d64b654-7f45-48f8-94bd-17273b14c273@group-6813D8658313, cid=46, FAILED org.apache.ratis.protocol.NotLeaderException: Server 2d64b654-7f45-48f8-94bd-17273b14c273 is not the leader (null). Request must be sent to leader., logIndex=0, commits[2d64b654-7f45-48f8-94bd-17273b14c273:c-1]
2019-09-05 17:45:24,029 [grpc-default-executor-1] INFO  client.GrpcClientProtocolClient (GrpcClientProtocolClient.java:onNext(255)) - client-84B658F0821B->63019528-44bb-4614-8879-5aa23dc8c351: receive RaftClientReply:client-84B658F0821B->63019528-44bb-4614-8879-5aa23dc8c351@group-6813D8658313, cid=46, FAILED org.apache.ratis.protocol.NotLeaderException: Server 63019528-44bb-4614-8879-5aa23dc8c351 is not the leader (null). Request must be sent to leader., logIndex=0, commits[63019528-44bb-4614-8879-5aa23dc8c351:c-1]
2019-09-05 17:45:25,045 [grpc-default-executor-5] INFO  client.GrpcClientProtocolClient (GrpcClientProtocolClient.java:onNext(255)) - client-84B658F0821B->2d64b654-7f45-48f8-94bd-17273b14c273: receive RaftClientReply:client-84B658F0821B->2d64b654-7f45-48f8-94bd-17273b14c273@group-6813D8658313, cid=46, FAILED org.apache.ratis.protocol.NotLeaderException: Server 2d64b654-7f45-48f8-94bd-17273b14c273 is not the leader (null). Request must be sent to leader., logIndex=0, commits[2d64b654-7f45-48f8-94bd-17273b14c273:c-1]
2019-09-05 17:45:26,063 [grpc-default-executor-5] INFO  client.GrpcClientProtocolClient (GrpcClientProtocolClient.java:onNext(255)) - client-84B658F0821B->63019528-44bb-4614-8879-5aa23dc8c351: receive RaftClientReply:client-84B658F0821B->63019528-44bb-4614-8879-5aa23dc8c351@group-6813D8658313, cid=46, FAILED org.apache.ratis.protocol.NotLeaderException: Server 63019528-44bb-4614-8879-5aa23dc8c351 is not the leader (null). Request must be sent to leader., logIndex=0, commits[63019528-44bb-4614-8879-5aa23dc8c351:c-1]
2019-09-05 17:45:26,586 [Thread-896] INFO  impl.FollowerState (FollowerState.java:run(106)) - 2d64b654-7f45-48f8-94bd-17273b14c273:group-6813D8658313 changes to CANDIDATE, lastRpcTime:5054, electionTimeout:5054ms
2019-09-05 17:45:26,586 [Thread-896] INFO  impl.RoleInfo (RoleInfo.java:shutdownFollowerState(121)) - 2d64b654-7f45-48f8-94bd-17273b14c273: shutdown FollowerState
2019-09-05 17:45:26,586 [Thread-896] INFO  impl.RaftServerImpl (RaftServerImpl.java:setRole(171)) - 2d64b654-7f45-48f8-94bd-17273b14c273:group-6813D8658313 changes role from FOLLOWER to CANDIDATE at term 2 for changeToCandidate
2019-09-05 17:45:26,586 [Thread-896] INFO  impl.RoleInfo (RoleInfo.java:updateAndGet(143)) - 2d64b654-7f45-48f8-94bd-17273b14c273: start LeaderElection
2019-09-05 17:45:26,618 [2d64b654-7f45-48f8-94bd-17273b14c273:group-6813D8658313:LeaderElection37] INFO  impl.LeaderElection (LeaderElection.java:askForVotes(181)) - 2d64b654-7f45-48f8-94bd-17273b14c273:group-6813D8658313:LeaderElection37: begin an election at term 3 for -1: [0458fa0a-4d99-412c-a137-2f07c0465a23:192.168.36.125:38969, 63019528-44bb-4614-8879-5aa23dc8c351:192.168.36.125:44072, 2d64b654-7f45-48f8-94bd-17273b14c273:192.168.36.125:39127], old=null
2019-09-05 17:45:26,622 [grpc-default-executor-5] INFO  impl.RaftServerImpl (RaftServerImpl.java:setRole(171)) - 63019528-44bb-4614-8879-5aa23dc8c351:group-6813D8658313 changes role from FOLLOWER to FOLLOWER at term 3 for recognizeCandidate:2d64b654-7f45-48f8-94bd-17273b14c273
2019-09-05 17:45:26,622 [grpc-default-executor-1] INFO  impl.RaftServerImpl (RaftServerImpl.java:setRole(171)) - 0458fa0a-4d99-412c-a137-2f07c0465a23:group-6813D8658313 changes role from FOLLOWER to FOLLOWER at term 3 for recognizeCandidate:2d64b654-7f45-48f8-94bd-17273b14c273
2019-09-05 17:45:26,622 [grpc-default-executor-5] INFO  impl.RoleInfo (RoleInfo.java:shutdownFollowerState(121)) - 63019528-44bb-4614-8879-5aa23dc8c351: shutdown FollowerState
2019-09-05 17:45:26,622 [grpc-default-executor-1] INFO  impl.RoleInfo (RoleInfo.java:shutdownFollowerState(121)) - 0458fa0a-4d99-412c-a137-2f07c0465a23: shutdown FollowerState
2019-09-05 17:45:26,622 [Thread-895] INFO  impl.FollowerState (FollowerState.java:run(114)) - 63019528-44bb-4614-8879-5aa23dc8c351: FollowerState was interrupted: java.lang.InterruptedException: sleep interrupted
2019-09-05 17:45:26,622 [grpc-default-executor-5] INFO  impl.RoleInfo (RoleInfo.java:updateAndGet(143)) - 63019528-44bb-4614-8879-5aa23dc8c351: start FollowerState
2019-09-05 17:45:26,622 [Thread-897] INFO  impl.FollowerState (FollowerState.java:run(114)) - 0458fa0a-4d99-412c-a137-2f07c0465a23: FollowerState was interrupted: java.lang.InterruptedException: sleep interrupted
2019-09-05 17:45:26,622 [grpc-default-executor-1] INFO  impl.RoleInfo (RoleInfo.java:updateAndGet(143)) - 0458fa0a-4d99-412c-a137-2f07c0465a23: start FollowerState
2019-09-05 17:45:26,663 [2d64b654-7f45-48f8-94bd-17273b14c273:group-6813D8658313:LeaderElection37] INFO  impl.LeaderElection (LeaderElection.java:logAndReturn(56)) - 2d64b654-7f45-48f8-94bd-17273b14c273:group-6813D8658313:LeaderElection37: Election PASSED; received 1 response(s) [2d64b654-7f45-48f8-94bd-17273b14c273<-0458fa0a-4d99-412c-a137-2f07c0465a23#0:OK-t3] and 0 exception(s); 2d64b654-7f45-48f8-94bd-17273b14c273:t3, leader=null, voted=2d64b654-7f45-48f8-94bd-17273b14c273, raftlog=2d64b654-7f45-48f8-94bd-17273b14c273-SegmentedRaftLog:OPENED:c-1,f-1,i0, conf=-1: [0458fa0a-4d99-412c-a137-2f07c0465a23:192.168.36.125:38969, 63019528-44bb-4614-8879-5aa23dc8c351:192.168.36.125:44072, 2d64b654-7f45-48f8-94bd-17273b14c273:192.168.36.125:39127], old=null
2019-09-05 17:45:26,664 [2d64b654-7f45-48f8-94bd-17273b14c273:group-6813D8658313:LeaderElection37] INFO  impl.RoleInfo (RoleInfo.java:shutdownLeaderElection(134)) - 2d64b654-7f45-48f8-94bd-17273b14c273: shutdown LeaderElection
2019-09-05 17:45:26,664 [2d64b654-7f45-48f8-94bd-17273b14c273:group-6813D8658313:LeaderElection37] INFO  impl.RaftServerImpl (RaftServerImpl.java:setRole(171)) - 2d64b654-7f45-48f8-94bd-17273b14c273:group-6813D8658313 changes role from CANDIDATE to LEADER at term 3 for changeToLeader
2019-09-05 17:45:26,664 [2d64b654-7f45-48f8-94bd-17273b14c273:group-6813D8658313:LeaderElection37] INFO  impl.RaftServerImpl (ServerState.java:setLeader(263)) - 2d64b654-7f45-48f8-94bd-17273b14c273:group-6813D8658313 change Leader from null to 2d64b654-7f45-48f8-94bd-17273b14c273 at term 3 for becomeLeader, leader elected after 16095ms
2019-09-05 17:45:26,664 [2d64b654-7f45-48f8-94bd-17273b14c273:group-6813D8658313:LeaderElection37] INFO  server.RaftServerConfigKeys (ConfUtils.java:logGet(43)) - raft.server.staging.catchup.gap = 1000 (default)
2019-09-05 17:45:26,664 [2d64b654-7f45-48f8-94bd-17273b14c273:group-6813D8658313:LeaderElection37] INFO  server.RaftServerConfigKeys (ConfUtils.java:logGet(43)) - raft.server.rpc.sleep.time = 25ms (default)
2019-09-05 17:45:26,664 [2d64b654-7f45-48f8-94bd-17273b14c273:group-6813D8658313:LeaderElection37] INFO  server.RaftServerConfigKeys (ConfUtils.java:logGet(43)) - raft.server.write.element-limit = 4096 (default)
2019-09-05 17:45:26,665 [2d64b654-7f45-48f8-94bd-17273b14c273:group-6813D8658313:LeaderElection37] INFO  server.RaftServerConfigKeys (ConfUtils.java:logGet(43)) - raft.server.watch.timeout = 10s (default)
2019-09-05 17:45:26,665 [2d64b654-7f45-48f8-94bd-17273b14c273:group-6813D8658313:LeaderElection37] INFO  server.RaftServerConfigKeys (ConfUtils.java:logGet(43)) - raft.server.watch.timeout.denomination = 1s (default)
2019-09-05 17:45:26,665 [2d64b654-7f45-48f8-94bd-17273b14c273:group-6813D8658313:LeaderElection37] INFO  server.RaftServerConfigKeys (ConfUtils.java:logGet(43)) - raft.server.watch.element-limit = 65536 (default)
2019-09-05 17:45:26,665 [2d64b654-7f45-48f8-94bd-17273b14c273:group-6813D8658313:LeaderElection37] INFO  server.RaftServerConfigKeys (ConfUtils.java:logGet(43)) - raft.server.log.appender.snapshot.chunk.size.max = 16MB (=16777216) (default)
2019-09-05 17:45:26,665 [2d64b654-7f45-48f8-94bd-17273b14c273:group-6813D8658313:LeaderElection37] INFO  server.RaftServerConfigKeys (ConfUtils.java:logGet(43)) - raft.server.log.appender.buffer.byte-limit = 33554432 (custom)
2019-09-05 17:45:26,666 [2d64b654-7f45-48f8-94bd-17273b14c273:group-6813D8658313:LeaderElection37] INFO  server.RaftServerConfigKeys (ConfUtils.java:logGet(43)) - raft.server.log.appender.buffer.element-limit = 1 (custom)
2019-09-05 17:45:26,666 [2d64b654-7f45-48f8-94bd-17273b14c273:group-6813D8658313:LeaderElection37] INFO  grpc.GrpcConfigKeys$Server (ConfUtils.java:logGet(43)) - raft.grpc.server.leader.outstanding.appends.max = 128 (default)
2019-09-05 17:45:26,666 [2d64b654-7f45-48f8-94bd-17273b14c273:group-6813D8658313:LeaderElection37] INFO  server.RaftServerConfigKeys (ConfUtils.java:logGet(43)) - raft.server.rpc.request.timeout = 3000ms (default)
2019-09-05 17:45:26,666 [2d64b654-7f45-48f8-94bd-17273b14c273:group-6813D8658313:LeaderElection37] INFO  server.RaftServerConfigKeys (ConfUtils.java:logGet(43)) - raft.server.log.appender.install.snapshot.enabled = false (custom)
2019-09-05 17:45:26,667 [2d64b654-7f45-48f8-94bd-17273b14c273:group-6813D8658313:LeaderElection37] INFO  server.RaftServerConfigKeys (ConfUtils.java:logGet(43)) - raft.server.log.appender.snapshot.chunk.size.max = 16MB (=16777216) (default)
2019-09-05 17:45:26,667 [2d64b654-7f45-48f8-94bd-17273b14c273:group-6813D8658313:LeaderElection37] INFO  server.RaftServerConfigKeys (ConfUtils.java:logGet(43)) - raft.server.log.appender.buffer.byte-limit = 33554432 (custom)
2019-09-05 17:45:26,667 [2d64b654-7f45-48f8-94bd-17273b14c273:group-6813D8658313:LeaderElection37] INFO  server.RaftServerConfigKeys (ConfUtils.java:logGet(43)) - raft.server.log.appender.buffer.element-limit = 1 (custom)
2019-09-05 17:45:26,667 [2d64b654-7f45-48f8-94bd-17273b14c273:group-6813D8658313:LeaderElection37] INFO  grpc.GrpcConfigKeys$Server (ConfUtils.java:logGet(43)) - raft.grpc.server.leader.outstanding.appends.max = 128 (default)
2019-09-05 17:45:26,668 [2d64b654-7f45-48f8-94bd-17273b14c273:group-6813D8658313:LeaderElection37] INFO  server.RaftServerConfigKeys (ConfUtils.java:logGet(43)) - raft.server.rpc.request.timeout = 3000ms (default)
2019-09-05 17:45:26,668 [2d64b654-7f45-48f8-94bd-17273b14c273:group-6813D8658313:LeaderElection37] INFO  server.RaftServerConfigKeys (ConfUtils.java:logGet(43)) - raft.server.log.appender.install.snapshot.enabled = false (custom)
2019-09-05 17:45:26,668 [2d64b654-7f45-48f8-94bd-17273b14c273:group-6813D8658313:LeaderElection37] INFO  impl.RoleInfo (RoleInfo.java:updateAndGet(143)) - 2d64b654-7f45-48f8-94bd-17273b14c273: start LeaderState
2019-09-05 17:45:26,668 [2d64b654-7f45-48f8-94bd-17273b14c273:group-6813D8658313:LeaderElection37] INFO  segmented.SegmentedRaftLogWorker (SegmentedRaftLogWorker.java:startLogSegment(380)) - 2d64b654-7f45-48f8-94bd-17273b14c273-SegmentedRaftLogWorker:Storage Directory /workdir/hadoop-ozone/integration-test/target/test-dir/MiniOzoneClusterImpl-16d58beb-b20c-491b-8614-42ba02276836/datanode-1/data/ratis/70507974-d156-4154-92e7-6813d8658313: Starting segment from index:0
2019-09-05 17:45:26,669 [2d64b654-7f45-48f8-94bd-17273b14c273:group-6813D8658313:LeaderElection37] INFO  impl.RaftServerImpl (ServerState.java:setRaftConf(361)) - 2d64b654-7f45-48f8-94bd-17273b14c273:group-6813D8658313 set configuration 0: [0458fa0a-4d99-412c-a137-2f07c0465a23:192.168.36.125:38969, 63019528-44bb-4614-8879-5aa23dc8c351:192.168.36.125:44072, 2d64b654-7f45-48f8-94bd-17273b14c273:192.168.36.125:39127], old=null at 0
2019-09-05 17:45:26,708 [grpc-default-executor-1] INFO  impl.RaftServerImpl (ServerState.java:setLeader(263)) - 63019528-44bb-4614-8879-5aa23dc8c351:group-6813D8658313 change Leader from null to 2d64b654-7f45-48f8-94bd-17273b14c273 at term 3 for appendEntries, leader elected after 16139ms
2019-09-05 17:45:26,708 [grpc-default-executor-5] INFO  impl.RaftServerImpl (ServerState.java:setLeader(263)) - 0458fa0a-4d99-412c-a137-2f07c0465a23:group-6813D8658313 change Leader from null to 2d64b654-7f45-48f8-94bd-17273b14c273 at term 3 for appendEntries, leader elected after 16139ms
2019-09-05 17:45:26,710 [grpc-default-executor-1] INFO  impl.RaftServerImpl (ServerState.java:setRaftConf(361)) - 63019528-44bb-4614-8879-5aa23dc8c351:group-6813D8658313 set configuration 0: [0458fa0a-4d99-412c-a137-2f07c0465a23:192.168.36.125:38969, 63019528-44bb-4614-8879-5aa23dc8c351:192.168.36.125:44072, 2d64b654-7f45-48f8-94bd-17273b14c273:192.168.36.125:39127], old=null at 0
2019-09-05 17:45:26,710 [grpc-default-executor-1] INFO  segmented.SegmentedRaftLogWorker (SegmentedRaftLogWorker.java:startLogSegment(380)) - 63019528-44bb-4614-8879-5aa23dc8c351-SegmentedRaftLogWorker:Storage Directory /workdir/hadoop-ozone/integration-test/target/test-dir/MiniOzoneClusterImpl-16d58beb-b20c-491b-8614-42ba02276836/datanode-5/data/ratis/70507974-d156-4154-92e7-6813d8658313: Starting segment from index:0
2019-09-05 17:45:26,710 [grpc-default-executor-5] INFO  impl.RaftServerImpl (ServerState.java:setRaftConf(361)) - 0458fa0a-4d99-412c-a137-2f07c0465a23:group-6813D8658313 set configuration 0: [0458fa0a-4d99-412c-a137-2f07c0465a23:192.168.36.125:38969, 63019528-44bb-4614-8879-5aa23dc8c351:192.168.36.125:44072, 2d64b654-7f45-48f8-94bd-17273b14c273:192.168.36.125:39127], old=null at 0
2019-09-05 17:45:26,711 [grpc-default-executor-5] INFO  segmented.SegmentedRaftLogWorker (SegmentedRaftLogWorker.java:startLogSegment(380)) - 0458fa0a-4d99-412c-a137-2f07c0465a23-SegmentedRaftLogWorker:Storage Directory /workdir/hadoop-ozone/integration-test/target/test-dir/MiniOzoneClusterImpl-16d58beb-b20c-491b-8614-42ba02276836/datanode-4/data/ratis/70507974-d156-4154-92e7-6813d8658313: Starting segment from index:0
2019-09-05 17:45:26,730 [2d64b654-7f45-48f8-94bd-17273b14c273-SegmentedRaftLogWorker:Storage Directory /workdir/hadoop-ozone/integration-test/target/test-dir/MiniOzoneClusterImpl-16d58beb-b20c-491b-8614-42ba02276836/datanode-1/data/ratis/70507974-d156-4154-92e7-6813d8658313] INFO  segmented.SegmentedRaftLogWorker (SegmentedRaftLogWorker.java:execute(569)) - 2d64b654-7f45-48f8-94bd-17273b14c273-SegmentedRaftLogWorker:Storage Directory /workdir/hadoop-ozone/integration-test/target/test-dir/MiniOzoneClusterImpl-16d58beb-b20c-491b-8614-42ba02276836/datanode-1/data/ratis/70507974-d156-4154-92e7-6813d8658313: created new log segment /workdir/hadoop-ozone/integration-test/target/test-dir/MiniOzoneClusterImpl-16d58beb-b20c-491b-8614-42ba02276836/datanode-1/data/ratis/70507974-d156-4154-92e7-6813d8658313/current/log_inprogress_0
2019-09-05 17:45:26,757 [63019528-44bb-4614-8879-5aa23dc8c351-SegmentedRaftLogWorker:Storage Directory /workdir/hadoop-ozone/integration-test/target/test-dir/MiniOzoneClusterImpl-16d58beb-b20c-491b-8614-42ba02276836/datanode-5/data/ratis/70507974-d156-4154-92e7-6813d8658313] INFO  segmented.SegmentedRaftLogWorker (SegmentedRaftLogWorker.java:execute(569)) - 63019528-44bb-4614-8879-5aa23dc8c351-SegmentedRaftLogWorker:Storage Directory /workdir/hadoop-ozone/integration-test/target/test-dir/MiniOzoneClusterImpl-16d58beb-b20c-491b-8614-42ba02276836/datanode-5/data/ratis/70507974-d156-4154-92e7-6813d8658313: created new log segment /workdir/hadoop-ozone/integration-test/target/test-dir/MiniOzoneClusterImpl-16d58beb-b20c-491b-8614-42ba02276836/datanode-5/data/ratis/70507974-d156-4154-92e7-6813d8658313/current/log_inprogress_0
2019-09-05 17:45:26,757 [0458fa0a-4d99-412c-a137-2f07c0465a23-SegmentedRaftLogWorker:Storage Directory /workdir/hadoop-ozone/integration-test/target/test-dir/MiniOzoneClusterImpl-16d58beb-b20c-491b-8614-42ba02276836/datanode-4/data/ratis/70507974-d156-4154-92e7-6813d8658313] INFO  segmented.SegmentedRaftLogWorker (SegmentedRaftLogWorker.java:execute(569)) - 0458fa0a-4d99-412c-a137-2f07c0465a23-SegmentedRaftLogWorker:Storage Directory /workdir/hadoop-ozone/integration-test/target/test-dir/MiniOzoneClusterImpl-16d58beb-b20c-491b-8614-42ba02276836/datanode-4/data/ratis/70507974-d156-4154-92e7-6813d8658313: created new log segment /workdir/hadoop-ozone/integration-test/target/test-dir/MiniOzoneClusterImpl-16d58beb-b20c-491b-8614-42ba02276836/datanode-4/data/ratis/70507974-d156-4154-92e7-6813d8658313/current/log_inprogress_0
2019-09-05 17:45:27,305 [grpc-default-executor-1] INFO  client.GrpcClientProtocolClient (GrpcClientProtocolClient.java:onNext(255)) - client-84B658F0821B->2d64b654-7f45-48f8-94bd-17273b14c273: receive RaftClientReply:client-84B658F0821B->2d64b654-7f45-48f8-94bd-17273b14c273@group-6813D8658313, cid=46, SUCCESS, logIndex=1, commits[2d64b654-7f45-48f8-94bd-17273b14c273:c2, 0458fa0a-4d99-412c-a137-2f07c0465a23:c1, 63019528-44bb-4614-8879-5aa23dc8c351:c1]
2019-09-05 17:45:27,634 [grpc-default-executor-1] INFO  client.GrpcClientProtocolClient (GrpcClientProtocolClient.java:onNext(255)) - client-FF3FC3B045FD->2d64b654-7f45-48f8-94bd-17273b14c273: receive RaftClientReply:client-FF3FC3B045FD->2d64b654-7f45-48f8-94bd-17273b14c273@group-6813D8658313, cid=47, SUCCESS, logIndex=3, commits[2d64b654-7f45-48f8-94bd-17273b14c273:c4, 0458fa0a-4d99-412c-a137-2f07c0465a23:c3, 63019528-44bb-4614-8879-5aa23dc8c351:c3]
2019-09-05 17:45:27,919 [grpc-default-executor-1] INFO  client.GrpcClientProtocolClient (GrpcClientProtocolClient.java:onNext(255)) - client-FF3FC3B045FD->2d64b654-7f45-48f8-94bd-17273b14c273: receive RaftClientReply:client-FF3FC3B045FD->2d64b654-7f45-48f8-94bd-17273b14c273@group-6813D8658313, cid=48, SUCCESS, logIndex=5, commits[2d64b654-7f45-48f8-94bd-17273b14c273:c6, 0458fa0a-4d99-412c-a137-2f07c0465a23:c5, 63019528-44bb-4614-8879-5aa23dc8c351:c5]
2019-09-05 17:45:32,967 [grpc-default-executor-4] INFO  client.GrpcClientProtocolClient (GrpcClientProtocolClient.java:onNext(255)) - client-FF3FC3B045FD->63019528-44bb-4614-8879-5aa23dc8c351: receive RaftClientReply:client-FF3FC3B045FD->63019528-44bb-4614-8879-5aa23dc8c351@group-6813D8658313, cid=49, FAILED org.apache.ratis.protocol.NotLeaderException: Server 63019528-44bb-4614-8879-5aa23dc8c351 is not the leader (2d64b654-7f45-48f8-94bd-17273b14c273:192.168.36.125:39127). Request must be sent to leader., logIndex=0, commits[63019528-44bb-4614-8879-5aa23dc8c351:c8, 0458fa0a-4d99-412c-a137-2f07c0465a23:c7, 2d64b654-7f45-48f8-94bd-17273b14c273:c8]
2019-09-05 17:45:38,009 [grpc-default-executor-5] INFO  client.GrpcClientProtocolClient (GrpcClientProtocolClient.java:onNext(255)) - client-FF3FC3B045FD->63019528-44bb-4614-8879-5aa23dc8c351: receive RaftClientReply:client-FF3FC3B045FD->63019528-44bb-4614-8879-5aa23dc8c351@group-6813D8658313, cid=49, FAILED org.apache.ratis.protocol.NotLeaderException: Server 63019528-44bb-4614-8879-5aa23dc8c351 is not the leader (2d64b654-7f45-48f8-94bd-17273b14c273:192.168.36.125:39127). Request must be sent to leader., logIndex=0, commits[63019528-44bb-4614-8879-5aa23dc8c351:c8, 0458fa0a-4d99-412c-a137-2f07c0465a23:c8, 2d64b654-7f45-48f8-94bd-17273b14c273:c8]
2019-09-05 17:45:43,040 [grpc-default-executor-5] INFO  client.GrpcClientProtocolClient (GrpcClientProtocolClient.java:onNext(255)) - client-FF3FC3B045FD->0458fa0a-4d99-412c-a137-2f07c0465a23: receive RaftClientReply:client-FF3FC3B045FD->0458fa0a-4d99-412c-a137-2f07c0465a23@group-6813D8658313, cid=49, FAILED org.apache.ratis.protocol.NotLeaderException: Server 0458fa0a-4d99-412c-a137-2f07c0465a23 is not the leader (2d64b654-7f45-48f8-94bd-17273b14c273:192.168.36.125:39127). Request must be sent to leader., logIndex=0, commits[0458fa0a-4d99-412c-a137-2f07c0465a23:c8, 63019528-44bb-4614-8879-5aa23dc8c351:c8, 2d64b654-7f45-48f8-94bd-17273b14c273:c8]
2019-09-05 17:45:48,076 [grpc-default-executor-4] INFO  client.GrpcClientProtocolClient (GrpcClientProtocolClient.java:onNext(255)) - client-FF3FC3B045FD->0458fa0a-4d99-412c-a137-2f07c0465a23: receive RaftClientReply:client-FF3FC3B045FD->0458fa0a-4d99-412c-a137-2f07c0465a23@group-6813D8658313, cid=49, FAILED org.apache.ratis.protocol.NotLeaderException: Server 0458fa0a-4d99-412c-a137-2f07c0465a23 is not the leader (2d64b654-7f45-48f8-94bd-17273b14c273:192.168.36.125:39127). Request must be sent to leader., logIndex=0, commits[0458fa0a-4d99-412c-a137-2f07c0465a23:c8, 63019528-44bb-4614-8879-5aa23dc8c351:c8, 2d64b654-7f45-48f8-94bd-17273b14c273:c8]
2019-09-05 17:45:53,112 [grpc-default-executor-4] INFO  client.GrpcClientProtocolClient (GrpcClientProtocolClient.java:onNext(255)) - client-FF3FC3B045FD->63019528-44bb-4614-8879-5aa23dc8c351: receive RaftClientReply:client-FF3FC3B045FD->63019528-44bb-4614-8879-5aa23dc8c351@group-6813D8658313, cid=49, FAILED org.apache.ratis.protocol.NotLeaderException: Server 63019528-44bb-4614-8879-5aa23dc8c351 is not the leader (2d64b654-7f45-48f8-94bd-17273b14c273:192.168.36.125:39127). Request must be sent to leader., logIndex=0, commits[63019528-44bb-4614-8879-5aa23dc8c351:c8, 0458fa0a-4d99-412c-a137-2f07c0465a23:c8, 2d64b654-7f45-48f8-94bd-17273b14c273:c8]
2019-09-05 17:45:57,966 [grpc-default-executor-4] INFO  impl.RaftServerProxy (RaftServerProxy.java:remove(95)) - 0458fa0a-4d99-412c-a137-2f07c0465a23: remove FOLLOWER group-CC443CF04C15 0458fa0a-4d99-412c-a137-2f07c0465a23:t1, leader=63019528-44bb-4614-8879-5aa23dc8c351, voted=63019528-44bb-4614-8879-5aa23dc8c351, raftlog=0458fa0a-4d99-412c-a137-2f07c0465a23-SegmentedRaftLog:OPENED:c0,f0,i0, conf=0: [0458fa0a-4d99-412c-a137-2f07c0465a23:192.168.36.125:38969, 63019528-44bb-4614-8879-5aa23dc8c351:192.168.36.125:44072, 2d64b654-7f45-48f8-94bd-17273b14c273:192.168.36.125:39127], old=null RUNNING
2019-09-05 17:45:57,966 [grpc-default-executor-4] INFO  impl.RaftServerImpl (RaftServerImpl.java:lambda$shutdown$3(245)) - 0458fa0a-4d99-412c-a137-2f07c0465a23: shutdown group-CC443CF04C15
2019-09-05 17:45:57,967 [grpc-default-executor-4] INFO  util.JmxRegister (JmxRegister.java:unregister(73)) - Successfully un-registered JMX Bean with object name Ratis:service=RaftServer,group=group-CC443CF04C15,id=0458fa0a-4d99-412c-a137-2f07c0465a23
2019-09-05 17:45:57,967 [grpc-default-executor-4] INFO  impl.RoleInfo (RoleInfo.java:shutdownFollowerState(121)) - 0458fa0a-4d99-412c-a137-2f07c0465a23: shutdown FollowerState
2019-09-05 17:45:57,967 [grpc-default-executor-4] INFO  impl.StateMachineUpdater (StateMachineUpdater.java:stopAndJoin(115)) - StateMachineUpdater:0458fa0a-4d99-412c-a137-2f07c0465a23:group-CC443CF04C15: set stopIndex = 0
2019-09-05 17:45:57,967 [Thread-809] INFO  impl.FollowerState (FollowerState.java:run(114)) - 0458fa0a-4d99-412c-a137-2f07c0465a23: FollowerState was interrupted: java.lang.InterruptedException: sleep interrupted
2019-09-05 17:45:57,967 [grpc-default-executor-4] INFO  impl.RaftServerImpl (ServerState.java:close(394)) - 0458fa0a-4d99-412c-a137-2f07c0465a23:group-CC443CF04C15 closes. The last applied log index is 0
2019-09-05 17:45:57,968 [0458fa0a-4d99-412c-a137-2f07c0465a23-SegmentedRaftLogWorker:Storage Directory /workdir/hadoop-ozone/integration-test/target/test-dir/MiniOzoneClusterImpl-16d58beb-b20c-491b-8614-42ba02276836/datanode-4/data/ratis/248ddc66-899b-483a-85d9-cc443cf04c15] INFO  segmented.SegmentedRaftLogWorker (SegmentedRaftLogWorker.java:run(313)) - 0458fa0a-4d99-412c-a137-2f07c0465a23-SegmentedRaftLogWorker:Storage Directory /workdir/hadoop-ozone/integration-test/target/test-dir/MiniOzoneClusterImpl-16d58beb-b20c-491b-8614-42ba02276836/datanode-4/data/ratis/248ddc66-899b-483a-85d9-cc443cf04c15 was interrupted, exiting. There are 0 tasks remaining in the queue.
2019-09-05 17:45:57,971 [grpc-default-executor-4] INFO  segmented.SegmentedRaftLogWorker (SegmentedRaftLogWorker.java:close(228)) - 0458fa0a-4d99-412c-a137-2f07c0465a23-SegmentedRaftLogWorker:Storage Directory /workdir/hadoop-ozone/integration-test/target/test-dir/MiniOzoneClusterImpl-16d58beb-b20c-491b-8614-42ba02276836/datanode-4/data/ratis/248ddc66-899b-483a-85d9-cc443cf04c15 close()
2019-09-05 17:45:57,981 [grpc-default-executor-4] INFO  impl.RaftServerProxy (RaftServerProxy.java:remove(95)) - 0458fa0a-4d99-412c-a137-2f07c0465a23: remove   LEADER group-DADBD37D6117 0458fa0a-4d99-412c-a137-2f07c0465a23:t1, leader=0458fa0a-4d99-412c-a137-2f07c0465a23, voted=0458fa0a-4d99-412c-a137-2f07c0465a23, raftlog=0458fa0a-4d99-412c-a137-2f07c0465a23-SegmentedRaftLog:OPENED:c0,f0,i0, conf=0: [0458fa0a-4d99-412c-a137-2f07c0465a23:192.168.36.125:38969], old=null RUNNING
2019-09-05 17:45:57,981 [grpc-default-executor-4] INFO  impl.RaftServerImpl (RaftServerImpl.java:lambda$shutdown$3(245)) - 0458fa0a-4d99-412c-a137-2f07c0465a23: shutdown group-DADBD37D6117
2019-09-05 17:45:57,982 [grpc-default-executor-4] INFO  util.JmxRegister (JmxRegister.java:unregister(73)) - Successfully un-registered JMX Bean with object name Ratis:service=RaftServer,group=group-DADBD37D6117,id=0458fa0a-4d99-412c-a137-2f07c0465a23
2019-09-05 17:45:57,982 [grpc-default-executor-4] INFO  impl.RoleInfo (RoleInfo.java:shutdownLeaderState(104)) - 0458fa0a-4d99-412c-a137-2f07c0465a23: shutdown LeaderState
2019-09-05 17:45:57,982 [grpc-default-executor-4] INFO  impl.PendingRequests (PendingRequests.java:sendNotLeaderResponses(202)) - 0458fa0a-4d99-412c-a137-2f07c0465a23-PendingRequests: sendNotLeaderResponses
2019-09-05 17:45:57,982 [grpc-default-executor-4] INFO  impl.StateMachineUpdater (StateMachineUpdater.java:stopAndJoin(115)) - StateMachineUpdater:0458fa0a-4d99-412c-a137-2f07c0465a23:group-DADBD37D6117: set stopIndex = 0
2019-09-05 17:45:57,983 [grpc-default-executor-4] INFO  impl.RaftServerImpl (ServerState.java:close(394)) - 0458fa0a-4d99-412c-a137-2f07c0465a23:group-DADBD37D6117 closes. The last applied log index is 0
2019-09-05 17:45:57,983 [0458fa0a-4d99-412c-a137-2f07c0465a23-SegmentedRaftLogWorker:Storage Directory /workdir/hadoop-ozone/integration-test/target/test-dir/MiniOzoneClusterImpl-16d58beb-b20c-491b-8614-42ba02276836/datanode-4/data/ratis/acf97f7a-8b6d-4067-8d0d-dadbd37d6117] INFO  segmented.SegmentedRaftLogWorker (SegmentedRaftLogWorker.java:run(313)) - 0458fa0a-4d99-412c-a137-2f07c0465a23-SegmentedRaftLogWorker:Storage Directory /workdir/hadoop-ozone/integration-test/target/test-dir/MiniOzoneClusterImpl-16d58beb-b20c-491b-8614-42ba02276836/datanode-4/data/ratis/acf97f7a-8b6d-4067-8d0d-dadbd37d6117 was interrupted, exiting. There are 0 tasks remaining in the queue.
2019-09-05 17:45:57,985 [grpc-default-executor-4] INFO  segmented.SegmentedRaftLogWorker (SegmentedRaftLogWorker.java:close(228)) - 0458fa0a-4d99-412c-a137-2f07c0465a23-SegmentedRaftLogWorker:Storage Directory /workdir/hadoop-ozone/integration-test/target/test-dir/MiniOzoneClusterImpl-16d58beb-b20c-491b-8614-42ba02276836/datanode-4/data/ratis/acf97f7a-8b6d-4067-8d0d-dadbd37d6117 close()
2019-09-05 17:45:58,148 [grpc-default-executor-5] INFO  client.GrpcClientProtocolClient (GrpcClientProtocolClient.java:onNext(255)) - client-FF3FC3B045FD->0458fa0a-4d99-412c-a137-2f07c0465a23: receive RaftClientReply:client-FF3FC3B045FD->0458fa0a-4d99-412c-a137-2f07c0465a23@group-6813D8658313, cid=49, FAILED org.apache.ratis.protocol.NotLeaderException: Server 0458fa0a-4d99-412c-a137-2f07c0465a23 is not the leader (2d64b654-7f45-48f8-94bd-17273b14c273:192.168.36.125:39127). Request must be sent to leader., logIndex=0, commits[0458fa0a-4d99-412c-a137-2f07c0465a23:c8, 63019528-44bb-4614-8879-5aa23dc8c351:c8, 2d64b654-7f45-48f8-94bd-17273b14c273:c8]
2019-09-05 17:46:02,960 [java.util.concurrent.ThreadPoolExecutor$Worker@2a6288d1[State = -1, empty queue]] WARN  server.GrpcLogAppender (GrpcLogAppender.java:timeoutAppendRequest(200)) - GrpcLogAppender(63019528-44bb-4614-8879-5aa23dc8c351->0458fa0a-4d99-412c-a137-2f07c0465a23): appendEntries Timeout, request=63019528-44bb-4614-8879-5aa23dc8c351->0458fa0a-4d99-412c-a137-2f07c0465a23#19-t1, previous=(t:1, i:0), leaderCommit=0, initializing? false, entries: <empty>
2019-09-05 17:46:03,183 [grpc-default-executor-5] INFO  client.GrpcClientProtocolClient (GrpcClientProtocolClient.java:onNext(255)) - client-FF3FC3B045FD->63019528-44bb-4614-8879-5aa23dc8c351: receive RaftClientReply:client-FF3FC3B045FD->63019528-44bb-4614-8879-5aa23dc8c351@group-6813D8658313, cid=49, FAILED org.apache.ratis.protocol.NotLeaderException: Server 63019528-44bb-4614-8879-5aa23dc8c351 is not the leader (2d64b654-7f45-48f8-94bd-17273b14c273:192.168.36.125:39127). Request must be sent to leader., logIndex=0, commits[63019528-44bb-4614-8879-5aa23dc8c351:c8, 0458fa0a-4d99-412c-a137-2f07c0465a23:c8, 2d64b654-7f45-48f8-94bd-17273b14c273:c8]
2019-09-05 17:46:05,461 [java.util.concurrent.ThreadPoolExecutor$Worker@2a6288d1[State = -1, empty queue]] WARN  server.GrpcLogAppender (GrpcLogAppender.java:timeoutAppendRequest(200)) - GrpcLogAppender(63019528-44bb-4614-8879-5aa23dc8c351->0458fa0a-4d99-412c-a137-2f07c0465a23): appendEntries Timeout, request=63019528-44bb-4614-8879-5aa23dc8c351->0458fa0a-4d99-412c-a137-2f07c0465a23#20-t1, previous=(t:1, i:0), leaderCommit=0, initializing? false, entries: <empty>
2019-09-05 17:46:07,961 [java.util.concurrent.ThreadPoolExecutor$Worker@2a6288d1[State = -1, empty queue]] WARN  server.GrpcLogAppender (GrpcLogAppender.java:timeoutAppendRequest(200)) - GrpcLogAppender(63019528-44bb-4614-8879-5aa23dc8c351->0458fa0a-4d99-412c-a137-2f07c0465a23): appendEntries Timeout, request=63019528-44bb-4614-8879-5aa23dc8c351->0458fa0a-4d99-412c-a137-2f07c0465a23#21-t1, previous=(t:1, i:0), leaderCommit=0, initializing? false, entries: <empty>
2019-09-05 17:46:08,221 [grpc-default-executor-4] INFO  client.GrpcClientProtocolClient (GrpcClientProtocolClient.java:onNext(255)) - client-FF3FC3B045FD->0458fa0a-4d99-412c-a137-2f07c0465a23: receive RaftClientReply:client-FF3FC3B045FD->0458fa0a-4d99-412c-a137-2f07c0465a23@group-6813D8658313, cid=49, FAILED org.apache.ratis.protocol.NotLeaderException: Server 0458fa0a-4d99-412c-a137-2f07c0465a23 is not the leader (2d64b654-7f45-48f8-94bd-17273b14c273:192.168.36.125:39127). Request must be sent to leader., logIndex=0, commits[0458fa0a-4d99-412c-a137-2f07c0465a23:c8, 63019528-44bb-4614-8879-5aa23dc8c351:c8, 2d64b654-7f45-48f8-94bd-17273b14c273:c8]
2019-09-05 17:46:08,925 [grpc-default-executor-4] INFO  impl.RaftServerProxy (RaftServerProxy.java:remove(95)) - 2d64b654-7f45-48f8-94bd-17273b14c273: remove FOLLOWER group-CC443CF04C15 2d64b654-7f45-48f8-94bd-17273b14c273:t1, leader=63019528-44bb-4614-8879-5aa23dc8c351, voted=2d64b654-7f45-48f8-94bd-17273b14c273, raftlog=2d64b654-7f45-48f8-94bd-17273b14c273-SegmentedRaftLog:OPENED:c0,f0,i0, conf=0: [0458fa0a-4d99-412c-a137-2f07c0465a23:192.168.36.125:38969, 63019528-44bb-4614-8879-5aa23dc8c351:192.168.36.125:44072, 2d64b654-7f45-48f8-94bd-17273b14c273:192.168.36.125:39127], old=null RUNNING
2019-09-05 17:46:08,925 [grpc-default-executor-4] INFO  impl.RaftServerImpl (RaftServerImpl.java:lambda$shutdown$3(245)) - 2d64b654-7f45-48f8-94bd-17273b14c273: shutdown group-CC443CF04C15
2019-09-05 17:46:08,926 [grpc-default-executor-4] INFO  util.JmxRegister (JmxRegister.java:unregister(73)) - Successfully un-registered JMX Bean with object name Ratis:service=RaftServer,group=group-CC443CF04C15,id=2d64b654-7f45-48f8-94bd-17273b14c273
2019-09-05 17:46:08,926 [grpc-default-executor-4] INFO  impl.RoleInfo (RoleInfo.java:shutdownFollowerState(121)) - 2d64b654-7f45-48f8-94bd-17273b14c273: shutdown FollowerState
2019-09-05 17:46:08,926 [grpc-default-executor-4] INFO  impl.StateMachineUpdater (StateMachineUpdater.java:stopAndJoin(115)) - StateMachineUpdater:2d64b654-7f45-48f8-94bd-17273b14c273:group-CC443CF04C15: set stopIndex = 0
2019-09-05 17:46:08,926 [Thread-812] INFO  impl.FollowerState (FollowerState.java:run(114)) - 2d64b654-7f45-48f8-94bd-17273b14c273: FollowerState was interrupted: java.lang.InterruptedException: sleep interrupted
2019-09-05 17:46:08,926 [grpc-default-executor-4] INFO  impl.RaftServerImpl (ServerState.java:close(394)) - 2d64b654-7f45-48f8-94bd-17273b14c273:group-CC443CF04C15 closes. The last applied log index is 0
2019-09-05 17:46:08,927 [2d64b654-7f45-48f8-94bd-17273b14c273-SegmentedRaftLogWorker:Storage Directory /workdir/hadoop-ozone/integration-test/target/test-dir/MiniOzoneClusterImpl-16d58beb-b20c-491b-8614-42ba02276836/datanode-1/data/ratis/248ddc66-899b-483a-85d9-cc443cf04c15] INFO  segmented.SegmentedRaftLogWorker (SegmentedRaftLogWorker.java:run(313)) - 2d64b654-7f45-48f8-94bd-17273b14c273-SegmentedRaftLogWorker:Storage Directory /workdir/hadoop-ozone/integration-test/target/test-dir/MiniOzoneClusterImpl-16d58beb-b20c-491b-8614-42ba02276836/datanode-1/data/ratis/248ddc66-899b-483a-85d9-cc443cf04c15 was interrupted, exiting. There are 0 tasks remaining in the queue.
2019-09-05 17:46:08,934 [grpc-default-executor-4] INFO  segmented.SegmentedRaftLogWorker (SegmentedRaftLogWorker.java:close(228)) - 2d64b654-7f45-48f8-94bd-17273b14c273-SegmentedRaftLogWorker:Storage Directory /workdir/hadoop-ozone/integration-test/target/test-dir/MiniOzoneClusterImpl-16d58beb-b20c-491b-8614-42ba02276836/datanode-1/data/ratis/248ddc66-899b-483a-85d9-cc443cf04c15 close()
2019-09-05 17:46:10,462 [java.util.concurrent.ThreadPoolExecutor$Worker@2a6288d1[State = -1, empty queue]] WARN  server.GrpcLogAppender (GrpcLogAppender.java:timeoutAppendRequest(200)) - GrpcLogAppender(63019528-44bb-4614-8879-5aa23dc8c351->0458fa0a-4d99-412c-a137-2f07c0465a23): appendEntries Timeout, request=63019528-44bb-4614-8879-5aa23dc8c351->0458fa0a-4d99-412c-a137-2f07c0465a23#22-t1, previous=(t:1, i:0), leaderCommit=0, initializing? false, entries: <empty>
2019-09-05 17:46:12,962 [java.util.concurrent.ThreadPoolExecutor$Worker@2a6288d1[State = -1, empty queue]] WARN  server.GrpcLogAppender (GrpcLogAppender.java:timeoutAppendRequest(200)) - GrpcLogAppender(63019528-44bb-4614-8879-5aa23dc8c351->0458fa0a-4d99-412c-a137-2f07c0465a23): appendEntries Timeout, request=63019528-44bb-4614-8879-5aa23dc8c351->0458fa0a-4d99-412c-a137-2f07c0465a23#23-t1, previous=(t:1, i:0), leaderCommit=0, initializing? false, entries: <empty>
2019-09-05 17:46:12,969 [java.util.concurrent.ThreadPoolExecutor$Worker@3b459040[State = -1, empty queue]] WARN  server.GrpcLogAppender (GrpcLogAppender.java:timeoutAppendRequest(200)) - GrpcLogAppender(63019528-44bb-4614-8879-5aa23dc8c351->2d64b654-7f45-48f8-94bd-17273b14c273): appendEntries Timeout, request=63019528-44bb-4614-8879-5aa23dc8c351->2d64b654-7f45-48f8-94bd-17273b14c273#23-t1, previous=(t:1, i:0), leaderCommit=0, initializing? false, entries: <empty>
2019-09-05 17:46:13,257 [grpc-default-executor-5] INFO  client.GrpcClientProtocolClient (GrpcClientProtocolClient.java:onNext(255)) - client-FF3FC3B045FD->63019528-44bb-4614-8879-5aa23dc8c351: receive RaftClientReply:client-FF3FC3B045FD->63019528-44bb-4614-8879-5aa23dc8c351@group-6813D8658313, cid=49, FAILED org.apache.ratis.protocol.NotLeaderException: Server 63019528-44bb-4614-8879-5aa23dc8c351 is not the leader (2d64b654-7f45-48f8-94bd-17273b14c273:192.168.36.125:39127). Request must be sent to leader., logIndex=0, commits[63019528-44bb-4614-8879-5aa23dc8c351:c8, 0458fa0a-4d99-412c-a137-2f07c0465a23:c8, 2d64b654-7f45-48f8-94bd-17273b14c273:c8]
2019-09-05 17:46:15,463 [java.util.concurrent.ThreadPoolExecutor$Worker@2a6288d1[State = -1, empty queue]] WARN  server.GrpcLogAppender (GrpcLogAppender.java:timeoutAppendRequest(200)) - GrpcLogAppender(63019528-44bb-4614-8879-5aa23dc8c351->0458fa0a-4d99-412c-a137-2f07c0465a23): appendEntries Timeout, request=63019528-44bb-4614-8879-5aa23dc8c351->0458fa0a-4d99-412c-a137-2f07c0465a23#24-t1, previous=(t:1, i:0), leaderCommit=0, initializing? false, entries: <empty>
2019-09-05 17:46:15,469 [java.util.concurrent.ThreadPoolExecutor$Worker@3b459040[State = -1, empty queue]] WARN  server.GrpcLogAppender (GrpcLogAppender.java:timeoutAppendRequest(200)) - GrpcLogAppender(63019528-44bb-4614-8879-5aa23dc8c351->2d64b654-7f45-48f8-94bd-17273b14c273): appendEntries Timeout, request=63019528-44bb-4614-8879-5aa23dc8c351->2d64b654-7f45-48f8-94bd-17273b14c273#24-t1, previous=(t:1, i:0), leaderCommit=0, initializing? false, entries: <empty>
2019-09-05 17:46:17,925 [grpc-default-executor-5] INFO  impl.RaftServerProxy (RaftServerProxy.java:remove(95)) - 63019528-44bb-4614-8879-5aa23dc8c351: remove   LEADER group-CC443CF04C15 63019528-44bb-4614-8879-5aa23dc8c351:t1, leader=63019528-44bb-4614-8879-5aa23dc8c351, voted=63019528-44bb-4614-8879-5aa23dc8c351, raftlog=63019528-44bb-4614-8879-5aa23dc8c351-SegmentedRaftLog:OPENED:c0,f0,i0, conf=0: [0458fa0a-4d99-412c-a137-2f07c0465a23:192.168.36.125:38969, 63019528-44bb-4614-8879-5aa23dc8c351:192.168.36.125:44072, 2d64b654-7f45-48f8-94bd-17273b14c273:192.168.36.125:39127], old=null RUNNING
2019-09-05 17:46:17,925 [grpc-default-executor-5] INFO  impl.RaftServerImpl (RaftServerImpl.java:lambda$shutdown$3(245)) - 63019528-44bb-4614-8879-5aa23dc8c351: shutdown group-CC443CF04C15
2019-09-05 17:46:17,925 [grpc-default-executor-5] INFO  util.JmxRegister (JmxRegister.java:unregister(73)) - Successfully un-registered JMX Bean with object name Ratis:service=RaftServer,group=group-CC443CF04C15,id=63019528-44bb-4614-8879-5aa23dc8c351
2019-09-05 17:46:17,926 [grpc-default-executor-5] INFO  impl.RoleInfo (RoleInfo.java:shutdownLeaderState(104)) - 63019528-44bb-4614-8879-5aa23dc8c351: shutdown LeaderState
2019-09-05 17:46:17,930 [grpc-default-executor-5] INFO  impl.PendingRequests (PendingRequests.java:sendNotLeaderResponses(202)) - 63019528-44bb-4614-8879-5aa23dc8c351-PendingRequests: sendNotLeaderResponses
2019-09-05 17:46:17,930 [org.apache.ratis.server.impl.LogAppender$AppenderDaemon$$Lambda$693/2107611478@32bc3f76] WARN  server.GrpcLogAppender (GrpcLogAppender.java:mayWait(143)) - GrpcLogAppender(63019528-44bb-4614-8879-5aa23dc8c351->0458fa0a-4d99-412c-a137-2f07c0465a23): Wait interrupted by java.lang.InterruptedException
2019-09-05 17:46:17,930 [org.apache.ratis.server.impl.LogAppender$AppenderDaemon$$Lambda$693/2107611478@77bea745] WARN  server.GrpcLogAppender (GrpcLogAppender.java:mayWait(143)) - GrpcLogAppender(63019528-44bb-4614-8879-5aa23dc8c351->2d64b654-7f45-48f8-94bd-17273b14c273): Wait interrupted by java.lang.InterruptedException
2019-09-05 17:46:17,930 [grpc-default-executor-5] INFO  impl.StateMachineUpdater (StateMachineUpdater.java:stopAndJoin(115)) - StateMachineUpdater:63019528-44bb-4614-8879-5aa23dc8c351:group-CC443CF04C15: set stopIndex = 0
2019-09-05 17:46:17,930 [grpc-default-executor-5] INFO  impl.RaftServerImpl (ServerState.java:close(394)) - 63019528-44bb-4614-8879-5aa23dc8c351:group-CC443CF04C15 closes. The last applied log index is 0
2019-09-05 17:46:17,931 [grpc-default-executor-1] INFO  server.GrpcServerProtocolService (GrpcServerProtocolService.java:onCompleted(104)) - 2d64b654-7f45-48f8-94bd-17273b14c273: appendEntries completed
2019-09-05 17:46:17,931 [grpc-default-executor-4] INFO  server.GrpcServerProtocolService (GrpcServerProtocolService.java:onCompleted(104)) - 0458fa0a-4d99-412c-a137-2f07c0465a23: appendEntries completed
2019-09-05 17:46:17,931 [63019528-44bb-4614-8879-5aa23dc8c351-SegmentedRaftLogWorker:Storage Directory /workdir/hadoop-ozone/integration-test/target/test-dir/MiniOzoneClusterImpl-16d58beb-b20c-491b-8614-42ba02276836/datanode-5/data/ratis/248ddc66-899b-483a-85d9-cc443cf04c15] INFO  segmented.SegmentedRaftLogWorker (SegmentedRaftLogWorker.java:run(313)) - 63019528-44bb-4614-8879-5aa23dc8c351-SegmentedRaftLogWorker:Storage Directory /workdir/hadoop-ozone/integration-test/target/test-dir/MiniOzoneClusterImpl-16d58beb-b20c-491b-8614-42ba02276836/datanode-5/data/ratis/248ddc66-899b-483a-85d9-cc443cf04c15 was interrupted, exiting. There are 0 tasks remaining in the queue.
2019-09-05 17:46:17,933 [grpc-default-executor-5] INFO  segmented.SegmentedRaftLogWorker (SegmentedRaftLogWorker.java:close(228)) - 63019528-44bb-4614-8879-5aa23dc8c351-SegmentedRaftLogWorker:Storage Directory /workdir/hadoop-ozone/integration-test/target/test-dir/MiniOzoneClusterImpl-16d58beb-b20c-491b-8614-42ba02276836/datanode-5/data/ratis/248ddc66-899b-483a-85d9-cc443cf04c15 close()
2019-09-05 17:46:17,933 [grpc-default-executor-1] INFO  server.GrpcLogAppender (GrpcLogAppender.java:onCompleted(292)) - 63019528-44bb-4614-8879-5aa23dc8c351->2d64b654-7f45-48f8-94bd-17273b14c273: follower responses appendEntries COMPLETED
2019-09-05 17:46:17,933 [grpc-default-executor-4] INFO  server.GrpcLogAppender (GrpcLogAppender.java:onCompleted(292)) - 63019528-44bb-4614-8879-5aa23dc8c351->0458fa0a-4d99-412c-a137-2f07c0465a23: follower responses appendEntries COMPLETED
2019-09-05 17:46:17,947 [grpc-default-executor-1] INFO  impl.FollowerInfo (FollowerInfo.java:lambda$new$0(50)) - 63019528-44bb-4614-8879-5aa23dc8c351->2d64b654-7f45-48f8-94bd-17273b14c273: nextIndex: updateUnconditionally 1 -> 0
2019-09-05 17:46:17,947 [grpc-default-executor-4] INFO  impl.FollowerInfo (FollowerInfo.java:lambda$new$0(50)) - 63019528-44bb-4614-8879-5aa23dc8c351->0458fa0a-4d99-412c-a137-2f07c0465a23: nextIndex: updateUnconditionally 1 -> 0
2019-09-05 17:46:18,287 [grpc-default-executor-5] INFO  client.GrpcClientProtocolClient (GrpcClientProtocolClient.java:onNext(255)) - client-FF3FC3B045FD->0458fa0a-4d99-412c-a137-2f07c0465a23: receive RaftClientReply:client-FF3FC3B045FD->0458fa0a-4d99-412c-a137-2f07c0465a23@group-6813D8658313, cid=49, FAILED org.apache.ratis.protocol.NotLeaderException: Server 0458fa0a-4d99-412c-a137-2f07c0465a23 is not the leader (2d64b654-7f45-48f8-94bd-17273b14c273:192.168.36.125:39127). Request must be sent to leader., logIndex=0, commits[0458fa0a-4d99-412c-a137-2f07c0465a23:c8, 63019528-44bb-4614-8879-5aa23dc8c351:c8, 2d64b654-7f45-48f8-94bd-17273b14c273:c8]
2019-09-05 17:46:23,322 [grpc-default-executor-5] INFO  client.GrpcClientProtocolClient (GrpcClientProtocolClient.java:onNext(255)) - client-FF3FC3B045FD->63019528-44bb-4614-8879-5aa23dc8c351: receive RaftClientReply:client-FF3FC3B045FD->63019528-44bb-4614-8879-5aa23dc8c351@group-6813D8658313, cid=49, FAILED org.apache.ratis.protocol.NotLeaderException: Server 63019528-44bb-4614-8879-5aa23dc8c351 is not the leader (2d64b654-7f45-48f8-94bd-17273b14c273:192.168.36.125:39127). Request must be sent to leader., logIndex=0, commits[63019528-44bb-4614-8879-5aa23dc8c351:c8, 0458fa0a-4d99-412c-a137-2f07c0465a23:c8, 2d64b654-7f45-48f8-94bd-17273b14c273:c8]
2019-09-05 17:46:28,352 [grpc-default-executor-4] INFO  client.GrpcClientProtocolClient (GrpcClientProtocolClient.java:onNext(255)) - client-FF3FC3B045FD->0458fa0a-4d99-412c-a137-2f07c0465a23: receive RaftClientReply:client-FF3FC3B045FD->0458fa0a-4d99-412c-a137-2f07c0465a23@group-6813D8658313, cid=49, FAILED org.apache.ratis.protocol.NotLeaderException: Server 0458fa0a-4d99-412c-a137-2f07c0465a23 is not the leader (2d64b654-7f45-48f8-94bd-17273b14c273:192.168.36.125:39127). Request must be sent to leader., logIndex=0, commits[0458fa0a-4d99-412c-a137-2f07c0465a23:c8, 63019528-44bb-4614-8879-5aa23dc8c351:c8, 2d64b654-7f45-48f8-94bd-17273b14c273:c8]
2019-09-05 17:46:33,393 [grpc-default-executor-4] INFO  client.GrpcClientProtocolClient (GrpcClientProtocolClient.java:onNext(255)) - client-FF3FC3B045FD->0458fa0a-4d99-412c-a137-2f07c0465a23: receive RaftClientReply:client-FF3FC3B045FD->0458fa0a-4d99-412c-a137-2f07c0465a23@group-6813D8658313, cid=49, FAILED org.apache.ratis.protocol.NotLeaderException: Server 0458fa0a-4d99-412c-a137-2f07c0465a23 is not the leader (2d64b654-7f45-48f8-94bd-17273b14c273:192.168.36.125:39127). Request must be sent to leader., logIndex=0, commits[0458fa0a-4d99-412c-a137-2f07c0465a23:c8, 63019528-44bb-4614-8879-5aa23dc8c351:c8, 2d64b654-7f45-48f8-94bd-17273b14c273:c8]
2019-09-05 17:46:38,425 [grpc-default-executor-5] INFO  client.GrpcClientProtocolClient (GrpcClientProtocolClient.java:onNext(255)) - client-FF3FC3B045FD->63019528-44bb-4614-8879-5aa23dc8c351: receive RaftClientReply:client-FF3FC3B045FD->63019528-44bb-4614-8879-5aa23dc8c351@group-6813D8658313, cid=49, FAILED org.apache.ratis.protocol.NotLeaderException: Server 63019528-44bb-4614-8879-5aa23dc8c351 is not the leader (2d64b654-7f45-48f8-94bd-17273b14c273:192.168.36.125:39127). Request must be sent to leader., logIndex=0, commits[63019528-44bb-4614-8879-5aa23dc8c351:c8, 0458fa0a-4d99-412c-a137-2f07c0465a23:c8, 2d64b654-7f45-48f8-94bd-17273b14c273:c8]
2019-09-05 17:46:43,455 [grpc-default-executor-1] INFO  client.GrpcClientProtocolClient (GrpcClientProtocolClient.java:onNext(255)) - client-FF3FC3B045FD->63019528-44bb-4614-8879-5aa23dc8c351: receive RaftClientReply:client-FF3FC3B045FD->63019528-44bb-4614-8879-5aa23dc8c351@group-6813D8658313, cid=49, FAILED org.apache.ratis.protocol.NotLeaderException: Server 63019528-44bb-4614-8879-5aa23dc8c351 is not the leader (2d64b654-7f45-48f8-94bd-17273b14c273:192.168.36.125:39127). Request must be sent to leader., logIndex=0, commits[63019528-44bb-4614-8879-5aa23dc8c351:c8, 0458fa0a-4d99-412c-a137-2f07c0465a23:c8, 2d64b654-7f45-48f8-94bd-17273b14c273:c8]
2019-09-05 17:46:48,488 [grpc-default-executor-5] INFO  client.GrpcClientProtocolClient (GrpcClientProtocolClient.java:onNext(255)) - client-FF3FC3B045FD->63019528-44bb-4614-8879-5aa23dc8c351: receive RaftClientReply:client-FF3FC3B045FD->63019528-44bb-4614-8879-5aa23dc8c351@group-6813D8658313, cid=49, FAILED org.apache.ratis.protocol.NotLeaderException: Server 63019528-44bb-4614-8879-5aa23dc8c351 is not the leader (2d64b654-7f45-48f8-94bd-17273b14c273:192.168.36.125:39127). Request must be sent to leader., logIndex=0, commits[63019528-44bb-4614-8879-5aa23dc8c351:c8, 0458fa0a-4d99-412c-a137-2f07c0465a23:c8, 2d64b654-7f45-48f8-94bd-17273b14c273:c8]
2019-09-05 17:46:53,530 [grpc-default-executor-5] INFO  client.GrpcClientProtocolClient (GrpcClientProtocolClient.java:onNext(255)) - client-FF3FC3B045FD->0458fa0a-4d99-412c-a137-2f07c0465a23: receive RaftClientReply:client-FF3FC3B045FD->0458fa0a-4d99-412c-a137-2f07c0465a23@group-6813D8658313, cid=49, FAILED org.apache.ratis.protocol.NotLeaderException: Server 0458fa0a-4d99-412c-a137-2f07c0465a23 is not the leader (2d64b654-7f45-48f8-94bd-17273b14c273:192.168.36.125:39127). Request must be sent to leader., logIndex=0, commits[0458fa0a-4d99-412c-a137-2f07c0465a23:c8, 63019528-44bb-4614-8879-5aa23dc8c351:c8, 2d64b654-7f45-48f8-94bd-17273b14c273:c8]
2019-09-05 17:46:58,557 [grpc-default-executor-1] INFO  client.GrpcClientProtocolClient (GrpcClientProtocolClient.java:onNext(255)) - client-FF3FC3B045FD->0458fa0a-4d99-412c-a137-2f07c0465a23: receive RaftClientReply:client-FF3FC3B045FD->0458fa0a-4d99-412c-a137-2f07c0465a23@group-6813D8658313, cid=49, FAILED org.apache.ratis.protocol.NotLeaderException: Server 0458fa0a-4d99-412c-a137-2f07c0465a23 is not the leader (2d64b654-7f45-48f8-94bd-17273b14c273:192.168.36.125:39127). Request must be sent to leader., logIndex=0, commits[0458fa0a-4d99-412c-a137-2f07c0465a23:c8, 63019528-44bb-4614-8879-5aa23dc8c351:c8, 2d64b654-7f45-48f8-94bd-17273b14c273:c8]
2019-09-05 17:47:03,585 [grpc-default-executor-5] INFO  client.GrpcClientProtocolClient (GrpcClientProtocolClient.java:onNext(255)) - client-FF3FC3B045FD->63019528-44bb-4614-8879-5aa23dc8c351: receive RaftClientReply:client-FF3FC3B045FD->63019528-44bb-4614-8879-5aa23dc8c351@group-6813D8658313, cid=49, FAILED org.apache.ratis.protocol.NotLeaderException: Server 63019528-44bb-4614-8879-5aa23dc8c351 is not the leader (2d64b654-7f45-48f8-94bd-17273b14c273:192.168.36.125:39127). Request must be sent to leader., logIndex=0, commits[63019528-44bb-4614-8879-5aa23dc8c351:c8, 0458fa0a-4d99-412c-a137-2f07c0465a23:c8, 2d64b654-7f45-48f8-94bd-17273b14c273:c8]
2019-09-05 17:47:08,635 [grpc-default-executor-5] INFO  client.GrpcClientProtocolClient (GrpcClientProtocolClient.java:onNext(255)) - client-FF3FC3B045FD->63019528-44bb-4614-8879-5aa23dc8c351: receive RaftClientReply:client-FF3FC3B045FD->63019528-44bb-4614-8879-5aa23dc8c351@group-6813D8658313, cid=49, FAILED org.apache.ratis.protocol.NotLeaderException: Server 63019528-44bb-4614-8879-5aa23dc8c351 is not the leader (2d64b654-7f45-48f8-94bd-17273b14c273:192.168.36.125:39127). Request must be sent to leader., logIndex=0, commits[63019528-44bb-4614-8879-5aa23dc8c351:c8, 0458fa0a-4d99-412c-a137-2f07c0465a23:c8, 2d64b654-7f45-48f8-94bd-17273b14c273:c8]
2019-09-05 17:47:13,671 [grpc-default-executor-1] INFO  client.GrpcClientProtocolClient (GrpcClientProtocolClient.java:onNext(255)) - client-FF3FC3B045FD->0458fa0a-4d99-412c-a137-2f07c0465a23: receive RaftClientReply:client-FF3FC3B045FD->0458fa0a-4d99-412c-a137-2f07c0465a23@group-6813D8658313, cid=49, FAILED org.apache.ratis.protocol.NotLeaderException: Server 0458fa0a-4d99-412c-a137-2f07c0465a23 is not the leader (2d64b654-7f45-48f8-94bd-17273b14c273:192.168.36.125:39127). Request must be sent to leader., logIndex=0, commits[0458fa0a-4d99-412c-a137-2f07c0465a23:c8, 63019528-44bb-4614-8879-5aa23dc8c351:c8, 2d64b654-7f45-48f8-94bd-17273b14c273:c8]
2019-09-05 17:47:18,699 [grpc-default-executor-1] INFO  client.GrpcClientProtocolClient (GrpcClientProtocolClient.java:onNext(255)) - client-FF3FC3B045FD->63019528-44bb-4614-8879-5aa23dc8c351: receive RaftClientReply:client-FF3FC3B045FD->63019528-44bb-4614-8879-5aa23dc8c351@group-6813D8658313, cid=49, FAILED org.apache.ratis.protocol.NotLeaderException: Server 63019528-44bb-4614-8879-5aa23dc8c351 is not the leader (2d64b654-7f45-48f8-94bd-17273b14c273:192.168.36.125:39127). Request must be sent to leader., logIndex=0, commits[63019528-44bb-4614-8879-5aa23dc8c351:c8, 0458fa0a-4d99-412c-a137-2f07c0465a23:c8, 2d64b654-7f45-48f8-94bd-17273b14c273:c8]
2019-09-05 17:47:23,742 [grpc-default-executor-1] INFO  client.GrpcClientProtocolClient (GrpcClientProtocolClient.java:onNext(255)) - client-FF3FC3B045FD->0458fa0a-4d99-412c-a137-2f07c0465a23: receive RaftClientReply:client-FF3FC3B045FD->0458fa0a-4d99-412c-a137-2f07c0465a23@group-6813D8658313, cid=49, FAILED org.apache.ratis.protocol.NotLeaderException: Server 0458fa0a-4d99-412c-a137-2f07c0465a23 is not the leader (2d64b654-7f45-48f8-94bd-17273b14c273:192.168.36.125:39127). Request must be sent to leader., logIndex=0, commits[0458fa0a-4d99-412c-a137-2f07c0465a23:c8, 63019528-44bb-4614-8879-5aa23dc8c351:c8, 2d64b654-7f45-48f8-94bd-17273b14c273:c8]
2019-09-05 17:47:28,781 [grpc-default-executor-5] INFO  client.GrpcClientProtocolClient (GrpcClientProtocolClient.java:onNext(255)) - client-FF3FC3B045FD->63019528-44bb-4614-8879-5aa23dc8c351: receive RaftClientReply:client-FF3FC3B045FD->63019528-44bb-4614-8879-5aa23dc8c351@group-6813D8658313, cid=49, FAILED org.apache.ratis.protocol.NotLeaderException: Server 63019528-44bb-4614-8879-5aa23dc8c351 is not the leader (2d64b654-7f45-48f8-94bd-17273b14c273:192.168.36.125:39127). Request must be sent to leader., logIndex=0, commits[63019528-44bb-4614-8879-5aa23dc8c351:c8, 0458fa0a-4d99-412c-a137-2f07c0465a23:c8, 2d64b654-7f45-48f8-94bd-17273b14c273:c8]
2019-09-05 17:47:33,817 [grpc-default-executor-1] INFO  client.GrpcClientProtocolClient (GrpcClientProtocolClient.java:onNext(255)) - client-FF3FC3B045FD->63019528-44bb-4614-8879-5aa23dc8c351: receive RaftClientReply:client-FF3FC3B045FD->63019528-44bb-4614-8879-5aa23dc8c351@group-6813D8658313, cid=49, FAILED org.apache.ratis.protocol.NotLeaderException: Server 63019528-44bb-4614-8879-5aa23dc8c351 is not the leader (2d64b654-7f45-48f8-94bd-17273b14c273:192.168.36.125:39127). Request must be sent to leader., logIndex=0, commits[63019528-44bb-4614-8879-5aa23dc8c351:c8, 0458fa0a-4d99-412c-a137-2f07c0465a23:c8, 2d64b654-7f45-48f8-94bd-17273b14c273:c8]
2019-09-05 17:47:38,849 [grpc-default-executor-5] INFO  client.GrpcClientProtocolClient (GrpcClientProtocolClient.java:onNext(255)) - client-FF3FC3B045FD->63019528-44bb-4614-8879-5aa23dc8c351: receive RaftClientReply:client-FF3FC3B045FD->63019528-44bb-4614-8879-5aa23dc8c351@group-6813D8658313, cid=49, FAILED org.apache.ratis.protocol.NotLeaderException: Server 63019528-44bb-4614-8879-5aa23dc8c351 is not the leader (2d64b654-7f45-48f8-94bd-17273b14c273:192.168.36.125:39127). Request must be sent to leader., logIndex=0, commits[63019528-44bb-4614-8879-5aa23dc8c351:c8, 0458fa0a-4d99-412c-a137-2f07c0465a23:c8, 2d64b654-7f45-48f8-94bd-17273b14c273:c8]
2019-09-05 17:47:43,901 [grpc-default-executor-1] INFO  client.GrpcClientProtocolClient (GrpcClientProtocolClient.java:onNext(255)) - client-FF3FC3B045FD->0458fa0a-4d99-412c-a137-2f07c0465a23: receive RaftClientReply:client-FF3FC3B045FD->0458fa0a-4d99-412c-a137-2f07c0465a23@group-6813D8658313, cid=49, FAILED org.apache.ratis.protocol.NotLeaderException: Server 0458fa0a-4d99-412c-a137-2f07c0465a23 is not the leader (2d64b654-7f45-48f8-94bd-17273b14c273:192.168.36.125:39127). Request must be sent to leader., logIndex=0, commits[0458fa0a-4d99-412c-a137-2f07c0465a23:c8, 63019528-44bb-4614-8879-5aa23dc8c351:c8, 2d64b654-7f45-48f8-94bd-17273b14c273:c8]
2019-09-05 17:47:48,939 [grpc-default-executor-5] INFO  client.GrpcClientProtocolClient (GrpcClientProtocolClient.java:onNext(255)) - client-FF3FC3B045FD->63019528-44bb-4614-8879-5aa23dc8c351: receive RaftClientReply:client-FF3FC3B045FD->63019528-44bb-4614-8879-5aa23dc8c351@group-6813D8658313, cid=49, FAILED org.apache.ratis.protocol.NotLeaderException: Server 63019528-44bb-4614-8879-5aa23dc8c351 is not the leader (2d64b654-7f45-48f8-94bd-17273b14c273:192.168.36.125:39127). Request must be sent to leader., logIndex=0, commits[63019528-44bb-4614-8879-5aa23dc8c351:c8, 0458fa0a-4d99-412c-a137-2f07c0465a23:c8, 2d64b654-7f45-48f8-94bd-17273b14c273:c8]
2019-09-05 17:47:53,972 [grpc-default-executor-1] INFO  client.GrpcClientProtocolClient (GrpcClientProtocolClient.java:onNext(255)) - client-FF3FC3B045FD->0458fa0a-4d99-412c-a137-2f07c0465a23: receive RaftClientReply:client-FF3FC3B045FD->0458fa0a-4d99-412c-a137-2f07c0465a23@group-6813D8658313, cid=49, FAILED org.apache.ratis.protocol.NotLeaderException: Server 0458fa0a-4d99-412c-a137-2f07c0465a23 is not the leader (2d64b654-7f45-48f8-94bd-17273b14c273:192.168.36.125:39127). Request must be sent to leader., logIndex=0, commits[0458fa0a-4d99-412c-a137-2f07c0465a23:c8, 63019528-44bb-4614-8879-5aa23dc8c351:c8, 2d64b654-7f45-48f8-94bd-17273b14c273:c8]
2019-09-05 17:47:59,003 [grpc-default-executor-5] INFO  client.GrpcClientProtocolClient (GrpcClientProtocolClient.java:onNext(255)) - client-FF3FC3B045FD->63019528-44bb-4614-8879-5aa23dc8c351: receive RaftClientReply:client-FF3FC3B045FD->63019528-44bb-4614-8879-5aa23dc8c351@group-6813D8658313, cid=49, FAILED org.apache.ratis.protocol.NotLeaderException: Server 63019528-44bb-4614-8879-5aa23dc8c351 is not the leader (2d64b654-7f45-48f8-94bd-17273b14c273:192.168.36.125:39127). Request must be sent to leader., logIndex=0, commits[63019528-44bb-4614-8879-5aa23dc8c351:c8, 0458fa0a-4d99-412c-a137-2f07c0465a23:c8, 2d64b654-7f45-48f8-94bd-17273b14c273:c8]
2019-09-05 17:48:04,043 [grpc-default-executor-1] INFO  client.GrpcClientProtocolClient (GrpcClientProtocolClient.java:onNext(255)) - client-FF3FC3B045FD->0458fa0a-4d99-412c-a137-2f07c0465a23: receive RaftClientReply:client-FF3FC3B045FD->0458fa0a-4d99-412c-a137-2f07c0465a23@group-6813D8658313, cid=49, FAILED org.apache.ratis.protocol.NotLeaderException: Server 0458fa0a-4d99-412c-a137-2f07c0465a23 is not the leader (2d64b654-7f45-48f8-94bd-17273b14c273:192.168.36.125:39127). Request must be sent to leader., logIndex=0, commits[0458fa0a-4d99-412c-a137-2f07c0465a23:c8, 63019528-44bb-4614-8879-5aa23dc8c351:c8, 2d64b654-7f45-48f8-94bd-17273b14c273:c8]
2019-09-05 17:48:09,077 [grpc-default-executor-1] INFO  client.GrpcClientProtocolClient (GrpcClientProtocolClient.java:onNext(255)) - client-FF3FC3B045FD->0458fa0a-4d99-412c-a137-2f07c0465a23: receive RaftClientReply:client-FF3FC3B045FD->0458fa0a-4d99-412c-a137-2f07c0465a23@group-6813D8658313, cid=49, FAILED org.apache.ratis.protocol.NotLeaderException: Server 0458fa0a-4d99-412c-a137-2f07c0465a23 is not the leader (2d64b654-7f45-48f8-94bd-17273b14c273:192.168.36.125:39127). Request must be sent to leader., logIndex=0, commits[0458fa0a-4d99-412c-a137-2f07c0465a23:c8, 63019528-44bb-4614-8879-5aa23dc8c351:c8, 2d64b654-7f45-48f8-94bd-17273b14c273:c8]
2019-09-05 17:48:14,123 [grpc-default-executor-1] INFO  client.GrpcClientProtocolClient (GrpcClientProtocolClient.java:onNext(255)) - client-FF3FC3B045FD->0458fa0a-4d99-412c-a137-2f07c0465a23: receive RaftClientReply:client-FF3FC3B045FD->0458fa0a-4d99-412c-a137-2f07c0465a23@group-6813D8658313, cid=49, FAILED org.apache.ratis.protocol.NotLeaderException: Server 0458fa0a-4d99-412c-a137-2f07c0465a23 is not the leader (2d64b654-7f45-48f8-94bd-17273b14c273:192.168.36.125:39127). Request must be sent to leader., logIndex=0, commits[0458fa0a-4d99-412c-a137-2f07c0465a23:c8, 63019528-44bb-4614-8879-5aa23dc8c351:c8, 2d64b654-7f45-48f8-94bd-17273b14c273:c8]
2019-09-05 17:48:19,156 [grpc-default-executor-5] INFO  client.GrpcClientProtocolClient (GrpcClientProtocolClient.java:onNext(255)) - client-FF3FC3B045FD->0458fa0a-4d99-412c-a137-2f07c0465a23: receive RaftClientReply:client-FF3FC3B045FD->0458fa0a-4d99-412c-a137-2f07c0465a23@group-6813D8658313, cid=49, FAILED org.apache.ratis.protocol.NotLeaderException: Server 0458fa0a-4d99-412c-a137-2f07c0465a23 is not the leader (2d64b654-7f45-48f8-94bd-17273b14c273:192.168.36.125:39127). Request must be sent to leader., logIndex=0, commits[0458fa0a-4d99-412c-a137-2f07c0465a23:c8, 63019528-44bb-4614-8879-5aa23dc8c351:c8, 2d64b654-7f45-48f8-94bd-17273b14c273:c8]
2019-09-05 17:48:24,193 [grpc-default-executor-5] INFO  client.GrpcClientProtocolClient (GrpcClientProtocolClient.java:onNext(255)) - client-FF3FC3B045FD->0458fa0a-4d99-412c-a137-2f07c0465a23: receive RaftClientReply:client-FF3FC3B045FD->0458fa0a-4d99-412c-a137-2f07c0465a23@group-6813D8658313, cid=49, FAILED org.apache.ratis.protocol.NotLeaderException: Server 0458fa0a-4d99-412c-a137-2f07c0465a23 is not the leader (2d64b654-7f45-48f8-94bd-17273b14c273:192.168.36.125:39127). Request must be sent to leader., logIndex=0, commits[0458fa0a-4d99-412c-a137-2f07c0465a23:c8, 63019528-44bb-4614-8879-5aa23dc8c351:c8, 2d64b654-7f45-48f8-94bd-17273b14c273:c8]
2019-09-05 17:48:29,227 [grpc-default-executor-5] INFO  client.GrpcClientProtocolClient (GrpcClientProtocolClient.java:onNext(255)) - client-FF3FC3B045FD->63019528-44bb-4614-8879-5aa23dc8c351: receive RaftClientReply:client-FF3FC3B045FD->63019528-44bb-4614-8879-5aa23dc8c351@group-6813D8658313, cid=49, FAILED org.apache.ratis.protocol.NotLeaderException: Server 63019528-44bb-4614-8879-5aa23dc8c351 is not the leader (2d64b654-7f45-48f8-94bd-17273b14c273:192.168.36.125:39127). Request must be sent to leader., logIndex=0, commits[63019528-44bb-4614-8879-5aa23dc8c351:c8, 0458fa0a-4d99-412c-a137-2f07c0465a23:c8, 2d64b654-7f45-48f8-94bd-17273b14c273:c8]
2019-09-05 17:48:34,256 [grpc-default-executor-5] INFO  client.GrpcClientProtocolClient (GrpcClientProtocolClient.java:onNext(255)) - client-FF3FC3B045FD->63019528-44bb-4614-8879-5aa23dc8c351: receive RaftClientReply:client-FF3FC3B045FD->63019528-44bb-4614-8879-5aa23dc8c351@group-6813D8658313, cid=49, FAILED org.apache.ratis.protocol.NotLeaderException: Server 63019528-44bb-4614-8879-5aa23dc8c351 is not the leader (2d64b654-7f45-48f8-94bd-17273b14c273:192.168.36.125:39127). Request must be sent to leader., logIndex=0, commits[63019528-44bb-4614-8879-5aa23dc8c351:c8, 0458fa0a-4d99-412c-a137-2f07c0465a23:c8, 2d64b654-7f45-48f8-94bd-17273b14c273:c8]
2019-09-05 17:48:39,288 [grpc-default-executor-5] INFO  client.GrpcClientProtocolClient (GrpcClientProtocolClient.java:onNext(255)) - client-FF3FC3B045FD->0458fa0a-4d99-412c-a137-2f07c0465a23: receive RaftClientReply:client-FF3FC3B045FD->0458fa0a-4d99-412c-a137-2f07c0465a23@group-6813D8658313, cid=49, FAILED org.apache.ratis.protocol.NotLeaderException: Server 0458fa0a-4d99-412c-a137-2f07c0465a23 is not the leader (2d64b654-7f45-48f8-94bd-17273b14c273:192.168.36.125:39127). Request must be sent to leader., logIndex=0, commits[0458fa0a-4d99-412c-a137-2f07c0465a23:c8, 63019528-44bb-4614-8879-5aa23dc8c351:c8, 2d64b654-7f45-48f8-94bd-17273b14c273:c8]
2019-09-05 17:48:44,322 [grpc-default-executor-10] INFO  client.GrpcClientProtocolClient (GrpcClientProtocolClient.java:onNext(255)) - client-FF3FC3B045FD->0458fa0a-4d99-412c-a137-2f07c0465a23: receive RaftClientReply:client-FF3FC3B045FD->0458fa0a-4d99-412c-a137-2f07c0465a23@group-6813D8658313, cid=49, FAILED org.apache.ratis.protocol.NotLeaderException: Server 0458fa0a-4d99-412c-a137-2f07c0465a23 is not the leader (2d64b654-7f45-48f8-94bd-17273b14c273:192.168.36.125:39127). Request must be sent to leader., logIndex=0, commits[0458fa0a-4d99-412c-a137-2f07c0465a23:c8, 63019528-44bb-4614-8879-5aa23dc8c351:c8, 2d64b654-7f45-48f8-94bd-17273b14c273:c8]
2019-09-05 17:48:49,348 [grpc-default-executor-5] INFO  client.GrpcClientProtocolClient (GrpcClientProtocolClient.java:onNext(255)) - client-FF3FC3B045FD->0458fa0a-4d99-412c-a137-2f07c0465a23: receive RaftClientReply:client-FF3FC3B045FD->0458fa0a-4d99-412c-a137-2f07c0465a23@group-6813D8658313, cid=49, FAILED org.apache.ratis.protocol.NotLeaderException: Server 0458fa0a-4d99-412c-a137-2f07c0465a23 is not the leader (2d64b654-7f45-48f8-94bd-17273b14c273:192.168.36.125:39127). Request must be sent to leader., logIndex=0, commits[0458fa0a-4d99-412c-a137-2f07c0465a23:c8, 63019528-44bb-4614-8879-5aa23dc8c351:c8, 2d64b654-7f45-48f8-94bd-17273b14c273:c8]
2019-09-05 17:48:54,377 [grpc-default-executor-5] INFO  client.GrpcClientProtocolClient (GrpcClientProtocolClient.java:onNext(255)) - client-FF3FC3B045FD->63019528-44bb-4614-8879-5aa23dc8c351: receive RaftClientReply:client-FF3FC3B045FD->63019528-44bb-4614-8879-5aa23dc8c351@group-6813D8658313, cid=49, FAILED org.apache.ratis.protocol.NotLeaderException: Server 63019528-44bb-4614-8879-5aa23dc8c351 is not the leader (2d64b654-7f45-48f8-94bd-17273b14c273:192.168.36.125:39127). Request must be sent to leader., logIndex=0, commits[63019528-44bb-4614-8879-5aa23dc8c351:c8, 0458fa0a-4d99-412c-a137-2f07c0465a23:c8, 2d64b654-7f45-48f8-94bd-17273b14c273:c8]
2019-09-05 17:48:59,419 [grpc-default-executor-5] INFO  client.GrpcClientProtocolClient (GrpcClientProtocolClient.java:onNext(255)) - client-FF3FC3B045FD->63019528-44bb-4614-8879-5aa23dc8c351: receive RaftClientReply:client-FF3FC3B045FD->63019528-44bb-4614-8879-5aa23dc8c351@group-6813D8658313, cid=49, FAILED org.apache.ratis.protocol.NotLeaderException: Server 63019528-44bb-4614-8879-5aa23dc8c351 is not the leader (2d64b654-7f45-48f8-94bd-17273b14c273:192.168.36.125:39127). Request must be sent to leader., logIndex=0, commits[63019528-44bb-4614-8879-5aa23dc8c351:c8, 0458fa0a-4d99-412c-a137-2f07c0465a23:c8, 2d64b654-7f45-48f8-94bd-17273b14c273:c8]
2019-09-05 17:49:04,454 [grpc-default-executor-10] INFO  client.GrpcClientProtocolClient (GrpcClientProtocolClient.java:onNext(255)) - client-FF3FC3B045FD->0458fa0a-4d99-412c-a137-2f07c0465a23: receive RaftClientReply:client-FF3FC3B045FD->0458fa0a-4d99-412c-a137-2f07c0465a23@group-6813D8658313, cid=49, FAILED org.apache.ratis.protocol.NotLeaderException: Server 0458fa0a-4d99-412c-a137-2f07c0465a23 is not the leader (2d64b654-7f45-48f8-94bd-17273b14c273:192.168.36.125:39127). Request must be sent to leader., logIndex=0, commits[0458fa0a-4d99-412c-a137-2f07c0465a23:c8, 63019528-44bb-4614-8879-5aa23dc8c351:c8, 2d64b654-7f45-48f8-94bd-17273b14c273:c8]
2019-09-05 17:49:09,499 [grpc-default-executor-10] INFO  client.GrpcClientProtocolClient (GrpcClientProtocolClient.java:onNext(255)) - client-FF3FC3B045FD->0458fa0a-4d99-412c-a137-2f07c0465a23: receive RaftClientReply:client-FF3FC3B045FD->0458fa0a-4d99-412c-a137-2f07c0465a23@group-6813D8658313, cid=49, FAILED org.apache.ratis.protocol.NotLeaderException: Server 0458fa0a-4d99-412c-a137-2f07c0465a23 is not the leader (2d64b654-7f45-48f8-94bd-17273b14c273:192.168.36.125:39127). Request must be sent to leader., logIndex=0, commits[0458fa0a-4d99-412c-a137-2f07c0465a23:c8, 63019528-44bb-4614-8879-5aa23dc8c351:c8, 2d64b654-7f45-48f8-94bd-17273b14c273:c8]
2019-09-05 17:49:14,538 [grpc-default-executor-10] INFO  client.GrpcClientProtocolClient (GrpcClientProtocolClient.java:onNext(255)) - client-FF3FC3B045FD->63019528-44bb-4614-8879-5aa23dc8c351: receive RaftClientReply:client-FF3FC3B045FD->63019528-44bb-4614-8879-5aa23dc8c351@group-6813D8658313, cid=49, FAILED org.apache.ratis.protocol.NotLeaderException: Server 63019528-44bb-4614-8879-5aa23dc8c351 is not the leader (2d64b654-7f45-48f8-94bd-17273b14c273:192.168.36.125:39127). Request must be sent to leader., logIndex=0, commits[63019528-44bb-4614-8879-5aa23dc8c351:c8, 0458fa0a-4d99-412c-a137-2f07c0465a23:c8, 2d64b654-7f45-48f8-94bd-17273b14c273:c8]
2019-09-05 17:49:19,584 [grpc-default-executor-10] INFO  client.GrpcClientProtocolClient (GrpcClientProtocolClient.java:onNext(255)) - client-FF3FC3B045FD->63019528-44bb-4614-8879-5aa23dc8c351: receive RaftClientReply:client-FF3FC3B045FD->63019528-44bb-4614-8879-5aa23dc8c351@group-6813D8658313, cid=49, FAILED org.apache.ratis.protocol.NotLeaderException: Server 63019528-44bb-4614-8879-5aa23dc8c351 is not the leader (2d64b654-7f45-48f8-94bd-17273b14c273:192.168.36.125:39127). Request must be sent to leader., logIndex=0, commits[63019528-44bb-4614-8879-5aa23dc8c351:c8, 0458fa0a-4d99-412c-a137-2f07c0465a23:c8, 2d64b654-7f45-48f8-94bd-17273b14c273:c8]
2019-09-05 17:49:24,628 [grpc-default-executor-10] INFO  client.GrpcClientProtocolClient (GrpcClientProtocolClient.java:onNext(255)) - client-FF3FC3B045FD->0458fa0a-4d99-412c-a137-2f07c0465a23: receive RaftClientReply:client-FF3FC3B045FD->0458fa0a-4d99-412c-a137-2f07c0465a23@group-6813D8658313, cid=49, FAILED org.apache.ratis.protocol.NotLeaderException: Server 0458fa0a-4d99-412c-a137-2f07c0465a23 is not the leader (2d64b654-7f45-48f8-94bd-17273b14c273:192.168.36.125:39127). Request must be sent to leader., logIndex=0, commits[0458fa0a-4d99-412c-a137-2f07c0465a23:c8, 63019528-44bb-4614-8879-5aa23dc8c351:c8, 2d64b654-7f45-48f8-94bd-17273b14c273:c8]
2019-09-05 17:49:29,661 [grpc-default-executor-5] INFO  client.GrpcClientProtocolClient (GrpcClientProtocolClient.java:onNext(255)) - client-FF3FC3B045FD->0458fa0a-4d99-412c-a137-2f07c0465a23: receive RaftClientReply:client-FF3FC3B045FD->0458fa0a-4d99-412c-a137-2f07c0465a23@group-6813D8658313, cid=49, FAILED org.apache.ratis.protocol.NotLeaderException: Server 0458fa0a-4d99-412c-a137-2f07c0465a23 is not the leader (2d64b654-7f45-48f8-94bd-17273b14c273:192.168.36.125:39127). Request must be sent to leader., logIndex=0, commits[0458fa0a-4d99-412c-a137-2f07c0465a23:c8, 63019528-44bb-4614-8879-5aa23dc8c351:c8, 2d64b654-7f45-48f8-94bd-17273b14c273:c8]
2019-09-05 17:49:34,689 [grpc-default-executor-5] INFO  client.GrpcClientProtocolClient (GrpcClientProtocolClient.java:onNext(255)) - client-FF3FC3B045FD->63019528-44bb-4614-8879-5aa23dc8c351: receive RaftClientReply:client-FF3FC3B045FD->63019528-44bb-4614-8879-5aa23dc8c351@group-6813D8658313, cid=49, FAILED org.apache.ratis.protocol.NotLeaderException: Server 63019528-44bb-4614-8879-5aa23dc8c351 is not the leader (2d64b654-7f45-48f8-94bd-17273b14c273:192.168.36.125:39127). Request must be sent to leader., logIndex=0, commits[63019528-44bb-4614-8879-5aa23dc8c351:c8, 0458fa0a-4d99-412c-a137-2f07c0465a23:c8, 2d64b654-7f45-48f8-94bd-17273b14c273:c8]
2019-09-05 17:49:39,715 [grpc-default-executor-10] INFO  client.GrpcClientProtocolClient (GrpcClientProtocolClient.java:onNext(255)) - client-FF3FC3B045FD->63019528-44bb-4614-8879-5aa23dc8c351: receive RaftClientReply:client-FF3FC3B045FD->63019528-44bb-4614-8879-5aa23dc8c351@group-6813D8658313, cid=49, FAILED org.apache.ratis.protocol.NotLeaderException: Server 63019528-44bb-4614-8879-5aa23dc8c351 is not the leader (2d64b654-7f45-48f8-94bd-17273b14c273:192.168.36.125:39127). Request must be sent to leader., logIndex=0, commits[63019528-44bb-4614-8879-5aa23dc8c351:c8, 0458fa0a-4d99-412c-a137-2f07c0465a23:c8, 2d64b654-7f45-48f8-94bd-17273b14c273:c8]
2019-09-05 17:49:44,748 [grpc-default-executor-11] INFO  client.GrpcClientProtocolClient (GrpcClientProtocolClient.java:onNext(255)) - client-FF3FC3B045FD->63019528-44bb-4614-8879-5aa23dc8c351: receive RaftClientReply:client-FF3FC3B045FD->63019528-44bb-4614-8879-5aa23dc8c351@group-6813D8658313, cid=49, FAILED org.apache.ratis.protocol.NotLeaderException: Server 63019528-44bb-4614-8879-5aa23dc8c351 is not the leader (2d64b654-7f45-48f8-94bd-17273b14c273:192.168.36.125:39127). Request must be sent to leader., logIndex=0, commits[63019528-44bb-4614-8879-5aa23dc8c351:c8, 0458fa0a-4d99-412c-a137-2f07c0465a23:c8, 2d64b654-7f45-48f8-94bd-17273b14c273:c8]
2019-09-05 17:49:49,784 [grpc-default-executor-11] INFO  client.GrpcClientProtocolClient (GrpcClientProtocolClient.java:onNext(255)) - client-FF3FC3B045FD->63019528-44bb-4614-8879-5aa23dc8c351: receive RaftClientReply:client-FF3FC3B045FD->63019528-44bb-4614-8879-5aa23dc8c351@group-6813D8658313, cid=49, FAILED org.apache.ratis.protocol.NotLeaderException: Server 63019528-44bb-4614-8879-5aa23dc8c351 is not the leader (2d64b654-7f45-48f8-94bd-17273b14c273:192.168.36.125:39127). Request must be sent to leader., logIndex=0, commits[63019528-44bb-4614-8879-5aa23dc8c351:c8, 0458fa0a-4d99-412c-a137-2f07c0465a23:c8, 2d64b654-7f45-48f8-94bd-17273b14c273:c8]
2019-09-05 17:49:54,810 [grpc-default-executor-10] INFO  client.GrpcClientProtocolClient (GrpcClientProtocolClient.java:onNext(255)) - client-FF3FC3B045FD->63019528-44bb-4614-8879-5aa23dc8c351: receive RaftClientReply:client-FF3FC3B045FD->63019528-44bb-4614-8879-5aa23dc8c351@group-6813D8658313, cid=49, FAILED org.apache.ratis.protocol.NotLeaderException: Server 63019528-44bb-4614-8879-5aa23dc8c351 is not the leader (2d64b654-7f45-48f8-94bd-17273b14c273:192.168.36.125:39127). Request must be sent to leader., logIndex=0, commits[63019528-44bb-4614-8879-5aa23dc8c351:c8, 0458fa0a-4d99-412c-a137-2f07c0465a23:c8, 2d64b654-7f45-48f8-94bd-17273b14c273:c8]
2019-09-05 17:49:59,838 [grpc-default-executor-11] INFO  client.GrpcClientProtocolClient (GrpcClientProtocolClient.java:onNext(255)) - client-FF3FC3B045FD->63019528-44bb-4614-8879-5aa23dc8c351: receive RaftClientReply:client-FF3FC3B045FD->63019528-44bb-4614-8879-5aa23dc8c351@group-6813D8658313, cid=49, FAILED org.apache.ratis.protocol.NotLeaderException: Server 63019528-44bb-4614-8879-5aa23dc8c351 is not the leader (2d64b654-7f45-48f8-94bd-17273b14c273:192.168.36.125:39127). Request must be sent to leader., logIndex=0, commits[63019528-44bb-4614-8879-5aa23dc8c351:c8, 0458fa0a-4d99-412c-a137-2f07c0465a23:c8, 2d64b654-7f45-48f8-94bd-17273b14c273:c8]
2019-09-05 17:50:04,049 [ReplicationMonitor] INFO  container.ReplicationManager (ReplicationManager.java:run(225)) - Replication Monitor Thread took 1 milliseconds for processing 3 containers.
2019-09-05 17:50:04,870 [grpc-default-executor-10] INFO  client.GrpcClientProtocolClient (GrpcClientProtocolClient.java:onNext(255)) - client-FF3FC3B045FD->0458fa0a-4d99-412c-a137-2f07c0465a23: receive RaftClientReply:client-FF3FC3B045FD->0458fa0a-4d99-412c-a137-2f07c0465a23@group-6813D8658313, cid=49, FAILED org.apache.ratis.protocol.NotLeaderException: Server 0458fa0a-4d99-412c-a137-2f07c0465a23 is not the leader (2d64b654-7f45-48f8-94bd-17273b14c273:192.168.36.125:39127). Request must be sent to leader., logIndex=0, commits[0458fa0a-4d99-412c-a137-2f07c0465a23:c8, 63019528-44bb-4614-8879-5aa23dc8c351:c8, 2d64b654-7f45-48f8-94bd-17273b14c273:c8]
2019-09-05 17:50:09,910 [grpc-default-executor-11] INFO  client.GrpcClientProtocolClient (GrpcClientProtocolClient.java:onNext(255)) - client-FF3FC3B045FD->0458fa0a-4d99-412c-a137-2f07c0465a23: receive RaftClientReply:client-FF3FC3B045FD->0458fa0a-4d99-412c-a137-2f07c0465a23@group-6813D8658313, cid=49, FAILED org.apache.ratis.protocol.NotLeaderException: Server 0458fa0a-4d99-412c-a137-2f07c0465a23 is not the leader (2d64b654-7f45-48f8-94bd-17273b14c273:192.168.36.125:39127). Request must be sent to leader., logIndex=0, commits[0458fa0a-4d99-412c-a137-2f07c0465a23:c8, 63019528-44bb-4614-8879-5aa23dc8c351:c8, 2d64b654-7f45-48f8-94bd-17273b14c273:c8]
2019-09-05 17:50:14,942 [grpc-default-executor-11] INFO  client.GrpcClientProtocolClient (GrpcClientProtocolClient.java:onNext(255)) - client-FF3FC3B045FD->63019528-44bb-4614-8879-5aa23dc8c351: receive RaftClientReply:client-FF3FC3B045FD->63019528-44bb-4614-8879-5aa23dc8c351@group-6813D8658313, cid=49, FAILED org.apache.ratis.protocol.NotLeaderException: Server 63019528-44bb-4614-8879-5aa23dc8c351 is not the leader (2d64b654-7f45-48f8-94bd-17273b14c273:192.168.36.125:39127). Request must be sent to leader., logIndex=0, commits[63019528-44bb-4614-8879-5aa23dc8c351:c8, 0458fa0a-4d99-412c-a137-2f07c0465a23:c8, 2d64b654-7f45-48f8-94bd-17273b14c273:c8]
2019-09-05 17:50:19,966 [grpc-default-executor-11] INFO  client.GrpcClientProtocolClient (GrpcClientProtocolClient.java:onNext(255)) - client-FF3FC3B045FD->63019528-44bb-4614-8879-5aa23dc8c351: receive RaftClientReply:client-FF3FC3B045FD->63019528-44bb-4614-8879-5aa23dc8c351@group-6813D8658313, cid=49, FAILED org.apache.ratis.protocol.NotLeaderException: Server 63019528-44bb-4614-8879-5aa23dc8c351 is not the leader (2d64b654-7f45-48f8-94bd-17273b14c273:192.168.36.125:39127). Request must be sent to leader., logIndex=0, commits[63019528-44bb-4614-8879-5aa23dc8c351:c8, 0458fa0a-4d99-412c-a137-2f07c0465a23:c8, 2d64b654-7f45-48f8-94bd-17273b14c273:c8]
2019-09-05 17:50:24,994 [grpc-default-executor-10] INFO  client.GrpcClientProtocolClient (GrpcClientProtocolClient.java:onNext(255)) - client-FF3FC3B045FD->63019528-44bb-4614-8879-5aa23dc8c351: receive RaftClientReply:client-FF3FC3B045FD->63019528-44bb-4614-8879-5aa23dc8c351@group-6813D8658313, cid=49, FAILED org.apache.ratis.protocol.NotLeaderException: Server 63019528-44bb-4614-8879-5aa23dc8c351 is not the leader (2d64b654-7f45-48f8-94bd-17273b14c273:192.168.36.125:39127). Request must be sent to leader., logIndex=0, commits[63019528-44bb-4614-8879-5aa23dc8c351:c8, 0458fa0a-4d99-412c-a137-2f07c0465a23:c8, 2d64b654-7f45-48f8-94bd-17273b14c273:c8]
2019-09-05 17:50:30,035 [grpc-default-executor-11] INFO  client.GrpcClientProtocolClient (GrpcClientProtocolClient.java:onNext(255)) - client-FF3FC3B045FD->0458fa0a-4d99-412c-a137-2f07c0465a23: receive RaftClientReply:client-FF3FC3B045FD->0458fa0a-4d99-412c-a137-2f07c0465a23@group-6813D8658313, cid=49, FAILED org.apache.ratis.protocol.NotLeaderException: Server 0458fa0a-4d99-412c-a137-2f07c0465a23 is not the leader (2d64b654-7f45-48f8-94bd-17273b14c273:192.168.36.125:39127). Request must be sent to leader., logIndex=0, commits[0458fa0a-4d99-412c-a137-2f07c0465a23:c8, 63019528-44bb-4614-8879-5aa23dc8c351:c8, 2d64b654-7f45-48f8-94bd-17273b14c273:c8]
2019-09-05 17:50:30,043 [main] INFO  ozone.MiniOzoneClusterImpl (MiniOzoneClusterImpl.java:shutdown(307)) - Shutting down the Mini Ozone Cluster
2019-09-05 17:50:30,043 [main] INFO  ozone.MiniOzoneClusterImpl (MiniOzoneClusterImpl.java:stop(322)) - Stopping the Mini Ozone Cluster
2019-09-05 17:50:30,044 [main] INFO  ozone.MiniOzoneClusterImpl (MiniOzoneClusterImpl.java:stop(324)) - Stopping the OzoneManager
2019-09-05 17:50:30,044 [main] INFO  ipc.Server (Server.java:stop(3082)) - Stopping server on 40550
2019-09-05 17:50:30,069 [main] INFO  ratis.OzoneManagerDoubleBuffer (OzoneManagerDoubleBuffer.java:stop(248)) - Stopping OMDoubleBuffer flush thread
2019-09-05 17:50:30,069 [IPC Server Responder] INFO  ipc.Server (Server.java:run(1319)) - Stopping IPC Server Responder
2019-09-05 17:50:30,070 [IPC Server listener on 40550] INFO  ipc.Server (Server.java:run(1185)) - Stopping IPC Server listener on 40550
2019-09-05 17:50:30,070 [OMDoubleBufferFlushThread] INFO  ratis.OzoneManagerDoubleBuffer (OzoneManagerDoubleBuffer.java:flushTransactions(191)) - OMDoubleBuffer flush thread OMDoubleBufferFlushThread is interrupted and will exit. OMDoubleBufferFlushThread
2019-09-05 17:50:30,071 [main] INFO  utils.BackgroundService (BackgroundService.java:shutdown(148)) - Shutting down service KeyDeletingService
2019-09-05 17:50:30,095 [main] INFO  handler.ContextHandler (ContextHandler.java:doStop(910)) - Stopped o.e.j.w.WebAppContext@4a8a0099{/,null,UNAVAILABLE}{/ozoneManager}
2019-09-05 17:50:30,096 [main] INFO  server.AbstractConnector (AbstractConnector.java:doStop(318)) - Stopped ServerConnector@7c1447b5{HTTP/1.1,[http/1.1]}{0.0.0.0:0}
2019-09-05 17:50:30,096 [main] INFO  handler.ContextHandler (ContextHandler.java:doStop(910)) - Stopped o.e.j.s.ServletContextHandler@bc6288b{/static,file:///workdir/hadoop-ozone/integration-test/target/test-classes/webapps/static,UNAVAILABLE}
2019-09-05 17:50:30,097 [main] INFO  handler.ContextHandler (ContextHandler.java:doStop(910)) - Stopped o.e.j.s.ServletContextHandler@49a6f486{/logs,file:///workdir/hadoop-ozone/integration-test/target/log,UNAVAILABLE}
2019-09-05 17:50:30,100 [main] INFO  ozone.MiniOzoneClusterImpl (MiniOzoneClusterImpl.java:stop(330)) - Shutting the HddsDatanodes
2019-09-05 17:50:30,950 [Datanode State Machine Thread - 0] INFO  statemachine.DatanodeStateMachine (DatanodeStateMachine.java:lambda$startDaemon$0(350)) - Ozone container server started.
2019-09-05 17:50:30,981 [Datanode State Machine Thread - 0] INFO  statemachine.DatanodeStateMachine (DatanodeStateMachine.java:lambda$startDaemon$0(350)) - Ozone container server started.
2019-09-05 17:50:35,101 [ForkJoinPool.commonPool-worker-0] INFO  ozoneimpl.OzoneContainer (OzoneContainer.java:stop(215)) - Attempting to stop container services.
2019-09-05 17:50:35,101 [main] INFO  ozoneimpl.OzoneContainer (OzoneContainer.java:stop(215)) - Attempting to stop container services.
2019-09-05 17:50:35,102 [ForkJoinPool.commonPool-worker-0] INFO  impl.RaftServerProxy (RaftServerProxy.java:lambda$close$4(314)) - 2d64b654-7f45-48f8-94bd-17273b14c273: close
2019-09-05 17:50:35,103 [main] INFO  impl.RaftServerProxy (RaftServerProxy.java:lambda$close$4(314)) - 0458fa0a-4d99-412c-a137-2f07c0465a23: close
2019-09-05 17:50:35,103 [ForkJoinPool.commonPool-worker-0] INFO  impl.RaftServerImpl (RaftServerImpl.java:lambda$shutdown$3(245)) - 2d64b654-7f45-48f8-94bd-17273b14c273: shutdown group-6813D8658313
2019-09-05 17:50:35,103 [main] INFO  impl.RaftServerImpl (RaftServerImpl.java:lambda$shutdown$3(245)) - 0458fa0a-4d99-412c-a137-2f07c0465a23: shutdown group-3D55450724D1
2019-09-05 17:50:35,103 [ForkJoinPool.commonPool-worker-0] INFO  util.JmxRegister (JmxRegister.java:unregister(73)) - Successfully un-registered JMX Bean with object name Ratis:service=RaftServer,group=group-6813D8658313,id=2d64b654-7f45-48f8-94bd-17273b14c273
2019-09-05 17:50:35,103 [main] INFO  util.JmxRegister (JmxRegister.java:unregister(73)) - Successfully un-registered JMX Bean with object name Ratis:service=RaftServer,group=group-3D55450724D1,id=0458fa0a-4d99-412c-a137-2f07c0465a23
2019-09-05 17:50:35,103 [ForkJoinPool.commonPool-worker-0] INFO  impl.RoleInfo (RoleInfo.java:shutdownLeaderState(104)) - 2d64b654-7f45-48f8-94bd-17273b14c273: shutdown LeaderState
2019-09-05 17:50:35,104 [main] INFO  impl.RoleInfo (RoleInfo.java:shutdownLeaderState(104)) - 0458fa0a-4d99-412c-a137-2f07c0465a23: shutdown LeaderState
2019-09-05 17:50:35,110 [ForkJoinPool.commonPool-worker-0] INFO  impl.PendingRequests (PendingRequests.java:sendNotLeaderResponses(202)) - 2d64b654-7f45-48f8-94bd-17273b14c273-PendingRequests: sendNotLeaderResponses
2019-09-05 17:50:35,110 [org.apache.ratis.server.impl.LogAppender$AppenderDaemon$$Lambda$693/2107611478@32922c34] WARN  server.GrpcLogAppender (GrpcLogAppender.java:mayWait(143)) - GrpcLogAppender(2d64b654-7f45-48f8-94bd-17273b14c273->63019528-44bb-4614-8879-5aa23dc8c351): Wait interrupted by java.lang.InterruptedException
2019-09-05 17:50:35,110 [org.apache.ratis.server.impl.LogAppender$AppenderDaemon$$Lambda$693/2107611478@7790aca2] WARN  server.GrpcLogAppender (GrpcLogAppender.java:mayWait(143)) - GrpcLogAppender(2d64b654-7f45-48f8-94bd-17273b14c273->0458fa0a-4d99-412c-a137-2f07c0465a23): Wait interrupted by java.lang.InterruptedException
2019-09-05 17:50:35,111 [main] INFO  impl.PendingRequests (PendingRequests.java:sendNotLeaderResponses(202)) - 0458fa0a-4d99-412c-a137-2f07c0465a23-PendingRequests: sendNotLeaderResponses
2019-09-05 17:50:35,115 [main] INFO  impl.StateMachineUpdater (StateMachineUpdater.java:stopAndJoin(115)) - StateMachineUpdater:0458fa0a-4d99-412c-a137-2f07c0465a23:group-3D55450724D1: set stopIndex = 0
2019-09-05 17:50:35,115 [ForkJoinPool.commonPool-worker-0] INFO  impl.StateMachineUpdater (StateMachineUpdater.java:stopAndJoin(115)) - StateMachineUpdater:2d64b654-7f45-48f8-94bd-17273b14c273:group-6813D8658313: set stopIndex = 8
2019-09-05 17:50:35,115 [StateMachineUpdater:2d64b654-7f45-48f8-94bd-17273b14c273:group-6813D8658313] INFO  ratis.ContainerStateMachine (ContainerStateMachine.java:takeSnapshot(284)) - group-6813D8658313: Taking a snapshot at:(t:3, i:6) file /workdir/hadoop-ozone/integration-test/target/test-dir/MiniOzoneClusterImpl-16d58beb-b20c-491b-8614-42ba02276836/datanode-1/data/ratis/70507974-d156-4154-92e7-6813d8658313/sm/snapshot.3_6
2019-09-05 17:50:35,115 [grpc-default-executor-11] INFO  server.GrpcServerProtocolService (GrpcServerProtocolService.java:onCompleted(104)) - 0458fa0a-4d99-412c-a137-2f07c0465a23: appendEntries completed
2019-09-05 17:50:35,115 [grpc-default-executor-10] INFO  server.GrpcServerProtocolService (GrpcServerProtocolService.java:onCompleted(104)) - 63019528-44bb-4614-8879-5aa23dc8c351: appendEntries completed
2019-09-05 17:50:35,115 [main] INFO  impl.RaftServerImpl (ServerState.java:close(394)) - 0458fa0a-4d99-412c-a137-2f07c0465a23:group-3D55450724D1 closes. The last applied log index is 0
2019-09-05 17:50:35,116 [grpc-default-executor-11] INFO  server.GrpcLogAppender (GrpcLogAppender.java:onCompleted(292)) - 2d64b654-7f45-48f8-94bd-17273b14c273->0458fa0a-4d99-412c-a137-2f07c0465a23: follower responses appendEntries COMPLETED
2019-09-05 17:50:35,116 [0458fa0a-4d99-412c-a137-2f07c0465a23-SegmentedRaftLogWorker:Storage Directory /workdir/hadoop-ozone/integration-test/target/test-dir/MiniOzoneClusterImpl-16d58beb-b20c-491b-8614-42ba02276836/datanode-4/data/ratis/d60c1f4d-7e12-412d-802c-3d55450724d1] INFO  segmented.SegmentedRaftLogWorker (SegmentedRaftLogWorker.java:run(313)) - 0458fa0a-4d99-412c-a137-2f07c0465a23-SegmentedRaftLogWorker:Storage Directory /workdir/hadoop-ozone/integration-test/target/test-dir/MiniOzoneClusterImpl-16d58beb-b20c-491b-8614-42ba02276836/datanode-4/data/ratis/d60c1f4d-7e12-412d-802c-3d55450724d1 was interrupted, exiting. There are 0 tasks remaining in the queue.
2019-09-05 17:50:35,116 [grpc-default-executor-10] INFO  server.GrpcLogAppender (GrpcLogAppender.java:onCompleted(292)) - 2d64b654-7f45-48f8-94bd-17273b14c273->63019528-44bb-4614-8879-5aa23dc8c351: follower responses appendEntries COMPLETED
2019-09-05 17:50:35,119 [grpc-default-executor-11] INFO  impl.FollowerInfo (FollowerInfo.java:lambda$new$0(50)) - 2d64b654-7f45-48f8-94bd-17273b14c273->0458fa0a-4d99-412c-a137-2f07c0465a23: nextIndex: updateUnconditionally 9 -> 8
2019-09-05 17:50:35,119 [grpc-default-executor-10] INFO  impl.FollowerInfo (FollowerInfo.java:lambda$new$0(50)) - 2d64b654-7f45-48f8-94bd-17273b14c273->63019528-44bb-4614-8879-5aa23dc8c351: nextIndex: updateUnconditionally 9 -> 8
2019-09-05 17:50:35,119 [main] INFO  segmented.SegmentedRaftLogWorker (SegmentedRaftLogWorker.java:close(228)) - 0458fa0a-4d99-412c-a137-2f07c0465a23-SegmentedRaftLogWorker:Storage Directory /workdir/hadoop-ozone/integration-test/target/test-dir/MiniOzoneClusterImpl-16d58beb-b20c-491b-8614-42ba02276836/datanode-4/data/ratis/d60c1f4d-7e12-412d-802c-3d55450724d1 close()
2019-09-05 17:50:35,121 [main] INFO  impl.RaftServerImpl (RaftServerImpl.java:lambda$shutdown$3(245)) - 0458fa0a-4d99-412c-a137-2f07c0465a23: shutdown group-6813D8658313
2019-09-05 17:50:35,122 [main] INFO  util.JmxRegister (JmxRegister.java:unregister(73)) - Successfully un-registered JMX Bean with object name Ratis:service=RaftServer,group=group-6813D8658313,id=0458fa0a-4d99-412c-a137-2f07c0465a23
2019-09-05 17:50:35,122 [main] INFO  impl.RoleInfo (RoleInfo.java:shutdownFollowerState(121)) - 0458fa0a-4d99-412c-a137-2f07c0465a23: shutdown FollowerState
2019-09-05 17:50:35,122 [main] INFO  impl.StateMachineUpdater (StateMachineUpdater.java:stopAndJoin(115)) - StateMachineUpdater:0458fa0a-4d99-412c-a137-2f07c0465a23:group-6813D8658313: set stopIndex = 8
2019-09-05 17:50:35,122 [Thread-925] INFO  impl.FollowerState (FollowerState.java:run(114)) - 0458fa0a-4d99-412c-a137-2f07c0465a23: FollowerState was interrupted: java.lang.InterruptedException: sleep interrupted
2019-09-05 17:50:35,124 [StateMachineUpdater:0458fa0a-4d99-412c-a137-2f07c0465a23:group-6813D8658313] INFO  ratis.ContainerStateMachine (ContainerStateMachine.java:takeSnapshot(284)) - group-6813D8658313: Taking a snapshot at:(t:3, i:6) file /workdir/hadoop-ozone/integration-test/target/test-dir/MiniOzoneClusterImpl-16d58beb-b20c-491b-8614-42ba02276836/datanode-4/data/ratis/70507974-d156-4154-92e7-6813d8658313/sm/snapshot.3_6
2019-09-05 17:50:35,128 [StateMachineUpdater:2d64b654-7f45-48f8-94bd-17273b14c273:group-6813D8658313] INFO  ratis.ContainerStateMachine (ContainerStateMachine.java:takeSnapshot(295)) - group-6813D8658313: Finished taking a snapshot at:(t:3, i:6) file:/workdir/hadoop-ozone/integration-test/target/test-dir/MiniOzoneClusterImpl-16d58beb-b20c-491b-8614-42ba02276836/datanode-1/data/ratis/70507974-d156-4154-92e7-6813d8658313/sm/snapshot.3_6 time:13
2019-09-05 17:50:35,128 [StateMachineUpdater:2d64b654-7f45-48f8-94bd-17273b14c273:group-6813D8658313] INFO  impl.StateMachineUpdater (StateMachineUpdater.java:takeSnapshot(242)) - StateMachineUpdater:2d64b654-7f45-48f8-94bd-17273b14c273:group-6813D8658313: Took a snapshot at index 6
2019-09-05 17:50:35,128 [StateMachineUpdater:2d64b654-7f45-48f8-94bd-17273b14c273:group-6813D8658313] INFO  impl.StateMachineUpdater (StateMachineUpdater.java:lambda$new$0(80)) - StateMachineUpdater:2d64b654-7f45-48f8-94bd-17273b14c273:group-6813D8658313: snapshotIndex: updateIncreasingly -1 -> 6
2019-09-05 17:50:35,129 [ForkJoinPool.commonPool-worker-0] INFO  impl.RaftServerImpl (ServerState.java:close(394)) - 2d64b654-7f45-48f8-94bd-17273b14c273:group-6813D8658313 closes. The last applied log index is 8
2019-09-05 17:50:35,129 [2d64b654-7f45-48f8-94bd-17273b14c273-SegmentedRaftLogWorker:Storage Directory /workdir/hadoop-ozone/integration-test/target/test-dir/MiniOzoneClusterImpl-16d58beb-b20c-491b-8614-42ba02276836/datanode-1/data/ratis/70507974-d156-4154-92e7-6813d8658313] INFO  segmented.SegmentedRaftLogWorker (SegmentedRaftLogWorker.java:run(313)) - 2d64b654-7f45-48f8-94bd-17273b14c273-SegmentedRaftLogWorker:Storage Directory /workdir/hadoop-ozone/integration-test/target/test-dir/MiniOzoneClusterImpl-16d58beb-b20c-491b-8614-42ba02276836/datanode-1/data/ratis/70507974-d156-4154-92e7-6813d8658313 was interrupted, exiting. There are 0 tasks remaining in the queue.
2019-09-05 17:50:35,136 [ForkJoinPool.commonPool-worker-0] INFO  segmented.SegmentedRaftLogWorker (SegmentedRaftLogWorker.java:close(228)) - 2d64b654-7f45-48f8-94bd-17273b14c273-SegmentedRaftLogWorker:Storage Directory /workdir/hadoop-ozone/integration-test/target/test-dir/MiniOzoneClusterImpl-16d58beb-b20c-491b-8614-42ba02276836/datanode-1/data/ratis/70507974-d156-4154-92e7-6813d8658313 close()
2019-09-05 17:50:35,140 [ForkJoinPool.commonPool-worker-0] INFO  impl.RaftServerImpl (RaftServerImpl.java:lambda$shutdown$3(245)) - 2d64b654-7f45-48f8-94bd-17273b14c273: shutdown group-D0E1E87F2263
2019-09-05 17:50:35,140 [ForkJoinPool.commonPool-worker-0] INFO  util.JmxRegister (JmxRegister.java:unregister(73)) - Successfully un-registered JMX Bean with object name Ratis:service=RaftServer,group=group-D0E1E87F2263,id=2d64b654-7f45-48f8-94bd-17273b14c273
2019-09-05 17:50:35,140 [ForkJoinPool.commonPool-worker-0] INFO  impl.RoleInfo (RoleInfo.java:shutdownLeaderState(104)) - 2d64b654-7f45-48f8-94bd-17273b14c273: shutdown LeaderState
2019-09-05 17:50:35,141 [ForkJoinPool.commonPool-worker-0] INFO  impl.PendingRequests (PendingRequests.java:sendNotLeaderResponses(202)) - 2d64b654-7f45-48f8-94bd-17273b14c273-PendingRequests: sendNotLeaderResponses
2019-09-05 17:50:35,141 [ForkJoinPool.commonPool-worker-0] INFO  impl.StateMachineUpdater (StateMachineUpdater.java:stopAndJoin(115)) - StateMachineUpdater:2d64b654-7f45-48f8-94bd-17273b14c273:group-D0E1E87F2263: set stopIndex = 0
2019-09-05 17:50:35,142 [ForkJoinPool.commonPool-worker-0] INFO  impl.RaftServerImpl (ServerState.java:close(394)) - 2d64b654-7f45-48f8-94bd-17273b14c273:group-D0E1E87F2263 closes. The last applied log index is 0
2019-09-05 17:50:35,142 [2d64b654-7f45-48f8-94bd-17273b14c273-SegmentedRaftLogWorker:Storage Directory /workdir/hadoop-ozone/integration-test/target/test-dir/MiniOzoneClusterImpl-16d58beb-b20c-491b-8614-42ba02276836/datanode-1/data/ratis/792d2122-5ac8-407b-aee4-d0e1e87f2263] INFO  segmented.SegmentedRaftLogWorker (SegmentedRaftLogWorker.java:run(313)) - 2d64b654-7f45-48f8-94bd-17273b14c273-SegmentedRaftLogWorker:Storage Directory /workdir/hadoop-ozone/integration-test/target/test-dir/MiniOzoneClusterImpl-16d58beb-b20c-491b-8614-42ba02276836/datanode-1/data/ratis/792d2122-5ac8-407b-aee4-d0e1e87f2263 was interrupted, exiting. There are 0 tasks remaining in the queue.
2019-09-05 17:50:35,145 [StateMachineUpdater:0458fa0a-4d99-412c-a137-2f07c0465a23:group-6813D8658313] INFO  ratis.ContainerStateMachine (ContainerStateMachine.java:takeSnapshot(295)) - group-6813D8658313: Finished taking a snapshot at:(t:3, i:6) file:/workdir/hadoop-ozone/integration-test/target/test-dir/MiniOzoneClusterImpl-16d58beb-b20c-491b-8614-42ba02276836/datanode-4/data/ratis/70507974-d156-4154-92e7-6813d8658313/sm/snapshot.3_6 time:22
2019-09-05 17:50:35,145 [ForkJoinPool.commonPool-worker-0] INFO  segmented.SegmentedRaftLogWorker (SegmentedRaftLogWorker.java:close(228)) - 2d64b654-7f45-48f8-94bd-17273b14c273-SegmentedRaftLogWorker:Storage Directory /workdir/hadoop-ozone/integration-test/target/test-dir/MiniOzoneClusterImpl-16d58beb-b20c-491b-8614-42ba02276836/datanode-1/data/ratis/792d2122-5ac8-407b-aee4-d0e1e87f2263 close()
2019-09-05 17:50:35,145 [StateMachineUpdater:0458fa0a-4d99-412c-a137-2f07c0465a23:group-6813D8658313] INFO  impl.StateMachineUpdater (StateMachineUpdater.java:takeSnapshot(242)) - StateMachineUpdater:0458fa0a-4d99-412c-a137-2f07c0465a23:group-6813D8658313: Took a snapshot at index 6
2019-09-05 17:50:35,148 [StateMachineUpdater:0458fa0a-4d99-412c-a137-2f07c0465a23:group-6813D8658313] INFO  impl.StateMachineUpdater (StateMachineUpdater.java:lambda$new$0(80)) - StateMachineUpdater:0458fa0a-4d99-412c-a137-2f07c0465a23:group-6813D8658313: snapshotIndex: updateIncreasingly -1 -> 6
2019-09-05 17:50:35,148 [ForkJoinPool.commonPool-worker-0] INFO  server.GrpcService (GrpcService.java:closeImpl(155)) - 2d64b654-7f45-48f8-94bd-17273b14c273: shutdown server with port 39127 now
2019-09-05 17:50:35,148 [main] INFO  impl.RaftServerImpl (ServerState.java:close(394)) - 0458fa0a-4d99-412c-a137-2f07c0465a23:group-6813D8658313 closes. The last applied log index is 8
2019-09-05 17:50:35,148 [0458fa0a-4d99-412c-a137-2f07c0465a23-SegmentedRaftLogWorker:Storage Directory /workdir/hadoop-ozone/integration-test/target/test-dir/MiniOzoneClusterImpl-16d58beb-b20c-491b-8614-42ba02276836/datanode-4/data/ratis/70507974-d156-4154-92e7-6813d8658313] INFO  segmented.SegmentedRaftLogWorker (SegmentedRaftLogWorker.java:run(313)) - 0458fa0a-4d99-412c-a137-2f07c0465a23-SegmentedRaftLogWorker:Storage Directory /workdir/hadoop-ozone/integration-test/target/test-dir/MiniOzoneClusterImpl-16d58beb-b20c-491b-8614-42ba02276836/datanode-4/data/ratis/70507974-d156-4154-92e7-6813d8658313 was interrupted, exiting. There are 0 tasks remaining in the queue.
2019-09-05 17:50:35,151 [ForkJoinPool.commonPool-worker-0] INFO  server.GrpcService (GrpcService.java:closeImpl(163)) - 2d64b654-7f45-48f8-94bd-17273b14c273: shutdown server with port 39127 successfully
2019-09-05 17:50:35,151 [main] INFO  segmented.SegmentedRaftLogWorker (SegmentedRaftLogWorker.java:close(228)) - 0458fa0a-4d99-412c-a137-2f07c0465a23-SegmentedRaftLogWorker:Storage Directory /workdir/hadoop-ozone/integration-test/target/test-dir/MiniOzoneClusterImpl-16d58beb-b20c-491b-8614-42ba02276836/datanode-4/data/ratis/70507974-d156-4154-92e7-6813d8658313 close()
2019-09-05 17:50:35,153 [main] INFO  server.GrpcService (GrpcService.java:closeImpl(155)) - 0458fa0a-4d99-412c-a137-2f07c0465a23: shutdown server with port 38969 now
2019-09-05 17:50:35,154 [grpc-default-executor-11] WARN  client.GrpcClientProtocolService (LogUtils.java:warn(134)) - 30-OrderedRequestStreamObserver30: onError: org.apache.ratis.thirdparty.io.grpc.StatusRuntimeException: CANCELLED: cancelled before receiving half close
2019-09-05 17:50:35,156 [refreshUsed-/workdir/hadoop-ozone/integration-test/target/test-dir/MiniOzoneClusterImpl-16d58beb-b20c-491b-8614-42ba02276836/datanode-1/data/containers] WARN  fs.CachingGetSpaceUsed (CachingGetSpaceUsed.java:run(183)) - Thread Interrupted waiting to refresh disk information: sleep interrupted
2019-09-05 17:50:35,156 [main] INFO  server.GrpcService (GrpcService.java:closeImpl(163)) - 0458fa0a-4d99-412c-a137-2f07c0465a23: shutdown server with port 38969 successfully
2019-09-05 17:50:35,158 [refreshUsed-/workdir/hadoop-ozone/integration-test/target/test-dir/MiniOzoneClusterImpl-16d58beb-b20c-491b-8614-42ba02276836/datanode-4/data/containers] WARN  fs.CachingGetSpaceUsed (CachingGetSpaceUsed.java:run(183)) - Thread Interrupted waiting to refresh disk information: sleep interrupted
2019-09-05 17:50:35,175 [ForkJoinPool.commonPool-worker-0] INFO  utils.BackgroundService (BackgroundService.java:shutdown(148)) - Shutting down service BlockDeletingService
2019-09-05 17:50:35,175 [main] INFO  utils.BackgroundService (BackgroundService.java:shutdown(148)) - Shutting down service BlockDeletingService
2019-09-05 17:50:35,188 [main] INFO  statemachine.DatanodeStateMachine (DatanodeStateMachine.java:stopDaemon(395)) - Ozone container server stopped.
2019-09-05 17:50:35,190 [ForkJoinPool.commonPool-worker-0] INFO  statemachine.DatanodeStateMachine (DatanodeStateMachine.java:stopDaemon(395)) - Ozone container server stopped.
2019-09-05 17:50:35,192 [main] INFO  handler.ContextHandler (ContextHandler.java:doStop(910)) - Stopped o.e.j.w.WebAppContext@69d3cf7e{/,null,UNAVAILABLE}{/hddsDatanode}
2019-09-05 17:50:35,193 [main] INFO  server.AbstractConnector (AbstractConnector.java:doStop(318)) - Stopped ServerConnector@3a3ed300{HTTP/1.1,[http/1.1]}{0.0.0.0:0}
2019-09-05 17:50:35,200 [main] INFO  handler.ContextHandler (ContextHandler.java:doStop(910)) - Stopped o.e.j.s.ServletContextHandler@6a1ef65c{/static,jar:file:/home/user/.m2/repository/org/apache/hadoop/hadoop-hdds-container-service/0.5.0-SNAPSHOT/hadoop-hdds-container-service-0.5.0-SNAPSHOT.jar!/webapps/static,UNAVAILABLE}
2019-09-05 17:50:35,203 [ForkJoinPool.commonPool-worker-0] INFO  handler.ContextHandler (ContextHandler.java:doStop(910)) - Stopped o.e.j.w.WebAppContext@6d091cad{/,null,UNAVAILABLE}{/hddsDatanode}
2019-09-05 17:50:35,204 [main] INFO  handler.ContextHandler (ContextHandler.java:doStop(910)) - Stopped o.e.j.s.ServletContextHandler@b0fd744{/logs,file:///workdir/hadoop-ozone/integration-test/target/log,UNAVAILABLE}
2019-09-05 17:50:35,205 [ForkJoinPool.commonPool-worker-0] INFO  server.AbstractConnector (AbstractConnector.java:doStop(318)) - Stopped ServerConnector@7c663eaf{HTTP/1.1,[http/1.1]}{0.0.0.0:0}
2019-09-05 17:50:35,210 [ForkJoinPool.commonPool-worker-0] INFO  handler.ContextHandler (ContextHandler.java:doStop(910)) - Stopped o.e.j.s.ServletContextHandler@6690b9fa{/static,jar:file:/home/user/.m2/repository/org/apache/hadoop/hadoop-hdds-container-service/0.5.0-SNAPSHOT/hadoop-hdds-container-service-0.5.0-SNAPSHOT.jar!/webapps/static,UNAVAILABLE}
2019-09-05 17:50:35,214 [ForkJoinPool.commonPool-worker-0] INFO  handler.ContextHandler (ContextHandler.java:doStop(910)) - Stopped o.e.j.s.ServletContextHandler@1e977098{/logs,file:///workdir/hadoop-ozone/integration-test/target/log,UNAVAILABLE}
2019-09-05 17:50:35,237 [Datanode State Machine Thread - 0] INFO  statemachine.DatanodeStateMachine (DatanodeStateMachine.java:lambda$startDaemon$0(350)) - Ozone container server started.
2019-09-05 17:50:35,339 [Datanode State Machine Thread - 0] INFO  statemachine.DatanodeStateMachine (DatanodeStateMachine.java:lambda$startDaemon$0(350)) - Ozone container server started.
2019-09-05 17:50:40,215 [main] INFO  ozoneimpl.OzoneContainer (OzoneContainer.java:stop(215)) - Attempting to stop container services.
2019-09-05 17:50:40,216 [main] INFO  impl.RaftServerProxy (RaftServerProxy.java:lambda$close$4(314)) - 5676330c-95f8-4024-9c29-9b44eb305597: close
2019-09-05 17:50:40,216 [ForkJoinPool.commonPool-worker-0] INFO  ozoneimpl.OzoneContainer (OzoneContainer.java:stop(215)) - Attempting to stop container services.
2019-09-05 17:50:40,216 [main] INFO  impl.RaftServerImpl (RaftServerImpl.java:lambda$shutdown$3(245)) - 5676330c-95f8-4024-9c29-9b44eb305597: shutdown group-6CA33B760AFB
2019-09-05 17:50:40,217 [ForkJoinPool.commonPool-worker-0] INFO  impl.RaftServerProxy (RaftServerProxy.java:lambda$close$4(314)) - e140e47e-a097-49d3-a67c-e61d0d1e278d: close
2019-09-05 17:50:40,217 [main] INFO  util.JmxRegister (JmxRegister.java:unregister(73)) - Successfully un-registered JMX Bean with object name Ratis:service=RaftServer,group=group-6CA33B760AFB,id=5676330c-95f8-4024-9c29-9b44eb305597
2019-09-05 17:50:40,217 [ForkJoinPool.commonPool-worker-0] INFO  impl.RaftServerImpl (RaftServerImpl.java:lambda$shutdown$3(245)) - e140e47e-a097-49d3-a67c-e61d0d1e278d: shutdown group-F2F938C049CB
2019-09-05 17:50:40,217 [main] INFO  impl.RoleInfo (RoleInfo.java:shutdownLeaderState(104)) - 5676330c-95f8-4024-9c29-9b44eb305597: shutdown LeaderState
2019-09-05 17:50:40,217 [ForkJoinPool.commonPool-worker-0] INFO  util.JmxRegister (JmxRegister.java:unregister(73)) - Successfully un-registered JMX Bean with object name Ratis:service=RaftServer,group=group-F2F938C049CB,id=e140e47e-a097-49d3-a67c-e61d0d1e278d
2019-09-05 17:50:40,218 [main] INFO  impl.PendingRequests (PendingRequests.java:sendNotLeaderResponses(202)) - 5676330c-95f8-4024-9c29-9b44eb305597-PendingRequests: sendNotLeaderResponses
2019-09-05 17:50:40,218 [ForkJoinPool.commonPool-worker-0] INFO  impl.RoleInfo (RoleInfo.java:shutdownLeaderState(104)) - e140e47e-a097-49d3-a67c-e61d0d1e278d: shutdown LeaderState
2019-09-05 17:50:40,218 [main] INFO  impl.StateMachineUpdater (StateMachineUpdater.java:stopAndJoin(115)) - StateMachineUpdater:5676330c-95f8-4024-9c29-9b44eb305597:group-6CA33B760AFB: set stopIndex = 0
2019-09-05 17:50:40,218 [ForkJoinPool.commonPool-worker-0] INFO  impl.PendingRequests (PendingRequests.java:sendNotLeaderResponses(202)) - e140e47e-a097-49d3-a67c-e61d0d1e278d-PendingRequests: sendNotLeaderResponses
2019-09-05 17:50:40,219 [main] INFO  impl.RaftServerImpl (ServerState.java:close(394)) - 5676330c-95f8-4024-9c29-9b44eb305597:group-6CA33B760AFB closes. The last applied log index is 0
2019-09-05 17:50:40,219 [ForkJoinPool.commonPool-worker-0] INFO  impl.StateMachineUpdater (StateMachineUpdater.java:stopAndJoin(115)) - StateMachineUpdater:e140e47e-a097-49d3-a67c-e61d0d1e278d:group-F2F938C049CB: set stopIndex = 0
2019-09-05 17:50:40,219 [ForkJoinPool.commonPool-worker-0] INFO  impl.RaftServerImpl (ServerState.java:close(394)) - e140e47e-a097-49d3-a67c-e61d0d1e278d:group-F2F938C049CB closes. The last applied log index is 0
2019-09-05 17:50:40,219 [5676330c-95f8-4024-9c29-9b44eb305597-SegmentedRaftLogWorker:Storage Directory /workdir/hadoop-ozone/integration-test/target/test-dir/MiniOzoneClusterImpl-16d58beb-b20c-491b-8614-42ba02276836/datanode-3/data/ratis/ef5b313c-6102-46cb-9214-6ca33b760afb] INFO  segmented.SegmentedRaftLogWorker (SegmentedRaftLogWorker.java:run(313)) - 5676330c-95f8-4024-9c29-9b44eb305597-SegmentedRaftLogWorker:Storage Directory /workdir/hadoop-ozone/integration-test/target/test-dir/MiniOzoneClusterImpl-16d58beb-b20c-491b-8614-42ba02276836/datanode-3/data/ratis/ef5b313c-6102-46cb-9214-6ca33b760afb was interrupted, exiting. There are 0 tasks remaining in the queue.
2019-09-05 17:50:40,220 [e140e47e-a097-49d3-a67c-e61d0d1e278d-SegmentedRaftLogWorker:Storage Directory /workdir/hadoop-ozone/integration-test/target/test-dir/MiniOzoneClusterImpl-16d58beb-b20c-491b-8614-42ba02276836/datanode-2/data/ratis/c4e764b6-e285-4476-b1c6-f2f938c049cb] INFO  segmented.SegmentedRaftLogWorker (SegmentedRaftLogWorker.java:run(313)) - e140e47e-a097-49d3-a67c-e61d0d1e278d-SegmentedRaftLogWorker:Storage Directory /workdir/hadoop-ozone/integration-test/target/test-dir/MiniOzoneClusterImpl-16d58beb-b20c-491b-8614-42ba02276836/datanode-2/data/ratis/c4e764b6-e285-4476-b1c6-f2f938c049cb was interrupted, exiting. There are 0 tasks remaining in the queue.
2019-09-05 17:50:40,224 [main] INFO  segmented.SegmentedRaftLogWorker (SegmentedRaftLogWorker.java:close(228)) - 5676330c-95f8-4024-9c29-9b44eb305597-SegmentedRaftLogWorker:Storage Directory /workdir/hadoop-ozone/integration-test/target/test-dir/MiniOzoneClusterImpl-16d58beb-b20c-491b-8614-42ba02276836/datanode-3/data/ratis/ef5b313c-6102-46cb-9214-6ca33b760afb close()
2019-09-05 17:50:40,224 [ForkJoinPool.commonPool-worker-0] INFO  segmented.SegmentedRaftLogWorker (SegmentedRaftLogWorker.java:close(228)) - e140e47e-a097-49d3-a67c-e61d0d1e278d-SegmentedRaftLogWorker:Storage Directory /workdir/hadoop-ozone/integration-test/target/test-dir/MiniOzoneClusterImpl-16d58beb-b20c-491b-8614-42ba02276836/datanode-2/data/ratis/c4e764b6-e285-4476-b1c6-f2f938c049cb close()
2019-09-05 17:50:40,226 [main] INFO  impl.RaftServerImpl (RaftServerImpl.java:lambda$shutdown$3(245)) - 5676330c-95f8-4024-9c29-9b44eb305597: shutdown group-F0CE555BC1C5
2019-09-05 17:50:40,235 [ForkJoinPool.commonPool-worker-0] INFO  impl.RaftServerImpl (RaftServerImpl.java:lambda$shutdown$3(245)) - e140e47e-a097-49d3-a67c-e61d0d1e278d: shutdown group-F0CE555BC1C5
2019-09-05 17:50:40,236 [main] INFO  util.JmxRegister (JmxRegister.java:unregister(73)) - Successfully un-registered JMX Bean with object name Ratis:service=RaftServer,group=group-F0CE555BC1C5,id=5676330c-95f8-4024-9c29-9b44eb305597
2019-09-05 17:50:40,236 [ForkJoinPool.commonPool-worker-0] INFO  util.JmxRegister (JmxRegister.java:unregister(73)) - Successfully un-registered JMX Bean with object name Ratis:service=RaftServer,group=group-F0CE555BC1C5,id=e140e47e-a097-49d3-a67c-e61d0d1e278d
2019-09-05 17:50:40,236 [main] INFO  impl.RoleInfo (RoleInfo.java:shutdownFollowerState(121)) - 5676330c-95f8-4024-9c29-9b44eb305597: shutdown FollowerState
2019-09-05 17:50:40,236 [ForkJoinPool.commonPool-worker-0] INFO  impl.RoleInfo (RoleInfo.java:shutdownLeaderState(104)) - e140e47e-a097-49d3-a67c-e61d0d1e278d: shutdown LeaderState
2019-09-05 17:50:40,237 [main] INFO  impl.StateMachineUpdater (StateMachineUpdater.java:stopAndJoin(115)) - StateMachineUpdater:5676330c-95f8-4024-9c29-9b44eb305597:group-F0CE555BC1C5: set stopIndex = 0
2019-09-05 17:50:40,241 [org.apache.ratis.server.impl.LogAppender$AppenderDaemon$$Lambda$693/2107611478@63b53be8] WARN  server.GrpcLogAppender (GrpcLogAppender.java:mayWait(143)) - GrpcLogAppender(e140e47e-a097-49d3-a67c-e61d0d1e278d->c77c95d4-b555-4b20-809c-193fe3f6d604): Wait interrupted by java.lang.InterruptedException
2019-09-05 17:50:40,241 [ForkJoinPool.commonPool-worker-0] INFO  impl.PendingRequests (PendingRequests.java:sendNotLeaderResponses(202)) - e140e47e-a097-49d3-a67c-e61d0d1e278d-PendingRequests: sendNotLeaderResponses
2019-09-05 17:50:40,241 [org.apache.ratis.server.impl.LogAppender$AppenderDaemon$$Lambda$693/2107611478@26b7b9fa] WARN  server.GrpcLogAppender (GrpcLogAppender.java:mayWait(143)) - GrpcLogAppender(e140e47e-a097-49d3-a67c-e61d0d1e278d->5676330c-95f8-4024-9c29-9b44eb305597): Wait interrupted by java.lang.InterruptedException
2019-09-05 17:50:40,242 [ForkJoinPool.commonPool-worker-0] INFO  impl.StateMachineUpdater (StateMachineUpdater.java:stopAndJoin(115)) - StateMachineUpdater:e140e47e-a097-49d3-a67c-e61d0d1e278d:group-F0CE555BC1C5: set stopIndex = 0
2019-09-05 17:50:40,237 [Thread-850] INFO  impl.FollowerState (FollowerState.java:run(114)) - 5676330c-95f8-4024-9c29-9b44eb305597: FollowerState was interrupted: java.lang.InterruptedException: sleep interrupted
2019-09-05 17:50:40,242 [ForkJoinPool.commonPool-worker-0] INFO  impl.RaftServerImpl (ServerState.java:close(394)) - e140e47e-a097-49d3-a67c-e61d0d1e278d:group-F0CE555BC1C5 closes. The last applied log index is 0
2019-09-05 17:50:40,242 [grpc-default-executor-11] INFO  server.GrpcServerProtocolService (GrpcServerProtocolService.java:onCompleted(104)) - 5676330c-95f8-4024-9c29-9b44eb305597: appendEntries completed
2019-09-05 17:50:40,242 [grpc-default-executor-10] INFO  server.GrpcServerProtocolService (GrpcServerProtocolService.java:onCompleted(104)) - c77c95d4-b555-4b20-809c-193fe3f6d604: appendEntries completed
2019-09-05 17:50:40,241 [main] INFO  impl.RaftServerImpl (ServerState.java:close(394)) - 5676330c-95f8-4024-9c29-9b44eb305597:group-F0CE555BC1C5 closes. The last applied log index is 0
2019-09-05 17:50:40,243 [grpc-default-executor-5] INFO  server.GrpcLogAppender (GrpcLogAppender.java:onCompleted(292)) - e140e47e-a097-49d3-a67c-e61d0d1e278d->c77c95d4-b555-4b20-809c-193fe3f6d604: follower responses appendEntries COMPLETED
2019-09-05 17:50:40,243 [grpc-default-executor-10] INFO  server.GrpcLogAppender (GrpcLogAppender.java:onCompleted(292)) - e140e47e-a097-49d3-a67c-e61d0d1e278d->5676330c-95f8-4024-9c29-9b44eb305597: follower responses appendEntries COMPLETED
2019-09-05 17:50:40,243 [e140e47e-a097-49d3-a67c-e61d0d1e278d-SegmentedRaftLogWorker:Storage Directory /workdir/hadoop-ozone/integration-test/target/test-dir/MiniOzoneClusterImpl-16d58beb-b20c-491b-8614-42ba02276836/datanode-2/data/ratis/4fd72e13-2672-41a3-b1bd-f0ce555bc1c5] INFO  segmented.SegmentedRaftLogWorker (SegmentedRaftLogWorker.java:run(313)) - e140e47e-a097-49d3-a67c-e61d0d1e278d-SegmentedRaftLogWorker:Storage Directory /workdir/hadoop-ozone/integration-test/target/test-dir/MiniOzoneClusterImpl-16d58beb-b20c-491b-8614-42ba02276836/datanode-2/data/ratis/4fd72e13-2672-41a3-b1bd-f0ce555bc1c5 was interrupted, exiting. There are 0 tasks remaining in the queue.
2019-09-05 17:50:40,243 [grpc-default-executor-10] INFO  impl.FollowerInfo (FollowerInfo.java:lambda$new$0(50)) - e140e47e-a097-49d3-a67c-e61d0d1e278d->5676330c-95f8-4024-9c29-9b44eb305597: nextIndex: updateUnconditionally 1 -> 0
2019-09-05 17:50:40,243 [grpc-default-executor-5] INFO  impl.FollowerInfo (FollowerInfo.java:lambda$new$0(50)) - e140e47e-a097-49d3-a67c-e61d0d1e278d->c77c95d4-b555-4b20-809c-193fe3f6d604: nextIndex: updateUnconditionally 1 -> 0
2019-09-05 17:50:40,243 [5676330c-95f8-4024-9c29-9b44eb305597-SegmentedRaftLogWorker:Storage Directory /workdir/hadoop-ozone/integration-test/target/test-dir/MiniOzoneClusterImpl-16d58beb-b20c-491b-8614-42ba02276836/datanode-3/data/ratis/4fd72e13-2672-41a3-b1bd-f0ce555bc1c5] INFO  segmented.SegmentedRaftLogWorker (SegmentedRaftLogWorker.java:run(313)) - 5676330c-95f8-4024-9c29-9b44eb305597-SegmentedRaftLogWorker:Storage Directory /workdir/hadoop-ozone/integration-test/target/test-dir/MiniOzoneClusterImpl-16d58beb-b20c-491b-8614-42ba02276836/datanode-3/data/ratis/4fd72e13-2672-41a3-b1bd-f0ce555bc1c5 was interrupted, exiting. There are 0 tasks remaining in the queue.
2019-09-05 17:50:40,244 [ForkJoinPool.commonPool-worker-0] INFO  segmented.SegmentedRaftLogWorker (SegmentedRaftLogWorker.java:close(228)) - e140e47e-a097-49d3-a67c-e61d0d1e278d-SegmentedRaftLogWorker:Storage Directory /workdir/hadoop-ozone/integration-test/target/test-dir/MiniOzoneClusterImpl-16d58beb-b20c-491b-8614-42ba02276836/datanode-2/data/ratis/4fd72e13-2672-41a3-b1bd-f0ce555bc1c5 close()
2019-09-05 17:50:40,244 [main] INFO  segmented.SegmentedRaftLogWorker (SegmentedRaftLogWorker.java:close(228)) - 5676330c-95f8-4024-9c29-9b44eb305597-SegmentedRaftLogWorker:Storage Directory /workdir/hadoop-ozone/integration-test/target/test-dir/MiniOzoneClusterImpl-16d58beb-b20c-491b-8614-42ba02276836/datanode-3/data/ratis/4fd72e13-2672-41a3-b1bd-f0ce555bc1c5 close()
2019-09-05 17:50:40,244 [ForkJoinPool.commonPool-worker-0] INFO  server.GrpcService (GrpcService.java:closeImpl(155)) - e140e47e-a097-49d3-a67c-e61d0d1e278d: shutdown server with port 42533 now
2019-09-05 17:50:40,245 [main] INFO  server.GrpcService (GrpcService.java:closeImpl(155)) - 5676330c-95f8-4024-9c29-9b44eb305597: shutdown server with port 34817 now
2019-09-05 17:50:40,245 [ForkJoinPool.commonPool-worker-0] INFO  server.GrpcService (GrpcService.java:closeImpl(163)) - e140e47e-a097-49d3-a67c-e61d0d1e278d: shutdown server with port 42533 successfully
2019-09-05 17:50:40,245 [main] INFO  server.GrpcService (GrpcService.java:closeImpl(163)) - 5676330c-95f8-4024-9c29-9b44eb305597: shutdown server with port 34817 successfully
2019-09-05 17:50:40,246 [refreshUsed-/workdir/hadoop-ozone/integration-test/target/test-dir/MiniOzoneClusterImpl-16d58beb-b20c-491b-8614-42ba02276836/datanode-2/data/containers] WARN  fs.CachingGetSpaceUsed (CachingGetSpaceUsed.java:run(183)) - Thread Interrupted waiting to refresh disk information: sleep interrupted
2019-09-05 17:50:40,248 [refreshUsed-/workdir/hadoop-ozone/integration-test/target/test-dir/MiniOzoneClusterImpl-16d58beb-b20c-491b-8614-42ba02276836/datanode-3/data/containers] WARN  fs.CachingGetSpaceUsed (CachingGetSpaceUsed.java:run(183)) - Thread Interrupted waiting to refresh disk information: sleep interrupted
2019-09-05 17:50:40,264 [main] INFO  utils.BackgroundService (BackgroundService.java:shutdown(148)) - Shutting down service BlockDeletingService
2019-09-05 17:50:40,268 [ForkJoinPool.commonPool-worker-0] INFO  utils.BackgroundService (BackgroundService.java:shutdown(148)) - Shutting down service BlockDeletingService
2019-09-05 17:50:40,270 [main] INFO  statemachine.DatanodeStateMachine (DatanodeStateMachine.java:stopDaemon(395)) - Ozone container server stopped.
2019-09-05 17:50:40,273 [ForkJoinPool.commonPool-worker-0] INFO  statemachine.DatanodeStateMachine (DatanodeStateMachine.java:stopDaemon(395)) - Ozone container server stopped.
2019-09-05 17:50:40,276 [main] INFO  handler.ContextHandler (ContextHandler.java:doStop(910)) - Stopped o.e.j.w.WebAppContext@430b2699{/,null,UNAVAILABLE}{/hddsDatanode}
2019-09-05 17:50:40,277 [ForkJoinPool.commonPool-worker-0] INFO  handler.ContextHandler (ContextHandler.java:doStop(910)) - Stopped o.e.j.w.WebAppContext@7a3b7122{/,null,UNAVAILABLE}{/hddsDatanode}
2019-09-05 17:50:40,277 [ForkJoinPool.commonPool-worker-0] INFO  server.AbstractConnector (AbstractConnector.java:doStop(318)) - Stopped ServerConnector@58b5a2f3{HTTP/1.1,[http/1.1]}{0.0.0.0:0}
2019-09-05 17:50:40,277 [main] INFO  server.AbstractConnector (AbstractConnector.java:doStop(318)) - Stopped ServerConnector@67536ae0{HTTP/1.1,[http/1.1]}{0.0.0.0:0}
2019-09-05 17:50:40,279 [ForkJoinPool.commonPool-worker-0] INFO  handler.ContextHandler (ContextHandler.java:doStop(910)) - Stopped o.e.j.s.ServletContextHandler@63300c4b{/static,jar:file:/home/user/.m2/repository/org/apache/hadoop/hadoop-hdds-container-service/0.5.0-SNAPSHOT/hadoop-hdds-container-service-0.5.0-SNAPSHOT.jar!/webapps/static,UNAVAILABLE}
2019-09-05 17:50:40,280 [main] INFO  handler.ContextHandler (ContextHandler.java:doStop(910)) - Stopped o.e.j.s.ServletContextHandler@4d84049a{/static,jar:file:/home/user/.m2/repository/org/apache/hadoop/hadoop-hdds-container-service/0.5.0-SNAPSHOT/hadoop-hdds-container-service-0.5.0-SNAPSHOT.jar!/webapps/static,UNAVAILABLE}
2019-09-05 17:50:40,280 [ForkJoinPool.commonPool-worker-0] INFO  handler.ContextHandler (ContextHandler.java:doStop(910)) - Stopped o.e.j.s.ServletContextHandler@2577a95d{/logs,file:///workdir/hadoop-ozone/integration-test/target/log,UNAVAILABLE}
2019-09-05 17:50:40,281 [main] INFO  handler.ContextHandler (ContextHandler.java:doStop(910)) - Stopped o.e.j.s.ServletContextHandler@54e12f4c{/logs,file:///workdir/hadoop-ozone/integration-test/target/log,UNAVAILABLE}
2019-09-05 17:50:40,529 [Datanode State Machine Thread - 0] INFO  statemachine.DatanodeStateMachine (DatanodeStateMachine.java:lambda$startDaemon$0(350)) - Ozone container server started.
2019-09-05 17:50:41,026 [Datanode State Machine Thread - 0] INFO  statemachine.DatanodeStateMachine (DatanodeStateMachine.java:lambda$startDaemon$0(350)) - Ozone container server started.
2019-09-05 17:50:43,054 [Thread-924] INFO  impl.FollowerState (FollowerState.java:run(106)) - 63019528-44bb-4614-8879-5aa23dc8c351:group-6813D8658313 changes to CANDIDATE, lastRpcTime:9792, electionTimeout:5143ms
2019-09-05 17:50:43,054 [Thread-924] INFO  impl.RoleInfo (RoleInfo.java:shutdownFollowerState(121)) - 63019528-44bb-4614-8879-5aa23dc8c351: shutdown FollowerState
2019-09-05 17:50:43,054 [Thread-924] INFO  impl.RaftServerImpl (RaftServerImpl.java:setRole(171)) - 63019528-44bb-4614-8879-5aa23dc8c351:group-6813D8658313 changes role from FOLLOWER to CANDIDATE at term 3 for changeToCandidate
2019-09-05 17:50:43,054 [Thread-924] INFO  impl.RoleInfo (RoleInfo.java:updateAndGet(143)) - 63019528-44bb-4614-8879-5aa23dc8c351: start LeaderElection
2019-09-05 17:50:43,056 [63019528-44bb-4614-8879-5aa23dc8c351:group-6813D8658313:LeaderElection38] INFO  impl.RaftServerImpl (ServerState.java:setLeader(263)) - 63019528-44bb-4614-8879-5aa23dc8c351:group-6813D8658313 change Leader from 2d64b654-7f45-48f8-94bd-17273b14c273 to null at term 3 for initElection
2019-09-05 17:50:43,114 [63019528-44bb-4614-8879-5aa23dc8c351:group-6813D8658313:LeaderElection38] INFO  impl.LeaderElection (LeaderElection.java:askForVotes(181)) - 63019528-44bb-4614-8879-5aa23dc8c351:group-6813D8658313:LeaderElection38: begin an election at term 4 for 0: [0458fa0a-4d99-412c-a137-2f07c0465a23:192.168.36.125:38969, 63019528-44bb-4614-8879-5aa23dc8c351:192.168.36.125:44072, 2d64b654-7f45-48f8-94bd-17273b14c273:192.168.36.125:39127], old=null
2019-09-05 17:50:43,118 [63019528-44bb-4614-8879-5aa23dc8c351:group-6813D8658313:LeaderElection38] INFO  impl.LeaderElection (LogUtils.java:infoOrTrace(149)) - 63019528-44bb-4614-8879-5aa23dc8c351:group-6813D8658313:LeaderElection38 got exception when requesting votes: {}
java.util.concurrent.ExecutionException: org.apache.ratis.thirdparty.io.grpc.StatusRuntimeException: UNAVAILABLE: io exception
	at java.util.concurrent.FutureTask.report(FutureTask.java:122)
	at java.util.concurrent.FutureTask.get(FutureTask.java:192)
	at org.apache.ratis.server.impl.LeaderElection.waitForResults(LeaderElection.java:262)
	at org.apache.ratis.server.impl.LeaderElection.askForVotes(LeaderElection.java:200)
	at org.apache.ratis.server.impl.LeaderElection.run(LeaderElection.java:130)
	at java.lang.Thread.run(Thread.java:748)
Caused by: org.apache.ratis.thirdparty.io.grpc.StatusRuntimeException: UNAVAILABLE: io exception
	at org.apache.ratis.thirdparty.io.grpc.stub.ClientCalls.toStatusRuntimeException(ClientCalls.java:233)
	at org.apache.ratis.thirdparty.io.grpc.stub.ClientCalls.getUnchecked(ClientCalls.java:214)
	at org.apache.ratis.thirdparty.io.grpc.stub.ClientCalls.blockingUnaryCall(ClientCalls.java:139)
	at org.apache.ratis.proto.grpc.RaftServerProtocolServiceGrpc$RaftServerProtocolServiceBlockingStub.requestVote(RaftServerProtocolServiceGrpc.java:265)
	at org.apache.ratis.grpc.server.GrpcServerProtocolClient.requestVote(GrpcServerProtocolClient.java:83)
	at org.apache.ratis.grpc.server.GrpcService.requestVote(GrpcService.java:195)
	at org.apache.ratis.server.impl.LeaderElection.lambda$submitRequests$1(LeaderElection.java:237)
	at java.util.concurrent.FutureTask.run(FutureTask.java:266)
	at java.util.concurrent.Executors$RunnableAdapter.call(Executors.java:511)
	at java.util.concurrent.FutureTask.run(FutureTask.java:266)
	at java.util.concurrent.ThreadPoolExecutor.runWorker(ThreadPoolExecutor.java:1149)
	at java.util.concurrent.ThreadPoolExecutor$Worker.run(ThreadPoolExecutor.java:624)
	... 1 more
Caused by: org.apache.ratis.thirdparty.io.netty.channel.AbstractChannel$AnnotatedConnectException: Connection refused: /192.168.36.125:38969
	at sun.nio.ch.SocketChannelImpl.checkConnect(Native Method)
	at sun.nio.ch.SocketChannelImpl.finishConnect(SocketChannelImpl.java:717)
	at org.apache.ratis.thirdparty.io.netty.channel.socket.nio.NioSocketChannel.doFinishConnect(NioSocketChannel.java:327)
	at org.apache.ratis.thirdparty.io.netty.channel.nio.AbstractNioChannel$AbstractNioUnsafe.finishConnect(AbstractNioChannel.java:340)
	at org.apache.ratis.thirdparty.io.netty.channel.nio.NioEventLoop.processSelectedKey(NioEventLoop.java:632)
	at org.apache.ratis.thirdparty.io.netty.channel.nio.NioEventLoop.processSelectedKeysOptimized(NioEventLoop.java:579)
	at org.apache.ratis.thirdparty.io.netty.channel.nio.NioEventLoop.processSelectedKeys(NioEventLoop.java:496)
	at org.apache.ratis.thirdparty.io.netty.channel.nio.NioEventLoop.run(NioEventLoop.java:458)
	at org.apache.ratis.thirdparty.io.netty.util.concurrent.SingleThreadEventExecutor$5.run(SingleThreadEventExecutor.java:897)
	at org.apache.ratis.thirdparty.io.netty.util.concurrent.FastThreadLocalRunnable.run(FastThreadLocalRunnable.java:30)
	... 1 more
Caused by: java.net.ConnectException: Connection refused
	... 11 more
2019-09-05 17:50:43,121 [63019528-44bb-4614-8879-5aa23dc8c351:group-6813D8658313:LeaderElection38] INFO  impl.LeaderElection (LogUtils.java:infoOrTrace(149)) - 63019528-44bb-4614-8879-5aa23dc8c351:group-6813D8658313:LeaderElection38 got exception when requesting votes: {}
java.util.concurrent.ExecutionException: org.apache.ratis.thirdparty.io.grpc.StatusRuntimeException: UNAVAILABLE: io exception
	at java.util.concurrent.FutureTask.report(FutureTask.java:122)
	at java.util.concurrent.FutureTask.get(FutureTask.java:192)
	at org.apache.ratis.server.impl.LeaderElection.waitForResults(LeaderElection.java:262)
	at org.apache.ratis.server.impl.LeaderElection.askForVotes(LeaderElection.java:200)
	at org.apache.ratis.server.impl.LeaderElection.run(LeaderElection.java:130)
	at java.lang.Thread.run(Thread.java:748)
Caused by: org.apache.ratis.thirdparty.io.grpc.StatusRuntimeException: UNAVAILABLE: io exception
	at org.apache.ratis.thirdparty.io.grpc.stub.ClientCalls.toStatusRuntimeException(ClientCalls.java:233)
	at org.apache.ratis.thirdparty.io.grpc.stub.ClientCalls.getUnchecked(ClientCalls.java:214)
	at org.apache.ratis.thirdparty.io.grpc.stub.ClientCalls.blockingUnaryCall(ClientCalls.java:139)
	at org.apache.ratis.proto.grpc.RaftServerProtocolServiceGrpc$RaftServerProtocolServiceBlockingStub.requestVote(RaftServerProtocolServiceGrpc.java:265)
	at org.apache.ratis.grpc.server.GrpcServerProtocolClient.requestVote(GrpcServerProtocolClient.java:83)
	at org.apache.ratis.grpc.server.GrpcService.requestVote(GrpcService.java:195)
	at org.apache.ratis.server.impl.LeaderElection.lambda$submitRequests$1(LeaderElection.java:237)
	at java.util.concurrent.FutureTask.run(FutureTask.java:266)
	at java.util.concurrent.Executors$RunnableAdapter.call(Executors.java:511)
	at java.util.concurrent.FutureTask.run(FutureTask.java:266)
	at java.util.concurrent.ThreadPoolExecutor.runWorker(ThreadPoolExecutor.java:1149)
	at java.util.concurrent.ThreadPoolExecutor$Worker.run(ThreadPoolExecutor.java:624)
	... 1 more
Caused by: org.apache.ratis.thirdparty.io.netty.channel.AbstractChannel$AnnotatedConnectException: Connection refused: /192.168.36.125:39127
	at sun.nio.ch.SocketChannelImpl.checkConnect(Native Method)
	at sun.nio.ch.SocketChannelImpl.finishConnect(SocketChannelImpl.java:717)
	at org.apache.ratis.thirdparty.io.netty.channel.socket.nio.NioSocketChannel.doFinishConnect(NioSocketChannel.java:327)
	at org.apache.ratis.thirdparty.io.netty.channel.nio.AbstractNioChannel$AbstractNioUnsafe.finishConnect(AbstractNioChannel.java:340)
	at org.apache.ratis.thirdparty.io.netty.channel.nio.NioEventLoop.processSelectedKey(NioEventLoop.java:632)
	at org.apache.ratis.thirdparty.io.netty.channel.nio.NioEventLoop.processSelectedKeysOptimized(NioEventLoop.java:579)
	at org.apache.ratis.thirdparty.io.netty.channel.nio.NioEventLoop.processSelectedKeys(NioEventLoop.java:496)
	at org.apache.ratis.thirdparty.io.netty.channel.nio.NioEventLoop.run(NioEventLoop.java:458)
	at org.apache.ratis.thirdparty.io.netty.util.concurrent.SingleThreadEventExecutor$5.run(SingleThreadEventExecutor.java:897)
	at org.apache.ratis.thirdparty.io.netty.util.concurrent.FastThreadLocalRunnable.run(FastThreadLocalRunnable.java:30)
	... 1 more
Caused by: java.net.ConnectException: Connection refused
	... 11 more
2019-09-05 17:50:43,122 [63019528-44bb-4614-8879-5aa23dc8c351:group-6813D8658313:LeaderElection38] INFO  impl.LeaderElection (LeaderElection.java:logAndReturn(56)) - 63019528-44bb-4614-8879-5aa23dc8c351:group-6813D8658313:LeaderElection38: Election REJECTED; received 0 response(s) [] and 2 exception(s); 63019528-44bb-4614-8879-5aa23dc8c351:t4, leader=null, voted=63019528-44bb-4614-8879-5aa23dc8c351, raftlog=63019528-44bb-4614-8879-5aa23dc8c351-SegmentedRaftLog:OPENED:c8,f8,i8, conf=0: [0458fa0a-4d99-412c-a137-2f07c0465a23:192.168.36.125:38969, 63019528-44bb-4614-8879-5aa23dc8c351:192.168.36.125:44072, 2d64b654-7f45-48f8-94bd-17273b14c273:192.168.36.125:39127], old=null
2019-09-05 17:50:43,123 [63019528-44bb-4614-8879-5aa23dc8c351:group-6813D8658313:LeaderElection38] INFO  impl.LeaderElection (LogUtils.java:infoOrTrace(149)) -   Exception 0: {}
java.util.concurrent.ExecutionException: org.apache.ratis.thirdparty.io.grpc.StatusRuntimeException: UNAVAILABLE: io exception
	at java.util.concurrent.FutureTask.report(FutureTask.java:122)
	at java.util.concurrent.FutureTask.get(FutureTask.java:192)
	at org.apache.ratis.server.impl.LeaderElection.waitForResults(LeaderElection.java:262)
	at org.apache.ratis.server.impl.LeaderElection.askForVotes(LeaderElection.java:200)
	at org.apache.ratis.server.impl.LeaderElection.run(LeaderElection.java:130)
	at java.lang.Thread.run(Thread.java:748)
Caused by: org.apache.ratis.thirdparty.io.grpc.StatusRuntimeException: UNAVAILABLE: io exception
	at org.apache.ratis.thirdparty.io.grpc.stub.ClientCalls.toStatusRuntimeException(ClientCalls.java:233)
	at org.apache.ratis.thirdparty.io.grpc.stub.ClientCalls.getUnchecked(ClientCalls.java:214)
	at org.apache.ratis.thirdparty.io.grpc.stub.ClientCalls.blockingUnaryCall(ClientCalls.java:139)
	at org.apache.ratis.proto.grpc.RaftServerProtocolServiceGrpc$RaftServerProtocolServiceBlockingStub.requestVote(RaftServerProtocolServiceGrpc.java:265)
	at org.apache.ratis.grpc.server.GrpcServerProtocolClient.requestVote(GrpcServerProtocolClient.java:83)
	at org.apache.ratis.grpc.server.GrpcService.requestVote(GrpcService.java:195)
	at org.apache.ratis.server.impl.LeaderElection.lambda$submitRequests$1(LeaderElection.java:237)
	at java.util.concurrent.FutureTask.run(FutureTask.java:266)
	at java.util.concurrent.Executors$RunnableAdapter.call(Executors.java:511)
	at java.util.concurrent.FutureTask.run(FutureTask.java:266)
	at java.util.concurrent.ThreadPoolExecutor.runWorker(ThreadPoolExecutor.java:1149)
	at java.util.concurrent.ThreadPoolExecutor$Worker.run(ThreadPoolExecutor.java:624)
	... 1 more
Caused by: org.apache.ratis.thirdparty.io.netty.channel.AbstractChannel$AnnotatedConnectException: Connection refused: /192.168.36.125:38969
	at sun.nio.ch.SocketChannelImpl.checkConnect(Native Method)
	at sun.nio.ch.SocketChannelImpl.finishConnect(SocketChannelImpl.java:717)
	at org.apache.ratis.thirdparty.io.netty.channel.socket.nio.NioSocketChannel.doFinishConnect(NioSocketChannel.java:327)
	at org.apache.ratis.thirdparty.io.netty.channel.nio.AbstractNioChannel$AbstractNioUnsafe.finishConnect(AbstractNioChannel.java:340)
	at org.apache.ratis.thirdparty.io.netty.channel.nio.NioEventLoop.processSelectedKey(NioEventLoop.java:632)
	at org.apache.ratis.thirdparty.io.netty.channel.nio.NioEventLoop.processSelectedKeysOptimized(NioEventLoop.java:579)
	at org.apache.ratis.thirdparty.io.netty.channel.nio.NioEventLoop.processSelectedKeys(NioEventLoop.java:496)
	at org.apache.ratis.thirdparty.io.netty.channel.nio.NioEventLoop.run(NioEventLoop.java:458)
	at org.apache.ratis.thirdparty.io.netty.util.concurrent.SingleThreadEventExecutor$5.run(SingleThreadEventExecutor.java:897)
	at org.apache.ratis.thirdparty.io.netty.util.concurrent.FastThreadLocalRunnable.run(FastThreadLocalRunnable.java:30)
	... 1 more
Caused by: java.net.ConnectException: Connection refused
	... 11 more
2019-09-05 17:50:43,123 [63019528-44bb-4614-8879-5aa23dc8c351:group-6813D8658313:LeaderElection38] INFO  impl.LeaderElection (LogUtils.java:infoOrTrace(149)) -   Exception 1: {}
java.util.concurrent.ExecutionException: org.apache.ratis.thirdparty.io.grpc.StatusRuntimeException: UNAVAILABLE: io exception
	at java.util.concurrent.FutureTask.report(FutureTask.java:122)
	at java.util.concurrent.FutureTask.get(FutureTask.java:192)
	at org.apache.ratis.server.impl.LeaderElection.waitForResults(LeaderElection.java:262)
	at org.apache.ratis.server.impl.LeaderElection.askForVotes(LeaderElection.java:200)
	at org.apache.ratis.server.impl.LeaderElection.run(LeaderElection.java:130)
	at java.lang.Thread.run(Thread.java:748)
Caused by: org.apache.ratis.thirdparty.io.grpc.StatusRuntimeException: UNAVAILABLE: io exception
	at org.apache.ratis.thirdparty.io.grpc.stub.ClientCalls.toStatusRuntimeException(ClientCalls.java:233)
	at org.apache.ratis.thirdparty.io.grpc.stub.ClientCalls.getUnchecked(ClientCalls.java:214)
	at org.apache.ratis.thirdparty.io.grpc.stub.ClientCalls.blockingUnaryCall(ClientCalls.java:139)
	at org.apache.ratis.proto.grpc.RaftServerProtocolServiceGrpc$RaftServerProtocolServiceBlockingStub.requestVote(RaftServerProtocolServiceGrpc.java:265)
	at org.apache.ratis.grpc.server.GrpcServerProtocolClient.requestVote(GrpcServerProtocolClient.java:83)
	at org.apache.ratis.grpc.server.GrpcService.requestVote(GrpcService.java:195)
	at org.apache.ratis.server.impl.LeaderElection.lambda$submitRequests$1(LeaderElection.java:237)
	at java.util.concurrent.FutureTask.run(FutureTask.java:266)
	at java.util.concurrent.Executors$RunnableAdapter.call(Executors.java:511)
	at java.util.concurrent.FutureTask.run(FutureTask.java:266)
	at java.util.concurrent.ThreadPoolExecutor.runWorker(ThreadPoolExecutor.java:1149)
	at java.util.concurrent.ThreadPoolExecutor$Worker.run(ThreadPoolExecutor.java:624)
	... 1 more
Caused by: org.apache.ratis.thirdparty.io.netty.channel.AbstractChannel$AnnotatedConnectException: Connection refused: /192.168.36.125:39127
	at sun.nio.ch.SocketChannelImpl.checkConnect(Native Method)
	at sun.nio.ch.SocketChannelImpl.finishConnect(SocketChannelImpl.java:717)
	at org.apache.ratis.thirdparty.io.netty.channel.socket.nio.NioSocketChannel.doFinishConnect(NioSocketChannel.java:327)
	at org.apache.ratis.thirdparty.io.netty.channel.nio.AbstractNioChannel$AbstractNioUnsafe.finishConnect(AbstractNioChannel.java:340)
	at org.apache.ratis.thirdparty.io.netty.channel.nio.NioEventLoop.processSelectedKey(NioEventLoop.java:632)
	at org.apache.ratis.thirdparty.io.netty.channel.nio.NioEventLoop.processSelectedKeysOptimized(NioEventLoop.java:579)
	at org.apache.ratis.thirdparty.io.netty.channel.nio.NioEventLoop.processSelectedKeys(NioEventLoop.java:496)
	at org.apache.ratis.thirdparty.io.netty.channel.nio.NioEventLoop.run(NioEventLoop.java:458)
	at org.apache.ratis.thirdparty.io.netty.util.concurrent.SingleThreadEventExecutor$5.run(SingleThreadEventExecutor.java:897)
	at org.apache.ratis.thirdparty.io.netty.util.concurrent.FastThreadLocalRunnable.run(FastThreadLocalRunnable.java:30)
	... 1 more
Caused by: java.net.ConnectException: Connection refused
	... 11 more
2019-09-05 17:50:43,124 [63019528-44bb-4614-8879-5aa23dc8c351:group-6813D8658313:LeaderElection38] INFO  impl.RaftServerImpl (RaftServerImpl.java:setRole(171)) - 63019528-44bb-4614-8879-5aa23dc8c351:group-6813D8658313 changes role from CANDIDATE to FOLLOWER at term 4 for DISCOVERED_A_NEW_TERM
2019-09-05 17:50:43,124 [63019528-44bb-4614-8879-5aa23dc8c351:group-6813D8658313:LeaderElection38] INFO  impl.RoleInfo (RoleInfo.java:shutdownLeaderElection(134)) - 63019528-44bb-4614-8879-5aa23dc8c351: shutdown LeaderElection
2019-09-05 17:50:43,124 [63019528-44bb-4614-8879-5aa23dc8c351:group-6813D8658313:LeaderElection38] INFO  impl.RoleInfo (RoleInfo.java:updateAndGet(143)) - 63019528-44bb-4614-8879-5aa23dc8c351: start FollowerState
2019-09-05 17:50:45,282 [ForkJoinPool.commonPool-worker-0] INFO  ozoneimpl.OzoneContainer (OzoneContainer.java:stop(215)) - Attempting to stop container services.
2019-09-05 17:50:45,282 [main] INFO  ozoneimpl.OzoneContainer (OzoneContainer.java:stop(215)) - Attempting to stop container services.
2019-09-05 17:50:45,283 [ForkJoinPool.commonPool-worker-0] INFO  impl.RaftServerProxy (RaftServerProxy.java:lambda$close$4(314)) - c77c95d4-b555-4b20-809c-193fe3f6d604: close
2019-09-05 17:50:45,283 [main] INFO  impl.RaftServerProxy (RaftServerProxy.java:lambda$close$4(314)) - 8481834f-1cca-4161-8865-792f4dfa8c48: close
2019-09-05 17:50:45,283 [ForkJoinPool.commonPool-worker-0] INFO  impl.RaftServerImpl (RaftServerImpl.java:lambda$shutdown$3(245)) - c77c95d4-b555-4b20-809c-193fe3f6d604: shutdown group-F0CE555BC1C5
2019-09-05 17:50:45,283 [main] INFO  impl.RaftServerImpl (RaftServerImpl.java:lambda$shutdown$3(245)) - 8481834f-1cca-4161-8865-792f4dfa8c48: shutdown group-02B958A73768
2019-09-05 17:50:45,283 [ForkJoinPool.commonPool-worker-0] INFO  util.JmxRegister (JmxRegister.java:unregister(73)) - Successfully un-registered JMX Bean with object name Ratis:service=RaftServer,group=group-F0CE555BC1C5,id=c77c95d4-b555-4b20-809c-193fe3f6d604
2019-09-05 17:50:45,283 [main] INFO  util.JmxRegister (JmxRegister.java:unregister(73)) - Successfully un-registered JMX Bean with object name Ratis:service=RaftServer,group=group-02B958A73768,id=8481834f-1cca-4161-8865-792f4dfa8c48
2019-09-05 17:50:45,284 [ForkJoinPool.commonPool-worker-0] INFO  impl.RoleInfo (RoleInfo.java:shutdownFollowerState(121)) - c77c95d4-b555-4b20-809c-193fe3f6d604: shutdown FollowerState
2019-09-05 17:50:45,284 [main] INFO  impl.RoleInfo (RoleInfo.java:shutdownLeaderState(104)) - 8481834f-1cca-4161-8865-792f4dfa8c48: shutdown LeaderState
2019-09-05 17:50:45,284 [Thread-849] INFO  impl.FollowerState (FollowerState.java:run(114)) - c77c95d4-b555-4b20-809c-193fe3f6d604: FollowerState was interrupted: java.lang.InterruptedException: sleep interrupted
2019-09-05 17:50:45,284 [ForkJoinPool.commonPool-worker-0] INFO  impl.StateMachineUpdater (StateMachineUpdater.java:stopAndJoin(115)) - StateMachineUpdater:c77c95d4-b555-4b20-809c-193fe3f6d604:group-F0CE555BC1C5: set stopIndex = 0
2019-09-05 17:50:45,284 [main] INFO  impl.PendingRequests (PendingRequests.java:sendNotLeaderResponses(202)) - 8481834f-1cca-4161-8865-792f4dfa8c48-PendingRequests: sendNotLeaderResponses
2019-09-05 17:50:45,284 [ForkJoinPool.commonPool-worker-0] INFO  impl.RaftServerImpl (ServerState.java:close(394)) - c77c95d4-b555-4b20-809c-193fe3f6d604:group-F0CE555BC1C5 closes. The last applied log index is 0
2019-09-05 17:50:45,285 [main] INFO  impl.StateMachineUpdater (StateMachineUpdater.java:stopAndJoin(115)) - StateMachineUpdater:8481834f-1cca-4161-8865-792f4dfa8c48:group-02B958A73768: set stopIndex = 0
2019-09-05 17:50:45,285 [c77c95d4-b555-4b20-809c-193fe3f6d604-SegmentedRaftLogWorker:Storage Directory /workdir/hadoop-ozone/integration-test/target/test-dir/MiniOzoneClusterImpl-16d58beb-b20c-491b-8614-42ba02276836/datanode-0/data/ratis/4fd72e13-2672-41a3-b1bd-f0ce555bc1c5] INFO  segmented.SegmentedRaftLogWorker (SegmentedRaftLogWorker.java:run(313)) - c77c95d4-b555-4b20-809c-193fe3f6d604-SegmentedRaftLogWorker:Storage Directory /workdir/hadoop-ozone/integration-test/target/test-dir/MiniOzoneClusterImpl-16d58beb-b20c-491b-8614-42ba02276836/datanode-0/data/ratis/4fd72e13-2672-41a3-b1bd-f0ce555bc1c5 was interrupted, exiting. There are 0 tasks remaining in the queue.
2019-09-05 17:50:45,285 [main] INFO  impl.RaftServerImpl (ServerState.java:close(394)) - 8481834f-1cca-4161-8865-792f4dfa8c48:group-02B958A73768 closes. The last applied log index is 0
2019-09-05 17:50:45,285 [ForkJoinPool.commonPool-worker-0] INFO  segmented.SegmentedRaftLogWorker (SegmentedRaftLogWorker.java:close(228)) - c77c95d4-b555-4b20-809c-193fe3f6d604-SegmentedRaftLogWorker:Storage Directory /workdir/hadoop-ozone/integration-test/target/test-dir/MiniOzoneClusterImpl-16d58beb-b20c-491b-8614-42ba02276836/datanode-0/data/ratis/4fd72e13-2672-41a3-b1bd-f0ce555bc1c5 close()
2019-09-05 17:50:45,286 [8481834f-1cca-4161-8865-792f4dfa8c48-SegmentedRaftLogWorker:Storage Directory /workdir/hadoop-ozone/integration-test/target/test-dir/MiniOzoneClusterImpl-16d58beb-b20c-491b-8614-42ba02276836/datanode-6/data/ratis/4c10ee47-b7d5-41fb-81b9-02b958a73768] INFO  segmented.SegmentedRaftLogWorker (SegmentedRaftLogWorker.java:run(313)) - 8481834f-1cca-4161-8865-792f4dfa8c48-SegmentedRaftLogWorker:Storage Directory /workdir/hadoop-ozone/integration-test/target/test-dir/MiniOzoneClusterImpl-16d58beb-b20c-491b-8614-42ba02276836/datanode-6/data/ratis/4c10ee47-b7d5-41fb-81b9-02b958a73768 was interrupted, exiting. There are 0 tasks remaining in the queue.
2019-09-05 17:50:45,286 [ForkJoinPool.commonPool-worker-0] INFO  impl.RaftServerImpl (RaftServerImpl.java:lambda$shutdown$3(245)) - c77c95d4-b555-4b20-809c-193fe3f6d604: shutdown group-5C8E73F057E7
2019-09-05 17:50:45,286 [main] INFO  segmented.SegmentedRaftLogWorker (SegmentedRaftLogWorker.java:close(228)) - 8481834f-1cca-4161-8865-792f4dfa8c48-SegmentedRaftLogWorker:Storage Directory /workdir/hadoop-ozone/integration-test/target/test-dir/MiniOzoneClusterImpl-16d58beb-b20c-491b-8614-42ba02276836/datanode-6/data/ratis/4c10ee47-b7d5-41fb-81b9-02b958a73768 close()
2019-09-05 17:50:45,286 [ForkJoinPool.commonPool-worker-0] INFO  util.JmxRegister (JmxRegister.java:unregister(73)) - Successfully un-registered JMX Bean with object name Ratis:service=RaftServer,group=group-5C8E73F057E7,id=c77c95d4-b555-4b20-809c-193fe3f6d604
2019-09-05 17:50:45,286 [main] INFO  server.GrpcService (GrpcService.java:closeImpl(155)) - 8481834f-1cca-4161-8865-792f4dfa8c48: shutdown server with port 37331 now
2019-09-05 17:50:45,286 [ForkJoinPool.commonPool-worker-0] INFO  impl.RoleInfo (RoleInfo.java:shutdownLeaderState(104)) - c77c95d4-b555-4b20-809c-193fe3f6d604: shutdown LeaderState
2019-09-05 17:50:45,288 [main] INFO  server.GrpcService (GrpcService.java:closeImpl(163)) - 8481834f-1cca-4161-8865-792f4dfa8c48: shutdown server with port 37331 successfully
2019-09-05 17:50:45,288 [ForkJoinPool.commonPool-worker-0] INFO  impl.PendingRequests (PendingRequests.java:sendNotLeaderResponses(202)) - c77c95d4-b555-4b20-809c-193fe3f6d604-PendingRequests: sendNotLeaderResponses
2019-09-05 17:50:45,289 [ForkJoinPool.commonPool-worker-0] INFO  impl.StateMachineUpdater (StateMachineUpdater.java:stopAndJoin(115)) - StateMachineUpdater:c77c95d4-b555-4b20-809c-193fe3f6d604:group-5C8E73F057E7: set stopIndex = 0
2019-09-05 17:50:45,289 [ForkJoinPool.commonPool-worker-0] INFO  impl.RaftServerImpl (ServerState.java:close(394)) - c77c95d4-b555-4b20-809c-193fe3f6d604:group-5C8E73F057E7 closes. The last applied log index is 0
2019-09-05 17:50:45,289 [c77c95d4-b555-4b20-809c-193fe3f6d604-SegmentedRaftLogWorker:Storage Directory /workdir/hadoop-ozone/integration-test/target/test-dir/MiniOzoneClusterImpl-16d58beb-b20c-491b-8614-42ba02276836/datanode-0/data/ratis/ddeb5a1c-4a5e-465a-b484-5c8e73f057e7] INFO  segmented.SegmentedRaftLogWorker (SegmentedRaftLogWorker.java:run(313)) - c77c95d4-b555-4b20-809c-193fe3f6d604-SegmentedRaftLogWorker:Storage Directory /workdir/hadoop-ozone/integration-test/target/test-dir/MiniOzoneClusterImpl-16d58beb-b20c-491b-8614-42ba02276836/datanode-0/data/ratis/ddeb5a1c-4a5e-465a-b484-5c8e73f057e7 was interrupted, exiting. There are 0 tasks remaining in the queue.
2019-09-05 17:50:45,289 [ForkJoinPool.commonPool-worker-0] INFO  segmented.SegmentedRaftLogWorker (SegmentedRaftLogWorker.java:close(228)) - c77c95d4-b555-4b20-809c-193fe3f6d604-SegmentedRaftLogWorker:Storage Directory /workdir/hadoop-ozone/integration-test/target/test-dir/MiniOzoneClusterImpl-16d58beb-b20c-491b-8614-42ba02276836/datanode-0/data/ratis/ddeb5a1c-4a5e-465a-b484-5c8e73f057e7 close()
2019-09-05 17:50:45,289 [refreshUsed-/workdir/hadoop-ozone/integration-test/target/test-dir/MiniOzoneClusterImpl-16d58beb-b20c-491b-8614-42ba02276836/datanode-6/data/containers] WARN  fs.CachingGetSpaceUsed (CachingGetSpaceUsed.java:run(183)) - Thread Interrupted waiting to refresh disk information: sleep interrupted
2019-09-05 17:50:45,290 [ForkJoinPool.commonPool-worker-0] INFO  server.GrpcService (GrpcService.java:closeImpl(155)) - c77c95d4-b555-4b20-809c-193fe3f6d604: shutdown server with port 35808 now
2019-09-05 17:50:45,290 [ForkJoinPool.commonPool-worker-0] INFO  server.GrpcService (GrpcService.java:closeImpl(163)) - c77c95d4-b555-4b20-809c-193fe3f6d604: shutdown server with port 35808 successfully
2019-09-05 17:50:45,294 [refreshUsed-/workdir/hadoop-ozone/integration-test/target/test-dir/MiniOzoneClusterImpl-16d58beb-b20c-491b-8614-42ba02276836/datanode-0/data/containers] WARN  fs.CachingGetSpaceUsed (CachingGetSpaceUsed.java:run(183)) - Thread Interrupted waiting to refresh disk information: sleep interrupted
2019-09-05 17:50:45,304 [main] INFO  utils.BackgroundService (BackgroundService.java:shutdown(148)) - Shutting down service BlockDeletingService
2019-09-05 17:50:45,307 [main] INFO  statemachine.DatanodeStateMachine (DatanodeStateMachine.java:stopDaemon(395)) - Ozone container server stopped.
2019-09-05 17:50:45,308 [main] INFO  handler.ContextHandler (ContextHandler.java:doStop(910)) - Stopped o.e.j.w.WebAppContext@1e79d43{/,null,UNAVAILABLE}{/hddsDatanode}
2019-09-05 17:50:45,308 [ForkJoinPool.commonPool-worker-0] INFO  utils.BackgroundService (BackgroundService.java:shutdown(148)) - Shutting down service BlockDeletingService
2019-09-05 17:50:45,310 [main] INFO  server.AbstractConnector (AbstractConnector.java:doStop(318)) - Stopped ServerConnector@343e225a{HTTP/1.1,[http/1.1]}{0.0.0.0:0}
2019-09-05 17:50:45,311 [ForkJoinPool.commonPool-worker-0] INFO  statemachine.DatanodeStateMachine (DatanodeStateMachine.java:stopDaemon(395)) - Ozone container server stopped.
2019-09-05 17:50:45,311 [main] INFO  handler.ContextHandler (ContextHandler.java:doStop(910)) - Stopped o.e.j.s.ServletContextHandler@6b6eae52{/static,jar:file:/home/user/.m2/repository/org/apache/hadoop/hadoop-hdds-container-service/0.5.0-SNAPSHOT/hadoop-hdds-container-service-0.5.0-SNAPSHOT.jar!/webapps/static,UNAVAILABLE}
2019-09-05 17:50:45,313 [main] INFO  handler.ContextHandler (ContextHandler.java:doStop(910)) - Stopped o.e.j.s.ServletContextHandler@7c20cdd0{/logs,file:///workdir/hadoop-ozone/integration-test/target/log,UNAVAILABLE}
2019-09-05 17:50:45,314 [ForkJoinPool.commonPool-worker-0] INFO  handler.ContextHandler (ContextHandler.java:doStop(910)) - Stopped o.e.j.w.WebAppContext@72eb6200{/,null,UNAVAILABLE}{/hddsDatanode}
2019-09-05 17:50:45,315 [ForkJoinPool.commonPool-worker-0] INFO  server.AbstractConnector (AbstractConnector.java:doStop(318)) - Stopped ServerConnector@76ececd{HTTP/1.1,[http/1.1]}{0.0.0.0:0}
2019-09-05 17:50:45,317 [ForkJoinPool.commonPool-worker-0] INFO  handler.ContextHandler (ContextHandler.java:doStop(910)) - Stopped o.e.j.s.ServletContextHandler@7b477141{/static,jar:file:/home/user/.m2/repository/org/apache/hadoop/hadoop-hdds-container-service/0.5.0-SNAPSHOT/hadoop-hdds-container-service-0.5.0-SNAPSHOT.jar!/webapps/static,UNAVAILABLE}
2019-09-05 17:50:45,317 [ForkJoinPool.commonPool-worker-0] INFO  handler.ContextHandler (ContextHandler.java:doStop(910)) - Stopped o.e.j.s.ServletContextHandler@2cd4e16a{/logs,file:///workdir/hadoop-ozone/integration-test/target/log,UNAVAILABLE}
2019-09-05 17:50:45,950 [Datanode State Machine Thread - 0] INFO  statemachine.DatanodeStateMachine (DatanodeStateMachine.java:lambda$startDaemon$0(350)) - Ozone container server started.
2019-09-05 17:50:48,133 [Thread-1900] INFO  impl.FollowerState (FollowerState.java:run(106)) - 63019528-44bb-4614-8879-5aa23dc8c351:group-6813D8658313 changes to CANDIDATE, lastRpcTime:5008, electionTimeout:5008ms
2019-09-05 17:50:48,133 [Thread-1900] INFO  impl.RoleInfo (RoleInfo.java:shutdownFollowerState(121)) - 63019528-44bb-4614-8879-5aa23dc8c351: shutdown FollowerState
2019-09-05 17:50:48,133 [Thread-1900] INFO  impl.RaftServerImpl (RaftServerImpl.java:setRole(171)) - 63019528-44bb-4614-8879-5aa23dc8c351:group-6813D8658313 changes role from FOLLOWER to CANDIDATE at term 4 for changeToCandidate
2019-09-05 17:50:48,133 [Thread-1900] INFO  impl.RoleInfo (RoleInfo.java:updateAndGet(143)) - 63019528-44bb-4614-8879-5aa23dc8c351: start LeaderElection
2019-09-05 17:50:48,176 [63019528-44bb-4614-8879-5aa23dc8c351:group-6813D8658313:LeaderElection39] INFO  impl.LeaderElection (LeaderElection.java:askForVotes(181)) - 63019528-44bb-4614-8879-5aa23dc8c351:group-6813D8658313:LeaderElection39: begin an election at term 5 for 0: [0458fa0a-4d99-412c-a137-2f07c0465a23:192.168.36.125:38969, 63019528-44bb-4614-8879-5aa23dc8c351:192.168.36.125:44072, 2d64b654-7f45-48f8-94bd-17273b14c273:192.168.36.125:39127], old=null
2019-09-05 17:50:48,176 [63019528-44bb-4614-8879-5aa23dc8c351:group-6813D8658313:LeaderElection39] INFO  impl.LeaderElection (LogUtils.java:infoOrTrace(149)) - 63019528-44bb-4614-8879-5aa23dc8c351:group-6813D8658313:LeaderElection39 got exception when requesting votes: {}
java.util.concurrent.ExecutionException: org.apache.ratis.thirdparty.io.grpc.StatusRuntimeException: UNAVAILABLE: io exception
	at java.util.concurrent.FutureTask.report(FutureTask.java:122)
	at java.util.concurrent.FutureTask.get(FutureTask.java:192)
	at org.apache.ratis.server.impl.LeaderElection.waitForResults(LeaderElection.java:262)
	at org.apache.ratis.server.impl.LeaderElection.askForVotes(LeaderElection.java:200)
	at org.apache.ratis.server.impl.LeaderElection.run(LeaderElection.java:130)
	at java.lang.Thread.run(Thread.java:748)
Caused by: org.apache.ratis.thirdparty.io.grpc.StatusRuntimeException: UNAVAILABLE: io exception
	at org.apache.ratis.thirdparty.io.grpc.stub.ClientCalls.toStatusRuntimeException(ClientCalls.java:233)
	at org.apache.ratis.thirdparty.io.grpc.stub.ClientCalls.getUnchecked(ClientCalls.java:214)
	at org.apache.ratis.thirdparty.io.grpc.stub.ClientCalls.blockingUnaryCall(ClientCalls.java:139)
	at org.apache.ratis.proto.grpc.RaftServerProtocolServiceGrpc$RaftServerProtocolServiceBlockingStub.requestVote(RaftServerProtocolServiceGrpc.java:265)
	at org.apache.ratis.grpc.server.GrpcServerProtocolClient.requestVote(GrpcServerProtocolClient.java:83)
	at org.apache.ratis.grpc.server.GrpcService.requestVote(GrpcService.java:195)
	at org.apache.ratis.server.impl.LeaderElection.lambda$submitRequests$1(LeaderElection.java:237)
	at java.util.concurrent.FutureTask.run(FutureTask.java:266)
	at java.util.concurrent.Executors$RunnableAdapter.call(Executors.java:511)
	at java.util.concurrent.FutureTask.run(FutureTask.java:266)
	at java.util.concurrent.ThreadPoolExecutor.runWorker(ThreadPoolExecutor.java:1149)
	at java.util.concurrent.ThreadPoolExecutor$Worker.run(ThreadPoolExecutor.java:624)
	... 1 more
Caused by: org.apache.ratis.thirdparty.io.netty.channel.AbstractChannel$AnnotatedConnectException: Connection refused: /192.168.36.125:39127
	at sun.nio.ch.SocketChannelImpl.checkConnect(Native Method)
	at sun.nio.ch.SocketChannelImpl.finishConnect(SocketChannelImpl.java:717)
	at org.apache.ratis.thirdparty.io.netty.channel.socket.nio.NioSocketChannel.doFinishConnect(NioSocketChannel.java:327)
	at org.apache.ratis.thirdparty.io.netty.channel.nio.AbstractNioChannel$AbstractNioUnsafe.finishConnect(AbstractNioChannel.java:340)
	at org.apache.ratis.thirdparty.io.netty.channel.nio.NioEventLoop.processSelectedKey(NioEventLoop.java:632)
	at org.apache.ratis.thirdparty.io.netty.channel.nio.NioEventLoop.processSelectedKeysOptimized(NioEventLoop.java:579)
	at org.apache.ratis.thirdparty.io.netty.channel.nio.NioEventLoop.processSelectedKeys(NioEventLoop.java:496)
	at org.apache.ratis.thirdparty.io.netty.channel.nio.NioEventLoop.run(NioEventLoop.java:458)
	at org.apache.ratis.thirdparty.io.netty.util.concurrent.SingleThreadEventExecutor$5.run(SingleThreadEventExecutor.java:897)
	at org.apache.ratis.thirdparty.io.netty.util.concurrent.FastThreadLocalRunnable.run(FastThreadLocalRunnable.java:30)
	... 1 more
Caused by: java.net.ConnectException: Connection refused
	... 11 more
2019-09-05 17:50:48,178 [63019528-44bb-4614-8879-5aa23dc8c351:group-6813D8658313:LeaderElection39] INFO  impl.LeaderElection (LogUtils.java:infoOrTrace(149)) - 63019528-44bb-4614-8879-5aa23dc8c351:group-6813D8658313:LeaderElection39 got exception when requesting votes: {}
java.util.concurrent.ExecutionException: org.apache.ratis.thirdparty.io.grpc.StatusRuntimeException: UNAVAILABLE: io exception
	at java.util.concurrent.FutureTask.report(FutureTask.java:122)
	at java.util.concurrent.FutureTask.get(FutureTask.java:192)
	at org.apache.ratis.server.impl.LeaderElection.waitForResults(LeaderElection.java:262)
	at org.apache.ratis.server.impl.LeaderElection.askForVotes(LeaderElection.java:200)
	at org.apache.ratis.server.impl.LeaderElection.run(LeaderElection.java:130)
	at java.lang.Thread.run(Thread.java:748)
Caused by: org.apache.ratis.thirdparty.io.grpc.StatusRuntimeException: UNAVAILABLE: io exception
	at org.apache.ratis.thirdparty.io.grpc.stub.ClientCalls.toStatusRuntimeException(ClientCalls.java:233)
	at org.apache.ratis.thirdparty.io.grpc.stub.ClientCalls.getUnchecked(ClientCalls.java:214)
	at org.apache.ratis.thirdparty.io.grpc.stub.ClientCalls.blockingUnaryCall(ClientCalls.java:139)
	at org.apache.ratis.proto.grpc.RaftServerProtocolServiceGrpc$RaftServerProtocolServiceBlockingStub.requestVote(RaftServerProtocolServiceGrpc.java:265)
	at org.apache.ratis.grpc.server.GrpcServerProtocolClient.requestVote(GrpcServerProtocolClient.java:83)
	at org.apache.ratis.grpc.server.GrpcService.requestVote(GrpcService.java:195)
	at org.apache.ratis.server.impl.LeaderElection.lambda$submitRequests$1(LeaderElection.java:237)
	at java.util.concurrent.FutureTask.run(FutureTask.java:266)
	at java.util.concurrent.Executors$RunnableAdapter.call(Executors.java:511)
	at java.util.concurrent.FutureTask.run(FutureTask.java:266)
	at java.util.concurrent.ThreadPoolExecutor.runWorker(ThreadPoolExecutor.java:1149)
	at java.util.concurrent.ThreadPoolExecutor$Worker.run(ThreadPoolExecutor.java:624)
	... 1 more
Caused by: org.apache.ratis.thirdparty.io.netty.channel.AbstractChannel$AnnotatedConnectException: Connection refused: /192.168.36.125:38969
	at sun.nio.ch.SocketChannelImpl.checkConnect(Native Method)
	at sun.nio.ch.SocketChannelImpl.finishConnect(SocketChannelImpl.java:717)
	at org.apache.ratis.thirdparty.io.netty.channel.socket.nio.NioSocketChannel.doFinishConnect(NioSocketChannel.java:327)
	at org.apache.ratis.thirdparty.io.netty.channel.nio.AbstractNioChannel$AbstractNioUnsafe.finishConnect(AbstractNioChannel.java:340)
	at org.apache.ratis.thirdparty.io.netty.channel.nio.NioEventLoop.processSelectedKey(NioEventLoop.java:632)
	at org.apache.ratis.thirdparty.io.netty.channel.nio.NioEventLoop.processSelectedKeysOptimized(NioEventLoop.java:579)
	at org.apache.ratis.thirdparty.io.netty.channel.nio.NioEventLoop.processSelectedKeys(NioEventLoop.java:496)
	at org.apache.ratis.thirdparty.io.netty.channel.nio.NioEventLoop.run(NioEventLoop.java:458)
	at org.apache.ratis.thirdparty.io.netty.util.concurrent.SingleThreadEventExecutor$5.run(SingleThreadEventExecutor.java:897)
	at org.apache.ratis.thirdparty.io.netty.util.concurrent.FastThreadLocalRunnable.run(FastThreadLocalRunnable.java:30)
	... 1 more
Caused by: java.net.ConnectException: Connection refused
	... 11 more
2019-09-05 17:50:48,179 [63019528-44bb-4614-8879-5aa23dc8c351:group-6813D8658313:LeaderElection39] INFO  impl.LeaderElection (LeaderElection.java:logAndReturn(56)) - 63019528-44bb-4614-8879-5aa23dc8c351:group-6813D8658313:LeaderElection39: Election REJECTED; received 0 response(s) [] and 2 exception(s); 63019528-44bb-4614-8879-5aa23dc8c351:t5, leader=null, voted=63019528-44bb-4614-8879-5aa23dc8c351, raftlog=63019528-44bb-4614-8879-5aa23dc8c351-SegmentedRaftLog:OPENED:c8,f8,i8, conf=0: [0458fa0a-4d99-412c-a137-2f07c0465a23:192.168.36.125:38969, 63019528-44bb-4614-8879-5aa23dc8c351:192.168.36.125:44072, 2d64b654-7f45-48f8-94bd-17273b14c273:192.168.36.125:39127], old=null
2019-09-05 17:50:48,179 [63019528-44bb-4614-8879-5aa23dc8c351:group-6813D8658313:LeaderElection39] INFO  impl.LeaderElection (LogUtils.java:infoOrTrace(149)) -   Exception 0: {}
java.util.concurrent.ExecutionException: org.apache.ratis.thirdparty.io.grpc.StatusRuntimeException: UNAVAILABLE: io exception
	at java.util.concurrent.FutureTask.report(FutureTask.java:122)
	at java.util.concurrent.FutureTask.get(FutureTask.java:192)
	at org.apache.ratis.server.impl.LeaderElection.waitForResults(LeaderElection.java:262)
	at org.apache.ratis.server.impl.LeaderElection.askForVotes(LeaderElection.java:200)
	at org.apache.ratis.server.impl.LeaderElection.run(LeaderElection.java:130)
	at java.lang.Thread.run(Thread.java:748)
Caused by: org.apache.ratis.thirdparty.io.grpc.StatusRuntimeException: UNAVAILABLE: io exception
	at org.apache.ratis.thirdparty.io.grpc.stub.ClientCalls.toStatusRuntimeException(ClientCalls.java:233)
	at org.apache.ratis.thirdparty.io.grpc.stub.ClientCalls.getUnchecked(ClientCalls.java:214)
	at org.apache.ratis.thirdparty.io.grpc.stub.ClientCalls.blockingUnaryCall(ClientCalls.java:139)
	at org.apache.ratis.proto.grpc.RaftServerProtocolServiceGrpc$RaftServerProtocolServiceBlockingStub.requestVote(RaftServerProtocolServiceGrpc.java:265)
	at org.apache.ratis.grpc.server.GrpcServerProtocolClient.requestVote(GrpcServerProtocolClient.java:83)
	at org.apache.ratis.grpc.server.GrpcService.requestVote(GrpcService.java:195)
	at org.apache.ratis.server.impl.LeaderElection.lambda$submitRequests$1(LeaderElection.java:237)
	at java.util.concurrent.FutureTask.run(FutureTask.java:266)
	at java.util.concurrent.Executors$RunnableAdapter.call(Executors.java:511)
	at java.util.concurrent.FutureTask.run(FutureTask.java:266)
	at java.util.concurrent.ThreadPoolExecutor.runWorker(ThreadPoolExecutor.java:1149)
	at java.util.concurrent.ThreadPoolExecutor$Worker.run(ThreadPoolExecutor.java:624)
	... 1 more
Caused by: org.apache.ratis.thirdparty.io.netty.channel.AbstractChannel$AnnotatedConnectException: Connection refused: /192.168.36.125:39127
	at sun.nio.ch.SocketChannelImpl.checkConnect(Native Method)
	at sun.nio.ch.SocketChannelImpl.finishConnect(SocketChannelImpl.java:717)
	at org.apache.ratis.thirdparty.io.netty.channel.socket.nio.NioSocketChannel.doFinishConnect(NioSocketChannel.java:327)
	at org.apache.ratis.thirdparty.io.netty.channel.nio.AbstractNioChannel$AbstractNioUnsafe.finishConnect(AbstractNioChannel.java:340)
	at org.apache.ratis.thirdparty.io.netty.channel.nio.NioEventLoop.processSelectedKey(NioEventLoop.java:632)
	at org.apache.ratis.thirdparty.io.netty.channel.nio.NioEventLoop.processSelectedKeysOptimized(NioEventLoop.java:579)
	at org.apache.ratis.thirdparty.io.netty.channel.nio.NioEventLoop.processSelectedKeys(NioEventLoop.java:496)
	at org.apache.ratis.thirdparty.io.netty.channel.nio.NioEventLoop.run(NioEventLoop.java:458)
	at org.apache.ratis.thirdparty.io.netty.util.concurrent.SingleThreadEventExecutor$5.run(SingleThreadEventExecutor.java:897)
	at org.apache.ratis.thirdparty.io.netty.util.concurrent.FastThreadLocalRunnable.run(FastThreadLocalRunnable.java:30)
	... 1 more
Caused by: java.net.ConnectException: Connection refused
	... 11 more
2019-09-05 17:50:48,179 [63019528-44bb-4614-8879-5aa23dc8c351:group-6813D8658313:LeaderElection39] INFO  impl.LeaderElection (LogUtils.java:infoOrTrace(149)) -   Exception 1: {}
java.util.concurrent.ExecutionException: org.apache.ratis.thirdparty.io.grpc.StatusRuntimeException: UNAVAILABLE: io exception
	at java.util.concurrent.FutureTask.report(FutureTask.java:122)
	at java.util.concurrent.FutureTask.get(FutureTask.java:192)
	at org.apache.ratis.server.impl.LeaderElection.waitForResults(LeaderElection.java:262)
	at org.apache.ratis.server.impl.LeaderElection.askForVotes(LeaderElection.java:200)
	at org.apache.ratis.server.impl.LeaderElection.run(LeaderElection.java:130)
	at java.lang.Thread.run(Thread.java:748)
Caused by: org.apache.ratis.thirdparty.io.grpc.StatusRuntimeException: UNAVAILABLE: io exception
	at org.apache.ratis.thirdparty.io.grpc.stub.ClientCalls.toStatusRuntimeException(ClientCalls.java:233)
	at org.apache.ratis.thirdparty.io.grpc.stub.ClientCalls.getUnchecked(ClientCalls.java:214)
	at org.apache.ratis.thirdparty.io.grpc.stub.ClientCalls.blockingUnaryCall(ClientCalls.java:139)
	at org.apache.ratis.proto.grpc.RaftServerProtocolServiceGrpc$RaftServerProtocolServiceBlockingStub.requestVote(RaftServerProtocolServiceGrpc.java:265)
	at org.apache.ratis.grpc.server.GrpcServerProtocolClient.requestVote(GrpcServerProtocolClient.java:83)
	at org.apache.ratis.grpc.server.GrpcService.requestVote(GrpcService.java:195)
	at org.apache.ratis.server.impl.LeaderElection.lambda$submitRequests$1(LeaderElection.java:237)
	at java.util.concurrent.FutureTask.run(FutureTask.java:266)
	at java.util.concurrent.Executors$RunnableAdapter.call(Executors.java:511)
	at java.util.concurrent.FutureTask.run(FutureTask.java:266)
	at java.util.concurrent.ThreadPoolExecutor.runWorker(ThreadPoolExecutor.java:1149)
	at java.util.concurrent.ThreadPoolExecutor$Worker.run(ThreadPoolExecutor.java:624)
	... 1 more
Caused by: org.apache.ratis.thirdparty.io.netty.channel.AbstractChannel$AnnotatedConnectException: Connection refused: /192.168.36.125:38969
	at sun.nio.ch.SocketChannelImpl.checkConnect(Native Method)
	at sun.nio.ch.SocketChannelImpl.finishConnect(SocketChannelImpl.java:717)
	at org.apache.ratis.thirdparty.io.netty.channel.socket.nio.NioSocketChannel.doFinishConnect(NioSocketChannel.java:327)
	at org.apache.ratis.thirdparty.io.netty.channel.nio.AbstractNioChannel$AbstractNioUnsafe.finishConnect(AbstractNioChannel.java:340)
	at org.apache.ratis.thirdparty.io.netty.channel.nio.NioEventLoop.processSelectedKey(NioEventLoop.java:632)
	at org.apache.ratis.thirdparty.io.netty.channel.nio.NioEventLoop.processSelectedKeysOptimized(NioEventLoop.java:579)
	at org.apache.ratis.thirdparty.io.netty.channel.nio.NioEventLoop.processSelectedKeys(NioEventLoop.java:496)
	at org.apache.ratis.thirdparty.io.netty.channel.nio.NioEventLoop.run(NioEventLoop.java:458)
	at org.apache.ratis.thirdparty.io.netty.util.concurrent.SingleThreadEventExecutor$5.run(SingleThreadEventExecutor.java:897)
	at org.apache.ratis.thirdparty.io.netty.util.concurrent.FastThreadLocalRunnable.run(FastThreadLocalRunnable.java:30)
	... 1 more
Caused by: java.net.ConnectException: Connection refused
	... 11 more
2019-09-05 17:50:48,180 [63019528-44bb-4614-8879-5aa23dc8c351:group-6813D8658313:LeaderElection39] INFO  impl.RaftServerImpl (RaftServerImpl.java:setRole(171)) - 63019528-44bb-4614-8879-5aa23dc8c351:group-6813D8658313 changes role from CANDIDATE to FOLLOWER at term 5 for DISCOVERED_A_NEW_TERM
2019-09-05 17:50:48,180 [63019528-44bb-4614-8879-5aa23dc8c351:group-6813D8658313:LeaderElection39] INFO  impl.RoleInfo (RoleInfo.java:shutdownLeaderElection(134)) - 63019528-44bb-4614-8879-5aa23dc8c351: shutdown LeaderElection
2019-09-05 17:50:48,180 [63019528-44bb-4614-8879-5aa23dc8c351:group-6813D8658313:LeaderElection39] INFO  impl.RoleInfo (RoleInfo.java:updateAndGet(143)) - 63019528-44bb-4614-8879-5aa23dc8c351: start FollowerState
2019-09-05 17:50:50,315 [main] INFO  ozoneimpl.OzoneContainer (OzoneContainer.java:stop(215)) - Attempting to stop container services.
2019-09-05 17:50:50,315 [main] INFO  impl.RaftServerProxy (RaftServerProxy.java:lambda$close$4(314)) - 63019528-44bb-4614-8879-5aa23dc8c351: close
2019-09-05 17:50:50,316 [main] INFO  impl.RaftServerImpl (RaftServerImpl.java:lambda$shutdown$3(245)) - 63019528-44bb-4614-8879-5aa23dc8c351: shutdown group-C328C49B0FD9
2019-09-05 17:50:50,316 [main] INFO  util.JmxRegister (JmxRegister.java:unregister(73)) - Successfully un-registered JMX Bean with object name Ratis:service=RaftServer,group=group-C328C49B0FD9,id=63019528-44bb-4614-8879-5aa23dc8c351
2019-09-05 17:50:50,316 [main] INFO  impl.RoleInfo (RoleInfo.java:shutdownLeaderState(104)) - 63019528-44bb-4614-8879-5aa23dc8c351: shutdown LeaderState
2019-09-05 17:50:50,316 [main] INFO  impl.PendingRequests (PendingRequests.java:sendNotLeaderResponses(202)) - 63019528-44bb-4614-8879-5aa23dc8c351-PendingRequests: sendNotLeaderResponses
2019-09-05 17:50:50,317 [main] INFO  impl.StateMachineUpdater (StateMachineUpdater.java:stopAndJoin(115)) - StateMachineUpdater:63019528-44bb-4614-8879-5aa23dc8c351:group-C328C49B0FD9: set stopIndex = 0
2019-09-05 17:50:50,317 [main] INFO  impl.RaftServerImpl (ServerState.java:close(394)) - 63019528-44bb-4614-8879-5aa23dc8c351:group-C328C49B0FD9 closes. The last applied log index is 0
2019-09-05 17:50:50,317 [63019528-44bb-4614-8879-5aa23dc8c351-SegmentedRaftLogWorker:Storage Directory /workdir/hadoop-ozone/integration-test/target/test-dir/MiniOzoneClusterImpl-16d58beb-b20c-491b-8614-42ba02276836/datanode-5/data/ratis/d8926fad-cad1-4aa9-b049-c328c49b0fd9] INFO  segmented.SegmentedRaftLogWorker (SegmentedRaftLogWorker.java:run(313)) - 63019528-44bb-4614-8879-5aa23dc8c351-SegmentedRaftLogWorker:Storage Directory /workdir/hadoop-ozone/integration-test/target/test-dir/MiniOzoneClusterImpl-16d58beb-b20c-491b-8614-42ba02276836/datanode-5/data/ratis/d8926fad-cad1-4aa9-b049-c328c49b0fd9 was interrupted, exiting. There are 0 tasks remaining in the queue.
2019-09-05 17:50:50,318 [main] INFO  segmented.SegmentedRaftLogWorker (SegmentedRaftLogWorker.java:close(228)) - 63019528-44bb-4614-8879-5aa23dc8c351-SegmentedRaftLogWorker:Storage Directory /workdir/hadoop-ozone/integration-test/target/test-dir/MiniOzoneClusterImpl-16d58beb-b20c-491b-8614-42ba02276836/datanode-5/data/ratis/d8926fad-cad1-4aa9-b049-c328c49b0fd9 close()
2019-09-05 17:50:50,318 [main] INFO  impl.RaftServerImpl (RaftServerImpl.java:lambda$shutdown$3(245)) - 63019528-44bb-4614-8879-5aa23dc8c351: shutdown group-6813D8658313
2019-09-05 17:50:50,318 [main] INFO  util.JmxRegister (JmxRegister.java:unregister(73)) - Successfully un-registered JMX Bean with object name Ratis:service=RaftServer,group=group-6813D8658313,id=63019528-44bb-4614-8879-5aa23dc8c351
2019-09-05 17:50:50,318 [main] INFO  impl.RoleInfo (RoleInfo.java:shutdownFollowerState(121)) - 63019528-44bb-4614-8879-5aa23dc8c351: shutdown FollowerState
2019-09-05 17:50:50,319 [main] INFO  impl.StateMachineUpdater (StateMachineUpdater.java:stopAndJoin(115)) - StateMachineUpdater:63019528-44bb-4614-8879-5aa23dc8c351:group-6813D8658313: set stopIndex = 8
2019-09-05 17:50:50,319 [Thread-1904] INFO  impl.FollowerState (FollowerState.java:run(114)) - 63019528-44bb-4614-8879-5aa23dc8c351: FollowerState was interrupted: java.lang.InterruptedException: sleep interrupted
2019-09-05 17:50:50,319 [StateMachineUpdater:63019528-44bb-4614-8879-5aa23dc8c351:group-6813D8658313] INFO  ratis.ContainerStateMachine (ContainerStateMachine.java:takeSnapshot(284)) - group-6813D8658313: Taking a snapshot at:(t:3, i:5) file /workdir/hadoop-ozone/integration-test/target/test-dir/MiniOzoneClusterImpl-16d58beb-b20c-491b-8614-42ba02276836/datanode-5/data/ratis/70507974-d156-4154-92e7-6813d8658313/sm/snapshot.3_5
2019-09-05 17:50:50,359 [StateMachineUpdater:63019528-44bb-4614-8879-5aa23dc8c351:group-6813D8658313] INFO  ratis.ContainerStateMachine (ContainerStateMachine.java:takeSnapshot(295)) - group-6813D8658313: Finished taking a snapshot at:(t:3, i:5) file:/workdir/hadoop-ozone/integration-test/target/test-dir/MiniOzoneClusterImpl-16d58beb-b20c-491b-8614-42ba02276836/datanode-5/data/ratis/70507974-d156-4154-92e7-6813d8658313/sm/snapshot.3_5 time:40
2019-09-05 17:50:50,359 [StateMachineUpdater:63019528-44bb-4614-8879-5aa23dc8c351:group-6813D8658313] INFO  impl.StateMachineUpdater (StateMachineUpdater.java:takeSnapshot(242)) - StateMachineUpdater:63019528-44bb-4614-8879-5aa23dc8c351:group-6813D8658313: Took a snapshot at index 5
2019-09-05 17:50:50,359 [StateMachineUpdater:63019528-44bb-4614-8879-5aa23dc8c351:group-6813D8658313] INFO  impl.StateMachineUpdater (StateMachineUpdater.java:lambda$new$0(80)) - StateMachineUpdater:63019528-44bb-4614-8879-5aa23dc8c351:group-6813D8658313: snapshotIndex: updateIncreasingly -1 -> 5
2019-09-05 17:50:50,360 [main] INFO  impl.RaftServerImpl (ServerState.java:close(394)) - 63019528-44bb-4614-8879-5aa23dc8c351:group-6813D8658313 closes. The last applied log index is 8
2019-09-05 17:50:50,360 [63019528-44bb-4614-8879-5aa23dc8c351-SegmentedRaftLogWorker:Storage Directory /workdir/hadoop-ozone/integration-test/target/test-dir/MiniOzoneClusterImpl-16d58beb-b20c-491b-8614-42ba02276836/datanode-5/data/ratis/70507974-d156-4154-92e7-6813d8658313] INFO  segmented.SegmentedRaftLogWorker (SegmentedRaftLogWorker.java:run(313)) - 63019528-44bb-4614-8879-5aa23dc8c351-SegmentedRaftLogWorker:Storage Directory /workdir/hadoop-ozone/integration-test/target/test-dir/MiniOzoneClusterImpl-16d58beb-b20c-491b-8614-42ba02276836/datanode-5/data/ratis/70507974-d156-4154-92e7-6813d8658313 was interrupted, exiting. There are 0 tasks remaining in the queue.
2019-09-05 17:50:50,361 [main] INFO  segmented.SegmentedRaftLogWorker (SegmentedRaftLogWorker.java:close(228)) - 63019528-44bb-4614-8879-5aa23dc8c351-SegmentedRaftLogWorker:Storage Directory /workdir/hadoop-ozone/integration-test/target/test-dir/MiniOzoneClusterImpl-16d58beb-b20c-491b-8614-42ba02276836/datanode-5/data/ratis/70507974-d156-4154-92e7-6813d8658313 close()
2019-09-05 17:50:50,361 [main] INFO  server.GrpcService (GrpcService.java:closeImpl(155)) - 63019528-44bb-4614-8879-5aa23dc8c351: shutdown server with port 44072 now
2019-09-05 17:50:50,363 [main] INFO  server.GrpcService (GrpcService.java:closeImpl(163)) - 63019528-44bb-4614-8879-5aa23dc8c351: shutdown server with port 44072 successfully
2019-09-05 17:50:50,364 [refreshUsed-/workdir/hadoop-ozone/integration-test/target/test-dir/MiniOzoneClusterImpl-16d58beb-b20c-491b-8614-42ba02276836/datanode-5/data/containers] WARN  fs.CachingGetSpaceUsed (CachingGetSpaceUsed.java:run(183)) - Thread Interrupted waiting to refresh disk information: sleep interrupted
2019-09-05 17:50:50,376 [main] INFO  utils.BackgroundService (BackgroundService.java:shutdown(148)) - Shutting down service BlockDeletingService
2019-09-05 17:50:50,379 [main] INFO  statemachine.DatanodeStateMachine (DatanodeStateMachine.java:stopDaemon(395)) - Ozone container server stopped.
2019-09-05 17:50:50,380 [main] INFO  handler.ContextHandler (ContextHandler.java:doStop(910)) - Stopped o.e.j.w.WebAppContext@32d5279{/,null,UNAVAILABLE}{/hddsDatanode}
2019-09-05 17:50:50,380 [main] INFO  server.AbstractConnector (AbstractConnector.java:doStop(318)) - Stopped ServerConnector@1c067c0d{HTTP/1.1,[http/1.1]}{0.0.0.0:0}
2019-09-05 17:50:50,380 [main] INFO  handler.ContextHandler (ContextHandler.java:doStop(910)) - Stopped o.e.j.s.ServletContextHandler@6a1d526c{/static,jar:file:/home/user/.m2/repository/org/apache/hadoop/hadoop-hdds-container-service/0.5.0-SNAPSHOT/hadoop-hdds-container-service-0.5.0-SNAPSHOT.jar!/webapps/static,UNAVAILABLE}
2019-09-05 17:50:50,381 [main] INFO  handler.ContextHandler (ContextHandler.java:doStop(910)) - Stopped o.e.j.s.ServletContextHandler@73a0f2b{/logs,file:///workdir/hadoop-ozone/integration-test/target/log,UNAVAILABLE}
2019-09-05 17:50:50,382 [main] INFO  ozone.MiniOzoneClusterImpl (MiniOzoneClusterImpl.java:stop(339)) - Stopping the StorageContainerManager
2019-09-05 17:50:50,382 [main] INFO  server.StorageContainerManager (StorageContainerManager.java:stop(797)) - Stopping Replication Manager Service.
2019-09-05 17:50:50,382 [main] INFO  container.ReplicationManager (ReplicationManager.java:stop(203)) - Stopping Replication Monitor Thread.
2019-09-05 17:50:50,382 [main] INFO  server.StorageContainerManager (StorageContainerManager.java:stop(804)) - Stopping Lease Manager of the command watchers
2019-09-05 17:50:50,382 [main] INFO  server.StorageContainerManager (StorageContainerManager.java:stop(811)) - Stopping datanode service RPC server
2019-09-05 17:50:50,382 [main] INFO  server.SCMDatanodeProtocolServer (SCMDatanodeProtocolServer.java:stop(367)) - Stopping the RPC server for DataNodes
2019-09-05 17:50:50,382 [main] INFO  ipc.Server (Server.java:stop(3082)) - Stopping server on 33074
2019-09-05 17:50:50,384 [IPC Server listener on 33074] INFO  ipc.Server (Server.java:run(1185)) - Stopping IPC Server listener on 33074
2019-09-05 17:50:50,384 [IPC Server Responder] INFO  ipc.Server (Server.java:run(1319)) - Stopping IPC Server Responder
2019-09-05 17:50:50,452 [SCM Heartbeat Processing Thread - 0] WARN  node.NodeStateManager (NodeStateManager.java:scheduleNextHealthCheck(646)) - Current Thread is interrupted, shutting down HB processing thread for Node Manager.
2019-09-05 17:50:50,452 [main] INFO  server.StorageContainerManager (StorageContainerManager.java:stop(819)) - Stopping block service RPC server
2019-09-05 17:50:50,453 [main] INFO  server.SCMBlockProtocolServer (SCMBlockProtocolServer.java:stop(155)) - Stopping the RPC server for Block Protocol
2019-09-05 17:50:50,453 [main] INFO  ipc.Server (Server.java:stop(3082)) - Stopping server on 41274
2019-09-05 17:50:50,455 [IPC Server listener on 41274] INFO  ipc.Server (Server.java:run(1185)) - Stopping IPC Server listener on 41274
2019-09-05 17:50:50,455 [main] INFO  server.StorageContainerManager (StorageContainerManager.java:stop(826)) - Stopping the StorageContainerLocationProtocol RPC server
2019-09-05 17:50:50,456 [main] INFO  server.SCMClientProtocolServer (SCMClientProtocolServer.java:stop(159)) - Stopping the RPC server for Client Protocol
2019-09-05 17:50:50,456 [IPC Server Responder] INFO  ipc.Server (Server.java:run(1319)) - Stopping IPC Server Responder
2019-09-05 17:50:50,456 [main] INFO  ipc.Server (Server.java:stop(3082)) - Stopping server on 36640
2019-09-05 17:50:50,459 [IPC Server listener on 36640] INFO  ipc.Server (Server.java:run(1185)) - Stopping IPC Server listener on 36640
2019-09-05 17:50:50,459 [main] INFO  server.StorageContainerManager (StorageContainerManager.java:stop(833)) - Stopping Storage Container Manager HTTP server.
2019-09-05 17:50:50,459 [IPC Server Responder] INFO  ipc.Server (Server.java:run(1319)) - Stopping IPC Server Responder
2019-09-05 17:50:50,460 [main] INFO  handler.ContextHandler (ContextHandler.java:doStop(910)) - Stopped o.e.j.w.WebAppContext@3e4e8fdf{/,null,UNAVAILABLE}{/scm}
2019-09-05 17:50:50,461 [main] INFO  server.AbstractConnector (AbstractConnector.java:doStop(318)) - Stopped ServerConnector@6a1d6ef2{HTTP/1.1,[http/1.1]}{0.0.0.0:0}
2019-09-05 17:50:50,462 [main] INFO  handler.ContextHandler (ContextHandler.java:doStop(910)) - Stopped o.e.j.s.ServletContextHandler@2e7157c7{/static,file:///workdir/hadoop-ozone/integration-test/target/test-classes/webapps/static,UNAVAILABLE}
2019-09-05 17:50:50,462 [main] INFO  handler.ContextHandler (ContextHandler.java:doStop(910)) - Stopped o.e.j.s.ServletContextHandler@748f93bb{/logs,file:///workdir/hadoop-ozone/integration-test/target/log,UNAVAILABLE}
2019-09-05 17:50:50,463 [main] INFO  server.StorageContainerManager (StorageContainerManager.java:stop(844)) - Stopping Block Manager Service.
2019-09-05 17:50:50,463 [main] INFO  utils.BackgroundService (BackgroundService.java:shutdown(148)) - Shutting down service SCMBlockDeletingService
2019-09-05 17:50:50,464 [main] INFO  utils.BackgroundService (BackgroundService.java:shutdown(148)) - Shutting down service SCMBlockDeletingService
2019-09-05 17:50:50,464 [main] INFO  server.StorageContainerManager (StorageContainerManager.java:stop(866)) - Stopping SCM Event Queue.
2019-09-05 17:50:50,468 [main] INFO  impl.MetricsSystemImpl (MetricsSystemImpl.java:stop(210)) - Stopping HddsDatanode metrics system...
2019-09-05 17:50:50,474 [main] INFO  impl.MetricsSystemImpl (MetricsSystemImpl.java:stop(216)) - HddsDatanode metrics system stopped.
]]></system-out>
    <system-err><![CDATA[Sep 05, 2019 5:47:47 PM org.apache.ratis.thirdparty.io.grpc.netty.NettyServerHandler onStreamError
WARNING: Stream Error
org.apache.ratis.thirdparty.io.netty.handler.codec.http2.Http2Exception$StreamException: Received DATA frame for an unknown stream 3
	at org.apache.ratis.thirdparty.io.netty.handler.codec.http2.Http2Exception.streamError(Http2Exception.java:129)
	at org.apache.ratis.thirdparty.io.netty.handler.codec.http2.DefaultHttp2ConnectionDecoder$FrameReadListener.shouldIgnoreHeadersOrDataFrame(DefaultHttp2ConnectionDecoder.java:531)
	at org.apache.ratis.thirdparty.io.netty.handler.codec.http2.DefaultHttp2ConnectionDecoder$FrameReadListener.onDataRead(DefaultHttp2ConnectionDecoder.java:183)
	at org.apache.ratis.thirdparty.io.netty.handler.codec.http2.Http2InboundFrameLogger$1.onDataRead(Http2InboundFrameLogger.java:48)
	at org.apache.ratis.thirdparty.io.netty.handler.codec.http2.DefaultHttp2FrameReader.readDataFrame(DefaultHttp2FrameReader.java:421)
	at org.apache.ratis.thirdparty.io.netty.handler.codec.http2.DefaultHttp2FrameReader.processPayloadState(DefaultHttp2FrameReader.java:251)
	at org.apache.ratis.thirdparty.io.netty.handler.codec.http2.DefaultHttp2FrameReader.readFrame(DefaultHttp2FrameReader.java:160)
	at org.apache.ratis.thirdparty.io.netty.handler.codec.http2.Http2InboundFrameLogger.readFrame(Http2InboundFrameLogger.java:41)
	at org.apache.ratis.thirdparty.io.netty.handler.codec.http2.DefaultHttp2ConnectionDecoder.decodeFrame(DefaultHttp2ConnectionDecoder.java:118)
	at org.apache.ratis.thirdparty.io.netty.handler.codec.http2.Http2ConnectionHandler$FrameDecoder.decode(Http2ConnectionHandler.java:390)
	at org.apache.ratis.thirdparty.io.netty.handler.codec.http2.Http2ConnectionHandler.decode(Http2ConnectionHandler.java:450)
	at org.apache.ratis.thirdparty.io.netty.handler.codec.ByteToMessageDecoder.decodeRemovalReentryProtection(ByteToMessageDecoder.java:502)
	at org.apache.ratis.thirdparty.io.netty.handler.codec.ByteToMessageDecoder.callDecode(ByteToMessageDecoder.java:441)
	at org.apache.ratis.thirdparty.io.netty.handler.codec.ByteToMessageDecoder.channelRead(ByteToMessageDecoder.java:278)
	at org.apache.ratis.thirdparty.io.netty.channel.AbstractChannelHandlerContext.invokeChannelRead(AbstractChannelHandlerContext.java:362)
	at org.apache.ratis.thirdparty.io.netty.channel.AbstractChannelHandlerContext.invokeChannelRead(AbstractChannelHandlerContext.java:348)
	at org.apache.ratis.thirdparty.io.netty.channel.AbstractChannelHandlerContext.fireChannelRead(AbstractChannelHandlerContext.java:340)
	at org.apache.ratis.thirdparty.io.netty.channel.DefaultChannelPipeline$HeadContext.channelRead(DefaultChannelPipeline.java:1434)
	at org.apache.ratis.thirdparty.io.netty.channel.AbstractChannelHandlerContext.invokeChannelRead(AbstractChannelHandlerContext.java:362)
	at org.apache.ratis.thirdparty.io.netty.channel.AbstractChannelHandlerContext.invokeChannelRead(AbstractChannelHandlerContext.java:348)
	at org.apache.ratis.thirdparty.io.netty.channel.DefaultChannelPipeline.fireChannelRead(DefaultChannelPipeline.java:965)
	at org.apache.ratis.thirdparty.io.netty.channel.nio.AbstractNioByteChannel$NioByteUnsafe.read(AbstractNioByteChannel.java:163)
	at org.apache.ratis.thirdparty.io.netty.channel.nio.NioEventLoop.processSelectedKey(NioEventLoop.java:644)
	at org.apache.ratis.thirdparty.io.netty.channel.nio.NioEventLoop.processSelectedKeysOptimized(NioEventLoop.java:579)
	at org.apache.ratis.thirdparty.io.netty.channel.nio.NioEventLoop.processSelectedKeys(NioEventLoop.java:496)
	at org.apache.ratis.thirdparty.io.netty.channel.nio.NioEventLoop.run(NioEventLoop.java:458)
	at org.apache.ratis.thirdparty.io.netty.util.concurrent.SingleThreadEventExecutor$5.run(SingleThreadEventExecutor.java:897)
	at org.apache.ratis.thirdparty.io.netty.util.concurrent.FastThreadLocalRunnable.run(FastThreadLocalRunnable.java:30)
	at java.lang.Thread.run(Thread.java:748)

]]></system-err>
  </testcase>
</testsuite>