<?xml version="1.0" encoding="UTF-8"?>
<testsuite xmlns:xsi="http://www.w3.org/2001/XMLSchema-instance" xsi:noNamespaceSchemaLocation="https://maven.apache.org/surefire/maven-surefire-plugin/xsd/surefire-test-report.xsd" name="org.apache.hadoop.ozone.client.rpc.TestBlockOutputStreamWithFailures" time="679.499" tests="8" errors="0" skipped="0" failures="1">
  <properties>
    <property name="awt.toolkit" value="sun.awt.X11.XToolkit"/>
    <property name="file.encoding.pkg" value="sun.io"/>
    <property name="java.specification.version" value="1.8"/>
    <property name="sun.cpu.isalist" value=""/>
    <property name="sun.jnu.encoding" value="UTF-8"/>
    <property name="java.class.path" value="/workdir/hadoop-ozone/integration-test/target/test-classes:/workdir/hadoop-ozone/integration-test/target/classes:/home/user/.m2/repository/org/apache/hadoop/hadoop-ozone-common/0.5.0-SNAPSHOT/hadoop-ozone-common-0.5.0-SNAPSHOT.jar:/home/user/.m2/repository/org/apache/commons/commons-compress/1.4.1/commons-compress-1.4.1.jar:/home/user/.m2/repository/org/tukaani/xz/1.0/xz-1.0.jar:/home/user/.m2/repository/org/apache/hadoop/hadoop-common/3.2.0/hadoop-common-3.2.0.jar:/home/user/.m2/repository/org/apache/hadoop/hadoop-hdfs/3.2.0/hadoop-hdfs-3.2.0.jar:/home/user/.m2/repository/org/apache/hadoop/hadoop-hdfs-client/3.2.0/hadoop-hdfs-client-3.2.0.jar:/home/user/.m2/repository/com/fasterxml/jackson/core/jackson-annotations/2.9.5/jackson-annotations-2.9.5.jar:/home/user/.m2/repository/org/apache/hadoop/hadoop-hdds-common/0.5.0-SNAPSHOT/hadoop-hdds-common-0.5.0-SNAPSHOT.jar:/home/user/.m2/repository/javax/annotation/javax.annotation-api/1.2/javax.annotation-api-1.2.jar:/home/user/.m2/repository/org/apache/ratis/ratis-server/0.4.0-2337318-SNAPSHOT/ratis-server-0.4.0-2337318-SNAPSHOT.jar:/home/user/.m2/repository/org/apache/ratis/ratis-thirdparty-misc/0.2.0/ratis-thirdparty-misc-0.2.0.jar:/home/user/.m2/repository/org/apache/ratis/ratis-proto/0.4.0-2337318-SNAPSHOT/ratis-proto-0.4.0-2337318-SNAPSHOT.jar:/home/user/.m2/repository/org/apache/ratis/ratis-common/0.4.0-2337318-SNAPSHOT/ratis-common-0.4.0-2337318-SNAPSHOT.jar:/home/user/.m2/repository/org/apache/ratis/ratis-client/0.4.0-2337318-SNAPSHOT/ratis-client-0.4.0-2337318-SNAPSHOT.jar:/home/user/.m2/repository/org/apache/ratis/ratis-metrics/0.4.0-2337318-SNAPSHOT/ratis-metrics-0.4.0-2337318-SNAPSHOT.jar:/home/user/.m2/repository/org/apache/ratis/ratis-netty/0.4.0-2337318-SNAPSHOT/ratis-netty-0.4.0-2337318-SNAPSHOT.jar:/home/user/.m2/repository/org/apache/ratis/ratis-grpc/0.4.0-2337318-SNAPSHOT/ratis-grpc-0.4.0-2337318-SNAPSHOT.jar:/home/user/.m2/repository/org/rocksdb/rocksdbjni/6.0.1/rocksdbjni-6.0.1.jar:/home/user/.m2/repository/org/apache/logging/log4j/log4j-api/2.11.0/log4j-api-2.11.0.jar:/home/user/.m2/repository/org/apache/logging/log4j/log4j-core/2.11.0/log4j-core-2.11.0.jar:/home/user/.m2/repository/com/lmax/disruptor/3.4.2/disruptor-3.4.2.jar:/home/user/.m2/repository/org/apache/commons/commons-pool2/2.6.0/commons-pool2-2.6.0.jar:/home/user/.m2/repository/org/bouncycastle/bcpkix-jdk15on/1.60/bcpkix-jdk15on-1.60.jar:/home/user/.m2/repository/commons-validator/commons-validator/1.6/commons-validator-1.6.jar:/home/user/.m2/repository/commons-digester/commons-digester/1.8.1/commons-digester-1.8.1.jar:/home/user/.m2/repository/io/jaegertracing/jaeger-client/0.33.1/jaeger-client-0.33.1.jar:/home/user/.m2/repository/io/jaegertracing/jaeger-thrift/0.33.1/jaeger-thrift-0.33.1.jar:/home/user/.m2/repository/org/apache/thrift/libthrift/0.11.0/libthrift-0.11.0.jar:/home/user/.m2/repository/com/squareup/okhttp3/okhttp/3.9.0/okhttp-3.9.0.jar:/home/user/.m2/repository/com/squareup/okio/okio/1.13.0/okio-1.13.0.jar:/home/user/.m2/repository/io/jaegertracing/jaeger-core/0.33.1/jaeger-core-0.33.1.jar:/home/user/.m2/repository/io/jaegertracing/jaeger-tracerresolver/0.33.1/jaeger-tracerresolver-0.33.1.jar:/home/user/.m2/repository/io/opentracing/contrib/opentracing-tracerresolver/0.1.5/opentracing-tracerresolver-0.1.5.jar:/home/user/.m2/repository/io/opentracing/opentracing-util/0.31.0/opentracing-util-0.31.0.jar:/home/user/.m2/repository/io/opentracing/opentracing-api/0.31.0/opentracing-api-0.31.0.jar:/home/user/.m2/repository/io/opentracing/opentracing-noop/0.31.0/opentracing-noop-0.31.0.jar:/home/user/.m2/repository/org/apache/hadoop/hadoop-hdds-server-framework/0.5.0-SNAPSHOT/hadoop-hdds-server-framework-0.5.0-SNAPSHOT.jar:/home/user/.m2/repository/org/apache/hadoop/hadoop-hdds-container-service/0.5.0-SNAPSHOT/hadoop-hdds-container-service-0.5.0-SNAPSHOT.jar:/home/user/.m2/repository/org/apache/hadoop/hadoop-hdds-client/0.5.0-SNAPSHOT/hadoop-hdds-client-0.5.0-SNAPSHOT.jar:/home/user/.m2/repository/org/apache/hadoop/hadoop-hdds-tools/0.5.0-SNAPSHOT/hadoop-hdds-tools-0.5.0-SNAPSHOT.jar:/home/user/.m2/repository/org/apache/hadoop/hadoop-hdds-server-scm/0.5.0-SNAPSHOT/hadoop-hdds-server-scm-0.5.0-SNAPSHOT.jar:/home/user/.m2/repository/org/apache/hadoop/hadoop-hdds-docs/0.5.0-SNAPSHOT/hadoop-hdds-docs-0.5.0-SNAPSHOT.jar:/home/user/.m2/repository/io/dropwizard/metrics/metrics-core/3.2.4/metrics-core-3.2.4.jar:/home/user/.m2/repository/org/hamcrest/hamcrest-all/1.3/hamcrest-all-1.3.jar:/home/user/.m2/repository/org/bouncycastle/bcprov-jdk15on/1.60/bcprov-jdk15on-1.60.jar:/home/user/.m2/repository/info/picocli/picocli/3.9.6/picocli-3.9.6.jar:/home/user/.m2/repository/com/google/protobuf/protobuf-java/2.5.0/protobuf-java-2.5.0.jar:/home/user/.m2/repository/com/google/guava/guava/11.0.2/guava-11.0.2.jar:/home/user/.m2/repository/org/apache/hadoop/hadoop-ozone-ozone-manager/0.5.0-SNAPSHOT/hadoop-ozone-ozone-manager-0.5.0-SNAPSHOT.jar:/home/user/.m2/repository/org/apache/hadoop/hadoop-minikdc/3.2.0/hadoop-minikdc-3.2.0.jar:/home/user/.m2/repository/commons-io/commons-io/2.5/commons-io-2.5.jar:/home/user/.m2/repository/org/apache/kerby/kerb-simplekdc/1.0.1/kerb-simplekdc-1.0.1.jar:/home/user/.m2/repository/org/apache/kerby/kerb-client/1.0.1/kerb-client-1.0.1.jar:/home/user/.m2/repository/org/apache/kerby/kerby-config/1.0.1/kerby-config-1.0.1.jar:/home/user/.m2/repository/org/apache/kerby/kerb-core/1.0.1/kerb-core-1.0.1.jar:/home/user/.m2/repository/org/apache/kerby/kerby-pkix/1.0.1/kerby-pkix-1.0.1.jar:/home/user/.m2/repository/org/apache/kerby/kerby-asn1/1.0.1/kerby-asn1-1.0.1.jar:/home/user/.m2/repository/org/apache/kerby/kerby-util/1.0.1/kerby-util-1.0.1.jar:/home/user/.m2/repository/org/apache/kerby/kerb-common/1.0.1/kerb-common-1.0.1.jar:/home/user/.m2/repository/org/apache/kerby/kerb-crypto/1.0.1/kerb-crypto-1.0.1.jar:/home/user/.m2/repository/org/apache/kerby/kerb-util/1.0.1/kerb-util-1.0.1.jar:/home/user/.m2/repository/org/apache/kerby/token-provider/1.0.1/token-provider-1.0.1.jar:/home/user/.m2/repository/org/apache/kerby/kerb-admin/1.0.1/kerb-admin-1.0.1.jar:/home/user/.m2/repository/org/apache/kerby/kerb-server/1.0.1/kerb-server-1.0.1.jar:/home/user/.m2/repository/org/apache/kerby/kerb-identity/1.0.1/kerb-identity-1.0.1.jar:/home/user/.m2/repository/org/apache/kerby/kerby-xdr/1.0.1/kerby-xdr-1.0.1.jar:/home/user/.m2/repository/org/slf4j/slf4j-log4j12/1.7.25/slf4j-log4j12-1.7.25.jar:/home/user/.m2/repository/org/apache/hadoop/hadoop-ozone-objectstore-service/0.5.0-SNAPSHOT/hadoop-ozone-objectstore-service-0.5.0-SNAPSHOT.jar:/home/user/.m2/repository/org/apache/hadoop/hadoop-ozone-s3gateway/0.5.0-SNAPSHOT/hadoop-ozone-s3gateway-0.5.0-SNAPSHOT.jar:/home/user/.m2/repository/org/jboss/weld/servlet/weld-servlet/2.4.7.Final/weld-servlet-2.4.7.Final.jar:/home/user/.m2/repository/org/glassfish/jersey/containers/jersey-container-servlet-core/2.27/jersey-container-servlet-core-2.27.jar:/home/user/.m2/repository/org/glassfish/hk2/external/javax.inject/2.5.0-b42/javax.inject-2.5.0-b42.jar:/home/user/.m2/repository/org/glassfish/jersey/core/jersey-common/2.27/jersey-common-2.27.jar:/home/user/.m2/repository/org/glassfish/hk2/osgi-resource-locator/1.0.1/osgi-resource-locator-1.0.1.jar:/home/user/.m2/repository/javax/ws/rs/javax.ws.rs-api/2.1/javax.ws.rs-api-2.1.jar:/home/user/.m2/repository/org/glassfish/jersey/ext/cdi/jersey-cdi1x/2.27/jersey-cdi1x-2.27.jar:/home/user/.m2/repository/org/glassfish/jersey/inject/jersey-hk2/2.27/jersey-hk2-2.27.jar:/home/user/.m2/repository/org/glassfish/hk2/hk2-locator/2.5.0-b42/hk2-locator-2.5.0-b42.jar:/home/user/.m2/repository/org/javassist/javassist/3.22.0-CR2/javassist-3.22.0-CR2.jar:/home/user/.m2/repository/org/glassfish/hk2/hk2-api/2.5.0/hk2-api-2.5.0.jar:/home/user/.m2/repository/org/glassfish/hk2/external/jakarta.inject/2.5.0/jakarta.inject-2.5.0.jar:/home/user/.m2/repository/org/glassfish/hk2/hk2-utils/2.5.0/hk2-utils-2.5.0.jar:/home/user/.m2/repository/jakarta/annotation/jakarta.annotation-api/1.3.4/jakarta.annotation-api-1.3.4.jar:/home/user/.m2/repository/org/glassfish/hk2/external/aopalliance-repackaged/2.5.0/aopalliance-repackaged-2.5.0.jar:/home/user/.m2/repository/com/fasterxml/jackson/dataformat/jackson-dataformat-xml/2.9.0/jackson-dataformat-xml-2.9.0.jar:/home/user/.m2/repository/com/fasterxml/jackson/core/jackson-core/2.9.5/jackson-core-2.9.5.jar:/home/user/.m2/repository/com/fasterxml/jackson/module/jackson-module-jaxb-annotations/2.9.5/jackson-module-jaxb-annotations-2.9.5.jar:/home/user/.m2/repository/javax/enterprise/cdi-api/1.2/cdi-api-1.2.jar:/home/user/.m2/repository/javax/el/javax.el-api/3.0.0/javax.el-api-3.0.0.jar:/home/user/.m2/repository/javax/interceptor/javax.interceptor-api/1.2/javax.interceptor-api-1.2.jar:/home/user/.m2/repository/javax/inject/javax.inject/1/javax.inject-1.jar:/home/user/.m2/repository/com/sun/xml/bind/jaxb-impl/2.3.0.1/jaxb-impl-2.3.0.1.jar:/home/user/.m2/repository/com/sun/xml/bind/jaxb-core/2.3.0.1/jaxb-core-2.3.0.1.jar:/home/user/.m2/repository/javax/xml/bind/jaxb-api/2.3.0/jaxb-api-2.3.0.jar:/home/user/.m2/repository/javax/activation/activation/1.1.1/activation-1.1.1.jar:/home/user/.m2/repository/org/apache/hadoop/hadoop-ozone-csi/0.5.0-SNAPSHOT/hadoop-ozone-csi-0.5.0-SNAPSHOT.jar:/home/user/.m2/repository/com/google/protobuf/protobuf-java-util/3.5.1/protobuf-java-util-3.5.1.jar:/home/user/.m2/repository/org/apache/hadoop/hadoop-hdds-config/0.5.0-SNAPSHOT/hadoop-hdds-config-0.5.0-SNAPSHOT.jar:/home/user/.m2/repository/io/grpc/grpc-netty/1.17.1/grpc-netty-1.17.1.jar:/home/user/.m2/repository/io/grpc/grpc-core/1.17.1/grpc-core-1.17.1.jar:/home/user/.m2/repository/io/grpc/grpc-context/1.17.1/grpc-context-1.17.1.jar:/home/user/.m2/repository/com/google/errorprone/error_prone_annotations/2.2.0/error_prone_annotations-2.2.0.jar:/home/user/.m2/repository/org/codehaus/mojo/animal-sniffer-annotations/1.17/animal-sniffer-annotations-1.17.jar:/home/user/.m2/repository/io/opencensus/opencensus-api/0.17.0/opencensus-api-0.17.0.jar:/home/user/.m2/repository/io/opencensus/opencensus-contrib-grpc-metrics/0.17.0/opencensus-contrib-grpc-metrics-0.17.0.jar:/home/user/.m2/repository/io/netty/netty-codec-http2/4.1.30.Final/netty-codec-http2-4.1.30.Final.jar:/home/user/.m2/repository/io/netty/netty-codec-http/4.1.30.Final/netty-codec-http-4.1.30.Final.jar:/home/user/.m2/repository/io/netty/netty-codec/4.1.30.Final/netty-codec-4.1.30.Final.jar:/home/user/.m2/repository/io/netty/netty-handler/4.1.30.Final/netty-handler-4.1.30.Final.jar:/home/user/.m2/repository/io/netty/netty-handler-proxy/4.1.30.Final/netty-handler-proxy-4.1.30.Final.jar:/home/user/.m2/repository/io/netty/netty-codec-socks/4.1.30.Final/netty-codec-socks-4.1.30.Final.jar:/home/user/.m2/repository/io/netty/netty-transport-native-epoll/4.1.30.Final/netty-transport-native-epoll-4.1.30.Final.jar:/home/user/.m2/repository/io/netty/netty-common/4.1.30.Final/netty-common-4.1.30.Final.jar:/home/user/.m2/repository/io/netty/netty-buffer/4.1.30.Final/netty-buffer-4.1.30.Final.jar:/home/user/.m2/repository/io/netty/netty-transport/4.1.30.Final/netty-transport-4.1.30.Final.jar:/home/user/.m2/repository/io/netty/netty-resolver/4.1.30.Final/netty-resolver-4.1.30.Final.jar:/home/user/.m2/repository/io/netty/netty-transport-native-unix-common/4.1.30.Final/netty-transport-native-unix-common-4.1.30.Final.jar:/home/user/.m2/repository/io/grpc/grpc-protobuf/1.17.1/grpc-protobuf-1.17.1.jar:/home/user/.m2/repository/com/google/api/grpc/proto-google-common-protos/1.0.0/proto-google-common-protos-1.0.0.jar:/home/user/.m2/repository/io/grpc/grpc-protobuf-lite/1.17.1/grpc-protobuf-lite-1.17.1.jar:/home/user/.m2/repository/io/grpc/grpc-stub/1.17.1/grpc-stub-1.17.1.jar:/home/user/.m2/repository/org/apache/hadoop/hadoop-ozone-recon/0.5.0-SNAPSHOT/hadoop-ozone-recon-0.5.0-SNAPSHOT.jar:/home/user/.m2/repository/org/apache/hadoop/hadoop-ozone-reconcodegen/0.5.0-SNAPSHOT/hadoop-ozone-reconcodegen-0.5.0-SNAPSHOT.jar:/home/user/.m2/repository/com/google/inject/extensions/guice-multibindings/4.0/guice-multibindings-4.0.jar:/home/user/.m2/repository/com/google/inject/guice/4.0/guice-4.0.jar:/home/user/.m2/repository/aopalliance/aopalliance/1.0/aopalliance-1.0.jar:/home/user/.m2/repository/com/google/inject/extensions/guice-servlet/4.0/guice-servlet-4.0.jar:/home/user/.m2/repository/org/glassfish/jersey/containers/jersey-container-servlet/2.27/jersey-container-servlet-2.27.jar:/home/user/.m2/repository/org/glassfish/hk2/guice-bridge/2.5.0/guice-bridge-2.5.0.jar:/home/user/.m2/repository/org/glassfish/jersey/core/jersey-server/2.27/jersey-server-2.27.jar:/home/user/.m2/repository/org/glassfish/jersey/core/jersey-client/2.27/jersey-client-2.27.jar:/home/user/.m2/repository/org/glassfish/jersey/media/jersey-media-jaxb/2.27/jersey-media-jaxb-2.27.jar:/home/user/.m2/repository/javax/validation/validation-api/1.1.0.Final/validation-api-1.1.0.Final.jar:/home/user/.m2/repository/org/glassfish/jersey/media/jersey-media-json-jackson/2.27/jersey-media-json-jackson-2.27.jar:/home/user/.m2/repository/org/glassfish/jersey/ext/jersey-entity-filtering/2.27/jersey-entity-filtering-2.27.jar:/home/user/.m2/repository/com/google/inject/extensions/guice-assistedinject/4.0/guice-assistedinject-4.0.jar:/home/user/.m2/repository/org/jooq/jooq/3.11.10/jooq-3.11.10.jar:/home/user/.m2/repository/org/jooq/jooq-meta/3.11.10/jooq-meta-3.11.10.jar:/home/user/.m2/repository/org/jooq/jooq-codegen/3.11.10/jooq-codegen-3.11.10.jar:/home/user/.m2/repository/com/jolbox/bonecp/0.8.0.RELEASE/bonecp-0.8.0.RELEASE.jar:/home/user/.m2/repository/org/xerial/sqlite-jdbc/3.25.2/sqlite-jdbc-3.25.2.jar:/home/user/.m2/repository/org/springframework/spring-jdbc/5.1.3.RELEASE/spring-jdbc-5.1.3.RELEASE.jar:/home/user/.m2/repository/org/springframework/spring-beans/5.1.3.RELEASE/spring-beans-5.1.3.RELEASE.jar:/home/user/.m2/repository/org/springframework/spring-core/5.1.3.RELEASE/spring-core-5.1.3.RELEASE.jar:/home/user/.m2/repository/org/springframework/spring-jcl/5.1.3.RELEASE/spring-jcl-5.1.3.RELEASE.jar:/home/user/.m2/repository/org/springframework/spring-tx/5.1.3.RELEASE/spring-tx-5.1.3.RELEASE.jar:/home/user/.m2/repository/org/apache/hadoop/hadoop-ozone-client/0.5.0-SNAPSHOT/hadoop-ozone-client-0.5.0-SNAPSHOT.jar:/home/user/.m2/repository/commons-lang/commons-lang/2.6/commons-lang-2.6.jar:/home/user/.m2/repository/org/apache/hadoop/hadoop-ozone-ozone-manager/0.5.0-SNAPSHOT/hadoop-ozone-ozone-manager-0.5.0-SNAPSHOT-tests.jar:/home/user/.m2/repository/junit/junit/4.11/junit-4.11.jar:/home/user/.m2/repository/org/hamcrest/hamcrest-core/1.3/hamcrest-core-1.3.jar:/home/user/.m2/repository/org/openjdk/jmh/jmh-core/1.19/jmh-core-1.19.jar:/home/user/.m2/repository/net/sf/jopt-simple/jopt-simple/4.6/jopt-simple-4.6.jar:/home/user/.m2/repository/org/apache/commons/commons-math3/3.1.1/commons-math3-3.1.1.jar:/home/user/.m2/repository/org/openjdk/jmh/jmh-generator-annprocess/1.19/jmh-generator-annprocess-1.19.jar:/home/user/.m2/repository/org/mockito/mockito-all/1.8.5/mockito-all-1.8.5.jar:/home/user/.m2/repository/org/apache/hadoop/hadoop-kms/3.2.0/hadoop-kms-3.2.0.jar:/home/user/.m2/repository/org/apache/hadoop/hadoop-auth/3.2.0/hadoop-auth-3.2.0.jar:/home/user/.m2/repository/com/nimbusds/nimbus-jose-jwt/4.41.1/nimbus-jose-jwt-4.41.1.jar:/home/user/.m2/repository/com/github/stephenc/jcip/jcip-annotations/1.0-1/jcip-annotations-1.0-1.jar:/home/user/.m2/repository/net/minidev/json-smart/2.3/json-smart-2.3.jar:/home/user/.m2/repository/net/minidev/accessors-smart/1.2/accessors-smart-1.2.jar:/home/user/.m2/repository/org/ow2/asm/asm/5.0.4/asm-5.0.4.jar:/home/user/.m2/repository/org/apache/curator/curator-framework/2.12.0/curator-framework-2.12.0.jar:/home/user/.m2/repository/com/sun/jersey/jersey-core/1.19/jersey-core-1.19.jar:/home/user/.m2/repository/javax/ws/rs/jsr311-api/1.1.1/jsr311-api-1.1.1.jar:/home/user/.m2/repository/com/sun/jersey/jersey-server/1.19/jersey-server-1.19.jar:/home/user/.m2/repository/javax/servlet/javax.servlet-api/3.1.0/javax.servlet-api-3.1.0.jar:/home/user/.m2/repository/org/eclipse/jetty/jetty-server/9.3.24.v20180605/jetty-server-9.3.24.v20180605.jar:/home/user/.m2/repository/org/eclipse/jetty/jetty-http/9.3.24.v20180605/jetty-http-9.3.24.v20180605.jar:/home/user/.m2/repository/org/eclipse/jetty/jetty-io/9.3.24.v20180605/jetty-io-9.3.24.v20180605.jar:/home/user/.m2/repository/org/eclipse/jetty/jetty-webapp/9.3.24.v20180605/jetty-webapp-9.3.24.v20180605.jar:/home/user/.m2/repository/org/eclipse/jetty/jetty-xml/9.3.24.v20180605/jetty-xml-9.3.24.v20180605.jar:/home/user/.m2/repository/log4j/log4j/1.2.17/log4j-1.2.17.jar:/home/user/.m2/repository/org/slf4j/slf4j-api/1.7.25/slf4j-api-1.7.25.jar:/home/user/.m2/repository/org/slf4j/jul-to-slf4j/1.7.25/jul-to-slf4j-1.7.25.jar:/home/user/.m2/repository/org/eclipse/jetty/jetty-util/9.3.24.v20180605/jetty-util-9.3.24.v20180605.jar:/home/user/.m2/repository/com/fasterxml/jackson/core/jackson-databind/2.9.5/jackson-databind-2.9.5.jar:/home/user/.m2/repository/org/apache/hadoop/hadoop-kms/3.2.0/hadoop-kms-3.2.0-tests.jar:/home/user/.m2/repository/org/apache/hadoop/hadoop-hdds-server-scm/0.5.0-SNAPSHOT/hadoop-hdds-server-scm-0.5.0-SNAPSHOT-tests.jar:/home/user/.m2/repository/org/apache/hadoop/hadoop-hdds-container-service/0.5.0-SNAPSHOT/hadoop-hdds-container-service-0.5.0-SNAPSHOT-tests.jar:/home/user/.m2/repository/org/yaml/snakeyaml/1.16/snakeyaml-1.16.jar:/home/user/.m2/repository/org/apache/hadoop/hadoop-common/3.2.0/hadoop-common-3.2.0-tests.jar:/home/user/.m2/repository/org/apache/hadoop/hadoop-annotations/3.2.0/hadoop-annotations-3.2.0.jar:/usr/lib/jvm/java-1.8-openjdk/jre/../lib/tools.jar:/home/user/.m2/repository/commons-cli/commons-cli/1.2/commons-cli-1.2.jar:/home/user/.m2/repository/org/apache/httpcomponents/httpclient/4.5.2/httpclient-4.5.2.jar:/home/user/.m2/repository/org/apache/httpcomponents/httpcore/4.4.4/httpcore-4.4.4.jar:/home/user/.m2/repository/commons-codec/commons-codec/1.11/commons-codec-1.11.jar:/home/user/.m2/repository/commons-net/commons-net/3.6/commons-net-3.6.jar:/home/user/.m2/repository/commons-collections/commons-collections/3.2.2/commons-collections-3.2.2.jar:/home/user/.m2/repository/org/eclipse/jetty/jetty-servlet/9.3.24.v20180605/jetty-servlet-9.3.24.v20180605.jar:/home/user/.m2/repository/org/eclipse/jetty/jetty-security/9.3.24.v20180605/jetty-security-9.3.24.v20180605.jar:/home/user/.m2/repository/javax/servlet/jsp/jsp-api/2.1/jsp-api-2.1.jar:/home/user/.m2/repository/com/sun/jersey/jersey-servlet/1.19/jersey-servlet-1.19.jar:/home/user/.m2/repository/com/sun/jersey/jersey-json/1.19/jersey-json-1.19.jar:/home/user/.m2/repository/org/codehaus/jettison/jettison/1.1/jettison-1.1.jar:/home/user/.m2/repository/org/codehaus/jackson/jackson-core-asl/1.9.13/jackson-core-asl-1.9.13.jar:/home/user/.m2/repository/org/codehaus/jackson/jackson-mapper-asl/1.9.13/jackson-mapper-asl-1.9.13.jar:/home/user/.m2/repository/org/codehaus/jackson/jackson-jaxrs/1.9.13/jackson-jaxrs-1.9.13.jar:/home/user/.m2/repository/org/codehaus/jackson/jackson-xc/1.9.13/jackson-xc-1.9.13.jar:/home/user/.m2/repository/commons-logging/commons-logging/1.1.3/commons-logging-1.1.3.jar:/home/user/.m2/repository/commons-beanutils/commons-beanutils/1.9.3/commons-beanutils-1.9.3.jar:/home/user/.m2/repository/org/apache/commons/commons-configuration2/2.1.1/commons-configuration2-2.1.1.jar:/home/user/.m2/repository/org/apache/commons/commons-lang3/3.7/commons-lang3-3.7.jar:/home/user/.m2/repository/org/apache/commons/commons-text/1.4/commons-text-1.4.jar:/home/user/.m2/repository/org/apache/avro/avro/1.7.7/avro-1.7.7.jar:/home/user/.m2/repository/com/thoughtworks/paranamer/paranamer/2.3/paranamer-2.3.jar:/home/user/.m2/repository/org/xerial/snappy/snappy-java/1.0.5/snappy-java-1.0.5.jar:/home/user/.m2/repository/com/google/re2j/re2j/1.1/re2j-1.1.jar:/home/user/.m2/repository/com/google/code/gson/gson/2.2.4/gson-2.2.4.jar:/home/user/.m2/repository/com/jcraft/jsch/0.1.54/jsch-0.1.54.jar:/home/user/.m2/repository/org/apache/curator/curator-client/2.12.0/curator-client-2.12.0.jar:/home/user/.m2/repository/org/apache/curator/curator-recipes/2.12.0/curator-recipes-2.12.0.jar:/home/user/.m2/repository/com/google/code/findbugs/jsr305/3.0.0/jsr305-3.0.0.jar:/home/user/.m2/repository/org/apache/htrace/htrace-core4/4.1.0-incubating/htrace-core4-4.1.0-incubating.jar:/home/user/.m2/repository/org/apache/zookeeper/zookeeper/3.4.13/zookeeper-3.4.13.jar:/home/user/.m2/repository/org/apache/yetus/audience-annotations/0.5.0/audience-annotations-0.5.0.jar:/home/user/.m2/repository/org/codehaus/woodstox/stax2-api/3.1.4/stax2-api-3.1.4.jar:/home/user/.m2/repository/com/fasterxml/woodstox/woodstox-core/5.0.3/woodstox-core-5.0.3.jar:/home/user/.m2/repository/dnsjava/dnsjava/2.1.7/dnsjava-2.1.7.jar:/home/user/.m2/repository/org/apache/hadoop/hadoop-hdfs/3.2.0/hadoop-hdfs-3.2.0-tests.jar:/home/user/.m2/repository/org/eclipse/jetty/jetty-util-ajax/9.3.24.v20180605/jetty-util-ajax-9.3.24.v20180605.jar:/home/user/.m2/repository/commons-daemon/commons-daemon/1.0.13/commons-daemon-1.0.13.jar:/home/user/.m2/repository/io/netty/netty/3.10.5.Final/netty-3.10.5.Final.jar:/home/user/.m2/repository/io/netty/netty-all/4.0.52.Final/netty-all-4.0.52.Final.jar:/home/user/.m2/repository/org/fusesource/leveldbjni/leveldbjni-all/1.8/leveldbjni-all-1.8.jar:"/>
    <property name="java.vm.vendor" value="IcedTea"/>
    <property name="sun.arch.data.model" value="64"/>
    <property name="test.build.dir" value="/workdir/hadoop-ozone/integration-test/target/test-dir"/>
    <property name="test.cache.data" value=""/>
    <property name="java.vendor.url" value="https://icedtea.classpath.org"/>
    <property name="user.timezone" value=""/>
    <property name="java.vm.specification.version" value="1.8"/>
    <property name="os.name" value="Linux"/>
    <property name="test.build.data" value="/workdir/hadoop-ozone/integration-test/target/test-dir"/>
    <property name="user.country" value="US"/>
    <property name="sun.java.launcher" value="SUN_STANDARD"/>
    <property name="sun.boot.library.path" value="/usr/lib/jvm/java-1.8-openjdk/jre/lib/amd64"/>
    <property name="sun.java.command" value="/workdir/hadoop-ozone/integration-test/target/surefire/surefirebooter1067932475286106110.jar /workdir/hadoop-ozone/integration-test/target/surefire 2019-08-28T04-35-46_641-jvmRun1 surefire210264436373686502tmp surefire_202951249399681217239tmp"/>
    <property name="test" value="!TestMiniChaosOzoneCluster"/>
    <property name="surefire.test.class.path" value="/workdir/hadoop-ozone/integration-test/target/test-classes:/workdir/hadoop-ozone/integration-test/target/classes:/home/user/.m2/repository/org/apache/hadoop/hadoop-ozone-common/0.5.0-SNAPSHOT/hadoop-ozone-common-0.5.0-SNAPSHOT.jar:/home/user/.m2/repository/org/apache/commons/commons-compress/1.4.1/commons-compress-1.4.1.jar:/home/user/.m2/repository/org/tukaani/xz/1.0/xz-1.0.jar:/home/user/.m2/repository/org/apache/hadoop/hadoop-common/3.2.0/hadoop-common-3.2.0.jar:/home/user/.m2/repository/org/apache/hadoop/hadoop-hdfs/3.2.0/hadoop-hdfs-3.2.0.jar:/home/user/.m2/repository/org/apache/hadoop/hadoop-hdfs-client/3.2.0/hadoop-hdfs-client-3.2.0.jar:/home/user/.m2/repository/com/fasterxml/jackson/core/jackson-annotations/2.9.5/jackson-annotations-2.9.5.jar:/home/user/.m2/repository/org/apache/hadoop/hadoop-hdds-common/0.5.0-SNAPSHOT/hadoop-hdds-common-0.5.0-SNAPSHOT.jar:/home/user/.m2/repository/javax/annotation/javax.annotation-api/1.2/javax.annotation-api-1.2.jar:/home/user/.m2/repository/org/apache/ratis/ratis-server/0.4.0-2337318-SNAPSHOT/ratis-server-0.4.0-2337318-SNAPSHOT.jar:/home/user/.m2/repository/org/apache/ratis/ratis-thirdparty-misc/0.2.0/ratis-thirdparty-misc-0.2.0.jar:/home/user/.m2/repository/org/apache/ratis/ratis-proto/0.4.0-2337318-SNAPSHOT/ratis-proto-0.4.0-2337318-SNAPSHOT.jar:/home/user/.m2/repository/org/apache/ratis/ratis-common/0.4.0-2337318-SNAPSHOT/ratis-common-0.4.0-2337318-SNAPSHOT.jar:/home/user/.m2/repository/org/apache/ratis/ratis-client/0.4.0-2337318-SNAPSHOT/ratis-client-0.4.0-2337318-SNAPSHOT.jar:/home/user/.m2/repository/org/apache/ratis/ratis-metrics/0.4.0-2337318-SNAPSHOT/ratis-metrics-0.4.0-2337318-SNAPSHOT.jar:/home/user/.m2/repository/org/apache/ratis/ratis-netty/0.4.0-2337318-SNAPSHOT/ratis-netty-0.4.0-2337318-SNAPSHOT.jar:/home/user/.m2/repository/org/apache/ratis/ratis-grpc/0.4.0-2337318-SNAPSHOT/ratis-grpc-0.4.0-2337318-SNAPSHOT.jar:/home/user/.m2/repository/org/rocksdb/rocksdbjni/6.0.1/rocksdbjni-6.0.1.jar:/home/user/.m2/repository/org/apache/logging/log4j/log4j-api/2.11.0/log4j-api-2.11.0.jar:/home/user/.m2/repository/org/apache/logging/log4j/log4j-core/2.11.0/log4j-core-2.11.0.jar:/home/user/.m2/repository/com/lmax/disruptor/3.4.2/disruptor-3.4.2.jar:/home/user/.m2/repository/org/apache/commons/commons-pool2/2.6.0/commons-pool2-2.6.0.jar:/home/user/.m2/repository/org/bouncycastle/bcpkix-jdk15on/1.60/bcpkix-jdk15on-1.60.jar:/home/user/.m2/repository/commons-validator/commons-validator/1.6/commons-validator-1.6.jar:/home/user/.m2/repository/commons-digester/commons-digester/1.8.1/commons-digester-1.8.1.jar:/home/user/.m2/repository/io/jaegertracing/jaeger-client/0.33.1/jaeger-client-0.33.1.jar:/home/user/.m2/repository/io/jaegertracing/jaeger-thrift/0.33.1/jaeger-thrift-0.33.1.jar:/home/user/.m2/repository/org/apache/thrift/libthrift/0.11.0/libthrift-0.11.0.jar:/home/user/.m2/repository/com/squareup/okhttp3/okhttp/3.9.0/okhttp-3.9.0.jar:/home/user/.m2/repository/com/squareup/okio/okio/1.13.0/okio-1.13.0.jar:/home/user/.m2/repository/io/jaegertracing/jaeger-core/0.33.1/jaeger-core-0.33.1.jar:/home/user/.m2/repository/io/jaegertracing/jaeger-tracerresolver/0.33.1/jaeger-tracerresolver-0.33.1.jar:/home/user/.m2/repository/io/opentracing/contrib/opentracing-tracerresolver/0.1.5/opentracing-tracerresolver-0.1.5.jar:/home/user/.m2/repository/io/opentracing/opentracing-util/0.31.0/opentracing-util-0.31.0.jar:/home/user/.m2/repository/io/opentracing/opentracing-api/0.31.0/opentracing-api-0.31.0.jar:/home/user/.m2/repository/io/opentracing/opentracing-noop/0.31.0/opentracing-noop-0.31.0.jar:/home/user/.m2/repository/org/apache/hadoop/hadoop-hdds-server-framework/0.5.0-SNAPSHOT/hadoop-hdds-server-framework-0.5.0-SNAPSHOT.jar:/home/user/.m2/repository/org/apache/hadoop/hadoop-hdds-container-service/0.5.0-SNAPSHOT/hadoop-hdds-container-service-0.5.0-SNAPSHOT.jar:/home/user/.m2/repository/org/apache/hadoop/hadoop-hdds-client/0.5.0-SNAPSHOT/hadoop-hdds-client-0.5.0-SNAPSHOT.jar:/home/user/.m2/repository/org/apache/hadoop/hadoop-hdds-tools/0.5.0-SNAPSHOT/hadoop-hdds-tools-0.5.0-SNAPSHOT.jar:/home/user/.m2/repository/org/apache/hadoop/hadoop-hdds-server-scm/0.5.0-SNAPSHOT/hadoop-hdds-server-scm-0.5.0-SNAPSHOT.jar:/home/user/.m2/repository/org/apache/hadoop/hadoop-hdds-docs/0.5.0-SNAPSHOT/hadoop-hdds-docs-0.5.0-SNAPSHOT.jar:/home/user/.m2/repository/io/dropwizard/metrics/metrics-core/3.2.4/metrics-core-3.2.4.jar:/home/user/.m2/repository/org/hamcrest/hamcrest-all/1.3/hamcrest-all-1.3.jar:/home/user/.m2/repository/org/bouncycastle/bcprov-jdk15on/1.60/bcprov-jdk15on-1.60.jar:/home/user/.m2/repository/info/picocli/picocli/3.9.6/picocli-3.9.6.jar:/home/user/.m2/repository/com/google/protobuf/protobuf-java/2.5.0/protobuf-java-2.5.0.jar:/home/user/.m2/repository/com/google/guava/guava/11.0.2/guava-11.0.2.jar:/home/user/.m2/repository/org/apache/hadoop/hadoop-ozone-ozone-manager/0.5.0-SNAPSHOT/hadoop-ozone-ozone-manager-0.5.0-SNAPSHOT.jar:/home/user/.m2/repository/org/apache/hadoop/hadoop-minikdc/3.2.0/hadoop-minikdc-3.2.0.jar:/home/user/.m2/repository/commons-io/commons-io/2.5/commons-io-2.5.jar:/home/user/.m2/repository/org/apache/kerby/kerb-simplekdc/1.0.1/kerb-simplekdc-1.0.1.jar:/home/user/.m2/repository/org/apache/kerby/kerb-client/1.0.1/kerb-client-1.0.1.jar:/home/user/.m2/repository/org/apache/kerby/kerby-config/1.0.1/kerby-config-1.0.1.jar:/home/user/.m2/repository/org/apache/kerby/kerb-core/1.0.1/kerb-core-1.0.1.jar:/home/user/.m2/repository/org/apache/kerby/kerby-pkix/1.0.1/kerby-pkix-1.0.1.jar:/home/user/.m2/repository/org/apache/kerby/kerby-asn1/1.0.1/kerby-asn1-1.0.1.jar:/home/user/.m2/repository/org/apache/kerby/kerby-util/1.0.1/kerby-util-1.0.1.jar:/home/user/.m2/repository/org/apache/kerby/kerb-common/1.0.1/kerb-common-1.0.1.jar:/home/user/.m2/repository/org/apache/kerby/kerb-crypto/1.0.1/kerb-crypto-1.0.1.jar:/home/user/.m2/repository/org/apache/kerby/kerb-util/1.0.1/kerb-util-1.0.1.jar:/home/user/.m2/repository/org/apache/kerby/token-provider/1.0.1/token-provider-1.0.1.jar:/home/user/.m2/repository/org/apache/kerby/kerb-admin/1.0.1/kerb-admin-1.0.1.jar:/home/user/.m2/repository/org/apache/kerby/kerb-server/1.0.1/kerb-server-1.0.1.jar:/home/user/.m2/repository/org/apache/kerby/kerb-identity/1.0.1/kerb-identity-1.0.1.jar:/home/user/.m2/repository/org/apache/kerby/kerby-xdr/1.0.1/kerby-xdr-1.0.1.jar:/home/user/.m2/repository/org/slf4j/slf4j-log4j12/1.7.25/slf4j-log4j12-1.7.25.jar:/home/user/.m2/repository/org/apache/hadoop/hadoop-ozone-objectstore-service/0.5.0-SNAPSHOT/hadoop-ozone-objectstore-service-0.5.0-SNAPSHOT.jar:/home/user/.m2/repository/org/apache/hadoop/hadoop-ozone-s3gateway/0.5.0-SNAPSHOT/hadoop-ozone-s3gateway-0.5.0-SNAPSHOT.jar:/home/user/.m2/repository/org/jboss/weld/servlet/weld-servlet/2.4.7.Final/weld-servlet-2.4.7.Final.jar:/home/user/.m2/repository/org/glassfish/jersey/containers/jersey-container-servlet-core/2.27/jersey-container-servlet-core-2.27.jar:/home/user/.m2/repository/org/glassfish/hk2/external/javax.inject/2.5.0-b42/javax.inject-2.5.0-b42.jar:/home/user/.m2/repository/org/glassfish/jersey/core/jersey-common/2.27/jersey-common-2.27.jar:/home/user/.m2/repository/org/glassfish/hk2/osgi-resource-locator/1.0.1/osgi-resource-locator-1.0.1.jar:/home/user/.m2/repository/javax/ws/rs/javax.ws.rs-api/2.1/javax.ws.rs-api-2.1.jar:/home/user/.m2/repository/org/glassfish/jersey/ext/cdi/jersey-cdi1x/2.27/jersey-cdi1x-2.27.jar:/home/user/.m2/repository/org/glassfish/jersey/inject/jersey-hk2/2.27/jersey-hk2-2.27.jar:/home/user/.m2/repository/org/glassfish/hk2/hk2-locator/2.5.0-b42/hk2-locator-2.5.0-b42.jar:/home/user/.m2/repository/org/javassist/javassist/3.22.0-CR2/javassist-3.22.0-CR2.jar:/home/user/.m2/repository/org/glassfish/hk2/hk2-api/2.5.0/hk2-api-2.5.0.jar:/home/user/.m2/repository/org/glassfish/hk2/external/jakarta.inject/2.5.0/jakarta.inject-2.5.0.jar:/home/user/.m2/repository/org/glassfish/hk2/hk2-utils/2.5.0/hk2-utils-2.5.0.jar:/home/user/.m2/repository/jakarta/annotation/jakarta.annotation-api/1.3.4/jakarta.annotation-api-1.3.4.jar:/home/user/.m2/repository/org/glassfish/hk2/external/aopalliance-repackaged/2.5.0/aopalliance-repackaged-2.5.0.jar:/home/user/.m2/repository/com/fasterxml/jackson/dataformat/jackson-dataformat-xml/2.9.0/jackson-dataformat-xml-2.9.0.jar:/home/user/.m2/repository/com/fasterxml/jackson/core/jackson-core/2.9.5/jackson-core-2.9.5.jar:/home/user/.m2/repository/com/fasterxml/jackson/module/jackson-module-jaxb-annotations/2.9.5/jackson-module-jaxb-annotations-2.9.5.jar:/home/user/.m2/repository/javax/enterprise/cdi-api/1.2/cdi-api-1.2.jar:/home/user/.m2/repository/javax/el/javax.el-api/3.0.0/javax.el-api-3.0.0.jar:/home/user/.m2/repository/javax/interceptor/javax.interceptor-api/1.2/javax.interceptor-api-1.2.jar:/home/user/.m2/repository/javax/inject/javax.inject/1/javax.inject-1.jar:/home/user/.m2/repository/com/sun/xml/bind/jaxb-impl/2.3.0.1/jaxb-impl-2.3.0.1.jar:/home/user/.m2/repository/com/sun/xml/bind/jaxb-core/2.3.0.1/jaxb-core-2.3.0.1.jar:/home/user/.m2/repository/javax/xml/bind/jaxb-api/2.3.0/jaxb-api-2.3.0.jar:/home/user/.m2/repository/javax/activation/activation/1.1.1/activation-1.1.1.jar:/home/user/.m2/repository/org/apache/hadoop/hadoop-ozone-csi/0.5.0-SNAPSHOT/hadoop-ozone-csi-0.5.0-SNAPSHOT.jar:/home/user/.m2/repository/com/google/protobuf/protobuf-java-util/3.5.1/protobuf-java-util-3.5.1.jar:/home/user/.m2/repository/org/apache/hadoop/hadoop-hdds-config/0.5.0-SNAPSHOT/hadoop-hdds-config-0.5.0-SNAPSHOT.jar:/home/user/.m2/repository/io/grpc/grpc-netty/1.17.1/grpc-netty-1.17.1.jar:/home/user/.m2/repository/io/grpc/grpc-core/1.17.1/grpc-core-1.17.1.jar:/home/user/.m2/repository/io/grpc/grpc-context/1.17.1/grpc-context-1.17.1.jar:/home/user/.m2/repository/com/google/errorprone/error_prone_annotations/2.2.0/error_prone_annotations-2.2.0.jar:/home/user/.m2/repository/org/codehaus/mojo/animal-sniffer-annotations/1.17/animal-sniffer-annotations-1.17.jar:/home/user/.m2/repository/io/opencensus/opencensus-api/0.17.0/opencensus-api-0.17.0.jar:/home/user/.m2/repository/io/opencensus/opencensus-contrib-grpc-metrics/0.17.0/opencensus-contrib-grpc-metrics-0.17.0.jar:/home/user/.m2/repository/io/netty/netty-codec-http2/4.1.30.Final/netty-codec-http2-4.1.30.Final.jar:/home/user/.m2/repository/io/netty/netty-codec-http/4.1.30.Final/netty-codec-http-4.1.30.Final.jar:/home/user/.m2/repository/io/netty/netty-codec/4.1.30.Final/netty-codec-4.1.30.Final.jar:/home/user/.m2/repository/io/netty/netty-handler/4.1.30.Final/netty-handler-4.1.30.Final.jar:/home/user/.m2/repository/io/netty/netty-handler-proxy/4.1.30.Final/netty-handler-proxy-4.1.30.Final.jar:/home/user/.m2/repository/io/netty/netty-codec-socks/4.1.30.Final/netty-codec-socks-4.1.30.Final.jar:/home/user/.m2/repository/io/netty/netty-transport-native-epoll/4.1.30.Final/netty-transport-native-epoll-4.1.30.Final.jar:/home/user/.m2/repository/io/netty/netty-common/4.1.30.Final/netty-common-4.1.30.Final.jar:/home/user/.m2/repository/io/netty/netty-buffer/4.1.30.Final/netty-buffer-4.1.30.Final.jar:/home/user/.m2/repository/io/netty/netty-transport/4.1.30.Final/netty-transport-4.1.30.Final.jar:/home/user/.m2/repository/io/netty/netty-resolver/4.1.30.Final/netty-resolver-4.1.30.Final.jar:/home/user/.m2/repository/io/netty/netty-transport-native-unix-common/4.1.30.Final/netty-transport-native-unix-common-4.1.30.Final.jar:/home/user/.m2/repository/io/grpc/grpc-protobuf/1.17.1/grpc-protobuf-1.17.1.jar:/home/user/.m2/repository/com/google/api/grpc/proto-google-common-protos/1.0.0/proto-google-common-protos-1.0.0.jar:/home/user/.m2/repository/io/grpc/grpc-protobuf-lite/1.17.1/grpc-protobuf-lite-1.17.1.jar:/home/user/.m2/repository/io/grpc/grpc-stub/1.17.1/grpc-stub-1.17.1.jar:/home/user/.m2/repository/org/apache/hadoop/hadoop-ozone-recon/0.5.0-SNAPSHOT/hadoop-ozone-recon-0.5.0-SNAPSHOT.jar:/home/user/.m2/repository/org/apache/hadoop/hadoop-ozone-reconcodegen/0.5.0-SNAPSHOT/hadoop-ozone-reconcodegen-0.5.0-SNAPSHOT.jar:/home/user/.m2/repository/com/google/inject/extensions/guice-multibindings/4.0/guice-multibindings-4.0.jar:/home/user/.m2/repository/com/google/inject/guice/4.0/guice-4.0.jar:/home/user/.m2/repository/aopalliance/aopalliance/1.0/aopalliance-1.0.jar:/home/user/.m2/repository/com/google/inject/extensions/guice-servlet/4.0/guice-servlet-4.0.jar:/home/user/.m2/repository/org/glassfish/jersey/containers/jersey-container-servlet/2.27/jersey-container-servlet-2.27.jar:/home/user/.m2/repository/org/glassfish/hk2/guice-bridge/2.5.0/guice-bridge-2.5.0.jar:/home/user/.m2/repository/org/glassfish/jersey/core/jersey-server/2.27/jersey-server-2.27.jar:/home/user/.m2/repository/org/glassfish/jersey/core/jersey-client/2.27/jersey-client-2.27.jar:/home/user/.m2/repository/org/glassfish/jersey/media/jersey-media-jaxb/2.27/jersey-media-jaxb-2.27.jar:/home/user/.m2/repository/javax/validation/validation-api/1.1.0.Final/validation-api-1.1.0.Final.jar:/home/user/.m2/repository/org/glassfish/jersey/media/jersey-media-json-jackson/2.27/jersey-media-json-jackson-2.27.jar:/home/user/.m2/repository/org/glassfish/jersey/ext/jersey-entity-filtering/2.27/jersey-entity-filtering-2.27.jar:/home/user/.m2/repository/com/google/inject/extensions/guice-assistedinject/4.0/guice-assistedinject-4.0.jar:/home/user/.m2/repository/org/jooq/jooq/3.11.10/jooq-3.11.10.jar:/home/user/.m2/repository/org/jooq/jooq-meta/3.11.10/jooq-meta-3.11.10.jar:/home/user/.m2/repository/org/jooq/jooq-codegen/3.11.10/jooq-codegen-3.11.10.jar:/home/user/.m2/repository/com/jolbox/bonecp/0.8.0.RELEASE/bonecp-0.8.0.RELEASE.jar:/home/user/.m2/repository/org/xerial/sqlite-jdbc/3.25.2/sqlite-jdbc-3.25.2.jar:/home/user/.m2/repository/org/springframework/spring-jdbc/5.1.3.RELEASE/spring-jdbc-5.1.3.RELEASE.jar:/home/user/.m2/repository/org/springframework/spring-beans/5.1.3.RELEASE/spring-beans-5.1.3.RELEASE.jar:/home/user/.m2/repository/org/springframework/spring-core/5.1.3.RELEASE/spring-core-5.1.3.RELEASE.jar:/home/user/.m2/repository/org/springframework/spring-jcl/5.1.3.RELEASE/spring-jcl-5.1.3.RELEASE.jar:/home/user/.m2/repository/org/springframework/spring-tx/5.1.3.RELEASE/spring-tx-5.1.3.RELEASE.jar:/home/user/.m2/repository/org/apache/hadoop/hadoop-ozone-client/0.5.0-SNAPSHOT/hadoop-ozone-client-0.5.0-SNAPSHOT.jar:/home/user/.m2/repository/commons-lang/commons-lang/2.6/commons-lang-2.6.jar:/home/user/.m2/repository/org/apache/hadoop/hadoop-ozone-ozone-manager/0.5.0-SNAPSHOT/hadoop-ozone-ozone-manager-0.5.0-SNAPSHOT-tests.jar:/home/user/.m2/repository/junit/junit/4.11/junit-4.11.jar:/home/user/.m2/repository/org/hamcrest/hamcrest-core/1.3/hamcrest-core-1.3.jar:/home/user/.m2/repository/org/openjdk/jmh/jmh-core/1.19/jmh-core-1.19.jar:/home/user/.m2/repository/net/sf/jopt-simple/jopt-simple/4.6/jopt-simple-4.6.jar:/home/user/.m2/repository/org/apache/commons/commons-math3/3.1.1/commons-math3-3.1.1.jar:/home/user/.m2/repository/org/openjdk/jmh/jmh-generator-annprocess/1.19/jmh-generator-annprocess-1.19.jar:/home/user/.m2/repository/org/mockito/mockito-all/1.8.5/mockito-all-1.8.5.jar:/home/user/.m2/repository/org/apache/hadoop/hadoop-kms/3.2.0/hadoop-kms-3.2.0.jar:/home/user/.m2/repository/org/apache/hadoop/hadoop-auth/3.2.0/hadoop-auth-3.2.0.jar:/home/user/.m2/repository/com/nimbusds/nimbus-jose-jwt/4.41.1/nimbus-jose-jwt-4.41.1.jar:/home/user/.m2/repository/com/github/stephenc/jcip/jcip-annotations/1.0-1/jcip-annotations-1.0-1.jar:/home/user/.m2/repository/net/minidev/json-smart/2.3/json-smart-2.3.jar:/home/user/.m2/repository/net/minidev/accessors-smart/1.2/accessors-smart-1.2.jar:/home/user/.m2/repository/org/ow2/asm/asm/5.0.4/asm-5.0.4.jar:/home/user/.m2/repository/org/apache/curator/curator-framework/2.12.0/curator-framework-2.12.0.jar:/home/user/.m2/repository/com/sun/jersey/jersey-core/1.19/jersey-core-1.19.jar:/home/user/.m2/repository/javax/ws/rs/jsr311-api/1.1.1/jsr311-api-1.1.1.jar:/home/user/.m2/repository/com/sun/jersey/jersey-server/1.19/jersey-server-1.19.jar:/home/user/.m2/repository/javax/servlet/javax.servlet-api/3.1.0/javax.servlet-api-3.1.0.jar:/home/user/.m2/repository/org/eclipse/jetty/jetty-server/9.3.24.v20180605/jetty-server-9.3.24.v20180605.jar:/home/user/.m2/repository/org/eclipse/jetty/jetty-http/9.3.24.v20180605/jetty-http-9.3.24.v20180605.jar:/home/user/.m2/repository/org/eclipse/jetty/jetty-io/9.3.24.v20180605/jetty-io-9.3.24.v20180605.jar:/home/user/.m2/repository/org/eclipse/jetty/jetty-webapp/9.3.24.v20180605/jetty-webapp-9.3.24.v20180605.jar:/home/user/.m2/repository/org/eclipse/jetty/jetty-xml/9.3.24.v20180605/jetty-xml-9.3.24.v20180605.jar:/home/user/.m2/repository/log4j/log4j/1.2.17/log4j-1.2.17.jar:/home/user/.m2/repository/org/slf4j/slf4j-api/1.7.25/slf4j-api-1.7.25.jar:/home/user/.m2/repository/org/slf4j/jul-to-slf4j/1.7.25/jul-to-slf4j-1.7.25.jar:/home/user/.m2/repository/org/eclipse/jetty/jetty-util/9.3.24.v20180605/jetty-util-9.3.24.v20180605.jar:/home/user/.m2/repository/com/fasterxml/jackson/core/jackson-databind/2.9.5/jackson-databind-2.9.5.jar:/home/user/.m2/repository/org/apache/hadoop/hadoop-kms/3.2.0/hadoop-kms-3.2.0-tests.jar:/home/user/.m2/repository/org/apache/hadoop/hadoop-hdds-server-scm/0.5.0-SNAPSHOT/hadoop-hdds-server-scm-0.5.0-SNAPSHOT-tests.jar:/home/user/.m2/repository/org/apache/hadoop/hadoop-hdds-container-service/0.5.0-SNAPSHOT/hadoop-hdds-container-service-0.5.0-SNAPSHOT-tests.jar:/home/user/.m2/repository/org/yaml/snakeyaml/1.16/snakeyaml-1.16.jar:/home/user/.m2/repository/org/apache/hadoop/hadoop-common/3.2.0/hadoop-common-3.2.0-tests.jar:/home/user/.m2/repository/org/apache/hadoop/hadoop-annotations/3.2.0/hadoop-annotations-3.2.0.jar:/usr/lib/jvm/java-1.8-openjdk/jre/../lib/tools.jar:/home/user/.m2/repository/commons-cli/commons-cli/1.2/commons-cli-1.2.jar:/home/user/.m2/repository/org/apache/httpcomponents/httpclient/4.5.2/httpclient-4.5.2.jar:/home/user/.m2/repository/org/apache/httpcomponents/httpcore/4.4.4/httpcore-4.4.4.jar:/home/user/.m2/repository/commons-codec/commons-codec/1.11/commons-codec-1.11.jar:/home/user/.m2/repository/commons-net/commons-net/3.6/commons-net-3.6.jar:/home/user/.m2/repository/commons-collections/commons-collections/3.2.2/commons-collections-3.2.2.jar:/home/user/.m2/repository/org/eclipse/jetty/jetty-servlet/9.3.24.v20180605/jetty-servlet-9.3.24.v20180605.jar:/home/user/.m2/repository/org/eclipse/jetty/jetty-security/9.3.24.v20180605/jetty-security-9.3.24.v20180605.jar:/home/user/.m2/repository/javax/servlet/jsp/jsp-api/2.1/jsp-api-2.1.jar:/home/user/.m2/repository/com/sun/jersey/jersey-servlet/1.19/jersey-servlet-1.19.jar:/home/user/.m2/repository/com/sun/jersey/jersey-json/1.19/jersey-json-1.19.jar:/home/user/.m2/repository/org/codehaus/jettison/jettison/1.1/jettison-1.1.jar:/home/user/.m2/repository/org/codehaus/jackson/jackson-core-asl/1.9.13/jackson-core-asl-1.9.13.jar:/home/user/.m2/repository/org/codehaus/jackson/jackson-mapper-asl/1.9.13/jackson-mapper-asl-1.9.13.jar:/home/user/.m2/repository/org/codehaus/jackson/jackson-jaxrs/1.9.13/jackson-jaxrs-1.9.13.jar:/home/user/.m2/repository/org/codehaus/jackson/jackson-xc/1.9.13/jackson-xc-1.9.13.jar:/home/user/.m2/repository/commons-logging/commons-logging/1.1.3/commons-logging-1.1.3.jar:/home/user/.m2/repository/commons-beanutils/commons-beanutils/1.9.3/commons-beanutils-1.9.3.jar:/home/user/.m2/repository/org/apache/commons/commons-configuration2/2.1.1/commons-configuration2-2.1.1.jar:/home/user/.m2/repository/org/apache/commons/commons-lang3/3.7/commons-lang3-3.7.jar:/home/user/.m2/repository/org/apache/commons/commons-text/1.4/commons-text-1.4.jar:/home/user/.m2/repository/org/apache/avro/avro/1.7.7/avro-1.7.7.jar:/home/user/.m2/repository/com/thoughtworks/paranamer/paranamer/2.3/paranamer-2.3.jar:/home/user/.m2/repository/org/xerial/snappy/snappy-java/1.0.5/snappy-java-1.0.5.jar:/home/user/.m2/repository/com/google/re2j/re2j/1.1/re2j-1.1.jar:/home/user/.m2/repository/com/google/code/gson/gson/2.2.4/gson-2.2.4.jar:/home/user/.m2/repository/com/jcraft/jsch/0.1.54/jsch-0.1.54.jar:/home/user/.m2/repository/org/apache/curator/curator-client/2.12.0/curator-client-2.12.0.jar:/home/user/.m2/repository/org/apache/curator/curator-recipes/2.12.0/curator-recipes-2.12.0.jar:/home/user/.m2/repository/com/google/code/findbugs/jsr305/3.0.0/jsr305-3.0.0.jar:/home/user/.m2/repository/org/apache/htrace/htrace-core4/4.1.0-incubating/htrace-core4-4.1.0-incubating.jar:/home/user/.m2/repository/org/apache/zookeeper/zookeeper/3.4.13/zookeeper-3.4.13.jar:/home/user/.m2/repository/org/apache/yetus/audience-annotations/0.5.0/audience-annotations-0.5.0.jar:/home/user/.m2/repository/org/codehaus/woodstox/stax2-api/3.1.4/stax2-api-3.1.4.jar:/home/user/.m2/repository/com/fasterxml/woodstox/woodstox-core/5.0.3/woodstox-core-5.0.3.jar:/home/user/.m2/repository/dnsjava/dnsjava/2.1.7/dnsjava-2.1.7.jar:/home/user/.m2/repository/org/apache/hadoop/hadoop-hdfs/3.2.0/hadoop-hdfs-3.2.0-tests.jar:/home/user/.m2/repository/org/eclipse/jetty/jetty-util-ajax/9.3.24.v20180605/jetty-util-ajax-9.3.24.v20180605.jar:/home/user/.m2/repository/commons-daemon/commons-daemon/1.0.13/commons-daemon-1.0.13.jar:/home/user/.m2/repository/io/netty/netty/3.10.5.Final/netty-3.10.5.Final.jar:/home/user/.m2/repository/io/netty/netty-all/4.0.52.Final/netty-all-4.0.52.Final.jar:/home/user/.m2/repository/org/fusesource/leveldbjni/leveldbjni-all/1.8/leveldbjni-all-1.8.jar:"/>
    <property name="sun.cpu.endian" value="little"/>
    <property name="user.home" value="/home/user"/>
    <property name="user.language" value="en"/>
    <property name="java.specification.vendor" value="Oracle Corporation"/>
    <property name="java.home" value="/usr/lib/jvm/java-1.8-openjdk/jre"/>
    <property name="java.security.krb5.conf" value="/workdir/hadoop-ozone/integration-test/target/test-classes/krb5.conf"/>
    <property name="basedir" value="/workdir/hadoop-ozone/integration-test"/>
    <property name="file.separator" value="/"/>
    <property name="line.separator" value="&#10;"/>
    <property name="java.vm.specification.vendor" value="Oracle Corporation"/>
    <property name="java.specification.name" value="Java Platform API Specification"/>
    <property name="java.awt.graphicsenv" value="sun.awt.X11GraphicsEnvironment"/>
    <property name="surefire.real.class.path" value="/workdir/hadoop-ozone/integration-test/target/surefire/surefirebooter1067932475286106110.jar"/>
    <property name="hadoop.log.dir" value="/workdir/hadoop-ozone/integration-test/target/log"/>
    <property name="sun.boot.class.path" value="/usr/lib/jvm/java-1.8-openjdk/jre/lib/resources.jar:/usr/lib/jvm/java-1.8-openjdk/jre/lib/rt.jar:/usr/lib/jvm/java-1.8-openjdk/jre/lib/sunrsasign.jar:/usr/lib/jvm/java-1.8-openjdk/jre/lib/jsse.jar:/usr/lib/jvm/java-1.8-openjdk/jre/lib/jce.jar:/usr/lib/jvm/java-1.8-openjdk/jre/lib/charsets.jar:/usr/lib/jvm/java-1.8-openjdk/jre/lib/jfr.jar:/usr/lib/jvm/java-1.8-openjdk/jre/classes"/>
    <property name="sun.management.compiler" value="HotSpot 64-Bit Tiered Compilers"/>
    <property name="java.runtime.version" value="1.8.0_212-b04"/>
    <property name="java.net.preferIPv4Stack" value="true"/>
    <property name="user.name" value="jenkins1000"/>
    <property name="path.separator" value=":"/>
    <property name="java.security.egd" value="file:///dev/urandom"/>
    <property name="os.version" value="3.10.0-957.12.2.el7.x86_64"/>
    <property name="java.endorsed.dirs" value="/usr/lib/jvm/java-1.8-openjdk/jre/lib/endorsed"/>
    <property name="java.runtime.name" value="OpenJDK Runtime Environment"/>
    <property name="file.encoding" value="UTF-8"/>
    <property name="java.vm.name" value="OpenJDK 64-Bit Server VM"/>
    <property name="test.build.webapps" value=""/>
    <property name="localRepository" value="/home/user/.m2/repository"/>
    <property name="java.vendor.url.bug" value="https://icedtea.classpath.org/bugzilla"/>
    <property name="java.io.tmpdir" value="/tmp"/>
    <property name="require.test.libhadoop" value=""/>
    <property name="java.version" value="1.8.0_212"/>
    <property name="user.dir" value="/workdir/hadoop-ozone/integration-test"/>
    <property name="os.arch" value="amd64"/>
    <property name="java.vm.specification.name" value="Java Virtual Machine Specification"/>
    <property name="test.build.classes" value="/workdir/hadoop-ozone/integration-test/target/test-classes"/>
    <property name="java.awt.printerjob" value="sun.print.PSPrinterJob"/>
    <property name="sun.os.patch.level" value="unknown"/>
    <property name="hadoop.tmp.dir" value="/workdir/hadoop-ozone/integration-test/target/tmp"/>
    <property name="java.library.path" value="/usr/lib/jvm/java-1.8-openjdk/jre/lib/amd64/server:/usr/lib/jvm/java-1.8-openjdk/jre/lib/amd64:/usr/lib/jvm/java-1.8-openjdk/jre/../lib/amd64:/workdir/hadoop-ozone/integration-test/target/native/target/usr/local/lib:/workdir/hadoop-ozone/integration-test/../../hadoop-common-project/hadoop-common/target/native/target/usr/local/lib:/usr/java/packages/lib/amd64:/usr/lib64:/lib64:/lib:/usr/lib"/>
    <property name="java.vm.info" value="mixed mode"/>
    <property name="java.vendor" value="IcedTea"/>
    <property name="java.vm.version" value="25.212-b04"/>
    <property name="java.ext.dirs" value="/usr/lib/jvm/java-1.8-openjdk/jre/lib/ext:/usr/java/packages/lib/ext"/>
    <property name="sun.io.unicode.encoding" value="UnicodeLittle"/>
    <property name="java.class.version" value="52.0"/>
  </properties>
  <testcase name="test2DatanodesFailure" classname="org.apache.hadoop.ozone.client.rpc.TestBlockOutputStreamWithFailures" time="49.97">
    <failure message="expected:&lt;5&gt; but was:&lt;6&gt;" type="java.lang.AssertionError"><![CDATA[java.lang.AssertionError: expected:<5> but was:<6>
	at org.junit.Assert.fail(Assert.java:88)
	at org.junit.Assert.failNotEquals(Assert.java:743)
	at org.junit.Assert.assertEquals(Assert.java:118)
	at org.junit.Assert.assertEquals(Assert.java:555)
	at org.junit.Assert.assertEquals(Assert.java:542)
	at org.apache.hadoop.ozone.client.rpc.TestBlockOutputStreamWithFailures.test2DatanodesFailure(TestBlockOutputStreamWithFailures.java:467)
	at sun.reflect.NativeMethodAccessorImpl.invoke0(Native Method)
	at sun.reflect.NativeMethodAccessorImpl.invoke(NativeMethodAccessorImpl.java:62)
	at sun.reflect.DelegatingMethodAccessorImpl.invoke(DelegatingMethodAccessorImpl.java:43)
	at java.lang.reflect.Method.invoke(Method.java:498)
	at org.junit.runners.model.FrameworkMethod$1.runReflectiveCall(FrameworkMethod.java:47)
	at org.junit.internal.runners.model.ReflectiveCallable.run(ReflectiveCallable.java:12)
	at org.junit.runners.model.FrameworkMethod.invokeExplosively(FrameworkMethod.java:44)
	at org.junit.internal.runners.statements.InvokeMethod.evaluate(InvokeMethod.java:17)
	at org.junit.internal.runners.statements.RunBefores.evaluate(RunBefores.java:26)
	at org.junit.internal.runners.statements.RunAfters.evaluate(RunAfters.java:27)
	at org.junit.runners.ParentRunner.runLeaf(ParentRunner.java:271)
	at org.junit.runners.BlockJUnit4ClassRunner.runChild(BlockJUnit4ClassRunner.java:70)
	at org.junit.runners.BlockJUnit4ClassRunner.runChild(BlockJUnit4ClassRunner.java:50)
	at org.junit.runners.ParentRunner$3.run(ParentRunner.java:238)
	at org.junit.runners.ParentRunner$1.schedule(ParentRunner.java:63)
	at org.junit.runners.ParentRunner.runChildren(ParentRunner.java:236)
	at org.junit.runners.ParentRunner.access$000(ParentRunner.java:53)
	at org.junit.runners.ParentRunner$2.evaluate(ParentRunner.java:229)
	at org.junit.runners.ParentRunner.run(ParentRunner.java:309)
	at org.apache.maven.surefire.junit4.JUnit4Provider.execute(JUnit4Provider.java:365)
	at org.apache.maven.surefire.junit4.JUnit4Provider.executeWithRerun(JUnit4Provider.java:273)
	at org.apache.maven.surefire.junit4.JUnit4Provider.executeTestSet(JUnit4Provider.java:238)
	at org.apache.maven.surefire.junit4.JUnit4Provider.invoke(JUnit4Provider.java:159)
	at org.apache.maven.surefire.booter.ForkedBooter.invokeProviderInSameClassLoader(ForkedBooter.java:384)
	at org.apache.maven.surefire.booter.ForkedBooter.runSuitesInProcess(ForkedBooter.java:345)
	at org.apache.maven.surefire.booter.ForkedBooter.execute(ForkedBooter.java:126)
	at org.apache.maven.surefire.booter.ForkedBooter.main(ForkedBooter.java:418)
]]></failure>
    <system-out><![CDATA[2019-08-28 04:43:48,025 [main] WARN  server.ServerUtils (ServerUtils.java:getScmDbDir(145)) - ozone.scm.db.dirs is not configured. We recommend adding this setting. Falling back to ozone.metadata.dirs instead.
2019-08-28 04:43:48,138 [main] WARN  server.ServerUtils (ServerUtils.java:getScmDbDir(145)) - ozone.scm.db.dirs is not configured. We recommend adding this setting. Falling back to ozone.metadata.dirs instead.
2019-08-28 04:43:48,143 [main] WARN  server.ServerUtils (ServerUtils.java:getScmDbDir(145)) - ozone.scm.db.dirs is not configured. We recommend adding this setting. Falling back to ozone.metadata.dirs instead.
2019-08-28 04:43:48,167 [main] INFO  util.log (Log.java:initialized(192)) - Logging initialized @944ms
2019-08-28 04:43:48,286 [main] INFO  db.DBStoreBuilder (DBStoreBuilder.java:addTable(110)) - using custom profile for table: deletedBlocks
2019-08-28 04:43:48,288 [main] INFO  db.DBStoreBuilder (DBStoreBuilder.java:processTables(161)) - Using default column profile:DBProfile.DISK for Table:deletedBlocks
2019-08-28 04:43:48,288 [main] INFO  db.DBStoreBuilder (DBStoreBuilder.java:addTable(110)) - using custom profile for table: validCerts
2019-08-28 04:43:48,289 [main] INFO  db.DBStoreBuilder (DBStoreBuilder.java:processTables(161)) - Using default column profile:DBProfile.DISK for Table:validCerts
2019-08-28 04:43:48,289 [main] INFO  db.DBStoreBuilder (DBStoreBuilder.java:addTable(110)) - using custom profile for table: revokedCerts
2019-08-28 04:43:48,289 [main] INFO  db.DBStoreBuilder (DBStoreBuilder.java:processTables(161)) - Using default column profile:DBProfile.DISK for Table:revokedCerts
2019-08-28 04:43:48,309 [main] INFO  db.DBStoreBuilder (DBStoreBuilder.java:addTable(110)) - using custom profile for table: default
2019-08-28 04:43:48,310 [main] INFO  db.DBStoreBuilder (DBStoreBuilder.java:processTables(167)) - Using default column profile:DBProfile.DISK for Table:default
2019-08-28 04:43:48,312 [main] INFO  db.DBStoreBuilder (DBStoreBuilder.java:getDbProfile(198)) - Using default options. DBProfile.DISK
2019-08-28 04:43:48,596 [main] INFO  net.NodeSchemaLoader (NodeSchemaLoader.java:loadSchemaFromFile(125)) - Loading file from sun.misc.CompoundEnumeration@5f058f00
2019-08-28 04:43:48,598 [main] INFO  net.NodeSchemaLoader (NodeSchemaLoader.java:loadSchema(171)) - Loading network topology layer schema file
2019-08-28 04:43:48,683 [main] INFO  node.SCMNodeManager (SCMNodeManager.java:<init>(121)) - Entering startup safe mode.
2019-08-28 04:43:48,755 [main] INFO  algorithms.ContainerPlacementPolicyFactory (ContainerPlacementPolicyFactory.java:getPolicy(55)) - Create container placement policy of type org.apache.hadoop.hdds.scm.container.placement.algorithms.SCMContainerPlacementRandom
2019-08-28 04:43:48,768 [main] WARN  server.ServerUtils (ServerUtils.java:getScmDbDir(145)) - ozone.scm.db.dirs is not configured. We recommend adding this setting. Falling back to ozone.metadata.dirs instead.
2019-08-28 04:43:48,861 [main] INFO  pipeline.SCMPipelineManager (SCMPipelineManager.java:initializePipelineState(126)) - No pipeline exists in current db
2019-08-28 04:43:48,864 [main] WARN  server.ServerUtils (ServerUtils.java:getScmDbDir(145)) - ozone.scm.db.dirs is not configured. We recommend adding this setting. Falling back to ozone.metadata.dirs instead.
2019-08-28 04:43:49,006 [main] WARN  events.EventQueue (EventQueue.java:fireEvent(175)) - No event handler registered for event TypedEvent{payloadType=SafeModeStatus, name='SafeModeStatus'}
2019-08-28 04:43:49,486 [main] INFO  ipc.CallQueueManager (CallQueueManager.java:<init>(84)) - Using callQueue: class java.util.concurrent.LinkedBlockingQueue, queueCapacity: 2000, scheduler: class org.apache.hadoop.ipc.DefaultRpcScheduler, ipcBackoff: false.
2019-08-28 04:43:49,820 [Socket Reader #1 for port 40682] INFO  ipc.Server (Server.java:run(1074)) - Starting Socket Reader #1 for port 40682
2019-08-28 04:43:49,853 [main] INFO  ipc.CallQueueManager (CallQueueManager.java:<init>(84)) - Using callQueue: class java.util.concurrent.LinkedBlockingQueue, queueCapacity: 2000, scheduler: class org.apache.hadoop.ipc.DefaultRpcScheduler, ipcBackoff: false.
2019-08-28 04:43:49,854 [Socket Reader #1 for port 34551] INFO  ipc.Server (Server.java:run(1074)) - Starting Socket Reader #1 for port 34551
2019-08-28 04:43:49,864 [main] INFO  ipc.CallQueueManager (CallQueueManager.java:<init>(84)) - Using callQueue: class java.util.concurrent.LinkedBlockingQueue, queueCapacity: 2000, scheduler: class org.apache.hadoop.ipc.DefaultRpcScheduler, ipcBackoff: false.
2019-08-28 04:43:49,865 [Socket Reader #1 for port 39319] INFO  ipc.Server (Server.java:run(1074)) - Starting Socket Reader #1 for port 39319
2019-08-28 04:43:49,889 [main] INFO  hdfs.DFSUtil (DFSUtil.java:httpServerTemplateForNNAndJN(1641)) - Starting Web-server for scm at: http://0.0.0.0:0
2019-08-28 04:43:50,058 [main] INFO  server.AuthenticationFilter (AuthenticationFilter.java:constructSecretProvider(240)) - Unable to initialize FileSignerSecretProvider, falling back to use random secrets.
2019-08-28 04:43:50,066 [main] WARN  http.HttpRequestLog (HttpRequestLog.java:getRequestLog(97)) - Jetty request log can only be enabled using Log4j
2019-08-28 04:43:50,074 [main] INFO  http.HttpServer2 (HttpServer2.java:addGlobalFilter(975)) - Added global filter 'safety' (class=org.apache.hadoop.http.HttpServer2$QuotingInputFilter)
2019-08-28 04:43:50,076 [main] INFO  http.HttpServer2 (HttpServer2.java:addFilter(948)) - Added filter static_user_filter (class=org.apache.hadoop.http.lib.StaticUserWebFilter$StaticUserFilter) to context scm
2019-08-28 04:43:50,077 [main] INFO  http.HttpServer2 (HttpServer2.java:addFilter(958)) - Added filter static_user_filter (class=org.apache.hadoop.http.lib.StaticUserWebFilter$StaticUserFilter) to context logs
2019-08-28 04:43:50,077 [main] INFO  http.HttpServer2 (HttpServer2.java:addFilter(958)) - Added filter static_user_filter (class=org.apache.hadoop.http.lib.StaticUserWebFilter$StaticUserFilter) to context static
2019-08-28 04:43:50,104 [main] INFO  server.StorageContainerManager (StorageContainerManager.java:start(759)) - StorageContainerLocationProtocol RPC server is listening at /0.0.0.0:39319
2019-08-28 04:43:50,161 [main] WARN  impl.MetricsConfig (MetricsConfig.java:loadFirst(134)) - Cannot locate configuration: tried hadoop-metrics2-storagecontainermanager.properties,hadoop-metrics2.properties
2019-08-28 04:43:50,173 [main] INFO  impl.MetricsSystemImpl (MetricsSystemImpl.java:startTimer(374)) - Scheduled Metric snapshot period at 10 second(s).
2019-08-28 04:43:50,174 [main] INFO  impl.MetricsSystemImpl (MetricsSystemImpl.java:start(191)) - StorageContainerManager metrics system started
2019-08-28 04:43:50,405 [main] INFO  server.SCMClientProtocolServer (SCMClientProtocolServer.java:start(151)) - RPC server for Client  is listening at /0.0.0.0:39319
2019-08-28 04:43:50,406 [IPC Server Responder] INFO  ipc.Server (Server.java:run(1314)) - IPC Server Responder: starting
2019-08-28 04:43:50,406 [IPC Server listener on 39319] INFO  ipc.Server (Server.java:run(1153)) - IPC Server listener on 39319: starting
2019-08-28 04:43:50,409 [main] INFO  server.StorageContainerManager (StorageContainerManager.java:start(769)) - ScmBlockLocationProtocol RPC server is listening at /0.0.0.0:34551
2019-08-28 04:43:50,409 [main] INFO  server.SCMBlockProtocolServer (SCMBlockProtocolServer.java:start(140)) - RPC server for Block Protocol is listening at /0.0.0.0:34551
2019-08-28 04:43:50,410 [IPC Server Responder] INFO  ipc.Server (Server.java:run(1314)) - IPC Server Responder: starting
2019-08-28 04:43:50,410 [IPC Server listener on 34551] INFO  ipc.Server (Server.java:run(1153)) - IPC Server listener on 34551: starting
2019-08-28 04:43:50,412 [main] INFO  server.StorageContainerManager (StorageContainerManager.java:start(773)) - ScmDatanodeProtocl RPC server is listening at /0.0.0.0:40682
2019-08-28 04:43:50,413 [main] INFO  server.SCMDatanodeProtocolServer (SCMDatanodeProtocolServer.java:start(191)) - RPC server for DataNodes is listening at /0.0.0.0:40682
2019-08-28 04:43:50,413 [IPC Server Responder] INFO  ipc.Server (Server.java:run(1314)) - IPC Server Responder: starting
2019-08-28 04:43:50,413 [IPC Server listener on 40682] INFO  ipc.Server (Server.java:run(1153)) - IPC Server listener on 40682: starting
2019-08-28 04:43:50,417 [main] INFO  http.HttpServer2 (HttpServer2.java:bindListener(1191)) - Jetty bound to port 35755
2019-08-28 04:43:50,419 [main] INFO  server.Server (Server.java:doStart(351)) - jetty-9.3.24.v20180605, build timestamp: 2018-06-05T17:11:56Z, git hash: 84205aa28f11a4f31f2a3b86d1bba2cc8ab69827
2019-08-28 04:43:50,457 [main] INFO  handler.ContextHandler (ContextHandler.java:doStart(781)) - Started o.e.j.s.ServletContextHandler@5286c33a{/logs,file:///workdir/hadoop-ozone/integration-test/target/log,AVAILABLE}
2019-08-28 04:43:50,458 [main] INFO  handler.ContextHandler (ContextHandler.java:doStart(781)) - Started o.e.j.s.ServletContextHandler@5c530d1e{/static,file:///workdir/hadoop-ozone/integration-test/target/test-classes/webapps/static,AVAILABLE}
2019-08-28 04:43:50,493 [main] INFO  handler.ContextHandler (ContextHandler.java:doStart(781)) - Started o.e.j.w.WebAppContext@48f5bde6{/,file:///workdir/hadoop-ozone/integration-test/target/test-classes/webapps/scm/,AVAILABLE}{/scm}
2019-08-28 04:43:50,499 [main] INFO  server.AbstractConnector (AbstractConnector.java:doStart(278)) - Started ServerConnector@6d511b5f{HTTP/1.1,[http/1.1]}{0.0.0.0:35755}
2019-08-28 04:43:50,499 [main] INFO  server.Server (Server.java:doStart(419)) - Started @3277ms
2019-08-28 04:43:50,501 [main] INFO  server.BaseHttpServer (BaseHttpServer.java:updateConnectorAddress(213)) - HTTP server of SCM is listening at http://0.0.0.0:35755
2019-08-28 04:43:50,506 [org.apache.hadoop.util.JvmPauseMonitor$Monitor@3b1bb3ab] INFO  util.JvmPauseMonitor (JvmPauseMonitor.java:run(188)) - Starting JVM pause monitor
2019-08-28 04:43:50,508 [main] WARN  server.ServerUtils (ServerUtils.java:getDBPath(222)) - ozone.om.db.dirs is not configured. We recommend adding this setting. Falling back to ozone.metadata.dirs instead.
2019-08-28 04:43:50,611 [main] WARN  server.ServerUtils (ServerUtils.java:getDBPath(222)) - ozone.om.db.dirs is not configured. We recommend adding this setting. Falling back to ozone.metadata.dirs instead.
2019-08-28 04:43:50,612 [main] WARN  server.ServerUtils (ServerUtils.java:getDBPath(222)) - ozone.om.db.dirs is not configured. We recommend adding this setting. Falling back to ozone.metadata.dirs instead.
2019-08-28 04:43:50,613 [main] INFO  om.OzoneManager (OzoneManager.java:setOMNodeDetails(645)) - OM Service ID is not set. Setting it to the default ID: omServiceIdDefault
2019-08-28 04:43:50,613 [main] INFO  om.OzoneManager (OzoneManager.java:setOMNodeDetails(651)) - OM Node ID is not set. Setting it to the OmStorage's OmID: ca2430b3-c36d-4d63-a386-f34f8f5be049
2019-08-28 04:43:50,614 [main] INFO  om.OzoneManager (OzoneManager.java:loadOMHAConfigs(602)) - Found matching OM address with OMServiceId: null, OMNodeId: null, RPC Address: localhost:0 and Ratis port: 9872
2019-08-28 04:43:50,857 | INFO  | SCMAudit | user=jenkins1000 | ip=192.168.69.75 | op=GET_SCM_INFO null | ret=SUCCESS |  
2019-08-28 04:43:51,354 [main] WARN  server.ServerUtils (ServerUtils.java:getDBPath(222)) - ozone.om.db.dirs is not configured. We recommend adding this setting. Falling back to ozone.metadata.dirs instead.
2019-08-28 04:43:51,363 [main] INFO  db.DBStoreBuilder (DBStoreBuilder.java:addTable(110)) - using custom profile for table: userTable
2019-08-28 04:43:51,363 [main] INFO  db.DBStoreBuilder (DBStoreBuilder.java:processTables(161)) - Using default column profile:DBProfile.DISK for Table:userTable
2019-08-28 04:43:51,363 [main] INFO  db.DBStoreBuilder (DBStoreBuilder.java:addTable(110)) - using custom profile for table: volumeTable
2019-08-28 04:43:51,363 [main] INFO  db.DBStoreBuilder (DBStoreBuilder.java:processTables(161)) - Using default column profile:DBProfile.DISK for Table:volumeTable
2019-08-28 04:43:51,364 [main] INFO  db.DBStoreBuilder (DBStoreBuilder.java:addTable(110)) - using custom profile for table: bucketTable
2019-08-28 04:43:51,364 [main] INFO  db.DBStoreBuilder (DBStoreBuilder.java:processTables(161)) - Using default column profile:DBProfile.DISK for Table:bucketTable
2019-08-28 04:43:51,365 [main] INFO  db.DBStoreBuilder (DBStoreBuilder.java:addTable(110)) - using custom profile for table: keyTable
2019-08-28 04:43:51,365 [main] INFO  db.DBStoreBuilder (DBStoreBuilder.java:processTables(161)) - Using default column profile:DBProfile.DISK for Table:keyTable
2019-08-28 04:43:51,366 [main] INFO  db.DBStoreBuilder (DBStoreBuilder.java:addTable(110)) - using custom profile for table: deletedTable
2019-08-28 04:43:51,366 [main] INFO  db.DBStoreBuilder (DBStoreBuilder.java:processTables(161)) - Using default column profile:DBProfile.DISK for Table:deletedTable
2019-08-28 04:43:51,366 [main] INFO  db.DBStoreBuilder (DBStoreBuilder.java:addTable(110)) - using custom profile for table: openKeyTable
2019-08-28 04:43:51,367 [main] INFO  db.DBStoreBuilder (DBStoreBuilder.java:processTables(161)) - Using default column profile:DBProfile.DISK for Table:openKeyTable
2019-08-28 04:43:51,367 [main] INFO  db.DBStoreBuilder (DBStoreBuilder.java:addTable(110)) - using custom profile for table: s3Table
2019-08-28 04:43:51,367 [main] INFO  db.DBStoreBuilder (DBStoreBuilder.java:processTables(161)) - Using default column profile:DBProfile.DISK for Table:s3Table
2019-08-28 04:43:51,367 [main] INFO  db.DBStoreBuilder (DBStoreBuilder.java:addTable(110)) - using custom profile for table: multipartInfoTable
2019-08-28 04:43:51,368 [main] INFO  db.DBStoreBuilder (DBStoreBuilder.java:processTables(161)) - Using default column profile:DBProfile.DISK for Table:multipartInfoTable
2019-08-28 04:43:51,368 [main] INFO  db.DBStoreBuilder (DBStoreBuilder.java:addTable(110)) - using custom profile for table: dTokenTable
2019-08-28 04:43:51,368 [main] INFO  db.DBStoreBuilder (DBStoreBuilder.java:processTables(161)) - Using default column profile:DBProfile.DISK for Table:dTokenTable
2019-08-28 04:43:51,368 [main] INFO  db.DBStoreBuilder (DBStoreBuilder.java:addTable(110)) - using custom profile for table: s3SecretTable
2019-08-28 04:43:51,369 [main] INFO  db.DBStoreBuilder (DBStoreBuilder.java:processTables(161)) - Using default column profile:DBProfile.DISK for Table:s3SecretTable
2019-08-28 04:43:51,369 [main] INFO  db.DBStoreBuilder (DBStoreBuilder.java:addTable(110)) - using custom profile for table: prefixTable
2019-08-28 04:43:51,369 [main] INFO  db.DBStoreBuilder (DBStoreBuilder.java:processTables(161)) - Using default column profile:DBProfile.DISK for Table:prefixTable
2019-08-28 04:43:51,369 [main] INFO  db.DBStoreBuilder (DBStoreBuilder.java:addTable(110)) - using custom profile for table: default
2019-08-28 04:43:51,370 [main] INFO  db.DBStoreBuilder (DBStoreBuilder.java:processTables(167)) - Using default column profile:DBProfile.DISK for Table:default
2019-08-28 04:43:51,370 [main] INFO  db.DBStoreBuilder (DBStoreBuilder.java:getDbProfile(198)) - Using default options. DBProfile.DISK
2019-08-28 04:43:52,001 [main] INFO  ipc.CallQueueManager (CallQueueManager.java:<init>(84)) - Using callQueue: class java.util.concurrent.LinkedBlockingQueue, queueCapacity: 2000, scheduler: class org.apache.hadoop.ipc.DefaultRpcScheduler, ipcBackoff: false.
2019-08-28 04:43:52,002 [Socket Reader #1 for port 37707] INFO  ipc.Server (Server.java:run(1074)) - Starting Socket Reader #1 for port 37707
2019-08-28 04:43:52,024 [main] INFO  om.OzoneManager (OzoneManager.java:start(1256)) - OzoneManager RPC server is listening at localhost/127.0.0.1:37707
2019-08-28 04:43:52,024 [main] INFO  impl.MetricsSystemImpl (MetricsSystemImpl.java:init(158)) - OzoneManager metrics system started (again)
2019-08-28 04:43:52,025 [IPC Server Responder] INFO  ipc.Server (Server.java:run(1314)) - IPC Server Responder: starting
2019-08-28 04:43:52,025 [IPC Server listener on 37707] INFO  ipc.Server (Server.java:run(1153)) - IPC Server listener on 37707: starting
2019-08-28 04:43:52,222 [main] INFO  hdfs.DFSUtil (DFSUtil.java:httpServerTemplateForNNAndJN(1641)) - Starting Web-server for ozoneManager at: http://0.0.0.0:0
2019-08-28 04:43:52,224 [main] INFO  server.AuthenticationFilter (AuthenticationFilter.java:constructSecretProvider(240)) - Unable to initialize FileSignerSecretProvider, falling back to use random secrets.
2019-08-28 04:43:52,225 [main] WARN  http.HttpRequestLog (HttpRequestLog.java:getRequestLog(97)) - Jetty request log can only be enabled using Log4j
2019-08-28 04:43:52,227 [main] INFO  http.HttpServer2 (HttpServer2.java:addGlobalFilter(975)) - Added global filter 'safety' (class=org.apache.hadoop.http.HttpServer2$QuotingInputFilter)
2019-08-28 04:43:52,228 [main] INFO  http.HttpServer2 (HttpServer2.java:addFilter(948)) - Added filter static_user_filter (class=org.apache.hadoop.http.lib.StaticUserWebFilter$StaticUserFilter) to context ozoneManager
2019-08-28 04:43:52,228 [main] INFO  http.HttpServer2 (HttpServer2.java:addFilter(958)) - Added filter static_user_filter (class=org.apache.hadoop.http.lib.StaticUserWebFilter$StaticUserFilter) to context static
2019-08-28 04:43:52,229 [main] INFO  http.HttpServer2 (HttpServer2.java:addFilter(958)) - Added filter static_user_filter (class=org.apache.hadoop.http.lib.StaticUserWebFilter$StaticUserFilter) to context logs
2019-08-28 04:43:52,232 [main] INFO  http.HttpServer2 (HttpServer2.java:bindListener(1191)) - Jetty bound to port 44253
2019-08-28 04:43:52,233 [main] INFO  server.Server (Server.java:doStart(351)) - jetty-9.3.24.v20180605, build timestamp: 2018-06-05T17:11:56Z, git hash: 84205aa28f11a4f31f2a3b86d1bba2cc8ab69827
2019-08-28 04:43:52,235 [main] INFO  handler.ContextHandler (ContextHandler.java:doStart(781)) - Started o.e.j.s.ServletContextHandler@49dbaaf3{/logs,file:///workdir/hadoop-ozone/integration-test/target/log,AVAILABLE}
2019-08-28 04:43:52,236 [main] INFO  handler.ContextHandler (ContextHandler.java:doStart(781)) - Started o.e.j.s.ServletContextHandler@736f3e9e{/static,file:///workdir/hadoop-ozone/integration-test/target/test-classes/webapps/static,AVAILABLE}
2019-08-28 04:43:52,242 [main] INFO  handler.ContextHandler (ContextHandler.java:doStart(781)) - Started o.e.j.w.WebAppContext@40d10481{/,file:///workdir/hadoop-ozone/integration-test/target/test-classes/webapps/ozoneManager/,AVAILABLE}{/ozoneManager}
2019-08-28 04:43:52,243 [main] INFO  server.AbstractConnector (AbstractConnector.java:doStart(278)) - Started ServerConnector@60dd3c23{HTTP/1.1,[http/1.1]}{0.0.0.0:44253}
2019-08-28 04:43:52,244 [main] INFO  server.Server (Server.java:doStart(419)) - Started @5021ms
2019-08-28 04:43:52,245 [main] INFO  server.BaseHttpServer (BaseHttpServer.java:updateConnectorAddress(213)) - HTTP server of OZONEMANAGER is listening at http://0.0.0.0:44253
2019-08-28 04:43:52,411 [main] INFO  impl.MetricsSystemImpl (MetricsSystemImpl.java:init(158)) - HddsDatanode metrics system started (again)
2019-08-28 04:43:52,501 [main] INFO  ozone.HddsDatanodeService (HddsDatanodeService.java:start(184)) - HddsDatanodeService host:pr-hdds-2014-rr4xc-1992234301 ip:192.168.69.75
2019-08-28 04:43:52,534 [main] INFO  volume.HddsVolume (HddsVolume.java:<init>(176)) - Creating Volume: /workdir/hadoop-ozone/integration-test/target/test-dir/MiniOzoneClusterImpl-dee0cb60-1d83-42ef-98aa-30f750bc63a6/datanode-0/data/containers/hdds of  storage type : DISK and capacity : 1482555576320
2019-08-28 04:43:52,536 [main] INFO  volume.VolumeSet (VolumeSet.java:initializeVolumeSet(170)) - Added Volume : /workdir/hadoop-ozone/integration-test/target/test-dir/MiniOzoneClusterImpl-dee0cb60-1d83-42ef-98aa-30f750bc63a6/datanode-0/data/containers/hdds to VolumeSet
2019-08-28 04:43:52,539 [main] INFO  volume.ThrottledAsyncChecker (ThrottledAsyncChecker.java:schedule(140)) - Scheduling a check for org.apache.hadoop.ozone.container.common.volume.HddsVolume@116a2108
2019-08-28 04:43:52,556 [main] INFO  volume.HddsVolumeChecker (HddsVolumeChecker.java:checkAllVolumes(203)) - Scheduled health check for volume org.apache.hadoop.ozone.container.common.volume.HddsVolume@116a2108
2019-08-28 04:43:52,683 [main] INFO  impl.RaftServerProxy (ConfUtils.java:logGet(43)) - raft.rpc.type = GRPC (default)
2019-08-28 04:43:52,775 [main] INFO  grpc.GrpcFactory (GrpcFactory.java:checkPooledByteBufAllocatorUseCacheForAllThreads(45)) - PERFORMANCE WARNING: useCacheForAllThreads is true that may cause Netty to create a lot garbage objects and, as a result, trigger GC.
	It is recommended to disable useCacheForAllThreads by setting -Dorg.apache.ratis.thirdparty.io.netty.allocator.useCacheForAllThreads=false in command line.
2019-08-28 04:43:52,781 [main] INFO  grpc.GrpcConfigKeys$Server (ConfUtils.java:logGet(43)) - raft.grpc.server.port = 0 (default)
2019-08-28 04:43:52,782 [main] INFO  server.GrpcService (ConfUtils.java:logGet(43)) - raft.grpc.message.size.max = 33570816 (custom)
2019-08-28 04:43:52,784 [main] INFO  server.RaftServerConfigKeys (ConfUtils.java:logGet(43)) - raft.server.log.appender.buffer.byte-limit = 33554432 (custom)
2019-08-28 04:43:52,784 [main] INFO  server.GrpcService (ConfUtils.java:logGet(43)) - raft.grpc.flow.control.window = 1MB (=1048576) (default)
2019-08-28 04:43:52,785 [main] INFO  server.RaftServerConfigKeys (ConfUtils.java:logGet(43)) - raft.server.rpc.request.timeout = 3000ms (default)
2019-08-28 04:43:52,956 [main] INFO  server.RaftServerConfigKeys (ConfUtils.java:logGet(43)) - raft.server.storage.dir = [/workdir/hadoop-ozone/integration-test/target/test-dir/MiniOzoneClusterImpl-dee0cb60-1d83-42ef-98aa-30f750bc63a6/datanode-0/data/ratis] (custom)
2019-08-28 04:43:52,993 [main] INFO  replication.SimpleContainerDownloader (SimpleContainerDownloader.java:<init>(72)) - Starting container downloader service to copy containers to replicate.
2019-08-28 04:43:53,007 [main] INFO  hdfs.DFSUtil (DFSUtil.java:httpServerTemplateForNNAndJN(1641)) - Starting Web-server for hddsDatanode at: http://0.0.0.0:0
2019-08-28 04:43:53,010 [main] INFO  server.AuthenticationFilter (AuthenticationFilter.java:constructSecretProvider(240)) - Unable to initialize FileSignerSecretProvider, falling back to use random secrets.
2019-08-28 04:43:53,012 [main] WARN  http.HttpRequestLog (HttpRequestLog.java:getRequestLog(97)) - Jetty request log can only be enabled using Log4j
2019-08-28 04:43:53,015 [main] INFO  http.HttpServer2 (HttpServer2.java:addGlobalFilter(975)) - Added global filter 'safety' (class=org.apache.hadoop.http.HttpServer2$QuotingInputFilter)
2019-08-28 04:43:53,016 [main] INFO  http.HttpServer2 (HttpServer2.java:addFilter(948)) - Added filter static_user_filter (class=org.apache.hadoop.http.lib.StaticUserWebFilter$StaticUserFilter) to context hddsDatanode
2019-08-28 04:43:53,017 [main] INFO  http.HttpServer2 (HttpServer2.java:addFilter(958)) - Added filter static_user_filter (class=org.apache.hadoop.http.lib.StaticUserWebFilter$StaticUserFilter) to context logs
2019-08-28 04:43:53,017 [main] INFO  http.HttpServer2 (HttpServer2.java:addFilter(958)) - Added filter static_user_filter (class=org.apache.hadoop.http.lib.StaticUserWebFilter$StaticUserFilter) to context static
2019-08-28 04:43:53,019 [main] INFO  http.HttpServer2 (HttpServer2.java:bindListener(1191)) - Jetty bound to port 46584
2019-08-28 04:43:53,020 [main] INFO  server.Server (Server.java:doStart(351)) - jetty-9.3.24.v20180605, build timestamp: 2018-06-05T17:11:56Z, git hash: 84205aa28f11a4f31f2a3b86d1bba2cc8ab69827
2019-08-28 04:43:53,023 [main] INFO  handler.ContextHandler (ContextHandler.java:doStart(781)) - Started o.e.j.s.ServletContextHandler@1457fde{/logs,file:///workdir/hadoop-ozone/integration-test/target/log,AVAILABLE}
2019-08-28 04:43:53,024 [main] INFO  handler.ContextHandler (ContextHandler.java:doStart(781)) - Started o.e.j.s.ServletContextHandler@17fa1336{/static,jar:file:/home/user/.m2/repository/org/apache/hadoop/hadoop-hdds-container-service/0.5.0-SNAPSHOT/hadoop-hdds-container-service-0.5.0-SNAPSHOT.jar!/webapps/static,AVAILABLE}
2019-08-28 04:43:53,074 [main] INFO  handler.ContextHandler (ContextHandler.java:doStart(781)) - Started o.e.j.w.WebAppContext@7b306b9f{/,file:///tmp/jetty-0.0.0.0-46584-hddsDatanode-_-any-4732411994208880194.dir/webapp/,AVAILABLE}{/hddsDatanode}
2019-08-28 04:43:53,075 [main] INFO  server.AbstractConnector (AbstractConnector.java:doStart(278)) - Started ServerConnector@142213d5{HTTP/1.1,[http/1.1]}{0.0.0.0:46584}
2019-08-28 04:43:53,077 [main] INFO  server.Server (Server.java:doStart(419)) - Started @5854ms
2019-08-28 04:43:53,078 [main] INFO  server.BaseHttpServer (BaseHttpServer.java:updateConnectorAddress(213)) - HTTP server of HDDSDATANODE is listening at http://0.0.0.0:46584
2019-08-28 04:43:54,316 | INFO  | ObjectStoreRestHttpServer | Listening HDDS REST traffic on /0.0.0.0:43250 |  
2019-08-28 04:43:54,318 [main] INFO  ozone.HddsDatanodeService (HddsDatanodeService.java:startPlugins(395)) - Started plug-in org.apache.hadoop.ozone.web.OzoneHddsDatanodeService@3375ebd3
2019-08-28 04:43:54,320 [main] INFO  impl.MetricsSystemImpl (MetricsSystemImpl.java:init(158)) - HddsDatanode metrics system started (again)
2019-08-28 04:43:54,328 [org.apache.hadoop.util.JvmPauseMonitor$Monitor@76a851a7] INFO  util.JvmPauseMonitor (JvmPauseMonitor.java:run(188)) - Starting JVM pause monitor
2019-08-28 04:43:54,330 [main] INFO  ozone.HddsDatanodeService (HddsDatanodeService.java:start(184)) - HddsDatanodeService host:pr-hdds-2014-rr4xc-1992234301 ip:192.168.69.75
2019-08-28 04:43:54,343 [main] INFO  volume.HddsVolume (HddsVolume.java:<init>(176)) - Creating Volume: /workdir/hadoop-ozone/integration-test/target/test-dir/MiniOzoneClusterImpl-dee0cb60-1d83-42ef-98aa-30f750bc63a6/datanode-1/data/containers/hdds of  storage type : DISK and capacity : 1482555576320
2019-08-28 04:43:54,343 [main] INFO  volume.VolumeSet (VolumeSet.java:initializeVolumeSet(170)) - Added Volume : /workdir/hadoop-ozone/integration-test/target/test-dir/MiniOzoneClusterImpl-dee0cb60-1d83-42ef-98aa-30f750bc63a6/datanode-1/data/containers/hdds to VolumeSet
2019-08-28 04:43:54,344 [main] INFO  volume.ThrottledAsyncChecker (ThrottledAsyncChecker.java:schedule(140)) - Scheduling a check for org.apache.hadoop.ozone.container.common.volume.HddsVolume@643ba1ed
2019-08-28 04:43:54,345 [main] INFO  volume.HddsVolumeChecker (HddsVolumeChecker.java:checkAllVolumes(203)) - Scheduled health check for volume org.apache.hadoop.ozone.container.common.volume.HddsVolume@643ba1ed
2019-08-28 04:43:54,369 [main] INFO  impl.RaftServerProxy (ConfUtils.java:logGet(43)) - raft.rpc.type = GRPC (default)
2019-08-28 04:43:54,370 [main] INFO  grpc.GrpcFactory (GrpcFactory.java:checkPooledByteBufAllocatorUseCacheForAllThreads(45)) - PERFORMANCE WARNING: useCacheForAllThreads is true that may cause Netty to create a lot garbage objects and, as a result, trigger GC.
	It is recommended to disable useCacheForAllThreads by setting -Dorg.apache.ratis.thirdparty.io.netty.allocator.useCacheForAllThreads=false in command line.
2019-08-28 04:43:54,370 [main] INFO  grpc.GrpcConfigKeys$Server (ConfUtils.java:logGet(43)) - raft.grpc.server.port = 0 (default)
2019-08-28 04:43:54,370 [main] INFO  server.GrpcService (ConfUtils.java:logGet(43)) - raft.grpc.message.size.max = 33570816 (custom)
2019-08-28 04:43:54,371 [main] INFO  server.RaftServerConfigKeys (ConfUtils.java:logGet(43)) - raft.server.log.appender.buffer.byte-limit = 33554432 (custom)
2019-08-28 04:43:54,371 [main] INFO  server.GrpcService (ConfUtils.java:logGet(43)) - raft.grpc.flow.control.window = 1MB (=1048576) (default)
2019-08-28 04:43:54,371 [main] INFO  server.RaftServerConfigKeys (ConfUtils.java:logGet(43)) - raft.server.rpc.request.timeout = 3000ms (default)
2019-08-28 04:43:54,372 [main] INFO  server.RaftServerConfigKeys (ConfUtils.java:logGet(43)) - raft.server.storage.dir = [/workdir/hadoop-ozone/integration-test/target/test-dir/MiniOzoneClusterImpl-dee0cb60-1d83-42ef-98aa-30f750bc63a6/datanode-1/data/ratis] (custom)
2019-08-28 04:43:54,373 [main] INFO  replication.SimpleContainerDownloader (SimpleContainerDownloader.java:<init>(72)) - Starting container downloader service to copy containers to replicate.
2019-08-28 04:43:54,375 [main] INFO  hdfs.DFSUtil (DFSUtil.java:httpServerTemplateForNNAndJN(1641)) - Starting Web-server for hddsDatanode at: http://0.0.0.0:0
2019-08-28 04:43:54,377 [main] INFO  server.AuthenticationFilter (AuthenticationFilter.java:constructSecretProvider(240)) - Unable to initialize FileSignerSecretProvider, falling back to use random secrets.
2019-08-28 04:43:54,378 [main] WARN  http.HttpRequestLog (HttpRequestLog.java:getRequestLog(97)) - Jetty request log can only be enabled using Log4j
2019-08-28 04:43:54,380 [main] INFO  http.HttpServer2 (HttpServer2.java:addGlobalFilter(975)) - Added global filter 'safety' (class=org.apache.hadoop.http.HttpServer2$QuotingInputFilter)
2019-08-28 04:43:54,380 [main] INFO  http.HttpServer2 (HttpServer2.java:addFilter(948)) - Added filter static_user_filter (class=org.apache.hadoop.http.lib.StaticUserWebFilter$StaticUserFilter) to context hddsDatanode
2019-08-28 04:43:54,380 [main] INFO  http.HttpServer2 (HttpServer2.java:addFilter(958)) - Added filter static_user_filter (class=org.apache.hadoop.http.lib.StaticUserWebFilter$StaticUserFilter) to context static
2019-08-28 04:43:54,381 [main] INFO  http.HttpServer2 (HttpServer2.java:addFilter(958)) - Added filter static_user_filter (class=org.apache.hadoop.http.lib.StaticUserWebFilter$StaticUserFilter) to context logs
2019-08-28 04:43:54,381 [main] INFO  http.HttpServer2 (HttpServer2.java:bindListener(1191)) - Jetty bound to port 36727
2019-08-28 04:43:54,382 [main] INFO  server.Server (Server.java:doStart(351)) - jetty-9.3.24.v20180605, build timestamp: 2018-06-05T17:11:56Z, git hash: 84205aa28f11a4f31f2a3b86d1bba2cc8ab69827
2019-08-28 04:43:54,385 [main] INFO  handler.ContextHandler (ContextHandler.java:doStart(781)) - Started o.e.j.s.ServletContextHandler@22ead351{/logs,file:///workdir/hadoop-ozone/integration-test/target/log,AVAILABLE}
2019-08-28 04:43:54,385 [main] INFO  handler.ContextHandler (ContextHandler.java:doStart(781)) - Started o.e.j.s.ServletContextHandler@43d65a81{/static,jar:file:/home/user/.m2/repository/org/apache/hadoop/hadoop-hdds-container-service/0.5.0-SNAPSHOT/hadoop-hdds-container-service-0.5.0-SNAPSHOT.jar!/webapps/static,AVAILABLE}
2019-08-28 04:43:54,416 [main] INFO  handler.ContextHandler (ContextHandler.java:doStart(781)) - Started o.e.j.w.WebAppContext@1f536481{/,file:///tmp/jetty-0.0.0.0-36727-hddsDatanode-_-any-1966567670071437098.dir/webapp/,AVAILABLE}{/hddsDatanode}
2019-08-28 04:43:54,417 [main] INFO  server.AbstractConnector (AbstractConnector.java:doStart(278)) - Started ServerConnector@5234b61a{HTTP/1.1,[http/1.1]}{0.0.0.0:36727}
2019-08-28 04:43:54,419 [main] INFO  server.Server (Server.java:doStart(419)) - Started @7197ms
2019-08-28 04:43:54,420 [main] INFO  server.BaseHttpServer (BaseHttpServer.java:updateConnectorAddress(213)) - HTTP server of HDDSDATANODE is listening at http://0.0.0.0:36727
2019-08-28 04:43:54,450 [Datanode State Machine Thread - 0] INFO  datanode.InitDatanodeState (InitDatanodeState.java:persistContainerDatanodeDetails(140)) - DatanodeDetails is persisted to /workdir/hadoop-ozone/integration-test/target/test-dir/MiniOzoneClusterImpl-dee0cb60-1d83-42ef-98aa-30f750bc63a6/datanode-0/meta/datanode.id
2019-08-28 04:43:54,574 | INFO  | ObjectStoreRestHttpServer | Listening HDDS REST traffic on /0.0.0.0:38333 |  
2019-08-28 04:43:54,574 [main] INFO  ozone.HddsDatanodeService (HddsDatanodeService.java:startPlugins(395)) - Started plug-in org.apache.hadoop.ozone.web.OzoneHddsDatanodeService@501957bf
2019-08-28 04:43:54,574 [main] INFO  impl.MetricsSystemImpl (MetricsSystemImpl.java:init(158)) - HddsDatanode metrics system started (again)
2019-08-28 04:43:54,577 [org.apache.hadoop.util.JvmPauseMonitor$Monitor@58dc2dac] INFO  util.JvmPauseMonitor (JvmPauseMonitor.java:run(188)) - Starting JVM pause monitor
2019-08-28 04:43:54,578 [main] INFO  ozone.HddsDatanodeService (HddsDatanodeService.java:start(184)) - HddsDatanodeService host:pr-hdds-2014-rr4xc-1992234301 ip:192.168.69.75
2019-08-28 04:43:54,581 [Datanode State Machine Thread - 0] INFO  datanode.InitDatanodeState (InitDatanodeState.java:persistContainerDatanodeDetails(140)) - DatanodeDetails is persisted to /workdir/hadoop-ozone/integration-test/target/test-dir/MiniOzoneClusterImpl-dee0cb60-1d83-42ef-98aa-30f750bc63a6/datanode-1/meta/datanode.id
2019-08-28 04:43:54,587 [main] INFO  volume.HddsVolume (HddsVolume.java:<init>(176)) - Creating Volume: /workdir/hadoop-ozone/integration-test/target/test-dir/MiniOzoneClusterImpl-dee0cb60-1d83-42ef-98aa-30f750bc63a6/datanode-2/data/containers/hdds of  storage type : DISK and capacity : 1482555576320
2019-08-28 04:43:54,588 [main] INFO  volume.VolumeSet (VolumeSet.java:initializeVolumeSet(170)) - Added Volume : /workdir/hadoop-ozone/integration-test/target/test-dir/MiniOzoneClusterImpl-dee0cb60-1d83-42ef-98aa-30f750bc63a6/datanode-2/data/containers/hdds to VolumeSet
2019-08-28 04:43:54,588 [main] INFO  volume.ThrottledAsyncChecker (ThrottledAsyncChecker.java:schedule(140)) - Scheduling a check for org.apache.hadoop.ozone.container.common.volume.HddsVolume@18dcb8a7
2019-08-28 04:43:54,588 [main] INFO  volume.HddsVolumeChecker (HddsVolumeChecker.java:checkAllVolumes(203)) - Scheduled health check for volume org.apache.hadoop.ozone.container.common.volume.HddsVolume@18dcb8a7
2019-08-28 04:43:54,604 [main] INFO  impl.RaftServerProxy (ConfUtils.java:logGet(43)) - raft.rpc.type = GRPC (default)
2019-08-28 04:43:54,605 [main] INFO  grpc.GrpcFactory (GrpcFactory.java:checkPooledByteBufAllocatorUseCacheForAllThreads(45)) - PERFORMANCE WARNING: useCacheForAllThreads is true that may cause Netty to create a lot garbage objects and, as a result, trigger GC.
	It is recommended to disable useCacheForAllThreads by setting -Dorg.apache.ratis.thirdparty.io.netty.allocator.useCacheForAllThreads=false in command line.
2019-08-28 04:43:54,605 [main] INFO  grpc.GrpcConfigKeys$Server (ConfUtils.java:logGet(43)) - raft.grpc.server.port = 0 (default)
2019-08-28 04:43:54,605 [main] INFO  server.GrpcService (ConfUtils.java:logGet(43)) - raft.grpc.message.size.max = 33570816 (custom)
2019-08-28 04:43:54,605 [main] INFO  server.RaftServerConfigKeys (ConfUtils.java:logGet(43)) - raft.server.log.appender.buffer.byte-limit = 33554432 (custom)
2019-08-28 04:43:54,606 [main] INFO  server.GrpcService (ConfUtils.java:logGet(43)) - raft.grpc.flow.control.window = 1MB (=1048576) (default)
2019-08-28 04:43:54,606 [main] INFO  server.RaftServerConfigKeys (ConfUtils.java:logGet(43)) - raft.server.rpc.request.timeout = 3000ms (default)
2019-08-28 04:43:54,606 [main] INFO  server.RaftServerConfigKeys (ConfUtils.java:logGet(43)) - raft.server.storage.dir = [/workdir/hadoop-ozone/integration-test/target/test-dir/MiniOzoneClusterImpl-dee0cb60-1d83-42ef-98aa-30f750bc63a6/datanode-2/data/ratis] (custom)
2019-08-28 04:43:54,607 [main] INFO  replication.SimpleContainerDownloader (SimpleContainerDownloader.java:<init>(72)) - Starting container downloader service to copy containers to replicate.
2019-08-28 04:43:54,609 [main] INFO  hdfs.DFSUtil (DFSUtil.java:httpServerTemplateForNNAndJN(1641)) - Starting Web-server for hddsDatanode at: http://0.0.0.0:0
2019-08-28 04:43:54,610 [main] INFO  server.AuthenticationFilter (AuthenticationFilter.java:constructSecretProvider(240)) - Unable to initialize FileSignerSecretProvider, falling back to use random secrets.
2019-08-28 04:43:54,610 [main] WARN  http.HttpRequestLog (HttpRequestLog.java:getRequestLog(97)) - Jetty request log can only be enabled using Log4j
2019-08-28 04:43:54,612 [main] INFO  http.HttpServer2 (HttpServer2.java:addGlobalFilter(975)) - Added global filter 'safety' (class=org.apache.hadoop.http.HttpServer2$QuotingInputFilter)
2019-08-28 04:43:54,612 [main] INFO  http.HttpServer2 (HttpServer2.java:addFilter(948)) - Added filter static_user_filter (class=org.apache.hadoop.http.lib.StaticUserWebFilter$StaticUserFilter) to context hddsDatanode
2019-08-28 04:43:54,613 [main] INFO  http.HttpServer2 (HttpServer2.java:addFilter(958)) - Added filter static_user_filter (class=org.apache.hadoop.http.lib.StaticUserWebFilter$StaticUserFilter) to context static
2019-08-28 04:43:54,613 [main] INFO  http.HttpServer2 (HttpServer2.java:addFilter(958)) - Added filter static_user_filter (class=org.apache.hadoop.http.lib.StaticUserWebFilter$StaticUserFilter) to context logs
2019-08-28 04:43:54,613 [main] INFO  http.HttpServer2 (HttpServer2.java:bindListener(1191)) - Jetty bound to port 34379
2019-08-28 04:43:54,614 [main] INFO  server.Server (Server.java:doStart(351)) - jetty-9.3.24.v20180605, build timestamp: 2018-06-05T17:11:56Z, git hash: 84205aa28f11a4f31f2a3b86d1bba2cc8ab69827
2019-08-28 04:43:54,615 [main] INFO  handler.ContextHandler (ContextHandler.java:doStart(781)) - Started o.e.j.s.ServletContextHandler@251c8145{/logs,file:///workdir/hadoop-ozone/integration-test/target/log,AVAILABLE}
2019-08-28 04:43:54,616 [main] INFO  handler.ContextHandler (ContextHandler.java:doStart(781)) - Started o.e.j.s.ServletContextHandler@7abeabe9{/static,jar:file:/home/user/.m2/repository/org/apache/hadoop/hadoop-hdds-container-service/0.5.0-SNAPSHOT/hadoop-hdds-container-service-0.5.0-SNAPSHOT.jar!/webapps/static,AVAILABLE}
2019-08-28 04:43:54,644 [main] INFO  handler.ContextHandler (ContextHandler.java:doStart(781)) - Started o.e.j.w.WebAppContext@291a4791{/,file:///tmp/jetty-0.0.0.0-34379-hddsDatanode-_-any-556679990548834041.dir/webapp/,AVAILABLE}{/hddsDatanode}
2019-08-28 04:43:54,645 [main] INFO  server.AbstractConnector (AbstractConnector.java:doStart(278)) - Started ServerConnector@5b1e88f{HTTP/1.1,[http/1.1]}{0.0.0.0:34379}
2019-08-28 04:43:54,645 [main] INFO  server.Server (Server.java:doStart(419)) - Started @7423ms
2019-08-28 04:43:54,648 [main] INFO  server.BaseHttpServer (BaseHttpServer.java:updateConnectorAddress(213)) - HTTP server of HDDSDATANODE is listening at http://0.0.0.0:34379
2019-08-28 04:43:54,805 | INFO  | ObjectStoreRestHttpServer | Listening HDDS REST traffic on /0.0.0.0:39063 |  
2019-08-28 04:43:54,805 [main] INFO  ozone.HddsDatanodeService (HddsDatanodeService.java:startPlugins(395)) - Started plug-in org.apache.hadoop.ozone.web.OzoneHddsDatanodeService@70881123
2019-08-28 04:43:54,805 [main] INFO  impl.MetricsSystemImpl (MetricsSystemImpl.java:init(158)) - HddsDatanode metrics system started (again)
2019-08-28 04:43:54,808 [main] INFO  ozone.HddsDatanodeService (HddsDatanodeService.java:start(184)) - HddsDatanodeService host:pr-hdds-2014-rr4xc-1992234301 ip:192.168.69.75
2019-08-28 04:43:54,809 [org.apache.hadoop.util.JvmPauseMonitor$Monitor@1e6ae545] INFO  util.JvmPauseMonitor (JvmPauseMonitor.java:run(188)) - Starting JVM pause monitor
2019-08-28 04:43:54,812 [Datanode State Machine Thread - 0] INFO  datanode.InitDatanodeState (InitDatanodeState.java:persistContainerDatanodeDetails(140)) - DatanodeDetails is persisted to /workdir/hadoop-ozone/integration-test/target/test-dir/MiniOzoneClusterImpl-dee0cb60-1d83-42ef-98aa-30f750bc63a6/datanode-2/meta/datanode.id
2019-08-28 04:43:54,817 [main] INFO  volume.HddsVolume (HddsVolume.java:<init>(176)) - Creating Volume: /workdir/hadoop-ozone/integration-test/target/test-dir/MiniOzoneClusterImpl-dee0cb60-1d83-42ef-98aa-30f750bc63a6/datanode-3/data/containers/hdds of  storage type : DISK and capacity : 1482555576320
2019-08-28 04:43:54,818 [main] INFO  volume.VolumeSet (VolumeSet.java:initializeVolumeSet(170)) - Added Volume : /workdir/hadoop-ozone/integration-test/target/test-dir/MiniOzoneClusterImpl-dee0cb60-1d83-42ef-98aa-30f750bc63a6/datanode-3/data/containers/hdds to VolumeSet
2019-08-28 04:43:54,818 [main] INFO  volume.ThrottledAsyncChecker (ThrottledAsyncChecker.java:schedule(140)) - Scheduling a check for org.apache.hadoop.ozone.container.common.volume.HddsVolume@476fde05
2019-08-28 04:43:54,818 [main] INFO  volume.HddsVolumeChecker (HddsVolumeChecker.java:checkAllVolumes(203)) - Scheduled health check for volume org.apache.hadoop.ozone.container.common.volume.HddsVolume@476fde05
2019-08-28 04:43:54,835 [main] INFO  impl.RaftServerProxy (ConfUtils.java:logGet(43)) - raft.rpc.type = GRPC (default)
2019-08-28 04:43:54,835 [main] INFO  grpc.GrpcFactory (GrpcFactory.java:checkPooledByteBufAllocatorUseCacheForAllThreads(45)) - PERFORMANCE WARNING: useCacheForAllThreads is true that may cause Netty to create a lot garbage objects and, as a result, trigger GC.
	It is recommended to disable useCacheForAllThreads by setting -Dorg.apache.ratis.thirdparty.io.netty.allocator.useCacheForAllThreads=false in command line.
2019-08-28 04:43:54,835 [main] INFO  grpc.GrpcConfigKeys$Server (ConfUtils.java:logGet(43)) - raft.grpc.server.port = 0 (default)
2019-08-28 04:43:54,836 [main] INFO  server.GrpcService (ConfUtils.java:logGet(43)) - raft.grpc.message.size.max = 33570816 (custom)
2019-08-28 04:43:54,836 [main] INFO  server.RaftServerConfigKeys (ConfUtils.java:logGet(43)) - raft.server.log.appender.buffer.byte-limit = 33554432 (custom)
2019-08-28 04:43:54,837 [main] INFO  server.GrpcService (ConfUtils.java:logGet(43)) - raft.grpc.flow.control.window = 1MB (=1048576) (default)
2019-08-28 04:43:54,837 [main] INFO  server.RaftServerConfigKeys (ConfUtils.java:logGet(43)) - raft.server.rpc.request.timeout = 3000ms (default)
2019-08-28 04:43:54,838 [main] INFO  server.RaftServerConfigKeys (ConfUtils.java:logGet(43)) - raft.server.storage.dir = [/workdir/hadoop-ozone/integration-test/target/test-dir/MiniOzoneClusterImpl-dee0cb60-1d83-42ef-98aa-30f750bc63a6/datanode-3/data/ratis] (custom)
2019-08-28 04:43:54,839 [main] INFO  replication.SimpleContainerDownloader (SimpleContainerDownloader.java:<init>(72)) - Starting container downloader service to copy containers to replicate.
2019-08-28 04:43:54,841 [main] INFO  hdfs.DFSUtil (DFSUtil.java:httpServerTemplateForNNAndJN(1641)) - Starting Web-server for hddsDatanode at: http://0.0.0.0:0
2019-08-28 04:43:54,842 [main] INFO  server.AuthenticationFilter (AuthenticationFilter.java:constructSecretProvider(240)) - Unable to initialize FileSignerSecretProvider, falling back to use random secrets.
2019-08-28 04:43:54,842 [main] WARN  http.HttpRequestLog (HttpRequestLog.java:getRequestLog(97)) - Jetty request log can only be enabled using Log4j
2019-08-28 04:43:54,844 [main] INFO  http.HttpServer2 (HttpServer2.java:addGlobalFilter(975)) - Added global filter 'safety' (class=org.apache.hadoop.http.HttpServer2$QuotingInputFilter)
2019-08-28 04:43:54,844 [main] INFO  http.HttpServer2 (HttpServer2.java:addFilter(948)) - Added filter static_user_filter (class=org.apache.hadoop.http.lib.StaticUserWebFilter$StaticUserFilter) to context hddsDatanode
2019-08-28 04:43:54,845 [main] INFO  http.HttpServer2 (HttpServer2.java:addFilter(958)) - Added filter static_user_filter (class=org.apache.hadoop.http.lib.StaticUserWebFilter$StaticUserFilter) to context logs
2019-08-28 04:43:54,845 [main] INFO  http.HttpServer2 (HttpServer2.java:addFilter(958)) - Added filter static_user_filter (class=org.apache.hadoop.http.lib.StaticUserWebFilter$StaticUserFilter) to context static
2019-08-28 04:43:54,846 [main] INFO  http.HttpServer2 (HttpServer2.java:bindListener(1191)) - Jetty bound to port 44516
2019-08-28 04:43:54,846 [main] INFO  server.Server (Server.java:doStart(351)) - jetty-9.3.24.v20180605, build timestamp: 2018-06-05T17:11:56Z, git hash: 84205aa28f11a4f31f2a3b86d1bba2cc8ab69827
2019-08-28 04:43:54,850 [main] INFO  handler.ContextHandler (ContextHandler.java:doStart(781)) - Started o.e.j.s.ServletContextHandler@4eeab3e{/logs,file:///workdir/hadoop-ozone/integration-test/target/log,AVAILABLE}
2019-08-28 04:43:54,851 [main] INFO  handler.ContextHandler (ContextHandler.java:doStart(781)) - Started o.e.j.s.ServletContextHandler@2eb0cefe{/static,jar:file:/home/user/.m2/repository/org/apache/hadoop/hadoop-hdds-container-service/0.5.0-SNAPSHOT/hadoop-hdds-container-service-0.5.0-SNAPSHOT.jar!/webapps/static,AVAILABLE}
2019-08-28 04:43:54,894 [main] INFO  handler.ContextHandler (ContextHandler.java:doStart(781)) - Started o.e.j.w.WebAppContext@544e3679{/,file:///tmp/jetty-0.0.0.0-44516-hddsDatanode-_-any-8227259084474393146.dir/webapp/,AVAILABLE}{/hddsDatanode}
2019-08-28 04:43:54,895 [main] INFO  server.AbstractConnector (AbstractConnector.java:doStart(278)) - Started ServerConnector@6889f56f{HTTP/1.1,[http/1.1]}{0.0.0.0:44516}
2019-08-28 04:43:54,896 [main] INFO  server.Server (Server.java:doStart(419)) - Started @7674ms
2019-08-28 04:43:54,897 [main] INFO  server.BaseHttpServer (BaseHttpServer.java:updateConnectorAddress(213)) - HTTP server of HDDSDATANODE is listening at http://0.0.0.0:44516
2019-08-28 04:43:55,037 | INFO  | ObjectStoreRestHttpServer | Listening HDDS REST traffic on /0.0.0.0:33032 |  
2019-08-28 04:43:55,038 [main] INFO  ozone.HddsDatanodeService (HddsDatanodeService.java:startPlugins(395)) - Started plug-in org.apache.hadoop.ozone.web.OzoneHddsDatanodeService@6af87130
2019-08-28 04:43:55,038 [main] INFO  impl.MetricsSystemImpl (MetricsSystemImpl.java:init(158)) - HddsDatanode metrics system started (again)
2019-08-28 04:43:55,042 [org.apache.hadoop.util.JvmPauseMonitor$Monitor@54c58783] INFO  util.JvmPauseMonitor (JvmPauseMonitor.java:run(188)) - Starting JVM pause monitor
2019-08-28 04:43:55,042 [main] INFO  ozone.HddsDatanodeService (HddsDatanodeService.java:start(184)) - HddsDatanodeService host:pr-hdds-2014-rr4xc-1992234301 ip:192.168.69.75
2019-08-28 04:43:55,045 [Datanode State Machine Thread - 0] INFO  datanode.InitDatanodeState (InitDatanodeState.java:persistContainerDatanodeDetails(140)) - DatanodeDetails is persisted to /workdir/hadoop-ozone/integration-test/target/test-dir/MiniOzoneClusterImpl-dee0cb60-1d83-42ef-98aa-30f750bc63a6/datanode-3/meta/datanode.id
2019-08-28 04:43:55,050 [main] INFO  volume.HddsVolume (HddsVolume.java:<init>(176)) - Creating Volume: /workdir/hadoop-ozone/integration-test/target/test-dir/MiniOzoneClusterImpl-dee0cb60-1d83-42ef-98aa-30f750bc63a6/datanode-4/data/containers/hdds of  storage type : DISK and capacity : 1482555576320
2019-08-28 04:43:55,050 [main] INFO  volume.VolumeSet (VolumeSet.java:initializeVolumeSet(170)) - Added Volume : /workdir/hadoop-ozone/integration-test/target/test-dir/MiniOzoneClusterImpl-dee0cb60-1d83-42ef-98aa-30f750bc63a6/datanode-4/data/containers/hdds to VolumeSet
2019-08-28 04:43:55,051 [main] INFO  volume.ThrottledAsyncChecker (ThrottledAsyncChecker.java:schedule(140)) - Scheduling a check for org.apache.hadoop.ozone.container.common.volume.HddsVolume@34f7b44f
2019-08-28 04:43:55,051 [main] INFO  volume.HddsVolumeChecker (HddsVolumeChecker.java:checkAllVolumes(203)) - Scheduled health check for volume org.apache.hadoop.ozone.container.common.volume.HddsVolume@34f7b44f
2019-08-28 04:43:55,075 [main] INFO  impl.RaftServerProxy (ConfUtils.java:logGet(43)) - raft.rpc.type = GRPC (default)
2019-08-28 04:43:55,075 [main] INFO  grpc.GrpcFactory (GrpcFactory.java:checkPooledByteBufAllocatorUseCacheForAllThreads(45)) - PERFORMANCE WARNING: useCacheForAllThreads is true that may cause Netty to create a lot garbage objects and, as a result, trigger GC.
	It is recommended to disable useCacheForAllThreads by setting -Dorg.apache.ratis.thirdparty.io.netty.allocator.useCacheForAllThreads=false in command line.
2019-08-28 04:43:55,075 [main] INFO  grpc.GrpcConfigKeys$Server (ConfUtils.java:logGet(43)) - raft.grpc.server.port = 0 (default)
2019-08-28 04:43:55,076 [main] INFO  server.GrpcService (ConfUtils.java:logGet(43)) - raft.grpc.message.size.max = 33570816 (custom)
2019-08-28 04:43:55,076 [main] INFO  server.RaftServerConfigKeys (ConfUtils.java:logGet(43)) - raft.server.log.appender.buffer.byte-limit = 33554432 (custom)
2019-08-28 04:43:55,076 [main] INFO  server.GrpcService (ConfUtils.java:logGet(43)) - raft.grpc.flow.control.window = 1MB (=1048576) (default)
2019-08-28 04:43:55,077 [main] INFO  server.RaftServerConfigKeys (ConfUtils.java:logGet(43)) - raft.server.rpc.request.timeout = 3000ms (default)
2019-08-28 04:43:55,077 [main] INFO  server.RaftServerConfigKeys (ConfUtils.java:logGet(43)) - raft.server.storage.dir = [/workdir/hadoop-ozone/integration-test/target/test-dir/MiniOzoneClusterImpl-dee0cb60-1d83-42ef-98aa-30f750bc63a6/datanode-4/data/ratis] (custom)
2019-08-28 04:43:55,078 [main] INFO  replication.SimpleContainerDownloader (SimpleContainerDownloader.java:<init>(72)) - Starting container downloader service to copy containers to replicate.
2019-08-28 04:43:55,080 [main] INFO  hdfs.DFSUtil (DFSUtil.java:httpServerTemplateForNNAndJN(1641)) - Starting Web-server for hddsDatanode at: http://0.0.0.0:0
2019-08-28 04:43:55,081 [main] INFO  server.AuthenticationFilter (AuthenticationFilter.java:constructSecretProvider(240)) - Unable to initialize FileSignerSecretProvider, falling back to use random secrets.
2019-08-28 04:43:55,082 [main] WARN  http.HttpRequestLog (HttpRequestLog.java:getRequestLog(97)) - Jetty request log can only be enabled using Log4j
2019-08-28 04:43:55,083 [main] INFO  http.HttpServer2 (HttpServer2.java:addGlobalFilter(975)) - Added global filter 'safety' (class=org.apache.hadoop.http.HttpServer2$QuotingInputFilter)
2019-08-28 04:43:55,084 [main] INFO  http.HttpServer2 (HttpServer2.java:addFilter(948)) - Added filter static_user_filter (class=org.apache.hadoop.http.lib.StaticUserWebFilter$StaticUserFilter) to context hddsDatanode
2019-08-28 04:43:55,084 [main] INFO  http.HttpServer2 (HttpServer2.java:addFilter(958)) - Added filter static_user_filter (class=org.apache.hadoop.http.lib.StaticUserWebFilter$StaticUserFilter) to context logs
2019-08-28 04:43:55,084 [main] INFO  http.HttpServer2 (HttpServer2.java:addFilter(958)) - Added filter static_user_filter (class=org.apache.hadoop.http.lib.StaticUserWebFilter$StaticUserFilter) to context static
2019-08-28 04:43:55,085 [main] INFO  http.HttpServer2 (HttpServer2.java:bindListener(1191)) - Jetty bound to port 38615
2019-08-28 04:43:55,085 [main] INFO  server.Server (Server.java:doStart(351)) - jetty-9.3.24.v20180605, build timestamp: 2018-06-05T17:11:56Z, git hash: 84205aa28f11a4f31f2a3b86d1bba2cc8ab69827
2019-08-28 04:43:55,087 [main] INFO  handler.ContextHandler (ContextHandler.java:doStart(781)) - Started o.e.j.s.ServletContextHandler@191ec193{/logs,file:///workdir/hadoop-ozone/integration-test/target/log,AVAILABLE}
2019-08-28 04:43:55,088 [main] INFO  handler.ContextHandler (ContextHandler.java:doStart(781)) - Started o.e.j.s.ServletContextHandler@1c7f9861{/static,jar:file:/home/user/.m2/repository/org/apache/hadoop/hadoop-hdds-container-service/0.5.0-SNAPSHOT/hadoop-hdds-container-service-0.5.0-SNAPSHOT.jar!/webapps/static,AVAILABLE}
2019-08-28 04:43:55,117 [main] INFO  handler.ContextHandler (ContextHandler.java:doStart(781)) - Started o.e.j.w.WebAppContext@4eb9ae4d{/,file:///tmp/jetty-0.0.0.0-38615-hddsDatanode-_-any-6508282035452651543.dir/webapp/,AVAILABLE}{/hddsDatanode}
2019-08-28 04:43:55,117 [main] INFO  server.AbstractConnector (AbstractConnector.java:doStart(278)) - Started ServerConnector@5520f675{HTTP/1.1,[http/1.1]}{0.0.0.0:38615}
2019-08-28 04:43:55,118 [main] INFO  server.Server (Server.java:doStart(419)) - Started @7896ms
2019-08-28 04:43:55,119 [main] INFO  server.BaseHttpServer (BaseHttpServer.java:updateConnectorAddress(213)) - HTTP server of HDDSDATANODE is listening at http://0.0.0.0:38615
2019-08-28 04:43:55,282 | INFO  | ObjectStoreRestHttpServer | Listening HDDS REST traffic on /0.0.0.0:36327 |  
2019-08-28 04:43:55,282 [main] INFO  ozone.HddsDatanodeService (HddsDatanodeService.java:startPlugins(395)) - Started plug-in org.apache.hadoop.ozone.web.OzoneHddsDatanodeService@4662752a
2019-08-28 04:43:55,283 [main] INFO  impl.MetricsSystemImpl (MetricsSystemImpl.java:init(158)) - HddsDatanode metrics system started (again)
2019-08-28 04:43:55,287 [org.apache.hadoop.util.JvmPauseMonitor$Monitor@3c3355fc] INFO  util.JvmPauseMonitor (JvmPauseMonitor.java:run(188)) - Starting JVM pause monitor
2019-08-28 04:43:55,287 [main] INFO  ozone.HddsDatanodeService (HddsDatanodeService.java:start(184)) - HddsDatanodeService host:pr-hdds-2014-rr4xc-1992234301 ip:192.168.69.75
2019-08-28 04:43:55,290 [Datanode State Machine Thread - 0] INFO  datanode.InitDatanodeState (InitDatanodeState.java:persistContainerDatanodeDetails(140)) - DatanodeDetails is persisted to /workdir/hadoop-ozone/integration-test/target/test-dir/MiniOzoneClusterImpl-dee0cb60-1d83-42ef-98aa-30f750bc63a6/datanode-4/meta/datanode.id
2019-08-28 04:43:55,298 [main] INFO  volume.HddsVolume (HddsVolume.java:<init>(176)) - Creating Volume: /workdir/hadoop-ozone/integration-test/target/test-dir/MiniOzoneClusterImpl-dee0cb60-1d83-42ef-98aa-30f750bc63a6/datanode-5/data/containers/hdds of  storage type : DISK and capacity : 1482555576320
2019-08-28 04:43:55,298 [main] INFO  volume.VolumeSet (VolumeSet.java:initializeVolumeSet(170)) - Added Volume : /workdir/hadoop-ozone/integration-test/target/test-dir/MiniOzoneClusterImpl-dee0cb60-1d83-42ef-98aa-30f750bc63a6/datanode-5/data/containers/hdds to VolumeSet
2019-08-28 04:43:55,299 [main] INFO  volume.ThrottledAsyncChecker (ThrottledAsyncChecker.java:schedule(140)) - Scheduling a check for org.apache.hadoop.ozone.container.common.volume.HddsVolume@10a907ec
2019-08-28 04:43:55,299 [main] INFO  volume.HddsVolumeChecker (HddsVolumeChecker.java:checkAllVolumes(203)) - Scheduled health check for volume org.apache.hadoop.ozone.container.common.volume.HddsVolume@10a907ec
2019-08-28 04:43:55,314 [main] INFO  impl.RaftServerProxy (ConfUtils.java:logGet(43)) - raft.rpc.type = GRPC (default)
2019-08-28 04:43:55,314 [main] INFO  grpc.GrpcFactory (GrpcFactory.java:checkPooledByteBufAllocatorUseCacheForAllThreads(45)) - PERFORMANCE WARNING: useCacheForAllThreads is true that may cause Netty to create a lot garbage objects and, as a result, trigger GC.
	It is recommended to disable useCacheForAllThreads by setting -Dorg.apache.ratis.thirdparty.io.netty.allocator.useCacheForAllThreads=false in command line.
2019-08-28 04:43:55,315 [main] INFO  grpc.GrpcConfigKeys$Server (ConfUtils.java:logGet(43)) - raft.grpc.server.port = 0 (default)
2019-08-28 04:43:55,315 [main] INFO  server.GrpcService (ConfUtils.java:logGet(43)) - raft.grpc.message.size.max = 33570816 (custom)
2019-08-28 04:43:55,315 [main] INFO  server.RaftServerConfigKeys (ConfUtils.java:logGet(43)) - raft.server.log.appender.buffer.byte-limit = 33554432 (custom)
2019-08-28 04:43:55,315 [main] INFO  server.GrpcService (ConfUtils.java:logGet(43)) - raft.grpc.flow.control.window = 1MB (=1048576) (default)
2019-08-28 04:43:55,316 [main] INFO  server.RaftServerConfigKeys (ConfUtils.java:logGet(43)) - raft.server.rpc.request.timeout = 3000ms (default)
2019-08-28 04:43:55,316 [main] INFO  server.RaftServerConfigKeys (ConfUtils.java:logGet(43)) - raft.server.storage.dir = [/workdir/hadoop-ozone/integration-test/target/test-dir/MiniOzoneClusterImpl-dee0cb60-1d83-42ef-98aa-30f750bc63a6/datanode-5/data/ratis] (custom)
2019-08-28 04:43:55,317 [main] INFO  replication.SimpleContainerDownloader (SimpleContainerDownloader.java:<init>(72)) - Starting container downloader service to copy containers to replicate.
2019-08-28 04:43:55,318 [main] INFO  hdfs.DFSUtil (DFSUtil.java:httpServerTemplateForNNAndJN(1641)) - Starting Web-server for hddsDatanode at: http://0.0.0.0:0
2019-08-28 04:43:55,320 [main] INFO  server.AuthenticationFilter (AuthenticationFilter.java:constructSecretProvider(240)) - Unable to initialize FileSignerSecretProvider, falling back to use random secrets.
2019-08-28 04:43:55,321 [main] WARN  http.HttpRequestLog (HttpRequestLog.java:getRequestLog(97)) - Jetty request log can only be enabled using Log4j
2019-08-28 04:43:55,323 [main] INFO  http.HttpServer2 (HttpServer2.java:addGlobalFilter(975)) - Added global filter 'safety' (class=org.apache.hadoop.http.HttpServer2$QuotingInputFilter)
2019-08-28 04:43:55,324 [main] INFO  http.HttpServer2 (HttpServer2.java:addFilter(948)) - Added filter static_user_filter (class=org.apache.hadoop.http.lib.StaticUserWebFilter$StaticUserFilter) to context hddsDatanode
2019-08-28 04:43:55,324 [main] INFO  http.HttpServer2 (HttpServer2.java:addFilter(958)) - Added filter static_user_filter (class=org.apache.hadoop.http.lib.StaticUserWebFilter$StaticUserFilter) to context static
2019-08-28 04:43:55,324 [main] INFO  http.HttpServer2 (HttpServer2.java:addFilter(958)) - Added filter static_user_filter (class=org.apache.hadoop.http.lib.StaticUserWebFilter$StaticUserFilter) to context logs
2019-08-28 04:43:55,325 [main] INFO  http.HttpServer2 (HttpServer2.java:bindListener(1191)) - Jetty bound to port 37984
2019-08-28 04:43:55,326 [main] INFO  server.Server (Server.java:doStart(351)) - jetty-9.3.24.v20180605, build timestamp: 2018-06-05T17:11:56Z, git hash: 84205aa28f11a4f31f2a3b86d1bba2cc8ab69827
2019-08-28 04:43:55,328 [main] INFO  handler.ContextHandler (ContextHandler.java:doStart(781)) - Started o.e.j.s.ServletContextHandler@4f5c30b1{/logs,file:///workdir/hadoop-ozone/integration-test/target/log,AVAILABLE}
2019-08-28 04:43:55,328 [main] INFO  handler.ContextHandler (ContextHandler.java:doStart(781)) - Started o.e.j.s.ServletContextHandler@5d7f8467{/static,jar:file:/home/user/.m2/repository/org/apache/hadoop/hadoop-hdds-container-service/0.5.0-SNAPSHOT/hadoop-hdds-container-service-0.5.0-SNAPSHOT.jar!/webapps/static,AVAILABLE}
2019-08-28 04:43:55,374 [main] INFO  handler.ContextHandler (ContextHandler.java:doStart(781)) - Started o.e.j.w.WebAppContext@2a484710{/,file:///tmp/jetty-0.0.0.0-37984-hddsDatanode-_-any-5880945054357572497.dir/webapp/,AVAILABLE}{/hddsDatanode}
2019-08-28 04:43:55,376 [main] INFO  server.AbstractConnector (AbstractConnector.java:doStart(278)) - Started ServerConnector@661e1399{HTTP/1.1,[http/1.1]}{0.0.0.0:37984}
2019-08-28 04:43:55,376 [main] INFO  server.Server (Server.java:doStart(419)) - Started @8154ms
2019-08-28 04:43:55,377 [main] INFO  server.BaseHttpServer (BaseHttpServer.java:updateConnectorAddress(213)) - HTTP server of HDDSDATANODE is listening at http://0.0.0.0:37984
2019-08-28 04:43:55,649 | INFO  | ObjectStoreRestHttpServer | Listening HDDS REST traffic on /0.0.0.0:41805 |  
2019-08-28 04:43:55,649 [main] INFO  ozone.HddsDatanodeService (HddsDatanodeService.java:startPlugins(395)) - Started plug-in org.apache.hadoop.ozone.web.OzoneHddsDatanodeService@6e8f2094
2019-08-28 04:43:55,650 [main] INFO  impl.MetricsSystemImpl (MetricsSystemImpl.java:init(158)) - HddsDatanode metrics system started (again)
2019-08-28 04:43:55,654 [org.apache.hadoop.util.JvmPauseMonitor$Monitor@494cd26d] INFO  util.JvmPauseMonitor (JvmPauseMonitor.java:run(188)) - Starting JVM pause monitor
2019-08-28 04:43:55,654 [main] INFO  ozone.HddsDatanodeService (HddsDatanodeService.java:start(184)) - HddsDatanodeService host:pr-hdds-2014-rr4xc-1992234301 ip:192.168.69.75
2019-08-28 04:43:55,657 [Datanode State Machine Thread - 0] INFO  datanode.InitDatanodeState (InitDatanodeState.java:persistContainerDatanodeDetails(140)) - DatanodeDetails is persisted to /workdir/hadoop-ozone/integration-test/target/test-dir/MiniOzoneClusterImpl-dee0cb60-1d83-42ef-98aa-30f750bc63a6/datanode-5/meta/datanode.id
2019-08-28 04:43:55,661 [main] INFO  volume.HddsVolume (HddsVolume.java:<init>(176)) - Creating Volume: /workdir/hadoop-ozone/integration-test/target/test-dir/MiniOzoneClusterImpl-dee0cb60-1d83-42ef-98aa-30f750bc63a6/datanode-6/data/containers/hdds of  storage type : DISK and capacity : 1482555576320
2019-08-28 04:43:55,661 [main] INFO  volume.VolumeSet (VolumeSet.java:initializeVolumeSet(170)) - Added Volume : /workdir/hadoop-ozone/integration-test/target/test-dir/MiniOzoneClusterImpl-dee0cb60-1d83-42ef-98aa-30f750bc63a6/datanode-6/data/containers/hdds to VolumeSet
2019-08-28 04:43:55,661 [main] INFO  volume.ThrottledAsyncChecker (ThrottledAsyncChecker.java:schedule(140)) - Scheduling a check for org.apache.hadoop.ozone.container.common.volume.HddsVolume@58601e7a
2019-08-28 04:43:55,662 [main] INFO  volume.HddsVolumeChecker (HddsVolumeChecker.java:checkAllVolumes(203)) - Scheduled health check for volume org.apache.hadoop.ozone.container.common.volume.HddsVolume@58601e7a
2019-08-28 04:43:55,675 [main] INFO  impl.RaftServerProxy (ConfUtils.java:logGet(43)) - raft.rpc.type = GRPC (default)
2019-08-28 04:43:55,675 [main] INFO  grpc.GrpcFactory (GrpcFactory.java:checkPooledByteBufAllocatorUseCacheForAllThreads(45)) - PERFORMANCE WARNING: useCacheForAllThreads is true that may cause Netty to create a lot garbage objects and, as a result, trigger GC.
	It is recommended to disable useCacheForAllThreads by setting -Dorg.apache.ratis.thirdparty.io.netty.allocator.useCacheForAllThreads=false in command line.
2019-08-28 04:43:55,676 [main] INFO  grpc.GrpcConfigKeys$Server (ConfUtils.java:logGet(43)) - raft.grpc.server.port = 0 (default)
2019-08-28 04:43:55,676 [main] INFO  server.GrpcService (ConfUtils.java:logGet(43)) - raft.grpc.message.size.max = 33570816 (custom)
2019-08-28 04:43:55,676 [main] INFO  server.RaftServerConfigKeys (ConfUtils.java:logGet(43)) - raft.server.log.appender.buffer.byte-limit = 33554432 (custom)
2019-08-28 04:43:55,676 [main] INFO  server.GrpcService (ConfUtils.java:logGet(43)) - raft.grpc.flow.control.window = 1MB (=1048576) (default)
2019-08-28 04:43:55,676 [main] INFO  server.RaftServerConfigKeys (ConfUtils.java:logGet(43)) - raft.server.rpc.request.timeout = 3000ms (default)
2019-08-28 04:43:55,677 [main] INFO  server.RaftServerConfigKeys (ConfUtils.java:logGet(43)) - raft.server.storage.dir = [/workdir/hadoop-ozone/integration-test/target/test-dir/MiniOzoneClusterImpl-dee0cb60-1d83-42ef-98aa-30f750bc63a6/datanode-6/data/ratis] (custom)
2019-08-28 04:43:55,678 [main] INFO  replication.SimpleContainerDownloader (SimpleContainerDownloader.java:<init>(72)) - Starting container downloader service to copy containers to replicate.
2019-08-28 04:43:55,679 [main] INFO  hdfs.DFSUtil (DFSUtil.java:httpServerTemplateForNNAndJN(1641)) - Starting Web-server for hddsDatanode at: http://0.0.0.0:0
2019-08-28 04:43:55,680 [main] INFO  server.AuthenticationFilter (AuthenticationFilter.java:constructSecretProvider(240)) - Unable to initialize FileSignerSecretProvider, falling back to use random secrets.
2019-08-28 04:43:55,681 [main] WARN  http.HttpRequestLog (HttpRequestLog.java:getRequestLog(97)) - Jetty request log can only be enabled using Log4j
2019-08-28 04:43:55,682 [main] INFO  http.HttpServer2 (HttpServer2.java:addGlobalFilter(975)) - Added global filter 'safety' (class=org.apache.hadoop.http.HttpServer2$QuotingInputFilter)
2019-08-28 04:43:55,682 [main] INFO  http.HttpServer2 (HttpServer2.java:addFilter(948)) - Added filter static_user_filter (class=org.apache.hadoop.http.lib.StaticUserWebFilter$StaticUserFilter) to context hddsDatanode
2019-08-28 04:43:55,683 [main] INFO  http.HttpServer2 (HttpServer2.java:addFilter(958)) - Added filter static_user_filter (class=org.apache.hadoop.http.lib.StaticUserWebFilter$StaticUserFilter) to context static
2019-08-28 04:43:55,683 [main] INFO  http.HttpServer2 (HttpServer2.java:addFilter(958)) - Added filter static_user_filter (class=org.apache.hadoop.http.lib.StaticUserWebFilter$StaticUserFilter) to context logs
2019-08-28 04:43:55,683 [main] INFO  http.HttpServer2 (HttpServer2.java:bindListener(1191)) - Jetty bound to port 38595
2019-08-28 04:43:55,684 [main] INFO  server.Server (Server.java:doStart(351)) - jetty-9.3.24.v20180605, build timestamp: 2018-06-05T17:11:56Z, git hash: 84205aa28f11a4f31f2a3b86d1bba2cc8ab69827
2019-08-28 04:43:55,685 [main] INFO  handler.ContextHandler (ContextHandler.java:doStart(781)) - Started o.e.j.s.ServletContextHandler@6a7a1a0d{/logs,file:///workdir/hadoop-ozone/integration-test/target/log,AVAILABLE}
2019-08-28 04:43:55,686 [main] INFO  handler.ContextHandler (ContextHandler.java:doStart(781)) - Started o.e.j.s.ServletContextHandler@76e6c070{/static,jar:file:/home/user/.m2/repository/org/apache/hadoop/hadoop-hdds-container-service/0.5.0-SNAPSHOT/hadoop-hdds-container-service-0.5.0-SNAPSHOT.jar!/webapps/static,AVAILABLE}
2019-08-28 04:43:55,713 [main] INFO  handler.ContextHandler (ContextHandler.java:doStart(781)) - Started o.e.j.w.WebAppContext@6ee37ca7{/,file:///tmp/jetty-0.0.0.0-38595-hddsDatanode-_-any-2825519673806597703.dir/webapp/,AVAILABLE}{/hddsDatanode}
2019-08-28 04:43:55,714 [main] INFO  server.AbstractConnector (AbstractConnector.java:doStart(278)) - Started ServerConnector@6775c0d1{HTTP/1.1,[http/1.1]}{0.0.0.0:38595}
2019-08-28 04:43:55,715 [main] INFO  server.Server (Server.java:doStart(419)) - Started @8492ms
2019-08-28 04:43:55,715 [main] INFO  server.BaseHttpServer (BaseHttpServer.java:updateConnectorAddress(213)) - HTTP server of HDDSDATANODE is listening at http://0.0.0.0:38595
2019-08-28 04:43:55,836 | INFO  | ObjectStoreRestHttpServer | Listening HDDS REST traffic on /0.0.0.0:45067 |  
2019-08-28 04:43:55,837 [main] INFO  ozone.HddsDatanodeService (HddsDatanodeService.java:startPlugins(395)) - Started plug-in org.apache.hadoop.ozone.web.OzoneHddsDatanodeService@7f8c3646
2019-08-28 04:43:55,840 [main] INFO  ozone.MiniOzoneClusterImpl (MiniOzoneClusterImpl.java:lambda$waitForClusterToBeReady$0(142)) - Waiting for cluster to be ready. Got 0 of 7 DN Heartbeats.
2019-08-28 04:43:55,840 [org.apache.hadoop.util.JvmPauseMonitor$Monitor@1da6fb9a] INFO  util.JvmPauseMonitor (JvmPauseMonitor.java:run(188)) - Starting JVM pause monitor
2019-08-28 04:43:55,843 [Datanode State Machine Thread - 0] INFO  datanode.InitDatanodeState (InitDatanodeState.java:persistContainerDatanodeDetails(140)) - DatanodeDetails is persisted to /workdir/hadoop-ozone/integration-test/target/test-dir/MiniOzoneClusterImpl-dee0cb60-1d83-42ef-98aa-30f750bc63a6/datanode-6/meta/datanode.id
2019-08-28 04:43:56,361 | INFO  | SCMAudit | user=jenkins1000 | ip=192.168.69.75 | op=GET_VERSION null | ret=SUCCESS |  
2019-08-28 04:43:56,403 [Datanode State Machine Thread - 0] INFO  ozoneimpl.OzoneContainer (OzoneContainer.java:start(186)) - Attempting to start container services.
2019-08-28 04:43:56,405 [Datanode State Machine Thread - 0] INFO  ozoneimpl.OzoneContainer (OzoneContainer.java:startContainerScrub(160)) - Background container scrubber has been disabled by hdds.containerscrub.enabled
2019-08-28 04:43:56,405 [Datanode State Machine Thread - 0] INFO  ratis.XceiverServerRatis (XceiverServerRatis.java:start(404)) - Starting XceiverServerRatis 3aa4c088-6d9c-4e45-8699-9552fa9982bb at port 0
2019-08-28 04:43:56,427 [Datanode State Machine Thread - 0] INFO  impl.RaftServerProxy (RaftServerProxy.java:lambda$start$3(299)) - 3aa4c088-6d9c-4e45-8699-9552fa9982bb: start RPC server
2019-08-28 04:43:56,559 [Datanode State Machine Thread - 0] INFO  server.GrpcService (GrpcService.java:startImpl(149)) - 3aa4c088-6d9c-4e45-8699-9552fa9982bb: GrpcService started, listening on 0.0.0.0/0.0.0.0:35133
2019-08-28 04:43:56,561 [Datanode State Machine Thread - 0] INFO  ratis.XceiverServerRatis (XceiverServerRatis.java:start(414)) - XceiverServerRatis 3aa4c088-6d9c-4e45-8699-9552fa9982bb is started using port 35133
2019-08-28 04:43:56,564 [Datanode State Machine Thread - 0] INFO  server.XceiverServerGrpc (XceiverServerGrpc.java:start(161)) - XceiverServerGrpc 3aa4c088-6d9c-4e45-8699-9552fa9982bb is started using port 32810
2019-08-28 04:43:56,579 | INFO  | SCMAudit | user=jenkins1000 | ip=192.168.69.75 | op=GET_VERSION null | ret=SUCCESS |  
2019-08-28 04:43:56,593 [Datanode State Machine Thread - 0] INFO  ozoneimpl.OzoneContainer (OzoneContainer.java:start(186)) - Attempting to start container services.
2019-08-28 04:43:56,596 [Datanode State Machine Thread - 0] INFO  ozoneimpl.OzoneContainer (OzoneContainer.java:startContainerScrub(160)) - Background container scrubber has been disabled by hdds.containerscrub.enabled
2019-08-28 04:43:56,596 [Datanode State Machine Thread - 0] INFO  ratis.XceiverServerRatis (XceiverServerRatis.java:start(404)) - Starting XceiverServerRatis 025d69ad-6f0c-4e69-9dfc-3a983de9ebc7 at port 0
2019-08-28 04:43:56,606 [Datanode State Machine Thread - 0] INFO  impl.RaftServerProxy (RaftServerProxy.java:lambda$start$3(299)) - 025d69ad-6f0c-4e69-9dfc-3a983de9ebc7: start RPC server
2019-08-28 04:43:56,610 [Datanode State Machine Thread - 0] INFO  server.GrpcService (GrpcService.java:startImpl(149)) - 025d69ad-6f0c-4e69-9dfc-3a983de9ebc7: GrpcService started, listening on 0.0.0.0/0.0.0.0:36131
2019-08-28 04:43:56,610 [Datanode State Machine Thread - 0] INFO  ratis.XceiverServerRatis (XceiverServerRatis.java:start(414)) - XceiverServerRatis 025d69ad-6f0c-4e69-9dfc-3a983de9ebc7 is started using port 36131
2019-08-28 04:43:56,613 [Datanode State Machine Thread - 0] INFO  server.XceiverServerGrpc (XceiverServerGrpc.java:start(161)) - XceiverServerGrpc 025d69ad-6f0c-4e69-9dfc-3a983de9ebc7 is started using port 43636
2019-08-28 04:43:56,811 | INFO  | SCMAudit | user=jenkins1000 | ip=192.168.69.75 | op=GET_VERSION null | ret=SUCCESS |  
2019-08-28 04:43:56,826 [Datanode State Machine Thread - 0] INFO  ozoneimpl.OzoneContainer (OzoneContainer.java:start(186)) - Attempting to start container services.
2019-08-28 04:43:56,834 [Datanode State Machine Thread - 0] INFO  ozoneimpl.OzoneContainer (OzoneContainer.java:startContainerScrub(160)) - Background container scrubber has been disabled by hdds.containerscrub.enabled
2019-08-28 04:43:56,835 [Datanode State Machine Thread - 0] INFO  ratis.XceiverServerRatis (XceiverServerRatis.java:start(404)) - Starting XceiverServerRatis f5b518e1-81ed-4539-890c-23fde7b7af4e at port 0
2019-08-28 04:43:56,840 [main] INFO  ozone.MiniOzoneClusterImpl (MiniOzoneClusterImpl.java:lambda$waitForClusterToBeReady$0(142)) - Waiting for cluster to be ready. Got 0 of 7 DN Heartbeats.
2019-08-28 04:43:56,849 [Datanode State Machine Thread - 0] INFO  impl.RaftServerProxy (RaftServerProxy.java:lambda$start$3(299)) - f5b518e1-81ed-4539-890c-23fde7b7af4e: start RPC server
2019-08-28 04:43:56,852 [Datanode State Machine Thread - 0] INFO  server.GrpcService (GrpcService.java:startImpl(149)) - f5b518e1-81ed-4539-890c-23fde7b7af4e: GrpcService started, listening on 0.0.0.0/0.0.0.0:40482
2019-08-28 04:43:56,852 [Datanode State Machine Thread - 0] INFO  ratis.XceiverServerRatis (XceiverServerRatis.java:start(414)) - XceiverServerRatis f5b518e1-81ed-4539-890c-23fde7b7af4e is started using port 40482
2019-08-28 04:43:56,854 [Datanode State Machine Thread - 0] INFO  server.XceiverServerGrpc (XceiverServerGrpc.java:start(161)) - XceiverServerGrpc f5b518e1-81ed-4539-890c-23fde7b7af4e is started using port 37457
2019-08-28 04:43:57,045 | INFO  | SCMAudit | user=jenkins1000 | ip=192.168.69.75 | op=GET_VERSION null | ret=SUCCESS |  
2019-08-28 04:43:57,059 [Datanode State Machine Thread - 0] INFO  ozoneimpl.OzoneContainer (OzoneContainer.java:start(186)) - Attempting to start container services.
2019-08-28 04:43:57,060 [Datanode State Machine Thread - 0] INFO  ozoneimpl.OzoneContainer (OzoneContainer.java:startContainerScrub(160)) - Background container scrubber has been disabled by hdds.containerscrub.enabled
2019-08-28 04:43:57,060 [Datanode State Machine Thread - 0] INFO  ratis.XceiverServerRatis (XceiverServerRatis.java:start(404)) - Starting XceiverServerRatis 8dbdf2d3-0592-4172-9c9d-ce42eb2799ca at port 0
2019-08-28 04:43:57,070 [Datanode State Machine Thread - 0] INFO  impl.RaftServerProxy (RaftServerProxy.java:lambda$start$3(299)) - 8dbdf2d3-0592-4172-9c9d-ce42eb2799ca: start RPC server
2019-08-28 04:43:57,075 [Datanode State Machine Thread - 0] INFO  server.GrpcService (GrpcService.java:startImpl(149)) - 8dbdf2d3-0592-4172-9c9d-ce42eb2799ca: GrpcService started, listening on 0.0.0.0/0.0.0.0:46585
2019-08-28 04:43:57,075 [Datanode State Machine Thread - 0] INFO  ratis.XceiverServerRatis (XceiverServerRatis.java:start(414)) - XceiverServerRatis 8dbdf2d3-0592-4172-9c9d-ce42eb2799ca is started using port 46585
2019-08-28 04:43:57,078 [Datanode State Machine Thread - 0] INFO  server.XceiverServerGrpc (XceiverServerGrpc.java:start(161)) - XceiverServerGrpc 8dbdf2d3-0592-4172-9c9d-ce42eb2799ca is started using port 39359
2019-08-28 04:43:57,290 | INFO  | SCMAudit | user=jenkins1000 | ip=192.168.69.75 | op=GET_VERSION null | ret=SUCCESS |  
2019-08-28 04:43:57,316 [Datanode State Machine Thread - 0] INFO  ozoneimpl.OzoneContainer (OzoneContainer.java:start(186)) - Attempting to start container services.
2019-08-28 04:43:57,317 [Datanode State Machine Thread - 0] INFO  ozoneimpl.OzoneContainer (OzoneContainer.java:startContainerScrub(160)) - Background container scrubber has been disabled by hdds.containerscrub.enabled
2019-08-28 04:43:57,317 [Datanode State Machine Thread - 0] INFO  ratis.XceiverServerRatis (XceiverServerRatis.java:start(404)) - Starting XceiverServerRatis f4072c9f-a22f-4281-b53d-4a46edeec81c at port 0
2019-08-28 04:43:57,325 [Datanode State Machine Thread - 0] INFO  impl.RaftServerProxy (RaftServerProxy.java:lambda$start$3(299)) - f4072c9f-a22f-4281-b53d-4a46edeec81c: start RPC server
2019-08-28 04:43:57,330 [Datanode State Machine Thread - 0] INFO  server.GrpcService (GrpcService.java:startImpl(149)) - f4072c9f-a22f-4281-b53d-4a46edeec81c: GrpcService started, listening on 0.0.0.0/0.0.0.0:43176
2019-08-28 04:43:57,330 [Datanode State Machine Thread - 0] INFO  ratis.XceiverServerRatis (XceiverServerRatis.java:start(414)) - XceiverServerRatis f4072c9f-a22f-4281-b53d-4a46edeec81c is started using port 43176
2019-08-28 04:43:57,333 [Datanode State Machine Thread - 0] INFO  server.XceiverServerGrpc (XceiverServerGrpc.java:start(161)) - XceiverServerGrpc f4072c9f-a22f-4281-b53d-4a46edeec81c is started using port 46143
2019-08-28 04:43:57,658 | INFO  | SCMAudit | user=jenkins1000 | ip=192.168.69.75 | op=GET_VERSION null | ret=SUCCESS |  
2019-08-28 04:43:57,672 [Datanode State Machine Thread - 0] INFO  ozoneimpl.OzoneContainer (OzoneContainer.java:start(186)) - Attempting to start container services.
2019-08-28 04:43:57,672 [Datanode State Machine Thread - 0] INFO  ozoneimpl.OzoneContainer (OzoneContainer.java:startContainerScrub(160)) - Background container scrubber has been disabled by hdds.containerscrub.enabled
2019-08-28 04:43:57,672 [Datanode State Machine Thread - 0] INFO  ratis.XceiverServerRatis (XceiverServerRatis.java:start(404)) - Starting XceiverServerRatis aaa2da48-ccc8-4121-a1a5-30f8a5c77378 at port 0
2019-08-28 04:43:57,681 [Datanode State Machine Thread - 0] INFO  impl.RaftServerProxy (RaftServerProxy.java:lambda$start$3(299)) - aaa2da48-ccc8-4121-a1a5-30f8a5c77378: start RPC server
2019-08-28 04:43:57,685 [Datanode State Machine Thread - 0] INFO  server.GrpcService (GrpcService.java:startImpl(149)) - aaa2da48-ccc8-4121-a1a5-30f8a5c77378: GrpcService started, listening on 0.0.0.0/0.0.0.0:42496
2019-08-28 04:43:57,685 [Datanode State Machine Thread - 0] INFO  ratis.XceiverServerRatis (XceiverServerRatis.java:start(414)) - XceiverServerRatis aaa2da48-ccc8-4121-a1a5-30f8a5c77378 is started using port 42496
2019-08-28 04:43:57,689 [Datanode State Machine Thread - 0] INFO  server.XceiverServerGrpc (XceiverServerGrpc.java:start(161)) - XceiverServerGrpc aaa2da48-ccc8-4121-a1a5-30f8a5c77378 is started using port 44328
2019-08-28 04:43:57,841 [main] INFO  ozone.MiniOzoneClusterImpl (MiniOzoneClusterImpl.java:lambda$waitForClusterToBeReady$0(142)) - Waiting for cluster to be ready. Got 0 of 7 DN Heartbeats.
2019-08-28 04:43:57,843 | INFO  | SCMAudit | user=jenkins1000 | ip=192.168.69.75 | op=GET_VERSION null | ret=SUCCESS |  
2019-08-28 04:43:57,859 [Datanode State Machine Thread - 0] INFO  ozoneimpl.OzoneContainer (OzoneContainer.java:start(186)) - Attempting to start container services.
2019-08-28 04:43:57,859 [Datanode State Machine Thread - 0] INFO  ozoneimpl.OzoneContainer (OzoneContainer.java:startContainerScrub(160)) - Background container scrubber has been disabled by hdds.containerscrub.enabled
2019-08-28 04:43:57,859 [Datanode State Machine Thread - 0] INFO  ratis.XceiverServerRatis (XceiverServerRatis.java:start(404)) - Starting XceiverServerRatis 8bdb61b5-fa98-4739-8e0a-5280a4fe194a at port 0
2019-08-28 04:43:57,866 [Datanode State Machine Thread - 0] INFO  impl.RaftServerProxy (RaftServerProxy.java:lambda$start$3(299)) - 8bdb61b5-fa98-4739-8e0a-5280a4fe194a: start RPC server
2019-08-28 04:43:57,870 [Datanode State Machine Thread - 0] INFO  server.GrpcService (GrpcService.java:startImpl(149)) - 8bdb61b5-fa98-4739-8e0a-5280a4fe194a: GrpcService started, listening on 0.0.0.0/0.0.0.0:35171
2019-08-28 04:43:57,871 [Datanode State Machine Thread - 0] INFO  ratis.XceiverServerRatis (XceiverServerRatis.java:start(414)) - XceiverServerRatis 8bdb61b5-fa98-4739-8e0a-5280a4fe194a is started using port 35171
2019-08-28 04:43:57,875 [Datanode State Machine Thread - 0] INFO  server.XceiverServerGrpc (XceiverServerGrpc.java:start(161)) - XceiverServerGrpc 8bdb61b5-fa98-4739-8e0a-5280a4fe194a is started using port 37320
2019-08-28 04:43:58,361 [IPC Server handler 14 on 40682] INFO  net.NetworkTopology (NetworkTopologyImpl.java:add(110)) - Added a new node: /default-rack/3aa4c088-6d9c-4e45-8699-9552fa9982bb
2019-08-28 04:43:58,362 [IPC Server handler 14 on 40682] INFO  node.SCMNodeManager (SCMNodeManager.java:register(273)) - Registered Data node : 3aa4c088-6d9c-4e45-8699-9552fa9982bb{ip: 192.168.69.75, host: pr-hdds-2014-rr4xc-1992234301, networkLocation: /default-rack, certSerialId: null}
2019-08-28 04:43:58,369 [EventQueue-NodeRegistrationContainerReportForDataNodeSafeModeRule] INFO  safemode.SCMSafeModeManager (DataNodeSafeModeRule.java:process(71)) - SCM in safe mode. 1 DataNodes registered, 1 required.
2019-08-28 04:43:58,369 [EventQueue-NodeRegistrationContainerReportForDataNodeSafeModeRule] INFO  safemode.SCMSafeModeManager (SCMSafeModeManager.java:validateSafeModeExitRules(177)) - ScmSafeModeManager, all rules are successfully validated
2019-08-28 04:43:58,369 [EventQueue-NodeRegistrationContainerReportForDataNodeSafeModeRule] INFO  safemode.SCMSafeModeManager (SCMSafeModeManager.java:exitSafeMode(193)) - SCM exiting safe mode.
2019-08-28 04:43:58,381 | INFO  | SCMAudit | user=jenkins1000 | ip=192.168.69.75 | op=REGISTER {datanodeDetails=3aa4c088-6d9c-4e45-8699-9552fa9982bb{ip: 192.168.69.75, host: pr-hdds-2014-rr4xc-1992234301, networkLocation: /default-rack, certSerialId: null}} | ret=SUCCESS |  
2019-08-28 04:43:58,581 [IPC Server handler 18 on 40682] INFO  net.NetworkTopology (NetworkTopologyImpl.java:add(110)) - Added a new node: /default-rack/025d69ad-6f0c-4e69-9dfc-3a983de9ebc7
2019-08-28 04:43:58,581 [IPC Server handler 18 on 40682] INFO  node.SCMNodeManager (SCMNodeManager.java:register(273)) - Registered Data node : 025d69ad-6f0c-4e69-9dfc-3a983de9ebc7{ip: 192.168.69.75, host: pr-hdds-2014-rr4xc-1992234301, networkLocation: /default-rack, certSerialId: null}
2019-08-28 04:43:58,582 | INFO  | SCMAudit | user=jenkins1000 | ip=192.168.69.75 | op=REGISTER {datanodeDetails=025d69ad-6f0c-4e69-9dfc-3a983de9ebc7{ip: 192.168.69.75, host: pr-hdds-2014-rr4xc-1992234301, networkLocation: /default-rack, certSerialId: null}} | ret=SUCCESS |  
2019-08-28 04:43:59,164 [main] INFO  ozone.MiniOzoneClusterImpl (MiniOzoneClusterImpl.java:lambda$waitForClusterToBeReady$0(142)) - Waiting for cluster to be ready. Got 2 of 7 DN Heartbeats.
2019-08-28 04:43:59,172 [IPC Server handler 16 on 40682] INFO  net.NetworkTopology (NetworkTopologyImpl.java:add(110)) - Added a new node: /default-rack/8dbdf2d3-0592-4172-9c9d-ce42eb2799ca
2019-08-28 04:43:59,173 [IPC Server handler 16 on 40682] INFO  node.SCMNodeManager (SCMNodeManager.java:register(273)) - Registered Data node : 8dbdf2d3-0592-4172-9c9d-ce42eb2799ca{ip: 192.168.69.75, host: pr-hdds-2014-rr4xc-1992234301, networkLocation: /default-rack, certSerialId: null}
2019-08-28 04:43:59,173 [IPC Server handler 14 on 40682] INFO  net.NetworkTopology (NetworkTopologyImpl.java:add(110)) - Added a new node: /default-rack/f5b518e1-81ed-4539-890c-23fde7b7af4e
2019-08-28 04:43:59,173 | INFO  | SCMAudit | user=jenkins1000 | ip=192.168.69.75 | op=REGISTER {datanodeDetails=8dbdf2d3-0592-4172-9c9d-ce42eb2799ca{ip: 192.168.69.75, host: pr-hdds-2014-rr4xc-1992234301, networkLocation: /default-rack, certSerialId: null}} | ret=SUCCESS |  
2019-08-28 04:43:59,173 [IPC Server handler 14 on 40682] INFO  node.SCMNodeManager (SCMNodeManager.java:register(273)) - Registered Data node : f5b518e1-81ed-4539-890c-23fde7b7af4e{ip: 192.168.69.75, host: pr-hdds-2014-rr4xc-1992234301, networkLocation: /default-rack, certSerialId: null}
2019-08-28 04:43:59,189 | INFO  | SCMAudit | user=jenkins1000 | ip=192.168.69.75 | op=REGISTER {datanodeDetails=f5b518e1-81ed-4539-890c-23fde7b7af4e{ip: 192.168.69.75, host: pr-hdds-2014-rr4xc-1992234301, networkLocation: /default-rack, certSerialId: null}} | ret=SUCCESS |  
2019-08-28 04:43:59,291 [IPC Server handler 15 on 40682] INFO  net.NetworkTopology (NetworkTopologyImpl.java:add(110)) - Added a new node: /default-rack/f4072c9f-a22f-4281-b53d-4a46edeec81c
2019-08-28 04:43:59,291 [IPC Server handler 15 on 40682] INFO  node.SCMNodeManager (SCMNodeManager.java:register(273)) - Registered Data node : f4072c9f-a22f-4281-b53d-4a46edeec81c{ip: 192.168.69.75, host: pr-hdds-2014-rr4xc-1992234301, networkLocation: /default-rack, certSerialId: null}
2019-08-28 04:43:59,292 | INFO  | SCMAudit | user=jenkins1000 | ip=192.168.69.75 | op=REGISTER {datanodeDetails=f4072c9f-a22f-4281-b53d-4a46edeec81c{ip: 192.168.69.75, host: pr-hdds-2014-rr4xc-1992234301, networkLocation: /default-rack, certSerialId: null}} | ret=SUCCESS |  
2019-08-28 04:43:59,382 [grpc-default-executor-0] INFO  impl.RaftServerProxy (RaftServerProxy.java:addNew(89)) - 3aa4c088-6d9c-4e45-8699-9552fa9982bb: addNew group-FEDB07FF90B0:[3aa4c088-6d9c-4e45-8699-9552fa9982bb:192.168.69.75:35133] returns group-FEDB07FF90B0:java.util.concurrent.CompletableFuture@70069f2[Not completed]
2019-08-28 04:43:59,402 [pool-27-thread-1] INFO  impl.RaftServerImpl (RaftServerImpl.java:<init>(93)) - 3aa4c088-6d9c-4e45-8699-9552fa9982bb: new RaftServerImpl for group-FEDB07FF90B0:[3aa4c088-6d9c-4e45-8699-9552fa9982bb:192.168.69.75:35133] with ContainerStateMachine:uninitialized
2019-08-28 04:43:59,404 [pool-27-thread-1] INFO  server.RaftServerConfigKeys (ConfUtils.java:logGet(43)) - raft.server.rpc.timeout.min = 5s (custom)
2019-08-28 04:43:59,406 [pool-27-thread-1] INFO  server.RaftServerConfigKeys (ConfUtils.java:logGet(43)) - raft.server.rpc.timeout.max = 5200ms (custom)
2019-08-28 04:43:59,406 [pool-27-thread-1] INFO  server.RaftServerConfigKeys (ConfUtils.java:logGet(43)) - raft.server.rpcslowness.timeout = 120s (custom)
2019-08-28 04:43:59,407 [pool-27-thread-1] INFO  server.RaftServerConfigKeys (ConfUtils.java:logGet(43)) - raft.server.sleep.deviation.threshold = 300 (default)
2019-08-28 04:43:59,407 [pool-27-thread-1] INFO  server.RaftServerConfigKeys (ConfUtils.java:logGet(43)) - raft.server.log.appender.install.snapshot.enabled = false (custom)
2019-08-28 04:43:59,413 [pool-27-thread-1] INFO  impl.RaftServerImpl (ServerState.java:<init>(105)) - 3aa4c088-6d9c-4e45-8699-9552fa9982bb:group-FEDB07FF90B0 ConfigurationManager, init=-1: [3aa4c088-6d9c-4e45-8699-9552fa9982bb:192.168.69.75:35133], old=null, confs=<EMPTY_MAP>
2019-08-28 04:43:59,414 [pool-27-thread-1] INFO  server.RaftServerConfigKeys (ConfUtils.java:logGet(43)) - raft.server.storage.dir = [/workdir/hadoop-ozone/integration-test/target/test-dir/MiniOzoneClusterImpl-dee0cb60-1d83-42ef-98aa-30f750bc63a6/datanode-0/data/ratis] (custom)
2019-08-28 04:43:59,420 [pool-27-thread-1] INFO  storage.RaftStorageDirectory (RaftStorageDirectory.java:analyzeStorage(246)) - The storage directory /workdir/hadoop-ozone/integration-test/target/test-dir/MiniOzoneClusterImpl-dee0cb60-1d83-42ef-98aa-30f750bc63a6/datanode-0/data/ratis/d884d984-0f77-4670-af53-fedb07ff90b0 does not exist. Creating ...
2019-08-28 04:43:59,448 [pool-27-thread-1] INFO  storage.RaftStorageDirectory (RaftStorageDirectory.java:tryLock(328)) - Lock on /workdir/hadoop-ozone/integration-test/target/test-dir/MiniOzoneClusterImpl-dee0cb60-1d83-42ef-98aa-30f750bc63a6/datanode-0/data/ratis/d884d984-0f77-4670-af53-fedb07ff90b0/in_use.lock acquired by nodename 16601@pr-hdds-2014-rr4xc-1992234301
2019-08-28 04:43:59,463 [pool-27-thread-1] INFO  storage.RaftStorage (RaftStorage.java:format(72)) - Storage directory /workdir/hadoop-ozone/integration-test/target/test-dir/MiniOzoneClusterImpl-dee0cb60-1d83-42ef-98aa-30f750bc63a6/datanode-0/data/ratis/d884d984-0f77-4670-af53-fedb07ff90b0 has been successfully formatted.
2019-08-28 04:43:59,465 [pool-27-thread-1] INFO  ratis.ContainerStateMachine (ContainerStateMachine.java:loadSnapshot(226)) - group-FEDB07FF90B0: The snapshot info is null. Setting the last applied indexto:(t:0, i:~)
2019-08-28 04:43:59,465 [pool-27-thread-1] INFO  server.RaftServerConfigKeys (ConfUtils.java:logGet(43)) - raft.server.leader.election.timeout = 120s (custom)
2019-08-28 04:43:59,467 [pool-27-thread-1] INFO  server.RaftServerConfigKeys (ConfUtils.java:logGet(43)) - raft.server.log.use.memory = false (default)
2019-08-28 04:43:59,472 [pool-27-thread-1] INFO  server.RaftServerConfigKeys (ConfUtils.java:logGet(43)) - raft.server.log.purge.gap = 1000000 (custom)
2019-08-28 04:43:59,472 [pool-27-thread-1] INFO  server.RaftServerConfigKeys (ConfUtils.java:logGet(43)) - raft.server.log.appender.buffer.byte-limit = 33554432 (custom)
2019-08-28 04:43:59,473 [pool-27-thread-1] INFO  server.RaftServerConfigKeys (ConfUtils.java:logGet(43)) - raft.server.log.segment.size.max = 1048576 (custom)
2019-08-28 04:43:59,477 [pool-27-thread-1] INFO  server.RaftServerConfigKeys (ConfUtils.java:logGet(43)) - raft.server.log.segment.cache.num.max = 2 (custom)
2019-08-28 04:43:59,483 [pool-27-thread-1] INFO  segmented.SegmentedRaftLogWorker (SegmentedRaftLogWorker.java:<init>(172)) - new 3aa4c088-6d9c-4e45-8699-9552fa9982bb-SegmentedRaftLogWorker:Storage Directory /workdir/hadoop-ozone/integration-test/target/test-dir/MiniOzoneClusterImpl-dee0cb60-1d83-42ef-98aa-30f750bc63a6/datanode-0/data/ratis/d884d984-0f77-4670-af53-fedb07ff90b0 for RaftStorage:Storage Directory /workdir/hadoop-ozone/integration-test/target/test-dir/MiniOzoneClusterImpl-dee0cb60-1d83-42ef-98aa-30f750bc63a6/datanode-0/data/ratis/d884d984-0f77-4670-af53-fedb07ff90b0
2019-08-28 04:43:59,496 [pool-27-thread-1] INFO  server.RaftServerConfigKeys (ConfUtils.java:logGet(43)) - raft.server.log.queue.byte-limit = 2147483647 (custom)
2019-08-28 04:43:59,496 [pool-27-thread-1] INFO  server.RaftServerConfigKeys (ConfUtils.java:logGet(43)) - raft.server.log.queue.element-limit = 1024 (custom)
2019-08-28 04:43:59,501 [pool-27-thread-1] INFO  server.RaftServerConfigKeys (ConfUtils.java:logGet(43)) - raft.server.log.segment.size.max = 1048576 (custom)
2019-08-28 04:43:59,501 [pool-27-thread-1] INFO  server.RaftServerConfigKeys (ConfUtils.java:logGet(43)) - raft.server.log.preallocated.size = 16384 (custom)
2019-08-28 04:43:59,502 [pool-27-thread-1] INFO  server.RaftServerConfigKeys (ConfUtils.java:logGet(43)) - raft.server.log.write.buffer.size = 33554432 (custom)
2019-08-28 04:43:59,502 [pool-27-thread-1] INFO  server.RaftServerConfigKeys (ConfUtils.java:logGet(43)) - raft.server.log.force.sync.num = 128 (default)
2019-08-28 04:43:59,503 [pool-27-thread-1] INFO  server.RaftServerConfigKeys (ConfUtils.java:logGet(43)) - raft.server.log.statemachine.data.sync = true (default)
2019-08-28 04:43:59,503 [pool-27-thread-1] INFO  server.RaftServerConfigKeys (ConfUtils.java:logGet(43)) - raft.server.log.statemachine.data.sync.timeout = 10s (default)
2019-08-28 04:43:59,504 [pool-27-thread-1] INFO  server.RaftServerConfigKeys (ConfUtils.java:logGet(43)) - raft.server.log.statemachine.data.sync.timeout.retry = -1 (default)
2019-08-28 04:43:59,511 [pool-27-thread-1] INFO  server.RaftServerConfigKeys (ConfUtils.java:logGet(43)) - raft.server.log.statemachine.data.caching.enabled = true (custom)
2019-08-28 04:43:59,516 [pool-27-thread-1] INFO  segmented.SegmentedRaftLogWorker (SegmentedRaftLogWorker.java:lambda$new$0(132)) - 3aa4c088-6d9c-4e45-8699-9552fa9982bb-SegmentedRaftLogWorker:Storage Directory /workdir/hadoop-ozone/integration-test/target/test-dir/MiniOzoneClusterImpl-dee0cb60-1d83-42ef-98aa-30f750bc63a6/datanode-0/data/ratis/d884d984-0f77-4670-af53-fedb07ff90b0: flushIndex: setUnconditionally 0 -> -1
2019-08-28 04:43:59,520 [pool-27-thread-1] INFO  server.RaftServerConfigKeys (ConfUtils.java:logGet(43)) - raft.server.snapshot.auto.trigger.enabled = true (custom)
2019-08-28 04:43:59,521 [pool-27-thread-1] INFO  server.RaftServerConfigKeys (ConfUtils.java:logGet(43)) - raft.server.snapshot.auto.trigger.threshold = 10000 (custom)
2019-08-28 04:43:59,521 [pool-27-thread-1] INFO  server.RaftServerConfigKeys (ConfUtils.java:logGet(43)) - raft.server.retrycache.expirytime = 600000ms (custom)
2019-08-28 04:43:59,549 [pool-27-thread-1] INFO  impl.RaftServerImpl (RaftServerImpl.java:start(180)) - 3aa4c088-6d9c-4e45-8699-9552fa9982bb: start group-FEDB07FF90B0
2019-08-28 04:43:59,550 [pool-27-thread-1] INFO  impl.RaftServerImpl (RaftServerImpl.java:setRole(171)) - 3aa4c088-6d9c-4e45-8699-9552fa9982bb:group-FEDB07FF90B0 changes role from null to FOLLOWER at term 0 for startAsFollower
2019-08-28 04:43:59,551 [pool-27-thread-1] INFO  impl.RoleInfo (RoleInfo.java:updateAndGet(143)) - 3aa4c088-6d9c-4e45-8699-9552fa9982bb: start FollowerState
2019-08-28 04:43:59,553 [pool-27-thread-1] INFO  util.JmxRegister (JmxRegister.java:tryRegister(44)) - Successfully registered JMX Bean with object name Ratis:service=RaftServer,group=group-FEDB07FF90B0,id=3aa4c088-6d9c-4e45-8699-9552fa9982bb
2019-08-28 04:43:59,621 [RatisPipelineUtilsThread] INFO  pipeline.PipelineStateManager (PipelineStateManager.java:addPipeline(56)) - Created pipeline Pipeline[ Id: d884d984-0f77-4670-af53-fedb07ff90b0, Nodes: 3aa4c088-6d9c-4e45-8699-9552fa9982bb{ip: 192.168.69.75, host: pr-hdds-2014-rr4xc-1992234301, networkLocation: /default-rack, certSerialId: null}, Type:RATIS, Factor:ONE, State:OPEN]
2019-08-28 04:43:59,645 [grpc-default-executor-0] INFO  impl.RaftServerProxy (RaftServerProxy.java:addNew(89)) - f5b518e1-81ed-4539-890c-23fde7b7af4e: addNew group-77E02766C8F2:[f5b518e1-81ed-4539-890c-23fde7b7af4e:192.168.69.75:40482] returns group-77E02766C8F2:java.util.concurrent.CompletableFuture@455c48b8[Not completed]
2019-08-28 04:43:59,690 [pool-49-thread-1] INFO  impl.RaftServerImpl (RaftServerImpl.java:<init>(93)) - f5b518e1-81ed-4539-890c-23fde7b7af4e: new RaftServerImpl for group-77E02766C8F2:[f5b518e1-81ed-4539-890c-23fde7b7af4e:192.168.69.75:40482] with ContainerStateMachine:uninitialized
2019-08-28 04:43:59,692 [pool-49-thread-1] INFO  server.RaftServerConfigKeys (ConfUtils.java:logGet(43)) - raft.server.rpc.timeout.min = 5s (custom)
2019-08-28 04:43:59,692 [pool-49-thread-1] INFO  server.RaftServerConfigKeys (ConfUtils.java:logGet(43)) - raft.server.rpc.timeout.max = 5200ms (custom)
2019-08-28 04:43:59,692 [pool-49-thread-1] INFO  server.RaftServerConfigKeys (ConfUtils.java:logGet(43)) - raft.server.rpcslowness.timeout = 120s (custom)
2019-08-28 04:43:59,692 [IPC Server handler 17 on 40682] INFO  net.NetworkTopology (NetworkTopologyImpl.java:add(110)) - Added a new node: /default-rack/aaa2da48-ccc8-4121-a1a5-30f8a5c77378
2019-08-28 04:43:59,692 [pool-49-thread-1] INFO  server.RaftServerConfigKeys (ConfUtils.java:logGet(43)) - raft.server.sleep.deviation.threshold = 300 (default)
2019-08-28 04:43:59,693 [IPC Server handler 17 on 40682] INFO  node.SCMNodeManager (SCMNodeManager.java:register(273)) - Registered Data node : aaa2da48-ccc8-4121-a1a5-30f8a5c77378{ip: 192.168.69.75, host: pr-hdds-2014-rr4xc-1992234301, networkLocation: /default-rack, certSerialId: null}
2019-08-28 04:43:59,693 [pool-49-thread-1] INFO  server.RaftServerConfigKeys (ConfUtils.java:logGet(43)) - raft.server.log.appender.install.snapshot.enabled = false (custom)
2019-08-28 04:43:59,693 [pool-49-thread-1] INFO  impl.RaftServerImpl (ServerState.java:<init>(105)) - f5b518e1-81ed-4539-890c-23fde7b7af4e:group-77E02766C8F2 ConfigurationManager, init=-1: [f5b518e1-81ed-4539-890c-23fde7b7af4e:192.168.69.75:40482], old=null, confs=<EMPTY_MAP>
2019-08-28 04:43:59,693 | INFO  | SCMAudit | user=jenkins1000 | ip=192.168.69.75 | op=REGISTER {datanodeDetails=aaa2da48-ccc8-4121-a1a5-30f8a5c77378{ip: 192.168.69.75, host: pr-hdds-2014-rr4xc-1992234301, networkLocation: /default-rack, certSerialId: null}} | ret=SUCCESS |  
2019-08-28 04:43:59,693 [pool-49-thread-1] INFO  server.RaftServerConfigKeys (ConfUtils.java:logGet(43)) - raft.server.storage.dir = [/workdir/hadoop-ozone/integration-test/target/test-dir/MiniOzoneClusterImpl-dee0cb60-1d83-42ef-98aa-30f750bc63a6/datanode-2/data/ratis] (custom)
2019-08-28 04:43:59,694 [pool-49-thread-1] INFO  storage.RaftStorageDirectory (RaftStorageDirectory.java:analyzeStorage(246)) - The storage directory /workdir/hadoop-ozone/integration-test/target/test-dir/MiniOzoneClusterImpl-dee0cb60-1d83-42ef-98aa-30f750bc63a6/datanode-2/data/ratis/135e4cec-8ab3-4a1e-9afe-77e02766c8f2 does not exist. Creating ...
2019-08-28 04:43:59,758 [pool-49-thread-1] INFO  storage.RaftStorageDirectory (RaftStorageDirectory.java:tryLock(328)) - Lock on /workdir/hadoop-ozone/integration-test/target/test-dir/MiniOzoneClusterImpl-dee0cb60-1d83-42ef-98aa-30f750bc63a6/datanode-2/data/ratis/135e4cec-8ab3-4a1e-9afe-77e02766c8f2/in_use.lock acquired by nodename 16601@pr-hdds-2014-rr4xc-1992234301
2019-08-28 04:43:59,779 [pool-49-thread-1] INFO  storage.RaftStorage (RaftStorage.java:format(72)) - Storage directory /workdir/hadoop-ozone/integration-test/target/test-dir/MiniOzoneClusterImpl-dee0cb60-1d83-42ef-98aa-30f750bc63a6/datanode-2/data/ratis/135e4cec-8ab3-4a1e-9afe-77e02766c8f2 has been successfully formatted.
2019-08-28 04:43:59,781 [pool-49-thread-1] INFO  ratis.ContainerStateMachine (ContainerStateMachine.java:loadSnapshot(226)) - group-77E02766C8F2: The snapshot info is null. Setting the last applied indexto:(t:0, i:~)
2019-08-28 04:43:59,783 [pool-49-thread-1] INFO  server.RaftServerConfigKeys (ConfUtils.java:logGet(43)) - raft.server.leader.election.timeout = 120s (custom)
2019-08-28 04:43:59,783 [pool-49-thread-1] INFO  server.RaftServerConfigKeys (ConfUtils.java:logGet(43)) - raft.server.log.use.memory = false (default)
2019-08-28 04:43:59,783 [pool-49-thread-1] INFO  server.RaftServerConfigKeys (ConfUtils.java:logGet(43)) - raft.server.log.purge.gap = 1000000 (custom)
2019-08-28 04:43:59,783 [pool-49-thread-1] INFO  server.RaftServerConfigKeys (ConfUtils.java:logGet(43)) - raft.server.log.appender.buffer.byte-limit = 33554432 (custom)
2019-08-28 04:43:59,784 [pool-49-thread-1] INFO  server.RaftServerConfigKeys (ConfUtils.java:logGet(43)) - raft.server.log.segment.size.max = 1048576 (custom)
2019-08-28 04:43:59,784 [pool-49-thread-1] INFO  server.RaftServerConfigKeys (ConfUtils.java:logGet(43)) - raft.server.log.segment.cache.num.max = 2 (custom)
2019-08-28 04:43:59,784 [pool-49-thread-1] INFO  segmented.SegmentedRaftLogWorker (SegmentedRaftLogWorker.java:<init>(172)) - new f5b518e1-81ed-4539-890c-23fde7b7af4e-SegmentedRaftLogWorker:Storage Directory /workdir/hadoop-ozone/integration-test/target/test-dir/MiniOzoneClusterImpl-dee0cb60-1d83-42ef-98aa-30f750bc63a6/datanode-2/data/ratis/135e4cec-8ab3-4a1e-9afe-77e02766c8f2 for RaftStorage:Storage Directory /workdir/hadoop-ozone/integration-test/target/test-dir/MiniOzoneClusterImpl-dee0cb60-1d83-42ef-98aa-30f750bc63a6/datanode-2/data/ratis/135e4cec-8ab3-4a1e-9afe-77e02766c8f2
2019-08-28 04:43:59,786 [pool-49-thread-1] INFO  server.RaftServerConfigKeys (ConfUtils.java:logGet(43)) - raft.server.log.queue.byte-limit = 2147483647 (custom)
2019-08-28 04:43:59,786 [pool-49-thread-1] INFO  server.RaftServerConfigKeys (ConfUtils.java:logGet(43)) - raft.server.log.queue.element-limit = 1024 (custom)
2019-08-28 04:43:59,786 [pool-49-thread-1] INFO  server.RaftServerConfigKeys (ConfUtils.java:logGet(43)) - raft.server.log.segment.size.max = 1048576 (custom)
2019-08-28 04:43:59,787 [pool-49-thread-1] INFO  server.RaftServerConfigKeys (ConfUtils.java:logGet(43)) - raft.server.log.preallocated.size = 16384 (custom)
2019-08-28 04:43:59,787 [pool-49-thread-1] INFO  server.RaftServerConfigKeys (ConfUtils.java:logGet(43)) - raft.server.log.write.buffer.size = 33554432 (custom)
2019-08-28 04:43:59,787 [pool-49-thread-1] INFO  server.RaftServerConfigKeys (ConfUtils.java:logGet(43)) - raft.server.log.force.sync.num = 128 (default)
2019-08-28 04:43:59,787 [pool-49-thread-1] INFO  server.RaftServerConfigKeys (ConfUtils.java:logGet(43)) - raft.server.log.statemachine.data.sync = true (default)
2019-08-28 04:43:59,787 [pool-49-thread-1] INFO  server.RaftServerConfigKeys (ConfUtils.java:logGet(43)) - raft.server.log.statemachine.data.sync.timeout = 10s (default)
2019-08-28 04:43:59,788 [pool-49-thread-1] INFO  server.RaftServerConfigKeys (ConfUtils.java:logGet(43)) - raft.server.log.statemachine.data.sync.timeout.retry = -1 (default)
2019-08-28 04:43:59,788 [pool-49-thread-1] INFO  server.RaftServerConfigKeys (ConfUtils.java:logGet(43)) - raft.server.log.statemachine.data.caching.enabled = true (custom)
2019-08-28 04:43:59,789 [pool-49-thread-1] INFO  segmented.SegmentedRaftLogWorker (SegmentedRaftLogWorker.java:lambda$new$0(132)) - f5b518e1-81ed-4539-890c-23fde7b7af4e-SegmentedRaftLogWorker:Storage Directory /workdir/hadoop-ozone/integration-test/target/test-dir/MiniOzoneClusterImpl-dee0cb60-1d83-42ef-98aa-30f750bc63a6/datanode-2/data/ratis/135e4cec-8ab3-4a1e-9afe-77e02766c8f2: flushIndex: setUnconditionally 0 -> -1
2019-08-28 04:43:59,789 [pool-49-thread-1] INFO  server.RaftServerConfigKeys (ConfUtils.java:logGet(43)) - raft.server.snapshot.auto.trigger.enabled = true (custom)
2019-08-28 04:43:59,789 [pool-49-thread-1] INFO  server.RaftServerConfigKeys (ConfUtils.java:logGet(43)) - raft.server.snapshot.auto.trigger.threshold = 10000 (custom)
2019-08-28 04:43:59,789 [pool-49-thread-1] INFO  server.RaftServerConfigKeys (ConfUtils.java:logGet(43)) - raft.server.retrycache.expirytime = 600000ms (custom)
2019-08-28 04:43:59,790 [pool-49-thread-1] INFO  impl.RaftServerImpl (RaftServerImpl.java:start(180)) - f5b518e1-81ed-4539-890c-23fde7b7af4e: start group-77E02766C8F2
2019-08-28 04:43:59,790 [pool-49-thread-1] INFO  impl.RaftServerImpl (RaftServerImpl.java:setRole(171)) - f5b518e1-81ed-4539-890c-23fde7b7af4e:group-77E02766C8F2 changes role from null to FOLLOWER at term 0 for startAsFollower
2019-08-28 04:43:59,790 [pool-49-thread-1] INFO  impl.RoleInfo (RoleInfo.java:updateAndGet(143)) - f5b518e1-81ed-4539-890c-23fde7b7af4e: start FollowerState
2019-08-28 04:43:59,792 [pool-49-thread-1] INFO  util.JmxRegister (JmxRegister.java:tryRegister(44)) - Successfully registered JMX Bean with object name Ratis:service=RaftServer,group=group-77E02766C8F2,id=f5b518e1-81ed-4539-890c-23fde7b7af4e
2019-08-28 04:43:59,807 [RatisPipelineUtilsThread] INFO  pipeline.PipelineStateManager (PipelineStateManager.java:addPipeline(56)) - Created pipeline Pipeline[ Id: 135e4cec-8ab3-4a1e-9afe-77e02766c8f2, Nodes: f5b518e1-81ed-4539-890c-23fde7b7af4e{ip: 192.168.69.75, host: pr-hdds-2014-rr4xc-1992234301, networkLocation: /default-rack, certSerialId: null}, Type:RATIS, Factor:ONE, State:OPEN]
2019-08-28 04:43:59,834 [grpc-default-executor-0] INFO  impl.RaftServerProxy (RaftServerProxy.java:addNew(89)) - aaa2da48-ccc8-4121-a1a5-30f8a5c77378: addNew group-26AFEB79F15C:[aaa2da48-ccc8-4121-a1a5-30f8a5c77378:192.168.69.75:42496] returns group-26AFEB79F15C:java.util.concurrent.CompletableFuture@4f2435b8[Not completed]
2019-08-28 04:43:59,849 [pool-82-thread-1] INFO  impl.RaftServerImpl (RaftServerImpl.java:<init>(93)) - aaa2da48-ccc8-4121-a1a5-30f8a5c77378: new RaftServerImpl for group-26AFEB79F15C:[aaa2da48-ccc8-4121-a1a5-30f8a5c77378:192.168.69.75:42496] with ContainerStateMachine:uninitialized
2019-08-28 04:43:59,850 [pool-82-thread-1] INFO  server.RaftServerConfigKeys (ConfUtils.java:logGet(43)) - raft.server.rpc.timeout.min = 5s (custom)
2019-08-28 04:43:59,850 [pool-82-thread-1] INFO  server.RaftServerConfigKeys (ConfUtils.java:logGet(43)) - raft.server.rpc.timeout.max = 5200ms (custom)
2019-08-28 04:43:59,850 [pool-82-thread-1] INFO  server.RaftServerConfigKeys (ConfUtils.java:logGet(43)) - raft.server.rpcslowness.timeout = 120s (custom)
2019-08-28 04:43:59,850 [pool-82-thread-1] INFO  server.RaftServerConfigKeys (ConfUtils.java:logGet(43)) - raft.server.sleep.deviation.threshold = 300 (default)
2019-08-28 04:43:59,850 [pool-82-thread-1] INFO  server.RaftServerConfigKeys (ConfUtils.java:logGet(43)) - raft.server.log.appender.install.snapshot.enabled = false (custom)
2019-08-28 04:43:59,851 [pool-82-thread-1] INFO  impl.RaftServerImpl (ServerState.java:<init>(105)) - aaa2da48-ccc8-4121-a1a5-30f8a5c77378:group-26AFEB79F15C ConfigurationManager, init=-1: [aaa2da48-ccc8-4121-a1a5-30f8a5c77378:192.168.69.75:42496], old=null, confs=<EMPTY_MAP>
2019-08-28 04:43:59,851 [IPC Server handler 16 on 40682] INFO  net.NetworkTopology (NetworkTopologyImpl.java:add(110)) - Added a new node: /default-rack/8bdb61b5-fa98-4739-8e0a-5280a4fe194a
2019-08-28 04:43:59,851 [pool-82-thread-1] INFO  server.RaftServerConfigKeys (ConfUtils.java:logGet(43)) - raft.server.storage.dir = [/workdir/hadoop-ozone/integration-test/target/test-dir/MiniOzoneClusterImpl-dee0cb60-1d83-42ef-98aa-30f750bc63a6/datanode-5/data/ratis] (custom)
2019-08-28 04:43:59,851 [IPC Server handler 16 on 40682] INFO  node.SCMNodeManager (SCMNodeManager.java:register(273)) - Registered Data node : 8bdb61b5-fa98-4739-8e0a-5280a4fe194a{ip: 192.168.69.75, host: pr-hdds-2014-rr4xc-1992234301, networkLocation: /default-rack, certSerialId: null}
2019-08-28 04:43:59,851 [pool-82-thread-1] INFO  storage.RaftStorageDirectory (RaftStorageDirectory.java:analyzeStorage(246)) - The storage directory /workdir/hadoop-ozone/integration-test/target/test-dir/MiniOzoneClusterImpl-dee0cb60-1d83-42ef-98aa-30f750bc63a6/datanode-5/data/ratis/a3a1472a-8c76-47a7-bccc-26afeb79f15c does not exist. Creating ...
2019-08-28 04:43:59,852 | INFO  | SCMAudit | user=jenkins1000 | ip=192.168.69.75 | op=REGISTER {datanodeDetails=8bdb61b5-fa98-4739-8e0a-5280a4fe194a{ip: 192.168.69.75, host: pr-hdds-2014-rr4xc-1992234301, networkLocation: /default-rack, certSerialId: null}} | ret=SUCCESS |  
2019-08-28 04:43:59,856 [pool-82-thread-1] INFO  storage.RaftStorageDirectory (RaftStorageDirectory.java:tryLock(328)) - Lock on /workdir/hadoop-ozone/integration-test/target/test-dir/MiniOzoneClusterImpl-dee0cb60-1d83-42ef-98aa-30f750bc63a6/datanode-5/data/ratis/a3a1472a-8c76-47a7-bccc-26afeb79f15c/in_use.lock acquired by nodename 16601@pr-hdds-2014-rr4xc-1992234301
2019-08-28 04:43:59,872 [pool-82-thread-1] INFO  storage.RaftStorage (RaftStorage.java:format(72)) - Storage directory /workdir/hadoop-ozone/integration-test/target/test-dir/MiniOzoneClusterImpl-dee0cb60-1d83-42ef-98aa-30f750bc63a6/datanode-5/data/ratis/a3a1472a-8c76-47a7-bccc-26afeb79f15c has been successfully formatted.
2019-08-28 04:43:59,872 [pool-82-thread-1] INFO  ratis.ContainerStateMachine (ContainerStateMachine.java:loadSnapshot(226)) - group-26AFEB79F15C: The snapshot info is null. Setting the last applied indexto:(t:0, i:~)
2019-08-28 04:43:59,873 [pool-82-thread-1] INFO  server.RaftServerConfigKeys (ConfUtils.java:logGet(43)) - raft.server.leader.election.timeout = 120s (custom)
2019-08-28 04:43:59,873 [pool-82-thread-1] INFO  server.RaftServerConfigKeys (ConfUtils.java:logGet(43)) - raft.server.log.use.memory = false (default)
2019-08-28 04:43:59,873 [pool-82-thread-1] INFO  server.RaftServerConfigKeys (ConfUtils.java:logGet(43)) - raft.server.log.purge.gap = 1000000 (custom)
2019-08-28 04:43:59,873 [pool-82-thread-1] INFO  server.RaftServerConfigKeys (ConfUtils.java:logGet(43)) - raft.server.log.appender.buffer.byte-limit = 33554432 (custom)
2019-08-28 04:43:59,873 [pool-82-thread-1] INFO  server.RaftServerConfigKeys (ConfUtils.java:logGet(43)) - raft.server.log.segment.size.max = 1048576 (custom)
2019-08-28 04:43:59,873 [pool-82-thread-1] INFO  server.RaftServerConfigKeys (ConfUtils.java:logGet(43)) - raft.server.log.segment.cache.num.max = 2 (custom)
2019-08-28 04:43:59,874 [pool-82-thread-1] INFO  segmented.SegmentedRaftLogWorker (SegmentedRaftLogWorker.java:<init>(172)) - new aaa2da48-ccc8-4121-a1a5-30f8a5c77378-SegmentedRaftLogWorker:Storage Directory /workdir/hadoop-ozone/integration-test/target/test-dir/MiniOzoneClusterImpl-dee0cb60-1d83-42ef-98aa-30f750bc63a6/datanode-5/data/ratis/a3a1472a-8c76-47a7-bccc-26afeb79f15c for RaftStorage:Storage Directory /workdir/hadoop-ozone/integration-test/target/test-dir/MiniOzoneClusterImpl-dee0cb60-1d83-42ef-98aa-30f750bc63a6/datanode-5/data/ratis/a3a1472a-8c76-47a7-bccc-26afeb79f15c
2019-08-28 04:43:59,874 [pool-82-thread-1] INFO  server.RaftServerConfigKeys (ConfUtils.java:logGet(43)) - raft.server.log.queue.byte-limit = 2147483647 (custom)
2019-08-28 04:43:59,874 [pool-82-thread-1] INFO  server.RaftServerConfigKeys (ConfUtils.java:logGet(43)) - raft.server.log.queue.element-limit = 1024 (custom)
2019-08-28 04:43:59,875 [pool-82-thread-1] INFO  server.RaftServerConfigKeys (ConfUtils.java:logGet(43)) - raft.server.log.segment.size.max = 1048576 (custom)
2019-08-28 04:43:59,875 [pool-82-thread-1] INFO  server.RaftServerConfigKeys (ConfUtils.java:logGet(43)) - raft.server.log.preallocated.size = 16384 (custom)
2019-08-28 04:43:59,875 [pool-82-thread-1] INFO  server.RaftServerConfigKeys (ConfUtils.java:logGet(43)) - raft.server.log.write.buffer.size = 33554432 (custom)
2019-08-28 04:43:59,875 [pool-82-thread-1] INFO  server.RaftServerConfigKeys (ConfUtils.java:logGet(43)) - raft.server.log.force.sync.num = 128 (default)
2019-08-28 04:43:59,875 [pool-82-thread-1] INFO  server.RaftServerConfigKeys (ConfUtils.java:logGet(43)) - raft.server.log.statemachine.data.sync = true (default)
2019-08-28 04:43:59,875 [pool-82-thread-1] INFO  server.RaftServerConfigKeys (ConfUtils.java:logGet(43)) - raft.server.log.statemachine.data.sync.timeout = 10s (default)
2019-08-28 04:43:59,876 [pool-82-thread-1] INFO  server.RaftServerConfigKeys (ConfUtils.java:logGet(43)) - raft.server.log.statemachine.data.sync.timeout.retry = -1 (default)
2019-08-28 04:43:59,876 [pool-82-thread-1] INFO  server.RaftServerConfigKeys (ConfUtils.java:logGet(43)) - raft.server.log.statemachine.data.caching.enabled = true (custom)
2019-08-28 04:43:59,876 [pool-82-thread-1] INFO  segmented.SegmentedRaftLogWorker (SegmentedRaftLogWorker.java:lambda$new$0(132)) - aaa2da48-ccc8-4121-a1a5-30f8a5c77378-SegmentedRaftLogWorker:Storage Directory /workdir/hadoop-ozone/integration-test/target/test-dir/MiniOzoneClusterImpl-dee0cb60-1d83-42ef-98aa-30f750bc63a6/datanode-5/data/ratis/a3a1472a-8c76-47a7-bccc-26afeb79f15c: flushIndex: setUnconditionally 0 -> -1
2019-08-28 04:43:59,877 [pool-82-thread-1] INFO  server.RaftServerConfigKeys (ConfUtils.java:logGet(43)) - raft.server.snapshot.auto.trigger.enabled = true (custom)
2019-08-28 04:43:59,877 [pool-82-thread-1] INFO  server.RaftServerConfigKeys (ConfUtils.java:logGet(43)) - raft.server.snapshot.auto.trigger.threshold = 10000 (custom)
2019-08-28 04:43:59,877 [pool-82-thread-1] INFO  server.RaftServerConfigKeys (ConfUtils.java:logGet(43)) - raft.server.retrycache.expirytime = 600000ms (custom)
2019-08-28 04:43:59,877 [pool-82-thread-1] INFO  impl.RaftServerImpl (RaftServerImpl.java:start(180)) - aaa2da48-ccc8-4121-a1a5-30f8a5c77378: start group-26AFEB79F15C
2019-08-28 04:43:59,877 [pool-82-thread-1] INFO  impl.RaftServerImpl (RaftServerImpl.java:setRole(171)) - aaa2da48-ccc8-4121-a1a5-30f8a5c77378:group-26AFEB79F15C changes role from null to FOLLOWER at term 0 for startAsFollower
2019-08-28 04:43:59,878 [pool-82-thread-1] INFO  impl.RoleInfo (RoleInfo.java:updateAndGet(143)) - aaa2da48-ccc8-4121-a1a5-30f8a5c77378: start FollowerState
2019-08-28 04:43:59,878 [pool-82-thread-1] INFO  util.JmxRegister (JmxRegister.java:tryRegister(44)) - Successfully registered JMX Bean with object name Ratis:service=RaftServer,group=group-26AFEB79F15C,id=aaa2da48-ccc8-4121-a1a5-30f8a5c77378
2019-08-28 04:43:59,889 [RatisPipelineUtilsThread] INFO  pipeline.PipelineStateManager (PipelineStateManager.java:addPipeline(56)) - Created pipeline Pipeline[ Id: a3a1472a-8c76-47a7-bccc-26afeb79f15c, Nodes: aaa2da48-ccc8-4121-a1a5-30f8a5c77378{ip: 192.168.69.75, host: pr-hdds-2014-rr4xc-1992234301, networkLocation: /default-rack, certSerialId: null}, Type:RATIS, Factor:ONE, State:OPEN]
2019-08-28 04:43:59,911 [grpc-default-executor-0] INFO  impl.RaftServerProxy (RaftServerProxy.java:addNew(89)) - 8bdb61b5-fa98-4739-8e0a-5280a4fe194a: addNew group-F8B324DE6513:[8bdb61b5-fa98-4739-8e0a-5280a4fe194a:192.168.69.75:35171] returns group-F8B324DE6513:java.util.concurrent.CompletableFuture@2cf25237[Not completed]
2019-08-28 04:43:59,915 [pool-93-thread-1] INFO  impl.RaftServerImpl (RaftServerImpl.java:<init>(93)) - 8bdb61b5-fa98-4739-8e0a-5280a4fe194a: new RaftServerImpl for group-F8B324DE6513:[8bdb61b5-fa98-4739-8e0a-5280a4fe194a:192.168.69.75:35171] with ContainerStateMachine:uninitialized
2019-08-28 04:43:59,915 [pool-93-thread-1] INFO  server.RaftServerConfigKeys (ConfUtils.java:logGet(43)) - raft.server.rpc.timeout.min = 5s (custom)
2019-08-28 04:43:59,916 [pool-93-thread-1] INFO  server.RaftServerConfigKeys (ConfUtils.java:logGet(43)) - raft.server.rpc.timeout.max = 5200ms (custom)
2019-08-28 04:43:59,916 [pool-93-thread-1] INFO  server.RaftServerConfigKeys (ConfUtils.java:logGet(43)) - raft.server.rpcslowness.timeout = 120s (custom)
2019-08-28 04:43:59,916 [pool-93-thread-1] INFO  server.RaftServerConfigKeys (ConfUtils.java:logGet(43)) - raft.server.sleep.deviation.threshold = 300 (default)
2019-08-28 04:43:59,916 [pool-93-thread-1] INFO  server.RaftServerConfigKeys (ConfUtils.java:logGet(43)) - raft.server.log.appender.install.snapshot.enabled = false (custom)
2019-08-28 04:43:59,916 [pool-93-thread-1] INFO  impl.RaftServerImpl (ServerState.java:<init>(105)) - 8bdb61b5-fa98-4739-8e0a-5280a4fe194a:group-F8B324DE6513 ConfigurationManager, init=-1: [8bdb61b5-fa98-4739-8e0a-5280a4fe194a:192.168.69.75:35171], old=null, confs=<EMPTY_MAP>
2019-08-28 04:43:59,917 [pool-93-thread-1] INFO  server.RaftServerConfigKeys (ConfUtils.java:logGet(43)) - raft.server.storage.dir = [/workdir/hadoop-ozone/integration-test/target/test-dir/MiniOzoneClusterImpl-dee0cb60-1d83-42ef-98aa-30f750bc63a6/datanode-6/data/ratis] (custom)
2019-08-28 04:43:59,917 [pool-93-thread-1] INFO  storage.RaftStorageDirectory (RaftStorageDirectory.java:analyzeStorage(246)) - The storage directory /workdir/hadoop-ozone/integration-test/target/test-dir/MiniOzoneClusterImpl-dee0cb60-1d83-42ef-98aa-30f750bc63a6/datanode-6/data/ratis/7f78c0ba-1d88-4e53-a486-f8b324de6513 does not exist. Creating ...
2019-08-28 04:43:59,923 [pool-93-thread-1] INFO  storage.RaftStorageDirectory (RaftStorageDirectory.java:tryLock(328)) - Lock on /workdir/hadoop-ozone/integration-test/target/test-dir/MiniOzoneClusterImpl-dee0cb60-1d83-42ef-98aa-30f750bc63a6/datanode-6/data/ratis/7f78c0ba-1d88-4e53-a486-f8b324de6513/in_use.lock acquired by nodename 16601@pr-hdds-2014-rr4xc-1992234301
2019-08-28 04:43:59,931 [pool-93-thread-1] INFO  storage.RaftStorage (RaftStorage.java:format(72)) - Storage directory /workdir/hadoop-ozone/integration-test/target/test-dir/MiniOzoneClusterImpl-dee0cb60-1d83-42ef-98aa-30f750bc63a6/datanode-6/data/ratis/7f78c0ba-1d88-4e53-a486-f8b324de6513 has been successfully formatted.
2019-08-28 04:43:59,932 [pool-93-thread-1] INFO  ratis.ContainerStateMachine (ContainerStateMachine.java:loadSnapshot(226)) - group-F8B324DE6513: The snapshot info is null. Setting the last applied indexto:(t:0, i:~)
2019-08-28 04:43:59,932 [pool-93-thread-1] INFO  server.RaftServerConfigKeys (ConfUtils.java:logGet(43)) - raft.server.leader.election.timeout = 120s (custom)
2019-08-28 04:43:59,932 [pool-93-thread-1] INFO  server.RaftServerConfigKeys (ConfUtils.java:logGet(43)) - raft.server.log.use.memory = false (default)
2019-08-28 04:43:59,932 [pool-93-thread-1] INFO  server.RaftServerConfigKeys (ConfUtils.java:logGet(43)) - raft.server.log.purge.gap = 1000000 (custom)
2019-08-28 04:43:59,932 [pool-93-thread-1] INFO  server.RaftServerConfigKeys (ConfUtils.java:logGet(43)) - raft.server.log.appender.buffer.byte-limit = 33554432 (custom)
2019-08-28 04:43:59,933 [pool-93-thread-1] INFO  server.RaftServerConfigKeys (ConfUtils.java:logGet(43)) - raft.server.log.segment.size.max = 1048576 (custom)
2019-08-28 04:43:59,933 [pool-93-thread-1] INFO  server.RaftServerConfigKeys (ConfUtils.java:logGet(43)) - raft.server.log.segment.cache.num.max = 2 (custom)
2019-08-28 04:43:59,933 [pool-93-thread-1] INFO  segmented.SegmentedRaftLogWorker (SegmentedRaftLogWorker.java:<init>(172)) - new 8bdb61b5-fa98-4739-8e0a-5280a4fe194a-SegmentedRaftLogWorker:Storage Directory /workdir/hadoop-ozone/integration-test/target/test-dir/MiniOzoneClusterImpl-dee0cb60-1d83-42ef-98aa-30f750bc63a6/datanode-6/data/ratis/7f78c0ba-1d88-4e53-a486-f8b324de6513 for RaftStorage:Storage Directory /workdir/hadoop-ozone/integration-test/target/test-dir/MiniOzoneClusterImpl-dee0cb60-1d83-42ef-98aa-30f750bc63a6/datanode-6/data/ratis/7f78c0ba-1d88-4e53-a486-f8b324de6513
2019-08-28 04:43:59,933 [pool-93-thread-1] INFO  server.RaftServerConfigKeys (ConfUtils.java:logGet(43)) - raft.server.log.queue.byte-limit = 2147483647 (custom)
2019-08-28 04:43:59,934 [pool-93-thread-1] INFO  server.RaftServerConfigKeys (ConfUtils.java:logGet(43)) - raft.server.log.queue.element-limit = 1024 (custom)
2019-08-28 04:43:59,934 [pool-93-thread-1] INFO  server.RaftServerConfigKeys (ConfUtils.java:logGet(43)) - raft.server.log.segment.size.max = 1048576 (custom)
2019-08-28 04:43:59,934 [pool-93-thread-1] INFO  server.RaftServerConfigKeys (ConfUtils.java:logGet(43)) - raft.server.log.preallocated.size = 16384 (custom)
2019-08-28 04:43:59,934 [pool-93-thread-1] INFO  server.RaftServerConfigKeys (ConfUtils.java:logGet(43)) - raft.server.log.write.buffer.size = 33554432 (custom)
2019-08-28 04:43:59,935 [pool-93-thread-1] INFO  server.RaftServerConfigKeys (ConfUtils.java:logGet(43)) - raft.server.log.force.sync.num = 128 (default)
2019-08-28 04:43:59,935 [pool-93-thread-1] INFO  server.RaftServerConfigKeys (ConfUtils.java:logGet(43)) - raft.server.log.statemachine.data.sync = true (default)
2019-08-28 04:43:59,935 [pool-93-thread-1] INFO  server.RaftServerConfigKeys (ConfUtils.java:logGet(43)) - raft.server.log.statemachine.data.sync.timeout = 10s (default)
2019-08-28 04:43:59,935 [pool-93-thread-1] INFO  server.RaftServerConfigKeys (ConfUtils.java:logGet(43)) - raft.server.log.statemachine.data.sync.timeout.retry = -1 (default)
2019-08-28 04:43:59,935 [pool-93-thread-1] INFO  server.RaftServerConfigKeys (ConfUtils.java:logGet(43)) - raft.server.log.statemachine.data.caching.enabled = true (custom)
2019-08-28 04:43:59,936 [pool-93-thread-1] INFO  segmented.SegmentedRaftLogWorker (SegmentedRaftLogWorker.java:lambda$new$0(132)) - 8bdb61b5-fa98-4739-8e0a-5280a4fe194a-SegmentedRaftLogWorker:Storage Directory /workdir/hadoop-ozone/integration-test/target/test-dir/MiniOzoneClusterImpl-dee0cb60-1d83-42ef-98aa-30f750bc63a6/datanode-6/data/ratis/7f78c0ba-1d88-4e53-a486-f8b324de6513: flushIndex: setUnconditionally 0 -> -1
2019-08-28 04:43:59,936 [pool-93-thread-1] INFO  server.RaftServerConfigKeys (ConfUtils.java:logGet(43)) - raft.server.snapshot.auto.trigger.enabled = true (custom)
2019-08-28 04:43:59,936 [pool-93-thread-1] INFO  server.RaftServerConfigKeys (ConfUtils.java:logGet(43)) - raft.server.snapshot.auto.trigger.threshold = 10000 (custom)
2019-08-28 04:43:59,937 [pool-93-thread-1] INFO  server.RaftServerConfigKeys (ConfUtils.java:logGet(43)) - raft.server.retrycache.expirytime = 600000ms (custom)
2019-08-28 04:43:59,937 [pool-93-thread-1] INFO  impl.RaftServerImpl (RaftServerImpl.java:start(180)) - 8bdb61b5-fa98-4739-8e0a-5280a4fe194a: start group-F8B324DE6513
2019-08-28 04:43:59,937 [pool-93-thread-1] INFO  impl.RaftServerImpl (RaftServerImpl.java:setRole(171)) - 8bdb61b5-fa98-4739-8e0a-5280a4fe194a:group-F8B324DE6513 changes role from null to FOLLOWER at term 0 for startAsFollower
2019-08-28 04:43:59,937 [pool-93-thread-1] INFO  impl.RoleInfo (RoleInfo.java:updateAndGet(143)) - 8bdb61b5-fa98-4739-8e0a-5280a4fe194a: start FollowerState
2019-08-28 04:43:59,938 [pool-93-thread-1] INFO  util.JmxRegister (JmxRegister.java:tryRegister(44)) - Successfully registered JMX Bean with object name Ratis:service=RaftServer,group=group-F8B324DE6513,id=8bdb61b5-fa98-4739-8e0a-5280a4fe194a
2019-08-28 04:43:59,948 [RatisPipelineUtilsThread] INFO  pipeline.PipelineStateManager (PipelineStateManager.java:addPipeline(56)) - Created pipeline Pipeline[ Id: 7f78c0ba-1d88-4e53-a486-f8b324de6513, Nodes: 8bdb61b5-fa98-4739-8e0a-5280a4fe194a{ip: 192.168.69.75, host: pr-hdds-2014-rr4xc-1992234301, networkLocation: /default-rack, certSerialId: null}, Type:RATIS, Factor:ONE, State:OPEN]
2019-08-28 04:43:59,967 [grpc-default-executor-0] INFO  impl.RaftServerProxy (RaftServerProxy.java:addNew(89)) - 8dbdf2d3-0592-4172-9c9d-ce42eb2799ca: addNew group-F6DCAD0FAAF3:[8dbdf2d3-0592-4172-9c9d-ce42eb2799ca:192.168.69.75:46585] returns group-F6DCAD0FAAF3:java.util.concurrent.CompletableFuture@1859fe80[Not completed]
2019-08-28 04:43:59,970 [pool-60-thread-1] INFO  impl.RaftServerImpl (RaftServerImpl.java:<init>(93)) - 8dbdf2d3-0592-4172-9c9d-ce42eb2799ca: new RaftServerImpl for group-F6DCAD0FAAF3:[8dbdf2d3-0592-4172-9c9d-ce42eb2799ca:192.168.69.75:46585] with ContainerStateMachine:uninitialized
2019-08-28 04:43:59,971 [pool-60-thread-1] INFO  server.RaftServerConfigKeys (ConfUtils.java:logGet(43)) - raft.server.rpc.timeout.min = 5s (custom)
2019-08-28 04:43:59,971 [pool-60-thread-1] INFO  server.RaftServerConfigKeys (ConfUtils.java:logGet(43)) - raft.server.rpc.timeout.max = 5200ms (custom)
2019-08-28 04:43:59,971 [pool-60-thread-1] INFO  server.RaftServerConfigKeys (ConfUtils.java:logGet(43)) - raft.server.rpcslowness.timeout = 120s (custom)
2019-08-28 04:43:59,971 [pool-60-thread-1] INFO  server.RaftServerConfigKeys (ConfUtils.java:logGet(43)) - raft.server.sleep.deviation.threshold = 300 (default)
2019-08-28 04:43:59,971 [pool-60-thread-1] INFO  server.RaftServerConfigKeys (ConfUtils.java:logGet(43)) - raft.server.log.appender.install.snapshot.enabled = false (custom)
2019-08-28 04:43:59,971 [pool-60-thread-1] INFO  impl.RaftServerImpl (ServerState.java:<init>(105)) - 8dbdf2d3-0592-4172-9c9d-ce42eb2799ca:group-F6DCAD0FAAF3 ConfigurationManager, init=-1: [8dbdf2d3-0592-4172-9c9d-ce42eb2799ca:192.168.69.75:46585], old=null, confs=<EMPTY_MAP>
2019-08-28 04:43:59,972 [pool-60-thread-1] INFO  server.RaftServerConfigKeys (ConfUtils.java:logGet(43)) - raft.server.storage.dir = [/workdir/hadoop-ozone/integration-test/target/test-dir/MiniOzoneClusterImpl-dee0cb60-1d83-42ef-98aa-30f750bc63a6/datanode-3/data/ratis] (custom)
2019-08-28 04:43:59,972 [pool-60-thread-1] INFO  storage.RaftStorageDirectory (RaftStorageDirectory.java:analyzeStorage(246)) - The storage directory /workdir/hadoop-ozone/integration-test/target/test-dir/MiniOzoneClusterImpl-dee0cb60-1d83-42ef-98aa-30f750bc63a6/datanode-3/data/ratis/189e3edf-4c4b-4a9e-966c-f6dcad0faaf3 does not exist. Creating ...
2019-08-28 04:43:59,981 [pool-60-thread-1] INFO  storage.RaftStorageDirectory (RaftStorageDirectory.java:tryLock(328)) - Lock on /workdir/hadoop-ozone/integration-test/target/test-dir/MiniOzoneClusterImpl-dee0cb60-1d83-42ef-98aa-30f750bc63a6/datanode-3/data/ratis/189e3edf-4c4b-4a9e-966c-f6dcad0faaf3/in_use.lock acquired by nodename 16601@pr-hdds-2014-rr4xc-1992234301
2019-08-28 04:43:59,991 [pool-60-thread-1] INFO  storage.RaftStorage (RaftStorage.java:format(72)) - Storage directory /workdir/hadoop-ozone/integration-test/target/test-dir/MiniOzoneClusterImpl-dee0cb60-1d83-42ef-98aa-30f750bc63a6/datanode-3/data/ratis/189e3edf-4c4b-4a9e-966c-f6dcad0faaf3 has been successfully formatted.
2019-08-28 04:43:59,992 [pool-60-thread-1] INFO  ratis.ContainerStateMachine (ContainerStateMachine.java:loadSnapshot(226)) - group-F6DCAD0FAAF3: The snapshot info is null. Setting the last applied indexto:(t:0, i:~)
2019-08-28 04:43:59,992 [pool-60-thread-1] INFO  server.RaftServerConfigKeys (ConfUtils.java:logGet(43)) - raft.server.leader.election.timeout = 120s (custom)
2019-08-28 04:43:59,992 [pool-60-thread-1] INFO  server.RaftServerConfigKeys (ConfUtils.java:logGet(43)) - raft.server.log.use.memory = false (default)
2019-08-28 04:43:59,992 [pool-60-thread-1] INFO  server.RaftServerConfigKeys (ConfUtils.java:logGet(43)) - raft.server.log.purge.gap = 1000000 (custom)
2019-08-28 04:43:59,992 [pool-60-thread-1] INFO  server.RaftServerConfigKeys (ConfUtils.java:logGet(43)) - raft.server.log.appender.buffer.byte-limit = 33554432 (custom)
2019-08-28 04:43:59,993 [pool-60-thread-1] INFO  server.RaftServerConfigKeys (ConfUtils.java:logGet(43)) - raft.server.log.segment.size.max = 1048576 (custom)
2019-08-28 04:43:59,993 [pool-60-thread-1] INFO  server.RaftServerConfigKeys (ConfUtils.java:logGet(43)) - raft.server.log.segment.cache.num.max = 2 (custom)
2019-08-28 04:43:59,993 [pool-60-thread-1] INFO  segmented.SegmentedRaftLogWorker (SegmentedRaftLogWorker.java:<init>(172)) - new 8dbdf2d3-0592-4172-9c9d-ce42eb2799ca-SegmentedRaftLogWorker:Storage Directory /workdir/hadoop-ozone/integration-test/target/test-dir/MiniOzoneClusterImpl-dee0cb60-1d83-42ef-98aa-30f750bc63a6/datanode-3/data/ratis/189e3edf-4c4b-4a9e-966c-f6dcad0faaf3 for RaftStorage:Storage Directory /workdir/hadoop-ozone/integration-test/target/test-dir/MiniOzoneClusterImpl-dee0cb60-1d83-42ef-98aa-30f750bc63a6/datanode-3/data/ratis/189e3edf-4c4b-4a9e-966c-f6dcad0faaf3
2019-08-28 04:43:59,993 [pool-60-thread-1] INFO  server.RaftServerConfigKeys (ConfUtils.java:logGet(43)) - raft.server.log.queue.byte-limit = 2147483647 (custom)
2019-08-28 04:43:59,993 [pool-60-thread-1] INFO  server.RaftServerConfigKeys (ConfUtils.java:logGet(43)) - raft.server.log.queue.element-limit = 1024 (custom)
2019-08-28 04:43:59,994 [pool-60-thread-1] INFO  server.RaftServerConfigKeys (ConfUtils.java:logGet(43)) - raft.server.log.segment.size.max = 1048576 (custom)
2019-08-28 04:43:59,994 [pool-60-thread-1] INFO  server.RaftServerConfigKeys (ConfUtils.java:logGet(43)) - raft.server.log.preallocated.size = 16384 (custom)
2019-08-28 04:43:59,994 [pool-60-thread-1] INFO  server.RaftServerConfigKeys (ConfUtils.java:logGet(43)) - raft.server.log.write.buffer.size = 33554432 (custom)
2019-08-28 04:43:59,994 [pool-60-thread-1] INFO  server.RaftServerConfigKeys (ConfUtils.java:logGet(43)) - raft.server.log.force.sync.num = 128 (default)
2019-08-28 04:43:59,994 [pool-60-thread-1] INFO  server.RaftServerConfigKeys (ConfUtils.java:logGet(43)) - raft.server.log.statemachine.data.sync = true (default)
2019-08-28 04:43:59,994 [pool-60-thread-1] INFO  server.RaftServerConfigKeys (ConfUtils.java:logGet(43)) - raft.server.log.statemachine.data.sync.timeout = 10s (default)
2019-08-28 04:43:59,995 [pool-60-thread-1] INFO  server.RaftServerConfigKeys (ConfUtils.java:logGet(43)) - raft.server.log.statemachine.data.sync.timeout.retry = -1 (default)
2019-08-28 04:43:59,995 [pool-60-thread-1] INFO  server.RaftServerConfigKeys (ConfUtils.java:logGet(43)) - raft.server.log.statemachine.data.caching.enabled = true (custom)
2019-08-28 04:43:59,995 [pool-60-thread-1] INFO  segmented.SegmentedRaftLogWorker (SegmentedRaftLogWorker.java:lambda$new$0(132)) - 8dbdf2d3-0592-4172-9c9d-ce42eb2799ca-SegmentedRaftLogWorker:Storage Directory /workdir/hadoop-ozone/integration-test/target/test-dir/MiniOzoneClusterImpl-dee0cb60-1d83-42ef-98aa-30f750bc63a6/datanode-3/data/ratis/189e3edf-4c4b-4a9e-966c-f6dcad0faaf3: flushIndex: setUnconditionally 0 -> -1
2019-08-28 04:43:59,996 [pool-60-thread-1] INFO  server.RaftServerConfigKeys (ConfUtils.java:logGet(43)) - raft.server.snapshot.auto.trigger.enabled = true (custom)
2019-08-28 04:43:59,996 [pool-60-thread-1] INFO  server.RaftServerConfigKeys (ConfUtils.java:logGet(43)) - raft.server.snapshot.auto.trigger.threshold = 10000 (custom)
2019-08-28 04:43:59,996 [pool-60-thread-1] INFO  server.RaftServerConfigKeys (ConfUtils.java:logGet(43)) - raft.server.retrycache.expirytime = 600000ms (custom)
2019-08-28 04:43:59,996 [pool-60-thread-1] INFO  impl.RaftServerImpl (RaftServerImpl.java:start(180)) - 8dbdf2d3-0592-4172-9c9d-ce42eb2799ca: start group-F6DCAD0FAAF3
2019-08-28 04:43:59,996 [pool-60-thread-1] INFO  impl.RaftServerImpl (RaftServerImpl.java:setRole(171)) - 8dbdf2d3-0592-4172-9c9d-ce42eb2799ca:group-F6DCAD0FAAF3 changes role from null to FOLLOWER at term 0 for startAsFollower
2019-08-28 04:43:59,997 [pool-60-thread-1] INFO  impl.RoleInfo (RoleInfo.java:updateAndGet(143)) - 8dbdf2d3-0592-4172-9c9d-ce42eb2799ca: start FollowerState
2019-08-28 04:43:59,997 [pool-60-thread-1] INFO  util.JmxRegister (JmxRegister.java:tryRegister(44)) - Successfully registered JMX Bean with object name Ratis:service=RaftServer,group=group-F6DCAD0FAAF3,id=8dbdf2d3-0592-4172-9c9d-ce42eb2799ca
2019-08-28 04:44:00,011 [RatisPipelineUtilsThread] INFO  pipeline.PipelineStateManager (PipelineStateManager.java:addPipeline(56)) - Created pipeline Pipeline[ Id: 189e3edf-4c4b-4a9e-966c-f6dcad0faaf3, Nodes: 8dbdf2d3-0592-4172-9c9d-ce42eb2799ca{ip: 192.168.69.75, host: pr-hdds-2014-rr4xc-1992234301, networkLocation: /default-rack, certSerialId: null}, Type:RATIS, Factor:ONE, State:OPEN]
2019-08-28 04:44:00,039 [grpc-default-executor-0] INFO  impl.RaftServerProxy (RaftServerProxy.java:addNew(89)) - 025d69ad-6f0c-4e69-9dfc-3a983de9ebc7: addNew group-72C2627363E9:[025d69ad-6f0c-4e69-9dfc-3a983de9ebc7:192.168.69.75:36131] returns group-72C2627363E9:java.util.concurrent.CompletableFuture@7ab32eed[Not completed]
2019-08-28 04:44:00,040 [pool-38-thread-1] INFO  impl.RaftServerImpl (RaftServerImpl.java:<init>(93)) - 025d69ad-6f0c-4e69-9dfc-3a983de9ebc7: new RaftServerImpl for group-72C2627363E9:[025d69ad-6f0c-4e69-9dfc-3a983de9ebc7:192.168.69.75:36131] with ContainerStateMachine:uninitialized
2019-08-28 04:44:00,040 [pool-38-thread-1] INFO  server.RaftServerConfigKeys (ConfUtils.java:logGet(43)) - raft.server.rpc.timeout.min = 5s (custom)
2019-08-28 04:44:00,040 [pool-38-thread-1] INFO  server.RaftServerConfigKeys (ConfUtils.java:logGet(43)) - raft.server.rpc.timeout.max = 5200ms (custom)
2019-08-28 04:44:00,040 [pool-38-thread-1] INFO  server.RaftServerConfigKeys (ConfUtils.java:logGet(43)) - raft.server.rpcslowness.timeout = 120s (custom)
2019-08-28 04:44:00,040 [pool-38-thread-1] INFO  server.RaftServerConfigKeys (ConfUtils.java:logGet(43)) - raft.server.sleep.deviation.threshold = 300 (default)
2019-08-28 04:44:00,040 [pool-38-thread-1] INFO  server.RaftServerConfigKeys (ConfUtils.java:logGet(43)) - raft.server.log.appender.install.snapshot.enabled = false (custom)
2019-08-28 04:44:00,040 [pool-38-thread-1] INFO  impl.RaftServerImpl (ServerState.java:<init>(105)) - 025d69ad-6f0c-4e69-9dfc-3a983de9ebc7:group-72C2627363E9 ConfigurationManager, init=-1: [025d69ad-6f0c-4e69-9dfc-3a983de9ebc7:192.168.69.75:36131], old=null, confs=<EMPTY_MAP>
2019-08-28 04:44:00,041 [pool-38-thread-1] INFO  server.RaftServerConfigKeys (ConfUtils.java:logGet(43)) - raft.server.storage.dir = [/workdir/hadoop-ozone/integration-test/target/test-dir/MiniOzoneClusterImpl-dee0cb60-1d83-42ef-98aa-30f750bc63a6/datanode-1/data/ratis] (custom)
2019-08-28 04:44:00,041 [pool-38-thread-1] INFO  storage.RaftStorageDirectory (RaftStorageDirectory.java:analyzeStorage(246)) - The storage directory /workdir/hadoop-ozone/integration-test/target/test-dir/MiniOzoneClusterImpl-dee0cb60-1d83-42ef-98aa-30f750bc63a6/datanode-1/data/ratis/9d83c3d8-0d35-4b25-a466-72c2627363e9 does not exist. Creating ...
2019-08-28 04:44:00,050 [pool-38-thread-1] INFO  storage.RaftStorageDirectory (RaftStorageDirectory.java:tryLock(328)) - Lock on /workdir/hadoop-ozone/integration-test/target/test-dir/MiniOzoneClusterImpl-dee0cb60-1d83-42ef-98aa-30f750bc63a6/datanode-1/data/ratis/9d83c3d8-0d35-4b25-a466-72c2627363e9/in_use.lock acquired by nodename 16601@pr-hdds-2014-rr4xc-1992234301
2019-08-28 04:44:00,063 [pool-38-thread-1] INFO  storage.RaftStorage (RaftStorage.java:format(72)) - Storage directory /workdir/hadoop-ozone/integration-test/target/test-dir/MiniOzoneClusterImpl-dee0cb60-1d83-42ef-98aa-30f750bc63a6/datanode-1/data/ratis/9d83c3d8-0d35-4b25-a466-72c2627363e9 has been successfully formatted.
2019-08-28 04:44:00,063 [pool-38-thread-1] INFO  ratis.ContainerStateMachine (ContainerStateMachine.java:loadSnapshot(226)) - group-72C2627363E9: The snapshot info is null. Setting the last applied indexto:(t:0, i:~)
2019-08-28 04:44:00,063 [pool-38-thread-1] INFO  server.RaftServerConfigKeys (ConfUtils.java:logGet(43)) - raft.server.leader.election.timeout = 120s (custom)
2019-08-28 04:44:00,063 [pool-38-thread-1] INFO  server.RaftServerConfigKeys (ConfUtils.java:logGet(43)) - raft.server.log.use.memory = false (default)
2019-08-28 04:44:00,064 [pool-38-thread-1] INFO  server.RaftServerConfigKeys (ConfUtils.java:logGet(43)) - raft.server.log.purge.gap = 1000000 (custom)
2019-08-28 04:44:00,064 [pool-38-thread-1] INFO  server.RaftServerConfigKeys (ConfUtils.java:logGet(43)) - raft.server.log.appender.buffer.byte-limit = 33554432 (custom)
2019-08-28 04:44:00,064 [pool-38-thread-1] INFO  server.RaftServerConfigKeys (ConfUtils.java:logGet(43)) - raft.server.log.segment.size.max = 1048576 (custom)
2019-08-28 04:44:00,064 [pool-38-thread-1] INFO  server.RaftServerConfigKeys (ConfUtils.java:logGet(43)) - raft.server.log.segment.cache.num.max = 2 (custom)
2019-08-28 04:44:00,064 [pool-38-thread-1] INFO  segmented.SegmentedRaftLogWorker (SegmentedRaftLogWorker.java:<init>(172)) - new 025d69ad-6f0c-4e69-9dfc-3a983de9ebc7-SegmentedRaftLogWorker:Storage Directory /workdir/hadoop-ozone/integration-test/target/test-dir/MiniOzoneClusterImpl-dee0cb60-1d83-42ef-98aa-30f750bc63a6/datanode-1/data/ratis/9d83c3d8-0d35-4b25-a466-72c2627363e9 for RaftStorage:Storage Directory /workdir/hadoop-ozone/integration-test/target/test-dir/MiniOzoneClusterImpl-dee0cb60-1d83-42ef-98aa-30f750bc63a6/datanode-1/data/ratis/9d83c3d8-0d35-4b25-a466-72c2627363e9
2019-08-28 04:44:00,064 [pool-38-thread-1] INFO  server.RaftServerConfigKeys (ConfUtils.java:logGet(43)) - raft.server.log.queue.byte-limit = 2147483647 (custom)
2019-08-28 04:44:00,064 [pool-38-thread-1] INFO  server.RaftServerConfigKeys (ConfUtils.java:logGet(43)) - raft.server.log.queue.element-limit = 1024 (custom)
2019-08-28 04:44:00,064 [pool-38-thread-1] INFO  server.RaftServerConfigKeys (ConfUtils.java:logGet(43)) - raft.server.log.segment.size.max = 1048576 (custom)
2019-08-28 04:44:00,065 [pool-38-thread-1] INFO  server.RaftServerConfigKeys (ConfUtils.java:logGet(43)) - raft.server.log.preallocated.size = 16384 (custom)
2019-08-28 04:44:00,065 [pool-38-thread-1] INFO  server.RaftServerConfigKeys (ConfUtils.java:logGet(43)) - raft.server.log.write.buffer.size = 33554432 (custom)
2019-08-28 04:44:00,065 [pool-38-thread-1] INFO  server.RaftServerConfigKeys (ConfUtils.java:logGet(43)) - raft.server.log.force.sync.num = 128 (default)
2019-08-28 04:44:00,065 [pool-38-thread-1] INFO  server.RaftServerConfigKeys (ConfUtils.java:logGet(43)) - raft.server.log.statemachine.data.sync = true (default)
2019-08-28 04:44:00,065 [pool-38-thread-1] INFO  server.RaftServerConfigKeys (ConfUtils.java:logGet(43)) - raft.server.log.statemachine.data.sync.timeout = 10s (default)
2019-08-28 04:44:00,065 [pool-38-thread-1] INFO  server.RaftServerConfigKeys (ConfUtils.java:logGet(43)) - raft.server.log.statemachine.data.sync.timeout.retry = -1 (default)
2019-08-28 04:44:00,065 [pool-38-thread-1] INFO  server.RaftServerConfigKeys (ConfUtils.java:logGet(43)) - raft.server.log.statemachine.data.caching.enabled = true (custom)
2019-08-28 04:44:00,066 [pool-38-thread-1] INFO  segmented.SegmentedRaftLogWorker (SegmentedRaftLogWorker.java:lambda$new$0(132)) - 025d69ad-6f0c-4e69-9dfc-3a983de9ebc7-SegmentedRaftLogWorker:Storage Directory /workdir/hadoop-ozone/integration-test/target/test-dir/MiniOzoneClusterImpl-dee0cb60-1d83-42ef-98aa-30f750bc63a6/datanode-1/data/ratis/9d83c3d8-0d35-4b25-a466-72c2627363e9: flushIndex: setUnconditionally 0 -> -1
2019-08-28 04:44:00,066 [pool-38-thread-1] INFO  server.RaftServerConfigKeys (ConfUtils.java:logGet(43)) - raft.server.snapshot.auto.trigger.enabled = true (custom)
2019-08-28 04:44:00,066 [pool-38-thread-1] INFO  server.RaftServerConfigKeys (ConfUtils.java:logGet(43)) - raft.server.snapshot.auto.trigger.threshold = 10000 (custom)
2019-08-28 04:44:00,066 [pool-38-thread-1] INFO  server.RaftServerConfigKeys (ConfUtils.java:logGet(43)) - raft.server.retrycache.expirytime = 600000ms (custom)
2019-08-28 04:44:00,066 [pool-38-thread-1] INFO  impl.RaftServerImpl (RaftServerImpl.java:start(180)) - 025d69ad-6f0c-4e69-9dfc-3a983de9ebc7: start group-72C2627363E9
2019-08-28 04:44:00,066 [pool-38-thread-1] INFO  impl.RaftServerImpl (RaftServerImpl.java:setRole(171)) - 025d69ad-6f0c-4e69-9dfc-3a983de9ebc7:group-72C2627363E9 changes role from null to FOLLOWER at term 0 for startAsFollower
2019-08-28 04:44:00,067 [pool-38-thread-1] INFO  impl.RoleInfo (RoleInfo.java:updateAndGet(143)) - 025d69ad-6f0c-4e69-9dfc-3a983de9ebc7: start FollowerState
2019-08-28 04:44:00,067 [pool-38-thread-1] INFO  util.JmxRegister (JmxRegister.java:tryRegister(44)) - Successfully registered JMX Bean with object name Ratis:service=RaftServer,group=group-72C2627363E9,id=025d69ad-6f0c-4e69-9dfc-3a983de9ebc7
2019-08-28 04:44:00,078 [RatisPipelineUtilsThread] INFO  pipeline.PipelineStateManager (PipelineStateManager.java:addPipeline(56)) - Created pipeline Pipeline[ Id: 9d83c3d8-0d35-4b25-a466-72c2627363e9, Nodes: 025d69ad-6f0c-4e69-9dfc-3a983de9ebc7{ip: 192.168.69.75, host: pr-hdds-2014-rr4xc-1992234301, networkLocation: /default-rack, certSerialId: null}, Type:RATIS, Factor:ONE, State:OPEN]
2019-08-28 04:44:00,094 [grpc-default-executor-0] INFO  impl.RaftServerProxy (RaftServerProxy.java:addNew(89)) - f4072c9f-a22f-4281-b53d-4a46edeec81c: addNew group-6E35BE55A312:[f4072c9f-a22f-4281-b53d-4a46edeec81c:192.168.69.75:43176] returns group-6E35BE55A312:java.util.concurrent.CompletableFuture@48a4c773[Not completed]
2019-08-28 04:44:00,099 [pool-71-thread-1] INFO  impl.RaftServerImpl (RaftServerImpl.java:<init>(93)) - f4072c9f-a22f-4281-b53d-4a46edeec81c: new RaftServerImpl for group-6E35BE55A312:[f4072c9f-a22f-4281-b53d-4a46edeec81c:192.168.69.75:43176] with ContainerStateMachine:uninitialized
2019-08-28 04:44:00,099 [pool-71-thread-1] INFO  server.RaftServerConfigKeys (ConfUtils.java:logGet(43)) - raft.server.rpc.timeout.min = 5s (custom)
2019-08-28 04:44:00,099 [pool-71-thread-1] INFO  server.RaftServerConfigKeys (ConfUtils.java:logGet(43)) - raft.server.rpc.timeout.max = 5200ms (custom)
2019-08-28 04:44:00,100 [pool-71-thread-1] INFO  server.RaftServerConfigKeys (ConfUtils.java:logGet(43)) - raft.server.rpcslowness.timeout = 120s (custom)
2019-08-28 04:44:00,100 [pool-71-thread-1] INFO  server.RaftServerConfigKeys (ConfUtils.java:logGet(43)) - raft.server.sleep.deviation.threshold = 300 (default)
2019-08-28 04:44:00,100 [pool-71-thread-1] INFO  server.RaftServerConfigKeys (ConfUtils.java:logGet(43)) - raft.server.log.appender.install.snapshot.enabled = false (custom)
2019-08-28 04:44:00,100 [pool-71-thread-1] INFO  impl.RaftServerImpl (ServerState.java:<init>(105)) - f4072c9f-a22f-4281-b53d-4a46edeec81c:group-6E35BE55A312 ConfigurationManager, init=-1: [f4072c9f-a22f-4281-b53d-4a46edeec81c:192.168.69.75:43176], old=null, confs=<EMPTY_MAP>
2019-08-28 04:44:00,100 [pool-71-thread-1] INFO  server.RaftServerConfigKeys (ConfUtils.java:logGet(43)) - raft.server.storage.dir = [/workdir/hadoop-ozone/integration-test/target/test-dir/MiniOzoneClusterImpl-dee0cb60-1d83-42ef-98aa-30f750bc63a6/datanode-4/data/ratis] (custom)
2019-08-28 04:44:00,100 [pool-71-thread-1] INFO  storage.RaftStorageDirectory (RaftStorageDirectory.java:analyzeStorage(246)) - The storage directory /workdir/hadoop-ozone/integration-test/target/test-dir/MiniOzoneClusterImpl-dee0cb60-1d83-42ef-98aa-30f750bc63a6/datanode-4/data/ratis/3302a080-5ee1-4706-bf76-6e35be55a312 does not exist. Creating ...
2019-08-28 04:44:00,142 [pool-71-thread-1] INFO  storage.RaftStorageDirectory (RaftStorageDirectory.java:tryLock(328)) - Lock on /workdir/hadoop-ozone/integration-test/target/test-dir/MiniOzoneClusterImpl-dee0cb60-1d83-42ef-98aa-30f750bc63a6/datanode-4/data/ratis/3302a080-5ee1-4706-bf76-6e35be55a312/in_use.lock acquired by nodename 16601@pr-hdds-2014-rr4xc-1992234301
2019-08-28 04:44:00,159 [pool-71-thread-1] INFO  storage.RaftStorage (RaftStorage.java:format(72)) - Storage directory /workdir/hadoop-ozone/integration-test/target/test-dir/MiniOzoneClusterImpl-dee0cb60-1d83-42ef-98aa-30f750bc63a6/datanode-4/data/ratis/3302a080-5ee1-4706-bf76-6e35be55a312 has been successfully formatted.
2019-08-28 04:44:00,159 [pool-71-thread-1] INFO  ratis.ContainerStateMachine (ContainerStateMachine.java:loadSnapshot(226)) - group-6E35BE55A312: The snapshot info is null. Setting the last applied indexto:(t:0, i:~)
2019-08-28 04:44:00,160 [pool-71-thread-1] INFO  server.RaftServerConfigKeys (ConfUtils.java:logGet(43)) - raft.server.leader.election.timeout = 120s (custom)
2019-08-28 04:44:00,160 [pool-71-thread-1] INFO  server.RaftServerConfigKeys (ConfUtils.java:logGet(43)) - raft.server.log.use.memory = false (default)
2019-08-28 04:44:00,160 [pool-71-thread-1] INFO  server.RaftServerConfigKeys (ConfUtils.java:logGet(43)) - raft.server.log.purge.gap = 1000000 (custom)
2019-08-28 04:44:00,160 [pool-71-thread-1] INFO  server.RaftServerConfigKeys (ConfUtils.java:logGet(43)) - raft.server.log.appender.buffer.byte-limit = 33554432 (custom)
2019-08-28 04:44:00,160 [pool-71-thread-1] INFO  server.RaftServerConfigKeys (ConfUtils.java:logGet(43)) - raft.server.log.segment.size.max = 1048576 (custom)
2019-08-28 04:44:00,160 [pool-71-thread-1] INFO  server.RaftServerConfigKeys (ConfUtils.java:logGet(43)) - raft.server.log.segment.cache.num.max = 2 (custom)
2019-08-28 04:44:00,161 [pool-71-thread-1] INFO  segmented.SegmentedRaftLogWorker (SegmentedRaftLogWorker.java:<init>(172)) - new f4072c9f-a22f-4281-b53d-4a46edeec81c-SegmentedRaftLogWorker:Storage Directory /workdir/hadoop-ozone/integration-test/target/test-dir/MiniOzoneClusterImpl-dee0cb60-1d83-42ef-98aa-30f750bc63a6/datanode-4/data/ratis/3302a080-5ee1-4706-bf76-6e35be55a312 for RaftStorage:Storage Directory /workdir/hadoop-ozone/integration-test/target/test-dir/MiniOzoneClusterImpl-dee0cb60-1d83-42ef-98aa-30f750bc63a6/datanode-4/data/ratis/3302a080-5ee1-4706-bf76-6e35be55a312
2019-08-28 04:44:00,161 [pool-71-thread-1] INFO  server.RaftServerConfigKeys (ConfUtils.java:logGet(43)) - raft.server.log.queue.byte-limit = 2147483647 (custom)
2019-08-28 04:44:00,161 [pool-71-thread-1] INFO  server.RaftServerConfigKeys (ConfUtils.java:logGet(43)) - raft.server.log.queue.element-limit = 1024 (custom)
2019-08-28 04:44:00,161 [pool-71-thread-1] INFO  server.RaftServerConfigKeys (ConfUtils.java:logGet(43)) - raft.server.log.segment.size.max = 1048576 (custom)
2019-08-28 04:44:00,162 [pool-71-thread-1] INFO  server.RaftServerConfigKeys (ConfUtils.java:logGet(43)) - raft.server.log.preallocated.size = 16384 (custom)
2019-08-28 04:44:00,162 [pool-71-thread-1] INFO  server.RaftServerConfigKeys (ConfUtils.java:logGet(43)) - raft.server.log.write.buffer.size = 33554432 (custom)
2019-08-28 04:44:00,162 [pool-71-thread-1] INFO  server.RaftServerConfigKeys (ConfUtils.java:logGet(43)) - raft.server.log.force.sync.num = 128 (default)
2019-08-28 04:44:00,162 [pool-71-thread-1] INFO  server.RaftServerConfigKeys (ConfUtils.java:logGet(43)) - raft.server.log.statemachine.data.sync = true (default)
2019-08-28 04:44:00,162 [pool-71-thread-1] INFO  server.RaftServerConfigKeys (ConfUtils.java:logGet(43)) - raft.server.log.statemachine.data.sync.timeout = 10s (default)
2019-08-28 04:44:00,163 [pool-71-thread-1] INFO  server.RaftServerConfigKeys (ConfUtils.java:logGet(43)) - raft.server.log.statemachine.data.sync.timeout.retry = -1 (default)
2019-08-28 04:44:00,163 [pool-71-thread-1] INFO  server.RaftServerConfigKeys (ConfUtils.java:logGet(43)) - raft.server.log.statemachine.data.caching.enabled = true (custom)
2019-08-28 04:44:00,163 [pool-71-thread-1] INFO  segmented.SegmentedRaftLogWorker (SegmentedRaftLogWorker.java:lambda$new$0(132)) - f4072c9f-a22f-4281-b53d-4a46edeec81c-SegmentedRaftLogWorker:Storage Directory /workdir/hadoop-ozone/integration-test/target/test-dir/MiniOzoneClusterImpl-dee0cb60-1d83-42ef-98aa-30f750bc63a6/datanode-4/data/ratis/3302a080-5ee1-4706-bf76-6e35be55a312: flushIndex: setUnconditionally 0 -> -1
2019-08-28 04:44:00,164 [pool-71-thread-1] INFO  server.RaftServerConfigKeys (ConfUtils.java:logGet(43)) - raft.server.snapshot.auto.trigger.enabled = true (custom)
2019-08-28 04:44:00,164 [pool-71-thread-1] INFO  server.RaftServerConfigKeys (ConfUtils.java:logGet(43)) - raft.server.snapshot.auto.trigger.threshold = 10000 (custom)
2019-08-28 04:44:00,164 [pool-71-thread-1] INFO  server.RaftServerConfigKeys (ConfUtils.java:logGet(43)) - raft.server.retrycache.expirytime = 600000ms (custom)
2019-08-28 04:44:00,164 [pool-71-thread-1] INFO  impl.RaftServerImpl (RaftServerImpl.java:start(180)) - f4072c9f-a22f-4281-b53d-4a46edeec81c: start group-6E35BE55A312
2019-08-28 04:44:00,165 [pool-71-thread-1] INFO  impl.RaftServerImpl (RaftServerImpl.java:setRole(171)) - f4072c9f-a22f-4281-b53d-4a46edeec81c:group-6E35BE55A312 changes role from null to FOLLOWER at term 0 for startAsFollower
2019-08-28 04:44:00,165 [pool-71-thread-1] INFO  impl.RoleInfo (RoleInfo.java:updateAndGet(143)) - f4072c9f-a22f-4281-b53d-4a46edeec81c: start FollowerState
2019-08-28 04:44:00,165 [pool-71-thread-1] INFO  util.JmxRegister (JmxRegister.java:tryRegister(44)) - Successfully registered JMX Bean with object name Ratis:service=RaftServer,group=group-6E35BE55A312,id=f4072c9f-a22f-4281-b53d-4a46edeec81c
2019-08-28 04:44:00,168 [main] INFO  ozone.MiniOzoneClusterImpl (MiniOzoneClusterImpl.java:lambda$waitForClusterToBeReady$0(142)) - Cluster is ready. Got 7 of 7 DN Heartbeats.
2019-08-28 04:44:00,186 [RatisPipelineUtilsThread] INFO  pipeline.PipelineStateManager (PipelineStateManager.java:addPipeline(56)) - Created pipeline Pipeline[ Id: 3302a080-5ee1-4706-bf76-6e35be55a312, Nodes: f4072c9f-a22f-4281-b53d-4a46edeec81c{ip: 192.168.69.75, host: pr-hdds-2014-rr4xc-1992234301, networkLocation: /default-rack, certSerialId: null}, Type:RATIS, Factor:ONE, State:OPEN]
2019-08-28 04:44:00,231 [grpc-default-executor-1] INFO  impl.RaftServerProxy (RaftServerProxy.java:addNew(89)) - aaa2da48-ccc8-4121-a1a5-30f8a5c77378: addNew group-3D64E44E2884:[8bdb61b5-fa98-4739-8e0a-5280a4fe194a:192.168.69.75:35171, aaa2da48-ccc8-4121-a1a5-30f8a5c77378:192.168.69.75:42496, f5b518e1-81ed-4539-890c-23fde7b7af4e:192.168.69.75:40482] returns group-3D64E44E2884:java.util.concurrent.CompletableFuture@9a285d2[Not completed]
2019-08-28 04:44:00,234 [grpc-default-executor-1] INFO  impl.RaftServerProxy (RaftServerProxy.java:addNew(89)) - f5b518e1-81ed-4539-890c-23fde7b7af4e: addNew group-3D64E44E2884:[8bdb61b5-fa98-4739-8e0a-5280a4fe194a:192.168.69.75:35171, aaa2da48-ccc8-4121-a1a5-30f8a5c77378:192.168.69.75:42496, f5b518e1-81ed-4539-890c-23fde7b7af4e:192.168.69.75:40482] returns group-3D64E44E2884:java.util.concurrent.CompletableFuture@18dbd24a[Not completed]
2019-08-28 04:44:00,235 [grpc-default-executor-0] INFO  impl.RaftServerProxy (RaftServerProxy.java:addNew(89)) - 8bdb61b5-fa98-4739-8e0a-5280a4fe194a: addNew group-3D64E44E2884:[8bdb61b5-fa98-4739-8e0a-5280a4fe194a:192.168.69.75:35171, aaa2da48-ccc8-4121-a1a5-30f8a5c77378:192.168.69.75:42496, f5b518e1-81ed-4539-890c-23fde7b7af4e:192.168.69.75:40482] returns group-3D64E44E2884:java.util.concurrent.CompletableFuture@3587751f[Not completed]
2019-08-28 04:44:00,235 [pool-82-thread-1] INFO  impl.RaftServerImpl (RaftServerImpl.java:<init>(93)) - aaa2da48-ccc8-4121-a1a5-30f8a5c77378: new RaftServerImpl for group-3D64E44E2884:[8bdb61b5-fa98-4739-8e0a-5280a4fe194a:192.168.69.75:35171, aaa2da48-ccc8-4121-a1a5-30f8a5c77378:192.168.69.75:42496, f5b518e1-81ed-4539-890c-23fde7b7af4e:192.168.69.75:40482] with ContainerStateMachine:uninitialized
2019-08-28 04:44:00,235 [pool-82-thread-1] INFO  server.RaftServerConfigKeys (ConfUtils.java:logGet(43)) - raft.server.rpc.timeout.min = 5s (custom)
2019-08-28 04:44:00,235 [pool-82-thread-1] INFO  server.RaftServerConfigKeys (ConfUtils.java:logGet(43)) - raft.server.rpc.timeout.max = 5200ms (custom)
2019-08-28 04:44:00,236 [pool-82-thread-1] INFO  server.RaftServerConfigKeys (ConfUtils.java:logGet(43)) - raft.server.rpcslowness.timeout = 120s (custom)
2019-08-28 04:44:00,236 [pool-82-thread-1] INFO  server.RaftServerConfigKeys (ConfUtils.java:logGet(43)) - raft.server.sleep.deviation.threshold = 300 (default)
2019-08-28 04:44:00,236 [pool-82-thread-1] INFO  server.RaftServerConfigKeys (ConfUtils.java:logGet(43)) - raft.server.log.appender.install.snapshot.enabled = false (custom)
2019-08-28 04:44:00,236 [pool-82-thread-1] INFO  impl.RaftServerImpl (ServerState.java:<init>(105)) - aaa2da48-ccc8-4121-a1a5-30f8a5c77378:group-3D64E44E2884 ConfigurationManager, init=-1: [8bdb61b5-fa98-4739-8e0a-5280a4fe194a:192.168.69.75:35171, aaa2da48-ccc8-4121-a1a5-30f8a5c77378:192.168.69.75:42496, f5b518e1-81ed-4539-890c-23fde7b7af4e:192.168.69.75:40482], old=null, confs=<EMPTY_MAP>
2019-08-28 04:44:00,236 [pool-49-thread-1] INFO  impl.RaftServerImpl (RaftServerImpl.java:<init>(93)) - f5b518e1-81ed-4539-890c-23fde7b7af4e: new RaftServerImpl for group-3D64E44E2884:[8bdb61b5-fa98-4739-8e0a-5280a4fe194a:192.168.69.75:35171, aaa2da48-ccc8-4121-a1a5-30f8a5c77378:192.168.69.75:42496, f5b518e1-81ed-4539-890c-23fde7b7af4e:192.168.69.75:40482] with ContainerStateMachine:uninitialized
2019-08-28 04:44:00,236 [pool-82-thread-1] INFO  server.RaftServerConfigKeys (ConfUtils.java:logGet(43)) - raft.server.storage.dir = [/workdir/hadoop-ozone/integration-test/target/test-dir/MiniOzoneClusterImpl-dee0cb60-1d83-42ef-98aa-30f750bc63a6/datanode-5/data/ratis] (custom)
2019-08-28 04:44:00,236 [pool-49-thread-1] INFO  server.RaftServerConfigKeys (ConfUtils.java:logGet(43)) - raft.server.rpc.timeout.min = 5s (custom)
2019-08-28 04:44:00,236 [pool-49-thread-1] INFO  server.RaftServerConfigKeys (ConfUtils.java:logGet(43)) - raft.server.rpc.timeout.max = 5200ms (custom)
2019-08-28 04:44:00,236 [pool-82-thread-1] INFO  storage.RaftStorageDirectory (RaftStorageDirectory.java:analyzeStorage(246)) - The storage directory /workdir/hadoop-ozone/integration-test/target/test-dir/MiniOzoneClusterImpl-dee0cb60-1d83-42ef-98aa-30f750bc63a6/datanode-5/data/ratis/cb3c5af4-e338-43bf-b498-3d64e44e2884 does not exist. Creating ...
2019-08-28 04:44:00,237 [pool-93-thread-1] INFO  impl.RaftServerImpl (RaftServerImpl.java:<init>(93)) - 8bdb61b5-fa98-4739-8e0a-5280a4fe194a: new RaftServerImpl for group-3D64E44E2884:[8bdb61b5-fa98-4739-8e0a-5280a4fe194a:192.168.69.75:35171, aaa2da48-ccc8-4121-a1a5-30f8a5c77378:192.168.69.75:42496, f5b518e1-81ed-4539-890c-23fde7b7af4e:192.168.69.75:40482] with ContainerStateMachine:uninitialized
2019-08-28 04:44:00,237 [pool-49-thread-1] INFO  server.RaftServerConfigKeys (ConfUtils.java:logGet(43)) - raft.server.rpcslowness.timeout = 120s (custom)
2019-08-28 04:44:00,237 [pool-93-thread-1] INFO  server.RaftServerConfigKeys (ConfUtils.java:logGet(43)) - raft.server.rpc.timeout.min = 5s (custom)
2019-08-28 04:44:00,237 [pool-49-thread-1] INFO  server.RaftServerConfigKeys (ConfUtils.java:logGet(43)) - raft.server.sleep.deviation.threshold = 300 (default)
2019-08-28 04:44:00,237 [pool-93-thread-1] INFO  server.RaftServerConfigKeys (ConfUtils.java:logGet(43)) - raft.server.rpc.timeout.max = 5200ms (custom)
2019-08-28 04:44:00,237 [pool-49-thread-1] INFO  server.RaftServerConfigKeys (ConfUtils.java:logGet(43)) - raft.server.log.appender.install.snapshot.enabled = false (custom)
2019-08-28 04:44:00,237 [pool-93-thread-1] INFO  server.RaftServerConfigKeys (ConfUtils.java:logGet(43)) - raft.server.rpcslowness.timeout = 120s (custom)
2019-08-28 04:44:00,237 [pool-93-thread-1] INFO  server.RaftServerConfigKeys (ConfUtils.java:logGet(43)) - raft.server.sleep.deviation.threshold = 300 (default)
2019-08-28 04:44:00,237 [pool-49-thread-1] INFO  impl.RaftServerImpl (ServerState.java:<init>(105)) - f5b518e1-81ed-4539-890c-23fde7b7af4e:group-3D64E44E2884 ConfigurationManager, init=-1: [8bdb61b5-fa98-4739-8e0a-5280a4fe194a:192.168.69.75:35171, aaa2da48-ccc8-4121-a1a5-30f8a5c77378:192.168.69.75:42496, f5b518e1-81ed-4539-890c-23fde7b7af4e:192.168.69.75:40482], old=null, confs=<EMPTY_MAP>
2019-08-28 04:44:00,238 [pool-93-thread-1] INFO  server.RaftServerConfigKeys (ConfUtils.java:logGet(43)) - raft.server.log.appender.install.snapshot.enabled = false (custom)
2019-08-28 04:44:00,238 [pool-49-thread-1] INFO  server.RaftServerConfigKeys (ConfUtils.java:logGet(43)) - raft.server.storage.dir = [/workdir/hadoop-ozone/integration-test/target/test-dir/MiniOzoneClusterImpl-dee0cb60-1d83-42ef-98aa-30f750bc63a6/datanode-2/data/ratis] (custom)
2019-08-28 04:44:00,238 [pool-93-thread-1] INFO  impl.RaftServerImpl (ServerState.java:<init>(105)) - 8bdb61b5-fa98-4739-8e0a-5280a4fe194a:group-3D64E44E2884 ConfigurationManager, init=-1: [8bdb61b5-fa98-4739-8e0a-5280a4fe194a:192.168.69.75:35171, aaa2da48-ccc8-4121-a1a5-30f8a5c77378:192.168.69.75:42496, f5b518e1-81ed-4539-890c-23fde7b7af4e:192.168.69.75:40482], old=null, confs=<EMPTY_MAP>
2019-08-28 04:44:00,238 [pool-93-thread-1] INFO  server.RaftServerConfigKeys (ConfUtils.java:logGet(43)) - raft.server.storage.dir = [/workdir/hadoop-ozone/integration-test/target/test-dir/MiniOzoneClusterImpl-dee0cb60-1d83-42ef-98aa-30f750bc63a6/datanode-6/data/ratis] (custom)
2019-08-28 04:44:00,238 [pool-49-thread-1] INFO  storage.RaftStorageDirectory (RaftStorageDirectory.java:analyzeStorage(246)) - The storage directory /workdir/hadoop-ozone/integration-test/target/test-dir/MiniOzoneClusterImpl-dee0cb60-1d83-42ef-98aa-30f750bc63a6/datanode-2/data/ratis/cb3c5af4-e338-43bf-b498-3d64e44e2884 does not exist. Creating ...
2019-08-28 04:44:00,238 [pool-93-thread-1] INFO  storage.RaftStorageDirectory (RaftStorageDirectory.java:analyzeStorage(246)) - The storage directory /workdir/hadoop-ozone/integration-test/target/test-dir/MiniOzoneClusterImpl-dee0cb60-1d83-42ef-98aa-30f750bc63a6/datanode-6/data/ratis/cb3c5af4-e338-43bf-b498-3d64e44e2884 does not exist. Creating ...
2019-08-28 04:44:00,242 [pool-82-thread-1] INFO  storage.RaftStorageDirectory (RaftStorageDirectory.java:tryLock(328)) - Lock on /workdir/hadoop-ozone/integration-test/target/test-dir/MiniOzoneClusterImpl-dee0cb60-1d83-42ef-98aa-30f750bc63a6/datanode-5/data/ratis/cb3c5af4-e338-43bf-b498-3d64e44e2884/in_use.lock acquired by nodename 16601@pr-hdds-2014-rr4xc-1992234301
2019-08-28 04:44:00,242 [pool-93-thread-1] INFO  storage.RaftStorageDirectory (RaftStorageDirectory.java:tryLock(328)) - Lock on /workdir/hadoop-ozone/integration-test/target/test-dir/MiniOzoneClusterImpl-dee0cb60-1d83-42ef-98aa-30f750bc63a6/datanode-6/data/ratis/cb3c5af4-e338-43bf-b498-3d64e44e2884/in_use.lock acquired by nodename 16601@pr-hdds-2014-rr4xc-1992234301
2019-08-28 04:44:00,242 [pool-49-thread-1] INFO  storage.RaftStorageDirectory (RaftStorageDirectory.java:tryLock(328)) - Lock on /workdir/hadoop-ozone/integration-test/target/test-dir/MiniOzoneClusterImpl-dee0cb60-1d83-42ef-98aa-30f750bc63a6/datanode-2/data/ratis/cb3c5af4-e338-43bf-b498-3d64e44e2884/in_use.lock acquired by nodename 16601@pr-hdds-2014-rr4xc-1992234301
2019-08-28 04:44:00,254 [pool-82-thread-1] INFO  storage.RaftStorage (RaftStorage.java:format(72)) - Storage directory /workdir/hadoop-ozone/integration-test/target/test-dir/MiniOzoneClusterImpl-dee0cb60-1d83-42ef-98aa-30f750bc63a6/datanode-5/data/ratis/cb3c5af4-e338-43bf-b498-3d64e44e2884 has been successfully formatted.
2019-08-28 04:44:00,254 [pool-49-thread-1] INFO  storage.RaftStorage (RaftStorage.java:format(72)) - Storage directory /workdir/hadoop-ozone/integration-test/target/test-dir/MiniOzoneClusterImpl-dee0cb60-1d83-42ef-98aa-30f750bc63a6/datanode-2/data/ratis/cb3c5af4-e338-43bf-b498-3d64e44e2884 has been successfully formatted.
2019-08-28 04:44:00,254 [pool-93-thread-1] INFO  storage.RaftStorage (RaftStorage.java:format(72)) - Storage directory /workdir/hadoop-ozone/integration-test/target/test-dir/MiniOzoneClusterImpl-dee0cb60-1d83-42ef-98aa-30f750bc63a6/datanode-6/data/ratis/cb3c5af4-e338-43bf-b498-3d64e44e2884 has been successfully formatted.
2019-08-28 04:44:00,254 [pool-49-thread-1] INFO  ratis.ContainerStateMachine (ContainerStateMachine.java:loadSnapshot(226)) - group-3D64E44E2884: The snapshot info is null. Setting the last applied indexto:(t:0, i:~)
2019-08-28 04:44:00,254 [pool-93-thread-1] INFO  ratis.ContainerStateMachine (ContainerStateMachine.java:loadSnapshot(226)) - group-3D64E44E2884: The snapshot info is null. Setting the last applied indexto:(t:0, i:~)
2019-08-28 04:44:00,254 [pool-82-thread-1] INFO  ratis.ContainerStateMachine (ContainerStateMachine.java:loadSnapshot(226)) - group-3D64E44E2884: The snapshot info is null. Setting the last applied indexto:(t:0, i:~)
2019-08-28 04:44:00,254 [pool-93-thread-1] INFO  server.RaftServerConfigKeys (ConfUtils.java:logGet(43)) - raft.server.leader.election.timeout = 120s (custom)
2019-08-28 04:44:00,254 [pool-49-thread-1] INFO  server.RaftServerConfigKeys (ConfUtils.java:logGet(43)) - raft.server.leader.election.timeout = 120s (custom)
2019-08-28 04:44:00,255 [pool-93-thread-1] INFO  server.RaftServerConfigKeys (ConfUtils.java:logGet(43)) - raft.server.log.use.memory = false (default)
2019-08-28 04:44:00,255 [pool-82-thread-1] INFO  server.RaftServerConfigKeys (ConfUtils.java:logGet(43)) - raft.server.leader.election.timeout = 120s (custom)
2019-08-28 04:44:00,255 [pool-93-thread-1] INFO  server.RaftServerConfigKeys (ConfUtils.java:logGet(43)) - raft.server.log.purge.gap = 1000000 (custom)
2019-08-28 04:44:00,255 [pool-49-thread-1] INFO  server.RaftServerConfigKeys (ConfUtils.java:logGet(43)) - raft.server.log.use.memory = false (default)
2019-08-28 04:44:00,255 [pool-93-thread-1] INFO  server.RaftServerConfigKeys (ConfUtils.java:logGet(43)) - raft.server.log.appender.buffer.byte-limit = 33554432 (custom)
2019-08-28 04:44:00,255 [pool-82-thread-1] INFO  server.RaftServerConfigKeys (ConfUtils.java:logGet(43)) - raft.server.log.use.memory = false (default)
2019-08-28 04:44:00,255 [pool-93-thread-1] INFO  server.RaftServerConfigKeys (ConfUtils.java:logGet(43)) - raft.server.log.segment.size.max = 1048576 (custom)
2019-08-28 04:44:00,255 [pool-49-thread-1] INFO  server.RaftServerConfigKeys (ConfUtils.java:logGet(43)) - raft.server.log.purge.gap = 1000000 (custom)
2019-08-28 04:44:00,256 [pool-93-thread-1] INFO  server.RaftServerConfigKeys (ConfUtils.java:logGet(43)) - raft.server.log.segment.cache.num.max = 2 (custom)
2019-08-28 04:44:00,256 [pool-82-thread-1] INFO  server.RaftServerConfigKeys (ConfUtils.java:logGet(43)) - raft.server.log.purge.gap = 1000000 (custom)
2019-08-28 04:44:00,256 [pool-93-thread-1] INFO  segmented.SegmentedRaftLogWorker (SegmentedRaftLogWorker.java:<init>(172)) - new 8bdb61b5-fa98-4739-8e0a-5280a4fe194a-SegmentedRaftLogWorker:Storage Directory /workdir/hadoop-ozone/integration-test/target/test-dir/MiniOzoneClusterImpl-dee0cb60-1d83-42ef-98aa-30f750bc63a6/datanode-6/data/ratis/cb3c5af4-e338-43bf-b498-3d64e44e2884 for RaftStorage:Storage Directory /workdir/hadoop-ozone/integration-test/target/test-dir/MiniOzoneClusterImpl-dee0cb60-1d83-42ef-98aa-30f750bc63a6/datanode-6/data/ratis/cb3c5af4-e338-43bf-b498-3d64e44e2884
2019-08-28 04:44:00,256 [pool-49-thread-1] INFO  server.RaftServerConfigKeys (ConfUtils.java:logGet(43)) - raft.server.log.appender.buffer.byte-limit = 33554432 (custom)
2019-08-28 04:44:00,256 [pool-93-thread-1] INFO  server.RaftServerConfigKeys (ConfUtils.java:logGet(43)) - raft.server.log.queue.byte-limit = 2147483647 (custom)
2019-08-28 04:44:00,256 [pool-82-thread-1] INFO  server.RaftServerConfigKeys (ConfUtils.java:logGet(43)) - raft.server.log.appender.buffer.byte-limit = 33554432 (custom)
2019-08-28 04:44:00,258 [pool-93-thread-1] INFO  server.RaftServerConfigKeys (ConfUtils.java:logGet(43)) - raft.server.log.queue.element-limit = 1024 (custom)
2019-08-28 04:44:00,258 [pool-49-thread-1] INFO  server.RaftServerConfigKeys (ConfUtils.java:logGet(43)) - raft.server.log.segment.size.max = 1048576 (custom)
2019-08-28 04:44:00,258 [pool-93-thread-1] INFO  server.RaftServerConfigKeys (ConfUtils.java:logGet(43)) - raft.server.log.segment.size.max = 1048576 (custom)
2019-08-28 04:44:00,258 [pool-82-thread-1] INFO  server.RaftServerConfigKeys (ConfUtils.java:logGet(43)) - raft.server.log.segment.size.max = 1048576 (custom)
2019-08-28 04:44:00,265 [pool-93-thread-1] INFO  server.RaftServerConfigKeys (ConfUtils.java:logGet(43)) - raft.server.log.preallocated.size = 16384 (custom)
2019-08-28 04:44:00,259 [pool-49-thread-1] INFO  server.RaftServerConfigKeys (ConfUtils.java:logGet(43)) - raft.server.log.segment.cache.num.max = 2 (custom)
2019-08-28 04:44:00,265 [pool-93-thread-1] INFO  server.RaftServerConfigKeys (ConfUtils.java:logGet(43)) - raft.server.log.write.buffer.size = 33554432 (custom)
2019-08-28 04:44:00,265 [pool-82-thread-1] INFO  server.RaftServerConfigKeys (ConfUtils.java:logGet(43)) - raft.server.log.segment.cache.num.max = 2 (custom)
2019-08-28 04:44:00,266 [pool-93-thread-1] INFO  server.RaftServerConfigKeys (ConfUtils.java:logGet(43)) - raft.server.log.force.sync.num = 128 (default)
2019-08-28 04:44:00,266 [pool-49-thread-1] INFO  segmented.SegmentedRaftLogWorker (SegmentedRaftLogWorker.java:<init>(172)) - new f5b518e1-81ed-4539-890c-23fde7b7af4e-SegmentedRaftLogWorker:Storage Directory /workdir/hadoop-ozone/integration-test/target/test-dir/MiniOzoneClusterImpl-dee0cb60-1d83-42ef-98aa-30f750bc63a6/datanode-2/data/ratis/cb3c5af4-e338-43bf-b498-3d64e44e2884 for RaftStorage:Storage Directory /workdir/hadoop-ozone/integration-test/target/test-dir/MiniOzoneClusterImpl-dee0cb60-1d83-42ef-98aa-30f750bc63a6/datanode-2/data/ratis/cb3c5af4-e338-43bf-b498-3d64e44e2884
2019-08-28 04:44:00,266 [pool-93-thread-1] INFO  server.RaftServerConfigKeys (ConfUtils.java:logGet(43)) - raft.server.log.statemachine.data.sync = true (default)
2019-08-28 04:44:00,266 [pool-82-thread-1] INFO  segmented.SegmentedRaftLogWorker (SegmentedRaftLogWorker.java:<init>(172)) - new aaa2da48-ccc8-4121-a1a5-30f8a5c77378-SegmentedRaftLogWorker:Storage Directory /workdir/hadoop-ozone/integration-test/target/test-dir/MiniOzoneClusterImpl-dee0cb60-1d83-42ef-98aa-30f750bc63a6/datanode-5/data/ratis/cb3c5af4-e338-43bf-b498-3d64e44e2884 for RaftStorage:Storage Directory /workdir/hadoop-ozone/integration-test/target/test-dir/MiniOzoneClusterImpl-dee0cb60-1d83-42ef-98aa-30f750bc63a6/datanode-5/data/ratis/cb3c5af4-e338-43bf-b498-3d64e44e2884
2019-08-28 04:44:00,268 [pool-93-thread-1] INFO  server.RaftServerConfigKeys (ConfUtils.java:logGet(43)) - raft.server.log.statemachine.data.sync.timeout = 10s (default)
2019-08-28 04:44:00,266 [pool-49-thread-1] INFO  server.RaftServerConfigKeys (ConfUtils.java:logGet(43)) - raft.server.log.queue.byte-limit = 2147483647 (custom)
2019-08-28 04:44:00,268 [pool-93-thread-1] INFO  server.RaftServerConfigKeys (ConfUtils.java:logGet(43)) - raft.server.log.statemachine.data.sync.timeout.retry = -1 (default)
2019-08-28 04:44:00,268 [pool-82-thread-1] INFO  server.RaftServerConfigKeys (ConfUtils.java:logGet(43)) - raft.server.log.queue.byte-limit = 2147483647 (custom)
2019-08-28 04:44:00,270 [pool-93-thread-1] INFO  server.RaftServerConfigKeys (ConfUtils.java:logGet(43)) - raft.server.log.statemachine.data.caching.enabled = true (custom)
2019-08-28 04:44:00,270 [pool-49-thread-1] INFO  server.RaftServerConfigKeys (ConfUtils.java:logGet(43)) - raft.server.log.queue.element-limit = 1024 (custom)
2019-08-28 04:44:00,270 [pool-82-thread-1] INFO  server.RaftServerConfigKeys (ConfUtils.java:logGet(43)) - raft.server.log.queue.element-limit = 1024 (custom)
2019-08-28 04:44:00,270 [pool-49-thread-1] INFO  server.RaftServerConfigKeys (ConfUtils.java:logGet(43)) - raft.server.log.segment.size.max = 1048576 (custom)
2019-08-28 04:44:00,270 [pool-93-thread-1] INFO  segmented.SegmentedRaftLogWorker (SegmentedRaftLogWorker.java:lambda$new$0(132)) - 8bdb61b5-fa98-4739-8e0a-5280a4fe194a-SegmentedRaftLogWorker:Storage Directory /workdir/hadoop-ozone/integration-test/target/test-dir/MiniOzoneClusterImpl-dee0cb60-1d83-42ef-98aa-30f750bc63a6/datanode-6/data/ratis/cb3c5af4-e338-43bf-b498-3d64e44e2884: flushIndex: setUnconditionally 0 -> -1
2019-08-28 04:44:00,270 [pool-49-thread-1] INFO  server.RaftServerConfigKeys (ConfUtils.java:logGet(43)) - raft.server.log.preallocated.size = 16384 (custom)
2019-08-28 04:44:00,270 [pool-82-thread-1] INFO  server.RaftServerConfigKeys (ConfUtils.java:logGet(43)) - raft.server.log.segment.size.max = 1048576 (custom)
2019-08-28 04:44:00,271 [pool-49-thread-1] INFO  server.RaftServerConfigKeys (ConfUtils.java:logGet(43)) - raft.server.log.write.buffer.size = 33554432 (custom)
2019-08-28 04:44:00,271 [pool-93-thread-1] INFO  server.RaftServerConfigKeys (ConfUtils.java:logGet(43)) - raft.server.snapshot.auto.trigger.enabled = true (custom)
2019-08-28 04:44:00,271 [pool-49-thread-1] INFO  server.RaftServerConfigKeys (ConfUtils.java:logGet(43)) - raft.server.log.force.sync.num = 128 (default)
2019-08-28 04:44:00,271 [pool-82-thread-1] INFO  server.RaftServerConfigKeys (ConfUtils.java:logGet(43)) - raft.server.log.preallocated.size = 16384 (custom)
2019-08-28 04:44:00,271 [pool-49-thread-1] INFO  server.RaftServerConfigKeys (ConfUtils.java:logGet(43)) - raft.server.log.statemachine.data.sync = true (default)
2019-08-28 04:44:00,271 [pool-93-thread-1] INFO  server.RaftServerConfigKeys (ConfUtils.java:logGet(43)) - raft.server.snapshot.auto.trigger.threshold = 10000 (custom)
2019-08-28 04:44:00,271 [pool-49-thread-1] INFO  server.RaftServerConfigKeys (ConfUtils.java:logGet(43)) - raft.server.log.statemachine.data.sync.timeout = 10s (default)
2019-08-28 04:44:00,271 [pool-82-thread-1] INFO  server.RaftServerConfigKeys (ConfUtils.java:logGet(43)) - raft.server.log.write.buffer.size = 33554432 (custom)
2019-08-28 04:44:00,271 [pool-49-thread-1] INFO  server.RaftServerConfigKeys (ConfUtils.java:logGet(43)) - raft.server.log.statemachine.data.sync.timeout.retry = -1 (default)
2019-08-28 04:44:00,271 [pool-93-thread-1] INFO  server.RaftServerConfigKeys (ConfUtils.java:logGet(43)) - raft.server.retrycache.expirytime = 600000ms (custom)
2019-08-28 04:44:00,272 [pool-49-thread-1] INFO  server.RaftServerConfigKeys (ConfUtils.java:logGet(43)) - raft.server.log.statemachine.data.caching.enabled = true (custom)
2019-08-28 04:44:00,272 [pool-82-thread-1] INFO  server.RaftServerConfigKeys (ConfUtils.java:logGet(43)) - raft.server.log.force.sync.num = 128 (default)
2019-08-28 04:44:00,272 [pool-93-thread-1] INFO  impl.RaftServerImpl (RaftServerImpl.java:start(180)) - 8bdb61b5-fa98-4739-8e0a-5280a4fe194a: start group-3D64E44E2884
2019-08-28 04:44:00,272 [pool-49-thread-1] INFO  segmented.SegmentedRaftLogWorker (SegmentedRaftLogWorker.java:lambda$new$0(132)) - f5b518e1-81ed-4539-890c-23fde7b7af4e-SegmentedRaftLogWorker:Storage Directory /workdir/hadoop-ozone/integration-test/target/test-dir/MiniOzoneClusterImpl-dee0cb60-1d83-42ef-98aa-30f750bc63a6/datanode-2/data/ratis/cb3c5af4-e338-43bf-b498-3d64e44e2884: flushIndex: setUnconditionally 0 -> -1
2019-08-28 04:44:00,272 [pool-82-thread-1] INFO  server.RaftServerConfigKeys (ConfUtils.java:logGet(43)) - raft.server.log.statemachine.data.sync = true (default)
2019-08-28 04:44:00,272 [pool-93-thread-1] INFO  impl.RaftServerImpl (RaftServerImpl.java:setRole(171)) - 8bdb61b5-fa98-4739-8e0a-5280a4fe194a:group-3D64E44E2884 changes role from null to FOLLOWER at term 0 for startAsFollower
2019-08-28 04:44:00,272 [pool-49-thread-1] INFO  server.RaftServerConfigKeys (ConfUtils.java:logGet(43)) - raft.server.snapshot.auto.trigger.enabled = true (custom)
2019-08-28 04:44:00,272 [pool-82-thread-1] INFO  server.RaftServerConfigKeys (ConfUtils.java:logGet(43)) - raft.server.log.statemachine.data.sync.timeout = 10s (default)
2019-08-28 04:44:00,273 [pool-49-thread-1] INFO  server.RaftServerConfigKeys (ConfUtils.java:logGet(43)) - raft.server.snapshot.auto.trigger.threshold = 10000 (custom)
2019-08-28 04:44:00,272 [pool-93-thread-1] INFO  impl.RoleInfo (RoleInfo.java:updateAndGet(143)) - 8bdb61b5-fa98-4739-8e0a-5280a4fe194a: start FollowerState
2019-08-28 04:44:00,273 [pool-49-thread-1] INFO  server.RaftServerConfigKeys (ConfUtils.java:logGet(43)) - raft.server.retrycache.expirytime = 600000ms (custom)
2019-08-28 04:44:00,273 [pool-82-thread-1] INFO  server.RaftServerConfigKeys (ConfUtils.java:logGet(43)) - raft.server.log.statemachine.data.sync.timeout.retry = -1 (default)
2019-08-28 04:44:00,273 [pool-49-thread-1] INFO  impl.RaftServerImpl (RaftServerImpl.java:start(180)) - f5b518e1-81ed-4539-890c-23fde7b7af4e: start group-3D64E44E2884
2019-08-28 04:44:00,273 [pool-82-thread-1] INFO  server.RaftServerConfigKeys (ConfUtils.java:logGet(43)) - raft.server.log.statemachine.data.caching.enabled = true (custom)
2019-08-28 04:44:00,273 [pool-93-thread-1] INFO  util.JmxRegister (JmxRegister.java:tryRegister(44)) - Successfully registered JMX Bean with object name Ratis:service=RaftServer,group=group-3D64E44E2884,id=8bdb61b5-fa98-4739-8e0a-5280a4fe194a
2019-08-28 04:44:00,273 [pool-49-thread-1] INFO  impl.RaftServerImpl (RaftServerImpl.java:setRole(171)) - f5b518e1-81ed-4539-890c-23fde7b7af4e:group-3D64E44E2884 changes role from null to FOLLOWER at term 0 for startAsFollower
2019-08-28 04:44:00,273 [pool-82-thread-1] INFO  segmented.SegmentedRaftLogWorker (SegmentedRaftLogWorker.java:lambda$new$0(132)) - aaa2da48-ccc8-4121-a1a5-30f8a5c77378-SegmentedRaftLogWorker:Storage Directory /workdir/hadoop-ozone/integration-test/target/test-dir/MiniOzoneClusterImpl-dee0cb60-1d83-42ef-98aa-30f750bc63a6/datanode-5/data/ratis/cb3c5af4-e338-43bf-b498-3d64e44e2884: flushIndex: setUnconditionally 0 -> -1
2019-08-28 04:44:00,274 [pool-49-thread-1] INFO  impl.RoleInfo (RoleInfo.java:updateAndGet(143)) - f5b518e1-81ed-4539-890c-23fde7b7af4e: start FollowerState
2019-08-28 04:44:00,274 [pool-82-thread-1] INFO  server.RaftServerConfigKeys (ConfUtils.java:logGet(43)) - raft.server.snapshot.auto.trigger.enabled = true (custom)
2019-08-28 04:44:00,274 [pool-82-thread-1] INFO  server.RaftServerConfigKeys (ConfUtils.java:logGet(43)) - raft.server.snapshot.auto.trigger.threshold = 10000 (custom)
2019-08-28 04:44:00,274 [pool-49-thread-1] INFO  util.JmxRegister (JmxRegister.java:tryRegister(44)) - Successfully registered JMX Bean with object name Ratis:service=RaftServer,group=group-3D64E44E2884,id=f5b518e1-81ed-4539-890c-23fde7b7af4e
2019-08-28 04:44:00,274 [pool-82-thread-1] INFO  server.RaftServerConfigKeys (ConfUtils.java:logGet(43)) - raft.server.retrycache.expirytime = 600000ms (custom)
2019-08-28 04:44:00,274 [pool-82-thread-1] INFO  impl.RaftServerImpl (RaftServerImpl.java:start(180)) - aaa2da48-ccc8-4121-a1a5-30f8a5c77378: start group-3D64E44E2884
2019-08-28 04:44:00,274 [pool-82-thread-1] INFO  impl.RaftServerImpl (RaftServerImpl.java:setRole(171)) - aaa2da48-ccc8-4121-a1a5-30f8a5c77378:group-3D64E44E2884 changes role from null to FOLLOWER at term 0 for startAsFollower
2019-08-28 04:44:00,275 [pool-82-thread-1] INFO  impl.RoleInfo (RoleInfo.java:updateAndGet(143)) - aaa2da48-ccc8-4121-a1a5-30f8a5c77378: start FollowerState
2019-08-28 04:44:00,275 [pool-82-thread-1] INFO  util.JmxRegister (JmxRegister.java:tryRegister(44)) - Successfully registered JMX Bean with object name Ratis:service=RaftServer,group=group-3D64E44E2884,id=aaa2da48-ccc8-4121-a1a5-30f8a5c77378
2019-08-28 04:44:00,302 [RatisPipelineUtilsThread] INFO  pipeline.PipelineStateManager (PipelineStateManager.java:addPipeline(56)) - Created pipeline Pipeline[ Id: cb3c5af4-e338-43bf-b498-3d64e44e2884, Nodes: aaa2da48-ccc8-4121-a1a5-30f8a5c77378{ip: 192.168.69.75, host: pr-hdds-2014-rr4xc-1992234301, networkLocation: /default-rack, certSerialId: null}8bdb61b5-fa98-4739-8e0a-5280a4fe194a{ip: 192.168.69.75, host: pr-hdds-2014-rr4xc-1992234301, networkLocation: /default-rack, certSerialId: null}f5b518e1-81ed-4539-890c-23fde7b7af4e{ip: 192.168.69.75, host: pr-hdds-2014-rr4xc-1992234301, networkLocation: /default-rack, certSerialId: null}, Type:RATIS, Factor:THREE, State:OPEN]
2019-08-28 04:44:00,332 [grpc-default-executor-1] INFO  impl.RaftServerProxy (RaftServerProxy.java:addNew(89)) - 3aa4c088-6d9c-4e45-8699-9552fa9982bb: addNew group-28A5B8B36B60:[025d69ad-6f0c-4e69-9dfc-3a983de9ebc7:192.168.69.75:36131, 8dbdf2d3-0592-4172-9c9d-ce42eb2799ca:192.168.69.75:46585, 3aa4c088-6d9c-4e45-8699-9552fa9982bb:192.168.69.75:35133] returns group-28A5B8B36B60:java.util.concurrent.CompletableFuture@60370753[Not completed]
2019-08-28 04:44:00,333 [grpc-default-executor-2] INFO  impl.RaftServerProxy (RaftServerProxy.java:addNew(89)) - 025d69ad-6f0c-4e69-9dfc-3a983de9ebc7: addNew group-28A5B8B36B60:[025d69ad-6f0c-4e69-9dfc-3a983de9ebc7:192.168.69.75:36131, 8dbdf2d3-0592-4172-9c9d-ce42eb2799ca:192.168.69.75:46585, 3aa4c088-6d9c-4e45-8699-9552fa9982bb:192.168.69.75:35133] returns group-28A5B8B36B60:java.util.concurrent.CompletableFuture@5357226c[Not completed]
2019-08-28 04:44:00,333 [grpc-default-executor-0] INFO  impl.RaftServerProxy (RaftServerProxy.java:addNew(89)) - 8dbdf2d3-0592-4172-9c9d-ce42eb2799ca: addNew group-28A5B8B36B60:[025d69ad-6f0c-4e69-9dfc-3a983de9ebc7:192.168.69.75:36131, 8dbdf2d3-0592-4172-9c9d-ce42eb2799ca:192.168.69.75:46585, 3aa4c088-6d9c-4e45-8699-9552fa9982bb:192.168.69.75:35133] returns group-28A5B8B36B60:java.util.concurrent.CompletableFuture@7f43cf00[Not completed]
2019-08-28 04:44:00,336 [pool-27-thread-1] INFO  impl.RaftServerImpl (RaftServerImpl.java:<init>(93)) - 3aa4c088-6d9c-4e45-8699-9552fa9982bb: new RaftServerImpl for group-28A5B8B36B60:[025d69ad-6f0c-4e69-9dfc-3a983de9ebc7:192.168.69.75:36131, 8dbdf2d3-0592-4172-9c9d-ce42eb2799ca:192.168.69.75:46585, 3aa4c088-6d9c-4e45-8699-9552fa9982bb:192.168.69.75:35133] with ContainerStateMachine:uninitialized
2019-08-28 04:44:00,336 [pool-27-thread-1] INFO  server.RaftServerConfigKeys (ConfUtils.java:logGet(43)) - raft.server.rpc.timeout.min = 5s (custom)
2019-08-28 04:44:00,336 [pool-27-thread-1] INFO  server.RaftServerConfigKeys (ConfUtils.java:logGet(43)) - raft.server.rpc.timeout.max = 5200ms (custom)
2019-08-28 04:44:00,336 [pool-27-thread-1] INFO  server.RaftServerConfigKeys (ConfUtils.java:logGet(43)) - raft.server.rpcslowness.timeout = 120s (custom)
2019-08-28 04:44:00,337 [pool-60-thread-1] INFO  impl.RaftServerImpl (RaftServerImpl.java:<init>(93)) - 8dbdf2d3-0592-4172-9c9d-ce42eb2799ca: new RaftServerImpl for group-28A5B8B36B60:[025d69ad-6f0c-4e69-9dfc-3a983de9ebc7:192.168.69.75:36131, 8dbdf2d3-0592-4172-9c9d-ce42eb2799ca:192.168.69.75:46585, 3aa4c088-6d9c-4e45-8699-9552fa9982bb:192.168.69.75:35133] with ContainerStateMachine:uninitialized
2019-08-28 04:44:00,337 [pool-27-thread-1] INFO  server.RaftServerConfigKeys (ConfUtils.java:logGet(43)) - raft.server.sleep.deviation.threshold = 300 (default)
2019-08-28 04:44:00,337 [pool-60-thread-1] INFO  server.RaftServerConfigKeys (ConfUtils.java:logGet(43)) - raft.server.rpc.timeout.min = 5s (custom)
2019-08-28 04:44:00,337 [pool-27-thread-1] INFO  server.RaftServerConfigKeys (ConfUtils.java:logGet(43)) - raft.server.log.appender.install.snapshot.enabled = false (custom)
2019-08-28 04:44:00,337 [pool-60-thread-1] INFO  server.RaftServerConfigKeys (ConfUtils.java:logGet(43)) - raft.server.rpc.timeout.max = 5200ms (custom)
2019-08-28 04:44:00,337 [pool-38-thread-1] INFO  impl.RaftServerImpl (RaftServerImpl.java:<init>(93)) - 025d69ad-6f0c-4e69-9dfc-3a983de9ebc7: new RaftServerImpl for group-28A5B8B36B60:[025d69ad-6f0c-4e69-9dfc-3a983de9ebc7:192.168.69.75:36131, 8dbdf2d3-0592-4172-9c9d-ce42eb2799ca:192.168.69.75:46585, 3aa4c088-6d9c-4e45-8699-9552fa9982bb:192.168.69.75:35133] with ContainerStateMachine:uninitialized
2019-08-28 04:44:00,337 [pool-60-thread-1] INFO  server.RaftServerConfigKeys (ConfUtils.java:logGet(43)) - raft.server.rpcslowness.timeout = 120s (custom)
2019-08-28 04:44:00,337 [pool-27-thread-1] INFO  impl.RaftServerImpl (ServerState.java:<init>(105)) - 3aa4c088-6d9c-4e45-8699-9552fa9982bb:group-28A5B8B36B60 ConfigurationManager, init=-1: [025d69ad-6f0c-4e69-9dfc-3a983de9ebc7:192.168.69.75:36131, 8dbdf2d3-0592-4172-9c9d-ce42eb2799ca:192.168.69.75:46585, 3aa4c088-6d9c-4e45-8699-9552fa9982bb:192.168.69.75:35133], old=null, confs=<EMPTY_MAP>
2019-08-28 04:44:00,338 [pool-60-thread-1] INFO  server.RaftServerConfigKeys (ConfUtils.java:logGet(43)) - raft.server.sleep.deviation.threshold = 300 (default)
2019-08-28 04:44:00,337 [pool-38-thread-1] INFO  server.RaftServerConfigKeys (ConfUtils.java:logGet(43)) - raft.server.rpc.timeout.min = 5s (custom)
2019-08-28 04:44:00,338 [pool-60-thread-1] INFO  server.RaftServerConfigKeys (ConfUtils.java:logGet(43)) - raft.server.log.appender.install.snapshot.enabled = false (custom)
2019-08-28 04:44:00,338 [pool-27-thread-1] INFO  server.RaftServerConfigKeys (ConfUtils.java:logGet(43)) - raft.server.storage.dir = [/workdir/hadoop-ozone/integration-test/target/test-dir/MiniOzoneClusterImpl-dee0cb60-1d83-42ef-98aa-30f750bc63a6/datanode-0/data/ratis] (custom)
2019-08-28 04:44:00,338 [pool-60-thread-1] INFO  impl.RaftServerImpl (ServerState.java:<init>(105)) - 8dbdf2d3-0592-4172-9c9d-ce42eb2799ca:group-28A5B8B36B60 ConfigurationManager, init=-1: [025d69ad-6f0c-4e69-9dfc-3a983de9ebc7:192.168.69.75:36131, 8dbdf2d3-0592-4172-9c9d-ce42eb2799ca:192.168.69.75:46585, 3aa4c088-6d9c-4e45-8699-9552fa9982bb:192.168.69.75:35133], old=null, confs=<EMPTY_MAP>
2019-08-28 04:44:00,338 [pool-38-thread-1] INFO  server.RaftServerConfigKeys (ConfUtils.java:logGet(43)) - raft.server.rpc.timeout.max = 5200ms (custom)
2019-08-28 04:44:00,338 [pool-60-thread-1] INFO  server.RaftServerConfigKeys (ConfUtils.java:logGet(43)) - raft.server.storage.dir = [/workdir/hadoop-ozone/integration-test/target/test-dir/MiniOzoneClusterImpl-dee0cb60-1d83-42ef-98aa-30f750bc63a6/datanode-3/data/ratis] (custom)
2019-08-28 04:44:00,338 [pool-27-thread-1] INFO  storage.RaftStorageDirectory (RaftStorageDirectory.java:analyzeStorage(246)) - The storage directory /workdir/hadoop-ozone/integration-test/target/test-dir/MiniOzoneClusterImpl-dee0cb60-1d83-42ef-98aa-30f750bc63a6/datanode-0/data/ratis/29bfd4bd-d996-40cd-83e2-28a5b8b36b60 does not exist. Creating ...
2019-08-28 04:44:00,338 [pool-38-thread-1] INFO  server.RaftServerConfigKeys (ConfUtils.java:logGet(43)) - raft.server.rpcslowness.timeout = 120s (custom)
2019-08-28 04:44:00,339 [pool-60-thread-1] INFO  storage.RaftStorageDirectory (RaftStorageDirectory.java:analyzeStorage(246)) - The storage directory /workdir/hadoop-ozone/integration-test/target/test-dir/MiniOzoneClusterImpl-dee0cb60-1d83-42ef-98aa-30f750bc63a6/datanode-3/data/ratis/29bfd4bd-d996-40cd-83e2-28a5b8b36b60 does not exist. Creating ...
2019-08-28 04:44:00,339 [pool-38-thread-1] INFO  server.RaftServerConfigKeys (ConfUtils.java:logGet(43)) - raft.server.sleep.deviation.threshold = 300 (default)
2019-08-28 04:44:00,339 [pool-38-thread-1] INFO  server.RaftServerConfigKeys (ConfUtils.java:logGet(43)) - raft.server.log.appender.install.snapshot.enabled = false (custom)
2019-08-28 04:44:00,339 [pool-38-thread-1] INFO  impl.RaftServerImpl (ServerState.java:<init>(105)) - 025d69ad-6f0c-4e69-9dfc-3a983de9ebc7:group-28A5B8B36B60 ConfigurationManager, init=-1: [025d69ad-6f0c-4e69-9dfc-3a983de9ebc7:192.168.69.75:36131, 8dbdf2d3-0592-4172-9c9d-ce42eb2799ca:192.168.69.75:46585, 3aa4c088-6d9c-4e45-8699-9552fa9982bb:192.168.69.75:35133], old=null, confs=<EMPTY_MAP>
2019-08-28 04:44:00,339 [pool-38-thread-1] INFO  server.RaftServerConfigKeys (ConfUtils.java:logGet(43)) - raft.server.storage.dir = [/workdir/hadoop-ozone/integration-test/target/test-dir/MiniOzoneClusterImpl-dee0cb60-1d83-42ef-98aa-30f750bc63a6/datanode-1/data/ratis] (custom)
2019-08-28 04:44:00,339 [pool-38-thread-1] INFO  storage.RaftStorageDirectory (RaftStorageDirectory.java:analyzeStorage(246)) - The storage directory /workdir/hadoop-ozone/integration-test/target/test-dir/MiniOzoneClusterImpl-dee0cb60-1d83-42ef-98aa-30f750bc63a6/datanode-1/data/ratis/29bfd4bd-d996-40cd-83e2-28a5b8b36b60 does not exist. Creating ...
2019-08-28 04:44:00,352 [pool-27-thread-1] INFO  storage.RaftStorageDirectory (RaftStorageDirectory.java:tryLock(328)) - Lock on /workdir/hadoop-ozone/integration-test/target/test-dir/MiniOzoneClusterImpl-dee0cb60-1d83-42ef-98aa-30f750bc63a6/datanode-0/data/ratis/29bfd4bd-d996-40cd-83e2-28a5b8b36b60/in_use.lock acquired by nodename 16601@pr-hdds-2014-rr4xc-1992234301
2019-08-28 04:44:00,352 [pool-38-thread-1] INFO  storage.RaftStorageDirectory (RaftStorageDirectory.java:tryLock(328)) - Lock on /workdir/hadoop-ozone/integration-test/target/test-dir/MiniOzoneClusterImpl-dee0cb60-1d83-42ef-98aa-30f750bc63a6/datanode-1/data/ratis/29bfd4bd-d996-40cd-83e2-28a5b8b36b60/in_use.lock acquired by nodename 16601@pr-hdds-2014-rr4xc-1992234301
2019-08-28 04:44:00,352 [pool-60-thread-1] INFO  storage.RaftStorageDirectory (RaftStorageDirectory.java:tryLock(328)) - Lock on /workdir/hadoop-ozone/integration-test/target/test-dir/MiniOzoneClusterImpl-dee0cb60-1d83-42ef-98aa-30f750bc63a6/datanode-3/data/ratis/29bfd4bd-d996-40cd-83e2-28a5b8b36b60/in_use.lock acquired by nodename 16601@pr-hdds-2014-rr4xc-1992234301
2019-08-28 04:44:00,353 | INFO  | SCMAudit | user=jenkins1000 | ip=192.168.69.75 | op=SEND_HEARTBEAT {datanodeUUID=3aa4c088-6d9c-4e45-8699-9552fa9982bb, command=[]} | ret=SUCCESS |  
2019-08-28 04:44:00,366 [pool-60-thread-1] INFO  storage.RaftStorage (RaftStorage.java:format(72)) - Storage directory /workdir/hadoop-ozone/integration-test/target/test-dir/MiniOzoneClusterImpl-dee0cb60-1d83-42ef-98aa-30f750bc63a6/datanode-3/data/ratis/29bfd4bd-d996-40cd-83e2-28a5b8b36b60 has been successfully formatted.
2019-08-28 04:44:00,366 [pool-38-thread-1] INFO  storage.RaftStorage (RaftStorage.java:format(72)) - Storage directory /workdir/hadoop-ozone/integration-test/target/test-dir/MiniOzoneClusterImpl-dee0cb60-1d83-42ef-98aa-30f750bc63a6/datanode-1/data/ratis/29bfd4bd-d996-40cd-83e2-28a5b8b36b60 has been successfully formatted.
2019-08-28 04:44:00,366 [pool-27-thread-1] INFO  storage.RaftStorage (RaftStorage.java:format(72)) - Storage directory /workdir/hadoop-ozone/integration-test/target/test-dir/MiniOzoneClusterImpl-dee0cb60-1d83-42ef-98aa-30f750bc63a6/datanode-0/data/ratis/29bfd4bd-d996-40cd-83e2-28a5b8b36b60 has been successfully formatted.
2019-08-28 04:44:00,366 [pool-60-thread-1] INFO  ratis.ContainerStateMachine (ContainerStateMachine.java:loadSnapshot(226)) - group-28A5B8B36B60: The snapshot info is null. Setting the last applied indexto:(t:0, i:~)
2019-08-28 04:44:00,366 [pool-38-thread-1] INFO  ratis.ContainerStateMachine (ContainerStateMachine.java:loadSnapshot(226)) - group-28A5B8B36B60: The snapshot info is null. Setting the last applied indexto:(t:0, i:~)
2019-08-28 04:44:00,366 [pool-60-thread-1] INFO  server.RaftServerConfigKeys (ConfUtils.java:logGet(43)) - raft.server.leader.election.timeout = 120s (custom)
2019-08-28 04:44:00,366 [pool-27-thread-1] INFO  ratis.ContainerStateMachine (ContainerStateMachine.java:loadSnapshot(226)) - group-28A5B8B36B60: The snapshot info is null. Setting the last applied indexto:(t:0, i:~)
2019-08-28 04:44:00,366 [pool-60-thread-1] INFO  server.RaftServerConfigKeys (ConfUtils.java:logGet(43)) - raft.server.log.use.memory = false (default)
2019-08-28 04:44:00,366 [pool-38-thread-1] INFO  server.RaftServerConfigKeys (ConfUtils.java:logGet(43)) - raft.server.leader.election.timeout = 120s (custom)
2019-08-28 04:44:00,367 [pool-60-thread-1] INFO  server.RaftServerConfigKeys (ConfUtils.java:logGet(43)) - raft.server.log.purge.gap = 1000000 (custom)
2019-08-28 04:44:00,366 [pool-27-thread-1] INFO  server.RaftServerConfigKeys (ConfUtils.java:logGet(43)) - raft.server.leader.election.timeout = 120s (custom)
2019-08-28 04:44:00,367 [pool-60-thread-1] INFO  server.RaftServerConfigKeys (ConfUtils.java:logGet(43)) - raft.server.log.appender.buffer.byte-limit = 33554432 (custom)
2019-08-28 04:44:00,367 [pool-38-thread-1] INFO  server.RaftServerConfigKeys (ConfUtils.java:logGet(43)) - raft.server.log.use.memory = false (default)
2019-08-28 04:44:00,367 [pool-60-thread-1] INFO  server.RaftServerConfigKeys (ConfUtils.java:logGet(43)) - raft.server.log.segment.size.max = 1048576 (custom)
2019-08-28 04:44:00,367 [pool-27-thread-1] INFO  server.RaftServerConfigKeys (ConfUtils.java:logGet(43)) - raft.server.log.use.memory = false (default)
2019-08-28 04:44:00,367 [pool-60-thread-1] INFO  server.RaftServerConfigKeys (ConfUtils.java:logGet(43)) - raft.server.log.segment.cache.num.max = 2 (custom)
2019-08-28 04:44:00,367 [pool-38-thread-1] INFO  server.RaftServerConfigKeys (ConfUtils.java:logGet(43)) - raft.server.log.purge.gap = 1000000 (custom)
2019-08-28 04:44:00,367 [pool-60-thread-1] INFO  segmented.SegmentedRaftLogWorker (SegmentedRaftLogWorker.java:<init>(172)) - new 8dbdf2d3-0592-4172-9c9d-ce42eb2799ca-SegmentedRaftLogWorker:Storage Directory /workdir/hadoop-ozone/integration-test/target/test-dir/MiniOzoneClusterImpl-dee0cb60-1d83-42ef-98aa-30f750bc63a6/datanode-3/data/ratis/29bfd4bd-d996-40cd-83e2-28a5b8b36b60 for RaftStorage:Storage Directory /workdir/hadoop-ozone/integration-test/target/test-dir/MiniOzoneClusterImpl-dee0cb60-1d83-42ef-98aa-30f750bc63a6/datanode-3/data/ratis/29bfd4bd-d996-40cd-83e2-28a5b8b36b60
2019-08-28 04:44:00,367 [pool-27-thread-1] INFO  server.RaftServerConfigKeys (ConfUtils.java:logGet(43)) - raft.server.log.purge.gap = 1000000 (custom)
2019-08-28 04:44:00,367 [pool-60-thread-1] INFO  server.RaftServerConfigKeys (ConfUtils.java:logGet(43)) - raft.server.log.queue.byte-limit = 2147483647 (custom)
2019-08-28 04:44:00,367 [pool-38-thread-1] INFO  server.RaftServerConfigKeys (ConfUtils.java:logGet(43)) - raft.server.log.appender.buffer.byte-limit = 33554432 (custom)
2019-08-28 04:44:00,370 [pool-60-thread-1] INFO  server.RaftServerConfigKeys (ConfUtils.java:logGet(43)) - raft.server.log.queue.element-limit = 1024 (custom)
2019-08-28 04:44:00,367 [pool-27-thread-1] INFO  server.RaftServerConfigKeys (ConfUtils.java:logGet(43)) - raft.server.log.appender.buffer.byte-limit = 33554432 (custom)
2019-08-28 04:44:00,370 [pool-60-thread-1] INFO  server.RaftServerConfigKeys (ConfUtils.java:logGet(43)) - raft.server.log.segment.size.max = 1048576 (custom)
2019-08-28 04:44:00,370 [pool-38-thread-1] INFO  server.RaftServerConfigKeys (ConfUtils.java:logGet(43)) - raft.server.log.segment.size.max = 1048576 (custom)
2019-08-28 04:44:00,370 [pool-60-thread-1] INFO  server.RaftServerConfigKeys (ConfUtils.java:logGet(43)) - raft.server.log.preallocated.size = 16384 (custom)
2019-08-28 04:44:00,370 [pool-27-thread-1] INFO  server.RaftServerConfigKeys (ConfUtils.java:logGet(43)) - raft.server.log.segment.size.max = 1048576 (custom)
2019-08-28 04:44:00,370 [pool-60-thread-1] INFO  server.RaftServerConfigKeys (ConfUtils.java:logGet(43)) - raft.server.log.write.buffer.size = 33554432 (custom)
2019-08-28 04:44:00,370 [pool-38-thread-1] INFO  server.RaftServerConfigKeys (ConfUtils.java:logGet(43)) - raft.server.log.segment.cache.num.max = 2 (custom)
2019-08-28 04:44:00,371 [pool-60-thread-1] INFO  server.RaftServerConfigKeys (ConfUtils.java:logGet(43)) - raft.server.log.force.sync.num = 128 (default)
2019-08-28 04:44:00,371 [pool-27-thread-1] INFO  server.RaftServerConfigKeys (ConfUtils.java:logGet(43)) - raft.server.log.segment.cache.num.max = 2 (custom)
2019-08-28 04:44:00,371 [pool-60-thread-1] INFO  server.RaftServerConfigKeys (ConfUtils.java:logGet(43)) - raft.server.log.statemachine.data.sync = true (default)
2019-08-28 04:44:00,371 [pool-38-thread-1] INFO  segmented.SegmentedRaftLogWorker (SegmentedRaftLogWorker.java:<init>(172)) - new 025d69ad-6f0c-4e69-9dfc-3a983de9ebc7-SegmentedRaftLogWorker:Storage Directory /workdir/hadoop-ozone/integration-test/target/test-dir/MiniOzoneClusterImpl-dee0cb60-1d83-42ef-98aa-30f750bc63a6/datanode-1/data/ratis/29bfd4bd-d996-40cd-83e2-28a5b8b36b60 for RaftStorage:Storage Directory /workdir/hadoop-ozone/integration-test/target/test-dir/MiniOzoneClusterImpl-dee0cb60-1d83-42ef-98aa-30f750bc63a6/datanode-1/data/ratis/29bfd4bd-d996-40cd-83e2-28a5b8b36b60
2019-08-28 04:44:00,371 [pool-60-thread-1] INFO  server.RaftServerConfigKeys (ConfUtils.java:logGet(43)) - raft.server.log.statemachine.data.sync.timeout = 10s (default)
2019-08-28 04:44:00,371 [pool-27-thread-1] INFO  segmented.SegmentedRaftLogWorker (SegmentedRaftLogWorker.java:<init>(172)) - new 3aa4c088-6d9c-4e45-8699-9552fa9982bb-SegmentedRaftLogWorker:Storage Directory /workdir/hadoop-ozone/integration-test/target/test-dir/MiniOzoneClusterImpl-dee0cb60-1d83-42ef-98aa-30f750bc63a6/datanode-0/data/ratis/29bfd4bd-d996-40cd-83e2-28a5b8b36b60 for RaftStorage:Storage Directory /workdir/hadoop-ozone/integration-test/target/test-dir/MiniOzoneClusterImpl-dee0cb60-1d83-42ef-98aa-30f750bc63a6/datanode-0/data/ratis/29bfd4bd-d996-40cd-83e2-28a5b8b36b60
2019-08-28 04:44:00,371 [pool-60-thread-1] INFO  server.RaftServerConfigKeys (ConfUtils.java:logGet(43)) - raft.server.log.statemachine.data.sync.timeout.retry = -1 (default)
2019-08-28 04:44:00,371 [pool-38-thread-1] INFO  server.RaftServerConfigKeys (ConfUtils.java:logGet(43)) - raft.server.log.queue.byte-limit = 2147483647 (custom)
2019-08-28 04:44:00,375 [pool-60-thread-1] INFO  server.RaftServerConfigKeys (ConfUtils.java:logGet(43)) - raft.server.log.statemachine.data.caching.enabled = true (custom)
2019-08-28 04:44:00,373 [pool-27-thread-1] INFO  server.RaftServerConfigKeys (ConfUtils.java:logGet(43)) - raft.server.log.queue.byte-limit = 2147483647 (custom)
2019-08-28 04:44:00,376 [pool-38-thread-1] INFO  server.RaftServerConfigKeys (ConfUtils.java:logGet(43)) - raft.server.log.queue.element-limit = 1024 (custom)
2019-08-28 04:44:00,376 [pool-60-thread-1] INFO  segmented.SegmentedRaftLogWorker (SegmentedRaftLogWorker.java:lambda$new$0(132)) - 8dbdf2d3-0592-4172-9c9d-ce42eb2799ca-SegmentedRaftLogWorker:Storage Directory /workdir/hadoop-ozone/integration-test/target/test-dir/MiniOzoneClusterImpl-dee0cb60-1d83-42ef-98aa-30f750bc63a6/datanode-3/data/ratis/29bfd4bd-d996-40cd-83e2-28a5b8b36b60: flushIndex: setUnconditionally 0 -> -1
2019-08-28 04:44:00,376 [pool-27-thread-1] INFO  server.RaftServerConfigKeys (ConfUtils.java:logGet(43)) - raft.server.log.queue.element-limit = 1024 (custom)
2019-08-28 04:44:00,376 [pool-38-thread-1] INFO  server.RaftServerConfigKeys (ConfUtils.java:logGet(43)) - raft.server.log.segment.size.max = 1048576 (custom)
2019-08-28 04:44:00,376 [pool-60-thread-1] INFO  server.RaftServerConfigKeys (ConfUtils.java:logGet(43)) - raft.server.snapshot.auto.trigger.enabled = true (custom)
2019-08-28 04:44:00,376 [pool-27-thread-1] INFO  server.RaftServerConfigKeys (ConfUtils.java:logGet(43)) - raft.server.log.segment.size.max = 1048576 (custom)
2019-08-28 04:44:00,376 [pool-60-thread-1] INFO  server.RaftServerConfigKeys (ConfUtils.java:logGet(43)) - raft.server.snapshot.auto.trigger.threshold = 10000 (custom)
2019-08-28 04:44:00,376 [pool-38-thread-1] INFO  server.RaftServerConfigKeys (ConfUtils.java:logGet(43)) - raft.server.log.preallocated.size = 16384 (custom)
2019-08-28 04:44:00,377 [pool-60-thread-1] INFO  server.RaftServerConfigKeys (ConfUtils.java:logGet(43)) - raft.server.retrycache.expirytime = 600000ms (custom)
2019-08-28 04:44:00,377 [pool-38-thread-1] INFO  server.RaftServerConfigKeys (ConfUtils.java:logGet(43)) - raft.server.log.write.buffer.size = 33554432 (custom)
2019-08-28 04:44:00,376 [pool-27-thread-1] INFO  server.RaftServerConfigKeys (ConfUtils.java:logGet(43)) - raft.server.log.preallocated.size = 16384 (custom)
2019-08-28 04:44:00,377 [pool-38-thread-1] INFO  server.RaftServerConfigKeys (ConfUtils.java:logGet(43)) - raft.server.log.force.sync.num = 128 (default)
2019-08-28 04:44:00,377 [pool-60-thread-1] INFO  impl.RaftServerImpl (RaftServerImpl.java:start(180)) - 8dbdf2d3-0592-4172-9c9d-ce42eb2799ca: start group-28A5B8B36B60
2019-08-28 04:44:00,377 [pool-38-thread-1] INFO  server.RaftServerConfigKeys (ConfUtils.java:logGet(43)) - raft.server.log.statemachine.data.sync = true (default)
2019-08-28 04:44:00,377 [pool-27-thread-1] INFO  server.RaftServerConfigKeys (ConfUtils.java:logGet(43)) - raft.server.log.write.buffer.size = 33554432 (custom)
2019-08-28 04:44:00,377 [pool-38-thread-1] INFO  server.RaftServerConfigKeys (ConfUtils.java:logGet(43)) - raft.server.log.statemachine.data.sync.timeout = 10s (default)
2019-08-28 04:44:00,377 [pool-60-thread-1] INFO  impl.RaftServerImpl (RaftServerImpl.java:setRole(171)) - 8dbdf2d3-0592-4172-9c9d-ce42eb2799ca:group-28A5B8B36B60 changes role from null to FOLLOWER at term 0 for startAsFollower
2019-08-28 04:44:00,377 [pool-38-thread-1] INFO  server.RaftServerConfigKeys (ConfUtils.java:logGet(43)) - raft.server.log.statemachine.data.sync.timeout.retry = -1 (default)
2019-08-28 04:44:00,377 [pool-27-thread-1] INFO  server.RaftServerConfigKeys (ConfUtils.java:logGet(43)) - raft.server.log.force.sync.num = 128 (default)
2019-08-28 04:44:00,378 [pool-60-thread-1] INFO  impl.RoleInfo (RoleInfo.java:updateAndGet(143)) - 8dbdf2d3-0592-4172-9c9d-ce42eb2799ca: start FollowerState
2019-08-28 04:44:00,378 [pool-27-thread-1] INFO  server.RaftServerConfigKeys (ConfUtils.java:logGet(43)) - raft.server.log.statemachine.data.sync = true (default)
2019-08-28 04:44:00,378 [pool-38-thread-1] INFO  server.RaftServerConfigKeys (ConfUtils.java:logGet(43)) - raft.server.log.statemachine.data.caching.enabled = true (custom)
2019-08-28 04:44:00,378 [pool-27-thread-1] INFO  server.RaftServerConfigKeys (ConfUtils.java:logGet(43)) - raft.server.log.statemachine.data.sync.timeout = 10s (default)
2019-08-28 04:44:00,378 [pool-60-thread-1] INFO  util.JmxRegister (JmxRegister.java:tryRegister(44)) - Successfully registered JMX Bean with object name Ratis:service=RaftServer,group=group-28A5B8B36B60,id=8dbdf2d3-0592-4172-9c9d-ce42eb2799ca
2019-08-28 04:44:00,378 [pool-38-thread-1] INFO  segmented.SegmentedRaftLogWorker (SegmentedRaftLogWorker.java:lambda$new$0(132)) - 025d69ad-6f0c-4e69-9dfc-3a983de9ebc7-SegmentedRaftLogWorker:Storage Directory /workdir/hadoop-ozone/integration-test/target/test-dir/MiniOzoneClusterImpl-dee0cb60-1d83-42ef-98aa-30f750bc63a6/datanode-1/data/ratis/29bfd4bd-d996-40cd-83e2-28a5b8b36b60: flushIndex: setUnconditionally 0 -> -1
2019-08-28 04:44:00,378 [pool-27-thread-1] INFO  server.RaftServerConfigKeys (ConfUtils.java:logGet(43)) - raft.server.log.statemachine.data.sync.timeout.retry = -1 (default)
2019-08-28 04:44:00,379 [pool-38-thread-1] INFO  server.RaftServerConfigKeys (ConfUtils.java:logGet(43)) - raft.server.snapshot.auto.trigger.enabled = true (custom)
2019-08-28 04:44:00,379 [pool-27-thread-1] INFO  server.RaftServerConfigKeys (ConfUtils.java:logGet(43)) - raft.server.log.statemachine.data.caching.enabled = true (custom)
2019-08-28 04:44:00,379 [pool-38-thread-1] INFO  server.RaftServerConfigKeys (ConfUtils.java:logGet(43)) - raft.server.snapshot.auto.trigger.threshold = 10000 (custom)
2019-08-28 04:44:00,379 [pool-27-thread-1] INFO  segmented.SegmentedRaftLogWorker (SegmentedRaftLogWorker.java:lambda$new$0(132)) - 3aa4c088-6d9c-4e45-8699-9552fa9982bb-SegmentedRaftLogWorker:Storage Directory /workdir/hadoop-ozone/integration-test/target/test-dir/MiniOzoneClusterImpl-dee0cb60-1d83-42ef-98aa-30f750bc63a6/datanode-0/data/ratis/29bfd4bd-d996-40cd-83e2-28a5b8b36b60: flushIndex: setUnconditionally 0 -> -1
2019-08-28 04:44:00,379 [pool-38-thread-1] INFO  server.RaftServerConfigKeys (ConfUtils.java:logGet(43)) - raft.server.retrycache.expirytime = 600000ms (custom)
2019-08-28 04:44:00,379 [pool-27-thread-1] INFO  server.RaftServerConfigKeys (ConfUtils.java:logGet(43)) - raft.server.snapshot.auto.trigger.enabled = true (custom)
2019-08-28 04:44:00,379 [pool-38-thread-1] INFO  impl.RaftServerImpl (RaftServerImpl.java:start(180)) - 025d69ad-6f0c-4e69-9dfc-3a983de9ebc7: start group-28A5B8B36B60
2019-08-28 04:44:00,379 [pool-27-thread-1] INFO  server.RaftServerConfigKeys (ConfUtils.java:logGet(43)) - raft.server.snapshot.auto.trigger.threshold = 10000 (custom)
2019-08-28 04:44:00,379 [pool-38-thread-1] INFO  impl.RaftServerImpl (RaftServerImpl.java:setRole(171)) - 025d69ad-6f0c-4e69-9dfc-3a983de9ebc7:group-28A5B8B36B60 changes role from null to FOLLOWER at term 0 for startAsFollower
2019-08-28 04:44:00,380 [pool-27-thread-1] INFO  server.RaftServerConfigKeys (ConfUtils.java:logGet(43)) - raft.server.retrycache.expirytime = 600000ms (custom)
2019-08-28 04:44:00,380 [pool-38-thread-1] INFO  impl.RoleInfo (RoleInfo.java:updateAndGet(143)) - 025d69ad-6f0c-4e69-9dfc-3a983de9ebc7: start FollowerState
2019-08-28 04:44:00,380 [pool-27-thread-1] INFO  impl.RaftServerImpl (RaftServerImpl.java:start(180)) - 3aa4c088-6d9c-4e45-8699-9552fa9982bb: start group-28A5B8B36B60
2019-08-28 04:44:00,380 [pool-27-thread-1] INFO  impl.RaftServerImpl (RaftServerImpl.java:setRole(171)) - 3aa4c088-6d9c-4e45-8699-9552fa9982bb:group-28A5B8B36B60 changes role from null to FOLLOWER at term 0 for startAsFollower
2019-08-28 04:44:00,380 [pool-38-thread-1] INFO  util.JmxRegister (JmxRegister.java:tryRegister(44)) - Successfully registered JMX Bean with object name Ratis:service=RaftServer,group=group-28A5B8B36B60,id=025d69ad-6f0c-4e69-9dfc-3a983de9ebc7
2019-08-28 04:44:00,380 [pool-27-thread-1] INFO  impl.RoleInfo (RoleInfo.java:updateAndGet(143)) - 3aa4c088-6d9c-4e45-8699-9552fa9982bb: start FollowerState
2019-08-28 04:44:00,383 [pool-27-thread-1] INFO  util.JmxRegister (JmxRegister.java:tryRegister(44)) - Successfully registered JMX Bean with object name Ratis:service=RaftServer,group=group-28A5B8B36B60,id=3aa4c088-6d9c-4e45-8699-9552fa9982bb
2019-08-28 04:44:00,405 [RatisPipelineUtilsThread] INFO  pipeline.PipelineStateManager (PipelineStateManager.java:addPipeline(56)) - Created pipeline Pipeline[ Id: 29bfd4bd-d996-40cd-83e2-28a5b8b36b60, Nodes: 3aa4c088-6d9c-4e45-8699-9552fa9982bb{ip: 192.168.69.75, host: pr-hdds-2014-rr4xc-1992234301, networkLocation: /default-rack, certSerialId: null}8dbdf2d3-0592-4172-9c9d-ce42eb2799ca{ip: 192.168.69.75, host: pr-hdds-2014-rr4xc-1992234301, networkLocation: /default-rack, certSerialId: null}025d69ad-6f0c-4e69-9dfc-3a983de9ebc7{ip: 192.168.69.75, host: pr-hdds-2014-rr4xc-1992234301, networkLocation: /default-rack, certSerialId: null}, Type:RATIS, Factor:THREE, State:OPEN]
2019-08-28 04:44:00,581 | INFO  | SCMAudit | user=jenkins1000 | ip=192.168.69.75 | op=SEND_HEARTBEAT {datanodeUUID=025d69ad-6f0c-4e69-9dfc-3a983de9ebc7, command=[]} | ret=SUCCESS |  
2019-08-28 04:44:00,603 [main] INFO  rpc.RpcClient (RpcClient.java:createVolume(293)) - Creating Volume: testblockoutputstream, with jenkins1000 as owner.
2019-08-28 04:44:00,630 | INFO  | OMAudit | user=jenkins1000 | ip=127.0.0.1 | op=CREATE_VOLUME {admin=jenkins1000, owner=jenkins1000, volume=testblockoutputstream, creationTime=1566967440624, quotaInBytes=1152921504606846976} | ret=SUCCESS |  
2019-08-28 04:44:00,656 | INFO  | OMAudit | user=jenkins1000 | ip=127.0.0.1 | op=READ_VOLUME {volume=testblockoutputstream} | ret=SUCCESS |  
2019-08-28 04:44:00,663 [main] INFO  rpc.RpcClient (RpcClient.java:createBucket(432)) - Creating Bucket: testblockoutputstream/testblockoutputstream, with Versioning false and Storage Type set to DISK and Encryption set to false 
2019-08-28 04:44:00,684 | INFO  | OMAudit | user=jenkins1000 | ip=127.0.0.1 | op=CREATE_BUCKET {volume=testblockoutputstream, bucket=testblockoutputstream, acls=[user:jenkins1000:a[ACCESS], group:default:a[ACCESS]], isVersionEnabled=false, storageType=DISK, creationTime=0} | ret=SUCCESS |  
2019-08-28 04:44:00,686 [main] INFO  impl.MetricsSystemImpl (MetricsSystemImpl.java:init(158)) - XceiverClientMetrics metrics system started (again)
2019-08-28 04:44:00,695 | INFO  | OMAudit | user=jenkins1000 | ip=127.0.0.1 | op=READ_VOLUME {volume=testblockoutputstream} | ret=SUCCESS |  
2019-08-28 04:44:00,702 | INFO  | OMAudit | user=jenkins1000 | ip=127.0.0.1 | op=READ_BUCKET {volume=testblockoutputstream, bucket=testblockoutputstream} | ret=SUCCESS |  
2019-08-28 04:44:00,749 | INFO  | SCMAudit | user=jenkins1000 | ip=192.168.69.75 | op=ALLOCATE_BLOCK {owner=ca2430b3-c36d-4d63-a386-f34f8f5be049, size=800, type=RATIS, factor=THREE} | ret=SUCCESS |  
2019-08-28 04:44:00,774 | INFO  | OMAudit | user=jenkins1000 | ip=127.0.0.1 | op=ALLOCATE_KEY {volume=testblockoutputstream, bucket=testblockoutputstream, key=5ebc0f99-eed4-4293-bd3c-9a11651377fa, dataSize=0, replicationType=RATIS, replicationFactor=THREE, keyLocationInfo=null} | ret=SUCCESS |  
2019-08-28 04:44:00,921 [grpc-default-executor-2] INFO  client.GrpcClientProtocolClient (GrpcClientProtocolClient.java:onNext(255)) - client-3C4235AB3E95->3aa4c088-6d9c-4e45-8699-9552fa9982bb: receive RaftClientReply:client-3C4235AB3E95->3aa4c088-6d9c-4e45-8699-9552fa9982bb@group-28A5B8B36B60, cid=13, FAILED org.apache.ratis.protocol.NotLeaderException: Server 3aa4c088-6d9c-4e45-8699-9552fa9982bb is not the leader (null). Request must be sent to leader., logIndex=0, commits[3aa4c088-6d9c-4e45-8699-9552fa9982bb:c-1]
2019-08-28 04:44:01,168 | INFO  | SCMAudit | user=jenkins1000 | ip=192.168.69.75 | op=SEND_HEARTBEAT {datanodeUUID=8dbdf2d3-0592-4172-9c9d-ce42eb2799ca, command=[]} | ret=SUCCESS |  
2019-08-28 04:44:01,168 | INFO  | SCMAudit | user=jenkins1000 | ip=192.168.69.75 | op=SEND_HEARTBEAT {datanodeUUID=f5b518e1-81ed-4539-890c-23fde7b7af4e, command=[]} | ret=SUCCESS |  
2019-08-28 04:44:01,290 | INFO  | SCMAudit | user=jenkins1000 | ip=192.168.69.75 | op=SEND_HEARTBEAT {datanodeUUID=f4072c9f-a22f-4281-b53d-4a46edeec81c, command=[]} | ret=SUCCESS |  
2019-08-28 04:44:01,333 | INFO  | SCMAudit | user=jenkins1000 | ip=192.168.69.75 | op=SEND_HEARTBEAT {datanodeUUID=3aa4c088-6d9c-4e45-8699-9552fa9982bb, command=[]} | ret=SUCCESS |  
2019-08-28 04:44:01,371 [Thread-237] INFO  container.ReplicationManager (ReplicationManager.java:start(152)) - Starting Replication Monitor Thread.
2019-08-28 04:44:01,376 [ReplicationMonitor] INFO  container.ReplicationManager (ReplicationManager.java:run(215)) - Replication Monitor Thread took 3 milliseconds for processing 1 containers.
2019-08-28 04:44:01,581 | INFO  | SCMAudit | user=jenkins1000 | ip=192.168.69.75 | op=SEND_HEARTBEAT {datanodeUUID=025d69ad-6f0c-4e69-9dfc-3a983de9ebc7, command=[]} | ret=SUCCESS |  
2019-08-28 04:44:01,657 | INFO  | SCMAudit | user=jenkins1000 | ip=192.168.69.75 | op=SEND_HEARTBEAT {datanodeUUID=aaa2da48-ccc8-4121-a1a5-30f8a5c77378, command=[]} | ret=SUCCESS |  
2019-08-28 04:44:01,848 | INFO  | SCMAudit | user=jenkins1000 | ip=192.168.69.75 | op=SEND_HEARTBEAT {datanodeUUID=8bdb61b5-fa98-4739-8e0a-5280a4fe194a, command=[]} | ret=SUCCESS |  
2019-08-28 04:44:01,967 [grpc-default-executor-0] INFO  client.GrpcClientProtocolClient (GrpcClientProtocolClient.java:onNext(255)) - client-3C4235AB3E95->025d69ad-6f0c-4e69-9dfc-3a983de9ebc7: receive RaftClientReply:client-3C4235AB3E95->025d69ad-6f0c-4e69-9dfc-3a983de9ebc7@group-28A5B8B36B60, cid=13, FAILED org.apache.ratis.protocol.NotLeaderException: Server 025d69ad-6f0c-4e69-9dfc-3a983de9ebc7 is not the leader (null). Request must be sent to leader., logIndex=0, commits[025d69ad-6f0c-4e69-9dfc-3a983de9ebc7:c-1]
2019-08-28 04:44:02,168 | INFO  | SCMAudit | user=jenkins1000 | ip=192.168.69.75 | op=SEND_HEARTBEAT {datanodeUUID=8dbdf2d3-0592-4172-9c9d-ce42eb2799ca, command=[]} | ret=SUCCESS |  
2019-08-28 04:44:02,169 | INFO  | SCMAudit | user=jenkins1000 | ip=192.168.69.75 | op=SEND_HEARTBEAT {datanodeUUID=f5b518e1-81ed-4539-890c-23fde7b7af4e, command=[]} | ret=SUCCESS |  
2019-08-28 04:44:02,291 | INFO  | SCMAudit | user=jenkins1000 | ip=192.168.69.75 | op=SEND_HEARTBEAT {datanodeUUID=f4072c9f-a22f-4281-b53d-4a46edeec81c, command=[]} | ret=SUCCESS |  
2019-08-28 04:44:02,333 | INFO  | SCMAudit | user=jenkins1000 | ip=192.168.69.75 | op=SEND_HEARTBEAT {datanodeUUID=3aa4c088-6d9c-4e45-8699-9552fa9982bb, command=[]} | ret=SUCCESS |  
2019-08-28 04:44:02,581 | INFO  | SCMAudit | user=jenkins1000 | ip=192.168.69.75 | op=SEND_HEARTBEAT {datanodeUUID=025d69ad-6f0c-4e69-9dfc-3a983de9ebc7, command=[]} | ret=SUCCESS |  
2019-08-28 04:44:02,656 | INFO  | SCMAudit | user=jenkins1000 | ip=192.168.69.75 | op=SEND_HEARTBEAT {datanodeUUID=aaa2da48-ccc8-4121-a1a5-30f8a5c77378, command=[]} | ret=SUCCESS |  
2019-08-28 04:44:02,848 | INFO  | SCMAudit | user=jenkins1000 | ip=192.168.69.75 | op=SEND_HEARTBEAT {datanodeUUID=8bdb61b5-fa98-4739-8e0a-5280a4fe194a, command=[]} | ret=SUCCESS |  
2019-08-28 04:44:02,990 [grpc-default-executor-2] INFO  client.GrpcClientProtocolClient (GrpcClientProtocolClient.java:onNext(255)) - client-3C4235AB3E95->3aa4c088-6d9c-4e45-8699-9552fa9982bb: receive RaftClientReply:client-3C4235AB3E95->3aa4c088-6d9c-4e45-8699-9552fa9982bb@group-28A5B8B36B60, cid=13, FAILED org.apache.ratis.protocol.NotLeaderException: Server 3aa4c088-6d9c-4e45-8699-9552fa9982bb is not the leader (null). Request must be sent to leader., logIndex=0, commits[3aa4c088-6d9c-4e45-8699-9552fa9982bb:c-1]
2019-08-28 04:44:03,183 | INFO  | SCMAudit | user=jenkins1000 | ip=192.168.69.75 | op=SEND_HEARTBEAT {datanodeUUID=8dbdf2d3-0592-4172-9c9d-ce42eb2799ca, command=[]} | ret=SUCCESS |  
2019-08-28 04:44:03,183 | INFO  | SCMAudit | user=jenkins1000 | ip=192.168.69.75 | op=SEND_HEARTBEAT {datanodeUUID=f5b518e1-81ed-4539-890c-23fde7b7af4e, command=[]} | ret=SUCCESS |  
2019-08-28 04:44:03,290 | INFO  | SCMAudit | user=jenkins1000 | ip=192.168.69.75 | op=SEND_HEARTBEAT {datanodeUUID=f4072c9f-a22f-4281-b53d-4a46edeec81c, command=[]} | ret=SUCCESS |  
2019-08-28 04:44:03,331 | INFO  | SCMAudit | user=jenkins1000 | ip=192.168.69.75 | op=SEND_HEARTBEAT {datanodeUUID=3aa4c088-6d9c-4e45-8699-9552fa9982bb, command=[]} | ret=SUCCESS |  
2019-08-28 04:44:03,579 | INFO  | SCMAudit | user=jenkins1000 | ip=192.168.69.75 | op=SEND_HEARTBEAT {datanodeUUID=025d69ad-6f0c-4e69-9dfc-3a983de9ebc7, command=[]} | ret=SUCCESS |  
2019-08-28 04:44:03,655 | INFO  | SCMAudit | user=jenkins1000 | ip=192.168.69.75 | op=SEND_HEARTBEAT {datanodeUUID=aaa2da48-ccc8-4121-a1a5-30f8a5c77378, command=[]} | ret=SUCCESS |  
2019-08-28 04:44:03,846 | INFO  | SCMAudit | user=jenkins1000 | ip=192.168.69.75 | op=SEND_HEARTBEAT {datanodeUUID=8bdb61b5-fa98-4739-8e0a-5280a4fe194a, command=[]} | ret=SUCCESS |  
2019-08-28 04:44:04,013 [grpc-default-executor-0] INFO  client.GrpcClientProtocolClient (GrpcClientProtocolClient.java:onNext(255)) - client-3C4235AB3E95->025d69ad-6f0c-4e69-9dfc-3a983de9ebc7: receive RaftClientReply:client-3C4235AB3E95->025d69ad-6f0c-4e69-9dfc-3a983de9ebc7@group-28A5B8B36B60, cid=13, FAILED org.apache.ratis.protocol.NotLeaderException: Server 025d69ad-6f0c-4e69-9dfc-3a983de9ebc7 is not the leader (null). Request must be sent to leader., logIndex=0, commits[025d69ad-6f0c-4e69-9dfc-3a983de9ebc7:c-1]
2019-08-28 04:44:04,165 | INFO  | SCMAudit | user=jenkins1000 | ip=192.168.69.75 | op=SEND_HEARTBEAT {datanodeUUID=8dbdf2d3-0592-4172-9c9d-ce42eb2799ca, command=[]} | ret=SUCCESS |  
2019-08-28 04:44:04,183 | INFO  | SCMAudit | user=jenkins1000 | ip=192.168.69.75 | op=SEND_HEARTBEAT {datanodeUUID=f5b518e1-81ed-4539-890c-23fde7b7af4e, command=[]} | ret=SUCCESS |  
2019-08-28 04:44:04,290 | INFO  | SCMAudit | user=jenkins1000 | ip=192.168.69.75 | op=SEND_HEARTBEAT {datanodeUUID=f4072c9f-a22f-4281-b53d-4a46edeec81c, command=[]} | ret=SUCCESS |  
2019-08-28 04:44:04,331 | INFO  | SCMAudit | user=jenkins1000 | ip=192.168.69.75 | op=SEND_HEARTBEAT {datanodeUUID=3aa4c088-6d9c-4e45-8699-9552fa9982bb, command=[]} | ret=SUCCESS |  
2019-08-28 04:44:04,579 | INFO  | SCMAudit | user=jenkins1000 | ip=192.168.69.75 | op=SEND_HEARTBEAT {datanodeUUID=025d69ad-6f0c-4e69-9dfc-3a983de9ebc7, command=[]} | ret=SUCCESS |  
2019-08-28 04:44:04,611 [Thread-239] INFO  impl.FollowerState (FollowerState.java:run(106)) - 3aa4c088-6d9c-4e45-8699-9552fa9982bb:group-FEDB07FF90B0 changes to CANDIDATE, lastRpcTime:5059, electionTimeout:5059ms
2019-08-28 04:44:04,613 [Thread-239] INFO  impl.RoleInfo (RoleInfo.java:shutdownFollowerState(121)) - 3aa4c088-6d9c-4e45-8699-9552fa9982bb: shutdown FollowerState
2019-08-28 04:44:04,613 [Thread-239] INFO  impl.RaftServerImpl (RaftServerImpl.java:setRole(171)) - 3aa4c088-6d9c-4e45-8699-9552fa9982bb:group-FEDB07FF90B0 changes role from FOLLOWER to CANDIDATE at term 0 for changeToCandidate
2019-08-28 04:44:04,620 [Thread-239] INFO  impl.RoleInfo (RoleInfo.java:updateAndGet(143)) - 3aa4c088-6d9c-4e45-8699-9552fa9982bb: start LeaderElection
2019-08-28 04:44:04,643 [3aa4c088-6d9c-4e45-8699-9552fa9982bb:group-FEDB07FF90B0:LeaderElection1] INFO  impl.LeaderElection (LeaderElection.java:askForVotes(181)) - 3aa4c088-6d9c-4e45-8699-9552fa9982bb:group-FEDB07FF90B0:LeaderElection1: begin an election at term 1 for -1: [3aa4c088-6d9c-4e45-8699-9552fa9982bb:192.168.69.75:35133], old=null
2019-08-28 04:44:04,646 [3aa4c088-6d9c-4e45-8699-9552fa9982bb:group-FEDB07FF90B0:LeaderElection1] INFO  impl.RoleInfo (RoleInfo.java:shutdownLeaderElection(134)) - 3aa4c088-6d9c-4e45-8699-9552fa9982bb: shutdown LeaderElection
2019-08-28 04:44:04,647 [3aa4c088-6d9c-4e45-8699-9552fa9982bb:group-FEDB07FF90B0:LeaderElection1] INFO  impl.RaftServerImpl (RaftServerImpl.java:setRole(171)) - 3aa4c088-6d9c-4e45-8699-9552fa9982bb:group-FEDB07FF90B0 changes role from CANDIDATE to LEADER at term 1 for changeToLeader
2019-08-28 04:44:04,647 [3aa4c088-6d9c-4e45-8699-9552fa9982bb:group-FEDB07FF90B0:LeaderElection1] INFO  impl.RaftServerImpl (ServerState.java:setLeader(263)) - 3aa4c088-6d9c-4e45-8699-9552fa9982bb:group-FEDB07FF90B0 change Leader from null to 3aa4c088-6d9c-4e45-8699-9552fa9982bb at term 1 for becomeLeader, leader elected after 5182ms
2019-08-28 04:44:04,655 [3aa4c088-6d9c-4e45-8699-9552fa9982bb:group-FEDB07FF90B0:LeaderElection1] INFO  server.RaftServerConfigKeys (ConfUtils.java:logGet(43)) - raft.server.staging.catchup.gap = 1000 (default)
2019-08-28 04:44:04,656 [3aa4c088-6d9c-4e45-8699-9552fa9982bb:group-FEDB07FF90B0:LeaderElection1] INFO  server.RaftServerConfigKeys (ConfUtils.java:logGet(43)) - raft.server.rpc.sleep.time = 25ms (default)
2019-08-28 04:44:04,657 | INFO  | SCMAudit | user=jenkins1000 | ip=192.168.69.75 | op=SEND_HEARTBEAT {datanodeUUID=aaa2da48-ccc8-4121-a1a5-30f8a5c77378, command=[]} | ret=SUCCESS |  
2019-08-28 04:44:04,659 [3aa4c088-6d9c-4e45-8699-9552fa9982bb:group-FEDB07FF90B0:LeaderElection1] INFO  server.RaftServerConfigKeys (ConfUtils.java:logGet(43)) - raft.server.write.element-limit = 4096 (default)
2019-08-28 04:44:04,661 [3aa4c088-6d9c-4e45-8699-9552fa9982bb:group-FEDB07FF90B0:LeaderElection1] INFO  server.RaftServerConfigKeys (ConfUtils.java:logGet(43)) - raft.server.watch.timeout = 10s (default)
2019-08-28 04:44:04,662 [3aa4c088-6d9c-4e45-8699-9552fa9982bb:group-FEDB07FF90B0:LeaderElection1] INFO  server.RaftServerConfigKeys (ConfUtils.java:logGet(43)) - raft.server.watch.timeout.denomination = 1s (default)
2019-08-28 04:44:04,663 [3aa4c088-6d9c-4e45-8699-9552fa9982bb:group-FEDB07FF90B0:LeaderElection1] INFO  server.RaftServerConfigKeys (ConfUtils.java:logGet(43)) - raft.server.watch.element-limit = 65536 (default)
2019-08-28 04:44:04,671 [3aa4c088-6d9c-4e45-8699-9552fa9982bb:group-FEDB07FF90B0:LeaderElection1] INFO  impl.RoleInfo (RoleInfo.java:updateAndGet(143)) - 3aa4c088-6d9c-4e45-8699-9552fa9982bb: start LeaderState
2019-08-28 04:44:04,694 [3aa4c088-6d9c-4e45-8699-9552fa9982bb:group-FEDB07FF90B0:LeaderElection1] INFO  segmented.SegmentedRaftLogWorker (SegmentedRaftLogWorker.java:startLogSegment(380)) - 3aa4c088-6d9c-4e45-8699-9552fa9982bb-SegmentedRaftLogWorker:Storage Directory /workdir/hadoop-ozone/integration-test/target/test-dir/MiniOzoneClusterImpl-dee0cb60-1d83-42ef-98aa-30f750bc63a6/datanode-0/data/ratis/d884d984-0f77-4670-af53-fedb07ff90b0: Starting segment from index:0
2019-08-28 04:44:04,701 [3aa4c088-6d9c-4e45-8699-9552fa9982bb:group-FEDB07FF90B0:LeaderElection1] INFO  impl.RaftServerImpl (ServerState.java:setRaftConf(361)) - 3aa4c088-6d9c-4e45-8699-9552fa9982bb:group-FEDB07FF90B0 set configuration 0: [3aa4c088-6d9c-4e45-8699-9552fa9982bb:192.168.69.75:35133], old=null at 0
2019-08-28 04:44:04,845 [Thread-242] INFO  impl.FollowerState (FollowerState.java:run(106)) - f5b518e1-81ed-4539-890c-23fde7b7af4e:group-77E02766C8F2 changes to CANDIDATE, lastRpcTime:5055, electionTimeout:5053ms
2019-08-28 04:44:04,848 [Thread-242] INFO  impl.RoleInfo (RoleInfo.java:shutdownFollowerState(121)) - f5b518e1-81ed-4539-890c-23fde7b7af4e: shutdown FollowerState
2019-08-28 04:44:04,848 [Thread-242] INFO  impl.RaftServerImpl (RaftServerImpl.java:setRole(171)) - f5b518e1-81ed-4539-890c-23fde7b7af4e:group-77E02766C8F2 changes role from FOLLOWER to CANDIDATE at term 0 for changeToCandidate
2019-08-28 04:44:04,848 [Thread-242] INFO  impl.RoleInfo (RoleInfo.java:updateAndGet(143)) - f5b518e1-81ed-4539-890c-23fde7b7af4e: start LeaderElection
2019-08-28 04:44:04,854 | INFO  | SCMAudit | user=jenkins1000 | ip=192.168.69.75 | op=SEND_HEARTBEAT {datanodeUUID=8bdb61b5-fa98-4739-8e0a-5280a4fe194a, command=[]} | ret=SUCCESS |  
2019-08-28 04:44:04,977 [Thread-245] INFO  impl.FollowerState (FollowerState.java:run(106)) - aaa2da48-ccc8-4121-a1a5-30f8a5c77378:group-26AFEB79F15C changes to CANDIDATE, lastRpcTime:5099, electionTimeout:5099ms
2019-08-28 04:44:04,977 [Thread-245] INFO  impl.RoleInfo (RoleInfo.java:shutdownFollowerState(121)) - aaa2da48-ccc8-4121-a1a5-30f8a5c77378: shutdown FollowerState
2019-08-28 04:44:04,978 [Thread-245] INFO  impl.RaftServerImpl (RaftServerImpl.java:setRole(171)) - aaa2da48-ccc8-4121-a1a5-30f8a5c77378:group-26AFEB79F15C changes role from FOLLOWER to CANDIDATE at term 0 for changeToCandidate
2019-08-28 04:44:04,978 [Thread-245] INFO  impl.RoleInfo (RoleInfo.java:updateAndGet(143)) - aaa2da48-ccc8-4121-a1a5-30f8a5c77378: start LeaderElection
2019-08-28 04:44:05,041 [grpc-default-executor-2] INFO  client.GrpcClientProtocolClient (GrpcClientProtocolClient.java:onNext(255)) - client-3C4235AB3E95->3aa4c088-6d9c-4e45-8699-9552fa9982bb: receive RaftClientReply:client-3C4235AB3E95->3aa4c088-6d9c-4e45-8699-9552fa9982bb@group-28A5B8B36B60, cid=13, FAILED org.apache.ratis.protocol.NotLeaderException: Server 3aa4c088-6d9c-4e45-8699-9552fa9982bb is not the leader (null). Request must be sent to leader., logIndex=0, commits[3aa4c088-6d9c-4e45-8699-9552fa9982bb:c-1]
2019-08-28 04:44:05,108 [Thread-254] INFO  impl.FollowerState (FollowerState.java:run(106)) - 025d69ad-6f0c-4e69-9dfc-3a983de9ebc7:group-72C2627363E9 changes to CANDIDATE, lastRpcTime:5041, electionTimeout:5041ms
2019-08-28 04:44:05,108 [Thread-254] INFO  impl.RoleInfo (RoleInfo.java:shutdownFollowerState(121)) - 025d69ad-6f0c-4e69-9dfc-3a983de9ebc7: shutdown FollowerState
2019-08-28 04:44:05,108 [Thread-254] INFO  impl.RaftServerImpl (RaftServerImpl.java:setRole(171)) - 025d69ad-6f0c-4e69-9dfc-3a983de9ebc7:group-72C2627363E9 changes role from FOLLOWER to CANDIDATE at term 0 for changeToCandidate
2019-08-28 04:44:05,108 [Thread-254] INFO  impl.RoleInfo (RoleInfo.java:updateAndGet(143)) - 025d69ad-6f0c-4e69-9dfc-3a983de9ebc7: start LeaderElection
2019-08-28 04:44:05,136 [Thread-248] INFO  impl.FollowerState (FollowerState.java:run(106)) - 8bdb61b5-fa98-4739-8e0a-5280a4fe194a:group-F8B324DE6513 changes to CANDIDATE, lastRpcTime:5198, electionTimeout:5198ms
2019-08-28 04:44:05,145 [Thread-248] INFO  impl.RoleInfo (RoleInfo.java:shutdownFollowerState(121)) - 8bdb61b5-fa98-4739-8e0a-5280a4fe194a: shutdown FollowerState
2019-08-28 04:44:05,145 [Thread-248] INFO  impl.RaftServerImpl (RaftServerImpl.java:setRole(171)) - 8bdb61b5-fa98-4739-8e0a-5280a4fe194a:group-F8B324DE6513 changes role from FOLLOWER to CANDIDATE at term 0 for changeToCandidate
2019-08-28 04:44:05,145 [Thread-248] INFO  impl.RoleInfo (RoleInfo.java:updateAndGet(143)) - 8bdb61b5-fa98-4739-8e0a-5280a4fe194a: start LeaderElection
2019-08-28 04:44:05,163 [Thread-251] INFO  impl.FollowerState (FollowerState.java:run(106)) - 8dbdf2d3-0592-4172-9c9d-ce42eb2799ca:group-F6DCAD0FAAF3 changes to CANDIDATE, lastRpcTime:5166, electionTimeout:5166ms
2019-08-28 04:44:05,165 [Thread-251] INFO  impl.RoleInfo (RoleInfo.java:shutdownFollowerState(121)) - 8dbdf2d3-0592-4172-9c9d-ce42eb2799ca: shutdown FollowerState
2019-08-28 04:44:05,166 [Thread-251] INFO  impl.RaftServerImpl (RaftServerImpl.java:setRole(171)) - 8dbdf2d3-0592-4172-9c9d-ce42eb2799ca:group-F6DCAD0FAAF3 changes role from FOLLOWER to CANDIDATE at term 0 for changeToCandidate
2019-08-28 04:44:05,166 [Thread-251] INFO  impl.RoleInfo (RoleInfo.java:updateAndGet(143)) - 8dbdf2d3-0592-4172-9c9d-ce42eb2799ca: start LeaderElection
2019-08-28 04:44:05,172 | INFO  | SCMAudit | user=jenkins1000 | ip=192.168.69.75 | op=SEND_HEARTBEAT {datanodeUUID=8dbdf2d3-0592-4172-9c9d-ce42eb2799ca, command=[]} | ret=SUCCESS |  
2019-08-28 04:44:05,183 | INFO  | SCMAudit | user=jenkins1000 | ip=192.168.69.75 | op=SEND_HEARTBEAT {datanodeUUID=f5b518e1-81ed-4539-890c-23fde7b7af4e, command=[]} | ret=SUCCESS |  
2019-08-28 04:44:05,290 | INFO  | SCMAudit | user=jenkins1000 | ip=192.168.69.75 | op=SEND_HEARTBEAT {datanodeUUID=f4072c9f-a22f-4281-b53d-4a46edeec81c, command=[]} | ret=SUCCESS |  
2019-08-28 04:44:05,326 [Thread-261] INFO  impl.FollowerState (FollowerState.java:run(106)) - 8bdb61b5-fa98-4739-8e0a-5280a4fe194a:group-3D64E44E2884 changes to CANDIDATE, lastRpcTime:5053, electionTimeout:5053ms
2019-08-28 04:44:05,326 [Thread-261] INFO  impl.RoleInfo (RoleInfo.java:shutdownFollowerState(121)) - 8bdb61b5-fa98-4739-8e0a-5280a4fe194a: shutdown FollowerState
2019-08-28 04:44:05,327 [Thread-261] INFO  impl.RaftServerImpl (RaftServerImpl.java:setRole(171)) - 8bdb61b5-fa98-4739-8e0a-5280a4fe194a:group-3D64E44E2884 changes role from FOLLOWER to CANDIDATE at term 0 for changeToCandidate
2019-08-28 04:44:05,327 [Thread-261] INFO  impl.RoleInfo (RoleInfo.java:updateAndGet(143)) - 8bdb61b5-fa98-4739-8e0a-5280a4fe194a: start LeaderElection
2019-08-28 04:44:05,333 [Thread-263] INFO  impl.FollowerState (FollowerState.java:run(106)) - f5b518e1-81ed-4539-890c-23fde7b7af4e:group-3D64E44E2884 changes to CANDIDATE, lastRpcTime:5058, electionTimeout:5057ms
2019-08-28 04:44:05,333 [Thread-263] INFO  impl.RoleInfo (RoleInfo.java:shutdownFollowerState(121)) - f5b518e1-81ed-4539-890c-23fde7b7af4e: shutdown FollowerState
2019-08-28 04:44:05,333 [Thread-263] INFO  impl.RaftServerImpl (RaftServerImpl.java:setRole(171)) - f5b518e1-81ed-4539-890c-23fde7b7af4e:group-3D64E44E2884 changes role from FOLLOWER to CANDIDATE at term 0 for changeToCandidate
2019-08-28 04:44:05,333 [Thread-263] INFO  impl.RoleInfo (RoleInfo.java:updateAndGet(143)) - f5b518e1-81ed-4539-890c-23fde7b7af4e: start LeaderElection
2019-08-28 04:44:05,337 [Thread-257] INFO  impl.FollowerState (FollowerState.java:run(106)) - f4072c9f-a22f-4281-b53d-4a46edeec81c:group-6E35BE55A312 changes to CANDIDATE, lastRpcTime:5170, electionTimeout:5169ms
2019-08-28 04:44:05,339 [Thread-257] INFO  impl.RoleInfo (RoleInfo.java:shutdownFollowerState(121)) - f4072c9f-a22f-4281-b53d-4a46edeec81c: shutdown FollowerState
2019-08-28 04:44:05,339 [Thread-257] INFO  impl.RaftServerImpl (RaftServerImpl.java:setRole(171)) - f4072c9f-a22f-4281-b53d-4a46edeec81c:group-6E35BE55A312 changes role from FOLLOWER to CANDIDATE at term 0 for changeToCandidate
2019-08-28 04:44:05,339 [Thread-257] INFO  impl.RoleInfo (RoleInfo.java:updateAndGet(143)) - f4072c9f-a22f-4281-b53d-4a46edeec81c: start LeaderElection
2019-08-28 04:44:05,339 | INFO  | SCMAudit | user=jenkins1000 | ip=192.168.69.75 | op=SEND_HEARTBEAT {datanodeUUID=3aa4c088-6d9c-4e45-8699-9552fa9982bb, command=[]} | ret=SUCCESS |  
2019-08-28 04:44:05,462 [Thread-270] INFO  impl.FollowerState (FollowerState.java:run(106)) - 8dbdf2d3-0592-4172-9c9d-ce42eb2799ca:group-28A5B8B36B60 changes to CANDIDATE, lastRpcTime:5084, electionTimeout:5084ms
2019-08-28 04:44:05,462 [Thread-270] INFO  impl.RoleInfo (RoleInfo.java:shutdownFollowerState(121)) - 8dbdf2d3-0592-4172-9c9d-ce42eb2799ca: shutdown FollowerState
2019-08-28 04:44:05,463 [Thread-270] INFO  impl.RaftServerImpl (RaftServerImpl.java:setRole(171)) - 8dbdf2d3-0592-4172-9c9d-ce42eb2799ca:group-28A5B8B36B60 changes role from FOLLOWER to CANDIDATE at term 0 for changeToCandidate
2019-08-28 04:44:05,463 [Thread-270] INFO  impl.RoleInfo (RoleInfo.java:updateAndGet(143)) - 8dbdf2d3-0592-4172-9c9d-ce42eb2799ca: start LeaderElection
2019-08-28 04:44:05,469 [Thread-267] INFO  impl.FollowerState (FollowerState.java:run(106)) - aaa2da48-ccc8-4121-a1a5-30f8a5c77378:group-3D64E44E2884 changes to CANDIDATE, lastRpcTime:5194, electionTimeout:5194ms
2019-08-28 04:44:05,469 [Thread-267] INFO  impl.RoleInfo (RoleInfo.java:shutdownFollowerState(121)) - aaa2da48-ccc8-4121-a1a5-30f8a5c77378: shutdown FollowerState
2019-08-28 04:44:05,469 [Thread-267] INFO  impl.RaftServerImpl (RaftServerImpl.java:setRole(171)) - aaa2da48-ccc8-4121-a1a5-30f8a5c77378:group-3D64E44E2884 changes role from FOLLOWER to CANDIDATE at term 0 for changeToCandidate
2019-08-28 04:44:05,470 [Thread-267] INFO  impl.RoleInfo (RoleInfo.java:updateAndGet(143)) - aaa2da48-ccc8-4121-a1a5-30f8a5c77378: start LeaderElection
2019-08-28 04:44:05,506 [Thread-275] INFO  impl.FollowerState (FollowerState.java:run(106)) - 3aa4c088-6d9c-4e45-8699-9552fa9982bb:group-28A5B8B36B60 changes to CANDIDATE, lastRpcTime:5125, electionTimeout:5123ms
2019-08-28 04:44:05,506 [Thread-275] INFO  impl.RoleInfo (RoleInfo.java:shutdownFollowerState(121)) - 3aa4c088-6d9c-4e45-8699-9552fa9982bb: shutdown FollowerState
2019-08-28 04:44:05,506 [Thread-275] INFO  impl.RaftServerImpl (RaftServerImpl.java:setRole(171)) - 3aa4c088-6d9c-4e45-8699-9552fa9982bb:group-28A5B8B36B60 changes role from FOLLOWER to CANDIDATE at term 0 for changeToCandidate
2019-08-28 04:44:05,506 [Thread-275] INFO  impl.RoleInfo (RoleInfo.java:updateAndGet(143)) - 3aa4c088-6d9c-4e45-8699-9552fa9982bb: start LeaderElection
2019-08-28 04:44:05,529 [Thread-274] INFO  impl.FollowerState (FollowerState.java:run(106)) - 025d69ad-6f0c-4e69-9dfc-3a983de9ebc7:group-28A5B8B36B60 changes to CANDIDATE, lastRpcTime:5149, electionTimeout:5149ms
2019-08-28 04:44:05,529 [Thread-274] INFO  impl.RoleInfo (RoleInfo.java:shutdownFollowerState(121)) - 025d69ad-6f0c-4e69-9dfc-3a983de9ebc7: shutdown FollowerState
2019-08-28 04:44:05,530 [Thread-274] INFO  impl.RaftServerImpl (RaftServerImpl.java:setRole(171)) - 025d69ad-6f0c-4e69-9dfc-3a983de9ebc7:group-28A5B8B36B60 changes role from FOLLOWER to CANDIDATE at term 0 for changeToCandidate
2019-08-28 04:44:05,530 [Thread-274] INFO  impl.RoleInfo (RoleInfo.java:updateAndGet(143)) - 025d69ad-6f0c-4e69-9dfc-3a983de9ebc7: start LeaderElection
2019-08-28 04:44:05,579 | INFO  | SCMAudit | user=jenkins1000 | ip=192.168.69.75 | op=SEND_HEARTBEAT {datanodeUUID=025d69ad-6f0c-4e69-9dfc-3a983de9ebc7, command=[]} | ret=SUCCESS |  
2019-08-28 04:44:05,580 [3aa4c088-6d9c-4e45-8699-9552fa9982bb-SegmentedRaftLogWorker:Storage Directory /workdir/hadoop-ozone/integration-test/target/test-dir/MiniOzoneClusterImpl-dee0cb60-1d83-42ef-98aa-30f750bc63a6/datanode-0/data/ratis/d884d984-0f77-4670-af53-fedb07ff90b0] INFO  segmented.SegmentedRaftLogWorker (SegmentedRaftLogWorker.java:execute(569)) - 3aa4c088-6d9c-4e45-8699-9552fa9982bb-SegmentedRaftLogWorker:Storage Directory /workdir/hadoop-ozone/integration-test/target/test-dir/MiniOzoneClusterImpl-dee0cb60-1d83-42ef-98aa-30f750bc63a6/datanode-0/data/ratis/d884d984-0f77-4670-af53-fedb07ff90b0: created new log segment /workdir/hadoop-ozone/integration-test/target/test-dir/MiniOzoneClusterImpl-dee0cb60-1d83-42ef-98aa-30f750bc63a6/datanode-0/data/ratis/d884d984-0f77-4670-af53-fedb07ff90b0/current/log_inprogress_0
2019-08-28 04:44:05,657 | INFO  | SCMAudit | user=jenkins1000 | ip=192.168.69.75 | op=SEND_HEARTBEAT {datanodeUUID=aaa2da48-ccc8-4121-a1a5-30f8a5c77378, command=[]} | ret=SUCCESS |  
2019-08-28 04:44:05,845 | INFO  | SCMAudit | user=jenkins1000 | ip=192.168.69.75 | op=SEND_HEARTBEAT {datanodeUUID=8bdb61b5-fa98-4739-8e0a-5280a4fe194a, command=[]} | ret=SUCCESS |  
2019-08-28 04:44:05,968 [aaa2da48-ccc8-4121-a1a5-30f8a5c77378:group-26AFEB79F15C:LeaderElection3] INFO  impl.LeaderElection (LeaderElection.java:askForVotes(181)) - aaa2da48-ccc8-4121-a1a5-30f8a5c77378:group-26AFEB79F15C:LeaderElection3: begin an election at term 1 for -1: [aaa2da48-ccc8-4121-a1a5-30f8a5c77378:192.168.69.75:42496], old=null
2019-08-28 04:44:05,968 [f5b518e1-81ed-4539-890c-23fde7b7af4e:group-77E02766C8F2:LeaderElection2] INFO  impl.LeaderElection (LeaderElection.java:askForVotes(181)) - f5b518e1-81ed-4539-890c-23fde7b7af4e:group-77E02766C8F2:LeaderElection2: begin an election at term 1 for -1: [f5b518e1-81ed-4539-890c-23fde7b7af4e:192.168.69.75:40482], old=null
2019-08-28 04:44:05,973 [aaa2da48-ccc8-4121-a1a5-30f8a5c77378:group-26AFEB79F15C:LeaderElection3] INFO  impl.RoleInfo (RoleInfo.java:shutdownLeaderElection(134)) - aaa2da48-ccc8-4121-a1a5-30f8a5c77378: shutdown LeaderElection
2019-08-28 04:44:05,973 [f5b518e1-81ed-4539-890c-23fde7b7af4e:group-77E02766C8F2:LeaderElection2] INFO  impl.RoleInfo (RoleInfo.java:shutdownLeaderElection(134)) - f5b518e1-81ed-4539-890c-23fde7b7af4e: shutdown LeaderElection
2019-08-28 04:44:05,974 [aaa2da48-ccc8-4121-a1a5-30f8a5c77378:group-26AFEB79F15C:LeaderElection3] INFO  impl.RaftServerImpl (RaftServerImpl.java:setRole(171)) - aaa2da48-ccc8-4121-a1a5-30f8a5c77378:group-26AFEB79F15C changes role from CANDIDATE to LEADER at term 1 for changeToLeader
2019-08-28 04:44:05,974 [f5b518e1-81ed-4539-890c-23fde7b7af4e:group-77E02766C8F2:LeaderElection2] INFO  impl.RaftServerImpl (RaftServerImpl.java:setRole(171)) - f5b518e1-81ed-4539-890c-23fde7b7af4e:group-77E02766C8F2 changes role from CANDIDATE to LEADER at term 1 for changeToLeader
2019-08-28 04:44:05,974 [aaa2da48-ccc8-4121-a1a5-30f8a5c77378:group-26AFEB79F15C:LeaderElection3] INFO  impl.RaftServerImpl (ServerState.java:setLeader(263)) - aaa2da48-ccc8-4121-a1a5-30f8a5c77378:group-26AFEB79F15C change Leader from null to aaa2da48-ccc8-4121-a1a5-30f8a5c77378 at term 1 for becomeLeader, leader elected after 6101ms
2019-08-28 04:44:05,974 [f5b518e1-81ed-4539-890c-23fde7b7af4e:group-77E02766C8F2:LeaderElection2] INFO  impl.RaftServerImpl (ServerState.java:setLeader(263)) - f5b518e1-81ed-4539-890c-23fde7b7af4e:group-77E02766C8F2 change Leader from null to f5b518e1-81ed-4539-890c-23fde7b7af4e at term 1 for becomeLeader, leader elected after 6191ms
2019-08-28 04:44:05,978 [aaa2da48-ccc8-4121-a1a5-30f8a5c77378:group-26AFEB79F15C:LeaderElection3] INFO  server.RaftServerConfigKeys (ConfUtils.java:logGet(43)) - raft.server.staging.catchup.gap = 1000 (default)
2019-08-28 04:44:05,978 [f5b518e1-81ed-4539-890c-23fde7b7af4e:group-77E02766C8F2:LeaderElection2] INFO  server.RaftServerConfigKeys (ConfUtils.java:logGet(43)) - raft.server.staging.catchup.gap = 1000 (default)
2019-08-28 04:44:05,980 [aaa2da48-ccc8-4121-a1a5-30f8a5c77378:group-26AFEB79F15C:LeaderElection3] INFO  server.RaftServerConfigKeys (ConfUtils.java:logGet(43)) - raft.server.rpc.sleep.time = 25ms (default)
2019-08-28 04:44:05,980 [f5b518e1-81ed-4539-890c-23fde7b7af4e:group-77E02766C8F2:LeaderElection2] INFO  server.RaftServerConfigKeys (ConfUtils.java:logGet(43)) - raft.server.rpc.sleep.time = 25ms (default)
2019-08-28 04:44:05,981 [aaa2da48-ccc8-4121-a1a5-30f8a5c77378:group-26AFEB79F15C:LeaderElection3] INFO  server.RaftServerConfigKeys (ConfUtils.java:logGet(43)) - raft.server.write.element-limit = 4096 (default)
2019-08-28 04:44:05,981 [f5b518e1-81ed-4539-890c-23fde7b7af4e:group-77E02766C8F2:LeaderElection2] INFO  server.RaftServerConfigKeys (ConfUtils.java:logGet(43)) - raft.server.write.element-limit = 4096 (default)
2019-08-28 04:44:05,981 [aaa2da48-ccc8-4121-a1a5-30f8a5c77378:group-26AFEB79F15C:LeaderElection3] INFO  server.RaftServerConfigKeys (ConfUtils.java:logGet(43)) - raft.server.watch.timeout = 10s (default)
2019-08-28 04:44:05,981 [f5b518e1-81ed-4539-890c-23fde7b7af4e:group-77E02766C8F2:LeaderElection2] INFO  server.RaftServerConfigKeys (ConfUtils.java:logGet(43)) - raft.server.watch.timeout = 10s (default)
2019-08-28 04:44:05,981 [aaa2da48-ccc8-4121-a1a5-30f8a5c77378:group-26AFEB79F15C:LeaderElection3] INFO  server.RaftServerConfigKeys (ConfUtils.java:logGet(43)) - raft.server.watch.timeout.denomination = 1s (default)
2019-08-28 04:44:05,981 [f5b518e1-81ed-4539-890c-23fde7b7af4e:group-77E02766C8F2:LeaderElection2] INFO  server.RaftServerConfigKeys (ConfUtils.java:logGet(43)) - raft.server.watch.timeout.denomination = 1s (default)
2019-08-28 04:44:05,982 [aaa2da48-ccc8-4121-a1a5-30f8a5c77378:group-26AFEB79F15C:LeaderElection3] INFO  server.RaftServerConfigKeys (ConfUtils.java:logGet(43)) - raft.server.watch.element-limit = 65536 (default)
2019-08-28 04:44:05,982 [f5b518e1-81ed-4539-890c-23fde7b7af4e:group-77E02766C8F2:LeaderElection2] INFO  server.RaftServerConfigKeys (ConfUtils.java:logGet(43)) - raft.server.watch.element-limit = 65536 (default)
2019-08-28 04:44:05,982 [aaa2da48-ccc8-4121-a1a5-30f8a5c77378:group-26AFEB79F15C:LeaderElection3] INFO  impl.RoleInfo (RoleInfo.java:updateAndGet(143)) - aaa2da48-ccc8-4121-a1a5-30f8a5c77378: start LeaderState
2019-08-28 04:44:05,982 [f5b518e1-81ed-4539-890c-23fde7b7af4e:group-77E02766C8F2:LeaderElection2] INFO  impl.RoleInfo (RoleInfo.java:updateAndGet(143)) - f5b518e1-81ed-4539-890c-23fde7b7af4e: start LeaderState
2019-08-28 04:44:05,983 [aaa2da48-ccc8-4121-a1a5-30f8a5c77378:group-26AFEB79F15C:LeaderElection3] INFO  segmented.SegmentedRaftLogWorker (SegmentedRaftLogWorker.java:startLogSegment(380)) - aaa2da48-ccc8-4121-a1a5-30f8a5c77378-SegmentedRaftLogWorker:Storage Directory /workdir/hadoop-ozone/integration-test/target/test-dir/MiniOzoneClusterImpl-dee0cb60-1d83-42ef-98aa-30f750bc63a6/datanode-5/data/ratis/a3a1472a-8c76-47a7-bccc-26afeb79f15c: Starting segment from index:0
2019-08-28 04:44:05,983 [f5b518e1-81ed-4539-890c-23fde7b7af4e:group-77E02766C8F2:LeaderElection2] INFO  segmented.SegmentedRaftLogWorker (SegmentedRaftLogWorker.java:startLogSegment(380)) - f5b518e1-81ed-4539-890c-23fde7b7af4e-SegmentedRaftLogWorker:Storage Directory /workdir/hadoop-ozone/integration-test/target/test-dir/MiniOzoneClusterImpl-dee0cb60-1d83-42ef-98aa-30f750bc63a6/datanode-2/data/ratis/135e4cec-8ab3-4a1e-9afe-77e02766c8f2: Starting segment from index:0
2019-08-28 04:44:05,983 [aaa2da48-ccc8-4121-a1a5-30f8a5c77378:group-26AFEB79F15C:LeaderElection3] INFO  impl.RaftServerImpl (ServerState.java:setRaftConf(361)) - aaa2da48-ccc8-4121-a1a5-30f8a5c77378:group-26AFEB79F15C set configuration 0: [aaa2da48-ccc8-4121-a1a5-30f8a5c77378:192.168.69.75:42496], old=null at 0
2019-08-28 04:44:05,984 [f5b518e1-81ed-4539-890c-23fde7b7af4e:group-77E02766C8F2:LeaderElection2] INFO  impl.RaftServerImpl (ServerState.java:setRaftConf(361)) - f5b518e1-81ed-4539-890c-23fde7b7af4e:group-77E02766C8F2 set configuration 0: [f5b518e1-81ed-4539-890c-23fde7b7af4e:192.168.69.75:40482], old=null at 0
2019-08-28 04:44:06,027 [f4072c9f-a22f-4281-b53d-4a46edeec81c:group-6E35BE55A312:LeaderElection9] INFO  impl.LeaderElection (LeaderElection.java:askForVotes(181)) - f4072c9f-a22f-4281-b53d-4a46edeec81c:group-6E35BE55A312:LeaderElection9: begin an election at term 1 for -1: [f4072c9f-a22f-4281-b53d-4a46edeec81c:192.168.69.75:43176], old=null
2019-08-28 04:44:06,027 [8bdb61b5-fa98-4739-8e0a-5280a4fe194a:group-F8B324DE6513:LeaderElection5] INFO  impl.LeaderElection (LeaderElection.java:askForVotes(181)) - 8bdb61b5-fa98-4739-8e0a-5280a4fe194a:group-F8B324DE6513:LeaderElection5: begin an election at term 1 for -1: [8bdb61b5-fa98-4739-8e0a-5280a4fe194a:192.168.69.75:35171], old=null
2019-08-28 04:44:06,027 [8dbdf2d3-0592-4172-9c9d-ce42eb2799ca:group-28A5B8B36B60:LeaderElection10] INFO  impl.LeaderElection (LeaderElection.java:askForVotes(181)) - 8dbdf2d3-0592-4172-9c9d-ce42eb2799ca:group-28A5B8B36B60:LeaderElection10: begin an election at term 1 for -1: [025d69ad-6f0c-4e69-9dfc-3a983de9ebc7:192.168.69.75:36131, 8dbdf2d3-0592-4172-9c9d-ce42eb2799ca:192.168.69.75:46585, 3aa4c088-6d9c-4e45-8699-9552fa9982bb:192.168.69.75:35133], old=null
2019-08-28 04:44:06,027 [f5b518e1-81ed-4539-890c-23fde7b7af4e:group-3D64E44E2884:LeaderElection8] INFO  impl.LeaderElection (LeaderElection.java:askForVotes(181)) - f5b518e1-81ed-4539-890c-23fde7b7af4e:group-3D64E44E2884:LeaderElection8: begin an election at term 1 for -1: [8bdb61b5-fa98-4739-8e0a-5280a4fe194a:192.168.69.75:35171, aaa2da48-ccc8-4121-a1a5-30f8a5c77378:192.168.69.75:42496, f5b518e1-81ed-4539-890c-23fde7b7af4e:192.168.69.75:40482], old=null
2019-08-28 04:44:06,027 [025d69ad-6f0c-4e69-9dfc-3a983de9ebc7:group-72C2627363E9:LeaderElection4] INFO  impl.LeaderElection (LeaderElection.java:askForVotes(181)) - 025d69ad-6f0c-4e69-9dfc-3a983de9ebc7:group-72C2627363E9:LeaderElection4: begin an election at term 1 for -1: [025d69ad-6f0c-4e69-9dfc-3a983de9ebc7:192.168.69.75:36131], old=null
2019-08-28 04:44:06,027 [8dbdf2d3-0592-4172-9c9d-ce42eb2799ca:group-F6DCAD0FAAF3:LeaderElection6] INFO  impl.LeaderElection (LeaderElection.java:askForVotes(181)) - 8dbdf2d3-0592-4172-9c9d-ce42eb2799ca:group-F6DCAD0FAAF3:LeaderElection6: begin an election at term 1 for -1: [8dbdf2d3-0592-4172-9c9d-ce42eb2799ca:192.168.69.75:46585], old=null
2019-08-28 04:44:06,027 [3aa4c088-6d9c-4e45-8699-9552fa9982bb:group-28A5B8B36B60:LeaderElection12] INFO  impl.LeaderElection (LeaderElection.java:askForVotes(181)) - 3aa4c088-6d9c-4e45-8699-9552fa9982bb:group-28A5B8B36B60:LeaderElection12: begin an election at term 1 for -1: [025d69ad-6f0c-4e69-9dfc-3a983de9ebc7:192.168.69.75:36131, 8dbdf2d3-0592-4172-9c9d-ce42eb2799ca:192.168.69.75:46585, 3aa4c088-6d9c-4e45-8699-9552fa9982bb:192.168.69.75:35133], old=null
2019-08-28 04:44:06,027 [8bdb61b5-fa98-4739-8e0a-5280a4fe194a:group-3D64E44E2884:LeaderElection7] INFO  impl.LeaderElection (LeaderElection.java:askForVotes(181)) - 8bdb61b5-fa98-4739-8e0a-5280a4fe194a:group-3D64E44E2884:LeaderElection7: begin an election at term 1 for -1: [8bdb61b5-fa98-4739-8e0a-5280a4fe194a:192.168.69.75:35171, aaa2da48-ccc8-4121-a1a5-30f8a5c77378:192.168.69.75:42496, f5b518e1-81ed-4539-890c-23fde7b7af4e:192.168.69.75:40482], old=null
2019-08-28 04:44:06,027 [aaa2da48-ccc8-4121-a1a5-30f8a5c77378:group-3D64E44E2884:LeaderElection11] INFO  impl.LeaderElection (LeaderElection.java:askForVotes(181)) - aaa2da48-ccc8-4121-a1a5-30f8a5c77378:group-3D64E44E2884:LeaderElection11: begin an election at term 1 for -1: [8bdb61b5-fa98-4739-8e0a-5280a4fe194a:192.168.69.75:35171, aaa2da48-ccc8-4121-a1a5-30f8a5c77378:192.168.69.75:42496, f5b518e1-81ed-4539-890c-23fde7b7af4e:192.168.69.75:40482], old=null
2019-08-28 04:44:06,027 [025d69ad-6f0c-4e69-9dfc-3a983de9ebc7:group-28A5B8B36B60:LeaderElection13] INFO  impl.LeaderElection (LeaderElection.java:askForVotes(181)) - 025d69ad-6f0c-4e69-9dfc-3a983de9ebc7:group-28A5B8B36B60:LeaderElection13: begin an election at term 1 for -1: [025d69ad-6f0c-4e69-9dfc-3a983de9ebc7:192.168.69.75:36131, 8dbdf2d3-0592-4172-9c9d-ce42eb2799ca:192.168.69.75:46585, 3aa4c088-6d9c-4e45-8699-9552fa9982bb:192.168.69.75:35133], old=null
2019-08-28 04:44:06,030 [8dbdf2d3-0592-4172-9c9d-ce42eb2799ca:group-F6DCAD0FAAF3:LeaderElection6] INFO  impl.RoleInfo (RoleInfo.java:shutdownLeaderElection(134)) - 8dbdf2d3-0592-4172-9c9d-ce42eb2799ca: shutdown LeaderElection
2019-08-28 04:44:06,030 [025d69ad-6f0c-4e69-9dfc-3a983de9ebc7:group-72C2627363E9:LeaderElection4] INFO  impl.RoleInfo (RoleInfo.java:shutdownLeaderElection(134)) - 025d69ad-6f0c-4e69-9dfc-3a983de9ebc7: shutdown LeaderElection
2019-08-28 04:44:06,030 [8bdb61b5-fa98-4739-8e0a-5280a4fe194a:group-F8B324DE6513:LeaderElection5] INFO  impl.RoleInfo (RoleInfo.java:shutdownLeaderElection(134)) - 8bdb61b5-fa98-4739-8e0a-5280a4fe194a: shutdown LeaderElection
2019-08-28 04:44:06,030 [f4072c9f-a22f-4281-b53d-4a46edeec81c:group-6E35BE55A312:LeaderElection9] INFO  impl.RoleInfo (RoleInfo.java:shutdownLeaderElection(134)) - f4072c9f-a22f-4281-b53d-4a46edeec81c: shutdown LeaderElection
2019-08-28 04:44:06,031 [8bdb61b5-fa98-4739-8e0a-5280a4fe194a:group-F8B324DE6513:LeaderElection5] INFO  impl.RaftServerImpl (RaftServerImpl.java:setRole(171)) - 8bdb61b5-fa98-4739-8e0a-5280a4fe194a:group-F8B324DE6513 changes role from CANDIDATE to LEADER at term 1 for changeToLeader
2019-08-28 04:44:06,031 [025d69ad-6f0c-4e69-9dfc-3a983de9ebc7:group-72C2627363E9:LeaderElection4] INFO  impl.RaftServerImpl (RaftServerImpl.java:setRole(171)) - 025d69ad-6f0c-4e69-9dfc-3a983de9ebc7:group-72C2627363E9 changes role from CANDIDATE to LEADER at term 1 for changeToLeader
2019-08-28 04:44:06,031 [8dbdf2d3-0592-4172-9c9d-ce42eb2799ca:group-F6DCAD0FAAF3:LeaderElection6] INFO  impl.RaftServerImpl (RaftServerImpl.java:setRole(171)) - 8dbdf2d3-0592-4172-9c9d-ce42eb2799ca:group-F6DCAD0FAAF3 changes role from CANDIDATE to LEADER at term 1 for changeToLeader
2019-08-28 04:44:06,032 [025d69ad-6f0c-4e69-9dfc-3a983de9ebc7:group-72C2627363E9:LeaderElection4] INFO  impl.RaftServerImpl (ServerState.java:setLeader(263)) - 025d69ad-6f0c-4e69-9dfc-3a983de9ebc7:group-72C2627363E9 change Leader from null to 025d69ad-6f0c-4e69-9dfc-3a983de9ebc7 at term 1 for becomeLeader, leader elected after 5968ms
2019-08-28 04:44:06,032 [8bdb61b5-fa98-4739-8e0a-5280a4fe194a:group-F8B324DE6513:LeaderElection5] INFO  impl.RaftServerImpl (ServerState.java:setLeader(263)) - 8bdb61b5-fa98-4739-8e0a-5280a4fe194a:group-F8B324DE6513 change Leader from null to 8bdb61b5-fa98-4739-8e0a-5280a4fe194a at term 1 for becomeLeader, leader elected after 6099ms
2019-08-28 04:44:06,032 [f4072c9f-a22f-4281-b53d-4a46edeec81c:group-6E35BE55A312:LeaderElection9] INFO  impl.RaftServerImpl (RaftServerImpl.java:setRole(171)) - f4072c9f-a22f-4281-b53d-4a46edeec81c:group-6E35BE55A312 changes role from CANDIDATE to LEADER at term 1 for changeToLeader
2019-08-28 04:44:06,037 [8bdb61b5-fa98-4739-8e0a-5280a4fe194a:group-F8B324DE6513:LeaderElection5] INFO  server.RaftServerConfigKeys (ConfUtils.java:logGet(43)) - raft.server.staging.catchup.gap = 1000 (default)
2019-08-28 04:44:06,034 [025d69ad-6f0c-4e69-9dfc-3a983de9ebc7:group-72C2627363E9:LeaderElection4] INFO  server.RaftServerConfigKeys (ConfUtils.java:logGet(43)) - raft.server.staging.catchup.gap = 1000 (default)
2019-08-28 04:44:06,032 [8dbdf2d3-0592-4172-9c9d-ce42eb2799ca:group-F6DCAD0FAAF3:LeaderElection6] INFO  impl.RaftServerImpl (ServerState.java:setLeader(263)) - 8dbdf2d3-0592-4172-9c9d-ce42eb2799ca:group-F6DCAD0FAAF3 change Leader from null to 8dbdf2d3-0592-4172-9c9d-ce42eb2799ca at term 1 for becomeLeader, leader elected after 6040ms
2019-08-28 04:44:06,037 [025d69ad-6f0c-4e69-9dfc-3a983de9ebc7:group-72C2627363E9:LeaderElection4] INFO  server.RaftServerConfigKeys (ConfUtils.java:logGet(43)) - raft.server.rpc.sleep.time = 25ms (default)
2019-08-28 04:44:06,037 [8bdb61b5-fa98-4739-8e0a-5280a4fe194a:group-F8B324DE6513:LeaderElection5] INFO  server.RaftServerConfigKeys (ConfUtils.java:logGet(43)) - raft.server.rpc.sleep.time = 25ms (default)
2019-08-28 04:44:06,040 [025d69ad-6f0c-4e69-9dfc-3a983de9ebc7:group-72C2627363E9:LeaderElection4] INFO  server.RaftServerConfigKeys (ConfUtils.java:logGet(43)) - raft.server.write.element-limit = 4096 (default)
2019-08-28 04:44:06,037 [f4072c9f-a22f-4281-b53d-4a46edeec81c:group-6E35BE55A312:LeaderElection9] INFO  impl.RaftServerImpl (ServerState.java:setLeader(263)) - f4072c9f-a22f-4281-b53d-4a46edeec81c:group-6E35BE55A312 change Leader from null to f4072c9f-a22f-4281-b53d-4a46edeec81c at term 1 for becomeLeader, leader elected after 5877ms
2019-08-28 04:44:06,040 [025d69ad-6f0c-4e69-9dfc-3a983de9ebc7:group-72C2627363E9:LeaderElection4] INFO  server.RaftServerConfigKeys (ConfUtils.java:logGet(43)) - raft.server.watch.timeout = 10s (default)
2019-08-28 04:44:06,040 [8bdb61b5-fa98-4739-8e0a-5280a4fe194a:group-F8B324DE6513:LeaderElection5] INFO  server.RaftServerConfigKeys (ConfUtils.java:logGet(43)) - raft.server.write.element-limit = 4096 (default)
2019-08-28 04:44:06,040 [8dbdf2d3-0592-4172-9c9d-ce42eb2799ca:group-F6DCAD0FAAF3:LeaderElection6] INFO  server.RaftServerConfigKeys (ConfUtils.java:logGet(43)) - raft.server.staging.catchup.gap = 1000 (default)
2019-08-28 04:44:06,043 [8bdb61b5-fa98-4739-8e0a-5280a4fe194a:group-F8B324DE6513:LeaderElection5] INFO  server.RaftServerConfigKeys (ConfUtils.java:logGet(43)) - raft.server.watch.timeout = 10s (default)
2019-08-28 04:44:06,043 [025d69ad-6f0c-4e69-9dfc-3a983de9ebc7:group-72C2627363E9:LeaderElection4] INFO  server.RaftServerConfigKeys (ConfUtils.java:logGet(43)) - raft.server.watch.timeout.denomination = 1s (default)
2019-08-28 04:44:06,043 [f4072c9f-a22f-4281-b53d-4a46edeec81c:group-6E35BE55A312:LeaderElection9] INFO  server.RaftServerConfigKeys (ConfUtils.java:logGet(43)) - raft.server.staging.catchup.gap = 1000 (default)
2019-08-28 04:44:06,044 [025d69ad-6f0c-4e69-9dfc-3a983de9ebc7:group-72C2627363E9:LeaderElection4] INFO  server.RaftServerConfigKeys (ConfUtils.java:logGet(43)) - raft.server.watch.element-limit = 65536 (default)
2019-08-28 04:44:06,043 [8bdb61b5-fa98-4739-8e0a-5280a4fe194a:group-F8B324DE6513:LeaderElection5] INFO  server.RaftServerConfigKeys (ConfUtils.java:logGet(43)) - raft.server.watch.timeout.denomination = 1s (default)
2019-08-28 04:44:06,043 [8dbdf2d3-0592-4172-9c9d-ce42eb2799ca:group-F6DCAD0FAAF3:LeaderElection6] INFO  server.RaftServerConfigKeys (ConfUtils.java:logGet(43)) - raft.server.rpc.sleep.time = 25ms (default)
2019-08-28 04:44:06,044 [025d69ad-6f0c-4e69-9dfc-3a983de9ebc7:group-72C2627363E9:LeaderElection4] INFO  impl.RoleInfo (RoleInfo.java:updateAndGet(143)) - 025d69ad-6f0c-4e69-9dfc-3a983de9ebc7: start LeaderState
2019-08-28 04:44:06,044 [8bdb61b5-fa98-4739-8e0a-5280a4fe194a:group-F8B324DE6513:LeaderElection5] INFO  server.RaftServerConfigKeys (ConfUtils.java:logGet(43)) - raft.server.watch.element-limit = 65536 (default)
2019-08-28 04:44:06,044 [f4072c9f-a22f-4281-b53d-4a46edeec81c:group-6E35BE55A312:LeaderElection9] INFO  server.RaftServerConfigKeys (ConfUtils.java:logGet(43)) - raft.server.rpc.sleep.time = 25ms (default)
2019-08-28 04:44:06,045 [025d69ad-6f0c-4e69-9dfc-3a983de9ebc7:group-72C2627363E9:LeaderElection4] INFO  segmented.SegmentedRaftLogWorker (SegmentedRaftLogWorker.java:startLogSegment(380)) - 025d69ad-6f0c-4e69-9dfc-3a983de9ebc7-SegmentedRaftLogWorker:Storage Directory /workdir/hadoop-ozone/integration-test/target/test-dir/MiniOzoneClusterImpl-dee0cb60-1d83-42ef-98aa-30f750bc63a6/datanode-1/data/ratis/9d83c3d8-0d35-4b25-a466-72c2627363e9: Starting segment from index:0
2019-08-28 04:44:06,045 [8dbdf2d3-0592-4172-9c9d-ce42eb2799ca:group-F6DCAD0FAAF3:LeaderElection6] INFO  server.RaftServerConfigKeys (ConfUtils.java:logGet(43)) - raft.server.write.element-limit = 4096 (default)
2019-08-28 04:44:06,045 [8bdb61b5-fa98-4739-8e0a-5280a4fe194a:group-F8B324DE6513:LeaderElection5] INFO  impl.RoleInfo (RoleInfo.java:updateAndGet(143)) - 8bdb61b5-fa98-4739-8e0a-5280a4fe194a: start LeaderState
2019-08-28 04:44:06,046 [8dbdf2d3-0592-4172-9c9d-ce42eb2799ca:group-F6DCAD0FAAF3:LeaderElection6] INFO  server.RaftServerConfigKeys (ConfUtils.java:logGet(43)) - raft.server.watch.timeout = 10s (default)
2019-08-28 04:44:06,046 [8dbdf2d3-0592-4172-9c9d-ce42eb2799ca:group-F6DCAD0FAAF3:LeaderElection6] INFO  server.RaftServerConfigKeys (ConfUtils.java:logGet(43)) - raft.server.watch.timeout.denomination = 1s (default)
2019-08-28 04:44:06,046 [025d69ad-6f0c-4e69-9dfc-3a983de9ebc7:group-72C2627363E9:LeaderElection4] INFO  impl.RaftServerImpl (ServerState.java:setRaftConf(361)) - 025d69ad-6f0c-4e69-9dfc-3a983de9ebc7:group-72C2627363E9 set configuration 0: [025d69ad-6f0c-4e69-9dfc-3a983de9ebc7:192.168.69.75:36131], old=null at 0
2019-08-28 04:44:06,046 [8bdb61b5-fa98-4739-8e0a-5280a4fe194a:group-F8B324DE6513:LeaderElection5] INFO  segmented.SegmentedRaftLogWorker (SegmentedRaftLogWorker.java:startLogSegment(380)) - 8bdb61b5-fa98-4739-8e0a-5280a4fe194a-SegmentedRaftLogWorker:Storage Directory /workdir/hadoop-ozone/integration-test/target/test-dir/MiniOzoneClusterImpl-dee0cb60-1d83-42ef-98aa-30f750bc63a6/datanode-6/data/ratis/7f78c0ba-1d88-4e53-a486-f8b324de6513: Starting segment from index:0
2019-08-28 04:44:06,046 [f4072c9f-a22f-4281-b53d-4a46edeec81c:group-6E35BE55A312:LeaderElection9] INFO  server.RaftServerConfigKeys (ConfUtils.java:logGet(43)) - raft.server.write.element-limit = 4096 (default)
2019-08-28 04:44:06,046 [8dbdf2d3-0592-4172-9c9d-ce42eb2799ca:group-F6DCAD0FAAF3:LeaderElection6] INFO  server.RaftServerConfigKeys (ConfUtils.java:logGet(43)) - raft.server.watch.element-limit = 65536 (default)
2019-08-28 04:44:06,085 [f4072c9f-a22f-4281-b53d-4a46edeec81c:group-6E35BE55A312:LeaderElection9] INFO  server.RaftServerConfigKeys (ConfUtils.java:logGet(43)) - raft.server.watch.timeout = 10s (default)
2019-08-28 04:44:06,085 [aaa2da48-ccc8-4121-a1a5-30f8a5c77378-SegmentedRaftLogWorker:Storage Directory /workdir/hadoop-ozone/integration-test/target/test-dir/MiniOzoneClusterImpl-dee0cb60-1d83-42ef-98aa-30f750bc63a6/datanode-5/data/ratis/a3a1472a-8c76-47a7-bccc-26afeb79f15c] INFO  segmented.SegmentedRaftLogWorker (SegmentedRaftLogWorker.java:execute(569)) - aaa2da48-ccc8-4121-a1a5-30f8a5c77378-SegmentedRaftLogWorker:Storage Directory /workdir/hadoop-ozone/integration-test/target/test-dir/MiniOzoneClusterImpl-dee0cb60-1d83-42ef-98aa-30f750bc63a6/datanode-5/data/ratis/a3a1472a-8c76-47a7-bccc-26afeb79f15c: created new log segment /workdir/hadoop-ozone/integration-test/target/test-dir/MiniOzoneClusterImpl-dee0cb60-1d83-42ef-98aa-30f750bc63a6/datanode-5/data/ratis/a3a1472a-8c76-47a7-bccc-26afeb79f15c/current/log_inprogress_0
2019-08-28 04:44:06,085 [f5b518e1-81ed-4539-890c-23fde7b7af4e-SegmentedRaftLogWorker:Storage Directory /workdir/hadoop-ozone/integration-test/target/test-dir/MiniOzoneClusterImpl-dee0cb60-1d83-42ef-98aa-30f750bc63a6/datanode-2/data/ratis/135e4cec-8ab3-4a1e-9afe-77e02766c8f2] INFO  segmented.SegmentedRaftLogWorker (SegmentedRaftLogWorker.java:execute(569)) - f5b518e1-81ed-4539-890c-23fde7b7af4e-SegmentedRaftLogWorker:Storage Directory /workdir/hadoop-ozone/integration-test/target/test-dir/MiniOzoneClusterImpl-dee0cb60-1d83-42ef-98aa-30f750bc63a6/datanode-2/data/ratis/135e4cec-8ab3-4a1e-9afe-77e02766c8f2: created new log segment /workdir/hadoop-ozone/integration-test/target/test-dir/MiniOzoneClusterImpl-dee0cb60-1d83-42ef-98aa-30f750bc63a6/datanode-2/data/ratis/135e4cec-8ab3-4a1e-9afe-77e02766c8f2/current/log_inprogress_0
2019-08-28 04:44:06,089 [8bdb61b5-fa98-4739-8e0a-5280a4fe194a:group-F8B324DE6513:LeaderElection5] INFO  impl.RaftServerImpl (ServerState.java:setRaftConf(361)) - 8bdb61b5-fa98-4739-8e0a-5280a4fe194a:group-F8B324DE6513 set configuration 0: [8bdb61b5-fa98-4739-8e0a-5280a4fe194a:192.168.69.75:35171], old=null at 0
2019-08-28 04:44:06,086 [8dbdf2d3-0592-4172-9c9d-ce42eb2799ca:group-F6DCAD0FAAF3:LeaderElection6] INFO  impl.RoleInfo (RoleInfo.java:updateAndGet(143)) - 8dbdf2d3-0592-4172-9c9d-ce42eb2799ca: start LeaderState
2019-08-28 04:44:06,086 [f4072c9f-a22f-4281-b53d-4a46edeec81c:group-6E35BE55A312:LeaderElection9] INFO  server.RaftServerConfigKeys (ConfUtils.java:logGet(43)) - raft.server.watch.timeout.denomination = 1s (default)
2019-08-28 04:44:06,137 [8dbdf2d3-0592-4172-9c9d-ce42eb2799ca:group-F6DCAD0FAAF3:LeaderElection6] INFO  segmented.SegmentedRaftLogWorker (SegmentedRaftLogWorker.java:startLogSegment(380)) - 8dbdf2d3-0592-4172-9c9d-ce42eb2799ca-SegmentedRaftLogWorker:Storage Directory /workdir/hadoop-ozone/integration-test/target/test-dir/MiniOzoneClusterImpl-dee0cb60-1d83-42ef-98aa-30f750bc63a6/datanode-3/data/ratis/189e3edf-4c4b-4a9e-966c-f6dcad0faaf3: Starting segment from index:0
2019-08-28 04:44:06,136 [025d69ad-6f0c-4e69-9dfc-3a983de9ebc7-SegmentedRaftLogWorker:Storage Directory /workdir/hadoop-ozone/integration-test/target/test-dir/MiniOzoneClusterImpl-dee0cb60-1d83-42ef-98aa-30f750bc63a6/datanode-1/data/ratis/9d83c3d8-0d35-4b25-a466-72c2627363e9] INFO  segmented.SegmentedRaftLogWorker (SegmentedRaftLogWorker.java:execute(569)) - 025d69ad-6f0c-4e69-9dfc-3a983de9ebc7-SegmentedRaftLogWorker:Storage Directory /workdir/hadoop-ozone/integration-test/target/test-dir/MiniOzoneClusterImpl-dee0cb60-1d83-42ef-98aa-30f750bc63a6/datanode-1/data/ratis/9d83c3d8-0d35-4b25-a466-72c2627363e9: created new log segment /workdir/hadoop-ozone/integration-test/target/test-dir/MiniOzoneClusterImpl-dee0cb60-1d83-42ef-98aa-30f750bc63a6/datanode-1/data/ratis/9d83c3d8-0d35-4b25-a466-72c2627363e9/current/log_inprogress_0
2019-08-28 04:44:06,137 [f4072c9f-a22f-4281-b53d-4a46edeec81c:group-6E35BE55A312:LeaderElection9] INFO  server.RaftServerConfigKeys (ConfUtils.java:logGet(43)) - raft.server.watch.element-limit = 65536 (default)
2019-08-28 04:44:06,142 [8dbdf2d3-0592-4172-9c9d-ce42eb2799ca:group-F6DCAD0FAAF3:LeaderElection6] INFO  impl.RaftServerImpl (ServerState.java:setRaftConf(361)) - 8dbdf2d3-0592-4172-9c9d-ce42eb2799ca:group-F6DCAD0FAAF3 set configuration 0: [8dbdf2d3-0592-4172-9c9d-ce42eb2799ca:192.168.69.75:46585], old=null at 0
2019-08-28 04:44:06,142 [f4072c9f-a22f-4281-b53d-4a46edeec81c:group-6E35BE55A312:LeaderElection9] INFO  impl.RoleInfo (RoleInfo.java:updateAndGet(143)) - f4072c9f-a22f-4281-b53d-4a46edeec81c: start LeaderState
2019-08-28 04:44:06,173 [8bdb61b5-fa98-4739-8e0a-5280a4fe194a-SegmentedRaftLogWorker:Storage Directory /workdir/hadoop-ozone/integration-test/target/test-dir/MiniOzoneClusterImpl-dee0cb60-1d83-42ef-98aa-30f750bc63a6/datanode-6/data/ratis/7f78c0ba-1d88-4e53-a486-f8b324de6513] INFO  segmented.SegmentedRaftLogWorker (SegmentedRaftLogWorker.java:execute(569)) - 8bdb61b5-fa98-4739-8e0a-5280a4fe194a-SegmentedRaftLogWorker:Storage Directory /workdir/hadoop-ozone/integration-test/target/test-dir/MiniOzoneClusterImpl-dee0cb60-1d83-42ef-98aa-30f750bc63a6/datanode-6/data/ratis/7f78c0ba-1d88-4e53-a486-f8b324de6513: created new log segment /workdir/hadoop-ozone/integration-test/target/test-dir/MiniOzoneClusterImpl-dee0cb60-1d83-42ef-98aa-30f750bc63a6/datanode-6/data/ratis/7f78c0ba-1d88-4e53-a486-f8b324de6513/current/log_inprogress_0
2019-08-28 04:44:06,177 [f4072c9f-a22f-4281-b53d-4a46edeec81c:group-6E35BE55A312:LeaderElection9] INFO  segmented.SegmentedRaftLogWorker (SegmentedRaftLogWorker.java:startLogSegment(380)) - f4072c9f-a22f-4281-b53d-4a46edeec81c-SegmentedRaftLogWorker:Storage Directory /workdir/hadoop-ozone/integration-test/target/test-dir/MiniOzoneClusterImpl-dee0cb60-1d83-42ef-98aa-30f750bc63a6/datanode-4/data/ratis/3302a080-5ee1-4706-bf76-6e35be55a312: Starting segment from index:0
2019-08-28 04:44:06,177 [f4072c9f-a22f-4281-b53d-4a46edeec81c:group-6E35BE55A312:LeaderElection9] INFO  impl.RaftServerImpl (ServerState.java:setRaftConf(361)) - f4072c9f-a22f-4281-b53d-4a46edeec81c:group-6E35BE55A312 set configuration 0: [f4072c9f-a22f-4281-b53d-4a46edeec81c:192.168.69.75:43176], old=null at 0
2019-08-28 04:44:06,177 | INFO  | SCMAudit | user=jenkins1000 | ip=192.168.69.75 | op=SEND_HEARTBEAT {datanodeUUID=8dbdf2d3-0592-4172-9c9d-ce42eb2799ca, command=[]} | ret=SUCCESS |  
2019-08-28 04:44:06,205 | INFO  | SCMAudit | user=jenkins1000 | ip=192.168.69.75 | op=SEND_HEARTBEAT {datanodeUUID=f5b518e1-81ed-4539-890c-23fde7b7af4e, command=[]} | ret=SUCCESS |  
2019-08-28 04:44:06,206 [8dbdf2d3-0592-4172-9c9d-ce42eb2799ca-SegmentedRaftLogWorker:Storage Directory /workdir/hadoop-ozone/integration-test/target/test-dir/MiniOzoneClusterImpl-dee0cb60-1d83-42ef-98aa-30f750bc63a6/datanode-3/data/ratis/189e3edf-4c4b-4a9e-966c-f6dcad0faaf3] INFO  segmented.SegmentedRaftLogWorker (SegmentedRaftLogWorker.java:execute(569)) - 8dbdf2d3-0592-4172-9c9d-ce42eb2799ca-SegmentedRaftLogWorker:Storage Directory /workdir/hadoop-ozone/integration-test/target/test-dir/MiniOzoneClusterImpl-dee0cb60-1d83-42ef-98aa-30f750bc63a6/datanode-3/data/ratis/189e3edf-4c4b-4a9e-966c-f6dcad0faaf3: created new log segment /workdir/hadoop-ozone/integration-test/target/test-dir/MiniOzoneClusterImpl-dee0cb60-1d83-42ef-98aa-30f750bc63a6/datanode-3/data/ratis/189e3edf-4c4b-4a9e-966c-f6dcad0faaf3/current/log_inprogress_0
2019-08-28 04:44:06,244 [grpc-default-executor-2] INFO  client.GrpcClientProtocolClient (GrpcClientProtocolClient.java:onNext(255)) - client-3C4235AB3E95->8dbdf2d3-0592-4172-9c9d-ce42eb2799ca: receive RaftClientReply:client-3C4235AB3E95->8dbdf2d3-0592-4172-9c9d-ce42eb2799ca@group-28A5B8B36B60, cid=13, FAILED org.apache.ratis.protocol.NotLeaderException: Server 8dbdf2d3-0592-4172-9c9d-ce42eb2799ca is not the leader (null). Request must be sent to leader., logIndex=0, commits[8dbdf2d3-0592-4172-9c9d-ce42eb2799ca:c-1]
2019-08-28 04:44:06,265 [8bdb61b5-fa98-4739-8e0a-5280a4fe194a:group-3D64E44E2884:LeaderElection7] INFO  impl.LeaderElection (LeaderElection.java:logAndReturn(56)) - 8bdb61b5-fa98-4739-8e0a-5280a4fe194a:group-3D64E44E2884:LeaderElection7: Election REJECTED; received 2 response(s) [8bdb61b5-fa98-4739-8e0a-5280a4fe194a<-aaa2da48-ccc8-4121-a1a5-30f8a5c77378#0:FAIL-t1, 8bdb61b5-fa98-4739-8e0a-5280a4fe194a<-f5b518e1-81ed-4539-890c-23fde7b7af4e#0:FAIL-t1] and 0 exception(s); 8bdb61b5-fa98-4739-8e0a-5280a4fe194a:t1, leader=null, voted=8bdb61b5-fa98-4739-8e0a-5280a4fe194a, raftlog=8bdb61b5-fa98-4739-8e0a-5280a4fe194a-SegmentedRaftLog:OPENED:c-1,f-1,i0, conf=-1: [8bdb61b5-fa98-4739-8e0a-5280a4fe194a:192.168.69.75:35171, aaa2da48-ccc8-4121-a1a5-30f8a5c77378:192.168.69.75:42496, f5b518e1-81ed-4539-890c-23fde7b7af4e:192.168.69.75:40482], old=null
2019-08-28 04:44:06,265 [3aa4c088-6d9c-4e45-8699-9552fa9982bb:group-28A5B8B36B60:LeaderElection12] INFO  impl.LeaderElection (LeaderElection.java:logAndReturn(56)) - 3aa4c088-6d9c-4e45-8699-9552fa9982bb:group-28A5B8B36B60:LeaderElection12: Election REJECTED; received 2 response(s) [3aa4c088-6d9c-4e45-8699-9552fa9982bb<-025d69ad-6f0c-4e69-9dfc-3a983de9ebc7#0:FAIL-t1, 3aa4c088-6d9c-4e45-8699-9552fa9982bb<-8dbdf2d3-0592-4172-9c9d-ce42eb2799ca#0:FAIL-t1] and 0 exception(s); 3aa4c088-6d9c-4e45-8699-9552fa9982bb:t1, leader=null, voted=3aa4c088-6d9c-4e45-8699-9552fa9982bb, raftlog=3aa4c088-6d9c-4e45-8699-9552fa9982bb-SegmentedRaftLog:OPENED:c-1,f-1,i0, conf=-1: [025d69ad-6f0c-4e69-9dfc-3a983de9ebc7:192.168.69.75:36131, 8dbdf2d3-0592-4172-9c9d-ce42eb2799ca:192.168.69.75:46585, 3aa4c088-6d9c-4e45-8699-9552fa9982bb:192.168.69.75:35133], old=null
2019-08-28 04:44:06,265 [8dbdf2d3-0592-4172-9c9d-ce42eb2799ca:group-28A5B8B36B60:LeaderElection10] INFO  impl.LeaderElection (LeaderElection.java:logAndReturn(56)) - 8dbdf2d3-0592-4172-9c9d-ce42eb2799ca:group-28A5B8B36B60:LeaderElection10: Election REJECTED; received 2 response(s) [8dbdf2d3-0592-4172-9c9d-ce42eb2799ca<-025d69ad-6f0c-4e69-9dfc-3a983de9ebc7#0:FAIL-t1, 8dbdf2d3-0592-4172-9c9d-ce42eb2799ca<-3aa4c088-6d9c-4e45-8699-9552fa9982bb#0:FAIL-t1] and 0 exception(s); 8dbdf2d3-0592-4172-9c9d-ce42eb2799ca:t1, leader=null, voted=8dbdf2d3-0592-4172-9c9d-ce42eb2799ca, raftlog=8dbdf2d3-0592-4172-9c9d-ce42eb2799ca-SegmentedRaftLog:OPENED:c-1,f-1,i0, conf=-1: [025d69ad-6f0c-4e69-9dfc-3a983de9ebc7:192.168.69.75:36131, 8dbdf2d3-0592-4172-9c9d-ce42eb2799ca:192.168.69.75:46585, 3aa4c088-6d9c-4e45-8699-9552fa9982bb:192.168.69.75:35133], old=null
2019-08-28 04:44:06,265 [aaa2da48-ccc8-4121-a1a5-30f8a5c77378:group-3D64E44E2884:LeaderElection11] INFO  impl.LeaderElection (LeaderElection.java:logAndReturn(56)) - aaa2da48-ccc8-4121-a1a5-30f8a5c77378:group-3D64E44E2884:LeaderElection11: Election REJECTED; received 2 response(s) [aaa2da48-ccc8-4121-a1a5-30f8a5c77378<-8bdb61b5-fa98-4739-8e0a-5280a4fe194a#0:FAIL-t1, aaa2da48-ccc8-4121-a1a5-30f8a5c77378<-f5b518e1-81ed-4539-890c-23fde7b7af4e#0:FAIL-t1] and 0 exception(s); aaa2da48-ccc8-4121-a1a5-30f8a5c77378:t1, leader=null, voted=aaa2da48-ccc8-4121-a1a5-30f8a5c77378, raftlog=aaa2da48-ccc8-4121-a1a5-30f8a5c77378-SegmentedRaftLog:OPENED:c-1,f-1,i0, conf=-1: [8bdb61b5-fa98-4739-8e0a-5280a4fe194a:192.168.69.75:35171, aaa2da48-ccc8-4121-a1a5-30f8a5c77378:192.168.69.75:42496, f5b518e1-81ed-4539-890c-23fde7b7af4e:192.168.69.75:40482], old=null
2019-08-28 04:44:06,271 [f4072c9f-a22f-4281-b53d-4a46edeec81c-SegmentedRaftLogWorker:Storage Directory /workdir/hadoop-ozone/integration-test/target/test-dir/MiniOzoneClusterImpl-dee0cb60-1d83-42ef-98aa-30f750bc63a6/datanode-4/data/ratis/3302a080-5ee1-4706-bf76-6e35be55a312] INFO  segmented.SegmentedRaftLogWorker (SegmentedRaftLogWorker.java:execute(569)) - f4072c9f-a22f-4281-b53d-4a46edeec81c-SegmentedRaftLogWorker:Storage Directory /workdir/hadoop-ozone/integration-test/target/test-dir/MiniOzoneClusterImpl-dee0cb60-1d83-42ef-98aa-30f750bc63a6/datanode-4/data/ratis/3302a080-5ee1-4706-bf76-6e35be55a312: created new log segment /workdir/hadoop-ozone/integration-test/target/test-dir/MiniOzoneClusterImpl-dee0cb60-1d83-42ef-98aa-30f750bc63a6/datanode-4/data/ratis/3302a080-5ee1-4706-bf76-6e35be55a312/current/log_inprogress_0
2019-08-28 04:44:06,267 [025d69ad-6f0c-4e69-9dfc-3a983de9ebc7:group-28A5B8B36B60:LeaderElection13] INFO  impl.LeaderElection (LeaderElection.java:logAndReturn(56)) - 025d69ad-6f0c-4e69-9dfc-3a983de9ebc7:group-28A5B8B36B60:LeaderElection13: Election REJECTED; received 2 response(s) [025d69ad-6f0c-4e69-9dfc-3a983de9ebc7<-8dbdf2d3-0592-4172-9c9d-ce42eb2799ca#0:FAIL-t1, 025d69ad-6f0c-4e69-9dfc-3a983de9ebc7<-3aa4c088-6d9c-4e45-8699-9552fa9982bb#0:FAIL-t1] and 0 exception(s); 025d69ad-6f0c-4e69-9dfc-3a983de9ebc7:t1, leader=null, voted=025d69ad-6f0c-4e69-9dfc-3a983de9ebc7, raftlog=025d69ad-6f0c-4e69-9dfc-3a983de9ebc7-SegmentedRaftLog:OPENED:c-1,f-1,i0, conf=-1: [025d69ad-6f0c-4e69-9dfc-3a983de9ebc7:192.168.69.75:36131, 8dbdf2d3-0592-4172-9c9d-ce42eb2799ca:192.168.69.75:46585, 3aa4c088-6d9c-4e45-8699-9552fa9982bb:192.168.69.75:35133], old=null
2019-08-28 04:44:06,267 [f5b518e1-81ed-4539-890c-23fde7b7af4e:group-3D64E44E2884:LeaderElection8] INFO  impl.LeaderElection (LeaderElection.java:logAndReturn(56)) - f5b518e1-81ed-4539-890c-23fde7b7af4e:group-3D64E44E2884:LeaderElection8: Election REJECTED; received 2 response(s) [f5b518e1-81ed-4539-890c-23fde7b7af4e<-8bdb61b5-fa98-4739-8e0a-5280a4fe194a#0:FAIL-t1, f5b518e1-81ed-4539-890c-23fde7b7af4e<-aaa2da48-ccc8-4121-a1a5-30f8a5c77378#0:FAIL-t1] and 0 exception(s); f5b518e1-81ed-4539-890c-23fde7b7af4e:t1, leader=null, voted=f5b518e1-81ed-4539-890c-23fde7b7af4e, raftlog=f5b518e1-81ed-4539-890c-23fde7b7af4e-SegmentedRaftLog:OPENED:c-1,f-1,i0, conf=-1: [8bdb61b5-fa98-4739-8e0a-5280a4fe194a:192.168.69.75:35171, aaa2da48-ccc8-4121-a1a5-30f8a5c77378:192.168.69.75:42496, f5b518e1-81ed-4539-890c-23fde7b7af4e:192.168.69.75:40482], old=null
2019-08-28 04:44:06,280 [3aa4c088-6d9c-4e45-8699-9552fa9982bb:group-28A5B8B36B60:LeaderElection12] INFO  impl.RaftServerImpl (RaftServerImpl.java:setRole(171)) - 3aa4c088-6d9c-4e45-8699-9552fa9982bb:group-28A5B8B36B60 changes role from CANDIDATE to FOLLOWER at term 1 for DISCOVERED_A_NEW_TERM
2019-08-28 04:44:06,280 [025d69ad-6f0c-4e69-9dfc-3a983de9ebc7:group-28A5B8B36B60:LeaderElection13] INFO  impl.RaftServerImpl (RaftServerImpl.java:setRole(171)) - 025d69ad-6f0c-4e69-9dfc-3a983de9ebc7:group-28A5B8B36B60 changes role from CANDIDATE to FOLLOWER at term 1 for DISCOVERED_A_NEW_TERM
2019-08-28 04:44:06,290 [025d69ad-6f0c-4e69-9dfc-3a983de9ebc7:group-28A5B8B36B60:LeaderElection13] INFO  impl.RoleInfo (RoleInfo.java:shutdownLeaderElection(134)) - 025d69ad-6f0c-4e69-9dfc-3a983de9ebc7: shutdown LeaderElection
2019-08-28 04:44:06,275 [8dbdf2d3-0592-4172-9c9d-ce42eb2799ca:group-28A5B8B36B60:LeaderElection10] INFO  impl.RaftServerImpl (RaftServerImpl.java:setRole(171)) - 8dbdf2d3-0592-4172-9c9d-ce42eb2799ca:group-28A5B8B36B60 changes role from CANDIDATE to FOLLOWER at term 1 for DISCOVERED_A_NEW_TERM
2019-08-28 04:44:06,291 [025d69ad-6f0c-4e69-9dfc-3a983de9ebc7:group-28A5B8B36B60:LeaderElection13] INFO  impl.RoleInfo (RoleInfo.java:updateAndGet(143)) - 025d69ad-6f0c-4e69-9dfc-3a983de9ebc7: start FollowerState
2019-08-28 04:44:06,276 [aaa2da48-ccc8-4121-a1a5-30f8a5c77378:group-3D64E44E2884:LeaderElection11] INFO  impl.RaftServerImpl (RaftServerImpl.java:setRole(171)) - aaa2da48-ccc8-4121-a1a5-30f8a5c77378:group-3D64E44E2884 changes role from CANDIDATE to FOLLOWER at term 1 for DISCOVERED_A_NEW_TERM
2019-08-28 04:44:06,291 [aaa2da48-ccc8-4121-a1a5-30f8a5c77378:group-3D64E44E2884:LeaderElection11] INFO  impl.RoleInfo (RoleInfo.java:shutdownLeaderElection(134)) - aaa2da48-ccc8-4121-a1a5-30f8a5c77378: shutdown LeaderElection
2019-08-28 04:44:06,275 [8bdb61b5-fa98-4739-8e0a-5280a4fe194a:group-3D64E44E2884:LeaderElection7] INFO  impl.RaftServerImpl (RaftServerImpl.java:setRole(171)) - 8bdb61b5-fa98-4739-8e0a-5280a4fe194a:group-3D64E44E2884 changes role from CANDIDATE to FOLLOWER at term 1 for DISCOVERED_A_NEW_TERM
2019-08-28 04:44:06,297 [aaa2da48-ccc8-4121-a1a5-30f8a5c77378:group-3D64E44E2884:LeaderElection11] INFO  impl.RoleInfo (RoleInfo.java:updateAndGet(143)) - aaa2da48-ccc8-4121-a1a5-30f8a5c77378: start FollowerState
2019-08-28 04:44:06,291 [8dbdf2d3-0592-4172-9c9d-ce42eb2799ca:group-28A5B8B36B60:LeaderElection10] INFO  impl.RoleInfo (RoleInfo.java:shutdownLeaderElection(134)) - 8dbdf2d3-0592-4172-9c9d-ce42eb2799ca: shutdown LeaderElection
2019-08-28 04:44:06,291 [3aa4c088-6d9c-4e45-8699-9552fa9982bb:group-28A5B8B36B60:LeaderElection12] INFO  impl.RoleInfo (RoleInfo.java:shutdownLeaderElection(134)) - 3aa4c088-6d9c-4e45-8699-9552fa9982bb: shutdown LeaderElection
2019-08-28 04:44:06,284 [f5b518e1-81ed-4539-890c-23fde7b7af4e:group-3D64E44E2884:LeaderElection8] INFO  impl.RaftServerImpl (RaftServerImpl.java:setRole(171)) - f5b518e1-81ed-4539-890c-23fde7b7af4e:group-3D64E44E2884 changes role from CANDIDATE to FOLLOWER at term 1 for DISCOVERED_A_NEW_TERM
2019-08-28 04:44:06,298 [3aa4c088-6d9c-4e45-8699-9552fa9982bb:group-28A5B8B36B60:LeaderElection12] INFO  impl.RoleInfo (RoleInfo.java:updateAndGet(143)) - 3aa4c088-6d9c-4e45-8699-9552fa9982bb: start FollowerState
2019-08-28 04:44:06,297 [8dbdf2d3-0592-4172-9c9d-ce42eb2799ca:group-28A5B8B36B60:LeaderElection10] INFO  impl.RoleInfo (RoleInfo.java:updateAndGet(143)) - 8dbdf2d3-0592-4172-9c9d-ce42eb2799ca: start FollowerState
2019-08-28 04:44:06,297 [8bdb61b5-fa98-4739-8e0a-5280a4fe194a:group-3D64E44E2884:LeaderElection7] INFO  impl.RoleInfo (RoleInfo.java:shutdownLeaderElection(134)) - 8bdb61b5-fa98-4739-8e0a-5280a4fe194a: shutdown LeaderElection
2019-08-28 04:44:06,298 [f5b518e1-81ed-4539-890c-23fde7b7af4e:group-3D64E44E2884:LeaderElection8] INFO  impl.RoleInfo (RoleInfo.java:shutdownLeaderElection(134)) - f5b518e1-81ed-4539-890c-23fde7b7af4e: shutdown LeaderElection
2019-08-28 04:44:06,298 | INFO  | SCMAudit | user=jenkins1000 | ip=192.168.69.75 | op=SEND_HEARTBEAT {datanodeUUID=f4072c9f-a22f-4281-b53d-4a46edeec81c, command=[]} | ret=SUCCESS |  
2019-08-28 04:44:06,298 [8bdb61b5-fa98-4739-8e0a-5280a4fe194a:group-3D64E44E2884:LeaderElection7] INFO  impl.RoleInfo (RoleInfo.java:updateAndGet(143)) - 8bdb61b5-fa98-4739-8e0a-5280a4fe194a: start FollowerState
2019-08-28 04:44:06,298 [f5b518e1-81ed-4539-890c-23fde7b7af4e:group-3D64E44E2884:LeaderElection8] INFO  impl.RoleInfo (RoleInfo.java:updateAndGet(143)) - f5b518e1-81ed-4539-890c-23fde7b7af4e: start FollowerState
2019-08-28 04:44:06,334 | INFO  | SCMAudit | user=jenkins1000 | ip=192.168.69.75 | op=SEND_HEARTBEAT {datanodeUUID=3aa4c088-6d9c-4e45-8699-9552fa9982bb, command=[]} | ret=SUCCESS |  
2019-08-28 04:44:06,579 | INFO  | SCMAudit | user=jenkins1000 | ip=192.168.69.75 | op=SEND_HEARTBEAT {datanodeUUID=025d69ad-6f0c-4e69-9dfc-3a983de9ebc7, command=[]} | ret=SUCCESS |  
2019-08-28 04:44:06,657 | INFO  | SCMAudit | user=jenkins1000 | ip=192.168.69.75 | op=SEND_HEARTBEAT {datanodeUUID=aaa2da48-ccc8-4121-a1a5-30f8a5c77378, command=[]} | ret=SUCCESS |  
2019-08-28 04:44:06,846 | INFO  | SCMAudit | user=jenkins1000 | ip=192.168.69.75 | op=SEND_HEARTBEAT {datanodeUUID=8bdb61b5-fa98-4739-8e0a-5280a4fe194a, command=[]} | ret=SUCCESS |  
2019-08-28 04:44:07,175 | INFO  | SCMAudit | user=jenkins1000 | ip=192.168.69.75 | op=SEND_HEARTBEAT {datanodeUUID=8dbdf2d3-0592-4172-9c9d-ce42eb2799ca, command=[]} | ret=SUCCESS |  
2019-08-28 04:44:07,205 | INFO  | SCMAudit | user=jenkins1000 | ip=192.168.69.75 | op=SEND_HEARTBEAT {datanodeUUID=f5b518e1-81ed-4539-890c-23fde7b7af4e, command=[]} | ret=SUCCESS |  
2019-08-28 04:44:07,275 [grpc-default-executor-5] INFO  client.GrpcClientProtocolClient (GrpcClientProtocolClient.java:onNext(255)) - client-3C4235AB3E95->025d69ad-6f0c-4e69-9dfc-3a983de9ebc7: receive RaftClientReply:client-3C4235AB3E95->025d69ad-6f0c-4e69-9dfc-3a983de9ebc7@group-28A5B8B36B60, cid=13, FAILED org.apache.ratis.protocol.NotLeaderException: Server 025d69ad-6f0c-4e69-9dfc-3a983de9ebc7 is not the leader (null). Request must be sent to leader., logIndex=0, commits[025d69ad-6f0c-4e69-9dfc-3a983de9ebc7:c-1]
2019-08-28 04:44:07,292 | INFO  | SCMAudit | user=jenkins1000 | ip=192.168.69.75 | op=SEND_HEARTBEAT {datanodeUUID=f4072c9f-a22f-4281-b53d-4a46edeec81c, command=[]} | ret=SUCCESS |  
2019-08-28 04:44:07,334 | INFO  | SCMAudit | user=jenkins1000 | ip=192.168.69.75 | op=SEND_HEARTBEAT {datanodeUUID=3aa4c088-6d9c-4e45-8699-9552fa9982bb, command=[]} | ret=SUCCESS |  
2019-08-28 04:44:07,579 | INFO  | SCMAudit | user=jenkins1000 | ip=192.168.69.75 | op=SEND_HEARTBEAT {datanodeUUID=025d69ad-6f0c-4e69-9dfc-3a983de9ebc7, command=[]} | ret=SUCCESS |  
2019-08-28 04:44:07,657 | INFO  | SCMAudit | user=jenkins1000 | ip=192.168.69.75 | op=SEND_HEARTBEAT {datanodeUUID=aaa2da48-ccc8-4121-a1a5-30f8a5c77378, command=[]} | ret=SUCCESS |  
2019-08-28 04:44:07,846 | INFO  | SCMAudit | user=jenkins1000 | ip=192.168.69.75 | op=SEND_HEARTBEAT {datanodeUUID=8bdb61b5-fa98-4739-8e0a-5280a4fe194a, command=[]} | ret=SUCCESS |  
2019-08-28 04:44:08,175 | INFO  | SCMAudit | user=jenkins1000 | ip=192.168.69.75 | op=SEND_HEARTBEAT {datanodeUUID=8dbdf2d3-0592-4172-9c9d-ce42eb2799ca, command=[]} | ret=SUCCESS |  
2019-08-28 04:44:08,206 | INFO  | SCMAudit | user=jenkins1000 | ip=192.168.69.75 | op=SEND_HEARTBEAT {datanodeUUID=f5b518e1-81ed-4539-890c-23fde7b7af4e, command=[]} | ret=SUCCESS |  
2019-08-28 04:44:08,292 | INFO  | SCMAudit | user=jenkins1000 | ip=192.168.69.75 | op=SEND_HEARTBEAT {datanodeUUID=f4072c9f-a22f-4281-b53d-4a46edeec81c, command=[]} | ret=SUCCESS |  
2019-08-28 04:44:08,300 [grpc-default-executor-8] INFO  client.GrpcClientProtocolClient (GrpcClientProtocolClient.java:onNext(255)) - client-3C4235AB3E95->8dbdf2d3-0592-4172-9c9d-ce42eb2799ca: receive RaftClientReply:client-3C4235AB3E95->8dbdf2d3-0592-4172-9c9d-ce42eb2799ca@group-28A5B8B36B60, cid=13, FAILED org.apache.ratis.protocol.NotLeaderException: Server 8dbdf2d3-0592-4172-9c9d-ce42eb2799ca is not the leader (null). Request must be sent to leader., logIndex=0, commits[8dbdf2d3-0592-4172-9c9d-ce42eb2799ca:c-1]
2019-08-28 04:44:08,333 | INFO  | SCMAudit | user=jenkins1000 | ip=192.168.69.75 | op=SEND_HEARTBEAT {datanodeUUID=3aa4c088-6d9c-4e45-8699-9552fa9982bb, command=[]} | ret=SUCCESS |  
2019-08-28 04:44:08,579 | INFO  | SCMAudit | user=jenkins1000 | ip=192.168.69.75 | op=SEND_HEARTBEAT {datanodeUUID=025d69ad-6f0c-4e69-9dfc-3a983de9ebc7, command=[]} | ret=SUCCESS |  
2019-08-28 04:44:08,657 | INFO  | SCMAudit | user=jenkins1000 | ip=192.168.69.75 | op=SEND_HEARTBEAT {datanodeUUID=aaa2da48-ccc8-4121-a1a5-30f8a5c77378, command=[]} | ret=SUCCESS |  
2019-08-28 04:44:08,846 | INFO  | SCMAudit | user=jenkins1000 | ip=192.168.69.75 | op=SEND_HEARTBEAT {datanodeUUID=8bdb61b5-fa98-4739-8e0a-5280a4fe194a, command=[]} | ret=SUCCESS |  
2019-08-28 04:44:09,175 | INFO  | SCMAudit | user=jenkins1000 | ip=192.168.69.75 | op=SEND_HEARTBEAT {datanodeUUID=8dbdf2d3-0592-4172-9c9d-ce42eb2799ca, command=[]} | ret=SUCCESS |  
2019-08-28 04:44:09,205 | INFO  | SCMAudit | user=jenkins1000 | ip=192.168.69.75 | op=SEND_HEARTBEAT {datanodeUUID=f5b518e1-81ed-4539-890c-23fde7b7af4e, command=[]} | ret=SUCCESS |  
2019-08-28 04:44:09,292 | INFO  | SCMAudit | user=jenkins1000 | ip=192.168.69.75 | op=SEND_HEARTBEAT {datanodeUUID=f4072c9f-a22f-4281-b53d-4a46edeec81c, command=[]} | ret=SUCCESS |  
2019-08-28 04:44:09,323 [grpc-default-executor-5] INFO  client.GrpcClientProtocolClient (GrpcClientProtocolClient.java:onNext(255)) - client-3C4235AB3E95->025d69ad-6f0c-4e69-9dfc-3a983de9ebc7: receive RaftClientReply:client-3C4235AB3E95->025d69ad-6f0c-4e69-9dfc-3a983de9ebc7@group-28A5B8B36B60, cid=13, FAILED org.apache.ratis.protocol.NotLeaderException: Server 025d69ad-6f0c-4e69-9dfc-3a983de9ebc7 is not the leader (null). Request must be sent to leader., logIndex=0, commits[025d69ad-6f0c-4e69-9dfc-3a983de9ebc7:c-1]
2019-08-28 04:44:09,337 | INFO  | SCMAudit | user=jenkins1000 | ip=192.168.69.75 | op=SEND_HEARTBEAT {datanodeUUID=3aa4c088-6d9c-4e45-8699-9552fa9982bb, command=[]} | ret=SUCCESS |  
2019-08-28 04:44:09,579 | INFO  | SCMAudit | user=jenkins1000 | ip=192.168.69.75 | op=SEND_HEARTBEAT {datanodeUUID=025d69ad-6f0c-4e69-9dfc-3a983de9ebc7, command=[]} | ret=SUCCESS |  
2019-08-28 04:44:09,657 | INFO  | SCMAudit | user=jenkins1000 | ip=192.168.69.75 | op=SEND_HEARTBEAT {datanodeUUID=aaa2da48-ccc8-4121-a1a5-30f8a5c77378, command=[]} | ret=SUCCESS |  
2019-08-28 04:44:09,846 | INFO  | SCMAudit | user=jenkins1000 | ip=192.168.69.75 | op=SEND_HEARTBEAT {datanodeUUID=8bdb61b5-fa98-4739-8e0a-5280a4fe194a, command=[]} | ret=SUCCESS |  
2019-08-28 04:44:10,175 | INFO  | SCMAudit | user=jenkins1000 | ip=192.168.69.75 | op=SEND_HEARTBEAT {datanodeUUID=8dbdf2d3-0592-4172-9c9d-ce42eb2799ca, command=[]} | ret=SUCCESS |  
2019-08-28 04:44:10,205 | INFO  | SCMAudit | user=jenkins1000 | ip=192.168.69.75 | op=SEND_HEARTBEAT {datanodeUUID=f5b518e1-81ed-4539-890c-23fde7b7af4e, command=[]} | ret=SUCCESS |  
2019-08-28 04:44:10,293 | INFO  | SCMAudit | user=jenkins1000 | ip=192.168.69.75 | op=SEND_HEARTBEAT {datanodeUUID=f4072c9f-a22f-4281-b53d-4a46edeec81c, command=[]} | ret=SUCCESS |  
2019-08-28 04:44:10,333 | INFO  | SCMAudit | user=jenkins1000 | ip=192.168.69.75 | op=SEND_HEARTBEAT {datanodeUUID=3aa4c088-6d9c-4e45-8699-9552fa9982bb, command=[]} | ret=SUCCESS |  
2019-08-28 04:44:10,349 [grpc-default-executor-8] INFO  client.GrpcClientProtocolClient (GrpcClientProtocolClient.java:onNext(255)) - client-3C4235AB3E95->8dbdf2d3-0592-4172-9c9d-ce42eb2799ca: receive RaftClientReply:client-3C4235AB3E95->8dbdf2d3-0592-4172-9c9d-ce42eb2799ca@group-28A5B8B36B60, cid=13, FAILED org.apache.ratis.protocol.NotLeaderException: Server 8dbdf2d3-0592-4172-9c9d-ce42eb2799ca is not the leader (null). Request must be sent to leader., logIndex=0, commits[8dbdf2d3-0592-4172-9c9d-ce42eb2799ca:c-1]
2019-08-28 04:44:10,579 | INFO  | SCMAudit | user=jenkins1000 | ip=192.168.69.75 | op=SEND_HEARTBEAT {datanodeUUID=025d69ad-6f0c-4e69-9dfc-3a983de9ebc7, command=[]} | ret=SUCCESS |  
2019-08-28 04:44:10,658 | INFO  | SCMAudit | user=jenkins1000 | ip=192.168.69.75 | op=SEND_HEARTBEAT {datanodeUUID=aaa2da48-ccc8-4121-a1a5-30f8a5c77378, command=[]} | ret=SUCCESS |  
2019-08-28 04:44:10,846 | INFO  | SCMAudit | user=jenkins1000 | ip=192.168.69.75 | op=SEND_HEARTBEAT {datanodeUUID=8bdb61b5-fa98-4739-8e0a-5280a4fe194a, command=[]} | ret=SUCCESS |  
2019-08-28 04:44:11,175 | INFO  | SCMAudit | user=jenkins1000 | ip=192.168.69.75 | op=SEND_HEARTBEAT {datanodeUUID=8dbdf2d3-0592-4172-9c9d-ce42eb2799ca, command=[]} | ret=SUCCESS |  
2019-08-28 04:44:11,205 | INFO  | SCMAudit | user=jenkins1000 | ip=192.168.69.75 | op=SEND_HEARTBEAT {datanodeUUID=f5b518e1-81ed-4539-890c-23fde7b7af4e, command=[]} | ret=SUCCESS |  
2019-08-28 04:44:11,292 | INFO  | SCMAudit | user=jenkins1000 | ip=192.168.69.75 | op=SEND_HEARTBEAT {datanodeUUID=f4072c9f-a22f-4281-b53d-4a46edeec81c, command=[]} | ret=SUCCESS |  
2019-08-28 04:44:11,334 | INFO  | SCMAudit | user=jenkins1000 | ip=192.168.69.75 | op=SEND_HEARTBEAT {datanodeUUID=3aa4c088-6d9c-4e45-8699-9552fa9982bb, command=[]} | ret=SUCCESS |  
2019-08-28 04:44:11,373 [Thread-334] INFO  impl.FollowerState (FollowerState.java:run(106)) - 3aa4c088-6d9c-4e45-8699-9552fa9982bb:group-28A5B8B36B60 changes to CANDIDATE, lastRpcTime:5075, electionTimeout:5074ms
2019-08-28 04:44:11,374 [Thread-334] INFO  impl.RoleInfo (RoleInfo.java:shutdownFollowerState(121)) - 3aa4c088-6d9c-4e45-8699-9552fa9982bb: shutdown FollowerState
2019-08-28 04:44:11,375 [Thread-334] INFO  impl.RaftServerImpl (RaftServerImpl.java:setRole(171)) - 3aa4c088-6d9c-4e45-8699-9552fa9982bb:group-28A5B8B36B60 changes role from FOLLOWER to CANDIDATE at term 1 for changeToCandidate
2019-08-28 04:44:11,375 [Thread-334] INFO  impl.RoleInfo (RoleInfo.java:updateAndGet(143)) - 3aa4c088-6d9c-4e45-8699-9552fa9982bb: start LeaderElection
2019-08-28 04:44:11,377 [grpc-default-executor-8] INFO  client.GrpcClientProtocolClient (GrpcClientProtocolClient.java:onNext(255)) - client-3C4235AB3E95->3aa4c088-6d9c-4e45-8699-9552fa9982bb: receive RaftClientReply:client-3C4235AB3E95->3aa4c088-6d9c-4e45-8699-9552fa9982bb@group-28A5B8B36B60, cid=13, FAILED org.apache.ratis.protocol.NotLeaderException: Server 3aa4c088-6d9c-4e45-8699-9552fa9982bb is not the leader (null). Request must be sent to leader., logIndex=0, commits[3aa4c088-6d9c-4e45-8699-9552fa9982bb:c-1]
2019-08-28 04:44:11,391 [3aa4c088-6d9c-4e45-8699-9552fa9982bb:group-28A5B8B36B60:LeaderElection14] INFO  impl.LeaderElection (LeaderElection.java:askForVotes(181)) - 3aa4c088-6d9c-4e45-8699-9552fa9982bb:group-28A5B8B36B60:LeaderElection14: begin an election at term 2 for -1: [025d69ad-6f0c-4e69-9dfc-3a983de9ebc7:192.168.69.75:36131, 8dbdf2d3-0592-4172-9c9d-ce42eb2799ca:192.168.69.75:46585, 3aa4c088-6d9c-4e45-8699-9552fa9982bb:192.168.69.75:35133], old=null
2019-08-28 04:44:11,403 [grpc-default-executor-8] INFO  impl.RaftServerImpl (RaftServerImpl.java:setRole(171)) - 025d69ad-6f0c-4e69-9dfc-3a983de9ebc7:group-28A5B8B36B60 changes role from FOLLOWER to FOLLOWER at term 2 for recognizeCandidate:3aa4c088-6d9c-4e45-8699-9552fa9982bb
2019-08-28 04:44:11,403 [grpc-default-executor-5] INFO  impl.RaftServerImpl (RaftServerImpl.java:setRole(171)) - 8dbdf2d3-0592-4172-9c9d-ce42eb2799ca:group-28A5B8B36B60 changes role from FOLLOWER to FOLLOWER at term 2 for recognizeCandidate:3aa4c088-6d9c-4e45-8699-9552fa9982bb
2019-08-28 04:44:11,418 [grpc-default-executor-8] INFO  impl.RoleInfo (RoleInfo.java:shutdownFollowerState(121)) - 025d69ad-6f0c-4e69-9dfc-3a983de9ebc7: shutdown FollowerState
2019-08-28 04:44:11,418 [grpc-default-executor-5] INFO  impl.RoleInfo (RoleInfo.java:shutdownFollowerState(121)) - 8dbdf2d3-0592-4172-9c9d-ce42eb2799ca: shutdown FollowerState
2019-08-28 04:44:11,419 [grpc-default-executor-8] INFO  impl.RoleInfo (RoleInfo.java:updateAndGet(143)) - 025d69ad-6f0c-4e69-9dfc-3a983de9ebc7: start FollowerState
2019-08-28 04:44:11,419 [grpc-default-executor-5] INFO  impl.RoleInfo (RoleInfo.java:updateAndGet(143)) - 8dbdf2d3-0592-4172-9c9d-ce42eb2799ca: start FollowerState
2019-08-28 04:44:11,419 [Thread-333] INFO  impl.FollowerState (FollowerState.java:run(114)) - 8dbdf2d3-0592-4172-9c9d-ce42eb2799ca: FollowerState was interrupted: java.lang.InterruptedException: sleep interrupted
2019-08-28 04:44:11,433 [Thread-332] INFO  impl.FollowerState (FollowerState.java:run(106)) - aaa2da48-ccc8-4121-a1a5-30f8a5c77378:group-3D64E44E2884 changes to CANDIDATE, lastRpcTime:5135, electionTimeout:5135ms
2019-08-28 04:44:11,433 [Thread-332] INFO  impl.RoleInfo (RoleInfo.java:shutdownFollowerState(121)) - aaa2da48-ccc8-4121-a1a5-30f8a5c77378: shutdown FollowerState
2019-08-28 04:44:11,433 [Thread-332] INFO  impl.RaftServerImpl (RaftServerImpl.java:setRole(171)) - aaa2da48-ccc8-4121-a1a5-30f8a5c77378:group-3D64E44E2884 changes role from FOLLOWER to CANDIDATE at term 1 for changeToCandidate
2019-08-28 04:44:11,433 [Thread-332] INFO  impl.RoleInfo (RoleInfo.java:updateAndGet(143)) - aaa2da48-ccc8-4121-a1a5-30f8a5c77378: start LeaderElection
2019-08-28 04:44:11,459 [Thread-335] INFO  impl.FollowerState (FollowerState.java:run(106)) - 8bdb61b5-fa98-4739-8e0a-5280a4fe194a:group-3D64E44E2884 changes to CANDIDATE, lastRpcTime:5160, electionTimeout:5160ms
2019-08-28 04:44:11,459 [Thread-335] INFO  impl.RoleInfo (RoleInfo.java:shutdownFollowerState(121)) - 8bdb61b5-fa98-4739-8e0a-5280a4fe194a: shutdown FollowerState
2019-08-28 04:44:11,459 [Thread-335] INFO  impl.RaftServerImpl (RaftServerImpl.java:setRole(171)) - 8bdb61b5-fa98-4739-8e0a-5280a4fe194a:group-3D64E44E2884 changes role from FOLLOWER to CANDIDATE at term 1 for changeToCandidate
2019-08-28 04:44:11,459 [Thread-335] INFO  impl.RoleInfo (RoleInfo.java:updateAndGet(143)) - 8bdb61b5-fa98-4739-8e0a-5280a4fe194a: start LeaderElection
2019-08-28 04:44:11,463 [Thread-336] INFO  impl.FollowerState (FollowerState.java:run(106)) - f5b518e1-81ed-4539-890c-23fde7b7af4e:group-3D64E44E2884 changes to CANDIDATE, lastRpcTime:5164, electionTimeout:5162ms
2019-08-28 04:44:11,463 [aaa2da48-ccc8-4121-a1a5-30f8a5c77378:group-3D64E44E2884:LeaderElection15] INFO  impl.LeaderElection (LeaderElection.java:askForVotes(181)) - aaa2da48-ccc8-4121-a1a5-30f8a5c77378:group-3D64E44E2884:LeaderElection15: begin an election at term 2 for -1: [8bdb61b5-fa98-4739-8e0a-5280a4fe194a:192.168.69.75:35171, aaa2da48-ccc8-4121-a1a5-30f8a5c77378:192.168.69.75:42496, f5b518e1-81ed-4539-890c-23fde7b7af4e:192.168.69.75:40482], old=null
2019-08-28 04:44:11,463 [Thread-336] INFO  impl.RoleInfo (RoleInfo.java:shutdownFollowerState(121)) - f5b518e1-81ed-4539-890c-23fde7b7af4e: shutdown FollowerState
2019-08-28 04:44:11,465 [Thread-336] INFO  impl.RaftServerImpl (RaftServerImpl.java:setRole(171)) - f5b518e1-81ed-4539-890c-23fde7b7af4e:group-3D64E44E2884 changes role from FOLLOWER to CANDIDATE at term 1 for changeToCandidate
2019-08-28 04:44:11,465 [Thread-336] INFO  impl.RoleInfo (RoleInfo.java:updateAndGet(143)) - f5b518e1-81ed-4539-890c-23fde7b7af4e: start LeaderElection
2019-08-28 04:44:11,470 [3aa4c088-6d9c-4e45-8699-9552fa9982bb:group-28A5B8B36B60:LeaderElection14] INFO  impl.LeaderElection (LeaderElection.java:logAndReturn(56)) - 3aa4c088-6d9c-4e45-8699-9552fa9982bb:group-28A5B8B36B60:LeaderElection14: Election PASSED; received 1 response(s) [3aa4c088-6d9c-4e45-8699-9552fa9982bb<-025d69ad-6f0c-4e69-9dfc-3a983de9ebc7#0:OK-t2] and 0 exception(s); 3aa4c088-6d9c-4e45-8699-9552fa9982bb:t2, leader=null, voted=3aa4c088-6d9c-4e45-8699-9552fa9982bb, raftlog=3aa4c088-6d9c-4e45-8699-9552fa9982bb-SegmentedRaftLog:OPENED:c-1,f-1,i0, conf=-1: [025d69ad-6f0c-4e69-9dfc-3a983de9ebc7:192.168.69.75:36131, 8dbdf2d3-0592-4172-9c9d-ce42eb2799ca:192.168.69.75:46585, 3aa4c088-6d9c-4e45-8699-9552fa9982bb:192.168.69.75:35133], old=null
2019-08-28 04:44:11,470 [3aa4c088-6d9c-4e45-8699-9552fa9982bb:group-28A5B8B36B60:LeaderElection14] INFO  impl.RoleInfo (RoleInfo.java:shutdownLeaderElection(134)) - 3aa4c088-6d9c-4e45-8699-9552fa9982bb: shutdown LeaderElection
2019-08-28 04:44:11,472 [3aa4c088-6d9c-4e45-8699-9552fa9982bb:group-28A5B8B36B60:LeaderElection14] INFO  impl.RaftServerImpl (RaftServerImpl.java:setRole(171)) - 3aa4c088-6d9c-4e45-8699-9552fa9982bb:group-28A5B8B36B60 changes role from CANDIDATE to LEADER at term 2 for changeToLeader
2019-08-28 04:44:11,474 [3aa4c088-6d9c-4e45-8699-9552fa9982bb:group-28A5B8B36B60:LeaderElection14] INFO  impl.RaftServerImpl (ServerState.java:setLeader(263)) - 3aa4c088-6d9c-4e45-8699-9552fa9982bb:group-28A5B8B36B60 change Leader from null to 3aa4c088-6d9c-4e45-8699-9552fa9982bb at term 2 for becomeLeader, leader elected after 11107ms
2019-08-28 04:44:11,474 [3aa4c088-6d9c-4e45-8699-9552fa9982bb:group-28A5B8B36B60:LeaderElection14] INFO  server.RaftServerConfigKeys (ConfUtils.java:logGet(43)) - raft.server.staging.catchup.gap = 1000 (default)
2019-08-28 04:44:11,474 [3aa4c088-6d9c-4e45-8699-9552fa9982bb:group-28A5B8B36B60:LeaderElection14] INFO  server.RaftServerConfigKeys (ConfUtils.java:logGet(43)) - raft.server.rpc.sleep.time = 25ms (default)
2019-08-28 04:44:11,474 [3aa4c088-6d9c-4e45-8699-9552fa9982bb:group-28A5B8B36B60:LeaderElection14] INFO  server.RaftServerConfigKeys (ConfUtils.java:logGet(43)) - raft.server.write.element-limit = 4096 (default)
2019-08-28 04:44:11,477 [3aa4c088-6d9c-4e45-8699-9552fa9982bb:group-28A5B8B36B60:LeaderElection14] INFO  server.RaftServerConfigKeys (ConfUtils.java:logGet(43)) - raft.server.watch.timeout = 10s (default)
2019-08-28 04:44:11,477 [3aa4c088-6d9c-4e45-8699-9552fa9982bb:group-28A5B8B36B60:LeaderElection14] INFO  server.RaftServerConfigKeys (ConfUtils.java:logGet(43)) - raft.server.watch.timeout.denomination = 1s (default)
2019-08-28 04:44:11,477 [3aa4c088-6d9c-4e45-8699-9552fa9982bb:group-28A5B8B36B60:LeaderElection14] INFO  server.RaftServerConfigKeys (ConfUtils.java:logGet(43)) - raft.server.watch.element-limit = 65536 (default)
2019-08-28 04:44:11,479 [3aa4c088-6d9c-4e45-8699-9552fa9982bb:group-28A5B8B36B60:LeaderElection14] INFO  server.RaftServerConfigKeys (ConfUtils.java:logGet(43)) - raft.server.log.appender.snapshot.chunk.size.max = 16MB (=16777216) (default)
2019-08-28 04:44:11,479 [3aa4c088-6d9c-4e45-8699-9552fa9982bb:group-28A5B8B36B60:LeaderElection14] INFO  server.RaftServerConfigKeys (ConfUtils.java:logGet(43)) - raft.server.log.appender.buffer.byte-limit = 33554432 (custom)
2019-08-28 04:44:11,480 [3aa4c088-6d9c-4e45-8699-9552fa9982bb:group-28A5B8B36B60:LeaderElection14] INFO  server.RaftServerConfigKeys (ConfUtils.java:logGet(43)) - raft.server.log.appender.buffer.element-limit = 1 (custom)
2019-08-28 04:44:11,483 [3aa4c088-6d9c-4e45-8699-9552fa9982bb:group-28A5B8B36B60:LeaderElection14] INFO  grpc.GrpcConfigKeys$Server (ConfUtils.java:logGet(43)) - raft.grpc.server.leader.outstanding.appends.max = 128 (default)
2019-08-28 04:44:11,485 [3aa4c088-6d9c-4e45-8699-9552fa9982bb:group-28A5B8B36B60:LeaderElection14] INFO  server.RaftServerConfigKeys (ConfUtils.java:logGet(43)) - raft.server.rpc.request.timeout = 3000ms (default)
2019-08-28 04:44:11,485 [3aa4c088-6d9c-4e45-8699-9552fa9982bb:group-28A5B8B36B60:LeaderElection14] INFO  server.RaftServerConfigKeys (ConfUtils.java:logGet(43)) - raft.server.log.appender.install.snapshot.enabled = false (custom)
2019-08-28 04:44:11,485 [3aa4c088-6d9c-4e45-8699-9552fa9982bb:group-28A5B8B36B60:LeaderElection14] INFO  server.RaftServerConfigKeys (ConfUtils.java:logGet(43)) - raft.server.log.appender.snapshot.chunk.size.max = 16MB (=16777216) (default)
2019-08-28 04:44:11,486 [3aa4c088-6d9c-4e45-8699-9552fa9982bb:group-28A5B8B36B60:LeaderElection14] INFO  server.RaftServerConfigKeys (ConfUtils.java:logGet(43)) - raft.server.log.appender.buffer.byte-limit = 33554432 (custom)
2019-08-28 04:44:11,486 [3aa4c088-6d9c-4e45-8699-9552fa9982bb:group-28A5B8B36B60:LeaderElection14] INFO  server.RaftServerConfigKeys (ConfUtils.java:logGet(43)) - raft.server.log.appender.buffer.element-limit = 1 (custom)
2019-08-28 04:44:11,486 [3aa4c088-6d9c-4e45-8699-9552fa9982bb:group-28A5B8B36B60:LeaderElection14] INFO  grpc.GrpcConfigKeys$Server (ConfUtils.java:logGet(43)) - raft.grpc.server.leader.outstanding.appends.max = 128 (default)
2019-08-28 04:44:11,486 [3aa4c088-6d9c-4e45-8699-9552fa9982bb:group-28A5B8B36B60:LeaderElection14] INFO  server.RaftServerConfigKeys (ConfUtils.java:logGet(43)) - raft.server.rpc.request.timeout = 3000ms (default)
2019-08-28 04:44:11,486 [3aa4c088-6d9c-4e45-8699-9552fa9982bb:group-28A5B8B36B60:LeaderElection14] INFO  server.RaftServerConfigKeys (ConfUtils.java:logGet(43)) - raft.server.log.appender.install.snapshot.enabled = false (custom)
2019-08-28 04:44:11,487 [3aa4c088-6d9c-4e45-8699-9552fa9982bb:group-28A5B8B36B60:LeaderElection14] INFO  impl.RoleInfo (RoleInfo.java:updateAndGet(143)) - 3aa4c088-6d9c-4e45-8699-9552fa9982bb: start LeaderState
2019-08-28 04:44:11,487 [3aa4c088-6d9c-4e45-8699-9552fa9982bb:group-28A5B8B36B60:LeaderElection14] INFO  segmented.SegmentedRaftLogWorker (SegmentedRaftLogWorker.java:startLogSegment(380)) - 3aa4c088-6d9c-4e45-8699-9552fa9982bb-SegmentedRaftLogWorker:Storage Directory /workdir/hadoop-ozone/integration-test/target/test-dir/MiniOzoneClusterImpl-dee0cb60-1d83-42ef-98aa-30f750bc63a6/datanode-0/data/ratis/29bfd4bd-d996-40cd-83e2-28a5b8b36b60: Starting segment from index:0
2019-08-28 04:44:11,488 [3aa4c088-6d9c-4e45-8699-9552fa9982bb:group-28A5B8B36B60:LeaderElection14] INFO  impl.RaftServerImpl (ServerState.java:setRaftConf(361)) - 3aa4c088-6d9c-4e45-8699-9552fa9982bb:group-28A5B8B36B60 set configuration 0: [025d69ad-6f0c-4e69-9dfc-3a983de9ebc7:192.168.69.75:36131, 8dbdf2d3-0592-4172-9c9d-ce42eb2799ca:192.168.69.75:46585, 3aa4c088-6d9c-4e45-8699-9552fa9982bb:192.168.69.75:35133], old=null at 0
2019-08-28 04:44:11,514 [grpc-default-executor-11] INFO  impl.RaftServerImpl (ServerState.java:setLeader(263)) - 8dbdf2d3-0592-4172-9c9d-ce42eb2799ca:group-28A5B8B36B60 change Leader from null to 3aa4c088-6d9c-4e45-8699-9552fa9982bb at term 2 for appendEntries, leader elected after 11148ms
2019-08-28 04:44:11,514 [grpc-default-executor-2] INFO  impl.RaftServerImpl (ServerState.java:setLeader(263)) - 025d69ad-6f0c-4e69-9dfc-3a983de9ebc7:group-28A5B8B36B60 change Leader from null to 3aa4c088-6d9c-4e45-8699-9552fa9982bb at term 2 for appendEntries, leader elected after 11147ms
2019-08-28 04:44:11,528 [f5b518e1-81ed-4539-890c-23fde7b7af4e:group-3D64E44E2884:LeaderElection17] INFO  impl.LeaderElection (LeaderElection.java:askForVotes(181)) - f5b518e1-81ed-4539-890c-23fde7b7af4e:group-3D64E44E2884:LeaderElection17: begin an election at term 2 for -1: [8bdb61b5-fa98-4739-8e0a-5280a4fe194a:192.168.69.75:35171, aaa2da48-ccc8-4121-a1a5-30f8a5c77378:192.168.69.75:42496, f5b518e1-81ed-4539-890c-23fde7b7af4e:192.168.69.75:40482], old=null
2019-08-28 04:44:11,528 [8bdb61b5-fa98-4739-8e0a-5280a4fe194a:group-3D64E44E2884:LeaderElection16] INFO  impl.LeaderElection (LeaderElection.java:askForVotes(181)) - 8bdb61b5-fa98-4739-8e0a-5280a4fe194a:group-3D64E44E2884:LeaderElection16: begin an election at term 2 for -1: [8bdb61b5-fa98-4739-8e0a-5280a4fe194a:192.168.69.75:35171, aaa2da48-ccc8-4121-a1a5-30f8a5c77378:192.168.69.75:42496, f5b518e1-81ed-4539-890c-23fde7b7af4e:192.168.69.75:40482], old=null
2019-08-28 04:44:11,531 [aaa2da48-ccc8-4121-a1a5-30f8a5c77378:group-3D64E44E2884:LeaderElection15] INFO  impl.LeaderElection (LeaderElection.java:logAndReturn(56)) - aaa2da48-ccc8-4121-a1a5-30f8a5c77378:group-3D64E44E2884:LeaderElection15: Election REJECTED; received 2 response(s) [aaa2da48-ccc8-4121-a1a5-30f8a5c77378<-8bdb61b5-fa98-4739-8e0a-5280a4fe194a#0:FAIL-t2, aaa2da48-ccc8-4121-a1a5-30f8a5c77378<-f5b518e1-81ed-4539-890c-23fde7b7af4e#0:FAIL-t2] and 0 exception(s); aaa2da48-ccc8-4121-a1a5-30f8a5c77378:t2, leader=null, voted=aaa2da48-ccc8-4121-a1a5-30f8a5c77378, raftlog=aaa2da48-ccc8-4121-a1a5-30f8a5c77378-SegmentedRaftLog:OPENED:c-1,f-1,i0, conf=-1: [8bdb61b5-fa98-4739-8e0a-5280a4fe194a:192.168.69.75:35171, aaa2da48-ccc8-4121-a1a5-30f8a5c77378:192.168.69.75:42496, f5b518e1-81ed-4539-890c-23fde7b7af4e:192.168.69.75:40482], old=null
2019-08-28 04:44:11,531 [aaa2da48-ccc8-4121-a1a5-30f8a5c77378:group-3D64E44E2884:LeaderElection15] INFO  impl.RaftServerImpl (RaftServerImpl.java:setRole(171)) - aaa2da48-ccc8-4121-a1a5-30f8a5c77378:group-3D64E44E2884 changes role from CANDIDATE to FOLLOWER at term 2 for DISCOVERED_A_NEW_TERM
2019-08-28 04:44:11,555 [aaa2da48-ccc8-4121-a1a5-30f8a5c77378:group-3D64E44E2884:LeaderElection15] INFO  impl.RoleInfo (RoleInfo.java:shutdownLeaderElection(134)) - aaa2da48-ccc8-4121-a1a5-30f8a5c77378: shutdown LeaderElection
2019-08-28 04:44:11,556 [aaa2da48-ccc8-4121-a1a5-30f8a5c77378:group-3D64E44E2884:LeaderElection15] INFO  impl.RoleInfo (RoleInfo.java:updateAndGet(143)) - aaa2da48-ccc8-4121-a1a5-30f8a5c77378: start FollowerState
2019-08-28 04:44:11,568 [3aa4c088-6d9c-4e45-8699-9552fa9982bb-SegmentedRaftLogWorker:Storage Directory /workdir/hadoop-ozone/integration-test/target/test-dir/MiniOzoneClusterImpl-dee0cb60-1d83-42ef-98aa-30f750bc63a6/datanode-0/data/ratis/29bfd4bd-d996-40cd-83e2-28a5b8b36b60] INFO  segmented.SegmentedRaftLogWorker (SegmentedRaftLogWorker.java:execute(569)) - 3aa4c088-6d9c-4e45-8699-9552fa9982bb-SegmentedRaftLogWorker:Storage Directory /workdir/hadoop-ozone/integration-test/target/test-dir/MiniOzoneClusterImpl-dee0cb60-1d83-42ef-98aa-30f750bc63a6/datanode-0/data/ratis/29bfd4bd-d996-40cd-83e2-28a5b8b36b60: created new log segment /workdir/hadoop-ozone/integration-test/target/test-dir/MiniOzoneClusterImpl-dee0cb60-1d83-42ef-98aa-30f750bc63a6/datanode-0/data/ratis/29bfd4bd-d996-40cd-83e2-28a5b8b36b60/current/log_inprogress_0
2019-08-28 04:44:11,570 [f5b518e1-81ed-4539-890c-23fde7b7af4e:group-3D64E44E2884:LeaderElection17] INFO  impl.LeaderElection (LeaderElection.java:logAndReturn(56)) - f5b518e1-81ed-4539-890c-23fde7b7af4e:group-3D64E44E2884:LeaderElection17: Election REJECTED; received 2 response(s) [f5b518e1-81ed-4539-890c-23fde7b7af4e<-8bdb61b5-fa98-4739-8e0a-5280a4fe194a#0:FAIL-t2, f5b518e1-81ed-4539-890c-23fde7b7af4e<-aaa2da48-ccc8-4121-a1a5-30f8a5c77378#0:FAIL-t2] and 0 exception(s); f5b518e1-81ed-4539-890c-23fde7b7af4e:t2, leader=null, voted=f5b518e1-81ed-4539-890c-23fde7b7af4e, raftlog=f5b518e1-81ed-4539-890c-23fde7b7af4e-SegmentedRaftLog:OPENED:c-1,f-1,i0, conf=-1: [8bdb61b5-fa98-4739-8e0a-5280a4fe194a:192.168.69.75:35171, aaa2da48-ccc8-4121-a1a5-30f8a5c77378:192.168.69.75:42496, f5b518e1-81ed-4539-890c-23fde7b7af4e:192.168.69.75:40482], old=null
2019-08-28 04:44:11,570 [f5b518e1-81ed-4539-890c-23fde7b7af4e:group-3D64E44E2884:LeaderElection17] INFO  impl.RaftServerImpl (RaftServerImpl.java:setRole(171)) - f5b518e1-81ed-4539-890c-23fde7b7af4e:group-3D64E44E2884 changes role from CANDIDATE to FOLLOWER at term 2 for DISCOVERED_A_NEW_TERM
2019-08-28 04:44:11,572 [f5b518e1-81ed-4539-890c-23fde7b7af4e:group-3D64E44E2884:LeaderElection17] INFO  impl.RoleInfo (RoleInfo.java:shutdownLeaderElection(134)) - f5b518e1-81ed-4539-890c-23fde7b7af4e: shutdown LeaderElection
2019-08-28 04:44:11,573 [f5b518e1-81ed-4539-890c-23fde7b7af4e:group-3D64E44E2884:LeaderElection17] INFO  impl.RoleInfo (RoleInfo.java:updateAndGet(143)) - f5b518e1-81ed-4539-890c-23fde7b7af4e: start FollowerState
2019-08-28 04:44:11,573 [8bdb61b5-fa98-4739-8e0a-5280a4fe194a:group-3D64E44E2884:LeaderElection16] INFO  impl.LeaderElection (LeaderElection.java:logAndReturn(56)) - 8bdb61b5-fa98-4739-8e0a-5280a4fe194a:group-3D64E44E2884:LeaderElection16: Election REJECTED; received 2 response(s) [8bdb61b5-fa98-4739-8e0a-5280a4fe194a<-aaa2da48-ccc8-4121-a1a5-30f8a5c77378#0:FAIL-t2, 8bdb61b5-fa98-4739-8e0a-5280a4fe194a<-f5b518e1-81ed-4539-890c-23fde7b7af4e#0:FAIL-t2] and 0 exception(s); 8bdb61b5-fa98-4739-8e0a-5280a4fe194a:t2, leader=null, voted=8bdb61b5-fa98-4739-8e0a-5280a4fe194a, raftlog=8bdb61b5-fa98-4739-8e0a-5280a4fe194a-SegmentedRaftLog:OPENED:c-1,f-1,i0, conf=-1: [8bdb61b5-fa98-4739-8e0a-5280a4fe194a:192.168.69.75:35171, aaa2da48-ccc8-4121-a1a5-30f8a5c77378:192.168.69.75:42496, f5b518e1-81ed-4539-890c-23fde7b7af4e:192.168.69.75:40482], old=null
2019-08-28 04:44:11,578 [8bdb61b5-fa98-4739-8e0a-5280a4fe194a:group-3D64E44E2884:LeaderElection16] INFO  impl.RaftServerImpl (RaftServerImpl.java:setRole(171)) - 8bdb61b5-fa98-4739-8e0a-5280a4fe194a:group-3D64E44E2884 changes role from CANDIDATE to FOLLOWER at term 2 for DISCOVERED_A_NEW_TERM
2019-08-28 04:44:11,578 [8bdb61b5-fa98-4739-8e0a-5280a4fe194a:group-3D64E44E2884:LeaderElection16] INFO  impl.RoleInfo (RoleInfo.java:shutdownLeaderElection(134)) - 8bdb61b5-fa98-4739-8e0a-5280a4fe194a: shutdown LeaderElection
2019-08-28 04:44:11,579 [8bdb61b5-fa98-4739-8e0a-5280a4fe194a:group-3D64E44E2884:LeaderElection16] INFO  impl.RoleInfo (RoleInfo.java:updateAndGet(143)) - 8bdb61b5-fa98-4739-8e0a-5280a4fe194a: start FollowerState
2019-08-28 04:44:11,584 | INFO  | SCMAudit | user=jenkins1000 | ip=192.168.69.75 | op=SEND_HEARTBEAT {datanodeUUID=025d69ad-6f0c-4e69-9dfc-3a983de9ebc7, command=[]} | ret=SUCCESS |  
2019-08-28 04:44:11,589 [grpc-default-executor-5] INFO  impl.RaftServerImpl (ServerState.java:setRaftConf(361)) - 8dbdf2d3-0592-4172-9c9d-ce42eb2799ca:group-28A5B8B36B60 set configuration 0: [025d69ad-6f0c-4e69-9dfc-3a983de9ebc7:192.168.69.75:36131, 8dbdf2d3-0592-4172-9c9d-ce42eb2799ca:192.168.69.75:46585, 3aa4c088-6d9c-4e45-8699-9552fa9982bb:192.168.69.75:35133], old=null at 0
2019-08-28 04:44:11,589 [grpc-default-executor-11] INFO  impl.RaftServerImpl (ServerState.java:setRaftConf(361)) - 025d69ad-6f0c-4e69-9dfc-3a983de9ebc7:group-28A5B8B36B60 set configuration 0: [025d69ad-6f0c-4e69-9dfc-3a983de9ebc7:192.168.69.75:36131, 8dbdf2d3-0592-4172-9c9d-ce42eb2799ca:192.168.69.75:46585, 3aa4c088-6d9c-4e45-8699-9552fa9982bb:192.168.69.75:35133], old=null at 0
2019-08-28 04:44:11,589 [grpc-default-executor-5] INFO  segmented.SegmentedRaftLogWorker (SegmentedRaftLogWorker.java:startLogSegment(380)) - 8dbdf2d3-0592-4172-9c9d-ce42eb2799ca-SegmentedRaftLogWorker:Storage Directory /workdir/hadoop-ozone/integration-test/target/test-dir/MiniOzoneClusterImpl-dee0cb60-1d83-42ef-98aa-30f750bc63a6/datanode-3/data/ratis/29bfd4bd-d996-40cd-83e2-28a5b8b36b60: Starting segment from index:0
2019-08-28 04:44:11,590 [grpc-default-executor-11] INFO  segmented.SegmentedRaftLogWorker (SegmentedRaftLogWorker.java:startLogSegment(380)) - 025d69ad-6f0c-4e69-9dfc-3a983de9ebc7-SegmentedRaftLogWorker:Storage Directory /workdir/hadoop-ozone/integration-test/target/test-dir/MiniOzoneClusterImpl-dee0cb60-1d83-42ef-98aa-30f750bc63a6/datanode-1/data/ratis/29bfd4bd-d996-40cd-83e2-28a5b8b36b60: Starting segment from index:0
2019-08-28 04:44:11,634 [025d69ad-6f0c-4e69-9dfc-3a983de9ebc7-SegmentedRaftLogWorker:Storage Directory /workdir/hadoop-ozone/integration-test/target/test-dir/MiniOzoneClusterImpl-dee0cb60-1d83-42ef-98aa-30f750bc63a6/datanode-1/data/ratis/29bfd4bd-d996-40cd-83e2-28a5b8b36b60] INFO  segmented.SegmentedRaftLogWorker (SegmentedRaftLogWorker.java:execute(569)) - 025d69ad-6f0c-4e69-9dfc-3a983de9ebc7-SegmentedRaftLogWorker:Storage Directory /workdir/hadoop-ozone/integration-test/target/test-dir/MiniOzoneClusterImpl-dee0cb60-1d83-42ef-98aa-30f750bc63a6/datanode-1/data/ratis/29bfd4bd-d996-40cd-83e2-28a5b8b36b60: created new log segment /workdir/hadoop-ozone/integration-test/target/test-dir/MiniOzoneClusterImpl-dee0cb60-1d83-42ef-98aa-30f750bc63a6/datanode-1/data/ratis/29bfd4bd-d996-40cd-83e2-28a5b8b36b60/current/log_inprogress_0
2019-08-28 04:44:11,634 [8dbdf2d3-0592-4172-9c9d-ce42eb2799ca-SegmentedRaftLogWorker:Storage Directory /workdir/hadoop-ozone/integration-test/target/test-dir/MiniOzoneClusterImpl-dee0cb60-1d83-42ef-98aa-30f750bc63a6/datanode-3/data/ratis/29bfd4bd-d996-40cd-83e2-28a5b8b36b60] INFO  segmented.SegmentedRaftLogWorker (SegmentedRaftLogWorker.java:execute(569)) - 8dbdf2d3-0592-4172-9c9d-ce42eb2799ca-SegmentedRaftLogWorker:Storage Directory /workdir/hadoop-ozone/integration-test/target/test-dir/MiniOzoneClusterImpl-dee0cb60-1d83-42ef-98aa-30f750bc63a6/datanode-3/data/ratis/29bfd4bd-d996-40cd-83e2-28a5b8b36b60: created new log segment /workdir/hadoop-ozone/integration-test/target/test-dir/MiniOzoneClusterImpl-dee0cb60-1d83-42ef-98aa-30f750bc63a6/datanode-3/data/ratis/29bfd4bd-d996-40cd-83e2-28a5b8b36b60/current/log_inprogress_0
2019-08-28 04:44:11,657 | INFO  | SCMAudit | user=jenkins1000 | ip=192.168.69.75 | op=SEND_HEARTBEAT {datanodeUUID=aaa2da48-ccc8-4121-a1a5-30f8a5c77378, command=[]} | ret=SUCCESS |  
2019-08-28 04:44:11,846 | INFO  | SCMAudit | user=jenkins1000 | ip=192.168.69.75 | op=SEND_HEARTBEAT {datanodeUUID=8bdb61b5-fa98-4739-8e0a-5280a4fe194a, command=[]} | ret=SUCCESS |  
2019-08-28 04:44:12,175 | INFO  | SCMAudit | user=jenkins1000 | ip=192.168.69.75 | op=SEND_HEARTBEAT {datanodeUUID=8dbdf2d3-0592-4172-9c9d-ce42eb2799ca, command=[]} | ret=SUCCESS |  
2019-08-28 04:44:12,206 | INFO  | SCMAudit | user=jenkins1000 | ip=192.168.69.75 | op=SEND_HEARTBEAT {datanodeUUID=f5b518e1-81ed-4539-890c-23fde7b7af4e, command=[]} | ret=SUCCESS |  
2019-08-28 04:44:12,292 | INFO  | SCMAudit | user=jenkins1000 | ip=192.168.69.75 | op=SEND_HEARTBEAT {datanodeUUID=f4072c9f-a22f-4281-b53d-4a46edeec81c, command=[]} | ret=SUCCESS |  
2019-08-28 04:44:12,334 | INFO  | SCMAudit | user=jenkins1000 | ip=192.168.69.75 | op=SEND_HEARTBEAT {datanodeUUID=3aa4c088-6d9c-4e45-8699-9552fa9982bb, command=[]} | ret=SUCCESS |  
2019-08-28 04:44:12,402 [grpc-default-executor-5] INFO  client.GrpcClientProtocolClient (GrpcClientProtocolClient.java:onNext(255)) - client-3C4235AB3E95->8dbdf2d3-0592-4172-9c9d-ce42eb2799ca: receive RaftClientReply:client-3C4235AB3E95->8dbdf2d3-0592-4172-9c9d-ce42eb2799ca@group-28A5B8B36B60, cid=13, FAILED org.apache.ratis.protocol.NotLeaderException: Server 8dbdf2d3-0592-4172-9c9d-ce42eb2799ca is not the leader (3aa4c088-6d9c-4e45-8699-9552fa9982bb:192.168.69.75:35133). Request must be sent to leader., logIndex=0, commits[8dbdf2d3-0592-4172-9c9d-ce42eb2799ca:c0, 025d69ad-6f0c-4e69-9dfc-3a983de9ebc7:c-1, 3aa4c088-6d9c-4e45-8699-9552fa9982bb:c0]
2019-08-28 04:44:12,580 | INFO  | SCMAudit | user=jenkins1000 | ip=192.168.69.75 | op=SEND_HEARTBEAT {datanodeUUID=025d69ad-6f0c-4e69-9dfc-3a983de9ebc7, command=[]} | ret=SUCCESS |  
2019-08-28 04:44:12,657 | INFO  | SCMAudit | user=jenkins1000 | ip=192.168.69.75 | op=SEND_HEARTBEAT {datanodeUUID=aaa2da48-ccc8-4121-a1a5-30f8a5c77378, command=[]} | ret=SUCCESS |  
2019-08-28 04:44:12,846 | INFO  | SCMAudit | user=jenkins1000 | ip=192.168.69.75 | op=SEND_HEARTBEAT {datanodeUUID=8bdb61b5-fa98-4739-8e0a-5280a4fe194a, command=[]} | ret=SUCCESS |  
2019-08-28 04:44:12,910 | INFO  | SCMAudit | user=jenkins1000 | ip=192.168.69.75 | op=SEND_HEARTBEAT {datanodeUUID=025d69ad-6f0c-4e69-9dfc-3a983de9ebc7, command=[]} | ret=SUCCESS |  
2019-08-28 04:44:12,910 | INFO  | SCMAudit | user=jenkins1000 | ip=192.168.69.75 | op=SEND_HEARTBEAT {datanodeUUID=3aa4c088-6d9c-4e45-8699-9552fa9982bb, command=[]} | ret=SUCCESS |  
2019-08-28 04:44:12,910 | INFO  | SCMAudit | user=jenkins1000 | ip=192.168.69.75 | op=SEND_HEARTBEAT {datanodeUUID=8dbdf2d3-0592-4172-9c9d-ce42eb2799ca, command=[]} | ret=SUCCESS |  
2019-08-28 04:44:12,920 | INFO  | DNAudit | user=null | ip=null | op=WRITE_CHUNK {blockData=conID: 1 locID: 102692778196860929 bcsId: 0} | ret=SUCCESS |  
2019-08-28 04:44:12,920 | INFO  | DNAudit | user=null | ip=null | op=WRITE_CHUNK {blockData=conID: 1 locID: 102692778196860929 bcsId: 0} | ret=SUCCESS |  
2019-08-28 04:44:12,920 | INFO  | DNAudit | user=null | ip=null | op=WRITE_CHUNK {blockData=conID: 1 locID: 102692778196860929 bcsId: 0} | ret=SUCCESS |  
2019-08-28 04:44:12,944 | INFO  | DNAudit | user=null | ip=null | op=WRITE_CHUNK {blockData=conID: 1 locID: 102692778196860929 bcsId: 0} | ret=SUCCESS |  
2019-08-28 04:44:12,962 [grpc-default-executor-11] INFO  client.GrpcClientProtocolClient (GrpcClientProtocolClient.java:onNext(255)) - client-3C4235AB3E95->3aa4c088-6d9c-4e45-8699-9552fa9982bb: receive RaftClientReply:client-3C4235AB3E95->3aa4c088-6d9c-4e45-8699-9552fa9982bb@group-28A5B8B36B60, cid=13, SUCCESS, logIndex=1, commits[3aa4c088-6d9c-4e45-8699-9552fa9982bb:c1, 025d69ad-6f0c-4e69-9dfc-3a983de9ebc7:c0, 8dbdf2d3-0592-4172-9c9d-ce42eb2799ca:c0]
2019-08-28 04:44:12,963 | INFO  | DNAudit | user=null | ip=null | op=WRITE_CHUNK {blockData=conID: 1 locID: 102692778196860929 bcsId: 0} | ret=SUCCESS |  
2019-08-28 04:44:12,963 | INFO  | DNAudit | user=null | ip=null | op=WRITE_CHUNK {blockData=conID: 1 locID: 102692778196860929 bcsId: 0} | ret=SUCCESS |  
2019-08-28 04:44:12,978 | INFO  | DNAudit | user=null | ip=null | op=WRITE_CHUNK {blockData=conID: 1 locID: 102692778196860929 bcsId: 0} | ret=SUCCESS |  
2019-08-28 04:44:12,980 | INFO  | DNAudit | user=null | ip=null | op=WRITE_CHUNK {blockData=conID: 1 locID: 102692778196860929 bcsId: 0} | ret=SUCCESS |  
2019-08-28 04:44:12,985 | INFO  | DNAudit | user=null | ip=null | op=WRITE_CHUNK {blockData=conID: 1 locID: 102692778196860929 bcsId: 0} | ret=SUCCESS |  
2019-08-28 04:44:12,986 | INFO  | DNAudit | user=null | ip=null | op=WRITE_CHUNK {blockData=conID: 1 locID: 102692778196860929 bcsId: 0} | ret=SUCCESS |  
2019-08-28 04:44:12,987 | INFO  | DNAudit | user=null | ip=null | op=WRITE_CHUNK {blockData=conID: 1 locID: 102692778196860929 bcsId: 0} | ret=SUCCESS |  
2019-08-28 04:44:12,988 | INFO  | DNAudit | user=null | ip=null | op=WRITE_CHUNK {blockData=conID: 1 locID: 102692778196860929 bcsId: 0} | ret=SUCCESS |  
2019-08-28 04:44:12,989 | INFO  | DNAudit | user=null | ip=null | op=WRITE_CHUNK {blockData=conID: 1 locID: 102692778196860929 bcsId: 0} | ret=SUCCESS |  
2019-08-28 04:44:12,991 | INFO  | DNAudit | user=null | ip=null | op=WRITE_CHUNK {blockData=conID: 1 locID: 102692778196860929 bcsId: 0} | ret=SUCCESS |  
2019-08-28 04:44:12,991 | INFO  | DNAudit | user=null | ip=null | op=WRITE_CHUNK {blockData=conID: 1 locID: 102692778196860929 bcsId: 0} | ret=SUCCESS |  
2019-08-28 04:44:12,997 | INFO  | DNAudit | user=null | ip=null | op=WRITE_CHUNK {blockData=conID: 1 locID: 102692778196860929 bcsId: 0} | ret=SUCCESS |  
2019-08-28 04:44:13,002 [grpc-default-executor-8] INFO  client.GrpcClientProtocolClient (GrpcClientProtocolClient.java:onNext(255)) - client-3C4235AB3E95->3aa4c088-6d9c-4e45-8699-9552fa9982bb: receive RaftClientReply:client-3C4235AB3E95->3aa4c088-6d9c-4e45-8699-9552fa9982bb@group-28A5B8B36B60, cid=14, SUCCESS, logIndex=3, commits[3aa4c088-6d9c-4e45-8699-9552fa9982bb:c3, 025d69ad-6f0c-4e69-9dfc-3a983de9ebc7:c2, 8dbdf2d3-0592-4172-9c9d-ce42eb2799ca:c2]
2019-08-28 04:44:13,005 | INFO  | DNAudit | user=null | ip=null | op=WRITE_CHUNK {blockData=conID: 1 locID: 102692778196860929 bcsId: 0} | ret=SUCCESS |  
2019-08-28 04:44:13,008 | INFO  | DNAudit | user=null | ip=null | op=WRITE_CHUNK {blockData=conID: 1 locID: 102692778196860929 bcsId: 0} | ret=SUCCESS |  
2019-08-28 04:44:13,188 | INFO  | DNAudit | user=null | ip=null | op=PUT_BLOCK {blockData=[blockId=conID: 1 locID: 102692778196860929 bcsId: 0,size=200]} | ret=SUCCESS |  
2019-08-28 04:44:13,193 [grpc-default-executor-5] INFO  client.GrpcClientProtocolClient (GrpcClientProtocolClient.java:onNext(255)) - client-3C4235AB3E95->3aa4c088-6d9c-4e45-8699-9552fa9982bb: receive RaftClientReply:client-3C4235AB3E95->3aa4c088-6d9c-4e45-8699-9552fa9982bb@group-28A5B8B36B60, cid=15, SUCCESS, logIndex=4, commits[3aa4c088-6d9c-4e45-8699-9552fa9982bb:c12, 025d69ad-6f0c-4e69-9dfc-3a983de9ebc7:c8, 8dbdf2d3-0592-4172-9c9d-ce42eb2799ca:c8]
2019-08-28 04:44:13,196 | INFO  | DNAudit | user=null | ip=null | op=WRITE_CHUNK {blockData=conID: 1 locID: 102692778196860929 bcsId: 0} | ret=SUCCESS |  
2019-08-28 04:44:13,197 | INFO  | DNAudit | user=null | ip=null | op=WRITE_CHUNK {blockData=conID: 1 locID: 102692778196860929 bcsId: 0} | ret=SUCCESS |  
2019-08-28 04:44:13,201 [grpc-default-executor-5] INFO  client.GrpcClientProtocolClient (GrpcClientProtocolClient.java:onNext(255)) - client-3C4235AB3E95->3aa4c088-6d9c-4e45-8699-9552fa9982bb: receive RaftClientReply:client-3C4235AB3E95->3aa4c088-6d9c-4e45-8699-9552fa9982bb@group-28A5B8B36B60, cid=16, SUCCESS, logIndex=5, commits[3aa4c088-6d9c-4e45-8699-9552fa9982bb:c12, 025d69ad-6f0c-4e69-9dfc-3a983de9ebc7:c8, 8dbdf2d3-0592-4172-9c9d-ce42eb2799ca:c8]
2019-08-28 04:44:13,202 [grpc-default-executor-5] INFO  client.GrpcClientProtocolClient (GrpcClientProtocolClient.java:onNext(255)) - client-3C4235AB3E95->3aa4c088-6d9c-4e45-8699-9552fa9982bb: receive RaftClientReply:client-3C4235AB3E95->3aa4c088-6d9c-4e45-8699-9552fa9982bb@group-28A5B8B36B60, cid=17, SUCCESS, logIndex=6, commits[3aa4c088-6d9c-4e45-8699-9552fa9982bb:c12, 025d69ad-6f0c-4e69-9dfc-3a983de9ebc7:c8, 8dbdf2d3-0592-4172-9c9d-ce42eb2799ca:c8]
2019-08-28 04:44:13,207 | INFO  | SCMAudit | user=jenkins1000 | ip=192.168.69.75 | op=SEND_HEARTBEAT {datanodeUUID=f5b518e1-81ed-4539-890c-23fde7b7af4e, command=[]} | ret=SUCCESS |  
2019-08-28 04:44:13,293 | INFO  | SCMAudit | user=jenkins1000 | ip=192.168.69.75 | op=SEND_HEARTBEAT {datanodeUUID=f4072c9f-a22f-4281-b53d-4a46edeec81c, command=[]} | ret=SUCCESS |  
2019-08-28 04:44:13,333 | INFO  | DNAudit | user=null | ip=null | op=PUT_BLOCK {blockData=[blockId=conID: 1 locID: 102692778196860929 bcsId: 0,size=200]} | ret=SUCCESS |  
2019-08-28 04:44:13,334 | INFO  | DNAudit | user=null | ip=null | op=WRITE_CHUNK {blockData=conID: 1 locID: 102692778196860929 bcsId: 0} | ret=SUCCESS |  
2019-08-28 04:44:13,335 | INFO  | DNAudit | user=null | ip=null | op=WRITE_CHUNK {blockData=conID: 1 locID: 102692778196860929 bcsId: 0} | ret=SUCCESS |  
2019-08-28 04:44:13,519 | INFO  | DNAudit | user=null | ip=null | op=PUT_BLOCK {blockData=[blockId=conID: 1 locID: 102692778196860929 bcsId: 0,size=200]} | ret=SUCCESS |  
2019-08-28 04:44:13,519 | INFO  | DNAudit | user=null | ip=null | op=PUT_BLOCK {blockData=[blockId=conID: 1 locID: 102692778196860929 bcsId: 0,size=400]} | ret=SUCCESS |  
2019-08-28 04:44:13,519 | INFO  | DNAudit | user=null | ip=null | op=PUT_BLOCK {blockData=[blockId=conID: 1 locID: 102692778196860929 bcsId: 0,size=400]} | ret=SUCCESS |  
2019-08-28 04:44:13,520 | INFO  | DNAudit | user=null | ip=null | op=WRITE_CHUNK {blockData=conID: 1 locID: 102692778196860929 bcsId: 0} | ret=SUCCESS |  
2019-08-28 04:44:13,521 | INFO  | DNAudit | user=null | ip=null | op=WRITE_CHUNK {blockData=conID: 1 locID: 102692778196860929 bcsId: 0} | ret=SUCCESS |  
2019-08-28 04:44:13,522 | INFO  | DNAudit | user=null | ip=null | op=PUT_BLOCK {blockData=[blockId=conID: 1 locID: 102692778196860929 bcsId: 0,size=400]} | ret=SUCCESS |  
2019-08-28 04:44:13,522 [grpc-default-executor-5] INFO  client.GrpcClientProtocolClient (GrpcClientProtocolClient.java:onNext(255)) - client-3C4235AB3E95->3aa4c088-6d9c-4e45-8699-9552fa9982bb: receive RaftClientReply:client-3C4235AB3E95->3aa4c088-6d9c-4e45-8699-9552fa9982bb@group-28A5B8B36B60, cid=18, SUCCESS, logIndex=7, commits[3aa4c088-6d9c-4e45-8699-9552fa9982bb:c12, 025d69ad-6f0c-4e69-9dfc-3a983de9ebc7:c8, 8dbdf2d3-0592-4172-9c9d-ce42eb2799ca:c8]
2019-08-28 04:44:13,534 | INFO  | DNAudit | user=null | ip=null | op=WRITE_CHUNK {blockData=conID: 1 locID: 102692778196860929 bcsId: 7} | ret=SUCCESS |  
2019-08-28 04:44:13,537 | INFO  | DNAudit | user=null | ip=null | op=WRITE_CHUNK {blockData=conID: 1 locID: 102692778196860929 bcsId: 7} | ret=SUCCESS |  
2019-08-28 04:44:13,538 | INFO  | DNAudit | user=null | ip=null | op=WRITE_CHUNK {blockData=conID: 1 locID: 102692778196860929 bcsId: 7} | ret=SUCCESS |  
2019-08-28 04:44:13,564 | INFO  | DNAudit | user=null | ip=null | op=WRITE_CHUNK {blockData=conID: 1 locID: 102692778196860929 bcsId: 7} | ret=SUCCESS |  
2019-08-28 04:44:13,566 [grpc-default-executor-11] INFO  client.GrpcClientProtocolClient (GrpcClientProtocolClient.java:onNext(255)) - client-3C4235AB3E95->3aa4c088-6d9c-4e45-8699-9552fa9982bb: receive RaftClientReply:client-3C4235AB3E95->3aa4c088-6d9c-4e45-8699-9552fa9982bb@group-28A5B8B36B60, cid=19, SUCCESS, logIndex=13, commits[3aa4c088-6d9c-4e45-8699-9552fa9982bb:c13, 025d69ad-6f0c-4e69-9dfc-3a983de9ebc7:c12, 8dbdf2d3-0592-4172-9c9d-ce42eb2799ca:c12]
2019-08-28 04:44:13,609 | INFO  | DNAudit | user=null | ip=null | op=WRITE_CHUNK {blockData=conID: 1 locID: 102692778196860929 bcsId: 7} | ret=SUCCESS |  
2019-08-28 04:44:13,609 | INFO  | DNAudit | user=null | ip=null | op=PUT_BLOCK {blockData=[blockId=conID: 1 locID: 102692778196860929 bcsId: 0,size=450]} | ret=SUCCESS |  
2019-08-28 04:44:13,609 | INFO  | DNAudit | user=null | ip=null | op=WRITE_CHUNK {blockData=conID: 1 locID: 102692778196860929 bcsId: 7} | ret=SUCCESS |  
2019-08-28 04:44:13,611 [grpc-default-executor-2] INFO  client.GrpcClientProtocolClient (GrpcClientProtocolClient.java:onNext(255)) - client-3C4235AB3E95->3aa4c088-6d9c-4e45-8699-9552fa9982bb: receive RaftClientReply:client-3C4235AB3E95->3aa4c088-6d9c-4e45-8699-9552fa9982bb@group-28A5B8B36B60, cid=20, SUCCESS, logIndex=14, commits[3aa4c088-6d9c-4e45-8699-9552fa9982bb:c14, 025d69ad-6f0c-4e69-9dfc-3a983de9ebc7:c12, 8dbdf2d3-0592-4172-9c9d-ce42eb2799ca:c12]
2019-08-28 04:44:13,658 | INFO  | SCMAudit | user=jenkins1000 | ip=192.168.69.75 | op=SEND_HEARTBEAT {datanodeUUID=aaa2da48-ccc8-4121-a1a5-30f8a5c77378, command=[]} | ret=SUCCESS |  
2019-08-28 04:44:13,846 | INFO  | SCMAudit | user=jenkins1000 | ip=192.168.69.75 | op=SEND_HEARTBEAT {datanodeUUID=8bdb61b5-fa98-4739-8e0a-5280a4fe194a, command=[]} | ret=SUCCESS |  
2019-08-28 04:44:13,867 | INFO  | SCMAudit | user=jenkins1000 | ip=192.168.69.75 | op=SEND_HEARTBEAT {datanodeUUID=025d69ad-6f0c-4e69-9dfc-3a983de9ebc7, command=[]} | ret=SUCCESS |  
2019-08-28 04:44:13,867 | INFO  | SCMAudit | user=jenkins1000 | ip=192.168.69.75 | op=SEND_HEARTBEAT {datanodeUUID=3aa4c088-6d9c-4e45-8699-9552fa9982bb, command=[]} | ret=SUCCESS |  
2019-08-28 04:44:13,868 | INFO  | SCMAudit | user=jenkins1000 | ip=192.168.69.75 | op=SEND_HEARTBEAT {datanodeUUID=8dbdf2d3-0592-4172-9c9d-ce42eb2799ca, command=[]} | ret=SUCCESS |  
2019-08-28 04:44:14,207 | INFO  | SCMAudit | user=jenkins1000 | ip=192.168.69.75 | op=SEND_HEARTBEAT {datanodeUUID=f5b518e1-81ed-4539-890c-23fde7b7af4e, command=[]} | ret=SUCCESS |  
2019-08-28 04:44:14,293 | INFO  | SCMAudit | user=jenkins1000 | ip=192.168.69.75 | op=SEND_HEARTBEAT {datanodeUUID=f4072c9f-a22f-4281-b53d-4a46edeec81c, command=[]} | ret=SUCCESS |  
2019-08-28 04:44:14,630 [main] WARN  scm.XceiverClientRatis (XceiverClientRatis.java:watchForCommit(262)) - 3 way commit failed on pipeline Pipeline[ Id: 29bfd4bd-d996-40cd-83e2-28a5b8b36b60, Nodes: 3aa4c088-6d9c-4e45-8699-9552fa9982bb{ip: 192.168.69.75, host: pr-hdds-2014-rr4xc-1992234301, networkLocation: /default-rack, certSerialId: null}8dbdf2d3-0592-4172-9c9d-ce42eb2799ca{ip: 192.168.69.75, host: pr-hdds-2014-rr4xc-1992234301, networkLocation: /default-rack, certSerialId: null}025d69ad-6f0c-4e69-9dfc-3a983de9ebc7{ip: 192.168.69.75, host: pr-hdds-2014-rr4xc-1992234301, networkLocation: /default-rack, certSerialId: null}, Type:RATIS, Factor:THREE, State:OPEN]
java.util.concurrent.TimeoutException
	at java.util.concurrent.CompletableFuture.timedGet(CompletableFuture.java:1771)
	at java.util.concurrent.CompletableFuture.get(CompletableFuture.java:1915)
	at org.apache.hadoop.hdds.scm.XceiverClientRatis.watchForCommit(XceiverClientRatis.java:259)
	at org.apache.hadoop.hdds.scm.storage.CommitWatcher.watchForCommit(CommitWatcher.java:194)
	at org.apache.hadoop.hdds.scm.storage.CommitWatcher.watchOnLastIndex(CommitWatcher.java:157)
	at org.apache.hadoop.hdds.scm.storage.BlockOutputStream.watchForCommit(BlockOutputStream.java:347)
	at org.apache.hadoop.hdds.scm.storage.BlockOutputStream.handleFlush(BlockOutputStream.java:479)
	at org.apache.hadoop.hdds.scm.storage.BlockOutputStream.flush(BlockOutputStream.java:428)
	at org.apache.hadoop.ozone.client.io.BlockOutputStreamEntry.flush(BlockOutputStreamEntry.java:136)
	at org.apache.hadoop.ozone.client.io.KeyOutputStream.handleFlushOrClose(KeyOutputStream.java:442)
	at org.apache.hadoop.ozone.client.io.KeyOutputStream.flush(KeyOutputStream.java:396)
	at org.apache.hadoop.ozone.client.io.OzoneOutputStream.flush(OzoneOutputStream.java:54)
	at org.apache.hadoop.ozone.client.rpc.TestBlockOutputStreamWithFailures.test2DatanodesFailure(TestBlockOutputStreamWithFailures.java:461)
	at sun.reflect.NativeMethodAccessorImpl.invoke0(Native Method)
	at sun.reflect.NativeMethodAccessorImpl.invoke(NativeMethodAccessorImpl.java:62)
	at sun.reflect.DelegatingMethodAccessorImpl.invoke(DelegatingMethodAccessorImpl.java:43)
	at java.lang.reflect.Method.invoke(Method.java:498)
	at org.junit.runners.model.FrameworkMethod$1.runReflectiveCall(FrameworkMethod.java:47)
	at org.junit.internal.runners.model.ReflectiveCallable.run(ReflectiveCallable.java:12)
	at org.junit.runners.model.FrameworkMethod.invokeExplosively(FrameworkMethod.java:44)
	at org.junit.internal.runners.statements.InvokeMethod.evaluate(InvokeMethod.java:17)
	at org.junit.internal.runners.statements.RunBefores.evaluate(RunBefores.java:26)
	at org.junit.internal.runners.statements.RunAfters.evaluate(RunAfters.java:27)
	at org.junit.runners.ParentRunner.runLeaf(ParentRunner.java:271)
	at org.junit.runners.BlockJUnit4ClassRunner.runChild(BlockJUnit4ClassRunner.java:70)
	at org.junit.runners.BlockJUnit4ClassRunner.runChild(BlockJUnit4ClassRunner.java:50)
	at org.junit.runners.ParentRunner$3.run(ParentRunner.java:238)
	at org.junit.runners.ParentRunner$1.schedule(ParentRunner.java:63)
	at org.junit.runners.ParentRunner.runChildren(ParentRunner.java:236)
	at org.junit.runners.ParentRunner.access$000(ParentRunner.java:53)
	at org.junit.runners.ParentRunner$2.evaluate(ParentRunner.java:229)
	at org.junit.runners.ParentRunner.run(ParentRunner.java:309)
	at org.apache.maven.surefire.junit4.JUnit4Provider.execute(JUnit4Provider.java:365)
	at org.apache.maven.surefire.junit4.JUnit4Provider.executeWithRerun(JUnit4Provider.java:273)
	at org.apache.maven.surefire.junit4.JUnit4Provider.executeTestSet(JUnit4Provider.java:238)
	at org.apache.maven.surefire.junit4.JUnit4Provider.invoke(JUnit4Provider.java:159)
	at org.apache.maven.surefire.booter.ForkedBooter.invokeProviderInSameClassLoader(ForkedBooter.java:384)
	at org.apache.maven.surefire.booter.ForkedBooter.runSuitesInProcess(ForkedBooter.java:345)
	at org.apache.maven.surefire.booter.ForkedBooter.execute(ForkedBooter.java:126)
	at org.apache.maven.surefire.booter.ForkedBooter.main(ForkedBooter.java:418)
2019-08-28 04:44:14,658 | INFO  | SCMAudit | user=jenkins1000 | ip=192.168.69.75 | op=SEND_HEARTBEAT {datanodeUUID=aaa2da48-ccc8-4121-a1a5-30f8a5c77378, command=[]} | ret=SUCCESS |  
2019-08-28 04:44:14,846 | INFO  | SCMAudit | user=jenkins1000 | ip=192.168.69.75 | op=SEND_HEARTBEAT {datanodeUUID=8bdb61b5-fa98-4739-8e0a-5280a4fe194a, command=[]} | ret=SUCCESS |  
2019-08-28 04:44:14,867 | INFO  | SCMAudit | user=jenkins1000 | ip=192.168.69.75 | op=SEND_HEARTBEAT {datanodeUUID=8dbdf2d3-0592-4172-9c9d-ce42eb2799ca, command=[]} | ret=SUCCESS |  
2019-08-28 04:44:14,867 | INFO  | SCMAudit | user=jenkins1000 | ip=192.168.69.75 | op=SEND_HEARTBEAT {datanodeUUID=025d69ad-6f0c-4e69-9dfc-3a983de9ebc7, command=[]} | ret=SUCCESS |  
2019-08-28 04:44:14,868 | INFO  | SCMAudit | user=jenkins1000 | ip=192.168.69.75 | op=SEND_HEARTBEAT {datanodeUUID=3aa4c088-6d9c-4e45-8699-9552fa9982bb, command=[]} | ret=SUCCESS |  
2019-08-28 04:44:15,207 | INFO  | SCMAudit | user=jenkins1000 | ip=192.168.69.75 | op=SEND_HEARTBEAT {datanodeUUID=f5b518e1-81ed-4539-890c-23fde7b7af4e, command=[]} | ret=SUCCESS |  
2019-08-28 04:44:15,293 | INFO  | SCMAudit | user=jenkins1000 | ip=192.168.69.75 | op=SEND_HEARTBEAT {datanodeUUID=f4072c9f-a22f-4281-b53d-4a46edeec81c, command=[]} | ret=SUCCESS |  
2019-08-28 04:44:15,634 [main] WARN  storage.CommitWatcher (CommitWatcher.java:watchForCommit(203)) - watchForCommit failed for index 14
java.util.concurrent.TimeoutException
	at java.util.concurrent.CompletableFuture.timedGet(CompletableFuture.java:1771)
	at java.util.concurrent.CompletableFuture.get(CompletableFuture.java:1915)
	at org.apache.hadoop.hdds.scm.XceiverClientRatis.watchForCommit(XceiverClientRatis.java:268)
	at org.apache.hadoop.hdds.scm.storage.CommitWatcher.watchForCommit(CommitWatcher.java:194)
	at org.apache.hadoop.hdds.scm.storage.CommitWatcher.watchOnLastIndex(CommitWatcher.java:157)
	at org.apache.hadoop.hdds.scm.storage.BlockOutputStream.watchForCommit(BlockOutputStream.java:347)
	at org.apache.hadoop.hdds.scm.storage.BlockOutputStream.handleFlush(BlockOutputStream.java:479)
	at org.apache.hadoop.hdds.scm.storage.BlockOutputStream.flush(BlockOutputStream.java:428)
	at org.apache.hadoop.ozone.client.io.BlockOutputStreamEntry.flush(BlockOutputStreamEntry.java:136)
	at org.apache.hadoop.ozone.client.io.KeyOutputStream.handleFlushOrClose(KeyOutputStream.java:442)
	at org.apache.hadoop.ozone.client.io.KeyOutputStream.flush(KeyOutputStream.java:396)
	at org.apache.hadoop.ozone.client.io.OzoneOutputStream.flush(OzoneOutputStream.java:54)
	at org.apache.hadoop.ozone.client.rpc.TestBlockOutputStreamWithFailures.test2DatanodesFailure(TestBlockOutputStreamWithFailures.java:461)
	at sun.reflect.NativeMethodAccessorImpl.invoke0(Native Method)
	at sun.reflect.NativeMethodAccessorImpl.invoke(NativeMethodAccessorImpl.java:62)
	at sun.reflect.DelegatingMethodAccessorImpl.invoke(DelegatingMethodAccessorImpl.java:43)
	at java.lang.reflect.Method.invoke(Method.java:498)
	at org.junit.runners.model.FrameworkMethod$1.runReflectiveCall(FrameworkMethod.java:47)
	at org.junit.internal.runners.model.ReflectiveCallable.run(ReflectiveCallable.java:12)
	at org.junit.runners.model.FrameworkMethod.invokeExplosively(FrameworkMethod.java:44)
	at org.junit.internal.runners.statements.InvokeMethod.evaluate(InvokeMethod.java:17)
	at org.junit.internal.runners.statements.RunBefores.evaluate(RunBefores.java:26)
	at org.junit.internal.runners.statements.RunAfters.evaluate(RunAfters.java:27)
	at org.junit.runners.ParentRunner.runLeaf(ParentRunner.java:271)
	at org.junit.runners.BlockJUnit4ClassRunner.runChild(BlockJUnit4ClassRunner.java:70)
	at org.junit.runners.BlockJUnit4ClassRunner.runChild(BlockJUnit4ClassRunner.java:50)
	at org.junit.runners.ParentRunner$3.run(ParentRunner.java:238)
	at org.junit.runners.ParentRunner$1.schedule(ParentRunner.java:63)
	at org.junit.runners.ParentRunner.runChildren(ParentRunner.java:236)
	at org.junit.runners.ParentRunner.access$000(ParentRunner.java:53)
	at org.junit.runners.ParentRunner$2.evaluate(ParentRunner.java:229)
	at org.junit.runners.ParentRunner.run(ParentRunner.java:309)
	at org.apache.maven.surefire.junit4.JUnit4Provider.execute(JUnit4Provider.java:365)
	at org.apache.maven.surefire.junit4.JUnit4Provider.executeWithRerun(JUnit4Provider.java:273)
	at org.apache.maven.surefire.junit4.JUnit4Provider.executeTestSet(JUnit4Provider.java:238)
	at org.apache.maven.surefire.junit4.JUnit4Provider.invoke(JUnit4Provider.java:159)
	at org.apache.maven.surefire.booter.ForkedBooter.invokeProviderInSameClassLoader(ForkedBooter.java:384)
	at org.apache.maven.surefire.booter.ForkedBooter.runSuitesInProcess(ForkedBooter.java:345)
	at org.apache.maven.surefire.booter.ForkedBooter.execute(ForkedBooter.java:126)
	at org.apache.maven.surefire.booter.ForkedBooter.main(ForkedBooter.java:418)
2019-08-28 04:44:15,636 [main] WARN  io.KeyOutputStream (KeyOutputStream.java:handleException(276)) - Encountered exception java.io.IOException: Unexpected Storage Container Exception: java.io.IOException: Unexpected Storage Container Exception: java.util.concurrent.TimeoutException on the pipeline Pipeline[ Id: 29bfd4bd-d996-40cd-83e2-28a5b8b36b60, Nodes: 3aa4c088-6d9c-4e45-8699-9552fa9982bb{ip: 192.168.69.75, host: pr-hdds-2014-rr4xc-1992234301, networkLocation: /default-rack, certSerialId: null}8dbdf2d3-0592-4172-9c9d-ce42eb2799ca{ip: 192.168.69.75, host: pr-hdds-2014-rr4xc-1992234301, networkLocation: /default-rack, certSerialId: null}025d69ad-6f0c-4e69-9dfc-3a983de9ebc7{ip: 192.168.69.75, host: pr-hdds-2014-rr4xc-1992234301, networkLocation: /default-rack, certSerialId: null}, Type:RATIS, Factor:THREE, State:OPEN]. The last committed block length is 400, uncommitted data length is 50 retry count 0
2019-08-28 04:44:15,658 | INFO  | SCMAudit | user=jenkins1000 | ip=192.168.69.75 | op=SEND_HEARTBEAT {datanodeUUID=aaa2da48-ccc8-4121-a1a5-30f8a5c77378, command=[]} | ret=SUCCESS |  
2019-08-28 04:44:15,679 | INFO  | SCMAudit | user=jenkins1000 | ip=192.168.69.75 | op=ALLOCATE_BLOCK {owner=ca2430b3-c36d-4d63-a386-f34f8f5be049, size=800, type=RATIS, factor=THREE} | ret=SUCCESS |  
2019-08-28 04:44:15,681 | INFO  | OMAudit | user=jenkins1000 | ip=127.0.0.1 | op=ALLOCATE_BLOCK {volume=testblockoutputstream, bucket=testblockoutputstream, key=5ebc0f99-eed4-4293-bd3c-9a11651377fa, dataSize=0, replicationType=null, replicationFactor=null, keyLocationInfo=null, clientID=102692778194894848} | ret=SUCCESS |  
2019-08-28 04:44:15,714 [grpc-default-executor-11] INFO  client.GrpcClientProtocolClient (GrpcClientProtocolClient.java:onNext(255)) - client-F0B8B834C6A0->aaa2da48-ccc8-4121-a1a5-30f8a5c77378: receive RaftClientReply:client-F0B8B834C6A0->aaa2da48-ccc8-4121-a1a5-30f8a5c77378@group-3D64E44E2884, cid=23, FAILED org.apache.ratis.protocol.NotLeaderException: Server aaa2da48-ccc8-4121-a1a5-30f8a5c77378 is not the leader (null). Request must be sent to leader., logIndex=0, commits[aaa2da48-ccc8-4121-a1a5-30f8a5c77378:c-1]
2019-08-28 04:44:15,846 | INFO  | SCMAudit | user=jenkins1000 | ip=192.168.69.75 | op=SEND_HEARTBEAT {datanodeUUID=8bdb61b5-fa98-4739-8e0a-5280a4fe194a, command=[]} | ret=SUCCESS |  
2019-08-28 04:44:15,868 | INFO  | SCMAudit | user=jenkins1000 | ip=192.168.69.75 | op=SEND_HEARTBEAT {datanodeUUID=025d69ad-6f0c-4e69-9dfc-3a983de9ebc7, command=[]} | ret=SUCCESS |  
2019-08-28 04:44:15,868 | INFO  | SCMAudit | user=jenkins1000 | ip=192.168.69.75 | op=SEND_HEARTBEAT {datanodeUUID=8dbdf2d3-0592-4172-9c9d-ce42eb2799ca, command=[]} | ret=SUCCESS |  
2019-08-28 04:44:15,869 | INFO  | SCMAudit | user=jenkins1000 | ip=192.168.69.75 | op=SEND_HEARTBEAT {datanodeUUID=3aa4c088-6d9c-4e45-8699-9552fa9982bb, command=[]} | ret=SUCCESS |  
2019-08-28 04:44:16,116 | INFO  | DNAudit | user=null | ip=null | op=PUT_BLOCK {blockData=[blockId=conID: 1 locID: 102692778196860929 bcsId: 0,size=450]} | ret=SUCCESS |  
2019-08-28 04:44:16,116 | INFO  | DNAudit | user=null | ip=null | op=PUT_BLOCK {blockData=[blockId=conID: 1 locID: 102692778196860929 bcsId: 0,size=450]} | ret=SUCCESS |  
2019-08-28 04:44:16,207 | INFO  | SCMAudit | user=jenkins1000 | ip=192.168.69.75 | op=SEND_HEARTBEAT {datanodeUUID=f5b518e1-81ed-4539-890c-23fde7b7af4e, command=[]} | ret=SUCCESS |  
2019-08-28 04:44:16,293 | INFO  | SCMAudit | user=jenkins1000 | ip=192.168.69.75 | op=SEND_HEARTBEAT {datanodeUUID=f4072c9f-a22f-4281-b53d-4a46edeec81c, command=[]} | ret=SUCCESS |  
2019-08-28 04:44:16,591 [Thread-374] INFO  impl.FollowerState (FollowerState.java:run(106)) - f5b518e1-81ed-4539-890c-23fde7b7af4e:group-3D64E44E2884 changes to CANDIDATE, lastRpcTime:5018, electionTimeout:5015ms
2019-08-28 04:44:16,591 [Thread-374] INFO  impl.RoleInfo (RoleInfo.java:shutdownFollowerState(121)) - f5b518e1-81ed-4539-890c-23fde7b7af4e: shutdown FollowerState
2019-08-28 04:44:16,591 [Thread-374] INFO  impl.RaftServerImpl (RaftServerImpl.java:setRole(171)) - f5b518e1-81ed-4539-890c-23fde7b7af4e:group-3D64E44E2884 changes role from FOLLOWER to CANDIDATE at term 2 for changeToCandidate
2019-08-28 04:44:16,592 [Thread-374] INFO  impl.RoleInfo (RoleInfo.java:updateAndGet(143)) - f5b518e1-81ed-4539-890c-23fde7b7af4e: start LeaderElection
2019-08-28 04:44:16,648 [f5b518e1-81ed-4539-890c-23fde7b7af4e:group-3D64E44E2884:LeaderElection18] INFO  impl.LeaderElection (LeaderElection.java:askForVotes(181)) - f5b518e1-81ed-4539-890c-23fde7b7af4e:group-3D64E44E2884:LeaderElection18: begin an election at term 3 for -1: [8bdb61b5-fa98-4739-8e0a-5280a4fe194a:192.168.69.75:35171, aaa2da48-ccc8-4121-a1a5-30f8a5c77378:192.168.69.75:42496, f5b518e1-81ed-4539-890c-23fde7b7af4e:192.168.69.75:40482], old=null
2019-08-28 04:44:16,653 [grpc-default-executor-5] INFO  impl.RaftServerImpl (RaftServerImpl.java:setRole(171)) - 8bdb61b5-fa98-4739-8e0a-5280a4fe194a:group-3D64E44E2884 changes role from FOLLOWER to FOLLOWER at term 3 for recognizeCandidate:f5b518e1-81ed-4539-890c-23fde7b7af4e
2019-08-28 04:44:16,653 [grpc-default-executor-11] INFO  impl.RaftServerImpl (RaftServerImpl.java:setRole(171)) - aaa2da48-ccc8-4121-a1a5-30f8a5c77378:group-3D64E44E2884 changes role from FOLLOWER to FOLLOWER at term 3 for recognizeCandidate:f5b518e1-81ed-4539-890c-23fde7b7af4e
2019-08-28 04:44:16,654 [grpc-default-executor-5] INFO  impl.RoleInfo (RoleInfo.java:shutdownFollowerState(121)) - 8bdb61b5-fa98-4739-8e0a-5280a4fe194a: shutdown FollowerState
2019-08-28 04:44:16,654 [grpc-default-executor-11] INFO  impl.RoleInfo (RoleInfo.java:shutdownFollowerState(121)) - aaa2da48-ccc8-4121-a1a5-30f8a5c77378: shutdown FollowerState
2019-08-28 04:44:16,654 [grpc-default-executor-5] INFO  impl.RoleInfo (RoleInfo.java:updateAndGet(143)) - 8bdb61b5-fa98-4739-8e0a-5280a4fe194a: start FollowerState
2019-08-28 04:44:16,654 [grpc-default-executor-11] INFO  impl.RoleInfo (RoleInfo.java:updateAndGet(143)) - aaa2da48-ccc8-4121-a1a5-30f8a5c77378: start FollowerState
2019-08-28 04:44:16,655 [Thread-375] INFO  impl.FollowerState (FollowerState.java:run(114)) - 8bdb61b5-fa98-4739-8e0a-5280a4fe194a: FollowerState was interrupted: java.lang.InterruptedException: sleep interrupted
2019-08-28 04:44:16,654 [Thread-373] INFO  impl.FollowerState (FollowerState.java:run(114)) - aaa2da48-ccc8-4121-a1a5-30f8a5c77378: FollowerState was interrupted: java.lang.InterruptedException: sleep interrupted
2019-08-28 04:44:16,659 | INFO  | SCMAudit | user=jenkins1000 | ip=192.168.69.75 | op=SEND_HEARTBEAT {datanodeUUID=aaa2da48-ccc8-4121-a1a5-30f8a5c77378, command=[]} | ret=SUCCESS |  
2019-08-28 04:44:16,664 [f5b518e1-81ed-4539-890c-23fde7b7af4e:group-3D64E44E2884:LeaderElection18] INFO  impl.LeaderElection (LeaderElection.java:logAndReturn(56)) - f5b518e1-81ed-4539-890c-23fde7b7af4e:group-3D64E44E2884:LeaderElection18: Election PASSED; received 1 response(s) [f5b518e1-81ed-4539-890c-23fde7b7af4e<-8bdb61b5-fa98-4739-8e0a-5280a4fe194a#0:OK-t3] and 0 exception(s); f5b518e1-81ed-4539-890c-23fde7b7af4e:t3, leader=null, voted=f5b518e1-81ed-4539-890c-23fde7b7af4e, raftlog=f5b518e1-81ed-4539-890c-23fde7b7af4e-SegmentedRaftLog:OPENED:c-1,f-1,i0, conf=-1: [8bdb61b5-fa98-4739-8e0a-5280a4fe194a:192.168.69.75:35171, aaa2da48-ccc8-4121-a1a5-30f8a5c77378:192.168.69.75:42496, f5b518e1-81ed-4539-890c-23fde7b7af4e:192.168.69.75:40482], old=null
2019-08-28 04:44:16,664 [f5b518e1-81ed-4539-890c-23fde7b7af4e:group-3D64E44E2884:LeaderElection18] INFO  impl.RoleInfo (RoleInfo.java:shutdownLeaderElection(134)) - f5b518e1-81ed-4539-890c-23fde7b7af4e: shutdown LeaderElection
2019-08-28 04:44:16,667 [f5b518e1-81ed-4539-890c-23fde7b7af4e:group-3D64E44E2884:LeaderElection18] INFO  impl.RaftServerImpl (RaftServerImpl.java:setRole(171)) - f5b518e1-81ed-4539-890c-23fde7b7af4e:group-3D64E44E2884 changes role from CANDIDATE to LEADER at term 3 for changeToLeader
2019-08-28 04:44:16,667 [f5b518e1-81ed-4539-890c-23fde7b7af4e:group-3D64E44E2884:LeaderElection18] INFO  impl.RaftServerImpl (ServerState.java:setLeader(263)) - f5b518e1-81ed-4539-890c-23fde7b7af4e:group-3D64E44E2884 change Leader from null to f5b518e1-81ed-4539-890c-23fde7b7af4e at term 3 for becomeLeader, leader elected after 16412ms
2019-08-28 04:44:16,667 [f5b518e1-81ed-4539-890c-23fde7b7af4e:group-3D64E44E2884:LeaderElection18] INFO  server.RaftServerConfigKeys (ConfUtils.java:logGet(43)) - raft.server.staging.catchup.gap = 1000 (default)
2019-08-28 04:44:16,667 [f5b518e1-81ed-4539-890c-23fde7b7af4e:group-3D64E44E2884:LeaderElection18] INFO  server.RaftServerConfigKeys (ConfUtils.java:logGet(43)) - raft.server.rpc.sleep.time = 25ms (default)
2019-08-28 04:44:16,668 [f5b518e1-81ed-4539-890c-23fde7b7af4e:group-3D64E44E2884:LeaderElection18] INFO  server.RaftServerConfigKeys (ConfUtils.java:logGet(43)) - raft.server.write.element-limit = 4096 (default)
2019-08-28 04:44:16,668 [f5b518e1-81ed-4539-890c-23fde7b7af4e:group-3D64E44E2884:LeaderElection18] INFO  server.RaftServerConfigKeys (ConfUtils.java:logGet(43)) - raft.server.watch.timeout = 10s (default)
2019-08-28 04:44:16,668 [f5b518e1-81ed-4539-890c-23fde7b7af4e:group-3D64E44E2884:LeaderElection18] INFO  server.RaftServerConfigKeys (ConfUtils.java:logGet(43)) - raft.server.watch.timeout.denomination = 1s (default)
2019-08-28 04:44:16,668 [f5b518e1-81ed-4539-890c-23fde7b7af4e:group-3D64E44E2884:LeaderElection18] INFO  server.RaftServerConfigKeys (ConfUtils.java:logGet(43)) - raft.server.watch.element-limit = 65536 (default)
2019-08-28 04:44:16,669 [f5b518e1-81ed-4539-890c-23fde7b7af4e:group-3D64E44E2884:LeaderElection18] INFO  server.RaftServerConfigKeys (ConfUtils.java:logGet(43)) - raft.server.log.appender.snapshot.chunk.size.max = 16MB (=16777216) (default)
2019-08-28 04:44:16,669 [f5b518e1-81ed-4539-890c-23fde7b7af4e:group-3D64E44E2884:LeaderElection18] INFO  server.RaftServerConfigKeys (ConfUtils.java:logGet(43)) - raft.server.log.appender.buffer.byte-limit = 33554432 (custom)
2019-08-28 04:44:16,669 [f5b518e1-81ed-4539-890c-23fde7b7af4e:group-3D64E44E2884:LeaderElection18] INFO  server.RaftServerConfigKeys (ConfUtils.java:logGet(43)) - raft.server.log.appender.buffer.element-limit = 1 (custom)
2019-08-28 04:44:16,670 [f5b518e1-81ed-4539-890c-23fde7b7af4e:group-3D64E44E2884:LeaderElection18] INFO  grpc.GrpcConfigKeys$Server (ConfUtils.java:logGet(43)) - raft.grpc.server.leader.outstanding.appends.max = 128 (default)
2019-08-28 04:44:16,670 [f5b518e1-81ed-4539-890c-23fde7b7af4e:group-3D64E44E2884:LeaderElection18] INFO  server.RaftServerConfigKeys (ConfUtils.java:logGet(43)) - raft.server.rpc.request.timeout = 3000ms (default)
2019-08-28 04:44:16,670 [f5b518e1-81ed-4539-890c-23fde7b7af4e:group-3D64E44E2884:LeaderElection18] INFO  server.RaftServerConfigKeys (ConfUtils.java:logGet(43)) - raft.server.log.appender.install.snapshot.enabled = false (custom)
2019-08-28 04:44:16,670 [f5b518e1-81ed-4539-890c-23fde7b7af4e:group-3D64E44E2884:LeaderElection18] INFO  server.RaftServerConfigKeys (ConfUtils.java:logGet(43)) - raft.server.log.appender.snapshot.chunk.size.max = 16MB (=16777216) (default)
2019-08-28 04:44:16,670 [f5b518e1-81ed-4539-890c-23fde7b7af4e:group-3D64E44E2884:LeaderElection18] INFO  server.RaftServerConfigKeys (ConfUtils.java:logGet(43)) - raft.server.log.appender.buffer.byte-limit = 33554432 (custom)
2019-08-28 04:44:16,671 [f5b518e1-81ed-4539-890c-23fde7b7af4e:group-3D64E44E2884:LeaderElection18] INFO  server.RaftServerConfigKeys (ConfUtils.java:logGet(43)) - raft.server.log.appender.buffer.element-limit = 1 (custom)
2019-08-28 04:44:16,671 [f5b518e1-81ed-4539-890c-23fde7b7af4e:group-3D64E44E2884:LeaderElection18] INFO  grpc.GrpcConfigKeys$Server (ConfUtils.java:logGet(43)) - raft.grpc.server.leader.outstanding.appends.max = 128 (default)
2019-08-28 04:44:16,671 [f5b518e1-81ed-4539-890c-23fde7b7af4e:group-3D64E44E2884:LeaderElection18] INFO  server.RaftServerConfigKeys (ConfUtils.java:logGet(43)) - raft.server.rpc.request.timeout = 3000ms (default)
2019-08-28 04:44:16,671 [f5b518e1-81ed-4539-890c-23fde7b7af4e:group-3D64E44E2884:LeaderElection18] INFO  server.RaftServerConfigKeys (ConfUtils.java:logGet(43)) - raft.server.log.appender.install.snapshot.enabled = false (custom)
2019-08-28 04:44:16,672 [f5b518e1-81ed-4539-890c-23fde7b7af4e:group-3D64E44E2884:LeaderElection18] INFO  impl.RoleInfo (RoleInfo.java:updateAndGet(143)) - f5b518e1-81ed-4539-890c-23fde7b7af4e: start LeaderState
2019-08-28 04:44:16,672 [f5b518e1-81ed-4539-890c-23fde7b7af4e:group-3D64E44E2884:LeaderElection18] INFO  segmented.SegmentedRaftLogWorker (SegmentedRaftLogWorker.java:startLogSegment(380)) - f5b518e1-81ed-4539-890c-23fde7b7af4e-SegmentedRaftLogWorker:Storage Directory /workdir/hadoop-ozone/integration-test/target/test-dir/MiniOzoneClusterImpl-dee0cb60-1d83-42ef-98aa-30f750bc63a6/datanode-2/data/ratis/cb3c5af4-e338-43bf-b498-3d64e44e2884: Starting segment from index:0
2019-08-28 04:44:16,673 [f5b518e1-81ed-4539-890c-23fde7b7af4e:group-3D64E44E2884:LeaderElection18] INFO  impl.RaftServerImpl (ServerState.java:setRaftConf(361)) - f5b518e1-81ed-4539-890c-23fde7b7af4e:group-3D64E44E2884 set configuration 0: [8bdb61b5-fa98-4739-8e0a-5280a4fe194a:192.168.69.75:35171, aaa2da48-ccc8-4121-a1a5-30f8a5c77378:192.168.69.75:42496, f5b518e1-81ed-4539-890c-23fde7b7af4e:192.168.69.75:40482], old=null at 0
2019-08-28 04:44:16,739 [grpc-default-executor-5] INFO  impl.RaftServerImpl (ServerState.java:setLeader(263)) - 8bdb61b5-fa98-4739-8e0a-5280a4fe194a:group-3D64E44E2884 change Leader from null to f5b518e1-81ed-4539-890c-23fde7b7af4e at term 3 for appendEntries, leader elected after 16484ms
2019-08-28 04:44:16,739 [f5b518e1-81ed-4539-890c-23fde7b7af4e-SegmentedRaftLogWorker:Storage Directory /workdir/hadoop-ozone/integration-test/target/test-dir/MiniOzoneClusterImpl-dee0cb60-1d83-42ef-98aa-30f750bc63a6/datanode-2/data/ratis/cb3c5af4-e338-43bf-b498-3d64e44e2884] INFO  segmented.SegmentedRaftLogWorker (SegmentedRaftLogWorker.java:execute(569)) - f5b518e1-81ed-4539-890c-23fde7b7af4e-SegmentedRaftLogWorker:Storage Directory /workdir/hadoop-ozone/integration-test/target/test-dir/MiniOzoneClusterImpl-dee0cb60-1d83-42ef-98aa-30f750bc63a6/datanode-2/data/ratis/cb3c5af4-e338-43bf-b498-3d64e44e2884: created new log segment /workdir/hadoop-ozone/integration-test/target/test-dir/MiniOzoneClusterImpl-dee0cb60-1d83-42ef-98aa-30f750bc63a6/datanode-2/data/ratis/cb3c5af4-e338-43bf-b498-3d64e44e2884/current/log_inprogress_0
2019-08-28 04:44:16,739 [grpc-default-executor-11] INFO  impl.RaftServerImpl (ServerState.java:setLeader(263)) - aaa2da48-ccc8-4121-a1a5-30f8a5c77378:group-3D64E44E2884 change Leader from null to f5b518e1-81ed-4539-890c-23fde7b7af4e at term 3 for appendEntries, leader elected after 16484ms
2019-08-28 04:44:16,750 [grpc-default-executor-2] INFO  impl.RaftServerImpl (ServerState.java:setRaftConf(361)) - aaa2da48-ccc8-4121-a1a5-30f8a5c77378:group-3D64E44E2884 set configuration 0: [8bdb61b5-fa98-4739-8e0a-5280a4fe194a:192.168.69.75:35171, aaa2da48-ccc8-4121-a1a5-30f8a5c77378:192.168.69.75:42496, f5b518e1-81ed-4539-890c-23fde7b7af4e:192.168.69.75:40482], old=null at 0
2019-08-28 04:44:16,751 [grpc-default-executor-8] INFO  impl.RaftServerImpl (ServerState.java:setRaftConf(361)) - 8bdb61b5-fa98-4739-8e0a-5280a4fe194a:group-3D64E44E2884 set configuration 0: [8bdb61b5-fa98-4739-8e0a-5280a4fe194a:192.168.69.75:35171, aaa2da48-ccc8-4121-a1a5-30f8a5c77378:192.168.69.75:42496, f5b518e1-81ed-4539-890c-23fde7b7af4e:192.168.69.75:40482], old=null at 0
2019-08-28 04:44:16,751 [grpc-default-executor-2] INFO  segmented.SegmentedRaftLogWorker (SegmentedRaftLogWorker.java:startLogSegment(380)) - aaa2da48-ccc8-4121-a1a5-30f8a5c77378-SegmentedRaftLogWorker:Storage Directory /workdir/hadoop-ozone/integration-test/target/test-dir/MiniOzoneClusterImpl-dee0cb60-1d83-42ef-98aa-30f750bc63a6/datanode-5/data/ratis/cb3c5af4-e338-43bf-b498-3d64e44e2884: Starting segment from index:0
2019-08-28 04:44:16,751 [grpc-default-executor-8] INFO  segmented.SegmentedRaftLogWorker (SegmentedRaftLogWorker.java:startLogSegment(380)) - 8bdb61b5-fa98-4739-8e0a-5280a4fe194a-SegmentedRaftLogWorker:Storage Directory /workdir/hadoop-ozone/integration-test/target/test-dir/MiniOzoneClusterImpl-dee0cb60-1d83-42ef-98aa-30f750bc63a6/datanode-6/data/ratis/cb3c5af4-e338-43bf-b498-3d64e44e2884: Starting segment from index:0
2019-08-28 04:44:16,755 [grpc-default-executor-11] INFO  client.GrpcClientProtocolClient (GrpcClientProtocolClient.java:onNext(255)) - client-3C4235AB3E95->3aa4c088-6d9c-4e45-8699-9552fa9982bb: receive RaftClientReply:client-3C4235AB3E95->3aa4c088-6d9c-4e45-8699-9552fa9982bb@group-28A5B8B36B60, cid=21, SUCCESS, logIndex=0, commits[3aa4c088-6d9c-4e45-8699-9552fa9982bb:c16, 025d69ad-6f0c-4e69-9dfc-3a983de9ebc7:c16, 8dbdf2d3-0592-4172-9c9d-ce42eb2799ca:c16]
2019-08-28 04:44:16,756 [grpc-default-executor-11] INFO  client.GrpcClientProtocolClient (GrpcClientProtocolClient.java:onNext(255)) - client-3C4235AB3E95->3aa4c088-6d9c-4e45-8699-9552fa9982bb: receive RaftClientReply:client-3C4235AB3E95->3aa4c088-6d9c-4e45-8699-9552fa9982bb@group-28A5B8B36B60, cid=22, SUCCESS, logIndex=0, commits[3aa4c088-6d9c-4e45-8699-9552fa9982bb:c16, 025d69ad-6f0c-4e69-9dfc-3a983de9ebc7:c16, 8dbdf2d3-0592-4172-9c9d-ce42eb2799ca:c16]
2019-08-28 04:44:16,756 [grpc-default-executor-5] INFO  client.GrpcClientProtocolClient (GrpcClientProtocolClient.java:onNext(255)) - client-F0B8B834C6A0->8bdb61b5-fa98-4739-8e0a-5280a4fe194a: receive RaftClientReply:client-F0B8B834C6A0->8bdb61b5-fa98-4739-8e0a-5280a4fe194a@group-3D64E44E2884, cid=23, FAILED org.apache.ratis.protocol.NotLeaderException: Server 8bdb61b5-fa98-4739-8e0a-5280a4fe194a is not the leader (f5b518e1-81ed-4539-890c-23fde7b7af4e:192.168.69.75:40482). Request must be sent to leader., logIndex=0, commits[8bdb61b5-fa98-4739-8e0a-5280a4fe194a:c-1, aaa2da48-ccc8-4121-a1a5-30f8a5c77378:c-1, f5b518e1-81ed-4539-890c-23fde7b7af4e:c-1]
2019-08-28 04:44:16,840 [8bdb61b5-fa98-4739-8e0a-5280a4fe194a-SegmentedRaftLogWorker:Storage Directory /workdir/hadoop-ozone/integration-test/target/test-dir/MiniOzoneClusterImpl-dee0cb60-1d83-42ef-98aa-30f750bc63a6/datanode-6/data/ratis/cb3c5af4-e338-43bf-b498-3d64e44e2884] INFO  segmented.SegmentedRaftLogWorker (SegmentedRaftLogWorker.java:execute(569)) - 8bdb61b5-fa98-4739-8e0a-5280a4fe194a-SegmentedRaftLogWorker:Storage Directory /workdir/hadoop-ozone/integration-test/target/test-dir/MiniOzoneClusterImpl-dee0cb60-1d83-42ef-98aa-30f750bc63a6/datanode-6/data/ratis/cb3c5af4-e338-43bf-b498-3d64e44e2884: created new log segment /workdir/hadoop-ozone/integration-test/target/test-dir/MiniOzoneClusterImpl-dee0cb60-1d83-42ef-98aa-30f750bc63a6/datanode-6/data/ratis/cb3c5af4-e338-43bf-b498-3d64e44e2884/current/log_inprogress_0
2019-08-28 04:44:16,840 [aaa2da48-ccc8-4121-a1a5-30f8a5c77378-SegmentedRaftLogWorker:Storage Directory /workdir/hadoop-ozone/integration-test/target/test-dir/MiniOzoneClusterImpl-dee0cb60-1d83-42ef-98aa-30f750bc63a6/datanode-5/data/ratis/cb3c5af4-e338-43bf-b498-3d64e44e2884] INFO  segmented.SegmentedRaftLogWorker (SegmentedRaftLogWorker.java:execute(569)) - aaa2da48-ccc8-4121-a1a5-30f8a5c77378-SegmentedRaftLogWorker:Storage Directory /workdir/hadoop-ozone/integration-test/target/test-dir/MiniOzoneClusterImpl-dee0cb60-1d83-42ef-98aa-30f750bc63a6/datanode-5/data/ratis/cb3c5af4-e338-43bf-b498-3d64e44e2884: created new log segment /workdir/hadoop-ozone/integration-test/target/test-dir/MiniOzoneClusterImpl-dee0cb60-1d83-42ef-98aa-30f750bc63a6/datanode-5/data/ratis/cb3c5af4-e338-43bf-b498-3d64e44e2884/current/log_inprogress_0
2019-08-28 04:44:16,847 | INFO  | SCMAudit | user=jenkins1000 | ip=192.168.69.75 | op=SEND_HEARTBEAT {datanodeUUID=8bdb61b5-fa98-4739-8e0a-5280a4fe194a, command=[]} | ret=SUCCESS |  
2019-08-28 04:44:16,868 | INFO  | SCMAudit | user=jenkins1000 | ip=192.168.69.75 | op=SEND_HEARTBEAT {datanodeUUID=8dbdf2d3-0592-4172-9c9d-ce42eb2799ca, command=[]} | ret=SUCCESS |  
2019-08-28 04:44:16,868 | INFO  | SCMAudit | user=jenkins1000 | ip=192.168.69.75 | op=SEND_HEARTBEAT {datanodeUUID=3aa4c088-6d9c-4e45-8699-9552fa9982bb, command=[]} | ret=SUCCESS |  
2019-08-28 04:44:16,869 | INFO  | SCMAudit | user=jenkins1000 | ip=192.168.69.75 | op=SEND_HEARTBEAT {datanodeUUID=025d69ad-6f0c-4e69-9dfc-3a983de9ebc7, command=[]} | ret=SUCCESS |  
2019-08-28 04:44:17,104 | INFO  | DNAudit | user=null | ip=null | op=WRITE_CHUNK {blockData=conID: 2 locID: 102692779175378946 bcsId: 0} | ret=SUCCESS |  
2019-08-28 04:44:17,104 | INFO  | SCMAudit | user=jenkins1000 | ip=192.168.69.75 | op=SEND_HEARTBEAT {datanodeUUID=f5b518e1-81ed-4539-890c-23fde7b7af4e, command=[]} | ret=SUCCESS |  
2019-08-28 04:44:17,172 | INFO  | DNAudit | user=null | ip=null | op=WRITE_CHUNK {blockData=conID: 2 locID: 102692779175378946 bcsId: 0} | ret=SUCCESS |  
2019-08-28 04:44:17,172 | INFO  | DNAudit | user=null | ip=null | op=WRITE_CHUNK {blockData=conID: 2 locID: 102692779175378946 bcsId: 0} | ret=SUCCESS |  
2019-08-28 04:44:17,173 | INFO  | SCMAudit | user=jenkins1000 | ip=192.168.69.75 | op=SEND_HEARTBEAT {datanodeUUID=aaa2da48-ccc8-4121-a1a5-30f8a5c77378, command=[]} | ret=SUCCESS |  
2019-08-28 04:44:17,173 | INFO  | SCMAudit | user=jenkins1000 | ip=192.168.69.75 | op=SEND_HEARTBEAT {datanodeUUID=8bdb61b5-fa98-4739-8e0a-5280a4fe194a, command=[]} | ret=SUCCESS |  
2019-08-28 04:44:17,189 | INFO  | DNAudit | user=null | ip=null | op=WRITE_CHUNK {blockData=conID: 2 locID: 102692779175378946 bcsId: 0} | ret=SUCCESS |  
2019-08-28 04:44:17,198 [grpc-default-executor-11] INFO  client.GrpcClientProtocolClient (GrpcClientProtocolClient.java:onNext(255)) - client-F0B8B834C6A0->f5b518e1-81ed-4539-890c-23fde7b7af4e: receive RaftClientReply:client-F0B8B834C6A0->f5b518e1-81ed-4539-890c-23fde7b7af4e@group-3D64E44E2884, cid=23, SUCCESS, logIndex=1, commits[f5b518e1-81ed-4539-890c-23fde7b7af4e:c1, 8bdb61b5-fa98-4739-8e0a-5280a4fe194a:c0, aaa2da48-ccc8-4121-a1a5-30f8a5c77378:c0]
2019-08-28 04:44:17,205 | INFO  | DNAudit | user=null | ip=null | op=WRITE_CHUNK {blockData=conID: 2 locID: 102692779175378946 bcsId: 0} | ret=SUCCESS |  
2019-08-28 04:44:17,207 | INFO  | DNAudit | user=null | ip=null | op=WRITE_CHUNK {blockData=conID: 2 locID: 102692779175378946 bcsId: 0} | ret=SUCCESS |  
2019-08-28 04:44:17,293 | INFO  | SCMAudit | user=jenkins1000 | ip=192.168.69.75 | op=SEND_HEARTBEAT {datanodeUUID=f4072c9f-a22f-4281-b53d-4a46edeec81c, command=[]} | ret=SUCCESS |  
2019-08-28 04:44:17,313 | INFO  | DNAudit | user=null | ip=null | op=PUT_BLOCK {blockData=[blockId=conID: 2 locID: 102692779175378946 bcsId: 0,size=50]} | ret=SUCCESS |  
2019-08-28 04:44:17,324 [grpc-default-executor-5] INFO  client.GrpcClientProtocolClient (GrpcClientProtocolClient.java:onNext(255)) - client-F0B8B834C6A0->f5b518e1-81ed-4539-890c-23fde7b7af4e: receive RaftClientReply:client-F0B8B834C6A0->f5b518e1-81ed-4539-890c-23fde7b7af4e@group-3D64E44E2884, cid=24, SUCCESS, logIndex=3, commits[f5b518e1-81ed-4539-890c-23fde7b7af4e:c4, 8bdb61b5-fa98-4739-8e0a-5280a4fe194a:c3, aaa2da48-ccc8-4121-a1a5-30f8a5c77378:c3]
2019-08-28 04:44:17,326 [main] INFO  ozone.MiniOzoneClusterImpl (MiniOzoneClusterImpl.java:shutdown(321)) - Shutting down the Mini Ozone Cluster
2019-08-28 04:44:17,326 | INFO  | SCMAudit | user=null | ip=null | op=GET_SCM_INFO null | ret=SUCCESS |  
2019-08-28 04:44:17,327 [main] INFO  ozone.MiniOzoneClusterImpl (MiniOzoneClusterImpl.java:stop(336)) - Stopping the Mini Ozone Cluster
2019-08-28 04:44:17,327 [main] INFO  ozone.MiniOzoneClusterImpl (MiniOzoneClusterImpl.java:stop(338)) - Stopping the OzoneManager
2019-08-28 04:44:17,327 [main] INFO  ipc.Server (Server.java:stop(3082)) - Stopping server on 37707
2019-08-28 04:44:17,340 [IPC Server listener on 37707] INFO  ipc.Server (Server.java:run(1185)) - Stopping IPC Server listener on 37707
2019-08-28 04:44:17,343 [main] INFO  ratis.OzoneManagerDoubleBuffer (OzoneManagerDoubleBuffer.java:stop(248)) - Stopping OMDoubleBuffer flush thread
2019-08-28 04:44:17,345 [IPC Server Responder] INFO  ipc.Server (Server.java:run(1319)) - Stopping IPC Server Responder
2019-08-28 04:44:17,359 [OMDoubleBufferFlushThread] INFO  ratis.OzoneManagerDoubleBuffer (OzoneManagerDoubleBuffer.java:flushTransactions(191)) - OMDoubleBuffer flush thread OMDoubleBufferFlushThread is interrupted and will exit. OMDoubleBufferFlushThread
2019-08-28 04:44:17,368 [main] INFO  utils.BackgroundService (BackgroundService.java:shutdown(148)) - Shutting down service KeyDeletingService
2019-08-28 04:44:17,373 [main] INFO  handler.ContextHandler (ContextHandler.java:doStop(910)) - Stopped o.e.j.w.WebAppContext@40d10481{/,null,UNAVAILABLE}{/ozoneManager}
2019-08-28 04:44:17,380 [main] INFO  server.AbstractConnector (AbstractConnector.java:doStop(318)) - Stopped ServerConnector@60dd3c23{HTTP/1.1,[http/1.1]}{0.0.0.0:0}
2019-08-28 04:44:17,380 [main] INFO  handler.ContextHandler (ContextHandler.java:doStop(910)) - Stopped o.e.j.s.ServletContextHandler@736f3e9e{/static,file:///workdir/hadoop-ozone/integration-test/target/test-classes/webapps/static,UNAVAILABLE}
2019-08-28 04:44:17,381 [main] INFO  handler.ContextHandler (ContextHandler.java:doStop(910)) - Stopped o.e.j.s.ServletContextHandler@49dbaaf3{/logs,file:///workdir/hadoop-ozone/integration-test/target/log,UNAVAILABLE}
2019-08-28 04:44:17,412 [main] INFO  ozone.MiniOzoneClusterImpl (MiniOzoneClusterImpl.java:stop(344)) - Shutting the HddsDatanodes
2019-08-28 04:44:17,413 [main] INFO  datanode.ObjectStoreHandler (ObjectStoreHandler.java:close(155)) - Closing ObjectStoreHandler.
2019-08-28 04:44:17,413 [ForkJoinPool.commonPool-worker-1] INFO  datanode.ObjectStoreHandler (ObjectStoreHandler.java:close(155)) - Closing ObjectStoreHandler.
2019-08-28 04:44:17,418 [ForkJoinPool.commonPool-worker-1] INFO  ozone.HddsDatanodeService (HddsDatanodeService.java:stop(451)) - Stopped plug-in org.apache.hadoop.ozone.web.OzoneHddsDatanodeService@501957bf
2019-08-28 04:44:17,418 [main] INFO  ozone.HddsDatanodeService (HddsDatanodeService.java:stop(451)) - Stopped plug-in org.apache.hadoop.ozone.web.OzoneHddsDatanodeService@4662752a
2019-08-28 04:44:17,442 | INFO  | DNAudit | user=null | ip=null | op=PUT_BLOCK {blockData=[blockId=conID: 2 locID: 102692779175378946 bcsId: 0,size=50]} | ret=SUCCESS |  
2019-08-28 04:44:17,856 | INFO  | DNAudit | user=null | ip=null | op=PUT_BLOCK {blockData=[blockId=conID: 2 locID: 102692779175378946 bcsId: 0,size=50]} | ret=SUCCESS |  
2019-08-28 04:44:17,867 [Datanode State Machine Thread - 0] INFO  statemachine.DatanodeStateMachine (DatanodeStateMachine.java:lambda$startDaemon$0(350)) - Ozone container server started.
2019-08-28 04:44:17,868 | INFO  | SCMAudit | user=jenkins1000 | ip=192.168.69.75 | op=SEND_HEARTBEAT {datanodeUUID=3aa4c088-6d9c-4e45-8699-9552fa9982bb, command=[]} | ret=SUCCESS |  
2019-08-28 04:44:17,868 | INFO  | SCMAudit | user=jenkins1000 | ip=192.168.69.75 | op=SEND_HEARTBEAT {datanodeUUID=8dbdf2d3-0592-4172-9c9d-ce42eb2799ca, command=[]} | ret=SUCCESS |  
2019-08-28 04:44:18,102 | INFO  | SCMAudit | user=jenkins1000 | ip=192.168.69.75 | op=SEND_HEARTBEAT {datanodeUUID=f5b518e1-81ed-4539-890c-23fde7b7af4e, command=[]} | ret=SUCCESS |  
2019-08-28 04:44:18,170 | INFO  | SCMAudit | user=jenkins1000 | ip=192.168.69.75 | op=SEND_HEARTBEAT {datanodeUUID=aaa2da48-ccc8-4121-a1a5-30f8a5c77378, command=[]} | ret=SUCCESS |  
2019-08-28 04:44:18,171 | INFO  | SCMAudit | user=jenkins1000 | ip=192.168.69.75 | op=SEND_HEARTBEAT {datanodeUUID=8bdb61b5-fa98-4739-8e0a-5280a4fe194a, command=[]} | ret=SUCCESS |  
2019-08-28 04:44:18,291 [Datanode State Machine Thread - 0] INFO  statemachine.DatanodeStateMachine (DatanodeStateMachine.java:lambda$startDaemon$0(350)) - Ozone container server started.
2019-08-28 04:44:18,868 | INFO  | SCMAudit | user=jenkins1000 | ip=192.168.69.75 | op=SEND_HEARTBEAT {datanodeUUID=8dbdf2d3-0592-4172-9c9d-ce42eb2799ca, command=[]} | ret=SUCCESS |  
2019-08-28 04:44:18,869 | INFO  | SCMAudit | user=jenkins1000 | ip=192.168.69.75 | op=SEND_HEARTBEAT {datanodeUUID=3aa4c088-6d9c-4e45-8699-9552fa9982bb, command=[]} | ret=SUCCESS |  
2019-08-28 04:44:19,102 | INFO  | SCMAudit | user=jenkins1000 | ip=192.168.69.75 | op=SEND_HEARTBEAT {datanodeUUID=f5b518e1-81ed-4539-890c-23fde7b7af4e, command=[]} | ret=SUCCESS |  
2019-08-28 04:44:19,170 | INFO  | SCMAudit | user=jenkins1000 | ip=192.168.69.75 | op=SEND_HEARTBEAT {datanodeUUID=8bdb61b5-fa98-4739-8e0a-5280a4fe194a, command=[]} | ret=SUCCESS |  
2019-08-28 04:44:19,171 | INFO  | SCMAudit | user=jenkins1000 | ip=192.168.69.75 | op=SEND_HEARTBEAT {datanodeUUID=aaa2da48-ccc8-4121-a1a5-30f8a5c77378, command=[]} | ret=SUCCESS |  
2019-08-28 04:44:19,868 | INFO  | SCMAudit | user=jenkins1000 | ip=192.168.69.75 | op=SEND_HEARTBEAT {datanodeUUID=8dbdf2d3-0592-4172-9c9d-ce42eb2799ca, command=[]} | ret=SUCCESS |  
2019-08-28 04:44:19,869 | INFO  | SCMAudit | user=jenkins1000 | ip=192.168.69.75 | op=SEND_HEARTBEAT {datanodeUUID=3aa4c088-6d9c-4e45-8699-9552fa9982bb, command=[]} | ret=SUCCESS |  
2019-08-28 04:44:20,103 | INFO  | SCMAudit | user=jenkins1000 | ip=192.168.69.75 | op=SEND_HEARTBEAT {datanodeUUID=f5b518e1-81ed-4539-890c-23fde7b7af4e, command=[]} | ret=SUCCESS |  
2019-08-28 04:44:20,171 | INFO  | SCMAudit | user=jenkins1000 | ip=192.168.69.75 | op=SEND_HEARTBEAT {datanodeUUID=8bdb61b5-fa98-4739-8e0a-5280a4fe194a, command=[]} | ret=SUCCESS |  
2019-08-28 04:44:20,171 | INFO  | SCMAudit | user=jenkins1000 | ip=192.168.69.75 | op=SEND_HEARTBEAT {datanodeUUID=aaa2da48-ccc8-4121-a1a5-30f8a5c77378, command=[]} | ret=SUCCESS |  
2019-08-28 04:44:20,868 | INFO  | SCMAudit | user=jenkins1000 | ip=192.168.69.75 | op=SEND_HEARTBEAT {datanodeUUID=8dbdf2d3-0592-4172-9c9d-ce42eb2799ca, command=[]} | ret=SUCCESS |  
2019-08-28 04:44:20,868 | INFO  | SCMAudit | user=jenkins1000 | ip=192.168.69.75 | op=SEND_HEARTBEAT {datanodeUUID=3aa4c088-6d9c-4e45-8699-9552fa9982bb, command=[]} | ret=SUCCESS |  
2019-08-28 04:44:21,103 | INFO  | SCMAudit | user=jenkins1000 | ip=192.168.69.75 | op=SEND_HEARTBEAT {datanodeUUID=f5b518e1-81ed-4539-890c-23fde7b7af4e, command=[]} | ret=SUCCESS |  
2019-08-28 04:44:21,172 | INFO  | SCMAudit | user=jenkins1000 | ip=192.168.69.75 | op=SEND_HEARTBEAT {datanodeUUID=8bdb61b5-fa98-4739-8e0a-5280a4fe194a, command=[]} | ret=SUCCESS |  
2019-08-28 04:44:21,172 | INFO  | SCMAudit | user=jenkins1000 | ip=192.168.69.75 | op=SEND_HEARTBEAT {datanodeUUID=aaa2da48-ccc8-4121-a1a5-30f8a5c77378, command=[]} | ret=SUCCESS |  
2019-08-28 04:44:21,868 | INFO  | SCMAudit | user=jenkins1000 | ip=192.168.69.75 | op=SEND_HEARTBEAT {datanodeUUID=8dbdf2d3-0592-4172-9c9d-ce42eb2799ca, command=[]} | ret=SUCCESS |  
2019-08-28 04:44:21,869 | INFO  | SCMAudit | user=jenkins1000 | ip=192.168.69.75 | op=SEND_HEARTBEAT {datanodeUUID=3aa4c088-6d9c-4e45-8699-9552fa9982bb, command=[]} | ret=SUCCESS |  
2019-08-28 04:44:21,930 [EventQueue-StaleNodeForStaleNodeHandler] INFO  node.StaleNodeHandler (StaleNodeHandler.java:onMessage(58)) - Datanode 025d69ad-6f0c-4e69-9dfc-3a983de9ebc7{ip: 192.168.69.75, host: pr-hdds-2014-rr4xc-1992234301, networkLocation: /default-rack, certSerialId: null} moved to stale state. Finalizing its pipelines [PipelineID=9d83c3d8-0d35-4b25-a466-72c2627363e9, PipelineID=29bfd4bd-d996-40cd-83e2-28a5b8b36b60]
2019-08-28 04:44:21,930 [EventQueue-StaleNodeForStaleNodeHandler] INFO  pipeline.SCMPipelineManager (SCMPipelineManager.java:finalizeAndDestroyPipeline(309)) - destroying pipeline:Pipeline[ Id: 9d83c3d8-0d35-4b25-a466-72c2627363e9, Nodes: 025d69ad-6f0c-4e69-9dfc-3a983de9ebc7{ip: 192.168.69.75, host: pr-hdds-2014-rr4xc-1992234301, networkLocation: /default-rack, certSerialId: null}, Type:RATIS, Factor:ONE, State:OPEN]
2019-08-28 04:44:21,931 [EventQueue-StaleNodeForStaleNodeHandler] INFO  pipeline.PipelineStateManager (PipelineStateManager.java:finalizePipeline(123)) - Pipeline Pipeline[ Id: 9d83c3d8-0d35-4b25-a466-72c2627363e9, Nodes: 025d69ad-6f0c-4e69-9dfc-3a983de9ebc7{ip: 192.168.69.75, host: pr-hdds-2014-rr4xc-1992234301, networkLocation: /default-rack, certSerialId: null}, Type:RATIS, Factor:ONE, State:CLOSED] moved to CLOSED state
2019-08-28 04:44:21,932 [EventQueue-StaleNodeForStaleNodeHandler] INFO  pipeline.SCMPipelineManager (SCMPipelineManager.java:finalizeAndDestroyPipeline(309)) - destroying pipeline:Pipeline[ Id: 29bfd4bd-d996-40cd-83e2-28a5b8b36b60, Nodes: 3aa4c088-6d9c-4e45-8699-9552fa9982bb{ip: 192.168.69.75, host: pr-hdds-2014-rr4xc-1992234301, networkLocation: /default-rack, certSerialId: null}8dbdf2d3-0592-4172-9c9d-ce42eb2799ca{ip: 192.168.69.75, host: pr-hdds-2014-rr4xc-1992234301, networkLocation: /default-rack, certSerialId: null}025d69ad-6f0c-4e69-9dfc-3a983de9ebc7{ip: 192.168.69.75, host: pr-hdds-2014-rr4xc-1992234301, networkLocation: /default-rack, certSerialId: null}, Type:RATIS, Factor:THREE, State:OPEN]
2019-08-28 04:44:21,932 [EventQueue-StaleNodeForStaleNodeHandler] INFO  pipeline.PipelineStateManager (PipelineStateManager.java:finalizePipeline(123)) - Pipeline Pipeline[ Id: 29bfd4bd-d996-40cd-83e2-28a5b8b36b60, Nodes: 3aa4c088-6d9c-4e45-8699-9552fa9982bb{ip: 192.168.69.75, host: pr-hdds-2014-rr4xc-1992234301, networkLocation: /default-rack, certSerialId: null}8dbdf2d3-0592-4172-9c9d-ce42eb2799ca{ip: 192.168.69.75, host: pr-hdds-2014-rr4xc-1992234301, networkLocation: /default-rack, certSerialId: null}025d69ad-6f0c-4e69-9dfc-3a983de9ebc7{ip: 192.168.69.75, host: pr-hdds-2014-rr4xc-1992234301, networkLocation: /default-rack, certSerialId: null}, Type:RATIS, Factor:THREE, State:CLOSED] moved to CLOSED state
2019-08-28 04:44:21,933 [EventQueue-CloseContainerForCloseContainerEventHandler] INFO  container.CloseContainerEventHandler (CloseContainerEventHandler.java:onMessage(61)) - Close container Event triggered for container : #1
2019-08-28 04:44:22,104 | INFO  | SCMAudit | user=jenkins1000 | ip=192.168.69.75 | op=SEND_HEARTBEAT {datanodeUUID=f5b518e1-81ed-4539-890c-23fde7b7af4e, command=[]} | ret=SUCCESS |  
2019-08-28 04:44:22,172 | INFO  | SCMAudit | user=jenkins1000 | ip=192.168.69.75 | op=SEND_HEARTBEAT {datanodeUUID=8bdb61b5-fa98-4739-8e0a-5280a4fe194a, command=[]} | ret=SUCCESS |  
2019-08-28 04:44:22,172 | INFO  | SCMAudit | user=jenkins1000 | ip=192.168.69.75 | op=SEND_HEARTBEAT {datanodeUUID=aaa2da48-ccc8-4121-a1a5-30f8a5c77378, command=[]} | ret=SUCCESS |  
2019-08-28 04:44:22,331 [EventQueue-StaleNodeForStaleNodeHandler] INFO  node.StaleNodeHandler (StaleNodeHandler.java:onMessage(58)) - Datanode f4072c9f-a22f-4281-b53d-4a46edeec81c{ip: 192.168.69.75, host: pr-hdds-2014-rr4xc-1992234301, networkLocation: /default-rack, certSerialId: null} moved to stale state. Finalizing its pipelines [PipelineID=3302a080-5ee1-4706-bf76-6e35be55a312]
2019-08-28 04:44:22,331 [EventQueue-StaleNodeForStaleNodeHandler] INFO  pipeline.SCMPipelineManager (SCMPipelineManager.java:finalizeAndDestroyPipeline(309)) - destroying pipeline:Pipeline[ Id: 3302a080-5ee1-4706-bf76-6e35be55a312, Nodes: f4072c9f-a22f-4281-b53d-4a46edeec81c{ip: 192.168.69.75, host: pr-hdds-2014-rr4xc-1992234301, networkLocation: /default-rack, certSerialId: null}, Type:RATIS, Factor:ONE, State:OPEN]
2019-08-28 04:44:22,331 [EventQueue-StaleNodeForStaleNodeHandler] INFO  pipeline.PipelineStateManager (PipelineStateManager.java:finalizePipeline(123)) - Pipeline Pipeline[ Id: 3302a080-5ee1-4706-bf76-6e35be55a312, Nodes: f4072c9f-a22f-4281-b53d-4a46edeec81c{ip: 192.168.69.75, host: pr-hdds-2014-rr4xc-1992234301, networkLocation: /default-rack, certSerialId: null}, Type:RATIS, Factor:ONE, State:CLOSED] moved to CLOSED state
2019-08-28 04:44:22,422 [main] INFO  ozoneimpl.OzoneContainer (OzoneContainer.java:stop(199)) - Attempting to stop container services.
2019-08-28 04:44:22,422 [ForkJoinPool.commonPool-worker-1] INFO  ozoneimpl.OzoneContainer (OzoneContainer.java:stop(199)) - Attempting to stop container services.
2019-08-28 04:44:22,423 [main] INFO  impl.RaftServerProxy (RaftServerProxy.java:lambda$close$4(314)) - f4072c9f-a22f-4281-b53d-4a46edeec81c: close
2019-08-28 04:44:22,424 [ForkJoinPool.commonPool-worker-1] INFO  impl.RaftServerProxy (RaftServerProxy.java:lambda$close$4(314)) - 025d69ad-6f0c-4e69-9dfc-3a983de9ebc7: close
2019-08-28 04:44:22,425 [main] INFO  impl.RaftServerImpl (RaftServerImpl.java:lambda$shutdown$3(245)) - f4072c9f-a22f-4281-b53d-4a46edeec81c: shutdown group-6E35BE55A312
2019-08-28 04:44:22,425 [ForkJoinPool.commonPool-worker-1] INFO  impl.RaftServerImpl (RaftServerImpl.java:lambda$shutdown$3(245)) - 025d69ad-6f0c-4e69-9dfc-3a983de9ebc7: shutdown group-72C2627363E9
2019-08-28 04:44:22,425 [main] INFO  util.JmxRegister (JmxRegister.java:unregister(73)) - Successfully un-registered JMX Bean with object name Ratis:service=RaftServer,group=group-6E35BE55A312,id=f4072c9f-a22f-4281-b53d-4a46edeec81c
2019-08-28 04:44:22,426 [ForkJoinPool.commonPool-worker-1] INFO  util.JmxRegister (JmxRegister.java:unregister(73)) - Successfully un-registered JMX Bean with object name Ratis:service=RaftServer,group=group-72C2627363E9,id=025d69ad-6f0c-4e69-9dfc-3a983de9ebc7
2019-08-28 04:44:22,426 [ForkJoinPool.commonPool-worker-1] INFO  impl.RoleInfo (RoleInfo.java:shutdownLeaderState(104)) - 025d69ad-6f0c-4e69-9dfc-3a983de9ebc7: shutdown LeaderState
2019-08-28 04:44:22,426 [main] INFO  impl.RoleInfo (RoleInfo.java:shutdownLeaderState(104)) - f4072c9f-a22f-4281-b53d-4a46edeec81c: shutdown LeaderState
2019-08-28 04:44:22,427 [ForkJoinPool.commonPool-worker-1] INFO  impl.PendingRequests (PendingRequests.java:sendNotLeaderResponses(202)) - 025d69ad-6f0c-4e69-9dfc-3a983de9ebc7-PendingRequests: sendNotLeaderResponses
2019-08-28 04:44:22,427 [main] INFO  impl.PendingRequests (PendingRequests.java:sendNotLeaderResponses(202)) - f4072c9f-a22f-4281-b53d-4a46edeec81c-PendingRequests: sendNotLeaderResponses
2019-08-28 04:44:22,432 [ForkJoinPool.commonPool-worker-1] INFO  impl.StateMachineUpdater (StateMachineUpdater.java:stopAndJoin(115)) - StateMachineUpdater:025d69ad-6f0c-4e69-9dfc-3a983de9ebc7:group-72C2627363E9: set stopIndex = 0
2019-08-28 04:44:22,432 [main] INFO  impl.StateMachineUpdater (StateMachineUpdater.java:stopAndJoin(115)) - StateMachineUpdater:f4072c9f-a22f-4281-b53d-4a46edeec81c:group-6E35BE55A312: set stopIndex = 0
2019-08-28 04:44:22,434 [ForkJoinPool.commonPool-worker-1] INFO  impl.RaftServerImpl (ServerState.java:close(394)) - 025d69ad-6f0c-4e69-9dfc-3a983de9ebc7:group-72C2627363E9 closes. The last applied log index is 0
2019-08-28 04:44:22,434 [main] INFO  impl.RaftServerImpl (ServerState.java:close(394)) - f4072c9f-a22f-4281-b53d-4a46edeec81c:group-6E35BE55A312 closes. The last applied log index is 0
2019-08-28 04:44:22,437 [025d69ad-6f0c-4e69-9dfc-3a983de9ebc7-SegmentedRaftLogWorker:Storage Directory /workdir/hadoop-ozone/integration-test/target/test-dir/MiniOzoneClusterImpl-dee0cb60-1d83-42ef-98aa-30f750bc63a6/datanode-1/data/ratis/9d83c3d8-0d35-4b25-a466-72c2627363e9] INFO  segmented.SegmentedRaftLogWorker (SegmentedRaftLogWorker.java:run(313)) - 025d69ad-6f0c-4e69-9dfc-3a983de9ebc7-SegmentedRaftLogWorker:Storage Directory /workdir/hadoop-ozone/integration-test/target/test-dir/MiniOzoneClusterImpl-dee0cb60-1d83-42ef-98aa-30f750bc63a6/datanode-1/data/ratis/9d83c3d8-0d35-4b25-a466-72c2627363e9 was interrupted, exiting. There are 0 tasks remaining in the queue.
2019-08-28 04:44:22,437 [f4072c9f-a22f-4281-b53d-4a46edeec81c-SegmentedRaftLogWorker:Storage Directory /workdir/hadoop-ozone/integration-test/target/test-dir/MiniOzoneClusterImpl-dee0cb60-1d83-42ef-98aa-30f750bc63a6/datanode-4/data/ratis/3302a080-5ee1-4706-bf76-6e35be55a312] INFO  segmented.SegmentedRaftLogWorker (SegmentedRaftLogWorker.java:run(313)) - f4072c9f-a22f-4281-b53d-4a46edeec81c-SegmentedRaftLogWorker:Storage Directory /workdir/hadoop-ozone/integration-test/target/test-dir/MiniOzoneClusterImpl-dee0cb60-1d83-42ef-98aa-30f750bc63a6/datanode-4/data/ratis/3302a080-5ee1-4706-bf76-6e35be55a312 was interrupted, exiting. There are 0 tasks remaining in the queue.
2019-08-28 04:44:22,440 [main] INFO  segmented.SegmentedRaftLogWorker (SegmentedRaftLogWorker.java:close(228)) - f4072c9f-a22f-4281-b53d-4a46edeec81c-SegmentedRaftLogWorker:Storage Directory /workdir/hadoop-ozone/integration-test/target/test-dir/MiniOzoneClusterImpl-dee0cb60-1d83-42ef-98aa-30f750bc63a6/datanode-4/data/ratis/3302a080-5ee1-4706-bf76-6e35be55a312 close()
2019-08-28 04:44:22,440 [ForkJoinPool.commonPool-worker-1] INFO  segmented.SegmentedRaftLogWorker (SegmentedRaftLogWorker.java:close(228)) - 025d69ad-6f0c-4e69-9dfc-3a983de9ebc7-SegmentedRaftLogWorker:Storage Directory /workdir/hadoop-ozone/integration-test/target/test-dir/MiniOzoneClusterImpl-dee0cb60-1d83-42ef-98aa-30f750bc63a6/datanode-1/data/ratis/9d83c3d8-0d35-4b25-a466-72c2627363e9 close()
2019-08-28 04:44:22,447 [ForkJoinPool.commonPool-worker-1] INFO  impl.RaftServerImpl (RaftServerImpl.java:lambda$shutdown$3(245)) - 025d69ad-6f0c-4e69-9dfc-3a983de9ebc7: shutdown group-28A5B8B36B60
2019-08-28 04:44:22,447 [main] INFO  server.GrpcService (GrpcService.java:closeImpl(155)) - f4072c9f-a22f-4281-b53d-4a46edeec81c: shutdown server with port 43176 now
2019-08-28 04:44:22,447 [ForkJoinPool.commonPool-worker-1] INFO  util.JmxRegister (JmxRegister.java:unregister(73)) - Successfully un-registered JMX Bean with object name Ratis:service=RaftServer,group=group-28A5B8B36B60,id=025d69ad-6f0c-4e69-9dfc-3a983de9ebc7
2019-08-28 04:44:22,448 [ForkJoinPool.commonPool-worker-1] INFO  impl.RoleInfo (RoleInfo.java:shutdownFollowerState(121)) - 025d69ad-6f0c-4e69-9dfc-3a983de9ebc7: shutdown FollowerState
2019-08-28 04:44:22,448 [ForkJoinPool.commonPool-worker-1] INFO  impl.StateMachineUpdater (StateMachineUpdater.java:stopAndJoin(115)) - StateMachineUpdater:025d69ad-6f0c-4e69-9dfc-3a983de9ebc7:group-28A5B8B36B60: set stopIndex = 16
2019-08-28 04:44:22,448 [StateMachineUpdater:025d69ad-6f0c-4e69-9dfc-3a983de9ebc7:group-28A5B8B36B60] INFO  ratis.ContainerStateMachine (ContainerStateMachine.java:takeSnapshot(283)) - group-28A5B8B36B60: Taking a snapshot at:(t:2, i:16) file /workdir/hadoop-ozone/integration-test/target/test-dir/MiniOzoneClusterImpl-dee0cb60-1d83-42ef-98aa-30f750bc63a6/datanode-1/data/ratis/29bfd4bd-d996-40cd-83e2-28a5b8b36b60/sm/snapshot.2_16
2019-08-28 04:44:22,448 [Thread-355] INFO  impl.FollowerState (FollowerState.java:run(114)) - 025d69ad-6f0c-4e69-9dfc-3a983de9ebc7: FollowerState was interrupted: java.lang.InterruptedException: sleep interrupted
2019-08-28 04:44:22,451 [main] INFO  server.GrpcService (GrpcService.java:closeImpl(163)) - f4072c9f-a22f-4281-b53d-4a46edeec81c: shutdown server with port 43176 successfully
2019-08-28 04:44:22,453 [main] INFO  utils.BackgroundService (BackgroundService.java:shutdown(148)) - Shutting down service BlockDeletingService
2019-08-28 04:44:22,454 [refreshUsed-/workdir/hadoop-ozone/integration-test/target/test-dir/MiniOzoneClusterImpl-dee0cb60-1d83-42ef-98aa-30f750bc63a6/datanode-4/data/containers] WARN  fs.CachingGetSpaceUsed (CachingGetSpaceUsed.java:run(183)) - Thread Interrupted waiting to refresh disk information: sleep interrupted
2019-08-28 04:44:22,476 [main] INFO  statemachine.DatanodeStateMachine (DatanodeStateMachine.java:stopDaemon(395)) - Ozone container server stopped.
2019-08-28 04:44:22,477 [main] INFO  handler.ContextHandler (ContextHandler.java:doStop(910)) - Stopped o.e.j.w.WebAppContext@4eb9ae4d{/,null,UNAVAILABLE}{/hddsDatanode}
2019-08-28 04:44:22,478 [main] INFO  server.AbstractConnector (AbstractConnector.java:doStop(318)) - Stopped ServerConnector@5520f675{HTTP/1.1,[http/1.1]}{0.0.0.0:0}
2019-08-28 04:44:22,478 [main] INFO  handler.ContextHandler (ContextHandler.java:doStop(910)) - Stopped o.e.j.s.ServletContextHandler@1c7f9861{/static,jar:file:/home/user/.m2/repository/org/apache/hadoop/hadoop-hdds-container-service/0.5.0-SNAPSHOT/hadoop-hdds-container-service-0.5.0-SNAPSHOT.jar!/webapps/static,UNAVAILABLE}
2019-08-28 04:44:22,479 [main] INFO  handler.ContextHandler (ContextHandler.java:doStop(910)) - Stopped o.e.j.s.ServletContextHandler@191ec193{/logs,file:///workdir/hadoop-ozone/integration-test/target/log,UNAVAILABLE}
2019-08-28 04:44:22,479 [main] INFO  datanode.ObjectStoreHandler (ObjectStoreHandler.java:close(155)) - Closing ObjectStoreHandler.
2019-08-28 04:44:22,480 [main] INFO  ozone.HddsDatanodeService (HddsDatanodeService.java:stop(451)) - Stopped plug-in org.apache.hadoop.ozone.web.OzoneHddsDatanodeService@6af87130
2019-08-28 04:44:22,503 [StateMachineUpdater:025d69ad-6f0c-4e69-9dfc-3a983de9ebc7:group-28A5B8B36B60] INFO  ratis.ContainerStateMachine (ContainerStateMachine.java:takeSnapshot(294)) - group-28A5B8B36B60: Finished taking a snapshot at:(t:2, i:16) file:/workdir/hadoop-ozone/integration-test/target/test-dir/MiniOzoneClusterImpl-dee0cb60-1d83-42ef-98aa-30f750bc63a6/datanode-1/data/ratis/29bfd4bd-d996-40cd-83e2-28a5b8b36b60/sm/snapshot.2_16 time:55
2019-08-28 04:44:22,504 [StateMachineUpdater:025d69ad-6f0c-4e69-9dfc-3a983de9ebc7:group-28A5B8B36B60] INFO  impl.StateMachineUpdater (StateMachineUpdater.java:takeSnapshot(242)) - StateMachineUpdater:025d69ad-6f0c-4e69-9dfc-3a983de9ebc7:group-28A5B8B36B60: Took a snapshot at index 16
2019-08-28 04:44:22,504 [StateMachineUpdater:025d69ad-6f0c-4e69-9dfc-3a983de9ebc7:group-28A5B8B36B60] INFO  impl.StateMachineUpdater (StateMachineUpdater.java:lambda$new$0(80)) - StateMachineUpdater:025d69ad-6f0c-4e69-9dfc-3a983de9ebc7:group-28A5B8B36B60: snapshotIndex: updateIncreasingly -1 -> 16
2019-08-28 04:44:22,508 [ForkJoinPool.commonPool-worker-1] INFO  impl.RaftServerImpl (ServerState.java:close(394)) - 025d69ad-6f0c-4e69-9dfc-3a983de9ebc7:group-28A5B8B36B60 closes. The last applied log index is 16
2019-08-28 04:44:22,509 [025d69ad-6f0c-4e69-9dfc-3a983de9ebc7-SegmentedRaftLogWorker:Storage Directory /workdir/hadoop-ozone/integration-test/target/test-dir/MiniOzoneClusterImpl-dee0cb60-1d83-42ef-98aa-30f750bc63a6/datanode-1/data/ratis/29bfd4bd-d996-40cd-83e2-28a5b8b36b60] INFO  segmented.SegmentedRaftLogWorker (SegmentedRaftLogWorker.java:run(313)) - 025d69ad-6f0c-4e69-9dfc-3a983de9ebc7-SegmentedRaftLogWorker:Storage Directory /workdir/hadoop-ozone/integration-test/target/test-dir/MiniOzoneClusterImpl-dee0cb60-1d83-42ef-98aa-30f750bc63a6/datanode-1/data/ratis/29bfd4bd-d996-40cd-83e2-28a5b8b36b60 was interrupted, exiting. There are 0 tasks remaining in the queue.
2019-08-28 04:44:22,511 [ForkJoinPool.commonPool-worker-1] INFO  segmented.SegmentedRaftLogWorker (SegmentedRaftLogWorker.java:close(228)) - 025d69ad-6f0c-4e69-9dfc-3a983de9ebc7-SegmentedRaftLogWorker:Storage Directory /workdir/hadoop-ozone/integration-test/target/test-dir/MiniOzoneClusterImpl-dee0cb60-1d83-42ef-98aa-30f750bc63a6/datanode-1/data/ratis/29bfd4bd-d996-40cd-83e2-28a5b8b36b60 close()
2019-08-28 04:44:22,515 [ForkJoinPool.commonPool-worker-1] INFO  server.GrpcService (GrpcService.java:closeImpl(155)) - 025d69ad-6f0c-4e69-9dfc-3a983de9ebc7: shutdown server with port 36131 now
2019-08-28 04:44:22,521 [ForkJoinPool.commonPool-worker-1] INFO  server.GrpcService (GrpcService.java:closeImpl(163)) - 025d69ad-6f0c-4e69-9dfc-3a983de9ebc7: shutdown server with port 36131 successfully
2019-08-28 04:44:22,521 [grpc-default-executor-11] WARN  server.GrpcServerProtocolService (LogUtils.java:warn(134)) - 025d69ad-6f0c-4e69-9dfc-3a983de9ebc7: appendEntries onError: org.apache.ratis.thirdparty.io.grpc.StatusRuntimeException: CANCELLED: cancelled before receiving half close
2019-08-28 04:44:22,523 [grpc-default-executor-5] WARN  server.GrpcLogAppender (LogUtils.java:warn(134)) - 3aa4c088-6d9c-4e45-8699-9552fa9982bb->025d69ad-6f0c-4e69-9dfc-3a983de9ebc7: Failed appendEntries: org.apache.ratis.thirdparty.io.grpc.StatusRuntimeException: CANCELLED: HTTP/2 error code: CANCEL
Received Rst Stream
2019-08-28 04:44:22,527 [grpc-default-executor-5] INFO  impl.FollowerInfo (FollowerInfo.java:lambda$new$0(50)) - 3aa4c088-6d9c-4e45-8699-9552fa9982bb->025d69ad-6f0c-4e69-9dfc-3a983de9ebc7: nextIndex: updateUnconditionally 17 -> 16
2019-08-28 04:44:22,529 [ForkJoinPool.commonPool-worker-1] INFO  utils.BackgroundService (BackgroundService.java:shutdown(148)) - Shutting down service BlockDeletingService
2019-08-28 04:44:22,532 [refreshUsed-/workdir/hadoop-ozone/integration-test/target/test-dir/MiniOzoneClusterImpl-dee0cb60-1d83-42ef-98aa-30f750bc63a6/datanode-1/data/containers] WARN  fs.CachingGetSpaceUsed (CachingGetSpaceUsed.java:run(183)) - Thread Interrupted waiting to refresh disk information: sleep interrupted
2019-08-28 04:44:22,572 [ForkJoinPool.commonPool-worker-1] INFO  statemachine.DatanodeStateMachine (DatanodeStateMachine.java:stopDaemon(395)) - Ozone container server stopped.
2019-08-28 04:44:22,577 [ForkJoinPool.commonPool-worker-1] INFO  handler.ContextHandler (ContextHandler.java:doStop(910)) - Stopped o.e.j.w.WebAppContext@1f536481{/,null,UNAVAILABLE}{/hddsDatanode}
2019-08-28 04:44:22,578 [ForkJoinPool.commonPool-worker-1] INFO  server.AbstractConnector (AbstractConnector.java:doStop(318)) - Stopped ServerConnector@5234b61a{HTTP/1.1,[http/1.1]}{0.0.0.0:0}
2019-08-28 04:44:22,580 [ForkJoinPool.commonPool-worker-1] INFO  handler.ContextHandler (ContextHandler.java:doStop(910)) - Stopped o.e.j.s.ServletContextHandler@43d65a81{/static,jar:file:/home/user/.m2/repository/org/apache/hadoop/hadoop-hdds-container-service/0.5.0-SNAPSHOT/hadoop-hdds-container-service-0.5.0-SNAPSHOT.jar!/webapps/static,UNAVAILABLE}
2019-08-28 04:44:22,581 [ForkJoinPool.commonPool-worker-1] INFO  handler.ContextHandler (ContextHandler.java:doStop(910)) - Stopped o.e.j.s.ServletContextHandler@22ead351{/logs,file:///workdir/hadoop-ozone/integration-test/target/log,UNAVAILABLE}
2019-08-28 04:44:22,582 [ForkJoinPool.commonPool-worker-1] INFO  datanode.ObjectStoreHandler (ObjectStoreHandler.java:close(155)) - Closing ObjectStoreHandler.
2019-08-28 04:44:22,583 [ForkJoinPool.commonPool-worker-1] INFO  ozone.HddsDatanodeService (HddsDatanodeService.java:stop(451)) - Stopped plug-in org.apache.hadoop.ozone.web.OzoneHddsDatanodeService@70881123
2019-08-28 04:44:22,867 [Datanode State Machine Thread - 0] INFO  statemachine.DatanodeStateMachine (DatanodeStateMachine.java:lambda$startDaemon$0(350)) - Ozone container server started.
2019-08-28 04:44:22,905 | INFO  | SCMAudit | user=jenkins1000 | ip=192.168.69.75 | op=SEND_HEARTBEAT {datanodeUUID=3aa4c088-6d9c-4e45-8699-9552fa9982bb, command=[commandType: closeContainerCommand closeContainerCommandProto { containerID: 1 pipelineID { id: "29bfd4bd-d996-40cd-83e2-28a5b8b36b60" } cmdId: 1 force: false } ]} | ret=SUCCESS |  
2019-08-28 04:44:23,102 [Datanode State Machine Thread - 0] INFO  statemachine.DatanodeStateMachine (DatanodeStateMachine.java:lambda$startDaemon$0(350)) - Ozone container server started.
2019-08-28 04:44:23,172 | INFO  | SCMAudit | user=jenkins1000 | ip=192.168.69.75 | op=SEND_HEARTBEAT {datanodeUUID=8bdb61b5-fa98-4739-8e0a-5280a4fe194a, command=[]} | ret=SUCCESS |  
2019-08-28 04:44:23,172 | INFO  | SCMAudit | user=jenkins1000 | ip=192.168.69.75 | op=SEND_HEARTBEAT {datanodeUUID=aaa2da48-ccc8-4121-a1a5-30f8a5c77378, command=[]} | ret=SUCCESS |  
2019-08-28 04:44:23,636 [grpc-default-executor-8] WARN  server.GrpcLogAppender (LogUtils.java:warn(134)) - 3aa4c088-6d9c-4e45-8699-9552fa9982bb->025d69ad-6f0c-4e69-9dfc-3a983de9ebc7: Failed appendEntries: org.apache.ratis.thirdparty.io.grpc.StatusRuntimeException: UNAVAILABLE: io exception
2019-08-28 04:44:23,645 [grpc-default-executor-8] INFO  impl.FollowerInfo (FollowerInfo.java:lambda$new$0(50)) - 3aa4c088-6d9c-4e45-8699-9552fa9982bb->025d69ad-6f0c-4e69-9dfc-3a983de9ebc7: nextIndex: updateUnconditionally 16 -> 15
2019-08-28 04:44:23,870 | INFO  | SCMAudit | user=jenkins1000 | ip=192.168.69.75 | op=SEND_HEARTBEAT {datanodeUUID=3aa4c088-6d9c-4e45-8699-9552fa9982bb, command=[]} | ret=SUCCESS |  
2019-08-28 04:44:23,912 | INFO  | SCMAudit | user=jenkins1000 | ip=192.168.69.75 | op=SEND_HEARTBEAT {datanodeUUID=3aa4c088-6d9c-4e45-8699-9552fa9982bb, command=[]} | ret=SUCCESS |  
2019-08-28 04:44:23,916 [grpc-default-executor-11] WARN  server.GrpcLogAppender (LogUtils.java:warn(134)) - 3aa4c088-6d9c-4e45-8699-9552fa9982bb->025d69ad-6f0c-4e69-9dfc-3a983de9ebc7: Failed appendEntries: org.apache.ratis.thirdparty.io.grpc.StatusRuntimeException: UNAVAILABLE: io exception
2019-08-28 04:44:23,920 [grpc-default-executor-11] INFO  impl.FollowerInfo (FollowerInfo.java:lambda$new$0(50)) - 3aa4c088-6d9c-4e45-8699-9552fa9982bb->025d69ad-6f0c-4e69-9dfc-3a983de9ebc7: nextIndex: updateUnconditionally 16 -> 15
2019-08-28 04:44:23,930 [grpc-default-executor-5] WARN  server.GrpcLogAppender (LogUtils.java:warn(134)) - 3aa4c088-6d9c-4e45-8699-9552fa9982bb->025d69ad-6f0c-4e69-9dfc-3a983de9ebc7: Failed appendEntries: org.apache.ratis.thirdparty.io.grpc.StatusRuntimeException: UNAVAILABLE: io exception
2019-08-28 04:44:23,933 [grpc-default-executor-5] INFO  impl.FollowerInfo (FollowerInfo.java:lambda$new$0(50)) - 3aa4c088-6d9c-4e45-8699-9552fa9982bb->025d69ad-6f0c-4e69-9dfc-3a983de9ebc7: nextIndex: updateUnconditionally 16 -> 15
2019-08-28 04:44:23,947 [grpc-default-executor-11] WARN  server.GrpcLogAppender (LogUtils.java:warn(134)) - 3aa4c088-6d9c-4e45-8699-9552fa9982bb->025d69ad-6f0c-4e69-9dfc-3a983de9ebc7: Failed appendEntries: org.apache.ratis.thirdparty.io.grpc.StatusRuntimeException: UNAVAILABLE: io exception
2019-08-28 04:44:23,950 [grpc-default-executor-11] INFO  impl.FollowerInfo (FollowerInfo.java:lambda$new$0(50)) - 3aa4c088-6d9c-4e45-8699-9552fa9982bb->025d69ad-6f0c-4e69-9dfc-3a983de9ebc7: nextIndex: updateUnconditionally 16 -> 15
2019-08-28 04:44:23,988 [RatisApplyTransactionExecutor 1] INFO  interfaces.Container (KeyValueContainer.java:compactDB(356)) - Container 1 is closed with bcsId 14.
2019-08-28 04:44:23,988 | INFO  | DNAudit | user=null | ip=null | op=CLOSE_CONTAINER {containerID=1} | ret=SUCCESS |  
2019-08-28 04:44:23,990 | INFO  | SCMAudit | user=jenkins1000 | ip=192.168.69.75 | op=SEND_HEARTBEAT {datanodeUUID=3aa4c088-6d9c-4e45-8699-9552fa9982bb, command=[]} | ret=SUCCESS |  
2019-08-28 04:44:23,990 [EventQueue-IncrementalContainerReportForIncrementalContainerReportHandler] INFO  container.IncrementalContainerReportHandler (AbstractContainerReportHandler.java:updateContainerState(176)) - Moving container #1 to CLOSED state, datanode 3aa4c088-6d9c-4e45-8699-9552fa9982bb{ip: 192.168.69.75, host: pr-hdds-2014-rr4xc-1992234301, networkLocation: /default-rack, certSerialId: null} reported CLOSED replica.
2019-08-28 04:44:24,071 [RatisApplyTransactionExecutor 1] INFO  interfaces.Container (KeyValueContainer.java:compactDB(356)) - Container 1 is closed with bcsId 14.
2019-08-28 04:44:24,074 | INFO  | DNAudit | user=null | ip=null | op=CLOSE_CONTAINER {containerID=1} | ret=SUCCESS |  
2019-08-28 04:44:24,171 | INFO  | SCMAudit | user=jenkins1000 | ip=192.168.69.75 | op=SEND_HEARTBEAT {datanodeUUID=8bdb61b5-fa98-4739-8e0a-5280a4fe194a, command=[]} | ret=SUCCESS |  
2019-08-28 04:44:24,171 | INFO  | SCMAudit | user=jenkins1000 | ip=192.168.69.75 | op=SEND_HEARTBEAT {datanodeUUID=aaa2da48-ccc8-4121-a1a5-30f8a5c77378, command=[]} | ret=SUCCESS |  
2019-08-28 04:44:24,990 | INFO  | SCMAudit | user=jenkins1000 | ip=192.168.69.75 | op=SEND_HEARTBEAT {datanodeUUID=3aa4c088-6d9c-4e45-8699-9552fa9982bb, command=[]} | ret=SUCCESS |  
2019-08-28 04:44:25,172 | INFO  | SCMAudit | user=jenkins1000 | ip=192.168.69.75 | op=SEND_HEARTBEAT {datanodeUUID=8bdb61b5-fa98-4739-8e0a-5280a4fe194a, command=[]} | ret=SUCCESS |  
2019-08-28 04:44:25,172 | INFO  | SCMAudit | user=jenkins1000 | ip=192.168.69.75 | op=SEND_HEARTBEAT {datanodeUUID=aaa2da48-ccc8-4121-a1a5-30f8a5c77378, command=[]} | ret=SUCCESS |  
2019-08-28 04:44:25,990 | INFO  | SCMAudit | user=jenkins1000 | ip=192.168.69.75 | op=SEND_HEARTBEAT {datanodeUUID=3aa4c088-6d9c-4e45-8699-9552fa9982bb, command=[]} | ret=SUCCESS |  
2019-08-28 04:44:26,172 | INFO  | SCMAudit | user=jenkins1000 | ip=192.168.69.75 | op=SEND_HEARTBEAT {datanodeUUID=aaa2da48-ccc8-4121-a1a5-30f8a5c77378, command=[]} | ret=SUCCESS |  
2019-08-28 04:44:26,173 | INFO  | SCMAudit | user=jenkins1000 | ip=192.168.69.75 | op=SEND_HEARTBEAT {datanodeUUID=8bdb61b5-fa98-4739-8e0a-5280a4fe194a, command=[]} | ret=SUCCESS |  
2019-08-28 04:44:26,450 [grpc-default-executor-8] WARN  server.GrpcLogAppender (LogUtils.java:warn(134)) - 3aa4c088-6d9c-4e45-8699-9552fa9982bb->025d69ad-6f0c-4e69-9dfc-3a983de9ebc7: Failed appendEntries: org.apache.ratis.thirdparty.io.grpc.StatusRuntimeException: UNAVAILABLE: io exception
2019-08-28 04:44:26,453 [grpc-default-executor-8] INFO  impl.FollowerInfo (FollowerInfo.java:lambda$new$0(50)) - 3aa4c088-6d9c-4e45-8699-9552fa9982bb->025d69ad-6f0c-4e69-9dfc-3a983de9ebc7: nextIndex: updateUnconditionally 15 -> 14
2019-08-28 04:44:26,938 [EventQueue-StaleNodeForStaleNodeHandler] INFO  node.StaleNodeHandler (StaleNodeHandler.java:onMessage(58)) - Datanode 8dbdf2d3-0592-4172-9c9d-ce42eb2799ca{ip: 192.168.69.75, host: pr-hdds-2014-rr4xc-1992234301, networkLocation: /default-rack, certSerialId: null} moved to stale state. Finalizing its pipelines [PipelineID=189e3edf-4c4b-4a9e-966c-f6dcad0faaf3, PipelineID=29bfd4bd-d996-40cd-83e2-28a5b8b36b60]
2019-08-28 04:44:26,938 [EventQueue-StaleNodeForStaleNodeHandler] INFO  pipeline.SCMPipelineManager (SCMPipelineManager.java:finalizeAndDestroyPipeline(309)) - destroying pipeline:Pipeline[ Id: 189e3edf-4c4b-4a9e-966c-f6dcad0faaf3, Nodes: 8dbdf2d3-0592-4172-9c9d-ce42eb2799ca{ip: 192.168.69.75, host: pr-hdds-2014-rr4xc-1992234301, networkLocation: /default-rack, certSerialId: null}, Type:RATIS, Factor:ONE, State:OPEN]
2019-08-28 04:44:26,938 [EventQueue-StaleNodeForStaleNodeHandler] INFO  pipeline.PipelineStateManager (PipelineStateManager.java:finalizePipeline(123)) - Pipeline Pipeline[ Id: 189e3edf-4c4b-4a9e-966c-f6dcad0faaf3, Nodes: 8dbdf2d3-0592-4172-9c9d-ce42eb2799ca{ip: 192.168.69.75, host: pr-hdds-2014-rr4xc-1992234301, networkLocation: /default-rack, certSerialId: null}, Type:RATIS, Factor:ONE, State:CLOSED] moved to CLOSED state
2019-08-28 04:44:26,939 [EventQueue-StaleNodeForStaleNodeHandler] INFO  pipeline.SCMPipelineManager (SCMPipelineManager.java:finalizeAndDestroyPipeline(309)) - destroying pipeline:Pipeline[ Id: 29bfd4bd-d996-40cd-83e2-28a5b8b36b60, Nodes: 3aa4c088-6d9c-4e45-8699-9552fa9982bb{ip: 192.168.69.75, host: pr-hdds-2014-rr4xc-1992234301, networkLocation: /default-rack, certSerialId: null}8dbdf2d3-0592-4172-9c9d-ce42eb2799ca{ip: 192.168.69.75, host: pr-hdds-2014-rr4xc-1992234301, networkLocation: /default-rack, certSerialId: null}025d69ad-6f0c-4e69-9dfc-3a983de9ebc7{ip: 192.168.69.75, host: pr-hdds-2014-rr4xc-1992234301, networkLocation: /default-rack, certSerialId: null}, Type:RATIS, Factor:THREE, State:CLOSED]
2019-08-28 04:44:26,989 | INFO  | SCMAudit | user=jenkins1000 | ip=192.168.69.75 | op=SEND_HEARTBEAT {datanodeUUID=3aa4c088-6d9c-4e45-8699-9552fa9982bb, command=[]} | ret=SUCCESS |  
2019-08-28 04:44:27,138 [EventQueue-StaleNodeForStaleNodeHandler] INFO  node.StaleNodeHandler (StaleNodeHandler.java:onMessage(58)) - Datanode f5b518e1-81ed-4539-890c-23fde7b7af4e{ip: 192.168.69.75, host: pr-hdds-2014-rr4xc-1992234301, networkLocation: /default-rack, certSerialId: null} moved to stale state. Finalizing its pipelines [PipelineID=135e4cec-8ab3-4a1e-9afe-77e02766c8f2, PipelineID=cb3c5af4-e338-43bf-b498-3d64e44e2884]
2019-08-28 04:44:27,138 [EventQueue-StaleNodeForStaleNodeHandler] INFO  pipeline.SCMPipelineManager (SCMPipelineManager.java:finalizeAndDestroyPipeline(309)) - destroying pipeline:Pipeline[ Id: 135e4cec-8ab3-4a1e-9afe-77e02766c8f2, Nodes: f5b518e1-81ed-4539-890c-23fde7b7af4e{ip: 192.168.69.75, host: pr-hdds-2014-rr4xc-1992234301, networkLocation: /default-rack, certSerialId: null}, Type:RATIS, Factor:ONE, State:OPEN]
2019-08-28 04:44:27,139 [EventQueue-StaleNodeForStaleNodeHandler] INFO  pipeline.PipelineStateManager (PipelineStateManager.java:finalizePipeline(123)) - Pipeline Pipeline[ Id: 135e4cec-8ab3-4a1e-9afe-77e02766c8f2, Nodes: f5b518e1-81ed-4539-890c-23fde7b7af4e{ip: 192.168.69.75, host: pr-hdds-2014-rr4xc-1992234301, networkLocation: /default-rack, certSerialId: null}, Type:RATIS, Factor:ONE, State:CLOSED] moved to CLOSED state
2019-08-28 04:44:27,139 [EventQueue-StaleNodeForStaleNodeHandler] INFO  pipeline.SCMPipelineManager (SCMPipelineManager.java:finalizeAndDestroyPipeline(309)) - destroying pipeline:Pipeline[ Id: cb3c5af4-e338-43bf-b498-3d64e44e2884, Nodes: aaa2da48-ccc8-4121-a1a5-30f8a5c77378{ip: 192.168.69.75, host: pr-hdds-2014-rr4xc-1992234301, networkLocation: /default-rack, certSerialId: null}8bdb61b5-fa98-4739-8e0a-5280a4fe194a{ip: 192.168.69.75, host: pr-hdds-2014-rr4xc-1992234301, networkLocation: /default-rack, certSerialId: null}f5b518e1-81ed-4539-890c-23fde7b7af4e{ip: 192.168.69.75, host: pr-hdds-2014-rr4xc-1992234301, networkLocation: /default-rack, certSerialId: null}, Type:RATIS, Factor:THREE, State:OPEN]
2019-08-28 04:44:27,139 [EventQueue-StaleNodeForStaleNodeHandler] INFO  pipeline.PipelineStateManager (PipelineStateManager.java:finalizePipeline(123)) - Pipeline Pipeline[ Id: cb3c5af4-e338-43bf-b498-3d64e44e2884, Nodes: aaa2da48-ccc8-4121-a1a5-30f8a5c77378{ip: 192.168.69.75, host: pr-hdds-2014-rr4xc-1992234301, networkLocation: /default-rack, certSerialId: null}8bdb61b5-fa98-4739-8e0a-5280a4fe194a{ip: 192.168.69.75, host: pr-hdds-2014-rr4xc-1992234301, networkLocation: /default-rack, certSerialId: null}f5b518e1-81ed-4539-890c-23fde7b7af4e{ip: 192.168.69.75, host: pr-hdds-2014-rr4xc-1992234301, networkLocation: /default-rack, certSerialId: null}, Type:RATIS, Factor:THREE, State:CLOSED] moved to CLOSED state
2019-08-28 04:44:27,139 [EventQueue-CloseContainerForCloseContainerEventHandler] INFO  container.CloseContainerEventHandler (CloseContainerEventHandler.java:onMessage(61)) - Close container Event triggered for container : #2
2019-08-28 04:44:27,172 | INFO  | SCMAudit | user=jenkins1000 | ip=192.168.69.75 | op=SEND_HEARTBEAT {datanodeUUID=aaa2da48-ccc8-4121-a1a5-30f8a5c77378, command=[commandType: closeContainerCommand closeContainerCommandProto { containerID: 2 pipelineID { id: "cb3c5af4-e338-43bf-b498-3d64e44e2884" } cmdId: 2 force: false } ]} | ret=SUCCESS |  
2019-08-28 04:44:27,173 | INFO  | SCMAudit | user=jenkins1000 | ip=192.168.69.75 | op=SEND_HEARTBEAT {datanodeUUID=8bdb61b5-fa98-4739-8e0a-5280a4fe194a, command=[commandType: closeContainerCommand closeContainerCommandProto { containerID: 2 pipelineID { id: "cb3c5af4-e338-43bf-b498-3d64e44e2884" } cmdId: 2 force: false } ]} | ret=SUCCESS |  
2019-08-28 04:44:27,481 [main] INFO  ozoneimpl.OzoneContainer (OzoneContainer.java:stop(199)) - Attempting to stop container services.
2019-08-28 04:44:27,481 [main] INFO  impl.RaftServerProxy (RaftServerProxy.java:lambda$close$4(314)) - 8dbdf2d3-0592-4172-9c9d-ce42eb2799ca: close
2019-08-28 04:44:27,482 [main] INFO  impl.RaftServerImpl (RaftServerImpl.java:lambda$shutdown$3(245)) - 8dbdf2d3-0592-4172-9c9d-ce42eb2799ca: shutdown group-F6DCAD0FAAF3
2019-08-28 04:44:27,482 [main] INFO  util.JmxRegister (JmxRegister.java:unregister(73)) - Successfully un-registered JMX Bean with object name Ratis:service=RaftServer,group=group-F6DCAD0FAAF3,id=8dbdf2d3-0592-4172-9c9d-ce42eb2799ca
2019-08-28 04:44:27,483 [main] INFO  impl.RoleInfo (RoleInfo.java:shutdownLeaderState(104)) - 8dbdf2d3-0592-4172-9c9d-ce42eb2799ca: shutdown LeaderState
2019-08-28 04:44:27,483 [main] INFO  impl.PendingRequests (PendingRequests.java:sendNotLeaderResponses(202)) - 8dbdf2d3-0592-4172-9c9d-ce42eb2799ca-PendingRequests: sendNotLeaderResponses
2019-08-28 04:44:27,484 [main] INFO  impl.StateMachineUpdater (StateMachineUpdater.java:stopAndJoin(115)) - StateMachineUpdater:8dbdf2d3-0592-4172-9c9d-ce42eb2799ca:group-F6DCAD0FAAF3: set stopIndex = 0
2019-08-28 04:44:27,484 [main] INFO  impl.RaftServerImpl (ServerState.java:close(394)) - 8dbdf2d3-0592-4172-9c9d-ce42eb2799ca:group-F6DCAD0FAAF3 closes. The last applied log index is 0
2019-08-28 04:44:27,485 [8dbdf2d3-0592-4172-9c9d-ce42eb2799ca-SegmentedRaftLogWorker:Storage Directory /workdir/hadoop-ozone/integration-test/target/test-dir/MiniOzoneClusterImpl-dee0cb60-1d83-42ef-98aa-30f750bc63a6/datanode-3/data/ratis/189e3edf-4c4b-4a9e-966c-f6dcad0faaf3] INFO  segmented.SegmentedRaftLogWorker (SegmentedRaftLogWorker.java:run(313)) - 8dbdf2d3-0592-4172-9c9d-ce42eb2799ca-SegmentedRaftLogWorker:Storage Directory /workdir/hadoop-ozone/integration-test/target/test-dir/MiniOzoneClusterImpl-dee0cb60-1d83-42ef-98aa-30f750bc63a6/datanode-3/data/ratis/189e3edf-4c4b-4a9e-966c-f6dcad0faaf3 was interrupted, exiting. There are 0 tasks remaining in the queue.
2019-08-28 04:44:27,488 [main] INFO  segmented.SegmentedRaftLogWorker (SegmentedRaftLogWorker.java:close(228)) - 8dbdf2d3-0592-4172-9c9d-ce42eb2799ca-SegmentedRaftLogWorker:Storage Directory /workdir/hadoop-ozone/integration-test/target/test-dir/MiniOzoneClusterImpl-dee0cb60-1d83-42ef-98aa-30f750bc63a6/datanode-3/data/ratis/189e3edf-4c4b-4a9e-966c-f6dcad0faaf3 close()
2019-08-28 04:44:27,491 [main] INFO  impl.RaftServerImpl (RaftServerImpl.java:lambda$shutdown$3(245)) - 8dbdf2d3-0592-4172-9c9d-ce42eb2799ca: shutdown group-28A5B8B36B60
2019-08-28 04:44:27,492 [main] INFO  util.JmxRegister (JmxRegister.java:unregister(73)) - Successfully un-registered JMX Bean with object name Ratis:service=RaftServer,group=group-28A5B8B36B60,id=8dbdf2d3-0592-4172-9c9d-ce42eb2799ca
2019-08-28 04:44:27,492 [main] INFO  impl.RoleInfo (RoleInfo.java:shutdownFollowerState(121)) - 8dbdf2d3-0592-4172-9c9d-ce42eb2799ca: shutdown FollowerState
2019-08-28 04:44:27,493 [main] INFO  impl.StateMachineUpdater (StateMachineUpdater.java:stopAndJoin(115)) - StateMachineUpdater:8dbdf2d3-0592-4172-9c9d-ce42eb2799ca:group-28A5B8B36B60: set stopIndex = 18
2019-08-28 04:44:27,493 [StateMachineUpdater:8dbdf2d3-0592-4172-9c9d-ce42eb2799ca:group-28A5B8B36B60] INFO  ratis.ContainerStateMachine (ContainerStateMachine.java:takeSnapshot(283)) - group-28A5B8B36B60: Taking a snapshot at:(t:2, i:17) file /workdir/hadoop-ozone/integration-test/target/test-dir/MiniOzoneClusterImpl-dee0cb60-1d83-42ef-98aa-30f750bc63a6/datanode-3/data/ratis/29bfd4bd-d996-40cd-83e2-28a5b8b36b60/sm/snapshot.2_17
2019-08-28 04:44:27,493 [Thread-356] INFO  impl.FollowerState (FollowerState.java:run(114)) - 8dbdf2d3-0592-4172-9c9d-ce42eb2799ca: FollowerState was interrupted: java.lang.InterruptedException: sleep interrupted
2019-08-28 04:44:27,507 [StateMachineUpdater:8dbdf2d3-0592-4172-9c9d-ce42eb2799ca:group-28A5B8B36B60] INFO  ratis.ContainerStateMachine (ContainerStateMachine.java:takeSnapshot(294)) - group-28A5B8B36B60: Finished taking a snapshot at:(t:2, i:17) file:/workdir/hadoop-ozone/integration-test/target/test-dir/MiniOzoneClusterImpl-dee0cb60-1d83-42ef-98aa-30f750bc63a6/datanode-3/data/ratis/29bfd4bd-d996-40cd-83e2-28a5b8b36b60/sm/snapshot.2_17 time:14
2019-08-28 04:44:27,507 [StateMachineUpdater:8dbdf2d3-0592-4172-9c9d-ce42eb2799ca:group-28A5B8B36B60] INFO  impl.StateMachineUpdater (StateMachineUpdater.java:takeSnapshot(242)) - StateMachineUpdater:8dbdf2d3-0592-4172-9c9d-ce42eb2799ca:group-28A5B8B36B60: Took a snapshot at index 17
2019-08-28 04:44:27,507 [StateMachineUpdater:8dbdf2d3-0592-4172-9c9d-ce42eb2799ca:group-28A5B8B36B60] INFO  impl.StateMachineUpdater (StateMachineUpdater.java:lambda$new$0(80)) - StateMachineUpdater:8dbdf2d3-0592-4172-9c9d-ce42eb2799ca:group-28A5B8B36B60: snapshotIndex: updateIncreasingly -1 -> 17
2019-08-28 04:44:27,508 [main] INFO  impl.RaftServerImpl (ServerState.java:close(394)) - 8dbdf2d3-0592-4172-9c9d-ce42eb2799ca:group-28A5B8B36B60 closes. The last applied log index is 18
2019-08-28 04:44:27,508 [8dbdf2d3-0592-4172-9c9d-ce42eb2799ca-SegmentedRaftLogWorker:Storage Directory /workdir/hadoop-ozone/integration-test/target/test-dir/MiniOzoneClusterImpl-dee0cb60-1d83-42ef-98aa-30f750bc63a6/datanode-3/data/ratis/29bfd4bd-d996-40cd-83e2-28a5b8b36b60] INFO  segmented.SegmentedRaftLogWorker (SegmentedRaftLogWorker.java:run(313)) - 8dbdf2d3-0592-4172-9c9d-ce42eb2799ca-SegmentedRaftLogWorker:Storage Directory /workdir/hadoop-ozone/integration-test/target/test-dir/MiniOzoneClusterImpl-dee0cb60-1d83-42ef-98aa-30f750bc63a6/datanode-3/data/ratis/29bfd4bd-d996-40cd-83e2-28a5b8b36b60 was interrupted, exiting. There are 0 tasks remaining in the queue.
2019-08-28 04:44:27,510 [main] INFO  segmented.SegmentedRaftLogWorker (SegmentedRaftLogWorker.java:close(228)) - 8dbdf2d3-0592-4172-9c9d-ce42eb2799ca-SegmentedRaftLogWorker:Storage Directory /workdir/hadoop-ozone/integration-test/target/test-dir/MiniOzoneClusterImpl-dee0cb60-1d83-42ef-98aa-30f750bc63a6/datanode-3/data/ratis/29bfd4bd-d996-40cd-83e2-28a5b8b36b60 close()
2019-08-28 04:44:27,513 [main] INFO  server.GrpcService (GrpcService.java:closeImpl(155)) - 8dbdf2d3-0592-4172-9c9d-ce42eb2799ca: shutdown server with port 46585 now
2019-08-28 04:44:27,514 [grpc-default-executor-8] WARN  server.GrpcServerProtocolService (LogUtils.java:warn(134)) - 8dbdf2d3-0592-4172-9c9d-ce42eb2799ca: appendEntries onError: org.apache.ratis.thirdparty.io.grpc.StatusRuntimeException: CANCELLED: cancelled before receiving half close
2019-08-28 04:44:27,516 [main] INFO  server.GrpcService (GrpcService.java:closeImpl(163)) - 8dbdf2d3-0592-4172-9c9d-ce42eb2799ca: shutdown server with port 46585 successfully
2019-08-28 04:44:27,517 [grpc-default-executor-8] WARN  server.GrpcLogAppender (LogUtils.java:warn(134)) - 3aa4c088-6d9c-4e45-8699-9552fa9982bb->8dbdf2d3-0592-4172-9c9d-ce42eb2799ca: Failed appendEntries: org.apache.ratis.thirdparty.io.grpc.StatusRuntimeException: CANCELLED: HTTP/2 error code: CANCEL
Received Rst Stream
2019-08-28 04:44:27,517 [grpc-default-executor-8] INFO  impl.FollowerInfo (FollowerInfo.java:lambda$new$0(50)) - 3aa4c088-6d9c-4e45-8699-9552fa9982bb->8dbdf2d3-0592-4172-9c9d-ce42eb2799ca: nextIndex: updateUnconditionally 19 -> 18
2019-08-28 04:44:27,520 [main] INFO  utils.BackgroundService (BackgroundService.java:shutdown(148)) - Shutting down service BlockDeletingService
2019-08-28 04:44:27,524 [refreshUsed-/workdir/hadoop-ozone/integration-test/target/test-dir/MiniOzoneClusterImpl-dee0cb60-1d83-42ef-98aa-30f750bc63a6/datanode-3/data/containers] WARN  fs.CachingGetSpaceUsed (CachingGetSpaceUsed.java:run(183)) - Thread Interrupted waiting to refresh disk information: sleep interrupted
2019-08-28 04:44:27,547 [main] INFO  statemachine.DatanodeStateMachine (DatanodeStateMachine.java:stopDaemon(395)) - Ozone container server stopped.
2019-08-28 04:44:27,548 [main] INFO  handler.ContextHandler (ContextHandler.java:doStop(910)) - Stopped o.e.j.w.WebAppContext@544e3679{/,null,UNAVAILABLE}{/hddsDatanode}
2019-08-28 04:44:27,549 [main] INFO  server.AbstractConnector (AbstractConnector.java:doStop(318)) - Stopped ServerConnector@6889f56f{HTTP/1.1,[http/1.1]}{0.0.0.0:0}
2019-08-28 04:44:27,550 [main] INFO  handler.ContextHandler (ContextHandler.java:doStop(910)) - Stopped o.e.j.s.ServletContextHandler@2eb0cefe{/static,jar:file:/home/user/.m2/repository/org/apache/hadoop/hadoop-hdds-container-service/0.5.0-SNAPSHOT/hadoop-hdds-container-service-0.5.0-SNAPSHOT.jar!/webapps/static,UNAVAILABLE}
2019-08-28 04:44:27,550 [main] INFO  handler.ContextHandler (ContextHandler.java:doStop(910)) - Stopped o.e.j.s.ServletContextHandler@4eeab3e{/logs,file:///workdir/hadoop-ozone/integration-test/target/log,UNAVAILABLE}
2019-08-28 04:44:27,551 [main] INFO  datanode.ObjectStoreHandler (ObjectStoreHandler.java:close(155)) - Closing ObjectStoreHandler.
2019-08-28 04:44:27,552 [main] INFO  ozone.HddsDatanodeService (HddsDatanodeService.java:stop(451)) - Stopped plug-in org.apache.hadoop.ozone.web.OzoneHddsDatanodeService@7f8c3646
2019-08-28 04:44:27,584 [ForkJoinPool.commonPool-worker-1] INFO  ozoneimpl.OzoneContainer (OzoneContainer.java:stop(199)) - Attempting to stop container services.
2019-08-28 04:44:27,584 [ForkJoinPool.commonPool-worker-1] INFO  impl.RaftServerProxy (RaftServerProxy.java:lambda$close$4(314)) - f5b518e1-81ed-4539-890c-23fde7b7af4e: close
2019-08-28 04:44:27,584 [ForkJoinPool.commonPool-worker-1] INFO  impl.RaftServerImpl (RaftServerImpl.java:lambda$shutdown$3(245)) - f5b518e1-81ed-4539-890c-23fde7b7af4e: shutdown group-77E02766C8F2
2019-08-28 04:44:27,585 [ForkJoinPool.commonPool-worker-1] INFO  util.JmxRegister (JmxRegister.java:unregister(73)) - Successfully un-registered JMX Bean with object name Ratis:service=RaftServer,group=group-77E02766C8F2,id=f5b518e1-81ed-4539-890c-23fde7b7af4e
2019-08-28 04:44:27,585 [ForkJoinPool.commonPool-worker-1] INFO  impl.RoleInfo (RoleInfo.java:shutdownLeaderState(104)) - f5b518e1-81ed-4539-890c-23fde7b7af4e: shutdown LeaderState
2019-08-28 04:44:27,585 [ForkJoinPool.commonPool-worker-1] INFO  impl.PendingRequests (PendingRequests.java:sendNotLeaderResponses(202)) - f5b518e1-81ed-4539-890c-23fde7b7af4e-PendingRequests: sendNotLeaderResponses
2019-08-28 04:44:27,586 [ForkJoinPool.commonPool-worker-1] INFO  impl.StateMachineUpdater (StateMachineUpdater.java:stopAndJoin(115)) - StateMachineUpdater:f5b518e1-81ed-4539-890c-23fde7b7af4e:group-77E02766C8F2: set stopIndex = 0
2019-08-28 04:44:27,586 [ForkJoinPool.commonPool-worker-1] INFO  impl.RaftServerImpl (ServerState.java:close(394)) - f5b518e1-81ed-4539-890c-23fde7b7af4e:group-77E02766C8F2 closes. The last applied log index is 0
2019-08-28 04:44:27,587 [f5b518e1-81ed-4539-890c-23fde7b7af4e-SegmentedRaftLogWorker:Storage Directory /workdir/hadoop-ozone/integration-test/target/test-dir/MiniOzoneClusterImpl-dee0cb60-1d83-42ef-98aa-30f750bc63a6/datanode-2/data/ratis/135e4cec-8ab3-4a1e-9afe-77e02766c8f2] INFO  segmented.SegmentedRaftLogWorker (SegmentedRaftLogWorker.java:run(313)) - f5b518e1-81ed-4539-890c-23fde7b7af4e-SegmentedRaftLogWorker:Storage Directory /workdir/hadoop-ozone/integration-test/target/test-dir/MiniOzoneClusterImpl-dee0cb60-1d83-42ef-98aa-30f750bc63a6/datanode-2/data/ratis/135e4cec-8ab3-4a1e-9afe-77e02766c8f2 was interrupted, exiting. There are 0 tasks remaining in the queue.
2019-08-28 04:44:27,588 [ForkJoinPool.commonPool-worker-1] INFO  segmented.SegmentedRaftLogWorker (SegmentedRaftLogWorker.java:close(228)) - f5b518e1-81ed-4539-890c-23fde7b7af4e-SegmentedRaftLogWorker:Storage Directory /workdir/hadoop-ozone/integration-test/target/test-dir/MiniOzoneClusterImpl-dee0cb60-1d83-42ef-98aa-30f750bc63a6/datanode-2/data/ratis/135e4cec-8ab3-4a1e-9afe-77e02766c8f2 close()
2019-08-28 04:44:27,591 [ForkJoinPool.commonPool-worker-1] INFO  impl.RaftServerImpl (RaftServerImpl.java:lambda$shutdown$3(245)) - f5b518e1-81ed-4539-890c-23fde7b7af4e: shutdown group-3D64E44E2884
2019-08-28 04:44:27,591 [ForkJoinPool.commonPool-worker-1] INFO  util.JmxRegister (JmxRegister.java:unregister(73)) - Successfully un-registered JMX Bean with object name Ratis:service=RaftServer,group=group-3D64E44E2884,id=f5b518e1-81ed-4539-890c-23fde7b7af4e
2019-08-28 04:44:27,592 [ForkJoinPool.commonPool-worker-1] INFO  impl.RoleInfo (RoleInfo.java:shutdownLeaderState(104)) - f5b518e1-81ed-4539-890c-23fde7b7af4e: shutdown LeaderState
2019-08-28 04:44:27,594 [org.apache.ratis.server.impl.LogAppender$AppenderDaemon$$Lambda$486/1007505671@66d14a78] WARN  server.GrpcLogAppender (GrpcLogAppender.java:mayWait(143)) - GrpcLogAppender(f5b518e1-81ed-4539-890c-23fde7b7af4e->8bdb61b5-fa98-4739-8e0a-5280a4fe194a): Wait interrupted by java.lang.InterruptedException
2019-08-28 04:44:27,594 [ForkJoinPool.commonPool-worker-1] INFO  impl.PendingRequests (PendingRequests.java:sendNotLeaderResponses(202)) - f5b518e1-81ed-4539-890c-23fde7b7af4e-PendingRequests: sendNotLeaderResponses
2019-08-28 04:44:27,594 [org.apache.ratis.server.impl.LogAppender$AppenderDaemon$$Lambda$486/1007505671@23d3c8c6] WARN  server.GrpcLogAppender (GrpcLogAppender.java:mayWait(143)) - GrpcLogAppender(f5b518e1-81ed-4539-890c-23fde7b7af4e->aaa2da48-ccc8-4121-a1a5-30f8a5c77378): Wait interrupted by java.lang.InterruptedException
2019-08-28 04:44:27,605 [ForkJoinPool.commonPool-worker-1] INFO  impl.StateMachineUpdater (StateMachineUpdater.java:stopAndJoin(115)) - StateMachineUpdater:f5b518e1-81ed-4539-890c-23fde7b7af4e:group-3D64E44E2884: set stopIndex = 4
2019-08-28 04:44:27,605 [StateMachineUpdater:f5b518e1-81ed-4539-890c-23fde7b7af4e:group-3D64E44E2884] INFO  ratis.ContainerStateMachine (ContainerStateMachine.java:takeSnapshot(283)) - group-3D64E44E2884: Taking a snapshot at:(t:3, i:4) file /workdir/hadoop-ozone/integration-test/target/test-dir/MiniOzoneClusterImpl-dee0cb60-1d83-42ef-98aa-30f750bc63a6/datanode-2/data/ratis/cb3c5af4-e338-43bf-b498-3d64e44e2884/sm/snapshot.3_4
2019-08-28 04:44:27,606 [grpc-default-executor-8] INFO  server.GrpcServerProtocolService (GrpcServerProtocolService.java:onCompleted(104)) - aaa2da48-ccc8-4121-a1a5-30f8a5c77378: appendEntries completed
2019-08-28 04:44:27,606 [grpc-default-executor-5] INFO  server.GrpcServerProtocolService (GrpcServerProtocolService.java:onCompleted(104)) - 8bdb61b5-fa98-4739-8e0a-5280a4fe194a: appendEntries completed
2019-08-28 04:44:27,607 [grpc-default-executor-8] INFO  server.GrpcLogAppender (GrpcLogAppender.java:onCompleted(292)) - f5b518e1-81ed-4539-890c-23fde7b7af4e->aaa2da48-ccc8-4121-a1a5-30f8a5c77378: follower responses appendEntries COMPLETED
2019-08-28 04:44:27,608 [grpc-default-executor-8] INFO  impl.FollowerInfo (FollowerInfo.java:lambda$new$0(50)) - f5b518e1-81ed-4539-890c-23fde7b7af4e->aaa2da48-ccc8-4121-a1a5-30f8a5c77378: nextIndex: updateUnconditionally 5 -> 4
2019-08-28 04:44:27,608 [grpc-default-executor-5] INFO  server.GrpcLogAppender (GrpcLogAppender.java:onCompleted(292)) - f5b518e1-81ed-4539-890c-23fde7b7af4e->8bdb61b5-fa98-4739-8e0a-5280a4fe194a: follower responses appendEntries COMPLETED
2019-08-28 04:44:27,608 [grpc-default-executor-5] INFO  impl.FollowerInfo (FollowerInfo.java:lambda$new$0(50)) - f5b518e1-81ed-4539-890c-23fde7b7af4e->8bdb61b5-fa98-4739-8e0a-5280a4fe194a: nextIndex: updateUnconditionally 5 -> 4
2019-08-28 04:44:27,618 [StateMachineUpdater:f5b518e1-81ed-4539-890c-23fde7b7af4e:group-3D64E44E2884] INFO  ratis.ContainerStateMachine (ContainerStateMachine.java:takeSnapshot(294)) - group-3D64E44E2884: Finished taking a snapshot at:(t:3, i:4) file:/workdir/hadoop-ozone/integration-test/target/test-dir/MiniOzoneClusterImpl-dee0cb60-1d83-42ef-98aa-30f750bc63a6/datanode-2/data/ratis/cb3c5af4-e338-43bf-b498-3d64e44e2884/sm/snapshot.3_4 time:13
2019-08-28 04:44:27,618 [StateMachineUpdater:f5b518e1-81ed-4539-890c-23fde7b7af4e:group-3D64E44E2884] INFO  impl.StateMachineUpdater (StateMachineUpdater.java:takeSnapshot(242)) - StateMachineUpdater:f5b518e1-81ed-4539-890c-23fde7b7af4e:group-3D64E44E2884: Took a snapshot at index 4
2019-08-28 04:44:27,618 [StateMachineUpdater:f5b518e1-81ed-4539-890c-23fde7b7af4e:group-3D64E44E2884] INFO  impl.StateMachineUpdater (StateMachineUpdater.java:lambda$new$0(80)) - StateMachineUpdater:f5b518e1-81ed-4539-890c-23fde7b7af4e:group-3D64E44E2884: snapshotIndex: updateIncreasingly -1 -> 4
2019-08-28 04:44:27,619 [ForkJoinPool.commonPool-worker-1] INFO  impl.RaftServerImpl (ServerState.java:close(394)) - f5b518e1-81ed-4539-890c-23fde7b7af4e:group-3D64E44E2884 closes. The last applied log index is 4
2019-08-28 04:44:27,620 [f5b518e1-81ed-4539-890c-23fde7b7af4e-SegmentedRaftLogWorker:Storage Directory /workdir/hadoop-ozone/integration-test/target/test-dir/MiniOzoneClusterImpl-dee0cb60-1d83-42ef-98aa-30f750bc63a6/datanode-2/data/ratis/cb3c5af4-e338-43bf-b498-3d64e44e2884] INFO  segmented.SegmentedRaftLogWorker (SegmentedRaftLogWorker.java:run(313)) - f5b518e1-81ed-4539-890c-23fde7b7af4e-SegmentedRaftLogWorker:Storage Directory /workdir/hadoop-ozone/integration-test/target/test-dir/MiniOzoneClusterImpl-dee0cb60-1d83-42ef-98aa-30f750bc63a6/datanode-2/data/ratis/cb3c5af4-e338-43bf-b498-3d64e44e2884 was interrupted, exiting. There are 0 tasks remaining in the queue.
2019-08-28 04:44:27,622 [ForkJoinPool.commonPool-worker-1] INFO  segmented.SegmentedRaftLogWorker (SegmentedRaftLogWorker.java:close(228)) - f5b518e1-81ed-4539-890c-23fde7b7af4e-SegmentedRaftLogWorker:Storage Directory /workdir/hadoop-ozone/integration-test/target/test-dir/MiniOzoneClusterImpl-dee0cb60-1d83-42ef-98aa-30f750bc63a6/datanode-2/data/ratis/cb3c5af4-e338-43bf-b498-3d64e44e2884 close()
2019-08-28 04:44:27,624 [ForkJoinPool.commonPool-worker-1] INFO  server.GrpcService (GrpcService.java:closeImpl(155)) - f5b518e1-81ed-4539-890c-23fde7b7af4e: shutdown server with port 40482 now
2019-08-28 04:44:27,625 [ForkJoinPool.commonPool-worker-1] INFO  server.GrpcService (GrpcService.java:closeImpl(163)) - f5b518e1-81ed-4539-890c-23fde7b7af4e: shutdown server with port 40482 successfully
2019-08-28 04:44:27,627 [ForkJoinPool.commonPool-worker-1] INFO  utils.BackgroundService (BackgroundService.java:shutdown(148)) - Shutting down service BlockDeletingService
2019-08-28 04:44:27,628 [refreshUsed-/workdir/hadoop-ozone/integration-test/target/test-dir/MiniOzoneClusterImpl-dee0cb60-1d83-42ef-98aa-30f750bc63a6/datanode-2/data/containers] WARN  fs.CachingGetSpaceUsed (CachingGetSpaceUsed.java:run(183)) - Thread Interrupted waiting to refresh disk information: sleep interrupted
2019-08-28 04:44:27,651 [ForkJoinPool.commonPool-worker-1] INFO  statemachine.DatanodeStateMachine (DatanodeStateMachine.java:stopDaemon(395)) - Ozone container server stopped.
2019-08-28 04:44:27,655 [ForkJoinPool.commonPool-worker-1] INFO  handler.ContextHandler (ContextHandler.java:doStop(910)) - Stopped o.e.j.w.WebAppContext@291a4791{/,null,UNAVAILABLE}{/hddsDatanode}
2019-08-28 04:44:27,656 [ForkJoinPool.commonPool-worker-1] INFO  server.AbstractConnector (AbstractConnector.java:doStop(318)) - Stopped ServerConnector@5b1e88f{HTTP/1.1,[http/1.1]}{0.0.0.0:0}
2019-08-28 04:44:27,657 [ForkJoinPool.commonPool-worker-1] INFO  handler.ContextHandler (ContextHandler.java:doStop(910)) - Stopped o.e.j.s.ServletContextHandler@7abeabe9{/static,jar:file:/home/user/.m2/repository/org/apache/hadoop/hadoop-hdds-container-service/0.5.0-SNAPSHOT/hadoop-hdds-container-service-0.5.0-SNAPSHOT.jar!/webapps/static,UNAVAILABLE}
2019-08-28 04:44:27,659 [ForkJoinPool.commonPool-worker-1] INFO  handler.ContextHandler (ContextHandler.java:doStop(910)) - Stopped o.e.j.s.ServletContextHandler@251c8145{/logs,file:///workdir/hadoop-ozone/integration-test/target/log,UNAVAILABLE}
2019-08-28 04:44:27,660 [ForkJoinPool.commonPool-worker-1] INFO  datanode.ObjectStoreHandler (ObjectStoreHandler.java:close(155)) - Closing ObjectStoreHandler.
2019-08-28 04:44:27,660 [ForkJoinPool.commonPool-worker-1] INFO  ozone.HddsDatanodeService (HddsDatanodeService.java:stop(451)) - Stopped plug-in org.apache.hadoop.ozone.web.OzoneHddsDatanodeService@3375ebd3
2019-08-28 04:44:27,988 [Datanode State Machine Thread - 0] INFO  statemachine.DatanodeStateMachine (DatanodeStateMachine.java:lambda$startDaemon$0(350)) - Ozone container server started.
2019-08-28 04:44:28,172 [Datanode State Machine Thread - 0] INFO  statemachine.DatanodeStateMachine (DatanodeStateMachine.java:lambda$startDaemon$0(350)) - Ozone container server started.
2019-08-28 04:44:28,174 | INFO  | SCMAudit | user=jenkins1000 | ip=192.168.69.75 | op=SEND_HEARTBEAT {datanodeUUID=aaa2da48-ccc8-4121-a1a5-30f8a5c77378, command=[]} | ret=SUCCESS |  
2019-08-28 04:44:28,951 [grpc-default-executor-11] WARN  server.GrpcLogAppender (LogUtils.java:warn(134)) - 3aa4c088-6d9c-4e45-8699-9552fa9982bb->025d69ad-6f0c-4e69-9dfc-3a983de9ebc7: Failed appendEntries: org.apache.ratis.thirdparty.io.grpc.StatusRuntimeException: UNAVAILABLE: io exception
2019-08-28 04:44:28,953 [grpc-default-executor-11] INFO  impl.FollowerInfo (FollowerInfo.java:lambda$new$0(50)) - 3aa4c088-6d9c-4e45-8699-9552fa9982bb->025d69ad-6f0c-4e69-9dfc-3a983de9ebc7: nextIndex: updateUnconditionally 14 -> 13
2019-08-28 04:44:28,955 [grpc-default-executor-8] WARN  server.GrpcLogAppender (LogUtils.java:warn(134)) - 3aa4c088-6d9c-4e45-8699-9552fa9982bb->8dbdf2d3-0592-4172-9c9d-ce42eb2799ca: Failed appendEntries: org.apache.ratis.thirdparty.io.grpc.StatusRuntimeException: UNAVAILABLE: io exception
2019-08-28 04:44:28,957 [grpc-default-executor-8] INFO  impl.FollowerInfo (FollowerInfo.java:lambda$new$0(50)) - 3aa4c088-6d9c-4e45-8699-9552fa9982bb->8dbdf2d3-0592-4172-9c9d-ce42eb2799ca: nextIndex: updateUnconditionally 18 -> 17
2019-08-28 04:44:29,173 | INFO  | SCMAudit | user=jenkins1000 | ip=192.168.69.75 | op=SEND_HEARTBEAT {datanodeUUID=aaa2da48-ccc8-4121-a1a5-30f8a5c77378, command=[]} | ret=SUCCESS |  
2019-08-28 04:44:29,189 | INFO  | SCMAudit | user=jenkins1000 | ip=192.168.69.75 | op=SEND_HEARTBEAT {datanodeUUID=aaa2da48-ccc8-4121-a1a5-30f8a5c77378, command=[]} | ret=SUCCESS |  
2019-08-28 04:44:30,189 | INFO  | SCMAudit | user=jenkins1000 | ip=192.168.69.75 | op=SEND_HEARTBEAT {datanodeUUID=aaa2da48-ccc8-4121-a1a5-30f8a5c77378, command=[]} | ret=SUCCESS |  
2019-08-28 04:44:31,189 | INFO  | SCMAudit | user=jenkins1000 | ip=192.168.69.75 | op=SEND_HEARTBEAT {datanodeUUID=aaa2da48-ccc8-4121-a1a5-30f8a5c77378, command=[]} | ret=SUCCESS |  
2019-08-28 04:44:31,452 [grpc-default-executor-5] WARN  server.GrpcLogAppender (LogUtils.java:warn(134)) - 3aa4c088-6d9c-4e45-8699-9552fa9982bb->025d69ad-6f0c-4e69-9dfc-3a983de9ebc7: Failed appendEntries: org.apache.ratis.thirdparty.io.grpc.StatusRuntimeException: UNAVAILABLE: io exception
2019-08-28 04:44:31,454 [grpc-default-executor-5] INFO  impl.FollowerInfo (FollowerInfo.java:lambda$new$0(50)) - 3aa4c088-6d9c-4e45-8699-9552fa9982bb->025d69ad-6f0c-4e69-9dfc-3a983de9ebc7: nextIndex: updateUnconditionally 13 -> 12
2019-08-28 04:44:31,456 [grpc-default-executor-11] WARN  server.GrpcLogAppender (LogUtils.java:warn(134)) - 3aa4c088-6d9c-4e45-8699-9552fa9982bb->8dbdf2d3-0592-4172-9c9d-ce42eb2799ca: Failed appendEntries: org.apache.ratis.thirdparty.io.grpc.StatusRuntimeException: UNAVAILABLE: io exception
2019-08-28 04:44:31,457 [grpc-default-executor-11] INFO  impl.FollowerInfo (FollowerInfo.java:lambda$new$0(50)) - 3aa4c088-6d9c-4e45-8699-9552fa9982bb->8dbdf2d3-0592-4172-9c9d-ce42eb2799ca: nextIndex: updateUnconditionally 17 -> 16
2019-08-28 04:44:32,046 [EventQueue-StaleNodeForStaleNodeHandler] INFO  node.StaleNodeHandler (StaleNodeHandler.java:onMessage(58)) - Datanode 3aa4c088-6d9c-4e45-8699-9552fa9982bb{ip: 192.168.69.75, host: pr-hdds-2014-rr4xc-1992234301, networkLocation: /default-rack, certSerialId: null} moved to stale state. Finalizing its pipelines [PipelineID=d884d984-0f77-4670-af53-fedb07ff90b0, PipelineID=29bfd4bd-d996-40cd-83e2-28a5b8b36b60]
2019-08-28 04:44:32,046 [EventQueue-StaleNodeForStaleNodeHandler] INFO  pipeline.SCMPipelineManager (SCMPipelineManager.java:finalizeAndDestroyPipeline(309)) - destroying pipeline:Pipeline[ Id: d884d984-0f77-4670-af53-fedb07ff90b0, Nodes: 3aa4c088-6d9c-4e45-8699-9552fa9982bb{ip: 192.168.69.75, host: pr-hdds-2014-rr4xc-1992234301, networkLocation: /default-rack, certSerialId: null}, Type:RATIS, Factor:ONE, State:OPEN]
2019-08-28 04:44:32,046 [EventQueue-StaleNodeForStaleNodeHandler] INFO  pipeline.PipelineStateManager (PipelineStateManager.java:finalizePipeline(123)) - Pipeline Pipeline[ Id: d884d984-0f77-4670-af53-fedb07ff90b0, Nodes: 3aa4c088-6d9c-4e45-8699-9552fa9982bb{ip: 192.168.69.75, host: pr-hdds-2014-rr4xc-1992234301, networkLocation: /default-rack, certSerialId: null}, Type:RATIS, Factor:ONE, State:CLOSED] moved to CLOSED state
2019-08-28 04:44:32,047 [EventQueue-StaleNodeForStaleNodeHandler] INFO  pipeline.SCMPipelineManager (SCMPipelineManager.java:finalizeAndDestroyPipeline(309)) - destroying pipeline:Pipeline[ Id: 29bfd4bd-d996-40cd-83e2-28a5b8b36b60, Nodes: 3aa4c088-6d9c-4e45-8699-9552fa9982bb{ip: 192.168.69.75, host: pr-hdds-2014-rr4xc-1992234301, networkLocation: /default-rack, certSerialId: null}8dbdf2d3-0592-4172-9c9d-ce42eb2799ca{ip: 192.168.69.75, host: pr-hdds-2014-rr4xc-1992234301, networkLocation: /default-rack, certSerialId: null}025d69ad-6f0c-4e69-9dfc-3a983de9ebc7{ip: 192.168.69.75, host: pr-hdds-2014-rr4xc-1992234301, networkLocation: /default-rack, certSerialId: null}, Type:RATIS, Factor:THREE, State:CLOSED]
2019-08-28 04:44:32,189 | INFO  | SCMAudit | user=jenkins1000 | ip=192.168.69.75 | op=SEND_HEARTBEAT {datanodeUUID=aaa2da48-ccc8-4121-a1a5-30f8a5c77378, command=[]} | ret=SUCCESS |  
2019-08-28 04:44:32,246 [EventQueue-StaleNodeForStaleNodeHandler] INFO  node.StaleNodeHandler (StaleNodeHandler.java:onMessage(58)) - Datanode 8bdb61b5-fa98-4739-8e0a-5280a4fe194a{ip: 192.168.69.75, host: pr-hdds-2014-rr4xc-1992234301, networkLocation: /default-rack, certSerialId: null} moved to stale state. Finalizing its pipelines [PipelineID=7f78c0ba-1d88-4e53-a486-f8b324de6513, PipelineID=cb3c5af4-e338-43bf-b498-3d64e44e2884]
2019-08-28 04:44:32,246 [EventQueue-StaleNodeForStaleNodeHandler] INFO  pipeline.SCMPipelineManager (SCMPipelineManager.java:finalizeAndDestroyPipeline(309)) - destroying pipeline:Pipeline[ Id: 7f78c0ba-1d88-4e53-a486-f8b324de6513, Nodes: 8bdb61b5-fa98-4739-8e0a-5280a4fe194a{ip: 192.168.69.75, host: pr-hdds-2014-rr4xc-1992234301, networkLocation: /default-rack, certSerialId: null}, Type:RATIS, Factor:ONE, State:OPEN]
2019-08-28 04:44:32,247 [EventQueue-StaleNodeForStaleNodeHandler] INFO  pipeline.PipelineStateManager (PipelineStateManager.java:finalizePipeline(123)) - Pipeline Pipeline[ Id: 7f78c0ba-1d88-4e53-a486-f8b324de6513, Nodes: 8bdb61b5-fa98-4739-8e0a-5280a4fe194a{ip: 192.168.69.75, host: pr-hdds-2014-rr4xc-1992234301, networkLocation: /default-rack, certSerialId: null}, Type:RATIS, Factor:ONE, State:CLOSED] moved to CLOSED state
2019-08-28 04:44:32,247 [EventQueue-StaleNodeForStaleNodeHandler] INFO  pipeline.SCMPipelineManager (SCMPipelineManager.java:finalizeAndDestroyPipeline(309)) - destroying pipeline:Pipeline[ Id: cb3c5af4-e338-43bf-b498-3d64e44e2884, Nodes: aaa2da48-ccc8-4121-a1a5-30f8a5c77378{ip: 192.168.69.75, host: pr-hdds-2014-rr4xc-1992234301, networkLocation: /default-rack, certSerialId: null}8bdb61b5-fa98-4739-8e0a-5280a4fe194a{ip: 192.168.69.75, host: pr-hdds-2014-rr4xc-1992234301, networkLocation: /default-rack, certSerialId: null}f5b518e1-81ed-4539-890c-23fde7b7af4e{ip: 192.168.69.75, host: pr-hdds-2014-rr4xc-1992234301, networkLocation: /default-rack, certSerialId: null}, Type:RATIS, Factor:THREE, State:CLOSED]
2019-08-28 04:44:32,552 [main] INFO  ozoneimpl.OzoneContainer (OzoneContainer.java:stop(199)) - Attempting to stop container services.
2019-08-28 04:44:32,553 [main] INFO  impl.RaftServerProxy (RaftServerProxy.java:lambda$close$4(314)) - 8bdb61b5-fa98-4739-8e0a-5280a4fe194a: close
2019-08-28 04:44:32,554 [main] INFO  impl.RaftServerImpl (RaftServerImpl.java:lambda$shutdown$3(245)) - 8bdb61b5-fa98-4739-8e0a-5280a4fe194a: shutdown group-F8B324DE6513
2019-08-28 04:44:32,554 [main] INFO  util.JmxRegister (JmxRegister.java:unregister(73)) - Successfully un-registered JMX Bean with object name Ratis:service=RaftServer,group=group-F8B324DE6513,id=8bdb61b5-fa98-4739-8e0a-5280a4fe194a
2019-08-28 04:44:32,554 [main] INFO  impl.RoleInfo (RoleInfo.java:shutdownLeaderState(104)) - 8bdb61b5-fa98-4739-8e0a-5280a4fe194a: shutdown LeaderState
2019-08-28 04:44:32,555 [main] INFO  impl.PendingRequests (PendingRequests.java:sendNotLeaderResponses(202)) - 8bdb61b5-fa98-4739-8e0a-5280a4fe194a-PendingRequests: sendNotLeaderResponses
2019-08-28 04:44:32,555 [main] INFO  impl.StateMachineUpdater (StateMachineUpdater.java:stopAndJoin(115)) - StateMachineUpdater:8bdb61b5-fa98-4739-8e0a-5280a4fe194a:group-F8B324DE6513: set stopIndex = 0
2019-08-28 04:44:32,555 [main] INFO  impl.RaftServerImpl (ServerState.java:close(394)) - 8bdb61b5-fa98-4739-8e0a-5280a4fe194a:group-F8B324DE6513 closes. The last applied log index is 0
2019-08-28 04:44:32,556 [8bdb61b5-fa98-4739-8e0a-5280a4fe194a-SegmentedRaftLogWorker:Storage Directory /workdir/hadoop-ozone/integration-test/target/test-dir/MiniOzoneClusterImpl-dee0cb60-1d83-42ef-98aa-30f750bc63a6/datanode-6/data/ratis/7f78c0ba-1d88-4e53-a486-f8b324de6513] INFO  segmented.SegmentedRaftLogWorker (SegmentedRaftLogWorker.java:run(313)) - 8bdb61b5-fa98-4739-8e0a-5280a4fe194a-SegmentedRaftLogWorker:Storage Directory /workdir/hadoop-ozone/integration-test/target/test-dir/MiniOzoneClusterImpl-dee0cb60-1d83-42ef-98aa-30f750bc63a6/datanode-6/data/ratis/7f78c0ba-1d88-4e53-a486-f8b324de6513 was interrupted, exiting. There are 0 tasks remaining in the queue.
2019-08-28 04:44:32,558 [main] INFO  segmented.SegmentedRaftLogWorker (SegmentedRaftLogWorker.java:close(228)) - 8bdb61b5-fa98-4739-8e0a-5280a4fe194a-SegmentedRaftLogWorker:Storage Directory /workdir/hadoop-ozone/integration-test/target/test-dir/MiniOzoneClusterImpl-dee0cb60-1d83-42ef-98aa-30f750bc63a6/datanode-6/data/ratis/7f78c0ba-1d88-4e53-a486-f8b324de6513 close()
2019-08-28 04:44:32,561 [main] INFO  impl.RaftServerImpl (RaftServerImpl.java:lambda$shutdown$3(245)) - 8bdb61b5-fa98-4739-8e0a-5280a4fe194a: shutdown group-3D64E44E2884
2019-08-28 04:44:32,561 [main] INFO  util.JmxRegister (JmxRegister.java:unregister(73)) - Successfully un-registered JMX Bean with object name Ratis:service=RaftServer,group=group-3D64E44E2884,id=8bdb61b5-fa98-4739-8e0a-5280a4fe194a
2019-08-28 04:44:32,561 [main] INFO  impl.RoleInfo (RoleInfo.java:shutdownFollowerState(121)) - 8bdb61b5-fa98-4739-8e0a-5280a4fe194a: shutdown FollowerState
2019-08-28 04:44:32,562 [main] INFO  impl.StateMachineUpdater (StateMachineUpdater.java:stopAndJoin(115)) - StateMachineUpdater:8bdb61b5-fa98-4739-8e0a-5280a4fe194a:group-3D64E44E2884: set stopIndex = 4
2019-08-28 04:44:32,562 [StateMachineUpdater:8bdb61b5-fa98-4739-8e0a-5280a4fe194a:group-3D64E44E2884] INFO  ratis.ContainerStateMachine (ContainerStateMachine.java:takeSnapshot(283)) - group-3D64E44E2884: Taking a snapshot at:(t:3, i:3) file /workdir/hadoop-ozone/integration-test/target/test-dir/MiniOzoneClusterImpl-dee0cb60-1d83-42ef-98aa-30f750bc63a6/datanode-6/data/ratis/cb3c5af4-e338-43bf-b498-3d64e44e2884/sm/snapshot.3_3
2019-08-28 04:44:32,562 [Thread-447] INFO  impl.FollowerState (FollowerState.java:run(114)) - 8bdb61b5-fa98-4739-8e0a-5280a4fe194a: FollowerState was interrupted: java.lang.InterruptedException: sleep interrupted
2019-08-28 04:44:32,576 [StateMachineUpdater:8bdb61b5-fa98-4739-8e0a-5280a4fe194a:group-3D64E44E2884] INFO  ratis.ContainerStateMachine (ContainerStateMachine.java:takeSnapshot(294)) - group-3D64E44E2884: Finished taking a snapshot at:(t:3, i:3) file:/workdir/hadoop-ozone/integration-test/target/test-dir/MiniOzoneClusterImpl-dee0cb60-1d83-42ef-98aa-30f750bc63a6/datanode-6/data/ratis/cb3c5af4-e338-43bf-b498-3d64e44e2884/sm/snapshot.3_3 time:15
2019-08-28 04:44:32,577 [StateMachineUpdater:8bdb61b5-fa98-4739-8e0a-5280a4fe194a:group-3D64E44E2884] INFO  impl.StateMachineUpdater (StateMachineUpdater.java:takeSnapshot(242)) - StateMachineUpdater:8bdb61b5-fa98-4739-8e0a-5280a4fe194a:group-3D64E44E2884: Took a snapshot at index 3
2019-08-28 04:44:32,577 [StateMachineUpdater:8bdb61b5-fa98-4739-8e0a-5280a4fe194a:group-3D64E44E2884] INFO  impl.StateMachineUpdater (StateMachineUpdater.java:lambda$new$0(80)) - StateMachineUpdater:8bdb61b5-fa98-4739-8e0a-5280a4fe194a:group-3D64E44E2884: snapshotIndex: updateIncreasingly -1 -> 3
2019-08-28 04:44:32,577 [main] INFO  impl.RaftServerImpl (ServerState.java:close(394)) - 8bdb61b5-fa98-4739-8e0a-5280a4fe194a:group-3D64E44E2884 closes. The last applied log index is 4
2019-08-28 04:44:32,578 [8bdb61b5-fa98-4739-8e0a-5280a4fe194a-SegmentedRaftLogWorker:Storage Directory /workdir/hadoop-ozone/integration-test/target/test-dir/MiniOzoneClusterImpl-dee0cb60-1d83-42ef-98aa-30f750bc63a6/datanode-6/data/ratis/cb3c5af4-e338-43bf-b498-3d64e44e2884] INFO  segmented.SegmentedRaftLogWorker (SegmentedRaftLogWorker.java:run(313)) - 8bdb61b5-fa98-4739-8e0a-5280a4fe194a-SegmentedRaftLogWorker:Storage Directory /workdir/hadoop-ozone/integration-test/target/test-dir/MiniOzoneClusterImpl-dee0cb60-1d83-42ef-98aa-30f750bc63a6/datanode-6/data/ratis/cb3c5af4-e338-43bf-b498-3d64e44e2884 was interrupted, exiting. There are 0 tasks remaining in the queue.
2019-08-28 04:44:32,579 [main] INFO  segmented.SegmentedRaftLogWorker (SegmentedRaftLogWorker.java:close(228)) - 8bdb61b5-fa98-4739-8e0a-5280a4fe194a-SegmentedRaftLogWorker:Storage Directory /workdir/hadoop-ozone/integration-test/target/test-dir/MiniOzoneClusterImpl-dee0cb60-1d83-42ef-98aa-30f750bc63a6/datanode-6/data/ratis/cb3c5af4-e338-43bf-b498-3d64e44e2884 close()
2019-08-28 04:44:32,582 [main] INFO  server.GrpcService (GrpcService.java:closeImpl(155)) - 8bdb61b5-fa98-4739-8e0a-5280a4fe194a: shutdown server with port 35171 now
2019-08-28 04:44:32,583 [main] INFO  server.GrpcService (GrpcService.java:closeImpl(163)) - 8bdb61b5-fa98-4739-8e0a-5280a4fe194a: shutdown server with port 35171 successfully
2019-08-28 04:44:32,585 [main] INFO  utils.BackgroundService (BackgroundService.java:shutdown(148)) - Shutting down service BlockDeletingService
2019-08-28 04:44:32,586 [refreshUsed-/workdir/hadoop-ozone/integration-test/target/test-dir/MiniOzoneClusterImpl-dee0cb60-1d83-42ef-98aa-30f750bc63a6/datanode-6/data/containers] WARN  fs.CachingGetSpaceUsed (CachingGetSpaceUsed.java:run(183)) - Thread Interrupted waiting to refresh disk information: sleep interrupted
2019-08-28 04:44:32,612 [main] INFO  statemachine.DatanodeStateMachine (DatanodeStateMachine.java:stopDaemon(395)) - Ozone container server stopped.
2019-08-28 04:44:32,613 [main] INFO  handler.ContextHandler (ContextHandler.java:doStop(910)) - Stopped o.e.j.w.WebAppContext@6ee37ca7{/,null,UNAVAILABLE}{/hddsDatanode}
2019-08-28 04:44:32,614 [main] INFO  server.AbstractConnector (AbstractConnector.java:doStop(318)) - Stopped ServerConnector@6775c0d1{HTTP/1.1,[http/1.1]}{0.0.0.0:0}
2019-08-28 04:44:32,615 [main] INFO  handler.ContextHandler (ContextHandler.java:doStop(910)) - Stopped o.e.j.s.ServletContextHandler@76e6c070{/static,jar:file:/home/user/.m2/repository/org/apache/hadoop/hadoop-hdds-container-service/0.5.0-SNAPSHOT/hadoop-hdds-container-service-0.5.0-SNAPSHOT.jar!/webapps/static,UNAVAILABLE}
2019-08-28 04:44:32,615 [main] INFO  handler.ContextHandler (ContextHandler.java:doStop(910)) - Stopped o.e.j.s.ServletContextHandler@6a7a1a0d{/logs,file:///workdir/hadoop-ozone/integration-test/target/log,UNAVAILABLE}
2019-08-28 04:44:32,616 [main] INFO  datanode.ObjectStoreHandler (ObjectStoreHandler.java:close(155)) - Closing ObjectStoreHandler.
2019-08-28 04:44:32,617 [main] INFO  ozone.HddsDatanodeService (HddsDatanodeService.java:stop(451)) - Stopped plug-in org.apache.hadoop.ozone.web.OzoneHddsDatanodeService@6e8f2094
2019-08-28 04:44:32,661 [ForkJoinPool.commonPool-worker-1] INFO  ozoneimpl.OzoneContainer (OzoneContainer.java:stop(199)) - Attempting to stop container services.
2019-08-28 04:44:32,661 [ForkJoinPool.commonPool-worker-1] INFO  impl.RaftServerProxy (RaftServerProxy.java:lambda$close$4(314)) - 3aa4c088-6d9c-4e45-8699-9552fa9982bb: close
2019-08-28 04:44:32,661 [ForkJoinPool.commonPool-worker-1] INFO  impl.RaftServerImpl (RaftServerImpl.java:lambda$shutdown$3(245)) - 3aa4c088-6d9c-4e45-8699-9552fa9982bb: shutdown group-FEDB07FF90B0
2019-08-28 04:44:32,662 [ForkJoinPool.commonPool-worker-1] INFO  util.JmxRegister (JmxRegister.java:unregister(73)) - Successfully un-registered JMX Bean with object name Ratis:service=RaftServer,group=group-FEDB07FF90B0,id=3aa4c088-6d9c-4e45-8699-9552fa9982bb
2019-08-28 04:44:32,662 [ForkJoinPool.commonPool-worker-1] INFO  impl.RoleInfo (RoleInfo.java:shutdownLeaderState(104)) - 3aa4c088-6d9c-4e45-8699-9552fa9982bb: shutdown LeaderState
2019-08-28 04:44:32,662 [ForkJoinPool.commonPool-worker-1] INFO  impl.PendingRequests (PendingRequests.java:sendNotLeaderResponses(202)) - 3aa4c088-6d9c-4e45-8699-9552fa9982bb-PendingRequests: sendNotLeaderResponses
2019-08-28 04:44:32,662 [ForkJoinPool.commonPool-worker-1] INFO  impl.StateMachineUpdater (StateMachineUpdater.java:stopAndJoin(115)) - StateMachineUpdater:3aa4c088-6d9c-4e45-8699-9552fa9982bb:group-FEDB07FF90B0: set stopIndex = 0
2019-08-28 04:44:32,663 [ForkJoinPool.commonPool-worker-1] INFO  impl.RaftServerImpl (ServerState.java:close(394)) - 3aa4c088-6d9c-4e45-8699-9552fa9982bb:group-FEDB07FF90B0 closes. The last applied log index is 0
2019-08-28 04:44:32,663 [3aa4c088-6d9c-4e45-8699-9552fa9982bb-SegmentedRaftLogWorker:Storage Directory /workdir/hadoop-ozone/integration-test/target/test-dir/MiniOzoneClusterImpl-dee0cb60-1d83-42ef-98aa-30f750bc63a6/datanode-0/data/ratis/d884d984-0f77-4670-af53-fedb07ff90b0] INFO  segmented.SegmentedRaftLogWorker (SegmentedRaftLogWorker.java:run(313)) - 3aa4c088-6d9c-4e45-8699-9552fa9982bb-SegmentedRaftLogWorker:Storage Directory /workdir/hadoop-ozone/integration-test/target/test-dir/MiniOzoneClusterImpl-dee0cb60-1d83-42ef-98aa-30f750bc63a6/datanode-0/data/ratis/d884d984-0f77-4670-af53-fedb07ff90b0 was interrupted, exiting. There are 0 tasks remaining in the queue.
2019-08-28 04:44:32,664 [ForkJoinPool.commonPool-worker-1] INFO  segmented.SegmentedRaftLogWorker (SegmentedRaftLogWorker.java:close(228)) - 3aa4c088-6d9c-4e45-8699-9552fa9982bb-SegmentedRaftLogWorker:Storage Directory /workdir/hadoop-ozone/integration-test/target/test-dir/MiniOzoneClusterImpl-dee0cb60-1d83-42ef-98aa-30f750bc63a6/datanode-0/data/ratis/d884d984-0f77-4670-af53-fedb07ff90b0 close()
2019-08-28 04:44:32,670 [ForkJoinPool.commonPool-worker-1] INFO  impl.RaftServerImpl (RaftServerImpl.java:lambda$shutdown$3(245)) - 3aa4c088-6d9c-4e45-8699-9552fa9982bb: shutdown group-28A5B8B36B60
2019-08-28 04:44:32,670 [ForkJoinPool.commonPool-worker-1] INFO  util.JmxRegister (JmxRegister.java:unregister(73)) - Successfully un-registered JMX Bean with object name Ratis:service=RaftServer,group=group-28A5B8B36B60,id=3aa4c088-6d9c-4e45-8699-9552fa9982bb
2019-08-28 04:44:32,671 [ForkJoinPool.commonPool-worker-1] INFO  impl.RoleInfo (RoleInfo.java:shutdownLeaderState(104)) - 3aa4c088-6d9c-4e45-8699-9552fa9982bb: shutdown LeaderState
2019-08-28 04:44:32,673 [ForkJoinPool.commonPool-worker-1] INFO  impl.PendingRequests (PendingRequests.java:sendNotLeaderResponses(202)) - 3aa4c088-6d9c-4e45-8699-9552fa9982bb-PendingRequests: sendNotLeaderResponses
2019-08-28 04:44:32,673 [org.apache.ratis.server.impl.LogAppender$AppenderDaemon$$Lambda$486/1007505671@405b696] WARN  server.GrpcLogAppender (GrpcLogAppender.java:mayWait(143)) - GrpcLogAppender(3aa4c088-6d9c-4e45-8699-9552fa9982bb->8dbdf2d3-0592-4172-9c9d-ce42eb2799ca): Wait interrupted by java.lang.InterruptedException
2019-08-28 04:44:32,673 [org.apache.ratis.server.impl.LogAppender$AppenderDaemon$$Lambda$486/1007505671@ce0d8a0] WARN  server.GrpcLogAppender (GrpcLogAppender.java:mayWait(143)) - GrpcLogAppender(3aa4c088-6d9c-4e45-8699-9552fa9982bb->025d69ad-6f0c-4e69-9dfc-3a983de9ebc7): Wait interrupted by java.lang.InterruptedException
2019-08-28 04:44:32,675 [StateMachineUpdater:3aa4c088-6d9c-4e45-8699-9552fa9982bb:group-28A5B8B36B60] INFO  ratis.ContainerStateMachine (ContainerStateMachine.java:takeSnapshot(283)) - group-28A5B8B36B60: Taking a snapshot at:(t:2, i:18) file /workdir/hadoop-ozone/integration-test/target/test-dir/MiniOzoneClusterImpl-dee0cb60-1d83-42ef-98aa-30f750bc63a6/datanode-0/data/ratis/29bfd4bd-d996-40cd-83e2-28a5b8b36b60/sm/snapshot.2_18
2019-08-28 04:44:32,675 [ForkJoinPool.commonPool-worker-1] INFO  impl.StateMachineUpdater (StateMachineUpdater.java:stopAndJoin(115)) - StateMachineUpdater:3aa4c088-6d9c-4e45-8699-9552fa9982bb:group-28A5B8B36B60: set stopIndex = 18
2019-08-28 04:44:32,689 [StateMachineUpdater:3aa4c088-6d9c-4e45-8699-9552fa9982bb:group-28A5B8B36B60] INFO  ratis.ContainerStateMachine (ContainerStateMachine.java:takeSnapshot(294)) - group-28A5B8B36B60: Finished taking a snapshot at:(t:2, i:18) file:/workdir/hadoop-ozone/integration-test/target/test-dir/MiniOzoneClusterImpl-dee0cb60-1d83-42ef-98aa-30f750bc63a6/datanode-0/data/ratis/29bfd4bd-d996-40cd-83e2-28a5b8b36b60/sm/snapshot.2_18 time:14
2019-08-28 04:44:32,689 [StateMachineUpdater:3aa4c088-6d9c-4e45-8699-9552fa9982bb:group-28A5B8B36B60] INFO  impl.StateMachineUpdater (StateMachineUpdater.java:takeSnapshot(242)) - StateMachineUpdater:3aa4c088-6d9c-4e45-8699-9552fa9982bb:group-28A5B8B36B60: Took a snapshot at index 18
2019-08-28 04:44:32,689 [StateMachineUpdater:3aa4c088-6d9c-4e45-8699-9552fa9982bb:group-28A5B8B36B60] INFO  impl.StateMachineUpdater (StateMachineUpdater.java:lambda$new$0(80)) - StateMachineUpdater:3aa4c088-6d9c-4e45-8699-9552fa9982bb:group-28A5B8B36B60: snapshotIndex: updateIncreasingly -1 -> 18
2019-08-28 04:44:32,690 [ForkJoinPool.commonPool-worker-1] INFO  impl.RaftServerImpl (ServerState.java:close(394)) - 3aa4c088-6d9c-4e45-8699-9552fa9982bb:group-28A5B8B36B60 closes. The last applied log index is 18
2019-08-28 04:44:32,690 [3aa4c088-6d9c-4e45-8699-9552fa9982bb-SegmentedRaftLogWorker:Storage Directory /workdir/hadoop-ozone/integration-test/target/test-dir/MiniOzoneClusterImpl-dee0cb60-1d83-42ef-98aa-30f750bc63a6/datanode-0/data/ratis/29bfd4bd-d996-40cd-83e2-28a5b8b36b60] INFO  segmented.SegmentedRaftLogWorker (SegmentedRaftLogWorker.java:run(313)) - 3aa4c088-6d9c-4e45-8699-9552fa9982bb-SegmentedRaftLogWorker:Storage Directory /workdir/hadoop-ozone/integration-test/target/test-dir/MiniOzoneClusterImpl-dee0cb60-1d83-42ef-98aa-30f750bc63a6/datanode-0/data/ratis/29bfd4bd-d996-40cd-83e2-28a5b8b36b60 was interrupted, exiting. There are 0 tasks remaining in the queue.
2019-08-28 04:44:32,690 [ForkJoinPool.commonPool-worker-1] INFO  segmented.SegmentedRaftLogWorker (SegmentedRaftLogWorker.java:close(228)) - 3aa4c088-6d9c-4e45-8699-9552fa9982bb-SegmentedRaftLogWorker:Storage Directory /workdir/hadoop-ozone/integration-test/target/test-dir/MiniOzoneClusterImpl-dee0cb60-1d83-42ef-98aa-30f750bc63a6/datanode-0/data/ratis/29bfd4bd-d996-40cd-83e2-28a5b8b36b60 close()
2019-08-28 04:44:32,692 [ForkJoinPool.commonPool-worker-1] INFO  server.GrpcService (GrpcService.java:closeImpl(155)) - 3aa4c088-6d9c-4e45-8699-9552fa9982bb: shutdown server with port 35133 now
2019-08-28 04:44:32,693 [ForkJoinPool.commonPool-worker-1] INFO  server.GrpcService (GrpcService.java:closeImpl(163)) - 3aa4c088-6d9c-4e45-8699-9552fa9982bb: shutdown server with port 35133 successfully
2019-08-28 04:44:32,694 [grpc-default-executor-8] WARN  client.GrpcClientProtocolService (LogUtils.java:warn(134)) - 6-UnorderedRequestStreamObserver6: onError: org.apache.ratis.thirdparty.io.grpc.StatusRuntimeException: CANCELLED: cancelled before receiving half close
2019-08-28 04:44:32,694 [grpc-default-executor-5] WARN  client.GrpcClientProtocolService (LogUtils.java:warn(134)) - 7-UnorderedRequestStreamObserver7: onError: org.apache.ratis.thirdparty.io.grpc.StatusRuntimeException: CANCELLED: cancelled before receiving half close
2019-08-28 04:44:32,700 [ForkJoinPool.commonPool-worker-1] INFO  utils.BackgroundService (BackgroundService.java:shutdown(148)) - Shutting down service BlockDeletingService
2019-08-28 04:44:32,703 [refreshUsed-/workdir/hadoop-ozone/integration-test/target/test-dir/MiniOzoneClusterImpl-dee0cb60-1d83-42ef-98aa-30f750bc63a6/datanode-0/data/containers] WARN  fs.CachingGetSpaceUsed (CachingGetSpaceUsed.java:run(183)) - Thread Interrupted waiting to refresh disk information: sleep interrupted
2019-08-28 04:44:32,722 [ForkJoinPool.commonPool-worker-1] INFO  statemachine.DatanodeStateMachine (DatanodeStateMachine.java:stopDaemon(395)) - Ozone container server stopped.
2019-08-28 04:44:32,726 [ForkJoinPool.commonPool-worker-1] INFO  handler.ContextHandler (ContextHandler.java:doStop(910)) - Stopped o.e.j.w.WebAppContext@7b306b9f{/,null,UNAVAILABLE}{/hddsDatanode}
2019-08-28 04:44:32,726 [ForkJoinPool.commonPool-worker-1] INFO  server.AbstractConnector (AbstractConnector.java:doStop(318)) - Stopped ServerConnector@142213d5{HTTP/1.1,[http/1.1]}{0.0.0.0:0}
2019-08-28 04:44:32,727 [ForkJoinPool.commonPool-worker-1] INFO  handler.ContextHandler (ContextHandler.java:doStop(910)) - Stopped o.e.j.s.ServletContextHandler@17fa1336{/static,jar:file:/home/user/.m2/repository/org/apache/hadoop/hadoop-hdds-container-service/0.5.0-SNAPSHOT/hadoop-hdds-container-service-0.5.0-SNAPSHOT.jar!/webapps/static,UNAVAILABLE}
2019-08-28 04:44:32,729 [ForkJoinPool.commonPool-worker-1] INFO  handler.ContextHandler (ContextHandler.java:doStop(910)) - Stopped o.e.j.s.ServletContextHandler@1457fde{/logs,file:///workdir/hadoop-ozone/integration-test/target/log,UNAVAILABLE}
2019-08-28 04:44:33,188 [Datanode State Machine Thread - 0] INFO  statemachine.DatanodeStateMachine (DatanodeStateMachine.java:lambda$startDaemon$0(350)) - Ozone container server started.
2019-08-28 04:44:36,916 [Thread-448] INFO  impl.FollowerState (FollowerState.java:run(106)) - aaa2da48-ccc8-4121-a1a5-30f8a5c77378:group-3D64E44E2884 changes to CANDIDATE, lastRpcTime:9661, electionTimeout:5065ms
2019-08-28 04:44:36,917 [Thread-448] INFO  impl.RoleInfo (RoleInfo.java:shutdownFollowerState(121)) - aaa2da48-ccc8-4121-a1a5-30f8a5c77378: shutdown FollowerState
2019-08-28 04:44:36,917 [Thread-448] INFO  impl.RaftServerImpl (RaftServerImpl.java:setRole(171)) - aaa2da48-ccc8-4121-a1a5-30f8a5c77378:group-3D64E44E2884 changes role from FOLLOWER to CANDIDATE at term 3 for changeToCandidate
2019-08-28 04:44:36,917 [Thread-448] INFO  impl.RoleInfo (RoleInfo.java:updateAndGet(143)) - aaa2da48-ccc8-4121-a1a5-30f8a5c77378: start LeaderElection
2019-08-28 04:44:36,920 [aaa2da48-ccc8-4121-a1a5-30f8a5c77378:group-3D64E44E2884:LeaderElection19] INFO  impl.RaftServerImpl (ServerState.java:setLeader(263)) - aaa2da48-ccc8-4121-a1a5-30f8a5c77378:group-3D64E44E2884 change Leader from f5b518e1-81ed-4539-890c-23fde7b7af4e to null at term 3 for initElection
2019-08-28 04:44:36,934 [aaa2da48-ccc8-4121-a1a5-30f8a5c77378:group-3D64E44E2884:LeaderElection19] INFO  impl.LeaderElection (LeaderElection.java:askForVotes(181)) - aaa2da48-ccc8-4121-a1a5-30f8a5c77378:group-3D64E44E2884:LeaderElection19: begin an election at term 4 for 0: [8bdb61b5-fa98-4739-8e0a-5280a4fe194a:192.168.69.75:35171, aaa2da48-ccc8-4121-a1a5-30f8a5c77378:192.168.69.75:42496, f5b518e1-81ed-4539-890c-23fde7b7af4e:192.168.69.75:40482], old=null
2019-08-28 04:44:36,939 [aaa2da48-ccc8-4121-a1a5-30f8a5c77378:group-3D64E44E2884:LeaderElection19] INFO  impl.LeaderElection (LogUtils.java:infoOrTrace(149)) - aaa2da48-ccc8-4121-a1a5-30f8a5c77378:group-3D64E44E2884:LeaderElection19 got exception when requesting votes: {}
java.util.concurrent.ExecutionException: org.apache.ratis.thirdparty.io.grpc.StatusRuntimeException: UNAVAILABLE: io exception
	at java.util.concurrent.FutureTask.report(FutureTask.java:122)
	at java.util.concurrent.FutureTask.get(FutureTask.java:192)
	at org.apache.ratis.server.impl.LeaderElection.waitForResults(LeaderElection.java:262)
	at org.apache.ratis.server.impl.LeaderElection.askForVotes(LeaderElection.java:200)
	at org.apache.ratis.server.impl.LeaderElection.run(LeaderElection.java:130)
	at java.lang.Thread.run(Thread.java:748)
Caused by: org.apache.ratis.thirdparty.io.grpc.StatusRuntimeException: UNAVAILABLE: io exception
	at org.apache.ratis.thirdparty.io.grpc.stub.ClientCalls.toStatusRuntimeException(ClientCalls.java:233)
	at org.apache.ratis.thirdparty.io.grpc.stub.ClientCalls.getUnchecked(ClientCalls.java:214)
	at org.apache.ratis.thirdparty.io.grpc.stub.ClientCalls.blockingUnaryCall(ClientCalls.java:139)
	at org.apache.ratis.proto.grpc.RaftServerProtocolServiceGrpc$RaftServerProtocolServiceBlockingStub.requestVote(RaftServerProtocolServiceGrpc.java:265)
	at org.apache.ratis.grpc.server.GrpcServerProtocolClient.requestVote(GrpcServerProtocolClient.java:83)
	at org.apache.ratis.grpc.server.GrpcService.requestVote(GrpcService.java:195)
	at org.apache.ratis.server.impl.LeaderElection.lambda$submitRequests$1(LeaderElection.java:237)
	at java.util.concurrent.FutureTask.run(FutureTask.java:266)
	at java.util.concurrent.Executors$RunnableAdapter.call(Executors.java:511)
	at java.util.concurrent.FutureTask.run(FutureTask.java:266)
	at java.util.concurrent.ThreadPoolExecutor.runWorker(ThreadPoolExecutor.java:1149)
	at java.util.concurrent.ThreadPoolExecutor$Worker.run(ThreadPoolExecutor.java:624)
	... 1 more
Caused by: org.apache.ratis.thirdparty.io.netty.channel.AbstractChannel$AnnotatedConnectException: Connection refused: /192.168.69.75:35171
	at sun.nio.ch.SocketChannelImpl.checkConnect(Native Method)
	at sun.nio.ch.SocketChannelImpl.finishConnect(SocketChannelImpl.java:717)
	at org.apache.ratis.thirdparty.io.netty.channel.socket.nio.NioSocketChannel.doFinishConnect(NioSocketChannel.java:327)
	at org.apache.ratis.thirdparty.io.netty.channel.nio.AbstractNioChannel$AbstractNioUnsafe.finishConnect(AbstractNioChannel.java:340)
	at org.apache.ratis.thirdparty.io.netty.channel.nio.NioEventLoop.processSelectedKey(NioEventLoop.java:632)
	at org.apache.ratis.thirdparty.io.netty.channel.nio.NioEventLoop.processSelectedKeysOptimized(NioEventLoop.java:579)
	at org.apache.ratis.thirdparty.io.netty.channel.nio.NioEventLoop.processSelectedKeys(NioEventLoop.java:496)
	at org.apache.ratis.thirdparty.io.netty.channel.nio.NioEventLoop.run(NioEventLoop.java:458)
	at org.apache.ratis.thirdparty.io.netty.util.concurrent.SingleThreadEventExecutor$5.run(SingleThreadEventExecutor.java:897)
	at org.apache.ratis.thirdparty.io.netty.util.concurrent.FastThreadLocalRunnable.run(FastThreadLocalRunnable.java:30)
	... 1 more
Caused by: java.net.ConnectException: Connection refused
	... 11 more
2019-08-28 04:44:36,941 [aaa2da48-ccc8-4121-a1a5-30f8a5c77378:group-3D64E44E2884:LeaderElection19] INFO  impl.LeaderElection (LogUtils.java:infoOrTrace(149)) - aaa2da48-ccc8-4121-a1a5-30f8a5c77378:group-3D64E44E2884:LeaderElection19 got exception when requesting votes: {}
java.util.concurrent.ExecutionException: org.apache.ratis.thirdparty.io.grpc.StatusRuntimeException: UNAVAILABLE: io exception
	at java.util.concurrent.FutureTask.report(FutureTask.java:122)
	at java.util.concurrent.FutureTask.get(FutureTask.java:192)
	at org.apache.ratis.server.impl.LeaderElection.waitForResults(LeaderElection.java:262)
	at org.apache.ratis.server.impl.LeaderElection.askForVotes(LeaderElection.java:200)
	at org.apache.ratis.server.impl.LeaderElection.run(LeaderElection.java:130)
	at java.lang.Thread.run(Thread.java:748)
Caused by: org.apache.ratis.thirdparty.io.grpc.StatusRuntimeException: UNAVAILABLE: io exception
	at org.apache.ratis.thirdparty.io.grpc.stub.ClientCalls.toStatusRuntimeException(ClientCalls.java:233)
	at org.apache.ratis.thirdparty.io.grpc.stub.ClientCalls.getUnchecked(ClientCalls.java:214)
	at org.apache.ratis.thirdparty.io.grpc.stub.ClientCalls.blockingUnaryCall(ClientCalls.java:139)
	at org.apache.ratis.proto.grpc.RaftServerProtocolServiceGrpc$RaftServerProtocolServiceBlockingStub.requestVote(RaftServerProtocolServiceGrpc.java:265)
	at org.apache.ratis.grpc.server.GrpcServerProtocolClient.requestVote(GrpcServerProtocolClient.java:83)
	at org.apache.ratis.grpc.server.GrpcService.requestVote(GrpcService.java:195)
	at org.apache.ratis.server.impl.LeaderElection.lambda$submitRequests$1(LeaderElection.java:237)
	at java.util.concurrent.FutureTask.run(FutureTask.java:266)
	at java.util.concurrent.Executors$RunnableAdapter.call(Executors.java:511)
	at java.util.concurrent.FutureTask.run(FutureTask.java:266)
	at java.util.concurrent.ThreadPoolExecutor.runWorker(ThreadPoolExecutor.java:1149)
	at java.util.concurrent.ThreadPoolExecutor$Worker.run(ThreadPoolExecutor.java:624)
	... 1 more
Caused by: org.apache.ratis.thirdparty.io.netty.channel.AbstractChannel$AnnotatedConnectException: Connection refused: /192.168.69.75:40482
	at sun.nio.ch.SocketChannelImpl.checkConnect(Native Method)
	at sun.nio.ch.SocketChannelImpl.finishConnect(SocketChannelImpl.java:717)
	at org.apache.ratis.thirdparty.io.netty.channel.socket.nio.NioSocketChannel.doFinishConnect(NioSocketChannel.java:327)
	at org.apache.ratis.thirdparty.io.netty.channel.nio.AbstractNioChannel$AbstractNioUnsafe.finishConnect(AbstractNioChannel.java:340)
	at org.apache.ratis.thirdparty.io.netty.channel.nio.NioEventLoop.processSelectedKey(NioEventLoop.java:632)
	at org.apache.ratis.thirdparty.io.netty.channel.nio.NioEventLoop.processSelectedKeysOptimized(NioEventLoop.java:579)
	at org.apache.ratis.thirdparty.io.netty.channel.nio.NioEventLoop.processSelectedKeys(NioEventLoop.java:496)
	at org.apache.ratis.thirdparty.io.netty.channel.nio.NioEventLoop.run(NioEventLoop.java:458)
	at org.apache.ratis.thirdparty.io.netty.util.concurrent.SingleThreadEventExecutor$5.run(SingleThreadEventExecutor.java:897)
	at org.apache.ratis.thirdparty.io.netty.util.concurrent.FastThreadLocalRunnable.run(FastThreadLocalRunnable.java:30)
	... 1 more
Caused by: java.net.ConnectException: Connection refused
	... 11 more
2019-08-28 04:44:36,943 [aaa2da48-ccc8-4121-a1a5-30f8a5c77378:group-3D64E44E2884:LeaderElection19] INFO  impl.LeaderElection (LeaderElection.java:logAndReturn(56)) - aaa2da48-ccc8-4121-a1a5-30f8a5c77378:group-3D64E44E2884:LeaderElection19: Election REJECTED; received 0 response(s) [] and 2 exception(s); aaa2da48-ccc8-4121-a1a5-30f8a5c77378:t4, leader=null, voted=aaa2da48-ccc8-4121-a1a5-30f8a5c77378, raftlog=aaa2da48-ccc8-4121-a1a5-30f8a5c77378-SegmentedRaftLog:OPENED:c4,f4,i4, conf=0: [8bdb61b5-fa98-4739-8e0a-5280a4fe194a:192.168.69.75:35171, aaa2da48-ccc8-4121-a1a5-30f8a5c77378:192.168.69.75:42496, f5b518e1-81ed-4539-890c-23fde7b7af4e:192.168.69.75:40482], old=null
2019-08-28 04:44:36,944 [aaa2da48-ccc8-4121-a1a5-30f8a5c77378:group-3D64E44E2884:LeaderElection19] INFO  impl.LeaderElection (LogUtils.java:infoOrTrace(149)) -   Exception 0: {}
java.util.concurrent.ExecutionException: org.apache.ratis.thirdparty.io.grpc.StatusRuntimeException: UNAVAILABLE: io exception
	at java.util.concurrent.FutureTask.report(FutureTask.java:122)
	at java.util.concurrent.FutureTask.get(FutureTask.java:192)
	at org.apache.ratis.server.impl.LeaderElection.waitForResults(LeaderElection.java:262)
	at org.apache.ratis.server.impl.LeaderElection.askForVotes(LeaderElection.java:200)
	at org.apache.ratis.server.impl.LeaderElection.run(LeaderElection.java:130)
	at java.lang.Thread.run(Thread.java:748)
Caused by: org.apache.ratis.thirdparty.io.grpc.StatusRuntimeException: UNAVAILABLE: io exception
	at org.apache.ratis.thirdparty.io.grpc.stub.ClientCalls.toStatusRuntimeException(ClientCalls.java:233)
	at org.apache.ratis.thirdparty.io.grpc.stub.ClientCalls.getUnchecked(ClientCalls.java:214)
	at org.apache.ratis.thirdparty.io.grpc.stub.ClientCalls.blockingUnaryCall(ClientCalls.java:139)
	at org.apache.ratis.proto.grpc.RaftServerProtocolServiceGrpc$RaftServerProtocolServiceBlockingStub.requestVote(RaftServerProtocolServiceGrpc.java:265)
	at org.apache.ratis.grpc.server.GrpcServerProtocolClient.requestVote(GrpcServerProtocolClient.java:83)
	at org.apache.ratis.grpc.server.GrpcService.requestVote(GrpcService.java:195)
	at org.apache.ratis.server.impl.LeaderElection.lambda$submitRequests$1(LeaderElection.java:237)
	at java.util.concurrent.FutureTask.run(FutureTask.java:266)
	at java.util.concurrent.Executors$RunnableAdapter.call(Executors.java:511)
	at java.util.concurrent.FutureTask.run(FutureTask.java:266)
	at java.util.concurrent.ThreadPoolExecutor.runWorker(ThreadPoolExecutor.java:1149)
	at java.util.concurrent.ThreadPoolExecutor$Worker.run(ThreadPoolExecutor.java:624)
	... 1 more
Caused by: org.apache.ratis.thirdparty.io.netty.channel.AbstractChannel$AnnotatedConnectException: Connection refused: /192.168.69.75:35171
	at sun.nio.ch.SocketChannelImpl.checkConnect(Native Method)
	at sun.nio.ch.SocketChannelImpl.finishConnect(SocketChannelImpl.java:717)
	at org.apache.ratis.thirdparty.io.netty.channel.socket.nio.NioSocketChannel.doFinishConnect(NioSocketChannel.java:327)
	at org.apache.ratis.thirdparty.io.netty.channel.nio.AbstractNioChannel$AbstractNioUnsafe.finishConnect(AbstractNioChannel.java:340)
	at org.apache.ratis.thirdparty.io.netty.channel.nio.NioEventLoop.processSelectedKey(NioEventLoop.java:632)
	at org.apache.ratis.thirdparty.io.netty.channel.nio.NioEventLoop.processSelectedKeysOptimized(NioEventLoop.java:579)
	at org.apache.ratis.thirdparty.io.netty.channel.nio.NioEventLoop.processSelectedKeys(NioEventLoop.java:496)
	at org.apache.ratis.thirdparty.io.netty.channel.nio.NioEventLoop.run(NioEventLoop.java:458)
	at org.apache.ratis.thirdparty.io.netty.util.concurrent.SingleThreadEventExecutor$5.run(SingleThreadEventExecutor.java:897)
	at org.apache.ratis.thirdparty.io.netty.util.concurrent.FastThreadLocalRunnable.run(FastThreadLocalRunnable.java:30)
	... 1 more
Caused by: java.net.ConnectException: Connection refused
	... 11 more
2019-08-28 04:44:36,944 [aaa2da48-ccc8-4121-a1a5-30f8a5c77378:group-3D64E44E2884:LeaderElection19] INFO  impl.LeaderElection (LogUtils.java:infoOrTrace(149)) -   Exception 1: {}
java.util.concurrent.ExecutionException: org.apache.ratis.thirdparty.io.grpc.StatusRuntimeException: UNAVAILABLE: io exception
	at java.util.concurrent.FutureTask.report(FutureTask.java:122)
	at java.util.concurrent.FutureTask.get(FutureTask.java:192)
	at org.apache.ratis.server.impl.LeaderElection.waitForResults(LeaderElection.java:262)
	at org.apache.ratis.server.impl.LeaderElection.askForVotes(LeaderElection.java:200)
	at org.apache.ratis.server.impl.LeaderElection.run(LeaderElection.java:130)
	at java.lang.Thread.run(Thread.java:748)
Caused by: org.apache.ratis.thirdparty.io.grpc.StatusRuntimeException: UNAVAILABLE: io exception
	at org.apache.ratis.thirdparty.io.grpc.stub.ClientCalls.toStatusRuntimeException(ClientCalls.java:233)
	at org.apache.ratis.thirdparty.io.grpc.stub.ClientCalls.getUnchecked(ClientCalls.java:214)
	at org.apache.ratis.thirdparty.io.grpc.stub.ClientCalls.blockingUnaryCall(ClientCalls.java:139)
	at org.apache.ratis.proto.grpc.RaftServerProtocolServiceGrpc$RaftServerProtocolServiceBlockingStub.requestVote(RaftServerProtocolServiceGrpc.java:265)
	at org.apache.ratis.grpc.server.GrpcServerProtocolClient.requestVote(GrpcServerProtocolClient.java:83)
	at org.apache.ratis.grpc.server.GrpcService.requestVote(GrpcService.java:195)
	at org.apache.ratis.server.impl.LeaderElection.lambda$submitRequests$1(LeaderElection.java:237)
	at java.util.concurrent.FutureTask.run(FutureTask.java:266)
	at java.util.concurrent.Executors$RunnableAdapter.call(Executors.java:511)
	at java.util.concurrent.FutureTask.run(FutureTask.java:266)
	at java.util.concurrent.ThreadPoolExecutor.runWorker(ThreadPoolExecutor.java:1149)
	at java.util.concurrent.ThreadPoolExecutor$Worker.run(ThreadPoolExecutor.java:624)
	... 1 more
Caused by: org.apache.ratis.thirdparty.io.netty.channel.AbstractChannel$AnnotatedConnectException: Connection refused: /192.168.69.75:40482
	at sun.nio.ch.SocketChannelImpl.checkConnect(Native Method)
	at sun.nio.ch.SocketChannelImpl.finishConnect(SocketChannelImpl.java:717)
	at org.apache.ratis.thirdparty.io.netty.channel.socket.nio.NioSocketChannel.doFinishConnect(NioSocketChannel.java:327)
	at org.apache.ratis.thirdparty.io.netty.channel.nio.AbstractNioChannel$AbstractNioUnsafe.finishConnect(AbstractNioChannel.java:340)
	at org.apache.ratis.thirdparty.io.netty.channel.nio.NioEventLoop.processSelectedKey(NioEventLoop.java:632)
	at org.apache.ratis.thirdparty.io.netty.channel.nio.NioEventLoop.processSelectedKeysOptimized(NioEventLoop.java:579)
	at org.apache.ratis.thirdparty.io.netty.channel.nio.NioEventLoop.processSelectedKeys(NioEventLoop.java:496)
	at org.apache.ratis.thirdparty.io.netty.channel.nio.NioEventLoop.run(NioEventLoop.java:458)
	at org.apache.ratis.thirdparty.io.netty.util.concurrent.SingleThreadEventExecutor$5.run(SingleThreadEventExecutor.java:897)
	at org.apache.ratis.thirdparty.io.netty.util.concurrent.FastThreadLocalRunnable.run(FastThreadLocalRunnable.java:30)
	... 1 more
Caused by: java.net.ConnectException: Connection refused
	... 11 more
2019-08-28 04:44:36,944 [aaa2da48-ccc8-4121-a1a5-30f8a5c77378:group-3D64E44E2884:LeaderElection19] INFO  impl.RaftServerImpl (RaftServerImpl.java:setRole(171)) - aaa2da48-ccc8-4121-a1a5-30f8a5c77378:group-3D64E44E2884 changes role from CANDIDATE to FOLLOWER at term 4 for DISCOVERED_A_NEW_TERM
2019-08-28 04:44:36,945 [aaa2da48-ccc8-4121-a1a5-30f8a5c77378:group-3D64E44E2884:LeaderElection19] INFO  impl.RoleInfo (RoleInfo.java:shutdownLeaderElection(134)) - aaa2da48-ccc8-4121-a1a5-30f8a5c77378: shutdown LeaderElection
2019-08-28 04:44:36,945 [aaa2da48-ccc8-4121-a1a5-30f8a5c77378:group-3D64E44E2884:LeaderElection19] INFO  impl.RoleInfo (RoleInfo.java:updateAndGet(143)) - aaa2da48-ccc8-4121-a1a5-30f8a5c77378: start FollowerState
2019-08-28 04:44:37,255 [EventQueue-StaleNodeForStaleNodeHandler] INFO  node.StaleNodeHandler (StaleNodeHandler.java:onMessage(58)) - Datanode aaa2da48-ccc8-4121-a1a5-30f8a5c77378{ip: 192.168.69.75, host: pr-hdds-2014-rr4xc-1992234301, networkLocation: /default-rack, certSerialId: null} moved to stale state. Finalizing its pipelines [PipelineID=cb3c5af4-e338-43bf-b498-3d64e44e2884, PipelineID=a3a1472a-8c76-47a7-bccc-26afeb79f15c]
2019-08-28 04:44:37,255 [EventQueue-StaleNodeForStaleNodeHandler] INFO  pipeline.SCMPipelineManager (SCMPipelineManager.java:finalizeAndDestroyPipeline(309)) - destroying pipeline:Pipeline[ Id: cb3c5af4-e338-43bf-b498-3d64e44e2884, Nodes: aaa2da48-ccc8-4121-a1a5-30f8a5c77378{ip: 192.168.69.75, host: pr-hdds-2014-rr4xc-1992234301, networkLocation: /default-rack, certSerialId: null}8bdb61b5-fa98-4739-8e0a-5280a4fe194a{ip: 192.168.69.75, host: pr-hdds-2014-rr4xc-1992234301, networkLocation: /default-rack, certSerialId: null}f5b518e1-81ed-4539-890c-23fde7b7af4e{ip: 192.168.69.75, host: pr-hdds-2014-rr4xc-1992234301, networkLocation: /default-rack, certSerialId: null}, Type:RATIS, Factor:THREE, State:CLOSED]
2019-08-28 04:44:37,256 [EventQueue-StaleNodeForStaleNodeHandler] INFO  pipeline.SCMPipelineManager (SCMPipelineManager.java:finalizeAndDestroyPipeline(309)) - destroying pipeline:Pipeline[ Id: a3a1472a-8c76-47a7-bccc-26afeb79f15c, Nodes: aaa2da48-ccc8-4121-a1a5-30f8a5c77378{ip: 192.168.69.75, host: pr-hdds-2014-rr4xc-1992234301, networkLocation: /default-rack, certSerialId: null}, Type:RATIS, Factor:ONE, State:OPEN]
2019-08-28 04:44:37,256 [EventQueue-StaleNodeForStaleNodeHandler] INFO  pipeline.PipelineStateManager (PipelineStateManager.java:finalizePipeline(123)) - Pipeline Pipeline[ Id: a3a1472a-8c76-47a7-bccc-26afeb79f15c, Nodes: aaa2da48-ccc8-4121-a1a5-30f8a5c77378{ip: 192.168.69.75, host: pr-hdds-2014-rr4xc-1992234301, networkLocation: /default-rack, certSerialId: null}, Type:RATIS, Factor:ONE, State:CLOSED] moved to CLOSED state
2019-08-28 04:44:37,619 [main] INFO  ozoneimpl.OzoneContainer (OzoneContainer.java:stop(199)) - Attempting to stop container services.
2019-08-28 04:44:37,620 [main] INFO  impl.RaftServerProxy (RaftServerProxy.java:lambda$close$4(314)) - aaa2da48-ccc8-4121-a1a5-30f8a5c77378: close
2019-08-28 04:44:37,621 [main] INFO  impl.RaftServerImpl (RaftServerImpl.java:lambda$shutdown$3(245)) - aaa2da48-ccc8-4121-a1a5-30f8a5c77378: shutdown group-3D64E44E2884
2019-08-28 04:44:37,621 [main] INFO  util.JmxRegister (JmxRegister.java:unregister(73)) - Successfully un-registered JMX Bean with object name Ratis:service=RaftServer,group=group-3D64E44E2884,id=aaa2da48-ccc8-4121-a1a5-30f8a5c77378
2019-08-28 04:44:37,622 [main] INFO  impl.RoleInfo (RoleInfo.java:shutdownFollowerState(121)) - aaa2da48-ccc8-4121-a1a5-30f8a5c77378: shutdown FollowerState
2019-08-28 04:44:37,622 [main] INFO  impl.StateMachineUpdater (StateMachineUpdater.java:stopAndJoin(115)) - StateMachineUpdater:aaa2da48-ccc8-4121-a1a5-30f8a5c77378:group-3D64E44E2884: set stopIndex = 4
2019-08-28 04:44:37,622 [Thread-509] INFO  impl.FollowerState (FollowerState.java:run(114)) - aaa2da48-ccc8-4121-a1a5-30f8a5c77378: FollowerState was interrupted: java.lang.InterruptedException: sleep interrupted
2019-08-28 04:44:37,622 [StateMachineUpdater:aaa2da48-ccc8-4121-a1a5-30f8a5c77378:group-3D64E44E2884] INFO  ratis.ContainerStateMachine (ContainerStateMachine.java:takeSnapshot(283)) - group-3D64E44E2884: Taking a snapshot at:(t:3, i:3) file /workdir/hadoop-ozone/integration-test/target/test-dir/MiniOzoneClusterImpl-dee0cb60-1d83-42ef-98aa-30f750bc63a6/datanode-5/data/ratis/cb3c5af4-e338-43bf-b498-3d64e44e2884/sm/snapshot.3_3
2019-08-28 04:44:37,637 [StateMachineUpdater:aaa2da48-ccc8-4121-a1a5-30f8a5c77378:group-3D64E44E2884] INFO  ratis.ContainerStateMachine (ContainerStateMachine.java:takeSnapshot(294)) - group-3D64E44E2884: Finished taking a snapshot at:(t:3, i:3) file:/workdir/hadoop-ozone/integration-test/target/test-dir/MiniOzoneClusterImpl-dee0cb60-1d83-42ef-98aa-30f750bc63a6/datanode-5/data/ratis/cb3c5af4-e338-43bf-b498-3d64e44e2884/sm/snapshot.3_3 time:14
2019-08-28 04:44:37,637 [StateMachineUpdater:aaa2da48-ccc8-4121-a1a5-30f8a5c77378:group-3D64E44E2884] INFO  impl.StateMachineUpdater (StateMachineUpdater.java:takeSnapshot(242)) - StateMachineUpdater:aaa2da48-ccc8-4121-a1a5-30f8a5c77378:group-3D64E44E2884: Took a snapshot at index 3
2019-08-28 04:44:37,637 [StateMachineUpdater:aaa2da48-ccc8-4121-a1a5-30f8a5c77378:group-3D64E44E2884] INFO  impl.StateMachineUpdater (StateMachineUpdater.java:lambda$new$0(80)) - StateMachineUpdater:aaa2da48-ccc8-4121-a1a5-30f8a5c77378:group-3D64E44E2884: snapshotIndex: updateIncreasingly -1 -> 3
2019-08-28 04:44:37,637 [main] INFO  impl.RaftServerImpl (ServerState.java:close(394)) - aaa2da48-ccc8-4121-a1a5-30f8a5c77378:group-3D64E44E2884 closes. The last applied log index is 4
2019-08-28 04:44:37,638 [aaa2da48-ccc8-4121-a1a5-30f8a5c77378-SegmentedRaftLogWorker:Storage Directory /workdir/hadoop-ozone/integration-test/target/test-dir/MiniOzoneClusterImpl-dee0cb60-1d83-42ef-98aa-30f750bc63a6/datanode-5/data/ratis/cb3c5af4-e338-43bf-b498-3d64e44e2884] INFO  segmented.SegmentedRaftLogWorker (SegmentedRaftLogWorker.java:run(313)) - aaa2da48-ccc8-4121-a1a5-30f8a5c77378-SegmentedRaftLogWorker:Storage Directory /workdir/hadoop-ozone/integration-test/target/test-dir/MiniOzoneClusterImpl-dee0cb60-1d83-42ef-98aa-30f750bc63a6/datanode-5/data/ratis/cb3c5af4-e338-43bf-b498-3d64e44e2884 was interrupted, exiting. There are 0 tasks remaining in the queue.
2019-08-28 04:44:37,638 [main] INFO  segmented.SegmentedRaftLogWorker (SegmentedRaftLogWorker.java:close(228)) - aaa2da48-ccc8-4121-a1a5-30f8a5c77378-SegmentedRaftLogWorker:Storage Directory /workdir/hadoop-ozone/integration-test/target/test-dir/MiniOzoneClusterImpl-dee0cb60-1d83-42ef-98aa-30f750bc63a6/datanode-5/data/ratis/cb3c5af4-e338-43bf-b498-3d64e44e2884 close()
2019-08-28 04:44:37,640 [main] INFO  impl.RaftServerImpl (RaftServerImpl.java:lambda$shutdown$3(245)) - aaa2da48-ccc8-4121-a1a5-30f8a5c77378: shutdown group-26AFEB79F15C
2019-08-28 04:44:37,640 [main] INFO  util.JmxRegister (JmxRegister.java:unregister(73)) - Successfully un-registered JMX Bean with object name Ratis:service=RaftServer,group=group-26AFEB79F15C,id=aaa2da48-ccc8-4121-a1a5-30f8a5c77378
2019-08-28 04:44:37,641 [main] INFO  impl.RoleInfo (RoleInfo.java:shutdownLeaderState(104)) - aaa2da48-ccc8-4121-a1a5-30f8a5c77378: shutdown LeaderState
2019-08-28 04:44:37,641 [main] INFO  impl.PendingRequests (PendingRequests.java:sendNotLeaderResponses(202)) - aaa2da48-ccc8-4121-a1a5-30f8a5c77378-PendingRequests: sendNotLeaderResponses
2019-08-28 04:44:37,642 [main] INFO  impl.StateMachineUpdater (StateMachineUpdater.java:stopAndJoin(115)) - StateMachineUpdater:aaa2da48-ccc8-4121-a1a5-30f8a5c77378:group-26AFEB79F15C: set stopIndex = 0
2019-08-28 04:44:37,642 [main] INFO  impl.RaftServerImpl (ServerState.java:close(394)) - aaa2da48-ccc8-4121-a1a5-30f8a5c77378:group-26AFEB79F15C closes. The last applied log index is 0
2019-08-28 04:44:37,642 [aaa2da48-ccc8-4121-a1a5-30f8a5c77378-SegmentedRaftLogWorker:Storage Directory /workdir/hadoop-ozone/integration-test/target/test-dir/MiniOzoneClusterImpl-dee0cb60-1d83-42ef-98aa-30f750bc63a6/datanode-5/data/ratis/a3a1472a-8c76-47a7-bccc-26afeb79f15c] INFO  segmented.SegmentedRaftLogWorker (SegmentedRaftLogWorker.java:run(313)) - aaa2da48-ccc8-4121-a1a5-30f8a5c77378-SegmentedRaftLogWorker:Storage Directory /workdir/hadoop-ozone/integration-test/target/test-dir/MiniOzoneClusterImpl-dee0cb60-1d83-42ef-98aa-30f750bc63a6/datanode-5/data/ratis/a3a1472a-8c76-47a7-bccc-26afeb79f15c was interrupted, exiting. There are 0 tasks remaining in the queue.
2019-08-28 04:44:37,643 [main] INFO  segmented.SegmentedRaftLogWorker (SegmentedRaftLogWorker.java:close(228)) - aaa2da48-ccc8-4121-a1a5-30f8a5c77378-SegmentedRaftLogWorker:Storage Directory /workdir/hadoop-ozone/integration-test/target/test-dir/MiniOzoneClusterImpl-dee0cb60-1d83-42ef-98aa-30f750bc63a6/datanode-5/data/ratis/a3a1472a-8c76-47a7-bccc-26afeb79f15c close()
2019-08-28 04:44:37,644 [main] INFO  server.GrpcService (GrpcService.java:closeImpl(155)) - aaa2da48-ccc8-4121-a1a5-30f8a5c77378: shutdown server with port 42496 now
2019-08-28 04:44:37,645 [main] INFO  server.GrpcService (GrpcService.java:closeImpl(163)) - aaa2da48-ccc8-4121-a1a5-30f8a5c77378: shutdown server with port 42496 successfully
2019-08-28 04:44:37,646 [main] INFO  utils.BackgroundService (BackgroundService.java:shutdown(148)) - Shutting down service BlockDeletingService
2019-08-28 04:44:37,649 [refreshUsed-/workdir/hadoop-ozone/integration-test/target/test-dir/MiniOzoneClusterImpl-dee0cb60-1d83-42ef-98aa-30f750bc63a6/datanode-5/data/containers] WARN  fs.CachingGetSpaceUsed (CachingGetSpaceUsed.java:run(183)) - Thread Interrupted waiting to refresh disk information: sleep interrupted
2019-08-28 04:44:37,667 [main] INFO  statemachine.DatanodeStateMachine (DatanodeStateMachine.java:stopDaemon(395)) - Ozone container server stopped.
2019-08-28 04:44:37,669 [main] INFO  handler.ContextHandler (ContextHandler.java:doStop(910)) - Stopped o.e.j.w.WebAppContext@2a484710{/,null,UNAVAILABLE}{/hddsDatanode}
2019-08-28 04:44:37,669 [main] INFO  server.AbstractConnector (AbstractConnector.java:doStop(318)) - Stopped ServerConnector@661e1399{HTTP/1.1,[http/1.1]}{0.0.0.0:0}
2019-08-28 04:44:37,670 [main] INFO  handler.ContextHandler (ContextHandler.java:doStop(910)) - Stopped o.e.j.s.ServletContextHandler@5d7f8467{/static,jar:file:/home/user/.m2/repository/org/apache/hadoop/hadoop-hdds-container-service/0.5.0-SNAPSHOT/hadoop-hdds-container-service-0.5.0-SNAPSHOT.jar!/webapps/static,UNAVAILABLE}
2019-08-28 04:44:37,670 [main] INFO  handler.ContextHandler (ContextHandler.java:doStop(910)) - Stopped o.e.j.s.ServletContextHandler@4f5c30b1{/logs,file:///workdir/hadoop-ozone/integration-test/target/log,UNAVAILABLE}
2019-08-28 04:44:37,671 [main] INFO  ozone.MiniOzoneClusterImpl (MiniOzoneClusterImpl.java:stop(353)) - Stopping the StorageContainerManager
2019-08-28 04:44:37,672 [main] INFO  server.StorageContainerManager (StorageContainerManager.java:stop(797)) - Stopping Replication Manager Service.
2019-08-28 04:44:37,672 [main] INFO  container.ReplicationManager (ReplicationManager.java:stop(193)) - Stopping Replication Monitor Thread.
2019-08-28 04:44:37,672 [main] INFO  server.StorageContainerManager (StorageContainerManager.java:stop(804)) - Stopping Lease Manager of the command watchers
2019-08-28 04:44:37,672 [main] INFO  server.StorageContainerManager (StorageContainerManager.java:stop(811)) - Stopping datanode service RPC server
2019-08-28 04:44:37,673 [main] INFO  server.SCMDatanodeProtocolServer (SCMDatanodeProtocolServer.java:stop(367)) - Stopping the RPC server for DataNodes
2019-08-28 04:44:37,673 [main] INFO  ipc.Server (Server.java:stop(3082)) - Stopping server on 40682
2019-08-28 04:44:37,675 [IPC Server listener on 40682] INFO  ipc.Server (Server.java:run(1185)) - Stopping IPC Server listener on 40682
2019-08-28 04:44:37,675 [IPC Server Responder] INFO  ipc.Server (Server.java:run(1319)) - Stopping IPC Server Responder
2019-08-28 04:44:37,755 [SCM Heartbeat Processing Thread - 0] WARN  node.NodeStateManager (NodeStateManager.java:scheduleNextHealthCheck(646)) - Current Thread is interrupted, shutting down HB processing thread for Node Manager.
2019-08-28 04:44:37,755 [main] INFO  server.StorageContainerManager (StorageContainerManager.java:stop(819)) - Stopping block service RPC server
2019-08-28 04:44:37,756 [main] INFO  server.SCMBlockProtocolServer (SCMBlockProtocolServer.java:stop(148)) - Stopping the RPC server for Block Protocol
2019-08-28 04:44:37,756 [main] INFO  ipc.Server (Server.java:stop(3082)) - Stopping server on 34551
2019-08-28 04:44:37,758 [IPC Server listener on 34551] INFO  ipc.Server (Server.java:run(1185)) - Stopping IPC Server listener on 34551
2019-08-28 04:44:37,758 [main] INFO  server.StorageContainerManager (StorageContainerManager.java:stop(826)) - Stopping the StorageContainerLocationProtocol RPC server
2019-08-28 04:44:37,758 [IPC Server Responder] INFO  ipc.Server (Server.java:run(1319)) - Stopping IPC Server Responder
2019-08-28 04:44:37,758 [main] INFO  server.SCMClientProtocolServer (SCMClientProtocolServer.java:stop(159)) - Stopping the RPC server for Client Protocol
2019-08-28 04:44:37,758 [main] INFO  ipc.Server (Server.java:stop(3082)) - Stopping server on 39319
2019-08-28 04:44:37,760 [IPC Server listener on 39319] INFO  ipc.Server (Server.java:run(1185)) - Stopping IPC Server listener on 39319
2019-08-28 04:44:37,760 [main] INFO  server.StorageContainerManager (StorageContainerManager.java:stop(833)) - Stopping Storage Container Manager HTTP server.
2019-08-28 04:44:37,760 [IPC Server Responder] INFO  ipc.Server (Server.java:run(1319)) - Stopping IPC Server Responder
2019-08-28 04:44:37,762 [main] INFO  handler.ContextHandler (ContextHandler.java:doStop(910)) - Stopped o.e.j.w.WebAppContext@48f5bde6{/,null,UNAVAILABLE}{/scm}
2019-08-28 04:44:37,762 [main] INFO  server.AbstractConnector (AbstractConnector.java:doStop(318)) - Stopped ServerConnector@6d511b5f{HTTP/1.1,[http/1.1]}{0.0.0.0:0}
2019-08-28 04:44:37,763 [main] INFO  handler.ContextHandler (ContextHandler.java:doStop(910)) - Stopped o.e.j.s.ServletContextHandler@5c530d1e{/static,file:///workdir/hadoop-ozone/integration-test/target/test-classes/webapps/static,UNAVAILABLE}
2019-08-28 04:44:37,763 [main] INFO  handler.ContextHandler (ContextHandler.java:doStop(910)) - Stopped o.e.j.s.ServletContextHandler@5286c33a{/logs,file:///workdir/hadoop-ozone/integration-test/target/log,UNAVAILABLE}
2019-08-28 04:44:37,765 [main] INFO  server.StorageContainerManager (StorageContainerManager.java:stop(844)) - Stopping Block Manager Service.
2019-08-28 04:44:37,765 [main] INFO  utils.BackgroundService (BackgroundService.java:shutdown(148)) - Shutting down service SCMBlockDeletingService
2019-08-28 04:44:37,766 [main] INFO  utils.BackgroundService (BackgroundService.java:shutdown(148)) - Shutting down service SCMBlockDeletingService
2019-08-28 04:44:37,767 [main] INFO  server.StorageContainerManager (StorageContainerManager.java:stop(866)) - Stopping SCM Event Queue.
2019-08-28 04:44:37,773 [main] INFO  impl.MetricsSystemImpl (MetricsSystemImpl.java:stop(210)) - Stopping XceiverClientMetrics metrics system...
2019-08-28 04:44:37,779 [main] INFO  impl.MetricsSystemImpl (MetricsSystemImpl.java:stop(216)) - XceiverClientMetrics metrics system stopped.
]]></system-out>
    <system-err><![CDATA[Aug 28, 2019 4:43:53 AM com.sun.jersey.server.impl.application.WebApplicationImpl _initiate
INFO: Initiating Jersey application, version 'Jersey: 1.19 02/11/2015 03:25 AM'
Aug 28, 2019 4:43:54 AM com.sun.jersey.server.impl.application.WebApplicationImpl _initiate
INFO: Initiating Jersey application, version 'Jersey: 1.19 02/11/2015 03:25 AM'
Aug 28, 2019 4:43:54 AM com.sun.jersey.server.impl.application.WebApplicationImpl _initiate
INFO: Initiating Jersey application, version 'Jersey: 1.19 02/11/2015 03:25 AM'
Aug 28, 2019 4:43:54 AM com.sun.jersey.server.impl.application.WebApplicationImpl _initiate
INFO: Initiating Jersey application, version 'Jersey: 1.19 02/11/2015 03:25 AM'
Aug 28, 2019 4:43:55 AM com.sun.jersey.server.impl.application.WebApplicationImpl _initiate
INFO: Initiating Jersey application, version 'Jersey: 1.19 02/11/2015 03:25 AM'
Aug 28, 2019 4:43:55 AM com.sun.jersey.server.impl.application.WebApplicationImpl _initiate
INFO: Initiating Jersey application, version 'Jersey: 1.19 02/11/2015 03:25 AM'
Aug 28, 2019 4:43:55 AM com.sun.jersey.server.impl.application.WebApplicationImpl _initiate
INFO: Initiating Jersey application, version 'Jersey: 1.19 02/11/2015 03:25 AM'
]]></system-err>
  </testcase>
  <testcase name="testDatanodeFailureWithPreAllocation" classname="org.apache.hadoop.ozone.client.rpc.TestBlockOutputStreamWithFailures" time="226.849"/>
  <testcase name="testDatanodeFailureWithSingleNodeRatis" classname="org.apache.hadoop.ozone.client.rpc.TestBlockOutputStreamWithFailures" time="226.137"/>
  <testcase name="testWatchForCommitWithSingleNodeRatis" classname="org.apache.hadoop.ozone.client.rpc.TestBlockOutputStreamWithFailures" time="36.344"/>
  <testcase name="testWatchForCommitDatanodeFailure" classname="org.apache.hadoop.ozone.client.rpc.TestBlockOutputStreamWithFailures" time="34.397"/>
  <testcase name="testFailureWithPrimeSizedData" classname="org.apache.hadoop.ozone.client.rpc.TestBlockOutputStreamWithFailures" time="35.418"/>
  <testcase name="testWatchForCommitWithCloseContainerException" classname="org.apache.hadoop.ozone.client.rpc.TestBlockOutputStreamWithFailures" time="34.956"/>
  <testcase name="testExceptionDuringClose" classname="org.apache.hadoop.ozone.client.rpc.TestBlockOutputStreamWithFailures" time="35.191"/>
</testsuite>