<?xml version="1.0" encoding="UTF-8"?>
<testsuite xmlns:xsi="http://www.w3.org/2001/XMLSchema-instance" xsi:noNamespaceSchemaLocation="https://maven.apache.org/surefire/maven-surefire-plugin/xsd/surefire-test-report.xsd" name="org.apache.hadoop.ozone.client.rpc.TestCommitWatcher" time="49.626" tests="2" errors="0" skipped="0" failures="1">
  <properties>
    <property name="awt.toolkit" value="sun.awt.X11.XToolkit"/>
    <property name="file.encoding.pkg" value="sun.io"/>
    <property name="java.specification.version" value="1.8"/>
    <property name="sun.cpu.isalist" value=""/>
    <property name="sun.jnu.encoding" value="UTF-8"/>
    <property name="java.class.path" value="/workdir/hadoop-ozone/integration-test/target/test-classes:/workdir/hadoop-ozone/integration-test/target/classes:/home/user/.m2/repository/org/apache/hadoop/hadoop-ozone-common/0.5.0-SNAPSHOT/hadoop-ozone-common-0.5.0-SNAPSHOT.jar:/home/user/.m2/repository/org/apache/commons/commons-compress/1.4.1/commons-compress-1.4.1.jar:/home/user/.m2/repository/org/tukaani/xz/1.0/xz-1.0.jar:/home/user/.m2/repository/org/apache/hadoop/hadoop-common/3.2.0/hadoop-common-3.2.0.jar:/home/user/.m2/repository/org/apache/hadoop/hadoop-hdfs/3.2.0/hadoop-hdfs-3.2.0.jar:/home/user/.m2/repository/org/apache/hadoop/hadoop-hdfs-client/3.2.0/hadoop-hdfs-client-3.2.0.jar:/home/user/.m2/repository/com/fasterxml/jackson/core/jackson-annotations/2.9.5/jackson-annotations-2.9.5.jar:/home/user/.m2/repository/org/apache/hadoop/hadoop-hdds-common/0.5.0-SNAPSHOT/hadoop-hdds-common-0.5.0-SNAPSHOT.jar:/home/user/.m2/repository/javax/annotation/javax.annotation-api/1.2/javax.annotation-api-1.2.jar:/home/user/.m2/repository/org/apache/ratis/ratis-server/0.4.0-2337318-SNAPSHOT/ratis-server-0.4.0-2337318-SNAPSHOT.jar:/home/user/.m2/repository/org/apache/ratis/ratis-thirdparty-misc/0.2.0/ratis-thirdparty-misc-0.2.0.jar:/home/user/.m2/repository/org/apache/ratis/ratis-proto/0.4.0-2337318-SNAPSHOT/ratis-proto-0.4.0-2337318-SNAPSHOT.jar:/home/user/.m2/repository/org/apache/ratis/ratis-common/0.4.0-2337318-SNAPSHOT/ratis-common-0.4.0-2337318-SNAPSHOT.jar:/home/user/.m2/repository/org/apache/ratis/ratis-client/0.4.0-2337318-SNAPSHOT/ratis-client-0.4.0-2337318-SNAPSHOT.jar:/home/user/.m2/repository/org/apache/ratis/ratis-metrics/0.4.0-2337318-SNAPSHOT/ratis-metrics-0.4.0-2337318-SNAPSHOT.jar:/home/user/.m2/repository/org/apache/ratis/ratis-netty/0.4.0-2337318-SNAPSHOT/ratis-netty-0.4.0-2337318-SNAPSHOT.jar:/home/user/.m2/repository/org/apache/ratis/ratis-grpc/0.4.0-2337318-SNAPSHOT/ratis-grpc-0.4.0-2337318-SNAPSHOT.jar:/home/user/.m2/repository/org/rocksdb/rocksdbjni/6.0.1/rocksdbjni-6.0.1.jar:/home/user/.m2/repository/org/apache/logging/log4j/log4j-api/2.11.0/log4j-api-2.11.0.jar:/home/user/.m2/repository/org/apache/logging/log4j/log4j-core/2.11.0/log4j-core-2.11.0.jar:/home/user/.m2/repository/com/lmax/disruptor/3.4.2/disruptor-3.4.2.jar:/home/user/.m2/repository/org/apache/commons/commons-pool2/2.6.0/commons-pool2-2.6.0.jar:/home/user/.m2/repository/org/bouncycastle/bcpkix-jdk15on/1.60/bcpkix-jdk15on-1.60.jar:/home/user/.m2/repository/commons-validator/commons-validator/1.6/commons-validator-1.6.jar:/home/user/.m2/repository/commons-digester/commons-digester/1.8.1/commons-digester-1.8.1.jar:/home/user/.m2/repository/io/jaegertracing/jaeger-client/0.33.1/jaeger-client-0.33.1.jar:/home/user/.m2/repository/io/jaegertracing/jaeger-thrift/0.33.1/jaeger-thrift-0.33.1.jar:/home/user/.m2/repository/org/apache/thrift/libthrift/0.11.0/libthrift-0.11.0.jar:/home/user/.m2/repository/com/squareup/okhttp3/okhttp/3.9.0/okhttp-3.9.0.jar:/home/user/.m2/repository/com/squareup/okio/okio/1.13.0/okio-1.13.0.jar:/home/user/.m2/repository/io/jaegertracing/jaeger-core/0.33.1/jaeger-core-0.33.1.jar:/home/user/.m2/repository/io/jaegertracing/jaeger-tracerresolver/0.33.1/jaeger-tracerresolver-0.33.1.jar:/home/user/.m2/repository/io/opentracing/contrib/opentracing-tracerresolver/0.1.5/opentracing-tracerresolver-0.1.5.jar:/home/user/.m2/repository/io/opentracing/opentracing-util/0.31.0/opentracing-util-0.31.0.jar:/home/user/.m2/repository/io/opentracing/opentracing-api/0.31.0/opentracing-api-0.31.0.jar:/home/user/.m2/repository/io/opentracing/opentracing-noop/0.31.0/opentracing-noop-0.31.0.jar:/home/user/.m2/repository/org/apache/hadoop/hadoop-hdds-server-framework/0.5.0-SNAPSHOT/hadoop-hdds-server-framework-0.5.0-SNAPSHOT.jar:/home/user/.m2/repository/org/apache/hadoop/hadoop-hdds-container-service/0.5.0-SNAPSHOT/hadoop-hdds-container-service-0.5.0-SNAPSHOT.jar:/home/user/.m2/repository/org/apache/hadoop/hadoop-hdds-client/0.5.0-SNAPSHOT/hadoop-hdds-client-0.5.0-SNAPSHOT.jar:/home/user/.m2/repository/org/apache/hadoop/hadoop-hdds-tools/0.5.0-SNAPSHOT/hadoop-hdds-tools-0.5.0-SNAPSHOT.jar:/home/user/.m2/repository/org/apache/hadoop/hadoop-hdds-server-scm/0.5.0-SNAPSHOT/hadoop-hdds-server-scm-0.5.0-SNAPSHOT.jar:/home/user/.m2/repository/org/apache/hadoop/hadoop-hdds-docs/0.5.0-SNAPSHOT/hadoop-hdds-docs-0.5.0-SNAPSHOT.jar:/home/user/.m2/repository/io/dropwizard/metrics/metrics-core/3.2.4/metrics-core-3.2.4.jar:/home/user/.m2/repository/org/hamcrest/hamcrest-all/1.3/hamcrest-all-1.3.jar:/home/user/.m2/repository/org/bouncycastle/bcprov-jdk15on/1.60/bcprov-jdk15on-1.60.jar:/home/user/.m2/repository/info/picocli/picocli/3.9.6/picocli-3.9.6.jar:/home/user/.m2/repository/com/google/protobuf/protobuf-java/2.5.0/protobuf-java-2.5.0.jar:/home/user/.m2/repository/com/google/guava/guava/11.0.2/guava-11.0.2.jar:/home/user/.m2/repository/org/apache/hadoop/hadoop-ozone-ozone-manager/0.5.0-SNAPSHOT/hadoop-ozone-ozone-manager-0.5.0-SNAPSHOT.jar:/home/user/.m2/repository/org/apache/hadoop/hadoop-minikdc/3.2.0/hadoop-minikdc-3.2.0.jar:/home/user/.m2/repository/commons-io/commons-io/2.5/commons-io-2.5.jar:/home/user/.m2/repository/org/apache/kerby/kerb-simplekdc/1.0.1/kerb-simplekdc-1.0.1.jar:/home/user/.m2/repository/org/apache/kerby/kerb-client/1.0.1/kerb-client-1.0.1.jar:/home/user/.m2/repository/org/apache/kerby/kerby-config/1.0.1/kerby-config-1.0.1.jar:/home/user/.m2/repository/org/apache/kerby/kerb-core/1.0.1/kerb-core-1.0.1.jar:/home/user/.m2/repository/org/apache/kerby/kerby-pkix/1.0.1/kerby-pkix-1.0.1.jar:/home/user/.m2/repository/org/apache/kerby/kerby-asn1/1.0.1/kerby-asn1-1.0.1.jar:/home/user/.m2/repository/org/apache/kerby/kerby-util/1.0.1/kerby-util-1.0.1.jar:/home/user/.m2/repository/org/apache/kerby/kerb-common/1.0.1/kerb-common-1.0.1.jar:/home/user/.m2/repository/org/apache/kerby/kerb-crypto/1.0.1/kerb-crypto-1.0.1.jar:/home/user/.m2/repository/org/apache/kerby/kerb-util/1.0.1/kerb-util-1.0.1.jar:/home/user/.m2/repository/org/apache/kerby/token-provider/1.0.1/token-provider-1.0.1.jar:/home/user/.m2/repository/org/apache/kerby/kerb-admin/1.0.1/kerb-admin-1.0.1.jar:/home/user/.m2/repository/org/apache/kerby/kerb-server/1.0.1/kerb-server-1.0.1.jar:/home/user/.m2/repository/org/apache/kerby/kerb-identity/1.0.1/kerb-identity-1.0.1.jar:/home/user/.m2/repository/org/apache/kerby/kerby-xdr/1.0.1/kerby-xdr-1.0.1.jar:/home/user/.m2/repository/org/slf4j/slf4j-log4j12/1.7.25/slf4j-log4j12-1.7.25.jar:/home/user/.m2/repository/org/apache/hadoop/hadoop-ozone-objectstore-service/0.5.0-SNAPSHOT/hadoop-ozone-objectstore-service-0.5.0-SNAPSHOT.jar:/home/user/.m2/repository/org/apache/hadoop/hadoop-ozone-s3gateway/0.5.0-SNAPSHOT/hadoop-ozone-s3gateway-0.5.0-SNAPSHOT.jar:/home/user/.m2/repository/org/jboss/weld/servlet/weld-servlet/2.4.7.Final/weld-servlet-2.4.7.Final.jar:/home/user/.m2/repository/org/glassfish/jersey/containers/jersey-container-servlet-core/2.27/jersey-container-servlet-core-2.27.jar:/home/user/.m2/repository/org/glassfish/hk2/external/javax.inject/2.5.0-b42/javax.inject-2.5.0-b42.jar:/home/user/.m2/repository/org/glassfish/jersey/core/jersey-common/2.27/jersey-common-2.27.jar:/home/user/.m2/repository/org/glassfish/hk2/osgi-resource-locator/1.0.1/osgi-resource-locator-1.0.1.jar:/home/user/.m2/repository/javax/ws/rs/javax.ws.rs-api/2.1/javax.ws.rs-api-2.1.jar:/home/user/.m2/repository/org/glassfish/jersey/ext/cdi/jersey-cdi1x/2.27/jersey-cdi1x-2.27.jar:/home/user/.m2/repository/org/glassfish/jersey/inject/jersey-hk2/2.27/jersey-hk2-2.27.jar:/home/user/.m2/repository/org/glassfish/hk2/hk2-locator/2.5.0-b42/hk2-locator-2.5.0-b42.jar:/home/user/.m2/repository/org/javassist/javassist/3.22.0-CR2/javassist-3.22.0-CR2.jar:/home/user/.m2/repository/org/glassfish/hk2/hk2-api/2.5.0/hk2-api-2.5.0.jar:/home/user/.m2/repository/org/glassfish/hk2/external/jakarta.inject/2.5.0/jakarta.inject-2.5.0.jar:/home/user/.m2/repository/org/glassfish/hk2/hk2-utils/2.5.0/hk2-utils-2.5.0.jar:/home/user/.m2/repository/jakarta/annotation/jakarta.annotation-api/1.3.4/jakarta.annotation-api-1.3.4.jar:/home/user/.m2/repository/org/glassfish/hk2/external/aopalliance-repackaged/2.5.0/aopalliance-repackaged-2.5.0.jar:/home/user/.m2/repository/com/fasterxml/jackson/dataformat/jackson-dataformat-xml/2.9.0/jackson-dataformat-xml-2.9.0.jar:/home/user/.m2/repository/com/fasterxml/jackson/core/jackson-core/2.9.5/jackson-core-2.9.5.jar:/home/user/.m2/repository/com/fasterxml/jackson/module/jackson-module-jaxb-annotations/2.9.5/jackson-module-jaxb-annotations-2.9.5.jar:/home/user/.m2/repository/javax/enterprise/cdi-api/1.2/cdi-api-1.2.jar:/home/user/.m2/repository/javax/el/javax.el-api/3.0.0/javax.el-api-3.0.0.jar:/home/user/.m2/repository/javax/interceptor/javax.interceptor-api/1.2/javax.interceptor-api-1.2.jar:/home/user/.m2/repository/javax/inject/javax.inject/1/javax.inject-1.jar:/home/user/.m2/repository/com/sun/xml/bind/jaxb-impl/2.3.0.1/jaxb-impl-2.3.0.1.jar:/home/user/.m2/repository/com/sun/xml/bind/jaxb-core/2.3.0.1/jaxb-core-2.3.0.1.jar:/home/user/.m2/repository/javax/xml/bind/jaxb-api/2.3.0/jaxb-api-2.3.0.jar:/home/user/.m2/repository/javax/activation/activation/1.1.1/activation-1.1.1.jar:/home/user/.m2/repository/org/apache/hadoop/hadoop-ozone-csi/0.5.0-SNAPSHOT/hadoop-ozone-csi-0.5.0-SNAPSHOT.jar:/home/user/.m2/repository/com/google/protobuf/protobuf-java-util/3.5.1/protobuf-java-util-3.5.1.jar:/home/user/.m2/repository/org/apache/hadoop/hadoop-hdds-config/0.5.0-SNAPSHOT/hadoop-hdds-config-0.5.0-SNAPSHOT.jar:/home/user/.m2/repository/io/grpc/grpc-netty/1.17.1/grpc-netty-1.17.1.jar:/home/user/.m2/repository/io/grpc/grpc-core/1.17.1/grpc-core-1.17.1.jar:/home/user/.m2/repository/io/grpc/grpc-context/1.17.1/grpc-context-1.17.1.jar:/home/user/.m2/repository/com/google/errorprone/error_prone_annotations/2.2.0/error_prone_annotations-2.2.0.jar:/home/user/.m2/repository/org/codehaus/mojo/animal-sniffer-annotations/1.17/animal-sniffer-annotations-1.17.jar:/home/user/.m2/repository/io/opencensus/opencensus-api/0.17.0/opencensus-api-0.17.0.jar:/home/user/.m2/repository/io/opencensus/opencensus-contrib-grpc-metrics/0.17.0/opencensus-contrib-grpc-metrics-0.17.0.jar:/home/user/.m2/repository/io/netty/netty-codec-http2/4.1.30.Final/netty-codec-http2-4.1.30.Final.jar:/home/user/.m2/repository/io/netty/netty-codec-http/4.1.30.Final/netty-codec-http-4.1.30.Final.jar:/home/user/.m2/repository/io/netty/netty-codec/4.1.30.Final/netty-codec-4.1.30.Final.jar:/home/user/.m2/repository/io/netty/netty-handler/4.1.30.Final/netty-handler-4.1.30.Final.jar:/home/user/.m2/repository/io/netty/netty-handler-proxy/4.1.30.Final/netty-handler-proxy-4.1.30.Final.jar:/home/user/.m2/repository/io/netty/netty-codec-socks/4.1.30.Final/netty-codec-socks-4.1.30.Final.jar:/home/user/.m2/repository/io/netty/netty-transport-native-epoll/4.1.30.Final/netty-transport-native-epoll-4.1.30.Final.jar:/home/user/.m2/repository/io/netty/netty-common/4.1.30.Final/netty-common-4.1.30.Final.jar:/home/user/.m2/repository/io/netty/netty-buffer/4.1.30.Final/netty-buffer-4.1.30.Final.jar:/home/user/.m2/repository/io/netty/netty-transport/4.1.30.Final/netty-transport-4.1.30.Final.jar:/home/user/.m2/repository/io/netty/netty-resolver/4.1.30.Final/netty-resolver-4.1.30.Final.jar:/home/user/.m2/repository/io/netty/netty-transport-native-unix-common/4.1.30.Final/netty-transport-native-unix-common-4.1.30.Final.jar:/home/user/.m2/repository/io/grpc/grpc-protobuf/1.17.1/grpc-protobuf-1.17.1.jar:/home/user/.m2/repository/com/google/api/grpc/proto-google-common-protos/1.0.0/proto-google-common-protos-1.0.0.jar:/home/user/.m2/repository/io/grpc/grpc-protobuf-lite/1.17.1/grpc-protobuf-lite-1.17.1.jar:/home/user/.m2/repository/io/grpc/grpc-stub/1.17.1/grpc-stub-1.17.1.jar:/home/user/.m2/repository/org/apache/hadoop/hadoop-ozone-recon/0.5.0-SNAPSHOT/hadoop-ozone-recon-0.5.0-SNAPSHOT.jar:/home/user/.m2/repository/org/apache/hadoop/hadoop-ozone-reconcodegen/0.5.0-SNAPSHOT/hadoop-ozone-reconcodegen-0.5.0-SNAPSHOT.jar:/home/user/.m2/repository/com/google/inject/extensions/guice-multibindings/4.0/guice-multibindings-4.0.jar:/home/user/.m2/repository/com/google/inject/guice/4.0/guice-4.0.jar:/home/user/.m2/repository/aopalliance/aopalliance/1.0/aopalliance-1.0.jar:/home/user/.m2/repository/com/google/inject/extensions/guice-servlet/4.0/guice-servlet-4.0.jar:/home/user/.m2/repository/org/glassfish/jersey/containers/jersey-container-servlet/2.27/jersey-container-servlet-2.27.jar:/home/user/.m2/repository/org/glassfish/hk2/guice-bridge/2.5.0/guice-bridge-2.5.0.jar:/home/user/.m2/repository/org/glassfish/jersey/core/jersey-server/2.27/jersey-server-2.27.jar:/home/user/.m2/repository/org/glassfish/jersey/core/jersey-client/2.27/jersey-client-2.27.jar:/home/user/.m2/repository/org/glassfish/jersey/media/jersey-media-jaxb/2.27/jersey-media-jaxb-2.27.jar:/home/user/.m2/repository/javax/validation/validation-api/1.1.0.Final/validation-api-1.1.0.Final.jar:/home/user/.m2/repository/org/glassfish/jersey/media/jersey-media-json-jackson/2.27/jersey-media-json-jackson-2.27.jar:/home/user/.m2/repository/org/glassfish/jersey/ext/jersey-entity-filtering/2.27/jersey-entity-filtering-2.27.jar:/home/user/.m2/repository/com/google/inject/extensions/guice-assistedinject/4.0/guice-assistedinject-4.0.jar:/home/user/.m2/repository/org/jooq/jooq/3.11.10/jooq-3.11.10.jar:/home/user/.m2/repository/org/jooq/jooq-meta/3.11.10/jooq-meta-3.11.10.jar:/home/user/.m2/repository/org/jooq/jooq-codegen/3.11.10/jooq-codegen-3.11.10.jar:/home/user/.m2/repository/com/jolbox/bonecp/0.8.0.RELEASE/bonecp-0.8.0.RELEASE.jar:/home/user/.m2/repository/org/xerial/sqlite-jdbc/3.25.2/sqlite-jdbc-3.25.2.jar:/home/user/.m2/repository/org/springframework/spring-jdbc/5.1.3.RELEASE/spring-jdbc-5.1.3.RELEASE.jar:/home/user/.m2/repository/org/springframework/spring-beans/5.1.3.RELEASE/spring-beans-5.1.3.RELEASE.jar:/home/user/.m2/repository/org/springframework/spring-core/5.1.3.RELEASE/spring-core-5.1.3.RELEASE.jar:/home/user/.m2/repository/org/springframework/spring-jcl/5.1.3.RELEASE/spring-jcl-5.1.3.RELEASE.jar:/home/user/.m2/repository/org/springframework/spring-tx/5.1.3.RELEASE/spring-tx-5.1.3.RELEASE.jar:/home/user/.m2/repository/org/apache/hadoop/hadoop-ozone-client/0.5.0-SNAPSHOT/hadoop-ozone-client-0.5.0-SNAPSHOT.jar:/home/user/.m2/repository/commons-lang/commons-lang/2.6/commons-lang-2.6.jar:/home/user/.m2/repository/org/apache/hadoop/hadoop-ozone-ozone-manager/0.5.0-SNAPSHOT/hadoop-ozone-ozone-manager-0.5.0-SNAPSHOT-tests.jar:/home/user/.m2/repository/junit/junit/4.11/junit-4.11.jar:/home/user/.m2/repository/org/hamcrest/hamcrest-core/1.3/hamcrest-core-1.3.jar:/home/user/.m2/repository/org/openjdk/jmh/jmh-core/1.19/jmh-core-1.19.jar:/home/user/.m2/repository/net/sf/jopt-simple/jopt-simple/4.6/jopt-simple-4.6.jar:/home/user/.m2/repository/org/apache/commons/commons-math3/3.1.1/commons-math3-3.1.1.jar:/home/user/.m2/repository/org/openjdk/jmh/jmh-generator-annprocess/1.19/jmh-generator-annprocess-1.19.jar:/home/user/.m2/repository/org/mockito/mockito-all/1.8.5/mockito-all-1.8.5.jar:/home/user/.m2/repository/org/apache/hadoop/hadoop-kms/3.2.0/hadoop-kms-3.2.0.jar:/home/user/.m2/repository/org/apache/hadoop/hadoop-auth/3.2.0/hadoop-auth-3.2.0.jar:/home/user/.m2/repository/com/nimbusds/nimbus-jose-jwt/4.41.1/nimbus-jose-jwt-4.41.1.jar:/home/user/.m2/repository/com/github/stephenc/jcip/jcip-annotations/1.0-1/jcip-annotations-1.0-1.jar:/home/user/.m2/repository/net/minidev/json-smart/2.3/json-smart-2.3.jar:/home/user/.m2/repository/net/minidev/accessors-smart/1.2/accessors-smart-1.2.jar:/home/user/.m2/repository/org/ow2/asm/asm/5.0.4/asm-5.0.4.jar:/home/user/.m2/repository/org/apache/curator/curator-framework/2.12.0/curator-framework-2.12.0.jar:/home/user/.m2/repository/com/sun/jersey/jersey-core/1.19/jersey-core-1.19.jar:/home/user/.m2/repository/javax/ws/rs/jsr311-api/1.1.1/jsr311-api-1.1.1.jar:/home/user/.m2/repository/com/sun/jersey/jersey-server/1.19/jersey-server-1.19.jar:/home/user/.m2/repository/javax/servlet/javax.servlet-api/3.1.0/javax.servlet-api-3.1.0.jar:/home/user/.m2/repository/org/eclipse/jetty/jetty-server/9.3.24.v20180605/jetty-server-9.3.24.v20180605.jar:/home/user/.m2/repository/org/eclipse/jetty/jetty-http/9.3.24.v20180605/jetty-http-9.3.24.v20180605.jar:/home/user/.m2/repository/org/eclipse/jetty/jetty-io/9.3.24.v20180605/jetty-io-9.3.24.v20180605.jar:/home/user/.m2/repository/org/eclipse/jetty/jetty-webapp/9.3.24.v20180605/jetty-webapp-9.3.24.v20180605.jar:/home/user/.m2/repository/org/eclipse/jetty/jetty-xml/9.3.24.v20180605/jetty-xml-9.3.24.v20180605.jar:/home/user/.m2/repository/log4j/log4j/1.2.17/log4j-1.2.17.jar:/home/user/.m2/repository/org/slf4j/slf4j-api/1.7.25/slf4j-api-1.7.25.jar:/home/user/.m2/repository/org/slf4j/jul-to-slf4j/1.7.25/jul-to-slf4j-1.7.25.jar:/home/user/.m2/repository/org/eclipse/jetty/jetty-util/9.3.24.v20180605/jetty-util-9.3.24.v20180605.jar:/home/user/.m2/repository/com/fasterxml/jackson/core/jackson-databind/2.9.5/jackson-databind-2.9.5.jar:/home/user/.m2/repository/org/apache/hadoop/hadoop-kms/3.2.0/hadoop-kms-3.2.0-tests.jar:/home/user/.m2/repository/org/apache/hadoop/hadoop-hdds-server-scm/0.5.0-SNAPSHOT/hadoop-hdds-server-scm-0.5.0-SNAPSHOT-tests.jar:/home/user/.m2/repository/org/apache/hadoop/hadoop-hdds-container-service/0.5.0-SNAPSHOT/hadoop-hdds-container-service-0.5.0-SNAPSHOT-tests.jar:/home/user/.m2/repository/org/yaml/snakeyaml/1.16/snakeyaml-1.16.jar:/home/user/.m2/repository/org/apache/hadoop/hadoop-common/3.2.0/hadoop-common-3.2.0-tests.jar:/home/user/.m2/repository/org/apache/hadoop/hadoop-annotations/3.2.0/hadoop-annotations-3.2.0.jar:/usr/lib/jvm/java-1.8-openjdk/jre/../lib/tools.jar:/home/user/.m2/repository/commons-cli/commons-cli/1.2/commons-cli-1.2.jar:/home/user/.m2/repository/org/apache/httpcomponents/httpclient/4.5.2/httpclient-4.5.2.jar:/home/user/.m2/repository/org/apache/httpcomponents/httpcore/4.4.4/httpcore-4.4.4.jar:/home/user/.m2/repository/commons-codec/commons-codec/1.11/commons-codec-1.11.jar:/home/user/.m2/repository/commons-net/commons-net/3.6/commons-net-3.6.jar:/home/user/.m2/repository/commons-collections/commons-collections/3.2.2/commons-collections-3.2.2.jar:/home/user/.m2/repository/org/eclipse/jetty/jetty-servlet/9.3.24.v20180605/jetty-servlet-9.3.24.v20180605.jar:/home/user/.m2/repository/org/eclipse/jetty/jetty-security/9.3.24.v20180605/jetty-security-9.3.24.v20180605.jar:/home/user/.m2/repository/javax/servlet/jsp/jsp-api/2.1/jsp-api-2.1.jar:/home/user/.m2/repository/com/sun/jersey/jersey-servlet/1.19/jersey-servlet-1.19.jar:/home/user/.m2/repository/com/sun/jersey/jersey-json/1.19/jersey-json-1.19.jar:/home/user/.m2/repository/org/codehaus/jettison/jettison/1.1/jettison-1.1.jar:/home/user/.m2/repository/org/codehaus/jackson/jackson-core-asl/1.9.13/jackson-core-asl-1.9.13.jar:/home/user/.m2/repository/org/codehaus/jackson/jackson-mapper-asl/1.9.13/jackson-mapper-asl-1.9.13.jar:/home/user/.m2/repository/org/codehaus/jackson/jackson-jaxrs/1.9.13/jackson-jaxrs-1.9.13.jar:/home/user/.m2/repository/org/codehaus/jackson/jackson-xc/1.9.13/jackson-xc-1.9.13.jar:/home/user/.m2/repository/commons-logging/commons-logging/1.1.3/commons-logging-1.1.3.jar:/home/user/.m2/repository/commons-beanutils/commons-beanutils/1.9.3/commons-beanutils-1.9.3.jar:/home/user/.m2/repository/org/apache/commons/commons-configuration2/2.1.1/commons-configuration2-2.1.1.jar:/home/user/.m2/repository/org/apache/commons/commons-lang3/3.7/commons-lang3-3.7.jar:/home/user/.m2/repository/org/apache/commons/commons-text/1.4/commons-text-1.4.jar:/home/user/.m2/repository/org/apache/avro/avro/1.7.7/avro-1.7.7.jar:/home/user/.m2/repository/com/thoughtworks/paranamer/paranamer/2.3/paranamer-2.3.jar:/home/user/.m2/repository/org/xerial/snappy/snappy-java/1.0.5/snappy-java-1.0.5.jar:/home/user/.m2/repository/com/google/re2j/re2j/1.1/re2j-1.1.jar:/home/user/.m2/repository/com/google/code/gson/gson/2.2.4/gson-2.2.4.jar:/home/user/.m2/repository/com/jcraft/jsch/0.1.54/jsch-0.1.54.jar:/home/user/.m2/repository/org/apache/curator/curator-client/2.12.0/curator-client-2.12.0.jar:/home/user/.m2/repository/org/apache/curator/curator-recipes/2.12.0/curator-recipes-2.12.0.jar:/home/user/.m2/repository/com/google/code/findbugs/jsr305/3.0.0/jsr305-3.0.0.jar:/home/user/.m2/repository/org/apache/htrace/htrace-core4/4.1.0-incubating/htrace-core4-4.1.0-incubating.jar:/home/user/.m2/repository/org/apache/zookeeper/zookeeper/3.4.13/zookeeper-3.4.13.jar:/home/user/.m2/repository/org/apache/yetus/audience-annotations/0.5.0/audience-annotations-0.5.0.jar:/home/user/.m2/repository/org/codehaus/woodstox/stax2-api/3.1.4/stax2-api-3.1.4.jar:/home/user/.m2/repository/com/fasterxml/woodstox/woodstox-core/5.0.3/woodstox-core-5.0.3.jar:/home/user/.m2/repository/dnsjava/dnsjava/2.1.7/dnsjava-2.1.7.jar:/home/user/.m2/repository/org/apache/hadoop/hadoop-hdfs/3.2.0/hadoop-hdfs-3.2.0-tests.jar:/home/user/.m2/repository/org/eclipse/jetty/jetty-util-ajax/9.3.24.v20180605/jetty-util-ajax-9.3.24.v20180605.jar:/home/user/.m2/repository/commons-daemon/commons-daemon/1.0.13/commons-daemon-1.0.13.jar:/home/user/.m2/repository/io/netty/netty/3.10.5.Final/netty-3.10.5.Final.jar:/home/user/.m2/repository/io/netty/netty-all/4.0.52.Final/netty-all-4.0.52.Final.jar:/home/user/.m2/repository/org/fusesource/leveldbjni/leveldbjni-all/1.8/leveldbjni-all-1.8.jar:"/>
    <property name="java.vm.vendor" value="IcedTea"/>
    <property name="sun.arch.data.model" value="64"/>
    <property name="test.build.dir" value="/workdir/hadoop-ozone/integration-test/target/test-dir"/>
    <property name="test.cache.data" value=""/>
    <property name="java.vendor.url" value="https://icedtea.classpath.org"/>
    <property name="user.timezone" value=""/>
    <property name="java.vm.specification.version" value="1.8"/>
    <property name="os.name" value="Linux"/>
    <property name="test.build.data" value="/workdir/hadoop-ozone/integration-test/target/test-dir"/>
    <property name="user.country" value="US"/>
    <property name="sun.java.launcher" value="SUN_STANDARD"/>
    <property name="sun.boot.library.path" value="/usr/lib/jvm/java-1.8-openjdk/jre/lib/amd64"/>
    <property name="sun.java.command" value="/workdir/hadoop-ozone/integration-test/target/surefire/surefirebooter299439691298323634.jar /workdir/hadoop-ozone/integration-test/target/surefire 2019-08-28T04-35-46_641-jvmRun1 surefire2258617465027722937tmp surefire_318456062673764089608tmp"/>
    <property name="test" value="!TestMiniChaosOzoneCluster"/>
    <property name="surefire.test.class.path" value="/workdir/hadoop-ozone/integration-test/target/test-classes:/workdir/hadoop-ozone/integration-test/target/classes:/home/user/.m2/repository/org/apache/hadoop/hadoop-ozone-common/0.5.0-SNAPSHOT/hadoop-ozone-common-0.5.0-SNAPSHOT.jar:/home/user/.m2/repository/org/apache/commons/commons-compress/1.4.1/commons-compress-1.4.1.jar:/home/user/.m2/repository/org/tukaani/xz/1.0/xz-1.0.jar:/home/user/.m2/repository/org/apache/hadoop/hadoop-common/3.2.0/hadoop-common-3.2.0.jar:/home/user/.m2/repository/org/apache/hadoop/hadoop-hdfs/3.2.0/hadoop-hdfs-3.2.0.jar:/home/user/.m2/repository/org/apache/hadoop/hadoop-hdfs-client/3.2.0/hadoop-hdfs-client-3.2.0.jar:/home/user/.m2/repository/com/fasterxml/jackson/core/jackson-annotations/2.9.5/jackson-annotations-2.9.5.jar:/home/user/.m2/repository/org/apache/hadoop/hadoop-hdds-common/0.5.0-SNAPSHOT/hadoop-hdds-common-0.5.0-SNAPSHOT.jar:/home/user/.m2/repository/javax/annotation/javax.annotation-api/1.2/javax.annotation-api-1.2.jar:/home/user/.m2/repository/org/apache/ratis/ratis-server/0.4.0-2337318-SNAPSHOT/ratis-server-0.4.0-2337318-SNAPSHOT.jar:/home/user/.m2/repository/org/apache/ratis/ratis-thirdparty-misc/0.2.0/ratis-thirdparty-misc-0.2.0.jar:/home/user/.m2/repository/org/apache/ratis/ratis-proto/0.4.0-2337318-SNAPSHOT/ratis-proto-0.4.0-2337318-SNAPSHOT.jar:/home/user/.m2/repository/org/apache/ratis/ratis-common/0.4.0-2337318-SNAPSHOT/ratis-common-0.4.0-2337318-SNAPSHOT.jar:/home/user/.m2/repository/org/apache/ratis/ratis-client/0.4.0-2337318-SNAPSHOT/ratis-client-0.4.0-2337318-SNAPSHOT.jar:/home/user/.m2/repository/org/apache/ratis/ratis-metrics/0.4.0-2337318-SNAPSHOT/ratis-metrics-0.4.0-2337318-SNAPSHOT.jar:/home/user/.m2/repository/org/apache/ratis/ratis-netty/0.4.0-2337318-SNAPSHOT/ratis-netty-0.4.0-2337318-SNAPSHOT.jar:/home/user/.m2/repository/org/apache/ratis/ratis-grpc/0.4.0-2337318-SNAPSHOT/ratis-grpc-0.4.0-2337318-SNAPSHOT.jar:/home/user/.m2/repository/org/rocksdb/rocksdbjni/6.0.1/rocksdbjni-6.0.1.jar:/home/user/.m2/repository/org/apache/logging/log4j/log4j-api/2.11.0/log4j-api-2.11.0.jar:/home/user/.m2/repository/org/apache/logging/log4j/log4j-core/2.11.0/log4j-core-2.11.0.jar:/home/user/.m2/repository/com/lmax/disruptor/3.4.2/disruptor-3.4.2.jar:/home/user/.m2/repository/org/apache/commons/commons-pool2/2.6.0/commons-pool2-2.6.0.jar:/home/user/.m2/repository/org/bouncycastle/bcpkix-jdk15on/1.60/bcpkix-jdk15on-1.60.jar:/home/user/.m2/repository/commons-validator/commons-validator/1.6/commons-validator-1.6.jar:/home/user/.m2/repository/commons-digester/commons-digester/1.8.1/commons-digester-1.8.1.jar:/home/user/.m2/repository/io/jaegertracing/jaeger-client/0.33.1/jaeger-client-0.33.1.jar:/home/user/.m2/repository/io/jaegertracing/jaeger-thrift/0.33.1/jaeger-thrift-0.33.1.jar:/home/user/.m2/repository/org/apache/thrift/libthrift/0.11.0/libthrift-0.11.0.jar:/home/user/.m2/repository/com/squareup/okhttp3/okhttp/3.9.0/okhttp-3.9.0.jar:/home/user/.m2/repository/com/squareup/okio/okio/1.13.0/okio-1.13.0.jar:/home/user/.m2/repository/io/jaegertracing/jaeger-core/0.33.1/jaeger-core-0.33.1.jar:/home/user/.m2/repository/io/jaegertracing/jaeger-tracerresolver/0.33.1/jaeger-tracerresolver-0.33.1.jar:/home/user/.m2/repository/io/opentracing/contrib/opentracing-tracerresolver/0.1.5/opentracing-tracerresolver-0.1.5.jar:/home/user/.m2/repository/io/opentracing/opentracing-util/0.31.0/opentracing-util-0.31.0.jar:/home/user/.m2/repository/io/opentracing/opentracing-api/0.31.0/opentracing-api-0.31.0.jar:/home/user/.m2/repository/io/opentracing/opentracing-noop/0.31.0/opentracing-noop-0.31.0.jar:/home/user/.m2/repository/org/apache/hadoop/hadoop-hdds-server-framework/0.5.0-SNAPSHOT/hadoop-hdds-server-framework-0.5.0-SNAPSHOT.jar:/home/user/.m2/repository/org/apache/hadoop/hadoop-hdds-container-service/0.5.0-SNAPSHOT/hadoop-hdds-container-service-0.5.0-SNAPSHOT.jar:/home/user/.m2/repository/org/apache/hadoop/hadoop-hdds-client/0.5.0-SNAPSHOT/hadoop-hdds-client-0.5.0-SNAPSHOT.jar:/home/user/.m2/repository/org/apache/hadoop/hadoop-hdds-tools/0.5.0-SNAPSHOT/hadoop-hdds-tools-0.5.0-SNAPSHOT.jar:/home/user/.m2/repository/org/apache/hadoop/hadoop-hdds-server-scm/0.5.0-SNAPSHOT/hadoop-hdds-server-scm-0.5.0-SNAPSHOT.jar:/home/user/.m2/repository/org/apache/hadoop/hadoop-hdds-docs/0.5.0-SNAPSHOT/hadoop-hdds-docs-0.5.0-SNAPSHOT.jar:/home/user/.m2/repository/io/dropwizard/metrics/metrics-core/3.2.4/metrics-core-3.2.4.jar:/home/user/.m2/repository/org/hamcrest/hamcrest-all/1.3/hamcrest-all-1.3.jar:/home/user/.m2/repository/org/bouncycastle/bcprov-jdk15on/1.60/bcprov-jdk15on-1.60.jar:/home/user/.m2/repository/info/picocli/picocli/3.9.6/picocli-3.9.6.jar:/home/user/.m2/repository/com/google/protobuf/protobuf-java/2.5.0/protobuf-java-2.5.0.jar:/home/user/.m2/repository/com/google/guava/guava/11.0.2/guava-11.0.2.jar:/home/user/.m2/repository/org/apache/hadoop/hadoop-ozone-ozone-manager/0.5.0-SNAPSHOT/hadoop-ozone-ozone-manager-0.5.0-SNAPSHOT.jar:/home/user/.m2/repository/org/apache/hadoop/hadoop-minikdc/3.2.0/hadoop-minikdc-3.2.0.jar:/home/user/.m2/repository/commons-io/commons-io/2.5/commons-io-2.5.jar:/home/user/.m2/repository/org/apache/kerby/kerb-simplekdc/1.0.1/kerb-simplekdc-1.0.1.jar:/home/user/.m2/repository/org/apache/kerby/kerb-client/1.0.1/kerb-client-1.0.1.jar:/home/user/.m2/repository/org/apache/kerby/kerby-config/1.0.1/kerby-config-1.0.1.jar:/home/user/.m2/repository/org/apache/kerby/kerb-core/1.0.1/kerb-core-1.0.1.jar:/home/user/.m2/repository/org/apache/kerby/kerby-pkix/1.0.1/kerby-pkix-1.0.1.jar:/home/user/.m2/repository/org/apache/kerby/kerby-asn1/1.0.1/kerby-asn1-1.0.1.jar:/home/user/.m2/repository/org/apache/kerby/kerby-util/1.0.1/kerby-util-1.0.1.jar:/home/user/.m2/repository/org/apache/kerby/kerb-common/1.0.1/kerb-common-1.0.1.jar:/home/user/.m2/repository/org/apache/kerby/kerb-crypto/1.0.1/kerb-crypto-1.0.1.jar:/home/user/.m2/repository/org/apache/kerby/kerb-util/1.0.1/kerb-util-1.0.1.jar:/home/user/.m2/repository/org/apache/kerby/token-provider/1.0.1/token-provider-1.0.1.jar:/home/user/.m2/repository/org/apache/kerby/kerb-admin/1.0.1/kerb-admin-1.0.1.jar:/home/user/.m2/repository/org/apache/kerby/kerb-server/1.0.1/kerb-server-1.0.1.jar:/home/user/.m2/repository/org/apache/kerby/kerb-identity/1.0.1/kerb-identity-1.0.1.jar:/home/user/.m2/repository/org/apache/kerby/kerby-xdr/1.0.1/kerby-xdr-1.0.1.jar:/home/user/.m2/repository/org/slf4j/slf4j-log4j12/1.7.25/slf4j-log4j12-1.7.25.jar:/home/user/.m2/repository/org/apache/hadoop/hadoop-ozone-objectstore-service/0.5.0-SNAPSHOT/hadoop-ozone-objectstore-service-0.5.0-SNAPSHOT.jar:/home/user/.m2/repository/org/apache/hadoop/hadoop-ozone-s3gateway/0.5.0-SNAPSHOT/hadoop-ozone-s3gateway-0.5.0-SNAPSHOT.jar:/home/user/.m2/repository/org/jboss/weld/servlet/weld-servlet/2.4.7.Final/weld-servlet-2.4.7.Final.jar:/home/user/.m2/repository/org/glassfish/jersey/containers/jersey-container-servlet-core/2.27/jersey-container-servlet-core-2.27.jar:/home/user/.m2/repository/org/glassfish/hk2/external/javax.inject/2.5.0-b42/javax.inject-2.5.0-b42.jar:/home/user/.m2/repository/org/glassfish/jersey/core/jersey-common/2.27/jersey-common-2.27.jar:/home/user/.m2/repository/org/glassfish/hk2/osgi-resource-locator/1.0.1/osgi-resource-locator-1.0.1.jar:/home/user/.m2/repository/javax/ws/rs/javax.ws.rs-api/2.1/javax.ws.rs-api-2.1.jar:/home/user/.m2/repository/org/glassfish/jersey/ext/cdi/jersey-cdi1x/2.27/jersey-cdi1x-2.27.jar:/home/user/.m2/repository/org/glassfish/jersey/inject/jersey-hk2/2.27/jersey-hk2-2.27.jar:/home/user/.m2/repository/org/glassfish/hk2/hk2-locator/2.5.0-b42/hk2-locator-2.5.0-b42.jar:/home/user/.m2/repository/org/javassist/javassist/3.22.0-CR2/javassist-3.22.0-CR2.jar:/home/user/.m2/repository/org/glassfish/hk2/hk2-api/2.5.0/hk2-api-2.5.0.jar:/home/user/.m2/repository/org/glassfish/hk2/external/jakarta.inject/2.5.0/jakarta.inject-2.5.0.jar:/home/user/.m2/repository/org/glassfish/hk2/hk2-utils/2.5.0/hk2-utils-2.5.0.jar:/home/user/.m2/repository/jakarta/annotation/jakarta.annotation-api/1.3.4/jakarta.annotation-api-1.3.4.jar:/home/user/.m2/repository/org/glassfish/hk2/external/aopalliance-repackaged/2.5.0/aopalliance-repackaged-2.5.0.jar:/home/user/.m2/repository/com/fasterxml/jackson/dataformat/jackson-dataformat-xml/2.9.0/jackson-dataformat-xml-2.9.0.jar:/home/user/.m2/repository/com/fasterxml/jackson/core/jackson-core/2.9.5/jackson-core-2.9.5.jar:/home/user/.m2/repository/com/fasterxml/jackson/module/jackson-module-jaxb-annotations/2.9.5/jackson-module-jaxb-annotations-2.9.5.jar:/home/user/.m2/repository/javax/enterprise/cdi-api/1.2/cdi-api-1.2.jar:/home/user/.m2/repository/javax/el/javax.el-api/3.0.0/javax.el-api-3.0.0.jar:/home/user/.m2/repository/javax/interceptor/javax.interceptor-api/1.2/javax.interceptor-api-1.2.jar:/home/user/.m2/repository/javax/inject/javax.inject/1/javax.inject-1.jar:/home/user/.m2/repository/com/sun/xml/bind/jaxb-impl/2.3.0.1/jaxb-impl-2.3.0.1.jar:/home/user/.m2/repository/com/sun/xml/bind/jaxb-core/2.3.0.1/jaxb-core-2.3.0.1.jar:/home/user/.m2/repository/javax/xml/bind/jaxb-api/2.3.0/jaxb-api-2.3.0.jar:/home/user/.m2/repository/javax/activation/activation/1.1.1/activation-1.1.1.jar:/home/user/.m2/repository/org/apache/hadoop/hadoop-ozone-csi/0.5.0-SNAPSHOT/hadoop-ozone-csi-0.5.0-SNAPSHOT.jar:/home/user/.m2/repository/com/google/protobuf/protobuf-java-util/3.5.1/protobuf-java-util-3.5.1.jar:/home/user/.m2/repository/org/apache/hadoop/hadoop-hdds-config/0.5.0-SNAPSHOT/hadoop-hdds-config-0.5.0-SNAPSHOT.jar:/home/user/.m2/repository/io/grpc/grpc-netty/1.17.1/grpc-netty-1.17.1.jar:/home/user/.m2/repository/io/grpc/grpc-core/1.17.1/grpc-core-1.17.1.jar:/home/user/.m2/repository/io/grpc/grpc-context/1.17.1/grpc-context-1.17.1.jar:/home/user/.m2/repository/com/google/errorprone/error_prone_annotations/2.2.0/error_prone_annotations-2.2.0.jar:/home/user/.m2/repository/org/codehaus/mojo/animal-sniffer-annotations/1.17/animal-sniffer-annotations-1.17.jar:/home/user/.m2/repository/io/opencensus/opencensus-api/0.17.0/opencensus-api-0.17.0.jar:/home/user/.m2/repository/io/opencensus/opencensus-contrib-grpc-metrics/0.17.0/opencensus-contrib-grpc-metrics-0.17.0.jar:/home/user/.m2/repository/io/netty/netty-codec-http2/4.1.30.Final/netty-codec-http2-4.1.30.Final.jar:/home/user/.m2/repository/io/netty/netty-codec-http/4.1.30.Final/netty-codec-http-4.1.30.Final.jar:/home/user/.m2/repository/io/netty/netty-codec/4.1.30.Final/netty-codec-4.1.30.Final.jar:/home/user/.m2/repository/io/netty/netty-handler/4.1.30.Final/netty-handler-4.1.30.Final.jar:/home/user/.m2/repository/io/netty/netty-handler-proxy/4.1.30.Final/netty-handler-proxy-4.1.30.Final.jar:/home/user/.m2/repository/io/netty/netty-codec-socks/4.1.30.Final/netty-codec-socks-4.1.30.Final.jar:/home/user/.m2/repository/io/netty/netty-transport-native-epoll/4.1.30.Final/netty-transport-native-epoll-4.1.30.Final.jar:/home/user/.m2/repository/io/netty/netty-common/4.1.30.Final/netty-common-4.1.30.Final.jar:/home/user/.m2/repository/io/netty/netty-buffer/4.1.30.Final/netty-buffer-4.1.30.Final.jar:/home/user/.m2/repository/io/netty/netty-transport/4.1.30.Final/netty-transport-4.1.30.Final.jar:/home/user/.m2/repository/io/netty/netty-resolver/4.1.30.Final/netty-resolver-4.1.30.Final.jar:/home/user/.m2/repository/io/netty/netty-transport-native-unix-common/4.1.30.Final/netty-transport-native-unix-common-4.1.30.Final.jar:/home/user/.m2/repository/io/grpc/grpc-protobuf/1.17.1/grpc-protobuf-1.17.1.jar:/home/user/.m2/repository/com/google/api/grpc/proto-google-common-protos/1.0.0/proto-google-common-protos-1.0.0.jar:/home/user/.m2/repository/io/grpc/grpc-protobuf-lite/1.17.1/grpc-protobuf-lite-1.17.1.jar:/home/user/.m2/repository/io/grpc/grpc-stub/1.17.1/grpc-stub-1.17.1.jar:/home/user/.m2/repository/org/apache/hadoop/hadoop-ozone-recon/0.5.0-SNAPSHOT/hadoop-ozone-recon-0.5.0-SNAPSHOT.jar:/home/user/.m2/repository/org/apache/hadoop/hadoop-ozone-reconcodegen/0.5.0-SNAPSHOT/hadoop-ozone-reconcodegen-0.5.0-SNAPSHOT.jar:/home/user/.m2/repository/com/google/inject/extensions/guice-multibindings/4.0/guice-multibindings-4.0.jar:/home/user/.m2/repository/com/google/inject/guice/4.0/guice-4.0.jar:/home/user/.m2/repository/aopalliance/aopalliance/1.0/aopalliance-1.0.jar:/home/user/.m2/repository/com/google/inject/extensions/guice-servlet/4.0/guice-servlet-4.0.jar:/home/user/.m2/repository/org/glassfish/jersey/containers/jersey-container-servlet/2.27/jersey-container-servlet-2.27.jar:/home/user/.m2/repository/org/glassfish/hk2/guice-bridge/2.5.0/guice-bridge-2.5.0.jar:/home/user/.m2/repository/org/glassfish/jersey/core/jersey-server/2.27/jersey-server-2.27.jar:/home/user/.m2/repository/org/glassfish/jersey/core/jersey-client/2.27/jersey-client-2.27.jar:/home/user/.m2/repository/org/glassfish/jersey/media/jersey-media-jaxb/2.27/jersey-media-jaxb-2.27.jar:/home/user/.m2/repository/javax/validation/validation-api/1.1.0.Final/validation-api-1.1.0.Final.jar:/home/user/.m2/repository/org/glassfish/jersey/media/jersey-media-json-jackson/2.27/jersey-media-json-jackson-2.27.jar:/home/user/.m2/repository/org/glassfish/jersey/ext/jersey-entity-filtering/2.27/jersey-entity-filtering-2.27.jar:/home/user/.m2/repository/com/google/inject/extensions/guice-assistedinject/4.0/guice-assistedinject-4.0.jar:/home/user/.m2/repository/org/jooq/jooq/3.11.10/jooq-3.11.10.jar:/home/user/.m2/repository/org/jooq/jooq-meta/3.11.10/jooq-meta-3.11.10.jar:/home/user/.m2/repository/org/jooq/jooq-codegen/3.11.10/jooq-codegen-3.11.10.jar:/home/user/.m2/repository/com/jolbox/bonecp/0.8.0.RELEASE/bonecp-0.8.0.RELEASE.jar:/home/user/.m2/repository/org/xerial/sqlite-jdbc/3.25.2/sqlite-jdbc-3.25.2.jar:/home/user/.m2/repository/org/springframework/spring-jdbc/5.1.3.RELEASE/spring-jdbc-5.1.3.RELEASE.jar:/home/user/.m2/repository/org/springframework/spring-beans/5.1.3.RELEASE/spring-beans-5.1.3.RELEASE.jar:/home/user/.m2/repository/org/springframework/spring-core/5.1.3.RELEASE/spring-core-5.1.3.RELEASE.jar:/home/user/.m2/repository/org/springframework/spring-jcl/5.1.3.RELEASE/spring-jcl-5.1.3.RELEASE.jar:/home/user/.m2/repository/org/springframework/spring-tx/5.1.3.RELEASE/spring-tx-5.1.3.RELEASE.jar:/home/user/.m2/repository/org/apache/hadoop/hadoop-ozone-client/0.5.0-SNAPSHOT/hadoop-ozone-client-0.5.0-SNAPSHOT.jar:/home/user/.m2/repository/commons-lang/commons-lang/2.6/commons-lang-2.6.jar:/home/user/.m2/repository/org/apache/hadoop/hadoop-ozone-ozone-manager/0.5.0-SNAPSHOT/hadoop-ozone-ozone-manager-0.5.0-SNAPSHOT-tests.jar:/home/user/.m2/repository/junit/junit/4.11/junit-4.11.jar:/home/user/.m2/repository/org/hamcrest/hamcrest-core/1.3/hamcrest-core-1.3.jar:/home/user/.m2/repository/org/openjdk/jmh/jmh-core/1.19/jmh-core-1.19.jar:/home/user/.m2/repository/net/sf/jopt-simple/jopt-simple/4.6/jopt-simple-4.6.jar:/home/user/.m2/repository/org/apache/commons/commons-math3/3.1.1/commons-math3-3.1.1.jar:/home/user/.m2/repository/org/openjdk/jmh/jmh-generator-annprocess/1.19/jmh-generator-annprocess-1.19.jar:/home/user/.m2/repository/org/mockito/mockito-all/1.8.5/mockito-all-1.8.5.jar:/home/user/.m2/repository/org/apache/hadoop/hadoop-kms/3.2.0/hadoop-kms-3.2.0.jar:/home/user/.m2/repository/org/apache/hadoop/hadoop-auth/3.2.0/hadoop-auth-3.2.0.jar:/home/user/.m2/repository/com/nimbusds/nimbus-jose-jwt/4.41.1/nimbus-jose-jwt-4.41.1.jar:/home/user/.m2/repository/com/github/stephenc/jcip/jcip-annotations/1.0-1/jcip-annotations-1.0-1.jar:/home/user/.m2/repository/net/minidev/json-smart/2.3/json-smart-2.3.jar:/home/user/.m2/repository/net/minidev/accessors-smart/1.2/accessors-smart-1.2.jar:/home/user/.m2/repository/org/ow2/asm/asm/5.0.4/asm-5.0.4.jar:/home/user/.m2/repository/org/apache/curator/curator-framework/2.12.0/curator-framework-2.12.0.jar:/home/user/.m2/repository/com/sun/jersey/jersey-core/1.19/jersey-core-1.19.jar:/home/user/.m2/repository/javax/ws/rs/jsr311-api/1.1.1/jsr311-api-1.1.1.jar:/home/user/.m2/repository/com/sun/jersey/jersey-server/1.19/jersey-server-1.19.jar:/home/user/.m2/repository/javax/servlet/javax.servlet-api/3.1.0/javax.servlet-api-3.1.0.jar:/home/user/.m2/repository/org/eclipse/jetty/jetty-server/9.3.24.v20180605/jetty-server-9.3.24.v20180605.jar:/home/user/.m2/repository/org/eclipse/jetty/jetty-http/9.3.24.v20180605/jetty-http-9.3.24.v20180605.jar:/home/user/.m2/repository/org/eclipse/jetty/jetty-io/9.3.24.v20180605/jetty-io-9.3.24.v20180605.jar:/home/user/.m2/repository/org/eclipse/jetty/jetty-webapp/9.3.24.v20180605/jetty-webapp-9.3.24.v20180605.jar:/home/user/.m2/repository/org/eclipse/jetty/jetty-xml/9.3.24.v20180605/jetty-xml-9.3.24.v20180605.jar:/home/user/.m2/repository/log4j/log4j/1.2.17/log4j-1.2.17.jar:/home/user/.m2/repository/org/slf4j/slf4j-api/1.7.25/slf4j-api-1.7.25.jar:/home/user/.m2/repository/org/slf4j/jul-to-slf4j/1.7.25/jul-to-slf4j-1.7.25.jar:/home/user/.m2/repository/org/eclipse/jetty/jetty-util/9.3.24.v20180605/jetty-util-9.3.24.v20180605.jar:/home/user/.m2/repository/com/fasterxml/jackson/core/jackson-databind/2.9.5/jackson-databind-2.9.5.jar:/home/user/.m2/repository/org/apache/hadoop/hadoop-kms/3.2.0/hadoop-kms-3.2.0-tests.jar:/home/user/.m2/repository/org/apache/hadoop/hadoop-hdds-server-scm/0.5.0-SNAPSHOT/hadoop-hdds-server-scm-0.5.0-SNAPSHOT-tests.jar:/home/user/.m2/repository/org/apache/hadoop/hadoop-hdds-container-service/0.5.0-SNAPSHOT/hadoop-hdds-container-service-0.5.0-SNAPSHOT-tests.jar:/home/user/.m2/repository/org/yaml/snakeyaml/1.16/snakeyaml-1.16.jar:/home/user/.m2/repository/org/apache/hadoop/hadoop-common/3.2.0/hadoop-common-3.2.0-tests.jar:/home/user/.m2/repository/org/apache/hadoop/hadoop-annotations/3.2.0/hadoop-annotations-3.2.0.jar:/usr/lib/jvm/java-1.8-openjdk/jre/../lib/tools.jar:/home/user/.m2/repository/commons-cli/commons-cli/1.2/commons-cli-1.2.jar:/home/user/.m2/repository/org/apache/httpcomponents/httpclient/4.5.2/httpclient-4.5.2.jar:/home/user/.m2/repository/org/apache/httpcomponents/httpcore/4.4.4/httpcore-4.4.4.jar:/home/user/.m2/repository/commons-codec/commons-codec/1.11/commons-codec-1.11.jar:/home/user/.m2/repository/commons-net/commons-net/3.6/commons-net-3.6.jar:/home/user/.m2/repository/commons-collections/commons-collections/3.2.2/commons-collections-3.2.2.jar:/home/user/.m2/repository/org/eclipse/jetty/jetty-servlet/9.3.24.v20180605/jetty-servlet-9.3.24.v20180605.jar:/home/user/.m2/repository/org/eclipse/jetty/jetty-security/9.3.24.v20180605/jetty-security-9.3.24.v20180605.jar:/home/user/.m2/repository/javax/servlet/jsp/jsp-api/2.1/jsp-api-2.1.jar:/home/user/.m2/repository/com/sun/jersey/jersey-servlet/1.19/jersey-servlet-1.19.jar:/home/user/.m2/repository/com/sun/jersey/jersey-json/1.19/jersey-json-1.19.jar:/home/user/.m2/repository/org/codehaus/jettison/jettison/1.1/jettison-1.1.jar:/home/user/.m2/repository/org/codehaus/jackson/jackson-core-asl/1.9.13/jackson-core-asl-1.9.13.jar:/home/user/.m2/repository/org/codehaus/jackson/jackson-mapper-asl/1.9.13/jackson-mapper-asl-1.9.13.jar:/home/user/.m2/repository/org/codehaus/jackson/jackson-jaxrs/1.9.13/jackson-jaxrs-1.9.13.jar:/home/user/.m2/repository/org/codehaus/jackson/jackson-xc/1.9.13/jackson-xc-1.9.13.jar:/home/user/.m2/repository/commons-logging/commons-logging/1.1.3/commons-logging-1.1.3.jar:/home/user/.m2/repository/commons-beanutils/commons-beanutils/1.9.3/commons-beanutils-1.9.3.jar:/home/user/.m2/repository/org/apache/commons/commons-configuration2/2.1.1/commons-configuration2-2.1.1.jar:/home/user/.m2/repository/org/apache/commons/commons-lang3/3.7/commons-lang3-3.7.jar:/home/user/.m2/repository/org/apache/commons/commons-text/1.4/commons-text-1.4.jar:/home/user/.m2/repository/org/apache/avro/avro/1.7.7/avro-1.7.7.jar:/home/user/.m2/repository/com/thoughtworks/paranamer/paranamer/2.3/paranamer-2.3.jar:/home/user/.m2/repository/org/xerial/snappy/snappy-java/1.0.5/snappy-java-1.0.5.jar:/home/user/.m2/repository/com/google/re2j/re2j/1.1/re2j-1.1.jar:/home/user/.m2/repository/com/google/code/gson/gson/2.2.4/gson-2.2.4.jar:/home/user/.m2/repository/com/jcraft/jsch/0.1.54/jsch-0.1.54.jar:/home/user/.m2/repository/org/apache/curator/curator-client/2.12.0/curator-client-2.12.0.jar:/home/user/.m2/repository/org/apache/curator/curator-recipes/2.12.0/curator-recipes-2.12.0.jar:/home/user/.m2/repository/com/google/code/findbugs/jsr305/3.0.0/jsr305-3.0.0.jar:/home/user/.m2/repository/org/apache/htrace/htrace-core4/4.1.0-incubating/htrace-core4-4.1.0-incubating.jar:/home/user/.m2/repository/org/apache/zookeeper/zookeeper/3.4.13/zookeeper-3.4.13.jar:/home/user/.m2/repository/org/apache/yetus/audience-annotations/0.5.0/audience-annotations-0.5.0.jar:/home/user/.m2/repository/org/codehaus/woodstox/stax2-api/3.1.4/stax2-api-3.1.4.jar:/home/user/.m2/repository/com/fasterxml/woodstox/woodstox-core/5.0.3/woodstox-core-5.0.3.jar:/home/user/.m2/repository/dnsjava/dnsjava/2.1.7/dnsjava-2.1.7.jar:/home/user/.m2/repository/org/apache/hadoop/hadoop-hdfs/3.2.0/hadoop-hdfs-3.2.0-tests.jar:/home/user/.m2/repository/org/eclipse/jetty/jetty-util-ajax/9.3.24.v20180605/jetty-util-ajax-9.3.24.v20180605.jar:/home/user/.m2/repository/commons-daemon/commons-daemon/1.0.13/commons-daemon-1.0.13.jar:/home/user/.m2/repository/io/netty/netty/3.10.5.Final/netty-3.10.5.Final.jar:/home/user/.m2/repository/io/netty/netty-all/4.0.52.Final/netty-all-4.0.52.Final.jar:/home/user/.m2/repository/org/fusesource/leveldbjni/leveldbjni-all/1.8/leveldbjni-all-1.8.jar:"/>
    <property name="sun.cpu.endian" value="little"/>
    <property name="user.home" value="/home/user"/>
    <property name="user.language" value="en"/>
    <property name="java.specification.vendor" value="Oracle Corporation"/>
    <property name="java.home" value="/usr/lib/jvm/java-1.8-openjdk/jre"/>
    <property name="java.security.krb5.conf" value="/workdir/hadoop-ozone/integration-test/target/test-classes/krb5.conf"/>
    <property name="basedir" value="/workdir/hadoop-ozone/integration-test"/>
    <property name="file.separator" value="/"/>
    <property name="line.separator" value="&#10;"/>
    <property name="java.vm.specification.vendor" value="Oracle Corporation"/>
    <property name="java.specification.name" value="Java Platform API Specification"/>
    <property name="java.awt.graphicsenv" value="sun.awt.X11GraphicsEnvironment"/>
    <property name="surefire.real.class.path" value="/workdir/hadoop-ozone/integration-test/target/surefire/surefirebooter299439691298323634.jar"/>
    <property name="hadoop.log.dir" value="/workdir/hadoop-ozone/integration-test/target/log"/>
    <property name="sun.boot.class.path" value="/usr/lib/jvm/java-1.8-openjdk/jre/lib/resources.jar:/usr/lib/jvm/java-1.8-openjdk/jre/lib/rt.jar:/usr/lib/jvm/java-1.8-openjdk/jre/lib/sunrsasign.jar:/usr/lib/jvm/java-1.8-openjdk/jre/lib/jsse.jar:/usr/lib/jvm/java-1.8-openjdk/jre/lib/jce.jar:/usr/lib/jvm/java-1.8-openjdk/jre/lib/charsets.jar:/usr/lib/jvm/java-1.8-openjdk/jre/lib/jfr.jar:/usr/lib/jvm/java-1.8-openjdk/jre/classes"/>
    <property name="sun.management.compiler" value="HotSpot 64-Bit Tiered Compilers"/>
    <property name="java.runtime.version" value="1.8.0_212-b04"/>
    <property name="java.net.preferIPv4Stack" value="true"/>
    <property name="user.name" value="jenkins1000"/>
    <property name="path.separator" value=":"/>
    <property name="java.security.egd" value="file:///dev/urandom"/>
    <property name="os.version" value="3.10.0-957.12.2.el7.x86_64"/>
    <property name="java.endorsed.dirs" value="/usr/lib/jvm/java-1.8-openjdk/jre/lib/endorsed"/>
    <property name="java.runtime.name" value="OpenJDK Runtime Environment"/>
    <property name="file.encoding" value="UTF-8"/>
    <property name="java.vm.name" value="OpenJDK 64-Bit Server VM"/>
    <property name="test.build.webapps" value=""/>
    <property name="localRepository" value="/home/user/.m2/repository"/>
    <property name="java.vendor.url.bug" value="https://icedtea.classpath.org/bugzilla"/>
    <property name="java.io.tmpdir" value="/tmp"/>
    <property name="require.test.libhadoop" value=""/>
    <property name="java.version" value="1.8.0_212"/>
    <property name="user.dir" value="/workdir/hadoop-ozone/integration-test"/>
    <property name="os.arch" value="amd64"/>
    <property name="java.vm.specification.name" value="Java Virtual Machine Specification"/>
    <property name="test.build.classes" value="/workdir/hadoop-ozone/integration-test/target/test-classes"/>
    <property name="java.awt.printerjob" value="sun.print.PSPrinterJob"/>
    <property name="sun.os.patch.level" value="unknown"/>
    <property name="hadoop.tmp.dir" value="/workdir/hadoop-ozone/integration-test/target/tmp"/>
    <property name="java.library.path" value="/usr/lib/jvm/java-1.8-openjdk/jre/lib/amd64/server:/usr/lib/jvm/java-1.8-openjdk/jre/lib/amd64:/usr/lib/jvm/java-1.8-openjdk/jre/../lib/amd64:/workdir/hadoop-ozone/integration-test/target/native/target/usr/local/lib:/workdir/hadoop-ozone/integration-test/../../hadoop-common-project/hadoop-common/target/native/target/usr/local/lib:/usr/java/packages/lib/amd64:/usr/lib64:/lib64:/lib:/usr/lib"/>
    <property name="java.vm.info" value="mixed mode"/>
    <property name="java.vendor" value="IcedTea"/>
    <property name="java.vm.version" value="25.212-b04"/>
    <property name="java.ext.dirs" value="/usr/lib/jvm/java-1.8-openjdk/jre/lib/ext:/usr/java/packages/lib/ext"/>
    <property name="sun.io.unicode.encoding" value="UnicodeLittle"/>
    <property name="java.class.version" value="52.0"/>
  </properties>
  <testcase name="testReleaseBuffers" classname="org.apache.hadoop.ozone.client.rpc.TestCommitWatcher" time="6.05"/>
  <testcase name="testReleaseBuffersOnException" classname="org.apache.hadoop.ozone.client.rpc.TestCommitWatcher" time="14.789">
    <failure type="java.lang.AssertionError">java.lang.AssertionError
	at org.junit.Assert.fail(Assert.java:86)
	at org.junit.Assert.assertTrue(Assert.java:41)
	at org.junit.Assert.assertTrue(Assert.java:52)
	at org.apache.hadoop.ozone.client.rpc.TestCommitWatcher.testReleaseBuffersOnException(TestCommitWatcher.java:284)
	at sun.reflect.NativeMethodAccessorImpl.invoke0(Native Method)
	at sun.reflect.NativeMethodAccessorImpl.invoke(NativeMethodAccessorImpl.java:62)
	at sun.reflect.DelegatingMethodAccessorImpl.invoke(DelegatingMethodAccessorImpl.java:43)
	at java.lang.reflect.Method.invoke(Method.java:498)
	at org.junit.runners.model.FrameworkMethod$1.runReflectiveCall(FrameworkMethod.java:47)
	at org.junit.internal.runners.model.ReflectiveCallable.run(ReflectiveCallable.java:12)
	at org.junit.runners.model.FrameworkMethod.invokeExplosively(FrameworkMethod.java:44)
	at org.junit.internal.runners.statements.InvokeMethod.evaluate(InvokeMethod.java:17)
	at org.junit.runners.ParentRunner.runLeaf(ParentRunner.java:271)
	at org.junit.runners.BlockJUnit4ClassRunner.runChild(BlockJUnit4ClassRunner.java:70)
	at org.junit.runners.BlockJUnit4ClassRunner.runChild(BlockJUnit4ClassRunner.java:50)
	at org.junit.runners.ParentRunner$3.run(ParentRunner.java:238)
	at org.junit.runners.ParentRunner$1.schedule(ParentRunner.java:63)
	at org.junit.runners.ParentRunner.runChildren(ParentRunner.java:236)
	at org.junit.runners.ParentRunner.access$000(ParentRunner.java:53)
	at org.junit.runners.ParentRunner$2.evaluate(ParentRunner.java:229)
	at org.junit.internal.runners.statements.RunBefores.evaluate(RunBefores.java:26)
	at org.junit.internal.runners.statements.RunAfters.evaluate(RunAfters.java:27)
	at org.junit.runners.ParentRunner.run(ParentRunner.java:309)
	at org.apache.maven.surefire.junit4.JUnit4Provider.execute(JUnit4Provider.java:365)
	at org.apache.maven.surefire.junit4.JUnit4Provider.executeWithRerun(JUnit4Provider.java:273)
	at org.apache.maven.surefire.junit4.JUnit4Provider.executeTestSet(JUnit4Provider.java:238)
	at org.apache.maven.surefire.junit4.JUnit4Provider.invoke(JUnit4Provider.java:159)
	at org.apache.maven.surefire.booter.ForkedBooter.invokeProviderInSameClassLoader(ForkedBooter.java:384)
	at org.apache.maven.surefire.booter.ForkedBooter.runSuitesInProcess(ForkedBooter.java:345)
	at org.apache.maven.surefire.booter.ForkedBooter.execute(ForkedBooter.java:126)
	at org.apache.maven.surefire.booter.ForkedBooter.main(ForkedBooter.java:418)
</failure>
    <system-out><![CDATA[2019-08-28 05:12:51,352 [grpc-default-executor-2] INFO  client.GrpcClientProtocolClient (GrpcClientProtocolClient.java:onNext(255)) - client-DD5B211128C1->aec16b61-a932-482f-ba4d-840006f4b5dd: receive RaftClientReply:client-DD5B211128C1->aec16b61-a932-482f-ba4d-840006f4b5dd@group-290716D7195A, cid=17, FAILED org.apache.ratis.protocol.NotLeaderException: Server aec16b61-a932-482f-ba4d-840006f4b5dd is not the leader (null). Request must be sent to leader., logIndex=0, commits[aec16b61-a932-482f-ba4d-840006f4b5dd:c-1]
2019-08-28 05:12:51,632 | INFO  | SCMAudit | user=jenkins1000 | ip=192.168.69.75 | op=SEND_HEARTBEAT {datanodeUUID=ae8e8294-5617-46d5-901c-129eddf70fd7, command=[]} | ret=SUCCESS |  
2019-08-28 05:12:51,772 | INFO  | SCMAudit | user=jenkins1000 | ip=192.168.69.75 | op=SEND_HEARTBEAT {datanodeUUID=ba297e0d-e0df-49c1-b52e-45029b64045c, command=[]} | ret=SUCCESS |  
2019-08-28 05:12:51,942 | INFO  | SCMAudit | user=jenkins1000 | ip=192.168.69.75 | op=SEND_HEARTBEAT {datanodeUUID=e256348b-8ae2-4808-9f84-2c73f1df23cc, command=[]} | ret=SUCCESS |  
2019-08-28 05:12:51,991 | INFO  | SCMAudit | user=jenkins1000 | ip=192.168.69.75 | op=SEND_HEARTBEAT {datanodeUUID=47c06382-b996-401c-acee-92913842dd26, command=[]} | ret=SUCCESS |  
2019-08-28 05:12:51,991 | INFO  | SCMAudit | user=jenkins1000 | ip=192.168.69.75 | op=SEND_HEARTBEAT {datanodeUUID=734a4450-ead0-49c3-a8a7-3d6fdcb5c4c2, command=[]} | ret=SUCCESS |  
2019-08-28 05:12:52,009 | INFO  | SCMAudit | user=jenkins1000 | ip=192.168.69.75 | op=SEND_HEARTBEAT {datanodeUUID=aec16b61-a932-482f-ba4d-840006f4b5dd, command=[]} | ret=SUCCESS |  
2019-08-28 05:12:52,131 | INFO  | SCMAudit | user=jenkins1000 | ip=192.168.69.75 | op=SEND_HEARTBEAT {datanodeUUID=7268c7ee-fdca-41c9-8da0-88044e513289, command=[]} | ret=SUCCESS |  
2019-08-28 05:12:52,396 [grpc-default-executor-0] INFO  client.GrpcClientProtocolClient (GrpcClientProtocolClient.java:onNext(255)) - client-DD5B211128C1->7268c7ee-fdca-41c9-8da0-88044e513289: receive RaftClientReply:client-DD5B211128C1->7268c7ee-fdca-41c9-8da0-88044e513289@group-290716D7195A, cid=17, FAILED org.apache.ratis.protocol.NotLeaderException: Server 7268c7ee-fdca-41c9-8da0-88044e513289 is not the leader (null). Request must be sent to leader., logIndex=0, commits[7268c7ee-fdca-41c9-8da0-88044e513289:c-1]
2019-08-28 05:12:52,633 | INFO  | SCMAudit | user=jenkins1000 | ip=192.168.69.75 | op=SEND_HEARTBEAT {datanodeUUID=ae8e8294-5617-46d5-901c-129eddf70fd7, command=[]} | ret=SUCCESS |  
2019-08-28 05:12:52,772 | INFO  | SCMAudit | user=jenkins1000 | ip=192.168.69.75 | op=SEND_HEARTBEAT {datanodeUUID=ba297e0d-e0df-49c1-b52e-45029b64045c, command=[]} | ret=SUCCESS |  
2019-08-28 05:12:52,942 | INFO  | SCMAudit | user=jenkins1000 | ip=192.168.69.75 | op=SEND_HEARTBEAT {datanodeUUID=e256348b-8ae2-4808-9f84-2c73f1df23cc, command=[]} | ret=SUCCESS |  
2019-08-28 05:12:52,991 | INFO  | SCMAudit | user=jenkins1000 | ip=192.168.69.75 | op=SEND_HEARTBEAT {datanodeUUID=47c06382-b996-401c-acee-92913842dd26, command=[]} | ret=SUCCESS |  
2019-08-28 05:12:52,992 | INFO  | SCMAudit | user=jenkins1000 | ip=192.168.69.75 | op=SEND_HEARTBEAT {datanodeUUID=734a4450-ead0-49c3-a8a7-3d6fdcb5c4c2, command=[]} | ret=SUCCESS |  
2019-08-28 05:12:53,010 | INFO  | SCMAudit | user=jenkins1000 | ip=192.168.69.75 | op=SEND_HEARTBEAT {datanodeUUID=aec16b61-a932-482f-ba4d-840006f4b5dd, command=[]} | ret=SUCCESS |  
2019-08-28 05:12:53,131 | INFO  | SCMAudit | user=jenkins1000 | ip=192.168.69.75 | op=SEND_HEARTBEAT {datanodeUUID=7268c7ee-fdca-41c9-8da0-88044e513289, command=[]} | ret=SUCCESS |  
2019-08-28 05:12:53,423 [grpc-default-executor-0] INFO  client.GrpcClientProtocolClient (GrpcClientProtocolClient.java:onNext(255)) - client-DD5B211128C1->aec16b61-a932-482f-ba4d-840006f4b5dd: receive RaftClientReply:client-DD5B211128C1->aec16b61-a932-482f-ba4d-840006f4b5dd@group-290716D7195A, cid=17, FAILED org.apache.ratis.protocol.NotLeaderException: Server aec16b61-a932-482f-ba4d-840006f4b5dd is not the leader (null). Request must be sent to leader., logIndex=0, commits[aec16b61-a932-482f-ba4d-840006f4b5dd:c-1]
2019-08-28 05:12:53,632 | INFO  | SCMAudit | user=jenkins1000 | ip=192.168.69.75 | op=SEND_HEARTBEAT {datanodeUUID=ae8e8294-5617-46d5-901c-129eddf70fd7, command=[]} | ret=SUCCESS |  
2019-08-28 05:12:53,772 | INFO  | SCMAudit | user=jenkins1000 | ip=192.168.69.75 | op=SEND_HEARTBEAT {datanodeUUID=ba297e0d-e0df-49c1-b52e-45029b64045c, command=[]} | ret=SUCCESS |  
2019-08-28 05:12:53,943 | INFO  | SCMAudit | user=jenkins1000 | ip=192.168.69.75 | op=SEND_HEARTBEAT {datanodeUUID=e256348b-8ae2-4808-9f84-2c73f1df23cc, command=[]} | ret=SUCCESS |  
2019-08-28 05:12:53,991 | INFO  | SCMAudit | user=jenkins1000 | ip=192.168.69.75 | op=SEND_HEARTBEAT {datanodeUUID=47c06382-b996-401c-acee-92913842dd26, command=[]} | ret=SUCCESS |  
2019-08-28 05:12:53,992 | INFO  | SCMAudit | user=jenkins1000 | ip=192.168.69.75 | op=SEND_HEARTBEAT {datanodeUUID=734a4450-ead0-49c3-a8a7-3d6fdcb5c4c2, command=[]} | ret=SUCCESS |  
2019-08-28 05:12:54,011 | INFO  | SCMAudit | user=jenkins1000 | ip=192.168.69.75 | op=SEND_HEARTBEAT {datanodeUUID=aec16b61-a932-482f-ba4d-840006f4b5dd, command=[]} | ret=SUCCESS |  
2019-08-28 05:12:54,131 | INFO  | SCMAudit | user=jenkins1000 | ip=192.168.69.75 | op=SEND_HEARTBEAT {datanodeUUID=7268c7ee-fdca-41c9-8da0-88044e513289, command=[]} | ret=SUCCESS |  
2019-08-28 05:12:54,456 [grpc-default-executor-0] INFO  client.GrpcClientProtocolClient (GrpcClientProtocolClient.java:onNext(255)) - client-DD5B211128C1->7268c7ee-fdca-41c9-8da0-88044e513289: receive RaftClientReply:client-DD5B211128C1->7268c7ee-fdca-41c9-8da0-88044e513289@group-290716D7195A, cid=17, FAILED org.apache.ratis.protocol.NotLeaderException: Server 7268c7ee-fdca-41c9-8da0-88044e513289 is not the leader (null). Request must be sent to leader., logIndex=0, commits[7268c7ee-fdca-41c9-8da0-88044e513289:c-1]
2019-08-28 05:12:54,632 | INFO  | SCMAudit | user=jenkins1000 | ip=192.168.69.75 | op=SEND_HEARTBEAT {datanodeUUID=ae8e8294-5617-46d5-901c-129eddf70fd7, command=[]} | ret=SUCCESS |  
2019-08-28 05:12:54,771 | INFO  | SCMAudit | user=jenkins1000 | ip=192.168.69.75 | op=SEND_HEARTBEAT {datanodeUUID=ba297e0d-e0df-49c1-b52e-45029b64045c, command=[]} | ret=SUCCESS |  
2019-08-28 05:12:54,943 | INFO  | SCMAudit | user=jenkins1000 | ip=192.168.69.75 | op=SEND_HEARTBEAT {datanodeUUID=e256348b-8ae2-4808-9f84-2c73f1df23cc, command=[]} | ret=SUCCESS |  
2019-08-28 05:12:54,991 | INFO  | SCMAudit | user=jenkins1000 | ip=192.168.69.75 | op=SEND_HEARTBEAT {datanodeUUID=47c06382-b996-401c-acee-92913842dd26, command=[]} | ret=SUCCESS |  
2019-08-28 05:12:54,993 | INFO  | SCMAudit | user=jenkins1000 | ip=192.168.69.75 | op=SEND_HEARTBEAT {datanodeUUID=734a4450-ead0-49c3-a8a7-3d6fdcb5c4c2, command=[]} | ret=SUCCESS |  
2019-08-28 05:12:55,011 | INFO  | SCMAudit | user=jenkins1000 | ip=192.168.69.75 | op=SEND_HEARTBEAT {datanodeUUID=aec16b61-a932-482f-ba4d-840006f4b5dd, command=[]} | ret=SUCCESS |  
2019-08-28 05:12:55,131 | INFO  | SCMAudit | user=jenkins1000 | ip=192.168.69.75 | op=SEND_HEARTBEAT {datanodeUUID=7268c7ee-fdca-41c9-8da0-88044e513289, command=[]} | ret=SUCCESS |  
2019-08-28 05:12:55,223 [Thread-329] INFO  impl.FollowerState (FollowerState.java:run(106)) - aec16b61-a932-482f-ba4d-840006f4b5dd:group-290716D7195A changes to CANDIDATE, lastRpcTime:5007, electionTimeout:5005ms
2019-08-28 05:12:55,227 [Thread-329] INFO  impl.RoleInfo (RoleInfo.java:shutdownFollowerState(121)) - aec16b61-a932-482f-ba4d-840006f4b5dd: shutdown FollowerState
2019-08-28 05:12:55,227 [Thread-329] INFO  impl.RaftServerImpl (RaftServerImpl.java:setRole(171)) - aec16b61-a932-482f-ba4d-840006f4b5dd:group-290716D7195A changes role from FOLLOWER to CANDIDATE at term 1 for changeToCandidate
2019-08-28 05:12:55,227 [Thread-329] INFO  impl.RoleInfo (RoleInfo.java:updateAndGet(143)) - aec16b61-a932-482f-ba4d-840006f4b5dd: start LeaderElection
2019-08-28 05:12:55,242 [Thread-328] INFO  impl.FollowerState (FollowerState.java:run(106)) - 7268c7ee-fdca-41c9-8da0-88044e513289:group-290716D7195A changes to CANDIDATE, lastRpcTime:5076, electionTimeout:5030ms
2019-08-28 05:12:55,244 [Thread-328] INFO  impl.RoleInfo (RoleInfo.java:shutdownFollowerState(121)) - 7268c7ee-fdca-41c9-8da0-88044e513289: shutdown FollowerState
2019-08-28 05:12:55,244 [Thread-328] INFO  impl.RaftServerImpl (RaftServerImpl.java:setRole(171)) - 7268c7ee-fdca-41c9-8da0-88044e513289:group-290716D7195A changes role from FOLLOWER to CANDIDATE at term 1 for changeToCandidate
2019-08-28 05:12:55,244 [Thread-328] INFO  impl.RoleInfo (RoleInfo.java:updateAndGet(143)) - 7268c7ee-fdca-41c9-8da0-88044e513289: start LeaderElection
2019-08-28 05:12:55,244 [aec16b61-a932-482f-ba4d-840006f4b5dd:group-290716D7195A:LeaderElection12] INFO  impl.LeaderElection (LeaderElection.java:askForVotes(181)) - aec16b61-a932-482f-ba4d-840006f4b5dd:group-290716D7195A:LeaderElection12: begin an election at term 2 for -1: [ae8e8294-5617-46d5-901c-129eddf70fd7:192.168.69.75:42150, 7268c7ee-fdca-41c9-8da0-88044e513289:192.168.69.75:35191, aec16b61-a932-482f-ba4d-840006f4b5dd:192.168.69.75:32940], old=null
2019-08-28 05:12:55,254 [grpc-default-executor-2] INFO  impl.RaftServerImpl (RaftServerImpl.java:setRole(171)) - ae8e8294-5617-46d5-901c-129eddf70fd7:group-290716D7195A changes role from FOLLOWER to FOLLOWER at term 2 for recognizeCandidate:aec16b61-a932-482f-ba4d-840006f4b5dd
2019-08-28 05:12:55,254 [grpc-default-executor-2] INFO  impl.RoleInfo (RoleInfo.java:shutdownFollowerState(121)) - ae8e8294-5617-46d5-901c-129eddf70fd7: shutdown FollowerState
2019-08-28 05:12:55,254 [grpc-default-executor-2] INFO  impl.RoleInfo (RoleInfo.java:updateAndGet(143)) - ae8e8294-5617-46d5-901c-129eddf70fd7: start FollowerState
2019-08-28 05:12:55,254 [Thread-326] INFO  impl.FollowerState (FollowerState.java:run(114)) - ae8e8294-5617-46d5-901c-129eddf70fd7: FollowerState was interrupted: java.lang.InterruptedException: sleep interrupted
2019-08-28 05:12:55,260 [7268c7ee-fdca-41c9-8da0-88044e513289:group-290716D7195A:LeaderElection13] INFO  impl.LeaderElection (LeaderElection.java:askForVotes(181)) - 7268c7ee-fdca-41c9-8da0-88044e513289:group-290716D7195A:LeaderElection13: begin an election at term 2 for -1: [ae8e8294-5617-46d5-901c-129eddf70fd7:192.168.69.75:42150, 7268c7ee-fdca-41c9-8da0-88044e513289:192.168.69.75:35191, aec16b61-a932-482f-ba4d-840006f4b5dd:192.168.69.75:32940], old=null
2019-08-28 05:12:55,268 [aec16b61-a932-482f-ba4d-840006f4b5dd:group-290716D7195A:LeaderElection12] INFO  impl.LeaderElection (LeaderElection.java:logAndReturn(56)) - aec16b61-a932-482f-ba4d-840006f4b5dd:group-290716D7195A:LeaderElection12: Election PASSED; received 2 response(s) [aec16b61-a932-482f-ba4d-840006f4b5dd<-ae8e8294-5617-46d5-901c-129eddf70fd7#0:OK-t2, aec16b61-a932-482f-ba4d-840006f4b5dd<-7268c7ee-fdca-41c9-8da0-88044e513289#0:FAIL-t2] and 0 exception(s); aec16b61-a932-482f-ba4d-840006f4b5dd:t2, leader=null, voted=aec16b61-a932-482f-ba4d-840006f4b5dd, raftlog=aec16b61-a932-482f-ba4d-840006f4b5dd-SegmentedRaftLog:OPENED:c-1,f-1,i0, conf=-1: [ae8e8294-5617-46d5-901c-129eddf70fd7:192.168.69.75:42150, 7268c7ee-fdca-41c9-8da0-88044e513289:192.168.69.75:35191, aec16b61-a932-482f-ba4d-840006f4b5dd:192.168.69.75:32940], old=null
2019-08-28 05:12:55,268 [aec16b61-a932-482f-ba4d-840006f4b5dd:group-290716D7195A:LeaderElection12] INFO  impl.RoleInfo (RoleInfo.java:shutdownLeaderElection(134)) - aec16b61-a932-482f-ba4d-840006f4b5dd: shutdown LeaderElection
2019-08-28 05:12:55,278 [aec16b61-a932-482f-ba4d-840006f4b5dd:group-290716D7195A:LeaderElection12] INFO  impl.RaftServerImpl (RaftServerImpl.java:setRole(171)) - aec16b61-a932-482f-ba4d-840006f4b5dd:group-290716D7195A changes role from CANDIDATE to LEADER at term 2 for changeToLeader
2019-08-28 05:12:55,278 [aec16b61-a932-482f-ba4d-840006f4b5dd:group-290716D7195A:LeaderElection12] INFO  impl.RaftServerImpl (ServerState.java:setLeader(263)) - aec16b61-a932-482f-ba4d-840006f4b5dd:group-290716D7195A change Leader from null to aec16b61-a932-482f-ba4d-840006f4b5dd at term 2 for becomeLeader, leader elected after 10250ms
2019-08-28 05:12:55,279 [aec16b61-a932-482f-ba4d-840006f4b5dd:group-290716D7195A:LeaderElection12] INFO  server.RaftServerConfigKeys (ConfUtils.java:logGet(43)) - raft.server.staging.catchup.gap = 1000 (default)
2019-08-28 05:12:55,279 [aec16b61-a932-482f-ba4d-840006f4b5dd:group-290716D7195A:LeaderElection12] INFO  server.RaftServerConfigKeys (ConfUtils.java:logGet(43)) - raft.server.rpc.sleep.time = 25ms (default)
2019-08-28 05:12:55,279 [aec16b61-a932-482f-ba4d-840006f4b5dd:group-290716D7195A:LeaderElection12] INFO  server.RaftServerConfigKeys (ConfUtils.java:logGet(43)) - raft.server.write.element-limit = 4096 (default)
2019-08-28 05:12:55,279 [aec16b61-a932-482f-ba4d-840006f4b5dd:group-290716D7195A:LeaderElection12] INFO  server.RaftServerConfigKeys (ConfUtils.java:logGet(43)) - raft.server.watch.timeout = 10s (default)
2019-08-28 05:12:55,280 [aec16b61-a932-482f-ba4d-840006f4b5dd:group-290716D7195A:LeaderElection12] INFO  server.RaftServerConfigKeys (ConfUtils.java:logGet(43)) - raft.server.watch.timeout.denomination = 1s (default)
2019-08-28 05:12:55,280 [aec16b61-a932-482f-ba4d-840006f4b5dd:group-290716D7195A:LeaderElection12] INFO  server.RaftServerConfigKeys (ConfUtils.java:logGet(43)) - raft.server.watch.element-limit = 65536 (default)
2019-08-28 05:12:55,280 [aec16b61-a932-482f-ba4d-840006f4b5dd:group-290716D7195A:LeaderElection12] INFO  server.RaftServerConfigKeys (ConfUtils.java:logGet(43)) - raft.server.log.appender.snapshot.chunk.size.max = 16MB (=16777216) (default)
2019-08-28 05:12:55,280 [aec16b61-a932-482f-ba4d-840006f4b5dd:group-290716D7195A:LeaderElection12] INFO  server.RaftServerConfigKeys (ConfUtils.java:logGet(43)) - raft.server.log.appender.buffer.byte-limit = 33554432 (custom)
2019-08-28 05:12:55,281 [aec16b61-a932-482f-ba4d-840006f4b5dd:group-290716D7195A:LeaderElection12] INFO  server.RaftServerConfigKeys (ConfUtils.java:logGet(43)) - raft.server.log.appender.buffer.element-limit = 1 (custom)
2019-08-28 05:12:55,281 [aec16b61-a932-482f-ba4d-840006f4b5dd:group-290716D7195A:LeaderElection12] INFO  grpc.GrpcConfigKeys$Server (ConfUtils.java:logGet(43)) - raft.grpc.server.leader.outstanding.appends.max = 128 (default)
2019-08-28 05:12:55,281 [aec16b61-a932-482f-ba4d-840006f4b5dd:group-290716D7195A:LeaderElection12] INFO  server.RaftServerConfigKeys (ConfUtils.java:logGet(43)) - raft.server.rpc.request.timeout = 3000ms (default)
2019-08-28 05:12:55,281 [aec16b61-a932-482f-ba4d-840006f4b5dd:group-290716D7195A:LeaderElection12] INFO  server.RaftServerConfigKeys (ConfUtils.java:logGet(43)) - raft.server.log.appender.install.snapshot.enabled = false (custom)
2019-08-28 05:12:55,281 [aec16b61-a932-482f-ba4d-840006f4b5dd:group-290716D7195A:LeaderElection12] INFO  server.RaftServerConfigKeys (ConfUtils.java:logGet(43)) - raft.server.log.appender.snapshot.chunk.size.max = 16MB (=16777216) (default)
2019-08-28 05:12:55,282 [aec16b61-a932-482f-ba4d-840006f4b5dd:group-290716D7195A:LeaderElection12] INFO  server.RaftServerConfigKeys (ConfUtils.java:logGet(43)) - raft.server.log.appender.buffer.byte-limit = 33554432 (custom)
2019-08-28 05:12:55,282 [aec16b61-a932-482f-ba4d-840006f4b5dd:group-290716D7195A:LeaderElection12] INFO  server.RaftServerConfigKeys (ConfUtils.java:logGet(43)) - raft.server.log.appender.buffer.element-limit = 1 (custom)
2019-08-28 05:12:55,282 [aec16b61-a932-482f-ba4d-840006f4b5dd:group-290716D7195A:LeaderElection12] INFO  grpc.GrpcConfigKeys$Server (ConfUtils.java:logGet(43)) - raft.grpc.server.leader.outstanding.appends.max = 128 (default)
2019-08-28 05:12:55,282 [aec16b61-a932-482f-ba4d-840006f4b5dd:group-290716D7195A:LeaderElection12] INFO  server.RaftServerConfigKeys (ConfUtils.java:logGet(43)) - raft.server.rpc.request.timeout = 3000ms (default)
2019-08-28 05:12:55,282 [aec16b61-a932-482f-ba4d-840006f4b5dd:group-290716D7195A:LeaderElection12] INFO  server.RaftServerConfigKeys (ConfUtils.java:logGet(43)) - raft.server.log.appender.install.snapshot.enabled = false (custom)
2019-08-28 05:12:55,283 [aec16b61-a932-482f-ba4d-840006f4b5dd:group-290716D7195A:LeaderElection12] INFO  impl.RoleInfo (RoleInfo.java:updateAndGet(143)) - aec16b61-a932-482f-ba4d-840006f4b5dd: start LeaderState
2019-08-28 05:12:55,283 [aec16b61-a932-482f-ba4d-840006f4b5dd:group-290716D7195A:LeaderElection12] INFO  segmented.SegmentedRaftLogWorker (SegmentedRaftLogWorker.java:startLogSegment(380)) - aec16b61-a932-482f-ba4d-840006f4b5dd-SegmentedRaftLogWorker:Storage Directory /workdir/hadoop-ozone/integration-test/target/test-dir/MiniOzoneClusterImpl-4723ef1e-8692-44e3-b7af-8e08370d0a87/datanode-1/data/ratis/ff58f251-6ee0-4040-b458-290716d7195a: Starting segment from index:0
2019-08-28 05:12:55,284 [aec16b61-a932-482f-ba4d-840006f4b5dd:group-290716D7195A:LeaderElection12] INFO  impl.RaftServerImpl (ServerState.java:setRaftConf(361)) - aec16b61-a932-482f-ba4d-840006f4b5dd:group-290716D7195A set configuration 0: [ae8e8294-5617-46d5-901c-129eddf70fd7:192.168.69.75:42150, 7268c7ee-fdca-41c9-8da0-88044e513289:192.168.69.75:35191, aec16b61-a932-482f-ba4d-840006f4b5dd:192.168.69.75:32940], old=null at 0
2019-08-28 05:12:55,318 [grpc-default-executor-2] INFO  impl.RaftServerImpl (RaftServerImpl.java:requestVote(754)) - aec16b61-a932-482f-ba4d-840006f4b5dd-LEADER: Withhold vote from candidate 7268c7ee-fdca-41c9-8da0-88044e513289 with term 2. State: leader=aec16b61-a932-482f-ba4d-840006f4b5dd, term=2, lastRpcElapsed=null
2019-08-28 05:12:55,322 [grpc-default-executor-1] INFO  impl.RaftServerImpl (RaftServerImpl.java:setRole(171)) - 7268c7ee-fdca-41c9-8da0-88044e513289:group-290716D7195A changes role from CANDIDATE to FOLLOWER at term 2 for appendEntries
2019-08-28 05:12:55,322 [grpc-default-executor-1] INFO  impl.RoleInfo (RoleInfo.java:shutdownLeaderElection(134)) - 7268c7ee-fdca-41c9-8da0-88044e513289: shutdown LeaderElection
2019-08-28 05:12:55,323 [grpc-default-executor-1] INFO  impl.RoleInfo (RoleInfo.java:updateAndGet(143)) - 7268c7ee-fdca-41c9-8da0-88044e513289: start FollowerState
2019-08-28 05:12:55,323 [7268c7ee-fdca-41c9-8da0-88044e513289:group-290716D7195A:LeaderElection13] INFO  impl.LeaderElection (LeaderElection.java:logAndReturn(56)) - 7268c7ee-fdca-41c9-8da0-88044e513289:group-290716D7195A:LeaderElection13: Election REJECTED; received 2 response(s) [7268c7ee-fdca-41c9-8da0-88044e513289<-ae8e8294-5617-46d5-901c-129eddf70fd7#0:FAIL-t2, 7268c7ee-fdca-41c9-8da0-88044e513289<-aec16b61-a932-482f-ba4d-840006f4b5dd#0:FAIL-t2] and 0 exception(s); 7268c7ee-fdca-41c9-8da0-88044e513289:t2, leader=null, voted=7268c7ee-fdca-41c9-8da0-88044e513289, raftlog=7268c7ee-fdca-41c9-8da0-88044e513289-SegmentedRaftLog:OPENED:c-1,f-1,i0, conf=-1: [ae8e8294-5617-46d5-901c-129eddf70fd7:192.168.69.75:42150, 7268c7ee-fdca-41c9-8da0-88044e513289:192.168.69.75:35191, aec16b61-a932-482f-ba4d-840006f4b5dd:192.168.69.75:32940], old=null
2019-08-28 05:12:55,323 [grpc-default-executor-0] INFO  impl.RaftServerImpl (ServerState.java:setLeader(263)) - ae8e8294-5617-46d5-901c-129eddf70fd7:group-290716D7195A change Leader from null to aec16b61-a932-482f-ba4d-840006f4b5dd at term 2 for appendEntries, leader elected after 10295ms
2019-08-28 05:12:55,323 [grpc-default-executor-1] INFO  impl.RaftServerImpl (ServerState.java:setLeader(263)) - 7268c7ee-fdca-41c9-8da0-88044e513289:group-290716D7195A change Leader from null to aec16b61-a932-482f-ba4d-840006f4b5dd at term 2 for appendEntries, leader elected after 10294ms
2019-08-28 05:12:55,329 [grpc-default-executor-1] INFO  impl.RaftServerImpl (ServerState.java:setRaftConf(361)) - 7268c7ee-fdca-41c9-8da0-88044e513289:group-290716D7195A set configuration 0: [ae8e8294-5617-46d5-901c-129eddf70fd7:192.168.69.75:42150, 7268c7ee-fdca-41c9-8da0-88044e513289:192.168.69.75:35191, aec16b61-a932-482f-ba4d-840006f4b5dd:192.168.69.75:32940], old=null at 0
2019-08-28 05:12:55,329 [grpc-default-executor-0] INFO  impl.RaftServerImpl (ServerState.java:setRaftConf(361)) - ae8e8294-5617-46d5-901c-129eddf70fd7:group-290716D7195A set configuration 0: [ae8e8294-5617-46d5-901c-129eddf70fd7:192.168.69.75:42150, 7268c7ee-fdca-41c9-8da0-88044e513289:192.168.69.75:35191, aec16b61-a932-482f-ba4d-840006f4b5dd:192.168.69.75:32940], old=null at 0
2019-08-28 05:12:55,329 [grpc-default-executor-1] INFO  segmented.SegmentedRaftLogWorker (SegmentedRaftLogWorker.java:startLogSegment(380)) - 7268c7ee-fdca-41c9-8da0-88044e513289-SegmentedRaftLogWorker:Storage Directory /workdir/hadoop-ozone/integration-test/target/test-dir/MiniOzoneClusterImpl-4723ef1e-8692-44e3-b7af-8e08370d0a87/datanode-5/data/ratis/ff58f251-6ee0-4040-b458-290716d7195a: Starting segment from index:0
2019-08-28 05:12:55,330 [grpc-default-executor-0] INFO  segmented.SegmentedRaftLogWorker (SegmentedRaftLogWorker.java:startLogSegment(380)) - ae8e8294-5617-46d5-901c-129eddf70fd7-SegmentedRaftLogWorker:Storage Directory /workdir/hadoop-ozone/integration-test/target/test-dir/MiniOzoneClusterImpl-4723ef1e-8692-44e3-b7af-8e08370d0a87/datanode-2/data/ratis/ff58f251-6ee0-4040-b458-290716d7195a: Starting segment from index:0
2019-08-28 05:12:55,331 [aec16b61-a932-482f-ba4d-840006f4b5dd-SegmentedRaftLogWorker:Storage Directory /workdir/hadoop-ozone/integration-test/target/test-dir/MiniOzoneClusterImpl-4723ef1e-8692-44e3-b7af-8e08370d0a87/datanode-1/data/ratis/ff58f251-6ee0-4040-b458-290716d7195a] INFO  segmented.SegmentedRaftLogWorker (SegmentedRaftLogWorker.java:execute(569)) - aec16b61-a932-482f-ba4d-840006f4b5dd-SegmentedRaftLogWorker:Storage Directory /workdir/hadoop-ozone/integration-test/target/test-dir/MiniOzoneClusterImpl-4723ef1e-8692-44e3-b7af-8e08370d0a87/datanode-1/data/ratis/ff58f251-6ee0-4040-b458-290716d7195a: created new log segment /workdir/hadoop-ozone/integration-test/target/test-dir/MiniOzoneClusterImpl-4723ef1e-8692-44e3-b7af-8e08370d0a87/datanode-1/data/ratis/ff58f251-6ee0-4040-b458-290716d7195a/current/log_inprogress_0
2019-08-28 05:12:55,373 [7268c7ee-fdca-41c9-8da0-88044e513289-SegmentedRaftLogWorker:Storage Directory /workdir/hadoop-ozone/integration-test/target/test-dir/MiniOzoneClusterImpl-4723ef1e-8692-44e3-b7af-8e08370d0a87/datanode-5/data/ratis/ff58f251-6ee0-4040-b458-290716d7195a] INFO  segmented.SegmentedRaftLogWorker (SegmentedRaftLogWorker.java:execute(569)) - 7268c7ee-fdca-41c9-8da0-88044e513289-SegmentedRaftLogWorker:Storage Directory /workdir/hadoop-ozone/integration-test/target/test-dir/MiniOzoneClusterImpl-4723ef1e-8692-44e3-b7af-8e08370d0a87/datanode-5/data/ratis/ff58f251-6ee0-4040-b458-290716d7195a: created new log segment /workdir/hadoop-ozone/integration-test/target/test-dir/MiniOzoneClusterImpl-4723ef1e-8692-44e3-b7af-8e08370d0a87/datanode-5/data/ratis/ff58f251-6ee0-4040-b458-290716d7195a/current/log_inprogress_0
2019-08-28 05:12:55,386 [ae8e8294-5617-46d5-901c-129eddf70fd7-SegmentedRaftLogWorker:Storage Directory /workdir/hadoop-ozone/integration-test/target/test-dir/MiniOzoneClusterImpl-4723ef1e-8692-44e3-b7af-8e08370d0a87/datanode-2/data/ratis/ff58f251-6ee0-4040-b458-290716d7195a] INFO  segmented.SegmentedRaftLogWorker (SegmentedRaftLogWorker.java:execute(569)) - ae8e8294-5617-46d5-901c-129eddf70fd7-SegmentedRaftLogWorker:Storage Directory /workdir/hadoop-ozone/integration-test/target/test-dir/MiniOzoneClusterImpl-4723ef1e-8692-44e3-b7af-8e08370d0a87/datanode-2/data/ratis/ff58f251-6ee0-4040-b458-290716d7195a: created new log segment /workdir/hadoop-ozone/integration-test/target/test-dir/MiniOzoneClusterImpl-4723ef1e-8692-44e3-b7af-8e08370d0a87/datanode-2/data/ratis/ff58f251-6ee0-4040-b458-290716d7195a/current/log_inprogress_0
2019-08-28 05:12:55,483 [grpc-default-executor-1] INFO  client.GrpcClientProtocolClient (GrpcClientProtocolClient.java:onNext(255)) - client-DD5B211128C1->ae8e8294-5617-46d5-901c-129eddf70fd7: receive RaftClientReply:client-DD5B211128C1->ae8e8294-5617-46d5-901c-129eddf70fd7@group-290716D7195A, cid=17, FAILED org.apache.ratis.protocol.NotLeaderException: Server ae8e8294-5617-46d5-901c-129eddf70fd7 is not the leader (aec16b61-a932-482f-ba4d-840006f4b5dd:192.168.69.75:32940). Request must be sent to leader., logIndex=0, commits[ae8e8294-5617-46d5-901c-129eddf70fd7:c-1, 7268c7ee-fdca-41c9-8da0-88044e513289:c-1, aec16b61-a932-482f-ba4d-840006f4b5dd:c-1]
2019-08-28 05:12:55,633 | INFO  | SCMAudit | user=jenkins1000 | ip=192.168.69.75 | op=SEND_HEARTBEAT {datanodeUUID=ae8e8294-5617-46d5-901c-129eddf70fd7, command=[]} | ret=SUCCESS |  
2019-08-28 05:12:55,666 | INFO  | SCMAudit | user=jenkins1000 | ip=192.168.69.75 | op=SEND_HEARTBEAT {datanodeUUID=ae8e8294-5617-46d5-901c-129eddf70fd7, command=[]} | ret=SUCCESS |  
2019-08-28 05:12:55,666 | INFO  | SCMAudit | user=jenkins1000 | ip=192.168.69.75 | op=SEND_HEARTBEAT {datanodeUUID=aec16b61-a932-482f-ba4d-840006f4b5dd, command=[]} | ret=SUCCESS |  
2019-08-28 05:12:55,666 | INFO  | SCMAudit | user=jenkins1000 | ip=192.168.69.75 | op=SEND_HEARTBEAT {datanodeUUID=7268c7ee-fdca-41c9-8da0-88044e513289, command=[]} | ret=SUCCESS |  
2019-08-28 05:12:55,669 | INFO  | DNAudit | user=null | ip=null | op=WRITE_CHUNK {blockData=conID: 2 locID: 1566969171313 bcsId: 0} | ret=SUCCESS |  
2019-08-28 05:12:55,671 | INFO  | DNAudit | user=null | ip=null | op=WRITE_CHUNK {blockData=conID: 2 locID: 1566969171313 bcsId: 0} | ret=SUCCESS |  
2019-08-28 05:12:55,671 | INFO  | DNAudit | user=null | ip=null | op=WRITE_CHUNK {blockData=conID: 2 locID: 1566969171313 bcsId: 0} | ret=SUCCESS |  
2019-08-28 05:12:55,682 | INFO  | DNAudit | user=null | ip=null | op=WRITE_CHUNK {blockData=conID: 2 locID: 1566969171313 bcsId: 0} | ret=SUCCESS |  
2019-08-28 05:12:55,689 [grpc-default-executor-2] INFO  client.GrpcClientProtocolClient (GrpcClientProtocolClient.java:onNext(255)) - client-DD5B211128C1->aec16b61-a932-482f-ba4d-840006f4b5dd: receive RaftClientReply:client-DD5B211128C1->aec16b61-a932-482f-ba4d-840006f4b5dd@group-290716D7195A, cid=17, SUCCESS, logIndex=1, commits[aec16b61-a932-482f-ba4d-840006f4b5dd:c1, ae8e8294-5617-46d5-901c-129eddf70fd7:c0, 7268c7ee-fdca-41c9-8da0-88044e513289:c0]
2019-08-28 05:12:55,695 | INFO  | DNAudit | user=null | ip=null | op=WRITE_CHUNK {blockData=conID: 2 locID: 1566969171313 bcsId: 0} | ret=SUCCESS |  
2019-08-28 05:12:55,695 | INFO  | DNAudit | user=null | ip=null | op=WRITE_CHUNK {blockData=conID: 2 locID: 1566969171313 bcsId: 0} | ret=SUCCESS |  
2019-08-28 05:12:55,704 [pool-37-thread-4] WARN  impl.ChunkManagerImpl (ChunkUtils.java:validateChunkForOverwrite(218)) - Duplicate write chunk request. Chunk overwrite without explicit request. ChunkInfo{chunkName='1566969171313.data.0, offset=0, len=1048576}
2019-08-28 05:12:55,704 [pool-37-thread-4] WARN  impl.ChunkManagerImpl (ChunkManagerImpl.java:writeChunk(111)) - ChunkFile already exists/workdir/hadoop-ozone/integration-test/target/test-dir/MiniOzoneClusterImpl-4723ef1e-8692-44e3-b7af-8e08370d0a87/datanode-1/data/containers/hdds/efed0188-81e2-4769-80c1-8b793c252729/current/containerDir0/2/chunks/1566969171313.data.0.Deleting it.
2019-08-28 05:12:55,708 | INFO  | DNAudit | user=null | ip=null | op=WRITE_CHUNK {blockData=conID: 2 locID: 1566969171313 bcsId: 0} | ret=SUCCESS |  
2019-08-28 05:12:55,713 [pool-81-thread-2] WARN  impl.ChunkManagerImpl (ChunkUtils.java:validateChunkForOverwrite(218)) - Duplicate write chunk request. Chunk overwrite without explicit request. ChunkInfo{chunkName='1566969171313.data.0, offset=0, len=1048576}
2019-08-28 05:12:55,714 [pool-81-thread-2] WARN  impl.ChunkManagerImpl (ChunkManagerImpl.java:writeChunk(111)) - ChunkFile already exists/workdir/hadoop-ozone/integration-test/target/test-dir/MiniOzoneClusterImpl-4723ef1e-8692-44e3-b7af-8e08370d0a87/datanode-5/data/containers/hdds/efed0188-81e2-4769-80c1-8b793c252729/current/containerDir0/2/chunks/1566969171313.data.0.Deleting it.
2019-08-28 05:12:55,714 [pool-48-thread-2] WARN  impl.ChunkManagerImpl (ChunkUtils.java:validateChunkForOverwrite(218)) - Duplicate write chunk request. Chunk overwrite without explicit request. ChunkInfo{chunkName='1566969171313.data.0, offset=0, len=1048576}
2019-08-28 05:12:55,714 [pool-48-thread-2] WARN  impl.ChunkManagerImpl (ChunkManagerImpl.java:writeChunk(111)) - ChunkFile already exists/workdir/hadoop-ozone/integration-test/target/test-dir/MiniOzoneClusterImpl-4723ef1e-8692-44e3-b7af-8e08370d0a87/datanode-2/data/containers/hdds/efed0188-81e2-4769-80c1-8b793c252729/current/containerDir0/2/chunks/1566969171313.data.0.Deleting it.
2019-08-28 05:12:55,716 | INFO  | DNAudit | user=null | ip=null | op=WRITE_CHUNK {blockData=conID: 2 locID: 1566969171313 bcsId: 0} | ret=SUCCESS |  
2019-08-28 05:12:55,717 | INFO  | DNAudit | user=null | ip=null | op=WRITE_CHUNK {blockData=conID: 2 locID: 1566969171313 bcsId: 0} | ret=SUCCESS |  
2019-08-28 05:12:55,767 | INFO  | DNAudit | user=null | ip=null | op=PUT_BLOCK {blockData=[blockId=conID: 2 locID: 1566969171313 bcsId: 0,size=1048576]} | ret=SUCCESS |  
2019-08-28 05:12:55,778 | INFO  | SCMAudit | user=jenkins1000 | ip=192.168.69.75 | op=SEND_HEARTBEAT {datanodeUUID=ba297e0d-e0df-49c1-b52e-45029b64045c, command=[]} | ret=SUCCESS |  
2019-08-28 05:12:55,780 [grpc-default-executor-2] INFO  client.GrpcClientProtocolClient (GrpcClientProtocolClient.java:onNext(255)) - client-DD5B211128C1->aec16b61-a932-482f-ba4d-840006f4b5dd: receive RaftClientReply:client-DD5B211128C1->aec16b61-a932-482f-ba4d-840006f4b5dd@group-290716D7195A, cid=18, SUCCESS, logIndex=3, commits[aec16b61-a932-482f-ba4d-840006f4b5dd:c7, ae8e8294-5617-46d5-901c-129eddf70fd7:c6, 7268c7ee-fdca-41c9-8da0-88044e513289:c6]
2019-08-28 05:12:55,789 | INFO  | DNAudit | user=null | ip=null | op=WRITE_CHUNK {blockData=conID: 2 locID: 1566969171313 bcsId: 0} | ret=SUCCESS |  
2019-08-28 05:12:55,791 [grpc-default-executor-2] INFO  client.GrpcClientProtocolClient (GrpcClientProtocolClient.java:onNext(255)) - client-DD5B211128C1->aec16b61-a932-482f-ba4d-840006f4b5dd: receive RaftClientReply:client-DD5B211128C1->aec16b61-a932-482f-ba4d-840006f4b5dd@group-290716D7195A, cid=19, SUCCESS, logIndex=4, commits[aec16b61-a932-482f-ba4d-840006f4b5dd:c7, ae8e8294-5617-46d5-901c-129eddf70fd7:c6, 7268c7ee-fdca-41c9-8da0-88044e513289:c6]
2019-08-28 05:12:55,820 | INFO  | DNAudit | user=null | ip=null | op=PUT_BLOCK {blockData=[blockId=conID: 2 locID: 1566969171313 bcsId: 0,size=1048576]} | ret=SUCCESS |  
2019-08-28 05:12:55,821 | INFO  | DNAudit | user=null | ip=null | op=WRITE_CHUNK {blockData=conID: 2 locID: 1566969171313 bcsId: 0} | ret=SUCCESS |  
2019-08-28 05:12:55,863 | INFO  | DNAudit | user=null | ip=null | op=PUT_BLOCK {blockData=[blockId=conID: 2 locID: 1566969171313 bcsId: 0,size=1048576]} | ret=SUCCESS |  
2019-08-28 05:12:55,863 | INFO  | DNAudit | user=null | ip=null | op=PUT_BLOCK {blockData=[blockId=conID: 2 locID: 1566969171313 bcsId: 0,size=1048576]} | ret=SUCCESS |  
2019-08-28 05:12:55,863 | INFO  | DNAudit | user=null | ip=null | op=PUT_BLOCK {blockData=[blockId=conID: 2 locID: 1566969171313 bcsId: 0,size=1048576]} | ret=SUCCESS |  
2019-08-28 05:12:55,864 | INFO  | DNAudit | user=null | ip=null | op=WRITE_CHUNK {blockData=conID: 2 locID: 1566969171313 bcsId: 0} | ret=SUCCESS |  
2019-08-28 05:12:55,865 | INFO  | DNAudit | user=null | ip=null | op=PUT_BLOCK {blockData=[blockId=conID: 2 locID: 1566969171313 bcsId: 0,size=1048576]} | ret=SUCCESS |  
2019-08-28 05:12:55,865 [grpc-default-executor-2] INFO  client.GrpcClientProtocolClient (GrpcClientProtocolClient.java:onNext(255)) - client-DD5B211128C1->aec16b61-a932-482f-ba4d-840006f4b5dd: receive RaftClientReply:client-DD5B211128C1->aec16b61-a932-482f-ba4d-840006f4b5dd@group-290716D7195A, cid=20, SUCCESS, logIndex=5, commits[aec16b61-a932-482f-ba4d-840006f4b5dd:c7, ae8e8294-5617-46d5-901c-129eddf70fd7:c6, 7268c7ee-fdca-41c9-8da0-88044e513289:c6]
2019-08-28 05:12:55,867 [main] INFO  datanode.ObjectStoreHandler (ObjectStoreHandler.java:close(155)) - Closing ObjectStoreHandler.
2019-08-28 05:12:55,868 [main] INFO  ozone.HddsDatanodeService (HddsDatanodeService.java:stop(451)) - Stopped plug-in org.apache.hadoop.ozone.web.OzoneHddsDatanodeService@57151b3a
2019-08-28 05:12:55,943 | INFO  | SCMAudit | user=jenkins1000 | ip=192.168.69.75 | op=SEND_HEARTBEAT {datanodeUUID=e256348b-8ae2-4808-9f84-2c73f1df23cc, command=[]} | ret=SUCCESS |  
2019-08-28 05:12:55,990 | INFO  | SCMAudit | user=jenkins1000 | ip=192.168.69.75 | op=SEND_HEARTBEAT {datanodeUUID=47c06382-b996-401c-acee-92913842dd26, command=[]} | ret=SUCCESS |  
2019-08-28 05:12:55,994 | INFO  | SCMAudit | user=jenkins1000 | ip=192.168.69.75 | op=SEND_HEARTBEAT {datanodeUUID=734a4450-ead0-49c3-a8a7-3d6fdcb5c4c2, command=[]} | ret=SUCCESS |  
2019-08-28 05:12:56,665 [Datanode State Machine Thread - 0] INFO  statemachine.DatanodeStateMachine (DatanodeStateMachine.java:lambda$startDaemon$0(350)) - Ozone container server started.
2019-08-28 05:12:56,667 | INFO  | SCMAudit | user=jenkins1000 | ip=192.168.69.75 | op=SEND_HEARTBEAT {datanodeUUID=7268c7ee-fdca-41c9-8da0-88044e513289, command=[]} | ret=SUCCESS |  
2019-08-28 05:12:56,667 | INFO  | SCMAudit | user=jenkins1000 | ip=192.168.69.75 | op=SEND_HEARTBEAT {datanodeUUID=ae8e8294-5617-46d5-901c-129eddf70fd7, command=[]} | ret=SUCCESS |  
2019-08-28 05:12:56,777 | INFO  | SCMAudit | user=jenkins1000 | ip=192.168.69.75 | op=SEND_HEARTBEAT {datanodeUUID=ba297e0d-e0df-49c1-b52e-45029b64045c, command=[]} | ret=SUCCESS |  
2019-08-28 05:12:56,942 | INFO  | SCMAudit | user=jenkins1000 | ip=192.168.69.75 | op=SEND_HEARTBEAT {datanodeUUID=e256348b-8ae2-4808-9f84-2c73f1df23cc, command=[]} | ret=SUCCESS |  
2019-08-28 05:12:56,991 | INFO  | SCMAudit | user=jenkins1000 | ip=192.168.69.75 | op=SEND_HEARTBEAT {datanodeUUID=47c06382-b996-401c-acee-92913842dd26, command=[]} | ret=SUCCESS |  
2019-08-28 05:12:56,995 | INFO  | SCMAudit | user=jenkins1000 | ip=192.168.69.75 | op=SEND_HEARTBEAT {datanodeUUID=734a4450-ead0-49c3-a8a7-3d6fdcb5c4c2, command=[]} | ret=SUCCESS |  
2019-08-28 05:12:57,667 | INFO  | SCMAudit | user=jenkins1000 | ip=192.168.69.75 | op=SEND_HEARTBEAT {datanodeUUID=7268c7ee-fdca-41c9-8da0-88044e513289, command=[]} | ret=SUCCESS |  
2019-08-28 05:12:57,667 | INFO  | SCMAudit | user=jenkins1000 | ip=192.168.69.75 | op=SEND_HEARTBEAT {datanodeUUID=ae8e8294-5617-46d5-901c-129eddf70fd7, command=[]} | ret=SUCCESS |  
2019-08-28 05:12:57,777 | INFO  | SCMAudit | user=jenkins1000 | ip=192.168.69.75 | op=SEND_HEARTBEAT {datanodeUUID=ba297e0d-e0df-49c1-b52e-45029b64045c, command=[]} | ret=SUCCESS |  
2019-08-28 05:12:57,943 | INFO  | SCMAudit | user=jenkins1000 | ip=192.168.69.75 | op=SEND_HEARTBEAT {datanodeUUID=e256348b-8ae2-4808-9f84-2c73f1df23cc, command=[]} | ret=SUCCESS |  
2019-08-28 05:12:57,991 | INFO  | SCMAudit | user=jenkins1000 | ip=192.168.69.75 | op=SEND_HEARTBEAT {datanodeUUID=47c06382-b996-401c-acee-92913842dd26, command=[]} | ret=SUCCESS |  
2019-08-28 05:12:57,995 | INFO  | SCMAudit | user=jenkins1000 | ip=192.168.69.75 | op=SEND_HEARTBEAT {datanodeUUID=734a4450-ead0-49c3-a8a7-3d6fdcb5c4c2, command=[]} | ret=SUCCESS |  
2019-08-28 05:12:58,667 | INFO  | SCMAudit | user=jenkins1000 | ip=192.168.69.75 | op=SEND_HEARTBEAT {datanodeUUID=7268c7ee-fdca-41c9-8da0-88044e513289, command=[]} | ret=SUCCESS |  
2019-08-28 05:12:58,667 | INFO  | SCMAudit | user=jenkins1000 | ip=192.168.69.75 | op=SEND_HEARTBEAT {datanodeUUID=ae8e8294-5617-46d5-901c-129eddf70fd7, command=[]} | ret=SUCCESS |  
2019-08-28 05:12:58,760 [EventQueue-StaleNodeForStaleNodeHandler] INFO  node.StaleNodeHandler (StaleNodeHandler.java:onMessage(58)) - Datanode aec16b61-a932-482f-ba4d-840006f4b5dd{ip: 192.168.69.75, host: pr-hdds-2014-rr4xc-1992234301, networkLocation: /default-rack, certSerialId: null} moved to stale state. Finalizing its pipelines [PipelineID=b6aa55ab-22ac-4f2b-b0dc-164dc71a2349, PipelineID=ff58f251-6ee0-4040-b458-290716d7195a]
2019-08-28 05:12:58,761 [EventQueue-StaleNodeForStaleNodeHandler] INFO  pipeline.SCMPipelineManager (SCMPipelineManager.java:finalizeAndDestroyPipeline(309)) - destroying pipeline:Pipeline[ Id: b6aa55ab-22ac-4f2b-b0dc-164dc71a2349, Nodes: aec16b61-a932-482f-ba4d-840006f4b5dd{ip: 192.168.69.75, host: pr-hdds-2014-rr4xc-1992234301, networkLocation: /default-rack, certSerialId: null}, Type:RATIS, Factor:ONE, State:OPEN]
2019-08-28 05:12:58,762 [EventQueue-StaleNodeForStaleNodeHandler] INFO  pipeline.PipelineStateManager (PipelineStateManager.java:finalizePipeline(123)) - Pipeline Pipeline[ Id: b6aa55ab-22ac-4f2b-b0dc-164dc71a2349, Nodes: aec16b61-a932-482f-ba4d-840006f4b5dd{ip: 192.168.69.75, host: pr-hdds-2014-rr4xc-1992234301, networkLocation: /default-rack, certSerialId: null}, Type:RATIS, Factor:ONE, State:CLOSED] moved to CLOSED state
2019-08-28 05:12:58,763 [EventQueue-StaleNodeForStaleNodeHandler] INFO  pipeline.SCMPipelineManager (SCMPipelineManager.java:finalizeAndDestroyPipeline(309)) - destroying pipeline:Pipeline[ Id: ff58f251-6ee0-4040-b458-290716d7195a, Nodes: aec16b61-a932-482f-ba4d-840006f4b5dd{ip: 192.168.69.75, host: pr-hdds-2014-rr4xc-1992234301, networkLocation: /default-rack, certSerialId: null}7268c7ee-fdca-41c9-8da0-88044e513289{ip: 192.168.69.75, host: pr-hdds-2014-rr4xc-1992234301, networkLocation: /default-rack, certSerialId: null}ae8e8294-5617-46d5-901c-129eddf70fd7{ip: 192.168.69.75, host: pr-hdds-2014-rr4xc-1992234301, networkLocation: /default-rack, certSerialId: null}, Type:RATIS, Factor:THREE, State:OPEN]
2019-08-28 05:12:58,764 [EventQueue-StaleNodeForStaleNodeHandler] INFO  pipeline.PipelineStateManager (PipelineStateManager.java:finalizePipeline(123)) - Pipeline Pipeline[ Id: ff58f251-6ee0-4040-b458-290716d7195a, Nodes: aec16b61-a932-482f-ba4d-840006f4b5dd{ip: 192.168.69.75, host: pr-hdds-2014-rr4xc-1992234301, networkLocation: /default-rack, certSerialId: null}7268c7ee-fdca-41c9-8da0-88044e513289{ip: 192.168.69.75, host: pr-hdds-2014-rr4xc-1992234301, networkLocation: /default-rack, certSerialId: null}ae8e8294-5617-46d5-901c-129eddf70fd7{ip: 192.168.69.75, host: pr-hdds-2014-rr4xc-1992234301, networkLocation: /default-rack, certSerialId: null}, Type:RATIS, Factor:THREE, State:CLOSED] moved to CLOSED state
2019-08-28 05:12:58,764 [EventQueue-CloseContainerForCloseContainerEventHandler] INFO  container.CloseContainerEventHandler (CloseContainerEventHandler.java:onMessage(61)) - Close container Event triggered for container : #2
2019-08-28 05:12:58,777 | INFO  | SCMAudit | user=jenkins1000 | ip=192.168.69.75 | op=SEND_HEARTBEAT {datanodeUUID=ba297e0d-e0df-49c1-b52e-45029b64045c, command=[]} | ret=SUCCESS |  
2019-08-28 05:12:58,943 | INFO  | SCMAudit | user=jenkins1000 | ip=192.168.69.75 | op=SEND_HEARTBEAT {datanodeUUID=e256348b-8ae2-4808-9f84-2c73f1df23cc, command=[]} | ret=SUCCESS |  
2019-08-28 05:12:58,992 | INFO  | SCMAudit | user=jenkins1000 | ip=192.168.69.75 | op=SEND_HEARTBEAT {datanodeUUID=47c06382-b996-401c-acee-92913842dd26, command=[]} | ret=SUCCESS |  
2019-08-28 05:12:58,994 | INFO  | SCMAudit | user=jenkins1000 | ip=192.168.69.75 | op=SEND_HEARTBEAT {datanodeUUID=734a4450-ead0-49c3-a8a7-3d6fdcb5c4c2, command=[]} | ret=SUCCESS |  
2019-08-28 05:12:59,695 | INFO  | SCMAudit | user=jenkins1000 | ip=192.168.69.75 | op=SEND_HEARTBEAT {datanodeUUID=7268c7ee-fdca-41c9-8da0-88044e513289, command=[commandType: closeContainerCommand closeContainerCommandProto { containerID: 2 pipelineID { id: "ff58f251-6ee0-4040-b458-290716d7195a" } cmdId: 2 force: false } ]} | ret=SUCCESS |  
2019-08-28 05:12:59,695 | INFO  | SCMAudit | user=jenkins1000 | ip=192.168.69.75 | op=SEND_HEARTBEAT {datanodeUUID=ae8e8294-5617-46d5-901c-129eddf70fd7, command=[commandType: closeContainerCommand closeContainerCommandProto { containerID: 2 pipelineID { id: "ff58f251-6ee0-4040-b458-290716d7195a" } cmdId: 2 force: false } ]} | ret=SUCCESS |  
2019-08-28 05:12:59,777 | INFO  | SCMAudit | user=jenkins1000 | ip=192.168.69.75 | op=SEND_HEARTBEAT {datanodeUUID=ba297e0d-e0df-49c1-b52e-45029b64045c, command=[]} | ret=SUCCESS |  
2019-08-28 05:12:59,943 | INFO  | SCMAudit | user=jenkins1000 | ip=192.168.69.75 | op=SEND_HEARTBEAT {datanodeUUID=e256348b-8ae2-4808-9f84-2c73f1df23cc, command=[]} | ret=SUCCESS |  
2019-08-28 05:12:59,992 | INFO  | SCMAudit | user=jenkins1000 | ip=192.168.69.75 | op=SEND_HEARTBEAT {datanodeUUID=47c06382-b996-401c-acee-92913842dd26, command=[]} | ret=SUCCESS |  
2019-08-28 05:12:59,995 | INFO  | SCMAudit | user=jenkins1000 | ip=192.168.69.75 | op=SEND_HEARTBEAT {datanodeUUID=734a4450-ead0-49c3-a8a7-3d6fdcb5c4c2, command=[]} | ret=SUCCESS |  
2019-08-28 05:13:00,667 | INFO  | SCMAudit | user=jenkins1000 | ip=192.168.69.75 | op=SEND_HEARTBEAT {datanodeUUID=7268c7ee-fdca-41c9-8da0-88044e513289, command=[]} | ret=SUCCESS |  
2019-08-28 05:13:00,668 | INFO  | SCMAudit | user=jenkins1000 | ip=192.168.69.75 | op=SEND_HEARTBEAT {datanodeUUID=ae8e8294-5617-46d5-901c-129eddf70fd7, command=[]} | ret=SUCCESS |  
2019-08-28 05:13:00,776 | INFO  | SCMAudit | user=jenkins1000 | ip=192.168.69.75 | op=SEND_HEARTBEAT {datanodeUUID=ba297e0d-e0df-49c1-b52e-45029b64045c, command=[]} | ret=SUCCESS |  
2019-08-28 05:13:00,869 [main] INFO  ozoneimpl.OzoneContainer (OzoneContainer.java:stop(199)) - Attempting to stop container services.
2019-08-28 05:13:00,871 [main] INFO  impl.RaftServerProxy (RaftServerProxy.java:lambda$close$4(314)) - aec16b61-a932-482f-ba4d-840006f4b5dd: close
2019-08-28 05:13:00,873 [main] INFO  impl.RaftServerImpl (RaftServerImpl.java:lambda$shutdown$3(245)) - aec16b61-a932-482f-ba4d-840006f4b5dd: shutdown group-164DC71A2349
2019-08-28 05:13:00,873 [ForkJoinPool.commonPool-worker-0] INFO  impl.RaftServerImpl (RaftServerImpl.java:lambda$shutdown$3(245)) - aec16b61-a932-482f-ba4d-840006f4b5dd: shutdown group-290716D7195A
2019-08-28 05:13:00,873 [main] INFO  util.JmxRegister (JmxRegister.java:unregister(73)) - Successfully un-registered JMX Bean with object name Ratis:service=RaftServer,group=group-164DC71A2349,id=aec16b61-a932-482f-ba4d-840006f4b5dd
2019-08-28 05:13:00,874 [ForkJoinPool.commonPool-worker-0] INFO  util.JmxRegister (JmxRegister.java:unregister(73)) - Successfully un-registered JMX Bean with object name Ratis:service=RaftServer,group=group-290716D7195A,id=aec16b61-a932-482f-ba4d-840006f4b5dd
2019-08-28 05:13:00,874 [main] INFO  impl.RoleInfo (RoleInfo.java:shutdownLeaderState(104)) - aec16b61-a932-482f-ba4d-840006f4b5dd: shutdown LeaderState
2019-08-28 05:13:00,874 [ForkJoinPool.commonPool-worker-0] INFO  impl.RoleInfo (RoleInfo.java:shutdownLeaderState(104)) - aec16b61-a932-482f-ba4d-840006f4b5dd: shutdown LeaderState
2019-08-28 05:13:00,875 [main] INFO  impl.PendingRequests (PendingRequests.java:sendNotLeaderResponses(202)) - aec16b61-a932-482f-ba4d-840006f4b5dd-PendingRequests: sendNotLeaderResponses
2019-08-28 05:13:00,890 [org.apache.ratis.server.impl.LogAppender$AppenderDaemon$$Lambda$440/1124410596@14bc4dd0] WARN  server.GrpcLogAppender (GrpcLogAppender.java:mayWait(143)) - GrpcLogAppender(aec16b61-a932-482f-ba4d-840006f4b5dd->ae8e8294-5617-46d5-901c-129eddf70fd7): Wait interrupted by java.lang.InterruptedException
2019-08-28 05:13:00,881 [ForkJoinPool.commonPool-worker-0] INFO  impl.PendingRequests (PendingRequests.java:sendNotLeaderResponses(202)) - aec16b61-a932-482f-ba4d-840006f4b5dd-PendingRequests: sendNotLeaderResponses
2019-08-28 05:13:00,890 [org.apache.ratis.server.impl.LogAppender$AppenderDaemon$$Lambda$440/1124410596@51bed123] WARN  server.GrpcLogAppender (GrpcLogAppender.java:mayWait(143)) - GrpcLogAppender(aec16b61-a932-482f-ba4d-840006f4b5dd->7268c7ee-fdca-41c9-8da0-88044e513289): Wait interrupted by java.lang.InterruptedException
2019-08-28 05:13:00,900 [grpc-default-executor-2] INFO  server.GrpcServerProtocolService (GrpcServerProtocolService.java:onCompleted(104)) - 7268c7ee-fdca-41c9-8da0-88044e513289: appendEntries completed
2019-08-28 05:13:00,900 [grpc-default-executor-1] INFO  server.GrpcServerProtocolService (GrpcServerProtocolService.java:onCompleted(104)) - ae8e8294-5617-46d5-901c-129eddf70fd7: appendEntries completed
2019-08-28 05:13:00,903 [main] INFO  impl.StateMachineUpdater (StateMachineUpdater.java:stopAndJoin(115)) - StateMachineUpdater:aec16b61-a932-482f-ba4d-840006f4b5dd:group-164DC71A2349: set stopIndex = 0
2019-08-28 05:13:00,905 [grpc-default-executor-1] INFO  server.GrpcLogAppender (GrpcLogAppender.java:onCompleted(292)) - aec16b61-a932-482f-ba4d-840006f4b5dd->7268c7ee-fdca-41c9-8da0-88044e513289: follower responses appendEntries COMPLETED
2019-08-28 05:13:00,908 [grpc-default-executor-2] INFO  server.GrpcLogAppender (GrpcLogAppender.java:onCompleted(292)) - aec16b61-a932-482f-ba4d-840006f4b5dd->ae8e8294-5617-46d5-901c-129eddf70fd7: follower responses appendEntries COMPLETED
2019-08-28 05:13:00,905 [main] INFO  impl.RaftServerImpl (ServerState.java:close(394)) - aec16b61-a932-482f-ba4d-840006f4b5dd:group-164DC71A2349 closes. The last applied log index is 0
2019-08-28 05:13:00,916 [ForkJoinPool.commonPool-worker-0] INFO  impl.StateMachineUpdater (StateMachineUpdater.java:stopAndJoin(115)) - StateMachineUpdater:aec16b61-a932-482f-ba4d-840006f4b5dd:group-290716D7195A: set stopIndex = 7
2019-08-28 05:13:00,919 [grpc-default-executor-2] INFO  impl.FollowerInfo (FollowerInfo.java:lambda$new$0(50)) - aec16b61-a932-482f-ba4d-840006f4b5dd->ae8e8294-5617-46d5-901c-129eddf70fd7: nextIndex: updateUnconditionally 8 -> 7
2019-08-28 05:13:00,921 [StateMachineUpdater:aec16b61-a932-482f-ba4d-840006f4b5dd:group-290716D7195A] INFO  ratis.ContainerStateMachine (ContainerStateMachine.java:takeSnapshot(283)) - group-290716D7195A: Taking a snapshot at:(t:2, i:7) file /workdir/hadoop-ozone/integration-test/target/test-dir/MiniOzoneClusterImpl-4723ef1e-8692-44e3-b7af-8e08370d0a87/datanode-1/data/ratis/ff58f251-6ee0-4040-b458-290716d7195a/sm/snapshot.2_7
2019-08-28 05:13:00,919 [grpc-default-executor-1] INFO  impl.FollowerInfo (FollowerInfo.java:lambda$new$0(50)) - aec16b61-a932-482f-ba4d-840006f4b5dd->7268c7ee-fdca-41c9-8da0-88044e513289: nextIndex: updateUnconditionally 8 -> 7
2019-08-28 05:13:00,924 [aec16b61-a932-482f-ba4d-840006f4b5dd-SegmentedRaftLogWorker:Storage Directory /workdir/hadoop-ozone/integration-test/target/test-dir/MiniOzoneClusterImpl-4723ef1e-8692-44e3-b7af-8e08370d0a87/datanode-1/data/ratis/b6aa55ab-22ac-4f2b-b0dc-164dc71a2349] INFO  segmented.SegmentedRaftLogWorker (SegmentedRaftLogWorker.java:run(313)) - aec16b61-a932-482f-ba4d-840006f4b5dd-SegmentedRaftLogWorker:Storage Directory /workdir/hadoop-ozone/integration-test/target/test-dir/MiniOzoneClusterImpl-4723ef1e-8692-44e3-b7af-8e08370d0a87/datanode-1/data/ratis/b6aa55ab-22ac-4f2b-b0dc-164dc71a2349 was interrupted, exiting. There are 0 tasks remaining in the queue.
2019-08-28 05:13:00,926 [main] INFO  segmented.SegmentedRaftLogWorker (SegmentedRaftLogWorker.java:close(228)) - aec16b61-a932-482f-ba4d-840006f4b5dd-SegmentedRaftLogWorker:Storage Directory /workdir/hadoop-ozone/integration-test/target/test-dir/MiniOzoneClusterImpl-4723ef1e-8692-44e3-b7af-8e08370d0a87/datanode-1/data/ratis/b6aa55ab-22ac-4f2b-b0dc-164dc71a2349 close()
2019-08-28 05:13:00,943 | INFO  | SCMAudit | user=jenkins1000 | ip=192.168.69.75 | op=SEND_HEARTBEAT {datanodeUUID=e256348b-8ae2-4808-9f84-2c73f1df23cc, command=[]} | ret=SUCCESS |  
2019-08-28 05:13:00,957 [StateMachineUpdater:aec16b61-a932-482f-ba4d-840006f4b5dd:group-290716D7195A] INFO  ratis.ContainerStateMachine (ContainerStateMachine.java:takeSnapshot(294)) - group-290716D7195A: Finished taking a snapshot at:(t:2, i:7) file:/workdir/hadoop-ozone/integration-test/target/test-dir/MiniOzoneClusterImpl-4723ef1e-8692-44e3-b7af-8e08370d0a87/datanode-1/data/ratis/ff58f251-6ee0-4040-b458-290716d7195a/sm/snapshot.2_7 time:38
2019-08-28 05:13:00,957 [StateMachineUpdater:aec16b61-a932-482f-ba4d-840006f4b5dd:group-290716D7195A] INFO  impl.StateMachineUpdater (StateMachineUpdater.java:takeSnapshot(242)) - StateMachineUpdater:aec16b61-a932-482f-ba4d-840006f4b5dd:group-290716D7195A: Took a snapshot at index 7
2019-08-28 05:13:00,957 [StateMachineUpdater:aec16b61-a932-482f-ba4d-840006f4b5dd:group-290716D7195A] INFO  impl.StateMachineUpdater (StateMachineUpdater.java:lambda$new$0(80)) - StateMachineUpdater:aec16b61-a932-482f-ba4d-840006f4b5dd:group-290716D7195A: snapshotIndex: updateIncreasingly -1 -> 7
2019-08-28 05:13:00,963 [ForkJoinPool.commonPool-worker-0] INFO  impl.RaftServerImpl (ServerState.java:close(394)) - aec16b61-a932-482f-ba4d-840006f4b5dd:group-290716D7195A closes. The last applied log index is 7
2019-08-28 05:13:00,963 [aec16b61-a932-482f-ba4d-840006f4b5dd-SegmentedRaftLogWorker:Storage Directory /workdir/hadoop-ozone/integration-test/target/test-dir/MiniOzoneClusterImpl-4723ef1e-8692-44e3-b7af-8e08370d0a87/datanode-1/data/ratis/ff58f251-6ee0-4040-b458-290716d7195a] INFO  segmented.SegmentedRaftLogWorker (SegmentedRaftLogWorker.java:run(313)) - aec16b61-a932-482f-ba4d-840006f4b5dd-SegmentedRaftLogWorker:Storage Directory /workdir/hadoop-ozone/integration-test/target/test-dir/MiniOzoneClusterImpl-4723ef1e-8692-44e3-b7af-8e08370d0a87/datanode-1/data/ratis/ff58f251-6ee0-4040-b458-290716d7195a was interrupted, exiting. There are 0 tasks remaining in the queue.
2019-08-28 05:13:00,966 [ForkJoinPool.commonPool-worker-0] INFO  segmented.SegmentedRaftLogWorker (SegmentedRaftLogWorker.java:close(228)) - aec16b61-a932-482f-ba4d-840006f4b5dd-SegmentedRaftLogWorker:Storage Directory /workdir/hadoop-ozone/integration-test/target/test-dir/MiniOzoneClusterImpl-4723ef1e-8692-44e3-b7af-8e08370d0a87/datanode-1/data/ratis/ff58f251-6ee0-4040-b458-290716d7195a close()
2019-08-28 05:13:00,971 [main] INFO  server.GrpcService (GrpcService.java:closeImpl(155)) - aec16b61-a932-482f-ba4d-840006f4b5dd: shutdown server with port 32940 now
2019-08-28 05:13:00,974 [main] INFO  server.GrpcService (GrpcService.java:closeImpl(163)) - aec16b61-a932-482f-ba4d-840006f4b5dd: shutdown server with port 32940 successfully
2019-08-28 05:13:00,976 [main] INFO  utils.BackgroundService (BackgroundService.java:shutdown(148)) - Shutting down service BlockDeletingService
2019-08-28 05:13:00,977 [refreshUsed-/workdir/hadoop-ozone/integration-test/target/test-dir/MiniOzoneClusterImpl-4723ef1e-8692-44e3-b7af-8e08370d0a87/datanode-1/data/containers] WARN  fs.CachingGetSpaceUsed (CachingGetSpaceUsed.java:run(183)) - Thread Interrupted waiting to refresh disk information: sleep interrupted
2019-08-28 05:13:00,992 | INFO  | SCMAudit | user=jenkins1000 | ip=192.168.69.75 | op=SEND_HEARTBEAT {datanodeUUID=47c06382-b996-401c-acee-92913842dd26, command=[]} | ret=SUCCESS |  
2019-08-28 05:13:01,000 [main] INFO  statemachine.DatanodeStateMachine (DatanodeStateMachine.java:stopDaemon(395)) - Ozone container server stopped.
2019-08-28 05:13:01,000 | INFO  | SCMAudit | user=jenkins1000 | ip=192.168.69.75 | op=SEND_HEARTBEAT {datanodeUUID=734a4450-ead0-49c3-a8a7-3d6fdcb5c4c2, command=[]} | ret=SUCCESS |  
2019-08-28 05:13:01,004 [main] INFO  handler.ContextHandler (ContextHandler.java:doStop(910)) - Stopped o.e.j.w.WebAppContext@697a0948{/,null,UNAVAILABLE}{/hddsDatanode}
2019-08-28 05:13:01,009 [main] INFO  server.AbstractConnector (AbstractConnector.java:doStop(318)) - Stopped ServerConnector@7cf63b9a{HTTP/1.1,[http/1.1]}{0.0.0.0:0}
2019-08-28 05:13:01,009 [main] INFO  handler.ContextHandler (ContextHandler.java:doStop(910)) - Stopped o.e.j.s.ServletContextHandler@31834a2b{/static,jar:file:/home/user/.m2/repository/org/apache/hadoop/hadoop-hdds-container-service/0.5.0-SNAPSHOT/hadoop-hdds-container-service-0.5.0-SNAPSHOT.jar!/webapps/static,UNAVAILABLE}
2019-08-28 05:13:01,010 [main] INFO  handler.ContextHandler (ContextHandler.java:doStop(910)) - Stopped o.e.j.s.ServletContextHandler@2f3928ac{/logs,file:///workdir/hadoop-ozone/integration-test/target/log,UNAVAILABLE}
2019-08-28 05:13:01,011 [main] INFO  datanode.ObjectStoreHandler (ObjectStoreHandler.java:close(155)) - Closing ObjectStoreHandler.
2019-08-28 05:13:01,012 [main] INFO  ozone.HddsDatanodeService (HddsDatanodeService.java:stop(451)) - Stopped plug-in org.apache.hadoop.ozone.web.OzoneHddsDatanodeService@5cd8d029
2019-08-28 05:13:01,665 [Datanode State Machine Thread - 0] INFO  statemachine.DatanodeStateMachine (DatanodeStateMachine.java:lambda$startDaemon$0(350)) - Ozone container server started.
2019-08-28 05:13:01,670 | INFO  | SCMAudit | user=jenkins1000 | ip=192.168.69.75 | op=SEND_HEARTBEAT {datanodeUUID=ae8e8294-5617-46d5-901c-129eddf70fd7, command=[]} | ret=SUCCESS |  
2019-08-28 05:13:01,707 | INFO  | SCMAudit | user=jenkins1000 | ip=192.168.69.75 | op=SEND_HEARTBEAT {datanodeUUID=ae8e8294-5617-46d5-901c-129eddf70fd7, command=[]} | ret=SUCCESS |  
2019-08-28 05:13:01,776 | INFO  | SCMAudit | user=jenkins1000 | ip=192.168.69.75 | op=SEND_HEARTBEAT {datanodeUUID=ba297e0d-e0df-49c1-b52e-45029b64045c, command=[]} | ret=SUCCESS |  
2019-08-28 05:13:01,943 | INFO  | SCMAudit | user=jenkins1000 | ip=192.168.69.75 | op=SEND_HEARTBEAT {datanodeUUID=e256348b-8ae2-4808-9f84-2c73f1df23cc, command=[]} | ret=SUCCESS |  
2019-08-28 05:13:01,992 | INFO  | SCMAudit | user=jenkins1000 | ip=192.168.69.75 | op=SEND_HEARTBEAT {datanodeUUID=47c06382-b996-401c-acee-92913842dd26, command=[]} | ret=SUCCESS |  
2019-08-28 05:13:02,001 | INFO  | SCMAudit | user=jenkins1000 | ip=192.168.69.75 | op=SEND_HEARTBEAT {datanodeUUID=734a4450-ead0-49c3-a8a7-3d6fdcb5c4c2, command=[]} | ret=SUCCESS |  
2019-08-28 05:13:02,707 | INFO  | SCMAudit | user=jenkins1000 | ip=192.168.69.75 | op=SEND_HEARTBEAT {datanodeUUID=ae8e8294-5617-46d5-901c-129eddf70fd7, command=[]} | ret=SUCCESS |  
2019-08-28 05:13:02,777 | INFO  | SCMAudit | user=jenkins1000 | ip=192.168.69.75 | op=SEND_HEARTBEAT {datanodeUUID=ba297e0d-e0df-49c1-b52e-45029b64045c, command=[]} | ret=SUCCESS |  
2019-08-28 05:13:02,952 | INFO  | SCMAudit | user=jenkins1000 | ip=192.168.69.75 | op=SEND_HEARTBEAT {datanodeUUID=e256348b-8ae2-4808-9f84-2c73f1df23cc, command=[]} | ret=SUCCESS |  
2019-08-28 05:13:02,992 | INFO  | SCMAudit | user=jenkins1000 | ip=192.168.69.75 | op=SEND_HEARTBEAT {datanodeUUID=47c06382-b996-401c-acee-92913842dd26, command=[]} | ret=SUCCESS |  
2019-08-28 05:13:02,999 | INFO  | SCMAudit | user=jenkins1000 | ip=192.168.69.75 | op=SEND_HEARTBEAT {datanodeUUID=734a4450-ead0-49c3-a8a7-3d6fdcb5c4c2, command=[]} | ret=SUCCESS |  
2019-08-28 05:13:03,674 [EventQueue-StaleNodeForStaleNodeHandler] INFO  node.StaleNodeHandler (StaleNodeHandler.java:onMessage(58)) - Datanode 7268c7ee-fdca-41c9-8da0-88044e513289{ip: 192.168.69.75, host: pr-hdds-2014-rr4xc-1992234301, networkLocation: /default-rack, certSerialId: null} moved to stale state. Finalizing its pipelines [PipelineID=ff58f251-6ee0-4040-b458-290716d7195a, PipelineID=1cee7228-5769-4721-9c68-e6891de49305]
2019-08-28 05:13:03,675 [EventQueue-StaleNodeForStaleNodeHandler] INFO  pipeline.SCMPipelineManager (SCMPipelineManager.java:finalizeAndDestroyPipeline(309)) - destroying pipeline:Pipeline[ Id: ff58f251-6ee0-4040-b458-290716d7195a, Nodes: aec16b61-a932-482f-ba4d-840006f4b5dd{ip: 192.168.69.75, host: pr-hdds-2014-rr4xc-1992234301, networkLocation: /default-rack, certSerialId: null}7268c7ee-fdca-41c9-8da0-88044e513289{ip: 192.168.69.75, host: pr-hdds-2014-rr4xc-1992234301, networkLocation: /default-rack, certSerialId: null}ae8e8294-5617-46d5-901c-129eddf70fd7{ip: 192.168.69.75, host: pr-hdds-2014-rr4xc-1992234301, networkLocation: /default-rack, certSerialId: null}, Type:RATIS, Factor:THREE, State:CLOSED]
2019-08-28 05:13:03,676 [EventQueue-StaleNodeForStaleNodeHandler] INFO  pipeline.SCMPipelineManager (SCMPipelineManager.java:finalizeAndDestroyPipeline(309)) - destroying pipeline:Pipeline[ Id: 1cee7228-5769-4721-9c68-e6891de49305, Nodes: 7268c7ee-fdca-41c9-8da0-88044e513289{ip: 192.168.69.75, host: pr-hdds-2014-rr4xc-1992234301, networkLocation: /default-rack, certSerialId: null}, Type:RATIS, Factor:ONE, State:OPEN]
2019-08-28 05:13:03,676 [EventQueue-StaleNodeForStaleNodeHandler] INFO  pipeline.PipelineStateManager (PipelineStateManager.java:finalizePipeline(123)) - Pipeline Pipeline[ Id: 1cee7228-5769-4721-9c68-e6891de49305, Nodes: 7268c7ee-fdca-41c9-8da0-88044e513289{ip: 192.168.69.75, host: pr-hdds-2014-rr4xc-1992234301, networkLocation: /default-rack, certSerialId: null}, Type:RATIS, Factor:ONE, State:CLOSED] moved to CLOSED state
2019-08-28 05:13:03,707 | INFO  | SCMAudit | user=jenkins1000 | ip=192.168.69.75 | op=SEND_HEARTBEAT {datanodeUUID=ae8e8294-5617-46d5-901c-129eddf70fd7, command=[]} | ret=SUCCESS |  
2019-08-28 05:13:03,777 | INFO  | SCMAudit | user=jenkins1000 | ip=192.168.69.75 | op=SEND_HEARTBEAT {datanodeUUID=ba297e0d-e0df-49c1-b52e-45029b64045c, command=[]} | ret=SUCCESS |  
2019-08-28 05:13:03,947 | INFO  | SCMAudit | user=jenkins1000 | ip=192.168.69.75 | op=SEND_HEARTBEAT {datanodeUUID=e256348b-8ae2-4808-9f84-2c73f1df23cc, command=[]} | ret=SUCCESS |  
2019-08-28 05:13:03,992 | INFO  | SCMAudit | user=jenkins1000 | ip=192.168.69.75 | op=SEND_HEARTBEAT {datanodeUUID=47c06382-b996-401c-acee-92913842dd26, command=[]} | ret=SUCCESS |  
2019-08-28 05:13:04,000 | INFO  | SCMAudit | user=jenkins1000 | ip=192.168.69.75 | op=SEND_HEARTBEAT {datanodeUUID=734a4450-ead0-49c3-a8a7-3d6fdcb5c4c2, command=[]} | ret=SUCCESS |  
2019-08-28 05:13:04,708 | INFO  | SCMAudit | user=jenkins1000 | ip=192.168.69.75 | op=SEND_HEARTBEAT {datanodeUUID=ae8e8294-5617-46d5-901c-129eddf70fd7, command=[]} | ret=SUCCESS |  
2019-08-28 05:13:04,777 | INFO  | SCMAudit | user=jenkins1000 | ip=192.168.69.75 | op=SEND_HEARTBEAT {datanodeUUID=ba297e0d-e0df-49c1-b52e-45029b64045c, command=[]} | ret=SUCCESS |  
2019-08-28 05:13:04,947 | INFO  | SCMAudit | user=jenkins1000 | ip=192.168.69.75 | op=SEND_HEARTBEAT {datanodeUUID=e256348b-8ae2-4808-9f84-2c73f1df23cc, command=[]} | ret=SUCCESS |  
2019-08-28 05:13:04,992 | INFO  | SCMAudit | user=jenkins1000 | ip=192.168.69.75 | op=SEND_HEARTBEAT {datanodeUUID=47c06382-b996-401c-acee-92913842dd26, command=[]} | ret=SUCCESS |  
2019-08-28 05:13:04,999 | INFO  | SCMAudit | user=jenkins1000 | ip=192.168.69.75 | op=SEND_HEARTBEAT {datanodeUUID=734a4450-ead0-49c3-a8a7-3d6fdcb5c4c2, command=[]} | ret=SUCCESS |  
2019-08-28 05:13:05,708 | INFO  | SCMAudit | user=jenkins1000 | ip=192.168.69.75 | op=SEND_HEARTBEAT {datanodeUUID=ae8e8294-5617-46d5-901c-129eddf70fd7, command=[]} | ret=SUCCESS |  
2019-08-28 05:13:05,776 | INFO  | SCMAudit | user=jenkins1000 | ip=192.168.69.75 | op=SEND_HEARTBEAT {datanodeUUID=ba297e0d-e0df-49c1-b52e-45029b64045c, command=[]} | ret=SUCCESS |  
2019-08-28 05:13:05,946 | INFO  | SCMAudit | user=jenkins1000 | ip=192.168.69.75 | op=SEND_HEARTBEAT {datanodeUUID=e256348b-8ae2-4808-9f84-2c73f1df23cc, command=[]} | ret=SUCCESS |  
2019-08-28 05:13:05,992 | INFO  | SCMAudit | user=jenkins1000 | ip=192.168.69.75 | op=SEND_HEARTBEAT {datanodeUUID=47c06382-b996-401c-acee-92913842dd26, command=[]} | ret=SUCCESS |  
2019-08-28 05:13:06,000 | INFO  | SCMAudit | user=jenkins1000 | ip=192.168.69.75 | op=SEND_HEARTBEAT {datanodeUUID=734a4450-ead0-49c3-a8a7-3d6fdcb5c4c2, command=[]} | ret=SUCCESS |  
2019-08-28 05:13:06,013 [main] INFO  ozoneimpl.OzoneContainer (OzoneContainer.java:stop(199)) - Attempting to stop container services.
2019-08-28 05:13:06,014 [main] INFO  impl.RaftServerProxy (RaftServerProxy.java:lambda$close$4(314)) - 7268c7ee-fdca-41c9-8da0-88044e513289: close
2019-08-28 05:13:06,014 [main] INFO  impl.RaftServerImpl (RaftServerImpl.java:lambda$shutdown$3(245)) - 7268c7ee-fdca-41c9-8da0-88044e513289: shutdown group-290716D7195A
2019-08-28 05:13:06,015 [main] INFO  util.JmxRegister (JmxRegister.java:unregister(73)) - Successfully un-registered JMX Bean with object name Ratis:service=RaftServer,group=group-290716D7195A,id=7268c7ee-fdca-41c9-8da0-88044e513289
2019-08-28 05:13:06,015 [main] INFO  impl.RoleInfo (RoleInfo.java:shutdownFollowerState(121)) - 7268c7ee-fdca-41c9-8da0-88044e513289: shutdown FollowerState
2019-08-28 05:13:06,016 [main] INFO  impl.StateMachineUpdater (StateMachineUpdater.java:stopAndJoin(115)) - StateMachineUpdater:7268c7ee-fdca-41c9-8da0-88044e513289:group-290716D7195A: set stopIndex = 7
2019-08-28 05:13:06,016 [Thread-392] INFO  impl.FollowerState (FollowerState.java:run(114)) - 7268c7ee-fdca-41c9-8da0-88044e513289: FollowerState was interrupted: java.lang.InterruptedException: sleep interrupted
2019-08-28 05:13:06,016 [StateMachineUpdater:7268c7ee-fdca-41c9-8da0-88044e513289:group-290716D7195A] INFO  ratis.ContainerStateMachine (ContainerStateMachine.java:takeSnapshot(283)) - group-290716D7195A: Taking a snapshot at:(t:2, i:6) file /workdir/hadoop-ozone/integration-test/target/test-dir/MiniOzoneClusterImpl-4723ef1e-8692-44e3-b7af-8e08370d0a87/datanode-5/data/ratis/ff58f251-6ee0-4040-b458-290716d7195a/sm/snapshot.2_6
2019-08-28 05:13:06,032 [StateMachineUpdater:7268c7ee-fdca-41c9-8da0-88044e513289:group-290716D7195A] INFO  ratis.ContainerStateMachine (ContainerStateMachine.java:takeSnapshot(294)) - group-290716D7195A: Finished taking a snapshot at:(t:2, i:6) file:/workdir/hadoop-ozone/integration-test/target/test-dir/MiniOzoneClusterImpl-4723ef1e-8692-44e3-b7af-8e08370d0a87/datanode-5/data/ratis/ff58f251-6ee0-4040-b458-290716d7195a/sm/snapshot.2_6 time:16
2019-08-28 05:13:06,032 [StateMachineUpdater:7268c7ee-fdca-41c9-8da0-88044e513289:group-290716D7195A] INFO  impl.StateMachineUpdater (StateMachineUpdater.java:takeSnapshot(242)) - StateMachineUpdater:7268c7ee-fdca-41c9-8da0-88044e513289:group-290716D7195A: Took a snapshot at index 6
2019-08-28 05:13:06,032 [StateMachineUpdater:7268c7ee-fdca-41c9-8da0-88044e513289:group-290716D7195A] INFO  impl.StateMachineUpdater (StateMachineUpdater.java:lambda$new$0(80)) - StateMachineUpdater:7268c7ee-fdca-41c9-8da0-88044e513289:group-290716D7195A: snapshotIndex: updateIncreasingly -1 -> 6
2019-08-28 05:13:06,033 [main] INFO  impl.RaftServerImpl (ServerState.java:close(394)) - 7268c7ee-fdca-41c9-8da0-88044e513289:group-290716D7195A closes. The last applied log index is 7
2019-08-28 05:13:06,033 [7268c7ee-fdca-41c9-8da0-88044e513289-SegmentedRaftLogWorker:Storage Directory /workdir/hadoop-ozone/integration-test/target/test-dir/MiniOzoneClusterImpl-4723ef1e-8692-44e3-b7af-8e08370d0a87/datanode-5/data/ratis/ff58f251-6ee0-4040-b458-290716d7195a] INFO  segmented.SegmentedRaftLogWorker (SegmentedRaftLogWorker.java:run(313)) - 7268c7ee-fdca-41c9-8da0-88044e513289-SegmentedRaftLogWorker:Storage Directory /workdir/hadoop-ozone/integration-test/target/test-dir/MiniOzoneClusterImpl-4723ef1e-8692-44e3-b7af-8e08370d0a87/datanode-5/data/ratis/ff58f251-6ee0-4040-b458-290716d7195a was interrupted, exiting. There are 0 tasks remaining in the queue.
2019-08-28 05:13:06,035 [main] INFO  segmented.SegmentedRaftLogWorker (SegmentedRaftLogWorker.java:close(228)) - 7268c7ee-fdca-41c9-8da0-88044e513289-SegmentedRaftLogWorker:Storage Directory /workdir/hadoop-ozone/integration-test/target/test-dir/MiniOzoneClusterImpl-4723ef1e-8692-44e3-b7af-8e08370d0a87/datanode-5/data/ratis/ff58f251-6ee0-4040-b458-290716d7195a close()
2019-08-28 05:13:06,038 [main] INFO  impl.RaftServerImpl (RaftServerImpl.java:lambda$shutdown$3(245)) - 7268c7ee-fdca-41c9-8da0-88044e513289: shutdown group-E6891DE49305
2019-08-28 05:13:06,038 [main] INFO  util.JmxRegister (JmxRegister.java:unregister(73)) - Successfully un-registered JMX Bean with object name Ratis:service=RaftServer,group=group-E6891DE49305,id=7268c7ee-fdca-41c9-8da0-88044e513289
2019-08-28 05:13:06,038 [main] INFO  impl.RoleInfo (RoleInfo.java:shutdownLeaderState(104)) - 7268c7ee-fdca-41c9-8da0-88044e513289: shutdown LeaderState
2019-08-28 05:13:06,039 [main] INFO  impl.PendingRequests (PendingRequests.java:sendNotLeaderResponses(202)) - 7268c7ee-fdca-41c9-8da0-88044e513289-PendingRequests: sendNotLeaderResponses
2019-08-28 05:13:06,040 [main] INFO  impl.StateMachineUpdater (StateMachineUpdater.java:stopAndJoin(115)) - StateMachineUpdater:7268c7ee-fdca-41c9-8da0-88044e513289:group-E6891DE49305: set stopIndex = 0
2019-08-28 05:13:06,040 [main] INFO  impl.RaftServerImpl (ServerState.java:close(394)) - 7268c7ee-fdca-41c9-8da0-88044e513289:group-E6891DE49305 closes. The last applied log index is 0
2019-08-28 05:13:06,041 [7268c7ee-fdca-41c9-8da0-88044e513289-SegmentedRaftLogWorker:Storage Directory /workdir/hadoop-ozone/integration-test/target/test-dir/MiniOzoneClusterImpl-4723ef1e-8692-44e3-b7af-8e08370d0a87/datanode-5/data/ratis/1cee7228-5769-4721-9c68-e6891de49305] INFO  segmented.SegmentedRaftLogWorker (SegmentedRaftLogWorker.java:run(313)) - 7268c7ee-fdca-41c9-8da0-88044e513289-SegmentedRaftLogWorker:Storage Directory /workdir/hadoop-ozone/integration-test/target/test-dir/MiniOzoneClusterImpl-4723ef1e-8692-44e3-b7af-8e08370d0a87/datanode-5/data/ratis/1cee7228-5769-4721-9c68-e6891de49305 was interrupted, exiting. There are 0 tasks remaining in the queue.
2019-08-28 05:13:06,042 [main] INFO  segmented.SegmentedRaftLogWorker (SegmentedRaftLogWorker.java:close(228)) - 7268c7ee-fdca-41c9-8da0-88044e513289-SegmentedRaftLogWorker:Storage Directory /workdir/hadoop-ozone/integration-test/target/test-dir/MiniOzoneClusterImpl-4723ef1e-8692-44e3-b7af-8e08370d0a87/datanode-5/data/ratis/1cee7228-5769-4721-9c68-e6891de49305 close()
2019-08-28 05:13:06,045 [main] INFO  server.GrpcService (GrpcService.java:closeImpl(155)) - 7268c7ee-fdca-41c9-8da0-88044e513289: shutdown server with port 35191 now
2019-08-28 05:13:06,048 [main] INFO  server.GrpcService (GrpcService.java:closeImpl(163)) - 7268c7ee-fdca-41c9-8da0-88044e513289: shutdown server with port 35191 successfully
2019-08-28 05:13:06,049 [main] INFO  utils.BackgroundService (BackgroundService.java:shutdown(148)) - Shutting down service BlockDeletingService
2019-08-28 05:13:06,050 [refreshUsed-/workdir/hadoop-ozone/integration-test/target/test-dir/MiniOzoneClusterImpl-4723ef1e-8692-44e3-b7af-8e08370d0a87/datanode-5/data/containers] WARN  fs.CachingGetSpaceUsed (CachingGetSpaceUsed.java:run(183)) - Thread Interrupted waiting to refresh disk information: sleep interrupted
2019-08-28 05:13:06,075 [main] INFO  statemachine.DatanodeStateMachine (DatanodeStateMachine.java:stopDaemon(395)) - Ozone container server stopped.
2019-08-28 05:13:06,077 [main] INFO  handler.ContextHandler (ContextHandler.java:doStop(910)) - Stopped o.e.j.w.WebAppContext@274fdea6{/,null,UNAVAILABLE}{/hddsDatanode}
2019-08-28 05:13:06,078 [main] INFO  server.AbstractConnector (AbstractConnector.java:doStop(318)) - Stopped ServerConnector@74c121d4{HTTP/1.1,[http/1.1]}{0.0.0.0:0}
2019-08-28 05:13:06,078 [main] INFO  handler.ContextHandler (ContextHandler.java:doStop(910)) - Stopped o.e.j.s.ServletContextHandler@4f5c30b1{/static,jar:file:/home/user/.m2/repository/org/apache/hadoop/hadoop-hdds-container-service/0.5.0-SNAPSHOT/hadoop-hdds-container-service-0.5.0-SNAPSHOT.jar!/webapps/static,UNAVAILABLE}
2019-08-28 05:13:06,079 [main] INFO  handler.ContextHandler (ContextHandler.java:doStop(910)) - Stopped o.e.j.s.ServletContextHandler@410fc508{/logs,file:///workdir/hadoop-ozone/integration-test/target/log,UNAVAILABLE}
]]></system-out>
  </testcase>
</testsuite>