<?xml version="1.0" encoding="UTF-8"?>
<testsuite xmlns:xsi="http://www.w3.org/2001/XMLSchema-instance" xsi:noNamespaceSchemaLocation="https://maven.apache.org/surefire/maven-surefire-plugin/xsd/surefire-test-report.xsd" name="org.apache.hadoop.ozone.client.rpc.TestBlockOutputStreamWithFailures" time="687.944" tests="8" errors="0" skipped="0" failures="1">
  <properties>
    <property name="awt.toolkit" value="sun.awt.X11.XToolkit"/>
    <property name="file.encoding.pkg" value="sun.io"/>
    <property name="java.specification.version" value="1.8"/>
    <property name="sun.cpu.isalist" value=""/>
    <property name="sun.jnu.encoding" value="UTF-8"/>
    <property name="java.class.path" value="/workdir/hadoop-ozone/integration-test/target/test-classes:/workdir/hadoop-ozone/integration-test/target/classes:/home/user/.m2/repository/org/apache/hadoop/hadoop-ozone-common/0.5.0-SNAPSHOT/hadoop-ozone-common-0.5.0-SNAPSHOT.jar:/home/user/.m2/repository/org/apache/commons/commons-compress/1.4.1/commons-compress-1.4.1.jar:/home/user/.m2/repository/org/tukaani/xz/1.0/xz-1.0.jar:/home/user/.m2/repository/org/apache/hadoop/hadoop-common/3.2.0/hadoop-common-3.2.0.jar:/home/user/.m2/repository/org/apache/hadoop/hadoop-hdfs/3.2.0/hadoop-hdfs-3.2.0.jar:/home/user/.m2/repository/org/apache/hadoop/hadoop-hdfs-client/3.2.0/hadoop-hdfs-client-3.2.0.jar:/home/user/.m2/repository/com/fasterxml/jackson/core/jackson-annotations/2.9.5/jackson-annotations-2.9.5.jar:/home/user/.m2/repository/org/apache/hadoop/hadoop-hdds-common/0.5.0-SNAPSHOT/hadoop-hdds-common-0.5.0-SNAPSHOT.jar:/home/user/.m2/repository/javax/annotation/javax.annotation-api/1.2/javax.annotation-api-1.2.jar:/home/user/.m2/repository/org/apache/ratis/ratis-server/0.4.0-2337318-SNAPSHOT/ratis-server-0.4.0-2337318-SNAPSHOT.jar:/home/user/.m2/repository/org/apache/ratis/ratis-thirdparty-misc/0.2.0/ratis-thirdparty-misc-0.2.0.jar:/home/user/.m2/repository/org/apache/ratis/ratis-proto/0.4.0-2337318-SNAPSHOT/ratis-proto-0.4.0-2337318-SNAPSHOT.jar:/home/user/.m2/repository/org/apache/ratis/ratis-common/0.4.0-2337318-SNAPSHOT/ratis-common-0.4.0-2337318-SNAPSHOT.jar:/home/user/.m2/repository/org/apache/ratis/ratis-client/0.4.0-2337318-SNAPSHOT/ratis-client-0.4.0-2337318-SNAPSHOT.jar:/home/user/.m2/repository/org/apache/ratis/ratis-metrics/0.4.0-2337318-SNAPSHOT/ratis-metrics-0.4.0-2337318-SNAPSHOT.jar:/home/user/.m2/repository/org/apache/ratis/ratis-netty/0.4.0-2337318-SNAPSHOT/ratis-netty-0.4.0-2337318-SNAPSHOT.jar:/home/user/.m2/repository/org/apache/ratis/ratis-grpc/0.4.0-2337318-SNAPSHOT/ratis-grpc-0.4.0-2337318-SNAPSHOT.jar:/home/user/.m2/repository/org/rocksdb/rocksdbjni/6.0.1/rocksdbjni-6.0.1.jar:/home/user/.m2/repository/org/apache/logging/log4j/log4j-api/2.11.0/log4j-api-2.11.0.jar:/home/user/.m2/repository/org/apache/logging/log4j/log4j-core/2.11.0/log4j-core-2.11.0.jar:/home/user/.m2/repository/com/lmax/disruptor/3.4.2/disruptor-3.4.2.jar:/home/user/.m2/repository/org/apache/commons/commons-pool2/2.6.0/commons-pool2-2.6.0.jar:/home/user/.m2/repository/org/bouncycastle/bcpkix-jdk15on/1.60/bcpkix-jdk15on-1.60.jar:/home/user/.m2/repository/commons-validator/commons-validator/1.6/commons-validator-1.6.jar:/home/user/.m2/repository/commons-digester/commons-digester/1.8.1/commons-digester-1.8.1.jar:/home/user/.m2/repository/io/jaegertracing/jaeger-client/0.33.1/jaeger-client-0.33.1.jar:/home/user/.m2/repository/io/jaegertracing/jaeger-thrift/0.33.1/jaeger-thrift-0.33.1.jar:/home/user/.m2/repository/org/apache/thrift/libthrift/0.11.0/libthrift-0.11.0.jar:/home/user/.m2/repository/com/squareup/okhttp3/okhttp/3.9.0/okhttp-3.9.0.jar:/home/user/.m2/repository/com/squareup/okio/okio/1.13.0/okio-1.13.0.jar:/home/user/.m2/repository/io/jaegertracing/jaeger-core/0.33.1/jaeger-core-0.33.1.jar:/home/user/.m2/repository/io/jaegertracing/jaeger-tracerresolver/0.33.1/jaeger-tracerresolver-0.33.1.jar:/home/user/.m2/repository/io/opentracing/contrib/opentracing-tracerresolver/0.1.5/opentracing-tracerresolver-0.1.5.jar:/home/user/.m2/repository/io/opentracing/opentracing-util/0.31.0/opentracing-util-0.31.0.jar:/home/user/.m2/repository/io/opentracing/opentracing-api/0.31.0/opentracing-api-0.31.0.jar:/home/user/.m2/repository/io/opentracing/opentracing-noop/0.31.0/opentracing-noop-0.31.0.jar:/home/user/.m2/repository/org/apache/hadoop/hadoop-hdds-server-framework/0.5.0-SNAPSHOT/hadoop-hdds-server-framework-0.5.0-SNAPSHOT.jar:/home/user/.m2/repository/org/apache/hadoop/hadoop-hdds-container-service/0.5.0-SNAPSHOT/hadoop-hdds-container-service-0.5.0-SNAPSHOT.jar:/home/user/.m2/repository/org/apache/hadoop/hadoop-hdds-client/0.5.0-SNAPSHOT/hadoop-hdds-client-0.5.0-SNAPSHOT.jar:/home/user/.m2/repository/org/apache/hadoop/hadoop-hdds-tools/0.5.0-SNAPSHOT/hadoop-hdds-tools-0.5.0-SNAPSHOT.jar:/home/user/.m2/repository/org/apache/hadoop/hadoop-hdds-server-scm/0.5.0-SNAPSHOT/hadoop-hdds-server-scm-0.5.0-SNAPSHOT.jar:/home/user/.m2/repository/org/apache/hadoop/hadoop-hdds-docs/0.5.0-SNAPSHOT/hadoop-hdds-docs-0.5.0-SNAPSHOT.jar:/home/user/.m2/repository/io/dropwizard/metrics/metrics-core/3.2.4/metrics-core-3.2.4.jar:/home/user/.m2/repository/org/hamcrest/hamcrest-all/1.3/hamcrest-all-1.3.jar:/home/user/.m2/repository/org/bouncycastle/bcprov-jdk15on/1.60/bcprov-jdk15on-1.60.jar:/home/user/.m2/repository/info/picocli/picocli/3.9.6/picocli-3.9.6.jar:/home/user/.m2/repository/com/google/protobuf/protobuf-java/2.5.0/protobuf-java-2.5.0.jar:/home/user/.m2/repository/com/google/guava/guava/11.0.2/guava-11.0.2.jar:/home/user/.m2/repository/org/apache/hadoop/hadoop-ozone-ozone-manager/0.5.0-SNAPSHOT/hadoop-ozone-ozone-manager-0.5.0-SNAPSHOT.jar:/home/user/.m2/repository/org/apache/hadoop/hadoop-minikdc/3.2.0/hadoop-minikdc-3.2.0.jar:/home/user/.m2/repository/commons-io/commons-io/2.5/commons-io-2.5.jar:/home/user/.m2/repository/org/apache/kerby/kerb-simplekdc/1.0.1/kerb-simplekdc-1.0.1.jar:/home/user/.m2/repository/org/apache/kerby/kerb-client/1.0.1/kerb-client-1.0.1.jar:/home/user/.m2/repository/org/apache/kerby/kerby-config/1.0.1/kerby-config-1.0.1.jar:/home/user/.m2/repository/org/apache/kerby/kerb-core/1.0.1/kerb-core-1.0.1.jar:/home/user/.m2/repository/org/apache/kerby/kerby-pkix/1.0.1/kerby-pkix-1.0.1.jar:/home/user/.m2/repository/org/apache/kerby/kerby-asn1/1.0.1/kerby-asn1-1.0.1.jar:/home/user/.m2/repository/org/apache/kerby/kerby-util/1.0.1/kerby-util-1.0.1.jar:/home/user/.m2/repository/org/apache/kerby/kerb-common/1.0.1/kerb-common-1.0.1.jar:/home/user/.m2/repository/org/apache/kerby/kerb-crypto/1.0.1/kerb-crypto-1.0.1.jar:/home/user/.m2/repository/org/apache/kerby/kerb-util/1.0.1/kerb-util-1.0.1.jar:/home/user/.m2/repository/org/apache/kerby/token-provider/1.0.1/token-provider-1.0.1.jar:/home/user/.m2/repository/org/apache/kerby/kerb-admin/1.0.1/kerb-admin-1.0.1.jar:/home/user/.m2/repository/org/apache/kerby/kerb-server/1.0.1/kerb-server-1.0.1.jar:/home/user/.m2/repository/org/apache/kerby/kerb-identity/1.0.1/kerb-identity-1.0.1.jar:/home/user/.m2/repository/org/apache/kerby/kerby-xdr/1.0.1/kerby-xdr-1.0.1.jar:/home/user/.m2/repository/org/slf4j/slf4j-log4j12/1.7.25/slf4j-log4j12-1.7.25.jar:/home/user/.m2/repository/org/apache/hadoop/hadoop-ozone-s3gateway/0.5.0-SNAPSHOT/hadoop-ozone-s3gateway-0.5.0-SNAPSHOT.jar:/home/user/.m2/repository/org/jboss/weld/servlet/weld-servlet/2.4.7.Final/weld-servlet-2.4.7.Final.jar:/home/user/.m2/repository/org/glassfish/jersey/containers/jersey-container-servlet-core/2.27/jersey-container-servlet-core-2.27.jar:/home/user/.m2/repository/org/glassfish/hk2/external/javax.inject/2.5.0-b42/javax.inject-2.5.0-b42.jar:/home/user/.m2/repository/org/glassfish/jersey/core/jersey-common/2.27/jersey-common-2.27.jar:/home/user/.m2/repository/org/glassfish/hk2/osgi-resource-locator/1.0.1/osgi-resource-locator-1.0.1.jar:/home/user/.m2/repository/javax/ws/rs/javax.ws.rs-api/2.1/javax.ws.rs-api-2.1.jar:/home/user/.m2/repository/org/glassfish/jersey/ext/cdi/jersey-cdi1x/2.27/jersey-cdi1x-2.27.jar:/home/user/.m2/repository/org/glassfish/jersey/inject/jersey-hk2/2.27/jersey-hk2-2.27.jar:/home/user/.m2/repository/org/glassfish/hk2/hk2-locator/2.5.0-b42/hk2-locator-2.5.0-b42.jar:/home/user/.m2/repository/org/javassist/javassist/3.22.0-CR2/javassist-3.22.0-CR2.jar:/home/user/.m2/repository/org/glassfish/hk2/hk2-api/2.5.0/hk2-api-2.5.0.jar:/home/user/.m2/repository/org/glassfish/hk2/external/jakarta.inject/2.5.0/jakarta.inject-2.5.0.jar:/home/user/.m2/repository/org/glassfish/hk2/hk2-utils/2.5.0/hk2-utils-2.5.0.jar:/home/user/.m2/repository/jakarta/annotation/jakarta.annotation-api/1.3.4/jakarta.annotation-api-1.3.4.jar:/home/user/.m2/repository/org/glassfish/hk2/external/aopalliance-repackaged/2.5.0/aopalliance-repackaged-2.5.0.jar:/home/user/.m2/repository/com/fasterxml/jackson/dataformat/jackson-dataformat-xml/2.9.0/jackson-dataformat-xml-2.9.0.jar:/home/user/.m2/repository/com/fasterxml/jackson/core/jackson-core/2.9.5/jackson-core-2.9.5.jar:/home/user/.m2/repository/com/fasterxml/jackson/module/jackson-module-jaxb-annotations/2.9.5/jackson-module-jaxb-annotations-2.9.5.jar:/home/user/.m2/repository/javax/enterprise/cdi-api/1.2/cdi-api-1.2.jar:/home/user/.m2/repository/javax/el/javax.el-api/3.0.0/javax.el-api-3.0.0.jar:/home/user/.m2/repository/javax/interceptor/javax.interceptor-api/1.2/javax.interceptor-api-1.2.jar:/home/user/.m2/repository/javax/inject/javax.inject/1/javax.inject-1.jar:/home/user/.m2/repository/com/sun/xml/bind/jaxb-impl/2.3.0.1/jaxb-impl-2.3.0.1.jar:/home/user/.m2/repository/com/sun/xml/bind/jaxb-core/2.3.0.1/jaxb-core-2.3.0.1.jar:/home/user/.m2/repository/javax/xml/bind/jaxb-api/2.3.0/jaxb-api-2.3.0.jar:/home/user/.m2/repository/javax/activation/activation/1.1.1/activation-1.1.1.jar:/home/user/.m2/repository/org/apache/hadoop/hadoop-ozone-csi/0.5.0-SNAPSHOT/hadoop-ozone-csi-0.5.0-SNAPSHOT.jar:/home/user/.m2/repository/com/google/protobuf/protobuf-java-util/3.5.1/protobuf-java-util-3.5.1.jar:/home/user/.m2/repository/org/apache/hadoop/hadoop-hdds-config/0.5.0-SNAPSHOT/hadoop-hdds-config-0.5.0-SNAPSHOT.jar:/home/user/.m2/repository/io/grpc/grpc-netty/1.17.1/grpc-netty-1.17.1.jar:/home/user/.m2/repository/io/grpc/grpc-core/1.17.1/grpc-core-1.17.1.jar:/home/user/.m2/repository/io/grpc/grpc-context/1.17.1/grpc-context-1.17.1.jar:/home/user/.m2/repository/com/google/errorprone/error_prone_annotations/2.2.0/error_prone_annotations-2.2.0.jar:/home/user/.m2/repository/org/codehaus/mojo/animal-sniffer-annotations/1.17/animal-sniffer-annotations-1.17.jar:/home/user/.m2/repository/io/opencensus/opencensus-api/0.17.0/opencensus-api-0.17.0.jar:/home/user/.m2/repository/io/opencensus/opencensus-contrib-grpc-metrics/0.17.0/opencensus-contrib-grpc-metrics-0.17.0.jar:/home/user/.m2/repository/io/netty/netty-codec-http2/4.1.30.Final/netty-codec-http2-4.1.30.Final.jar:/home/user/.m2/repository/io/netty/netty-codec-http/4.1.30.Final/netty-codec-http-4.1.30.Final.jar:/home/user/.m2/repository/io/netty/netty-codec/4.1.30.Final/netty-codec-4.1.30.Final.jar:/home/user/.m2/repository/io/netty/netty-handler/4.1.30.Final/netty-handler-4.1.30.Final.jar:/home/user/.m2/repository/io/netty/netty-handler-proxy/4.1.30.Final/netty-handler-proxy-4.1.30.Final.jar:/home/user/.m2/repository/io/netty/netty-codec-socks/4.1.30.Final/netty-codec-socks-4.1.30.Final.jar:/home/user/.m2/repository/io/netty/netty-transport-native-epoll/4.1.30.Final/netty-transport-native-epoll-4.1.30.Final.jar:/home/user/.m2/repository/io/netty/netty-common/4.1.30.Final/netty-common-4.1.30.Final.jar:/home/user/.m2/repository/io/netty/netty-buffer/4.1.30.Final/netty-buffer-4.1.30.Final.jar:/home/user/.m2/repository/io/netty/netty-transport/4.1.30.Final/netty-transport-4.1.30.Final.jar:/home/user/.m2/repository/io/netty/netty-resolver/4.1.30.Final/netty-resolver-4.1.30.Final.jar:/home/user/.m2/repository/io/netty/netty-transport-native-unix-common/4.1.30.Final/netty-transport-native-unix-common-4.1.30.Final.jar:/home/user/.m2/repository/io/grpc/grpc-protobuf/1.17.1/grpc-protobuf-1.17.1.jar:/home/user/.m2/repository/com/google/api/grpc/proto-google-common-protos/1.0.0/proto-google-common-protos-1.0.0.jar:/home/user/.m2/repository/io/grpc/grpc-protobuf-lite/1.17.1/grpc-protobuf-lite-1.17.1.jar:/home/user/.m2/repository/io/grpc/grpc-stub/1.17.1/grpc-stub-1.17.1.jar:/home/user/.m2/repository/org/apache/hadoop/hadoop-ozone-recon/0.5.0-SNAPSHOT/hadoop-ozone-recon-0.5.0-SNAPSHOT.jar:/home/user/.m2/repository/org/apache/hadoop/hadoop-ozone-reconcodegen/0.5.0-SNAPSHOT/hadoop-ozone-reconcodegen-0.5.0-SNAPSHOT.jar:/home/user/.m2/repository/com/google/inject/extensions/guice-multibindings/4.0/guice-multibindings-4.0.jar:/home/user/.m2/repository/com/google/inject/guice/4.0/guice-4.0.jar:/home/user/.m2/repository/aopalliance/aopalliance/1.0/aopalliance-1.0.jar:/home/user/.m2/repository/com/google/inject/extensions/guice-servlet/4.0/guice-servlet-4.0.jar:/home/user/.m2/repository/org/glassfish/jersey/containers/jersey-container-servlet/2.27/jersey-container-servlet-2.27.jar:/home/user/.m2/repository/org/glassfish/hk2/guice-bridge/2.5.0/guice-bridge-2.5.0.jar:/home/user/.m2/repository/org/glassfish/jersey/core/jersey-server/2.27/jersey-server-2.27.jar:/home/user/.m2/repository/org/glassfish/jersey/core/jersey-client/2.27/jersey-client-2.27.jar:/home/user/.m2/repository/org/glassfish/jersey/media/jersey-media-jaxb/2.27/jersey-media-jaxb-2.27.jar:/home/user/.m2/repository/javax/validation/validation-api/1.1.0.Final/validation-api-1.1.0.Final.jar:/home/user/.m2/repository/org/glassfish/jersey/media/jersey-media-json-jackson/2.27/jersey-media-json-jackson-2.27.jar:/home/user/.m2/repository/org/glassfish/jersey/ext/jersey-entity-filtering/2.27/jersey-entity-filtering-2.27.jar:/home/user/.m2/repository/com/google/inject/extensions/guice-assistedinject/4.0/guice-assistedinject-4.0.jar:/home/user/.m2/repository/org/jooq/jooq/3.11.10/jooq-3.11.10.jar:/home/user/.m2/repository/org/jooq/jooq-meta/3.11.10/jooq-meta-3.11.10.jar:/home/user/.m2/repository/org/jooq/jooq-codegen/3.11.10/jooq-codegen-3.11.10.jar:/home/user/.m2/repository/com/jolbox/bonecp/0.8.0.RELEASE/bonecp-0.8.0.RELEASE.jar:/home/user/.m2/repository/org/xerial/sqlite-jdbc/3.25.2/sqlite-jdbc-3.25.2.jar:/home/user/.m2/repository/org/springframework/spring-jdbc/5.1.3.RELEASE/spring-jdbc-5.1.3.RELEASE.jar:/home/user/.m2/repository/org/springframework/spring-beans/5.1.3.RELEASE/spring-beans-5.1.3.RELEASE.jar:/home/user/.m2/repository/org/springframework/spring-core/5.1.3.RELEASE/spring-core-5.1.3.RELEASE.jar:/home/user/.m2/repository/org/springframework/spring-jcl/5.1.3.RELEASE/spring-jcl-5.1.3.RELEASE.jar:/home/user/.m2/repository/org/springframework/spring-tx/5.1.3.RELEASE/spring-tx-5.1.3.RELEASE.jar:/home/user/.m2/repository/org/apache/hadoop/hadoop-ozone-client/0.5.0-SNAPSHOT/hadoop-ozone-client-0.5.0-SNAPSHOT.jar:/home/user/.m2/repository/commons-lang/commons-lang/2.6/commons-lang-2.6.jar:/home/user/.m2/repository/org/apache/hadoop/hadoop-ozone-ozone-manager/0.5.0-SNAPSHOT/hadoop-ozone-ozone-manager-0.5.0-SNAPSHOT-tests.jar:/home/user/.m2/repository/junit/junit/4.11/junit-4.11.jar:/home/user/.m2/repository/org/hamcrest/hamcrest-core/1.3/hamcrest-core-1.3.jar:/home/user/.m2/repository/org/openjdk/jmh/jmh-core/1.19/jmh-core-1.19.jar:/home/user/.m2/repository/net/sf/jopt-simple/jopt-simple/4.6/jopt-simple-4.6.jar:/home/user/.m2/repository/org/apache/commons/commons-math3/3.1.1/commons-math3-3.1.1.jar:/home/user/.m2/repository/org/openjdk/jmh/jmh-generator-annprocess/1.19/jmh-generator-annprocess-1.19.jar:/home/user/.m2/repository/org/mockito/mockito-all/1.8.5/mockito-all-1.8.5.jar:/home/user/.m2/repository/org/apache/hadoop/hadoop-kms/3.2.0/hadoop-kms-3.2.0.jar:/home/user/.m2/repository/org/apache/hadoop/hadoop-auth/3.2.0/hadoop-auth-3.2.0.jar:/home/user/.m2/repository/com/nimbusds/nimbus-jose-jwt/4.41.1/nimbus-jose-jwt-4.41.1.jar:/home/user/.m2/repository/com/github/stephenc/jcip/jcip-annotations/1.0-1/jcip-annotations-1.0-1.jar:/home/user/.m2/repository/net/minidev/json-smart/2.3/json-smart-2.3.jar:/home/user/.m2/repository/net/minidev/accessors-smart/1.2/accessors-smart-1.2.jar:/home/user/.m2/repository/org/ow2/asm/asm/5.0.4/asm-5.0.4.jar:/home/user/.m2/repository/org/apache/curator/curator-framework/2.12.0/curator-framework-2.12.0.jar:/home/user/.m2/repository/com/sun/jersey/jersey-core/1.19/jersey-core-1.19.jar:/home/user/.m2/repository/javax/ws/rs/jsr311-api/1.1.1/jsr311-api-1.1.1.jar:/home/user/.m2/repository/com/sun/jersey/jersey-server/1.19/jersey-server-1.19.jar:/home/user/.m2/repository/javax/servlet/javax.servlet-api/3.1.0/javax.servlet-api-3.1.0.jar:/home/user/.m2/repository/org/eclipse/jetty/jetty-server/9.3.24.v20180605/jetty-server-9.3.24.v20180605.jar:/home/user/.m2/repository/org/eclipse/jetty/jetty-http/9.3.24.v20180605/jetty-http-9.3.24.v20180605.jar:/home/user/.m2/repository/org/eclipse/jetty/jetty-io/9.3.24.v20180605/jetty-io-9.3.24.v20180605.jar:/home/user/.m2/repository/org/eclipse/jetty/jetty-webapp/9.3.24.v20180605/jetty-webapp-9.3.24.v20180605.jar:/home/user/.m2/repository/org/eclipse/jetty/jetty-xml/9.3.24.v20180605/jetty-xml-9.3.24.v20180605.jar:/home/user/.m2/repository/log4j/log4j/1.2.17/log4j-1.2.17.jar:/home/user/.m2/repository/org/slf4j/slf4j-api/1.7.25/slf4j-api-1.7.25.jar:/home/user/.m2/repository/org/slf4j/jul-to-slf4j/1.7.25/jul-to-slf4j-1.7.25.jar:/home/user/.m2/repository/org/eclipse/jetty/jetty-util/9.3.24.v20180605/jetty-util-9.3.24.v20180605.jar:/home/user/.m2/repository/com/fasterxml/jackson/core/jackson-databind/2.9.5/jackson-databind-2.9.5.jar:/home/user/.m2/repository/org/apache/hadoop/hadoop-kms/3.2.0/hadoop-kms-3.2.0-tests.jar:/home/user/.m2/repository/org/apache/hadoop/hadoop-hdds-server-scm/0.5.0-SNAPSHOT/hadoop-hdds-server-scm-0.5.0-SNAPSHOT-tests.jar:/home/user/.m2/repository/org/apache/hadoop/hadoop-hdds-container-service/0.5.0-SNAPSHOT/hadoop-hdds-container-service-0.5.0-SNAPSHOT-tests.jar:/home/user/.m2/repository/org/yaml/snakeyaml/1.16/snakeyaml-1.16.jar:/home/user/.m2/repository/org/apache/hadoop/hadoop-common/3.2.0/hadoop-common-3.2.0-tests.jar:/home/user/.m2/repository/org/apache/hadoop/hadoop-annotations/3.2.0/hadoop-annotations-3.2.0.jar:/usr/lib/jvm/java-1.8-openjdk/jre/../lib/tools.jar:/home/user/.m2/repository/commons-cli/commons-cli/1.2/commons-cli-1.2.jar:/home/user/.m2/repository/org/apache/httpcomponents/httpclient/4.5.2/httpclient-4.5.2.jar:/home/user/.m2/repository/org/apache/httpcomponents/httpcore/4.4.4/httpcore-4.4.4.jar:/home/user/.m2/repository/commons-codec/commons-codec/1.11/commons-codec-1.11.jar:/home/user/.m2/repository/commons-net/commons-net/3.6/commons-net-3.6.jar:/home/user/.m2/repository/commons-collections/commons-collections/3.2.2/commons-collections-3.2.2.jar:/home/user/.m2/repository/org/eclipse/jetty/jetty-servlet/9.3.24.v20180605/jetty-servlet-9.3.24.v20180605.jar:/home/user/.m2/repository/org/eclipse/jetty/jetty-security/9.3.24.v20180605/jetty-security-9.3.24.v20180605.jar:/home/user/.m2/repository/javax/servlet/jsp/jsp-api/2.1/jsp-api-2.1.jar:/home/user/.m2/repository/com/sun/jersey/jersey-servlet/1.19/jersey-servlet-1.19.jar:/home/user/.m2/repository/com/sun/jersey/jersey-json/1.19/jersey-json-1.19.jar:/home/user/.m2/repository/org/codehaus/jettison/jettison/1.1/jettison-1.1.jar:/home/user/.m2/repository/org/codehaus/jackson/jackson-core-asl/1.9.13/jackson-core-asl-1.9.13.jar:/home/user/.m2/repository/org/codehaus/jackson/jackson-mapper-asl/1.9.13/jackson-mapper-asl-1.9.13.jar:/home/user/.m2/repository/org/codehaus/jackson/jackson-jaxrs/1.9.13/jackson-jaxrs-1.9.13.jar:/home/user/.m2/repository/org/codehaus/jackson/jackson-xc/1.9.13/jackson-xc-1.9.13.jar:/home/user/.m2/repository/commons-logging/commons-logging/1.1.3/commons-logging-1.1.3.jar:/home/user/.m2/repository/commons-beanutils/commons-beanutils/1.9.3/commons-beanutils-1.9.3.jar:/home/user/.m2/repository/org/apache/commons/commons-configuration2/2.1.1/commons-configuration2-2.1.1.jar:/home/user/.m2/repository/org/apache/commons/commons-lang3/3.7/commons-lang3-3.7.jar:/home/user/.m2/repository/org/apache/commons/commons-text/1.4/commons-text-1.4.jar:/home/user/.m2/repository/org/apache/avro/avro/1.7.7/avro-1.7.7.jar:/home/user/.m2/repository/com/thoughtworks/paranamer/paranamer/2.3/paranamer-2.3.jar:/home/user/.m2/repository/org/xerial/snappy/snappy-java/1.0.5/snappy-java-1.0.5.jar:/home/user/.m2/repository/com/google/re2j/re2j/1.1/re2j-1.1.jar:/home/user/.m2/repository/com/google/code/gson/gson/2.2.4/gson-2.2.4.jar:/home/user/.m2/repository/com/jcraft/jsch/0.1.54/jsch-0.1.54.jar:/home/user/.m2/repository/org/apache/curator/curator-client/2.12.0/curator-client-2.12.0.jar:/home/user/.m2/repository/org/apache/curator/curator-recipes/2.12.0/curator-recipes-2.12.0.jar:/home/user/.m2/repository/com/google/code/findbugs/jsr305/3.0.0/jsr305-3.0.0.jar:/home/user/.m2/repository/org/apache/htrace/htrace-core4/4.1.0-incubating/htrace-core4-4.1.0-incubating.jar:/home/user/.m2/repository/org/apache/zookeeper/zookeeper/3.4.13/zookeeper-3.4.13.jar:/home/user/.m2/repository/org/apache/yetus/audience-annotations/0.5.0/audience-annotations-0.5.0.jar:/home/user/.m2/repository/org/codehaus/woodstox/stax2-api/3.1.4/stax2-api-3.1.4.jar:/home/user/.m2/repository/com/fasterxml/woodstox/woodstox-core/5.0.3/woodstox-core-5.0.3.jar:/home/user/.m2/repository/dnsjava/dnsjava/2.1.7/dnsjava-2.1.7.jar:/home/user/.m2/repository/org/apache/hadoop/hadoop-hdfs/3.2.0/hadoop-hdfs-3.2.0-tests.jar:/home/user/.m2/repository/org/eclipse/jetty/jetty-util-ajax/9.3.24.v20180605/jetty-util-ajax-9.3.24.v20180605.jar:/home/user/.m2/repository/commons-daemon/commons-daemon/1.0.13/commons-daemon-1.0.13.jar:/home/user/.m2/repository/io/netty/netty/3.10.5.Final/netty-3.10.5.Final.jar:/home/user/.m2/repository/io/netty/netty-all/4.0.52.Final/netty-all-4.0.52.Final.jar:/home/user/.m2/repository/org/fusesource/leveldbjni/leveldbjni-all/1.8/leveldbjni-all-1.8.jar:"/>
    <property name="java.vm.vendor" value="IcedTea"/>
    <property name="sun.arch.data.model" value="64"/>
    <property name="test.build.dir" value="/workdir/hadoop-ozone/integration-test/target/test-dir"/>
    <property name="test.cache.data" value=""/>
    <property name="java.vendor.url" value="https://icedtea.classpath.org"/>
    <property name="user.timezone" value=""/>
    <property name="java.vm.specification.version" value="1.8"/>
    <property name="os.name" value="Linux"/>
    <property name="test.build.data" value="/workdir/hadoop-ozone/integration-test/target/test-dir"/>
    <property name="user.country" value="US"/>
    <property name="sun.java.launcher" value="SUN_STANDARD"/>
    <property name="sun.boot.library.path" value="/usr/lib/jvm/java-1.8-openjdk/jre/lib/amd64"/>
    <property name="sun.java.command" value="/workdir/hadoop-ozone/integration-test/target/surefire/surefirebooter6490187020207086962.jar /workdir/hadoop-ozone/integration-test/target/surefire 2019-09-09T17-53-19_203-jvmRun1 surefire5567443070891184617tmp surefire_217894104275673371325tmp"/>
    <property name="test" value="!TestMiniChaosOzoneCluster"/>
    <property name="surefire.test.class.path" value="/workdir/hadoop-ozone/integration-test/target/test-classes:/workdir/hadoop-ozone/integration-test/target/classes:/home/user/.m2/repository/org/apache/hadoop/hadoop-ozone-common/0.5.0-SNAPSHOT/hadoop-ozone-common-0.5.0-SNAPSHOT.jar:/home/user/.m2/repository/org/apache/commons/commons-compress/1.4.1/commons-compress-1.4.1.jar:/home/user/.m2/repository/org/tukaani/xz/1.0/xz-1.0.jar:/home/user/.m2/repository/org/apache/hadoop/hadoop-common/3.2.0/hadoop-common-3.2.0.jar:/home/user/.m2/repository/org/apache/hadoop/hadoop-hdfs/3.2.0/hadoop-hdfs-3.2.0.jar:/home/user/.m2/repository/org/apache/hadoop/hadoop-hdfs-client/3.2.0/hadoop-hdfs-client-3.2.0.jar:/home/user/.m2/repository/com/fasterxml/jackson/core/jackson-annotations/2.9.5/jackson-annotations-2.9.5.jar:/home/user/.m2/repository/org/apache/hadoop/hadoop-hdds-common/0.5.0-SNAPSHOT/hadoop-hdds-common-0.5.0-SNAPSHOT.jar:/home/user/.m2/repository/javax/annotation/javax.annotation-api/1.2/javax.annotation-api-1.2.jar:/home/user/.m2/repository/org/apache/ratis/ratis-server/0.4.0-2337318-SNAPSHOT/ratis-server-0.4.0-2337318-SNAPSHOT.jar:/home/user/.m2/repository/org/apache/ratis/ratis-thirdparty-misc/0.2.0/ratis-thirdparty-misc-0.2.0.jar:/home/user/.m2/repository/org/apache/ratis/ratis-proto/0.4.0-2337318-SNAPSHOT/ratis-proto-0.4.0-2337318-SNAPSHOT.jar:/home/user/.m2/repository/org/apache/ratis/ratis-common/0.4.0-2337318-SNAPSHOT/ratis-common-0.4.0-2337318-SNAPSHOT.jar:/home/user/.m2/repository/org/apache/ratis/ratis-client/0.4.0-2337318-SNAPSHOT/ratis-client-0.4.0-2337318-SNAPSHOT.jar:/home/user/.m2/repository/org/apache/ratis/ratis-metrics/0.4.0-2337318-SNAPSHOT/ratis-metrics-0.4.0-2337318-SNAPSHOT.jar:/home/user/.m2/repository/org/apache/ratis/ratis-netty/0.4.0-2337318-SNAPSHOT/ratis-netty-0.4.0-2337318-SNAPSHOT.jar:/home/user/.m2/repository/org/apache/ratis/ratis-grpc/0.4.0-2337318-SNAPSHOT/ratis-grpc-0.4.0-2337318-SNAPSHOT.jar:/home/user/.m2/repository/org/rocksdb/rocksdbjni/6.0.1/rocksdbjni-6.0.1.jar:/home/user/.m2/repository/org/apache/logging/log4j/log4j-api/2.11.0/log4j-api-2.11.0.jar:/home/user/.m2/repository/org/apache/logging/log4j/log4j-core/2.11.0/log4j-core-2.11.0.jar:/home/user/.m2/repository/com/lmax/disruptor/3.4.2/disruptor-3.4.2.jar:/home/user/.m2/repository/org/apache/commons/commons-pool2/2.6.0/commons-pool2-2.6.0.jar:/home/user/.m2/repository/org/bouncycastle/bcpkix-jdk15on/1.60/bcpkix-jdk15on-1.60.jar:/home/user/.m2/repository/commons-validator/commons-validator/1.6/commons-validator-1.6.jar:/home/user/.m2/repository/commons-digester/commons-digester/1.8.1/commons-digester-1.8.1.jar:/home/user/.m2/repository/io/jaegertracing/jaeger-client/0.33.1/jaeger-client-0.33.1.jar:/home/user/.m2/repository/io/jaegertracing/jaeger-thrift/0.33.1/jaeger-thrift-0.33.1.jar:/home/user/.m2/repository/org/apache/thrift/libthrift/0.11.0/libthrift-0.11.0.jar:/home/user/.m2/repository/com/squareup/okhttp3/okhttp/3.9.0/okhttp-3.9.0.jar:/home/user/.m2/repository/com/squareup/okio/okio/1.13.0/okio-1.13.0.jar:/home/user/.m2/repository/io/jaegertracing/jaeger-core/0.33.1/jaeger-core-0.33.1.jar:/home/user/.m2/repository/io/jaegertracing/jaeger-tracerresolver/0.33.1/jaeger-tracerresolver-0.33.1.jar:/home/user/.m2/repository/io/opentracing/contrib/opentracing-tracerresolver/0.1.5/opentracing-tracerresolver-0.1.5.jar:/home/user/.m2/repository/io/opentracing/opentracing-util/0.31.0/opentracing-util-0.31.0.jar:/home/user/.m2/repository/io/opentracing/opentracing-api/0.31.0/opentracing-api-0.31.0.jar:/home/user/.m2/repository/io/opentracing/opentracing-noop/0.31.0/opentracing-noop-0.31.0.jar:/home/user/.m2/repository/org/apache/hadoop/hadoop-hdds-server-framework/0.5.0-SNAPSHOT/hadoop-hdds-server-framework-0.5.0-SNAPSHOT.jar:/home/user/.m2/repository/org/apache/hadoop/hadoop-hdds-container-service/0.5.0-SNAPSHOT/hadoop-hdds-container-service-0.5.0-SNAPSHOT.jar:/home/user/.m2/repository/org/apache/hadoop/hadoop-hdds-client/0.5.0-SNAPSHOT/hadoop-hdds-client-0.5.0-SNAPSHOT.jar:/home/user/.m2/repository/org/apache/hadoop/hadoop-hdds-tools/0.5.0-SNAPSHOT/hadoop-hdds-tools-0.5.0-SNAPSHOT.jar:/home/user/.m2/repository/org/apache/hadoop/hadoop-hdds-server-scm/0.5.0-SNAPSHOT/hadoop-hdds-server-scm-0.5.0-SNAPSHOT.jar:/home/user/.m2/repository/org/apache/hadoop/hadoop-hdds-docs/0.5.0-SNAPSHOT/hadoop-hdds-docs-0.5.0-SNAPSHOT.jar:/home/user/.m2/repository/io/dropwizard/metrics/metrics-core/3.2.4/metrics-core-3.2.4.jar:/home/user/.m2/repository/org/hamcrest/hamcrest-all/1.3/hamcrest-all-1.3.jar:/home/user/.m2/repository/org/bouncycastle/bcprov-jdk15on/1.60/bcprov-jdk15on-1.60.jar:/home/user/.m2/repository/info/picocli/picocli/3.9.6/picocli-3.9.6.jar:/home/user/.m2/repository/com/google/protobuf/protobuf-java/2.5.0/protobuf-java-2.5.0.jar:/home/user/.m2/repository/com/google/guava/guava/11.0.2/guava-11.0.2.jar:/home/user/.m2/repository/org/apache/hadoop/hadoop-ozone-ozone-manager/0.5.0-SNAPSHOT/hadoop-ozone-ozone-manager-0.5.0-SNAPSHOT.jar:/home/user/.m2/repository/org/apache/hadoop/hadoop-minikdc/3.2.0/hadoop-minikdc-3.2.0.jar:/home/user/.m2/repository/commons-io/commons-io/2.5/commons-io-2.5.jar:/home/user/.m2/repository/org/apache/kerby/kerb-simplekdc/1.0.1/kerb-simplekdc-1.0.1.jar:/home/user/.m2/repository/org/apache/kerby/kerb-client/1.0.1/kerb-client-1.0.1.jar:/home/user/.m2/repository/org/apache/kerby/kerby-config/1.0.1/kerby-config-1.0.1.jar:/home/user/.m2/repository/org/apache/kerby/kerb-core/1.0.1/kerb-core-1.0.1.jar:/home/user/.m2/repository/org/apache/kerby/kerby-pkix/1.0.1/kerby-pkix-1.0.1.jar:/home/user/.m2/repository/org/apache/kerby/kerby-asn1/1.0.1/kerby-asn1-1.0.1.jar:/home/user/.m2/repository/org/apache/kerby/kerby-util/1.0.1/kerby-util-1.0.1.jar:/home/user/.m2/repository/org/apache/kerby/kerb-common/1.0.1/kerb-common-1.0.1.jar:/home/user/.m2/repository/org/apache/kerby/kerb-crypto/1.0.1/kerb-crypto-1.0.1.jar:/home/user/.m2/repository/org/apache/kerby/kerb-util/1.0.1/kerb-util-1.0.1.jar:/home/user/.m2/repository/org/apache/kerby/token-provider/1.0.1/token-provider-1.0.1.jar:/home/user/.m2/repository/org/apache/kerby/kerb-admin/1.0.1/kerb-admin-1.0.1.jar:/home/user/.m2/repository/org/apache/kerby/kerb-server/1.0.1/kerb-server-1.0.1.jar:/home/user/.m2/repository/org/apache/kerby/kerb-identity/1.0.1/kerb-identity-1.0.1.jar:/home/user/.m2/repository/org/apache/kerby/kerby-xdr/1.0.1/kerby-xdr-1.0.1.jar:/home/user/.m2/repository/org/slf4j/slf4j-log4j12/1.7.25/slf4j-log4j12-1.7.25.jar:/home/user/.m2/repository/org/apache/hadoop/hadoop-ozone-s3gateway/0.5.0-SNAPSHOT/hadoop-ozone-s3gateway-0.5.0-SNAPSHOT.jar:/home/user/.m2/repository/org/jboss/weld/servlet/weld-servlet/2.4.7.Final/weld-servlet-2.4.7.Final.jar:/home/user/.m2/repository/org/glassfish/jersey/containers/jersey-container-servlet-core/2.27/jersey-container-servlet-core-2.27.jar:/home/user/.m2/repository/org/glassfish/hk2/external/javax.inject/2.5.0-b42/javax.inject-2.5.0-b42.jar:/home/user/.m2/repository/org/glassfish/jersey/core/jersey-common/2.27/jersey-common-2.27.jar:/home/user/.m2/repository/org/glassfish/hk2/osgi-resource-locator/1.0.1/osgi-resource-locator-1.0.1.jar:/home/user/.m2/repository/javax/ws/rs/javax.ws.rs-api/2.1/javax.ws.rs-api-2.1.jar:/home/user/.m2/repository/org/glassfish/jersey/ext/cdi/jersey-cdi1x/2.27/jersey-cdi1x-2.27.jar:/home/user/.m2/repository/org/glassfish/jersey/inject/jersey-hk2/2.27/jersey-hk2-2.27.jar:/home/user/.m2/repository/org/glassfish/hk2/hk2-locator/2.5.0-b42/hk2-locator-2.5.0-b42.jar:/home/user/.m2/repository/org/javassist/javassist/3.22.0-CR2/javassist-3.22.0-CR2.jar:/home/user/.m2/repository/org/glassfish/hk2/hk2-api/2.5.0/hk2-api-2.5.0.jar:/home/user/.m2/repository/org/glassfish/hk2/external/jakarta.inject/2.5.0/jakarta.inject-2.5.0.jar:/home/user/.m2/repository/org/glassfish/hk2/hk2-utils/2.5.0/hk2-utils-2.5.0.jar:/home/user/.m2/repository/jakarta/annotation/jakarta.annotation-api/1.3.4/jakarta.annotation-api-1.3.4.jar:/home/user/.m2/repository/org/glassfish/hk2/external/aopalliance-repackaged/2.5.0/aopalliance-repackaged-2.5.0.jar:/home/user/.m2/repository/com/fasterxml/jackson/dataformat/jackson-dataformat-xml/2.9.0/jackson-dataformat-xml-2.9.0.jar:/home/user/.m2/repository/com/fasterxml/jackson/core/jackson-core/2.9.5/jackson-core-2.9.5.jar:/home/user/.m2/repository/com/fasterxml/jackson/module/jackson-module-jaxb-annotations/2.9.5/jackson-module-jaxb-annotations-2.9.5.jar:/home/user/.m2/repository/javax/enterprise/cdi-api/1.2/cdi-api-1.2.jar:/home/user/.m2/repository/javax/el/javax.el-api/3.0.0/javax.el-api-3.0.0.jar:/home/user/.m2/repository/javax/interceptor/javax.interceptor-api/1.2/javax.interceptor-api-1.2.jar:/home/user/.m2/repository/javax/inject/javax.inject/1/javax.inject-1.jar:/home/user/.m2/repository/com/sun/xml/bind/jaxb-impl/2.3.0.1/jaxb-impl-2.3.0.1.jar:/home/user/.m2/repository/com/sun/xml/bind/jaxb-core/2.3.0.1/jaxb-core-2.3.0.1.jar:/home/user/.m2/repository/javax/xml/bind/jaxb-api/2.3.0/jaxb-api-2.3.0.jar:/home/user/.m2/repository/javax/activation/activation/1.1.1/activation-1.1.1.jar:/home/user/.m2/repository/org/apache/hadoop/hadoop-ozone-csi/0.5.0-SNAPSHOT/hadoop-ozone-csi-0.5.0-SNAPSHOT.jar:/home/user/.m2/repository/com/google/protobuf/protobuf-java-util/3.5.1/protobuf-java-util-3.5.1.jar:/home/user/.m2/repository/org/apache/hadoop/hadoop-hdds-config/0.5.0-SNAPSHOT/hadoop-hdds-config-0.5.0-SNAPSHOT.jar:/home/user/.m2/repository/io/grpc/grpc-netty/1.17.1/grpc-netty-1.17.1.jar:/home/user/.m2/repository/io/grpc/grpc-core/1.17.1/grpc-core-1.17.1.jar:/home/user/.m2/repository/io/grpc/grpc-context/1.17.1/grpc-context-1.17.1.jar:/home/user/.m2/repository/com/google/errorprone/error_prone_annotations/2.2.0/error_prone_annotations-2.2.0.jar:/home/user/.m2/repository/org/codehaus/mojo/animal-sniffer-annotations/1.17/animal-sniffer-annotations-1.17.jar:/home/user/.m2/repository/io/opencensus/opencensus-api/0.17.0/opencensus-api-0.17.0.jar:/home/user/.m2/repository/io/opencensus/opencensus-contrib-grpc-metrics/0.17.0/opencensus-contrib-grpc-metrics-0.17.0.jar:/home/user/.m2/repository/io/netty/netty-codec-http2/4.1.30.Final/netty-codec-http2-4.1.30.Final.jar:/home/user/.m2/repository/io/netty/netty-codec-http/4.1.30.Final/netty-codec-http-4.1.30.Final.jar:/home/user/.m2/repository/io/netty/netty-codec/4.1.30.Final/netty-codec-4.1.30.Final.jar:/home/user/.m2/repository/io/netty/netty-handler/4.1.30.Final/netty-handler-4.1.30.Final.jar:/home/user/.m2/repository/io/netty/netty-handler-proxy/4.1.30.Final/netty-handler-proxy-4.1.30.Final.jar:/home/user/.m2/repository/io/netty/netty-codec-socks/4.1.30.Final/netty-codec-socks-4.1.30.Final.jar:/home/user/.m2/repository/io/netty/netty-transport-native-epoll/4.1.30.Final/netty-transport-native-epoll-4.1.30.Final.jar:/home/user/.m2/repository/io/netty/netty-common/4.1.30.Final/netty-common-4.1.30.Final.jar:/home/user/.m2/repository/io/netty/netty-buffer/4.1.30.Final/netty-buffer-4.1.30.Final.jar:/home/user/.m2/repository/io/netty/netty-transport/4.1.30.Final/netty-transport-4.1.30.Final.jar:/home/user/.m2/repository/io/netty/netty-resolver/4.1.30.Final/netty-resolver-4.1.30.Final.jar:/home/user/.m2/repository/io/netty/netty-transport-native-unix-common/4.1.30.Final/netty-transport-native-unix-common-4.1.30.Final.jar:/home/user/.m2/repository/io/grpc/grpc-protobuf/1.17.1/grpc-protobuf-1.17.1.jar:/home/user/.m2/repository/com/google/api/grpc/proto-google-common-protos/1.0.0/proto-google-common-protos-1.0.0.jar:/home/user/.m2/repository/io/grpc/grpc-protobuf-lite/1.17.1/grpc-protobuf-lite-1.17.1.jar:/home/user/.m2/repository/io/grpc/grpc-stub/1.17.1/grpc-stub-1.17.1.jar:/home/user/.m2/repository/org/apache/hadoop/hadoop-ozone-recon/0.5.0-SNAPSHOT/hadoop-ozone-recon-0.5.0-SNAPSHOT.jar:/home/user/.m2/repository/org/apache/hadoop/hadoop-ozone-reconcodegen/0.5.0-SNAPSHOT/hadoop-ozone-reconcodegen-0.5.0-SNAPSHOT.jar:/home/user/.m2/repository/com/google/inject/extensions/guice-multibindings/4.0/guice-multibindings-4.0.jar:/home/user/.m2/repository/com/google/inject/guice/4.0/guice-4.0.jar:/home/user/.m2/repository/aopalliance/aopalliance/1.0/aopalliance-1.0.jar:/home/user/.m2/repository/com/google/inject/extensions/guice-servlet/4.0/guice-servlet-4.0.jar:/home/user/.m2/repository/org/glassfish/jersey/containers/jersey-container-servlet/2.27/jersey-container-servlet-2.27.jar:/home/user/.m2/repository/org/glassfish/hk2/guice-bridge/2.5.0/guice-bridge-2.5.0.jar:/home/user/.m2/repository/org/glassfish/jersey/core/jersey-server/2.27/jersey-server-2.27.jar:/home/user/.m2/repository/org/glassfish/jersey/core/jersey-client/2.27/jersey-client-2.27.jar:/home/user/.m2/repository/org/glassfish/jersey/media/jersey-media-jaxb/2.27/jersey-media-jaxb-2.27.jar:/home/user/.m2/repository/javax/validation/validation-api/1.1.0.Final/validation-api-1.1.0.Final.jar:/home/user/.m2/repository/org/glassfish/jersey/media/jersey-media-json-jackson/2.27/jersey-media-json-jackson-2.27.jar:/home/user/.m2/repository/org/glassfish/jersey/ext/jersey-entity-filtering/2.27/jersey-entity-filtering-2.27.jar:/home/user/.m2/repository/com/google/inject/extensions/guice-assistedinject/4.0/guice-assistedinject-4.0.jar:/home/user/.m2/repository/org/jooq/jooq/3.11.10/jooq-3.11.10.jar:/home/user/.m2/repository/org/jooq/jooq-meta/3.11.10/jooq-meta-3.11.10.jar:/home/user/.m2/repository/org/jooq/jooq-codegen/3.11.10/jooq-codegen-3.11.10.jar:/home/user/.m2/repository/com/jolbox/bonecp/0.8.0.RELEASE/bonecp-0.8.0.RELEASE.jar:/home/user/.m2/repository/org/xerial/sqlite-jdbc/3.25.2/sqlite-jdbc-3.25.2.jar:/home/user/.m2/repository/org/springframework/spring-jdbc/5.1.3.RELEASE/spring-jdbc-5.1.3.RELEASE.jar:/home/user/.m2/repository/org/springframework/spring-beans/5.1.3.RELEASE/spring-beans-5.1.3.RELEASE.jar:/home/user/.m2/repository/org/springframework/spring-core/5.1.3.RELEASE/spring-core-5.1.3.RELEASE.jar:/home/user/.m2/repository/org/springframework/spring-jcl/5.1.3.RELEASE/spring-jcl-5.1.3.RELEASE.jar:/home/user/.m2/repository/org/springframework/spring-tx/5.1.3.RELEASE/spring-tx-5.1.3.RELEASE.jar:/home/user/.m2/repository/org/apache/hadoop/hadoop-ozone-client/0.5.0-SNAPSHOT/hadoop-ozone-client-0.5.0-SNAPSHOT.jar:/home/user/.m2/repository/commons-lang/commons-lang/2.6/commons-lang-2.6.jar:/home/user/.m2/repository/org/apache/hadoop/hadoop-ozone-ozone-manager/0.5.0-SNAPSHOT/hadoop-ozone-ozone-manager-0.5.0-SNAPSHOT-tests.jar:/home/user/.m2/repository/junit/junit/4.11/junit-4.11.jar:/home/user/.m2/repository/org/hamcrest/hamcrest-core/1.3/hamcrest-core-1.3.jar:/home/user/.m2/repository/org/openjdk/jmh/jmh-core/1.19/jmh-core-1.19.jar:/home/user/.m2/repository/net/sf/jopt-simple/jopt-simple/4.6/jopt-simple-4.6.jar:/home/user/.m2/repository/org/apache/commons/commons-math3/3.1.1/commons-math3-3.1.1.jar:/home/user/.m2/repository/org/openjdk/jmh/jmh-generator-annprocess/1.19/jmh-generator-annprocess-1.19.jar:/home/user/.m2/repository/org/mockito/mockito-all/1.8.5/mockito-all-1.8.5.jar:/home/user/.m2/repository/org/apache/hadoop/hadoop-kms/3.2.0/hadoop-kms-3.2.0.jar:/home/user/.m2/repository/org/apache/hadoop/hadoop-auth/3.2.0/hadoop-auth-3.2.0.jar:/home/user/.m2/repository/com/nimbusds/nimbus-jose-jwt/4.41.1/nimbus-jose-jwt-4.41.1.jar:/home/user/.m2/repository/com/github/stephenc/jcip/jcip-annotations/1.0-1/jcip-annotations-1.0-1.jar:/home/user/.m2/repository/net/minidev/json-smart/2.3/json-smart-2.3.jar:/home/user/.m2/repository/net/minidev/accessors-smart/1.2/accessors-smart-1.2.jar:/home/user/.m2/repository/org/ow2/asm/asm/5.0.4/asm-5.0.4.jar:/home/user/.m2/repository/org/apache/curator/curator-framework/2.12.0/curator-framework-2.12.0.jar:/home/user/.m2/repository/com/sun/jersey/jersey-core/1.19/jersey-core-1.19.jar:/home/user/.m2/repository/javax/ws/rs/jsr311-api/1.1.1/jsr311-api-1.1.1.jar:/home/user/.m2/repository/com/sun/jersey/jersey-server/1.19/jersey-server-1.19.jar:/home/user/.m2/repository/javax/servlet/javax.servlet-api/3.1.0/javax.servlet-api-3.1.0.jar:/home/user/.m2/repository/org/eclipse/jetty/jetty-server/9.3.24.v20180605/jetty-server-9.3.24.v20180605.jar:/home/user/.m2/repository/org/eclipse/jetty/jetty-http/9.3.24.v20180605/jetty-http-9.3.24.v20180605.jar:/home/user/.m2/repository/org/eclipse/jetty/jetty-io/9.3.24.v20180605/jetty-io-9.3.24.v20180605.jar:/home/user/.m2/repository/org/eclipse/jetty/jetty-webapp/9.3.24.v20180605/jetty-webapp-9.3.24.v20180605.jar:/home/user/.m2/repository/org/eclipse/jetty/jetty-xml/9.3.24.v20180605/jetty-xml-9.3.24.v20180605.jar:/home/user/.m2/repository/log4j/log4j/1.2.17/log4j-1.2.17.jar:/home/user/.m2/repository/org/slf4j/slf4j-api/1.7.25/slf4j-api-1.7.25.jar:/home/user/.m2/repository/org/slf4j/jul-to-slf4j/1.7.25/jul-to-slf4j-1.7.25.jar:/home/user/.m2/repository/org/eclipse/jetty/jetty-util/9.3.24.v20180605/jetty-util-9.3.24.v20180605.jar:/home/user/.m2/repository/com/fasterxml/jackson/core/jackson-databind/2.9.5/jackson-databind-2.9.5.jar:/home/user/.m2/repository/org/apache/hadoop/hadoop-kms/3.2.0/hadoop-kms-3.2.0-tests.jar:/home/user/.m2/repository/org/apache/hadoop/hadoop-hdds-server-scm/0.5.0-SNAPSHOT/hadoop-hdds-server-scm-0.5.0-SNAPSHOT-tests.jar:/home/user/.m2/repository/org/apache/hadoop/hadoop-hdds-container-service/0.5.0-SNAPSHOT/hadoop-hdds-container-service-0.5.0-SNAPSHOT-tests.jar:/home/user/.m2/repository/org/yaml/snakeyaml/1.16/snakeyaml-1.16.jar:/home/user/.m2/repository/org/apache/hadoop/hadoop-common/3.2.0/hadoop-common-3.2.0-tests.jar:/home/user/.m2/repository/org/apache/hadoop/hadoop-annotations/3.2.0/hadoop-annotations-3.2.0.jar:/usr/lib/jvm/java-1.8-openjdk/jre/../lib/tools.jar:/home/user/.m2/repository/commons-cli/commons-cli/1.2/commons-cli-1.2.jar:/home/user/.m2/repository/org/apache/httpcomponents/httpclient/4.5.2/httpclient-4.5.2.jar:/home/user/.m2/repository/org/apache/httpcomponents/httpcore/4.4.4/httpcore-4.4.4.jar:/home/user/.m2/repository/commons-codec/commons-codec/1.11/commons-codec-1.11.jar:/home/user/.m2/repository/commons-net/commons-net/3.6/commons-net-3.6.jar:/home/user/.m2/repository/commons-collections/commons-collections/3.2.2/commons-collections-3.2.2.jar:/home/user/.m2/repository/org/eclipse/jetty/jetty-servlet/9.3.24.v20180605/jetty-servlet-9.3.24.v20180605.jar:/home/user/.m2/repository/org/eclipse/jetty/jetty-security/9.3.24.v20180605/jetty-security-9.3.24.v20180605.jar:/home/user/.m2/repository/javax/servlet/jsp/jsp-api/2.1/jsp-api-2.1.jar:/home/user/.m2/repository/com/sun/jersey/jersey-servlet/1.19/jersey-servlet-1.19.jar:/home/user/.m2/repository/com/sun/jersey/jersey-json/1.19/jersey-json-1.19.jar:/home/user/.m2/repository/org/codehaus/jettison/jettison/1.1/jettison-1.1.jar:/home/user/.m2/repository/org/codehaus/jackson/jackson-core-asl/1.9.13/jackson-core-asl-1.9.13.jar:/home/user/.m2/repository/org/codehaus/jackson/jackson-mapper-asl/1.9.13/jackson-mapper-asl-1.9.13.jar:/home/user/.m2/repository/org/codehaus/jackson/jackson-jaxrs/1.9.13/jackson-jaxrs-1.9.13.jar:/home/user/.m2/repository/org/codehaus/jackson/jackson-xc/1.9.13/jackson-xc-1.9.13.jar:/home/user/.m2/repository/commons-logging/commons-logging/1.1.3/commons-logging-1.1.3.jar:/home/user/.m2/repository/commons-beanutils/commons-beanutils/1.9.3/commons-beanutils-1.9.3.jar:/home/user/.m2/repository/org/apache/commons/commons-configuration2/2.1.1/commons-configuration2-2.1.1.jar:/home/user/.m2/repository/org/apache/commons/commons-lang3/3.7/commons-lang3-3.7.jar:/home/user/.m2/repository/org/apache/commons/commons-text/1.4/commons-text-1.4.jar:/home/user/.m2/repository/org/apache/avro/avro/1.7.7/avro-1.7.7.jar:/home/user/.m2/repository/com/thoughtworks/paranamer/paranamer/2.3/paranamer-2.3.jar:/home/user/.m2/repository/org/xerial/snappy/snappy-java/1.0.5/snappy-java-1.0.5.jar:/home/user/.m2/repository/com/google/re2j/re2j/1.1/re2j-1.1.jar:/home/user/.m2/repository/com/google/code/gson/gson/2.2.4/gson-2.2.4.jar:/home/user/.m2/repository/com/jcraft/jsch/0.1.54/jsch-0.1.54.jar:/home/user/.m2/repository/org/apache/curator/curator-client/2.12.0/curator-client-2.12.0.jar:/home/user/.m2/repository/org/apache/curator/curator-recipes/2.12.0/curator-recipes-2.12.0.jar:/home/user/.m2/repository/com/google/code/findbugs/jsr305/3.0.0/jsr305-3.0.0.jar:/home/user/.m2/repository/org/apache/htrace/htrace-core4/4.1.0-incubating/htrace-core4-4.1.0-incubating.jar:/home/user/.m2/repository/org/apache/zookeeper/zookeeper/3.4.13/zookeeper-3.4.13.jar:/home/user/.m2/repository/org/apache/yetus/audience-annotations/0.5.0/audience-annotations-0.5.0.jar:/home/user/.m2/repository/org/codehaus/woodstox/stax2-api/3.1.4/stax2-api-3.1.4.jar:/home/user/.m2/repository/com/fasterxml/woodstox/woodstox-core/5.0.3/woodstox-core-5.0.3.jar:/home/user/.m2/repository/dnsjava/dnsjava/2.1.7/dnsjava-2.1.7.jar:/home/user/.m2/repository/org/apache/hadoop/hadoop-hdfs/3.2.0/hadoop-hdfs-3.2.0-tests.jar:/home/user/.m2/repository/org/eclipse/jetty/jetty-util-ajax/9.3.24.v20180605/jetty-util-ajax-9.3.24.v20180605.jar:/home/user/.m2/repository/commons-daemon/commons-daemon/1.0.13/commons-daemon-1.0.13.jar:/home/user/.m2/repository/io/netty/netty/3.10.5.Final/netty-3.10.5.Final.jar:/home/user/.m2/repository/io/netty/netty-all/4.0.52.Final/netty-all-4.0.52.Final.jar:/home/user/.m2/repository/org/fusesource/leveldbjni/leveldbjni-all/1.8/leveldbjni-all-1.8.jar:"/>
    <property name="sun.cpu.endian" value="little"/>
    <property name="user.home" value="/home/user"/>
    <property name="user.language" value="en"/>
    <property name="java.specification.vendor" value="Oracle Corporation"/>
    <property name="java.home" value="/usr/lib/jvm/java-1.8-openjdk/jre"/>
    <property name="java.security.krb5.conf" value="/workdir/hadoop-ozone/integration-test/target/test-classes/krb5.conf"/>
    <property name="basedir" value="/workdir/hadoop-ozone/integration-test"/>
    <property name="file.separator" value="/"/>
    <property name="line.separator" value="&#10;"/>
    <property name="java.vm.specification.vendor" value="Oracle Corporation"/>
    <property name="java.specification.name" value="Java Platform API Specification"/>
    <property name="java.awt.graphicsenv" value="sun.awt.X11GraphicsEnvironment"/>
    <property name="surefire.real.class.path" value="/workdir/hadoop-ozone/integration-test/target/surefire/surefirebooter6490187020207086962.jar"/>
    <property name="hadoop.log.dir" value="/workdir/hadoop-ozone/integration-test/target/log"/>
    <property name="sun.boot.class.path" value="/usr/lib/jvm/java-1.8-openjdk/jre/lib/resources.jar:/usr/lib/jvm/java-1.8-openjdk/jre/lib/rt.jar:/usr/lib/jvm/java-1.8-openjdk/jre/lib/sunrsasign.jar:/usr/lib/jvm/java-1.8-openjdk/jre/lib/jsse.jar:/usr/lib/jvm/java-1.8-openjdk/jre/lib/jce.jar:/usr/lib/jvm/java-1.8-openjdk/jre/lib/charsets.jar:/usr/lib/jvm/java-1.8-openjdk/jre/lib/jfr.jar:/usr/lib/jvm/java-1.8-openjdk/jre/classes"/>
    <property name="sun.management.compiler" value="HotSpot 64-Bit Tiered Compilers"/>
    <property name="java.runtime.version" value="1.8.0_212-b04"/>
    <property name="java.net.preferIPv4Stack" value="true"/>
    <property name="user.name" value="jenkins1000"/>
    <property name="path.separator" value=":"/>
    <property name="java.security.egd" value="file:///dev/urandom"/>
    <property name="os.version" value="3.10.0-957.12.2.el7.x86_64"/>
    <property name="java.endorsed.dirs" value="/usr/lib/jvm/java-1.8-openjdk/jre/lib/endorsed"/>
    <property name="java.runtime.name" value="OpenJDK Runtime Environment"/>
    <property name="file.encoding" value="UTF-8"/>
    <property name="java.vm.name" value="OpenJDK 64-Bit Server VM"/>
    <property name="test.build.webapps" value=""/>
    <property name="localRepository" value="/home/user/.m2/repository"/>
    <property name="java.vendor.url.bug" value="https://icedtea.classpath.org/bugzilla"/>
    <property name="java.io.tmpdir" value="/tmp"/>
    <property name="require.test.libhadoop" value=""/>
    <property name="java.version" value="1.8.0_212"/>
    <property name="user.dir" value="/workdir/hadoop-ozone/integration-test"/>
    <property name="os.arch" value="amd64"/>
    <property name="java.vm.specification.name" value="Java Virtual Machine Specification"/>
    <property name="test.build.classes" value="/workdir/hadoop-ozone/integration-test/target/test-classes"/>
    <property name="java.awt.printerjob" value="sun.print.PSPrinterJob"/>
    <property name="sun.os.patch.level" value="unknown"/>
    <property name="hadoop.tmp.dir" value="/workdir/hadoop-ozone/integration-test/target/tmp"/>
    <property name="java.library.path" value="/usr/lib/jvm/java-1.8-openjdk/jre/lib/amd64/server:/usr/lib/jvm/java-1.8-openjdk/jre/lib/amd64:/usr/lib/jvm/java-1.8-openjdk/jre/../lib/amd64:/workdir/hadoop-ozone/integration-test/target/native/target/usr/local/lib:/workdir/hadoop-ozone/integration-test/../../hadoop-common-project/hadoop-common/target/native/target/usr/local/lib:/usr/java/packages/lib/amd64:/usr/lib64:/lib64:/lib:/usr/lib"/>
    <property name="java.vm.info" value="mixed mode"/>
    <property name="java.vendor" value="IcedTea"/>
    <property name="java.vm.version" value="25.212-b04"/>
    <property name="java.ext.dirs" value="/usr/lib/jvm/java-1.8-openjdk/jre/lib/ext:/usr/java/packages/lib/ext"/>
    <property name="sun.io.unicode.encoding" value="UnicodeLittle"/>
    <property name="java.class.version" value="52.0"/>
  </properties>
  <testcase name="test2DatanodesFailure" classname="org.apache.hadoop.ozone.client.rpc.TestBlockOutputStreamWithFailures" time="44.209"/>
  <testcase name="testDatanodeFailureWithPreAllocation" classname="org.apache.hadoop.ozone.client.rpc.TestBlockOutputStreamWithFailures" time="225.352"/>
  <testcase name="testDatanodeFailureWithSingleNodeRatis" classname="org.apache.hadoop.ozone.client.rpc.TestBlockOutputStreamWithFailures" time="225.333"/>
  <testcase name="testWatchForCommitWithSingleNodeRatis" classname="org.apache.hadoop.ozone.client.rpc.TestBlockOutputStreamWithFailures" time="35.446"/>
  <testcase name="testWatchForCommitDatanodeFailure" classname="org.apache.hadoop.ozone.client.rpc.TestBlockOutputStreamWithFailures" time="48.4">
    <failure message="expected:&lt;2&gt; but was:&lt;3&gt;" type="java.lang.AssertionError"><![CDATA[java.lang.AssertionError: expected:<2> but was:<3>
	at org.junit.Assert.fail(Assert.java:88)
	at org.junit.Assert.failNotEquals(Assert.java:743)
	at org.junit.Assert.assertEquals(Assert.java:118)
	at org.junit.Assert.assertEquals(Assert.java:555)
	at org.junit.Assert.assertEquals(Assert.java:542)
	at org.apache.hadoop.ozone.client.rpc.TestBlockOutputStreamWithFailures.testWatchForCommitDatanodeFailure(TestBlockOutputStreamWithFailures.java:366)
	at sun.reflect.NativeMethodAccessorImpl.invoke0(Native Method)
	at sun.reflect.NativeMethodAccessorImpl.invoke(NativeMethodAccessorImpl.java:62)
	at sun.reflect.DelegatingMethodAccessorImpl.invoke(DelegatingMethodAccessorImpl.java:43)
	at java.lang.reflect.Method.invoke(Method.java:498)
	at org.junit.runners.model.FrameworkMethod$1.runReflectiveCall(FrameworkMethod.java:47)
	at org.junit.internal.runners.model.ReflectiveCallable.run(ReflectiveCallable.java:12)
	at org.junit.runners.model.FrameworkMethod.invokeExplosively(FrameworkMethod.java:44)
	at org.junit.internal.runners.statements.InvokeMethod.evaluate(InvokeMethod.java:17)
	at org.junit.internal.runners.statements.RunBefores.evaluate(RunBefores.java:26)
	at org.junit.internal.runners.statements.RunAfters.evaluate(RunAfters.java:27)
	at org.junit.runners.ParentRunner.runLeaf(ParentRunner.java:271)
	at org.junit.runners.BlockJUnit4ClassRunner.runChild(BlockJUnit4ClassRunner.java:70)
	at org.junit.runners.BlockJUnit4ClassRunner.runChild(BlockJUnit4ClassRunner.java:50)
	at org.junit.runners.ParentRunner$3.run(ParentRunner.java:238)
	at org.junit.runners.ParentRunner$1.schedule(ParentRunner.java:63)
	at org.junit.runners.ParentRunner.runChildren(ParentRunner.java:236)
	at org.junit.runners.ParentRunner.access$000(ParentRunner.java:53)
	at org.junit.runners.ParentRunner$2.evaluate(ParentRunner.java:229)
	at org.junit.runners.ParentRunner.run(ParentRunner.java:309)
	at org.apache.maven.surefire.junit4.JUnit4Provider.execute(JUnit4Provider.java:365)
	at org.apache.maven.surefire.junit4.JUnit4Provider.executeWithRerun(JUnit4Provider.java:273)
	at org.apache.maven.surefire.junit4.JUnit4Provider.executeTestSet(JUnit4Provider.java:238)
	at org.apache.maven.surefire.junit4.JUnit4Provider.invoke(JUnit4Provider.java:159)
	at org.apache.maven.surefire.booter.ForkedBooter.invokeProviderInSameClassLoader(ForkedBooter.java:384)
	at org.apache.maven.surefire.booter.ForkedBooter.runSuitesInProcess(ForkedBooter.java:345)
	at org.apache.maven.surefire.booter.ForkedBooter.execute(ForkedBooter.java:126)
	at org.apache.maven.surefire.booter.ForkedBooter.main(ForkedBooter.java:418)
]]></failure>
    <system-out><![CDATA[2019-09-09 18:20:17,927 [main] WARN  server.ServerUtils (ServerUtils.java:getScmDbDir(145)) - ozone.scm.db.dirs is not configured. We recommend adding this setting. Falling back to ozone.metadata.dirs instead.
2019-09-09 18:20:17,961 [main] WARN  server.ServerUtils (ServerUtils.java:getScmDbDir(145)) - ozone.scm.db.dirs is not configured. We recommend adding this setting. Falling back to ozone.metadata.dirs instead.
2019-09-09 18:20:17,962 [main] WARN  server.ServerUtils (ServerUtils.java:getScmDbDir(145)) - ozone.scm.db.dirs is not configured. We recommend adding this setting. Falling back to ozone.metadata.dirs instead.
2019-09-09 18:20:17,963 [main] INFO  db.DBStoreBuilder (DBStoreBuilder.java:addTable(110)) - using custom profile for table: deletedBlocks
2019-09-09 18:20:17,963 [main] INFO  db.DBStoreBuilder (DBStoreBuilder.java:processTables(161)) - Using default column profile:DBProfile.DISK for Table:deletedBlocks
2019-09-09 18:20:17,963 [main] INFO  db.DBStoreBuilder (DBStoreBuilder.java:addTable(110)) - using custom profile for table: validCerts
2019-09-09 18:20:17,963 [main] INFO  db.DBStoreBuilder (DBStoreBuilder.java:processTables(161)) - Using default column profile:DBProfile.DISK for Table:validCerts
2019-09-09 18:20:17,964 [main] INFO  db.DBStoreBuilder (DBStoreBuilder.java:addTable(110)) - using custom profile for table: revokedCerts
2019-09-09 18:20:17,964 [main] INFO  db.DBStoreBuilder (DBStoreBuilder.java:processTables(161)) - Using default column profile:DBProfile.DISK for Table:revokedCerts
2019-09-09 18:20:17,964 [main] INFO  db.DBStoreBuilder (DBStoreBuilder.java:addTable(110)) - using custom profile for table: default
2019-09-09 18:20:17,965 [main] INFO  db.DBStoreBuilder (DBStoreBuilder.java:processTables(167)) - Using default column profile:DBProfile.DISK for Table:default
2019-09-09 18:20:17,965 [main] INFO  db.DBStoreBuilder (DBStoreBuilder.java:getDbProfile(198)) - Using default options. DBProfile.DISK
2019-09-09 18:20:18,207 [main] INFO  net.NodeSchemaLoader (NodeSchemaLoader.java:loadSchemaFromFile(125)) - Loading file from sun.misc.CompoundEnumeration@233f52f8
2019-09-09 18:20:18,207 [main] INFO  net.NodeSchemaLoader (NodeSchemaLoader.java:loadSchema(171)) - Loading network topology layer schema file
2019-09-09 18:20:18,214 [main] INFO  node.SCMNodeManager (SCMNodeManager.java:<init>(114)) - Entering startup safe mode.
2019-09-09 18:20:18,215 [main] INFO  algorithms.ContainerPlacementPolicyFactory (ContainerPlacementPolicyFactory.java:getPolicy(55)) - Create container placement policy of type org.apache.hadoop.hdds.scm.container.placement.algorithms.SCMContainerPlacementRandom
2019-09-09 18:20:18,216 [main] WARN  server.ServerUtils (ServerUtils.java:getScmDbDir(145)) - ozone.scm.db.dirs is not configured. We recommend adding this setting. Falling back to ozone.metadata.dirs instead.
2019-09-09 18:20:18,336 [main] INFO  pipeline.SCMPipelineManager (SCMPipelineManager.java:initializePipelineState(128)) - No pipeline exists in current db
2019-09-09 18:20:18,336 [main] WARN  server.ServerUtils (ServerUtils.java:getScmDbDir(145)) - ozone.scm.db.dirs is not configured. We recommend adding this setting. Falling back to ozone.metadata.dirs instead.
2019-09-09 18:20:18,427 [main] WARN  events.EventQueue (EventQueue.java:fireEvent(183)) - No event handler registered for event TypedEvent{payloadType=SafeModeStatus, name='SafeModeStatus'}
2019-09-09 18:20:18,428 [main] INFO  ipc.CallQueueManager (CallQueueManager.java:<init>(84)) - Using callQueue: class java.util.concurrent.LinkedBlockingQueue, queueCapacity: 2000, scheduler: class org.apache.hadoop.ipc.DefaultRpcScheduler, ipcBackoff: false.
2019-09-09 18:20:18,429 [Socket Reader #1 for port 42474] INFO  ipc.Server (Server.java:run(1074)) - Starting Socket Reader #1 for port 42474
2019-09-09 18:20:18,431 [main] INFO  ipc.CallQueueManager (CallQueueManager.java:<init>(84)) - Using callQueue: class java.util.concurrent.LinkedBlockingQueue, queueCapacity: 2000, scheduler: class org.apache.hadoop.ipc.DefaultRpcScheduler, ipcBackoff: false.
2019-09-09 18:20:18,432 [Socket Reader #1 for port 39891] INFO  ipc.Server (Server.java:run(1074)) - Starting Socket Reader #1 for port 39891
2019-09-09 18:20:18,433 [main] INFO  ipc.CallQueueManager (CallQueueManager.java:<init>(84)) - Using callQueue: class java.util.concurrent.LinkedBlockingQueue, queueCapacity: 2000, scheduler: class org.apache.hadoop.ipc.DefaultRpcScheduler, ipcBackoff: false.
2019-09-09 18:20:18,434 [Socket Reader #1 for port 42555] INFO  ipc.Server (Server.java:run(1074)) - Starting Socket Reader #1 for port 42555
2019-09-09 18:20:18,438 [main] INFO  hdfs.DFSUtil (DFSUtil.java:httpServerTemplateForNNAndJN(1641)) - Starting Web-server for scm at: http://0.0.0.0:0
2019-09-09 18:20:18,440 [main] INFO  server.AuthenticationFilter (AuthenticationFilter.java:constructSecretProvider(240)) - Unable to initialize FileSignerSecretProvider, falling back to use random secrets.
2019-09-09 18:20:18,440 [main] WARN  http.HttpRequestLog (HttpRequestLog.java:getRequestLog(97)) - Jetty request log can only be enabled using Log4j
2019-09-09 18:20:18,442 [main] INFO  http.HttpServer2 (HttpServer2.java:addGlobalFilter(975)) - Added global filter 'safety' (class=org.apache.hadoop.http.HttpServer2$QuotingInputFilter)
2019-09-09 18:20:18,443 [main] INFO  http.HttpServer2 (HttpServer2.java:addFilter(948)) - Added filter static_user_filter (class=org.apache.hadoop.http.lib.StaticUserWebFilter$StaticUserFilter) to context scm
2019-09-09 18:20:18,443 [main] INFO  http.HttpServer2 (HttpServer2.java:addFilter(958)) - Added filter static_user_filter (class=org.apache.hadoop.http.lib.StaticUserWebFilter$StaticUserFilter) to context logs
2019-09-09 18:20:18,443 [main] INFO  http.HttpServer2 (HttpServer2.java:addFilter(958)) - Added filter static_user_filter (class=org.apache.hadoop.http.lib.StaticUserWebFilter$StaticUserFilter) to context static
2019-09-09 18:20:18,445 [main] INFO  server.StorageContainerManager (StorageContainerManager.java:start(759)) - StorageContainerLocationProtocol RPC server is listening at /0.0.0.0:42555
2019-09-09 18:20:18,447 [main] WARN  impl.MetricsConfig (MetricsConfig.java:loadFirst(134)) - Cannot locate configuration: tried hadoop-metrics2-storagecontainermanager.properties,hadoop-metrics2.properties
2019-09-09 18:20:18,448 [main] INFO  impl.MetricsSystemImpl (MetricsSystemImpl.java:startTimer(374)) - Scheduled Metric snapshot period at 10 second(s).
2019-09-09 18:20:18,448 [main] INFO  impl.MetricsSystemImpl (MetricsSystemImpl.java:start(191)) - StorageContainerManager metrics system started
2019-09-09 18:20:18,470 [main] WARN  impl.MetricsSystemImpl (MetricsSystemImpl.java:register(276)) - Sink prometheus already exists!
2019-09-09 18:20:18,505 [main] INFO  server.SCMClientProtocolServer (SCMClientProtocolServer.java:start(151)) - RPC server for Client  is listening at /0.0.0.0:42555
2019-09-09 18:20:18,505 [IPC Server Responder] INFO  ipc.Server (Server.java:run(1314)) - IPC Server Responder: starting
2019-09-09 18:20:18,505 [IPC Server listener on 42555] INFO  ipc.Server (Server.java:run(1153)) - IPC Server listener on 42555: starting
2019-09-09 18:20:18,509 [main] INFO  server.StorageContainerManager (StorageContainerManager.java:start(769)) - ScmBlockLocationProtocol RPC server is listening at /0.0.0.0:39891
2019-09-09 18:20:18,509 [main] INFO  server.SCMBlockProtocolServer (SCMBlockProtocolServer.java:start(146)) - RPC server for Block Protocol is listening at /0.0.0.0:39891
2019-09-09 18:20:18,509 [IPC Server Responder] INFO  ipc.Server (Server.java:run(1314)) - IPC Server Responder: starting
2019-09-09 18:20:18,510 [IPC Server listener on 39891] INFO  ipc.Server (Server.java:run(1153)) - IPC Server listener on 39891: starting
2019-09-09 18:20:18,513 [main] INFO  server.StorageContainerManager (StorageContainerManager.java:start(773)) - ScmDatanodeProtocl RPC server is listening at /0.0.0.0:42474
2019-09-09 18:20:18,513 [main] INFO  server.SCMDatanodeProtocolServer (SCMDatanodeProtocolServer.java:start(191)) - RPC server for DataNodes is listening at /0.0.0.0:42474
2019-09-09 18:20:18,514 [IPC Server Responder] INFO  ipc.Server (Server.java:run(1314)) - IPC Server Responder: starting
2019-09-09 18:20:18,514 [IPC Server listener on 42474] INFO  ipc.Server (Server.java:run(1153)) - IPC Server listener on 42474: starting
2019-09-09 18:20:18,518 [main] INFO  http.HttpServer2 (HttpServer2.java:bindListener(1191)) - Jetty bound to port 37318
2019-09-09 18:20:18,518 [main] INFO  server.Server (Server.java:doStart(351)) - jetty-9.3.24.v20180605, build timestamp: 2018-06-05T17:11:56Z, git hash: 84205aa28f11a4f31f2a3b86d1bba2cc8ab69827
2019-09-09 18:20:18,519 [main] INFO  handler.ContextHandler (ContextHandler.java:doStart(781)) - Started o.e.j.s.ServletContextHandler@68631b1d{/logs,file:///workdir/hadoop-ozone/integration-test/target/log,AVAILABLE}
2019-09-09 18:20:18,520 [main] INFO  handler.ContextHandler (ContextHandler.java:doStart(781)) - Started o.e.j.s.ServletContextHandler@a0c5be{/static,file:///workdir/hadoop-ozone/integration-test/target/test-classes/webapps/static,AVAILABLE}
2019-09-09 18:20:18,523 [main] INFO  handler.ContextHandler (ContextHandler.java:doStart(781)) - Started o.e.j.w.WebAppContext@5b02a984{/,file:///workdir/hadoop-ozone/integration-test/target/test-classes/webapps/scm/,AVAILABLE}{/scm}
2019-09-09 18:20:18,524 [main] INFO  server.AbstractConnector (AbstractConnector.java:doStart(278)) - Started ServerConnector@57186526{HTTP/1.1,[http/1.1]}{0.0.0.0:37318}
2019-09-09 18:20:18,524 [main] INFO  server.Server (Server.java:doStart(419)) - Started @531605ms
2019-09-09 18:20:18,525 [main] WARN  impl.MetricsSystemImpl (MetricsSystemImpl.java:register(276)) - Sink prometheus already exists!
2019-09-09 18:20:18,526 [main] INFO  server.BaseHttpServer (BaseHttpServer.java:updateConnectorAddress(215)) - HTTP server of SCM is listening at http://0.0.0.0:37318
2019-09-09 18:20:18,526 [main] WARN  server.ServerUtils (ServerUtils.java:getDBPath(222)) - ozone.om.db.dirs is not configured. We recommend adding this setting. Falling back to ozone.metadata.dirs instead.
2019-09-09 18:20:18,527 [org.apache.hadoop.util.JvmPauseMonitor$Monitor@66f16742] INFO  util.JvmPauseMonitor (JvmPauseMonitor.java:run(188)) - Starting JVM pause monitor
2019-09-09 18:20:18,912 [main] WARN  server.ServerUtils (ServerUtils.java:getDBPath(222)) - ozone.om.db.dirs is not configured. We recommend adding this setting. Falling back to ozone.metadata.dirs instead.
2019-09-09 18:20:18,913 [main] WARN  server.ServerUtils (ServerUtils.java:getDBPath(222)) - ozone.om.db.dirs is not configured. We recommend adding this setting. Falling back to ozone.metadata.dirs instead.
2019-09-09 18:20:18,913 [main] INFO  om.OzoneManager (OzoneManager.java:setOMNodeDetails(649)) - OM Service ID is not set. Setting it to the default ID: omServiceIdDefault
2019-09-09 18:20:18,914 [main] INFO  om.OzoneManager (OzoneManager.java:setOMNodeDetails(655)) - OM Node ID is not set. Setting it to the OmStorage's OmID: bd8f0e58-cc34-4eb9-ab67-46bc4785bcf1
2019-09-09 18:20:18,914 [main] INFO  om.OzoneManager (OzoneManager.java:loadOMHAConfigs(606)) - Found matching OM address with OMServiceId: null, OMNodeId: null, RPC Address: localhost:0 and Ratis port: 9872
2019-09-09 18:20:18,921 [main] WARN  server.ServerUtils (ServerUtils.java:getDBPath(222)) - ozone.om.db.dirs is not configured. We recommend adding this setting. Falling back to ozone.metadata.dirs instead.
2019-09-09 18:20:18,922 [main] INFO  db.DBStoreBuilder (DBStoreBuilder.java:addTable(110)) - using custom profile for table: userTable
2019-09-09 18:20:18,922 [main] INFO  db.DBStoreBuilder (DBStoreBuilder.java:processTables(161)) - Using default column profile:DBProfile.DISK for Table:userTable
2019-09-09 18:20:18,923 [main] INFO  db.DBStoreBuilder (DBStoreBuilder.java:addTable(110)) - using custom profile for table: volumeTable
2019-09-09 18:20:18,923 [main] INFO  db.DBStoreBuilder (DBStoreBuilder.java:processTables(161)) - Using default column profile:DBProfile.DISK for Table:volumeTable
2019-09-09 18:20:18,923 [main] INFO  db.DBStoreBuilder (DBStoreBuilder.java:addTable(110)) - using custom profile for table: bucketTable
2019-09-09 18:20:18,923 [main] INFO  db.DBStoreBuilder (DBStoreBuilder.java:processTables(161)) - Using default column profile:DBProfile.DISK for Table:bucketTable
2019-09-09 18:20:18,924 [main] INFO  db.DBStoreBuilder (DBStoreBuilder.java:addTable(110)) - using custom profile for table: keyTable
2019-09-09 18:20:18,924 [main] INFO  db.DBStoreBuilder (DBStoreBuilder.java:processTables(161)) - Using default column profile:DBProfile.DISK for Table:keyTable
2019-09-09 18:20:18,924 [main] INFO  db.DBStoreBuilder (DBStoreBuilder.java:addTable(110)) - using custom profile for table: deletedTable
2019-09-09 18:20:18,925 [main] INFO  db.DBStoreBuilder (DBStoreBuilder.java:processTables(161)) - Using default column profile:DBProfile.DISK for Table:deletedTable
2019-09-09 18:20:18,925 [main] INFO  db.DBStoreBuilder (DBStoreBuilder.java:addTable(110)) - using custom profile for table: openKeyTable
2019-09-09 18:20:18,925 [main] INFO  db.DBStoreBuilder (DBStoreBuilder.java:processTables(161)) - Using default column profile:DBProfile.DISK for Table:openKeyTable
2019-09-09 18:20:18,925 [main] INFO  db.DBStoreBuilder (DBStoreBuilder.java:addTable(110)) - using custom profile for table: s3Table
2019-09-09 18:20:18,926 [main] INFO  db.DBStoreBuilder (DBStoreBuilder.java:processTables(161)) - Using default column profile:DBProfile.DISK for Table:s3Table
2019-09-09 18:20:18,926 [main] INFO  db.DBStoreBuilder (DBStoreBuilder.java:addTable(110)) - using custom profile for table: multipartInfoTable
2019-09-09 18:20:18,926 [main] INFO  db.DBStoreBuilder (DBStoreBuilder.java:processTables(161)) - Using default column profile:DBProfile.DISK for Table:multipartInfoTable
2019-09-09 18:20:18,926 [main] INFO  db.DBStoreBuilder (DBStoreBuilder.java:addTable(110)) - using custom profile for table: dTokenTable
2019-09-09 18:20:18,927 [main] INFO  db.DBStoreBuilder (DBStoreBuilder.java:processTables(161)) - Using default column profile:DBProfile.DISK for Table:dTokenTable
2019-09-09 18:20:18,927 [main] INFO  db.DBStoreBuilder (DBStoreBuilder.java:addTable(110)) - using custom profile for table: s3SecretTable
2019-09-09 18:20:18,927 [main] INFO  db.DBStoreBuilder (DBStoreBuilder.java:processTables(161)) - Using default column profile:DBProfile.DISK for Table:s3SecretTable
2019-09-09 18:20:18,927 [main] INFO  db.DBStoreBuilder (DBStoreBuilder.java:addTable(110)) - using custom profile for table: prefixTable
2019-09-09 18:20:18,928 [main] INFO  db.DBStoreBuilder (DBStoreBuilder.java:processTables(161)) - Using default column profile:DBProfile.DISK for Table:prefixTable
2019-09-09 18:20:18,928 [main] INFO  db.DBStoreBuilder (DBStoreBuilder.java:addTable(110)) - using custom profile for table: default
2019-09-09 18:20:18,928 [main] INFO  db.DBStoreBuilder (DBStoreBuilder.java:processTables(167)) - Using default column profile:DBProfile.DISK for Table:default
2019-09-09 18:20:18,928 [main] INFO  db.DBStoreBuilder (DBStoreBuilder.java:getDbProfile(198)) - Using default options. DBProfile.DISK
2019-09-09 18:20:19,687 [main] INFO  ipc.CallQueueManager (CallQueueManager.java:<init>(84)) - Using callQueue: class java.util.concurrent.LinkedBlockingQueue, queueCapacity: 2000, scheduler: class org.apache.hadoop.ipc.DefaultRpcScheduler, ipcBackoff: false.
2019-09-09 18:20:19,689 [Socket Reader #1 for port 46498] INFO  ipc.Server (Server.java:run(1074)) - Starting Socket Reader #1 for port 46498
2019-09-09 18:20:19,707 [main] INFO  om.OzoneManager (OzoneManager.java:start(1240)) - OzoneManager RPC server is listening at localhost/127.0.0.1:46498
2019-09-09 18:20:19,708 [main] INFO  impl.MetricsSystemImpl (MetricsSystemImpl.java:init(158)) - OzoneManager metrics system started (again)
2019-09-09 18:20:19,709 [IPC Server Responder] INFO  ipc.Server (Server.java:run(1314)) - IPC Server Responder: starting
2019-09-09 18:20:19,709 [IPC Server listener on 46498] INFO  ipc.Server (Server.java:run(1153)) - IPC Server listener on 46498: starting
2019-09-09 18:20:19,715 [main] INFO  hdfs.DFSUtil (DFSUtil.java:httpServerTemplateForNNAndJN(1641)) - Starting Web-server for ozoneManager at: http://0.0.0.0:0
2019-09-09 18:20:19,717 [main] INFO  server.AuthenticationFilter (AuthenticationFilter.java:constructSecretProvider(240)) - Unable to initialize FileSignerSecretProvider, falling back to use random secrets.
2019-09-09 18:20:19,717 [main] WARN  http.HttpRequestLog (HttpRequestLog.java:getRequestLog(97)) - Jetty request log can only be enabled using Log4j
2019-09-09 18:20:19,720 [main] INFO  http.HttpServer2 (HttpServer2.java:addGlobalFilter(975)) - Added global filter 'safety' (class=org.apache.hadoop.http.HttpServer2$QuotingInputFilter)
2019-09-09 18:20:19,720 [main] INFO  http.HttpServer2 (HttpServer2.java:addFilter(948)) - Added filter static_user_filter (class=org.apache.hadoop.http.lib.StaticUserWebFilter$StaticUserFilter) to context ozoneManager
2019-09-09 18:20:19,721 [main] INFO  http.HttpServer2 (HttpServer2.java:addFilter(958)) - Added filter static_user_filter (class=org.apache.hadoop.http.lib.StaticUserWebFilter$StaticUserFilter) to context static
2019-09-09 18:20:19,721 [main] INFO  http.HttpServer2 (HttpServer2.java:addFilter(958)) - Added filter static_user_filter (class=org.apache.hadoop.http.lib.StaticUserWebFilter$StaticUserFilter) to context logs
2019-09-09 18:20:19,722 [main] INFO  http.HttpServer2 (HttpServer2.java:bindListener(1191)) - Jetty bound to port 33583
2019-09-09 18:20:19,722 [main] INFO  server.Server (Server.java:doStart(351)) - jetty-9.3.24.v20180605, build timestamp: 2018-06-05T17:11:56Z, git hash: 84205aa28f11a4f31f2a3b86d1bba2cc8ab69827
2019-09-09 18:20:19,724 [main] INFO  handler.ContextHandler (ContextHandler.java:doStart(781)) - Started o.e.j.s.ServletContextHandler@5438fa43{/logs,file:///workdir/hadoop-ozone/integration-test/target/log,AVAILABLE}
2019-09-09 18:20:19,725 [main] INFO  handler.ContextHandler (ContextHandler.java:doStart(781)) - Started o.e.j.s.ServletContextHandler@515ab3f2{/static,file:///workdir/hadoop-ozone/integration-test/target/test-classes/webapps/static,AVAILABLE}
2019-09-09 18:20:19,731 [main] INFO  handler.ContextHandler (ContextHandler.java:doStart(781)) - Started o.e.j.w.WebAppContext@28be7fec{/,file:///workdir/hadoop-ozone/integration-test/target/test-classes/webapps/ozoneManager/,AVAILABLE}{/ozoneManager}
2019-09-09 18:20:19,731 [main] INFO  server.AbstractConnector (AbstractConnector.java:doStart(278)) - Started ServerConnector@26f0141{HTTP/1.1,[http/1.1]}{0.0.0.0:33583}
2019-09-09 18:20:19,732 [main] INFO  server.Server (Server.java:doStart(419)) - Started @532814ms
2019-09-09 18:20:19,733 [main] WARN  impl.MetricsSystemImpl (MetricsSystemImpl.java:register(276)) - Sink prometheus already exists!
2019-09-09 18:20:19,734 [main] INFO  server.BaseHttpServer (BaseHttpServer.java:updateConnectorAddress(215)) - HTTP server of OZONEMANAGER is listening at http://0.0.0.0:33583
2019-09-09 18:20:19,753 [main] INFO  impl.MetricsSystemImpl (MetricsSystemImpl.java:init(158)) - HddsDatanode metrics system started (again)
2019-09-09 18:20:19,755 [main] INFO  ozone.HddsDatanodeService (HddsDatanodeService.java:start(184)) - HddsDatanodeService host:pr-hdds-2076-trb5z-849201047 ip:192.168.5.148
2019-09-09 18:20:19,763 [main] INFO  volume.HddsVolume (HddsVolume.java:<init>(176)) - Creating Volume: /workdir/hadoop-ozone/integration-test/target/test-dir/MiniOzoneClusterImpl-95ae6e3b-0d2e-4555-bae3-c8c32225a9eb/datanode-0/data/containers/hdds of  storage type : DISK and capacity : 1482555576320
2019-09-09 18:20:19,763 [main] INFO  volume.VolumeSet (VolumeSet.java:initializeVolumeSet(170)) - Added Volume : /workdir/hadoop-ozone/integration-test/target/test-dir/MiniOzoneClusterImpl-95ae6e3b-0d2e-4555-bae3-c8c32225a9eb/datanode-0/data/containers/hdds to VolumeSet
2019-09-09 18:20:19,763 [main] INFO  volume.ThrottledAsyncChecker (ThrottledAsyncChecker.java:schedule(140)) - Scheduling a check for org.apache.hadoop.ozone.container.common.volume.HddsVolume@d2708a7
2019-09-09 18:20:19,764 [main] INFO  volume.HddsVolumeChecker (HddsVolumeChecker.java:checkAllVolumes(203)) - Scheduled health check for volume org.apache.hadoop.ozone.container.common.volume.HddsVolume@d2708a7
2019-09-09 18:20:19,781 [main] INFO  impl.RaftServerProxy (ConfUtils.java:logGet(43)) - raft.rpc.type = GRPC (default)
2019-09-09 18:20:19,781 [main] INFO  grpc.GrpcFactory (GrpcFactory.java:checkPooledByteBufAllocatorUseCacheForAllThreads(45)) - PERFORMANCE WARNING: useCacheForAllThreads is true that may cause Netty to create a lot garbage objects and, as a result, trigger GC.
	It is recommended to disable useCacheForAllThreads by setting -Dorg.apache.ratis.thirdparty.io.netty.allocator.useCacheForAllThreads=false in command line.
2019-09-09 18:20:19,781 [main] INFO  grpc.GrpcConfigKeys$Server (ConfUtils.java:logGet(43)) - raft.grpc.server.port = 0 (default)
2019-09-09 18:20:19,781 [main] INFO  server.GrpcService (ConfUtils.java:logGet(43)) - raft.grpc.message.size.max = 33570816 (custom)
2019-09-09 18:20:19,782 [main] INFO  server.RaftServerConfigKeys (ConfUtils.java:logGet(43)) - raft.server.log.appender.buffer.byte-limit = 33554432 (custom)
2019-09-09 18:20:19,782 [main] INFO  server.GrpcService (ConfUtils.java:logGet(43)) - raft.grpc.flow.control.window = 1MB (=1048576) (default)
2019-09-09 18:20:19,782 [main] INFO  server.RaftServerConfigKeys (ConfUtils.java:logGet(43)) - raft.server.rpc.request.timeout = 3000ms (default)
2019-09-09 18:20:19,783 [main] INFO  server.RaftServerConfigKeys (ConfUtils.java:logGet(43)) - raft.server.storage.dir = [/workdir/hadoop-ozone/integration-test/target/test-dir/MiniOzoneClusterImpl-95ae6e3b-0d2e-4555-bae3-c8c32225a9eb/datanode-0/data/ratis] (custom)
2019-09-09 18:20:19,784 [main] INFO  hdfs.DFSUtil (DFSUtil.java:httpServerTemplateForNNAndJN(1641)) - Starting Web-server for hddsDatanode at: http://0.0.0.0:0
2019-09-09 18:20:19,786 [main] INFO  server.AuthenticationFilter (AuthenticationFilter.java:constructSecretProvider(240)) - Unable to initialize FileSignerSecretProvider, falling back to use random secrets.
2019-09-09 18:20:19,786 [main] WARN  http.HttpRequestLog (HttpRequestLog.java:getRequestLog(97)) - Jetty request log can only be enabled using Log4j
2019-09-09 18:20:19,788 [main] INFO  http.HttpServer2 (HttpServer2.java:addGlobalFilter(975)) - Added global filter 'safety' (class=org.apache.hadoop.http.HttpServer2$QuotingInputFilter)
2019-09-09 18:20:19,788 [main] INFO  http.HttpServer2 (HttpServer2.java:addFilter(948)) - Added filter static_user_filter (class=org.apache.hadoop.http.lib.StaticUserWebFilter$StaticUserFilter) to context hddsDatanode
2019-09-09 18:20:19,788 [main] INFO  http.HttpServer2 (HttpServer2.java:addFilter(958)) - Added filter static_user_filter (class=org.apache.hadoop.http.lib.StaticUserWebFilter$StaticUserFilter) to context static
2019-09-09 18:20:19,789 [main] INFO  http.HttpServer2 (HttpServer2.java:addFilter(958)) - Added filter static_user_filter (class=org.apache.hadoop.http.lib.StaticUserWebFilter$StaticUserFilter) to context logs
2019-09-09 18:20:19,789 [main] INFO  http.HttpServer2 (HttpServer2.java:bindListener(1191)) - Jetty bound to port 42936
2019-09-09 18:20:19,790 [main] INFO  server.Server (Server.java:doStart(351)) - jetty-9.3.24.v20180605, build timestamp: 2018-06-05T17:11:56Z, git hash: 84205aa28f11a4f31f2a3b86d1bba2cc8ab69827
2019-09-09 18:20:19,791 [main] INFO  handler.ContextHandler (ContextHandler.java:doStart(781)) - Started o.e.j.s.ServletContextHandler@afde064{/logs,file:///workdir/hadoop-ozone/integration-test/target/log,AVAILABLE}
2019-09-09 18:20:19,792 [main] INFO  handler.ContextHandler (ContextHandler.java:doStart(781)) - Started o.e.j.s.ServletContextHandler@252ec02e{/static,jar:file:/home/user/.m2/repository/org/apache/hadoop/hadoop-hdds-container-service/0.5.0-SNAPSHOT/hadoop-hdds-container-service-0.5.0-SNAPSHOT.jar!/webapps/static,AVAILABLE}
2019-09-09 18:20:19,824 [main] INFO  handler.ContextHandler (ContextHandler.java:doStart(781)) - Started o.e.j.w.WebAppContext@45554613{/,file:///tmp/jetty-0.0.0.0-42936-hddsDatanode-_-any-5107676314191776358.dir/webapp/,AVAILABLE}{/hddsDatanode}
2019-09-09 18:20:19,824 [main] INFO  server.AbstractConnector (AbstractConnector.java:doStart(278)) - Started ServerConnector@63e5b8aa{HTTP/1.1,[http/1.1]}{0.0.0.0:42936}
2019-09-09 18:20:19,824 [main] INFO  server.Server (Server.java:doStart(419)) - Started @532906ms
2019-09-09 18:20:19,825 [main] WARN  impl.MetricsSystemImpl (MetricsSystemImpl.java:register(276)) - Sink prometheus already exists!
2019-09-09 18:20:19,826 [main] INFO  server.BaseHttpServer (BaseHttpServer.java:updateConnectorAddress(215)) - HTTP server of HDDSDATANODE is listening at http://0.0.0.0:42936
2019-09-09 18:20:19,826 [main] INFO  impl.MetricsSystemImpl (MetricsSystemImpl.java:init(158)) - HddsDatanode metrics system started (again)
2019-09-09 18:20:19,829 [main] INFO  ozone.HddsDatanodeService (HddsDatanodeService.java:start(184)) - HddsDatanodeService host:pr-hdds-2076-trb5z-849201047 ip:192.168.5.148
2019-09-09 18:20:19,829 [org.apache.hadoop.util.JvmPauseMonitor$Monitor@22b9fe5f] INFO  util.JvmPauseMonitor (JvmPauseMonitor.java:run(188)) - Starting JVM pause monitor
2019-09-09 18:20:19,830 [Datanode State Machine Thread - 0] INFO  datanode.InitDatanodeState (InitDatanodeState.java:persistContainerDatanodeDetails(140)) - DatanodeDetails is persisted to /workdir/hadoop-ozone/integration-test/target/test-dir/MiniOzoneClusterImpl-95ae6e3b-0d2e-4555-bae3-c8c32225a9eb/datanode-0/meta/datanode.id
2019-09-09 18:20:19,835 [main] INFO  volume.HddsVolume (HddsVolume.java:<init>(176)) - Creating Volume: /workdir/hadoop-ozone/integration-test/target/test-dir/MiniOzoneClusterImpl-95ae6e3b-0d2e-4555-bae3-c8c32225a9eb/datanode-1/data/containers/hdds of  storage type : DISK and capacity : 1482555576320
2019-09-09 18:20:19,835 [main] INFO  volume.VolumeSet (VolumeSet.java:initializeVolumeSet(170)) - Added Volume : /workdir/hadoop-ozone/integration-test/target/test-dir/MiniOzoneClusterImpl-95ae6e3b-0d2e-4555-bae3-c8c32225a9eb/datanode-1/data/containers/hdds to VolumeSet
2019-09-09 18:20:19,836 [main] INFO  volume.ThrottledAsyncChecker (ThrottledAsyncChecker.java:schedule(140)) - Scheduling a check for org.apache.hadoop.ozone.container.common.volume.HddsVolume@17c4dc5b
2019-09-09 18:20:19,836 [main] INFO  volume.HddsVolumeChecker (HddsVolumeChecker.java:checkAllVolumes(203)) - Scheduled health check for volume org.apache.hadoop.ozone.container.common.volume.HddsVolume@17c4dc5b
2019-09-09 18:20:19,849 [main] INFO  impl.RaftServerProxy (ConfUtils.java:logGet(43)) - raft.rpc.type = GRPC (default)
2019-09-09 18:20:19,849 [main] INFO  grpc.GrpcFactory (GrpcFactory.java:checkPooledByteBufAllocatorUseCacheForAllThreads(45)) - PERFORMANCE WARNING: useCacheForAllThreads is true that may cause Netty to create a lot garbage objects and, as a result, trigger GC.
	It is recommended to disable useCacheForAllThreads by setting -Dorg.apache.ratis.thirdparty.io.netty.allocator.useCacheForAllThreads=false in command line.
2019-09-09 18:20:19,849 [main] INFO  grpc.GrpcConfigKeys$Server (ConfUtils.java:logGet(43)) - raft.grpc.server.port = 0 (default)
2019-09-09 18:20:19,849 [main] INFO  server.GrpcService (ConfUtils.java:logGet(43)) - raft.grpc.message.size.max = 33570816 (custom)
2019-09-09 18:20:19,849 [main] INFO  server.RaftServerConfigKeys (ConfUtils.java:logGet(43)) - raft.server.log.appender.buffer.byte-limit = 33554432 (custom)
2019-09-09 18:20:19,850 [main] INFO  server.GrpcService (ConfUtils.java:logGet(43)) - raft.grpc.flow.control.window = 1MB (=1048576) (default)
2019-09-09 18:20:19,850 [main] INFO  server.RaftServerConfigKeys (ConfUtils.java:logGet(43)) - raft.server.rpc.request.timeout = 3000ms (default)
2019-09-09 18:20:19,850 [main] INFO  server.RaftServerConfigKeys (ConfUtils.java:logGet(43)) - raft.server.storage.dir = [/workdir/hadoop-ozone/integration-test/target/test-dir/MiniOzoneClusterImpl-95ae6e3b-0d2e-4555-bae3-c8c32225a9eb/datanode-1/data/ratis] (custom)
2019-09-09 18:20:19,851 [main] INFO  hdfs.DFSUtil (DFSUtil.java:httpServerTemplateForNNAndJN(1641)) - Starting Web-server for hddsDatanode at: http://0.0.0.0:0
2019-09-09 18:20:19,852 [main] INFO  server.AuthenticationFilter (AuthenticationFilter.java:constructSecretProvider(240)) - Unable to initialize FileSignerSecretProvider, falling back to use random secrets.
2019-09-09 18:20:19,853 [main] WARN  http.HttpRequestLog (HttpRequestLog.java:getRequestLog(97)) - Jetty request log can only be enabled using Log4j
2019-09-09 18:20:19,854 [main] INFO  http.HttpServer2 (HttpServer2.java:addGlobalFilter(975)) - Added global filter 'safety' (class=org.apache.hadoop.http.HttpServer2$QuotingInputFilter)
2019-09-09 18:20:19,854 [main] INFO  http.HttpServer2 (HttpServer2.java:addFilter(948)) - Added filter static_user_filter (class=org.apache.hadoop.http.lib.StaticUserWebFilter$StaticUserFilter) to context hddsDatanode
2019-09-09 18:20:19,855 [main] INFO  http.HttpServer2 (HttpServer2.java:addFilter(958)) - Added filter static_user_filter (class=org.apache.hadoop.http.lib.StaticUserWebFilter$StaticUserFilter) to context logs
2019-09-09 18:20:19,855 [main] INFO  http.HttpServer2 (HttpServer2.java:addFilter(958)) - Added filter static_user_filter (class=org.apache.hadoop.http.lib.StaticUserWebFilter$StaticUserFilter) to context static
2019-09-09 18:20:19,855 [main] INFO  http.HttpServer2 (HttpServer2.java:bindListener(1191)) - Jetty bound to port 43535
2019-09-09 18:20:19,855 [main] INFO  server.Server (Server.java:doStart(351)) - jetty-9.3.24.v20180605, build timestamp: 2018-06-05T17:11:56Z, git hash: 84205aa28f11a4f31f2a3b86d1bba2cc8ab69827
2019-09-09 18:20:19,857 [main] INFO  handler.ContextHandler (ContextHandler.java:doStart(781)) - Started o.e.j.s.ServletContextHandler@740b9a50{/logs,file:///workdir/hadoop-ozone/integration-test/target/log,AVAILABLE}
2019-09-09 18:20:19,857 [main] INFO  handler.ContextHandler (ContextHandler.java:doStart(781)) - Started o.e.j.s.ServletContextHandler@5111de7c{/static,jar:file:/home/user/.m2/repository/org/apache/hadoop/hadoop-hdds-container-service/0.5.0-SNAPSHOT/hadoop-hdds-container-service-0.5.0-SNAPSHOT.jar!/webapps/static,AVAILABLE}
2019-09-09 18:20:19,884 [main] INFO  handler.ContextHandler (ContextHandler.java:doStart(781)) - Started o.e.j.w.WebAppContext@448462f0{/,file:///tmp/jetty-0.0.0.0-43535-hddsDatanode-_-any-6075894891184974422.dir/webapp/,AVAILABLE}{/hddsDatanode}
2019-09-09 18:20:19,884 [main] INFO  server.AbstractConnector (AbstractConnector.java:doStart(278)) - Started ServerConnector@787988f4{HTTP/1.1,[http/1.1]}{0.0.0.0:43535}
2019-09-09 18:20:19,884 [main] INFO  server.Server (Server.java:doStart(419)) - Started @532966ms
2019-09-09 18:20:19,885 [main] WARN  impl.MetricsSystemImpl (MetricsSystemImpl.java:register(276)) - Sink prometheus already exists!
2019-09-09 18:20:19,886 [main] INFO  server.BaseHttpServer (BaseHttpServer.java:updateConnectorAddress(215)) - HTTP server of HDDSDATANODE is listening at http://0.0.0.0:43535
2019-09-09 18:20:19,886 [main] INFO  impl.MetricsSystemImpl (MetricsSystemImpl.java:init(158)) - HddsDatanode metrics system started (again)
2019-09-09 18:20:19,889 [main] INFO  ozone.HddsDatanodeService (HddsDatanodeService.java:start(184)) - HddsDatanodeService host:pr-hdds-2076-trb5z-849201047 ip:192.168.5.148
2019-09-09 18:20:19,889 [org.apache.hadoop.util.JvmPauseMonitor$Monitor@2eedae8] INFO  util.JvmPauseMonitor (JvmPauseMonitor.java:run(188)) - Starting JVM pause monitor
2019-09-09 18:20:19,890 [Datanode State Machine Thread - 0] INFO  datanode.InitDatanodeState (InitDatanodeState.java:persistContainerDatanodeDetails(140)) - DatanodeDetails is persisted to /workdir/hadoop-ozone/integration-test/target/test-dir/MiniOzoneClusterImpl-95ae6e3b-0d2e-4555-bae3-c8c32225a9eb/datanode-1/meta/datanode.id
2019-09-09 18:20:19,895 [main] INFO  volume.HddsVolume (HddsVolume.java:<init>(176)) - Creating Volume: /workdir/hadoop-ozone/integration-test/target/test-dir/MiniOzoneClusterImpl-95ae6e3b-0d2e-4555-bae3-c8c32225a9eb/datanode-2/data/containers/hdds of  storage type : DISK and capacity : 1482555576320
2019-09-09 18:20:19,896 [main] INFO  volume.VolumeSet (VolumeSet.java:initializeVolumeSet(170)) - Added Volume : /workdir/hadoop-ozone/integration-test/target/test-dir/MiniOzoneClusterImpl-95ae6e3b-0d2e-4555-bae3-c8c32225a9eb/datanode-2/data/containers/hdds to VolumeSet
2019-09-09 18:20:19,896 [main] INFO  volume.ThrottledAsyncChecker (ThrottledAsyncChecker.java:schedule(140)) - Scheduling a check for org.apache.hadoop.ozone.container.common.volume.HddsVolume@4aaecabd
2019-09-09 18:20:19,896 [main] INFO  volume.HddsVolumeChecker (HddsVolumeChecker.java:checkAllVolumes(203)) - Scheduled health check for volume org.apache.hadoop.ozone.container.common.volume.HddsVolume@4aaecabd
2019-09-09 18:20:19,909 [main] INFO  impl.RaftServerProxy (ConfUtils.java:logGet(43)) - raft.rpc.type = GRPC (default)
2019-09-09 18:20:19,909 [main] INFO  grpc.GrpcFactory (GrpcFactory.java:checkPooledByteBufAllocatorUseCacheForAllThreads(45)) - PERFORMANCE WARNING: useCacheForAllThreads is true that may cause Netty to create a lot garbage objects and, as a result, trigger GC.
	It is recommended to disable useCacheForAllThreads by setting -Dorg.apache.ratis.thirdparty.io.netty.allocator.useCacheForAllThreads=false in command line.
2019-09-09 18:20:19,909 [main] INFO  grpc.GrpcConfigKeys$Server (ConfUtils.java:logGet(43)) - raft.grpc.server.port = 0 (default)
2019-09-09 18:20:19,910 [main] INFO  server.GrpcService (ConfUtils.java:logGet(43)) - raft.grpc.message.size.max = 33570816 (custom)
2019-09-09 18:20:19,910 [main] INFO  server.RaftServerConfigKeys (ConfUtils.java:logGet(43)) - raft.server.log.appender.buffer.byte-limit = 33554432 (custom)
2019-09-09 18:20:19,910 [main] INFO  server.GrpcService (ConfUtils.java:logGet(43)) - raft.grpc.flow.control.window = 1MB (=1048576) (default)
2019-09-09 18:20:19,910 [main] INFO  server.RaftServerConfigKeys (ConfUtils.java:logGet(43)) - raft.server.rpc.request.timeout = 3000ms (default)
2019-09-09 18:20:19,911 [main] INFO  server.RaftServerConfigKeys (ConfUtils.java:logGet(43)) - raft.server.storage.dir = [/workdir/hadoop-ozone/integration-test/target/test-dir/MiniOzoneClusterImpl-95ae6e3b-0d2e-4555-bae3-c8c32225a9eb/datanode-2/data/ratis] (custom)
2019-09-09 18:20:19,912 [main] INFO  hdfs.DFSUtil (DFSUtil.java:httpServerTemplateForNNAndJN(1641)) - Starting Web-server for hddsDatanode at: http://0.0.0.0:0
2019-09-09 18:20:19,913 [main] INFO  server.AuthenticationFilter (AuthenticationFilter.java:constructSecretProvider(240)) - Unable to initialize FileSignerSecretProvider, falling back to use random secrets.
2019-09-09 18:20:19,913 [main] WARN  http.HttpRequestLog (HttpRequestLog.java:getRequestLog(97)) - Jetty request log can only be enabled using Log4j
2019-09-09 18:20:19,915 [main] INFO  http.HttpServer2 (HttpServer2.java:addGlobalFilter(975)) - Added global filter 'safety' (class=org.apache.hadoop.http.HttpServer2$QuotingInputFilter)
2019-09-09 18:20:19,915 [main] INFO  http.HttpServer2 (HttpServer2.java:addFilter(948)) - Added filter static_user_filter (class=org.apache.hadoop.http.lib.StaticUserWebFilter$StaticUserFilter) to context hddsDatanode
2019-09-09 18:20:19,915 [main] INFO  http.HttpServer2 (HttpServer2.java:addFilter(958)) - Added filter static_user_filter (class=org.apache.hadoop.http.lib.StaticUserWebFilter$StaticUserFilter) to context static
2019-09-09 18:20:19,915 [main] INFO  http.HttpServer2 (HttpServer2.java:addFilter(958)) - Added filter static_user_filter (class=org.apache.hadoop.http.lib.StaticUserWebFilter$StaticUserFilter) to context logs
2019-09-09 18:20:19,916 [main] INFO  http.HttpServer2 (HttpServer2.java:bindListener(1191)) - Jetty bound to port 41148
2019-09-09 18:20:19,916 [main] INFO  server.Server (Server.java:doStart(351)) - jetty-9.3.24.v20180605, build timestamp: 2018-06-05T17:11:56Z, git hash: 84205aa28f11a4f31f2a3b86d1bba2cc8ab69827
2019-09-09 18:20:19,917 [main] INFO  handler.ContextHandler (ContextHandler.java:doStart(781)) - Started o.e.j.s.ServletContextHandler@7739aac4{/logs,file:///workdir/hadoop-ozone/integration-test/target/log,AVAILABLE}
2019-09-09 18:20:19,918 [main] INFO  handler.ContextHandler (ContextHandler.java:doStart(781)) - Started o.e.j.s.ServletContextHandler@36c07c75{/static,jar:file:/home/user/.m2/repository/org/apache/hadoop/hadoop-hdds-container-service/0.5.0-SNAPSHOT/hadoop-hdds-container-service-0.5.0-SNAPSHOT.jar!/webapps/static,AVAILABLE}
2019-09-09 18:20:19,944 [main] INFO  handler.ContextHandler (ContextHandler.java:doStart(781)) - Started o.e.j.w.WebAppContext@7a66c35a{/,file:///tmp/jetty-0.0.0.0-41148-hddsDatanode-_-any-7092566428587780361.dir/webapp/,AVAILABLE}{/hddsDatanode}
2019-09-09 18:20:19,945 [main] INFO  server.AbstractConnector (AbstractConnector.java:doStart(278)) - Started ServerConnector@7994a0d1{HTTP/1.1,[http/1.1]}{0.0.0.0:41148}
2019-09-09 18:20:19,946 [main] INFO  server.Server (Server.java:doStart(419)) - Started @533028ms
2019-09-09 18:20:19,946 [main] WARN  impl.MetricsSystemImpl (MetricsSystemImpl.java:register(276)) - Sink prometheus already exists!
2019-09-09 18:20:19,947 [main] INFO  server.BaseHttpServer (BaseHttpServer.java:updateConnectorAddress(215)) - HTTP server of HDDSDATANODE is listening at http://0.0.0.0:41148
2019-09-09 18:20:19,947 [main] INFO  impl.MetricsSystemImpl (MetricsSystemImpl.java:init(158)) - HddsDatanode metrics system started (again)
2019-09-09 18:20:19,950 [main] INFO  ozone.HddsDatanodeService (HddsDatanodeService.java:start(184)) - HddsDatanodeService host:pr-hdds-2076-trb5z-849201047 ip:192.168.5.148
2019-09-09 18:20:19,950 [org.apache.hadoop.util.JvmPauseMonitor$Monitor@151d7528] INFO  util.JvmPauseMonitor (JvmPauseMonitor.java:run(188)) - Starting JVM pause monitor
2019-09-09 18:20:19,952 [Datanode State Machine Thread - 0] INFO  datanode.InitDatanodeState (InitDatanodeState.java:persistContainerDatanodeDetails(140)) - DatanodeDetails is persisted to /workdir/hadoop-ozone/integration-test/target/test-dir/MiniOzoneClusterImpl-95ae6e3b-0d2e-4555-bae3-c8c32225a9eb/datanode-2/meta/datanode.id
2019-09-09 18:20:19,956 [main] INFO  volume.HddsVolume (HddsVolume.java:<init>(176)) - Creating Volume: /workdir/hadoop-ozone/integration-test/target/test-dir/MiniOzoneClusterImpl-95ae6e3b-0d2e-4555-bae3-c8c32225a9eb/datanode-3/data/containers/hdds of  storage type : DISK and capacity : 1482555576320
2019-09-09 18:20:19,957 [main] INFO  volume.VolumeSet (VolumeSet.java:initializeVolumeSet(170)) - Added Volume : /workdir/hadoop-ozone/integration-test/target/test-dir/MiniOzoneClusterImpl-95ae6e3b-0d2e-4555-bae3-c8c32225a9eb/datanode-3/data/containers/hdds to VolumeSet
2019-09-09 18:20:19,957 [main] INFO  volume.ThrottledAsyncChecker (ThrottledAsyncChecker.java:schedule(140)) - Scheduling a check for org.apache.hadoop.ozone.container.common.volume.HddsVolume@27ec8754
2019-09-09 18:20:19,957 [main] INFO  volume.HddsVolumeChecker (HddsVolumeChecker.java:checkAllVolumes(203)) - Scheduled health check for volume org.apache.hadoop.ozone.container.common.volume.HddsVolume@27ec8754
2019-09-09 18:20:19,971 [main] INFO  impl.RaftServerProxy (ConfUtils.java:logGet(43)) - raft.rpc.type = GRPC (default)
2019-09-09 18:20:19,971 [main] INFO  grpc.GrpcFactory (GrpcFactory.java:checkPooledByteBufAllocatorUseCacheForAllThreads(45)) - PERFORMANCE WARNING: useCacheForAllThreads is true that may cause Netty to create a lot garbage objects and, as a result, trigger GC.
	It is recommended to disable useCacheForAllThreads by setting -Dorg.apache.ratis.thirdparty.io.netty.allocator.useCacheForAllThreads=false in command line.
2019-09-09 18:20:19,971 [main] INFO  grpc.GrpcConfigKeys$Server (ConfUtils.java:logGet(43)) - raft.grpc.server.port = 0 (default)
2019-09-09 18:20:19,971 [main] INFO  server.GrpcService (ConfUtils.java:logGet(43)) - raft.grpc.message.size.max = 33570816 (custom)
2019-09-09 18:20:19,972 [main] INFO  server.RaftServerConfigKeys (ConfUtils.java:logGet(43)) - raft.server.log.appender.buffer.byte-limit = 33554432 (custom)
2019-09-09 18:20:19,972 [main] INFO  server.GrpcService (ConfUtils.java:logGet(43)) - raft.grpc.flow.control.window = 1MB (=1048576) (default)
2019-09-09 18:20:19,972 [main] INFO  server.RaftServerConfigKeys (ConfUtils.java:logGet(43)) - raft.server.rpc.request.timeout = 3000ms (default)
2019-09-09 18:20:19,972 [main] INFO  server.RaftServerConfigKeys (ConfUtils.java:logGet(43)) - raft.server.storage.dir = [/workdir/hadoop-ozone/integration-test/target/test-dir/MiniOzoneClusterImpl-95ae6e3b-0d2e-4555-bae3-c8c32225a9eb/datanode-3/data/ratis] (custom)
2019-09-09 18:20:19,974 [main] INFO  hdfs.DFSUtil (DFSUtil.java:httpServerTemplateForNNAndJN(1641)) - Starting Web-server for hddsDatanode at: http://0.0.0.0:0
2019-09-09 18:20:19,975 [main] INFO  server.AuthenticationFilter (AuthenticationFilter.java:constructSecretProvider(240)) - Unable to initialize FileSignerSecretProvider, falling back to use random secrets.
2019-09-09 18:20:19,975 [main] WARN  http.HttpRequestLog (HttpRequestLog.java:getRequestLog(97)) - Jetty request log can only be enabled using Log4j
2019-09-09 18:20:19,976 [main] INFO  http.HttpServer2 (HttpServer2.java:addGlobalFilter(975)) - Added global filter 'safety' (class=org.apache.hadoop.http.HttpServer2$QuotingInputFilter)
2019-09-09 18:20:19,977 [main] INFO  http.HttpServer2 (HttpServer2.java:addFilter(948)) - Added filter static_user_filter (class=org.apache.hadoop.http.lib.StaticUserWebFilter$StaticUserFilter) to context hddsDatanode
2019-09-09 18:20:19,977 [main] INFO  http.HttpServer2 (HttpServer2.java:addFilter(958)) - Added filter static_user_filter (class=org.apache.hadoop.http.lib.StaticUserWebFilter$StaticUserFilter) to context logs
2019-09-09 18:20:19,977 [main] INFO  http.HttpServer2 (HttpServer2.java:addFilter(958)) - Added filter static_user_filter (class=org.apache.hadoop.http.lib.StaticUserWebFilter$StaticUserFilter) to context static
2019-09-09 18:20:19,978 [main] INFO  http.HttpServer2 (HttpServer2.java:bindListener(1191)) - Jetty bound to port 37449
2019-09-09 18:20:19,978 [main] INFO  server.Server (Server.java:doStart(351)) - jetty-9.3.24.v20180605, build timestamp: 2018-06-05T17:11:56Z, git hash: 84205aa28f11a4f31f2a3b86d1bba2cc8ab69827
2019-09-09 18:20:19,981 [main] INFO  handler.ContextHandler (ContextHandler.java:doStart(781)) - Started o.e.j.s.ServletContextHandler@46468f0{/logs,file:///workdir/hadoop-ozone/integration-test/target/log,AVAILABLE}
2019-09-09 18:20:19,982 [main] INFO  handler.ContextHandler (ContextHandler.java:doStart(781)) - Started o.e.j.s.ServletContextHandler@34a6d9db{/static,jar:file:/home/user/.m2/repository/org/apache/hadoop/hadoop-hdds-container-service/0.5.0-SNAPSHOT/hadoop-hdds-container-service-0.5.0-SNAPSHOT.jar!/webapps/static,AVAILABLE}
2019-09-09 18:20:20,009 [main] INFO  handler.ContextHandler (ContextHandler.java:doStart(781)) - Started o.e.j.w.WebAppContext@4cc12db2{/,file:///tmp/jetty-0.0.0.0-37449-hddsDatanode-_-any-3061997979527152851.dir/webapp/,AVAILABLE}{/hddsDatanode}
2019-09-09 18:20:20,009 [main] INFO  server.AbstractConnector (AbstractConnector.java:doStart(278)) - Started ServerConnector@5ea7bc4{HTTP/1.1,[http/1.1]}{0.0.0.0:37449}
2019-09-09 18:20:20,010 [main] INFO  server.Server (Server.java:doStart(419)) - Started @533092ms
2019-09-09 18:20:20,010 [main] WARN  impl.MetricsSystemImpl (MetricsSystemImpl.java:register(276)) - Sink prometheus already exists!
2019-09-09 18:20:20,011 [main] INFO  server.BaseHttpServer (BaseHttpServer.java:updateConnectorAddress(215)) - HTTP server of HDDSDATANODE is listening at http://0.0.0.0:37449
2019-09-09 18:20:20,012 [main] INFO  impl.MetricsSystemImpl (MetricsSystemImpl.java:init(158)) - HddsDatanode metrics system started (again)
2019-09-09 18:20:20,015 [main] INFO  ozone.HddsDatanodeService (HddsDatanodeService.java:start(184)) - HddsDatanodeService host:pr-hdds-2076-trb5z-849201047 ip:192.168.5.148
2019-09-09 18:20:20,015 [org.apache.hadoop.util.JvmPauseMonitor$Monitor@790f09c2] INFO  util.JvmPauseMonitor (JvmPauseMonitor.java:run(188)) - Starting JVM pause monitor
2019-09-09 18:20:20,016 [Datanode State Machine Thread - 0] INFO  datanode.InitDatanodeState (InitDatanodeState.java:persistContainerDatanodeDetails(140)) - DatanodeDetails is persisted to /workdir/hadoop-ozone/integration-test/target/test-dir/MiniOzoneClusterImpl-95ae6e3b-0d2e-4555-bae3-c8c32225a9eb/datanode-3/meta/datanode.id
2019-09-09 18:20:20,022 [main] INFO  volume.HddsVolume (HddsVolume.java:<init>(176)) - Creating Volume: /workdir/hadoop-ozone/integration-test/target/test-dir/MiniOzoneClusterImpl-95ae6e3b-0d2e-4555-bae3-c8c32225a9eb/datanode-4/data/containers/hdds of  storage type : DISK and capacity : 1482555576320
2019-09-09 18:20:20,022 [main] INFO  volume.VolumeSet (VolumeSet.java:initializeVolumeSet(170)) - Added Volume : /workdir/hadoop-ozone/integration-test/target/test-dir/MiniOzoneClusterImpl-95ae6e3b-0d2e-4555-bae3-c8c32225a9eb/datanode-4/data/containers/hdds to VolumeSet
2019-09-09 18:20:20,022 [main] INFO  volume.ThrottledAsyncChecker (ThrottledAsyncChecker.java:schedule(140)) - Scheduling a check for org.apache.hadoop.ozone.container.common.volume.HddsVolume@47fcefb3
2019-09-09 18:20:20,023 [main] INFO  volume.HddsVolumeChecker (HddsVolumeChecker.java:checkAllVolumes(203)) - Scheduled health check for volume org.apache.hadoop.ozone.container.common.volume.HddsVolume@47fcefb3
2019-09-09 18:20:20,036 [main] INFO  impl.RaftServerProxy (ConfUtils.java:logGet(43)) - raft.rpc.type = GRPC (default)
2019-09-09 18:20:20,036 [main] INFO  grpc.GrpcFactory (GrpcFactory.java:checkPooledByteBufAllocatorUseCacheForAllThreads(45)) - PERFORMANCE WARNING: useCacheForAllThreads is true that may cause Netty to create a lot garbage objects and, as a result, trigger GC.
	It is recommended to disable useCacheForAllThreads by setting -Dorg.apache.ratis.thirdparty.io.netty.allocator.useCacheForAllThreads=false in command line.
2019-09-09 18:20:20,036 [main] INFO  grpc.GrpcConfigKeys$Server (ConfUtils.java:logGet(43)) - raft.grpc.server.port = 0 (default)
2019-09-09 18:20:20,036 [main] INFO  server.GrpcService (ConfUtils.java:logGet(43)) - raft.grpc.message.size.max = 33570816 (custom)
2019-09-09 18:20:20,037 [main] INFO  server.RaftServerConfigKeys (ConfUtils.java:logGet(43)) - raft.server.log.appender.buffer.byte-limit = 33554432 (custom)
2019-09-09 18:20:20,037 [main] INFO  server.GrpcService (ConfUtils.java:logGet(43)) - raft.grpc.flow.control.window = 1MB (=1048576) (default)
2019-09-09 18:20:20,037 [main] INFO  server.RaftServerConfigKeys (ConfUtils.java:logGet(43)) - raft.server.rpc.request.timeout = 3000ms (default)
2019-09-09 18:20:20,037 [main] INFO  server.RaftServerConfigKeys (ConfUtils.java:logGet(43)) - raft.server.storage.dir = [/workdir/hadoop-ozone/integration-test/target/test-dir/MiniOzoneClusterImpl-95ae6e3b-0d2e-4555-bae3-c8c32225a9eb/datanode-4/data/ratis] (custom)
2019-09-09 18:20:20,039 [main] INFO  hdfs.DFSUtil (DFSUtil.java:httpServerTemplateForNNAndJN(1641)) - Starting Web-server for hddsDatanode at: http://0.0.0.0:0
2019-09-09 18:20:20,040 [main] INFO  server.AuthenticationFilter (AuthenticationFilter.java:constructSecretProvider(240)) - Unable to initialize FileSignerSecretProvider, falling back to use random secrets.
2019-09-09 18:20:20,040 [main] WARN  http.HttpRequestLog (HttpRequestLog.java:getRequestLog(97)) - Jetty request log can only be enabled using Log4j
2019-09-09 18:20:20,041 [main] INFO  http.HttpServer2 (HttpServer2.java:addGlobalFilter(975)) - Added global filter 'safety' (class=org.apache.hadoop.http.HttpServer2$QuotingInputFilter)
2019-09-09 18:20:20,042 [main] INFO  http.HttpServer2 (HttpServer2.java:addFilter(948)) - Added filter static_user_filter (class=org.apache.hadoop.http.lib.StaticUserWebFilter$StaticUserFilter) to context hddsDatanode
2019-09-09 18:20:20,042 [main] INFO  http.HttpServer2 (HttpServer2.java:addFilter(958)) - Added filter static_user_filter (class=org.apache.hadoop.http.lib.StaticUserWebFilter$StaticUserFilter) to context logs
2019-09-09 18:20:20,042 [main] INFO  http.HttpServer2 (HttpServer2.java:addFilter(958)) - Added filter static_user_filter (class=org.apache.hadoop.http.lib.StaticUserWebFilter$StaticUserFilter) to context static
2019-09-09 18:20:20,043 [main] INFO  http.HttpServer2 (HttpServer2.java:bindListener(1191)) - Jetty bound to port 40486
2019-09-09 18:20:20,043 [main] INFO  server.Server (Server.java:doStart(351)) - jetty-9.3.24.v20180605, build timestamp: 2018-06-05T17:11:56Z, git hash: 84205aa28f11a4f31f2a3b86d1bba2cc8ab69827
2019-09-09 18:20:20,044 [main] INFO  handler.ContextHandler (ContextHandler.java:doStart(781)) - Started o.e.j.s.ServletContextHandler@7b8ea1db{/logs,file:///workdir/hadoop-ozone/integration-test/target/log,AVAILABLE}
2019-09-09 18:20:20,045 [main] INFO  handler.ContextHandler (ContextHandler.java:doStart(781)) - Started o.e.j.s.ServletContextHandler@77083e41{/static,jar:file:/home/user/.m2/repository/org/apache/hadoop/hadoop-hdds-container-service/0.5.0-SNAPSHOT/hadoop-hdds-container-service-0.5.0-SNAPSHOT.jar!/webapps/static,AVAILABLE}
2019-09-09 18:20:20,071 [main] INFO  handler.ContextHandler (ContextHandler.java:doStart(781)) - Started o.e.j.w.WebAppContext@68dfda77{/,file:///tmp/jetty-0.0.0.0-40486-hddsDatanode-_-any-6902759785511558242.dir/webapp/,AVAILABLE}{/hddsDatanode}
2019-09-09 18:20:20,071 [main] INFO  server.AbstractConnector (AbstractConnector.java:doStart(278)) - Started ServerConnector@50cdfafa{HTTP/1.1,[http/1.1]}{0.0.0.0:40486}
2019-09-09 18:20:20,071 [main] INFO  server.Server (Server.java:doStart(419)) - Started @533153ms
2019-09-09 18:20:20,073 [main] WARN  impl.MetricsSystemImpl (MetricsSystemImpl.java:register(276)) - Sink prometheus already exists!
2019-09-09 18:20:20,073 [main] INFO  server.BaseHttpServer (BaseHttpServer.java:updateConnectorAddress(215)) - HTTP server of HDDSDATANODE is listening at http://0.0.0.0:40486
2019-09-09 18:20:20,074 [main] INFO  impl.MetricsSystemImpl (MetricsSystemImpl.java:init(158)) - HddsDatanode metrics system started (again)
2019-09-09 18:20:20,077 [org.apache.hadoop.util.JvmPauseMonitor$Monitor@7490e419] INFO  util.JvmPauseMonitor (JvmPauseMonitor.java:run(188)) - Starting JVM pause monitor
2019-09-09 18:20:20,077 [main] INFO  ozone.HddsDatanodeService (HddsDatanodeService.java:start(184)) - HddsDatanodeService host:pr-hdds-2076-trb5z-849201047 ip:192.168.5.148
2019-09-09 18:20:20,078 [Datanode State Machine Thread - 0] INFO  datanode.InitDatanodeState (InitDatanodeState.java:persistContainerDatanodeDetails(140)) - DatanodeDetails is persisted to /workdir/hadoop-ozone/integration-test/target/test-dir/MiniOzoneClusterImpl-95ae6e3b-0d2e-4555-bae3-c8c32225a9eb/datanode-4/meta/datanode.id
2019-09-09 18:20:20,084 [main] INFO  volume.HddsVolume (HddsVolume.java:<init>(176)) - Creating Volume: /workdir/hadoop-ozone/integration-test/target/test-dir/MiniOzoneClusterImpl-95ae6e3b-0d2e-4555-bae3-c8c32225a9eb/datanode-5/data/containers/hdds of  storage type : DISK and capacity : 1482555576320
2019-09-09 18:20:20,084 [main] INFO  volume.VolumeSet (VolumeSet.java:initializeVolumeSet(170)) - Added Volume : /workdir/hadoop-ozone/integration-test/target/test-dir/MiniOzoneClusterImpl-95ae6e3b-0d2e-4555-bae3-c8c32225a9eb/datanode-5/data/containers/hdds to VolumeSet
2019-09-09 18:20:20,084 [main] INFO  volume.ThrottledAsyncChecker (ThrottledAsyncChecker.java:schedule(140)) - Scheduling a check for org.apache.hadoop.ozone.container.common.volume.HddsVolume@5396eeb1
2019-09-09 18:20:20,085 [main] INFO  volume.HddsVolumeChecker (HddsVolumeChecker.java:checkAllVolumes(203)) - Scheduled health check for volume org.apache.hadoop.ozone.container.common.volume.HddsVolume@5396eeb1
2019-09-09 18:20:20,099 [main] INFO  impl.RaftServerProxy (ConfUtils.java:logGet(43)) - raft.rpc.type = GRPC (default)
2019-09-09 18:20:20,099 [main] INFO  grpc.GrpcFactory (GrpcFactory.java:checkPooledByteBufAllocatorUseCacheForAllThreads(45)) - PERFORMANCE WARNING: useCacheForAllThreads is true that may cause Netty to create a lot garbage objects and, as a result, trigger GC.
	It is recommended to disable useCacheForAllThreads by setting -Dorg.apache.ratis.thirdparty.io.netty.allocator.useCacheForAllThreads=false in command line.
2019-09-09 18:20:20,099 [main] INFO  grpc.GrpcConfigKeys$Server (ConfUtils.java:logGet(43)) - raft.grpc.server.port = 0 (default)
2019-09-09 18:20:20,099 [main] INFO  server.GrpcService (ConfUtils.java:logGet(43)) - raft.grpc.message.size.max = 33570816 (custom)
2019-09-09 18:20:20,099 [main] INFO  server.RaftServerConfigKeys (ConfUtils.java:logGet(43)) - raft.server.log.appender.buffer.byte-limit = 33554432 (custom)
2019-09-09 18:20:20,100 [main] INFO  server.GrpcService (ConfUtils.java:logGet(43)) - raft.grpc.flow.control.window = 1MB (=1048576) (default)
2019-09-09 18:20:20,100 [main] INFO  server.RaftServerConfigKeys (ConfUtils.java:logGet(43)) - raft.server.rpc.request.timeout = 3000ms (default)
2019-09-09 18:20:20,100 [main] INFO  server.RaftServerConfigKeys (ConfUtils.java:logGet(43)) - raft.server.storage.dir = [/workdir/hadoop-ozone/integration-test/target/test-dir/MiniOzoneClusterImpl-95ae6e3b-0d2e-4555-bae3-c8c32225a9eb/datanode-5/data/ratis] (custom)
2019-09-09 18:20:20,102 [main] INFO  hdfs.DFSUtil (DFSUtil.java:httpServerTemplateForNNAndJN(1641)) - Starting Web-server for hddsDatanode at: http://0.0.0.0:0
2019-09-09 18:20:20,103 [main] INFO  server.AuthenticationFilter (AuthenticationFilter.java:constructSecretProvider(240)) - Unable to initialize FileSignerSecretProvider, falling back to use random secrets.
2019-09-09 18:20:20,103 [main] WARN  http.HttpRequestLog (HttpRequestLog.java:getRequestLog(97)) - Jetty request log can only be enabled using Log4j
2019-09-09 18:20:20,104 [main] INFO  http.HttpServer2 (HttpServer2.java:addGlobalFilter(975)) - Added global filter 'safety' (class=org.apache.hadoop.http.HttpServer2$QuotingInputFilter)
2019-09-09 18:20:20,105 [main] INFO  http.HttpServer2 (HttpServer2.java:addFilter(948)) - Added filter static_user_filter (class=org.apache.hadoop.http.lib.StaticUserWebFilter$StaticUserFilter) to context hddsDatanode
2019-09-09 18:20:20,105 [main] INFO  http.HttpServer2 (HttpServer2.java:addFilter(958)) - Added filter static_user_filter (class=org.apache.hadoop.http.lib.StaticUserWebFilter$StaticUserFilter) to context logs
2019-09-09 18:20:20,105 [main] INFO  http.HttpServer2 (HttpServer2.java:addFilter(958)) - Added filter static_user_filter (class=org.apache.hadoop.http.lib.StaticUserWebFilter$StaticUserFilter) to context static
2019-09-09 18:20:20,106 [main] INFO  http.HttpServer2 (HttpServer2.java:bindListener(1191)) - Jetty bound to port 46334
2019-09-09 18:20:20,106 [main] INFO  server.Server (Server.java:doStart(351)) - jetty-9.3.24.v20180605, build timestamp: 2018-06-05T17:11:56Z, git hash: 84205aa28f11a4f31f2a3b86d1bba2cc8ab69827
2019-09-09 18:20:20,108 [main] INFO  handler.ContextHandler (ContextHandler.java:doStart(781)) - Started o.e.j.s.ServletContextHandler@6169be09{/logs,file:///workdir/hadoop-ozone/integration-test/target/log,AVAILABLE}
2019-09-09 18:20:20,108 [main] INFO  handler.ContextHandler (ContextHandler.java:doStart(781)) - Started o.e.j.s.ServletContextHandler@5fb54740{/static,jar:file:/home/user/.m2/repository/org/apache/hadoop/hadoop-hdds-container-service/0.5.0-SNAPSHOT/hadoop-hdds-container-service-0.5.0-SNAPSHOT.jar!/webapps/static,AVAILABLE}
2019-09-09 18:20:20,134 [main] INFO  handler.ContextHandler (ContextHandler.java:doStart(781)) - Started o.e.j.w.WebAppContext@45c80312{/,file:///tmp/jetty-0.0.0.0-46334-hddsDatanode-_-any-5208858685878748096.dir/webapp/,AVAILABLE}{/hddsDatanode}
2019-09-09 18:20:20,135 [main] INFO  server.AbstractConnector (AbstractConnector.java:doStart(278)) - Started ServerConnector@7bd38fed{HTTP/1.1,[http/1.1]}{0.0.0.0:46334}
2019-09-09 18:20:20,135 [main] INFO  server.Server (Server.java:doStart(419)) - Started @533216ms
2019-09-09 18:20:20,136 [main] WARN  impl.MetricsSystemImpl (MetricsSystemImpl.java:register(276)) - Sink prometheus already exists!
2019-09-09 18:20:20,137 [main] INFO  server.BaseHttpServer (BaseHttpServer.java:updateConnectorAddress(215)) - HTTP server of HDDSDATANODE is listening at http://0.0.0.0:46334
2019-09-09 18:20:20,137 [main] INFO  impl.MetricsSystemImpl (MetricsSystemImpl.java:init(158)) - HddsDatanode metrics system started (again)
2019-09-09 18:20:20,141 [main] INFO  ozone.HddsDatanodeService (HddsDatanodeService.java:start(184)) - HddsDatanodeService host:pr-hdds-2076-trb5z-849201047 ip:192.168.5.148
2019-09-09 18:20:20,141 [org.apache.hadoop.util.JvmPauseMonitor$Monitor@3978fb87] INFO  util.JvmPauseMonitor (JvmPauseMonitor.java:run(188)) - Starting JVM pause monitor
2019-09-09 18:20:20,142 [Datanode State Machine Thread - 0] INFO  datanode.InitDatanodeState (InitDatanodeState.java:persistContainerDatanodeDetails(140)) - DatanodeDetails is persisted to /workdir/hadoop-ozone/integration-test/target/test-dir/MiniOzoneClusterImpl-95ae6e3b-0d2e-4555-bae3-c8c32225a9eb/datanode-5/meta/datanode.id
2019-09-09 18:20:20,147 [main] INFO  volume.HddsVolume (HddsVolume.java:<init>(176)) - Creating Volume: /workdir/hadoop-ozone/integration-test/target/test-dir/MiniOzoneClusterImpl-95ae6e3b-0d2e-4555-bae3-c8c32225a9eb/datanode-6/data/containers/hdds of  storage type : DISK and capacity : 1482555576320
2019-09-09 18:20:20,148 [main] INFO  volume.VolumeSet (VolumeSet.java:initializeVolumeSet(170)) - Added Volume : /workdir/hadoop-ozone/integration-test/target/test-dir/MiniOzoneClusterImpl-95ae6e3b-0d2e-4555-bae3-c8c32225a9eb/datanode-6/data/containers/hdds to VolumeSet
2019-09-09 18:20:20,148 [main] INFO  volume.ThrottledAsyncChecker (ThrottledAsyncChecker.java:schedule(140)) - Scheduling a check for org.apache.hadoop.ozone.container.common.volume.HddsVolume@559991f5
2019-09-09 18:20:20,148 [main] INFO  volume.HddsVolumeChecker (HddsVolumeChecker.java:checkAllVolumes(203)) - Scheduled health check for volume org.apache.hadoop.ozone.container.common.volume.HddsVolume@559991f5
2019-09-09 18:20:20,163 [main] INFO  impl.RaftServerProxy (ConfUtils.java:logGet(43)) - raft.rpc.type = GRPC (default)
2019-09-09 18:20:20,163 [main] INFO  grpc.GrpcFactory (GrpcFactory.java:checkPooledByteBufAllocatorUseCacheForAllThreads(45)) - PERFORMANCE WARNING: useCacheForAllThreads is true that may cause Netty to create a lot garbage objects and, as a result, trigger GC.
	It is recommended to disable useCacheForAllThreads by setting -Dorg.apache.ratis.thirdparty.io.netty.allocator.useCacheForAllThreads=false in command line.
2019-09-09 18:20:20,163 [main] INFO  grpc.GrpcConfigKeys$Server (ConfUtils.java:logGet(43)) - raft.grpc.server.port = 0 (default)
2019-09-09 18:20:20,163 [main] INFO  server.GrpcService (ConfUtils.java:logGet(43)) - raft.grpc.message.size.max = 33570816 (custom)
2019-09-09 18:20:20,163 [main] INFO  server.RaftServerConfigKeys (ConfUtils.java:logGet(43)) - raft.server.log.appender.buffer.byte-limit = 33554432 (custom)
2019-09-09 18:20:20,164 [main] INFO  server.GrpcService (ConfUtils.java:logGet(43)) - raft.grpc.flow.control.window = 1MB (=1048576) (default)
2019-09-09 18:20:20,164 [main] INFO  server.RaftServerConfigKeys (ConfUtils.java:logGet(43)) - raft.server.rpc.request.timeout = 3000ms (default)
2019-09-09 18:20:20,164 [main] INFO  server.RaftServerConfigKeys (ConfUtils.java:logGet(43)) - raft.server.storage.dir = [/workdir/hadoop-ozone/integration-test/target/test-dir/MiniOzoneClusterImpl-95ae6e3b-0d2e-4555-bae3-c8c32225a9eb/datanode-6/data/ratis] (custom)
2019-09-09 18:20:20,165 [main] INFO  hdfs.DFSUtil (DFSUtil.java:httpServerTemplateForNNAndJN(1641)) - Starting Web-server for hddsDatanode at: http://0.0.0.0:0
2019-09-09 18:20:20,166 [main] INFO  server.AuthenticationFilter (AuthenticationFilter.java:constructSecretProvider(240)) - Unable to initialize FileSignerSecretProvider, falling back to use random secrets.
2019-09-09 18:20:20,167 [main] WARN  http.HttpRequestLog (HttpRequestLog.java:getRequestLog(97)) - Jetty request log can only be enabled using Log4j
2019-09-09 18:20:20,168 [main] INFO  http.HttpServer2 (HttpServer2.java:addGlobalFilter(975)) - Added global filter 'safety' (class=org.apache.hadoop.http.HttpServer2$QuotingInputFilter)
2019-09-09 18:20:20,168 [main] INFO  http.HttpServer2 (HttpServer2.java:addFilter(948)) - Added filter static_user_filter (class=org.apache.hadoop.http.lib.StaticUserWebFilter$StaticUserFilter) to context hddsDatanode
2019-09-09 18:20:20,168 [main] INFO  http.HttpServer2 (HttpServer2.java:addFilter(958)) - Added filter static_user_filter (class=org.apache.hadoop.http.lib.StaticUserWebFilter$StaticUserFilter) to context static
2019-09-09 18:20:20,169 [main] INFO  http.HttpServer2 (HttpServer2.java:addFilter(958)) - Added filter static_user_filter (class=org.apache.hadoop.http.lib.StaticUserWebFilter$StaticUserFilter) to context logs
2019-09-09 18:20:20,169 [main] INFO  http.HttpServer2 (HttpServer2.java:bindListener(1191)) - Jetty bound to port 38040
2019-09-09 18:20:20,169 [main] INFO  server.Server (Server.java:doStart(351)) - jetty-9.3.24.v20180605, build timestamp: 2018-06-05T17:11:56Z, git hash: 84205aa28f11a4f31f2a3b86d1bba2cc8ab69827
2019-09-09 18:20:20,171 [main] INFO  handler.ContextHandler (ContextHandler.java:doStart(781)) - Started o.e.j.s.ServletContextHandler@106c988{/logs,file:///workdir/hadoop-ozone/integration-test/target/log,AVAILABLE}
2019-09-09 18:20:20,171 [main] INFO  handler.ContextHandler (ContextHandler.java:doStart(781)) - Started o.e.j.s.ServletContextHandler@76a362a4{/static,jar:file:/home/user/.m2/repository/org/apache/hadoop/hadoop-hdds-container-service/0.5.0-SNAPSHOT/hadoop-hdds-container-service-0.5.0-SNAPSHOT.jar!/webapps/static,AVAILABLE}
2019-09-09 18:20:20,198 [main] INFO  handler.ContextHandler (ContextHandler.java:doStart(781)) - Started o.e.j.w.WebAppContext@255d9277{/,file:///tmp/jetty-0.0.0.0-38040-hddsDatanode-_-any-8367021657021487946.dir/webapp/,AVAILABLE}{/hddsDatanode}
2019-09-09 18:20:20,198 [main] INFO  server.AbstractConnector (AbstractConnector.java:doStart(278)) - Started ServerConnector@1de13f34{HTTP/1.1,[http/1.1]}{0.0.0.0:38040}
2019-09-09 18:20:20,198 [main] INFO  server.Server (Server.java:doStart(419)) - Started @533280ms
2019-09-09 18:20:20,203 [main] WARN  impl.MetricsSystemImpl (MetricsSystemImpl.java:register(276)) - Sink prometheus already exists!
2019-09-09 18:20:20,203 [main] INFO  server.BaseHttpServer (BaseHttpServer.java:updateConnectorAddress(215)) - HTTP server of HDDSDATANODE is listening at http://0.0.0.0:38040
2019-09-09 18:20:20,204 [main] INFO  ozone.MiniOzoneClusterImpl (MiniOzoneClusterImpl.java:lambda$waitForClusterToBeReady$0(140)) - Waiting for cluster to be ready. Got 0 of 7 DN Heartbeats.
2019-09-09 18:20:20,205 [org.apache.hadoop.util.JvmPauseMonitor$Monitor@307d7616] INFO  util.JvmPauseMonitor (JvmPauseMonitor.java:run(188)) - Starting JVM pause monitor
2019-09-09 18:20:20,206 [Datanode State Machine Thread - 0] INFO  datanode.InitDatanodeState (InitDatanodeState.java:persistContainerDatanodeDetails(140)) - DatanodeDetails is persisted to /workdir/hadoop-ozone/integration-test/target/test-dir/MiniOzoneClusterImpl-95ae6e3b-0d2e-4555-bae3-c8c32225a9eb/datanode-6/meta/datanode.id
2019-09-09 18:20:21,204 [main] INFO  ozone.MiniOzoneClusterImpl (MiniOzoneClusterImpl.java:lambda$waitForClusterToBeReady$0(140)) - Waiting for cluster to be ready. Got 0 of 7 DN Heartbeats.
2019-09-09 18:20:21,875 [Datanode State Machine Thread - 0] INFO  ozoneimpl.OzoneContainer (OzoneContainer.java:start(216)) - Attempting to start container services.
2019-09-09 18:20:21,876 [Datanode State Machine Thread - 0] INFO  ozoneimpl.OzoneContainer (OzoneContainer.java:startContainerScrub(178)) - Background container scanner has been disabled.
2019-09-09 18:20:21,876 [Datanode State Machine Thread - 0] INFO  ratis.XceiverServerRatis (XceiverServerRatis.java:start(393)) - Starting XceiverServerRatis 74314560-160c-4793-8a97-1d59b2f4bc54 at port 0
2019-09-09 18:20:21,883 [Datanode State Machine Thread - 0] INFO  impl.RaftServerProxy (RaftServerProxy.java:lambda$start$3(299)) - 74314560-160c-4793-8a97-1d59b2f4bc54: start RPC server
2019-09-09 18:20:21,885 [Datanode State Machine Thread - 0] INFO  server.GrpcService (GrpcService.java:startImpl(149)) - 74314560-160c-4793-8a97-1d59b2f4bc54: GrpcService started, listening on 0.0.0.0/0.0.0.0:37823
2019-09-09 18:20:21,885 [Datanode State Machine Thread - 0] INFO  ratis.XceiverServerRatis (XceiverServerRatis.java:start(403)) - XceiverServerRatis 74314560-160c-4793-8a97-1d59b2f4bc54 is started using port 37823
2019-09-09 18:20:21,887 [Datanode State Machine Thread - 0] INFO  server.XceiverServerGrpc (XceiverServerGrpc.java:start(163)) - XceiverServerGrpc 74314560-160c-4793-8a97-1d59b2f4bc54 is started using port 35571
2019-09-09 18:20:21,917 [Datanode State Machine Thread - 0] INFO  ozoneimpl.OzoneContainer (OzoneContainer.java:start(216)) - Attempting to start container services.
2019-09-09 18:20:21,918 [Datanode State Machine Thread - 0] INFO  ozoneimpl.OzoneContainer (OzoneContainer.java:startContainerScrub(178)) - Background container scanner has been disabled.
2019-09-09 18:20:21,918 [Datanode State Machine Thread - 0] INFO  ratis.XceiverServerRatis (XceiverServerRatis.java:start(393)) - Starting XceiverServerRatis 15e1789d-ac2a-4475-abee-a38317121f11 at port 0
2019-09-09 18:20:21,925 [Datanode State Machine Thread - 0] INFO  impl.RaftServerProxy (RaftServerProxy.java:lambda$start$3(299)) - 15e1789d-ac2a-4475-abee-a38317121f11: start RPC server
2019-09-09 18:20:21,926 [Datanode State Machine Thread - 0] INFO  server.GrpcService (GrpcService.java:startImpl(149)) - 15e1789d-ac2a-4475-abee-a38317121f11: GrpcService started, listening on 0.0.0.0/0.0.0.0:43236
2019-09-09 18:20:21,926 [Datanode State Machine Thread - 0] INFO  ratis.XceiverServerRatis (XceiverServerRatis.java:start(403)) - XceiverServerRatis 15e1789d-ac2a-4475-abee-a38317121f11 is started using port 43236
2019-09-09 18:20:21,926 [Datanode State Machine Thread - 0] INFO  server.XceiverServerGrpc (XceiverServerGrpc.java:start(163)) - XceiverServerGrpc 15e1789d-ac2a-4475-abee-a38317121f11 is started using port 38893
2019-09-09 18:20:21,968 [Datanode State Machine Thread - 0] INFO  ozoneimpl.OzoneContainer (OzoneContainer.java:start(216)) - Attempting to start container services.
2019-09-09 18:20:21,968 [Datanode State Machine Thread - 0] INFO  ozoneimpl.OzoneContainer (OzoneContainer.java:startContainerScrub(178)) - Background container scanner has been disabled.
2019-09-09 18:20:21,968 [Datanode State Machine Thread - 0] INFO  ratis.XceiverServerRatis (XceiverServerRatis.java:start(393)) - Starting XceiverServerRatis a5b0d3c7-891f-43bc-b910-03bd90504a9e at port 0
2019-09-09 18:20:21,976 [Datanode State Machine Thread - 0] INFO  impl.RaftServerProxy (RaftServerProxy.java:lambda$start$3(299)) - a5b0d3c7-891f-43bc-b910-03bd90504a9e: start RPC server
2019-09-09 18:20:21,977 [Datanode State Machine Thread - 0] INFO  server.GrpcService (GrpcService.java:startImpl(149)) - a5b0d3c7-891f-43bc-b910-03bd90504a9e: GrpcService started, listening on 0.0.0.0/0.0.0.0:40823
2019-09-09 18:20:21,977 [Datanode State Machine Thread - 0] INFO  ratis.XceiverServerRatis (XceiverServerRatis.java:start(403)) - XceiverServerRatis a5b0d3c7-891f-43bc-b910-03bd90504a9e is started using port 40823
2019-09-09 18:20:21,978 [Datanode State Machine Thread - 0] INFO  server.XceiverServerGrpc (XceiverServerGrpc.java:start(163)) - XceiverServerGrpc a5b0d3c7-891f-43bc-b910-03bd90504a9e is started using port 35042
2019-09-09 18:20:22,035 [Datanode State Machine Thread - 0] INFO  ozoneimpl.OzoneContainer (OzoneContainer.java:start(216)) - Attempting to start container services.
2019-09-09 18:20:22,035 [Datanode State Machine Thread - 0] INFO  ozoneimpl.OzoneContainer (OzoneContainer.java:startContainerScrub(178)) - Background container scanner has been disabled.
2019-09-09 18:20:22,035 [Datanode State Machine Thread - 0] INFO  ratis.XceiverServerRatis (XceiverServerRatis.java:start(393)) - Starting XceiverServerRatis 1a572ce7-0a14-4a41-9db7-57a1ec964998 at port 0
2019-09-09 18:20:22,043 [Datanode State Machine Thread - 0] INFO  impl.RaftServerProxy (RaftServerProxy.java:lambda$start$3(299)) - 1a572ce7-0a14-4a41-9db7-57a1ec964998: start RPC server
2019-09-09 18:20:22,044 [Datanode State Machine Thread - 0] INFO  server.GrpcService (GrpcService.java:startImpl(149)) - 1a572ce7-0a14-4a41-9db7-57a1ec964998: GrpcService started, listening on 0.0.0.0/0.0.0.0:39389
2019-09-09 18:20:22,044 [Datanode State Machine Thread - 0] INFO  ratis.XceiverServerRatis (XceiverServerRatis.java:start(403)) - XceiverServerRatis 1a572ce7-0a14-4a41-9db7-57a1ec964998 is started using port 39389
2019-09-09 18:20:22,044 [Datanode State Machine Thread - 0] INFO  server.XceiverServerGrpc (XceiverServerGrpc.java:start(163)) - XceiverServerGrpc 1a572ce7-0a14-4a41-9db7-57a1ec964998 is started using port 43866
2019-09-09 18:20:22,095 [Datanode State Machine Thread - 0] INFO  ozoneimpl.OzoneContainer (OzoneContainer.java:start(216)) - Attempting to start container services.
2019-09-09 18:20:22,095 [Datanode State Machine Thread - 0] INFO  ozoneimpl.OzoneContainer (OzoneContainer.java:startContainerScrub(178)) - Background container scanner has been disabled.
2019-09-09 18:20:22,095 [Datanode State Machine Thread - 0] INFO  ratis.XceiverServerRatis (XceiverServerRatis.java:start(393)) - Starting XceiverServerRatis 20b1fa90-b15b-4994-ae75-85145e91141e at port 0
2019-09-09 18:20:22,103 [Datanode State Machine Thread - 0] INFO  impl.RaftServerProxy (RaftServerProxy.java:lambda$start$3(299)) - 20b1fa90-b15b-4994-ae75-85145e91141e: start RPC server
2019-09-09 18:20:22,104 [Datanode State Machine Thread - 0] INFO  server.GrpcService (GrpcService.java:startImpl(149)) - 20b1fa90-b15b-4994-ae75-85145e91141e: GrpcService started, listening on 0.0.0.0/0.0.0.0:35806
2019-09-09 18:20:22,104 [Datanode State Machine Thread - 0] INFO  ratis.XceiverServerRatis (XceiverServerRatis.java:start(403)) - XceiverServerRatis 20b1fa90-b15b-4994-ae75-85145e91141e is started using port 35806
2019-09-09 18:20:22,104 [Datanode State Machine Thread - 0] INFO  server.XceiverServerGrpc (XceiverServerGrpc.java:start(163)) - XceiverServerGrpc 20b1fa90-b15b-4994-ae75-85145e91141e is started using port 39236
2019-09-09 18:20:22,170 [Datanode State Machine Thread - 0] INFO  ozoneimpl.OzoneContainer (OzoneContainer.java:start(216)) - Attempting to start container services.
2019-09-09 18:20:22,170 [Datanode State Machine Thread - 0] INFO  ozoneimpl.OzoneContainer (OzoneContainer.java:startContainerScrub(178)) - Background container scanner has been disabled.
2019-09-09 18:20:22,170 [Datanode State Machine Thread - 0] INFO  ratis.XceiverServerRatis (XceiverServerRatis.java:start(393)) - Starting XceiverServerRatis bc9d40ff-be27-40b6-866f-f71d568af030 at port 0
2019-09-09 18:20:22,178 [Datanode State Machine Thread - 0] INFO  impl.RaftServerProxy (RaftServerProxy.java:lambda$start$3(299)) - bc9d40ff-be27-40b6-866f-f71d568af030: start RPC server
2019-09-09 18:20:22,179 [Datanode State Machine Thread - 0] INFO  server.GrpcService (GrpcService.java:startImpl(149)) - bc9d40ff-be27-40b6-866f-f71d568af030: GrpcService started, listening on 0.0.0.0/0.0.0.0:32832
2019-09-09 18:20:22,179 [Datanode State Machine Thread - 0] INFO  ratis.XceiverServerRatis (XceiverServerRatis.java:start(403)) - XceiverServerRatis bc9d40ff-be27-40b6-866f-f71d568af030 is started using port 32832
2019-09-09 18:20:22,190 [Datanode State Machine Thread - 0] INFO  server.XceiverServerGrpc (XceiverServerGrpc.java:start(163)) - XceiverServerGrpc bc9d40ff-be27-40b6-866f-f71d568af030 is started using port 45167
2019-09-09 18:20:22,205 [main] INFO  ozone.MiniOzoneClusterImpl (MiniOzoneClusterImpl.java:lambda$waitForClusterToBeReady$0(140)) - Waiting for cluster to be ready. Got 0 of 7 DN Heartbeats.
2019-09-09 18:20:22,237 [Datanode State Machine Thread - 0] INFO  ozoneimpl.OzoneContainer (OzoneContainer.java:start(216)) - Attempting to start container services.
2019-09-09 18:20:22,237 [Datanode State Machine Thread - 0] INFO  ozoneimpl.OzoneContainer (OzoneContainer.java:startContainerScrub(178)) - Background container scanner has been disabled.
2019-09-09 18:20:22,238 [Datanode State Machine Thread - 0] INFO  ratis.XceiverServerRatis (XceiverServerRatis.java:start(393)) - Starting XceiverServerRatis af604a16-3132-44f3-9021-2610f5975837 at port 0
2019-09-09 18:20:22,245 [Datanode State Machine Thread - 0] INFO  impl.RaftServerProxy (RaftServerProxy.java:lambda$start$3(299)) - af604a16-3132-44f3-9021-2610f5975837: start RPC server
2019-09-09 18:20:22,246 [Datanode State Machine Thread - 0] INFO  server.GrpcService (GrpcService.java:startImpl(149)) - af604a16-3132-44f3-9021-2610f5975837: GrpcService started, listening on 0.0.0.0/0.0.0.0:37122
2019-09-09 18:20:22,247 [Datanode State Machine Thread - 0] INFO  ratis.XceiverServerRatis (XceiverServerRatis.java:start(403)) - XceiverServerRatis af604a16-3132-44f3-9021-2610f5975837 is started using port 37122
2019-09-09 18:20:22,247 [Datanode State Machine Thread - 0] INFO  server.XceiverServerGrpc (XceiverServerGrpc.java:start(163)) - XceiverServerGrpc af604a16-3132-44f3-9021-2610f5975837 is started using port 44592
2019-09-09 18:20:23,205 [main] INFO  ozone.MiniOzoneClusterImpl (MiniOzoneClusterImpl.java:lambda$waitForClusterToBeReady$0(140)) - Waiting for cluster to be ready. Got 0 of 7 DN Heartbeats.
2019-09-09 18:20:23,835 [IPC Server handler 0 on 42474] INFO  net.NetworkTopology (NetworkTopologyImpl.java:add(110)) - Added a new node: /default-rack/74314560-160c-4793-8a97-1d59b2f4bc54
2019-09-09 18:20:23,836 [IPC Server handler 0 on 42474] INFO  node.SCMNodeManager (SCMNodeManager.java:register(266)) - Registered Data node : 74314560-160c-4793-8a97-1d59b2f4bc54{ip: 192.168.5.148, host: pr-hdds-2076-trb5z-849201047, networkLocation: /default-rack, certSerialId: null}
2019-09-09 18:20:23,837 [EventQueue-NodeRegistrationContainerReportForDataNodeSafeModeRule] INFO  safemode.SCMSafeModeManager (DataNodeSafeModeRule.java:process(71)) - SCM in safe mode. 1 DataNodes registered, 1 required.
2019-09-09 18:20:23,840 [EventQueue-NodeRegistrationContainerReportForDataNodeSafeModeRule] INFO  safemode.SCMSafeModeManager (SCMSafeModeManager.java:validateSafeModeExitRules(177)) - ScmSafeModeManager, all rules are successfully validated
2019-09-09 18:20:23,840 [EventQueue-NodeRegistrationContainerReportForDataNodeSafeModeRule] INFO  safemode.SCMSafeModeManager (SCMSafeModeManager.java:exitSafeMode(193)) - SCM exiting safe mode.
2019-09-09 18:20:23,847 [grpc-default-executor-4] INFO  impl.RaftServerProxy (RaftServerProxy.java:addNew(89)) - 74314560-160c-4793-8a97-1d59b2f4bc54: addNew group-37DBF6476238:[74314560-160c-4793-8a97-1d59b2f4bc54:192.168.5.148:37823] returns group-37DBF6476238:java.util.concurrent.CompletableFuture@377f04c3[Not completed]
2019-09-09 18:20:23,849 [pool-409-thread-1] INFO  impl.RaftServerImpl (RaftServerImpl.java:<init>(93)) - 74314560-160c-4793-8a97-1d59b2f4bc54: new RaftServerImpl for group-37DBF6476238:[74314560-160c-4793-8a97-1d59b2f4bc54:192.168.5.148:37823] with ContainerStateMachine:uninitialized
2019-09-09 18:20:23,849 [pool-409-thread-1] INFO  server.RaftServerConfigKeys (ConfUtils.java:logGet(43)) - raft.server.rpc.timeout.min = 5s (custom)
2019-09-09 18:20:23,849 [pool-409-thread-1] INFO  server.RaftServerConfigKeys (ConfUtils.java:logGet(43)) - raft.server.rpc.timeout.max = 5200ms (custom)
2019-09-09 18:20:23,849 [pool-409-thread-1] INFO  server.RaftServerConfigKeys (ConfUtils.java:logGet(43)) - raft.server.rpcslowness.timeout = 120s (custom)
2019-09-09 18:20:23,850 [pool-409-thread-1] INFO  server.RaftServerConfigKeys (ConfUtils.java:logGet(43)) - raft.server.sleep.deviation.threshold = 300 (default)
2019-09-09 18:20:23,850 [pool-409-thread-1] INFO  server.RaftServerConfigKeys (ConfUtils.java:logGet(43)) - raft.server.log.appender.install.snapshot.enabled = false (custom)
2019-09-09 18:20:23,850 [pool-409-thread-1] INFO  impl.RaftServerImpl (ServerState.java:<init>(105)) - 74314560-160c-4793-8a97-1d59b2f4bc54:group-37DBF6476238 ConfigurationManager, init=-1: [74314560-160c-4793-8a97-1d59b2f4bc54:192.168.5.148:37823], old=null, confs=<EMPTY_MAP>
2019-09-09 18:20:23,850 [pool-409-thread-1] INFO  server.RaftServerConfigKeys (ConfUtils.java:logGet(43)) - raft.server.storage.dir = [/workdir/hadoop-ozone/integration-test/target/test-dir/MiniOzoneClusterImpl-95ae6e3b-0d2e-4555-bae3-c8c32225a9eb/datanode-0/data/ratis] (custom)
2019-09-09 18:20:23,851 [pool-409-thread-1] INFO  storage.RaftStorageDirectory (RaftStorageDirectory.java:analyzeStorage(246)) - The storage directory /workdir/hadoop-ozone/integration-test/target/test-dir/MiniOzoneClusterImpl-95ae6e3b-0d2e-4555-bae3-c8c32225a9eb/datanode-0/data/ratis/35fa6c62-1ade-40d0-9876-37dbf6476238 does not exist. Creating ...
2019-09-09 18:20:23,888 [pool-409-thread-1] INFO  storage.RaftStorageDirectory (RaftStorageDirectory.java:tryLock(328)) - Lock on /workdir/hadoop-ozone/integration-test/target/test-dir/MiniOzoneClusterImpl-95ae6e3b-0d2e-4555-bae3-c8c32225a9eb/datanode-0/data/ratis/35fa6c62-1ade-40d0-9876-37dbf6476238/in_use.lock acquired by nodename 29941@pr-hdds-2076-trb5z-849201047
2019-09-09 18:20:23,891 [IPC Server handler 2 on 42474] INFO  net.NetworkTopology (NetworkTopologyImpl.java:add(110)) - Added a new node: /default-rack/15e1789d-ac2a-4475-abee-a38317121f11
2019-09-09 18:20:23,891 [IPC Server handler 2 on 42474] INFO  node.SCMNodeManager (SCMNodeManager.java:register(266)) - Registered Data node : 15e1789d-ac2a-4475-abee-a38317121f11{ip: 192.168.5.148, host: pr-hdds-2076-trb5z-849201047, networkLocation: /default-rack, certSerialId: null}
2019-09-09 18:20:23,905 [pool-409-thread-1] INFO  storage.RaftStorage (RaftStorage.java:format(72)) - Storage directory /workdir/hadoop-ozone/integration-test/target/test-dir/MiniOzoneClusterImpl-95ae6e3b-0d2e-4555-bae3-c8c32225a9eb/datanode-0/data/ratis/35fa6c62-1ade-40d0-9876-37dbf6476238 has been successfully formatted.
2019-09-09 18:20:23,905 [pool-409-thread-1] INFO  ratis.ContainerStateMachine (ContainerStateMachine.java:loadSnapshot(227)) - group-37DBF6476238: The snapshot info is null. Setting the last applied indexto:(t:0, i:~)
2019-09-09 18:20:23,905 [pool-409-thread-1] INFO  server.RaftServerConfigKeys (ConfUtils.java:logGet(43)) - raft.server.leader.election.timeout = 120s (custom)
2019-09-09 18:20:23,905 [pool-409-thread-1] INFO  server.RaftServerConfigKeys (ConfUtils.java:logGet(43)) - raft.server.log.use.memory = false (default)
2019-09-09 18:20:23,905 [pool-409-thread-1] INFO  server.RaftServerConfigKeys (ConfUtils.java:logGet(43)) - raft.server.log.purge.gap = 1000000 (custom)
2019-09-09 18:20:23,906 [pool-409-thread-1] INFO  server.RaftServerConfigKeys (ConfUtils.java:logGet(43)) - raft.server.log.appender.buffer.byte-limit = 33554432 (custom)
2019-09-09 18:20:23,906 [pool-409-thread-1] INFO  server.RaftServerConfigKeys (ConfUtils.java:logGet(43)) - raft.server.log.segment.size.max = 1048576 (custom)
2019-09-09 18:20:23,906 [pool-409-thread-1] INFO  server.RaftServerConfigKeys (ConfUtils.java:logGet(43)) - raft.server.log.segment.cache.num.max = 2 (custom)
2019-09-09 18:20:23,906 [pool-409-thread-1] INFO  segmented.SegmentedRaftLogWorker (SegmentedRaftLogWorker.java:<init>(172)) - new 74314560-160c-4793-8a97-1d59b2f4bc54-SegmentedRaftLogWorker:Storage Directory /workdir/hadoop-ozone/integration-test/target/test-dir/MiniOzoneClusterImpl-95ae6e3b-0d2e-4555-bae3-c8c32225a9eb/datanode-0/data/ratis/35fa6c62-1ade-40d0-9876-37dbf6476238 for RaftStorage:Storage Directory /workdir/hadoop-ozone/integration-test/target/test-dir/MiniOzoneClusterImpl-95ae6e3b-0d2e-4555-bae3-c8c32225a9eb/datanode-0/data/ratis/35fa6c62-1ade-40d0-9876-37dbf6476238
2019-09-09 18:20:23,906 [pool-409-thread-1] INFO  server.RaftServerConfigKeys (ConfUtils.java:logGet(43)) - raft.server.log.queue.byte-limit = 2147483647 (custom)
2019-09-09 18:20:23,906 [pool-409-thread-1] INFO  server.RaftServerConfigKeys (ConfUtils.java:logGet(43)) - raft.server.log.queue.element-limit = 1024 (custom)
2019-09-09 18:20:23,906 [pool-409-thread-1] INFO  server.RaftServerConfigKeys (ConfUtils.java:logGet(43)) - raft.server.log.segment.size.max = 1048576 (custom)
2019-09-09 18:20:23,907 [pool-409-thread-1] INFO  server.RaftServerConfigKeys (ConfUtils.java:logGet(43)) - raft.server.log.preallocated.size = 16384 (custom)
2019-09-09 18:20:23,907 [pool-409-thread-1] INFO  server.RaftServerConfigKeys (ConfUtils.java:logGet(43)) - raft.server.log.write.buffer.size = 33554432 (custom)
2019-09-09 18:20:23,907 [pool-409-thread-1] INFO  server.RaftServerConfigKeys (ConfUtils.java:logGet(43)) - raft.server.log.force.sync.num = 128 (default)
2019-09-09 18:20:23,907 [pool-409-thread-1] INFO  server.RaftServerConfigKeys (ConfUtils.java:logGet(43)) - raft.server.log.statemachine.data.sync = true (default)
2019-09-09 18:20:23,907 [pool-409-thread-1] INFO  server.RaftServerConfigKeys (ConfUtils.java:logGet(43)) - raft.server.log.statemachine.data.sync.timeout = 10s (default)
2019-09-09 18:20:23,907 [pool-409-thread-1] INFO  server.RaftServerConfigKeys (ConfUtils.java:logGet(43)) - raft.server.log.statemachine.data.sync.timeout.retry = -1 (default)
2019-09-09 18:20:23,907 [pool-409-thread-1] INFO  server.RaftServerConfigKeys (ConfUtils.java:logGet(43)) - raft.server.log.statemachine.data.caching.enabled = true (custom)
2019-09-09 18:20:23,908 [pool-409-thread-1] INFO  segmented.SegmentedRaftLogWorker (SegmentedRaftLogWorker.java:lambda$new$0(132)) - 74314560-160c-4793-8a97-1d59b2f4bc54-SegmentedRaftLogWorker:Storage Directory /workdir/hadoop-ozone/integration-test/target/test-dir/MiniOzoneClusterImpl-95ae6e3b-0d2e-4555-bae3-c8c32225a9eb/datanode-0/data/ratis/35fa6c62-1ade-40d0-9876-37dbf6476238: flushIndex: setUnconditionally 0 -> -1
2019-09-09 18:20:23,908 [pool-409-thread-1] INFO  server.RaftServerConfigKeys (ConfUtils.java:logGet(43)) - raft.server.snapshot.auto.trigger.enabled = true (custom)
2019-09-09 18:20:23,908 [pool-409-thread-1] INFO  server.RaftServerConfigKeys (ConfUtils.java:logGet(43)) - raft.server.snapshot.auto.trigger.threshold = 10000 (custom)
2019-09-09 18:20:23,908 [pool-409-thread-1] INFO  server.RaftServerConfigKeys (ConfUtils.java:logGet(43)) - raft.server.retrycache.expirytime = 600000ms (custom)
2019-09-09 18:20:23,908 [pool-409-thread-1] INFO  impl.RaftServerImpl (RaftServerImpl.java:start(180)) - 74314560-160c-4793-8a97-1d59b2f4bc54: start group-37DBF6476238
2019-09-09 18:20:23,908 [pool-409-thread-1] INFO  impl.RaftServerImpl (RaftServerImpl.java:setRole(171)) - 74314560-160c-4793-8a97-1d59b2f4bc54:group-37DBF6476238 changes role from null to FOLLOWER at term 0 for startAsFollower
2019-09-09 18:20:23,909 [pool-409-thread-1] INFO  impl.RoleInfo (RoleInfo.java:updateAndGet(143)) - 74314560-160c-4793-8a97-1d59b2f4bc54: start FollowerState
2019-09-09 18:20:23,909 [pool-409-thread-1] INFO  util.JmxRegister (JmxRegister.java:tryRegister(44)) - Successfully registered JMX Bean with object name Ratis:service=RaftServer,group=group-37DBF6476238,id=74314560-160c-4793-8a97-1d59b2f4bc54
2019-09-09 18:20:23,911 [RatisPipelineUtilsThread] INFO  pipeline.PipelineStateManager (PipelineStateManager.java:addPipeline(56)) - Created pipeline Pipeline[ Id: 35fa6c62-1ade-40d0-9876-37dbf6476238, Nodes: 74314560-160c-4793-8a97-1d59b2f4bc54{ip: 192.168.5.148, host: pr-hdds-2076-trb5z-849201047, networkLocation: /default-rack, certSerialId: null}, Type:RATIS, Factor:ONE, State:OPEN]
2019-09-09 18:20:23,918 [grpc-default-executor-4] INFO  impl.RaftServerProxy (RaftServerProxy.java:addNew(89)) - 15e1789d-ac2a-4475-abee-a38317121f11: addNew group-55ADF2135299:[15e1789d-ac2a-4475-abee-a38317121f11:192.168.5.148:43236] returns group-55ADF2135299:java.util.concurrent.CompletableFuture@7e3b24d4[Not completed]
2019-09-09 18:20:23,920 [pool-419-thread-1] INFO  impl.RaftServerImpl (RaftServerImpl.java:<init>(93)) - 15e1789d-ac2a-4475-abee-a38317121f11: new RaftServerImpl for group-55ADF2135299:[15e1789d-ac2a-4475-abee-a38317121f11:192.168.5.148:43236] with ContainerStateMachine:uninitialized
2019-09-09 18:20:23,920 [pool-419-thread-1] INFO  server.RaftServerConfigKeys (ConfUtils.java:logGet(43)) - raft.server.rpc.timeout.min = 5s (custom)
2019-09-09 18:20:23,920 [pool-419-thread-1] INFO  server.RaftServerConfigKeys (ConfUtils.java:logGet(43)) - raft.server.rpc.timeout.max = 5200ms (custom)
2019-09-09 18:20:23,920 [pool-419-thread-1] INFO  server.RaftServerConfigKeys (ConfUtils.java:logGet(43)) - raft.server.rpcslowness.timeout = 120s (custom)
2019-09-09 18:20:23,920 [pool-419-thread-1] INFO  server.RaftServerConfigKeys (ConfUtils.java:logGet(43)) - raft.server.sleep.deviation.threshold = 300 (default)
2019-09-09 18:20:23,920 [pool-419-thread-1] INFO  server.RaftServerConfigKeys (ConfUtils.java:logGet(43)) - raft.server.log.appender.install.snapshot.enabled = false (custom)
2019-09-09 18:20:23,920 [pool-419-thread-1] INFO  impl.RaftServerImpl (ServerState.java:<init>(105)) - 15e1789d-ac2a-4475-abee-a38317121f11:group-55ADF2135299 ConfigurationManager, init=-1: [15e1789d-ac2a-4475-abee-a38317121f11:192.168.5.148:43236], old=null, confs=<EMPTY_MAP>
2019-09-09 18:20:23,921 [pool-419-thread-1] INFO  server.RaftServerConfigKeys (ConfUtils.java:logGet(43)) - raft.server.storage.dir = [/workdir/hadoop-ozone/integration-test/target/test-dir/MiniOzoneClusterImpl-95ae6e3b-0d2e-4555-bae3-c8c32225a9eb/datanode-1/data/ratis] (custom)
2019-09-09 18:20:23,921 [pool-419-thread-1] INFO  storage.RaftStorageDirectory (RaftStorageDirectory.java:analyzeStorage(246)) - The storage directory /workdir/hadoop-ozone/integration-test/target/test-dir/MiniOzoneClusterImpl-95ae6e3b-0d2e-4555-bae3-c8c32225a9eb/datanode-1/data/ratis/b5abd6d5-4063-4435-9d30-55adf2135299 does not exist. Creating ...
2019-09-09 18:20:23,939 [pool-419-thread-1] INFO  storage.RaftStorageDirectory (RaftStorageDirectory.java:tryLock(328)) - Lock on /workdir/hadoop-ozone/integration-test/target/test-dir/MiniOzoneClusterImpl-95ae6e3b-0d2e-4555-bae3-c8c32225a9eb/datanode-1/data/ratis/b5abd6d5-4063-4435-9d30-55adf2135299/in_use.lock acquired by nodename 29941@pr-hdds-2076-trb5z-849201047
2019-09-09 18:20:23,951 [IPC Server handler 3 on 42474] INFO  net.NetworkTopology (NetworkTopologyImpl.java:add(110)) - Added a new node: /default-rack/a5b0d3c7-891f-43bc-b910-03bd90504a9e
2019-09-09 18:20:23,951 [IPC Server handler 3 on 42474] INFO  node.SCMNodeManager (SCMNodeManager.java:register(266)) - Registered Data node : a5b0d3c7-891f-43bc-b910-03bd90504a9e{ip: 192.168.5.148, host: pr-hdds-2076-trb5z-849201047, networkLocation: /default-rack, certSerialId: null}
2019-09-09 18:20:23,956 [pool-419-thread-1] INFO  storage.RaftStorage (RaftStorage.java:format(72)) - Storage directory /workdir/hadoop-ozone/integration-test/target/test-dir/MiniOzoneClusterImpl-95ae6e3b-0d2e-4555-bae3-c8c32225a9eb/datanode-1/data/ratis/b5abd6d5-4063-4435-9d30-55adf2135299 has been successfully formatted.
2019-09-09 18:20:23,956 [pool-419-thread-1] INFO  ratis.ContainerStateMachine (ContainerStateMachine.java:loadSnapshot(227)) - group-55ADF2135299: The snapshot info is null. Setting the last applied indexto:(t:0, i:~)
2019-09-09 18:20:23,956 [pool-419-thread-1] INFO  server.RaftServerConfigKeys (ConfUtils.java:logGet(43)) - raft.server.leader.election.timeout = 120s (custom)
2019-09-09 18:20:23,956 [pool-419-thread-1] INFO  server.RaftServerConfigKeys (ConfUtils.java:logGet(43)) - raft.server.log.use.memory = false (default)
2019-09-09 18:20:23,956 [pool-419-thread-1] INFO  server.RaftServerConfigKeys (ConfUtils.java:logGet(43)) - raft.server.log.purge.gap = 1000000 (custom)
2019-09-09 18:20:23,956 [pool-419-thread-1] INFO  server.RaftServerConfigKeys (ConfUtils.java:logGet(43)) - raft.server.log.appender.buffer.byte-limit = 33554432 (custom)
2019-09-09 18:20:23,956 [pool-419-thread-1] INFO  server.RaftServerConfigKeys (ConfUtils.java:logGet(43)) - raft.server.log.segment.size.max = 1048576 (custom)
2019-09-09 18:20:23,956 [pool-419-thread-1] INFO  server.RaftServerConfigKeys (ConfUtils.java:logGet(43)) - raft.server.log.segment.cache.num.max = 2 (custom)
2019-09-09 18:20:23,957 [pool-419-thread-1] INFO  segmented.SegmentedRaftLogWorker (SegmentedRaftLogWorker.java:<init>(172)) - new 15e1789d-ac2a-4475-abee-a38317121f11-SegmentedRaftLogWorker:Storage Directory /workdir/hadoop-ozone/integration-test/target/test-dir/MiniOzoneClusterImpl-95ae6e3b-0d2e-4555-bae3-c8c32225a9eb/datanode-1/data/ratis/b5abd6d5-4063-4435-9d30-55adf2135299 for RaftStorage:Storage Directory /workdir/hadoop-ozone/integration-test/target/test-dir/MiniOzoneClusterImpl-95ae6e3b-0d2e-4555-bae3-c8c32225a9eb/datanode-1/data/ratis/b5abd6d5-4063-4435-9d30-55adf2135299
2019-09-09 18:20:23,957 [pool-419-thread-1] INFO  server.RaftServerConfigKeys (ConfUtils.java:logGet(43)) - raft.server.log.queue.byte-limit = 2147483647 (custom)
2019-09-09 18:20:23,957 [pool-419-thread-1] INFO  server.RaftServerConfigKeys (ConfUtils.java:logGet(43)) - raft.server.log.queue.element-limit = 1024 (custom)
2019-09-09 18:20:23,957 [pool-419-thread-1] INFO  server.RaftServerConfigKeys (ConfUtils.java:logGet(43)) - raft.server.log.segment.size.max = 1048576 (custom)
2019-09-09 18:20:23,957 [pool-419-thread-1] INFO  server.RaftServerConfigKeys (ConfUtils.java:logGet(43)) - raft.server.log.preallocated.size = 16384 (custom)
2019-09-09 18:20:23,957 [pool-419-thread-1] INFO  server.RaftServerConfigKeys (ConfUtils.java:logGet(43)) - raft.server.log.write.buffer.size = 33554432 (custom)
2019-09-09 18:20:23,957 [pool-419-thread-1] INFO  server.RaftServerConfigKeys (ConfUtils.java:logGet(43)) - raft.server.log.force.sync.num = 128 (default)
2019-09-09 18:20:23,957 [pool-419-thread-1] INFO  server.RaftServerConfigKeys (ConfUtils.java:logGet(43)) - raft.server.log.statemachine.data.sync = true (default)
2019-09-09 18:20:23,957 [pool-419-thread-1] INFO  server.RaftServerConfigKeys (ConfUtils.java:logGet(43)) - raft.server.log.statemachine.data.sync.timeout = 10s (default)
2019-09-09 18:20:23,958 [pool-419-thread-1] INFO  server.RaftServerConfigKeys (ConfUtils.java:logGet(43)) - raft.server.log.statemachine.data.sync.timeout.retry = -1 (default)
2019-09-09 18:20:23,958 [pool-419-thread-1] INFO  server.RaftServerConfigKeys (ConfUtils.java:logGet(43)) - raft.server.log.statemachine.data.caching.enabled = true (custom)
2019-09-09 18:20:23,958 [pool-419-thread-1] INFO  segmented.SegmentedRaftLogWorker (SegmentedRaftLogWorker.java:lambda$new$0(132)) - 15e1789d-ac2a-4475-abee-a38317121f11-SegmentedRaftLogWorker:Storage Directory /workdir/hadoop-ozone/integration-test/target/test-dir/MiniOzoneClusterImpl-95ae6e3b-0d2e-4555-bae3-c8c32225a9eb/datanode-1/data/ratis/b5abd6d5-4063-4435-9d30-55adf2135299: flushIndex: setUnconditionally 0 -> -1
2019-09-09 18:20:23,958 [pool-419-thread-1] INFO  server.RaftServerConfigKeys (ConfUtils.java:logGet(43)) - raft.server.snapshot.auto.trigger.enabled = true (custom)
2019-09-09 18:20:23,958 [pool-419-thread-1] INFO  server.RaftServerConfigKeys (ConfUtils.java:logGet(43)) - raft.server.snapshot.auto.trigger.threshold = 10000 (custom)
2019-09-09 18:20:23,958 [pool-419-thread-1] INFO  server.RaftServerConfigKeys (ConfUtils.java:logGet(43)) - raft.server.retrycache.expirytime = 600000ms (custom)
2019-09-09 18:20:23,959 [pool-419-thread-1] INFO  impl.RaftServerImpl (RaftServerImpl.java:start(180)) - 15e1789d-ac2a-4475-abee-a38317121f11: start group-55ADF2135299
2019-09-09 18:20:23,959 [pool-419-thread-1] INFO  impl.RaftServerImpl (RaftServerImpl.java:setRole(171)) - 15e1789d-ac2a-4475-abee-a38317121f11:group-55ADF2135299 changes role from null to FOLLOWER at term 0 for startAsFollower
2019-09-09 18:20:23,959 [pool-419-thread-1] INFO  impl.RoleInfo (RoleInfo.java:updateAndGet(143)) - 15e1789d-ac2a-4475-abee-a38317121f11: start FollowerState
2019-09-09 18:20:23,959 [pool-419-thread-1] INFO  util.JmxRegister (JmxRegister.java:tryRegister(44)) - Successfully registered JMX Bean with object name Ratis:service=RaftServer,group=group-55ADF2135299,id=15e1789d-ac2a-4475-abee-a38317121f11
2019-09-09 18:20:23,961 [RatisPipelineUtilsThread] INFO  pipeline.PipelineStateManager (PipelineStateManager.java:addPipeline(56)) - Created pipeline Pipeline[ Id: b5abd6d5-4063-4435-9d30-55adf2135299, Nodes: 15e1789d-ac2a-4475-abee-a38317121f11{ip: 192.168.5.148, host: pr-hdds-2076-trb5z-849201047, networkLocation: /default-rack, certSerialId: null}, Type:RATIS, Factor:ONE, State:OPEN]
2019-09-09 18:20:23,966 [grpc-default-executor-4] INFO  impl.RaftServerProxy (RaftServerProxy.java:addNew(89)) - a5b0d3c7-891f-43bc-b910-03bd90504a9e: addNew group-5EB2C1B5C814:[a5b0d3c7-891f-43bc-b910-03bd90504a9e:192.168.5.148:40823] returns group-5EB2C1B5C814:java.util.concurrent.CompletableFuture@5798b648[Not completed]
2019-09-09 18:20:23,967 [pool-429-thread-1] INFO  impl.RaftServerImpl (RaftServerImpl.java:<init>(93)) - a5b0d3c7-891f-43bc-b910-03bd90504a9e: new RaftServerImpl for group-5EB2C1B5C814:[a5b0d3c7-891f-43bc-b910-03bd90504a9e:192.168.5.148:40823] with ContainerStateMachine:uninitialized
2019-09-09 18:20:23,968 [pool-429-thread-1] INFO  server.RaftServerConfigKeys (ConfUtils.java:logGet(43)) - raft.server.rpc.timeout.min = 5s (custom)
2019-09-09 18:20:23,968 [pool-429-thread-1] INFO  server.RaftServerConfigKeys (ConfUtils.java:logGet(43)) - raft.server.rpc.timeout.max = 5200ms (custom)
2019-09-09 18:20:23,968 [pool-429-thread-1] INFO  server.RaftServerConfigKeys (ConfUtils.java:logGet(43)) - raft.server.rpcslowness.timeout = 120s (custom)
2019-09-09 18:20:23,968 [pool-429-thread-1] INFO  server.RaftServerConfigKeys (ConfUtils.java:logGet(43)) - raft.server.sleep.deviation.threshold = 300 (default)
2019-09-09 18:20:23,968 [pool-429-thread-1] INFO  server.RaftServerConfigKeys (ConfUtils.java:logGet(43)) - raft.server.log.appender.install.snapshot.enabled = false (custom)
2019-09-09 18:20:23,968 [pool-429-thread-1] INFO  impl.RaftServerImpl (ServerState.java:<init>(105)) - a5b0d3c7-891f-43bc-b910-03bd90504a9e:group-5EB2C1B5C814 ConfigurationManager, init=-1: [a5b0d3c7-891f-43bc-b910-03bd90504a9e:192.168.5.148:40823], old=null, confs=<EMPTY_MAP>
2019-09-09 18:20:23,968 [pool-429-thread-1] INFO  server.RaftServerConfigKeys (ConfUtils.java:logGet(43)) - raft.server.storage.dir = [/workdir/hadoop-ozone/integration-test/target/test-dir/MiniOzoneClusterImpl-95ae6e3b-0d2e-4555-bae3-c8c32225a9eb/datanode-2/data/ratis] (custom)
2019-09-09 18:20:23,968 [pool-429-thread-1] INFO  storage.RaftStorageDirectory (RaftStorageDirectory.java:analyzeStorage(246)) - The storage directory /workdir/hadoop-ozone/integration-test/target/test-dir/MiniOzoneClusterImpl-95ae6e3b-0d2e-4555-bae3-c8c32225a9eb/datanode-2/data/ratis/982843a1-ad59-4736-9b77-5eb2c1b5c814 does not exist. Creating ...
2019-09-09 18:20:23,998 [pool-429-thread-1] INFO  storage.RaftStorageDirectory (RaftStorageDirectory.java:tryLock(328)) - Lock on /workdir/hadoop-ozone/integration-test/target/test-dir/MiniOzoneClusterImpl-95ae6e3b-0d2e-4555-bae3-c8c32225a9eb/datanode-2/data/ratis/982843a1-ad59-4736-9b77-5eb2c1b5c814/in_use.lock acquired by nodename 29941@pr-hdds-2076-trb5z-849201047
2019-09-09 18:20:24,016 [IPC Server handler 1 on 42474] INFO  net.NetworkTopology (NetworkTopologyImpl.java:add(110)) - Added a new node: /default-rack/1a572ce7-0a14-4a41-9db7-57a1ec964998
2019-09-09 18:20:24,016 [IPC Server handler 1 on 42474] INFO  node.SCMNodeManager (SCMNodeManager.java:register(266)) - Registered Data node : 1a572ce7-0a14-4a41-9db7-57a1ec964998{ip: 192.168.5.148, host: pr-hdds-2076-trb5z-849201047, networkLocation: /default-rack, certSerialId: null}
2019-09-09 18:20:24,023 [pool-429-thread-1] INFO  storage.RaftStorage (RaftStorage.java:format(72)) - Storage directory /workdir/hadoop-ozone/integration-test/target/test-dir/MiniOzoneClusterImpl-95ae6e3b-0d2e-4555-bae3-c8c32225a9eb/datanode-2/data/ratis/982843a1-ad59-4736-9b77-5eb2c1b5c814 has been successfully formatted.
2019-09-09 18:20:24,023 [pool-429-thread-1] INFO  ratis.ContainerStateMachine (ContainerStateMachine.java:loadSnapshot(227)) - group-5EB2C1B5C814: The snapshot info is null. Setting the last applied indexto:(t:0, i:~)
2019-09-09 18:20:24,023 [pool-429-thread-1] INFO  server.RaftServerConfigKeys (ConfUtils.java:logGet(43)) - raft.server.leader.election.timeout = 120s (custom)
2019-09-09 18:20:24,023 [pool-429-thread-1] INFO  server.RaftServerConfigKeys (ConfUtils.java:logGet(43)) - raft.server.log.use.memory = false (default)
2019-09-09 18:20:24,024 [pool-429-thread-1] INFO  server.RaftServerConfigKeys (ConfUtils.java:logGet(43)) - raft.server.log.purge.gap = 1000000 (custom)
2019-09-09 18:20:24,024 [pool-429-thread-1] INFO  server.RaftServerConfigKeys (ConfUtils.java:logGet(43)) - raft.server.log.appender.buffer.byte-limit = 33554432 (custom)
2019-09-09 18:20:24,024 [pool-429-thread-1] INFO  server.RaftServerConfigKeys (ConfUtils.java:logGet(43)) - raft.server.log.segment.size.max = 1048576 (custom)
2019-09-09 18:20:24,024 [pool-429-thread-1] INFO  server.RaftServerConfigKeys (ConfUtils.java:logGet(43)) - raft.server.log.segment.cache.num.max = 2 (custom)
2019-09-09 18:20:24,024 [pool-429-thread-1] INFO  segmented.SegmentedRaftLogWorker (SegmentedRaftLogWorker.java:<init>(172)) - new a5b0d3c7-891f-43bc-b910-03bd90504a9e-SegmentedRaftLogWorker:Storage Directory /workdir/hadoop-ozone/integration-test/target/test-dir/MiniOzoneClusterImpl-95ae6e3b-0d2e-4555-bae3-c8c32225a9eb/datanode-2/data/ratis/982843a1-ad59-4736-9b77-5eb2c1b5c814 for RaftStorage:Storage Directory /workdir/hadoop-ozone/integration-test/target/test-dir/MiniOzoneClusterImpl-95ae6e3b-0d2e-4555-bae3-c8c32225a9eb/datanode-2/data/ratis/982843a1-ad59-4736-9b77-5eb2c1b5c814
2019-09-09 18:20:24,024 [pool-429-thread-1] INFO  server.RaftServerConfigKeys (ConfUtils.java:logGet(43)) - raft.server.log.queue.byte-limit = 2147483647 (custom)
2019-09-09 18:20:24,024 [pool-429-thread-1] INFO  server.RaftServerConfigKeys (ConfUtils.java:logGet(43)) - raft.server.log.queue.element-limit = 1024 (custom)
2019-09-09 18:20:24,025 [pool-429-thread-1] INFO  server.RaftServerConfigKeys (ConfUtils.java:logGet(43)) - raft.server.log.segment.size.max = 1048576 (custom)
2019-09-09 18:20:24,025 [pool-429-thread-1] INFO  server.RaftServerConfigKeys (ConfUtils.java:logGet(43)) - raft.server.log.preallocated.size = 16384 (custom)
2019-09-09 18:20:24,025 [pool-429-thread-1] INFO  server.RaftServerConfigKeys (ConfUtils.java:logGet(43)) - raft.server.log.write.buffer.size = 33554432 (custom)
2019-09-09 18:20:24,025 [pool-429-thread-1] INFO  server.RaftServerConfigKeys (ConfUtils.java:logGet(43)) - raft.server.log.force.sync.num = 128 (default)
2019-09-09 18:20:24,025 [pool-429-thread-1] INFO  server.RaftServerConfigKeys (ConfUtils.java:logGet(43)) - raft.server.log.statemachine.data.sync = true (default)
2019-09-09 18:20:24,025 [pool-429-thread-1] INFO  server.RaftServerConfigKeys (ConfUtils.java:logGet(43)) - raft.server.log.statemachine.data.sync.timeout = 10s (default)
2019-09-09 18:20:24,025 [pool-429-thread-1] INFO  server.RaftServerConfigKeys (ConfUtils.java:logGet(43)) - raft.server.log.statemachine.data.sync.timeout.retry = -1 (default)
2019-09-09 18:20:24,025 [pool-429-thread-1] INFO  server.RaftServerConfigKeys (ConfUtils.java:logGet(43)) - raft.server.log.statemachine.data.caching.enabled = true (custom)
2019-09-09 18:20:24,026 [pool-429-thread-1] INFO  segmented.SegmentedRaftLogWorker (SegmentedRaftLogWorker.java:lambda$new$0(132)) - a5b0d3c7-891f-43bc-b910-03bd90504a9e-SegmentedRaftLogWorker:Storage Directory /workdir/hadoop-ozone/integration-test/target/test-dir/MiniOzoneClusterImpl-95ae6e3b-0d2e-4555-bae3-c8c32225a9eb/datanode-2/data/ratis/982843a1-ad59-4736-9b77-5eb2c1b5c814: flushIndex: setUnconditionally 0 -> -1
2019-09-09 18:20:24,026 [pool-429-thread-1] INFO  server.RaftServerConfigKeys (ConfUtils.java:logGet(43)) - raft.server.snapshot.auto.trigger.enabled = true (custom)
2019-09-09 18:20:24,026 [pool-429-thread-1] INFO  server.RaftServerConfigKeys (ConfUtils.java:logGet(43)) - raft.server.snapshot.auto.trigger.threshold = 10000 (custom)
2019-09-09 18:20:24,026 [pool-429-thread-1] INFO  server.RaftServerConfigKeys (ConfUtils.java:logGet(43)) - raft.server.retrycache.expirytime = 600000ms (custom)
2019-09-09 18:20:24,026 [pool-429-thread-1] INFO  impl.RaftServerImpl (RaftServerImpl.java:start(180)) - a5b0d3c7-891f-43bc-b910-03bd90504a9e: start group-5EB2C1B5C814
2019-09-09 18:20:24,027 [pool-429-thread-1] INFO  impl.RaftServerImpl (RaftServerImpl.java:setRole(171)) - a5b0d3c7-891f-43bc-b910-03bd90504a9e:group-5EB2C1B5C814 changes role from null to FOLLOWER at term 0 for startAsFollower
2019-09-09 18:20:24,027 [pool-429-thread-1] INFO  impl.RoleInfo (RoleInfo.java:updateAndGet(143)) - a5b0d3c7-891f-43bc-b910-03bd90504a9e: start FollowerState
2019-09-09 18:20:24,027 [pool-429-thread-1] INFO  util.JmxRegister (JmxRegister.java:tryRegister(44)) - Successfully registered JMX Bean with object name Ratis:service=RaftServer,group=group-5EB2C1B5C814,id=a5b0d3c7-891f-43bc-b910-03bd90504a9e
2019-09-09 18:20:24,029 [RatisPipelineUtilsThread] INFO  pipeline.PipelineStateManager (PipelineStateManager.java:addPipeline(56)) - Created pipeline Pipeline[ Id: 982843a1-ad59-4736-9b77-5eb2c1b5c814, Nodes: a5b0d3c7-891f-43bc-b910-03bd90504a9e{ip: 192.168.5.148, host: pr-hdds-2076-trb5z-849201047, networkLocation: /default-rack, certSerialId: null}, Type:RATIS, Factor:ONE, State:OPEN]
2019-09-09 18:20:24,035 [grpc-default-executor-4] INFO  impl.RaftServerProxy (RaftServerProxy.java:addNew(89)) - 1a572ce7-0a14-4a41-9db7-57a1ec964998: addNew group-180C3F927DDB:[1a572ce7-0a14-4a41-9db7-57a1ec964998:192.168.5.148:39389] returns group-180C3F927DDB:java.util.concurrent.CompletableFuture@1e4c165c[Not completed]
2019-09-09 18:20:24,036 [pool-439-thread-1] INFO  impl.RaftServerImpl (RaftServerImpl.java:<init>(93)) - 1a572ce7-0a14-4a41-9db7-57a1ec964998: new RaftServerImpl for group-180C3F927DDB:[1a572ce7-0a14-4a41-9db7-57a1ec964998:192.168.5.148:39389] with ContainerStateMachine:uninitialized
2019-09-09 18:20:24,037 [pool-439-thread-1] INFO  server.RaftServerConfigKeys (ConfUtils.java:logGet(43)) - raft.server.rpc.timeout.min = 5s (custom)
2019-09-09 18:20:24,037 [pool-439-thread-1] INFO  server.RaftServerConfigKeys (ConfUtils.java:logGet(43)) - raft.server.rpc.timeout.max = 5200ms (custom)
2019-09-09 18:20:24,037 [pool-439-thread-1] INFO  server.RaftServerConfigKeys (ConfUtils.java:logGet(43)) - raft.server.rpcslowness.timeout = 120s (custom)
2019-09-09 18:20:24,037 [pool-439-thread-1] INFO  server.RaftServerConfigKeys (ConfUtils.java:logGet(43)) - raft.server.sleep.deviation.threshold = 300 (default)
2019-09-09 18:20:24,037 [pool-439-thread-1] INFO  server.RaftServerConfigKeys (ConfUtils.java:logGet(43)) - raft.server.log.appender.install.snapshot.enabled = false (custom)
2019-09-09 18:20:24,037 [pool-439-thread-1] INFO  impl.RaftServerImpl (ServerState.java:<init>(105)) - 1a572ce7-0a14-4a41-9db7-57a1ec964998:group-180C3F927DDB ConfigurationManager, init=-1: [1a572ce7-0a14-4a41-9db7-57a1ec964998:192.168.5.148:39389], old=null, confs=<EMPTY_MAP>
2019-09-09 18:20:24,037 [pool-439-thread-1] INFO  server.RaftServerConfigKeys (ConfUtils.java:logGet(43)) - raft.server.storage.dir = [/workdir/hadoop-ozone/integration-test/target/test-dir/MiniOzoneClusterImpl-95ae6e3b-0d2e-4555-bae3-c8c32225a9eb/datanode-3/data/ratis] (custom)
2019-09-09 18:20:24,038 [pool-439-thread-1] INFO  storage.RaftStorageDirectory (RaftStorageDirectory.java:analyzeStorage(246)) - The storage directory /workdir/hadoop-ozone/integration-test/target/test-dir/MiniOzoneClusterImpl-95ae6e3b-0d2e-4555-bae3-c8c32225a9eb/datanode-3/data/ratis/e14696ca-6fe5-4b5f-a4f6-180c3f927ddb does not exist. Creating ...
2019-09-09 18:20:24,057 [pool-439-thread-1] INFO  storage.RaftStorageDirectory (RaftStorageDirectory.java:tryLock(328)) - Lock on /workdir/hadoop-ozone/integration-test/target/test-dir/MiniOzoneClusterImpl-95ae6e3b-0d2e-4555-bae3-c8c32225a9eb/datanode-3/data/ratis/e14696ca-6fe5-4b5f-a4f6-180c3f927ddb/in_use.lock acquired by nodename 29941@pr-hdds-2076-trb5z-849201047
2019-09-09 18:20:24,078 [IPC Server handler 4 on 42474] INFO  net.NetworkTopology (NetworkTopologyImpl.java:add(110)) - Added a new node: /default-rack/20b1fa90-b15b-4994-ae75-85145e91141e
2019-09-09 18:20:24,078 [IPC Server handler 4 on 42474] INFO  node.SCMNodeManager (SCMNodeManager.java:register(266)) - Registered Data node : 20b1fa90-b15b-4994-ae75-85145e91141e{ip: 192.168.5.148, host: pr-hdds-2076-trb5z-849201047, networkLocation: /default-rack, certSerialId: null}
2019-09-09 18:20:24,082 [pool-439-thread-1] INFO  storage.RaftStorage (RaftStorage.java:format(72)) - Storage directory /workdir/hadoop-ozone/integration-test/target/test-dir/MiniOzoneClusterImpl-95ae6e3b-0d2e-4555-bae3-c8c32225a9eb/datanode-3/data/ratis/e14696ca-6fe5-4b5f-a4f6-180c3f927ddb has been successfully formatted.
2019-09-09 18:20:24,083 [pool-439-thread-1] INFO  ratis.ContainerStateMachine (ContainerStateMachine.java:loadSnapshot(227)) - group-180C3F927DDB: The snapshot info is null. Setting the last applied indexto:(t:0, i:~)
2019-09-09 18:20:24,083 [pool-439-thread-1] INFO  server.RaftServerConfigKeys (ConfUtils.java:logGet(43)) - raft.server.leader.election.timeout = 120s (custom)
2019-09-09 18:20:24,083 [pool-439-thread-1] INFO  server.RaftServerConfigKeys (ConfUtils.java:logGet(43)) - raft.server.log.use.memory = false (default)
2019-09-09 18:20:24,083 [pool-439-thread-1] INFO  server.RaftServerConfigKeys (ConfUtils.java:logGet(43)) - raft.server.log.purge.gap = 1000000 (custom)
2019-09-09 18:20:24,083 [pool-439-thread-1] INFO  server.RaftServerConfigKeys (ConfUtils.java:logGet(43)) - raft.server.log.appender.buffer.byte-limit = 33554432 (custom)
2019-09-09 18:20:24,083 [pool-439-thread-1] INFO  server.RaftServerConfigKeys (ConfUtils.java:logGet(43)) - raft.server.log.segment.size.max = 1048576 (custom)
2019-09-09 18:20:24,083 [pool-439-thread-1] INFO  server.RaftServerConfigKeys (ConfUtils.java:logGet(43)) - raft.server.log.segment.cache.num.max = 2 (custom)
2019-09-09 18:20:24,083 [pool-439-thread-1] INFO  segmented.SegmentedRaftLogWorker (SegmentedRaftLogWorker.java:<init>(172)) - new 1a572ce7-0a14-4a41-9db7-57a1ec964998-SegmentedRaftLogWorker:Storage Directory /workdir/hadoop-ozone/integration-test/target/test-dir/MiniOzoneClusterImpl-95ae6e3b-0d2e-4555-bae3-c8c32225a9eb/datanode-3/data/ratis/e14696ca-6fe5-4b5f-a4f6-180c3f927ddb for RaftStorage:Storage Directory /workdir/hadoop-ozone/integration-test/target/test-dir/MiniOzoneClusterImpl-95ae6e3b-0d2e-4555-bae3-c8c32225a9eb/datanode-3/data/ratis/e14696ca-6fe5-4b5f-a4f6-180c3f927ddb
2019-09-09 18:20:24,084 [pool-439-thread-1] INFO  server.RaftServerConfigKeys (ConfUtils.java:logGet(43)) - raft.server.log.queue.byte-limit = 2147483647 (custom)
2019-09-09 18:20:24,084 [pool-439-thread-1] INFO  server.RaftServerConfigKeys (ConfUtils.java:logGet(43)) - raft.server.log.queue.element-limit = 1024 (custom)
2019-09-09 18:20:24,084 [pool-439-thread-1] INFO  server.RaftServerConfigKeys (ConfUtils.java:logGet(43)) - raft.server.log.segment.size.max = 1048576 (custom)
2019-09-09 18:20:24,084 [pool-439-thread-1] INFO  server.RaftServerConfigKeys (ConfUtils.java:logGet(43)) - raft.server.log.preallocated.size = 16384 (custom)
2019-09-09 18:20:24,084 [pool-439-thread-1] INFO  server.RaftServerConfigKeys (ConfUtils.java:logGet(43)) - raft.server.log.write.buffer.size = 33554432 (custom)
2019-09-09 18:20:24,084 [pool-439-thread-1] INFO  server.RaftServerConfigKeys (ConfUtils.java:logGet(43)) - raft.server.log.force.sync.num = 128 (default)
2019-09-09 18:20:24,084 [pool-439-thread-1] INFO  server.RaftServerConfigKeys (ConfUtils.java:logGet(43)) - raft.server.log.statemachine.data.sync = true (default)
2019-09-09 18:20:24,084 [pool-439-thread-1] INFO  server.RaftServerConfigKeys (ConfUtils.java:logGet(43)) - raft.server.log.statemachine.data.sync.timeout = 10s (default)
2019-09-09 18:20:24,085 [pool-439-thread-1] INFO  server.RaftServerConfigKeys (ConfUtils.java:logGet(43)) - raft.server.log.statemachine.data.sync.timeout.retry = -1 (default)
2019-09-09 18:20:24,085 [pool-439-thread-1] INFO  server.RaftServerConfigKeys (ConfUtils.java:logGet(43)) - raft.server.log.statemachine.data.caching.enabled = true (custom)
2019-09-09 18:20:24,085 [pool-439-thread-1] INFO  segmented.SegmentedRaftLogWorker (SegmentedRaftLogWorker.java:lambda$new$0(132)) - 1a572ce7-0a14-4a41-9db7-57a1ec964998-SegmentedRaftLogWorker:Storage Directory /workdir/hadoop-ozone/integration-test/target/test-dir/MiniOzoneClusterImpl-95ae6e3b-0d2e-4555-bae3-c8c32225a9eb/datanode-3/data/ratis/e14696ca-6fe5-4b5f-a4f6-180c3f927ddb: flushIndex: setUnconditionally 0 -> -1
2019-09-09 18:20:24,086 [pool-439-thread-1] INFO  server.RaftServerConfigKeys (ConfUtils.java:logGet(43)) - raft.server.snapshot.auto.trigger.enabled = true (custom)
2019-09-09 18:20:24,086 [pool-439-thread-1] INFO  server.RaftServerConfigKeys (ConfUtils.java:logGet(43)) - raft.server.snapshot.auto.trigger.threshold = 10000 (custom)
2019-09-09 18:20:24,086 [pool-439-thread-1] INFO  server.RaftServerConfigKeys (ConfUtils.java:logGet(43)) - raft.server.retrycache.expirytime = 600000ms (custom)
2019-09-09 18:20:24,086 [pool-439-thread-1] INFO  impl.RaftServerImpl (RaftServerImpl.java:start(180)) - 1a572ce7-0a14-4a41-9db7-57a1ec964998: start group-180C3F927DDB
2019-09-09 18:20:24,086 [pool-439-thread-1] INFO  impl.RaftServerImpl (RaftServerImpl.java:setRole(171)) - 1a572ce7-0a14-4a41-9db7-57a1ec964998:group-180C3F927DDB changes role from null to FOLLOWER at term 0 for startAsFollower
2019-09-09 18:20:24,086 [pool-439-thread-1] INFO  impl.RoleInfo (RoleInfo.java:updateAndGet(143)) - 1a572ce7-0a14-4a41-9db7-57a1ec964998: start FollowerState
2019-09-09 18:20:24,098 [pool-439-thread-1] INFO  util.JmxRegister (JmxRegister.java:tryRegister(44)) - Successfully registered JMX Bean with object name Ratis:service=RaftServer,group=group-180C3F927DDB,id=1a572ce7-0a14-4a41-9db7-57a1ec964998
2019-09-09 18:20:24,105 [RatisPipelineUtilsThread] INFO  pipeline.PipelineStateManager (PipelineStateManager.java:addPipeline(56)) - Created pipeline Pipeline[ Id: e14696ca-6fe5-4b5f-a4f6-180c3f927ddb, Nodes: 1a572ce7-0a14-4a41-9db7-57a1ec964998{ip: 192.168.5.148, host: pr-hdds-2076-trb5z-849201047, networkLocation: /default-rack, certSerialId: null}, Type:RATIS, Factor:ONE, State:OPEN]
2019-09-09 18:20:24,110 [grpc-default-executor-4] INFO  impl.RaftServerProxy (RaftServerProxy.java:addNew(89)) - 20b1fa90-b15b-4994-ae75-85145e91141e: addNew group-CB8584F01914:[20b1fa90-b15b-4994-ae75-85145e91141e:192.168.5.148:35806] returns group-CB8584F01914:java.util.concurrent.CompletableFuture@5cfbf1ab[Not completed]
2019-09-09 18:20:24,111 [pool-449-thread-1] INFO  impl.RaftServerImpl (RaftServerImpl.java:<init>(93)) - 20b1fa90-b15b-4994-ae75-85145e91141e: new RaftServerImpl for group-CB8584F01914:[20b1fa90-b15b-4994-ae75-85145e91141e:192.168.5.148:35806] with ContainerStateMachine:uninitialized
2019-09-09 18:20:24,111 [pool-449-thread-1] INFO  server.RaftServerConfigKeys (ConfUtils.java:logGet(43)) - raft.server.rpc.timeout.min = 5s (custom)
2019-09-09 18:20:24,112 [pool-449-thread-1] INFO  server.RaftServerConfigKeys (ConfUtils.java:logGet(43)) - raft.server.rpc.timeout.max = 5200ms (custom)
2019-09-09 18:20:24,112 [pool-449-thread-1] INFO  server.RaftServerConfigKeys (ConfUtils.java:logGet(43)) - raft.server.rpcslowness.timeout = 120s (custom)
2019-09-09 18:20:24,112 [pool-449-thread-1] INFO  server.RaftServerConfigKeys (ConfUtils.java:logGet(43)) - raft.server.sleep.deviation.threshold = 300 (default)
2019-09-09 18:20:24,112 [pool-449-thread-1] INFO  server.RaftServerConfigKeys (ConfUtils.java:logGet(43)) - raft.server.log.appender.install.snapshot.enabled = false (custom)
2019-09-09 18:20:24,112 [pool-449-thread-1] INFO  impl.RaftServerImpl (ServerState.java:<init>(105)) - 20b1fa90-b15b-4994-ae75-85145e91141e:group-CB8584F01914 ConfigurationManager, init=-1: [20b1fa90-b15b-4994-ae75-85145e91141e:192.168.5.148:35806], old=null, confs=<EMPTY_MAP>
2019-09-09 18:20:24,112 [pool-449-thread-1] INFO  server.RaftServerConfigKeys (ConfUtils.java:logGet(43)) - raft.server.storage.dir = [/workdir/hadoop-ozone/integration-test/target/test-dir/MiniOzoneClusterImpl-95ae6e3b-0d2e-4555-bae3-c8c32225a9eb/datanode-4/data/ratis] (custom)
2019-09-09 18:20:24,112 [pool-449-thread-1] INFO  storage.RaftStorageDirectory (RaftStorageDirectory.java:analyzeStorage(246)) - The storage directory /workdir/hadoop-ozone/integration-test/target/test-dir/MiniOzoneClusterImpl-95ae6e3b-0d2e-4555-bae3-c8c32225a9eb/datanode-4/data/ratis/cd3cf9f1-d209-498b-ae0d-cb8584f01914 does not exist. Creating ...
2019-09-09 18:20:24,125 [pool-449-thread-1] INFO  storage.RaftStorageDirectory (RaftStorageDirectory.java:tryLock(328)) - Lock on /workdir/hadoop-ozone/integration-test/target/test-dir/MiniOzoneClusterImpl-95ae6e3b-0d2e-4555-bae3-c8c32225a9eb/datanode-4/data/ratis/cd3cf9f1-d209-498b-ae0d-cb8584f01914/in_use.lock acquired by nodename 29941@pr-hdds-2076-trb5z-849201047
2019-09-09 18:20:24,138 [pool-449-thread-1] INFO  storage.RaftStorage (RaftStorage.java:format(72)) - Storage directory /workdir/hadoop-ozone/integration-test/target/test-dir/MiniOzoneClusterImpl-95ae6e3b-0d2e-4555-bae3-c8c32225a9eb/datanode-4/data/ratis/cd3cf9f1-d209-498b-ae0d-cb8584f01914 has been successfully formatted.
2019-09-09 18:20:24,138 [pool-449-thread-1] INFO  ratis.ContainerStateMachine (ContainerStateMachine.java:loadSnapshot(227)) - group-CB8584F01914: The snapshot info is null. Setting the last applied indexto:(t:0, i:~)
2019-09-09 18:20:24,138 [pool-449-thread-1] INFO  server.RaftServerConfigKeys (ConfUtils.java:logGet(43)) - raft.server.leader.election.timeout = 120s (custom)
2019-09-09 18:20:24,138 [pool-449-thread-1] INFO  server.RaftServerConfigKeys (ConfUtils.java:logGet(43)) - raft.server.log.use.memory = false (default)
2019-09-09 18:20:24,138 [pool-449-thread-1] INFO  server.RaftServerConfigKeys (ConfUtils.java:logGet(43)) - raft.server.log.purge.gap = 1000000 (custom)
2019-09-09 18:20:24,138 [pool-449-thread-1] INFO  server.RaftServerConfigKeys (ConfUtils.java:logGet(43)) - raft.server.log.appender.buffer.byte-limit = 33554432 (custom)
2019-09-09 18:20:24,139 [pool-449-thread-1] INFO  server.RaftServerConfigKeys (ConfUtils.java:logGet(43)) - raft.server.log.segment.size.max = 1048576 (custom)
2019-09-09 18:20:24,139 [pool-449-thread-1] INFO  server.RaftServerConfigKeys (ConfUtils.java:logGet(43)) - raft.server.log.segment.cache.num.max = 2 (custom)
2019-09-09 18:20:24,139 [pool-449-thread-1] INFO  segmented.SegmentedRaftLogWorker (SegmentedRaftLogWorker.java:<init>(172)) - new 20b1fa90-b15b-4994-ae75-85145e91141e-SegmentedRaftLogWorker:Storage Directory /workdir/hadoop-ozone/integration-test/target/test-dir/MiniOzoneClusterImpl-95ae6e3b-0d2e-4555-bae3-c8c32225a9eb/datanode-4/data/ratis/cd3cf9f1-d209-498b-ae0d-cb8584f01914 for RaftStorage:Storage Directory /workdir/hadoop-ozone/integration-test/target/test-dir/MiniOzoneClusterImpl-95ae6e3b-0d2e-4555-bae3-c8c32225a9eb/datanode-4/data/ratis/cd3cf9f1-d209-498b-ae0d-cb8584f01914
2019-09-09 18:20:24,139 [pool-449-thread-1] INFO  server.RaftServerConfigKeys (ConfUtils.java:logGet(43)) - raft.server.log.queue.byte-limit = 2147483647 (custom)
2019-09-09 18:20:24,139 [pool-449-thread-1] INFO  server.RaftServerConfigKeys (ConfUtils.java:logGet(43)) - raft.server.log.queue.element-limit = 1024 (custom)
2019-09-09 18:20:24,139 [pool-449-thread-1] INFO  server.RaftServerConfigKeys (ConfUtils.java:logGet(43)) - raft.server.log.segment.size.max = 1048576 (custom)
2019-09-09 18:20:24,139 [pool-449-thread-1] INFO  server.RaftServerConfigKeys (ConfUtils.java:logGet(43)) - raft.server.log.preallocated.size = 16384 (custom)
2019-09-09 18:20:24,140 [pool-449-thread-1] INFO  server.RaftServerConfigKeys (ConfUtils.java:logGet(43)) - raft.server.log.write.buffer.size = 33554432 (custom)
2019-09-09 18:20:24,140 [pool-449-thread-1] INFO  server.RaftServerConfigKeys (ConfUtils.java:logGet(43)) - raft.server.log.force.sync.num = 128 (default)
2019-09-09 18:20:24,140 [pool-449-thread-1] INFO  server.RaftServerConfigKeys (ConfUtils.java:logGet(43)) - raft.server.log.statemachine.data.sync = true (default)
2019-09-09 18:20:24,140 [pool-449-thread-1] INFO  server.RaftServerConfigKeys (ConfUtils.java:logGet(43)) - raft.server.log.statemachine.data.sync.timeout = 10s (default)
2019-09-09 18:20:24,140 [pool-449-thread-1] INFO  server.RaftServerConfigKeys (ConfUtils.java:logGet(43)) - raft.server.log.statemachine.data.sync.timeout.retry = -1 (default)
2019-09-09 18:20:24,140 [pool-449-thread-1] INFO  server.RaftServerConfigKeys (ConfUtils.java:logGet(43)) - raft.server.log.statemachine.data.caching.enabled = true (custom)
2019-09-09 18:20:24,141 [pool-449-thread-1] INFO  segmented.SegmentedRaftLogWorker (SegmentedRaftLogWorker.java:lambda$new$0(132)) - 20b1fa90-b15b-4994-ae75-85145e91141e-SegmentedRaftLogWorker:Storage Directory /workdir/hadoop-ozone/integration-test/target/test-dir/MiniOzoneClusterImpl-95ae6e3b-0d2e-4555-bae3-c8c32225a9eb/datanode-4/data/ratis/cd3cf9f1-d209-498b-ae0d-cb8584f01914: flushIndex: setUnconditionally 0 -> -1
2019-09-09 18:20:24,141 [pool-449-thread-1] INFO  server.RaftServerConfigKeys (ConfUtils.java:logGet(43)) - raft.server.snapshot.auto.trigger.enabled = true (custom)
2019-09-09 18:20:24,141 [pool-449-thread-1] INFO  server.RaftServerConfigKeys (ConfUtils.java:logGet(43)) - raft.server.snapshot.auto.trigger.threshold = 10000 (custom)
2019-09-09 18:20:24,141 [pool-449-thread-1] INFO  server.RaftServerConfigKeys (ConfUtils.java:logGet(43)) - raft.server.retrycache.expirytime = 600000ms (custom)
2019-09-09 18:20:24,141 [pool-449-thread-1] INFO  impl.RaftServerImpl (RaftServerImpl.java:start(180)) - 20b1fa90-b15b-4994-ae75-85145e91141e: start group-CB8584F01914
2019-09-09 18:20:24,141 [pool-449-thread-1] INFO  impl.RaftServerImpl (RaftServerImpl.java:setRole(171)) - 20b1fa90-b15b-4994-ae75-85145e91141e:group-CB8584F01914 changes role from null to FOLLOWER at term 0 for startAsFollower
2019-09-09 18:20:24,141 [pool-449-thread-1] INFO  impl.RoleInfo (RoleInfo.java:updateAndGet(143)) - 20b1fa90-b15b-4994-ae75-85145e91141e: start FollowerState
2019-09-09 18:20:24,142 [pool-449-thread-1] INFO  util.JmxRegister (JmxRegister.java:tryRegister(44)) - Successfully registered JMX Bean with object name Ratis:service=RaftServer,group=group-CB8584F01914,id=20b1fa90-b15b-4994-ae75-85145e91141e
2019-09-09 18:20:24,142 [IPC Server handler 6 on 42474] INFO  net.NetworkTopology (NetworkTopologyImpl.java:add(110)) - Added a new node: /default-rack/bc9d40ff-be27-40b6-866f-f71d568af030
2019-09-09 18:20:24,143 [IPC Server handler 6 on 42474] INFO  node.SCMNodeManager (SCMNodeManager.java:register(266)) - Registered Data node : bc9d40ff-be27-40b6-866f-f71d568af030{ip: 192.168.5.148, host: pr-hdds-2076-trb5z-849201047, networkLocation: /default-rack, certSerialId: null}
2019-09-09 18:20:24,144 [RatisPipelineUtilsThread] INFO  pipeline.PipelineStateManager (PipelineStateManager.java:addPipeline(56)) - Created pipeline Pipeline[ Id: cd3cf9f1-d209-498b-ae0d-cb8584f01914, Nodes: 20b1fa90-b15b-4994-ae75-85145e91141e{ip: 192.168.5.148, host: pr-hdds-2076-trb5z-849201047, networkLocation: /default-rack, certSerialId: null}, Type:RATIS, Factor:ONE, State:OPEN]
2019-09-09 18:20:24,151 [grpc-default-executor-4] INFO  impl.RaftServerProxy (RaftServerProxy.java:addNew(89)) - bc9d40ff-be27-40b6-866f-f71d568af030: addNew group-47FDE72BBEB4:[bc9d40ff-be27-40b6-866f-f71d568af030:192.168.5.148:32832] returns group-47FDE72BBEB4:java.util.concurrent.CompletableFuture@24993275[Not completed]
2019-09-09 18:20:24,152 [pool-459-thread-1] INFO  impl.RaftServerImpl (RaftServerImpl.java:<init>(93)) - bc9d40ff-be27-40b6-866f-f71d568af030: new RaftServerImpl for group-47FDE72BBEB4:[bc9d40ff-be27-40b6-866f-f71d568af030:192.168.5.148:32832] with ContainerStateMachine:uninitialized
2019-09-09 18:20:24,152 [pool-459-thread-1] INFO  server.RaftServerConfigKeys (ConfUtils.java:logGet(43)) - raft.server.rpc.timeout.min = 5s (custom)
2019-09-09 18:20:24,152 [pool-459-thread-1] INFO  server.RaftServerConfigKeys (ConfUtils.java:logGet(43)) - raft.server.rpc.timeout.max = 5200ms (custom)
2019-09-09 18:20:24,152 [pool-459-thread-1] INFO  server.RaftServerConfigKeys (ConfUtils.java:logGet(43)) - raft.server.rpcslowness.timeout = 120s (custom)
2019-09-09 18:20:24,153 [pool-459-thread-1] INFO  server.RaftServerConfigKeys (ConfUtils.java:logGet(43)) - raft.server.sleep.deviation.threshold = 300 (default)
2019-09-09 18:20:24,153 [pool-459-thread-1] INFO  server.RaftServerConfigKeys (ConfUtils.java:logGet(43)) - raft.server.log.appender.install.snapshot.enabled = false (custom)
2019-09-09 18:20:24,153 [pool-459-thread-1] INFO  impl.RaftServerImpl (ServerState.java:<init>(105)) - bc9d40ff-be27-40b6-866f-f71d568af030:group-47FDE72BBEB4 ConfigurationManager, init=-1: [bc9d40ff-be27-40b6-866f-f71d568af030:192.168.5.148:32832], old=null, confs=<EMPTY_MAP>
2019-09-09 18:20:24,153 [pool-459-thread-1] INFO  server.RaftServerConfigKeys (ConfUtils.java:logGet(43)) - raft.server.storage.dir = [/workdir/hadoop-ozone/integration-test/target/test-dir/MiniOzoneClusterImpl-95ae6e3b-0d2e-4555-bae3-c8c32225a9eb/datanode-5/data/ratis] (custom)
2019-09-09 18:20:24,153 [pool-459-thread-1] INFO  storage.RaftStorageDirectory (RaftStorageDirectory.java:analyzeStorage(246)) - The storage directory /workdir/hadoop-ozone/integration-test/target/test-dir/MiniOzoneClusterImpl-95ae6e3b-0d2e-4555-bae3-c8c32225a9eb/datanode-5/data/ratis/d372d983-0946-46f2-abdc-47fde72bbeb4 does not exist. Creating ...
2019-09-09 18:20:24,172 [pool-459-thread-1] INFO  storage.RaftStorageDirectory (RaftStorageDirectory.java:tryLock(328)) - Lock on /workdir/hadoop-ozone/integration-test/target/test-dir/MiniOzoneClusterImpl-95ae6e3b-0d2e-4555-bae3-c8c32225a9eb/datanode-5/data/ratis/d372d983-0946-46f2-abdc-47fde72bbeb4/in_use.lock acquired by nodename 29941@pr-hdds-2076-trb5z-849201047
2019-09-09 18:20:24,187 [pool-459-thread-1] INFO  storage.RaftStorage (RaftStorage.java:format(72)) - Storage directory /workdir/hadoop-ozone/integration-test/target/test-dir/MiniOzoneClusterImpl-95ae6e3b-0d2e-4555-bae3-c8c32225a9eb/datanode-5/data/ratis/d372d983-0946-46f2-abdc-47fde72bbeb4 has been successfully formatted.
2019-09-09 18:20:24,188 [pool-459-thread-1] INFO  ratis.ContainerStateMachine (ContainerStateMachine.java:loadSnapshot(227)) - group-47FDE72BBEB4: The snapshot info is null. Setting the last applied indexto:(t:0, i:~)
2019-09-09 18:20:24,188 [pool-459-thread-1] INFO  server.RaftServerConfigKeys (ConfUtils.java:logGet(43)) - raft.server.leader.election.timeout = 120s (custom)
2019-09-09 18:20:24,188 [pool-459-thread-1] INFO  server.RaftServerConfigKeys (ConfUtils.java:logGet(43)) - raft.server.log.use.memory = false (default)
2019-09-09 18:20:24,188 [pool-459-thread-1] INFO  server.RaftServerConfigKeys (ConfUtils.java:logGet(43)) - raft.server.log.purge.gap = 1000000 (custom)
2019-09-09 18:20:24,188 [pool-459-thread-1] INFO  server.RaftServerConfigKeys (ConfUtils.java:logGet(43)) - raft.server.log.appender.buffer.byte-limit = 33554432 (custom)
2019-09-09 18:20:24,188 [pool-459-thread-1] INFO  server.RaftServerConfigKeys (ConfUtils.java:logGet(43)) - raft.server.log.segment.size.max = 1048576 (custom)
2019-09-09 18:20:24,188 [pool-459-thread-1] INFO  server.RaftServerConfigKeys (ConfUtils.java:logGet(43)) - raft.server.log.segment.cache.num.max = 2 (custom)
2019-09-09 18:20:24,189 [pool-459-thread-1] INFO  segmented.SegmentedRaftLogWorker (SegmentedRaftLogWorker.java:<init>(172)) - new bc9d40ff-be27-40b6-866f-f71d568af030-SegmentedRaftLogWorker:Storage Directory /workdir/hadoop-ozone/integration-test/target/test-dir/MiniOzoneClusterImpl-95ae6e3b-0d2e-4555-bae3-c8c32225a9eb/datanode-5/data/ratis/d372d983-0946-46f2-abdc-47fde72bbeb4 for RaftStorage:Storage Directory /workdir/hadoop-ozone/integration-test/target/test-dir/MiniOzoneClusterImpl-95ae6e3b-0d2e-4555-bae3-c8c32225a9eb/datanode-5/data/ratis/d372d983-0946-46f2-abdc-47fde72bbeb4
2019-09-09 18:20:24,189 [pool-459-thread-1] INFO  server.RaftServerConfigKeys (ConfUtils.java:logGet(43)) - raft.server.log.queue.byte-limit = 2147483647 (custom)
2019-09-09 18:20:24,189 [pool-459-thread-1] INFO  server.RaftServerConfigKeys (ConfUtils.java:logGet(43)) - raft.server.log.queue.element-limit = 1024 (custom)
2019-09-09 18:20:24,189 [pool-459-thread-1] INFO  server.RaftServerConfigKeys (ConfUtils.java:logGet(43)) - raft.server.log.segment.size.max = 1048576 (custom)
2019-09-09 18:20:24,189 [pool-459-thread-1] INFO  server.RaftServerConfigKeys (ConfUtils.java:logGet(43)) - raft.server.log.preallocated.size = 16384 (custom)
2019-09-09 18:20:24,189 [pool-459-thread-1] INFO  server.RaftServerConfigKeys (ConfUtils.java:logGet(43)) - raft.server.log.write.buffer.size = 33554432 (custom)
2019-09-09 18:20:24,189 [pool-459-thread-1] INFO  server.RaftServerConfigKeys (ConfUtils.java:logGet(43)) - raft.server.log.force.sync.num = 128 (default)
2019-09-09 18:20:24,189 [pool-459-thread-1] INFO  server.RaftServerConfigKeys (ConfUtils.java:logGet(43)) - raft.server.log.statemachine.data.sync = true (default)
2019-09-09 18:20:24,189 [pool-459-thread-1] INFO  server.RaftServerConfigKeys (ConfUtils.java:logGet(43)) - raft.server.log.statemachine.data.sync.timeout = 10s (default)
2019-09-09 18:20:24,190 [pool-459-thread-1] INFO  server.RaftServerConfigKeys (ConfUtils.java:logGet(43)) - raft.server.log.statemachine.data.sync.timeout.retry = -1 (default)
2019-09-09 18:20:24,190 [pool-459-thread-1] INFO  server.RaftServerConfigKeys (ConfUtils.java:logGet(43)) - raft.server.log.statemachine.data.caching.enabled = true (custom)
2019-09-09 18:20:24,190 [pool-459-thread-1] INFO  segmented.SegmentedRaftLogWorker (SegmentedRaftLogWorker.java:lambda$new$0(132)) - bc9d40ff-be27-40b6-866f-f71d568af030-SegmentedRaftLogWorker:Storage Directory /workdir/hadoop-ozone/integration-test/target/test-dir/MiniOzoneClusterImpl-95ae6e3b-0d2e-4555-bae3-c8c32225a9eb/datanode-5/data/ratis/d372d983-0946-46f2-abdc-47fde72bbeb4: flushIndex: setUnconditionally 0 -> -1
2019-09-09 18:20:24,190 [pool-459-thread-1] INFO  server.RaftServerConfigKeys (ConfUtils.java:logGet(43)) - raft.server.snapshot.auto.trigger.enabled = true (custom)
2019-09-09 18:20:24,190 [pool-459-thread-1] INFO  server.RaftServerConfigKeys (ConfUtils.java:logGet(43)) - raft.server.snapshot.auto.trigger.threshold = 10000 (custom)
2019-09-09 18:20:24,190 [pool-459-thread-1] INFO  server.RaftServerConfigKeys (ConfUtils.java:logGet(43)) - raft.server.retrycache.expirytime = 600000ms (custom)
2019-09-09 18:20:24,191 [pool-459-thread-1] INFO  impl.RaftServerImpl (RaftServerImpl.java:start(180)) - bc9d40ff-be27-40b6-866f-f71d568af030: start group-47FDE72BBEB4
2019-09-09 18:20:24,191 [pool-459-thread-1] INFO  impl.RaftServerImpl (RaftServerImpl.java:setRole(171)) - bc9d40ff-be27-40b6-866f-f71d568af030:group-47FDE72BBEB4 changes role from null to FOLLOWER at term 0 for startAsFollower
2019-09-09 18:20:24,191 [pool-459-thread-1] INFO  impl.RoleInfo (RoleInfo.java:updateAndGet(143)) - bc9d40ff-be27-40b6-866f-f71d568af030: start FollowerState
2019-09-09 18:20:24,191 [pool-459-thread-1] INFO  util.JmxRegister (JmxRegister.java:tryRegister(44)) - Successfully registered JMX Bean with object name Ratis:service=RaftServer,group=group-47FDE72BBEB4,id=bc9d40ff-be27-40b6-866f-f71d568af030
2019-09-09 18:20:24,193 [RatisPipelineUtilsThread] INFO  pipeline.PipelineStateManager (PipelineStateManager.java:addPipeline(56)) - Created pipeline Pipeline[ Id: d372d983-0946-46f2-abdc-47fde72bbeb4, Nodes: bc9d40ff-be27-40b6-866f-f71d568af030{ip: 192.168.5.148, host: pr-hdds-2076-trb5z-849201047, networkLocation: /default-rack, certSerialId: null}, Type:RATIS, Factor:ONE, State:OPEN]
2019-09-09 18:20:24,201 [grpc-default-executor-7] INFO  impl.RaftServerProxy (RaftServerProxy.java:addNew(89)) - 20b1fa90-b15b-4994-ae75-85145e91141e: addNew group-6AA028D19D8E:[a5b0d3c7-891f-43bc-b910-03bd90504a9e:192.168.5.148:40823, 20b1fa90-b15b-4994-ae75-85145e91141e:192.168.5.148:35806, 74314560-160c-4793-8a97-1d59b2f4bc54:192.168.5.148:37823] returns group-6AA028D19D8E:java.util.concurrent.CompletableFuture@17e93ded[Not completed]
2019-09-09 18:20:24,201 [grpc-default-executor-6] INFO  impl.RaftServerProxy (RaftServerProxy.java:addNew(89)) - a5b0d3c7-891f-43bc-b910-03bd90504a9e: addNew group-6AA028D19D8E:[a5b0d3c7-891f-43bc-b910-03bd90504a9e:192.168.5.148:40823, 20b1fa90-b15b-4994-ae75-85145e91141e:192.168.5.148:35806, 74314560-160c-4793-8a97-1d59b2f4bc54:192.168.5.148:37823] returns group-6AA028D19D8E:java.util.concurrent.CompletableFuture@479d67b4[Not completed]
2019-09-09 18:20:24,201 [grpc-default-executor-4] INFO  impl.RaftServerProxy (RaftServerProxy.java:addNew(89)) - 74314560-160c-4793-8a97-1d59b2f4bc54: addNew group-6AA028D19D8E:[a5b0d3c7-891f-43bc-b910-03bd90504a9e:192.168.5.148:40823, 20b1fa90-b15b-4994-ae75-85145e91141e:192.168.5.148:35806, 74314560-160c-4793-8a97-1d59b2f4bc54:192.168.5.148:37823] returns group-6AA028D19D8E:java.util.concurrent.CompletableFuture@5a7e9095[Not completed]
2019-09-09 18:20:24,202 [pool-429-thread-1] INFO  impl.RaftServerImpl (RaftServerImpl.java:<init>(93)) - a5b0d3c7-891f-43bc-b910-03bd90504a9e: new RaftServerImpl for group-6AA028D19D8E:[a5b0d3c7-891f-43bc-b910-03bd90504a9e:192.168.5.148:40823, 20b1fa90-b15b-4994-ae75-85145e91141e:192.168.5.148:35806, 74314560-160c-4793-8a97-1d59b2f4bc54:192.168.5.148:37823] with ContainerStateMachine:uninitialized
2019-09-09 18:20:24,202 [pool-429-thread-1] INFO  server.RaftServerConfigKeys (ConfUtils.java:logGet(43)) - raft.server.rpc.timeout.min = 5s (custom)
2019-09-09 18:20:24,202 [pool-429-thread-1] INFO  server.RaftServerConfigKeys (ConfUtils.java:logGet(43)) - raft.server.rpc.timeout.max = 5200ms (custom)
2019-09-09 18:20:24,202 [pool-429-thread-1] INFO  server.RaftServerConfigKeys (ConfUtils.java:logGet(43)) - raft.server.rpcslowness.timeout = 120s (custom)
2019-09-09 18:20:24,202 [pool-409-thread-1] INFO  impl.RaftServerImpl (RaftServerImpl.java:<init>(93)) - 74314560-160c-4793-8a97-1d59b2f4bc54: new RaftServerImpl for group-6AA028D19D8E:[a5b0d3c7-891f-43bc-b910-03bd90504a9e:192.168.5.148:40823, 20b1fa90-b15b-4994-ae75-85145e91141e:192.168.5.148:35806, 74314560-160c-4793-8a97-1d59b2f4bc54:192.168.5.148:37823] with ContainerStateMachine:uninitialized
2019-09-09 18:20:24,202 [pool-429-thread-1] INFO  server.RaftServerConfigKeys (ConfUtils.java:logGet(43)) - raft.server.sleep.deviation.threshold = 300 (default)
2019-09-09 18:20:24,202 [pool-409-thread-1] INFO  server.RaftServerConfigKeys (ConfUtils.java:logGet(43)) - raft.server.rpc.timeout.min = 5s (custom)
2019-09-09 18:20:24,202 [pool-429-thread-1] INFO  server.RaftServerConfigKeys (ConfUtils.java:logGet(43)) - raft.server.log.appender.install.snapshot.enabled = false (custom)
2019-09-09 18:20:24,202 [pool-409-thread-1] INFO  server.RaftServerConfigKeys (ConfUtils.java:logGet(43)) - raft.server.rpc.timeout.max = 5200ms (custom)
2019-09-09 18:20:24,203 [pool-429-thread-1] INFO  impl.RaftServerImpl (ServerState.java:<init>(105)) - a5b0d3c7-891f-43bc-b910-03bd90504a9e:group-6AA028D19D8E ConfigurationManager, init=-1: [a5b0d3c7-891f-43bc-b910-03bd90504a9e:192.168.5.148:40823, 20b1fa90-b15b-4994-ae75-85145e91141e:192.168.5.148:35806, 74314560-160c-4793-8a97-1d59b2f4bc54:192.168.5.148:37823], old=null, confs=<EMPTY_MAP>
2019-09-09 18:20:24,203 [pool-409-thread-1] INFO  server.RaftServerConfigKeys (ConfUtils.java:logGet(43)) - raft.server.rpcslowness.timeout = 120s (custom)
2019-09-09 18:20:24,203 [pool-409-thread-1] INFO  server.RaftServerConfigKeys (ConfUtils.java:logGet(43)) - raft.server.sleep.deviation.threshold = 300 (default)
2019-09-09 18:20:24,203 [pool-449-thread-1] INFO  impl.RaftServerImpl (RaftServerImpl.java:<init>(93)) - 20b1fa90-b15b-4994-ae75-85145e91141e: new RaftServerImpl for group-6AA028D19D8E:[a5b0d3c7-891f-43bc-b910-03bd90504a9e:192.168.5.148:40823, 20b1fa90-b15b-4994-ae75-85145e91141e:192.168.5.148:35806, 74314560-160c-4793-8a97-1d59b2f4bc54:192.168.5.148:37823] with ContainerStateMachine:uninitialized
2019-09-09 18:20:24,203 [pool-429-thread-1] INFO  server.RaftServerConfigKeys (ConfUtils.java:logGet(43)) - raft.server.storage.dir = [/workdir/hadoop-ozone/integration-test/target/test-dir/MiniOzoneClusterImpl-95ae6e3b-0d2e-4555-bae3-c8c32225a9eb/datanode-2/data/ratis] (custom)
2019-09-09 18:20:24,203 [pool-449-thread-1] INFO  server.RaftServerConfigKeys (ConfUtils.java:logGet(43)) - raft.server.rpc.timeout.min = 5s (custom)
2019-09-09 18:20:24,203 [pool-409-thread-1] INFO  server.RaftServerConfigKeys (ConfUtils.java:logGet(43)) - raft.server.log.appender.install.snapshot.enabled = false (custom)
2019-09-09 18:20:24,203 [pool-449-thread-1] INFO  server.RaftServerConfigKeys (ConfUtils.java:logGet(43)) - raft.server.rpc.timeout.max = 5200ms (custom)
2019-09-09 18:20:24,203 [pool-409-thread-1] INFO  impl.RaftServerImpl (ServerState.java:<init>(105)) - 74314560-160c-4793-8a97-1d59b2f4bc54:group-6AA028D19D8E ConfigurationManager, init=-1: [a5b0d3c7-891f-43bc-b910-03bd90504a9e:192.168.5.148:40823, 20b1fa90-b15b-4994-ae75-85145e91141e:192.168.5.148:35806, 74314560-160c-4793-8a97-1d59b2f4bc54:192.168.5.148:37823], old=null, confs=<EMPTY_MAP>
2019-09-09 18:20:24,203 [pool-429-thread-1] INFO  storage.RaftStorageDirectory (RaftStorageDirectory.java:analyzeStorage(246)) - The storage directory /workdir/hadoop-ozone/integration-test/target/test-dir/MiniOzoneClusterImpl-95ae6e3b-0d2e-4555-bae3-c8c32225a9eb/datanode-2/data/ratis/1a94940f-3bcf-4936-a69c-6aa028d19d8e does not exist. Creating ...
2019-09-09 18:20:24,203 [pool-409-thread-1] INFO  server.RaftServerConfigKeys (ConfUtils.java:logGet(43)) - raft.server.storage.dir = [/workdir/hadoop-ozone/integration-test/target/test-dir/MiniOzoneClusterImpl-95ae6e3b-0d2e-4555-bae3-c8c32225a9eb/datanode-0/data/ratis] (custom)
2019-09-09 18:20:24,203 [pool-449-thread-1] INFO  server.RaftServerConfigKeys (ConfUtils.java:logGet(43)) - raft.server.rpcslowness.timeout = 120s (custom)
2019-09-09 18:20:24,204 [pool-449-thread-1] INFO  server.RaftServerConfigKeys (ConfUtils.java:logGet(43)) - raft.server.sleep.deviation.threshold = 300 (default)
2019-09-09 18:20:24,204 [pool-449-thread-1] INFO  server.RaftServerConfigKeys (ConfUtils.java:logGet(43)) - raft.server.log.appender.install.snapshot.enabled = false (custom)
2019-09-09 18:20:24,204 [pool-409-thread-1] INFO  storage.RaftStorageDirectory (RaftStorageDirectory.java:analyzeStorage(246)) - The storage directory /workdir/hadoop-ozone/integration-test/target/test-dir/MiniOzoneClusterImpl-95ae6e3b-0d2e-4555-bae3-c8c32225a9eb/datanode-0/data/ratis/1a94940f-3bcf-4936-a69c-6aa028d19d8e does not exist. Creating ...
2019-09-09 18:20:24,204 [pool-449-thread-1] INFO  impl.RaftServerImpl (ServerState.java:<init>(105)) - 20b1fa90-b15b-4994-ae75-85145e91141e:group-6AA028D19D8E ConfigurationManager, init=-1: [a5b0d3c7-891f-43bc-b910-03bd90504a9e:192.168.5.148:40823, 20b1fa90-b15b-4994-ae75-85145e91141e:192.168.5.148:35806, 74314560-160c-4793-8a97-1d59b2f4bc54:192.168.5.148:37823], old=null, confs=<EMPTY_MAP>
2019-09-09 18:20:24,204 [pool-449-thread-1] INFO  server.RaftServerConfigKeys (ConfUtils.java:logGet(43)) - raft.server.storage.dir = [/workdir/hadoop-ozone/integration-test/target/test-dir/MiniOzoneClusterImpl-95ae6e3b-0d2e-4555-bae3-c8c32225a9eb/datanode-4/data/ratis] (custom)
2019-09-09 18:20:24,204 [pool-449-thread-1] INFO  storage.RaftStorageDirectory (RaftStorageDirectory.java:analyzeStorage(246)) - The storage directory /workdir/hadoop-ozone/integration-test/target/test-dir/MiniOzoneClusterImpl-95ae6e3b-0d2e-4555-bae3-c8c32225a9eb/datanode-4/data/ratis/1a94940f-3bcf-4936-a69c-6aa028d19d8e does not exist. Creating ...
2019-09-09 18:20:24,206 [main] INFO  ozone.MiniOzoneClusterImpl (MiniOzoneClusterImpl.java:lambda$waitForClusterToBeReady$0(140)) - Waiting for cluster to be ready. Got 6 of 7 DN Heartbeats.
2019-09-09 18:20:24,208 [IPC Server handler 8 on 42474] INFO  net.NetworkTopology (NetworkTopologyImpl.java:add(110)) - Added a new node: /default-rack/af604a16-3132-44f3-9021-2610f5975837
2019-09-09 18:20:24,208 [IPC Server handler 8 on 42474] INFO  node.SCMNodeManager (SCMNodeManager.java:register(266)) - Registered Data node : af604a16-3132-44f3-9021-2610f5975837{ip: 192.168.5.148, host: pr-hdds-2076-trb5z-849201047, networkLocation: /default-rack, certSerialId: null}
2019-09-09 18:20:24,217 [pool-429-thread-1] INFO  storage.RaftStorageDirectory (RaftStorageDirectory.java:tryLock(328)) - Lock on /workdir/hadoop-ozone/integration-test/target/test-dir/MiniOzoneClusterImpl-95ae6e3b-0d2e-4555-bae3-c8c32225a9eb/datanode-2/data/ratis/1a94940f-3bcf-4936-a69c-6aa028d19d8e/in_use.lock acquired by nodename 29941@pr-hdds-2076-trb5z-849201047
2019-09-09 18:20:24,217 [pool-449-thread-1] INFO  storage.RaftStorageDirectory (RaftStorageDirectory.java:tryLock(328)) - Lock on /workdir/hadoop-ozone/integration-test/target/test-dir/MiniOzoneClusterImpl-95ae6e3b-0d2e-4555-bae3-c8c32225a9eb/datanode-4/data/ratis/1a94940f-3bcf-4936-a69c-6aa028d19d8e/in_use.lock acquired by nodename 29941@pr-hdds-2076-trb5z-849201047
2019-09-09 18:20:24,217 [pool-409-thread-1] INFO  storage.RaftStorageDirectory (RaftStorageDirectory.java:tryLock(328)) - Lock on /workdir/hadoop-ozone/integration-test/target/test-dir/MiniOzoneClusterImpl-95ae6e3b-0d2e-4555-bae3-c8c32225a9eb/datanode-0/data/ratis/1a94940f-3bcf-4936-a69c-6aa028d19d8e/in_use.lock acquired by nodename 29941@pr-hdds-2076-trb5z-849201047
2019-09-09 18:20:24,242 [pool-429-thread-1] INFO  storage.RaftStorage (RaftStorage.java:format(72)) - Storage directory /workdir/hadoop-ozone/integration-test/target/test-dir/MiniOzoneClusterImpl-95ae6e3b-0d2e-4555-bae3-c8c32225a9eb/datanode-2/data/ratis/1a94940f-3bcf-4936-a69c-6aa028d19d8e has been successfully formatted.
2019-09-09 18:20:24,242 [pool-449-thread-1] INFO  storage.RaftStorage (RaftStorage.java:format(72)) - Storage directory /workdir/hadoop-ozone/integration-test/target/test-dir/MiniOzoneClusterImpl-95ae6e3b-0d2e-4555-bae3-c8c32225a9eb/datanode-4/data/ratis/1a94940f-3bcf-4936-a69c-6aa028d19d8e has been successfully formatted.
2019-09-09 18:20:24,242 [pool-409-thread-1] INFO  storage.RaftStorage (RaftStorage.java:format(72)) - Storage directory /workdir/hadoop-ozone/integration-test/target/test-dir/MiniOzoneClusterImpl-95ae6e3b-0d2e-4555-bae3-c8c32225a9eb/datanode-0/data/ratis/1a94940f-3bcf-4936-a69c-6aa028d19d8e has been successfully formatted.
2019-09-09 18:20:24,242 [pool-449-thread-1] INFO  ratis.ContainerStateMachine (ContainerStateMachine.java:loadSnapshot(227)) - group-6AA028D19D8E: The snapshot info is null. Setting the last applied indexto:(t:0, i:~)
2019-09-09 18:20:24,242 [pool-429-thread-1] INFO  ratis.ContainerStateMachine (ContainerStateMachine.java:loadSnapshot(227)) - group-6AA028D19D8E: The snapshot info is null. Setting the last applied indexto:(t:0, i:~)
2019-09-09 18:20:24,242 [pool-449-thread-1] INFO  server.RaftServerConfigKeys (ConfUtils.java:logGet(43)) - raft.server.leader.election.timeout = 120s (custom)
2019-09-09 18:20:24,242 [pool-409-thread-1] INFO  ratis.ContainerStateMachine (ContainerStateMachine.java:loadSnapshot(227)) - group-6AA028D19D8E: The snapshot info is null. Setting the last applied indexto:(t:0, i:~)
2019-09-09 18:20:24,243 [pool-449-thread-1] INFO  server.RaftServerConfigKeys (ConfUtils.java:logGet(43)) - raft.server.log.use.memory = false (default)
2019-09-09 18:20:24,243 [pool-429-thread-1] INFO  server.RaftServerConfigKeys (ConfUtils.java:logGet(43)) - raft.server.leader.election.timeout = 120s (custom)
2019-09-09 18:20:24,243 [pool-449-thread-1] INFO  server.RaftServerConfigKeys (ConfUtils.java:logGet(43)) - raft.server.log.purge.gap = 1000000 (custom)
2019-09-09 18:20:24,243 [pool-409-thread-1] INFO  server.RaftServerConfigKeys (ConfUtils.java:logGet(43)) - raft.server.leader.election.timeout = 120s (custom)
2019-09-09 18:20:24,243 [pool-449-thread-1] INFO  server.RaftServerConfigKeys (ConfUtils.java:logGet(43)) - raft.server.log.appender.buffer.byte-limit = 33554432 (custom)
2019-09-09 18:20:24,243 [pool-429-thread-1] INFO  server.RaftServerConfigKeys (ConfUtils.java:logGet(43)) - raft.server.log.use.memory = false (default)
2019-09-09 18:20:24,243 [pool-449-thread-1] INFO  server.RaftServerConfigKeys (ConfUtils.java:logGet(43)) - raft.server.log.segment.size.max = 1048576 (custom)
2019-09-09 18:20:24,243 [pool-409-thread-1] INFO  server.RaftServerConfigKeys (ConfUtils.java:logGet(43)) - raft.server.log.use.memory = false (default)
2019-09-09 18:20:24,244 [pool-449-thread-1] INFO  server.RaftServerConfigKeys (ConfUtils.java:logGet(43)) - raft.server.log.segment.cache.num.max = 2 (custom)
2019-09-09 18:20:24,244 [pool-429-thread-1] INFO  server.RaftServerConfigKeys (ConfUtils.java:logGet(43)) - raft.server.log.purge.gap = 1000000 (custom)
2019-09-09 18:20:24,244 [pool-449-thread-1] INFO  segmented.SegmentedRaftLogWorker (SegmentedRaftLogWorker.java:<init>(172)) - new 20b1fa90-b15b-4994-ae75-85145e91141e-SegmentedRaftLogWorker:Storage Directory /workdir/hadoop-ozone/integration-test/target/test-dir/MiniOzoneClusterImpl-95ae6e3b-0d2e-4555-bae3-c8c32225a9eb/datanode-4/data/ratis/1a94940f-3bcf-4936-a69c-6aa028d19d8e for RaftStorage:Storage Directory /workdir/hadoop-ozone/integration-test/target/test-dir/MiniOzoneClusterImpl-95ae6e3b-0d2e-4555-bae3-c8c32225a9eb/datanode-4/data/ratis/1a94940f-3bcf-4936-a69c-6aa028d19d8e
2019-09-09 18:20:24,244 [pool-409-thread-1] INFO  server.RaftServerConfigKeys (ConfUtils.java:logGet(43)) - raft.server.log.purge.gap = 1000000 (custom)
2019-09-09 18:20:24,244 [pool-449-thread-1] INFO  server.RaftServerConfigKeys (ConfUtils.java:logGet(43)) - raft.server.log.queue.byte-limit = 2147483647 (custom)
2019-09-09 18:20:24,244 [pool-429-thread-1] INFO  server.RaftServerConfigKeys (ConfUtils.java:logGet(43)) - raft.server.log.appender.buffer.byte-limit = 33554432 (custom)
2019-09-09 18:20:24,244 [pool-449-thread-1] INFO  server.RaftServerConfigKeys (ConfUtils.java:logGet(43)) - raft.server.log.queue.element-limit = 1024 (custom)
2019-09-09 18:20:24,244 [pool-409-thread-1] INFO  server.RaftServerConfigKeys (ConfUtils.java:logGet(43)) - raft.server.log.appender.buffer.byte-limit = 33554432 (custom)
2019-09-09 18:20:24,245 [pool-449-thread-1] INFO  server.RaftServerConfigKeys (ConfUtils.java:logGet(43)) - raft.server.log.segment.size.max = 1048576 (custom)
2019-09-09 18:20:24,245 [pool-429-thread-1] INFO  server.RaftServerConfigKeys (ConfUtils.java:logGet(43)) - raft.server.log.segment.size.max = 1048576 (custom)
2019-09-09 18:20:24,245 [pool-449-thread-1] INFO  server.RaftServerConfigKeys (ConfUtils.java:logGet(43)) - raft.server.log.preallocated.size = 16384 (custom)
2019-09-09 18:20:24,245 [pool-409-thread-1] INFO  server.RaftServerConfigKeys (ConfUtils.java:logGet(43)) - raft.server.log.segment.size.max = 1048576 (custom)
2019-09-09 18:20:24,245 [pool-449-thread-1] INFO  server.RaftServerConfigKeys (ConfUtils.java:logGet(43)) - raft.server.log.write.buffer.size = 33554432 (custom)
2019-09-09 18:20:24,245 [pool-429-thread-1] INFO  server.RaftServerConfigKeys (ConfUtils.java:logGet(43)) - raft.server.log.segment.cache.num.max = 2 (custom)
2019-09-09 18:20:24,245 [pool-449-thread-1] INFO  server.RaftServerConfigKeys (ConfUtils.java:logGet(43)) - raft.server.log.force.sync.num = 128 (default)
2019-09-09 18:20:24,245 [pool-409-thread-1] INFO  server.RaftServerConfigKeys (ConfUtils.java:logGet(43)) - raft.server.log.segment.cache.num.max = 2 (custom)
2019-09-09 18:20:24,246 [pool-449-thread-1] INFO  server.RaftServerConfigKeys (ConfUtils.java:logGet(43)) - raft.server.log.statemachine.data.sync = true (default)
2019-09-09 18:20:24,245 [pool-429-thread-1] INFO  segmented.SegmentedRaftLogWorker (SegmentedRaftLogWorker.java:<init>(172)) - new a5b0d3c7-891f-43bc-b910-03bd90504a9e-SegmentedRaftLogWorker:Storage Directory /workdir/hadoop-ozone/integration-test/target/test-dir/MiniOzoneClusterImpl-95ae6e3b-0d2e-4555-bae3-c8c32225a9eb/datanode-2/data/ratis/1a94940f-3bcf-4936-a69c-6aa028d19d8e for RaftStorage:Storage Directory /workdir/hadoop-ozone/integration-test/target/test-dir/MiniOzoneClusterImpl-95ae6e3b-0d2e-4555-bae3-c8c32225a9eb/datanode-2/data/ratis/1a94940f-3bcf-4936-a69c-6aa028d19d8e
2019-09-09 18:20:24,246 [pool-449-thread-1] INFO  server.RaftServerConfigKeys (ConfUtils.java:logGet(43)) - raft.server.log.statemachine.data.sync.timeout = 10s (default)
2019-09-09 18:20:24,246 [pool-409-thread-1] INFO  segmented.SegmentedRaftLogWorker (SegmentedRaftLogWorker.java:<init>(172)) - new 74314560-160c-4793-8a97-1d59b2f4bc54-SegmentedRaftLogWorker:Storage Directory /workdir/hadoop-ozone/integration-test/target/test-dir/MiniOzoneClusterImpl-95ae6e3b-0d2e-4555-bae3-c8c32225a9eb/datanode-0/data/ratis/1a94940f-3bcf-4936-a69c-6aa028d19d8e for RaftStorage:Storage Directory /workdir/hadoop-ozone/integration-test/target/test-dir/MiniOzoneClusterImpl-95ae6e3b-0d2e-4555-bae3-c8c32225a9eb/datanode-0/data/ratis/1a94940f-3bcf-4936-a69c-6aa028d19d8e
2019-09-09 18:20:24,246 [pool-449-thread-1] INFO  server.RaftServerConfigKeys (ConfUtils.java:logGet(43)) - raft.server.log.statemachine.data.sync.timeout.retry = -1 (default)
2019-09-09 18:20:24,246 [pool-429-thread-1] INFO  server.RaftServerConfigKeys (ConfUtils.java:logGet(43)) - raft.server.log.queue.byte-limit = 2147483647 (custom)
2019-09-09 18:20:24,246 [pool-449-thread-1] INFO  server.RaftServerConfigKeys (ConfUtils.java:logGet(43)) - raft.server.log.statemachine.data.caching.enabled = true (custom)
2019-09-09 18:20:24,246 [pool-409-thread-1] INFO  server.RaftServerConfigKeys (ConfUtils.java:logGet(43)) - raft.server.log.queue.byte-limit = 2147483647 (custom)
2019-09-09 18:20:24,246 [pool-429-thread-1] INFO  server.RaftServerConfigKeys (ConfUtils.java:logGet(43)) - raft.server.log.queue.element-limit = 1024 (custom)
2019-09-09 18:20:24,247 [pool-449-thread-1] INFO  segmented.SegmentedRaftLogWorker (SegmentedRaftLogWorker.java:lambda$new$0(132)) - 20b1fa90-b15b-4994-ae75-85145e91141e-SegmentedRaftLogWorker:Storage Directory /workdir/hadoop-ozone/integration-test/target/test-dir/MiniOzoneClusterImpl-95ae6e3b-0d2e-4555-bae3-c8c32225a9eb/datanode-4/data/ratis/1a94940f-3bcf-4936-a69c-6aa028d19d8e: flushIndex: setUnconditionally 0 -> -1
2019-09-09 18:20:24,247 [pool-409-thread-1] INFO  server.RaftServerConfigKeys (ConfUtils.java:logGet(43)) - raft.server.log.queue.element-limit = 1024 (custom)
2019-09-09 18:20:24,247 [pool-429-thread-1] INFO  server.RaftServerConfigKeys (ConfUtils.java:logGet(43)) - raft.server.log.segment.size.max = 1048576 (custom)
2019-09-09 18:20:24,247 [pool-449-thread-1] INFO  server.RaftServerConfigKeys (ConfUtils.java:logGet(43)) - raft.server.snapshot.auto.trigger.enabled = true (custom)
2019-09-09 18:20:24,247 [pool-409-thread-1] INFO  server.RaftServerConfigKeys (ConfUtils.java:logGet(43)) - raft.server.log.segment.size.max = 1048576 (custom)
2019-09-09 18:20:24,247 [pool-449-thread-1] INFO  server.RaftServerConfigKeys (ConfUtils.java:logGet(43)) - raft.server.snapshot.auto.trigger.threshold = 10000 (custom)
2019-09-09 18:20:24,247 [pool-429-thread-1] INFO  server.RaftServerConfigKeys (ConfUtils.java:logGet(43)) - raft.server.log.preallocated.size = 16384 (custom)
2019-09-09 18:20:24,247 [pool-449-thread-1] INFO  server.RaftServerConfigKeys (ConfUtils.java:logGet(43)) - raft.server.retrycache.expirytime = 600000ms (custom)
2019-09-09 18:20:24,247 [pool-409-thread-1] INFO  server.RaftServerConfigKeys (ConfUtils.java:logGet(43)) - raft.server.log.preallocated.size = 16384 (custom)
2019-09-09 18:20:24,248 [pool-449-thread-1] INFO  impl.RaftServerImpl (RaftServerImpl.java:start(180)) - 20b1fa90-b15b-4994-ae75-85145e91141e: start group-6AA028D19D8E
2019-09-09 18:20:24,248 [pool-429-thread-1] INFO  server.RaftServerConfigKeys (ConfUtils.java:logGet(43)) - raft.server.log.write.buffer.size = 33554432 (custom)
2019-09-09 18:20:24,248 [pool-449-thread-1] INFO  impl.RaftServerImpl (RaftServerImpl.java:setRole(171)) - 20b1fa90-b15b-4994-ae75-85145e91141e:group-6AA028D19D8E changes role from null to FOLLOWER at term 0 for startAsFollower
2019-09-09 18:20:24,248 [pool-409-thread-1] INFO  server.RaftServerConfigKeys (ConfUtils.java:logGet(43)) - raft.server.log.write.buffer.size = 33554432 (custom)
2019-09-09 18:20:24,248 [pool-449-thread-1] INFO  impl.RoleInfo (RoleInfo.java:updateAndGet(143)) - 20b1fa90-b15b-4994-ae75-85145e91141e: start FollowerState
2019-09-09 18:20:24,248 [pool-429-thread-1] INFO  server.RaftServerConfigKeys (ConfUtils.java:logGet(43)) - raft.server.log.force.sync.num = 128 (default)
2019-09-09 18:20:24,248 [pool-409-thread-1] INFO  server.RaftServerConfigKeys (ConfUtils.java:logGet(43)) - raft.server.log.force.sync.num = 128 (default)
2019-09-09 18:20:24,249 [pool-429-thread-1] INFO  server.RaftServerConfigKeys (ConfUtils.java:logGet(43)) - raft.server.log.statemachine.data.sync = true (default)
2019-09-09 18:20:24,249 [pool-449-thread-1] INFO  util.JmxRegister (JmxRegister.java:tryRegister(44)) - Successfully registered JMX Bean with object name Ratis:service=RaftServer,group=group-6AA028D19D8E,id=20b1fa90-b15b-4994-ae75-85145e91141e
2019-09-09 18:20:24,249 [pool-409-thread-1] INFO  server.RaftServerConfigKeys (ConfUtils.java:logGet(43)) - raft.server.log.statemachine.data.sync = true (default)
2019-09-09 18:20:24,249 [pool-429-thread-1] INFO  server.RaftServerConfigKeys (ConfUtils.java:logGet(43)) - raft.server.log.statemachine.data.sync.timeout = 10s (default)
2019-09-09 18:20:24,249 [pool-409-thread-1] INFO  server.RaftServerConfigKeys (ConfUtils.java:logGet(43)) - raft.server.log.statemachine.data.sync.timeout = 10s (default)
2019-09-09 18:20:24,249 [pool-429-thread-1] INFO  server.RaftServerConfigKeys (ConfUtils.java:logGet(43)) - raft.server.log.statemachine.data.sync.timeout.retry = -1 (default)
2019-09-09 18:20:24,249 [pool-409-thread-1] INFO  server.RaftServerConfigKeys (ConfUtils.java:logGet(43)) - raft.server.log.statemachine.data.sync.timeout.retry = -1 (default)
2019-09-09 18:20:24,249 [pool-429-thread-1] INFO  server.RaftServerConfigKeys (ConfUtils.java:logGet(43)) - raft.server.log.statemachine.data.caching.enabled = true (custom)
2019-09-09 18:20:24,250 [pool-409-thread-1] INFO  server.RaftServerConfigKeys (ConfUtils.java:logGet(43)) - raft.server.log.statemachine.data.caching.enabled = true (custom)
2019-09-09 18:20:24,250 [pool-429-thread-1] INFO  segmented.SegmentedRaftLogWorker (SegmentedRaftLogWorker.java:lambda$new$0(132)) - a5b0d3c7-891f-43bc-b910-03bd90504a9e-SegmentedRaftLogWorker:Storage Directory /workdir/hadoop-ozone/integration-test/target/test-dir/MiniOzoneClusterImpl-95ae6e3b-0d2e-4555-bae3-c8c32225a9eb/datanode-2/data/ratis/1a94940f-3bcf-4936-a69c-6aa028d19d8e: flushIndex: setUnconditionally 0 -> -1
2019-09-09 18:20:24,250 [pool-409-thread-1] INFO  segmented.SegmentedRaftLogWorker (SegmentedRaftLogWorker.java:lambda$new$0(132)) - 74314560-160c-4793-8a97-1d59b2f4bc54-SegmentedRaftLogWorker:Storage Directory /workdir/hadoop-ozone/integration-test/target/test-dir/MiniOzoneClusterImpl-95ae6e3b-0d2e-4555-bae3-c8c32225a9eb/datanode-0/data/ratis/1a94940f-3bcf-4936-a69c-6aa028d19d8e: flushIndex: setUnconditionally 0 -> -1
2019-09-09 18:20:24,250 [pool-429-thread-1] INFO  server.RaftServerConfigKeys (ConfUtils.java:logGet(43)) - raft.server.snapshot.auto.trigger.enabled = true (custom)
2019-09-09 18:20:24,250 [pool-409-thread-1] INFO  server.RaftServerConfigKeys (ConfUtils.java:logGet(43)) - raft.server.snapshot.auto.trigger.enabled = true (custom)
2019-09-09 18:20:24,250 [pool-429-thread-1] INFO  server.RaftServerConfigKeys (ConfUtils.java:logGet(43)) - raft.server.snapshot.auto.trigger.threshold = 10000 (custom)
2019-09-09 18:20:24,251 [pool-409-thread-1] INFO  server.RaftServerConfigKeys (ConfUtils.java:logGet(43)) - raft.server.snapshot.auto.trigger.threshold = 10000 (custom)
2019-09-09 18:20:24,251 [pool-429-thread-1] INFO  server.RaftServerConfigKeys (ConfUtils.java:logGet(43)) - raft.server.retrycache.expirytime = 600000ms (custom)
2019-09-09 18:20:24,251 [pool-409-thread-1] INFO  server.RaftServerConfigKeys (ConfUtils.java:logGet(43)) - raft.server.retrycache.expirytime = 600000ms (custom)
2019-09-09 18:20:24,251 [pool-429-thread-1] INFO  impl.RaftServerImpl (RaftServerImpl.java:start(180)) - a5b0d3c7-891f-43bc-b910-03bd90504a9e: start group-6AA028D19D8E
2019-09-09 18:20:24,251 [pool-409-thread-1] INFO  impl.RaftServerImpl (RaftServerImpl.java:start(180)) - 74314560-160c-4793-8a97-1d59b2f4bc54: start group-6AA028D19D8E
2019-09-09 18:20:24,251 [pool-429-thread-1] INFO  impl.RaftServerImpl (RaftServerImpl.java:setRole(171)) - a5b0d3c7-891f-43bc-b910-03bd90504a9e:group-6AA028D19D8E changes role from null to FOLLOWER at term 0 for startAsFollower
2019-09-09 18:20:24,251 [pool-409-thread-1] INFO  impl.RaftServerImpl (RaftServerImpl.java:setRole(171)) - 74314560-160c-4793-8a97-1d59b2f4bc54:group-6AA028D19D8E changes role from null to FOLLOWER at term 0 for startAsFollower
2019-09-09 18:20:24,251 [pool-429-thread-1] INFO  impl.RoleInfo (RoleInfo.java:updateAndGet(143)) - a5b0d3c7-891f-43bc-b910-03bd90504a9e: start FollowerState
2019-09-09 18:20:24,251 [pool-409-thread-1] INFO  impl.RoleInfo (RoleInfo.java:updateAndGet(143)) - 74314560-160c-4793-8a97-1d59b2f4bc54: start FollowerState
2019-09-09 18:20:24,252 [pool-409-thread-1] INFO  util.JmxRegister (JmxRegister.java:tryRegister(44)) - Successfully registered JMX Bean with object name Ratis:service=RaftServer,group=group-6AA028D19D8E,id=74314560-160c-4793-8a97-1d59b2f4bc54
2019-09-09 18:20:24,252 [pool-429-thread-1] INFO  util.JmxRegister (JmxRegister.java:tryRegister(44)) - Successfully registered JMX Bean with object name Ratis:service=RaftServer,group=group-6AA028D19D8E,id=a5b0d3c7-891f-43bc-b910-03bd90504a9e
2019-09-09 18:20:24,254 [RatisPipelineUtilsThread] INFO  pipeline.PipelineStateManager (PipelineStateManager.java:addPipeline(56)) - Created pipeline Pipeline[ Id: 1a94940f-3bcf-4936-a69c-6aa028d19d8e, Nodes: 74314560-160c-4793-8a97-1d59b2f4bc54{ip: 192.168.5.148, host: pr-hdds-2076-trb5z-849201047, networkLocation: /default-rack, certSerialId: null}20b1fa90-b15b-4994-ae75-85145e91141e{ip: 192.168.5.148, host: pr-hdds-2076-trb5z-849201047, networkLocation: /default-rack, certSerialId: null}a5b0d3c7-891f-43bc-b910-03bd90504a9e{ip: 192.168.5.148, host: pr-hdds-2076-trb5z-849201047, networkLocation: /default-rack, certSerialId: null}, Type:RATIS, Factor:THREE, State:OPEN]
2019-09-09 18:20:24,261 [grpc-default-executor-6] INFO  impl.RaftServerProxy (RaftServerProxy.java:addNew(89)) - bc9d40ff-be27-40b6-866f-f71d568af030: addNew group-DCA3D03F97BF:[af604a16-3132-44f3-9021-2610f5975837:192.168.5.148:37122, bc9d40ff-be27-40b6-866f-f71d568af030:192.168.5.148:32832, 15e1789d-ac2a-4475-abee-a38317121f11:192.168.5.148:43236] returns group-DCA3D03F97BF:java.util.concurrent.CompletableFuture@2a9b9a82[Not completed]
2019-09-09 18:20:24,261 [grpc-default-executor-7] INFO  impl.RaftServerProxy (RaftServerProxy.java:addNew(89)) - af604a16-3132-44f3-9021-2610f5975837: addNew group-DCA3D03F97BF:[af604a16-3132-44f3-9021-2610f5975837:192.168.5.148:37122, bc9d40ff-be27-40b6-866f-f71d568af030:192.168.5.148:32832, 15e1789d-ac2a-4475-abee-a38317121f11:192.168.5.148:43236] returns group-DCA3D03F97BF:java.util.concurrent.CompletableFuture@5502cb84[Not completed]
2019-09-09 18:20:24,262 [grpc-default-executor-4] INFO  impl.RaftServerProxy (RaftServerProxy.java:addNew(89)) - 15e1789d-ac2a-4475-abee-a38317121f11: addNew group-DCA3D03F97BF:[af604a16-3132-44f3-9021-2610f5975837:192.168.5.148:37122, bc9d40ff-be27-40b6-866f-f71d568af030:192.168.5.148:32832, 15e1789d-ac2a-4475-abee-a38317121f11:192.168.5.148:43236] returns group-DCA3D03F97BF:java.util.concurrent.CompletableFuture@5dccb049[Not completed]
2019-09-09 18:20:24,262 [pool-459-thread-1] INFO  impl.RaftServerImpl (RaftServerImpl.java:<init>(93)) - bc9d40ff-be27-40b6-866f-f71d568af030: new RaftServerImpl for group-DCA3D03F97BF:[af604a16-3132-44f3-9021-2610f5975837:192.168.5.148:37122, bc9d40ff-be27-40b6-866f-f71d568af030:192.168.5.148:32832, 15e1789d-ac2a-4475-abee-a38317121f11:192.168.5.148:43236] with ContainerStateMachine:uninitialized
2019-09-09 18:20:24,262 [pool-459-thread-1] INFO  server.RaftServerConfigKeys (ConfUtils.java:logGet(43)) - raft.server.rpc.timeout.min = 5s (custom)
2019-09-09 18:20:24,263 [pool-459-thread-1] INFO  server.RaftServerConfigKeys (ConfUtils.java:logGet(43)) - raft.server.rpc.timeout.max = 5200ms (custom)
2019-09-09 18:20:24,263 [pool-459-thread-1] INFO  server.RaftServerConfigKeys (ConfUtils.java:logGet(43)) - raft.server.rpcslowness.timeout = 120s (custom)
2019-09-09 18:20:24,263 [pool-459-thread-1] INFO  server.RaftServerConfigKeys (ConfUtils.java:logGet(43)) - raft.server.sleep.deviation.threshold = 300 (default)
2019-09-09 18:20:24,263 [pool-459-thread-1] INFO  server.RaftServerConfigKeys (ConfUtils.java:logGet(43)) - raft.server.log.appender.install.snapshot.enabled = false (custom)
2019-09-09 18:20:24,263 [pool-459-thread-1] INFO  impl.RaftServerImpl (ServerState.java:<init>(105)) - bc9d40ff-be27-40b6-866f-f71d568af030:group-DCA3D03F97BF ConfigurationManager, init=-1: [af604a16-3132-44f3-9021-2610f5975837:192.168.5.148:37122, bc9d40ff-be27-40b6-866f-f71d568af030:192.168.5.148:32832, 15e1789d-ac2a-4475-abee-a38317121f11:192.168.5.148:43236], old=null, confs=<EMPTY_MAP>
2019-09-09 18:20:24,263 [pool-459-thread-1] INFO  server.RaftServerConfigKeys (ConfUtils.java:logGet(43)) - raft.server.storage.dir = [/workdir/hadoop-ozone/integration-test/target/test-dir/MiniOzoneClusterImpl-95ae6e3b-0d2e-4555-bae3-c8c32225a9eb/datanode-5/data/ratis] (custom)
2019-09-09 18:20:24,263 [pool-469-thread-1] INFO  impl.RaftServerImpl (RaftServerImpl.java:<init>(93)) - af604a16-3132-44f3-9021-2610f5975837: new RaftServerImpl for group-DCA3D03F97BF:[af604a16-3132-44f3-9021-2610f5975837:192.168.5.148:37122, bc9d40ff-be27-40b6-866f-f71d568af030:192.168.5.148:32832, 15e1789d-ac2a-4475-abee-a38317121f11:192.168.5.148:43236] with ContainerStateMachine:uninitialized
2019-09-09 18:20:24,263 [pool-459-thread-1] INFO  storage.RaftStorageDirectory (RaftStorageDirectory.java:analyzeStorage(246)) - The storage directory /workdir/hadoop-ozone/integration-test/target/test-dir/MiniOzoneClusterImpl-95ae6e3b-0d2e-4555-bae3-c8c32225a9eb/datanode-5/data/ratis/272e3354-de38-4197-9c80-dca3d03f97bf does not exist. Creating ...
2019-09-09 18:20:24,263 [pool-469-thread-1] INFO  server.RaftServerConfigKeys (ConfUtils.java:logGet(43)) - raft.server.rpc.timeout.min = 5s (custom)
2019-09-09 18:20:24,264 [pool-469-thread-1] INFO  server.RaftServerConfigKeys (ConfUtils.java:logGet(43)) - raft.server.rpc.timeout.max = 5200ms (custom)
2019-09-09 18:20:24,264 [pool-419-thread-1] INFO  impl.RaftServerImpl (RaftServerImpl.java:<init>(93)) - 15e1789d-ac2a-4475-abee-a38317121f11: new RaftServerImpl for group-DCA3D03F97BF:[af604a16-3132-44f3-9021-2610f5975837:192.168.5.148:37122, bc9d40ff-be27-40b6-866f-f71d568af030:192.168.5.148:32832, 15e1789d-ac2a-4475-abee-a38317121f11:192.168.5.148:43236] with ContainerStateMachine:uninitialized
2019-09-09 18:20:24,264 [pool-469-thread-1] INFO  server.RaftServerConfigKeys (ConfUtils.java:logGet(43)) - raft.server.rpcslowness.timeout = 120s (custom)
2019-09-09 18:20:24,264 [pool-419-thread-1] INFO  server.RaftServerConfigKeys (ConfUtils.java:logGet(43)) - raft.server.rpc.timeout.min = 5s (custom)
2019-09-09 18:20:24,264 [pool-469-thread-1] INFO  server.RaftServerConfigKeys (ConfUtils.java:logGet(43)) - raft.server.sleep.deviation.threshold = 300 (default)
2019-09-09 18:20:24,264 [pool-419-thread-1] INFO  server.RaftServerConfigKeys (ConfUtils.java:logGet(43)) - raft.server.rpc.timeout.max = 5200ms (custom)
2019-09-09 18:20:24,264 [pool-469-thread-1] INFO  server.RaftServerConfigKeys (ConfUtils.java:logGet(43)) - raft.server.log.appender.install.snapshot.enabled = false (custom)
2019-09-09 18:20:24,264 [pool-419-thread-1] INFO  server.RaftServerConfigKeys (ConfUtils.java:logGet(43)) - raft.server.rpcslowness.timeout = 120s (custom)
2019-09-09 18:20:24,264 [pool-469-thread-1] INFO  impl.RaftServerImpl (ServerState.java:<init>(105)) - af604a16-3132-44f3-9021-2610f5975837:group-DCA3D03F97BF ConfigurationManager, init=-1: [af604a16-3132-44f3-9021-2610f5975837:192.168.5.148:37122, bc9d40ff-be27-40b6-866f-f71d568af030:192.168.5.148:32832, 15e1789d-ac2a-4475-abee-a38317121f11:192.168.5.148:43236], old=null, confs=<EMPTY_MAP>
2019-09-09 18:20:24,264 [pool-419-thread-1] INFO  server.RaftServerConfigKeys (ConfUtils.java:logGet(43)) - raft.server.sleep.deviation.threshold = 300 (default)
2019-09-09 18:20:24,265 [pool-469-thread-1] INFO  server.RaftServerConfigKeys (ConfUtils.java:logGet(43)) - raft.server.storage.dir = [/workdir/hadoop-ozone/integration-test/target/test-dir/MiniOzoneClusterImpl-95ae6e3b-0d2e-4555-bae3-c8c32225a9eb/datanode-6/data/ratis] (custom)
2019-09-09 18:20:24,265 [pool-419-thread-1] INFO  server.RaftServerConfigKeys (ConfUtils.java:logGet(43)) - raft.server.log.appender.install.snapshot.enabled = false (custom)
2019-09-09 18:20:24,265 [pool-419-thread-1] INFO  impl.RaftServerImpl (ServerState.java:<init>(105)) - 15e1789d-ac2a-4475-abee-a38317121f11:group-DCA3D03F97BF ConfigurationManager, init=-1: [af604a16-3132-44f3-9021-2610f5975837:192.168.5.148:37122, bc9d40ff-be27-40b6-866f-f71d568af030:192.168.5.148:32832, 15e1789d-ac2a-4475-abee-a38317121f11:192.168.5.148:43236], old=null, confs=<EMPTY_MAP>
2019-09-09 18:20:24,265 [pool-469-thread-1] INFO  storage.RaftStorageDirectory (RaftStorageDirectory.java:analyzeStorage(246)) - The storage directory /workdir/hadoop-ozone/integration-test/target/test-dir/MiniOzoneClusterImpl-95ae6e3b-0d2e-4555-bae3-c8c32225a9eb/datanode-6/data/ratis/272e3354-de38-4197-9c80-dca3d03f97bf does not exist. Creating ...
2019-09-09 18:20:24,265 [pool-419-thread-1] INFO  server.RaftServerConfigKeys (ConfUtils.java:logGet(43)) - raft.server.storage.dir = [/workdir/hadoop-ozone/integration-test/target/test-dir/MiniOzoneClusterImpl-95ae6e3b-0d2e-4555-bae3-c8c32225a9eb/datanode-1/data/ratis] (custom)
2019-09-09 18:20:24,265 [pool-419-thread-1] INFO  storage.RaftStorageDirectory (RaftStorageDirectory.java:analyzeStorage(246)) - The storage directory /workdir/hadoop-ozone/integration-test/target/test-dir/MiniOzoneClusterImpl-95ae6e3b-0d2e-4555-bae3-c8c32225a9eb/datanode-1/data/ratis/272e3354-de38-4197-9c80-dca3d03f97bf does not exist. Creating ...
2019-09-09 18:20:24,286 [pool-419-thread-1] INFO  storage.RaftStorageDirectory (RaftStorageDirectory.java:tryLock(328)) - Lock on /workdir/hadoop-ozone/integration-test/target/test-dir/MiniOzoneClusterImpl-95ae6e3b-0d2e-4555-bae3-c8c32225a9eb/datanode-1/data/ratis/272e3354-de38-4197-9c80-dca3d03f97bf/in_use.lock acquired by nodename 29941@pr-hdds-2076-trb5z-849201047
2019-09-09 18:20:24,286 [pool-469-thread-1] INFO  storage.RaftStorageDirectory (RaftStorageDirectory.java:tryLock(328)) - Lock on /workdir/hadoop-ozone/integration-test/target/test-dir/MiniOzoneClusterImpl-95ae6e3b-0d2e-4555-bae3-c8c32225a9eb/datanode-6/data/ratis/272e3354-de38-4197-9c80-dca3d03f97bf/in_use.lock acquired by nodename 29941@pr-hdds-2076-trb5z-849201047
2019-09-09 18:20:24,286 [pool-459-thread-1] INFO  storage.RaftStorageDirectory (RaftStorageDirectory.java:tryLock(328)) - Lock on /workdir/hadoop-ozone/integration-test/target/test-dir/MiniOzoneClusterImpl-95ae6e3b-0d2e-4555-bae3-c8c32225a9eb/datanode-5/data/ratis/272e3354-de38-4197-9c80-dca3d03f97bf/in_use.lock acquired by nodename 29941@pr-hdds-2076-trb5z-849201047
2019-09-09 18:20:24,304 [pool-419-thread-1] INFO  storage.RaftStorage (RaftStorage.java:format(72)) - Storage directory /workdir/hadoop-ozone/integration-test/target/test-dir/MiniOzoneClusterImpl-95ae6e3b-0d2e-4555-bae3-c8c32225a9eb/datanode-1/data/ratis/272e3354-de38-4197-9c80-dca3d03f97bf has been successfully formatted.
2019-09-09 18:20:24,304 [pool-469-thread-1] INFO  storage.RaftStorage (RaftStorage.java:format(72)) - Storage directory /workdir/hadoop-ozone/integration-test/target/test-dir/MiniOzoneClusterImpl-95ae6e3b-0d2e-4555-bae3-c8c32225a9eb/datanode-6/data/ratis/272e3354-de38-4197-9c80-dca3d03f97bf has been successfully formatted.
2019-09-09 18:20:24,304 [pool-459-thread-1] INFO  storage.RaftStorage (RaftStorage.java:format(72)) - Storage directory /workdir/hadoop-ozone/integration-test/target/test-dir/MiniOzoneClusterImpl-95ae6e3b-0d2e-4555-bae3-c8c32225a9eb/datanode-5/data/ratis/272e3354-de38-4197-9c80-dca3d03f97bf has been successfully formatted.
2019-09-09 18:20:24,304 [pool-419-thread-1] INFO  ratis.ContainerStateMachine (ContainerStateMachine.java:loadSnapshot(227)) - group-DCA3D03F97BF: The snapshot info is null. Setting the last applied indexto:(t:0, i:~)
2019-09-09 18:20:24,305 [pool-469-thread-1] INFO  ratis.ContainerStateMachine (ContainerStateMachine.java:loadSnapshot(227)) - group-DCA3D03F97BF: The snapshot info is null. Setting the last applied indexto:(t:0, i:~)
2019-09-09 18:20:24,305 [pool-459-thread-1] INFO  ratis.ContainerStateMachine (ContainerStateMachine.java:loadSnapshot(227)) - group-DCA3D03F97BF: The snapshot info is null. Setting the last applied indexto:(t:0, i:~)
2019-09-09 18:20:24,305 [pool-419-thread-1] INFO  server.RaftServerConfigKeys (ConfUtils.java:logGet(43)) - raft.server.leader.election.timeout = 120s (custom)
2019-09-09 18:20:24,305 [pool-459-thread-1] INFO  server.RaftServerConfigKeys (ConfUtils.java:logGet(43)) - raft.server.leader.election.timeout = 120s (custom)
2019-09-09 18:20:24,305 [pool-469-thread-1] INFO  server.RaftServerConfigKeys (ConfUtils.java:logGet(43)) - raft.server.leader.election.timeout = 120s (custom)
2019-09-09 18:20:24,305 [pool-459-thread-1] INFO  server.RaftServerConfigKeys (ConfUtils.java:logGet(43)) - raft.server.log.use.memory = false (default)
2019-09-09 18:20:24,305 [pool-419-thread-1] INFO  server.RaftServerConfigKeys (ConfUtils.java:logGet(43)) - raft.server.log.use.memory = false (default)
2019-09-09 18:20:24,306 [pool-459-thread-1] INFO  server.RaftServerConfigKeys (ConfUtils.java:logGet(43)) - raft.server.log.purge.gap = 1000000 (custom)
2019-09-09 18:20:24,306 [pool-469-thread-1] INFO  server.RaftServerConfigKeys (ConfUtils.java:logGet(43)) - raft.server.log.use.memory = false (default)
2019-09-09 18:20:24,306 [pool-459-thread-1] INFO  server.RaftServerConfigKeys (ConfUtils.java:logGet(43)) - raft.server.log.appender.buffer.byte-limit = 33554432 (custom)
2019-09-09 18:20:24,306 [pool-419-thread-1] INFO  server.RaftServerConfigKeys (ConfUtils.java:logGet(43)) - raft.server.log.purge.gap = 1000000 (custom)
2019-09-09 18:20:24,306 [pool-459-thread-1] INFO  server.RaftServerConfigKeys (ConfUtils.java:logGet(43)) - raft.server.log.segment.size.max = 1048576 (custom)
2019-09-09 18:20:24,306 [pool-469-thread-1] INFO  server.RaftServerConfigKeys (ConfUtils.java:logGet(43)) - raft.server.log.purge.gap = 1000000 (custom)
2019-09-09 18:20:24,307 [pool-459-thread-1] INFO  server.RaftServerConfigKeys (ConfUtils.java:logGet(43)) - raft.server.log.segment.cache.num.max = 2 (custom)
2019-09-09 18:20:24,306 [pool-419-thread-1] INFO  server.RaftServerConfigKeys (ConfUtils.java:logGet(43)) - raft.server.log.appender.buffer.byte-limit = 33554432 (custom)
2019-09-09 18:20:24,307 [pool-459-thread-1] INFO  segmented.SegmentedRaftLogWorker (SegmentedRaftLogWorker.java:<init>(172)) - new bc9d40ff-be27-40b6-866f-f71d568af030-SegmentedRaftLogWorker:Storage Directory /workdir/hadoop-ozone/integration-test/target/test-dir/MiniOzoneClusterImpl-95ae6e3b-0d2e-4555-bae3-c8c32225a9eb/datanode-5/data/ratis/272e3354-de38-4197-9c80-dca3d03f97bf for RaftStorage:Storage Directory /workdir/hadoop-ozone/integration-test/target/test-dir/MiniOzoneClusterImpl-95ae6e3b-0d2e-4555-bae3-c8c32225a9eb/datanode-5/data/ratis/272e3354-de38-4197-9c80-dca3d03f97bf
2019-09-09 18:20:24,307 [pool-469-thread-1] INFO  server.RaftServerConfigKeys (ConfUtils.java:logGet(43)) - raft.server.log.appender.buffer.byte-limit = 33554432 (custom)
2019-09-09 18:20:24,307 [pool-459-thread-1] INFO  server.RaftServerConfigKeys (ConfUtils.java:logGet(43)) - raft.server.log.queue.byte-limit = 2147483647 (custom)
2019-09-09 18:20:24,307 [pool-419-thread-1] INFO  server.RaftServerConfigKeys (ConfUtils.java:logGet(43)) - raft.server.log.segment.size.max = 1048576 (custom)
2019-09-09 18:20:24,308 [pool-459-thread-1] INFO  server.RaftServerConfigKeys (ConfUtils.java:logGet(43)) - raft.server.log.queue.element-limit = 1024 (custom)
2019-09-09 18:20:24,307 [pool-469-thread-1] INFO  server.RaftServerConfigKeys (ConfUtils.java:logGet(43)) - raft.server.log.segment.size.max = 1048576 (custom)
2019-09-09 18:20:24,308 [pool-459-thread-1] INFO  server.RaftServerConfigKeys (ConfUtils.java:logGet(43)) - raft.server.log.segment.size.max = 1048576 (custom)
2019-09-09 18:20:24,308 [pool-419-thread-1] INFO  server.RaftServerConfigKeys (ConfUtils.java:logGet(43)) - raft.server.log.segment.cache.num.max = 2 (custom)
2019-09-09 18:20:24,308 [pool-459-thread-1] INFO  server.RaftServerConfigKeys (ConfUtils.java:logGet(43)) - raft.server.log.preallocated.size = 16384 (custom)
2019-09-09 18:20:24,308 [pool-459-thread-1] INFO  server.RaftServerConfigKeys (ConfUtils.java:logGet(43)) - raft.server.log.write.buffer.size = 33554432 (custom)
2019-09-09 18:20:24,308 [pool-469-thread-1] INFO  server.RaftServerConfigKeys (ConfUtils.java:logGet(43)) - raft.server.log.segment.cache.num.max = 2 (custom)
2019-09-09 18:20:24,309 [pool-459-thread-1] INFO  server.RaftServerConfigKeys (ConfUtils.java:logGet(43)) - raft.server.log.force.sync.num = 128 (default)
2019-09-09 18:20:24,308 [pool-419-thread-1] INFO  segmented.SegmentedRaftLogWorker (SegmentedRaftLogWorker.java:<init>(172)) - new 15e1789d-ac2a-4475-abee-a38317121f11-SegmentedRaftLogWorker:Storage Directory /workdir/hadoop-ozone/integration-test/target/test-dir/MiniOzoneClusterImpl-95ae6e3b-0d2e-4555-bae3-c8c32225a9eb/datanode-1/data/ratis/272e3354-de38-4197-9c80-dca3d03f97bf for RaftStorage:Storage Directory /workdir/hadoop-ozone/integration-test/target/test-dir/MiniOzoneClusterImpl-95ae6e3b-0d2e-4555-bae3-c8c32225a9eb/datanode-1/data/ratis/272e3354-de38-4197-9c80-dca3d03f97bf
2019-09-09 18:20:24,309 [pool-459-thread-1] INFO  server.RaftServerConfigKeys (ConfUtils.java:logGet(43)) - raft.server.log.statemachine.data.sync = true (default)
2019-09-09 18:20:24,309 [pool-469-thread-1] INFO  segmented.SegmentedRaftLogWorker (SegmentedRaftLogWorker.java:<init>(172)) - new af604a16-3132-44f3-9021-2610f5975837-SegmentedRaftLogWorker:Storage Directory /workdir/hadoop-ozone/integration-test/target/test-dir/MiniOzoneClusterImpl-95ae6e3b-0d2e-4555-bae3-c8c32225a9eb/datanode-6/data/ratis/272e3354-de38-4197-9c80-dca3d03f97bf for RaftStorage:Storage Directory /workdir/hadoop-ozone/integration-test/target/test-dir/MiniOzoneClusterImpl-95ae6e3b-0d2e-4555-bae3-c8c32225a9eb/datanode-6/data/ratis/272e3354-de38-4197-9c80-dca3d03f97bf
2019-09-09 18:20:24,309 [pool-459-thread-1] INFO  server.RaftServerConfigKeys (ConfUtils.java:logGet(43)) - raft.server.log.statemachine.data.sync.timeout = 10s (default)
2019-09-09 18:20:24,309 [pool-469-thread-1] INFO  server.RaftServerConfigKeys (ConfUtils.java:logGet(43)) - raft.server.log.queue.byte-limit = 2147483647 (custom)
2019-09-09 18:20:24,309 [pool-419-thread-1] INFO  server.RaftServerConfigKeys (ConfUtils.java:logGet(43)) - raft.server.log.queue.byte-limit = 2147483647 (custom)
2019-09-09 18:20:24,310 [pool-469-thread-1] INFO  server.RaftServerConfigKeys (ConfUtils.java:logGet(43)) - raft.server.log.queue.element-limit = 1024 (custom)
2019-09-09 18:20:24,310 [pool-459-thread-1] INFO  server.RaftServerConfigKeys (ConfUtils.java:logGet(43)) - raft.server.log.statemachine.data.sync.timeout.retry = -1 (default)
2019-09-09 18:20:24,310 [pool-419-thread-1] INFO  server.RaftServerConfigKeys (ConfUtils.java:logGet(43)) - raft.server.log.queue.element-limit = 1024 (custom)
2019-09-09 18:20:24,310 [pool-469-thread-1] INFO  server.RaftServerConfigKeys (ConfUtils.java:logGet(43)) - raft.server.log.segment.size.max = 1048576 (custom)
2019-09-09 18:20:24,310 [pool-459-thread-1] INFO  server.RaftServerConfigKeys (ConfUtils.java:logGet(43)) - raft.server.log.statemachine.data.caching.enabled = true (custom)
2019-09-09 18:20:24,310 [pool-469-thread-1] INFO  server.RaftServerConfigKeys (ConfUtils.java:logGet(43)) - raft.server.log.preallocated.size = 16384 (custom)
2019-09-09 18:20:24,311 [pool-459-thread-1] INFO  segmented.SegmentedRaftLogWorker (SegmentedRaftLogWorker.java:lambda$new$0(132)) - bc9d40ff-be27-40b6-866f-f71d568af030-SegmentedRaftLogWorker:Storage Directory /workdir/hadoop-ozone/integration-test/target/test-dir/MiniOzoneClusterImpl-95ae6e3b-0d2e-4555-bae3-c8c32225a9eb/datanode-5/data/ratis/272e3354-de38-4197-9c80-dca3d03f97bf: flushIndex: setUnconditionally 0 -> -1
2019-09-09 18:20:24,310 [pool-419-thread-1] INFO  server.RaftServerConfigKeys (ConfUtils.java:logGet(43)) - raft.server.log.segment.size.max = 1048576 (custom)
2019-09-09 18:20:24,311 [pool-469-thread-1] INFO  server.RaftServerConfigKeys (ConfUtils.java:logGet(43)) - raft.server.log.write.buffer.size = 33554432 (custom)
2019-09-09 18:20:24,311 [pool-459-thread-1] INFO  server.RaftServerConfigKeys (ConfUtils.java:logGet(43)) - raft.server.snapshot.auto.trigger.enabled = true (custom)
2019-09-09 18:20:24,311 [pool-459-thread-1] INFO  server.RaftServerConfigKeys (ConfUtils.java:logGet(43)) - raft.server.snapshot.auto.trigger.threshold = 10000 (custom)
2019-09-09 18:20:24,311 [pool-419-thread-1] INFO  server.RaftServerConfigKeys (ConfUtils.java:logGet(43)) - raft.server.log.preallocated.size = 16384 (custom)
2019-09-09 18:20:24,311 [pool-459-thread-1] INFO  server.RaftServerConfigKeys (ConfUtils.java:logGet(43)) - raft.server.retrycache.expirytime = 600000ms (custom)
2019-09-09 18:20:24,311 [pool-469-thread-1] INFO  server.RaftServerConfigKeys (ConfUtils.java:logGet(43)) - raft.server.log.force.sync.num = 128 (default)
2019-09-09 18:20:24,312 [pool-459-thread-1] INFO  impl.RaftServerImpl (RaftServerImpl.java:start(180)) - bc9d40ff-be27-40b6-866f-f71d568af030: start group-DCA3D03F97BF
2019-09-09 18:20:24,311 [pool-419-thread-1] INFO  server.RaftServerConfigKeys (ConfUtils.java:logGet(43)) - raft.server.log.write.buffer.size = 33554432 (custom)
2019-09-09 18:20:24,312 [pool-459-thread-1] INFO  impl.RaftServerImpl (RaftServerImpl.java:setRole(171)) - bc9d40ff-be27-40b6-866f-f71d568af030:group-DCA3D03F97BF changes role from null to FOLLOWER at term 0 for startAsFollower
2019-09-09 18:20:24,312 [pool-469-thread-1] INFO  server.RaftServerConfigKeys (ConfUtils.java:logGet(43)) - raft.server.log.statemachine.data.sync = true (default)
2019-09-09 18:20:24,312 [pool-459-thread-1] INFO  impl.RoleInfo (RoleInfo.java:updateAndGet(143)) - bc9d40ff-be27-40b6-866f-f71d568af030: start FollowerState
2019-09-09 18:20:24,312 [pool-419-thread-1] INFO  server.RaftServerConfigKeys (ConfUtils.java:logGet(43)) - raft.server.log.force.sync.num = 128 (default)
2019-09-09 18:20:24,312 [pool-469-thread-1] INFO  server.RaftServerConfigKeys (ConfUtils.java:logGet(43)) - raft.server.log.statemachine.data.sync.timeout = 10s (default)
2019-09-09 18:20:24,312 [pool-419-thread-1] INFO  server.RaftServerConfigKeys (ConfUtils.java:logGet(43)) - raft.server.log.statemachine.data.sync = true (default)
2019-09-09 18:20:24,313 [pool-459-thread-1] INFO  util.JmxRegister (JmxRegister.java:tryRegister(44)) - Successfully registered JMX Bean with object name Ratis:service=RaftServer,group=group-DCA3D03F97BF,id=bc9d40ff-be27-40b6-866f-f71d568af030
2019-09-09 18:20:24,313 [pool-469-thread-1] INFO  server.RaftServerConfigKeys (ConfUtils.java:logGet(43)) - raft.server.log.statemachine.data.sync.timeout.retry = -1 (default)
2019-09-09 18:20:24,313 [pool-419-thread-1] INFO  server.RaftServerConfigKeys (ConfUtils.java:logGet(43)) - raft.server.log.statemachine.data.sync.timeout = 10s (default)
2019-09-09 18:20:24,313 [pool-419-thread-1] INFO  server.RaftServerConfigKeys (ConfUtils.java:logGet(43)) - raft.server.log.statemachine.data.sync.timeout.retry = -1 (default)
2019-09-09 18:20:24,313 [pool-419-thread-1] INFO  server.RaftServerConfigKeys (ConfUtils.java:logGet(43)) - raft.server.log.statemachine.data.caching.enabled = true (custom)
2019-09-09 18:20:24,313 [pool-469-thread-1] INFO  server.RaftServerConfigKeys (ConfUtils.java:logGet(43)) - raft.server.log.statemachine.data.caching.enabled = true (custom)
2019-09-09 18:20:24,314 [pool-419-thread-1] INFO  segmented.SegmentedRaftLogWorker (SegmentedRaftLogWorker.java:lambda$new$0(132)) - 15e1789d-ac2a-4475-abee-a38317121f11-SegmentedRaftLogWorker:Storage Directory /workdir/hadoop-ozone/integration-test/target/test-dir/MiniOzoneClusterImpl-95ae6e3b-0d2e-4555-bae3-c8c32225a9eb/datanode-1/data/ratis/272e3354-de38-4197-9c80-dca3d03f97bf: flushIndex: setUnconditionally 0 -> -1
2019-09-09 18:20:24,314 [pool-469-thread-1] INFO  segmented.SegmentedRaftLogWorker (SegmentedRaftLogWorker.java:lambda$new$0(132)) - af604a16-3132-44f3-9021-2610f5975837-SegmentedRaftLogWorker:Storage Directory /workdir/hadoop-ozone/integration-test/target/test-dir/MiniOzoneClusterImpl-95ae6e3b-0d2e-4555-bae3-c8c32225a9eb/datanode-6/data/ratis/272e3354-de38-4197-9c80-dca3d03f97bf: flushIndex: setUnconditionally 0 -> -1
2019-09-09 18:20:24,314 [pool-419-thread-1] INFO  server.RaftServerConfigKeys (ConfUtils.java:logGet(43)) - raft.server.snapshot.auto.trigger.enabled = true (custom)
2019-09-09 18:20:24,315 [pool-419-thread-1] INFO  server.RaftServerConfigKeys (ConfUtils.java:logGet(43)) - raft.server.snapshot.auto.trigger.threshold = 10000 (custom)
2019-09-09 18:20:24,315 [pool-469-thread-1] INFO  server.RaftServerConfigKeys (ConfUtils.java:logGet(43)) - raft.server.snapshot.auto.trigger.enabled = true (custom)
2019-09-09 18:20:24,315 [pool-419-thread-1] INFO  server.RaftServerConfigKeys (ConfUtils.java:logGet(43)) - raft.server.retrycache.expirytime = 600000ms (custom)
2019-09-09 18:20:24,315 [pool-469-thread-1] INFO  server.RaftServerConfigKeys (ConfUtils.java:logGet(43)) - raft.server.snapshot.auto.trigger.threshold = 10000 (custom)
2019-09-09 18:20:24,315 [pool-419-thread-1] INFO  impl.RaftServerImpl (RaftServerImpl.java:start(180)) - 15e1789d-ac2a-4475-abee-a38317121f11: start group-DCA3D03F97BF
2019-09-09 18:20:24,316 [pool-469-thread-1] INFO  server.RaftServerConfigKeys (ConfUtils.java:logGet(43)) - raft.server.retrycache.expirytime = 600000ms (custom)
2019-09-09 18:20:24,316 [pool-419-thread-1] INFO  impl.RaftServerImpl (RaftServerImpl.java:setRole(171)) - 15e1789d-ac2a-4475-abee-a38317121f11:group-DCA3D03F97BF changes role from null to FOLLOWER at term 0 for startAsFollower
2019-09-09 18:20:24,316 [pool-469-thread-1] INFO  impl.RaftServerImpl (RaftServerImpl.java:start(180)) - af604a16-3132-44f3-9021-2610f5975837: start group-DCA3D03F97BF
2019-09-09 18:20:24,316 [pool-419-thread-1] INFO  impl.RoleInfo (RoleInfo.java:updateAndGet(143)) - 15e1789d-ac2a-4475-abee-a38317121f11: start FollowerState
2019-09-09 18:20:24,316 [pool-469-thread-1] INFO  impl.RaftServerImpl (RaftServerImpl.java:setRole(171)) - af604a16-3132-44f3-9021-2610f5975837:group-DCA3D03F97BF changes role from null to FOLLOWER at term 0 for startAsFollower
2019-09-09 18:20:24,316 [pool-469-thread-1] INFO  impl.RoleInfo (RoleInfo.java:updateAndGet(143)) - af604a16-3132-44f3-9021-2610f5975837: start FollowerState
2019-09-09 18:20:24,316 [pool-419-thread-1] INFO  util.JmxRegister (JmxRegister.java:tryRegister(44)) - Successfully registered JMX Bean with object name Ratis:service=RaftServer,group=group-DCA3D03F97BF,id=15e1789d-ac2a-4475-abee-a38317121f11
2019-09-09 18:20:24,317 [pool-469-thread-1] INFO  util.JmxRegister (JmxRegister.java:tryRegister(44)) - Successfully registered JMX Bean with object name Ratis:service=RaftServer,group=group-DCA3D03F97BF,id=af604a16-3132-44f3-9021-2610f5975837
2019-09-09 18:20:24,319 [RatisPipelineUtilsThread] INFO  pipeline.PipelineStateManager (PipelineStateManager.java:addPipeline(56)) - Created pipeline Pipeline[ Id: 272e3354-de38-4197-9c80-dca3d03f97bf, Nodes: af604a16-3132-44f3-9021-2610f5975837{ip: 192.168.5.148, host: pr-hdds-2076-trb5z-849201047, networkLocation: /default-rack, certSerialId: null}bc9d40ff-be27-40b6-866f-f71d568af030{ip: 192.168.5.148, host: pr-hdds-2076-trb5z-849201047, networkLocation: /default-rack, certSerialId: null}15e1789d-ac2a-4475-abee-a38317121f11{ip: 192.168.5.148, host: pr-hdds-2076-trb5z-849201047, networkLocation: /default-rack, certSerialId: null}, Type:RATIS, Factor:THREE, State:OPEN]
2019-09-09 18:20:24,326 [grpc-default-executor-4] INFO  impl.RaftServerProxy (RaftServerProxy.java:addNew(89)) - af604a16-3132-44f3-9021-2610f5975837: addNew group-92A5FEE4E284:[af604a16-3132-44f3-9021-2610f5975837:192.168.5.148:37122] returns group-92A5FEE4E284:java.util.concurrent.CompletableFuture@337b00c5[Not completed]
2019-09-09 18:20:24,327 [pool-469-thread-1] INFO  impl.RaftServerImpl (RaftServerImpl.java:<init>(93)) - af604a16-3132-44f3-9021-2610f5975837: new RaftServerImpl for group-92A5FEE4E284:[af604a16-3132-44f3-9021-2610f5975837:192.168.5.148:37122] with ContainerStateMachine:uninitialized
2019-09-09 18:20:24,327 [pool-469-thread-1] INFO  server.RaftServerConfigKeys (ConfUtils.java:logGet(43)) - raft.server.rpc.timeout.min = 5s (custom)
2019-09-09 18:20:24,327 [pool-469-thread-1] INFO  server.RaftServerConfigKeys (ConfUtils.java:logGet(43)) - raft.server.rpc.timeout.max = 5200ms (custom)
2019-09-09 18:20:24,327 [pool-469-thread-1] INFO  server.RaftServerConfigKeys (ConfUtils.java:logGet(43)) - raft.server.rpcslowness.timeout = 120s (custom)
2019-09-09 18:20:24,328 [pool-469-thread-1] INFO  server.RaftServerConfigKeys (ConfUtils.java:logGet(43)) - raft.server.sleep.deviation.threshold = 300 (default)
2019-09-09 18:20:24,328 [pool-469-thread-1] INFO  server.RaftServerConfigKeys (ConfUtils.java:logGet(43)) - raft.server.log.appender.install.snapshot.enabled = false (custom)
2019-09-09 18:20:24,328 [pool-469-thread-1] INFO  impl.RaftServerImpl (ServerState.java:<init>(105)) - af604a16-3132-44f3-9021-2610f5975837:group-92A5FEE4E284 ConfigurationManager, init=-1: [af604a16-3132-44f3-9021-2610f5975837:192.168.5.148:37122], old=null, confs=<EMPTY_MAP>
2019-09-09 18:20:24,328 [pool-469-thread-1] INFO  server.RaftServerConfigKeys (ConfUtils.java:logGet(43)) - raft.server.storage.dir = [/workdir/hadoop-ozone/integration-test/target/test-dir/MiniOzoneClusterImpl-95ae6e3b-0d2e-4555-bae3-c8c32225a9eb/datanode-6/data/ratis] (custom)
2019-09-09 18:20:24,328 [pool-469-thread-1] INFO  storage.RaftStorageDirectory (RaftStorageDirectory.java:analyzeStorage(246)) - The storage directory /workdir/hadoop-ozone/integration-test/target/test-dir/MiniOzoneClusterImpl-95ae6e3b-0d2e-4555-bae3-c8c32225a9eb/datanode-6/data/ratis/1e9389f0-7c81-43ef-b919-92a5fee4e284 does not exist. Creating ...
2019-09-09 18:20:24,342 [pool-469-thread-1] INFO  storage.RaftStorageDirectory (RaftStorageDirectory.java:tryLock(328)) - Lock on /workdir/hadoop-ozone/integration-test/target/test-dir/MiniOzoneClusterImpl-95ae6e3b-0d2e-4555-bae3-c8c32225a9eb/datanode-6/data/ratis/1e9389f0-7c81-43ef-b919-92a5fee4e284/in_use.lock acquired by nodename 29941@pr-hdds-2076-trb5z-849201047
2019-09-09 18:20:24,345 [pool-469-thread-1] INFO  storage.RaftStorage (RaftStorage.java:format(72)) - Storage directory /workdir/hadoop-ozone/integration-test/target/test-dir/MiniOzoneClusterImpl-95ae6e3b-0d2e-4555-bae3-c8c32225a9eb/datanode-6/data/ratis/1e9389f0-7c81-43ef-b919-92a5fee4e284 has been successfully formatted.
2019-09-09 18:20:24,346 [pool-469-thread-1] INFO  ratis.ContainerStateMachine (ContainerStateMachine.java:loadSnapshot(227)) - group-92A5FEE4E284: The snapshot info is null. Setting the last applied indexto:(t:0, i:~)
2019-09-09 18:20:24,346 [pool-469-thread-1] INFO  server.RaftServerConfigKeys (ConfUtils.java:logGet(43)) - raft.server.leader.election.timeout = 120s (custom)
2019-09-09 18:20:24,346 [pool-469-thread-1] INFO  server.RaftServerConfigKeys (ConfUtils.java:logGet(43)) - raft.server.log.use.memory = false (default)
2019-09-09 18:20:24,346 [pool-469-thread-1] INFO  server.RaftServerConfigKeys (ConfUtils.java:logGet(43)) - raft.server.log.purge.gap = 1000000 (custom)
2019-09-09 18:20:24,346 [pool-469-thread-1] INFO  server.RaftServerConfigKeys (ConfUtils.java:logGet(43)) - raft.server.log.appender.buffer.byte-limit = 33554432 (custom)
2019-09-09 18:20:24,346 [pool-469-thread-1] INFO  server.RaftServerConfigKeys (ConfUtils.java:logGet(43)) - raft.server.log.segment.size.max = 1048576 (custom)
2019-09-09 18:20:24,347 [pool-469-thread-1] INFO  server.RaftServerConfigKeys (ConfUtils.java:logGet(43)) - raft.server.log.segment.cache.num.max = 2 (custom)
2019-09-09 18:20:24,347 [pool-469-thread-1] INFO  segmented.SegmentedRaftLogWorker (SegmentedRaftLogWorker.java:<init>(172)) - new af604a16-3132-44f3-9021-2610f5975837-SegmentedRaftLogWorker:Storage Directory /workdir/hadoop-ozone/integration-test/target/test-dir/MiniOzoneClusterImpl-95ae6e3b-0d2e-4555-bae3-c8c32225a9eb/datanode-6/data/ratis/1e9389f0-7c81-43ef-b919-92a5fee4e284 for RaftStorage:Storage Directory /workdir/hadoop-ozone/integration-test/target/test-dir/MiniOzoneClusterImpl-95ae6e3b-0d2e-4555-bae3-c8c32225a9eb/datanode-6/data/ratis/1e9389f0-7c81-43ef-b919-92a5fee4e284
2019-09-09 18:20:24,347 [pool-469-thread-1] INFO  server.RaftServerConfigKeys (ConfUtils.java:logGet(43)) - raft.server.log.queue.byte-limit = 2147483647 (custom)
2019-09-09 18:20:24,347 [pool-469-thread-1] INFO  server.RaftServerConfigKeys (ConfUtils.java:logGet(43)) - raft.server.log.queue.element-limit = 1024 (custom)
2019-09-09 18:20:24,347 [pool-469-thread-1] INFO  server.RaftServerConfigKeys (ConfUtils.java:logGet(43)) - raft.server.log.segment.size.max = 1048576 (custom)
2019-09-09 18:20:24,347 [pool-469-thread-1] INFO  server.RaftServerConfigKeys (ConfUtils.java:logGet(43)) - raft.server.log.preallocated.size = 16384 (custom)
2019-09-09 18:20:24,347 [pool-469-thread-1] INFO  server.RaftServerConfigKeys (ConfUtils.java:logGet(43)) - raft.server.log.write.buffer.size = 33554432 (custom)
2019-09-09 18:20:24,348 [pool-469-thread-1] INFO  server.RaftServerConfigKeys (ConfUtils.java:logGet(43)) - raft.server.log.force.sync.num = 128 (default)
2019-09-09 18:20:24,348 [pool-469-thread-1] INFO  server.RaftServerConfigKeys (ConfUtils.java:logGet(43)) - raft.server.log.statemachine.data.sync = true (default)
2019-09-09 18:20:24,348 [pool-469-thread-1] INFO  server.RaftServerConfigKeys (ConfUtils.java:logGet(43)) - raft.server.log.statemachine.data.sync.timeout = 10s (default)
2019-09-09 18:20:24,348 [pool-469-thread-1] INFO  server.RaftServerConfigKeys (ConfUtils.java:logGet(43)) - raft.server.log.statemachine.data.sync.timeout.retry = -1 (default)
2019-09-09 18:20:24,348 [pool-469-thread-1] INFO  server.RaftServerConfigKeys (ConfUtils.java:logGet(43)) - raft.server.log.statemachine.data.caching.enabled = true (custom)
2019-09-09 18:20:24,349 [pool-469-thread-1] INFO  segmented.SegmentedRaftLogWorker (SegmentedRaftLogWorker.java:lambda$new$0(132)) - af604a16-3132-44f3-9021-2610f5975837-SegmentedRaftLogWorker:Storage Directory /workdir/hadoop-ozone/integration-test/target/test-dir/MiniOzoneClusterImpl-95ae6e3b-0d2e-4555-bae3-c8c32225a9eb/datanode-6/data/ratis/1e9389f0-7c81-43ef-b919-92a5fee4e284: flushIndex: setUnconditionally 0 -> -1
2019-09-09 18:20:24,349 [pool-469-thread-1] INFO  server.RaftServerConfigKeys (ConfUtils.java:logGet(43)) - raft.server.snapshot.auto.trigger.enabled = true (custom)
2019-09-09 18:20:24,349 [pool-469-thread-1] INFO  server.RaftServerConfigKeys (ConfUtils.java:logGet(43)) - raft.server.snapshot.auto.trigger.threshold = 10000 (custom)
2019-09-09 18:20:24,349 [pool-469-thread-1] INFO  server.RaftServerConfigKeys (ConfUtils.java:logGet(43)) - raft.server.retrycache.expirytime = 600000ms (custom)
2019-09-09 18:20:24,349 [pool-469-thread-1] INFO  impl.RaftServerImpl (RaftServerImpl.java:start(180)) - af604a16-3132-44f3-9021-2610f5975837: start group-92A5FEE4E284
2019-09-09 18:20:24,349 [pool-469-thread-1] INFO  impl.RaftServerImpl (RaftServerImpl.java:setRole(171)) - af604a16-3132-44f3-9021-2610f5975837:group-92A5FEE4E284 changes role from null to FOLLOWER at term 0 for startAsFollower
2019-09-09 18:20:24,350 [pool-469-thread-1] INFO  impl.RoleInfo (RoleInfo.java:updateAndGet(143)) - af604a16-3132-44f3-9021-2610f5975837: start FollowerState
2019-09-09 18:20:24,350 [pool-469-thread-1] INFO  util.JmxRegister (JmxRegister.java:tryRegister(44)) - Successfully registered JMX Bean with object name Ratis:service=RaftServer,group=group-92A5FEE4E284,id=af604a16-3132-44f3-9021-2610f5975837
2019-09-09 18:20:24,352 [RatisPipelineUtilsThread] INFO  pipeline.PipelineStateManager (PipelineStateManager.java:addPipeline(56)) - Created pipeline Pipeline[ Id: 1e9389f0-7c81-43ef-b919-92a5fee4e284, Nodes: af604a16-3132-44f3-9021-2610f5975837{ip: 192.168.5.148, host: pr-hdds-2076-trb5z-849201047, networkLocation: /default-rack, certSerialId: null}, Type:RATIS, Factor:ONE, State:OPEN]
2019-09-09 18:20:25,206 [main] INFO  ozone.MiniOzoneClusterImpl (MiniOzoneClusterImpl.java:lambda$waitForClusterToBeReady$0(140)) - Cluster is ready. Got 7 of 7 DN Heartbeats.
2019-09-09 18:20:25,235 [main] INFO  rpc.RpcClient (RpcClient.java:createVolume(293)) - Creating Volume: testblockoutputstream, with jenkins1000 as owner.
2019-09-09 18:20:25,238 [IPC Server handler 1 on 46498] INFO  volume.OMVolumeCreateRequest (OMVolumeCreateRequest.java:validateAndUpdateCache(189)) - created volume:testblockoutputstream for user:jenkins1000
2019-09-09 18:20:25,267 [main] INFO  rpc.RpcClient (RpcClient.java:createBucket(432)) - Creating Bucket: testblockoutputstream/testblockoutputstream, with Versioning false and Storage Type set to DISK and Encryption set to false 
2019-09-09 18:20:25,295 [grpc-default-executor-4] INFO  client.GrpcClientProtocolClient (GrpcClientProtocolClient.java:onNext(255)) - client-BBE0E7E558EB->af604a16-3132-44f3-9021-2610f5975837: receive RaftClientReply:client-BBE0E7E558EB->af604a16-3132-44f3-9021-2610f5975837@group-DCA3D03F97BF, cid=175, FAILED org.apache.ratis.protocol.NotLeaderException: Server af604a16-3132-44f3-9021-2610f5975837 is not the leader (null). Request must be sent to leader., logIndex=0, commits[af604a16-3132-44f3-9021-2610f5975837:c-1]
2019-09-09 18:20:26,309 [grpc-default-executor-4] INFO  client.GrpcClientProtocolClient (GrpcClientProtocolClient.java:onNext(255)) - client-BBE0E7E558EB->bc9d40ff-be27-40b6-866f-f71d568af030: receive RaftClientReply:client-BBE0E7E558EB->bc9d40ff-be27-40b6-866f-f71d568af030@group-DCA3D03F97BF, cid=175, FAILED org.apache.ratis.protocol.NotLeaderException: Server bc9d40ff-be27-40b6-866f-f71d568af030 is not the leader (null). Request must be sent to leader., logIndex=0, commits[bc9d40ff-be27-40b6-866f-f71d568af030:c-1]
2019-09-09 18:20:26,842 [Thread-3278] INFO  container.ReplicationManager (ReplicationManager.java:start(162)) - Starting Replication Monitor Thread.
2019-09-09 18:20:26,854 [ReplicationMonitor] INFO  container.ReplicationManager (ReplicationManager.java:run(225)) - Replication Monitor Thread took 0 milliseconds for processing 1 containers.
2019-09-09 18:20:27,323 [grpc-default-executor-7] INFO  client.GrpcClientProtocolClient (GrpcClientProtocolClient.java:onNext(255)) - client-BBE0E7E558EB->15e1789d-ac2a-4475-abee-a38317121f11: receive RaftClientReply:client-BBE0E7E558EB->15e1789d-ac2a-4475-abee-a38317121f11@group-DCA3D03F97BF, cid=175, FAILED org.apache.ratis.protocol.NotLeaderException: Server 15e1789d-ac2a-4475-abee-a38317121f11 is not the leader (null). Request must be sent to leader., logIndex=0, commits[15e1789d-ac2a-4475-abee-a38317121f11:c-1]
2019-09-09 18:20:28,334 [grpc-default-executor-4] INFO  client.GrpcClientProtocolClient (GrpcClientProtocolClient.java:onNext(255)) - client-BBE0E7E558EB->af604a16-3132-44f3-9021-2610f5975837: receive RaftClientReply:client-BBE0E7E558EB->af604a16-3132-44f3-9021-2610f5975837@group-DCA3D03F97BF, cid=175, FAILED org.apache.ratis.protocol.NotLeaderException: Server af604a16-3132-44f3-9021-2610f5975837 is not the leader (null). Request must be sent to leader., logIndex=0, commits[af604a16-3132-44f3-9021-2610f5975837:c-1]
2019-09-09 18:20:29,005 [Thread-3280] INFO  impl.FollowerState (FollowerState.java:run(106)) - 74314560-160c-4793-8a97-1d59b2f4bc54:group-37DBF6476238 changes to CANDIDATE, lastRpcTime:5096, electionTimeout:5096ms
2019-09-09 18:20:29,006 [Thread-3280] INFO  impl.RoleInfo (RoleInfo.java:shutdownFollowerState(121)) - 74314560-160c-4793-8a97-1d59b2f4bc54: shutdown FollowerState
2019-09-09 18:20:29,006 [Thread-3280] INFO  impl.RaftServerImpl (RaftServerImpl.java:setRole(171)) - 74314560-160c-4793-8a97-1d59b2f4bc54:group-37DBF6476238 changes role from FOLLOWER to CANDIDATE at term 0 for changeToCandidate
2019-09-09 18:20:29,006 [Thread-3280] INFO  impl.RoleInfo (RoleInfo.java:updateAndGet(143)) - 74314560-160c-4793-8a97-1d59b2f4bc54: start LeaderElection
2019-09-09 18:20:29,025 [Thread-3283] INFO  impl.FollowerState (FollowerState.java:run(106)) - 15e1789d-ac2a-4475-abee-a38317121f11:group-55ADF2135299 changes to CANDIDATE, lastRpcTime:5066, electionTimeout:5061ms
2019-09-09 18:20:29,026 [Thread-3283] INFO  impl.RoleInfo (RoleInfo.java:shutdownFollowerState(121)) - 15e1789d-ac2a-4475-abee-a38317121f11: shutdown FollowerState
2019-09-09 18:20:29,026 [Thread-3283] INFO  impl.RaftServerImpl (RaftServerImpl.java:setRole(171)) - 15e1789d-ac2a-4475-abee-a38317121f11:group-55ADF2135299 changes role from FOLLOWER to CANDIDATE at term 0 for changeToCandidate
2019-09-09 18:20:29,026 [Thread-3283] INFO  impl.RoleInfo (RoleInfo.java:updateAndGet(143)) - 15e1789d-ac2a-4475-abee-a38317121f11: start LeaderElection
2019-09-09 18:20:29,079 [74314560-160c-4793-8a97-1d59b2f4bc54:group-37DBF6476238:LeaderElection54] INFO  impl.LeaderElection (LeaderElection.java:askForVotes(181)) - 74314560-160c-4793-8a97-1d59b2f4bc54:group-37DBF6476238:LeaderElection54: begin an election at term 1 for -1: [74314560-160c-4793-8a97-1d59b2f4bc54:192.168.5.148:37823], old=null
2019-09-09 18:20:29,079 [15e1789d-ac2a-4475-abee-a38317121f11:group-55ADF2135299:LeaderElection55] INFO  impl.LeaderElection (LeaderElection.java:askForVotes(181)) - 15e1789d-ac2a-4475-abee-a38317121f11:group-55ADF2135299:LeaderElection55: begin an election at term 1 for -1: [15e1789d-ac2a-4475-abee-a38317121f11:192.168.5.148:43236], old=null
2019-09-09 18:20:29,079 [74314560-160c-4793-8a97-1d59b2f4bc54:group-37DBF6476238:LeaderElection54] INFO  impl.RoleInfo (RoleInfo.java:shutdownLeaderElection(134)) - 74314560-160c-4793-8a97-1d59b2f4bc54: shutdown LeaderElection
2019-09-09 18:20:29,080 [15e1789d-ac2a-4475-abee-a38317121f11:group-55ADF2135299:LeaderElection55] INFO  impl.RoleInfo (RoleInfo.java:shutdownLeaderElection(134)) - 15e1789d-ac2a-4475-abee-a38317121f11: shutdown LeaderElection
2019-09-09 18:20:29,080 [74314560-160c-4793-8a97-1d59b2f4bc54:group-37DBF6476238:LeaderElection54] INFO  impl.RaftServerImpl (RaftServerImpl.java:setRole(171)) - 74314560-160c-4793-8a97-1d59b2f4bc54:group-37DBF6476238 changes role from CANDIDATE to LEADER at term 1 for changeToLeader
2019-09-09 18:20:29,080 [15e1789d-ac2a-4475-abee-a38317121f11:group-55ADF2135299:LeaderElection55] INFO  impl.RaftServerImpl (RaftServerImpl.java:setRole(171)) - 15e1789d-ac2a-4475-abee-a38317121f11:group-55ADF2135299 changes role from CANDIDATE to LEADER at term 1 for changeToLeader
2019-09-09 18:20:29,081 [74314560-160c-4793-8a97-1d59b2f4bc54:group-37DBF6476238:LeaderElection54] INFO  impl.RaftServerImpl (ServerState.java:setLeader(263)) - 74314560-160c-4793-8a97-1d59b2f4bc54:group-37DBF6476238 change Leader from null to 74314560-160c-4793-8a97-1d59b2f4bc54 at term 1 for becomeLeader, leader elected after 5175ms
2019-09-09 18:20:29,081 [15e1789d-ac2a-4475-abee-a38317121f11:group-55ADF2135299:LeaderElection55] INFO  impl.RaftServerImpl (ServerState.java:setLeader(263)) - 15e1789d-ac2a-4475-abee-a38317121f11:group-55ADF2135299 change Leader from null to 15e1789d-ac2a-4475-abee-a38317121f11 at term 1 for becomeLeader, leader elected after 5124ms
2019-09-09 18:20:29,081 [74314560-160c-4793-8a97-1d59b2f4bc54:group-37DBF6476238:LeaderElection54] INFO  server.RaftServerConfigKeys (ConfUtils.java:logGet(43)) - raft.server.staging.catchup.gap = 1000 (default)
2019-09-09 18:20:29,082 [15e1789d-ac2a-4475-abee-a38317121f11:group-55ADF2135299:LeaderElection55] INFO  server.RaftServerConfigKeys (ConfUtils.java:logGet(43)) - raft.server.staging.catchup.gap = 1000 (default)
2019-09-09 18:20:29,082 [74314560-160c-4793-8a97-1d59b2f4bc54:group-37DBF6476238:LeaderElection54] INFO  server.RaftServerConfigKeys (ConfUtils.java:logGet(43)) - raft.server.rpc.sleep.time = 25ms (default)
2019-09-09 18:20:29,082 [15e1789d-ac2a-4475-abee-a38317121f11:group-55ADF2135299:LeaderElection55] INFO  server.RaftServerConfigKeys (ConfUtils.java:logGet(43)) - raft.server.rpc.sleep.time = 25ms (default)
2019-09-09 18:20:29,082 [74314560-160c-4793-8a97-1d59b2f4bc54:group-37DBF6476238:LeaderElection54] INFO  server.RaftServerConfigKeys (ConfUtils.java:logGet(43)) - raft.server.write.element-limit = 4096 (default)
2019-09-09 18:20:29,083 [15e1789d-ac2a-4475-abee-a38317121f11:group-55ADF2135299:LeaderElection55] INFO  server.RaftServerConfigKeys (ConfUtils.java:logGet(43)) - raft.server.write.element-limit = 4096 (default)
2019-09-09 18:20:29,083 [74314560-160c-4793-8a97-1d59b2f4bc54:group-37DBF6476238:LeaderElection54] INFO  server.RaftServerConfigKeys (ConfUtils.java:logGet(43)) - raft.server.watch.timeout = 10s (default)
2019-09-09 18:20:29,083 [15e1789d-ac2a-4475-abee-a38317121f11:group-55ADF2135299:LeaderElection55] INFO  server.RaftServerConfigKeys (ConfUtils.java:logGet(43)) - raft.server.watch.timeout = 10s (default)
2019-09-09 18:20:29,083 [74314560-160c-4793-8a97-1d59b2f4bc54:group-37DBF6476238:LeaderElection54] INFO  server.RaftServerConfigKeys (ConfUtils.java:logGet(43)) - raft.server.watch.timeout.denomination = 1s (default)
2019-09-09 18:20:29,084 [15e1789d-ac2a-4475-abee-a38317121f11:group-55ADF2135299:LeaderElection55] INFO  server.RaftServerConfigKeys (ConfUtils.java:logGet(43)) - raft.server.watch.timeout.denomination = 1s (default)
2019-09-09 18:20:29,084 [74314560-160c-4793-8a97-1d59b2f4bc54:group-37DBF6476238:LeaderElection54] INFO  server.RaftServerConfigKeys (ConfUtils.java:logGet(43)) - raft.server.watch.element-limit = 65536 (default)
2019-09-09 18:20:29,084 [15e1789d-ac2a-4475-abee-a38317121f11:group-55ADF2135299:LeaderElection55] INFO  server.RaftServerConfigKeys (ConfUtils.java:logGet(43)) - raft.server.watch.element-limit = 65536 (default)
2019-09-09 18:20:29,085 [74314560-160c-4793-8a97-1d59b2f4bc54:group-37DBF6476238:LeaderElection54] INFO  impl.RoleInfo (RoleInfo.java:updateAndGet(143)) - 74314560-160c-4793-8a97-1d59b2f4bc54: start LeaderState
2019-09-09 18:20:29,085 [15e1789d-ac2a-4475-abee-a38317121f11:group-55ADF2135299:LeaderElection55] INFO  impl.RoleInfo (RoleInfo.java:updateAndGet(143)) - 15e1789d-ac2a-4475-abee-a38317121f11: start LeaderState
2019-09-09 18:20:29,085 [74314560-160c-4793-8a97-1d59b2f4bc54:group-37DBF6476238:LeaderElection54] INFO  segmented.SegmentedRaftLogWorker (SegmentedRaftLogWorker.java:startLogSegment(380)) - 74314560-160c-4793-8a97-1d59b2f4bc54-SegmentedRaftLogWorker:Storage Directory /workdir/hadoop-ozone/integration-test/target/test-dir/MiniOzoneClusterImpl-95ae6e3b-0d2e-4555-bae3-c8c32225a9eb/datanode-0/data/ratis/35fa6c62-1ade-40d0-9876-37dbf6476238: Starting segment from index:0
2019-09-09 18:20:29,085 [15e1789d-ac2a-4475-abee-a38317121f11:group-55ADF2135299:LeaderElection55] INFO  segmented.SegmentedRaftLogWorker (SegmentedRaftLogWorker.java:startLogSegment(380)) - 15e1789d-ac2a-4475-abee-a38317121f11-SegmentedRaftLogWorker:Storage Directory /workdir/hadoop-ozone/integration-test/target/test-dir/MiniOzoneClusterImpl-95ae6e3b-0d2e-4555-bae3-c8c32225a9eb/datanode-1/data/ratis/b5abd6d5-4063-4435-9d30-55adf2135299: Starting segment from index:0
2019-09-09 18:20:29,086 [74314560-160c-4793-8a97-1d59b2f4bc54:group-37DBF6476238:LeaderElection54] INFO  impl.RaftServerImpl (ServerState.java:setRaftConf(361)) - 74314560-160c-4793-8a97-1d59b2f4bc54:group-37DBF6476238 set configuration 0: [74314560-160c-4793-8a97-1d59b2f4bc54:192.168.5.148:37823], old=null at 0
2019-09-09 18:20:29,126 [15e1789d-ac2a-4475-abee-a38317121f11:group-55ADF2135299:LeaderElection55] INFO  impl.RaftServerImpl (ServerState.java:setRaftConf(361)) - 15e1789d-ac2a-4475-abee-a38317121f11:group-55ADF2135299 set configuration 0: [15e1789d-ac2a-4475-abee-a38317121f11:192.168.5.148:43236], old=null at 0
2019-09-09 18:20:29,159 [74314560-160c-4793-8a97-1d59b2f4bc54-SegmentedRaftLogWorker:Storage Directory /workdir/hadoop-ozone/integration-test/target/test-dir/MiniOzoneClusterImpl-95ae6e3b-0d2e-4555-bae3-c8c32225a9eb/datanode-0/data/ratis/35fa6c62-1ade-40d0-9876-37dbf6476238] INFO  segmented.SegmentedRaftLogWorker (SegmentedRaftLogWorker.java:execute(569)) - 74314560-160c-4793-8a97-1d59b2f4bc54-SegmentedRaftLogWorker:Storage Directory /workdir/hadoop-ozone/integration-test/target/test-dir/MiniOzoneClusterImpl-95ae6e3b-0d2e-4555-bae3-c8c32225a9eb/datanode-0/data/ratis/35fa6c62-1ade-40d0-9876-37dbf6476238: created new log segment /workdir/hadoop-ozone/integration-test/target/test-dir/MiniOzoneClusterImpl-95ae6e3b-0d2e-4555-bae3-c8c32225a9eb/datanode-0/data/ratis/35fa6c62-1ade-40d0-9876-37dbf6476238/current/log_inprogress_0
2019-09-09 18:20:29,176 [15e1789d-ac2a-4475-abee-a38317121f11-SegmentedRaftLogWorker:Storage Directory /workdir/hadoop-ozone/integration-test/target/test-dir/MiniOzoneClusterImpl-95ae6e3b-0d2e-4555-bae3-c8c32225a9eb/datanode-1/data/ratis/b5abd6d5-4063-4435-9d30-55adf2135299] INFO  segmented.SegmentedRaftLogWorker (SegmentedRaftLogWorker.java:execute(569)) - 15e1789d-ac2a-4475-abee-a38317121f11-SegmentedRaftLogWorker:Storage Directory /workdir/hadoop-ozone/integration-test/target/test-dir/MiniOzoneClusterImpl-95ae6e3b-0d2e-4555-bae3-c8c32225a9eb/datanode-1/data/ratis/b5abd6d5-4063-4435-9d30-55adf2135299: created new log segment /workdir/hadoop-ozone/integration-test/target/test-dir/MiniOzoneClusterImpl-95ae6e3b-0d2e-4555-bae3-c8c32225a9eb/datanode-1/data/ratis/b5abd6d5-4063-4435-9d30-55adf2135299/current/log_inprogress_0
2019-09-09 18:20:29,177 [Thread-3286] INFO  impl.FollowerState (FollowerState.java:run(106)) - a5b0d3c7-891f-43bc-b910-03bd90504a9e:group-5EB2C1B5C814 changes to CANDIDATE, lastRpcTime:5150, electionTimeout:5150ms
2019-09-09 18:20:29,177 [Thread-3286] INFO  impl.RoleInfo (RoleInfo.java:shutdownFollowerState(121)) - a5b0d3c7-891f-43bc-b910-03bd90504a9e: shutdown FollowerState
2019-09-09 18:20:29,177 [Thread-3286] INFO  impl.RaftServerImpl (RaftServerImpl.java:setRole(171)) - a5b0d3c7-891f-43bc-b910-03bd90504a9e:group-5EB2C1B5C814 changes role from FOLLOWER to CANDIDATE at term 0 for changeToCandidate
2019-09-09 18:20:29,177 [Thread-3286] INFO  impl.RoleInfo (RoleInfo.java:updateAndGet(143)) - a5b0d3c7-891f-43bc-b910-03bd90504a9e: start LeaderElection
2019-09-09 18:20:29,199 [a5b0d3c7-891f-43bc-b910-03bd90504a9e:group-5EB2C1B5C814:LeaderElection56] INFO  impl.LeaderElection (LeaderElection.java:askForVotes(181)) - a5b0d3c7-891f-43bc-b910-03bd90504a9e:group-5EB2C1B5C814:LeaderElection56: begin an election at term 1 for -1: [a5b0d3c7-891f-43bc-b910-03bd90504a9e:192.168.5.148:40823], old=null
2019-09-09 18:20:29,200 [a5b0d3c7-891f-43bc-b910-03bd90504a9e:group-5EB2C1B5C814:LeaderElection56] INFO  impl.RoleInfo (RoleInfo.java:shutdownLeaderElection(134)) - a5b0d3c7-891f-43bc-b910-03bd90504a9e: shutdown LeaderElection
2019-09-09 18:20:29,200 [a5b0d3c7-891f-43bc-b910-03bd90504a9e:group-5EB2C1B5C814:LeaderElection56] INFO  impl.RaftServerImpl (RaftServerImpl.java:setRole(171)) - a5b0d3c7-891f-43bc-b910-03bd90504a9e:group-5EB2C1B5C814 changes role from CANDIDATE to LEADER at term 1 for changeToLeader
2019-09-09 18:20:29,200 [a5b0d3c7-891f-43bc-b910-03bd90504a9e:group-5EB2C1B5C814:LeaderElection56] INFO  impl.RaftServerImpl (ServerState.java:setLeader(263)) - a5b0d3c7-891f-43bc-b910-03bd90504a9e:group-5EB2C1B5C814 change Leader from null to a5b0d3c7-891f-43bc-b910-03bd90504a9e at term 1 for becomeLeader, leader elected after 5176ms
2019-09-09 18:20:29,200 [a5b0d3c7-891f-43bc-b910-03bd90504a9e:group-5EB2C1B5C814:LeaderElection56] INFO  server.RaftServerConfigKeys (ConfUtils.java:logGet(43)) - raft.server.staging.catchup.gap = 1000 (default)
2019-09-09 18:20:29,200 [a5b0d3c7-891f-43bc-b910-03bd90504a9e:group-5EB2C1B5C814:LeaderElection56] INFO  server.RaftServerConfigKeys (ConfUtils.java:logGet(43)) - raft.server.rpc.sleep.time = 25ms (default)
2019-09-09 18:20:29,200 [a5b0d3c7-891f-43bc-b910-03bd90504a9e:group-5EB2C1B5C814:LeaderElection56] INFO  server.RaftServerConfigKeys (ConfUtils.java:logGet(43)) - raft.server.write.element-limit = 4096 (default)
2019-09-09 18:20:29,200 [a5b0d3c7-891f-43bc-b910-03bd90504a9e:group-5EB2C1B5C814:LeaderElection56] INFO  server.RaftServerConfigKeys (ConfUtils.java:logGet(43)) - raft.server.watch.timeout = 10s (default)
2019-09-09 18:20:29,200 [a5b0d3c7-891f-43bc-b910-03bd90504a9e:group-5EB2C1B5C814:LeaderElection56] INFO  server.RaftServerConfigKeys (ConfUtils.java:logGet(43)) - raft.server.watch.timeout.denomination = 1s (default)
2019-09-09 18:20:29,200 [a5b0d3c7-891f-43bc-b910-03bd90504a9e:group-5EB2C1B5C814:LeaderElection56] INFO  server.RaftServerConfigKeys (ConfUtils.java:logGet(43)) - raft.server.watch.element-limit = 65536 (default)
2019-09-09 18:20:29,201 [a5b0d3c7-891f-43bc-b910-03bd90504a9e:group-5EB2C1B5C814:LeaderElection56] INFO  impl.RoleInfo (RoleInfo.java:updateAndGet(143)) - a5b0d3c7-891f-43bc-b910-03bd90504a9e: start LeaderState
2019-09-09 18:20:29,201 [a5b0d3c7-891f-43bc-b910-03bd90504a9e:group-5EB2C1B5C814:LeaderElection56] INFO  segmented.SegmentedRaftLogWorker (SegmentedRaftLogWorker.java:startLogSegment(380)) - a5b0d3c7-891f-43bc-b910-03bd90504a9e-SegmentedRaftLogWorker:Storage Directory /workdir/hadoop-ozone/integration-test/target/test-dir/MiniOzoneClusterImpl-95ae6e3b-0d2e-4555-bae3-c8c32225a9eb/datanode-2/data/ratis/982843a1-ad59-4736-9b77-5eb2c1b5c814: Starting segment from index:0
2019-09-09 18:20:29,201 [a5b0d3c7-891f-43bc-b910-03bd90504a9e:group-5EB2C1B5C814:LeaderElection56] INFO  impl.RaftServerImpl (ServerState.java:setRaftConf(361)) - a5b0d3c7-891f-43bc-b910-03bd90504a9e:group-5EB2C1B5C814 set configuration 0: [a5b0d3c7-891f-43bc-b910-03bd90504a9e:192.168.5.148:40823], old=null at 0
2019-09-09 18:20:29,246 [Thread-3292] INFO  impl.FollowerState (FollowerState.java:run(106)) - 20b1fa90-b15b-4994-ae75-85145e91141e:group-CB8584F01914 changes to CANDIDATE, lastRpcTime:5104, electionTimeout:5079ms
2019-09-09 18:20:29,246 [Thread-3292] INFO  impl.RoleInfo (RoleInfo.java:shutdownFollowerState(121)) - 20b1fa90-b15b-4994-ae75-85145e91141e: shutdown FollowerState
2019-09-09 18:20:29,246 [Thread-3292] INFO  impl.RaftServerImpl (RaftServerImpl.java:setRole(171)) - 20b1fa90-b15b-4994-ae75-85145e91141e:group-CB8584F01914 changes role from FOLLOWER to CANDIDATE at term 0 for changeToCandidate
2019-09-09 18:20:29,246 [Thread-3292] INFO  impl.RoleInfo (RoleInfo.java:updateAndGet(143)) - 20b1fa90-b15b-4994-ae75-85145e91141e: start LeaderElection
2019-09-09 18:20:29,266 [Thread-3289] INFO  impl.FollowerState (FollowerState.java:run(106)) - 1a572ce7-0a14-4a41-9db7-57a1ec964998:group-180C3F927DDB changes to CANDIDATE, lastRpcTime:5179, electionTimeout:5179ms
2019-09-09 18:20:29,266 [a5b0d3c7-891f-43bc-b910-03bd90504a9e-SegmentedRaftLogWorker:Storage Directory /workdir/hadoop-ozone/integration-test/target/test-dir/MiniOzoneClusterImpl-95ae6e3b-0d2e-4555-bae3-c8c32225a9eb/datanode-2/data/ratis/982843a1-ad59-4736-9b77-5eb2c1b5c814] INFO  segmented.SegmentedRaftLogWorker (SegmentedRaftLogWorker.java:execute(569)) - a5b0d3c7-891f-43bc-b910-03bd90504a9e-SegmentedRaftLogWorker:Storage Directory /workdir/hadoop-ozone/integration-test/target/test-dir/MiniOzoneClusterImpl-95ae6e3b-0d2e-4555-bae3-c8c32225a9eb/datanode-2/data/ratis/982843a1-ad59-4736-9b77-5eb2c1b5c814: created new log segment /workdir/hadoop-ozone/integration-test/target/test-dir/MiniOzoneClusterImpl-95ae6e3b-0d2e-4555-bae3-c8c32225a9eb/datanode-2/data/ratis/982843a1-ad59-4736-9b77-5eb2c1b5c814/current/log_inprogress_0
2019-09-09 18:20:29,266 [Thread-3289] INFO  impl.RoleInfo (RoleInfo.java:shutdownFollowerState(121)) - 1a572ce7-0a14-4a41-9db7-57a1ec964998: shutdown FollowerState
2019-09-09 18:20:29,266 [Thread-3289] INFO  impl.RaftServerImpl (RaftServerImpl.java:setRole(171)) - 1a572ce7-0a14-4a41-9db7-57a1ec964998:group-180C3F927DDB changes role from FOLLOWER to CANDIDATE at term 0 for changeToCandidate
2019-09-09 18:20:29,266 [20b1fa90-b15b-4994-ae75-85145e91141e:group-CB8584F01914:LeaderElection57] INFO  impl.LeaderElection (LeaderElection.java:askForVotes(181)) - 20b1fa90-b15b-4994-ae75-85145e91141e:group-CB8584F01914:LeaderElection57: begin an election at term 1 for -1: [20b1fa90-b15b-4994-ae75-85145e91141e:192.168.5.148:35806], old=null
2019-09-09 18:20:29,267 [Thread-3289] INFO  impl.RoleInfo (RoleInfo.java:updateAndGet(143)) - 1a572ce7-0a14-4a41-9db7-57a1ec964998: start LeaderElection
2019-09-09 18:20:29,267 [20b1fa90-b15b-4994-ae75-85145e91141e:group-CB8584F01914:LeaderElection57] INFO  impl.RoleInfo (RoleInfo.java:shutdownLeaderElection(134)) - 20b1fa90-b15b-4994-ae75-85145e91141e: shutdown LeaderElection
2019-09-09 18:20:29,267 [20b1fa90-b15b-4994-ae75-85145e91141e:group-CB8584F01914:LeaderElection57] INFO  impl.RaftServerImpl (RaftServerImpl.java:setRole(171)) - 20b1fa90-b15b-4994-ae75-85145e91141e:group-CB8584F01914 changes role from CANDIDATE to LEADER at term 1 for changeToLeader
2019-09-09 18:20:29,269 [20b1fa90-b15b-4994-ae75-85145e91141e:group-CB8584F01914:LeaderElection57] INFO  impl.RaftServerImpl (ServerState.java:setLeader(263)) - 20b1fa90-b15b-4994-ae75-85145e91141e:group-CB8584F01914 change Leader from null to 20b1fa90-b15b-4994-ae75-85145e91141e at term 1 for becomeLeader, leader elected after 5130ms
2019-09-09 18:20:29,271 [20b1fa90-b15b-4994-ae75-85145e91141e:group-CB8584F01914:LeaderElection57] INFO  server.RaftServerConfigKeys (ConfUtils.java:logGet(43)) - raft.server.staging.catchup.gap = 1000 (default)
2019-09-09 18:20:29,271 [20b1fa90-b15b-4994-ae75-85145e91141e:group-CB8584F01914:LeaderElection57] INFO  server.RaftServerConfigKeys (ConfUtils.java:logGet(43)) - raft.server.rpc.sleep.time = 25ms (default)
2019-09-09 18:20:29,271 [20b1fa90-b15b-4994-ae75-85145e91141e:group-CB8584F01914:LeaderElection57] INFO  server.RaftServerConfigKeys (ConfUtils.java:logGet(43)) - raft.server.write.element-limit = 4096 (default)
2019-09-09 18:20:29,271 [20b1fa90-b15b-4994-ae75-85145e91141e:group-CB8584F01914:LeaderElection57] INFO  server.RaftServerConfigKeys (ConfUtils.java:logGet(43)) - raft.server.watch.timeout = 10s (default)
2019-09-09 18:20:29,271 [20b1fa90-b15b-4994-ae75-85145e91141e:group-CB8584F01914:LeaderElection57] INFO  server.RaftServerConfigKeys (ConfUtils.java:logGet(43)) - raft.server.watch.timeout.denomination = 1s (default)
2019-09-09 18:20:29,272 [20b1fa90-b15b-4994-ae75-85145e91141e:group-CB8584F01914:LeaderElection57] INFO  server.RaftServerConfigKeys (ConfUtils.java:logGet(43)) - raft.server.watch.element-limit = 65536 (default)
2019-09-09 18:20:29,272 [20b1fa90-b15b-4994-ae75-85145e91141e:group-CB8584F01914:LeaderElection57] INFO  impl.RoleInfo (RoleInfo.java:updateAndGet(143)) - 20b1fa90-b15b-4994-ae75-85145e91141e: start LeaderState
2019-09-09 18:20:29,272 [20b1fa90-b15b-4994-ae75-85145e91141e:group-CB8584F01914:LeaderElection57] INFO  segmented.SegmentedRaftLogWorker (SegmentedRaftLogWorker.java:startLogSegment(380)) - 20b1fa90-b15b-4994-ae75-85145e91141e-SegmentedRaftLogWorker:Storage Directory /workdir/hadoop-ozone/integration-test/target/test-dir/MiniOzoneClusterImpl-95ae6e3b-0d2e-4555-bae3-c8c32225a9eb/datanode-4/data/ratis/cd3cf9f1-d209-498b-ae0d-cb8584f01914: Starting segment from index:0
2019-09-09 18:20:29,273 [20b1fa90-b15b-4994-ae75-85145e91141e:group-CB8584F01914:LeaderElection57] INFO  impl.RaftServerImpl (ServerState.java:setRaftConf(361)) - 20b1fa90-b15b-4994-ae75-85145e91141e:group-CB8584F01914 set configuration 0: [20b1fa90-b15b-4994-ae75-85145e91141e:192.168.5.148:35806], old=null at 0
2019-09-09 18:20:29,314 [1a572ce7-0a14-4a41-9db7-57a1ec964998:group-180C3F927DDB:LeaderElection58] INFO  impl.LeaderElection (LeaderElection.java:askForVotes(181)) - 1a572ce7-0a14-4a41-9db7-57a1ec964998:group-180C3F927DDB:LeaderElection58: begin an election at term 1 for -1: [1a572ce7-0a14-4a41-9db7-57a1ec964998:192.168.5.148:39389], old=null
2019-09-09 18:20:29,314 [Thread-3302] INFO  impl.FollowerState (FollowerState.java:run(106)) - a5b0d3c7-891f-43bc-b910-03bd90504a9e:group-6AA028D19D8E changes to CANDIDATE, lastRpcTime:5062, electionTimeout:5037ms
2019-09-09 18:20:29,314 [1a572ce7-0a14-4a41-9db7-57a1ec964998:group-180C3F927DDB:LeaderElection58] INFO  impl.RoleInfo (RoleInfo.java:shutdownLeaderElection(134)) - 1a572ce7-0a14-4a41-9db7-57a1ec964998: shutdown LeaderElection
2019-09-09 18:20:29,314 [Thread-3302] INFO  impl.RoleInfo (RoleInfo.java:shutdownFollowerState(121)) - a5b0d3c7-891f-43bc-b910-03bd90504a9e: shutdown FollowerState
2019-09-09 18:20:29,315 [1a572ce7-0a14-4a41-9db7-57a1ec964998:group-180C3F927DDB:LeaderElection58] INFO  impl.RaftServerImpl (RaftServerImpl.java:setRole(171)) - 1a572ce7-0a14-4a41-9db7-57a1ec964998:group-180C3F927DDB changes role from CANDIDATE to LEADER at term 1 for changeToLeader
2019-09-09 18:20:29,315 [Thread-3302] INFO  impl.RaftServerImpl (RaftServerImpl.java:setRole(171)) - a5b0d3c7-891f-43bc-b910-03bd90504a9e:group-6AA028D19D8E changes role from FOLLOWER to CANDIDATE at term 0 for changeToCandidate
2019-09-09 18:20:29,315 [1a572ce7-0a14-4a41-9db7-57a1ec964998:group-180C3F927DDB:LeaderElection58] INFO  impl.RaftServerImpl (ServerState.java:setLeader(263)) - 1a572ce7-0a14-4a41-9db7-57a1ec964998:group-180C3F927DDB change Leader from null to 1a572ce7-0a14-4a41-9db7-57a1ec964998 at term 1 for becomeLeader, leader elected after 5231ms
2019-09-09 18:20:29,315 [Thread-3302] INFO  impl.RoleInfo (RoleInfo.java:updateAndGet(143)) - a5b0d3c7-891f-43bc-b910-03bd90504a9e: start LeaderElection
2019-09-09 18:20:29,315 [1a572ce7-0a14-4a41-9db7-57a1ec964998:group-180C3F927DDB:LeaderElection58] INFO  server.RaftServerConfigKeys (ConfUtils.java:logGet(43)) - raft.server.staging.catchup.gap = 1000 (default)
2019-09-09 18:20:29,315 [1a572ce7-0a14-4a41-9db7-57a1ec964998:group-180C3F927DDB:LeaderElection58] INFO  server.RaftServerConfigKeys (ConfUtils.java:logGet(43)) - raft.server.rpc.sleep.time = 25ms (default)
2019-09-09 18:20:29,318 [1a572ce7-0a14-4a41-9db7-57a1ec964998:group-180C3F927DDB:LeaderElection58] INFO  server.RaftServerConfigKeys (ConfUtils.java:logGet(43)) - raft.server.write.element-limit = 4096 (default)
2019-09-09 18:20:29,328 [20b1fa90-b15b-4994-ae75-85145e91141e-SegmentedRaftLogWorker:Storage Directory /workdir/hadoop-ozone/integration-test/target/test-dir/MiniOzoneClusterImpl-95ae6e3b-0d2e-4555-bae3-c8c32225a9eb/datanode-4/data/ratis/cd3cf9f1-d209-498b-ae0d-cb8584f01914] INFO  segmented.SegmentedRaftLogWorker (SegmentedRaftLogWorker.java:execute(569)) - 20b1fa90-b15b-4994-ae75-85145e91141e-SegmentedRaftLogWorker:Storage Directory /workdir/hadoop-ozone/integration-test/target/test-dir/MiniOzoneClusterImpl-95ae6e3b-0d2e-4555-bae3-c8c32225a9eb/datanode-4/data/ratis/cd3cf9f1-d209-498b-ae0d-cb8584f01914: created new log segment /workdir/hadoop-ozone/integration-test/target/test-dir/MiniOzoneClusterImpl-95ae6e3b-0d2e-4555-bae3-c8c32225a9eb/datanode-4/data/ratis/cd3cf9f1-d209-498b-ae0d-cb8584f01914/current/log_inprogress_0
2019-09-09 18:20:29,328 [1a572ce7-0a14-4a41-9db7-57a1ec964998:group-180C3F927DDB:LeaderElection58] INFO  server.RaftServerConfigKeys (ConfUtils.java:logGet(43)) - raft.server.watch.timeout = 10s (default)
2019-09-09 18:20:29,328 [1a572ce7-0a14-4a41-9db7-57a1ec964998:group-180C3F927DDB:LeaderElection58] INFO  server.RaftServerConfigKeys (ConfUtils.java:logGet(43)) - raft.server.watch.timeout.denomination = 1s (default)
2019-09-09 18:20:29,329 [1a572ce7-0a14-4a41-9db7-57a1ec964998:group-180C3F927DDB:LeaderElection58] INFO  server.RaftServerConfigKeys (ConfUtils.java:logGet(43)) - raft.server.watch.element-limit = 65536 (default)
2019-09-09 18:20:29,329 [1a572ce7-0a14-4a41-9db7-57a1ec964998:group-180C3F927DDB:LeaderElection58] INFO  impl.RoleInfo (RoleInfo.java:updateAndGet(143)) - 1a572ce7-0a14-4a41-9db7-57a1ec964998: start LeaderState
2019-09-09 18:20:29,329 [1a572ce7-0a14-4a41-9db7-57a1ec964998:group-180C3F927DDB:LeaderElection58] INFO  segmented.SegmentedRaftLogWorker (SegmentedRaftLogWorker.java:startLogSegment(380)) - 1a572ce7-0a14-4a41-9db7-57a1ec964998-SegmentedRaftLogWorker:Storage Directory /workdir/hadoop-ozone/integration-test/target/test-dir/MiniOzoneClusterImpl-95ae6e3b-0d2e-4555-bae3-c8c32225a9eb/datanode-3/data/ratis/e14696ca-6fe5-4b5f-a4f6-180c3f927ddb: Starting segment from index:0
2019-09-09 18:20:29,330 [1a572ce7-0a14-4a41-9db7-57a1ec964998:group-180C3F927DDB:LeaderElection58] INFO  impl.RaftServerImpl (ServerState.java:setRaftConf(361)) - 1a572ce7-0a14-4a41-9db7-57a1ec964998:group-180C3F927DDB set configuration 0: [1a572ce7-0a14-4a41-9db7-57a1ec964998:192.168.5.148:39389], old=null at 0
2019-09-09 18:20:29,370 [Thread-3303] INFO  impl.FollowerState (FollowerState.java:run(106)) - 74314560-160c-4793-8a97-1d59b2f4bc54:group-6AA028D19D8E changes to CANDIDATE, lastRpcTime:5118, electionTimeout:5115ms
2019-09-09 18:20:29,370 [Thread-3303] INFO  impl.RoleInfo (RoleInfo.java:shutdownFollowerState(121)) - 74314560-160c-4793-8a97-1d59b2f4bc54: shutdown FollowerState
2019-09-09 18:20:29,370 [Thread-3303] INFO  impl.RaftServerImpl (RaftServerImpl.java:setRole(171)) - 74314560-160c-4793-8a97-1d59b2f4bc54:group-6AA028D19D8E changes role from FOLLOWER to CANDIDATE at term 0 for changeToCandidate
2019-09-09 18:20:29,370 [Thread-3303] INFO  impl.RoleInfo (RoleInfo.java:updateAndGet(143)) - 74314560-160c-4793-8a97-1d59b2f4bc54: start LeaderElection
2019-09-09 18:20:29,376 [a5b0d3c7-891f-43bc-b910-03bd90504a9e:group-6AA028D19D8E:LeaderElection59] INFO  impl.LeaderElection (LeaderElection.java:askForVotes(181)) - a5b0d3c7-891f-43bc-b910-03bd90504a9e:group-6AA028D19D8E:LeaderElection59: begin an election at term 1 for -1: [a5b0d3c7-891f-43bc-b910-03bd90504a9e:192.168.5.148:40823, 20b1fa90-b15b-4994-ae75-85145e91141e:192.168.5.148:35806, 74314560-160c-4793-8a97-1d59b2f4bc54:192.168.5.148:37823], old=null
2019-09-09 18:20:29,382 [Thread-3295] INFO  impl.FollowerState (FollowerState.java:run(106)) - bc9d40ff-be27-40b6-866f-f71d568af030:group-47FDE72BBEB4 changes to CANDIDATE, lastRpcTime:5191, electionTimeout:5189ms
2019-09-09 18:20:29,383 [Thread-3295] INFO  impl.RoleInfo (RoleInfo.java:shutdownFollowerState(121)) - bc9d40ff-be27-40b6-866f-f71d568af030: shutdown FollowerState
2019-09-09 18:20:29,383 [Thread-3307] INFO  impl.FollowerState (FollowerState.java:run(106)) - bc9d40ff-be27-40b6-866f-f71d568af030:group-DCA3D03F97BF changes to CANDIDATE, lastRpcTime:5070, electionTimeout:5070ms
2019-09-09 18:20:29,383 [Thread-3295] INFO  impl.RaftServerImpl (RaftServerImpl.java:setRole(171)) - bc9d40ff-be27-40b6-866f-f71d568af030:group-47FDE72BBEB4 changes role from FOLLOWER to CANDIDATE at term 0 for changeToCandidate
2019-09-09 18:20:29,383 [Thread-3307] INFO  impl.RoleInfo (RoleInfo.java:shutdownFollowerState(121)) - bc9d40ff-be27-40b6-866f-f71d568af030: shutdown FollowerState
2019-09-09 18:20:29,384 [Thread-3295] INFO  impl.RoleInfo (RoleInfo.java:updateAndGet(143)) - bc9d40ff-be27-40b6-866f-f71d568af030: start LeaderElection
2019-09-09 18:20:29,384 [Thread-3307] INFO  impl.RaftServerImpl (RaftServerImpl.java:setRole(171)) - bc9d40ff-be27-40b6-866f-f71d568af030:group-DCA3D03F97BF changes role from FOLLOWER to CANDIDATE at term 0 for changeToCandidate
2019-09-09 18:20:29,384 [Thread-3307] INFO  impl.RoleInfo (RoleInfo.java:updateAndGet(143)) - bc9d40ff-be27-40b6-866f-f71d568af030: start LeaderElection
2019-09-09 18:20:29,391 [1a572ce7-0a14-4a41-9db7-57a1ec964998-SegmentedRaftLogWorker:Storage Directory /workdir/hadoop-ozone/integration-test/target/test-dir/MiniOzoneClusterImpl-95ae6e3b-0d2e-4555-bae3-c8c32225a9eb/datanode-3/data/ratis/e14696ca-6fe5-4b5f-a4f6-180c3f927ddb] INFO  segmented.SegmentedRaftLogWorker (SegmentedRaftLogWorker.java:execute(569)) - 1a572ce7-0a14-4a41-9db7-57a1ec964998-SegmentedRaftLogWorker:Storage Directory /workdir/hadoop-ozone/integration-test/target/test-dir/MiniOzoneClusterImpl-95ae6e3b-0d2e-4555-bae3-c8c32225a9eb/datanode-3/data/ratis/e14696ca-6fe5-4b5f-a4f6-180c3f927ddb: created new log segment /workdir/hadoop-ozone/integration-test/target/test-dir/MiniOzoneClusterImpl-95ae6e3b-0d2e-4555-bae3-c8c32225a9eb/datanode-3/data/ratis/e14696ca-6fe5-4b5f-a4f6-180c3f927ddb/current/log_inprogress_0
2019-09-09 18:20:29,394 [Thread-3311] INFO  impl.FollowerState (FollowerState.java:run(106)) - 15e1789d-ac2a-4475-abee-a38317121f11:group-DCA3D03F97BF changes to CANDIDATE, lastRpcTime:5078, electionTimeout:5076ms
2019-09-09 18:20:29,400 [Thread-3311] INFO  impl.RoleInfo (RoleInfo.java:shutdownFollowerState(121)) - 15e1789d-ac2a-4475-abee-a38317121f11: shutdown FollowerState
2019-09-09 18:20:29,400 [Thread-3311] INFO  impl.RaftServerImpl (RaftServerImpl.java:setRole(171)) - 15e1789d-ac2a-4475-abee-a38317121f11:group-DCA3D03F97BF changes role from FOLLOWER to CANDIDATE at term 0 for changeToCandidate
2019-09-09 18:20:29,416 [74314560-160c-4793-8a97-1d59b2f4bc54:group-6AA028D19D8E:LeaderElection60] INFO  impl.LeaderElection (LeaderElection.java:askForVotes(181)) - 74314560-160c-4793-8a97-1d59b2f4bc54:group-6AA028D19D8E:LeaderElection60: begin an election at term 1 for -1: [a5b0d3c7-891f-43bc-b910-03bd90504a9e:192.168.5.148:40823, 20b1fa90-b15b-4994-ae75-85145e91141e:192.168.5.148:35806, 74314560-160c-4793-8a97-1d59b2f4bc54:192.168.5.148:37823], old=null
2019-09-09 18:20:29,416 [Thread-3312] INFO  impl.FollowerState (FollowerState.java:run(106)) - af604a16-3132-44f3-9021-2610f5975837:group-DCA3D03F97BF changes to CANDIDATE, lastRpcTime:5100, electionTimeout:5085ms
2019-09-09 18:20:29,416 [Thread-3298] INFO  impl.FollowerState (FollowerState.java:run(106)) - 20b1fa90-b15b-4994-ae75-85145e91141e:group-6AA028D19D8E changes to CANDIDATE, lastRpcTime:5168, electionTimeout:5162ms
2019-09-09 18:20:29,417 [Thread-3312] INFO  impl.RoleInfo (RoleInfo.java:shutdownFollowerState(121)) - af604a16-3132-44f3-9021-2610f5975837: shutdown FollowerState
2019-09-09 18:20:29,416 [Thread-3311] INFO  impl.RoleInfo (RoleInfo.java:updateAndGet(143)) - 15e1789d-ac2a-4475-abee-a38317121f11: start LeaderElection
2019-09-09 18:20:29,417 [Thread-3312] INFO  impl.RaftServerImpl (RaftServerImpl.java:setRole(171)) - af604a16-3132-44f3-9021-2610f5975837:group-DCA3D03F97BF changes role from FOLLOWER to CANDIDATE at term 0 for changeToCandidate
2019-09-09 18:20:29,417 [Thread-3298] INFO  impl.RoleInfo (RoleInfo.java:shutdownFollowerState(121)) - 20b1fa90-b15b-4994-ae75-85145e91141e: shutdown FollowerState
2019-09-09 18:20:29,417 [Thread-3298] INFO  impl.RaftServerImpl (RaftServerImpl.java:setRole(171)) - 20b1fa90-b15b-4994-ae75-85145e91141e:group-6AA028D19D8E changes role from FOLLOWER to CANDIDATE at term 0 for changeToCandidate
2019-09-09 18:20:29,418 [Thread-3312] INFO  impl.RoleInfo (RoleInfo.java:updateAndGet(143)) - af604a16-3132-44f3-9021-2610f5975837: start LeaderElection
2019-09-09 18:20:29,421 [Thread-3298] INFO  impl.RoleInfo (RoleInfo.java:updateAndGet(143)) - 20b1fa90-b15b-4994-ae75-85145e91141e: start LeaderElection
2019-09-09 18:20:29,430 [bc9d40ff-be27-40b6-866f-f71d568af030:group-47FDE72BBEB4:LeaderElection61] INFO  impl.LeaderElection (LeaderElection.java:askForVotes(181)) - bc9d40ff-be27-40b6-866f-f71d568af030:group-47FDE72BBEB4:LeaderElection61: begin an election at term 1 for -1: [bc9d40ff-be27-40b6-866f-f71d568af030:192.168.5.148:32832], old=null
2019-09-09 18:20:29,430 [bc9d40ff-be27-40b6-866f-f71d568af030:group-DCA3D03F97BF:LeaderElection62] INFO  impl.LeaderElection (LeaderElection.java:askForVotes(181)) - bc9d40ff-be27-40b6-866f-f71d568af030:group-DCA3D03F97BF:LeaderElection62: begin an election at term 1 for -1: [af604a16-3132-44f3-9021-2610f5975837:192.168.5.148:37122, bc9d40ff-be27-40b6-866f-f71d568af030:192.168.5.148:32832, 15e1789d-ac2a-4475-abee-a38317121f11:192.168.5.148:43236], old=null
2019-09-09 18:20:29,430 [bc9d40ff-be27-40b6-866f-f71d568af030:group-47FDE72BBEB4:LeaderElection61] INFO  impl.RoleInfo (RoleInfo.java:shutdownLeaderElection(134)) - bc9d40ff-be27-40b6-866f-f71d568af030: shutdown LeaderElection
2019-09-09 18:20:29,433 [bc9d40ff-be27-40b6-866f-f71d568af030:group-47FDE72BBEB4:LeaderElection61] INFO  impl.RaftServerImpl (RaftServerImpl.java:setRole(171)) - bc9d40ff-be27-40b6-866f-f71d568af030:group-47FDE72BBEB4 changes role from CANDIDATE to LEADER at term 1 for changeToLeader
2019-09-09 18:20:29,433 [bc9d40ff-be27-40b6-866f-f71d568af030:group-47FDE72BBEB4:LeaderElection61] INFO  impl.RaftServerImpl (ServerState.java:setLeader(263)) - bc9d40ff-be27-40b6-866f-f71d568af030:group-47FDE72BBEB4 change Leader from null to bc9d40ff-be27-40b6-866f-f71d568af030 at term 1 for becomeLeader, leader elected after 5245ms
2019-09-09 18:20:29,435 [bc9d40ff-be27-40b6-866f-f71d568af030:group-47FDE72BBEB4:LeaderElection61] INFO  server.RaftServerConfigKeys (ConfUtils.java:logGet(43)) - raft.server.staging.catchup.gap = 1000 (default)
2019-09-09 18:20:29,436 [bc9d40ff-be27-40b6-866f-f71d568af030:group-47FDE72BBEB4:LeaderElection61] INFO  server.RaftServerConfigKeys (ConfUtils.java:logGet(43)) - raft.server.rpc.sleep.time = 25ms (default)
2019-09-09 18:20:29,436 [bc9d40ff-be27-40b6-866f-f71d568af030:group-47FDE72BBEB4:LeaderElection61] INFO  server.RaftServerConfigKeys (ConfUtils.java:logGet(43)) - raft.server.write.element-limit = 4096 (default)
2019-09-09 18:20:29,436 [bc9d40ff-be27-40b6-866f-f71d568af030:group-47FDE72BBEB4:LeaderElection61] INFO  server.RaftServerConfigKeys (ConfUtils.java:logGet(43)) - raft.server.watch.timeout = 10s (default)
2019-09-09 18:20:29,436 [bc9d40ff-be27-40b6-866f-f71d568af030:group-47FDE72BBEB4:LeaderElection61] INFO  server.RaftServerConfigKeys (ConfUtils.java:logGet(43)) - raft.server.watch.timeout.denomination = 1s (default)
2019-09-09 18:20:29,437 [bc9d40ff-be27-40b6-866f-f71d568af030:group-47FDE72BBEB4:LeaderElection61] INFO  server.RaftServerConfigKeys (ConfUtils.java:logGet(43)) - raft.server.watch.element-limit = 65536 (default)
2019-09-09 18:20:29,437 [bc9d40ff-be27-40b6-866f-f71d568af030:group-47FDE72BBEB4:LeaderElection61] INFO  impl.RoleInfo (RoleInfo.java:updateAndGet(143)) - bc9d40ff-be27-40b6-866f-f71d568af030: start LeaderState
2019-09-09 18:20:29,437 [grpc-default-executor-7] INFO  client.GrpcClientProtocolClient (GrpcClientProtocolClient.java:onNext(255)) - client-BBE0E7E558EB->15e1789d-ac2a-4475-abee-a38317121f11: receive RaftClientReply:client-BBE0E7E558EB->15e1789d-ac2a-4475-abee-a38317121f11@group-DCA3D03F97BF, cid=175, FAILED org.apache.ratis.protocol.NotLeaderException: Server 15e1789d-ac2a-4475-abee-a38317121f11 is not the leader (null). Request must be sent to leader., logIndex=0, commits[15e1789d-ac2a-4475-abee-a38317121f11:c-1]
2019-09-09 18:20:29,437 [bc9d40ff-be27-40b6-866f-f71d568af030:group-47FDE72BBEB4:LeaderElection61] INFO  segmented.SegmentedRaftLogWorker (SegmentedRaftLogWorker.java:startLogSegment(380)) - bc9d40ff-be27-40b6-866f-f71d568af030-SegmentedRaftLogWorker:Storage Directory /workdir/hadoop-ozone/integration-test/target/test-dir/MiniOzoneClusterImpl-95ae6e3b-0d2e-4555-bae3-c8c32225a9eb/datanode-5/data/ratis/d372d983-0946-46f2-abdc-47fde72bbeb4: Starting segment from index:0
2019-09-09 18:20:29,438 [bc9d40ff-be27-40b6-866f-f71d568af030:group-47FDE72BBEB4:LeaderElection61] INFO  impl.RaftServerImpl (ServerState.java:setRaftConf(361)) - bc9d40ff-be27-40b6-866f-f71d568af030:group-47FDE72BBEB4 set configuration 0: [bc9d40ff-be27-40b6-866f-f71d568af030:192.168.5.148:32832], old=null at 0
2019-09-09 18:20:29,476 [15e1789d-ac2a-4475-abee-a38317121f11:group-DCA3D03F97BF:LeaderElection63] INFO  impl.LeaderElection (LeaderElection.java:askForVotes(181)) - 15e1789d-ac2a-4475-abee-a38317121f11:group-DCA3D03F97BF:LeaderElection63: begin an election at term 1 for -1: [af604a16-3132-44f3-9021-2610f5975837:192.168.5.148:37122, bc9d40ff-be27-40b6-866f-f71d568af030:192.168.5.148:32832, 15e1789d-ac2a-4475-abee-a38317121f11:192.168.5.148:43236], old=null
2019-09-09 18:20:29,476 [20b1fa90-b15b-4994-ae75-85145e91141e:group-6AA028D19D8E:LeaderElection65] INFO  impl.LeaderElection (LeaderElection.java:askForVotes(181)) - 20b1fa90-b15b-4994-ae75-85145e91141e:group-6AA028D19D8E:LeaderElection65: begin an election at term 1 for -1: [a5b0d3c7-891f-43bc-b910-03bd90504a9e:192.168.5.148:40823, 20b1fa90-b15b-4994-ae75-85145e91141e:192.168.5.148:35806, 74314560-160c-4793-8a97-1d59b2f4bc54:192.168.5.148:37823], old=null
2019-09-09 18:20:29,479 [af604a16-3132-44f3-9021-2610f5975837:group-DCA3D03F97BF:LeaderElection64] INFO  impl.LeaderElection (LeaderElection.java:askForVotes(181)) - af604a16-3132-44f3-9021-2610f5975837:group-DCA3D03F97BF:LeaderElection64: begin an election at term 1 for -1: [af604a16-3132-44f3-9021-2610f5975837:192.168.5.148:37122, bc9d40ff-be27-40b6-866f-f71d568af030:192.168.5.148:32832, 15e1789d-ac2a-4475-abee-a38317121f11:192.168.5.148:43236], old=null
2019-09-09 18:20:29,486 [Thread-3316] INFO  impl.FollowerState (FollowerState.java:run(106)) - af604a16-3132-44f3-9021-2610f5975837:group-92A5FEE4E284 changes to CANDIDATE, lastRpcTime:5136, electionTimeout:5136ms
2019-09-09 18:20:29,486 [a5b0d3c7-891f-43bc-b910-03bd90504a9e:group-6AA028D19D8E:LeaderElection59] INFO  impl.LeaderElection (LeaderElection.java:logAndReturn(56)) - a5b0d3c7-891f-43bc-b910-03bd90504a9e:group-6AA028D19D8E:LeaderElection59: Election REJECTED; received 2 response(s) [a5b0d3c7-891f-43bc-b910-03bd90504a9e<-20b1fa90-b15b-4994-ae75-85145e91141e#0:FAIL-t1, a5b0d3c7-891f-43bc-b910-03bd90504a9e<-74314560-160c-4793-8a97-1d59b2f4bc54#0:FAIL-t1] and 0 exception(s); a5b0d3c7-891f-43bc-b910-03bd90504a9e:t1, leader=null, voted=a5b0d3c7-891f-43bc-b910-03bd90504a9e, raftlog=a5b0d3c7-891f-43bc-b910-03bd90504a9e-SegmentedRaftLog:OPENED:c-1,f-1,i0, conf=-1: [a5b0d3c7-891f-43bc-b910-03bd90504a9e:192.168.5.148:40823, 20b1fa90-b15b-4994-ae75-85145e91141e:192.168.5.148:35806, 74314560-160c-4793-8a97-1d59b2f4bc54:192.168.5.148:37823], old=null
2019-09-09 18:20:29,486 [Thread-3316] INFO  impl.RoleInfo (RoleInfo.java:shutdownFollowerState(121)) - af604a16-3132-44f3-9021-2610f5975837: shutdown FollowerState
2019-09-09 18:20:29,487 [a5b0d3c7-891f-43bc-b910-03bd90504a9e:group-6AA028D19D8E:LeaderElection59] INFO  impl.RaftServerImpl (RaftServerImpl.java:setRole(171)) - a5b0d3c7-891f-43bc-b910-03bd90504a9e:group-6AA028D19D8E changes role from CANDIDATE to FOLLOWER at term 1 for DISCOVERED_A_NEW_TERM
2019-09-09 18:20:29,487 [Thread-3316] INFO  impl.RaftServerImpl (RaftServerImpl.java:setRole(171)) - af604a16-3132-44f3-9021-2610f5975837:group-92A5FEE4E284 changes role from FOLLOWER to CANDIDATE at term 0 for changeToCandidate
2019-09-09 18:20:29,487 [74314560-160c-4793-8a97-1d59b2f4bc54:group-6AA028D19D8E:LeaderElection60] INFO  impl.LeaderElection (LeaderElection.java:logAndReturn(56)) - 74314560-160c-4793-8a97-1d59b2f4bc54:group-6AA028D19D8E:LeaderElection60: Election REJECTED; received 2 response(s) [74314560-160c-4793-8a97-1d59b2f4bc54<-a5b0d3c7-891f-43bc-b910-03bd90504a9e#0:FAIL-t1, 74314560-160c-4793-8a97-1d59b2f4bc54<-20b1fa90-b15b-4994-ae75-85145e91141e#0:FAIL-t1] and 0 exception(s); 74314560-160c-4793-8a97-1d59b2f4bc54:t1, leader=null, voted=74314560-160c-4793-8a97-1d59b2f4bc54, raftlog=74314560-160c-4793-8a97-1d59b2f4bc54-SegmentedRaftLog:OPENED:c-1,f-1,i0, conf=-1: [a5b0d3c7-891f-43bc-b910-03bd90504a9e:192.168.5.148:40823, 20b1fa90-b15b-4994-ae75-85145e91141e:192.168.5.148:35806, 74314560-160c-4793-8a97-1d59b2f4bc54:192.168.5.148:37823], old=null
2019-09-09 18:20:29,487 [Thread-3316] INFO  impl.RoleInfo (RoleInfo.java:updateAndGet(143)) - af604a16-3132-44f3-9021-2610f5975837: start LeaderElection
2019-09-09 18:20:29,487 [bc9d40ff-be27-40b6-866f-f71d568af030:group-DCA3D03F97BF:LeaderElection62] INFO  impl.LeaderElection (LeaderElection.java:logAndReturn(56)) - bc9d40ff-be27-40b6-866f-f71d568af030:group-DCA3D03F97BF:LeaderElection62: Election REJECTED; received 2 response(s) [bc9d40ff-be27-40b6-866f-f71d568af030<-af604a16-3132-44f3-9021-2610f5975837#0:FAIL-t1, bc9d40ff-be27-40b6-866f-f71d568af030<-15e1789d-ac2a-4475-abee-a38317121f11#0:FAIL-t1] and 0 exception(s); bc9d40ff-be27-40b6-866f-f71d568af030:t1, leader=null, voted=bc9d40ff-be27-40b6-866f-f71d568af030, raftlog=bc9d40ff-be27-40b6-866f-f71d568af030-SegmentedRaftLog:OPENED:c-1,f-1,i0, conf=-1: [af604a16-3132-44f3-9021-2610f5975837:192.168.5.148:37122, bc9d40ff-be27-40b6-866f-f71d568af030:192.168.5.148:32832, 15e1789d-ac2a-4475-abee-a38317121f11:192.168.5.148:43236], old=null
2019-09-09 18:20:29,487 [a5b0d3c7-891f-43bc-b910-03bd90504a9e:group-6AA028D19D8E:LeaderElection59] INFO  impl.RoleInfo (RoleInfo.java:shutdownLeaderElection(134)) - a5b0d3c7-891f-43bc-b910-03bd90504a9e: shutdown LeaderElection
2019-09-09 18:20:29,488 [bc9d40ff-be27-40b6-866f-f71d568af030:group-DCA3D03F97BF:LeaderElection62] INFO  impl.RaftServerImpl (RaftServerImpl.java:setRole(171)) - bc9d40ff-be27-40b6-866f-f71d568af030:group-DCA3D03F97BF changes role from CANDIDATE to FOLLOWER at term 1 for DISCOVERED_A_NEW_TERM
2019-09-09 18:20:29,487 [74314560-160c-4793-8a97-1d59b2f4bc54:group-6AA028D19D8E:LeaderElection60] INFO  impl.RaftServerImpl (RaftServerImpl.java:setRole(171)) - 74314560-160c-4793-8a97-1d59b2f4bc54:group-6AA028D19D8E changes role from CANDIDATE to FOLLOWER at term 1 for DISCOVERED_A_NEW_TERM
2019-09-09 18:20:29,493 [bc9d40ff-be27-40b6-866f-f71d568af030:group-DCA3D03F97BF:LeaderElection62] INFO  impl.RoleInfo (RoleInfo.java:shutdownLeaderElection(134)) - bc9d40ff-be27-40b6-866f-f71d568af030: shutdown LeaderElection
2019-09-09 18:20:29,493 [a5b0d3c7-891f-43bc-b910-03bd90504a9e:group-6AA028D19D8E:LeaderElection59] INFO  impl.RoleInfo (RoleInfo.java:updateAndGet(143)) - a5b0d3c7-891f-43bc-b910-03bd90504a9e: start FollowerState
2019-09-09 18:20:29,494 [bc9d40ff-be27-40b6-866f-f71d568af030:group-DCA3D03F97BF:LeaderElection62] INFO  impl.RoleInfo (RoleInfo.java:updateAndGet(143)) - bc9d40ff-be27-40b6-866f-f71d568af030: start FollowerState
2019-09-09 18:20:29,493 [74314560-160c-4793-8a97-1d59b2f4bc54:group-6AA028D19D8E:LeaderElection60] INFO  impl.RoleInfo (RoleInfo.java:shutdownLeaderElection(134)) - 74314560-160c-4793-8a97-1d59b2f4bc54: shutdown LeaderElection
2019-09-09 18:20:29,494 [74314560-160c-4793-8a97-1d59b2f4bc54:group-6AA028D19D8E:LeaderElection60] INFO  impl.RoleInfo (RoleInfo.java:updateAndGet(143)) - 74314560-160c-4793-8a97-1d59b2f4bc54: start FollowerState
2019-09-09 18:20:29,496 [af604a16-3132-44f3-9021-2610f5975837:group-DCA3D03F97BF:LeaderElection64] INFO  impl.LeaderElection (LeaderElection.java:logAndReturn(56)) - af604a16-3132-44f3-9021-2610f5975837:group-DCA3D03F97BF:LeaderElection64: Election REJECTED; received 2 response(s) [af604a16-3132-44f3-9021-2610f5975837<-bc9d40ff-be27-40b6-866f-f71d568af030#0:FAIL-t1, af604a16-3132-44f3-9021-2610f5975837<-15e1789d-ac2a-4475-abee-a38317121f11#0:FAIL-t1] and 0 exception(s); af604a16-3132-44f3-9021-2610f5975837:t1, leader=null, voted=af604a16-3132-44f3-9021-2610f5975837, raftlog=af604a16-3132-44f3-9021-2610f5975837-SegmentedRaftLog:OPENED:c-1,f-1,i0, conf=-1: [af604a16-3132-44f3-9021-2610f5975837:192.168.5.148:37122, bc9d40ff-be27-40b6-866f-f71d568af030:192.168.5.148:32832, 15e1789d-ac2a-4475-abee-a38317121f11:192.168.5.148:43236], old=null
2019-09-09 18:20:29,496 [af604a16-3132-44f3-9021-2610f5975837:group-DCA3D03F97BF:LeaderElection64] INFO  impl.RaftServerImpl (RaftServerImpl.java:setRole(171)) - af604a16-3132-44f3-9021-2610f5975837:group-DCA3D03F97BF changes role from CANDIDATE to FOLLOWER at term 1 for DISCOVERED_A_NEW_TERM
2019-09-09 18:20:29,497 [af604a16-3132-44f3-9021-2610f5975837:group-DCA3D03F97BF:LeaderElection64] INFO  impl.RoleInfo (RoleInfo.java:shutdownLeaderElection(134)) - af604a16-3132-44f3-9021-2610f5975837: shutdown LeaderElection
2019-09-09 18:20:29,497 [af604a16-3132-44f3-9021-2610f5975837:group-DCA3D03F97BF:LeaderElection64] INFO  impl.RoleInfo (RoleInfo.java:updateAndGet(143)) - af604a16-3132-44f3-9021-2610f5975837: start FollowerState
2019-09-09 18:20:29,497 [15e1789d-ac2a-4475-abee-a38317121f11:group-DCA3D03F97BF:LeaderElection63] INFO  impl.LeaderElection (LeaderElection.java:logAndReturn(56)) - 15e1789d-ac2a-4475-abee-a38317121f11:group-DCA3D03F97BF:LeaderElection63: Election REJECTED; received 2 response(s) [15e1789d-ac2a-4475-abee-a38317121f11<-af604a16-3132-44f3-9021-2610f5975837#0:FAIL-t1, 15e1789d-ac2a-4475-abee-a38317121f11<-bc9d40ff-be27-40b6-866f-f71d568af030#0:FAIL-t1] and 0 exception(s); 15e1789d-ac2a-4475-abee-a38317121f11:t1, leader=null, voted=15e1789d-ac2a-4475-abee-a38317121f11, raftlog=15e1789d-ac2a-4475-abee-a38317121f11-SegmentedRaftLog:OPENED:c-1,f-1,i0, conf=-1: [af604a16-3132-44f3-9021-2610f5975837:192.168.5.148:37122, bc9d40ff-be27-40b6-866f-f71d568af030:192.168.5.148:32832, 15e1789d-ac2a-4475-abee-a38317121f11:192.168.5.148:43236], old=null
2019-09-09 18:20:29,498 [15e1789d-ac2a-4475-abee-a38317121f11:group-DCA3D03F97BF:LeaderElection63] INFO  impl.RaftServerImpl (RaftServerImpl.java:setRole(171)) - 15e1789d-ac2a-4475-abee-a38317121f11:group-DCA3D03F97BF changes role from CANDIDATE to FOLLOWER at term 1 for DISCOVERED_A_NEW_TERM
2019-09-09 18:20:29,498 [20b1fa90-b15b-4994-ae75-85145e91141e:group-6AA028D19D8E:LeaderElection65] INFO  impl.LeaderElection (LeaderElection.java:logAndReturn(56)) - 20b1fa90-b15b-4994-ae75-85145e91141e:group-6AA028D19D8E:LeaderElection65: Election REJECTED; received 2 response(s) [20b1fa90-b15b-4994-ae75-85145e91141e<-a5b0d3c7-891f-43bc-b910-03bd90504a9e#0:FAIL-t1, 20b1fa90-b15b-4994-ae75-85145e91141e<-74314560-160c-4793-8a97-1d59b2f4bc54#0:FAIL-t1] and 0 exception(s); 20b1fa90-b15b-4994-ae75-85145e91141e:t1, leader=null, voted=20b1fa90-b15b-4994-ae75-85145e91141e, raftlog=20b1fa90-b15b-4994-ae75-85145e91141e-SegmentedRaftLog:OPENED:c-1,f-1,i0, conf=-1: [a5b0d3c7-891f-43bc-b910-03bd90504a9e:192.168.5.148:40823, 20b1fa90-b15b-4994-ae75-85145e91141e:192.168.5.148:35806, 74314560-160c-4793-8a97-1d59b2f4bc54:192.168.5.148:37823], old=null
2019-09-09 18:20:29,498 [15e1789d-ac2a-4475-abee-a38317121f11:group-DCA3D03F97BF:LeaderElection63] INFO  impl.RoleInfo (RoleInfo.java:shutdownLeaderElection(134)) - 15e1789d-ac2a-4475-abee-a38317121f11: shutdown LeaderElection
2019-09-09 18:20:29,498 [20b1fa90-b15b-4994-ae75-85145e91141e:group-6AA028D19D8E:LeaderElection65] INFO  impl.RaftServerImpl (RaftServerImpl.java:setRole(171)) - 20b1fa90-b15b-4994-ae75-85145e91141e:group-6AA028D19D8E changes role from CANDIDATE to FOLLOWER at term 1 for DISCOVERED_A_NEW_TERM
2019-09-09 18:20:29,498 [15e1789d-ac2a-4475-abee-a38317121f11:group-DCA3D03F97BF:LeaderElection63] INFO  impl.RoleInfo (RoleInfo.java:updateAndGet(143)) - 15e1789d-ac2a-4475-abee-a38317121f11: start FollowerState
2019-09-09 18:20:29,498 [20b1fa90-b15b-4994-ae75-85145e91141e:group-6AA028D19D8E:LeaderElection65] INFO  impl.RoleInfo (RoleInfo.java:shutdownLeaderElection(134)) - 20b1fa90-b15b-4994-ae75-85145e91141e: shutdown LeaderElection
2019-09-09 18:20:29,499 [20b1fa90-b15b-4994-ae75-85145e91141e:group-6AA028D19D8E:LeaderElection65] INFO  impl.RoleInfo (RoleInfo.java:updateAndGet(143)) - 20b1fa90-b15b-4994-ae75-85145e91141e: start FollowerState
2019-09-09 18:20:29,522 [bc9d40ff-be27-40b6-866f-f71d568af030-SegmentedRaftLogWorker:Storage Directory /workdir/hadoop-ozone/integration-test/target/test-dir/MiniOzoneClusterImpl-95ae6e3b-0d2e-4555-bae3-c8c32225a9eb/datanode-5/data/ratis/d372d983-0946-46f2-abdc-47fde72bbeb4] INFO  segmented.SegmentedRaftLogWorker (SegmentedRaftLogWorker.java:execute(569)) - bc9d40ff-be27-40b6-866f-f71d568af030-SegmentedRaftLogWorker:Storage Directory /workdir/hadoop-ozone/integration-test/target/test-dir/MiniOzoneClusterImpl-95ae6e3b-0d2e-4555-bae3-c8c32225a9eb/datanode-5/data/ratis/d372d983-0946-46f2-abdc-47fde72bbeb4: created new log segment /workdir/hadoop-ozone/integration-test/target/test-dir/MiniOzoneClusterImpl-95ae6e3b-0d2e-4555-bae3-c8c32225a9eb/datanode-5/data/ratis/d372d983-0946-46f2-abdc-47fde72bbeb4/current/log_inprogress_0
2019-09-09 18:20:29,522 [af604a16-3132-44f3-9021-2610f5975837:group-92A5FEE4E284:LeaderElection66] INFO  impl.LeaderElection (LeaderElection.java:askForVotes(181)) - af604a16-3132-44f3-9021-2610f5975837:group-92A5FEE4E284:LeaderElection66: begin an election at term 1 for -1: [af604a16-3132-44f3-9021-2610f5975837:192.168.5.148:37122], old=null
2019-09-09 18:20:29,522 [af604a16-3132-44f3-9021-2610f5975837:group-92A5FEE4E284:LeaderElection66] INFO  impl.RoleInfo (RoleInfo.java:shutdownLeaderElection(134)) - af604a16-3132-44f3-9021-2610f5975837: shutdown LeaderElection
2019-09-09 18:20:29,523 [af604a16-3132-44f3-9021-2610f5975837:group-92A5FEE4E284:LeaderElection66] INFO  impl.RaftServerImpl (RaftServerImpl.java:setRole(171)) - af604a16-3132-44f3-9021-2610f5975837:group-92A5FEE4E284 changes role from CANDIDATE to LEADER at term 1 for changeToLeader
2019-09-09 18:20:29,523 [af604a16-3132-44f3-9021-2610f5975837:group-92A5FEE4E284:LeaderElection66] INFO  impl.RaftServerImpl (ServerState.java:setLeader(263)) - af604a16-3132-44f3-9021-2610f5975837:group-92A5FEE4E284 change Leader from null to af604a16-3132-44f3-9021-2610f5975837 at term 1 for becomeLeader, leader elected after 5176ms
2019-09-09 18:20:29,523 [af604a16-3132-44f3-9021-2610f5975837:group-92A5FEE4E284:LeaderElection66] INFO  server.RaftServerConfigKeys (ConfUtils.java:logGet(43)) - raft.server.staging.catchup.gap = 1000 (default)
2019-09-09 18:20:29,523 [af604a16-3132-44f3-9021-2610f5975837:group-92A5FEE4E284:LeaderElection66] INFO  server.RaftServerConfigKeys (ConfUtils.java:logGet(43)) - raft.server.rpc.sleep.time = 25ms (default)
2019-09-09 18:20:29,523 [af604a16-3132-44f3-9021-2610f5975837:group-92A5FEE4E284:LeaderElection66] INFO  server.RaftServerConfigKeys (ConfUtils.java:logGet(43)) - raft.server.write.element-limit = 4096 (default)
2019-09-09 18:20:29,523 [af604a16-3132-44f3-9021-2610f5975837:group-92A5FEE4E284:LeaderElection66] INFO  server.RaftServerConfigKeys (ConfUtils.java:logGet(43)) - raft.server.watch.timeout = 10s (default)
2019-09-09 18:20:29,524 [af604a16-3132-44f3-9021-2610f5975837:group-92A5FEE4E284:LeaderElection66] INFO  server.RaftServerConfigKeys (ConfUtils.java:logGet(43)) - raft.server.watch.timeout.denomination = 1s (default)
2019-09-09 18:20:29,524 [af604a16-3132-44f3-9021-2610f5975837:group-92A5FEE4E284:LeaderElection66] INFO  server.RaftServerConfigKeys (ConfUtils.java:logGet(43)) - raft.server.watch.element-limit = 65536 (default)
2019-09-09 18:20:29,524 [af604a16-3132-44f3-9021-2610f5975837:group-92A5FEE4E284:LeaderElection66] INFO  impl.RoleInfo (RoleInfo.java:updateAndGet(143)) - af604a16-3132-44f3-9021-2610f5975837: start LeaderState
2019-09-09 18:20:29,524 [af604a16-3132-44f3-9021-2610f5975837:group-92A5FEE4E284:LeaderElection66] INFO  segmented.SegmentedRaftLogWorker (SegmentedRaftLogWorker.java:startLogSegment(380)) - af604a16-3132-44f3-9021-2610f5975837-SegmentedRaftLogWorker:Storage Directory /workdir/hadoop-ozone/integration-test/target/test-dir/MiniOzoneClusterImpl-95ae6e3b-0d2e-4555-bae3-c8c32225a9eb/datanode-6/data/ratis/1e9389f0-7c81-43ef-b919-92a5fee4e284: Starting segment from index:0
2019-09-09 18:20:29,525 [af604a16-3132-44f3-9021-2610f5975837:group-92A5FEE4E284:LeaderElection66] INFO  impl.RaftServerImpl (ServerState.java:setRaftConf(361)) - af604a16-3132-44f3-9021-2610f5975837:group-92A5FEE4E284 set configuration 0: [af604a16-3132-44f3-9021-2610f5975837:192.168.5.148:37122], old=null at 0
2019-09-09 18:20:29,586 [af604a16-3132-44f3-9021-2610f5975837-SegmentedRaftLogWorker:Storage Directory /workdir/hadoop-ozone/integration-test/target/test-dir/MiniOzoneClusterImpl-95ae6e3b-0d2e-4555-bae3-c8c32225a9eb/datanode-6/data/ratis/1e9389f0-7c81-43ef-b919-92a5fee4e284] INFO  segmented.SegmentedRaftLogWorker (SegmentedRaftLogWorker.java:execute(569)) - af604a16-3132-44f3-9021-2610f5975837-SegmentedRaftLogWorker:Storage Directory /workdir/hadoop-ozone/integration-test/target/test-dir/MiniOzoneClusterImpl-95ae6e3b-0d2e-4555-bae3-c8c32225a9eb/datanode-6/data/ratis/1e9389f0-7c81-43ef-b919-92a5fee4e284: created new log segment /workdir/hadoop-ozone/integration-test/target/test-dir/MiniOzoneClusterImpl-95ae6e3b-0d2e-4555-bae3-c8c32225a9eb/datanode-6/data/ratis/1e9389f0-7c81-43ef-b919-92a5fee4e284/current/log_inprogress_0
2019-09-09 18:20:30,446 [grpc-default-executor-6] INFO  client.GrpcClientProtocolClient (GrpcClientProtocolClient.java:onNext(255)) - client-BBE0E7E558EB->af604a16-3132-44f3-9021-2610f5975837: receive RaftClientReply:client-BBE0E7E558EB->af604a16-3132-44f3-9021-2610f5975837@group-DCA3D03F97BF, cid=175, FAILED org.apache.ratis.protocol.NotLeaderException: Server af604a16-3132-44f3-9021-2610f5975837 is not the leader (null). Request must be sent to leader., logIndex=0, commits[af604a16-3132-44f3-9021-2610f5975837:c-1]
2019-09-09 18:20:31,459 [grpc-default-executor-10] INFO  client.GrpcClientProtocolClient (GrpcClientProtocolClient.java:onNext(255)) - client-BBE0E7E558EB->bc9d40ff-be27-40b6-866f-f71d568af030: receive RaftClientReply:client-BBE0E7E558EB->bc9d40ff-be27-40b6-866f-f71d568af030@group-DCA3D03F97BF, cid=175, FAILED org.apache.ratis.protocol.NotLeaderException: Server bc9d40ff-be27-40b6-866f-f71d568af030 is not the leader (null). Request must be sent to leader., logIndex=0, commits[bc9d40ff-be27-40b6-866f-f71d568af030:c-1]
2019-09-09 18:20:32,470 [grpc-default-executor-10] INFO  client.GrpcClientProtocolClient (GrpcClientProtocolClient.java:onNext(255)) - client-BBE0E7E558EB->af604a16-3132-44f3-9021-2610f5975837: receive RaftClientReply:client-BBE0E7E558EB->af604a16-3132-44f3-9021-2610f5975837@group-DCA3D03F97BF, cid=175, FAILED org.apache.ratis.protocol.NotLeaderException: Server af604a16-3132-44f3-9021-2610f5975837 is not the leader (null). Request must be sent to leader., logIndex=0, commits[af604a16-3132-44f3-9021-2610f5975837:c-1]
2019-09-09 18:20:33,484 [grpc-default-executor-6] INFO  client.GrpcClientProtocolClient (GrpcClientProtocolClient.java:onNext(255)) - client-BBE0E7E558EB->bc9d40ff-be27-40b6-866f-f71d568af030: receive RaftClientReply:client-BBE0E7E558EB->bc9d40ff-be27-40b6-866f-f71d568af030@group-DCA3D03F97BF, cid=175, FAILED org.apache.ratis.protocol.NotLeaderException: Server bc9d40ff-be27-40b6-866f-f71d568af030 is not the leader (null). Request must be sent to leader., logIndex=0, commits[bc9d40ff-be27-40b6-866f-f71d568af030:c-1]
2019-09-09 18:20:34,491 [grpc-default-executor-6] INFO  client.GrpcClientProtocolClient (GrpcClientProtocolClient.java:onNext(255)) - client-BBE0E7E558EB->15e1789d-ac2a-4475-abee-a38317121f11: receive RaftClientReply:client-BBE0E7E558EB->15e1789d-ac2a-4475-abee-a38317121f11@group-DCA3D03F97BF, cid=175, FAILED org.apache.ratis.protocol.NotLeaderException: Server 15e1789d-ac2a-4475-abee-a38317121f11 is not the leader (null). Request must be sent to leader., logIndex=0, commits[15e1789d-ac2a-4475-abee-a38317121f11:c-1]
2019-09-09 18:20:34,509 [Thread-3370] INFO  impl.FollowerState (FollowerState.java:run(106)) - af604a16-3132-44f3-9021-2610f5975837:group-DCA3D03F97BF changes to CANDIDATE, lastRpcTime:5012, electionTimeout:5012ms
2019-09-09 18:20:34,510 [Thread-3370] INFO  impl.RoleInfo (RoleInfo.java:shutdownFollowerState(121)) - af604a16-3132-44f3-9021-2610f5975837: shutdown FollowerState
2019-09-09 18:20:34,510 [Thread-3370] INFO  impl.RaftServerImpl (RaftServerImpl.java:setRole(171)) - af604a16-3132-44f3-9021-2610f5975837:group-DCA3D03F97BF changes role from FOLLOWER to CANDIDATE at term 1 for changeToCandidate
2019-09-09 18:20:34,510 [Thread-3370] INFO  impl.RoleInfo (RoleInfo.java:updateAndGet(143)) - af604a16-3132-44f3-9021-2610f5975837: start LeaderElection
2019-09-09 18:20:34,519 [Thread-3367] INFO  impl.FollowerState (FollowerState.java:run(106)) - a5b0d3c7-891f-43bc-b910-03bd90504a9e:group-6AA028D19D8E changes to CANDIDATE, lastRpcTime:5026, electionTimeout:5025ms
2019-09-09 18:20:34,519 [Thread-3367] INFO  impl.RoleInfo (RoleInfo.java:shutdownFollowerState(121)) - a5b0d3c7-891f-43bc-b910-03bd90504a9e: shutdown FollowerState
2019-09-09 18:20:34,520 [Thread-3367] INFO  impl.RaftServerImpl (RaftServerImpl.java:setRole(171)) - a5b0d3c7-891f-43bc-b910-03bd90504a9e:group-6AA028D19D8E changes role from FOLLOWER to CANDIDATE at term 1 for changeToCandidate
2019-09-09 18:20:34,520 [Thread-3367] INFO  impl.RoleInfo (RoleInfo.java:updateAndGet(143)) - a5b0d3c7-891f-43bc-b910-03bd90504a9e: start LeaderElection
2019-09-09 18:20:34,522 [Thread-3372] INFO  impl.FollowerState (FollowerState.java:run(106)) - 20b1fa90-b15b-4994-ae75-85145e91141e:group-6AA028D19D8E changes to CANDIDATE, lastRpcTime:5022, electionTimeout:5021ms
2019-09-09 18:20:34,522 [Thread-3372] INFO  impl.RoleInfo (RoleInfo.java:shutdownFollowerState(121)) - 20b1fa90-b15b-4994-ae75-85145e91141e: shutdown FollowerState
2019-09-09 18:20:34,522 [Thread-3372] INFO  impl.RaftServerImpl (RaftServerImpl.java:setRole(171)) - 20b1fa90-b15b-4994-ae75-85145e91141e:group-6AA028D19D8E changes role from FOLLOWER to CANDIDATE at term 1 for changeToCandidate
2019-09-09 18:20:34,522 [Thread-3372] INFO  impl.RoleInfo (RoleInfo.java:updateAndGet(143)) - 20b1fa90-b15b-4994-ae75-85145e91141e: start LeaderElection
2019-09-09 18:20:34,543 [af604a16-3132-44f3-9021-2610f5975837:group-DCA3D03F97BF:LeaderElection67] INFO  impl.LeaderElection (LeaderElection.java:askForVotes(181)) - af604a16-3132-44f3-9021-2610f5975837:group-DCA3D03F97BF:LeaderElection67: begin an election at term 2 for -1: [af604a16-3132-44f3-9021-2610f5975837:192.168.5.148:37122, bc9d40ff-be27-40b6-866f-f71d568af030:192.168.5.148:32832, 15e1789d-ac2a-4475-abee-a38317121f11:192.168.5.148:43236], old=null
2019-09-09 18:20:34,543 [a5b0d3c7-891f-43bc-b910-03bd90504a9e:group-6AA028D19D8E:LeaderElection68] INFO  impl.LeaderElection (LeaderElection.java:askForVotes(181)) - a5b0d3c7-891f-43bc-b910-03bd90504a9e:group-6AA028D19D8E:LeaderElection68: begin an election at term 2 for -1: [a5b0d3c7-891f-43bc-b910-03bd90504a9e:192.168.5.148:40823, 20b1fa90-b15b-4994-ae75-85145e91141e:192.168.5.148:35806, 74314560-160c-4793-8a97-1d59b2f4bc54:192.168.5.148:37823], old=null
2019-09-09 18:20:34,545 [20b1fa90-b15b-4994-ae75-85145e91141e:group-6AA028D19D8E:LeaderElection69] INFO  impl.LeaderElection (LeaderElection.java:askForVotes(181)) - 20b1fa90-b15b-4994-ae75-85145e91141e:group-6AA028D19D8E:LeaderElection69: begin an election at term 2 for -1: [a5b0d3c7-891f-43bc-b910-03bd90504a9e:192.168.5.148:40823, 20b1fa90-b15b-4994-ae75-85145e91141e:192.168.5.148:35806, 74314560-160c-4793-8a97-1d59b2f4bc54:192.168.5.148:37823], old=null
2019-09-09 18:20:34,546 [grpc-default-executor-6] INFO  impl.RaftServerImpl (RaftServerImpl.java:setRole(171)) - 74314560-160c-4793-8a97-1d59b2f4bc54:group-6AA028D19D8E changes role from FOLLOWER to FOLLOWER at term 2 for recognizeCandidate:a5b0d3c7-891f-43bc-b910-03bd90504a9e
2019-09-09 18:20:34,547 [grpc-default-executor-6] INFO  impl.RoleInfo (RoleInfo.java:shutdownFollowerState(121)) - 74314560-160c-4793-8a97-1d59b2f4bc54: shutdown FollowerState
2019-09-09 18:20:34,547 [grpc-default-executor-6] INFO  impl.RoleInfo (RoleInfo.java:updateAndGet(143)) - 74314560-160c-4793-8a97-1d59b2f4bc54: start FollowerState
2019-09-09 18:20:34,547 [Thread-3369] INFO  impl.FollowerState (FollowerState.java:run(114)) - 74314560-160c-4793-8a97-1d59b2f4bc54: FollowerState was interrupted: java.lang.InterruptedException: sleep interrupted
2019-09-09 18:20:34,547 [grpc-default-executor-10] INFO  impl.RaftServerImpl (RaftServerImpl.java:setRole(171)) - 15e1789d-ac2a-4475-abee-a38317121f11:group-DCA3D03F97BF changes role from FOLLOWER to FOLLOWER at term 2 for recognizeCandidate:af604a16-3132-44f3-9021-2610f5975837
2019-09-09 18:20:34,549 [grpc-default-executor-4] INFO  impl.RaftServerImpl (RaftServerImpl.java:setRole(171)) - bc9d40ff-be27-40b6-866f-f71d568af030:group-DCA3D03F97BF changes role from FOLLOWER to FOLLOWER at term 2 for recognizeCandidate:af604a16-3132-44f3-9021-2610f5975837
2019-09-09 18:20:34,549 [grpc-default-executor-10] INFO  impl.RoleInfo (RoleInfo.java:shutdownFollowerState(121)) - 15e1789d-ac2a-4475-abee-a38317121f11: shutdown FollowerState
2019-09-09 18:20:34,550 [grpc-default-executor-4] INFO  impl.RoleInfo (RoleInfo.java:shutdownFollowerState(121)) - bc9d40ff-be27-40b6-866f-f71d568af030: shutdown FollowerState
2019-09-09 18:20:34,550 [Thread-3371] INFO  impl.FollowerState (FollowerState.java:run(114)) - 15e1789d-ac2a-4475-abee-a38317121f11: FollowerState was interrupted: java.lang.InterruptedException: sleep interrupted
2019-09-09 18:20:34,550 [Thread-3368] INFO  impl.FollowerState (FollowerState.java:run(114)) - bc9d40ff-be27-40b6-866f-f71d568af030: FollowerState was interrupted: java.lang.InterruptedException: sleep interrupted
2019-09-09 18:20:34,550 [grpc-default-executor-10] INFO  impl.RoleInfo (RoleInfo.java:updateAndGet(143)) - 15e1789d-ac2a-4475-abee-a38317121f11: start FollowerState
2019-09-09 18:20:34,550 [grpc-default-executor-4] INFO  impl.RoleInfo (RoleInfo.java:updateAndGet(143)) - bc9d40ff-be27-40b6-866f-f71d568af030: start FollowerState
2019-09-09 18:20:34,568 [af604a16-3132-44f3-9021-2610f5975837:group-DCA3D03F97BF:LeaderElection67] INFO  impl.LeaderElection (LeaderElection.java:logAndReturn(56)) - af604a16-3132-44f3-9021-2610f5975837:group-DCA3D03F97BF:LeaderElection67: Election PASSED; received 1 response(s) [af604a16-3132-44f3-9021-2610f5975837<-15e1789d-ac2a-4475-abee-a38317121f11#0:OK-t2] and 0 exception(s); af604a16-3132-44f3-9021-2610f5975837:t2, leader=null, voted=af604a16-3132-44f3-9021-2610f5975837, raftlog=af604a16-3132-44f3-9021-2610f5975837-SegmentedRaftLog:OPENED:c-1,f-1,i0, conf=-1: [af604a16-3132-44f3-9021-2610f5975837:192.168.5.148:37122, bc9d40ff-be27-40b6-866f-f71d568af030:192.168.5.148:32832, 15e1789d-ac2a-4475-abee-a38317121f11:192.168.5.148:43236], old=null
2019-09-09 18:20:34,568 [a5b0d3c7-891f-43bc-b910-03bd90504a9e:group-6AA028D19D8E:LeaderElection68] INFO  impl.LeaderElection (LeaderElection.java:logAndReturn(56)) - a5b0d3c7-891f-43bc-b910-03bd90504a9e:group-6AA028D19D8E:LeaderElection68: Election PASSED; received 2 response(s) [a5b0d3c7-891f-43bc-b910-03bd90504a9e<-20b1fa90-b15b-4994-ae75-85145e91141e#0:FAIL-t2, a5b0d3c7-891f-43bc-b910-03bd90504a9e<-74314560-160c-4793-8a97-1d59b2f4bc54#0:OK-t2] and 0 exception(s); a5b0d3c7-891f-43bc-b910-03bd90504a9e:t2, leader=null, voted=a5b0d3c7-891f-43bc-b910-03bd90504a9e, raftlog=a5b0d3c7-891f-43bc-b910-03bd90504a9e-SegmentedRaftLog:OPENED:c-1,f-1,i0, conf=-1: [a5b0d3c7-891f-43bc-b910-03bd90504a9e:192.168.5.148:40823, 20b1fa90-b15b-4994-ae75-85145e91141e:192.168.5.148:35806, 74314560-160c-4793-8a97-1d59b2f4bc54:192.168.5.148:37823], old=null
2019-09-09 18:20:34,568 [af604a16-3132-44f3-9021-2610f5975837:group-DCA3D03F97BF:LeaderElection67] INFO  impl.RoleInfo (RoleInfo.java:shutdownLeaderElection(134)) - af604a16-3132-44f3-9021-2610f5975837: shutdown LeaderElection
2019-09-09 18:20:34,568 [20b1fa90-b15b-4994-ae75-85145e91141e:group-6AA028D19D8E:LeaderElection69] INFO  impl.LeaderElection (LeaderElection.java:logAndReturn(56)) - 20b1fa90-b15b-4994-ae75-85145e91141e:group-6AA028D19D8E:LeaderElection69: Election REJECTED; received 2 response(s) [20b1fa90-b15b-4994-ae75-85145e91141e<-a5b0d3c7-891f-43bc-b910-03bd90504a9e#0:FAIL-t2, 20b1fa90-b15b-4994-ae75-85145e91141e<-74314560-160c-4793-8a97-1d59b2f4bc54#0:FAIL-t2] and 0 exception(s); 20b1fa90-b15b-4994-ae75-85145e91141e:t2, leader=null, voted=20b1fa90-b15b-4994-ae75-85145e91141e, raftlog=20b1fa90-b15b-4994-ae75-85145e91141e-SegmentedRaftLog:OPENED:c-1,f-1,i0, conf=-1: [a5b0d3c7-891f-43bc-b910-03bd90504a9e:192.168.5.148:40823, 20b1fa90-b15b-4994-ae75-85145e91141e:192.168.5.148:35806, 74314560-160c-4793-8a97-1d59b2f4bc54:192.168.5.148:37823], old=null
2019-09-09 18:20:34,568 [a5b0d3c7-891f-43bc-b910-03bd90504a9e:group-6AA028D19D8E:LeaderElection68] INFO  impl.RoleInfo (RoleInfo.java:shutdownLeaderElection(134)) - a5b0d3c7-891f-43bc-b910-03bd90504a9e: shutdown LeaderElection
2019-09-09 18:20:34,569 [20b1fa90-b15b-4994-ae75-85145e91141e:group-6AA028D19D8E:LeaderElection69] INFO  impl.RaftServerImpl (RaftServerImpl.java:setRole(171)) - 20b1fa90-b15b-4994-ae75-85145e91141e:group-6AA028D19D8E changes role from CANDIDATE to FOLLOWER at term 2 for DISCOVERED_A_NEW_TERM
2019-09-09 18:20:34,569 [20b1fa90-b15b-4994-ae75-85145e91141e:group-6AA028D19D8E:LeaderElection69] INFO  impl.RoleInfo (RoleInfo.java:shutdownLeaderElection(134)) - 20b1fa90-b15b-4994-ae75-85145e91141e: shutdown LeaderElection
2019-09-09 18:20:34,569 [af604a16-3132-44f3-9021-2610f5975837:group-DCA3D03F97BF:LeaderElection67] INFO  impl.RaftServerImpl (RaftServerImpl.java:setRole(171)) - af604a16-3132-44f3-9021-2610f5975837:group-DCA3D03F97BF changes role from CANDIDATE to LEADER at term 2 for changeToLeader
2019-09-09 18:20:34,569 [20b1fa90-b15b-4994-ae75-85145e91141e:group-6AA028D19D8E:LeaderElection69] INFO  impl.RoleInfo (RoleInfo.java:updateAndGet(143)) - 20b1fa90-b15b-4994-ae75-85145e91141e: start FollowerState
2019-09-09 18:20:34,569 [a5b0d3c7-891f-43bc-b910-03bd90504a9e:group-6AA028D19D8E:LeaderElection68] INFO  impl.RaftServerImpl (RaftServerImpl.java:setRole(171)) - a5b0d3c7-891f-43bc-b910-03bd90504a9e:group-6AA028D19D8E changes role from CANDIDATE to LEADER at term 2 for changeToLeader
2019-09-09 18:20:34,569 [af604a16-3132-44f3-9021-2610f5975837:group-DCA3D03F97BF:LeaderElection67] INFO  impl.RaftServerImpl (ServerState.java:setLeader(263)) - af604a16-3132-44f3-9021-2610f5975837:group-DCA3D03F97BF change Leader from null to af604a16-3132-44f3-9021-2610f5975837 at term 2 for becomeLeader, leader elected after 10264ms
2019-09-09 18:20:34,569 [a5b0d3c7-891f-43bc-b910-03bd90504a9e:group-6AA028D19D8E:LeaderElection68] INFO  impl.RaftServerImpl (ServerState.java:setLeader(263)) - a5b0d3c7-891f-43bc-b910-03bd90504a9e:group-6AA028D19D8E change Leader from null to a5b0d3c7-891f-43bc-b910-03bd90504a9e at term 2 for becomeLeader, leader elected after 10326ms
2019-09-09 18:20:34,570 [af604a16-3132-44f3-9021-2610f5975837:group-DCA3D03F97BF:LeaderElection67] INFO  server.RaftServerConfigKeys (ConfUtils.java:logGet(43)) - raft.server.staging.catchup.gap = 1000 (default)
2019-09-09 18:20:34,570 [a5b0d3c7-891f-43bc-b910-03bd90504a9e:group-6AA028D19D8E:LeaderElection68] INFO  server.RaftServerConfigKeys (ConfUtils.java:logGet(43)) - raft.server.staging.catchup.gap = 1000 (default)
2019-09-09 18:20:34,570 [af604a16-3132-44f3-9021-2610f5975837:group-DCA3D03F97BF:LeaderElection67] INFO  server.RaftServerConfigKeys (ConfUtils.java:logGet(43)) - raft.server.rpc.sleep.time = 25ms (default)
2019-09-09 18:20:34,570 [a5b0d3c7-891f-43bc-b910-03bd90504a9e:group-6AA028D19D8E:LeaderElection68] INFO  server.RaftServerConfigKeys (ConfUtils.java:logGet(43)) - raft.server.rpc.sleep.time = 25ms (default)
2019-09-09 18:20:34,570 [af604a16-3132-44f3-9021-2610f5975837:group-DCA3D03F97BF:LeaderElection67] INFO  server.RaftServerConfigKeys (ConfUtils.java:logGet(43)) - raft.server.write.element-limit = 4096 (default)
2019-09-09 18:20:34,570 [a5b0d3c7-891f-43bc-b910-03bd90504a9e:group-6AA028D19D8E:LeaderElection68] INFO  server.RaftServerConfigKeys (ConfUtils.java:logGet(43)) - raft.server.write.element-limit = 4096 (default)
2019-09-09 18:20:34,570 [af604a16-3132-44f3-9021-2610f5975837:group-DCA3D03F97BF:LeaderElection67] INFO  server.RaftServerConfigKeys (ConfUtils.java:logGet(43)) - raft.server.watch.timeout = 10s (default)
2019-09-09 18:20:34,571 [a5b0d3c7-891f-43bc-b910-03bd90504a9e:group-6AA028D19D8E:LeaderElection68] INFO  server.RaftServerConfigKeys (ConfUtils.java:logGet(43)) - raft.server.watch.timeout = 10s (default)
2019-09-09 18:20:34,571 [af604a16-3132-44f3-9021-2610f5975837:group-DCA3D03F97BF:LeaderElection67] INFO  server.RaftServerConfigKeys (ConfUtils.java:logGet(43)) - raft.server.watch.timeout.denomination = 1s (default)
2019-09-09 18:20:34,571 [a5b0d3c7-891f-43bc-b910-03bd90504a9e:group-6AA028D19D8E:LeaderElection68] INFO  server.RaftServerConfigKeys (ConfUtils.java:logGet(43)) - raft.server.watch.timeout.denomination = 1s (default)
2019-09-09 18:20:34,571 [af604a16-3132-44f3-9021-2610f5975837:group-DCA3D03F97BF:LeaderElection67] INFO  server.RaftServerConfigKeys (ConfUtils.java:logGet(43)) - raft.server.watch.element-limit = 65536 (default)
2019-09-09 18:20:34,571 [a5b0d3c7-891f-43bc-b910-03bd90504a9e:group-6AA028D19D8E:LeaderElection68] INFO  server.RaftServerConfigKeys (ConfUtils.java:logGet(43)) - raft.server.watch.element-limit = 65536 (default)
2019-09-09 18:20:34,571 [af604a16-3132-44f3-9021-2610f5975837:group-DCA3D03F97BF:LeaderElection67] INFO  server.RaftServerConfigKeys (ConfUtils.java:logGet(43)) - raft.server.log.appender.snapshot.chunk.size.max = 16MB (=16777216) (default)
2019-09-09 18:20:34,571 [a5b0d3c7-891f-43bc-b910-03bd90504a9e:group-6AA028D19D8E:LeaderElection68] INFO  server.RaftServerConfigKeys (ConfUtils.java:logGet(43)) - raft.server.log.appender.snapshot.chunk.size.max = 16MB (=16777216) (default)
2019-09-09 18:20:34,571 [af604a16-3132-44f3-9021-2610f5975837:group-DCA3D03F97BF:LeaderElection67] INFO  server.RaftServerConfigKeys (ConfUtils.java:logGet(43)) - raft.server.log.appender.buffer.byte-limit = 33554432 (custom)
2019-09-09 18:20:34,572 [a5b0d3c7-891f-43bc-b910-03bd90504a9e:group-6AA028D19D8E:LeaderElection68] INFO  server.RaftServerConfigKeys (ConfUtils.java:logGet(43)) - raft.server.log.appender.buffer.byte-limit = 33554432 (custom)
2019-09-09 18:20:34,572 [af604a16-3132-44f3-9021-2610f5975837:group-DCA3D03F97BF:LeaderElection67] INFO  server.RaftServerConfigKeys (ConfUtils.java:logGet(43)) - raft.server.log.appender.buffer.element-limit = 1 (custom)
2019-09-09 18:20:34,572 [a5b0d3c7-891f-43bc-b910-03bd90504a9e:group-6AA028D19D8E:LeaderElection68] INFO  server.RaftServerConfigKeys (ConfUtils.java:logGet(43)) - raft.server.log.appender.buffer.element-limit = 1 (custom)
2019-09-09 18:20:34,572 [af604a16-3132-44f3-9021-2610f5975837:group-DCA3D03F97BF:LeaderElection67] INFO  grpc.GrpcConfigKeys$Server (ConfUtils.java:logGet(43)) - raft.grpc.server.leader.outstanding.appends.max = 128 (default)
2019-09-09 18:20:34,572 [a5b0d3c7-891f-43bc-b910-03bd90504a9e:group-6AA028D19D8E:LeaderElection68] INFO  grpc.GrpcConfigKeys$Server (ConfUtils.java:logGet(43)) - raft.grpc.server.leader.outstanding.appends.max = 128 (default)
2019-09-09 18:20:34,572 [af604a16-3132-44f3-9021-2610f5975837:group-DCA3D03F97BF:LeaderElection67] INFO  server.RaftServerConfigKeys (ConfUtils.java:logGet(43)) - raft.server.rpc.request.timeout = 3000ms (default)
2019-09-09 18:20:34,572 [a5b0d3c7-891f-43bc-b910-03bd90504a9e:group-6AA028D19D8E:LeaderElection68] INFO  server.RaftServerConfigKeys (ConfUtils.java:logGet(43)) - raft.server.rpc.request.timeout = 3000ms (default)
2019-09-09 18:20:34,572 [af604a16-3132-44f3-9021-2610f5975837:group-DCA3D03F97BF:LeaderElection67] INFO  server.RaftServerConfigKeys (ConfUtils.java:logGet(43)) - raft.server.log.appender.install.snapshot.enabled = false (custom)
2019-09-09 18:20:34,573 [a5b0d3c7-891f-43bc-b910-03bd90504a9e:group-6AA028D19D8E:LeaderElection68] INFO  server.RaftServerConfigKeys (ConfUtils.java:logGet(43)) - raft.server.log.appender.install.snapshot.enabled = false (custom)
2019-09-09 18:20:34,573 [af604a16-3132-44f3-9021-2610f5975837:group-DCA3D03F97BF:LeaderElection67] INFO  server.RaftServerConfigKeys (ConfUtils.java:logGet(43)) - raft.server.log.appender.snapshot.chunk.size.max = 16MB (=16777216) (default)
2019-09-09 18:20:34,573 [a5b0d3c7-891f-43bc-b910-03bd90504a9e:group-6AA028D19D8E:LeaderElection68] INFO  server.RaftServerConfigKeys (ConfUtils.java:logGet(43)) - raft.server.log.appender.snapshot.chunk.size.max = 16MB (=16777216) (default)
2019-09-09 18:20:34,573 [af604a16-3132-44f3-9021-2610f5975837:group-DCA3D03F97BF:LeaderElection67] INFO  server.RaftServerConfigKeys (ConfUtils.java:logGet(43)) - raft.server.log.appender.buffer.byte-limit = 33554432 (custom)
2019-09-09 18:20:34,573 [a5b0d3c7-891f-43bc-b910-03bd90504a9e:group-6AA028D19D8E:LeaderElection68] INFO  server.RaftServerConfigKeys (ConfUtils.java:logGet(43)) - raft.server.log.appender.buffer.byte-limit = 33554432 (custom)
2019-09-09 18:20:34,573 [af604a16-3132-44f3-9021-2610f5975837:group-DCA3D03F97BF:LeaderElection67] INFO  server.RaftServerConfigKeys (ConfUtils.java:logGet(43)) - raft.server.log.appender.buffer.element-limit = 1 (custom)
2019-09-09 18:20:34,573 [a5b0d3c7-891f-43bc-b910-03bd90504a9e:group-6AA028D19D8E:LeaderElection68] INFO  server.RaftServerConfigKeys (ConfUtils.java:logGet(43)) - raft.server.log.appender.buffer.element-limit = 1 (custom)
2019-09-09 18:20:34,573 [af604a16-3132-44f3-9021-2610f5975837:group-DCA3D03F97BF:LeaderElection67] INFO  grpc.GrpcConfigKeys$Server (ConfUtils.java:logGet(43)) - raft.grpc.server.leader.outstanding.appends.max = 128 (default)
2019-09-09 18:20:34,574 [a5b0d3c7-891f-43bc-b910-03bd90504a9e:group-6AA028D19D8E:LeaderElection68] INFO  grpc.GrpcConfigKeys$Server (ConfUtils.java:logGet(43)) - raft.grpc.server.leader.outstanding.appends.max = 128 (default)
2019-09-09 18:20:34,574 [af604a16-3132-44f3-9021-2610f5975837:group-DCA3D03F97BF:LeaderElection67] INFO  server.RaftServerConfigKeys (ConfUtils.java:logGet(43)) - raft.server.rpc.request.timeout = 3000ms (default)
2019-09-09 18:20:34,574 [a5b0d3c7-891f-43bc-b910-03bd90504a9e:group-6AA028D19D8E:LeaderElection68] INFO  server.RaftServerConfigKeys (ConfUtils.java:logGet(43)) - raft.server.rpc.request.timeout = 3000ms (default)
2019-09-09 18:20:34,574 [af604a16-3132-44f3-9021-2610f5975837:group-DCA3D03F97BF:LeaderElection67] INFO  server.RaftServerConfigKeys (ConfUtils.java:logGet(43)) - raft.server.log.appender.install.snapshot.enabled = false (custom)
2019-09-09 18:20:34,574 [a5b0d3c7-891f-43bc-b910-03bd90504a9e:group-6AA028D19D8E:LeaderElection68] INFO  server.RaftServerConfigKeys (ConfUtils.java:logGet(43)) - raft.server.log.appender.install.snapshot.enabled = false (custom)
2019-09-09 18:20:34,574 [af604a16-3132-44f3-9021-2610f5975837:group-DCA3D03F97BF:LeaderElection67] INFO  impl.RoleInfo (RoleInfo.java:updateAndGet(143)) - af604a16-3132-44f3-9021-2610f5975837: start LeaderState
2019-09-09 18:20:34,574 [a5b0d3c7-891f-43bc-b910-03bd90504a9e:group-6AA028D19D8E:LeaderElection68] INFO  impl.RoleInfo (RoleInfo.java:updateAndGet(143)) - a5b0d3c7-891f-43bc-b910-03bd90504a9e: start LeaderState
2019-09-09 18:20:34,575 [af604a16-3132-44f3-9021-2610f5975837:group-DCA3D03F97BF:LeaderElection67] INFO  segmented.SegmentedRaftLogWorker (SegmentedRaftLogWorker.java:startLogSegment(380)) - af604a16-3132-44f3-9021-2610f5975837-SegmentedRaftLogWorker:Storage Directory /workdir/hadoop-ozone/integration-test/target/test-dir/MiniOzoneClusterImpl-95ae6e3b-0d2e-4555-bae3-c8c32225a9eb/datanode-6/data/ratis/272e3354-de38-4197-9c80-dca3d03f97bf: Starting segment from index:0
2019-09-09 18:20:34,575 [a5b0d3c7-891f-43bc-b910-03bd90504a9e:group-6AA028D19D8E:LeaderElection68] INFO  segmented.SegmentedRaftLogWorker (SegmentedRaftLogWorker.java:startLogSegment(380)) - a5b0d3c7-891f-43bc-b910-03bd90504a9e-SegmentedRaftLogWorker:Storage Directory /workdir/hadoop-ozone/integration-test/target/test-dir/MiniOzoneClusterImpl-95ae6e3b-0d2e-4555-bae3-c8c32225a9eb/datanode-2/data/ratis/1a94940f-3bcf-4936-a69c-6aa028d19d8e: Starting segment from index:0
2019-09-09 18:20:34,575 [af604a16-3132-44f3-9021-2610f5975837:group-DCA3D03F97BF:LeaderElection67] INFO  impl.RaftServerImpl (ServerState.java:setRaftConf(361)) - af604a16-3132-44f3-9021-2610f5975837:group-DCA3D03F97BF set configuration 0: [af604a16-3132-44f3-9021-2610f5975837:192.168.5.148:37122, bc9d40ff-be27-40b6-866f-f71d568af030:192.168.5.148:32832, 15e1789d-ac2a-4475-abee-a38317121f11:192.168.5.148:43236], old=null at 0
2019-09-09 18:20:34,576 [a5b0d3c7-891f-43bc-b910-03bd90504a9e:group-6AA028D19D8E:LeaderElection68] INFO  impl.RaftServerImpl (ServerState.java:setRaftConf(361)) - a5b0d3c7-891f-43bc-b910-03bd90504a9e:group-6AA028D19D8E set configuration 0: [a5b0d3c7-891f-43bc-b910-03bd90504a9e:192.168.5.148:40823, 20b1fa90-b15b-4994-ae75-85145e91141e:192.168.5.148:35806, 74314560-160c-4793-8a97-1d59b2f4bc54:192.168.5.148:37823], old=null at 0
2019-09-09 18:20:34,577 [grpc-default-executor-10] INFO  impl.RaftServerImpl (ServerState.java:setLeader(263)) - bc9d40ff-be27-40b6-866f-f71d568af030:group-DCA3D03F97BF change Leader from null to af604a16-3132-44f3-9021-2610f5975837 at term 2 for appendEntries, leader elected after 10272ms
2019-09-09 18:20:34,578 [grpc-default-executor-10] INFO  impl.RaftServerImpl (ServerState.java:setLeader(263)) - 74314560-160c-4793-8a97-1d59b2f4bc54:group-6AA028D19D8E change Leader from null to a5b0d3c7-891f-43bc-b910-03bd90504a9e at term 2 for appendEntries, leader elected after 10335ms
2019-09-09 18:20:34,579 [grpc-default-executor-10] INFO  impl.RaftServerImpl (ServerState.java:setLeader(263)) - 15e1789d-ac2a-4475-abee-a38317121f11:group-DCA3D03F97BF change Leader from null to af604a16-3132-44f3-9021-2610f5975837 at term 2 for appendEntries, leader elected after 10274ms
2019-09-09 18:20:34,580 [grpc-default-executor-10] INFO  impl.RaftServerImpl (ServerState.java:setLeader(263)) - 20b1fa90-b15b-4994-ae75-85145e91141e:group-6AA028D19D8E change Leader from null to a5b0d3c7-891f-43bc-b910-03bd90504a9e at term 2 for appendEntries, leader elected after 10337ms
2019-09-09 18:20:34,582 [grpc-default-executor-4] INFO  impl.RaftServerImpl (ServerState.java:setRaftConf(361)) - 74314560-160c-4793-8a97-1d59b2f4bc54:group-6AA028D19D8E set configuration 0: [a5b0d3c7-891f-43bc-b910-03bd90504a9e:192.168.5.148:40823, 20b1fa90-b15b-4994-ae75-85145e91141e:192.168.5.148:35806, 74314560-160c-4793-8a97-1d59b2f4bc54:192.168.5.148:37823], old=null at 0
2019-09-09 18:20:34,582 [grpc-default-executor-4] INFO  segmented.SegmentedRaftLogWorker (SegmentedRaftLogWorker.java:startLogSegment(380)) - 74314560-160c-4793-8a97-1d59b2f4bc54-SegmentedRaftLogWorker:Storage Directory /workdir/hadoop-ozone/integration-test/target/test-dir/MiniOzoneClusterImpl-95ae6e3b-0d2e-4555-bae3-c8c32225a9eb/datanode-0/data/ratis/1a94940f-3bcf-4936-a69c-6aa028d19d8e: Starting segment from index:0
2019-09-09 18:20:34,582 [grpc-default-executor-6] INFO  impl.RaftServerImpl (ServerState.java:setRaftConf(361)) - 20b1fa90-b15b-4994-ae75-85145e91141e:group-6AA028D19D8E set configuration 0: [a5b0d3c7-891f-43bc-b910-03bd90504a9e:192.168.5.148:40823, 20b1fa90-b15b-4994-ae75-85145e91141e:192.168.5.148:35806, 74314560-160c-4793-8a97-1d59b2f4bc54:192.168.5.148:37823], old=null at 0
2019-09-09 18:20:34,582 [grpc-default-executor-10] INFO  impl.RaftServerImpl (ServerState.java:setRaftConf(361)) - bc9d40ff-be27-40b6-866f-f71d568af030:group-DCA3D03F97BF set configuration 0: [af604a16-3132-44f3-9021-2610f5975837:192.168.5.148:37122, bc9d40ff-be27-40b6-866f-f71d568af030:192.168.5.148:32832, 15e1789d-ac2a-4475-abee-a38317121f11:192.168.5.148:43236], old=null at 0
2019-09-09 18:20:34,583 [grpc-default-executor-6] INFO  segmented.SegmentedRaftLogWorker (SegmentedRaftLogWorker.java:startLogSegment(380)) - 20b1fa90-b15b-4994-ae75-85145e91141e-SegmentedRaftLogWorker:Storage Directory /workdir/hadoop-ozone/integration-test/target/test-dir/MiniOzoneClusterImpl-95ae6e3b-0d2e-4555-bae3-c8c32225a9eb/datanode-4/data/ratis/1a94940f-3bcf-4936-a69c-6aa028d19d8e: Starting segment from index:0
2019-09-09 18:20:34,583 [grpc-default-executor-4] INFO  impl.RaftServerImpl (ServerState.java:setRaftConf(361)) - 15e1789d-ac2a-4475-abee-a38317121f11:group-DCA3D03F97BF set configuration 0: [af604a16-3132-44f3-9021-2610f5975837:192.168.5.148:37122, bc9d40ff-be27-40b6-866f-f71d568af030:192.168.5.148:32832, 15e1789d-ac2a-4475-abee-a38317121f11:192.168.5.148:43236], old=null at 0
2019-09-09 18:20:34,583 [grpc-default-executor-10] INFO  segmented.SegmentedRaftLogWorker (SegmentedRaftLogWorker.java:startLogSegment(380)) - bc9d40ff-be27-40b6-866f-f71d568af030-SegmentedRaftLogWorker:Storage Directory /workdir/hadoop-ozone/integration-test/target/test-dir/MiniOzoneClusterImpl-95ae6e3b-0d2e-4555-bae3-c8c32225a9eb/datanode-5/data/ratis/272e3354-de38-4197-9c80-dca3d03f97bf: Starting segment from index:0
2019-09-09 18:20:34,583 [grpc-default-executor-4] INFO  segmented.SegmentedRaftLogWorker (SegmentedRaftLogWorker.java:startLogSegment(380)) - 15e1789d-ac2a-4475-abee-a38317121f11-SegmentedRaftLogWorker:Storage Directory /workdir/hadoop-ozone/integration-test/target/test-dir/MiniOzoneClusterImpl-95ae6e3b-0d2e-4555-bae3-c8c32225a9eb/datanode-1/data/ratis/272e3354-de38-4197-9c80-dca3d03f97bf: Starting segment from index:0
2019-09-09 18:20:34,638 [15e1789d-ac2a-4475-abee-a38317121f11-SegmentedRaftLogWorker:Storage Directory /workdir/hadoop-ozone/integration-test/target/test-dir/MiniOzoneClusterImpl-95ae6e3b-0d2e-4555-bae3-c8c32225a9eb/datanode-1/data/ratis/272e3354-de38-4197-9c80-dca3d03f97bf] INFO  segmented.SegmentedRaftLogWorker (SegmentedRaftLogWorker.java:execute(569)) - 15e1789d-ac2a-4475-abee-a38317121f11-SegmentedRaftLogWorker:Storage Directory /workdir/hadoop-ozone/integration-test/target/test-dir/MiniOzoneClusterImpl-95ae6e3b-0d2e-4555-bae3-c8c32225a9eb/datanode-1/data/ratis/272e3354-de38-4197-9c80-dca3d03f97bf: created new log segment /workdir/hadoop-ozone/integration-test/target/test-dir/MiniOzoneClusterImpl-95ae6e3b-0d2e-4555-bae3-c8c32225a9eb/datanode-1/data/ratis/272e3354-de38-4197-9c80-dca3d03f97bf/current/log_inprogress_0
2019-09-09 18:20:34,638 [bc9d40ff-be27-40b6-866f-f71d568af030-SegmentedRaftLogWorker:Storage Directory /workdir/hadoop-ozone/integration-test/target/test-dir/MiniOzoneClusterImpl-95ae6e3b-0d2e-4555-bae3-c8c32225a9eb/datanode-5/data/ratis/272e3354-de38-4197-9c80-dca3d03f97bf] INFO  segmented.SegmentedRaftLogWorker (SegmentedRaftLogWorker.java:execute(569)) - bc9d40ff-be27-40b6-866f-f71d568af030-SegmentedRaftLogWorker:Storage Directory /workdir/hadoop-ozone/integration-test/target/test-dir/MiniOzoneClusterImpl-95ae6e3b-0d2e-4555-bae3-c8c32225a9eb/datanode-5/data/ratis/272e3354-de38-4197-9c80-dca3d03f97bf: created new log segment /workdir/hadoop-ozone/integration-test/target/test-dir/MiniOzoneClusterImpl-95ae6e3b-0d2e-4555-bae3-c8c32225a9eb/datanode-5/data/ratis/272e3354-de38-4197-9c80-dca3d03f97bf/current/log_inprogress_0
2019-09-09 18:20:34,638 [a5b0d3c7-891f-43bc-b910-03bd90504a9e-SegmentedRaftLogWorker:Storage Directory /workdir/hadoop-ozone/integration-test/target/test-dir/MiniOzoneClusterImpl-95ae6e3b-0d2e-4555-bae3-c8c32225a9eb/datanode-2/data/ratis/1a94940f-3bcf-4936-a69c-6aa028d19d8e] INFO  segmented.SegmentedRaftLogWorker (SegmentedRaftLogWorker.java:execute(569)) - a5b0d3c7-891f-43bc-b910-03bd90504a9e-SegmentedRaftLogWorker:Storage Directory /workdir/hadoop-ozone/integration-test/target/test-dir/MiniOzoneClusterImpl-95ae6e3b-0d2e-4555-bae3-c8c32225a9eb/datanode-2/data/ratis/1a94940f-3bcf-4936-a69c-6aa028d19d8e: created new log segment /workdir/hadoop-ozone/integration-test/target/test-dir/MiniOzoneClusterImpl-95ae6e3b-0d2e-4555-bae3-c8c32225a9eb/datanode-2/data/ratis/1a94940f-3bcf-4936-a69c-6aa028d19d8e/current/log_inprogress_0
2019-09-09 18:20:34,638 [20b1fa90-b15b-4994-ae75-85145e91141e-SegmentedRaftLogWorker:Storage Directory /workdir/hadoop-ozone/integration-test/target/test-dir/MiniOzoneClusterImpl-95ae6e3b-0d2e-4555-bae3-c8c32225a9eb/datanode-4/data/ratis/1a94940f-3bcf-4936-a69c-6aa028d19d8e] INFO  segmented.SegmentedRaftLogWorker (SegmentedRaftLogWorker.java:execute(569)) - 20b1fa90-b15b-4994-ae75-85145e91141e-SegmentedRaftLogWorker:Storage Directory /workdir/hadoop-ozone/integration-test/target/test-dir/MiniOzoneClusterImpl-95ae6e3b-0d2e-4555-bae3-c8c32225a9eb/datanode-4/data/ratis/1a94940f-3bcf-4936-a69c-6aa028d19d8e: created new log segment /workdir/hadoop-ozone/integration-test/target/test-dir/MiniOzoneClusterImpl-95ae6e3b-0d2e-4555-bae3-c8c32225a9eb/datanode-4/data/ratis/1a94940f-3bcf-4936-a69c-6aa028d19d8e/current/log_inprogress_0
2019-09-09 18:20:34,638 [74314560-160c-4793-8a97-1d59b2f4bc54-SegmentedRaftLogWorker:Storage Directory /workdir/hadoop-ozone/integration-test/target/test-dir/MiniOzoneClusterImpl-95ae6e3b-0d2e-4555-bae3-c8c32225a9eb/datanode-0/data/ratis/1a94940f-3bcf-4936-a69c-6aa028d19d8e] INFO  segmented.SegmentedRaftLogWorker (SegmentedRaftLogWorker.java:execute(569)) - 74314560-160c-4793-8a97-1d59b2f4bc54-SegmentedRaftLogWorker:Storage Directory /workdir/hadoop-ozone/integration-test/target/test-dir/MiniOzoneClusterImpl-95ae6e3b-0d2e-4555-bae3-c8c32225a9eb/datanode-0/data/ratis/1a94940f-3bcf-4936-a69c-6aa028d19d8e: created new log segment /workdir/hadoop-ozone/integration-test/target/test-dir/MiniOzoneClusterImpl-95ae6e3b-0d2e-4555-bae3-c8c32225a9eb/datanode-0/data/ratis/1a94940f-3bcf-4936-a69c-6aa028d19d8e/current/log_inprogress_0
2019-09-09 18:20:34,638 [af604a16-3132-44f3-9021-2610f5975837-SegmentedRaftLogWorker:Storage Directory /workdir/hadoop-ozone/integration-test/target/test-dir/MiniOzoneClusterImpl-95ae6e3b-0d2e-4555-bae3-c8c32225a9eb/datanode-6/data/ratis/272e3354-de38-4197-9c80-dca3d03f97bf] INFO  segmented.SegmentedRaftLogWorker (SegmentedRaftLogWorker.java:execute(569)) - af604a16-3132-44f3-9021-2610f5975837-SegmentedRaftLogWorker:Storage Directory /workdir/hadoop-ozone/integration-test/target/test-dir/MiniOzoneClusterImpl-95ae6e3b-0d2e-4555-bae3-c8c32225a9eb/datanode-6/data/ratis/272e3354-de38-4197-9c80-dca3d03f97bf: created new log segment /workdir/hadoop-ozone/integration-test/target/test-dir/MiniOzoneClusterImpl-95ae6e3b-0d2e-4555-bae3-c8c32225a9eb/datanode-6/data/ratis/272e3354-de38-4197-9c80-dca3d03f97bf/current/log_inprogress_0
2019-09-09 18:20:35,500 [grpc-default-executor-4] INFO  client.GrpcClientProtocolClient (GrpcClientProtocolClient.java:onNext(255)) - client-BBE0E7E558EB->bc9d40ff-be27-40b6-866f-f71d568af030: receive RaftClientReply:client-BBE0E7E558EB->bc9d40ff-be27-40b6-866f-f71d568af030@group-DCA3D03F97BF, cid=175, FAILED org.apache.ratis.protocol.NotLeaderException: Server bc9d40ff-be27-40b6-866f-f71d568af030 is not the leader (af604a16-3132-44f3-9021-2610f5975837:192.168.5.148:37122). Request must be sent to leader., logIndex=0, commits[bc9d40ff-be27-40b6-866f-f71d568af030:c-1, af604a16-3132-44f3-9021-2610f5975837:c-1, 15e1789d-ac2a-4475-abee-a38317121f11:c-1]
2019-09-09 18:20:35,726 [grpc-default-executor-10] INFO  client.GrpcClientProtocolClient (GrpcClientProtocolClient.java:onNext(255)) - client-BBE0E7E558EB->af604a16-3132-44f3-9021-2610f5975837: receive RaftClientReply:client-BBE0E7E558EB->af604a16-3132-44f3-9021-2610f5975837@group-DCA3D03F97BF, cid=175, SUCCESS, logIndex=1, commits[af604a16-3132-44f3-9021-2610f5975837:c1, bc9d40ff-be27-40b6-866f-f71d568af030:c0, 15e1789d-ac2a-4475-abee-a38317121f11:c0]
2019-09-09 18:20:35,745 [grpc-default-executor-10] INFO  client.GrpcClientProtocolClient (GrpcClientProtocolClient.java:onNext(255)) - client-BBE0E7E558EB->af604a16-3132-44f3-9021-2610f5975837: receive RaftClientReply:client-BBE0E7E558EB->af604a16-3132-44f3-9021-2610f5975837@group-DCA3D03F97BF, cid=176, SUCCESS, logIndex=3, commits[af604a16-3132-44f3-9021-2610f5975837:c4, bc9d40ff-be27-40b6-866f-f71d568af030:c1, 15e1789d-ac2a-4475-abee-a38317121f11:c1]
2019-09-09 18:20:35,821 [grpc-default-executor-10] INFO  client.GrpcClientProtocolClient (GrpcClientProtocolClient.java:onNext(255)) - client-BBE0E7E558EB->af604a16-3132-44f3-9021-2610f5975837: receive RaftClientReply:client-BBE0E7E558EB->af604a16-3132-44f3-9021-2610f5975837@group-DCA3D03F97BF, cid=177, SUCCESS, logIndex=4, commits[af604a16-3132-44f3-9021-2610f5975837:c12, bc9d40ff-be27-40b6-866f-f71d568af030:c7, 15e1789d-ac2a-4475-abee-a38317121f11:c9]
2019-09-09 18:20:35,822 [grpc-default-executor-10] INFO  client.GrpcClientProtocolClient (GrpcClientProtocolClient.java:onNext(255)) - client-BBE0E7E558EB->af604a16-3132-44f3-9021-2610f5975837: receive RaftClientReply:client-BBE0E7E558EB->af604a16-3132-44f3-9021-2610f5975837@group-DCA3D03F97BF, cid=178, SUCCESS, logIndex=5, commits[af604a16-3132-44f3-9021-2610f5975837:c12, bc9d40ff-be27-40b6-866f-f71d568af030:c7, 15e1789d-ac2a-4475-abee-a38317121f11:c9]
2019-09-09 18:20:35,824 [grpc-default-executor-10] INFO  client.GrpcClientProtocolClient (GrpcClientProtocolClient.java:onNext(255)) - client-BBE0E7E558EB->af604a16-3132-44f3-9021-2610f5975837: receive RaftClientReply:client-BBE0E7E558EB->af604a16-3132-44f3-9021-2610f5975837@group-DCA3D03F97BF, cid=179, SUCCESS, logIndex=6, commits[af604a16-3132-44f3-9021-2610f5975837:c12, bc9d40ff-be27-40b6-866f-f71d568af030:c7, 15e1789d-ac2a-4475-abee-a38317121f11:c9]
2019-09-09 18:20:36,012 [grpc-default-executor-10] INFO  client.GrpcClientProtocolClient (GrpcClientProtocolClient.java:onNext(255)) - client-BBE0E7E558EB->af604a16-3132-44f3-9021-2610f5975837: receive RaftClientReply:client-BBE0E7E558EB->af604a16-3132-44f3-9021-2610f5975837@group-DCA3D03F97BF, cid=180, SUCCESS, logIndex=7, commits[af604a16-3132-44f3-9021-2610f5975837:c12, bc9d40ff-be27-40b6-866f-f71d568af030:c7, 15e1789d-ac2a-4475-abee-a38317121f11:c9]
2019-09-09 18:20:36,024 [grpc-default-executor-6] INFO  client.GrpcClientProtocolClient (GrpcClientProtocolClient.java:onNext(255)) - client-BBE0E7E558EB->af604a16-3132-44f3-9021-2610f5975837: receive RaftClientReply:client-BBE0E7E558EB->af604a16-3132-44f3-9021-2610f5975837@group-DCA3D03F97BF, cid=181, SUCCESS, logIndex=13, commits[af604a16-3132-44f3-9021-2610f5975837:c14, bc9d40ff-be27-40b6-866f-f71d568af030:c12, 15e1789d-ac2a-4475-abee-a38317121f11:c12]
2019-09-09 18:20:36,027 [grpc-default-executor-6] INFO  client.GrpcClientProtocolClient (GrpcClientProtocolClient.java:onNext(255)) - client-BBE0E7E558EB->af604a16-3132-44f3-9021-2610f5975837: receive RaftClientReply:client-BBE0E7E558EB->af604a16-3132-44f3-9021-2610f5975837@group-DCA3D03F97BF, cid=182, SUCCESS, logIndex=14, commits[af604a16-3132-44f3-9021-2610f5975837:c14, bc9d40ff-be27-40b6-866f-f71d568af030:c12, 15e1789d-ac2a-4475-abee-a38317121f11:c12]
2019-09-09 18:20:36,034 [grpc-default-executor-6] INFO  client.GrpcClientProtocolClient (GrpcClientProtocolClient.java:onNext(255)) - client-BBE0E7E558EB->af604a16-3132-44f3-9021-2610f5975837: receive RaftClientReply:client-BBE0E7E558EB->af604a16-3132-44f3-9021-2610f5975837@group-DCA3D03F97BF, cid=183, SUCCESS, logIndex=0, commits[af604a16-3132-44f3-9021-2610f5975837:c16, bc9d40ff-be27-40b6-866f-f71d568af030:c14, 15e1789d-ac2a-4475-abee-a38317121f11:c14]
2019-09-09 18:20:36,708 [Datanode State Machine Thread - 0] INFO  statemachine.DatanodeStateMachine (DatanodeStateMachine.java:lambda$startDaemon$0(350)) - Ozone container server started.
2019-09-09 18:20:40,792 [EventQueue-StaleNodeForStaleNodeHandler] INFO  node.StaleNodeHandler (StaleNodeHandler.java:onMessage(58)) - Datanode af604a16-3132-44f3-9021-2610f5975837{ip: 192.168.5.148, host: pr-hdds-2076-trb5z-849201047, networkLocation: /default-rack, certSerialId: null} moved to stale state. Finalizing its pipelines [PipelineID=1e9389f0-7c81-43ef-b919-92a5fee4e284, PipelineID=272e3354-de38-4197-9c80-dca3d03f97bf]
2019-09-09 18:20:40,793 [EventQueue-StaleNodeForStaleNodeHandler] INFO  pipeline.SCMPipelineManager (SCMPipelineManager.java:finalizeAndDestroyPipeline(311)) - destroying pipeline:Pipeline[ Id: 1e9389f0-7c81-43ef-b919-92a5fee4e284, Nodes: af604a16-3132-44f3-9021-2610f5975837{ip: 192.168.5.148, host: pr-hdds-2076-trb5z-849201047, networkLocation: /default-rack, certSerialId: null}, Type:RATIS, Factor:ONE, State:OPEN]
2019-09-09 18:20:40,793 [EventQueue-StaleNodeForStaleNodeHandler] INFO  pipeline.PipelineStateManager (PipelineStateManager.java:finalizePipeline(123)) - Pipeline Pipeline[ Id: 1e9389f0-7c81-43ef-b919-92a5fee4e284, Nodes: af604a16-3132-44f3-9021-2610f5975837{ip: 192.168.5.148, host: pr-hdds-2076-trb5z-849201047, networkLocation: /default-rack, certSerialId: null}, Type:RATIS, Factor:ONE, State:CLOSED] moved to CLOSED state
2019-09-09 18:20:40,794 [EventQueue-StaleNodeForStaleNodeHandler] INFO  pipeline.SCMPipelineManager (SCMPipelineManager.java:finalizeAndDestroyPipeline(311)) - destroying pipeline:Pipeline[ Id: 272e3354-de38-4197-9c80-dca3d03f97bf, Nodes: af604a16-3132-44f3-9021-2610f5975837{ip: 192.168.5.148, host: pr-hdds-2076-trb5z-849201047, networkLocation: /default-rack, certSerialId: null}bc9d40ff-be27-40b6-866f-f71d568af030{ip: 192.168.5.148, host: pr-hdds-2076-trb5z-849201047, networkLocation: /default-rack, certSerialId: null}15e1789d-ac2a-4475-abee-a38317121f11{ip: 192.168.5.148, host: pr-hdds-2076-trb5z-849201047, networkLocation: /default-rack, certSerialId: null}, Type:RATIS, Factor:THREE, State:OPEN]
2019-09-09 18:20:40,794 [EventQueue-StaleNodeForStaleNodeHandler] INFO  pipeline.PipelineStateManager (PipelineStateManager.java:finalizePipeline(123)) - Pipeline Pipeline[ Id: 272e3354-de38-4197-9c80-dca3d03f97bf, Nodes: af604a16-3132-44f3-9021-2610f5975837{ip: 192.168.5.148, host: pr-hdds-2076-trb5z-849201047, networkLocation: /default-rack, certSerialId: null}bc9d40ff-be27-40b6-866f-f71d568af030{ip: 192.168.5.148, host: pr-hdds-2076-trb5z-849201047, networkLocation: /default-rack, certSerialId: null}15e1789d-ac2a-4475-abee-a38317121f11{ip: 192.168.5.148, host: pr-hdds-2076-trb5z-849201047, networkLocation: /default-rack, certSerialId: null}, Type:RATIS, Factor:THREE, State:CLOSED] moved to CLOSED state
2019-09-09 18:20:40,794 [EventQueue-CloseContainerForCloseContainerEventHandler] INFO  container.CloseContainerEventHandler (CloseContainerEventHandler.java:onMessage(61)) - Close container Event triggered for container : #1
2019-09-09 18:20:41,036 [main] INFO  ozoneimpl.OzoneContainer (OzoneContainer.java:stop(230)) - Attempting to stop container services.
2019-09-09 18:20:41,037 [main] INFO  impl.RaftServerProxy (RaftServerProxy.java:lambda$close$4(314)) - af604a16-3132-44f3-9021-2610f5975837: close
2019-09-09 18:20:41,037 [main] INFO  impl.RaftServerImpl (RaftServerImpl.java:lambda$shutdown$3(245)) - af604a16-3132-44f3-9021-2610f5975837: shutdown group-92A5FEE4E284
2019-09-09 18:20:41,038 [main] INFO  util.JmxRegister (JmxRegister.java:unregister(73)) - Successfully un-registered JMX Bean with object name Ratis:service=RaftServer,group=group-92A5FEE4E284,id=af604a16-3132-44f3-9021-2610f5975837
2019-09-09 18:20:41,039 [main] INFO  impl.RoleInfo (RoleInfo.java:shutdownLeaderState(104)) - af604a16-3132-44f3-9021-2610f5975837: shutdown LeaderState
2019-09-09 18:20:41,039 [main] INFO  impl.PendingRequests (PendingRequests.java:sendNotLeaderResponses(202)) - af604a16-3132-44f3-9021-2610f5975837-PendingRequests: sendNotLeaderResponses
2019-09-09 18:20:41,039 [main] INFO  impl.StateMachineUpdater (StateMachineUpdater.java:stopAndJoin(115)) - StateMachineUpdater:af604a16-3132-44f3-9021-2610f5975837:group-92A5FEE4E284: set stopIndex = 0
2019-09-09 18:20:41,040 [main] INFO  impl.RaftServerImpl (ServerState.java:close(394)) - af604a16-3132-44f3-9021-2610f5975837:group-92A5FEE4E284 closes. The last applied log index is 0
2019-09-09 18:20:41,040 [af604a16-3132-44f3-9021-2610f5975837-SegmentedRaftLogWorker:Storage Directory /workdir/hadoop-ozone/integration-test/target/test-dir/MiniOzoneClusterImpl-95ae6e3b-0d2e-4555-bae3-c8c32225a9eb/datanode-6/data/ratis/1e9389f0-7c81-43ef-b919-92a5fee4e284] INFO  segmented.SegmentedRaftLogWorker (SegmentedRaftLogWorker.java:run(313)) - af604a16-3132-44f3-9021-2610f5975837-SegmentedRaftLogWorker:Storage Directory /workdir/hadoop-ozone/integration-test/target/test-dir/MiniOzoneClusterImpl-95ae6e3b-0d2e-4555-bae3-c8c32225a9eb/datanode-6/data/ratis/1e9389f0-7c81-43ef-b919-92a5fee4e284 was interrupted, exiting. There are 0 tasks remaining in the queue.
2019-09-09 18:20:41,043 [main] INFO  segmented.SegmentedRaftLogWorker (SegmentedRaftLogWorker.java:close(228)) - af604a16-3132-44f3-9021-2610f5975837-SegmentedRaftLogWorker:Storage Directory /workdir/hadoop-ozone/integration-test/target/test-dir/MiniOzoneClusterImpl-95ae6e3b-0d2e-4555-bae3-c8c32225a9eb/datanode-6/data/ratis/1e9389f0-7c81-43ef-b919-92a5fee4e284 close()
2019-09-09 18:20:41,048 [main] INFO  impl.RaftServerImpl (RaftServerImpl.java:lambda$shutdown$3(245)) - af604a16-3132-44f3-9021-2610f5975837: shutdown group-DCA3D03F97BF
2019-09-09 18:20:41,048 [main] INFO  util.JmxRegister (JmxRegister.java:unregister(73)) - Successfully un-registered JMX Bean with object name Ratis:service=RaftServer,group=group-DCA3D03F97BF,id=af604a16-3132-44f3-9021-2610f5975837
2019-09-09 18:20:41,049 [main] INFO  impl.RoleInfo (RoleInfo.java:shutdownLeaderState(104)) - af604a16-3132-44f3-9021-2610f5975837: shutdown LeaderState
2019-09-09 18:20:41,053 [main] INFO  impl.PendingRequests (PendingRequests.java:sendNotLeaderResponses(202)) - af604a16-3132-44f3-9021-2610f5975837-PendingRequests: sendNotLeaderResponses
2019-09-09 18:20:41,053 [org.apache.ratis.server.impl.LogAppender$AppenderDaemon$$Lambda$508/2144162701@44dd740e] WARN  server.GrpcLogAppender (GrpcLogAppender.java:mayWait(143)) - GrpcLogAppender(af604a16-3132-44f3-9021-2610f5975837->15e1789d-ac2a-4475-abee-a38317121f11): Wait interrupted by java.lang.InterruptedException
2019-09-09 18:20:41,053 [org.apache.ratis.server.impl.LogAppender$AppenderDaemon$$Lambda$508/2144162701@1dffa51] WARN  server.GrpcLogAppender (GrpcLogAppender.java:mayWait(143)) - GrpcLogAppender(af604a16-3132-44f3-9021-2610f5975837->bc9d40ff-be27-40b6-866f-f71d568af030): Wait interrupted by java.lang.InterruptedException
2019-09-09 18:20:41,060 [main] INFO  impl.StateMachineUpdater (StateMachineUpdater.java:stopAndJoin(115)) - StateMachineUpdater:af604a16-3132-44f3-9021-2610f5975837:group-DCA3D03F97BF: set stopIndex = 16
2019-09-09 18:20:41,060 [StateMachineUpdater:af604a16-3132-44f3-9021-2610f5975837:group-DCA3D03F97BF] INFO  ratis.ContainerStateMachine (ContainerStateMachine.java:takeSnapshot(284)) - group-DCA3D03F97BF: Taking a snapshot at:(t:2, i:14) file /workdir/hadoop-ozone/integration-test/target/test-dir/MiniOzoneClusterImpl-95ae6e3b-0d2e-4555-bae3-c8c32225a9eb/datanode-6/data/ratis/272e3354-de38-4197-9c80-dca3d03f97bf/sm/snapshot.2_14
2019-09-09 18:20:41,060 [grpc-default-executor-10] INFO  server.GrpcServerProtocolService (GrpcServerProtocolService.java:onCompleted(104)) - 15e1789d-ac2a-4475-abee-a38317121f11: appendEntries completed
2019-09-09 18:20:41,061 [grpc-default-executor-6] INFO  server.GrpcServerProtocolService (GrpcServerProtocolService.java:onCompleted(104)) - bc9d40ff-be27-40b6-866f-f71d568af030: appendEntries completed
2019-09-09 18:20:41,061 [grpc-default-executor-10] INFO  server.GrpcLogAppender (GrpcLogAppender.java:onCompleted(292)) - af604a16-3132-44f3-9021-2610f5975837->15e1789d-ac2a-4475-abee-a38317121f11: follower responses appendEntries COMPLETED
2019-09-09 18:20:41,061 [grpc-default-executor-4] INFO  server.GrpcLogAppender (GrpcLogAppender.java:onCompleted(292)) - af604a16-3132-44f3-9021-2610f5975837->bc9d40ff-be27-40b6-866f-f71d568af030: follower responses appendEntries COMPLETED
2019-09-09 18:20:41,061 [grpc-default-executor-10] INFO  impl.FollowerInfo (FollowerInfo.java:lambda$new$0(50)) - af604a16-3132-44f3-9021-2610f5975837->15e1789d-ac2a-4475-abee-a38317121f11: nextIndex: updateUnconditionally 17 -> 16
2019-09-09 18:20:41,062 [grpc-default-executor-4] INFO  impl.FollowerInfo (FollowerInfo.java:lambda$new$0(50)) - af604a16-3132-44f3-9021-2610f5975837->bc9d40ff-be27-40b6-866f-f71d568af030: nextIndex: updateUnconditionally 17 -> 16
2019-09-09 18:20:41,101 [StateMachineUpdater:af604a16-3132-44f3-9021-2610f5975837:group-DCA3D03F97BF] INFO  ratis.ContainerStateMachine (ContainerStateMachine.java:takeSnapshot(295)) - group-DCA3D03F97BF: Finished taking a snapshot at:(t:2, i:14) file:/workdir/hadoop-ozone/integration-test/target/test-dir/MiniOzoneClusterImpl-95ae6e3b-0d2e-4555-bae3-c8c32225a9eb/datanode-6/data/ratis/272e3354-de38-4197-9c80-dca3d03f97bf/sm/snapshot.2_14 time:41
2019-09-09 18:20:41,102 [StateMachineUpdater:af604a16-3132-44f3-9021-2610f5975837:group-DCA3D03F97BF] INFO  impl.StateMachineUpdater (StateMachineUpdater.java:takeSnapshot(242)) - StateMachineUpdater:af604a16-3132-44f3-9021-2610f5975837:group-DCA3D03F97BF: Took a snapshot at index 14
2019-09-09 18:20:41,102 [StateMachineUpdater:af604a16-3132-44f3-9021-2610f5975837:group-DCA3D03F97BF] INFO  impl.StateMachineUpdater (StateMachineUpdater.java:lambda$new$0(80)) - StateMachineUpdater:af604a16-3132-44f3-9021-2610f5975837:group-DCA3D03F97BF: snapshotIndex: updateIncreasingly -1 -> 14
2019-09-09 18:20:41,102 [main] INFO  impl.RaftServerImpl (ServerState.java:close(394)) - af604a16-3132-44f3-9021-2610f5975837:group-DCA3D03F97BF closes. The last applied log index is 16
2019-09-09 18:20:41,103 [af604a16-3132-44f3-9021-2610f5975837-SegmentedRaftLogWorker:Storage Directory /workdir/hadoop-ozone/integration-test/target/test-dir/MiniOzoneClusterImpl-95ae6e3b-0d2e-4555-bae3-c8c32225a9eb/datanode-6/data/ratis/272e3354-de38-4197-9c80-dca3d03f97bf] INFO  segmented.SegmentedRaftLogWorker (SegmentedRaftLogWorker.java:run(313)) - af604a16-3132-44f3-9021-2610f5975837-SegmentedRaftLogWorker:Storage Directory /workdir/hadoop-ozone/integration-test/target/test-dir/MiniOzoneClusterImpl-95ae6e3b-0d2e-4555-bae3-c8c32225a9eb/datanode-6/data/ratis/272e3354-de38-4197-9c80-dca3d03f97bf was interrupted, exiting. There are 0 tasks remaining in the queue.
2019-09-09 18:20:41,107 [main] INFO  segmented.SegmentedRaftLogWorker (SegmentedRaftLogWorker.java:close(228)) - af604a16-3132-44f3-9021-2610f5975837-SegmentedRaftLogWorker:Storage Directory /workdir/hadoop-ozone/integration-test/target/test-dir/MiniOzoneClusterImpl-95ae6e3b-0d2e-4555-bae3-c8c32225a9eb/datanode-6/data/ratis/272e3354-de38-4197-9c80-dca3d03f97bf close()
2019-09-09 18:20:41,113 [main] INFO  server.GrpcService (GrpcService.java:closeImpl(155)) - af604a16-3132-44f3-9021-2610f5975837: shutdown server with port 37122 now
2019-09-09 18:20:41,114 [grpc-default-executor-6] WARN  client.GrpcClientProtocolService (LogUtils.java:warn(134)) - 5-UnorderedRequestStreamObserver5: onError: org.apache.ratis.thirdparty.io.grpc.StatusRuntimeException: CANCELLED: cancelled before receiving half close
2019-09-09 18:20:41,114 [main] INFO  server.GrpcService (GrpcService.java:closeImpl(163)) - af604a16-3132-44f3-9021-2610f5975837: shutdown server with port 37122 successfully
2019-09-09 18:20:41,116 [refreshUsed-/workdir/hadoop-ozone/integration-test/target/test-dir/MiniOzoneClusterImpl-95ae6e3b-0d2e-4555-bae3-c8c32225a9eb/datanode-6/data/containers] WARN  fs.CachingGetSpaceUsed (CachingGetSpaceUsed.java:run(183)) - Thread Interrupted waiting to refresh disk information: sleep interrupted
2019-09-09 18:20:41,143 [main] INFO  utils.BackgroundService (BackgroundService.java:shutdown(148)) - Shutting down service BlockDeletingService
2019-09-09 18:20:41,152 [main] INFO  statemachine.DatanodeStateMachine (DatanodeStateMachine.java:stopDaemon(395)) - Ozone container server stopped.
2019-09-09 18:20:41,154 [main] INFO  handler.ContextHandler (ContextHandler.java:doStop(910)) - Stopped o.e.j.w.WebAppContext@255d9277{/,null,UNAVAILABLE}{/hddsDatanode}
2019-09-09 18:20:41,157 [main] INFO  server.AbstractConnector (AbstractConnector.java:doStop(318)) - Stopped ServerConnector@1de13f34{HTTP/1.1,[http/1.1]}{0.0.0.0:0}
2019-09-09 18:20:41,157 [main] INFO  handler.ContextHandler (ContextHandler.java:doStop(910)) - Stopped o.e.j.s.ServletContextHandler@76a362a4{/static,jar:file:/home/user/.m2/repository/org/apache/hadoop/hadoop-hdds-container-service/0.5.0-SNAPSHOT/hadoop-hdds-container-service-0.5.0-SNAPSHOT.jar!/webapps/static,UNAVAILABLE}
2019-09-09 18:20:41,158 [main] INFO  handler.ContextHandler (ContextHandler.java:doStop(910)) - Stopped o.e.j.s.ServletContextHandler@106c988{/logs,file:///workdir/hadoop-ozone/integration-test/target/log,UNAVAILABLE}
2019-09-09 18:20:43,171 [grpc-default-executor-6] INFO  client.GrpcClientProtocolClient (GrpcClientProtocolClient.java:onNext(255)) - client-BBE0E7E558EB->bc9d40ff-be27-40b6-866f-f71d568af030: receive RaftClientReply:client-BBE0E7E558EB->bc9d40ff-be27-40b6-866f-f71d568af030@group-DCA3D03F97BF, cid=184, FAILED org.apache.ratis.protocol.NotLeaderException: Server bc9d40ff-be27-40b6-866f-f71d568af030 is not the leader (af604a16-3132-44f3-9021-2610f5975837:192.168.5.148:37122). Request must be sent to leader., logIndex=0, commits[bc9d40ff-be27-40b6-866f-f71d568af030:c16, af604a16-3132-44f3-9021-2610f5975837:c16, 15e1789d-ac2a-4475-abee-a38317121f11:c16]
2019-09-09 18:20:44,182 [grpc-default-executor-10] INFO  client.GrpcClientProtocolClient (GrpcClientProtocolClient.java:onNext(255)) - client-BBE0E7E558EB->bc9d40ff-be27-40b6-866f-f71d568af030: receive RaftClientReply:client-BBE0E7E558EB->bc9d40ff-be27-40b6-866f-f71d568af030@group-DCA3D03F97BF, cid=184, FAILED org.apache.ratis.protocol.NotLeaderException: Server bc9d40ff-be27-40b6-866f-f71d568af030 is not the leader (af604a16-3132-44f3-9021-2610f5975837:192.168.5.148:37122). Request must be sent to leader., logIndex=0, commits[bc9d40ff-be27-40b6-866f-f71d568af030:c16, af604a16-3132-44f3-9021-2610f5975837:c16, 15e1789d-ac2a-4475-abee-a38317121f11:c16]
2019-09-09 18:20:45,196 [grpc-default-executor-6] INFO  client.GrpcClientProtocolClient (GrpcClientProtocolClient.java:onNext(255)) - client-BBE0E7E558EB->bc9d40ff-be27-40b6-866f-f71d568af030: receive RaftClientReply:client-BBE0E7E558EB->bc9d40ff-be27-40b6-866f-f71d568af030@group-DCA3D03F97BF, cid=184, FAILED org.apache.ratis.protocol.NotLeaderException: Server bc9d40ff-be27-40b6-866f-f71d568af030 is not the leader (af604a16-3132-44f3-9021-2610f5975837:192.168.5.148:37122). Request must be sent to leader., logIndex=0, commits[bc9d40ff-be27-40b6-866f-f71d568af030:c16, af604a16-3132-44f3-9021-2610f5975837:c16, 15e1789d-ac2a-4475-abee-a38317121f11:c16]
2019-09-09 18:20:46,209 [grpc-default-executor-6] INFO  client.GrpcClientProtocolClient (GrpcClientProtocolClient.java:onNext(255)) - client-BBE0E7E558EB->15e1789d-ac2a-4475-abee-a38317121f11: receive RaftClientReply:client-BBE0E7E558EB->15e1789d-ac2a-4475-abee-a38317121f11@group-DCA3D03F97BF, cid=184, FAILED org.apache.ratis.protocol.NotLeaderException: Server 15e1789d-ac2a-4475-abee-a38317121f11 is not the leader (af604a16-3132-44f3-9021-2610f5975837:192.168.5.148:37122). Request must be sent to leader., logIndex=0, commits[15e1789d-ac2a-4475-abee-a38317121f11:c16, af604a16-3132-44f3-9021-2610f5975837:c16, bc9d40ff-be27-40b6-866f-f71d568af030:c16]
2019-09-09 18:20:47,222 [grpc-default-executor-4] INFO  client.GrpcClientProtocolClient (GrpcClientProtocolClient.java:onNext(255)) - client-BBE0E7E558EB->15e1789d-ac2a-4475-abee-a38317121f11: receive RaftClientReply:client-BBE0E7E558EB->15e1789d-ac2a-4475-abee-a38317121f11@group-DCA3D03F97BF, cid=184, FAILED org.apache.ratis.protocol.NotLeaderException: Server 15e1789d-ac2a-4475-abee-a38317121f11 is not the leader (af604a16-3132-44f3-9021-2610f5975837:192.168.5.148:37122). Request must be sent to leader., logIndex=0, commits[15e1789d-ac2a-4475-abee-a38317121f11:c16, af604a16-3132-44f3-9021-2610f5975837:c16, bc9d40ff-be27-40b6-866f-f71d568af030:c16]
2019-09-09 18:20:48,235 [grpc-default-executor-4] INFO  client.GrpcClientProtocolClient (GrpcClientProtocolClient.java:onNext(255)) - client-BBE0E7E558EB->15e1789d-ac2a-4475-abee-a38317121f11: receive RaftClientReply:client-BBE0E7E558EB->15e1789d-ac2a-4475-abee-a38317121f11@group-DCA3D03F97BF, cid=184, FAILED org.apache.ratis.protocol.NotLeaderException: Server 15e1789d-ac2a-4475-abee-a38317121f11 is not the leader (af604a16-3132-44f3-9021-2610f5975837:192.168.5.148:37122). Request must be sent to leader., logIndex=0, commits[15e1789d-ac2a-4475-abee-a38317121f11:c16, af604a16-3132-44f3-9021-2610f5975837:c16, bc9d40ff-be27-40b6-866f-f71d568af030:c16]
2019-09-09 18:20:49,250 [grpc-default-executor-6] INFO  client.GrpcClientProtocolClient (GrpcClientProtocolClient.java:onNext(255)) - client-BBE0E7E558EB->bc9d40ff-be27-40b6-866f-f71d568af030: receive RaftClientReply:client-BBE0E7E558EB->bc9d40ff-be27-40b6-866f-f71d568af030@group-DCA3D03F97BF, cid=184, FAILED org.apache.ratis.protocol.NotLeaderException: Server bc9d40ff-be27-40b6-866f-f71d568af030 is not the leader (af604a16-3132-44f3-9021-2610f5975837:192.168.5.148:37122). Request must be sent to leader., logIndex=0, commits[bc9d40ff-be27-40b6-866f-f71d568af030:c16, af604a16-3132-44f3-9021-2610f5975837:c16, 15e1789d-ac2a-4475-abee-a38317121f11:c16]
2019-09-09 18:20:49,767 [Thread-3399] INFO  impl.FollowerState (FollowerState.java:run(106)) - 15e1789d-ac2a-4475-abee-a38317121f11:group-DCA3D03F97BF changes to CANDIDATE, lastRpcTime:8736, electionTimeout:5044ms
2019-09-09 18:20:49,767 [Thread-3399] INFO  impl.RoleInfo (RoleInfo.java:shutdownFollowerState(121)) - 15e1789d-ac2a-4475-abee-a38317121f11: shutdown FollowerState
2019-09-09 18:20:49,768 [Thread-3399] INFO  impl.RaftServerImpl (RaftServerImpl.java:setRole(171)) - 15e1789d-ac2a-4475-abee-a38317121f11:group-DCA3D03F97BF changes role from FOLLOWER to CANDIDATE at term 2 for changeToCandidate
2019-09-09 18:20:49,768 [Thread-3399] INFO  impl.RoleInfo (RoleInfo.java:updateAndGet(143)) - 15e1789d-ac2a-4475-abee-a38317121f11: start LeaderElection
2019-09-09 18:20:49,782 [15e1789d-ac2a-4475-abee-a38317121f11:group-DCA3D03F97BF:LeaderElection70] INFO  impl.RaftServerImpl (ServerState.java:setLeader(263)) - 15e1789d-ac2a-4475-abee-a38317121f11:group-DCA3D03F97BF change Leader from af604a16-3132-44f3-9021-2610f5975837 to null at term 2 for initElection
2019-09-09 18:20:49,821 [15e1789d-ac2a-4475-abee-a38317121f11:group-DCA3D03F97BF:LeaderElection70] INFO  impl.LeaderElection (LeaderElection.java:askForVotes(181)) - 15e1789d-ac2a-4475-abee-a38317121f11:group-DCA3D03F97BF:LeaderElection70: begin an election at term 3 for 0: [af604a16-3132-44f3-9021-2610f5975837:192.168.5.148:37122, bc9d40ff-be27-40b6-866f-f71d568af030:192.168.5.148:32832, 15e1789d-ac2a-4475-abee-a38317121f11:192.168.5.148:43236], old=null
2019-09-09 18:20:49,823 [15e1789d-ac2a-4475-abee-a38317121f11:group-DCA3D03F97BF:LeaderElection70] INFO  impl.LeaderElection (LogUtils.java:infoOrTrace(149)) - 15e1789d-ac2a-4475-abee-a38317121f11:group-DCA3D03F97BF:LeaderElection70 got exception when requesting votes: {}
java.util.concurrent.ExecutionException: org.apache.ratis.thirdparty.io.grpc.StatusRuntimeException: UNAVAILABLE: io exception
	at java.util.concurrent.FutureTask.report(FutureTask.java:122)
	at java.util.concurrent.FutureTask.get(FutureTask.java:192)
	at org.apache.ratis.server.impl.LeaderElection.waitForResults(LeaderElection.java:262)
	at org.apache.ratis.server.impl.LeaderElection.askForVotes(LeaderElection.java:200)
	at org.apache.ratis.server.impl.LeaderElection.run(LeaderElection.java:130)
	at java.lang.Thread.run(Thread.java:748)
Caused by: org.apache.ratis.thirdparty.io.grpc.StatusRuntimeException: UNAVAILABLE: io exception
	at org.apache.ratis.thirdparty.io.grpc.stub.ClientCalls.toStatusRuntimeException(ClientCalls.java:233)
	at org.apache.ratis.thirdparty.io.grpc.stub.ClientCalls.getUnchecked(ClientCalls.java:214)
	at org.apache.ratis.thirdparty.io.grpc.stub.ClientCalls.blockingUnaryCall(ClientCalls.java:139)
	at org.apache.ratis.proto.grpc.RaftServerProtocolServiceGrpc$RaftServerProtocolServiceBlockingStub.requestVote(RaftServerProtocolServiceGrpc.java:265)
	at org.apache.ratis.grpc.server.GrpcServerProtocolClient.requestVote(GrpcServerProtocolClient.java:83)
	at org.apache.ratis.grpc.server.GrpcService.requestVote(GrpcService.java:195)
	at org.apache.ratis.server.impl.LeaderElection.lambda$submitRequests$1(LeaderElection.java:237)
	at java.util.concurrent.FutureTask.run(FutureTask.java:266)
	at java.util.concurrent.Executors$RunnableAdapter.call(Executors.java:511)
	at java.util.concurrent.FutureTask.run(FutureTask.java:266)
	at java.util.concurrent.ThreadPoolExecutor.runWorker(ThreadPoolExecutor.java:1149)
	at java.util.concurrent.ThreadPoolExecutor$Worker.run(ThreadPoolExecutor.java:624)
	... 1 more
Caused by: org.apache.ratis.thirdparty.io.netty.channel.AbstractChannel$AnnotatedConnectException: Connection refused: /192.168.5.148:37122
	at sun.nio.ch.SocketChannelImpl.checkConnect(Native Method)
	at sun.nio.ch.SocketChannelImpl.finishConnect(SocketChannelImpl.java:717)
	at org.apache.ratis.thirdparty.io.netty.channel.socket.nio.NioSocketChannel.doFinishConnect(NioSocketChannel.java:327)
	at org.apache.ratis.thirdparty.io.netty.channel.nio.AbstractNioChannel$AbstractNioUnsafe.finishConnect(AbstractNioChannel.java:340)
	at org.apache.ratis.thirdparty.io.netty.channel.nio.NioEventLoop.processSelectedKey(NioEventLoop.java:632)
	at org.apache.ratis.thirdparty.io.netty.channel.nio.NioEventLoop.processSelectedKeysOptimized(NioEventLoop.java:579)
	at org.apache.ratis.thirdparty.io.netty.channel.nio.NioEventLoop.processSelectedKeys(NioEventLoop.java:496)
	at org.apache.ratis.thirdparty.io.netty.channel.nio.NioEventLoop.run(NioEventLoop.java:458)
	at org.apache.ratis.thirdparty.io.netty.util.concurrent.SingleThreadEventExecutor$5.run(SingleThreadEventExecutor.java:897)
	at org.apache.ratis.thirdparty.io.netty.util.concurrent.FastThreadLocalRunnable.run(FastThreadLocalRunnable.java:30)
	... 1 more
Caused by: java.net.ConnectException: Connection refused
	... 11 more
2019-09-09 18:20:49,840 [grpc-default-executor-6] INFO  impl.RaftServerImpl (ServerState.java:setLeader(263)) - bc9d40ff-be27-40b6-866f-f71d568af030:group-DCA3D03F97BF change Leader from af604a16-3132-44f3-9021-2610f5975837 to null at term 3 for updateCurrentTerm
2019-09-09 18:20:49,840 [grpc-default-executor-6] INFO  impl.RaftServerImpl (RaftServerImpl.java:setRole(171)) - bc9d40ff-be27-40b6-866f-f71d568af030:group-DCA3D03F97BF changes role from FOLLOWER to FOLLOWER at term 3 for recognizeCandidate:15e1789d-ac2a-4475-abee-a38317121f11
2019-09-09 18:20:49,841 [grpc-default-executor-6] INFO  impl.RoleInfo (RoleInfo.java:shutdownFollowerState(121)) - bc9d40ff-be27-40b6-866f-f71d568af030: shutdown FollowerState
2019-09-09 18:20:49,841 [grpc-default-executor-6] INFO  impl.RoleInfo (RoleInfo.java:updateAndGet(143)) - bc9d40ff-be27-40b6-866f-f71d568af030: start FollowerState
2019-09-09 18:20:49,841 [Thread-3400] INFO  impl.FollowerState (FollowerState.java:run(114)) - bc9d40ff-be27-40b6-866f-f71d568af030: FollowerState was interrupted: java.lang.InterruptedException: sleep interrupted
2019-09-09 18:20:49,867 [15e1789d-ac2a-4475-abee-a38317121f11:group-DCA3D03F97BF:LeaderElection70] INFO  impl.LeaderElection (LeaderElection.java:logAndReturn(56)) - 15e1789d-ac2a-4475-abee-a38317121f11:group-DCA3D03F97BF:LeaderElection70: Election PASSED; received 1 response(s) [15e1789d-ac2a-4475-abee-a38317121f11<-bc9d40ff-be27-40b6-866f-f71d568af030#0:OK-t3] and 1 exception(s); 15e1789d-ac2a-4475-abee-a38317121f11:t3, leader=null, voted=15e1789d-ac2a-4475-abee-a38317121f11, raftlog=15e1789d-ac2a-4475-abee-a38317121f11-SegmentedRaftLog:OPENED:c16,f16,i16, conf=0: [af604a16-3132-44f3-9021-2610f5975837:192.168.5.148:37122, bc9d40ff-be27-40b6-866f-f71d568af030:192.168.5.148:32832, 15e1789d-ac2a-4475-abee-a38317121f11:192.168.5.148:43236], old=null
2019-09-09 18:20:49,867 [15e1789d-ac2a-4475-abee-a38317121f11:group-DCA3D03F97BF:LeaderElection70] INFO  impl.LeaderElection (LogUtils.java:infoOrTrace(149)) -   Exception 0: {}
java.util.concurrent.ExecutionException: org.apache.ratis.thirdparty.io.grpc.StatusRuntimeException: UNAVAILABLE: io exception
	at java.util.concurrent.FutureTask.report(FutureTask.java:122)
	at java.util.concurrent.FutureTask.get(FutureTask.java:192)
	at org.apache.ratis.server.impl.LeaderElection.waitForResults(LeaderElection.java:262)
	at org.apache.ratis.server.impl.LeaderElection.askForVotes(LeaderElection.java:200)
	at org.apache.ratis.server.impl.LeaderElection.run(LeaderElection.java:130)
	at java.lang.Thread.run(Thread.java:748)
Caused by: org.apache.ratis.thirdparty.io.grpc.StatusRuntimeException: UNAVAILABLE: io exception
	at org.apache.ratis.thirdparty.io.grpc.stub.ClientCalls.toStatusRuntimeException(ClientCalls.java:233)
	at org.apache.ratis.thirdparty.io.grpc.stub.ClientCalls.getUnchecked(ClientCalls.java:214)
	at org.apache.ratis.thirdparty.io.grpc.stub.ClientCalls.blockingUnaryCall(ClientCalls.java:139)
	at org.apache.ratis.proto.grpc.RaftServerProtocolServiceGrpc$RaftServerProtocolServiceBlockingStub.requestVote(RaftServerProtocolServiceGrpc.java:265)
	at org.apache.ratis.grpc.server.GrpcServerProtocolClient.requestVote(GrpcServerProtocolClient.java:83)
	at org.apache.ratis.grpc.server.GrpcService.requestVote(GrpcService.java:195)
	at org.apache.ratis.server.impl.LeaderElection.lambda$submitRequests$1(LeaderElection.java:237)
	at java.util.concurrent.FutureTask.run(FutureTask.java:266)
	at java.util.concurrent.Executors$RunnableAdapter.call(Executors.java:511)
	at java.util.concurrent.FutureTask.run(FutureTask.java:266)
	at java.util.concurrent.ThreadPoolExecutor.runWorker(ThreadPoolExecutor.java:1149)
	at java.util.concurrent.ThreadPoolExecutor$Worker.run(ThreadPoolExecutor.java:624)
	... 1 more
Caused by: org.apache.ratis.thirdparty.io.netty.channel.AbstractChannel$AnnotatedConnectException: Connection refused: /192.168.5.148:37122
	at sun.nio.ch.SocketChannelImpl.checkConnect(Native Method)
	at sun.nio.ch.SocketChannelImpl.finishConnect(SocketChannelImpl.java:717)
	at org.apache.ratis.thirdparty.io.netty.channel.socket.nio.NioSocketChannel.doFinishConnect(NioSocketChannel.java:327)
	at org.apache.ratis.thirdparty.io.netty.channel.nio.AbstractNioChannel$AbstractNioUnsafe.finishConnect(AbstractNioChannel.java:340)
	at org.apache.ratis.thirdparty.io.netty.channel.nio.NioEventLoop.processSelectedKey(NioEventLoop.java:632)
	at org.apache.ratis.thirdparty.io.netty.channel.nio.NioEventLoop.processSelectedKeysOptimized(NioEventLoop.java:579)
	at org.apache.ratis.thirdparty.io.netty.channel.nio.NioEventLoop.processSelectedKeys(NioEventLoop.java:496)
	at org.apache.ratis.thirdparty.io.netty.channel.nio.NioEventLoop.run(NioEventLoop.java:458)
	at org.apache.ratis.thirdparty.io.netty.util.concurrent.SingleThreadEventExecutor$5.run(SingleThreadEventExecutor.java:897)
	at org.apache.ratis.thirdparty.io.netty.util.concurrent.FastThreadLocalRunnable.run(FastThreadLocalRunnable.java:30)
	... 1 more
Caused by: java.net.ConnectException: Connection refused
	... 11 more
2019-09-09 18:20:49,868 [15e1789d-ac2a-4475-abee-a38317121f11:group-DCA3D03F97BF:LeaderElection70] INFO  impl.RoleInfo (RoleInfo.java:shutdownLeaderElection(134)) - 15e1789d-ac2a-4475-abee-a38317121f11: shutdown LeaderElection
2019-09-09 18:20:49,868 [15e1789d-ac2a-4475-abee-a38317121f11:group-DCA3D03F97BF:LeaderElection70] INFO  impl.RaftServerImpl (RaftServerImpl.java:setRole(171)) - 15e1789d-ac2a-4475-abee-a38317121f11:group-DCA3D03F97BF changes role from CANDIDATE to LEADER at term 3 for changeToLeader
2019-09-09 18:20:49,868 [15e1789d-ac2a-4475-abee-a38317121f11:group-DCA3D03F97BF:LeaderElection70] INFO  impl.RaftServerImpl (ServerState.java:setLeader(263)) - 15e1789d-ac2a-4475-abee-a38317121f11:group-DCA3D03F97BF change Leader from null to 15e1789d-ac2a-4475-abee-a38317121f11 at term 3 for becomeLeader, leader elected after 86ms
2019-09-09 18:20:49,868 [15e1789d-ac2a-4475-abee-a38317121f11:group-DCA3D03F97BF:LeaderElection70] INFO  server.RaftServerConfigKeys (ConfUtils.java:logGet(43)) - raft.server.staging.catchup.gap = 1000 (default)
2019-09-09 18:20:49,869 [15e1789d-ac2a-4475-abee-a38317121f11:group-DCA3D03F97BF:LeaderElection70] INFO  server.RaftServerConfigKeys (ConfUtils.java:logGet(43)) - raft.server.rpc.sleep.time = 25ms (default)
2019-09-09 18:20:49,869 [15e1789d-ac2a-4475-abee-a38317121f11:group-DCA3D03F97BF:LeaderElection70] INFO  server.RaftServerConfigKeys (ConfUtils.java:logGet(43)) - raft.server.write.element-limit = 4096 (default)
2019-09-09 18:20:49,869 [15e1789d-ac2a-4475-abee-a38317121f11:group-DCA3D03F97BF:LeaderElection70] INFO  server.RaftServerConfigKeys (ConfUtils.java:logGet(43)) - raft.server.watch.timeout = 10s (default)
2019-09-09 18:20:49,869 [15e1789d-ac2a-4475-abee-a38317121f11:group-DCA3D03F97BF:LeaderElection70] INFO  server.RaftServerConfigKeys (ConfUtils.java:logGet(43)) - raft.server.watch.timeout.denomination = 1s (default)
2019-09-09 18:20:49,869 [15e1789d-ac2a-4475-abee-a38317121f11:group-DCA3D03F97BF:LeaderElection70] INFO  server.RaftServerConfigKeys (ConfUtils.java:logGet(43)) - raft.server.watch.element-limit = 65536 (default)
2019-09-09 18:20:49,870 [15e1789d-ac2a-4475-abee-a38317121f11:group-DCA3D03F97BF:LeaderElection70] INFO  server.RaftServerConfigKeys (ConfUtils.java:logGet(43)) - raft.server.log.appender.snapshot.chunk.size.max = 16MB (=16777216) (default)
2019-09-09 18:20:49,870 [15e1789d-ac2a-4475-abee-a38317121f11:group-DCA3D03F97BF:LeaderElection70] INFO  server.RaftServerConfigKeys (ConfUtils.java:logGet(43)) - raft.server.log.appender.buffer.byte-limit = 33554432 (custom)
2019-09-09 18:20:49,870 [15e1789d-ac2a-4475-abee-a38317121f11:group-DCA3D03F97BF:LeaderElection70] INFO  server.RaftServerConfigKeys (ConfUtils.java:logGet(43)) - raft.server.log.appender.buffer.element-limit = 1 (custom)
2019-09-09 18:20:49,870 [15e1789d-ac2a-4475-abee-a38317121f11:group-DCA3D03F97BF:LeaderElection70] INFO  grpc.GrpcConfigKeys$Server (ConfUtils.java:logGet(43)) - raft.grpc.server.leader.outstanding.appends.max = 128 (default)
2019-09-09 18:20:49,870 [15e1789d-ac2a-4475-abee-a38317121f11:group-DCA3D03F97BF:LeaderElection70] INFO  server.RaftServerConfigKeys (ConfUtils.java:logGet(43)) - raft.server.rpc.request.timeout = 3000ms (default)
2019-09-09 18:20:49,871 [15e1789d-ac2a-4475-abee-a38317121f11:group-DCA3D03F97BF:LeaderElection70] INFO  server.RaftServerConfigKeys (ConfUtils.java:logGet(43)) - raft.server.log.appender.install.snapshot.enabled = false (custom)
2019-09-09 18:20:49,871 [15e1789d-ac2a-4475-abee-a38317121f11:group-DCA3D03F97BF:LeaderElection70] INFO  server.RaftServerConfigKeys (ConfUtils.java:logGet(43)) - raft.server.log.appender.snapshot.chunk.size.max = 16MB (=16777216) (default)
2019-09-09 18:20:49,871 [15e1789d-ac2a-4475-abee-a38317121f11:group-DCA3D03F97BF:LeaderElection70] INFO  server.RaftServerConfigKeys (ConfUtils.java:logGet(43)) - raft.server.log.appender.buffer.byte-limit = 33554432 (custom)
2019-09-09 18:20:49,871 [15e1789d-ac2a-4475-abee-a38317121f11:group-DCA3D03F97BF:LeaderElection70] INFO  server.RaftServerConfigKeys (ConfUtils.java:logGet(43)) - raft.server.log.appender.buffer.element-limit = 1 (custom)
2019-09-09 18:20:49,871 [15e1789d-ac2a-4475-abee-a38317121f11:group-DCA3D03F97BF:LeaderElection70] INFO  grpc.GrpcConfigKeys$Server (ConfUtils.java:logGet(43)) - raft.grpc.server.leader.outstanding.appends.max = 128 (default)
2019-09-09 18:20:49,872 [15e1789d-ac2a-4475-abee-a38317121f11:group-DCA3D03F97BF:LeaderElection70] INFO  server.RaftServerConfigKeys (ConfUtils.java:logGet(43)) - raft.server.rpc.request.timeout = 3000ms (default)
2019-09-09 18:20:49,872 [15e1789d-ac2a-4475-abee-a38317121f11:group-DCA3D03F97BF:LeaderElection70] INFO  server.RaftServerConfigKeys (ConfUtils.java:logGet(43)) - raft.server.log.appender.install.snapshot.enabled = false (custom)
2019-09-09 18:20:49,872 [15e1789d-ac2a-4475-abee-a38317121f11:group-DCA3D03F97BF:LeaderElection70] INFO  impl.RoleInfo (RoleInfo.java:updateAndGet(143)) - 15e1789d-ac2a-4475-abee-a38317121f11: start LeaderState
2019-09-09 18:20:49,872 [15e1789d-ac2a-4475-abee-a38317121f11:group-DCA3D03F97BF:LeaderElection70] INFO  segmented.SegmentedRaftLogWorker (SegmentedRaftLogWorker.java:rollLogSegment(385)) - 15e1789d-ac2a-4475-abee-a38317121f11-SegmentedRaftLogWorker:Storage Directory /workdir/hadoop-ozone/integration-test/target/test-dir/MiniOzoneClusterImpl-95ae6e3b-0d2e-4555-bae3-c8c32225a9eb/datanode-1/data/ratis/272e3354-de38-4197-9c80-dca3d03f97bf: Rolling segment log-0_16 to index:16
2019-09-09 18:20:49,873 [15e1789d-ac2a-4475-abee-a38317121f11-SegmentedRaftLogWorker:Storage Directory /workdir/hadoop-ozone/integration-test/target/test-dir/MiniOzoneClusterImpl-95ae6e3b-0d2e-4555-bae3-c8c32225a9eb/datanode-1/data/ratis/272e3354-de38-4197-9c80-dca3d03f97bf] INFO  segmented.SegmentedRaftLogWorker (SegmentedRaftLogWorker.java:execute(526)) - 15e1789d-ac2a-4475-abee-a38317121f11-SegmentedRaftLogWorker:Storage Directory /workdir/hadoop-ozone/integration-test/target/test-dir/MiniOzoneClusterImpl-95ae6e3b-0d2e-4555-bae3-c8c32225a9eb/datanode-1/data/ratis/272e3354-de38-4197-9c80-dca3d03f97bf: Rolled log segment from /workdir/hadoop-ozone/integration-test/target/test-dir/MiniOzoneClusterImpl-95ae6e3b-0d2e-4555-bae3-c8c32225a9eb/datanode-1/data/ratis/272e3354-de38-4197-9c80-dca3d03f97bf/current/log_inprogress_0 to /workdir/hadoop-ozone/integration-test/target/test-dir/MiniOzoneClusterImpl-95ae6e3b-0d2e-4555-bae3-c8c32225a9eb/datanode-1/data/ratis/272e3354-de38-4197-9c80-dca3d03f97bf/current/log_0-16
2019-09-09 18:20:49,874 [15e1789d-ac2a-4475-abee-a38317121f11:group-DCA3D03F97BF:LeaderElection70] INFO  impl.RaftServerImpl (ServerState.java:setRaftConf(361)) - 15e1789d-ac2a-4475-abee-a38317121f11:group-DCA3D03F97BF set configuration 17: [af604a16-3132-44f3-9021-2610f5975837:192.168.5.148:37122, bc9d40ff-be27-40b6-866f-f71d568af030:192.168.5.148:32832, 15e1789d-ac2a-4475-abee-a38317121f11:192.168.5.148:43236], old=null at 17
2019-09-09 18:20:49,874 [grpc-default-executor-6] WARN  server.GrpcLogAppender (LogUtils.java:warn(134)) - 15e1789d-ac2a-4475-abee-a38317121f11->af604a16-3132-44f3-9021-2610f5975837: Failed appendEntries: org.apache.ratis.thirdparty.io.grpc.StatusRuntimeException: UNAVAILABLE: io exception
2019-09-09 18:20:49,875 [grpc-default-executor-6] INFO  impl.FollowerInfo (FollowerInfo.java:lambda$new$0(50)) - 15e1789d-ac2a-4475-abee-a38317121f11->af604a16-3132-44f3-9021-2610f5975837: nextIndex: updateUnconditionally 17 -> 1
2019-09-09 18:20:49,875 [grpc-default-executor-10] INFO  impl.RaftServerImpl (ServerState.java:setLeader(263)) - bc9d40ff-be27-40b6-866f-f71d568af030:group-DCA3D03F97BF change Leader from null to 15e1789d-ac2a-4475-abee-a38317121f11 at term 3 for appendEntries, leader elected after 34ms
2019-09-09 18:20:49,878 [grpc-default-executor-10] INFO  impl.RaftServerImpl (ServerState.java:setRaftConf(361)) - bc9d40ff-be27-40b6-866f-f71d568af030:group-DCA3D03F97BF set configuration 17: [af604a16-3132-44f3-9021-2610f5975837:192.168.5.148:37122, bc9d40ff-be27-40b6-866f-f71d568af030:192.168.5.148:32832, 15e1789d-ac2a-4475-abee-a38317121f11:192.168.5.148:43236], old=null at 17
2019-09-09 18:20:49,878 [grpc-default-executor-10] INFO  segmented.SegmentedRaftLogWorker (SegmentedRaftLogWorker.java:rollLogSegment(385)) - bc9d40ff-be27-40b6-866f-f71d568af030-SegmentedRaftLogWorker:Storage Directory /workdir/hadoop-ozone/integration-test/target/test-dir/MiniOzoneClusterImpl-95ae6e3b-0d2e-4555-bae3-c8c32225a9eb/datanode-5/data/ratis/272e3354-de38-4197-9c80-dca3d03f97bf: Rolling segment log-0_16 to index:16
2019-09-09 18:20:49,879 [bc9d40ff-be27-40b6-866f-f71d568af030-SegmentedRaftLogWorker:Storage Directory /workdir/hadoop-ozone/integration-test/target/test-dir/MiniOzoneClusterImpl-95ae6e3b-0d2e-4555-bae3-c8c32225a9eb/datanode-5/data/ratis/272e3354-de38-4197-9c80-dca3d03f97bf] INFO  segmented.SegmentedRaftLogWorker (SegmentedRaftLogWorker.java:execute(526)) - bc9d40ff-be27-40b6-866f-f71d568af030-SegmentedRaftLogWorker:Storage Directory /workdir/hadoop-ozone/integration-test/target/test-dir/MiniOzoneClusterImpl-95ae6e3b-0d2e-4555-bae3-c8c32225a9eb/datanode-5/data/ratis/272e3354-de38-4197-9c80-dca3d03f97bf: Rolled log segment from /workdir/hadoop-ozone/integration-test/target/test-dir/MiniOzoneClusterImpl-95ae6e3b-0d2e-4555-bae3-c8c32225a9eb/datanode-5/data/ratis/272e3354-de38-4197-9c80-dca3d03f97bf/current/log_inprogress_0 to /workdir/hadoop-ozone/integration-test/target/test-dir/MiniOzoneClusterImpl-95ae6e3b-0d2e-4555-bae3-c8c32225a9eb/datanode-5/data/ratis/272e3354-de38-4197-9c80-dca3d03f97bf/current/log_0-16
2019-09-09 18:20:49,936 [15e1789d-ac2a-4475-abee-a38317121f11-SegmentedRaftLogWorker:Storage Directory /workdir/hadoop-ozone/integration-test/target/test-dir/MiniOzoneClusterImpl-95ae6e3b-0d2e-4555-bae3-c8c32225a9eb/datanode-1/data/ratis/272e3354-de38-4197-9c80-dca3d03f97bf] INFO  segmented.SegmentedRaftLogWorker (SegmentedRaftLogWorker.java:execute(569)) - 15e1789d-ac2a-4475-abee-a38317121f11-SegmentedRaftLogWorker:Storage Directory /workdir/hadoop-ozone/integration-test/target/test-dir/MiniOzoneClusterImpl-95ae6e3b-0d2e-4555-bae3-c8c32225a9eb/datanode-1/data/ratis/272e3354-de38-4197-9c80-dca3d03f97bf: created new log segment /workdir/hadoop-ozone/integration-test/target/test-dir/MiniOzoneClusterImpl-95ae6e3b-0d2e-4555-bae3-c8c32225a9eb/datanode-1/data/ratis/272e3354-de38-4197-9c80-dca3d03f97bf/current/log_inprogress_17
2019-09-09 18:20:49,936 [bc9d40ff-be27-40b6-866f-f71d568af030-SegmentedRaftLogWorker:Storage Directory /workdir/hadoop-ozone/integration-test/target/test-dir/MiniOzoneClusterImpl-95ae6e3b-0d2e-4555-bae3-c8c32225a9eb/datanode-5/data/ratis/272e3354-de38-4197-9c80-dca3d03f97bf] INFO  segmented.SegmentedRaftLogWorker (SegmentedRaftLogWorker.java:execute(569)) - bc9d40ff-be27-40b6-866f-f71d568af030-SegmentedRaftLogWorker:Storage Directory /workdir/hadoop-ozone/integration-test/target/test-dir/MiniOzoneClusterImpl-95ae6e3b-0d2e-4555-bae3-c8c32225a9eb/datanode-5/data/ratis/272e3354-de38-4197-9c80-dca3d03f97bf: created new log segment /workdir/hadoop-ozone/integration-test/target/test-dir/MiniOzoneClusterImpl-95ae6e3b-0d2e-4555-bae3-c8c32225a9eb/datanode-5/data/ratis/272e3354-de38-4197-9c80-dca3d03f97bf/current/log_inprogress_17
2019-09-09 18:20:49,959 [grpc-default-executor-4] WARN  server.GrpcLogAppender (LogUtils.java:warn(134)) - 15e1789d-ac2a-4475-abee-a38317121f11->af604a16-3132-44f3-9021-2610f5975837: Failed appendEntries: org.apache.ratis.thirdparty.io.grpc.StatusRuntimeException: UNAVAILABLE: io exception
2019-09-09 18:20:49,960 [grpc-default-executor-4] INFO  impl.FollowerInfo (FollowerInfo.java:lambda$new$0(50)) - 15e1789d-ac2a-4475-abee-a38317121f11->af604a16-3132-44f3-9021-2610f5975837: nextIndex: updateUnconditionally 2 -> 1
2019-09-09 18:20:49,984 [grpc-default-executor-10] WARN  server.GrpcLogAppender (LogUtils.java:warn(134)) - 15e1789d-ac2a-4475-abee-a38317121f11->af604a16-3132-44f3-9021-2610f5975837: Failed appendEntries: org.apache.ratis.thirdparty.io.grpc.StatusRuntimeException: UNAVAILABLE: io exception
2019-09-09 18:20:49,984 [grpc-default-executor-10] INFO  impl.FollowerInfo (FollowerInfo.java:lambda$new$0(50)) - 15e1789d-ac2a-4475-abee-a38317121f11->af604a16-3132-44f3-9021-2610f5975837: nextIndex: updateUnconditionally 2 -> 1
18:20:50.260 [grpc-default-executor-10] ERROR DNAudit - user=null | ip=null | op=WRITE_CHUNK {blockData=conID: 1 locID: 102763936171687949 bcsId: 14} | ret=FAILURE
org.apache.hadoop.hdds.scm.container.common.helpers.ContainerNotOpenException: Container 1 in CLOSING state
	at org.apache.hadoop.ozone.container.common.impl.HddsDispatcher.validateContainerCommand(HddsDispatcher.java:408) ~[hadoop-hdds-container-service-0.5.0-SNAPSHOT.jar:?]
	at org.apache.hadoop.ozone.container.common.transport.server.ratis.ContainerStateMachine.startTransaction(ContainerStateMachine.java:310) ~[hadoop-hdds-container-service-0.5.0-SNAPSHOT.jar:?]
	at org.apache.ratis.server.impl.RaftServerImpl.submitClientRequestAsync(RaftServerImpl.java:566) ~[ratis-server-0.4.0-2337318-SNAPSHOT.jar:0.4.0-2337318-SNAPSHOT]
	at org.apache.ratis.server.impl.RaftServerProxy.lambda$submitClientRequestAsync$7(RaftServerProxy.java:333) ~[ratis-server-0.4.0-2337318-SNAPSHOT.jar:0.4.0-2337318-SNAPSHOT]
	at org.apache.ratis.server.impl.RaftServerProxy.lambda$null$5(RaftServerProxy.java:328) ~[ratis-server-0.4.0-2337318-SNAPSHOT.jar:0.4.0-2337318-SNAPSHOT]
	at org.apache.ratis.util.JavaUtils.callAsUnchecked(JavaUtils.java:109) ~[ratis-common-0.4.0-2337318-SNAPSHOT.jar:0.4.0-2337318-SNAPSHOT]
	at org.apache.ratis.server.impl.RaftServerProxy.lambda$submitRequest$6(RaftServerProxy.java:328) ~[ratis-server-0.4.0-2337318-SNAPSHOT.jar:0.4.0-2337318-SNAPSHOT]
	at java.util.concurrent.CompletableFuture.uniComposeStage(CompletableFuture.java:981) ~[?:1.8.0_212]
	at java.util.concurrent.CompletableFuture.thenCompose(CompletableFuture.java:2124) ~[?:1.8.0_212]
	at org.apache.ratis.server.impl.RaftServerProxy.submitRequest(RaftServerProxy.java:327) ~[ratis-server-0.4.0-2337318-SNAPSHOT.jar:0.4.0-2337318-SNAPSHOT]
	at org.apache.ratis.server.impl.RaftServerProxy.submitClientRequestAsync(RaftServerProxy.java:333) ~[ratis-server-0.4.0-2337318-SNAPSHOT.jar:0.4.0-2337318-SNAPSHOT]
	at org.apache.ratis.grpc.client.GrpcClientProtocolService$RequestStreamObserver.processClientRequest(GrpcClientProtocolService.java:220) ~[ratis-grpc-0.4.0-2337318-SNAPSHOT.jar:0.4.0-2337318-SNAPSHOT]
	at org.apache.ratis.grpc.client.GrpcClientProtocolService$OrderedRequestStreamObserver.processClientRequest(GrpcClientProtocolService.java:326) ~[ratis-grpc-0.4.0-2337318-SNAPSHOT.jar:0.4.0-2337318-SNAPSHOT]
	at org.apache.ratis.util.SlidingWindow$Server.processRequestsFromHead(SlidingWindow.java:429) [ratis-common-0.4.0-2337318-SNAPSHOT.jar:0.4.0-2337318-SNAPSHOT]
	at org.apache.ratis.util.SlidingWindow$Server.receivedRequest(SlidingWindow.java:421) [ratis-common-0.4.0-2337318-SNAPSHOT.jar:0.4.0-2337318-SNAPSHOT]
	at org.apache.ratis.grpc.client.GrpcClientProtocolService$OrderedRequestStreamObserver.processClientRequest(GrpcClientProtocolService.java:345) [ratis-grpc-0.4.0-2337318-SNAPSHOT.jar:0.4.0-2337318-SNAPSHOT]
	at org.apache.ratis.grpc.client.GrpcClientProtocolService$RequestStreamObserver.onNext(GrpcClientProtocolService.java:240) [ratis-grpc-0.4.0-2337318-SNAPSHOT.jar:0.4.0-2337318-SNAPSHOT]
	at org.apache.ratis.grpc.client.GrpcClientProtocolService$RequestStreamObserver.onNext(GrpcClientProtocolService.java:168) [ratis-grpc-0.4.0-2337318-SNAPSHOT.jar:0.4.0-2337318-SNAPSHOT]
	at org.apache.ratis.thirdparty.io.grpc.stub.ServerCalls$StreamingServerCallHandler$StreamingServerCallListener.onMessage(ServerCalls.java:248) [ratis-thirdparty-misc-0.2.0.jar:0.2.0]
	at org.apache.ratis.thirdparty.io.grpc.internal.ServerCallImpl$ServerStreamListenerImpl.messagesAvailable(ServerCallImpl.java:263) [ratis-thirdparty-misc-0.2.0.jar:0.2.0]
	at org.apache.ratis.thirdparty.io.grpc.internal.ServerImpl$JumpToApplicationThreadServerStreamListener$1MessagesAvailable.runInContext(ServerImpl.java:686) [ratis-thirdparty-misc-0.2.0.jar:0.2.0]
	at org.apache.ratis.thirdparty.io.grpc.internal.ContextRunnable.run(ContextRunnable.java:37) [ratis-thirdparty-misc-0.2.0.jar:0.2.0]
	at org.apache.ratis.thirdparty.io.grpc.internal.SerializingExecutor.run(SerializingExecutor.java:123) [ratis-thirdparty-misc-0.2.0.jar:0.2.0]
	at java.util.concurrent.ThreadPoolExecutor.runWorker(ThreadPoolExecutor.java:1149) [?:1.8.0_212]
	at java.util.concurrent.ThreadPoolExecutor$Worker.run(ThreadPoolExecutor.java:624) [?:1.8.0_212]
	at java.lang.Thread.run(Thread.java:748) [?:1.8.0_212]
2019-09-09 18:20:50,283 [grpc-default-executor-10] INFO  client.GrpcClientProtocolClient (GrpcClientProtocolClient.java:onNext(255)) - client-BBE0E7E558EB->15e1789d-ac2a-4475-abee-a38317121f11: receive RaftClientReply:client-BBE0E7E558EB->15e1789d-ac2a-4475-abee-a38317121f11@group-DCA3D03F97BF, cid=184, FAILED org.apache.ratis.protocol.StateMachineException: org.apache.hadoop.hdds.scm.container.common.helpers.ContainerNotOpenException from Server 15e1789d-ac2a-4475-abee-a38317121f11: Container 1 in CLOSING state, logIndex=0, commits[15e1789d-ac2a-4475-abee-a38317121f11:c18, af604a16-3132-44f3-9021-2610f5975837:c16, bc9d40ff-be27-40b6-866f-f71d568af030:c17]
18:20:50.285 [grpc-default-executor-6] ERROR DNAudit - user=null | ip=null | op=WRITE_CHUNK {blockData=conID: 1 locID: 102763936171687949 bcsId: 14} | ret=FAILURE
org.apache.hadoop.hdds.scm.container.common.helpers.ContainerNotOpenException: Container 1 in CLOSING state
	at org.apache.hadoop.ozone.container.common.impl.HddsDispatcher.validateContainerCommand(HddsDispatcher.java:408) ~[hadoop-hdds-container-service-0.5.0-SNAPSHOT.jar:?]
	at org.apache.hadoop.ozone.container.common.transport.server.ratis.ContainerStateMachine.startTransaction(ContainerStateMachine.java:310) ~[hadoop-hdds-container-service-0.5.0-SNAPSHOT.jar:?]
	at org.apache.ratis.server.impl.RaftServerImpl.submitClientRequestAsync(RaftServerImpl.java:566) ~[ratis-server-0.4.0-2337318-SNAPSHOT.jar:0.4.0-2337318-SNAPSHOT]
	at org.apache.ratis.server.impl.RaftServerProxy.lambda$submitClientRequestAsync$7(RaftServerProxy.java:333) ~[ratis-server-0.4.0-2337318-SNAPSHOT.jar:0.4.0-2337318-SNAPSHOT]
	at org.apache.ratis.server.impl.RaftServerProxy.lambda$null$5(RaftServerProxy.java:328) ~[ratis-server-0.4.0-2337318-SNAPSHOT.jar:0.4.0-2337318-SNAPSHOT]
	at org.apache.ratis.util.JavaUtils.callAsUnchecked(JavaUtils.java:109) ~[ratis-common-0.4.0-2337318-SNAPSHOT.jar:0.4.0-2337318-SNAPSHOT]
	at org.apache.ratis.server.impl.RaftServerProxy.lambda$submitRequest$6(RaftServerProxy.java:328) ~[ratis-server-0.4.0-2337318-SNAPSHOT.jar:0.4.0-2337318-SNAPSHOT]
	at java.util.concurrent.CompletableFuture.uniComposeStage(CompletableFuture.java:981) ~[?:1.8.0_212]
	at java.util.concurrent.CompletableFuture.thenCompose(CompletableFuture.java:2124) ~[?:1.8.0_212]
	at org.apache.ratis.server.impl.RaftServerProxy.submitRequest(RaftServerProxy.java:327) ~[ratis-server-0.4.0-2337318-SNAPSHOT.jar:0.4.0-2337318-SNAPSHOT]
	at org.apache.ratis.server.impl.RaftServerProxy.submitClientRequestAsync(RaftServerProxy.java:333) ~[ratis-server-0.4.0-2337318-SNAPSHOT.jar:0.4.0-2337318-SNAPSHOT]
	at org.apache.ratis.grpc.client.GrpcClientProtocolService$RequestStreamObserver.processClientRequest(GrpcClientProtocolService.java:220) ~[ratis-grpc-0.4.0-2337318-SNAPSHOT.jar:0.4.0-2337318-SNAPSHOT]
	at org.apache.ratis.grpc.client.GrpcClientProtocolService$OrderedRequestStreamObserver.processClientRequest(GrpcClientProtocolService.java:326) ~[ratis-grpc-0.4.0-2337318-SNAPSHOT.jar:0.4.0-2337318-SNAPSHOT]
	at org.apache.ratis.util.SlidingWindow$Server.processRequestsFromHead(SlidingWindow.java:429) [ratis-common-0.4.0-2337318-SNAPSHOT.jar:0.4.0-2337318-SNAPSHOT]
	at org.apache.ratis.util.SlidingWindow$Server.receivedRequest(SlidingWindow.java:421) [ratis-common-0.4.0-2337318-SNAPSHOT.jar:0.4.0-2337318-SNAPSHOT]
	at org.apache.ratis.grpc.client.GrpcClientProtocolService$OrderedRequestStreamObserver.processClientRequest(GrpcClientProtocolService.java:345) [ratis-grpc-0.4.0-2337318-SNAPSHOT.jar:0.4.0-2337318-SNAPSHOT]
	at org.apache.ratis.grpc.client.GrpcClientProtocolService$RequestStreamObserver.onNext(GrpcClientProtocolService.java:240) [ratis-grpc-0.4.0-2337318-SNAPSHOT.jar:0.4.0-2337318-SNAPSHOT]
	at org.apache.ratis.grpc.client.GrpcClientProtocolService$RequestStreamObserver.onNext(GrpcClientProtocolService.java:168) [ratis-grpc-0.4.0-2337318-SNAPSHOT.jar:0.4.0-2337318-SNAPSHOT]
	at org.apache.ratis.thirdparty.io.grpc.stub.ServerCalls$StreamingServerCallHandler$StreamingServerCallListener.onMessage(ServerCalls.java:248) [ratis-thirdparty-misc-0.2.0.jar:0.2.0]
	at org.apache.ratis.thirdparty.io.grpc.internal.ServerCallImpl$ServerStreamListenerImpl.messagesAvailable(ServerCallImpl.java:263) [ratis-thirdparty-misc-0.2.0.jar:0.2.0]
	at org.apache.ratis.thirdparty.io.grpc.internal.ServerImpl$JumpToApplicationThreadServerStreamListener$1MessagesAvailable.runInContext(ServerImpl.java:686) [ratis-thirdparty-misc-0.2.0.jar:0.2.0]
	at org.apache.ratis.thirdparty.io.grpc.internal.ContextRunnable.run(ContextRunnable.java:37) [ratis-thirdparty-misc-0.2.0.jar:0.2.0]
	at org.apache.ratis.thirdparty.io.grpc.internal.SerializingExecutor.run(SerializingExecutor.java:123) [ratis-thirdparty-misc-0.2.0.jar:0.2.0]
	at java.util.concurrent.ThreadPoolExecutor.runWorker(ThreadPoolExecutor.java:1149) [?:1.8.0_212]
	at java.util.concurrent.ThreadPoolExecutor$Worker.run(ThreadPoolExecutor.java:624) [?:1.8.0_212]
	at java.lang.Thread.run(Thread.java:748) [?:1.8.0_212]
2019-09-09 18:20:50,295 [grpc-default-executor-10] INFO  client.GrpcClientProtocolClient (GrpcClientProtocolClient.java:onNext(255)) - client-BBE0E7E558EB->15e1789d-ac2a-4475-abee-a38317121f11: receive RaftClientReply:client-BBE0E7E558EB->15e1789d-ac2a-4475-abee-a38317121f11@group-DCA3D03F97BF, cid=185, FAILED org.apache.ratis.protocol.StateMachineException: org.apache.hadoop.hdds.scm.container.common.helpers.ContainerNotOpenException from Server 15e1789d-ac2a-4475-abee-a38317121f11: Container 1 in CLOSING state, logIndex=0, commits[15e1789d-ac2a-4475-abee-a38317121f11:c18, af604a16-3132-44f3-9021-2610f5975837:c16, bc9d40ff-be27-40b6-866f-f71d568af030:c17]
18:20:50.295 [grpc-default-executor-6] ERROR DNAudit - user=null | ip=null | op=PUT_BLOCK {blockData=[blockId=conID: 1 locID: 102763936171687949 bcsId: 0,size=650]} | ret=FAILURE
org.apache.hadoop.hdds.scm.container.common.helpers.ContainerNotOpenException: Container 1 in CLOSING state
	at org.apache.hadoop.ozone.container.common.impl.HddsDispatcher.validateContainerCommand(HddsDispatcher.java:408) ~[hadoop-hdds-container-service-0.5.0-SNAPSHOT.jar:?]
	at org.apache.hadoop.ozone.container.common.transport.server.ratis.ContainerStateMachine.startTransaction(ContainerStateMachine.java:310) ~[hadoop-hdds-container-service-0.5.0-SNAPSHOT.jar:?]
	at org.apache.ratis.server.impl.RaftServerImpl.submitClientRequestAsync(RaftServerImpl.java:566) ~[ratis-server-0.4.0-2337318-SNAPSHOT.jar:0.4.0-2337318-SNAPSHOT]
	at org.apache.ratis.server.impl.RaftServerProxy.lambda$submitClientRequestAsync$7(RaftServerProxy.java:333) ~[ratis-server-0.4.0-2337318-SNAPSHOT.jar:0.4.0-2337318-SNAPSHOT]
	at org.apache.ratis.server.impl.RaftServerProxy.lambda$null$5(RaftServerProxy.java:328) ~[ratis-server-0.4.0-2337318-SNAPSHOT.jar:0.4.0-2337318-SNAPSHOT]
	at org.apache.ratis.util.JavaUtils.callAsUnchecked(JavaUtils.java:109) ~[ratis-common-0.4.0-2337318-SNAPSHOT.jar:0.4.0-2337318-SNAPSHOT]
	at org.apache.ratis.server.impl.RaftServerProxy.lambda$submitRequest$6(RaftServerProxy.java:328) ~[ratis-server-0.4.0-2337318-SNAPSHOT.jar:0.4.0-2337318-SNAPSHOT]
	at java.util.concurrent.CompletableFuture.uniComposeStage(CompletableFuture.java:981) ~[?:1.8.0_212]
	at java.util.concurrent.CompletableFuture.thenCompose(CompletableFuture.java:2124) ~[?:1.8.0_212]
	at org.apache.ratis.server.impl.RaftServerProxy.submitRequest(RaftServerProxy.java:327) ~[ratis-server-0.4.0-2337318-SNAPSHOT.jar:0.4.0-2337318-SNAPSHOT]
	at org.apache.ratis.server.impl.RaftServerProxy.submitClientRequestAsync(RaftServerProxy.java:333) ~[ratis-server-0.4.0-2337318-SNAPSHOT.jar:0.4.0-2337318-SNAPSHOT]
	at org.apache.ratis.grpc.client.GrpcClientProtocolService$RequestStreamObserver.processClientRequest(GrpcClientProtocolService.java:220) ~[ratis-grpc-0.4.0-2337318-SNAPSHOT.jar:0.4.0-2337318-SNAPSHOT]
	at org.apache.ratis.grpc.client.GrpcClientProtocolService$OrderedRequestStreamObserver.processClientRequest(GrpcClientProtocolService.java:326) ~[ratis-grpc-0.4.0-2337318-SNAPSHOT.jar:0.4.0-2337318-SNAPSHOT]
	at org.apache.ratis.util.SlidingWindow$Server.processRequestsFromHead(SlidingWindow.java:429) [ratis-common-0.4.0-2337318-SNAPSHOT.jar:0.4.0-2337318-SNAPSHOT]
	at org.apache.ratis.util.SlidingWindow$Server.receivedRequest(SlidingWindow.java:421) [ratis-common-0.4.0-2337318-SNAPSHOT.jar:0.4.0-2337318-SNAPSHOT]
	at org.apache.ratis.grpc.client.GrpcClientProtocolService$OrderedRequestStreamObserver.processClientRequest(GrpcClientProtocolService.java:345) [ratis-grpc-0.4.0-2337318-SNAPSHOT.jar:0.4.0-2337318-SNAPSHOT]
	at org.apache.ratis.grpc.client.GrpcClientProtocolService$RequestStreamObserver.onNext(GrpcClientProtocolService.java:240) [ratis-grpc-0.4.0-2337318-SNAPSHOT.jar:0.4.0-2337318-SNAPSHOT]
	at org.apache.ratis.grpc.client.GrpcClientProtocolService$RequestStreamObserver.onNext(GrpcClientProtocolService.java:168) [ratis-grpc-0.4.0-2337318-SNAPSHOT.jar:0.4.0-2337318-SNAPSHOT]
	at org.apache.ratis.thirdparty.io.grpc.stub.ServerCalls$StreamingServerCallHandler$StreamingServerCallListener.onMessage(ServerCalls.java:248) [ratis-thirdparty-misc-0.2.0.jar:0.2.0]
	at org.apache.ratis.thirdparty.io.grpc.internal.ServerCallImpl$ServerStreamListenerImpl.messagesAvailable(ServerCallImpl.java:263) [ratis-thirdparty-misc-0.2.0.jar:0.2.0]
	at org.apache.ratis.thirdparty.io.grpc.internal.ServerImpl$JumpToApplicationThreadServerStreamListener$1MessagesAvailable.runInContext(ServerImpl.java:686) [ratis-thirdparty-misc-0.2.0.jar:0.2.0]
	at org.apache.ratis.thirdparty.io.grpc.internal.ContextRunnable.run(ContextRunnable.java:37) [ratis-thirdparty-misc-0.2.0.jar:0.2.0]
	at org.apache.ratis.thirdparty.io.grpc.internal.SerializingExecutor.run(SerializingExecutor.java:123) [ratis-thirdparty-misc-0.2.0.jar:0.2.0]
	at java.util.concurrent.ThreadPoolExecutor.runWorker(ThreadPoolExecutor.java:1149) [?:1.8.0_212]
	at java.util.concurrent.ThreadPoolExecutor$Worker.run(ThreadPoolExecutor.java:624) [?:1.8.0_212]
	at java.lang.Thread.run(Thread.java:748) [?:1.8.0_212]
2019-09-09 18:20:50,303 [grpc-default-executor-10] INFO  client.GrpcClientProtocolClient (GrpcClientProtocolClient.java:onNext(255)) - client-BBE0E7E558EB->15e1789d-ac2a-4475-abee-a38317121f11: receive RaftClientReply:client-BBE0E7E558EB->15e1789d-ac2a-4475-abee-a38317121f11@group-DCA3D03F97BF, cid=186, FAILED org.apache.ratis.protocol.StateMachineException: org.apache.hadoop.hdds.scm.container.common.helpers.ContainerNotOpenException from Server 15e1789d-ac2a-4475-abee-a38317121f11: Container 1 in CLOSING state, logIndex=0, commits[15e1789d-ac2a-4475-abee-a38317121f11:c18, af604a16-3132-44f3-9021-2610f5975837:c16, bc9d40ff-be27-40b6-866f-f71d568af030:c17]
18:20:50.302 [grpc-default-executor-6] ERROR DNAudit - user=null | ip=null | op=WRITE_CHUNK {blockData=conID: 1 locID: 102763936171687949 bcsId: 14} | ret=FAILURE
org.apache.hadoop.hdds.scm.container.common.helpers.ContainerNotOpenException: Container 1 in CLOSING state
	at org.apache.hadoop.ozone.container.common.impl.HddsDispatcher.validateContainerCommand(HddsDispatcher.java:408) ~[hadoop-hdds-container-service-0.5.0-SNAPSHOT.jar:?]
	at org.apache.hadoop.ozone.container.common.transport.server.ratis.ContainerStateMachine.startTransaction(ContainerStateMachine.java:310) ~[hadoop-hdds-container-service-0.5.0-SNAPSHOT.jar:?]
	at org.apache.ratis.server.impl.RaftServerImpl.submitClientRequestAsync(RaftServerImpl.java:566) ~[ratis-server-0.4.0-2337318-SNAPSHOT.jar:0.4.0-2337318-SNAPSHOT]
	at org.apache.ratis.server.impl.RaftServerProxy.lambda$submitClientRequestAsync$7(RaftServerProxy.java:333) ~[ratis-server-0.4.0-2337318-SNAPSHOT.jar:0.4.0-2337318-SNAPSHOT]
	at org.apache.ratis.server.impl.RaftServerProxy.lambda$null$5(RaftServerProxy.java:328) ~[ratis-server-0.4.0-2337318-SNAPSHOT.jar:0.4.0-2337318-SNAPSHOT]
	at org.apache.ratis.util.JavaUtils.callAsUnchecked(JavaUtils.java:109) ~[ratis-common-0.4.0-2337318-SNAPSHOT.jar:0.4.0-2337318-SNAPSHOT]
	at org.apache.ratis.server.impl.RaftServerProxy.lambda$submitRequest$6(RaftServerProxy.java:328) ~[ratis-server-0.4.0-2337318-SNAPSHOT.jar:0.4.0-2337318-SNAPSHOT]
	at java.util.concurrent.CompletableFuture.uniComposeStage(CompletableFuture.java:981) ~[?:1.8.0_212]
	at java.util.concurrent.CompletableFuture.thenCompose(CompletableFuture.java:2124) ~[?:1.8.0_212]
	at org.apache.ratis.server.impl.RaftServerProxy.submitRequest(RaftServerProxy.java:327) ~[ratis-server-0.4.0-2337318-SNAPSHOT.jar:0.4.0-2337318-SNAPSHOT]
	at org.apache.ratis.server.impl.RaftServerProxy.submitClientRequestAsync(RaftServerProxy.java:333) ~[ratis-server-0.4.0-2337318-SNAPSHOT.jar:0.4.0-2337318-SNAPSHOT]
	at org.apache.ratis.grpc.client.GrpcClientProtocolService$RequestStreamObserver.processClientRequest(GrpcClientProtocolService.java:220) ~[ratis-grpc-0.4.0-2337318-SNAPSHOT.jar:0.4.0-2337318-SNAPSHOT]
	at org.apache.ratis.grpc.client.GrpcClientProtocolService$OrderedRequestStreamObserver.processClientRequest(GrpcClientProtocolService.java:326) ~[ratis-grpc-0.4.0-2337318-SNAPSHOT.jar:0.4.0-2337318-SNAPSHOT]
	at org.apache.ratis.util.SlidingWindow$Server.processRequestsFromHead(SlidingWindow.java:429) [ratis-common-0.4.0-2337318-SNAPSHOT.jar:0.4.0-2337318-SNAPSHOT]
	at org.apache.ratis.util.SlidingWindow$Server.receivedRequest(SlidingWindow.java:421) [ratis-common-0.4.0-2337318-SNAPSHOT.jar:0.4.0-2337318-SNAPSHOT]
	at org.apache.ratis.grpc.client.GrpcClientProtocolService$OrderedRequestStreamObserver.processClientRequest(GrpcClientProtocolService.java:345) [ratis-grpc-0.4.0-2337318-SNAPSHOT.jar:0.4.0-2337318-SNAPSHOT]
	at org.apache.ratis.grpc.client.GrpcClientProtocolService$RequestStreamObserver.onNext(GrpcClientProtocolService.java:240) [ratis-grpc-0.4.0-2337318-SNAPSHOT.jar:0.4.0-2337318-SNAPSHOT]
	at org.apache.ratis.grpc.client.GrpcClientProtocolService$RequestStreamObserver.onNext(GrpcClientProtocolService.java:168) [ratis-grpc-0.4.0-2337318-SNAPSHOT.jar:0.4.0-2337318-SNAPSHOT]
	at org.apache.ratis.thirdparty.io.grpc.stub.ServerCalls$StreamingServerCallHandler$StreamingServerCallListener.onMessage(ServerCalls.java:248) [ratis-thirdparty-misc-0.2.0.jar:0.2.0]
	at org.apache.ratis.thirdparty.io.grpc.internal.ServerCallImpl$ServerStreamListenerImpl.messagesAvailable(ServerCallImpl.java:263) [ratis-thirdparty-misc-0.2.0.jar:0.2.0]
	at org.apache.ratis.thirdparty.io.grpc.internal.ServerImpl$JumpToApplicationThreadServerStreamListener$1MessagesAvailable.runInContext(ServerImpl.java:686) [ratis-thirdparty-misc-0.2.0.jar:0.2.0]
	at org.apache.ratis.thirdparty.io.grpc.internal.ContextRunnable.run(ContextRunnable.java:37) [ratis-thirdparty-misc-0.2.0.jar:0.2.0]
	at org.apache.ratis.thirdparty.io.grpc.internal.SerializingExecutor.run(SerializingExecutor.java:123) [ratis-thirdparty-misc-0.2.0.jar:0.2.0]
	at java.util.concurrent.ThreadPoolExecutor.runWorker(ThreadPoolExecutor.java:1149) [?:1.8.0_212]
	at java.util.concurrent.ThreadPoolExecutor$Worker.run(ThreadPoolExecutor.java:624) [?:1.8.0_212]
	at java.lang.Thread.run(Thread.java:748) [?:1.8.0_212]
18:20:50.309 [grpc-default-executor-6] ERROR DNAudit - user=null | ip=null | op=WRITE_CHUNK {blockData=conID: 1 locID: 102763936171687949 bcsId: 14} | ret=FAILURE
org.apache.hadoop.hdds.scm.container.common.helpers.ContainerNotOpenException: Container 1 in CLOSING state
	at org.apache.hadoop.ozone.container.common.impl.HddsDispatcher.validateContainerCommand(HddsDispatcher.java:408) ~[hadoop-hdds-container-service-0.5.0-SNAPSHOT.jar:?]
	at org.apache.hadoop.ozone.container.common.transport.server.ratis.ContainerStateMachine.startTransaction(ContainerStateMachine.java:310) ~[hadoop-hdds-container-service-0.5.0-SNAPSHOT.jar:?]
	at org.apache.ratis.server.impl.RaftServerImpl.submitClientRequestAsync(RaftServerImpl.java:566) ~[ratis-server-0.4.0-2337318-SNAPSHOT.jar:0.4.0-2337318-SNAPSHOT]
	at org.apache.ratis.server.impl.RaftServerProxy.lambda$submitClientRequestAsync$7(RaftServerProxy.java:333) ~[ratis-server-0.4.0-2337318-SNAPSHOT.jar:0.4.0-2337318-SNAPSHOT]
	at org.apache.ratis.server.impl.RaftServerProxy.lambda$null$5(RaftServerProxy.java:328) ~[ratis-server-0.4.0-2337318-SNAPSHOT.jar:0.4.0-2337318-SNAPSHOT]
	at org.apache.ratis.util.JavaUtils.callAsUnchecked(JavaUtils.java:109) ~[ratis-common-0.4.0-2337318-SNAPSHOT.jar:0.4.0-2337318-SNAPSHOT]
	at org.apache.ratis.server.impl.RaftServerProxy.lambda$submitRequest$6(RaftServerProxy.java:328) ~[ratis-server-0.4.0-2337318-SNAPSHOT.jar:0.4.0-2337318-SNAPSHOT]
	at java.util.concurrent.CompletableFuture.uniComposeStage(CompletableFuture.java:981) ~[?:1.8.0_212]
	at java.util.concurrent.CompletableFuture.thenCompose(CompletableFuture.java:2124) ~[?:1.8.0_212]
	at org.apache.ratis.server.impl.RaftServerProxy.submitRequest(RaftServerProxy.java:327) ~[ratis-server-0.4.0-2337318-SNAPSHOT.jar:0.4.0-2337318-SNAPSHOT]
	at org.apache.ratis.server.impl.RaftServerProxy.submitClientRequestAsync(RaftServerProxy.java:333) ~[ratis-server-0.4.0-2337318-SNAPSHOT.jar:0.4.0-2337318-SNAPSHOT]
	at org.apache.ratis.grpc.client.GrpcClientProtocolService$RequestStreamObserver.processClientRequest(GrpcClientProtocolService.java:220) ~[ratis-grpc-0.4.0-2337318-SNAPSHOT.jar:0.4.0-2337318-SNAPSHOT]
	at org.apache.ratis.grpc.client.GrpcClientProtocolService$OrderedRequestStreamObserver.processClientRequest(GrpcClientProtocolService.java:326) ~[ratis-grpc-0.4.0-2337318-SNAPSHOT.jar:0.4.0-2337318-SNAPSHOT]
	at org.apache.ratis.util.SlidingWindow$Server.processRequestsFromHead(SlidingWindow.java:429) [ratis-common-0.4.0-2337318-SNAPSHOT.jar:0.4.0-2337318-SNAPSHOT]
	at org.apache.ratis.util.SlidingWindow$Server.receivedRequest(SlidingWindow.java:421) [ratis-common-0.4.0-2337318-SNAPSHOT.jar:0.4.0-2337318-SNAPSHOT]
	at org.apache.ratis.grpc.client.GrpcClientProtocolService$OrderedRequestStreamObserver.processClientRequest(GrpcClientProtocolService.java:345) [ratis-grpc-0.4.0-2337318-SNAPSHOT.jar:0.4.0-2337318-SNAPSHOT]
	at org.apache.ratis.grpc.client.GrpcClientProtocolService$RequestStreamObserver.onNext(GrpcClientProtocolService.java:240) [ratis-grpc-0.4.0-2337318-SNAPSHOT.jar:0.4.0-2337318-SNAPSHOT]
	at org.apache.ratis.grpc.client.GrpcClientProtocolService$RequestStreamObserver.onNext(GrpcClientProtocolService.java:168) [ratis-grpc-0.4.0-2337318-SNAPSHOT.jar:0.4.0-2337318-SNAPSHOT]
	at org.apache.ratis.thirdparty.io.grpc.stub.ServerCalls$StreamingServerCallHandler$StreamingServerCallListener.onMessage(ServerCalls.java:248) [ratis-thirdparty-misc-0.2.0.jar:0.2.0]
	at org.apache.ratis.thirdparty.io.grpc.internal.ServerCallImpl$ServerStreamListenerImpl.messagesAvailable(ServerCallImpl.java:263) [ratis-thirdparty-misc-0.2.0.jar:0.2.0]
	at org.apache.ratis.thirdparty.io.grpc.internal.ServerImpl$JumpToApplicationThreadServerStreamListener$1MessagesAvailable.runInContext(ServerImpl.java:686) [ratis-thirdparty-misc-0.2.0.jar:0.2.0]
	at org.apache.ratis.thirdparty.io.grpc.internal.ContextRunnable.run(ContextRunnable.java:37) [ratis-thirdparty-misc-0.2.0.jar:0.2.0]
	at org.apache.ratis.thirdparty.io.grpc.internal.SerializingExecutor.run(SerializingExecutor.java:123) [ratis-thirdparty-misc-0.2.0.jar:0.2.0]
	at java.util.concurrent.ThreadPoolExecutor.runWorker(ThreadPoolExecutor.java:1149) [?:1.8.0_212]
	at java.util.concurrent.ThreadPoolExecutor$Worker.run(ThreadPoolExecutor.java:624) [?:1.8.0_212]
	at java.lang.Thread.run(Thread.java:748) [?:1.8.0_212]
2019-09-09 18:20:50,314 [grpc-default-executor-10] INFO  client.GrpcClientProtocolClient (GrpcClientProtocolClient.java:onNext(255)) - client-BBE0E7E558EB->15e1789d-ac2a-4475-abee-a38317121f11: receive RaftClientReply:client-BBE0E7E558EB->15e1789d-ac2a-4475-abee-a38317121f11@group-DCA3D03F97BF, cid=187, FAILED org.apache.ratis.protocol.StateMachineException: org.apache.hadoop.hdds.scm.container.common.helpers.ContainerNotOpenException from Server 15e1789d-ac2a-4475-abee-a38317121f11: Container 1 in CLOSING state, logIndex=0, commits[15e1789d-ac2a-4475-abee-a38317121f11:c18, af604a16-3132-44f3-9021-2610f5975837:c16, bc9d40ff-be27-40b6-866f-f71d568af030:c17]
18:20:50.316 [grpc-default-executor-6] ERROR DNAudit - user=null | ip=null | op=PUT_BLOCK {blockData=[blockId=conID: 1 locID: 102763936171687949 bcsId: 0,size=800]} | ret=FAILURE
org.apache.hadoop.hdds.scm.container.common.helpers.ContainerNotOpenException: Container 1 in CLOSING state
	at org.apache.hadoop.ozone.container.common.impl.HddsDispatcher.validateContainerCommand(HddsDispatcher.java:408) ~[hadoop-hdds-container-service-0.5.0-SNAPSHOT.jar:?]
	at org.apache.hadoop.ozone.container.common.transport.server.ratis.ContainerStateMachine.startTransaction(ContainerStateMachine.java:310) ~[hadoop-hdds-container-service-0.5.0-SNAPSHOT.jar:?]
	at org.apache.ratis.server.impl.RaftServerImpl.submitClientRequestAsync(RaftServerImpl.java:566) ~[ratis-server-0.4.0-2337318-SNAPSHOT.jar:0.4.0-2337318-SNAPSHOT]
	at org.apache.ratis.server.impl.RaftServerProxy.lambda$submitClientRequestAsync$7(RaftServerProxy.java:333) ~[ratis-server-0.4.0-2337318-SNAPSHOT.jar:0.4.0-2337318-SNAPSHOT]
	at org.apache.ratis.server.impl.RaftServerProxy.lambda$null$5(RaftServerProxy.java:328) ~[ratis-server-0.4.0-2337318-SNAPSHOT.jar:0.4.0-2337318-SNAPSHOT]
	at org.apache.ratis.util.JavaUtils.callAsUnchecked(JavaUtils.java:109) ~[ratis-common-0.4.0-2337318-SNAPSHOT.jar:0.4.0-2337318-SNAPSHOT]
	at org.apache.ratis.server.impl.RaftServerProxy.lambda$submitRequest$6(RaftServerProxy.java:328) ~[ratis-server-0.4.0-2337318-SNAPSHOT.jar:0.4.0-2337318-SNAPSHOT]
	at java.util.concurrent.CompletableFuture.uniComposeStage(CompletableFuture.java:981) ~[?:1.8.0_212]
	at java.util.concurrent.CompletableFuture.thenCompose(CompletableFuture.java:2124) ~[?:1.8.0_212]
	at org.apache.ratis.server.impl.RaftServerProxy.submitRequest(RaftServerProxy.java:327) ~[ratis-server-0.4.0-2337318-SNAPSHOT.jar:0.4.0-2337318-SNAPSHOT]
	at org.apache.ratis.server.impl.RaftServerProxy.submitClientRequestAsync(RaftServerProxy.java:333) ~[ratis-server-0.4.0-2337318-SNAPSHOT.jar:0.4.0-2337318-SNAPSHOT]
	at org.apache.ratis.grpc.client.GrpcClientProtocolService$RequestStreamObserver.processClientRequest(GrpcClientProtocolService.java:220) ~[ratis-grpc-0.4.0-2337318-SNAPSHOT.jar:0.4.0-2337318-SNAPSHOT]
	at org.apache.ratis.grpc.client.GrpcClientProtocolService$OrderedRequestStreamObserver.processClientRequest(GrpcClientProtocolService.java:326) ~[ratis-grpc-0.4.0-2337318-SNAPSHOT.jar:0.4.0-2337318-SNAPSHOT]
	at org.apache.ratis.util.SlidingWindow$Server.processRequestsFromHead(SlidingWindow.java:429) [ratis-common-0.4.0-2337318-SNAPSHOT.jar:0.4.0-2337318-SNAPSHOT]
	at org.apache.ratis.util.SlidingWindow$Server.receivedRequest(SlidingWindow.java:421) [ratis-common-0.4.0-2337318-SNAPSHOT.jar:0.4.0-2337318-SNAPSHOT]
	at org.apache.ratis.grpc.client.GrpcClientProtocolService$OrderedRequestStreamObserver.processClientRequest(GrpcClientProtocolService.java:345) [ratis-grpc-0.4.0-2337318-SNAPSHOT.jar:0.4.0-2337318-SNAPSHOT]
	at org.apache.ratis.grpc.client.GrpcClientProtocolService$RequestStreamObserver.onNext(GrpcClientProtocolService.java:240) [ratis-grpc-0.4.0-2337318-SNAPSHOT.jar:0.4.0-2337318-SNAPSHOT]
	at org.apache.ratis.grpc.client.GrpcClientProtocolService$RequestStreamObserver.onNext(GrpcClientProtocolService.java:168) [ratis-grpc-0.4.0-2337318-SNAPSHOT.jar:0.4.0-2337318-SNAPSHOT]
	at org.apache.ratis.thirdparty.io.grpc.stub.ServerCalls$StreamingServerCallHandler$StreamingServerCallListener.onMessage(ServerCalls.java:248) [ratis-thirdparty-misc-0.2.0.jar:0.2.0]
	at org.apache.ratis.thirdparty.io.grpc.internal.ServerCallImpl$ServerStreamListenerImpl.messagesAvailable(ServerCallImpl.java:263) [ratis-thirdparty-misc-0.2.0.jar:0.2.0]
	at org.apache.ratis.thirdparty.io.grpc.internal.ServerImpl$JumpToApplicationThreadServerStreamListener$1MessagesAvailable.runInContext(ServerImpl.java:686) [ratis-thirdparty-misc-0.2.0.jar:0.2.0]
	at org.apache.ratis.thirdparty.io.grpc.internal.ContextRunnable.run(ContextRunnable.java:37) [ratis-thirdparty-misc-0.2.0.jar:0.2.0]
	at org.apache.ratis.thirdparty.io.grpc.internal.SerializingExecutor.run(SerializingExecutor.java:123) [ratis-thirdparty-misc-0.2.0.jar:0.2.0]
	at java.util.concurrent.ThreadPoolExecutor.runWorker(ThreadPoolExecutor.java:1149) [?:1.8.0_212]
	at java.util.concurrent.ThreadPoolExecutor$Worker.run(ThreadPoolExecutor.java:624) [?:1.8.0_212]
	at java.lang.Thread.run(Thread.java:748) [?:1.8.0_212]
2019-09-09 18:20:50,316 [grpc-default-executor-10] INFO  client.GrpcClientProtocolClient (GrpcClientProtocolClient.java:onNext(255)) - client-BBE0E7E558EB->15e1789d-ac2a-4475-abee-a38317121f11: receive RaftClientReply:client-BBE0E7E558EB->15e1789d-ac2a-4475-abee-a38317121f11@group-DCA3D03F97BF, cid=188, FAILED org.apache.ratis.protocol.StateMachineException: org.apache.hadoop.hdds.scm.container.common.helpers.ContainerNotOpenException from Server 15e1789d-ac2a-4475-abee-a38317121f11: Container 1 in CLOSING state, logIndex=0, commits[15e1789d-ac2a-4475-abee-a38317121f11:c18, af604a16-3132-44f3-9021-2610f5975837:c16, bc9d40ff-be27-40b6-866f-f71d568af030:c17]
2019-09-09 18:20:50,328 [grpc-default-executor-6] INFO  client.GrpcClientProtocolClient (GrpcClientProtocolClient.java:onNext(255)) - client-BBE0E7E558EB->15e1789d-ac2a-4475-abee-a38317121f11: receive RaftClientReply:client-BBE0E7E558EB->15e1789d-ac2a-4475-abee-a38317121f11@group-DCA3D03F97BF, cid=189, FAILED org.apache.ratis.protocol.StateMachineException: org.apache.hadoop.hdds.scm.container.common.helpers.ContainerNotOpenException from Server 15e1789d-ac2a-4475-abee-a38317121f11: Container 1 in CLOSING state, logIndex=0, commits[15e1789d-ac2a-4475-abee-a38317121f11:c18, af604a16-3132-44f3-9021-2610f5975837:c16, bc9d40ff-be27-40b6-866f-f71d568af030:c17]
2019-09-09 18:20:50,369 [grpc-default-executor-6] INFO  client.GrpcClientProtocolClient (GrpcClientProtocolClient.java:onNext(255)) - client-E7E30B259684->74314560-160c-4793-8a97-1d59b2f4bc54: receive RaftClientReply:client-E7E30B259684->74314560-160c-4793-8a97-1d59b2f4bc54@group-6AA028D19D8E, cid=190, FAILED org.apache.ratis.protocol.NotLeaderException: Server 74314560-160c-4793-8a97-1d59b2f4bc54 is not the leader (a5b0d3c7-891f-43bc-b910-03bd90504a9e:192.168.5.148:40823). Request must be sent to leader., logIndex=0, commits[74314560-160c-4793-8a97-1d59b2f4bc54:c0, a5b0d3c7-891f-43bc-b910-03bd90504a9e:c0, 20b1fa90-b15b-4994-ae75-85145e91141e:c0]
2019-09-09 18:20:50,587 [grpc-default-executor-10] INFO  client.GrpcClientProtocolClient (GrpcClientProtocolClient.java:onNext(255)) - client-E7E30B259684->a5b0d3c7-891f-43bc-b910-03bd90504a9e: receive RaftClientReply:client-E7E30B259684->a5b0d3c7-891f-43bc-b910-03bd90504a9e@group-6AA028D19D8E, cid=190, SUCCESS, logIndex=1, commits[a5b0d3c7-891f-43bc-b910-03bd90504a9e:c1, 20b1fa90-b15b-4994-ae75-85145e91141e:c0, 74314560-160c-4793-8a97-1d59b2f4bc54:c0]
2019-09-09 18:20:50,603 [grpc-default-executor-10] INFO  client.GrpcClientProtocolClient (GrpcClientProtocolClient.java:onNext(255)) - client-E7E30B259684->a5b0d3c7-891f-43bc-b910-03bd90504a9e: receive RaftClientReply:client-E7E30B259684->a5b0d3c7-891f-43bc-b910-03bd90504a9e@group-6AA028D19D8E, cid=191, SUCCESS, logIndex=3, commits[a5b0d3c7-891f-43bc-b910-03bd90504a9e:c4, 20b1fa90-b15b-4994-ae75-85145e91141e:c1, 74314560-160c-4793-8a97-1d59b2f4bc54:c1]
2019-09-09 18:20:50,683 [grpc-default-executor-10] INFO  client.GrpcClientProtocolClient (GrpcClientProtocolClient.java:onNext(255)) - client-E7E30B259684->a5b0d3c7-891f-43bc-b910-03bd90504a9e: receive RaftClientReply:client-E7E30B259684->a5b0d3c7-891f-43bc-b910-03bd90504a9e@group-6AA028D19D8E, cid=192, SUCCESS, logIndex=4, commits[a5b0d3c7-891f-43bc-b910-03bd90504a9e:c11, 20b1fa90-b15b-4994-ae75-85145e91141e:c7, 74314560-160c-4793-8a97-1d59b2f4bc54:c7]
2019-09-09 18:20:50,684 [grpc-default-executor-10] INFO  client.GrpcClientProtocolClient (GrpcClientProtocolClient.java:onNext(255)) - client-E7E30B259684->a5b0d3c7-891f-43bc-b910-03bd90504a9e: receive RaftClientReply:client-E7E30B259684->a5b0d3c7-891f-43bc-b910-03bd90504a9e@group-6AA028D19D8E, cid=193, SUCCESS, logIndex=5, commits[a5b0d3c7-891f-43bc-b910-03bd90504a9e:c11, 20b1fa90-b15b-4994-ae75-85145e91141e:c7, 74314560-160c-4793-8a97-1d59b2f4bc54:c7]
2019-09-09 18:20:50,685 [grpc-default-executor-10] INFO  client.GrpcClientProtocolClient (GrpcClientProtocolClient.java:onNext(255)) - client-E7E30B259684->a5b0d3c7-891f-43bc-b910-03bd90504a9e: receive RaftClientReply:client-E7E30B259684->a5b0d3c7-891f-43bc-b910-03bd90504a9e@group-6AA028D19D8E, cid=194, SUCCESS, logIndex=6, commits[a5b0d3c7-891f-43bc-b910-03bd90504a9e:c11, 20b1fa90-b15b-4994-ae75-85145e91141e:c7, 74314560-160c-4793-8a97-1d59b2f4bc54:c7]
2019-09-09 18:20:50,843 [grpc-default-executor-10] INFO  client.GrpcClientProtocolClient (GrpcClientProtocolClient.java:onNext(255)) - client-E7E30B259684->a5b0d3c7-891f-43bc-b910-03bd90504a9e: receive RaftClientReply:client-E7E30B259684->a5b0d3c7-891f-43bc-b910-03bd90504a9e@group-6AA028D19D8E, cid=195, SUCCESS, logIndex=7, commits[a5b0d3c7-891f-43bc-b910-03bd90504a9e:c11, 20b1fa90-b15b-4994-ae75-85145e91141e:c7, 74314560-160c-4793-8a97-1d59b2f4bc54:c7]
2019-09-09 18:20:50,866 [grpc-default-executor-9] INFO  client.GrpcClientProtocolClient (GrpcClientProtocolClient.java:onNext(255)) - client-E7E30B259684->a5b0d3c7-891f-43bc-b910-03bd90504a9e: receive RaftClientReply:client-E7E30B259684->a5b0d3c7-891f-43bc-b910-03bd90504a9e@group-6AA028D19D8E, cid=196, SUCCESS, logIndex=12, commits[a5b0d3c7-891f-43bc-b910-03bd90504a9e:c13, 20b1fa90-b15b-4994-ae75-85145e91141e:c11, 74314560-160c-4793-8a97-1d59b2f4bc54:c11]
2019-09-09 18:20:50,867 [grpc-default-executor-9] INFO  client.GrpcClientProtocolClient (GrpcClientProtocolClient.java:onNext(255)) - client-E7E30B259684->a5b0d3c7-891f-43bc-b910-03bd90504a9e: receive RaftClientReply:client-E7E30B259684->a5b0d3c7-891f-43bc-b910-03bd90504a9e@group-6AA028D19D8E, cid=197, SUCCESS, logIndex=13, commits[a5b0d3c7-891f-43bc-b910-03bd90504a9e:c13, 20b1fa90-b15b-4994-ae75-85145e91141e:c11, 74314560-160c-4793-8a97-1d59b2f4bc54:c11]
2019-09-09 18:20:50,873 [grpc-default-executor-10] INFO  client.GrpcClientProtocolClient (GrpcClientProtocolClient.java:onNext(255)) - client-E7E30B259684->a5b0d3c7-891f-43bc-b910-03bd90504a9e: receive RaftClientReply:client-E7E30B259684->a5b0d3c7-891f-43bc-b910-03bd90504a9e@group-6AA028D19D8E, cid=198, SUCCESS, logIndex=0, commits[a5b0d3c7-891f-43bc-b910-03bd90504a9e:c15, 20b1fa90-b15b-4994-ae75-85145e91141e:c13, 74314560-160c-4793-8a97-1d59b2f4bc54:c13]
2019-09-09 18:20:50,875 [main] INFO  ozone.MiniOzoneClusterImpl (MiniOzoneClusterImpl.java:shutdown(307)) - Shutting down the Mini Ozone Cluster
2019-09-09 18:20:50,875 [main] INFO  ozone.MiniOzoneClusterImpl (MiniOzoneClusterImpl.java:stop(322)) - Stopping the Mini Ozone Cluster
2019-09-09 18:20:50,875 [main] INFO  ozone.MiniOzoneClusterImpl (MiniOzoneClusterImpl.java:stop(324)) - Stopping the OzoneManager
2019-09-09 18:20:50,875 [main] INFO  ipc.Server (Server.java:stop(3082)) - Stopping server on 46498
2019-09-09 18:20:50,888 [IPC Server listener on 46498] INFO  ipc.Server (Server.java:run(1185)) - Stopping IPC Server listener on 46498
2019-09-09 18:20:50,894 [IPC Server Responder] INFO  ipc.Server (Server.java:run(1319)) - Stopping IPC Server Responder
2019-09-09 18:20:50,889 [main] INFO  ratis.OzoneManagerDoubleBuffer (OzoneManagerDoubleBuffer.java:stop(248)) - Stopping OMDoubleBuffer flush thread
2019-09-09 18:20:50,914 [OMDoubleBufferFlushThread] INFO  ratis.OzoneManagerDoubleBuffer (OzoneManagerDoubleBuffer.java:flushTransactions(191)) - OMDoubleBuffer flush thread OMDoubleBufferFlushThread is interrupted and will exit. OMDoubleBufferFlushThread
2019-09-09 18:20:50,914 [main] INFO  utils.BackgroundService (BackgroundService.java:shutdown(148)) - Shutting down service KeyDeletingService
2019-09-09 18:20:50,917 [main] INFO  handler.ContextHandler (ContextHandler.java:doStop(910)) - Stopped o.e.j.w.WebAppContext@28be7fec{/,null,UNAVAILABLE}{/ozoneManager}
2019-09-09 18:20:50,917 [main] INFO  server.AbstractConnector (AbstractConnector.java:doStop(318)) - Stopped ServerConnector@26f0141{HTTP/1.1,[http/1.1]}{0.0.0.0:0}
2019-09-09 18:20:50,918 [main] INFO  handler.ContextHandler (ContextHandler.java:doStop(910)) - Stopped o.e.j.s.ServletContextHandler@515ab3f2{/static,file:///workdir/hadoop-ozone/integration-test/target/test-classes/webapps/static,UNAVAILABLE}
2019-09-09 18:20:50,919 [main] INFO  handler.ContextHandler (ContextHandler.java:doStop(910)) - Stopped o.e.j.s.ServletContextHandler@5438fa43{/logs,file:///workdir/hadoop-ozone/integration-test/target/log,UNAVAILABLE}
2019-09-09 18:20:50,921 [main] INFO  ozone.MiniOzoneClusterImpl (MiniOzoneClusterImpl.java:stop(330)) - Shutting the HddsDatanodes
2019-09-09 18:20:51,569 [Datanode State Machine Thread - 0] INFO  statemachine.DatanodeStateMachine (DatanodeStateMachine.java:lambda$startDaemon$0(350)) - Ozone container server started.
2019-09-09 18:20:51,713 [Datanode State Machine Thread - 0] INFO  statemachine.DatanodeStateMachine (DatanodeStateMachine.java:lambda$startDaemon$0(350)) - Ozone container server started.
2019-09-09 18:20:52,484 [grpc-default-executor-6] WARN  server.GrpcLogAppender (LogUtils.java:warn(134)) - 15e1789d-ac2a-4475-abee-a38317121f11->af604a16-3132-44f3-9021-2610f5975837: Failed appendEntries: org.apache.ratis.thirdparty.io.grpc.StatusRuntimeException: UNAVAILABLE: io exception
2019-09-09 18:20:52,485 [grpc-default-executor-6] INFO  impl.FollowerInfo (FollowerInfo.java:lambda$new$0(50)) - 15e1789d-ac2a-4475-abee-a38317121f11->af604a16-3132-44f3-9021-2610f5975837: nextIndex: updateUnconditionally 1 -> 0
2019-09-09 18:20:54,987 [grpc-default-executor-6] WARN  server.GrpcLogAppender (LogUtils.java:warn(134)) - 15e1789d-ac2a-4475-abee-a38317121f11->af604a16-3132-44f3-9021-2610f5975837: Failed appendEntries: org.apache.ratis.thirdparty.io.grpc.StatusRuntimeException: UNAVAILABLE: io exception
2019-09-09 18:20:54,988 [grpc-default-executor-6] INFO  impl.FollowerInfo (FollowerInfo.java:lambda$new$0(50)) - 15e1789d-ac2a-4475-abee-a38317121f11->af604a16-3132-44f3-9021-2610f5975837: nextIndex: updateUnconditionally 0 -> 0
2019-09-09 18:20:55,617 [EventQueue-StaleNodeForStaleNodeHandler] INFO  node.StaleNodeHandler (StaleNodeHandler.java:onMessage(58)) - Datanode 20b1fa90-b15b-4994-ae75-85145e91141e{ip: 192.168.5.148, host: pr-hdds-2076-trb5z-849201047, networkLocation: /default-rack, certSerialId: null} moved to stale state. Finalizing its pipelines [PipelineID=1a94940f-3bcf-4936-a69c-6aa028d19d8e, PipelineID=cd3cf9f1-d209-498b-ae0d-cb8584f01914]
2019-09-09 18:20:55,617 [EventQueue-StaleNodeForStaleNodeHandler] INFO  pipeline.SCMPipelineManager (SCMPipelineManager.java:finalizeAndDestroyPipeline(311)) - destroying pipeline:Pipeline[ Id: 1a94940f-3bcf-4936-a69c-6aa028d19d8e, Nodes: 74314560-160c-4793-8a97-1d59b2f4bc54{ip: 192.168.5.148, host: pr-hdds-2076-trb5z-849201047, networkLocation: /default-rack, certSerialId: null}20b1fa90-b15b-4994-ae75-85145e91141e{ip: 192.168.5.148, host: pr-hdds-2076-trb5z-849201047, networkLocation: /default-rack, certSerialId: null}a5b0d3c7-891f-43bc-b910-03bd90504a9e{ip: 192.168.5.148, host: pr-hdds-2076-trb5z-849201047, networkLocation: /default-rack, certSerialId: null}, Type:RATIS, Factor:THREE, State:OPEN]
2019-09-09 18:20:55,617 [EventQueue-StaleNodeForStaleNodeHandler] INFO  pipeline.PipelineStateManager (PipelineStateManager.java:finalizePipeline(123)) - Pipeline Pipeline[ Id: 1a94940f-3bcf-4936-a69c-6aa028d19d8e, Nodes: 74314560-160c-4793-8a97-1d59b2f4bc54{ip: 192.168.5.148, host: pr-hdds-2076-trb5z-849201047, networkLocation: /default-rack, certSerialId: null}20b1fa90-b15b-4994-ae75-85145e91141e{ip: 192.168.5.148, host: pr-hdds-2076-trb5z-849201047, networkLocation: /default-rack, certSerialId: null}a5b0d3c7-891f-43bc-b910-03bd90504a9e{ip: 192.168.5.148, host: pr-hdds-2076-trb5z-849201047, networkLocation: /default-rack, certSerialId: null}, Type:RATIS, Factor:THREE, State:CLOSED] moved to CLOSED state
2019-09-09 18:20:55,618 [EventQueue-CloseContainerForCloseContainerEventHandler] INFO  container.CloseContainerEventHandler (CloseContainerEventHandler.java:onMessage(61)) - Close container Event triggered for container : #2
2019-09-09 18:20:55,618 [EventQueue-StaleNodeForStaleNodeHandler] INFO  pipeline.SCMPipelineManager (SCMPipelineManager.java:finalizeAndDestroyPipeline(311)) - destroying pipeline:Pipeline[ Id: cd3cf9f1-d209-498b-ae0d-cb8584f01914, Nodes: 20b1fa90-b15b-4994-ae75-85145e91141e{ip: 192.168.5.148, host: pr-hdds-2076-trb5z-849201047, networkLocation: /default-rack, certSerialId: null}, Type:RATIS, Factor:ONE, State:OPEN]
2019-09-09 18:20:55,618 [EventQueue-StaleNodeForStaleNodeHandler] INFO  pipeline.PipelineStateManager (PipelineStateManager.java:finalizePipeline(123)) - Pipeline Pipeline[ Id: cd3cf9f1-d209-498b-ae0d-cb8584f01914, Nodes: 20b1fa90-b15b-4994-ae75-85145e91141e{ip: 192.168.5.148, host: pr-hdds-2076-trb5z-849201047, networkLocation: /default-rack, certSerialId: null}, Type:RATIS, Factor:ONE, State:CLOSED] moved to CLOSED state
2019-09-09 18:20:55,717 [EventQueue-StaleNodeForStaleNodeHandler] INFO  node.StaleNodeHandler (StaleNodeHandler.java:onMessage(58)) - Datanode 15e1789d-ac2a-4475-abee-a38317121f11{ip: 192.168.5.148, host: pr-hdds-2076-trb5z-849201047, networkLocation: /default-rack, certSerialId: null} moved to stale state. Finalizing its pipelines [PipelineID=272e3354-de38-4197-9c80-dca3d03f97bf, PipelineID=b5abd6d5-4063-4435-9d30-55adf2135299]
2019-09-09 18:20:55,717 [EventQueue-StaleNodeForStaleNodeHandler] INFO  pipeline.SCMPipelineManager (SCMPipelineManager.java:finalizeAndDestroyPipeline(311)) - destroying pipeline:Pipeline[ Id: 272e3354-de38-4197-9c80-dca3d03f97bf, Nodes: af604a16-3132-44f3-9021-2610f5975837{ip: 192.168.5.148, host: pr-hdds-2076-trb5z-849201047, networkLocation: /default-rack, certSerialId: null}bc9d40ff-be27-40b6-866f-f71d568af030{ip: 192.168.5.148, host: pr-hdds-2076-trb5z-849201047, networkLocation: /default-rack, certSerialId: null}15e1789d-ac2a-4475-abee-a38317121f11{ip: 192.168.5.148, host: pr-hdds-2076-trb5z-849201047, networkLocation: /default-rack, certSerialId: null}, Type:RATIS, Factor:THREE, State:CLOSED]
2019-09-09 18:20:55,717 [EventQueue-StaleNodeForStaleNodeHandler] INFO  pipeline.SCMPipelineManager (SCMPipelineManager.java:finalizeAndDestroyPipeline(311)) - destroying pipeline:Pipeline[ Id: b5abd6d5-4063-4435-9d30-55adf2135299, Nodes: 15e1789d-ac2a-4475-abee-a38317121f11{ip: 192.168.5.148, host: pr-hdds-2076-trb5z-849201047, networkLocation: /default-rack, certSerialId: null}, Type:RATIS, Factor:ONE, State:OPEN]
2019-09-09 18:20:55,718 [EventQueue-StaleNodeForStaleNodeHandler] INFO  pipeline.PipelineStateManager (PipelineStateManager.java:finalizePipeline(123)) - Pipeline Pipeline[ Id: b5abd6d5-4063-4435-9d30-55adf2135299, Nodes: 15e1789d-ac2a-4475-abee-a38317121f11{ip: 192.168.5.148, host: pr-hdds-2076-trb5z-849201047, networkLocation: /default-rack, certSerialId: null}, Type:RATIS, Factor:ONE, State:CLOSED] moved to CLOSED state
2019-09-09 18:20:55,923 [main] INFO  ozoneimpl.OzoneContainer (OzoneContainer.java:stop(230)) - Attempting to stop container services.
2019-09-09 18:20:55,923 [ForkJoinPool.commonPool-worker-1] INFO  ozoneimpl.OzoneContainer (OzoneContainer.java:stop(230)) - Attempting to stop container services.
2019-09-09 18:20:55,924 [main] INFO  impl.RaftServerProxy (RaftServerProxy.java:lambda$close$4(314)) - 20b1fa90-b15b-4994-ae75-85145e91141e: close
2019-09-09 18:20:55,924 [ForkJoinPool.commonPool-worker-1] INFO  impl.RaftServerProxy (RaftServerProxy.java:lambda$close$4(314)) - 15e1789d-ac2a-4475-abee-a38317121f11: close
2019-09-09 18:20:55,925 [main] INFO  impl.RaftServerImpl (RaftServerImpl.java:lambda$shutdown$3(245)) - 20b1fa90-b15b-4994-ae75-85145e91141e: shutdown group-6AA028D19D8E
2019-09-09 18:20:55,925 [ForkJoinPool.commonPool-worker-1] INFO  impl.RaftServerImpl (RaftServerImpl.java:lambda$shutdown$3(245)) - 15e1789d-ac2a-4475-abee-a38317121f11: shutdown group-DCA3D03F97BF
2019-09-09 18:20:55,925 [main] INFO  util.JmxRegister (JmxRegister.java:unregister(73)) - Successfully un-registered JMX Bean with object name Ratis:service=RaftServer,group=group-6AA028D19D8E,id=20b1fa90-b15b-4994-ae75-85145e91141e
2019-09-09 18:20:55,926 [main] INFO  impl.RoleInfo (RoleInfo.java:shutdownFollowerState(121)) - 20b1fa90-b15b-4994-ae75-85145e91141e: shutdown FollowerState
2019-09-09 18:20:55,925 [ForkJoinPool.commonPool-worker-1] INFO  util.JmxRegister (JmxRegister.java:unregister(73)) - Successfully un-registered JMX Bean with object name Ratis:service=RaftServer,group=group-DCA3D03F97BF,id=15e1789d-ac2a-4475-abee-a38317121f11
2019-09-09 18:20:55,926 [StateMachineUpdater:20b1fa90-b15b-4994-ae75-85145e91141e:group-6AA028D19D8E] INFO  ratis.ContainerStateMachine (ContainerStateMachine.java:takeSnapshot(284)) - group-6AA028D19D8E: Taking a snapshot at:(t:2, i:13) file /workdir/hadoop-ozone/integration-test/target/test-dir/MiniOzoneClusterImpl-95ae6e3b-0d2e-4555-bae3-c8c32225a9eb/datanode-4/data/ratis/1a94940f-3bcf-4936-a69c-6aa028d19d8e/sm/snapshot.2_13
2019-09-09 18:20:55,926 [Thread-3401] INFO  impl.FollowerState (FollowerState.java:run(114)) - 20b1fa90-b15b-4994-ae75-85145e91141e: FollowerState was interrupted: java.lang.InterruptedException: sleep interrupted
2019-09-09 18:20:55,926 [main] INFO  impl.StateMachineUpdater (StateMachineUpdater.java:stopAndJoin(115)) - StateMachineUpdater:20b1fa90-b15b-4994-ae75-85145e91141e:group-6AA028D19D8E: set stopIndex = 15
2019-09-09 18:20:55,926 [ForkJoinPool.commonPool-worker-1] INFO  impl.RoleInfo (RoleInfo.java:shutdownLeaderState(104)) - 15e1789d-ac2a-4475-abee-a38317121f11: shutdown LeaderState
2019-09-09 18:20:55,931 [org.apache.ratis.server.impl.LogAppender$AppenderDaemon$$Lambda$508/2144162701@6a2d8c97] WARN  server.GrpcLogAppender (GrpcLogAppender.java:mayWait(143)) - GrpcLogAppender(15e1789d-ac2a-4475-abee-a38317121f11->af604a16-3132-44f3-9021-2610f5975837): Wait interrupted by java.lang.InterruptedException
2019-09-09 18:20:55,931 [ForkJoinPool.commonPool-worker-1] INFO  impl.PendingRequests (PendingRequests.java:sendNotLeaderResponses(202)) - 15e1789d-ac2a-4475-abee-a38317121f11-PendingRequests: sendNotLeaderResponses
2019-09-09 18:20:55,931 [org.apache.ratis.server.impl.LogAppender$AppenderDaemon$$Lambda$508/2144162701@51e49b0d] WARN  server.GrpcLogAppender (GrpcLogAppender.java:mayWait(143)) - GrpcLogAppender(15e1789d-ac2a-4475-abee-a38317121f11->bc9d40ff-be27-40b6-866f-f71d568af030): Wait interrupted by java.lang.InterruptedException
2019-09-09 18:20:55,932 [grpc-default-executor-9] INFO  server.GrpcServerProtocolService (GrpcServerProtocolService.java:onCompleted(104)) - bc9d40ff-be27-40b6-866f-f71d568af030: appendEntries completed
2019-09-09 18:20:55,933 [StateMachineUpdater:15e1789d-ac2a-4475-abee-a38317121f11:group-DCA3D03F97BF] INFO  ratis.ContainerStateMachine (ContainerStateMachine.java:takeSnapshot(284)) - group-DCA3D03F97BF: Taking a snapshot at:(t:2, i:14) file /workdir/hadoop-ozone/integration-test/target/test-dir/MiniOzoneClusterImpl-95ae6e3b-0d2e-4555-bae3-c8c32225a9eb/datanode-1/data/ratis/272e3354-de38-4197-9c80-dca3d03f97bf/sm/snapshot.2_14
2019-09-09 18:20:55,932 [ForkJoinPool.commonPool-worker-1] INFO  impl.StateMachineUpdater (StateMachineUpdater.java:stopAndJoin(115)) - StateMachineUpdater:15e1789d-ac2a-4475-abee-a38317121f11:group-DCA3D03F97BF: set stopIndex = 18
2019-09-09 18:20:55,933 [grpc-default-executor-9] INFO  server.GrpcLogAppender (GrpcLogAppender.java:onCompleted(292)) - 15e1789d-ac2a-4475-abee-a38317121f11->bc9d40ff-be27-40b6-866f-f71d568af030: follower responses appendEntries COMPLETED
2019-09-09 18:20:55,934 [grpc-default-executor-9] INFO  impl.FollowerInfo (FollowerInfo.java:lambda$new$0(50)) - 15e1789d-ac2a-4475-abee-a38317121f11->bc9d40ff-be27-40b6-866f-f71d568af030: nextIndex: updateUnconditionally 19 -> 18
2019-09-09 18:20:55,939 [StateMachineUpdater:15e1789d-ac2a-4475-abee-a38317121f11:group-DCA3D03F97BF] INFO  ratis.ContainerStateMachine (ContainerStateMachine.java:takeSnapshot(295)) - group-DCA3D03F97BF: Finished taking a snapshot at:(t:2, i:14) file:/workdir/hadoop-ozone/integration-test/target/test-dir/MiniOzoneClusterImpl-95ae6e3b-0d2e-4555-bae3-c8c32225a9eb/datanode-1/data/ratis/272e3354-de38-4197-9c80-dca3d03f97bf/sm/snapshot.2_14 time:7
2019-09-09 18:20:55,939 [StateMachineUpdater:15e1789d-ac2a-4475-abee-a38317121f11:group-DCA3D03F97BF] INFO  impl.StateMachineUpdater (StateMachineUpdater.java:takeSnapshot(242)) - StateMachineUpdater:15e1789d-ac2a-4475-abee-a38317121f11:group-DCA3D03F97BF: Took a snapshot at index 14
2019-09-09 18:20:55,939 [StateMachineUpdater:20b1fa90-b15b-4994-ae75-85145e91141e:group-6AA028D19D8E] INFO  ratis.ContainerStateMachine (ContainerStateMachine.java:takeSnapshot(295)) - group-6AA028D19D8E: Finished taking a snapshot at:(t:2, i:13) file:/workdir/hadoop-ozone/integration-test/target/test-dir/MiniOzoneClusterImpl-95ae6e3b-0d2e-4555-bae3-c8c32225a9eb/datanode-4/data/ratis/1a94940f-3bcf-4936-a69c-6aa028d19d8e/sm/snapshot.2_13 time:13
2019-09-09 18:20:55,939 [StateMachineUpdater:15e1789d-ac2a-4475-abee-a38317121f11:group-DCA3D03F97BF] INFO  impl.StateMachineUpdater (StateMachineUpdater.java:lambda$new$0(80)) - StateMachineUpdater:15e1789d-ac2a-4475-abee-a38317121f11:group-DCA3D03F97BF: snapshotIndex: updateIncreasingly -1 -> 14
2019-09-09 18:20:55,940 [StateMachineUpdater:20b1fa90-b15b-4994-ae75-85145e91141e:group-6AA028D19D8E] INFO  impl.StateMachineUpdater (StateMachineUpdater.java:takeSnapshot(242)) - StateMachineUpdater:20b1fa90-b15b-4994-ae75-85145e91141e:group-6AA028D19D8E: Took a snapshot at index 13
2019-09-09 18:20:55,940 [StateMachineUpdater:20b1fa90-b15b-4994-ae75-85145e91141e:group-6AA028D19D8E] INFO  impl.StateMachineUpdater (StateMachineUpdater.java:lambda$new$0(80)) - StateMachineUpdater:20b1fa90-b15b-4994-ae75-85145e91141e:group-6AA028D19D8E: snapshotIndex: updateIncreasingly -1 -> 13
2019-09-09 18:20:55,940 [ForkJoinPool.commonPool-worker-1] INFO  impl.RaftServerImpl (ServerState.java:close(394)) - 15e1789d-ac2a-4475-abee-a38317121f11:group-DCA3D03F97BF closes. The last applied log index is 18
2019-09-09 18:20:55,940 [main] INFO  impl.RaftServerImpl (ServerState.java:close(394)) - 20b1fa90-b15b-4994-ae75-85145e91141e:group-6AA028D19D8E closes. The last applied log index is 15
2019-09-09 18:20:55,941 [15e1789d-ac2a-4475-abee-a38317121f11-SegmentedRaftLogWorker:Storage Directory /workdir/hadoop-ozone/integration-test/target/test-dir/MiniOzoneClusterImpl-95ae6e3b-0d2e-4555-bae3-c8c32225a9eb/datanode-1/data/ratis/272e3354-de38-4197-9c80-dca3d03f97bf] INFO  segmented.SegmentedRaftLogWorker (SegmentedRaftLogWorker.java:run(313)) - 15e1789d-ac2a-4475-abee-a38317121f11-SegmentedRaftLogWorker:Storage Directory /workdir/hadoop-ozone/integration-test/target/test-dir/MiniOzoneClusterImpl-95ae6e3b-0d2e-4555-bae3-c8c32225a9eb/datanode-1/data/ratis/272e3354-de38-4197-9c80-dca3d03f97bf was interrupted, exiting. There are 0 tasks remaining in the queue.
2019-09-09 18:20:55,941 [20b1fa90-b15b-4994-ae75-85145e91141e-SegmentedRaftLogWorker:Storage Directory /workdir/hadoop-ozone/integration-test/target/test-dir/MiniOzoneClusterImpl-95ae6e3b-0d2e-4555-bae3-c8c32225a9eb/datanode-4/data/ratis/1a94940f-3bcf-4936-a69c-6aa028d19d8e] INFO  segmented.SegmentedRaftLogWorker (SegmentedRaftLogWorker.java:run(313)) - 20b1fa90-b15b-4994-ae75-85145e91141e-SegmentedRaftLogWorker:Storage Directory /workdir/hadoop-ozone/integration-test/target/test-dir/MiniOzoneClusterImpl-95ae6e3b-0d2e-4555-bae3-c8c32225a9eb/datanode-4/data/ratis/1a94940f-3bcf-4936-a69c-6aa028d19d8e was interrupted, exiting. There are 0 tasks remaining in the queue.
2019-09-09 18:20:55,944 [ForkJoinPool.commonPool-worker-1] INFO  segmented.SegmentedRaftLogWorker (SegmentedRaftLogWorker.java:close(228)) - 15e1789d-ac2a-4475-abee-a38317121f11-SegmentedRaftLogWorker:Storage Directory /workdir/hadoop-ozone/integration-test/target/test-dir/MiniOzoneClusterImpl-95ae6e3b-0d2e-4555-bae3-c8c32225a9eb/datanode-1/data/ratis/272e3354-de38-4197-9c80-dca3d03f97bf close()
2019-09-09 18:20:55,944 [main] INFO  segmented.SegmentedRaftLogWorker (SegmentedRaftLogWorker.java:close(228)) - 20b1fa90-b15b-4994-ae75-85145e91141e-SegmentedRaftLogWorker:Storage Directory /workdir/hadoop-ozone/integration-test/target/test-dir/MiniOzoneClusterImpl-95ae6e3b-0d2e-4555-bae3-c8c32225a9eb/datanode-4/data/ratis/1a94940f-3bcf-4936-a69c-6aa028d19d8e close()
2019-09-09 18:20:55,947 [ForkJoinPool.commonPool-worker-1] INFO  impl.RaftServerImpl (RaftServerImpl.java:lambda$shutdown$3(245)) - 15e1789d-ac2a-4475-abee-a38317121f11: shutdown group-55ADF2135299
2019-09-09 18:20:55,950 [main] INFO  impl.RaftServerImpl (RaftServerImpl.java:lambda$shutdown$3(245)) - 20b1fa90-b15b-4994-ae75-85145e91141e: shutdown group-CB8584F01914
2019-09-09 18:20:55,951 [ForkJoinPool.commonPool-worker-1] INFO  util.JmxRegister (JmxRegister.java:unregister(73)) - Successfully un-registered JMX Bean with object name Ratis:service=RaftServer,group=group-55ADF2135299,id=15e1789d-ac2a-4475-abee-a38317121f11
2019-09-09 18:20:55,951 [main] INFO  util.JmxRegister (JmxRegister.java:unregister(73)) - Successfully un-registered JMX Bean with object name Ratis:service=RaftServer,group=group-CB8584F01914,id=20b1fa90-b15b-4994-ae75-85145e91141e
2019-09-09 18:20:55,951 [main] INFO  impl.RoleInfo (RoleInfo.java:shutdownLeaderState(104)) - 20b1fa90-b15b-4994-ae75-85145e91141e: shutdown LeaderState
2019-09-09 18:20:55,951 [ForkJoinPool.commonPool-worker-1] INFO  impl.RoleInfo (RoleInfo.java:shutdownLeaderState(104)) - 15e1789d-ac2a-4475-abee-a38317121f11: shutdown LeaderState
2019-09-09 18:20:55,952 [main] INFO  impl.PendingRequests (PendingRequests.java:sendNotLeaderResponses(202)) - 20b1fa90-b15b-4994-ae75-85145e91141e-PendingRequests: sendNotLeaderResponses
2019-09-09 18:20:55,952 [ForkJoinPool.commonPool-worker-1] INFO  impl.PendingRequests (PendingRequests.java:sendNotLeaderResponses(202)) - 15e1789d-ac2a-4475-abee-a38317121f11-PendingRequests: sendNotLeaderResponses
2019-09-09 18:20:55,952 [main] INFO  impl.StateMachineUpdater (StateMachineUpdater.java:stopAndJoin(115)) - StateMachineUpdater:20b1fa90-b15b-4994-ae75-85145e91141e:group-CB8584F01914: set stopIndex = 0
2019-09-09 18:20:55,953 [ForkJoinPool.commonPool-worker-1] INFO  impl.StateMachineUpdater (StateMachineUpdater.java:stopAndJoin(115)) - StateMachineUpdater:15e1789d-ac2a-4475-abee-a38317121f11:group-55ADF2135299: set stopIndex = 0
2019-09-09 18:20:55,953 [main] INFO  impl.RaftServerImpl (ServerState.java:close(394)) - 20b1fa90-b15b-4994-ae75-85145e91141e:group-CB8584F01914 closes. The last applied log index is 0
2019-09-09 18:20:55,953 [ForkJoinPool.commonPool-worker-1] INFO  impl.RaftServerImpl (ServerState.java:close(394)) - 15e1789d-ac2a-4475-abee-a38317121f11:group-55ADF2135299 closes. The last applied log index is 0
2019-09-09 18:20:55,954 [20b1fa90-b15b-4994-ae75-85145e91141e-SegmentedRaftLogWorker:Storage Directory /workdir/hadoop-ozone/integration-test/target/test-dir/MiniOzoneClusterImpl-95ae6e3b-0d2e-4555-bae3-c8c32225a9eb/datanode-4/data/ratis/cd3cf9f1-d209-498b-ae0d-cb8584f01914] INFO  segmented.SegmentedRaftLogWorker (SegmentedRaftLogWorker.java:run(313)) - 20b1fa90-b15b-4994-ae75-85145e91141e-SegmentedRaftLogWorker:Storage Directory /workdir/hadoop-ozone/integration-test/target/test-dir/MiniOzoneClusterImpl-95ae6e3b-0d2e-4555-bae3-c8c32225a9eb/datanode-4/data/ratis/cd3cf9f1-d209-498b-ae0d-cb8584f01914 was interrupted, exiting. There are 0 tasks remaining in the queue.
2019-09-09 18:20:55,954 [15e1789d-ac2a-4475-abee-a38317121f11-SegmentedRaftLogWorker:Storage Directory /workdir/hadoop-ozone/integration-test/target/test-dir/MiniOzoneClusterImpl-95ae6e3b-0d2e-4555-bae3-c8c32225a9eb/datanode-1/data/ratis/b5abd6d5-4063-4435-9d30-55adf2135299] INFO  segmented.SegmentedRaftLogWorker (SegmentedRaftLogWorker.java:run(313)) - 15e1789d-ac2a-4475-abee-a38317121f11-SegmentedRaftLogWorker:Storage Directory /workdir/hadoop-ozone/integration-test/target/test-dir/MiniOzoneClusterImpl-95ae6e3b-0d2e-4555-bae3-c8c32225a9eb/datanode-1/data/ratis/b5abd6d5-4063-4435-9d30-55adf2135299 was interrupted, exiting. There are 0 tasks remaining in the queue.
2019-09-09 18:20:55,955 [main] INFO  segmented.SegmentedRaftLogWorker (SegmentedRaftLogWorker.java:close(228)) - 20b1fa90-b15b-4994-ae75-85145e91141e-SegmentedRaftLogWorker:Storage Directory /workdir/hadoop-ozone/integration-test/target/test-dir/MiniOzoneClusterImpl-95ae6e3b-0d2e-4555-bae3-c8c32225a9eb/datanode-4/data/ratis/cd3cf9f1-d209-498b-ae0d-cb8584f01914 close()
2019-09-09 18:20:55,957 [ForkJoinPool.commonPool-worker-1] INFO  segmented.SegmentedRaftLogWorker (SegmentedRaftLogWorker.java:close(228)) - 15e1789d-ac2a-4475-abee-a38317121f11-SegmentedRaftLogWorker:Storage Directory /workdir/hadoop-ozone/integration-test/target/test-dir/MiniOzoneClusterImpl-95ae6e3b-0d2e-4555-bae3-c8c32225a9eb/datanode-1/data/ratis/b5abd6d5-4063-4435-9d30-55adf2135299 close()
2019-09-09 18:20:55,960 [main] INFO  server.GrpcService (GrpcService.java:closeImpl(155)) - 20b1fa90-b15b-4994-ae75-85145e91141e: shutdown server with port 35806 now
2019-09-09 18:20:55,963 [ForkJoinPool.commonPool-worker-1] INFO  server.GrpcService (GrpcService.java:closeImpl(155)) - 15e1789d-ac2a-4475-abee-a38317121f11: shutdown server with port 43236 now
2019-09-09 18:20:55,963 [grpc-default-executor-6] WARN  server.GrpcServerProtocolService (LogUtils.java:warn(134)) - 20b1fa90-b15b-4994-ae75-85145e91141e: appendEntries onError: org.apache.ratis.thirdparty.io.grpc.StatusRuntimeException: CANCELLED: cancelled before receiving half close
2019-09-09 18:20:55,963 [main] INFO  server.GrpcService (GrpcService.java:closeImpl(163)) - 20b1fa90-b15b-4994-ae75-85145e91141e: shutdown server with port 35806 successfully
2019-09-09 18:20:55,963 [grpc-default-executor-6] WARN  server.GrpcLogAppender (LogUtils.java:warn(134)) - a5b0d3c7-891f-43bc-b910-03bd90504a9e->20b1fa90-b15b-4994-ae75-85145e91141e: Failed appendEntries: org.apache.ratis.thirdparty.io.grpc.StatusRuntimeException: CANCELLED: HTTP/2 error code: CANCEL
Received Rst Stream
2019-09-09 18:20:55,963 [ForkJoinPool.commonPool-worker-1] INFO  server.GrpcService (GrpcService.java:closeImpl(163)) - 15e1789d-ac2a-4475-abee-a38317121f11: shutdown server with port 43236 successfully
2019-09-09 18:20:55,964 [grpc-default-executor-6] INFO  impl.FollowerInfo (FollowerInfo.java:lambda$new$0(50)) - a5b0d3c7-891f-43bc-b910-03bd90504a9e->20b1fa90-b15b-4994-ae75-85145e91141e: nextIndex: updateUnconditionally 16 -> 15
2019-09-09 18:20:55,966 [refreshUsed-/workdir/hadoop-ozone/integration-test/target/test-dir/MiniOzoneClusterImpl-95ae6e3b-0d2e-4555-bae3-c8c32225a9eb/datanode-4/data/containers] WARN  fs.CachingGetSpaceUsed (CachingGetSpaceUsed.java:run(183)) - Thread Interrupted waiting to refresh disk information: sleep interrupted
2019-09-09 18:20:55,969 [refreshUsed-/workdir/hadoop-ozone/integration-test/target/test-dir/MiniOzoneClusterImpl-95ae6e3b-0d2e-4555-bae3-c8c32225a9eb/datanode-1/data/containers] WARN  fs.CachingGetSpaceUsed (CachingGetSpaceUsed.java:run(183)) - Thread Interrupted waiting to refresh disk information: sleep interrupted
2019-09-09 18:20:55,989 [main] INFO  utils.BackgroundService (BackgroundService.java:shutdown(148)) - Shutting down service BlockDeletingService
2019-09-09 18:20:55,993 [main] INFO  statemachine.DatanodeStateMachine (DatanodeStateMachine.java:stopDaemon(395)) - Ozone container server stopped.
2019-09-09 18:20:55,995 [main] INFO  handler.ContextHandler (ContextHandler.java:doStop(910)) - Stopped o.e.j.w.WebAppContext@68dfda77{/,null,UNAVAILABLE}{/hddsDatanode}
2019-09-09 18:20:55,995 [ForkJoinPool.commonPool-worker-1] INFO  utils.BackgroundService (BackgroundService.java:shutdown(148)) - Shutting down service BlockDeletingService
2019-09-09 18:20:55,997 [main] INFO  server.AbstractConnector (AbstractConnector.java:doStop(318)) - Stopped ServerConnector@50cdfafa{HTTP/1.1,[http/1.1]}{0.0.0.0:0}
2019-09-09 18:20:55,999 [ForkJoinPool.commonPool-worker-1] INFO  statemachine.DatanodeStateMachine (DatanodeStateMachine.java:stopDaemon(395)) - Ozone container server stopped.
2019-09-09 18:20:56,000 [main] INFO  handler.ContextHandler (ContextHandler.java:doStop(910)) - Stopped o.e.j.s.ServletContextHandler@77083e41{/static,jar:file:/home/user/.m2/repository/org/apache/hadoop/hadoop-hdds-container-service/0.5.0-SNAPSHOT/hadoop-hdds-container-service-0.5.0-SNAPSHOT.jar!/webapps/static,UNAVAILABLE}
2019-09-09 18:20:56,002 [main] INFO  handler.ContextHandler (ContextHandler.java:doStop(910)) - Stopped o.e.j.s.ServletContextHandler@7b8ea1db{/logs,file:///workdir/hadoop-ozone/integration-test/target/log,UNAVAILABLE}
2019-09-09 18:20:56,004 [ForkJoinPool.commonPool-worker-1] INFO  handler.ContextHandler (ContextHandler.java:doStop(910)) - Stopped o.e.j.w.WebAppContext@448462f0{/,null,UNAVAILABLE}{/hddsDatanode}
2019-09-09 18:20:56,004 [ForkJoinPool.commonPool-worker-1] INFO  server.AbstractConnector (AbstractConnector.java:doStop(318)) - Stopped ServerConnector@787988f4{HTTP/1.1,[http/1.1]}{0.0.0.0:0}
2019-09-09 18:20:56,011 [ForkJoinPool.commonPool-worker-1] INFO  handler.ContextHandler (ContextHandler.java:doStop(910)) - Stopped o.e.j.s.ServletContextHandler@5111de7c{/static,jar:file:/home/user/.m2/repository/org/apache/hadoop/hadoop-hdds-container-service/0.5.0-SNAPSHOT/hadoop-hdds-container-service-0.5.0-SNAPSHOT.jar!/webapps/static,UNAVAILABLE}
2019-09-09 18:20:56,011 [ForkJoinPool.commonPool-worker-1] INFO  handler.ContextHandler (ContextHandler.java:doStop(910)) - Stopped o.e.j.s.ServletContextHandler@740b9a50{/logs,file:///workdir/hadoop-ozone/integration-test/target/log,UNAVAILABLE}
2019-09-09 18:20:56,033 [Datanode State Machine Thread - 0] INFO  statemachine.DatanodeStateMachine (DatanodeStateMachine.java:lambda$startDaemon$0(350)) - Ozone container server started.
2019-09-09 18:20:56,571 [Datanode State Machine Thread - 0] INFO  statemachine.DatanodeStateMachine (DatanodeStateMachine.java:lambda$startDaemon$0(350)) - Ozone container server started.
2019-09-09 18:20:58,377 [grpc-default-executor-8] WARN  server.GrpcLogAppender (LogUtils.java:warn(134)) - a5b0d3c7-891f-43bc-b910-03bd90504a9e->20b1fa90-b15b-4994-ae75-85145e91141e: Failed appendEntries: org.apache.ratis.thirdparty.io.grpc.StatusRuntimeException: UNAVAILABLE: io exception
2019-09-09 18:20:58,378 [grpc-default-executor-8] INFO  impl.FollowerInfo (FollowerInfo.java:lambda$new$0(50)) - a5b0d3c7-891f-43bc-b910-03bd90504a9e->20b1fa90-b15b-4994-ae75-85145e91141e: nextIndex: updateUnconditionally 15 -> 14
2019-09-09 18:21:00,114 [Thread-3528] INFO  impl.FollowerState (FollowerState.java:run(106)) - bc9d40ff-be27-40b6-866f-f71d568af030:group-DCA3D03F97BF changes to CANDIDATE, lastRpcTime:5140, electionTimeout:5135ms
2019-09-09 18:21:00,114 [Thread-3528] INFO  impl.RoleInfo (RoleInfo.java:shutdownFollowerState(121)) - bc9d40ff-be27-40b6-866f-f71d568af030: shutdown FollowerState
2019-09-09 18:21:00,114 [Thread-3528] INFO  impl.RaftServerImpl (RaftServerImpl.java:setRole(171)) - bc9d40ff-be27-40b6-866f-f71d568af030:group-DCA3D03F97BF changes role from FOLLOWER to CANDIDATE at term 3 for changeToCandidate
2019-09-09 18:21:00,114 [Thread-3528] INFO  impl.RoleInfo (RoleInfo.java:updateAndGet(143)) - bc9d40ff-be27-40b6-866f-f71d568af030: start LeaderElection
2019-09-09 18:21:00,117 [bc9d40ff-be27-40b6-866f-f71d568af030:group-DCA3D03F97BF:LeaderElection71] INFO  impl.RaftServerImpl (ServerState.java:setLeader(263)) - bc9d40ff-be27-40b6-866f-f71d568af030:group-DCA3D03F97BF change Leader from 15e1789d-ac2a-4475-abee-a38317121f11 to null at term 3 for initElection
2019-09-09 18:21:00,123 [EventQueue-StaleNodeForStaleNodeHandler] INFO  node.StaleNodeHandler (StaleNodeHandler.java:onMessage(58)) - Datanode 1a572ce7-0a14-4a41-9db7-57a1ec964998{ip: 192.168.5.148, host: pr-hdds-2076-trb5z-849201047, networkLocation: /default-rack, certSerialId: null} moved to stale state. Finalizing its pipelines [PipelineID=e14696ca-6fe5-4b5f-a4f6-180c3f927ddb]
2019-09-09 18:21:00,123 [EventQueue-StaleNodeForStaleNodeHandler] INFO  pipeline.SCMPipelineManager (SCMPipelineManager.java:finalizeAndDestroyPipeline(311)) - destroying pipeline:Pipeline[ Id: e14696ca-6fe5-4b5f-a4f6-180c3f927ddb, Nodes: 1a572ce7-0a14-4a41-9db7-57a1ec964998{ip: 192.168.5.148, host: pr-hdds-2076-trb5z-849201047, networkLocation: /default-rack, certSerialId: null}, Type:RATIS, Factor:ONE, State:OPEN]
2019-09-09 18:21:00,123 [EventQueue-StaleNodeForStaleNodeHandler] INFO  pipeline.PipelineStateManager (PipelineStateManager.java:finalizePipeline(123)) - Pipeline Pipeline[ Id: e14696ca-6fe5-4b5f-a4f6-180c3f927ddb, Nodes: 1a572ce7-0a14-4a41-9db7-57a1ec964998{ip: 192.168.5.148, host: pr-hdds-2076-trb5z-849201047, networkLocation: /default-rack, certSerialId: null}, Type:RATIS, Factor:ONE, State:CLOSED] moved to CLOSED state
2019-09-09 18:21:00,135 [bc9d40ff-be27-40b6-866f-f71d568af030:group-DCA3D03F97BF:LeaderElection71] INFO  impl.LeaderElection (LeaderElection.java:askForVotes(181)) - bc9d40ff-be27-40b6-866f-f71d568af030:group-DCA3D03F97BF:LeaderElection71: begin an election at term 4 for 17: [af604a16-3132-44f3-9021-2610f5975837:192.168.5.148:37122, bc9d40ff-be27-40b6-866f-f71d568af030:192.168.5.148:32832, 15e1789d-ac2a-4475-abee-a38317121f11:192.168.5.148:43236], old=null
2019-09-09 18:21:00,137 [bc9d40ff-be27-40b6-866f-f71d568af030:group-DCA3D03F97BF:LeaderElection71] INFO  impl.LeaderElection (LogUtils.java:infoOrTrace(149)) - bc9d40ff-be27-40b6-866f-f71d568af030:group-DCA3D03F97BF:LeaderElection71 got exception when requesting votes: {}
java.util.concurrent.ExecutionException: org.apache.ratis.thirdparty.io.grpc.StatusRuntimeException: UNAVAILABLE: io exception
	at java.util.concurrent.FutureTask.report(FutureTask.java:122)
	at java.util.concurrent.FutureTask.get(FutureTask.java:192)
	at org.apache.ratis.server.impl.LeaderElection.waitForResults(LeaderElection.java:262)
	at org.apache.ratis.server.impl.LeaderElection.askForVotes(LeaderElection.java:200)
	at org.apache.ratis.server.impl.LeaderElection.run(LeaderElection.java:130)
	at java.lang.Thread.run(Thread.java:748)
Caused by: org.apache.ratis.thirdparty.io.grpc.StatusRuntimeException: UNAVAILABLE: io exception
	at org.apache.ratis.thirdparty.io.grpc.stub.ClientCalls.toStatusRuntimeException(ClientCalls.java:233)
	at org.apache.ratis.thirdparty.io.grpc.stub.ClientCalls.getUnchecked(ClientCalls.java:214)
	at org.apache.ratis.thirdparty.io.grpc.stub.ClientCalls.blockingUnaryCall(ClientCalls.java:139)
	at org.apache.ratis.proto.grpc.RaftServerProtocolServiceGrpc$RaftServerProtocolServiceBlockingStub.requestVote(RaftServerProtocolServiceGrpc.java:265)
	at org.apache.ratis.grpc.server.GrpcServerProtocolClient.requestVote(GrpcServerProtocolClient.java:83)
	at org.apache.ratis.grpc.server.GrpcService.requestVote(GrpcService.java:195)
	at org.apache.ratis.server.impl.LeaderElection.lambda$submitRequests$1(LeaderElection.java:237)
	at java.util.concurrent.FutureTask.run(FutureTask.java:266)
	at java.util.concurrent.Executors$RunnableAdapter.call(Executors.java:511)
	at java.util.concurrent.FutureTask.run(FutureTask.java:266)
	at java.util.concurrent.ThreadPoolExecutor.runWorker(ThreadPoolExecutor.java:1149)
	at java.util.concurrent.ThreadPoolExecutor$Worker.run(ThreadPoolExecutor.java:624)
	... 1 more
Caused by: org.apache.ratis.thirdparty.io.netty.channel.AbstractChannel$AnnotatedConnectException: Connection refused: /192.168.5.148:37122
	at sun.nio.ch.SocketChannelImpl.checkConnect(Native Method)
	at sun.nio.ch.SocketChannelImpl.finishConnect(SocketChannelImpl.java:717)
	at org.apache.ratis.thirdparty.io.netty.channel.socket.nio.NioSocketChannel.doFinishConnect(NioSocketChannel.java:327)
	at org.apache.ratis.thirdparty.io.netty.channel.nio.AbstractNioChannel$AbstractNioUnsafe.finishConnect(AbstractNioChannel.java:340)
	at org.apache.ratis.thirdparty.io.netty.channel.nio.NioEventLoop.processSelectedKey(NioEventLoop.java:632)
	at org.apache.ratis.thirdparty.io.netty.channel.nio.NioEventLoop.processSelectedKeysOptimized(NioEventLoop.java:579)
	at org.apache.ratis.thirdparty.io.netty.channel.nio.NioEventLoop.processSelectedKeys(NioEventLoop.java:496)
	at org.apache.ratis.thirdparty.io.netty.channel.nio.NioEventLoop.run(NioEventLoop.java:458)
	at org.apache.ratis.thirdparty.io.netty.util.concurrent.SingleThreadEventExecutor$5.run(SingleThreadEventExecutor.java:897)
	at org.apache.ratis.thirdparty.io.netty.util.concurrent.FastThreadLocalRunnable.run(FastThreadLocalRunnable.java:30)
	... 1 more
Caused by: java.net.ConnectException: Connection refused
	... 11 more
2019-09-09 18:21:00,140 [bc9d40ff-be27-40b6-866f-f71d568af030:group-DCA3D03F97BF:LeaderElection71] INFO  impl.LeaderElection (LogUtils.java:infoOrTrace(149)) - bc9d40ff-be27-40b6-866f-f71d568af030:group-DCA3D03F97BF:LeaderElection71 got exception when requesting votes: {}
java.util.concurrent.ExecutionException: org.apache.ratis.thirdparty.io.grpc.StatusRuntimeException: UNAVAILABLE: io exception
	at java.util.concurrent.FutureTask.report(FutureTask.java:122)
	at java.util.concurrent.FutureTask.get(FutureTask.java:192)
	at org.apache.ratis.server.impl.LeaderElection.waitForResults(LeaderElection.java:262)
	at org.apache.ratis.server.impl.LeaderElection.askForVotes(LeaderElection.java:200)
	at org.apache.ratis.server.impl.LeaderElection.run(LeaderElection.java:130)
	at java.lang.Thread.run(Thread.java:748)
Caused by: org.apache.ratis.thirdparty.io.grpc.StatusRuntimeException: UNAVAILABLE: io exception
	at org.apache.ratis.thirdparty.io.grpc.stub.ClientCalls.toStatusRuntimeException(ClientCalls.java:233)
	at org.apache.ratis.thirdparty.io.grpc.stub.ClientCalls.getUnchecked(ClientCalls.java:214)
	at org.apache.ratis.thirdparty.io.grpc.stub.ClientCalls.blockingUnaryCall(ClientCalls.java:139)
	at org.apache.ratis.proto.grpc.RaftServerProtocolServiceGrpc$RaftServerProtocolServiceBlockingStub.requestVote(RaftServerProtocolServiceGrpc.java:265)
	at org.apache.ratis.grpc.server.GrpcServerProtocolClient.requestVote(GrpcServerProtocolClient.java:83)
	at org.apache.ratis.grpc.server.GrpcService.requestVote(GrpcService.java:195)
	at org.apache.ratis.server.impl.LeaderElection.lambda$submitRequests$1(LeaderElection.java:237)
	at java.util.concurrent.FutureTask.run(FutureTask.java:266)
	at java.util.concurrent.Executors$RunnableAdapter.call(Executors.java:511)
	at java.util.concurrent.FutureTask.run(FutureTask.java:266)
	at java.util.concurrent.ThreadPoolExecutor.runWorker(ThreadPoolExecutor.java:1149)
	at java.util.concurrent.ThreadPoolExecutor$Worker.run(ThreadPoolExecutor.java:624)
	... 1 more
Caused by: org.apache.ratis.thirdparty.io.netty.channel.AbstractChannel$AnnotatedConnectException: Connection refused: /192.168.5.148:43236
	at sun.nio.ch.SocketChannelImpl.checkConnect(Native Method)
	at sun.nio.ch.SocketChannelImpl.finishConnect(SocketChannelImpl.java:717)
	at org.apache.ratis.thirdparty.io.netty.channel.socket.nio.NioSocketChannel.doFinishConnect(NioSocketChannel.java:327)
	at org.apache.ratis.thirdparty.io.netty.channel.nio.AbstractNioChannel$AbstractNioUnsafe.finishConnect(AbstractNioChannel.java:340)
	at org.apache.ratis.thirdparty.io.netty.channel.nio.NioEventLoop.processSelectedKey(NioEventLoop.java:632)
	at org.apache.ratis.thirdparty.io.netty.channel.nio.NioEventLoop.processSelectedKeysOptimized(NioEventLoop.java:579)
	at org.apache.ratis.thirdparty.io.netty.channel.nio.NioEventLoop.processSelectedKeys(NioEventLoop.java:496)
	at org.apache.ratis.thirdparty.io.netty.channel.nio.NioEventLoop.run(NioEventLoop.java:458)
	at org.apache.ratis.thirdparty.io.netty.util.concurrent.SingleThreadEventExecutor$5.run(SingleThreadEventExecutor.java:897)
	at org.apache.ratis.thirdparty.io.netty.util.concurrent.FastThreadLocalRunnable.run(FastThreadLocalRunnable.java:30)
	... 1 more
Caused by: java.net.ConnectException: Connection refused
	... 11 more
2019-09-09 18:21:00,142 [bc9d40ff-be27-40b6-866f-f71d568af030:group-DCA3D03F97BF:LeaderElection71] INFO  impl.LeaderElection (LeaderElection.java:logAndReturn(56)) - bc9d40ff-be27-40b6-866f-f71d568af030:group-DCA3D03F97BF:LeaderElection71: Election REJECTED; received 0 response(s) [] and 2 exception(s); bc9d40ff-be27-40b6-866f-f71d568af030:t4, leader=null, voted=bc9d40ff-be27-40b6-866f-f71d568af030, raftlog=bc9d40ff-be27-40b6-866f-f71d568af030-SegmentedRaftLog:OPENED:c18,f18,i18, conf=17: [af604a16-3132-44f3-9021-2610f5975837:192.168.5.148:37122, bc9d40ff-be27-40b6-866f-f71d568af030:192.168.5.148:32832, 15e1789d-ac2a-4475-abee-a38317121f11:192.168.5.148:43236], old=null
2019-09-09 18:21:00,142 [bc9d40ff-be27-40b6-866f-f71d568af030:group-DCA3D03F97BF:LeaderElection71] INFO  impl.LeaderElection (LogUtils.java:infoOrTrace(149)) -   Exception 0: {}
java.util.concurrent.ExecutionException: org.apache.ratis.thirdparty.io.grpc.StatusRuntimeException: UNAVAILABLE: io exception
	at java.util.concurrent.FutureTask.report(FutureTask.java:122)
	at java.util.concurrent.FutureTask.get(FutureTask.java:192)
	at org.apache.ratis.server.impl.LeaderElection.waitForResults(LeaderElection.java:262)
	at org.apache.ratis.server.impl.LeaderElection.askForVotes(LeaderElection.java:200)
	at org.apache.ratis.server.impl.LeaderElection.run(LeaderElection.java:130)
	at java.lang.Thread.run(Thread.java:748)
Caused by: org.apache.ratis.thirdparty.io.grpc.StatusRuntimeException: UNAVAILABLE: io exception
	at org.apache.ratis.thirdparty.io.grpc.stub.ClientCalls.toStatusRuntimeException(ClientCalls.java:233)
	at org.apache.ratis.thirdparty.io.grpc.stub.ClientCalls.getUnchecked(ClientCalls.java:214)
	at org.apache.ratis.thirdparty.io.grpc.stub.ClientCalls.blockingUnaryCall(ClientCalls.java:139)
	at org.apache.ratis.proto.grpc.RaftServerProtocolServiceGrpc$RaftServerProtocolServiceBlockingStub.requestVote(RaftServerProtocolServiceGrpc.java:265)
	at org.apache.ratis.grpc.server.GrpcServerProtocolClient.requestVote(GrpcServerProtocolClient.java:83)
	at org.apache.ratis.grpc.server.GrpcService.requestVote(GrpcService.java:195)
	at org.apache.ratis.server.impl.LeaderElection.lambda$submitRequests$1(LeaderElection.java:237)
	at java.util.concurrent.FutureTask.run(FutureTask.java:266)
	at java.util.concurrent.Executors$RunnableAdapter.call(Executors.java:511)
	at java.util.concurrent.FutureTask.run(FutureTask.java:266)
	at java.util.concurrent.ThreadPoolExecutor.runWorker(ThreadPoolExecutor.java:1149)
	at java.util.concurrent.ThreadPoolExecutor$Worker.run(ThreadPoolExecutor.java:624)
	... 1 more
Caused by: org.apache.ratis.thirdparty.io.netty.channel.AbstractChannel$AnnotatedConnectException: Connection refused: /192.168.5.148:37122
	at sun.nio.ch.SocketChannelImpl.checkConnect(Native Method)
	at sun.nio.ch.SocketChannelImpl.finishConnect(SocketChannelImpl.java:717)
	at org.apache.ratis.thirdparty.io.netty.channel.socket.nio.NioSocketChannel.doFinishConnect(NioSocketChannel.java:327)
	at org.apache.ratis.thirdparty.io.netty.channel.nio.AbstractNioChannel$AbstractNioUnsafe.finishConnect(AbstractNioChannel.java:340)
	at org.apache.ratis.thirdparty.io.netty.channel.nio.NioEventLoop.processSelectedKey(NioEventLoop.java:632)
	at org.apache.ratis.thirdparty.io.netty.channel.nio.NioEventLoop.processSelectedKeysOptimized(NioEventLoop.java:579)
	at org.apache.ratis.thirdparty.io.netty.channel.nio.NioEventLoop.processSelectedKeys(NioEventLoop.java:496)
	at org.apache.ratis.thirdparty.io.netty.channel.nio.NioEventLoop.run(NioEventLoop.java:458)
	at org.apache.ratis.thirdparty.io.netty.util.concurrent.SingleThreadEventExecutor$5.run(SingleThreadEventExecutor.java:897)
	at org.apache.ratis.thirdparty.io.netty.util.concurrent.FastThreadLocalRunnable.run(FastThreadLocalRunnable.java:30)
	... 1 more
Caused by: java.net.ConnectException: Connection refused
	... 11 more
2019-09-09 18:21:00,142 [bc9d40ff-be27-40b6-866f-f71d568af030:group-DCA3D03F97BF:LeaderElection71] INFO  impl.LeaderElection (LogUtils.java:infoOrTrace(149)) -   Exception 1: {}
java.util.concurrent.ExecutionException: org.apache.ratis.thirdparty.io.grpc.StatusRuntimeException: UNAVAILABLE: io exception
	at java.util.concurrent.FutureTask.report(FutureTask.java:122)
	at java.util.concurrent.FutureTask.get(FutureTask.java:192)
	at org.apache.ratis.server.impl.LeaderElection.waitForResults(LeaderElection.java:262)
	at org.apache.ratis.server.impl.LeaderElection.askForVotes(LeaderElection.java:200)
	at org.apache.ratis.server.impl.LeaderElection.run(LeaderElection.java:130)
	at java.lang.Thread.run(Thread.java:748)
Caused by: org.apache.ratis.thirdparty.io.grpc.StatusRuntimeException: UNAVAILABLE: io exception
	at org.apache.ratis.thirdparty.io.grpc.stub.ClientCalls.toStatusRuntimeException(ClientCalls.java:233)
	at org.apache.ratis.thirdparty.io.grpc.stub.ClientCalls.getUnchecked(ClientCalls.java:214)
	at org.apache.ratis.thirdparty.io.grpc.stub.ClientCalls.blockingUnaryCall(ClientCalls.java:139)
	at org.apache.ratis.proto.grpc.RaftServerProtocolServiceGrpc$RaftServerProtocolServiceBlockingStub.requestVote(RaftServerProtocolServiceGrpc.java:265)
	at org.apache.ratis.grpc.server.GrpcServerProtocolClient.requestVote(GrpcServerProtocolClient.java:83)
	at org.apache.ratis.grpc.server.GrpcService.requestVote(GrpcService.java:195)
	at org.apache.ratis.server.impl.LeaderElection.lambda$submitRequests$1(LeaderElection.java:237)
	at java.util.concurrent.FutureTask.run(FutureTask.java:266)
	at java.util.concurrent.Executors$RunnableAdapter.call(Executors.java:511)
	at java.util.concurrent.FutureTask.run(FutureTask.java:266)
	at java.util.concurrent.ThreadPoolExecutor.runWorker(ThreadPoolExecutor.java:1149)
	at java.util.concurrent.ThreadPoolExecutor$Worker.run(ThreadPoolExecutor.java:624)
	... 1 more
Caused by: org.apache.ratis.thirdparty.io.netty.channel.AbstractChannel$AnnotatedConnectException: Connection refused: /192.168.5.148:43236
	at sun.nio.ch.SocketChannelImpl.checkConnect(Native Method)
	at sun.nio.ch.SocketChannelImpl.finishConnect(SocketChannelImpl.java:717)
	at org.apache.ratis.thirdparty.io.netty.channel.socket.nio.NioSocketChannel.doFinishConnect(NioSocketChannel.java:327)
	at org.apache.ratis.thirdparty.io.netty.channel.nio.AbstractNioChannel$AbstractNioUnsafe.finishConnect(AbstractNioChannel.java:340)
	at org.apache.ratis.thirdparty.io.netty.channel.nio.NioEventLoop.processSelectedKey(NioEventLoop.java:632)
	at org.apache.ratis.thirdparty.io.netty.channel.nio.NioEventLoop.processSelectedKeysOptimized(NioEventLoop.java:579)
	at org.apache.ratis.thirdparty.io.netty.channel.nio.NioEventLoop.processSelectedKeys(NioEventLoop.java:496)
	at org.apache.ratis.thirdparty.io.netty.channel.nio.NioEventLoop.run(NioEventLoop.java:458)
	at org.apache.ratis.thirdparty.io.netty.util.concurrent.SingleThreadEventExecutor$5.run(SingleThreadEventExecutor.java:897)
	at org.apache.ratis.thirdparty.io.netty.util.concurrent.FastThreadLocalRunnable.run(FastThreadLocalRunnable.java:30)
	... 1 more
Caused by: java.net.ConnectException: Connection refused
	... 11 more
2019-09-09 18:21:00,143 [bc9d40ff-be27-40b6-866f-f71d568af030:group-DCA3D03F97BF:LeaderElection71] INFO  impl.RaftServerImpl (RaftServerImpl.java:setRole(171)) - bc9d40ff-be27-40b6-866f-f71d568af030:group-DCA3D03F97BF changes role from CANDIDATE to FOLLOWER at term 4 for DISCOVERED_A_NEW_TERM
2019-09-09 18:21:00,143 [bc9d40ff-be27-40b6-866f-f71d568af030:group-DCA3D03F97BF:LeaderElection71] INFO  impl.RoleInfo (RoleInfo.java:shutdownLeaderElection(134)) - bc9d40ff-be27-40b6-866f-f71d568af030: shutdown LeaderElection
2019-09-09 18:21:00,143 [bc9d40ff-be27-40b6-866f-f71d568af030:group-DCA3D03F97BF:LeaderElection71] INFO  impl.RoleInfo (RoleInfo.java:updateAndGet(143)) - bc9d40ff-be27-40b6-866f-f71d568af030: start FollowerState
2019-09-09 18:21:00,624 [EventQueue-StaleNodeForStaleNodeHandler] INFO  node.StaleNodeHandler (StaleNodeHandler.java:onMessage(58)) - Datanode a5b0d3c7-891f-43bc-b910-03bd90504a9e{ip: 192.168.5.148, host: pr-hdds-2076-trb5z-849201047, networkLocation: /default-rack, certSerialId: null} moved to stale state. Finalizing its pipelines [PipelineID=1a94940f-3bcf-4936-a69c-6aa028d19d8e, PipelineID=982843a1-ad59-4736-9b77-5eb2c1b5c814]
2019-09-09 18:21:00,624 [EventQueue-StaleNodeForStaleNodeHandler] INFO  pipeline.SCMPipelineManager (SCMPipelineManager.java:finalizeAndDestroyPipeline(311)) - destroying pipeline:Pipeline[ Id: 1a94940f-3bcf-4936-a69c-6aa028d19d8e, Nodes: 74314560-160c-4793-8a97-1d59b2f4bc54{ip: 192.168.5.148, host: pr-hdds-2076-trb5z-849201047, networkLocation: /default-rack, certSerialId: null}20b1fa90-b15b-4994-ae75-85145e91141e{ip: 192.168.5.148, host: pr-hdds-2076-trb5z-849201047, networkLocation: /default-rack, certSerialId: null}a5b0d3c7-891f-43bc-b910-03bd90504a9e{ip: 192.168.5.148, host: pr-hdds-2076-trb5z-849201047, networkLocation: /default-rack, certSerialId: null}, Type:RATIS, Factor:THREE, State:CLOSED]
2019-09-09 18:21:00,624 [EventQueue-StaleNodeForStaleNodeHandler] INFO  pipeline.SCMPipelineManager (SCMPipelineManager.java:finalizeAndDestroyPipeline(311)) - destroying pipeline:Pipeline[ Id: 982843a1-ad59-4736-9b77-5eb2c1b5c814, Nodes: a5b0d3c7-891f-43bc-b910-03bd90504a9e{ip: 192.168.5.148, host: pr-hdds-2076-trb5z-849201047, networkLocation: /default-rack, certSerialId: null}, Type:RATIS, Factor:ONE, State:OPEN]
2019-09-09 18:21:00,625 [EventQueue-StaleNodeForStaleNodeHandler] INFO  pipeline.PipelineStateManager (PipelineStateManager.java:finalizePipeline(123)) - Pipeline Pipeline[ Id: 982843a1-ad59-4736-9b77-5eb2c1b5c814, Nodes: a5b0d3c7-891f-43bc-b910-03bd90504a9e{ip: 192.168.5.148, host: pr-hdds-2076-trb5z-849201047, networkLocation: /default-rack, certSerialId: null}, Type:RATIS, Factor:ONE, State:CLOSED] moved to CLOSED state
2019-09-09 18:21:00,877 [grpc-default-executor-8] WARN  server.GrpcLogAppender (LogUtils.java:warn(134)) - a5b0d3c7-891f-43bc-b910-03bd90504a9e->20b1fa90-b15b-4994-ae75-85145e91141e: Failed appendEntries: org.apache.ratis.thirdparty.io.grpc.StatusRuntimeException: UNAVAILABLE: io exception
2019-09-09 18:21:00,878 [grpc-default-executor-8] INFO  impl.FollowerInfo (FollowerInfo.java:lambda$new$0(50)) - a5b0d3c7-891f-43bc-b910-03bd90504a9e->20b1fa90-b15b-4994-ae75-85145e91141e: nextIndex: updateUnconditionally 14 -> 13
2019-09-09 18:21:01,005 [main] INFO  ozoneimpl.OzoneContainer (OzoneContainer.java:stop(230)) - Attempting to stop container services.
2019-09-09 18:21:01,006 [main] INFO  impl.RaftServerProxy (RaftServerProxy.java:lambda$close$4(314)) - 1a572ce7-0a14-4a41-9db7-57a1ec964998: close
2019-09-09 18:21:01,006 [main] INFO  impl.RaftServerImpl (RaftServerImpl.java:lambda$shutdown$3(245)) - 1a572ce7-0a14-4a41-9db7-57a1ec964998: shutdown group-180C3F927DDB
2019-09-09 18:21:01,007 [main] INFO  util.JmxRegister (JmxRegister.java:unregister(73)) - Successfully un-registered JMX Bean with object name Ratis:service=RaftServer,group=group-180C3F927DDB,id=1a572ce7-0a14-4a41-9db7-57a1ec964998
2019-09-09 18:21:01,007 [main] INFO  impl.RoleInfo (RoleInfo.java:shutdownLeaderState(104)) - 1a572ce7-0a14-4a41-9db7-57a1ec964998: shutdown LeaderState
2019-09-09 18:21:01,008 [main] INFO  impl.PendingRequests (PendingRequests.java:sendNotLeaderResponses(202)) - 1a572ce7-0a14-4a41-9db7-57a1ec964998-PendingRequests: sendNotLeaderResponses
2019-09-09 18:21:01,008 [main] INFO  impl.StateMachineUpdater (StateMachineUpdater.java:stopAndJoin(115)) - StateMachineUpdater:1a572ce7-0a14-4a41-9db7-57a1ec964998:group-180C3F927DDB: set stopIndex = 0
2019-09-09 18:21:01,009 [main] INFO  impl.RaftServerImpl (ServerState.java:close(394)) - 1a572ce7-0a14-4a41-9db7-57a1ec964998:group-180C3F927DDB closes. The last applied log index is 0
2019-09-09 18:21:01,009 [1a572ce7-0a14-4a41-9db7-57a1ec964998-SegmentedRaftLogWorker:Storage Directory /workdir/hadoop-ozone/integration-test/target/test-dir/MiniOzoneClusterImpl-95ae6e3b-0d2e-4555-bae3-c8c32225a9eb/datanode-3/data/ratis/e14696ca-6fe5-4b5f-a4f6-180c3f927ddb] INFO  segmented.SegmentedRaftLogWorker (SegmentedRaftLogWorker.java:run(313)) - 1a572ce7-0a14-4a41-9db7-57a1ec964998-SegmentedRaftLogWorker:Storage Directory /workdir/hadoop-ozone/integration-test/target/test-dir/MiniOzoneClusterImpl-95ae6e3b-0d2e-4555-bae3-c8c32225a9eb/datanode-3/data/ratis/e14696ca-6fe5-4b5f-a4f6-180c3f927ddb was interrupted, exiting. There are 0 tasks remaining in the queue.
2019-09-09 18:21:01,014 [main] INFO  segmented.SegmentedRaftLogWorker (SegmentedRaftLogWorker.java:close(228)) - 1a572ce7-0a14-4a41-9db7-57a1ec964998-SegmentedRaftLogWorker:Storage Directory /workdir/hadoop-ozone/integration-test/target/test-dir/MiniOzoneClusterImpl-95ae6e3b-0d2e-4555-bae3-c8c32225a9eb/datanode-3/data/ratis/e14696ca-6fe5-4b5f-a4f6-180c3f927ddb close()
2019-09-09 18:21:01,014 [ForkJoinPool.commonPool-worker-1] INFO  ozoneimpl.OzoneContainer (OzoneContainer.java:stop(230)) - Attempting to stop container services.
2019-09-09 18:21:01,022 [main] INFO  server.GrpcService (GrpcService.java:closeImpl(155)) - 1a572ce7-0a14-4a41-9db7-57a1ec964998: shutdown server with port 39389 now
2019-09-09 18:21:01,022 [ForkJoinPool.commonPool-worker-1] INFO  impl.RaftServerProxy (RaftServerProxy.java:lambda$close$4(314)) - a5b0d3c7-891f-43bc-b910-03bd90504a9e: close
2019-09-09 18:21:01,022 [main] INFO  server.GrpcService (GrpcService.java:closeImpl(163)) - 1a572ce7-0a14-4a41-9db7-57a1ec964998: shutdown server with port 39389 successfully
2019-09-09 18:21:01,023 [ForkJoinPool.commonPool-worker-1] INFO  impl.RaftServerImpl (RaftServerImpl.java:lambda$shutdown$3(245)) - a5b0d3c7-891f-43bc-b910-03bd90504a9e: shutdown group-6AA028D19D8E
2019-09-09 18:21:01,023 [ForkJoinPool.commonPool-worker-1] INFO  util.JmxRegister (JmxRegister.java:unregister(73)) - Successfully un-registered JMX Bean with object name Ratis:service=RaftServer,group=group-6AA028D19D8E,id=a5b0d3c7-891f-43bc-b910-03bd90504a9e
2019-09-09 18:21:01,024 [ForkJoinPool.commonPool-worker-1] INFO  impl.RoleInfo (RoleInfo.java:shutdownLeaderState(104)) - a5b0d3c7-891f-43bc-b910-03bd90504a9e: shutdown LeaderState
2019-09-09 18:21:01,028 [org.apache.ratis.server.impl.LogAppender$AppenderDaemon$$Lambda$508/2144162701@f44865f] WARN  server.GrpcLogAppender (GrpcLogAppender.java:mayWait(143)) - GrpcLogAppender(a5b0d3c7-891f-43bc-b910-03bd90504a9e->74314560-160c-4793-8a97-1d59b2f4bc54): Wait interrupted by java.lang.InterruptedException
2019-09-09 18:21:01,028 [org.apache.ratis.server.impl.LogAppender$AppenderDaemon$$Lambda$508/2144162701@4a461173] WARN  server.GrpcLogAppender (GrpcLogAppender.java:mayWait(143)) - GrpcLogAppender(a5b0d3c7-891f-43bc-b910-03bd90504a9e->20b1fa90-b15b-4994-ae75-85145e91141e): Wait interrupted by java.lang.InterruptedException
2019-09-09 18:21:01,028 [grpc-default-executor-8] INFO  server.GrpcServerProtocolService (GrpcServerProtocolService.java:onCompleted(104)) - 74314560-160c-4793-8a97-1d59b2f4bc54: appendEntries completed
2019-09-09 18:21:01,028 [ForkJoinPool.commonPool-worker-1] INFO  impl.PendingRequests (PendingRequests.java:sendNotLeaderResponses(202)) - a5b0d3c7-891f-43bc-b910-03bd90504a9e-PendingRequests: sendNotLeaderResponses
2019-09-09 18:21:01,029 [grpc-default-executor-8] INFO  server.GrpcLogAppender (GrpcLogAppender.java:onCompleted(292)) - a5b0d3c7-891f-43bc-b910-03bd90504a9e->74314560-160c-4793-8a97-1d59b2f4bc54: follower responses appendEntries COMPLETED
2019-09-09 18:21:01,033 [StateMachineUpdater:a5b0d3c7-891f-43bc-b910-03bd90504a9e:group-6AA028D19D8E] INFO  ratis.ContainerStateMachine (ContainerStateMachine.java:takeSnapshot(284)) - group-6AA028D19D8E: Taking a snapshot at:(t:2, i:13) file /workdir/hadoop-ozone/integration-test/target/test-dir/MiniOzoneClusterImpl-95ae6e3b-0d2e-4555-bae3-c8c32225a9eb/datanode-2/data/ratis/1a94940f-3bcf-4936-a69c-6aa028d19d8e/sm/snapshot.2_13
2019-09-09 18:21:01,033 [ForkJoinPool.commonPool-worker-1] INFO  impl.StateMachineUpdater (StateMachineUpdater.java:stopAndJoin(115)) - StateMachineUpdater:a5b0d3c7-891f-43bc-b910-03bd90504a9e:group-6AA028D19D8E: set stopIndex = 15
2019-09-09 18:21:01,032 [refreshUsed-/workdir/hadoop-ozone/integration-test/target/test-dir/MiniOzoneClusterImpl-95ae6e3b-0d2e-4555-bae3-c8c32225a9eb/datanode-3/data/containers] WARN  fs.CachingGetSpaceUsed (CachingGetSpaceUsed.java:run(183)) - Thread Interrupted waiting to refresh disk information: sleep interrupted
2019-09-09 18:21:01,033 [grpc-default-executor-8] INFO  impl.FollowerInfo (FollowerInfo.java:lambda$new$0(50)) - a5b0d3c7-891f-43bc-b910-03bd90504a9e->74314560-160c-4793-8a97-1d59b2f4bc54: nextIndex: updateUnconditionally 16 -> 15
2019-09-09 18:21:01,048 [main] INFO  utils.BackgroundService (BackgroundService.java:shutdown(148)) - Shutting down service BlockDeletingService
2019-09-09 18:21:01,053 [main] INFO  statemachine.DatanodeStateMachine (DatanodeStateMachine.java:stopDaemon(395)) - Ozone container server stopped.
2019-09-09 18:21:01,054 [main] INFO  handler.ContextHandler (ContextHandler.java:doStop(910)) - Stopped o.e.j.w.WebAppContext@4cc12db2{/,null,UNAVAILABLE}{/hddsDatanode}
2019-09-09 18:21:01,055 [main] INFO  server.AbstractConnector (AbstractConnector.java:doStop(318)) - Stopped ServerConnector@5ea7bc4{HTTP/1.1,[http/1.1]}{0.0.0.0:0}
2019-09-09 18:21:01,055 [main] INFO  handler.ContextHandler (ContextHandler.java:doStop(910)) - Stopped o.e.j.s.ServletContextHandler@34a6d9db{/static,jar:file:/home/user/.m2/repository/org/apache/hadoop/hadoop-hdds-container-service/0.5.0-SNAPSHOT/hadoop-hdds-container-service-0.5.0-SNAPSHOT.jar!/webapps/static,UNAVAILABLE}
2019-09-09 18:21:01,056 [main] INFO  handler.ContextHandler (ContextHandler.java:doStop(910)) - Stopped o.e.j.s.ServletContextHandler@46468f0{/logs,file:///workdir/hadoop-ozone/integration-test/target/log,UNAVAILABLE}
2019-09-09 18:21:01,056 [StateMachineUpdater:a5b0d3c7-891f-43bc-b910-03bd90504a9e:group-6AA028D19D8E] INFO  ratis.ContainerStateMachine (ContainerStateMachine.java:takeSnapshot(295)) - group-6AA028D19D8E: Finished taking a snapshot at:(t:2, i:13) file:/workdir/hadoop-ozone/integration-test/target/test-dir/MiniOzoneClusterImpl-95ae6e3b-0d2e-4555-bae3-c8c32225a9eb/datanode-2/data/ratis/1a94940f-3bcf-4936-a69c-6aa028d19d8e/sm/snapshot.2_13 time:24
2019-09-09 18:21:01,056 [StateMachineUpdater:a5b0d3c7-891f-43bc-b910-03bd90504a9e:group-6AA028D19D8E] INFO  impl.StateMachineUpdater (StateMachineUpdater.java:takeSnapshot(242)) - StateMachineUpdater:a5b0d3c7-891f-43bc-b910-03bd90504a9e:group-6AA028D19D8E: Took a snapshot at index 13
2019-09-09 18:21:01,057 [StateMachineUpdater:a5b0d3c7-891f-43bc-b910-03bd90504a9e:group-6AA028D19D8E] INFO  impl.StateMachineUpdater (StateMachineUpdater.java:lambda$new$0(80)) - StateMachineUpdater:a5b0d3c7-891f-43bc-b910-03bd90504a9e:group-6AA028D19D8E: snapshotIndex: updateIncreasingly -1 -> 13
2019-09-09 18:21:01,057 [ForkJoinPool.commonPool-worker-1] INFO  impl.RaftServerImpl (ServerState.java:close(394)) - a5b0d3c7-891f-43bc-b910-03bd90504a9e:group-6AA028D19D8E closes. The last applied log index is 15
2019-09-09 18:21:01,057 [a5b0d3c7-891f-43bc-b910-03bd90504a9e-SegmentedRaftLogWorker:Storage Directory /workdir/hadoop-ozone/integration-test/target/test-dir/MiniOzoneClusterImpl-95ae6e3b-0d2e-4555-bae3-c8c32225a9eb/datanode-2/data/ratis/1a94940f-3bcf-4936-a69c-6aa028d19d8e] INFO  segmented.SegmentedRaftLogWorker (SegmentedRaftLogWorker.java:run(313)) - a5b0d3c7-891f-43bc-b910-03bd90504a9e-SegmentedRaftLogWorker:Storage Directory /workdir/hadoop-ozone/integration-test/target/test-dir/MiniOzoneClusterImpl-95ae6e3b-0d2e-4555-bae3-c8c32225a9eb/datanode-2/data/ratis/1a94940f-3bcf-4936-a69c-6aa028d19d8e was interrupted, exiting. There are 0 tasks remaining in the queue.
2019-09-09 18:21:01,059 [ForkJoinPool.commonPool-worker-1] INFO  segmented.SegmentedRaftLogWorker (SegmentedRaftLogWorker.java:close(228)) - a5b0d3c7-891f-43bc-b910-03bd90504a9e-SegmentedRaftLogWorker:Storage Directory /workdir/hadoop-ozone/integration-test/target/test-dir/MiniOzoneClusterImpl-95ae6e3b-0d2e-4555-bae3-c8c32225a9eb/datanode-2/data/ratis/1a94940f-3bcf-4936-a69c-6aa028d19d8e close()
2019-09-09 18:21:01,062 [ForkJoinPool.commonPool-worker-1] INFO  impl.RaftServerImpl (RaftServerImpl.java:lambda$shutdown$3(245)) - a5b0d3c7-891f-43bc-b910-03bd90504a9e: shutdown group-5EB2C1B5C814
2019-09-09 18:21:01,062 [ForkJoinPool.commonPool-worker-1] INFO  util.JmxRegister (JmxRegister.java:unregister(73)) - Successfully un-registered JMX Bean with object name Ratis:service=RaftServer,group=group-5EB2C1B5C814,id=a5b0d3c7-891f-43bc-b910-03bd90504a9e
2019-09-09 18:21:01,062 [ForkJoinPool.commonPool-worker-1] INFO  impl.RoleInfo (RoleInfo.java:shutdownLeaderState(104)) - a5b0d3c7-891f-43bc-b910-03bd90504a9e: shutdown LeaderState
2019-09-09 18:21:01,063 [ForkJoinPool.commonPool-worker-1] INFO  impl.PendingRequests (PendingRequests.java:sendNotLeaderResponses(202)) - a5b0d3c7-891f-43bc-b910-03bd90504a9e-PendingRequests: sendNotLeaderResponses
2019-09-09 18:21:01,063 [ForkJoinPool.commonPool-worker-1] INFO  impl.StateMachineUpdater (StateMachineUpdater.java:stopAndJoin(115)) - StateMachineUpdater:a5b0d3c7-891f-43bc-b910-03bd90504a9e:group-5EB2C1B5C814: set stopIndex = 0
2019-09-09 18:21:01,063 [ForkJoinPool.commonPool-worker-1] INFO  impl.RaftServerImpl (ServerState.java:close(394)) - a5b0d3c7-891f-43bc-b910-03bd90504a9e:group-5EB2C1B5C814 closes. The last applied log index is 0
2019-09-09 18:21:01,064 [a5b0d3c7-891f-43bc-b910-03bd90504a9e-SegmentedRaftLogWorker:Storage Directory /workdir/hadoop-ozone/integration-test/target/test-dir/MiniOzoneClusterImpl-95ae6e3b-0d2e-4555-bae3-c8c32225a9eb/datanode-2/data/ratis/982843a1-ad59-4736-9b77-5eb2c1b5c814] INFO  segmented.SegmentedRaftLogWorker (SegmentedRaftLogWorker.java:run(313)) - a5b0d3c7-891f-43bc-b910-03bd90504a9e-SegmentedRaftLogWorker:Storage Directory /workdir/hadoop-ozone/integration-test/target/test-dir/MiniOzoneClusterImpl-95ae6e3b-0d2e-4555-bae3-c8c32225a9eb/datanode-2/data/ratis/982843a1-ad59-4736-9b77-5eb2c1b5c814 was interrupted, exiting. There are 0 tasks remaining in the queue.
2019-09-09 18:21:01,065 [ForkJoinPool.commonPool-worker-1] INFO  segmented.SegmentedRaftLogWorker (SegmentedRaftLogWorker.java:close(228)) - a5b0d3c7-891f-43bc-b910-03bd90504a9e-SegmentedRaftLogWorker:Storage Directory /workdir/hadoop-ozone/integration-test/target/test-dir/MiniOzoneClusterImpl-95ae6e3b-0d2e-4555-bae3-c8c32225a9eb/datanode-2/data/ratis/982843a1-ad59-4736-9b77-5eb2c1b5c814 close()
2019-09-09 18:21:01,068 [ForkJoinPool.commonPool-worker-1] INFO  server.GrpcService (GrpcService.java:closeImpl(155)) - a5b0d3c7-891f-43bc-b910-03bd90504a9e: shutdown server with port 40823 now
2019-09-09 18:21:01,068 [grpc-default-executor-9] WARN  client.GrpcClientProtocolService (LogUtils.java:warn(134)) - 1-UnorderedRequestStreamObserver1: onError: org.apache.ratis.thirdparty.io.grpc.StatusRuntimeException: CANCELLED: cancelled before receiving half close
2019-09-09 18:21:01,069 [ForkJoinPool.commonPool-worker-1] INFO  server.GrpcService (GrpcService.java:closeImpl(163)) - a5b0d3c7-891f-43bc-b910-03bd90504a9e: shutdown server with port 40823 successfully
2019-09-09 18:21:01,072 [refreshUsed-/workdir/hadoop-ozone/integration-test/target/test-dir/MiniOzoneClusterImpl-95ae6e3b-0d2e-4555-bae3-c8c32225a9eb/datanode-2/data/containers] WARN  fs.CachingGetSpaceUsed (CachingGetSpaceUsed.java:run(183)) - Thread Interrupted waiting to refresh disk information: sleep interrupted
2019-09-09 18:21:01,086 [ForkJoinPool.commonPool-worker-1] INFO  utils.BackgroundService (BackgroundService.java:shutdown(148)) - Shutting down service BlockDeletingService
2019-09-09 18:21:01,089 [ForkJoinPool.commonPool-worker-1] INFO  statemachine.DatanodeStateMachine (DatanodeStateMachine.java:stopDaemon(395)) - Ozone container server stopped.
2019-09-09 18:21:01,092 [ForkJoinPool.commonPool-worker-1] INFO  handler.ContextHandler (ContextHandler.java:doStop(910)) - Stopped o.e.j.w.WebAppContext@7a66c35a{/,null,UNAVAILABLE}{/hddsDatanode}
2019-09-09 18:21:01,093 [ForkJoinPool.commonPool-worker-1] INFO  server.AbstractConnector (AbstractConnector.java:doStop(318)) - Stopped ServerConnector@7994a0d1{HTTP/1.1,[http/1.1]}{0.0.0.0:0}
2019-09-09 18:21:01,093 [ForkJoinPool.commonPool-worker-1] INFO  handler.ContextHandler (ContextHandler.java:doStop(910)) - Stopped o.e.j.s.ServletContextHandler@36c07c75{/static,jar:file:/home/user/.m2/repository/org/apache/hadoop/hadoop-hdds-container-service/0.5.0-SNAPSHOT/hadoop-hdds-container-service-0.5.0-SNAPSHOT.jar!/webapps/static,UNAVAILABLE}
2019-09-09 18:21:01,093 [ForkJoinPool.commonPool-worker-1] INFO  handler.ContextHandler (ContextHandler.java:doStop(910)) - Stopped o.e.j.s.ServletContextHandler@7739aac4{/logs,file:///workdir/hadoop-ozone/integration-test/target/log,UNAVAILABLE}
2019-09-09 18:21:01,598 [Datanode State Machine Thread - 0] INFO  statemachine.DatanodeStateMachine (DatanodeStateMachine.java:lambda$startDaemon$0(350)) - Ozone container server started.
2019-09-09 18:21:01,750 [Datanode State Machine Thread - 0] INFO  statemachine.DatanodeStateMachine (DatanodeStateMachine.java:lambda$startDaemon$0(350)) - Ozone container server started.
2019-09-09 18:21:05,264 [Thread-3615] INFO  impl.FollowerState (FollowerState.java:run(106)) - bc9d40ff-be27-40b6-866f-f71d568af030:group-DCA3D03F97BF changes to CANDIDATE, lastRpcTime:5121, electionTimeout:5121ms
2019-09-09 18:21:05,265 [Thread-3615] INFO  impl.RoleInfo (RoleInfo.java:shutdownFollowerState(121)) - bc9d40ff-be27-40b6-866f-f71d568af030: shutdown FollowerState
2019-09-09 18:21:05,265 [Thread-3615] INFO  impl.RaftServerImpl (RaftServerImpl.java:setRole(171)) - bc9d40ff-be27-40b6-866f-f71d568af030:group-DCA3D03F97BF changes role from FOLLOWER to CANDIDATE at term 4 for changeToCandidate
2019-09-09 18:21:05,265 [Thread-3615] INFO  impl.RoleInfo (RoleInfo.java:updateAndGet(143)) - bc9d40ff-be27-40b6-866f-f71d568af030: start LeaderElection
2019-09-09 18:21:05,284 [bc9d40ff-be27-40b6-866f-f71d568af030:group-DCA3D03F97BF:LeaderElection72] INFO  impl.LeaderElection (LeaderElection.java:askForVotes(181)) - bc9d40ff-be27-40b6-866f-f71d568af030:group-DCA3D03F97BF:LeaderElection72: begin an election at term 5 for 17: [af604a16-3132-44f3-9021-2610f5975837:192.168.5.148:37122, bc9d40ff-be27-40b6-866f-f71d568af030:192.168.5.148:32832, 15e1789d-ac2a-4475-abee-a38317121f11:192.168.5.148:43236], old=null
2019-09-09 18:21:05,285 [bc9d40ff-be27-40b6-866f-f71d568af030:group-DCA3D03F97BF:LeaderElection72] INFO  impl.LeaderElection (LogUtils.java:infoOrTrace(149)) - bc9d40ff-be27-40b6-866f-f71d568af030:group-DCA3D03F97BF:LeaderElection72 got exception when requesting votes: {}
java.util.concurrent.ExecutionException: org.apache.ratis.thirdparty.io.grpc.StatusRuntimeException: UNAVAILABLE: io exception
	at java.util.concurrent.FutureTask.report(FutureTask.java:122)
	at java.util.concurrent.FutureTask.get(FutureTask.java:192)
	at org.apache.ratis.server.impl.LeaderElection.waitForResults(LeaderElection.java:262)
	at org.apache.ratis.server.impl.LeaderElection.askForVotes(LeaderElection.java:200)
	at org.apache.ratis.server.impl.LeaderElection.run(LeaderElection.java:130)
	at java.lang.Thread.run(Thread.java:748)
Caused by: org.apache.ratis.thirdparty.io.grpc.StatusRuntimeException: UNAVAILABLE: io exception
	at org.apache.ratis.thirdparty.io.grpc.stub.ClientCalls.toStatusRuntimeException(ClientCalls.java:233)
	at org.apache.ratis.thirdparty.io.grpc.stub.ClientCalls.getUnchecked(ClientCalls.java:214)
	at org.apache.ratis.thirdparty.io.grpc.stub.ClientCalls.blockingUnaryCall(ClientCalls.java:139)
	at org.apache.ratis.proto.grpc.RaftServerProtocolServiceGrpc$RaftServerProtocolServiceBlockingStub.requestVote(RaftServerProtocolServiceGrpc.java:265)
	at org.apache.ratis.grpc.server.GrpcServerProtocolClient.requestVote(GrpcServerProtocolClient.java:83)
	at org.apache.ratis.grpc.server.GrpcService.requestVote(GrpcService.java:195)
	at org.apache.ratis.server.impl.LeaderElection.lambda$submitRequests$1(LeaderElection.java:237)
	at java.util.concurrent.FutureTask.run(FutureTask.java:266)
	at java.util.concurrent.Executors$RunnableAdapter.call(Executors.java:511)
	at java.util.concurrent.FutureTask.run(FutureTask.java:266)
	at java.util.concurrent.ThreadPoolExecutor.runWorker(ThreadPoolExecutor.java:1149)
	at java.util.concurrent.ThreadPoolExecutor$Worker.run(ThreadPoolExecutor.java:624)
	... 1 more
Caused by: org.apache.ratis.thirdparty.io.netty.channel.AbstractChannel$AnnotatedConnectException: Connection refused: /192.168.5.148:37122
	at sun.nio.ch.SocketChannelImpl.checkConnect(Native Method)
	at sun.nio.ch.SocketChannelImpl.finishConnect(SocketChannelImpl.java:717)
	at org.apache.ratis.thirdparty.io.netty.channel.socket.nio.NioSocketChannel.doFinishConnect(NioSocketChannel.java:327)
	at org.apache.ratis.thirdparty.io.netty.channel.nio.AbstractNioChannel$AbstractNioUnsafe.finishConnect(AbstractNioChannel.java:340)
	at org.apache.ratis.thirdparty.io.netty.channel.nio.NioEventLoop.processSelectedKey(NioEventLoop.java:632)
	at org.apache.ratis.thirdparty.io.netty.channel.nio.NioEventLoop.processSelectedKeysOptimized(NioEventLoop.java:579)
	at org.apache.ratis.thirdparty.io.netty.channel.nio.NioEventLoop.processSelectedKeys(NioEventLoop.java:496)
	at org.apache.ratis.thirdparty.io.netty.channel.nio.NioEventLoop.run(NioEventLoop.java:458)
	at org.apache.ratis.thirdparty.io.netty.util.concurrent.SingleThreadEventExecutor$5.run(SingleThreadEventExecutor.java:897)
	at org.apache.ratis.thirdparty.io.netty.util.concurrent.FastThreadLocalRunnable.run(FastThreadLocalRunnable.java:30)
	... 1 more
Caused by: java.net.ConnectException: Connection refused
	... 11 more
2019-09-09 18:21:05,287 [bc9d40ff-be27-40b6-866f-f71d568af030:group-DCA3D03F97BF:LeaderElection72] INFO  impl.LeaderElection (LogUtils.java:infoOrTrace(149)) - bc9d40ff-be27-40b6-866f-f71d568af030:group-DCA3D03F97BF:LeaderElection72 got exception when requesting votes: {}
java.util.concurrent.ExecutionException: org.apache.ratis.thirdparty.io.grpc.StatusRuntimeException: UNAVAILABLE: io exception
	at java.util.concurrent.FutureTask.report(FutureTask.java:122)
	at java.util.concurrent.FutureTask.get(FutureTask.java:192)
	at org.apache.ratis.server.impl.LeaderElection.waitForResults(LeaderElection.java:262)
	at org.apache.ratis.server.impl.LeaderElection.askForVotes(LeaderElection.java:200)
	at org.apache.ratis.server.impl.LeaderElection.run(LeaderElection.java:130)
	at java.lang.Thread.run(Thread.java:748)
Caused by: org.apache.ratis.thirdparty.io.grpc.StatusRuntimeException: UNAVAILABLE: io exception
	at org.apache.ratis.thirdparty.io.grpc.stub.ClientCalls.toStatusRuntimeException(ClientCalls.java:233)
	at org.apache.ratis.thirdparty.io.grpc.stub.ClientCalls.getUnchecked(ClientCalls.java:214)
	at org.apache.ratis.thirdparty.io.grpc.stub.ClientCalls.blockingUnaryCall(ClientCalls.java:139)
	at org.apache.ratis.proto.grpc.RaftServerProtocolServiceGrpc$RaftServerProtocolServiceBlockingStub.requestVote(RaftServerProtocolServiceGrpc.java:265)
	at org.apache.ratis.grpc.server.GrpcServerProtocolClient.requestVote(GrpcServerProtocolClient.java:83)
	at org.apache.ratis.grpc.server.GrpcService.requestVote(GrpcService.java:195)
	at org.apache.ratis.server.impl.LeaderElection.lambda$submitRequests$1(LeaderElection.java:237)
	at java.util.concurrent.FutureTask.run(FutureTask.java:266)
	at java.util.concurrent.Executors$RunnableAdapter.call(Executors.java:511)
	at java.util.concurrent.FutureTask.run(FutureTask.java:266)
	at java.util.concurrent.ThreadPoolExecutor.runWorker(ThreadPoolExecutor.java:1149)
	at java.util.concurrent.ThreadPoolExecutor$Worker.run(ThreadPoolExecutor.java:624)
	... 1 more
Caused by: org.apache.ratis.thirdparty.io.netty.channel.AbstractChannel$AnnotatedConnectException: Connection refused: /192.168.5.148:43236
	at sun.nio.ch.SocketChannelImpl.checkConnect(Native Method)
	at sun.nio.ch.SocketChannelImpl.finishConnect(SocketChannelImpl.java:717)
	at org.apache.ratis.thirdparty.io.netty.channel.socket.nio.NioSocketChannel.doFinishConnect(NioSocketChannel.java:327)
	at org.apache.ratis.thirdparty.io.netty.channel.nio.AbstractNioChannel$AbstractNioUnsafe.finishConnect(AbstractNioChannel.java:340)
	at org.apache.ratis.thirdparty.io.netty.channel.nio.NioEventLoop.processSelectedKey(NioEventLoop.java:632)
	at org.apache.ratis.thirdparty.io.netty.channel.nio.NioEventLoop.processSelectedKeysOptimized(NioEventLoop.java:579)
	at org.apache.ratis.thirdparty.io.netty.channel.nio.NioEventLoop.processSelectedKeys(NioEventLoop.java:496)
	at org.apache.ratis.thirdparty.io.netty.channel.nio.NioEventLoop.run(NioEventLoop.java:458)
	at org.apache.ratis.thirdparty.io.netty.util.concurrent.SingleThreadEventExecutor$5.run(SingleThreadEventExecutor.java:897)
	at org.apache.ratis.thirdparty.io.netty.util.concurrent.FastThreadLocalRunnable.run(FastThreadLocalRunnable.java:30)
	... 1 more
Caused by: java.net.ConnectException: Connection refused
	... 11 more
2019-09-09 18:21:05,289 [bc9d40ff-be27-40b6-866f-f71d568af030:group-DCA3D03F97BF:LeaderElection72] INFO  impl.LeaderElection (LeaderElection.java:logAndReturn(56)) - bc9d40ff-be27-40b6-866f-f71d568af030:group-DCA3D03F97BF:LeaderElection72: Election REJECTED; received 0 response(s) [] and 2 exception(s); bc9d40ff-be27-40b6-866f-f71d568af030:t5, leader=null, voted=bc9d40ff-be27-40b6-866f-f71d568af030, raftlog=bc9d40ff-be27-40b6-866f-f71d568af030-SegmentedRaftLog:OPENED:c18,f18,i18, conf=17: [af604a16-3132-44f3-9021-2610f5975837:192.168.5.148:37122, bc9d40ff-be27-40b6-866f-f71d568af030:192.168.5.148:32832, 15e1789d-ac2a-4475-abee-a38317121f11:192.168.5.148:43236], old=null
2019-09-09 18:21:05,290 [bc9d40ff-be27-40b6-866f-f71d568af030:group-DCA3D03F97BF:LeaderElection72] INFO  impl.LeaderElection (LogUtils.java:infoOrTrace(149)) -   Exception 0: {}
java.util.concurrent.ExecutionException: org.apache.ratis.thirdparty.io.grpc.StatusRuntimeException: UNAVAILABLE: io exception
	at java.util.concurrent.FutureTask.report(FutureTask.java:122)
	at java.util.concurrent.FutureTask.get(FutureTask.java:192)
	at org.apache.ratis.server.impl.LeaderElection.waitForResults(LeaderElection.java:262)
	at org.apache.ratis.server.impl.LeaderElection.askForVotes(LeaderElection.java:200)
	at org.apache.ratis.server.impl.LeaderElection.run(LeaderElection.java:130)
	at java.lang.Thread.run(Thread.java:748)
Caused by: org.apache.ratis.thirdparty.io.grpc.StatusRuntimeException: UNAVAILABLE: io exception
	at org.apache.ratis.thirdparty.io.grpc.stub.ClientCalls.toStatusRuntimeException(ClientCalls.java:233)
	at org.apache.ratis.thirdparty.io.grpc.stub.ClientCalls.getUnchecked(ClientCalls.java:214)
	at org.apache.ratis.thirdparty.io.grpc.stub.ClientCalls.blockingUnaryCall(ClientCalls.java:139)
	at org.apache.ratis.proto.grpc.RaftServerProtocolServiceGrpc$RaftServerProtocolServiceBlockingStub.requestVote(RaftServerProtocolServiceGrpc.java:265)
	at org.apache.ratis.grpc.server.GrpcServerProtocolClient.requestVote(GrpcServerProtocolClient.java:83)
	at org.apache.ratis.grpc.server.GrpcService.requestVote(GrpcService.java:195)
	at org.apache.ratis.server.impl.LeaderElection.lambda$submitRequests$1(LeaderElection.java:237)
	at java.util.concurrent.FutureTask.run(FutureTask.java:266)
	at java.util.concurrent.Executors$RunnableAdapter.call(Executors.java:511)
	at java.util.concurrent.FutureTask.run(FutureTask.java:266)
	at java.util.concurrent.ThreadPoolExecutor.runWorker(ThreadPoolExecutor.java:1149)
	at java.util.concurrent.ThreadPoolExecutor$Worker.run(ThreadPoolExecutor.java:624)
	... 1 more
Caused by: org.apache.ratis.thirdparty.io.netty.channel.AbstractChannel$AnnotatedConnectException: Connection refused: /192.168.5.148:37122
	at sun.nio.ch.SocketChannelImpl.checkConnect(Native Method)
	at sun.nio.ch.SocketChannelImpl.finishConnect(SocketChannelImpl.java:717)
	at org.apache.ratis.thirdparty.io.netty.channel.socket.nio.NioSocketChannel.doFinishConnect(NioSocketChannel.java:327)
	at org.apache.ratis.thirdparty.io.netty.channel.nio.AbstractNioChannel$AbstractNioUnsafe.finishConnect(AbstractNioChannel.java:340)
	at org.apache.ratis.thirdparty.io.netty.channel.nio.NioEventLoop.processSelectedKey(NioEventLoop.java:632)
	at org.apache.ratis.thirdparty.io.netty.channel.nio.NioEventLoop.processSelectedKeysOptimized(NioEventLoop.java:579)
	at org.apache.ratis.thirdparty.io.netty.channel.nio.NioEventLoop.processSelectedKeys(NioEventLoop.java:496)
	at org.apache.ratis.thirdparty.io.netty.channel.nio.NioEventLoop.run(NioEventLoop.java:458)
	at org.apache.ratis.thirdparty.io.netty.util.concurrent.SingleThreadEventExecutor$5.run(SingleThreadEventExecutor.java:897)
	at org.apache.ratis.thirdparty.io.netty.util.concurrent.FastThreadLocalRunnable.run(FastThreadLocalRunnable.java:30)
	... 1 more
Caused by: java.net.ConnectException: Connection refused
	... 11 more
2019-09-09 18:21:05,290 [bc9d40ff-be27-40b6-866f-f71d568af030:group-DCA3D03F97BF:LeaderElection72] INFO  impl.LeaderElection (LogUtils.java:infoOrTrace(149)) -   Exception 1: {}
java.util.concurrent.ExecutionException: org.apache.ratis.thirdparty.io.grpc.StatusRuntimeException: UNAVAILABLE: io exception
	at java.util.concurrent.FutureTask.report(FutureTask.java:122)
	at java.util.concurrent.FutureTask.get(FutureTask.java:192)
	at org.apache.ratis.server.impl.LeaderElection.waitForResults(LeaderElection.java:262)
	at org.apache.ratis.server.impl.LeaderElection.askForVotes(LeaderElection.java:200)
	at org.apache.ratis.server.impl.LeaderElection.run(LeaderElection.java:130)
	at java.lang.Thread.run(Thread.java:748)
Caused by: org.apache.ratis.thirdparty.io.grpc.StatusRuntimeException: UNAVAILABLE: io exception
	at org.apache.ratis.thirdparty.io.grpc.stub.ClientCalls.toStatusRuntimeException(ClientCalls.java:233)
	at org.apache.ratis.thirdparty.io.grpc.stub.ClientCalls.getUnchecked(ClientCalls.java:214)
	at org.apache.ratis.thirdparty.io.grpc.stub.ClientCalls.blockingUnaryCall(ClientCalls.java:139)
	at org.apache.ratis.proto.grpc.RaftServerProtocolServiceGrpc$RaftServerProtocolServiceBlockingStub.requestVote(RaftServerProtocolServiceGrpc.java:265)
	at org.apache.ratis.grpc.server.GrpcServerProtocolClient.requestVote(GrpcServerProtocolClient.java:83)
	at org.apache.ratis.grpc.server.GrpcService.requestVote(GrpcService.java:195)
	at org.apache.ratis.server.impl.LeaderElection.lambda$submitRequests$1(LeaderElection.java:237)
	at java.util.concurrent.FutureTask.run(FutureTask.java:266)
	at java.util.concurrent.Executors$RunnableAdapter.call(Executors.java:511)
	at java.util.concurrent.FutureTask.run(FutureTask.java:266)
	at java.util.concurrent.ThreadPoolExecutor.runWorker(ThreadPoolExecutor.java:1149)
	at java.util.concurrent.ThreadPoolExecutor$Worker.run(ThreadPoolExecutor.java:624)
	... 1 more
Caused by: org.apache.ratis.thirdparty.io.netty.channel.AbstractChannel$AnnotatedConnectException: Connection refused: /192.168.5.148:43236
	at sun.nio.ch.SocketChannelImpl.checkConnect(Native Method)
	at sun.nio.ch.SocketChannelImpl.finishConnect(SocketChannelImpl.java:717)
	at org.apache.ratis.thirdparty.io.netty.channel.socket.nio.NioSocketChannel.doFinishConnect(NioSocketChannel.java:327)
	at org.apache.ratis.thirdparty.io.netty.channel.nio.AbstractNioChannel$AbstractNioUnsafe.finishConnect(AbstractNioChannel.java:340)
	at org.apache.ratis.thirdparty.io.netty.channel.nio.NioEventLoop.processSelectedKey(NioEventLoop.java:632)
	at org.apache.ratis.thirdparty.io.netty.channel.nio.NioEventLoop.processSelectedKeysOptimized(NioEventLoop.java:579)
	at org.apache.ratis.thirdparty.io.netty.channel.nio.NioEventLoop.processSelectedKeys(NioEventLoop.java:496)
	at org.apache.ratis.thirdparty.io.netty.channel.nio.NioEventLoop.run(NioEventLoop.java:458)
	at org.apache.ratis.thirdparty.io.netty.util.concurrent.SingleThreadEventExecutor$5.run(SingleThreadEventExecutor.java:897)
	at org.apache.ratis.thirdparty.io.netty.util.concurrent.FastThreadLocalRunnable.run(FastThreadLocalRunnable.java:30)
	... 1 more
Caused by: java.net.ConnectException: Connection refused
	... 11 more
2019-09-09 18:21:05,290 [bc9d40ff-be27-40b6-866f-f71d568af030:group-DCA3D03F97BF:LeaderElection72] INFO  impl.RaftServerImpl (RaftServerImpl.java:setRole(171)) - bc9d40ff-be27-40b6-866f-f71d568af030:group-DCA3D03F97BF changes role from CANDIDATE to FOLLOWER at term 5 for DISCOVERED_A_NEW_TERM
2019-09-09 18:21:05,291 [bc9d40ff-be27-40b6-866f-f71d568af030:group-DCA3D03F97BF:LeaderElection72] INFO  impl.RoleInfo (RoleInfo.java:shutdownLeaderElection(134)) - bc9d40ff-be27-40b6-866f-f71d568af030: shutdown LeaderElection
2019-09-09 18:21:05,291 [bc9d40ff-be27-40b6-866f-f71d568af030:group-DCA3D03F97BF:LeaderElection72] INFO  impl.RoleInfo (RoleInfo.java:updateAndGet(143)) - bc9d40ff-be27-40b6-866f-f71d568af030: start FollowerState
2019-09-09 18:21:05,634 [EventQueue-StaleNodeForStaleNodeHandler] INFO  node.StaleNodeHandler (StaleNodeHandler.java:onMessage(58)) - Datanode 74314560-160c-4793-8a97-1d59b2f4bc54{ip: 192.168.5.148, host: pr-hdds-2076-trb5z-849201047, networkLocation: /default-rack, certSerialId: null} moved to stale state. Finalizing its pipelines [PipelineID=1a94940f-3bcf-4936-a69c-6aa028d19d8e, PipelineID=35fa6c62-1ade-40d0-9876-37dbf6476238]
2019-09-09 18:21:05,635 [EventQueue-StaleNodeForStaleNodeHandler] INFO  pipeline.SCMPipelineManager (SCMPipelineManager.java:finalizeAndDestroyPipeline(311)) - destroying pipeline:Pipeline[ Id: 1a94940f-3bcf-4936-a69c-6aa028d19d8e, Nodes: 74314560-160c-4793-8a97-1d59b2f4bc54{ip: 192.168.5.148, host: pr-hdds-2076-trb5z-849201047, networkLocation: /default-rack, certSerialId: null}20b1fa90-b15b-4994-ae75-85145e91141e{ip: 192.168.5.148, host: pr-hdds-2076-trb5z-849201047, networkLocation: /default-rack, certSerialId: null}a5b0d3c7-891f-43bc-b910-03bd90504a9e{ip: 192.168.5.148, host: pr-hdds-2076-trb5z-849201047, networkLocation: /default-rack, certSerialId: null}, Type:RATIS, Factor:THREE, State:CLOSED]
2019-09-09 18:21:05,635 [EventQueue-StaleNodeForStaleNodeHandler] INFO  pipeline.SCMPipelineManager (SCMPipelineManager.java:finalizeAndDestroyPipeline(311)) - destroying pipeline:Pipeline[ Id: 35fa6c62-1ade-40d0-9876-37dbf6476238, Nodes: 74314560-160c-4793-8a97-1d59b2f4bc54{ip: 192.168.5.148, host: pr-hdds-2076-trb5z-849201047, networkLocation: /default-rack, certSerialId: null}, Type:RATIS, Factor:ONE, State:OPEN]
2019-09-09 18:21:05,635 [EventQueue-StaleNodeForStaleNodeHandler] INFO  pipeline.PipelineStateManager (PipelineStateManager.java:finalizePipeline(123)) - Pipeline Pipeline[ Id: 35fa6c62-1ade-40d0-9876-37dbf6476238, Nodes: 74314560-160c-4793-8a97-1d59b2f4bc54{ip: 192.168.5.148, host: pr-hdds-2076-trb5z-849201047, networkLocation: /default-rack, certSerialId: null}, Type:RATIS, Factor:ONE, State:CLOSED] moved to CLOSED state
2019-09-09 18:21:05,835 [EventQueue-StaleNodeForStaleNodeHandler] INFO  node.StaleNodeHandler (StaleNodeHandler.java:onMessage(58)) - Datanode bc9d40ff-be27-40b6-866f-f71d568af030{ip: 192.168.5.148, host: pr-hdds-2076-trb5z-849201047, networkLocation: /default-rack, certSerialId: null} moved to stale state. Finalizing its pipelines [PipelineID=272e3354-de38-4197-9c80-dca3d03f97bf, PipelineID=d372d983-0946-46f2-abdc-47fde72bbeb4]
2019-09-09 18:21:05,835 [EventQueue-StaleNodeForStaleNodeHandler] INFO  pipeline.SCMPipelineManager (SCMPipelineManager.java:finalizeAndDestroyPipeline(311)) - destroying pipeline:Pipeline[ Id: 272e3354-de38-4197-9c80-dca3d03f97bf, Nodes: af604a16-3132-44f3-9021-2610f5975837{ip: 192.168.5.148, host: pr-hdds-2076-trb5z-849201047, networkLocation: /default-rack, certSerialId: null}bc9d40ff-be27-40b6-866f-f71d568af030{ip: 192.168.5.148, host: pr-hdds-2076-trb5z-849201047, networkLocation: /default-rack, certSerialId: null}15e1789d-ac2a-4475-abee-a38317121f11{ip: 192.168.5.148, host: pr-hdds-2076-trb5z-849201047, networkLocation: /default-rack, certSerialId: null}, Type:RATIS, Factor:THREE, State:CLOSED]
2019-09-09 18:21:05,835 [EventQueue-StaleNodeForStaleNodeHandler] INFO  pipeline.SCMPipelineManager (SCMPipelineManager.java:finalizeAndDestroyPipeline(311)) - destroying pipeline:Pipeline[ Id: d372d983-0946-46f2-abdc-47fde72bbeb4, Nodes: bc9d40ff-be27-40b6-866f-f71d568af030{ip: 192.168.5.148, host: pr-hdds-2076-trb5z-849201047, networkLocation: /default-rack, certSerialId: null}, Type:RATIS, Factor:ONE, State:OPEN]
2019-09-09 18:21:05,835 [EventQueue-StaleNodeForStaleNodeHandler] INFO  pipeline.PipelineStateManager (PipelineStateManager.java:finalizePipeline(123)) - Pipeline Pipeline[ Id: d372d983-0946-46f2-abdc-47fde72bbeb4, Nodes: bc9d40ff-be27-40b6-866f-f71d568af030{ip: 192.168.5.148, host: pr-hdds-2076-trb5z-849201047, networkLocation: /default-rack, certSerialId: null}, Type:RATIS, Factor:ONE, State:CLOSED] moved to CLOSED state
2019-09-09 18:21:06,058 [main] INFO  ozoneimpl.OzoneContainer (OzoneContainer.java:stop(230)) - Attempting to stop container services.
2019-09-09 18:21:06,059 [main] INFO  impl.RaftServerProxy (RaftServerProxy.java:lambda$close$4(314)) - bc9d40ff-be27-40b6-866f-f71d568af030: close
2019-09-09 18:21:06,059 [main] INFO  impl.RaftServerImpl (RaftServerImpl.java:lambda$shutdown$3(245)) - bc9d40ff-be27-40b6-866f-f71d568af030: shutdown group-DCA3D03F97BF
2019-09-09 18:21:06,060 [main] INFO  util.JmxRegister (JmxRegister.java:unregister(73)) - Successfully un-registered JMX Bean with object name Ratis:service=RaftServer,group=group-DCA3D03F97BF,id=bc9d40ff-be27-40b6-866f-f71d568af030
2019-09-09 18:21:06,060 [main] INFO  impl.RoleInfo (RoleInfo.java:shutdownFollowerState(121)) - bc9d40ff-be27-40b6-866f-f71d568af030: shutdown FollowerState
2019-09-09 18:21:06,060 [main] INFO  impl.StateMachineUpdater (StateMachineUpdater.java:stopAndJoin(115)) - StateMachineUpdater:bc9d40ff-be27-40b6-866f-f71d568af030:group-DCA3D03F97BF: set stopIndex = 18
2019-09-09 18:21:06,061 [StateMachineUpdater:bc9d40ff-be27-40b6-866f-f71d568af030:group-DCA3D03F97BF] INFO  ratis.ContainerStateMachine (ContainerStateMachine.java:takeSnapshot(284)) - group-DCA3D03F97BF: Taking a snapshot at:(t:2, i:14) file /workdir/hadoop-ozone/integration-test/target/test-dir/MiniOzoneClusterImpl-95ae6e3b-0d2e-4555-bae3-c8c32225a9eb/datanode-5/data/ratis/272e3354-de38-4197-9c80-dca3d03f97bf/sm/snapshot.2_14
2019-09-09 18:21:06,061 [Thread-3620] INFO  impl.FollowerState (FollowerState.java:run(114)) - bc9d40ff-be27-40b6-866f-f71d568af030: FollowerState was interrupted: java.lang.InterruptedException: sleep interrupted
2019-09-09 18:21:06,076 [StateMachineUpdater:bc9d40ff-be27-40b6-866f-f71d568af030:group-DCA3D03F97BF] INFO  ratis.ContainerStateMachine (ContainerStateMachine.java:takeSnapshot(295)) - group-DCA3D03F97BF: Finished taking a snapshot at:(t:2, i:14) file:/workdir/hadoop-ozone/integration-test/target/test-dir/MiniOzoneClusterImpl-95ae6e3b-0d2e-4555-bae3-c8c32225a9eb/datanode-5/data/ratis/272e3354-de38-4197-9c80-dca3d03f97bf/sm/snapshot.2_14 time:15
2019-09-09 18:21:06,076 [StateMachineUpdater:bc9d40ff-be27-40b6-866f-f71d568af030:group-DCA3D03F97BF] INFO  impl.StateMachineUpdater (StateMachineUpdater.java:takeSnapshot(242)) - StateMachineUpdater:bc9d40ff-be27-40b6-866f-f71d568af030:group-DCA3D03F97BF: Took a snapshot at index 14
2019-09-09 18:21:06,076 [StateMachineUpdater:bc9d40ff-be27-40b6-866f-f71d568af030:group-DCA3D03F97BF] INFO  impl.StateMachineUpdater (StateMachineUpdater.java:lambda$new$0(80)) - StateMachineUpdater:bc9d40ff-be27-40b6-866f-f71d568af030:group-DCA3D03F97BF: snapshotIndex: updateIncreasingly -1 -> 14
2019-09-09 18:21:06,076 [main] INFO  impl.RaftServerImpl (ServerState.java:close(394)) - bc9d40ff-be27-40b6-866f-f71d568af030:group-DCA3D03F97BF closes. The last applied log index is 18
2019-09-09 18:21:06,077 [bc9d40ff-be27-40b6-866f-f71d568af030-SegmentedRaftLogWorker:Storage Directory /workdir/hadoop-ozone/integration-test/target/test-dir/MiniOzoneClusterImpl-95ae6e3b-0d2e-4555-bae3-c8c32225a9eb/datanode-5/data/ratis/272e3354-de38-4197-9c80-dca3d03f97bf] INFO  segmented.SegmentedRaftLogWorker (SegmentedRaftLogWorker.java:run(313)) - bc9d40ff-be27-40b6-866f-f71d568af030-SegmentedRaftLogWorker:Storage Directory /workdir/hadoop-ozone/integration-test/target/test-dir/MiniOzoneClusterImpl-95ae6e3b-0d2e-4555-bae3-c8c32225a9eb/datanode-5/data/ratis/272e3354-de38-4197-9c80-dca3d03f97bf was interrupted, exiting. There are 0 tasks remaining in the queue.
2019-09-09 18:21:06,079 [main] INFO  segmented.SegmentedRaftLogWorker (SegmentedRaftLogWorker.java:close(228)) - bc9d40ff-be27-40b6-866f-f71d568af030-SegmentedRaftLogWorker:Storage Directory /workdir/hadoop-ozone/integration-test/target/test-dir/MiniOzoneClusterImpl-95ae6e3b-0d2e-4555-bae3-c8c32225a9eb/datanode-5/data/ratis/272e3354-de38-4197-9c80-dca3d03f97bf close()
2019-09-09 18:21:06,086 [main] INFO  impl.RaftServerImpl (RaftServerImpl.java:lambda$shutdown$3(245)) - bc9d40ff-be27-40b6-866f-f71d568af030: shutdown group-47FDE72BBEB4
2019-09-09 18:21:06,087 [main] INFO  util.JmxRegister (JmxRegister.java:unregister(73)) - Successfully un-registered JMX Bean with object name Ratis:service=RaftServer,group=group-47FDE72BBEB4,id=bc9d40ff-be27-40b6-866f-f71d568af030
2019-09-09 18:21:06,088 [main] INFO  impl.RoleInfo (RoleInfo.java:shutdownLeaderState(104)) - bc9d40ff-be27-40b6-866f-f71d568af030: shutdown LeaderState
2019-09-09 18:21:06,088 [main] INFO  impl.PendingRequests (PendingRequests.java:sendNotLeaderResponses(202)) - bc9d40ff-be27-40b6-866f-f71d568af030-PendingRequests: sendNotLeaderResponses
2019-09-09 18:21:06,089 [main] INFO  impl.StateMachineUpdater (StateMachineUpdater.java:stopAndJoin(115)) - StateMachineUpdater:bc9d40ff-be27-40b6-866f-f71d568af030:group-47FDE72BBEB4: set stopIndex = 0
2019-09-09 18:21:06,089 [main] INFO  impl.RaftServerImpl (ServerState.java:close(394)) - bc9d40ff-be27-40b6-866f-f71d568af030:group-47FDE72BBEB4 closes. The last applied log index is 0
2019-09-09 18:21:06,090 [bc9d40ff-be27-40b6-866f-f71d568af030-SegmentedRaftLogWorker:Storage Directory /workdir/hadoop-ozone/integration-test/target/test-dir/MiniOzoneClusterImpl-95ae6e3b-0d2e-4555-bae3-c8c32225a9eb/datanode-5/data/ratis/d372d983-0946-46f2-abdc-47fde72bbeb4] INFO  segmented.SegmentedRaftLogWorker (SegmentedRaftLogWorker.java:run(313)) - bc9d40ff-be27-40b6-866f-f71d568af030-SegmentedRaftLogWorker:Storage Directory /workdir/hadoop-ozone/integration-test/target/test-dir/MiniOzoneClusterImpl-95ae6e3b-0d2e-4555-bae3-c8c32225a9eb/datanode-5/data/ratis/d372d983-0946-46f2-abdc-47fde72bbeb4 was interrupted, exiting. There are 0 tasks remaining in the queue.
2019-09-09 18:21:06,090 [main] INFO  segmented.SegmentedRaftLogWorker (SegmentedRaftLogWorker.java:close(228)) - bc9d40ff-be27-40b6-866f-f71d568af030-SegmentedRaftLogWorker:Storage Directory /workdir/hadoop-ozone/integration-test/target/test-dir/MiniOzoneClusterImpl-95ae6e3b-0d2e-4555-bae3-c8c32225a9eb/datanode-5/data/ratis/d372d983-0946-46f2-abdc-47fde72bbeb4 close()
2019-09-09 18:21:06,092 [main] INFO  server.GrpcService (GrpcService.java:closeImpl(155)) - bc9d40ff-be27-40b6-866f-f71d568af030: shutdown server with port 32832 now
2019-09-09 18:21:06,092 [main] INFO  server.GrpcService (GrpcService.java:closeImpl(163)) - bc9d40ff-be27-40b6-866f-f71d568af030: shutdown server with port 32832 successfully
2019-09-09 18:21:06,095 [ForkJoinPool.commonPool-worker-1] INFO  ozoneimpl.OzoneContainer (OzoneContainer.java:stop(230)) - Attempting to stop container services.
2019-09-09 18:21:06,095 [refreshUsed-/workdir/hadoop-ozone/integration-test/target/test-dir/MiniOzoneClusterImpl-95ae6e3b-0d2e-4555-bae3-c8c32225a9eb/datanode-5/data/containers] WARN  fs.CachingGetSpaceUsed (CachingGetSpaceUsed.java:run(183)) - Thread Interrupted waiting to refresh disk information: sleep interrupted
2019-09-09 18:21:06,095 [ForkJoinPool.commonPool-worker-1] INFO  impl.RaftServerProxy (RaftServerProxy.java:lambda$close$4(314)) - 74314560-160c-4793-8a97-1d59b2f4bc54: close
2019-09-09 18:21:06,096 [ForkJoinPool.commonPool-worker-1] INFO  impl.RaftServerImpl (RaftServerImpl.java:lambda$shutdown$3(245)) - 74314560-160c-4793-8a97-1d59b2f4bc54: shutdown group-6AA028D19D8E
2019-09-09 18:21:06,096 [ForkJoinPool.commonPool-worker-1] INFO  util.JmxRegister (JmxRegister.java:unregister(73)) - Successfully un-registered JMX Bean with object name Ratis:service=RaftServer,group=group-6AA028D19D8E,id=74314560-160c-4793-8a97-1d59b2f4bc54
2019-09-09 18:21:06,097 [ForkJoinPool.commonPool-worker-1] INFO  impl.RoleInfo (RoleInfo.java:shutdownFollowerState(121)) - 74314560-160c-4793-8a97-1d59b2f4bc54: shutdown FollowerState
2019-09-09 18:21:06,097 [ForkJoinPool.commonPool-worker-1] INFO  impl.StateMachineUpdater (StateMachineUpdater.java:stopAndJoin(115)) - StateMachineUpdater:74314560-160c-4793-8a97-1d59b2f4bc54:group-6AA028D19D8E: set stopIndex = 15
2019-09-09 18:21:06,097 [StateMachineUpdater:74314560-160c-4793-8a97-1d59b2f4bc54:group-6AA028D19D8E] INFO  ratis.ContainerStateMachine (ContainerStateMachine.java:takeSnapshot(284)) - group-6AA028D19D8E: Taking a snapshot at:(t:2, i:13) file /workdir/hadoop-ozone/integration-test/target/test-dir/MiniOzoneClusterImpl-95ae6e3b-0d2e-4555-bae3-c8c32225a9eb/datanode-0/data/ratis/1a94940f-3bcf-4936-a69c-6aa028d19d8e/sm/snapshot.2_13
2019-09-09 18:21:06,098 [Thread-3398] INFO  impl.FollowerState (FollowerState.java:run(114)) - 74314560-160c-4793-8a97-1d59b2f4bc54: FollowerState was interrupted: java.lang.InterruptedException: sleep interrupted
2019-09-09 18:21:06,115 [main] INFO  utils.BackgroundService (BackgroundService.java:shutdown(148)) - Shutting down service BlockDeletingService
2019-09-09 18:21:06,120 [main] INFO  statemachine.DatanodeStateMachine (DatanodeStateMachine.java:stopDaemon(395)) - Ozone container server stopped.
2019-09-09 18:21:06,121 [StateMachineUpdater:74314560-160c-4793-8a97-1d59b2f4bc54:group-6AA028D19D8E] INFO  ratis.ContainerStateMachine (ContainerStateMachine.java:takeSnapshot(295)) - group-6AA028D19D8E: Finished taking a snapshot at:(t:2, i:13) file:/workdir/hadoop-ozone/integration-test/target/test-dir/MiniOzoneClusterImpl-95ae6e3b-0d2e-4555-bae3-c8c32225a9eb/datanode-0/data/ratis/1a94940f-3bcf-4936-a69c-6aa028d19d8e/sm/snapshot.2_13 time:24
2019-09-09 18:21:06,121 [StateMachineUpdater:74314560-160c-4793-8a97-1d59b2f4bc54:group-6AA028D19D8E] INFO  impl.StateMachineUpdater (StateMachineUpdater.java:takeSnapshot(242)) - StateMachineUpdater:74314560-160c-4793-8a97-1d59b2f4bc54:group-6AA028D19D8E: Took a snapshot at index 13
2019-09-09 18:21:06,122 [StateMachineUpdater:74314560-160c-4793-8a97-1d59b2f4bc54:group-6AA028D19D8E] INFO  impl.StateMachineUpdater (StateMachineUpdater.java:lambda$new$0(80)) - StateMachineUpdater:74314560-160c-4793-8a97-1d59b2f4bc54:group-6AA028D19D8E: snapshotIndex: updateIncreasingly -1 -> 13
2019-09-09 18:21:06,122 [ForkJoinPool.commonPool-worker-1] INFO  impl.RaftServerImpl (ServerState.java:close(394)) - 74314560-160c-4793-8a97-1d59b2f4bc54:group-6AA028D19D8E closes. The last applied log index is 15
2019-09-09 18:21:06,123 [74314560-160c-4793-8a97-1d59b2f4bc54-SegmentedRaftLogWorker:Storage Directory /workdir/hadoop-ozone/integration-test/target/test-dir/MiniOzoneClusterImpl-95ae6e3b-0d2e-4555-bae3-c8c32225a9eb/datanode-0/data/ratis/1a94940f-3bcf-4936-a69c-6aa028d19d8e] INFO  segmented.SegmentedRaftLogWorker (SegmentedRaftLogWorker.java:run(313)) - 74314560-160c-4793-8a97-1d59b2f4bc54-SegmentedRaftLogWorker:Storage Directory /workdir/hadoop-ozone/integration-test/target/test-dir/MiniOzoneClusterImpl-95ae6e3b-0d2e-4555-bae3-c8c32225a9eb/datanode-0/data/ratis/1a94940f-3bcf-4936-a69c-6aa028d19d8e was interrupted, exiting. There are 0 tasks remaining in the queue.
2019-09-09 18:21:06,123 [ForkJoinPool.commonPool-worker-1] INFO  segmented.SegmentedRaftLogWorker (SegmentedRaftLogWorker.java:close(228)) - 74314560-160c-4793-8a97-1d59b2f4bc54-SegmentedRaftLogWorker:Storage Directory /workdir/hadoop-ozone/integration-test/target/test-dir/MiniOzoneClusterImpl-95ae6e3b-0d2e-4555-bae3-c8c32225a9eb/datanode-0/data/ratis/1a94940f-3bcf-4936-a69c-6aa028d19d8e close()
2019-09-09 18:21:06,124 [ForkJoinPool.commonPool-worker-1] INFO  impl.RaftServerImpl (RaftServerImpl.java:lambda$shutdown$3(245)) - 74314560-160c-4793-8a97-1d59b2f4bc54: shutdown group-37DBF6476238
2019-09-09 18:21:06,125 [ForkJoinPool.commonPool-worker-1] INFO  util.JmxRegister (JmxRegister.java:unregister(73)) - Successfully un-registered JMX Bean with object name Ratis:service=RaftServer,group=group-37DBF6476238,id=74314560-160c-4793-8a97-1d59b2f4bc54
2019-09-09 18:21:06,125 [ForkJoinPool.commonPool-worker-1] INFO  impl.RoleInfo (RoleInfo.java:shutdownLeaderState(104)) - 74314560-160c-4793-8a97-1d59b2f4bc54: shutdown LeaderState
2019-09-09 18:21:06,125 [ForkJoinPool.commonPool-worker-1] INFO  impl.PendingRequests (PendingRequests.java:sendNotLeaderResponses(202)) - 74314560-160c-4793-8a97-1d59b2f4bc54-PendingRequests: sendNotLeaderResponses
2019-09-09 18:21:06,126 [ForkJoinPool.commonPool-worker-1] INFO  impl.StateMachineUpdater (StateMachineUpdater.java:stopAndJoin(115)) - StateMachineUpdater:74314560-160c-4793-8a97-1d59b2f4bc54:group-37DBF6476238: set stopIndex = 0
2019-09-09 18:21:06,126 [ForkJoinPool.commonPool-worker-1] INFO  impl.RaftServerImpl (ServerState.java:close(394)) - 74314560-160c-4793-8a97-1d59b2f4bc54:group-37DBF6476238 closes. The last applied log index is 0
2019-09-09 18:21:06,126 [74314560-160c-4793-8a97-1d59b2f4bc54-SegmentedRaftLogWorker:Storage Directory /workdir/hadoop-ozone/integration-test/target/test-dir/MiniOzoneClusterImpl-95ae6e3b-0d2e-4555-bae3-c8c32225a9eb/datanode-0/data/ratis/35fa6c62-1ade-40d0-9876-37dbf6476238] INFO  segmented.SegmentedRaftLogWorker (SegmentedRaftLogWorker.java:run(313)) - 74314560-160c-4793-8a97-1d59b2f4bc54-SegmentedRaftLogWorker:Storage Directory /workdir/hadoop-ozone/integration-test/target/test-dir/MiniOzoneClusterImpl-95ae6e3b-0d2e-4555-bae3-c8c32225a9eb/datanode-0/data/ratis/35fa6c62-1ade-40d0-9876-37dbf6476238 was interrupted, exiting. There are 0 tasks remaining in the queue.
2019-09-09 18:21:06,127 [ForkJoinPool.commonPool-worker-1] INFO  segmented.SegmentedRaftLogWorker (SegmentedRaftLogWorker.java:close(228)) - 74314560-160c-4793-8a97-1d59b2f4bc54-SegmentedRaftLogWorker:Storage Directory /workdir/hadoop-ozone/integration-test/target/test-dir/MiniOzoneClusterImpl-95ae6e3b-0d2e-4555-bae3-c8c32225a9eb/datanode-0/data/ratis/35fa6c62-1ade-40d0-9876-37dbf6476238 close()
2019-09-09 18:21:06,128 [ForkJoinPool.commonPool-worker-1] INFO  server.GrpcService (GrpcService.java:closeImpl(155)) - 74314560-160c-4793-8a97-1d59b2f4bc54: shutdown server with port 37823 now
2019-09-09 18:21:06,129 [ForkJoinPool.commonPool-worker-1] INFO  server.GrpcService (GrpcService.java:closeImpl(163)) - 74314560-160c-4793-8a97-1d59b2f4bc54: shutdown server with port 37823 successfully
2019-09-09 18:21:06,132 [refreshUsed-/workdir/hadoop-ozone/integration-test/target/test-dir/MiniOzoneClusterImpl-95ae6e3b-0d2e-4555-bae3-c8c32225a9eb/datanode-0/data/containers] WARN  fs.CachingGetSpaceUsed (CachingGetSpaceUsed.java:run(183)) - Thread Interrupted waiting to refresh disk information: sleep interrupted
2019-09-09 18:21:06,135 [main] INFO  handler.ContextHandler (ContextHandler.java:doStop(910)) - Stopped o.e.j.w.WebAppContext@45c80312{/,null,UNAVAILABLE}{/hddsDatanode}
2019-09-09 18:21:06,136 [main] INFO  server.AbstractConnector (AbstractConnector.java:doStop(318)) - Stopped ServerConnector@7bd38fed{HTTP/1.1,[http/1.1]}{0.0.0.0:0}
2019-09-09 18:21:06,136 [main] INFO  handler.ContextHandler (ContextHandler.java:doStop(910)) - Stopped o.e.j.s.ServletContextHandler@5fb54740{/static,jar:file:/home/user/.m2/repository/org/apache/hadoop/hadoop-hdds-container-service/0.5.0-SNAPSHOT/hadoop-hdds-container-service-0.5.0-SNAPSHOT.jar!/webapps/static,UNAVAILABLE}
2019-09-09 18:21:06,137 [main] INFO  handler.ContextHandler (ContextHandler.java:doStop(910)) - Stopped o.e.j.s.ServletContextHandler@6169be09{/logs,file:///workdir/hadoop-ozone/integration-test/target/log,UNAVAILABLE}
2019-09-09 18:21:06,151 [ForkJoinPool.commonPool-worker-1] INFO  utils.BackgroundService (BackgroundService.java:shutdown(148)) - Shutting down service BlockDeletingService
2019-09-09 18:21:06,154 [ForkJoinPool.commonPool-worker-1] INFO  statemachine.DatanodeStateMachine (DatanodeStateMachine.java:stopDaemon(395)) - Ozone container server stopped.
2019-09-09 18:21:06,158 [ForkJoinPool.commonPool-worker-1] INFO  handler.ContextHandler (ContextHandler.java:doStop(910)) - Stopped o.e.j.w.WebAppContext@45554613{/,null,UNAVAILABLE}{/hddsDatanode}
2019-09-09 18:21:06,158 [ForkJoinPool.commonPool-worker-1] INFO  server.AbstractConnector (AbstractConnector.java:doStop(318)) - Stopped ServerConnector@63e5b8aa{HTTP/1.1,[http/1.1]}{0.0.0.0:0}
2019-09-09 18:21:06,159 [ForkJoinPool.commonPool-worker-1] INFO  handler.ContextHandler (ContextHandler.java:doStop(910)) - Stopped o.e.j.s.ServletContextHandler@252ec02e{/static,jar:file:/home/user/.m2/repository/org/apache/hadoop/hadoop-hdds-container-service/0.5.0-SNAPSHOT/hadoop-hdds-container-service-0.5.0-SNAPSHOT.jar!/webapps/static,UNAVAILABLE}
2019-09-09 18:21:06,159 [ForkJoinPool.commonPool-worker-1] INFO  handler.ContextHandler (ContextHandler.java:doStop(910)) - Stopped o.e.j.s.ServletContextHandler@afde064{/logs,file:///workdir/hadoop-ozone/integration-test/target/log,UNAVAILABLE}
2019-09-09 18:21:06,160 [main] INFO  ozone.MiniOzoneClusterImpl (MiniOzoneClusterImpl.java:stop(339)) - Stopping the StorageContainerManager
2019-09-09 18:21:06,160 [main] INFO  server.StorageContainerManager (StorageContainerManager.java:stop(797)) - Stopping Replication Manager Service.
2019-09-09 18:21:06,160 [main] INFO  container.ReplicationManager (ReplicationManager.java:stop(203)) - Stopping Replication Monitor Thread.
2019-09-09 18:21:06,161 [main] INFO  server.StorageContainerManager (StorageContainerManager.java:stop(804)) - Stopping Lease Manager of the command watchers
2019-09-09 18:21:06,161 [main] INFO  server.StorageContainerManager (StorageContainerManager.java:stop(811)) - Stopping datanode service RPC server
2019-09-09 18:21:06,161 [main] INFO  server.SCMDatanodeProtocolServer (SCMDatanodeProtocolServer.java:stop(367)) - Stopping the RPC server for DataNodes
2019-09-09 18:21:06,161 [main] INFO  ipc.Server (Server.java:stop(3082)) - Stopping server on 42474
2019-09-09 18:21:06,164 [IPC Server listener on 42474] INFO  ipc.Server (Server.java:run(1185)) - Stopping IPC Server listener on 42474
2019-09-09 18:21:06,166 [IPC Server Responder] INFO  ipc.Server (Server.java:run(1319)) - Stopping IPC Server Responder
2019-09-09 18:21:06,235 [SCM Heartbeat Processing Thread - 0] WARN  node.NodeStateManager (NodeStateManager.java:scheduleNextHealthCheck(646)) - Current Thread is interrupted, shutting down HB processing thread for Node Manager.
2019-09-09 18:21:06,235 [main] INFO  server.StorageContainerManager (StorageContainerManager.java:stop(819)) - Stopping block service RPC server
2019-09-09 18:21:06,236 [main] INFO  server.SCMBlockProtocolServer (SCMBlockProtocolServer.java:stop(155)) - Stopping the RPC server for Block Protocol
2019-09-09 18:21:06,236 [main] INFO  ipc.Server (Server.java:stop(3082)) - Stopping server on 39891
2019-09-09 18:21:06,238 [main] INFO  server.StorageContainerManager (StorageContainerManager.java:stop(826)) - Stopping the StorageContainerLocationProtocol RPC server
2019-09-09 18:21:06,239 [IPC Server listener on 39891] INFO  ipc.Server (Server.java:run(1185)) - Stopping IPC Server listener on 39891
2019-09-09 18:21:06,239 [IPC Server Responder] INFO  ipc.Server (Server.java:run(1319)) - Stopping IPC Server Responder
2019-09-09 18:21:06,239 [main] INFO  server.SCMClientProtocolServer (SCMClientProtocolServer.java:stop(159)) - Stopping the RPC server for Client Protocol
2019-09-09 18:21:06,240 [main] INFO  ipc.Server (Server.java:stop(3082)) - Stopping server on 42555
2019-09-09 18:21:06,243 [IPC Server listener on 42555] INFO  ipc.Server (Server.java:run(1185)) - Stopping IPC Server listener on 42555
2019-09-09 18:21:06,244 [main] INFO  server.StorageContainerManager (StorageContainerManager.java:stop(833)) - Stopping Storage Container Manager HTTP server.
2019-09-09 18:21:06,244 [IPC Server Responder] INFO  ipc.Server (Server.java:run(1319)) - Stopping IPC Server Responder
2019-09-09 18:21:06,246 [main] INFO  handler.ContextHandler (ContextHandler.java:doStop(910)) - Stopped o.e.j.w.WebAppContext@5b02a984{/,null,UNAVAILABLE}{/scm}
2019-09-09 18:21:06,246 [main] INFO  server.AbstractConnector (AbstractConnector.java:doStop(318)) - Stopped ServerConnector@57186526{HTTP/1.1,[http/1.1]}{0.0.0.0:0}
2019-09-09 18:21:06,247 [main] INFO  handler.ContextHandler (ContextHandler.java:doStop(910)) - Stopped o.e.j.s.ServletContextHandler@a0c5be{/static,file:///workdir/hadoop-ozone/integration-test/target/test-classes/webapps/static,UNAVAILABLE}
2019-09-09 18:21:06,247 [main] INFO  handler.ContextHandler (ContextHandler.java:doStop(910)) - Stopped o.e.j.s.ServletContextHandler@68631b1d{/logs,file:///workdir/hadoop-ozone/integration-test/target/log,UNAVAILABLE}
2019-09-09 18:21:06,248 [main] INFO  server.StorageContainerManager (StorageContainerManager.java:stop(844)) - Stopping Block Manager Service.
2019-09-09 18:21:06,249 [main] INFO  utils.BackgroundService (BackgroundService.java:shutdown(148)) - Shutting down service SCMBlockDeletingService
2019-09-09 18:21:06,249 [main] INFO  utils.BackgroundService (BackgroundService.java:shutdown(148)) - Shutting down service SCMBlockDeletingService
2019-09-09 18:21:06,250 [main] INFO  server.StorageContainerManager (StorageContainerManager.java:stop(866)) - Stopping SCM Event Queue.
2019-09-09 18:21:06,254 [main] INFO  impl.MetricsSystemImpl (MetricsSystemImpl.java:stop(210)) - Stopping HddsDatanode metrics system...
2019-09-09 18:21:06,267 [main] INFO  impl.MetricsSystemImpl (MetricsSystemImpl.java:stop(216)) - HddsDatanode metrics system stopped.
]]></system-out>
  </testcase>
  <testcase name="testFailureWithPrimeSizedData" classname="org.apache.hadoop.ozone.client.rpc.TestBlockOutputStreamWithFailures" time="34.32"/>
  <testcase name="testWatchForCommitWithCloseContainerException" classname="org.apache.hadoop.ozone.client.rpc.TestBlockOutputStreamWithFailures" time="38.387"/>
  <testcase name="testExceptionDuringClose" classname="org.apache.hadoop.ozone.client.rpc.TestBlockOutputStreamWithFailures" time="36.236"/>
</testsuite>