<?xml version="1.0" encoding="UTF-8"?>
<testsuite xmlns:xsi="http://www.w3.org/2001/XMLSchema-instance" xsi:noNamespaceSchemaLocation="https://maven.apache.org/surefire/maven-surefire-plugin/xsd/surefire-test-report.xsd" name="org.apache.hadoop.ozone.client.rpc.TestContainerReplicationEndToEnd" time="33.076" tests="1" errors="1" skipped="0" failures="0">
  <properties>
    <property name="awt.toolkit" value="sun.awt.X11.XToolkit"/>
    <property name="file.encoding.pkg" value="sun.io"/>
    <property name="java.specification.version" value="1.8"/>
    <property name="sun.cpu.isalist" value=""/>
    <property name="sun.jnu.encoding" value="UTF-8"/>
    <property name="java.class.path" value="/workdir/hadoop-ozone/integration-test/target/test-classes:/workdir/hadoop-ozone/integration-test/target/classes:/home/user/.m2/repository/org/apache/hadoop/hadoop-ozone-common/0.5.0-SNAPSHOT/hadoop-ozone-common-0.5.0-SNAPSHOT.jar:/home/user/.m2/repository/org/apache/commons/commons-compress/1.4.1/commons-compress-1.4.1.jar:/home/user/.m2/repository/org/tukaani/xz/1.0/xz-1.0.jar:/home/user/.m2/repository/org/apache/hadoop/hadoop-common/3.2.0/hadoop-common-3.2.0.jar:/home/user/.m2/repository/org/apache/hadoop/hadoop-hdfs/3.2.0/hadoop-hdfs-3.2.0.jar:/home/user/.m2/repository/org/apache/hadoop/hadoop-hdfs-client/3.2.0/hadoop-hdfs-client-3.2.0.jar:/home/user/.m2/repository/com/fasterxml/jackson/core/jackson-annotations/2.9.5/jackson-annotations-2.9.5.jar:/home/user/.m2/repository/org/apache/hadoop/hadoop-hdds-common/0.5.0-SNAPSHOT/hadoop-hdds-common-0.5.0-SNAPSHOT.jar:/home/user/.m2/repository/javax/annotation/javax.annotation-api/1.2/javax.annotation-api-1.2.jar:/home/user/.m2/repository/org/apache/ratis/ratis-server/0.4.0-78e95b9-SNAPSHOT/ratis-server-0.4.0-78e95b9-SNAPSHOT.jar:/home/user/.m2/repository/org/apache/ratis/ratis-thirdparty-misc/0.2.0/ratis-thirdparty-misc-0.2.0.jar:/home/user/.m2/repository/org/apache/ratis/ratis-proto/0.4.0-78e95b9-SNAPSHOT/ratis-proto-0.4.0-78e95b9-SNAPSHOT.jar:/home/user/.m2/repository/org/apache/ratis/ratis-common/0.4.0-78e95b9-SNAPSHOT/ratis-common-0.4.0-78e95b9-SNAPSHOT.jar:/home/user/.m2/repository/org/apache/ratis/ratis-client/0.4.0-78e95b9-SNAPSHOT/ratis-client-0.4.0-78e95b9-SNAPSHOT.jar:/home/user/.m2/repository/org/apache/ratis/ratis-metrics/0.4.0-78e95b9-SNAPSHOT/ratis-metrics-0.4.0-78e95b9-SNAPSHOT.jar:/home/user/.m2/repository/com/github/joshelser/dropwizard-metrics-hadoop-metrics2-reporter/0.1.2/dropwizard-metrics-hadoop-metrics2-reporter-0.1.2.jar:/home/user/.m2/repository/io/dropwizard/metrics/metrics-jvm/3.2.5/metrics-jvm-3.2.5.jar:/home/user/.m2/repository/io/dropwizard/metrics/metrics-ganglia/3.2.5/metrics-ganglia-3.2.5.jar:/home/user/.m2/repository/info/ganglia/gmetric4j/gmetric4j/1.0.7/gmetric4j-1.0.7.jar:/home/user/.m2/repository/org/apache/ratis/ratis-netty/0.4.0-78e95b9-SNAPSHOT/ratis-netty-0.4.0-78e95b9-SNAPSHOT.jar:/home/user/.m2/repository/org/apache/ratis/ratis-grpc/0.4.0-78e95b9-SNAPSHOT/ratis-grpc-0.4.0-78e95b9-SNAPSHOT.jar:/home/user/.m2/repository/org/rocksdb/rocksdbjni/6.0.1/rocksdbjni-6.0.1.jar:/home/user/.m2/repository/org/apache/logging/log4j/log4j-api/2.11.0/log4j-api-2.11.0.jar:/home/user/.m2/repository/org/apache/logging/log4j/log4j-core/2.11.0/log4j-core-2.11.0.jar:/home/user/.m2/repository/com/lmax/disruptor/3.4.2/disruptor-3.4.2.jar:/home/user/.m2/repository/org/apache/commons/commons-pool2/2.6.0/commons-pool2-2.6.0.jar:/home/user/.m2/repository/org/bouncycastle/bcpkix-jdk15on/1.60/bcpkix-jdk15on-1.60.jar:/home/user/.m2/repository/commons-validator/commons-validator/1.6/commons-validator-1.6.jar:/home/user/.m2/repository/commons-digester/commons-digester/1.8.1/commons-digester-1.8.1.jar:/home/user/.m2/repository/io/jaegertracing/jaeger-client/0.33.1/jaeger-client-0.33.1.jar:/home/user/.m2/repository/io/jaegertracing/jaeger-thrift/0.33.1/jaeger-thrift-0.33.1.jar:/home/user/.m2/repository/org/apache/thrift/libthrift/0.11.0/libthrift-0.11.0.jar:/home/user/.m2/repository/com/squareup/okhttp3/okhttp/3.9.0/okhttp-3.9.0.jar:/home/user/.m2/repository/com/squareup/okio/okio/1.13.0/okio-1.13.0.jar:/home/user/.m2/repository/io/jaegertracing/jaeger-core/0.33.1/jaeger-core-0.33.1.jar:/home/user/.m2/repository/io/jaegertracing/jaeger-tracerresolver/0.33.1/jaeger-tracerresolver-0.33.1.jar:/home/user/.m2/repository/io/opentracing/contrib/opentracing-tracerresolver/0.1.5/opentracing-tracerresolver-0.1.5.jar:/home/user/.m2/repository/io/opentracing/opentracing-util/0.31.0/opentracing-util-0.31.0.jar:/home/user/.m2/repository/io/opentracing/opentracing-api/0.31.0/opentracing-api-0.31.0.jar:/home/user/.m2/repository/io/opentracing/opentracing-noop/0.31.0/opentracing-noop-0.31.0.jar:/home/user/.m2/repository/org/apache/hadoop/hadoop-hdds-server-framework/0.5.0-SNAPSHOT/hadoop-hdds-server-framework-0.5.0-SNAPSHOT.jar:/home/user/.m2/repository/org/apache/hadoop/hadoop-hdds-container-service/0.5.0-SNAPSHOT/hadoop-hdds-container-service-0.5.0-SNAPSHOT.jar:/home/user/.m2/repository/org/apache/hadoop/hadoop-hdds-client/0.5.0-SNAPSHOT/hadoop-hdds-client-0.5.0-SNAPSHOT.jar:/home/user/.m2/repository/org/apache/hadoop/hadoop-hdds-tools/0.5.0-SNAPSHOT/hadoop-hdds-tools-0.5.0-SNAPSHOT.jar:/home/user/.m2/repository/org/apache/hadoop/hadoop-hdds-server-scm/0.5.0-SNAPSHOT/hadoop-hdds-server-scm-0.5.0-SNAPSHOT.jar:/home/user/.m2/repository/org/apache/hadoop/hadoop-hdds-docs/0.5.0-SNAPSHOT/hadoop-hdds-docs-0.5.0-SNAPSHOT.jar:/home/user/.m2/repository/io/dropwizard/metrics/metrics-core/3.2.4/metrics-core-3.2.4.jar:/home/user/.m2/repository/org/hamcrest/hamcrest-all/1.3/hamcrest-all-1.3.jar:/home/user/.m2/repository/org/bouncycastle/bcprov-jdk15on/1.60/bcprov-jdk15on-1.60.jar:/home/user/.m2/repository/info/picocli/picocli/3.9.6/picocli-3.9.6.jar:/home/user/.m2/repository/com/google/protobuf/protobuf-java/2.5.0/protobuf-java-2.5.0.jar:/home/user/.m2/repository/com/google/guava/guava/11.0.2/guava-11.0.2.jar:/home/user/.m2/repository/org/apache/hadoop/hadoop-ozone-ozone-manager/0.5.0-SNAPSHOT/hadoop-ozone-ozone-manager-0.5.0-SNAPSHOT.jar:/home/user/.m2/repository/org/apache/hadoop/hadoop-minikdc/3.2.0/hadoop-minikdc-3.2.0.jar:/home/user/.m2/repository/commons-io/commons-io/2.5/commons-io-2.5.jar:/home/user/.m2/repository/org/apache/kerby/kerb-simplekdc/1.0.1/kerb-simplekdc-1.0.1.jar:/home/user/.m2/repository/org/apache/kerby/kerb-client/1.0.1/kerb-client-1.0.1.jar:/home/user/.m2/repository/org/apache/kerby/kerby-config/1.0.1/kerby-config-1.0.1.jar:/home/user/.m2/repository/org/apache/kerby/kerb-core/1.0.1/kerb-core-1.0.1.jar:/home/user/.m2/repository/org/apache/kerby/kerby-pkix/1.0.1/kerby-pkix-1.0.1.jar:/home/user/.m2/repository/org/apache/kerby/kerby-asn1/1.0.1/kerby-asn1-1.0.1.jar:/home/user/.m2/repository/org/apache/kerby/kerby-util/1.0.1/kerby-util-1.0.1.jar:/home/user/.m2/repository/org/apache/kerby/kerb-common/1.0.1/kerb-common-1.0.1.jar:/home/user/.m2/repository/org/apache/kerby/kerb-crypto/1.0.1/kerb-crypto-1.0.1.jar:/home/user/.m2/repository/org/apache/kerby/kerb-util/1.0.1/kerb-util-1.0.1.jar:/home/user/.m2/repository/org/apache/kerby/token-provider/1.0.1/token-provider-1.0.1.jar:/home/user/.m2/repository/org/apache/kerby/kerb-admin/1.0.1/kerb-admin-1.0.1.jar:/home/user/.m2/repository/org/apache/kerby/kerb-server/1.0.1/kerb-server-1.0.1.jar:/home/user/.m2/repository/org/apache/kerby/kerb-identity/1.0.1/kerb-identity-1.0.1.jar:/home/user/.m2/repository/org/apache/kerby/kerby-xdr/1.0.1/kerby-xdr-1.0.1.jar:/home/user/.m2/repository/org/slf4j/slf4j-log4j12/1.7.25/slf4j-log4j12-1.7.25.jar:/home/user/.m2/repository/org/apache/hadoop/hadoop-ozone-s3gateway/0.5.0-SNAPSHOT/hadoop-ozone-s3gateway-0.5.0-SNAPSHOT.jar:/home/user/.m2/repository/org/jboss/weld/servlet/weld-servlet/2.4.7.Final/weld-servlet-2.4.7.Final.jar:/home/user/.m2/repository/org/glassfish/jersey/containers/jersey-container-servlet-core/2.27/jersey-container-servlet-core-2.27.jar:/home/user/.m2/repository/org/glassfish/hk2/external/javax.inject/2.5.0-b42/javax.inject-2.5.0-b42.jar:/home/user/.m2/repository/org/glassfish/jersey/core/jersey-common/2.27/jersey-common-2.27.jar:/home/user/.m2/repository/org/glassfish/hk2/osgi-resource-locator/1.0.1/osgi-resource-locator-1.0.1.jar:/home/user/.m2/repository/javax/ws/rs/javax.ws.rs-api/2.1/javax.ws.rs-api-2.1.jar:/home/user/.m2/repository/org/glassfish/jersey/ext/cdi/jersey-cdi1x/2.27/jersey-cdi1x-2.27.jar:/home/user/.m2/repository/org/glassfish/jersey/inject/jersey-hk2/2.27/jersey-hk2-2.27.jar:/home/user/.m2/repository/org/glassfish/hk2/hk2-locator/2.5.0-b42/hk2-locator-2.5.0-b42.jar:/home/user/.m2/repository/org/javassist/javassist/3.22.0-CR2/javassist-3.22.0-CR2.jar:/home/user/.m2/repository/org/glassfish/hk2/hk2-api/2.5.0/hk2-api-2.5.0.jar:/home/user/.m2/repository/org/glassfish/hk2/external/jakarta.inject/2.5.0/jakarta.inject-2.5.0.jar:/home/user/.m2/repository/org/glassfish/hk2/hk2-utils/2.5.0/hk2-utils-2.5.0.jar:/home/user/.m2/repository/jakarta/annotation/jakarta.annotation-api/1.3.4/jakarta.annotation-api-1.3.4.jar:/home/user/.m2/repository/org/glassfish/hk2/external/aopalliance-repackaged/2.5.0/aopalliance-repackaged-2.5.0.jar:/home/user/.m2/repository/com/fasterxml/jackson/dataformat/jackson-dataformat-xml/2.9.0/jackson-dataformat-xml-2.9.0.jar:/home/user/.m2/repository/com/fasterxml/jackson/core/jackson-core/2.9.5/jackson-core-2.9.5.jar:/home/user/.m2/repository/com/fasterxml/jackson/module/jackson-module-jaxb-annotations/2.9.5/jackson-module-jaxb-annotations-2.9.5.jar:/home/user/.m2/repository/javax/enterprise/cdi-api/1.2/cdi-api-1.2.jar:/home/user/.m2/repository/javax/el/javax.el-api/3.0.0/javax.el-api-3.0.0.jar:/home/user/.m2/repository/javax/interceptor/javax.interceptor-api/1.2/javax.interceptor-api-1.2.jar:/home/user/.m2/repository/javax/inject/javax.inject/1/javax.inject-1.jar:/home/user/.m2/repository/com/sun/xml/bind/jaxb-impl/2.3.0.1/jaxb-impl-2.3.0.1.jar:/home/user/.m2/repository/com/sun/xml/bind/jaxb-core/2.3.0.1/jaxb-core-2.3.0.1.jar:/home/user/.m2/repository/javax/xml/bind/jaxb-api/2.3.0/jaxb-api-2.3.0.jar:/home/user/.m2/repository/javax/activation/activation/1.1.1/activation-1.1.1.jar:/home/user/.m2/repository/org/apache/hadoop/hadoop-ozone-csi/0.5.0-SNAPSHOT/hadoop-ozone-csi-0.5.0-SNAPSHOT.jar:/home/user/.m2/repository/com/google/protobuf/protobuf-java-util/3.5.1/protobuf-java-util-3.5.1.jar:/home/user/.m2/repository/org/apache/hadoop/hadoop-hdds-config/0.5.0-SNAPSHOT/hadoop-hdds-config-0.5.0-SNAPSHOT.jar:/home/user/.m2/repository/io/grpc/grpc-netty/1.17.1/grpc-netty-1.17.1.jar:/home/user/.m2/repository/io/grpc/grpc-core/1.17.1/grpc-core-1.17.1.jar:/home/user/.m2/repository/io/grpc/grpc-context/1.17.1/grpc-context-1.17.1.jar:/home/user/.m2/repository/com/google/errorprone/error_prone_annotations/2.2.0/error_prone_annotations-2.2.0.jar:/home/user/.m2/repository/org/codehaus/mojo/animal-sniffer-annotations/1.17/animal-sniffer-annotations-1.17.jar:/home/user/.m2/repository/io/opencensus/opencensus-api/0.17.0/opencensus-api-0.17.0.jar:/home/user/.m2/repository/io/opencensus/opencensus-contrib-grpc-metrics/0.17.0/opencensus-contrib-grpc-metrics-0.17.0.jar:/home/user/.m2/repository/io/netty/netty-codec-http2/4.1.30.Final/netty-codec-http2-4.1.30.Final.jar:/home/user/.m2/repository/io/netty/netty-codec-http/4.1.30.Final/netty-codec-http-4.1.30.Final.jar:/home/user/.m2/repository/io/netty/netty-codec/4.1.30.Final/netty-codec-4.1.30.Final.jar:/home/user/.m2/repository/io/netty/netty-handler/4.1.30.Final/netty-handler-4.1.30.Final.jar:/home/user/.m2/repository/io/netty/netty-handler-proxy/4.1.30.Final/netty-handler-proxy-4.1.30.Final.jar:/home/user/.m2/repository/io/netty/netty-codec-socks/4.1.30.Final/netty-codec-socks-4.1.30.Final.jar:/home/user/.m2/repository/io/netty/netty-transport-native-epoll/4.1.30.Final/netty-transport-native-epoll-4.1.30.Final.jar:/home/user/.m2/repository/io/netty/netty-common/4.1.30.Final/netty-common-4.1.30.Final.jar:/home/user/.m2/repository/io/netty/netty-buffer/4.1.30.Final/netty-buffer-4.1.30.Final.jar:/home/user/.m2/repository/io/netty/netty-transport/4.1.30.Final/netty-transport-4.1.30.Final.jar:/home/user/.m2/repository/io/netty/netty-resolver/4.1.30.Final/netty-resolver-4.1.30.Final.jar:/home/user/.m2/repository/io/netty/netty-transport-native-unix-common/4.1.30.Final/netty-transport-native-unix-common-4.1.30.Final.jar:/home/user/.m2/repository/io/grpc/grpc-protobuf/1.17.1/grpc-protobuf-1.17.1.jar:/home/user/.m2/repository/com/google/api/grpc/proto-google-common-protos/1.0.0/proto-google-common-protos-1.0.0.jar:/home/user/.m2/repository/io/grpc/grpc-protobuf-lite/1.17.1/grpc-protobuf-lite-1.17.1.jar:/home/user/.m2/repository/io/grpc/grpc-stub/1.17.1/grpc-stub-1.17.1.jar:/home/user/.m2/repository/org/apache/hadoop/hadoop-ozone-recon/0.5.0-SNAPSHOT/hadoop-ozone-recon-0.5.0-SNAPSHOT.jar:/home/user/.m2/repository/org/apache/hadoop/hadoop-ozone-reconcodegen/0.5.0-SNAPSHOT/hadoop-ozone-reconcodegen-0.5.0-SNAPSHOT.jar:/home/user/.m2/repository/com/google/inject/extensions/guice-multibindings/4.0/guice-multibindings-4.0.jar:/home/user/.m2/repository/com/google/inject/guice/4.0/guice-4.0.jar:/home/user/.m2/repository/aopalliance/aopalliance/1.0/aopalliance-1.0.jar:/home/user/.m2/repository/com/google/inject/extensions/guice-servlet/4.0/guice-servlet-4.0.jar:/home/user/.m2/repository/org/glassfish/jersey/containers/jersey-container-servlet/2.27/jersey-container-servlet-2.27.jar:/home/user/.m2/repository/org/glassfish/hk2/guice-bridge/2.5.0/guice-bridge-2.5.0.jar:/home/user/.m2/repository/org/glassfish/jersey/core/jersey-server/2.27/jersey-server-2.27.jar:/home/user/.m2/repository/org/glassfish/jersey/core/jersey-client/2.27/jersey-client-2.27.jar:/home/user/.m2/repository/org/glassfish/jersey/media/jersey-media-jaxb/2.27/jersey-media-jaxb-2.27.jar:/home/user/.m2/repository/javax/validation/validation-api/1.1.0.Final/validation-api-1.1.0.Final.jar:/home/user/.m2/repository/org/glassfish/jersey/media/jersey-media-json-jackson/2.27/jersey-media-json-jackson-2.27.jar:/home/user/.m2/repository/org/glassfish/jersey/ext/jersey-entity-filtering/2.27/jersey-entity-filtering-2.27.jar:/home/user/.m2/repository/com/google/inject/extensions/guice-assistedinject/4.0/guice-assistedinject-4.0.jar:/home/user/.m2/repository/org/jooq/jooq/3.11.10/jooq-3.11.10.jar:/home/user/.m2/repository/org/jooq/jooq-meta/3.11.10/jooq-meta-3.11.10.jar:/home/user/.m2/repository/org/jooq/jooq-codegen/3.11.10/jooq-codegen-3.11.10.jar:/home/user/.m2/repository/com/jolbox/bonecp/0.8.0.RELEASE/bonecp-0.8.0.RELEASE.jar:/home/user/.m2/repository/org/xerial/sqlite-jdbc/3.25.2/sqlite-jdbc-3.25.2.jar:/home/user/.m2/repository/org/springframework/spring-jdbc/5.1.3.RELEASE/spring-jdbc-5.1.3.RELEASE.jar:/home/user/.m2/repository/org/springframework/spring-beans/5.1.3.RELEASE/spring-beans-5.1.3.RELEASE.jar:/home/user/.m2/repository/org/springframework/spring-core/5.1.3.RELEASE/spring-core-5.1.3.RELEASE.jar:/home/user/.m2/repository/org/springframework/spring-jcl/5.1.3.RELEASE/spring-jcl-5.1.3.RELEASE.jar:/home/user/.m2/repository/org/springframework/spring-tx/5.1.3.RELEASE/spring-tx-5.1.3.RELEASE.jar:/home/user/.m2/repository/org/apache/hadoop/hadoop-ozone-client/0.5.0-SNAPSHOT/hadoop-ozone-client-0.5.0-SNAPSHOT.jar:/home/user/.m2/repository/commons-lang/commons-lang/2.6/commons-lang-2.6.jar:/home/user/.m2/repository/org/apache/hadoop/hadoop-ozone-ozone-manager/0.5.0-SNAPSHOT/hadoop-ozone-ozone-manager-0.5.0-SNAPSHOT-tests.jar:/home/user/.m2/repository/junit/junit/4.11/junit-4.11.jar:/home/user/.m2/repository/org/hamcrest/hamcrest-core/1.3/hamcrest-core-1.3.jar:/home/user/.m2/repository/org/openjdk/jmh/jmh-core/1.19/jmh-core-1.19.jar:/home/user/.m2/repository/net/sf/jopt-simple/jopt-simple/4.6/jopt-simple-4.6.jar:/home/user/.m2/repository/org/apache/commons/commons-math3/3.1.1/commons-math3-3.1.1.jar:/home/user/.m2/repository/org/openjdk/jmh/jmh-generator-annprocess/1.19/jmh-generator-annprocess-1.19.jar:/home/user/.m2/repository/org/mockito/mockito-all/1.8.5/mockito-all-1.8.5.jar:/home/user/.m2/repository/org/apache/hadoop/hadoop-kms/3.2.0/hadoop-kms-3.2.0.jar:/home/user/.m2/repository/org/apache/hadoop/hadoop-auth/3.2.0/hadoop-auth-3.2.0.jar:/home/user/.m2/repository/com/nimbusds/nimbus-jose-jwt/4.41.1/nimbus-jose-jwt-4.41.1.jar:/home/user/.m2/repository/com/github/stephenc/jcip/jcip-annotations/1.0-1/jcip-annotations-1.0-1.jar:/home/user/.m2/repository/net/minidev/json-smart/2.3/json-smart-2.3.jar:/home/user/.m2/repository/net/minidev/accessors-smart/1.2/accessors-smart-1.2.jar:/home/user/.m2/repository/org/ow2/asm/asm/5.0.4/asm-5.0.4.jar:/home/user/.m2/repository/org/apache/curator/curator-framework/2.12.0/curator-framework-2.12.0.jar:/home/user/.m2/repository/com/sun/jersey/jersey-core/1.19/jersey-core-1.19.jar:/home/user/.m2/repository/javax/ws/rs/jsr311-api/1.1.1/jsr311-api-1.1.1.jar:/home/user/.m2/repository/com/sun/jersey/jersey-server/1.19/jersey-server-1.19.jar:/home/user/.m2/repository/javax/servlet/javax.servlet-api/3.1.0/javax.servlet-api-3.1.0.jar:/home/user/.m2/repository/org/eclipse/jetty/jetty-server/9.3.24.v20180605/jetty-server-9.3.24.v20180605.jar:/home/user/.m2/repository/org/eclipse/jetty/jetty-http/9.3.24.v20180605/jetty-http-9.3.24.v20180605.jar:/home/user/.m2/repository/org/eclipse/jetty/jetty-io/9.3.24.v20180605/jetty-io-9.3.24.v20180605.jar:/home/user/.m2/repository/org/eclipse/jetty/jetty-webapp/9.3.24.v20180605/jetty-webapp-9.3.24.v20180605.jar:/home/user/.m2/repository/org/eclipse/jetty/jetty-xml/9.3.24.v20180605/jetty-xml-9.3.24.v20180605.jar:/home/user/.m2/repository/log4j/log4j/1.2.17/log4j-1.2.17.jar:/home/user/.m2/repository/org/slf4j/slf4j-api/1.7.25/slf4j-api-1.7.25.jar:/home/user/.m2/repository/org/slf4j/jul-to-slf4j/1.7.25/jul-to-slf4j-1.7.25.jar:/home/user/.m2/repository/org/eclipse/jetty/jetty-util/9.3.24.v20180605/jetty-util-9.3.24.v20180605.jar:/home/user/.m2/repository/com/fasterxml/jackson/core/jackson-databind/2.9.5/jackson-databind-2.9.5.jar:/home/user/.m2/repository/org/apache/hadoop/hadoop-kms/3.2.0/hadoop-kms-3.2.0-tests.jar:/home/user/.m2/repository/org/apache/hadoop/hadoop-hdds-server-scm/0.5.0-SNAPSHOT/hadoop-hdds-server-scm-0.5.0-SNAPSHOT-tests.jar:/home/user/.m2/repository/org/apache/hadoop/hadoop-hdds-container-service/0.5.0-SNAPSHOT/hadoop-hdds-container-service-0.5.0-SNAPSHOT-tests.jar:/home/user/.m2/repository/org/yaml/snakeyaml/1.16/snakeyaml-1.16.jar:/home/user/.m2/repository/org/apache/hadoop/hadoop-common/3.2.0/hadoop-common-3.2.0-tests.jar:/home/user/.m2/repository/org/apache/hadoop/hadoop-annotations/3.2.0/hadoop-annotations-3.2.0.jar:/usr/lib/jvm/java-1.8-openjdk/jre/../lib/tools.jar:/home/user/.m2/repository/commons-cli/commons-cli/1.2/commons-cli-1.2.jar:/home/user/.m2/repository/org/apache/httpcomponents/httpclient/4.5.2/httpclient-4.5.2.jar:/home/user/.m2/repository/org/apache/httpcomponents/httpcore/4.4.4/httpcore-4.4.4.jar:/home/user/.m2/repository/commons-codec/commons-codec/1.11/commons-codec-1.11.jar:/home/user/.m2/repository/commons-net/commons-net/3.6/commons-net-3.6.jar:/home/user/.m2/repository/commons-collections/commons-collections/3.2.2/commons-collections-3.2.2.jar:/home/user/.m2/repository/org/eclipse/jetty/jetty-servlet/9.3.24.v20180605/jetty-servlet-9.3.24.v20180605.jar:/home/user/.m2/repository/org/eclipse/jetty/jetty-security/9.3.24.v20180605/jetty-security-9.3.24.v20180605.jar:/home/user/.m2/repository/javax/servlet/jsp/jsp-api/2.1/jsp-api-2.1.jar:/home/user/.m2/repository/com/sun/jersey/jersey-servlet/1.19/jersey-servlet-1.19.jar:/home/user/.m2/repository/com/sun/jersey/jersey-json/1.19/jersey-json-1.19.jar:/home/user/.m2/repository/org/codehaus/jettison/jettison/1.1/jettison-1.1.jar:/home/user/.m2/repository/org/codehaus/jackson/jackson-core-asl/1.9.13/jackson-core-asl-1.9.13.jar:/home/user/.m2/repository/org/codehaus/jackson/jackson-mapper-asl/1.9.13/jackson-mapper-asl-1.9.13.jar:/home/user/.m2/repository/org/codehaus/jackson/jackson-jaxrs/1.9.13/jackson-jaxrs-1.9.13.jar:/home/user/.m2/repository/org/codehaus/jackson/jackson-xc/1.9.13/jackson-xc-1.9.13.jar:/home/user/.m2/repository/commons-logging/commons-logging/1.1.3/commons-logging-1.1.3.jar:/home/user/.m2/repository/commons-beanutils/commons-beanutils/1.9.3/commons-beanutils-1.9.3.jar:/home/user/.m2/repository/org/apache/commons/commons-configuration2/2.1.1/commons-configuration2-2.1.1.jar:/home/user/.m2/repository/org/apache/commons/commons-lang3/3.7/commons-lang3-3.7.jar:/home/user/.m2/repository/org/apache/commons/commons-text/1.4/commons-text-1.4.jar:/home/user/.m2/repository/org/apache/avro/avro/1.7.7/avro-1.7.7.jar:/home/user/.m2/repository/com/thoughtworks/paranamer/paranamer/2.3/paranamer-2.3.jar:/home/user/.m2/repository/org/xerial/snappy/snappy-java/1.0.5/snappy-java-1.0.5.jar:/home/user/.m2/repository/com/google/re2j/re2j/1.1/re2j-1.1.jar:/home/user/.m2/repository/com/google/code/gson/gson/2.2.4/gson-2.2.4.jar:/home/user/.m2/repository/com/jcraft/jsch/0.1.54/jsch-0.1.54.jar:/home/user/.m2/repository/org/apache/curator/curator-client/2.12.0/curator-client-2.12.0.jar:/home/user/.m2/repository/org/apache/curator/curator-recipes/2.12.0/curator-recipes-2.12.0.jar:/home/user/.m2/repository/com/google/code/findbugs/jsr305/3.0.0/jsr305-3.0.0.jar:/home/user/.m2/repository/org/apache/htrace/htrace-core4/4.1.0-incubating/htrace-core4-4.1.0-incubating.jar:/home/user/.m2/repository/org/apache/zookeeper/zookeeper/3.4.13/zookeeper-3.4.13.jar:/home/user/.m2/repository/org/apache/yetus/audience-annotations/0.5.0/audience-annotations-0.5.0.jar:/home/user/.m2/repository/org/codehaus/woodstox/stax2-api/3.1.4/stax2-api-3.1.4.jar:/home/user/.m2/repository/com/fasterxml/woodstox/woodstox-core/5.0.3/woodstox-core-5.0.3.jar:/home/user/.m2/repository/dnsjava/dnsjava/2.1.7/dnsjava-2.1.7.jar:/home/user/.m2/repository/org/apache/hadoop/hadoop-hdfs/3.2.0/hadoop-hdfs-3.2.0-tests.jar:/home/user/.m2/repository/org/eclipse/jetty/jetty-util-ajax/9.3.24.v20180605/jetty-util-ajax-9.3.24.v20180605.jar:/home/user/.m2/repository/commons-daemon/commons-daemon/1.0.13/commons-daemon-1.0.13.jar:/home/user/.m2/repository/io/netty/netty/3.10.5.Final/netty-3.10.5.Final.jar:/home/user/.m2/repository/io/netty/netty-all/4.0.52.Final/netty-all-4.0.52.Final.jar:/home/user/.m2/repository/org/fusesource/leveldbjni/leveldbjni-all/1.8/leveldbjni-all-1.8.jar:"/>
    <property name="java.vm.vendor" value="IcedTea"/>
    <property name="sun.arch.data.model" value="64"/>
    <property name="test.build.dir" value="/workdir/hadoop-ozone/integration-test/target/test-dir"/>
    <property name="test.cache.data" value=""/>
    <property name="java.vendor.url" value="https://icedtea.classpath.org"/>
    <property name="user.timezone" value=""/>
    <property name="java.vm.specification.version" value="1.8"/>
    <property name="os.name" value="Linux"/>
    <property name="test.build.data" value="/workdir/hadoop-ozone/integration-test/target/test-dir"/>
    <property name="user.country" value="US"/>
    <property name="sun.java.launcher" value="SUN_STANDARD"/>
    <property name="sun.boot.library.path" value="/usr/lib/jvm/java-1.8-openjdk/jre/lib/amd64"/>
    <property name="sun.java.command" value="/workdir/hadoop-ozone/integration-test/target/surefire/surefirebooter4220140740931019101.jar /workdir/hadoop-ozone/integration-test/target/surefire 2019-09-17T21-06-55_351-jvmRun1 surefire5639590278435604145tmp surefire_215612533910886900711tmp"/>
    <property name="test" value="!TestMiniChaosOzoneCluster"/>
    <property name="surefire.test.class.path" value="/workdir/hadoop-ozone/integration-test/target/test-classes:/workdir/hadoop-ozone/integration-test/target/classes:/home/user/.m2/repository/org/apache/hadoop/hadoop-ozone-common/0.5.0-SNAPSHOT/hadoop-ozone-common-0.5.0-SNAPSHOT.jar:/home/user/.m2/repository/org/apache/commons/commons-compress/1.4.1/commons-compress-1.4.1.jar:/home/user/.m2/repository/org/tukaani/xz/1.0/xz-1.0.jar:/home/user/.m2/repository/org/apache/hadoop/hadoop-common/3.2.0/hadoop-common-3.2.0.jar:/home/user/.m2/repository/org/apache/hadoop/hadoop-hdfs/3.2.0/hadoop-hdfs-3.2.0.jar:/home/user/.m2/repository/org/apache/hadoop/hadoop-hdfs-client/3.2.0/hadoop-hdfs-client-3.2.0.jar:/home/user/.m2/repository/com/fasterxml/jackson/core/jackson-annotations/2.9.5/jackson-annotations-2.9.5.jar:/home/user/.m2/repository/org/apache/hadoop/hadoop-hdds-common/0.5.0-SNAPSHOT/hadoop-hdds-common-0.5.0-SNAPSHOT.jar:/home/user/.m2/repository/javax/annotation/javax.annotation-api/1.2/javax.annotation-api-1.2.jar:/home/user/.m2/repository/org/apache/ratis/ratis-server/0.4.0-78e95b9-SNAPSHOT/ratis-server-0.4.0-78e95b9-SNAPSHOT.jar:/home/user/.m2/repository/org/apache/ratis/ratis-thirdparty-misc/0.2.0/ratis-thirdparty-misc-0.2.0.jar:/home/user/.m2/repository/org/apache/ratis/ratis-proto/0.4.0-78e95b9-SNAPSHOT/ratis-proto-0.4.0-78e95b9-SNAPSHOT.jar:/home/user/.m2/repository/org/apache/ratis/ratis-common/0.4.0-78e95b9-SNAPSHOT/ratis-common-0.4.0-78e95b9-SNAPSHOT.jar:/home/user/.m2/repository/org/apache/ratis/ratis-client/0.4.0-78e95b9-SNAPSHOT/ratis-client-0.4.0-78e95b9-SNAPSHOT.jar:/home/user/.m2/repository/org/apache/ratis/ratis-metrics/0.4.0-78e95b9-SNAPSHOT/ratis-metrics-0.4.0-78e95b9-SNAPSHOT.jar:/home/user/.m2/repository/com/github/joshelser/dropwizard-metrics-hadoop-metrics2-reporter/0.1.2/dropwizard-metrics-hadoop-metrics2-reporter-0.1.2.jar:/home/user/.m2/repository/io/dropwizard/metrics/metrics-jvm/3.2.5/metrics-jvm-3.2.5.jar:/home/user/.m2/repository/io/dropwizard/metrics/metrics-ganglia/3.2.5/metrics-ganglia-3.2.5.jar:/home/user/.m2/repository/info/ganglia/gmetric4j/gmetric4j/1.0.7/gmetric4j-1.0.7.jar:/home/user/.m2/repository/org/apache/ratis/ratis-netty/0.4.0-78e95b9-SNAPSHOT/ratis-netty-0.4.0-78e95b9-SNAPSHOT.jar:/home/user/.m2/repository/org/apache/ratis/ratis-grpc/0.4.0-78e95b9-SNAPSHOT/ratis-grpc-0.4.0-78e95b9-SNAPSHOT.jar:/home/user/.m2/repository/org/rocksdb/rocksdbjni/6.0.1/rocksdbjni-6.0.1.jar:/home/user/.m2/repository/org/apache/logging/log4j/log4j-api/2.11.0/log4j-api-2.11.0.jar:/home/user/.m2/repository/org/apache/logging/log4j/log4j-core/2.11.0/log4j-core-2.11.0.jar:/home/user/.m2/repository/com/lmax/disruptor/3.4.2/disruptor-3.4.2.jar:/home/user/.m2/repository/org/apache/commons/commons-pool2/2.6.0/commons-pool2-2.6.0.jar:/home/user/.m2/repository/org/bouncycastle/bcpkix-jdk15on/1.60/bcpkix-jdk15on-1.60.jar:/home/user/.m2/repository/commons-validator/commons-validator/1.6/commons-validator-1.6.jar:/home/user/.m2/repository/commons-digester/commons-digester/1.8.1/commons-digester-1.8.1.jar:/home/user/.m2/repository/io/jaegertracing/jaeger-client/0.33.1/jaeger-client-0.33.1.jar:/home/user/.m2/repository/io/jaegertracing/jaeger-thrift/0.33.1/jaeger-thrift-0.33.1.jar:/home/user/.m2/repository/org/apache/thrift/libthrift/0.11.0/libthrift-0.11.0.jar:/home/user/.m2/repository/com/squareup/okhttp3/okhttp/3.9.0/okhttp-3.9.0.jar:/home/user/.m2/repository/com/squareup/okio/okio/1.13.0/okio-1.13.0.jar:/home/user/.m2/repository/io/jaegertracing/jaeger-core/0.33.1/jaeger-core-0.33.1.jar:/home/user/.m2/repository/io/jaegertracing/jaeger-tracerresolver/0.33.1/jaeger-tracerresolver-0.33.1.jar:/home/user/.m2/repository/io/opentracing/contrib/opentracing-tracerresolver/0.1.5/opentracing-tracerresolver-0.1.5.jar:/home/user/.m2/repository/io/opentracing/opentracing-util/0.31.0/opentracing-util-0.31.0.jar:/home/user/.m2/repository/io/opentracing/opentracing-api/0.31.0/opentracing-api-0.31.0.jar:/home/user/.m2/repository/io/opentracing/opentracing-noop/0.31.0/opentracing-noop-0.31.0.jar:/home/user/.m2/repository/org/apache/hadoop/hadoop-hdds-server-framework/0.5.0-SNAPSHOT/hadoop-hdds-server-framework-0.5.0-SNAPSHOT.jar:/home/user/.m2/repository/org/apache/hadoop/hadoop-hdds-container-service/0.5.0-SNAPSHOT/hadoop-hdds-container-service-0.5.0-SNAPSHOT.jar:/home/user/.m2/repository/org/apache/hadoop/hadoop-hdds-client/0.5.0-SNAPSHOT/hadoop-hdds-client-0.5.0-SNAPSHOT.jar:/home/user/.m2/repository/org/apache/hadoop/hadoop-hdds-tools/0.5.0-SNAPSHOT/hadoop-hdds-tools-0.5.0-SNAPSHOT.jar:/home/user/.m2/repository/org/apache/hadoop/hadoop-hdds-server-scm/0.5.0-SNAPSHOT/hadoop-hdds-server-scm-0.5.0-SNAPSHOT.jar:/home/user/.m2/repository/org/apache/hadoop/hadoop-hdds-docs/0.5.0-SNAPSHOT/hadoop-hdds-docs-0.5.0-SNAPSHOT.jar:/home/user/.m2/repository/io/dropwizard/metrics/metrics-core/3.2.4/metrics-core-3.2.4.jar:/home/user/.m2/repository/org/hamcrest/hamcrest-all/1.3/hamcrest-all-1.3.jar:/home/user/.m2/repository/org/bouncycastle/bcprov-jdk15on/1.60/bcprov-jdk15on-1.60.jar:/home/user/.m2/repository/info/picocli/picocli/3.9.6/picocli-3.9.6.jar:/home/user/.m2/repository/com/google/protobuf/protobuf-java/2.5.0/protobuf-java-2.5.0.jar:/home/user/.m2/repository/com/google/guava/guava/11.0.2/guava-11.0.2.jar:/home/user/.m2/repository/org/apache/hadoop/hadoop-ozone-ozone-manager/0.5.0-SNAPSHOT/hadoop-ozone-ozone-manager-0.5.0-SNAPSHOT.jar:/home/user/.m2/repository/org/apache/hadoop/hadoop-minikdc/3.2.0/hadoop-minikdc-3.2.0.jar:/home/user/.m2/repository/commons-io/commons-io/2.5/commons-io-2.5.jar:/home/user/.m2/repository/org/apache/kerby/kerb-simplekdc/1.0.1/kerb-simplekdc-1.0.1.jar:/home/user/.m2/repository/org/apache/kerby/kerb-client/1.0.1/kerb-client-1.0.1.jar:/home/user/.m2/repository/org/apache/kerby/kerby-config/1.0.1/kerby-config-1.0.1.jar:/home/user/.m2/repository/org/apache/kerby/kerb-core/1.0.1/kerb-core-1.0.1.jar:/home/user/.m2/repository/org/apache/kerby/kerby-pkix/1.0.1/kerby-pkix-1.0.1.jar:/home/user/.m2/repository/org/apache/kerby/kerby-asn1/1.0.1/kerby-asn1-1.0.1.jar:/home/user/.m2/repository/org/apache/kerby/kerby-util/1.0.1/kerby-util-1.0.1.jar:/home/user/.m2/repository/org/apache/kerby/kerb-common/1.0.1/kerb-common-1.0.1.jar:/home/user/.m2/repository/org/apache/kerby/kerb-crypto/1.0.1/kerb-crypto-1.0.1.jar:/home/user/.m2/repository/org/apache/kerby/kerb-util/1.0.1/kerb-util-1.0.1.jar:/home/user/.m2/repository/org/apache/kerby/token-provider/1.0.1/token-provider-1.0.1.jar:/home/user/.m2/repository/org/apache/kerby/kerb-admin/1.0.1/kerb-admin-1.0.1.jar:/home/user/.m2/repository/org/apache/kerby/kerb-server/1.0.1/kerb-server-1.0.1.jar:/home/user/.m2/repository/org/apache/kerby/kerb-identity/1.0.1/kerb-identity-1.0.1.jar:/home/user/.m2/repository/org/apache/kerby/kerby-xdr/1.0.1/kerby-xdr-1.0.1.jar:/home/user/.m2/repository/org/slf4j/slf4j-log4j12/1.7.25/slf4j-log4j12-1.7.25.jar:/home/user/.m2/repository/org/apache/hadoop/hadoop-ozone-s3gateway/0.5.0-SNAPSHOT/hadoop-ozone-s3gateway-0.5.0-SNAPSHOT.jar:/home/user/.m2/repository/org/jboss/weld/servlet/weld-servlet/2.4.7.Final/weld-servlet-2.4.7.Final.jar:/home/user/.m2/repository/org/glassfish/jersey/containers/jersey-container-servlet-core/2.27/jersey-container-servlet-core-2.27.jar:/home/user/.m2/repository/org/glassfish/hk2/external/javax.inject/2.5.0-b42/javax.inject-2.5.0-b42.jar:/home/user/.m2/repository/org/glassfish/jersey/core/jersey-common/2.27/jersey-common-2.27.jar:/home/user/.m2/repository/org/glassfish/hk2/osgi-resource-locator/1.0.1/osgi-resource-locator-1.0.1.jar:/home/user/.m2/repository/javax/ws/rs/javax.ws.rs-api/2.1/javax.ws.rs-api-2.1.jar:/home/user/.m2/repository/org/glassfish/jersey/ext/cdi/jersey-cdi1x/2.27/jersey-cdi1x-2.27.jar:/home/user/.m2/repository/org/glassfish/jersey/inject/jersey-hk2/2.27/jersey-hk2-2.27.jar:/home/user/.m2/repository/org/glassfish/hk2/hk2-locator/2.5.0-b42/hk2-locator-2.5.0-b42.jar:/home/user/.m2/repository/org/javassist/javassist/3.22.0-CR2/javassist-3.22.0-CR2.jar:/home/user/.m2/repository/org/glassfish/hk2/hk2-api/2.5.0/hk2-api-2.5.0.jar:/home/user/.m2/repository/org/glassfish/hk2/external/jakarta.inject/2.5.0/jakarta.inject-2.5.0.jar:/home/user/.m2/repository/org/glassfish/hk2/hk2-utils/2.5.0/hk2-utils-2.5.0.jar:/home/user/.m2/repository/jakarta/annotation/jakarta.annotation-api/1.3.4/jakarta.annotation-api-1.3.4.jar:/home/user/.m2/repository/org/glassfish/hk2/external/aopalliance-repackaged/2.5.0/aopalliance-repackaged-2.5.0.jar:/home/user/.m2/repository/com/fasterxml/jackson/dataformat/jackson-dataformat-xml/2.9.0/jackson-dataformat-xml-2.9.0.jar:/home/user/.m2/repository/com/fasterxml/jackson/core/jackson-core/2.9.5/jackson-core-2.9.5.jar:/home/user/.m2/repository/com/fasterxml/jackson/module/jackson-module-jaxb-annotations/2.9.5/jackson-module-jaxb-annotations-2.9.5.jar:/home/user/.m2/repository/javax/enterprise/cdi-api/1.2/cdi-api-1.2.jar:/home/user/.m2/repository/javax/el/javax.el-api/3.0.0/javax.el-api-3.0.0.jar:/home/user/.m2/repository/javax/interceptor/javax.interceptor-api/1.2/javax.interceptor-api-1.2.jar:/home/user/.m2/repository/javax/inject/javax.inject/1/javax.inject-1.jar:/home/user/.m2/repository/com/sun/xml/bind/jaxb-impl/2.3.0.1/jaxb-impl-2.3.0.1.jar:/home/user/.m2/repository/com/sun/xml/bind/jaxb-core/2.3.0.1/jaxb-core-2.3.0.1.jar:/home/user/.m2/repository/javax/xml/bind/jaxb-api/2.3.0/jaxb-api-2.3.0.jar:/home/user/.m2/repository/javax/activation/activation/1.1.1/activation-1.1.1.jar:/home/user/.m2/repository/org/apache/hadoop/hadoop-ozone-csi/0.5.0-SNAPSHOT/hadoop-ozone-csi-0.5.0-SNAPSHOT.jar:/home/user/.m2/repository/com/google/protobuf/protobuf-java-util/3.5.1/protobuf-java-util-3.5.1.jar:/home/user/.m2/repository/org/apache/hadoop/hadoop-hdds-config/0.5.0-SNAPSHOT/hadoop-hdds-config-0.5.0-SNAPSHOT.jar:/home/user/.m2/repository/io/grpc/grpc-netty/1.17.1/grpc-netty-1.17.1.jar:/home/user/.m2/repository/io/grpc/grpc-core/1.17.1/grpc-core-1.17.1.jar:/home/user/.m2/repository/io/grpc/grpc-context/1.17.1/grpc-context-1.17.1.jar:/home/user/.m2/repository/com/google/errorprone/error_prone_annotations/2.2.0/error_prone_annotations-2.2.0.jar:/home/user/.m2/repository/org/codehaus/mojo/animal-sniffer-annotations/1.17/animal-sniffer-annotations-1.17.jar:/home/user/.m2/repository/io/opencensus/opencensus-api/0.17.0/opencensus-api-0.17.0.jar:/home/user/.m2/repository/io/opencensus/opencensus-contrib-grpc-metrics/0.17.0/opencensus-contrib-grpc-metrics-0.17.0.jar:/home/user/.m2/repository/io/netty/netty-codec-http2/4.1.30.Final/netty-codec-http2-4.1.30.Final.jar:/home/user/.m2/repository/io/netty/netty-codec-http/4.1.30.Final/netty-codec-http-4.1.30.Final.jar:/home/user/.m2/repository/io/netty/netty-codec/4.1.30.Final/netty-codec-4.1.30.Final.jar:/home/user/.m2/repository/io/netty/netty-handler/4.1.30.Final/netty-handler-4.1.30.Final.jar:/home/user/.m2/repository/io/netty/netty-handler-proxy/4.1.30.Final/netty-handler-proxy-4.1.30.Final.jar:/home/user/.m2/repository/io/netty/netty-codec-socks/4.1.30.Final/netty-codec-socks-4.1.30.Final.jar:/home/user/.m2/repository/io/netty/netty-transport-native-epoll/4.1.30.Final/netty-transport-native-epoll-4.1.30.Final.jar:/home/user/.m2/repository/io/netty/netty-common/4.1.30.Final/netty-common-4.1.30.Final.jar:/home/user/.m2/repository/io/netty/netty-buffer/4.1.30.Final/netty-buffer-4.1.30.Final.jar:/home/user/.m2/repository/io/netty/netty-transport/4.1.30.Final/netty-transport-4.1.30.Final.jar:/home/user/.m2/repository/io/netty/netty-resolver/4.1.30.Final/netty-resolver-4.1.30.Final.jar:/home/user/.m2/repository/io/netty/netty-transport-native-unix-common/4.1.30.Final/netty-transport-native-unix-common-4.1.30.Final.jar:/home/user/.m2/repository/io/grpc/grpc-protobuf/1.17.1/grpc-protobuf-1.17.1.jar:/home/user/.m2/repository/com/google/api/grpc/proto-google-common-protos/1.0.0/proto-google-common-protos-1.0.0.jar:/home/user/.m2/repository/io/grpc/grpc-protobuf-lite/1.17.1/grpc-protobuf-lite-1.17.1.jar:/home/user/.m2/repository/io/grpc/grpc-stub/1.17.1/grpc-stub-1.17.1.jar:/home/user/.m2/repository/org/apache/hadoop/hadoop-ozone-recon/0.5.0-SNAPSHOT/hadoop-ozone-recon-0.5.0-SNAPSHOT.jar:/home/user/.m2/repository/org/apache/hadoop/hadoop-ozone-reconcodegen/0.5.0-SNAPSHOT/hadoop-ozone-reconcodegen-0.5.0-SNAPSHOT.jar:/home/user/.m2/repository/com/google/inject/extensions/guice-multibindings/4.0/guice-multibindings-4.0.jar:/home/user/.m2/repository/com/google/inject/guice/4.0/guice-4.0.jar:/home/user/.m2/repository/aopalliance/aopalliance/1.0/aopalliance-1.0.jar:/home/user/.m2/repository/com/google/inject/extensions/guice-servlet/4.0/guice-servlet-4.0.jar:/home/user/.m2/repository/org/glassfish/jersey/containers/jersey-container-servlet/2.27/jersey-container-servlet-2.27.jar:/home/user/.m2/repository/org/glassfish/hk2/guice-bridge/2.5.0/guice-bridge-2.5.0.jar:/home/user/.m2/repository/org/glassfish/jersey/core/jersey-server/2.27/jersey-server-2.27.jar:/home/user/.m2/repository/org/glassfish/jersey/core/jersey-client/2.27/jersey-client-2.27.jar:/home/user/.m2/repository/org/glassfish/jersey/media/jersey-media-jaxb/2.27/jersey-media-jaxb-2.27.jar:/home/user/.m2/repository/javax/validation/validation-api/1.1.0.Final/validation-api-1.1.0.Final.jar:/home/user/.m2/repository/org/glassfish/jersey/media/jersey-media-json-jackson/2.27/jersey-media-json-jackson-2.27.jar:/home/user/.m2/repository/org/glassfish/jersey/ext/jersey-entity-filtering/2.27/jersey-entity-filtering-2.27.jar:/home/user/.m2/repository/com/google/inject/extensions/guice-assistedinject/4.0/guice-assistedinject-4.0.jar:/home/user/.m2/repository/org/jooq/jooq/3.11.10/jooq-3.11.10.jar:/home/user/.m2/repository/org/jooq/jooq-meta/3.11.10/jooq-meta-3.11.10.jar:/home/user/.m2/repository/org/jooq/jooq-codegen/3.11.10/jooq-codegen-3.11.10.jar:/home/user/.m2/repository/com/jolbox/bonecp/0.8.0.RELEASE/bonecp-0.8.0.RELEASE.jar:/home/user/.m2/repository/org/xerial/sqlite-jdbc/3.25.2/sqlite-jdbc-3.25.2.jar:/home/user/.m2/repository/org/springframework/spring-jdbc/5.1.3.RELEASE/spring-jdbc-5.1.3.RELEASE.jar:/home/user/.m2/repository/org/springframework/spring-beans/5.1.3.RELEASE/spring-beans-5.1.3.RELEASE.jar:/home/user/.m2/repository/org/springframework/spring-core/5.1.3.RELEASE/spring-core-5.1.3.RELEASE.jar:/home/user/.m2/repository/org/springframework/spring-jcl/5.1.3.RELEASE/spring-jcl-5.1.3.RELEASE.jar:/home/user/.m2/repository/org/springframework/spring-tx/5.1.3.RELEASE/spring-tx-5.1.3.RELEASE.jar:/home/user/.m2/repository/org/apache/hadoop/hadoop-ozone-client/0.5.0-SNAPSHOT/hadoop-ozone-client-0.5.0-SNAPSHOT.jar:/home/user/.m2/repository/commons-lang/commons-lang/2.6/commons-lang-2.6.jar:/home/user/.m2/repository/org/apache/hadoop/hadoop-ozone-ozone-manager/0.5.0-SNAPSHOT/hadoop-ozone-ozone-manager-0.5.0-SNAPSHOT-tests.jar:/home/user/.m2/repository/junit/junit/4.11/junit-4.11.jar:/home/user/.m2/repository/org/hamcrest/hamcrest-core/1.3/hamcrest-core-1.3.jar:/home/user/.m2/repository/org/openjdk/jmh/jmh-core/1.19/jmh-core-1.19.jar:/home/user/.m2/repository/net/sf/jopt-simple/jopt-simple/4.6/jopt-simple-4.6.jar:/home/user/.m2/repository/org/apache/commons/commons-math3/3.1.1/commons-math3-3.1.1.jar:/home/user/.m2/repository/org/openjdk/jmh/jmh-generator-annprocess/1.19/jmh-generator-annprocess-1.19.jar:/home/user/.m2/repository/org/mockito/mockito-all/1.8.5/mockito-all-1.8.5.jar:/home/user/.m2/repository/org/apache/hadoop/hadoop-kms/3.2.0/hadoop-kms-3.2.0.jar:/home/user/.m2/repository/org/apache/hadoop/hadoop-auth/3.2.0/hadoop-auth-3.2.0.jar:/home/user/.m2/repository/com/nimbusds/nimbus-jose-jwt/4.41.1/nimbus-jose-jwt-4.41.1.jar:/home/user/.m2/repository/com/github/stephenc/jcip/jcip-annotations/1.0-1/jcip-annotations-1.0-1.jar:/home/user/.m2/repository/net/minidev/json-smart/2.3/json-smart-2.3.jar:/home/user/.m2/repository/net/minidev/accessors-smart/1.2/accessors-smart-1.2.jar:/home/user/.m2/repository/org/ow2/asm/asm/5.0.4/asm-5.0.4.jar:/home/user/.m2/repository/org/apache/curator/curator-framework/2.12.0/curator-framework-2.12.0.jar:/home/user/.m2/repository/com/sun/jersey/jersey-core/1.19/jersey-core-1.19.jar:/home/user/.m2/repository/javax/ws/rs/jsr311-api/1.1.1/jsr311-api-1.1.1.jar:/home/user/.m2/repository/com/sun/jersey/jersey-server/1.19/jersey-server-1.19.jar:/home/user/.m2/repository/javax/servlet/javax.servlet-api/3.1.0/javax.servlet-api-3.1.0.jar:/home/user/.m2/repository/org/eclipse/jetty/jetty-server/9.3.24.v20180605/jetty-server-9.3.24.v20180605.jar:/home/user/.m2/repository/org/eclipse/jetty/jetty-http/9.3.24.v20180605/jetty-http-9.3.24.v20180605.jar:/home/user/.m2/repository/org/eclipse/jetty/jetty-io/9.3.24.v20180605/jetty-io-9.3.24.v20180605.jar:/home/user/.m2/repository/org/eclipse/jetty/jetty-webapp/9.3.24.v20180605/jetty-webapp-9.3.24.v20180605.jar:/home/user/.m2/repository/org/eclipse/jetty/jetty-xml/9.3.24.v20180605/jetty-xml-9.3.24.v20180605.jar:/home/user/.m2/repository/log4j/log4j/1.2.17/log4j-1.2.17.jar:/home/user/.m2/repository/org/slf4j/slf4j-api/1.7.25/slf4j-api-1.7.25.jar:/home/user/.m2/repository/org/slf4j/jul-to-slf4j/1.7.25/jul-to-slf4j-1.7.25.jar:/home/user/.m2/repository/org/eclipse/jetty/jetty-util/9.3.24.v20180605/jetty-util-9.3.24.v20180605.jar:/home/user/.m2/repository/com/fasterxml/jackson/core/jackson-databind/2.9.5/jackson-databind-2.9.5.jar:/home/user/.m2/repository/org/apache/hadoop/hadoop-kms/3.2.0/hadoop-kms-3.2.0-tests.jar:/home/user/.m2/repository/org/apache/hadoop/hadoop-hdds-server-scm/0.5.0-SNAPSHOT/hadoop-hdds-server-scm-0.5.0-SNAPSHOT-tests.jar:/home/user/.m2/repository/org/apache/hadoop/hadoop-hdds-container-service/0.5.0-SNAPSHOT/hadoop-hdds-container-service-0.5.0-SNAPSHOT-tests.jar:/home/user/.m2/repository/org/yaml/snakeyaml/1.16/snakeyaml-1.16.jar:/home/user/.m2/repository/org/apache/hadoop/hadoop-common/3.2.0/hadoop-common-3.2.0-tests.jar:/home/user/.m2/repository/org/apache/hadoop/hadoop-annotations/3.2.0/hadoop-annotations-3.2.0.jar:/usr/lib/jvm/java-1.8-openjdk/jre/../lib/tools.jar:/home/user/.m2/repository/commons-cli/commons-cli/1.2/commons-cli-1.2.jar:/home/user/.m2/repository/org/apache/httpcomponents/httpclient/4.5.2/httpclient-4.5.2.jar:/home/user/.m2/repository/org/apache/httpcomponents/httpcore/4.4.4/httpcore-4.4.4.jar:/home/user/.m2/repository/commons-codec/commons-codec/1.11/commons-codec-1.11.jar:/home/user/.m2/repository/commons-net/commons-net/3.6/commons-net-3.6.jar:/home/user/.m2/repository/commons-collections/commons-collections/3.2.2/commons-collections-3.2.2.jar:/home/user/.m2/repository/org/eclipse/jetty/jetty-servlet/9.3.24.v20180605/jetty-servlet-9.3.24.v20180605.jar:/home/user/.m2/repository/org/eclipse/jetty/jetty-security/9.3.24.v20180605/jetty-security-9.3.24.v20180605.jar:/home/user/.m2/repository/javax/servlet/jsp/jsp-api/2.1/jsp-api-2.1.jar:/home/user/.m2/repository/com/sun/jersey/jersey-servlet/1.19/jersey-servlet-1.19.jar:/home/user/.m2/repository/com/sun/jersey/jersey-json/1.19/jersey-json-1.19.jar:/home/user/.m2/repository/org/codehaus/jettison/jettison/1.1/jettison-1.1.jar:/home/user/.m2/repository/org/codehaus/jackson/jackson-core-asl/1.9.13/jackson-core-asl-1.9.13.jar:/home/user/.m2/repository/org/codehaus/jackson/jackson-mapper-asl/1.9.13/jackson-mapper-asl-1.9.13.jar:/home/user/.m2/repository/org/codehaus/jackson/jackson-jaxrs/1.9.13/jackson-jaxrs-1.9.13.jar:/home/user/.m2/repository/org/codehaus/jackson/jackson-xc/1.9.13/jackson-xc-1.9.13.jar:/home/user/.m2/repository/commons-logging/commons-logging/1.1.3/commons-logging-1.1.3.jar:/home/user/.m2/repository/commons-beanutils/commons-beanutils/1.9.3/commons-beanutils-1.9.3.jar:/home/user/.m2/repository/org/apache/commons/commons-configuration2/2.1.1/commons-configuration2-2.1.1.jar:/home/user/.m2/repository/org/apache/commons/commons-lang3/3.7/commons-lang3-3.7.jar:/home/user/.m2/repository/org/apache/commons/commons-text/1.4/commons-text-1.4.jar:/home/user/.m2/repository/org/apache/avro/avro/1.7.7/avro-1.7.7.jar:/home/user/.m2/repository/com/thoughtworks/paranamer/paranamer/2.3/paranamer-2.3.jar:/home/user/.m2/repository/org/xerial/snappy/snappy-java/1.0.5/snappy-java-1.0.5.jar:/home/user/.m2/repository/com/google/re2j/re2j/1.1/re2j-1.1.jar:/home/user/.m2/repository/com/google/code/gson/gson/2.2.4/gson-2.2.4.jar:/home/user/.m2/repository/com/jcraft/jsch/0.1.54/jsch-0.1.54.jar:/home/user/.m2/repository/org/apache/curator/curator-client/2.12.0/curator-client-2.12.0.jar:/home/user/.m2/repository/org/apache/curator/curator-recipes/2.12.0/curator-recipes-2.12.0.jar:/home/user/.m2/repository/com/google/code/findbugs/jsr305/3.0.0/jsr305-3.0.0.jar:/home/user/.m2/repository/org/apache/htrace/htrace-core4/4.1.0-incubating/htrace-core4-4.1.0-incubating.jar:/home/user/.m2/repository/org/apache/zookeeper/zookeeper/3.4.13/zookeeper-3.4.13.jar:/home/user/.m2/repository/org/apache/yetus/audience-annotations/0.5.0/audience-annotations-0.5.0.jar:/home/user/.m2/repository/org/codehaus/woodstox/stax2-api/3.1.4/stax2-api-3.1.4.jar:/home/user/.m2/repository/com/fasterxml/woodstox/woodstox-core/5.0.3/woodstox-core-5.0.3.jar:/home/user/.m2/repository/dnsjava/dnsjava/2.1.7/dnsjava-2.1.7.jar:/home/user/.m2/repository/org/apache/hadoop/hadoop-hdfs/3.2.0/hadoop-hdfs-3.2.0-tests.jar:/home/user/.m2/repository/org/eclipse/jetty/jetty-util-ajax/9.3.24.v20180605/jetty-util-ajax-9.3.24.v20180605.jar:/home/user/.m2/repository/commons-daemon/commons-daemon/1.0.13/commons-daemon-1.0.13.jar:/home/user/.m2/repository/io/netty/netty/3.10.5.Final/netty-3.10.5.Final.jar:/home/user/.m2/repository/io/netty/netty-all/4.0.52.Final/netty-all-4.0.52.Final.jar:/home/user/.m2/repository/org/fusesource/leveldbjni/leveldbjni-all/1.8/leveldbjni-all-1.8.jar:"/>
    <property name="sun.cpu.endian" value="little"/>
    <property name="user.home" value="/home/user"/>
    <property name="user.language" value="en"/>
    <property name="java.specification.vendor" value="Oracle Corporation"/>
    <property name="java.home" value="/usr/lib/jvm/java-1.8-openjdk/jre"/>
    <property name="java.security.krb5.conf" value="/workdir/hadoop-ozone/integration-test/target/test-classes/krb5.conf"/>
    <property name="basedir" value="/workdir/hadoop-ozone/integration-test"/>
    <property name="file.separator" value="/"/>
    <property name="line.separator" value="&#10;"/>
    <property name="java.vm.specification.vendor" value="Oracle Corporation"/>
    <property name="java.specification.name" value="Java Platform API Specification"/>
    <property name="java.awt.graphicsenv" value="sun.awt.X11GraphicsEnvironment"/>
    <property name="surefire.real.class.path" value="/workdir/hadoop-ozone/integration-test/target/surefire/surefirebooter4220140740931019101.jar"/>
    <property name="hadoop.log.dir" value="/workdir/hadoop-ozone/integration-test/target/log"/>
    <property name="sun.boot.class.path" value="/usr/lib/jvm/java-1.8-openjdk/jre/lib/resources.jar:/usr/lib/jvm/java-1.8-openjdk/jre/lib/rt.jar:/usr/lib/jvm/java-1.8-openjdk/jre/lib/sunrsasign.jar:/usr/lib/jvm/java-1.8-openjdk/jre/lib/jsse.jar:/usr/lib/jvm/java-1.8-openjdk/jre/lib/jce.jar:/usr/lib/jvm/java-1.8-openjdk/jre/lib/charsets.jar:/usr/lib/jvm/java-1.8-openjdk/jre/lib/jfr.jar:/usr/lib/jvm/java-1.8-openjdk/jre/classes"/>
    <property name="sun.management.compiler" value="HotSpot 64-Bit Tiered Compilers"/>
    <property name="java.runtime.version" value="1.8.0_212-b04"/>
    <property name="java.net.preferIPv4Stack" value="true"/>
    <property name="user.name" value="jenkins1000"/>
    <property name="path.separator" value=":"/>
    <property name="java.security.egd" value="file:///dev/urandom"/>
    <property name="os.version" value="3.10.0-957.12.2.el7.x86_64"/>
    <property name="java.endorsed.dirs" value="/usr/lib/jvm/java-1.8-openjdk/jre/lib/endorsed"/>
    <property name="java.runtime.name" value="OpenJDK Runtime Environment"/>
    <property name="file.encoding" value="UTF-8"/>
    <property name="java.vm.name" value="OpenJDK 64-Bit Server VM"/>
    <property name="test.build.webapps" value=""/>
    <property name="localRepository" value="/home/user/.m2/repository"/>
    <property name="java.vendor.url.bug" value="https://icedtea.classpath.org/bugzilla"/>
    <property name="java.io.tmpdir" value="/tmp"/>
    <property name="require.test.libhadoop" value=""/>
    <property name="java.version" value="1.8.0_212"/>
    <property name="user.dir" value="/workdir/hadoop-ozone/integration-test"/>
    <property name="os.arch" value="amd64"/>
    <property name="java.vm.specification.name" value="Java Virtual Machine Specification"/>
    <property name="test.build.classes" value="/workdir/hadoop-ozone/integration-test/target/test-classes"/>
    <property name="java.awt.printerjob" value="sun.print.PSPrinterJob"/>
    <property name="sun.os.patch.level" value="unknown"/>
    <property name="hadoop.tmp.dir" value="/workdir/hadoop-ozone/integration-test/target/tmp"/>
    <property name="java.library.path" value="/usr/lib/jvm/java-1.8-openjdk/jre/lib/amd64/server:/usr/lib/jvm/java-1.8-openjdk/jre/lib/amd64:/usr/lib/jvm/java-1.8-openjdk/jre/../lib/amd64:/workdir/hadoop-ozone/integration-test/target/native/target/usr/local/lib:/workdir/hadoop-ozone/integration-test/../../hadoop-common-project/hadoop-common/target/native/target/usr/local/lib:/usr/java/packages/lib/amd64:/usr/lib64:/lib64:/lib:/usr/lib"/>
    <property name="java.vm.info" value="mixed mode"/>
    <property name="java.vendor" value="IcedTea"/>
    <property name="java.vm.version" value="25.212-b04"/>
    <property name="java.ext.dirs" value="/usr/lib/jvm/java-1.8-openjdk/jre/lib/ext:/usr/java/packages/lib/ext"/>
    <property name="sun.io.unicode.encoding" value="UnicodeLittle"/>
    <property name="java.class.version" value="52.0"/>
  </properties>
  <testcase name="testContainerReplication" classname="org.apache.hadoop.ozone.client.rpc.TestContainerReplicationEndToEnd" time="10.636">
    <error message="Failed to update container state #1, reason: invalid state transition from state: CLOSING upon event: FINALIZE." type="org.apache.hadoop.hdds.scm.exceptions.SCMException">org.apache.hadoop.hdds.scm.exceptions.SCMException: Failed to update container state #1, reason: invalid state transition from state: CLOSING upon event: FINALIZE.
	at org.apache.hadoop.hdds.scm.container.ContainerStateManager.updateContainerState(ContainerStateManager.java:336)
	at org.apache.hadoop.hdds.scm.container.SCMContainerManager.updateContainerState(SCMContainerManager.java:312)
	at org.apache.hadoop.ozone.client.rpc.TestContainerReplicationEndToEnd.testContainerReplication(TestContainerReplicationEndToEnd.java:159)
	at sun.reflect.NativeMethodAccessorImpl.invoke0(Native Method)
	at sun.reflect.NativeMethodAccessorImpl.invoke(NativeMethodAccessorImpl.java:62)
	at sun.reflect.DelegatingMethodAccessorImpl.invoke(DelegatingMethodAccessorImpl.java:43)
	at java.lang.reflect.Method.invoke(Method.java:498)
	at org.junit.runners.model.FrameworkMethod$1.runReflectiveCall(FrameworkMethod.java:47)
	at org.junit.internal.runners.model.ReflectiveCallable.run(ReflectiveCallable.java:12)
	at org.junit.runners.model.FrameworkMethod.invokeExplosively(FrameworkMethod.java:44)
	at org.junit.internal.runners.statements.InvokeMethod.evaluate(InvokeMethod.java:17)
	at org.junit.runners.ParentRunner.runLeaf(ParentRunner.java:271)
	at org.junit.runners.BlockJUnit4ClassRunner.runChild(BlockJUnit4ClassRunner.java:70)
	at org.junit.runners.BlockJUnit4ClassRunner.runChild(BlockJUnit4ClassRunner.java:50)
	at org.junit.runners.ParentRunner$3.run(ParentRunner.java:238)
	at org.junit.runners.ParentRunner$1.schedule(ParentRunner.java:63)
	at org.junit.runners.ParentRunner.runChildren(ParentRunner.java:236)
	at org.junit.runners.ParentRunner.access$000(ParentRunner.java:53)
	at org.junit.runners.ParentRunner$2.evaluate(ParentRunner.java:229)
	at org.junit.internal.runners.statements.RunBefores.evaluate(RunBefores.java:26)
	at org.junit.internal.runners.statements.RunAfters.evaluate(RunAfters.java:27)
	at org.junit.runners.ParentRunner.run(ParentRunner.java:309)
	at org.apache.maven.surefire.junit4.JUnit4Provider.execute(JUnit4Provider.java:365)
	at org.apache.maven.surefire.junit4.JUnit4Provider.executeWithRerun(JUnit4Provider.java:273)
	at org.apache.maven.surefire.junit4.JUnit4Provider.executeTestSet(JUnit4Provider.java:238)
	at org.apache.maven.surefire.junit4.JUnit4Provider.invoke(JUnit4Provider.java:159)
	at org.apache.maven.surefire.booter.ForkedBooter.invokeProviderInSameClassLoader(ForkedBooter.java:384)
	at org.apache.maven.surefire.booter.ForkedBooter.runSuitesInProcess(ForkedBooter.java:345)
	at org.apache.maven.surefire.booter.ForkedBooter.execute(ForkedBooter.java:126)
	at org.apache.maven.surefire.booter.ForkedBooter.main(ForkedBooter.java:418)
</error>
    <system-out><![CDATA[2019-09-17 21:32:56,822 [main] WARN  server.ServerUtils (ServerUtils.java:getScmDbDir(145)) - ozone.scm.db.dirs is not configured. We recommend adding this setting. Falling back to ozone.metadata.dirs instead.
2019-09-17 21:32:56,967 [main] WARN  server.ServerUtils (ServerUtils.java:getScmDbDir(145)) - ozone.scm.db.dirs is not configured. We recommend adding this setting. Falling back to ozone.metadata.dirs instead.
2019-09-17 21:32:56,971 [main] WARN  server.ServerUtils (ServerUtils.java:getScmDbDir(145)) - ozone.scm.db.dirs is not configured. We recommend adding this setting. Falling back to ozone.metadata.dirs instead.
2019-09-17 21:32:56,994 [main] INFO  util.log (Log.java:initialized(192)) - Logging initialized @952ms
2019-09-17 21:32:57,080 [main] INFO  db.DBStoreBuilder (DBStoreBuilder.java:addTable(110)) - using custom profile for table: deletedBlocks
2019-09-17 21:32:57,080 [main] INFO  db.DBStoreBuilder (DBStoreBuilder.java:processTables(161)) - Using default column profile:DBProfile.DISK for Table:deletedBlocks
2019-09-17 21:32:57,081 [main] INFO  db.DBStoreBuilder (DBStoreBuilder.java:addTable(110)) - using custom profile for table: validCerts
2019-09-17 21:32:57,081 [main] INFO  db.DBStoreBuilder (DBStoreBuilder.java:processTables(161)) - Using default column profile:DBProfile.DISK for Table:validCerts
2019-09-17 21:32:57,081 [main] INFO  db.DBStoreBuilder (DBStoreBuilder.java:addTable(110)) - using custom profile for table: revokedCerts
2019-09-17 21:32:57,081 [main] INFO  db.DBStoreBuilder (DBStoreBuilder.java:processTables(161)) - Using default column profile:DBProfile.DISK for Table:revokedCerts
2019-09-17 21:32:57,092 [main] INFO  db.DBStoreBuilder (DBStoreBuilder.java:addTable(110)) - using custom profile for table: default
2019-09-17 21:32:57,092 [main] INFO  db.DBStoreBuilder (DBStoreBuilder.java:processTables(167)) - Using default column profile:DBProfile.DISK for Table:default
2019-09-17 21:32:57,093 [main] INFO  db.DBStoreBuilder (DBStoreBuilder.java:getDbProfile(198)) - Using default options. DBProfile.DISK
2019-09-17 21:32:57,503 [main] INFO  net.NodeSchemaLoader (NodeSchemaLoader.java:loadSchemaFromFile(125)) - Loading file from sun.misc.CompoundEnumeration@77888435
2019-09-17 21:32:57,505 [main] INFO  net.NodeSchemaLoader (NodeSchemaLoader.java:loadSchema(171)) - Loading network topology layer schema file
2019-09-17 21:32:57,576 [main] INFO  node.SCMNodeManager (SCMNodeManager.java:<init>(114)) - Entering startup safe mode.
2019-09-17 21:32:57,683 [main] INFO  algorithms.ContainerPlacementPolicyFactory (ContainerPlacementPolicyFactory.java:getPolicy(57)) - Create container placement policy of type org.apache.hadoop.hdds.scm.container.placement.algorithms.SCMContainerPlacementRandom
2019-09-17 21:32:57,698 [main] WARN  server.ServerUtils (ServerUtils.java:getScmDbDir(145)) - ozone.scm.db.dirs is not configured. We recommend adding this setting. Falling back to ozone.metadata.dirs instead.
2019-09-17 21:32:57,819 [main] INFO  pipeline.SCMPipelineManager (SCMPipelineManager.java:initializePipelineState(128)) - No pipeline exists in current db
2019-09-17 21:32:57,823 [main] WARN  server.ServerUtils (ServerUtils.java:getScmDbDir(145)) - ozone.scm.db.dirs is not configured. We recommend adding this setting. Falling back to ozone.metadata.dirs instead.
2019-09-17 21:32:58,007 [main] INFO  Configuration.deprecation (Configuration.java:logDeprecation(1394)) - No unit for hdds.scm.replication.thread.interval(2000) assuming MILLISECONDS
2019-09-17 21:32:58,041 [main] WARN  events.EventQueue (EventQueue.java:fireEvent(183)) - No event handler registered for event TypedEvent{payloadType=SafeModeStatus, name='SafeModeStatus'}
2019-09-17 21:32:58,392 [main] INFO  ipc.CallQueueManager (CallQueueManager.java:<init>(84)) - Using callQueue: class java.util.concurrent.LinkedBlockingQueue, queueCapacity: 2000, scheduler: class org.apache.hadoop.ipc.DefaultRpcScheduler, ipcBackoff: false.
2019-09-17 21:32:58,419 [Socket Reader #1 for port 46444] INFO  ipc.Server (Server.java:run(1074)) - Starting Socket Reader #1 for port 46444
2019-09-17 21:32:58,600 [main] INFO  ipc.CallQueueManager (CallQueueManager.java:<init>(84)) - Using callQueue: class java.util.concurrent.LinkedBlockingQueue, queueCapacity: 2000, scheduler: class org.apache.hadoop.ipc.DefaultRpcScheduler, ipcBackoff: false.
2019-09-17 21:32:58,601 [Socket Reader #1 for port 42874] INFO  ipc.Server (Server.java:run(1074)) - Starting Socket Reader #1 for port 42874
2019-09-17 21:32:58,612 [main] INFO  ipc.CallQueueManager (CallQueueManager.java:<init>(84)) - Using callQueue: class java.util.concurrent.LinkedBlockingQueue, queueCapacity: 2000, scheduler: class org.apache.hadoop.ipc.DefaultRpcScheduler, ipcBackoff: false.
2019-09-17 21:32:58,613 [Socket Reader #1 for port 46678] INFO  ipc.Server (Server.java:run(1074)) - Starting Socket Reader #1 for port 46678
2019-09-17 21:32:58,640 [main] INFO  hdfs.DFSUtil (DFSUtil.java:httpServerTemplateForNNAndJN(1641)) - Starting Web-server for scm at: http://0.0.0.0:0
2019-09-17 21:32:58,810 [main] INFO  server.AuthenticationFilter (AuthenticationFilter.java:constructSecretProvider(240)) - Unable to initialize FileSignerSecretProvider, falling back to use random secrets.
2019-09-17 21:32:58,824 [main] WARN  http.HttpRequestLog (HttpRequestLog.java:getRequestLog(97)) - Jetty request log can only be enabled using Log4j
2019-09-17 21:32:58,836 [main] INFO  http.HttpServer2 (HttpServer2.java:addGlobalFilter(975)) - Added global filter 'safety' (class=org.apache.hadoop.http.HttpServer2$QuotingInputFilter)
2019-09-17 21:32:58,840 [main] INFO  http.HttpServer2 (HttpServer2.java:addFilter(948)) - Added filter static_user_filter (class=org.apache.hadoop.http.lib.StaticUserWebFilter$StaticUserFilter) to context scm
2019-09-17 21:32:58,840 [main] INFO  http.HttpServer2 (HttpServer2.java:addFilter(958)) - Added filter static_user_filter (class=org.apache.hadoop.http.lib.StaticUserWebFilter$StaticUserFilter) to context static
2019-09-17 21:32:58,841 [main] INFO  http.HttpServer2 (HttpServer2.java:addFilter(958)) - Added filter static_user_filter (class=org.apache.hadoop.http.lib.StaticUserWebFilter$StaticUserFilter) to context logs
2019-09-17 21:32:58,879 [main] INFO  server.StorageContainerManager (StorageContainerManager.java:start(763)) - StorageContainerLocationProtocol RPC server is listening at /0.0.0.0:46678
2019-09-17 21:32:58,945 [main] WARN  impl.MetricsConfig (MetricsConfig.java:loadFirst(134)) - Cannot locate configuration: tried hadoop-metrics2-storagecontainermanager.properties,hadoop-metrics2.properties
2019-09-17 21:32:58,959 [main] INFO  impl.MetricsSystemImpl (MetricsSystemImpl.java:startTimer(374)) - Scheduled Metric snapshot period at 10 second(s).
2019-09-17 21:32:58,959 [main] INFO  impl.MetricsSystemImpl (MetricsSystemImpl.java:start(191)) - StorageContainerManager metrics system started
2019-09-17 21:32:59,184 [main] INFO  server.SCMClientProtocolServer (SCMClientProtocolServer.java:start(151)) - RPC server for Client  is listening at /0.0.0.0:46678
2019-09-17 21:32:59,185 [IPC Server Responder] INFO  ipc.Server (Server.java:run(1314)) - IPC Server Responder: starting
2019-09-17 21:32:59,185 [IPC Server listener on 46678] INFO  ipc.Server (Server.java:run(1153)) - IPC Server listener on 46678: starting
2019-09-17 21:32:59,188 [main] INFO  server.StorageContainerManager (StorageContainerManager.java:start(773)) - ScmBlockLocationProtocol RPC server is listening at /0.0.0.0:42874
2019-09-17 21:32:59,189 [main] INFO  server.SCMBlockProtocolServer (SCMBlockProtocolServer.java:start(146)) - RPC server for Block Protocol is listening at /0.0.0.0:42874
2019-09-17 21:32:59,190 [IPC Server Responder] INFO  ipc.Server (Server.java:run(1314)) - IPC Server Responder: starting
2019-09-17 21:32:59,190 [IPC Server listener on 42874] INFO  ipc.Server (Server.java:run(1153)) - IPC Server listener on 42874: starting
2019-09-17 21:32:59,192 [main] INFO  server.StorageContainerManager (StorageContainerManager.java:start(777)) - ScmDatanodeProtocl RPC server is listening at /0.0.0.0:46444
2019-09-17 21:32:59,193 [main] INFO  server.SCMDatanodeProtocolServer (SCMDatanodeProtocolServer.java:start(191)) - RPC server for DataNodes is listening at /0.0.0.0:46444
2019-09-17 21:32:59,193 [IPC Server Responder] INFO  ipc.Server (Server.java:run(1314)) - IPC Server Responder: starting
2019-09-17 21:32:59,193 [IPC Server listener on 46444] INFO  ipc.Server (Server.java:run(1153)) - IPC Server listener on 46444: starting
2019-09-17 21:32:59,198 [main] INFO  http.HttpServer2 (HttpServer2.java:bindListener(1191)) - Jetty bound to port 41071
2019-09-17 21:32:59,201 [main] INFO  server.Server (Server.java:doStart(351)) - jetty-9.3.24.v20180605, build timestamp: 2018-06-05T17:11:56Z, git hash: 84205aa28f11a4f31f2a3b86d1bba2cc8ab69827
2019-09-17 21:32:59,256 [main] INFO  handler.ContextHandler (ContextHandler.java:doStart(781)) - Started o.e.j.s.ServletContextHandler@6622fc65{/logs,file:///workdir/hadoop-ozone/integration-test/target/log,AVAILABLE}
2019-09-17 21:32:59,257 [main] INFO  handler.ContextHandler (ContextHandler.java:doStart(781)) - Started o.e.j.s.ServletContextHandler@23fb172e{/static,file:///workdir/hadoop-ozone/integration-test/target/test-classes/webapps/static,AVAILABLE}
2019-09-17 21:32:59,296 [main] INFO  handler.ContextHandler (ContextHandler.java:doStart(781)) - Started o.e.j.w.WebAppContext@3591009c{/,file:///workdir/hadoop-ozone/integration-test/target/test-classes/webapps/scm/,AVAILABLE}{/scm}
2019-09-17 21:32:59,302 [main] INFO  server.AbstractConnector (AbstractConnector.java:doStart(278)) - Started ServerConnector@2de366bb{HTTP/1.1,[http/1.1]}{0.0.0.0:41071}
2019-09-17 21:32:59,302 [main] INFO  server.Server (Server.java:doStart(419)) - Started @3260ms
2019-09-17 21:32:59,304 [main] INFO  impl.MetricsSinkAdapter (MetricsSinkAdapter.java:start(204)) - Sink prometheus started
2019-09-17 21:32:59,305 [main] INFO  impl.MetricsSystemImpl (MetricsSystemImpl.java:registerSink(301)) - Registered sink prometheus
2019-09-17 21:32:59,306 [main] INFO  server.BaseHttpServer (BaseHttpServer.java:updateConnectorAddress(215)) - HTTP server of SCM is listening at http://0.0.0.0:41071
2019-09-17 21:32:59,311 [org.apache.hadoop.util.JvmPauseMonitor$Monitor@64f857e7] INFO  util.JvmPauseMonitor (JvmPauseMonitor.java:run(188)) - Starting JVM pause monitor
2019-09-17 21:32:59,314 [main] WARN  server.ServerUtils (ServerUtils.java:getDBPath(222)) - ozone.om.db.dirs is not configured. We recommend adding this setting. Falling back to ozone.metadata.dirs instead.
2019-09-17 21:32:59,426 [main] WARN  server.ServerUtils (ServerUtils.java:getDBPath(222)) - ozone.om.db.dirs is not configured. We recommend adding this setting. Falling back to ozone.metadata.dirs instead.
2019-09-17 21:32:59,426 [main] WARN  server.ServerUtils (ServerUtils.java:getDBPath(222)) - ozone.om.db.dirs is not configured. We recommend adding this setting. Falling back to ozone.metadata.dirs instead.
2019-09-17 21:32:59,427 [main] INFO  om.OzoneManager (OzoneManager.java:setOMNodeDetails(649)) - OM Service ID is not set. Setting it to the default ID: omServiceIdDefault
2019-09-17 21:32:59,427 [main] INFO  om.OzoneManager (OzoneManager.java:setOMNodeDetails(655)) - OM Node ID is not set. Setting it to the OmStorage's OmID: 5417e15b-cc66-4e5c-b24f-cc2d21ca1f94
2019-09-17 21:32:59,429 [main] INFO  om.OzoneManager (OzoneManager.java:loadOMHAConfigs(606)) - Found matching OM address with OMServiceId: null, OMNodeId: null, RPC Address: localhost:0 and Ratis port: 9872
2019-09-17 21:33:00,146 [main] WARN  server.ServerUtils (ServerUtils.java:getDBPath(222)) - ozone.om.db.dirs is not configured. We recommend adding this setting. Falling back to ozone.metadata.dirs instead.
2019-09-17 21:33:00,153 [main] INFO  db.DBStoreBuilder (DBStoreBuilder.java:addTable(110)) - using custom profile for table: userTable
2019-09-17 21:33:00,154 [main] INFO  db.DBStoreBuilder (DBStoreBuilder.java:processTables(161)) - Using default column profile:DBProfile.DISK for Table:userTable
2019-09-17 21:33:00,154 [main] INFO  db.DBStoreBuilder (DBStoreBuilder.java:addTable(110)) - using custom profile for table: volumeTable
2019-09-17 21:33:00,154 [main] INFO  db.DBStoreBuilder (DBStoreBuilder.java:processTables(161)) - Using default column profile:DBProfile.DISK for Table:volumeTable
2019-09-17 21:33:00,154 [main] INFO  db.DBStoreBuilder (DBStoreBuilder.java:addTable(110)) - using custom profile for table: bucketTable
2019-09-17 21:33:00,155 [main] INFO  db.DBStoreBuilder (DBStoreBuilder.java:processTables(161)) - Using default column profile:DBProfile.DISK for Table:bucketTable
2019-09-17 21:33:00,155 [main] INFO  db.DBStoreBuilder (DBStoreBuilder.java:addTable(110)) - using custom profile for table: keyTable
2019-09-17 21:33:00,155 [main] INFO  db.DBStoreBuilder (DBStoreBuilder.java:processTables(161)) - Using default column profile:DBProfile.DISK for Table:keyTable
2019-09-17 21:33:00,155 [main] INFO  db.DBStoreBuilder (DBStoreBuilder.java:addTable(110)) - using custom profile for table: deletedTable
2019-09-17 21:33:00,156 [main] INFO  db.DBStoreBuilder (DBStoreBuilder.java:processTables(161)) - Using default column profile:DBProfile.DISK for Table:deletedTable
2019-09-17 21:33:00,156 [main] INFO  db.DBStoreBuilder (DBStoreBuilder.java:addTable(110)) - using custom profile for table: openKeyTable
2019-09-17 21:33:00,156 [main] INFO  db.DBStoreBuilder (DBStoreBuilder.java:processTables(161)) - Using default column profile:DBProfile.DISK for Table:openKeyTable
2019-09-17 21:33:00,156 [main] INFO  db.DBStoreBuilder (DBStoreBuilder.java:addTable(110)) - using custom profile for table: s3Table
2019-09-17 21:33:00,156 [main] INFO  db.DBStoreBuilder (DBStoreBuilder.java:processTables(161)) - Using default column profile:DBProfile.DISK for Table:s3Table
2019-09-17 21:33:00,157 [main] INFO  db.DBStoreBuilder (DBStoreBuilder.java:addTable(110)) - using custom profile for table: multipartInfoTable
2019-09-17 21:33:00,157 [main] INFO  db.DBStoreBuilder (DBStoreBuilder.java:processTables(161)) - Using default column profile:DBProfile.DISK for Table:multipartInfoTable
2019-09-17 21:33:00,157 [main] INFO  db.DBStoreBuilder (DBStoreBuilder.java:addTable(110)) - using custom profile for table: dTokenTable
2019-09-17 21:33:00,157 [main] INFO  db.DBStoreBuilder (DBStoreBuilder.java:processTables(161)) - Using default column profile:DBProfile.DISK for Table:dTokenTable
2019-09-17 21:33:00,158 [main] INFO  db.DBStoreBuilder (DBStoreBuilder.java:addTable(110)) - using custom profile for table: s3SecretTable
2019-09-17 21:33:00,158 [main] INFO  db.DBStoreBuilder (DBStoreBuilder.java:processTables(161)) - Using default column profile:DBProfile.DISK for Table:s3SecretTable
2019-09-17 21:33:00,158 [main] INFO  db.DBStoreBuilder (DBStoreBuilder.java:addTable(110)) - using custom profile for table: prefixTable
2019-09-17 21:33:00,158 [main] INFO  db.DBStoreBuilder (DBStoreBuilder.java:processTables(161)) - Using default column profile:DBProfile.DISK for Table:prefixTable
2019-09-17 21:33:00,159 [main] INFO  db.DBStoreBuilder (DBStoreBuilder.java:addTable(110)) - using custom profile for table: default
2019-09-17 21:33:00,159 [main] INFO  db.DBStoreBuilder (DBStoreBuilder.java:processTables(167)) - Using default column profile:DBProfile.DISK for Table:default
2019-09-17 21:33:00,159 [main] INFO  db.DBStoreBuilder (DBStoreBuilder.java:getDbProfile(198)) - Using default options. DBProfile.DISK
2019-09-17 21:33:01,454 [main] INFO  ipc.CallQueueManager (CallQueueManager.java:<init>(84)) - Using callQueue: class java.util.concurrent.LinkedBlockingQueue, queueCapacity: 2000, scheduler: class org.apache.hadoop.ipc.DefaultRpcScheduler, ipcBackoff: false.
2019-09-17 21:33:01,455 [Socket Reader #1 for port 39720] INFO  ipc.Server (Server.java:run(1074)) - Starting Socket Reader #1 for port 39720
2019-09-17 21:33:01,476 [main] INFO  om.OzoneManager (OzoneManager.java:start(1240)) - OzoneManager RPC server is listening at localhost/127.0.0.1:39720
2019-09-17 21:33:01,476 [main] INFO  impl.MetricsSystemImpl (MetricsSystemImpl.java:init(158)) - OzoneManager metrics system started (again)
2019-09-17 21:33:01,477 [IPC Server Responder] INFO  ipc.Server (Server.java:run(1314)) - IPC Server Responder: starting
2019-09-17 21:33:01,478 [IPC Server listener on 39720] INFO  ipc.Server (Server.java:run(1153)) - IPC Server listener on 39720: starting
2019-09-17 21:33:01,483 [main] INFO  hdfs.DFSUtil (DFSUtil.java:httpServerTemplateForNNAndJN(1641)) - Starting Web-server for ozoneManager at: http://0.0.0.0:0
2019-09-17 21:33:01,486 [main] INFO  server.AuthenticationFilter (AuthenticationFilter.java:constructSecretProvider(240)) - Unable to initialize FileSignerSecretProvider, falling back to use random secrets.
2019-09-17 21:33:01,486 [main] WARN  http.HttpRequestLog (HttpRequestLog.java:getRequestLog(97)) - Jetty request log can only be enabled using Log4j
2019-09-17 21:33:01,490 [main] INFO  http.HttpServer2 (HttpServer2.java:addGlobalFilter(975)) - Added global filter 'safety' (class=org.apache.hadoop.http.HttpServer2$QuotingInputFilter)
2019-09-17 21:33:01,492 [main] INFO  http.HttpServer2 (HttpServer2.java:addFilter(948)) - Added filter static_user_filter (class=org.apache.hadoop.http.lib.StaticUserWebFilter$StaticUserFilter) to context ozoneManager
2019-09-17 21:33:01,495 [main] INFO  http.HttpServer2 (HttpServer2.java:addFilter(958)) - Added filter static_user_filter (class=org.apache.hadoop.http.lib.StaticUserWebFilter$StaticUserFilter) to context static
2019-09-17 21:33:01,496 [main] INFO  http.HttpServer2 (HttpServer2.java:addFilter(958)) - Added filter static_user_filter (class=org.apache.hadoop.http.lib.StaticUserWebFilter$StaticUserFilter) to context logs
2019-09-17 21:33:01,506 [main] INFO  http.HttpServer2 (HttpServer2.java:bindListener(1191)) - Jetty bound to port 42956
2019-09-17 21:33:01,507 [main] INFO  server.Server (Server.java:doStart(351)) - jetty-9.3.24.v20180605, build timestamp: 2018-06-05T17:11:56Z, git hash: 84205aa28f11a4f31f2a3b86d1bba2cc8ab69827
2019-09-17 21:33:01,512 [main] INFO  handler.ContextHandler (ContextHandler.java:doStart(781)) - Started o.e.j.s.ServletContextHandler@2571066a{/logs,file:///workdir/hadoop-ozone/integration-test/target/log,AVAILABLE}
2019-09-17 21:33:01,513 [main] INFO  handler.ContextHandler (ContextHandler.java:doStart(781)) - Started o.e.j.s.ServletContextHandler@4fe875be{/static,file:///workdir/hadoop-ozone/integration-test/target/test-classes/webapps/static,AVAILABLE}
2019-09-17 21:33:01,522 [main] INFO  handler.ContextHandler (ContextHandler.java:doStart(781)) - Started o.e.j.w.WebAppContext@773c0293{/,file:///workdir/hadoop-ozone/integration-test/target/test-classes/webapps/ozoneManager/,AVAILABLE}{/ozoneManager}
2019-09-17 21:33:01,525 [main] INFO  server.AbstractConnector (AbstractConnector.java:doStart(278)) - Started ServerConnector@55b8dbda{HTTP/1.1,[http/1.1]}{0.0.0.0:42956}
2019-09-17 21:33:01,526 [main] INFO  server.Server (Server.java:doStart(419)) - Started @5484ms
2019-09-17 21:33:01,526 [main] WARN  impl.MetricsSystemImpl (MetricsSystemImpl.java:register(276)) - Sink prometheus already exists!
2019-09-17 21:33:01,528 [main] INFO  server.BaseHttpServer (BaseHttpServer.java:updateConnectorAddress(215)) - HTTP server of OZONEMANAGER is listening at http://0.0.0.0:42956
2019-09-17 21:33:01,914 [main] INFO  impl.MetricsSystemImpl (MetricsSystemImpl.java:init(158)) - HddsDatanode metrics system started (again)
2019-09-17 21:33:01,964 [main] INFO  ozone.HddsDatanodeService (HddsDatanodeService.java:start(184)) - HddsDatanodeService host:pr-hdds-2121-pbfts-3191465506 ip:192.168.5.156
2019-09-17 21:33:01,999 [main] INFO  volume.HddsVolume (HddsVolume.java:<init>(176)) - Creating Volume: /workdir/hadoop-ozone/integration-test/target/test-dir/MiniOzoneClusterImpl-15065786-c9e2-42e7-bb6c-799e3296fc45/datanode-0/data/containers/hdds of  storage type : DISK and capacity : 1482555576320
2019-09-17 21:33:02,001 [main] INFO  volume.VolumeSet (VolumeSet.java:initializeVolumeSet(170)) - Added Volume : /workdir/hadoop-ozone/integration-test/target/test-dir/MiniOzoneClusterImpl-15065786-c9e2-42e7-bb6c-799e3296fc45/datanode-0/data/containers/hdds to VolumeSet
2019-09-17 21:33:02,004 [main] INFO  volume.ThrottledAsyncChecker (ThrottledAsyncChecker.java:schedule(139)) - Scheduling a check for org.apache.hadoop.ozone.container.common.volume.HddsVolume@5c82cd4f
2019-09-17 21:33:02,023 [main] INFO  volume.HddsVolumeChecker (HddsVolumeChecker.java:checkAllVolumes(202)) - Scheduled health check for volume org.apache.hadoop.ozone.container.common.volume.HddsVolume@5c82cd4f
2019-09-17 21:33:02,135 [main] INFO  impl.RaftServerProxy (ConfUtils.java:logGet(43)) - raft.rpc.type = GRPC (default)
2019-09-17 21:33:02,220 [main] INFO  grpc.GrpcFactory (GrpcFactory.java:checkPooledByteBufAllocatorUseCacheForAllThreads(45)) - PERFORMANCE WARNING: useCacheForAllThreads is true that may cause Netty to create a lot garbage objects and, as a result, trigger GC.
	It is recommended to disable useCacheForAllThreads by setting -Dorg.apache.ratis.thirdparty.io.netty.allocator.useCacheForAllThreads=false in command line.
2019-09-17 21:33:02,230 [main] INFO  grpc.GrpcConfigKeys$Server (ConfUtils.java:logGet(43)) - raft.grpc.server.port = 0 (default)
2019-09-17 21:33:02,232 [main] INFO  server.GrpcService (ConfUtils.java:logGet(43)) - raft.grpc.message.size.max = 33570816 (custom)
2019-09-17 21:33:02,234 [main] INFO  server.RaftServerConfigKeys (ConfUtils.java:logGet(43)) - raft.server.log.appender.buffer.byte-limit = 33554432 (custom)
2019-09-17 21:33:02,235 [main] INFO  server.GrpcService (ConfUtils.java:logGet(43)) - raft.grpc.flow.control.window = 1MB (=1048576) (default)
2019-09-17 21:33:02,236 [main] INFO  server.RaftServerConfigKeys (ConfUtils.java:logGet(43)) - raft.server.rpc.request.timeout = 3000ms (default)
2019-09-17 21:33:02,414 [main] INFO  server.RaftServerConfigKeys (ConfUtils.java:logGet(43)) - raft.server.storage.dir = [/workdir/hadoop-ozone/integration-test/target/test-dir/MiniOzoneClusterImpl-15065786-c9e2-42e7-bb6c-799e3296fc45/datanode-0/data/ratis] (custom)
2019-09-17 21:33:02,466 [main] INFO  hdfs.DFSUtil (DFSUtil.java:httpServerTemplateForNNAndJN(1641)) - Starting Web-server for hddsDatanode at: http://0.0.0.0:0
2019-09-17 21:33:02,469 [main] INFO  server.AuthenticationFilter (AuthenticationFilter.java:constructSecretProvider(240)) - Unable to initialize FileSignerSecretProvider, falling back to use random secrets.
2019-09-17 21:33:02,470 [main] WARN  http.HttpRequestLog (HttpRequestLog.java:getRequestLog(97)) - Jetty request log can only be enabled using Log4j
2019-09-17 21:33:02,472 [main] INFO  http.HttpServer2 (HttpServer2.java:addGlobalFilter(975)) - Added global filter 'safety' (class=org.apache.hadoop.http.HttpServer2$QuotingInputFilter)
2019-09-17 21:33:02,473 [main] INFO  http.HttpServer2 (HttpServer2.java:addFilter(948)) - Added filter static_user_filter (class=org.apache.hadoop.http.lib.StaticUserWebFilter$StaticUserFilter) to context hddsDatanode
2019-09-17 21:33:02,473 [main] INFO  http.HttpServer2 (HttpServer2.java:addFilter(958)) - Added filter static_user_filter (class=org.apache.hadoop.http.lib.StaticUserWebFilter$StaticUserFilter) to context static
2019-09-17 21:33:02,473 [main] INFO  http.HttpServer2 (HttpServer2.java:addFilter(958)) - Added filter static_user_filter (class=org.apache.hadoop.http.lib.StaticUserWebFilter$StaticUserFilter) to context logs
2019-09-17 21:33:02,475 [main] INFO  http.HttpServer2 (HttpServer2.java:bindListener(1191)) - Jetty bound to port 40722
2019-09-17 21:33:02,475 [main] INFO  server.Server (Server.java:doStart(351)) - jetty-9.3.24.v20180605, build timestamp: 2018-06-05T17:11:56Z, git hash: 84205aa28f11a4f31f2a3b86d1bba2cc8ab69827
2019-09-17 21:33:02,478 [main] INFO  handler.ContextHandler (ContextHandler.java:doStart(781)) - Started o.e.j.s.ServletContextHandler@4fc3c165{/logs,file:///workdir/hadoop-ozone/integration-test/target/log,AVAILABLE}
2019-09-17 21:33:02,478 [main] INFO  handler.ContextHandler (ContextHandler.java:doStart(781)) - Started o.e.j.s.ServletContextHandler@7b6860f9{/static,jar:file:/home/user/.m2/repository/org/apache/hadoop/hadoop-hdds-container-service/0.5.0-SNAPSHOT/hadoop-hdds-container-service-0.5.0-SNAPSHOT.jar!/webapps/static,AVAILABLE}
2019-09-17 21:33:02,533 [main] INFO  handler.ContextHandler (ContextHandler.java:doStart(781)) - Started o.e.j.w.WebAppContext@26c47874{/,file:///tmp/jetty-0.0.0.0-40722-hddsDatanode-_-any-8562821303571102211.dir/webapp/,AVAILABLE}{/hddsDatanode}
2019-09-17 21:33:02,534 [main] INFO  server.AbstractConnector (AbstractConnector.java:doStart(278)) - Started ServerConnector@421056e5{HTTP/1.1,[http/1.1]}{0.0.0.0:40722}
2019-09-17 21:33:02,535 [main] INFO  server.Server (Server.java:doStart(419)) - Started @6493ms
2019-09-17 21:33:02,536 [main] WARN  impl.MetricsSystemImpl (MetricsSystemImpl.java:register(276)) - Sink prometheus already exists!
2019-09-17 21:33:02,537 [main] INFO  server.BaseHttpServer (BaseHttpServer.java:updateConnectorAddress(215)) - HTTP server of HDDSDATANODE is listening at http://0.0.0.0:40722
2019-09-17 21:33:02,539 [main] INFO  impl.MetricsSystemImpl (MetricsSystemImpl.java:init(158)) - HddsDatanode metrics system started (again)
2019-09-17 21:33:02,544 [main] INFO  ozone.HddsDatanodeService (HddsDatanodeService.java:start(184)) - HddsDatanodeService host:pr-hdds-2121-pbfts-3191465506 ip:192.168.5.156
2019-09-17 21:33:02,545 [org.apache.hadoop.util.JvmPauseMonitor$Monitor@168ab8db] INFO  util.JvmPauseMonitor (JvmPauseMonitor.java:run(188)) - Starting JVM pause monitor
2019-09-17 21:33:02,556 [main] INFO  volume.HddsVolume (HddsVolume.java:<init>(176)) - Creating Volume: /workdir/hadoop-ozone/integration-test/target/test-dir/MiniOzoneClusterImpl-15065786-c9e2-42e7-bb6c-799e3296fc45/datanode-1/data/containers/hdds of  storage type : DISK and capacity : 1482555576320
2019-09-17 21:33:02,556 [main] INFO  volume.VolumeSet (VolumeSet.java:initializeVolumeSet(170)) - Added Volume : /workdir/hadoop-ozone/integration-test/target/test-dir/MiniOzoneClusterImpl-15065786-c9e2-42e7-bb6c-799e3296fc45/datanode-1/data/containers/hdds to VolumeSet
2019-09-17 21:33:02,557 [main] INFO  volume.ThrottledAsyncChecker (ThrottledAsyncChecker.java:schedule(139)) - Scheduling a check for org.apache.hadoop.ozone.container.common.volume.HddsVolume@80bfdc6
2019-09-17 21:33:02,558 [main] INFO  volume.HddsVolumeChecker (HddsVolumeChecker.java:checkAllVolumes(202)) - Scheduled health check for volume org.apache.hadoop.ozone.container.common.volume.HddsVolume@80bfdc6
2019-09-17 21:33:02,582 [main] INFO  impl.RaftServerProxy (ConfUtils.java:logGet(43)) - raft.rpc.type = GRPC (default)
2019-09-17 21:33:02,582 [main] INFO  grpc.GrpcFactory (GrpcFactory.java:checkPooledByteBufAllocatorUseCacheForAllThreads(45)) - PERFORMANCE WARNING: useCacheForAllThreads is true that may cause Netty to create a lot garbage objects and, as a result, trigger GC.
	It is recommended to disable useCacheForAllThreads by setting -Dorg.apache.ratis.thirdparty.io.netty.allocator.useCacheForAllThreads=false in command line.
2019-09-17 21:33:02,583 [main] INFO  grpc.GrpcConfigKeys$Server (ConfUtils.java:logGet(43)) - raft.grpc.server.port = 0 (default)
2019-09-17 21:33:02,583 [main] INFO  server.GrpcService (ConfUtils.java:logGet(43)) - raft.grpc.message.size.max = 33570816 (custom)
2019-09-17 21:33:02,583 [main] INFO  server.RaftServerConfigKeys (ConfUtils.java:logGet(43)) - raft.server.log.appender.buffer.byte-limit = 33554432 (custom)
2019-09-17 21:33:02,584 [main] INFO  server.GrpcService (ConfUtils.java:logGet(43)) - raft.grpc.flow.control.window = 1MB (=1048576) (default)
2019-09-17 21:33:02,585 [main] INFO  server.RaftServerConfigKeys (ConfUtils.java:logGet(43)) - raft.server.rpc.request.timeout = 3000ms (default)
2019-09-17 21:33:02,586 [main] INFO  server.RaftServerConfigKeys (ConfUtils.java:logGet(43)) - raft.server.storage.dir = [/workdir/hadoop-ozone/integration-test/target/test-dir/MiniOzoneClusterImpl-15065786-c9e2-42e7-bb6c-799e3296fc45/datanode-1/data/ratis] (custom)
2019-09-17 21:33:02,588 [main] INFO  hdfs.DFSUtil (DFSUtil.java:httpServerTemplateForNNAndJN(1641)) - Starting Web-server for hddsDatanode at: http://0.0.0.0:0
2019-09-17 21:33:02,590 [main] INFO  server.AuthenticationFilter (AuthenticationFilter.java:constructSecretProvider(240)) - Unable to initialize FileSignerSecretProvider, falling back to use random secrets.
2019-09-17 21:33:02,591 [main] WARN  http.HttpRequestLog (HttpRequestLog.java:getRequestLog(97)) - Jetty request log can only be enabled using Log4j
2019-09-17 21:33:02,593 [main] INFO  http.HttpServer2 (HttpServer2.java:addGlobalFilter(975)) - Added global filter 'safety' (class=org.apache.hadoop.http.HttpServer2$QuotingInputFilter)
2019-09-17 21:33:02,594 [main] INFO  http.HttpServer2 (HttpServer2.java:addFilter(948)) - Added filter static_user_filter (class=org.apache.hadoop.http.lib.StaticUserWebFilter$StaticUserFilter) to context hddsDatanode
2019-09-17 21:33:02,594 [main] INFO  http.HttpServer2 (HttpServer2.java:addFilter(958)) - Added filter static_user_filter (class=org.apache.hadoop.http.lib.StaticUserWebFilter$StaticUserFilter) to context logs
2019-09-17 21:33:02,595 [main] INFO  http.HttpServer2 (HttpServer2.java:addFilter(958)) - Added filter static_user_filter (class=org.apache.hadoop.http.lib.StaticUserWebFilter$StaticUserFilter) to context static
2019-09-17 21:33:02,596 [main] INFO  http.HttpServer2 (HttpServer2.java:bindListener(1191)) - Jetty bound to port 41347
2019-09-17 21:33:02,596 [main] INFO  server.Server (Server.java:doStart(351)) - jetty-9.3.24.v20180605, build timestamp: 2018-06-05T17:11:56Z, git hash: 84205aa28f11a4f31f2a3b86d1bba2cc8ab69827
2019-09-17 21:33:02,602 [main] INFO  handler.ContextHandler (ContextHandler.java:doStart(781)) - Started o.e.j.s.ServletContextHandler@78054f54{/logs,file:///workdir/hadoop-ozone/integration-test/target/log,AVAILABLE}
2019-09-17 21:33:02,603 [main] INFO  handler.ContextHandler (ContextHandler.java:doStart(781)) - Started o.e.j.s.ServletContextHandler@3dffc764{/static,jar:file:/home/user/.m2/repository/org/apache/hadoop/hadoop-hdds-container-service/0.5.0-SNAPSHOT/hadoop-hdds-container-service-0.5.0-SNAPSHOT.jar!/webapps/static,AVAILABLE}
2019-09-17 21:33:02,642 [main] INFO  handler.ContextHandler (ContextHandler.java:doStart(781)) - Started o.e.j.w.WebAppContext@3c87e6b7{/,file:///tmp/jetty-0.0.0.0-41347-hddsDatanode-_-any-6851602114171139059.dir/webapp/,AVAILABLE}{/hddsDatanode}
2019-09-17 21:33:02,643 [main] INFO  server.AbstractConnector (AbstractConnector.java:doStart(278)) - Started ServerConnector@77bbadc{HTTP/1.1,[http/1.1]}{0.0.0.0:41347}
2019-09-17 21:33:02,644 [main] INFO  server.Server (Server.java:doStart(419)) - Started @6602ms
2019-09-17 21:33:02,645 [main] WARN  impl.MetricsSystemImpl (MetricsSystemImpl.java:register(276)) - Sink prometheus already exists!
2019-09-17 21:33:02,646 [main] INFO  server.BaseHttpServer (BaseHttpServer.java:updateConnectorAddress(215)) - HTTP server of HDDSDATANODE is listening at http://0.0.0.0:41347
2019-09-17 21:33:02,647 [main] INFO  impl.MetricsSystemImpl (MetricsSystemImpl.java:init(158)) - HddsDatanode metrics system started (again)
2019-09-17 21:33:02,650 [main] INFO  ozone.HddsDatanodeService (HddsDatanodeService.java:start(184)) - HddsDatanodeService host:pr-hdds-2121-pbfts-3191465506 ip:192.168.5.156
2019-09-17 21:33:02,650 [org.apache.hadoop.util.JvmPauseMonitor$Monitor@30b3a8af] INFO  util.JvmPauseMonitor (JvmPauseMonitor.java:run(188)) - Starting JVM pause monitor
2019-09-17 21:33:02,659 [main] INFO  volume.HddsVolume (HddsVolume.java:<init>(176)) - Creating Volume: /workdir/hadoop-ozone/integration-test/target/test-dir/MiniOzoneClusterImpl-15065786-c9e2-42e7-bb6c-799e3296fc45/datanode-2/data/containers/hdds of  storage type : DISK and capacity : 1482555576320
2019-09-17 21:33:02,660 [main] INFO  volume.VolumeSet (VolumeSet.java:initializeVolumeSet(170)) - Added Volume : /workdir/hadoop-ozone/integration-test/target/test-dir/MiniOzoneClusterImpl-15065786-c9e2-42e7-bb6c-799e3296fc45/datanode-2/data/containers/hdds to VolumeSet
2019-09-17 21:33:02,660 [main] INFO  volume.ThrottledAsyncChecker (ThrottledAsyncChecker.java:schedule(139)) - Scheduling a check for org.apache.hadoop.ozone.container.common.volume.HddsVolume@337bbfdf
2019-09-17 21:33:02,660 [main] INFO  volume.HddsVolumeChecker (HddsVolumeChecker.java:checkAllVolumes(202)) - Scheduled health check for volume org.apache.hadoop.ozone.container.common.volume.HddsVolume@337bbfdf
2019-09-17 21:33:02,674 [main] INFO  impl.RaftServerProxy (ConfUtils.java:logGet(43)) - raft.rpc.type = GRPC (default)
2019-09-17 21:33:02,675 [main] INFO  grpc.GrpcFactory (GrpcFactory.java:checkPooledByteBufAllocatorUseCacheForAllThreads(45)) - PERFORMANCE WARNING: useCacheForAllThreads is true that may cause Netty to create a lot garbage objects and, as a result, trigger GC.
	It is recommended to disable useCacheForAllThreads by setting -Dorg.apache.ratis.thirdparty.io.netty.allocator.useCacheForAllThreads=false in command line.
2019-09-17 21:33:02,675 [main] INFO  grpc.GrpcConfigKeys$Server (ConfUtils.java:logGet(43)) - raft.grpc.server.port = 0 (default)
2019-09-17 21:33:02,675 [main] INFO  server.GrpcService (ConfUtils.java:logGet(43)) - raft.grpc.message.size.max = 33570816 (custom)
2019-09-17 21:33:02,675 [main] INFO  server.RaftServerConfigKeys (ConfUtils.java:logGet(43)) - raft.server.log.appender.buffer.byte-limit = 33554432 (custom)
2019-09-17 21:33:02,676 [main] INFO  server.GrpcService (ConfUtils.java:logGet(43)) - raft.grpc.flow.control.window = 1MB (=1048576) (default)
2019-09-17 21:33:02,676 [main] INFO  server.RaftServerConfigKeys (ConfUtils.java:logGet(43)) - raft.server.rpc.request.timeout = 3000ms (default)
2019-09-17 21:33:02,676 [main] INFO  server.RaftServerConfigKeys (ConfUtils.java:logGet(43)) - raft.server.storage.dir = [/workdir/hadoop-ozone/integration-test/target/test-dir/MiniOzoneClusterImpl-15065786-c9e2-42e7-bb6c-799e3296fc45/datanode-2/data/ratis] (custom)
2019-09-17 21:33:02,679 [main] INFO  hdfs.DFSUtil (DFSUtil.java:httpServerTemplateForNNAndJN(1641)) - Starting Web-server for hddsDatanode at: http://0.0.0.0:0
2019-09-17 21:33:02,680 [main] INFO  server.AuthenticationFilter (AuthenticationFilter.java:constructSecretProvider(240)) - Unable to initialize FileSignerSecretProvider, falling back to use random secrets.
2019-09-17 21:33:02,681 [main] WARN  http.HttpRequestLog (HttpRequestLog.java:getRequestLog(97)) - Jetty request log can only be enabled using Log4j
2019-09-17 21:33:02,682 [main] INFO  http.HttpServer2 (HttpServer2.java:addGlobalFilter(975)) - Added global filter 'safety' (class=org.apache.hadoop.http.HttpServer2$QuotingInputFilter)
2019-09-17 21:33:02,683 [main] INFO  http.HttpServer2 (HttpServer2.java:addFilter(948)) - Added filter static_user_filter (class=org.apache.hadoop.http.lib.StaticUserWebFilter$StaticUserFilter) to context hddsDatanode
2019-09-17 21:33:02,683 [main] INFO  http.HttpServer2 (HttpServer2.java:addFilter(958)) - Added filter static_user_filter (class=org.apache.hadoop.http.lib.StaticUserWebFilter$StaticUserFilter) to context logs
2019-09-17 21:33:02,683 [main] INFO  http.HttpServer2 (HttpServer2.java:addFilter(958)) - Added filter static_user_filter (class=org.apache.hadoop.http.lib.StaticUserWebFilter$StaticUserFilter) to context static
2019-09-17 21:33:02,684 [main] INFO  http.HttpServer2 (HttpServer2.java:bindListener(1191)) - Jetty bound to port 37242
2019-09-17 21:33:02,684 [main] INFO  server.Server (Server.java:doStart(351)) - jetty-9.3.24.v20180605, build timestamp: 2018-06-05T17:11:56Z, git hash: 84205aa28f11a4f31f2a3b86d1bba2cc8ab69827
2019-09-17 21:33:02,686 [main] INFO  handler.ContextHandler (ContextHandler.java:doStart(781)) - Started o.e.j.s.ServletContextHandler@2aff9dff{/logs,file:///workdir/hadoop-ozone/integration-test/target/log,AVAILABLE}
2019-09-17 21:33:02,687 [main] INFO  handler.ContextHandler (ContextHandler.java:doStart(781)) - Started o.e.j.s.ServletContextHandler@1aad0b1{/static,jar:file:/home/user/.m2/repository/org/apache/hadoop/hadoop-hdds-container-service/0.5.0-SNAPSHOT/hadoop-hdds-container-service-0.5.0-SNAPSHOT.jar!/webapps/static,AVAILABLE}
2019-09-17 21:33:02,699 [Datanode State Machine Thread - 0] INFO  datanode.InitDatanodeState (InitDatanodeState.java:persistContainerDatanodeDetails(140)) - DatanodeDetails is persisted to /workdir/hadoop-ozone/integration-test/target/test-dir/MiniOzoneClusterImpl-15065786-c9e2-42e7-bb6c-799e3296fc45/datanode-0/meta/datanode.id
2019-09-17 21:33:02,704 [Datanode State Machine Thread - 0] INFO  datanode.InitDatanodeState (InitDatanodeState.java:persistContainerDatanodeDetails(140)) - DatanodeDetails is persisted to /workdir/hadoop-ozone/integration-test/target/test-dir/MiniOzoneClusterImpl-15065786-c9e2-42e7-bb6c-799e3296fc45/datanode-1/meta/datanode.id
2019-09-17 21:33:02,720 [main] INFO  handler.ContextHandler (ContextHandler.java:doStart(781)) - Started o.e.j.w.WebAppContext@2b680207{/,file:///tmp/jetty-0.0.0.0-37242-hddsDatanode-_-any-6509442121150893132.dir/webapp/,AVAILABLE}{/hddsDatanode}
2019-09-17 21:33:02,722 [main] INFO  server.AbstractConnector (AbstractConnector.java:doStart(278)) - Started ServerConnector@70887727{HTTP/1.1,[http/1.1]}{0.0.0.0:37242}
2019-09-17 21:33:02,722 [main] INFO  server.Server (Server.java:doStart(419)) - Started @6680ms
2019-09-17 21:33:02,723 [main] WARN  impl.MetricsSystemImpl (MetricsSystemImpl.java:register(276)) - Sink prometheus already exists!
2019-09-17 21:33:02,724 [main] INFO  server.BaseHttpServer (BaseHttpServer.java:updateConnectorAddress(215)) - HTTP server of HDDSDATANODE is listening at http://0.0.0.0:37242
2019-09-17 21:33:02,724 [main] INFO  impl.MetricsSystemImpl (MetricsSystemImpl.java:init(158)) - HddsDatanode metrics system started (again)
2019-09-17 21:33:02,727 [main] INFO  ozone.HddsDatanodeService (HddsDatanodeService.java:start(184)) - HddsDatanodeService host:pr-hdds-2121-pbfts-3191465506 ip:192.168.5.156
2019-09-17 21:33:02,727 [org.apache.hadoop.util.JvmPauseMonitor$Monitor@5ddfc29c] INFO  util.JvmPauseMonitor (JvmPauseMonitor.java:run(188)) - Starting JVM pause monitor
2019-09-17 21:33:02,730 [Datanode State Machine Thread - 0] INFO  datanode.InitDatanodeState (InitDatanodeState.java:persistContainerDatanodeDetails(140)) - DatanodeDetails is persisted to /workdir/hadoop-ozone/integration-test/target/test-dir/MiniOzoneClusterImpl-15065786-c9e2-42e7-bb6c-799e3296fc45/datanode-2/meta/datanode.id
2019-09-17 21:33:02,736 [main] INFO  volume.HddsVolume (HddsVolume.java:<init>(176)) - Creating Volume: /workdir/hadoop-ozone/integration-test/target/test-dir/MiniOzoneClusterImpl-15065786-c9e2-42e7-bb6c-799e3296fc45/datanode-3/data/containers/hdds of  storage type : DISK and capacity : 1482555576320
2019-09-17 21:33:02,736 [main] INFO  volume.VolumeSet (VolumeSet.java:initializeVolumeSet(170)) - Added Volume : /workdir/hadoop-ozone/integration-test/target/test-dir/MiniOzoneClusterImpl-15065786-c9e2-42e7-bb6c-799e3296fc45/datanode-3/data/containers/hdds to VolumeSet
2019-09-17 21:33:02,737 [main] INFO  volume.ThrottledAsyncChecker (ThrottledAsyncChecker.java:schedule(139)) - Scheduling a check for org.apache.hadoop.ozone.container.common.volume.HddsVolume@7ecec90d
2019-09-17 21:33:02,737 [main] INFO  volume.HddsVolumeChecker (HddsVolumeChecker.java:checkAllVolumes(202)) - Scheduled health check for volume org.apache.hadoop.ozone.container.common.volume.HddsVolume@7ecec90d
2019-09-17 21:33:02,750 [main] INFO  impl.RaftServerProxy (ConfUtils.java:logGet(43)) - raft.rpc.type = GRPC (default)
2019-09-17 21:33:02,751 [main] INFO  grpc.GrpcFactory (GrpcFactory.java:checkPooledByteBufAllocatorUseCacheForAllThreads(45)) - PERFORMANCE WARNING: useCacheForAllThreads is true that may cause Netty to create a lot garbage objects and, as a result, trigger GC.
	It is recommended to disable useCacheForAllThreads by setting -Dorg.apache.ratis.thirdparty.io.netty.allocator.useCacheForAllThreads=false in command line.
2019-09-17 21:33:02,751 [main] INFO  grpc.GrpcConfigKeys$Server (ConfUtils.java:logGet(43)) - raft.grpc.server.port = 0 (default)
2019-09-17 21:33:02,751 [main] INFO  server.GrpcService (ConfUtils.java:logGet(43)) - raft.grpc.message.size.max = 33570816 (custom)
2019-09-17 21:33:02,751 [main] INFO  server.RaftServerConfigKeys (ConfUtils.java:logGet(43)) - raft.server.log.appender.buffer.byte-limit = 33554432 (custom)
2019-09-17 21:33:02,752 [main] INFO  server.GrpcService (ConfUtils.java:logGet(43)) - raft.grpc.flow.control.window = 1MB (=1048576) (default)
2019-09-17 21:33:02,752 [main] INFO  server.RaftServerConfigKeys (ConfUtils.java:logGet(43)) - raft.server.rpc.request.timeout = 3000ms (default)
2019-09-17 21:33:02,752 [main] INFO  server.RaftServerConfigKeys (ConfUtils.java:logGet(43)) - raft.server.storage.dir = [/workdir/hadoop-ozone/integration-test/target/test-dir/MiniOzoneClusterImpl-15065786-c9e2-42e7-bb6c-799e3296fc45/datanode-3/data/ratis] (custom)
2019-09-17 21:33:02,754 [main] INFO  hdfs.DFSUtil (DFSUtil.java:httpServerTemplateForNNAndJN(1641)) - Starting Web-server for hddsDatanode at: http://0.0.0.0:0
2019-09-17 21:33:02,755 [main] INFO  server.AuthenticationFilter (AuthenticationFilter.java:constructSecretProvider(240)) - Unable to initialize FileSignerSecretProvider, falling back to use random secrets.
2019-09-17 21:33:02,756 [main] WARN  http.HttpRequestLog (HttpRequestLog.java:getRequestLog(97)) - Jetty request log can only be enabled using Log4j
2019-09-17 21:33:02,757 [main] INFO  http.HttpServer2 (HttpServer2.java:addGlobalFilter(975)) - Added global filter 'safety' (class=org.apache.hadoop.http.HttpServer2$QuotingInputFilter)
2019-09-17 21:33:02,758 [main] INFO  http.HttpServer2 (HttpServer2.java:addFilter(948)) - Added filter static_user_filter (class=org.apache.hadoop.http.lib.StaticUserWebFilter$StaticUserFilter) to context hddsDatanode
2019-09-17 21:33:02,758 [main] INFO  http.HttpServer2 (HttpServer2.java:addFilter(958)) - Added filter static_user_filter (class=org.apache.hadoop.http.lib.StaticUserWebFilter$StaticUserFilter) to context static
2019-09-17 21:33:02,758 [main] INFO  http.HttpServer2 (HttpServer2.java:addFilter(958)) - Added filter static_user_filter (class=org.apache.hadoop.http.lib.StaticUserWebFilter$StaticUserFilter) to context logs
2019-09-17 21:33:02,759 [main] INFO  http.HttpServer2 (HttpServer2.java:bindListener(1191)) - Jetty bound to port 35692
2019-09-17 21:33:02,759 [main] INFO  server.Server (Server.java:doStart(351)) - jetty-9.3.24.v20180605, build timestamp: 2018-06-05T17:11:56Z, git hash: 84205aa28f11a4f31f2a3b86d1bba2cc8ab69827
2019-09-17 21:33:02,764 [main] INFO  handler.ContextHandler (ContextHandler.java:doStart(781)) - Started o.e.j.s.ServletContextHandler@7724704f{/logs,file:///workdir/hadoop-ozone/integration-test/target/log,AVAILABLE}
2019-09-17 21:33:02,765 [main] INFO  handler.ContextHandler (ContextHandler.java:doStart(781)) - Started o.e.j.s.ServletContextHandler@4ce94d2f{/static,jar:file:/home/user/.m2/repository/org/apache/hadoop/hadoop-hdds-container-service/0.5.0-SNAPSHOT/hadoop-hdds-container-service-0.5.0-SNAPSHOT.jar!/webapps/static,AVAILABLE}
2019-09-17 21:33:02,795 [main] INFO  handler.ContextHandler (ContextHandler.java:doStart(781)) - Started o.e.j.w.WebAppContext@4e1a46fb{/,file:///tmp/jetty-0.0.0.0-35692-hddsDatanode-_-any-2426216767891228822.dir/webapp/,AVAILABLE}{/hddsDatanode}
2019-09-17 21:33:02,797 [main] INFO  server.AbstractConnector (AbstractConnector.java:doStart(278)) - Started ServerConnector@69fe0ed4{HTTP/1.1,[http/1.1]}{0.0.0.0:35692}
2019-09-17 21:33:02,798 [main] INFO  server.Server (Server.java:doStart(419)) - Started @6757ms
2019-09-17 21:33:02,799 [main] WARN  impl.MetricsSystemImpl (MetricsSystemImpl.java:register(276)) - Sink prometheus already exists!
2019-09-17 21:33:02,800 [main] INFO  server.BaseHttpServer (BaseHttpServer.java:updateConnectorAddress(215)) - HTTP server of HDDSDATANODE is listening at http://0.0.0.0:35692
2019-09-17 21:33:02,803 [main] INFO  ozone.MiniOzoneClusterImpl (MiniOzoneClusterImpl.java:lambda$waitForClusterToBeReady$0(145)) - Waiting for cluster to be ready. Got 0 of 4 DN Heartbeats.
2019-09-17 21:33:02,804 [org.apache.hadoop.util.JvmPauseMonitor$Monitor@7cea3a69] INFO  util.JvmPauseMonitor (JvmPauseMonitor.java:run(188)) - Starting JVM pause monitor
2019-09-17 21:33:02,811 [Datanode State Machine Thread - 0] INFO  datanode.InitDatanodeState (InitDatanodeState.java:persistContainerDatanodeDetails(140)) - DatanodeDetails is persisted to /workdir/hadoop-ozone/integration-test/target/test-dir/MiniOzoneClusterImpl-15065786-c9e2-42e7-bb6c-799e3296fc45/datanode-3/meta/datanode.id
2019-09-17 21:33:03,804 [main] INFO  ozone.MiniOzoneClusterImpl (MiniOzoneClusterImpl.java:lambda$waitForClusterToBeReady$0(145)) - Waiting for cluster to be ready. Got 0 of 4 DN Heartbeats.
2019-09-17 21:33:04,621 [Datanode State Machine Thread - 0] INFO  ozoneimpl.OzoneContainer (OzoneContainer.java:start(217)) - Attempting to start container services.
2019-09-17 21:33:04,624 [Datanode State Machine Thread - 0] INFO  ozoneimpl.OzoneContainer (OzoneContainer.java:startContainerScrub(179)) - Background container scanner has been disabled.
2019-09-17 21:33:04,625 [Datanode State Machine Thread - 0] INFO  ratis.XceiverServerRatis (XceiverServerRatis.java:start(411)) - Starting XceiverServerRatis a460ff93-c08d-4282-b7cc-50bb3dafcd54 at port 0
2019-09-17 21:33:04,654 [Datanode State Machine Thread - 0] INFO  impl.RaftServerProxy (RaftServerProxy.java:lambda$start$3(299)) - a460ff93-c08d-4282-b7cc-50bb3dafcd54: start RPC server
2019-09-17 21:33:04,679 [Datanode State Machine Thread - 0] INFO  ozoneimpl.OzoneContainer (OzoneContainer.java:start(217)) - Attempting to start container services.
2019-09-17 21:33:04,688 [Datanode State Machine Thread - 0] INFO  ozoneimpl.OzoneContainer (OzoneContainer.java:startContainerScrub(179)) - Background container scanner has been disabled.
2019-09-17 21:33:04,688 [Datanode State Machine Thread - 0] INFO  ratis.XceiverServerRatis (XceiverServerRatis.java:start(411)) - Starting XceiverServerRatis 189ac363-eed6-432c-a097-916945c2ee0c at port 0
2019-09-17 21:33:04,699 [Datanode State Machine Thread - 0] INFO  impl.RaftServerProxy (RaftServerProxy.java:lambda$start$3(299)) - 189ac363-eed6-432c-a097-916945c2ee0c: start RPC server
2019-09-17 21:33:04,755 [Datanode State Machine Thread - 0] INFO  ozoneimpl.OzoneContainer (OzoneContainer.java:start(217)) - Attempting to start container services.
2019-09-17 21:33:04,757 [Datanode State Machine Thread - 0] INFO  ozoneimpl.OzoneContainer (OzoneContainer.java:startContainerScrub(179)) - Background container scanner has been disabled.
2019-09-17 21:33:04,757 [Datanode State Machine Thread - 0] INFO  ratis.XceiverServerRatis (XceiverServerRatis.java:start(411)) - Starting XceiverServerRatis f1b5fe2b-c693-47e4-a0f2-89b9d52b016f at port 0
2019-09-17 21:33:04,768 [Datanode State Machine Thread - 0] INFO  impl.RaftServerProxy (RaftServerProxy.java:lambda$start$3(299)) - f1b5fe2b-c693-47e4-a0f2-89b9d52b016f: start RPC server
2019-09-17 21:33:04,804 [main] INFO  ozone.MiniOzoneClusterImpl (MiniOzoneClusterImpl.java:lambda$waitForClusterToBeReady$0(145)) - Waiting for cluster to be ready. Got 0 of 4 DN Heartbeats.
2019-09-17 21:33:04,838 [Datanode State Machine Thread - 0] INFO  ozoneimpl.OzoneContainer (OzoneContainer.java:start(217)) - Attempting to start container services.
2019-09-17 21:33:04,838 [Datanode State Machine Thread - 0] INFO  server.GrpcService (GrpcService.java:startImpl(158)) - a460ff93-c08d-4282-b7cc-50bb3dafcd54: GrpcService started, listening on 0.0.0.0/0.0.0.0:42843
2019-09-17 21:33:04,840 [Datanode State Machine Thread - 0] INFO  ozoneimpl.OzoneContainer (OzoneContainer.java:startContainerScrub(179)) - Background container scanner has been disabled.
2019-09-17 21:33:04,840 [Datanode State Machine Thread - 0] INFO  ratis.XceiverServerRatis (XceiverServerRatis.java:start(421)) - XceiverServerRatis a460ff93-c08d-4282-b7cc-50bb3dafcd54 is started using port 42843
2019-09-17 21:33:04,838 [Datanode State Machine Thread - 0] INFO  server.GrpcService (GrpcService.java:startImpl(158)) - f1b5fe2b-c693-47e4-a0f2-89b9d52b016f: GrpcService started, listening on 0.0.0.0/0.0.0.0:34164
2019-09-17 21:33:04,838 [Datanode State Machine Thread - 0] INFO  server.GrpcService (GrpcService.java:startImpl(158)) - 189ac363-eed6-432c-a097-916945c2ee0c: GrpcService started, listening on 0.0.0.0/0.0.0.0:39045
2019-09-17 21:33:04,840 [Datanode State Machine Thread - 0] INFO  ratis.XceiverServerRatis (XceiverServerRatis.java:start(421)) - XceiverServerRatis f1b5fe2b-c693-47e4-a0f2-89b9d52b016f is started using port 34164
2019-09-17 21:33:04,840 [Datanode State Machine Thread - 0] INFO  ratis.XceiverServerRatis (XceiverServerRatis.java:start(411)) - Starting XceiverServerRatis 795a677d-7507-47df-8929-b9685b3882d0 at port 0
2019-09-17 21:33:04,841 [Datanode State Machine Thread - 0] INFO  ratis.XceiverServerRatis (XceiverServerRatis.java:start(421)) - XceiverServerRatis 189ac363-eed6-432c-a097-916945c2ee0c is started using port 39045
2019-09-17 21:33:04,847 [Datanode State Machine Thread - 0] INFO  server.XceiverServerGrpc (XceiverServerGrpc.java:start(163)) - XceiverServerGrpc f1b5fe2b-c693-47e4-a0f2-89b9d52b016f is started using port 34133
2019-09-17 21:33:04,847 [Datanode State Machine Thread - 0] INFO  server.XceiverServerGrpc (XceiverServerGrpc.java:start(163)) - XceiverServerGrpc a460ff93-c08d-4282-b7cc-50bb3dafcd54 is started using port 40696
2019-09-17 21:33:04,847 [Datanode State Machine Thread - 0] INFO  server.XceiverServerGrpc (XceiverServerGrpc.java:start(163)) - XceiverServerGrpc 189ac363-eed6-432c-a097-916945c2ee0c is started using port 43750
2019-09-17 21:33:04,855 [Datanode State Machine Thread - 0] INFO  impl.RaftServerProxy (RaftServerProxy.java:lambda$start$3(299)) - 795a677d-7507-47df-8929-b9685b3882d0: start RPC server
2019-09-17 21:33:04,858 [Datanode State Machine Thread - 0] INFO  server.GrpcService (GrpcService.java:startImpl(158)) - 795a677d-7507-47df-8929-b9685b3882d0: GrpcService started, listening on 0.0.0.0/0.0.0.0:40091
2019-09-17 21:33:04,858 [Datanode State Machine Thread - 0] INFO  ratis.XceiverServerRatis (XceiverServerRatis.java:start(421)) - XceiverServerRatis 795a677d-7507-47df-8929-b9685b3882d0 is started using port 40091
2019-09-17 21:33:04,860 [Datanode State Machine Thread - 0] INFO  server.XceiverServerGrpc (XceiverServerGrpc.java:start(163)) - XceiverServerGrpc 795a677d-7507-47df-8929-b9685b3882d0 is started using port 38386
2019-09-17 21:33:05,805 [main] INFO  ozone.MiniOzoneClusterImpl (MiniOzoneClusterImpl.java:lambda$waitForClusterToBeReady$0(145)) - Waiting for cluster to be ready. Got 0 of 4 DN Heartbeats.
2019-09-17 21:33:06,587 [IPC Server handler 0 on 46444] INFO  net.NetworkTopology (NetworkTopologyImpl.java:add(111)) - Added a new node: /default-rack/a460ff93-c08d-4282-b7cc-50bb3dafcd54
2019-09-17 21:33:06,587 [IPC Server handler 0 on 46444] INFO  node.SCMNodeManager (SCMNodeManager.java:register(266)) - Registered Data node : a460ff93-c08d-4282-b7cc-50bb3dafcd54{ip: 192.168.5.156, host: pr-hdds-2121-pbfts-3191465506, networkLocation: /default-rack, certSerialId: null}
2019-09-17 21:33:06,592 [EventQueue-NodeRegistrationContainerReportForDataNodeSafeModeRule] INFO  safemode.SCMSafeModeManager (DataNodeSafeModeRule.java:process(71)) - SCM in safe mode. 1 DataNodes registered, 1 required.
2019-09-17 21:33:06,593 [EventQueue-NodeRegistrationContainerReportForDataNodeSafeModeRule] INFO  safemode.SCMSafeModeManager (SCMSafeModeManager.java:validateSafeModeExitRules(177)) - ScmSafeModeManager, all rules are successfully validated
2019-09-17 21:33:06,593 [EventQueue-NodeRegistrationContainerReportForDataNodeSafeModeRule] INFO  safemode.SCMSafeModeManager (SCMSafeModeManager.java:exitSafeMode(193)) - SCM exiting safe mode.
2019-09-17 21:33:06,654 [IPC Server handler 1 on 46444] INFO  net.NetworkTopology (NetworkTopologyImpl.java:add(111)) - Added a new node: /default-rack/189ac363-eed6-432c-a097-916945c2ee0c
2019-09-17 21:33:06,654 [IPC Server handler 1 on 46444] INFO  node.SCMNodeManager (SCMNodeManager.java:register(266)) - Registered Data node : 189ac363-eed6-432c-a097-916945c2ee0c{ip: 192.168.5.156, host: pr-hdds-2121-pbfts-3191465506, networkLocation: /default-rack, certSerialId: null}
2019-09-17 21:33:06,731 [IPC Server handler 3 on 46444] INFO  net.NetworkTopology (NetworkTopologyImpl.java:add(111)) - Added a new node: /default-rack/f1b5fe2b-c693-47e4-a0f2-89b9d52b016f
2019-09-17 21:33:06,731 [IPC Server handler 3 on 46444] INFO  node.SCMNodeManager (SCMNodeManager.java:register(266)) - Registered Data node : f1b5fe2b-c693-47e4-a0f2-89b9d52b016f{ip: 192.168.5.156, host: pr-hdds-2121-pbfts-3191465506, networkLocation: /default-rack, certSerialId: null}
2019-09-17 21:33:06,807 [main] INFO  ozone.MiniOzoneClusterImpl (MiniOzoneClusterImpl.java:lambda$waitForClusterToBeReady$0(145)) - Waiting for cluster to be ready. Got 3 of 4 DN Heartbeats.
2019-09-17 21:33:06,808 [IPC Server handler 2 on 46444] INFO  net.NetworkTopology (NetworkTopologyImpl.java:add(111)) - Added a new node: /default-rack/795a677d-7507-47df-8929-b9685b3882d0
2019-09-17 21:33:06,808 [IPC Server handler 2 on 46444] INFO  node.SCMNodeManager (SCMNodeManager.java:register(266)) - Registered Data node : 795a677d-7507-47df-8929-b9685b3882d0{ip: 192.168.5.156, host: pr-hdds-2121-pbfts-3191465506, networkLocation: /default-rack, certSerialId: null}
2019-09-17 21:33:07,149 [grpc-default-executor-0] INFO  impl.RaftServerProxy (RaftServerProxy.java:addNew(89)) - a460ff93-c08d-4282-b7cc-50bb3dafcd54: addNew group-49B9DEFA816E:[a460ff93-c08d-4282-b7cc-50bb3dafcd54:192.168.5.156:42843] returns group-49B9DEFA816E:java.util.concurrent.CompletableFuture@500784e4[Not completed]
2019-09-17 21:33:07,170 [pool-27-thread-1] INFO  impl.RaftServerImpl (RaftServerImpl.java:<init>(95)) - a460ff93-c08d-4282-b7cc-50bb3dafcd54: new RaftServerImpl for group-49B9DEFA816E:[a460ff93-c08d-4282-b7cc-50bb3dafcd54:192.168.5.156:42843] with ContainerStateMachine:uninitialized
2019-09-17 21:33:07,174 [pool-27-thread-1] INFO  server.RaftServerConfigKeys (ConfUtils.java:logGet(43)) - raft.server.rpc.timeout.min = 5s (custom)
2019-09-17 21:33:07,176 [pool-27-thread-1] INFO  server.RaftServerConfigKeys (ConfUtils.java:logGet(43)) - raft.server.rpc.timeout.max = 5200ms (custom)
2019-09-17 21:33:07,176 [pool-27-thread-1] INFO  server.RaftServerConfigKeys (ConfUtils.java:logGet(43)) - raft.server.rpcslowness.timeout = 1000s (custom)
2019-09-17 21:33:07,177 [pool-27-thread-1] INFO  server.RaftServerConfigKeys (ConfUtils.java:logGet(43)) - raft.server.sleep.deviation.threshold = 300 (default)
2019-09-17 21:33:07,178 [pool-27-thread-1] INFO  server.RaftServerConfigKeys (ConfUtils.java:logGet(43)) - raft.server.log.appender.install.snapshot.enabled = false (custom)
2019-09-17 21:33:07,187 [pool-27-thread-1] INFO  impl.RaftServerImpl (ServerState.java:<init>(103)) - a460ff93-c08d-4282-b7cc-50bb3dafcd54@group-49B9DEFA816E: ConfigurationManager, init=-1: [a460ff93-c08d-4282-b7cc-50bb3dafcd54:192.168.5.156:42843], old=null, confs=<EMPTY_MAP>
2019-09-17 21:33:07,187 [pool-27-thread-1] INFO  server.RaftServerConfigKeys (ConfUtils.java:logGet(43)) - raft.server.storage.dir = [/workdir/hadoop-ozone/integration-test/target/test-dir/MiniOzoneClusterImpl-15065786-c9e2-42e7-bb6c-799e3296fc45/datanode-0/data/ratis] (custom)
2019-09-17 21:33:07,196 [pool-27-thread-1] INFO  storage.RaftStorageDirectory (RaftStorageDirectory.java:analyzeStorage(246)) - The storage directory /workdir/hadoop-ozone/integration-test/target/test-dir/MiniOzoneClusterImpl-15065786-c9e2-42e7-bb6c-799e3296fc45/datanode-0/data/ratis/52114022-e42d-4153-9c21-49b9defa816e does not exist. Creating ...
2019-09-17 21:33:07,222 [pool-27-thread-1] INFO  storage.RaftStorageDirectory (RaftStorageDirectory.java:tryLock(328)) - Lock on /workdir/hadoop-ozone/integration-test/target/test-dir/MiniOzoneClusterImpl-15065786-c9e2-42e7-bb6c-799e3296fc45/datanode-0/data/ratis/52114022-e42d-4153-9c21-49b9defa816e/in_use.lock acquired by nodename 30960@pr-hdds-2121-pbfts-3191465506
2019-09-17 21:33:07,247 [pool-27-thread-1] INFO  storage.RaftStorage (RaftStorage.java:format(72)) - Storage directory /workdir/hadoop-ozone/integration-test/target/test-dir/MiniOzoneClusterImpl-15065786-c9e2-42e7-bb6c-799e3296fc45/datanode-0/data/ratis/52114022-e42d-4153-9c21-49b9defa816e has been successfully formatted.
2019-09-17 21:33:07,250 [pool-27-thread-1] INFO  ratis.ContainerStateMachine (ContainerStateMachine.java:loadSnapshot(230)) - group-49B9DEFA816E: The snapshot info is null. Setting the last applied indexto:(t:0, i:~)
2019-09-17 21:33:07,250 [pool-27-thread-1] INFO  server.RaftServerConfigKeys (ConfUtils.java:logGet(43)) - raft.server.notification.no-leader.timeout = 1000s (custom)
2019-09-17 21:33:07,253 [pool-27-thread-1] INFO  server.RaftServerConfigKeys (ConfUtils.java:logGet(43)) - raft.server.log.use.memory = false (default)
2019-09-17 21:33:07,259 [pool-27-thread-1] INFO  server.RaftServerConfigKeys (ConfUtils.java:logGet(43)) - raft.server.log.purge.gap = 1000000 (custom)
2019-09-17 21:33:07,259 [pool-27-thread-1] INFO  server.RaftServerConfigKeys (ConfUtils.java:logGet(43)) - raft.server.log.appender.buffer.byte-limit = 33554432 (custom)
2019-09-17 21:33:07,261 [pool-27-thread-1] INFO  server.RaftServerConfigKeys (ConfUtils.java:logGet(43)) - raft.server.log.segment.size.max = 1048576 (custom)
2019-09-17 21:33:07,266 [pool-27-thread-1] INFO  server.RaftServerConfigKeys (ConfUtils.java:logGet(43)) - raft.server.log.segment.cache.num.max = 2 (custom)
2019-09-17 21:33:07,272 [pool-27-thread-1] INFO  segmented.SegmentedRaftLogWorker (SegmentedRaftLogWorker.java:<init>(172)) - new a460ff93-c08d-4282-b7cc-50bb3dafcd54@group-49B9DEFA816E-SegmentedRaftLogWorker for RaftStorage:Storage Directory /workdir/hadoop-ozone/integration-test/target/test-dir/MiniOzoneClusterImpl-15065786-c9e2-42e7-bb6c-799e3296fc45/datanode-0/data/ratis/52114022-e42d-4153-9c21-49b9defa816e
2019-09-17 21:33:07,273 [pool-27-thread-1] INFO  impl.MetricsSystemImpl (MetricsSystemImpl.java:init(158)) - ratis metrics system started (again)
2019-09-17 21:33:07,306 [pool-27-thread-1] INFO  server.RaftServerConfigKeys (ConfUtils.java:logGet(43)) - raft.server.log.queue.byte-limit = 2147483647 (custom)
2019-09-17 21:33:07,307 [pool-27-thread-1] INFO  server.RaftServerConfigKeys (ConfUtils.java:logGet(43)) - raft.server.log.queue.element-limit = 1024 (custom)
2019-09-17 21:33:07,310 [pool-27-thread-1] INFO  server.RaftServerConfigKeys (ConfUtils.java:logGet(43)) - raft.server.log.segment.size.max = 1048576 (custom)
2019-09-17 21:33:07,310 [pool-27-thread-1] INFO  server.RaftServerConfigKeys (ConfUtils.java:logGet(43)) - raft.server.log.preallocated.size = 16384 (custom)
2019-09-17 21:33:07,311 [pool-27-thread-1] INFO  server.RaftServerConfigKeys (ConfUtils.java:logGet(43)) - raft.server.log.write.buffer.size = 33554432 (custom)
2019-09-17 21:33:07,312 [pool-27-thread-1] INFO  server.RaftServerConfigKeys (ConfUtils.java:logGet(43)) - raft.server.log.force.sync.num = 128 (default)
2019-09-17 21:33:07,312 [pool-27-thread-1] INFO  server.RaftServerConfigKeys (ConfUtils.java:logGet(43)) - raft.server.log.statemachine.data.sync = true (default)
2019-09-17 21:33:07,313 [pool-27-thread-1] INFO  server.RaftServerConfigKeys (ConfUtils.java:logGet(43)) - raft.server.log.statemachine.data.sync.timeout = 10s (default)
2019-09-17 21:33:07,313 [pool-27-thread-1] INFO  server.RaftServerConfigKeys (ConfUtils.java:logGet(43)) - raft.server.log.statemachine.data.sync.timeout.retry = -1 (default)
2019-09-17 21:33:07,321 [pool-27-thread-1] INFO  server.RaftServerConfigKeys (ConfUtils.java:logGet(43)) - raft.server.log.statemachine.data.caching.enabled = true (custom)
2019-09-17 21:33:07,325 [pool-27-thread-1] INFO  segmented.SegmentedRaftLogWorker (SegmentedRaftLogWorker.java:lambda$new$0(132)) - a460ff93-c08d-4282-b7cc-50bb3dafcd54@group-49B9DEFA816E-SegmentedRaftLogWorker: flushIndex: setUnconditionally 0 -> -1
2019-09-17 21:33:07,330 [pool-27-thread-1] INFO  server.RaftServerConfigKeys (ConfUtils.java:logGet(43)) - raft.server.snapshot.auto.trigger.enabled = true (custom)
2019-09-17 21:33:07,331 [pool-27-thread-1] INFO  server.RaftServerConfigKeys (ConfUtils.java:logGet(43)) - raft.server.snapshot.auto.trigger.threshold = 10000 (custom)
2019-09-17 21:33:07,331 [pool-27-thread-1] INFO  server.RaftServerConfigKeys (ConfUtils.java:logGet(43)) - raft.server.snapshot.retention.num.files = 5 (custom)
2019-09-17 21:33:07,332 [pool-27-thread-1] INFO  server.RaftServerConfigKeys (ConfUtils.java:logGet(43)) - raft.server.retrycache.expirytime = 600000ms (custom)
2019-09-17 21:33:07,356 [pool-27-thread-1] INFO  impl.RaftServerImpl (RaftServerImpl.java:start(185)) - a460ff93-c08d-4282-b7cc-50bb3dafcd54@group-49B9DEFA816E: start as a follower, conf=-1: [a460ff93-c08d-4282-b7cc-50bb3dafcd54:192.168.5.156:42843], old=null
2019-09-17 21:33:07,357 [pool-27-thread-1] INFO  impl.RaftServerImpl (RaftServerImpl.java:setRole(174)) - a460ff93-c08d-4282-b7cc-50bb3dafcd54@group-49B9DEFA816E: changes role from      null to FOLLOWER at term 0 for startAsFollower
2019-09-17 21:33:07,358 [pool-27-thread-1] INFO  impl.RoleInfo (RoleInfo.java:updateAndGet(143)) - a460ff93-c08d-4282-b7cc-50bb3dafcd54: start FollowerState
2019-09-17 21:33:07,361 [pool-27-thread-1] INFO  util.JmxRegister (JmxRegister.java:tryRegister(44)) - Successfully registered JMX Bean with object name Ratis:service=RaftServer,group=group-49B9DEFA816E,id=a460ff93-c08d-4282-b7cc-50bb3dafcd54
2019-09-17 21:33:07,436 [RatisPipelineUtilsThread] INFO  pipeline.PipelineStateManager (PipelineStateManager.java:addPipeline(56)) - Created pipeline Pipeline[ Id: 52114022-e42d-4153-9c21-49b9defa816e, Nodes: a460ff93-c08d-4282-b7cc-50bb3dafcd54{ip: 192.168.5.156, host: pr-hdds-2121-pbfts-3191465506, networkLocation: /default-rack, certSerialId: null}, Type:RATIS, Factor:ONE, State:OPEN]
2019-09-17 21:33:07,458 [grpc-default-executor-0] INFO  impl.RaftServerProxy (RaftServerProxy.java:addNew(89)) - 189ac363-eed6-432c-a097-916945c2ee0c: addNew group-1809E5ACF8B0:[189ac363-eed6-432c-a097-916945c2ee0c:192.168.5.156:39045] returns group-1809E5ACF8B0:java.util.concurrent.CompletableFuture@38370017[Not completed]
2019-09-17 21:33:07,492 [pool-37-thread-1] INFO  impl.RaftServerImpl (RaftServerImpl.java:<init>(95)) - 189ac363-eed6-432c-a097-916945c2ee0c: new RaftServerImpl for group-1809E5ACF8B0:[189ac363-eed6-432c-a097-916945c2ee0c:192.168.5.156:39045] with ContainerStateMachine:uninitialized
2019-09-17 21:33:07,494 [pool-37-thread-1] INFO  server.RaftServerConfigKeys (ConfUtils.java:logGet(43)) - raft.server.rpc.timeout.min = 5s (custom)
2019-09-17 21:33:07,494 [pool-37-thread-1] INFO  server.RaftServerConfigKeys (ConfUtils.java:logGet(43)) - raft.server.rpc.timeout.max = 5200ms (custom)
2019-09-17 21:33:07,495 [pool-37-thread-1] INFO  server.RaftServerConfigKeys (ConfUtils.java:logGet(43)) - raft.server.rpcslowness.timeout = 1000s (custom)
2019-09-17 21:33:07,495 [pool-37-thread-1] INFO  server.RaftServerConfigKeys (ConfUtils.java:logGet(43)) - raft.server.sleep.deviation.threshold = 300 (default)
2019-09-17 21:33:07,495 [pool-37-thread-1] INFO  server.RaftServerConfigKeys (ConfUtils.java:logGet(43)) - raft.server.log.appender.install.snapshot.enabled = false (custom)
2019-09-17 21:33:07,495 [pool-37-thread-1] INFO  impl.RaftServerImpl (ServerState.java:<init>(103)) - 189ac363-eed6-432c-a097-916945c2ee0c@group-1809E5ACF8B0: ConfigurationManager, init=-1: [189ac363-eed6-432c-a097-916945c2ee0c:192.168.5.156:39045], old=null, confs=<EMPTY_MAP>
2019-09-17 21:33:07,496 [pool-37-thread-1] INFO  server.RaftServerConfigKeys (ConfUtils.java:logGet(43)) - raft.server.storage.dir = [/workdir/hadoop-ozone/integration-test/target/test-dir/MiniOzoneClusterImpl-15065786-c9e2-42e7-bb6c-799e3296fc45/datanode-1/data/ratis] (custom)
2019-09-17 21:33:07,496 [pool-37-thread-1] INFO  storage.RaftStorageDirectory (RaftStorageDirectory.java:analyzeStorage(246)) - The storage directory /workdir/hadoop-ozone/integration-test/target/test-dir/MiniOzoneClusterImpl-15065786-c9e2-42e7-bb6c-799e3296fc45/datanode-1/data/ratis/33e7b86a-dd2d-434f-bebd-1809e5acf8b0 does not exist. Creating ...
2019-09-17 21:33:07,523 [pool-37-thread-1] INFO  storage.RaftStorageDirectory (RaftStorageDirectory.java:tryLock(328)) - Lock on /workdir/hadoop-ozone/integration-test/target/test-dir/MiniOzoneClusterImpl-15065786-c9e2-42e7-bb6c-799e3296fc45/datanode-1/data/ratis/33e7b86a-dd2d-434f-bebd-1809e5acf8b0/in_use.lock acquired by nodename 30960@pr-hdds-2121-pbfts-3191465506
2019-09-17 21:33:07,548 [pool-37-thread-1] INFO  storage.RaftStorage (RaftStorage.java:format(72)) - Storage directory /workdir/hadoop-ozone/integration-test/target/test-dir/MiniOzoneClusterImpl-15065786-c9e2-42e7-bb6c-799e3296fc45/datanode-1/data/ratis/33e7b86a-dd2d-434f-bebd-1809e5acf8b0 has been successfully formatted.
2019-09-17 21:33:07,549 [pool-37-thread-1] INFO  ratis.ContainerStateMachine (ContainerStateMachine.java:loadSnapshot(230)) - group-1809E5ACF8B0: The snapshot info is null. Setting the last applied indexto:(t:0, i:~)
2019-09-17 21:33:07,551 [pool-37-thread-1] INFO  server.RaftServerConfigKeys (ConfUtils.java:logGet(43)) - raft.server.notification.no-leader.timeout = 1000s (custom)
2019-09-17 21:33:07,551 [pool-37-thread-1] INFO  server.RaftServerConfigKeys (ConfUtils.java:logGet(43)) - raft.server.log.use.memory = false (default)
2019-09-17 21:33:07,551 [pool-37-thread-1] INFO  server.RaftServerConfigKeys (ConfUtils.java:logGet(43)) - raft.server.log.purge.gap = 1000000 (custom)
2019-09-17 21:33:07,552 [pool-37-thread-1] INFO  server.RaftServerConfigKeys (ConfUtils.java:logGet(43)) - raft.server.log.appender.buffer.byte-limit = 33554432 (custom)
2019-09-17 21:33:07,552 [pool-37-thread-1] INFO  server.RaftServerConfigKeys (ConfUtils.java:logGet(43)) - raft.server.log.segment.size.max = 1048576 (custom)
2019-09-17 21:33:07,552 [pool-37-thread-1] INFO  server.RaftServerConfigKeys (ConfUtils.java:logGet(43)) - raft.server.log.segment.cache.num.max = 2 (custom)
2019-09-17 21:33:07,552 [pool-37-thread-1] INFO  segmented.SegmentedRaftLogWorker (SegmentedRaftLogWorker.java:<init>(172)) - new 189ac363-eed6-432c-a097-916945c2ee0c@group-1809E5ACF8B0-SegmentedRaftLogWorker for RaftStorage:Storage Directory /workdir/hadoop-ozone/integration-test/target/test-dir/MiniOzoneClusterImpl-15065786-c9e2-42e7-bb6c-799e3296fc45/datanode-1/data/ratis/33e7b86a-dd2d-434f-bebd-1809e5acf8b0
2019-09-17 21:33:07,560 [pool-37-thread-1] INFO  server.RaftServerConfigKeys (ConfUtils.java:logGet(43)) - raft.server.log.queue.byte-limit = 2147483647 (custom)
2019-09-17 21:33:07,560 [pool-37-thread-1] INFO  server.RaftServerConfigKeys (ConfUtils.java:logGet(43)) - raft.server.log.queue.element-limit = 1024 (custom)
2019-09-17 21:33:07,561 [pool-37-thread-1] INFO  server.RaftServerConfigKeys (ConfUtils.java:logGet(43)) - raft.server.log.segment.size.max = 1048576 (custom)
2019-09-17 21:33:07,561 [pool-37-thread-1] INFO  server.RaftServerConfigKeys (ConfUtils.java:logGet(43)) - raft.server.log.preallocated.size = 16384 (custom)
2019-09-17 21:33:07,561 [pool-37-thread-1] INFO  server.RaftServerConfigKeys (ConfUtils.java:logGet(43)) - raft.server.log.write.buffer.size = 33554432 (custom)
2019-09-17 21:33:07,561 [pool-37-thread-1] INFO  server.RaftServerConfigKeys (ConfUtils.java:logGet(43)) - raft.server.log.force.sync.num = 128 (default)
2019-09-17 21:33:07,562 [pool-37-thread-1] INFO  server.RaftServerConfigKeys (ConfUtils.java:logGet(43)) - raft.server.log.statemachine.data.sync = true (default)
2019-09-17 21:33:07,562 [pool-37-thread-1] INFO  server.RaftServerConfigKeys (ConfUtils.java:logGet(43)) - raft.server.log.statemachine.data.sync.timeout = 10s (default)
2019-09-17 21:33:07,562 [pool-37-thread-1] INFO  server.RaftServerConfigKeys (ConfUtils.java:logGet(43)) - raft.server.log.statemachine.data.sync.timeout.retry = -1 (default)
2019-09-17 21:33:07,562 [pool-37-thread-1] INFO  server.RaftServerConfigKeys (ConfUtils.java:logGet(43)) - raft.server.log.statemachine.data.caching.enabled = true (custom)
2019-09-17 21:33:07,563 [pool-37-thread-1] INFO  segmented.SegmentedRaftLogWorker (SegmentedRaftLogWorker.java:lambda$new$0(132)) - 189ac363-eed6-432c-a097-916945c2ee0c@group-1809E5ACF8B0-SegmentedRaftLogWorker: flushIndex: setUnconditionally 0 -> -1
2019-09-17 21:33:07,563 [pool-37-thread-1] INFO  server.RaftServerConfigKeys (ConfUtils.java:logGet(43)) - raft.server.snapshot.auto.trigger.enabled = true (custom)
2019-09-17 21:33:07,563 [pool-37-thread-1] INFO  server.RaftServerConfigKeys (ConfUtils.java:logGet(43)) - raft.server.snapshot.auto.trigger.threshold = 10000 (custom)
2019-09-17 21:33:07,564 [pool-37-thread-1] INFO  server.RaftServerConfigKeys (ConfUtils.java:logGet(43)) - raft.server.snapshot.retention.num.files = 5 (custom)
2019-09-17 21:33:07,564 [pool-37-thread-1] INFO  server.RaftServerConfigKeys (ConfUtils.java:logGet(43)) - raft.server.retrycache.expirytime = 600000ms (custom)
2019-09-17 21:33:07,570 [pool-37-thread-1] INFO  impl.RaftServerImpl (RaftServerImpl.java:start(185)) - 189ac363-eed6-432c-a097-916945c2ee0c@group-1809E5ACF8B0: start as a follower, conf=-1: [189ac363-eed6-432c-a097-916945c2ee0c:192.168.5.156:39045], old=null
2019-09-17 21:33:07,570 [pool-37-thread-1] INFO  impl.RaftServerImpl (RaftServerImpl.java:setRole(174)) - 189ac363-eed6-432c-a097-916945c2ee0c@group-1809E5ACF8B0: changes role from      null to FOLLOWER at term 0 for startAsFollower
2019-09-17 21:33:07,570 [pool-37-thread-1] INFO  impl.RoleInfo (RoleInfo.java:updateAndGet(143)) - 189ac363-eed6-432c-a097-916945c2ee0c: start FollowerState
2019-09-17 21:33:07,572 [pool-37-thread-1] INFO  util.JmxRegister (JmxRegister.java:tryRegister(44)) - Successfully registered JMX Bean with object name Ratis:service=RaftServer,group=group-1809E5ACF8B0,id=189ac363-eed6-432c-a097-916945c2ee0c
2019-09-17 21:33:07,585 [RatisPipelineUtilsThread] INFO  pipeline.PipelineStateManager (PipelineStateManager.java:addPipeline(56)) - Created pipeline Pipeline[ Id: 33e7b86a-dd2d-434f-bebd-1809e5acf8b0, Nodes: 189ac363-eed6-432c-a097-916945c2ee0c{ip: 192.168.5.156, host: pr-hdds-2121-pbfts-3191465506, networkLocation: /default-rack, certSerialId: null}, Type:RATIS, Factor:ONE, State:OPEN]
2019-09-17 21:33:07,606 [grpc-default-executor-0] INFO  impl.RaftServerProxy (RaftServerProxy.java:addNew(89)) - f1b5fe2b-c693-47e4-a0f2-89b9d52b016f: addNew group-572AFB98CC79:[f1b5fe2b-c693-47e4-a0f2-89b9d52b016f:192.168.5.156:34164] returns group-572AFB98CC79:java.util.concurrent.CompletableFuture@5099b83c[Not completed]
2019-09-17 21:33:07,626 [pool-47-thread-1] INFO  impl.RaftServerImpl (RaftServerImpl.java:<init>(95)) - f1b5fe2b-c693-47e4-a0f2-89b9d52b016f: new RaftServerImpl for group-572AFB98CC79:[f1b5fe2b-c693-47e4-a0f2-89b9d52b016f:192.168.5.156:34164] with ContainerStateMachine:uninitialized
2019-09-17 21:33:07,630 [pool-47-thread-1] INFO  server.RaftServerConfigKeys (ConfUtils.java:logGet(43)) - raft.server.rpc.timeout.min = 5s (custom)
2019-09-17 21:33:07,630 [pool-47-thread-1] INFO  server.RaftServerConfigKeys (ConfUtils.java:logGet(43)) - raft.server.rpc.timeout.max = 5200ms (custom)
2019-09-17 21:33:07,631 [pool-47-thread-1] INFO  server.RaftServerConfigKeys (ConfUtils.java:logGet(43)) - raft.server.rpcslowness.timeout = 1000s (custom)
2019-09-17 21:33:07,631 [pool-47-thread-1] INFO  server.RaftServerConfigKeys (ConfUtils.java:logGet(43)) - raft.server.sleep.deviation.threshold = 300 (default)
2019-09-17 21:33:07,631 [pool-47-thread-1] INFO  server.RaftServerConfigKeys (ConfUtils.java:logGet(43)) - raft.server.log.appender.install.snapshot.enabled = false (custom)
2019-09-17 21:33:07,631 [pool-47-thread-1] INFO  impl.RaftServerImpl (ServerState.java:<init>(103)) - f1b5fe2b-c693-47e4-a0f2-89b9d52b016f@group-572AFB98CC79: ConfigurationManager, init=-1: [f1b5fe2b-c693-47e4-a0f2-89b9d52b016f:192.168.5.156:34164], old=null, confs=<EMPTY_MAP>
2019-09-17 21:33:07,632 [pool-47-thread-1] INFO  server.RaftServerConfigKeys (ConfUtils.java:logGet(43)) - raft.server.storage.dir = [/workdir/hadoop-ozone/integration-test/target/test-dir/MiniOzoneClusterImpl-15065786-c9e2-42e7-bb6c-799e3296fc45/datanode-2/data/ratis] (custom)
2019-09-17 21:33:07,632 [pool-47-thread-1] INFO  storage.RaftStorageDirectory (RaftStorageDirectory.java:analyzeStorage(246)) - The storage directory /workdir/hadoop-ozone/integration-test/target/test-dir/MiniOzoneClusterImpl-15065786-c9e2-42e7-bb6c-799e3296fc45/datanode-2/data/ratis/b98b334b-ea3e-4efa-9bc2-572afb98cc79 does not exist. Creating ...
2019-09-17 21:33:07,657 [pool-47-thread-1] INFO  storage.RaftStorageDirectory (RaftStorageDirectory.java:tryLock(328)) - Lock on /workdir/hadoop-ozone/integration-test/target/test-dir/MiniOzoneClusterImpl-15065786-c9e2-42e7-bb6c-799e3296fc45/datanode-2/data/ratis/b98b334b-ea3e-4efa-9bc2-572afb98cc79/in_use.lock acquired by nodename 30960@pr-hdds-2121-pbfts-3191465506
2019-09-17 21:33:07,682 [pool-47-thread-1] INFO  storage.RaftStorage (RaftStorage.java:format(72)) - Storage directory /workdir/hadoop-ozone/integration-test/target/test-dir/MiniOzoneClusterImpl-15065786-c9e2-42e7-bb6c-799e3296fc45/datanode-2/data/ratis/b98b334b-ea3e-4efa-9bc2-572afb98cc79 has been successfully formatted.
2019-09-17 21:33:07,683 [pool-47-thread-1] INFO  ratis.ContainerStateMachine (ContainerStateMachine.java:loadSnapshot(230)) - group-572AFB98CC79: The snapshot info is null. Setting the last applied indexto:(t:0, i:~)
2019-09-17 21:33:07,683 [pool-47-thread-1] INFO  server.RaftServerConfigKeys (ConfUtils.java:logGet(43)) - raft.server.notification.no-leader.timeout = 1000s (custom)
2019-09-17 21:33:07,683 [pool-47-thread-1] INFO  server.RaftServerConfigKeys (ConfUtils.java:logGet(43)) - raft.server.log.use.memory = false (default)
2019-09-17 21:33:07,684 [pool-47-thread-1] INFO  server.RaftServerConfigKeys (ConfUtils.java:logGet(43)) - raft.server.log.purge.gap = 1000000 (custom)
2019-09-17 21:33:07,684 [pool-47-thread-1] INFO  server.RaftServerConfigKeys (ConfUtils.java:logGet(43)) - raft.server.log.appender.buffer.byte-limit = 33554432 (custom)
2019-09-17 21:33:07,684 [pool-47-thread-1] INFO  server.RaftServerConfigKeys (ConfUtils.java:logGet(43)) - raft.server.log.segment.size.max = 1048576 (custom)
2019-09-17 21:33:07,684 [pool-47-thread-1] INFO  server.RaftServerConfigKeys (ConfUtils.java:logGet(43)) - raft.server.log.segment.cache.num.max = 2 (custom)
2019-09-17 21:33:07,685 [pool-47-thread-1] INFO  segmented.SegmentedRaftLogWorker (SegmentedRaftLogWorker.java:<init>(172)) - new f1b5fe2b-c693-47e4-a0f2-89b9d52b016f@group-572AFB98CC79-SegmentedRaftLogWorker for RaftStorage:Storage Directory /workdir/hadoop-ozone/integration-test/target/test-dir/MiniOzoneClusterImpl-15065786-c9e2-42e7-bb6c-799e3296fc45/datanode-2/data/ratis/b98b334b-ea3e-4efa-9bc2-572afb98cc79
2019-09-17 21:33:07,716 [pool-47-thread-1] INFO  server.RaftServerConfigKeys (ConfUtils.java:logGet(43)) - raft.server.log.queue.byte-limit = 2147483647 (custom)
2019-09-17 21:33:07,716 [pool-47-thread-1] INFO  server.RaftServerConfigKeys (ConfUtils.java:logGet(43)) - raft.server.log.queue.element-limit = 1024 (custom)
2019-09-17 21:33:07,717 [pool-47-thread-1] INFO  server.RaftServerConfigKeys (ConfUtils.java:logGet(43)) - raft.server.log.segment.size.max = 1048576 (custom)
2019-09-17 21:33:07,717 [pool-47-thread-1] INFO  server.RaftServerConfigKeys (ConfUtils.java:logGet(43)) - raft.server.log.preallocated.size = 16384 (custom)
2019-09-17 21:33:07,717 [pool-47-thread-1] INFO  server.RaftServerConfigKeys (ConfUtils.java:logGet(43)) - raft.server.log.write.buffer.size = 33554432 (custom)
2019-09-17 21:33:07,717 [pool-47-thread-1] INFO  server.RaftServerConfigKeys (ConfUtils.java:logGet(43)) - raft.server.log.force.sync.num = 128 (default)
2019-09-17 21:33:07,718 [pool-47-thread-1] INFO  server.RaftServerConfigKeys (ConfUtils.java:logGet(43)) - raft.server.log.statemachine.data.sync = true (default)
2019-09-17 21:33:07,718 [pool-47-thread-1] INFO  server.RaftServerConfigKeys (ConfUtils.java:logGet(43)) - raft.server.log.statemachine.data.sync.timeout = 10s (default)
2019-09-17 21:33:07,718 [pool-47-thread-1] INFO  server.RaftServerConfigKeys (ConfUtils.java:logGet(43)) - raft.server.log.statemachine.data.sync.timeout.retry = -1 (default)
2019-09-17 21:33:07,719 [pool-47-thread-1] INFO  server.RaftServerConfigKeys (ConfUtils.java:logGet(43)) - raft.server.log.statemachine.data.caching.enabled = true (custom)
2019-09-17 21:33:07,719 [pool-47-thread-1] INFO  segmented.SegmentedRaftLogWorker (SegmentedRaftLogWorker.java:lambda$new$0(132)) - f1b5fe2b-c693-47e4-a0f2-89b9d52b016f@group-572AFB98CC79-SegmentedRaftLogWorker: flushIndex: setUnconditionally 0 -> -1
2019-09-17 21:33:07,720 [pool-47-thread-1] INFO  server.RaftServerConfigKeys (ConfUtils.java:logGet(43)) - raft.server.snapshot.auto.trigger.enabled = true (custom)
2019-09-17 21:33:07,720 [pool-47-thread-1] INFO  server.RaftServerConfigKeys (ConfUtils.java:logGet(43)) - raft.server.snapshot.auto.trigger.threshold = 10000 (custom)
2019-09-17 21:33:07,720 [pool-47-thread-1] INFO  server.RaftServerConfigKeys (ConfUtils.java:logGet(43)) - raft.server.snapshot.retention.num.files = 5 (custom)
2019-09-17 21:33:07,720 [pool-47-thread-1] INFO  server.RaftServerConfigKeys (ConfUtils.java:logGet(43)) - raft.server.retrycache.expirytime = 600000ms (custom)
2019-09-17 21:33:07,726 [pool-47-thread-1] INFO  impl.RaftServerImpl (RaftServerImpl.java:start(185)) - f1b5fe2b-c693-47e4-a0f2-89b9d52b016f@group-572AFB98CC79: start as a follower, conf=-1: [f1b5fe2b-c693-47e4-a0f2-89b9d52b016f:192.168.5.156:34164], old=null
2019-09-17 21:33:07,726 [pool-47-thread-1] INFO  impl.RaftServerImpl (RaftServerImpl.java:setRole(174)) - f1b5fe2b-c693-47e4-a0f2-89b9d52b016f@group-572AFB98CC79: changes role from      null to FOLLOWER at term 0 for startAsFollower
2019-09-17 21:33:07,726 [pool-47-thread-1] INFO  impl.RoleInfo (RoleInfo.java:updateAndGet(143)) - f1b5fe2b-c693-47e4-a0f2-89b9d52b016f: start FollowerState
2019-09-17 21:33:07,727 [pool-47-thread-1] INFO  util.JmxRegister (JmxRegister.java:tryRegister(44)) - Successfully registered JMX Bean with object name Ratis:service=RaftServer,group=group-572AFB98CC79,id=f1b5fe2b-c693-47e4-a0f2-89b9d52b016f
2019-09-17 21:33:07,737 [RatisPipelineUtilsThread] INFO  pipeline.PipelineStateManager (PipelineStateManager.java:addPipeline(56)) - Created pipeline Pipeline[ Id: b98b334b-ea3e-4efa-9bc2-572afb98cc79, Nodes: f1b5fe2b-c693-47e4-a0f2-89b9d52b016f{ip: 192.168.5.156, host: pr-hdds-2121-pbfts-3191465506, networkLocation: /default-rack, certSerialId: null}, Type:RATIS, Factor:ONE, State:OPEN]
2019-09-17 21:33:07,760 [grpc-default-executor-0] INFO  impl.RaftServerProxy (RaftServerProxy.java:addNew(89)) - 795a677d-7507-47df-8929-b9685b3882d0: addNew group-047E3ECB91F6:[795a677d-7507-47df-8929-b9685b3882d0:192.168.5.156:40091] returns group-047E3ECB91F6:java.util.concurrent.CompletableFuture@2b990491[Not completed]
2019-09-17 21:33:07,762 [pool-57-thread-1] INFO  impl.RaftServerImpl (RaftServerImpl.java:<init>(95)) - 795a677d-7507-47df-8929-b9685b3882d0: new RaftServerImpl for group-047E3ECB91F6:[795a677d-7507-47df-8929-b9685b3882d0:192.168.5.156:40091] with ContainerStateMachine:uninitialized
2019-09-17 21:33:07,762 [pool-57-thread-1] INFO  server.RaftServerConfigKeys (ConfUtils.java:logGet(43)) - raft.server.rpc.timeout.min = 5s (custom)
2019-09-17 21:33:07,762 [pool-57-thread-1] INFO  server.RaftServerConfigKeys (ConfUtils.java:logGet(43)) - raft.server.rpc.timeout.max = 5200ms (custom)
2019-09-17 21:33:07,763 [pool-57-thread-1] INFO  server.RaftServerConfigKeys (ConfUtils.java:logGet(43)) - raft.server.rpcslowness.timeout = 1000s (custom)
2019-09-17 21:33:07,763 [pool-57-thread-1] INFO  server.RaftServerConfigKeys (ConfUtils.java:logGet(43)) - raft.server.sleep.deviation.threshold = 300 (default)
2019-09-17 21:33:07,763 [pool-57-thread-1] INFO  server.RaftServerConfigKeys (ConfUtils.java:logGet(43)) - raft.server.log.appender.install.snapshot.enabled = false (custom)
2019-09-17 21:33:07,763 [pool-57-thread-1] INFO  impl.RaftServerImpl (ServerState.java:<init>(103)) - 795a677d-7507-47df-8929-b9685b3882d0@group-047E3ECB91F6: ConfigurationManager, init=-1: [795a677d-7507-47df-8929-b9685b3882d0:192.168.5.156:40091], old=null, confs=<EMPTY_MAP>
2019-09-17 21:33:07,764 [pool-57-thread-1] INFO  server.RaftServerConfigKeys (ConfUtils.java:logGet(43)) - raft.server.storage.dir = [/workdir/hadoop-ozone/integration-test/target/test-dir/MiniOzoneClusterImpl-15065786-c9e2-42e7-bb6c-799e3296fc45/datanode-3/data/ratis] (custom)
2019-09-17 21:33:07,764 [pool-57-thread-1] INFO  storage.RaftStorageDirectory (RaftStorageDirectory.java:analyzeStorage(246)) - The storage directory /workdir/hadoop-ozone/integration-test/target/test-dir/MiniOzoneClusterImpl-15065786-c9e2-42e7-bb6c-799e3296fc45/datanode-3/data/ratis/6c932377-ec88-491e-8944-047e3ecb91f6 does not exist. Creating ...
2019-09-17 21:33:07,799 [pool-57-thread-1] INFO  storage.RaftStorageDirectory (RaftStorageDirectory.java:tryLock(328)) - Lock on /workdir/hadoop-ozone/integration-test/target/test-dir/MiniOzoneClusterImpl-15065786-c9e2-42e7-bb6c-799e3296fc45/datanode-3/data/ratis/6c932377-ec88-491e-8944-047e3ecb91f6/in_use.lock acquired by nodename 30960@pr-hdds-2121-pbfts-3191465506
2019-09-17 21:33:07,807 [main] INFO  ozone.MiniOzoneClusterImpl (MiniOzoneClusterImpl.java:lambda$waitForClusterToBeReady$0(145)) - Cluster is ready. Got 4 of 4 DN Heartbeats.
2019-09-17 21:33:07,813 [main] INFO  container.ReplicationManager (ReplicationManager.java:start(162)) - Starting Replication Monitor Thread.
2019-09-17 21:33:07,815 [ReplicationMonitor] INFO  container.ReplicationManager (ReplicationManager.java:run(225)) - Replication Monitor Thread took 1 milliseconds for processing 0 containers.
2019-09-17 21:33:07,833 [pool-57-thread-1] INFO  storage.RaftStorage (RaftStorage.java:format(72)) - Storage directory /workdir/hadoop-ozone/integration-test/target/test-dir/MiniOzoneClusterImpl-15065786-c9e2-42e7-bb6c-799e3296fc45/datanode-3/data/ratis/6c932377-ec88-491e-8944-047e3ecb91f6 has been successfully formatted.
2019-09-17 21:33:07,833 [pool-57-thread-1] INFO  ratis.ContainerStateMachine (ContainerStateMachine.java:loadSnapshot(230)) - group-047E3ECB91F6: The snapshot info is null. Setting the last applied indexto:(t:0, i:~)
2019-09-17 21:33:07,834 [pool-57-thread-1] INFO  server.RaftServerConfigKeys (ConfUtils.java:logGet(43)) - raft.server.notification.no-leader.timeout = 1000s (custom)
2019-09-17 21:33:07,834 [pool-57-thread-1] INFO  server.RaftServerConfigKeys (ConfUtils.java:logGet(43)) - raft.server.log.use.memory = false (default)
2019-09-17 21:33:07,834 [pool-57-thread-1] INFO  server.RaftServerConfigKeys (ConfUtils.java:logGet(43)) - raft.server.log.purge.gap = 1000000 (custom)
2019-09-17 21:33:07,834 [pool-57-thread-1] INFO  server.RaftServerConfigKeys (ConfUtils.java:logGet(43)) - raft.server.log.appender.buffer.byte-limit = 33554432 (custom)
2019-09-17 21:33:07,835 [pool-57-thread-1] INFO  server.RaftServerConfigKeys (ConfUtils.java:logGet(43)) - raft.server.log.segment.size.max = 1048576 (custom)
2019-09-17 21:33:07,835 [pool-57-thread-1] INFO  server.RaftServerConfigKeys (ConfUtils.java:logGet(43)) - raft.server.log.segment.cache.num.max = 2 (custom)
2019-09-17 21:33:07,835 [pool-57-thread-1] INFO  segmented.SegmentedRaftLogWorker (SegmentedRaftLogWorker.java:<init>(172)) - new 795a677d-7507-47df-8929-b9685b3882d0@group-047E3ECB91F6-SegmentedRaftLogWorker for RaftStorage:Storage Directory /workdir/hadoop-ozone/integration-test/target/test-dir/MiniOzoneClusterImpl-15065786-c9e2-42e7-bb6c-799e3296fc45/datanode-3/data/ratis/6c932377-ec88-491e-8944-047e3ecb91f6
2019-09-17 21:33:07,841 [pool-57-thread-1] INFO  server.RaftServerConfigKeys (ConfUtils.java:logGet(43)) - raft.server.log.queue.byte-limit = 2147483647 (custom)
2019-09-17 21:33:07,841 [pool-57-thread-1] INFO  server.RaftServerConfigKeys (ConfUtils.java:logGet(43)) - raft.server.log.queue.element-limit = 1024 (custom)
2019-09-17 21:33:07,841 [pool-57-thread-1] INFO  server.RaftServerConfigKeys (ConfUtils.java:logGet(43)) - raft.server.log.segment.size.max = 1048576 (custom)
2019-09-17 21:33:07,842 [pool-57-thread-1] INFO  server.RaftServerConfigKeys (ConfUtils.java:logGet(43)) - raft.server.log.preallocated.size = 16384 (custom)
2019-09-17 21:33:07,842 [pool-57-thread-1] INFO  server.RaftServerConfigKeys (ConfUtils.java:logGet(43)) - raft.server.log.write.buffer.size = 33554432 (custom)
2019-09-17 21:33:07,842 [pool-57-thread-1] INFO  server.RaftServerConfigKeys (ConfUtils.java:logGet(43)) - raft.server.log.force.sync.num = 128 (default)
2019-09-17 21:33:07,842 [pool-57-thread-1] INFO  server.RaftServerConfigKeys (ConfUtils.java:logGet(43)) - raft.server.log.statemachine.data.sync = true (default)
2019-09-17 21:33:07,842 [pool-57-thread-1] INFO  server.RaftServerConfigKeys (ConfUtils.java:logGet(43)) - raft.server.log.statemachine.data.sync.timeout = 10s (default)
2019-09-17 21:33:07,843 [pool-57-thread-1] INFO  server.RaftServerConfigKeys (ConfUtils.java:logGet(43)) - raft.server.log.statemachine.data.sync.timeout.retry = -1 (default)
2019-09-17 21:33:07,843 [pool-57-thread-1] INFO  server.RaftServerConfigKeys (ConfUtils.java:logGet(43)) - raft.server.log.statemachine.data.caching.enabled = true (custom)
2019-09-17 21:33:07,844 [pool-57-thread-1] INFO  segmented.SegmentedRaftLogWorker (SegmentedRaftLogWorker.java:lambda$new$0(132)) - 795a677d-7507-47df-8929-b9685b3882d0@group-047E3ECB91F6-SegmentedRaftLogWorker: flushIndex: setUnconditionally 0 -> -1
2019-09-17 21:33:07,844 [pool-57-thread-1] INFO  server.RaftServerConfigKeys (ConfUtils.java:logGet(43)) - raft.server.snapshot.auto.trigger.enabled = true (custom)
2019-09-17 21:33:07,844 [pool-57-thread-1] INFO  server.RaftServerConfigKeys (ConfUtils.java:logGet(43)) - raft.server.snapshot.auto.trigger.threshold = 10000 (custom)
2019-09-17 21:33:07,844 [pool-57-thread-1] INFO  server.RaftServerConfigKeys (ConfUtils.java:logGet(43)) - raft.server.snapshot.retention.num.files = 5 (custom)
2019-09-17 21:33:07,845 [pool-57-thread-1] INFO  server.RaftServerConfigKeys (ConfUtils.java:logGet(43)) - raft.server.retrycache.expirytime = 600000ms (custom)
2019-09-17 21:33:07,849 [pool-57-thread-1] INFO  impl.RaftServerImpl (RaftServerImpl.java:start(185)) - 795a677d-7507-47df-8929-b9685b3882d0@group-047E3ECB91F6: start as a follower, conf=-1: [795a677d-7507-47df-8929-b9685b3882d0:192.168.5.156:40091], old=null
2019-09-17 21:33:07,850 [pool-57-thread-1] INFO  impl.RaftServerImpl (RaftServerImpl.java:setRole(174)) - 795a677d-7507-47df-8929-b9685b3882d0@group-047E3ECB91F6: changes role from      null to FOLLOWER at term 0 for startAsFollower
2019-09-17 21:33:07,850 [pool-57-thread-1] INFO  impl.RoleInfo (RoleInfo.java:updateAndGet(143)) - 795a677d-7507-47df-8929-b9685b3882d0: start FollowerState
2019-09-17 21:33:07,850 [pool-57-thread-1] INFO  util.JmxRegister (JmxRegister.java:tryRegister(44)) - Successfully registered JMX Bean with object name Ratis:service=RaftServer,group=group-047E3ECB91F6,id=795a677d-7507-47df-8929-b9685b3882d0
2019-09-17 21:33:07,873 [RatisPipelineUtilsThread] INFO  pipeline.PipelineStateManager (PipelineStateManager.java:addPipeline(56)) - Created pipeline Pipeline[ Id: 6c932377-ec88-491e-8944-047e3ecb91f6, Nodes: 795a677d-7507-47df-8929-b9685b3882d0{ip: 192.168.5.156, host: pr-hdds-2121-pbfts-3191465506, networkLocation: /default-rack, certSerialId: null}, Type:RATIS, Factor:ONE, State:OPEN]
2019-09-17 21:33:07,920 [grpc-default-executor-1] INFO  impl.RaftServerProxy (RaftServerProxy.java:addNew(89)) - f1b5fe2b-c693-47e4-a0f2-89b9d52b016f: addNew group-A60003AD97CE:[f1b5fe2b-c693-47e4-a0f2-89b9d52b016f:192.168.5.156:34164, a460ff93-c08d-4282-b7cc-50bb3dafcd54:192.168.5.156:42843, 189ac363-eed6-432c-a097-916945c2ee0c:192.168.5.156:39045] returns group-A60003AD97CE:java.util.concurrent.CompletableFuture@12e084c8[Not completed]
2019-09-17 21:33:07,920 [grpc-default-executor-2] INFO  impl.RaftServerProxy (RaftServerProxy.java:addNew(89)) - a460ff93-c08d-4282-b7cc-50bb3dafcd54: addNew group-A60003AD97CE:[f1b5fe2b-c693-47e4-a0f2-89b9d52b016f:192.168.5.156:34164, a460ff93-c08d-4282-b7cc-50bb3dafcd54:192.168.5.156:42843, 189ac363-eed6-432c-a097-916945c2ee0c:192.168.5.156:39045] returns group-A60003AD97CE:java.util.concurrent.CompletableFuture@7cc5fdb5[Not completed]
2019-09-17 21:33:07,927 [grpc-default-executor-2] INFO  impl.RaftServerProxy (RaftServerProxy.java:addNew(89)) - 189ac363-eed6-432c-a097-916945c2ee0c: addNew group-A60003AD97CE:[f1b5fe2b-c693-47e4-a0f2-89b9d52b016f:192.168.5.156:34164, a460ff93-c08d-4282-b7cc-50bb3dafcd54:192.168.5.156:42843, 189ac363-eed6-432c-a097-916945c2ee0c:192.168.5.156:39045] returns group-A60003AD97CE:java.util.concurrent.CompletableFuture@39c77c49[Not completed]
2019-09-17 21:33:07,928 [pool-47-thread-1] INFO  impl.RaftServerImpl (RaftServerImpl.java:<init>(95)) - f1b5fe2b-c693-47e4-a0f2-89b9d52b016f: new RaftServerImpl for group-A60003AD97CE:[f1b5fe2b-c693-47e4-a0f2-89b9d52b016f:192.168.5.156:34164, a460ff93-c08d-4282-b7cc-50bb3dafcd54:192.168.5.156:42843, 189ac363-eed6-432c-a097-916945c2ee0c:192.168.5.156:39045] with ContainerStateMachine:uninitialized
2019-09-17 21:33:07,929 [pool-47-thread-1] INFO  server.RaftServerConfigKeys (ConfUtils.java:logGet(43)) - raft.server.rpc.timeout.min = 5s (custom)
2019-09-17 21:33:07,929 [pool-47-thread-1] INFO  server.RaftServerConfigKeys (ConfUtils.java:logGet(43)) - raft.server.rpc.timeout.max = 5200ms (custom)
2019-09-17 21:33:07,929 [pool-47-thread-1] INFO  server.RaftServerConfigKeys (ConfUtils.java:logGet(43)) - raft.server.rpcslowness.timeout = 1000s (custom)
2019-09-17 21:33:07,929 [pool-47-thread-1] INFO  server.RaftServerConfigKeys (ConfUtils.java:logGet(43)) - raft.server.sleep.deviation.threshold = 300 (default)
2019-09-17 21:33:07,930 [pool-47-thread-1] INFO  server.RaftServerConfigKeys (ConfUtils.java:logGet(43)) - raft.server.log.appender.install.snapshot.enabled = false (custom)
2019-09-17 21:33:07,930 [pool-27-thread-1] INFO  impl.RaftServerImpl (RaftServerImpl.java:<init>(95)) - a460ff93-c08d-4282-b7cc-50bb3dafcd54: new RaftServerImpl for group-A60003AD97CE:[f1b5fe2b-c693-47e4-a0f2-89b9d52b016f:192.168.5.156:34164, a460ff93-c08d-4282-b7cc-50bb3dafcd54:192.168.5.156:42843, 189ac363-eed6-432c-a097-916945c2ee0c:192.168.5.156:39045] with ContainerStateMachine:uninitialized
2019-09-17 21:33:07,930 [pool-47-thread-1] INFO  impl.RaftServerImpl (ServerState.java:<init>(103)) - f1b5fe2b-c693-47e4-a0f2-89b9d52b016f@group-A60003AD97CE: ConfigurationManager, init=-1: [f1b5fe2b-c693-47e4-a0f2-89b9d52b016f:192.168.5.156:34164, a460ff93-c08d-4282-b7cc-50bb3dafcd54:192.168.5.156:42843, 189ac363-eed6-432c-a097-916945c2ee0c:192.168.5.156:39045], old=null, confs=<EMPTY_MAP>
2019-09-17 21:33:07,930 [pool-27-thread-1] INFO  server.RaftServerConfigKeys (ConfUtils.java:logGet(43)) - raft.server.rpc.timeout.min = 5s (custom)
2019-09-17 21:33:07,930 [pool-47-thread-1] INFO  server.RaftServerConfigKeys (ConfUtils.java:logGet(43)) - raft.server.storage.dir = [/workdir/hadoop-ozone/integration-test/target/test-dir/MiniOzoneClusterImpl-15065786-c9e2-42e7-bb6c-799e3296fc45/datanode-2/data/ratis] (custom)
2019-09-17 21:33:07,930 [pool-27-thread-1] INFO  server.RaftServerConfigKeys (ConfUtils.java:logGet(43)) - raft.server.rpc.timeout.max = 5200ms (custom)
2019-09-17 21:33:07,931 [pool-27-thread-1] INFO  server.RaftServerConfigKeys (ConfUtils.java:logGet(43)) - raft.server.rpcslowness.timeout = 1000s (custom)
2019-09-17 21:33:07,931 [pool-27-thread-1] INFO  server.RaftServerConfigKeys (ConfUtils.java:logGet(43)) - raft.server.sleep.deviation.threshold = 300 (default)
2019-09-17 21:33:07,931 [pool-47-thread-1] INFO  storage.RaftStorageDirectory (RaftStorageDirectory.java:analyzeStorage(246)) - The storage directory /workdir/hadoop-ozone/integration-test/target/test-dir/MiniOzoneClusterImpl-15065786-c9e2-42e7-bb6c-799e3296fc45/datanode-2/data/ratis/a5fc6b75-2be3-45e3-a5a5-a60003ad97ce does not exist. Creating ...
2019-09-17 21:33:07,931 [pool-37-thread-1] INFO  impl.RaftServerImpl (RaftServerImpl.java:<init>(95)) - 189ac363-eed6-432c-a097-916945c2ee0c: new RaftServerImpl for group-A60003AD97CE:[f1b5fe2b-c693-47e4-a0f2-89b9d52b016f:192.168.5.156:34164, a460ff93-c08d-4282-b7cc-50bb3dafcd54:192.168.5.156:42843, 189ac363-eed6-432c-a097-916945c2ee0c:192.168.5.156:39045] with ContainerStateMachine:uninitialized
2019-09-17 21:33:07,931 [pool-27-thread-1] INFO  server.RaftServerConfigKeys (ConfUtils.java:logGet(43)) - raft.server.log.appender.install.snapshot.enabled = false (custom)
2019-09-17 21:33:07,932 [pool-37-thread-1] INFO  server.RaftServerConfigKeys (ConfUtils.java:logGet(43)) - raft.server.rpc.timeout.min = 5s (custom)
2019-09-17 21:33:07,932 [pool-27-thread-1] INFO  impl.RaftServerImpl (ServerState.java:<init>(103)) - a460ff93-c08d-4282-b7cc-50bb3dafcd54@group-A60003AD97CE: ConfigurationManager, init=-1: [f1b5fe2b-c693-47e4-a0f2-89b9d52b016f:192.168.5.156:34164, a460ff93-c08d-4282-b7cc-50bb3dafcd54:192.168.5.156:42843, 189ac363-eed6-432c-a097-916945c2ee0c:192.168.5.156:39045], old=null, confs=<EMPTY_MAP>
2019-09-17 21:33:07,932 [pool-37-thread-1] INFO  server.RaftServerConfigKeys (ConfUtils.java:logGet(43)) - raft.server.rpc.timeout.max = 5200ms (custom)
2019-09-17 21:33:07,932 [pool-27-thread-1] INFO  server.RaftServerConfigKeys (ConfUtils.java:logGet(43)) - raft.server.storage.dir = [/workdir/hadoop-ozone/integration-test/target/test-dir/MiniOzoneClusterImpl-15065786-c9e2-42e7-bb6c-799e3296fc45/datanode-0/data/ratis] (custom)
2019-09-17 21:33:07,932 [pool-37-thread-1] INFO  server.RaftServerConfigKeys (ConfUtils.java:logGet(43)) - raft.server.rpcslowness.timeout = 1000s (custom)
2019-09-17 21:33:07,933 [pool-37-thread-1] INFO  server.RaftServerConfigKeys (ConfUtils.java:logGet(43)) - raft.server.sleep.deviation.threshold = 300 (default)
2019-09-17 21:33:07,933 [pool-27-thread-1] INFO  storage.RaftStorageDirectory (RaftStorageDirectory.java:analyzeStorage(246)) - The storage directory /workdir/hadoop-ozone/integration-test/target/test-dir/MiniOzoneClusterImpl-15065786-c9e2-42e7-bb6c-799e3296fc45/datanode-0/data/ratis/a5fc6b75-2be3-45e3-a5a5-a60003ad97ce does not exist. Creating ...
2019-09-17 21:33:07,933 [pool-37-thread-1] INFO  server.RaftServerConfigKeys (ConfUtils.java:logGet(43)) - raft.server.log.appender.install.snapshot.enabled = false (custom)
2019-09-17 21:33:07,933 [pool-37-thread-1] INFO  impl.RaftServerImpl (ServerState.java:<init>(103)) - 189ac363-eed6-432c-a097-916945c2ee0c@group-A60003AD97CE: ConfigurationManager, init=-1: [f1b5fe2b-c693-47e4-a0f2-89b9d52b016f:192.168.5.156:34164, a460ff93-c08d-4282-b7cc-50bb3dafcd54:192.168.5.156:42843, 189ac363-eed6-432c-a097-916945c2ee0c:192.168.5.156:39045], old=null, confs=<EMPTY_MAP>
2019-09-17 21:33:07,934 [pool-37-thread-1] INFO  server.RaftServerConfigKeys (ConfUtils.java:logGet(43)) - raft.server.storage.dir = [/workdir/hadoop-ozone/integration-test/target/test-dir/MiniOzoneClusterImpl-15065786-c9e2-42e7-bb6c-799e3296fc45/datanode-1/data/ratis] (custom)
2019-09-17 21:33:07,934 [pool-37-thread-1] INFO  storage.RaftStorageDirectory (RaftStorageDirectory.java:analyzeStorage(246)) - The storage directory /workdir/hadoop-ozone/integration-test/target/test-dir/MiniOzoneClusterImpl-15065786-c9e2-42e7-bb6c-799e3296fc45/datanode-1/data/ratis/a5fc6b75-2be3-45e3-a5a5-a60003ad97ce does not exist. Creating ...
2019-09-17 21:33:07,950 [pool-47-thread-1] INFO  storage.RaftStorageDirectory (RaftStorageDirectory.java:tryLock(328)) - Lock on /workdir/hadoop-ozone/integration-test/target/test-dir/MiniOzoneClusterImpl-15065786-c9e2-42e7-bb6c-799e3296fc45/datanode-2/data/ratis/a5fc6b75-2be3-45e3-a5a5-a60003ad97ce/in_use.lock acquired by nodename 30960@pr-hdds-2121-pbfts-3191465506
2019-09-17 21:33:07,950 [pool-27-thread-1] INFO  storage.RaftStorageDirectory (RaftStorageDirectory.java:tryLock(328)) - Lock on /workdir/hadoop-ozone/integration-test/target/test-dir/MiniOzoneClusterImpl-15065786-c9e2-42e7-bb6c-799e3296fc45/datanode-0/data/ratis/a5fc6b75-2be3-45e3-a5a5-a60003ad97ce/in_use.lock acquired by nodename 30960@pr-hdds-2121-pbfts-3191465506
2019-09-17 21:33:07,967 [pool-37-thread-1] INFO  storage.RaftStorageDirectory (RaftStorageDirectory.java:tryLock(328)) - Lock on /workdir/hadoop-ozone/integration-test/target/test-dir/MiniOzoneClusterImpl-15065786-c9e2-42e7-bb6c-799e3296fc45/datanode-1/data/ratis/a5fc6b75-2be3-45e3-a5a5-a60003ad97ce/in_use.lock acquired by nodename 30960@pr-hdds-2121-pbfts-3191465506
2019-09-17 21:33:07,967 [pool-47-thread-1] INFO  storage.RaftStorage (RaftStorage.java:format(72)) - Storage directory /workdir/hadoop-ozone/integration-test/target/test-dir/MiniOzoneClusterImpl-15065786-c9e2-42e7-bb6c-799e3296fc45/datanode-2/data/ratis/a5fc6b75-2be3-45e3-a5a5-a60003ad97ce has been successfully formatted.
2019-09-17 21:33:07,967 [pool-27-thread-1] INFO  storage.RaftStorage (RaftStorage.java:format(72)) - Storage directory /workdir/hadoop-ozone/integration-test/target/test-dir/MiniOzoneClusterImpl-15065786-c9e2-42e7-bb6c-799e3296fc45/datanode-0/data/ratis/a5fc6b75-2be3-45e3-a5a5-a60003ad97ce has been successfully formatted.
2019-09-17 21:33:07,968 [pool-47-thread-1] INFO  ratis.ContainerStateMachine (ContainerStateMachine.java:loadSnapshot(230)) - group-A60003AD97CE: The snapshot info is null. Setting the last applied indexto:(t:0, i:~)
2019-09-17 21:33:07,968 [pool-27-thread-1] INFO  ratis.ContainerStateMachine (ContainerStateMachine.java:loadSnapshot(230)) - group-A60003AD97CE: The snapshot info is null. Setting the last applied indexto:(t:0, i:~)
2019-09-17 21:33:07,968 [pool-47-thread-1] INFO  server.RaftServerConfigKeys (ConfUtils.java:logGet(43)) - raft.server.notification.no-leader.timeout = 1000s (custom)
2019-09-17 21:33:07,968 [pool-27-thread-1] INFO  server.RaftServerConfigKeys (ConfUtils.java:logGet(43)) - raft.server.notification.no-leader.timeout = 1000s (custom)
2019-09-17 21:33:07,969 [pool-47-thread-1] INFO  server.RaftServerConfigKeys (ConfUtils.java:logGet(43)) - raft.server.log.use.memory = false (default)
2019-09-17 21:33:07,969 [pool-27-thread-1] INFO  server.RaftServerConfigKeys (ConfUtils.java:logGet(43)) - raft.server.log.use.memory = false (default)
2019-09-17 21:33:07,969 [pool-47-thread-1] INFO  server.RaftServerConfigKeys (ConfUtils.java:logGet(43)) - raft.server.log.purge.gap = 1000000 (custom)
2019-09-17 21:33:07,969 [pool-27-thread-1] INFO  server.RaftServerConfigKeys (ConfUtils.java:logGet(43)) - raft.server.log.purge.gap = 1000000 (custom)
2019-09-17 21:33:07,969 [pool-47-thread-1] INFO  server.RaftServerConfigKeys (ConfUtils.java:logGet(43)) - raft.server.log.appender.buffer.byte-limit = 33554432 (custom)
2019-09-17 21:33:07,969 [pool-27-thread-1] INFO  server.RaftServerConfigKeys (ConfUtils.java:logGet(43)) - raft.server.log.appender.buffer.byte-limit = 33554432 (custom)
2019-09-17 21:33:07,970 [pool-47-thread-1] INFO  server.RaftServerConfigKeys (ConfUtils.java:logGet(43)) - raft.server.log.segment.size.max = 1048576 (custom)
2019-09-17 21:33:07,970 [pool-27-thread-1] INFO  server.RaftServerConfigKeys (ConfUtils.java:logGet(43)) - raft.server.log.segment.size.max = 1048576 (custom)
2019-09-17 21:33:07,970 [pool-47-thread-1] INFO  server.RaftServerConfigKeys (ConfUtils.java:logGet(43)) - raft.server.log.segment.cache.num.max = 2 (custom)
2019-09-17 21:33:07,970 [pool-27-thread-1] INFO  server.RaftServerConfigKeys (ConfUtils.java:logGet(43)) - raft.server.log.segment.cache.num.max = 2 (custom)
2019-09-17 21:33:07,970 [pool-47-thread-1] INFO  segmented.SegmentedRaftLogWorker (SegmentedRaftLogWorker.java:<init>(172)) - new f1b5fe2b-c693-47e4-a0f2-89b9d52b016f@group-A60003AD97CE-SegmentedRaftLogWorker for RaftStorage:Storage Directory /workdir/hadoop-ozone/integration-test/target/test-dir/MiniOzoneClusterImpl-15065786-c9e2-42e7-bb6c-799e3296fc45/datanode-2/data/ratis/a5fc6b75-2be3-45e3-a5a5-a60003ad97ce
2019-09-17 21:33:07,970 [pool-27-thread-1] INFO  segmented.SegmentedRaftLogWorker (SegmentedRaftLogWorker.java:<init>(172)) - new a460ff93-c08d-4282-b7cc-50bb3dafcd54@group-A60003AD97CE-SegmentedRaftLogWorker for RaftStorage:Storage Directory /workdir/hadoop-ozone/integration-test/target/test-dir/MiniOzoneClusterImpl-15065786-c9e2-42e7-bb6c-799e3296fc45/datanode-0/data/ratis/a5fc6b75-2be3-45e3-a5a5-a60003ad97ce
2019-09-17 21:33:07,971 [pool-47-thread-1] INFO  server.RaftServerConfigKeys (ConfUtils.java:logGet(43)) - raft.server.log.queue.byte-limit = 2147483647 (custom)
2019-09-17 21:33:07,971 [pool-27-thread-1] INFO  server.RaftServerConfigKeys (ConfUtils.java:logGet(43)) - raft.server.log.queue.byte-limit = 2147483647 (custom)
2019-09-17 21:33:07,971 [pool-47-thread-1] INFO  server.RaftServerConfigKeys (ConfUtils.java:logGet(43)) - raft.server.log.queue.element-limit = 1024 (custom)
2019-09-17 21:33:07,971 [pool-27-thread-1] INFO  server.RaftServerConfigKeys (ConfUtils.java:logGet(43)) - raft.server.log.queue.element-limit = 1024 (custom)
2019-09-17 21:33:07,971 [pool-47-thread-1] INFO  server.RaftServerConfigKeys (ConfUtils.java:logGet(43)) - raft.server.log.segment.size.max = 1048576 (custom)
2019-09-17 21:33:07,971 [pool-27-thread-1] INFO  server.RaftServerConfigKeys (ConfUtils.java:logGet(43)) - raft.server.log.segment.size.max = 1048576 (custom)
2019-09-17 21:33:07,971 [pool-47-thread-1] INFO  server.RaftServerConfigKeys (ConfUtils.java:logGet(43)) - raft.server.log.preallocated.size = 16384 (custom)
2019-09-17 21:33:07,972 [pool-27-thread-1] INFO  server.RaftServerConfigKeys (ConfUtils.java:logGet(43)) - raft.server.log.preallocated.size = 16384 (custom)
2019-09-17 21:33:07,972 [pool-47-thread-1] INFO  server.RaftServerConfigKeys (ConfUtils.java:logGet(43)) - raft.server.log.write.buffer.size = 33554432 (custom)
2019-09-17 21:33:07,972 [pool-27-thread-1] INFO  server.RaftServerConfigKeys (ConfUtils.java:logGet(43)) - raft.server.log.write.buffer.size = 33554432 (custom)
2019-09-17 21:33:07,972 [pool-47-thread-1] INFO  server.RaftServerConfigKeys (ConfUtils.java:logGet(43)) - raft.server.log.force.sync.num = 128 (default)
2019-09-17 21:33:07,972 [pool-27-thread-1] INFO  server.RaftServerConfigKeys (ConfUtils.java:logGet(43)) - raft.server.log.force.sync.num = 128 (default)
2019-09-17 21:33:07,973 [pool-47-thread-1] INFO  server.RaftServerConfigKeys (ConfUtils.java:logGet(43)) - raft.server.log.statemachine.data.sync = true (default)
2019-09-17 21:33:07,973 [pool-27-thread-1] INFO  server.RaftServerConfigKeys (ConfUtils.java:logGet(43)) - raft.server.log.statemachine.data.sync = true (default)
2019-09-17 21:33:07,973 [pool-47-thread-1] INFO  server.RaftServerConfigKeys (ConfUtils.java:logGet(43)) - raft.server.log.statemachine.data.sync.timeout = 10s (default)
2019-09-17 21:33:07,973 [pool-27-thread-1] INFO  server.RaftServerConfigKeys (ConfUtils.java:logGet(43)) - raft.server.log.statemachine.data.sync.timeout = 10s (default)
2019-09-17 21:33:07,973 [pool-47-thread-1] INFO  server.RaftServerConfigKeys (ConfUtils.java:logGet(43)) - raft.server.log.statemachine.data.sync.timeout.retry = -1 (default)
2019-09-17 21:33:07,974 [pool-27-thread-1] INFO  server.RaftServerConfigKeys (ConfUtils.java:logGet(43)) - raft.server.log.statemachine.data.sync.timeout.retry = -1 (default)
2019-09-17 21:33:07,974 [pool-47-thread-1] INFO  server.RaftServerConfigKeys (ConfUtils.java:logGet(43)) - raft.server.log.statemachine.data.caching.enabled = true (custom)
2019-09-17 21:33:07,974 [pool-27-thread-1] INFO  server.RaftServerConfigKeys (ConfUtils.java:logGet(43)) - raft.server.log.statemachine.data.caching.enabled = true (custom)
2019-09-17 21:33:07,974 [pool-47-thread-1] INFO  segmented.SegmentedRaftLogWorker (SegmentedRaftLogWorker.java:lambda$new$0(132)) - f1b5fe2b-c693-47e4-a0f2-89b9d52b016f@group-A60003AD97CE-SegmentedRaftLogWorker: flushIndex: setUnconditionally 0 -> -1
2019-09-17 21:33:07,974 [pool-27-thread-1] INFO  segmented.SegmentedRaftLogWorker (SegmentedRaftLogWorker.java:lambda$new$0(132)) - a460ff93-c08d-4282-b7cc-50bb3dafcd54@group-A60003AD97CE-SegmentedRaftLogWorker: flushIndex: setUnconditionally 0 -> -1
2019-09-17 21:33:07,975 [pool-47-thread-1] INFO  server.RaftServerConfigKeys (ConfUtils.java:logGet(43)) - raft.server.snapshot.auto.trigger.enabled = true (custom)
2019-09-17 21:33:07,975 [pool-27-thread-1] INFO  server.RaftServerConfigKeys (ConfUtils.java:logGet(43)) - raft.server.snapshot.auto.trigger.enabled = true (custom)
2019-09-17 21:33:07,975 [pool-47-thread-1] INFO  server.RaftServerConfigKeys (ConfUtils.java:logGet(43)) - raft.server.snapshot.auto.trigger.threshold = 10000 (custom)
2019-09-17 21:33:07,975 [pool-27-thread-1] INFO  server.RaftServerConfigKeys (ConfUtils.java:logGet(43)) - raft.server.snapshot.auto.trigger.threshold = 10000 (custom)
2019-09-17 21:33:07,975 [pool-47-thread-1] INFO  server.RaftServerConfigKeys (ConfUtils.java:logGet(43)) - raft.server.snapshot.retention.num.files = 5 (custom)
2019-09-17 21:33:07,975 [pool-27-thread-1] INFO  server.RaftServerConfigKeys (ConfUtils.java:logGet(43)) - raft.server.snapshot.retention.num.files = 5 (custom)
2019-09-17 21:33:07,976 [pool-47-thread-1] INFO  server.RaftServerConfigKeys (ConfUtils.java:logGet(43)) - raft.server.retrycache.expirytime = 600000ms (custom)
2019-09-17 21:33:07,976 [pool-27-thread-1] INFO  server.RaftServerConfigKeys (ConfUtils.java:logGet(43)) - raft.server.retrycache.expirytime = 600000ms (custom)
2019-09-17 21:33:07,981 [pool-47-thread-1] INFO  impl.RaftServerImpl (RaftServerImpl.java:start(185)) - f1b5fe2b-c693-47e4-a0f2-89b9d52b016f@group-A60003AD97CE: start as a follower, conf=-1: [f1b5fe2b-c693-47e4-a0f2-89b9d52b016f:192.168.5.156:34164, a460ff93-c08d-4282-b7cc-50bb3dafcd54:192.168.5.156:42843, 189ac363-eed6-432c-a097-916945c2ee0c:192.168.5.156:39045], old=null
2019-09-17 21:33:07,981 [pool-47-thread-1] INFO  impl.RaftServerImpl (RaftServerImpl.java:setRole(174)) - f1b5fe2b-c693-47e4-a0f2-89b9d52b016f@group-A60003AD97CE: changes role from      null to FOLLOWER at term 0 for startAsFollower
2019-09-17 21:33:07,982 [pool-27-thread-1] INFO  impl.RaftServerImpl (RaftServerImpl.java:start(185)) - a460ff93-c08d-4282-b7cc-50bb3dafcd54@group-A60003AD97CE: start as a follower, conf=-1: [f1b5fe2b-c693-47e4-a0f2-89b9d52b016f:192.168.5.156:34164, a460ff93-c08d-4282-b7cc-50bb3dafcd54:192.168.5.156:42843, 189ac363-eed6-432c-a097-916945c2ee0c:192.168.5.156:39045], old=null
2019-09-17 21:33:07,982 [pool-47-thread-1] INFO  impl.RoleInfo (RoleInfo.java:updateAndGet(143)) - f1b5fe2b-c693-47e4-a0f2-89b9d52b016f: start FollowerState
2019-09-17 21:33:07,982 [pool-27-thread-1] INFO  impl.RaftServerImpl (RaftServerImpl.java:setRole(174)) - a460ff93-c08d-4282-b7cc-50bb3dafcd54@group-A60003AD97CE: changes role from      null to FOLLOWER at term 0 for startAsFollower
2019-09-17 21:33:07,982 [pool-27-thread-1] INFO  impl.RoleInfo (RoleInfo.java:updateAndGet(143)) - a460ff93-c08d-4282-b7cc-50bb3dafcd54: start FollowerState
2019-09-17 21:33:07,982 [pool-47-thread-1] INFO  util.JmxRegister (JmxRegister.java:tryRegister(44)) - Successfully registered JMX Bean with object name Ratis:service=RaftServer,group=group-A60003AD97CE,id=f1b5fe2b-c693-47e4-a0f2-89b9d52b016f
2019-09-17 21:33:07,983 [pool-27-thread-1] INFO  util.JmxRegister (JmxRegister.java:tryRegister(44)) - Successfully registered JMX Bean with object name Ratis:service=RaftServer,group=group-A60003AD97CE,id=a460ff93-c08d-4282-b7cc-50bb3dafcd54
2019-09-17 21:33:07,993 [pool-37-thread-1] INFO  storage.RaftStorage (RaftStorage.java:format(72)) - Storage directory /workdir/hadoop-ozone/integration-test/target/test-dir/MiniOzoneClusterImpl-15065786-c9e2-42e7-bb6c-799e3296fc45/datanode-1/data/ratis/a5fc6b75-2be3-45e3-a5a5-a60003ad97ce has been successfully formatted.
2019-09-17 21:33:07,997 [pool-37-thread-1] INFO  ratis.ContainerStateMachine (ContainerStateMachine.java:loadSnapshot(230)) - group-A60003AD97CE: The snapshot info is null. Setting the last applied indexto:(t:0, i:~)
2019-09-17 21:33:07,997 [pool-37-thread-1] INFO  server.RaftServerConfigKeys (ConfUtils.java:logGet(43)) - raft.server.notification.no-leader.timeout = 1000s (custom)
2019-09-17 21:33:07,998 [pool-37-thread-1] INFO  server.RaftServerConfigKeys (ConfUtils.java:logGet(43)) - raft.server.log.use.memory = false (default)
2019-09-17 21:33:07,998 [pool-37-thread-1] INFO  server.RaftServerConfigKeys (ConfUtils.java:logGet(43)) - raft.server.log.purge.gap = 1000000 (custom)
2019-09-17 21:33:07,998 [pool-37-thread-1] INFO  server.RaftServerConfigKeys (ConfUtils.java:logGet(43)) - raft.server.log.appender.buffer.byte-limit = 33554432 (custom)
2019-09-17 21:33:08,000 [pool-37-thread-1] INFO  server.RaftServerConfigKeys (ConfUtils.java:logGet(43)) - raft.server.log.segment.size.max = 1048576 (custom)
2019-09-17 21:33:08,000 [pool-37-thread-1] INFO  server.RaftServerConfigKeys (ConfUtils.java:logGet(43)) - raft.server.log.segment.cache.num.max = 2 (custom)
2019-09-17 21:33:08,001 [pool-37-thread-1] INFO  segmented.SegmentedRaftLogWorker (SegmentedRaftLogWorker.java:<init>(172)) - new 189ac363-eed6-432c-a097-916945c2ee0c@group-A60003AD97CE-SegmentedRaftLogWorker for RaftStorage:Storage Directory /workdir/hadoop-ozone/integration-test/target/test-dir/MiniOzoneClusterImpl-15065786-c9e2-42e7-bb6c-799e3296fc45/datanode-1/data/ratis/a5fc6b75-2be3-45e3-a5a5-a60003ad97ce
2019-09-17 21:33:08,001 [pool-37-thread-1] INFO  server.RaftServerConfigKeys (ConfUtils.java:logGet(43)) - raft.server.log.queue.byte-limit = 2147483647 (custom)
2019-09-17 21:33:08,001 [pool-37-thread-1] INFO  server.RaftServerConfigKeys (ConfUtils.java:logGet(43)) - raft.server.log.queue.element-limit = 1024 (custom)
2019-09-17 21:33:08,001 [pool-37-thread-1] INFO  server.RaftServerConfigKeys (ConfUtils.java:logGet(43)) - raft.server.log.segment.size.max = 1048576 (custom)
2019-09-17 21:33:08,001 [pool-37-thread-1] INFO  server.RaftServerConfigKeys (ConfUtils.java:logGet(43)) - raft.server.log.preallocated.size = 16384 (custom)
2019-09-17 21:33:08,002 [pool-37-thread-1] INFO  server.RaftServerConfigKeys (ConfUtils.java:logGet(43)) - raft.server.log.write.buffer.size = 33554432 (custom)
2019-09-17 21:33:08,002 [pool-37-thread-1] INFO  server.RaftServerConfigKeys (ConfUtils.java:logGet(43)) - raft.server.log.force.sync.num = 128 (default)
2019-09-17 21:33:08,002 [pool-37-thread-1] INFO  server.RaftServerConfigKeys (ConfUtils.java:logGet(43)) - raft.server.log.statemachine.data.sync = true (default)
2019-09-17 21:33:08,002 [pool-37-thread-1] INFO  server.RaftServerConfigKeys (ConfUtils.java:logGet(43)) - raft.server.log.statemachine.data.sync.timeout = 10s (default)
2019-09-17 21:33:08,002 [pool-37-thread-1] INFO  server.RaftServerConfigKeys (ConfUtils.java:logGet(43)) - raft.server.log.statemachine.data.sync.timeout.retry = -1 (default)
2019-09-17 21:33:08,003 [pool-37-thread-1] INFO  server.RaftServerConfigKeys (ConfUtils.java:logGet(43)) - raft.server.log.statemachine.data.caching.enabled = true (custom)
2019-09-17 21:33:08,003 [pool-37-thread-1] INFO  segmented.SegmentedRaftLogWorker (SegmentedRaftLogWorker.java:lambda$new$0(132)) - 189ac363-eed6-432c-a097-916945c2ee0c@group-A60003AD97CE-SegmentedRaftLogWorker: flushIndex: setUnconditionally 0 -> -1
2019-09-17 21:33:08,003 [pool-37-thread-1] INFO  server.RaftServerConfigKeys (ConfUtils.java:logGet(43)) - raft.server.snapshot.auto.trigger.enabled = true (custom)
2019-09-17 21:33:08,004 [pool-37-thread-1] INFO  server.RaftServerConfigKeys (ConfUtils.java:logGet(43)) - raft.server.snapshot.auto.trigger.threshold = 10000 (custom)
2019-09-17 21:33:08,004 [pool-37-thread-1] INFO  server.RaftServerConfigKeys (ConfUtils.java:logGet(43)) - raft.server.snapshot.retention.num.files = 5 (custom)
2019-09-17 21:33:08,004 [pool-37-thread-1] INFO  server.RaftServerConfigKeys (ConfUtils.java:logGet(43)) - raft.server.retrycache.expirytime = 600000ms (custom)
2019-09-17 21:33:08,008 [pool-37-thread-1] INFO  impl.RaftServerImpl (RaftServerImpl.java:start(185)) - 189ac363-eed6-432c-a097-916945c2ee0c@group-A60003AD97CE: start as a follower, conf=-1: [f1b5fe2b-c693-47e4-a0f2-89b9d52b016f:192.168.5.156:34164, a460ff93-c08d-4282-b7cc-50bb3dafcd54:192.168.5.156:42843, 189ac363-eed6-432c-a097-916945c2ee0c:192.168.5.156:39045], old=null
2019-09-17 21:33:08,009 [pool-37-thread-1] INFO  impl.RaftServerImpl (RaftServerImpl.java:setRole(174)) - 189ac363-eed6-432c-a097-916945c2ee0c@group-A60003AD97CE: changes role from      null to FOLLOWER at term 0 for startAsFollower
2019-09-17 21:33:08,009 [pool-37-thread-1] INFO  impl.RoleInfo (RoleInfo.java:updateAndGet(143)) - 189ac363-eed6-432c-a097-916945c2ee0c: start FollowerState
2019-09-17 21:33:08,009 [pool-37-thread-1] INFO  util.JmxRegister (JmxRegister.java:tryRegister(44)) - Successfully registered JMX Bean with object name Ratis:service=RaftServer,group=group-A60003AD97CE,id=189ac363-eed6-432c-a097-916945c2ee0c
2019-09-17 21:33:08,020 [RatisPipelineUtilsThread] INFO  pipeline.PipelineStateManager (PipelineStateManager.java:addPipeline(56)) - Created pipeline Pipeline[ Id: a5fc6b75-2be3-45e3-a5a5-a60003ad97ce, Nodes: a460ff93-c08d-4282-b7cc-50bb3dafcd54{ip: 192.168.5.156, host: pr-hdds-2121-pbfts-3191465506, networkLocation: /default-rack, certSerialId: null}189ac363-eed6-432c-a097-916945c2ee0c{ip: 192.168.5.156, host: pr-hdds-2121-pbfts-3191465506, networkLocation: /default-rack, certSerialId: null}f1b5fe2b-c693-47e4-a0f2-89b9d52b016f{ip: 192.168.5.156, host: pr-hdds-2121-pbfts-3191465506, networkLocation: /default-rack, certSerialId: null}, Type:RATIS, Factor:THREE, State:OPEN]
2019-09-17 21:33:08,414 [main] INFO  rpc.RpcClient (RpcClient.java:createVolume(302)) - Creating Volume: testcontainerstatemachinefailures, with jenkins1000 as owner.
2019-09-17 21:33:08,539 [IPC Server handler 4 on 39720] INFO  volume.OMVolumeCreateRequest (OMVolumeCreateRequest.java:validateAndUpdateCache(189)) - created volume:testcontainerstatemachinefailures for user:jenkins1000
2019-09-17 21:33:08,577 [main] INFO  rpc.RpcClient (RpcClient.java:createBucket(441)) - Creating Bucket: testcontainerstatemachinefailures/testcontainerstatemachinefailures, with Versioning false and Storage Type set to DISK and Encryption set to false 
2019-09-17 21:33:09,023 [EventQueue-StaleNodeForStaleNodeHandler] INFO  node.StaleNodeHandler (StaleNodeHandler.java:onMessage(58)) - Datanode f1b5fe2b-c693-47e4-a0f2-89b9d52b016f{ip: 192.168.5.156, host: pr-hdds-2121-pbfts-3191465506, networkLocation: /default-rack, certSerialId: null} moved to stale state. Finalizing its pipelines [PipelineID=b98b334b-ea3e-4efa-9bc2-572afb98cc79, PipelineID=a5fc6b75-2be3-45e3-a5a5-a60003ad97ce]
2019-09-17 21:33:09,028 [EventQueue-StaleNodeForStaleNodeHandler] INFO  pipeline.SCMPipelineManager (SCMPipelineManager.java:finalizeAndDestroyPipeline(311)) - destroying pipeline:Pipeline[ Id: b98b334b-ea3e-4efa-9bc2-572afb98cc79, Nodes: f1b5fe2b-c693-47e4-a0f2-89b9d52b016f{ip: 192.168.5.156, host: pr-hdds-2121-pbfts-3191465506, networkLocation: /default-rack, certSerialId: null}, Type:RATIS, Factor:ONE, State:OPEN]
2019-09-17 21:33:09,036 [EventQueue-StaleNodeForStaleNodeHandler] INFO  pipeline.PipelineStateManager (PipelineStateManager.java:finalizePipeline(123)) - Pipeline Pipeline[ Id: b98b334b-ea3e-4efa-9bc2-572afb98cc79, Nodes: f1b5fe2b-c693-47e4-a0f2-89b9d52b016f{ip: 192.168.5.156, host: pr-hdds-2121-pbfts-3191465506, networkLocation: /default-rack, certSerialId: null}, Type:RATIS, Factor:ONE, State:CLOSED] moved to CLOSED state
2019-09-17 21:33:09,053 [EventQueue-StaleNodeForStaleNodeHandler] INFO  pipeline.SCMPipelineManager (SCMPipelineManager.java:finalizeAndDestroyPipeline(311)) - destroying pipeline:Pipeline[ Id: a5fc6b75-2be3-45e3-a5a5-a60003ad97ce, Nodes: a460ff93-c08d-4282-b7cc-50bb3dafcd54{ip: 192.168.5.156, host: pr-hdds-2121-pbfts-3191465506, networkLocation: /default-rack, certSerialId: null}189ac363-eed6-432c-a097-916945c2ee0c{ip: 192.168.5.156, host: pr-hdds-2121-pbfts-3191465506, networkLocation: /default-rack, certSerialId: null}f1b5fe2b-c693-47e4-a0f2-89b9d52b016f{ip: 192.168.5.156, host: pr-hdds-2121-pbfts-3191465506, networkLocation: /default-rack, certSerialId: null}, Type:RATIS, Factor:THREE, State:OPEN]
2019-09-17 21:33:09,053 [EventQueue-StaleNodeForStaleNodeHandler] INFO  pipeline.PipelineStateManager (PipelineStateManager.java:finalizePipeline(123)) - Pipeline Pipeline[ Id: a5fc6b75-2be3-45e3-a5a5-a60003ad97ce, Nodes: a460ff93-c08d-4282-b7cc-50bb3dafcd54{ip: 192.168.5.156, host: pr-hdds-2121-pbfts-3191465506, networkLocation: /default-rack, certSerialId: null}189ac363-eed6-432c-a097-916945c2ee0c{ip: 192.168.5.156, host: pr-hdds-2121-pbfts-3191465506, networkLocation: /default-rack, certSerialId: null}f1b5fe2b-c693-47e4-a0f2-89b9d52b016f{ip: 192.168.5.156, host: pr-hdds-2121-pbfts-3191465506, networkLocation: /default-rack, certSerialId: null}, Type:RATIS, Factor:THREE, State:CLOSED] moved to CLOSED state
2019-09-17 21:33:09,058 [EventQueue-CloseContainerForCloseContainerEventHandler] INFO  container.CloseContainerEventHandler (CloseContainerEventHandler.java:onMessage(61)) - Close container Event triggered for container : #1
2019-09-17 21:33:09,060 [EventQueue-StaleNodeForStaleNodeHandler] INFO  node.StaleNodeHandler (StaleNodeHandler.java:onMessage(58)) - Datanode 795a677d-7507-47df-8929-b9685b3882d0{ip: 192.168.5.156, host: pr-hdds-2121-pbfts-3191465506, networkLocation: /default-rack, certSerialId: null} moved to stale state. Finalizing its pipelines [PipelineID=6c932377-ec88-491e-8944-047e3ecb91f6]
2019-09-17 21:33:09,064 [EventQueue-StaleNodeForStaleNodeHandler] INFO  pipeline.SCMPipelineManager (SCMPipelineManager.java:finalizeAndDestroyPipeline(311)) - destroying pipeline:Pipeline[ Id: 6c932377-ec88-491e-8944-047e3ecb91f6, Nodes: 795a677d-7507-47df-8929-b9685b3882d0{ip: 192.168.5.156, host: pr-hdds-2121-pbfts-3191465506, networkLocation: /default-rack, certSerialId: null}, Type:RATIS, Factor:ONE, State:OPEN]
2019-09-17 21:33:09,065 [EventQueue-StaleNodeForStaleNodeHandler] INFO  pipeline.PipelineStateManager (PipelineStateManager.java:finalizePipeline(123)) - Pipeline Pipeline[ Id: 6c932377-ec88-491e-8944-047e3ecb91f6, Nodes: 795a677d-7507-47df-8929-b9685b3882d0{ip: 192.168.5.156, host: pr-hdds-2121-pbfts-3191465506, networkLocation: /default-rack, certSerialId: null}, Type:RATIS, Factor:ONE, State:CLOSED] moved to CLOSED state
2019-09-17 21:33:09,180 [grpc-default-executor-2] INFO  impl.RaftServerProxy (RaftServerProxy.java:addNew(89)) - f1b5fe2b-c693-47e4-a0f2-89b9d52b016f: addNew group-94692DBF38BF:[f1b5fe2b-c693-47e4-a0f2-89b9d52b016f:192.168.5.156:34164] returns group-94692DBF38BF:java.util.concurrent.CompletableFuture@8b4e5f4[Not completed]
2019-09-17 21:33:09,182 [pool-47-thread-1] INFO  impl.RaftServerImpl (RaftServerImpl.java:<init>(95)) - f1b5fe2b-c693-47e4-a0f2-89b9d52b016f: new RaftServerImpl for group-94692DBF38BF:[f1b5fe2b-c693-47e4-a0f2-89b9d52b016f:192.168.5.156:34164] with ContainerStateMachine:uninitialized
2019-09-17 21:33:09,183 [pool-47-thread-1] INFO  server.RaftServerConfigKeys (ConfUtils.java:logGet(43)) - raft.server.rpc.timeout.min = 5s (custom)
2019-09-17 21:33:09,183 [pool-47-thread-1] INFO  server.RaftServerConfigKeys (ConfUtils.java:logGet(43)) - raft.server.rpc.timeout.max = 5200ms (custom)
2019-09-17 21:33:09,183 [pool-47-thread-1] INFO  server.RaftServerConfigKeys (ConfUtils.java:logGet(43)) - raft.server.rpcslowness.timeout = 1000s (custom)
2019-09-17 21:33:09,183 [pool-47-thread-1] INFO  server.RaftServerConfigKeys (ConfUtils.java:logGet(43)) - raft.server.sleep.deviation.threshold = 300 (default)
2019-09-17 21:33:09,183 [pool-47-thread-1] INFO  server.RaftServerConfigKeys (ConfUtils.java:logGet(43)) - raft.server.log.appender.install.snapshot.enabled = false (custom)
2019-09-17 21:33:09,183 [pool-47-thread-1] INFO  impl.RaftServerImpl (ServerState.java:<init>(103)) - f1b5fe2b-c693-47e4-a0f2-89b9d52b016f@group-94692DBF38BF: ConfigurationManager, init=-1: [f1b5fe2b-c693-47e4-a0f2-89b9d52b016f:192.168.5.156:34164], old=null, confs=<EMPTY_MAP>
2019-09-17 21:33:09,184 [pool-47-thread-1] INFO  server.RaftServerConfigKeys (ConfUtils.java:logGet(43)) - raft.server.storage.dir = [/workdir/hadoop-ozone/integration-test/target/test-dir/MiniOzoneClusterImpl-15065786-c9e2-42e7-bb6c-799e3296fc45/datanode-2/data/ratis] (custom)
2019-09-17 21:33:09,184 [pool-47-thread-1] INFO  storage.RaftStorageDirectory (RaftStorageDirectory.java:analyzeStorage(246)) - The storage directory /workdir/hadoop-ozone/integration-test/target/test-dir/MiniOzoneClusterImpl-15065786-c9e2-42e7-bb6c-799e3296fc45/datanode-2/data/ratis/e9edef68-fd71-4594-8b22-94692dbf38bf does not exist. Creating ...
2019-09-17 21:33:09,213 [main] INFO  impl.MetricsSystemImpl (MetricsSystemImpl.java:init(158)) - XceiverClientMetrics metrics system started (again)
2019-09-17 21:33:09,227 [pool-47-thread-1] INFO  storage.RaftStorageDirectory (RaftStorageDirectory.java:tryLock(328)) - Lock on /workdir/hadoop-ozone/integration-test/target/test-dir/MiniOzoneClusterImpl-15065786-c9e2-42e7-bb6c-799e3296fc45/datanode-2/data/ratis/e9edef68-fd71-4594-8b22-94692dbf38bf/in_use.lock acquired by nodename 30960@pr-hdds-2121-pbfts-3191465506
2019-09-17 21:33:09,252 [pool-47-thread-1] INFO  storage.RaftStorage (RaftStorage.java:format(72)) - Storage directory /workdir/hadoop-ozone/integration-test/target/test-dir/MiniOzoneClusterImpl-15065786-c9e2-42e7-bb6c-799e3296fc45/datanode-2/data/ratis/e9edef68-fd71-4594-8b22-94692dbf38bf has been successfully formatted.
2019-09-17 21:33:09,253 [pool-47-thread-1] INFO  ratis.ContainerStateMachine (ContainerStateMachine.java:loadSnapshot(230)) - group-94692DBF38BF: The snapshot info is null. Setting the last applied indexto:(t:0, i:~)
2019-09-17 21:33:09,253 [pool-47-thread-1] INFO  server.RaftServerConfigKeys (ConfUtils.java:logGet(43)) - raft.server.notification.no-leader.timeout = 1000s (custom)
2019-09-17 21:33:09,253 [pool-47-thread-1] INFO  server.RaftServerConfigKeys (ConfUtils.java:logGet(43)) - raft.server.log.use.memory = false (default)
2019-09-17 21:33:09,253 [pool-47-thread-1] INFO  server.RaftServerConfigKeys (ConfUtils.java:logGet(43)) - raft.server.log.purge.gap = 1000000 (custom)
2019-09-17 21:33:09,254 [pool-47-thread-1] INFO  server.RaftServerConfigKeys (ConfUtils.java:logGet(43)) - raft.server.log.appender.buffer.byte-limit = 33554432 (custom)
2019-09-17 21:33:09,254 [pool-47-thread-1] INFO  server.RaftServerConfigKeys (ConfUtils.java:logGet(43)) - raft.server.log.segment.size.max = 1048576 (custom)
2019-09-17 21:33:09,254 [pool-47-thread-1] INFO  server.RaftServerConfigKeys (ConfUtils.java:logGet(43)) - raft.server.log.segment.cache.num.max = 2 (custom)
2019-09-17 21:33:09,254 [pool-47-thread-1] INFO  segmented.SegmentedRaftLogWorker (SegmentedRaftLogWorker.java:<init>(172)) - new f1b5fe2b-c693-47e4-a0f2-89b9d52b016f@group-94692DBF38BF-SegmentedRaftLogWorker for RaftStorage:Storage Directory /workdir/hadoop-ozone/integration-test/target/test-dir/MiniOzoneClusterImpl-15065786-c9e2-42e7-bb6c-799e3296fc45/datanode-2/data/ratis/e9edef68-fd71-4594-8b22-94692dbf38bf
2019-09-17 21:33:09,254 [pool-47-thread-1] INFO  server.RaftServerConfigKeys (ConfUtils.java:logGet(43)) - raft.server.log.queue.byte-limit = 2147483647 (custom)
2019-09-17 21:33:09,255 [pool-47-thread-1] INFO  server.RaftServerConfigKeys (ConfUtils.java:logGet(43)) - raft.server.log.queue.element-limit = 1024 (custom)
2019-09-17 21:33:09,255 [pool-47-thread-1] INFO  server.RaftServerConfigKeys (ConfUtils.java:logGet(43)) - raft.server.log.segment.size.max = 1048576 (custom)
2019-09-17 21:33:09,255 [pool-47-thread-1] INFO  server.RaftServerConfigKeys (ConfUtils.java:logGet(43)) - raft.server.log.preallocated.size = 16384 (custom)
2019-09-17 21:33:09,255 [pool-47-thread-1] INFO  server.RaftServerConfigKeys (ConfUtils.java:logGet(43)) - raft.server.log.write.buffer.size = 33554432 (custom)
2019-09-17 21:33:09,255 [pool-47-thread-1] INFO  server.RaftServerConfigKeys (ConfUtils.java:logGet(43)) - raft.server.log.force.sync.num = 128 (default)
2019-09-17 21:33:09,256 [pool-47-thread-1] INFO  server.RaftServerConfigKeys (ConfUtils.java:logGet(43)) - raft.server.log.statemachine.data.sync = true (default)
2019-09-17 21:33:09,256 [pool-47-thread-1] INFO  server.RaftServerConfigKeys (ConfUtils.java:logGet(43)) - raft.server.log.statemachine.data.sync.timeout = 10s (default)
2019-09-17 21:33:09,256 [pool-47-thread-1] INFO  server.RaftServerConfigKeys (ConfUtils.java:logGet(43)) - raft.server.log.statemachine.data.sync.timeout.retry = -1 (default)
2019-09-17 21:33:09,256 [pool-47-thread-1] INFO  server.RaftServerConfigKeys (ConfUtils.java:logGet(43)) - raft.server.log.statemachine.data.caching.enabled = true (custom)
2019-09-17 21:33:09,257 [pool-47-thread-1] INFO  segmented.SegmentedRaftLogWorker (SegmentedRaftLogWorker.java:lambda$new$0(132)) - f1b5fe2b-c693-47e4-a0f2-89b9d52b016f@group-94692DBF38BF-SegmentedRaftLogWorker: flushIndex: setUnconditionally 0 -> -1
2019-09-17 21:33:09,257 [pool-47-thread-1] INFO  server.RaftServerConfigKeys (ConfUtils.java:logGet(43)) - raft.server.snapshot.auto.trigger.enabled = true (custom)
2019-09-17 21:33:09,258 [pool-47-thread-1] INFO  server.RaftServerConfigKeys (ConfUtils.java:logGet(43)) - raft.server.snapshot.auto.trigger.threshold = 10000 (custom)
2019-09-17 21:33:09,258 [pool-47-thread-1] INFO  server.RaftServerConfigKeys (ConfUtils.java:logGet(43)) - raft.server.snapshot.retention.num.files = 5 (custom)
2019-09-17 21:33:09,258 [pool-47-thread-1] INFO  server.RaftServerConfigKeys (ConfUtils.java:logGet(43)) - raft.server.retrycache.expirytime = 600000ms (custom)
2019-09-17 21:33:09,264 [pool-47-thread-1] INFO  impl.RaftServerImpl (RaftServerImpl.java:start(185)) - f1b5fe2b-c693-47e4-a0f2-89b9d52b016f@group-94692DBF38BF: start as a follower, conf=-1: [f1b5fe2b-c693-47e4-a0f2-89b9d52b016f:192.168.5.156:34164], old=null
2019-09-17 21:33:09,264 [pool-47-thread-1] INFO  impl.RaftServerImpl (RaftServerImpl.java:setRole(174)) - f1b5fe2b-c693-47e4-a0f2-89b9d52b016f@group-94692DBF38BF: changes role from      null to FOLLOWER at term 0 for startAsFollower
2019-09-17 21:33:09,264 [pool-47-thread-1] INFO  impl.RoleInfo (RoleInfo.java:updateAndGet(143)) - f1b5fe2b-c693-47e4-a0f2-89b9d52b016f: start FollowerState
2019-09-17 21:33:09,266 [pool-47-thread-1] INFO  util.JmxRegister (JmxRegister.java:tryRegister(44)) - Successfully registered JMX Bean with object name Ratis:service=RaftServer,group=group-94692DBF38BF,id=f1b5fe2b-c693-47e4-a0f2-89b9d52b016f
2019-09-17 21:33:09,281 [RatisPipelineUtilsThread] INFO  pipeline.PipelineStateManager (PipelineStateManager.java:addPipeline(56)) - Created pipeline Pipeline[ Id: e9edef68-fd71-4594-8b22-94692dbf38bf, Nodes: f1b5fe2b-c693-47e4-a0f2-89b9d52b016f{ip: 192.168.5.156, host: pr-hdds-2121-pbfts-3191465506, networkLocation: /default-rack, certSerialId: null}, Type:RATIS, Factor:ONE, State:OPEN]
2019-09-17 21:33:09,296 [grpc-default-executor-2] INFO  impl.RaftServerProxy (RaftServerProxy.java:addNew(89)) - 795a677d-7507-47df-8929-b9685b3882d0: addNew group-D9E5C3B55E8F:[795a677d-7507-47df-8929-b9685b3882d0:192.168.5.156:40091] returns group-D9E5C3B55E8F:java.util.concurrent.CompletableFuture@59e88306[Not completed]
2019-09-17 21:33:09,300 [pool-57-thread-1] INFO  impl.RaftServerImpl (RaftServerImpl.java:<init>(95)) - 795a677d-7507-47df-8929-b9685b3882d0: new RaftServerImpl for group-D9E5C3B55E8F:[795a677d-7507-47df-8929-b9685b3882d0:192.168.5.156:40091] with ContainerStateMachine:uninitialized
2019-09-17 21:33:09,301 [pool-57-thread-1] INFO  server.RaftServerConfigKeys (ConfUtils.java:logGet(43)) - raft.server.rpc.timeout.min = 5s (custom)
2019-09-17 21:33:09,301 [pool-57-thread-1] INFO  server.RaftServerConfigKeys (ConfUtils.java:logGet(43)) - raft.server.rpc.timeout.max = 5200ms (custom)
2019-09-17 21:33:09,301 [pool-57-thread-1] INFO  server.RaftServerConfigKeys (ConfUtils.java:logGet(43)) - raft.server.rpcslowness.timeout = 1000s (custom)
2019-09-17 21:33:09,301 [pool-57-thread-1] INFO  server.RaftServerConfigKeys (ConfUtils.java:logGet(43)) - raft.server.sleep.deviation.threshold = 300 (default)
2019-09-17 21:33:09,301 [pool-57-thread-1] INFO  server.RaftServerConfigKeys (ConfUtils.java:logGet(43)) - raft.server.log.appender.install.snapshot.enabled = false (custom)
2019-09-17 21:33:09,302 [pool-57-thread-1] INFO  impl.RaftServerImpl (ServerState.java:<init>(103)) - 795a677d-7507-47df-8929-b9685b3882d0@group-D9E5C3B55E8F: ConfigurationManager, init=-1: [795a677d-7507-47df-8929-b9685b3882d0:192.168.5.156:40091], old=null, confs=<EMPTY_MAP>
2019-09-17 21:33:09,302 [pool-57-thread-1] INFO  server.RaftServerConfigKeys (ConfUtils.java:logGet(43)) - raft.server.storage.dir = [/workdir/hadoop-ozone/integration-test/target/test-dir/MiniOzoneClusterImpl-15065786-c9e2-42e7-bb6c-799e3296fc45/datanode-3/data/ratis] (custom)
2019-09-17 21:33:09,303 [pool-57-thread-1] INFO  storage.RaftStorageDirectory (RaftStorageDirectory.java:analyzeStorage(246)) - The storage directory /workdir/hadoop-ozone/integration-test/target/test-dir/MiniOzoneClusterImpl-15065786-c9e2-42e7-bb6c-799e3296fc45/datanode-3/data/ratis/2a1666ee-e0ec-49bc-bc08-d9e5c3b55e8f does not exist. Creating ...
2019-09-17 21:33:09,325 [grpc-default-executor-1] INFO  client.GrpcClientProtocolClient (GrpcClientProtocolClient.java:onNext(264)) - client-34D342B2C481->a460ff93-c08d-4282-b7cc-50bb3dafcd54: receive RaftClientReply:client-34D342B2C481->a460ff93-c08d-4282-b7cc-50bb3dafcd54@group-A60003AD97CE, cid=8, FAILED org.apache.ratis.protocol.NotLeaderException: Server a460ff93-c08d-4282-b7cc-50bb3dafcd54@group-A60003AD97CE is not the leader, logIndex=0, commits[a460ff93-c08d-4282-b7cc-50bb3dafcd54:c-1]
2019-09-17 21:33:09,328 [pool-57-thread-1] INFO  storage.RaftStorageDirectory (RaftStorageDirectory.java:tryLock(328)) - Lock on /workdir/hadoop-ozone/integration-test/target/test-dir/MiniOzoneClusterImpl-15065786-c9e2-42e7-bb6c-799e3296fc45/datanode-3/data/ratis/2a1666ee-e0ec-49bc-bc08-d9e5c3b55e8f/in_use.lock acquired by nodename 30960@pr-hdds-2121-pbfts-3191465506
2019-09-17 21:33:09,353 [pool-57-thread-1] INFO  storage.RaftStorage (RaftStorage.java:format(72)) - Storage directory /workdir/hadoop-ozone/integration-test/target/test-dir/MiniOzoneClusterImpl-15065786-c9e2-42e7-bb6c-799e3296fc45/datanode-3/data/ratis/2a1666ee-e0ec-49bc-bc08-d9e5c3b55e8f has been successfully formatted.
2019-09-17 21:33:09,353 [pool-57-thread-1] INFO  ratis.ContainerStateMachine (ContainerStateMachine.java:loadSnapshot(230)) - group-D9E5C3B55E8F: The snapshot info is null. Setting the last applied indexto:(t:0, i:~)
2019-09-17 21:33:09,353 [pool-57-thread-1] INFO  server.RaftServerConfigKeys (ConfUtils.java:logGet(43)) - raft.server.notification.no-leader.timeout = 1000s (custom)
2019-09-17 21:33:09,354 [pool-57-thread-1] INFO  server.RaftServerConfigKeys (ConfUtils.java:logGet(43)) - raft.server.log.use.memory = false (default)
2019-09-17 21:33:09,354 [pool-57-thread-1] INFO  server.RaftServerConfigKeys (ConfUtils.java:logGet(43)) - raft.server.log.purge.gap = 1000000 (custom)
2019-09-17 21:33:09,354 [pool-57-thread-1] INFO  server.RaftServerConfigKeys (ConfUtils.java:logGet(43)) - raft.server.log.appender.buffer.byte-limit = 33554432 (custom)
2019-09-17 21:33:09,354 [pool-57-thread-1] INFO  server.RaftServerConfigKeys (ConfUtils.java:logGet(43)) - raft.server.log.segment.size.max = 1048576 (custom)
2019-09-17 21:33:09,354 [pool-57-thread-1] INFO  server.RaftServerConfigKeys (ConfUtils.java:logGet(43)) - raft.server.log.segment.cache.num.max = 2 (custom)
2019-09-17 21:33:09,355 [pool-57-thread-1] INFO  segmented.SegmentedRaftLogWorker (SegmentedRaftLogWorker.java:<init>(172)) - new 795a677d-7507-47df-8929-b9685b3882d0@group-D9E5C3B55E8F-SegmentedRaftLogWorker for RaftStorage:Storage Directory /workdir/hadoop-ozone/integration-test/target/test-dir/MiniOzoneClusterImpl-15065786-c9e2-42e7-bb6c-799e3296fc45/datanode-3/data/ratis/2a1666ee-e0ec-49bc-bc08-d9e5c3b55e8f
2019-09-17 21:33:09,355 [pool-57-thread-1] INFO  server.RaftServerConfigKeys (ConfUtils.java:logGet(43)) - raft.server.log.queue.byte-limit = 2147483647 (custom)
2019-09-17 21:33:09,355 [pool-57-thread-1] INFO  server.RaftServerConfigKeys (ConfUtils.java:logGet(43)) - raft.server.log.queue.element-limit = 1024 (custom)
2019-09-17 21:33:09,355 [pool-57-thread-1] INFO  server.RaftServerConfigKeys (ConfUtils.java:logGet(43)) - raft.server.log.segment.size.max = 1048576 (custom)
2019-09-17 21:33:09,356 [pool-57-thread-1] INFO  server.RaftServerConfigKeys (ConfUtils.java:logGet(43)) - raft.server.log.preallocated.size = 16384 (custom)
2019-09-17 21:33:09,356 [pool-57-thread-1] INFO  server.RaftServerConfigKeys (ConfUtils.java:logGet(43)) - raft.server.log.write.buffer.size = 33554432 (custom)
2019-09-17 21:33:09,356 [pool-57-thread-1] INFO  server.RaftServerConfigKeys (ConfUtils.java:logGet(43)) - raft.server.log.force.sync.num = 128 (default)
2019-09-17 21:33:09,356 [pool-57-thread-1] INFO  server.RaftServerConfigKeys (ConfUtils.java:logGet(43)) - raft.server.log.statemachine.data.sync = true (default)
2019-09-17 21:33:09,356 [pool-57-thread-1] INFO  server.RaftServerConfigKeys (ConfUtils.java:logGet(43)) - raft.server.log.statemachine.data.sync.timeout = 10s (default)
2019-09-17 21:33:09,357 [pool-57-thread-1] INFO  server.RaftServerConfigKeys (ConfUtils.java:logGet(43)) - raft.server.log.statemachine.data.sync.timeout.retry = -1 (default)
2019-09-17 21:33:09,357 [pool-57-thread-1] INFO  server.RaftServerConfigKeys (ConfUtils.java:logGet(43)) - raft.server.log.statemachine.data.caching.enabled = true (custom)
2019-09-17 21:33:09,357 [pool-57-thread-1] INFO  segmented.SegmentedRaftLogWorker (SegmentedRaftLogWorker.java:lambda$new$0(132)) - 795a677d-7507-47df-8929-b9685b3882d0@group-D9E5C3B55E8F-SegmentedRaftLogWorker: flushIndex: setUnconditionally 0 -> -1
2019-09-17 21:33:09,358 [pool-57-thread-1] INFO  server.RaftServerConfigKeys (ConfUtils.java:logGet(43)) - raft.server.snapshot.auto.trigger.enabled = true (custom)
2019-09-17 21:33:09,358 [pool-57-thread-1] INFO  server.RaftServerConfigKeys (ConfUtils.java:logGet(43)) - raft.server.snapshot.auto.trigger.threshold = 10000 (custom)
2019-09-17 21:33:09,358 [pool-57-thread-1] INFO  server.RaftServerConfigKeys (ConfUtils.java:logGet(43)) - raft.server.snapshot.retention.num.files = 5 (custom)
2019-09-17 21:33:09,359 [pool-57-thread-1] INFO  server.RaftServerConfigKeys (ConfUtils.java:logGet(43)) - raft.server.retrycache.expirytime = 600000ms (custom)
2019-09-17 21:33:09,363 [pool-57-thread-1] INFO  impl.RaftServerImpl (RaftServerImpl.java:start(185)) - 795a677d-7507-47df-8929-b9685b3882d0@group-D9E5C3B55E8F: start as a follower, conf=-1: [795a677d-7507-47df-8929-b9685b3882d0:192.168.5.156:40091], old=null
2019-09-17 21:33:09,363 [pool-57-thread-1] INFO  impl.RaftServerImpl (RaftServerImpl.java:setRole(174)) - 795a677d-7507-47df-8929-b9685b3882d0@group-D9E5C3B55E8F: changes role from      null to FOLLOWER at term 0 for startAsFollower
2019-09-17 21:33:09,363 [pool-57-thread-1] INFO  impl.RoleInfo (RoleInfo.java:updateAndGet(143)) - 795a677d-7507-47df-8929-b9685b3882d0: start FollowerState
2019-09-17 21:33:09,364 [pool-57-thread-1] INFO  util.JmxRegister (JmxRegister.java:tryRegister(44)) - Successfully registered JMX Bean with object name Ratis:service=RaftServer,group=group-D9E5C3B55E8F,id=795a677d-7507-47df-8929-b9685b3882d0
2019-09-17 21:33:09,371 [RatisPipelineUtilsThread] INFO  pipeline.PipelineStateManager (PipelineStateManager.java:addPipeline(56)) - Created pipeline Pipeline[ Id: 2a1666ee-e0ec-49bc-bc08-d9e5c3b55e8f, Nodes: 795a677d-7507-47df-8929-b9685b3882d0{ip: 192.168.5.156, host: pr-hdds-2121-pbfts-3191465506, networkLocation: /default-rack, certSerialId: null}, Type:RATIS, Factor:ONE, State:OPEN]
2019-09-17 21:33:09,394 [grpc-default-executor-0] INFO  impl.RaftServerProxy (RaftServerProxy.java:addNew(89)) - a460ff93-c08d-4282-b7cc-50bb3dafcd54: addNew group-5EA90BD75809:[f1b5fe2b-c693-47e4-a0f2-89b9d52b016f:192.168.5.156:34164, a460ff93-c08d-4282-b7cc-50bb3dafcd54:192.168.5.156:42843, 189ac363-eed6-432c-a097-916945c2ee0c:192.168.5.156:39045] returns group-5EA90BD75809:java.util.concurrent.CompletableFuture@499e5e55[Not completed]
2019-09-17 21:33:09,395 [grpc-default-executor-1] INFO  impl.RaftServerProxy (RaftServerProxy.java:addNew(89)) - f1b5fe2b-c693-47e4-a0f2-89b9d52b016f: addNew group-5EA90BD75809:[f1b5fe2b-c693-47e4-a0f2-89b9d52b016f:192.168.5.156:34164, a460ff93-c08d-4282-b7cc-50bb3dafcd54:192.168.5.156:42843, 189ac363-eed6-432c-a097-916945c2ee0c:192.168.5.156:39045] returns group-5EA90BD75809:java.util.concurrent.CompletableFuture@3d34b64a[Not completed]
2019-09-17 21:33:09,395 [grpc-default-executor-2] INFO  impl.RaftServerProxy (RaftServerProxy.java:addNew(89)) - 189ac363-eed6-432c-a097-916945c2ee0c: addNew group-5EA90BD75809:[f1b5fe2b-c693-47e4-a0f2-89b9d52b016f:192.168.5.156:34164, a460ff93-c08d-4282-b7cc-50bb3dafcd54:192.168.5.156:42843, 189ac363-eed6-432c-a097-916945c2ee0c:192.168.5.156:39045] returns group-5EA90BD75809:java.util.concurrent.CompletableFuture@684db31c[Not completed]
2019-09-17 21:33:09,396 [pool-27-thread-1] INFO  impl.RaftServerImpl (RaftServerImpl.java:<init>(95)) - a460ff93-c08d-4282-b7cc-50bb3dafcd54: new RaftServerImpl for group-5EA90BD75809:[f1b5fe2b-c693-47e4-a0f2-89b9d52b016f:192.168.5.156:34164, a460ff93-c08d-4282-b7cc-50bb3dafcd54:192.168.5.156:42843, 189ac363-eed6-432c-a097-916945c2ee0c:192.168.5.156:39045] with ContainerStateMachine:uninitialized
2019-09-17 21:33:09,397 [pool-27-thread-1] INFO  server.RaftServerConfigKeys (ConfUtils.java:logGet(43)) - raft.server.rpc.timeout.min = 5s (custom)
2019-09-17 21:33:09,397 [pool-27-thread-1] INFO  server.RaftServerConfigKeys (ConfUtils.java:logGet(43)) - raft.server.rpc.timeout.max = 5200ms (custom)
2019-09-17 21:33:09,397 [pool-27-thread-1] INFO  server.RaftServerConfigKeys (ConfUtils.java:logGet(43)) - raft.server.rpcslowness.timeout = 1000s (custom)
2019-09-17 21:33:09,397 [pool-27-thread-1] INFO  server.RaftServerConfigKeys (ConfUtils.java:logGet(43)) - raft.server.sleep.deviation.threshold = 300 (default)
2019-09-17 21:33:09,397 [pool-27-thread-1] INFO  server.RaftServerConfigKeys (ConfUtils.java:logGet(43)) - raft.server.log.appender.install.snapshot.enabled = false (custom)
2019-09-17 21:33:09,397 [pool-37-thread-1] INFO  impl.RaftServerImpl (RaftServerImpl.java:<init>(95)) - 189ac363-eed6-432c-a097-916945c2ee0c: new RaftServerImpl for group-5EA90BD75809:[f1b5fe2b-c693-47e4-a0f2-89b9d52b016f:192.168.5.156:34164, a460ff93-c08d-4282-b7cc-50bb3dafcd54:192.168.5.156:42843, 189ac363-eed6-432c-a097-916945c2ee0c:192.168.5.156:39045] with ContainerStateMachine:uninitialized
2019-09-17 21:33:09,397 [pool-27-thread-1] INFO  impl.RaftServerImpl (ServerState.java:<init>(103)) - a460ff93-c08d-4282-b7cc-50bb3dafcd54@group-5EA90BD75809: ConfigurationManager, init=-1: [f1b5fe2b-c693-47e4-a0f2-89b9d52b016f:192.168.5.156:34164, a460ff93-c08d-4282-b7cc-50bb3dafcd54:192.168.5.156:42843, 189ac363-eed6-432c-a097-916945c2ee0c:192.168.5.156:39045], old=null, confs=<EMPTY_MAP>
2019-09-17 21:33:09,398 [pool-37-thread-1] INFO  server.RaftServerConfigKeys (ConfUtils.java:logGet(43)) - raft.server.rpc.timeout.min = 5s (custom)
2019-09-17 21:33:09,398 [pool-27-thread-1] INFO  server.RaftServerConfigKeys (ConfUtils.java:logGet(43)) - raft.server.storage.dir = [/workdir/hadoop-ozone/integration-test/target/test-dir/MiniOzoneClusterImpl-15065786-c9e2-42e7-bb6c-799e3296fc45/datanode-0/data/ratis] (custom)
2019-09-17 21:33:09,398 [pool-37-thread-1] INFO  server.RaftServerConfigKeys (ConfUtils.java:logGet(43)) - raft.server.rpc.timeout.max = 5200ms (custom)
2019-09-17 21:33:09,398 [pool-37-thread-1] INFO  server.RaftServerConfigKeys (ConfUtils.java:logGet(43)) - raft.server.rpcslowness.timeout = 1000s (custom)
2019-09-17 21:33:09,398 [pool-27-thread-1] INFO  storage.RaftStorageDirectory (RaftStorageDirectory.java:analyzeStorage(246)) - The storage directory /workdir/hadoop-ozone/integration-test/target/test-dir/MiniOzoneClusterImpl-15065786-c9e2-42e7-bb6c-799e3296fc45/datanode-0/data/ratis/9b4bc173-809c-44d3-9502-5ea90bd75809 does not exist. Creating ...
2019-09-17 21:33:09,398 [pool-47-thread-1] INFO  impl.RaftServerImpl (RaftServerImpl.java:<init>(95)) - f1b5fe2b-c693-47e4-a0f2-89b9d52b016f: new RaftServerImpl for group-5EA90BD75809:[f1b5fe2b-c693-47e4-a0f2-89b9d52b016f:192.168.5.156:34164, a460ff93-c08d-4282-b7cc-50bb3dafcd54:192.168.5.156:42843, 189ac363-eed6-432c-a097-916945c2ee0c:192.168.5.156:39045] with ContainerStateMachine:uninitialized
2019-09-17 21:33:09,398 [pool-37-thread-1] INFO  server.RaftServerConfigKeys (ConfUtils.java:logGet(43)) - raft.server.sleep.deviation.threshold = 300 (default)
2019-09-17 21:33:09,399 [pool-47-thread-1] INFO  server.RaftServerConfigKeys (ConfUtils.java:logGet(43)) - raft.server.rpc.timeout.min = 5s (custom)
2019-09-17 21:33:09,399 [pool-37-thread-1] INFO  server.RaftServerConfigKeys (ConfUtils.java:logGet(43)) - raft.server.log.appender.install.snapshot.enabled = false (custom)
2019-09-17 21:33:09,399 [pool-47-thread-1] INFO  server.RaftServerConfigKeys (ConfUtils.java:logGet(43)) - raft.server.rpc.timeout.max = 5200ms (custom)
2019-09-17 21:33:09,399 [pool-37-thread-1] INFO  impl.RaftServerImpl (ServerState.java:<init>(103)) - 189ac363-eed6-432c-a097-916945c2ee0c@group-5EA90BD75809: ConfigurationManager, init=-1: [f1b5fe2b-c693-47e4-a0f2-89b9d52b016f:192.168.5.156:34164, a460ff93-c08d-4282-b7cc-50bb3dafcd54:192.168.5.156:42843, 189ac363-eed6-432c-a097-916945c2ee0c:192.168.5.156:39045], old=null, confs=<EMPTY_MAP>
2019-09-17 21:33:09,399 [pool-47-thread-1] INFO  server.RaftServerConfigKeys (ConfUtils.java:logGet(43)) - raft.server.rpcslowness.timeout = 1000s (custom)
2019-09-17 21:33:09,399 [pool-37-thread-1] INFO  server.RaftServerConfigKeys (ConfUtils.java:logGet(43)) - raft.server.storage.dir = [/workdir/hadoop-ozone/integration-test/target/test-dir/MiniOzoneClusterImpl-15065786-c9e2-42e7-bb6c-799e3296fc45/datanode-1/data/ratis] (custom)
2019-09-17 21:33:09,399 [pool-47-thread-1] INFO  server.RaftServerConfigKeys (ConfUtils.java:logGet(43)) - raft.server.sleep.deviation.threshold = 300 (default)
2019-09-17 21:33:09,400 [pool-47-thread-1] INFO  server.RaftServerConfigKeys (ConfUtils.java:logGet(43)) - raft.server.log.appender.install.snapshot.enabled = false (custom)
2019-09-17 21:33:09,400 [pool-37-thread-1] INFO  storage.RaftStorageDirectory (RaftStorageDirectory.java:analyzeStorage(246)) - The storage directory /workdir/hadoop-ozone/integration-test/target/test-dir/MiniOzoneClusterImpl-15065786-c9e2-42e7-bb6c-799e3296fc45/datanode-1/data/ratis/9b4bc173-809c-44d3-9502-5ea90bd75809 does not exist. Creating ...
2019-09-17 21:33:09,400 [pool-47-thread-1] INFO  impl.RaftServerImpl (ServerState.java:<init>(103)) - f1b5fe2b-c693-47e4-a0f2-89b9d52b016f@group-5EA90BD75809: ConfigurationManager, init=-1: [f1b5fe2b-c693-47e4-a0f2-89b9d52b016f:192.168.5.156:34164, a460ff93-c08d-4282-b7cc-50bb3dafcd54:192.168.5.156:42843, 189ac363-eed6-432c-a097-916945c2ee0c:192.168.5.156:39045], old=null, confs=<EMPTY_MAP>
2019-09-17 21:33:09,400 [pool-47-thread-1] INFO  server.RaftServerConfigKeys (ConfUtils.java:logGet(43)) - raft.server.storage.dir = [/workdir/hadoop-ozone/integration-test/target/test-dir/MiniOzoneClusterImpl-15065786-c9e2-42e7-bb6c-799e3296fc45/datanode-2/data/ratis] (custom)
2019-09-17 21:33:09,400 [pool-47-thread-1] INFO  storage.RaftStorageDirectory (RaftStorageDirectory.java:analyzeStorage(246)) - The storage directory /workdir/hadoop-ozone/integration-test/target/test-dir/MiniOzoneClusterImpl-15065786-c9e2-42e7-bb6c-799e3296fc45/datanode-2/data/ratis/9b4bc173-809c-44d3-9502-5ea90bd75809 does not exist. Creating ...
2019-09-17 21:33:09,420 [pool-37-thread-1] INFO  storage.RaftStorageDirectory (RaftStorageDirectory.java:tryLock(328)) - Lock on /workdir/hadoop-ozone/integration-test/target/test-dir/MiniOzoneClusterImpl-15065786-c9e2-42e7-bb6c-799e3296fc45/datanode-1/data/ratis/9b4bc173-809c-44d3-9502-5ea90bd75809/in_use.lock acquired by nodename 30960@pr-hdds-2121-pbfts-3191465506
2019-09-17 21:33:09,420 [pool-47-thread-1] INFO  storage.RaftStorageDirectory (RaftStorageDirectory.java:tryLock(328)) - Lock on /workdir/hadoop-ozone/integration-test/target/test-dir/MiniOzoneClusterImpl-15065786-c9e2-42e7-bb6c-799e3296fc45/datanode-2/data/ratis/9b4bc173-809c-44d3-9502-5ea90bd75809/in_use.lock acquired by nodename 30960@pr-hdds-2121-pbfts-3191465506
2019-09-17 21:33:09,420 [pool-27-thread-1] INFO  storage.RaftStorageDirectory (RaftStorageDirectory.java:tryLock(328)) - Lock on /workdir/hadoop-ozone/integration-test/target/test-dir/MiniOzoneClusterImpl-15065786-c9e2-42e7-bb6c-799e3296fc45/datanode-0/data/ratis/9b4bc173-809c-44d3-9502-5ea90bd75809/in_use.lock acquired by nodename 30960@pr-hdds-2121-pbfts-3191465506
2019-09-17 21:33:09,438 [pool-37-thread-1] INFO  storage.RaftStorage (RaftStorage.java:format(72)) - Storage directory /workdir/hadoop-ozone/integration-test/target/test-dir/MiniOzoneClusterImpl-15065786-c9e2-42e7-bb6c-799e3296fc45/datanode-1/data/ratis/9b4bc173-809c-44d3-9502-5ea90bd75809 has been successfully formatted.
2019-09-17 21:33:09,438 [pool-47-thread-1] INFO  storage.RaftStorage (RaftStorage.java:format(72)) - Storage directory /workdir/hadoop-ozone/integration-test/target/test-dir/MiniOzoneClusterImpl-15065786-c9e2-42e7-bb6c-799e3296fc45/datanode-2/data/ratis/9b4bc173-809c-44d3-9502-5ea90bd75809 has been successfully formatted.
2019-09-17 21:33:09,438 [pool-27-thread-1] INFO  storage.RaftStorage (RaftStorage.java:format(72)) - Storage directory /workdir/hadoop-ozone/integration-test/target/test-dir/MiniOzoneClusterImpl-15065786-c9e2-42e7-bb6c-799e3296fc45/datanode-0/data/ratis/9b4bc173-809c-44d3-9502-5ea90bd75809 has been successfully formatted.
2019-09-17 21:33:09,439 [pool-37-thread-1] INFO  ratis.ContainerStateMachine (ContainerStateMachine.java:loadSnapshot(230)) - group-5EA90BD75809: The snapshot info is null. Setting the last applied indexto:(t:0, i:~)
2019-09-17 21:33:09,439 [pool-27-thread-1] INFO  ratis.ContainerStateMachine (ContainerStateMachine.java:loadSnapshot(230)) - group-5EA90BD75809: The snapshot info is null. Setting the last applied indexto:(t:0, i:~)
2019-09-17 21:33:09,439 [pool-47-thread-1] INFO  ratis.ContainerStateMachine (ContainerStateMachine.java:loadSnapshot(230)) - group-5EA90BD75809: The snapshot info is null. Setting the last applied indexto:(t:0, i:~)
2019-09-17 21:33:09,439 [pool-27-thread-1] INFO  server.RaftServerConfigKeys (ConfUtils.java:logGet(43)) - raft.server.notification.no-leader.timeout = 1000s (custom)
2019-09-17 21:33:09,439 [pool-37-thread-1] INFO  server.RaftServerConfigKeys (ConfUtils.java:logGet(43)) - raft.server.notification.no-leader.timeout = 1000s (custom)
2019-09-17 21:33:09,439 [pool-27-thread-1] INFO  server.RaftServerConfigKeys (ConfUtils.java:logGet(43)) - raft.server.log.use.memory = false (default)
2019-09-17 21:33:09,439 [pool-47-thread-1] INFO  server.RaftServerConfigKeys (ConfUtils.java:logGet(43)) - raft.server.notification.no-leader.timeout = 1000s (custom)
2019-09-17 21:33:09,440 [pool-27-thread-1] INFO  server.RaftServerConfigKeys (ConfUtils.java:logGet(43)) - raft.server.log.purge.gap = 1000000 (custom)
2019-09-17 21:33:09,440 [pool-37-thread-1] INFO  server.RaftServerConfigKeys (ConfUtils.java:logGet(43)) - raft.server.log.use.memory = false (default)
2019-09-17 21:33:09,440 [pool-27-thread-1] INFO  server.RaftServerConfigKeys (ConfUtils.java:logGet(43)) - raft.server.log.appender.buffer.byte-limit = 33554432 (custom)
2019-09-17 21:33:09,440 [pool-47-thread-1] INFO  server.RaftServerConfigKeys (ConfUtils.java:logGet(43)) - raft.server.log.use.memory = false (default)
2019-09-17 21:33:09,440 [pool-27-thread-1] INFO  server.RaftServerConfigKeys (ConfUtils.java:logGet(43)) - raft.server.log.segment.size.max = 1048576 (custom)
2019-09-17 21:33:09,440 [pool-37-thread-1] INFO  server.RaftServerConfigKeys (ConfUtils.java:logGet(43)) - raft.server.log.purge.gap = 1000000 (custom)
2019-09-17 21:33:09,440 [pool-27-thread-1] INFO  server.RaftServerConfigKeys (ConfUtils.java:logGet(43)) - raft.server.log.segment.cache.num.max = 2 (custom)
2019-09-17 21:33:09,440 [pool-47-thread-1] INFO  server.RaftServerConfigKeys (ConfUtils.java:logGet(43)) - raft.server.log.purge.gap = 1000000 (custom)
2019-09-17 21:33:09,441 [pool-27-thread-1] INFO  segmented.SegmentedRaftLogWorker (SegmentedRaftLogWorker.java:<init>(172)) - new a460ff93-c08d-4282-b7cc-50bb3dafcd54@group-5EA90BD75809-SegmentedRaftLogWorker for RaftStorage:Storage Directory /workdir/hadoop-ozone/integration-test/target/test-dir/MiniOzoneClusterImpl-15065786-c9e2-42e7-bb6c-799e3296fc45/datanode-0/data/ratis/9b4bc173-809c-44d3-9502-5ea90bd75809
2019-09-17 21:33:09,441 [pool-37-thread-1] INFO  server.RaftServerConfigKeys (ConfUtils.java:logGet(43)) - raft.server.log.appender.buffer.byte-limit = 33554432 (custom)
2019-09-17 21:33:09,441 [pool-27-thread-1] INFO  server.RaftServerConfigKeys (ConfUtils.java:logGet(43)) - raft.server.log.queue.byte-limit = 2147483647 (custom)
2019-09-17 21:33:09,441 [pool-47-thread-1] INFO  server.RaftServerConfigKeys (ConfUtils.java:logGet(43)) - raft.server.log.appender.buffer.byte-limit = 33554432 (custom)
2019-09-17 21:33:09,441 [pool-27-thread-1] INFO  server.RaftServerConfigKeys (ConfUtils.java:logGet(43)) - raft.server.log.queue.element-limit = 1024 (custom)
2019-09-17 21:33:09,441 [pool-37-thread-1] INFO  server.RaftServerConfigKeys (ConfUtils.java:logGet(43)) - raft.server.log.segment.size.max = 1048576 (custom)
2019-09-17 21:33:09,442 [pool-27-thread-1] INFO  server.RaftServerConfigKeys (ConfUtils.java:logGet(43)) - raft.server.log.segment.size.max = 1048576 (custom)
2019-09-17 21:33:09,441 [pool-47-thread-1] INFO  server.RaftServerConfigKeys (ConfUtils.java:logGet(43)) - raft.server.log.segment.size.max = 1048576 (custom)
2019-09-17 21:33:09,442 [pool-27-thread-1] INFO  server.RaftServerConfigKeys (ConfUtils.java:logGet(43)) - raft.server.log.preallocated.size = 16384 (custom)
2019-09-17 21:33:09,442 [pool-37-thread-1] INFO  server.RaftServerConfigKeys (ConfUtils.java:logGet(43)) - raft.server.log.segment.cache.num.max = 2 (custom)
2019-09-17 21:33:09,442 [pool-27-thread-1] INFO  server.RaftServerConfigKeys (ConfUtils.java:logGet(43)) - raft.server.log.write.buffer.size = 33554432 (custom)
2019-09-17 21:33:09,442 [pool-47-thread-1] INFO  server.RaftServerConfigKeys (ConfUtils.java:logGet(43)) - raft.server.log.segment.cache.num.max = 2 (custom)
2019-09-17 21:33:09,442 [pool-27-thread-1] INFO  server.RaftServerConfigKeys (ConfUtils.java:logGet(43)) - raft.server.log.force.sync.num = 128 (default)
2019-09-17 21:33:09,442 [pool-37-thread-1] INFO  segmented.SegmentedRaftLogWorker (SegmentedRaftLogWorker.java:<init>(172)) - new 189ac363-eed6-432c-a097-916945c2ee0c@group-5EA90BD75809-SegmentedRaftLogWorker for RaftStorage:Storage Directory /workdir/hadoop-ozone/integration-test/target/test-dir/MiniOzoneClusterImpl-15065786-c9e2-42e7-bb6c-799e3296fc45/datanode-1/data/ratis/9b4bc173-809c-44d3-9502-5ea90bd75809
2019-09-17 21:33:09,443 [pool-27-thread-1] INFO  server.RaftServerConfigKeys (ConfUtils.java:logGet(43)) - raft.server.log.statemachine.data.sync = true (default)
2019-09-17 21:33:09,443 [pool-47-thread-1] INFO  segmented.SegmentedRaftLogWorker (SegmentedRaftLogWorker.java:<init>(172)) - new f1b5fe2b-c693-47e4-a0f2-89b9d52b016f@group-5EA90BD75809-SegmentedRaftLogWorker for RaftStorage:Storage Directory /workdir/hadoop-ozone/integration-test/target/test-dir/MiniOzoneClusterImpl-15065786-c9e2-42e7-bb6c-799e3296fc45/datanode-2/data/ratis/9b4bc173-809c-44d3-9502-5ea90bd75809
2019-09-17 21:33:09,443 [pool-27-thread-1] INFO  server.RaftServerConfigKeys (ConfUtils.java:logGet(43)) - raft.server.log.statemachine.data.sync.timeout = 10s (default)
2019-09-17 21:33:09,443 [pool-37-thread-1] INFO  server.RaftServerConfigKeys (ConfUtils.java:logGet(43)) - raft.server.log.queue.byte-limit = 2147483647 (custom)
2019-09-17 21:33:09,443 [pool-27-thread-1] INFO  server.RaftServerConfigKeys (ConfUtils.java:logGet(43)) - raft.server.log.statemachine.data.sync.timeout.retry = -1 (default)
2019-09-17 21:33:09,443 [pool-47-thread-1] INFO  server.RaftServerConfigKeys (ConfUtils.java:logGet(43)) - raft.server.log.queue.byte-limit = 2147483647 (custom)
2019-09-17 21:33:09,443 [pool-27-thread-1] INFO  server.RaftServerConfigKeys (ConfUtils.java:logGet(43)) - raft.server.log.statemachine.data.caching.enabled = true (custom)
2019-09-17 21:33:09,443 [pool-37-thread-1] INFO  server.RaftServerConfigKeys (ConfUtils.java:logGet(43)) - raft.server.log.queue.element-limit = 1024 (custom)
2019-09-17 21:33:09,444 [pool-47-thread-1] INFO  server.RaftServerConfigKeys (ConfUtils.java:logGet(43)) - raft.server.log.queue.element-limit = 1024 (custom)
2019-09-17 21:33:09,444 [pool-37-thread-1] INFO  server.RaftServerConfigKeys (ConfUtils.java:logGet(43)) - raft.server.log.segment.size.max = 1048576 (custom)
2019-09-17 21:33:09,444 [pool-27-thread-1] INFO  segmented.SegmentedRaftLogWorker (SegmentedRaftLogWorker.java:lambda$new$0(132)) - a460ff93-c08d-4282-b7cc-50bb3dafcd54@group-5EA90BD75809-SegmentedRaftLogWorker: flushIndex: setUnconditionally 0 -> -1
2019-09-17 21:33:09,444 [pool-37-thread-1] INFO  server.RaftServerConfigKeys (ConfUtils.java:logGet(43)) - raft.server.log.preallocated.size = 16384 (custom)
2019-09-17 21:33:09,444 [pool-27-thread-1] INFO  server.RaftServerConfigKeys (ConfUtils.java:logGet(43)) - raft.server.snapshot.auto.trigger.enabled = true (custom)
2019-09-17 21:33:09,444 [pool-47-thread-1] INFO  server.RaftServerConfigKeys (ConfUtils.java:logGet(43)) - raft.server.log.segment.size.max = 1048576 (custom)
2019-09-17 21:33:09,444 [pool-27-thread-1] INFO  server.RaftServerConfigKeys (ConfUtils.java:logGet(43)) - raft.server.snapshot.auto.trigger.threshold = 10000 (custom)
2019-09-17 21:33:09,444 [pool-37-thread-1] INFO  server.RaftServerConfigKeys (ConfUtils.java:logGet(43)) - raft.server.log.write.buffer.size = 33554432 (custom)
2019-09-17 21:33:09,445 [pool-27-thread-1] INFO  server.RaftServerConfigKeys (ConfUtils.java:logGet(43)) - raft.server.snapshot.retention.num.files = 5 (custom)
2019-09-17 21:33:09,445 [pool-47-thread-1] INFO  server.RaftServerConfigKeys (ConfUtils.java:logGet(43)) - raft.server.log.preallocated.size = 16384 (custom)
2019-09-17 21:33:09,445 [pool-27-thread-1] INFO  server.RaftServerConfigKeys (ConfUtils.java:logGet(43)) - raft.server.retrycache.expirytime = 600000ms (custom)
2019-09-17 21:33:09,445 [pool-37-thread-1] INFO  server.RaftServerConfigKeys (ConfUtils.java:logGet(43)) - raft.server.log.force.sync.num = 128 (default)
2019-09-17 21:33:09,445 [pool-47-thread-1] INFO  server.RaftServerConfigKeys (ConfUtils.java:logGet(43)) - raft.server.log.write.buffer.size = 33554432 (custom)
2019-09-17 21:33:09,445 [pool-37-thread-1] INFO  server.RaftServerConfigKeys (ConfUtils.java:logGet(43)) - raft.server.log.statemachine.data.sync = true (default)
2019-09-17 21:33:09,446 [pool-47-thread-1] INFO  server.RaftServerConfigKeys (ConfUtils.java:logGet(43)) - raft.server.log.force.sync.num = 128 (default)
2019-09-17 21:33:09,446 [pool-37-thread-1] INFO  server.RaftServerConfigKeys (ConfUtils.java:logGet(43)) - raft.server.log.statemachine.data.sync.timeout = 10s (default)
2019-09-17 21:33:09,446 [pool-47-thread-1] INFO  server.RaftServerConfigKeys (ConfUtils.java:logGet(43)) - raft.server.log.statemachine.data.sync = true (default)
2019-09-17 21:33:09,446 [pool-37-thread-1] INFO  server.RaftServerConfigKeys (ConfUtils.java:logGet(43)) - raft.server.log.statemachine.data.sync.timeout.retry = -1 (default)
2019-09-17 21:33:09,446 [pool-47-thread-1] INFO  server.RaftServerConfigKeys (ConfUtils.java:logGet(43)) - raft.server.log.statemachine.data.sync.timeout = 10s (default)
2019-09-17 21:33:09,446 [pool-37-thread-1] INFO  server.RaftServerConfigKeys (ConfUtils.java:logGet(43)) - raft.server.log.statemachine.data.caching.enabled = true (custom)
2019-09-17 21:33:09,446 [pool-47-thread-1] INFO  server.RaftServerConfigKeys (ConfUtils.java:logGet(43)) - raft.server.log.statemachine.data.sync.timeout.retry = -1 (default)
2019-09-17 21:33:09,447 [pool-47-thread-1] INFO  server.RaftServerConfigKeys (ConfUtils.java:logGet(43)) - raft.server.log.statemachine.data.caching.enabled = true (custom)
2019-09-17 21:33:09,447 [pool-37-thread-1] INFO  segmented.SegmentedRaftLogWorker (SegmentedRaftLogWorker.java:lambda$new$0(132)) - 189ac363-eed6-432c-a097-916945c2ee0c@group-5EA90BD75809-SegmentedRaftLogWorker: flushIndex: setUnconditionally 0 -> -1
2019-09-17 21:33:09,447 [pool-47-thread-1] INFO  segmented.SegmentedRaftLogWorker (SegmentedRaftLogWorker.java:lambda$new$0(132)) - f1b5fe2b-c693-47e4-a0f2-89b9d52b016f@group-5EA90BD75809-SegmentedRaftLogWorker: flushIndex: setUnconditionally 0 -> -1
2019-09-17 21:33:09,447 [pool-37-thread-1] INFO  server.RaftServerConfigKeys (ConfUtils.java:logGet(43)) - raft.server.snapshot.auto.trigger.enabled = true (custom)
2019-09-17 21:33:09,447 [pool-47-thread-1] INFO  server.RaftServerConfigKeys (ConfUtils.java:logGet(43)) - raft.server.snapshot.auto.trigger.enabled = true (custom)
2019-09-17 21:33:09,448 [pool-37-thread-1] INFO  server.RaftServerConfigKeys (ConfUtils.java:logGet(43)) - raft.server.snapshot.auto.trigger.threshold = 10000 (custom)
2019-09-17 21:33:09,448 [pool-27-thread-1] INFO  impl.RaftServerImpl (RaftServerImpl.java:start(185)) - a460ff93-c08d-4282-b7cc-50bb3dafcd54@group-5EA90BD75809: start as a follower, conf=-1: [f1b5fe2b-c693-47e4-a0f2-89b9d52b016f:192.168.5.156:34164, a460ff93-c08d-4282-b7cc-50bb3dafcd54:192.168.5.156:42843, 189ac363-eed6-432c-a097-916945c2ee0c:192.168.5.156:39045], old=null
2019-09-17 21:33:09,448 [pool-37-thread-1] INFO  server.RaftServerConfigKeys (ConfUtils.java:logGet(43)) - raft.server.snapshot.retention.num.files = 5 (custom)
2019-09-17 21:33:09,448 [pool-47-thread-1] INFO  server.RaftServerConfigKeys (ConfUtils.java:logGet(43)) - raft.server.snapshot.auto.trigger.threshold = 10000 (custom)
2019-09-17 21:33:09,448 [pool-27-thread-1] INFO  impl.RaftServerImpl (RaftServerImpl.java:setRole(174)) - a460ff93-c08d-4282-b7cc-50bb3dafcd54@group-5EA90BD75809: changes role from      null to FOLLOWER at term 0 for startAsFollower
2019-09-17 21:33:09,448 [pool-37-thread-1] INFO  server.RaftServerConfigKeys (ConfUtils.java:logGet(43)) - raft.server.retrycache.expirytime = 600000ms (custom)
2019-09-17 21:33:09,448 [pool-47-thread-1] INFO  server.RaftServerConfigKeys (ConfUtils.java:logGet(43)) - raft.server.snapshot.retention.num.files = 5 (custom)
2019-09-17 21:33:09,448 [pool-27-thread-1] INFO  impl.RoleInfo (RoleInfo.java:updateAndGet(143)) - a460ff93-c08d-4282-b7cc-50bb3dafcd54: start FollowerState
2019-09-17 21:33:09,449 [pool-47-thread-1] INFO  server.RaftServerConfigKeys (ConfUtils.java:logGet(43)) - raft.server.retrycache.expirytime = 600000ms (custom)
2019-09-17 21:33:09,449 [pool-27-thread-1] INFO  util.JmxRegister (JmxRegister.java:tryRegister(44)) - Successfully registered JMX Bean with object name Ratis:service=RaftServer,group=group-5EA90BD75809,id=a460ff93-c08d-4282-b7cc-50bb3dafcd54
2019-09-17 21:33:09,453 [pool-37-thread-1] INFO  impl.RaftServerImpl (RaftServerImpl.java:start(185)) - 189ac363-eed6-432c-a097-916945c2ee0c@group-5EA90BD75809: start as a follower, conf=-1: [f1b5fe2b-c693-47e4-a0f2-89b9d52b016f:192.168.5.156:34164, a460ff93-c08d-4282-b7cc-50bb3dafcd54:192.168.5.156:42843, 189ac363-eed6-432c-a097-916945c2ee0c:192.168.5.156:39045], old=null
2019-09-17 21:33:09,455 [pool-47-thread-1] INFO  impl.RaftServerImpl (RaftServerImpl.java:start(185)) - f1b5fe2b-c693-47e4-a0f2-89b9d52b016f@group-5EA90BD75809: start as a follower, conf=-1: [f1b5fe2b-c693-47e4-a0f2-89b9d52b016f:192.168.5.156:34164, a460ff93-c08d-4282-b7cc-50bb3dafcd54:192.168.5.156:42843, 189ac363-eed6-432c-a097-916945c2ee0c:192.168.5.156:39045], old=null
2019-09-17 21:33:09,455 [pool-37-thread-1] INFO  impl.RaftServerImpl (RaftServerImpl.java:setRole(174)) - 189ac363-eed6-432c-a097-916945c2ee0c@group-5EA90BD75809: changes role from      null to FOLLOWER at term 0 for startAsFollower
2019-09-17 21:33:09,456 [pool-47-thread-1] INFO  impl.RaftServerImpl (RaftServerImpl.java:setRole(174)) - f1b5fe2b-c693-47e4-a0f2-89b9d52b016f@group-5EA90BD75809: changes role from      null to FOLLOWER at term 0 for startAsFollower
2019-09-17 21:33:09,457 [pool-37-thread-1] INFO  impl.RoleInfo (RoleInfo.java:updateAndGet(143)) - 189ac363-eed6-432c-a097-916945c2ee0c: start FollowerState
2019-09-17 21:33:09,457 [pool-47-thread-1] INFO  impl.RoleInfo (RoleInfo.java:updateAndGet(143)) - f1b5fe2b-c693-47e4-a0f2-89b9d52b016f: start FollowerState
2019-09-17 21:33:09,458 [pool-37-thread-1] INFO  util.JmxRegister (JmxRegister.java:tryRegister(44)) - Successfully registered JMX Bean with object name Ratis:service=RaftServer,group=group-5EA90BD75809,id=189ac363-eed6-432c-a097-916945c2ee0c
2019-09-17 21:33:09,458 [pool-47-thread-1] INFO  util.JmxRegister (JmxRegister.java:tryRegister(44)) - Successfully registered JMX Bean with object name Ratis:service=RaftServer,group=group-5EA90BD75809,id=f1b5fe2b-c693-47e4-a0f2-89b9d52b016f
2019-09-17 21:33:09,470 [RatisPipelineUtilsThread] INFO  pipeline.PipelineStateManager (PipelineStateManager.java:addPipeline(56)) - Created pipeline Pipeline[ Id: 9b4bc173-809c-44d3-9502-5ea90bd75809, Nodes: a460ff93-c08d-4282-b7cc-50bb3dafcd54{ip: 192.168.5.156, host: pr-hdds-2121-pbfts-3191465506, networkLocation: /default-rack, certSerialId: null}189ac363-eed6-432c-a097-916945c2ee0c{ip: 192.168.5.156, host: pr-hdds-2121-pbfts-3191465506, networkLocation: /default-rack, certSerialId: null}f1b5fe2b-c693-47e4-a0f2-89b9d52b016f{ip: 192.168.5.156, host: pr-hdds-2121-pbfts-3191465506, networkLocation: /default-rack, certSerialId: null}, Type:RATIS, Factor:THREE, State:OPEN]
2019-09-17 21:33:09,545 [Command processor thread] ERROR commandhandler.CloseContainerCommandHandler (CloseContainerCommandHandler.java:handle(84)) - Container #1 does not exist in datanode. Container close failed.
2019-09-17 21:33:09,595 [Thread-193] INFO  container.ReplicationManager (ReplicationManager.java:start(169)) - Replication Monitor Thread is already running.
2019-09-17 21:33:09,651 [Command processor thread] ERROR commandhandler.CloseContainerCommandHandler (CloseContainerCommandHandler.java:handle(84)) - Container #1 does not exist in datanode. Container close failed.
2019-09-17 21:33:09,728 [Command processor thread] ERROR commandhandler.CloseContainerCommandHandler (CloseContainerCommandHandler.java:handle(84)) - Container #1 does not exist in datanode. Container close failed.
2019-09-17 21:33:09,816 [ReplicationMonitor] INFO  container.ReplicationManager (ReplicationManager.java:run(225)) - Replication Monitor Thread took 1 milliseconds for processing 1 containers.
2019-09-17 21:33:10,358 [grpc-default-executor-2] INFO  client.GrpcClientProtocolClient (GrpcClientProtocolClient.java:onNext(264)) - client-34D342B2C481->189ac363-eed6-432c-a097-916945c2ee0c: receive RaftClientReply:client-34D342B2C481->189ac363-eed6-432c-a097-916945c2ee0c@group-A60003AD97CE, cid=8, FAILED org.apache.ratis.protocol.NotLeaderException: Server 189ac363-eed6-432c-a097-916945c2ee0c@group-A60003AD97CE is not the leader, logIndex=0, commits[189ac363-eed6-432c-a097-916945c2ee0c:c-1]
2019-09-17 21:33:11,384 [grpc-default-executor-1] INFO  client.GrpcClientProtocolClient (GrpcClientProtocolClient.java:onNext(264)) - client-34D342B2C481->f1b5fe2b-c693-47e4-a0f2-89b9d52b016f: receive RaftClientReply:client-34D342B2C481->f1b5fe2b-c693-47e4-a0f2-89b9d52b016f@group-A60003AD97CE, cid=8, FAILED org.apache.ratis.protocol.NotLeaderException: Server f1b5fe2b-c693-47e4-a0f2-89b9d52b016f@group-A60003AD97CE is not the leader, logIndex=0, commits[f1b5fe2b-c693-47e4-a0f2-89b9d52b016f:c-1]
2019-09-17 21:33:11,817 [ReplicationMonitor] INFO  container.ReplicationManager (ReplicationManager.java:run(225)) - Replication Monitor Thread took 0 milliseconds for processing 1 containers.
2019-09-17 21:33:12,414 [grpc-default-executor-2] INFO  client.GrpcClientProtocolClient (GrpcClientProtocolClient.java:onNext(264)) - client-34D342B2C481->189ac363-eed6-432c-a097-916945c2ee0c: receive RaftClientReply:client-34D342B2C481->189ac363-eed6-432c-a097-916945c2ee0c@group-A60003AD97CE, cid=8, FAILED org.apache.ratis.protocol.NotLeaderException: Server 189ac363-eed6-432c-a097-916945c2ee0c@group-A60003AD97CE is not the leader, logIndex=0, commits[189ac363-eed6-432c-a097-916945c2ee0c:c-1]
2019-09-17 21:33:12,534 [Thread-195] INFO  impl.FollowerState (FollowerState.java:run(106)) - a460ff93-c08d-4282-b7cc-50bb3dafcd54:group-49B9DEFA816E changes to CANDIDATE, lastRpcTime:5176, electionTimeout:5175ms
2019-09-17 21:33:12,539 [Thread-195] INFO  impl.RoleInfo (RoleInfo.java:shutdownFollowerState(121)) - a460ff93-c08d-4282-b7cc-50bb3dafcd54: shutdown FollowerState
2019-09-17 21:33:12,539 [Thread-195] INFO  impl.RaftServerImpl (RaftServerImpl.java:setRole(174)) - a460ff93-c08d-4282-b7cc-50bb3dafcd54@group-49B9DEFA816E: changes role from  FOLLOWER to CANDIDATE at term 0 for changeToCandidate
2019-09-17 21:33:12,544 [Thread-195] INFO  impl.RoleInfo (RoleInfo.java:updateAndGet(143)) - a460ff93-c08d-4282-b7cc-50bb3dafcd54: start LeaderElection
2019-09-17 21:33:12,589 [a460ff93-c08d-4282-b7cc-50bb3dafcd54@group-49B9DEFA816E:LeaderElection1] INFO  impl.LeaderElection (LeaderElection.java:askForVotes(182)) - a460ff93-c08d-4282-b7cc-50bb3dafcd54@group-49B9DEFA816E:LeaderElection1: begin an election at term 1 for -1: [a460ff93-c08d-4282-b7cc-50bb3dafcd54:192.168.5.156:42843], old=null
2019-09-17 21:33:12,592 [a460ff93-c08d-4282-b7cc-50bb3dafcd54@group-49B9DEFA816E:LeaderElection1] INFO  impl.RoleInfo (RoleInfo.java:shutdownLeaderElection(134)) - a460ff93-c08d-4282-b7cc-50bb3dafcd54: shutdown LeaderElection
2019-09-17 21:33:12,593 [a460ff93-c08d-4282-b7cc-50bb3dafcd54@group-49B9DEFA816E:LeaderElection1] INFO  impl.RaftServerImpl (RaftServerImpl.java:setRole(174)) - a460ff93-c08d-4282-b7cc-50bb3dafcd54@group-49B9DEFA816E: changes role from CANDIDATE to LEADER at term 1 for changeToLeader
2019-09-17 21:33:12,594 [a460ff93-c08d-4282-b7cc-50bb3dafcd54@group-49B9DEFA816E:LeaderElection1] INFO  impl.RaftServerImpl (ServerState.java:setLeader(253)) - a460ff93-c08d-4282-b7cc-50bb3dafcd54@group-49B9DEFA816E: change Leader from null to a460ff93-c08d-4282-b7cc-50bb3dafcd54 at term 1 for becomeLeader, leader elected after 5343ms
2019-09-17 21:33:12,603 [a460ff93-c08d-4282-b7cc-50bb3dafcd54@group-49B9DEFA816E:LeaderElection1] INFO  server.RaftServerConfigKeys (ConfUtils.java:logGet(43)) - raft.server.staging.catchup.gap = 1000 (default)
2019-09-17 21:33:12,603 [a460ff93-c08d-4282-b7cc-50bb3dafcd54@group-49B9DEFA816E:LeaderElection1] INFO  server.RaftServerConfigKeys (ConfUtils.java:logGet(43)) - raft.server.rpc.sleep.time = 25ms (default)
2019-09-17 21:33:12,607 [a460ff93-c08d-4282-b7cc-50bb3dafcd54@group-49B9DEFA816E:LeaderElection1] INFO  server.RaftServerConfigKeys (ConfUtils.java:logGet(43)) - raft.server.write.element-limit = 4096 (default)
2019-09-17 21:33:12,611 [a460ff93-c08d-4282-b7cc-50bb3dafcd54@group-49B9DEFA816E:LeaderElection1] INFO  server.RaftServerConfigKeys (ConfUtils.java:logGet(43)) - raft.server.watch.timeout = 10s (default)
2019-09-17 21:33:12,611 [a460ff93-c08d-4282-b7cc-50bb3dafcd54@group-49B9DEFA816E:LeaderElection1] INFO  server.RaftServerConfigKeys (ConfUtils.java:logGet(43)) - raft.server.watch.timeout.denomination = 1s (default)
2019-09-17 21:33:12,612 [a460ff93-c08d-4282-b7cc-50bb3dafcd54@group-49B9DEFA816E:LeaderElection1] INFO  server.RaftServerConfigKeys (ConfUtils.java:logGet(43)) - raft.server.watch.element-limit = 65536 (default)
2019-09-17 21:33:12,626 [a460ff93-c08d-4282-b7cc-50bb3dafcd54@group-49B9DEFA816E:LeaderElection1] INFO  impl.RoleInfo (RoleInfo.java:updateAndGet(143)) - a460ff93-c08d-4282-b7cc-50bb3dafcd54: start LeaderState
2019-09-17 21:33:12,651 [a460ff93-c08d-4282-b7cc-50bb3dafcd54@group-49B9DEFA816E:LeaderElection1] INFO  segmented.SegmentedRaftLogWorker (SegmentedRaftLogWorker.java:startLogSegment(380)) - a460ff93-c08d-4282-b7cc-50bb3dafcd54@group-49B9DEFA816E-SegmentedRaftLogWorker: Starting segment from index:0
2019-09-17 21:33:12,660 [a460ff93-c08d-4282-b7cc-50bb3dafcd54@group-49B9DEFA816E:LeaderElection1] INFO  impl.RaftServerImpl (ServerState.java:setRaftConf(354)) - a460ff93-c08d-4282-b7cc-50bb3dafcd54@group-49B9DEFA816E: set configuration 0: [a460ff93-c08d-4282-b7cc-50bb3dafcd54:192.168.5.156:42843], old=null at 0
2019-09-17 21:33:12,729 [Thread-198] INFO  impl.FollowerState (FollowerState.java:run(106)) - 189ac363-eed6-432c-a097-916945c2ee0c:group-1809E5ACF8B0 changes to CANDIDATE, lastRpcTime:5158, electionTimeout:5157ms
2019-09-17 21:33:12,736 [Thread-198] INFO  impl.RoleInfo (RoleInfo.java:shutdownFollowerState(121)) - 189ac363-eed6-432c-a097-916945c2ee0c: shutdown FollowerState
2019-09-17 21:33:12,736 [Thread-198] INFO  impl.RaftServerImpl (RaftServerImpl.java:setRole(174)) - 189ac363-eed6-432c-a097-916945c2ee0c@group-1809E5ACF8B0: changes role from  FOLLOWER to CANDIDATE at term 0 for changeToCandidate
2019-09-17 21:33:12,736 [Thread-198] INFO  impl.RoleInfo (RoleInfo.java:updateAndGet(143)) - 189ac363-eed6-432c-a097-916945c2ee0c: start LeaderElection
2019-09-17 21:33:12,765 [189ac363-eed6-432c-a097-916945c2ee0c@group-1809E5ACF8B0:LeaderElection2] INFO  impl.LeaderElection (LeaderElection.java:askForVotes(182)) - 189ac363-eed6-432c-a097-916945c2ee0c@group-1809E5ACF8B0:LeaderElection2: begin an election at term 1 for -1: [189ac363-eed6-432c-a097-916945c2ee0c:192.168.5.156:39045], old=null
2019-09-17 21:33:12,765 [189ac363-eed6-432c-a097-916945c2ee0c@group-1809E5ACF8B0:LeaderElection2] INFO  impl.RoleInfo (RoleInfo.java:shutdownLeaderElection(134)) - 189ac363-eed6-432c-a097-916945c2ee0c: shutdown LeaderElection
2019-09-17 21:33:12,765 [189ac363-eed6-432c-a097-916945c2ee0c@group-1809E5ACF8B0:LeaderElection2] INFO  impl.RaftServerImpl (RaftServerImpl.java:setRole(174)) - 189ac363-eed6-432c-a097-916945c2ee0c@group-1809E5ACF8B0: changes role from CANDIDATE to LEADER at term 1 for changeToLeader
2019-09-17 21:33:12,765 [189ac363-eed6-432c-a097-916945c2ee0c@group-1809E5ACF8B0:LeaderElection2] INFO  impl.RaftServerImpl (ServerState.java:setLeader(253)) - 189ac363-eed6-432c-a097-916945c2ee0c@group-1809E5ACF8B0: change Leader from null to 189ac363-eed6-432c-a097-916945c2ee0c at term 1 for becomeLeader, leader elected after 5214ms
2019-09-17 21:33:12,765 [189ac363-eed6-432c-a097-916945c2ee0c@group-1809E5ACF8B0:LeaderElection2] INFO  server.RaftServerConfigKeys (ConfUtils.java:logGet(43)) - raft.server.staging.catchup.gap = 1000 (default)
2019-09-17 21:33:12,766 [189ac363-eed6-432c-a097-916945c2ee0c@group-1809E5ACF8B0:LeaderElection2] INFO  server.RaftServerConfigKeys (ConfUtils.java:logGet(43)) - raft.server.rpc.sleep.time = 25ms (default)
2019-09-17 21:33:12,766 [189ac363-eed6-432c-a097-916945c2ee0c@group-1809E5ACF8B0:LeaderElection2] INFO  server.RaftServerConfigKeys (ConfUtils.java:logGet(43)) - raft.server.write.element-limit = 4096 (default)
2019-09-17 21:33:12,766 [189ac363-eed6-432c-a097-916945c2ee0c@group-1809E5ACF8B0:LeaderElection2] INFO  server.RaftServerConfigKeys (ConfUtils.java:logGet(43)) - raft.server.watch.timeout = 10s (default)
2019-09-17 21:33:12,766 [189ac363-eed6-432c-a097-916945c2ee0c@group-1809E5ACF8B0:LeaderElection2] INFO  server.RaftServerConfigKeys (ConfUtils.java:logGet(43)) - raft.server.watch.timeout.denomination = 1s (default)
2019-09-17 21:33:12,766 [189ac363-eed6-432c-a097-916945c2ee0c@group-1809E5ACF8B0:LeaderElection2] INFO  server.RaftServerConfigKeys (ConfUtils.java:logGet(43)) - raft.server.watch.element-limit = 65536 (default)
2019-09-17 21:33:12,770 [189ac363-eed6-432c-a097-916945c2ee0c@group-1809E5ACF8B0:LeaderElection2] INFO  impl.RoleInfo (RoleInfo.java:updateAndGet(143)) - 189ac363-eed6-432c-a097-916945c2ee0c: start LeaderState
2019-09-17 21:33:12,770 [189ac363-eed6-432c-a097-916945c2ee0c@group-1809E5ACF8B0:LeaderElection2] INFO  segmented.SegmentedRaftLogWorker (SegmentedRaftLogWorker.java:startLogSegment(380)) - 189ac363-eed6-432c-a097-916945c2ee0c@group-1809E5ACF8B0-SegmentedRaftLogWorker: Starting segment from index:0
2019-09-17 21:33:12,771 [189ac363-eed6-432c-a097-916945c2ee0c@group-1809E5ACF8B0:LeaderElection2] INFO  impl.RaftServerImpl (ServerState.java:setRaftConf(354)) - 189ac363-eed6-432c-a097-916945c2ee0c@group-1809E5ACF8B0: set configuration 0: [189ac363-eed6-432c-a097-916945c2ee0c:192.168.5.156:39045], old=null at 0
2019-09-17 21:33:12,882 [a460ff93-c08d-4282-b7cc-50bb3dafcd54@group-49B9DEFA816E-SegmentedRaftLogWorker] INFO  segmented.SegmentedRaftLogWorker (SegmentedRaftLogWorker.java:execute(569)) - a460ff93-c08d-4282-b7cc-50bb3dafcd54@group-49B9DEFA816E-SegmentedRaftLogWorker: created new log segment /workdir/hadoop-ozone/integration-test/target/test-dir/MiniOzoneClusterImpl-15065786-c9e2-42e7-bb6c-799e3296fc45/datanode-0/data/ratis/52114022-e42d-4153-9c21-49b9defa816e/current/log_inprogress_0
2019-09-17 21:33:12,882 [189ac363-eed6-432c-a097-916945c2ee0c@group-1809E5ACF8B0-SegmentedRaftLogWorker] INFO  segmented.SegmentedRaftLogWorker (SegmentedRaftLogWorker.java:execute(569)) - 189ac363-eed6-432c-a097-916945c2ee0c@group-1809E5ACF8B0-SegmentedRaftLogWorker: created new log segment /workdir/hadoop-ozone/integration-test/target/test-dir/MiniOzoneClusterImpl-15065786-c9e2-42e7-bb6c-799e3296fc45/datanode-1/data/ratis/33e7b86a-dd2d-434f-bebd-1809e5acf8b0/current/log_inprogress_0
2019-09-17 21:33:12,895 [Thread-205] INFO  impl.FollowerState (FollowerState.java:run(106)) - 795a677d-7507-47df-8929-b9685b3882d0:group-047E3ECB91F6 changes to CANDIDATE, lastRpcTime:5044, electionTimeout:5044ms
2019-09-17 21:33:12,897 [Thread-205] INFO  impl.RoleInfo (RoleInfo.java:shutdownFollowerState(121)) - 795a677d-7507-47df-8929-b9685b3882d0: shutdown FollowerState
2019-09-17 21:33:12,897 [Thread-205] INFO  impl.RaftServerImpl (RaftServerImpl.java:setRole(174)) - 795a677d-7507-47df-8929-b9685b3882d0@group-047E3ECB91F6: changes role from  FOLLOWER to CANDIDATE at term 0 for changeToCandidate
2019-09-17 21:33:12,898 [Thread-205] INFO  impl.RoleInfo (RoleInfo.java:updateAndGet(143)) - 795a677d-7507-47df-8929-b9685b3882d0: start LeaderElection
2019-09-17 21:33:12,923 [Thread-201] INFO  impl.FollowerState (FollowerState.java:run(106)) - f1b5fe2b-c693-47e4-a0f2-89b9d52b016f:group-572AFB98CC79 changes to CANDIDATE, lastRpcTime:5196, electionTimeout:5196ms
2019-09-17 21:33:12,923 [Thread-201] INFO  impl.RoleInfo (RoleInfo.java:shutdownFollowerState(121)) - f1b5fe2b-c693-47e4-a0f2-89b9d52b016f: shutdown FollowerState
2019-09-17 21:33:12,923 [Thread-201] INFO  impl.RaftServerImpl (RaftServerImpl.java:setRole(174)) - f1b5fe2b-c693-47e4-a0f2-89b9d52b016f@group-572AFB98CC79: changes role from  FOLLOWER to CANDIDATE at term 0 for changeToCandidate
2019-09-17 21:33:12,923 [Thread-201] INFO  impl.RoleInfo (RoleInfo.java:updateAndGet(143)) - f1b5fe2b-c693-47e4-a0f2-89b9d52b016f: start LeaderElection
2019-09-17 21:33:12,924 [795a677d-7507-47df-8929-b9685b3882d0@group-047E3ECB91F6:LeaderElection3] INFO  impl.LeaderElection (LeaderElection.java:askForVotes(182)) - 795a677d-7507-47df-8929-b9685b3882d0@group-047E3ECB91F6:LeaderElection3: begin an election at term 1 for -1: [795a677d-7507-47df-8929-b9685b3882d0:192.168.5.156:40091], old=null
2019-09-17 21:33:12,928 [795a677d-7507-47df-8929-b9685b3882d0@group-047E3ECB91F6:LeaderElection3] INFO  impl.RoleInfo (RoleInfo.java:shutdownLeaderElection(134)) - 795a677d-7507-47df-8929-b9685b3882d0: shutdown LeaderElection
2019-09-17 21:33:12,929 [795a677d-7507-47df-8929-b9685b3882d0@group-047E3ECB91F6:LeaderElection3] INFO  impl.RaftServerImpl (RaftServerImpl.java:setRole(174)) - 795a677d-7507-47df-8929-b9685b3882d0@group-047E3ECB91F6: changes role from CANDIDATE to LEADER at term 1 for changeToLeader
2019-09-17 21:33:12,929 [795a677d-7507-47df-8929-b9685b3882d0@group-047E3ECB91F6:LeaderElection3] INFO  impl.RaftServerImpl (ServerState.java:setLeader(253)) - 795a677d-7507-47df-8929-b9685b3882d0@group-047E3ECB91F6: change Leader from null to 795a677d-7507-47df-8929-b9685b3882d0 at term 1 for becomeLeader, leader elected after 5095ms
2019-09-17 21:33:12,930 [795a677d-7507-47df-8929-b9685b3882d0@group-047E3ECB91F6:LeaderElection3] INFO  server.RaftServerConfigKeys (ConfUtils.java:logGet(43)) - raft.server.staging.catchup.gap = 1000 (default)
2019-09-17 21:33:12,930 [795a677d-7507-47df-8929-b9685b3882d0@group-047E3ECB91F6:LeaderElection3] INFO  server.RaftServerConfigKeys (ConfUtils.java:logGet(43)) - raft.server.rpc.sleep.time = 25ms (default)
2019-09-17 21:33:12,930 [795a677d-7507-47df-8929-b9685b3882d0@group-047E3ECB91F6:LeaderElection3] INFO  server.RaftServerConfigKeys (ConfUtils.java:logGet(43)) - raft.server.write.element-limit = 4096 (default)
2019-09-17 21:33:12,930 [795a677d-7507-47df-8929-b9685b3882d0@group-047E3ECB91F6:LeaderElection3] INFO  server.RaftServerConfigKeys (ConfUtils.java:logGet(43)) - raft.server.watch.timeout = 10s (default)
2019-09-17 21:33:12,931 [795a677d-7507-47df-8929-b9685b3882d0@group-047E3ECB91F6:LeaderElection3] INFO  server.RaftServerConfigKeys (ConfUtils.java:logGet(43)) - raft.server.watch.timeout.denomination = 1s (default)
2019-09-17 21:33:12,931 [795a677d-7507-47df-8929-b9685b3882d0@group-047E3ECB91F6:LeaderElection3] INFO  server.RaftServerConfigKeys (ConfUtils.java:logGet(43)) - raft.server.watch.element-limit = 65536 (default)
2019-09-17 21:33:12,934 [795a677d-7507-47df-8929-b9685b3882d0@group-047E3ECB91F6:LeaderElection3] INFO  impl.RoleInfo (RoleInfo.java:updateAndGet(143)) - 795a677d-7507-47df-8929-b9685b3882d0: start LeaderState
2019-09-17 21:33:12,934 [795a677d-7507-47df-8929-b9685b3882d0@group-047E3ECB91F6:LeaderElection3] INFO  segmented.SegmentedRaftLogWorker (SegmentedRaftLogWorker.java:startLogSegment(380)) - 795a677d-7507-47df-8929-b9685b3882d0@group-047E3ECB91F6-SegmentedRaftLogWorker: Starting segment from index:0
2019-09-17 21:33:12,934 [795a677d-7507-47df-8929-b9685b3882d0@group-047E3ECB91F6:LeaderElection3] INFO  impl.RaftServerImpl (ServerState.java:setRaftConf(354)) - 795a677d-7507-47df-8929-b9685b3882d0@group-047E3ECB91F6: set configuration 0: [795a677d-7507-47df-8929-b9685b3882d0:192.168.5.156:40091], old=null at 0
2019-09-17 21:33:12,963 [f1b5fe2b-c693-47e4-a0f2-89b9d52b016f@group-572AFB98CC79:LeaderElection4] INFO  impl.LeaderElection (LeaderElection.java:askForVotes(182)) - f1b5fe2b-c693-47e4-a0f2-89b9d52b016f@group-572AFB98CC79:LeaderElection4: begin an election at term 1 for -1: [f1b5fe2b-c693-47e4-a0f2-89b9d52b016f:192.168.5.156:34164], old=null
2019-09-17 21:33:12,964 [f1b5fe2b-c693-47e4-a0f2-89b9d52b016f@group-572AFB98CC79:LeaderElection4] INFO  impl.RoleInfo (RoleInfo.java:shutdownLeaderElection(134)) - f1b5fe2b-c693-47e4-a0f2-89b9d52b016f: shutdown LeaderElection
2019-09-17 21:33:12,964 [f1b5fe2b-c693-47e4-a0f2-89b9d52b016f@group-572AFB98CC79:LeaderElection4] INFO  impl.RaftServerImpl (RaftServerImpl.java:setRole(174)) - f1b5fe2b-c693-47e4-a0f2-89b9d52b016f@group-572AFB98CC79: changes role from CANDIDATE to LEADER at term 1 for changeToLeader
2019-09-17 21:33:12,964 [f1b5fe2b-c693-47e4-a0f2-89b9d52b016f@group-572AFB98CC79:LeaderElection4] INFO  impl.RaftServerImpl (ServerState.java:setLeader(253)) - f1b5fe2b-c693-47e4-a0f2-89b9d52b016f@group-572AFB98CC79: change Leader from null to f1b5fe2b-c693-47e4-a0f2-89b9d52b016f at term 1 for becomeLeader, leader elected after 5280ms
2019-09-17 21:33:12,966 [f1b5fe2b-c693-47e4-a0f2-89b9d52b016f@group-572AFB98CC79:LeaderElection4] INFO  server.RaftServerConfigKeys (ConfUtils.java:logGet(43)) - raft.server.staging.catchup.gap = 1000 (default)
2019-09-17 21:33:12,966 [f1b5fe2b-c693-47e4-a0f2-89b9d52b016f@group-572AFB98CC79:LeaderElection4] INFO  server.RaftServerConfigKeys (ConfUtils.java:logGet(43)) - raft.server.rpc.sleep.time = 25ms (default)
2019-09-17 21:33:12,966 [f1b5fe2b-c693-47e4-a0f2-89b9d52b016f@group-572AFB98CC79:LeaderElection4] INFO  server.RaftServerConfigKeys (ConfUtils.java:logGet(43)) - raft.server.write.element-limit = 4096 (default)
2019-09-17 21:33:12,966 [f1b5fe2b-c693-47e4-a0f2-89b9d52b016f@group-572AFB98CC79:LeaderElection4] INFO  server.RaftServerConfigKeys (ConfUtils.java:logGet(43)) - raft.server.watch.timeout = 10s (default)
2019-09-17 21:33:12,967 [f1b5fe2b-c693-47e4-a0f2-89b9d52b016f@group-572AFB98CC79:LeaderElection4] INFO  server.RaftServerConfigKeys (ConfUtils.java:logGet(43)) - raft.server.watch.timeout.denomination = 1s (default)
2019-09-17 21:33:12,967 [f1b5fe2b-c693-47e4-a0f2-89b9d52b016f@group-572AFB98CC79:LeaderElection4] INFO  server.RaftServerConfigKeys (ConfUtils.java:logGet(43)) - raft.server.watch.element-limit = 65536 (default)
2019-09-17 21:33:12,970 [f1b5fe2b-c693-47e4-a0f2-89b9d52b016f@group-572AFB98CC79:LeaderElection4] INFO  impl.RoleInfo (RoleInfo.java:updateAndGet(143)) - f1b5fe2b-c693-47e4-a0f2-89b9d52b016f: start LeaderState
2019-09-17 21:33:12,970 [f1b5fe2b-c693-47e4-a0f2-89b9d52b016f@group-572AFB98CC79:LeaderElection4] INFO  segmented.SegmentedRaftLogWorker (SegmentedRaftLogWorker.java:startLogSegment(380)) - f1b5fe2b-c693-47e4-a0f2-89b9d52b016f@group-572AFB98CC79-SegmentedRaftLogWorker: Starting segment from index:0
2019-09-17 21:33:12,971 [f1b5fe2b-c693-47e4-a0f2-89b9d52b016f@group-572AFB98CC79:LeaderElection4] INFO  impl.RaftServerImpl (ServerState.java:setRaftConf(354)) - f1b5fe2b-c693-47e4-a0f2-89b9d52b016f@group-572AFB98CC79: set configuration 0: [f1b5fe2b-c693-47e4-a0f2-89b9d52b016f:192.168.5.156:34164], old=null at 0
2019-09-17 21:33:12,982 [795a677d-7507-47df-8929-b9685b3882d0@group-047E3ECB91F6-SegmentedRaftLogWorker] INFO  segmented.SegmentedRaftLogWorker (SegmentedRaftLogWorker.java:execute(569)) - 795a677d-7507-47df-8929-b9685b3882d0@group-047E3ECB91F6-SegmentedRaftLogWorker: created new log segment /workdir/hadoop-ozone/integration-test/target/test-dir/MiniOzoneClusterImpl-15065786-c9e2-42e7-bb6c-799e3296fc45/datanode-3/data/ratis/6c932377-ec88-491e-8944-047e3ecb91f6/current/log_inprogress_0
2019-09-17 21:33:13,010 [Thread-209] INFO  impl.FollowerState (FollowerState.java:run(106)) - f1b5fe2b-c693-47e4-a0f2-89b9d52b016f:group-A60003AD97CE changes to CANDIDATE, lastRpcTime:5028, electionTimeout:5028ms
2019-09-17 21:33:13,011 [Thread-209] INFO  impl.RoleInfo (RoleInfo.java:shutdownFollowerState(121)) - f1b5fe2b-c693-47e4-a0f2-89b9d52b016f: shutdown FollowerState
2019-09-17 21:33:13,011 [Thread-209] INFO  impl.RaftServerImpl (RaftServerImpl.java:setRole(174)) - f1b5fe2b-c693-47e4-a0f2-89b9d52b016f@group-A60003AD97CE: changes role from  FOLLOWER to CANDIDATE at term 0 for changeToCandidate
2019-09-17 21:33:13,011 [Thread-209] INFO  impl.RoleInfo (RoleInfo.java:updateAndGet(143)) - f1b5fe2b-c693-47e4-a0f2-89b9d52b016f: start LeaderElection
2019-09-17 21:33:13,024 [f1b5fe2b-c693-47e4-a0f2-89b9d52b016f@group-572AFB98CC79-SegmentedRaftLogWorker] INFO  segmented.SegmentedRaftLogWorker (SegmentedRaftLogWorker.java:execute(569)) - f1b5fe2b-c693-47e4-a0f2-89b9d52b016f@group-572AFB98CC79-SegmentedRaftLogWorker: created new log segment /workdir/hadoop-ozone/integration-test/target/test-dir/MiniOzoneClusterImpl-15065786-c9e2-42e7-bb6c-799e3296fc45/datanode-2/data/ratis/b98b334b-ea3e-4efa-9bc2-572afb98cc79/current/log_inprogress_0
2019-09-17 21:33:13,033 [Thread-214] INFO  impl.FollowerState (FollowerState.java:run(106)) - 189ac363-eed6-432c-a097-916945c2ee0c:group-A60003AD97CE changes to CANDIDATE, lastRpcTime:5024, electionTimeout:5024ms
2019-09-17 21:33:13,034 [Thread-214] INFO  impl.RoleInfo (RoleInfo.java:shutdownFollowerState(121)) - 189ac363-eed6-432c-a097-916945c2ee0c: shutdown FollowerState
2019-09-17 21:33:13,034 [Thread-214] INFO  impl.RaftServerImpl (RaftServerImpl.java:setRole(174)) - 189ac363-eed6-432c-a097-916945c2ee0c@group-A60003AD97CE: changes role from  FOLLOWER to CANDIDATE at term 0 for changeToCandidate
2019-09-17 21:33:13,034 [Thread-214] INFO  impl.RoleInfo (RoleInfo.java:updateAndGet(143)) - 189ac363-eed6-432c-a097-916945c2ee0c: start LeaderElection
2019-09-17 21:33:13,041 [f1b5fe2b-c693-47e4-a0f2-89b9d52b016f@group-A60003AD97CE:LeaderElection5] INFO  impl.LeaderElection (LeaderElection.java:askForVotes(182)) - f1b5fe2b-c693-47e4-a0f2-89b9d52b016f@group-A60003AD97CE:LeaderElection5: begin an election at term 1 for -1: [f1b5fe2b-c693-47e4-a0f2-89b9d52b016f:192.168.5.156:34164, a460ff93-c08d-4282-b7cc-50bb3dafcd54:192.168.5.156:42843, 189ac363-eed6-432c-a097-916945c2ee0c:192.168.5.156:39045], old=null
2019-09-17 21:33:13,059 [189ac363-eed6-432c-a097-916945c2ee0c@group-A60003AD97CE:LeaderElection6] INFO  impl.LeaderElection (LeaderElection.java:askForVotes(182)) - 189ac363-eed6-432c-a097-916945c2ee0c@group-A60003AD97CE:LeaderElection6: begin an election at term 1 for -1: [f1b5fe2b-c693-47e4-a0f2-89b9d52b016f:192.168.5.156:34164, a460ff93-c08d-4282-b7cc-50bb3dafcd54:192.168.5.156:42843, 189ac363-eed6-432c-a097-916945c2ee0c:192.168.5.156:39045], old=null
2019-09-17 21:33:13,071 [Thread-210] INFO  impl.FollowerState (FollowerState.java:run(106)) - a460ff93-c08d-4282-b7cc-50bb3dafcd54:group-A60003AD97CE changes to CANDIDATE, lastRpcTime:5088, electionTimeout:5087ms
2019-09-17 21:33:13,071 [Thread-210] INFO  impl.RoleInfo (RoleInfo.java:shutdownFollowerState(121)) - a460ff93-c08d-4282-b7cc-50bb3dafcd54: shutdown FollowerState
2019-09-17 21:33:13,071 [Thread-210] INFO  impl.RaftServerImpl (RaftServerImpl.java:setRole(174)) - a460ff93-c08d-4282-b7cc-50bb3dafcd54@group-A60003AD97CE: changes role from  FOLLOWER to CANDIDATE at term 0 for changeToCandidate
2019-09-17 21:33:13,071 [Thread-210] INFO  impl.RoleInfo (RoleInfo.java:updateAndGet(143)) - a460ff93-c08d-4282-b7cc-50bb3dafcd54: start LeaderElection
2019-09-17 21:33:13,101 [a460ff93-c08d-4282-b7cc-50bb3dafcd54@group-A60003AD97CE:LeaderElection7] INFO  impl.LeaderElection (LeaderElection.java:askForVotes(182)) - a460ff93-c08d-4282-b7cc-50bb3dafcd54@group-A60003AD97CE:LeaderElection7: begin an election at term 1 for -1: [f1b5fe2b-c693-47e4-a0f2-89b9d52b016f:192.168.5.156:34164, a460ff93-c08d-4282-b7cc-50bb3dafcd54:192.168.5.156:42843, 189ac363-eed6-432c-a097-916945c2ee0c:192.168.5.156:39045], old=null
2019-09-17 21:33:13,115 [189ac363-eed6-432c-a097-916945c2ee0c@group-A60003AD97CE:LeaderElection6] INFO  impl.LeaderElection (LeaderElection.java:logAndReturn(56)) - 189ac363-eed6-432c-a097-916945c2ee0c@group-A60003AD97CE:LeaderElection6: Election REJECTED; received 2 response(s) [189ac363-eed6-432c-a097-916945c2ee0c<-f1b5fe2b-c693-47e4-a0f2-89b9d52b016f#0:FAIL-t1, 189ac363-eed6-432c-a097-916945c2ee0c<-a460ff93-c08d-4282-b7cc-50bb3dafcd54#0:FAIL-t1] and 0 exception(s); 189ac363-eed6-432c-a097-916945c2ee0c@group-A60003AD97CE:t1, leader=null, voted=189ac363-eed6-432c-a097-916945c2ee0c, raftlog=189ac363-eed6-432c-a097-916945c2ee0c@group-A60003AD97CE-SegmentedRaftLog:OPENED:c-1,f-1,i0, conf=-1: [f1b5fe2b-c693-47e4-a0f2-89b9d52b016f:192.168.5.156:34164, a460ff93-c08d-4282-b7cc-50bb3dafcd54:192.168.5.156:42843, 189ac363-eed6-432c-a097-916945c2ee0c:192.168.5.156:39045], old=null
2019-09-17 21:33:13,115 [f1b5fe2b-c693-47e4-a0f2-89b9d52b016f@group-A60003AD97CE:LeaderElection5] INFO  impl.LeaderElection (LeaderElection.java:logAndReturn(56)) - f1b5fe2b-c693-47e4-a0f2-89b9d52b016f@group-A60003AD97CE:LeaderElection5: Election REJECTED; received 2 response(s) [f1b5fe2b-c693-47e4-a0f2-89b9d52b016f<-a460ff93-c08d-4282-b7cc-50bb3dafcd54#0:FAIL-t1, f1b5fe2b-c693-47e4-a0f2-89b9d52b016f<-189ac363-eed6-432c-a097-916945c2ee0c#0:FAIL-t1] and 0 exception(s); f1b5fe2b-c693-47e4-a0f2-89b9d52b016f@group-A60003AD97CE:t1, leader=null, voted=f1b5fe2b-c693-47e4-a0f2-89b9d52b016f, raftlog=f1b5fe2b-c693-47e4-a0f2-89b9d52b016f@group-A60003AD97CE-SegmentedRaftLog:OPENED:c-1,f-1,i0, conf=-1: [f1b5fe2b-c693-47e4-a0f2-89b9d52b016f:192.168.5.156:34164, a460ff93-c08d-4282-b7cc-50bb3dafcd54:192.168.5.156:42843, 189ac363-eed6-432c-a097-916945c2ee0c:192.168.5.156:39045], old=null
2019-09-17 21:33:13,119 [189ac363-eed6-432c-a097-916945c2ee0c@group-A60003AD97CE:LeaderElection6] INFO  impl.RaftServerImpl (RaftServerImpl.java:setRole(174)) - 189ac363-eed6-432c-a097-916945c2ee0c@group-A60003AD97CE: changes role from CANDIDATE to FOLLOWER at term 1 for DISCOVERED_A_NEW_TERM
2019-09-17 21:33:13,120 [f1b5fe2b-c693-47e4-a0f2-89b9d52b016f@group-A60003AD97CE:LeaderElection5] INFO  impl.RaftServerImpl (RaftServerImpl.java:setRole(174)) - f1b5fe2b-c693-47e4-a0f2-89b9d52b016f@group-A60003AD97CE: changes role from CANDIDATE to FOLLOWER at term 1 for DISCOVERED_A_NEW_TERM
2019-09-17 21:33:13,121 [f1b5fe2b-c693-47e4-a0f2-89b9d52b016f@group-A60003AD97CE:LeaderElection5] INFO  impl.RoleInfo (RoleInfo.java:shutdownLeaderElection(134)) - f1b5fe2b-c693-47e4-a0f2-89b9d52b016f: shutdown LeaderElection
2019-09-17 21:33:13,122 [189ac363-eed6-432c-a097-916945c2ee0c@group-A60003AD97CE:LeaderElection6] INFO  impl.RoleInfo (RoleInfo.java:shutdownLeaderElection(134)) - 189ac363-eed6-432c-a097-916945c2ee0c: shutdown LeaderElection
2019-09-17 21:33:13,122 [f1b5fe2b-c693-47e4-a0f2-89b9d52b016f@group-A60003AD97CE:LeaderElection5] INFO  impl.RoleInfo (RoleInfo.java:updateAndGet(143)) - f1b5fe2b-c693-47e4-a0f2-89b9d52b016f: start FollowerState
2019-09-17 21:33:13,122 [189ac363-eed6-432c-a097-916945c2ee0c@group-A60003AD97CE:LeaderElection6] INFO  impl.RoleInfo (RoleInfo.java:updateAndGet(143)) - 189ac363-eed6-432c-a097-916945c2ee0c: start FollowerState
2019-09-17 21:33:13,133 [a460ff93-c08d-4282-b7cc-50bb3dafcd54@group-A60003AD97CE:LeaderElection7] INFO  impl.LeaderElection (LeaderElection.java:logAndReturn(56)) - a460ff93-c08d-4282-b7cc-50bb3dafcd54@group-A60003AD97CE:LeaderElection7: Election REJECTED; received 2 response(s) [a460ff93-c08d-4282-b7cc-50bb3dafcd54<-f1b5fe2b-c693-47e4-a0f2-89b9d52b016f#0:FAIL-t1, a460ff93-c08d-4282-b7cc-50bb3dafcd54<-189ac363-eed6-432c-a097-916945c2ee0c#0:FAIL-t1] and 0 exception(s); a460ff93-c08d-4282-b7cc-50bb3dafcd54@group-A60003AD97CE:t1, leader=null, voted=a460ff93-c08d-4282-b7cc-50bb3dafcd54, raftlog=a460ff93-c08d-4282-b7cc-50bb3dafcd54@group-A60003AD97CE-SegmentedRaftLog:OPENED:c-1,f-1,i0, conf=-1: [f1b5fe2b-c693-47e4-a0f2-89b9d52b016f:192.168.5.156:34164, a460ff93-c08d-4282-b7cc-50bb3dafcd54:192.168.5.156:42843, 189ac363-eed6-432c-a097-916945c2ee0c:192.168.5.156:39045], old=null
2019-09-17 21:33:13,133 [a460ff93-c08d-4282-b7cc-50bb3dafcd54@group-A60003AD97CE:LeaderElection7] INFO  impl.RaftServerImpl (RaftServerImpl.java:setRole(174)) - a460ff93-c08d-4282-b7cc-50bb3dafcd54@group-A60003AD97CE: changes role from CANDIDATE to FOLLOWER at term 1 for DISCOVERED_A_NEW_TERM
2019-09-17 21:33:13,134 [a460ff93-c08d-4282-b7cc-50bb3dafcd54@group-A60003AD97CE:LeaderElection7] INFO  impl.RoleInfo (RoleInfo.java:shutdownLeaderElection(134)) - a460ff93-c08d-4282-b7cc-50bb3dafcd54: shutdown LeaderElection
2019-09-17 21:33:13,135 [a460ff93-c08d-4282-b7cc-50bb3dafcd54@group-A60003AD97CE:LeaderElection7] INFO  impl.RoleInfo (RoleInfo.java:updateAndGet(143)) - a460ff93-c08d-4282-b7cc-50bb3dafcd54: start FollowerState
2019-09-17 21:33:13,446 [grpc-default-executor-1] INFO  client.GrpcClientProtocolClient (GrpcClientProtocolClient.java:onNext(264)) - client-34D342B2C481->f1b5fe2b-c693-47e4-a0f2-89b9d52b016f: receive RaftClientReply:client-34D342B2C481->f1b5fe2b-c693-47e4-a0f2-89b9d52b016f@group-A60003AD97CE, cid=8, FAILED org.apache.ratis.protocol.NotLeaderException: Server f1b5fe2b-c693-47e4-a0f2-89b9d52b016f@group-A60003AD97CE is not the leader, logIndex=0, commits[f1b5fe2b-c693-47e4-a0f2-89b9d52b016f:c-1]
2019-09-17 21:33:13,818 [ReplicationMonitor] INFO  container.ReplicationManager (ReplicationManager.java:run(225)) - Replication Monitor Thread took 0 milliseconds for processing 1 containers.
2019-09-17 21:33:14,464 [Thread-224] INFO  impl.FollowerState (FollowerState.java:run(106)) - f1b5fe2b-c693-47e4-a0f2-89b9d52b016f:group-94692DBF38BF changes to CANDIDATE, lastRpcTime:5199, electionTimeout:5199ms
2019-09-17 21:33:14,465 [Thread-224] INFO  impl.RoleInfo (RoleInfo.java:shutdownFollowerState(121)) - f1b5fe2b-c693-47e4-a0f2-89b9d52b016f: shutdown FollowerState
2019-09-17 21:33:14,465 [Thread-224] INFO  impl.RaftServerImpl (RaftServerImpl.java:setRole(174)) - f1b5fe2b-c693-47e4-a0f2-89b9d52b016f@group-94692DBF38BF: changes role from  FOLLOWER to CANDIDATE at term 0 for changeToCandidate
2019-09-17 21:33:14,466 [Thread-224] INFO  impl.RoleInfo (RoleInfo.java:updateAndGet(143)) - f1b5fe2b-c693-47e4-a0f2-89b9d52b016f: start LeaderElection
2019-09-17 21:33:14,469 [grpc-default-executor-1] INFO  client.GrpcClientProtocolClient (GrpcClientProtocolClient.java:onNext(264)) - client-34D342B2C481->a460ff93-c08d-4282-b7cc-50bb3dafcd54: receive RaftClientReply:client-34D342B2C481->a460ff93-c08d-4282-b7cc-50bb3dafcd54@group-A60003AD97CE, cid=8, FAILED org.apache.ratis.protocol.NotLeaderException: Server a460ff93-c08d-4282-b7cc-50bb3dafcd54@group-A60003AD97CE is not the leader, logIndex=0, commits[a460ff93-c08d-4282-b7cc-50bb3dafcd54:c-1]
2019-09-17 21:33:14,481 [Thread-238] INFO  impl.FollowerState (FollowerState.java:run(106)) - f1b5fe2b-c693-47e4-a0f2-89b9d52b016f:group-5EA90BD75809 changes to CANDIDATE, lastRpcTime:5023, electionTimeout:5023ms
2019-09-17 21:33:14,481 [Thread-238] INFO  impl.RoleInfo (RoleInfo.java:shutdownFollowerState(121)) - f1b5fe2b-c693-47e4-a0f2-89b9d52b016f: shutdown FollowerState
2019-09-17 21:33:14,482 [Thread-238] INFO  impl.RaftServerImpl (RaftServerImpl.java:setRole(174)) - f1b5fe2b-c693-47e4-a0f2-89b9d52b016f@group-5EA90BD75809: changes role from  FOLLOWER to CANDIDATE at term 0 for changeToCandidate
2019-09-17 21:33:14,482 [Thread-238] INFO  impl.RoleInfo (RoleInfo.java:updateAndGet(143)) - f1b5fe2b-c693-47e4-a0f2-89b9d52b016f: start LeaderElection
2019-09-17 21:33:14,509 [f1b5fe2b-c693-47e4-a0f2-89b9d52b016f@group-94692DBF38BF:LeaderElection8] INFO  impl.LeaderElection (LeaderElection.java:askForVotes(182)) - f1b5fe2b-c693-47e4-a0f2-89b9d52b016f@group-94692DBF38BF:LeaderElection8: begin an election at term 1 for -1: [f1b5fe2b-c693-47e4-a0f2-89b9d52b016f:192.168.5.156:34164], old=null
2019-09-17 21:33:14,509 [f1b5fe2b-c693-47e4-a0f2-89b9d52b016f@group-94692DBF38BF:LeaderElection8] INFO  impl.RoleInfo (RoleInfo.java:shutdownLeaderElection(134)) - f1b5fe2b-c693-47e4-a0f2-89b9d52b016f: shutdown LeaderElection
2019-09-17 21:33:14,510 [f1b5fe2b-c693-47e4-a0f2-89b9d52b016f@group-94692DBF38BF:LeaderElection8] INFO  impl.RaftServerImpl (RaftServerImpl.java:setRole(174)) - f1b5fe2b-c693-47e4-a0f2-89b9d52b016f@group-94692DBF38BF: changes role from CANDIDATE to LEADER at term 1 for changeToLeader
2019-09-17 21:33:14,510 [f1b5fe2b-c693-47e4-a0f2-89b9d52b016f@group-94692DBF38BF:LeaderElection8] INFO  impl.RaftServerImpl (ServerState.java:setLeader(253)) - f1b5fe2b-c693-47e4-a0f2-89b9d52b016f@group-94692DBF38BF: change Leader from null to f1b5fe2b-c693-47e4-a0f2-89b9d52b016f at term 1 for becomeLeader, leader elected after 5256ms
2019-09-17 21:33:14,510 [f1b5fe2b-c693-47e4-a0f2-89b9d52b016f@group-94692DBF38BF:LeaderElection8] INFO  server.RaftServerConfigKeys (ConfUtils.java:logGet(43)) - raft.server.staging.catchup.gap = 1000 (default)
2019-09-17 21:33:14,510 [f1b5fe2b-c693-47e4-a0f2-89b9d52b016f@group-94692DBF38BF:LeaderElection8] INFO  server.RaftServerConfigKeys (ConfUtils.java:logGet(43)) - raft.server.rpc.sleep.time = 25ms (default)
2019-09-17 21:33:14,510 [f1b5fe2b-c693-47e4-a0f2-89b9d52b016f@group-94692DBF38BF:LeaderElection8] INFO  server.RaftServerConfigKeys (ConfUtils.java:logGet(43)) - raft.server.write.element-limit = 4096 (default)
2019-09-17 21:33:14,511 [f1b5fe2b-c693-47e4-a0f2-89b9d52b016f@group-94692DBF38BF:LeaderElection8] INFO  server.RaftServerConfigKeys (ConfUtils.java:logGet(43)) - raft.server.watch.timeout = 10s (default)
2019-09-17 21:33:14,511 [f1b5fe2b-c693-47e4-a0f2-89b9d52b016f@group-94692DBF38BF:LeaderElection8] INFO  server.RaftServerConfigKeys (ConfUtils.java:logGet(43)) - raft.server.watch.timeout.denomination = 1s (default)
2019-09-17 21:33:14,511 [f1b5fe2b-c693-47e4-a0f2-89b9d52b016f@group-94692DBF38BF:LeaderElection8] INFO  server.RaftServerConfigKeys (ConfUtils.java:logGet(43)) - raft.server.watch.element-limit = 65536 (default)
2019-09-17 21:33:14,514 [f1b5fe2b-c693-47e4-a0f2-89b9d52b016f@group-94692DBF38BF:LeaderElection8] INFO  impl.RoleInfo (RoleInfo.java:updateAndGet(143)) - f1b5fe2b-c693-47e4-a0f2-89b9d52b016f: start LeaderState
2019-09-17 21:33:14,514 [f1b5fe2b-c693-47e4-a0f2-89b9d52b016f@group-94692DBF38BF:LeaderElection8] INFO  segmented.SegmentedRaftLogWorker (SegmentedRaftLogWorker.java:startLogSegment(380)) - f1b5fe2b-c693-47e4-a0f2-89b9d52b016f@group-94692DBF38BF-SegmentedRaftLogWorker: Starting segment from index:0
2019-09-17 21:33:14,514 [f1b5fe2b-c693-47e4-a0f2-89b9d52b016f@group-94692DBF38BF:LeaderElection8] INFO  impl.RaftServerImpl (ServerState.java:setRaftConf(354)) - f1b5fe2b-c693-47e4-a0f2-89b9d52b016f@group-94692DBF38BF: set configuration 0: [f1b5fe2b-c693-47e4-a0f2-89b9d52b016f:192.168.5.156:34164], old=null at 0
2019-09-17 21:33:14,526 [f1b5fe2b-c693-47e4-a0f2-89b9d52b016f@group-5EA90BD75809:LeaderElection9] INFO  impl.LeaderElection (LeaderElection.java:askForVotes(182)) - f1b5fe2b-c693-47e4-a0f2-89b9d52b016f@group-5EA90BD75809:LeaderElection9: begin an election at term 1 for -1: [f1b5fe2b-c693-47e4-a0f2-89b9d52b016f:192.168.5.156:34164, a460ff93-c08d-4282-b7cc-50bb3dafcd54:192.168.5.156:42843, 189ac363-eed6-432c-a097-916945c2ee0c:192.168.5.156:39045], old=null
2019-09-17 21:33:14,551 [Thread-230] INFO  impl.FollowerState (FollowerState.java:run(106)) - 795a677d-7507-47df-8929-b9685b3882d0:group-D9E5C3B55E8F changes to CANDIDATE, lastRpcTime:5187, electionTimeout:5174ms
2019-09-17 21:33:14,551 [Thread-234] INFO  impl.FollowerState (FollowerState.java:run(106)) - a460ff93-c08d-4282-b7cc-50bb3dafcd54:group-5EA90BD75809 changes to CANDIDATE, lastRpcTime:5102, electionTimeout:5085ms
2019-09-17 21:33:14,552 [Thread-230] INFO  impl.RoleInfo (RoleInfo.java:shutdownFollowerState(121)) - 795a677d-7507-47df-8929-b9685b3882d0: shutdown FollowerState
2019-09-17 21:33:14,553 [Thread-234] INFO  impl.RoleInfo (RoleInfo.java:shutdownFollowerState(121)) - a460ff93-c08d-4282-b7cc-50bb3dafcd54: shutdown FollowerState
2019-09-17 21:33:14,554 [Thread-230] INFO  impl.RaftServerImpl (RaftServerImpl.java:setRole(174)) - 795a677d-7507-47df-8929-b9685b3882d0@group-D9E5C3B55E8F: changes role from  FOLLOWER to CANDIDATE at term 0 for changeToCandidate
2019-09-17 21:33:14,556 [grpc-default-executor-0] INFO  impl.RaftServerImpl (RaftServerImpl.java:setRole(174)) - 189ac363-eed6-432c-a097-916945c2ee0c@group-5EA90BD75809: changes role from  FOLLOWER to FOLLOWER at term 1 for recognizeCandidate:f1b5fe2b-c693-47e4-a0f2-89b9d52b016f
2019-09-17 21:33:14,554 [Thread-234] INFO  impl.RaftServerImpl (RaftServerImpl.java:setRole(174)) - a460ff93-c08d-4282-b7cc-50bb3dafcd54@group-5EA90BD75809: changes role from  FOLLOWER to CANDIDATE at term 0 for changeToCandidate
2019-09-17 21:33:14,556 [grpc-default-executor-0] INFO  impl.RoleInfo (RoleInfo.java:shutdownFollowerState(121)) - 189ac363-eed6-432c-a097-916945c2ee0c: shutdown FollowerState
2019-09-17 21:33:14,556 [Thread-230] INFO  impl.RoleInfo (RoleInfo.java:updateAndGet(143)) - 795a677d-7507-47df-8929-b9685b3882d0: start LeaderElection
2019-09-17 21:33:14,556 [Thread-234] INFO  impl.RoleInfo (RoleInfo.java:updateAndGet(143)) - a460ff93-c08d-4282-b7cc-50bb3dafcd54: start LeaderElection
2019-09-17 21:33:14,557 [Thread-237] INFO  impl.FollowerState (FollowerState.java:run(115)) - 189ac363-eed6-432c-a097-916945c2ee0c: FollowerState was interrupted: java.lang.InterruptedException: sleep interrupted
2019-09-17 21:33:14,557 [grpc-default-executor-0] INFO  impl.RoleInfo (RoleInfo.java:updateAndGet(143)) - 189ac363-eed6-432c-a097-916945c2ee0c: start FollowerState
2019-09-17 21:33:14,563 [grpc-default-executor-1] INFO  impl.RaftServerImpl (RaftServerImpl.java:setRole(174)) - a460ff93-c08d-4282-b7cc-50bb3dafcd54@group-5EA90BD75809: changes role from CANDIDATE to FOLLOWER at term 1 for recognizeCandidate:f1b5fe2b-c693-47e4-a0f2-89b9d52b016f
2019-09-17 21:33:14,563 [grpc-default-executor-1] INFO  impl.RoleInfo (RoleInfo.java:shutdownLeaderElection(134)) - a460ff93-c08d-4282-b7cc-50bb3dafcd54: shutdown LeaderElection
2019-09-17 21:33:14,563 [grpc-default-executor-1] INFO  impl.RoleInfo (RoleInfo.java:updateAndGet(143)) - a460ff93-c08d-4282-b7cc-50bb3dafcd54: start FollowerState
2019-09-17 21:33:14,577 [f1b5fe2b-c693-47e4-a0f2-89b9d52b016f@group-94692DBF38BF-SegmentedRaftLogWorker] INFO  segmented.SegmentedRaftLogWorker (SegmentedRaftLogWorker.java:execute(569)) - f1b5fe2b-c693-47e4-a0f2-89b9d52b016f@group-94692DBF38BF-SegmentedRaftLogWorker: created new log segment /workdir/hadoop-ozone/integration-test/target/test-dir/MiniOzoneClusterImpl-15065786-c9e2-42e7-bb6c-799e3296fc45/datanode-2/data/ratis/e9edef68-fd71-4594-8b22-94692dbf38bf/current/log_inprogress_0
2019-09-17 21:33:14,594 [795a677d-7507-47df-8929-b9685b3882d0@group-D9E5C3B55E8F:LeaderElection10] INFO  impl.LeaderElection (LeaderElection.java:askForVotes(182)) - 795a677d-7507-47df-8929-b9685b3882d0@group-D9E5C3B55E8F:LeaderElection10: begin an election at term 1 for -1: [795a677d-7507-47df-8929-b9685b3882d0:192.168.5.156:40091], old=null
2019-09-17 21:33:14,594 [795a677d-7507-47df-8929-b9685b3882d0@group-D9E5C3B55E8F:LeaderElection10] INFO  impl.RoleInfo (RoleInfo.java:shutdownLeaderElection(134)) - 795a677d-7507-47df-8929-b9685b3882d0: shutdown LeaderElection
2019-09-17 21:33:14,594 [795a677d-7507-47df-8929-b9685b3882d0@group-D9E5C3B55E8F:LeaderElection10] INFO  impl.RaftServerImpl (RaftServerImpl.java:setRole(174)) - 795a677d-7507-47df-8929-b9685b3882d0@group-D9E5C3B55E8F: changes role from CANDIDATE to LEADER at term 1 for changeToLeader
2019-09-17 21:33:14,594 [795a677d-7507-47df-8929-b9685b3882d0@group-D9E5C3B55E8F:LeaderElection10] INFO  impl.RaftServerImpl (ServerState.java:setLeader(253)) - 795a677d-7507-47df-8929-b9685b3882d0@group-D9E5C3B55E8F: change Leader from null to 795a677d-7507-47df-8929-b9685b3882d0 at term 1 for becomeLeader, leader elected after 5240ms
2019-09-17 21:33:14,595 [795a677d-7507-47df-8929-b9685b3882d0@group-D9E5C3B55E8F:LeaderElection10] INFO  server.RaftServerConfigKeys (ConfUtils.java:logGet(43)) - raft.server.staging.catchup.gap = 1000 (default)
2019-09-17 21:33:14,595 [795a677d-7507-47df-8929-b9685b3882d0@group-D9E5C3B55E8F:LeaderElection10] INFO  server.RaftServerConfigKeys (ConfUtils.java:logGet(43)) - raft.server.rpc.sleep.time = 25ms (default)
2019-09-17 21:33:14,595 [795a677d-7507-47df-8929-b9685b3882d0@group-D9E5C3B55E8F:LeaderElection10] INFO  server.RaftServerConfigKeys (ConfUtils.java:logGet(43)) - raft.server.write.element-limit = 4096 (default)
2019-09-17 21:33:14,595 [795a677d-7507-47df-8929-b9685b3882d0@group-D9E5C3B55E8F:LeaderElection10] INFO  server.RaftServerConfigKeys (ConfUtils.java:logGet(43)) - raft.server.watch.timeout = 10s (default)
2019-09-17 21:33:14,595 [795a677d-7507-47df-8929-b9685b3882d0@group-D9E5C3B55E8F:LeaderElection10] INFO  server.RaftServerConfigKeys (ConfUtils.java:logGet(43)) - raft.server.watch.timeout.denomination = 1s (default)
2019-09-17 21:33:14,595 [795a677d-7507-47df-8929-b9685b3882d0@group-D9E5C3B55E8F:LeaderElection10] INFO  server.RaftServerConfigKeys (ConfUtils.java:logGet(43)) - raft.server.watch.element-limit = 65536 (default)
2019-09-17 21:33:14,597 [f1b5fe2b-c693-47e4-a0f2-89b9d52b016f@group-5EA90BD75809:LeaderElection9] INFO  impl.LeaderElection (LeaderElection.java:logAndReturn(56)) - f1b5fe2b-c693-47e4-a0f2-89b9d52b016f@group-5EA90BD75809:LeaderElection9: Election PASSED; received 1 response(s) [f1b5fe2b-c693-47e4-a0f2-89b9d52b016f<-189ac363-eed6-432c-a097-916945c2ee0c#0:OK-t1] and 0 exception(s); f1b5fe2b-c693-47e4-a0f2-89b9d52b016f@group-5EA90BD75809:t1, leader=null, voted=f1b5fe2b-c693-47e4-a0f2-89b9d52b016f, raftlog=f1b5fe2b-c693-47e4-a0f2-89b9d52b016f@group-5EA90BD75809-SegmentedRaftLog:OPENED:c-1,f-1,i0, conf=-1: [f1b5fe2b-c693-47e4-a0f2-89b9d52b016f:192.168.5.156:34164, a460ff93-c08d-4282-b7cc-50bb3dafcd54:192.168.5.156:42843, 189ac363-eed6-432c-a097-916945c2ee0c:192.168.5.156:39045], old=null
2019-09-17 21:33:14,597 [f1b5fe2b-c693-47e4-a0f2-89b9d52b016f@group-5EA90BD75809:LeaderElection9] INFO  impl.RoleInfo (RoleInfo.java:shutdownLeaderElection(134)) - f1b5fe2b-c693-47e4-a0f2-89b9d52b016f: shutdown LeaderElection
2019-09-17 21:33:14,599 [f1b5fe2b-c693-47e4-a0f2-89b9d52b016f@group-5EA90BD75809:LeaderElection9] INFO  impl.RaftServerImpl (RaftServerImpl.java:setRole(174)) - f1b5fe2b-c693-47e4-a0f2-89b9d52b016f@group-5EA90BD75809: changes role from CANDIDATE to LEADER at term 1 for changeToLeader
2019-09-17 21:33:14,599 [f1b5fe2b-c693-47e4-a0f2-89b9d52b016f@group-5EA90BD75809:LeaderElection9] INFO  impl.RaftServerImpl (ServerState.java:setLeader(253)) - f1b5fe2b-c693-47e4-a0f2-89b9d52b016f@group-5EA90BD75809: change Leader from null to f1b5fe2b-c693-47e4-a0f2-89b9d52b016f at term 1 for becomeLeader, leader elected after 5159ms
2019-09-17 21:33:14,599 [f1b5fe2b-c693-47e4-a0f2-89b9d52b016f@group-5EA90BD75809:LeaderElection9] INFO  server.RaftServerConfigKeys (ConfUtils.java:logGet(43)) - raft.server.staging.catchup.gap = 1000 (default)
2019-09-17 21:33:14,599 [f1b5fe2b-c693-47e4-a0f2-89b9d52b016f@group-5EA90BD75809:LeaderElection9] INFO  server.RaftServerConfigKeys (ConfUtils.java:logGet(43)) - raft.server.rpc.sleep.time = 25ms (default)
2019-09-17 21:33:14,600 [f1b5fe2b-c693-47e4-a0f2-89b9d52b016f@group-5EA90BD75809:LeaderElection9] INFO  server.RaftServerConfigKeys (ConfUtils.java:logGet(43)) - raft.server.write.element-limit = 4096 (default)
2019-09-17 21:33:14,600 [f1b5fe2b-c693-47e4-a0f2-89b9d52b016f@group-5EA90BD75809:LeaderElection9] INFO  server.RaftServerConfigKeys (ConfUtils.java:logGet(43)) - raft.server.watch.timeout = 10s (default)
2019-09-17 21:33:14,600 [f1b5fe2b-c693-47e4-a0f2-89b9d52b016f@group-5EA90BD75809:LeaderElection9] INFO  server.RaftServerConfigKeys (ConfUtils.java:logGet(43)) - raft.server.watch.timeout.denomination = 1s (default)
2019-09-17 21:33:14,600 [f1b5fe2b-c693-47e4-a0f2-89b9d52b016f@group-5EA90BD75809:LeaderElection9] INFO  server.RaftServerConfigKeys (ConfUtils.java:logGet(43)) - raft.server.watch.element-limit = 65536 (default)
2019-09-17 21:33:14,601 [795a677d-7507-47df-8929-b9685b3882d0@group-D9E5C3B55E8F:LeaderElection10] INFO  impl.RoleInfo (RoleInfo.java:updateAndGet(143)) - 795a677d-7507-47df-8929-b9685b3882d0: start LeaderState
2019-09-17 21:33:14,603 [795a677d-7507-47df-8929-b9685b3882d0@group-D9E5C3B55E8F:LeaderElection10] INFO  segmented.SegmentedRaftLogWorker (SegmentedRaftLogWorker.java:startLogSegment(380)) - 795a677d-7507-47df-8929-b9685b3882d0@group-D9E5C3B55E8F-SegmentedRaftLogWorker: Starting segment from index:0
2019-09-17 21:33:14,603 [795a677d-7507-47df-8929-b9685b3882d0@group-D9E5C3B55E8F:LeaderElection10] INFO  impl.RaftServerImpl (ServerState.java:setRaftConf(354)) - 795a677d-7507-47df-8929-b9685b3882d0@group-D9E5C3B55E8F: set configuration 0: [795a677d-7507-47df-8929-b9685b3882d0:192.168.5.156:40091], old=null at 0
2019-09-17 21:33:14,609 [f1b5fe2b-c693-47e4-a0f2-89b9d52b016f@group-5EA90BD75809:LeaderElection9] INFO  server.RaftServerConfigKeys (ConfUtils.java:logGet(43)) - raft.server.log.appender.snapshot.chunk.size.max = 16MB (=16777216) (default)
2019-09-17 21:33:14,609 [f1b5fe2b-c693-47e4-a0f2-89b9d52b016f@group-5EA90BD75809:LeaderElection9] INFO  server.RaftServerConfigKeys (ConfUtils.java:logGet(43)) - raft.server.log.appender.buffer.byte-limit = 33554432 (custom)
2019-09-17 21:33:14,610 [f1b5fe2b-c693-47e4-a0f2-89b9d52b016f@group-5EA90BD75809:LeaderElection9] INFO  server.RaftServerConfigKeys (ConfUtils.java:logGet(43)) - raft.server.log.appender.buffer.element-limit = 1 (custom)
2019-09-17 21:33:14,614 [f1b5fe2b-c693-47e4-a0f2-89b9d52b016f@group-5EA90BD75809:LeaderElection9] INFO  grpc.GrpcConfigKeys$Server (ConfUtils.java:logGet(43)) - raft.grpc.server.leader.outstanding.appends.max = 128 (default)
2019-09-17 21:33:14,614 [f1b5fe2b-c693-47e4-a0f2-89b9d52b016f@group-5EA90BD75809:LeaderElection9] INFO  server.RaftServerConfigKeys (ConfUtils.java:logGet(43)) - raft.server.rpc.request.timeout = 3000ms (default)
2019-09-17 21:33:14,615 [f1b5fe2b-c693-47e4-a0f2-89b9d52b016f@group-5EA90BD75809:LeaderElection9] INFO  server.RaftServerConfigKeys (ConfUtils.java:logGet(43)) - raft.server.log.appender.install.snapshot.enabled = false (custom)
2019-09-17 21:33:14,616 [f1b5fe2b-c693-47e4-a0f2-89b9d52b016f@group-5EA90BD75809:LeaderElection9] INFO  server.RaftServerConfigKeys (ConfUtils.java:logGet(43)) - raft.server.log.appender.snapshot.chunk.size.max = 16MB (=16777216) (default)
2019-09-17 21:33:14,616 [f1b5fe2b-c693-47e4-a0f2-89b9d52b016f@group-5EA90BD75809:LeaderElection9] INFO  server.RaftServerConfigKeys (ConfUtils.java:logGet(43)) - raft.server.log.appender.buffer.byte-limit = 33554432 (custom)
2019-09-17 21:33:14,616 [f1b5fe2b-c693-47e4-a0f2-89b9d52b016f@group-5EA90BD75809:LeaderElection9] INFO  server.RaftServerConfigKeys (ConfUtils.java:logGet(43)) - raft.server.log.appender.buffer.element-limit = 1 (custom)
2019-09-17 21:33:14,617 [f1b5fe2b-c693-47e4-a0f2-89b9d52b016f@group-5EA90BD75809:LeaderElection9] INFO  grpc.GrpcConfigKeys$Server (ConfUtils.java:logGet(43)) - raft.grpc.server.leader.outstanding.appends.max = 128 (default)
2019-09-17 21:33:14,617 [f1b5fe2b-c693-47e4-a0f2-89b9d52b016f@group-5EA90BD75809:LeaderElection9] INFO  server.RaftServerConfigKeys (ConfUtils.java:logGet(43)) - raft.server.rpc.request.timeout = 3000ms (default)
2019-09-17 21:33:14,617 [f1b5fe2b-c693-47e4-a0f2-89b9d52b016f@group-5EA90BD75809:LeaderElection9] INFO  server.RaftServerConfigKeys (ConfUtils.java:logGet(43)) - raft.server.log.appender.install.snapshot.enabled = false (custom)
2019-09-17 21:33:14,619 [f1b5fe2b-c693-47e4-a0f2-89b9d52b016f@group-5EA90BD75809:LeaderElection9] INFO  impl.RoleInfo (RoleInfo.java:updateAndGet(143)) - f1b5fe2b-c693-47e4-a0f2-89b9d52b016f: start LeaderState
2019-09-17 21:33:14,619 [f1b5fe2b-c693-47e4-a0f2-89b9d52b016f@group-5EA90BD75809:LeaderElection9] INFO  segmented.SegmentedRaftLogWorker (SegmentedRaftLogWorker.java:startLogSegment(380)) - f1b5fe2b-c693-47e4-a0f2-89b9d52b016f@group-5EA90BD75809-SegmentedRaftLogWorker: Starting segment from index:0
2019-09-17 21:33:14,619 [a460ff93-c08d-4282-b7cc-50bb3dafcd54@group-5EA90BD75809:LeaderElection11] INFO  impl.LeaderElection (LeaderElection.java:askForVotes(182)) - a460ff93-c08d-4282-b7cc-50bb3dafcd54@group-5EA90BD75809:LeaderElection11: begin an election at term 2 for -1: [f1b5fe2b-c693-47e4-a0f2-89b9d52b016f:192.168.5.156:34164, a460ff93-c08d-4282-b7cc-50bb3dafcd54:192.168.5.156:42843, 189ac363-eed6-432c-a097-916945c2ee0c:192.168.5.156:39045], old=null
2019-09-17 21:33:14,620 [f1b5fe2b-c693-47e4-a0f2-89b9d52b016f@group-5EA90BD75809:LeaderElection9] INFO  impl.RaftServerImpl (ServerState.java:setRaftConf(354)) - f1b5fe2b-c693-47e4-a0f2-89b9d52b016f@group-5EA90BD75809: set configuration 0: [f1b5fe2b-c693-47e4-a0f2-89b9d52b016f:192.168.5.156:34164, a460ff93-c08d-4282-b7cc-50bb3dafcd54:192.168.5.156:42843, 189ac363-eed6-432c-a097-916945c2ee0c:192.168.5.156:39045], old=null at 0
2019-09-17 21:33:14,621 [a460ff93-c08d-4282-b7cc-50bb3dafcd54@group-5EA90BD75809:LeaderElection11] INFO  impl.LeaderElection (LeaderElection.java:logAndReturn(56)) - a460ff93-c08d-4282-b7cc-50bb3dafcd54@group-5EA90BD75809:LeaderElection11: Election REJECTED; received 0 response(s) [] and 0 exception(s); a460ff93-c08d-4282-b7cc-50bb3dafcd54@group-5EA90BD75809:t2, leader=null, voted=a460ff93-c08d-4282-b7cc-50bb3dafcd54, raftlog=a460ff93-c08d-4282-b7cc-50bb3dafcd54@group-5EA90BD75809-SegmentedRaftLog:OPENED:c-1,f-1,i0, conf=-1: [f1b5fe2b-c693-47e4-a0f2-89b9d52b016f:192.168.5.156:34164, a460ff93-c08d-4282-b7cc-50bb3dafcd54:192.168.5.156:42843, 189ac363-eed6-432c-a097-916945c2ee0c:192.168.5.156:39045], old=null
2019-09-17 21:33:14,658 [grpc-default-executor-1] INFO  impl.RaftServerImpl (ServerState.java:setLeader(253)) - f1b5fe2b-c693-47e4-a0f2-89b9d52b016f@group-5EA90BD75809: change Leader from f1b5fe2b-c693-47e4-a0f2-89b9d52b016f to null at term 2 for updateCurrentTerm
2019-09-17 21:33:14,659 [grpc-default-executor-1] INFO  impl.RaftServerImpl (RaftServerImpl.java:setRole(174)) - f1b5fe2b-c693-47e4-a0f2-89b9d52b016f@group-5EA90BD75809: changes role from    LEADER to FOLLOWER at term 2 for recognizeCandidate:a460ff93-c08d-4282-b7cc-50bb3dafcd54
2019-09-17 21:33:14,659 [grpc-default-executor-0] INFO  impl.RaftServerImpl (RaftServerImpl.java:setRole(174)) - 189ac363-eed6-432c-a097-916945c2ee0c@group-5EA90BD75809: changes role from  FOLLOWER to FOLLOWER at term 2 for recognizeCandidate:a460ff93-c08d-4282-b7cc-50bb3dafcd54
2019-09-17 21:33:14,660 [grpc-default-executor-1] INFO  impl.RoleInfo (RoleInfo.java:shutdownLeaderState(104)) - f1b5fe2b-c693-47e4-a0f2-89b9d52b016f: shutdown LeaderState
2019-09-17 21:33:14,660 [grpc-default-executor-0] INFO  impl.RoleInfo (RoleInfo.java:shutdownFollowerState(121)) - 189ac363-eed6-432c-a097-916945c2ee0c: shutdown FollowerState
2019-09-17 21:33:14,660 [grpc-default-executor-0] INFO  impl.RoleInfo (RoleInfo.java:updateAndGet(143)) - 189ac363-eed6-432c-a097-916945c2ee0c: start FollowerState
2019-09-17 21:33:14,661 [Thread-278] INFO  impl.FollowerState (FollowerState.java:run(115)) - 189ac363-eed6-432c-a097-916945c2ee0c: FollowerState was interrupted: java.lang.InterruptedException: sleep interrupted
2019-09-17 21:33:14,664 [grpc-default-executor-1] INFO  impl.PendingRequests (PendingRequests.java:sendNotLeaderResponses(202)) - f1b5fe2b-c693-47e4-a0f2-89b9d52b016f-PendingRequests: sendNotLeaderResponses
2019-09-17 21:33:14,664 [org.apache.ratis.server.impl.LogAppender$AppenderDaemon$$Lambda$510/1080007260@19b7ed05] WARN  server.GrpcLogAppender (GrpcLogAppender.java:mayWait(143)) - f1b5fe2b-c693-47e4-a0f2-89b9d52b016f@group-5EA90BD75809->189ac363-eed6-432c-a097-916945c2ee0c-GrpcLogAppender: Wait interrupted by java.lang.InterruptedException
2019-09-17 21:33:14,664 [org.apache.ratis.server.impl.LogAppender$AppenderDaemon$$Lambda$510/1080007260@7f86458a] WARN  server.GrpcLogAppender (GrpcLogAppender.java:mayWait(143)) - f1b5fe2b-c693-47e4-a0f2-89b9d52b016f@group-5EA90BD75809->a460ff93-c08d-4282-b7cc-50bb3dafcd54-GrpcLogAppender: Wait interrupted by java.lang.InterruptedException
2019-09-17 21:33:14,670 [795a677d-7507-47df-8929-b9685b3882d0@group-D9E5C3B55E8F-SegmentedRaftLogWorker] INFO  segmented.SegmentedRaftLogWorker (SegmentedRaftLogWorker.java:execute(569)) - 795a677d-7507-47df-8929-b9685b3882d0@group-D9E5C3B55E8F-SegmentedRaftLogWorker: created new log segment /workdir/hadoop-ozone/integration-test/target/test-dir/MiniOzoneClusterImpl-15065786-c9e2-42e7-bb6c-799e3296fc45/datanode-3/data/ratis/2a1666ee-e0ec-49bc-bc08-d9e5c3b55e8f/current/log_inprogress_0
2019-09-17 21:33:14,670 [f1b5fe2b-c693-47e4-a0f2-89b9d52b016f@group-5EA90BD75809-SegmentedRaftLogWorker] INFO  segmented.SegmentedRaftLogWorker (SegmentedRaftLogWorker.java:execute(569)) - f1b5fe2b-c693-47e4-a0f2-89b9d52b016f@group-5EA90BD75809-SegmentedRaftLogWorker: created new log segment /workdir/hadoop-ozone/integration-test/target/test-dir/MiniOzoneClusterImpl-15065786-c9e2-42e7-bb6c-799e3296fc45/datanode-2/data/ratis/9b4bc173-809c-44d3-9502-5ea90bd75809/current/log_inprogress_0
2019-09-17 21:33:14,670 [grpc-default-executor-1] INFO  impl.RoleInfo (RoleInfo.java:updateAndGet(143)) - f1b5fe2b-c693-47e4-a0f2-89b9d52b016f: start FollowerState
2019-09-17 21:33:14,673 [grpc-default-executor-3] INFO  server.GrpcServerProtocolService (GrpcServerProtocolService.java:onCompleted(113)) - 189ac363-eed6-432c-a097-916945c2ee0c: Completed APPEND_ENTRIES, lastRequest: null
2019-09-17 21:33:14,673 [grpc-default-executor-2] INFO  server.GrpcServerProtocolService (GrpcServerProtocolService.java:onCompleted(113)) - a460ff93-c08d-4282-b7cc-50bb3dafcd54: Completed APPEND_ENTRIES, lastRequest: null
2019-09-17 21:33:14,676 [grpc-default-executor-3] INFO  server.GrpcLogAppender (GrpcLogAppender.java:onCompleted(293)) - f1b5fe2b-c693-47e4-a0f2-89b9d52b016f@group-5EA90BD75809->189ac363-eed6-432c-a097-916945c2ee0c-AppendLogResponseHandler: follower responses appendEntries COMPLETED
2019-09-17 21:33:14,676 [grpc-default-executor-2] INFO  server.GrpcLogAppender (GrpcLogAppender.java:onCompleted(293)) - f1b5fe2b-c693-47e4-a0f2-89b9d52b016f@group-5EA90BD75809->a460ff93-c08d-4282-b7cc-50bb3dafcd54-AppendLogResponseHandler: follower responses appendEntries COMPLETED
2019-09-17 21:33:14,680 [grpc-default-executor-3] INFO  impl.FollowerInfo (FollowerInfo.java:lambda$new$0(51)) - f1b5fe2b-c693-47e4-a0f2-89b9d52b016f@group-5EA90BD75809->189ac363-eed6-432c-a097-916945c2ee0c: nextIndex: updateUnconditionally 0 -> 0
2019-09-17 21:33:14,680 [grpc-default-executor-2] INFO  impl.FollowerInfo (FollowerInfo.java:lambda$new$0(51)) - f1b5fe2b-c693-47e4-a0f2-89b9d52b016f@group-5EA90BD75809->a460ff93-c08d-4282-b7cc-50bb3dafcd54: nextIndex: updateUnconditionally 0 -> 0
2019-09-17 21:33:15,489 [grpc-default-executor-1] INFO  client.GrpcClientProtocolClient (GrpcClientProtocolClient.java:onNext(264)) - client-34D342B2C481->f1b5fe2b-c693-47e4-a0f2-89b9d52b016f: receive RaftClientReply:client-34D342B2C481->f1b5fe2b-c693-47e4-a0f2-89b9d52b016f@group-A60003AD97CE, cid=8, FAILED org.apache.ratis.protocol.NotLeaderException: Server f1b5fe2b-c693-47e4-a0f2-89b9d52b016f@group-A60003AD97CE is not the leader, logIndex=0, commits[f1b5fe2b-c693-47e4-a0f2-89b9d52b016f:c-1]
2019-09-17 21:33:15,819 [ReplicationMonitor] INFO  container.ReplicationManager (ReplicationManager.java:run(225)) - Replication Monitor Thread took 0 milliseconds for processing 1 containers.
2019-09-17 21:33:16,513 [grpc-default-executor-0] INFO  client.GrpcClientProtocolClient (GrpcClientProtocolClient.java:onNext(264)) - client-34D342B2C481->189ac363-eed6-432c-a097-916945c2ee0c: receive RaftClientReply:client-34D342B2C481->189ac363-eed6-432c-a097-916945c2ee0c@group-A60003AD97CE, cid=8, FAILED org.apache.ratis.protocol.NotLeaderException: Server 189ac363-eed6-432c-a097-916945c2ee0c@group-A60003AD97CE is not the leader, logIndex=0, commits[189ac363-eed6-432c-a097-916945c2ee0c:c-1]
2019-09-17 21:33:17,546 [grpc-default-executor-1] INFO  client.GrpcClientProtocolClient (GrpcClientProtocolClient.java:onNext(264)) - client-34D342B2C481->a460ff93-c08d-4282-b7cc-50bb3dafcd54: receive RaftClientReply:client-34D342B2C481->a460ff93-c08d-4282-b7cc-50bb3dafcd54@group-A60003AD97CE, cid=8, FAILED org.apache.ratis.protocol.NotLeaderException: Server a460ff93-c08d-4282-b7cc-50bb3dafcd54@group-A60003AD97CE is not the leader, logIndex=0, commits[a460ff93-c08d-4282-b7cc-50bb3dafcd54:c-1]
2019-09-17 21:33:17,820 [ReplicationMonitor] INFO  container.ReplicationManager (ReplicationManager.java:run(225)) - Replication Monitor Thread took 0 milliseconds for processing 1 containers.
2019-09-17 21:33:18,167 [Thread-266] INFO  impl.FollowerState (FollowerState.java:run(106)) - a460ff93-c08d-4282-b7cc-50bb3dafcd54:group-A60003AD97CE changes to CANDIDATE, lastRpcTime:5032, electionTimeout:5031ms
2019-09-17 21:33:18,168 [Thread-266] INFO  impl.RoleInfo (RoleInfo.java:shutdownFollowerState(121)) - a460ff93-c08d-4282-b7cc-50bb3dafcd54: shutdown FollowerState
2019-09-17 21:33:18,168 [Thread-266] INFO  impl.RaftServerImpl (RaftServerImpl.java:setRole(174)) - a460ff93-c08d-4282-b7cc-50bb3dafcd54@group-A60003AD97CE: changes role from  FOLLOWER to CANDIDATE at term 1 for changeToCandidate
2019-09-17 21:33:18,168 [Thread-266] INFO  impl.RoleInfo (RoleInfo.java:updateAndGet(143)) - a460ff93-c08d-4282-b7cc-50bb3dafcd54: start LeaderElection
2019-09-17 21:33:18,196 [a460ff93-c08d-4282-b7cc-50bb3dafcd54@group-A60003AD97CE:LeaderElection12] INFO  impl.LeaderElection (LeaderElection.java:askForVotes(182)) - a460ff93-c08d-4282-b7cc-50bb3dafcd54@group-A60003AD97CE:LeaderElection12: begin an election at term 2 for -1: [f1b5fe2b-c693-47e4-a0f2-89b9d52b016f:192.168.5.156:34164, a460ff93-c08d-4282-b7cc-50bb3dafcd54:192.168.5.156:42843, 189ac363-eed6-432c-a097-916945c2ee0c:192.168.5.156:39045], old=null
2019-09-17 21:33:18,207 [grpc-default-executor-1] INFO  impl.RaftServerImpl (RaftServerImpl.java:setRole(174)) - 189ac363-eed6-432c-a097-916945c2ee0c@group-A60003AD97CE: changes role from  FOLLOWER to FOLLOWER at term 2 for recognizeCandidate:a460ff93-c08d-4282-b7cc-50bb3dafcd54
2019-09-17 21:33:18,207 [grpc-default-executor-0] INFO  impl.RaftServerImpl (RaftServerImpl.java:setRole(174)) - f1b5fe2b-c693-47e4-a0f2-89b9d52b016f@group-A60003AD97CE: changes role from  FOLLOWER to FOLLOWER at term 2 for recognizeCandidate:a460ff93-c08d-4282-b7cc-50bb3dafcd54
2019-09-17 21:33:18,207 [grpc-default-executor-1] INFO  impl.RoleInfo (RoleInfo.java:shutdownFollowerState(121)) - 189ac363-eed6-432c-a097-916945c2ee0c: shutdown FollowerState
2019-09-17 21:33:18,208 [grpc-default-executor-0] INFO  impl.RoleInfo (RoleInfo.java:shutdownFollowerState(121)) - f1b5fe2b-c693-47e4-a0f2-89b9d52b016f: shutdown FollowerState
2019-09-17 21:33:18,208 [grpc-default-executor-1] INFO  impl.RoleInfo (RoleInfo.java:updateAndGet(143)) - 189ac363-eed6-432c-a097-916945c2ee0c: start FollowerState
2019-09-17 21:33:18,208 [grpc-default-executor-0] INFO  impl.RoleInfo (RoleInfo.java:updateAndGet(143)) - f1b5fe2b-c693-47e4-a0f2-89b9d52b016f: start FollowerState
2019-09-17 21:33:18,208 [Thread-265] INFO  impl.FollowerState (FollowerState.java:run(115)) - 189ac363-eed6-432c-a097-916945c2ee0c: FollowerState was interrupted: java.lang.InterruptedException: sleep interrupted
2019-09-17 21:33:18,208 [Thread-264] INFO  impl.FollowerState (FollowerState.java:run(115)) - f1b5fe2b-c693-47e4-a0f2-89b9d52b016f: FollowerState was interrupted: java.lang.InterruptedException: sleep interrupted
2019-09-17 21:33:18,233 [a460ff93-c08d-4282-b7cc-50bb3dafcd54@group-A60003AD97CE:LeaderElection12] INFO  impl.LeaderElection (LeaderElection.java:logAndReturn(56)) - a460ff93-c08d-4282-b7cc-50bb3dafcd54@group-A60003AD97CE:LeaderElection12: Election PASSED; received 1 response(s) [a460ff93-c08d-4282-b7cc-50bb3dafcd54<-f1b5fe2b-c693-47e4-a0f2-89b9d52b016f#0:OK-t2] and 0 exception(s); a460ff93-c08d-4282-b7cc-50bb3dafcd54@group-A60003AD97CE:t2, leader=null, voted=a460ff93-c08d-4282-b7cc-50bb3dafcd54, raftlog=a460ff93-c08d-4282-b7cc-50bb3dafcd54@group-A60003AD97CE-SegmentedRaftLog:OPENED:c-1,f-1,i0, conf=-1: [f1b5fe2b-c693-47e4-a0f2-89b9d52b016f:192.168.5.156:34164, a460ff93-c08d-4282-b7cc-50bb3dafcd54:192.168.5.156:42843, 189ac363-eed6-432c-a097-916945c2ee0c:192.168.5.156:39045], old=null
2019-09-17 21:33:18,233 [a460ff93-c08d-4282-b7cc-50bb3dafcd54@group-A60003AD97CE:LeaderElection12] INFO  impl.RoleInfo (RoleInfo.java:shutdownLeaderElection(134)) - a460ff93-c08d-4282-b7cc-50bb3dafcd54: shutdown LeaderElection
2019-09-17 21:33:18,235 [a460ff93-c08d-4282-b7cc-50bb3dafcd54@group-A60003AD97CE:LeaderElection12] INFO  impl.RaftServerImpl (RaftServerImpl.java:setRole(174)) - a460ff93-c08d-4282-b7cc-50bb3dafcd54@group-A60003AD97CE: changes role from CANDIDATE to LEADER at term 2 for changeToLeader
2019-09-17 21:33:18,235 [a460ff93-c08d-4282-b7cc-50bb3dafcd54@group-A60003AD97CE:LeaderElection12] INFO  impl.RaftServerImpl (ServerState.java:setLeader(253)) - a460ff93-c08d-4282-b7cc-50bb3dafcd54@group-A60003AD97CE: change Leader from null to a460ff93-c08d-4282-b7cc-50bb3dafcd54 at term 2 for becomeLeader, leader elected after 10266ms
2019-09-17 21:33:18,235 [a460ff93-c08d-4282-b7cc-50bb3dafcd54@group-A60003AD97CE:LeaderElection12] INFO  server.RaftServerConfigKeys (ConfUtils.java:logGet(43)) - raft.server.staging.catchup.gap = 1000 (default)
2019-09-17 21:33:18,236 [a460ff93-c08d-4282-b7cc-50bb3dafcd54@group-A60003AD97CE:LeaderElection12] INFO  server.RaftServerConfigKeys (ConfUtils.java:logGet(43)) - raft.server.rpc.sleep.time = 25ms (default)
2019-09-17 21:33:18,236 [a460ff93-c08d-4282-b7cc-50bb3dafcd54@group-A60003AD97CE:LeaderElection12] INFO  server.RaftServerConfigKeys (ConfUtils.java:logGet(43)) - raft.server.write.element-limit = 4096 (default)
2019-09-17 21:33:18,237 [a460ff93-c08d-4282-b7cc-50bb3dafcd54@group-A60003AD97CE:LeaderElection12] INFO  server.RaftServerConfigKeys (ConfUtils.java:logGet(43)) - raft.server.watch.timeout = 10s (default)
2019-09-17 21:33:18,237 [a460ff93-c08d-4282-b7cc-50bb3dafcd54@group-A60003AD97CE:LeaderElection12] INFO  server.RaftServerConfigKeys (ConfUtils.java:logGet(43)) - raft.server.watch.timeout.denomination = 1s (default)
2019-09-17 21:33:18,237 [a460ff93-c08d-4282-b7cc-50bb3dafcd54@group-A60003AD97CE:LeaderElection12] INFO  server.RaftServerConfigKeys (ConfUtils.java:logGet(43)) - raft.server.watch.element-limit = 65536 (default)
2019-09-17 21:33:18,244 [a460ff93-c08d-4282-b7cc-50bb3dafcd54@group-A60003AD97CE:LeaderElection12] INFO  server.RaftServerConfigKeys (ConfUtils.java:logGet(43)) - raft.server.log.appender.snapshot.chunk.size.max = 16MB (=16777216) (default)
2019-09-17 21:33:18,245 [a460ff93-c08d-4282-b7cc-50bb3dafcd54@group-A60003AD97CE:LeaderElection12] INFO  server.RaftServerConfigKeys (ConfUtils.java:logGet(43)) - raft.server.log.appender.buffer.byte-limit = 33554432 (custom)
2019-09-17 21:33:18,245 [a460ff93-c08d-4282-b7cc-50bb3dafcd54@group-A60003AD97CE:LeaderElection12] INFO  server.RaftServerConfigKeys (ConfUtils.java:logGet(43)) - raft.server.log.appender.buffer.element-limit = 1 (custom)
2019-09-17 21:33:18,246 [a460ff93-c08d-4282-b7cc-50bb3dafcd54@group-A60003AD97CE:LeaderElection12] INFO  grpc.GrpcConfigKeys$Server (ConfUtils.java:logGet(43)) - raft.grpc.server.leader.outstanding.appends.max = 128 (default)
2019-09-17 21:33:18,247 [a460ff93-c08d-4282-b7cc-50bb3dafcd54@group-A60003AD97CE:LeaderElection12] INFO  server.RaftServerConfigKeys (ConfUtils.java:logGet(43)) - raft.server.rpc.request.timeout = 3000ms (default)
2019-09-17 21:33:18,248 [a460ff93-c08d-4282-b7cc-50bb3dafcd54@group-A60003AD97CE:LeaderElection12] INFO  server.RaftServerConfigKeys (ConfUtils.java:logGet(43)) - raft.server.log.appender.install.snapshot.enabled = false (custom)
2019-09-17 21:33:18,248 [a460ff93-c08d-4282-b7cc-50bb3dafcd54@group-A60003AD97CE:LeaderElection12] INFO  server.RaftServerConfigKeys (ConfUtils.java:logGet(43)) - raft.server.log.appender.snapshot.chunk.size.max = 16MB (=16777216) (default)
2019-09-17 21:33:18,248 [a460ff93-c08d-4282-b7cc-50bb3dafcd54@group-A60003AD97CE:LeaderElection12] INFO  server.RaftServerConfigKeys (ConfUtils.java:logGet(43)) - raft.server.log.appender.buffer.byte-limit = 33554432 (custom)
2019-09-17 21:33:18,249 [a460ff93-c08d-4282-b7cc-50bb3dafcd54@group-A60003AD97CE:LeaderElection12] INFO  server.RaftServerConfigKeys (ConfUtils.java:logGet(43)) - raft.server.log.appender.buffer.element-limit = 1 (custom)
2019-09-17 21:33:18,249 [a460ff93-c08d-4282-b7cc-50bb3dafcd54@group-A60003AD97CE:LeaderElection12] INFO  grpc.GrpcConfigKeys$Server (ConfUtils.java:logGet(43)) - raft.grpc.server.leader.outstanding.appends.max = 128 (default)
2019-09-17 21:33:18,249 [a460ff93-c08d-4282-b7cc-50bb3dafcd54@group-A60003AD97CE:LeaderElection12] INFO  server.RaftServerConfigKeys (ConfUtils.java:logGet(43)) - raft.server.rpc.request.timeout = 3000ms (default)
2019-09-17 21:33:18,250 [a460ff93-c08d-4282-b7cc-50bb3dafcd54@group-A60003AD97CE:LeaderElection12] INFO  server.RaftServerConfigKeys (ConfUtils.java:logGet(43)) - raft.server.log.appender.install.snapshot.enabled = false (custom)
2019-09-17 21:33:18,250 [a460ff93-c08d-4282-b7cc-50bb3dafcd54@group-A60003AD97CE:LeaderElection12] INFO  impl.RoleInfo (RoleInfo.java:updateAndGet(143)) - a460ff93-c08d-4282-b7cc-50bb3dafcd54: start LeaderState
2019-09-17 21:33:18,251 [a460ff93-c08d-4282-b7cc-50bb3dafcd54@group-A60003AD97CE:LeaderElection12] INFO  segmented.SegmentedRaftLogWorker (SegmentedRaftLogWorker.java:startLogSegment(380)) - a460ff93-c08d-4282-b7cc-50bb3dafcd54@group-A60003AD97CE-SegmentedRaftLogWorker: Starting segment from index:0
2019-09-17 21:33:18,252 [a460ff93-c08d-4282-b7cc-50bb3dafcd54@group-A60003AD97CE:LeaderElection12] INFO  impl.RaftServerImpl (ServerState.java:setRaftConf(354)) - a460ff93-c08d-4282-b7cc-50bb3dafcd54@group-A60003AD97CE: set configuration 0: [f1b5fe2b-c693-47e4-a0f2-89b9d52b016f:192.168.5.156:34164, a460ff93-c08d-4282-b7cc-50bb3dafcd54:192.168.5.156:42843, 189ac363-eed6-432c-a097-916945c2ee0c:192.168.5.156:39045], old=null at 0
2019-09-17 21:33:18,296 [grpc-default-executor-0] INFO  impl.RaftServerImpl (ServerState.java:setLeader(253)) - 189ac363-eed6-432c-a097-916945c2ee0c@group-A60003AD97CE: change Leader from null to a460ff93-c08d-4282-b7cc-50bb3dafcd54 at term 2 for appendEntries, leader elected after 10298ms
2019-09-17 21:33:18,296 [grpc-default-executor-1] INFO  impl.RaftServerImpl (ServerState.java:setLeader(253)) - f1b5fe2b-c693-47e4-a0f2-89b9d52b016f@group-A60003AD97CE: change Leader from null to a460ff93-c08d-4282-b7cc-50bb3dafcd54 at term 2 for appendEntries, leader elected after 10327ms
2019-09-17 21:33:18,306 [a460ff93-c08d-4282-b7cc-50bb3dafcd54@group-A60003AD97CE-SegmentedRaftLogWorker] INFO  segmented.SegmentedRaftLogWorker (SegmentedRaftLogWorker.java:execute(569)) - a460ff93-c08d-4282-b7cc-50bb3dafcd54@group-A60003AD97CE-SegmentedRaftLogWorker: created new log segment /workdir/hadoop-ozone/integration-test/target/test-dir/MiniOzoneClusterImpl-15065786-c9e2-42e7-bb6c-799e3296fc45/datanode-0/data/ratis/a5fc6b75-2be3-45e3-a5a5-a60003ad97ce/current/log_inprogress_0
2019-09-17 21:33:18,333 [grpc-default-executor-1] INFO  impl.RaftServerImpl (ServerState.java:setRaftConf(354)) - 189ac363-eed6-432c-a097-916945c2ee0c@group-A60003AD97CE: set configuration 0: [f1b5fe2b-c693-47e4-a0f2-89b9d52b016f:192.168.5.156:34164, a460ff93-c08d-4282-b7cc-50bb3dafcd54:192.168.5.156:42843, 189ac363-eed6-432c-a097-916945c2ee0c:192.168.5.156:39045], old=null at 0
2019-09-17 21:33:18,333 [grpc-default-executor-0] INFO  impl.RaftServerImpl (ServerState.java:setRaftConf(354)) - f1b5fe2b-c693-47e4-a0f2-89b9d52b016f@group-A60003AD97CE: set configuration 0: [f1b5fe2b-c693-47e4-a0f2-89b9d52b016f:192.168.5.156:34164, a460ff93-c08d-4282-b7cc-50bb3dafcd54:192.168.5.156:42843, 189ac363-eed6-432c-a097-916945c2ee0c:192.168.5.156:39045], old=null at 0
2019-09-17 21:33:18,333 [grpc-default-executor-1] INFO  segmented.SegmentedRaftLogWorker (SegmentedRaftLogWorker.java:startLogSegment(380)) - 189ac363-eed6-432c-a097-916945c2ee0c@group-A60003AD97CE-SegmentedRaftLogWorker: Starting segment from index:0
2019-09-17 21:33:18,333 [grpc-default-executor-0] INFO  segmented.SegmentedRaftLogWorker (SegmentedRaftLogWorker.java:startLogSegment(380)) - f1b5fe2b-c693-47e4-a0f2-89b9d52b016f@group-A60003AD97CE-SegmentedRaftLogWorker: Starting segment from index:0
2019-09-17 21:33:18,382 [189ac363-eed6-432c-a097-916945c2ee0c@group-A60003AD97CE-SegmentedRaftLogWorker] INFO  segmented.SegmentedRaftLogWorker (SegmentedRaftLogWorker.java:execute(569)) - 189ac363-eed6-432c-a097-916945c2ee0c@group-A60003AD97CE-SegmentedRaftLogWorker: created new log segment /workdir/hadoop-ozone/integration-test/target/test-dir/MiniOzoneClusterImpl-15065786-c9e2-42e7-bb6c-799e3296fc45/datanode-1/data/ratis/a5fc6b75-2be3-45e3-a5a5-a60003ad97ce/current/log_inprogress_0
2019-09-17 21:33:18,382 [f1b5fe2b-c693-47e4-a0f2-89b9d52b016f@group-A60003AD97CE-SegmentedRaftLogWorker] INFO  segmented.SegmentedRaftLogWorker (SegmentedRaftLogWorker.java:execute(569)) - f1b5fe2b-c693-47e4-a0f2-89b9d52b016f@group-A60003AD97CE-SegmentedRaftLogWorker: created new log segment /workdir/hadoop-ozone/integration-test/target/test-dir/MiniOzoneClusterImpl-15065786-c9e2-42e7-bb6c-799e3296fc45/datanode-2/data/ratis/a5fc6b75-2be3-45e3-a5a5-a60003ad97ce/current/log_inprogress_0
2019-09-17 21:33:18,572 [grpc-default-executor-0] INFO  client.GrpcClientProtocolClient (GrpcClientProtocolClient.java:onNext(264)) - client-34D342B2C481->f1b5fe2b-c693-47e4-a0f2-89b9d52b016f: receive RaftClientReply:client-34D342B2C481->f1b5fe2b-c693-47e4-a0f2-89b9d52b016f@group-A60003AD97CE, cid=8, FAILED org.apache.ratis.protocol.NotLeaderException: Server f1b5fe2b-c693-47e4-a0f2-89b9d52b016f@group-A60003AD97CE is not the leader a460ff93-c08d-4282-b7cc-50bb3dafcd54:192.168.5.156:42843, logIndex=0, commits[f1b5fe2b-c693-47e4-a0f2-89b9d52b016f:c0, a460ff93-c08d-4282-b7cc-50bb3dafcd54:c0, 189ac363-eed6-432c-a097-916945c2ee0c:c-1]
2019-09-17 21:33:19,011 [grpc-default-executor-0] INFO  client.GrpcClientProtocolClient (GrpcClientProtocolClient.java:onNext(264)) - client-34D342B2C481->a460ff93-c08d-4282-b7cc-50bb3dafcd54: receive RaftClientReply:client-34D342B2C481->a460ff93-c08d-4282-b7cc-50bb3dafcd54@group-A60003AD97CE, cid=8, SUCCESS, logIndex=1, commits[a460ff93-c08d-4282-b7cc-50bb3dafcd54:c2, f1b5fe2b-c693-47e4-a0f2-89b9d52b016f:c1, 189ac363-eed6-432c-a097-916945c2ee0c:c1]
2019-09-17 21:33:19,201 [grpc-default-executor-0] INFO  client.GrpcClientProtocolClient (GrpcClientProtocolClient.java:onNext(264)) - client-34D342B2C481->a460ff93-c08d-4282-b7cc-50bb3dafcd54: receive RaftClientReply:client-34D342B2C481->a460ff93-c08d-4282-b7cc-50bb3dafcd54@group-A60003AD97CE, cid=10, SUCCESS, logIndex=3, commits[a460ff93-c08d-4282-b7cc-50bb3dafcd54:c4, f1b5fe2b-c693-47e4-a0f2-89b9d52b016f:c3, 189ac363-eed6-432c-a097-916945c2ee0c:c3]
2019-09-17 21:33:19,235 [main] ERROR container.ContainerStateManager (ContainerStateManager.java:updateContainerState(335)) - Failed to update container state #1, reason: invalid state transition from state: CLOSING upon event: FINALIZE.
]]></system-out>
    <system-err><![CDATA[ERROR StatusLogger No Log4j 2 configuration file found. Using default configuration (logging only errors to the console), or user programmatically provided configurations. Set system property 'log4j2.debug' to show Log4j 2 internal initialization logging. See https://logging.apache.org/log4j/2.x/manual/configuration.html for instructions on how to configure Log4j 2
]]></system-err>
  </testcase>
</testsuite>